<?xml version="1.0" encoding="UTF-8"?>
<testsuite xmlns:xsi="http://www.w3.org/2001/XMLSchema-instance" xsi:noNamespaceSchemaLocation="https://maven.apache.org/surefire/maven-surefire-plugin/xsd/surefire-test-report.xsd" name="org.apache.hadoop.ozone.om.TestOzoneManagerPrepare" time="265.145" tests="6" errors="1" skipped="1" failures="0">
  <properties>
    <property name="awt.toolkit" value="sun.awt.X11.XToolkit"/>
    <property name="file.encoding.pkg" value="sun.io"/>
    <property name="java.specification.version" value="1.8"/>
    <property name="sun.cpu.isalist" value=""/>
    <property name="sun.jnu.encoding" value="UTF-8"/>
    <property name="java.class.path" value="/home/runner/work/ozone/ozone/hadoop-ozone/integration-test/target/test-classes:/home/runner/work/ozone/ozone/hadoop-ozone/integration-test/target/classes:/home/runner/.m2/repository/org/apache/ozone/ozone-common/1.3.0-SNAPSHOT/ozone-common-1.3.0-SNAPSHOT.jar:/home/runner/.m2/repository/org/apache/commons/commons-compress/1.21/commons-compress-1.21.jar:/home/runner/.m2/repository/org/apache/ozone/hdds-common/1.3.0-SNAPSHOT/hdds-common-1.3.0-SNAPSHOT.jar:/home/runner/.m2/repository/org/apache/ozone/hdds-client/1.3.0-SNAPSHOT/hdds-client-1.3.0-SNAPSHOT.jar:/home/runner/.m2/repository/org/apache/ozone/ozone-interface-client/1.3.0-SNAPSHOT/ozone-interface-client-1.3.0-SNAPSHOT.jar:/home/runner/.m2/repository/org/apache/ozone/hdds-test-utils/1.3.0-SNAPSHOT/hdds-test-utils-1.3.0-SNAPSHOT.jar:/home/runner/.m2/repository/com/google/guava/guava/30.1.1-jre/guava-30.1.1-jre.jar:/home/runner/.m2/repository/com/google/guava/failureaccess/1.0.1/failureaccess-1.0.1.jar:/home/runner/.m2/repository/com/google/guava/listenablefuture/9999.0-empty-to-avoid-conflict-with-guava/listenablefuture-9999.0-empty-to-avoid-conflict-with-guava.jar:/home/runner/.m2/repository/com/google/code/findbugs/jsr305/3.0.0/jsr305-3.0.0.jar:/home/runner/.m2/repository/org/checkerframework/checker-qual/3.8.0/checker-qual-3.8.0.jar:/home/runner/.m2/repository/com/google/errorprone/error_prone_annotations/2.2.0/error_prone_annotations-2.2.0.jar:/home/runner/.m2/repository/com/google/j2objc/j2objc-annotations/1.3/j2objc-annotations-1.3.jar:/home/runner/.m2/repository/commons-io/commons-io/2.11.0/commons-io-2.11.0.jar:/home/runner/.m2/repository/commons-logging/commons-logging/1.2/commons-logging-1.2.jar:/home/runner/.m2/repository/log4j/log4j/1.2.17/log4j-1.2.17.jar:/home/runner/.m2/repository/org/slf4j/slf4j-api/1.7.30/slf4j-api-1.7.30.jar:/home/runner/.m2/repository/org/apache/ozone/hdds-server-scm/1.3.0-SNAPSHOT/hdds-server-scm-1.3.0-SNAPSHOT.jar:/home/runner/.m2/repository/org/apache/ozone/hdds-container-service/1.3.0-SNAPSHOT/hdds-container-service-1.3.0-SNAPSHOT.jar:/home/runner/.m2/repository/org/apache/ozone/hdds-hadoop-dependency-server/1.3.0-SNAPSHOT/hdds-hadoop-dependency-server-1.3.0-SNAPSHOT.jar:/home/runner/.m2/repository/org/apache/hadoop/hadoop-hdfs/3.3.1/hadoop-hdfs-3.3.1.jar:/home/runner/.m2/repository/org/apache/ozone/hdds-server-framework/1.3.0-SNAPSHOT/hdds-server-framework-1.3.0-SNAPSHOT.jar:/home/runner/.m2/repository/org/apache/ozone/hdds-interface-server/1.3.0-SNAPSHOT/hdds-interface-server-1.3.0-SNAPSHOT.jar:/home/runner/.m2/repository/org/eclipse/jetty/jetty-servlet/9.4.43.v20210629/jetty-servlet-9.4.43.v20210629.jar:/home/runner/.m2/repository/org/eclipse/jetty/jetty-security/9.4.43.v20210629/jetty-security-9.4.43.v20210629.jar:/home/runner/.m2/repository/org/rocksdb/rocksdbjni/6.25.3/rocksdbjni-6.25.3.jar:/home/runner/.m2/repository/io/prometheus/simpleclient_dropwizard/0.7.0/simpleclient_dropwizard-0.7.0.jar:/home/runner/.m2/repository/io/prometheus/simpleclient/0.7.0/simpleclient-0.7.0.jar:/home/runner/.m2/repository/io/prometheus/simpleclient_common/0.7.0/simpleclient_common-0.7.0.jar:/home/runner/.m2/repository/com/fasterxml/jackson/datatype/jackson-datatype-jsr310/2.12.1/jackson-datatype-jsr310-2.12.1.jar:/home/runner/.m2/repository/io/dropwizard/metrics/metrics-core/3.2.4/metrics-core-3.2.4.jar:/home/runner/.m2/repository/org/apache/hadoop/hadoop-hdfs-client/3.3.1/hadoop-hdfs-client-3.3.1.jar:/home/runner/.m2/repository/org/bouncycastle/bcprov-jdk15on/1.67/bcprov-jdk15on-1.67.jar:/home/runner/.m2/repository/com/google/protobuf/protobuf-java/2.5.0/protobuf-java-2.5.0.jar:/home/runner/.m2/repository/org/apache/ozone/ozone-manager/1.3.0-SNAPSHOT/ozone-manager-1.3.0-SNAPSHOT.jar:/home/runner/.m2/repository/org/aspectj/aspectjrt/1.9.7/aspectjrt-1.9.7.jar:/home/runner/.m2/repository/org/aspectj/aspectjweaver/1.9.7/aspectjweaver-1.9.7.jar:/home/runner/.m2/repository/org/apache/ozone/hdds-interface-client/1.3.0-SNAPSHOT/hdds-interface-client-1.3.0-SNAPSHOT.jar:/home/runner/.m2/repository/org/apache/hadoop/thirdparty/hadoop-shaded-protobuf_3_7/1.1.1/hadoop-shaded-protobuf_3_7-1.1.1.jar:/home/runner/.m2/repository/org/apache/ozone/ozone-interface-storage/1.3.0-SNAPSHOT/ozone-interface-storage-1.3.0-SNAPSHOT.jar:/home/runner/.m2/repository/org/reflections/reflections/0.9.11/reflections-0.9.11.jar:/home/runner/.m2/repository/org/apache/hadoop/hadoop-minikdc/3.3.1/hadoop-minikdc-3.3.1.jar:/home/runner/.m2/repository/org/apache/kerby/kerb-simplekdc/1.0.1/kerb-simplekdc-1.0.1.jar:/home/runner/.m2/repository/org/apache/kerby/kerb-client/1.0.1/kerb-client-1.0.1.jar:/home/runner/.m2/repository/org/apache/kerby/kerby-config/1.0.1/kerby-config-1.0.1.jar:/home/runner/.m2/repository/org/apache/kerby/kerb-common/1.0.1/kerb-common-1.0.1.jar:/home/runner/.m2/repository/org/apache/kerby/kerb-crypto/1.0.1/kerb-crypto-1.0.1.jar:/home/runner/.m2/repository/org/apache/kerby/kerb-util/1.0.1/kerb-util-1.0.1.jar:/home/runner/.m2/repository/org/apache/kerby/token-provider/1.0.1/token-provider-1.0.1.jar:/home/runner/.m2/repository/org/apache/kerby/kerb-admin/1.0.1/kerb-admin-1.0.1.jar:/home/runner/.m2/repository/org/apache/kerby/kerb-server/1.0.1/kerb-server-1.0.1.jar:/home/runner/.m2/repository/org/apache/kerby/kerb-identity/1.0.1/kerb-identity-1.0.1.jar:/home/runner/.m2/repository/org/apache/kerby/kerby-xdr/1.0.1/kerby-xdr-1.0.1.jar:/home/runner/.m2/repository/org/slf4j/slf4j-log4j12/1.7.30/slf4j-log4j12-1.7.30.jar:/home/runner/.m2/repository/org/apache/ozone/ozone-s3gateway/1.3.0-SNAPSHOT/ozone-s3gateway-1.3.0-SNAPSHOT.jar:/home/runner/.m2/repository/org/javassist/javassist/3.21.0-GA/javassist-3.21.0-GA.jar:/home/runner/.m2/repository/org/jboss/weld/servlet/weld-servlet/2.4.7.Final/weld-servlet-2.4.7.Final.jar:/home/runner/.m2/repository/org/glassfish/jersey/containers/jersey-container-servlet-core/2.33/jersey-container-servlet-core-2.33.jar:/home/runner/.m2/repository/org/glassfish/hk2/external/jakarta.inject/2.6.1/jakarta.inject-2.6.1.jar:/home/runner/.m2/repository/org/glassfish/jersey/core/jersey-common/2.33/jersey-common-2.33.jar:/home/runner/.m2/repository/jakarta/ws/rs/jakarta.ws.rs-api/2.1.6/jakarta.ws.rs-api-2.1.6.jar:/home/runner/.m2/repository/org/glassfish/jersey/ext/cdi/jersey-cdi1x/2.33/jersey-cdi1x-2.33.jar:/home/runner/.m2/repository/org/glassfish/jersey/inject/jersey-hk2/2.33/jersey-hk2-2.33.jar:/home/runner/.m2/repository/org/glassfish/hk2/hk2-locator/2.6.1/hk2-locator-2.6.1.jar:/home/runner/.m2/repository/org/glassfish/jersey/media/jersey-media-jaxb/2.33/jersey-media-jaxb-2.33.jar:/home/runner/.m2/repository/org/glassfish/hk2/osgi-resource-locator/1.0.3/osgi-resource-locator-1.0.3.jar:/home/runner/.m2/repository/org/glassfish/hk2/hk2-api/2.5.0/hk2-api-2.5.0.jar:/home/runner/.m2/repository/org/glassfish/hk2/hk2-utils/2.5.0/hk2-utils-2.5.0.jar:/home/runner/.m2/repository/org/glassfish/hk2/external/aopalliance-repackaged/2.5.0/aopalliance-repackaged-2.5.0.jar:/home/runner/.m2/repository/com/fasterxml/jackson/dataformat/jackson-dataformat-xml/2.12.1/jackson-dataformat-xml-2.12.1.jar:/home/runner/.m2/repository/com/fasterxml/jackson/core/jackson-core/2.12.1/jackson-core-2.12.1.jar:/home/runner/.m2/repository/com/fasterxml/jackson/module/jackson-module-jaxb-annotations/2.12.1/jackson-module-jaxb-annotations-2.12.1.jar:/home/runner/.m2/repository/jakarta/xml/bind/jakarta.xml.bind-api/2.3.2/jakarta.xml.bind-api-2.3.2.jar:/home/runner/.m2/repository/org/codehaus/woodstox/stax2-api/3.1.4/stax2-api-3.1.4.jar:/home/runner/.m2/repository/com/fasterxml/woodstox/woodstox-core/5.0.3/woodstox-core-5.0.3.jar:/home/runner/.m2/repository/javax/enterprise/cdi-api/1.2/cdi-api-1.2.jar:/home/runner/.m2/repository/javax/el/javax.el-api/3.0.0/javax.el-api-3.0.0.jar:/home/runner/.m2/repository/javax/interceptor/javax.interceptor-api/1.2/javax.interceptor-api-1.2.jar:/home/runner/.m2/repository/javax/inject/javax.inject/1/javax.inject-1.jar:/home/runner/.m2/repository/javax/xml/bind/jaxb-api/2.3.0/jaxb-api-2.3.0.jar:/home/runner/.m2/repository/org/glassfish/jaxb/jaxb-runtime/2.3.0.1/jaxb-runtime-2.3.0.1.jar:/home/runner/.m2/repository/org/glassfish/jaxb/jaxb-core/2.3.0.1/jaxb-core-2.3.0.1.jar:/home/runner/.m2/repository/org/glassfish/jaxb/txw2/2.3.0.1/txw2-2.3.0.1.jar:/home/runner/.m2/repository/com/sun/istack/istack-commons-runtime/3.0.5/istack-commons-runtime-3.0.5.jar:/home/runner/.m2/repository/org/jvnet/staxex/stax-ex/1.7.8/stax-ex-1.7.8.jar:/home/runner/.m2/repository/com/sun/xml/fastinfoset/FastInfoset/1.2.13/FastInfoset-1.2.13.jar:/home/runner/.m2/repository/javax/activation/activation/1.1.1/activation-1.1.1.jar:/home/runner/.m2/repository/org/apache/ozone/ozone-csi/1.3.0-SNAPSHOT/ozone-csi-1.3.0-SNAPSHOT.jar:/home/runner/.m2/repository/com/google/protobuf/protobuf-java-util/3.12.0/protobuf-java-util-3.12.0.jar:/home/runner/.m2/repository/com/google/code/gson/gson/2.2.4/gson-2.2.4.jar:/home/runner/.m2/repository/org/apache/ozone/hdds-config/1.3.0-SNAPSHOT/hdds-config-1.3.0-SNAPSHOT.jar:/home/runner/.m2/repository/io/grpc/grpc-netty/1.33.0/grpc-netty-1.33.0.jar:/home/runner/.m2/repository/io/grpc/grpc-core/1.33.0/grpc-core-1.33.0.jar:/home/runner/.m2/repository/com/google/android/annotations/4.1.1.4/annotations-4.1.1.4.jar:/home/runner/.m2/repository/io/netty/netty-codec-http2/4.1.63.Final/netty-codec-http2-4.1.63.Final.jar:/home/runner/.m2/repository/io/netty/netty-codec-http/4.1.63.Final/netty-codec-http-4.1.63.Final.jar:/home/runner/.m2/repository/io/netty/netty-handler-proxy/4.1.63.Final/netty-handler-proxy-4.1.63.Final.jar:/home/runner/.m2/repository/io/netty/netty-codec-socks/4.1.63.Final/netty-codec-socks-4.1.63.Final.jar:/home/runner/.m2/repository/io/perfmark/perfmark-api/0.19.0/perfmark-api-0.19.0.jar:/home/runner/.m2/repository/org/codehaus/mojo/animal-sniffer-annotations/1.18/animal-sniffer-annotations-1.18.jar:/home/runner/.m2/repository/io/netty/netty-transport-native-epoll/4.1.63.Final/netty-transport-native-epoll-4.1.63.Final.jar:/home/runner/.m2/repository/io/netty/netty-common/4.1.63.Final/netty-common-4.1.63.Final.jar:/home/runner/.m2/repository/io/netty/netty-buffer/4.1.63.Final/netty-buffer-4.1.63.Final.jar:/home/runner/.m2/repository/io/netty/netty-transport-native-unix-common/4.1.63.Final/netty-transport-native-unix-common-4.1.63.Final.jar:/home/runner/.m2/repository/io/grpc/grpc-protobuf/1.33.0/grpc-protobuf-1.33.0.jar:/home/runner/.m2/repository/io/grpc/grpc-api/1.33.0/grpc-api-1.33.0.jar:/home/runner/.m2/repository/io/grpc/grpc-context/1.33.0/grpc-context-1.33.0.jar:/home/runner/.m2/repository/com/google/api/grpc/proto-google-common-protos/1.17.0/proto-google-common-protos-1.17.0.jar:/home/runner/.m2/repository/io/grpc/grpc-protobuf-lite/1.33.0/grpc-protobuf-lite-1.33.0.jar:/home/runner/.m2/repository/io/grpc/grpc-stub/1.33.0/grpc-stub-1.33.0.jar:/home/runner/.m2/repository/org/apache/ozone/ozone-recon/1.3.0-SNAPSHOT/ozone-recon-1.3.0-SNAPSHOT.jar:/home/runner/.m2/repository/org/apache/ozone/ozone-reconcodegen/1.3.0-SNAPSHOT/ozone-reconcodegen-1.3.0-SNAPSHOT.jar:/home/runner/.m2/repository/com/google/inject/extensions/guice-multibindings/4.0/guice-multibindings-4.0.jar:/home/runner/.m2/repository/com/google/inject/guice/4.0/guice-4.0.jar:/home/runner/.m2/repository/aopalliance/aopalliance/1.0/aopalliance-1.0.jar:/home/runner/.m2/repository/com/google/inject/extensions/guice-assistedinject/4.0/guice-assistedinject-4.0.jar:/home/runner/.m2/repository/com/google/inject/extensions/guice-servlet/4.0/guice-servlet-4.0.jar:/home/runner/.m2/repository/org/glassfish/jersey/containers/jersey-container-servlet/2.33/jersey-container-servlet-2.33.jar:/home/runner/.m2/repository/org/glassfish/hk2/guice-bridge/2.5.0/guice-bridge-2.5.0.jar:/home/runner/.m2/repository/org/glassfish/jersey/core/jersey-server/2.33/jersey-server-2.33.jar:/home/runner/.m2/repository/org/glassfish/jersey/core/jersey-client/2.33/jersey-client-2.33.jar:/home/runner/.m2/repository/jakarta/annotation/jakarta.annotation-api/1.3.5/jakarta.annotation-api-1.3.5.jar:/home/runner/.m2/repository/jakarta/validation/jakarta.validation-api/2.0.2/jakarta.validation-api-2.0.2.jar:/home/runner/.m2/repository/org/glassfish/jersey/media/jersey-media-json-jackson/2.33/jersey-media-json-jackson-2.33.jar:/home/runner/.m2/repository/org/glassfish/jersey/ext/jersey-entity-filtering/2.33/jersey-entity-filtering-2.33.jar:/home/runner/.m2/repository/org/jooq/jooq/3.11.10/jooq-3.11.10.jar:/home/runner/.m2/repository/org/jooq/jooq-meta/3.11.10/jooq-meta-3.11.10.jar:/home/runner/.m2/repository/org/jooq/jooq-codegen/3.11.10/jooq-codegen-3.11.10.jar:/home/runner/.m2/repository/com/jolbox/bonecp/0.8.0.RELEASE/bonecp-0.8.0.RELEASE.jar:/home/runner/.m2/repository/org/apache/derby/derby/10.14.2.0/derby-10.14.2.0.jar:/home/runner/.m2/repository/org/xerial/sqlite-jdbc/3.25.2/sqlite-jdbc-3.25.2.jar:/home/runner/.m2/repository/org/springframework/spring-jdbc/5.2.18.RELEASE/spring-jdbc-5.2.18.RELEASE.jar:/home/runner/.m2/repository/org/springframework/spring-beans/5.2.18.RELEASE/spring-beans-5.2.18.RELEASE.jar:/home/runner/.m2/repository/org/springframework/spring-core/5.2.18.RELEASE/spring-core-5.2.18.RELEASE.jar:/home/runner/.m2/repository/org/springframework/spring-jcl/5.2.18.RELEASE/spring-jcl-5.2.18.RELEASE.jar:/home/runner/.m2/repository/org/springframework/spring-tx/5.2.18.RELEASE/spring-tx-5.2.18.RELEASE.jar:/home/runner/.m2/repository/org/apache/ozone/ozone-client/1.3.0-SNAPSHOT/ozone-client-1.3.0-SNAPSHOT.jar:/home/runner/.m2/repository/org/apache/ozone/ozone-filesystem/1.3.0-SNAPSHOT/ozone-filesystem-1.3.0-SNAPSHOT.jar:/home/runner/.m2/repository/org/apache/ozone/ozone-filesystem-common/1.3.0-SNAPSHOT/ozone-filesystem-common-1.3.0-SNAPSHOT.jar:/home/runner/.m2/repository/org/apache/ozone/ozone-tools/1.3.0-SNAPSHOT/ozone-tools-1.3.0-SNAPSHOT.jar:/home/runner/.m2/repository/org/apache/ratis/ratis-tools/2.2.0/ratis-tools-2.2.0.jar:/home/runner/.m2/repository/com/amazonaws/aws-java-sdk-core/1.12.124/aws-java-sdk-core-1.12.124.jar:/home/runner/.m2/repository/org/apache/httpcomponents/httpclient/4.5.13/httpclient-4.5.13.jar:/home/runner/.m2/repository/org/apache/httpcomponents/httpcore/4.4.13/httpcore-4.4.13.jar:/home/runner/.m2/repository/software/amazon/ion/ion-java/1.0.2/ion-java-1.0.2.jar:/home/runner/.m2/repository/com/fasterxml/jackson/dataformat/jackson-dataformat-cbor/2.12.1/jackson-dataformat-cbor-2.12.1.jar:/home/runner/.m2/repository/joda-time/joda-time/2.8.1/joda-time-2.8.1.jar:/home/runner/.m2/repository/com/amazonaws/aws-java-sdk-s3/1.12.124/aws-java-sdk-s3-1.12.124.jar:/home/runner/.m2/repository/com/amazonaws/aws-java-sdk-kms/1.12.124/aws-java-sdk-kms-1.12.124.jar:/home/runner/.m2/repository/com/amazonaws/jmespath-java/1.12.124/jmespath-java-1.12.124.jar:/home/runner/.m2/repository/org/kohsuke/metainf-services/metainf-services/1.8/metainf-services-1.8.jar:/home/runner/.m2/repository/org/apache/ozone/hdds-tools/1.3.0-SNAPSHOT/hdds-tools-1.3.0-SNAPSHOT.jar:/home/runner/.m2/repository/commons-cli/commons-cli/1.2/commons-cli-1.2.jar:/home/runner/.m2/repository/org/apache/commons/commons-lang3/3.7/commons-lang3-3.7.jar:/home/runner/.m2/repository/org/apache/ozone/ozone-manager/1.3.0-SNAPSHOT/ozone-manager-1.3.0-SNAPSHOT-tests.jar:/home/runner/.m2/repository/org/apache/ozone/hdds-common/1.3.0-SNAPSHOT/hdds-common-1.3.0-SNAPSHOT-tests.jar:/home/runner/.m2/repository/org/apache/ozone/hdds-hadoop-dependency-client/1.3.0-SNAPSHOT/hdds-hadoop-dependency-client-1.3.0-SNAPSHOT.jar:/home/runner/.m2/repository/info/picocli/picocli/4.6.1/picocli-4.6.1.jar:/home/runner/.m2/repository/com/fasterxml/jackson/core/jackson-annotations/2.12.1/jackson-annotations-2.12.1.jar:/home/runner/.m2/repository/javax/annotation/javax.annotation-api/1.2/javax.annotation-api-1.2.jar:/home/runner/.m2/repository/org/apache/ratis/ratis-server/2.2.0/ratis-server-2.2.0.jar:/home/runner/.m2/repository/org/apache/ratis/ratis-client/2.2.0/ratis-client-2.2.0.jar:/home/runner/.m2/repository/org/apache/ratis/ratis-server-api/2.2.0/ratis-server-api-2.2.0.jar:/home/runner/.m2/repository/org/apache/ratis/ratis-metrics/2.2.0/ratis-metrics-2.2.0.jar:/home/runner/.m2/repository/org/apache/ratis/ratis-netty/2.2.0/ratis-netty-2.2.0.jar:/home/runner/.m2/repository/org/apache/ratis/ratis-grpc/2.2.0/ratis-grpc-2.2.0.jar:/home/runner/.m2/repository/org/apache/logging/log4j/log4j-api/2.17.1/log4j-api-2.17.1.jar:/home/runner/.m2/repository/org/apache/logging/log4j/log4j-core/2.17.1/log4j-core-2.17.1.jar:/home/runner/.m2/repository/com/lmax/disruptor/3.4.2/disruptor-3.4.2.jar:/home/runner/.m2/repository/org/apache/commons/commons-pool2/2.6.0/commons-pool2-2.6.0.jar:/home/runner/.m2/repository/org/bouncycastle/bcpkix-jdk15on/1.67/bcpkix-jdk15on-1.67.jar:/home/runner/.m2/repository/commons-validator/commons-validator/1.6/commons-validator-1.6.jar:/home/runner/.m2/repository/commons-beanutils/commons-beanutils/1.9.4/commons-beanutils-1.9.4.jar:/home/runner/.m2/repository/commons-digester/commons-digester/1.8.1/commons-digester-1.8.1.jar:/home/runner/.m2/repository/commons-collections/commons-collections/3.2.2/commons-collections-3.2.2.jar:/home/runner/.m2/repository/io/jaegertracing/jaeger-client/1.6.0/jaeger-client-1.6.0.jar:/home/runner/.m2/repository/io/jaegertracing/jaeger-thrift/1.6.0/jaeger-thrift-1.6.0.jar:/home/runner/.m2/repository/org/apache/thrift/libthrift/0.14.1/libthrift-0.14.1.jar:/home/runner/.m2/repository/com/squareup/okhttp3/okhttp/4.9.0/okhttp-4.9.0.jar:/home/runner/.m2/repository/com/squareup/okio/okio/2.8.0/okio-2.8.0.jar:/home/runner/.m2/repository/io/jaegertracing/jaeger-core/1.6.0/jaeger-core-1.6.0.jar:/home/runner/.m2/repository/io/jaegertracing/jaeger-tracerresolver/1.6.0/jaeger-tracerresolver-1.6.0.jar:/home/runner/.m2/repository/io/opentracing/contrib/opentracing-tracerresolver/0.1.8/opentracing-tracerresolver-0.1.8.jar:/home/runner/.m2/repository/org/jetbrains/kotlin/kotlin-stdlib/1.4.31/kotlin-stdlib-1.4.31.jar:/home/runner/.m2/repository/org/jetbrains/kotlin/kotlin-stdlib-common/1.4.31/kotlin-stdlib-common-1.4.31.jar:/home/runner/.m2/repository/org/jetbrains/annotations/13.0/annotations-13.0.jar:/home/runner/.m2/repository/io/opentracing/opentracing-util/0.33.0/opentracing-util-0.33.0.jar:/home/runner/.m2/repository/io/opentracing/opentracing-api/0.33.0/opentracing-api-0.33.0.jar:/home/runner/.m2/repository/io/opentracing/opentracing-noop/0.33.0/opentracing-noop-0.33.0.jar:/home/runner/.m2/repository/org/yaml/snakeyaml/1.26/snakeyaml-1.26.jar:/home/runner/.m2/repository/org/apache/ozone/hdds-interface-admin/1.3.0-SNAPSHOT/hdds-interface-admin-1.3.0-SNAPSHOT.jar:/home/runner/.m2/repository/junit/junit/4.13.1/junit-4.13.1.jar:/home/runner/.m2/repository/org/hamcrest/hamcrest-core/1.3/hamcrest-core-1.3.jar:/home/runner/.m2/repository/org/junit/jupiter/junit-jupiter-api/5.7.0/junit-jupiter-api-5.7.0.jar:/home/runner/.m2/repository/org/apiguardian/apiguardian-api/1.1.0/apiguardian-api-1.1.0.jar:/home/runner/.m2/repository/org/opentest4j/opentest4j/1.2.0/opentest4j-1.2.0.jar:/home/runner/.m2/repository/org/junit/platform/junit-platform-commons/1.7.0/junit-platform-commons-1.7.0.jar:/home/runner/.m2/repository/org/junit/jupiter/junit-jupiter-engine/5.7.0/junit-jupiter-engine-5.7.0.jar:/home/runner/.m2/repository/org/junit/platform/junit-platform-engine/1.7.0/junit-platform-engine-1.7.0.jar:/home/runner/.m2/repository/org/junit/vintage/junit-vintage-engine/5.7.0/junit-vintage-engine-5.7.0.jar:/home/runner/.m2/repository/org/junit/platform/junit-platform-launcher/1.7.0/junit-platform-launcher-1.7.0.jar:/home/runner/.m2/repository/org/openjdk/jmh/jmh-core/1.19/jmh-core-1.19.jar:/home/runner/.m2/repository/net/sf/jopt-simple/jopt-simple/4.6/jopt-simple-4.6.jar:/home/runner/.m2/repository/org/apache/commons/commons-math3/3.1.1/commons-math3-3.1.1.jar:/home/runner/.m2/repository/org/openjdk/jmh/jmh-generator-annprocess/1.19/jmh-generator-annprocess-1.19.jar:/home/runner/.m2/repository/org/mockito/mockito-core/2.28.2/mockito-core-2.28.2.jar:/home/runner/.m2/repository/net/bytebuddy/byte-buddy/1.9.10/byte-buddy-1.9.10.jar:/home/runner/.m2/repository/net/bytebuddy/byte-buddy-agent/1.9.10/byte-buddy-agent-1.9.10.jar:/home/runner/.m2/repository/org/objenesis/objenesis/1.0/objenesis-1.0.jar:/home/runner/.m2/repository/org/apache/hadoop/hadoop-kms/3.3.1/hadoop-kms-3.3.1.jar:/home/runner/.m2/repository/org/apache/hadoop/hadoop-auth/3.3.1/hadoop-auth-3.3.1.jar:/home/runner/.m2/repository/com/nimbusds/nimbus-jose-jwt/7.9/nimbus-jose-jwt-7.9.jar:/home/runner/.m2/repository/com/github/stephenc/jcip/jcip-annotations/1.0-1/jcip-annotations-1.0-1.jar:/home/runner/.m2/repository/net/minidev/json-smart/2.3.1/json-smart-2.3.1.jar:/home/runner/.m2/repository/net/minidev/accessors-smart/2.3.1/accessors-smart-2.3.1.jar:/home/runner/.m2/repository/org/ow2/asm/asm/5.0.4/asm-5.0.4.jar:/home/runner/.m2/repository/org/apache/zookeeper/zookeeper/3.5.6/zookeeper-3.5.6.jar:/home/runner/.m2/repository/org/apache/zookeeper/zookeeper-jute/3.5.6/zookeeper-jute-3.5.6.jar:/home/runner/.m2/repository/org/apache/yetus/audience-annotations/0.5.0/audience-annotations-0.5.0.jar:/home/runner/.m2/repository/org/apache/curator/curator-framework/4.2.0/curator-framework-4.2.0.jar:/home/runner/.m2/repository/org/apache/hadoop/thirdparty/hadoop-shaded-guava/1.1.1/hadoop-shaded-guava-1.1.1.jar:/home/runner/.m2/repository/com/sun/jersey/jersey-core/1.19/jersey-core-1.19.jar:/home/runner/.m2/repository/javax/ws/rs/jsr311-api/1.1.1/jsr311-api-1.1.1.jar:/home/runner/.m2/repository/com/sun/jersey/jersey-server/1.19/jersey-server-1.19.jar:/home/runner/.m2/repository/javax/servlet/javax.servlet-api/3.1.0/javax.servlet-api-3.1.0.jar:/home/runner/.m2/repository/org/eclipse/jetty/jetty-server/9.4.43.v20210629/jetty-server-9.4.43.v20210629.jar:/home/runner/.m2/repository/org/eclipse/jetty/jetty-http/9.4.43.v20210629/jetty-http-9.4.43.v20210629.jar:/home/runner/.m2/repository/org/eclipse/jetty/jetty-io/9.4.43.v20210629/jetty-io-9.4.43.v20210629.jar:/home/runner/.m2/repository/org/eclipse/jetty/jetty-webapp/9.4.43.v20210629/jetty-webapp-9.4.43.v20210629.jar:/home/runner/.m2/repository/org/eclipse/jetty/jetty-xml/9.4.43.v20210629/jetty-xml-9.4.43.v20210629.jar:/home/runner/.m2/repository/org/apache/hadoop/hadoop-common/3.3.1/hadoop-common-3.3.1.jar:/home/runner/.m2/repository/commons-net/commons-net/3.6/commons-net-3.6.jar:/home/runner/.m2/repository/jakarta/activation/jakarta.activation-api/1.2.1/jakarta.activation-api-1.2.1.jar:/home/runner/.m2/repository/com/sun/jersey/jersey-servlet/1.19/jersey-servlet-1.19.jar:/home/runner/.m2/repository/com/sun/jersey/jersey-json/1.19/jersey-json-1.19.jar:/home/runner/.m2/repository/org/codehaus/jettison/jettison/1.1/jettison-1.1.jar:/home/runner/.m2/repository/com/sun/xml/bind/jaxb-impl/2.2.3-1/jaxb-impl-2.2.3-1.jar:/home/runner/.m2/repository/org/codehaus/jackson/jackson-jaxrs/1.9.2/jackson-jaxrs-1.9.2.jar:/home/runner/.m2/repository/org/codehaus/jackson/jackson-xc/1.9.2/jackson-xc-1.9.2.jar:/home/runner/.m2/repository/org/apache/commons/commons-configuration2/2.1.1/commons-configuration2-2.1.1.jar:/home/runner/.m2/repository/org/apache/commons/commons-text/1.4/commons-text-1.4.jar:/home/runner/.m2/repository/com/google/re2j/re2j/1.1/re2j-1.1.jar:/home/runner/.m2/repository/com/jcraft/jsch/0.1.54/jsch-0.1.54.jar:/home/runner/.m2/repository/org/apache/curator/curator-client/4.2.0/curator-client-4.2.0.jar:/home/runner/.m2/repository/org/apache/curator/curator-recipes/4.2.0/curator-recipes-4.2.0.jar:/home/runner/.m2/repository/org/apache/kerby/kerb-core/1.0.1/kerb-core-1.0.1.jar:/home/runner/.m2/repository/org/apache/kerby/kerby-pkix/1.0.1/kerby-pkix-1.0.1.jar:/home/runner/.m2/repository/org/apache/kerby/kerby-asn1/1.0.1/kerby-asn1-1.0.1.jar:/home/runner/.m2/repository/org/apache/kerby/kerby-util/1.0.1/kerby-util-1.0.1.jar:/home/runner/.m2/repository/dnsjava/dnsjava/2.1.7/dnsjava-2.1.7.jar:/home/runner/.m2/repository/org/xerial/snappy/snappy-java/1.1.8.2/snappy-java-1.1.8.2.jar:/home/runner/.m2/repository/org/slf4j/jul-to-slf4j/1.7.30/jul-to-slf4j-1.7.30.jar:/home/runner/.m2/repository/org/eclipse/jetty/jetty-util/9.4.43.v20210629/jetty-util-9.4.43.v20210629.jar:/home/runner/.m2/repository/com/fasterxml/jackson/core/jackson-databind/2.12.1/jackson-databind-2.12.1.jar:/home/runner/.m2/repository/org/apache/hadoop/hadoop-kms/3.3.1/hadoop-kms-3.3.1-tests.jar:/home/runner/.m2/repository/org/apache/ozone/hdds-server-scm/1.3.0-SNAPSHOT/hdds-server-scm-1.3.0-SNAPSHOT-tests.jar:/home/runner/.m2/repository/org/apache/ozone/hdds-container-service/1.3.0-SNAPSHOT/hdds-container-service-1.3.0-SNAPSHOT-tests.jar:/home/runner/.m2/repository/commons-codec/commons-codec/1.11/commons-codec-1.11.jar:/home/runner/.m2/repository/io/netty/netty-transport/4.1.63.Final/netty-transport-4.1.63.Final.jar:/home/runner/.m2/repository/io/netty/netty-resolver/4.1.63.Final/netty-resolver-4.1.63.Final.jar:/home/runner/.m2/repository/io/netty/netty-codec/4.1.63.Final/netty-codec-4.1.63.Final.jar:/home/runner/.m2/repository/io/netty/netty-handler/4.1.63.Final/netty-handler-4.1.63.Final.jar:/home/runner/.m2/repository/org/apache/ozone/hdds-hadoop-dependency-test/1.3.0-SNAPSHOT/hdds-hadoop-dependency-test-1.3.0-SNAPSHOT.jar:/home/runner/.m2/repository/org/apache/hadoop/hadoop-common/3.3.1/hadoop-common-3.3.1-tests.jar:/home/runner/.m2/repository/org/assertj/assertj-core/3.12.2/assertj-core-3.12.2.jar:/home/runner/.m2/repository/org/apache/hadoop/hadoop-hdfs/3.3.1/hadoop-hdfs-3.3.1-tests.jar:/home/runner/.m2/repository/org/eclipse/jetty/jetty-util-ajax/9.4.43.v20210629/jetty-util-ajax-9.4.43.v20210629.jar:/home/runner/.m2/repository/commons-daemon/commons-daemon/1.0.13/commons-daemon-1.0.13.jar:/home/runner/.m2/repository/io/netty/netty/3.10.6.Final/netty-3.10.6.Final.jar:/home/runner/.m2/repository/io/netty/netty-all/4.1.63.Final/netty-all-4.1.63.Final.jar:/home/runner/.m2/repository/org/apache/htrace/htrace-core4/4.1.0-incubating/htrace-core4-4.1.0-incubating.jar:/home/runner/.m2/repository/org/fusesource/leveldbjni/leveldbjni-all/1.8/leveldbjni-all-1.8.jar:/home/runner/.m2/repository/org/apache/hadoop/hadoop-distcp/3.3.1/hadoop-distcp-3.3.1.jar:/home/runner/.m2/repository/org/apache/hadoop/hadoop-mapreduce-client-jobclient/3.3.1/hadoop-mapreduce-client-jobclient-3.3.1.jar:/home/runner/.m2/repository/org/apache/hadoop/hadoop-mapreduce-client-common/3.3.1/hadoop-mapreduce-client-common-3.3.1.jar:/home/runner/.m2/repository/org/apache/hadoop/hadoop-yarn-common/3.3.1/hadoop-yarn-common-3.3.1.jar:/home/runner/.m2/repository/org/apache/hadoop/hadoop-yarn-api/3.3.1/hadoop-yarn-api-3.3.1.jar:/home/runner/.m2/repository/com/sun/jersey/jersey-client/1.19/jersey-client-1.19.jar:/home/runner/.m2/repository/com/sun/jersey/contribs/jersey-guice/1.19/jersey-guice-1.19.jar:/home/runner/.m2/repository/com/fasterxml/jackson/jaxrs/jackson-jaxrs-json-provider/2.12.1/jackson-jaxrs-json-provider-2.12.1.jar:/home/runner/.m2/repository/com/fasterxml/jackson/jaxrs/jackson-jaxrs-base/2.12.1/jackson-jaxrs-base-2.12.1.jar:/home/runner/.m2/repository/org/apache/hadoop/hadoop-yarn-client/3.3.1/hadoop-yarn-client-3.3.1.jar:/home/runner/.m2/repository/org/eclipse/jetty/websocket/websocket-client/9.4.40.v20210413/websocket-client-9.4.40.v20210413.jar:/home/runner/.m2/repository/org/eclipse/jetty/jetty-client/9.4.40.v20210413/jetty-client-9.4.40.v20210413.jar:/home/runner/.m2/repository/org/eclipse/jetty/websocket/websocket-common/9.4.40.v20210413/websocket-common-9.4.40.v20210413.jar:/home/runner/.m2/repository/org/eclipse/jetty/websocket/websocket-api/9.4.40.v20210413/websocket-api-9.4.40.v20210413.jar:/home/runner/.m2/repository/org/jline/jline/3.9.0/jline-3.9.0.jar:/home/runner/.m2/repository/org/apache/hadoop/hadoop-mapreduce-client-core/3.3.1/hadoop-mapreduce-client-core-3.3.1.jar:/home/runner/.m2/repository/org/apache/avro/avro/1.7.7/avro-1.7.7.jar:/home/runner/.m2/repository/org/codehaus/jackson/jackson-core-asl/1.9.13/jackson-core-asl-1.9.13.jar:/home/runner/.m2/repository/org/codehaus/jackson/jackson-mapper-asl/1.9.13/jackson-mapper-asl-1.9.13.jar:/home/runner/.m2/repository/com/thoughtworks/paranamer/paranamer/2.3/paranamer-2.3.jar:/home/runner/.m2/repository/org/apache/hadoop/hadoop-annotations/3.3.1/hadoop-annotations-3.3.1.jar:/usr/lib/jvm/adoptopenjdk-8-hotspot-amd64/jre/../lib/tools.jar:/home/runner/.m2/repository/org/apache/hadoop/hadoop-distcp/3.3.1/hadoop-distcp-3.3.1-tests.jar:/home/runner/.m2/repository/org/apache/ratis/ratis-common/2.2.0/ratis-common-2.2.0.jar:/home/runner/.m2/repository/org/apache/ratis/ratis-thirdparty-misc/0.7.0/ratis-thirdparty-misc-0.7.0.jar:/home/runner/.m2/repository/org/apache/ratis/ratis-proto/2.2.0/ratis-proto-2.2.0.jar:"/>
    <property name="java.vm.vendor" value="AdoptOpenJDK"/>
    <property name="sun.arch.data.model" value="64"/>
    <property name="test.build.dir" value="/home/runner/work/ozone/ozone/hadoop-ozone/integration-test/target/test-dir"/>
    <property name="test.cache.data" value=""/>
    <property name="java.vendor.url" value="https://adoptopenjdk.net/"/>
    <property name="user.timezone" value=""/>
    <property name="java.vm.specification.version" value="1.8"/>
    <property name="os.name" value="Linux"/>
    <property name="test.build.data" value="/home/runner/work/ozone/ozone/hadoop-ozone/integration-test/target/test-dir"/>
    <property name="sun.java.launcher" value="SUN_STANDARD"/>
    <property name="sun.boot.library.path" value="/usr/lib/jvm/adoptopenjdk-8-hotspot-amd64/jre/lib/amd64"/>
    <property name="sun.java.command" value="/home/runner/work/ozone/ozone/hadoop-ozone/integration-test/target/surefire/surefirebooter4243850336195725701.jar /home/runner/work/ozone/ozone/hadoop-ozone/integration-test/target/surefire 2022-01-06T12-50-24_490-jvmRun1 surefire8534592259467391082tmp surefire_778280372374132161266tmp"/>
    <property name="surefire.test.class.path" value="/home/runner/work/ozone/ozone/hadoop-ozone/integration-test/target/test-classes:/home/runner/work/ozone/ozone/hadoop-ozone/integration-test/target/classes:/home/runner/.m2/repository/org/apache/ozone/ozone-common/1.3.0-SNAPSHOT/ozone-common-1.3.0-SNAPSHOT.jar:/home/runner/.m2/repository/org/apache/commons/commons-compress/1.21/commons-compress-1.21.jar:/home/runner/.m2/repository/org/apache/ozone/hdds-common/1.3.0-SNAPSHOT/hdds-common-1.3.0-SNAPSHOT.jar:/home/runner/.m2/repository/org/apache/ozone/hdds-client/1.3.0-SNAPSHOT/hdds-client-1.3.0-SNAPSHOT.jar:/home/runner/.m2/repository/org/apache/ozone/ozone-interface-client/1.3.0-SNAPSHOT/ozone-interface-client-1.3.0-SNAPSHOT.jar:/home/runner/.m2/repository/org/apache/ozone/hdds-test-utils/1.3.0-SNAPSHOT/hdds-test-utils-1.3.0-SNAPSHOT.jar:/home/runner/.m2/repository/com/google/guava/guava/30.1.1-jre/guava-30.1.1-jre.jar:/home/runner/.m2/repository/com/google/guava/failureaccess/1.0.1/failureaccess-1.0.1.jar:/home/runner/.m2/repository/com/google/guava/listenablefuture/9999.0-empty-to-avoid-conflict-with-guava/listenablefuture-9999.0-empty-to-avoid-conflict-with-guava.jar:/home/runner/.m2/repository/com/google/code/findbugs/jsr305/3.0.0/jsr305-3.0.0.jar:/home/runner/.m2/repository/org/checkerframework/checker-qual/3.8.0/checker-qual-3.8.0.jar:/home/runner/.m2/repository/com/google/errorprone/error_prone_annotations/2.2.0/error_prone_annotations-2.2.0.jar:/home/runner/.m2/repository/com/google/j2objc/j2objc-annotations/1.3/j2objc-annotations-1.3.jar:/home/runner/.m2/repository/commons-io/commons-io/2.11.0/commons-io-2.11.0.jar:/home/runner/.m2/repository/commons-logging/commons-logging/1.2/commons-logging-1.2.jar:/home/runner/.m2/repository/log4j/log4j/1.2.17/log4j-1.2.17.jar:/home/runner/.m2/repository/org/slf4j/slf4j-api/1.7.30/slf4j-api-1.7.30.jar:/home/runner/.m2/repository/org/apache/ozone/hdds-server-scm/1.3.0-SNAPSHOT/hdds-server-scm-1.3.0-SNAPSHOT.jar:/home/runner/.m2/repository/org/apache/ozone/hdds-container-service/1.3.0-SNAPSHOT/hdds-container-service-1.3.0-SNAPSHOT.jar:/home/runner/.m2/repository/org/apache/ozone/hdds-hadoop-dependency-server/1.3.0-SNAPSHOT/hdds-hadoop-dependency-server-1.3.0-SNAPSHOT.jar:/home/runner/.m2/repository/org/apache/hadoop/hadoop-hdfs/3.3.1/hadoop-hdfs-3.3.1.jar:/home/runner/.m2/repository/org/apache/ozone/hdds-server-framework/1.3.0-SNAPSHOT/hdds-server-framework-1.3.0-SNAPSHOT.jar:/home/runner/.m2/repository/org/apache/ozone/hdds-interface-server/1.3.0-SNAPSHOT/hdds-interface-server-1.3.0-SNAPSHOT.jar:/home/runner/.m2/repository/org/eclipse/jetty/jetty-servlet/9.4.43.v20210629/jetty-servlet-9.4.43.v20210629.jar:/home/runner/.m2/repository/org/eclipse/jetty/jetty-security/9.4.43.v20210629/jetty-security-9.4.43.v20210629.jar:/home/runner/.m2/repository/org/rocksdb/rocksdbjni/6.25.3/rocksdbjni-6.25.3.jar:/home/runner/.m2/repository/io/prometheus/simpleclient_dropwizard/0.7.0/simpleclient_dropwizard-0.7.0.jar:/home/runner/.m2/repository/io/prometheus/simpleclient/0.7.0/simpleclient-0.7.0.jar:/home/runner/.m2/repository/io/prometheus/simpleclient_common/0.7.0/simpleclient_common-0.7.0.jar:/home/runner/.m2/repository/com/fasterxml/jackson/datatype/jackson-datatype-jsr310/2.12.1/jackson-datatype-jsr310-2.12.1.jar:/home/runner/.m2/repository/io/dropwizard/metrics/metrics-core/3.2.4/metrics-core-3.2.4.jar:/home/runner/.m2/repository/org/apache/hadoop/hadoop-hdfs-client/3.3.1/hadoop-hdfs-client-3.3.1.jar:/home/runner/.m2/repository/org/bouncycastle/bcprov-jdk15on/1.67/bcprov-jdk15on-1.67.jar:/home/runner/.m2/repository/com/google/protobuf/protobuf-java/2.5.0/protobuf-java-2.5.0.jar:/home/runner/.m2/repository/org/apache/ozone/ozone-manager/1.3.0-SNAPSHOT/ozone-manager-1.3.0-SNAPSHOT.jar:/home/runner/.m2/repository/org/aspectj/aspectjrt/1.9.7/aspectjrt-1.9.7.jar:/home/runner/.m2/repository/org/aspectj/aspectjweaver/1.9.7/aspectjweaver-1.9.7.jar:/home/runner/.m2/repository/org/apache/ozone/hdds-interface-client/1.3.0-SNAPSHOT/hdds-interface-client-1.3.0-SNAPSHOT.jar:/home/runner/.m2/repository/org/apache/hadoop/thirdparty/hadoop-shaded-protobuf_3_7/1.1.1/hadoop-shaded-protobuf_3_7-1.1.1.jar:/home/runner/.m2/repository/org/apache/ozone/ozone-interface-storage/1.3.0-SNAPSHOT/ozone-interface-storage-1.3.0-SNAPSHOT.jar:/home/runner/.m2/repository/org/reflections/reflections/0.9.11/reflections-0.9.11.jar:/home/runner/.m2/repository/org/apache/hadoop/hadoop-minikdc/3.3.1/hadoop-minikdc-3.3.1.jar:/home/runner/.m2/repository/org/apache/kerby/kerb-simplekdc/1.0.1/kerb-simplekdc-1.0.1.jar:/home/runner/.m2/repository/org/apache/kerby/kerb-client/1.0.1/kerb-client-1.0.1.jar:/home/runner/.m2/repository/org/apache/kerby/kerby-config/1.0.1/kerby-config-1.0.1.jar:/home/runner/.m2/repository/org/apache/kerby/kerb-common/1.0.1/kerb-common-1.0.1.jar:/home/runner/.m2/repository/org/apache/kerby/kerb-crypto/1.0.1/kerb-crypto-1.0.1.jar:/home/runner/.m2/repository/org/apache/kerby/kerb-util/1.0.1/kerb-util-1.0.1.jar:/home/runner/.m2/repository/org/apache/kerby/token-provider/1.0.1/token-provider-1.0.1.jar:/home/runner/.m2/repository/org/apache/kerby/kerb-admin/1.0.1/kerb-admin-1.0.1.jar:/home/runner/.m2/repository/org/apache/kerby/kerb-server/1.0.1/kerb-server-1.0.1.jar:/home/runner/.m2/repository/org/apache/kerby/kerb-identity/1.0.1/kerb-identity-1.0.1.jar:/home/runner/.m2/repository/org/apache/kerby/kerby-xdr/1.0.1/kerby-xdr-1.0.1.jar:/home/runner/.m2/repository/org/slf4j/slf4j-log4j12/1.7.30/slf4j-log4j12-1.7.30.jar:/home/runner/.m2/repository/org/apache/ozone/ozone-s3gateway/1.3.0-SNAPSHOT/ozone-s3gateway-1.3.0-SNAPSHOT.jar:/home/runner/.m2/repository/org/javassist/javassist/3.21.0-GA/javassist-3.21.0-GA.jar:/home/runner/.m2/repository/org/jboss/weld/servlet/weld-servlet/2.4.7.Final/weld-servlet-2.4.7.Final.jar:/home/runner/.m2/repository/org/glassfish/jersey/containers/jersey-container-servlet-core/2.33/jersey-container-servlet-core-2.33.jar:/home/runner/.m2/repository/org/glassfish/hk2/external/jakarta.inject/2.6.1/jakarta.inject-2.6.1.jar:/home/runner/.m2/repository/org/glassfish/jersey/core/jersey-common/2.33/jersey-common-2.33.jar:/home/runner/.m2/repository/jakarta/ws/rs/jakarta.ws.rs-api/2.1.6/jakarta.ws.rs-api-2.1.6.jar:/home/runner/.m2/repository/org/glassfish/jersey/ext/cdi/jersey-cdi1x/2.33/jersey-cdi1x-2.33.jar:/home/runner/.m2/repository/org/glassfish/jersey/inject/jersey-hk2/2.33/jersey-hk2-2.33.jar:/home/runner/.m2/repository/org/glassfish/hk2/hk2-locator/2.6.1/hk2-locator-2.6.1.jar:/home/runner/.m2/repository/org/glassfish/jersey/media/jersey-media-jaxb/2.33/jersey-media-jaxb-2.33.jar:/home/runner/.m2/repository/org/glassfish/hk2/osgi-resource-locator/1.0.3/osgi-resource-locator-1.0.3.jar:/home/runner/.m2/repository/org/glassfish/hk2/hk2-api/2.5.0/hk2-api-2.5.0.jar:/home/runner/.m2/repository/org/glassfish/hk2/hk2-utils/2.5.0/hk2-utils-2.5.0.jar:/home/runner/.m2/repository/org/glassfish/hk2/external/aopalliance-repackaged/2.5.0/aopalliance-repackaged-2.5.0.jar:/home/runner/.m2/repository/com/fasterxml/jackson/dataformat/jackson-dataformat-xml/2.12.1/jackson-dataformat-xml-2.12.1.jar:/home/runner/.m2/repository/com/fasterxml/jackson/core/jackson-core/2.12.1/jackson-core-2.12.1.jar:/home/runner/.m2/repository/com/fasterxml/jackson/module/jackson-module-jaxb-annotations/2.12.1/jackson-module-jaxb-annotations-2.12.1.jar:/home/runner/.m2/repository/jakarta/xml/bind/jakarta.xml.bind-api/2.3.2/jakarta.xml.bind-api-2.3.2.jar:/home/runner/.m2/repository/org/codehaus/woodstox/stax2-api/3.1.4/stax2-api-3.1.4.jar:/home/runner/.m2/repository/com/fasterxml/woodstox/woodstox-core/5.0.3/woodstox-core-5.0.3.jar:/home/runner/.m2/repository/javax/enterprise/cdi-api/1.2/cdi-api-1.2.jar:/home/runner/.m2/repository/javax/el/javax.el-api/3.0.0/javax.el-api-3.0.0.jar:/home/runner/.m2/repository/javax/interceptor/javax.interceptor-api/1.2/javax.interceptor-api-1.2.jar:/home/runner/.m2/repository/javax/inject/javax.inject/1/javax.inject-1.jar:/home/runner/.m2/repository/javax/xml/bind/jaxb-api/2.3.0/jaxb-api-2.3.0.jar:/home/runner/.m2/repository/org/glassfish/jaxb/jaxb-runtime/2.3.0.1/jaxb-runtime-2.3.0.1.jar:/home/runner/.m2/repository/org/glassfish/jaxb/jaxb-core/2.3.0.1/jaxb-core-2.3.0.1.jar:/home/runner/.m2/repository/org/glassfish/jaxb/txw2/2.3.0.1/txw2-2.3.0.1.jar:/home/runner/.m2/repository/com/sun/istack/istack-commons-runtime/3.0.5/istack-commons-runtime-3.0.5.jar:/home/runner/.m2/repository/org/jvnet/staxex/stax-ex/1.7.8/stax-ex-1.7.8.jar:/home/runner/.m2/repository/com/sun/xml/fastinfoset/FastInfoset/1.2.13/FastInfoset-1.2.13.jar:/home/runner/.m2/repository/javax/activation/activation/1.1.1/activation-1.1.1.jar:/home/runner/.m2/repository/org/apache/ozone/ozone-csi/1.3.0-SNAPSHOT/ozone-csi-1.3.0-SNAPSHOT.jar:/home/runner/.m2/repository/com/google/protobuf/protobuf-java-util/3.12.0/protobuf-java-util-3.12.0.jar:/home/runner/.m2/repository/com/google/code/gson/gson/2.2.4/gson-2.2.4.jar:/home/runner/.m2/repository/org/apache/ozone/hdds-config/1.3.0-SNAPSHOT/hdds-config-1.3.0-SNAPSHOT.jar:/home/runner/.m2/repository/io/grpc/grpc-netty/1.33.0/grpc-netty-1.33.0.jar:/home/runner/.m2/repository/io/grpc/grpc-core/1.33.0/grpc-core-1.33.0.jar:/home/runner/.m2/repository/com/google/android/annotations/4.1.1.4/annotations-4.1.1.4.jar:/home/runner/.m2/repository/io/netty/netty-codec-http2/4.1.63.Final/netty-codec-http2-4.1.63.Final.jar:/home/runner/.m2/repository/io/netty/netty-codec-http/4.1.63.Final/netty-codec-http-4.1.63.Final.jar:/home/runner/.m2/repository/io/netty/netty-handler-proxy/4.1.63.Final/netty-handler-proxy-4.1.63.Final.jar:/home/runner/.m2/repository/io/netty/netty-codec-socks/4.1.63.Final/netty-codec-socks-4.1.63.Final.jar:/home/runner/.m2/repository/io/perfmark/perfmark-api/0.19.0/perfmark-api-0.19.0.jar:/home/runner/.m2/repository/org/codehaus/mojo/animal-sniffer-annotations/1.18/animal-sniffer-annotations-1.18.jar:/home/runner/.m2/repository/io/netty/netty-transport-native-epoll/4.1.63.Final/netty-transport-native-epoll-4.1.63.Final.jar:/home/runner/.m2/repository/io/netty/netty-common/4.1.63.Final/netty-common-4.1.63.Final.jar:/home/runner/.m2/repository/io/netty/netty-buffer/4.1.63.Final/netty-buffer-4.1.63.Final.jar:/home/runner/.m2/repository/io/netty/netty-transport-native-unix-common/4.1.63.Final/netty-transport-native-unix-common-4.1.63.Final.jar:/home/runner/.m2/repository/io/grpc/grpc-protobuf/1.33.0/grpc-protobuf-1.33.0.jar:/home/runner/.m2/repository/io/grpc/grpc-api/1.33.0/grpc-api-1.33.0.jar:/home/runner/.m2/repository/io/grpc/grpc-context/1.33.0/grpc-context-1.33.0.jar:/home/runner/.m2/repository/com/google/api/grpc/proto-google-common-protos/1.17.0/proto-google-common-protos-1.17.0.jar:/home/runner/.m2/repository/io/grpc/grpc-protobuf-lite/1.33.0/grpc-protobuf-lite-1.33.0.jar:/home/runner/.m2/repository/io/grpc/grpc-stub/1.33.0/grpc-stub-1.33.0.jar:/home/runner/.m2/repository/org/apache/ozone/ozone-recon/1.3.0-SNAPSHOT/ozone-recon-1.3.0-SNAPSHOT.jar:/home/runner/.m2/repository/org/apache/ozone/ozone-reconcodegen/1.3.0-SNAPSHOT/ozone-reconcodegen-1.3.0-SNAPSHOT.jar:/home/runner/.m2/repository/com/google/inject/extensions/guice-multibindings/4.0/guice-multibindings-4.0.jar:/home/runner/.m2/repository/com/google/inject/guice/4.0/guice-4.0.jar:/home/runner/.m2/repository/aopalliance/aopalliance/1.0/aopalliance-1.0.jar:/home/runner/.m2/repository/com/google/inject/extensions/guice-assistedinject/4.0/guice-assistedinject-4.0.jar:/home/runner/.m2/repository/com/google/inject/extensions/guice-servlet/4.0/guice-servlet-4.0.jar:/home/runner/.m2/repository/org/glassfish/jersey/containers/jersey-container-servlet/2.33/jersey-container-servlet-2.33.jar:/home/runner/.m2/repository/org/glassfish/hk2/guice-bridge/2.5.0/guice-bridge-2.5.0.jar:/home/runner/.m2/repository/org/glassfish/jersey/core/jersey-server/2.33/jersey-server-2.33.jar:/home/runner/.m2/repository/org/glassfish/jersey/core/jersey-client/2.33/jersey-client-2.33.jar:/home/runner/.m2/repository/jakarta/annotation/jakarta.annotation-api/1.3.5/jakarta.annotation-api-1.3.5.jar:/home/runner/.m2/repository/jakarta/validation/jakarta.validation-api/2.0.2/jakarta.validation-api-2.0.2.jar:/home/runner/.m2/repository/org/glassfish/jersey/media/jersey-media-json-jackson/2.33/jersey-media-json-jackson-2.33.jar:/home/runner/.m2/repository/org/glassfish/jersey/ext/jersey-entity-filtering/2.33/jersey-entity-filtering-2.33.jar:/home/runner/.m2/repository/org/jooq/jooq/3.11.10/jooq-3.11.10.jar:/home/runner/.m2/repository/org/jooq/jooq-meta/3.11.10/jooq-meta-3.11.10.jar:/home/runner/.m2/repository/org/jooq/jooq-codegen/3.11.10/jooq-codegen-3.11.10.jar:/home/runner/.m2/repository/com/jolbox/bonecp/0.8.0.RELEASE/bonecp-0.8.0.RELEASE.jar:/home/runner/.m2/repository/org/apache/derby/derby/10.14.2.0/derby-10.14.2.0.jar:/home/runner/.m2/repository/org/xerial/sqlite-jdbc/3.25.2/sqlite-jdbc-3.25.2.jar:/home/runner/.m2/repository/org/springframework/spring-jdbc/5.2.18.RELEASE/spring-jdbc-5.2.18.RELEASE.jar:/home/runner/.m2/repository/org/springframework/spring-beans/5.2.18.RELEASE/spring-beans-5.2.18.RELEASE.jar:/home/runner/.m2/repository/org/springframework/spring-core/5.2.18.RELEASE/spring-core-5.2.18.RELEASE.jar:/home/runner/.m2/repository/org/springframework/spring-jcl/5.2.18.RELEASE/spring-jcl-5.2.18.RELEASE.jar:/home/runner/.m2/repository/org/springframework/spring-tx/5.2.18.RELEASE/spring-tx-5.2.18.RELEASE.jar:/home/runner/.m2/repository/org/apache/ozone/ozone-client/1.3.0-SNAPSHOT/ozone-client-1.3.0-SNAPSHOT.jar:/home/runner/.m2/repository/org/apache/ozone/ozone-filesystem/1.3.0-SNAPSHOT/ozone-filesystem-1.3.0-SNAPSHOT.jar:/home/runner/.m2/repository/org/apache/ozone/ozone-filesystem-common/1.3.0-SNAPSHOT/ozone-filesystem-common-1.3.0-SNAPSHOT.jar:/home/runner/.m2/repository/org/apache/ozone/ozone-tools/1.3.0-SNAPSHOT/ozone-tools-1.3.0-SNAPSHOT.jar:/home/runner/.m2/repository/org/apache/ratis/ratis-tools/2.2.0/ratis-tools-2.2.0.jar:/home/runner/.m2/repository/com/amazonaws/aws-java-sdk-core/1.12.124/aws-java-sdk-core-1.12.124.jar:/home/runner/.m2/repository/org/apache/httpcomponents/httpclient/4.5.13/httpclient-4.5.13.jar:/home/runner/.m2/repository/org/apache/httpcomponents/httpcore/4.4.13/httpcore-4.4.13.jar:/home/runner/.m2/repository/software/amazon/ion/ion-java/1.0.2/ion-java-1.0.2.jar:/home/runner/.m2/repository/com/fasterxml/jackson/dataformat/jackson-dataformat-cbor/2.12.1/jackson-dataformat-cbor-2.12.1.jar:/home/runner/.m2/repository/joda-time/joda-time/2.8.1/joda-time-2.8.1.jar:/home/runner/.m2/repository/com/amazonaws/aws-java-sdk-s3/1.12.124/aws-java-sdk-s3-1.12.124.jar:/home/runner/.m2/repository/com/amazonaws/aws-java-sdk-kms/1.12.124/aws-java-sdk-kms-1.12.124.jar:/home/runner/.m2/repository/com/amazonaws/jmespath-java/1.12.124/jmespath-java-1.12.124.jar:/home/runner/.m2/repository/org/kohsuke/metainf-services/metainf-services/1.8/metainf-services-1.8.jar:/home/runner/.m2/repository/org/apache/ozone/hdds-tools/1.3.0-SNAPSHOT/hdds-tools-1.3.0-SNAPSHOT.jar:/home/runner/.m2/repository/commons-cli/commons-cli/1.2/commons-cli-1.2.jar:/home/runner/.m2/repository/org/apache/commons/commons-lang3/3.7/commons-lang3-3.7.jar:/home/runner/.m2/repository/org/apache/ozone/ozone-manager/1.3.0-SNAPSHOT/ozone-manager-1.3.0-SNAPSHOT-tests.jar:/home/runner/.m2/repository/org/apache/ozone/hdds-common/1.3.0-SNAPSHOT/hdds-common-1.3.0-SNAPSHOT-tests.jar:/home/runner/.m2/repository/org/apache/ozone/hdds-hadoop-dependency-client/1.3.0-SNAPSHOT/hdds-hadoop-dependency-client-1.3.0-SNAPSHOT.jar:/home/runner/.m2/repository/info/picocli/picocli/4.6.1/picocli-4.6.1.jar:/home/runner/.m2/repository/com/fasterxml/jackson/core/jackson-annotations/2.12.1/jackson-annotations-2.12.1.jar:/home/runner/.m2/repository/javax/annotation/javax.annotation-api/1.2/javax.annotation-api-1.2.jar:/home/runner/.m2/repository/org/apache/ratis/ratis-server/2.2.0/ratis-server-2.2.0.jar:/home/runner/.m2/repository/org/apache/ratis/ratis-client/2.2.0/ratis-client-2.2.0.jar:/home/runner/.m2/repository/org/apache/ratis/ratis-server-api/2.2.0/ratis-server-api-2.2.0.jar:/home/runner/.m2/repository/org/apache/ratis/ratis-metrics/2.2.0/ratis-metrics-2.2.0.jar:/home/runner/.m2/repository/org/apache/ratis/ratis-netty/2.2.0/ratis-netty-2.2.0.jar:/home/runner/.m2/repository/org/apache/ratis/ratis-grpc/2.2.0/ratis-grpc-2.2.0.jar:/home/runner/.m2/repository/org/apache/logging/log4j/log4j-api/2.17.1/log4j-api-2.17.1.jar:/home/runner/.m2/repository/org/apache/logging/log4j/log4j-core/2.17.1/log4j-core-2.17.1.jar:/home/runner/.m2/repository/com/lmax/disruptor/3.4.2/disruptor-3.4.2.jar:/home/runner/.m2/repository/org/apache/commons/commons-pool2/2.6.0/commons-pool2-2.6.0.jar:/home/runner/.m2/repository/org/bouncycastle/bcpkix-jdk15on/1.67/bcpkix-jdk15on-1.67.jar:/home/runner/.m2/repository/commons-validator/commons-validator/1.6/commons-validator-1.6.jar:/home/runner/.m2/repository/commons-beanutils/commons-beanutils/1.9.4/commons-beanutils-1.9.4.jar:/home/runner/.m2/repository/commons-digester/commons-digester/1.8.1/commons-digester-1.8.1.jar:/home/runner/.m2/repository/commons-collections/commons-collections/3.2.2/commons-collections-3.2.2.jar:/home/runner/.m2/repository/io/jaegertracing/jaeger-client/1.6.0/jaeger-client-1.6.0.jar:/home/runner/.m2/repository/io/jaegertracing/jaeger-thrift/1.6.0/jaeger-thrift-1.6.0.jar:/home/runner/.m2/repository/org/apache/thrift/libthrift/0.14.1/libthrift-0.14.1.jar:/home/runner/.m2/repository/com/squareup/okhttp3/okhttp/4.9.0/okhttp-4.9.0.jar:/home/runner/.m2/repository/com/squareup/okio/okio/2.8.0/okio-2.8.0.jar:/home/runner/.m2/repository/io/jaegertracing/jaeger-core/1.6.0/jaeger-core-1.6.0.jar:/home/runner/.m2/repository/io/jaegertracing/jaeger-tracerresolver/1.6.0/jaeger-tracerresolver-1.6.0.jar:/home/runner/.m2/repository/io/opentracing/contrib/opentracing-tracerresolver/0.1.8/opentracing-tracerresolver-0.1.8.jar:/home/runner/.m2/repository/org/jetbrains/kotlin/kotlin-stdlib/1.4.31/kotlin-stdlib-1.4.31.jar:/home/runner/.m2/repository/org/jetbrains/kotlin/kotlin-stdlib-common/1.4.31/kotlin-stdlib-common-1.4.31.jar:/home/runner/.m2/repository/org/jetbrains/annotations/13.0/annotations-13.0.jar:/home/runner/.m2/repository/io/opentracing/opentracing-util/0.33.0/opentracing-util-0.33.0.jar:/home/runner/.m2/repository/io/opentracing/opentracing-api/0.33.0/opentracing-api-0.33.0.jar:/home/runner/.m2/repository/io/opentracing/opentracing-noop/0.33.0/opentracing-noop-0.33.0.jar:/home/runner/.m2/repository/org/yaml/snakeyaml/1.26/snakeyaml-1.26.jar:/home/runner/.m2/repository/org/apache/ozone/hdds-interface-admin/1.3.0-SNAPSHOT/hdds-interface-admin-1.3.0-SNAPSHOT.jar:/home/runner/.m2/repository/junit/junit/4.13.1/junit-4.13.1.jar:/home/runner/.m2/repository/org/hamcrest/hamcrest-core/1.3/hamcrest-core-1.3.jar:/home/runner/.m2/repository/org/junit/jupiter/junit-jupiter-api/5.7.0/junit-jupiter-api-5.7.0.jar:/home/runner/.m2/repository/org/apiguardian/apiguardian-api/1.1.0/apiguardian-api-1.1.0.jar:/home/runner/.m2/repository/org/opentest4j/opentest4j/1.2.0/opentest4j-1.2.0.jar:/home/runner/.m2/repository/org/junit/platform/junit-platform-commons/1.7.0/junit-platform-commons-1.7.0.jar:/home/runner/.m2/repository/org/junit/jupiter/junit-jupiter-engine/5.7.0/junit-jupiter-engine-5.7.0.jar:/home/runner/.m2/repository/org/junit/platform/junit-platform-engine/1.7.0/junit-platform-engine-1.7.0.jar:/home/runner/.m2/repository/org/junit/vintage/junit-vintage-engine/5.7.0/junit-vintage-engine-5.7.0.jar:/home/runner/.m2/repository/org/junit/platform/junit-platform-launcher/1.7.0/junit-platform-launcher-1.7.0.jar:/home/runner/.m2/repository/org/openjdk/jmh/jmh-core/1.19/jmh-core-1.19.jar:/home/runner/.m2/repository/net/sf/jopt-simple/jopt-simple/4.6/jopt-simple-4.6.jar:/home/runner/.m2/repository/org/apache/commons/commons-math3/3.1.1/commons-math3-3.1.1.jar:/home/runner/.m2/repository/org/openjdk/jmh/jmh-generator-annprocess/1.19/jmh-generator-annprocess-1.19.jar:/home/runner/.m2/repository/org/mockito/mockito-core/2.28.2/mockito-core-2.28.2.jar:/home/runner/.m2/repository/net/bytebuddy/byte-buddy/1.9.10/byte-buddy-1.9.10.jar:/home/runner/.m2/repository/net/bytebuddy/byte-buddy-agent/1.9.10/byte-buddy-agent-1.9.10.jar:/home/runner/.m2/repository/org/objenesis/objenesis/1.0/objenesis-1.0.jar:/home/runner/.m2/repository/org/apache/hadoop/hadoop-kms/3.3.1/hadoop-kms-3.3.1.jar:/home/runner/.m2/repository/org/apache/hadoop/hadoop-auth/3.3.1/hadoop-auth-3.3.1.jar:/home/runner/.m2/repository/com/nimbusds/nimbus-jose-jwt/7.9/nimbus-jose-jwt-7.9.jar:/home/runner/.m2/repository/com/github/stephenc/jcip/jcip-annotations/1.0-1/jcip-annotations-1.0-1.jar:/home/runner/.m2/repository/net/minidev/json-smart/2.3.1/json-smart-2.3.1.jar:/home/runner/.m2/repository/net/minidev/accessors-smart/2.3.1/accessors-smart-2.3.1.jar:/home/runner/.m2/repository/org/ow2/asm/asm/5.0.4/asm-5.0.4.jar:/home/runner/.m2/repository/org/apache/zookeeper/zookeeper/3.5.6/zookeeper-3.5.6.jar:/home/runner/.m2/repository/org/apache/zookeeper/zookeeper-jute/3.5.6/zookeeper-jute-3.5.6.jar:/home/runner/.m2/repository/org/apache/yetus/audience-annotations/0.5.0/audience-annotations-0.5.0.jar:/home/runner/.m2/repository/org/apache/curator/curator-framework/4.2.0/curator-framework-4.2.0.jar:/home/runner/.m2/repository/org/apache/hadoop/thirdparty/hadoop-shaded-guava/1.1.1/hadoop-shaded-guava-1.1.1.jar:/home/runner/.m2/repository/com/sun/jersey/jersey-core/1.19/jersey-core-1.19.jar:/home/runner/.m2/repository/javax/ws/rs/jsr311-api/1.1.1/jsr311-api-1.1.1.jar:/home/runner/.m2/repository/com/sun/jersey/jersey-server/1.19/jersey-server-1.19.jar:/home/runner/.m2/repository/javax/servlet/javax.servlet-api/3.1.0/javax.servlet-api-3.1.0.jar:/home/runner/.m2/repository/org/eclipse/jetty/jetty-server/9.4.43.v20210629/jetty-server-9.4.43.v20210629.jar:/home/runner/.m2/repository/org/eclipse/jetty/jetty-http/9.4.43.v20210629/jetty-http-9.4.43.v20210629.jar:/home/runner/.m2/repository/org/eclipse/jetty/jetty-io/9.4.43.v20210629/jetty-io-9.4.43.v20210629.jar:/home/runner/.m2/repository/org/eclipse/jetty/jetty-webapp/9.4.43.v20210629/jetty-webapp-9.4.43.v20210629.jar:/home/runner/.m2/repository/org/eclipse/jetty/jetty-xml/9.4.43.v20210629/jetty-xml-9.4.43.v20210629.jar:/home/runner/.m2/repository/org/apache/hadoop/hadoop-common/3.3.1/hadoop-common-3.3.1.jar:/home/runner/.m2/repository/commons-net/commons-net/3.6/commons-net-3.6.jar:/home/runner/.m2/repository/jakarta/activation/jakarta.activation-api/1.2.1/jakarta.activation-api-1.2.1.jar:/home/runner/.m2/repository/com/sun/jersey/jersey-servlet/1.19/jersey-servlet-1.19.jar:/home/runner/.m2/repository/com/sun/jersey/jersey-json/1.19/jersey-json-1.19.jar:/home/runner/.m2/repository/org/codehaus/jettison/jettison/1.1/jettison-1.1.jar:/home/runner/.m2/repository/com/sun/xml/bind/jaxb-impl/2.2.3-1/jaxb-impl-2.2.3-1.jar:/home/runner/.m2/repository/org/codehaus/jackson/jackson-jaxrs/1.9.2/jackson-jaxrs-1.9.2.jar:/home/runner/.m2/repository/org/codehaus/jackson/jackson-xc/1.9.2/jackson-xc-1.9.2.jar:/home/runner/.m2/repository/org/apache/commons/commons-configuration2/2.1.1/commons-configuration2-2.1.1.jar:/home/runner/.m2/repository/org/apache/commons/commons-text/1.4/commons-text-1.4.jar:/home/runner/.m2/repository/com/google/re2j/re2j/1.1/re2j-1.1.jar:/home/runner/.m2/repository/com/jcraft/jsch/0.1.54/jsch-0.1.54.jar:/home/runner/.m2/repository/org/apache/curator/curator-client/4.2.0/curator-client-4.2.0.jar:/home/runner/.m2/repository/org/apache/curator/curator-recipes/4.2.0/curator-recipes-4.2.0.jar:/home/runner/.m2/repository/org/apache/kerby/kerb-core/1.0.1/kerb-core-1.0.1.jar:/home/runner/.m2/repository/org/apache/kerby/kerby-pkix/1.0.1/kerby-pkix-1.0.1.jar:/home/runner/.m2/repository/org/apache/kerby/kerby-asn1/1.0.1/kerby-asn1-1.0.1.jar:/home/runner/.m2/repository/org/apache/kerby/kerby-util/1.0.1/kerby-util-1.0.1.jar:/home/runner/.m2/repository/dnsjava/dnsjava/2.1.7/dnsjava-2.1.7.jar:/home/runner/.m2/repository/org/xerial/snappy/snappy-java/1.1.8.2/snappy-java-1.1.8.2.jar:/home/runner/.m2/repository/org/slf4j/jul-to-slf4j/1.7.30/jul-to-slf4j-1.7.30.jar:/home/runner/.m2/repository/org/eclipse/jetty/jetty-util/9.4.43.v20210629/jetty-util-9.4.43.v20210629.jar:/home/runner/.m2/repository/com/fasterxml/jackson/core/jackson-databind/2.12.1/jackson-databind-2.12.1.jar:/home/runner/.m2/repository/org/apache/hadoop/hadoop-kms/3.3.1/hadoop-kms-3.3.1-tests.jar:/home/runner/.m2/repository/org/apache/ozone/hdds-server-scm/1.3.0-SNAPSHOT/hdds-server-scm-1.3.0-SNAPSHOT-tests.jar:/home/runner/.m2/repository/org/apache/ozone/hdds-container-service/1.3.0-SNAPSHOT/hdds-container-service-1.3.0-SNAPSHOT-tests.jar:/home/runner/.m2/repository/commons-codec/commons-codec/1.11/commons-codec-1.11.jar:/home/runner/.m2/repository/io/netty/netty-transport/4.1.63.Final/netty-transport-4.1.63.Final.jar:/home/runner/.m2/repository/io/netty/netty-resolver/4.1.63.Final/netty-resolver-4.1.63.Final.jar:/home/runner/.m2/repository/io/netty/netty-codec/4.1.63.Final/netty-codec-4.1.63.Final.jar:/home/runner/.m2/repository/io/netty/netty-handler/4.1.63.Final/netty-handler-4.1.63.Final.jar:/home/runner/.m2/repository/org/apache/ozone/hdds-hadoop-dependency-test/1.3.0-SNAPSHOT/hdds-hadoop-dependency-test-1.3.0-SNAPSHOT.jar:/home/runner/.m2/repository/org/apache/hadoop/hadoop-common/3.3.1/hadoop-common-3.3.1-tests.jar:/home/runner/.m2/repository/org/assertj/assertj-core/3.12.2/assertj-core-3.12.2.jar:/home/runner/.m2/repository/org/apache/hadoop/hadoop-hdfs/3.3.1/hadoop-hdfs-3.3.1-tests.jar:/home/runner/.m2/repository/org/eclipse/jetty/jetty-util-ajax/9.4.43.v20210629/jetty-util-ajax-9.4.43.v20210629.jar:/home/runner/.m2/repository/commons-daemon/commons-daemon/1.0.13/commons-daemon-1.0.13.jar:/home/runner/.m2/repository/io/netty/netty/3.10.6.Final/netty-3.10.6.Final.jar:/home/runner/.m2/repository/io/netty/netty-all/4.1.63.Final/netty-all-4.1.63.Final.jar:/home/runner/.m2/repository/org/apache/htrace/htrace-core4/4.1.0-incubating/htrace-core4-4.1.0-incubating.jar:/home/runner/.m2/repository/org/fusesource/leveldbjni/leveldbjni-all/1.8/leveldbjni-all-1.8.jar:/home/runner/.m2/repository/org/apache/hadoop/hadoop-distcp/3.3.1/hadoop-distcp-3.3.1.jar:/home/runner/.m2/repository/org/apache/hadoop/hadoop-mapreduce-client-jobclient/3.3.1/hadoop-mapreduce-client-jobclient-3.3.1.jar:/home/runner/.m2/repository/org/apache/hadoop/hadoop-mapreduce-client-common/3.3.1/hadoop-mapreduce-client-common-3.3.1.jar:/home/runner/.m2/repository/org/apache/hadoop/hadoop-yarn-common/3.3.1/hadoop-yarn-common-3.3.1.jar:/home/runner/.m2/repository/org/apache/hadoop/hadoop-yarn-api/3.3.1/hadoop-yarn-api-3.3.1.jar:/home/runner/.m2/repository/com/sun/jersey/jersey-client/1.19/jersey-client-1.19.jar:/home/runner/.m2/repository/com/sun/jersey/contribs/jersey-guice/1.19/jersey-guice-1.19.jar:/home/runner/.m2/repository/com/fasterxml/jackson/jaxrs/jackson-jaxrs-json-provider/2.12.1/jackson-jaxrs-json-provider-2.12.1.jar:/home/runner/.m2/repository/com/fasterxml/jackson/jaxrs/jackson-jaxrs-base/2.12.1/jackson-jaxrs-base-2.12.1.jar:/home/runner/.m2/repository/org/apache/hadoop/hadoop-yarn-client/3.3.1/hadoop-yarn-client-3.3.1.jar:/home/runner/.m2/repository/org/eclipse/jetty/websocket/websocket-client/9.4.40.v20210413/websocket-client-9.4.40.v20210413.jar:/home/runner/.m2/repository/org/eclipse/jetty/jetty-client/9.4.40.v20210413/jetty-client-9.4.40.v20210413.jar:/home/runner/.m2/repository/org/eclipse/jetty/websocket/websocket-common/9.4.40.v20210413/websocket-common-9.4.40.v20210413.jar:/home/runner/.m2/repository/org/eclipse/jetty/websocket/websocket-api/9.4.40.v20210413/websocket-api-9.4.40.v20210413.jar:/home/runner/.m2/repository/org/jline/jline/3.9.0/jline-3.9.0.jar:/home/runner/.m2/repository/org/apache/hadoop/hadoop-mapreduce-client-core/3.3.1/hadoop-mapreduce-client-core-3.3.1.jar:/home/runner/.m2/repository/org/apache/avro/avro/1.7.7/avro-1.7.7.jar:/home/runner/.m2/repository/org/codehaus/jackson/jackson-core-asl/1.9.13/jackson-core-asl-1.9.13.jar:/home/runner/.m2/repository/org/codehaus/jackson/jackson-mapper-asl/1.9.13/jackson-mapper-asl-1.9.13.jar:/home/runner/.m2/repository/com/thoughtworks/paranamer/paranamer/2.3/paranamer-2.3.jar:/home/runner/.m2/repository/org/apache/hadoop/hadoop-annotations/3.3.1/hadoop-annotations-3.3.1.jar:/usr/lib/jvm/adoptopenjdk-8-hotspot-amd64/jre/../lib/tools.jar:/home/runner/.m2/repository/org/apache/hadoop/hadoop-distcp/3.3.1/hadoop-distcp-3.3.1-tests.jar:/home/runner/.m2/repository/org/apache/ratis/ratis-common/2.2.0/ratis-common-2.2.0.jar:/home/runner/.m2/repository/org/apache/ratis/ratis-thirdparty-misc/0.7.0/ratis-thirdparty-misc-0.7.0.jar:/home/runner/.m2/repository/org/apache/ratis/ratis-proto/2.2.0/ratis-proto-2.2.0.jar:"/>
    <property name="sun.cpu.endian" value="little"/>
    <property name="user.home" value="/home/runner"/>
    <property name="user.language" value="en"/>
    <property name="java.specification.vendor" value="Oracle Corporation"/>
    <property name="java.home" value="/usr/lib/jvm/adoptopenjdk-8-hotspot-amd64/jre"/>
    <property name="java.security.krb5.conf" value="/home/runner/work/ozone/ozone/hadoop-ozone/integration-test/target/test-classes/krb5.conf"/>
    <property name="basedir" value="/home/runner/work/ozone/ozone/hadoop-ozone/integration-test"/>
    <property name="file.separator" value="/"/>
    <property name="line.separator" value="&#10;"/>
    <property name="java.vm.specification.vendor" value="Oracle Corporation"/>
    <property name="java.specification.name" value="Java Platform API Specification"/>
    <property name="java.awt.graphicsenv" value="sun.awt.X11GraphicsEnvironment"/>
    <property name="skip.installnpx" value="true"/>
    <property name="surefire.real.class.path" value="/home/runner/work/ozone/ozone/hadoop-ozone/integration-test/target/surefire/surefirebooter4243850336195725701.jar:/home/runner/.m2/repository/org/jacoco/org.jacoco.agent/0.8.5/org.jacoco.agent-0.8.5-runtime.jar"/>
    <property name="hadoop.log.dir" value="/home/runner/work/ozone/ozone/hadoop-ozone/integration-test/target/log"/>
    <property name="sun.boot.class.path" value="/usr/lib/jvm/adoptopenjdk-8-hotspot-amd64/jre/lib/resources.jar:/usr/lib/jvm/adoptopenjdk-8-hotspot-amd64/jre/lib/rt.jar:/usr/lib/jvm/adoptopenjdk-8-hotspot-amd64/jre/lib/sunrsasign.jar:/usr/lib/jvm/adoptopenjdk-8-hotspot-amd64/jre/lib/jsse.jar:/usr/lib/jvm/adoptopenjdk-8-hotspot-amd64/jre/lib/jce.jar:/usr/lib/jvm/adoptopenjdk-8-hotspot-amd64/jre/lib/charsets.jar:/usr/lib/jvm/adoptopenjdk-8-hotspot-amd64/jre/lib/jfr.jar:/usr/lib/jvm/adoptopenjdk-8-hotspot-amd64/jre/classes"/>
    <property name="sun.management.compiler" value="HotSpot 64-Bit Tiered Compilers"/>
    <property name="skip.npx" value="true"/>
    <property name="java.runtime.version" value="1.8.0_292-b10"/>
    <property name="java.net.preferIPv4Stack" value="true"/>
    <property name="user.name" value="runner"/>
    <property name="path.separator" value=":"/>
    <property name="java.security.egd" value="file:///dev/urandom"/>
    <property name="os.version" value="5.4.0-1064-azure"/>
    <property name="java.endorsed.dirs" value="/usr/lib/jvm/adoptopenjdk-8-hotspot-amd64/jre/lib/endorsed"/>
    <property name="java.runtime.name" value="OpenJDK Runtime Environment"/>
    <property name="file.encoding" value="UTF-8"/>
    <property name="java.vm.name" value="OpenJDK 64-Bit Server VM"/>
    <property name="test.build.webapps" value=""/>
    <property name="localRepository" value="/home/runner/.m2/repository"/>
    <property name="java.vendor.url.bug" value="https://github.com/AdoptOpenJDK/openjdk-support/issues"/>
    <property name="java.io.tmpdir" value="/tmp"/>
    <property name="require.test.libhadoop" value=""/>
    <property name="java.version" value="1.8.0_292"/>
    <property name="user.dir" value="/home/runner/work/ozone/ozone/hadoop-ozone/integration-test"/>
    <property name="os.arch" value="amd64"/>
    <property name="java.vm.specification.name" value="Java Virtual Machine Specification"/>
    <property name="test.build.classes" value="/home/runner/work/ozone/ozone/hadoop-ozone/integration-test/target/test-classes"/>
    <property name="java.awt.printerjob" value="sun.print.PSPrinterJob"/>
    <property name="sun.os.patch.level" value="unknown"/>
    <property name="hadoop.tmp.dir" value="/home/runner/work/ozone/ozone/hadoop-ozone/integration-test/target/tmp"/>
    <property name="java.library.path" value="/usr/java/packages/lib/amd64:/usr/lib64:/lib64:/lib:/usr/lib"/>
    <property name="java.vm.info" value="mixed mode"/>
    <property name="java.vendor" value="AdoptOpenJDK"/>
    <property name="java.vm.version" value="25.292-b10"/>
    <property name="java.ext.dirs" value="/usr/lib/jvm/adoptopenjdk-8-hotspot-amd64/jre/lib/ext:/usr/java/packages/lib/ext"/>
    <property name="sun.io.unicode.encoding" value="UnicodeLittle"/>
    <property name="java.class.version" value="52.0"/>
  </properties>
  <testcase name="testPrepareFailsWhenTwoOmsAreDown" classname="org.apache.hadoop.ozone.om.TestOzoneManagerPrepare" time="0">
    <skipped message="Saving on CI time since this is a pessimistic test. We should not be able to do anything with 2 OMs down."/>
    <system-out><![CDATA[2022-01-06 14:10:05,769 [main] WARN  server.ServerUtils (ServerUtils.java:getScmDbDir(148)) - ozone.scm.db.dirs is not configured. We recommend adding this setting. Falling back to ozone.metadata.dirs instead.
2022-01-06 14:10:05,871 [main] INFO  ha.SCMHANodeDetails (SCMHANodeDetails.java:loadSCMHAConfig(157)) - ServiceID for StorageContainerManager is null
2022-01-06 14:10:05,872 [main] INFO  ha.SCMHANodeDetails (SCMHANodeDetails.java:loadSCMHAConfig(162)) - ozone.scm.default.service.id is not defined, falling back to ozone.scm.service.ids to find serviceID for StorageContainerManager if it is HA enabled cluster
2022-01-06 14:10:05,993 [main] WARN  server.ServerUtils (ServerUtils.java:getScmDbDir(148)) - ozone.scm.db.dirs is not configured. We recommend adding this setting. Falling back to ozone.metadata.dirs instead.
2022-01-06 14:10:05,996 [main] INFO  upgrade.AbstractLayoutVersionManager (AbstractLayoutVersionManager.java:init(79)) - Initializing Layout version manager with metadata layout = SCM_HA (version = 2), software layout = SCM_HA (version = 2)
2022-01-06 14:10:06,274 [main] INFO  reflections.Reflections (Reflections.java:scan(232)) - Reflections took 180 ms to scan 7 urls, producing 119 keys and 279 values 
2022-01-06 14:10:06,852 [main] WARN  utils.HAUtils (HAUtils.java:getMetaDir(342)) - ozone.scm.db.dirs is not configured. We recommend adding this setting. Falling back to ozone.metadata.dirs instead.
2022-01-06 14:10:07,006 [main] WARN  db.DBStoreBuilder (DBStoreBuilder.java:applyDBDefinition(145)) - ozone.scm.db.dirs is not configured. We recommend adding this setting. Falling back to ozone.metadata.dirs instead.
2022-01-06 14:10:07,168 [main] INFO  net.NodeSchemaLoader (NodeSchemaLoader.java:loadSchemaFromFile(129)) - Loading schema from [jar:file:/home/runner/.m2/repository/org/apache/ozone/hdds-common/1.3.0-SNAPSHOT/hdds-common-1.3.0-SNAPSHOT.jar!/network-topology-default.xml]
2022-01-06 14:10:07,170 [main] INFO  net.NodeSchemaLoader (NodeSchemaLoader.java:loadSchema(176)) - Loading network topology layer schema file
2022-01-06 14:10:07,211 [main] INFO  metrics.MetricRegistries (MetricRegistriesLoader.java:load(64)) - Loaded MetricRegistries class org.apache.ratis.metrics.impl.MetricRegistriesImpl
2022-01-06 14:10:07,226 [main] INFO  ha.SequenceIdGenerator (SequenceIdGenerator.java:upgradeToSequenceId(347)) - upgrade localId to 109611004723200000
2022-01-06 14:10:07,226 [main] INFO  ha.SequenceIdGenerator (SequenceIdGenerator.java:upgradeToSequenceId(357)) - upgrade delTxnId to 0
2022-01-06 14:10:07,229 [main] INFO  ha.SequenceIdGenerator (SequenceIdGenerator.java:upgradeToSequenceId(371)) - upgrade containerId to 0
2022-01-06 14:10:07,231 [main] INFO  ha.SequenceIdGenerator (SequenceIdGenerator.java:<init>(218)) - Init the HA SequenceIdGenerator.
2022-01-06 14:10:07,275 [main] WARN  server.ServerUtils (ServerUtils.java:sanitizeUserArgs(73)) - ozone.scm.stale.node.interval value = 300000 is larger than max = 100000 based on the key value of ozone.scm.heartbeat.thread.interval, reset to the max value 100000.
2022-01-06 14:10:07,276 [main] WARN  server.ServerUtils (ServerUtils.java:sanitizeUserArgs(73)) - ozone.scm.stale.node.interval value = 300000 is larger than max = 100000 based on the key value of ozone.scm.heartbeat.thread.interval, reset to the max value 100000.
2022-01-06 14:10:07,282 [main] INFO  node.SCMNodeManager (SCMNodeManager.java:<init>(144)) - Entering startup safe mode.
2022-01-06 14:10:07,344 [main] INFO  algorithms.ContainerPlacementPolicyFactory (ContainerPlacementPolicyFactory.java:getPolicy(60)) - Create container placement policy of type org.apache.hadoop.hdds.scm.container.placement.algorithms.SCMContainerPlacementRandom
2022-01-06 14:10:07,353 [main] INFO  pipeline.PipelineStateManagerImpl (PipelineStateManagerImpl.java:initialize(78)) - No pipeline exists in current db
2022-01-06 14:10:07,388 [main] INFO  algorithms.LeaderChoosePolicyFactory (LeaderChoosePolicyFactory.java:getPolicy(57)) - Create leader choose policy of type org.apache.hadoop.hdds.scm.pipeline.leader.choose.algorithms.MinLeaderCountChoosePolicy
2022-01-06 14:10:07,394 [main] INFO  ha.SCMServiceManager (SCMServiceManager.java:register(43)) - Registering service BackgroundPipelineCreator.
2022-01-06 14:10:07,394 [main] INFO  pipeline.BackgroundPipelineCreator (BackgroundPipelineCreator.java:start(130)) - Starting RatisPipelineUtilsThread.
2022-01-06 14:10:07,424 [main] INFO  algorithms.PipelineChoosePolicyFactory (PipelineChoosePolicyFactory.java:createPipelineChoosePolicyFromClass(73)) - Create pipeline choose policy of type org.apache.hadoop.hdds.scm.pipeline.choose.algorithms.RandomPipelineChoosePolicy
2022-01-06 14:10:07,439 [main] INFO  ha.SCMServiceManager (SCMServiceManager.java:register(43)) - Registering service SCMBlockDeletingService.
2022-01-06 14:10:07,465 [main] INFO  ha.SCMServiceManager (SCMServiceManager.java:register(43)) - Registering service ReplicationManager.
2022-01-06 14:10:07,467 [main] INFO  container.ReplicationManager (ReplicationManager.java:start(319)) - Starting Replication Monitor Thread.
2022-01-06 14:10:07,477 [main] INFO  safemode.ContainerSafeModeRule (ContainerSafeModeRule.java:<init>(89)) - containers with one replica threshold count 0
2022-01-06 14:10:07,481 [ReplicationMonitor] INFO  container.ReplicationManager (ReplicationManager.java:processAll(371)) - Replication Monitor Thread took 1 milliseconds for processing 0 containers.
2022-01-06 14:10:07,482 [main] INFO  safemode.HealthyPipelineSafeModeRule (HealthyPipelineSafeModeRule.java:initializeRule(156)) - Total pipeline count is 0, healthy pipeline threshold count is 1
2022-01-06 14:10:07,484 [main] INFO  safemode.OneReplicaPipelineSafeModeRule (OneReplicaPipelineSafeModeRule.java:initializeRule(180)) - Total pipeline count is 0, pipeline's with at least one datanode reported threshold count is 0
2022-01-06 14:10:07,863 [main] INFO  ipc.CallQueueManager (CallQueueManager.java:<init>(90)) - Using callQueue: class java.util.concurrent.LinkedBlockingQueue, queueCapacity: 2000, scheduler: class org.apache.hadoop.ipc.DefaultRpcScheduler, ipcBackoff: false.
2022-01-06 14:10:07,910 [Socket Reader #1 for port 0] INFO  ipc.Server (Server.java:run(1265)) - Starting Socket Reader #1 for port 0
2022-01-06 14:10:07,952 [Listener at 0.0.0.0/44353] INFO  ipc.CallQueueManager (CallQueueManager.java:<init>(90)) - Using callQueue: class java.util.concurrent.LinkedBlockingQueue, queueCapacity: 2000, scheduler: class org.apache.hadoop.ipc.DefaultRpcScheduler, ipcBackoff: false.
2022-01-06 14:10:07,953 [Socket Reader #1 for port 0] INFO  ipc.Server (Server.java:run(1265)) - Starting Socket Reader #1 for port 0
2022-01-06 14:10:07,973 [Listener at 0.0.0.0/44275] INFO  ipc.CallQueueManager (CallQueueManager.java:<init>(90)) - Using callQueue: class java.util.concurrent.LinkedBlockingQueue, queueCapacity: 2000, scheduler: class org.apache.hadoop.ipc.DefaultRpcScheduler, ipcBackoff: false.
2022-01-06 14:10:07,974 [Socket Reader #1 for port 0] INFO  ipc.Server (Server.java:run(1265)) - Starting Socket Reader #1 for port 0
2022-01-06 14:10:08,031 [Listener at 0.0.0.0/43669] INFO  algorithms.ContainerPlacementPolicyFactory (ContainerPlacementPolicyFactory.java:getPolicy(60)) - Create container placement policy of type org.apache.hadoop.hdds.scm.container.placement.algorithms.SCMContainerPlacementRandom
2022-01-06 14:10:08,040 [Listener at 0.0.0.0/43669] INFO  server.StorageContainerManager (StorageContainerManager.java:<init>(388)) - 
Container Balancer status:
Key                            Value
Running                        false
Container Balancer Configuration values:
Key                                                Value
Threshold                                          0.1
Max Datanodes to Involve per Iteration(ratio)      0.2
Max Size to Move per Iteration                     30GB
Max Size Entering Target per Iteration             26GB
Max Size Leaving Source per Iteration              26GB

2022-01-06 14:10:08,040 [Listener at 0.0.0.0/43669] WARN  events.EventQueue (EventQueue.java:fireEvent(194)) - No event handler registered for event TypedEvent{payloadType=SafeModeStatus, name='Safe mode status'}
2022-01-06 14:10:08,040 [Listener at 0.0.0.0/43669] INFO  ha.SCMContext (SCMContext.java:updateSafeModeStatus(211)) - Update SafeModeStatus from SafeModeStatus{safeModeStatus=true, preCheckPassed=false} to SafeModeStatus{safeModeStatus=true, preCheckPassed=false}.
2022-01-06 14:10:08,044 [Listener at 0.0.0.0/43669] INFO  server.StorageContainerManager (StorageContainerManager.java:start(1303)) - StorageContainerLocationProtocol RPC server is listening at /0.0.0.0:43669
2022-01-06 14:10:08,118 [Listener at 0.0.0.0/43669] WARN  impl.MetricsConfig (MetricsConfig.java:loadFirst(136)) - Cannot locate configuration: tried hadoop-metrics2-storagecontainermanager.properties,hadoop-metrics2.properties
2022-01-06 14:10:08,136 [Listener at 0.0.0.0/43669] INFO  impl.MetricsSystemImpl (MetricsSystemImpl.java:startTimer(378)) - Scheduled Metric snapshot period at 10 second(s).
2022-01-06 14:10:08,136 [Listener at 0.0.0.0/43669] INFO  impl.MetricsSystemImpl (MetricsSystemImpl.java:start(191)) - StorageContainerManager metrics system started
2022-01-06 14:10:08,493 [Listener at 0.0.0.0/43669] INFO  server.SCMClientProtocolServer (SCMClientProtocolServer.java:start(164)) - RPC server for Client  is listening at /0.0.0.0:43669
2022-01-06 14:10:08,494 [IPC Server Responder] INFO  ipc.Server (Server.java:run(1507)) - IPC Server Responder: starting
2022-01-06 14:10:08,495 [IPC Server listener on 0] INFO  ipc.Server (Server.java:run(1344)) - IPC Server listener on 0: starting
2022-01-06 14:10:08,504 [Listener at 0.0.0.0/43669] INFO  server.StorageContainerManager (StorageContainerManager.java:start(1318)) - ScmBlockLocationProtocol RPC server is listening at /0.0.0.0:44275
2022-01-06 14:10:08,505 [Listener at 0.0.0.0/43669] INFO  server.SCMBlockProtocolServer (SCMBlockProtocolServer.java:start(151)) - RPC server for Block Protocol is listening at /0.0.0.0:44275
2022-01-06 14:10:08,506 [IPC Server Responder] INFO  ipc.Server (Server.java:run(1507)) - IPC Server Responder: starting
2022-01-06 14:10:08,507 [IPC Server listener on 0] INFO  ipc.Server (Server.java:run(1344)) - IPC Server listener on 0: starting
2022-01-06 14:10:08,510 [Listener at 0.0.0.0/43669] INFO  server.SCMDatanodeProtocolServer (SCMDatanodeProtocolServer.java:start(181)) - ScmDatanodeProtocol RPC server for DataNodes is listening at /0.0.0.0:44353
2022-01-06 14:10:08,510 [IPC Server Responder] INFO  ipc.Server (Server.java:run(1507)) - IPC Server Responder: starting
2022-01-06 14:10:08,511 [IPC Server listener on 0] INFO  ipc.Server (Server.java:run(1344)) - IPC Server listener on 0: starting
2022-01-06 14:10:08,527 [org.apache.hadoop.util.JvmPauseMonitor$Monitor@372841d2] INFO  util.JvmPauseMonitor (JvmPauseMonitor.java:run(188)) - Starting JVM pause monitor
2022-01-06 14:10:08,544 [Listener at 0.0.0.0/43669] INFO  http.BaseHttpServer (BaseHttpServer.java:newHttpServer2BuilderForOzone(209)) - Starting Web-server for scm at: http://0.0.0.0:0
2022-01-06 14:10:08,544 [Listener at 0.0.0.0/43669] INFO  http.BaseHttpServer (BaseHttpServer.java:<init>(107)) - Hadoop Security Enabled: false Ozone Security Enabled: false Ozone HTTP Security Enabled: false 
2022-01-06 14:10:08,573 [Listener at 0.0.0.0/43669] INFO  util.log (Log.java:initialized(170)) - Logging initialized @4342ms to org.eclipse.jetty.util.log.Slf4jLog
2022-01-06 14:10:08,686 [Listener at 0.0.0.0/43669] INFO  server.AuthenticationFilter (AuthenticationFilter.java:constructSecretProvider(240)) - Unable to initialize FileSignerSecretProvider, falling back to use random secrets.
2022-01-06 14:10:08,691 [Listener at 0.0.0.0/43669] WARN  http.HttpRequestLog (HttpRequestLog.java:getRequestLog(103)) - Jetty request log can only be enabled using Log4j
2022-01-06 14:10:08,696 [Listener at 0.0.0.0/43669] INFO  http.HttpServer2 (HttpServer2.java:addGlobalFilter(1030)) - Added global filter 'safety' (class=org.apache.hadoop.hdds.server.http.HttpServer2$QuotingInputFilter)
2022-01-06 14:10:08,698 [Listener at 0.0.0.0/43669] INFO  http.HttpServer2 (HttpServer2.java:addFilter(1006)) - Added filter static_user_filter (class=org.apache.hadoop.http.lib.StaticUserWebFilter$StaticUserFilter) to context scm
2022-01-06 14:10:08,699 [Listener at 0.0.0.0/43669] INFO  http.HttpServer2 (HttpServer2.java:addFilter(1014)) - Added filter static_user_filter (class=org.apache.hadoop.http.lib.StaticUserWebFilter$StaticUserFilter) to context static
2022-01-06 14:10:08,699 [Listener at 0.0.0.0/43669] INFO  http.HttpServer2 (HttpServer2.java:addFilter(1014)) - Added filter static_user_filter (class=org.apache.hadoop.http.lib.StaticUserWebFilter$StaticUserFilter) to context logs
2022-01-06 14:10:08,739 [Listener at 0.0.0.0/43669] INFO  http.HttpServer2 (HttpServer2.java:bindListener(1249)) - Jetty bound to port 34519
2022-01-06 14:10:08,741 [Listener at 0.0.0.0/43669] INFO  server.Server (Server.java:doStart(375)) - jetty-9.4.43.v20210629; built: 2021-06-30T11:07:22.254Z; git: 526006ecfa3af7f1a27ef3a288e2bef7ea9dd7e8; jvm 1.8.0_292-b10
2022-01-06 14:10:08,780 [Listener at 0.0.0.0/43669] INFO  server.session (DefaultSessionIdManager.java:doStart(334)) - DefaultSessionIdManager workerName=node0
2022-01-06 14:10:08,781 [Listener at 0.0.0.0/43669] INFO  server.session (DefaultSessionIdManager.java:doStart(339)) - No SessionScavenger set, using defaults
2022-01-06 14:10:08,783 [Listener at 0.0.0.0/43669] INFO  server.session (HouseKeeper.java:startScavenging(132)) - node0 Scavenging every 660000ms
2022-01-06 14:10:08,796 [Listener at 0.0.0.0/43669] INFO  handler.ContextHandler (ContextHandler.java:doStart(915)) - Started o.e.j.s.ServletContextHandler@21ed4a51{logs,/logs,file:///home/runner/work/ozone/ozone/hadoop-ozone/integration-test/target/log,AVAILABLE}
2022-01-06 14:10:08,797 [Listener at 0.0.0.0/43669] INFO  handler.ContextHandler (ContextHandler.java:doStart(915)) - Started o.e.j.s.ServletContextHandler@787a4519{static,/static,file:///home/runner/work/ozone/ozone/hadoop-ozone/integration-test/target/test-classes/webapps/static,AVAILABLE}
2022-01-06 14:10:08,840 [Listener at 0.0.0.0/43669] INFO  handler.ContextHandler (ContextHandler.java:doStart(915)) - Started o.e.j.w.WebAppContext@7ffe8a82{scm,/,file:///home/runner/work/ozone/ozone/hadoop-ozone/integration-test/target/test-classes/webapps/scm/,AVAILABLE}{file:/home/runner/work/ozone/ozone/hadoop-ozone/integration-test/target/test-classes/webapps/scm}
2022-01-06 14:10:08,849 [Listener at 0.0.0.0/43669] INFO  server.AbstractConnector (AbstractConnector.java:doStart(331)) - Started ServerConnector@261f5a45{HTTP/1.1, (http/1.1)}{0.0.0.0:34519}
2022-01-06 14:10:08,849 [Listener at 0.0.0.0/43669] INFO  server.Server (Server.java:doStart(415)) - Started @4618ms
2022-01-06 14:10:08,851 [Listener at 0.0.0.0/43669] INFO  impl.MetricsSinkAdapter (MetricsSinkAdapter.java:start(204)) - Sink prometheus started
2022-01-06 14:10:08,852 [Listener at 0.0.0.0/43669] INFO  impl.MetricsSystemImpl (MetricsSystemImpl.java:registerSink(305)) - Registered sink prometheus
2022-01-06 14:10:08,853 [Listener at 0.0.0.0/43669] INFO  http.BaseHttpServer (BaseHttpServer.java:updateConnectorAddress(329)) - HTTP server of scm listening at http://0.0.0.0:34519
2022-01-06 14:10:08,951 [Listener at 0.0.0.0/43669] INFO  ha.OMHANodeDetails (OMHANodeDetails.java:loadOMHAConfig(118)) - ServiceID for OzoneManager is om-service-test1
2022-01-06 14:10:08,957 [Listener at 0.0.0.0/43669] INFO  ha.OMHANodeDetails (OMHANodeDetails.java:loadOMHAConfig(193)) - Found matching OM address with OMServiceId: om-service-test1, OMNodeId: omNode-1, RPC Address: localhost:10216 and Ratis port: 10220
2022-01-06 14:10:08,958 [Listener at 0.0.0.0/43669] INFO  ha.OMHANodeDetails (ConfUtils.java:setNodeSpecificConfigs(108)) - Setting configuration key ozone.om.http-address with value of key ozone.om.http-address.om-service-test1.omNode-1: 127.0.0.1:10218
2022-01-06 14:10:08,958 [Listener at 0.0.0.0/43669] INFO  ha.OMHANodeDetails (ConfUtils.java:setNodeSpecificConfigs(108)) - Setting configuration key ozone.om.https-address with value of key ozone.om.https-address.om-service-test1.omNode-1: 127.0.0.1:10219
2022-01-06 14:10:08,958 [Listener at 0.0.0.0/43669] INFO  ha.OMHANodeDetails (ConfUtils.java:setNodeSpecificConfigs(108)) - Setting configuration key ozone.om.address with value of key ozone.om.address.om-service-test1.omNode-1: 127.0.0.1:10216
2022-01-06 14:10:08,959 [Listener at 0.0.0.0/43669] WARN  server.ServerUtils (ServerUtils.java:getDBPath(225)) - ozone.om.db.dirs is not configured. We recommend adding this setting. Falling back to ozone.metadata.dirs instead.
OM initialization succeeded.Current cluster id for sd=/home/runner/work/ozone/ozone/hadoop-ozone/integration-test/target/test-dir/MiniOzoneClusterImpl-fc1c6399-de52-4149-9dd2-17a3712db231/omNode-1/om;cid=fc1c6399-de52-4149-9dd2-17a3712db231;layoutVersion=0
2022-01-06 14:10:09,258 [Listener at 0.0.0.0/43669] INFO  ha.OMHANodeDetails (OMHANodeDetails.java:loadOMHAConfig(118)) - ServiceID for OzoneManager is om-service-test1
2022-01-06 14:10:09,259 [Listener at 0.0.0.0/43669] INFO  ha.OMHANodeDetails (OMHANodeDetails.java:loadOMHAConfig(193)) - Found matching OM address with OMServiceId: om-service-test1, OMNodeId: omNode-1, RPC Address: localhost:10216 and Ratis port: 10220
2022-01-06 14:10:09,259 [Listener at 0.0.0.0/43669] INFO  ha.OMHANodeDetails (ConfUtils.java:setNodeSpecificConfigs(108)) - Setting configuration key ozone.om.http-address with value of key ozone.om.http-address.om-service-test1.omNode-1: 127.0.0.1:10218
2022-01-06 14:10:09,259 [Listener at 0.0.0.0/43669] INFO  ha.OMHANodeDetails (ConfUtils.java:setNodeSpecificConfigs(108)) - Setting configuration key ozone.om.https-address with value of key ozone.om.https-address.om-service-test1.omNode-1: 127.0.0.1:10219
2022-01-06 14:10:09,259 [Listener at 0.0.0.0/43669] INFO  ha.OMHANodeDetails (ConfUtils.java:setNodeSpecificConfigs(108)) - Setting configuration key ozone.om.address with value of key ozone.om.address.om-service-test1.omNode-1: 127.0.0.1:10216
2022-01-06 14:10:09,260 [Listener at 0.0.0.0/43669] WARN  server.ServerUtils (ServerUtils.java:getDBPath(225)) - ozone.om.db.dirs is not configured. We recommend adding this setting. Falling back to ozone.metadata.dirs instead.
2022-01-06 14:10:09,262 [Listener at 0.0.0.0/43669] INFO  upgrade.AbstractLayoutVersionManager (AbstractLayoutVersionManager.java:init(79)) - Initializing Layout version manager with metadata layout = INITIAL_VERSION (version = 0), software layout = INITIAL_VERSION (version = 0)
2022-01-06 14:10:09,318 [Listener at 0.0.0.0/43669] INFO  reflections.Reflections (Reflections.java:scan(232)) - Reflections took 51 ms to scan 2 urls, producing 133 keys and 345 values [using 2 cores]
2022-01-06 14:10:09,323 [Listener at 0.0.0.0/43669] INFO  upgrade.OMLayoutVersionManager (OMLayoutVersionManager.java:lambda$0(115)) - Skipping Upgrade Action MockOmUpgradeAction since it has been finalized.
2022-01-06 14:10:09,325 [Listener at 0.0.0.0/43669] WARN  server.ServerUtils (ServerUtils.java:getDBPath(225)) - ozone.om.db.dirs is not configured. We recommend adding this setting. Falling back to ozone.metadata.dirs instead.
2022-01-06 14:10:09,485 [Listener at 0.0.0.0/43669] WARN  server.ServerUtils (ServerUtils.java:getDBPath(225)) - ozone.om.db.dirs is not configured. We recommend adding this setting. Falling back to ozone.metadata.dirs instead.
2022-01-06 14:10:09,492 [Listener at 0.0.0.0/43669] INFO  codec.OmKeyInfoCodec (OmKeyInfoCodec.java:<init>(50)) - OmKeyInfoCodec ignorePipeline = true
2022-01-06 14:10:09,494 [Listener at 0.0.0.0/43669] INFO  codec.RepeatedOmKeyInfoCodec (RepeatedOmKeyInfoCodec.java:<init>(42)) - RepeatedOmKeyInfoCodec ignorePipeline = true
2022-01-06 14:10:09,715 [Listener at 0.0.0.0/43669] INFO  om.OzoneManager (OzoneManager.java:addS3GVolumeToDB(3728)) - Created Volume s3v With Owner runner required for S3Gateway operations.
2022-01-06 14:10:09,759 [Listener at 0.0.0.0/43669] WARN  server.ServerUtils (ServerUtils.java:getDefaultRatisDirectory(237)) - Storage directory for Ratis is not configured. It is a good idea to map this to an SSD disk. Falling back to ozone.metadata.dirs
2022-01-06 14:10:09,760 [Listener at 0.0.0.0/43669] WARN  utils.OzoneManagerRatisUtils (OzoneManagerRatisUtils.java:getOMRatisSnapshotDirectory(323)) - ozone.om.ratis.snapshot.dir is not configured. Falling back to ozone.metadata.dirs config
2022-01-06 14:10:09,771 [Listener at 0.0.0.0/43669] INFO  snapshot.OzoneManagerSnapshotProvider (OzoneManagerSnapshotProvider.java:<init>(76)) - Initializing OM Snapshot Provider
2022-01-06 14:10:09,877 [Listener at 0.0.0.0/43669] WARN  server.ServerUtils (ServerUtils.java:getDefaultRatisDirectory(237)) - Storage directory for Ratis is not configured. It is a good idea to map this to an SSD disk. Falling back to ozone.metadata.dirs
2022-01-06 14:10:09,908 [Listener at 0.0.0.0/43669] INFO  ratis.OzoneManagerRatisServer (OzoneManagerRatisServer.java:<init>(159)) - Instantiating OM Ratis server with groupID: om-service-test1 and peers: localhost:10220, localhost:10232, localhost:10226
2022-01-06 14:10:09,917 [Listener at 0.0.0.0/43669] INFO  ratis.OzoneManagerStateMachine (OzoneManagerStateMachine.java:loadSnapshotInfoFromDB(605)) - LastAppliedIndex is set from TransactionInfo from OM DB as (t:0, i:~)
2022-01-06 14:10:09,959 [Listener at 0.0.0.0/43669] INFO  server.RaftServer (ConfUtils.java:logGet(44)) - raft.rpc.type = GRPC (default)
2022-01-06 14:10:10,052 [Listener at 0.0.0.0/43669] INFO  grpc.GrpcFactory (GrpcFactory.java:checkPooledByteBufAllocatorUseCacheForAllThreads(48)) - PERFORMANCE WARNING: useCacheForAllThreads is true that may cause Netty to create a lot garbage objects and, as a result, trigger GC.
	It is recommended to disable useCacheForAllThreads by setting -Dorg.apache.ratis.thirdparty.io.netty.allocator.useCacheForAllThreads=false in command line.
2022-01-06 14:10:10,058 [Listener at 0.0.0.0/43669] INFO  grpc.GrpcConfigKeys (ConfUtils.java:logGet(44)) - raft.grpc.admin.port = -1 (default)
2022-01-06 14:10:10,059 [Listener at 0.0.0.0/43669] INFO  grpc.GrpcConfigKeys (ConfUtils.java:logGet(44)) - raft.grpc.server.port = 10220 (custom)
2022-01-06 14:10:10,060 [Listener at 0.0.0.0/43669] INFO  grpc.GrpcConfigKeys (ConfUtils.java:logGet(44)) - raft.grpc.client.port = -1 (default)
2022-01-06 14:10:10,060 [Listener at 0.0.0.0/43669] INFO  grpc.GrpcConfigKeys (ConfUtils.java:logGet(44)) - raft.grpc.server.port = 10220 (custom)
2022-01-06 14:10:10,061 [Listener at 0.0.0.0/43669] INFO  grpc.GrpcConfigKeys (ConfUtils.java:logGet(44)) - raft.grpc.server.port = 10220 (custom)
2022-01-06 14:10:10,064 [Listener at 0.0.0.0/43669] INFO  server.GrpcService (ConfUtils.java:logGet(44)) - raft.grpc.message.size.max = 33554432 (custom)
2022-01-06 14:10:10,069 [Listener at 0.0.0.0/43669] INFO  server.RaftServerConfigKeys (ConfUtils.java:logGet(44)) - raft.server.log.appender.buffer.byte-limit = 33554432 (custom)
2022-01-06 14:10:10,073 [Listener at 0.0.0.0/43669] INFO  server.GrpcService (ConfUtils.java:logGet(44)) - raft.grpc.flow.control.window = 1MB (=1048576) (default)
2022-01-06 14:10:10,074 [Listener at 0.0.0.0/43669] INFO  server.RaftServerConfigKeys (ConfUtils.java:logGet(44)) - raft.server.rpc.request.timeout = 3000ms (default)
2022-01-06 14:10:10,426 [Listener at 0.0.0.0/43669] INFO  impl.DataStreamServerImpl (ConfUtils.java:logGet(44)) - raft.datastream.type = DISABLED (default)
2022-01-06 14:10:10,429 [Listener at 0.0.0.0/43669] INFO  server.RaftServerConfigKeys (ConfUtils.java:logGet(44)) - raft.server.rpc.slowness.timeout = 2s (custom)
2022-01-06 14:10:10,429 [Listener at 0.0.0.0/43669] INFO  server.RaftServerConfigKeys (ConfUtils.java:logGet(44)) - raft.server.leaderelection.leader.step-down.wait-time = 10s (default)
2022-01-06 14:10:10,447 [Listener at 0.0.0.0/43669] INFO  server.RaftServerConfigKeys (ConfUtils.java:logGet(44)) - raft.server.storage.dir = [/home/runner/work/ozone/ozone/hadoop-ozone/integration-test/target/test-dir/MiniOzoneClusterImpl-fc1c6399-de52-4149-9dd2-17a3712db231/omNode-1/ratis] (custom)
2022-01-06 14:10:10,454 [Listener at 0.0.0.0/43669] INFO  server.RaftServer (RaftServerProxy.java:addNew(95)) - omNode-1: addNew group-523986131536:[omNode-3|rpc:localhost:10232|priority:0, omNode-1|rpc:localhost:10220|priority:0, omNode-2|rpc:localhost:10226|priority:0] returns group-523986131536:java.util.concurrent.CompletableFuture@ad7d724[Not completed]
2022-01-06 14:10:10,454 [Listener at 0.0.0.0/43669] INFO  om.OzoneManager (OzoneManager.java:initializeRatisServer(1834)) - OzoneManager Ratis server initialized at port 10220
2022-01-06 14:10:10,484 [pool-39-thread-1] INFO  server.RaftServer$Division (RaftServerImpl.java:<init>(184)) - omNode-1: new RaftServerImpl for group-523986131536:[omNode-3|rpc:localhost:10232|priority:0, omNode-1|rpc:localhost:10220|priority:0, omNode-2|rpc:localhost:10226|priority:0] with OzoneManagerStateMachine:uninitialized
2022-01-06 14:10:10,489 [Listener at 0.0.0.0/43669] INFO  ipc.CallQueueManager (CallQueueManager.java:<init>(90)) - Using callQueue: class java.util.concurrent.LinkedBlockingQueue, queueCapacity: 2000, scheduler: class org.apache.hadoop.ipc.DefaultRpcScheduler, ipcBackoff: false.
2022-01-06 14:10:10,487 [pool-39-thread-1] INFO  server.RaftServerConfigKeys (ConfUtils.java:logGet(44)) - raft.server.rpc.timeout.min = 1s (custom)
2022-01-06 14:10:10,490 [pool-39-thread-1] INFO  server.RaftServerConfigKeys (ConfUtils.java:logGet(44)) - raft.server.rpc.timeout.max = 1200ms (custom)
2022-01-06 14:10:10,490 [pool-39-thread-1] INFO  server.RaftServerConfigKeys (ConfUtils.java:logGet(44)) - raft.server.rpc.sleep.time = 25ms (default)
2022-01-06 14:10:10,490 [pool-39-thread-1] INFO  server.RaftServerConfigKeys (ConfUtils.java:logGet(44)) - raft.server.rpc.slowness.timeout = 2s (custom)
2022-01-06 14:10:10,490 [pool-39-thread-1] INFO  server.RaftServerConfigKeys (ConfUtils.java:logGet(44)) - raft.server.leaderelection.leader.step-down.wait-time = 10s (default)
2022-01-06 14:10:10,490 [pool-39-thread-1] INFO  server.RaftServerConfigKeys (ConfUtils.java:logGet(44)) - raft.server.sleep.deviation.threshold = 300ms (default)
2022-01-06 14:10:10,491 [pool-39-thread-1] INFO  server.RaftServerConfigKeys (ConfUtils.java:logGet(44)) - raft.server.log.appender.install.snapshot.enabled = false (custom)
2022-01-06 14:10:10,497 [pool-39-thread-1] INFO  server.RaftServer$Division (ServerState.java:<init>(105)) - omNode-1@group-523986131536: ConfigurationManager, init=-1: [omNode-3|rpc:localhost:10232|priority:0, omNode-1|rpc:localhost:10220|priority:0, omNode-2|rpc:localhost:10226|priority:0], old=null, confs=<EMPTY_MAP>
2022-01-06 14:10:10,498 [pool-39-thread-1] INFO  server.RaftServerConfigKeys (ConfUtils.java:logGet(44)) - raft.server.storage.dir = [/home/runner/work/ozone/ozone/hadoop-ozone/integration-test/target/test-dir/MiniOzoneClusterImpl-fc1c6399-de52-4149-9dd2-17a3712db231/omNode-1/ratis] (custom)
2022-01-06 14:10:10,498 [Socket Reader #1 for port 10216] INFO  ipc.Server (Server.java:run(1265)) - Starting Socket Reader #1 for port 10216
2022-01-06 14:10:10,503 [pool-39-thread-1] INFO  server.RaftServerConfigKeys (ConfUtils.java:logGet(44)) - raft.server.log.corruption.policy = EXCEPTION (default)
2022-01-06 14:10:10,503 [pool-39-thread-1] INFO  server.RaftServerConfigKeys (ConfUtils.java:logGet(44)) - raft.server.storage.free-space.min = 0MB (=0) (default)
2022-01-06 14:10:10,516 [pool-39-thread-1] INFO  storage.RaftStorageDirectory (RaftStorageDirectoryImpl.java:analyzeStorage(135)) - The storage directory /home/runner/work/ozone/ozone/hadoop-ozone/integration-test/target/test-dir/MiniOzoneClusterImpl-fc1c6399-de52-4149-9dd2-17a3712db231/omNode-1/ratis/c9bc4cf4-3bc3-3c60-a66b-523986131536 does not exist. Creating ...
2022-01-06 14:10:10,530 [pool-39-thread-1] INFO  storage.RaftStorageDirectory (RaftStorageDirectoryImpl.java:tryLock(230)) - Lock on /home/runner/work/ozone/ozone/hadoop-ozone/integration-test/target/test-dir/MiniOzoneClusterImpl-fc1c6399-de52-4149-9dd2-17a3712db231/omNode-1/ratis/c9bc4cf4-3bc3-3c60-a66b-523986131536/in_use.lock acquired by nodename 10391@fv-az297-741
2022-01-06 14:10:10,545 [pool-39-thread-1] INFO  storage.RaftStorage (RaftStorageImpl.java:format(89)) - Storage directory /home/runner/work/ozone/ozone/hadoop-ozone/integration-test/target/test-dir/MiniOzoneClusterImpl-fc1c6399-de52-4149-9dd2-17a3712db231/omNode-1/ratis/c9bc4cf4-3bc3-3c60-a66b-523986131536 has been successfully formatted.
2022-01-06 14:10:10,548 [pool-39-thread-1] INFO  server.RaftServerConfigKeys (ConfUtils.java:logGet(44)) - raft.server.notification.no-leader.timeout = 2s (custom)
2022-01-06 14:10:10,553 [Listener at 127.0.0.1/10216] INFO  impl.MetricsSystemImpl (MetricsSystemImpl.java:init(158)) - OzoneManager metrics system started (again)
2022-01-06 14:10:10,553 [pool-39-thread-1] INFO  server.RaftServerConfigKeys (ConfUtils.java:logGet(44)) - raft.server.log.use.memory = false (default)
2022-01-06 14:10:10,566 [pool-39-thread-1] INFO  server.RaftServerConfigKeys (ConfUtils.java:logGet(44)) - raft.server.log.purge.gap = 50 (custom)
2022-01-06 14:10:10,567 [pool-39-thread-1] INFO  server.RaftServerConfigKeys (ConfUtils.java:logGet(44)) - raft.server.log.appender.buffer.byte-limit = 33554432 (custom)
2022-01-06 14:10:10,580 [pool-39-thread-1] INFO  server.RaftServerConfigKeys (ConfUtils.java:logGet(44)) - raft.server.log.segment.size.max = 4194304 (custom)
2022-01-06 14:10:10,584 [Listener at 127.0.0.1/10216] INFO  om.OzoneManager (OzoneManager.java:start(1365)) - OzoneManager RPC server is listening at localhost/127.0.0.1:10216
2022-01-06 14:10:10,584 [Listener at 127.0.0.1/10216] INFO  ratis.OzoneManagerRatisServer (OzoneManagerRatisServer.java:start(554)) - Starting OzoneManagerRatisServer omNode-1 at port 10220
2022-01-06 14:10:10,591 [pool-39-thread-1] INFO  server.RaftServerConfigKeys (ConfUtils.java:logGet(44)) - raft.server.log.segment.cache.num.max = 2 (custom)
2022-01-06 14:10:10,591 [pool-39-thread-1] INFO  server.RaftServerConfigKeys (ConfUtils.java:logGet(44)) - raft.server.log.segment.cache.size.max = 200MB (=209715200) (default)
2022-01-06 14:10:10,598 [pool-39-thread-1] INFO  segmented.SegmentedRaftLogWorker (SegmentedRaftLogWorker.java:<init>(182)) - new omNode-1@group-523986131536-SegmentedRaftLogWorker for RaftStorageImpl:Storage Directory /home/runner/work/ozone/ozone/hadoop-ozone/integration-test/target/test-dir/MiniOzoneClusterImpl-fc1c6399-de52-4149-9dd2-17a3712db231/omNode-1/ratis/c9bc4cf4-3bc3-3c60-a66b-523986131536
2022-01-06 14:10:10,598 [pool-39-thread-1] INFO  server.RaftServerConfigKeys (ConfUtils.java:logGet(44)) - raft.server.log.queue.byte-limit = 64MB (=67108864) (default)
2022-01-06 14:10:10,599 [pool-39-thread-1] INFO  server.RaftServerConfigKeys (ConfUtils.java:logGet(44)) - raft.server.log.queue.element-limit = 4096 (default)
2022-01-06 14:10:10,600 [pool-39-thread-1] INFO  server.RaftServerConfigKeys (ConfUtils.java:logGet(44)) - raft.server.log.segment.size.max = 4194304 (custom)
2022-01-06 14:10:10,600 [pool-39-thread-1] INFO  server.RaftServerConfigKeys (ConfUtils.java:logGet(44)) - raft.server.log.preallocated.size = 4194304 (custom)
2022-01-06 14:10:10,600 [pool-39-thread-1] INFO  server.RaftServerConfigKeys (ConfUtils.java:logGet(44)) - raft.server.log.force.sync.num = 128 (default)
2022-01-06 14:10:10,602 [pool-39-thread-1] INFO  server.RaftServerConfigKeys (ConfUtils.java:logGet(44)) - raft.server.log.statemachine.data.sync = true (default)
2022-01-06 14:10:10,602 [pool-39-thread-1] INFO  server.RaftServerConfigKeys (ConfUtils.java:logGet(44)) - raft.server.log.statemachine.data.sync.timeout = 10s (default)
2022-01-06 14:10:10,602 [pool-39-thread-1] INFO  server.RaftServerConfigKeys (ConfUtils.java:logGet(44)) - raft.server.log.statemachine.data.sync.timeout.retry = -1 (default)
2022-01-06 14:10:10,611 [pool-39-thread-1] INFO  server.RaftServerConfigKeys (ConfUtils.java:logGet(44)) - raft.server.log.write.buffer.size = 64KB (=65536) (default)
2022-01-06 14:10:10,612 [pool-39-thread-1] INFO  server.RaftServerConfigKeys (ConfUtils.java:logGet(44)) - raft.server.log.statemachine.data.caching.enabled = false (default)
2022-01-06 14:10:10,618 [pool-39-thread-1] INFO  segmented.SegmentedRaftLogWorker (SegmentedRaftLogWorker.java:lambda$new$0(133)) - omNode-1@group-523986131536-SegmentedRaftLogWorker: flushIndex: setUnconditionally 0 -> -1
2022-01-06 14:10:10,618 [pool-39-thread-1] INFO  segmented.SegmentedRaftLogWorker (SegmentedRaftLogWorker.java:lambda$new$0(133)) - omNode-1@group-523986131536-SegmentedRaftLogWorker: safeCacheEvictIndex: setUnconditionally 0 -> -1
2022-01-06 14:10:10,626 [pool-39-thread-1] INFO  server.RaftServerConfigKeys (ConfUtils.java:logGet(44)) - raft.server.snapshot.auto.trigger.enabled = true (custom)
2022-01-06 14:10:10,627 [pool-39-thread-1] INFO  server.RaftServerConfigKeys (ConfUtils.java:logGet(44)) - raft.server.snapshot.auto.trigger.threshold = 50 (custom)
2022-01-06 14:10:10,627 [pool-39-thread-1] INFO  server.RaftServerConfigKeys (ConfUtils.java:logGet(44)) - raft.server.snapshot.retention.file.num = -1 (default)
2022-01-06 14:10:10,630 [pool-39-thread-1] INFO  server.RaftServerConfigKeys (ConfUtils.java:logGet(44)) - raft.server.log.purge.upto.snapshot.index = true (custom)
2022-01-06 14:10:10,631 [pool-39-thread-1] INFO  server.RaftServerConfigKeys (ConfUtils.java:logGet(44)) - raft.server.retrycache.expirytime = 30000ms (custom)
2022-01-06 14:10:10,631 [pool-39-thread-1] INFO  server.RaftServerConfigKeys (ConfUtils.java:logGet(44)) - raft.server.retrycache.statistics.expirytime = 100μs (default)
2022-01-06 14:10:10,684 [Listener at 127.0.0.1/10216] INFO  server.RaftServer$Division (RaftServerImpl.java:start(301)) - omNode-1@group-523986131536: start as a follower, conf=-1: [omNode-3|rpc:localhost:10232|priority:0, omNode-1|rpc:localhost:10220|priority:0, omNode-2|rpc:localhost:10226|priority:0], old=null
2022-01-06 14:10:10,686 [Listener at 127.0.0.1/10216] INFO  server.RaftServer$Division (RaftServerImpl.java:setRole(290)) - omNode-1@group-523986131536: changes role from      null to FOLLOWER at term 0 for startAsFollower
2022-01-06 14:10:10,688 [Listener at 127.0.0.1/10216] INFO  impl.RoleInfo (RoleInfo.java:updateAndGet(130)) - omNode-1: start omNode-1@group-523986131536-FollowerState
2022-01-06 14:10:10,689 [Listener at 127.0.0.1/10216] INFO  util.JmxRegister (JmxRegister.java:tryRegister(44)) - Successfully registered JMX Bean with object name Ratis:service=RaftServer,group=group-523986131536,id=omNode-1
2022-01-06 14:10:10,693 [Listener at 127.0.0.1/10216] INFO  server.RaftServer (RaftServerProxy.java:lambda$start$5(374)) - omNode-1: start RPC server
2022-01-06 14:10:10,763 [Listener at 127.0.0.1/10216] INFO  server.GrpcService (GrpcService.java:startImpl(253)) - omNode-1: GrpcService started, listening on 10220
2022-01-06 14:10:10,765 [Listener at 127.0.0.1/10216] INFO  om.OzoneManager (OzoneManager.java:start(1381)) - Version File has different layout version (0) than OM DB (null). That is expected if this OM has never been finalized to a newer layout version.
2022-01-06 14:10:10,773 [Listener at 127.0.0.1/10216] INFO  http.BaseHttpServer (BaseHttpServer.java:newHttpServer2BuilderForOzone(209)) - Starting Web-server for ozoneManager at: http://0.0.0.0:10218
2022-01-06 14:10:10,773 [Listener at 127.0.0.1/10216] INFO  http.BaseHttpServer (BaseHttpServer.java:<init>(107)) - Hadoop Security Enabled: false Ozone Security Enabled: false Ozone HTTP Security Enabled: false 
2022-01-06 14:10:10,774 [org.apache.ratis.util.JvmPauseMonitor$$Lambda$531/572857286@685e398] INFO  util.JvmPauseMonitor (JvmPauseMonitor.java:run(103)) - JvmPauseMonitor-omNode-1: Started
2022-01-06 14:10:10,775 [Listener at 127.0.0.1/10216] INFO  server.AuthenticationFilter (AuthenticationFilter.java:constructSecretProvider(240)) - Unable to initialize FileSignerSecretProvider, falling back to use random secrets.
2022-01-06 14:10:10,784 [Listener at 127.0.0.1/10216] WARN  http.HttpRequestLog (HttpRequestLog.java:getRequestLog(103)) - Jetty request log can only be enabled using Log4j
2022-01-06 14:10:10,785 [Listener at 127.0.0.1/10216] INFO  http.HttpServer2 (HttpServer2.java:addGlobalFilter(1030)) - Added global filter 'safety' (class=org.apache.hadoop.hdds.server.http.HttpServer2$QuotingInputFilter)
2022-01-06 14:10:10,787 [Listener at 127.0.0.1/10216] INFO  http.HttpServer2 (HttpServer2.java:addFilter(1006)) - Added filter static_user_filter (class=org.apache.hadoop.http.lib.StaticUserWebFilter$StaticUserFilter) to context ozoneManager
2022-01-06 14:10:10,787 [Listener at 127.0.0.1/10216] INFO  http.HttpServer2 (HttpServer2.java:addFilter(1014)) - Added filter static_user_filter (class=org.apache.hadoop.http.lib.StaticUserWebFilter$StaticUserFilter) to context logs
2022-01-06 14:10:10,787 [Listener at 127.0.0.1/10216] INFO  http.HttpServer2 (HttpServer2.java:addFilter(1014)) - Added filter static_user_filter (class=org.apache.hadoop.http.lib.StaticUserWebFilter$StaticUserFilter) to context static
2022-01-06 14:10:10,793 [Listener at 127.0.0.1/10216] INFO  http.HttpServer2 (HttpServer2.java:bindListener(1249)) - Jetty bound to port 10218
2022-01-06 14:10:10,794 [Listener at 127.0.0.1/10216] INFO  server.Server (Server.java:doStart(375)) - jetty-9.4.43.v20210629; built: 2021-06-30T11:07:22.254Z; git: 526006ecfa3af7f1a27ef3a288e2bef7ea9dd7e8; jvm 1.8.0_292-b10
2022-01-06 14:10:10,795 [Listener at 127.0.0.1/10216] INFO  server.session (DefaultSessionIdManager.java:doStart(334)) - DefaultSessionIdManager workerName=node0
2022-01-06 14:10:10,796 [Listener at 127.0.0.1/10216] INFO  server.session (DefaultSessionIdManager.java:doStart(339)) - No SessionScavenger set, using defaults
2022-01-06 14:10:10,796 [Listener at 127.0.0.1/10216] INFO  server.session (HouseKeeper.java:startScavenging(132)) - node0 Scavenging every 660000ms
2022-01-06 14:10:10,797 [Listener at 127.0.0.1/10216] INFO  handler.ContextHandler (ContextHandler.java:doStart(915)) - Started o.e.j.s.ServletContextHandler@7d710482{logs,/logs,file:///home/runner/work/ozone/ozone/hadoop-ozone/integration-test/target/log,AVAILABLE}
2022-01-06 14:10:10,797 [Listener at 127.0.0.1/10216] INFO  handler.ContextHandler (ContextHandler.java:doStart(915)) - Started o.e.j.s.ServletContextHandler@67d361fa{static,/static,file:///home/runner/work/ozone/ozone/hadoop-ozone/integration-test/target/test-classes/webapps/static,AVAILABLE}
2022-01-06 14:10:10,801 [Listener at 127.0.0.1/10216] INFO  handler.ContextHandler (ContextHandler.java:doStart(915)) - Started o.e.j.w.WebAppContext@2c36c62a{ozoneManager,/,file:///home/runner/work/ozone/ozone/hadoop-ozone/integration-test/target/test-classes/webapps/ozoneManager/,AVAILABLE}{file:/home/runner/work/ozone/ozone/hadoop-ozone/integration-test/target/test-classes/webapps/ozoneManager}
2022-01-06 14:10:10,802 [Listener at 127.0.0.1/10216] INFO  server.AbstractConnector (AbstractConnector.java:doStart(331)) - Started ServerConnector@5c2086b4{HTTP/1.1, (http/1.1)}{0.0.0.0:10218}
2022-01-06 14:10:10,804 [Listener at 127.0.0.1/10216] INFO  server.Server (Server.java:doStart(415)) - Started @6573ms
2022-01-06 14:10:10,804 [Listener at 127.0.0.1/10216] WARN  impl.MetricsSystemImpl (MetricsSystemImpl.java:register(279)) - Sink prometheus already exists!
2022-01-06 14:10:10,805 [Listener at 127.0.0.1/10216] INFO  http.BaseHttpServer (BaseHttpServer.java:updateConnectorAddress(329)) - HTTP server of ozoneManager listening at http://0.0.0.0:10218
2022-01-06 14:10:10,806 [IPC Server Responder] INFO  ipc.Server (Server.java:run(1507)) - IPC Server Responder: starting
2022-01-06 14:10:10,808 [IPC Server listener on 10216] INFO  ipc.Server (Server.java:run(1344)) - IPC Server listener on 10216: starting
2022-01-06 14:10:10,817 [Listener at 127.0.0.1/10216] INFO  om.OzoneManager (OzoneManager.java:startTrashEmptier(1792)) - Trash Interval set to 0. Files deleted will not move to trash
2022-01-06 14:10:10,819 [Listener at 127.0.0.1/10216] INFO  ozone.MiniOzoneHAClusterImpl (MiniOzoneHAClusterImpl.java:createOMService(503)) - Started OzoneManager omNode-1 RPC server at localhost/127.0.0.1:10216
2022-01-06 14:10:10,819 [org.apache.hadoop.util.JvmPauseMonitor$Monitor@38f2c97e] INFO  util.JvmPauseMonitor (JvmPauseMonitor.java:run(188)) - Starting JVM pause monitor
2022-01-06 14:10:10,820 [Listener at 127.0.0.1/10216] INFO  ha.OMHANodeDetails (OMHANodeDetails.java:loadOMHAConfig(118)) - ServiceID for OzoneManager is om-service-test1
2022-01-06 14:10:10,821 [Listener at 127.0.0.1/10216] INFO  ha.OMHANodeDetails (OMHANodeDetails.java:loadOMHAConfig(193)) - Found matching OM address with OMServiceId: om-service-test1, OMNodeId: omNode-2, RPC Address: localhost:10222 and Ratis port: 10226
2022-01-06 14:10:10,821 [Listener at 127.0.0.1/10216] INFO  ha.OMHANodeDetails (ConfUtils.java:setNodeSpecificConfigs(108)) - Setting configuration key ozone.om.http-address with value of key ozone.om.http-address.om-service-test1.omNode-2: 127.0.0.1:10224
2022-01-06 14:10:10,821 [Listener at 127.0.0.1/10216] INFO  ha.OMHANodeDetails (ConfUtils.java:setNodeSpecificConfigs(108)) - Setting configuration key ozone.om.https-address with value of key ozone.om.https-address.om-service-test1.omNode-2: 127.0.0.1:10225
2022-01-06 14:10:10,821 [Listener at 127.0.0.1/10216] INFO  ha.OMHANodeDetails (ConfUtils.java:setNodeSpecificConfigs(108)) - Setting configuration key ozone.om.address with value of key ozone.om.address.om-service-test1.omNode-2: 127.0.0.1:10222
2022-01-06 14:10:10,822 [Listener at 127.0.0.1/10216] WARN  server.ServerUtils (ServerUtils.java:getDBPath(225)) - ozone.om.db.dirs is not configured. We recommend adding this setting. Falling back to ozone.metadata.dirs instead.
OM initialization succeeded.Current cluster id for sd=/home/runner/work/ozone/ozone/hadoop-ozone/integration-test/target/test-dir/MiniOzoneClusterImpl-fc1c6399-de52-4149-9dd2-17a3712db231/omNode-2/om;cid=fc1c6399-de52-4149-9dd2-17a3712db231;layoutVersion=0
2022-01-06 14:10:10,832 [Listener at 127.0.0.1/10216] INFO  ha.OMHANodeDetails (OMHANodeDetails.java:loadOMHAConfig(118)) - ServiceID for OzoneManager is om-service-test1
2022-01-06 14:10:10,833 [Listener at 127.0.0.1/10216] INFO  ha.OMHANodeDetails (OMHANodeDetails.java:loadOMHAConfig(193)) - Found matching OM address with OMServiceId: om-service-test1, OMNodeId: omNode-2, RPC Address: localhost:10222 and Ratis port: 10226
2022-01-06 14:10:10,833 [Listener at 127.0.0.1/10216] INFO  ha.OMHANodeDetails (ConfUtils.java:setNodeSpecificConfigs(108)) - Setting configuration key ozone.om.http-address with value of key ozone.om.http-address.om-service-test1.omNode-2: 127.0.0.1:10224
2022-01-06 14:10:10,833 [Listener at 127.0.0.1/10216] INFO  ha.OMHANodeDetails (ConfUtils.java:setNodeSpecificConfigs(108)) - Setting configuration key ozone.om.https-address with value of key ozone.om.https-address.om-service-test1.omNode-2: 127.0.0.1:10225
2022-01-06 14:10:10,834 [Listener at 127.0.0.1/10216] INFO  ha.OMHANodeDetails (ConfUtils.java:setNodeSpecificConfigs(108)) - Setting configuration key ozone.om.address with value of key ozone.om.address.om-service-test1.omNode-2: 127.0.0.1:10222
2022-01-06 14:10:10,834 [Listener at 127.0.0.1/10216] WARN  server.ServerUtils (ServerUtils.java:getDBPath(225)) - ozone.om.db.dirs is not configured. We recommend adding this setting. Falling back to ozone.metadata.dirs instead.
2022-01-06 14:10:10,834 [Listener at 127.0.0.1/10216] INFO  upgrade.AbstractLayoutVersionManager (AbstractLayoutVersionManager.java:init(79)) - Initializing Layout version manager with metadata layout = INITIAL_VERSION (version = 0), software layout = INITIAL_VERSION (version = 0)
2022-01-06 14:10:10,896 [Listener at 127.0.0.1/10216] INFO  reflections.Reflections (Reflections.java:scan(232)) - Reflections took 60 ms to scan 2 urls, producing 133 keys and 345 values [using 2 cores]
2022-01-06 14:10:10,896 [Listener at 127.0.0.1/10216] INFO  upgrade.OMLayoutVersionManager (OMLayoutVersionManager.java:lambda$0(115)) - Skipping Upgrade Action MockOmUpgradeAction since it has been finalized.
2022-01-06 14:10:10,896 [Listener at 127.0.0.1/10216] WARN  server.ServerUtils (ServerUtils.java:getDBPath(225)) - ozone.om.db.dirs is not configured. We recommend adding this setting. Falling back to ozone.metadata.dirs instead.
2022-01-06 14:10:10,902 [Listener at 127.0.0.1/10216] WARN  server.ServerUtils (ServerUtils.java:getDBPath(225)) - ozone.om.db.dirs is not configured. We recommend adding this setting. Falling back to ozone.metadata.dirs instead.
2022-01-06 14:10:10,903 [Listener at 127.0.0.1/10216] INFO  codec.OmKeyInfoCodec (OmKeyInfoCodec.java:<init>(50)) - OmKeyInfoCodec ignorePipeline = true
2022-01-06 14:10:10,903 [Listener at 127.0.0.1/10216] INFO  codec.RepeatedOmKeyInfoCodec (RepeatedOmKeyInfoCodec.java:<init>(42)) - RepeatedOmKeyInfoCodec ignorePipeline = true
2022-01-06 14:10:11,032 [Listener at 127.0.0.1/10216] INFO  om.OzoneManager (OzoneManager.java:addS3GVolumeToDB(3728)) - Created Volume s3v With Owner runner required for S3Gateway operations.
2022-01-06 14:10:11,032 [Listener at 127.0.0.1/10216] WARN  server.ServerUtils (ServerUtils.java:getDefaultRatisDirectory(237)) - Storage directory for Ratis is not configured. It is a good idea to map this to an SSD disk. Falling back to ozone.metadata.dirs
2022-01-06 14:10:11,033 [Listener at 127.0.0.1/10216] WARN  utils.OzoneManagerRatisUtils (OzoneManagerRatisUtils.java:getOMRatisSnapshotDirectory(323)) - ozone.om.ratis.snapshot.dir is not configured. Falling back to ozone.metadata.dirs config
2022-01-06 14:10:11,033 [Listener at 127.0.0.1/10216] INFO  snapshot.OzoneManagerSnapshotProvider (OzoneManagerSnapshotProvider.java:<init>(76)) - Initializing OM Snapshot Provider
2022-01-06 14:10:11,036 [Listener at 127.0.0.1/10216] WARN  impl.MetricRegistriesImpl (MetricRegistriesImpl.java:addReporterRegistration(111)) - New reporters are added after registries were created. Some metrics will be missing from the reporter. Please add reporter before adding any new registry.
2022-01-06 14:10:11,037 [Listener at 127.0.0.1/10216] WARN  impl.MetricRegistriesImpl (MetricRegistriesImpl.java:addReporterRegistration(111)) - New reporters are added after registries were created. Some metrics will be missing from the reporter. Please add reporter before adding any new registry.
2022-01-06 14:10:11,038 [Listener at 127.0.0.1/10216] WARN  server.ServerUtils (ServerUtils.java:getDefaultRatisDirectory(237)) - Storage directory for Ratis is not configured. It is a good idea to map this to an SSD disk. Falling back to ozone.metadata.dirs
2022-01-06 14:10:11,040 [Listener at 127.0.0.1/10216] INFO  ratis.OzoneManagerRatisServer (OzoneManagerRatisServer.java:<init>(159)) - Instantiating OM Ratis server with groupID: om-service-test1 and peers: localhost:10226, localhost:10232, localhost:10220
2022-01-06 14:10:11,040 [Listener at 127.0.0.1/10216] INFO  ratis.OzoneManagerStateMachine (OzoneManagerStateMachine.java:loadSnapshotInfoFromDB(605)) - LastAppliedIndex is set from TransactionInfo from OM DB as (t:0, i:~)
2022-01-06 14:10:11,044 [Listener at 127.0.0.1/10216] INFO  server.RaftServer (ConfUtils.java:logGet(44)) - raft.rpc.type = GRPC (default)
2022-01-06 14:10:11,045 [Listener at 127.0.0.1/10216] INFO  grpc.GrpcFactory (GrpcFactory.java:checkPooledByteBufAllocatorUseCacheForAllThreads(48)) - PERFORMANCE WARNING: useCacheForAllThreads is true that may cause Netty to create a lot garbage objects and, as a result, trigger GC.
	It is recommended to disable useCacheForAllThreads by setting -Dorg.apache.ratis.thirdparty.io.netty.allocator.useCacheForAllThreads=false in command line.
2022-01-06 14:10:11,045 [Listener at 127.0.0.1/10216] INFO  grpc.GrpcConfigKeys (ConfUtils.java:logGet(44)) - raft.grpc.admin.port = -1 (default)
2022-01-06 14:10:11,046 [Listener at 127.0.0.1/10216] INFO  grpc.GrpcConfigKeys (ConfUtils.java:logGet(44)) - raft.grpc.server.port = 10226 (custom)
2022-01-06 14:10:11,046 [Listener at 127.0.0.1/10216] INFO  grpc.GrpcConfigKeys (ConfUtils.java:logGet(44)) - raft.grpc.client.port = -1 (default)
2022-01-06 14:10:11,047 [Listener at 127.0.0.1/10216] INFO  grpc.GrpcConfigKeys (ConfUtils.java:logGet(44)) - raft.grpc.server.port = 10226 (custom)
2022-01-06 14:10:11,047 [Listener at 127.0.0.1/10216] INFO  grpc.GrpcConfigKeys (ConfUtils.java:logGet(44)) - raft.grpc.server.port = 10226 (custom)
2022-01-06 14:10:11,047 [Listener at 127.0.0.1/10216] INFO  server.GrpcService (ConfUtils.java:logGet(44)) - raft.grpc.message.size.max = 33554432 (custom)
2022-01-06 14:10:11,048 [Listener at 127.0.0.1/10216] INFO  server.RaftServerConfigKeys (ConfUtils.java:logGet(44)) - raft.server.log.appender.buffer.byte-limit = 33554432 (custom)
2022-01-06 14:10:11,049 [Listener at 127.0.0.1/10216] INFO  server.GrpcService (ConfUtils.java:logGet(44)) - raft.grpc.flow.control.window = 1MB (=1048576) (default)
2022-01-06 14:10:11,050 [Listener at 127.0.0.1/10216] INFO  server.RaftServerConfigKeys (ConfUtils.java:logGet(44)) - raft.server.rpc.request.timeout = 3000ms (default)
2022-01-06 14:10:11,052 [Listener at 127.0.0.1/10216] INFO  impl.DataStreamServerImpl (ConfUtils.java:logGet(44)) - raft.datastream.type = DISABLED (default)
2022-01-06 14:10:11,052 [Listener at 127.0.0.1/10216] INFO  server.RaftServerConfigKeys (ConfUtils.java:logGet(44)) - raft.server.rpc.slowness.timeout = 2s (custom)
2022-01-06 14:10:11,052 [Listener at 127.0.0.1/10216] INFO  server.RaftServerConfigKeys (ConfUtils.java:logGet(44)) - raft.server.leaderelection.leader.step-down.wait-time = 10s (default)
2022-01-06 14:10:11,052 [Listener at 127.0.0.1/10216] INFO  server.RaftServerConfigKeys (ConfUtils.java:logGet(44)) - raft.server.storage.dir = [/home/runner/work/ozone/ozone/hadoop-ozone/integration-test/target/test-dir/MiniOzoneClusterImpl-fc1c6399-de52-4149-9dd2-17a3712db231/omNode-2/ratis] (custom)
2022-01-06 14:10:11,053 [Listener at 127.0.0.1/10216] INFO  server.RaftServer (RaftServerProxy.java:addNew(95)) - omNode-2: addNew group-523986131536:[omNode-3|rpc:localhost:10232|priority:0, omNode-1|rpc:localhost:10220|priority:0, omNode-2|rpc:localhost:10226|priority:0] returns group-523986131536:java.util.concurrent.CompletableFuture@4bb13671[Not completed]
2022-01-06 14:10:11,053 [Listener at 127.0.0.1/10216] INFO  om.OzoneManager (OzoneManager.java:initializeRatisServer(1834)) - OzoneManager Ratis server initialized at port 10226
2022-01-06 14:10:11,058 [Listener at 127.0.0.1/10216] INFO  ipc.CallQueueManager (CallQueueManager.java:<init>(90)) - Using callQueue: class java.util.concurrent.LinkedBlockingQueue, queueCapacity: 2000, scheduler: class org.apache.hadoop.ipc.DefaultRpcScheduler, ipcBackoff: false.
2022-01-06 14:10:11,058 [pool-62-thread-1] INFO  server.RaftServer$Division (RaftServerImpl.java:<init>(184)) - omNode-2: new RaftServerImpl for group-523986131536:[omNode-3|rpc:localhost:10232|priority:0, omNode-1|rpc:localhost:10220|priority:0, omNode-2|rpc:localhost:10226|priority:0] with OzoneManagerStateMachine:uninitialized
2022-01-06 14:10:11,059 [Socket Reader #1 for port 10222] INFO  ipc.Server (Server.java:run(1265)) - Starting Socket Reader #1 for port 10222
2022-01-06 14:10:11,068 [pool-62-thread-1] INFO  server.RaftServerConfigKeys (ConfUtils.java:logGet(44)) - raft.server.rpc.timeout.min = 1s (custom)
2022-01-06 14:10:11,069 [pool-62-thread-1] INFO  server.RaftServerConfigKeys (ConfUtils.java:logGet(44)) - raft.server.rpc.timeout.max = 1200ms (custom)
2022-01-06 14:10:11,069 [pool-62-thread-1] INFO  server.RaftServerConfigKeys (ConfUtils.java:logGet(44)) - raft.server.rpc.sleep.time = 25ms (default)
2022-01-06 14:10:11,069 [pool-62-thread-1] INFO  server.RaftServerConfigKeys (ConfUtils.java:logGet(44)) - raft.server.rpc.slowness.timeout = 2s (custom)
2022-01-06 14:10:11,069 [pool-62-thread-1] INFO  server.RaftServerConfigKeys (ConfUtils.java:logGet(44)) - raft.server.leaderelection.leader.step-down.wait-time = 10s (default)
2022-01-06 14:10:11,069 [pool-62-thread-1] INFO  server.RaftServerConfigKeys (ConfUtils.java:logGet(44)) - raft.server.sleep.deviation.threshold = 300ms (default)
2022-01-06 14:10:11,069 [pool-62-thread-1] INFO  server.RaftServerConfigKeys (ConfUtils.java:logGet(44)) - raft.server.log.appender.install.snapshot.enabled = false (custom)
2022-01-06 14:10:11,069 [pool-62-thread-1] INFO  server.RaftServer$Division (ServerState.java:<init>(105)) - omNode-2@group-523986131536: ConfigurationManager, init=-1: [omNode-3|rpc:localhost:10232|priority:0, omNode-1|rpc:localhost:10220|priority:0, omNode-2|rpc:localhost:10226|priority:0], old=null, confs=<EMPTY_MAP>
2022-01-06 14:10:11,069 [pool-62-thread-1] INFO  server.RaftServerConfigKeys (ConfUtils.java:logGet(44)) - raft.server.storage.dir = [/home/runner/work/ozone/ozone/hadoop-ozone/integration-test/target/test-dir/MiniOzoneClusterImpl-fc1c6399-de52-4149-9dd2-17a3712db231/omNode-2/ratis] (custom)
2022-01-06 14:10:11,069 [pool-62-thread-1] INFO  server.RaftServerConfigKeys (ConfUtils.java:logGet(44)) - raft.server.log.corruption.policy = EXCEPTION (default)
2022-01-06 14:10:11,070 [pool-62-thread-1] INFO  server.RaftServerConfigKeys (ConfUtils.java:logGet(44)) - raft.server.storage.free-space.min = 0MB (=0) (default)
2022-01-06 14:10:11,070 [pool-62-thread-1] INFO  storage.RaftStorageDirectory (RaftStorageDirectoryImpl.java:analyzeStorage(135)) - The storage directory /home/runner/work/ozone/ozone/hadoop-ozone/integration-test/target/test-dir/MiniOzoneClusterImpl-fc1c6399-de52-4149-9dd2-17a3712db231/omNode-2/ratis/c9bc4cf4-3bc3-3c60-a66b-523986131536 does not exist. Creating ...
2022-01-06 14:10:11,071 [pool-62-thread-1] INFO  storage.RaftStorageDirectory (RaftStorageDirectoryImpl.java:tryLock(230)) - Lock on /home/runner/work/ozone/ozone/hadoop-ozone/integration-test/target/test-dir/MiniOzoneClusterImpl-fc1c6399-de52-4149-9dd2-17a3712db231/omNode-2/ratis/c9bc4cf4-3bc3-3c60-a66b-523986131536/in_use.lock acquired by nodename 10391@fv-az297-741
2022-01-06 14:10:11,073 [pool-62-thread-1] INFO  storage.RaftStorage (RaftStorageImpl.java:format(89)) - Storage directory /home/runner/work/ozone/ozone/hadoop-ozone/integration-test/target/test-dir/MiniOzoneClusterImpl-fc1c6399-de52-4149-9dd2-17a3712db231/omNode-2/ratis/c9bc4cf4-3bc3-3c60-a66b-523986131536 has been successfully formatted.
2022-01-06 14:10:11,079 [pool-62-thread-1] INFO  server.RaftServerConfigKeys (ConfUtils.java:logGet(44)) - raft.server.notification.no-leader.timeout = 2s (custom)
2022-01-06 14:10:11,080 [pool-62-thread-1] INFO  server.RaftServerConfigKeys (ConfUtils.java:logGet(44)) - raft.server.log.use.memory = false (default)
2022-01-06 14:10:11,080 [pool-62-thread-1] INFO  server.RaftServerConfigKeys (ConfUtils.java:logGet(44)) - raft.server.log.purge.gap = 50 (custom)
2022-01-06 14:10:11,080 [pool-62-thread-1] INFO  server.RaftServerConfigKeys (ConfUtils.java:logGet(44)) - raft.server.log.appender.buffer.byte-limit = 33554432 (custom)
2022-01-06 14:10:11,080 [pool-62-thread-1] INFO  server.RaftServerConfigKeys (ConfUtils.java:logGet(44)) - raft.server.log.segment.size.max = 4194304 (custom)
2022-01-06 14:10:11,081 [pool-62-thread-1] INFO  server.RaftServerConfigKeys (ConfUtils.java:logGet(44)) - raft.server.log.segment.cache.num.max = 2 (custom)
2022-01-06 14:10:11,081 [pool-62-thread-1] INFO  server.RaftServerConfigKeys (ConfUtils.java:logGet(44)) - raft.server.log.segment.cache.size.max = 200MB (=209715200) (default)
2022-01-06 14:10:11,081 [pool-62-thread-1] INFO  segmented.SegmentedRaftLogWorker (SegmentedRaftLogWorker.java:<init>(182)) - new omNode-2@group-523986131536-SegmentedRaftLogWorker for RaftStorageImpl:Storage Directory /home/runner/work/ozone/ozone/hadoop-ozone/integration-test/target/test-dir/MiniOzoneClusterImpl-fc1c6399-de52-4149-9dd2-17a3712db231/omNode-2/ratis/c9bc4cf4-3bc3-3c60-a66b-523986131536
2022-01-06 14:10:11,081 [pool-62-thread-1] INFO  server.RaftServerConfigKeys (ConfUtils.java:logGet(44)) - raft.server.log.queue.byte-limit = 64MB (=67108864) (default)
2022-01-06 14:10:11,081 [pool-62-thread-1] INFO  server.RaftServerConfigKeys (ConfUtils.java:logGet(44)) - raft.server.log.queue.element-limit = 4096 (default)
2022-01-06 14:10:11,081 [pool-62-thread-1] INFO  server.RaftServerConfigKeys (ConfUtils.java:logGet(44)) - raft.server.log.segment.size.max = 4194304 (custom)
2022-01-06 14:10:11,081 [pool-62-thread-1] INFO  server.RaftServerConfigKeys (ConfUtils.java:logGet(44)) - raft.server.log.preallocated.size = 4194304 (custom)
2022-01-06 14:10:11,081 [pool-62-thread-1] INFO  server.RaftServerConfigKeys (ConfUtils.java:logGet(44)) - raft.server.log.force.sync.num = 128 (default)
2022-01-06 14:10:11,082 [pool-62-thread-1] INFO  server.RaftServerConfigKeys (ConfUtils.java:logGet(44)) - raft.server.log.statemachine.data.sync = true (default)
2022-01-06 14:10:11,082 [pool-62-thread-1] INFO  server.RaftServerConfigKeys (ConfUtils.java:logGet(44)) - raft.server.log.statemachine.data.sync.timeout = 10s (default)
2022-01-06 14:10:11,082 [pool-62-thread-1] INFO  server.RaftServerConfigKeys (ConfUtils.java:logGet(44)) - raft.server.log.statemachine.data.sync.timeout.retry = -1 (default)
2022-01-06 14:10:11,085 [pool-62-thread-1] INFO  server.RaftServerConfigKeys (ConfUtils.java:logGet(44)) - raft.server.log.write.buffer.size = 64KB (=65536) (default)
2022-01-06 14:10:11,086 [pool-62-thread-1] INFO  server.RaftServerConfigKeys (ConfUtils.java:logGet(44)) - raft.server.log.statemachine.data.caching.enabled = false (default)
2022-01-06 14:10:11,086 [pool-62-thread-1] INFO  segmented.SegmentedRaftLogWorker (SegmentedRaftLogWorker.java:lambda$new$0(133)) - omNode-2@group-523986131536-SegmentedRaftLogWorker: flushIndex: setUnconditionally 0 -> -1
2022-01-06 14:10:11,086 [pool-62-thread-1] INFO  segmented.SegmentedRaftLogWorker (SegmentedRaftLogWorker.java:lambda$new$0(133)) - omNode-2@group-523986131536-SegmentedRaftLogWorker: safeCacheEvictIndex: setUnconditionally 0 -> -1
2022-01-06 14:10:11,092 [pool-62-thread-1] INFO  server.RaftServerConfigKeys (ConfUtils.java:logGet(44)) - raft.server.snapshot.auto.trigger.enabled = true (custom)
2022-01-06 14:10:11,092 [pool-62-thread-1] INFO  server.RaftServerConfigKeys (ConfUtils.java:logGet(44)) - raft.server.snapshot.auto.trigger.threshold = 50 (custom)
2022-01-06 14:10:11,092 [pool-62-thread-1] INFO  server.RaftServerConfigKeys (ConfUtils.java:logGet(44)) - raft.server.snapshot.retention.file.num = -1 (default)
2022-01-06 14:10:11,092 [pool-62-thread-1] INFO  server.RaftServerConfigKeys (ConfUtils.java:logGet(44)) - raft.server.log.purge.upto.snapshot.index = true (custom)
2022-01-06 14:10:11,092 [pool-62-thread-1] INFO  server.RaftServerConfigKeys (ConfUtils.java:logGet(44)) - raft.server.retrycache.expirytime = 30000ms (custom)
2022-01-06 14:10:11,092 [pool-62-thread-1] INFO  server.RaftServerConfigKeys (ConfUtils.java:logGet(44)) - raft.server.retrycache.statistics.expirytime = 100μs (default)
2022-01-06 14:10:11,106 [Listener at 127.0.0.1/10222] INFO  impl.MetricsSystemImpl (MetricsSystemImpl.java:init(158)) - OzoneManager metrics system started (again)
2022-01-06 14:10:11,125 [Listener at 127.0.0.1/10222] INFO  om.OzoneManager (OzoneManager.java:start(1365)) - OzoneManager RPC server is listening at localhost/127.0.0.1:10222
2022-01-06 14:10:11,126 [Listener at 127.0.0.1/10222] INFO  ratis.OzoneManagerRatisServer (OzoneManagerRatisServer.java:start(554)) - Starting OzoneManagerRatisServer omNode-2 at port 10226
2022-01-06 14:10:11,126 [Listener at 127.0.0.1/10222] INFO  server.RaftServer$Division (RaftServerImpl.java:start(301)) - omNode-2@group-523986131536: start as a follower, conf=-1: [omNode-3|rpc:localhost:10232|priority:0, omNode-1|rpc:localhost:10220|priority:0, omNode-2|rpc:localhost:10226|priority:0], old=null
2022-01-06 14:10:11,126 [Listener at 127.0.0.1/10222] INFO  server.RaftServer$Division (RaftServerImpl.java:setRole(290)) - omNode-2@group-523986131536: changes role from      null to FOLLOWER at term 0 for startAsFollower
2022-01-06 14:10:11,126 [Listener at 127.0.0.1/10222] INFO  impl.RoleInfo (RoleInfo.java:updateAndGet(130)) - omNode-2: start omNode-2@group-523986131536-FollowerState
2022-01-06 14:10:11,127 [Listener at 127.0.0.1/10222] INFO  util.JmxRegister (JmxRegister.java:tryRegister(44)) - Successfully registered JMX Bean with object name Ratis:service=RaftServer,group=group-523986131536,id=omNode-2
2022-01-06 14:10:11,132 [Listener at 127.0.0.1/10222] INFO  server.RaftServer (RaftServerProxy.java:lambda$start$5(374)) - omNode-2: start RPC server
2022-01-06 14:10:11,133 [Listener at 127.0.0.1/10222] INFO  server.GrpcService (GrpcService.java:startImpl(253)) - omNode-2: GrpcService started, listening on 10226
2022-01-06 14:10:11,134 [Listener at 127.0.0.1/10222] INFO  om.OzoneManager (OzoneManager.java:start(1381)) - Version File has different layout version (0) than OM DB (null). That is expected if this OM has never been finalized to a newer layout version.
2022-01-06 14:10:11,135 [org.apache.ratis.util.JvmPauseMonitor$$Lambda$531/572857286@5078c8f6] INFO  util.JvmPauseMonitor (JvmPauseMonitor.java:run(103)) - JvmPauseMonitor-omNode-2: Started
2022-01-06 14:10:11,140 [Listener at 127.0.0.1/10222] INFO  http.BaseHttpServer (BaseHttpServer.java:newHttpServer2BuilderForOzone(209)) - Starting Web-server for ozoneManager at: http://0.0.0.0:10224
2022-01-06 14:10:11,140 [Listener at 127.0.0.1/10222] INFO  http.BaseHttpServer (BaseHttpServer.java:<init>(107)) - Hadoop Security Enabled: false Ozone Security Enabled: false Ozone HTTP Security Enabled: false 
2022-01-06 14:10:11,145 [Listener at 127.0.0.1/10222] INFO  server.AuthenticationFilter (AuthenticationFilter.java:constructSecretProvider(240)) - Unable to initialize FileSignerSecretProvider, falling back to use random secrets.
2022-01-06 14:10:11,146 [Listener at 127.0.0.1/10222] WARN  http.HttpRequestLog (HttpRequestLog.java:getRequestLog(103)) - Jetty request log can only be enabled using Log4j
2022-01-06 14:10:11,147 [Listener at 127.0.0.1/10222] INFO  http.HttpServer2 (HttpServer2.java:addGlobalFilter(1030)) - Added global filter 'safety' (class=org.apache.hadoop.hdds.server.http.HttpServer2$QuotingInputFilter)
2022-01-06 14:10:11,148 [Listener at 127.0.0.1/10222] INFO  http.HttpServer2 (HttpServer2.java:addFilter(1006)) - Added filter static_user_filter (class=org.apache.hadoop.http.lib.StaticUserWebFilter$StaticUserFilter) to context ozoneManager
2022-01-06 14:10:11,149 [Listener at 127.0.0.1/10222] INFO  http.HttpServer2 (HttpServer2.java:addFilter(1014)) - Added filter static_user_filter (class=org.apache.hadoop.http.lib.StaticUserWebFilter$StaticUserFilter) to context logs
2022-01-06 14:10:11,149 [Listener at 127.0.0.1/10222] INFO  http.HttpServer2 (HttpServer2.java:addFilter(1014)) - Added filter static_user_filter (class=org.apache.hadoop.http.lib.StaticUserWebFilter$StaticUserFilter) to context static
2022-01-06 14:10:11,150 [Listener at 127.0.0.1/10222] INFO  http.HttpServer2 (HttpServer2.java:bindListener(1249)) - Jetty bound to port 10224
2022-01-06 14:10:11,150 [Listener at 127.0.0.1/10222] INFO  server.Server (Server.java:doStart(375)) - jetty-9.4.43.v20210629; built: 2021-06-30T11:07:22.254Z; git: 526006ecfa3af7f1a27ef3a288e2bef7ea9dd7e8; jvm 1.8.0_292-b10
2022-01-06 14:10:11,152 [Listener at 127.0.0.1/10222] INFO  server.session (DefaultSessionIdManager.java:doStart(334)) - DefaultSessionIdManager workerName=node0
2022-01-06 14:10:11,152 [Listener at 127.0.0.1/10222] INFO  server.session (DefaultSessionIdManager.java:doStart(339)) - No SessionScavenger set, using defaults
2022-01-06 14:10:11,152 [Listener at 127.0.0.1/10222] INFO  server.session (HouseKeeper.java:startScavenging(132)) - node0 Scavenging every 660000ms
2022-01-06 14:10:11,156 [Listener at 127.0.0.1/10222] INFO  handler.ContextHandler (ContextHandler.java:doStart(915)) - Started o.e.j.s.ServletContextHandler@1197cd8{logs,/logs,file:///home/runner/work/ozone/ozone/hadoop-ozone/integration-test/target/log,AVAILABLE}
2022-01-06 14:10:11,156 [Listener at 127.0.0.1/10222] INFO  handler.ContextHandler (ContextHandler.java:doStart(915)) - Started o.e.j.s.ServletContextHandler@1314700e{static,/static,file:///home/runner/work/ozone/ozone/hadoop-ozone/integration-test/target/test-classes/webapps/static,AVAILABLE}
2022-01-06 14:10:11,160 [Listener at 127.0.0.1/10222] INFO  handler.ContextHandler (ContextHandler.java:doStart(915)) - Started o.e.j.w.WebAppContext@2be0ea4a{ozoneManager,/,file:///home/runner/work/ozone/ozone/hadoop-ozone/integration-test/target/test-classes/webapps/ozoneManager/,AVAILABLE}{file:/home/runner/work/ozone/ozone/hadoop-ozone/integration-test/target/test-classes/webapps/ozoneManager}
2022-01-06 14:10:11,162 [Listener at 127.0.0.1/10222] INFO  server.AbstractConnector (AbstractConnector.java:doStart(331)) - Started ServerConnector@60e06e7e{HTTP/1.1, (http/1.1)}{0.0.0.0:10224}
2022-01-06 14:10:11,162 [Listener at 127.0.0.1/10222] INFO  server.Server (Server.java:doStart(415)) - Started @6931ms
2022-01-06 14:10:11,162 [Listener at 127.0.0.1/10222] WARN  impl.MetricsSystemImpl (MetricsSystemImpl.java:register(279)) - Sink prometheus already exists!
2022-01-06 14:10:11,163 [Listener at 127.0.0.1/10222] INFO  http.BaseHttpServer (BaseHttpServer.java:updateConnectorAddress(329)) - HTTP server of ozoneManager listening at http://0.0.0.0:10224
2022-01-06 14:10:11,163 [IPC Server Responder] INFO  ipc.Server (Server.java:run(1507)) - IPC Server Responder: starting
2022-01-06 14:10:11,163 [IPC Server listener on 10222] INFO  ipc.Server (Server.java:run(1344)) - IPC Server listener on 10222: starting
2022-01-06 14:10:11,166 [Listener at 127.0.0.1/10222] INFO  om.OzoneManager (OzoneManager.java:startTrashEmptier(1792)) - Trash Interval set to 0. Files deleted will not move to trash
2022-01-06 14:10:11,167 [Listener at 127.0.0.1/10222] INFO  ozone.MiniOzoneHAClusterImpl (MiniOzoneHAClusterImpl.java:createOMService(503)) - Started OzoneManager omNode-2 RPC server at localhost/127.0.0.1:10222
2022-01-06 14:10:11,168 [Listener at 127.0.0.1/10222] INFO  ha.OMHANodeDetails (OMHANodeDetails.java:loadOMHAConfig(118)) - ServiceID for OzoneManager is om-service-test1
2022-01-06 14:10:11,168 [Listener at 127.0.0.1/10222] INFO  ha.OMHANodeDetails (OMHANodeDetails.java:loadOMHAConfig(193)) - Found matching OM address with OMServiceId: om-service-test1, OMNodeId: omNode-3, RPC Address: localhost:10228 and Ratis port: 10232
2022-01-06 14:10:11,168 [Listener at 127.0.0.1/10222] INFO  ha.OMHANodeDetails (ConfUtils.java:setNodeSpecificConfigs(108)) - Setting configuration key ozone.om.http-address with value of key ozone.om.http-address.om-service-test1.omNode-3: 127.0.0.1:10230
2022-01-06 14:10:11,169 [Listener at 127.0.0.1/10222] INFO  ha.OMHANodeDetails (ConfUtils.java:setNodeSpecificConfigs(108)) - Setting configuration key ozone.om.https-address with value of key ozone.om.https-address.om-service-test1.omNode-3: 127.0.0.1:10231
2022-01-06 14:10:11,169 [Listener at 127.0.0.1/10222] INFO  ha.OMHANodeDetails (ConfUtils.java:setNodeSpecificConfigs(108)) - Setting configuration key ozone.om.address with value of key ozone.om.address.om-service-test1.omNode-3: 127.0.0.1:10228
2022-01-06 14:10:11,169 [Listener at 127.0.0.1/10222] WARN  server.ServerUtils (ServerUtils.java:getDBPath(225)) - ozone.om.db.dirs is not configured. We recommend adding this setting. Falling back to ozone.metadata.dirs instead.
2022-01-06 14:10:11,176 [org.apache.hadoop.util.JvmPauseMonitor$Monitor@5967b3ce] INFO  util.JvmPauseMonitor (JvmPauseMonitor.java:run(188)) - Starting JVM pause monitor
OM initialization succeeded.Current cluster id for sd=/home/runner/work/ozone/ozone/hadoop-ozone/integration-test/target/test-dir/MiniOzoneClusterImpl-fc1c6399-de52-4149-9dd2-17a3712db231/omNode-3/om;cid=fc1c6399-de52-4149-9dd2-17a3712db231;layoutVersion=0
2022-01-06 14:10:11,184 [Listener at 127.0.0.1/10222] INFO  ha.OMHANodeDetails (OMHANodeDetails.java:loadOMHAConfig(118)) - ServiceID for OzoneManager is om-service-test1
2022-01-06 14:10:11,184 [Listener at 127.0.0.1/10222] INFO  ha.OMHANodeDetails (OMHANodeDetails.java:loadOMHAConfig(193)) - Found matching OM address with OMServiceId: om-service-test1, OMNodeId: omNode-3, RPC Address: localhost:10228 and Ratis port: 10232
2022-01-06 14:10:11,184 [Listener at 127.0.0.1/10222] INFO  ha.OMHANodeDetails (ConfUtils.java:setNodeSpecificConfigs(108)) - Setting configuration key ozone.om.http-address with value of key ozone.om.http-address.om-service-test1.omNode-3: 127.0.0.1:10230
2022-01-06 14:10:11,185 [Listener at 127.0.0.1/10222] INFO  ha.OMHANodeDetails (ConfUtils.java:setNodeSpecificConfigs(108)) - Setting configuration key ozone.om.https-address with value of key ozone.om.https-address.om-service-test1.omNode-3: 127.0.0.1:10231
2022-01-06 14:10:11,185 [Listener at 127.0.0.1/10222] INFO  ha.OMHANodeDetails (ConfUtils.java:setNodeSpecificConfigs(108)) - Setting configuration key ozone.om.address with value of key ozone.om.address.om-service-test1.omNode-3: 127.0.0.1:10228
2022-01-06 14:10:11,185 [Listener at 127.0.0.1/10222] WARN  server.ServerUtils (ServerUtils.java:getDBPath(225)) - ozone.om.db.dirs is not configured. We recommend adding this setting. Falling back to ozone.metadata.dirs instead.
2022-01-06 14:10:11,185 [Listener at 127.0.0.1/10222] INFO  upgrade.AbstractLayoutVersionManager (AbstractLayoutVersionManager.java:init(79)) - Initializing Layout version manager with metadata layout = INITIAL_VERSION (version = 0), software layout = INITIAL_VERSION (version = 0)
2022-01-06 14:10:11,246 [Listener at 127.0.0.1/10222] INFO  reflections.Reflections (Reflections.java:scan(232)) - Reflections took 60 ms to scan 2 urls, producing 133 keys and 345 values [using 2 cores]
2022-01-06 14:10:11,247 [Listener at 127.0.0.1/10222] INFO  upgrade.OMLayoutVersionManager (OMLayoutVersionManager.java:lambda$0(115)) - Skipping Upgrade Action MockOmUpgradeAction since it has been finalized.
2022-01-06 14:10:11,247 [Listener at 127.0.0.1/10222] WARN  server.ServerUtils (ServerUtils.java:getDBPath(225)) - ozone.om.db.dirs is not configured. We recommend adding this setting. Falling back to ozone.metadata.dirs instead.
2022-01-06 14:10:11,257 [Listener at 127.0.0.1/10222] WARN  server.ServerUtils (ServerUtils.java:getDBPath(225)) - ozone.om.db.dirs is not configured. We recommend adding this setting. Falling back to ozone.metadata.dirs instead.
2022-01-06 14:10:11,258 [Listener at 127.0.0.1/10222] INFO  codec.OmKeyInfoCodec (OmKeyInfoCodec.java:<init>(50)) - OmKeyInfoCodec ignorePipeline = true
2022-01-06 14:10:11,258 [Listener at 127.0.0.1/10222] INFO  codec.RepeatedOmKeyInfoCodec (RepeatedOmKeyInfoCodec.java:<init>(42)) - RepeatedOmKeyInfoCodec ignorePipeline = true
2022-01-06 14:10:11,406 [Listener at 127.0.0.1/10222] INFO  om.OzoneManager (OzoneManager.java:addS3GVolumeToDB(3728)) - Created Volume s3v With Owner runner required for S3Gateway operations.
2022-01-06 14:10:11,406 [Listener at 127.0.0.1/10222] WARN  server.ServerUtils (ServerUtils.java:getDefaultRatisDirectory(237)) - Storage directory for Ratis is not configured. It is a good idea to map this to an SSD disk. Falling back to ozone.metadata.dirs
2022-01-06 14:10:11,408 [Listener at 127.0.0.1/10222] WARN  utils.OzoneManagerRatisUtils (OzoneManagerRatisUtils.java:getOMRatisSnapshotDirectory(323)) - ozone.om.ratis.snapshot.dir is not configured. Falling back to ozone.metadata.dirs config
2022-01-06 14:10:11,408 [Listener at 127.0.0.1/10222] INFO  snapshot.OzoneManagerSnapshotProvider (OzoneManagerSnapshotProvider.java:<init>(76)) - Initializing OM Snapshot Provider
2022-01-06 14:10:11,409 [Listener at 127.0.0.1/10222] WARN  impl.MetricRegistriesImpl (MetricRegistriesImpl.java:addReporterRegistration(111)) - New reporters are added after registries were created. Some metrics will be missing from the reporter. Please add reporter before adding any new registry.
2022-01-06 14:10:11,410 [Listener at 127.0.0.1/10222] WARN  impl.MetricRegistriesImpl (MetricRegistriesImpl.java:addReporterRegistration(111)) - New reporters are added after registries were created. Some metrics will be missing from the reporter. Please add reporter before adding any new registry.
2022-01-06 14:10:11,410 [Listener at 127.0.0.1/10222] WARN  server.ServerUtils (ServerUtils.java:getDefaultRatisDirectory(237)) - Storage directory for Ratis is not configured. It is a good idea to map this to an SSD disk. Falling back to ozone.metadata.dirs
2022-01-06 14:10:11,411 [Listener at 127.0.0.1/10222] INFO  ratis.OzoneManagerRatisServer (OzoneManagerRatisServer.java:<init>(159)) - Instantiating OM Ratis server with groupID: om-service-test1 and peers: localhost:10232, localhost:10220, localhost:10226
2022-01-06 14:10:11,411 [Listener at 127.0.0.1/10222] INFO  ratis.OzoneManagerStateMachine (OzoneManagerStateMachine.java:loadSnapshotInfoFromDB(605)) - LastAppliedIndex is set from TransactionInfo from OM DB as (t:0, i:~)
2022-01-06 14:10:11,412 [Listener at 127.0.0.1/10222] INFO  server.RaftServer (ConfUtils.java:logGet(44)) - raft.rpc.type = GRPC (default)
2022-01-06 14:10:11,412 [Listener at 127.0.0.1/10222] INFO  grpc.GrpcFactory (GrpcFactory.java:checkPooledByteBufAllocatorUseCacheForAllThreads(48)) - PERFORMANCE WARNING: useCacheForAllThreads is true that may cause Netty to create a lot garbage objects and, as a result, trigger GC.
	It is recommended to disable useCacheForAllThreads by setting -Dorg.apache.ratis.thirdparty.io.netty.allocator.useCacheForAllThreads=false in command line.
2022-01-06 14:10:11,412 [Listener at 127.0.0.1/10222] INFO  grpc.GrpcConfigKeys (ConfUtils.java:logGet(44)) - raft.grpc.admin.port = -1 (default)
2022-01-06 14:10:11,412 [Listener at 127.0.0.1/10222] INFO  grpc.GrpcConfigKeys (ConfUtils.java:logGet(44)) - raft.grpc.server.port = 10232 (custom)
2022-01-06 14:10:11,412 [Listener at 127.0.0.1/10222] INFO  grpc.GrpcConfigKeys (ConfUtils.java:logGet(44)) - raft.grpc.client.port = -1 (default)
2022-01-06 14:10:11,413 [Listener at 127.0.0.1/10222] INFO  grpc.GrpcConfigKeys (ConfUtils.java:logGet(44)) - raft.grpc.server.port = 10232 (custom)
2022-01-06 14:10:11,413 [Listener at 127.0.0.1/10222] INFO  grpc.GrpcConfigKeys (ConfUtils.java:logGet(44)) - raft.grpc.server.port = 10232 (custom)
2022-01-06 14:10:11,413 [Listener at 127.0.0.1/10222] INFO  server.GrpcService (ConfUtils.java:logGet(44)) - raft.grpc.message.size.max = 33554432 (custom)
2022-01-06 14:10:11,413 [Listener at 127.0.0.1/10222] INFO  server.RaftServerConfigKeys (ConfUtils.java:logGet(44)) - raft.server.log.appender.buffer.byte-limit = 33554432 (custom)
2022-01-06 14:10:11,413 [Listener at 127.0.0.1/10222] INFO  server.GrpcService (ConfUtils.java:logGet(44)) - raft.grpc.flow.control.window = 1MB (=1048576) (default)
2022-01-06 14:10:11,413 [Listener at 127.0.0.1/10222] INFO  server.RaftServerConfigKeys (ConfUtils.java:logGet(44)) - raft.server.rpc.request.timeout = 3000ms (default)
2022-01-06 14:10:11,415 [Listener at 127.0.0.1/10222] INFO  impl.DataStreamServerImpl (ConfUtils.java:logGet(44)) - raft.datastream.type = DISABLED (default)
2022-01-06 14:10:11,415 [Listener at 127.0.0.1/10222] INFO  server.RaftServerConfigKeys (ConfUtils.java:logGet(44)) - raft.server.rpc.slowness.timeout = 2s (custom)
2022-01-06 14:10:11,415 [Listener at 127.0.0.1/10222] INFO  server.RaftServerConfigKeys (ConfUtils.java:logGet(44)) - raft.server.leaderelection.leader.step-down.wait-time = 10s (default)
2022-01-06 14:10:11,415 [Listener at 127.0.0.1/10222] INFO  server.RaftServerConfigKeys (ConfUtils.java:logGet(44)) - raft.server.storage.dir = [/home/runner/work/ozone/ozone/hadoop-ozone/integration-test/target/test-dir/MiniOzoneClusterImpl-fc1c6399-de52-4149-9dd2-17a3712db231/omNode-3/ratis] (custom)
2022-01-06 14:10:11,415 [Listener at 127.0.0.1/10222] INFO  server.RaftServer (RaftServerProxy.java:addNew(95)) - omNode-3: addNew group-523986131536:[omNode-3|rpc:localhost:10232|priority:0, omNode-1|rpc:localhost:10220|priority:0, omNode-2|rpc:localhost:10226|priority:0] returns group-523986131536:java.util.concurrent.CompletableFuture@787073b3[Not completed]
2022-01-06 14:10:11,416 [pool-83-thread-1] INFO  server.RaftServer$Division (RaftServerImpl.java:<init>(184)) - omNode-3: new RaftServerImpl for group-523986131536:[omNode-3|rpc:localhost:10232|priority:0, omNode-1|rpc:localhost:10220|priority:0, omNode-2|rpc:localhost:10226|priority:0] with OzoneManagerStateMachine:uninitialized
2022-01-06 14:10:11,416 [Listener at 127.0.0.1/10222] INFO  om.OzoneManager (OzoneManager.java:initializeRatisServer(1834)) - OzoneManager Ratis server initialized at port 10232
2022-01-06 14:10:11,418 [Listener at 127.0.0.1/10222] INFO  ipc.CallQueueManager (CallQueueManager.java:<init>(90)) - Using callQueue: class java.util.concurrent.LinkedBlockingQueue, queueCapacity: 2000, scheduler: class org.apache.hadoop.ipc.DefaultRpcScheduler, ipcBackoff: false.
2022-01-06 14:10:11,419 [Socket Reader #1 for port 10228] INFO  ipc.Server (Server.java:run(1265)) - Starting Socket Reader #1 for port 10228
2022-01-06 14:10:11,424 [pool-83-thread-1] INFO  server.RaftServerConfigKeys (ConfUtils.java:logGet(44)) - raft.server.rpc.timeout.min = 1s (custom)
2022-01-06 14:10:11,425 [pool-83-thread-1] INFO  server.RaftServerConfigKeys (ConfUtils.java:logGet(44)) - raft.server.rpc.timeout.max = 1200ms (custom)
2022-01-06 14:10:11,425 [pool-83-thread-1] INFO  server.RaftServerConfigKeys (ConfUtils.java:logGet(44)) - raft.server.rpc.sleep.time = 25ms (default)
2022-01-06 14:10:11,426 [pool-83-thread-1] INFO  server.RaftServerConfigKeys (ConfUtils.java:logGet(44)) - raft.server.rpc.slowness.timeout = 2s (custom)
2022-01-06 14:10:11,426 [pool-83-thread-1] INFO  server.RaftServerConfigKeys (ConfUtils.java:logGet(44)) - raft.server.leaderelection.leader.step-down.wait-time = 10s (default)
2022-01-06 14:10:11,426 [pool-83-thread-1] INFO  server.RaftServerConfigKeys (ConfUtils.java:logGet(44)) - raft.server.sleep.deviation.threshold = 300ms (default)
2022-01-06 14:10:11,426 [pool-83-thread-1] INFO  server.RaftServerConfigKeys (ConfUtils.java:logGet(44)) - raft.server.log.appender.install.snapshot.enabled = false (custom)
2022-01-06 14:10:11,426 [pool-83-thread-1] INFO  server.RaftServer$Division (ServerState.java:<init>(105)) - omNode-3@group-523986131536: ConfigurationManager, init=-1: [omNode-3|rpc:localhost:10232|priority:0, omNode-1|rpc:localhost:10220|priority:0, omNode-2|rpc:localhost:10226|priority:0], old=null, confs=<EMPTY_MAP>
2022-01-06 14:10:11,426 [pool-83-thread-1] INFO  server.RaftServerConfigKeys (ConfUtils.java:logGet(44)) - raft.server.storage.dir = [/home/runner/work/ozone/ozone/hadoop-ozone/integration-test/target/test-dir/MiniOzoneClusterImpl-fc1c6399-de52-4149-9dd2-17a3712db231/omNode-3/ratis] (custom)
2022-01-06 14:10:11,440 [pool-83-thread-1] INFO  server.RaftServerConfigKeys (ConfUtils.java:logGet(44)) - raft.server.log.corruption.policy = EXCEPTION (default)
2022-01-06 14:10:11,440 [pool-83-thread-1] INFO  server.RaftServerConfigKeys (ConfUtils.java:logGet(44)) - raft.server.storage.free-space.min = 0MB (=0) (default)
2022-01-06 14:10:11,441 [pool-83-thread-1] INFO  storage.RaftStorageDirectory (RaftStorageDirectoryImpl.java:analyzeStorage(135)) - The storage directory /home/runner/work/ozone/ozone/hadoop-ozone/integration-test/target/test-dir/MiniOzoneClusterImpl-fc1c6399-de52-4149-9dd2-17a3712db231/omNode-3/ratis/c9bc4cf4-3bc3-3c60-a66b-523986131536 does not exist. Creating ...
2022-01-06 14:10:11,444 [pool-83-thread-1] INFO  storage.RaftStorageDirectory (RaftStorageDirectoryImpl.java:tryLock(230)) - Lock on /home/runner/work/ozone/ozone/hadoop-ozone/integration-test/target/test-dir/MiniOzoneClusterImpl-fc1c6399-de52-4149-9dd2-17a3712db231/omNode-3/ratis/c9bc4cf4-3bc3-3c60-a66b-523986131536/in_use.lock acquired by nodename 10391@fv-az297-741
2022-01-06 14:10:11,449 [pool-83-thread-1] INFO  storage.RaftStorage (RaftStorageImpl.java:format(89)) - Storage directory /home/runner/work/ozone/ozone/hadoop-ozone/integration-test/target/test-dir/MiniOzoneClusterImpl-fc1c6399-de52-4149-9dd2-17a3712db231/omNode-3/ratis/c9bc4cf4-3bc3-3c60-a66b-523986131536 has been successfully formatted.
2022-01-06 14:10:11,449 [pool-83-thread-1] INFO  server.RaftServerConfigKeys (ConfUtils.java:logGet(44)) - raft.server.notification.no-leader.timeout = 2s (custom)
2022-01-06 14:10:11,449 [pool-83-thread-1] INFO  server.RaftServerConfigKeys (ConfUtils.java:logGet(44)) - raft.server.log.use.memory = false (default)
2022-01-06 14:10:11,449 [pool-83-thread-1] INFO  server.RaftServerConfigKeys (ConfUtils.java:logGet(44)) - raft.server.log.purge.gap = 50 (custom)
2022-01-06 14:10:11,450 [pool-83-thread-1] INFO  server.RaftServerConfigKeys (ConfUtils.java:logGet(44)) - raft.server.log.appender.buffer.byte-limit = 33554432 (custom)
2022-01-06 14:10:11,450 [pool-83-thread-1] INFO  server.RaftServerConfigKeys (ConfUtils.java:logGet(44)) - raft.server.log.segment.size.max = 4194304 (custom)
2022-01-06 14:10:11,450 [pool-83-thread-1] INFO  server.RaftServerConfigKeys (ConfUtils.java:logGet(44)) - raft.server.log.segment.cache.num.max = 2 (custom)
2022-01-06 14:10:11,451 [pool-83-thread-1] INFO  server.RaftServerConfigKeys (ConfUtils.java:logGet(44)) - raft.server.log.segment.cache.size.max = 200MB (=209715200) (default)
2022-01-06 14:10:11,451 [pool-83-thread-1] INFO  segmented.SegmentedRaftLogWorker (SegmentedRaftLogWorker.java:<init>(182)) - new omNode-3@group-523986131536-SegmentedRaftLogWorker for RaftStorageImpl:Storage Directory /home/runner/work/ozone/ozone/hadoop-ozone/integration-test/target/test-dir/MiniOzoneClusterImpl-fc1c6399-de52-4149-9dd2-17a3712db231/omNode-3/ratis/c9bc4cf4-3bc3-3c60-a66b-523986131536
2022-01-06 14:10:11,451 [pool-83-thread-1] INFO  server.RaftServerConfigKeys (ConfUtils.java:logGet(44)) - raft.server.log.queue.byte-limit = 64MB (=67108864) (default)
2022-01-06 14:10:11,451 [pool-83-thread-1] INFO  server.RaftServerConfigKeys (ConfUtils.java:logGet(44)) - raft.server.log.queue.element-limit = 4096 (default)
2022-01-06 14:10:11,451 [pool-83-thread-1] INFO  server.RaftServerConfigKeys (ConfUtils.java:logGet(44)) - raft.server.log.segment.size.max = 4194304 (custom)
2022-01-06 14:10:11,451 [pool-83-thread-1] INFO  server.RaftServerConfigKeys (ConfUtils.java:logGet(44)) - raft.server.log.preallocated.size = 4194304 (custom)
2022-01-06 14:10:11,451 [pool-83-thread-1] INFO  server.RaftServerConfigKeys (ConfUtils.java:logGet(44)) - raft.server.log.force.sync.num = 128 (default)
2022-01-06 14:10:11,451 [pool-83-thread-1] INFO  server.RaftServerConfigKeys (ConfUtils.java:logGet(44)) - raft.server.log.statemachine.data.sync = true (default)
2022-01-06 14:10:11,451 [pool-83-thread-1] INFO  server.RaftServerConfigKeys (ConfUtils.java:logGet(44)) - raft.server.log.statemachine.data.sync.timeout = 10s (default)
2022-01-06 14:10:11,452 [pool-83-thread-1] INFO  server.RaftServerConfigKeys (ConfUtils.java:logGet(44)) - raft.server.log.statemachine.data.sync.timeout.retry = -1 (default)
2022-01-06 14:10:11,453 [pool-83-thread-1] INFO  server.RaftServerConfigKeys (ConfUtils.java:logGet(44)) - raft.server.log.write.buffer.size = 64KB (=65536) (default)
2022-01-06 14:10:11,453 [pool-83-thread-1] INFO  server.RaftServerConfigKeys (ConfUtils.java:logGet(44)) - raft.server.log.statemachine.data.caching.enabled = false (default)
2022-01-06 14:10:11,453 [pool-83-thread-1] INFO  segmented.SegmentedRaftLogWorker (SegmentedRaftLogWorker.java:lambda$new$0(133)) - omNode-3@group-523986131536-SegmentedRaftLogWorker: flushIndex: setUnconditionally 0 -> -1
2022-01-06 14:10:11,453 [pool-83-thread-1] INFO  segmented.SegmentedRaftLogWorker (SegmentedRaftLogWorker.java:lambda$new$0(133)) - omNode-3@group-523986131536-SegmentedRaftLogWorker: safeCacheEvictIndex: setUnconditionally 0 -> -1
2022-01-06 14:10:11,454 [pool-83-thread-1] INFO  server.RaftServerConfigKeys (ConfUtils.java:logGet(44)) - raft.server.snapshot.auto.trigger.enabled = true (custom)
2022-01-06 14:10:11,454 [pool-83-thread-1] INFO  server.RaftServerConfigKeys (ConfUtils.java:logGet(44)) - raft.server.snapshot.auto.trigger.threshold = 50 (custom)
2022-01-06 14:10:11,454 [pool-83-thread-1] INFO  server.RaftServerConfigKeys (ConfUtils.java:logGet(44)) - raft.server.snapshot.retention.file.num = -1 (default)
2022-01-06 14:10:11,454 [pool-83-thread-1] INFO  server.RaftServerConfigKeys (ConfUtils.java:logGet(44)) - raft.server.log.purge.upto.snapshot.index = true (custom)
2022-01-06 14:10:11,454 [pool-83-thread-1] INFO  server.RaftServerConfigKeys (ConfUtils.java:logGet(44)) - raft.server.retrycache.expirytime = 30000ms (custom)
2022-01-06 14:10:11,454 [pool-83-thread-1] INFO  server.RaftServerConfigKeys (ConfUtils.java:logGet(44)) - raft.server.retrycache.statistics.expirytime = 100μs (default)
2022-01-06 14:10:11,466 [Listener at 127.0.0.1/10228] INFO  impl.MetricsSystemImpl (MetricsSystemImpl.java:init(158)) - OzoneManager metrics system started (again)
2022-01-06 14:10:11,482 [Listener at 127.0.0.1/10228] INFO  om.OzoneManager (OzoneManager.java:start(1365)) - OzoneManager RPC server is listening at localhost/127.0.0.1:10228
2022-01-06 14:10:11,482 [Listener at 127.0.0.1/10228] INFO  ratis.OzoneManagerRatisServer (OzoneManagerRatisServer.java:start(554)) - Starting OzoneManagerRatisServer omNode-3 at port 10232
2022-01-06 14:10:11,482 [Listener at 127.0.0.1/10228] INFO  server.RaftServer$Division (RaftServerImpl.java:start(301)) - omNode-3@group-523986131536: start as a follower, conf=-1: [omNode-3|rpc:localhost:10232|priority:0, omNode-1|rpc:localhost:10220|priority:0, omNode-2|rpc:localhost:10226|priority:0], old=null
2022-01-06 14:10:11,483 [Listener at 127.0.0.1/10228] INFO  server.RaftServer$Division (RaftServerImpl.java:setRole(290)) - omNode-3@group-523986131536: changes role from      null to FOLLOWER at term 0 for startAsFollower
2022-01-06 14:10:11,483 [Listener at 127.0.0.1/10228] INFO  impl.RoleInfo (RoleInfo.java:updateAndGet(130)) - omNode-3: start omNode-3@group-523986131536-FollowerState
2022-01-06 14:10:11,483 [Listener at 127.0.0.1/10228] INFO  util.JmxRegister (JmxRegister.java:tryRegister(44)) - Successfully registered JMX Bean with object name Ratis:service=RaftServer,group=group-523986131536,id=omNode-3
2022-01-06 14:10:11,488 [Listener at 127.0.0.1/10228] INFO  server.RaftServer (RaftServerProxy.java:lambda$start$5(374)) - omNode-3: start RPC server
2022-01-06 14:10:11,493 [Listener at 127.0.0.1/10228] INFO  server.GrpcService (GrpcService.java:startImpl(253)) - omNode-3: GrpcService started, listening on 10232
2022-01-06 14:10:11,493 [Listener at 127.0.0.1/10228] INFO  om.OzoneManager (OzoneManager.java:start(1381)) - Version File has different layout version (0) than OM DB (null). That is expected if this OM has never been finalized to a newer layout version.
2022-01-06 14:10:11,494 [org.apache.ratis.util.JvmPauseMonitor$$Lambda$531/572857286@234a08ea] INFO  util.JvmPauseMonitor (JvmPauseMonitor.java:run(103)) - JvmPauseMonitor-omNode-3: Started
2022-01-06 14:10:11,496 [Listener at 127.0.0.1/10228] INFO  http.BaseHttpServer (BaseHttpServer.java:newHttpServer2BuilderForOzone(209)) - Starting Web-server for ozoneManager at: http://0.0.0.0:10230
2022-01-06 14:10:11,496 [Listener at 127.0.0.1/10228] INFO  http.BaseHttpServer (BaseHttpServer.java:<init>(107)) - Hadoop Security Enabled: false Ozone Security Enabled: false Ozone HTTP Security Enabled: false 
2022-01-06 14:10:11,498 [Listener at 127.0.0.1/10228] INFO  server.AuthenticationFilter (AuthenticationFilter.java:constructSecretProvider(240)) - Unable to initialize FileSignerSecretProvider, falling back to use random secrets.
2022-01-06 14:10:11,498 [Listener at 127.0.0.1/10228] WARN  http.HttpRequestLog (HttpRequestLog.java:getRequestLog(103)) - Jetty request log can only be enabled using Log4j
2022-01-06 14:10:11,499 [Listener at 127.0.0.1/10228] INFO  http.HttpServer2 (HttpServer2.java:addGlobalFilter(1030)) - Added global filter 'safety' (class=org.apache.hadoop.hdds.server.http.HttpServer2$QuotingInputFilter)
2022-01-06 14:10:11,500 [Listener at 127.0.0.1/10228] INFO  http.HttpServer2 (HttpServer2.java:addFilter(1006)) - Added filter static_user_filter (class=org.apache.hadoop.http.lib.StaticUserWebFilter$StaticUserFilter) to context ozoneManager
2022-01-06 14:10:11,500 [Listener at 127.0.0.1/10228] INFO  http.HttpServer2 (HttpServer2.java:addFilter(1014)) - Added filter static_user_filter (class=org.apache.hadoop.http.lib.StaticUserWebFilter$StaticUserFilter) to context static
2022-01-06 14:10:11,501 [Listener at 127.0.0.1/10228] INFO  http.HttpServer2 (HttpServer2.java:addFilter(1014)) - Added filter static_user_filter (class=org.apache.hadoop.http.lib.StaticUserWebFilter$StaticUserFilter) to context logs
2022-01-06 14:10:11,501 [Listener at 127.0.0.1/10228] INFO  http.HttpServer2 (HttpServer2.java:bindListener(1249)) - Jetty bound to port 10230
2022-01-06 14:10:11,501 [Listener at 127.0.0.1/10228] INFO  server.Server (Server.java:doStart(375)) - jetty-9.4.43.v20210629; built: 2021-06-30T11:07:22.254Z; git: 526006ecfa3af7f1a27ef3a288e2bef7ea9dd7e8; jvm 1.8.0_292-b10
2022-01-06 14:10:11,504 [Listener at 127.0.0.1/10228] INFO  server.session (DefaultSessionIdManager.java:doStart(334)) - DefaultSessionIdManager workerName=node0
2022-01-06 14:10:11,504 [Listener at 127.0.0.1/10228] INFO  server.session (DefaultSessionIdManager.java:doStart(339)) - No SessionScavenger set, using defaults
2022-01-06 14:10:11,505 [Listener at 127.0.0.1/10228] INFO  server.session (HouseKeeper.java:startScavenging(132)) - node0 Scavenging every 600000ms
2022-01-06 14:10:11,510 [Listener at 127.0.0.1/10228] INFO  handler.ContextHandler (ContextHandler.java:doStart(915)) - Started o.e.j.s.ServletContextHandler@547a79cd{logs,/logs,file:///home/runner/work/ozone/ozone/hadoop-ozone/integration-test/target/log,AVAILABLE}
2022-01-06 14:10:11,511 [Listener at 127.0.0.1/10228] INFO  handler.ContextHandler (ContextHandler.java:doStart(915)) - Started o.e.j.s.ServletContextHandler@25e7e6d{static,/static,file:///home/runner/work/ozone/ozone/hadoop-ozone/integration-test/target/test-classes/webapps/static,AVAILABLE}
2022-01-06 14:10:11,524 [Listener at 127.0.0.1/10228] INFO  handler.ContextHandler (ContextHandler.java:doStart(915)) - Started o.e.j.w.WebAppContext@2986e26f{ozoneManager,/,file:///home/runner/work/ozone/ozone/hadoop-ozone/integration-test/target/test-classes/webapps/ozoneManager/,AVAILABLE}{file:/home/runner/work/ozone/ozone/hadoop-ozone/integration-test/target/test-classes/webapps/ozoneManager}
2022-01-06 14:10:11,529 [Listener at 127.0.0.1/10228] INFO  server.AbstractConnector (AbstractConnector.java:doStart(331)) - Started ServerConnector@4c66b3d9{HTTP/1.1, (http/1.1)}{0.0.0.0:10230}
2022-01-06 14:10:11,530 [Listener at 127.0.0.1/10228] INFO  server.Server (Server.java:doStart(415)) - Started @7299ms
2022-01-06 14:10:11,530 [Listener at 127.0.0.1/10228] WARN  impl.MetricsSystemImpl (MetricsSystemImpl.java:register(279)) - Sink prometheus already exists!
2022-01-06 14:10:11,530 [Listener at 127.0.0.1/10228] INFO  http.BaseHttpServer (BaseHttpServer.java:updateConnectorAddress(329)) - HTTP server of ozoneManager listening at http://0.0.0.0:10230
2022-01-06 14:10:11,531 [IPC Server Responder] INFO  ipc.Server (Server.java:run(1507)) - IPC Server Responder: starting
2022-01-06 14:10:11,531 [IPC Server listener on 10228] INFO  ipc.Server (Server.java:run(1344)) - IPC Server listener on 10228: starting
2022-01-06 14:10:11,540 [Listener at 127.0.0.1/10228] INFO  om.OzoneManager (OzoneManager.java:startTrashEmptier(1792)) - Trash Interval set to 0. Files deleted will not move to trash
2022-01-06 14:10:11,540 [Listener at 127.0.0.1/10228] INFO  ozone.MiniOzoneHAClusterImpl (MiniOzoneHAClusterImpl.java:createOMService(503)) - Started OzoneManager omNode-3 RPC server at localhost/127.0.0.1:10228
2022-01-06 14:10:11,544 [org.apache.hadoop.util.JvmPauseMonitor$Monitor@4b7feb38] INFO  util.JvmPauseMonitor (JvmPauseMonitor.java:run(188)) - Starting JVM pause monitor
2022-01-06 14:10:11,733 [Listener at 127.0.0.1/10228] WARN  impl.MetricRegistriesImpl (MetricRegistriesImpl.java:addReporterRegistration(111)) - New reporters are added after registries were created. Some metrics will be missing from the reporter. Please add reporter before adding any new registry.
2022-01-06 14:10:11,734 [Listener at 127.0.0.1/10228] WARN  impl.MetricRegistriesImpl (MetricRegistriesImpl.java:addReporterRegistration(111)) - New reporters are added after registries were created. Some metrics will be missing from the reporter. Please add reporter before adding any new registry.
2022-01-06 14:10:11,734 [Listener at 127.0.0.1/10228] INFO  impl.MetricsSystemImpl (MetricsSystemImpl.java:init(158)) - HddsDatanode metrics system started (again)
2022-01-06 14:10:11,751 [Listener at 127.0.0.1/10228] INFO  ozone.HddsDatanodeService (HddsDatanodeService.java:start(234)) - HddsDatanodeService host:fv-az297-741.nmf1rxwemy4u5di1sxxf4ejcwb.jx.internal.cloudapp.net ip:10.1.0.7
2022-01-06 14:10:11,784 [Listener at 127.0.0.1/10228] INFO  upgrade.AbstractLayoutVersionManager (AbstractLayoutVersionManager.java:init(79)) - Initializing Layout version manager with metadata layout = SCM_HA (version = 2), software layout = SCM_HA (version = 2)
2022-01-06 14:10:11,827 [Listener at 127.0.0.1/10228] INFO  reflections.Reflections (Reflections.java:scan(232)) - Reflections took 42 ms to scan 7 urls, producing 119 keys and 279 values 
2022-01-06 14:10:11,831 [Listener at 127.0.0.1/10228] INFO  statemachine.DatanodeStateMachine (DatanodeStateMachine.java:getEndPointTaskThreadPoolSize(219)) - Datanode State Machine Task Thread Pool size 2
2022-01-06 14:10:11,857 [omNode-1@group-523986131536-FollowerState] INFO  impl.FollowerState (FollowerState.java:run(134)) - omNode-1@group-523986131536-FollowerState: change to CANDIDATE, lastRpcElapsedTime:1169744461ns, electionTimeout:1164ms
2022-01-06 14:10:11,858 [omNode-1@group-523986131536-FollowerState] INFO  impl.RoleInfo (RoleInfo.java:shutdownFollowerState(108)) - omNode-1: shutdown omNode-1@group-523986131536-FollowerState
2022-01-06 14:10:11,859 [omNode-1@group-523986131536-FollowerState] INFO  server.RaftServer$Division (RaftServerImpl.java:setRole(290)) - omNode-1@group-523986131536: changes role from  FOLLOWER to CANDIDATE at term 0 for changeToCandidate
2022-01-06 14:10:11,862 [omNode-1@group-523986131536-FollowerState] INFO  server.RaftServerConfigKeys (ConfUtils.java:logGet(44)) - raft.server.leaderelection.pre-vote = false (custom)
2022-01-06 14:10:11,862 [omNode-1@group-523986131536-FollowerState] INFO  impl.RoleInfo (RoleInfo.java:updateAndGet(130)) - omNode-1: start omNode-1@group-523986131536-LeaderElection1
2022-01-06 14:10:11,874 [omNode-1@group-523986131536-LeaderElection1] INFO  impl.LeaderElection (LeaderElection.java:askForVotes(306)) - omNode-1@group-523986131536-LeaderElection1 ELECTION round 0: submit vote requests at term 1 for -1: [omNode-3|rpc:localhost:10232|priority:0, omNode-1|rpc:localhost:10220|priority:0, omNode-2|rpc:localhost:10226|priority:0], old=null
2022-01-06 14:10:11,913 [Listener at 127.0.0.1/10228] INFO  volume.HddsVolume (HddsVolume.java:<init>(120)) - Creating HddsVolume: /home/runner/work/ozone/ozone/hadoop-ozone/integration-test/target/test-dir/MiniOzoneClusterImpl-fc1c6399-de52-4149-9dd2-17a3712db231/datanode-0/data-0/containers/hdds of storage type : DISK capacity : 9223372036854775807
2022-01-06 14:10:11,915 [Listener at 127.0.0.1/10228] INFO  volume.MutableVolumeSet (MutableVolumeSet.java:initializeVolumeSet(168)) - Added Volume : /home/runner/work/ozone/ozone/hadoop-ozone/integration-test/target/test-dir/MiniOzoneClusterImpl-fc1c6399-de52-4149-9dd2-17a3712db231/datanode-0/data-0/containers/hdds to VolumeSet
2022-01-06 14:10:11,924 [Listener at 127.0.0.1/10228] INFO  volume.ThrottledAsyncChecker (ThrottledAsyncChecker.java:schedule(141)) - Scheduling a check for /home/runner/work/ozone/ozone/hadoop-ozone/integration-test/target/test-dir/MiniOzoneClusterImpl-fc1c6399-de52-4149-9dd2-17a3712db231/datanode-0/data-0/containers/hdds
2022-01-06 14:10:12,164 [org.apache.ratis.util.JvmPauseMonitor$$Lambda$531/572857286@234a08ea] WARN  util.JvmPauseMonitor (JvmPauseMonitor.java:detectPause(124)) - JvmPauseMonitor-omNode-3: Detected pause in JVM or host machine (eg GC): pause of approximately 169966736ns.
GC pool 'PS MarkSweep' had collection(s): count=1 time=170ms
GC pool 'PS Scavenge' had collection(s): count=2 time=41ms
2022-01-06 14:10:12,174 [Listener at 127.0.0.1/10228] INFO  volume.StorageVolumeChecker (StorageVolumeChecker.java:checkAllVolumes(202)) - Scheduled health check for volume /home/runner/work/ozone/ozone/hadoop-ozone/integration-test/target/test-dir/MiniOzoneClusterImpl-fc1c6399-de52-4149-9dd2-17a3712db231/datanode-0/data-0/containers/hdds
2022-01-06 14:10:12,223 [Listener at 127.0.0.1/10228] INFO  volume.MutableVolumeSet (MutableVolumeSet.java:initializeVolumeSet(168)) - Added Volume : /home/runner/work/ozone/ozone/hadoop-ozone/integration-test/target/test-dir/MiniOzoneClusterImpl-fc1c6399-de52-4149-9dd2-17a3712db231/datanode-0/data/ratis to VolumeSet
2022-01-06 14:10:12,223 [Listener at 127.0.0.1/10228] INFO  volume.ThrottledAsyncChecker (ThrottledAsyncChecker.java:schedule(141)) - Scheduling a check for /home/runner/work/ozone/ozone/hadoop-ozone/integration-test/target/test-dir/MiniOzoneClusterImpl-fc1c6399-de52-4149-9dd2-17a3712db231/datanode-0/data/ratis
2022-01-06 14:10:12,224 [Listener at 127.0.0.1/10228] INFO  volume.StorageVolumeChecker (StorageVolumeChecker.java:checkAllVolumes(202)) - Scheduled health check for volume /home/runner/work/ozone/ozone/hadoop-ozone/integration-test/target/test-dir/MiniOzoneClusterImpl-fc1c6399-de52-4149-9dd2-17a3712db231/datanode-0/data/ratis
2022-01-06 14:10:12,258 [Thread-218] INFO  ozoneimpl.ContainerReader (ContainerReader.java:readVolume(172)) - Finish verifying containers on volume /home/runner/work/ozone/ozone/hadoop-ozone/integration-test/target/test-dir/MiniOzoneClusterImpl-fc1c6399-de52-4149-9dd2-17a3712db231/datanode-0/data-0/containers/hdds
2022-01-06 14:10:12,258 [Listener at 127.0.0.1/10228] INFO  ozoneimpl.OzoneContainer (OzoneContainer.java:buildContainerSet(237)) - Build ContainerSet costs 0s
2022-01-06 14:10:12,258 [omNode-2@group-523986131536-FollowerState] INFO  impl.FollowerState (FollowerState.java:run(134)) - omNode-2@group-523986131536-FollowerState: change to CANDIDATE, lastRpcElapsedTime:1131145206ns, electionTimeout:1127ms
2022-01-06 14:10:12,280 [omNode-2@group-523986131536-FollowerState] INFO  impl.RoleInfo (RoleInfo.java:shutdownFollowerState(108)) - omNode-2: shutdown omNode-2@group-523986131536-FollowerState
2022-01-06 14:10:12,281 [omNode-2@group-523986131536-FollowerState] INFO  server.RaftServer$Division (RaftServerImpl.java:setRole(290)) - omNode-2@group-523986131536: changes role from  FOLLOWER to CANDIDATE at term 0 for changeToCandidate
2022-01-06 14:10:12,281 [omNode-2@group-523986131536-FollowerState] INFO  server.RaftServerConfigKeys (ConfUtils.java:logGet(44)) - raft.server.leaderelection.pre-vote = false (custom)
2022-01-06 14:10:12,281 [omNode-2@group-523986131536-FollowerState] INFO  impl.RoleInfo (RoleInfo.java:updateAndGet(130)) - omNode-2: start omNode-2@group-523986131536-LeaderElection2
2022-01-06 14:10:12,297 [omNode-2@group-523986131536-LeaderElection2] INFO  impl.LeaderElection (LeaderElection.java:askForVotes(306)) - omNode-2@group-523986131536-LeaderElection2 ELECTION round 0: submit vote requests at term 1 for -1: [omNode-3|rpc:localhost:10232|priority:0, omNode-1|rpc:localhost:10220|priority:0, omNode-2|rpc:localhost:10226|priority:0], old=null
2022-01-06 14:10:12,445 [Listener at 127.0.0.1/10228] INFO  server.RaftServer (ConfUtils.java:logGet(44)) - raft.rpc.type = GRPC (default)
2022-01-06 14:10:12,445 [Listener at 127.0.0.1/10228] INFO  grpc.GrpcFactory (GrpcFactory.java:checkPooledByteBufAllocatorUseCacheForAllThreads(48)) - PERFORMANCE WARNING: useCacheForAllThreads is true that may cause Netty to create a lot garbage objects and, as a result, trigger GC.
	It is recommended to disable useCacheForAllThreads by setting -Dorg.apache.ratis.thirdparty.io.netty.allocator.useCacheForAllThreads=false in command line.
2022-01-06 14:10:12,445 [Listener at 127.0.0.1/10228] INFO  grpc.GrpcConfigKeys (ConfUtils.java:logGet(44)) - raft.grpc.admin.port = 0 (custom)
2022-01-06 14:10:12,448 [Listener at 127.0.0.1/10228] INFO  grpc.GrpcConfigKeys (ConfUtils.java:logGet(44)) - raft.grpc.client.port = 0 (custom)
2022-01-06 14:10:12,449 [Listener at 127.0.0.1/10228] INFO  grpc.GrpcConfigKeys (ConfUtils.java:logGet(44)) - raft.grpc.server.port = 0 (default)
2022-01-06 14:10:12,449 [Listener at 127.0.0.1/10228] INFO  server.GrpcService (ConfUtils.java:logGet(44)) - raft.grpc.message.size.max = 32MB (=33554432) (custom)
2022-01-06 14:10:12,449 [Listener at 127.0.0.1/10228] INFO  server.RaftServerConfigKeys (ConfUtils.java:logGet(44)) - raft.server.log.appender.buffer.byte-limit = 33554432 (custom)
2022-01-06 14:10:12,449 [Listener at 127.0.0.1/10228] INFO  server.GrpcService (ConfUtils.java:logGet(44)) - raft.grpc.flow.control.window = 5MB (=5242880) (custom)
2022-01-06 14:10:12,449 [Listener at 127.0.0.1/10228] INFO  server.RaftServerConfigKeys (ConfUtils.java:logGet(44)) - raft.server.rpc.request.timeout = 60s (custom)
2022-01-06 14:10:12,450 [Listener at 127.0.0.1/10228] INFO  impl.DataStreamServerImpl (ConfUtils.java:logGet(44)) - raft.datastream.type = DISABLED (default)
2022-01-06 14:10:12,450 [Listener at 127.0.0.1/10228] INFO  server.RaftServerConfigKeys (ConfUtils.java:logGet(44)) - raft.server.rpc.slowness.timeout = 300s (custom)
2022-01-06 14:10:12,450 [Listener at 127.0.0.1/10228] INFO  server.RaftServerConfigKeys (ConfUtils.java:logGet(44)) - raft.server.leaderelection.leader.step-down.wait-time = 10s (default)
2022-01-06 14:10:12,451 [Listener at 127.0.0.1/10228] INFO  server.RaftServerConfigKeys (ConfUtils.java:logGet(44)) - raft.server.storage.dir = [/home/runner/work/ozone/ozone/hadoop-ozone/integration-test/target/test-dir/MiniOzoneClusterImpl-fc1c6399-de52-4149-9dd2-17a3712db231/datanode-0/data/ratis] (custom)
2022-01-06 14:10:12,471 [Listener at 127.0.0.1/10228] INFO  server.XceiverServerGrpc (XceiverServerGrpc.java:<init>(132)) - GrpcServer channel type EpollServerSocketChannel
2022-01-06 14:10:12,509 [omNode-3@group-523986131536-FollowerState] INFO  impl.FollowerState (FollowerState.java:run(134)) - omNode-3@group-523986131536-FollowerState: change to CANDIDATE, lastRpcElapsedTime:1025895875ns, electionTimeout:1024ms
2022-01-06 14:10:12,509 [omNode-3@group-523986131536-FollowerState] INFO  impl.RoleInfo (RoleInfo.java:shutdownFollowerState(108)) - omNode-3: shutdown omNode-3@group-523986131536-FollowerState
2022-01-06 14:10:12,509 [omNode-3@group-523986131536-FollowerState] INFO  server.RaftServer$Division (RaftServerImpl.java:setRole(290)) - omNode-3@group-523986131536: changes role from  FOLLOWER to CANDIDATE at term 0 for changeToCandidate
2022-01-06 14:10:12,509 [omNode-3@group-523986131536-FollowerState] INFO  server.RaftServerConfigKeys (ConfUtils.java:logGet(44)) - raft.server.leaderelection.pre-vote = false (custom)
2022-01-06 14:10:12,509 [omNode-3@group-523986131536-FollowerState] INFO  impl.RoleInfo (RoleInfo.java:updateAndGet(130)) - omNode-3: start omNode-3@group-523986131536-LeaderElection3
2022-01-06 14:10:12,533 [omNode-3@group-523986131536-LeaderElection3] INFO  impl.LeaderElection (LeaderElection.java:askForVotes(306)) - omNode-3@group-523986131536-LeaderElection3 ELECTION round 0: submit vote requests at term 1 for -1: [omNode-3|rpc:localhost:10232|priority:0, omNode-1|rpc:localhost:10220|priority:0, omNode-2|rpc:localhost:10226|priority:0], old=null
2022-01-06 14:10:12,617 [Listener at 127.0.0.1/10228] INFO  http.BaseHttpServer (BaseHttpServer.java:newHttpServer2BuilderForOzone(209)) - Starting Web-server for hddsDatanode at: http://0.0.0.0:0
2022-01-06 14:10:12,617 [Listener at 127.0.0.1/10228] INFO  http.BaseHttpServer (BaseHttpServer.java:<init>(107)) - Hadoop Security Enabled: false Ozone Security Enabled: false Ozone HTTP Security Enabled: false 
2022-01-06 14:10:12,618 [Listener at 127.0.0.1/10228] INFO  server.AuthenticationFilter (AuthenticationFilter.java:constructSecretProvider(240)) - Unable to initialize FileSignerSecretProvider, falling back to use random secrets.
2022-01-06 14:10:12,629 [Listener at 127.0.0.1/10228] WARN  http.HttpRequestLog (HttpRequestLog.java:getRequestLog(103)) - Jetty request log can only be enabled using Log4j
2022-01-06 14:10:12,630 [Listener at 127.0.0.1/10228] INFO  http.HttpServer2 (HttpServer2.java:addGlobalFilter(1030)) - Added global filter 'safety' (class=org.apache.hadoop.hdds.server.http.HttpServer2$QuotingInputFilter)
2022-01-06 14:10:12,631 [Listener at 127.0.0.1/10228] INFO  http.HttpServer2 (HttpServer2.java:addFilter(1006)) - Added filter static_user_filter (class=org.apache.hadoop.http.lib.StaticUserWebFilter$StaticUserFilter) to context hddsDatanode
2022-01-06 14:10:12,631 [Listener at 127.0.0.1/10228] INFO  http.HttpServer2 (HttpServer2.java:addFilter(1014)) - Added filter static_user_filter (class=org.apache.hadoop.http.lib.StaticUserWebFilter$StaticUserFilter) to context static
2022-01-06 14:10:12,631 [Listener at 127.0.0.1/10228] INFO  http.HttpServer2 (HttpServer2.java:addFilter(1014)) - Added filter static_user_filter (class=org.apache.hadoop.http.lib.StaticUserWebFilter$StaticUserFilter) to context logs
2022-01-06 14:10:12,632 [Listener at 127.0.0.1/10228] INFO  http.HttpServer2 (HttpServer2.java:bindListener(1249)) - Jetty bound to port 38781
2022-01-06 14:10:12,632 [Listener at 127.0.0.1/10228] INFO  server.Server (Server.java:doStart(375)) - jetty-9.4.43.v20210629; built: 2021-06-30T11:07:22.254Z; git: 526006ecfa3af7f1a27ef3a288e2bef7ea9dd7e8; jvm 1.8.0_292-b10
2022-01-06 14:10:12,700 [Listener at 127.0.0.1/10228] INFO  server.session (DefaultSessionIdManager.java:doStart(334)) - DefaultSessionIdManager workerName=node0
2022-01-06 14:10:12,701 [Listener at 127.0.0.1/10228] INFO  server.session (DefaultSessionIdManager.java:doStart(339)) - No SessionScavenger set, using defaults
2022-01-06 14:10:12,701 [Listener at 127.0.0.1/10228] INFO  server.session (HouseKeeper.java:startScavenging(132)) - node0 Scavenging every 600000ms
2022-01-06 14:10:12,702 [Listener at 127.0.0.1/10228] INFO  handler.ContextHandler (ContextHandler.java:doStart(915)) - Started o.e.j.s.ServletContextHandler@4116167e{logs,/logs,file:///home/runner/work/ozone/ozone/hadoop-ozone/integration-test/target/log,AVAILABLE}
2022-01-06 14:10:12,703 [Listener at 127.0.0.1/10228] INFO  handler.ContextHandler (ContextHandler.java:doStart(915)) - Started o.e.j.s.ServletContextHandler@37630101{static,/static,jar:file:/home/runner/.m2/repository/org/apache/ozone/hdds-container-service/1.3.0-SNAPSHOT/hdds-container-service-1.3.0-SNAPSHOT.jar!/webapps/static,AVAILABLE}
2022-01-06 14:10:12,813 [Listener at 127.0.0.1/10228] INFO  handler.ContextHandler (ContextHandler.java:doStart(915)) - Started o.e.j.w.WebAppContext@64f514d2{hddsDatanode,/,file:///tmp/jetty-0_0_0_0-38781-hdds-container-service-1_3_0-SNAPSHOT_jar-_-any-7681729519289312285/webapp/,AVAILABLE}{jar:file:/home/runner/.m2/repository/org/apache/ozone/hdds-container-service/1.3.0-SNAPSHOT/hdds-container-service-1.3.0-SNAPSHOT.jar!/webapps/hddsDatanode}
2022-01-06 14:10:12,823 [Listener at 127.0.0.1/10228] INFO  server.AbstractConnector (AbstractConnector.java:doStart(331)) - Started ServerConnector@49ffcd07{HTTP/1.1, (http/1.1)}{0.0.0.0:38781}
2022-01-06 14:10:12,824 [Listener at 127.0.0.1/10228] INFO  server.Server (Server.java:doStart(415)) - Started @8593ms
2022-01-06 14:10:12,824 [Listener at 127.0.0.1/10228] WARN  impl.MetricsSystemImpl (MetricsSystemImpl.java:register(279)) - Sink prometheus already exists!
2022-01-06 14:10:12,825 [Listener at 127.0.0.1/10228] INFO  http.BaseHttpServer (BaseHttpServer.java:updateConnectorAddress(329)) - HTTP server of hddsDatanode listening at http://0.0.0.0:38781
2022-01-06 14:10:12,837 [Listener at 127.0.0.1/10228] WARN  impl.MetricRegistriesImpl (MetricRegistriesImpl.java:addReporterRegistration(111)) - New reporters are added after registries were created. Some metrics will be missing from the reporter. Please add reporter before adding any new registry.
2022-01-06 14:10:12,838 [Listener at 127.0.0.1/10228] WARN  impl.MetricRegistriesImpl (MetricRegistriesImpl.java:addReporterRegistration(111)) - New reporters are added after registries were created. Some metrics will be missing from the reporter. Please add reporter before adding any new registry.
2022-01-06 14:10:12,838 [Listener at 127.0.0.1/10228] INFO  impl.MetricsSystemImpl (MetricsSystemImpl.java:init(158)) - HddsDatanode metrics system started (again)
2022-01-06 14:10:12,848 [Datanode State Machine Daemon Thread] INFO  statemachine.DatanodeStateMachine (DatanodeStateMachine.java:lambda$startDaemon$0(467)) - Ozone container server started.
2022-01-06 14:10:12,880 [org.apache.hadoop.util.JvmPauseMonitor$Monitor@437bba0c] INFO  util.JvmPauseMonitor (JvmPauseMonitor.java:run(188)) - Starting JVM pause monitor
2022-01-06 14:10:12,883 [Listener at 127.0.0.1/10228] INFO  ozone.HddsDatanodeService (HddsDatanodeService.java:start(234)) - HddsDatanodeService host:fv-az297-741.nmf1rxwemy4u5di1sxxf4ejcwb.jx.internal.cloudapp.net ip:10.1.0.7
2022-01-06 14:10:12,923 [Listener at 127.0.0.1/10228] INFO  upgrade.AbstractLayoutVersionManager (AbstractLayoutVersionManager.java:init(79)) - Initializing Layout version manager with metadata layout = SCM_HA (version = 2), software layout = SCM_HA (version = 2)
2022-01-06 14:10:12,985 [omNode-1@group-523986131536-LeaderElection1] INFO  impl.LeaderElection (LeaderElection.java:logAndReturn(89)) - omNode-1@group-523986131536-LeaderElection1: ELECTION TIMEOUT received 0 response(s) and 0 exception(s):
2022-01-06 14:10:12,985 [omNode-1@group-523986131536-LeaderElection1] INFO  impl.LeaderElection (LeaderElection.java:askForVotes(308)) - omNode-1@group-523986131536-LeaderElection1 ELECTION round 0: result TIMEOUT
2022-01-06 14:10:12,988 [omNode-1@group-523986131536-LeaderElection1] INFO  impl.LeaderElection (LeaderElection.java:askForVotes(306)) - omNode-1@group-523986131536-LeaderElection1 ELECTION round 1: submit vote requests at term 2 for -1: [omNode-3|rpc:localhost:10232|priority:0, omNode-1|rpc:localhost:10220|priority:0, omNode-2|rpc:localhost:10226|priority:0], old=null
2022-01-06 14:10:13,029 [grpc-default-executor-2] INFO  server.RaftServer$Division (RaftServerImpl.java:requestVote(1046)) - omNode-3@group-523986131536: receive requestVote(ELECTION, omNode-1, group-523986131536, 1, (t:0, i:~))
2022-01-06 14:10:13,031 [grpc-default-executor-0] INFO  server.RaftServer$Division (RaftServerImpl.java:requestVote(1046)) - omNode-1@group-523986131536: receive requestVote(ELECTION, omNode-2, group-523986131536, 1, (t:0, i:~))
2022-01-06 14:10:13,031 [grpc-default-executor-4] INFO  server.RaftServer$Division (RaftServerImpl.java:requestVote(1046)) - omNode-3@group-523986131536: receive requestVote(ELECTION, omNode-2, group-523986131536, 1, (t:0, i:~))
2022-01-06 14:10:13,032 [Listener at 127.0.0.1/10228] INFO  reflections.Reflections (Reflections.java:scan(232)) - Reflections took 99 ms to scan 7 urls, producing 119 keys and 279 values 
2022-01-06 14:10:13,032 [grpc-default-executor-0] INFO  impl.VoteContext (VoteContext.java:log(48)) - omNode-1@group-523986131536-CANDIDATE: reject ELECTION from omNode-2: current term 2 > candidate's term 1
2022-01-06 14:10:13,046 [grpc-default-executor-0] INFO  server.RaftServer$Division (RaftServerImpl.java:requestVote(1078)) - omNode-1@group-523986131536 replies to ELECTION vote request: omNode-2<-omNode-1#0:FAIL-t2. Peer's state: omNode-1@group-523986131536:t2, leader=null, voted=omNode-1, raftlog=omNode-1@group-523986131536-SegmentedRaftLog:OPENED:c-1, conf=-1: [omNode-3|rpc:localhost:10232|priority:0, omNode-1|rpc:localhost:10220|priority:0, omNode-2|rpc:localhost:10226|priority:0], old=null
2022-01-06 14:10:13,049 [Listener at 127.0.0.1/10228] INFO  statemachine.DatanodeStateMachine (DatanodeStateMachine.java:getEndPointTaskThreadPoolSize(219)) - Datanode State Machine Task Thread Pool size 2
2022-01-06 14:10:13,050 [grpc-default-executor-1] INFO  server.RaftServer$Division (RaftServerImpl.java:requestVote(1046)) - omNode-2@group-523986131536: receive requestVote(ELECTION, omNode-1, group-523986131536, 1, (t:0, i:~))
2022-01-06 14:10:13,050 [grpc-default-executor-1] INFO  impl.VoteContext (VoteContext.java:log(48)) - omNode-2@group-523986131536-CANDIDATE: reject ELECTION from omNode-1: already has voted for omNode-2 at current term 1
2022-01-06 14:10:13,050 [grpc-default-executor-1] INFO  server.RaftServer$Division (RaftServerImpl.java:requestVote(1078)) - omNode-2@group-523986131536 replies to ELECTION vote request: omNode-1<-omNode-2#0:FAIL-t1. Peer's state: omNode-2@group-523986131536:t1, leader=null, voted=omNode-2, raftlog=omNode-2@group-523986131536-SegmentedRaftLog:OPENED:c-1, conf=-1: [omNode-3|rpc:localhost:10232|priority:0, omNode-1|rpc:localhost:10220|priority:0, omNode-2|rpc:localhost:10226|priority:0], old=null
2022-01-06 14:10:13,051 [grpc-default-executor-5] INFO  server.RaftServer$Division (RaftServerImpl.java:requestVote(1046)) - omNode-2@group-523986131536: receive requestVote(ELECTION, omNode-3, group-523986131536, 1, (t:0, i:~))
2022-01-06 14:10:13,051 [grpc-default-executor-5] INFO  impl.VoteContext (VoteContext.java:log(48)) - omNode-2@group-523986131536-CANDIDATE: reject ELECTION from omNode-3: already has voted for omNode-2 at current term 1
2022-01-06 14:10:13,051 [grpc-default-executor-5] INFO  server.RaftServer$Division (RaftServerImpl.java:requestVote(1078)) - omNode-2@group-523986131536 replies to ELECTION vote request: omNode-3<-omNode-2#0:FAIL-t1. Peer's state: omNode-2@group-523986131536:t1, leader=null, voted=omNode-2, raftlog=omNode-2@group-523986131536-SegmentedRaftLog:OPENED:c-1, conf=-1: [omNode-3|rpc:localhost:10232|priority:0, omNode-1|rpc:localhost:10220|priority:0, omNode-2|rpc:localhost:10226|priority:0], old=null
2022-01-06 14:10:13,051 [grpc-default-executor-3] INFO  server.RaftServer$Division (RaftServerImpl.java:requestVote(1046)) - omNode-1@group-523986131536: receive requestVote(ELECTION, omNode-3, group-523986131536, 1, (t:0, i:~))
2022-01-06 14:10:13,051 [grpc-default-executor-3] INFO  impl.VoteContext (VoteContext.java:log(48)) - omNode-1@group-523986131536-CANDIDATE: reject ELECTION from omNode-3: current term 2 > candidate's term 1
2022-01-06 14:10:13,051 [grpc-default-executor-3] INFO  server.RaftServer$Division (RaftServerImpl.java:requestVote(1078)) - omNode-1@group-523986131536 replies to ELECTION vote request: omNode-3<-omNode-1#0:FAIL-t2. Peer's state: omNode-1@group-523986131536:t2, leader=null, voted=omNode-1, raftlog=omNode-1@group-523986131536-SegmentedRaftLog:OPENED:c-1, conf=-1: [omNode-3|rpc:localhost:10232|priority:0, omNode-1|rpc:localhost:10220|priority:0, omNode-2|rpc:localhost:10226|priority:0], old=null
2022-01-06 14:10:13,032 [grpc-default-executor-2] INFO  impl.VoteContext (VoteContext.java:log(48)) - omNode-3@group-523986131536-CANDIDATE: reject ELECTION from omNode-1: already has voted for omNode-3 at current term 1
2022-01-06 14:10:13,057 [grpc-default-executor-2] INFO  server.RaftServer$Division (RaftServerImpl.java:requestVote(1078)) - omNode-3@group-523986131536 replies to ELECTION vote request: omNode-1<-omNode-3#0:FAIL-t1. Peer's state: omNode-3@group-523986131536:t1, leader=null, voted=omNode-3, raftlog=omNode-3@group-523986131536-SegmentedRaftLog:OPENED:c-1, conf=-1: [omNode-3|rpc:localhost:10232|priority:0, omNode-1|rpc:localhost:10220|priority:0, omNode-2|rpc:localhost:10226|priority:0], old=null
2022-01-06 14:10:13,058 [Listener at 127.0.0.1/10228] INFO  volume.HddsVolume (HddsVolume.java:<init>(120)) - Creating HddsVolume: /home/runner/work/ozone/ozone/hadoop-ozone/integration-test/target/test-dir/MiniOzoneClusterImpl-fc1c6399-de52-4149-9dd2-17a3712db231/datanode-1/data-0/containers/hdds of storage type : DISK capacity : 9223372036854775807
2022-01-06 14:10:13,058 [grpc-default-executor-4] INFO  impl.VoteContext (VoteContext.java:log(48)) - omNode-3@group-523986131536-CANDIDATE: reject ELECTION from omNode-2: already has voted for omNode-3 at current term 1
2022-01-06 14:10:13,058 [Listener at 127.0.0.1/10228] INFO  volume.MutableVolumeSet (MutableVolumeSet.java:initializeVolumeSet(168)) - Added Volume : /home/runner/work/ozone/ozone/hadoop-ozone/integration-test/target/test-dir/MiniOzoneClusterImpl-fc1c6399-de52-4149-9dd2-17a3712db231/datanode-1/data-0/containers/hdds to VolumeSet
2022-01-06 14:10:13,058 [grpc-default-executor-4] INFO  server.RaftServer$Division (RaftServerImpl.java:requestVote(1078)) - omNode-3@group-523986131536 replies to ELECTION vote request: omNode-2<-omNode-3#0:FAIL-t1. Peer's state: omNode-3@group-523986131536:t1, leader=null, voted=omNode-3, raftlog=omNode-3@group-523986131536-SegmentedRaftLog:OPENED:c-1, conf=-1: [omNode-3|rpc:localhost:10232|priority:0, omNode-1|rpc:localhost:10220|priority:0, omNode-2|rpc:localhost:10226|priority:0], old=null
2022-01-06 14:10:13,058 [Listener at 127.0.0.1/10228] INFO  volume.ThrottledAsyncChecker (ThrottledAsyncChecker.java:schedule(141)) - Scheduling a check for /home/runner/work/ozone/ozone/hadoop-ozone/integration-test/target/test-dir/MiniOzoneClusterImpl-fc1c6399-de52-4149-9dd2-17a3712db231/datanode-1/data-0/containers/hdds
2022-01-06 14:10:13,062 [Listener at 127.0.0.1/10228] INFO  volume.StorageVolumeChecker (StorageVolumeChecker.java:checkAllVolumes(202)) - Scheduled health check for volume /home/runner/work/ozone/ozone/hadoop-ozone/integration-test/target/test-dir/MiniOzoneClusterImpl-fc1c6399-de52-4149-9dd2-17a3712db231/datanode-1/data-0/containers/hdds
2022-01-06 14:10:13,106 [Listener at 127.0.0.1/10228] INFO  volume.MutableVolumeSet (MutableVolumeSet.java:initializeVolumeSet(168)) - Added Volume : /home/runner/work/ozone/ozone/hadoop-ozone/integration-test/target/test-dir/MiniOzoneClusterImpl-fc1c6399-de52-4149-9dd2-17a3712db231/datanode-1/data/ratis to VolumeSet
2022-01-06 14:10:13,106 [Listener at 127.0.0.1/10228] INFO  volume.ThrottledAsyncChecker (ThrottledAsyncChecker.java:schedule(141)) - Scheduling a check for /home/runner/work/ozone/ozone/hadoop-ozone/integration-test/target/test-dir/MiniOzoneClusterImpl-fc1c6399-de52-4149-9dd2-17a3712db231/datanode-1/data/ratis
2022-01-06 14:10:13,106 [Listener at 127.0.0.1/10228] INFO  volume.StorageVolumeChecker (StorageVolumeChecker.java:checkAllVolumes(202)) - Scheduled health check for volume /home/runner/work/ozone/ozone/hadoop-ozone/integration-test/target/test-dir/MiniOzoneClusterImpl-fc1c6399-de52-4149-9dd2-17a3712db231/datanode-1/data/ratis
2022-01-06 14:10:13,137 [grpc-default-executor-5] INFO  server.RaftServer$Division (RaftServerImpl.java:requestVote(1046)) - omNode-3@group-523986131536: receive requestVote(ELECTION, omNode-1, group-523986131536, 2, (t:0, i:~))
2022-01-06 14:10:13,139 [grpc-default-executor-5] INFO  impl.VoteContext (VoteContext.java:log(48)) - omNode-3@group-523986131536-CANDIDATE: accept ELECTION from omNode-1: our priority 0 <= candidate's priority 0
2022-01-06 14:10:13,139 [grpc-default-executor-5] INFO  server.RaftServer$Division (RaftServerImpl.java:setRole(290)) - omNode-3@group-523986131536: changes role from CANDIDATE to FOLLOWER at term 2 for candidate:omNode-1
2022-01-06 14:10:13,139 [grpc-default-executor-5] INFO  impl.RoleInfo (RoleInfo.java:shutdownLeaderElection(121)) - omNode-3: shutdown omNode-3@group-523986131536-LeaderElection3
2022-01-06 14:10:13,139 [grpc-default-executor-5] INFO  impl.RoleInfo (RoleInfo.java:updateAndGet(130)) - omNode-3: start omNode-3@group-523986131536-FollowerState
2022-01-06 14:10:13,150 [omNode-3@group-523986131536-LeaderElection3] INFO  impl.LeaderElection (LeaderElection.java:logAndReturn(89)) - omNode-3@group-523986131536-LeaderElection3: ELECTION REJECTED received 1 response(s) and 0 exception(s):
2022-01-06 14:10:13,150 [omNode-3@group-523986131536-LeaderElection3] INFO  impl.LeaderElection (LeaderElection.java:logAndReturn(93)) -   Response 0: omNode-3<-omNode-2#0:FAIL-t1
2022-01-06 14:10:13,150 [omNode-3@group-523986131536-LeaderElection3] INFO  impl.LeaderElection (LeaderElection.java:askForVotes(308)) - omNode-3@group-523986131536-LeaderElection3 ELECTION round 0: result REJECTED
2022-01-06 14:10:13,168 [omNode-2@group-523986131536-LeaderElection2] INFO  impl.LeaderElection (LeaderElection.java:logAndReturn(89)) - omNode-2@group-523986131536-LeaderElection2: ELECTION DISCOVERED_A_NEW_TERM (term=2) received 2 response(s) and 0 exception(s):
2022-01-06 14:10:13,168 [Thread-239] INFO  ozoneimpl.ContainerReader (ContainerReader.java:readVolume(172)) - Finish verifying containers on volume /home/runner/work/ozone/ozone/hadoop-ozone/integration-test/target/test-dir/MiniOzoneClusterImpl-fc1c6399-de52-4149-9dd2-17a3712db231/datanode-1/data-0/containers/hdds
2022-01-06 14:10:13,168 [Listener at 127.0.0.1/10228] INFO  ozoneimpl.OzoneContainer (OzoneContainer.java:buildContainerSet(237)) - Build ContainerSet costs 0s
2022-01-06 14:10:13,171 [Listener at 127.0.0.1/10228] INFO  server.RaftServer (ConfUtils.java:logGet(44)) - raft.rpc.type = GRPC (default)
2022-01-06 14:10:13,172 [Listener at 127.0.0.1/10228] INFO  grpc.GrpcFactory (GrpcFactory.java:checkPooledByteBufAllocatorUseCacheForAllThreads(48)) - PERFORMANCE WARNING: useCacheForAllThreads is true that may cause Netty to create a lot garbage objects and, as a result, trigger GC.
	It is recommended to disable useCacheForAllThreads by setting -Dorg.apache.ratis.thirdparty.io.netty.allocator.useCacheForAllThreads=false in command line.
2022-01-06 14:10:13,172 [Listener at 127.0.0.1/10228] INFO  grpc.GrpcConfigKeys (ConfUtils.java:logGet(44)) - raft.grpc.admin.port = 0 (custom)
2022-01-06 14:10:13,172 [Listener at 127.0.0.1/10228] INFO  grpc.GrpcConfigKeys (ConfUtils.java:logGet(44)) - raft.grpc.client.port = 0 (custom)
2022-01-06 14:10:13,174 [grpc-default-executor-5] INFO  server.RaftServer$Division (RaftServerImpl.java:requestVote(1078)) - omNode-3@group-523986131536 replies to ELECTION vote request: omNode-1<-omNode-3#0:OK-t2. Peer's state: omNode-3@group-523986131536:t2, leader=null, voted=omNode-1, raftlog=omNode-3@group-523986131536-SegmentedRaftLog:OPENED:c-1, conf=-1: [omNode-3|rpc:localhost:10232|priority:0, omNode-1|rpc:localhost:10220|priority:0, omNode-2|rpc:localhost:10226|priority:0], old=null
2022-01-06 14:10:13,176 [omNode-2@group-523986131536-LeaderElection2] INFO  impl.LeaderElection (LeaderElection.java:logAndReturn(93)) -   Response 0: omNode-2<-omNode-3#0:FAIL-t1
2022-01-06 14:10:13,176 [omNode-2@group-523986131536-LeaderElection2] INFO  impl.LeaderElection (LeaderElection.java:logAndReturn(93)) -   Response 1: omNode-2<-omNode-1#0:FAIL-t2
2022-01-06 14:10:13,176 [omNode-2@group-523986131536-LeaderElection2] INFO  impl.LeaderElection (LeaderElection.java:askForVotes(308)) - omNode-2@group-523986131536-LeaderElection2 ELECTION round 0: result DISCOVERED_A_NEW_TERM (term=2)
2022-01-06 14:10:13,176 [omNode-2@group-523986131536-LeaderElection2] INFO  server.RaftServer$Division (RaftServerImpl.java:setRole(290)) - omNode-2@group-523986131536: changes role from CANDIDATE to FOLLOWER at term 2 for DISCOVERED_A_NEW_TERM (term=2)
2022-01-06 14:10:13,176 [omNode-2@group-523986131536-LeaderElection2] INFO  impl.RoleInfo (RoleInfo.java:shutdownLeaderElection(121)) - omNode-2: shutdown omNode-2@group-523986131536-LeaderElection2
2022-01-06 14:10:13,176 [omNode-2@group-523986131536-LeaderElection2] INFO  impl.RoleInfo (RoleInfo.java:updateAndGet(130)) - omNode-2: start omNode-2@group-523986131536-FollowerState
2022-01-06 14:10:13,178 [Listener at 127.0.0.1/10228] INFO  grpc.GrpcConfigKeys (ConfUtils.java:logGet(44)) - raft.grpc.server.port = 0 (default)
2022-01-06 14:10:13,178 [Listener at 127.0.0.1/10228] INFO  server.GrpcService (ConfUtils.java:logGet(44)) - raft.grpc.message.size.max = 32MB (=33554432) (custom)
2022-01-06 14:10:13,178 [Listener at 127.0.0.1/10228] INFO  server.RaftServerConfigKeys (ConfUtils.java:logGet(44)) - raft.server.log.appender.buffer.byte-limit = 33554432 (custom)
2022-01-06 14:10:13,178 [Listener at 127.0.0.1/10228] INFO  server.GrpcService (ConfUtils.java:logGet(44)) - raft.grpc.flow.control.window = 5MB (=5242880) (custom)
2022-01-06 14:10:13,178 [Listener at 127.0.0.1/10228] INFO  server.RaftServerConfigKeys (ConfUtils.java:logGet(44)) - raft.server.rpc.request.timeout = 60s (custom)
2022-01-06 14:10:13,182 [Listener at 127.0.0.1/10228] INFO  impl.DataStreamServerImpl (ConfUtils.java:logGet(44)) - raft.datastream.type = DISABLED (default)
2022-01-06 14:10:13,182 [Listener at 127.0.0.1/10228] INFO  server.RaftServerConfigKeys (ConfUtils.java:logGet(44)) - raft.server.rpc.slowness.timeout = 300s (custom)
2022-01-06 14:10:13,182 [Listener at 127.0.0.1/10228] INFO  server.RaftServerConfigKeys (ConfUtils.java:logGet(44)) - raft.server.leaderelection.leader.step-down.wait-time = 10s (default)
2022-01-06 14:10:13,182 [Listener at 127.0.0.1/10228] INFO  server.RaftServerConfigKeys (ConfUtils.java:logGet(44)) - raft.server.storage.dir = [/home/runner/work/ozone/ozone/hadoop-ozone/integration-test/target/test-dir/MiniOzoneClusterImpl-fc1c6399-de52-4149-9dd2-17a3712db231/datanode-1/data/ratis] (custom)
2022-01-06 14:10:13,184 [Listener at 127.0.0.1/10228] INFO  server.XceiverServerGrpc (XceiverServerGrpc.java:<init>(132)) - GrpcServer channel type EpollServerSocketChannel
2022-01-06 14:10:13,196 [grpc-default-executor-5] INFO  server.RaftServer$Division (RaftServerImpl.java:requestVote(1046)) - omNode-2@group-523986131536: receive requestVote(ELECTION, omNode-1, group-523986131536, 2, (t:0, i:~))
2022-01-06 14:10:13,197 [grpc-default-executor-5] INFO  impl.VoteContext (VoteContext.java:log(48)) - omNode-2@group-523986131536-FOLLOWER: accept ELECTION from omNode-1: our priority 0 <= candidate's priority 0
2022-01-06 14:10:13,197 [grpc-default-executor-5] INFO  server.RaftServer$Division (RaftServerImpl.java:setRole(290)) - omNode-2@group-523986131536: changes role from  FOLLOWER to FOLLOWER at term 2 for candidate:omNode-1
2022-01-06 14:10:13,197 [grpc-default-executor-5] INFO  impl.RoleInfo (RoleInfo.java:shutdownFollowerState(108)) - omNode-2: shutdown omNode-2@group-523986131536-FollowerState
2022-01-06 14:10:13,197 [grpc-default-executor-5] INFO  impl.RoleInfo (RoleInfo.java:updateAndGet(130)) - omNode-2: start omNode-2@group-523986131536-FollowerState
2022-01-06 14:10:13,198 [omNode-2@group-523986131536-FollowerState] INFO  impl.FollowerState (FollowerState.java:run(143)) - omNode-2@group-523986131536-FollowerState was interrupted: {}
java.lang.InterruptedException: sleep interrupted
	at java.lang.Thread.sleep(Native Method)
	at java.lang.Thread.sleep(Thread.java:340)
	at java.util.concurrent.TimeUnit.sleep(TimeUnit.java:386)
	at org.apache.ratis.util.TimeDuration.sleep(TimeDuration.java:324)
	at org.apache.ratis.util.TimeDuration.sleep(TimeDuration.java:309)
	at org.apache.ratis.server.impl.FollowerState.run(FollowerState.java:118)
2022-01-06 14:10:13,220 [omNode-1@group-523986131536-LeaderElection1] INFO  impl.LeaderElection (LeaderElection.java:logAndReturn(89)) - omNode-1@group-523986131536-LeaderElection1: ELECTION PASSED received 1 response(s) and 0 exception(s):
2022-01-06 14:10:13,221 [omNode-1@group-523986131536-LeaderElection1] INFO  impl.LeaderElection (LeaderElection.java:logAndReturn(93)) -   Response 0: omNode-1<-omNode-3#0:OK-t2
2022-01-06 14:10:13,221 [omNode-1@group-523986131536-LeaderElection1] INFO  impl.LeaderElection (LeaderElection.java:askForVotes(308)) - omNode-1@group-523986131536-LeaderElection1 ELECTION round 1: result PASSED
2022-01-06 14:10:13,221 [omNode-1@group-523986131536-LeaderElection1] INFO  impl.RoleInfo (RoleInfo.java:shutdownLeaderElection(121)) - omNode-1: shutdown omNode-1@group-523986131536-LeaderElection1
2022-01-06 14:10:13,221 [grpc-default-executor-5] INFO  server.RaftServer$Division (RaftServerImpl.java:requestVote(1078)) - omNode-2@group-523986131536 replies to ELECTION vote request: omNode-1<-omNode-2#0:OK-t2. Peer's state: omNode-2@group-523986131536:t2, leader=null, voted=omNode-1, raftlog=omNode-2@group-523986131536-SegmentedRaftLog:OPENED:c-1, conf=-1: [omNode-3|rpc:localhost:10232|priority:0, omNode-1|rpc:localhost:10220|priority:0, omNode-2|rpc:localhost:10226|priority:0], old=null
2022-01-06 14:10:13,222 [omNode-1@group-523986131536-LeaderElection1] INFO  server.RaftServer$Division (RaftServerImpl.java:setRole(290)) - omNode-1@group-523986131536: changes role from CANDIDATE to LEADER at term 2 for changeToLeader
2022-01-06 14:10:13,222 [omNode-1@group-523986131536-LeaderElection1] INFO  server.RaftServer$Division (ServerState.java:setLeader(285)) - omNode-1@group-523986131536: change Leader from null to omNode-1 at term 2 for becomeLeader, leader elected after 2673ms
2022-01-06 14:10:13,223 [Listener at 127.0.0.1/10228] INFO  http.BaseHttpServer (BaseHttpServer.java:newHttpServer2BuilderForOzone(209)) - Starting Web-server for hddsDatanode at: http://0.0.0.0:0
2022-01-06 14:10:13,223 [Listener at 127.0.0.1/10228] INFO  http.BaseHttpServer (BaseHttpServer.java:<init>(107)) - Hadoop Security Enabled: false Ozone Security Enabled: false Ozone HTTP Security Enabled: false 
2022-01-06 14:10:13,224 [Listener at 127.0.0.1/10228] INFO  server.AuthenticationFilter (AuthenticationFilter.java:constructSecretProvider(240)) - Unable to initialize FileSignerSecretProvider, falling back to use random secrets.
2022-01-06 14:10:13,225 [Listener at 127.0.0.1/10228] WARN  http.HttpRequestLog (HttpRequestLog.java:getRequestLog(103)) - Jetty request log can only be enabled using Log4j
2022-01-06 14:10:13,226 [Listener at 127.0.0.1/10228] INFO  http.HttpServer2 (HttpServer2.java:addGlobalFilter(1030)) - Added global filter 'safety' (class=org.apache.hadoop.hdds.server.http.HttpServer2$QuotingInputFilter)
2022-01-06 14:10:13,227 [Listener at 127.0.0.1/10228] INFO  http.HttpServer2 (HttpServer2.java:addFilter(1006)) - Added filter static_user_filter (class=org.apache.hadoop.http.lib.StaticUserWebFilter$StaticUserFilter) to context hddsDatanode
2022-01-06 14:10:13,227 [Listener at 127.0.0.1/10228] INFO  http.HttpServer2 (HttpServer2.java:addFilter(1014)) - Added filter static_user_filter (class=org.apache.hadoop.http.lib.StaticUserWebFilter$StaticUserFilter) to context static
2022-01-06 14:10:13,227 [Listener at 127.0.0.1/10228] INFO  http.HttpServer2 (HttpServer2.java:addFilter(1014)) - Added filter static_user_filter (class=org.apache.hadoop.http.lib.StaticUserWebFilter$StaticUserFilter) to context logs
2022-01-06 14:10:13,228 [Listener at 127.0.0.1/10228] INFO  http.HttpServer2 (HttpServer2.java:bindListener(1249)) - Jetty bound to port 45721
2022-01-06 14:10:13,228 [Listener at 127.0.0.1/10228] INFO  server.Server (Server.java:doStart(375)) - jetty-9.4.43.v20210629; built: 2021-06-30T11:07:22.254Z; git: 526006ecfa3af7f1a27ef3a288e2bef7ea9dd7e8; jvm 1.8.0_292-b10
2022-01-06 14:10:13,231 [omNode-1@group-523986131536-LeaderElection1] INFO  server.RaftServerConfigKeys (ConfUtils.java:logGet(44)) - raft.server.staging.catchup.gap = 1000 (default)
2022-01-06 14:10:13,240 [Listener at 127.0.0.1/10228] INFO  server.session (DefaultSessionIdManager.java:doStart(334)) - DefaultSessionIdManager workerName=node0
2022-01-06 14:10:13,240 [Listener at 127.0.0.1/10228] INFO  server.session (DefaultSessionIdManager.java:doStart(339)) - No SessionScavenger set, using defaults
2022-01-06 14:10:13,241 [Listener at 127.0.0.1/10228] INFO  server.session (HouseKeeper.java:startScavenging(132)) - node0 Scavenging every 600000ms
2022-01-06 14:10:13,245 [Datanode State Machine Task Thread - 0] INFO  datanode.InitDatanodeState (InitDatanodeState.java:persistContainerDatanodeDetails(145)) - DatanodeDetails is persisted to /home/runner/work/ozone/ozone/hadoop-ozone/integration-test/target/test-dir/MiniOzoneClusterImpl-fc1c6399-de52-4149-9dd2-17a3712db231/datanode-0/meta/datanode.id
2022-01-06 14:10:13,247 [omNode-1@group-523986131536-LeaderElection1] INFO  server.RaftServerConfigKeys (ConfUtils.java:logGet(44)) - raft.server.write.element-limit = 4096 (default)
2022-01-06 14:10:13,248 [omNode-1@group-523986131536-LeaderElection1] INFO  server.RaftServerConfigKeys (ConfUtils.java:logGet(44)) - raft.server.write.byte-limit = 64MB (=67108864) (default)
2022-01-06 14:10:13,248 [Listener at 127.0.0.1/10228] INFO  handler.ContextHandler (ContextHandler.java:doStart(915)) - Started o.e.j.s.ServletContextHandler@50e7ee70{logs,/logs,file:///home/runner/work/ozone/ozone/hadoop-ozone/integration-test/target/log,AVAILABLE}
2022-01-06 14:10:13,249 [Listener at 127.0.0.1/10228] INFO  handler.ContextHandler (ContextHandler.java:doStart(915)) - Started o.e.j.s.ServletContextHandler@287e35df{static,/static,jar:file:/home/runner/.m2/repository/org/apache/ozone/hdds-container-service/1.3.0-SNAPSHOT/hdds-container-service-1.3.0-SNAPSHOT.jar!/webapps/static,AVAILABLE}
2022-01-06 14:10:13,260 [omNode-1@group-523986131536-LeaderElection1] INFO  server.RaftServerConfigKeys (ConfUtils.java:logGet(44)) - raft.server.watch.timeout = 10s (default)
2022-01-06 14:10:13,266 [omNode-1@group-523986131536-LeaderElection1] INFO  server.RaftServerConfigKeys (ConfUtils.java:logGet(44)) - raft.server.watch.timeout.denomination = 1s (default)
2022-01-06 14:10:13,266 [omNode-1@group-523986131536-LeaderElection1] INFO  server.RaftServerConfigKeys (ConfUtils.java:logGet(44)) - raft.server.watch.element-limit = 65536 (default)
2022-01-06 14:10:13,270 [omNode-1@group-523986131536-LeaderElection1] INFO  server.RaftServerConfigKeys (ConfUtils.java:logGet(44)) - raft.server.write.element-limit = 4096 (default)
2022-01-06 14:10:13,283 [omNode-1@group-523986131536-LeaderElection1] INFO  server.RaftServerConfigKeys (ConfUtils.java:logGet(44)) - raft.server.write.follower.gap.ratio.max = -1.0 (default)
2022-01-06 14:10:13,300 [omNode-1@group-523986131536-LeaderElection1] INFO  server.RaftServerConfigKeys (ConfUtils.java:logGet(44)) - raft.server.log.appender.snapshot.chunk.size.max = 16MB (=16777216) (default)
2022-01-06 14:10:13,300 [omNode-1@group-523986131536-LeaderElection1] INFO  server.RaftServerConfigKeys (ConfUtils.java:logGet(44)) - raft.server.log.appender.buffer.byte-limit = 33554432 (custom)
2022-01-06 14:10:13,301 [omNode-1@group-523986131536-LeaderElection1] INFO  server.RaftServerConfigKeys (ConfUtils.java:logGet(44)) - raft.server.log.appender.buffer.element-limit = 1024 (custom)
2022-01-06 14:10:13,303 [omNode-1@group-523986131536-LeaderElection1] INFO  grpc.GrpcConfigKeys (ConfUtils.java:logGet(44)) - raft.grpc.server.leader.outstanding.appends.max = 128 (default)
2022-01-06 14:10:13,304 [omNode-1@group-523986131536-LeaderElection1] INFO  server.RaftServerConfigKeys (ConfUtils.java:logGet(44)) - raft.server.rpc.request.timeout = 3000ms (default)
2022-01-06 14:10:13,304 [omNode-1@group-523986131536-LeaderElection1] INFO  server.RaftServerConfigKeys (ConfUtils.java:logGet(44)) - raft.server.log.appender.install.snapshot.enabled = false (custom)
2022-01-06 14:10:13,322 [Listener at 127.0.0.1/10228] INFO  handler.ContextHandler (ContextHandler.java:doStart(915)) - Started o.e.j.w.WebAppContext@65dfce2f{hddsDatanode,/,file:///tmp/jetty-0_0_0_0-45721-hdds-container-service-1_3_0-SNAPSHOT_jar-_-any-2841811654126620176/webapp/,AVAILABLE}{jar:file:/home/runner/.m2/repository/org/apache/ozone/hdds-container-service/1.3.0-SNAPSHOT/hdds-container-service-1.3.0-SNAPSHOT.jar!/webapps/hddsDatanode}
2022-01-06 14:10:13,323 [omNode-1@group-523986131536-LeaderElection1] INFO  server.RaftServerConfigKeys (ConfUtils.java:logGet(44)) - raft.server.log.appender.snapshot.chunk.size.max = 16MB (=16777216) (default)
2022-01-06 14:10:13,323 [omNode-1@group-523986131536-LeaderElection1] INFO  server.RaftServerConfigKeys (ConfUtils.java:logGet(44)) - raft.server.log.appender.buffer.byte-limit = 33554432 (custom)
2022-01-06 14:10:13,324 [omNode-1@group-523986131536-LeaderElection1] INFO  server.RaftServerConfigKeys (ConfUtils.java:logGet(44)) - raft.server.log.appender.buffer.element-limit = 1024 (custom)
2022-01-06 14:10:13,324 [omNode-1@group-523986131536-LeaderElection1] INFO  grpc.GrpcConfigKeys (ConfUtils.java:logGet(44)) - raft.grpc.server.leader.outstanding.appends.max = 128 (default)
2022-01-06 14:10:13,324 [omNode-1@group-523986131536-LeaderElection1] INFO  server.RaftServerConfigKeys (ConfUtils.java:logGet(44)) - raft.server.rpc.request.timeout = 3000ms (default)
2022-01-06 14:10:13,325 [omNode-1@group-523986131536-LeaderElection1] INFO  server.RaftServerConfigKeys (ConfUtils.java:logGet(44)) - raft.server.log.appender.install.snapshot.enabled = false (custom)
2022-01-06 14:10:13,325 [Listener at 127.0.0.1/10228] INFO  server.AbstractConnector (AbstractConnector.java:doStart(331)) - Started ServerConnector@7d89a1ce{HTTP/1.1, (http/1.1)}{0.0.0.0:45721}
2022-01-06 14:10:13,326 [Listener at 127.0.0.1/10228] INFO  server.Server (Server.java:doStart(415)) - Started @9096ms
2022-01-06 14:10:13,327 [Listener at 127.0.0.1/10228] WARN  impl.MetricsSystemImpl (MetricsSystemImpl.java:register(279)) - Sink prometheus already exists!
2022-01-06 14:10:13,327 [Listener at 127.0.0.1/10228] INFO  http.BaseHttpServer (BaseHttpServer.java:updateConnectorAddress(329)) - HTTP server of hddsDatanode listening at http://0.0.0.0:45721
2022-01-06 14:10:13,328 [Listener at 127.0.0.1/10228] WARN  impl.MetricRegistriesImpl (MetricRegistriesImpl.java:addReporterRegistration(111)) - New reporters are added after registries were created. Some metrics will be missing from the reporter. Please add reporter before adding any new registry.
2022-01-06 14:10:13,328 [Listener at 127.0.0.1/10228] WARN  impl.MetricRegistriesImpl (MetricRegistriesImpl.java:addReporterRegistration(111)) - New reporters are added after registries were created. Some metrics will be missing from the reporter. Please add reporter before adding any new registry.
2022-01-06 14:10:13,328 [Listener at 127.0.0.1/10228] INFO  impl.MetricsSystemImpl (MetricsSystemImpl.java:init(158)) - HddsDatanode metrics system started (again)
2022-01-06 14:10:13,329 [omNode-1@group-523986131536-LeaderElection1] INFO  impl.RoleInfo (RoleInfo.java:updateAndGet(130)) - omNode-1: start omNode-1@group-523986131536-LeaderStateImpl
2022-01-06 14:10:13,337 [Datanode State Machine Daemon Thread] INFO  statemachine.DatanodeStateMachine (DatanodeStateMachine.java:lambda$startDaemon$0(467)) - Ozone container server started.
2022-01-06 14:10:13,348 [Listener at 127.0.0.1/10228] INFO  ozone.HddsDatanodeService (HddsDatanodeService.java:start(234)) - HddsDatanodeService host:fv-az297-741.nmf1rxwemy4u5di1sxxf4ejcwb.jx.internal.cloudapp.net ip:10.1.0.7
2022-01-06 14:10:13,361 [omNode-1@group-523986131536-LeaderElection1] INFO  segmented.SegmentedRaftLogWorker (SegmentedRaftLogWorker.java:startLogSegment(394)) - omNode-1@group-523986131536-SegmentedRaftLogWorker: Starting segment from index:0
2022-01-06 14:10:13,393 [org.apache.hadoop.util.JvmPauseMonitor$Monitor@2afa2eec] INFO  util.JvmPauseMonitor (JvmPauseMonitor.java:run(188)) - Starting JVM pause monitor
2022-01-06 14:10:13,425 [Listener at 127.0.0.1/10228] INFO  upgrade.AbstractLayoutVersionManager (AbstractLayoutVersionManager.java:init(79)) - Initializing Layout version manager with metadata layout = SCM_HA (version = 2), software layout = SCM_HA (version = 2)
2022-01-06 14:10:13,439 [omNode-1@group-523986131536-LeaderElection1] INFO  server.RaftServer$Division (ServerState.java:setRaftConf(387)) - omNode-1@group-523986131536: set configuration 0: [omNode-3|rpc:localhost:10232|admin:|client:|dataStream:|priority:0, omNode-1|rpc:localhost:10220|admin:|client:|dataStream:|priority:0, omNode-2|rpc:localhost:10226|admin:|client:|dataStream:|priority:0], old=null
2022-01-06 14:10:13,450 [Datanode State Machine Task Thread - 0] INFO  datanode.InitDatanodeState (InitDatanodeState.java:persistContainerDatanodeDetails(145)) - DatanodeDetails is persisted to /home/runner/work/ozone/ozone/hadoop-ozone/integration-test/target/test-dir/MiniOzoneClusterImpl-fc1c6399-de52-4149-9dd2-17a3712db231/datanode-1/meta/datanode.id
2022-01-06 14:10:13,494 [grpc-default-executor-5] INFO  server.RaftServer$Division (ServerState.java:setLeader(285)) - omNode-3@group-523986131536: change Leader from null to omNode-1 at term 2 for appendEntries, leader elected after 2044ms
2022-01-06 14:10:13,494 [grpc-default-executor-1] INFO  server.RaftServer$Division (ServerState.java:setLeader(285)) - omNode-2@group-523986131536: change Leader from null to omNode-1 at term 2 for appendEntries, leader elected after 2414ms
2022-01-06 14:10:13,507 [grpc-default-executor-1] INFO  server.RaftServer$Division (ServerState.java:setRaftConf(387)) - omNode-3@group-523986131536: set configuration 0: [omNode-3|rpc:localhost:10232|admin:|client:|dataStream:|priority:0, omNode-1|rpc:localhost:10220|admin:|client:|dataStream:|priority:0, omNode-2|rpc:localhost:10226|admin:|client:|dataStream:|priority:0], old=null
2022-01-06 14:10:13,507 [grpc-default-executor-1] INFO  segmented.SegmentedRaftLogWorker (SegmentedRaftLogWorker.java:startLogSegment(394)) - omNode-3@group-523986131536-SegmentedRaftLogWorker: Starting segment from index:0
2022-01-06 14:10:13,523 [grpc-default-executor-5] INFO  server.RaftServer$Division (ServerState.java:setRaftConf(387)) - omNode-2@group-523986131536: set configuration 0: [omNode-3|rpc:localhost:10232|admin:|client:|dataStream:|priority:0, omNode-1|rpc:localhost:10220|admin:|client:|dataStream:|priority:0, omNode-2|rpc:localhost:10226|admin:|client:|dataStream:|priority:0], old=null
2022-01-06 14:10:13,524 [grpc-default-executor-5] INFO  segmented.SegmentedRaftLogWorker (SegmentedRaftLogWorker.java:startLogSegment(394)) - omNode-2@group-523986131536-SegmentedRaftLogWorker: Starting segment from index:0
2022-01-06 14:10:13,595 [Listener at 127.0.0.1/10228] INFO  reflections.Reflections (Reflections.java:scan(232)) - Reflections took 144 ms to scan 7 urls, producing 119 keys and 279 values 
2022-01-06 14:10:13,609 [Listener at 127.0.0.1/10228] INFO  statemachine.DatanodeStateMachine (DatanodeStateMachine.java:getEndPointTaskThreadPoolSize(219)) - Datanode State Machine Task Thread Pool size 2
2022-01-06 14:10:13,617 [Listener at 127.0.0.1/10228] INFO  volume.HddsVolume (HddsVolume.java:<init>(120)) - Creating HddsVolume: /home/runner/work/ozone/ozone/hadoop-ozone/integration-test/target/test-dir/MiniOzoneClusterImpl-fc1c6399-de52-4149-9dd2-17a3712db231/datanode-2/data-0/containers/hdds of storage type : DISK capacity : 9223372036854775807
2022-01-06 14:10:13,618 [Listener at 127.0.0.1/10228] INFO  volume.MutableVolumeSet (MutableVolumeSet.java:initializeVolumeSet(168)) - Added Volume : /home/runner/work/ozone/ozone/hadoop-ozone/integration-test/target/test-dir/MiniOzoneClusterImpl-fc1c6399-de52-4149-9dd2-17a3712db231/datanode-2/data-0/containers/hdds to VolumeSet
2022-01-06 14:10:13,618 [Listener at 127.0.0.1/10228] INFO  volume.ThrottledAsyncChecker (ThrottledAsyncChecker.java:schedule(141)) - Scheduling a check for /home/runner/work/ozone/ozone/hadoop-ozone/integration-test/target/test-dir/MiniOzoneClusterImpl-fc1c6399-de52-4149-9dd2-17a3712db231/datanode-2/data-0/containers/hdds
2022-01-06 14:10:13,624 [Listener at 127.0.0.1/10228] INFO  volume.StorageVolumeChecker (StorageVolumeChecker.java:checkAllVolumes(202)) - Scheduled health check for volume /home/runner/work/ozone/ozone/hadoop-ozone/integration-test/target/test-dir/MiniOzoneClusterImpl-fc1c6399-de52-4149-9dd2-17a3712db231/datanode-2/data-0/containers/hdds
2022-01-06 14:10:13,663 [Listener at 127.0.0.1/10228] INFO  volume.MutableVolumeSet (MutableVolumeSet.java:initializeVolumeSet(168)) - Added Volume : /home/runner/work/ozone/ozone/hadoop-ozone/integration-test/target/test-dir/MiniOzoneClusterImpl-fc1c6399-de52-4149-9dd2-17a3712db231/datanode-2/data/ratis to VolumeSet
2022-01-06 14:10:13,663 [Listener at 127.0.0.1/10228] INFO  volume.ThrottledAsyncChecker (ThrottledAsyncChecker.java:schedule(141)) - Scheduling a check for /home/runner/work/ozone/ozone/hadoop-ozone/integration-test/target/test-dir/MiniOzoneClusterImpl-fc1c6399-de52-4149-9dd2-17a3712db231/datanode-2/data/ratis
2022-01-06 14:10:13,664 [Listener at 127.0.0.1/10228] INFO  volume.StorageVolumeChecker (StorageVolumeChecker.java:checkAllVolumes(202)) - Scheduled health check for volume /home/runner/work/ozone/ozone/hadoop-ozone/integration-test/target/test-dir/MiniOzoneClusterImpl-fc1c6399-de52-4149-9dd2-17a3712db231/datanode-2/data/ratis
2022-01-06 14:10:13,683 [Thread-259] INFO  ozoneimpl.ContainerReader (ContainerReader.java:readVolume(172)) - Finish verifying containers on volume /home/runner/work/ozone/ozone/hadoop-ozone/integration-test/target/test-dir/MiniOzoneClusterImpl-fc1c6399-de52-4149-9dd2-17a3712db231/datanode-2/data-0/containers/hdds
2022-01-06 14:10:13,683 [Listener at 127.0.0.1/10228] INFO  ozoneimpl.OzoneContainer (OzoneContainer.java:buildContainerSet(237)) - Build ContainerSet costs 0s
2022-01-06 14:10:13,684 [omNode-1@group-523986131536-SegmentedRaftLogWorker] INFO  segmented.SegmentedRaftLogWorker (SegmentedRaftLogWorker.java:execute(601)) - omNode-1@group-523986131536-SegmentedRaftLogWorker: created new log segment /home/runner/work/ozone/ozone/hadoop-ozone/integration-test/target/test-dir/MiniOzoneClusterImpl-fc1c6399-de52-4149-9dd2-17a3712db231/omNode-1/ratis/c9bc4cf4-3bc3-3c60-a66b-523986131536/current/log_inprogress_0
2022-01-06 14:10:13,686 [omNode-3@group-523986131536-SegmentedRaftLogWorker] INFO  segmented.SegmentedRaftLogWorker (SegmentedRaftLogWorker.java:execute(601)) - omNode-3@group-523986131536-SegmentedRaftLogWorker: created new log segment /home/runner/work/ozone/ozone/hadoop-ozone/integration-test/target/test-dir/MiniOzoneClusterImpl-fc1c6399-de52-4149-9dd2-17a3712db231/omNode-3/ratis/c9bc4cf4-3bc3-3c60-a66b-523986131536/current/log_inprogress_0
2022-01-06 14:10:13,687 [omNode-2@group-523986131536-SegmentedRaftLogWorker] INFO  segmented.SegmentedRaftLogWorker (SegmentedRaftLogWorker.java:execute(601)) - omNode-2@group-523986131536-SegmentedRaftLogWorker: created new log segment /home/runner/work/ozone/ozone/hadoop-ozone/integration-test/target/test-dir/MiniOzoneClusterImpl-fc1c6399-de52-4149-9dd2-17a3712db231/omNode-2/ratis/c9bc4cf4-3bc3-3c60-a66b-523986131536/current/log_inprogress_0
2022-01-06 14:10:13,691 [Listener at 127.0.0.1/10228] INFO  server.RaftServer (ConfUtils.java:logGet(44)) - raft.rpc.type = GRPC (default)
2022-01-06 14:10:13,691 [Listener at 127.0.0.1/10228] INFO  grpc.GrpcFactory (GrpcFactory.java:checkPooledByteBufAllocatorUseCacheForAllThreads(48)) - PERFORMANCE WARNING: useCacheForAllThreads is true that may cause Netty to create a lot garbage objects and, as a result, trigger GC.
	It is recommended to disable useCacheForAllThreads by setting -Dorg.apache.ratis.thirdparty.io.netty.allocator.useCacheForAllThreads=false in command line.
2022-01-06 14:10:13,691 [Listener at 127.0.0.1/10228] INFO  grpc.GrpcConfigKeys (ConfUtils.java:logGet(44)) - raft.grpc.admin.port = 0 (custom)
2022-01-06 14:10:13,691 [Listener at 127.0.0.1/10228] INFO  grpc.GrpcConfigKeys (ConfUtils.java:logGet(44)) - raft.grpc.client.port = 0 (custom)
2022-01-06 14:10:13,692 [Listener at 127.0.0.1/10228] INFO  grpc.GrpcConfigKeys (ConfUtils.java:logGet(44)) - raft.grpc.server.port = 0 (default)
2022-01-06 14:10:13,692 [Listener at 127.0.0.1/10228] INFO  server.GrpcService (ConfUtils.java:logGet(44)) - raft.grpc.message.size.max = 32MB (=33554432) (custom)
2022-01-06 14:10:13,692 [Listener at 127.0.0.1/10228] INFO  server.RaftServerConfigKeys (ConfUtils.java:logGet(44)) - raft.server.log.appender.buffer.byte-limit = 33554432 (custom)
2022-01-06 14:10:13,692 [Listener at 127.0.0.1/10228] INFO  server.GrpcService (ConfUtils.java:logGet(44)) - raft.grpc.flow.control.window = 5MB (=5242880) (custom)
2022-01-06 14:10:13,693 [Listener at 127.0.0.1/10228] INFO  server.RaftServerConfigKeys (ConfUtils.java:logGet(44)) - raft.server.rpc.request.timeout = 60s (custom)
2022-01-06 14:10:13,694 [Listener at 127.0.0.1/10228] INFO  impl.DataStreamServerImpl (ConfUtils.java:logGet(44)) - raft.datastream.type = DISABLED (default)
2022-01-06 14:10:13,695 [Listener at 127.0.0.1/10228] INFO  server.RaftServerConfigKeys (ConfUtils.java:logGet(44)) - raft.server.rpc.slowness.timeout = 300s (custom)
2022-01-06 14:10:13,695 [Listener at 127.0.0.1/10228] INFO  server.RaftServerConfigKeys (ConfUtils.java:logGet(44)) - raft.server.leaderelection.leader.step-down.wait-time = 10s (default)
2022-01-06 14:10:13,695 [Listener at 127.0.0.1/10228] INFO  server.RaftServerConfigKeys (ConfUtils.java:logGet(44)) - raft.server.storage.dir = [/home/runner/work/ozone/ozone/hadoop-ozone/integration-test/target/test-dir/MiniOzoneClusterImpl-fc1c6399-de52-4149-9dd2-17a3712db231/datanode-2/data/ratis] (custom)
2022-01-06 14:10:13,696 [Listener at 127.0.0.1/10228] INFO  server.XceiverServerGrpc (XceiverServerGrpc.java:<init>(132)) - GrpcServer channel type EpollServerSocketChannel
2022-01-06 14:10:13,717 [Listener at 127.0.0.1/10228] INFO  http.BaseHttpServer (BaseHttpServer.java:newHttpServer2BuilderForOzone(209)) - Starting Web-server for hddsDatanode at: http://0.0.0.0:0
2022-01-06 14:10:13,717 [Listener at 127.0.0.1/10228] INFO  http.BaseHttpServer (BaseHttpServer.java:<init>(107)) - Hadoop Security Enabled: false Ozone Security Enabled: false Ozone HTTP Security Enabled: false 
2022-01-06 14:10:13,722 [Listener at 127.0.0.1/10228] INFO  server.AuthenticationFilter (AuthenticationFilter.java:constructSecretProvider(240)) - Unable to initialize FileSignerSecretProvider, falling back to use random secrets.
2022-01-06 14:10:13,722 [Listener at 127.0.0.1/10228] WARN  http.HttpRequestLog (HttpRequestLog.java:getRequestLog(103)) - Jetty request log can only be enabled using Log4j
2022-01-06 14:10:13,723 [Listener at 127.0.0.1/10228] INFO  http.HttpServer2 (HttpServer2.java:addGlobalFilter(1030)) - Added global filter 'safety' (class=org.apache.hadoop.hdds.server.http.HttpServer2$QuotingInputFilter)
2022-01-06 14:10:13,724 [Listener at 127.0.0.1/10228] INFO  http.HttpServer2 (HttpServer2.java:addFilter(1006)) - Added filter static_user_filter (class=org.apache.hadoop.http.lib.StaticUserWebFilter$StaticUserFilter) to context hddsDatanode
2022-01-06 14:10:13,724 [Listener at 127.0.0.1/10228] INFO  http.HttpServer2 (HttpServer2.java:addFilter(1014)) - Added filter static_user_filter (class=org.apache.hadoop.http.lib.StaticUserWebFilter$StaticUserFilter) to context static
2022-01-06 14:10:13,731 [Listener at 127.0.0.1/10228] INFO  http.HttpServer2 (HttpServer2.java:addFilter(1014)) - Added filter static_user_filter (class=org.apache.hadoop.http.lib.StaticUserWebFilter$StaticUserFilter) to context logs
2022-01-06 14:10:13,732 [Listener at 127.0.0.1/10228] INFO  http.HttpServer2 (HttpServer2.java:bindListener(1249)) - Jetty bound to port 40749
2022-01-06 14:10:13,732 [Listener at 127.0.0.1/10228] INFO  server.Server (Server.java:doStart(375)) - jetty-9.4.43.v20210629; built: 2021-06-30T11:07:22.254Z; git: 526006ecfa3af7f1a27ef3a288e2bef7ea9dd7e8; jvm 1.8.0_292-b10
2022-01-06 14:10:13,737 [Listener at 127.0.0.1/10228] INFO  server.session (DefaultSessionIdManager.java:doStart(334)) - DefaultSessionIdManager workerName=node0
2022-01-06 14:10:13,737 [Listener at 127.0.0.1/10228] INFO  server.session (DefaultSessionIdManager.java:doStart(339)) - No SessionScavenger set, using defaults
2022-01-06 14:10:13,737 [Listener at 127.0.0.1/10228] INFO  server.session (HouseKeeper.java:startScavenging(132)) - node0 Scavenging every 600000ms
2022-01-06 14:10:13,738 [Listener at 127.0.0.1/10228] INFO  handler.ContextHandler (ContextHandler.java:doStart(915)) - Started o.e.j.s.ServletContextHandler@6be7c9d9{logs,/logs,file:///home/runner/work/ozone/ozone/hadoop-ozone/integration-test/target/log,AVAILABLE}
2022-01-06 14:10:13,739 [Listener at 127.0.0.1/10228] INFO  handler.ContextHandler (ContextHandler.java:doStart(915)) - Started o.e.j.s.ServletContextHandler@6e84c052{static,/static,jar:file:/home/runner/.m2/repository/org/apache/ozone/hdds-container-service/1.3.0-SNAPSHOT/hdds-container-service-1.3.0-SNAPSHOT.jar!/webapps/static,AVAILABLE}
2022-01-06 14:10:13,804 [Listener at 127.0.0.1/10228] INFO  handler.ContextHandler (ContextHandler.java:doStart(915)) - Started o.e.j.w.WebAppContext@236a7f65{hddsDatanode,/,file:///tmp/jetty-0_0_0_0-40749-hdds-container-service-1_3_0-SNAPSHOT_jar-_-any-7593227806838643809/webapp/,AVAILABLE}{jar:file:/home/runner/.m2/repository/org/apache/ozone/hdds-container-service/1.3.0-SNAPSHOT/hdds-container-service-1.3.0-SNAPSHOT.jar!/webapps/hddsDatanode}
2022-01-06 14:10:13,819 [Listener at 127.0.0.1/10228] INFO  server.AbstractConnector (AbstractConnector.java:doStart(331)) - Started ServerConnector@6b4848d9{HTTP/1.1, (http/1.1)}{0.0.0.0:40749}
2022-01-06 14:10:13,820 [Listener at 127.0.0.1/10228] INFO  server.Server (Server.java:doStart(415)) - Started @9589ms
2022-01-06 14:10:13,820 [Listener at 127.0.0.1/10228] WARN  impl.MetricsSystemImpl (MetricsSystemImpl.java:register(279)) - Sink prometheus already exists!
2022-01-06 14:10:13,821 [Listener at 127.0.0.1/10228] INFO  http.BaseHttpServer (BaseHttpServer.java:updateConnectorAddress(329)) - HTTP server of hddsDatanode listening at http://0.0.0.0:40749
2022-01-06 14:10:13,824 [Listener at 127.0.0.1/10228] INFO  ozone.MiniOzoneClusterImpl (MiniOzoneClusterImpl.java:lambda$waitForClusterToBeReady$0(235)) - Waiting for nodes to be ready. Got 0 of 3 DN Heartbeats.
2022-01-06 14:10:13,824 [Listener at 127.0.0.1/10228] INFO  ozone.MiniOzoneClusterImpl (MiniOzoneClusterImpl.java:lambda$waitForClusterToBeReady$0(238)) - Waiting for cluster to exit safe mode
2022-01-06 14:10:13,824 [Listener at 127.0.0.1/10228] INFO  ozone.MiniOzoneClusterImpl (MiniOzoneClusterImpl.java:lambda$waitForClusterToBeReady$0(240)) - SCM became leader
2022-01-06 14:10:13,824 [Datanode State Machine Daemon Thread] INFO  statemachine.DatanodeStateMachine (DatanodeStateMachine.java:lambda$startDaemon$0(467)) - Ozone container server started.
2022-01-06 14:10:13,831 [omNode-1@group-523986131536-StateMachineUpdater] INFO  ratis.OzoneManagerStateMachine (OzoneManagerStateMachine.java:notifyConfigurationChanged(188)) - Received Configuration change notification from Ratis. New Peer list:
[id: "omNode-3"
address: "localhost:10232"
, id: "omNode-1"
address: "localhost:10220"
, id: "omNode-2"
address: "localhost:10226"
]
2022-01-06 14:10:13,835 [org.apache.hadoop.util.JvmPauseMonitor$Monitor@8d6d92c] INFO  util.JvmPauseMonitor (JvmPauseMonitor.java:run(188)) - Starting JVM pause monitor
2022-01-06 14:10:13,837 [Datanode State Machine Task Thread - 0] INFO  datanode.InitDatanodeState (InitDatanodeState.java:persistContainerDatanodeDetails(145)) - DatanodeDetails is persisted to /home/runner/work/ozone/ozone/hadoop-ozone/integration-test/target/test-dir/MiniOzoneClusterImpl-fc1c6399-de52-4149-9dd2-17a3712db231/datanode-2/meta/datanode.id
2022-01-06 14:10:14,212 [omNode-2@group-523986131536-StateMachineUpdater] INFO  ratis.OzoneManagerStateMachine (OzoneManagerStateMachine.java:notifyConfigurationChanged(188)) - Received Configuration change notification from Ratis. New Peer list:
[id: "omNode-3"
address: "localhost:10232"
, id: "omNode-1"
address: "localhost:10220"
, id: "omNode-2"
address: "localhost:10226"
]
2022-01-06 14:10:14,225 [omNode-3@group-523986131536-StateMachineUpdater] INFO  ratis.OzoneManagerStateMachine (OzoneManagerStateMachine.java:notifyConfigurationChanged(188)) - Received Configuration change notification from Ratis. New Peer list:
[id: "omNode-3"
address: "localhost:10232"
, id: "omNode-1"
address: "localhost:10220"
, id: "omNode-2"
address: "localhost:10226"
]
2022-01-06 14:10:14,825 [Listener at 127.0.0.1/10228] INFO  ozone.MiniOzoneClusterImpl (MiniOzoneClusterImpl.java:lambda$waitForClusterToBeReady$0(235)) - Waiting for nodes to be ready. Got 0 of 3 DN Heartbeats.
2022-01-06 14:10:14,825 [Listener at 127.0.0.1/10228] INFO  ozone.MiniOzoneClusterImpl (MiniOzoneClusterImpl.java:lambda$waitForClusterToBeReady$0(238)) - Waiting for cluster to exit safe mode
2022-01-06 14:10:14,825 [Listener at 127.0.0.1/10228] INFO  ozone.MiniOzoneClusterImpl (MiniOzoneClusterImpl.java:lambda$waitForClusterToBeReady$0(240)) - SCM became leader
2022-01-06 14:10:14,975 [EndpointStateMachine task thread for /0.0.0.0:44353 - 0 ] INFO  ozoneimpl.OzoneContainer (OzoneContainer.java:start(315)) - Attempting to start container services.
2022-01-06 14:10:14,978 [EndpointStateMachine task thread for /0.0.0.0:44353 - 0 ] INFO  ozoneimpl.OzoneContainer (OzoneContainer.java:startContainerScrub(250)) - Background container scanner has been disabled.
2022-01-06 14:10:14,982 [EndpointStateMachine task thread for /0.0.0.0:44353 - 0 ] INFO  replication.ReplicationServer (ReplicationServer.java:start(107)) - ReplicationServer is started using port 40053
2022-01-06 14:10:14,985 [EndpointStateMachine task thread for /0.0.0.0:44353 - 0 ] INFO  ratis.XceiverServerRatis (XceiverServerRatis.java:start(484)) - Starting XceiverServerRatis e8cc3e65-88b3-42ee-a50c-79e48b3b2760
2022-01-06 14:10:14,986 [EndpointStateMachine task thread for /0.0.0.0:44353 - 0 ] INFO  server.RaftServer (RaftServerProxy.java:lambda$start$5(374)) - e8cc3e65-88b3-42ee-a50c-79e48b3b2760: start RPC server
2022-01-06 14:10:14,988 [EndpointStateMachine task thread for /0.0.0.0:44353 - 0 ] INFO  server.GrpcService (GrpcService.java:startImpl(253)) - e8cc3e65-88b3-42ee-a50c-79e48b3b2760: GrpcService started, listening on 37863
2022-01-06 14:10:14,989 [EndpointStateMachine task thread for /0.0.0.0:44353 - 0 ] INFO  ratis.XceiverServerRatis (XceiverServerRatis.java:getRealPort(505)) - XceiverServerRatis e8cc3e65-88b3-42ee-a50c-79e48b3b2760 is started using port 37863 for RATIS
2022-01-06 14:10:14,989 [EndpointStateMachine task thread for /0.0.0.0:44353 - 0 ] INFO  ratis.XceiverServerRatis (XceiverServerRatis.java:getRealPort(505)) - XceiverServerRatis e8cc3e65-88b3-42ee-a50c-79e48b3b2760 is started using port 37863 for RATIS_ADMIN
2022-01-06 14:10:14,989 [EndpointStateMachine task thread for /0.0.0.0:44353 - 0 ] INFO  ratis.XceiverServerRatis (XceiverServerRatis.java:getRealPort(505)) - XceiverServerRatis e8cc3e65-88b3-42ee-a50c-79e48b3b2760 is started using port 37863 for RATIS_SERVER
2022-01-06 14:10:14,989 [org.apache.ratis.util.JvmPauseMonitor$$Lambda$531/572857286@5477e63f] INFO  util.JvmPauseMonitor (JvmPauseMonitor.java:run(103)) - JvmPauseMonitor-e8cc3e65-88b3-42ee-a50c-79e48b3b2760: Started
2022-01-06 14:10:14,990 [EndpointStateMachine task thread for /0.0.0.0:44353 - 0 ] INFO  server.XceiverServerGrpc (XceiverServerGrpc.java:start(180)) - XceiverServerGrpc e8cc3e65-88b3-42ee-a50c-79e48b3b2760 is started using port 39175
2022-01-06 14:10:15,400 [EndpointStateMachine task thread for /0.0.0.0:44353 - 0 ] INFO  ozoneimpl.OzoneContainer (OzoneContainer.java:start(315)) - Attempting to start container services.
2022-01-06 14:10:15,400 [EndpointStateMachine task thread for /0.0.0.0:44353 - 0 ] INFO  ozoneimpl.OzoneContainer (OzoneContainer.java:startContainerScrub(250)) - Background container scanner has been disabled.
2022-01-06 14:10:15,402 [EndpointStateMachine task thread for /0.0.0.0:44353 - 0 ] INFO  replication.ReplicationServer (ReplicationServer.java:start(107)) - ReplicationServer is started using port 34155
2022-01-06 14:10:15,405 [EndpointStateMachine task thread for /0.0.0.0:44353 - 0 ] INFO  ratis.XceiverServerRatis (XceiverServerRatis.java:start(484)) - Starting XceiverServerRatis 6122d92d-66bf-436e-946f-99b77373ac6d
2022-01-06 14:10:15,406 [EndpointStateMachine task thread for /0.0.0.0:44353 - 0 ] INFO  server.RaftServer (RaftServerProxy.java:lambda$start$5(374)) - 6122d92d-66bf-436e-946f-99b77373ac6d: start RPC server
2022-01-06 14:10:15,410 [EndpointStateMachine task thread for /0.0.0.0:44353 - 0 ] INFO  server.GrpcService (GrpcService.java:startImpl(253)) - 6122d92d-66bf-436e-946f-99b77373ac6d: GrpcService started, listening on 45309
2022-01-06 14:10:15,410 [EndpointStateMachine task thread for /0.0.0.0:44353 - 0 ] INFO  ratis.XceiverServerRatis (XceiverServerRatis.java:getRealPort(505)) - XceiverServerRatis 6122d92d-66bf-436e-946f-99b77373ac6d is started using port 45309 for RATIS
2022-01-06 14:10:15,410 [EndpointStateMachine task thread for /0.0.0.0:44353 - 0 ] INFO  ratis.XceiverServerRatis (XceiverServerRatis.java:getRealPort(505)) - XceiverServerRatis 6122d92d-66bf-436e-946f-99b77373ac6d is started using port 45309 for RATIS_ADMIN
2022-01-06 14:10:15,410 [EndpointStateMachine task thread for /0.0.0.0:44353 - 0 ] INFO  ratis.XceiverServerRatis (XceiverServerRatis.java:getRealPort(505)) - XceiverServerRatis 6122d92d-66bf-436e-946f-99b77373ac6d is started using port 45309 for RATIS_SERVER
2022-01-06 14:10:15,410 [org.apache.ratis.util.JvmPauseMonitor$$Lambda$531/572857286@7aa30f32] INFO  util.JvmPauseMonitor (JvmPauseMonitor.java:run(103)) - JvmPauseMonitor-6122d92d-66bf-436e-946f-99b77373ac6d: Started
2022-01-06 14:10:15,411 [EndpointStateMachine task thread for /0.0.0.0:44353 - 0 ] INFO  server.XceiverServerGrpc (XceiverServerGrpc.java:start(180)) - XceiverServerGrpc 6122d92d-66bf-436e-946f-99b77373ac6d is started using port 46751
2022-01-06 14:10:15,825 [Listener at 127.0.0.1/10228] INFO  ozone.MiniOzoneClusterImpl (MiniOzoneClusterImpl.java:lambda$waitForClusterToBeReady$0(235)) - Waiting for nodes to be ready. Got 0 of 3 DN Heartbeats.
2022-01-06 14:10:15,826 [Listener at 127.0.0.1/10228] INFO  ozone.MiniOzoneClusterImpl (MiniOzoneClusterImpl.java:lambda$waitForClusterToBeReady$0(238)) - Waiting for cluster to exit safe mode
2022-01-06 14:10:15,826 [Listener at 127.0.0.1/10228] INFO  ozone.MiniOzoneClusterImpl (MiniOzoneClusterImpl.java:lambda$waitForClusterToBeReady$0(240)) - SCM became leader
2022-01-06 14:10:15,839 [EndpointStateMachine task thread for /0.0.0.0:44353 - 0 ] INFO  ozoneimpl.OzoneContainer (OzoneContainer.java:start(315)) - Attempting to start container services.
2022-01-06 14:10:15,840 [EndpointStateMachine task thread for /0.0.0.0:44353 - 0 ] INFO  ozoneimpl.OzoneContainer (OzoneContainer.java:startContainerScrub(250)) - Background container scanner has been disabled.
2022-01-06 14:10:15,843 [EndpointStateMachine task thread for /0.0.0.0:44353 - 0 ] INFO  replication.ReplicationServer (ReplicationServer.java:start(107)) - ReplicationServer is started using port 38255
2022-01-06 14:10:15,844 [EndpointStateMachine task thread for /0.0.0.0:44353 - 0 ] INFO  ratis.XceiverServerRatis (XceiverServerRatis.java:start(484)) - Starting XceiverServerRatis c7a42389-c056-48f2-a17d-b6f94138e9b4
2022-01-06 14:10:15,845 [EndpointStateMachine task thread for /0.0.0.0:44353 - 0 ] INFO  server.RaftServer (RaftServerProxy.java:lambda$start$5(374)) - c7a42389-c056-48f2-a17d-b6f94138e9b4: start RPC server
2022-01-06 14:10:15,845 [EndpointStateMachine task thread for /0.0.0.0:44353 - 0 ] INFO  server.GrpcService (GrpcService.java:startImpl(253)) - c7a42389-c056-48f2-a17d-b6f94138e9b4: GrpcService started, listening on 39221
2022-01-06 14:10:15,849 [EndpointStateMachine task thread for /0.0.0.0:44353 - 0 ] INFO  ratis.XceiverServerRatis (XceiverServerRatis.java:getRealPort(505)) - XceiverServerRatis c7a42389-c056-48f2-a17d-b6f94138e9b4 is started using port 39221 for RATIS
2022-01-06 14:10:15,849 [org.apache.ratis.util.JvmPauseMonitor$$Lambda$531/572857286@760674f2] INFO  util.JvmPauseMonitor (JvmPauseMonitor.java:run(103)) - JvmPauseMonitor-c7a42389-c056-48f2-a17d-b6f94138e9b4: Started
2022-01-06 14:10:15,849 [EndpointStateMachine task thread for /0.0.0.0:44353 - 0 ] INFO  ratis.XceiverServerRatis (XceiverServerRatis.java:getRealPort(505)) - XceiverServerRatis c7a42389-c056-48f2-a17d-b6f94138e9b4 is started using port 39221 for RATIS_ADMIN
2022-01-06 14:10:15,850 [EndpointStateMachine task thread for /0.0.0.0:44353 - 0 ] INFO  ratis.XceiverServerRatis (XceiverServerRatis.java:getRealPort(505)) - XceiverServerRatis c7a42389-c056-48f2-a17d-b6f94138e9b4 is started using port 39221 for RATIS_SERVER
2022-01-06 14:10:15,851 [EndpointStateMachine task thread for /0.0.0.0:44353 - 0 ] INFO  server.XceiverServerGrpc (XceiverServerGrpc.java:start(180)) - XceiverServerGrpc c7a42389-c056-48f2-a17d-b6f94138e9b4 is started using port 41749
2022-01-06 14:10:16,826 [Listener at 127.0.0.1/10228] INFO  ozone.MiniOzoneClusterImpl (MiniOzoneClusterImpl.java:lambda$waitForClusterToBeReady$0(235)) - Waiting for nodes to be ready. Got 0 of 3 DN Heartbeats.
2022-01-06 14:10:16,826 [Listener at 127.0.0.1/10228] INFO  ozone.MiniOzoneClusterImpl (MiniOzoneClusterImpl.java:lambda$waitForClusterToBeReady$0(238)) - Waiting for cluster to exit safe mode
2022-01-06 14:10:16,827 [Listener at 127.0.0.1/10228] INFO  ozone.MiniOzoneClusterImpl (MiniOzoneClusterImpl.java:lambda$waitForClusterToBeReady$0(240)) - SCM became leader
2022-01-06 14:10:16,917 [IPC Server handler 1 on default port 44353] INFO  net.NetworkTopologyImpl (NetworkTopologyImpl.java:add(112)) - Added a new node: /default-rack/e8cc3e65-88b3-42ee-a50c-79e48b3b2760
2022-01-06 14:10:16,919 [IPC Server handler 1 on default port 44353] INFO  node.SCMNodeManager (SCMNodeManager.java:register(389)) - Registered Data node : e8cc3e65-88b3-42ee-a50c-79e48b3b2760{ip: 10.1.0.7, host: fv-az297-741.nmf1rxwemy4u5di1sxxf4ejcwb.jx.internal.cloudapp.net, ports: [REPLICATION=40053, RATIS=37863, RATIS_ADMIN=37863, RATIS_SERVER=37863, STANDALONE=39175], networkLocation: /default-rack, certSerialId: null, persistedOpState: null, persistedOpStateExpiryEpochSec: 0}
2022-01-06 14:10:16,924 [EventQueue-NewNodeForNewNodeHandler] INFO  pipeline.BackgroundPipelineCreator (BackgroundPipelineCreator.java:notifyEventTriggered(285)) - trigger a one-shot run on RatisPipelineUtilsThread.
2022-01-06 14:10:16,935 [RatisPipelineUtilsThread - 0] INFO  pipeline.RatisPipelineProvider (RatisPipelineProvider.java:lambda$create$0(183)) - Sending CreatePipelineCommand for pipeline:PipelineID=5f049047-23d5-4a06-888a-b58bea83c43e to datanode:e8cc3e65-88b3-42ee-a50c-79e48b3b2760
2022-01-06 14:10:16,935 [EventQueue-NodeRegistrationContainerReportForDataNodeSafeModeRule] INFO  safemode.SCMSafeModeManager (DataNodeSafeModeRule.java:process(71)) - SCM in safe mode. 1 DataNodes registered, 3 required.
2022-01-06 14:10:16,936 [EventQueue-NodeRegistrationContainerReportForContainerSafeModeRule] INFO  safemode.SCMSafeModeManager (SCMSafeModeManager.java:validateSafeModeExitRules(204)) - ContainerSafeModeRule rule is successfully validated
2022-01-06 14:10:16,936 [EventQueue-PipelineReportForOneReplicaPipelineSafeModeRule] INFO  safemode.SCMSafeModeManager (SCMSafeModeManager.java:validateSafeModeExitRules(204)) - AtleastOneDatanodeReportedRule rule is successfully validated
2022-01-06 14:10:16,948 [RatisPipelineUtilsThread - 0] INFO  pipeline.PipelineStateManagerImpl (PipelineStateManagerImpl.java:addPipeline(101)) - Created pipeline Pipeline[ Id: 5f049047-23d5-4a06-888a-b58bea83c43e, Nodes: e8cc3e65-88b3-42ee-a50c-79e48b3b2760{ip: 10.1.0.7, host: fv-az297-741.nmf1rxwemy4u5di1sxxf4ejcwb.jx.internal.cloudapp.net, ports: [REPLICATION=40053, RATIS=37863, RATIS_ADMIN=37863, RATIS_SERVER=37863, STANDALONE=39175], networkLocation: /default-rack, certSerialId: null, persistedOpState: IN_SERVICE, persistedOpStateExpiryEpochSec: 0}, ReplicationConfig: RATIS/ONE, State:ALLOCATED, leaderId:, CreationTimestamp2022-01-06T14:10:16.932Z[Etc/UTC]].
2022-01-06 14:10:17,396 [IPC Server handler 2 on default port 44353] INFO  net.NetworkTopologyImpl (NetworkTopologyImpl.java:add(112)) - Added a new node: /default-rack/6122d92d-66bf-436e-946f-99b77373ac6d
2022-01-06 14:10:17,397 [IPC Server handler 2 on default port 44353] INFO  node.SCMNodeManager (SCMNodeManager.java:register(389)) - Registered Data node : 6122d92d-66bf-436e-946f-99b77373ac6d{ip: 10.1.0.7, host: fv-az297-741.nmf1rxwemy4u5di1sxxf4ejcwb.jx.internal.cloudapp.net, ports: [REPLICATION=34155, RATIS=45309, RATIS_ADMIN=45309, RATIS_SERVER=45309, STANDALONE=46751], networkLocation: /default-rack, certSerialId: null, persistedOpState: null, persistedOpStateExpiryEpochSec: 0}
2022-01-06 14:10:17,397 [EventQueue-NewNodeForNewNodeHandler] INFO  pipeline.BackgroundPipelineCreator (BackgroundPipelineCreator.java:notifyEventTriggered(285)) - trigger a one-shot run on RatisPipelineUtilsThread.
2022-01-06 14:10:17,400 [EventQueue-NodeRegistrationContainerReportForDataNodeSafeModeRule] INFO  safemode.SCMSafeModeManager (DataNodeSafeModeRule.java:process(71)) - SCM in safe mode. 2 DataNodes registered, 3 required.
2022-01-06 14:10:17,402 [RatisPipelineUtilsThread - 0] INFO  pipeline.RatisPipelineProvider (RatisPipelineProvider.java:lambda$create$0(183)) - Sending CreatePipelineCommand for pipeline:PipelineID=0cbc7a22-7eb1-47a1-94c1-0fd72f999b24 to datanode:6122d92d-66bf-436e-946f-99b77373ac6d
2022-01-06 14:10:17,403 [RatisPipelineUtilsThread - 0] INFO  pipeline.PipelineStateManagerImpl (PipelineStateManagerImpl.java:addPipeline(101)) - Created pipeline Pipeline[ Id: 0cbc7a22-7eb1-47a1-94c1-0fd72f999b24, Nodes: 6122d92d-66bf-436e-946f-99b77373ac6d{ip: 10.1.0.7, host: fv-az297-741.nmf1rxwemy4u5di1sxxf4ejcwb.jx.internal.cloudapp.net, ports: [REPLICATION=34155, RATIS=45309, RATIS_ADMIN=45309, RATIS_SERVER=45309, STANDALONE=46751], networkLocation: /default-rack, certSerialId: null, persistedOpState: IN_SERVICE, persistedOpStateExpiryEpochSec: 0}, ReplicationConfig: RATIS/ONE, State:ALLOCATED, leaderId:, CreationTimestamp2022-01-06T14:10:17.402Z[Etc/UTC]].
2022-01-06 14:10:17,827 [Listener at 127.0.0.1/10228] INFO  ozone.MiniOzoneClusterImpl (MiniOzoneClusterImpl.java:lambda$waitForClusterToBeReady$0(235)) - Waiting for nodes to be ready. Got 2 of 3 DN Heartbeats.
2022-01-06 14:10:17,828 [Listener at 127.0.0.1/10228] INFO  ozone.MiniOzoneClusterImpl (MiniOzoneClusterImpl.java:lambda$waitForClusterToBeReady$0(238)) - Waiting for cluster to exit safe mode
2022-01-06 14:10:17,828 [Listener at 127.0.0.1/10228] INFO  ozone.MiniOzoneClusterImpl (MiniOzoneClusterImpl.java:lambda$waitForClusterToBeReady$0(240)) - SCM became leader
2022-01-06 14:10:17,837 [IPC Server handler 5 on default port 44353] INFO  net.NetworkTopologyImpl (NetworkTopologyImpl.java:add(112)) - Added a new node: /default-rack/c7a42389-c056-48f2-a17d-b6f94138e9b4
2022-01-06 14:10:17,838 [IPC Server handler 5 on default port 44353] INFO  node.SCMNodeManager (SCMNodeManager.java:register(389)) - Registered Data node : c7a42389-c056-48f2-a17d-b6f94138e9b4{ip: 10.1.0.7, host: fv-az297-741.nmf1rxwemy4u5di1sxxf4ejcwb.jx.internal.cloudapp.net, ports: [REPLICATION=38255, RATIS=39221, RATIS_ADMIN=39221, RATIS_SERVER=39221, STANDALONE=41749], networkLocation: /default-rack, certSerialId: null, persistedOpState: null, persistedOpStateExpiryEpochSec: 0}
2022-01-06 14:10:17,839 [EventQueue-NewNodeForNewNodeHandler] INFO  pipeline.BackgroundPipelineCreator (BackgroundPipelineCreator.java:notifyEventTriggered(285)) - trigger a one-shot run on RatisPipelineUtilsThread.
2022-01-06 14:10:17,840 [EventQueue-NodeRegistrationContainerReportForDataNodeSafeModeRule] INFO  safemode.SCMSafeModeManager (DataNodeSafeModeRule.java:process(71)) - SCM in safe mode. 3 DataNodes registered, 3 required.
2022-01-06 14:10:17,840 [EventQueue-NodeRegistrationContainerReportForDataNodeSafeModeRule] INFO  safemode.SCMSafeModeManager (SCMSafeModeManager.java:validateSafeModeExitRules(204)) - DataNodeSafeModeRule rule is successfully validated
2022-01-06 14:10:17,840 [RatisPipelineUtilsThread - 0] INFO  pipeline.RatisPipelineProvider (RatisPipelineProvider.java:lambda$create$0(183)) - Sending CreatePipelineCommand for pipeline:PipelineID=e0009cc1-7174-41c0-80f1-e6e87e6ce091 to datanode:c7a42389-c056-48f2-a17d-b6f94138e9b4
2022-01-06 14:10:17,840 [EventQueue-NodeRegistrationContainerReportForDataNodeSafeModeRule] INFO  safemode.SCMSafeModeManager (SCMSafeModeManager.java:completePreCheck(233)) - All SCM safe mode pre check rules have passed
2022-01-06 14:10:17,840 [EventQueue-NodeRegistrationContainerReportForDataNodeSafeModeRule] WARN  events.EventQueue (EventQueue.java:fireEvent(194)) - No event handler registered for event TypedEvent{payloadType=SafeModeStatus, name='Safe mode status'}
2022-01-06 14:10:17,840 [EventQueue-NodeRegistrationContainerReportForDataNodeSafeModeRule] INFO  ha.SCMContext (SCMContext.java:updateSafeModeStatus(211)) - Update SafeModeStatus from SafeModeStatus{safeModeStatus=true, preCheckPassed=false} to SafeModeStatus{safeModeStatus=true, preCheckPassed=true}.
2022-01-06 14:10:17,840 [EventQueue-NodeRegistrationContainerReportForDataNodeSafeModeRule] INFO  pipeline.BackgroundPipelineCreator (BackgroundPipelineCreator.java:notifyEventTriggered(285)) - trigger a one-shot run on RatisPipelineUtilsThread.
2022-01-06 14:10:17,841 [RatisPipelineUtilsThread - 0] INFO  pipeline.PipelineStateManagerImpl (PipelineStateManagerImpl.java:addPipeline(101)) - Created pipeline Pipeline[ Id: e0009cc1-7174-41c0-80f1-e6e87e6ce091, Nodes: c7a42389-c056-48f2-a17d-b6f94138e9b4{ip: 10.1.0.7, host: fv-az297-741.nmf1rxwemy4u5di1sxxf4ejcwb.jx.internal.cloudapp.net, ports: [REPLICATION=38255, RATIS=39221, RATIS_ADMIN=39221, RATIS_SERVER=39221, STANDALONE=41749], networkLocation: /default-rack, certSerialId: null, persistedOpState: IN_SERVICE, persistedOpStateExpiryEpochSec: 0}, ReplicationConfig: RATIS/ONE, State:ALLOCATED, leaderId:, CreationTimestamp2022-01-06T14:10:17.840Z[Etc/UTC]].
2022-01-06 14:10:17,844 [RatisPipelineUtilsThread - 0] INFO  pipeline.RatisPipelineProvider (RatisPipelineProvider.java:lambda$create$0(183)) - Sending CreatePipelineCommand for pipeline:PipelineID=2f361a81-dae7-4587-a701-58c5de752dec to datanode:e8cc3e65-88b3-42ee-a50c-79e48b3b2760
2022-01-06 14:10:17,844 [RatisPipelineUtilsThread - 0] INFO  pipeline.RatisPipelineProvider (RatisPipelineProvider.java:lambda$create$0(183)) - Sending CreatePipelineCommand for pipeline:PipelineID=2f361a81-dae7-4587-a701-58c5de752dec to datanode:6122d92d-66bf-436e-946f-99b77373ac6d
2022-01-06 14:10:17,844 [RatisPipelineUtilsThread - 0] INFO  pipeline.RatisPipelineProvider (RatisPipelineProvider.java:lambda$create$0(183)) - Sending CreatePipelineCommand for pipeline:PipelineID=2f361a81-dae7-4587-a701-58c5de752dec to datanode:c7a42389-c056-48f2-a17d-b6f94138e9b4
2022-01-06 14:10:17,845 [RatisPipelineUtilsThread - 0] INFO  pipeline.PipelineStateManagerImpl (PipelineStateManagerImpl.java:addPipeline(101)) - Created pipeline Pipeline[ Id: 2f361a81-dae7-4587-a701-58c5de752dec, Nodes: e8cc3e65-88b3-42ee-a50c-79e48b3b2760{ip: 10.1.0.7, host: fv-az297-741.nmf1rxwemy4u5di1sxxf4ejcwb.jx.internal.cloudapp.net, ports: [REPLICATION=40053, RATIS=37863, RATIS_ADMIN=37863, RATIS_SERVER=37863, STANDALONE=39175], networkLocation: /default-rack, certSerialId: null, persistedOpState: IN_SERVICE, persistedOpStateExpiryEpochSec: 0}6122d92d-66bf-436e-946f-99b77373ac6d{ip: 10.1.0.7, host: fv-az297-741.nmf1rxwemy4u5di1sxxf4ejcwb.jx.internal.cloudapp.net, ports: [REPLICATION=34155, RATIS=45309, RATIS_ADMIN=45309, RATIS_SERVER=45309, STANDALONE=46751], networkLocation: /default-rack, certSerialId: null, persistedOpState: IN_SERVICE, persistedOpStateExpiryEpochSec: 0}c7a42389-c056-48f2-a17d-b6f94138e9b4{ip: 10.1.0.7, host: fv-az297-741.nmf1rxwemy4u5di1sxxf4ejcwb.jx.internal.cloudapp.net, ports: [REPLICATION=38255, RATIS=39221, RATIS_ADMIN=39221, RATIS_SERVER=39221, STANDALONE=41749], networkLocation: /default-rack, certSerialId: null, persistedOpState: IN_SERVICE, persistedOpStateExpiryEpochSec: 0}, ReplicationConfig: RATIS/THREE, State:ALLOCATED, leaderId:, CreationTimestamp2022-01-06T14:10:17.844Z[Etc/UTC]].
2022-01-06 14:10:17,846 [RatisPipelineUtilsThread - 0] INFO  pipeline.RatisPipelineProvider (RatisPipelineProvider.java:lambda$create$0(183)) - Sending CreatePipelineCommand for pipeline:PipelineID=b4ceab46-45ad-4b52-84d3-b72aca344b95 to datanode:e8cc3e65-88b3-42ee-a50c-79e48b3b2760
2022-01-06 14:10:17,846 [RatisPipelineUtilsThread - 0] INFO  pipeline.RatisPipelineProvider (RatisPipelineProvider.java:lambda$create$0(183)) - Sending CreatePipelineCommand for pipeline:PipelineID=b4ceab46-45ad-4b52-84d3-b72aca344b95 to datanode:c7a42389-c056-48f2-a17d-b6f94138e9b4
2022-01-06 14:10:17,846 [RatisPipelineUtilsThread - 0] INFO  pipeline.RatisPipelineProvider (RatisPipelineProvider.java:lambda$create$0(183)) - Sending CreatePipelineCommand for pipeline:PipelineID=b4ceab46-45ad-4b52-84d3-b72aca344b95 to datanode:6122d92d-66bf-436e-946f-99b77373ac6d
2022-01-06 14:10:17,847 [RatisPipelineUtilsThread - 0] INFO  pipeline.PipelineStateManagerImpl (PipelineStateManagerImpl.java:addPipeline(101)) - Created pipeline Pipeline[ Id: b4ceab46-45ad-4b52-84d3-b72aca344b95, Nodes: e8cc3e65-88b3-42ee-a50c-79e48b3b2760{ip: 10.1.0.7, host: fv-az297-741.nmf1rxwemy4u5di1sxxf4ejcwb.jx.internal.cloudapp.net, ports: [REPLICATION=40053, RATIS=37863, RATIS_ADMIN=37863, RATIS_SERVER=37863, STANDALONE=39175], networkLocation: /default-rack, certSerialId: null, persistedOpState: IN_SERVICE, persistedOpStateExpiryEpochSec: 0}c7a42389-c056-48f2-a17d-b6f94138e9b4{ip: 10.1.0.7, host: fv-az297-741.nmf1rxwemy4u5di1sxxf4ejcwb.jx.internal.cloudapp.net, ports: [REPLICATION=38255, RATIS=39221, RATIS_ADMIN=39221, RATIS_SERVER=39221, STANDALONE=41749], networkLocation: /default-rack, certSerialId: null, persistedOpState: IN_SERVICE, persistedOpStateExpiryEpochSec: 0}6122d92d-66bf-436e-946f-99b77373ac6d{ip: 10.1.0.7, host: fv-az297-741.nmf1rxwemy4u5di1sxxf4ejcwb.jx.internal.cloudapp.net, ports: [REPLICATION=34155, RATIS=45309, RATIS_ADMIN=45309, RATIS_SERVER=45309, STANDALONE=46751], networkLocation: /default-rack, certSerialId: null, persistedOpState: IN_SERVICE, persistedOpStateExpiryEpochSec: 0}, ReplicationConfig: RATIS/THREE, State:ALLOCATED, leaderId:, CreationTimestamp2022-01-06T14:10:17.846Z[Etc/UTC]].
2022-01-06 14:10:17,847 [RatisPipelineUtilsThread - 0] INFO  pipeline.PipelineManagerImpl (PipelineManagerImpl.java:recordMetricsForPipeline(639)) - Pipeline: PipelineID=b4ceab46-45ad-4b52-84d3-b72aca344b95 contains same datanodes as previous pipelines: PipelineID=2f361a81-dae7-4587-a701-58c5de752dec nodeIds: e8cc3e65-88b3-42ee-a50c-79e48b3b2760, c7a42389-c056-48f2-a17d-b6f94138e9b4, 6122d92d-66bf-436e-946f-99b77373ac6d
2022-01-06 14:10:18,828 [Listener at 127.0.0.1/10228] INFO  ozone.MiniOzoneClusterImpl (MiniOzoneClusterImpl.java:lambda$waitForClusterToBeReady$0(235)) - Nodes are ready. Got 3 of 3 DN Heartbeats.
2022-01-06 14:10:18,830 [Listener at 127.0.0.1/10228] INFO  ozone.MiniOzoneClusterImpl (MiniOzoneClusterImpl.java:lambda$waitForClusterToBeReady$0(238)) - Waiting for cluster to exit safe mode
2022-01-06 14:10:18,830 [Listener at 127.0.0.1/10228] INFO  ozone.MiniOzoneClusterImpl (MiniOzoneClusterImpl.java:lambda$waitForClusterToBeReady$0(240)) - SCM became leader
2022-01-06 14:10:19,830 [Listener at 127.0.0.1/10228] INFO  ozone.MiniOzoneClusterImpl (MiniOzoneClusterImpl.java:lambda$waitForClusterToBeReady$0(235)) - Nodes are ready. Got 3 of 3 DN Heartbeats.
2022-01-06 14:10:19,831 [Listener at 127.0.0.1/10228] INFO  ozone.MiniOzoneClusterImpl (MiniOzoneClusterImpl.java:lambda$waitForClusterToBeReady$0(238)) - Waiting for cluster to exit safe mode
2022-01-06 14:10:19,831 [Listener at 127.0.0.1/10228] INFO  ozone.MiniOzoneClusterImpl (MiniOzoneClusterImpl.java:lambda$waitForClusterToBeReady$0(240)) - SCM became leader
2022-01-06 14:10:19,905 [Command processor thread] INFO  server.RaftServer (RaftServerProxy.java:addNew(95)) - e8cc3e65-88b3-42ee-a50c-79e48b3b2760: addNew group-B58BEA83C43E:[e8cc3e65-88b3-42ee-a50c-79e48b3b2760|rpc:10.1.0.7:37863|priority:1] returns group-B58BEA83C43E:java.util.concurrent.CompletableFuture@3631f7fa[Not completed]
2022-01-06 14:10:19,913 [pool-97-thread-1] INFO  server.RaftServer$Division (RaftServerImpl.java:<init>(184)) - e8cc3e65-88b3-42ee-a50c-79e48b3b2760: new RaftServerImpl for group-B58BEA83C43E:[e8cc3e65-88b3-42ee-a50c-79e48b3b2760|rpc:10.1.0.7:37863|priority:1] with ContainerStateMachine:uninitialized
2022-01-06 14:10:19,916 [pool-97-thread-1] INFO  server.RaftServerConfigKeys (ConfUtils.java:logGet(44)) - raft.server.rpc.timeout.min = 5s (custom)
2022-01-06 14:10:19,916 [pool-97-thread-1] INFO  server.RaftServerConfigKeys (ConfUtils.java:logGet(44)) - raft.server.rpc.timeout.max = 5200ms (custom)
2022-01-06 14:10:19,916 [pool-97-thread-1] INFO  server.RaftServerConfigKeys (ConfUtils.java:logGet(44)) - raft.server.rpc.sleep.time = 25ms (default)
2022-01-06 14:10:19,916 [pool-97-thread-1] INFO  server.RaftServerConfigKeys (ConfUtils.java:logGet(44)) - raft.server.rpc.slowness.timeout = 300s (custom)
2022-01-06 14:10:19,916 [pool-97-thread-1] INFO  server.RaftServerConfigKeys (ConfUtils.java:logGet(44)) - raft.server.leaderelection.leader.step-down.wait-time = 10s (default)
2022-01-06 14:10:19,916 [pool-97-thread-1] INFO  server.RaftServerConfigKeys (ConfUtils.java:logGet(44)) - raft.server.sleep.deviation.threshold = 300ms (default)
2022-01-06 14:10:19,916 [pool-97-thread-1] INFO  server.RaftServerConfigKeys (ConfUtils.java:logGet(44)) - raft.server.log.appender.install.snapshot.enabled = false (custom)
2022-01-06 14:10:19,917 [pool-97-thread-1] INFO  server.RaftServer$Division (ServerState.java:<init>(105)) - e8cc3e65-88b3-42ee-a50c-79e48b3b2760@group-B58BEA83C43E: ConfigurationManager, init=-1: [e8cc3e65-88b3-42ee-a50c-79e48b3b2760|rpc:10.1.0.7:37863|priority:1], old=null, confs=<EMPTY_MAP>
2022-01-06 14:10:19,917 [pool-97-thread-1] INFO  server.RaftServerConfigKeys (ConfUtils.java:logGet(44)) - raft.server.storage.dir = [/home/runner/work/ozone/ozone/hadoop-ozone/integration-test/target/test-dir/MiniOzoneClusterImpl-fc1c6399-de52-4149-9dd2-17a3712db231/datanode-0/data/ratis] (custom)
2022-01-06 14:10:19,917 [pool-97-thread-1] INFO  server.RaftServerConfigKeys (ConfUtils.java:logGet(44)) - raft.server.log.corruption.policy = EXCEPTION (default)
2022-01-06 14:10:19,917 [pool-97-thread-1] INFO  server.RaftServerConfigKeys (ConfUtils.java:logGet(44)) - raft.server.storage.free-space.min = 0MB (=0) (default)
2022-01-06 14:10:19,917 [pool-97-thread-1] INFO  storage.RaftStorageDirectory (RaftStorageDirectoryImpl.java:analyzeStorage(135)) - The storage directory /home/runner/work/ozone/ozone/hadoop-ozone/integration-test/target/test-dir/MiniOzoneClusterImpl-fc1c6399-de52-4149-9dd2-17a3712db231/datanode-0/data/ratis/5f049047-23d5-4a06-888a-b58bea83c43e does not exist. Creating ...
2022-01-06 14:10:19,919 [pool-97-thread-1] INFO  storage.RaftStorageDirectory (RaftStorageDirectoryImpl.java:tryLock(230)) - Lock on /home/runner/work/ozone/ozone/hadoop-ozone/integration-test/target/test-dir/MiniOzoneClusterImpl-fc1c6399-de52-4149-9dd2-17a3712db231/datanode-0/data/ratis/5f049047-23d5-4a06-888a-b58bea83c43e/in_use.lock acquired by nodename 10391@fv-az297-741
2022-01-06 14:10:19,920 [pool-97-thread-1] INFO  storage.RaftStorage (RaftStorageImpl.java:format(89)) - Storage directory /home/runner/work/ozone/ozone/hadoop-ozone/integration-test/target/test-dir/MiniOzoneClusterImpl-fc1c6399-de52-4149-9dd2-17a3712db231/datanode-0/data/ratis/5f049047-23d5-4a06-888a-b58bea83c43e has been successfully formatted.
2022-01-06 14:10:19,924 [pool-97-thread-1] INFO  ratis.ContainerStateMachine (ContainerStateMachine.java:loadSnapshot(231)) - group-B58BEA83C43E: The snapshot info is null. Setting the last applied indexto:(t:0, i:~)
2022-01-06 14:10:19,924 [pool-97-thread-1] INFO  server.RaftServerConfigKeys (ConfUtils.java:logGet(44)) - raft.server.notification.no-leader.timeout = 300s (custom)
2022-01-06 14:10:19,924 [pool-97-thread-1] INFO  server.RaftServerConfigKeys (ConfUtils.java:logGet(44)) - raft.server.log.use.memory = false (default)
2022-01-06 14:10:19,925 [pool-97-thread-1] INFO  server.RaftServerConfigKeys (ConfUtils.java:logGet(44)) - raft.server.log.purge.gap = 1000000 (custom)
2022-01-06 14:10:19,925 [pool-97-thread-1] INFO  server.RaftServerConfigKeys (ConfUtils.java:logGet(44)) - raft.server.log.appender.buffer.byte-limit = 33554432 (custom)
2022-01-06 14:10:19,925 [pool-97-thread-1] INFO  server.RaftServerConfigKeys (ConfUtils.java:logGet(44)) - raft.server.log.segment.size.max = 1048576 (custom)
2022-01-06 14:10:19,926 [pool-97-thread-1] INFO  server.RaftServerConfigKeys (ConfUtils.java:logGet(44)) - raft.server.log.segment.cache.num.max = 2 (custom)
2022-01-06 14:10:19,926 [pool-97-thread-1] INFO  server.RaftServerConfigKeys (ConfUtils.java:logGet(44)) - raft.server.log.segment.cache.size.max = 200MB (=209715200) (default)
2022-01-06 14:10:19,926 [pool-97-thread-1] INFO  segmented.SegmentedRaftLogWorker (SegmentedRaftLogWorker.java:<init>(182)) - new e8cc3e65-88b3-42ee-a50c-79e48b3b2760@group-B58BEA83C43E-SegmentedRaftLogWorker for RaftStorageImpl:Storage Directory /home/runner/work/ozone/ozone/hadoop-ozone/integration-test/target/test-dir/MiniOzoneClusterImpl-fc1c6399-de52-4149-9dd2-17a3712db231/datanode-0/data/ratis/5f049047-23d5-4a06-888a-b58bea83c43e
2022-01-06 14:10:19,926 [pool-97-thread-1] INFO  server.RaftServerConfigKeys (ConfUtils.java:logGet(44)) - raft.server.log.queue.byte-limit = 2147483647 (custom)
2022-01-06 14:10:19,926 [pool-97-thread-1] INFO  server.RaftServerConfigKeys (ConfUtils.java:logGet(44)) - raft.server.log.queue.element-limit = 1024 (custom)
2022-01-06 14:10:19,926 [pool-97-thread-1] INFO  server.RaftServerConfigKeys (ConfUtils.java:logGet(44)) - raft.server.log.segment.size.max = 1048576 (custom)
2022-01-06 14:10:19,926 [pool-97-thread-1] INFO  server.RaftServerConfigKeys (ConfUtils.java:logGet(44)) - raft.server.log.preallocated.size = 16384 (custom)
2022-01-06 14:10:19,926 [pool-97-thread-1] INFO  server.RaftServerConfigKeys (ConfUtils.java:logGet(44)) - raft.server.log.force.sync.num = 128 (default)
2022-01-06 14:10:19,926 [pool-97-thread-1] INFO  server.RaftServerConfigKeys (ConfUtils.java:logGet(44)) - raft.server.log.statemachine.data.sync = true (default)
2022-01-06 14:10:19,926 [pool-97-thread-1] INFO  server.RaftServerConfigKeys (ConfUtils.java:logGet(44)) - raft.server.log.statemachine.data.sync.timeout = 10s (default)
2022-01-06 14:10:19,926 [pool-97-thread-1] INFO  server.RaftServerConfigKeys (ConfUtils.java:logGet(44)) - raft.server.log.statemachine.data.sync.timeout.retry = -1 (default)
2022-01-06 14:10:19,927 [pool-97-thread-1] INFO  server.RaftServerConfigKeys (ConfUtils.java:logGet(44)) - raft.server.log.write.buffer.size = 1048576 (custom)
2022-01-06 14:10:19,928 [pool-97-thread-1] INFO  server.RaftServerConfigKeys (ConfUtils.java:logGet(44)) - raft.server.log.statemachine.data.caching.enabled = true (custom)
2022-01-06 14:10:19,928 [pool-97-thread-1] INFO  segmented.SegmentedRaftLogWorker (SegmentedRaftLogWorker.java:lambda$new$0(133)) - e8cc3e65-88b3-42ee-a50c-79e48b3b2760@group-B58BEA83C43E-SegmentedRaftLogWorker: flushIndex: setUnconditionally 0 -> -1
2022-01-06 14:10:19,928 [pool-97-thread-1] INFO  segmented.SegmentedRaftLogWorker (SegmentedRaftLogWorker.java:lambda$new$0(133)) - e8cc3e65-88b3-42ee-a50c-79e48b3b2760@group-B58BEA83C43E-SegmentedRaftLogWorker: safeCacheEvictIndex: setUnconditionally 0 -> -1
2022-01-06 14:10:19,940 [pool-97-thread-1] INFO  server.RaftServerConfigKeys (ConfUtils.java:logGet(44)) - raft.server.snapshot.auto.trigger.enabled = true (custom)
2022-01-06 14:10:19,940 [pool-97-thread-1] INFO  server.RaftServerConfigKeys (ConfUtils.java:logGet(44)) - raft.server.snapshot.auto.trigger.threshold = 10000 (custom)
2022-01-06 14:10:19,940 [pool-97-thread-1] INFO  server.RaftServerConfigKeys (ConfUtils.java:logGet(44)) - raft.server.snapshot.retention.file.num = 5 (custom)
2022-01-06 14:10:19,940 [pool-97-thread-1] INFO  server.RaftServerConfigKeys (ConfUtils.java:logGet(44)) - raft.server.log.purge.upto.snapshot.index = false (default)
2022-01-06 14:10:19,940 [pool-97-thread-1] INFO  server.RaftServerConfigKeys (ConfUtils.java:logGet(44)) - raft.server.retrycache.expirytime = 600000ms (custom)
2022-01-06 14:10:19,940 [pool-97-thread-1] INFO  server.RaftServerConfigKeys (ConfUtils.java:logGet(44)) - raft.server.retrycache.statistics.expirytime = 100μs (default)
2022-01-06 14:10:19,942 [pool-97-thread-1] INFO  server.RaftServer$Division (RaftServerImpl.java:start(301)) - e8cc3e65-88b3-42ee-a50c-79e48b3b2760@group-B58BEA83C43E: start as a follower, conf=-1: [e8cc3e65-88b3-42ee-a50c-79e48b3b2760|rpc:10.1.0.7:37863|priority:1], old=null
2022-01-06 14:10:19,942 [pool-97-thread-1] INFO  server.RaftServer$Division (RaftServerImpl.java:setRole(290)) - e8cc3e65-88b3-42ee-a50c-79e48b3b2760@group-B58BEA83C43E: changes role from      null to FOLLOWER at term 0 for startAsFollower
2022-01-06 14:10:19,942 [pool-97-thread-1] INFO  impl.RoleInfo (RoleInfo.java:updateAndGet(130)) - e8cc3e65-88b3-42ee-a50c-79e48b3b2760: start e8cc3e65-88b3-42ee-a50c-79e48b3b2760@group-B58BEA83C43E-FollowerState
2022-01-06 14:10:19,944 [pool-97-thread-1] INFO  util.JmxRegister (JmxRegister.java:tryRegister(44)) - Successfully registered JMX Bean with object name Ratis:service=RaftServer,group=group-B58BEA83C43E,id=e8cc3e65-88b3-42ee-a50c-79e48b3b2760
2022-01-06 14:10:19,949 [EventQueue-PipelineReportForPipelineReportHandler] INFO  pipeline.PipelineManagerImpl (PipelineManagerImpl.java:openPipeline(291)) - Pipeline Pipeline[ Id: 5f049047-23d5-4a06-888a-b58bea83c43e, Nodes: e8cc3e65-88b3-42ee-a50c-79e48b3b2760{ip: 10.1.0.7, host: fv-az297-741.nmf1rxwemy4u5di1sxxf4ejcwb.jx.internal.cloudapp.net, ports: [REPLICATION=40053, RATIS=37863, RATIS_ADMIN=37863, RATIS_SERVER=37863, STANDALONE=39175], networkLocation: /default-rack, certSerialId: null, persistedOpState: IN_SERVICE, persistedOpStateExpiryEpochSec: 0}, ReplicationConfig: RATIS/ONE, State:ALLOCATED, leaderId:e8cc3e65-88b3-42ee-a50c-79e48b3b2760, CreationTimestamp2022-01-06T14:10:16.932Z[Etc/UTC]] moved to OPEN state
2022-01-06 14:10:19,949 [Command processor thread] INFO  ratis.XceiverServerRatis (XceiverServerRatis.java:addGroup(768)) - Created group PipelineID=5f049047-23d5-4a06-888a-b58bea83c43e
2022-01-06 14:10:19,950 [Command processor thread] INFO  commandhandler.CreatePipelineCommandHandler (CreatePipelineCommandHandler.java:handle(106)) - Created Pipeline RATIS ONE PipelineID=5f049047-23d5-4a06-888a-b58bea83c43e.
2022-01-06 14:10:19,950 [Command processor thread] INFO  server.RaftServer (RaftServerProxy.java:addNew(95)) - e8cc3e65-88b3-42ee-a50c-79e48b3b2760: addNew group-58C5DE752DEC:[6122d92d-66bf-436e-946f-99b77373ac6d|rpc:10.1.0.7:45309|priority:0, e8cc3e65-88b3-42ee-a50c-79e48b3b2760|rpc:10.1.0.7:37863|priority:0, c7a42389-c056-48f2-a17d-b6f94138e9b4|rpc:10.1.0.7:39221|priority:1] returns group-58C5DE752DEC:java.util.concurrent.CompletableFuture@263ada44[Not completed]
2022-01-06 14:10:19,953 [pool-97-thread-1] INFO  server.RaftServer$Division (RaftServerImpl.java:<init>(184)) - e8cc3e65-88b3-42ee-a50c-79e48b3b2760: new RaftServerImpl for group-58C5DE752DEC:[6122d92d-66bf-436e-946f-99b77373ac6d|rpc:10.1.0.7:45309|priority:0, e8cc3e65-88b3-42ee-a50c-79e48b3b2760|rpc:10.1.0.7:37863|priority:0, c7a42389-c056-48f2-a17d-b6f94138e9b4|rpc:10.1.0.7:39221|priority:1] with ContainerStateMachine:uninitialized
2022-01-06 14:10:19,957 [pool-97-thread-1] INFO  server.RaftServerConfigKeys (ConfUtils.java:logGet(44)) - raft.server.rpc.timeout.min = 5s (custom)
2022-01-06 14:10:19,957 [pool-97-thread-1] INFO  server.RaftServerConfigKeys (ConfUtils.java:logGet(44)) - raft.server.rpc.timeout.max = 5200ms (custom)
2022-01-06 14:10:19,957 [pool-97-thread-1] INFO  server.RaftServerConfigKeys (ConfUtils.java:logGet(44)) - raft.server.rpc.sleep.time = 25ms (default)
2022-01-06 14:10:19,957 [pool-97-thread-1] INFO  server.RaftServerConfigKeys (ConfUtils.java:logGet(44)) - raft.server.rpc.slowness.timeout = 300s (custom)
2022-01-06 14:10:19,957 [pool-97-thread-1] INFO  server.RaftServerConfigKeys (ConfUtils.java:logGet(44)) - raft.server.leaderelection.leader.step-down.wait-time = 10s (default)
2022-01-06 14:10:19,957 [pool-97-thread-1] INFO  server.RaftServerConfigKeys (ConfUtils.java:logGet(44)) - raft.server.sleep.deviation.threshold = 300ms (default)
2022-01-06 14:10:19,957 [pool-97-thread-1] INFO  server.RaftServerConfigKeys (ConfUtils.java:logGet(44)) - raft.server.log.appender.install.snapshot.enabled = false (custom)
2022-01-06 14:10:19,957 [pool-97-thread-1] INFO  server.RaftServer$Division (ServerState.java:<init>(105)) - e8cc3e65-88b3-42ee-a50c-79e48b3b2760@group-58C5DE752DEC: ConfigurationManager, init=-1: [6122d92d-66bf-436e-946f-99b77373ac6d|rpc:10.1.0.7:45309|priority:0, e8cc3e65-88b3-42ee-a50c-79e48b3b2760|rpc:10.1.0.7:37863|priority:0, c7a42389-c056-48f2-a17d-b6f94138e9b4|rpc:10.1.0.7:39221|priority:1], old=null, confs=<EMPTY_MAP>
2022-01-06 14:10:19,957 [pool-97-thread-1] INFO  server.RaftServerConfigKeys (ConfUtils.java:logGet(44)) - raft.server.storage.dir = [/home/runner/work/ozone/ozone/hadoop-ozone/integration-test/target/test-dir/MiniOzoneClusterImpl-fc1c6399-de52-4149-9dd2-17a3712db231/datanode-0/data/ratis] (custom)
2022-01-06 14:10:19,958 [pool-97-thread-1] INFO  server.RaftServerConfigKeys (ConfUtils.java:logGet(44)) - raft.server.log.corruption.policy = EXCEPTION (default)
2022-01-06 14:10:19,958 [pool-97-thread-1] INFO  server.RaftServerConfigKeys (ConfUtils.java:logGet(44)) - raft.server.storage.free-space.min = 0MB (=0) (default)
2022-01-06 14:10:19,958 [pool-97-thread-1] INFO  storage.RaftStorageDirectory (RaftStorageDirectoryImpl.java:analyzeStorage(135)) - The storage directory /home/runner/work/ozone/ozone/hadoop-ozone/integration-test/target/test-dir/MiniOzoneClusterImpl-fc1c6399-de52-4149-9dd2-17a3712db231/datanode-0/data/ratis/2f361a81-dae7-4587-a701-58c5de752dec does not exist. Creating ...
2022-01-06 14:10:19,958 [EventQueue-OpenPipelineForHealthyPipelineSafeModeRule] INFO  safemode.SCMSafeModeManager (HealthyPipelineSafeModeRule.java:process(124)) - SCM in safe mode. Healthy pipelines reported count is 0, required healthy pipeline reported count is 1
2022-01-06 14:10:19,959 [pool-97-thread-1] INFO  storage.RaftStorageDirectory (RaftStorageDirectoryImpl.java:tryLock(230)) - Lock on /home/runner/work/ozone/ozone/hadoop-ozone/integration-test/target/test-dir/MiniOzoneClusterImpl-fc1c6399-de52-4149-9dd2-17a3712db231/datanode-0/data/ratis/2f361a81-dae7-4587-a701-58c5de752dec/in_use.lock acquired by nodename 10391@fv-az297-741
2022-01-06 14:10:19,960 [pool-97-thread-1] INFO  storage.RaftStorage (RaftStorageImpl.java:format(89)) - Storage directory /home/runner/work/ozone/ozone/hadoop-ozone/integration-test/target/test-dir/MiniOzoneClusterImpl-fc1c6399-de52-4149-9dd2-17a3712db231/datanode-0/data/ratis/2f361a81-dae7-4587-a701-58c5de752dec has been successfully formatted.
2022-01-06 14:10:19,961 [pool-97-thread-1] INFO  ratis.ContainerStateMachine (ContainerStateMachine.java:loadSnapshot(231)) - group-58C5DE752DEC: The snapshot info is null. Setting the last applied indexto:(t:0, i:~)
2022-01-06 14:10:19,961 [pool-97-thread-1] INFO  server.RaftServerConfigKeys (ConfUtils.java:logGet(44)) - raft.server.notification.no-leader.timeout = 300s (custom)
2022-01-06 14:10:19,961 [pool-97-thread-1] INFO  server.RaftServerConfigKeys (ConfUtils.java:logGet(44)) - raft.server.log.use.memory = false (default)
2022-01-06 14:10:19,961 [pool-97-thread-1] INFO  server.RaftServerConfigKeys (ConfUtils.java:logGet(44)) - raft.server.log.purge.gap = 1000000 (custom)
2022-01-06 14:10:19,961 [pool-97-thread-1] INFO  server.RaftServerConfigKeys (ConfUtils.java:logGet(44)) - raft.server.log.appender.buffer.byte-limit = 33554432 (custom)
2022-01-06 14:10:19,961 [pool-97-thread-1] INFO  server.RaftServerConfigKeys (ConfUtils.java:logGet(44)) - raft.server.log.segment.size.max = 1048576 (custom)
2022-01-06 14:10:19,963 [EventQueue-OpenPipelineForHealthyPipelineSafeModeRule] INFO  safemode.SCMSafeModeManager (HealthyPipelineSafeModeRule.java:process(124)) - SCM in safe mode. Healthy pipelines reported count is 0, required healthy pipeline reported count is 1
2022-01-06 14:10:19,963 [pool-97-thread-1] INFO  server.RaftServerConfigKeys (ConfUtils.java:logGet(44)) - raft.server.log.segment.cache.num.max = 2 (custom)
2022-01-06 14:10:19,964 [pool-97-thread-1] INFO  server.RaftServerConfigKeys (ConfUtils.java:logGet(44)) - raft.server.log.segment.cache.size.max = 200MB (=209715200) (default)
2022-01-06 14:10:19,964 [pool-97-thread-1] INFO  segmented.SegmentedRaftLogWorker (SegmentedRaftLogWorker.java:<init>(182)) - new e8cc3e65-88b3-42ee-a50c-79e48b3b2760@group-58C5DE752DEC-SegmentedRaftLogWorker for RaftStorageImpl:Storage Directory /home/runner/work/ozone/ozone/hadoop-ozone/integration-test/target/test-dir/MiniOzoneClusterImpl-fc1c6399-de52-4149-9dd2-17a3712db231/datanode-0/data/ratis/2f361a81-dae7-4587-a701-58c5de752dec
2022-01-06 14:10:19,964 [pool-97-thread-1] INFO  server.RaftServerConfigKeys (ConfUtils.java:logGet(44)) - raft.server.log.queue.byte-limit = 2147483647 (custom)
2022-01-06 14:10:19,964 [pool-97-thread-1] INFO  server.RaftServerConfigKeys (ConfUtils.java:logGet(44)) - raft.server.log.queue.element-limit = 1024 (custom)
2022-01-06 14:10:19,964 [pool-97-thread-1] INFO  server.RaftServerConfigKeys (ConfUtils.java:logGet(44)) - raft.server.log.segment.size.max = 1048576 (custom)
2022-01-06 14:10:19,964 [pool-97-thread-1] INFO  server.RaftServerConfigKeys (ConfUtils.java:logGet(44)) - raft.server.log.preallocated.size = 16384 (custom)
2022-01-06 14:10:19,964 [pool-97-thread-1] INFO  server.RaftServerConfigKeys (ConfUtils.java:logGet(44)) - raft.server.log.force.sync.num = 128 (default)
2022-01-06 14:10:19,964 [pool-97-thread-1] INFO  server.RaftServerConfigKeys (ConfUtils.java:logGet(44)) - raft.server.log.statemachine.data.sync = true (default)
2022-01-06 14:10:19,964 [pool-97-thread-1] INFO  server.RaftServerConfigKeys (ConfUtils.java:logGet(44)) - raft.server.log.statemachine.data.sync.timeout = 10s (default)
2022-01-06 14:10:19,964 [pool-97-thread-1] INFO  server.RaftServerConfigKeys (ConfUtils.java:logGet(44)) - raft.server.log.statemachine.data.sync.timeout.retry = -1 (default)
2022-01-06 14:10:19,965 [pool-97-thread-1] INFO  server.RaftServerConfigKeys (ConfUtils.java:logGet(44)) - raft.server.log.write.buffer.size = 1048576 (custom)
2022-01-06 14:10:19,966 [pool-97-thread-1] INFO  server.RaftServerConfigKeys (ConfUtils.java:logGet(44)) - raft.server.log.statemachine.data.caching.enabled = true (custom)
2022-01-06 14:10:19,966 [pool-97-thread-1] INFO  segmented.SegmentedRaftLogWorker (SegmentedRaftLogWorker.java:lambda$new$0(133)) - e8cc3e65-88b3-42ee-a50c-79e48b3b2760@group-58C5DE752DEC-SegmentedRaftLogWorker: flushIndex: setUnconditionally 0 -> -1
2022-01-06 14:10:19,966 [pool-97-thread-1] INFO  segmented.SegmentedRaftLogWorker (SegmentedRaftLogWorker.java:lambda$new$0(133)) - e8cc3e65-88b3-42ee-a50c-79e48b3b2760@group-58C5DE752DEC-SegmentedRaftLogWorker: safeCacheEvictIndex: setUnconditionally 0 -> -1
2022-01-06 14:10:19,972 [pool-97-thread-1] INFO  server.RaftServerConfigKeys (ConfUtils.java:logGet(44)) - raft.server.snapshot.auto.trigger.enabled = true (custom)
2022-01-06 14:10:19,972 [pool-97-thread-1] INFO  server.RaftServerConfigKeys (ConfUtils.java:logGet(44)) - raft.server.snapshot.auto.trigger.threshold = 10000 (custom)
2022-01-06 14:10:19,972 [pool-97-thread-1] INFO  server.RaftServerConfigKeys (ConfUtils.java:logGet(44)) - raft.server.snapshot.retention.file.num = 5 (custom)
2022-01-06 14:10:19,972 [pool-97-thread-1] INFO  server.RaftServerConfigKeys (ConfUtils.java:logGet(44)) - raft.server.log.purge.upto.snapshot.index = false (default)
2022-01-06 14:10:19,973 [pool-97-thread-1] INFO  server.RaftServerConfigKeys (ConfUtils.java:logGet(44)) - raft.server.retrycache.expirytime = 600000ms (custom)
2022-01-06 14:10:19,973 [pool-97-thread-1] INFO  server.RaftServerConfigKeys (ConfUtils.java:logGet(44)) - raft.server.retrycache.statistics.expirytime = 100μs (default)
2022-01-06 14:10:19,974 [pool-97-thread-1] INFO  server.RaftServer$Division (RaftServerImpl.java:start(301)) - e8cc3e65-88b3-42ee-a50c-79e48b3b2760@group-58C5DE752DEC: start as a follower, conf=-1: [6122d92d-66bf-436e-946f-99b77373ac6d|rpc:10.1.0.7:45309|priority:0, e8cc3e65-88b3-42ee-a50c-79e48b3b2760|rpc:10.1.0.7:37863|priority:0, c7a42389-c056-48f2-a17d-b6f94138e9b4|rpc:10.1.0.7:39221|priority:1], old=null
2022-01-06 14:10:19,974 [pool-97-thread-1] INFO  server.RaftServer$Division (RaftServerImpl.java:setRole(290)) - e8cc3e65-88b3-42ee-a50c-79e48b3b2760@group-58C5DE752DEC: changes role from      null to FOLLOWER at term 0 for startAsFollower
2022-01-06 14:10:19,974 [pool-97-thread-1] INFO  impl.RoleInfo (RoleInfo.java:updateAndGet(130)) - e8cc3e65-88b3-42ee-a50c-79e48b3b2760: start e8cc3e65-88b3-42ee-a50c-79e48b3b2760@group-58C5DE752DEC-FollowerState
2022-01-06 14:10:19,974 [pool-97-thread-1] INFO  util.JmxRegister (JmxRegister.java:tryRegister(44)) - Successfully registered JMX Bean with object name Ratis:service=RaftServer,group=group-58C5DE752DEC,id=e8cc3e65-88b3-42ee-a50c-79e48b3b2760
2022-01-06 14:10:19,975 [Command processor thread] INFO  ratis.XceiverServerRatis (XceiverServerRatis.java:addGroup(768)) - Created group PipelineID=2f361a81-dae7-4587-a701-58c5de752dec
2022-01-06 14:10:20,036 [grpc-default-executor-5] INFO  server.RaftServer (RaftServerProxy.java:addNew(95)) - 6122d92d-66bf-436e-946f-99b77373ac6d: addNew group-58C5DE752DEC:[6122d92d-66bf-436e-946f-99b77373ac6d|rpc:10.1.0.7:45309|dataStream:|priority:0, e8cc3e65-88b3-42ee-a50c-79e48b3b2760|rpc:10.1.0.7:37863|dataStream:|priority:0, c7a42389-c056-48f2-a17d-b6f94138e9b4|rpc:10.1.0.7:39221|dataStream:|priority:1] returns group-58C5DE752DEC:java.util.concurrent.CompletableFuture@230a4163[Not completed]
2022-01-06 14:10:20,038 [pool-118-thread-1] INFO  server.RaftServer$Division (RaftServerImpl.java:<init>(184)) - 6122d92d-66bf-436e-946f-99b77373ac6d: new RaftServerImpl for group-58C5DE752DEC:[6122d92d-66bf-436e-946f-99b77373ac6d|rpc:10.1.0.7:45309|dataStream:|priority:0, e8cc3e65-88b3-42ee-a50c-79e48b3b2760|rpc:10.1.0.7:37863|dataStream:|priority:0, c7a42389-c056-48f2-a17d-b6f94138e9b4|rpc:10.1.0.7:39221|dataStream:|priority:1] with ContainerStateMachine:uninitialized
2022-01-06 14:10:20,039 [pool-118-thread-1] INFO  server.RaftServerConfigKeys (ConfUtils.java:logGet(44)) - raft.server.rpc.timeout.min = 5s (custom)
2022-01-06 14:10:20,039 [pool-118-thread-1] INFO  server.RaftServerConfigKeys (ConfUtils.java:logGet(44)) - raft.server.rpc.timeout.max = 5200ms (custom)
2022-01-06 14:10:20,039 [pool-118-thread-1] INFO  server.RaftServerConfigKeys (ConfUtils.java:logGet(44)) - raft.server.rpc.sleep.time = 25ms (default)
2022-01-06 14:10:20,039 [pool-118-thread-1] INFO  server.RaftServerConfigKeys (ConfUtils.java:logGet(44)) - raft.server.rpc.slowness.timeout = 300s (custom)
2022-01-06 14:10:20,039 [pool-118-thread-1] INFO  server.RaftServerConfigKeys (ConfUtils.java:logGet(44)) - raft.server.leaderelection.leader.step-down.wait-time = 10s (default)
2022-01-06 14:10:20,039 [pool-118-thread-1] INFO  server.RaftServerConfigKeys (ConfUtils.java:logGet(44)) - raft.server.sleep.deviation.threshold = 300ms (default)
2022-01-06 14:10:20,039 [pool-118-thread-1] INFO  server.RaftServerConfigKeys (ConfUtils.java:logGet(44)) - raft.server.log.appender.install.snapshot.enabled = false (custom)
2022-01-06 14:10:20,039 [pool-118-thread-1] INFO  server.RaftServer$Division (ServerState.java:<init>(105)) - 6122d92d-66bf-436e-946f-99b77373ac6d@group-58C5DE752DEC: ConfigurationManager, init=-1: [6122d92d-66bf-436e-946f-99b77373ac6d|rpc:10.1.0.7:45309|dataStream:|priority:0, e8cc3e65-88b3-42ee-a50c-79e48b3b2760|rpc:10.1.0.7:37863|dataStream:|priority:0, c7a42389-c056-48f2-a17d-b6f94138e9b4|rpc:10.1.0.7:39221|dataStream:|priority:1], old=null, confs=<EMPTY_MAP>
2022-01-06 14:10:20,039 [pool-118-thread-1] INFO  server.RaftServerConfigKeys (ConfUtils.java:logGet(44)) - raft.server.storage.dir = [/home/runner/work/ozone/ozone/hadoop-ozone/integration-test/target/test-dir/MiniOzoneClusterImpl-fc1c6399-de52-4149-9dd2-17a3712db231/datanode-1/data/ratis] (custom)
2022-01-06 14:10:20,040 [pool-118-thread-1] INFO  server.RaftServerConfigKeys (ConfUtils.java:logGet(44)) - raft.server.log.corruption.policy = EXCEPTION (default)
2022-01-06 14:10:20,040 [pool-118-thread-1] INFO  server.RaftServerConfigKeys (ConfUtils.java:logGet(44)) - raft.server.storage.free-space.min = 0MB (=0) (default)
2022-01-06 14:10:20,040 [pool-118-thread-1] INFO  storage.RaftStorageDirectory (RaftStorageDirectoryImpl.java:analyzeStorage(135)) - The storage directory /home/runner/work/ozone/ozone/hadoop-ozone/integration-test/target/test-dir/MiniOzoneClusterImpl-fc1c6399-de52-4149-9dd2-17a3712db231/datanode-1/data/ratis/2f361a81-dae7-4587-a701-58c5de752dec does not exist. Creating ...
2022-01-06 14:10:20,042 [pool-118-thread-1] INFO  storage.RaftStorageDirectory (RaftStorageDirectoryImpl.java:tryLock(230)) - Lock on /home/runner/work/ozone/ozone/hadoop-ozone/integration-test/target/test-dir/MiniOzoneClusterImpl-fc1c6399-de52-4149-9dd2-17a3712db231/datanode-1/data/ratis/2f361a81-dae7-4587-a701-58c5de752dec/in_use.lock acquired by nodename 10391@fv-az297-741
2022-01-06 14:10:20,043 [pool-118-thread-1] INFO  storage.RaftStorage (RaftStorageImpl.java:format(89)) - Storage directory /home/runner/work/ozone/ozone/hadoop-ozone/integration-test/target/test-dir/MiniOzoneClusterImpl-fc1c6399-de52-4149-9dd2-17a3712db231/datanode-1/data/ratis/2f361a81-dae7-4587-a701-58c5de752dec has been successfully formatted.
2022-01-06 14:10:20,045 [pool-118-thread-1] INFO  ratis.ContainerStateMachine (ContainerStateMachine.java:loadSnapshot(231)) - group-58C5DE752DEC: The snapshot info is null. Setting the last applied indexto:(t:0, i:~)
2022-01-06 14:10:20,046 [pool-118-thread-1] INFO  server.RaftServerConfigKeys (ConfUtils.java:logGet(44)) - raft.server.notification.no-leader.timeout = 300s (custom)
2022-01-06 14:10:20,046 [pool-118-thread-1] INFO  server.RaftServerConfigKeys (ConfUtils.java:logGet(44)) - raft.server.log.use.memory = false (default)
2022-01-06 14:10:20,046 [pool-118-thread-1] INFO  server.RaftServerConfigKeys (ConfUtils.java:logGet(44)) - raft.server.log.purge.gap = 1000000 (custom)
2022-01-06 14:10:20,046 [pool-118-thread-1] INFO  server.RaftServerConfigKeys (ConfUtils.java:logGet(44)) - raft.server.log.appender.buffer.byte-limit = 33554432 (custom)
2022-01-06 14:10:20,047 [pool-118-thread-1] INFO  server.RaftServerConfigKeys (ConfUtils.java:logGet(44)) - raft.server.log.segment.size.max = 1048576 (custom)
2022-01-06 14:10:20,047 [pool-118-thread-1] INFO  server.RaftServerConfigKeys (ConfUtils.java:logGet(44)) - raft.server.log.segment.cache.num.max = 2 (custom)
2022-01-06 14:10:20,047 [pool-118-thread-1] INFO  server.RaftServerConfigKeys (ConfUtils.java:logGet(44)) - raft.server.log.segment.cache.size.max = 200MB (=209715200) (default)
2022-01-06 14:10:20,047 [pool-118-thread-1] INFO  segmented.SegmentedRaftLogWorker (SegmentedRaftLogWorker.java:<init>(182)) - new 6122d92d-66bf-436e-946f-99b77373ac6d@group-58C5DE752DEC-SegmentedRaftLogWorker for RaftStorageImpl:Storage Directory /home/runner/work/ozone/ozone/hadoop-ozone/integration-test/target/test-dir/MiniOzoneClusterImpl-fc1c6399-de52-4149-9dd2-17a3712db231/datanode-1/data/ratis/2f361a81-dae7-4587-a701-58c5de752dec
2022-01-06 14:10:20,048 [pool-118-thread-1] INFO  server.RaftServerConfigKeys (ConfUtils.java:logGet(44)) - raft.server.log.queue.byte-limit = 2147483647 (custom)
2022-01-06 14:10:20,048 [pool-118-thread-1] INFO  server.RaftServerConfigKeys (ConfUtils.java:logGet(44)) - raft.server.log.queue.element-limit = 1024 (custom)
2022-01-06 14:10:20,048 [pool-118-thread-1] INFO  server.RaftServerConfigKeys (ConfUtils.java:logGet(44)) - raft.server.log.segment.size.max = 1048576 (custom)
2022-01-06 14:10:20,048 [pool-118-thread-1] INFO  server.RaftServerConfigKeys (ConfUtils.java:logGet(44)) - raft.server.log.preallocated.size = 16384 (custom)
2022-01-06 14:10:20,048 [pool-118-thread-1] INFO  server.RaftServerConfigKeys (ConfUtils.java:logGet(44)) - raft.server.log.force.sync.num = 128 (default)
2022-01-06 14:10:20,048 [pool-118-thread-1] INFO  server.RaftServerConfigKeys (ConfUtils.java:logGet(44)) - raft.server.log.statemachine.data.sync = true (default)
2022-01-06 14:10:20,048 [pool-118-thread-1] INFO  server.RaftServerConfigKeys (ConfUtils.java:logGet(44)) - raft.server.log.statemachine.data.sync.timeout = 10s (default)
2022-01-06 14:10:20,048 [pool-118-thread-1] INFO  server.RaftServerConfigKeys (ConfUtils.java:logGet(44)) - raft.server.log.statemachine.data.sync.timeout.retry = -1 (default)
2022-01-06 14:10:20,049 [pool-118-thread-1] INFO  server.RaftServerConfigKeys (ConfUtils.java:logGet(44)) - raft.server.log.write.buffer.size = 1048576 (custom)
2022-01-06 14:10:20,050 [pool-118-thread-1] INFO  server.RaftServerConfigKeys (ConfUtils.java:logGet(44)) - raft.server.log.statemachine.data.caching.enabled = true (custom)
2022-01-06 14:10:20,050 [pool-118-thread-1] INFO  segmented.SegmentedRaftLogWorker (SegmentedRaftLogWorker.java:lambda$new$0(133)) - 6122d92d-66bf-436e-946f-99b77373ac6d@group-58C5DE752DEC-SegmentedRaftLogWorker: flushIndex: setUnconditionally 0 -> -1
2022-01-06 14:10:20,050 [pool-118-thread-1] INFO  segmented.SegmentedRaftLogWorker (SegmentedRaftLogWorker.java:lambda$new$0(133)) - 6122d92d-66bf-436e-946f-99b77373ac6d@group-58C5DE752DEC-SegmentedRaftLogWorker: safeCacheEvictIndex: setUnconditionally 0 -> -1
2022-01-06 14:10:20,050 [pool-118-thread-1] INFO  server.RaftServerConfigKeys (ConfUtils.java:logGet(44)) - raft.server.snapshot.auto.trigger.enabled = true (custom)
2022-01-06 14:10:20,050 [pool-118-thread-1] INFO  server.RaftServerConfigKeys (ConfUtils.java:logGet(44)) - raft.server.snapshot.auto.trigger.threshold = 10000 (custom)
2022-01-06 14:10:20,050 [pool-118-thread-1] INFO  server.RaftServerConfigKeys (ConfUtils.java:logGet(44)) - raft.server.snapshot.retention.file.num = 5 (custom)
2022-01-06 14:10:20,050 [pool-118-thread-1] INFO  server.RaftServerConfigKeys (ConfUtils.java:logGet(44)) - raft.server.log.purge.upto.snapshot.index = false (default)
2022-01-06 14:10:20,050 [pool-118-thread-1] INFO  server.RaftServerConfigKeys (ConfUtils.java:logGet(44)) - raft.server.retrycache.expirytime = 600000ms (custom)
2022-01-06 14:10:20,050 [pool-118-thread-1] INFO  server.RaftServerConfigKeys (ConfUtils.java:logGet(44)) - raft.server.retrycache.statistics.expirytime = 100μs (default)
2022-01-06 14:10:20,052 [pool-118-thread-1] INFO  server.RaftServer$Division (RaftServerImpl.java:start(301)) - 6122d92d-66bf-436e-946f-99b77373ac6d@group-58C5DE752DEC: start as a follower, conf=-1: [6122d92d-66bf-436e-946f-99b77373ac6d|rpc:10.1.0.7:45309|dataStream:|priority:0, e8cc3e65-88b3-42ee-a50c-79e48b3b2760|rpc:10.1.0.7:37863|dataStream:|priority:0, c7a42389-c056-48f2-a17d-b6f94138e9b4|rpc:10.1.0.7:39221|dataStream:|priority:1], old=null
2022-01-06 14:10:20,052 [pool-118-thread-1] INFO  server.RaftServer$Division (RaftServerImpl.java:setRole(290)) - 6122d92d-66bf-436e-946f-99b77373ac6d@group-58C5DE752DEC: changes role from      null to FOLLOWER at term 0 for startAsFollower
2022-01-06 14:10:20,052 [pool-118-thread-1] INFO  impl.RoleInfo (RoleInfo.java:updateAndGet(130)) - 6122d92d-66bf-436e-946f-99b77373ac6d: start 6122d92d-66bf-436e-946f-99b77373ac6d@group-58C5DE752DEC-FollowerState
2022-01-06 14:10:20,052 [pool-118-thread-1] INFO  util.JmxRegister (JmxRegister.java:tryRegister(44)) - Successfully registered JMX Bean with object name Ratis:service=RaftServer,group=group-58C5DE752DEC,id=6122d92d-66bf-436e-946f-99b77373ac6d
2022-01-06 14:10:20,112 [grpc-default-executor-5] INFO  server.RaftServer (RaftServerProxy.java:addNew(95)) - c7a42389-c056-48f2-a17d-b6f94138e9b4: addNew group-58C5DE752DEC:[6122d92d-66bf-436e-946f-99b77373ac6d|rpc:10.1.0.7:45309|dataStream:|priority:0, e8cc3e65-88b3-42ee-a50c-79e48b3b2760|rpc:10.1.0.7:37863|dataStream:|priority:0, c7a42389-c056-48f2-a17d-b6f94138e9b4|rpc:10.1.0.7:39221|dataStream:|priority:1] returns group-58C5DE752DEC:java.util.concurrent.CompletableFuture@53519b3[Not completed]
2022-01-06 14:10:20,114 [pool-139-thread-1] INFO  server.RaftServer$Division (RaftServerImpl.java:<init>(184)) - c7a42389-c056-48f2-a17d-b6f94138e9b4: new RaftServerImpl for group-58C5DE752DEC:[6122d92d-66bf-436e-946f-99b77373ac6d|rpc:10.1.0.7:45309|dataStream:|priority:0, e8cc3e65-88b3-42ee-a50c-79e48b3b2760|rpc:10.1.0.7:37863|dataStream:|priority:0, c7a42389-c056-48f2-a17d-b6f94138e9b4|rpc:10.1.0.7:39221|dataStream:|priority:1] with ContainerStateMachine:uninitialized
2022-01-06 14:10:20,115 [pool-139-thread-1] INFO  server.RaftServerConfigKeys (ConfUtils.java:logGet(44)) - raft.server.rpc.timeout.min = 5s (custom)
2022-01-06 14:10:20,115 [pool-139-thread-1] INFO  server.RaftServerConfigKeys (ConfUtils.java:logGet(44)) - raft.server.rpc.timeout.max = 5200ms (custom)
2022-01-06 14:10:20,115 [pool-139-thread-1] INFO  server.RaftServerConfigKeys (ConfUtils.java:logGet(44)) - raft.server.rpc.sleep.time = 25ms (default)
2022-01-06 14:10:20,115 [pool-139-thread-1] INFO  server.RaftServerConfigKeys (ConfUtils.java:logGet(44)) - raft.server.rpc.slowness.timeout = 300s (custom)
2022-01-06 14:10:20,115 [pool-139-thread-1] INFO  server.RaftServerConfigKeys (ConfUtils.java:logGet(44)) - raft.server.leaderelection.leader.step-down.wait-time = 10s (default)
2022-01-06 14:10:20,115 [pool-139-thread-1] INFO  server.RaftServerConfigKeys (ConfUtils.java:logGet(44)) - raft.server.sleep.deviation.threshold = 300ms (default)
2022-01-06 14:10:20,115 [pool-139-thread-1] INFO  server.RaftServerConfigKeys (ConfUtils.java:logGet(44)) - raft.server.log.appender.install.snapshot.enabled = false (custom)
2022-01-06 14:10:20,115 [pool-139-thread-1] INFO  server.RaftServer$Division (ServerState.java:<init>(105)) - c7a42389-c056-48f2-a17d-b6f94138e9b4@group-58C5DE752DEC: ConfigurationManager, init=-1: [6122d92d-66bf-436e-946f-99b77373ac6d|rpc:10.1.0.7:45309|dataStream:|priority:0, e8cc3e65-88b3-42ee-a50c-79e48b3b2760|rpc:10.1.0.7:37863|dataStream:|priority:0, c7a42389-c056-48f2-a17d-b6f94138e9b4|rpc:10.1.0.7:39221|dataStream:|priority:1], old=null, confs=<EMPTY_MAP>
2022-01-06 14:10:20,115 [pool-139-thread-1] INFO  server.RaftServerConfigKeys (ConfUtils.java:logGet(44)) - raft.server.storage.dir = [/home/runner/work/ozone/ozone/hadoop-ozone/integration-test/target/test-dir/MiniOzoneClusterImpl-fc1c6399-de52-4149-9dd2-17a3712db231/datanode-2/data/ratis] (custom)
2022-01-06 14:10:20,116 [pool-139-thread-1] INFO  server.RaftServerConfigKeys (ConfUtils.java:logGet(44)) - raft.server.log.corruption.policy = EXCEPTION (default)
2022-01-06 14:10:20,116 [pool-139-thread-1] INFO  server.RaftServerConfigKeys (ConfUtils.java:logGet(44)) - raft.server.storage.free-space.min = 0MB (=0) (default)
2022-01-06 14:10:20,116 [pool-139-thread-1] INFO  storage.RaftStorageDirectory (RaftStorageDirectoryImpl.java:analyzeStorage(135)) - The storage directory /home/runner/work/ozone/ozone/hadoop-ozone/integration-test/target/test-dir/MiniOzoneClusterImpl-fc1c6399-de52-4149-9dd2-17a3712db231/datanode-2/data/ratis/2f361a81-dae7-4587-a701-58c5de752dec does not exist. Creating ...
2022-01-06 14:10:20,117 [pool-139-thread-1] INFO  storage.RaftStorageDirectory (RaftStorageDirectoryImpl.java:tryLock(230)) - Lock on /home/runner/work/ozone/ozone/hadoop-ozone/integration-test/target/test-dir/MiniOzoneClusterImpl-fc1c6399-de52-4149-9dd2-17a3712db231/datanode-2/data/ratis/2f361a81-dae7-4587-a701-58c5de752dec/in_use.lock acquired by nodename 10391@fv-az297-741
2022-01-06 14:10:20,118 [pool-139-thread-1] INFO  storage.RaftStorage (RaftStorageImpl.java:format(89)) - Storage directory /home/runner/work/ozone/ozone/hadoop-ozone/integration-test/target/test-dir/MiniOzoneClusterImpl-fc1c6399-de52-4149-9dd2-17a3712db231/datanode-2/data/ratis/2f361a81-dae7-4587-a701-58c5de752dec has been successfully formatted.
2022-01-06 14:10:20,119 [pool-139-thread-1] INFO  ratis.ContainerStateMachine (ContainerStateMachine.java:loadSnapshot(231)) - group-58C5DE752DEC: The snapshot info is null. Setting the last applied indexto:(t:0, i:~)
2022-01-06 14:10:20,119 [pool-139-thread-1] INFO  server.RaftServerConfigKeys (ConfUtils.java:logGet(44)) - raft.server.notification.no-leader.timeout = 300s (custom)
2022-01-06 14:10:20,119 [pool-139-thread-1] INFO  server.RaftServerConfigKeys (ConfUtils.java:logGet(44)) - raft.server.log.use.memory = false (default)
2022-01-06 14:10:20,119 [pool-139-thread-1] INFO  server.RaftServerConfigKeys (ConfUtils.java:logGet(44)) - raft.server.log.purge.gap = 1000000 (custom)
2022-01-06 14:10:20,119 [pool-139-thread-1] INFO  server.RaftServerConfigKeys (ConfUtils.java:logGet(44)) - raft.server.log.appender.buffer.byte-limit = 33554432 (custom)
2022-01-06 14:10:20,123 [pool-139-thread-1] INFO  server.RaftServerConfigKeys (ConfUtils.java:logGet(44)) - raft.server.log.segment.size.max = 1048576 (custom)
2022-01-06 14:10:20,124 [pool-139-thread-1] INFO  server.RaftServerConfigKeys (ConfUtils.java:logGet(44)) - raft.server.log.segment.cache.num.max = 2 (custom)
2022-01-06 14:10:20,124 [pool-139-thread-1] INFO  server.RaftServerConfigKeys (ConfUtils.java:logGet(44)) - raft.server.log.segment.cache.size.max = 200MB (=209715200) (default)
2022-01-06 14:10:20,124 [pool-139-thread-1] INFO  segmented.SegmentedRaftLogWorker (SegmentedRaftLogWorker.java:<init>(182)) - new c7a42389-c056-48f2-a17d-b6f94138e9b4@group-58C5DE752DEC-SegmentedRaftLogWorker for RaftStorageImpl:Storage Directory /home/runner/work/ozone/ozone/hadoop-ozone/integration-test/target/test-dir/MiniOzoneClusterImpl-fc1c6399-de52-4149-9dd2-17a3712db231/datanode-2/data/ratis/2f361a81-dae7-4587-a701-58c5de752dec
2022-01-06 14:10:20,124 [pool-139-thread-1] INFO  server.RaftServerConfigKeys (ConfUtils.java:logGet(44)) - raft.server.log.queue.byte-limit = 2147483647 (custom)
2022-01-06 14:10:20,124 [pool-139-thread-1] INFO  server.RaftServerConfigKeys (ConfUtils.java:logGet(44)) - raft.server.log.queue.element-limit = 1024 (custom)
2022-01-06 14:10:20,124 [pool-139-thread-1] INFO  server.RaftServerConfigKeys (ConfUtils.java:logGet(44)) - raft.server.log.segment.size.max = 1048576 (custom)
2022-01-06 14:10:20,124 [pool-139-thread-1] INFO  server.RaftServerConfigKeys (ConfUtils.java:logGet(44)) - raft.server.log.preallocated.size = 16384 (custom)
2022-01-06 14:10:20,124 [pool-139-thread-1] INFO  server.RaftServerConfigKeys (ConfUtils.java:logGet(44)) - raft.server.log.force.sync.num = 128 (default)
2022-01-06 14:10:20,124 [pool-139-thread-1] INFO  server.RaftServerConfigKeys (ConfUtils.java:logGet(44)) - raft.server.log.statemachine.data.sync = true (default)
2022-01-06 14:10:20,124 [pool-139-thread-1] INFO  server.RaftServerConfigKeys (ConfUtils.java:logGet(44)) - raft.server.log.statemachine.data.sync.timeout = 10s (default)
2022-01-06 14:10:20,124 [pool-139-thread-1] INFO  server.RaftServerConfigKeys (ConfUtils.java:logGet(44)) - raft.server.log.statemachine.data.sync.timeout.retry = -1 (default)
2022-01-06 14:10:20,125 [pool-139-thread-1] INFO  server.RaftServerConfigKeys (ConfUtils.java:logGet(44)) - raft.server.log.write.buffer.size = 1048576 (custom)
2022-01-06 14:10:20,125 [pool-139-thread-1] INFO  server.RaftServerConfigKeys (ConfUtils.java:logGet(44)) - raft.server.log.statemachine.data.caching.enabled = true (custom)
2022-01-06 14:10:20,126 [pool-139-thread-1] INFO  segmented.SegmentedRaftLogWorker (SegmentedRaftLogWorker.java:lambda$new$0(133)) - c7a42389-c056-48f2-a17d-b6f94138e9b4@group-58C5DE752DEC-SegmentedRaftLogWorker: flushIndex: setUnconditionally 0 -> -1
2022-01-06 14:10:20,126 [pool-139-thread-1] INFO  segmented.SegmentedRaftLogWorker (SegmentedRaftLogWorker.java:lambda$new$0(133)) - c7a42389-c056-48f2-a17d-b6f94138e9b4@group-58C5DE752DEC-SegmentedRaftLogWorker: safeCacheEvictIndex: setUnconditionally 0 -> -1
2022-01-06 14:10:20,126 [pool-139-thread-1] INFO  server.RaftServerConfigKeys (ConfUtils.java:logGet(44)) - raft.server.snapshot.auto.trigger.enabled = true (custom)
2022-01-06 14:10:20,126 [pool-139-thread-1] INFO  server.RaftServerConfigKeys (ConfUtils.java:logGet(44)) - raft.server.snapshot.auto.trigger.threshold = 10000 (custom)
2022-01-06 14:10:20,126 [pool-139-thread-1] INFO  server.RaftServerConfigKeys (ConfUtils.java:logGet(44)) - raft.server.snapshot.retention.file.num = 5 (custom)
2022-01-06 14:10:20,126 [pool-139-thread-1] INFO  server.RaftServerConfigKeys (ConfUtils.java:logGet(44)) - raft.server.log.purge.upto.snapshot.index = false (default)
2022-01-06 14:10:20,126 [pool-139-thread-1] INFO  server.RaftServerConfigKeys (ConfUtils.java:logGet(44)) - raft.server.retrycache.expirytime = 600000ms (custom)
2022-01-06 14:10:20,126 [pool-139-thread-1] INFO  server.RaftServerConfigKeys (ConfUtils.java:logGet(44)) - raft.server.retrycache.statistics.expirytime = 100μs (default)
2022-01-06 14:10:20,127 [pool-139-thread-1] INFO  server.RaftServer$Division (RaftServerImpl.java:start(301)) - c7a42389-c056-48f2-a17d-b6f94138e9b4@group-58C5DE752DEC: start as a follower, conf=-1: [6122d92d-66bf-436e-946f-99b77373ac6d|rpc:10.1.0.7:45309|dataStream:|priority:0, e8cc3e65-88b3-42ee-a50c-79e48b3b2760|rpc:10.1.0.7:37863|dataStream:|priority:0, c7a42389-c056-48f2-a17d-b6f94138e9b4|rpc:10.1.0.7:39221|dataStream:|priority:1], old=null
2022-01-06 14:10:20,127 [pool-139-thread-1] INFO  server.RaftServer$Division (RaftServerImpl.java:setRole(290)) - c7a42389-c056-48f2-a17d-b6f94138e9b4@group-58C5DE752DEC: changes role from      null to FOLLOWER at term 0 for startAsFollower
2022-01-06 14:10:20,127 [pool-139-thread-1] INFO  impl.RoleInfo (RoleInfo.java:updateAndGet(130)) - c7a42389-c056-48f2-a17d-b6f94138e9b4: start c7a42389-c056-48f2-a17d-b6f94138e9b4@group-58C5DE752DEC-FollowerState
2022-01-06 14:10:20,131 [pool-139-thread-1] INFO  util.JmxRegister (JmxRegister.java:tryRegister(44)) - Successfully registered JMX Bean with object name Ratis:service=RaftServer,group=group-58C5DE752DEC,id=c7a42389-c056-48f2-a17d-b6f94138e9b4
2022-01-06 14:10:20,140 [Command processor thread] INFO  commandhandler.CreatePipelineCommandHandler (CreatePipelineCommandHandler.java:handle(106)) - Created Pipeline RATIS THREE PipelineID=2f361a81-dae7-4587-a701-58c5de752dec.
2022-01-06 14:10:20,140 [Command processor thread] INFO  server.RaftServer (RaftServerProxy.java:addNew(95)) - e8cc3e65-88b3-42ee-a50c-79e48b3b2760: addNew group-B72ACA344B95:[6122d92d-66bf-436e-946f-99b77373ac6d|rpc:10.1.0.7:45309|priority:0, e8cc3e65-88b3-42ee-a50c-79e48b3b2760|rpc:10.1.0.7:37863|priority:1, c7a42389-c056-48f2-a17d-b6f94138e9b4|rpc:10.1.0.7:39221|priority:0] returns group-B72ACA344B95:java.util.concurrent.CompletableFuture@3c30904e[Not completed]
2022-01-06 14:10:20,141 [pool-97-thread-1] INFO  server.RaftServer$Division (RaftServerImpl.java:<init>(184)) - e8cc3e65-88b3-42ee-a50c-79e48b3b2760: new RaftServerImpl for group-B72ACA344B95:[6122d92d-66bf-436e-946f-99b77373ac6d|rpc:10.1.0.7:45309|priority:0, e8cc3e65-88b3-42ee-a50c-79e48b3b2760|rpc:10.1.0.7:37863|priority:1, c7a42389-c056-48f2-a17d-b6f94138e9b4|rpc:10.1.0.7:39221|priority:0] with ContainerStateMachine:uninitialized
2022-01-06 14:10:20,141 [pool-97-thread-1] INFO  server.RaftServerConfigKeys (ConfUtils.java:logGet(44)) - raft.server.rpc.timeout.min = 5s (custom)
2022-01-06 14:10:20,141 [pool-97-thread-1] INFO  server.RaftServerConfigKeys (ConfUtils.java:logGet(44)) - raft.server.rpc.timeout.max = 5200ms (custom)
2022-01-06 14:10:20,141 [pool-97-thread-1] INFO  server.RaftServerConfigKeys (ConfUtils.java:logGet(44)) - raft.server.rpc.sleep.time = 25ms (default)
2022-01-06 14:10:20,141 [pool-97-thread-1] INFO  server.RaftServerConfigKeys (ConfUtils.java:logGet(44)) - raft.server.rpc.slowness.timeout = 300s (custom)
2022-01-06 14:10:20,142 [pool-97-thread-1] INFO  server.RaftServerConfigKeys (ConfUtils.java:logGet(44)) - raft.server.leaderelection.leader.step-down.wait-time = 10s (default)
2022-01-06 14:10:20,142 [pool-97-thread-1] INFO  server.RaftServerConfigKeys (ConfUtils.java:logGet(44)) - raft.server.sleep.deviation.threshold = 300ms (default)
2022-01-06 14:10:20,142 [pool-97-thread-1] INFO  server.RaftServerConfigKeys (ConfUtils.java:logGet(44)) - raft.server.log.appender.install.snapshot.enabled = false (custom)
2022-01-06 14:10:20,142 [pool-97-thread-1] INFO  server.RaftServer$Division (ServerState.java:<init>(105)) - e8cc3e65-88b3-42ee-a50c-79e48b3b2760@group-B72ACA344B95: ConfigurationManager, init=-1: [6122d92d-66bf-436e-946f-99b77373ac6d|rpc:10.1.0.7:45309|priority:0, e8cc3e65-88b3-42ee-a50c-79e48b3b2760|rpc:10.1.0.7:37863|priority:1, c7a42389-c056-48f2-a17d-b6f94138e9b4|rpc:10.1.0.7:39221|priority:0], old=null, confs=<EMPTY_MAP>
2022-01-06 14:10:20,142 [pool-97-thread-1] INFO  server.RaftServerConfigKeys (ConfUtils.java:logGet(44)) - raft.server.storage.dir = [/home/runner/work/ozone/ozone/hadoop-ozone/integration-test/target/test-dir/MiniOzoneClusterImpl-fc1c6399-de52-4149-9dd2-17a3712db231/datanode-0/data/ratis] (custom)
2022-01-06 14:10:20,142 [pool-97-thread-1] INFO  server.RaftServerConfigKeys (ConfUtils.java:logGet(44)) - raft.server.log.corruption.policy = EXCEPTION (default)
2022-01-06 14:10:20,142 [pool-97-thread-1] INFO  server.RaftServerConfigKeys (ConfUtils.java:logGet(44)) - raft.server.storage.free-space.min = 0MB (=0) (default)
2022-01-06 14:10:20,142 [pool-97-thread-1] INFO  storage.RaftStorageDirectory (RaftStorageDirectoryImpl.java:analyzeStorage(135)) - The storage directory /home/runner/work/ozone/ozone/hadoop-ozone/integration-test/target/test-dir/MiniOzoneClusterImpl-fc1c6399-de52-4149-9dd2-17a3712db231/datanode-0/data/ratis/b4ceab46-45ad-4b52-84d3-b72aca344b95 does not exist. Creating ...
2022-01-06 14:10:20,143 [pool-97-thread-1] INFO  storage.RaftStorageDirectory (RaftStorageDirectoryImpl.java:tryLock(230)) - Lock on /home/runner/work/ozone/ozone/hadoop-ozone/integration-test/target/test-dir/MiniOzoneClusterImpl-fc1c6399-de52-4149-9dd2-17a3712db231/datanode-0/data/ratis/b4ceab46-45ad-4b52-84d3-b72aca344b95/in_use.lock acquired by nodename 10391@fv-az297-741
2022-01-06 14:10:20,144 [pool-97-thread-1] INFO  storage.RaftStorage (RaftStorageImpl.java:format(89)) - Storage directory /home/runner/work/ozone/ozone/hadoop-ozone/integration-test/target/test-dir/MiniOzoneClusterImpl-fc1c6399-de52-4149-9dd2-17a3712db231/datanode-0/data/ratis/b4ceab46-45ad-4b52-84d3-b72aca344b95 has been successfully formatted.
2022-01-06 14:10:20,145 [pool-97-thread-1] INFO  ratis.ContainerStateMachine (ContainerStateMachine.java:loadSnapshot(231)) - group-B72ACA344B95: The snapshot info is null. Setting the last applied indexto:(t:0, i:~)
2022-01-06 14:10:20,145 [pool-97-thread-1] INFO  server.RaftServerConfigKeys (ConfUtils.java:logGet(44)) - raft.server.notification.no-leader.timeout = 300s (custom)
2022-01-06 14:10:20,145 [pool-97-thread-1] INFO  server.RaftServerConfigKeys (ConfUtils.java:logGet(44)) - raft.server.log.use.memory = false (default)
2022-01-06 14:10:20,145 [pool-97-thread-1] INFO  server.RaftServerConfigKeys (ConfUtils.java:logGet(44)) - raft.server.log.purge.gap = 1000000 (custom)
2022-01-06 14:10:20,145 [pool-97-thread-1] INFO  server.RaftServerConfigKeys (ConfUtils.java:logGet(44)) - raft.server.log.appender.buffer.byte-limit = 33554432 (custom)
2022-01-06 14:10:20,149 [pool-97-thread-1] INFO  server.RaftServerConfigKeys (ConfUtils.java:logGet(44)) - raft.server.log.segment.size.max = 1048576 (custom)
2022-01-06 14:10:20,149 [pool-97-thread-1] INFO  server.RaftServerConfigKeys (ConfUtils.java:logGet(44)) - raft.server.log.segment.cache.num.max = 2 (custom)
2022-01-06 14:10:20,149 [pool-97-thread-1] INFO  server.RaftServerConfigKeys (ConfUtils.java:logGet(44)) - raft.server.log.segment.cache.size.max = 200MB (=209715200) (default)
2022-01-06 14:10:20,150 [EventQueue-OpenPipelineForHealthyPipelineSafeModeRule] INFO  safemode.SCMSafeModeManager (HealthyPipelineSafeModeRule.java:process(124)) - SCM in safe mode. Healthy pipelines reported count is 0, required healthy pipeline reported count is 1
2022-01-06 14:10:20,150 [pool-97-thread-1] INFO  segmented.SegmentedRaftLogWorker (SegmentedRaftLogWorker.java:<init>(182)) - new e8cc3e65-88b3-42ee-a50c-79e48b3b2760@group-B72ACA344B95-SegmentedRaftLogWorker for RaftStorageImpl:Storage Directory /home/runner/work/ozone/ozone/hadoop-ozone/integration-test/target/test-dir/MiniOzoneClusterImpl-fc1c6399-de52-4149-9dd2-17a3712db231/datanode-0/data/ratis/b4ceab46-45ad-4b52-84d3-b72aca344b95
2022-01-06 14:10:20,150 [pool-97-thread-1] INFO  server.RaftServerConfigKeys (ConfUtils.java:logGet(44)) - raft.server.log.queue.byte-limit = 2147483647 (custom)
2022-01-06 14:10:20,150 [pool-97-thread-1] INFO  server.RaftServerConfigKeys (ConfUtils.java:logGet(44)) - raft.server.log.queue.element-limit = 1024 (custom)
2022-01-06 14:10:20,150 [pool-97-thread-1] INFO  server.RaftServerConfigKeys (ConfUtils.java:logGet(44)) - raft.server.log.segment.size.max = 1048576 (custom)
2022-01-06 14:10:20,150 [pool-97-thread-1] INFO  server.RaftServerConfigKeys (ConfUtils.java:logGet(44)) - raft.server.log.preallocated.size = 16384 (custom)
2022-01-06 14:10:20,150 [pool-97-thread-1] INFO  server.RaftServerConfigKeys (ConfUtils.java:logGet(44)) - raft.server.log.force.sync.num = 128 (default)
2022-01-06 14:10:20,150 [pool-97-thread-1] INFO  server.RaftServerConfigKeys (ConfUtils.java:logGet(44)) - raft.server.log.statemachine.data.sync = true (default)
2022-01-06 14:10:20,150 [pool-97-thread-1] INFO  server.RaftServerConfigKeys (ConfUtils.java:logGet(44)) - raft.server.log.statemachine.data.sync.timeout = 10s (default)
2022-01-06 14:10:20,150 [pool-97-thread-1] INFO  server.RaftServerConfigKeys (ConfUtils.java:logGet(44)) - raft.server.log.statemachine.data.sync.timeout.retry = -1 (default)
2022-01-06 14:10:20,151 [pool-97-thread-1] INFO  server.RaftServerConfigKeys (ConfUtils.java:logGet(44)) - raft.server.log.write.buffer.size = 1048576 (custom)
2022-01-06 14:10:20,152 [pool-97-thread-1] INFO  server.RaftServerConfigKeys (ConfUtils.java:logGet(44)) - raft.server.log.statemachine.data.caching.enabled = true (custom)
2022-01-06 14:10:20,156 [pool-97-thread-1] INFO  segmented.SegmentedRaftLogWorker (SegmentedRaftLogWorker.java:lambda$new$0(133)) - e8cc3e65-88b3-42ee-a50c-79e48b3b2760@group-B72ACA344B95-SegmentedRaftLogWorker: flushIndex: setUnconditionally 0 -> -1
2022-01-06 14:10:20,156 [pool-97-thread-1] INFO  segmented.SegmentedRaftLogWorker (SegmentedRaftLogWorker.java:lambda$new$0(133)) - e8cc3e65-88b3-42ee-a50c-79e48b3b2760@group-B72ACA344B95-SegmentedRaftLogWorker: safeCacheEvictIndex: setUnconditionally 0 -> -1
2022-01-06 14:10:20,156 [pool-97-thread-1] INFO  server.RaftServerConfigKeys (ConfUtils.java:logGet(44)) - raft.server.snapshot.auto.trigger.enabled = true (custom)
2022-01-06 14:10:20,156 [pool-97-thread-1] INFO  server.RaftServerConfigKeys (ConfUtils.java:logGet(44)) - raft.server.snapshot.auto.trigger.threshold = 10000 (custom)
2022-01-06 14:10:20,157 [pool-97-thread-1] INFO  server.RaftServerConfigKeys (ConfUtils.java:logGet(44)) - raft.server.snapshot.retention.file.num = 5 (custom)
2022-01-06 14:10:20,157 [pool-97-thread-1] INFO  server.RaftServerConfigKeys (ConfUtils.java:logGet(44)) - raft.server.log.purge.upto.snapshot.index = false (default)
2022-01-06 14:10:20,157 [pool-97-thread-1] INFO  server.RaftServerConfigKeys (ConfUtils.java:logGet(44)) - raft.server.retrycache.expirytime = 600000ms (custom)
2022-01-06 14:10:20,157 [pool-97-thread-1] INFO  server.RaftServerConfigKeys (ConfUtils.java:logGet(44)) - raft.server.retrycache.statistics.expirytime = 100μs (default)
2022-01-06 14:10:20,158 [pool-97-thread-1] INFO  server.RaftServer$Division (RaftServerImpl.java:start(301)) - e8cc3e65-88b3-42ee-a50c-79e48b3b2760@group-B72ACA344B95: start as a follower, conf=-1: [6122d92d-66bf-436e-946f-99b77373ac6d|rpc:10.1.0.7:45309|priority:0, e8cc3e65-88b3-42ee-a50c-79e48b3b2760|rpc:10.1.0.7:37863|priority:1, c7a42389-c056-48f2-a17d-b6f94138e9b4|rpc:10.1.0.7:39221|priority:0], old=null
2022-01-06 14:10:20,158 [pool-97-thread-1] INFO  server.RaftServer$Division (RaftServerImpl.java:setRole(290)) - e8cc3e65-88b3-42ee-a50c-79e48b3b2760@group-B72ACA344B95: changes role from      null to FOLLOWER at term 0 for startAsFollower
2022-01-06 14:10:20,158 [pool-97-thread-1] INFO  impl.RoleInfo (RoleInfo.java:updateAndGet(130)) - e8cc3e65-88b3-42ee-a50c-79e48b3b2760: start e8cc3e65-88b3-42ee-a50c-79e48b3b2760@group-B72ACA344B95-FollowerState
2022-01-06 14:10:20,159 [pool-97-thread-1] INFO  util.JmxRegister (JmxRegister.java:tryRegister(44)) - Successfully registered JMX Bean with object name Ratis:service=RaftServer,group=group-B72ACA344B95,id=e8cc3e65-88b3-42ee-a50c-79e48b3b2760
2022-01-06 14:10:20,160 [Command processor thread] INFO  ratis.XceiverServerRatis (XceiverServerRatis.java:addGroup(768)) - Created group PipelineID=b4ceab46-45ad-4b52-84d3-b72aca344b95
2022-01-06 14:10:20,175 [grpc-default-executor-5] INFO  server.RaftServer (RaftServerProxy.java:addNew(95)) - c7a42389-c056-48f2-a17d-b6f94138e9b4: addNew group-B72ACA344B95:[6122d92d-66bf-436e-946f-99b77373ac6d|rpc:10.1.0.7:45309|dataStream:|priority:0, e8cc3e65-88b3-42ee-a50c-79e48b3b2760|rpc:10.1.0.7:37863|dataStream:|priority:1, c7a42389-c056-48f2-a17d-b6f94138e9b4|rpc:10.1.0.7:39221|dataStream:|priority:0] returns group-B72ACA344B95:java.util.concurrent.CompletableFuture@595e0bb1[Not completed]
2022-01-06 14:10:20,176 [pool-139-thread-1] INFO  server.RaftServer$Division (RaftServerImpl.java:<init>(184)) - c7a42389-c056-48f2-a17d-b6f94138e9b4: new RaftServerImpl for group-B72ACA344B95:[6122d92d-66bf-436e-946f-99b77373ac6d|rpc:10.1.0.7:45309|dataStream:|priority:0, e8cc3e65-88b3-42ee-a50c-79e48b3b2760|rpc:10.1.0.7:37863|dataStream:|priority:1, c7a42389-c056-48f2-a17d-b6f94138e9b4|rpc:10.1.0.7:39221|dataStream:|priority:0] with ContainerStateMachine:uninitialized
2022-01-06 14:10:20,176 [pool-139-thread-1] INFO  server.RaftServerConfigKeys (ConfUtils.java:logGet(44)) - raft.server.rpc.timeout.min = 5s (custom)
2022-01-06 14:10:20,176 [pool-139-thread-1] INFO  server.RaftServerConfigKeys (ConfUtils.java:logGet(44)) - raft.server.rpc.timeout.max = 5200ms (custom)
2022-01-06 14:10:20,176 [pool-139-thread-1] INFO  server.RaftServerConfigKeys (ConfUtils.java:logGet(44)) - raft.server.rpc.sleep.time = 25ms (default)
2022-01-06 14:10:20,177 [pool-139-thread-1] INFO  server.RaftServerConfigKeys (ConfUtils.java:logGet(44)) - raft.server.rpc.slowness.timeout = 300s (custom)
2022-01-06 14:10:20,177 [pool-139-thread-1] INFO  server.RaftServerConfigKeys (ConfUtils.java:logGet(44)) - raft.server.leaderelection.leader.step-down.wait-time = 10s (default)
2022-01-06 14:10:20,177 [pool-139-thread-1] INFO  server.RaftServerConfigKeys (ConfUtils.java:logGet(44)) - raft.server.sleep.deviation.threshold = 300ms (default)
2022-01-06 14:10:20,177 [pool-139-thread-1] INFO  server.RaftServerConfigKeys (ConfUtils.java:logGet(44)) - raft.server.log.appender.install.snapshot.enabled = false (custom)
2022-01-06 14:10:20,177 [pool-139-thread-1] INFO  server.RaftServer$Division (ServerState.java:<init>(105)) - c7a42389-c056-48f2-a17d-b6f94138e9b4@group-B72ACA344B95: ConfigurationManager, init=-1: [6122d92d-66bf-436e-946f-99b77373ac6d|rpc:10.1.0.7:45309|dataStream:|priority:0, e8cc3e65-88b3-42ee-a50c-79e48b3b2760|rpc:10.1.0.7:37863|dataStream:|priority:1, c7a42389-c056-48f2-a17d-b6f94138e9b4|rpc:10.1.0.7:39221|dataStream:|priority:0], old=null, confs=<EMPTY_MAP>
2022-01-06 14:10:20,177 [pool-139-thread-1] INFO  server.RaftServerConfigKeys (ConfUtils.java:logGet(44)) - raft.server.storage.dir = [/home/runner/work/ozone/ozone/hadoop-ozone/integration-test/target/test-dir/MiniOzoneClusterImpl-fc1c6399-de52-4149-9dd2-17a3712db231/datanode-2/data/ratis] (custom)
2022-01-06 14:10:20,177 [pool-139-thread-1] INFO  server.RaftServerConfigKeys (ConfUtils.java:logGet(44)) - raft.server.log.corruption.policy = EXCEPTION (default)
2022-01-06 14:10:20,177 [pool-139-thread-1] INFO  server.RaftServerConfigKeys (ConfUtils.java:logGet(44)) - raft.server.storage.free-space.min = 0MB (=0) (default)
2022-01-06 14:10:20,177 [pool-139-thread-1] INFO  storage.RaftStorageDirectory (RaftStorageDirectoryImpl.java:analyzeStorage(135)) - The storage directory /home/runner/work/ozone/ozone/hadoop-ozone/integration-test/target/test-dir/MiniOzoneClusterImpl-fc1c6399-de52-4149-9dd2-17a3712db231/datanode-2/data/ratis/b4ceab46-45ad-4b52-84d3-b72aca344b95 does not exist. Creating ...
2022-01-06 14:10:20,178 [pool-139-thread-1] INFO  storage.RaftStorageDirectory (RaftStorageDirectoryImpl.java:tryLock(230)) - Lock on /home/runner/work/ozone/ozone/hadoop-ozone/integration-test/target/test-dir/MiniOzoneClusterImpl-fc1c6399-de52-4149-9dd2-17a3712db231/datanode-2/data/ratis/b4ceab46-45ad-4b52-84d3-b72aca344b95/in_use.lock acquired by nodename 10391@fv-az297-741
2022-01-06 14:10:20,179 [pool-139-thread-1] INFO  storage.RaftStorage (RaftStorageImpl.java:format(89)) - Storage directory /home/runner/work/ozone/ozone/hadoop-ozone/integration-test/target/test-dir/MiniOzoneClusterImpl-fc1c6399-de52-4149-9dd2-17a3712db231/datanode-2/data/ratis/b4ceab46-45ad-4b52-84d3-b72aca344b95 has been successfully formatted.
2022-01-06 14:10:20,179 [pool-139-thread-1] INFO  ratis.ContainerStateMachine (ContainerStateMachine.java:loadSnapshot(231)) - group-B72ACA344B95: The snapshot info is null. Setting the last applied indexto:(t:0, i:~)
2022-01-06 14:10:20,180 [pool-139-thread-1] INFO  server.RaftServerConfigKeys (ConfUtils.java:logGet(44)) - raft.server.notification.no-leader.timeout = 300s (custom)
2022-01-06 14:10:20,180 [pool-139-thread-1] INFO  server.RaftServerConfigKeys (ConfUtils.java:logGet(44)) - raft.server.log.use.memory = false (default)
2022-01-06 14:10:20,180 [pool-139-thread-1] INFO  server.RaftServerConfigKeys (ConfUtils.java:logGet(44)) - raft.server.log.purge.gap = 1000000 (custom)
2022-01-06 14:10:20,180 [pool-139-thread-1] INFO  server.RaftServerConfigKeys (ConfUtils.java:logGet(44)) - raft.server.log.appender.buffer.byte-limit = 33554432 (custom)
2022-01-06 14:10:20,184 [pool-139-thread-1] INFO  server.RaftServerConfigKeys (ConfUtils.java:logGet(44)) - raft.server.log.segment.size.max = 1048576 (custom)
2022-01-06 14:10:20,184 [pool-139-thread-1] INFO  server.RaftServerConfigKeys (ConfUtils.java:logGet(44)) - raft.server.log.segment.cache.num.max = 2 (custom)
2022-01-06 14:10:20,184 [pool-139-thread-1] INFO  server.RaftServerConfigKeys (ConfUtils.java:logGet(44)) - raft.server.log.segment.cache.size.max = 200MB (=209715200) (default)
2022-01-06 14:10:20,184 [pool-139-thread-1] INFO  segmented.SegmentedRaftLogWorker (SegmentedRaftLogWorker.java:<init>(182)) - new c7a42389-c056-48f2-a17d-b6f94138e9b4@group-B72ACA344B95-SegmentedRaftLogWorker for RaftStorageImpl:Storage Directory /home/runner/work/ozone/ozone/hadoop-ozone/integration-test/target/test-dir/MiniOzoneClusterImpl-fc1c6399-de52-4149-9dd2-17a3712db231/datanode-2/data/ratis/b4ceab46-45ad-4b52-84d3-b72aca344b95
2022-01-06 14:10:20,184 [pool-139-thread-1] INFO  server.RaftServerConfigKeys (ConfUtils.java:logGet(44)) - raft.server.log.queue.byte-limit = 2147483647 (custom)
2022-01-06 14:10:20,185 [pool-139-thread-1] INFO  server.RaftServerConfigKeys (ConfUtils.java:logGet(44)) - raft.server.log.queue.element-limit = 1024 (custom)
2022-01-06 14:10:20,185 [pool-139-thread-1] INFO  server.RaftServerConfigKeys (ConfUtils.java:logGet(44)) - raft.server.log.segment.size.max = 1048576 (custom)
2022-01-06 14:10:20,185 [pool-139-thread-1] INFO  server.RaftServerConfigKeys (ConfUtils.java:logGet(44)) - raft.server.log.preallocated.size = 16384 (custom)
2022-01-06 14:10:20,185 [pool-139-thread-1] INFO  server.RaftServerConfigKeys (ConfUtils.java:logGet(44)) - raft.server.log.force.sync.num = 128 (default)
2022-01-06 14:10:20,185 [pool-139-thread-1] INFO  server.RaftServerConfigKeys (ConfUtils.java:logGet(44)) - raft.server.log.statemachine.data.sync = true (default)
2022-01-06 14:10:20,185 [pool-139-thread-1] INFO  server.RaftServerConfigKeys (ConfUtils.java:logGet(44)) - raft.server.log.statemachine.data.sync.timeout = 10s (default)
2022-01-06 14:10:20,185 [pool-139-thread-1] INFO  server.RaftServerConfigKeys (ConfUtils.java:logGet(44)) - raft.server.log.statemachine.data.sync.timeout.retry = -1 (default)
2022-01-06 14:10:20,186 [pool-139-thread-1] INFO  server.RaftServerConfigKeys (ConfUtils.java:logGet(44)) - raft.server.log.write.buffer.size = 1048576 (custom)
2022-01-06 14:10:20,186 [pool-139-thread-1] INFO  server.RaftServerConfigKeys (ConfUtils.java:logGet(44)) - raft.server.log.statemachine.data.caching.enabled = true (custom)
2022-01-06 14:10:20,186 [pool-139-thread-1] INFO  segmented.SegmentedRaftLogWorker (SegmentedRaftLogWorker.java:lambda$new$0(133)) - c7a42389-c056-48f2-a17d-b6f94138e9b4@group-B72ACA344B95-SegmentedRaftLogWorker: flushIndex: setUnconditionally 0 -> -1
2022-01-06 14:10:20,186 [pool-139-thread-1] INFO  segmented.SegmentedRaftLogWorker (SegmentedRaftLogWorker.java:lambda$new$0(133)) - c7a42389-c056-48f2-a17d-b6f94138e9b4@group-B72ACA344B95-SegmentedRaftLogWorker: safeCacheEvictIndex: setUnconditionally 0 -> -1
2022-01-06 14:10:20,187 [pool-139-thread-1] INFO  server.RaftServerConfigKeys (ConfUtils.java:logGet(44)) - raft.server.snapshot.auto.trigger.enabled = true (custom)
2022-01-06 14:10:20,187 [pool-139-thread-1] INFO  server.RaftServerConfigKeys (ConfUtils.java:logGet(44)) - raft.server.snapshot.auto.trigger.threshold = 10000 (custom)
2022-01-06 14:10:20,187 [pool-139-thread-1] INFO  server.RaftServerConfigKeys (ConfUtils.java:logGet(44)) - raft.server.snapshot.retention.file.num = 5 (custom)
2022-01-06 14:10:20,187 [pool-139-thread-1] INFO  server.RaftServerConfigKeys (ConfUtils.java:logGet(44)) - raft.server.log.purge.upto.snapshot.index = false (default)
2022-01-06 14:10:20,187 [pool-139-thread-1] INFO  server.RaftServerConfigKeys (ConfUtils.java:logGet(44)) - raft.server.retrycache.expirytime = 600000ms (custom)
2022-01-06 14:10:20,187 [pool-139-thread-1] INFO  server.RaftServerConfigKeys (ConfUtils.java:logGet(44)) - raft.server.retrycache.statistics.expirytime = 100μs (default)
2022-01-06 14:10:20,188 [pool-139-thread-1] INFO  server.RaftServer$Division (RaftServerImpl.java:start(301)) - c7a42389-c056-48f2-a17d-b6f94138e9b4@group-B72ACA344B95: start as a follower, conf=-1: [6122d92d-66bf-436e-946f-99b77373ac6d|rpc:10.1.0.7:45309|dataStream:|priority:0, e8cc3e65-88b3-42ee-a50c-79e48b3b2760|rpc:10.1.0.7:37863|dataStream:|priority:1, c7a42389-c056-48f2-a17d-b6f94138e9b4|rpc:10.1.0.7:39221|dataStream:|priority:0], old=null
2022-01-06 14:10:20,188 [pool-139-thread-1] INFO  server.RaftServer$Division (RaftServerImpl.java:setRole(290)) - c7a42389-c056-48f2-a17d-b6f94138e9b4@group-B72ACA344B95: changes role from      null to FOLLOWER at term 0 for startAsFollower
2022-01-06 14:10:20,189 [pool-139-thread-1] INFO  impl.RoleInfo (RoleInfo.java:updateAndGet(130)) - c7a42389-c056-48f2-a17d-b6f94138e9b4: start c7a42389-c056-48f2-a17d-b6f94138e9b4@group-B72ACA344B95-FollowerState
2022-01-06 14:10:20,189 [pool-139-thread-1] INFO  util.JmxRegister (JmxRegister.java:tryRegister(44)) - Successfully registered JMX Bean with object name Ratis:service=RaftServer,group=group-B72ACA344B95,id=c7a42389-c056-48f2-a17d-b6f94138e9b4
2022-01-06 14:10:20,205 [grpc-default-executor-5] INFO  server.RaftServer (RaftServerProxy.java:addNew(95)) - 6122d92d-66bf-436e-946f-99b77373ac6d: addNew group-B72ACA344B95:[6122d92d-66bf-436e-946f-99b77373ac6d|rpc:10.1.0.7:45309|dataStream:|priority:0, e8cc3e65-88b3-42ee-a50c-79e48b3b2760|rpc:10.1.0.7:37863|dataStream:|priority:1, c7a42389-c056-48f2-a17d-b6f94138e9b4|rpc:10.1.0.7:39221|dataStream:|priority:0] returns group-B72ACA344B95:java.util.concurrent.CompletableFuture@71c58ca5[Not completed]
2022-01-06 14:10:20,207 [pool-118-thread-1] INFO  server.RaftServer$Division (RaftServerImpl.java:<init>(184)) - 6122d92d-66bf-436e-946f-99b77373ac6d: new RaftServerImpl for group-B72ACA344B95:[6122d92d-66bf-436e-946f-99b77373ac6d|rpc:10.1.0.7:45309|dataStream:|priority:0, e8cc3e65-88b3-42ee-a50c-79e48b3b2760|rpc:10.1.0.7:37863|dataStream:|priority:1, c7a42389-c056-48f2-a17d-b6f94138e9b4|rpc:10.1.0.7:39221|dataStream:|priority:0] with ContainerStateMachine:uninitialized
2022-01-06 14:10:20,207 [pool-118-thread-1] INFO  server.RaftServerConfigKeys (ConfUtils.java:logGet(44)) - raft.server.rpc.timeout.min = 5s (custom)
2022-01-06 14:10:20,207 [pool-118-thread-1] INFO  server.RaftServerConfigKeys (ConfUtils.java:logGet(44)) - raft.server.rpc.timeout.max = 5200ms (custom)
2022-01-06 14:10:20,207 [pool-118-thread-1] INFO  server.RaftServerConfigKeys (ConfUtils.java:logGet(44)) - raft.server.rpc.sleep.time = 25ms (default)
2022-01-06 14:10:20,207 [pool-118-thread-1] INFO  server.RaftServerConfigKeys (ConfUtils.java:logGet(44)) - raft.server.rpc.slowness.timeout = 300s (custom)
2022-01-06 14:10:20,207 [pool-118-thread-1] INFO  server.RaftServerConfigKeys (ConfUtils.java:logGet(44)) - raft.server.leaderelection.leader.step-down.wait-time = 10s (default)
2022-01-06 14:10:20,207 [pool-118-thread-1] INFO  server.RaftServerConfigKeys (ConfUtils.java:logGet(44)) - raft.server.sleep.deviation.threshold = 300ms (default)
2022-01-06 14:10:20,207 [pool-118-thread-1] INFO  server.RaftServerConfigKeys (ConfUtils.java:logGet(44)) - raft.server.log.appender.install.snapshot.enabled = false (custom)
2022-01-06 14:10:20,207 [pool-118-thread-1] INFO  server.RaftServer$Division (ServerState.java:<init>(105)) - 6122d92d-66bf-436e-946f-99b77373ac6d@group-B72ACA344B95: ConfigurationManager, init=-1: [6122d92d-66bf-436e-946f-99b77373ac6d|rpc:10.1.0.7:45309|dataStream:|priority:0, e8cc3e65-88b3-42ee-a50c-79e48b3b2760|rpc:10.1.0.7:37863|dataStream:|priority:1, c7a42389-c056-48f2-a17d-b6f94138e9b4|rpc:10.1.0.7:39221|dataStream:|priority:0], old=null, confs=<EMPTY_MAP>
2022-01-06 14:10:20,207 [pool-118-thread-1] INFO  server.RaftServerConfigKeys (ConfUtils.java:logGet(44)) - raft.server.storage.dir = [/home/runner/work/ozone/ozone/hadoop-ozone/integration-test/target/test-dir/MiniOzoneClusterImpl-fc1c6399-de52-4149-9dd2-17a3712db231/datanode-1/data/ratis] (custom)
2022-01-06 14:10:20,208 [pool-118-thread-1] INFO  server.RaftServerConfigKeys (ConfUtils.java:logGet(44)) - raft.server.log.corruption.policy = EXCEPTION (default)
2022-01-06 14:10:20,208 [pool-118-thread-1] INFO  server.RaftServerConfigKeys (ConfUtils.java:logGet(44)) - raft.server.storage.free-space.min = 0MB (=0) (default)
2022-01-06 14:10:20,208 [pool-118-thread-1] INFO  storage.RaftStorageDirectory (RaftStorageDirectoryImpl.java:analyzeStorage(135)) - The storage directory /home/runner/work/ozone/ozone/hadoop-ozone/integration-test/target/test-dir/MiniOzoneClusterImpl-fc1c6399-de52-4149-9dd2-17a3712db231/datanode-1/data/ratis/b4ceab46-45ad-4b52-84d3-b72aca344b95 does not exist. Creating ...
2022-01-06 14:10:20,209 [pool-118-thread-1] INFO  storage.RaftStorageDirectory (RaftStorageDirectoryImpl.java:tryLock(230)) - Lock on /home/runner/work/ozone/ozone/hadoop-ozone/integration-test/target/test-dir/MiniOzoneClusterImpl-fc1c6399-de52-4149-9dd2-17a3712db231/datanode-1/data/ratis/b4ceab46-45ad-4b52-84d3-b72aca344b95/in_use.lock acquired by nodename 10391@fv-az297-741
2022-01-06 14:10:20,210 [pool-118-thread-1] INFO  storage.RaftStorage (RaftStorageImpl.java:format(89)) - Storage directory /home/runner/work/ozone/ozone/hadoop-ozone/integration-test/target/test-dir/MiniOzoneClusterImpl-fc1c6399-de52-4149-9dd2-17a3712db231/datanode-1/data/ratis/b4ceab46-45ad-4b52-84d3-b72aca344b95 has been successfully formatted.
2022-01-06 14:10:20,210 [pool-118-thread-1] INFO  ratis.ContainerStateMachine (ContainerStateMachine.java:loadSnapshot(231)) - group-B72ACA344B95: The snapshot info is null. Setting the last applied indexto:(t:0, i:~)
2022-01-06 14:10:20,211 [pool-118-thread-1] INFO  server.RaftServerConfigKeys (ConfUtils.java:logGet(44)) - raft.server.notification.no-leader.timeout = 300s (custom)
2022-01-06 14:10:20,211 [pool-118-thread-1] INFO  server.RaftServerConfigKeys (ConfUtils.java:logGet(44)) - raft.server.log.use.memory = false (default)
2022-01-06 14:10:20,211 [pool-118-thread-1] INFO  server.RaftServerConfigKeys (ConfUtils.java:logGet(44)) - raft.server.log.purge.gap = 1000000 (custom)
2022-01-06 14:10:20,211 [pool-118-thread-1] INFO  server.RaftServerConfigKeys (ConfUtils.java:logGet(44)) - raft.server.log.appender.buffer.byte-limit = 33554432 (custom)
2022-01-06 14:10:20,212 [pool-118-thread-1] INFO  server.RaftServerConfigKeys (ConfUtils.java:logGet(44)) - raft.server.log.segment.size.max = 1048576 (custom)
2022-01-06 14:10:20,212 [pool-118-thread-1] INFO  server.RaftServerConfigKeys (ConfUtils.java:logGet(44)) - raft.server.log.segment.cache.num.max = 2 (custom)
2022-01-06 14:10:20,212 [pool-118-thread-1] INFO  server.RaftServerConfigKeys (ConfUtils.java:logGet(44)) - raft.server.log.segment.cache.size.max = 200MB (=209715200) (default)
2022-01-06 14:10:20,212 [pool-118-thread-1] INFO  segmented.SegmentedRaftLogWorker (SegmentedRaftLogWorker.java:<init>(182)) - new 6122d92d-66bf-436e-946f-99b77373ac6d@group-B72ACA344B95-SegmentedRaftLogWorker for RaftStorageImpl:Storage Directory /home/runner/work/ozone/ozone/hadoop-ozone/integration-test/target/test-dir/MiniOzoneClusterImpl-fc1c6399-de52-4149-9dd2-17a3712db231/datanode-1/data/ratis/b4ceab46-45ad-4b52-84d3-b72aca344b95
2022-01-06 14:10:20,212 [pool-118-thread-1] INFO  server.RaftServerConfigKeys (ConfUtils.java:logGet(44)) - raft.server.log.queue.byte-limit = 2147483647 (custom)
2022-01-06 14:10:20,212 [pool-118-thread-1] INFO  server.RaftServerConfigKeys (ConfUtils.java:logGet(44)) - raft.server.log.queue.element-limit = 1024 (custom)
2022-01-06 14:10:20,212 [pool-118-thread-1] INFO  server.RaftServerConfigKeys (ConfUtils.java:logGet(44)) - raft.server.log.segment.size.max = 1048576 (custom)
2022-01-06 14:10:20,212 [pool-118-thread-1] INFO  server.RaftServerConfigKeys (ConfUtils.java:logGet(44)) - raft.server.log.preallocated.size = 16384 (custom)
2022-01-06 14:10:20,212 [pool-118-thread-1] INFO  server.RaftServerConfigKeys (ConfUtils.java:logGet(44)) - raft.server.log.force.sync.num = 128 (default)
2022-01-06 14:10:20,212 [pool-118-thread-1] INFO  server.RaftServerConfigKeys (ConfUtils.java:logGet(44)) - raft.server.log.statemachine.data.sync = true (default)
2022-01-06 14:10:20,213 [pool-118-thread-1] INFO  server.RaftServerConfigKeys (ConfUtils.java:logGet(44)) - raft.server.log.statemachine.data.sync.timeout = 10s (default)
2022-01-06 14:10:20,213 [pool-118-thread-1] INFO  server.RaftServerConfigKeys (ConfUtils.java:logGet(44)) - raft.server.log.statemachine.data.sync.timeout.retry = -1 (default)
2022-01-06 14:10:20,217 [pool-118-thread-1] INFO  server.RaftServerConfigKeys (ConfUtils.java:logGet(44)) - raft.server.log.write.buffer.size = 1048576 (custom)
2022-01-06 14:10:20,218 [pool-118-thread-1] INFO  server.RaftServerConfigKeys (ConfUtils.java:logGet(44)) - raft.server.log.statemachine.data.caching.enabled = true (custom)
2022-01-06 14:10:20,218 [pool-118-thread-1] INFO  segmented.SegmentedRaftLogWorker (SegmentedRaftLogWorker.java:lambda$new$0(133)) - 6122d92d-66bf-436e-946f-99b77373ac6d@group-B72ACA344B95-SegmentedRaftLogWorker: flushIndex: setUnconditionally 0 -> -1
2022-01-06 14:10:20,218 [pool-118-thread-1] INFO  segmented.SegmentedRaftLogWorker (SegmentedRaftLogWorker.java:lambda$new$0(133)) - 6122d92d-66bf-436e-946f-99b77373ac6d@group-B72ACA344B95-SegmentedRaftLogWorker: safeCacheEvictIndex: setUnconditionally 0 -> -1
2022-01-06 14:10:20,218 [pool-118-thread-1] INFO  server.RaftServerConfigKeys (ConfUtils.java:logGet(44)) - raft.server.snapshot.auto.trigger.enabled = true (custom)
2022-01-06 14:10:20,218 [pool-118-thread-1] INFO  server.RaftServerConfigKeys (ConfUtils.java:logGet(44)) - raft.server.snapshot.auto.trigger.threshold = 10000 (custom)
2022-01-06 14:10:20,218 [pool-118-thread-1] INFO  server.RaftServerConfigKeys (ConfUtils.java:logGet(44)) - raft.server.snapshot.retention.file.num = 5 (custom)
2022-01-06 14:10:20,219 [pool-118-thread-1] INFO  server.RaftServerConfigKeys (ConfUtils.java:logGet(44)) - raft.server.log.purge.upto.snapshot.index = false (default)
2022-01-06 14:10:20,219 [pool-118-thread-1] INFO  server.RaftServerConfigKeys (ConfUtils.java:logGet(44)) - raft.server.retrycache.expirytime = 600000ms (custom)
2022-01-06 14:10:20,219 [pool-118-thread-1] INFO  server.RaftServerConfigKeys (ConfUtils.java:logGet(44)) - raft.server.retrycache.statistics.expirytime = 100μs (default)
2022-01-06 14:10:20,220 [pool-118-thread-1] INFO  server.RaftServer$Division (RaftServerImpl.java:start(301)) - 6122d92d-66bf-436e-946f-99b77373ac6d@group-B72ACA344B95: start as a follower, conf=-1: [6122d92d-66bf-436e-946f-99b77373ac6d|rpc:10.1.0.7:45309|dataStream:|priority:0, e8cc3e65-88b3-42ee-a50c-79e48b3b2760|rpc:10.1.0.7:37863|dataStream:|priority:1, c7a42389-c056-48f2-a17d-b6f94138e9b4|rpc:10.1.0.7:39221|dataStream:|priority:0], old=null
2022-01-06 14:10:20,220 [pool-118-thread-1] INFO  server.RaftServer$Division (RaftServerImpl.java:setRole(290)) - 6122d92d-66bf-436e-946f-99b77373ac6d@group-B72ACA344B95: changes role from      null to FOLLOWER at term 0 for startAsFollower
2022-01-06 14:10:20,220 [pool-118-thread-1] INFO  impl.RoleInfo (RoleInfo.java:updateAndGet(130)) - 6122d92d-66bf-436e-946f-99b77373ac6d: start 6122d92d-66bf-436e-946f-99b77373ac6d@group-B72ACA344B95-FollowerState
2022-01-06 14:10:20,220 [pool-118-thread-1] INFO  util.JmxRegister (JmxRegister.java:tryRegister(44)) - Successfully registered JMX Bean with object name Ratis:service=RaftServer,group=group-B72ACA344B95,id=6122d92d-66bf-436e-946f-99b77373ac6d
2022-01-06 14:10:20,230 [Command processor thread] INFO  commandhandler.CreatePipelineCommandHandler (CreatePipelineCommandHandler.java:handle(106)) - Created Pipeline RATIS THREE PipelineID=b4ceab46-45ad-4b52-84d3-b72aca344b95.
2022-01-06 14:10:20,394 [Command processor thread] INFO  server.RaftServer (RaftServerProxy.java:addNew(95)) - 6122d92d-66bf-436e-946f-99b77373ac6d: addNew group-0FD72F999B24:[6122d92d-66bf-436e-946f-99b77373ac6d|rpc:10.1.0.7:45309|priority:1] returns group-0FD72F999B24:java.util.concurrent.CompletableFuture@38a4497a[Not completed]
2022-01-06 14:10:20,396 [pool-118-thread-1] INFO  server.RaftServer$Division (RaftServerImpl.java:<init>(184)) - 6122d92d-66bf-436e-946f-99b77373ac6d: new RaftServerImpl for group-0FD72F999B24:[6122d92d-66bf-436e-946f-99b77373ac6d|rpc:10.1.0.7:45309|priority:1] with ContainerStateMachine:uninitialized
2022-01-06 14:10:20,397 [pool-118-thread-1] INFO  server.RaftServerConfigKeys (ConfUtils.java:logGet(44)) - raft.server.rpc.timeout.min = 5s (custom)
2022-01-06 14:10:20,397 [pool-118-thread-1] INFO  server.RaftServerConfigKeys (ConfUtils.java:logGet(44)) - raft.server.rpc.timeout.max = 5200ms (custom)
2022-01-06 14:10:20,397 [pool-118-thread-1] INFO  server.RaftServerConfigKeys (ConfUtils.java:logGet(44)) - raft.server.rpc.sleep.time = 25ms (default)
2022-01-06 14:10:20,397 [pool-118-thread-1] INFO  server.RaftServerConfigKeys (ConfUtils.java:logGet(44)) - raft.server.rpc.slowness.timeout = 300s (custom)
2022-01-06 14:10:20,397 [pool-118-thread-1] INFO  server.RaftServerConfigKeys (ConfUtils.java:logGet(44)) - raft.server.leaderelection.leader.step-down.wait-time = 10s (default)
2022-01-06 14:10:20,397 [pool-118-thread-1] INFO  server.RaftServerConfigKeys (ConfUtils.java:logGet(44)) - raft.server.sleep.deviation.threshold = 300ms (default)
2022-01-06 14:10:20,397 [pool-118-thread-1] INFO  server.RaftServerConfigKeys (ConfUtils.java:logGet(44)) - raft.server.log.appender.install.snapshot.enabled = false (custom)
2022-01-06 14:10:20,397 [pool-118-thread-1] INFO  server.RaftServer$Division (ServerState.java:<init>(105)) - 6122d92d-66bf-436e-946f-99b77373ac6d@group-0FD72F999B24: ConfigurationManager, init=-1: [6122d92d-66bf-436e-946f-99b77373ac6d|rpc:10.1.0.7:45309|priority:1], old=null, confs=<EMPTY_MAP>
2022-01-06 14:10:20,398 [pool-118-thread-1] INFO  server.RaftServerConfigKeys (ConfUtils.java:logGet(44)) - raft.server.storage.dir = [/home/runner/work/ozone/ozone/hadoop-ozone/integration-test/target/test-dir/MiniOzoneClusterImpl-fc1c6399-de52-4149-9dd2-17a3712db231/datanode-1/data/ratis] (custom)
2022-01-06 14:10:20,398 [pool-118-thread-1] INFO  server.RaftServerConfigKeys (ConfUtils.java:logGet(44)) - raft.server.log.corruption.policy = EXCEPTION (default)
2022-01-06 14:10:20,398 [pool-118-thread-1] INFO  server.RaftServerConfigKeys (ConfUtils.java:logGet(44)) - raft.server.storage.free-space.min = 0MB (=0) (default)
2022-01-06 14:10:20,398 [pool-118-thread-1] INFO  storage.RaftStorageDirectory (RaftStorageDirectoryImpl.java:analyzeStorage(135)) - The storage directory /home/runner/work/ozone/ozone/hadoop-ozone/integration-test/target/test-dir/MiniOzoneClusterImpl-fc1c6399-de52-4149-9dd2-17a3712db231/datanode-1/data/ratis/0cbc7a22-7eb1-47a1-94c1-0fd72f999b24 does not exist. Creating ...
2022-01-06 14:10:20,400 [pool-118-thread-1] INFO  storage.RaftStorageDirectory (RaftStorageDirectoryImpl.java:tryLock(230)) - Lock on /home/runner/work/ozone/ozone/hadoop-ozone/integration-test/target/test-dir/MiniOzoneClusterImpl-fc1c6399-de52-4149-9dd2-17a3712db231/datanode-1/data/ratis/0cbc7a22-7eb1-47a1-94c1-0fd72f999b24/in_use.lock acquired by nodename 10391@fv-az297-741
2022-01-06 14:10:20,403 [pool-118-thread-1] INFO  storage.RaftStorage (RaftStorageImpl.java:format(89)) - Storage directory /home/runner/work/ozone/ozone/hadoop-ozone/integration-test/target/test-dir/MiniOzoneClusterImpl-fc1c6399-de52-4149-9dd2-17a3712db231/datanode-1/data/ratis/0cbc7a22-7eb1-47a1-94c1-0fd72f999b24 has been successfully formatted.
2022-01-06 14:10:20,403 [pool-118-thread-1] INFO  ratis.ContainerStateMachine (ContainerStateMachine.java:loadSnapshot(231)) - group-0FD72F999B24: The snapshot info is null. Setting the last applied indexto:(t:0, i:~)
2022-01-06 14:10:20,404 [pool-118-thread-1] INFO  server.RaftServerConfigKeys (ConfUtils.java:logGet(44)) - raft.server.notification.no-leader.timeout = 300s (custom)
2022-01-06 14:10:20,404 [pool-118-thread-1] INFO  server.RaftServerConfigKeys (ConfUtils.java:logGet(44)) - raft.server.log.use.memory = false (default)
2022-01-06 14:10:20,404 [pool-118-thread-1] INFO  server.RaftServerConfigKeys (ConfUtils.java:logGet(44)) - raft.server.log.purge.gap = 1000000 (custom)
2022-01-06 14:10:20,404 [pool-118-thread-1] INFO  server.RaftServerConfigKeys (ConfUtils.java:logGet(44)) - raft.server.log.appender.buffer.byte-limit = 33554432 (custom)
2022-01-06 14:10:20,404 [pool-118-thread-1] INFO  server.RaftServerConfigKeys (ConfUtils.java:logGet(44)) - raft.server.log.segment.size.max = 1048576 (custom)
2022-01-06 14:10:20,406 [pool-118-thread-1] INFO  server.RaftServerConfigKeys (ConfUtils.java:logGet(44)) - raft.server.log.segment.cache.num.max = 2 (custom)
2022-01-06 14:10:20,406 [EventQueue-PipelineReportForPipelineReportHandler] INFO  pipeline.PipelineManagerImpl (PipelineManagerImpl.java:openPipeline(291)) - Pipeline Pipeline[ Id: 0cbc7a22-7eb1-47a1-94c1-0fd72f999b24, Nodes: 6122d92d-66bf-436e-946f-99b77373ac6d{ip: 10.1.0.7, host: fv-az297-741.nmf1rxwemy4u5di1sxxf4ejcwb.jx.internal.cloudapp.net, ports: [REPLICATION=34155, RATIS=45309, RATIS_ADMIN=45309, RATIS_SERVER=45309, STANDALONE=46751], networkLocation: /default-rack, certSerialId: null, persistedOpState: IN_SERVICE, persistedOpStateExpiryEpochSec: 0}, ReplicationConfig: RATIS/ONE, State:ALLOCATED, leaderId:6122d92d-66bf-436e-946f-99b77373ac6d, CreationTimestamp2022-01-06T14:10:17.402Z[Etc/UTC]] moved to OPEN state
2022-01-06 14:10:20,407 [pool-118-thread-1] INFO  server.RaftServerConfigKeys (ConfUtils.java:logGet(44)) - raft.server.log.segment.cache.size.max = 200MB (=209715200) (default)
2022-01-06 14:10:20,407 [pool-118-thread-1] INFO  segmented.SegmentedRaftLogWorker (SegmentedRaftLogWorker.java:<init>(182)) - new 6122d92d-66bf-436e-946f-99b77373ac6d@group-0FD72F999B24-SegmentedRaftLogWorker for RaftStorageImpl:Storage Directory /home/runner/work/ozone/ozone/hadoop-ozone/integration-test/target/test-dir/MiniOzoneClusterImpl-fc1c6399-de52-4149-9dd2-17a3712db231/datanode-1/data/ratis/0cbc7a22-7eb1-47a1-94c1-0fd72f999b24
2022-01-06 14:10:20,407 [pool-118-thread-1] INFO  server.RaftServerConfigKeys (ConfUtils.java:logGet(44)) - raft.server.log.queue.byte-limit = 2147483647 (custom)
2022-01-06 14:10:20,407 [pool-118-thread-1] INFO  server.RaftServerConfigKeys (ConfUtils.java:logGet(44)) - raft.server.log.queue.element-limit = 1024 (custom)
2022-01-06 14:10:20,408 [EventQueue-OpenPipelineForHealthyPipelineSafeModeRule] INFO  safemode.SCMSafeModeManager (HealthyPipelineSafeModeRule.java:process(124)) - SCM in safe mode. Healthy pipelines reported count is 0, required healthy pipeline reported count is 1
2022-01-06 14:10:20,409 [pool-118-thread-1] INFO  server.RaftServerConfigKeys (ConfUtils.java:logGet(44)) - raft.server.log.segment.size.max = 1048576 (custom)
2022-01-06 14:10:20,409 [pool-118-thread-1] INFO  server.RaftServerConfigKeys (ConfUtils.java:logGet(44)) - raft.server.log.preallocated.size = 16384 (custom)
2022-01-06 14:10:20,409 [pool-118-thread-1] INFO  server.RaftServerConfigKeys (ConfUtils.java:logGet(44)) - raft.server.log.force.sync.num = 128 (default)
2022-01-06 14:10:20,409 [pool-118-thread-1] INFO  server.RaftServerConfigKeys (ConfUtils.java:logGet(44)) - raft.server.log.statemachine.data.sync = true (default)
2022-01-06 14:10:20,409 [pool-118-thread-1] INFO  server.RaftServerConfigKeys (ConfUtils.java:logGet(44)) - raft.server.log.statemachine.data.sync.timeout = 10s (default)
2022-01-06 14:10:20,409 [pool-118-thread-1] INFO  server.RaftServerConfigKeys (ConfUtils.java:logGet(44)) - raft.server.log.statemachine.data.sync.timeout.retry = -1 (default)
2022-01-06 14:10:20,410 [pool-118-thread-1] INFO  server.RaftServerConfigKeys (ConfUtils.java:logGet(44)) - raft.server.log.write.buffer.size = 1048576 (custom)
2022-01-06 14:10:20,411 [pool-118-thread-1] INFO  server.RaftServerConfigKeys (ConfUtils.java:logGet(44)) - raft.server.log.statemachine.data.caching.enabled = true (custom)
2022-01-06 14:10:20,411 [pool-118-thread-1] INFO  segmented.SegmentedRaftLogWorker (SegmentedRaftLogWorker.java:lambda$new$0(133)) - 6122d92d-66bf-436e-946f-99b77373ac6d@group-0FD72F999B24-SegmentedRaftLogWorker: flushIndex: setUnconditionally 0 -> -1
2022-01-06 14:10:20,411 [pool-118-thread-1] INFO  segmented.SegmentedRaftLogWorker (SegmentedRaftLogWorker.java:lambda$new$0(133)) - 6122d92d-66bf-436e-946f-99b77373ac6d@group-0FD72F999B24-SegmentedRaftLogWorker: safeCacheEvictIndex: setUnconditionally 0 -> -1
2022-01-06 14:10:20,411 [pool-118-thread-1] INFO  server.RaftServerConfigKeys (ConfUtils.java:logGet(44)) - raft.server.snapshot.auto.trigger.enabled = true (custom)
2022-01-06 14:10:20,412 [pool-118-thread-1] INFO  server.RaftServerConfigKeys (ConfUtils.java:logGet(44)) - raft.server.snapshot.auto.trigger.threshold = 10000 (custom)
2022-01-06 14:10:20,412 [pool-118-thread-1] INFO  server.RaftServerConfigKeys (ConfUtils.java:logGet(44)) - raft.server.snapshot.retention.file.num = 5 (custom)
2022-01-06 14:10:20,412 [pool-118-thread-1] INFO  server.RaftServerConfigKeys (ConfUtils.java:logGet(44)) - raft.server.log.purge.upto.snapshot.index = false (default)
2022-01-06 14:10:20,412 [pool-118-thread-1] INFO  server.RaftServerConfigKeys (ConfUtils.java:logGet(44)) - raft.server.retrycache.expirytime = 600000ms (custom)
2022-01-06 14:10:20,412 [pool-118-thread-1] INFO  server.RaftServerConfigKeys (ConfUtils.java:logGet(44)) - raft.server.retrycache.statistics.expirytime = 100μs (default)
2022-01-06 14:10:20,413 [pool-118-thread-1] INFO  server.RaftServer$Division (RaftServerImpl.java:start(301)) - 6122d92d-66bf-436e-946f-99b77373ac6d@group-0FD72F999B24: start as a follower, conf=-1: [6122d92d-66bf-436e-946f-99b77373ac6d|rpc:10.1.0.7:45309|priority:1], old=null
2022-01-06 14:10:20,413 [pool-118-thread-1] INFO  server.RaftServer$Division (RaftServerImpl.java:setRole(290)) - 6122d92d-66bf-436e-946f-99b77373ac6d@group-0FD72F999B24: changes role from      null to FOLLOWER at term 0 for startAsFollower
2022-01-06 14:10:20,413 [pool-118-thread-1] INFO  impl.RoleInfo (RoleInfo.java:updateAndGet(130)) - 6122d92d-66bf-436e-946f-99b77373ac6d: start 6122d92d-66bf-436e-946f-99b77373ac6d@group-0FD72F999B24-FollowerState
2022-01-06 14:10:20,414 [pool-118-thread-1] INFO  util.JmxRegister (JmxRegister.java:tryRegister(44)) - Successfully registered JMX Bean with object name Ratis:service=RaftServer,group=group-0FD72F999B24,id=6122d92d-66bf-436e-946f-99b77373ac6d
2022-01-06 14:10:20,415 [Command processor thread] INFO  ratis.XceiverServerRatis (XceiverServerRatis.java:addGroup(768)) - Created group PipelineID=0cbc7a22-7eb1-47a1-94c1-0fd72f999b24
2022-01-06 14:10:20,415 [Command processor thread] INFO  commandhandler.CreatePipelineCommandHandler (CreatePipelineCommandHandler.java:handle(106)) - Created Pipeline RATIS ONE PipelineID=0cbc7a22-7eb1-47a1-94c1-0fd72f999b24.
2022-01-06 14:10:20,831 [Listener at 127.0.0.1/10228] INFO  ozone.MiniOzoneClusterImpl (MiniOzoneClusterImpl.java:lambda$waitForClusterToBeReady$0(235)) - Nodes are ready. Got 3 of 3 DN Heartbeats.
2022-01-06 14:10:20,832 [Listener at 127.0.0.1/10228] INFO  ozone.MiniOzoneClusterImpl (MiniOzoneClusterImpl.java:lambda$waitForClusterToBeReady$0(238)) - Waiting for cluster to exit safe mode
2022-01-06 14:10:20,832 [Listener at 127.0.0.1/10228] INFO  ozone.MiniOzoneClusterImpl (MiniOzoneClusterImpl.java:lambda$waitForClusterToBeReady$0(240)) - SCM became leader
2022-01-06 14:10:20,835 [Command processor thread] INFO  server.RaftServer (RaftServerProxy.java:addNew(95)) - c7a42389-c056-48f2-a17d-b6f94138e9b4: addNew group-E6E87E6CE091:[c7a42389-c056-48f2-a17d-b6f94138e9b4|rpc:10.1.0.7:39221|priority:1] returns group-E6E87E6CE091:java.util.concurrent.CompletableFuture@358e3a3[Not completed]
2022-01-06 14:10:20,837 [pool-139-thread-1] INFO  server.RaftServer$Division (RaftServerImpl.java:<init>(184)) - c7a42389-c056-48f2-a17d-b6f94138e9b4: new RaftServerImpl for group-E6E87E6CE091:[c7a42389-c056-48f2-a17d-b6f94138e9b4|rpc:10.1.0.7:39221|priority:1] with ContainerStateMachine:uninitialized
2022-01-06 14:10:20,837 [pool-139-thread-1] INFO  server.RaftServerConfigKeys (ConfUtils.java:logGet(44)) - raft.server.rpc.timeout.min = 5s (custom)
2022-01-06 14:10:20,837 [pool-139-thread-1] INFO  server.RaftServerConfigKeys (ConfUtils.java:logGet(44)) - raft.server.rpc.timeout.max = 5200ms (custom)
2022-01-06 14:10:20,837 [pool-139-thread-1] INFO  server.RaftServerConfigKeys (ConfUtils.java:logGet(44)) - raft.server.rpc.sleep.time = 25ms (default)
2022-01-06 14:10:20,837 [pool-139-thread-1] INFO  server.RaftServerConfigKeys (ConfUtils.java:logGet(44)) - raft.server.rpc.slowness.timeout = 300s (custom)
2022-01-06 14:10:20,837 [pool-139-thread-1] INFO  server.RaftServerConfigKeys (ConfUtils.java:logGet(44)) - raft.server.leaderelection.leader.step-down.wait-time = 10s (default)
2022-01-06 14:10:20,837 [pool-139-thread-1] INFO  server.RaftServerConfigKeys (ConfUtils.java:logGet(44)) - raft.server.sleep.deviation.threshold = 300ms (default)
2022-01-06 14:10:20,837 [pool-139-thread-1] INFO  server.RaftServerConfigKeys (ConfUtils.java:logGet(44)) - raft.server.log.appender.install.snapshot.enabled = false (custom)
2022-01-06 14:10:20,837 [pool-139-thread-1] INFO  server.RaftServer$Division (ServerState.java:<init>(105)) - c7a42389-c056-48f2-a17d-b6f94138e9b4@group-E6E87E6CE091: ConfigurationManager, init=-1: [c7a42389-c056-48f2-a17d-b6f94138e9b4|rpc:10.1.0.7:39221|priority:1], old=null, confs=<EMPTY_MAP>
2022-01-06 14:10:20,837 [pool-139-thread-1] INFO  server.RaftServerConfigKeys (ConfUtils.java:logGet(44)) - raft.server.storage.dir = [/home/runner/work/ozone/ozone/hadoop-ozone/integration-test/target/test-dir/MiniOzoneClusterImpl-fc1c6399-de52-4149-9dd2-17a3712db231/datanode-2/data/ratis] (custom)
2022-01-06 14:10:20,838 [pool-139-thread-1] INFO  server.RaftServerConfigKeys (ConfUtils.java:logGet(44)) - raft.server.log.corruption.policy = EXCEPTION (default)
2022-01-06 14:10:20,838 [pool-139-thread-1] INFO  server.RaftServerConfigKeys (ConfUtils.java:logGet(44)) - raft.server.storage.free-space.min = 0MB (=0) (default)
2022-01-06 14:10:20,838 [pool-139-thread-1] INFO  storage.RaftStorageDirectory (RaftStorageDirectoryImpl.java:analyzeStorage(135)) - The storage directory /home/runner/work/ozone/ozone/hadoop-ozone/integration-test/target/test-dir/MiniOzoneClusterImpl-fc1c6399-de52-4149-9dd2-17a3712db231/datanode-2/data/ratis/e0009cc1-7174-41c0-80f1-e6e87e6ce091 does not exist. Creating ...
2022-01-06 14:10:20,839 [pool-139-thread-1] INFO  storage.RaftStorageDirectory (RaftStorageDirectoryImpl.java:tryLock(230)) - Lock on /home/runner/work/ozone/ozone/hadoop-ozone/integration-test/target/test-dir/MiniOzoneClusterImpl-fc1c6399-de52-4149-9dd2-17a3712db231/datanode-2/data/ratis/e0009cc1-7174-41c0-80f1-e6e87e6ce091/in_use.lock acquired by nodename 10391@fv-az297-741
2022-01-06 14:10:20,840 [pool-139-thread-1] INFO  storage.RaftStorage (RaftStorageImpl.java:format(89)) - Storage directory /home/runner/work/ozone/ozone/hadoop-ozone/integration-test/target/test-dir/MiniOzoneClusterImpl-fc1c6399-de52-4149-9dd2-17a3712db231/datanode-2/data/ratis/e0009cc1-7174-41c0-80f1-e6e87e6ce091 has been successfully formatted.
2022-01-06 14:10:20,840 [pool-139-thread-1] INFO  ratis.ContainerStateMachine (ContainerStateMachine.java:loadSnapshot(231)) - group-E6E87E6CE091: The snapshot info is null. Setting the last applied indexto:(t:0, i:~)
2022-01-06 14:10:20,845 [pool-139-thread-1] INFO  server.RaftServerConfigKeys (ConfUtils.java:logGet(44)) - raft.server.notification.no-leader.timeout = 300s (custom)
2022-01-06 14:10:20,845 [pool-139-thread-1] INFO  server.RaftServerConfigKeys (ConfUtils.java:logGet(44)) - raft.server.log.use.memory = false (default)
2022-01-06 14:10:20,845 [pool-139-thread-1] INFO  server.RaftServerConfigKeys (ConfUtils.java:logGet(44)) - raft.server.log.purge.gap = 1000000 (custom)
2022-01-06 14:10:20,845 [pool-139-thread-1] INFO  server.RaftServerConfigKeys (ConfUtils.java:logGet(44)) - raft.server.log.appender.buffer.byte-limit = 33554432 (custom)
2022-01-06 14:10:20,846 [EventQueue-PipelineReportForPipelineReportHandler] INFO  pipeline.PipelineManagerImpl (PipelineManagerImpl.java:openPipeline(291)) - Pipeline Pipeline[ Id: e0009cc1-7174-41c0-80f1-e6e87e6ce091, Nodes: c7a42389-c056-48f2-a17d-b6f94138e9b4{ip: 10.1.0.7, host: fv-az297-741.nmf1rxwemy4u5di1sxxf4ejcwb.jx.internal.cloudapp.net, ports: [REPLICATION=38255, RATIS=39221, RATIS_ADMIN=39221, RATIS_SERVER=39221, STANDALONE=41749], networkLocation: /default-rack, certSerialId: null, persistedOpState: IN_SERVICE, persistedOpStateExpiryEpochSec: 0}, ReplicationConfig: RATIS/ONE, State:ALLOCATED, leaderId:c7a42389-c056-48f2-a17d-b6f94138e9b4, CreationTimestamp2022-01-06T14:10:17.840Z[Etc/UTC]] moved to OPEN state
2022-01-06 14:10:20,846 [EventQueue-OpenPipelineForHealthyPipelineSafeModeRule] INFO  safemode.SCMSafeModeManager (HealthyPipelineSafeModeRule.java:process(124)) - SCM in safe mode. Healthy pipelines reported count is 0, required healthy pipeline reported count is 1
2022-01-06 14:10:20,846 [pool-139-thread-1] INFO  server.RaftServerConfigKeys (ConfUtils.java:logGet(44)) - raft.server.log.segment.size.max = 1048576 (custom)
2022-01-06 14:10:20,849 [pool-139-thread-1] INFO  server.RaftServerConfigKeys (ConfUtils.java:logGet(44)) - raft.server.log.segment.cache.num.max = 2 (custom)
2022-01-06 14:10:20,849 [pool-139-thread-1] INFO  server.RaftServerConfigKeys (ConfUtils.java:logGet(44)) - raft.server.log.segment.cache.size.max = 200MB (=209715200) (default)
2022-01-06 14:10:20,850 [pool-139-thread-1] INFO  segmented.SegmentedRaftLogWorker (SegmentedRaftLogWorker.java:<init>(182)) - new c7a42389-c056-48f2-a17d-b6f94138e9b4@group-E6E87E6CE091-SegmentedRaftLogWorker for RaftStorageImpl:Storage Directory /home/runner/work/ozone/ozone/hadoop-ozone/integration-test/target/test-dir/MiniOzoneClusterImpl-fc1c6399-de52-4149-9dd2-17a3712db231/datanode-2/data/ratis/e0009cc1-7174-41c0-80f1-e6e87e6ce091
2022-01-06 14:10:20,850 [pool-139-thread-1] INFO  server.RaftServerConfigKeys (ConfUtils.java:logGet(44)) - raft.server.log.queue.byte-limit = 2147483647 (custom)
2022-01-06 14:10:20,850 [pool-139-thread-1] INFO  server.RaftServerConfigKeys (ConfUtils.java:logGet(44)) - raft.server.log.queue.element-limit = 1024 (custom)
2022-01-06 14:10:20,850 [pool-139-thread-1] INFO  server.RaftServerConfigKeys (ConfUtils.java:logGet(44)) - raft.server.log.segment.size.max = 1048576 (custom)
2022-01-06 14:10:20,850 [pool-139-thread-1] INFO  server.RaftServerConfigKeys (ConfUtils.java:logGet(44)) - raft.server.log.preallocated.size = 16384 (custom)
2022-01-06 14:10:20,850 [pool-139-thread-1] INFO  server.RaftServerConfigKeys (ConfUtils.java:logGet(44)) - raft.server.log.force.sync.num = 128 (default)
2022-01-06 14:10:20,850 [pool-139-thread-1] INFO  server.RaftServerConfigKeys (ConfUtils.java:logGet(44)) - raft.server.log.statemachine.data.sync = true (default)
2022-01-06 14:10:20,850 [pool-139-thread-1] INFO  server.RaftServerConfigKeys (ConfUtils.java:logGet(44)) - raft.server.log.statemachine.data.sync.timeout = 10s (default)
2022-01-06 14:10:20,850 [pool-139-thread-1] INFO  server.RaftServerConfigKeys (ConfUtils.java:logGet(44)) - raft.server.log.statemachine.data.sync.timeout.retry = -1 (default)
2022-01-06 14:10:20,851 [pool-139-thread-1] INFO  server.RaftServerConfigKeys (ConfUtils.java:logGet(44)) - raft.server.log.write.buffer.size = 1048576 (custom)
2022-01-06 14:10:20,852 [pool-139-thread-1] INFO  server.RaftServerConfigKeys (ConfUtils.java:logGet(44)) - raft.server.log.statemachine.data.caching.enabled = true (custom)
2022-01-06 14:10:20,852 [pool-139-thread-1] INFO  segmented.SegmentedRaftLogWorker (SegmentedRaftLogWorker.java:lambda$new$0(133)) - c7a42389-c056-48f2-a17d-b6f94138e9b4@group-E6E87E6CE091-SegmentedRaftLogWorker: flushIndex: setUnconditionally 0 -> -1
2022-01-06 14:10:20,852 [pool-139-thread-1] INFO  segmented.SegmentedRaftLogWorker (SegmentedRaftLogWorker.java:lambda$new$0(133)) - c7a42389-c056-48f2-a17d-b6f94138e9b4@group-E6E87E6CE091-SegmentedRaftLogWorker: safeCacheEvictIndex: setUnconditionally 0 -> -1
2022-01-06 14:10:20,852 [pool-139-thread-1] INFO  server.RaftServerConfigKeys (ConfUtils.java:logGet(44)) - raft.server.snapshot.auto.trigger.enabled = true (custom)
2022-01-06 14:10:20,852 [pool-139-thread-1] INFO  server.RaftServerConfigKeys (ConfUtils.java:logGet(44)) - raft.server.snapshot.auto.trigger.threshold = 10000 (custom)
2022-01-06 14:10:20,853 [pool-139-thread-1] INFO  server.RaftServerConfigKeys (ConfUtils.java:logGet(44)) - raft.server.snapshot.retention.file.num = 5 (custom)
2022-01-06 14:10:20,853 [pool-139-thread-1] INFO  server.RaftServerConfigKeys (ConfUtils.java:logGet(44)) - raft.server.log.purge.upto.snapshot.index = false (default)
2022-01-06 14:10:20,853 [pool-139-thread-1] INFO  server.RaftServerConfigKeys (ConfUtils.java:logGet(44)) - raft.server.retrycache.expirytime = 600000ms (custom)
2022-01-06 14:10:20,853 [pool-139-thread-1] INFO  server.RaftServerConfigKeys (ConfUtils.java:logGet(44)) - raft.server.retrycache.statistics.expirytime = 100μs (default)
2022-01-06 14:10:20,854 [pool-139-thread-1] INFO  server.RaftServer$Division (RaftServerImpl.java:start(301)) - c7a42389-c056-48f2-a17d-b6f94138e9b4@group-E6E87E6CE091: start as a follower, conf=-1: [c7a42389-c056-48f2-a17d-b6f94138e9b4|rpc:10.1.0.7:39221|priority:1], old=null
2022-01-06 14:10:20,854 [pool-139-thread-1] INFO  server.RaftServer$Division (RaftServerImpl.java:setRole(290)) - c7a42389-c056-48f2-a17d-b6f94138e9b4@group-E6E87E6CE091: changes role from      null to FOLLOWER at term 0 for startAsFollower
2022-01-06 14:10:20,854 [pool-139-thread-1] INFO  impl.RoleInfo (RoleInfo.java:updateAndGet(130)) - c7a42389-c056-48f2-a17d-b6f94138e9b4: start c7a42389-c056-48f2-a17d-b6f94138e9b4@group-E6E87E6CE091-FollowerState
2022-01-06 14:10:20,857 [pool-139-thread-1] INFO  util.JmxRegister (JmxRegister.java:tryRegister(44)) - Successfully registered JMX Bean with object name Ratis:service=RaftServer,group=group-E6E87E6CE091,id=c7a42389-c056-48f2-a17d-b6f94138e9b4
2022-01-06 14:10:20,858 [Command processor thread] INFO  ratis.XceiverServerRatis (XceiverServerRatis.java:addGroup(768)) - Created group PipelineID=e0009cc1-7174-41c0-80f1-e6e87e6ce091
2022-01-06 14:10:20,858 [Command processor thread] INFO  commandhandler.CreatePipelineCommandHandler (CreatePipelineCommandHandler.java:handle(106)) - Created Pipeline RATIS ONE PipelineID=e0009cc1-7174-41c0-80f1-e6e87e6ce091.
2022-01-06 14:10:21,832 [Listener at 127.0.0.1/10228] INFO  ozone.MiniOzoneClusterImpl (MiniOzoneClusterImpl.java:lambda$waitForClusterToBeReady$0(235)) - Nodes are ready. Got 3 of 3 DN Heartbeats.
2022-01-06 14:10:21,833 [Listener at 127.0.0.1/10228] INFO  ozone.MiniOzoneClusterImpl (MiniOzoneClusterImpl.java:lambda$waitForClusterToBeReady$0(238)) - Waiting for cluster to exit safe mode
2022-01-06 14:10:21,833 [Listener at 127.0.0.1/10228] INFO  ozone.MiniOzoneClusterImpl (MiniOzoneClusterImpl.java:lambda$waitForClusterToBeReady$0(240)) - SCM became leader
2022-01-06 14:10:22,833 [Listener at 127.0.0.1/10228] INFO  ozone.MiniOzoneClusterImpl (MiniOzoneClusterImpl.java:lambda$waitForClusterToBeReady$0(235)) - Nodes are ready. Got 3 of 3 DN Heartbeats.
2022-01-06 14:10:22,833 [Listener at 127.0.0.1/10228] INFO  ozone.MiniOzoneClusterImpl (MiniOzoneClusterImpl.java:lambda$waitForClusterToBeReady$0(238)) - Waiting for cluster to exit safe mode
2022-01-06 14:10:22,833 [Listener at 127.0.0.1/10228] INFO  ozone.MiniOzoneClusterImpl (MiniOzoneClusterImpl.java:lambda$waitForClusterToBeReady$0(240)) - SCM became leader
2022-01-06 14:10:23,834 [Listener at 127.0.0.1/10228] INFO  ozone.MiniOzoneClusterImpl (MiniOzoneClusterImpl.java:lambda$waitForClusterToBeReady$0(235)) - Nodes are ready. Got 3 of 3 DN Heartbeats.
2022-01-06 14:10:23,834 [Listener at 127.0.0.1/10228] INFO  ozone.MiniOzoneClusterImpl (MiniOzoneClusterImpl.java:lambda$waitForClusterToBeReady$0(238)) - Waiting for cluster to exit safe mode
2022-01-06 14:10:23,834 [Listener at 127.0.0.1/10228] INFO  ozone.MiniOzoneClusterImpl (MiniOzoneClusterImpl.java:lambda$waitForClusterToBeReady$0(240)) - SCM became leader
2022-01-06 14:10:24,835 [Listener at 127.0.0.1/10228] INFO  ozone.MiniOzoneClusterImpl (MiniOzoneClusterImpl.java:lambda$waitForClusterToBeReady$0(235)) - Nodes are ready. Got 3 of 3 DN Heartbeats.
2022-01-06 14:10:24,835 [Listener at 127.0.0.1/10228] INFO  ozone.MiniOzoneClusterImpl (MiniOzoneClusterImpl.java:lambda$waitForClusterToBeReady$0(238)) - Waiting for cluster to exit safe mode
2022-01-06 14:10:24,835 [Listener at 127.0.0.1/10228] INFO  ozone.MiniOzoneClusterImpl (MiniOzoneClusterImpl.java:lambda$waitForClusterToBeReady$0(240)) - SCM became leader
2022-01-06 14:10:25,044 [e8cc3e65-88b3-42ee-a50c-79e48b3b2760@group-58C5DE752DEC-FollowerState] INFO  impl.FollowerState (FollowerState.java:run(134)) - e8cc3e65-88b3-42ee-a50c-79e48b3b2760@group-58C5DE752DEC-FollowerState: change to CANDIDATE, lastRpcElapsedTime:5070030158ns, electionTimeout:5069ms
2022-01-06 14:10:25,045 [e8cc3e65-88b3-42ee-a50c-79e48b3b2760@group-58C5DE752DEC-FollowerState] INFO  impl.RoleInfo (RoleInfo.java:shutdownFollowerState(108)) - e8cc3e65-88b3-42ee-a50c-79e48b3b2760: shutdown e8cc3e65-88b3-42ee-a50c-79e48b3b2760@group-58C5DE752DEC-FollowerState
2022-01-06 14:10:25,045 [e8cc3e65-88b3-42ee-a50c-79e48b3b2760@group-58C5DE752DEC-FollowerState] INFO  server.RaftServer$Division (RaftServerImpl.java:setRole(290)) - e8cc3e65-88b3-42ee-a50c-79e48b3b2760@group-58C5DE752DEC: changes role from  FOLLOWER to CANDIDATE at term 0 for changeToCandidate
2022-01-06 14:10:25,045 [e8cc3e65-88b3-42ee-a50c-79e48b3b2760@group-58C5DE752DEC-FollowerState] INFO  server.RaftServerConfigKeys (ConfUtils.java:logGet(44)) - raft.server.leaderelection.pre-vote = false (custom)
2022-01-06 14:10:25,045 [e8cc3e65-88b3-42ee-a50c-79e48b3b2760@group-58C5DE752DEC-FollowerState] INFO  impl.RoleInfo (RoleInfo.java:updateAndGet(130)) - e8cc3e65-88b3-42ee-a50c-79e48b3b2760: start e8cc3e65-88b3-42ee-a50c-79e48b3b2760@group-58C5DE752DEC-LeaderElection4
2022-01-06 14:10:25,049 [e8cc3e65-88b3-42ee-a50c-79e48b3b2760@group-58C5DE752DEC-LeaderElection4] INFO  impl.LeaderElection (LeaderElection.java:askForVotes(306)) - e8cc3e65-88b3-42ee-a50c-79e48b3b2760@group-58C5DE752DEC-LeaderElection4 ELECTION round 0: submit vote requests at term 1 for -1: [6122d92d-66bf-436e-946f-99b77373ac6d|rpc:10.1.0.7:45309|priority:0, e8cc3e65-88b3-42ee-a50c-79e48b3b2760|rpc:10.1.0.7:37863|priority:0, c7a42389-c056-48f2-a17d-b6f94138e9b4|rpc:10.1.0.7:39221|priority:1], old=null
2022-01-06 14:10:25,062 [6122d92d-66bf-436e-946f-99b77373ac6d@group-58C5DE752DEC-FollowerState] INFO  impl.FollowerState (FollowerState.java:run(134)) - 6122d92d-66bf-436e-946f-99b77373ac6d@group-58C5DE752DEC-FollowerState: change to CANDIDATE, lastRpcElapsedTime:5010782757ns, electionTimeout:5001ms
2022-01-06 14:10:25,063 [6122d92d-66bf-436e-946f-99b77373ac6d@group-58C5DE752DEC-FollowerState] INFO  impl.RoleInfo (RoleInfo.java:shutdownFollowerState(108)) - 6122d92d-66bf-436e-946f-99b77373ac6d: shutdown 6122d92d-66bf-436e-946f-99b77373ac6d@group-58C5DE752DEC-FollowerState
2022-01-06 14:10:25,063 [6122d92d-66bf-436e-946f-99b77373ac6d@group-58C5DE752DEC-FollowerState] INFO  server.RaftServer$Division (RaftServerImpl.java:setRole(290)) - 6122d92d-66bf-436e-946f-99b77373ac6d@group-58C5DE752DEC: changes role from  FOLLOWER to CANDIDATE at term 0 for changeToCandidate
2022-01-06 14:10:25,063 [6122d92d-66bf-436e-946f-99b77373ac6d@group-58C5DE752DEC-FollowerState] INFO  server.RaftServerConfigKeys (ConfUtils.java:logGet(44)) - raft.server.leaderelection.pre-vote = false (custom)
2022-01-06 14:10:25,063 [6122d92d-66bf-436e-946f-99b77373ac6d@group-58C5DE752DEC-FollowerState] INFO  impl.RoleInfo (RoleInfo.java:updateAndGet(130)) - 6122d92d-66bf-436e-946f-99b77373ac6d: start 6122d92d-66bf-436e-946f-99b77373ac6d@group-58C5DE752DEC-LeaderElection5
2022-01-06 14:10:25,067 [grpc-default-executor-1] INFO  server.RaftServer$Division (RaftServerImpl.java:requestVote(1046)) - 6122d92d-66bf-436e-946f-99b77373ac6d@group-58C5DE752DEC: receive requestVote(ELECTION, e8cc3e65-88b3-42ee-a50c-79e48b3b2760, group-58C5DE752DEC, 1, (t:0, i:0))
2022-01-06 14:10:25,073 [grpc-default-executor-1] INFO  impl.VoteContext (VoteContext.java:log(48)) - 6122d92d-66bf-436e-946f-99b77373ac6d@group-58C5DE752DEC-CANDIDATE: accept ELECTION from e8cc3e65-88b3-42ee-a50c-79e48b3b2760: our priority 0 <= candidate's priority 0
2022-01-06 14:10:25,073 [grpc-default-executor-1] INFO  server.RaftServer$Division (RaftServerImpl.java:setRole(290)) - 6122d92d-66bf-436e-946f-99b77373ac6d@group-58C5DE752DEC: changes role from CANDIDATE to FOLLOWER at term 1 for candidate:e8cc3e65-88b3-42ee-a50c-79e48b3b2760
2022-01-06 14:10:25,073 [grpc-default-executor-1] INFO  impl.RoleInfo (RoleInfo.java:shutdownLeaderElection(121)) - 6122d92d-66bf-436e-946f-99b77373ac6d: shutdown 6122d92d-66bf-436e-946f-99b77373ac6d@group-58C5DE752DEC-LeaderElection5
2022-01-06 14:10:25,073 [grpc-default-executor-1] INFO  impl.RoleInfo (RoleInfo.java:updateAndGet(130)) - 6122d92d-66bf-436e-946f-99b77373ac6d: start 6122d92d-66bf-436e-946f-99b77373ac6d@group-58C5DE752DEC-FollowerState
2022-01-06 14:10:25,073 [grpc-default-executor-5] INFO  server.RaftServer$Division (RaftServerImpl.java:requestVote(1046)) - c7a42389-c056-48f2-a17d-b6f94138e9b4@group-58C5DE752DEC: receive requestVote(ELECTION, e8cc3e65-88b3-42ee-a50c-79e48b3b2760, group-58C5DE752DEC, 1, (t:0, i:0))
2022-01-06 14:10:25,073 [grpc-default-executor-5] INFO  impl.VoteContext (VoteContext.java:log(48)) - c7a42389-c056-48f2-a17d-b6f94138e9b4@group-58C5DE752DEC-FOLLOWER: reject ELECTION from e8cc3e65-88b3-42ee-a50c-79e48b3b2760: our priority 1 > candidate's priority 0
2022-01-06 14:10:25,073 [grpc-default-executor-5] INFO  server.RaftServer$Division (RaftServerImpl.java:setRole(290)) - c7a42389-c056-48f2-a17d-b6f94138e9b4@group-58C5DE752DEC: changes role from  FOLLOWER to FOLLOWER at term 1 for candidate:e8cc3e65-88b3-42ee-a50c-79e48b3b2760
2022-01-06 14:10:25,073 [grpc-default-executor-5] INFO  impl.RoleInfo (RoleInfo.java:shutdownFollowerState(108)) - c7a42389-c056-48f2-a17d-b6f94138e9b4: shutdown c7a42389-c056-48f2-a17d-b6f94138e9b4@group-58C5DE752DEC-FollowerState
2022-01-06 14:10:25,073 [grpc-default-executor-5] INFO  impl.RoleInfo (RoleInfo.java:updateAndGet(130)) - c7a42389-c056-48f2-a17d-b6f94138e9b4: start c7a42389-c056-48f2-a17d-b6f94138e9b4@group-58C5DE752DEC-FollowerState
2022-01-06 14:10:25,073 [c7a42389-c056-48f2-a17d-b6f94138e9b4@group-58C5DE752DEC-FollowerState] INFO  impl.FollowerState (FollowerState.java:run(143)) - c7a42389-c056-48f2-a17d-b6f94138e9b4@group-58C5DE752DEC-FollowerState was interrupted: {}
java.lang.InterruptedException: sleep interrupted
	at java.lang.Thread.sleep(Native Method)
	at java.lang.Thread.sleep(Thread.java:340)
	at java.util.concurrent.TimeUnit.sleep(TimeUnit.java:386)
	at org.apache.ratis.util.TimeDuration.sleep(TimeDuration.java:324)
	at org.apache.ratis.util.TimeDuration.sleep(TimeDuration.java:309)
	at org.apache.ratis.server.impl.FollowerState.run(FollowerState.java:118)
2022-01-06 14:10:25,074 [grpc-default-executor-1] INFO  server.RaftServer$Division (RaftServerImpl.java:requestVote(1078)) - 6122d92d-66bf-436e-946f-99b77373ac6d@group-58C5DE752DEC replies to ELECTION vote request: e8cc3e65-88b3-42ee-a50c-79e48b3b2760<-6122d92d-66bf-436e-946f-99b77373ac6d#0:OK-t1. Peer's state: 6122d92d-66bf-436e-946f-99b77373ac6d@group-58C5DE752DEC:t1, leader=null, voted=e8cc3e65-88b3-42ee-a50c-79e48b3b2760, raftlog=6122d92d-66bf-436e-946f-99b77373ac6d@group-58C5DE752DEC-SegmentedRaftLog:OPENED:c-1, conf=-1: [6122d92d-66bf-436e-946f-99b77373ac6d|rpc:10.1.0.7:45309|dataStream:|priority:0, e8cc3e65-88b3-42ee-a50c-79e48b3b2760|rpc:10.1.0.7:37863|dataStream:|priority:0, c7a42389-c056-48f2-a17d-b6f94138e9b4|rpc:10.1.0.7:39221|dataStream:|priority:1], old=null
2022-01-06 14:10:25,083 [grpc-default-executor-5] INFO  server.RaftServer$Division (RaftServerImpl.java:requestVote(1078)) - c7a42389-c056-48f2-a17d-b6f94138e9b4@group-58C5DE752DEC replies to ELECTION vote request: e8cc3e65-88b3-42ee-a50c-79e48b3b2760<-c7a42389-c056-48f2-a17d-b6f94138e9b4#0:FAIL-t1. Peer's state: c7a42389-c056-48f2-a17d-b6f94138e9b4@group-58C5DE752DEC:t1, leader=null, voted=null, raftlog=c7a42389-c056-48f2-a17d-b6f94138e9b4@group-58C5DE752DEC-SegmentedRaftLog:OPENED:c-1, conf=-1: [6122d92d-66bf-436e-946f-99b77373ac6d|rpc:10.1.0.7:45309|dataStream:|priority:0, e8cc3e65-88b3-42ee-a50c-79e48b3b2760|rpc:10.1.0.7:37863|dataStream:|priority:0, c7a42389-c056-48f2-a17d-b6f94138e9b4|rpc:10.1.0.7:39221|dataStream:|priority:1], old=null
2022-01-06 14:10:25,084 [e8cc3e65-88b3-42ee-a50c-79e48b3b2760@group-58C5DE752DEC-LeaderElection4] INFO  impl.LeaderElection (LeaderElection.java:logAndReturn(89)) - e8cc3e65-88b3-42ee-a50c-79e48b3b2760@group-58C5DE752DEC-LeaderElection4: ELECTION REJECTED received 2 response(s) and 0 exception(s):
2022-01-06 14:10:25,085 [e8cc3e65-88b3-42ee-a50c-79e48b3b2760@group-58C5DE752DEC-LeaderElection4] INFO  impl.LeaderElection (LeaderElection.java:logAndReturn(93)) -   Response 0: e8cc3e65-88b3-42ee-a50c-79e48b3b2760<-6122d92d-66bf-436e-946f-99b77373ac6d#0:OK-t1
2022-01-06 14:10:25,085 [e8cc3e65-88b3-42ee-a50c-79e48b3b2760@group-58C5DE752DEC-LeaderElection4] INFO  impl.LeaderElection (LeaderElection.java:logAndReturn(93)) -   Response 1: e8cc3e65-88b3-42ee-a50c-79e48b3b2760<-c7a42389-c056-48f2-a17d-b6f94138e9b4#0:FAIL-t1
2022-01-06 14:10:25,085 [e8cc3e65-88b3-42ee-a50c-79e48b3b2760@group-58C5DE752DEC-LeaderElection4] INFO  impl.LeaderElection (LeaderElection.java:askForVotes(308)) - e8cc3e65-88b3-42ee-a50c-79e48b3b2760@group-58C5DE752DEC-LeaderElection4 ELECTION round 0: result REJECTED
2022-01-06 14:10:25,085 [e8cc3e65-88b3-42ee-a50c-79e48b3b2760@group-58C5DE752DEC-LeaderElection4] INFO  server.RaftServer$Division (RaftServerImpl.java:setRole(290)) - e8cc3e65-88b3-42ee-a50c-79e48b3b2760@group-58C5DE752DEC: changes role from CANDIDATE to FOLLOWER at term 1 for REJECTED
2022-01-06 14:10:25,086 [e8cc3e65-88b3-42ee-a50c-79e48b3b2760@group-58C5DE752DEC-LeaderElection4] INFO  impl.RoleInfo (RoleInfo.java:shutdownLeaderElection(121)) - e8cc3e65-88b3-42ee-a50c-79e48b3b2760: shutdown e8cc3e65-88b3-42ee-a50c-79e48b3b2760@group-58C5DE752DEC-LeaderElection4
2022-01-06 14:10:25,086 [e8cc3e65-88b3-42ee-a50c-79e48b3b2760@group-58C5DE752DEC-LeaderElection4] INFO  impl.RoleInfo (RoleInfo.java:updateAndGet(130)) - e8cc3e65-88b3-42ee-a50c-79e48b3b2760: start e8cc3e65-88b3-42ee-a50c-79e48b3b2760@group-58C5DE752DEC-FollowerState
2022-01-06 14:10:25,120 [e8cc3e65-88b3-42ee-a50c-79e48b3b2760@group-B58BEA83C43E-FollowerState] INFO  impl.FollowerState (FollowerState.java:run(134)) - e8cc3e65-88b3-42ee-a50c-79e48b3b2760@group-B58BEA83C43E-FollowerState: change to CANDIDATE, lastRpcElapsedTime:5178592959ns, electionTimeout:5176ms
2022-01-06 14:10:25,122 [e8cc3e65-88b3-42ee-a50c-79e48b3b2760@group-B58BEA83C43E-FollowerState] INFO  impl.RoleInfo (RoleInfo.java:shutdownFollowerState(108)) - e8cc3e65-88b3-42ee-a50c-79e48b3b2760: shutdown e8cc3e65-88b3-42ee-a50c-79e48b3b2760@group-B58BEA83C43E-FollowerState
2022-01-06 14:10:25,122 [e8cc3e65-88b3-42ee-a50c-79e48b3b2760@group-B58BEA83C43E-FollowerState] INFO  server.RaftServer$Division (RaftServerImpl.java:setRole(290)) - e8cc3e65-88b3-42ee-a50c-79e48b3b2760@group-B58BEA83C43E: changes role from  FOLLOWER to CANDIDATE at term 0 for changeToCandidate
2022-01-06 14:10:25,122 [e8cc3e65-88b3-42ee-a50c-79e48b3b2760@group-B58BEA83C43E-FollowerState] INFO  server.RaftServerConfigKeys (ConfUtils.java:logGet(44)) - raft.server.leaderelection.pre-vote = false (custom)
2022-01-06 14:10:25,122 [e8cc3e65-88b3-42ee-a50c-79e48b3b2760@group-B58BEA83C43E-FollowerState] INFO  impl.RoleInfo (RoleInfo.java:updateAndGet(130)) - e8cc3e65-88b3-42ee-a50c-79e48b3b2760: start e8cc3e65-88b3-42ee-a50c-79e48b3b2760@group-B58BEA83C43E-LeaderElection6
2022-01-06 14:10:25,126 [e8cc3e65-88b3-42ee-a50c-79e48b3b2760@group-B58BEA83C43E-LeaderElection6] INFO  impl.LeaderElection (LeaderElection.java:askForVotes(306)) - e8cc3e65-88b3-42ee-a50c-79e48b3b2760@group-B58BEA83C43E-LeaderElection6 ELECTION round 0: submit vote requests at term 1 for -1: [e8cc3e65-88b3-42ee-a50c-79e48b3b2760|rpc:10.1.0.7:37863|priority:1], old=null
2022-01-06 14:10:25,126 [e8cc3e65-88b3-42ee-a50c-79e48b3b2760@group-B58BEA83C43E-LeaderElection6] INFO  impl.LeaderElection (LeaderElection.java:askForVotes(308)) - e8cc3e65-88b3-42ee-a50c-79e48b3b2760@group-B58BEA83C43E-LeaderElection6 ELECTION round 0: result PASSED (term=1)
2022-01-06 14:10:25,127 [e8cc3e65-88b3-42ee-a50c-79e48b3b2760@group-B58BEA83C43E-LeaderElection6] INFO  impl.RoleInfo (RoleInfo.java:shutdownLeaderElection(121)) - e8cc3e65-88b3-42ee-a50c-79e48b3b2760: shutdown e8cc3e65-88b3-42ee-a50c-79e48b3b2760@group-B58BEA83C43E-LeaderElection6
2022-01-06 14:10:25,127 [e8cc3e65-88b3-42ee-a50c-79e48b3b2760@group-B58BEA83C43E-LeaderElection6] INFO  server.RaftServer$Division (RaftServerImpl.java:setRole(290)) - e8cc3e65-88b3-42ee-a50c-79e48b3b2760@group-B58BEA83C43E: changes role from CANDIDATE to LEADER at term 1 for changeToLeader
2022-01-06 14:10:25,128 [e8cc3e65-88b3-42ee-a50c-79e48b3b2760@group-B58BEA83C43E-LeaderElection6] INFO  ratis.XceiverServerRatis (XceiverServerRatis.java:handleLeaderChangedNotification(866)) - Leader change notification received for group: group-B58BEA83C43E with new leaderId: e8cc3e65-88b3-42ee-a50c-79e48b3b2760
2022-01-06 14:10:25,128 [e8cc3e65-88b3-42ee-a50c-79e48b3b2760@group-B58BEA83C43E-LeaderElection6] INFO  server.RaftServer$Division (ServerState.java:setLeader(285)) - e8cc3e65-88b3-42ee-a50c-79e48b3b2760@group-B58BEA83C43E: change Leader from null to e8cc3e65-88b3-42ee-a50c-79e48b3b2760 at term 1 for becomeLeader, leader elected after 5203ms
2022-01-06 14:10:25,128 [e8cc3e65-88b3-42ee-a50c-79e48b3b2760@group-B58BEA83C43E-LeaderElection6] INFO  server.RaftServerConfigKeys (ConfUtils.java:logGet(44)) - raft.server.staging.catchup.gap = 1000 (default)
2022-01-06 14:10:25,132 [EventQueue-OpenPipelineForHealthyPipelineSafeModeRule] INFO  safemode.SCMSafeModeManager (HealthyPipelineSafeModeRule.java:process(124)) - SCM in safe mode. Healthy pipelines reported count is 0, required healthy pipeline reported count is 1
2022-01-06 14:10:25,132 [e8cc3e65-88b3-42ee-a50c-79e48b3b2760@group-B58BEA83C43E-LeaderElection6] INFO  server.RaftServerConfigKeys (ConfUtils.java:logGet(44)) - raft.server.write.element-limit = 1024 (custom)
2022-01-06 14:10:25,132 [e8cc3e65-88b3-42ee-a50c-79e48b3b2760@group-B58BEA83C43E-LeaderElection6] INFO  server.RaftServerConfigKeys (ConfUtils.java:logGet(44)) - raft.server.write.byte-limit = 1024 M (=1073741824) (custom)
2022-01-06 14:10:25,132 [e8cc3e65-88b3-42ee-a50c-79e48b3b2760@group-B58BEA83C43E-LeaderElection6] INFO  server.RaftServerConfigKeys (ConfUtils.java:logGet(44)) - raft.server.watch.timeout = 180s (custom)
2022-01-06 14:10:25,132 [e8cc3e65-88b3-42ee-a50c-79e48b3b2760@group-B58BEA83C43E-LeaderElection6] INFO  server.RaftServerConfigKeys (ConfUtils.java:logGet(44)) - raft.server.watch.timeout.denomination = 1s (default)
2022-01-06 14:10:25,132 [e8cc3e65-88b3-42ee-a50c-79e48b3b2760@group-B58BEA83C43E-LeaderElection6] INFO  server.RaftServerConfigKeys (ConfUtils.java:logGet(44)) - raft.server.watch.element-limit = 65536 (default)
2022-01-06 14:10:25,132 [e8cc3e65-88b3-42ee-a50c-79e48b3b2760@group-B58BEA83C43E-LeaderElection6] INFO  server.RaftServerConfigKeys (ConfUtils.java:logGet(44)) - raft.server.write.element-limit = 1024 (custom)
2022-01-06 14:10:25,133 [e8cc3e65-88b3-42ee-a50c-79e48b3b2760@group-B58BEA83C43E-LeaderElection6] INFO  server.RaftServerConfigKeys (ConfUtils.java:logGet(44)) - raft.server.write.follower.gap.ratio.max = -1.0 (default)
2022-01-06 14:10:25,133 [e8cc3e65-88b3-42ee-a50c-79e48b3b2760@group-B58BEA83C43E-LeaderElection6] INFO  impl.RoleInfo (RoleInfo.java:updateAndGet(130)) - e8cc3e65-88b3-42ee-a50c-79e48b3b2760: start e8cc3e65-88b3-42ee-a50c-79e48b3b2760@group-B58BEA83C43E-LeaderStateImpl
2022-01-06 14:10:25,133 [e8cc3e65-88b3-42ee-a50c-79e48b3b2760@group-B58BEA83C43E-LeaderElection6] INFO  segmented.SegmentedRaftLogWorker (SegmentedRaftLogWorker.java:startLogSegment(394)) - e8cc3e65-88b3-42ee-a50c-79e48b3b2760@group-B58BEA83C43E-SegmentedRaftLogWorker: Starting segment from index:0
2022-01-06 14:10:25,134 [e8cc3e65-88b3-42ee-a50c-79e48b3b2760@group-B58BEA83C43E-SegmentedRaftLogWorker] INFO  segmented.SegmentedRaftLogWorker (SegmentedRaftLogWorker.java:execute(601)) - e8cc3e65-88b3-42ee-a50c-79e48b3b2760@group-B58BEA83C43E-SegmentedRaftLogWorker: created new log segment /home/runner/work/ozone/ozone/hadoop-ozone/integration-test/target/test-dir/MiniOzoneClusterImpl-fc1c6399-de52-4149-9dd2-17a3712db231/datanode-0/data/ratis/5f049047-23d5-4a06-888a-b58bea83c43e/current/log_inprogress_0
2022-01-06 14:10:25,142 [e8cc3e65-88b3-42ee-a50c-79e48b3b2760@group-B58BEA83C43E-LeaderElection6] INFO  server.RaftServer$Division (ServerState.java:setRaftConf(387)) - e8cc3e65-88b3-42ee-a50c-79e48b3b2760@group-B58BEA83C43E: set configuration 0: [e8cc3e65-88b3-42ee-a50c-79e48b3b2760|rpc:10.1.0.7:37863|dataStream:|priority:1], old=null
2022-01-06 14:10:25,253 [e8cc3e65-88b3-42ee-a50c-79e48b3b2760@group-B72ACA344B95-FollowerState] INFO  impl.FollowerState (FollowerState.java:run(134)) - e8cc3e65-88b3-42ee-a50c-79e48b3b2760@group-B72ACA344B95-FollowerState: change to CANDIDATE, lastRpcElapsedTime:5095141752ns, electionTimeout:5093ms
2022-01-06 14:10:25,254 [e8cc3e65-88b3-42ee-a50c-79e48b3b2760@group-B72ACA344B95-FollowerState] INFO  impl.RoleInfo (RoleInfo.java:shutdownFollowerState(108)) - e8cc3e65-88b3-42ee-a50c-79e48b3b2760: shutdown e8cc3e65-88b3-42ee-a50c-79e48b3b2760@group-B72ACA344B95-FollowerState
2022-01-06 14:10:25,254 [e8cc3e65-88b3-42ee-a50c-79e48b3b2760@group-B72ACA344B95-FollowerState] INFO  server.RaftServer$Division (RaftServerImpl.java:setRole(290)) - e8cc3e65-88b3-42ee-a50c-79e48b3b2760@group-B72ACA344B95: changes role from  FOLLOWER to CANDIDATE at term 0 for changeToCandidate
2022-01-06 14:10:25,254 [e8cc3e65-88b3-42ee-a50c-79e48b3b2760@group-B72ACA344B95-FollowerState] INFO  server.RaftServerConfigKeys (ConfUtils.java:logGet(44)) - raft.server.leaderelection.pre-vote = false (custom)
2022-01-06 14:10:25,254 [e8cc3e65-88b3-42ee-a50c-79e48b3b2760@group-B72ACA344B95-FollowerState] INFO  impl.RoleInfo (RoleInfo.java:updateAndGet(130)) - e8cc3e65-88b3-42ee-a50c-79e48b3b2760: start e8cc3e65-88b3-42ee-a50c-79e48b3b2760@group-B72ACA344B95-LeaderElection7
2022-01-06 14:10:25,260 [e8cc3e65-88b3-42ee-a50c-79e48b3b2760@group-B72ACA344B95-LeaderElection7] INFO  impl.LeaderElection (LeaderElection.java:askForVotes(306)) - e8cc3e65-88b3-42ee-a50c-79e48b3b2760@group-B72ACA344B95-LeaderElection7 ELECTION round 0: submit vote requests at term 1 for -1: [6122d92d-66bf-436e-946f-99b77373ac6d|rpc:10.1.0.7:45309|priority:0, e8cc3e65-88b3-42ee-a50c-79e48b3b2760|rpc:10.1.0.7:37863|priority:1, c7a42389-c056-48f2-a17d-b6f94138e9b4|rpc:10.1.0.7:39221|priority:0], old=null
2022-01-06 14:10:25,262 [grpc-default-executor-5] INFO  server.RaftServer$Division (RaftServerImpl.java:requestVote(1046)) - c7a42389-c056-48f2-a17d-b6f94138e9b4@group-B72ACA344B95: receive requestVote(ELECTION, e8cc3e65-88b3-42ee-a50c-79e48b3b2760, group-B72ACA344B95, 1, (t:0, i:0))
2022-01-06 14:10:25,263 [grpc-default-executor-5] INFO  impl.VoteContext (VoteContext.java:log(48)) - c7a42389-c056-48f2-a17d-b6f94138e9b4@group-B72ACA344B95-FOLLOWER: accept ELECTION from e8cc3e65-88b3-42ee-a50c-79e48b3b2760: our priority 0 <= candidate's priority 1
2022-01-06 14:10:25,263 [grpc-default-executor-5] INFO  server.RaftServer$Division (RaftServerImpl.java:setRole(290)) - c7a42389-c056-48f2-a17d-b6f94138e9b4@group-B72ACA344B95: changes role from  FOLLOWER to FOLLOWER at term 1 for candidate:e8cc3e65-88b3-42ee-a50c-79e48b3b2760
2022-01-06 14:10:25,263 [grpc-default-executor-5] INFO  impl.RoleInfo (RoleInfo.java:shutdownFollowerState(108)) - c7a42389-c056-48f2-a17d-b6f94138e9b4: shutdown c7a42389-c056-48f2-a17d-b6f94138e9b4@group-B72ACA344B95-FollowerState
2022-01-06 14:10:25,263 [grpc-default-executor-5] INFO  impl.RoleInfo (RoleInfo.java:updateAndGet(130)) - c7a42389-c056-48f2-a17d-b6f94138e9b4: start c7a42389-c056-48f2-a17d-b6f94138e9b4@group-B72ACA344B95-FollowerState
2022-01-06 14:10:25,263 [c7a42389-c056-48f2-a17d-b6f94138e9b4@group-B72ACA344B95-FollowerState] INFO  impl.FollowerState (FollowerState.java:run(143)) - c7a42389-c056-48f2-a17d-b6f94138e9b4@group-B72ACA344B95-FollowerState was interrupted: {}
java.lang.InterruptedException: sleep interrupted
	at java.lang.Thread.sleep(Native Method)
	at java.lang.Thread.sleep(Thread.java:340)
	at java.util.concurrent.TimeUnit.sleep(TimeUnit.java:386)
	at org.apache.ratis.util.TimeDuration.sleep(TimeDuration.java:324)
	at org.apache.ratis.util.TimeDuration.sleep(TimeDuration.java:309)
	at org.apache.ratis.server.impl.FollowerState.run(FollowerState.java:118)
2022-01-06 14:10:25,265 [grpc-default-executor-5] INFO  server.RaftServer$Division (RaftServerImpl.java:requestVote(1078)) - c7a42389-c056-48f2-a17d-b6f94138e9b4@group-B72ACA344B95 replies to ELECTION vote request: e8cc3e65-88b3-42ee-a50c-79e48b3b2760<-c7a42389-c056-48f2-a17d-b6f94138e9b4#0:OK-t1. Peer's state: c7a42389-c056-48f2-a17d-b6f94138e9b4@group-B72ACA344B95:t1, leader=null, voted=e8cc3e65-88b3-42ee-a50c-79e48b3b2760, raftlog=c7a42389-c056-48f2-a17d-b6f94138e9b4@group-B72ACA344B95-SegmentedRaftLog:OPENED:c-1, conf=-1: [6122d92d-66bf-436e-946f-99b77373ac6d|rpc:10.1.0.7:45309|dataStream:|priority:0, e8cc3e65-88b3-42ee-a50c-79e48b3b2760|rpc:10.1.0.7:37863|dataStream:|priority:1, c7a42389-c056-48f2-a17d-b6f94138e9b4|rpc:10.1.0.7:39221|dataStream:|priority:0], old=null
2022-01-06 14:10:25,268 [grpc-default-executor-1] INFO  server.RaftServer$Division (RaftServerImpl.java:requestVote(1046)) - 6122d92d-66bf-436e-946f-99b77373ac6d@group-B72ACA344B95: receive requestVote(ELECTION, e8cc3e65-88b3-42ee-a50c-79e48b3b2760, group-B72ACA344B95, 1, (t:0, i:0))
2022-01-06 14:10:25,268 [e8cc3e65-88b3-42ee-a50c-79e48b3b2760@group-B72ACA344B95-LeaderElection7] INFO  impl.LeaderElection (LeaderElection.java:logAndReturn(89)) - e8cc3e65-88b3-42ee-a50c-79e48b3b2760@group-B72ACA344B95-LeaderElection7: ELECTION PASSED received 1 response(s) and 0 exception(s):
2022-01-06 14:10:25,269 [e8cc3e65-88b3-42ee-a50c-79e48b3b2760@group-B72ACA344B95-LeaderElection7] INFO  impl.LeaderElection (LeaderElection.java:logAndReturn(93)) -   Response 0: e8cc3e65-88b3-42ee-a50c-79e48b3b2760<-c7a42389-c056-48f2-a17d-b6f94138e9b4#0:OK-t1
2022-01-06 14:10:25,269 [grpc-default-executor-1] INFO  impl.VoteContext (VoteContext.java:log(48)) - 6122d92d-66bf-436e-946f-99b77373ac6d@group-B72ACA344B95-FOLLOWER: accept ELECTION from e8cc3e65-88b3-42ee-a50c-79e48b3b2760: our priority 0 <= candidate's priority 1
2022-01-06 14:10:25,269 [e8cc3e65-88b3-42ee-a50c-79e48b3b2760@group-B72ACA344B95-LeaderElection7] INFO  impl.LeaderElection (LeaderElection.java:askForVotes(308)) - e8cc3e65-88b3-42ee-a50c-79e48b3b2760@group-B72ACA344B95-LeaderElection7 ELECTION round 0: result PASSED
2022-01-06 14:10:25,269 [e8cc3e65-88b3-42ee-a50c-79e48b3b2760@group-B72ACA344B95-LeaderElection7] INFO  impl.RoleInfo (RoleInfo.java:shutdownLeaderElection(121)) - e8cc3e65-88b3-42ee-a50c-79e48b3b2760: shutdown e8cc3e65-88b3-42ee-a50c-79e48b3b2760@group-B72ACA344B95-LeaderElection7
2022-01-06 14:10:25,269 [grpc-default-executor-1] INFO  server.RaftServer$Division (RaftServerImpl.java:setRole(290)) - 6122d92d-66bf-436e-946f-99b77373ac6d@group-B72ACA344B95: changes role from  FOLLOWER to FOLLOWER at term 1 for candidate:e8cc3e65-88b3-42ee-a50c-79e48b3b2760
2022-01-06 14:10:25,269 [e8cc3e65-88b3-42ee-a50c-79e48b3b2760@group-B72ACA344B95-LeaderElection7] INFO  server.RaftServer$Division (RaftServerImpl.java:setRole(290)) - e8cc3e65-88b3-42ee-a50c-79e48b3b2760@group-B72ACA344B95: changes role from CANDIDATE to LEADER at term 1 for changeToLeader
2022-01-06 14:10:25,269 [grpc-default-executor-1] INFO  impl.RoleInfo (RoleInfo.java:shutdownFollowerState(108)) - 6122d92d-66bf-436e-946f-99b77373ac6d: shutdown 6122d92d-66bf-436e-946f-99b77373ac6d@group-B72ACA344B95-FollowerState
2022-01-06 14:10:25,269 [e8cc3e65-88b3-42ee-a50c-79e48b3b2760@group-B72ACA344B95-LeaderElection7] INFO  ratis.XceiverServerRatis (XceiverServerRatis.java:handleLeaderChangedNotification(866)) - Leader change notification received for group: group-B72ACA344B95 with new leaderId: e8cc3e65-88b3-42ee-a50c-79e48b3b2760
2022-01-06 14:10:25,269 [6122d92d-66bf-436e-946f-99b77373ac6d@group-B72ACA344B95-FollowerState] INFO  impl.FollowerState (FollowerState.java:run(143)) - 6122d92d-66bf-436e-946f-99b77373ac6d@group-B72ACA344B95-FollowerState was interrupted: {}
java.lang.InterruptedException: sleep interrupted
	at java.lang.Thread.sleep(Native Method)
	at java.lang.Thread.sleep(Thread.java:340)
	at java.util.concurrent.TimeUnit.sleep(TimeUnit.java:386)
	at org.apache.ratis.util.TimeDuration.sleep(TimeDuration.java:324)
	at org.apache.ratis.util.TimeDuration.sleep(TimeDuration.java:309)
	at org.apache.ratis.server.impl.FollowerState.run(FollowerState.java:118)
2022-01-06 14:10:25,270 [e8cc3e65-88b3-42ee-a50c-79e48b3b2760@group-B72ACA344B95-LeaderElection7] INFO  server.RaftServer$Division (ServerState.java:setLeader(285)) - e8cc3e65-88b3-42ee-a50c-79e48b3b2760@group-B72ACA344B95: change Leader from null to e8cc3e65-88b3-42ee-a50c-79e48b3b2760 at term 1 for becomeLeader, leader elected after 5124ms
2022-01-06 14:10:25,270 [e8cc3e65-88b3-42ee-a50c-79e48b3b2760@group-B72ACA344B95-LeaderElection7] INFO  server.RaftServerConfigKeys (ConfUtils.java:logGet(44)) - raft.server.staging.catchup.gap = 1000 (default)
2022-01-06 14:10:25,270 [e8cc3e65-88b3-42ee-a50c-79e48b3b2760@group-B72ACA344B95-LeaderElection7] INFO  server.RaftServerConfigKeys (ConfUtils.java:logGet(44)) - raft.server.write.element-limit = 1024 (custom)
2022-01-06 14:10:25,270 [e8cc3e65-88b3-42ee-a50c-79e48b3b2760@group-B72ACA344B95-LeaderElection7] INFO  server.RaftServerConfigKeys (ConfUtils.java:logGet(44)) - raft.server.write.byte-limit = 1024 M (=1073741824) (custom)
2022-01-06 14:10:25,270 [e8cc3e65-88b3-42ee-a50c-79e48b3b2760@group-B72ACA344B95-LeaderElection7] INFO  server.RaftServerConfigKeys (ConfUtils.java:logGet(44)) - raft.server.watch.timeout = 180s (custom)
2022-01-06 14:10:25,270 [e8cc3e65-88b3-42ee-a50c-79e48b3b2760@group-B72ACA344B95-LeaderElection7] INFO  server.RaftServerConfigKeys (ConfUtils.java:logGet(44)) - raft.server.watch.timeout.denomination = 1s (default)
2022-01-06 14:10:25,270 [e8cc3e65-88b3-42ee-a50c-79e48b3b2760@group-B72ACA344B95-LeaderElection7] INFO  server.RaftServerConfigKeys (ConfUtils.java:logGet(44)) - raft.server.watch.element-limit = 65536 (default)
2022-01-06 14:10:25,269 [grpc-default-executor-1] INFO  impl.RoleInfo (RoleInfo.java:updateAndGet(130)) - 6122d92d-66bf-436e-946f-99b77373ac6d: start 6122d92d-66bf-436e-946f-99b77373ac6d@group-B72ACA344B95-FollowerState
2022-01-06 14:10:25,271 [e8cc3e65-88b3-42ee-a50c-79e48b3b2760@group-B72ACA344B95-LeaderElection7] INFO  server.RaftServerConfigKeys (ConfUtils.java:logGet(44)) - raft.server.write.element-limit = 1024 (custom)
2022-01-06 14:10:25,272 [e8cc3e65-88b3-42ee-a50c-79e48b3b2760@group-B72ACA344B95-LeaderElection7] INFO  server.RaftServerConfigKeys (ConfUtils.java:logGet(44)) - raft.server.write.follower.gap.ratio.max = -1.0 (default)
2022-01-06 14:10:25,272 [e8cc3e65-88b3-42ee-a50c-79e48b3b2760@group-B72ACA344B95-LeaderElection7] INFO  server.RaftServerConfigKeys (ConfUtils.java:logGet(44)) - raft.server.log.appender.snapshot.chunk.size.max = 16MB (=16777216) (default)
2022-01-06 14:10:25,272 [e8cc3e65-88b3-42ee-a50c-79e48b3b2760@group-B72ACA344B95-LeaderElection7] INFO  server.RaftServerConfigKeys (ConfUtils.java:logGet(44)) - raft.server.log.appender.buffer.byte-limit = 33554432 (custom)
2022-01-06 14:10:25,272 [e8cc3e65-88b3-42ee-a50c-79e48b3b2760@group-B72ACA344B95-LeaderElection7] INFO  server.RaftServerConfigKeys (ConfUtils.java:logGet(44)) - raft.server.log.appender.buffer.element-limit = 1 (custom)
2022-01-06 14:10:25,272 [e8cc3e65-88b3-42ee-a50c-79e48b3b2760@group-B72ACA344B95-LeaderElection7] INFO  grpc.GrpcConfigKeys (ConfUtils.java:logGet(44)) - raft.grpc.server.leader.outstanding.appends.max = 128 (default)
2022-01-06 14:10:25,273 [e8cc3e65-88b3-42ee-a50c-79e48b3b2760@group-B72ACA344B95-LeaderElection7] INFO  server.RaftServerConfigKeys (ConfUtils.java:logGet(44)) - raft.server.rpc.request.timeout = 60s (custom)
2022-01-06 14:10:25,273 [e8cc3e65-88b3-42ee-a50c-79e48b3b2760@group-B72ACA344B95-LeaderElection7] INFO  server.RaftServerConfigKeys (ConfUtils.java:logGet(44)) - raft.server.log.appender.install.snapshot.enabled = false (custom)
2022-01-06 14:10:25,273 [EventQueue-OpenPipelineForHealthyPipelineSafeModeRule] INFO  safemode.SCMSafeModeManager (HealthyPipelineSafeModeRule.java:process(124)) - SCM in safe mode. Healthy pipelines reported count is 0, required healthy pipeline reported count is 1
2022-01-06 14:10:25,273 [EventQueue-PipelineReportForPipelineReportHandler] INFO  pipeline.PipelineManagerImpl (PipelineManagerImpl.java:openPipeline(291)) - Pipeline Pipeline[ Id: b4ceab46-45ad-4b52-84d3-b72aca344b95, Nodes: e8cc3e65-88b3-42ee-a50c-79e48b3b2760{ip: 10.1.0.7, host: fv-az297-741.nmf1rxwemy4u5di1sxxf4ejcwb.jx.internal.cloudapp.net, ports: [REPLICATION=40053, RATIS=37863, RATIS_ADMIN=37863, RATIS_SERVER=37863, STANDALONE=39175], networkLocation: /default-rack, certSerialId: null, persistedOpState: IN_SERVICE, persistedOpStateExpiryEpochSec: 0}c7a42389-c056-48f2-a17d-b6f94138e9b4{ip: 10.1.0.7, host: fv-az297-741.nmf1rxwemy4u5di1sxxf4ejcwb.jx.internal.cloudapp.net, ports: [REPLICATION=38255, RATIS=39221, RATIS_ADMIN=39221, RATIS_SERVER=39221, STANDALONE=41749], networkLocation: /default-rack, certSerialId: null, persistedOpState: IN_SERVICE, persistedOpStateExpiryEpochSec: 0}6122d92d-66bf-436e-946f-99b77373ac6d{ip: 10.1.0.7, host: fv-az297-741.nmf1rxwemy4u5di1sxxf4ejcwb.jx.internal.cloudapp.net, ports: [REPLICATION=34155, RATIS=45309, RATIS_ADMIN=45309, RATIS_SERVER=45309, STANDALONE=46751], networkLocation: /default-rack, certSerialId: null, persistedOpState: IN_SERVICE, persistedOpStateExpiryEpochSec: 0}, ReplicationConfig: RATIS/THREE, State:ALLOCATED, leaderId:e8cc3e65-88b3-42ee-a50c-79e48b3b2760, CreationTimestamp2022-01-06T14:10:17.846Z[Etc/UTC]] moved to OPEN state
2022-01-06 14:10:25,273 [e8cc3e65-88b3-42ee-a50c-79e48b3b2760@group-B72ACA344B95-LeaderElection7] INFO  server.RaftServerConfigKeys (ConfUtils.java:logGet(44)) - raft.server.log.appender.snapshot.chunk.size.max = 16MB (=16777216) (default)
2022-01-06 14:10:25,274 [e8cc3e65-88b3-42ee-a50c-79e48b3b2760@group-B72ACA344B95-LeaderElection7] INFO  server.RaftServerConfigKeys (ConfUtils.java:logGet(44)) - raft.server.log.appender.buffer.byte-limit = 33554432 (custom)
2022-01-06 14:10:25,274 [e8cc3e65-88b3-42ee-a50c-79e48b3b2760@group-B72ACA344B95-LeaderElection7] INFO  server.RaftServerConfigKeys (ConfUtils.java:logGet(44)) - raft.server.log.appender.buffer.element-limit = 1 (custom)
2022-01-06 14:10:25,274 [e8cc3e65-88b3-42ee-a50c-79e48b3b2760@group-B72ACA344B95-LeaderElection7] INFO  grpc.GrpcConfigKeys (ConfUtils.java:logGet(44)) - raft.grpc.server.leader.outstanding.appends.max = 128 (default)
2022-01-06 14:10:25,274 [e8cc3e65-88b3-42ee-a50c-79e48b3b2760@group-B72ACA344B95-LeaderElection7] INFO  server.RaftServerConfigKeys (ConfUtils.java:logGet(44)) - raft.server.rpc.request.timeout = 60s (custom)
2022-01-06 14:10:25,274 [e8cc3e65-88b3-42ee-a50c-79e48b3b2760@group-B72ACA344B95-LeaderElection7] INFO  server.RaftServerConfigKeys (ConfUtils.java:logGet(44)) - raft.server.log.appender.install.snapshot.enabled = false (custom)
2022-01-06 14:10:25,275 [grpc-default-executor-1] INFO  server.RaftServer$Division (RaftServerImpl.java:requestVote(1078)) - 6122d92d-66bf-436e-946f-99b77373ac6d@group-B72ACA344B95 replies to ELECTION vote request: e8cc3e65-88b3-42ee-a50c-79e48b3b2760<-6122d92d-66bf-436e-946f-99b77373ac6d#0:OK-t1. Peer's state: 6122d92d-66bf-436e-946f-99b77373ac6d@group-B72ACA344B95:t1, leader=null, voted=e8cc3e65-88b3-42ee-a50c-79e48b3b2760, raftlog=6122d92d-66bf-436e-946f-99b77373ac6d@group-B72ACA344B95-SegmentedRaftLog:OPENED:c-1, conf=-1: [6122d92d-66bf-436e-946f-99b77373ac6d|rpc:10.1.0.7:45309|dataStream:|priority:0, e8cc3e65-88b3-42ee-a50c-79e48b3b2760|rpc:10.1.0.7:37863|dataStream:|priority:1, c7a42389-c056-48f2-a17d-b6f94138e9b4|rpc:10.1.0.7:39221|dataStream:|priority:0], old=null
2022-01-06 14:10:25,275 [e8cc3e65-88b3-42ee-a50c-79e48b3b2760@group-B72ACA344B95-LeaderElection7] INFO  impl.RoleInfo (RoleInfo.java:updateAndGet(130)) - e8cc3e65-88b3-42ee-a50c-79e48b3b2760: start e8cc3e65-88b3-42ee-a50c-79e48b3b2760@group-B72ACA344B95-LeaderStateImpl
2022-01-06 14:10:25,276 [e8cc3e65-88b3-42ee-a50c-79e48b3b2760@group-B72ACA344B95-LeaderElection7] INFO  segmented.SegmentedRaftLogWorker (SegmentedRaftLogWorker.java:startLogSegment(394)) - e8cc3e65-88b3-42ee-a50c-79e48b3b2760@group-B72ACA344B95-SegmentedRaftLogWorker: Starting segment from index:0
2022-01-06 14:10:25,275 [EventQueue-OpenPipelineForHealthyPipelineSafeModeRule] INFO  safemode.SCMSafeModeManager (HealthyPipelineSafeModeRule.java:process(124)) - SCM in safe mode. Healthy pipelines reported count is 1, required healthy pipeline reported count is 1
2022-01-06 14:10:25,285 [e8cc3e65-88b3-42ee-a50c-79e48b3b2760@group-B72ACA344B95-SegmentedRaftLogWorker] INFO  segmented.SegmentedRaftLogWorker (SegmentedRaftLogWorker.java:execute(601)) - e8cc3e65-88b3-42ee-a50c-79e48b3b2760@group-B72ACA344B95-SegmentedRaftLogWorker: created new log segment /home/runner/work/ozone/ozone/hadoop-ozone/integration-test/target/test-dir/MiniOzoneClusterImpl-fc1c6399-de52-4149-9dd2-17a3712db231/datanode-0/data/ratis/b4ceab46-45ad-4b52-84d3-b72aca344b95/current/log_inprogress_0
2022-01-06 14:10:25,286 [EventQueue-OpenPipelineForHealthyPipelineSafeModeRule] INFO  safemode.SCMSafeModeManager (SCMSafeModeManager.java:validateSafeModeExitRules(204)) - HealthyPipelineSafeModeRule rule is successfully validated
2022-01-06 14:10:25,286 [EventQueue-OpenPipelineForHealthyPipelineSafeModeRule] INFO  safemode.SCMSafeModeManager (SCMSafeModeManager.java:validateSafeModeExitRules(219)) - ScmSafeModeManager, all rules are successfully validated
2022-01-06 14:10:25,286 [EventQueue-OpenPipelineForHealthyPipelineSafeModeRule] INFO  safemode.SCMSafeModeManager (SCMSafeModeManager.java:exitSafeMode(248)) - SCM exiting safe mode.
2022-01-06 14:10:25,287 [EventQueue-OpenPipelineForHealthyPipelineSafeModeRule] WARN  events.EventQueue (EventQueue.java:fireEvent(194)) - No event handler registered for event TypedEvent{payloadType=SafeModeStatus, name='Safe mode status'}
2022-01-06 14:10:25,287 [EventQueue-OpenPipelineForHealthyPipelineSafeModeRule] INFO  ha.SCMContext (SCMContext.java:updateSafeModeStatus(211)) - Update SafeModeStatus from SafeModeStatus{safeModeStatus=true, preCheckPassed=true} to SafeModeStatus{safeModeStatus=false, preCheckPassed=true}.
2022-01-06 14:10:25,287 [EventQueue-OpenPipelineForHealthyPipelineSafeModeRule] INFO  pipeline.BackgroundPipelineCreator (BackgroundPipelineCreator.java:notifyStatusChanged(264)) - Service BackgroundPipelineCreator transitions to RUNNING.
2022-01-06 14:10:25,287 [EventQueue-OpenPipelineForHealthyPipelineSafeModeRule] INFO  container.ReplicationManager (ReplicationManager.java:notifyStatusChanged(1758)) - Service ReplicationManager transitions to RUNNING.
2022-01-06 14:10:25,295 [e8cc3e65-88b3-42ee-a50c-79e48b3b2760@group-B72ACA344B95-LeaderElection7] INFO  server.RaftServer$Division (ServerState.java:setRaftConf(387)) - e8cc3e65-88b3-42ee-a50c-79e48b3b2760@group-B72ACA344B95: set configuration 0: [6122d92d-66bf-436e-946f-99b77373ac6d|rpc:10.1.0.7:45309|dataStream:|priority:0, e8cc3e65-88b3-42ee-a50c-79e48b3b2760|rpc:10.1.0.7:37863|dataStream:|priority:1, c7a42389-c056-48f2-a17d-b6f94138e9b4|rpc:10.1.0.7:39221|dataStream:|priority:0], old=null
2022-01-06 14:10:25,295 [grpc-default-executor-5] INFO  ratis.XceiverServerRatis (XceiverServerRatis.java:handleLeaderChangedNotification(866)) - Leader change notification received for group: group-B72ACA344B95 with new leaderId: e8cc3e65-88b3-42ee-a50c-79e48b3b2760
2022-01-06 14:10:25,295 [grpc-default-executor-5] INFO  server.RaftServer$Division (ServerState.java:setLeader(285)) - 6122d92d-66bf-436e-946f-99b77373ac6d@group-B72ACA344B95: change Leader from null to e8cc3e65-88b3-42ee-a50c-79e48b3b2760 at term 1 for appendEntries, leader elected after 5084ms
2022-01-06 14:10:25,304 [grpc-default-executor-1] INFO  ratis.XceiverServerRatis (XceiverServerRatis.java:handleLeaderChangedNotification(866)) - Leader change notification received for group: group-B72ACA344B95 with new leaderId: e8cc3e65-88b3-42ee-a50c-79e48b3b2760
2022-01-06 14:10:25,304 [grpc-default-executor-1] INFO  server.RaftServer$Division (ServerState.java:setLeader(285)) - c7a42389-c056-48f2-a17d-b6f94138e9b4@group-B72ACA344B95: change Leader from null to e8cc3e65-88b3-42ee-a50c-79e48b3b2760 at term 1 for appendEntries, leader elected after 5124ms
2022-01-06 14:10:25,305 [grpc-default-executor-5] INFO  server.RaftServer$Division (ServerState.java:setRaftConf(387)) - 6122d92d-66bf-436e-946f-99b77373ac6d@group-B72ACA344B95: set configuration 0: [6122d92d-66bf-436e-946f-99b77373ac6d|rpc:10.1.0.7:45309|dataStream:|priority:0, e8cc3e65-88b3-42ee-a50c-79e48b3b2760|rpc:10.1.0.7:37863|dataStream:|priority:1, c7a42389-c056-48f2-a17d-b6f94138e9b4|rpc:10.1.0.7:39221|dataStream:|priority:0], old=null
2022-01-06 14:10:25,305 [grpc-default-executor-5] INFO  segmented.SegmentedRaftLogWorker (SegmentedRaftLogWorker.java:startLogSegment(394)) - 6122d92d-66bf-436e-946f-99b77373ac6d@group-B72ACA344B95-SegmentedRaftLogWorker: Starting segment from index:0
2022-01-06 14:10:25,307 [6122d92d-66bf-436e-946f-99b77373ac6d@group-B72ACA344B95-SegmentedRaftLogWorker] INFO  segmented.SegmentedRaftLogWorker (SegmentedRaftLogWorker.java:execute(601)) - 6122d92d-66bf-436e-946f-99b77373ac6d@group-B72ACA344B95-SegmentedRaftLogWorker: created new log segment /home/runner/work/ozone/ozone/hadoop-ozone/integration-test/target/test-dir/MiniOzoneClusterImpl-fc1c6399-de52-4149-9dd2-17a3712db231/datanode-1/data/ratis/b4ceab46-45ad-4b52-84d3-b72aca344b95/current/log_inprogress_0
2022-01-06 14:10:25,312 [grpc-default-executor-1] INFO  server.RaftServer$Division (ServerState.java:setRaftConf(387)) - c7a42389-c056-48f2-a17d-b6f94138e9b4@group-B72ACA344B95: set configuration 0: [6122d92d-66bf-436e-946f-99b77373ac6d|rpc:10.1.0.7:45309|dataStream:|priority:0, e8cc3e65-88b3-42ee-a50c-79e48b3b2760|rpc:10.1.0.7:37863|dataStream:|priority:1, c7a42389-c056-48f2-a17d-b6f94138e9b4|rpc:10.1.0.7:39221|dataStream:|priority:0], old=null
2022-01-06 14:10:25,313 [grpc-default-executor-1] INFO  segmented.SegmentedRaftLogWorker (SegmentedRaftLogWorker.java:startLogSegment(394)) - c7a42389-c056-48f2-a17d-b6f94138e9b4@group-B72ACA344B95-SegmentedRaftLogWorker: Starting segment from index:0
2022-01-06 14:10:25,315 [c7a42389-c056-48f2-a17d-b6f94138e9b4@group-B72ACA344B95-SegmentedRaftLogWorker] INFO  segmented.SegmentedRaftLogWorker (SegmentedRaftLogWorker.java:execute(601)) - c7a42389-c056-48f2-a17d-b6f94138e9b4@group-B72ACA344B95-SegmentedRaftLogWorker: created new log segment /home/runner/work/ozone/ozone/hadoop-ozone/integration-test/target/test-dir/MiniOzoneClusterImpl-fc1c6399-de52-4149-9dd2-17a3712db231/datanode-2/data/ratis/b4ceab46-45ad-4b52-84d3-b72aca344b95/current/log_inprogress_0
2022-01-06 14:10:25,608 [6122d92d-66bf-436e-946f-99b77373ac6d@group-0FD72F999B24-FollowerState] INFO  impl.FollowerState (FollowerState.java:run(134)) - 6122d92d-66bf-436e-946f-99b77373ac6d@group-0FD72F999B24-FollowerState: change to CANDIDATE, lastRpcElapsedTime:5195214094ns, electionTimeout:5194ms
2022-01-06 14:10:25,609 [6122d92d-66bf-436e-946f-99b77373ac6d@group-0FD72F999B24-FollowerState] INFO  impl.RoleInfo (RoleInfo.java:shutdownFollowerState(108)) - 6122d92d-66bf-436e-946f-99b77373ac6d: shutdown 6122d92d-66bf-436e-946f-99b77373ac6d@group-0FD72F999B24-FollowerState
2022-01-06 14:10:25,609 [6122d92d-66bf-436e-946f-99b77373ac6d@group-0FD72F999B24-FollowerState] INFO  server.RaftServer$Division (RaftServerImpl.java:setRole(290)) - 6122d92d-66bf-436e-946f-99b77373ac6d@group-0FD72F999B24: changes role from  FOLLOWER to CANDIDATE at term 0 for changeToCandidate
2022-01-06 14:10:25,609 [6122d92d-66bf-436e-946f-99b77373ac6d@group-0FD72F999B24-FollowerState] INFO  server.RaftServerConfigKeys (ConfUtils.java:logGet(44)) - raft.server.leaderelection.pre-vote = false (custom)
2022-01-06 14:10:25,609 [6122d92d-66bf-436e-946f-99b77373ac6d@group-0FD72F999B24-FollowerState] INFO  impl.RoleInfo (RoleInfo.java:updateAndGet(130)) - 6122d92d-66bf-436e-946f-99b77373ac6d: start 6122d92d-66bf-436e-946f-99b77373ac6d@group-0FD72F999B24-LeaderElection8
2022-01-06 14:10:25,613 [6122d92d-66bf-436e-946f-99b77373ac6d@group-0FD72F999B24-LeaderElection8] INFO  impl.LeaderElection (LeaderElection.java:askForVotes(306)) - 6122d92d-66bf-436e-946f-99b77373ac6d@group-0FD72F999B24-LeaderElection8 ELECTION round 0: submit vote requests at term 1 for -1: [6122d92d-66bf-436e-946f-99b77373ac6d|rpc:10.1.0.7:45309|priority:1], old=null
2022-01-06 14:10:25,613 [6122d92d-66bf-436e-946f-99b77373ac6d@group-0FD72F999B24-LeaderElection8] INFO  impl.LeaderElection (LeaderElection.java:askForVotes(308)) - 6122d92d-66bf-436e-946f-99b77373ac6d@group-0FD72F999B24-LeaderElection8 ELECTION round 0: result PASSED (term=1)
2022-01-06 14:10:25,613 [6122d92d-66bf-436e-946f-99b77373ac6d@group-0FD72F999B24-LeaderElection8] INFO  impl.RoleInfo (RoleInfo.java:shutdownLeaderElection(121)) - 6122d92d-66bf-436e-946f-99b77373ac6d: shutdown 6122d92d-66bf-436e-946f-99b77373ac6d@group-0FD72F999B24-LeaderElection8
2022-01-06 14:10:25,613 [6122d92d-66bf-436e-946f-99b77373ac6d@group-0FD72F999B24-LeaderElection8] INFO  server.RaftServer$Division (RaftServerImpl.java:setRole(290)) - 6122d92d-66bf-436e-946f-99b77373ac6d@group-0FD72F999B24: changes role from CANDIDATE to LEADER at term 1 for changeToLeader
2022-01-06 14:10:25,613 [6122d92d-66bf-436e-946f-99b77373ac6d@group-0FD72F999B24-LeaderElection8] INFO  ratis.XceiverServerRatis (XceiverServerRatis.java:handleLeaderChangedNotification(866)) - Leader change notification received for group: group-0FD72F999B24 with new leaderId: 6122d92d-66bf-436e-946f-99b77373ac6d
2022-01-06 14:10:25,614 [6122d92d-66bf-436e-946f-99b77373ac6d@group-0FD72F999B24-LeaderElection8] INFO  server.RaftServer$Division (ServerState.java:setLeader(285)) - 6122d92d-66bf-436e-946f-99b77373ac6d@group-0FD72F999B24: change Leader from null to 6122d92d-66bf-436e-946f-99b77373ac6d at term 1 for becomeLeader, leader elected after 5209ms
2022-01-06 14:10:25,614 [6122d92d-66bf-436e-946f-99b77373ac6d@group-0FD72F999B24-LeaderElection8] INFO  server.RaftServerConfigKeys (ConfUtils.java:logGet(44)) - raft.server.staging.catchup.gap = 1000 (default)
2022-01-06 14:10:25,615 [6122d92d-66bf-436e-946f-99b77373ac6d@group-0FD72F999B24-LeaderElection8] INFO  server.RaftServerConfigKeys (ConfUtils.java:logGet(44)) - raft.server.write.element-limit = 1024 (custom)
2022-01-06 14:10:25,615 [6122d92d-66bf-436e-946f-99b77373ac6d@group-0FD72F999B24-LeaderElection8] INFO  server.RaftServerConfigKeys (ConfUtils.java:logGet(44)) - raft.server.write.byte-limit = 1024 M (=1073741824) (custom)
2022-01-06 14:10:25,615 [6122d92d-66bf-436e-946f-99b77373ac6d@group-0FD72F999B24-LeaderElection8] INFO  server.RaftServerConfigKeys (ConfUtils.java:logGet(44)) - raft.server.watch.timeout = 180s (custom)
2022-01-06 14:10:25,615 [6122d92d-66bf-436e-946f-99b77373ac6d@group-0FD72F999B24-LeaderElection8] INFO  server.RaftServerConfigKeys (ConfUtils.java:logGet(44)) - raft.server.watch.timeout.denomination = 1s (default)
2022-01-06 14:10:25,615 [6122d92d-66bf-436e-946f-99b77373ac6d@group-0FD72F999B24-LeaderElection8] INFO  server.RaftServerConfigKeys (ConfUtils.java:logGet(44)) - raft.server.watch.element-limit = 65536 (default)
2022-01-06 14:10:25,616 [6122d92d-66bf-436e-946f-99b77373ac6d@group-0FD72F999B24-LeaderElection8] INFO  server.RaftServerConfigKeys (ConfUtils.java:logGet(44)) - raft.server.write.element-limit = 1024 (custom)
2022-01-06 14:10:25,616 [6122d92d-66bf-436e-946f-99b77373ac6d@group-0FD72F999B24-LeaderElection8] INFO  server.RaftServerConfigKeys (ConfUtils.java:logGet(44)) - raft.server.write.follower.gap.ratio.max = -1.0 (default)
2022-01-06 14:10:25,616 [6122d92d-66bf-436e-946f-99b77373ac6d@group-0FD72F999B24-LeaderElection8] INFO  impl.RoleInfo (RoleInfo.java:updateAndGet(130)) - 6122d92d-66bf-436e-946f-99b77373ac6d: start 6122d92d-66bf-436e-946f-99b77373ac6d@group-0FD72F999B24-LeaderStateImpl
2022-01-06 14:10:25,616 [6122d92d-66bf-436e-946f-99b77373ac6d@group-0FD72F999B24-LeaderElection8] INFO  segmented.SegmentedRaftLogWorker (SegmentedRaftLogWorker.java:startLogSegment(394)) - 6122d92d-66bf-436e-946f-99b77373ac6d@group-0FD72F999B24-SegmentedRaftLogWorker: Starting segment from index:0
2022-01-06 14:10:25,621 [6122d92d-66bf-436e-946f-99b77373ac6d@group-0FD72F999B24-LeaderElection8] INFO  server.RaftServer$Division (ServerState.java:setRaftConf(387)) - 6122d92d-66bf-436e-946f-99b77373ac6d@group-0FD72F999B24: set configuration 0: [6122d92d-66bf-436e-946f-99b77373ac6d|rpc:10.1.0.7:45309|dataStream:|priority:1], old=null
2022-01-06 14:10:25,622 [6122d92d-66bf-436e-946f-99b77373ac6d@group-0FD72F999B24-SegmentedRaftLogWorker] INFO  segmented.SegmentedRaftLogWorker (SegmentedRaftLogWorker.java:execute(601)) - 6122d92d-66bf-436e-946f-99b77373ac6d@group-0FD72F999B24-SegmentedRaftLogWorker: created new log segment /home/runner/work/ozone/ozone/hadoop-ozone/integration-test/target/test-dir/MiniOzoneClusterImpl-fc1c6399-de52-4149-9dd2-17a3712db231/datanode-1/data/ratis/0cbc7a22-7eb1-47a1-94c1-0fd72f999b24/current/log_inprogress_0
2022-01-06 14:10:25,835 [Listener at 127.0.0.1/10228] INFO  ozone.MiniOzoneClusterImpl (MiniOzoneClusterImpl.java:lambda$waitForClusterToBeReady$0(235)) - Nodes are ready. Got 3 of 3 DN Heartbeats.
2022-01-06 14:10:25,836 [Listener at 127.0.0.1/10228] INFO  ozone.MiniOzoneClusterImpl (MiniOzoneClusterImpl.java:lambda$waitForClusterToBeReady$0(238)) - Cluster exits safe mode
2022-01-06 14:10:25,836 [Listener at 127.0.0.1/10228] INFO  ozone.MiniOzoneClusterImpl (MiniOzoneClusterImpl.java:lambda$waitForClusterToBeReady$0(240)) - SCM became leader
2022-01-06 14:10:26,034 [c7a42389-c056-48f2-a17d-b6f94138e9b4@group-E6E87E6CE091-FollowerState] INFO  impl.FollowerState (FollowerState.java:run(134)) - c7a42389-c056-48f2-a17d-b6f94138e9b4@group-E6E87E6CE091-FollowerState: change to CANDIDATE, lastRpcElapsedTime:5180604658ns, electionTimeout:5177ms
2022-01-06 14:10:26,035 [c7a42389-c056-48f2-a17d-b6f94138e9b4@group-E6E87E6CE091-FollowerState] INFO  impl.RoleInfo (RoleInfo.java:shutdownFollowerState(108)) - c7a42389-c056-48f2-a17d-b6f94138e9b4: shutdown c7a42389-c056-48f2-a17d-b6f94138e9b4@group-E6E87E6CE091-FollowerState
2022-01-06 14:10:26,035 [c7a42389-c056-48f2-a17d-b6f94138e9b4@group-E6E87E6CE091-FollowerState] INFO  server.RaftServer$Division (RaftServerImpl.java:setRole(290)) - c7a42389-c056-48f2-a17d-b6f94138e9b4@group-E6E87E6CE091: changes role from  FOLLOWER to CANDIDATE at term 0 for changeToCandidate
2022-01-06 14:10:26,035 [c7a42389-c056-48f2-a17d-b6f94138e9b4@group-E6E87E6CE091-FollowerState] INFO  server.RaftServerConfigKeys (ConfUtils.java:logGet(44)) - raft.server.leaderelection.pre-vote = false (custom)
2022-01-06 14:10:26,035 [c7a42389-c056-48f2-a17d-b6f94138e9b4@group-E6E87E6CE091-FollowerState] INFO  impl.RoleInfo (RoleInfo.java:updateAndGet(130)) - c7a42389-c056-48f2-a17d-b6f94138e9b4: start c7a42389-c056-48f2-a17d-b6f94138e9b4@group-E6E87E6CE091-LeaderElection9
2022-01-06 14:10:26,045 [c7a42389-c056-48f2-a17d-b6f94138e9b4@group-E6E87E6CE091-LeaderElection9] INFO  impl.LeaderElection (LeaderElection.java:askForVotes(306)) - c7a42389-c056-48f2-a17d-b6f94138e9b4@group-E6E87E6CE091-LeaderElection9 ELECTION round 0: submit vote requests at term 1 for -1: [c7a42389-c056-48f2-a17d-b6f94138e9b4|rpc:10.1.0.7:39221|priority:1], old=null
2022-01-06 14:10:26,045 [c7a42389-c056-48f2-a17d-b6f94138e9b4@group-E6E87E6CE091-LeaderElection9] INFO  impl.LeaderElection (LeaderElection.java:askForVotes(308)) - c7a42389-c056-48f2-a17d-b6f94138e9b4@group-E6E87E6CE091-LeaderElection9 ELECTION round 0: result PASSED (term=1)
2022-01-06 14:10:26,046 [c7a42389-c056-48f2-a17d-b6f94138e9b4@group-E6E87E6CE091-LeaderElection9] INFO  impl.RoleInfo (RoleInfo.java:shutdownLeaderElection(121)) - c7a42389-c056-48f2-a17d-b6f94138e9b4: shutdown c7a42389-c056-48f2-a17d-b6f94138e9b4@group-E6E87E6CE091-LeaderElection9
2022-01-06 14:10:26,046 [c7a42389-c056-48f2-a17d-b6f94138e9b4@group-E6E87E6CE091-LeaderElection9] INFO  server.RaftServer$Division (RaftServerImpl.java:setRole(290)) - c7a42389-c056-48f2-a17d-b6f94138e9b4@group-E6E87E6CE091: changes role from CANDIDATE to LEADER at term 1 for changeToLeader
2022-01-06 14:10:26,046 [c7a42389-c056-48f2-a17d-b6f94138e9b4@group-E6E87E6CE091-LeaderElection9] INFO  ratis.XceiverServerRatis (XceiverServerRatis.java:handleLeaderChangedNotification(866)) - Leader change notification received for group: group-E6E87E6CE091 with new leaderId: c7a42389-c056-48f2-a17d-b6f94138e9b4
2022-01-06 14:10:26,047 [c7a42389-c056-48f2-a17d-b6f94138e9b4@group-E6E87E6CE091-LeaderElection9] INFO  server.RaftServer$Division (ServerState.java:setLeader(285)) - c7a42389-c056-48f2-a17d-b6f94138e9b4@group-E6E87E6CE091: change Leader from null to c7a42389-c056-48f2-a17d-b6f94138e9b4 at term 1 for becomeLeader, leader elected after 5205ms
2022-01-06 14:10:26,047 [c7a42389-c056-48f2-a17d-b6f94138e9b4@group-E6E87E6CE091-LeaderElection9] INFO  server.RaftServerConfigKeys (ConfUtils.java:logGet(44)) - raft.server.staging.catchup.gap = 1000 (default)
2022-01-06 14:10:26,047 [c7a42389-c056-48f2-a17d-b6f94138e9b4@group-E6E87E6CE091-LeaderElection9] INFO  server.RaftServerConfigKeys (ConfUtils.java:logGet(44)) - raft.server.write.element-limit = 1024 (custom)
2022-01-06 14:10:26,048 [c7a42389-c056-48f2-a17d-b6f94138e9b4@group-E6E87E6CE091-LeaderElection9] INFO  server.RaftServerConfigKeys (ConfUtils.java:logGet(44)) - raft.server.write.byte-limit = 1024 M (=1073741824) (custom)
2022-01-06 14:10:26,048 [c7a42389-c056-48f2-a17d-b6f94138e9b4@group-E6E87E6CE091-LeaderElection9] INFO  server.RaftServerConfigKeys (ConfUtils.java:logGet(44)) - raft.server.watch.timeout = 180s (custom)
2022-01-06 14:10:26,049 [c7a42389-c056-48f2-a17d-b6f94138e9b4@group-E6E87E6CE091-LeaderElection9] INFO  server.RaftServerConfigKeys (ConfUtils.java:logGet(44)) - raft.server.watch.timeout.denomination = 1s (default)
2022-01-06 14:10:26,049 [c7a42389-c056-48f2-a17d-b6f94138e9b4@group-E6E87E6CE091-LeaderElection9] INFO  server.RaftServerConfigKeys (ConfUtils.java:logGet(44)) - raft.server.watch.element-limit = 65536 (default)
2022-01-06 14:10:26,049 [c7a42389-c056-48f2-a17d-b6f94138e9b4@group-E6E87E6CE091-LeaderElection9] INFO  server.RaftServerConfigKeys (ConfUtils.java:logGet(44)) - raft.server.write.element-limit = 1024 (custom)
2022-01-06 14:10:26,049 [c7a42389-c056-48f2-a17d-b6f94138e9b4@group-E6E87E6CE091-LeaderElection9] INFO  server.RaftServerConfigKeys (ConfUtils.java:logGet(44)) - raft.server.write.follower.gap.ratio.max = -1.0 (default)
2022-01-06 14:10:26,049 [c7a42389-c056-48f2-a17d-b6f94138e9b4@group-E6E87E6CE091-LeaderElection9] INFO  impl.RoleInfo (RoleInfo.java:updateAndGet(130)) - c7a42389-c056-48f2-a17d-b6f94138e9b4: start c7a42389-c056-48f2-a17d-b6f94138e9b4@group-E6E87E6CE091-LeaderStateImpl
2022-01-06 14:10:26,049 [c7a42389-c056-48f2-a17d-b6f94138e9b4@group-E6E87E6CE091-LeaderElection9] INFO  segmented.SegmentedRaftLogWorker (SegmentedRaftLogWorker.java:startLogSegment(394)) - c7a42389-c056-48f2-a17d-b6f94138e9b4@group-E6E87E6CE091-SegmentedRaftLogWorker: Starting segment from index:0
2022-01-06 14:10:26,050 [c7a42389-c056-48f2-a17d-b6f94138e9b4@group-E6E87E6CE091-SegmentedRaftLogWorker] INFO  segmented.SegmentedRaftLogWorker (SegmentedRaftLogWorker.java:execute(601)) - c7a42389-c056-48f2-a17d-b6f94138e9b4@group-E6E87E6CE091-SegmentedRaftLogWorker: created new log segment /home/runner/work/ozone/ozone/hadoop-ozone/integration-test/target/test-dir/MiniOzoneClusterImpl-fc1c6399-de52-4149-9dd2-17a3712db231/datanode-2/data/ratis/e0009cc1-7174-41c0-80f1-e6e87e6ce091/current/log_inprogress_0
2022-01-06 14:10:26,056 [c7a42389-c056-48f2-a17d-b6f94138e9b4@group-E6E87E6CE091-LeaderElection9] INFO  server.RaftServer$Division (ServerState.java:setRaftConf(387)) - c7a42389-c056-48f2-a17d-b6f94138e9b4@group-E6E87E6CE091: set configuration 0: [c7a42389-c056-48f2-a17d-b6f94138e9b4|rpc:10.1.0.7:39221|dataStream:|priority:1], old=null
]]></system-out>
  </testcase>
  <testcase name="testPrepareWithMultipleThreads" classname="org.apache.hadoop.ozone.om.TestOzoneManagerPrepare" time="126.659">
    <error message="timeout: after 120000 millis" type="java.util.concurrent.TimeoutException">java.util.concurrent.TimeoutException: timeout: after 120000 millis
	at org.apache.ozone.test.LambdaTestUtils$GenerateTimeout.evaluate(LambdaTestUtils.java:677)
	at org.apache.ozone.test.LambdaTestUtils.await(LambdaTestUtils.java:154)
	at org.apache.ozone.test.LambdaTestUtils.await(LambdaTestUtils.java:192)
	at org.apache.hadoop.ozone.om.TestOzoneManagerPrepare.assertRatisLogsCleared(TestOzoneManagerPrepare.java:510)
	at org.apache.hadoop.ozone.om.TestOzoneManagerPrepare.assertRatisLogsCleared(TestOzoneManagerPrepare.java:504)
	at org.apache.hadoop.ozone.om.TestOzoneManagerPrepare.testPrepareWithMultipleThreads(TestOzoneManagerPrepare.java:263)
	at sun.reflect.NativeMethodAccessorImpl.invoke0(Native Method)
	at sun.reflect.NativeMethodAccessorImpl.invoke(NativeMethodAccessorImpl.java:62)
	at sun.reflect.DelegatingMethodAccessorImpl.invoke(DelegatingMethodAccessorImpl.java:43)
	at java.lang.reflect.Method.invoke(Method.java:498)
	at org.junit.runners.model.FrameworkMethod$1.runReflectiveCall(FrameworkMethod.java:59)
	at org.junit.internal.runners.model.ReflectiveCallable.run(ReflectiveCallable.java:12)
	at org.junit.runners.model.FrameworkMethod.invokeExplosively(FrameworkMethod.java:56)
	at org.junit.internal.runners.statements.InvokeMethod.evaluate(InvokeMethod.java:17)
	at org.junit.internal.runners.statements.RunBefores.evaluate(RunBefores.java:26)
	at org.junit.internal.runners.statements.RunAfters.evaluate(RunAfters.java:27)
	at org.junit.rules.ExpectedException$ExpectedExceptionStatement.evaluate(ExpectedException.java:258)
	at org.junit.internal.runners.statements.FailOnTimeout$CallableStatement.call(FailOnTimeout.java:288)
	at org.junit.internal.runners.statements.FailOnTimeout$CallableStatement.call(FailOnTimeout.java:282)
	at java.util.concurrent.FutureTask.run(FutureTask.java:266)
	at java.lang.Thread.run(Thread.java:748)
</error>
    <system-out><![CDATA[2022-01-06 14:10:26,226 [OM StateMachine ApplyTransaction Thread - 0] INFO  upgrade.OMCancelPrepareRequest (OMCancelPrepareRequest.java:validateAndUpdateCache(55)) - OM omNode-1 Received cancel prepare request with log index 1
2022-01-06 14:10:26,235 [OM StateMachine ApplyTransaction Thread - 0] INFO  upgrade.OMCancelPrepareRequest (OMCancelPrepareRequest.java:validateAndUpdateCache(55)) - OM omNode-3 Received cancel prepare request with log index 1
2022-01-06 14:10:26,247 [OM StateMachine ApplyTransaction Thread - 0] INFO  upgrade.OMCancelPrepareRequest (OMCancelPrepareRequest.java:validateAndUpdateCache(55)) - OM omNode-2 Received cancel prepare request with log index 1
2022-01-06 14:10:26,414 [OM StateMachine ApplyTransaction Thread - 0] INFO  upgrade.OMCancelPrepareRequest (OMCancelPrepareRequest.java:validateAndUpdateCache(84)) - OM omNode-3 prepare state cancelled at log index 1. Returning response 
2022-01-06 14:10:26,416 [OM StateMachine ApplyTransaction Thread - 0] INFO  upgrade.OMCancelPrepareRequest (OMCancelPrepareRequest.java:validateAndUpdateCache(84)) - OM omNode-1 prepare state cancelled at log index 1. Returning response 
2022-01-06 14:10:26,419 [OM StateMachine ApplyTransaction Thread - 0] INFO  upgrade.OMCancelPrepareRequest (OMCancelPrepareRequest.java:validateAndUpdateCache(84)) - OM omNode-2 prepare state cancelled at log index 1. Returning response 
2022-01-06 14:10:26,457 [Time-limited test] INFO  rpc.RpcClient (RpcClient.java:createVolume(389)) - Creating Volume: vol, with runner as owner and space quota set to -1 bytes, counts quota set to -1
2022-01-06 14:10:26,503 [OM StateMachine ApplyTransaction Thread - 0] INFO  volume.OMVolumeCreateRequest (OMVolumeCreateRequest.java:validateAndUpdateCache(195)) - created volume:vol for user:runner
2022-01-06 14:10:26,510 [OM StateMachine ApplyTransaction Thread - 0] INFO  volume.OMVolumeCreateRequest (OMVolumeCreateRequest.java:validateAndUpdateCache(195)) - created volume:vol for user:runner
2022-01-06 14:10:26,525 [OM StateMachine ApplyTransaction Thread - 0] INFO  volume.OMVolumeCreateRequest (OMVolumeCreateRequest.java:validateAndUpdateCache(195)) - created volume:vol for user:runner
2022-01-06 14:10:26,560 [pool-158-thread-1] INFO  rpc.RpcClient (RpcClient.java:createVolume(389)) - Creating Volume: volume0, with runner as owner and space quota set to -1 bytes, counts quota set to -1
2022-01-06 14:10:26,570 [pool-158-thread-3] INFO  rpc.RpcClient (RpcClient.java:createVolume(389)) - Creating Volume: volume2, with runner as owner and space quota set to -1 bytes, counts quota set to -1
2022-01-06 14:10:26,572 [pool-158-thread-2] INFO  rpc.RpcClient (RpcClient.java:createVolume(389)) - Creating Volume: volume1, with runner as owner and space quota set to -1 bytes, counts quota set to -1
2022-01-06 14:10:26,576 [pool-158-thread-5] INFO  rpc.RpcClient (RpcClient.java:createVolume(389)) - Creating Volume: volume4, with runner as owner and space quota set to -1 bytes, counts quota set to -1
2022-01-06 14:10:26,578 [pool-158-thread-4] INFO  rpc.RpcClient (RpcClient.java:createVolume(389)) - Creating Volume: volume3, with runner as owner and space quota set to -1 bytes, counts quota set to -1
2022-01-06 14:10:26,579 [pool-158-thread-7] INFO  rpc.RpcClient (RpcClient.java:createVolume(389)) - Creating Volume: volume6, with runner as owner and space quota set to -1 bytes, counts quota set to -1
2022-01-06 14:10:26,581 [pool-158-thread-9] INFO  rpc.RpcClient (RpcClient.java:createVolume(389)) - Creating Volume: volume8, with runner as owner and space quota set to -1 bytes, counts quota set to -1
2022-01-06 14:10:26,588 [pool-158-thread-8] INFO  rpc.RpcClient (RpcClient.java:createVolume(389)) - Creating Volume: volume7, with runner as owner and space quota set to -1 bytes, counts quota set to -1
2022-01-06 14:10:26,588 [pool-158-thread-10] INFO  rpc.RpcClient (RpcClient.java:createVolume(389)) - Creating Volume: volume9, with runner as owner and space quota set to -1 bytes, counts quota set to -1
2022-01-06 14:10:26,594 [IPC Server handler 9 on default port 10216] INFO  ratis.OzoneManagerRatisServer (OzoneManagerRatisServer.java:submitRequest(250)) - Rejecting write request on OM omNode-1 because it is in prepare mode: CreateVolume
2022-01-06 14:10:26,605 [IPC Server handler 9 on default port 10216] INFO  ratis.OzoneManagerRatisServer (OzoneManagerRatisServer.java:submitRequest(250)) - Rejecting write request on OM omNode-1 because it is in prepare mode: CreateVolume
2022-01-06 14:10:26,609 [OM StateMachine ApplyTransaction Thread - 0] INFO  volume.OMVolumeCreateRequest (OMVolumeCreateRequest.java:validateAndUpdateCache(195)) - created volume:volume2 for user:runner
2022-01-06 14:10:26,610 [OM StateMachine ApplyTransaction Thread - 0] INFO  volume.OMVolumeCreateRequest (OMVolumeCreateRequest.java:validateAndUpdateCache(195)) - created volume:volume4 for user:runner
2022-01-06 14:10:26,613 [OM StateMachine ApplyTransaction Thread - 0] INFO  volume.OMVolumeCreateRequest (OMVolumeCreateRequest.java:validateAndUpdateCache(195)) - created volume:volume2 for user:runner
2022-01-06 14:10:26,614 [OM StateMachine ApplyTransaction Thread - 0] INFO  volume.OMVolumeCreateRequest (OMVolumeCreateRequest.java:validateAndUpdateCache(195)) - created volume:volume4 for user:runner
2022-01-06 14:10:26,616 [OM StateMachine ApplyTransaction Thread - 0] INFO  volume.OMVolumeCreateRequest (OMVolumeCreateRequest.java:validateAndUpdateCache(195)) - created volume:volume2 for user:runner
2022-01-06 14:10:26,617 [OM StateMachine ApplyTransaction Thread - 0] INFO  volume.OMVolumeCreateRequest (OMVolumeCreateRequest.java:validateAndUpdateCache(195)) - created volume:volume4 for user:runner
2022-01-06 14:10:26,608 [IPC Server handler 8 on default port 10216] INFO  ratis.OzoneManagerRatisServer (OzoneManagerRatisServer.java:submitRequest(250)) - Rejecting write request on OM omNode-1 because it is in prepare mode: CreateVolume
2022-01-06 14:10:26,608 [IPC Server handler 12 on default port 10216] INFO  ratis.OzoneManagerRatisServer (OzoneManagerRatisServer.java:submitRequest(250)) - Rejecting write request on OM omNode-1 because it is in prepare mode: CreateVolume
2022-01-06 14:10:26,609 [IPC Server handler 15 on default port 10216] INFO  ratis.OzoneManagerRatisServer (OzoneManagerRatisServer.java:submitRequest(250)) - Rejecting write request on OM omNode-1 because it is in prepare mode: CreateVolume
2022-01-06 14:10:26,610 [IPC Server handler 3 on default port 10216] INFO  ratis.OzoneManagerRatisServer (OzoneManagerRatisServer.java:submitRequest(250)) - Rejecting write request on OM omNode-1 because it is in prepare mode: CreateVolume
2022-01-06 14:10:26,613 [IPC Server handler 11 on default port 10216] INFO  ratis.OzoneManagerRatisServer (OzoneManagerRatisServer.java:submitRequest(250)) - Rejecting write request on OM omNode-1 because it is in prepare mode: CreateVolume
2022-01-06 14:10:26,622 [OM StateMachine ApplyTransaction Thread - 0] INFO  upgrade.OMPrepareRequest (OMPrepareRequest.java:validateAndUpdateCache(67)) - OM omNode-1 Received prepare request with log index 9
2022-01-06 14:10:26,624 [OM StateMachine ApplyTransaction Thread - 0] INFO  upgrade.OMPrepareRequest (OMPrepareRequest.java:waitForLogIndex(176)) - omNode-1 waiting for index 9 to flush to OM DB and index 10 to flush to Ratis state machine.
2022-01-06 14:10:26,633 [OM StateMachine ApplyTransaction Thread - 0] INFO  upgrade.OMPrepareRequest (OMPrepareRequest.java:validateAndUpdateCache(67)) - OM omNode-2 Received prepare request with log index 9
2022-01-06 14:10:26,635 [OM StateMachine ApplyTransaction Thread - 0] INFO  upgrade.OMPrepareRequest (OMPrepareRequest.java:waitForLogIndex(176)) - omNode-2 waiting for index 9 to flush to OM DB and index 10 to flush to Ratis state machine.
2022-01-06 14:10:26,635 [OM StateMachine ApplyTransaction Thread - 0] INFO  upgrade.OMPrepareRequest (OMPrepareRequest.java:validateAndUpdateCache(67)) - OM omNode-3 Received prepare request with log index 9
2022-01-06 14:10:26,635 [OM StateMachine ApplyTransaction Thread - 0] INFO  upgrade.OMPrepareRequest (OMPrepareRequest.java:waitForLogIndex(176)) - omNode-3 waiting for index 9 to flush to OM DB and index 10 to flush to Ratis state machine.
2022-01-06 14:10:26,636 [OM StateMachine ApplyTransaction Thread - 0] INFO  ratis.OzoneManagerStateMachine (OzoneManagerStateMachine.java:takeSnapshot(417)) - Current Snapshot Index (t:2, i:10)
2022-01-06 14:10:26,637 [OM StateMachine ApplyTransaction Thread - 0] INFO  segmented.SegmentedRaftLogWorker (SegmentedRaftLogWorker.java:lambda$new$0(133)) - omNode-3@group-523986131536-SegmentedRaftLogWorker: flushIndex: setUnconditionally 11 -> 10
2022-01-06 14:10:26,637 [OM StateMachine ApplyTransaction Thread - 0] INFO  segmented.SegmentedRaftLogWorker (SegmentedRaftLogWorker.java:lambda$new$0(133)) - omNode-3@group-523986131536-SegmentedRaftLogWorker: safeCacheEvictIndex: setUnconditionally -1 -> 10
2022-01-06 14:10:26,637 [OM StateMachine ApplyTransaction Thread - 0] INFO  raftlog.RaftLog (RaftLogBase.java:lambda$new$0(53)) - omNode-3@group-523986131536-SegmentedRaftLog: snapshotIndex: updateIncreasingly -1 -> 10
2022-01-06 14:10:26,638 [OM StateMachine ApplyTransaction Thread - 0] INFO  om.OzoneManagerPrepareState (OzoneManagerPrepareState.java:writePrepareMarkerFile(262)) - Prepare marker file written with log index 9 to file /home/runner/work/ozone/ozone/hadoop-ozone/integration-test/target/test-dir/MiniOzoneClusterImpl-fc1c6399-de52-4149-9dd2-17a3712db231/omNode-3/current/prepareMarker
2022-01-06 14:10:26,638 [OM StateMachine ApplyTransaction Thread - 0] INFO  upgrade.OMPrepareRequest (OMPrepareRequest.java:validateAndUpdateCache(120)) - OM omNode-3 prepared at log index 9. Returning response txnID: 9
 with log index 9
2022-01-06 14:10:30,102 [c7a42389-c056-48f2-a17d-b6f94138e9b4@group-58C5DE752DEC-FollowerState] INFO  impl.FollowerState (FollowerState.java:run(134)) - c7a42389-c056-48f2-a17d-b6f94138e9b4@group-58C5DE752DEC-FollowerState: change to CANDIDATE, lastRpcElapsedTime:5029054285ns, electionTimeout:5017ms
2022-01-06 14:10:30,103 [c7a42389-c056-48f2-a17d-b6f94138e9b4@group-58C5DE752DEC-FollowerState] INFO  impl.RoleInfo (RoleInfo.java:shutdownFollowerState(108)) - c7a42389-c056-48f2-a17d-b6f94138e9b4: shutdown c7a42389-c056-48f2-a17d-b6f94138e9b4@group-58C5DE752DEC-FollowerState
2022-01-06 14:10:30,103 [c7a42389-c056-48f2-a17d-b6f94138e9b4@group-58C5DE752DEC-FollowerState] INFO  server.RaftServer$Division (RaftServerImpl.java:setRole(290)) - c7a42389-c056-48f2-a17d-b6f94138e9b4@group-58C5DE752DEC: changes role from  FOLLOWER to CANDIDATE at term 1 for changeToCandidate
2022-01-06 14:10:30,103 [c7a42389-c056-48f2-a17d-b6f94138e9b4@group-58C5DE752DEC-FollowerState] INFO  server.RaftServerConfigKeys (ConfUtils.java:logGet(44)) - raft.server.leaderelection.pre-vote = false (custom)
2022-01-06 14:10:30,103 [c7a42389-c056-48f2-a17d-b6f94138e9b4@group-58C5DE752DEC-FollowerState] INFO  impl.RoleInfo (RoleInfo.java:updateAndGet(130)) - c7a42389-c056-48f2-a17d-b6f94138e9b4: start c7a42389-c056-48f2-a17d-b6f94138e9b4@group-58C5DE752DEC-LeaderElection10
2022-01-06 14:10:30,110 [e8cc3e65-88b3-42ee-a50c-79e48b3b2760@group-58C5DE752DEC-FollowerState] INFO  impl.FollowerState (FollowerState.java:run(134)) - e8cc3e65-88b3-42ee-a50c-79e48b3b2760@group-58C5DE752DEC-FollowerState: change to CANDIDATE, lastRpcElapsedTime:5024210186ns, electionTimeout:5019ms
2022-01-06 14:10:30,110 [e8cc3e65-88b3-42ee-a50c-79e48b3b2760@group-58C5DE752DEC-FollowerState] INFO  impl.RoleInfo (RoleInfo.java:shutdownFollowerState(108)) - e8cc3e65-88b3-42ee-a50c-79e48b3b2760: shutdown e8cc3e65-88b3-42ee-a50c-79e48b3b2760@group-58C5DE752DEC-FollowerState
2022-01-06 14:10:30,111 [e8cc3e65-88b3-42ee-a50c-79e48b3b2760@group-58C5DE752DEC-FollowerState] INFO  server.RaftServer$Division (RaftServerImpl.java:setRole(290)) - e8cc3e65-88b3-42ee-a50c-79e48b3b2760@group-58C5DE752DEC: changes role from  FOLLOWER to CANDIDATE at term 1 for changeToCandidate
2022-01-06 14:10:30,111 [e8cc3e65-88b3-42ee-a50c-79e48b3b2760@group-58C5DE752DEC-FollowerState] INFO  server.RaftServerConfigKeys (ConfUtils.java:logGet(44)) - raft.server.leaderelection.pre-vote = false (custom)
2022-01-06 14:10:30,111 [e8cc3e65-88b3-42ee-a50c-79e48b3b2760@group-58C5DE752DEC-FollowerState] INFO  impl.RoleInfo (RoleInfo.java:updateAndGet(130)) - e8cc3e65-88b3-42ee-a50c-79e48b3b2760: start e8cc3e65-88b3-42ee-a50c-79e48b3b2760@group-58C5DE752DEC-LeaderElection11
2022-01-06 14:10:30,111 [c7a42389-c056-48f2-a17d-b6f94138e9b4@group-58C5DE752DEC-LeaderElection10] INFO  impl.LeaderElection (LeaderElection.java:askForVotes(306)) - c7a42389-c056-48f2-a17d-b6f94138e9b4@group-58C5DE752DEC-LeaderElection10 ELECTION round 0: submit vote requests at term 2 for -1: [6122d92d-66bf-436e-946f-99b77373ac6d|rpc:10.1.0.7:45309|dataStream:|priority:0, e8cc3e65-88b3-42ee-a50c-79e48b3b2760|rpc:10.1.0.7:37863|dataStream:|priority:0, c7a42389-c056-48f2-a17d-b6f94138e9b4|rpc:10.1.0.7:39221|dataStream:|priority:1], old=null
2022-01-06 14:10:30,117 [e8cc3e65-88b3-42ee-a50c-79e48b3b2760@group-58C5DE752DEC-LeaderElection11] INFO  impl.LeaderElection (LeaderElection.java:askForVotes(306)) - e8cc3e65-88b3-42ee-a50c-79e48b3b2760@group-58C5DE752DEC-LeaderElection11 ELECTION round 0: submit vote requests at term 2 for -1: [6122d92d-66bf-436e-946f-99b77373ac6d|rpc:10.1.0.7:45309|priority:0, e8cc3e65-88b3-42ee-a50c-79e48b3b2760|rpc:10.1.0.7:37863|priority:0, c7a42389-c056-48f2-a17d-b6f94138e9b4|rpc:10.1.0.7:39221|priority:1], old=null
2022-01-06 14:10:30,130 [grpc-default-executor-2] INFO  server.RaftServer$Division (RaftServerImpl.java:requestVote(1046)) - 6122d92d-66bf-436e-946f-99b77373ac6d@group-58C5DE752DEC: receive requestVote(ELECTION, e8cc3e65-88b3-42ee-a50c-79e48b3b2760, group-58C5DE752DEC, 2, (t:0, i:0))
2022-01-06 14:10:30,131 [grpc-default-executor-2] INFO  impl.VoteContext (VoteContext.java:log(48)) - 6122d92d-66bf-436e-946f-99b77373ac6d@group-58C5DE752DEC-FOLLOWER: accept ELECTION from e8cc3e65-88b3-42ee-a50c-79e48b3b2760: our priority 0 <= candidate's priority 0
2022-01-06 14:10:30,131 [grpc-default-executor-2] INFO  server.RaftServer$Division (RaftServerImpl.java:setRole(290)) - 6122d92d-66bf-436e-946f-99b77373ac6d@group-58C5DE752DEC: changes role from  FOLLOWER to FOLLOWER at term 2 for candidate:e8cc3e65-88b3-42ee-a50c-79e48b3b2760
2022-01-06 14:10:30,131 [grpc-default-executor-2] INFO  impl.RoleInfo (RoleInfo.java:shutdownFollowerState(108)) - 6122d92d-66bf-436e-946f-99b77373ac6d: shutdown 6122d92d-66bf-436e-946f-99b77373ac6d@group-58C5DE752DEC-FollowerState
2022-01-06 14:10:30,131 [grpc-default-executor-2] INFO  impl.RoleInfo (RoleInfo.java:updateAndGet(130)) - 6122d92d-66bf-436e-946f-99b77373ac6d: start 6122d92d-66bf-436e-946f-99b77373ac6d@group-58C5DE752DEC-FollowerState
2022-01-06 14:10:30,131 [6122d92d-66bf-436e-946f-99b77373ac6d@group-58C5DE752DEC-FollowerState] INFO  impl.FollowerState (FollowerState.java:run(143)) - 6122d92d-66bf-436e-946f-99b77373ac6d@group-58C5DE752DEC-FollowerState was interrupted: {}
java.lang.InterruptedException: sleep interrupted
	at java.lang.Thread.sleep(Native Method)
	at java.lang.Thread.sleep(Thread.java:340)
	at java.util.concurrent.TimeUnit.sleep(TimeUnit.java:386)
	at org.apache.ratis.util.TimeDuration.sleep(TimeDuration.java:324)
	at org.apache.ratis.util.TimeDuration.sleep(TimeDuration.java:309)
	at org.apache.ratis.server.impl.FollowerState.run(FollowerState.java:118)
2022-01-06 14:10:30,133 [grpc-default-executor-2] INFO  server.RaftServer$Division (RaftServerImpl.java:requestVote(1078)) - 6122d92d-66bf-436e-946f-99b77373ac6d@group-58C5DE752DEC replies to ELECTION vote request: e8cc3e65-88b3-42ee-a50c-79e48b3b2760<-6122d92d-66bf-436e-946f-99b77373ac6d#0:OK-t2. Peer's state: 6122d92d-66bf-436e-946f-99b77373ac6d@group-58C5DE752DEC:t2, leader=null, voted=e8cc3e65-88b3-42ee-a50c-79e48b3b2760, raftlog=6122d92d-66bf-436e-946f-99b77373ac6d@group-58C5DE752DEC-SegmentedRaftLog:OPENED:c-1, conf=-1: [6122d92d-66bf-436e-946f-99b77373ac6d|rpc:10.1.0.7:45309|dataStream:|priority:0, e8cc3e65-88b3-42ee-a50c-79e48b3b2760|rpc:10.1.0.7:37863|dataStream:|priority:0, c7a42389-c056-48f2-a17d-b6f94138e9b4|rpc:10.1.0.7:39221|dataStream:|priority:1], old=null
2022-01-06 14:10:30,142 [grpc-default-executor-2] INFO  server.RaftServer$Division (RaftServerImpl.java:requestVote(1046)) - e8cc3e65-88b3-42ee-a50c-79e48b3b2760@group-58C5DE752DEC: receive requestVote(ELECTION, c7a42389-c056-48f2-a17d-b6f94138e9b4, group-58C5DE752DEC, 2, (t:0, i:0))
2022-01-06 14:10:30,142 [grpc-default-executor-2] INFO  impl.VoteContext (VoteContext.java:log(48)) - e8cc3e65-88b3-42ee-a50c-79e48b3b2760@group-58C5DE752DEC-CANDIDATE: reject ELECTION from c7a42389-c056-48f2-a17d-b6f94138e9b4: already has voted for e8cc3e65-88b3-42ee-a50c-79e48b3b2760 at current term 2
2022-01-06 14:10:30,142 [grpc-default-executor-2] INFO  server.RaftServer$Division (RaftServerImpl.java:requestVote(1078)) - e8cc3e65-88b3-42ee-a50c-79e48b3b2760@group-58C5DE752DEC replies to ELECTION vote request: c7a42389-c056-48f2-a17d-b6f94138e9b4<-e8cc3e65-88b3-42ee-a50c-79e48b3b2760#0:FAIL-t2. Peer's state: e8cc3e65-88b3-42ee-a50c-79e48b3b2760@group-58C5DE752DEC:t2, leader=null, voted=e8cc3e65-88b3-42ee-a50c-79e48b3b2760, raftlog=e8cc3e65-88b3-42ee-a50c-79e48b3b2760@group-58C5DE752DEC-SegmentedRaftLog:OPENED:c-1, conf=-1: [6122d92d-66bf-436e-946f-99b77373ac6d|rpc:10.1.0.7:45309|priority:0, e8cc3e65-88b3-42ee-a50c-79e48b3b2760|rpc:10.1.0.7:37863|priority:0, c7a42389-c056-48f2-a17d-b6f94138e9b4|rpc:10.1.0.7:39221|priority:1], old=null
2022-01-06 14:10:30,144 [grpc-default-executor-1] INFO  server.RaftServer$Division (RaftServerImpl.java:requestVote(1046)) - c7a42389-c056-48f2-a17d-b6f94138e9b4@group-58C5DE752DEC: receive requestVote(ELECTION, e8cc3e65-88b3-42ee-a50c-79e48b3b2760, group-58C5DE752DEC, 2, (t:0, i:0))
2022-01-06 14:10:30,145 [grpc-default-executor-1] INFO  impl.VoteContext (VoteContext.java:log(48)) - c7a42389-c056-48f2-a17d-b6f94138e9b4@group-58C5DE752DEC-CANDIDATE: reject ELECTION from e8cc3e65-88b3-42ee-a50c-79e48b3b2760: already has voted for c7a42389-c056-48f2-a17d-b6f94138e9b4 at current term 2
2022-01-06 14:10:30,145 [grpc-default-executor-1] INFO  server.RaftServer$Division (RaftServerImpl.java:requestVote(1078)) - c7a42389-c056-48f2-a17d-b6f94138e9b4@group-58C5DE752DEC replies to ELECTION vote request: e8cc3e65-88b3-42ee-a50c-79e48b3b2760<-c7a42389-c056-48f2-a17d-b6f94138e9b4#0:FAIL-t2. Peer's state: c7a42389-c056-48f2-a17d-b6f94138e9b4@group-58C5DE752DEC:t2, leader=null, voted=c7a42389-c056-48f2-a17d-b6f94138e9b4, raftlog=c7a42389-c056-48f2-a17d-b6f94138e9b4@group-58C5DE752DEC-SegmentedRaftLog:OPENED:c-1, conf=-1: [6122d92d-66bf-436e-946f-99b77373ac6d|rpc:10.1.0.7:45309|dataStream:|priority:0, e8cc3e65-88b3-42ee-a50c-79e48b3b2760|rpc:10.1.0.7:37863|dataStream:|priority:0, c7a42389-c056-48f2-a17d-b6f94138e9b4|rpc:10.1.0.7:39221|dataStream:|priority:1], old=null
2022-01-06 14:10:30,144 [grpc-default-executor-0] INFO  server.RaftServer$Division (RaftServerImpl.java:requestVote(1046)) - 6122d92d-66bf-436e-946f-99b77373ac6d@group-58C5DE752DEC: receive requestVote(ELECTION, c7a42389-c056-48f2-a17d-b6f94138e9b4, group-58C5DE752DEC, 2, (t:0, i:0))
2022-01-06 14:10:30,146 [e8cc3e65-88b3-42ee-a50c-79e48b3b2760@group-58C5DE752DEC-LeaderElection11] INFO  impl.LeaderElection (LeaderElection.java:logAndReturn(89)) - e8cc3e65-88b3-42ee-a50c-79e48b3b2760@group-58C5DE752DEC-LeaderElection11: ELECTION REJECTED received 2 response(s) and 0 exception(s):
2022-01-06 14:10:30,147 [e8cc3e65-88b3-42ee-a50c-79e48b3b2760@group-58C5DE752DEC-LeaderElection11] INFO  impl.LeaderElection (LeaderElection.java:logAndReturn(93)) -   Response 0: e8cc3e65-88b3-42ee-a50c-79e48b3b2760<-6122d92d-66bf-436e-946f-99b77373ac6d#0:OK-t2
2022-01-06 14:10:30,147 [e8cc3e65-88b3-42ee-a50c-79e48b3b2760@group-58C5DE752DEC-LeaderElection11] INFO  impl.LeaderElection (LeaderElection.java:logAndReturn(93)) -   Response 1: e8cc3e65-88b3-42ee-a50c-79e48b3b2760<-c7a42389-c056-48f2-a17d-b6f94138e9b4#0:FAIL-t2
2022-01-06 14:10:30,147 [e8cc3e65-88b3-42ee-a50c-79e48b3b2760@group-58C5DE752DEC-LeaderElection11] INFO  impl.LeaderElection (LeaderElection.java:askForVotes(308)) - e8cc3e65-88b3-42ee-a50c-79e48b3b2760@group-58C5DE752DEC-LeaderElection11 ELECTION round 0: result REJECTED
2022-01-06 14:10:30,147 [e8cc3e65-88b3-42ee-a50c-79e48b3b2760@group-58C5DE752DEC-LeaderElection11] INFO  server.RaftServer$Division (RaftServerImpl.java:setRole(290)) - e8cc3e65-88b3-42ee-a50c-79e48b3b2760@group-58C5DE752DEC: changes role from CANDIDATE to FOLLOWER at term 2 for REJECTED
2022-01-06 14:10:30,147 [e8cc3e65-88b3-42ee-a50c-79e48b3b2760@group-58C5DE752DEC-LeaderElection11] INFO  impl.RoleInfo (RoleInfo.java:shutdownLeaderElection(121)) - e8cc3e65-88b3-42ee-a50c-79e48b3b2760: shutdown e8cc3e65-88b3-42ee-a50c-79e48b3b2760@group-58C5DE752DEC-LeaderElection11
2022-01-06 14:10:30,147 [grpc-default-executor-0] INFO  impl.VoteContext (VoteContext.java:log(48)) - 6122d92d-66bf-436e-946f-99b77373ac6d@group-58C5DE752DEC-FOLLOWER: reject ELECTION from c7a42389-c056-48f2-a17d-b6f94138e9b4: already has voted for e8cc3e65-88b3-42ee-a50c-79e48b3b2760 at current term 2
2022-01-06 14:10:30,152 [grpc-default-executor-0] INFO  server.RaftServer$Division (RaftServerImpl.java:requestVote(1078)) - 6122d92d-66bf-436e-946f-99b77373ac6d@group-58C5DE752DEC replies to ELECTION vote request: c7a42389-c056-48f2-a17d-b6f94138e9b4<-6122d92d-66bf-436e-946f-99b77373ac6d#0:FAIL-t2. Peer's state: 6122d92d-66bf-436e-946f-99b77373ac6d@group-58C5DE752DEC:t2, leader=null, voted=e8cc3e65-88b3-42ee-a50c-79e48b3b2760, raftlog=6122d92d-66bf-436e-946f-99b77373ac6d@group-58C5DE752DEC-SegmentedRaftLog:OPENED:c-1, conf=-1: [6122d92d-66bf-436e-946f-99b77373ac6d|rpc:10.1.0.7:45309|dataStream:|priority:0, e8cc3e65-88b3-42ee-a50c-79e48b3b2760|rpc:10.1.0.7:37863|dataStream:|priority:0, c7a42389-c056-48f2-a17d-b6f94138e9b4|rpc:10.1.0.7:39221|dataStream:|priority:1], old=null
2022-01-06 14:10:30,148 [e8cc3e65-88b3-42ee-a50c-79e48b3b2760@group-58C5DE752DEC-LeaderElection11] INFO  impl.RoleInfo (RoleInfo.java:updateAndGet(130)) - e8cc3e65-88b3-42ee-a50c-79e48b3b2760: start e8cc3e65-88b3-42ee-a50c-79e48b3b2760@group-58C5DE752DEC-FollowerState
2022-01-06 14:10:30,156 [c7a42389-c056-48f2-a17d-b6f94138e9b4@group-58C5DE752DEC-LeaderElection10] INFO  impl.LeaderElection (LeaderElection.java:logAndReturn(89)) - c7a42389-c056-48f2-a17d-b6f94138e9b4@group-58C5DE752DEC-LeaderElection10: ELECTION REJECTED received 2 response(s) and 0 exception(s):
2022-01-06 14:10:30,157 [c7a42389-c056-48f2-a17d-b6f94138e9b4@group-58C5DE752DEC-LeaderElection10] INFO  impl.LeaderElection (LeaderElection.java:logAndReturn(93)) -   Response 0: c7a42389-c056-48f2-a17d-b6f94138e9b4<-6122d92d-66bf-436e-946f-99b77373ac6d#0:FAIL-t2
2022-01-06 14:10:30,157 [c7a42389-c056-48f2-a17d-b6f94138e9b4@group-58C5DE752DEC-LeaderElection10] INFO  impl.LeaderElection (LeaderElection.java:logAndReturn(93)) -   Response 1: c7a42389-c056-48f2-a17d-b6f94138e9b4<-e8cc3e65-88b3-42ee-a50c-79e48b3b2760#0:FAIL-t2
2022-01-06 14:10:30,157 [c7a42389-c056-48f2-a17d-b6f94138e9b4@group-58C5DE752DEC-LeaderElection10] INFO  impl.LeaderElection (LeaderElection.java:askForVotes(308)) - c7a42389-c056-48f2-a17d-b6f94138e9b4@group-58C5DE752DEC-LeaderElection10 ELECTION round 0: result REJECTED
2022-01-06 14:10:30,157 [c7a42389-c056-48f2-a17d-b6f94138e9b4@group-58C5DE752DEC-LeaderElection10] INFO  server.RaftServer$Division (RaftServerImpl.java:setRole(290)) - c7a42389-c056-48f2-a17d-b6f94138e9b4@group-58C5DE752DEC: changes role from CANDIDATE to FOLLOWER at term 2 for REJECTED
2022-01-06 14:10:30,158 [c7a42389-c056-48f2-a17d-b6f94138e9b4@group-58C5DE752DEC-LeaderElection10] INFO  impl.RoleInfo (RoleInfo.java:shutdownLeaderElection(121)) - c7a42389-c056-48f2-a17d-b6f94138e9b4: shutdown c7a42389-c056-48f2-a17d-b6f94138e9b4@group-58C5DE752DEC-LeaderElection10
2022-01-06 14:10:30,158 [c7a42389-c056-48f2-a17d-b6f94138e9b4@group-58C5DE752DEC-LeaderElection10] INFO  impl.RoleInfo (RoleInfo.java:updateAndGet(130)) - c7a42389-c056-48f2-a17d-b6f94138e9b4: start c7a42389-c056-48f2-a17d-b6f94138e9b4@group-58C5DE752DEC-FollowerState
2022-01-06 14:10:31,627 [OM StateMachine ApplyTransaction Thread - 0] INFO  ratis.OzoneManagerStateMachine (OzoneManagerStateMachine.java:takeSnapshot(417)) - Current Snapshot Index (t:2, i:11)
2022-01-06 14:10:31,627 [OM StateMachine ApplyTransaction Thread - 0] INFO  segmented.SegmentedRaftLogWorker (SegmentedRaftLogWorker.java:lambda$new$0(133)) - omNode-1@group-523986131536-SegmentedRaftLogWorker: flushIndex: setUnconditionally 11 -> 11
2022-01-06 14:10:31,627 [OM StateMachine ApplyTransaction Thread - 0] INFO  segmented.SegmentedRaftLogWorker (SegmentedRaftLogWorker.java:lambda$new$0(133)) - omNode-1@group-523986131536-SegmentedRaftLogWorker: safeCacheEvictIndex: setUnconditionally -1 -> 11
2022-01-06 14:10:31,627 [OM StateMachine ApplyTransaction Thread - 0] INFO  segmented.SegmentedRaftLogWorker (SegmentedRaftLogWorker.java:closeLogSegment(415)) - omNode-1@group-523986131536-SegmentedRaftLogWorker: Closing segment log_inprogress_0 to index: 11
2022-01-06 14:10:31,629 [OM StateMachine ApplyTransaction Thread - 0] INFO  raftlog.RaftLog (RaftLogBase.java:lambda$new$0(53)) - omNode-1@group-523986131536-SegmentedRaftLog: snapshotIndex: updateIncreasingly -1 -> 11
2022-01-06 14:10:31,632 [omNode-1@group-523986131536-SegmentedRaftLogWorker] INFO  segmented.SegmentedRaftLogWorker (SegmentedRaftLogWorker.java:execute(558)) - omNode-1@group-523986131536-SegmentedRaftLogWorker: Rolled log segment from /home/runner/work/ozone/ozone/hadoop-ozone/integration-test/target/test-dir/MiniOzoneClusterImpl-fc1c6399-de52-4149-9dd2-17a3712db231/omNode-1/ratis/c9bc4cf4-3bc3-3c60-a66b-523986131536/current/log_inprogress_0 to /home/runner/work/ozone/ozone/hadoop-ozone/integration-test/target/test-dir/MiniOzoneClusterImpl-fc1c6399-de52-4149-9dd2-17a3712db231/omNode-1/ratis/c9bc4cf4-3bc3-3c60-a66b-523986131536/current/log_0-11
2022-01-06 14:10:31,633 [OM StateMachine ApplyTransaction Thread - 0] INFO  om.OzoneManagerPrepareState (OzoneManagerPrepareState.java:writePrepareMarkerFile(262)) - Prepare marker file written with log index 9 to file /home/runner/work/ozone/ozone/hadoop-ozone/integration-test/target/test-dir/MiniOzoneClusterImpl-fc1c6399-de52-4149-9dd2-17a3712db231/omNode-1/current/prepareMarker
2022-01-06 14:10:31,636 [OM StateMachine ApplyTransaction Thread - 0] INFO  ratis.OzoneManagerStateMachine (OzoneManagerStateMachine.java:takeSnapshot(417)) - Current Snapshot Index (t:2, i:11)
2022-01-06 14:10:31,637 [OM StateMachine ApplyTransaction Thread - 0] INFO  upgrade.OMPrepareRequest (OMPrepareRequest.java:validateAndUpdateCache(120)) - OM omNode-1 prepared at log index 9. Returning response txnID: 9
 with log index 9
2022-01-06 14:10:31,637 [OM StateMachine ApplyTransaction Thread - 0] INFO  segmented.SegmentedRaftLogWorker (SegmentedRaftLogWorker.java:lambda$new$0(133)) - omNode-2@group-523986131536-SegmentedRaftLogWorker: flushIndex: setUnconditionally 11 -> 11
2022-01-06 14:10:31,637 [OM StateMachine ApplyTransaction Thread - 0] INFO  segmented.SegmentedRaftLogWorker (SegmentedRaftLogWorker.java:lambda$new$0(133)) - omNode-2@group-523986131536-SegmentedRaftLogWorker: safeCacheEvictIndex: setUnconditionally -1 -> 11
2022-01-06 14:10:31,637 [OM StateMachine ApplyTransaction Thread - 0] INFO  segmented.SegmentedRaftLogWorker (SegmentedRaftLogWorker.java:closeLogSegment(415)) - omNode-2@group-523986131536-SegmentedRaftLogWorker: Closing segment log_inprogress_0 to index: 11
2022-01-06 14:10:31,637 [OM StateMachine ApplyTransaction Thread - 0] INFO  raftlog.RaftLog (RaftLogBase.java:lambda$new$0(53)) - omNode-2@group-523986131536-SegmentedRaftLog: snapshotIndex: updateIncreasingly -1 -> 11
2022-01-06 14:10:31,638 [omNode-2@group-523986131536-SegmentedRaftLogWorker] INFO  segmented.SegmentedRaftLogWorker (SegmentedRaftLogWorker.java:execute(558)) - omNode-2@group-523986131536-SegmentedRaftLogWorker: Rolled log segment from /home/runner/work/ozone/ozone/hadoop-ozone/integration-test/target/test-dir/MiniOzoneClusterImpl-fc1c6399-de52-4149-9dd2-17a3712db231/omNode-2/ratis/c9bc4cf4-3bc3-3c60-a66b-523986131536/current/log_inprogress_0 to /home/runner/work/ozone/ozone/hadoop-ozone/integration-test/target/test-dir/MiniOzoneClusterImpl-fc1c6399-de52-4149-9dd2-17a3712db231/omNode-2/ratis/c9bc4cf4-3bc3-3c60-a66b-523986131536/current/log_0-11
2022-01-06 14:10:31,639 [OM StateMachine ApplyTransaction Thread - 0] INFO  om.OzoneManagerPrepareState (OzoneManagerPrepareState.java:writePrepareMarkerFile(262)) - Prepare marker file written with log index 9 to file /home/runner/work/ozone/ozone/hadoop-ozone/integration-test/target/test-dir/MiniOzoneClusterImpl-fc1c6399-de52-4149-9dd2-17a3712db231/omNode-2/current/prepareMarker
2022-01-06 14:10:31,639 [OM StateMachine ApplyTransaction Thread - 0] INFO  upgrade.OMPrepareRequest (OMPrepareRequest.java:validateAndUpdateCache(120)) - OM omNode-2 prepared at log index 9. Returning response txnID: 9
 with log index 9
2022-01-06 14:10:31,639 [Time-limited test] INFO  om.TestOzoneManagerPrepare (TestOzoneManagerPrepare.java:lambda$assertClusterPrepared$6(454)) - omNode-3 has prepare status: PREPARE_COMPLETED prepare index: 9.
2022-01-06 14:10:31,640 [Time-limited test] INFO  om.TestOzoneManagerPrepare (TestOzoneManagerPrepare.java:lambda$assertClusterPrepared$6(454)) - omNode-1 has prepare status: PREPARE_COMPLETED prepare index: 9.
2022-01-06 14:10:31,640 [Time-limited test] INFO  om.TestOzoneManagerPrepare (TestOzoneManagerPrepare.java:lambda$assertClusterPrepared$6(454)) - omNode-2 has prepare status: PREPARE_COMPLETED prepare index: 9.
2022-01-06 14:10:31,642 [Time-limited test] INFO  rpc.RpcClient (RpcClient.java:createVolume(389)) - Creating Volume: vol, with runner as owner and space quota set to -1 bytes, counts quota set to -1
2022-01-06 14:10:31,643 [IPC Server handler 13 on default port 10216] INFO  ratis.OzoneManagerRatisServer (OzoneManagerRatisServer.java:submitRequest(250)) - Rejecting write request on OM omNode-1 because it is in prepare mode: CreateVolume
2022-01-06 14:10:35,203 [e8cc3e65-88b3-42ee-a50c-79e48b3b2760@group-58C5DE752DEC-FollowerState] INFO  impl.FollowerState (FollowerState.java:run(134)) - e8cc3e65-88b3-42ee-a50c-79e48b3b2760@group-58C5DE752DEC-FollowerState: change to CANDIDATE, lastRpcElapsedTime:5054953367ns, electionTimeout:5049ms
2022-01-06 14:10:35,203 [e8cc3e65-88b3-42ee-a50c-79e48b3b2760@group-58C5DE752DEC-FollowerState] INFO  impl.RoleInfo (RoleInfo.java:shutdownFollowerState(108)) - e8cc3e65-88b3-42ee-a50c-79e48b3b2760: shutdown e8cc3e65-88b3-42ee-a50c-79e48b3b2760@group-58C5DE752DEC-FollowerState
2022-01-06 14:10:35,203 [e8cc3e65-88b3-42ee-a50c-79e48b3b2760@group-58C5DE752DEC-FollowerState] INFO  server.RaftServer$Division (RaftServerImpl.java:setRole(290)) - e8cc3e65-88b3-42ee-a50c-79e48b3b2760@group-58C5DE752DEC: changes role from  FOLLOWER to CANDIDATE at term 2 for changeToCandidate
2022-01-06 14:10:35,203 [e8cc3e65-88b3-42ee-a50c-79e48b3b2760@group-58C5DE752DEC-FollowerState] INFO  server.RaftServerConfigKeys (ConfUtils.java:logGet(44)) - raft.server.leaderelection.pre-vote = false (custom)
2022-01-06 14:10:35,204 [e8cc3e65-88b3-42ee-a50c-79e48b3b2760@group-58C5DE752DEC-FollowerState] INFO  impl.RoleInfo (RoleInfo.java:updateAndGet(130)) - e8cc3e65-88b3-42ee-a50c-79e48b3b2760: start e8cc3e65-88b3-42ee-a50c-79e48b3b2760@group-58C5DE752DEC-LeaderElection12
2022-01-06 14:10:35,209 [e8cc3e65-88b3-42ee-a50c-79e48b3b2760@group-58C5DE752DEC-LeaderElection12] INFO  impl.LeaderElection (LeaderElection.java:askForVotes(306)) - e8cc3e65-88b3-42ee-a50c-79e48b3b2760@group-58C5DE752DEC-LeaderElection12 ELECTION round 0: submit vote requests at term 3 for -1: [6122d92d-66bf-436e-946f-99b77373ac6d|rpc:10.1.0.7:45309|priority:0, e8cc3e65-88b3-42ee-a50c-79e48b3b2760|rpc:10.1.0.7:37863|priority:0, c7a42389-c056-48f2-a17d-b6f94138e9b4|rpc:10.1.0.7:39221|priority:1], old=null
2022-01-06 14:10:35,214 [grpc-default-executor-1] INFO  server.RaftServer$Division (RaftServerImpl.java:requestVote(1046)) - 6122d92d-66bf-436e-946f-99b77373ac6d@group-58C5DE752DEC: receive requestVote(ELECTION, e8cc3e65-88b3-42ee-a50c-79e48b3b2760, group-58C5DE752DEC, 3, (t:0, i:0))
2022-01-06 14:10:35,214 [grpc-default-executor-1] INFO  impl.VoteContext (VoteContext.java:log(48)) - 6122d92d-66bf-436e-946f-99b77373ac6d@group-58C5DE752DEC-FOLLOWER: accept ELECTION from e8cc3e65-88b3-42ee-a50c-79e48b3b2760: our priority 0 <= candidate's priority 0
2022-01-06 14:10:35,214 [grpc-default-executor-1] INFO  server.RaftServer$Division (RaftServerImpl.java:setRole(290)) - 6122d92d-66bf-436e-946f-99b77373ac6d@group-58C5DE752DEC: changes role from  FOLLOWER to FOLLOWER at term 3 for candidate:e8cc3e65-88b3-42ee-a50c-79e48b3b2760
2022-01-06 14:10:35,214 [grpc-default-executor-1] INFO  impl.RoleInfo (RoleInfo.java:shutdownFollowerState(108)) - 6122d92d-66bf-436e-946f-99b77373ac6d: shutdown 6122d92d-66bf-436e-946f-99b77373ac6d@group-58C5DE752DEC-FollowerState
2022-01-06 14:10:35,214 [grpc-default-executor-1] INFO  impl.RoleInfo (RoleInfo.java:updateAndGet(130)) - 6122d92d-66bf-436e-946f-99b77373ac6d: start 6122d92d-66bf-436e-946f-99b77373ac6d@group-58C5DE752DEC-FollowerState
2022-01-06 14:10:35,214 [6122d92d-66bf-436e-946f-99b77373ac6d@group-58C5DE752DEC-FollowerState] INFO  impl.FollowerState (FollowerState.java:run(143)) - 6122d92d-66bf-436e-946f-99b77373ac6d@group-58C5DE752DEC-FollowerState was interrupted: {}
java.lang.InterruptedException: sleep interrupted
	at java.lang.Thread.sleep(Native Method)
	at java.lang.Thread.sleep(Thread.java:340)
	at java.util.concurrent.TimeUnit.sleep(TimeUnit.java:386)
	at org.apache.ratis.util.TimeDuration.sleep(TimeDuration.java:324)
	at org.apache.ratis.util.TimeDuration.sleep(TimeDuration.java:309)
	at org.apache.ratis.server.impl.FollowerState.run(FollowerState.java:118)
2022-01-06 14:10:35,220 [grpc-default-executor-0] INFO  server.RaftServer$Division (RaftServerImpl.java:requestVote(1046)) - c7a42389-c056-48f2-a17d-b6f94138e9b4@group-58C5DE752DEC: receive requestVote(ELECTION, e8cc3e65-88b3-42ee-a50c-79e48b3b2760, group-58C5DE752DEC, 3, (t:0, i:0))
2022-01-06 14:10:35,220 [grpc-default-executor-0] INFO  impl.VoteContext (VoteContext.java:log(48)) - c7a42389-c056-48f2-a17d-b6f94138e9b4@group-58C5DE752DEC-FOLLOWER: reject ELECTION from e8cc3e65-88b3-42ee-a50c-79e48b3b2760: our priority 1 > candidate's priority 0
2022-01-06 14:10:35,220 [grpc-default-executor-0] INFO  server.RaftServer$Division (RaftServerImpl.java:setRole(290)) - c7a42389-c056-48f2-a17d-b6f94138e9b4@group-58C5DE752DEC: changes role from  FOLLOWER to FOLLOWER at term 3 for candidate:e8cc3e65-88b3-42ee-a50c-79e48b3b2760
2022-01-06 14:10:35,220 [grpc-default-executor-0] INFO  impl.RoleInfo (RoleInfo.java:shutdownFollowerState(108)) - c7a42389-c056-48f2-a17d-b6f94138e9b4: shutdown c7a42389-c056-48f2-a17d-b6f94138e9b4@group-58C5DE752DEC-FollowerState
2022-01-06 14:10:35,220 [grpc-default-executor-0] INFO  impl.RoleInfo (RoleInfo.java:updateAndGet(130)) - c7a42389-c056-48f2-a17d-b6f94138e9b4: start c7a42389-c056-48f2-a17d-b6f94138e9b4@group-58C5DE752DEC-FollowerState
2022-01-06 14:10:35,220 [c7a42389-c056-48f2-a17d-b6f94138e9b4@group-58C5DE752DEC-FollowerState] INFO  impl.FollowerState (FollowerState.java:run(143)) - c7a42389-c056-48f2-a17d-b6f94138e9b4@group-58C5DE752DEC-FollowerState was interrupted: {}
java.lang.InterruptedException: sleep interrupted
	at java.lang.Thread.sleep(Native Method)
	at java.lang.Thread.sleep(Thread.java:340)
	at java.util.concurrent.TimeUnit.sleep(TimeUnit.java:386)
	at org.apache.ratis.util.TimeDuration.sleep(TimeDuration.java:324)
	at org.apache.ratis.util.TimeDuration.sleep(TimeDuration.java:309)
	at org.apache.ratis.server.impl.FollowerState.run(FollowerState.java:118)
2022-01-06 14:10:35,225 [grpc-default-executor-0] INFO  server.RaftServer$Division (RaftServerImpl.java:requestVote(1078)) - c7a42389-c056-48f2-a17d-b6f94138e9b4@group-58C5DE752DEC replies to ELECTION vote request: e8cc3e65-88b3-42ee-a50c-79e48b3b2760<-c7a42389-c056-48f2-a17d-b6f94138e9b4#0:FAIL-t3. Peer's state: c7a42389-c056-48f2-a17d-b6f94138e9b4@group-58C5DE752DEC:t3, leader=null, voted=null, raftlog=c7a42389-c056-48f2-a17d-b6f94138e9b4@group-58C5DE752DEC-SegmentedRaftLog:OPENED:c-1, conf=-1: [6122d92d-66bf-436e-946f-99b77373ac6d|rpc:10.1.0.7:45309|dataStream:|priority:0, e8cc3e65-88b3-42ee-a50c-79e48b3b2760|rpc:10.1.0.7:37863|dataStream:|priority:0, c7a42389-c056-48f2-a17d-b6f94138e9b4|rpc:10.1.0.7:39221|dataStream:|priority:1], old=null
2022-01-06 14:10:35,225 [grpc-default-executor-1] INFO  server.RaftServer$Division (RaftServerImpl.java:requestVote(1078)) - 6122d92d-66bf-436e-946f-99b77373ac6d@group-58C5DE752DEC replies to ELECTION vote request: e8cc3e65-88b3-42ee-a50c-79e48b3b2760<-6122d92d-66bf-436e-946f-99b77373ac6d#0:OK-t3. Peer's state: 6122d92d-66bf-436e-946f-99b77373ac6d@group-58C5DE752DEC:t3, leader=null, voted=e8cc3e65-88b3-42ee-a50c-79e48b3b2760, raftlog=6122d92d-66bf-436e-946f-99b77373ac6d@group-58C5DE752DEC-SegmentedRaftLog:OPENED:c-1, conf=-1: [6122d92d-66bf-436e-946f-99b77373ac6d|rpc:10.1.0.7:45309|dataStream:|priority:0, e8cc3e65-88b3-42ee-a50c-79e48b3b2760|rpc:10.1.0.7:37863|dataStream:|priority:0, c7a42389-c056-48f2-a17d-b6f94138e9b4|rpc:10.1.0.7:39221|dataStream:|priority:1], old=null
2022-01-06 14:10:35,226 [e8cc3e65-88b3-42ee-a50c-79e48b3b2760@group-58C5DE752DEC-LeaderElection12] INFO  impl.LeaderElection (LeaderElection.java:logAndReturn(89)) - e8cc3e65-88b3-42ee-a50c-79e48b3b2760@group-58C5DE752DEC-LeaderElection12: ELECTION REJECTED received 1 response(s) and 0 exception(s):
2022-01-06 14:10:35,227 [e8cc3e65-88b3-42ee-a50c-79e48b3b2760@group-58C5DE752DEC-LeaderElection12] INFO  impl.LeaderElection (LeaderElection.java:logAndReturn(93)) -   Response 0: e8cc3e65-88b3-42ee-a50c-79e48b3b2760<-c7a42389-c056-48f2-a17d-b6f94138e9b4#0:FAIL-t3
2022-01-06 14:10:35,227 [e8cc3e65-88b3-42ee-a50c-79e48b3b2760@group-58C5DE752DEC-LeaderElection12] INFO  impl.LeaderElection (LeaderElection.java:askForVotes(308)) - e8cc3e65-88b3-42ee-a50c-79e48b3b2760@group-58C5DE752DEC-LeaderElection12 ELECTION round 0: result REJECTED
2022-01-06 14:10:35,227 [e8cc3e65-88b3-42ee-a50c-79e48b3b2760@group-58C5DE752DEC-LeaderElection12] INFO  server.RaftServer$Division (RaftServerImpl.java:setRole(290)) - e8cc3e65-88b3-42ee-a50c-79e48b3b2760@group-58C5DE752DEC: changes role from CANDIDATE to FOLLOWER at term 3 for REJECTED
2022-01-06 14:10:35,227 [e8cc3e65-88b3-42ee-a50c-79e48b3b2760@group-58C5DE752DEC-LeaderElection12] INFO  impl.RoleInfo (RoleInfo.java:shutdownLeaderElection(121)) - e8cc3e65-88b3-42ee-a50c-79e48b3b2760: shutdown e8cc3e65-88b3-42ee-a50c-79e48b3b2760@group-58C5DE752DEC-LeaderElection12
2022-01-06 14:10:35,227 [e8cc3e65-88b3-42ee-a50c-79e48b3b2760@group-58C5DE752DEC-LeaderElection12] INFO  impl.RoleInfo (RoleInfo.java:updateAndGet(130)) - e8cc3e65-88b3-42ee-a50c-79e48b3b2760: start e8cc3e65-88b3-42ee-a50c-79e48b3b2760@group-58C5DE752DEC-FollowerState
2022-01-06 14:10:40,371 [c7a42389-c056-48f2-a17d-b6f94138e9b4@group-58C5DE752DEC-FollowerState] INFO  impl.FollowerState (FollowerState.java:run(134)) - c7a42389-c056-48f2-a17d-b6f94138e9b4@group-58C5DE752DEC-FollowerState: change to CANDIDATE, lastRpcElapsedTime:5150592609ns, electionTimeout:5146ms
2022-01-06 14:10:40,374 [c7a42389-c056-48f2-a17d-b6f94138e9b4@group-58C5DE752DEC-FollowerState] INFO  impl.RoleInfo (RoleInfo.java:shutdownFollowerState(108)) - c7a42389-c056-48f2-a17d-b6f94138e9b4: shutdown c7a42389-c056-48f2-a17d-b6f94138e9b4@group-58C5DE752DEC-FollowerState
2022-01-06 14:10:40,374 [c7a42389-c056-48f2-a17d-b6f94138e9b4@group-58C5DE752DEC-FollowerState] INFO  server.RaftServer$Division (RaftServerImpl.java:setRole(290)) - c7a42389-c056-48f2-a17d-b6f94138e9b4@group-58C5DE752DEC: changes role from  FOLLOWER to CANDIDATE at term 3 for changeToCandidate
2022-01-06 14:10:40,374 [c7a42389-c056-48f2-a17d-b6f94138e9b4@group-58C5DE752DEC-FollowerState] INFO  server.RaftServerConfigKeys (ConfUtils.java:logGet(44)) - raft.server.leaderelection.pre-vote = false (custom)
2022-01-06 14:10:40,374 [c7a42389-c056-48f2-a17d-b6f94138e9b4@group-58C5DE752DEC-FollowerState] INFO  impl.RoleInfo (RoleInfo.java:updateAndGet(130)) - c7a42389-c056-48f2-a17d-b6f94138e9b4: start c7a42389-c056-48f2-a17d-b6f94138e9b4@group-58C5DE752DEC-LeaderElection13
2022-01-06 14:10:40,378 [c7a42389-c056-48f2-a17d-b6f94138e9b4@group-58C5DE752DEC-LeaderElection13] INFO  impl.LeaderElection (LeaderElection.java:askForVotes(306)) - c7a42389-c056-48f2-a17d-b6f94138e9b4@group-58C5DE752DEC-LeaderElection13 ELECTION round 0: submit vote requests at term 4 for -1: [6122d92d-66bf-436e-946f-99b77373ac6d|rpc:10.1.0.7:45309|dataStream:|priority:0, e8cc3e65-88b3-42ee-a50c-79e48b3b2760|rpc:10.1.0.7:37863|dataStream:|priority:0, c7a42389-c056-48f2-a17d-b6f94138e9b4|rpc:10.1.0.7:39221|dataStream:|priority:1], old=null
2022-01-06 14:10:40,383 [grpc-default-executor-1] INFO  server.RaftServer$Division (RaftServerImpl.java:requestVote(1046)) - 6122d92d-66bf-436e-946f-99b77373ac6d@group-58C5DE752DEC: receive requestVote(ELECTION, c7a42389-c056-48f2-a17d-b6f94138e9b4, group-58C5DE752DEC, 4, (t:0, i:0))
2022-01-06 14:10:40,384 [grpc-default-executor-1] INFO  impl.VoteContext (VoteContext.java:log(48)) - 6122d92d-66bf-436e-946f-99b77373ac6d@group-58C5DE752DEC-FOLLOWER: accept ELECTION from c7a42389-c056-48f2-a17d-b6f94138e9b4: our priority 0 <= candidate's priority 1
2022-01-06 14:10:40,384 [grpc-default-executor-1] INFO  server.RaftServer$Division (RaftServerImpl.java:setRole(290)) - 6122d92d-66bf-436e-946f-99b77373ac6d@group-58C5DE752DEC: changes role from  FOLLOWER to FOLLOWER at term 4 for candidate:c7a42389-c056-48f2-a17d-b6f94138e9b4
2022-01-06 14:10:40,384 [grpc-default-executor-1] INFO  impl.RoleInfo (RoleInfo.java:shutdownFollowerState(108)) - 6122d92d-66bf-436e-946f-99b77373ac6d: shutdown 6122d92d-66bf-436e-946f-99b77373ac6d@group-58C5DE752DEC-FollowerState
2022-01-06 14:10:40,384 [grpc-default-executor-1] INFO  impl.RoleInfo (RoleInfo.java:updateAndGet(130)) - 6122d92d-66bf-436e-946f-99b77373ac6d: start 6122d92d-66bf-436e-946f-99b77373ac6d@group-58C5DE752DEC-FollowerState
2022-01-06 14:10:40,384 [6122d92d-66bf-436e-946f-99b77373ac6d@group-58C5DE752DEC-FollowerState] INFO  impl.FollowerState (FollowerState.java:run(143)) - 6122d92d-66bf-436e-946f-99b77373ac6d@group-58C5DE752DEC-FollowerState was interrupted: {}
java.lang.InterruptedException: sleep interrupted
	at java.lang.Thread.sleep(Native Method)
	at java.lang.Thread.sleep(Thread.java:340)
	at java.util.concurrent.TimeUnit.sleep(TimeUnit.java:386)
	at org.apache.ratis.util.TimeDuration.sleep(TimeDuration.java:324)
	at org.apache.ratis.util.TimeDuration.sleep(TimeDuration.java:309)
	at org.apache.ratis.server.impl.FollowerState.run(FollowerState.java:118)
2022-01-06 14:10:40,390 [grpc-default-executor-1] INFO  server.RaftServer$Division (RaftServerImpl.java:requestVote(1078)) - 6122d92d-66bf-436e-946f-99b77373ac6d@group-58C5DE752DEC replies to ELECTION vote request: c7a42389-c056-48f2-a17d-b6f94138e9b4<-6122d92d-66bf-436e-946f-99b77373ac6d#0:OK-t4. Peer's state: 6122d92d-66bf-436e-946f-99b77373ac6d@group-58C5DE752DEC:t4, leader=null, voted=c7a42389-c056-48f2-a17d-b6f94138e9b4, raftlog=6122d92d-66bf-436e-946f-99b77373ac6d@group-58C5DE752DEC-SegmentedRaftLog:OPENED:c-1, conf=-1: [6122d92d-66bf-436e-946f-99b77373ac6d|rpc:10.1.0.7:45309|dataStream:|priority:0, e8cc3e65-88b3-42ee-a50c-79e48b3b2760|rpc:10.1.0.7:37863|dataStream:|priority:0, c7a42389-c056-48f2-a17d-b6f94138e9b4|rpc:10.1.0.7:39221|dataStream:|priority:1], old=null
2022-01-06 14:10:40,391 [c7a42389-c056-48f2-a17d-b6f94138e9b4@group-58C5DE752DEC-LeaderElection13] INFO  impl.LeaderElection (LeaderElection.java:logAndReturn(89)) - c7a42389-c056-48f2-a17d-b6f94138e9b4@group-58C5DE752DEC-LeaderElection13: ELECTION PASSED received 1 response(s) and 0 exception(s):
2022-01-06 14:10:40,391 [c7a42389-c056-48f2-a17d-b6f94138e9b4@group-58C5DE752DEC-LeaderElection13] INFO  impl.LeaderElection (LeaderElection.java:logAndReturn(93)) -   Response 0: c7a42389-c056-48f2-a17d-b6f94138e9b4<-6122d92d-66bf-436e-946f-99b77373ac6d#0:OK-t4
2022-01-06 14:10:40,391 [c7a42389-c056-48f2-a17d-b6f94138e9b4@group-58C5DE752DEC-LeaderElection13] INFO  impl.LeaderElection (LeaderElection.java:askForVotes(308)) - c7a42389-c056-48f2-a17d-b6f94138e9b4@group-58C5DE752DEC-LeaderElection13 ELECTION round 0: result PASSED
2022-01-06 14:10:40,391 [c7a42389-c056-48f2-a17d-b6f94138e9b4@group-58C5DE752DEC-LeaderElection13] INFO  impl.RoleInfo (RoleInfo.java:shutdownLeaderElection(121)) - c7a42389-c056-48f2-a17d-b6f94138e9b4: shutdown c7a42389-c056-48f2-a17d-b6f94138e9b4@group-58C5DE752DEC-LeaderElection13
2022-01-06 14:10:40,391 [c7a42389-c056-48f2-a17d-b6f94138e9b4@group-58C5DE752DEC-LeaderElection13] INFO  server.RaftServer$Division (RaftServerImpl.java:setRole(290)) - c7a42389-c056-48f2-a17d-b6f94138e9b4@group-58C5DE752DEC: changes role from CANDIDATE to LEADER at term 4 for changeToLeader
2022-01-06 14:10:40,391 [c7a42389-c056-48f2-a17d-b6f94138e9b4@group-58C5DE752DEC-LeaderElection13] INFO  ratis.XceiverServerRatis (XceiverServerRatis.java:handleLeaderChangedNotification(866)) - Leader change notification received for group: group-58C5DE752DEC with new leaderId: c7a42389-c056-48f2-a17d-b6f94138e9b4
2022-01-06 14:10:40,391 [c7a42389-c056-48f2-a17d-b6f94138e9b4@group-58C5DE752DEC-LeaderElection13] INFO  server.RaftServer$Division (ServerState.java:setLeader(285)) - c7a42389-c056-48f2-a17d-b6f94138e9b4@group-58C5DE752DEC: change Leader from null to c7a42389-c056-48f2-a17d-b6f94138e9b4 at term 4 for becomeLeader, leader elected after 20272ms
2022-01-06 14:10:40,391 [c7a42389-c056-48f2-a17d-b6f94138e9b4@group-58C5DE752DEC-LeaderElection13] INFO  server.RaftServerConfigKeys (ConfUtils.java:logGet(44)) - raft.server.staging.catchup.gap = 1000 (default)
2022-01-06 14:10:40,392 [c7a42389-c056-48f2-a17d-b6f94138e9b4@group-58C5DE752DEC-LeaderElection13] INFO  server.RaftServerConfigKeys (ConfUtils.java:logGet(44)) - raft.server.write.element-limit = 1024 (custom)
2022-01-06 14:10:40,392 [c7a42389-c056-48f2-a17d-b6f94138e9b4@group-58C5DE752DEC-LeaderElection13] INFO  server.RaftServerConfigKeys (ConfUtils.java:logGet(44)) - raft.server.write.byte-limit = 1024 M (=1073741824) (custom)
2022-01-06 14:10:40,392 [c7a42389-c056-48f2-a17d-b6f94138e9b4@group-58C5DE752DEC-LeaderElection13] INFO  server.RaftServerConfigKeys (ConfUtils.java:logGet(44)) - raft.server.watch.timeout = 180s (custom)
2022-01-06 14:10:40,392 [c7a42389-c056-48f2-a17d-b6f94138e9b4@group-58C5DE752DEC-LeaderElection13] INFO  server.RaftServerConfigKeys (ConfUtils.java:logGet(44)) - raft.server.watch.timeout.denomination = 1s (default)
2022-01-06 14:10:40,392 [c7a42389-c056-48f2-a17d-b6f94138e9b4@group-58C5DE752DEC-LeaderElection13] INFO  server.RaftServerConfigKeys (ConfUtils.java:logGet(44)) - raft.server.watch.element-limit = 65536 (default)
2022-01-06 14:10:40,392 [c7a42389-c056-48f2-a17d-b6f94138e9b4@group-58C5DE752DEC-LeaderElection13] INFO  server.RaftServerConfigKeys (ConfUtils.java:logGet(44)) - raft.server.write.element-limit = 1024 (custom)
2022-01-06 14:10:40,392 [c7a42389-c056-48f2-a17d-b6f94138e9b4@group-58C5DE752DEC-LeaderElection13] INFO  server.RaftServerConfigKeys (ConfUtils.java:logGet(44)) - raft.server.write.follower.gap.ratio.max = -1.0 (default)
2022-01-06 14:10:40,392 [c7a42389-c056-48f2-a17d-b6f94138e9b4@group-58C5DE752DEC-LeaderElection13] INFO  server.RaftServerConfigKeys (ConfUtils.java:logGet(44)) - raft.server.log.appender.snapshot.chunk.size.max = 16MB (=16777216) (default)
2022-01-06 14:10:40,392 [grpc-default-executor-1] INFO  server.RaftServer$Division (RaftServerImpl.java:requestVote(1046)) - e8cc3e65-88b3-42ee-a50c-79e48b3b2760@group-58C5DE752DEC: receive requestVote(ELECTION, c7a42389-c056-48f2-a17d-b6f94138e9b4, group-58C5DE752DEC, 4, (t:0, i:0))
2022-01-06 14:10:40,397 [EventQueue-PipelineReportForPipelineReportHandler] INFO  pipeline.PipelineManagerImpl (PipelineManagerImpl.java:openPipeline(291)) - Pipeline Pipeline[ Id: 2f361a81-dae7-4587-a701-58c5de752dec, Nodes: e8cc3e65-88b3-42ee-a50c-79e48b3b2760{ip: 10.1.0.7, host: fv-az297-741.nmf1rxwemy4u5di1sxxf4ejcwb.jx.internal.cloudapp.net, ports: [REPLICATION=40053, RATIS=37863, RATIS_ADMIN=37863, RATIS_SERVER=37863, STANDALONE=39175], networkLocation: /default-rack, certSerialId: null, persistedOpState: IN_SERVICE, persistedOpStateExpiryEpochSec: 0}6122d92d-66bf-436e-946f-99b77373ac6d{ip: 10.1.0.7, host: fv-az297-741.nmf1rxwemy4u5di1sxxf4ejcwb.jx.internal.cloudapp.net, ports: [REPLICATION=34155, RATIS=45309, RATIS_ADMIN=45309, RATIS_SERVER=45309, STANDALONE=46751], networkLocation: /default-rack, certSerialId: null, persistedOpState: IN_SERVICE, persistedOpStateExpiryEpochSec: 0}c7a42389-c056-48f2-a17d-b6f94138e9b4{ip: 10.1.0.7, host: fv-az297-741.nmf1rxwemy4u5di1sxxf4ejcwb.jx.internal.cloudapp.net, ports: [REPLICATION=38255, RATIS=39221, RATIS_ADMIN=39221, RATIS_SERVER=39221, STANDALONE=41749], networkLocation: /default-rack, certSerialId: null, persistedOpState: IN_SERVICE, persistedOpStateExpiryEpochSec: 0}, ReplicationConfig: RATIS/THREE, State:ALLOCATED, leaderId:c7a42389-c056-48f2-a17d-b6f94138e9b4, CreationTimestamp2022-01-06T14:10:17.844Z[Etc/UTC]] moved to OPEN state
2022-01-06 14:10:40,392 [c7a42389-c056-48f2-a17d-b6f94138e9b4@group-58C5DE752DEC-LeaderElection13] INFO  server.RaftServerConfigKeys (ConfUtils.java:logGet(44)) - raft.server.log.appender.buffer.byte-limit = 33554432 (custom)
2022-01-06 14:10:40,398 [grpc-default-executor-1] INFO  impl.VoteContext (VoteContext.java:log(48)) - e8cc3e65-88b3-42ee-a50c-79e48b3b2760@group-58C5DE752DEC-FOLLOWER: accept ELECTION from c7a42389-c056-48f2-a17d-b6f94138e9b4: our priority 0 <= candidate's priority 1
2022-01-06 14:10:40,399 [c7a42389-c056-48f2-a17d-b6f94138e9b4@group-58C5DE752DEC-LeaderElection13] INFO  server.RaftServerConfigKeys (ConfUtils.java:logGet(44)) - raft.server.log.appender.buffer.element-limit = 1 (custom)
2022-01-06 14:10:40,400 [c7a42389-c056-48f2-a17d-b6f94138e9b4@group-58C5DE752DEC-LeaderElection13] INFO  grpc.GrpcConfigKeys (ConfUtils.java:logGet(44)) - raft.grpc.server.leader.outstanding.appends.max = 128 (default)
2022-01-06 14:10:40,400 [c7a42389-c056-48f2-a17d-b6f94138e9b4@group-58C5DE752DEC-LeaderElection13] INFO  server.RaftServerConfigKeys (ConfUtils.java:logGet(44)) - raft.server.rpc.request.timeout = 60s (custom)
2022-01-06 14:10:40,400 [grpc-default-executor-1] INFO  server.RaftServer$Division (RaftServerImpl.java:setRole(290)) - e8cc3e65-88b3-42ee-a50c-79e48b3b2760@group-58C5DE752DEC: changes role from  FOLLOWER to FOLLOWER at term 4 for candidate:c7a42389-c056-48f2-a17d-b6f94138e9b4
2022-01-06 14:10:40,400 [grpc-default-executor-1] INFO  impl.RoleInfo (RoleInfo.java:shutdownFollowerState(108)) - e8cc3e65-88b3-42ee-a50c-79e48b3b2760: shutdown e8cc3e65-88b3-42ee-a50c-79e48b3b2760@group-58C5DE752DEC-FollowerState
2022-01-06 14:10:40,400 [c7a42389-c056-48f2-a17d-b6f94138e9b4@group-58C5DE752DEC-LeaderElection13] INFO  server.RaftServerConfigKeys (ConfUtils.java:logGet(44)) - raft.server.log.appender.install.snapshot.enabled = false (custom)
2022-01-06 14:10:40,401 [c7a42389-c056-48f2-a17d-b6f94138e9b4@group-58C5DE752DEC-LeaderElection13] INFO  server.RaftServerConfigKeys (ConfUtils.java:logGet(44)) - raft.server.log.appender.snapshot.chunk.size.max = 16MB (=16777216) (default)
2022-01-06 14:10:40,401 [c7a42389-c056-48f2-a17d-b6f94138e9b4@group-58C5DE752DEC-LeaderElection13] INFO  server.RaftServerConfigKeys (ConfUtils.java:logGet(44)) - raft.server.log.appender.buffer.byte-limit = 33554432 (custom)
2022-01-06 14:10:40,401 [c7a42389-c056-48f2-a17d-b6f94138e9b4@group-58C5DE752DEC-LeaderElection13] INFO  server.RaftServerConfigKeys (ConfUtils.java:logGet(44)) - raft.server.log.appender.buffer.element-limit = 1 (custom)
2022-01-06 14:10:40,402 [e8cc3e65-88b3-42ee-a50c-79e48b3b2760@group-58C5DE752DEC-FollowerState] INFO  impl.FollowerState (FollowerState.java:run(143)) - e8cc3e65-88b3-42ee-a50c-79e48b3b2760@group-58C5DE752DEC-FollowerState was interrupted: {}
java.lang.InterruptedException: sleep interrupted
	at java.lang.Thread.sleep(Native Method)
	at java.lang.Thread.sleep(Thread.java:340)
	at java.util.concurrent.TimeUnit.sleep(TimeUnit.java:386)
	at org.apache.ratis.util.TimeDuration.sleep(TimeDuration.java:324)
	at org.apache.ratis.util.TimeDuration.sleep(TimeDuration.java:309)
	at org.apache.ratis.server.impl.FollowerState.run(FollowerState.java:118)
2022-01-06 14:10:40,402 [grpc-default-executor-1] INFO  impl.RoleInfo (RoleInfo.java:updateAndGet(130)) - e8cc3e65-88b3-42ee-a50c-79e48b3b2760: start e8cc3e65-88b3-42ee-a50c-79e48b3b2760@group-58C5DE752DEC-FollowerState
2022-01-06 14:10:40,404 [c7a42389-c056-48f2-a17d-b6f94138e9b4@group-58C5DE752DEC-LeaderElection13] INFO  grpc.GrpcConfigKeys (ConfUtils.java:logGet(44)) - raft.grpc.server.leader.outstanding.appends.max = 128 (default)
2022-01-06 14:10:40,404 [c7a42389-c056-48f2-a17d-b6f94138e9b4@group-58C5DE752DEC-LeaderElection13] INFO  server.RaftServerConfigKeys (ConfUtils.java:logGet(44)) - raft.server.rpc.request.timeout = 60s (custom)
2022-01-06 14:10:40,404 [c7a42389-c056-48f2-a17d-b6f94138e9b4@group-58C5DE752DEC-LeaderElection13] INFO  server.RaftServerConfigKeys (ConfUtils.java:logGet(44)) - raft.server.log.appender.install.snapshot.enabled = false (custom)
2022-01-06 14:10:40,405 [c7a42389-c056-48f2-a17d-b6f94138e9b4@group-58C5DE752DEC-LeaderElection13] INFO  impl.RoleInfo (RoleInfo.java:updateAndGet(130)) - c7a42389-c056-48f2-a17d-b6f94138e9b4: start c7a42389-c056-48f2-a17d-b6f94138e9b4@group-58C5DE752DEC-LeaderStateImpl
2022-01-06 14:10:40,405 [c7a42389-c056-48f2-a17d-b6f94138e9b4@group-58C5DE752DEC-LeaderElection13] INFO  segmented.SegmentedRaftLogWorker (SegmentedRaftLogWorker.java:startLogSegment(394)) - c7a42389-c056-48f2-a17d-b6f94138e9b4@group-58C5DE752DEC-SegmentedRaftLogWorker: Starting segment from index:0
2022-01-06 14:10:40,406 [grpc-default-executor-1] INFO  server.RaftServer$Division (RaftServerImpl.java:requestVote(1078)) - e8cc3e65-88b3-42ee-a50c-79e48b3b2760@group-58C5DE752DEC replies to ELECTION vote request: c7a42389-c056-48f2-a17d-b6f94138e9b4<-e8cc3e65-88b3-42ee-a50c-79e48b3b2760#0:OK-t4. Peer's state: e8cc3e65-88b3-42ee-a50c-79e48b3b2760@group-58C5DE752DEC:t4, leader=null, voted=c7a42389-c056-48f2-a17d-b6f94138e9b4, raftlog=e8cc3e65-88b3-42ee-a50c-79e48b3b2760@group-58C5DE752DEC-SegmentedRaftLog:OPENED:c-1, conf=-1: [6122d92d-66bf-436e-946f-99b77373ac6d|rpc:10.1.0.7:45309|priority:0, e8cc3e65-88b3-42ee-a50c-79e48b3b2760|rpc:10.1.0.7:37863|priority:0, c7a42389-c056-48f2-a17d-b6f94138e9b4|rpc:10.1.0.7:39221|priority:1], old=null
2022-01-06 14:10:40,406 [c7a42389-c056-48f2-a17d-b6f94138e9b4@group-58C5DE752DEC-SegmentedRaftLogWorker] INFO  segmented.SegmentedRaftLogWorker (SegmentedRaftLogWorker.java:execute(601)) - c7a42389-c056-48f2-a17d-b6f94138e9b4@group-58C5DE752DEC-SegmentedRaftLogWorker: created new log segment /home/runner/work/ozone/ozone/hadoop-ozone/integration-test/target/test-dir/MiniOzoneClusterImpl-fc1c6399-de52-4149-9dd2-17a3712db231/datanode-2/data/ratis/2f361a81-dae7-4587-a701-58c5de752dec/current/log_inprogress_0
2022-01-06 14:10:40,418 [c7a42389-c056-48f2-a17d-b6f94138e9b4@group-58C5DE752DEC-LeaderElection13] INFO  server.RaftServer$Division (ServerState.java:setRaftConf(387)) - c7a42389-c056-48f2-a17d-b6f94138e9b4@group-58C5DE752DEC: set configuration 0: [6122d92d-66bf-436e-946f-99b77373ac6d|rpc:10.1.0.7:45309|dataStream:|priority:0, e8cc3e65-88b3-42ee-a50c-79e48b3b2760|rpc:10.1.0.7:37863|dataStream:|priority:0, c7a42389-c056-48f2-a17d-b6f94138e9b4|rpc:10.1.0.7:39221|dataStream:|priority:1], old=null
2022-01-06 14:10:40,425 [grpc-default-executor-1] INFO  ratis.XceiverServerRatis (XceiverServerRatis.java:handleLeaderChangedNotification(866)) - Leader change notification received for group: group-58C5DE752DEC with new leaderId: c7a42389-c056-48f2-a17d-b6f94138e9b4
2022-01-06 14:10:40,425 [grpc-default-executor-1] INFO  server.RaftServer$Division (ServerState.java:setLeader(285)) - e8cc3e65-88b3-42ee-a50c-79e48b3b2760@group-58C5DE752DEC: change Leader from null to c7a42389-c056-48f2-a17d-b6f94138e9b4 at term 4 for appendEntries, leader elected after 20463ms
2022-01-06 14:10:40,431 [grpc-default-executor-0] INFO  ratis.XceiverServerRatis (XceiverServerRatis.java:handleLeaderChangedNotification(866)) - Leader change notification received for group: group-58C5DE752DEC with new leaderId: c7a42389-c056-48f2-a17d-b6f94138e9b4
2022-01-06 14:10:40,431 [grpc-default-executor-0] INFO  server.RaftServer$Division (ServerState.java:setLeader(285)) - 6122d92d-66bf-436e-946f-99b77373ac6d@group-58C5DE752DEC: change Leader from null to c7a42389-c056-48f2-a17d-b6f94138e9b4 at term 4 for appendEntries, leader elected after 20385ms
2022-01-06 14:10:40,434 [grpc-default-executor-0] INFO  server.RaftServer$Division (ServerState.java:setRaftConf(387)) - 6122d92d-66bf-436e-946f-99b77373ac6d@group-58C5DE752DEC: set configuration 0: [6122d92d-66bf-436e-946f-99b77373ac6d|rpc:10.1.0.7:45309|dataStream:|priority:0, e8cc3e65-88b3-42ee-a50c-79e48b3b2760|rpc:10.1.0.7:37863|dataStream:|priority:0, c7a42389-c056-48f2-a17d-b6f94138e9b4|rpc:10.1.0.7:39221|dataStream:|priority:1], old=null
2022-01-06 14:10:40,434 [grpc-default-executor-1] INFO  server.RaftServer$Division (ServerState.java:setRaftConf(387)) - e8cc3e65-88b3-42ee-a50c-79e48b3b2760@group-58C5DE752DEC: set configuration 0: [6122d92d-66bf-436e-946f-99b77373ac6d|rpc:10.1.0.7:45309|dataStream:|priority:0, e8cc3e65-88b3-42ee-a50c-79e48b3b2760|rpc:10.1.0.7:37863|dataStream:|priority:0, c7a42389-c056-48f2-a17d-b6f94138e9b4|rpc:10.1.0.7:39221|dataStream:|priority:1], old=null
2022-01-06 14:10:40,435 [grpc-default-executor-0] INFO  segmented.SegmentedRaftLogWorker (SegmentedRaftLogWorker.java:startLogSegment(394)) - 6122d92d-66bf-436e-946f-99b77373ac6d@group-58C5DE752DEC-SegmentedRaftLogWorker: Starting segment from index:0
2022-01-06 14:10:40,435 [grpc-default-executor-1] INFO  segmented.SegmentedRaftLogWorker (SegmentedRaftLogWorker.java:startLogSegment(394)) - e8cc3e65-88b3-42ee-a50c-79e48b3b2760@group-58C5DE752DEC-SegmentedRaftLogWorker: Starting segment from index:0
2022-01-06 14:10:40,436 [e8cc3e65-88b3-42ee-a50c-79e48b3b2760@group-58C5DE752DEC-SegmentedRaftLogWorker] INFO  segmented.SegmentedRaftLogWorker (SegmentedRaftLogWorker.java:execute(601)) - e8cc3e65-88b3-42ee-a50c-79e48b3b2760@group-58C5DE752DEC-SegmentedRaftLogWorker: created new log segment /home/runner/work/ozone/ozone/hadoop-ozone/integration-test/target/test-dir/MiniOzoneClusterImpl-fc1c6399-de52-4149-9dd2-17a3712db231/datanode-0/data/ratis/2f361a81-dae7-4587-a701-58c5de752dec/current/log_inprogress_0
2022-01-06 14:10:40,439 [6122d92d-66bf-436e-946f-99b77373ac6d@group-58C5DE752DEC-SegmentedRaftLogWorker] INFO  segmented.SegmentedRaftLogWorker (SegmentedRaftLogWorker.java:execute(601)) - 6122d92d-66bf-436e-946f-99b77373ac6d@group-58C5DE752DEC-SegmentedRaftLogWorker: created new log segment /home/runner/work/ozone/ozone/hadoop-ozone/integration-test/target/test-dir/MiniOzoneClusterImpl-fc1c6399-de52-4149-9dd2-17a3712db231/datanode-1/data/ratis/2f361a81-dae7-4587-a701-58c5de752dec/current/log_inprogress_0
2022-01-06 14:12:31,688 [Time-limited test] INFO  om.OzoneManager (OzoneManager.java:stop(1893)) - omNode-3[localhost:10228]: Stopping Ozone Manager
2022-01-06 14:12:31,690 [Time-limited test] INFO  ipc.Server (Server.java:stop(3414)) - Stopping server on 10228
2022-01-06 14:12:31,697 [IPC Server listener on 10228] INFO  ipc.Server (Server.java:run(1376)) - Stopping IPC Server listener on 10228
2022-01-06 14:12:31,698 [IPC Server Responder] INFO  ipc.Server (Server.java:run(1512)) - Stopping IPC Server Responder
2022-01-06 14:12:31,700 [Time-limited test] INFO  server.RaftServer (RaftServerProxy.java:lambda$close$6(391)) - omNode-3: close
2022-01-06 14:12:31,700 [Time-limited test] INFO  server.RaftServer$Division (RaftServerImpl.java:lambda$close$4(412)) - omNode-3@group-523986131536: shutdown
2022-01-06 14:12:31,700 [Time-limited test] INFO  util.JmxRegister (JmxRegister.java:unregister(73)) - Successfully un-registered JMX Bean with object name Ratis:service=RaftServer,group=group-523986131536,id=omNode-3
2022-01-06 14:12:31,701 [Time-limited test] INFO  impl.RoleInfo (RoleInfo.java:shutdownFollowerState(108)) - omNode-3: shutdown omNode-3@group-523986131536-FollowerState
2022-01-06 14:12:31,701 [omNode-3@group-523986131536-FollowerState] INFO  impl.FollowerState (FollowerState.java:run(143)) - omNode-3@group-523986131536-FollowerState was interrupted: {}
java.lang.InterruptedException: sleep interrupted
	at java.lang.Thread.sleep(Native Method)
	at java.lang.Thread.sleep(Thread.java:340)
	at java.util.concurrent.TimeUnit.sleep(TimeUnit.java:386)
	at org.apache.ratis.util.TimeDuration.sleep(TimeDuration.java:324)
	at org.apache.ratis.util.TimeDuration.sleep(TimeDuration.java:309)
	at org.apache.ratis.server.impl.FollowerState.run(FollowerState.java:118)
2022-01-06 14:12:31,701 [omNode-3@group-523986131536-StateMachineUpdater] INFO  ratis.OzoneManagerStateMachine (OzoneManagerStateMachine.java:takeSnapshot(417)) - Current Snapshot Index (t:2, i:10)
2022-01-06 14:12:31,702 [omNode-3@group-523986131536-StateMachineUpdater] INFO  impl.StateMachineUpdater (StateMachineUpdater.java:takeSnapshot(281)) - omNode-3@group-523986131536-StateMachineUpdater: Took a snapshot at index 10
2022-01-06 14:12:31,702 [omNode-3@group-523986131536-StateMachineUpdater] INFO  impl.StateMachineUpdater (StateMachineUpdater.java:lambda$new$0(89)) - omNode-3@group-523986131536-StateMachineUpdater: snapshotIndex: updateIncreasingly -1 -> 10
2022-01-06 14:12:31,702 [omNode-3@group-523986131536-StateMachineUpdater] INFO  ratis.OzoneManagerStateMachine (OzoneManagerStateMachine.java:close(471)) - StateMachine has shutdown. Shutdown OzoneManager if not already shutdown.
2022-01-06 14:12:31,702 [Time-limited test] INFO  impl.StateMachineUpdater (StateMachineUpdater.java:stopAndJoin(149)) - omNode-3@group-523986131536-StateMachineUpdater: set stopIndex = 10
2022-01-06 14:12:31,703 [Time-limited test] INFO  server.RaftServer$Division (ServerState.java:close(419)) - omNode-3@group-523986131536: closes. applyIndex: 10
2022-01-06 14:12:31,704 [omNode-3@group-523986131536-SegmentedRaftLogWorker] INFO  segmented.SegmentedRaftLogWorker (SegmentedRaftLogWorker.java:run(327)) - omNode-3@group-523986131536-SegmentedRaftLogWorker was interrupted, exiting. There are 0 tasks remaining in the queue.
2022-01-06 14:12:31,705 [Time-limited test] INFO  segmented.SegmentedRaftLogWorker (SegmentedRaftLogWorker.java:close(237)) - omNode-3@group-523986131536-SegmentedRaftLogWorker close()
2022-01-06 14:12:31,707 [Time-limited test] INFO  server.GrpcService (GrpcService.java:closeImpl(262)) - omNode-3: shutdown server with port 10232 now
2022-01-06 14:12:31,721 [grpc-default-executor-1] WARN  server.GrpcServerProtocolService (LogUtils.java:warn(122)) - omNode-3: installSnapshot onError, lastRequest: omNode-1->omNode-3#122-t2,previous=(t:2, i:10),leaderCommit=10,initializing? true,entries: size=1, first=(t:2, i:11), METADATAENTRY(c:9): org.apache.ratis.thirdparty.io.grpc.StatusRuntimeException: CANCELLED: client cancelled
2022-01-06 14:12:31,730 [Time-limited test] INFO  server.GrpcService (GrpcService.java:closeImpl(271)) - omNode-3: shutdown server with port 10232 successfully
2022-01-06 14:12:31,730 [org.apache.ratis.util.JvmPauseMonitor$$Lambda$531/572857286@234a08ea] INFO  util.JvmPauseMonitor (JvmPauseMonitor.java:run(109)) - JvmPauseMonitor-omNode-3: Stopped
2022-01-06 14:12:31,730 [Time-limited test] INFO  ratis.OzoneManagerDoubleBuffer (OzoneManagerDoubleBuffer.java:stop(437)) - Stopping OMDoubleBuffer flush thread
2022-01-06 14:12:31,731 [OMDoubleBufferFlushThread] INFO  ratis.OzoneManagerDoubleBuffer (OzoneManagerDoubleBuffer.java:flushTransactions(356)) - OMDoubleBuffer flush thread OMDoubleBufferFlushThread is interrupted and will exit. OMDoubleBufferFlushThread
2022-01-06 14:12:31,732 [Time-limited test] INFO  utils.BackgroundService (BackgroundService.java:shutdown(132)) - Shutting down service KeyDeletingService
2022-01-06 14:12:31,733 [Time-limited test] INFO  utils.BackgroundService (BackgroundService.java:shutdown(132)) - Shutting down service DirectoryDeletingService
2022-01-06 14:12:31,735 [grpc-default-executor-1] WARN  server.GrpcLogAppender (LogUtils.java:warn(122)) - omNode-1@group-523986131536->omNode-3-AppendLogResponseHandler: Failed appendEntries: org.apache.ratis.thirdparty.io.grpc.StatusRuntimeException: CANCELLED: HTTP/2 error code: CANCEL
Received Rst Stream
2022-01-06 14:12:31,737 [Time-limited test] INFO  handler.ContextHandler (ContextHandler.java:doStop(1153)) - Stopped o.e.j.w.WebAppContext@2986e26f{ozoneManager,/,null,STOPPED}{file:/home/runner/work/ozone/ozone/hadoop-ozone/integration-test/target/test-classes/webapps/ozoneManager}
2022-01-06 14:12:31,739 [grpc-default-executor-1] INFO  leader.FollowerInfo (FollowerInfoImpl.java:lambda$new$0(47)) - omNode-1@group-523986131536->omNode-3: nextIndex: updateUnconditionally 12 -> 11
2022-01-06 14:12:31,739 [omNode-1@group-523986131536->omNode-3-GrpcLogAppender-LogAppenderDaemon] ERROR leader.LogAppenderDaemon (LogAppenderDaemon.java:run(86)) - omNode-1@group-523986131536->omNode-3-GrpcLogAppender-LogAppenderDaemon failed
org.apache.ratis.server.raftlog.RaftLogIOException: Log entry not found: index = 11
	at org.apache.ratis.server.raftlog.segmented.SegmentedRaftLog.getEntryWithData(SegmentedRaftLog.java:287)
	at org.apache.ratis.server.leader.LogAppenderBase.newAppendEntriesRequest(LogAppenderBase.java:142)
	at org.apache.ratis.grpc.server.GrpcLogAppender.appendLog(GrpcLogAppender.java:213)
	at org.apache.ratis.grpc.server.GrpcLogAppender.run(GrpcLogAppender.java:147)
	at org.apache.ratis.server.leader.LogAppenderDaemon.run(LogAppenderDaemon.java:77)
	at java.lang.Thread.run(Thread.java:748)
2022-01-06 14:12:31,740 [omNode-1@group-523986131536->omNode-3-GrpcLogAppender-LogAppenderDaemon] INFO  server.RaftServer$Division (LeaderStateImpl.java:restart(514)) - omNode-1@group-523986131536-LeaderStateImpl: Restarting GrpcLogAppender for omNode-1@group-523986131536->omNode-3
2022-01-06 14:12:31,740 [omNode-1@group-523986131536->omNode-3-GrpcLogAppender-LogAppenderDaemon] INFO  server.RaftServerConfigKeys (ConfUtils.java:logGet(44)) - raft.server.log.appender.snapshot.chunk.size.max = 16MB (=16777216) (default)
2022-01-06 14:12:31,740 [omNode-1@group-523986131536->omNode-3-GrpcLogAppender-LogAppenderDaemon] INFO  server.RaftServerConfigKeys (ConfUtils.java:logGet(44)) - raft.server.log.appender.buffer.byte-limit = 33554432 (custom)
2022-01-06 14:12:31,740 [omNode-1@group-523986131536->omNode-3-GrpcLogAppender-LogAppenderDaemon] INFO  server.RaftServerConfigKeys (ConfUtils.java:logGet(44)) - raft.server.log.appender.buffer.element-limit = 1024 (custom)
2022-01-06 14:12:31,740 [omNode-1@group-523986131536->omNode-3-GrpcLogAppender-LogAppenderDaemon] INFO  grpc.GrpcConfigKeys (ConfUtils.java:logGet(44)) - raft.grpc.server.leader.outstanding.appends.max = 128 (default)
2022-01-06 14:12:31,740 [omNode-1@group-523986131536->omNode-3-GrpcLogAppender-LogAppenderDaemon] INFO  server.RaftServerConfigKeys (ConfUtils.java:logGet(44)) - raft.server.rpc.request.timeout = 3000ms (default)
2022-01-06 14:12:31,740 [omNode-1@group-523986131536->omNode-3-GrpcLogAppender-LogAppenderDaemon] INFO  server.RaftServerConfigKeys (ConfUtils.java:logGet(44)) - raft.server.log.appender.install.snapshot.enabled = false (custom)
2022-01-06 14:12:31,748 [omNode-1@group-523986131536->omNode-3-GrpcLogAppender-LogAppenderDaemon] INFO  server.GrpcLogAppender (GrpcLogAppender.java:installSnapshot(550)) - omNode-1@group-523986131536->omNode-3-GrpcLogAppender: followerNextIndex = 0 but logStartIndex = -1, notify follower to install snapshot-(t:2, i:12)
2022-01-06 14:12:31,759 [omNode-1@group-523986131536->omNode-3-GrpcLogAppender-LogAppenderDaemon] INFO  server.GrpcLogAppender (GrpcLogAppender.java:installSnapshot(558)) - omNode-1@group-523986131536->omNode-3-GrpcLogAppender: send omNode-1->omNode-3#0-t2,notify:(t:2, i:12)
2022-01-06 14:12:31,760 [Time-limited test] INFO  server.AbstractConnector (AbstractConnector.java:doStop(381)) - Stopped ServerConnector@4c66b3d9{HTTP/1.1, (http/1.1)}{0.0.0.0:10230}
2022-01-06 14:12:31,761 [Time-limited test] INFO  server.session (HouseKeeper.java:stopScavenging(149)) - node0 Stopped scavenging
2022-01-06 14:12:31,762 [Time-limited test] INFO  handler.ContextHandler (ContextHandler.java:doStop(1153)) - Stopped o.e.j.s.ServletContextHandler@25e7e6d{static,/static,file:///home/runner/work/ozone/ozone/hadoop-ozone/integration-test/target/test-classes/webapps/static,STOPPED}
2022-01-06 14:12:31,771 [Time-limited test] INFO  handler.ContextHandler (ContextHandler.java:doStop(1153)) - Stopped o.e.j.s.ServletContextHandler@547a79cd{logs,/logs,file:///home/runner/work/ozone/ozone/hadoop-ozone/integration-test/target/log,STOPPED}
2022-01-06 14:12:31,774 [grpc-default-executor-2] WARN  server.GrpcLogAppender (LogUtils.java:warn(122)) - omNode-1@group-523986131536->omNode-3-InstallSnapshotResponseHandler: Failed InstallSnapshot: org.apache.ratis.thirdparty.io.grpc.StatusRuntimeException: UNAVAILABLE: io exception
2022-01-06 14:12:31,774 [grpc-default-executor-2] WARN  server.GrpcLogAppender (GrpcLogAppender.java:resetClient(110)) - omNode-1@group-523986131536->omNode-3-GrpcLogAppender: Leader has not got in touch with Follower omNode-1@group-523986131536->omNode-3(c-1,m0,n0, attendVote=false, lastRpcSendTime=6, lastRpcResponseTime=1234) yet, just keep nextIndex unchanged and retry.
2022-01-06 14:12:31,775 [omNode-1@group-523986131536->omNode-3-GrpcLogAppender-LogAppenderDaemon] INFO  server.GrpcLogAppender (GrpcLogAppender.java:installSnapshot(550)) - omNode-1@group-523986131536->omNode-3-GrpcLogAppender: followerNextIndex = 0 but logStartIndex = -1, notify follower to install snapshot-(t:2, i:12)
2022-01-06 14:12:31,776 [grpc-default-executor-1] WARN  server.GrpcLogAppender (LogUtils.java:warn(122)) - omNode-1@group-523986131536->omNode-3-AppendLogResponseHandler: Failed appendEntries: org.apache.ratis.thirdparty.io.grpc.StatusRuntimeException: UNAVAILABLE: io exception
2022-01-06 14:12:31,776 [omNode-1@group-523986131536->omNode-3-GrpcLogAppender-LogAppenderDaemon] INFO  server.GrpcLogAppender (GrpcLogAppender.java:installSnapshot(558)) - omNode-1@group-523986131536->omNode-3-GrpcLogAppender: send omNode-1->omNode-3#0-t2,notify:(t:2, i:12)
2022-01-06 14:12:31,776 [grpc-default-executor-1] WARN  server.GrpcLogAppender (GrpcLogAppender.java:resetClient(110)) - omNode-1@group-523986131536->omNode-3-GrpcLogAppender: Leader has not got in touch with Follower omNode-1@group-523986131536->omNode-3(c-1,m0,n0, attendVote=false, lastRpcSendTime=0, lastRpcResponseTime=1236) yet, just keep nextIndex unchanged and retry.
2022-01-06 14:12:31,776 [grpc-default-executor-2] WARN  server.GrpcLogAppender (LogUtils.java:warn(122)) - omNode-1@group-523986131536->omNode-3-InstallSnapshotResponseHandler: Failed InstallSnapshot: org.apache.ratis.thirdparty.io.grpc.StatusRuntimeException: UNAVAILABLE: io exception
2022-01-06 14:12:31,778 [grpc-default-executor-2] WARN  server.GrpcLogAppender (GrpcLogAppender.java:resetClient(110)) - omNode-1@group-523986131536->omNode-3-GrpcLogAppender: Leader has not got in touch with Follower omNode-1@group-523986131536->omNode-3(c-1,m0,n0, attendVote=false, lastRpcSendTime=1, lastRpcResponseTime=1237) yet, just keep nextIndex unchanged and retry.
2022-01-06 14:12:31,778 [omNode-1@group-523986131536->omNode-3-GrpcLogAppender-LogAppenderDaemon] INFO  server.GrpcLogAppender (GrpcLogAppender.java:installSnapshot(550)) - omNode-1@group-523986131536->omNode-3-GrpcLogAppender: followerNextIndex = 0 but logStartIndex = -1, notify follower to install snapshot-(t:2, i:12)
2022-01-06 14:12:31,778 [omNode-1@group-523986131536->omNode-3-GrpcLogAppender-LogAppenderDaemon] INFO  server.GrpcLogAppender (GrpcLogAppender.java:installSnapshot(558)) - omNode-1@group-523986131536->omNode-3-GrpcLogAppender: send omNode-1->omNode-3#0-t2,notify:(t:2, i:12)
2022-01-06 14:12:31,783 [grpc-default-executor-6] WARN  server.GrpcLogAppender (LogUtils.java:warn(122)) - omNode-1@group-523986131536->omNode-3-AppendLogResponseHandler: Failed appendEntries: org.apache.ratis.thirdparty.io.grpc.StatusRuntimeException: UNAVAILABLE: io exception
2022-01-06 14:12:31,785 [grpc-default-executor-6] WARN  server.GrpcLogAppender (GrpcLogAppender.java:resetClient(110)) - omNode-1@group-523986131536->omNode-3-GrpcLogAppender: Leader has not got in touch with Follower omNode-1@group-523986131536->omNode-3(c-1,m0,n0, attendVote=false, lastRpcSendTime=6, lastRpcResponseTime=1245) yet, just keep nextIndex unchanged and retry.
2022-01-06 14:12:31,794 [grpc-default-executor-7] WARN  server.GrpcLogAppender (LogUtils.java:warn(122)) - omNode-1@group-523986131536->omNode-3-InstallSnapshotResponseHandler: Failed InstallSnapshot: org.apache.ratis.thirdparty.io.grpc.StatusRuntimeException: UNAVAILABLE: io exception
2022-01-06 14:12:31,794 [Time-limited test] INFO  om.OzoneManager (OzoneManager.java:restart(1451)) - OzoneManager RPC server is listening at localhost/127.0.0.1:10228
2022-01-06 14:12:31,794 [Time-limited test] INFO  impl.MetricsSystemImpl (MetricsSystemImpl.java:init(158)) - OzoneManager metrics system started (again)
2022-01-06 14:12:31,795 [grpc-default-executor-7] WARN  server.GrpcLogAppender (GrpcLogAppender.java:resetClient(110)) - omNode-1@group-523986131536->omNode-3-GrpcLogAppender: Leader has not got in touch with Follower omNode-1@group-523986131536->omNode-3(c-1,m0,n0, attendVote=false, lastRpcSendTime=16, lastRpcResponseTime=1254) yet, just keep nextIndex unchanged and retry.
2022-01-06 14:12:31,800 [grpc-default-executor-1] WARN  server.GrpcLogAppender (LogUtils.java:warn(122)) - omNode-1@group-523986131536->omNode-3-AppendLogResponseHandler: Failed appendEntries: org.apache.ratis.thirdparty.io.grpc.StatusRuntimeException: UNAVAILABLE: io exception
2022-01-06 14:12:31,800 [omNode-1@group-523986131536->omNode-3-GrpcLogAppender-LogAppenderDaemon] INFO  server.GrpcLogAppender (GrpcLogAppender.java:installSnapshot(550)) - omNode-1@group-523986131536->omNode-3-GrpcLogAppender: followerNextIndex = 0 but logStartIndex = -1, notify follower to install snapshot-(t:2, i:12)
2022-01-06 14:12:31,800 [omNode-1@group-523986131536->omNode-3-GrpcLogAppender-LogAppenderDaemon] INFO  server.GrpcLogAppender (GrpcLogAppender.java:installSnapshot(558)) - omNode-1@group-523986131536->omNode-3-GrpcLogAppender: send omNode-1->omNode-3#0-t2,notify:(t:2, i:12)
2022-01-06 14:12:31,800 [grpc-default-executor-1] WARN  server.GrpcLogAppender (GrpcLogAppender.java:resetClient(110)) - omNode-1@group-523986131536->omNode-3-GrpcLogAppender: Leader has not got in touch with Follower omNode-1@group-523986131536->omNode-3(c-1,m0,n0, attendVote=false, lastRpcSendTime=0, lastRpcResponseTime=1260) yet, just keep nextIndex unchanged and retry.
2022-01-06 14:12:31,803 [grpc-default-executor-7] WARN  server.GrpcLogAppender (LogUtils.java:warn(122)) - omNode-1@group-523986131536->omNode-3-InstallSnapshotResponseHandler: Failed InstallSnapshot: org.apache.ratis.thirdparty.io.grpc.StatusRuntimeException: UNAVAILABLE: io exception
2022-01-06 14:12:31,807 [grpc-default-executor-7] WARN  server.GrpcLogAppender (GrpcLogAppender.java:resetClient(110)) - omNode-1@group-523986131536->omNode-3-GrpcLogAppender: Leader has not got in touch with Follower omNode-1@group-523986131536->omNode-3(c-1,m0,n0, attendVote=false, lastRpcSendTime=7, lastRpcResponseTime=1267) yet, just keep nextIndex unchanged and retry.
2022-01-06 14:12:31,808 [omNode-1@group-523986131536->omNode-3-GrpcLogAppender-LogAppenderDaemon] INFO  server.GrpcLogAppender (GrpcLogAppender.java:installSnapshot(550)) - omNode-1@group-523986131536->omNode-3-GrpcLogAppender: followerNextIndex = 0 but logStartIndex = -1, notify follower to install snapshot-(t:2, i:12)
2022-01-06 14:12:31,808 [omNode-1@group-523986131536->omNode-3-GrpcLogAppender-LogAppenderDaemon] INFO  server.GrpcLogAppender (GrpcLogAppender.java:installSnapshot(558)) - omNode-1@group-523986131536->omNode-3-GrpcLogAppender: send omNode-1->omNode-3#0-t2,notify:(t:2, i:12)
2022-01-06 14:12:31,808 [grpc-default-executor-6] WARN  server.GrpcLogAppender (LogUtils.java:warn(122)) - omNode-1@group-523986131536->omNode-3-InstallSnapshotResponseHandler: Failed InstallSnapshot: org.apache.ratis.thirdparty.io.grpc.StatusRuntimeException: UNAVAILABLE: io exception
2022-01-06 14:12:31,808 [grpc-default-executor-6] WARN  server.GrpcLogAppender (GrpcLogAppender.java:resetClient(110)) - omNode-1@group-523986131536->omNode-3-GrpcLogAppender: Leader has not got in touch with Follower omNode-1@group-523986131536->omNode-3(c-1,m0,n0, attendVote=false, lastRpcSendTime=0, lastRpcResponseTime=1268) yet, just keep nextIndex unchanged and retry.
2022-01-06 14:12:31,808 [grpc-default-executor-2] WARN  server.GrpcLogAppender (LogUtils.java:warn(122)) - omNode-1@group-523986131536->omNode-3-AppendLogResponseHandler: Failed appendEntries: org.apache.ratis.thirdparty.io.grpc.StatusRuntimeException: UNAVAILABLE: io exception
2022-01-06 14:12:31,809 [grpc-default-executor-2] WARN  server.GrpcLogAppender (GrpcLogAppender.java:resetClient(110)) - omNode-1@group-523986131536->omNode-3-GrpcLogAppender: Leader has not got in touch with Follower omNode-1@group-523986131536->omNode-3(c-1,m0,n0, attendVote=false, lastRpcSendTime=0, lastRpcResponseTime=1268) yet, just keep nextIndex unchanged and retry.
2022-01-06 14:12:31,809 [omNode-1@group-523986131536->omNode-3-GrpcLogAppender-LogAppenderDaemon] INFO  server.GrpcLogAppender (GrpcLogAppender.java:installSnapshot(550)) - omNode-1@group-523986131536->omNode-3-GrpcLogAppender: followerNextIndex = 0 but logStartIndex = -1, notify follower to install snapshot-(t:2, i:12)
2022-01-06 14:12:31,809 [omNode-1@group-523986131536->omNode-3-GrpcLogAppender-LogAppenderDaemon] INFO  server.GrpcLogAppender (GrpcLogAppender.java:installSnapshot(558)) - omNode-1@group-523986131536->omNode-3-GrpcLogAppender: send omNode-1->omNode-3#0-t2,notify:(t:2, i:12)
2022-01-06 14:12:31,809 [grpc-default-executor-6] WARN  server.GrpcLogAppender (LogUtils.java:warn(122)) - omNode-1@group-523986131536->omNode-3-AppendLogResponseHandler: Failed appendEntries: org.apache.ratis.thirdparty.io.grpc.StatusRuntimeException: UNAVAILABLE: io exception
2022-01-06 14:12:31,810 [grpc-default-executor-6] WARN  server.GrpcLogAppender (GrpcLogAppender.java:resetClient(110)) - omNode-1@group-523986131536->omNode-3-GrpcLogAppender: Leader has not got in touch with Follower omNode-1@group-523986131536->omNode-3(c-1,m0,n0, attendVote=false, lastRpcSendTime=0, lastRpcResponseTime=1269) yet, just keep nextIndex unchanged and retry.
2022-01-06 14:12:31,810 [grpc-default-executor-2] WARN  server.GrpcLogAppender (LogUtils.java:warn(122)) - omNode-1@group-523986131536->omNode-3-InstallSnapshotResponseHandler: Failed InstallSnapshot: org.apache.ratis.thirdparty.io.grpc.StatusRuntimeException: UNAVAILABLE: io exception
2022-01-06 14:12:31,810 [grpc-default-executor-2] WARN  server.GrpcLogAppender (GrpcLogAppender.java:resetClient(110)) - omNode-1@group-523986131536->omNode-3-GrpcLogAppender: Leader has not got in touch with Follower omNode-1@group-523986131536->omNode-3(c-1,m0,n0, attendVote=false, lastRpcSendTime=0, lastRpcResponseTime=1269) yet, just keep nextIndex unchanged and retry.
2022-01-06 14:12:31,810 [omNode-1@group-523986131536->omNode-3-GrpcLogAppender-LogAppenderDaemon] INFO  server.GrpcLogAppender (GrpcLogAppender.java:installSnapshot(550)) - omNode-1@group-523986131536->omNode-3-GrpcLogAppender: followerNextIndex = 0 but logStartIndex = -1, notify follower to install snapshot-(t:2, i:12)
2022-01-06 14:12:31,810 [omNode-1@group-523986131536->omNode-3-GrpcLogAppender-LogAppenderDaemon] INFO  server.GrpcLogAppender (GrpcLogAppender.java:installSnapshot(558)) - omNode-1@group-523986131536->omNode-3-GrpcLogAppender: send omNode-1->omNode-3#0-t2,notify:(t:2, i:12)
2022-01-06 14:12:31,811 [grpc-default-executor-7] WARN  server.GrpcLogAppender (LogUtils.java:warn(122)) - omNode-1@group-523986131536->omNode-3-AppendLogResponseHandler: Failed appendEntries: org.apache.ratis.thirdparty.io.grpc.StatusRuntimeException: UNAVAILABLE: io exception
2022-01-06 14:12:31,811 [grpc-default-executor-2] WARN  server.GrpcLogAppender (LogUtils.java:warn(122)) - omNode-1@group-523986131536->omNode-3-InstallSnapshotResponseHandler: Failed InstallSnapshot: org.apache.ratis.thirdparty.io.grpc.StatusRuntimeException: UNAVAILABLE: io exception
2022-01-06 14:12:31,811 [grpc-default-executor-2] WARN  server.GrpcLogAppender (GrpcLogAppender.java:resetClient(110)) - omNode-1@group-523986131536->omNode-3-GrpcLogAppender: Leader has not got in touch with Follower omNode-1@group-523986131536->omNode-3(c-1,m0,n0, attendVote=false, lastRpcSendTime=0, lastRpcResponseTime=1271) yet, just keep nextIndex unchanged and retry.
2022-01-06 14:12:31,812 [omNode-1@group-523986131536->omNode-3-GrpcLogAppender-LogAppenderDaemon] INFO  server.GrpcLogAppender (GrpcLogAppender.java:installSnapshot(550)) - omNode-1@group-523986131536->omNode-3-GrpcLogAppender: followerNextIndex = 0 but logStartIndex = -1, notify follower to install snapshot-(t:2, i:12)
2022-01-06 14:12:31,812 [omNode-1@group-523986131536->omNode-3-GrpcLogAppender-LogAppenderDaemon] INFO  server.GrpcLogAppender (GrpcLogAppender.java:installSnapshot(558)) - omNode-1@group-523986131536->omNode-3-GrpcLogAppender: send omNode-1->omNode-3#0-t2,notify:(t:2, i:12)
2022-01-06 14:12:31,812 [grpc-default-executor-7] WARN  server.GrpcLogAppender (GrpcLogAppender.java:resetClient(110)) - omNode-1@group-523986131536->omNode-3-GrpcLogAppender: Leader has not got in touch with Follower omNode-1@group-523986131536->omNode-3(c-1,m0,n0, attendVote=false, lastRpcSendTime=0, lastRpcResponseTime=1272) yet, just keep nextIndex unchanged and retry.
2022-01-06 14:12:31,812 [grpc-default-executor-2] WARN  server.GrpcLogAppender (LogUtils.java:warn(122)) - omNode-1@group-523986131536->omNode-3-AppendLogResponseHandler: Failed appendEntries: org.apache.ratis.thirdparty.io.grpc.StatusRuntimeException: UNAVAILABLE: io exception
2022-01-06 14:12:31,812 [grpc-default-executor-2] WARN  server.GrpcLogAppender (GrpcLogAppender.java:resetClient(110)) - omNode-1@group-523986131536->omNode-3-GrpcLogAppender: Leader has not got in touch with Follower omNode-1@group-523986131536->omNode-3(c-1,m0,n0, attendVote=false, lastRpcSendTime=0, lastRpcResponseTime=1272) yet, just keep nextIndex unchanged and retry.
2022-01-06 14:12:31,813 [grpc-default-executor-6] WARN  server.GrpcLogAppender (LogUtils.java:warn(122)) - omNode-1@group-523986131536->omNode-3-InstallSnapshotResponseHandler: Failed InstallSnapshot: org.apache.ratis.thirdparty.io.grpc.StatusRuntimeException: UNAVAILABLE: io exception
2022-01-06 14:12:31,813 [grpc-default-executor-6] WARN  server.GrpcLogAppender (GrpcLogAppender.java:resetClient(110)) - omNode-1@group-523986131536->omNode-3-GrpcLogAppender: Leader has not got in touch with Follower omNode-1@group-523986131536->omNode-3(c-1,m0,n0, attendVote=false, lastRpcSendTime=0, lastRpcResponseTime=1272) yet, just keep nextIndex unchanged and retry.
2022-01-06 14:12:31,813 [omNode-1@group-523986131536->omNode-3-GrpcLogAppender-LogAppenderDaemon] INFO  server.GrpcLogAppender (GrpcLogAppender.java:installSnapshot(550)) - omNode-1@group-523986131536->omNode-3-GrpcLogAppender: followerNextIndex = 0 but logStartIndex = -1, notify follower to install snapshot-(t:2, i:12)
2022-01-06 14:12:31,813 [omNode-1@group-523986131536->omNode-3-GrpcLogAppender-LogAppenderDaemon] INFO  server.GrpcLogAppender (GrpcLogAppender.java:installSnapshot(558)) - omNode-1@group-523986131536->omNode-3-GrpcLogAppender: send omNode-1->omNode-3#0-t2,notify:(t:2, i:12)
2022-01-06 14:12:31,814 [grpc-default-executor-2] WARN  server.GrpcLogAppender (LogUtils.java:warn(122)) - omNode-1@group-523986131536->omNode-3-InstallSnapshotResponseHandler: Failed InstallSnapshot: org.apache.ratis.thirdparty.io.grpc.StatusRuntimeException: UNAVAILABLE: io exception
2022-01-06 14:12:31,814 [grpc-default-executor-1] WARN  server.GrpcLogAppender (LogUtils.java:warn(122)) - omNode-1@group-523986131536->omNode-3-AppendLogResponseHandler: Failed appendEntries: org.apache.ratis.thirdparty.io.grpc.StatusRuntimeException: UNAVAILABLE: io exception
2022-01-06 14:12:31,814 [grpc-default-executor-2] WARN  server.GrpcLogAppender (GrpcLogAppender.java:resetClient(110)) - omNode-1@group-523986131536->omNode-3-GrpcLogAppender: Leader has not got in touch with Follower omNode-1@group-523986131536->omNode-3(c-1,m0,n0, attendVote=false, lastRpcSendTime=0, lastRpcResponseTime=1274) yet, just keep nextIndex unchanged and retry.
2022-01-06 14:12:31,814 [grpc-default-executor-1] WARN  server.GrpcLogAppender (GrpcLogAppender.java:resetClient(110)) - omNode-1@group-523986131536->omNode-3-GrpcLogAppender: Leader has not got in touch with Follower omNode-1@group-523986131536->omNode-3(c-1,m0,n0, attendVote=false, lastRpcSendTime=1, lastRpcResponseTime=1274) yet, just keep nextIndex unchanged and retry.
2022-01-06 14:12:31,814 [omNode-1@group-523986131536->omNode-3-GrpcLogAppender-LogAppenderDaemon] INFO  server.GrpcLogAppender (GrpcLogAppender.java:installSnapshot(550)) - omNode-1@group-523986131536->omNode-3-GrpcLogAppender: followerNextIndex = 0 but logStartIndex = -1, notify follower to install snapshot-(t:2, i:12)
2022-01-06 14:12:31,815 [omNode-1@group-523986131536->omNode-3-GrpcLogAppender-LogAppenderDaemon] INFO  server.GrpcLogAppender (GrpcLogAppender.java:installSnapshot(558)) - omNode-1@group-523986131536->omNode-3-GrpcLogAppender: send omNode-1->omNode-3#0-t2,notify:(t:2, i:12)
2022-01-06 14:12:31,815 [grpc-default-executor-2] WARN  server.GrpcLogAppender (LogUtils.java:warn(122)) - omNode-1@group-523986131536->omNode-3-AppendLogResponseHandler: Failed appendEntries: org.apache.ratis.thirdparty.io.grpc.StatusRuntimeException: UNAVAILABLE: io exception
2022-01-06 14:12:31,815 [grpc-default-executor-6] WARN  server.GrpcLogAppender (LogUtils.java:warn(122)) - omNode-1@group-523986131536->omNode-3-InstallSnapshotResponseHandler: Failed InstallSnapshot: org.apache.ratis.thirdparty.io.grpc.StatusRuntimeException: UNAVAILABLE: io exception
2022-01-06 14:12:31,816 [grpc-default-executor-2] WARN  server.GrpcLogAppender (GrpcLogAppender.java:resetClient(110)) - omNode-1@group-523986131536->omNode-3-GrpcLogAppender: Leader has not got in touch with Follower omNode-1@group-523986131536->omNode-3(c-1,m0,n0, attendVote=false, lastRpcSendTime=0, lastRpcResponseTime=1275) yet, just keep nextIndex unchanged and retry.
2022-01-06 14:12:31,816 [grpc-default-executor-6] WARN  server.GrpcLogAppender (GrpcLogAppender.java:resetClient(110)) - omNode-1@group-523986131536->omNode-3-GrpcLogAppender: Leader has not got in touch with Follower omNode-1@group-523986131536->omNode-3(c-1,m0,n0, attendVote=false, lastRpcSendTime=1, lastRpcResponseTime=1275) yet, just keep nextIndex unchanged and retry.
2022-01-06 14:12:31,816 [omNode-1@group-523986131536->omNode-3-GrpcLogAppender-LogAppenderDaemon] INFO  server.GrpcLogAppender (GrpcLogAppender.java:installSnapshot(550)) - omNode-1@group-523986131536->omNode-3-GrpcLogAppender: followerNextIndex = 0 but logStartIndex = -1, notify follower to install snapshot-(t:2, i:12)
2022-01-06 14:12:31,816 [omNode-1@group-523986131536->omNode-3-GrpcLogAppender-LogAppenderDaemon] INFO  server.GrpcLogAppender (GrpcLogAppender.java:installSnapshot(558)) - omNode-1@group-523986131536->omNode-3-GrpcLogAppender: send omNode-1->omNode-3#0-t2,notify:(t:2, i:12)
2022-01-06 14:12:31,817 [grpc-default-executor-2] WARN  server.GrpcLogAppender (LogUtils.java:warn(122)) - omNode-1@group-523986131536->omNode-3-AppendLogResponseHandler: Failed appendEntries: org.apache.ratis.thirdparty.io.grpc.StatusRuntimeException: UNAVAILABLE: io exception
2022-01-06 14:12:31,817 [grpc-default-executor-1] WARN  server.GrpcLogAppender (LogUtils.java:warn(122)) - omNode-1@group-523986131536->omNode-3-InstallSnapshotResponseHandler: Failed InstallSnapshot: org.apache.ratis.thirdparty.io.grpc.StatusRuntimeException: UNAVAILABLE: io exception
2022-01-06 14:12:31,817 [grpc-default-executor-2] WARN  server.GrpcLogAppender (GrpcLogAppender.java:resetClient(110)) - omNode-1@group-523986131536->omNode-3-GrpcLogAppender: Leader has not got in touch with Follower omNode-1@group-523986131536->omNode-3(c-1,m0,n0, attendVote=false, lastRpcSendTime=0, lastRpcResponseTime=1277) yet, just keep nextIndex unchanged and retry.
2022-01-06 14:12:31,817 [grpc-default-executor-1] WARN  server.GrpcLogAppender (GrpcLogAppender.java:resetClient(110)) - omNode-1@group-523986131536->omNode-3-GrpcLogAppender: Leader has not got in touch with Follower omNode-1@group-523986131536->omNode-3(c-1,m0,n0, attendVote=false, lastRpcSendTime=0, lastRpcResponseTime=1277) yet, just keep nextIndex unchanged and retry.
2022-01-06 14:12:31,817 [omNode-1@group-523986131536->omNode-3-GrpcLogAppender-LogAppenderDaemon] INFO  server.GrpcLogAppender (GrpcLogAppender.java:installSnapshot(550)) - omNode-1@group-523986131536->omNode-3-GrpcLogAppender: followerNextIndex = 0 but logStartIndex = -1, notify follower to install snapshot-(t:2, i:12)
2022-01-06 14:12:31,817 [omNode-1@group-523986131536->omNode-3-GrpcLogAppender-LogAppenderDaemon] INFO  server.GrpcLogAppender (GrpcLogAppender.java:installSnapshot(558)) - omNode-1@group-523986131536->omNode-3-GrpcLogAppender: send omNode-1->omNode-3#0-t2,notify:(t:2, i:12)
2022-01-06 14:12:31,818 [grpc-default-executor-7] WARN  server.GrpcLogAppender (LogUtils.java:warn(122)) - omNode-1@group-523986131536->omNode-3-AppendLogResponseHandler: Failed appendEntries: org.apache.ratis.thirdparty.io.grpc.StatusRuntimeException: UNAVAILABLE: io exception
2022-01-06 14:12:31,818 [grpc-default-executor-2] WARN  server.GrpcLogAppender (LogUtils.java:warn(122)) - omNode-1@group-523986131536->omNode-3-InstallSnapshotResponseHandler: Failed InstallSnapshot: org.apache.ratis.thirdparty.io.grpc.StatusRuntimeException: UNAVAILABLE: io exception
2022-01-06 14:12:31,819 [grpc-default-executor-7] WARN  server.GrpcLogAppender (GrpcLogAppender.java:resetClient(110)) - omNode-1@group-523986131536->omNode-3-GrpcLogAppender: Leader has not got in touch with Follower omNode-1@group-523986131536->omNode-3(c-1,m0,n0, attendVote=false, lastRpcSendTime=0, lastRpcResponseTime=1278) yet, just keep nextIndex unchanged and retry.
2022-01-06 14:12:31,819 [grpc-default-executor-2] WARN  server.GrpcLogAppender (GrpcLogAppender.java:resetClient(110)) - omNode-1@group-523986131536->omNode-3-GrpcLogAppender: Leader has not got in touch with Follower omNode-1@group-523986131536->omNode-3(c-1,m0,n0, attendVote=false, lastRpcSendTime=1, lastRpcResponseTime=1278) yet, just keep nextIndex unchanged and retry.
2022-01-06 14:12:31,819 [omNode-1@group-523986131536->omNode-3-GrpcLogAppender-LogAppenderDaemon] INFO  server.GrpcLogAppender (GrpcLogAppender.java:installSnapshot(550)) - omNode-1@group-523986131536->omNode-3-GrpcLogAppender: followerNextIndex = 0 but logStartIndex = -1, notify follower to install snapshot-(t:2, i:12)
2022-01-06 14:12:31,819 [omNode-1@group-523986131536->omNode-3-GrpcLogAppender-LogAppenderDaemon] INFO  server.GrpcLogAppender (GrpcLogAppender.java:installSnapshot(558)) - omNode-1@group-523986131536->omNode-3-GrpcLogAppender: send omNode-1->omNode-3#0-t2,notify:(t:2, i:12)
2022-01-06 14:12:31,820 [grpc-default-executor-1] WARN  server.GrpcLogAppender (LogUtils.java:warn(122)) - omNode-1@group-523986131536->omNode-3-InstallSnapshotResponseHandler: Failed InstallSnapshot: org.apache.ratis.thirdparty.io.grpc.StatusRuntimeException: UNAVAILABLE: io exception
2022-01-06 14:12:31,820 [grpc-default-executor-1] WARN  server.GrpcLogAppender (GrpcLogAppender.java:resetClient(110)) - omNode-1@group-523986131536->omNode-3-GrpcLogAppender: Leader has not got in touch with Follower omNode-1@group-523986131536->omNode-3(c-1,m0,n0, attendVote=false, lastRpcSendTime=0, lastRpcResponseTime=1280) yet, just keep nextIndex unchanged and retry.
2022-01-06 14:12:31,820 [grpc-default-executor-1] WARN  server.GrpcLogAppender (LogUtils.java:warn(122)) - omNode-1@group-523986131536->omNode-3-AppendLogResponseHandler: Failed appendEntries: org.apache.ratis.thirdparty.io.grpc.StatusRuntimeException: UNAVAILABLE: io exception
2022-01-06 14:12:31,820 [omNode-1@group-523986131536->omNode-3-GrpcLogAppender-LogAppenderDaemon] INFO  server.GrpcLogAppender (GrpcLogAppender.java:installSnapshot(550)) - omNode-1@group-523986131536->omNode-3-GrpcLogAppender: followerNextIndex = 0 but logStartIndex = -1, notify follower to install snapshot-(t:2, i:12)
2022-01-06 14:12:31,821 [omNode-1@group-523986131536->omNode-3-GrpcLogAppender-LogAppenderDaemon] INFO  server.GrpcLogAppender (GrpcLogAppender.java:installSnapshot(558)) - omNode-1@group-523986131536->omNode-3-GrpcLogAppender: send omNode-1->omNode-3#0-t2,notify:(t:2, i:12)
2022-01-06 14:12:31,820 [grpc-default-executor-1] WARN  server.GrpcLogAppender (GrpcLogAppender.java:resetClient(110)) - omNode-1@group-523986131536->omNode-3-GrpcLogAppender: Leader has not got in touch with Follower omNode-1@group-523986131536->omNode-3(c-1,m0,n0, attendVote=false, lastRpcSendTime=0, lastRpcResponseTime=1280) yet, just keep nextIndex unchanged and retry.
2022-01-06 14:12:31,824 [grpc-default-executor-7] WARN  server.GrpcLogAppender (LogUtils.java:warn(122)) - omNode-1@group-523986131536->omNode-3-AppendLogResponseHandler: Failed appendEntries: org.apache.ratis.thirdparty.io.grpc.StatusRuntimeException: UNAVAILABLE: io exception
2022-01-06 14:12:31,824 [grpc-default-executor-7] WARN  server.GrpcLogAppender (GrpcLogAppender.java:resetClient(110)) - omNode-1@group-523986131536->omNode-3-GrpcLogAppender: Leader has not got in touch with Follower omNode-1@group-523986131536->omNode-3(c-1,m0,n0, attendVote=false, lastRpcSendTime=3, lastRpcResponseTime=1284) yet, just keep nextIndex unchanged and retry.
2022-01-06 14:12:31,824 [grpc-default-executor-7] WARN  server.GrpcLogAppender (LogUtils.java:warn(122)) - omNode-1@group-523986131536->omNode-3-InstallSnapshotResponseHandler: Failed InstallSnapshot: org.apache.ratis.thirdparty.io.grpc.StatusRuntimeException: UNAVAILABLE: io exception
2022-01-06 14:12:31,824 [grpc-default-executor-7] WARN  server.GrpcLogAppender (GrpcLogAppender.java:resetClient(110)) - omNode-1@group-523986131536->omNode-3-GrpcLogAppender: Leader has not got in touch with Follower omNode-1@group-523986131536->omNode-3(c-1,m0,n0, attendVote=false, lastRpcSendTime=3, lastRpcResponseTime=1284) yet, just keep nextIndex unchanged and retry.
2022-01-06 14:12:31,825 [omNode-1@group-523986131536->omNode-3-GrpcLogAppender-LogAppenderDaemon] INFO  server.GrpcLogAppender (GrpcLogAppender.java:installSnapshot(550)) - omNode-1@group-523986131536->omNode-3-GrpcLogAppender: followerNextIndex = 0 but logStartIndex = -1, notify follower to install snapshot-(t:2, i:12)
2022-01-06 14:12:31,825 [omNode-1@group-523986131536->omNode-3-GrpcLogAppender-LogAppenderDaemon] INFO  server.GrpcLogAppender (GrpcLogAppender.java:installSnapshot(558)) - omNode-1@group-523986131536->omNode-3-GrpcLogAppender: send omNode-1->omNode-3#0-t2,notify:(t:2, i:12)
2022-01-06 14:12:31,825 [grpc-default-executor-1] WARN  server.GrpcLogAppender (LogUtils.java:warn(122)) - omNode-1@group-523986131536->omNode-3-AppendLogResponseHandler: Failed appendEntries: org.apache.ratis.thirdparty.io.grpc.StatusRuntimeException: UNAVAILABLE: io exception
2022-01-06 14:12:31,825 [grpc-default-executor-1] WARN  server.GrpcLogAppender (GrpcLogAppender.java:resetClient(110)) - omNode-1@group-523986131536->omNode-3-GrpcLogAppender: Leader has not got in touch with Follower omNode-1@group-523986131536->omNode-3(c-1,m0,n0, attendVote=false, lastRpcSendTime=0, lastRpcResponseTime=1285) yet, just keep nextIndex unchanged and retry.
2022-01-06 14:12:31,826 [grpc-default-executor-1] WARN  server.GrpcLogAppender (LogUtils.java:warn(122)) - omNode-1@group-523986131536->omNode-3-InstallSnapshotResponseHandler: Failed InstallSnapshot: org.apache.ratis.thirdparty.io.grpc.StatusRuntimeException: UNAVAILABLE: io exception
2022-01-06 14:12:31,827 [grpc-default-executor-1] WARN  server.GrpcLogAppender (GrpcLogAppender.java:resetClient(110)) - omNode-1@group-523986131536->omNode-3-GrpcLogAppender: Leader has not got in touch with Follower omNode-1@group-523986131536->omNode-3(c-1,m0,n0, attendVote=false, lastRpcSendTime=1, lastRpcResponseTime=1286) yet, just keep nextIndex unchanged and retry.
2022-01-06 14:12:31,827 [omNode-1@group-523986131536->omNode-3-GrpcLogAppender-LogAppenderDaemon] INFO  server.GrpcLogAppender (GrpcLogAppender.java:installSnapshot(550)) - omNode-1@group-523986131536->omNode-3-GrpcLogAppender: followerNextIndex = 0 but logStartIndex = -1, notify follower to install snapshot-(t:2, i:12)
2022-01-06 14:12:31,827 [omNode-1@group-523986131536->omNode-3-GrpcLogAppender-LogAppenderDaemon] INFO  server.GrpcLogAppender (GrpcLogAppender.java:installSnapshot(558)) - omNode-1@group-523986131536->omNode-3-GrpcLogAppender: send omNode-1->omNode-3#0-t2,notify:(t:2, i:12)
2022-01-06 14:12:31,828 [grpc-default-executor-2] WARN  server.GrpcLogAppender (LogUtils.java:warn(122)) - omNode-1@group-523986131536->omNode-3-InstallSnapshotResponseHandler: Failed InstallSnapshot: org.apache.ratis.thirdparty.io.grpc.StatusRuntimeException: UNAVAILABLE: io exception
2022-01-06 14:12:31,828 [grpc-default-executor-2] WARN  server.GrpcLogAppender (GrpcLogAppender.java:resetClient(110)) - omNode-1@group-523986131536->omNode-3-GrpcLogAppender: Leader has not got in touch with Follower omNode-1@group-523986131536->omNode-3(c-1,m0,n0, attendVote=false, lastRpcSendTime=1, lastRpcResponseTime=1288) yet, just keep nextIndex unchanged and retry.
2022-01-06 14:12:31,828 [grpc-default-executor-2] WARN  server.GrpcLogAppender (LogUtils.java:warn(122)) - omNode-1@group-523986131536->omNode-3-AppendLogResponseHandler: Failed appendEntries: org.apache.ratis.thirdparty.io.grpc.StatusRuntimeException: UNAVAILABLE: io exception
2022-01-06 14:12:31,837 [Time-limited test] WARN  server.ServerUtils (ServerUtils.java:getDBPath(225)) - ozone.om.db.dirs is not configured. We recommend adding this setting. Falling back to ozone.metadata.dirs instead.
2022-01-06 14:12:31,838 [Time-limited test] INFO  codec.OmKeyInfoCodec (OmKeyInfoCodec.java:<init>(50)) - OmKeyInfoCodec ignorePipeline = true
2022-01-06 14:12:31,838 [Time-limited test] INFO  codec.RepeatedOmKeyInfoCodec (RepeatedOmKeyInfoCodec.java:<init>(42)) - RepeatedOmKeyInfoCodec ignorePipeline = true
2022-01-06 14:12:31,840 [omNode-1@group-523986131536->omNode-3-GrpcLogAppender-LogAppenderDaemon] INFO  server.GrpcLogAppender (GrpcLogAppender.java:installSnapshot(550)) - omNode-1@group-523986131536->omNode-3-GrpcLogAppender: followerNextIndex = 0 but logStartIndex = -1, notify follower to install snapshot-(t:2, i:12)
2022-01-06 14:12:31,841 [omNode-1@group-523986131536->omNode-3-GrpcLogAppender-LogAppenderDaemon] INFO  server.GrpcLogAppender (GrpcLogAppender.java:installSnapshot(558)) - omNode-1@group-523986131536->omNode-3-GrpcLogAppender: send omNode-1->omNode-3#0-t2,notify:(t:2, i:12)
2022-01-06 14:12:31,844 [grpc-default-executor-1] WARN  server.GrpcLogAppender (LogUtils.java:warn(122)) - omNode-1@group-523986131536->omNode-3-InstallSnapshotResponseHandler: Failed InstallSnapshot: org.apache.ratis.thirdparty.io.grpc.StatusRuntimeException: UNAVAILABLE: io exception
2022-01-06 14:12:31,844 [grpc-default-executor-7] WARN  server.GrpcLogAppender (LogUtils.java:warn(122)) - omNode-1@group-523986131536->omNode-3-AppendLogResponseHandler: Failed appendEntries: org.apache.ratis.thirdparty.io.grpc.StatusRuntimeException: UNAVAILABLE: io exception
2022-01-06 14:12:31,844 [grpc-default-executor-2] WARN  server.GrpcLogAppender (GrpcLogAppender.java:resetClient(110)) - omNode-1@group-523986131536->omNode-3-GrpcLogAppender: Leader has not got in touch with Follower omNode-1@group-523986131536->omNode-3(c-1,m0,n0, attendVote=false, lastRpcSendTime=3, lastRpcResponseTime=1304) yet, just keep nextIndex unchanged and retry.
2022-01-06 14:12:31,846 [grpc-default-executor-1] WARN  server.GrpcLogAppender (GrpcLogAppender.java:resetClient(110)) - omNode-1@group-523986131536->omNode-3-GrpcLogAppender: Leader has not got in touch with Follower omNode-1@group-523986131536->omNode-3(c-1,m0,n0, attendVote=false, lastRpcSendTime=5, lastRpcResponseTime=1305) yet, just keep nextIndex unchanged and retry.
2022-01-06 14:12:31,850 [grpc-default-executor-7] WARN  server.GrpcLogAppender (GrpcLogAppender.java:resetClient(110)) - omNode-1@group-523986131536->omNode-3-GrpcLogAppender: Leader has not got in touch with Follower omNode-1@group-523986131536->omNode-3(c-1,m0,n0, attendVote=false, lastRpcSendTime=9, lastRpcResponseTime=1310) yet, just keep nextIndex unchanged and retry.
2022-01-06 14:12:31,851 [omNode-1@group-523986131536->omNode-3-GrpcLogAppender-LogAppenderDaemon] INFO  server.GrpcLogAppender (GrpcLogAppender.java:installSnapshot(550)) - omNode-1@group-523986131536->omNode-3-GrpcLogAppender: followerNextIndex = 0 but logStartIndex = -1, notify follower to install snapshot-(t:2, i:12)
2022-01-06 14:12:31,854 [omNode-1@group-523986131536->omNode-3-GrpcLogAppender-LogAppenderDaemon] INFO  server.GrpcLogAppender (GrpcLogAppender.java:installSnapshot(558)) - omNode-1@group-523986131536->omNode-3-GrpcLogAppender: send omNode-1->omNode-3#0-t2,notify:(t:2, i:12)
2022-01-06 14:12:31,855 [grpc-default-executor-2] WARN  server.GrpcLogAppender (LogUtils.java:warn(122)) - omNode-1@group-523986131536->omNode-3-InstallSnapshotResponseHandler: Failed InstallSnapshot: org.apache.ratis.thirdparty.io.grpc.StatusRuntimeException: UNAVAILABLE: io exception
2022-01-06 14:12:31,856 [grpc-default-executor-2] WARN  server.GrpcLogAppender (GrpcLogAppender.java:resetClient(110)) - omNode-1@group-523986131536->omNode-3-GrpcLogAppender: Leader has not got in touch with Follower omNode-1@group-523986131536->omNode-3(c-1,m0,n0, attendVote=false, lastRpcSendTime=1, lastRpcResponseTime=1315) yet, just keep nextIndex unchanged and retry.
2022-01-06 14:12:31,856 [grpc-default-executor-2] WARN  server.GrpcLogAppender (LogUtils.java:warn(122)) - omNode-1@group-523986131536->omNode-3-AppendLogResponseHandler: Failed appendEntries: org.apache.ratis.thirdparty.io.grpc.StatusRuntimeException: UNAVAILABLE: io exception
2022-01-06 14:12:31,856 [grpc-default-executor-2] WARN  server.GrpcLogAppender (GrpcLogAppender.java:resetClient(110)) - omNode-1@group-523986131536->omNode-3-GrpcLogAppender: Leader has not got in touch with Follower omNode-1@group-523986131536->omNode-3(c-1,m0,n0, attendVote=false, lastRpcSendTime=1, lastRpcResponseTime=1315) yet, just keep nextIndex unchanged and retry.
2022-01-06 14:12:31,856 [omNode-1@group-523986131536->omNode-3-GrpcLogAppender-LogAppenderDaemon] INFO  server.GrpcLogAppender (GrpcLogAppender.java:installSnapshot(550)) - omNode-1@group-523986131536->omNode-3-GrpcLogAppender: followerNextIndex = 0 but logStartIndex = -1, notify follower to install snapshot-(t:2, i:12)
2022-01-06 14:12:31,856 [omNode-1@group-523986131536->omNode-3-GrpcLogAppender-LogAppenderDaemon] INFO  server.GrpcLogAppender (GrpcLogAppender.java:installSnapshot(558)) - omNode-1@group-523986131536->omNode-3-GrpcLogAppender: send omNode-1->omNode-3#0-t2,notify:(t:2, i:12)
2022-01-06 14:12:31,857 [grpc-default-executor-1] WARN  server.GrpcLogAppender (LogUtils.java:warn(122)) - omNode-1@group-523986131536->omNode-3-AppendLogResponseHandler: Failed appendEntries: org.apache.ratis.thirdparty.io.grpc.StatusRuntimeException: UNAVAILABLE: io exception
2022-01-06 14:12:31,857 [grpc-default-executor-1] WARN  server.GrpcLogAppender (GrpcLogAppender.java:resetClient(110)) - omNode-1@group-523986131536->omNode-3-GrpcLogAppender: Leader has not got in touch with Follower omNode-1@group-523986131536->omNode-3(c-1,m0,n0, attendVote=false, lastRpcSendTime=0, lastRpcResponseTime=1317) yet, just keep nextIndex unchanged and retry.
2022-01-06 14:12:31,857 [grpc-default-executor-1] WARN  server.GrpcLogAppender (LogUtils.java:warn(122)) - omNode-1@group-523986131536->omNode-3-InstallSnapshotResponseHandler: Failed InstallSnapshot: org.apache.ratis.thirdparty.io.grpc.StatusRuntimeException: UNAVAILABLE: io exception
2022-01-06 14:12:31,857 [grpc-default-executor-1] WARN  server.GrpcLogAppender (GrpcLogAppender.java:resetClient(110)) - omNode-1@group-523986131536->omNode-3-GrpcLogAppender: Leader has not got in touch with Follower omNode-1@group-523986131536->omNode-3(c-1,m0,n0, attendVote=false, lastRpcSendTime=0, lastRpcResponseTime=1317) yet, just keep nextIndex unchanged and retry.
2022-01-06 14:12:31,858 [omNode-1@group-523986131536->omNode-3-GrpcLogAppender-LogAppenderDaemon] INFO  server.GrpcLogAppender (GrpcLogAppender.java:installSnapshot(550)) - omNode-1@group-523986131536->omNode-3-GrpcLogAppender: followerNextIndex = 0 but logStartIndex = -1, notify follower to install snapshot-(t:2, i:12)
2022-01-06 14:12:31,858 [omNode-1@group-523986131536->omNode-3-GrpcLogAppender-LogAppenderDaemon] INFO  server.GrpcLogAppender (GrpcLogAppender.java:installSnapshot(558)) - omNode-1@group-523986131536->omNode-3-GrpcLogAppender: send omNode-1->omNode-3#0-t2,notify:(t:2, i:12)
2022-01-06 14:12:31,858 [grpc-default-executor-2] WARN  server.GrpcLogAppender (LogUtils.java:warn(122)) - omNode-1@group-523986131536->omNode-3-AppendLogResponseHandler: Failed appendEntries: org.apache.ratis.thirdparty.io.grpc.StatusRuntimeException: UNAVAILABLE: io exception
2022-01-06 14:12:31,859 [grpc-default-executor-2] WARN  server.GrpcLogAppender (GrpcLogAppender.java:resetClient(110)) - omNode-1@group-523986131536->omNode-3-GrpcLogAppender: Leader has not got in touch with Follower omNode-1@group-523986131536->omNode-3(c-1,m0,n0, attendVote=false, lastRpcSendTime=0, lastRpcResponseTime=1318) yet, just keep nextIndex unchanged and retry.
2022-01-06 14:12:31,859 [grpc-default-executor-2] WARN  server.GrpcLogAppender (LogUtils.java:warn(122)) - omNode-1@group-523986131536->omNode-3-InstallSnapshotResponseHandler: Failed InstallSnapshot: org.apache.ratis.thirdparty.io.grpc.StatusRuntimeException: UNAVAILABLE: io exception
2022-01-06 14:12:31,859 [grpc-default-executor-2] WARN  server.GrpcLogAppender (GrpcLogAppender.java:resetClient(110)) - omNode-1@group-523986131536->omNode-3-GrpcLogAppender: Leader has not got in touch with Follower omNode-1@group-523986131536->omNode-3(c-1,m0,n0, attendVote=false, lastRpcSendTime=1, lastRpcResponseTime=1318) yet, just keep nextIndex unchanged and retry.
2022-01-06 14:12:31,859 [omNode-1@group-523986131536->omNode-3-GrpcLogAppender-LogAppenderDaemon] INFO  server.GrpcLogAppender (GrpcLogAppender.java:installSnapshot(550)) - omNode-1@group-523986131536->omNode-3-GrpcLogAppender: followerNextIndex = 0 but logStartIndex = -1, notify follower to install snapshot-(t:2, i:12)
2022-01-06 14:12:31,859 [omNode-1@group-523986131536->omNode-3-GrpcLogAppender-LogAppenderDaemon] INFO  server.GrpcLogAppender (GrpcLogAppender.java:installSnapshot(558)) - omNode-1@group-523986131536->omNode-3-GrpcLogAppender: send omNode-1->omNode-3#0-t2,notify:(t:2, i:12)
2022-01-06 14:12:31,860 [grpc-default-executor-1] WARN  server.GrpcLogAppender (LogUtils.java:warn(122)) - omNode-1@group-523986131536->omNode-3-AppendLogResponseHandler: Failed appendEntries: org.apache.ratis.thirdparty.io.grpc.StatusRuntimeException: UNAVAILABLE: io exception
2022-01-06 14:12:31,860 [grpc-default-executor-1] WARN  server.GrpcLogAppender (GrpcLogAppender.java:resetClient(110)) - omNode-1@group-523986131536->omNode-3-GrpcLogAppender: Leader has not got in touch with Follower omNode-1@group-523986131536->omNode-3(c-1,m0,n0, attendVote=false, lastRpcSendTime=0, lastRpcResponseTime=1320) yet, just keep nextIndex unchanged and retry.
2022-01-06 14:12:31,860 [grpc-default-executor-1] WARN  server.GrpcLogAppender (LogUtils.java:warn(122)) - omNode-1@group-523986131536->omNode-3-InstallSnapshotResponseHandler: Failed InstallSnapshot: org.apache.ratis.thirdparty.io.grpc.StatusRuntimeException: UNAVAILABLE: io exception
2022-01-06 14:12:31,860 [grpc-default-executor-1] WARN  server.GrpcLogAppender (GrpcLogAppender.java:resetClient(110)) - omNode-1@group-523986131536->omNode-3-GrpcLogAppender: Leader has not got in touch with Follower omNode-1@group-523986131536->omNode-3(c-1,m0,n0, attendVote=false, lastRpcSendTime=0, lastRpcResponseTime=1320) yet, just keep nextIndex unchanged and retry.
2022-01-06 14:12:31,860 [omNode-1@group-523986131536->omNode-3-GrpcLogAppender-LogAppenderDaemon] INFO  server.GrpcLogAppender (GrpcLogAppender.java:installSnapshot(550)) - omNode-1@group-523986131536->omNode-3-GrpcLogAppender: followerNextIndex = 0 but logStartIndex = -1, notify follower to install snapshot-(t:2, i:12)
2022-01-06 14:12:31,861 [omNode-1@group-523986131536->omNode-3-GrpcLogAppender-LogAppenderDaemon] INFO  server.GrpcLogAppender (GrpcLogAppender.java:installSnapshot(558)) - omNode-1@group-523986131536->omNode-3-GrpcLogAppender: send omNode-1->omNode-3#0-t2,notify:(t:2, i:12)
2022-01-06 14:12:31,861 [grpc-default-executor-2] WARN  server.GrpcLogAppender (LogUtils.java:warn(122)) - omNode-1@group-523986131536->omNode-3-AppendLogResponseHandler: Failed appendEntries: org.apache.ratis.thirdparty.io.grpc.StatusRuntimeException: UNAVAILABLE: io exception
2022-01-06 14:12:31,861 [grpc-default-executor-2] WARN  server.GrpcLogAppender (GrpcLogAppender.java:resetClient(110)) - omNode-1@group-523986131536->omNode-3-GrpcLogAppender: Leader has not got in touch with Follower omNode-1@group-523986131536->omNode-3(c-1,m0,n0, attendVote=false, lastRpcSendTime=0, lastRpcResponseTime=1321) yet, just keep nextIndex unchanged and retry.
2022-01-06 14:12:31,862 [grpc-default-executor-2] WARN  server.GrpcLogAppender (LogUtils.java:warn(122)) - omNode-1@group-523986131536->omNode-3-InstallSnapshotResponseHandler: Failed InstallSnapshot: org.apache.ratis.thirdparty.io.grpc.StatusRuntimeException: UNAVAILABLE: io exception
2022-01-06 14:12:31,863 [grpc-default-executor-2] WARN  server.GrpcLogAppender (GrpcLogAppender.java:resetClient(110)) - omNode-1@group-523986131536->omNode-3-GrpcLogAppender: Leader has not got in touch with Follower omNode-1@group-523986131536->omNode-3(c-1,m0,n0, attendVote=false, lastRpcSendTime=2, lastRpcResponseTime=1322) yet, just keep nextIndex unchanged and retry.
2022-01-06 14:12:31,864 [omNode-1@group-523986131536->omNode-3-GrpcLogAppender-LogAppenderDaemon] INFO  server.GrpcLogAppender (GrpcLogAppender.java:installSnapshot(550)) - omNode-1@group-523986131536->omNode-3-GrpcLogAppender: followerNextIndex = 0 but logStartIndex = -1, notify follower to install snapshot-(t:2, i:12)
2022-01-06 14:12:31,864 [omNode-1@group-523986131536->omNode-3-GrpcLogAppender-LogAppenderDaemon] INFO  server.GrpcLogAppender (GrpcLogAppender.java:installSnapshot(558)) - omNode-1@group-523986131536->omNode-3-GrpcLogAppender: send omNode-1->omNode-3#0-t2,notify:(t:2, i:12)
2022-01-06 14:12:31,864 [grpc-default-executor-1] WARN  server.GrpcLogAppender (LogUtils.java:warn(122)) - omNode-1@group-523986131536->omNode-3-InstallSnapshotResponseHandler: Failed InstallSnapshot: org.apache.ratis.thirdparty.io.grpc.StatusRuntimeException: UNAVAILABLE: io exception
2022-01-06 14:12:31,865 [grpc-default-executor-1] WARN  server.GrpcLogAppender (GrpcLogAppender.java:resetClient(110)) - omNode-1@group-523986131536->omNode-3-GrpcLogAppender: Leader has not got in touch with Follower omNode-1@group-523986131536->omNode-3(c-1,m0,n0, attendVote=false, lastRpcSendTime=0, lastRpcResponseTime=1324) yet, just keep nextIndex unchanged and retry.
2022-01-06 14:12:31,866 [omNode-1@group-523986131536->omNode-3-GrpcLogAppender-LogAppenderDaemon] INFO  server.GrpcLogAppender (GrpcLogAppender.java:installSnapshot(550)) - omNode-1@group-523986131536->omNode-3-GrpcLogAppender: followerNextIndex = 0 but logStartIndex = -1, notify follower to install snapshot-(t:2, i:12)
2022-01-06 14:12:31,866 [omNode-1@group-523986131536->omNode-3-GrpcLogAppender-LogAppenderDaemon] INFO  server.GrpcLogAppender (GrpcLogAppender.java:installSnapshot(558)) - omNode-1@group-523986131536->omNode-3-GrpcLogAppender: send omNode-1->omNode-3#0-t2,notify:(t:2, i:12)
2022-01-06 14:12:31,866 [grpc-default-executor-7] WARN  server.GrpcLogAppender (LogUtils.java:warn(122)) - omNode-1@group-523986131536->omNode-3-AppendLogResponseHandler: Failed appendEntries: org.apache.ratis.thirdparty.io.grpc.StatusRuntimeException: UNAVAILABLE: io exception
2022-01-06 14:12:31,867 [grpc-default-executor-7] WARN  server.GrpcLogAppender (GrpcLogAppender.java:resetClient(110)) - omNode-1@group-523986131536->omNode-3-GrpcLogAppender: Leader has not got in touch with Follower omNode-1@group-523986131536->omNode-3(c-1,m0,n0, attendVote=false, lastRpcSendTime=0, lastRpcResponseTime=1326) yet, just keep nextIndex unchanged and retry.
2022-01-06 14:12:31,866 [grpc-default-executor-6] WARN  server.GrpcLogAppender (LogUtils.java:warn(122)) - omNode-1@group-523986131536->omNode-3-InstallSnapshotResponseHandler: Failed InstallSnapshot: org.apache.ratis.thirdparty.io.grpc.StatusRuntimeException: UNAVAILABLE: io exception
2022-01-06 14:12:31,867 [grpc-default-executor-6] WARN  server.GrpcLogAppender (GrpcLogAppender.java:resetClient(110)) - omNode-1@group-523986131536->omNode-3-GrpcLogAppender: Leader has not got in touch with Follower omNode-1@group-523986131536->omNode-3(c-1,m0,n0, attendVote=false, lastRpcSendTime=1, lastRpcResponseTime=1326) yet, just keep nextIndex unchanged and retry.
2022-01-06 14:12:31,867 [omNode-1@group-523986131536->omNode-3-GrpcLogAppender-LogAppenderDaemon] INFO  server.GrpcLogAppender (GrpcLogAppender.java:installSnapshot(550)) - omNode-1@group-523986131536->omNode-3-GrpcLogAppender: followerNextIndex = 0 but logStartIndex = -1, notify follower to install snapshot-(t:2, i:12)
2022-01-06 14:12:31,867 [omNode-1@group-523986131536->omNode-3-GrpcLogAppender-LogAppenderDaemon] INFO  server.GrpcLogAppender (GrpcLogAppender.java:installSnapshot(558)) - omNode-1@group-523986131536->omNode-3-GrpcLogAppender: send omNode-1->omNode-3#0-t2,notify:(t:2, i:12)
2022-01-06 14:12:31,868 [grpc-default-executor-7] WARN  server.GrpcLogAppender (LogUtils.java:warn(122)) - omNode-1@group-523986131536->omNode-3-AppendLogResponseHandler: Failed appendEntries: org.apache.ratis.thirdparty.io.grpc.StatusRuntimeException: UNAVAILABLE: io exception
2022-01-06 14:12:31,868 [grpc-default-executor-7] WARN  server.GrpcLogAppender (GrpcLogAppender.java:resetClient(110)) - omNode-1@group-523986131536->omNode-3-GrpcLogAppender: Leader has not got in touch with Follower omNode-1@group-523986131536->omNode-3(c-1,m0,n0, attendVote=false, lastRpcSendTime=1, lastRpcResponseTime=1328) yet, just keep nextIndex unchanged and retry.
2022-01-06 14:12:31,869 [grpc-default-executor-7] WARN  server.GrpcLogAppender (LogUtils.java:warn(122)) - omNode-1@group-523986131536->omNode-3-AppendLogResponseHandler: Failed appendEntries: org.apache.ratis.thirdparty.io.grpc.StatusRuntimeException: UNAVAILABLE: io exception
2022-01-06 14:12:31,869 [grpc-default-executor-7] WARN  server.GrpcLogAppender (GrpcLogAppender.java:resetClient(110)) - omNode-1@group-523986131536->omNode-3-GrpcLogAppender: Leader has not got in touch with Follower omNode-1@group-523986131536->omNode-3(c-1,m0,n0, attendVote=false, lastRpcSendTime=1, lastRpcResponseTime=1329) yet, just keep nextIndex unchanged and retry.
2022-01-06 14:12:31,871 [grpc-default-executor-6] WARN  server.GrpcLogAppender (LogUtils.java:warn(122)) - omNode-1@group-523986131536->omNode-3-InstallSnapshotResponseHandler: Failed InstallSnapshot: org.apache.ratis.thirdparty.io.grpc.StatusRuntimeException: UNAVAILABLE: io exception
2022-01-06 14:12:31,871 [grpc-default-executor-6] WARN  server.GrpcLogAppender (GrpcLogAppender.java:resetClient(110)) - omNode-1@group-523986131536->omNode-3-GrpcLogAppender: Leader has not got in touch with Follower omNode-1@group-523986131536->omNode-3(c-1,m0,n0, attendVote=false, lastRpcSendTime=3, lastRpcResponseTime=1331) yet, just keep nextIndex unchanged and retry.
2022-01-06 14:12:31,871 [omNode-1@group-523986131536->omNode-3-GrpcLogAppender-LogAppenderDaemon] INFO  server.GrpcLogAppender (GrpcLogAppender.java:installSnapshot(550)) - omNode-1@group-523986131536->omNode-3-GrpcLogAppender: followerNextIndex = 0 but logStartIndex = -1, notify follower to install snapshot-(t:2, i:12)
2022-01-06 14:12:31,871 [omNode-1@group-523986131536->omNode-3-GrpcLogAppender-LogAppenderDaemon] INFO  server.GrpcLogAppender (GrpcLogAppender.java:installSnapshot(558)) - omNode-1@group-523986131536->omNode-3-GrpcLogAppender: send omNode-1->omNode-3#0-t2,notify:(t:2, i:12)
2022-01-06 14:12:31,873 [grpc-default-executor-2] WARN  server.GrpcLogAppender (LogUtils.java:warn(122)) - omNode-1@group-523986131536->omNode-3-AppendLogResponseHandler: Failed appendEntries: org.apache.ratis.thirdparty.io.grpc.StatusRuntimeException: UNAVAILABLE: io exception
2022-01-06 14:12:31,873 [grpc-default-executor-2] WARN  server.GrpcLogAppender (GrpcLogAppender.java:resetClient(110)) - omNode-1@group-523986131536->omNode-3-GrpcLogAppender: Leader has not got in touch with Follower omNode-1@group-523986131536->omNode-3(c-1,m0,n0, attendVote=false, lastRpcSendTime=1, lastRpcResponseTime=1332) yet, just keep nextIndex unchanged and retry.
2022-01-06 14:12:31,873 [grpc-default-executor-2] WARN  server.GrpcLogAppender (LogUtils.java:warn(122)) - omNode-1@group-523986131536->omNode-3-InstallSnapshotResponseHandler: Failed InstallSnapshot: org.apache.ratis.thirdparty.io.grpc.StatusRuntimeException: UNAVAILABLE: io exception
2022-01-06 14:12:31,873 [grpc-default-executor-2] WARN  server.GrpcLogAppender (GrpcLogAppender.java:resetClient(110)) - omNode-1@group-523986131536->omNode-3-GrpcLogAppender: Leader has not got in touch with Follower omNode-1@group-523986131536->omNode-3(c-1,m0,n0, attendVote=false, lastRpcSendTime=1, lastRpcResponseTime=1332) yet, just keep nextIndex unchanged and retry.
2022-01-06 14:12:31,873 [omNode-1@group-523986131536->omNode-3-GrpcLogAppender-LogAppenderDaemon] INFO  server.GrpcLogAppender (GrpcLogAppender.java:installSnapshot(550)) - omNode-1@group-523986131536->omNode-3-GrpcLogAppender: followerNextIndex = 0 but logStartIndex = -1, notify follower to install snapshot-(t:2, i:12)
2022-01-06 14:12:31,873 [omNode-1@group-523986131536->omNode-3-GrpcLogAppender-LogAppenderDaemon] INFO  server.GrpcLogAppender (GrpcLogAppender.java:installSnapshot(558)) - omNode-1@group-523986131536->omNode-3-GrpcLogAppender: send omNode-1->omNode-3#0-t2,notify:(t:2, i:12)
2022-01-06 14:12:31,873 [grpc-default-executor-2] WARN  server.GrpcLogAppender (LogUtils.java:warn(122)) - omNode-1@group-523986131536->omNode-3-AppendLogResponseHandler: Failed appendEntries: org.apache.ratis.thirdparty.io.grpc.StatusRuntimeException: UNAVAILABLE: io exception
2022-01-06 14:12:31,874 [grpc-default-executor-6] WARN  server.GrpcLogAppender (LogUtils.java:warn(122)) - omNode-1@group-523986131536->omNode-3-InstallSnapshotResponseHandler: Failed InstallSnapshot: org.apache.ratis.thirdparty.io.grpc.StatusRuntimeException: UNAVAILABLE: io exception
2022-01-06 14:12:31,874 [grpc-default-executor-2] WARN  server.GrpcLogAppender (GrpcLogAppender.java:resetClient(110)) - omNode-1@group-523986131536->omNode-3-GrpcLogAppender: Leader has not got in touch with Follower omNode-1@group-523986131536->omNode-3(c-1,m0,n0, attendVote=false, lastRpcSendTime=0, lastRpcResponseTime=1333) yet, just keep nextIndex unchanged and retry.
2022-01-06 14:12:31,874 [grpc-default-executor-6] WARN  server.GrpcLogAppender (GrpcLogAppender.java:resetClient(110)) - omNode-1@group-523986131536->omNode-3-GrpcLogAppender: Leader has not got in touch with Follower omNode-1@group-523986131536->omNode-3(c-1,m0,n0, attendVote=false, lastRpcSendTime=0, lastRpcResponseTime=1333) yet, just keep nextIndex unchanged and retry.
2022-01-06 14:12:31,874 [omNode-1@group-523986131536->omNode-3-GrpcLogAppender-LogAppenderDaemon] INFO  server.GrpcLogAppender (GrpcLogAppender.java:installSnapshot(550)) - omNode-1@group-523986131536->omNode-3-GrpcLogAppender: followerNextIndex = 0 but logStartIndex = -1, notify follower to install snapshot-(t:2, i:12)
2022-01-06 14:12:31,874 [grpc-default-executor-6] WARN  server.GrpcLogAppender (LogUtils.java:warn(122)) - omNode-1@group-523986131536->omNode-3-AppendLogResponseHandler: Failed appendEntries: org.apache.ratis.thirdparty.io.grpc.StatusRuntimeException: UNAVAILABLE: io exception
2022-01-06 14:12:31,874 [grpc-default-executor-6] WARN  server.GrpcLogAppender (GrpcLogAppender.java:resetClient(110)) - omNode-1@group-523986131536->omNode-3-GrpcLogAppender: Leader has not got in touch with Follower omNode-1@group-523986131536->omNode-3(c-1,m0,n0, attendVote=false, lastRpcSendTime=0, lastRpcResponseTime=1334) yet, just keep nextIndex unchanged and retry.
2022-01-06 14:12:31,874 [omNode-1@group-523986131536->omNode-3-GrpcLogAppender-LogAppenderDaemon] INFO  server.GrpcLogAppender (GrpcLogAppender.java:installSnapshot(558)) - omNode-1@group-523986131536->omNode-3-GrpcLogAppender: send omNode-1->omNode-3#0-t2,notify:(t:2, i:12)
2022-01-06 14:12:31,874 [grpc-default-executor-6] WARN  server.GrpcLogAppender (LogUtils.java:warn(122)) - omNode-1@group-523986131536->omNode-3-InstallSnapshotResponseHandler: Failed InstallSnapshot: org.apache.ratis.thirdparty.io.grpc.StatusRuntimeException: UNAVAILABLE: io exception
2022-01-06 14:12:31,875 [grpc-default-executor-6] WARN  server.GrpcLogAppender (GrpcLogAppender.java:resetClient(110)) - omNode-1@group-523986131536->omNode-3-GrpcLogAppender: Leader has not got in touch with Follower omNode-1@group-523986131536->omNode-3(c-1,m0,n0, attendVote=false, lastRpcSendTime=0, lastRpcResponseTime=1334) yet, just keep nextIndex unchanged and retry.
2022-01-06 14:12:31,875 [omNode-1@group-523986131536->omNode-3-GrpcLogAppender-LogAppenderDaemon] INFO  server.GrpcLogAppender (GrpcLogAppender.java:installSnapshot(550)) - omNode-1@group-523986131536->omNode-3-GrpcLogAppender: followerNextIndex = 0 but logStartIndex = -1, notify follower to install snapshot-(t:2, i:12)
2022-01-06 14:12:31,875 [grpc-default-executor-6] WARN  server.GrpcLogAppender (LogUtils.java:warn(122)) - omNode-1@group-523986131536->omNode-3-AppendLogResponseHandler: Failed appendEntries: org.apache.ratis.thirdparty.io.grpc.StatusRuntimeException: UNAVAILABLE: io exception
2022-01-06 14:12:31,875 [grpc-default-executor-6] WARN  server.GrpcLogAppender (GrpcLogAppender.java:resetClient(110)) - omNode-1@group-523986131536->omNode-3-GrpcLogAppender: Leader has not got in touch with Follower omNode-1@group-523986131536->omNode-3(c-1,m0,n0, attendVote=false, lastRpcSendTime=0, lastRpcResponseTime=1335) yet, just keep nextIndex unchanged and retry.
2022-01-06 14:12:31,875 [omNode-1@group-523986131536->omNode-3-GrpcLogAppender-LogAppenderDaemon] INFO  server.GrpcLogAppender (GrpcLogAppender.java:installSnapshot(558)) - omNode-1@group-523986131536->omNode-3-GrpcLogAppender: send omNode-1->omNode-3#0-t2,notify:(t:2, i:12)
2022-01-06 14:12:31,875 [grpc-default-executor-6] WARN  server.GrpcLogAppender (LogUtils.java:warn(122)) - omNode-1@group-523986131536->omNode-3-InstallSnapshotResponseHandler: Failed InstallSnapshot: org.apache.ratis.thirdparty.io.grpc.StatusRuntimeException: UNAVAILABLE: io exception
2022-01-06 14:12:31,875 [grpc-default-executor-6] WARN  server.GrpcLogAppender (GrpcLogAppender.java:resetClient(110)) - omNode-1@group-523986131536->omNode-3-GrpcLogAppender: Leader has not got in touch with Follower omNode-1@group-523986131536->omNode-3(c-1,m0,n0, attendVote=false, lastRpcSendTime=0, lastRpcResponseTime=1335) yet, just keep nextIndex unchanged and retry.
2022-01-06 14:12:31,876 [omNode-1@group-523986131536->omNode-3-GrpcLogAppender-LogAppenderDaemon] INFO  server.GrpcLogAppender (GrpcLogAppender.java:installSnapshot(550)) - omNode-1@group-523986131536->omNode-3-GrpcLogAppender: followerNextIndex = 0 but logStartIndex = -1, notify follower to install snapshot-(t:2, i:12)
2022-01-06 14:12:31,876 [grpc-default-executor-6] WARN  server.GrpcLogAppender (LogUtils.java:warn(122)) - omNode-1@group-523986131536->omNode-3-AppendLogResponseHandler: Failed appendEntries: org.apache.ratis.thirdparty.io.grpc.StatusRuntimeException: UNAVAILABLE: io exception
2022-01-06 14:12:31,876 [grpc-default-executor-6] WARN  server.GrpcLogAppender (GrpcLogAppender.java:resetClient(110)) - omNode-1@group-523986131536->omNode-3-GrpcLogAppender: Leader has not got in touch with Follower omNode-1@group-523986131536->omNode-3(c-1,m0,n0, attendVote=false, lastRpcSendTime=0, lastRpcResponseTime=1335) yet, just keep nextIndex unchanged and retry.
2022-01-06 14:12:31,877 [omNode-1@group-523986131536->omNode-3-GrpcLogAppender-LogAppenderDaemon] INFO  server.GrpcLogAppender (GrpcLogAppender.java:installSnapshot(558)) - omNode-1@group-523986131536->omNode-3-GrpcLogAppender: send omNode-1->omNode-3#0-t2,notify:(t:2, i:12)
2022-01-06 14:12:31,878 [grpc-default-executor-2] WARN  server.GrpcLogAppender (LogUtils.java:warn(122)) - omNode-1@group-523986131536->omNode-3-InstallSnapshotResponseHandler: Failed InstallSnapshot: org.apache.ratis.thirdparty.io.grpc.StatusRuntimeException: UNAVAILABLE: io exception
2022-01-06 14:12:31,878 [grpc-default-executor-2] WARN  server.GrpcLogAppender (GrpcLogAppender.java:resetClient(110)) - omNode-1@group-523986131536->omNode-3-GrpcLogAppender: Leader has not got in touch with Follower omNode-1@group-523986131536->omNode-3(c-1,m0,n0, attendVote=false, lastRpcSendTime=0, lastRpcResponseTime=1338) yet, just keep nextIndex unchanged and retry.
2022-01-06 14:12:31,878 [omNode-1@group-523986131536->omNode-3-GrpcLogAppender-LogAppenderDaemon] INFO  server.GrpcLogAppender (GrpcLogAppender.java:installSnapshot(550)) - omNode-1@group-523986131536->omNode-3-GrpcLogAppender: followerNextIndex = 0 but logStartIndex = -1, notify follower to install snapshot-(t:2, i:12)
2022-01-06 14:12:31,879 [grpc-default-executor-2] WARN  server.GrpcLogAppender (LogUtils.java:warn(122)) - omNode-1@group-523986131536->omNode-3-AppendLogResponseHandler: Failed appendEntries: org.apache.ratis.thirdparty.io.grpc.StatusRuntimeException: UNAVAILABLE: io exception
2022-01-06 14:12:31,879 [grpc-default-executor-2] WARN  server.GrpcLogAppender (GrpcLogAppender.java:resetClient(110)) - omNode-1@group-523986131536->omNode-3-GrpcLogAppender: Leader has not got in touch with Follower omNode-1@group-523986131536->omNode-3(c-1,m0,n0, attendVote=false, lastRpcSendTime=0, lastRpcResponseTime=1338) yet, just keep nextIndex unchanged and retry.
2022-01-06 14:12:31,879 [omNode-1@group-523986131536->omNode-3-GrpcLogAppender-LogAppenderDaemon] INFO  server.GrpcLogAppender (GrpcLogAppender.java:installSnapshot(558)) - omNode-1@group-523986131536->omNode-3-GrpcLogAppender: send omNode-1->omNode-3#0-t2,notify:(t:2, i:12)
2022-01-06 14:12:31,879 [grpc-default-executor-2] WARN  server.GrpcLogAppender (LogUtils.java:warn(122)) - omNode-1@group-523986131536->omNode-3-InstallSnapshotResponseHandler: Failed InstallSnapshot: org.apache.ratis.thirdparty.io.grpc.StatusRuntimeException: UNAVAILABLE: io exception
2022-01-06 14:12:31,879 [grpc-default-executor-2] WARN  server.GrpcLogAppender (GrpcLogAppender.java:resetClient(110)) - omNode-1@group-523986131536->omNode-3-GrpcLogAppender: Leader has not got in touch with Follower omNode-1@group-523986131536->omNode-3(c-1,m0,n0, attendVote=false, lastRpcSendTime=0, lastRpcResponseTime=1339) yet, just keep nextIndex unchanged and retry.
2022-01-06 14:12:31,879 [omNode-1@group-523986131536->omNode-3-GrpcLogAppender-LogAppenderDaemon] INFO  server.GrpcLogAppender (GrpcLogAppender.java:installSnapshot(550)) - omNode-1@group-523986131536->omNode-3-GrpcLogAppender: followerNextIndex = 0 but logStartIndex = -1, notify follower to install snapshot-(t:2, i:12)
2022-01-06 14:12:31,879 [grpc-default-executor-2] WARN  server.GrpcLogAppender (LogUtils.java:warn(122)) - omNode-1@group-523986131536->omNode-3-AppendLogResponseHandler: Failed appendEntries: org.apache.ratis.thirdparty.io.grpc.StatusRuntimeException: UNAVAILABLE: io exception
2022-01-06 14:12:31,879 [grpc-default-executor-2] WARN  server.GrpcLogAppender (GrpcLogAppender.java:resetClient(110)) - omNode-1@group-523986131536->omNode-3-GrpcLogAppender: Leader has not got in touch with Follower omNode-1@group-523986131536->omNode-3(c-1,m0,n0, attendVote=false, lastRpcSendTime=0, lastRpcResponseTime=1339) yet, just keep nextIndex unchanged and retry.
2022-01-06 14:12:31,881 [omNode-1@group-523986131536->omNode-3-GrpcLogAppender-LogAppenderDaemon] INFO  server.GrpcLogAppender (GrpcLogAppender.java:installSnapshot(558)) - omNode-1@group-523986131536->omNode-3-GrpcLogAppender: send omNode-1->omNode-3#0-t2,notify:(t:2, i:12)
2022-01-06 14:12:31,882 [grpc-default-executor-2] WARN  server.GrpcLogAppender (LogUtils.java:warn(122)) - omNode-1@group-523986131536->omNode-3-InstallSnapshotResponseHandler: Failed InstallSnapshot: org.apache.ratis.thirdparty.io.grpc.StatusRuntimeException: UNAVAILABLE: io exception
2022-01-06 14:12:31,882 [grpc-default-executor-2] WARN  server.GrpcLogAppender (GrpcLogAppender.java:resetClient(110)) - omNode-1@group-523986131536->omNode-3-GrpcLogAppender: Leader has not got in touch with Follower omNode-1@group-523986131536->omNode-3(c-1,m0,n0, attendVote=false, lastRpcSendTime=0, lastRpcResponseTime=1342) yet, just keep nextIndex unchanged and retry.
2022-01-06 14:12:31,883 [omNode-1@group-523986131536->omNode-3-GrpcLogAppender-LogAppenderDaemon] INFO  server.GrpcLogAppender (GrpcLogAppender.java:installSnapshot(550)) - omNode-1@group-523986131536->omNode-3-GrpcLogAppender: followerNextIndex = 0 but logStartIndex = -1, notify follower to install snapshot-(t:2, i:12)
2022-01-06 14:12:31,883 [omNode-1@group-523986131536->omNode-3-GrpcLogAppender-LogAppenderDaemon] INFO  server.GrpcLogAppender (GrpcLogAppender.java:installSnapshot(558)) - omNode-1@group-523986131536->omNode-3-GrpcLogAppender: send omNode-1->omNode-3#0-t2,notify:(t:2, i:12)
2022-01-06 14:12:31,886 [grpc-default-executor-6] WARN  server.GrpcLogAppender (LogUtils.java:warn(122)) - omNode-1@group-523986131536->omNode-3-AppendLogResponseHandler: Failed appendEntries: org.apache.ratis.thirdparty.io.grpc.StatusRuntimeException: UNAVAILABLE: io exception
2022-01-06 14:12:31,886 [grpc-default-executor-6] WARN  server.GrpcLogAppender (GrpcLogAppender.java:resetClient(110)) - omNode-1@group-523986131536->omNode-3-GrpcLogAppender: Leader has not got in touch with Follower omNode-1@group-523986131536->omNode-3(c-1,m0,n0, attendVote=false, lastRpcSendTime=3, lastRpcResponseTime=1346) yet, just keep nextIndex unchanged and retry.
2022-01-06 14:12:31,886 [grpc-default-executor-6] WARN  server.GrpcLogAppender (LogUtils.java:warn(122)) - omNode-1@group-523986131536->omNode-3-InstallSnapshotResponseHandler: Failed InstallSnapshot: org.apache.ratis.thirdparty.io.grpc.StatusRuntimeException: UNAVAILABLE: io exception
2022-01-06 14:12:31,887 [grpc-default-executor-6] WARN  server.GrpcLogAppender (GrpcLogAppender.java:resetClient(110)) - omNode-1@group-523986131536->omNode-3-GrpcLogAppender: Leader has not got in touch with Follower omNode-1@group-523986131536->omNode-3(c-1,m0,n0, attendVote=false, lastRpcSendTime=3, lastRpcResponseTime=1346) yet, just keep nextIndex unchanged and retry.
2022-01-06 14:12:31,887 [omNode-1@group-523986131536->omNode-3-GrpcLogAppender-LogAppenderDaemon] INFO  server.GrpcLogAppender (GrpcLogAppender.java:installSnapshot(550)) - omNode-1@group-523986131536->omNode-3-GrpcLogAppender: followerNextIndex = 0 but logStartIndex = -1, notify follower to install snapshot-(t:2, i:12)
2022-01-06 14:12:31,887 [omNode-1@group-523986131536->omNode-3-GrpcLogAppender-LogAppenderDaemon] INFO  server.GrpcLogAppender (GrpcLogAppender.java:installSnapshot(558)) - omNode-1@group-523986131536->omNode-3-GrpcLogAppender: send omNode-1->omNode-3#0-t2,notify:(t:2, i:12)
2022-01-06 14:12:31,887 [grpc-default-executor-2] WARN  server.GrpcLogAppender (LogUtils.java:warn(122)) - omNode-1@group-523986131536->omNode-3-AppendLogResponseHandler: Failed appendEntries: org.apache.ratis.thirdparty.io.grpc.StatusRuntimeException: UNAVAILABLE: io exception
2022-01-06 14:12:31,887 [grpc-default-executor-2] WARN  server.GrpcLogAppender (GrpcLogAppender.java:resetClient(110)) - omNode-1@group-523986131536->omNode-3-GrpcLogAppender: Leader has not got in touch with Follower omNode-1@group-523986131536->omNode-3(c-1,m0,n0, attendVote=false, lastRpcSendTime=0, lastRpcResponseTime=1347) yet, just keep nextIndex unchanged and retry.
2022-01-06 14:12:31,887 [grpc-default-executor-6] WARN  server.GrpcLogAppender (LogUtils.java:warn(122)) - omNode-1@group-523986131536->omNode-3-InstallSnapshotResponseHandler: Failed InstallSnapshot: org.apache.ratis.thirdparty.io.grpc.StatusRuntimeException: UNAVAILABLE: io exception
2022-01-06 14:12:31,887 [grpc-default-executor-6] WARN  server.GrpcLogAppender (GrpcLogAppender.java:resetClient(110)) - omNode-1@group-523986131536->omNode-3-GrpcLogAppender: Leader has not got in touch with Follower omNode-1@group-523986131536->omNode-3(c-1,m0,n0, attendVote=false, lastRpcSendTime=0, lastRpcResponseTime=1347) yet, just keep nextIndex unchanged and retry.
2022-01-06 14:12:31,887 [grpc-default-executor-6] WARN  server.GrpcLogAppender (LogUtils.java:warn(122)) - omNode-1@group-523986131536->omNode-3-AppendLogResponseHandler: Failed appendEntries: org.apache.ratis.thirdparty.io.grpc.StatusRuntimeException: UNAVAILABLE: io exception
2022-01-06 14:12:31,887 [grpc-default-executor-6] WARN  server.GrpcLogAppender (GrpcLogAppender.java:resetClient(110)) - omNode-1@group-523986131536->omNode-3-GrpcLogAppender: Leader has not got in touch with Follower omNode-1@group-523986131536->omNode-3(c-1,m0,n0, attendVote=false, lastRpcSendTime=0, lastRpcResponseTime=1347) yet, just keep nextIndex unchanged and retry.
2022-01-06 14:12:31,887 [omNode-1@group-523986131536->omNode-3-GrpcLogAppender-LogAppenderDaemon] INFO  server.GrpcLogAppender (GrpcLogAppender.java:installSnapshot(550)) - omNode-1@group-523986131536->omNode-3-GrpcLogAppender: followerNextIndex = 0 but logStartIndex = -1, notify follower to install snapshot-(t:2, i:12)
2022-01-06 14:12:31,888 [omNode-1@group-523986131536->omNode-3-GrpcLogAppender-LogAppenderDaemon] INFO  server.GrpcLogAppender (GrpcLogAppender.java:installSnapshot(558)) - omNode-1@group-523986131536->omNode-3-GrpcLogAppender: send omNode-1->omNode-3#0-t2,notify:(t:2, i:12)
2022-01-06 14:12:31,888 [grpc-default-executor-6] WARN  server.GrpcLogAppender (LogUtils.java:warn(122)) - omNode-1@group-523986131536->omNode-3-InstallSnapshotResponseHandler: Failed InstallSnapshot: org.apache.ratis.thirdparty.io.grpc.StatusRuntimeException: UNAVAILABLE: io exception
2022-01-06 14:12:31,888 [grpc-default-executor-6] WARN  server.GrpcLogAppender (GrpcLogAppender.java:resetClient(110)) - omNode-1@group-523986131536->omNode-3-GrpcLogAppender: Leader has not got in touch with Follower omNode-1@group-523986131536->omNode-3(c-1,m0,n0, attendVote=false, lastRpcSendTime=0, lastRpcResponseTime=1347) yet, just keep nextIndex unchanged and retry.
2022-01-06 14:12:31,888 [grpc-default-executor-6] WARN  server.GrpcLogAppender (LogUtils.java:warn(122)) - omNode-1@group-523986131536->omNode-3-AppendLogResponseHandler: Failed appendEntries: org.apache.ratis.thirdparty.io.grpc.StatusRuntimeException: UNAVAILABLE: io exception
2022-01-06 14:12:31,888 [grpc-default-executor-6] WARN  server.GrpcLogAppender (GrpcLogAppender.java:resetClient(110)) - omNode-1@group-523986131536->omNode-3-GrpcLogAppender: Leader has not got in touch with Follower omNode-1@group-523986131536->omNode-3(c-1,m0,n0, attendVote=false, lastRpcSendTime=0, lastRpcResponseTime=1348) yet, just keep nextIndex unchanged and retry.
2022-01-06 14:12:31,888 [omNode-1@group-523986131536->omNode-3-GrpcLogAppender-LogAppenderDaemon] INFO  server.GrpcLogAppender (GrpcLogAppender.java:installSnapshot(550)) - omNode-1@group-523986131536->omNode-3-GrpcLogAppender: followerNextIndex = 0 but logStartIndex = -1, notify follower to install snapshot-(t:2, i:12)
2022-01-06 14:12:31,888 [omNode-1@group-523986131536->omNode-3-GrpcLogAppender-LogAppenderDaemon] INFO  server.GrpcLogAppender (GrpcLogAppender.java:installSnapshot(558)) - omNode-1@group-523986131536->omNode-3-GrpcLogAppender: send omNode-1->omNode-3#0-t2,notify:(t:2, i:12)
2022-01-06 14:12:31,888 [grpc-default-executor-6] WARN  server.GrpcLogAppender (LogUtils.java:warn(122)) - omNode-1@group-523986131536->omNode-3-InstallSnapshotResponseHandler: Failed InstallSnapshot: org.apache.ratis.thirdparty.io.grpc.StatusRuntimeException: UNAVAILABLE: io exception
2022-01-06 14:12:31,889 [grpc-default-executor-6] WARN  server.GrpcLogAppender (GrpcLogAppender.java:resetClient(110)) - omNode-1@group-523986131536->omNode-3-GrpcLogAppender: Leader has not got in touch with Follower omNode-1@group-523986131536->omNode-3(c-1,m0,n0, attendVote=false, lastRpcSendTime=0, lastRpcResponseTime=1348) yet, just keep nextIndex unchanged and retry.
2022-01-06 14:12:31,890 [grpc-default-executor-6] WARN  server.GrpcLogAppender (LogUtils.java:warn(122)) - omNode-1@group-523986131536->omNode-3-AppendLogResponseHandler: Failed appendEntries: org.apache.ratis.thirdparty.io.grpc.StatusRuntimeException: UNAVAILABLE: io exception
2022-01-06 14:12:31,890 [grpc-default-executor-6] WARN  server.GrpcLogAppender (GrpcLogAppender.java:resetClient(110)) - omNode-1@group-523986131536->omNode-3-GrpcLogAppender: Leader has not got in touch with Follower omNode-1@group-523986131536->omNode-3(c-1,m0,n0, attendVote=false, lastRpcSendTime=1, lastRpcResponseTime=1350) yet, just keep nextIndex unchanged and retry.
2022-01-06 14:12:31,890 [omNode-1@group-523986131536->omNode-3-GrpcLogAppender-LogAppenderDaemon] INFO  server.GrpcLogAppender (GrpcLogAppender.java:installSnapshot(550)) - omNode-1@group-523986131536->omNode-3-GrpcLogAppender: followerNextIndex = 0 but logStartIndex = -1, notify follower to install snapshot-(t:2, i:12)
2022-01-06 14:12:31,890 [omNode-1@group-523986131536->omNode-3-GrpcLogAppender-LogAppenderDaemon] INFO  server.GrpcLogAppender (GrpcLogAppender.java:installSnapshot(558)) - omNode-1@group-523986131536->omNode-3-GrpcLogAppender: send omNode-1->omNode-3#0-t2,notify:(t:2, i:12)
2022-01-06 14:12:31,892 [grpc-default-executor-2] WARN  server.GrpcLogAppender (LogUtils.java:warn(122)) - omNode-1@group-523986131536->omNode-3-InstallSnapshotResponseHandler: Failed InstallSnapshot: org.apache.ratis.thirdparty.io.grpc.StatusRuntimeException: UNAVAILABLE: io exception
2022-01-06 14:12:31,892 [grpc-default-executor-2] WARN  server.GrpcLogAppender (GrpcLogAppender.java:resetClient(110)) - omNode-1@group-523986131536->omNode-3-GrpcLogAppender: Leader has not got in touch with Follower omNode-1@group-523986131536->omNode-3(c-1,m0,n0, attendVote=false, lastRpcSendTime=2, lastRpcResponseTime=1352) yet, just keep nextIndex unchanged and retry.
2022-01-06 14:12:31,893 [grpc-default-executor-2] WARN  server.GrpcLogAppender (LogUtils.java:warn(122)) - omNode-1@group-523986131536->omNode-3-AppendLogResponseHandler: Failed appendEntries: org.apache.ratis.thirdparty.io.grpc.StatusRuntimeException: UNAVAILABLE: io exception
2022-01-06 14:12:31,893 [grpc-default-executor-2] WARN  server.GrpcLogAppender (GrpcLogAppender.java:resetClient(110)) - omNode-1@group-523986131536->omNode-3-GrpcLogAppender: Leader has not got in touch with Follower omNode-1@group-523986131536->omNode-3(c-1,m0,n0, attendVote=false, lastRpcSendTime=2, lastRpcResponseTime=1352) yet, just keep nextIndex unchanged and retry.
2022-01-06 14:12:31,893 [omNode-1@group-523986131536->omNode-3-GrpcLogAppender-LogAppenderDaemon] INFO  server.GrpcLogAppender (GrpcLogAppender.java:installSnapshot(550)) - omNode-1@group-523986131536->omNode-3-GrpcLogAppender: followerNextIndex = 0 but logStartIndex = -1, notify follower to install snapshot-(t:2, i:12)
2022-01-06 14:12:31,893 [omNode-1@group-523986131536->omNode-3-GrpcLogAppender-LogAppenderDaemon] INFO  server.GrpcLogAppender (GrpcLogAppender.java:installSnapshot(558)) - omNode-1@group-523986131536->omNode-3-GrpcLogAppender: send omNode-1->omNode-3#0-t2,notify:(t:2, i:12)
2022-01-06 14:12:31,893 [grpc-default-executor-2] WARN  server.GrpcLogAppender (LogUtils.java:warn(122)) - omNode-1@group-523986131536->omNode-3-InstallSnapshotResponseHandler: Failed InstallSnapshot: org.apache.ratis.thirdparty.io.grpc.StatusRuntimeException: UNAVAILABLE: io exception
2022-01-06 14:12:31,893 [grpc-default-executor-2] WARN  server.GrpcLogAppender (GrpcLogAppender.java:resetClient(110)) - omNode-1@group-523986131536->omNode-3-GrpcLogAppender: Leader has not got in touch with Follower omNode-1@group-523986131536->omNode-3(c-1,m0,n0, attendVote=false, lastRpcSendTime=0, lastRpcResponseTime=1353) yet, just keep nextIndex unchanged and retry.
2022-01-06 14:12:31,894 [grpc-default-executor-2] WARN  server.GrpcLogAppender (LogUtils.java:warn(122)) - omNode-1@group-523986131536->omNode-3-AppendLogResponseHandler: Failed appendEntries: org.apache.ratis.thirdparty.io.grpc.StatusRuntimeException: UNAVAILABLE: io exception
2022-01-06 14:12:31,896 [omNode-1@group-523986131536->omNode-3-GrpcLogAppender-LogAppenderDaemon] INFO  server.GrpcLogAppender (GrpcLogAppender.java:installSnapshot(550)) - omNode-1@group-523986131536->omNode-3-GrpcLogAppender: followerNextIndex = 0 but logStartIndex = -1, notify follower to install snapshot-(t:2, i:12)
2022-01-06 14:12:31,896 [omNode-1@group-523986131536->omNode-3-GrpcLogAppender-LogAppenderDaemon] INFO  server.GrpcLogAppender (GrpcLogAppender.java:installSnapshot(558)) - omNode-1@group-523986131536->omNode-3-GrpcLogAppender: send omNode-1->omNode-3#0-t2,notify:(t:2, i:12)
2022-01-06 14:12:31,897 [grpc-default-executor-7] WARN  server.GrpcLogAppender (LogUtils.java:warn(122)) - omNode-1@group-523986131536->omNode-3-InstallSnapshotResponseHandler: Failed InstallSnapshot: org.apache.ratis.thirdparty.io.grpc.StatusRuntimeException: UNAVAILABLE: io exception
2022-01-06 14:12:31,898 [grpc-default-executor-2] WARN  server.GrpcLogAppender (GrpcLogAppender.java:resetClient(110)) - omNode-1@group-523986131536->omNode-3-GrpcLogAppender: Leader has not got in touch with Follower omNode-1@group-523986131536->omNode-3(c-1,m0,n0, attendVote=false, lastRpcSendTime=1, lastRpcResponseTime=1357) yet, just keep nextIndex unchanged and retry.
2022-01-06 14:12:31,900 [grpc-default-executor-7] WARN  server.GrpcLogAppender (GrpcLogAppender.java:resetClient(110)) - omNode-1@group-523986131536->omNode-3-GrpcLogAppender: Leader has not got in touch with Follower omNode-1@group-523986131536->omNode-3(c-1,m0,n0, attendVote=false, lastRpcSendTime=4, lastRpcResponseTime=1360) yet, just keep nextIndex unchanged and retry.
2022-01-06 14:12:31,900 [omNode-1@group-523986131536->omNode-3-GrpcLogAppender-LogAppenderDaemon] INFO  server.GrpcLogAppender (GrpcLogAppender.java:installSnapshot(550)) - omNode-1@group-523986131536->omNode-3-GrpcLogAppender: followerNextIndex = 0 but logStartIndex = -1, notify follower to install snapshot-(t:2, i:12)
2022-01-06 14:12:31,901 [omNode-1@group-523986131536->omNode-3-GrpcLogAppender-LogAppenderDaemon] INFO  server.GrpcLogAppender (GrpcLogAppender.java:installSnapshot(558)) - omNode-1@group-523986131536->omNode-3-GrpcLogAppender: send omNode-1->omNode-3#0-t2,notify:(t:2, i:12)
2022-01-06 14:12:31,902 [grpc-default-executor-2] WARN  server.GrpcLogAppender (LogUtils.java:warn(122)) - omNode-1@group-523986131536->omNode-3-AppendLogResponseHandler: Failed appendEntries: org.apache.ratis.thirdparty.io.grpc.StatusRuntimeException: UNAVAILABLE: io exception
2022-01-06 14:12:31,902 [grpc-default-executor-6] WARN  server.GrpcLogAppender (LogUtils.java:warn(122)) - omNode-1@group-523986131536->omNode-3-InstallSnapshotResponseHandler: Failed InstallSnapshot: org.apache.ratis.thirdparty.io.grpc.StatusRuntimeException: UNAVAILABLE: io exception
2022-01-06 14:12:31,902 [grpc-default-executor-6] WARN  server.GrpcLogAppender (GrpcLogAppender.java:resetClient(110)) - omNode-1@group-523986131536->omNode-3-GrpcLogAppender: Leader has not got in touch with Follower omNode-1@group-523986131536->omNode-3(c-1,m0,n0, attendVote=false, lastRpcSendTime=1, lastRpcResponseTime=1362) yet, just keep nextIndex unchanged and retry.
2022-01-06 14:12:31,903 [grpc-default-executor-2] WARN  server.GrpcLogAppender (GrpcLogAppender.java:resetClient(110)) - omNode-1@group-523986131536->omNode-3-GrpcLogAppender: Leader has not got in touch with Follower omNode-1@group-523986131536->omNode-3(c-1,m0,n0, attendVote=false, lastRpcSendTime=1, lastRpcResponseTime=1362) yet, just keep nextIndex unchanged and retry.
2022-01-06 14:12:31,903 [grpc-default-executor-2] WARN  server.GrpcLogAppender (LogUtils.java:warn(122)) - omNode-1@group-523986131536->omNode-3-AppendLogResponseHandler: Failed appendEntries: org.apache.ratis.thirdparty.io.grpc.StatusRuntimeException: UNAVAILABLE: io exception
2022-01-06 14:12:31,903 [grpc-default-executor-2] WARN  server.GrpcLogAppender (GrpcLogAppender.java:resetClient(110)) - omNode-1@group-523986131536->omNode-3-GrpcLogAppender: Leader has not got in touch with Follower omNode-1@group-523986131536->omNode-3(c-1,m0,n0, attendVote=false, lastRpcSendTime=2, lastRpcResponseTime=1362) yet, just keep nextIndex unchanged and retry.
2022-01-06 14:12:31,903 [omNode-1@group-523986131536->omNode-3-GrpcLogAppender-LogAppenderDaemon] INFO  server.GrpcLogAppender (GrpcLogAppender.java:installSnapshot(550)) - omNode-1@group-523986131536->omNode-3-GrpcLogAppender: followerNextIndex = 0 but logStartIndex = -1, notify follower to install snapshot-(t:2, i:12)
2022-01-06 14:12:31,903 [omNode-1@group-523986131536->omNode-3-GrpcLogAppender-LogAppenderDaemon] INFO  server.GrpcLogAppender (GrpcLogAppender.java:installSnapshot(558)) - omNode-1@group-523986131536->omNode-3-GrpcLogAppender: send omNode-1->omNode-3#0-t2,notify:(t:2, i:12)
2022-01-06 14:12:31,903 [grpc-default-executor-2] WARN  server.GrpcLogAppender (LogUtils.java:warn(122)) - omNode-1@group-523986131536->omNode-3-InstallSnapshotResponseHandler: Failed InstallSnapshot: org.apache.ratis.thirdparty.io.grpc.StatusRuntimeException: UNAVAILABLE: io exception
2022-01-06 14:12:31,903 [grpc-default-executor-2] WARN  server.GrpcLogAppender (GrpcLogAppender.java:resetClient(110)) - omNode-1@group-523986131536->omNode-3-GrpcLogAppender: Leader has not got in touch with Follower omNode-1@group-523986131536->omNode-3(c-1,m0,n0, attendVote=false, lastRpcSendTime=0, lastRpcResponseTime=1363) yet, just keep nextIndex unchanged and retry.
2022-01-06 14:12:31,904 [grpc-default-executor-2] WARN  server.GrpcLogAppender (LogUtils.java:warn(122)) - omNode-1@group-523986131536->omNode-3-AppendLogResponseHandler: Failed appendEntries: org.apache.ratis.thirdparty.io.grpc.StatusRuntimeException: UNAVAILABLE: io exception
2022-01-06 14:12:31,904 [grpc-default-executor-2] WARN  server.GrpcLogAppender (GrpcLogAppender.java:resetClient(110)) - omNode-1@group-523986131536->omNode-3-GrpcLogAppender: Leader has not got in touch with Follower omNode-1@group-523986131536->omNode-3(c-1,m0,n0, attendVote=false, lastRpcSendTime=0, lastRpcResponseTime=1363) yet, just keep nextIndex unchanged and retry.
2022-01-06 14:12:31,904 [omNode-1@group-523986131536->omNode-3-GrpcLogAppender-LogAppenderDaemon] INFO  server.GrpcLogAppender (GrpcLogAppender.java:installSnapshot(550)) - omNode-1@group-523986131536->omNode-3-GrpcLogAppender: followerNextIndex = 0 but logStartIndex = -1, notify follower to install snapshot-(t:2, i:12)
2022-01-06 14:12:31,904 [omNode-1@group-523986131536->omNode-3-GrpcLogAppender-LogAppenderDaemon] INFO  server.GrpcLogAppender (GrpcLogAppender.java:installSnapshot(558)) - omNode-1@group-523986131536->omNode-3-GrpcLogAppender: send omNode-1->omNode-3#0-t2,notify:(t:2, i:12)
2022-01-06 14:12:31,904 [grpc-default-executor-2] WARN  server.GrpcLogAppender (LogUtils.java:warn(122)) - omNode-1@group-523986131536->omNode-3-InstallSnapshotResponseHandler: Failed InstallSnapshot: org.apache.ratis.thirdparty.io.grpc.StatusRuntimeException: UNAVAILABLE: io exception
2022-01-06 14:12:31,904 [grpc-default-executor-2] WARN  server.GrpcLogAppender (GrpcLogAppender.java:resetClient(110)) - omNode-1@group-523986131536->omNode-3-GrpcLogAppender: Leader has not got in touch with Follower omNode-1@group-523986131536->omNode-3(c-1,m0,n0, attendVote=false, lastRpcSendTime=0, lastRpcResponseTime=1364) yet, just keep nextIndex unchanged and retry.
2022-01-06 14:12:31,904 [grpc-default-executor-2] WARN  server.GrpcLogAppender (LogUtils.java:warn(122)) - omNode-1@group-523986131536->omNode-3-AppendLogResponseHandler: Failed appendEntries: org.apache.ratis.thirdparty.io.grpc.StatusRuntimeException: UNAVAILABLE: io exception
2022-01-06 14:12:31,905 [grpc-default-executor-2] WARN  server.GrpcLogAppender (GrpcLogAppender.java:resetClient(110)) - omNode-1@group-523986131536->omNode-3-GrpcLogAppender: Leader has not got in touch with Follower omNode-1@group-523986131536->omNode-3(c-1,m0,n0, attendVote=false, lastRpcSendTime=0, lastRpcResponseTime=1364) yet, just keep nextIndex unchanged and retry.
2022-01-06 14:12:31,905 [omNode-1@group-523986131536->omNode-3-GrpcLogAppender-LogAppenderDaemon] INFO  server.GrpcLogAppender (GrpcLogAppender.java:installSnapshot(550)) - omNode-1@group-523986131536->omNode-3-GrpcLogAppender: followerNextIndex = 0 but logStartIndex = -1, notify follower to install snapshot-(t:2, i:12)
2022-01-06 14:12:31,905 [omNode-1@group-523986131536->omNode-3-GrpcLogAppender-LogAppenderDaemon] INFO  server.GrpcLogAppender (GrpcLogAppender.java:installSnapshot(558)) - omNode-1@group-523986131536->omNode-3-GrpcLogAppender: send omNode-1->omNode-3#0-t2,notify:(t:2, i:12)
2022-01-06 14:12:31,927 [grpc-default-executor-6] WARN  server.GrpcLogAppender (LogUtils.java:warn(122)) - omNode-1@group-523986131536->omNode-3-InstallSnapshotResponseHandler: Failed InstallSnapshot: org.apache.ratis.thirdparty.io.grpc.StatusRuntimeException: UNAVAILABLE: io exception
2022-01-06 14:12:31,928 [grpc-default-executor-6] WARN  server.GrpcLogAppender (GrpcLogAppender.java:resetClient(110)) - omNode-1@group-523986131536->omNode-3-GrpcLogAppender: Leader has not got in touch with Follower omNode-1@group-523986131536->omNode-3(c-1,m0,n0, attendVote=false, lastRpcSendTime=3, lastRpcResponseTime=1387) yet, just keep nextIndex unchanged and retry.
2022-01-06 14:12:31,928 [omNode-1@group-523986131536->omNode-3-GrpcLogAppender-LogAppenderDaemon] INFO  server.GrpcLogAppender (GrpcLogAppender.java:installSnapshot(550)) - omNode-1@group-523986131536->omNode-3-GrpcLogAppender: followerNextIndex = 0 but logStartIndex = -1, notify follower to install snapshot-(t:2, i:12)
2022-01-06 14:12:31,928 [omNode-1@group-523986131536->omNode-3-GrpcLogAppender-LogAppenderDaemon] INFO  server.GrpcLogAppender (GrpcLogAppender.java:installSnapshot(558)) - omNode-1@group-523986131536->omNode-3-GrpcLogAppender: send omNode-1->omNode-3#0-t2,notify:(t:2, i:12)
2022-01-06 14:12:31,929 [grpc-default-executor-7] WARN  server.GrpcLogAppender (LogUtils.java:warn(122)) - omNode-1@group-523986131536->omNode-3-AppendLogResponseHandler: Failed appendEntries: org.apache.ratis.thirdparty.io.grpc.StatusRuntimeException: UNAVAILABLE: io exception
2022-01-06 14:12:31,930 [grpc-default-executor-7] WARN  server.GrpcLogAppender (GrpcLogAppender.java:resetClient(110)) - omNode-1@group-523986131536->omNode-3-GrpcLogAppender: Leader has not got in touch with Follower omNode-1@group-523986131536->omNode-3(c-1,m0,n0, attendVote=false, lastRpcSendTime=1, lastRpcResponseTime=1389) yet, just keep nextIndex unchanged and retry.
2022-01-06 14:12:31,930 [grpc-default-executor-6] WARN  server.GrpcLogAppender (LogUtils.java:warn(122)) - omNode-1@group-523986131536->omNode-3-InstallSnapshotResponseHandler: Failed InstallSnapshot: org.apache.ratis.thirdparty.io.grpc.StatusRuntimeException: UNAVAILABLE: io exception
2022-01-06 14:12:31,930 [grpc-default-executor-6] WARN  server.GrpcLogAppender (GrpcLogAppender.java:resetClient(110)) - omNode-1@group-523986131536->omNode-3-GrpcLogAppender: Leader has not got in touch with Follower omNode-1@group-523986131536->omNode-3(c-1,m0,n0, attendVote=false, lastRpcSendTime=1, lastRpcResponseTime=1389) yet, just keep nextIndex unchanged and retry.
2022-01-06 14:12:31,930 [omNode-1@group-523986131536->omNode-3-GrpcLogAppender-LogAppenderDaemon] INFO  server.GrpcLogAppender (GrpcLogAppender.java:installSnapshot(550)) - omNode-1@group-523986131536->omNode-3-GrpcLogAppender: followerNextIndex = 0 but logStartIndex = -1, notify follower to install snapshot-(t:2, i:12)
2022-01-06 14:12:31,930 [omNode-1@group-523986131536->omNode-3-GrpcLogAppender-LogAppenderDaemon] INFO  server.GrpcLogAppender (GrpcLogAppender.java:installSnapshot(558)) - omNode-1@group-523986131536->omNode-3-GrpcLogAppender: send omNode-1->omNode-3#0-t2,notify:(t:2, i:12)
2022-01-06 14:12:31,931 [grpc-default-executor-2] WARN  server.GrpcLogAppender (LogUtils.java:warn(122)) - omNode-1@group-523986131536->omNode-3-InstallSnapshotResponseHandler: Failed InstallSnapshot: org.apache.ratis.thirdparty.io.grpc.StatusRuntimeException: UNAVAILABLE: io exception
2022-01-06 14:12:31,932 [grpc-default-executor-7] WARN  server.GrpcLogAppender (LogUtils.java:warn(122)) - omNode-1@group-523986131536->omNode-3-AppendLogResponseHandler: Failed appendEntries: org.apache.ratis.thirdparty.io.grpc.StatusRuntimeException: UNAVAILABLE: io exception
2022-01-06 14:12:31,932 [grpc-default-executor-2] WARN  server.GrpcLogAppender (GrpcLogAppender.java:resetClient(110)) - omNode-1@group-523986131536->omNode-3-GrpcLogAppender: Leader has not got in touch with Follower omNode-1@group-523986131536->omNode-3(c-1,m0,n0, attendVote=false, lastRpcSendTime=1, lastRpcResponseTime=1392) yet, just keep nextIndex unchanged and retry.
2022-01-06 14:12:31,933 [grpc-default-executor-7] WARN  server.GrpcLogAppender (GrpcLogAppender.java:resetClient(110)) - omNode-1@group-523986131536->omNode-3-GrpcLogAppender: Leader has not got in touch with Follower omNode-1@group-523986131536->omNode-3(c-1,m0,n0, attendVote=false, lastRpcSendTime=2, lastRpcResponseTime=1392) yet, just keep nextIndex unchanged and retry.
2022-01-06 14:12:31,933 [omNode-1@group-523986131536->omNode-3-GrpcLogAppender-LogAppenderDaemon] INFO  server.GrpcLogAppender (GrpcLogAppender.java:installSnapshot(550)) - omNode-1@group-523986131536->omNode-3-GrpcLogAppender: followerNextIndex = 0 but logStartIndex = -1, notify follower to install snapshot-(t:2, i:12)
2022-01-06 14:12:31,933 [omNode-1@group-523986131536->omNode-3-GrpcLogAppender-LogAppenderDaemon] INFO  server.GrpcLogAppender (GrpcLogAppender.java:installSnapshot(558)) - omNode-1@group-523986131536->omNode-3-GrpcLogAppender: send omNode-1->omNode-3#0-t2,notify:(t:2, i:12)
2022-01-06 14:12:31,934 [grpc-default-executor-2] WARN  server.GrpcLogAppender (LogUtils.java:warn(122)) - omNode-1@group-523986131536->omNode-3-InstallSnapshotResponseHandler: Failed InstallSnapshot: org.apache.ratis.thirdparty.io.grpc.StatusRuntimeException: UNAVAILABLE: io exception
2022-01-06 14:12:31,934 [grpc-default-executor-7] WARN  server.GrpcLogAppender (LogUtils.java:warn(122)) - omNode-1@group-523986131536->omNode-3-AppendLogResponseHandler: Failed appendEntries: org.apache.ratis.thirdparty.io.grpc.StatusRuntimeException: UNAVAILABLE: io exception
2022-01-06 14:12:31,934 [grpc-default-executor-2] WARN  server.GrpcLogAppender (GrpcLogAppender.java:resetClient(110)) - omNode-1@group-523986131536->omNode-3-GrpcLogAppender: Leader has not got in touch with Follower omNode-1@group-523986131536->omNode-3(c-1,m0,n0, attendVote=false, lastRpcSendTime=0, lastRpcResponseTime=1394) yet, just keep nextIndex unchanged and retry.
2022-01-06 14:12:31,934 [grpc-default-executor-7] WARN  server.GrpcLogAppender (GrpcLogAppender.java:resetClient(110)) - omNode-1@group-523986131536->omNode-3-GrpcLogAppender: Leader has not got in touch with Follower omNode-1@group-523986131536->omNode-3(c-1,m0,n0, attendVote=false, lastRpcSendTime=0, lastRpcResponseTime=1394) yet, just keep nextIndex unchanged and retry.
2022-01-06 14:12:31,935 [omNode-1@group-523986131536->omNode-3-GrpcLogAppender-LogAppenderDaemon] INFO  server.GrpcLogAppender (GrpcLogAppender.java:installSnapshot(550)) - omNode-1@group-523986131536->omNode-3-GrpcLogAppender: followerNextIndex = 0 but logStartIndex = -1, notify follower to install snapshot-(t:2, i:12)
2022-01-06 14:12:31,935 [omNode-1@group-523986131536->omNode-3-GrpcLogAppender-LogAppenderDaemon] INFO  server.GrpcLogAppender (GrpcLogAppender.java:installSnapshot(558)) - omNode-1@group-523986131536->omNode-3-GrpcLogAppender: send omNode-1->omNode-3#0-t2,notify:(t:2, i:12)
2022-01-06 14:12:31,937 [grpc-default-executor-6] WARN  server.GrpcLogAppender (LogUtils.java:warn(122)) - omNode-1@group-523986131536->omNode-3-AppendLogResponseHandler: Failed appendEntries: org.apache.ratis.thirdparty.io.grpc.StatusRuntimeException: UNAVAILABLE: io exception
2022-01-06 14:12:31,937 [grpc-default-executor-7] WARN  server.GrpcLogAppender (LogUtils.java:warn(122)) - omNode-1@group-523986131536->omNode-3-InstallSnapshotResponseHandler: Failed InstallSnapshot: org.apache.ratis.thirdparty.io.grpc.StatusRuntimeException: UNAVAILABLE: io exception
2022-01-06 14:12:31,937 [grpc-default-executor-6] WARN  server.GrpcLogAppender (GrpcLogAppender.java:resetClient(110)) - omNode-1@group-523986131536->omNode-3-GrpcLogAppender: Leader has not got in touch with Follower omNode-1@group-523986131536->omNode-3(c-1,m0,n0, attendVote=false, lastRpcSendTime=2, lastRpcResponseTime=1397) yet, just keep nextIndex unchanged and retry.
2022-01-06 14:12:31,938 [grpc-default-executor-7] WARN  server.GrpcLogAppender (GrpcLogAppender.java:resetClient(110)) - omNode-1@group-523986131536->omNode-3-GrpcLogAppender: Leader has not got in touch with Follower omNode-1@group-523986131536->omNode-3(c-1,m0,n0, attendVote=false, lastRpcSendTime=2, lastRpcResponseTime=1397) yet, just keep nextIndex unchanged and retry.
2022-01-06 14:12:31,938 [omNode-1@group-523986131536->omNode-3-GrpcLogAppender-LogAppenderDaemon] INFO  server.GrpcLogAppender (GrpcLogAppender.java:installSnapshot(550)) - omNode-1@group-523986131536->omNode-3-GrpcLogAppender: followerNextIndex = 0 but logStartIndex = -1, notify follower to install snapshot-(t:2, i:12)
2022-01-06 14:12:31,938 [omNode-1@group-523986131536->omNode-3-GrpcLogAppender-LogAppenderDaemon] INFO  server.GrpcLogAppender (GrpcLogAppender.java:installSnapshot(558)) - omNode-1@group-523986131536->omNode-3-GrpcLogAppender: send omNode-1->omNode-3#0-t2,notify:(t:2, i:12)
2022-01-06 14:12:31,940 [grpc-default-executor-2] WARN  server.GrpcLogAppender (LogUtils.java:warn(122)) - omNode-1@group-523986131536->omNode-3-AppendLogResponseHandler: Failed appendEntries: org.apache.ratis.thirdparty.io.grpc.StatusRuntimeException: UNAVAILABLE: io exception
2022-01-06 14:12:31,940 [grpc-default-executor-7] WARN  server.GrpcLogAppender (LogUtils.java:warn(122)) - omNode-1@group-523986131536->omNode-3-InstallSnapshotResponseHandler: Failed InstallSnapshot: org.apache.ratis.thirdparty.io.grpc.StatusRuntimeException: UNAVAILABLE: io exception
2022-01-06 14:12:31,940 [grpc-default-executor-2] WARN  server.GrpcLogAppender (GrpcLogAppender.java:resetClient(110)) - omNode-1@group-523986131536->omNode-3-GrpcLogAppender: Leader has not got in touch with Follower omNode-1@group-523986131536->omNode-3(c-1,m0,n0, attendVote=false, lastRpcSendTime=2, lastRpcResponseTime=1400) yet, just keep nextIndex unchanged and retry.
2022-01-06 14:12:31,941 [grpc-default-executor-7] WARN  server.GrpcLogAppender (GrpcLogAppender.java:resetClient(110)) - omNode-1@group-523986131536->omNode-3-GrpcLogAppender: Leader has not got in touch with Follower omNode-1@group-523986131536->omNode-3(c-1,m0,n0, attendVote=false, lastRpcSendTime=2, lastRpcResponseTime=1400) yet, just keep nextIndex unchanged and retry.
2022-01-06 14:12:31,941 [omNode-1@group-523986131536->omNode-3-GrpcLogAppender-LogAppenderDaemon] INFO  server.GrpcLogAppender (GrpcLogAppender.java:installSnapshot(550)) - omNode-1@group-523986131536->omNode-3-GrpcLogAppender: followerNextIndex = 0 but logStartIndex = -1, notify follower to install snapshot-(t:2, i:12)
2022-01-06 14:12:31,941 [omNode-1@group-523986131536->omNode-3-GrpcLogAppender-LogAppenderDaemon] INFO  server.GrpcLogAppender (GrpcLogAppender.java:installSnapshot(558)) - omNode-1@group-523986131536->omNode-3-GrpcLogAppender: send omNode-1->omNode-3#0-t2,notify:(t:2, i:12)
2022-01-06 14:12:31,942 [grpc-default-executor-2] WARN  server.GrpcLogAppender (LogUtils.java:warn(122)) - omNode-1@group-523986131536->omNode-3-AppendLogResponseHandler: Failed appendEntries: org.apache.ratis.thirdparty.io.grpc.StatusRuntimeException: UNAVAILABLE: io exception
2022-01-06 14:12:31,942 [grpc-default-executor-2] WARN  server.GrpcLogAppender (GrpcLogAppender.java:resetClient(110)) - omNode-1@group-523986131536->omNode-3-GrpcLogAppender: Leader has not got in touch with Follower omNode-1@group-523986131536->omNode-3(c-1,m0,n0, attendVote=false, lastRpcSendTime=1, lastRpcResponseTime=1402) yet, just keep nextIndex unchanged and retry.
2022-01-06 14:12:31,942 [grpc-default-executor-7] WARN  server.GrpcLogAppender (LogUtils.java:warn(122)) - omNode-1@group-523986131536->omNode-3-InstallSnapshotResponseHandler: Failed InstallSnapshot: org.apache.ratis.thirdparty.io.grpc.StatusRuntimeException: UNAVAILABLE: io exception
2022-01-06 14:12:31,942 [grpc-default-executor-7] WARN  server.GrpcLogAppender (GrpcLogAppender.java:resetClient(110)) - omNode-1@group-523986131536->omNode-3-GrpcLogAppender: Leader has not got in touch with Follower omNode-1@group-523986131536->omNode-3(c-1,m0,n0, attendVote=false, lastRpcSendTime=1, lastRpcResponseTime=1402) yet, just keep nextIndex unchanged and retry.
2022-01-06 14:12:31,943 [omNode-1@group-523986131536->omNode-3-GrpcLogAppender-LogAppenderDaemon] INFO  server.GrpcLogAppender (GrpcLogAppender.java:installSnapshot(550)) - omNode-1@group-523986131536->omNode-3-GrpcLogAppender: followerNextIndex = 0 but logStartIndex = -1, notify follower to install snapshot-(t:2, i:12)
2022-01-06 14:12:31,943 [omNode-1@group-523986131536->omNode-3-GrpcLogAppender-LogAppenderDaemon] INFO  server.GrpcLogAppender (GrpcLogAppender.java:installSnapshot(558)) - omNode-1@group-523986131536->omNode-3-GrpcLogAppender: send omNode-1->omNode-3#0-t2,notify:(t:2, i:12)
2022-01-06 14:12:31,943 [grpc-default-executor-7] WARN  server.GrpcLogAppender (LogUtils.java:warn(122)) - omNode-1@group-523986131536->omNode-3-AppendLogResponseHandler: Failed appendEntries: org.apache.ratis.thirdparty.io.grpc.StatusRuntimeException: UNAVAILABLE: io exception
2022-01-06 14:12:31,943 [grpc-default-executor-7] WARN  server.GrpcLogAppender (GrpcLogAppender.java:resetClient(110)) - omNode-1@group-523986131536->omNode-3-GrpcLogAppender: Leader has not got in touch with Follower omNode-1@group-523986131536->omNode-3(c-1,m0,n0, attendVote=false, lastRpcSendTime=0, lastRpcResponseTime=1403) yet, just keep nextIndex unchanged and retry.
2022-01-06 14:12:31,943 [grpc-default-executor-2] WARN  server.GrpcLogAppender (LogUtils.java:warn(122)) - omNode-1@group-523986131536->omNode-3-InstallSnapshotResponseHandler: Failed InstallSnapshot: org.apache.ratis.thirdparty.io.grpc.StatusRuntimeException: UNAVAILABLE: io exception
2022-01-06 14:12:31,943 [grpc-default-executor-2] WARN  server.GrpcLogAppender (GrpcLogAppender.java:resetClient(110)) - omNode-1@group-523986131536->omNode-3-GrpcLogAppender: Leader has not got in touch with Follower omNode-1@group-523986131536->omNode-3(c-1,m0,n0, attendVote=false, lastRpcSendTime=0, lastRpcResponseTime=1403) yet, just keep nextIndex unchanged and retry.
2022-01-06 14:12:31,943 [omNode-1@group-523986131536->omNode-3-GrpcLogAppender-LogAppenderDaemon] INFO  server.GrpcLogAppender (GrpcLogAppender.java:installSnapshot(550)) - omNode-1@group-523986131536->omNode-3-GrpcLogAppender: followerNextIndex = 0 but logStartIndex = -1, notify follower to install snapshot-(t:2, i:12)
2022-01-06 14:12:31,943 [omNode-1@group-523986131536->omNode-3-GrpcLogAppender-LogAppenderDaemon] INFO  server.GrpcLogAppender (GrpcLogAppender.java:installSnapshot(558)) - omNode-1@group-523986131536->omNode-3-GrpcLogAppender: send omNode-1->omNode-3#0-t2,notify:(t:2, i:12)
2022-01-06 14:12:31,944 [grpc-default-executor-7] WARN  server.GrpcLogAppender (LogUtils.java:warn(122)) - omNode-1@group-523986131536->omNode-3-InstallSnapshotResponseHandler: Failed InstallSnapshot: org.apache.ratis.thirdparty.io.grpc.StatusRuntimeException: UNAVAILABLE: io exception
2022-01-06 14:12:31,944 [grpc-default-executor-7] WARN  server.GrpcLogAppender (GrpcLogAppender.java:resetClient(110)) - omNode-1@group-523986131536->omNode-3-GrpcLogAppender: Leader has not got in touch with Follower omNode-1@group-523986131536->omNode-3(c-1,m0,n0, attendVote=false, lastRpcSendTime=0, lastRpcResponseTime=1403) yet, just keep nextIndex unchanged and retry.
2022-01-06 14:12:31,943 [grpc-default-executor-2] WARN  server.GrpcLogAppender (LogUtils.java:warn(122)) - omNode-1@group-523986131536->omNode-3-AppendLogResponseHandler: Failed appendEntries: org.apache.ratis.thirdparty.io.grpc.StatusRuntimeException: UNAVAILABLE: io exception
2022-01-06 14:12:31,944 [grpc-default-executor-2] WARN  server.GrpcLogAppender (GrpcLogAppender.java:resetClient(110)) - omNode-1@group-523986131536->omNode-3-GrpcLogAppender: Leader has not got in touch with Follower omNode-1@group-523986131536->omNode-3(c-1,m0,n0, attendVote=false, lastRpcSendTime=0, lastRpcResponseTime=1403) yet, just keep nextIndex unchanged and retry.
2022-01-06 14:12:31,944 [omNode-1@group-523986131536->omNode-3-GrpcLogAppender-LogAppenderDaemon] INFO  server.GrpcLogAppender (GrpcLogAppender.java:installSnapshot(550)) - omNode-1@group-523986131536->omNode-3-GrpcLogAppender: followerNextIndex = 0 but logStartIndex = -1, notify follower to install snapshot-(t:2, i:12)
2022-01-06 14:12:31,944 [omNode-1@group-523986131536->omNode-3-GrpcLogAppender-LogAppenderDaemon] INFO  server.GrpcLogAppender (GrpcLogAppender.java:installSnapshot(558)) - omNode-1@group-523986131536->omNode-3-GrpcLogAppender: send omNode-1->omNode-3#0-t2,notify:(t:2, i:12)
2022-01-06 14:12:31,944 [grpc-default-executor-7] WARN  server.GrpcLogAppender (LogUtils.java:warn(122)) - omNode-1@group-523986131536->omNode-3-InstallSnapshotResponseHandler: Failed InstallSnapshot: org.apache.ratis.thirdparty.io.grpc.StatusRuntimeException: UNAVAILABLE: io exception
2022-01-06 14:12:31,945 [grpc-default-executor-7] WARN  server.GrpcLogAppender (GrpcLogAppender.java:resetClient(110)) - omNode-1@group-523986131536->omNode-3-GrpcLogAppender: Leader has not got in touch with Follower omNode-1@group-523986131536->omNode-3(c-1,m0,n0, attendVote=false, lastRpcSendTime=0, lastRpcResponseTime=1404) yet, just keep nextIndex unchanged and retry.
2022-01-06 14:12:31,944 [grpc-default-executor-2] WARN  server.GrpcLogAppender (LogUtils.java:warn(122)) - omNode-1@group-523986131536->omNode-3-AppendLogResponseHandler: Failed appendEntries: org.apache.ratis.thirdparty.io.grpc.StatusRuntimeException: UNAVAILABLE: io exception
2022-01-06 14:12:31,945 [grpc-default-executor-2] WARN  server.GrpcLogAppender (GrpcLogAppender.java:resetClient(110)) - omNode-1@group-523986131536->omNode-3-GrpcLogAppender: Leader has not got in touch with Follower omNode-1@group-523986131536->omNode-3(c-1,m0,n0, attendVote=false, lastRpcSendTime=0, lastRpcResponseTime=1404) yet, just keep nextIndex unchanged and retry.
2022-01-06 14:12:31,945 [omNode-1@group-523986131536->omNode-3-GrpcLogAppender-LogAppenderDaemon] INFO  server.GrpcLogAppender (GrpcLogAppender.java:installSnapshot(550)) - omNode-1@group-523986131536->omNode-3-GrpcLogAppender: followerNextIndex = 0 but logStartIndex = -1, notify follower to install snapshot-(t:2, i:12)
2022-01-06 14:12:31,945 [omNode-1@group-523986131536->omNode-3-GrpcLogAppender-LogAppenderDaemon] INFO  server.GrpcLogAppender (GrpcLogAppender.java:installSnapshot(558)) - omNode-1@group-523986131536->omNode-3-GrpcLogAppender: send omNode-1->omNode-3#0-t2,notify:(t:2, i:12)
2022-01-06 14:12:31,945 [grpc-default-executor-7] WARN  server.GrpcLogAppender (LogUtils.java:warn(122)) - omNode-1@group-523986131536->omNode-3-InstallSnapshotResponseHandler: Failed InstallSnapshot: org.apache.ratis.thirdparty.io.grpc.StatusRuntimeException: UNAVAILABLE: io exception
2022-01-06 14:12:31,945 [grpc-default-executor-7] WARN  server.GrpcLogAppender (GrpcLogAppender.java:resetClient(110)) - omNode-1@group-523986131536->omNode-3-GrpcLogAppender: Leader has not got in touch with Follower omNode-1@group-523986131536->omNode-3(c-1,m0,n0, attendVote=false, lastRpcSendTime=0, lastRpcResponseTime=1405) yet, just keep nextIndex unchanged and retry.
2022-01-06 14:12:31,945 [grpc-default-executor-2] WARN  server.GrpcLogAppender (LogUtils.java:warn(122)) - omNode-1@group-523986131536->omNode-3-AppendLogResponseHandler: Failed appendEntries: org.apache.ratis.thirdparty.io.grpc.StatusRuntimeException: UNAVAILABLE: io exception
2022-01-06 14:12:31,946 [grpc-default-executor-2] WARN  server.GrpcLogAppender (GrpcLogAppender.java:resetClient(110)) - omNode-1@group-523986131536->omNode-3-GrpcLogAppender: Leader has not got in touch with Follower omNode-1@group-523986131536->omNode-3(c-1,m0,n0, attendVote=false, lastRpcSendTime=0, lastRpcResponseTime=1405) yet, just keep nextIndex unchanged and retry.
2022-01-06 14:12:31,946 [omNode-1@group-523986131536->omNode-3-GrpcLogAppender-LogAppenderDaemon] INFO  server.GrpcLogAppender (GrpcLogAppender.java:installSnapshot(550)) - omNode-1@group-523986131536->omNode-3-GrpcLogAppender: followerNextIndex = 0 but logStartIndex = -1, notify follower to install snapshot-(t:2, i:12)
2022-01-06 14:12:31,946 [omNode-1@group-523986131536->omNode-3-GrpcLogAppender-LogAppenderDaemon] INFO  server.GrpcLogAppender (GrpcLogAppender.java:installSnapshot(558)) - omNode-1@group-523986131536->omNode-3-GrpcLogAppender: send omNode-1->omNode-3#0-t2,notify:(t:2, i:12)
2022-01-06 14:12:31,946 [grpc-default-executor-7] WARN  server.GrpcLogAppender (LogUtils.java:warn(122)) - omNode-1@group-523986131536->omNode-3-InstallSnapshotResponseHandler: Failed InstallSnapshot: org.apache.ratis.thirdparty.io.grpc.StatusRuntimeException: UNAVAILABLE: io exception
2022-01-06 14:12:31,946 [grpc-default-executor-7] WARN  server.GrpcLogAppender (GrpcLogAppender.java:resetClient(110)) - omNode-1@group-523986131536->omNode-3-GrpcLogAppender: Leader has not got in touch with Follower omNode-1@group-523986131536->omNode-3(c-1,m0,n0, attendVote=false, lastRpcSendTime=0, lastRpcResponseTime=1406) yet, just keep nextIndex unchanged and retry.
2022-01-06 14:12:31,946 [grpc-default-executor-2] WARN  server.GrpcLogAppender (LogUtils.java:warn(122)) - omNode-1@group-523986131536->omNode-3-AppendLogResponseHandler: Failed appendEntries: org.apache.ratis.thirdparty.io.grpc.StatusRuntimeException: UNAVAILABLE: io exception
2022-01-06 14:12:31,947 [grpc-default-executor-2] WARN  server.GrpcLogAppender (GrpcLogAppender.java:resetClient(110)) - omNode-1@group-523986131536->omNode-3-GrpcLogAppender: Leader has not got in touch with Follower omNode-1@group-523986131536->omNode-3(c-1,m0,n0, attendVote=false, lastRpcSendTime=0, lastRpcResponseTime=1406) yet, just keep nextIndex unchanged and retry.
2022-01-06 14:12:31,947 [omNode-1@group-523986131536->omNode-3-GrpcLogAppender-LogAppenderDaemon] INFO  server.GrpcLogAppender (GrpcLogAppender.java:installSnapshot(550)) - omNode-1@group-523986131536->omNode-3-GrpcLogAppender: followerNextIndex = 0 but logStartIndex = -1, notify follower to install snapshot-(t:2, i:12)
2022-01-06 14:12:31,947 [omNode-1@group-523986131536->omNode-3-GrpcLogAppender-LogAppenderDaemon] INFO  server.GrpcLogAppender (GrpcLogAppender.java:installSnapshot(558)) - omNode-1@group-523986131536->omNode-3-GrpcLogAppender: send omNode-1->omNode-3#0-t2,notify:(t:2, i:12)
2022-01-06 14:12:31,947 [grpc-default-executor-2] WARN  server.GrpcLogAppender (LogUtils.java:warn(122)) - omNode-1@group-523986131536->omNode-3-AppendLogResponseHandler: Failed appendEntries: org.apache.ratis.thirdparty.io.grpc.StatusRuntimeException: UNAVAILABLE: io exception
2022-01-06 14:12:31,947 [grpc-default-executor-2] WARN  server.GrpcLogAppender (GrpcLogAppender.java:resetClient(110)) - omNode-1@group-523986131536->omNode-3-GrpcLogAppender: Leader has not got in touch with Follower omNode-1@group-523986131536->omNode-3(c-1,m0,n0, attendVote=false, lastRpcSendTime=0, lastRpcResponseTime=1407) yet, just keep nextIndex unchanged and retry.
2022-01-06 14:12:31,947 [grpc-default-executor-7] WARN  server.GrpcLogAppender (LogUtils.java:warn(122)) - omNode-1@group-523986131536->omNode-3-InstallSnapshotResponseHandler: Failed InstallSnapshot: org.apache.ratis.thirdparty.io.grpc.StatusRuntimeException: UNAVAILABLE: io exception
2022-01-06 14:12:31,947 [grpc-default-executor-7] WARN  server.GrpcLogAppender (GrpcLogAppender.java:resetClient(110)) - omNode-1@group-523986131536->omNode-3-GrpcLogAppender: Leader has not got in touch with Follower omNode-1@group-523986131536->omNode-3(c-1,m0,n0, attendVote=false, lastRpcSendTime=0, lastRpcResponseTime=1407) yet, just keep nextIndex unchanged and retry.
2022-01-06 14:12:31,947 [grpc-default-executor-7] WARN  server.GrpcLogAppender (LogUtils.java:warn(122)) - omNode-1@group-523986131536->omNode-3-AppendLogResponseHandler: Failed appendEntries: org.apache.ratis.thirdparty.io.grpc.StatusRuntimeException: UNAVAILABLE: io exception
2022-01-06 14:12:31,948 [omNode-1@group-523986131536->omNode-3-GrpcLogAppender-LogAppenderDaemon] INFO  server.GrpcLogAppender (GrpcLogAppender.java:installSnapshot(550)) - omNode-1@group-523986131536->omNode-3-GrpcLogAppender: followerNextIndex = 0 but logStartIndex = -1, notify follower to install snapshot-(t:2, i:12)
2022-01-06 14:12:31,948 [omNode-1@group-523986131536->omNode-3-GrpcLogAppender-LogAppenderDaemon] INFO  server.GrpcLogAppender (GrpcLogAppender.java:installSnapshot(558)) - omNode-1@group-523986131536->omNode-3-GrpcLogAppender: send omNode-1->omNode-3#0-t2,notify:(t:2, i:12)
2022-01-06 14:12:31,948 [grpc-default-executor-7] WARN  server.GrpcLogAppender (GrpcLogAppender.java:resetClient(110)) - omNode-1@group-523986131536->omNode-3-GrpcLogAppender: Leader has not got in touch with Follower omNode-1@group-523986131536->omNode-3(c-1,m0,n0, attendVote=false, lastRpcSendTime=0, lastRpcResponseTime=1407) yet, just keep nextIndex unchanged and retry.
2022-01-06 14:12:31,948 [grpc-default-executor-7] WARN  server.GrpcLogAppender (LogUtils.java:warn(122)) - omNode-1@group-523986131536->omNode-3-InstallSnapshotResponseHandler: Failed InstallSnapshot: org.apache.ratis.thirdparty.io.grpc.StatusRuntimeException: UNAVAILABLE: io exception
2022-01-06 14:12:31,948 [grpc-default-executor-7] WARN  server.GrpcLogAppender (GrpcLogAppender.java:resetClient(110)) - omNode-1@group-523986131536->omNode-3-GrpcLogAppender: Leader has not got in touch with Follower omNode-1@group-523986131536->omNode-3(c-1,m0,n0, attendVote=false, lastRpcSendTime=0, lastRpcResponseTime=1408) yet, just keep nextIndex unchanged and retry.
2022-01-06 14:12:31,948 [grpc-default-executor-7] WARN  server.GrpcLogAppender (LogUtils.java:warn(122)) - omNode-1@group-523986131536->omNode-3-AppendLogResponseHandler: Failed appendEntries: org.apache.ratis.thirdparty.io.grpc.StatusRuntimeException: UNAVAILABLE: io exception
2022-01-06 14:12:31,948 [omNode-1@group-523986131536->omNode-3-GrpcLogAppender-LogAppenderDaemon] INFO  server.GrpcLogAppender (GrpcLogAppender.java:installSnapshot(550)) - omNode-1@group-523986131536->omNode-3-GrpcLogAppender: followerNextIndex = 0 but logStartIndex = -1, notify follower to install snapshot-(t:2, i:12)
2022-01-06 14:12:31,949 [omNode-1@group-523986131536->omNode-3-GrpcLogAppender-LogAppenderDaemon] INFO  server.GrpcLogAppender (GrpcLogAppender.java:installSnapshot(558)) - omNode-1@group-523986131536->omNode-3-GrpcLogAppender: send omNode-1->omNode-3#0-t2,notify:(t:2, i:12)
2022-01-06 14:12:31,949 [grpc-default-executor-7] WARN  server.GrpcLogAppender (GrpcLogAppender.java:resetClient(110)) - omNode-1@group-523986131536->omNode-3-GrpcLogAppender: Leader has not got in touch with Follower omNode-1@group-523986131536->omNode-3(c-1,m0,n0, attendVote=false, lastRpcSendTime=0, lastRpcResponseTime=1408) yet, just keep nextIndex unchanged and retry.
2022-01-06 14:12:31,949 [grpc-default-executor-7] WARN  server.GrpcLogAppender (LogUtils.java:warn(122)) - omNode-1@group-523986131536->omNode-3-InstallSnapshotResponseHandler: Failed InstallSnapshot: org.apache.ratis.thirdparty.io.grpc.StatusRuntimeException: UNAVAILABLE: io exception
2022-01-06 14:12:31,949 [grpc-default-executor-7] WARN  server.GrpcLogAppender (GrpcLogAppender.java:resetClient(110)) - omNode-1@group-523986131536->omNode-3-GrpcLogAppender: Leader has not got in touch with Follower omNode-1@group-523986131536->omNode-3(c-1,m0,n0, attendVote=false, lastRpcSendTime=0, lastRpcResponseTime=1409) yet, just keep nextIndex unchanged and retry.
2022-01-06 14:12:31,950 [grpc-default-executor-7] WARN  server.GrpcLogAppender (LogUtils.java:warn(122)) - omNode-1@group-523986131536->omNode-3-AppendLogResponseHandler: Failed appendEntries: org.apache.ratis.thirdparty.io.grpc.StatusRuntimeException: UNAVAILABLE: io exception
2022-01-06 14:12:31,950 [omNode-1@group-523986131536->omNode-3-GrpcLogAppender-LogAppenderDaemon] INFO  server.GrpcLogAppender (GrpcLogAppender.java:installSnapshot(550)) - omNode-1@group-523986131536->omNode-3-GrpcLogAppender: followerNextIndex = 0 but logStartIndex = -1, notify follower to install snapshot-(t:2, i:12)
2022-01-06 14:12:31,950 [grpc-default-executor-7] WARN  server.GrpcLogAppender (GrpcLogAppender.java:resetClient(110)) - omNode-1@group-523986131536->omNode-3-GrpcLogAppender: Leader has not got in touch with Follower omNode-1@group-523986131536->omNode-3(c-1,m0,n0, attendVote=false, lastRpcSendTime=0, lastRpcResponseTime=1409) yet, just keep nextIndex unchanged and retry.
2022-01-06 14:12:31,951 [omNode-1@group-523986131536->omNode-3-GrpcLogAppender-LogAppenderDaemon] INFO  server.GrpcLogAppender (GrpcLogAppender.java:installSnapshot(558)) - omNode-1@group-523986131536->omNode-3-GrpcLogAppender: send omNode-1->omNode-3#0-t2,notify:(t:2, i:12)
2022-01-06 14:12:31,951 [grpc-default-executor-2] WARN  server.GrpcLogAppender (LogUtils.java:warn(122)) - omNode-1@group-523986131536->omNode-3-InstallSnapshotResponseHandler: Failed InstallSnapshot: org.apache.ratis.thirdparty.io.grpc.StatusRuntimeException: UNAVAILABLE: io exception
2022-01-06 14:12:31,951 [grpc-default-executor-2] WARN  server.GrpcLogAppender (GrpcLogAppender.java:resetClient(110)) - omNode-1@group-523986131536->omNode-3-GrpcLogAppender: Leader has not got in touch with Follower omNode-1@group-523986131536->omNode-3(c-1,m0,n0, attendVote=false, lastRpcSendTime=0, lastRpcResponseTime=1411) yet, just keep nextIndex unchanged and retry.
2022-01-06 14:12:31,952 [grpc-default-executor-2] WARN  server.GrpcLogAppender (LogUtils.java:warn(122)) - omNode-1@group-523986131536->omNode-3-AppendLogResponseHandler: Failed appendEntries: org.apache.ratis.thirdparty.io.grpc.StatusRuntimeException: UNAVAILABLE: io exception
2022-01-06 14:12:31,952 [grpc-default-executor-2] WARN  server.GrpcLogAppender (GrpcLogAppender.java:resetClient(110)) - omNode-1@group-523986131536->omNode-3-GrpcLogAppender: Leader has not got in touch with Follower omNode-1@group-523986131536->omNode-3(c-1,m0,n0, attendVote=false, lastRpcSendTime=0, lastRpcResponseTime=1411) yet, just keep nextIndex unchanged and retry.
2022-01-06 14:12:31,952 [omNode-1@group-523986131536->omNode-3-GrpcLogAppender-LogAppenderDaemon] INFO  server.GrpcLogAppender (GrpcLogAppender.java:installSnapshot(550)) - omNode-1@group-523986131536->omNode-3-GrpcLogAppender: followerNextIndex = 0 but logStartIndex = -1, notify follower to install snapshot-(t:2, i:12)
2022-01-06 14:12:31,952 [omNode-1@group-523986131536->omNode-3-GrpcLogAppender-LogAppenderDaemon] INFO  server.GrpcLogAppender (GrpcLogAppender.java:installSnapshot(558)) - omNode-1@group-523986131536->omNode-3-GrpcLogAppender: send omNode-1->omNode-3#0-t2,notify:(t:2, i:12)
2022-01-06 14:12:31,953 [grpc-default-executor-7] WARN  server.GrpcLogAppender (LogUtils.java:warn(122)) - omNode-1@group-523986131536->omNode-3-InstallSnapshotResponseHandler: Failed InstallSnapshot: org.apache.ratis.thirdparty.io.grpc.StatusRuntimeException: UNAVAILABLE: io exception
2022-01-06 14:12:31,953 [grpc-default-executor-7] WARN  server.GrpcLogAppender (GrpcLogAppender.java:resetClient(110)) - omNode-1@group-523986131536->omNode-3-GrpcLogAppender: Leader has not got in touch with Follower omNode-1@group-523986131536->omNode-3(c-1,m0,n0, attendVote=false, lastRpcSendTime=0, lastRpcResponseTime=1413) yet, just keep nextIndex unchanged and retry.
2022-01-06 14:12:31,954 [grpc-default-executor-7] WARN  server.GrpcLogAppender (LogUtils.java:warn(122)) - omNode-1@group-523986131536->omNode-3-AppendLogResponseHandler: Failed appendEntries: org.apache.ratis.thirdparty.io.grpc.StatusRuntimeException: UNAVAILABLE: io exception
2022-01-06 14:12:31,954 [grpc-default-executor-7] WARN  server.GrpcLogAppender (GrpcLogAppender.java:resetClient(110)) - omNode-1@group-523986131536->omNode-3-GrpcLogAppender: Leader has not got in touch with Follower omNode-1@group-523986131536->omNode-3(c-1,m0,n0, attendVote=false, lastRpcSendTime=0, lastRpcResponseTime=1413) yet, just keep nextIndex unchanged and retry.
2022-01-06 14:12:31,954 [omNode-1@group-523986131536->omNode-3-GrpcLogAppender-LogAppenderDaemon] INFO  server.GrpcLogAppender (GrpcLogAppender.java:installSnapshot(550)) - omNode-1@group-523986131536->omNode-3-GrpcLogAppender: followerNextIndex = 0 but logStartIndex = -1, notify follower to install snapshot-(t:2, i:12)
2022-01-06 14:12:31,954 [omNode-1@group-523986131536->omNode-3-GrpcLogAppender-LogAppenderDaemon] INFO  server.GrpcLogAppender (GrpcLogAppender.java:installSnapshot(558)) - omNode-1@group-523986131536->omNode-3-GrpcLogAppender: send omNode-1->omNode-3#0-t2,notify:(t:2, i:12)
2022-01-06 14:12:31,954 [grpc-default-executor-7] WARN  server.GrpcLogAppender (LogUtils.java:warn(122)) - omNode-1@group-523986131536->omNode-3-InstallSnapshotResponseHandler: Failed InstallSnapshot: org.apache.ratis.thirdparty.io.grpc.StatusRuntimeException: UNAVAILABLE: io exception
2022-01-06 14:12:31,954 [grpc-default-executor-7] WARN  server.GrpcLogAppender (GrpcLogAppender.java:resetClient(110)) - omNode-1@group-523986131536->omNode-3-GrpcLogAppender: Leader has not got in touch with Follower omNode-1@group-523986131536->omNode-3(c-1,m0,n0, attendVote=false, lastRpcSendTime=0, lastRpcResponseTime=1414) yet, just keep nextIndex unchanged and retry.
2022-01-06 14:12:31,954 [grpc-default-executor-7] WARN  server.GrpcLogAppender (LogUtils.java:warn(122)) - omNode-1@group-523986131536->omNode-3-AppendLogResponseHandler: Failed appendEntries: org.apache.ratis.thirdparty.io.grpc.StatusRuntimeException: UNAVAILABLE: io exception
2022-01-06 14:12:31,955 [grpc-default-executor-7] WARN  server.GrpcLogAppender (GrpcLogAppender.java:resetClient(110)) - omNode-1@group-523986131536->omNode-3-GrpcLogAppender: Leader has not got in touch with Follower omNode-1@group-523986131536->omNode-3(c-1,m0,n0, attendVote=false, lastRpcSendTime=0, lastRpcResponseTime=1414) yet, just keep nextIndex unchanged and retry.
2022-01-06 14:12:31,955 [omNode-1@group-523986131536->omNode-3-GrpcLogAppender-LogAppenderDaemon] INFO  server.GrpcLogAppender (GrpcLogAppender.java:installSnapshot(550)) - omNode-1@group-523986131536->omNode-3-GrpcLogAppender: followerNextIndex = 0 but logStartIndex = -1, notify follower to install snapshot-(t:2, i:12)
2022-01-06 14:12:31,955 [omNode-1@group-523986131536->omNode-3-GrpcLogAppender-LogAppenderDaemon] INFO  server.GrpcLogAppender (GrpcLogAppender.java:installSnapshot(558)) - omNode-1@group-523986131536->omNode-3-GrpcLogAppender: send omNode-1->omNode-3#0-t2,notify:(t:2, i:12)
2022-01-06 14:12:31,955 [grpc-default-executor-7] WARN  server.GrpcLogAppender (LogUtils.java:warn(122)) - omNode-1@group-523986131536->omNode-3-InstallSnapshotResponseHandler: Failed InstallSnapshot: org.apache.ratis.thirdparty.io.grpc.StatusRuntimeException: UNAVAILABLE: io exception
2022-01-06 14:12:31,955 [grpc-default-executor-7] WARN  server.GrpcLogAppender (GrpcLogAppender.java:resetClient(110)) - omNode-1@group-523986131536->omNode-3-GrpcLogAppender: Leader has not got in touch with Follower omNode-1@group-523986131536->omNode-3(c-1,m0,n0, attendVote=false, lastRpcSendTime=0, lastRpcResponseTime=1415) yet, just keep nextIndex unchanged and retry.
2022-01-06 14:12:31,955 [grpc-default-executor-7] WARN  server.GrpcLogAppender (LogUtils.java:warn(122)) - omNode-1@group-523986131536->omNode-3-AppendLogResponseHandler: Failed appendEntries: org.apache.ratis.thirdparty.io.grpc.StatusRuntimeException: UNAVAILABLE: io exception
2022-01-06 14:12:31,955 [grpc-default-executor-7] WARN  server.GrpcLogAppender (GrpcLogAppender.java:resetClient(110)) - omNode-1@group-523986131536->omNode-3-GrpcLogAppender: Leader has not got in touch with Follower omNode-1@group-523986131536->omNode-3(c-1,m0,n0, attendVote=false, lastRpcSendTime=0, lastRpcResponseTime=1415) yet, just keep nextIndex unchanged and retry.
2022-01-06 14:12:31,955 [omNode-1@group-523986131536->omNode-3-GrpcLogAppender-LogAppenderDaemon] INFO  server.GrpcLogAppender (GrpcLogAppender.java:installSnapshot(550)) - omNode-1@group-523986131536->omNode-3-GrpcLogAppender: followerNextIndex = 0 but logStartIndex = -1, notify follower to install snapshot-(t:2, i:12)
2022-01-06 14:12:31,956 [omNode-1@group-523986131536->omNode-3-GrpcLogAppender-LogAppenderDaemon] INFO  server.GrpcLogAppender (GrpcLogAppender.java:installSnapshot(558)) - omNode-1@group-523986131536->omNode-3-GrpcLogAppender: send omNode-1->omNode-3#0-t2,notify:(t:2, i:12)
2022-01-06 14:12:31,957 [grpc-default-executor-2] WARN  server.GrpcLogAppender (LogUtils.java:warn(122)) - omNode-1@group-523986131536->omNode-3-InstallSnapshotResponseHandler: Failed InstallSnapshot: org.apache.ratis.thirdparty.io.grpc.StatusRuntimeException: UNAVAILABLE: io exception
2022-01-06 14:12:31,957 [grpc-default-executor-2] WARN  server.GrpcLogAppender (GrpcLogAppender.java:resetClient(110)) - omNode-1@group-523986131536->omNode-3-GrpcLogAppender: Leader has not got in touch with Follower omNode-1@group-523986131536->omNode-3(c-1,m0,n0, attendVote=false, lastRpcSendTime=0, lastRpcResponseTime=1417) yet, just keep nextIndex unchanged and retry.
2022-01-06 14:12:31,957 [grpc-default-executor-2] WARN  server.GrpcLogAppender (LogUtils.java:warn(122)) - omNode-1@group-523986131536->omNode-3-AppendLogResponseHandler: Failed appendEntries: org.apache.ratis.thirdparty.io.grpc.StatusRuntimeException: UNAVAILABLE: io exception
2022-01-06 14:12:31,957 [grpc-default-executor-2] WARN  server.GrpcLogAppender (GrpcLogAppender.java:resetClient(110)) - omNode-1@group-523986131536->omNode-3-GrpcLogAppender: Leader has not got in touch with Follower omNode-1@group-523986131536->omNode-3(c-1,m0,n0, attendVote=false, lastRpcSendTime=0, lastRpcResponseTime=1417) yet, just keep nextIndex unchanged and retry.
2022-01-06 14:12:31,958 [omNode-1@group-523986131536->omNode-3-GrpcLogAppender-LogAppenderDaemon] INFO  server.GrpcLogAppender (GrpcLogAppender.java:installSnapshot(550)) - omNode-1@group-523986131536->omNode-3-GrpcLogAppender: followerNextIndex = 0 but logStartIndex = -1, notify follower to install snapshot-(t:2, i:12)
2022-01-06 14:12:31,958 [omNode-1@group-523986131536->omNode-3-GrpcLogAppender-LogAppenderDaemon] INFO  server.GrpcLogAppender (GrpcLogAppender.java:installSnapshot(558)) - omNode-1@group-523986131536->omNode-3-GrpcLogAppender: send omNode-1->omNode-3#0-t2,notify:(t:2, i:12)
2022-01-06 14:12:31,958 [grpc-default-executor-2] WARN  server.GrpcLogAppender (LogUtils.java:warn(122)) - omNode-1@group-523986131536->omNode-3-InstallSnapshotResponseHandler: Failed InstallSnapshot: org.apache.ratis.thirdparty.io.grpc.StatusRuntimeException: UNAVAILABLE: io exception
2022-01-06 14:12:31,958 [grpc-default-executor-2] WARN  server.GrpcLogAppender (GrpcLogAppender.java:resetClient(110)) - omNode-1@group-523986131536->omNode-3-GrpcLogAppender: Leader has not got in touch with Follower omNode-1@group-523986131536->omNode-3(c-1,m0,n0, attendVote=false, lastRpcSendTime=0, lastRpcResponseTime=1418) yet, just keep nextIndex unchanged and retry.
2022-01-06 14:12:31,958 [grpc-default-executor-2] WARN  server.GrpcLogAppender (LogUtils.java:warn(122)) - omNode-1@group-523986131536->omNode-3-AppendLogResponseHandler: Failed appendEntries: org.apache.ratis.thirdparty.io.grpc.StatusRuntimeException: UNAVAILABLE: io exception
2022-01-06 14:12:31,958 [grpc-default-executor-2] WARN  server.GrpcLogAppender (GrpcLogAppender.java:resetClient(110)) - omNode-1@group-523986131536->omNode-3-GrpcLogAppender: Leader has not got in touch with Follower omNode-1@group-523986131536->omNode-3(c-1,m0,n0, attendVote=false, lastRpcSendTime=0, lastRpcResponseTime=1418) yet, just keep nextIndex unchanged and retry.
2022-01-06 14:12:31,958 [omNode-1@group-523986131536->omNode-3-GrpcLogAppender-LogAppenderDaemon] INFO  server.GrpcLogAppender (GrpcLogAppender.java:installSnapshot(550)) - omNode-1@group-523986131536->omNode-3-GrpcLogAppender: followerNextIndex = 0 but logStartIndex = -1, notify follower to install snapshot-(t:2, i:12)
2022-01-06 14:12:31,958 [omNode-1@group-523986131536->omNode-3-GrpcLogAppender-LogAppenderDaemon] INFO  server.GrpcLogAppender (GrpcLogAppender.java:installSnapshot(558)) - omNode-1@group-523986131536->omNode-3-GrpcLogAppender: send omNode-1->omNode-3#0-t2,notify:(t:2, i:12)
2022-01-06 14:12:31,959 [grpc-default-executor-2] WARN  server.GrpcLogAppender (LogUtils.java:warn(122)) - omNode-1@group-523986131536->omNode-3-InstallSnapshotResponseHandler: Failed InstallSnapshot: org.apache.ratis.thirdparty.io.grpc.StatusRuntimeException: UNAVAILABLE: io exception
2022-01-06 14:12:31,959 [grpc-default-executor-2] WARN  server.GrpcLogAppender (GrpcLogAppender.java:resetClient(110)) - omNode-1@group-523986131536->omNode-3-GrpcLogAppender: Leader has not got in touch with Follower omNode-1@group-523986131536->omNode-3(c-1,m0,n0, attendVote=false, lastRpcSendTime=0, lastRpcResponseTime=1418) yet, just keep nextIndex unchanged and retry.
2022-01-06 14:12:31,960 [grpc-default-executor-2] WARN  server.GrpcLogAppender (LogUtils.java:warn(122)) - omNode-1@group-523986131536->omNode-3-AppendLogResponseHandler: Failed appendEntries: org.apache.ratis.thirdparty.io.grpc.StatusRuntimeException: UNAVAILABLE: io exception
2022-01-06 14:12:31,960 [grpc-default-executor-2] WARN  server.GrpcLogAppender (GrpcLogAppender.java:resetClient(110)) - omNode-1@group-523986131536->omNode-3-GrpcLogAppender: Leader has not got in touch with Follower omNode-1@group-523986131536->omNode-3(c-1,m0,n0, attendVote=false, lastRpcSendTime=1, lastRpcResponseTime=1420) yet, just keep nextIndex unchanged and retry.
2022-01-06 14:12:31,960 [omNode-1@group-523986131536->omNode-3-GrpcLogAppender-LogAppenderDaemon] INFO  server.GrpcLogAppender (GrpcLogAppender.java:installSnapshot(550)) - omNode-1@group-523986131536->omNode-3-GrpcLogAppender: followerNextIndex = 0 but logStartIndex = -1, notify follower to install snapshot-(t:2, i:12)
2022-01-06 14:12:31,960 [omNode-1@group-523986131536->omNode-3-GrpcLogAppender-LogAppenderDaemon] INFO  server.GrpcLogAppender (GrpcLogAppender.java:installSnapshot(558)) - omNode-1@group-523986131536->omNode-3-GrpcLogAppender: send omNode-1->omNode-3#0-t2,notify:(t:2, i:12)
2022-01-06 14:12:31,961 [grpc-default-executor-7] WARN  server.GrpcLogAppender (LogUtils.java:warn(122)) - omNode-1@group-523986131536->omNode-3-InstallSnapshotResponseHandler: Failed InstallSnapshot: org.apache.ratis.thirdparty.io.grpc.StatusRuntimeException: UNAVAILABLE: io exception
2022-01-06 14:12:31,961 [grpc-default-executor-7] WARN  server.GrpcLogAppender (GrpcLogAppender.java:resetClient(110)) - omNode-1@group-523986131536->omNode-3-GrpcLogAppender: Leader has not got in touch with Follower omNode-1@group-523986131536->omNode-3(c-1,m0,n0, attendVote=false, lastRpcSendTime=0, lastRpcResponseTime=1421) yet, just keep nextIndex unchanged and retry.
2022-01-06 14:12:31,961 [grpc-default-executor-7] WARN  server.GrpcLogAppender (LogUtils.java:warn(122)) - omNode-1@group-523986131536->omNode-3-AppendLogResponseHandler: Failed appendEntries: org.apache.ratis.thirdparty.io.grpc.StatusRuntimeException: UNAVAILABLE: io exception
2022-01-06 14:12:31,962 [grpc-default-executor-7] WARN  server.GrpcLogAppender (GrpcLogAppender.java:resetClient(110)) - omNode-1@group-523986131536->omNode-3-GrpcLogAppender: Leader has not got in touch with Follower omNode-1@group-523986131536->omNode-3(c-1,m0,n0, attendVote=false, lastRpcSendTime=1, lastRpcResponseTime=1421) yet, just keep nextIndex unchanged and retry.
2022-01-06 14:12:31,962 [omNode-1@group-523986131536->omNode-3-GrpcLogAppender-LogAppenderDaemon] INFO  server.GrpcLogAppender (GrpcLogAppender.java:installSnapshot(550)) - omNode-1@group-523986131536->omNode-3-GrpcLogAppender: followerNextIndex = 0 but logStartIndex = -1, notify follower to install snapshot-(t:2, i:12)
2022-01-06 14:12:31,962 [omNode-1@group-523986131536->omNode-3-GrpcLogAppender-LogAppenderDaemon] INFO  server.GrpcLogAppender (GrpcLogAppender.java:installSnapshot(558)) - omNode-1@group-523986131536->omNode-3-GrpcLogAppender: send omNode-1->omNode-3#0-t2,notify:(t:2, i:12)
2022-01-06 14:12:31,962 [grpc-default-executor-7] WARN  server.GrpcLogAppender (LogUtils.java:warn(122)) - omNode-1@group-523986131536->omNode-3-InstallSnapshotResponseHandler: Failed InstallSnapshot: org.apache.ratis.thirdparty.io.grpc.StatusRuntimeException: UNAVAILABLE: io exception
2022-01-06 14:12:31,962 [grpc-default-executor-7] WARN  server.GrpcLogAppender (GrpcLogAppender.java:resetClient(110)) - omNode-1@group-523986131536->omNode-3-GrpcLogAppender: Leader has not got in touch with Follower omNode-1@group-523986131536->omNode-3(c-1,m0,n0, attendVote=false, lastRpcSendTime=0, lastRpcResponseTime=1422) yet, just keep nextIndex unchanged and retry.
2022-01-06 14:12:31,962 [grpc-default-executor-7] WARN  server.GrpcLogAppender (LogUtils.java:warn(122)) - omNode-1@group-523986131536->omNode-3-AppendLogResponseHandler: Failed appendEntries: org.apache.ratis.thirdparty.io.grpc.StatusRuntimeException: UNAVAILABLE: io exception
2022-01-06 14:12:31,962 [grpc-default-executor-7] WARN  server.GrpcLogAppender (GrpcLogAppender.java:resetClient(110)) - omNode-1@group-523986131536->omNode-3-GrpcLogAppender: Leader has not got in touch with Follower omNode-1@group-523986131536->omNode-3(c-1,m0,n0, attendVote=false, lastRpcSendTime=0, lastRpcResponseTime=1422) yet, just keep nextIndex unchanged and retry.
2022-01-06 14:12:31,962 [omNode-1@group-523986131536->omNode-3-GrpcLogAppender-LogAppenderDaemon] INFO  server.GrpcLogAppender (GrpcLogAppender.java:installSnapshot(550)) - omNode-1@group-523986131536->omNode-3-GrpcLogAppender: followerNextIndex = 0 but logStartIndex = -1, notify follower to install snapshot-(t:2, i:12)
2022-01-06 14:12:31,963 [omNode-1@group-523986131536->omNode-3-GrpcLogAppender-LogAppenderDaemon] INFO  server.GrpcLogAppender (GrpcLogAppender.java:installSnapshot(558)) - omNode-1@group-523986131536->omNode-3-GrpcLogAppender: send omNode-1->omNode-3#0-t2,notify:(t:2, i:12)
2022-01-06 14:12:31,963 [grpc-default-executor-7] WARN  server.GrpcLogAppender (LogUtils.java:warn(122)) - omNode-1@group-523986131536->omNode-3-InstallSnapshotResponseHandler: Failed InstallSnapshot: org.apache.ratis.thirdparty.io.grpc.StatusRuntimeException: UNAVAILABLE: io exception
2022-01-06 14:12:31,963 [grpc-default-executor-7] WARN  server.GrpcLogAppender (GrpcLogAppender.java:resetClient(110)) - omNode-1@group-523986131536->omNode-3-GrpcLogAppender: Leader has not got in touch with Follower omNode-1@group-523986131536->omNode-3(c-1,m0,n0, attendVote=false, lastRpcSendTime=0, lastRpcResponseTime=1422) yet, just keep nextIndex unchanged and retry.
2022-01-06 14:12:31,963 [grpc-default-executor-7] WARN  server.GrpcLogAppender (LogUtils.java:warn(122)) - omNode-1@group-523986131536->omNode-3-AppendLogResponseHandler: Failed appendEntries: org.apache.ratis.thirdparty.io.grpc.StatusRuntimeException: UNAVAILABLE: io exception
2022-01-06 14:12:31,963 [grpc-default-executor-7] WARN  server.GrpcLogAppender (GrpcLogAppender.java:resetClient(110)) - omNode-1@group-523986131536->omNode-3-GrpcLogAppender: Leader has not got in touch with Follower omNode-1@group-523986131536->omNode-3(c-1,m0,n0, attendVote=false, lastRpcSendTime=0, lastRpcResponseTime=1423) yet, just keep nextIndex unchanged and retry.
2022-01-06 14:12:31,963 [omNode-1@group-523986131536->omNode-3-GrpcLogAppender-LogAppenderDaemon] INFO  server.GrpcLogAppender (GrpcLogAppender.java:installSnapshot(550)) - omNode-1@group-523986131536->omNode-3-GrpcLogAppender: followerNextIndex = 0 but logStartIndex = -1, notify follower to install snapshot-(t:2, i:12)
2022-01-06 14:12:31,963 [omNode-1@group-523986131536->omNode-3-GrpcLogAppender-LogAppenderDaemon] INFO  server.GrpcLogAppender (GrpcLogAppender.java:installSnapshot(558)) - omNode-1@group-523986131536->omNode-3-GrpcLogAppender: send omNode-1->omNode-3#0-t2,notify:(t:2, i:12)
2022-01-06 14:12:31,963 [grpc-default-executor-7] WARN  server.GrpcLogAppender (LogUtils.java:warn(122)) - omNode-1@group-523986131536->omNode-3-InstallSnapshotResponseHandler: Failed InstallSnapshot: org.apache.ratis.thirdparty.io.grpc.StatusRuntimeException: UNAVAILABLE: io exception
2022-01-06 14:12:31,964 [grpc-default-executor-7] WARN  server.GrpcLogAppender (GrpcLogAppender.java:resetClient(110)) - omNode-1@group-523986131536->omNode-3-GrpcLogAppender: Leader has not got in touch with Follower omNode-1@group-523986131536->omNode-3(c-1,m0,n0, attendVote=false, lastRpcSendTime=0, lastRpcResponseTime=1423) yet, just keep nextIndex unchanged and retry.
2022-01-06 14:12:31,964 [grpc-default-executor-7] WARN  server.GrpcLogAppender (LogUtils.java:warn(122)) - omNode-1@group-523986131536->omNode-3-AppendLogResponseHandler: Failed appendEntries: org.apache.ratis.thirdparty.io.grpc.StatusRuntimeException: UNAVAILABLE: io exception
2022-01-06 14:12:31,964 [grpc-default-executor-7] WARN  server.GrpcLogAppender (GrpcLogAppender.java:resetClient(110)) - omNode-1@group-523986131536->omNode-3-GrpcLogAppender: Leader has not got in touch with Follower omNode-1@group-523986131536->omNode-3(c-1,m0,n0, attendVote=false, lastRpcSendTime=0, lastRpcResponseTime=1424) yet, just keep nextIndex unchanged and retry.
2022-01-06 14:12:31,964 [omNode-1@group-523986131536->omNode-3-GrpcLogAppender-LogAppenderDaemon] INFO  server.GrpcLogAppender (GrpcLogAppender.java:installSnapshot(550)) - omNode-1@group-523986131536->omNode-3-GrpcLogAppender: followerNextIndex = 0 but logStartIndex = -1, notify follower to install snapshot-(t:2, i:12)
2022-01-06 14:12:31,964 [omNode-1@group-523986131536->omNode-3-GrpcLogAppender-LogAppenderDaemon] INFO  server.GrpcLogAppender (GrpcLogAppender.java:installSnapshot(558)) - omNode-1@group-523986131536->omNode-3-GrpcLogAppender: send omNode-1->omNode-3#0-t2,notify:(t:2, i:12)
2022-01-06 14:12:31,966 [grpc-default-executor-2] WARN  server.GrpcLogAppender (LogUtils.java:warn(122)) - omNode-1@group-523986131536->omNode-3-InstallSnapshotResponseHandler: Failed InstallSnapshot: org.apache.ratis.thirdparty.io.grpc.StatusRuntimeException: UNAVAILABLE: io exception
2022-01-06 14:12:31,966 [grpc-default-executor-2] WARN  server.GrpcLogAppender (GrpcLogAppender.java:resetClient(110)) - omNode-1@group-523986131536->omNode-3-GrpcLogAppender: Leader has not got in touch with Follower omNode-1@group-523986131536->omNode-3(c-1,m0,n0, attendVote=false, lastRpcSendTime=1, lastRpcResponseTime=1425) yet, just keep nextIndex unchanged and retry.
2022-01-06 14:12:31,966 [grpc-default-executor-2] WARN  server.GrpcLogAppender (LogUtils.java:warn(122)) - omNode-1@group-523986131536->omNode-3-AppendLogResponseHandler: Failed appendEntries: org.apache.ratis.thirdparty.io.grpc.StatusRuntimeException: UNAVAILABLE: io exception
2022-01-06 14:12:31,966 [grpc-default-executor-2] WARN  server.GrpcLogAppender (GrpcLogAppender.java:resetClient(110)) - omNode-1@group-523986131536->omNode-3-GrpcLogAppender: Leader has not got in touch with Follower omNode-1@group-523986131536->omNode-3(c-1,m0,n0, attendVote=false, lastRpcSendTime=1, lastRpcResponseTime=1426) yet, just keep nextIndex unchanged and retry.
2022-01-06 14:12:31,966 [omNode-1@group-523986131536->omNode-3-GrpcLogAppender-LogAppenderDaemon] INFO  server.GrpcLogAppender (GrpcLogAppender.java:installSnapshot(550)) - omNode-1@group-523986131536->omNode-3-GrpcLogAppender: followerNextIndex = 0 but logStartIndex = -1, notify follower to install snapshot-(t:2, i:12)
2022-01-06 14:12:31,966 [omNode-1@group-523986131536->omNode-3-GrpcLogAppender-LogAppenderDaemon] INFO  server.GrpcLogAppender (GrpcLogAppender.java:installSnapshot(558)) - omNode-1@group-523986131536->omNode-3-GrpcLogAppender: send omNode-1->omNode-3#0-t2,notify:(t:2, i:12)
2022-01-06 14:12:31,967 [grpc-default-executor-2] WARN  server.GrpcLogAppender (LogUtils.java:warn(122)) - omNode-1@group-523986131536->omNode-3-InstallSnapshotResponseHandler: Failed InstallSnapshot: org.apache.ratis.thirdparty.io.grpc.StatusRuntimeException: UNAVAILABLE: io exception
2022-01-06 14:12:31,967 [grpc-default-executor-2] WARN  server.GrpcLogAppender (GrpcLogAppender.java:resetClient(110)) - omNode-1@group-523986131536->omNode-3-GrpcLogAppender: Leader has not got in touch with Follower omNode-1@group-523986131536->omNode-3(c-1,m0,n0, attendVote=false, lastRpcSendTime=0, lastRpcResponseTime=1426) yet, just keep nextIndex unchanged and retry.
2022-01-06 14:12:31,967 [grpc-default-executor-2] WARN  server.GrpcLogAppender (LogUtils.java:warn(122)) - omNode-1@group-523986131536->omNode-3-AppendLogResponseHandler: Failed appendEntries: org.apache.ratis.thirdparty.io.grpc.StatusRuntimeException: UNAVAILABLE: io exception
2022-01-06 14:12:31,967 [grpc-default-executor-2] WARN  server.GrpcLogAppender (GrpcLogAppender.java:resetClient(110)) - omNode-1@group-523986131536->omNode-3-GrpcLogAppender: Leader has not got in touch with Follower omNode-1@group-523986131536->omNode-3(c-1,m0,n0, attendVote=false, lastRpcSendTime=0, lastRpcResponseTime=1427) yet, just keep nextIndex unchanged and retry.
2022-01-06 14:12:31,967 [omNode-1@group-523986131536->omNode-3-GrpcLogAppender-LogAppenderDaemon] INFO  server.GrpcLogAppender (GrpcLogAppender.java:installSnapshot(550)) - omNode-1@group-523986131536->omNode-3-GrpcLogAppender: followerNextIndex = 0 but logStartIndex = -1, notify follower to install snapshot-(t:2, i:12)
2022-01-06 14:12:31,967 [omNode-1@group-523986131536->omNode-3-GrpcLogAppender-LogAppenderDaemon] INFO  server.GrpcLogAppender (GrpcLogAppender.java:installSnapshot(558)) - omNode-1@group-523986131536->omNode-3-GrpcLogAppender: send omNode-1->omNode-3#0-t2,notify:(t:2, i:12)
2022-01-06 14:12:31,968 [grpc-default-executor-2] WARN  server.GrpcLogAppender (LogUtils.java:warn(122)) - omNode-1@group-523986131536->omNode-3-InstallSnapshotResponseHandler: Failed InstallSnapshot: org.apache.ratis.thirdparty.io.grpc.StatusRuntimeException: UNAVAILABLE: io exception
2022-01-06 14:12:31,968 [grpc-default-executor-2] WARN  server.GrpcLogAppender (GrpcLogAppender.java:resetClient(110)) - omNode-1@group-523986131536->omNode-3-GrpcLogAppender: Leader has not got in touch with Follower omNode-1@group-523986131536->omNode-3(c-1,m0,n0, attendVote=false, lastRpcSendTime=0, lastRpcResponseTime=1427) yet, just keep nextIndex unchanged and retry.
2022-01-06 14:12:31,968 [omNode-1@group-523986131536->omNode-3-GrpcLogAppender-LogAppenderDaemon] INFO  server.GrpcLogAppender (GrpcLogAppender.java:installSnapshot(550)) - omNode-1@group-523986131536->omNode-3-GrpcLogAppender: followerNextIndex = 0 but logStartIndex = -1, notify follower to install snapshot-(t:2, i:12)
2022-01-06 14:12:31,968 [omNode-1@group-523986131536->omNode-3-GrpcLogAppender-LogAppenderDaemon] INFO  server.GrpcLogAppender (GrpcLogAppender.java:installSnapshot(558)) - omNode-1@group-523986131536->omNode-3-GrpcLogAppender: send omNode-1->omNode-3#0-t2,notify:(t:2, i:12)
2022-01-06 14:12:31,969 [grpc-default-executor-7] WARN  server.GrpcLogAppender (LogUtils.java:warn(122)) - omNode-1@group-523986131536->omNode-3-AppendLogResponseHandler: Failed appendEntries: org.apache.ratis.thirdparty.io.grpc.StatusRuntimeException: UNAVAILABLE: io exception
2022-01-06 14:12:31,969 [grpc-default-executor-7] WARN  server.GrpcLogAppender (GrpcLogAppender.java:resetClient(110)) - omNode-1@group-523986131536->omNode-3-GrpcLogAppender: Leader has not got in touch with Follower omNode-1@group-523986131536->omNode-3(c-1,m0,n0, attendVote=false, lastRpcSendTime=0, lastRpcResponseTime=1429) yet, just keep nextIndex unchanged and retry.
2022-01-06 14:12:31,970 [grpc-default-executor-2] WARN  server.GrpcLogAppender (LogUtils.java:warn(122)) - omNode-1@group-523986131536->omNode-3-InstallSnapshotResponseHandler: Failed InstallSnapshot: org.apache.ratis.thirdparty.io.grpc.StatusRuntimeException: UNAVAILABLE: io exception
2022-01-06 14:12:31,970 [grpc-default-executor-2] WARN  server.GrpcLogAppender (GrpcLogAppender.java:resetClient(110)) - omNode-1@group-523986131536->omNode-3-GrpcLogAppender: Leader has not got in touch with Follower omNode-1@group-523986131536->omNode-3(c-1,m0,n0, attendVote=false, lastRpcSendTime=0, lastRpcResponseTime=1429) yet, just keep nextIndex unchanged and retry.
2022-01-06 14:12:31,970 [grpc-default-executor-2] WARN  server.GrpcLogAppender (LogUtils.java:warn(122)) - omNode-1@group-523986131536->omNode-3-AppendLogResponseHandler: Failed appendEntries: org.apache.ratis.thirdparty.io.grpc.StatusRuntimeException: UNAVAILABLE: io exception
2022-01-06 14:12:31,970 [grpc-default-executor-2] WARN  server.GrpcLogAppender (GrpcLogAppender.java:resetClient(110)) - omNode-1@group-523986131536->omNode-3-GrpcLogAppender: Leader has not got in touch with Follower omNode-1@group-523986131536->omNode-3(c-1,m0,n0, attendVote=false, lastRpcSendTime=1, lastRpcResponseTime=1430) yet, just keep nextIndex unchanged and retry.
2022-01-06 14:12:31,970 [omNode-1@group-523986131536->omNode-3-GrpcLogAppender-LogAppenderDaemon] INFO  server.GrpcLogAppender (GrpcLogAppender.java:installSnapshot(550)) - omNode-1@group-523986131536->omNode-3-GrpcLogAppender: followerNextIndex = 0 but logStartIndex = -1, notify follower to install snapshot-(t:2, i:12)
2022-01-06 14:12:31,970 [omNode-1@group-523986131536->omNode-3-GrpcLogAppender-LogAppenderDaemon] INFO  server.GrpcLogAppender (GrpcLogAppender.java:installSnapshot(558)) - omNode-1@group-523986131536->omNode-3-GrpcLogAppender: send omNode-1->omNode-3#0-t2,notify:(t:2, i:12)
2022-01-06 14:12:31,973 [Time-limited test] WARN  om.OzoneManager (OzoneManager.java:instantiatePrepareStateOnStartup(3813)) - Prepare marker file index 10 does not match DB prepare index 9. Writing DB index to prepare file and maintaining prepared state.
2022-01-06 14:12:31,974 [Time-limited test] INFO  om.OzoneManagerPrepareState (OzoneManagerPrepareState.java:writePrepareMarkerFile(262)) - Prepare marker file written with log index 9 to file /home/runner/work/ozone/ozone/hadoop-ozone/integration-test/target/test-dir/MiniOzoneClusterImpl-fc1c6399-de52-4149-9dd2-17a3712db231/omNode-3/current/prepareMarker
2022-01-06 14:12:31,981 [grpc-default-executor-7] WARN  server.GrpcLogAppender (LogUtils.java:warn(122)) - omNode-1@group-523986131536->omNode-3-InstallSnapshotResponseHandler: Failed InstallSnapshot: org.apache.ratis.thirdparty.io.grpc.StatusRuntimeException: UNAVAILABLE: io exception
2022-01-06 14:12:31,981 [grpc-default-executor-7] WARN  server.GrpcLogAppender (GrpcLogAppender.java:resetClient(110)) - omNode-1@group-523986131536->omNode-3-GrpcLogAppender: Leader has not got in touch with Follower omNode-1@group-523986131536->omNode-3(c-1,m0,n0, attendVote=false, lastRpcSendTime=0, lastRpcResponseTime=1441) yet, just keep nextIndex unchanged and retry.
2022-01-06 14:12:31,981 [omNode-1@group-523986131536->omNode-3-GrpcLogAppender-LogAppenderDaemon] INFO  server.GrpcLogAppender (GrpcLogAppender.java:installSnapshot(550)) - omNode-1@group-523986131536->omNode-3-GrpcLogAppender: followerNextIndex = 0 but logStartIndex = -1, notify follower to install snapshot-(t:2, i:12)
2022-01-06 14:12:31,981 [omNode-1@group-523986131536->omNode-3-GrpcLogAppender-LogAppenderDaemon] INFO  server.GrpcLogAppender (GrpcLogAppender.java:installSnapshot(558)) - omNode-1@group-523986131536->omNode-3-GrpcLogAppender: send omNode-1->omNode-3#0-t2,notify:(t:2, i:12)
2022-01-06 14:12:31,982 [grpc-default-executor-6] WARN  server.GrpcLogAppender (LogUtils.java:warn(122)) - omNode-1@group-523986131536->omNode-3-AppendLogResponseHandler: Failed appendEntries: org.apache.ratis.thirdparty.io.grpc.StatusRuntimeException: UNAVAILABLE: io exception
2022-01-06 14:12:31,982 [grpc-default-executor-6] WARN  server.GrpcLogAppender (GrpcLogAppender.java:resetClient(110)) - omNode-1@group-523986131536->omNode-3-GrpcLogAppender: Leader has not got in touch with Follower omNode-1@group-523986131536->omNode-3(c-1,m0,n0, attendVote=false, lastRpcSendTime=0, lastRpcResponseTime=1442) yet, just keep nextIndex unchanged and retry.
2022-01-06 14:12:31,983 [grpc-default-executor-7] WARN  server.GrpcLogAppender (LogUtils.java:warn(122)) - omNode-1@group-523986131536->omNode-3-InstallSnapshotResponseHandler: Failed InstallSnapshot: org.apache.ratis.thirdparty.io.grpc.StatusRuntimeException: UNAVAILABLE: io exception
2022-01-06 14:12:31,983 [grpc-default-executor-7] WARN  server.GrpcLogAppender (GrpcLogAppender.java:resetClient(110)) - omNode-1@group-523986131536->omNode-3-GrpcLogAppender: Leader has not got in touch with Follower omNode-1@group-523986131536->omNode-3(c-1,m0,n0, attendVote=false, lastRpcSendTime=1, lastRpcResponseTime=1443) yet, just keep nextIndex unchanged and retry.
2022-01-06 14:12:31,983 [omNode-1@group-523986131536->omNode-3-GrpcLogAppender-LogAppenderDaemon] INFO  server.GrpcLogAppender (GrpcLogAppender.java:installSnapshot(550)) - omNode-1@group-523986131536->omNode-3-GrpcLogAppender: followerNextIndex = 0 but logStartIndex = -1, notify follower to install snapshot-(t:2, i:12)
2022-01-06 14:12:31,983 [omNode-1@group-523986131536->omNode-3-GrpcLogAppender-LogAppenderDaemon] INFO  server.GrpcLogAppender (GrpcLogAppender.java:installSnapshot(558)) - omNode-1@group-523986131536->omNode-3-GrpcLogAppender: send omNode-1->omNode-3#0-t2,notify:(t:2, i:12)
2022-01-06 14:12:31,984 [grpc-default-executor-2] WARN  server.GrpcLogAppender (LogUtils.java:warn(122)) - omNode-1@group-523986131536->omNode-3-AppendLogResponseHandler: Failed appendEntries: org.apache.ratis.thirdparty.io.grpc.StatusRuntimeException: UNAVAILABLE: io exception
2022-01-06 14:12:31,984 [grpc-default-executor-2] WARN  server.GrpcLogAppender (GrpcLogAppender.java:resetClient(110)) - omNode-1@group-523986131536->omNode-3-GrpcLogAppender: Leader has not got in touch with Follower omNode-1@group-523986131536->omNode-3(c-1,m0,n0, attendVote=false, lastRpcSendTime=0, lastRpcResponseTime=1444) yet, just keep nextIndex unchanged and retry.
2022-01-06 14:12:31,984 [grpc-default-executor-7] WARN  server.GrpcLogAppender (LogUtils.java:warn(122)) - omNode-1@group-523986131536->omNode-3-InstallSnapshotResponseHandler: Failed InstallSnapshot: org.apache.ratis.thirdparty.io.grpc.StatusRuntimeException: UNAVAILABLE: io exception
2022-01-06 14:12:31,984 [grpc-default-executor-7] WARN  server.GrpcLogAppender (GrpcLogAppender.java:resetClient(110)) - omNode-1@group-523986131536->omNode-3-GrpcLogAppender: Leader has not got in touch with Follower omNode-1@group-523986131536->omNode-3(c-1,m0,n0, attendVote=false, lastRpcSendTime=0, lastRpcResponseTime=1444) yet, just keep nextIndex unchanged and retry.
2022-01-06 14:12:31,985 [omNode-1@group-523986131536->omNode-3-GrpcLogAppender-LogAppenderDaemon] INFO  server.GrpcLogAppender (GrpcLogAppender.java:installSnapshot(550)) - omNode-1@group-523986131536->omNode-3-GrpcLogAppender: followerNextIndex = 0 but logStartIndex = -1, notify follower to install snapshot-(t:2, i:12)
2022-01-06 14:12:31,985 [omNode-1@group-523986131536->omNode-3-GrpcLogAppender-LogAppenderDaemon] INFO  server.GrpcLogAppender (GrpcLogAppender.java:installSnapshot(558)) - omNode-1@group-523986131536->omNode-3-GrpcLogAppender: send omNode-1->omNode-3#0-t2,notify:(t:2, i:12)
2022-01-06 14:12:31,987 [grpc-default-executor-6] WARN  server.GrpcLogAppender (LogUtils.java:warn(122)) - omNode-1@group-523986131536->omNode-3-AppendLogResponseHandler: Failed appendEntries: org.apache.ratis.thirdparty.io.grpc.StatusRuntimeException: UNAVAILABLE: io exception
2022-01-06 14:12:31,987 [grpc-default-executor-6] WARN  server.GrpcLogAppender (GrpcLogAppender.java:resetClient(110)) - omNode-1@group-523986131536->omNode-3-GrpcLogAppender: Leader has not got in touch with Follower omNode-1@group-523986131536->omNode-3(c-1,m0,n0, attendVote=false, lastRpcSendTime=1, lastRpcResponseTime=1447) yet, just keep nextIndex unchanged and retry.
2022-01-06 14:12:31,987 [grpc-default-executor-1] WARN  server.GrpcLogAppender (LogUtils.java:warn(122)) - omNode-1@group-523986131536->omNode-3-InstallSnapshotResponseHandler: Failed InstallSnapshot: org.apache.ratis.thirdparty.io.grpc.StatusRuntimeException: UNAVAILABLE: io exception
2022-01-06 14:12:31,987 [grpc-default-executor-1] WARN  server.GrpcLogAppender (GrpcLogAppender.java:resetClient(110)) - omNode-1@group-523986131536->omNode-3-GrpcLogAppender: Leader has not got in touch with Follower omNode-1@group-523986131536->omNode-3(c-1,m0,n0, attendVote=false, lastRpcSendTime=1, lastRpcResponseTime=1447) yet, just keep nextIndex unchanged and retry.
2022-01-06 14:12:31,988 [omNode-1@group-523986131536->omNode-3-GrpcLogAppender-LogAppenderDaemon] INFO  server.GrpcLogAppender (GrpcLogAppender.java:installSnapshot(550)) - omNode-1@group-523986131536->omNode-3-GrpcLogAppender: followerNextIndex = 0 but logStartIndex = -1, notify follower to install snapshot-(t:2, i:12)
2022-01-06 14:12:31,988 [omNode-1@group-523986131536->omNode-3-GrpcLogAppender-LogAppenderDaemon] INFO  server.GrpcLogAppender (GrpcLogAppender.java:installSnapshot(558)) - omNode-1@group-523986131536->omNode-3-GrpcLogAppender: send omNode-1->omNode-3#0-t2,notify:(t:2, i:12)
2022-01-06 14:12:31,989 [grpc-default-executor-2] WARN  server.GrpcLogAppender (LogUtils.java:warn(122)) - omNode-1@group-523986131536->omNode-3-AppendLogResponseHandler: Failed appendEntries: org.apache.ratis.thirdparty.io.grpc.StatusRuntimeException: UNAVAILABLE: io exception
2022-01-06 14:12:31,989 [grpc-default-executor-1] WARN  server.GrpcLogAppender (LogUtils.java:warn(122)) - omNode-1@group-523986131536->omNode-3-InstallSnapshotResponseHandler: Failed InstallSnapshot: org.apache.ratis.thirdparty.io.grpc.StatusRuntimeException: UNAVAILABLE: io exception
2022-01-06 14:12:31,989 [grpc-default-executor-2] WARN  server.GrpcLogAppender (GrpcLogAppender.java:resetClient(110)) - omNode-1@group-523986131536->omNode-3-GrpcLogAppender: Leader has not got in touch with Follower omNode-1@group-523986131536->omNode-3(c-1,m0,n0, attendVote=false, lastRpcSendTime=0, lastRpcResponseTime=1449) yet, just keep nextIndex unchanged and retry.
2022-01-06 14:12:31,990 [grpc-default-executor-1] WARN  server.GrpcLogAppender (GrpcLogAppender.java:resetClient(110)) - omNode-1@group-523986131536->omNode-3-GrpcLogAppender: Leader has not got in touch with Follower omNode-1@group-523986131536->omNode-3(c-1,m0,n0, attendVote=false, lastRpcSendTime=1, lastRpcResponseTime=1449) yet, just keep nextIndex unchanged and retry.
2022-01-06 14:12:31,990 [omNode-1@group-523986131536->omNode-3-GrpcLogAppender-LogAppenderDaemon] INFO  server.GrpcLogAppender (GrpcLogAppender.java:installSnapshot(550)) - omNode-1@group-523986131536->omNode-3-GrpcLogAppender: followerNextIndex = 0 but logStartIndex = -1, notify follower to install snapshot-(t:2, i:12)
2022-01-06 14:12:31,990 [omNode-1@group-523986131536->omNode-3-GrpcLogAppender-LogAppenderDaemon] INFO  server.GrpcLogAppender (GrpcLogAppender.java:installSnapshot(558)) - omNode-1@group-523986131536->omNode-3-GrpcLogAppender: send omNode-1->omNode-3#0-t2,notify:(t:2, i:12)
2022-01-06 14:12:31,990 [grpc-default-executor-2] WARN  server.GrpcLogAppender (LogUtils.java:warn(122)) - omNode-1@group-523986131536->omNode-3-InstallSnapshotResponseHandler: Failed InstallSnapshot: org.apache.ratis.thirdparty.io.grpc.StatusRuntimeException: UNAVAILABLE: io exception
2022-01-06 14:12:31,990 [grpc-default-executor-1] WARN  server.GrpcLogAppender (LogUtils.java:warn(122)) - omNode-1@group-523986131536->omNode-3-AppendLogResponseHandler: Failed appendEntries: org.apache.ratis.thirdparty.io.grpc.StatusRuntimeException: UNAVAILABLE: io exception
2022-01-06 14:12:31,991 [grpc-default-executor-2] WARN  server.GrpcLogAppender (GrpcLogAppender.java:resetClient(110)) - omNode-1@group-523986131536->omNode-3-GrpcLogAppender: Leader has not got in touch with Follower omNode-1@group-523986131536->omNode-3(c-1,m0,n0, attendVote=false, lastRpcSendTime=0, lastRpcResponseTime=1450) yet, just keep nextIndex unchanged and retry.
2022-01-06 14:12:31,991 [grpc-default-executor-1] WARN  server.GrpcLogAppender (GrpcLogAppender.java:resetClient(110)) - omNode-1@group-523986131536->omNode-3-GrpcLogAppender: Leader has not got in touch with Follower omNode-1@group-523986131536->omNode-3(c-1,m0,n0, attendVote=false, lastRpcSendTime=0, lastRpcResponseTime=1451) yet, just keep nextIndex unchanged and retry.
2022-01-06 14:12:31,991 [omNode-1@group-523986131536->omNode-3-GrpcLogAppender-LogAppenderDaemon] INFO  server.GrpcLogAppender (GrpcLogAppender.java:installSnapshot(550)) - omNode-1@group-523986131536->omNode-3-GrpcLogAppender: followerNextIndex = 0 but logStartIndex = -1, notify follower to install snapshot-(t:2, i:12)
2022-01-06 14:12:31,991 [omNode-1@group-523986131536->omNode-3-GrpcLogAppender-LogAppenderDaemon] INFO  server.GrpcLogAppender (GrpcLogAppender.java:installSnapshot(558)) - omNode-1@group-523986131536->omNode-3-GrpcLogAppender: send omNode-1->omNode-3#0-t2,notify:(t:2, i:12)
2022-01-06 14:12:31,992 [grpc-default-executor-6] WARN  server.GrpcLogAppender (LogUtils.java:warn(122)) - omNode-1@group-523986131536->omNode-3-AppendLogResponseHandler: Failed appendEntries: org.apache.ratis.thirdparty.io.grpc.StatusRuntimeException: UNAVAILABLE: io exception
2022-01-06 14:12:31,993 [grpc-default-executor-6] WARN  server.GrpcLogAppender (GrpcLogAppender.java:resetClient(110)) - omNode-1@group-523986131536->omNode-3-GrpcLogAppender: Leader has not got in touch with Follower omNode-1@group-523986131536->omNode-3(c-1,m0,n0, attendVote=false, lastRpcSendTime=1, lastRpcResponseTime=1452) yet, just keep nextIndex unchanged and retry.
2022-01-06 14:12:31,993 [grpc-default-executor-7] WARN  server.GrpcLogAppender (LogUtils.java:warn(122)) - omNode-1@group-523986131536->omNode-3-InstallSnapshotResponseHandler: Failed InstallSnapshot: org.apache.ratis.thirdparty.io.grpc.StatusRuntimeException: UNAVAILABLE: io exception
2022-01-06 14:12:31,993 [grpc-default-executor-7] WARN  server.GrpcLogAppender (GrpcLogAppender.java:resetClient(110)) - omNode-1@group-523986131536->omNode-3-GrpcLogAppender: Leader has not got in touch with Follower omNode-1@group-523986131536->omNode-3(c-1,m0,n0, attendVote=false, lastRpcSendTime=1, lastRpcResponseTime=1452) yet, just keep nextIndex unchanged and retry.
2022-01-06 14:12:31,994 [omNode-1@group-523986131536->omNode-3-GrpcLogAppender-LogAppenderDaemon] INFO  server.GrpcLogAppender (GrpcLogAppender.java:installSnapshot(550)) - omNode-1@group-523986131536->omNode-3-GrpcLogAppender: followerNextIndex = 0 but logStartIndex = -1, notify follower to install snapshot-(t:2, i:12)
2022-01-06 14:12:31,994 [omNode-1@group-523986131536->omNode-3-GrpcLogAppender-LogAppenderDaemon] INFO  server.GrpcLogAppender (GrpcLogAppender.java:installSnapshot(558)) - omNode-1@group-523986131536->omNode-3-GrpcLogAppender: send omNode-1->omNode-3#0-t2,notify:(t:2, i:12)
2022-01-06 14:12:31,995 [grpc-default-executor-7] WARN  server.GrpcLogAppender (LogUtils.java:warn(122)) - omNode-1@group-523986131536->omNode-3-InstallSnapshotResponseHandler: Failed InstallSnapshot: org.apache.ratis.thirdparty.io.grpc.StatusRuntimeException: UNAVAILABLE: io exception
2022-01-06 14:12:31,995 [grpc-default-executor-7] WARN  server.GrpcLogAppender (GrpcLogAppender.java:resetClient(110)) - omNode-1@group-523986131536->omNode-3-GrpcLogAppender: Leader has not got in touch with Follower omNode-1@group-523986131536->omNode-3(c-1,m0,n0, attendVote=false, lastRpcSendTime=1, lastRpcResponseTime=1454) yet, just keep nextIndex unchanged and retry.
2022-01-06 14:12:31,995 [grpc-default-executor-2] WARN  server.GrpcLogAppender (LogUtils.java:warn(122)) - omNode-1@group-523986131536->omNode-3-AppendLogResponseHandler: Failed appendEntries: org.apache.ratis.thirdparty.io.grpc.StatusRuntimeException: UNAVAILABLE: io exception
2022-01-06 14:12:31,995 [grpc-default-executor-2] WARN  server.GrpcLogAppender (GrpcLogAppender.java:resetClient(110)) - omNode-1@group-523986131536->omNode-3-GrpcLogAppender: Leader has not got in touch with Follower omNode-1@group-523986131536->omNode-3(c-1,m0,n0, attendVote=false, lastRpcSendTime=1, lastRpcResponseTime=1455) yet, just keep nextIndex unchanged and retry.
2022-01-06 14:12:31,996 [omNode-1@group-523986131536->omNode-3-GrpcLogAppender-LogAppenderDaemon] INFO  server.GrpcLogAppender (GrpcLogAppender.java:installSnapshot(550)) - omNode-1@group-523986131536->omNode-3-GrpcLogAppender: followerNextIndex = 0 but logStartIndex = -1, notify follower to install snapshot-(t:2, i:12)
2022-01-06 14:12:31,996 [omNode-1@group-523986131536->omNode-3-GrpcLogAppender-LogAppenderDaemon] INFO  server.GrpcLogAppender (GrpcLogAppender.java:installSnapshot(558)) - omNode-1@group-523986131536->omNode-3-GrpcLogAppender: send omNode-1->omNode-3#0-t2,notify:(t:2, i:12)
2022-01-06 14:12:31,996 [grpc-default-executor-7] WARN  server.GrpcLogAppender (LogUtils.java:warn(122)) - omNode-1@group-523986131536->omNode-3-AppendLogResponseHandler: Failed appendEntries: org.apache.ratis.thirdparty.io.grpc.StatusRuntimeException: UNAVAILABLE: io exception
2022-01-06 14:12:31,996 [grpc-default-executor-7] WARN  server.GrpcLogAppender (GrpcLogAppender.java:resetClient(110)) - omNode-1@group-523986131536->omNode-3-GrpcLogAppender: Leader has not got in touch with Follower omNode-1@group-523986131536->omNode-3(c-1,m0,n0, attendVote=false, lastRpcSendTime=0, lastRpcResponseTime=1456) yet, just keep nextIndex unchanged and retry.
2022-01-06 14:12:31,996 [grpc-default-executor-2] WARN  server.GrpcLogAppender (LogUtils.java:warn(122)) - omNode-1@group-523986131536->omNode-3-InstallSnapshotResponseHandler: Failed InstallSnapshot: org.apache.ratis.thirdparty.io.grpc.StatusRuntimeException: UNAVAILABLE: io exception
2022-01-06 14:12:31,996 [grpc-default-executor-2] WARN  server.GrpcLogAppender (GrpcLogAppender.java:resetClient(110)) - omNode-1@group-523986131536->omNode-3-GrpcLogAppender: Leader has not got in touch with Follower omNode-1@group-523986131536->omNode-3(c-1,m0,n0, attendVote=false, lastRpcSendTime=0, lastRpcResponseTime=1456) yet, just keep nextIndex unchanged and retry.
2022-01-06 14:12:31,997 [omNode-1@group-523986131536->omNode-3-GrpcLogAppender-LogAppenderDaemon] INFO  server.GrpcLogAppender (GrpcLogAppender.java:installSnapshot(550)) - omNode-1@group-523986131536->omNode-3-GrpcLogAppender: followerNextIndex = 0 but logStartIndex = -1, notify follower to install snapshot-(t:2, i:12)
2022-01-06 14:12:31,997 [omNode-1@group-523986131536->omNode-3-GrpcLogAppender-LogAppenderDaemon] INFO  server.GrpcLogAppender (GrpcLogAppender.java:installSnapshot(558)) - omNode-1@group-523986131536->omNode-3-GrpcLogAppender: send omNode-1->omNode-3#0-t2,notify:(t:2, i:12)
2022-01-06 14:12:31,998 [grpc-default-executor-6] WARN  server.GrpcLogAppender (LogUtils.java:warn(122)) - omNode-1@group-523986131536->omNode-3-InstallSnapshotResponseHandler: Failed InstallSnapshot: org.apache.ratis.thirdparty.io.grpc.StatusRuntimeException: UNAVAILABLE: io exception
2022-01-06 14:12:31,998 [grpc-default-executor-6] WARN  server.GrpcLogAppender (GrpcLogAppender.java:resetClient(110)) - omNode-1@group-523986131536->omNode-3-GrpcLogAppender: Leader has not got in touch with Follower omNode-1@group-523986131536->omNode-3(c-1,m0,n0, attendVote=false, lastRpcSendTime=1, lastRpcResponseTime=1458) yet, just keep nextIndex unchanged and retry.
2022-01-06 14:12:31,998 [grpc-default-executor-6] WARN  server.GrpcLogAppender (LogUtils.java:warn(122)) - omNode-1@group-523986131536->omNode-3-AppendLogResponseHandler: Failed appendEntries: org.apache.ratis.thirdparty.io.grpc.StatusRuntimeException: UNAVAILABLE: io exception
2022-01-06 14:12:31,998 [grpc-default-executor-6] WARN  server.GrpcLogAppender (GrpcLogAppender.java:resetClient(110)) - omNode-1@group-523986131536->omNode-3-GrpcLogAppender: Leader has not got in touch with Follower omNode-1@group-523986131536->omNode-3(c-1,m0,n0, attendVote=false, lastRpcSendTime=1, lastRpcResponseTime=1458) yet, just keep nextIndex unchanged and retry.
2022-01-06 14:12:31,999 [omNode-1@group-523986131536->omNode-3-GrpcLogAppender-LogAppenderDaemon] INFO  server.GrpcLogAppender (GrpcLogAppender.java:installSnapshot(550)) - omNode-1@group-523986131536->omNode-3-GrpcLogAppender: followerNextIndex = 0 but logStartIndex = -1, notify follower to install snapshot-(t:2, i:12)
2022-01-06 14:12:31,999 [omNode-1@group-523986131536->omNode-3-GrpcLogAppender-LogAppenderDaemon] INFO  server.GrpcLogAppender (GrpcLogAppender.java:installSnapshot(558)) - omNode-1@group-523986131536->omNode-3-GrpcLogAppender: send omNode-1->omNode-3#0-t2,notify:(t:2, i:12)
2022-01-06 14:12:32,000 [grpc-default-executor-2] WARN  server.GrpcLogAppender (LogUtils.java:warn(122)) - omNode-1@group-523986131536->omNode-3-AppendLogResponseHandler: Failed appendEntries: org.apache.ratis.thirdparty.io.grpc.StatusRuntimeException: UNAVAILABLE: io exception
2022-01-06 14:12:32,000 [grpc-default-executor-2] WARN  server.GrpcLogAppender (GrpcLogAppender.java:resetClient(110)) - omNode-1@group-523986131536->omNode-3-GrpcLogAppender: Leader has not got in touch with Follower omNode-1@group-523986131536->omNode-3(c-1,m0,n0, attendVote=false, lastRpcSendTime=1, lastRpcResponseTime=1459) yet, just keep nextIndex unchanged and retry.
2022-01-06 14:12:32,001 [grpc-default-executor-6] WARN  server.GrpcLogAppender (LogUtils.java:warn(122)) - omNode-1@group-523986131536->omNode-3-InstallSnapshotResponseHandler: Failed InstallSnapshot: org.apache.ratis.thirdparty.io.grpc.StatusRuntimeException: UNAVAILABLE: io exception
2022-01-06 14:12:32,001 [grpc-default-executor-6] WARN  server.GrpcLogAppender (GrpcLogAppender.java:resetClient(110)) - omNode-1@group-523986131536->omNode-3-GrpcLogAppender: Leader has not got in touch with Follower omNode-1@group-523986131536->omNode-3(c-1,m0,n0, attendVote=false, lastRpcSendTime=2, lastRpcResponseTime=1461) yet, just keep nextIndex unchanged and retry.
2022-01-06 14:12:32,001 [omNode-1@group-523986131536->omNode-3-GrpcLogAppender-LogAppenderDaemon] INFO  server.GrpcLogAppender (GrpcLogAppender.java:installSnapshot(550)) - omNode-1@group-523986131536->omNode-3-GrpcLogAppender: followerNextIndex = 0 but logStartIndex = -1, notify follower to install snapshot-(t:2, i:12)
2022-01-06 14:12:32,002 [omNode-1@group-523986131536->omNode-3-GrpcLogAppender-LogAppenderDaemon] INFO  server.GrpcLogAppender (GrpcLogAppender.java:installSnapshot(558)) - omNode-1@group-523986131536->omNode-3-GrpcLogAppender: send omNode-1->omNode-3#0-t2,notify:(t:2, i:12)
2022-01-06 14:12:32,001 [grpc-default-executor-6] WARN  server.GrpcLogAppender (LogUtils.java:warn(122)) - omNode-1@group-523986131536->omNode-3-AppendLogResponseHandler: Failed appendEntries: org.apache.ratis.thirdparty.io.grpc.StatusRuntimeException: UNAVAILABLE: io exception
2022-01-06 14:12:32,002 [grpc-default-executor-6] WARN  server.GrpcLogAppender (GrpcLogAppender.java:resetClient(110)) - omNode-1@group-523986131536->omNode-3-GrpcLogAppender: Leader has not got in touch with Follower omNode-1@group-523986131536->omNode-3(c-1,m0,n0, attendVote=false, lastRpcSendTime=0, lastRpcResponseTime=1461) yet, just keep nextIndex unchanged and retry.
2022-01-06 14:12:32,002 [grpc-default-executor-2] WARN  server.GrpcLogAppender (LogUtils.java:warn(122)) - omNode-1@group-523986131536->omNode-3-InstallSnapshotResponseHandler: Failed InstallSnapshot: org.apache.ratis.thirdparty.io.grpc.StatusRuntimeException: UNAVAILABLE: io exception
2022-01-06 14:12:32,002 [grpc-default-executor-2] WARN  server.GrpcLogAppender (GrpcLogAppender.java:resetClient(110)) - omNode-1@group-523986131536->omNode-3-GrpcLogAppender: Leader has not got in touch with Follower omNode-1@group-523986131536->omNode-3(c-1,m0,n0, attendVote=false, lastRpcSendTime=0, lastRpcResponseTime=1462) yet, just keep nextIndex unchanged and retry.
2022-01-06 14:12:32,003 [omNode-1@group-523986131536->omNode-3-GrpcLogAppender-LogAppenderDaemon] INFO  server.GrpcLogAppender (GrpcLogAppender.java:installSnapshot(550)) - omNode-1@group-523986131536->omNode-3-GrpcLogAppender: followerNextIndex = 0 but logStartIndex = -1, notify follower to install snapshot-(t:2, i:12)
2022-01-06 14:12:32,003 [omNode-1@group-523986131536->omNode-3-GrpcLogAppender-LogAppenderDaemon] INFO  server.GrpcLogAppender (GrpcLogAppender.java:installSnapshot(558)) - omNode-1@group-523986131536->omNode-3-GrpcLogAppender: send omNode-1->omNode-3#0-t2,notify:(t:2, i:12)
2022-01-06 14:12:32,003 [grpc-default-executor-6] WARN  server.GrpcLogAppender (LogUtils.java:warn(122)) - omNode-1@group-523986131536->omNode-3-InstallSnapshotResponseHandler: Failed InstallSnapshot: org.apache.ratis.thirdparty.io.grpc.StatusRuntimeException: UNAVAILABLE: io exception
2022-01-06 14:12:32,003 [grpc-default-executor-6] WARN  server.GrpcLogAppender (GrpcLogAppender.java:resetClient(110)) - omNode-1@group-523986131536->omNode-3-GrpcLogAppender: Leader has not got in touch with Follower omNode-1@group-523986131536->omNode-3(c-1,m0,n0, attendVote=false, lastRpcSendTime=0, lastRpcResponseTime=1463) yet, just keep nextIndex unchanged and retry.
2022-01-06 14:12:32,003 [grpc-default-executor-2] WARN  server.GrpcLogAppender (LogUtils.java:warn(122)) - omNode-1@group-523986131536->omNode-3-AppendLogResponseHandler: Failed appendEntries: org.apache.ratis.thirdparty.io.grpc.StatusRuntimeException: UNAVAILABLE: io exception
2022-01-06 14:12:32,003 [grpc-default-executor-2] WARN  server.GrpcLogAppender (GrpcLogAppender.java:resetClient(110)) - omNode-1@group-523986131536->omNode-3-GrpcLogAppender: Leader has not got in touch with Follower omNode-1@group-523986131536->omNode-3(c-1,m0,n0, attendVote=false, lastRpcSendTime=0, lastRpcResponseTime=1463) yet, just keep nextIndex unchanged and retry.
2022-01-06 14:12:32,003 [omNode-1@group-523986131536->omNode-3-GrpcLogAppender-LogAppenderDaemon] INFO  server.GrpcLogAppender (GrpcLogAppender.java:installSnapshot(550)) - omNode-1@group-523986131536->omNode-3-GrpcLogAppender: followerNextIndex = 0 but logStartIndex = -1, notify follower to install snapshot-(t:2, i:12)
2022-01-06 14:12:32,004 [omNode-1@group-523986131536->omNode-3-GrpcLogAppender-LogAppenderDaemon] INFO  server.GrpcLogAppender (GrpcLogAppender.java:installSnapshot(558)) - omNode-1@group-523986131536->omNode-3-GrpcLogAppender: send omNode-1->omNode-3#0-t2,notify:(t:2, i:12)
2022-01-06 14:12:32,004 [grpc-default-executor-6] WARN  server.GrpcLogAppender (LogUtils.java:warn(122)) - omNode-1@group-523986131536->omNode-3-InstallSnapshotResponseHandler: Failed InstallSnapshot: org.apache.ratis.thirdparty.io.grpc.StatusRuntimeException: UNAVAILABLE: io exception
2022-01-06 14:12:32,004 [grpc-default-executor-6] WARN  server.GrpcLogAppender (GrpcLogAppender.java:resetClient(110)) - omNode-1@group-523986131536->omNode-3-GrpcLogAppender: Leader has not got in touch with Follower omNode-1@group-523986131536->omNode-3(c-1,m0,n0, attendVote=false, lastRpcSendTime=0, lastRpcResponseTime=1463) yet, just keep nextIndex unchanged and retry.
2022-01-06 14:12:32,003 [grpc-default-executor-2] WARN  server.GrpcLogAppender (LogUtils.java:warn(122)) - omNode-1@group-523986131536->omNode-3-AppendLogResponseHandler: Failed appendEntries: org.apache.ratis.thirdparty.io.grpc.StatusRuntimeException: UNAVAILABLE: io exception
2022-01-06 14:12:32,004 [grpc-default-executor-2] WARN  server.GrpcLogAppender (GrpcLogAppender.java:resetClient(110)) - omNode-1@group-523986131536->omNode-3-GrpcLogAppender: Leader has not got in touch with Follower omNode-1@group-523986131536->omNode-3(c-1,m0,n0, attendVote=false, lastRpcSendTime=0, lastRpcResponseTime=1464) yet, just keep nextIndex unchanged and retry.
2022-01-06 14:12:32,004 [omNode-1@group-523986131536->omNode-3-GrpcLogAppender-LogAppenderDaemon] INFO  server.GrpcLogAppender (GrpcLogAppender.java:installSnapshot(550)) - omNode-1@group-523986131536->omNode-3-GrpcLogAppender: followerNextIndex = 0 but logStartIndex = -1, notify follower to install snapshot-(t:2, i:12)
2022-01-06 14:12:32,004 [omNode-1@group-523986131536->omNode-3-GrpcLogAppender-LogAppenderDaemon] INFO  server.GrpcLogAppender (GrpcLogAppender.java:installSnapshot(558)) - omNode-1@group-523986131536->omNode-3-GrpcLogAppender: send omNode-1->omNode-3#0-t2,notify:(t:2, i:12)
2022-01-06 14:12:32,004 [grpc-default-executor-2] WARN  server.GrpcLogAppender (LogUtils.java:warn(122)) - omNode-1@group-523986131536->omNode-3-AppendLogResponseHandler: Failed appendEntries: org.apache.ratis.thirdparty.io.grpc.StatusRuntimeException: UNAVAILABLE: io exception
2022-01-06 14:12:32,005 [grpc-default-executor-2] WARN  server.GrpcLogAppender (GrpcLogAppender.java:resetClient(110)) - omNode-1@group-523986131536->omNode-3-GrpcLogAppender: Leader has not got in touch with Follower omNode-1@group-523986131536->omNode-3(c-1,m0,n0, attendVote=false, lastRpcSendTime=0, lastRpcResponseTime=1464) yet, just keep nextIndex unchanged and retry.
2022-01-06 14:12:32,005 [grpc-default-executor-6] WARN  server.GrpcLogAppender (LogUtils.java:warn(122)) - omNode-1@group-523986131536->omNode-3-InstallSnapshotResponseHandler: Failed InstallSnapshot: org.apache.ratis.thirdparty.io.grpc.StatusRuntimeException: UNAVAILABLE: io exception
2022-01-06 14:12:32,005 [grpc-default-executor-6] WARN  server.GrpcLogAppender (GrpcLogAppender.java:resetClient(110)) - omNode-1@group-523986131536->omNode-3-GrpcLogAppender: Leader has not got in touch with Follower omNode-1@group-523986131536->omNode-3(c-1,m0,n0, attendVote=false, lastRpcSendTime=0, lastRpcResponseTime=1464) yet, just keep nextIndex unchanged and retry.
2022-01-06 14:12:32,005 [grpc-default-executor-6] WARN  server.GrpcLogAppender (LogUtils.java:warn(122)) - omNode-1@group-523986131536->omNode-3-AppendLogResponseHandler: Failed appendEntries: org.apache.ratis.thirdparty.io.grpc.StatusRuntimeException: UNAVAILABLE: io exception
2022-01-06 14:12:32,005 [omNode-1@group-523986131536->omNode-3-GrpcLogAppender-LogAppenderDaemon] INFO  server.GrpcLogAppender (GrpcLogAppender.java:installSnapshot(550)) - omNode-1@group-523986131536->omNode-3-GrpcLogAppender: followerNextIndex = 0 but logStartIndex = -1, notify follower to install snapshot-(t:2, i:12)
2022-01-06 14:12:32,005 [omNode-1@group-523986131536->omNode-3-GrpcLogAppender-LogAppenderDaemon] INFO  server.GrpcLogAppender (GrpcLogAppender.java:installSnapshot(558)) - omNode-1@group-523986131536->omNode-3-GrpcLogAppender: send omNode-1->omNode-3#0-t2,notify:(t:2, i:12)
2022-01-06 14:12:32,005 [grpc-default-executor-6] WARN  server.GrpcLogAppender (GrpcLogAppender.java:resetClient(110)) - omNode-1@group-523986131536->omNode-3-GrpcLogAppender: Leader has not got in touch with Follower omNode-1@group-523986131536->omNode-3(c-1,m0,n0, attendVote=false, lastRpcSendTime=0, lastRpcResponseTime=1465) yet, just keep nextIndex unchanged and retry.
2022-01-06 14:12:32,006 [grpc-default-executor-6] WARN  server.GrpcLogAppender (LogUtils.java:warn(122)) - omNode-1@group-523986131536->omNode-3-InstallSnapshotResponseHandler: Failed InstallSnapshot: org.apache.ratis.thirdparty.io.grpc.StatusRuntimeException: UNAVAILABLE: io exception
2022-01-06 14:12:32,006 [grpc-default-executor-6] WARN  server.GrpcLogAppender (GrpcLogAppender.java:resetClient(110)) - omNode-1@group-523986131536->omNode-3-GrpcLogAppender: Leader has not got in touch with Follower omNode-1@group-523986131536->omNode-3(c-1,m0,n0, attendVote=false, lastRpcSendTime=0, lastRpcResponseTime=1465) yet, just keep nextIndex unchanged and retry.
2022-01-06 14:12:32,006 [grpc-default-executor-6] WARN  server.GrpcLogAppender (LogUtils.java:warn(122)) - omNode-1@group-523986131536->omNode-3-AppendLogResponseHandler: Failed appendEntries: org.apache.ratis.thirdparty.io.grpc.StatusRuntimeException: UNAVAILABLE: io exception
2022-01-06 14:12:32,006 [omNode-1@group-523986131536->omNode-3-GrpcLogAppender-LogAppenderDaemon] INFO  server.GrpcLogAppender (GrpcLogAppender.java:installSnapshot(550)) - omNode-1@group-523986131536->omNode-3-GrpcLogAppender: followerNextIndex = 0 but logStartIndex = -1, notify follower to install snapshot-(t:2, i:12)
2022-01-06 14:12:32,006 [omNode-1@group-523986131536->omNode-3-GrpcLogAppender-LogAppenderDaemon] INFO  server.GrpcLogAppender (GrpcLogAppender.java:installSnapshot(558)) - omNode-1@group-523986131536->omNode-3-GrpcLogAppender: send omNode-1->omNode-3#0-t2,notify:(t:2, i:12)
2022-01-06 14:12:32,006 [grpc-default-executor-6] WARN  server.GrpcLogAppender (GrpcLogAppender.java:resetClient(110)) - omNode-1@group-523986131536->omNode-3-GrpcLogAppender: Leader has not got in touch with Follower omNode-1@group-523986131536->omNode-3(c-1,m0,n0, attendVote=false, lastRpcSendTime=0, lastRpcResponseTime=1466) yet, just keep nextIndex unchanged and retry.
2022-01-06 14:12:32,006 [grpc-default-executor-6] WARN  server.GrpcLogAppender (LogUtils.java:warn(122)) - omNode-1@group-523986131536->omNode-3-InstallSnapshotResponseHandler: Failed InstallSnapshot: org.apache.ratis.thirdparty.io.grpc.StatusRuntimeException: UNAVAILABLE: io exception
2022-01-06 14:12:32,006 [grpc-default-executor-6] WARN  server.GrpcLogAppender (GrpcLogAppender.java:resetClient(110)) - omNode-1@group-523986131536->omNode-3-GrpcLogAppender: Leader has not got in touch with Follower omNode-1@group-523986131536->omNode-3(c-1,m0,n0, attendVote=false, lastRpcSendTime=0, lastRpcResponseTime=1466) yet, just keep nextIndex unchanged and retry.
2022-01-06 14:12:32,008 [grpc-default-executor-6] WARN  server.GrpcLogAppender (LogUtils.java:warn(122)) - omNode-1@group-523986131536->omNode-3-AppendLogResponseHandler: Failed appendEntries: org.apache.ratis.thirdparty.io.grpc.StatusRuntimeException: UNAVAILABLE: io exception
2022-01-06 14:12:32,008 [omNode-1@group-523986131536->omNode-3-GrpcLogAppender-LogAppenderDaemon] INFO  server.GrpcLogAppender (GrpcLogAppender.java:installSnapshot(550)) - omNode-1@group-523986131536->omNode-3-GrpcLogAppender: followerNextIndex = 0 but logStartIndex = -1, notify follower to install snapshot-(t:2, i:12)
2022-01-06 14:12:32,008 [omNode-1@group-523986131536->omNode-3-GrpcLogAppender-LogAppenderDaemon] INFO  server.GrpcLogAppender (GrpcLogAppender.java:installSnapshot(558)) - omNode-1@group-523986131536->omNode-3-GrpcLogAppender: send omNode-1->omNode-3#0-t2,notify:(t:2, i:12)
2022-01-06 14:12:32,008 [grpc-default-executor-6] WARN  server.GrpcLogAppender (GrpcLogAppender.java:resetClient(110)) - omNode-1@group-523986131536->omNode-3-GrpcLogAppender: Leader has not got in touch with Follower omNode-1@group-523986131536->omNode-3(c-1,m0,n0, attendVote=false, lastRpcSendTime=0, lastRpcResponseTime=1468) yet, just keep nextIndex unchanged and retry.
2022-01-06 14:12:32,009 [grpc-default-executor-2] WARN  server.GrpcLogAppender (LogUtils.java:warn(122)) - omNode-1@group-523986131536->omNode-3-InstallSnapshotResponseHandler: Failed InstallSnapshot: org.apache.ratis.thirdparty.io.grpc.StatusRuntimeException: UNAVAILABLE: io exception
2022-01-06 14:12:32,009 [grpc-default-executor-2] WARN  server.GrpcLogAppender (GrpcLogAppender.java:resetClient(110)) - omNode-1@group-523986131536->omNode-3-GrpcLogAppender: Leader has not got in touch with Follower omNode-1@group-523986131536->omNode-3(c-1,m0,n0, attendVote=false, lastRpcSendTime=0, lastRpcResponseTime=1468) yet, just keep nextIndex unchanged and retry.
2022-01-06 14:12:32,009 [grpc-default-executor-2] WARN  server.GrpcLogAppender (LogUtils.java:warn(122)) - omNode-1@group-523986131536->omNode-3-AppendLogResponseHandler: Failed appendEntries: org.apache.ratis.thirdparty.io.grpc.StatusRuntimeException: UNAVAILABLE: io exception
2022-01-06 14:12:32,009 [grpc-default-executor-2] WARN  server.GrpcLogAppender (GrpcLogAppender.java:resetClient(110)) - omNode-1@group-523986131536->omNode-3-GrpcLogAppender: Leader has not got in touch with Follower omNode-1@group-523986131536->omNode-3(c-1,m0,n0, attendVote=false, lastRpcSendTime=0, lastRpcResponseTime=1469) yet, just keep nextIndex unchanged and retry.
2022-01-06 14:12:32,009 [omNode-1@group-523986131536->omNode-3-GrpcLogAppender-LogAppenderDaemon] INFO  server.GrpcLogAppender (GrpcLogAppender.java:installSnapshot(550)) - omNode-1@group-523986131536->omNode-3-GrpcLogAppender: followerNextIndex = 0 but logStartIndex = -1, notify follower to install snapshot-(t:2, i:12)
2022-01-06 14:12:32,009 [omNode-1@group-523986131536->omNode-3-GrpcLogAppender-LogAppenderDaemon] INFO  server.GrpcLogAppender (GrpcLogAppender.java:installSnapshot(558)) - omNode-1@group-523986131536->omNode-3-GrpcLogAppender: send omNode-1->omNode-3#0-t2,notify:(t:2, i:12)
2022-01-06 14:12:32,010 [grpc-default-executor-2] WARN  server.GrpcLogAppender (LogUtils.java:warn(122)) - omNode-1@group-523986131536->omNode-3-InstallSnapshotResponseHandler: Failed InstallSnapshot: org.apache.ratis.thirdparty.io.grpc.StatusRuntimeException: UNAVAILABLE: io exception
2022-01-06 14:12:32,010 [grpc-default-executor-2] WARN  server.GrpcLogAppender (GrpcLogAppender.java:resetClient(110)) - omNode-1@group-523986131536->omNode-3-GrpcLogAppender: Leader has not got in touch with Follower omNode-1@group-523986131536->omNode-3(c-1,m0,n0, attendVote=false, lastRpcSendTime=0, lastRpcResponseTime=1469) yet, just keep nextIndex unchanged and retry.
2022-01-06 14:12:32,010 [grpc-default-executor-2] WARN  server.GrpcLogAppender (LogUtils.java:warn(122)) - omNode-1@group-523986131536->omNode-3-AppendLogResponseHandler: Failed appendEntries: org.apache.ratis.thirdparty.io.grpc.StatusRuntimeException: UNAVAILABLE: io exception
2022-01-06 14:12:32,010 [grpc-default-executor-2] WARN  server.GrpcLogAppender (GrpcLogAppender.java:resetClient(110)) - omNode-1@group-523986131536->omNode-3-GrpcLogAppender: Leader has not got in touch with Follower omNode-1@group-523986131536->omNode-3(c-1,m0,n0, attendVote=false, lastRpcSendTime=0, lastRpcResponseTime=1470) yet, just keep nextIndex unchanged and retry.
2022-01-06 14:12:32,010 [omNode-1@group-523986131536->omNode-3-GrpcLogAppender-LogAppenderDaemon] INFO  server.GrpcLogAppender (GrpcLogAppender.java:installSnapshot(550)) - omNode-1@group-523986131536->omNode-3-GrpcLogAppender: followerNextIndex = 0 but logStartIndex = -1, notify follower to install snapshot-(t:2, i:12)
2022-01-06 14:12:32,010 [omNode-1@group-523986131536->omNode-3-GrpcLogAppender-LogAppenderDaemon] INFO  server.GrpcLogAppender (GrpcLogAppender.java:installSnapshot(558)) - omNode-1@group-523986131536->omNode-3-GrpcLogAppender: send omNode-1->omNode-3#0-t2,notify:(t:2, i:12)
2022-01-06 14:12:32,010 [grpc-default-executor-2] WARN  server.GrpcLogAppender (LogUtils.java:warn(122)) - omNode-1@group-523986131536->omNode-3-InstallSnapshotResponseHandler: Failed InstallSnapshot: org.apache.ratis.thirdparty.io.grpc.StatusRuntimeException: UNAVAILABLE: io exception
2022-01-06 14:12:32,010 [grpc-default-executor-2] WARN  server.GrpcLogAppender (GrpcLogAppender.java:resetClient(110)) - omNode-1@group-523986131536->omNode-3-GrpcLogAppender: Leader has not got in touch with Follower omNode-1@group-523986131536->omNode-3(c-1,m0,n0, attendVote=false, lastRpcSendTime=0, lastRpcResponseTime=1470) yet, just keep nextIndex unchanged and retry.
2022-01-06 14:12:32,011 [omNode-1@group-523986131536->omNode-3-GrpcLogAppender-LogAppenderDaemon] INFO  server.GrpcLogAppender (GrpcLogAppender.java:installSnapshot(550)) - omNode-1@group-523986131536->omNode-3-GrpcLogAppender: followerNextIndex = 0 but logStartIndex = -1, notify follower to install snapshot-(t:2, i:12)
2022-01-06 14:12:32,011 [omNode-1@group-523986131536->omNode-3-GrpcLogAppender-LogAppenderDaemon] INFO  server.GrpcLogAppender (GrpcLogAppender.java:installSnapshot(558)) - omNode-1@group-523986131536->omNode-3-GrpcLogAppender: send omNode-1->omNode-3#0-t2,notify:(t:2, i:12)
2022-01-06 14:12:32,013 [grpc-default-executor-6] WARN  server.GrpcLogAppender (LogUtils.java:warn(122)) - omNode-1@group-523986131536->omNode-3-AppendLogResponseHandler: Failed appendEntries: org.apache.ratis.thirdparty.io.grpc.StatusRuntimeException: UNAVAILABLE: io exception
2022-01-06 14:12:32,013 [grpc-default-executor-6] WARN  server.GrpcLogAppender (GrpcLogAppender.java:resetClient(110)) - omNode-1@group-523986131536->omNode-3-GrpcLogAppender: Leader has not got in touch with Follower omNode-1@group-523986131536->omNode-3(c-1,m0,n0, attendVote=false, lastRpcSendTime=2, lastRpcResponseTime=1473) yet, just keep nextIndex unchanged and retry.
2022-01-06 14:12:32,014 [grpc-default-executor-2] WARN  server.GrpcLogAppender (LogUtils.java:warn(122)) - omNode-1@group-523986131536->omNode-3-InstallSnapshotResponseHandler: Failed InstallSnapshot: org.apache.ratis.thirdparty.io.grpc.StatusRuntimeException: UNAVAILABLE: io exception
2022-01-06 14:12:32,014 [grpc-default-executor-2] WARN  server.GrpcLogAppender (GrpcLogAppender.java:resetClient(110)) - omNode-1@group-523986131536->omNode-3-GrpcLogAppender: Leader has not got in touch with Follower omNode-1@group-523986131536->omNode-3(c-1,m0,n0, attendVote=false, lastRpcSendTime=2, lastRpcResponseTime=1473) yet, just keep nextIndex unchanged and retry.
2022-01-06 14:12:32,014 [grpc-default-executor-2] WARN  server.GrpcLogAppender (LogUtils.java:warn(122)) - omNode-1@group-523986131536->omNode-3-AppendLogResponseHandler: Failed appendEntries: org.apache.ratis.thirdparty.io.grpc.StatusRuntimeException: UNAVAILABLE: io exception
2022-01-06 14:12:32,014 [grpc-default-executor-2] WARN  server.GrpcLogAppender (GrpcLogAppender.java:resetClient(110)) - omNode-1@group-523986131536->omNode-3-GrpcLogAppender: Leader has not got in touch with Follower omNode-1@group-523986131536->omNode-3(c-1,m0,n0, attendVote=false, lastRpcSendTime=2, lastRpcResponseTime=1474) yet, just keep nextIndex unchanged and retry.
2022-01-06 14:12:32,014 [omNode-1@group-523986131536->omNode-3-GrpcLogAppender-LogAppenderDaemon] INFO  server.GrpcLogAppender (GrpcLogAppender.java:installSnapshot(550)) - omNode-1@group-523986131536->omNode-3-GrpcLogAppender: followerNextIndex = 0 but logStartIndex = -1, notify follower to install snapshot-(t:2, i:12)
2022-01-06 14:12:32,014 [omNode-1@group-523986131536->omNode-3-GrpcLogAppender-LogAppenderDaemon] INFO  server.GrpcLogAppender (GrpcLogAppender.java:installSnapshot(558)) - omNode-1@group-523986131536->omNode-3-GrpcLogAppender: send omNode-1->omNode-3#0-t2,notify:(t:2, i:12)
2022-01-06 14:12:32,015 [grpc-default-executor-2] WARN  server.GrpcLogAppender (LogUtils.java:warn(122)) - omNode-1@group-523986131536->omNode-3-InstallSnapshotResponseHandler: Failed InstallSnapshot: org.apache.ratis.thirdparty.io.grpc.StatusRuntimeException: UNAVAILABLE: io exception
2022-01-06 14:12:32,015 [grpc-default-executor-2] WARN  server.GrpcLogAppender (GrpcLogAppender.java:resetClient(110)) - omNode-1@group-523986131536->omNode-3-GrpcLogAppender: Leader has not got in touch with Follower omNode-1@group-523986131536->omNode-3(c-1,m0,n0, attendVote=false, lastRpcSendTime=0, lastRpcResponseTime=1474) yet, just keep nextIndex unchanged and retry.
2022-01-06 14:12:32,015 [omNode-1@group-523986131536->omNode-3-GrpcLogAppender-LogAppenderDaemon] INFO  server.GrpcLogAppender (GrpcLogAppender.java:installSnapshot(550)) - omNode-1@group-523986131536->omNode-3-GrpcLogAppender: followerNextIndex = 0 but logStartIndex = -1, notify follower to install snapshot-(t:2, i:12)
2022-01-06 14:12:32,015 [omNode-1@group-523986131536->omNode-3-GrpcLogAppender-LogAppenderDaemon] INFO  server.GrpcLogAppender (GrpcLogAppender.java:installSnapshot(558)) - omNode-1@group-523986131536->omNode-3-GrpcLogAppender: send omNode-1->omNode-3#0-t2,notify:(t:2, i:12)
2022-01-06 14:12:32,016 [grpc-default-executor-6] WARN  server.GrpcLogAppender (LogUtils.java:warn(122)) - omNode-1@group-523986131536->omNode-3-AppendLogResponseHandler: Failed appendEntries: org.apache.ratis.thirdparty.io.grpc.StatusRuntimeException: UNAVAILABLE: io exception
2022-01-06 14:12:32,016 [grpc-default-executor-6] WARN  server.GrpcLogAppender (GrpcLogAppender.java:resetClient(110)) - omNode-1@group-523986131536->omNode-3-GrpcLogAppender: Leader has not got in touch with Follower omNode-1@group-523986131536->omNode-3(c-1,m0,n0, attendVote=false, lastRpcSendTime=0, lastRpcResponseTime=1476) yet, just keep nextIndex unchanged and retry.
2022-01-06 14:12:32,016 [grpc-default-executor-2] WARN  server.GrpcLogAppender (LogUtils.java:warn(122)) - omNode-1@group-523986131536->omNode-3-InstallSnapshotResponseHandler: Failed InstallSnapshot: org.apache.ratis.thirdparty.io.grpc.StatusRuntimeException: UNAVAILABLE: io exception
2022-01-06 14:12:32,016 [grpc-default-executor-2] WARN  server.GrpcLogAppender (GrpcLogAppender.java:resetClient(110)) - omNode-1@group-523986131536->omNode-3-GrpcLogAppender: Leader has not got in touch with Follower omNode-1@group-523986131536->omNode-3(c-1,m0,n0, attendVote=false, lastRpcSendTime=0, lastRpcResponseTime=1476) yet, just keep nextIndex unchanged and retry.
2022-01-06 14:12:32,016 [grpc-default-executor-2] WARN  server.GrpcLogAppender (LogUtils.java:warn(122)) - omNode-1@group-523986131536->omNode-3-AppendLogResponseHandler: Failed appendEntries: org.apache.ratis.thirdparty.io.grpc.StatusRuntimeException: UNAVAILABLE: io exception
2022-01-06 14:12:32,017 [grpc-default-executor-2] WARN  server.GrpcLogAppender (GrpcLogAppender.java:resetClient(110)) - omNode-1@group-523986131536->omNode-3-GrpcLogAppender: Leader has not got in touch with Follower omNode-1@group-523986131536->omNode-3(c-1,m0,n0, attendVote=false, lastRpcSendTime=1, lastRpcResponseTime=1476) yet, just keep nextIndex unchanged and retry.
2022-01-06 14:12:32,017 [omNode-1@group-523986131536->omNode-3-GrpcLogAppender-LogAppenderDaemon] INFO  server.GrpcLogAppender (GrpcLogAppender.java:installSnapshot(550)) - omNode-1@group-523986131536->omNode-3-GrpcLogAppender: followerNextIndex = 0 but logStartIndex = -1, notify follower to install snapshot-(t:2, i:12)
2022-01-06 14:12:32,017 [omNode-1@group-523986131536->omNode-3-GrpcLogAppender-LogAppenderDaemon] INFO  server.GrpcLogAppender (GrpcLogAppender.java:installSnapshot(558)) - omNode-1@group-523986131536->omNode-3-GrpcLogAppender: send omNode-1->omNode-3#0-t2,notify:(t:2, i:12)
2022-01-06 14:12:32,018 [grpc-default-executor-6] WARN  server.GrpcLogAppender (LogUtils.java:warn(122)) - omNode-1@group-523986131536->omNode-3-InstallSnapshotResponseHandler: Failed InstallSnapshot: org.apache.ratis.thirdparty.io.grpc.StatusRuntimeException: UNAVAILABLE: io exception
2022-01-06 14:12:32,018 [grpc-default-executor-6] WARN  server.GrpcLogAppender (GrpcLogAppender.java:resetClient(110)) - omNode-1@group-523986131536->omNode-3-GrpcLogAppender: Leader has not got in touch with Follower omNode-1@group-523986131536->omNode-3(c-1,m0,n0, attendVote=false, lastRpcSendTime=0, lastRpcResponseTime=1478) yet, just keep nextIndex unchanged and retry.
2022-01-06 14:12:32,019 [omNode-1@group-523986131536->omNode-3-GrpcLogAppender-LogAppenderDaemon] INFO  server.GrpcLogAppender (GrpcLogAppender.java:installSnapshot(550)) - omNode-1@group-523986131536->omNode-3-GrpcLogAppender: followerNextIndex = 0 but logStartIndex = -1, notify follower to install snapshot-(t:2, i:12)
2022-01-06 14:12:32,019 [omNode-1@group-523986131536->omNode-3-GrpcLogAppender-LogAppenderDaemon] INFO  server.GrpcLogAppender (GrpcLogAppender.java:installSnapshot(558)) - omNode-1@group-523986131536->omNode-3-GrpcLogAppender: send omNode-1->omNode-3#0-t2,notify:(t:2, i:12)
2022-01-06 14:12:32,020 [grpc-default-executor-2] WARN  server.GrpcLogAppender (LogUtils.java:warn(122)) - omNode-1@group-523986131536->omNode-3-AppendLogResponseHandler: Failed appendEntries: org.apache.ratis.thirdparty.io.grpc.StatusRuntimeException: UNAVAILABLE: io exception
2022-01-06 14:12:32,020 [grpc-default-executor-2] WARN  server.GrpcLogAppender (GrpcLogAppender.java:resetClient(110)) - omNode-1@group-523986131536->omNode-3-GrpcLogAppender: Leader has not got in touch with Follower omNode-1@group-523986131536->omNode-3(c-1,m0,n0, attendVote=false, lastRpcSendTime=0, lastRpcResponseTime=1479) yet, just keep nextIndex unchanged and retry.
2022-01-06 14:12:32,020 [grpc-default-executor-6] WARN  server.GrpcLogAppender (LogUtils.java:warn(122)) - omNode-1@group-523986131536->omNode-3-InstallSnapshotResponseHandler: Failed InstallSnapshot: org.apache.ratis.thirdparty.io.grpc.StatusRuntimeException: UNAVAILABLE: io exception
2022-01-06 14:12:32,020 [grpc-default-executor-6] WARN  server.GrpcLogAppender (GrpcLogAppender.java:resetClient(110)) - omNode-1@group-523986131536->omNode-3-GrpcLogAppender: Leader has not got in touch with Follower omNode-1@group-523986131536->omNode-3(c-1,m0,n0, attendVote=false, lastRpcSendTime=1, lastRpcResponseTime=1480) yet, just keep nextIndex unchanged and retry.
2022-01-06 14:12:32,020 [grpc-default-executor-6] WARN  server.GrpcLogAppender (LogUtils.java:warn(122)) - omNode-1@group-523986131536->omNode-3-AppendLogResponseHandler: Failed appendEntries: org.apache.ratis.thirdparty.io.grpc.StatusRuntimeException: UNAVAILABLE: io exception
2022-01-06 14:12:32,020 [grpc-default-executor-6] WARN  server.GrpcLogAppender (GrpcLogAppender.java:resetClient(110)) - omNode-1@group-523986131536->omNode-3-GrpcLogAppender: Leader has not got in touch with Follower omNode-1@group-523986131536->omNode-3(c-1,m0,n0, attendVote=false, lastRpcSendTime=1, lastRpcResponseTime=1480) yet, just keep nextIndex unchanged and retry.
2022-01-06 14:12:32,021 [omNode-1@group-523986131536->omNode-3-GrpcLogAppender-LogAppenderDaemon] INFO  server.GrpcLogAppender (GrpcLogAppender.java:installSnapshot(550)) - omNode-1@group-523986131536->omNode-3-GrpcLogAppender: followerNextIndex = 0 but logStartIndex = -1, notify follower to install snapshot-(t:2, i:12)
2022-01-06 14:12:32,021 [omNode-1@group-523986131536->omNode-3-GrpcLogAppender-LogAppenderDaemon] INFO  server.GrpcLogAppender (GrpcLogAppender.java:installSnapshot(558)) - omNode-1@group-523986131536->omNode-3-GrpcLogAppender: send omNode-1->omNode-3#0-t2,notify:(t:2, i:12)
2022-01-06 14:12:32,021 [grpc-default-executor-6] WARN  server.GrpcLogAppender (LogUtils.java:warn(122)) - omNode-1@group-523986131536->omNode-3-InstallSnapshotResponseHandler: Failed InstallSnapshot: org.apache.ratis.thirdparty.io.grpc.StatusRuntimeException: UNAVAILABLE: io exception
2022-01-06 14:12:32,021 [grpc-default-executor-6] WARN  server.GrpcLogAppender (GrpcLogAppender.java:resetClient(110)) - omNode-1@group-523986131536->omNode-3-GrpcLogAppender: Leader has not got in touch with Follower omNode-1@group-523986131536->omNode-3(c-1,m0,n0, attendVote=false, lastRpcSendTime=0, lastRpcResponseTime=1480) yet, just keep nextIndex unchanged and retry.
2022-01-06 14:12:32,021 [grpc-default-executor-6] WARN  server.GrpcLogAppender (LogUtils.java:warn(122)) - omNode-1@group-523986131536->omNode-3-AppendLogResponseHandler: Failed appendEntries: org.apache.ratis.thirdparty.io.grpc.StatusRuntimeException: UNAVAILABLE: io exception
2022-01-06 14:12:32,021 [grpc-default-executor-6] WARN  server.GrpcLogAppender (GrpcLogAppender.java:resetClient(110)) - omNode-1@group-523986131536->omNode-3-GrpcLogAppender: Leader has not got in touch with Follower omNode-1@group-523986131536->omNode-3(c-1,m0,n0, attendVote=false, lastRpcSendTime=0, lastRpcResponseTime=1481) yet, just keep nextIndex unchanged and retry.
2022-01-06 14:12:32,021 [omNode-1@group-523986131536->omNode-3-GrpcLogAppender-LogAppenderDaemon] INFO  server.GrpcLogAppender (GrpcLogAppender.java:installSnapshot(550)) - omNode-1@group-523986131536->omNode-3-GrpcLogAppender: followerNextIndex = 0 but logStartIndex = -1, notify follower to install snapshot-(t:2, i:12)
2022-01-06 14:12:32,021 [omNode-1@group-523986131536->omNode-3-GrpcLogAppender-LogAppenderDaemon] INFO  server.GrpcLogAppender (GrpcLogAppender.java:installSnapshot(558)) - omNode-1@group-523986131536->omNode-3-GrpcLogAppender: send omNode-1->omNode-3#0-t2,notify:(t:2, i:12)
2022-01-06 14:12:32,022 [grpc-default-executor-6] WARN  server.GrpcLogAppender (LogUtils.java:warn(122)) - omNode-1@group-523986131536->omNode-3-InstallSnapshotResponseHandler: Failed InstallSnapshot: org.apache.ratis.thirdparty.io.grpc.StatusRuntimeException: UNAVAILABLE: io exception
2022-01-06 14:12:32,022 [grpc-default-executor-6] WARN  server.GrpcLogAppender (GrpcLogAppender.java:resetClient(110)) - omNode-1@group-523986131536->omNode-3-GrpcLogAppender: Leader has not got in touch with Follower omNode-1@group-523986131536->omNode-3(c-1,m0,n0, attendVote=false, lastRpcSendTime=0, lastRpcResponseTime=1481) yet, just keep nextIndex unchanged and retry.
2022-01-06 14:12:32,022 [grpc-default-executor-6] WARN  server.GrpcLogAppender (LogUtils.java:warn(122)) - omNode-1@group-523986131536->omNode-3-AppendLogResponseHandler: Failed appendEntries: org.apache.ratis.thirdparty.io.grpc.StatusRuntimeException: UNAVAILABLE: io exception
2022-01-06 14:12:32,022 [grpc-default-executor-6] WARN  server.GrpcLogAppender (GrpcLogAppender.java:resetClient(110)) - omNode-1@group-523986131536->omNode-3-GrpcLogAppender: Leader has not got in touch with Follower omNode-1@group-523986131536->omNode-3(c-1,m0,n0, attendVote=false, lastRpcSendTime=0, lastRpcResponseTime=1482) yet, just keep nextIndex unchanged and retry.
2022-01-06 14:12:32,022 [omNode-1@group-523986131536->omNode-3-GrpcLogAppender-LogAppenderDaemon] INFO  server.GrpcLogAppender (GrpcLogAppender.java:installSnapshot(550)) - omNode-1@group-523986131536->omNode-3-GrpcLogAppender: followerNextIndex = 0 but logStartIndex = -1, notify follower to install snapshot-(t:2, i:12)
2022-01-06 14:12:32,022 [omNode-1@group-523986131536->omNode-3-GrpcLogAppender-LogAppenderDaemon] INFO  server.GrpcLogAppender (GrpcLogAppender.java:installSnapshot(558)) - omNode-1@group-523986131536->omNode-3-GrpcLogAppender: send omNode-1->omNode-3#0-t2,notify:(t:2, i:12)
2022-01-06 14:12:32,022 [grpc-default-executor-6] WARN  server.GrpcLogAppender (LogUtils.java:warn(122)) - omNode-1@group-523986131536->omNode-3-InstallSnapshotResponseHandler: Failed InstallSnapshot: org.apache.ratis.thirdparty.io.grpc.StatusRuntimeException: UNAVAILABLE: io exception
2022-01-06 14:12:32,022 [grpc-default-executor-6] WARN  server.GrpcLogAppender (GrpcLogAppender.java:resetClient(110)) - omNode-1@group-523986131536->omNode-3-GrpcLogAppender: Leader has not got in touch with Follower omNode-1@group-523986131536->omNode-3(c-1,m0,n0, attendVote=false, lastRpcSendTime=0, lastRpcResponseTime=1482) yet, just keep nextIndex unchanged and retry.
2022-01-06 14:12:32,023 [grpc-default-executor-6] WARN  server.GrpcLogAppender (LogUtils.java:warn(122)) - omNode-1@group-523986131536->omNode-3-AppendLogResponseHandler: Failed appendEntries: org.apache.ratis.thirdparty.io.grpc.StatusRuntimeException: UNAVAILABLE: io exception
2022-01-06 14:12:32,023 [grpc-default-executor-6] WARN  server.GrpcLogAppender (GrpcLogAppender.java:resetClient(110)) - omNode-1@group-523986131536->omNode-3-GrpcLogAppender: Leader has not got in touch with Follower omNode-1@group-523986131536->omNode-3(c-1,m0,n0, attendVote=false, lastRpcSendTime=0, lastRpcResponseTime=1483) yet, just keep nextIndex unchanged and retry.
2022-01-06 14:12:32,023 [omNode-1@group-523986131536->omNode-3-GrpcLogAppender-LogAppenderDaemon] INFO  server.GrpcLogAppender (GrpcLogAppender.java:installSnapshot(550)) - omNode-1@group-523986131536->omNode-3-GrpcLogAppender: followerNextIndex = 0 but logStartIndex = -1, notify follower to install snapshot-(t:2, i:12)
2022-01-06 14:12:32,023 [omNode-1@group-523986131536->omNode-3-GrpcLogAppender-LogAppenderDaemon] INFO  server.GrpcLogAppender (GrpcLogAppender.java:installSnapshot(558)) - omNode-1@group-523986131536->omNode-3-GrpcLogAppender: send omNode-1->omNode-3#0-t2,notify:(t:2, i:12)
2022-01-06 14:12:32,024 [grpc-default-executor-2] WARN  server.GrpcLogAppender (LogUtils.java:warn(122)) - omNode-1@group-523986131536->omNode-3-InstallSnapshotResponseHandler: Failed InstallSnapshot: org.apache.ratis.thirdparty.io.grpc.StatusRuntimeException: UNAVAILABLE: io exception
2022-01-06 14:12:32,024 [grpc-default-executor-2] WARN  server.GrpcLogAppender (GrpcLogAppender.java:resetClient(110)) - omNode-1@group-523986131536->omNode-3-GrpcLogAppender: Leader has not got in touch with Follower omNode-1@group-523986131536->omNode-3(c-1,m0,n0, attendVote=false, lastRpcSendTime=0, lastRpcResponseTime=1484) yet, just keep nextIndex unchanged and retry.
2022-01-06 14:12:32,024 [grpc-default-executor-2] WARN  server.GrpcLogAppender (LogUtils.java:warn(122)) - omNode-1@group-523986131536->omNode-3-AppendLogResponseHandler: Failed appendEntries: org.apache.ratis.thirdparty.io.grpc.StatusRuntimeException: UNAVAILABLE: io exception
2022-01-06 14:12:32,024 [grpc-default-executor-2] WARN  server.GrpcLogAppender (GrpcLogAppender.java:resetClient(110)) - omNode-1@group-523986131536->omNode-3-GrpcLogAppender: Leader has not got in touch with Follower omNode-1@group-523986131536->omNode-3(c-1,m0,n0, attendVote=false, lastRpcSendTime=0, lastRpcResponseTime=1484) yet, just keep nextIndex unchanged and retry.
2022-01-06 14:12:32,025 [omNode-1@group-523986131536->omNode-3-GrpcLogAppender-LogAppenderDaemon] INFO  server.GrpcLogAppender (GrpcLogAppender.java:installSnapshot(550)) - omNode-1@group-523986131536->omNode-3-GrpcLogAppender: followerNextIndex = 0 but logStartIndex = -1, notify follower to install snapshot-(t:2, i:12)
2022-01-06 14:12:32,025 [omNode-1@group-523986131536->omNode-3-GrpcLogAppender-LogAppenderDaemon] INFO  server.GrpcLogAppender (GrpcLogAppender.java:installSnapshot(558)) - omNode-1@group-523986131536->omNode-3-GrpcLogAppender: send omNode-1->omNode-3#0-t2,notify:(t:2, i:12)
2022-01-06 14:12:32,025 [grpc-default-executor-2] WARN  server.GrpcLogAppender (LogUtils.java:warn(122)) - omNode-1@group-523986131536->omNode-3-InstallSnapshotResponseHandler: Failed InstallSnapshot: org.apache.ratis.thirdparty.io.grpc.StatusRuntimeException: UNAVAILABLE: io exception
2022-01-06 14:12:32,025 [grpc-default-executor-2] WARN  server.GrpcLogAppender (GrpcLogAppender.java:resetClient(110)) - omNode-1@group-523986131536->omNode-3-GrpcLogAppender: Leader has not got in touch with Follower omNode-1@group-523986131536->omNode-3(c-1,m0,n0, attendVote=false, lastRpcSendTime=0, lastRpcResponseTime=1484) yet, just keep nextIndex unchanged and retry.
2022-01-06 14:12:32,026 [Time-limited test] WARN  impl.MetricRegistriesImpl (MetricRegistriesImpl.java:addReporterRegistration(111)) - New reporters are added after registries were created. Some metrics will be missing from the reporter. Please add reporter before adding any new registry.
2022-01-06 14:12:32,026 [Time-limited test] WARN  impl.MetricRegistriesImpl (MetricRegistriesImpl.java:addReporterRegistration(111)) - New reporters are added after registries were created. Some metrics will be missing from the reporter. Please add reporter before adding any new registry.
2022-01-06 14:12:32,026 [Time-limited test] WARN  server.ServerUtils (ServerUtils.java:getDefaultRatisDirectory(237)) - Storage directory for Ratis is not configured. It is a good idea to map this to an SSD disk. Falling back to ozone.metadata.dirs
2022-01-06 14:12:32,028 [Time-limited test] INFO  ratis.OzoneManagerRatisServer (OzoneManagerRatisServer.java:<init>(159)) - Instantiating OM Ratis server with groupID: om-service-test1 and peers: localhost:10232, localhost:10220, localhost:10226
2022-01-06 14:12:32,028 [Time-limited test] INFO  ratis.OzoneManagerStateMachine (OzoneManagerStateMachine.java:loadSnapshotInfoFromDB(605)) - LastAppliedIndex is set from TransactionInfo from OM DB as (t:2, i:10)
2022-01-06 14:12:32,028 [omNode-1@group-523986131536->omNode-3-GrpcLogAppender-LogAppenderDaemon] INFO  server.GrpcLogAppender (GrpcLogAppender.java:installSnapshot(550)) - omNode-1@group-523986131536->omNode-3-GrpcLogAppender: followerNextIndex = 0 but logStartIndex = -1, notify follower to install snapshot-(t:2, i:12)
2022-01-06 14:12:32,028 [grpc-default-executor-2] WARN  server.GrpcLogAppender (LogUtils.java:warn(122)) - omNode-1@group-523986131536->omNode-3-AppendLogResponseHandler: Failed appendEntries: org.apache.ratis.thirdparty.io.grpc.StatusRuntimeException: UNAVAILABLE: io exception
2022-01-06 14:12:32,029 [grpc-default-executor-2] WARN  server.GrpcLogAppender (GrpcLogAppender.java:resetClient(110)) - omNode-1@group-523986131536->omNode-3-GrpcLogAppender: Leader has not got in touch with Follower omNode-1@group-523986131536->omNode-3(c-1,m0,n0, attendVote=false, lastRpcSendTime=0, lastRpcResponseTime=1488) yet, just keep nextIndex unchanged and retry.
2022-01-06 14:12:32,029 [omNode-1@group-523986131536->omNode-3-GrpcLogAppender-LogAppenderDaemon] INFO  server.GrpcLogAppender (GrpcLogAppender.java:installSnapshot(558)) - omNode-1@group-523986131536->omNode-3-GrpcLogAppender: send omNode-1->omNode-3#0-t2,notify:(t:2, i:12)
2022-01-06 14:12:32,029 [Time-limited test] INFO  server.RaftServer (ConfUtils.java:logGet(44)) - raft.rpc.type = GRPC (default)
2022-01-06 14:12:32,030 [Time-limited test] INFO  grpc.GrpcFactory (GrpcFactory.java:checkPooledByteBufAllocatorUseCacheForAllThreads(48)) - PERFORMANCE WARNING: useCacheForAllThreads is true that may cause Netty to create a lot garbage objects and, as a result, trigger GC.
	It is recommended to disable useCacheForAllThreads by setting -Dorg.apache.ratis.thirdparty.io.netty.allocator.useCacheForAllThreads=false in command line.
2022-01-06 14:12:32,030 [Time-limited test] INFO  grpc.GrpcConfigKeys (ConfUtils.java:logGet(44)) - raft.grpc.admin.port = -1 (default)
2022-01-06 14:12:32,030 [grpc-default-executor-6] WARN  server.GrpcLogAppender (LogUtils.java:warn(122)) - omNode-1@group-523986131536->omNode-3-InstallSnapshotResponseHandler: Failed InstallSnapshot: org.apache.ratis.thirdparty.io.grpc.StatusRuntimeException: UNAVAILABLE: io exception
2022-01-06 14:12:32,031 [grpc-default-executor-6] WARN  server.GrpcLogAppender (GrpcLogAppender.java:resetClient(110)) - omNode-1@group-523986131536->omNode-3-GrpcLogAppender: Leader has not got in touch with Follower omNode-1@group-523986131536->omNode-3(c-1,m0,n0, attendVote=false, lastRpcSendTime=1, lastRpcResponseTime=1490) yet, just keep nextIndex unchanged and retry.
2022-01-06 14:12:32,031 [omNode-1@group-523986131536->omNode-3-GrpcLogAppender-LogAppenderDaemon] INFO  server.GrpcLogAppender (GrpcLogAppender.java:installSnapshot(550)) - omNode-1@group-523986131536->omNode-3-GrpcLogAppender: followerNextIndex = 0 but logStartIndex = -1, notify follower to install snapshot-(t:2, i:12)
2022-01-06 14:12:32,031 [omNode-1@group-523986131536->omNode-3-GrpcLogAppender-LogAppenderDaemon] INFO  server.GrpcLogAppender (GrpcLogAppender.java:installSnapshot(558)) - omNode-1@group-523986131536->omNode-3-GrpcLogAppender: send omNode-1->omNode-3#0-t2,notify:(t:2, i:12)
2022-01-06 14:12:32,031 [Time-limited test] INFO  grpc.GrpcConfigKeys (ConfUtils.java:logGet(44)) - raft.grpc.server.port = 10232 (custom)
2022-01-06 14:12:32,032 [Time-limited test] INFO  grpc.GrpcConfigKeys (ConfUtils.java:logGet(44)) - raft.grpc.client.port = -1 (default)
2022-01-06 14:12:32,032 [grpc-default-executor-7] WARN  server.GrpcLogAppender (LogUtils.java:warn(122)) - omNode-1@group-523986131536->omNode-3-InstallSnapshotResponseHandler: Failed InstallSnapshot: org.apache.ratis.thirdparty.io.grpc.StatusRuntimeException: UNAVAILABLE: io exception
2022-01-06 14:12:32,032 [grpc-default-executor-7] WARN  server.GrpcLogAppender (GrpcLogAppender.java:resetClient(110)) - omNode-1@group-523986131536->omNode-3-GrpcLogAppender: Leader has not got in touch with Follower omNode-1@group-523986131536->omNode-3(c-1,m0,n0, attendVote=false, lastRpcSendTime=1, lastRpcResponseTime=1492) yet, just keep nextIndex unchanged and retry.
2022-01-06 14:12:32,032 [grpc-default-executor-2] WARN  server.GrpcLogAppender (LogUtils.java:warn(122)) - omNode-1@group-523986131536->omNode-3-AppendLogResponseHandler: Failed appendEntries: org.apache.ratis.thirdparty.io.grpc.StatusRuntimeException: UNAVAILABLE: io exception
2022-01-06 14:12:32,033 [grpc-default-executor-2] WARN  server.GrpcLogAppender (GrpcLogAppender.java:resetClient(110)) - omNode-1@group-523986131536->omNode-3-GrpcLogAppender: Leader has not got in touch with Follower omNode-1@group-523986131536->omNode-3(c-1,m0,n0, attendVote=false, lastRpcSendTime=1, lastRpcResponseTime=1492) yet, just keep nextIndex unchanged and retry.
2022-01-06 14:12:32,033 [omNode-1@group-523986131536->omNode-3-GrpcLogAppender-LogAppenderDaemon] INFO  server.GrpcLogAppender (GrpcLogAppender.java:installSnapshot(550)) - omNode-1@group-523986131536->omNode-3-GrpcLogAppender: followerNextIndex = 0 but logStartIndex = -1, notify follower to install snapshot-(t:2, i:12)
2022-01-06 14:12:32,033 [omNode-1@group-523986131536->omNode-3-GrpcLogAppender-LogAppenderDaemon] INFO  server.GrpcLogAppender (GrpcLogAppender.java:installSnapshot(558)) - omNode-1@group-523986131536->omNode-3-GrpcLogAppender: send omNode-1->omNode-3#0-t2,notify:(t:2, i:12)
2022-01-06 14:12:32,033 [Time-limited test] INFO  grpc.GrpcConfigKeys (ConfUtils.java:logGet(44)) - raft.grpc.server.port = 10232 (custom)
2022-01-06 14:12:32,033 [Time-limited test] INFO  grpc.GrpcConfigKeys (ConfUtils.java:logGet(44)) - raft.grpc.server.port = 10232 (custom)
2022-01-06 14:12:32,034 [Time-limited test] INFO  server.GrpcService (ConfUtils.java:logGet(44)) - raft.grpc.message.size.max = 33554432 (custom)
2022-01-06 14:12:32,034 [grpc-default-executor-6] WARN  server.GrpcLogAppender (LogUtils.java:warn(122)) - omNode-1@group-523986131536->omNode-3-InstallSnapshotResponseHandler: Failed InstallSnapshot: org.apache.ratis.thirdparty.io.grpc.StatusRuntimeException: UNAVAILABLE: io exception
2022-01-06 14:12:32,034 [grpc-default-executor-6] WARN  server.GrpcLogAppender (GrpcLogAppender.java:resetClient(110)) - omNode-1@group-523986131536->omNode-3-GrpcLogAppender: Leader has not got in touch with Follower omNode-1@group-523986131536->omNode-3(c-1,m0,n0, attendVote=false, lastRpcSendTime=1, lastRpcResponseTime=1494) yet, just keep nextIndex unchanged and retry.
2022-01-06 14:12:32,034 [grpc-default-executor-7] WARN  server.GrpcLogAppender (LogUtils.java:warn(122)) - omNode-1@group-523986131536->omNode-3-AppendLogResponseHandler: Failed appendEntries: org.apache.ratis.thirdparty.io.grpc.StatusRuntimeException: UNAVAILABLE: io exception
2022-01-06 14:12:32,035 [grpc-default-executor-7] WARN  server.GrpcLogAppender (GrpcLogAppender.java:resetClient(110)) - omNode-1@group-523986131536->omNode-3-GrpcLogAppender: Leader has not got in touch with Follower omNode-1@group-523986131536->omNode-3(c-1,m0,n0, attendVote=false, lastRpcSendTime=1, lastRpcResponseTime=1494) yet, just keep nextIndex unchanged and retry.
2022-01-06 14:12:32,035 [omNode-1@group-523986131536->omNode-3-GrpcLogAppender-LogAppenderDaemon] INFO  server.GrpcLogAppender (GrpcLogAppender.java:installSnapshot(550)) - omNode-1@group-523986131536->omNode-3-GrpcLogAppender: followerNextIndex = 0 but logStartIndex = -1, notify follower to install snapshot-(t:2, i:12)
2022-01-06 14:12:32,035 [omNode-1@group-523986131536->omNode-3-GrpcLogAppender-LogAppenderDaemon] INFO  server.GrpcLogAppender (GrpcLogAppender.java:installSnapshot(558)) - omNode-1@group-523986131536->omNode-3-GrpcLogAppender: send omNode-1->omNode-3#0-t2,notify:(t:2, i:12)
2022-01-06 14:12:32,035 [Time-limited test] INFO  server.RaftServerConfigKeys (ConfUtils.java:logGet(44)) - raft.server.log.appender.buffer.byte-limit = 33554432 (custom)
2022-01-06 14:12:32,036 [Time-limited test] INFO  server.GrpcService (ConfUtils.java:logGet(44)) - raft.grpc.flow.control.window = 1MB (=1048576) (default)
2022-01-06 14:12:32,036 [Time-limited test] INFO  server.RaftServerConfigKeys (ConfUtils.java:logGet(44)) - raft.server.rpc.request.timeout = 3000ms (default)
2022-01-06 14:12:32,036 [grpc-default-executor-2] WARN  server.GrpcLogAppender (LogUtils.java:warn(122)) - omNode-1@group-523986131536->omNode-3-InstallSnapshotResponseHandler: Failed InstallSnapshot: org.apache.ratis.thirdparty.io.grpc.StatusRuntimeException: UNAVAILABLE: io exception
2022-01-06 14:12:32,036 [grpc-default-executor-2] WARN  server.GrpcLogAppender (GrpcLogAppender.java:resetClient(110)) - omNode-1@group-523986131536->omNode-3-GrpcLogAppender: Leader has not got in touch with Follower omNode-1@group-523986131536->omNode-3(c-1,m0,n0, attendVote=false, lastRpcSendTime=1, lastRpcResponseTime=1496) yet, just keep nextIndex unchanged and retry.
2022-01-06 14:12:32,036 [grpc-default-executor-6] WARN  server.GrpcLogAppender (LogUtils.java:warn(122)) - omNode-1@group-523986131536->omNode-3-AppendLogResponseHandler: Failed appendEntries: org.apache.ratis.thirdparty.io.grpc.StatusRuntimeException: UNAVAILABLE: io exception
2022-01-06 14:12:32,037 [grpc-default-executor-6] WARN  server.GrpcLogAppender (GrpcLogAppender.java:resetClient(110)) - omNode-1@group-523986131536->omNode-3-GrpcLogAppender: Leader has not got in touch with Follower omNode-1@group-523986131536->omNode-3(c-1,m0,n0, attendVote=false, lastRpcSendTime=1, lastRpcResponseTime=1496) yet, just keep nextIndex unchanged and retry.
2022-01-06 14:12:32,037 [omNode-1@group-523986131536->omNode-3-GrpcLogAppender-LogAppenderDaemon] INFO  server.GrpcLogAppender (GrpcLogAppender.java:installSnapshot(550)) - omNode-1@group-523986131536->omNode-3-GrpcLogAppender: followerNextIndex = 0 but logStartIndex = -1, notify follower to install snapshot-(t:2, i:12)
2022-01-06 14:12:32,037 [omNode-1@group-523986131536->omNode-3-GrpcLogAppender-LogAppenderDaemon] INFO  server.GrpcLogAppender (GrpcLogAppender.java:installSnapshot(558)) - omNode-1@group-523986131536->omNode-3-GrpcLogAppender: send omNode-1->omNode-3#0-t2,notify:(t:2, i:12)
2022-01-06 14:12:32,038 [Time-limited test] INFO  impl.DataStreamServerImpl (ConfUtils.java:logGet(44)) - raft.datastream.type = DISABLED (default)
2022-01-06 14:12:32,039 [grpc-default-executor-7] WARN  server.GrpcLogAppender (LogUtils.java:warn(122)) - omNode-1@group-523986131536->omNode-3-InstallSnapshotResponseHandler: Failed InstallSnapshot: org.apache.ratis.thirdparty.io.grpc.StatusRuntimeException: UNAVAILABLE: io exception
2022-01-06 14:12:32,039 [grpc-default-executor-7] WARN  server.GrpcLogAppender (GrpcLogAppender.java:resetClient(110)) - omNode-1@group-523986131536->omNode-3-GrpcLogAppender: Leader has not got in touch with Follower omNode-1@group-523986131536->omNode-3(c-1,m0,n0, attendVote=false, lastRpcSendTime=2, lastRpcResponseTime=1499) yet, just keep nextIndex unchanged and retry.
2022-01-06 14:12:32,039 [grpc-default-executor-2] WARN  server.GrpcLogAppender (LogUtils.java:warn(122)) - omNode-1@group-523986131536->omNode-3-AppendLogResponseHandler: Failed appendEntries: org.apache.ratis.thirdparty.io.grpc.StatusRuntimeException: UNAVAILABLE: io exception
2022-01-06 14:12:32,039 [grpc-default-executor-2] WARN  server.GrpcLogAppender (GrpcLogAppender.java:resetClient(110)) - omNode-1@group-523986131536->omNode-3-GrpcLogAppender: Leader has not got in touch with Follower omNode-1@group-523986131536->omNode-3(c-1,m0,n0, attendVote=false, lastRpcSendTime=2, lastRpcResponseTime=1499) yet, just keep nextIndex unchanged and retry.
2022-01-06 14:12:32,040 [omNode-1@group-523986131536->omNode-3-GrpcLogAppender-LogAppenderDaemon] INFO  server.GrpcLogAppender (GrpcLogAppender.java:installSnapshot(550)) - omNode-1@group-523986131536->omNode-3-GrpcLogAppender: followerNextIndex = 0 but logStartIndex = -1, notify follower to install snapshot-(t:2, i:12)
2022-01-06 14:12:32,040 [omNode-1@group-523986131536->omNode-3-GrpcLogAppender-LogAppenderDaemon] INFO  server.GrpcLogAppender (GrpcLogAppender.java:installSnapshot(558)) - omNode-1@group-523986131536->omNode-3-GrpcLogAppender: send omNode-1->omNode-3#0-t2,notify:(t:2, i:12)
2022-01-06 14:12:32,040 [grpc-default-executor-7] WARN  server.GrpcLogAppender (LogUtils.java:warn(122)) - omNode-1@group-523986131536->omNode-3-AppendLogResponseHandler: Failed appendEntries: org.apache.ratis.thirdparty.io.grpc.StatusRuntimeException: UNAVAILABLE: io exception
2022-01-06 14:12:32,040 [grpc-default-executor-7] WARN  server.GrpcLogAppender (GrpcLogAppender.java:resetClient(110)) - omNode-1@group-523986131536->omNode-3-GrpcLogAppender: Leader has not got in touch with Follower omNode-1@group-523986131536->omNode-3(c-1,m0,n0, attendVote=false, lastRpcSendTime=0, lastRpcResponseTime=1500) yet, just keep nextIndex unchanged and retry.
2022-01-06 14:12:32,041 [grpc-default-executor-2] WARN  server.GrpcLogAppender (LogUtils.java:warn(122)) - omNode-1@group-523986131536->omNode-3-InstallSnapshotResponseHandler: Failed InstallSnapshot: org.apache.ratis.thirdparty.io.grpc.StatusRuntimeException: UNAVAILABLE: io exception
2022-01-06 14:12:32,041 [grpc-default-executor-2] WARN  server.GrpcLogAppender (GrpcLogAppender.java:resetClient(110)) - omNode-1@group-523986131536->omNode-3-GrpcLogAppender: Leader has not got in touch with Follower omNode-1@group-523986131536->omNode-3(c-1,m0,n0, attendVote=false, lastRpcSendTime=0, lastRpcResponseTime=1500) yet, just keep nextIndex unchanged and retry.
2022-01-06 14:12:32,041 [grpc-default-executor-2] WARN  server.GrpcLogAppender (LogUtils.java:warn(122)) - omNode-1@group-523986131536->omNode-3-AppendLogResponseHandler: Failed appendEntries: org.apache.ratis.thirdparty.io.grpc.StatusRuntimeException: UNAVAILABLE: io exception
2022-01-06 14:12:32,041 [grpc-default-executor-2] WARN  server.GrpcLogAppender (GrpcLogAppender.java:resetClient(110)) - omNode-1@group-523986131536->omNode-3-GrpcLogAppender: Leader has not got in touch with Follower omNode-1@group-523986131536->omNode-3(c-1,m0,n0, attendVote=false, lastRpcSendTime=0, lastRpcResponseTime=1500) yet, just keep nextIndex unchanged and retry.
2022-01-06 14:12:32,041 [omNode-1@group-523986131536->omNode-3-GrpcLogAppender-LogAppenderDaemon] INFO  server.GrpcLogAppender (GrpcLogAppender.java:installSnapshot(550)) - omNode-1@group-523986131536->omNode-3-GrpcLogAppender: followerNextIndex = 0 but logStartIndex = -1, notify follower to install snapshot-(t:2, i:12)
2022-01-06 14:12:32,041 [omNode-1@group-523986131536->omNode-3-GrpcLogAppender-LogAppenderDaemon] INFO  server.GrpcLogAppender (GrpcLogAppender.java:installSnapshot(558)) - omNode-1@group-523986131536->omNode-3-GrpcLogAppender: send omNode-1->omNode-3#0-t2,notify:(t:2, i:12)
2022-01-06 14:12:32,041 [grpc-default-executor-2] WARN  server.GrpcLogAppender (LogUtils.java:warn(122)) - omNode-1@group-523986131536->omNode-3-InstallSnapshotResponseHandler: Failed InstallSnapshot: org.apache.ratis.thirdparty.io.grpc.StatusRuntimeException: UNAVAILABLE: io exception
2022-01-06 14:12:32,041 [grpc-default-executor-2] WARN  server.GrpcLogAppender (GrpcLogAppender.java:resetClient(110)) - omNode-1@group-523986131536->omNode-3-GrpcLogAppender: Leader has not got in touch with Follower omNode-1@group-523986131536->omNode-3(c-1,m0,n0, attendVote=false, lastRpcSendTime=0, lastRpcResponseTime=1501) yet, just keep nextIndex unchanged and retry.
2022-01-06 14:12:32,042 [grpc-default-executor-2] WARN  server.GrpcLogAppender (LogUtils.java:warn(122)) - omNode-1@group-523986131536->omNode-3-AppendLogResponseHandler: Failed appendEntries: org.apache.ratis.thirdparty.io.grpc.StatusRuntimeException: UNAVAILABLE: io exception
2022-01-06 14:12:32,042 [grpc-default-executor-2] WARN  server.GrpcLogAppender (GrpcLogAppender.java:resetClient(110)) - omNode-1@group-523986131536->omNode-3-GrpcLogAppender: Leader has not got in touch with Follower omNode-1@group-523986131536->omNode-3(c-1,m0,n0, attendVote=false, lastRpcSendTime=0, lastRpcResponseTime=1501) yet, just keep nextIndex unchanged and retry.
2022-01-06 14:12:32,042 [omNode-1@group-523986131536->omNode-3-GrpcLogAppender-LogAppenderDaemon] INFO  server.GrpcLogAppender (GrpcLogAppender.java:installSnapshot(550)) - omNode-1@group-523986131536->omNode-3-GrpcLogAppender: followerNextIndex = 0 but logStartIndex = -1, notify follower to install snapshot-(t:2, i:12)
2022-01-06 14:12:32,042 [omNode-1@group-523986131536->omNode-3-GrpcLogAppender-LogAppenderDaemon] INFO  server.GrpcLogAppender (GrpcLogAppender.java:installSnapshot(558)) - omNode-1@group-523986131536->omNode-3-GrpcLogAppender: send omNode-1->omNode-3#0-t2,notify:(t:2, i:12)
2022-01-06 14:12:32,042 [grpc-default-executor-2] WARN  server.GrpcLogAppender (LogUtils.java:warn(122)) - omNode-1@group-523986131536->omNode-3-InstallSnapshotResponseHandler: Failed InstallSnapshot: org.apache.ratis.thirdparty.io.grpc.StatusRuntimeException: UNAVAILABLE: io exception
2022-01-06 14:12:32,042 [grpc-default-executor-2] WARN  server.GrpcLogAppender (GrpcLogAppender.java:resetClient(110)) - omNode-1@group-523986131536->omNode-3-GrpcLogAppender: Leader has not got in touch with Follower omNode-1@group-523986131536->omNode-3(c-1,m0,n0, attendVote=false, lastRpcSendTime=0, lastRpcResponseTime=1502) yet, just keep nextIndex unchanged and retry.
2022-01-06 14:12:32,043 [grpc-default-executor-2] WARN  server.GrpcLogAppender (LogUtils.java:warn(122)) - omNode-1@group-523986131536->omNode-3-AppendLogResponseHandler: Failed appendEntries: org.apache.ratis.thirdparty.io.grpc.StatusRuntimeException: UNAVAILABLE: io exception
2022-01-06 14:12:32,043 [grpc-default-executor-2] WARN  server.GrpcLogAppender (GrpcLogAppender.java:resetClient(110)) - omNode-1@group-523986131536->omNode-3-GrpcLogAppender: Leader has not got in touch with Follower omNode-1@group-523986131536->omNode-3(c-1,m0,n0, attendVote=false, lastRpcSendTime=0, lastRpcResponseTime=1502) yet, just keep nextIndex unchanged and retry.
2022-01-06 14:12:32,043 [omNode-1@group-523986131536->omNode-3-GrpcLogAppender-LogAppenderDaemon] INFO  server.GrpcLogAppender (GrpcLogAppender.java:installSnapshot(550)) - omNode-1@group-523986131536->omNode-3-GrpcLogAppender: followerNextIndex = 0 but logStartIndex = -1, notify follower to install snapshot-(t:2, i:12)
2022-01-06 14:12:32,043 [omNode-1@group-523986131536->omNode-3-GrpcLogAppender-LogAppenderDaemon] INFO  server.GrpcLogAppender (GrpcLogAppender.java:installSnapshot(558)) - omNode-1@group-523986131536->omNode-3-GrpcLogAppender: send omNode-1->omNode-3#0-t2,notify:(t:2, i:12)
2022-01-06 14:12:32,044 [Time-limited test] INFO  server.RaftServerConfigKeys (ConfUtils.java:logGet(44)) - raft.server.rpc.slowness.timeout = 2s (custom)
2022-01-06 14:12:32,044 [grpc-default-executor-7] WARN  server.GrpcLogAppender (LogUtils.java:warn(122)) - omNode-1@group-523986131536->omNode-3-InstallSnapshotResponseHandler: Failed InstallSnapshot: org.apache.ratis.thirdparty.io.grpc.StatusRuntimeException: UNAVAILABLE: io exception
2022-01-06 14:12:32,044 [grpc-default-executor-7] WARN  server.GrpcLogAppender (GrpcLogAppender.java:resetClient(110)) - omNode-1@group-523986131536->omNode-3-GrpcLogAppender: Leader has not got in touch with Follower omNode-1@group-523986131536->omNode-3(c-1,m0,n0, attendVote=false, lastRpcSendTime=1, lastRpcResponseTime=1504) yet, just keep nextIndex unchanged and retry.
2022-01-06 14:12:32,045 [omNode-1@group-523986131536->omNode-3-GrpcLogAppender-LogAppenderDaemon] INFO  server.GrpcLogAppender (GrpcLogAppender.java:installSnapshot(550)) - omNode-1@group-523986131536->omNode-3-GrpcLogAppender: followerNextIndex = 0 but logStartIndex = -1, notify follower to install snapshot-(t:2, i:12)
2022-01-06 14:12:32,045 [omNode-1@group-523986131536->omNode-3-GrpcLogAppender-LogAppenderDaemon] INFO  server.GrpcLogAppender (GrpcLogAppender.java:installSnapshot(558)) - omNode-1@group-523986131536->omNode-3-GrpcLogAppender: send omNode-1->omNode-3#0-t2,notify:(t:2, i:12)
2022-01-06 14:12:32,045 [Time-limited test] INFO  server.RaftServerConfigKeys (ConfUtils.java:logGet(44)) - raft.server.leaderelection.leader.step-down.wait-time = 10s (default)
2022-01-06 14:12:32,046 [Time-limited test] INFO  server.RaftServerConfigKeys (ConfUtils.java:logGet(44)) - raft.server.storage.dir = [/home/runner/work/ozone/ozone/hadoop-ozone/integration-test/target/test-dir/MiniOzoneClusterImpl-fc1c6399-de52-4149-9dd2-17a3712db231/omNode-3/ratis] (custom)
2022-01-06 14:12:32,046 [grpc-default-executor-6] WARN  server.GrpcLogAppender (LogUtils.java:warn(122)) - omNode-1@group-523986131536->omNode-3-InstallSnapshotResponseHandler: Failed InstallSnapshot: org.apache.ratis.thirdparty.io.grpc.StatusRuntimeException: UNAVAILABLE: io exception
2022-01-06 14:12:32,046 [grpc-default-executor-6] WARN  server.GrpcLogAppender (GrpcLogAppender.java:resetClient(110)) - omNode-1@group-523986131536->omNode-3-GrpcLogAppender: Leader has not got in touch with Follower omNode-1@group-523986131536->omNode-3(c-1,m0,n0, attendVote=false, lastRpcSendTime=1, lastRpcResponseTime=1506) yet, just keep nextIndex unchanged and retry.
2022-01-06 14:12:32,046 [grpc-default-executor-2] WARN  server.GrpcLogAppender (LogUtils.java:warn(122)) - omNode-1@group-523986131536->omNode-3-AppendLogResponseHandler: Failed appendEntries: org.apache.ratis.thirdparty.io.grpc.StatusRuntimeException: UNAVAILABLE: io exception
2022-01-06 14:12:32,047 [grpc-default-executor-2] WARN  server.GrpcLogAppender (GrpcLogAppender.java:resetClient(110)) - omNode-1@group-523986131536->omNode-3-GrpcLogAppender: Leader has not got in touch with Follower omNode-1@group-523986131536->omNode-3(c-1,m0,n0, attendVote=false, lastRpcSendTime=1, lastRpcResponseTime=1506) yet, just keep nextIndex unchanged and retry.
2022-01-06 14:12:32,047 [omNode-1@group-523986131536->omNode-3-GrpcLogAppender-LogAppenderDaemon] INFO  server.GrpcLogAppender (GrpcLogAppender.java:installSnapshot(550)) - omNode-1@group-523986131536->omNode-3-GrpcLogAppender: followerNextIndex = 0 but logStartIndex = -1, notify follower to install snapshot-(t:2, i:12)
2022-01-06 14:12:32,047 [omNode-1@group-523986131536->omNode-3-GrpcLogAppender-LogAppenderDaemon] INFO  server.GrpcLogAppender (GrpcLogAppender.java:installSnapshot(558)) - omNode-1@group-523986131536->omNode-3-GrpcLogAppender: send omNode-1->omNode-3#0-t2,notify:(t:2, i:12)
2022-01-06 14:12:32,047 [Time-limited test] INFO  server.RaftServer (RaftServerProxy.java:lambda$null$1(235)) - omNode-3: found a subdirectory /home/runner/work/ozone/ozone/hadoop-ozone/integration-test/target/test-dir/MiniOzoneClusterImpl-fc1c6399-de52-4149-9dd2-17a3712db231/omNode-3/ratis/c9bc4cf4-3bc3-3c60-a66b-523986131536
2022-01-06 14:12:32,048 [grpc-default-executor-6] WARN  server.GrpcLogAppender (LogUtils.java:warn(122)) - omNode-1@group-523986131536->omNode-3-AppendLogResponseHandler: Failed appendEntries: org.apache.ratis.thirdparty.io.grpc.StatusRuntimeException: UNAVAILABLE: io exception
2022-01-06 14:12:32,048 [grpc-default-executor-6] WARN  server.GrpcLogAppender (GrpcLogAppender.java:resetClient(110)) - omNode-1@group-523986131536->omNode-3-GrpcLogAppender: Leader has not got in touch with Follower omNode-1@group-523986131536->omNode-3(c-1,m0,n0, attendVote=false, lastRpcSendTime=1, lastRpcResponseTime=1508) yet, just keep nextIndex unchanged and retry.
2022-01-06 14:12:32,049 [grpc-default-executor-2] WARN  server.GrpcLogAppender (LogUtils.java:warn(122)) - omNode-1@group-523986131536->omNode-3-InstallSnapshotResponseHandler: Failed InstallSnapshot: org.apache.ratis.thirdparty.io.grpc.StatusRuntimeException: UNAVAILABLE: io exception
2022-01-06 14:12:32,049 [grpc-default-executor-2] WARN  server.GrpcLogAppender (GrpcLogAppender.java:resetClient(110)) - omNode-1@group-523986131536->omNode-3-GrpcLogAppender: Leader has not got in touch with Follower omNode-1@group-523986131536->omNode-3(c-1,m0,n0, attendVote=false, lastRpcSendTime=1, lastRpcResponseTime=1508) yet, just keep nextIndex unchanged and retry.
2022-01-06 14:12:32,049 [grpc-default-executor-2] WARN  server.GrpcLogAppender (LogUtils.java:warn(122)) - omNode-1@group-523986131536->omNode-3-AppendLogResponseHandler: Failed appendEntries: org.apache.ratis.thirdparty.io.grpc.StatusRuntimeException: UNAVAILABLE: io exception
2022-01-06 14:12:32,049 [grpc-default-executor-2] WARN  server.GrpcLogAppender (GrpcLogAppender.java:resetClient(110)) - omNode-1@group-523986131536->omNode-3-GrpcLogAppender: Leader has not got in touch with Follower omNode-1@group-523986131536->omNode-3(c-1,m0,n0, attendVote=false, lastRpcSendTime=1, lastRpcResponseTime=1509) yet, just keep nextIndex unchanged and retry.
2022-01-06 14:12:32,049 [omNode-1@group-523986131536->omNode-3-GrpcLogAppender-LogAppenderDaemon] INFO  server.GrpcLogAppender (GrpcLogAppender.java:installSnapshot(550)) - omNode-1@group-523986131536->omNode-3-GrpcLogAppender: followerNextIndex = 0 but logStartIndex = -1, notify follower to install snapshot-(t:2, i:12)
2022-01-06 14:12:32,049 [omNode-1@group-523986131536->omNode-3-GrpcLogAppender-LogAppenderDaemon] INFO  server.GrpcLogAppender (GrpcLogAppender.java:installSnapshot(558)) - omNode-1@group-523986131536->omNode-3-GrpcLogAppender: send omNode-1->omNode-3#0-t2,notify:(t:2, i:12)
2022-01-06 14:12:32,050 [grpc-default-executor-2] WARN  server.GrpcLogAppender (LogUtils.java:warn(122)) - omNode-1@group-523986131536->omNode-3-InstallSnapshotResponseHandler: Failed InstallSnapshot: org.apache.ratis.thirdparty.io.grpc.StatusRuntimeException: UNAVAILABLE: io exception
2022-01-06 14:12:32,050 [grpc-default-executor-2] WARN  server.GrpcLogAppender (GrpcLogAppender.java:resetClient(110)) - omNode-1@group-523986131536->omNode-3-GrpcLogAppender: Leader has not got in touch with Follower omNode-1@group-523986131536->omNode-3(c-1,m0,n0, attendVote=false, lastRpcSendTime=0, lastRpcResponseTime=1509) yet, just keep nextIndex unchanged and retry.
2022-01-06 14:12:32,050 [omNode-1@group-523986131536->omNode-3-GrpcLogAppender-LogAppenderDaemon] INFO  server.GrpcLogAppender (GrpcLogAppender.java:installSnapshot(550)) - omNode-1@group-523986131536->omNode-3-GrpcLogAppender: followerNextIndex = 0 but logStartIndex = -1, notify follower to install snapshot-(t:2, i:12)
2022-01-06 14:12:32,050 [omNode-1@group-523986131536->omNode-3-GrpcLogAppender-LogAppenderDaemon] INFO  server.GrpcLogAppender (GrpcLogAppender.java:installSnapshot(558)) - omNode-1@group-523986131536->omNode-3-GrpcLogAppender: send omNode-1->omNode-3#0-t2,notify:(t:2, i:12)
2022-01-06 14:12:32,051 [grpc-default-executor-6] WARN  server.GrpcLogAppender (LogUtils.java:warn(122)) - omNode-1@group-523986131536->omNode-3-InstallSnapshotResponseHandler: Failed InstallSnapshot: org.apache.ratis.thirdparty.io.grpc.StatusRuntimeException: UNAVAILABLE: io exception
2022-01-06 14:12:32,051 [grpc-default-executor-6] WARN  server.GrpcLogAppender (GrpcLogAppender.java:resetClient(110)) - omNode-1@group-523986131536->omNode-3-GrpcLogAppender: Leader has not got in touch with Follower omNode-1@group-523986131536->omNode-3(c-1,m0,n0, attendVote=false, lastRpcSendTime=0, lastRpcResponseTime=1510) yet, just keep nextIndex unchanged and retry.
2022-01-06 14:12:32,051 [grpc-default-executor-6] WARN  server.GrpcLogAppender (LogUtils.java:warn(122)) - omNode-1@group-523986131536->omNode-3-AppendLogResponseHandler: Failed appendEntries: org.apache.ratis.thirdparty.io.grpc.StatusRuntimeException: UNAVAILABLE: io exception
2022-01-06 14:12:32,051 [grpc-default-executor-6] WARN  server.GrpcLogAppender (GrpcLogAppender.java:resetClient(110)) - omNode-1@group-523986131536->omNode-3-GrpcLogAppender: Leader has not got in touch with Follower omNode-1@group-523986131536->omNode-3(c-1,m0,n0, attendVote=false, lastRpcSendTime=0, lastRpcResponseTime=1511) yet, just keep nextIndex unchanged and retry.
2022-01-06 14:12:32,051 [omNode-1@group-523986131536->omNode-3-GrpcLogAppender-LogAppenderDaemon] INFO  server.GrpcLogAppender (GrpcLogAppender.java:installSnapshot(550)) - omNode-1@group-523986131536->omNode-3-GrpcLogAppender: followerNextIndex = 0 but logStartIndex = -1, notify follower to install snapshot-(t:2, i:12)
2022-01-06 14:12:32,051 [omNode-1@group-523986131536->omNode-3-GrpcLogAppender-LogAppenderDaemon] INFO  server.GrpcLogAppender (GrpcLogAppender.java:installSnapshot(558)) - omNode-1@group-523986131536->omNode-3-GrpcLogAppender: send omNode-1->omNode-3#0-t2,notify:(t:2, i:12)
2022-01-06 14:12:32,052 [grpc-default-executor-6] WARN  server.GrpcLogAppender (LogUtils.java:warn(122)) - omNode-1@group-523986131536->omNode-3-AppendLogResponseHandler: Failed appendEntries: org.apache.ratis.thirdparty.io.grpc.StatusRuntimeException: UNAVAILABLE: io exception
2022-01-06 14:12:32,052 [grpc-default-executor-6] WARN  server.GrpcLogAppender (GrpcLogAppender.java:resetClient(110)) - omNode-1@group-523986131536->omNode-3-GrpcLogAppender: Leader has not got in touch with Follower omNode-1@group-523986131536->omNode-3(c-1,m0,n0, attendVote=false, lastRpcSendTime=1, lastRpcResponseTime=1512) yet, just keep nextIndex unchanged and retry.
2022-01-06 14:12:32,053 [grpc-default-executor-2] WARN  server.GrpcLogAppender (LogUtils.java:warn(122)) - omNode-1@group-523986131536->omNode-3-InstallSnapshotResponseHandler: Failed InstallSnapshot: org.apache.ratis.thirdparty.io.grpc.StatusRuntimeException: UNAVAILABLE: io exception
2022-01-06 14:12:32,053 [grpc-default-executor-2] WARN  server.GrpcLogAppender (GrpcLogAppender.java:resetClient(110)) - omNode-1@group-523986131536->omNode-3-GrpcLogAppender: Leader has not got in touch with Follower omNode-1@group-523986131536->omNode-3(c-1,m0,n0, attendVote=false, lastRpcSendTime=0, lastRpcResponseTime=1513) yet, just keep nextIndex unchanged and retry.
2022-01-06 14:12:32,054 [grpc-default-executor-2] WARN  server.GrpcLogAppender (LogUtils.java:warn(122)) - omNode-1@group-523986131536->omNode-3-AppendLogResponseHandler: Failed appendEntries: org.apache.ratis.thirdparty.io.grpc.StatusRuntimeException: UNAVAILABLE: io exception
2022-01-06 14:12:32,054 [grpc-default-executor-2] WARN  server.GrpcLogAppender (GrpcLogAppender.java:resetClient(110)) - omNode-1@group-523986131536->omNode-3-GrpcLogAppender: Leader has not got in touch with Follower omNode-1@group-523986131536->omNode-3(c-1,m0,n0, attendVote=false, lastRpcSendTime=1, lastRpcResponseTime=1513) yet, just keep nextIndex unchanged and retry.
2022-01-06 14:12:32,054 [omNode-1@group-523986131536->omNode-3-GrpcLogAppender-LogAppenderDaemon] INFO  server.GrpcLogAppender (GrpcLogAppender.java:installSnapshot(550)) - omNode-1@group-523986131536->omNode-3-GrpcLogAppender: followerNextIndex = 0 but logStartIndex = -1, notify follower to install snapshot-(t:2, i:12)
2022-01-06 14:12:32,054 [omNode-1@group-523986131536->omNode-3-GrpcLogAppender-LogAppenderDaemon] INFO  server.GrpcLogAppender (GrpcLogAppender.java:installSnapshot(558)) - omNode-1@group-523986131536->omNode-3-GrpcLogAppender: send omNode-1->omNode-3#0-t2,notify:(t:2, i:12)
2022-01-06 14:12:32,054 [grpc-default-executor-2] WARN  server.GrpcLogAppender (LogUtils.java:warn(122)) - omNode-1@group-523986131536->omNode-3-InstallSnapshotResponseHandler: Failed InstallSnapshot: org.apache.ratis.thirdparty.io.grpc.StatusRuntimeException: UNAVAILABLE: io exception
2022-01-06 14:12:32,054 [grpc-default-executor-2] WARN  server.GrpcLogAppender (GrpcLogAppender.java:resetClient(110)) - omNode-1@group-523986131536->omNode-3-GrpcLogAppender: Leader has not got in touch with Follower omNode-1@group-523986131536->omNode-3(c-1,m0,n0, attendVote=false, lastRpcSendTime=0, lastRpcResponseTime=1514) yet, just keep nextIndex unchanged and retry.
2022-01-06 14:12:32,054 [grpc-default-executor-2] WARN  server.GrpcLogAppender (LogUtils.java:warn(122)) - omNode-1@group-523986131536->omNode-3-AppendLogResponseHandler: Failed appendEntries: org.apache.ratis.thirdparty.io.grpc.StatusRuntimeException: UNAVAILABLE: io exception
2022-01-06 14:12:32,055 [grpc-default-executor-2] WARN  server.GrpcLogAppender (GrpcLogAppender.java:resetClient(110)) - omNode-1@group-523986131536->omNode-3-GrpcLogAppender: Leader has not got in touch with Follower omNode-1@group-523986131536->omNode-3(c-1,m0,n0, attendVote=false, lastRpcSendTime=0, lastRpcResponseTime=1514) yet, just keep nextIndex unchanged and retry.
2022-01-06 14:12:32,055 [omNode-1@group-523986131536->omNode-3-GrpcLogAppender-LogAppenderDaemon] INFO  server.GrpcLogAppender (GrpcLogAppender.java:installSnapshot(550)) - omNode-1@group-523986131536->omNode-3-GrpcLogAppender: followerNextIndex = 0 but logStartIndex = -1, notify follower to install snapshot-(t:2, i:12)
2022-01-06 14:12:32,055 [omNode-1@group-523986131536->omNode-3-GrpcLogAppender-LogAppenderDaemon] INFO  server.GrpcLogAppender (GrpcLogAppender.java:installSnapshot(558)) - omNode-1@group-523986131536->omNode-3-GrpcLogAppender: send omNode-1->omNode-3#0-t2,notify:(t:2, i:12)
2022-01-06 14:12:32,055 [grpc-default-executor-2] WARN  server.GrpcLogAppender (LogUtils.java:warn(122)) - omNode-1@group-523986131536->omNode-3-InstallSnapshotResponseHandler: Failed InstallSnapshot: org.apache.ratis.thirdparty.io.grpc.StatusRuntimeException: UNAVAILABLE: io exception
2022-01-06 14:12:32,055 [grpc-default-executor-2] WARN  server.GrpcLogAppender (GrpcLogAppender.java:resetClient(110)) - omNode-1@group-523986131536->omNode-3-GrpcLogAppender: Leader has not got in touch with Follower omNode-1@group-523986131536->omNode-3(c-1,m0,n0, attendVote=false, lastRpcSendTime=0, lastRpcResponseTime=1515) yet, just keep nextIndex unchanged and retry.
2022-01-06 14:12:32,055 [grpc-default-executor-2] WARN  server.GrpcLogAppender (LogUtils.java:warn(122)) - omNode-1@group-523986131536->omNode-3-AppendLogResponseHandler: Failed appendEntries: org.apache.ratis.thirdparty.io.grpc.StatusRuntimeException: UNAVAILABLE: io exception
2022-01-06 14:12:32,055 [grpc-default-executor-2] WARN  server.GrpcLogAppender (GrpcLogAppender.java:resetClient(110)) - omNode-1@group-523986131536->omNode-3-GrpcLogAppender: Leader has not got in touch with Follower omNode-1@group-523986131536->omNode-3(c-1,m0,n0, attendVote=false, lastRpcSendTime=0, lastRpcResponseTime=1515) yet, just keep nextIndex unchanged and retry.
2022-01-06 14:12:32,055 [omNode-1@group-523986131536->omNode-3-GrpcLogAppender-LogAppenderDaemon] INFO  server.GrpcLogAppender (GrpcLogAppender.java:installSnapshot(550)) - omNode-1@group-523986131536->omNode-3-GrpcLogAppender: followerNextIndex = 0 but logStartIndex = -1, notify follower to install snapshot-(t:2, i:12)
2022-01-06 14:12:32,056 [omNode-1@group-523986131536->omNode-3-GrpcLogAppender-LogAppenderDaemon] INFO  server.GrpcLogAppender (GrpcLogAppender.java:installSnapshot(558)) - omNode-1@group-523986131536->omNode-3-GrpcLogAppender: send omNode-1->omNode-3#0-t2,notify:(t:2, i:12)
2022-01-06 14:12:32,056 [grpc-default-executor-2] WARN  server.GrpcLogAppender (LogUtils.java:warn(122)) - omNode-1@group-523986131536->omNode-3-InstallSnapshotResponseHandler: Failed InstallSnapshot: org.apache.ratis.thirdparty.io.grpc.StatusRuntimeException: UNAVAILABLE: io exception
2022-01-06 14:12:32,056 [grpc-default-executor-2] WARN  server.GrpcLogAppender (GrpcLogAppender.java:resetClient(110)) - omNode-1@group-523986131536->omNode-3-GrpcLogAppender: Leader has not got in touch with Follower omNode-1@group-523986131536->omNode-3(c-1,m0,n0, attendVote=false, lastRpcSendTime=0, lastRpcResponseTime=1515) yet, just keep nextIndex unchanged and retry.
2022-01-06 14:12:32,057 [grpc-default-executor-2] WARN  server.GrpcLogAppender (LogUtils.java:warn(122)) - omNode-1@group-523986131536->omNode-3-AppendLogResponseHandler: Failed appendEntries: org.apache.ratis.thirdparty.io.grpc.StatusRuntimeException: UNAVAILABLE: io exception
2022-01-06 14:12:32,057 [grpc-default-executor-2] WARN  server.GrpcLogAppender (GrpcLogAppender.java:resetClient(110)) - omNode-1@group-523986131536->omNode-3-GrpcLogAppender: Leader has not got in touch with Follower omNode-1@group-523986131536->omNode-3(c-1,m0,n0, attendVote=false, lastRpcSendTime=1, lastRpcResponseTime=1517) yet, just keep nextIndex unchanged and retry.
2022-01-06 14:12:32,057 [omNode-1@group-523986131536->omNode-3-GrpcLogAppender-LogAppenderDaemon] INFO  server.GrpcLogAppender (GrpcLogAppender.java:installSnapshot(550)) - omNode-1@group-523986131536->omNode-3-GrpcLogAppender: followerNextIndex = 0 but logStartIndex = -1, notify follower to install snapshot-(t:2, i:12)
2022-01-06 14:12:32,058 [omNode-1@group-523986131536->omNode-3-GrpcLogAppender-LogAppenderDaemon] INFO  server.GrpcLogAppender (GrpcLogAppender.java:installSnapshot(558)) - omNode-1@group-523986131536->omNode-3-GrpcLogAppender: send omNode-1->omNode-3#0-t2,notify:(t:2, i:12)
2022-01-06 14:12:32,059 [grpc-default-executor-6] WARN  server.GrpcLogAppender (LogUtils.java:warn(122)) - omNode-1@group-523986131536->omNode-3-InstallSnapshotResponseHandler: Failed InstallSnapshot: org.apache.ratis.thirdparty.io.grpc.StatusRuntimeException: UNAVAILABLE: io exception
2022-01-06 14:12:32,059 [grpc-default-executor-6] WARN  server.GrpcLogAppender (GrpcLogAppender.java:resetClient(110)) - omNode-1@group-523986131536->omNode-3-GrpcLogAppender: Leader has not got in touch with Follower omNode-1@group-523986131536->omNode-3(c-1,m0,n0, attendVote=false, lastRpcSendTime=0, lastRpcResponseTime=1518) yet, just keep nextIndex unchanged and retry.
2022-01-06 14:12:32,059 [grpc-default-executor-6] WARN  server.GrpcLogAppender (LogUtils.java:warn(122)) - omNode-1@group-523986131536->omNode-3-AppendLogResponseHandler: Failed appendEntries: org.apache.ratis.thirdparty.io.grpc.StatusRuntimeException: UNAVAILABLE: io exception
2022-01-06 14:12:32,059 [grpc-default-executor-6] WARN  server.GrpcLogAppender (GrpcLogAppender.java:resetClient(110)) - omNode-1@group-523986131536->omNode-3-GrpcLogAppender: Leader has not got in touch with Follower omNode-1@group-523986131536->omNode-3(c-1,m0,n0, attendVote=false, lastRpcSendTime=1, lastRpcResponseTime=1519) yet, just keep nextIndex unchanged and retry.
2022-01-06 14:12:32,059 [omNode-1@group-523986131536->omNode-3-GrpcLogAppender-LogAppenderDaemon] INFO  server.GrpcLogAppender (GrpcLogAppender.java:installSnapshot(550)) - omNode-1@group-523986131536->omNode-3-GrpcLogAppender: followerNextIndex = 0 but logStartIndex = -1, notify follower to install snapshot-(t:2, i:12)
2022-01-06 14:12:32,059 [omNode-1@group-523986131536->omNode-3-GrpcLogAppender-LogAppenderDaemon] INFO  server.GrpcLogAppender (GrpcLogAppender.java:installSnapshot(558)) - omNode-1@group-523986131536->omNode-3-GrpcLogAppender: send omNode-1->omNode-3#0-t2,notify:(t:2, i:12)
2022-01-06 14:12:32,059 [grpc-default-executor-6] WARN  server.GrpcLogAppender (LogUtils.java:warn(122)) - omNode-1@group-523986131536->omNode-3-InstallSnapshotResponseHandler: Failed InstallSnapshot: org.apache.ratis.thirdparty.io.grpc.StatusRuntimeException: UNAVAILABLE: io exception
2022-01-06 14:12:32,059 [grpc-default-executor-6] WARN  server.GrpcLogAppender (GrpcLogAppender.java:resetClient(110)) - omNode-1@group-523986131536->omNode-3-GrpcLogAppender: Leader has not got in touch with Follower omNode-1@group-523986131536->omNode-3(c-1,m0,n0, attendVote=false, lastRpcSendTime=0, lastRpcResponseTime=1519) yet, just keep nextIndex unchanged and retry.
2022-01-06 14:12:32,060 [grpc-default-executor-6] WARN  server.GrpcLogAppender (LogUtils.java:warn(122)) - omNode-1@group-523986131536->omNode-3-AppendLogResponseHandler: Failed appendEntries: org.apache.ratis.thirdparty.io.grpc.StatusRuntimeException: UNAVAILABLE: io exception
2022-01-06 14:12:32,060 [grpc-default-executor-6] WARN  server.GrpcLogAppender (GrpcLogAppender.java:resetClient(110)) - omNode-1@group-523986131536->omNode-3-GrpcLogAppender: Leader has not got in touch with Follower omNode-1@group-523986131536->omNode-3(c-1,m0,n0, attendVote=false, lastRpcSendTime=0, lastRpcResponseTime=1519) yet, just keep nextIndex unchanged and retry.
2022-01-06 14:12:32,060 [omNode-1@group-523986131536->omNode-3-GrpcLogAppender-LogAppenderDaemon] INFO  server.GrpcLogAppender (GrpcLogAppender.java:installSnapshot(550)) - omNode-1@group-523986131536->omNode-3-GrpcLogAppender: followerNextIndex = 0 but logStartIndex = -1, notify follower to install snapshot-(t:2, i:12)
2022-01-06 14:12:32,060 [Time-limited test] INFO  server.RaftServer (RaftServerProxy.java:addNew(95)) - omNode-3: addNew group-523986131536:[omNode-3|rpc:localhost:10232|priority:0, omNode-1|rpc:localhost:10220|priority:0, omNode-2|rpc:localhost:10226|priority:0] returns group-523986131536:java.util.concurrent.CompletableFuture@49e6c394[Not completed]
2022-01-06 14:12:32,060 [Time-limited test] INFO  om.OzoneManager (OzoneManager.java:initializeRatisServer(1834)) - OzoneManager Ratis server initialized at port 10232
2022-01-06 14:12:32,060 [Time-limited test] INFO  ratis.OzoneManagerRatisServer (OzoneManagerRatisServer.java:start(554)) - Starting OzoneManagerRatisServer omNode-3 at port 10232
2022-01-06 14:12:32,061 [omNode-1@group-523986131536->omNode-3-GrpcLogAppender-LogAppenderDaemon] INFO  server.GrpcLogAppender (GrpcLogAppender.java:installSnapshot(558)) - omNode-1@group-523986131536->omNode-3-GrpcLogAppender: send omNode-1->omNode-3#0-t2,notify:(t:2, i:12)
2022-01-06 14:12:32,061 [grpc-default-executor-6] WARN  server.GrpcLogAppender (LogUtils.java:warn(122)) - omNode-1@group-523986131536->omNode-3-InstallSnapshotResponseHandler: Failed InstallSnapshot: org.apache.ratis.thirdparty.io.grpc.StatusRuntimeException: UNAVAILABLE: io exception
2022-01-06 14:12:32,061 [grpc-default-executor-6] WARN  server.GrpcLogAppender (GrpcLogAppender.java:resetClient(110)) - omNode-1@group-523986131536->omNode-3-GrpcLogAppender: Leader has not got in touch with Follower omNode-1@group-523986131536->omNode-3(c-1,m0,n0, attendVote=false, lastRpcSendTime=0, lastRpcResponseTime=1520) yet, just keep nextIndex unchanged and retry.
2022-01-06 14:12:32,061 [grpc-default-executor-6] WARN  server.GrpcLogAppender (LogUtils.java:warn(122)) - omNode-1@group-523986131536->omNode-3-AppendLogResponseHandler: Failed appendEntries: org.apache.ratis.thirdparty.io.grpc.StatusRuntimeException: UNAVAILABLE: io exception
2022-01-06 14:12:32,061 [grpc-default-executor-6] WARN  server.GrpcLogAppender (GrpcLogAppender.java:resetClient(110)) - omNode-1@group-523986131536->omNode-3-GrpcLogAppender: Leader has not got in touch with Follower omNode-1@group-523986131536->omNode-3(c-1,m0,n0, attendVote=false, lastRpcSendTime=0, lastRpcResponseTime=1521) yet, just keep nextIndex unchanged and retry.
2022-01-06 14:12:32,061 [omNode-1@group-523986131536->omNode-3-GrpcLogAppender-LogAppenderDaemon] INFO  server.GrpcLogAppender (GrpcLogAppender.java:installSnapshot(550)) - omNode-1@group-523986131536->omNode-3-GrpcLogAppender: followerNextIndex = 0 but logStartIndex = -1, notify follower to install snapshot-(t:2, i:12)
2022-01-06 14:12:32,061 [omNode-1@group-523986131536->omNode-3-GrpcLogAppender-LogAppenderDaemon] INFO  server.GrpcLogAppender (GrpcLogAppender.java:installSnapshot(558)) - omNode-1@group-523986131536->omNode-3-GrpcLogAppender: send omNode-1->omNode-3#0-t2,notify:(t:2, i:12)
2022-01-06 14:12:32,062 [grpc-default-executor-6] WARN  server.GrpcLogAppender (LogUtils.java:warn(122)) - omNode-1@group-523986131536->omNode-3-InstallSnapshotResponseHandler: Failed InstallSnapshot: org.apache.ratis.thirdparty.io.grpc.StatusRuntimeException: UNAVAILABLE: io exception
2022-01-06 14:12:32,062 [grpc-default-executor-6] WARN  server.GrpcLogAppender (GrpcLogAppender.java:resetClient(110)) - omNode-1@group-523986131536->omNode-3-GrpcLogAppender: Leader has not got in touch with Follower omNode-1@group-523986131536->omNode-3(c-1,m0,n0, attendVote=false, lastRpcSendTime=0, lastRpcResponseTime=1521) yet, just keep nextIndex unchanged and retry.
2022-01-06 14:12:32,062 [grpc-default-executor-6] WARN  server.GrpcLogAppender (LogUtils.java:warn(122)) - omNode-1@group-523986131536->omNode-3-AppendLogResponseHandler: Failed appendEntries: org.apache.ratis.thirdparty.io.grpc.StatusRuntimeException: UNAVAILABLE: io exception
2022-01-06 14:12:32,062 [grpc-default-executor-6] WARN  server.GrpcLogAppender (GrpcLogAppender.java:resetClient(110)) - omNode-1@group-523986131536->omNode-3-GrpcLogAppender: Leader has not got in touch with Follower omNode-1@group-523986131536->omNode-3(c-1,m0,n0, attendVote=false, lastRpcSendTime=0, lastRpcResponseTime=1522) yet, just keep nextIndex unchanged and retry.
2022-01-06 14:12:32,062 [omNode-1@group-523986131536->omNode-3-GrpcLogAppender-LogAppenderDaemon] INFO  server.GrpcLogAppender (GrpcLogAppender.java:installSnapshot(550)) - omNode-1@group-523986131536->omNode-3-GrpcLogAppender: followerNextIndex = 0 but logStartIndex = -1, notify follower to install snapshot-(t:2, i:12)
2022-01-06 14:12:32,062 [omNode-1@group-523986131536->omNode-3-GrpcLogAppender-LogAppenderDaemon] INFO  server.GrpcLogAppender (GrpcLogAppender.java:installSnapshot(558)) - omNode-1@group-523986131536->omNode-3-GrpcLogAppender: send omNode-1->omNode-3#0-t2,notify:(t:2, i:12)
2022-01-06 14:12:32,063 [grpc-default-executor-6] WARN  server.GrpcLogAppender (LogUtils.java:warn(122)) - omNode-1@group-523986131536->omNode-3-InstallSnapshotResponseHandler: Failed InstallSnapshot: org.apache.ratis.thirdparty.io.grpc.StatusRuntimeException: UNAVAILABLE: io exception
2022-01-06 14:12:32,063 [grpc-default-executor-6] WARN  server.GrpcLogAppender (GrpcLogAppender.java:resetClient(110)) - omNode-1@group-523986131536->omNode-3-GrpcLogAppender: Leader has not got in touch with Follower omNode-1@group-523986131536->omNode-3(c-1,m0,n0, attendVote=false, lastRpcSendTime=0, lastRpcResponseTime=1522) yet, just keep nextIndex unchanged and retry.
2022-01-06 14:12:32,063 [grpc-default-executor-6] WARN  server.GrpcLogAppender (LogUtils.java:warn(122)) - omNode-1@group-523986131536->omNode-3-AppendLogResponseHandler: Failed appendEntries: org.apache.ratis.thirdparty.io.grpc.StatusRuntimeException: UNAVAILABLE: io exception
2022-01-06 14:12:32,064 [grpc-default-executor-6] WARN  server.GrpcLogAppender (GrpcLogAppender.java:resetClient(110)) - omNode-1@group-523986131536->omNode-3-GrpcLogAppender: Leader has not got in touch with Follower omNode-1@group-523986131536->omNode-3(c-1,m0,n0, attendVote=false, lastRpcSendTime=0, lastRpcResponseTime=1523) yet, just keep nextIndex unchanged and retry.
2022-01-06 14:12:32,064 [omNode-1@group-523986131536->omNode-3-GrpcLogAppender-LogAppenderDaemon] INFO  server.GrpcLogAppender (GrpcLogAppender.java:installSnapshot(550)) - omNode-1@group-523986131536->omNode-3-GrpcLogAppender: followerNextIndex = 0 but logStartIndex = -1, notify follower to install snapshot-(t:2, i:12)
2022-01-06 14:12:32,064 [omNode-1@group-523986131536->omNode-3-GrpcLogAppender-LogAppenderDaemon] INFO  server.GrpcLogAppender (GrpcLogAppender.java:installSnapshot(558)) - omNode-1@group-523986131536->omNode-3-GrpcLogAppender: send omNode-1->omNode-3#0-t2,notify:(t:2, i:12)
2022-01-06 14:12:32,064 [pool-177-thread-1] INFO  server.RaftServer$Division (RaftServerImpl.java:<init>(184)) - omNode-3: new RaftServerImpl for group-523986131536:[omNode-3|rpc:localhost:10232|priority:0, omNode-1|rpc:localhost:10220|priority:0, omNode-2|rpc:localhost:10226|priority:0] with OzoneManagerStateMachine:uninitialized
2022-01-06 14:12:32,065 [pool-177-thread-1] INFO  server.RaftServerConfigKeys (ConfUtils.java:logGet(44)) - raft.server.rpc.timeout.min = 1s (custom)
2022-01-06 14:12:32,065 [pool-177-thread-1] INFO  server.RaftServerConfigKeys (ConfUtils.java:logGet(44)) - raft.server.rpc.timeout.max = 1200ms (custom)
2022-01-06 14:12:32,065 [pool-177-thread-1] INFO  server.RaftServerConfigKeys (ConfUtils.java:logGet(44)) - raft.server.rpc.sleep.time = 25ms (default)
2022-01-06 14:12:32,066 [pool-177-thread-1] INFO  server.RaftServerConfigKeys (ConfUtils.java:logGet(44)) - raft.server.rpc.slowness.timeout = 2s (custom)
2022-01-06 14:12:32,066 [pool-177-thread-1] INFO  server.RaftServerConfigKeys (ConfUtils.java:logGet(44)) - raft.server.leaderelection.leader.step-down.wait-time = 10s (default)
2022-01-06 14:12:32,066 [pool-177-thread-1] INFO  server.RaftServerConfigKeys (ConfUtils.java:logGet(44)) - raft.server.sleep.deviation.threshold = 300ms (default)
2022-01-06 14:12:32,066 [pool-177-thread-1] INFO  server.RaftServerConfigKeys (ConfUtils.java:logGet(44)) - raft.server.log.appender.install.snapshot.enabled = false (custom)
2022-01-06 14:12:32,066 [pool-177-thread-1] INFO  server.RaftServer$Division (ServerState.java:<init>(105)) - omNode-3@group-523986131536: ConfigurationManager, init=-1: [omNode-3|rpc:localhost:10232|priority:0, omNode-1|rpc:localhost:10220|priority:0, omNode-2|rpc:localhost:10226|priority:0], old=null, confs=<EMPTY_MAP>
2022-01-06 14:12:32,066 [pool-177-thread-1] INFO  server.RaftServerConfigKeys (ConfUtils.java:logGet(44)) - raft.server.storage.dir = [/home/runner/work/ozone/ozone/hadoop-ozone/integration-test/target/test-dir/MiniOzoneClusterImpl-fc1c6399-de52-4149-9dd2-17a3712db231/omNode-3/ratis] (custom)
2022-01-06 14:12:32,066 [pool-177-thread-1] INFO  server.RaftServerConfigKeys (ConfUtils.java:logGet(44)) - raft.server.log.corruption.policy = EXCEPTION (default)
2022-01-06 14:12:32,066 [pool-177-thread-1] INFO  server.RaftServerConfigKeys (ConfUtils.java:logGet(44)) - raft.server.storage.free-space.min = 0MB (=0) (default)
2022-01-06 14:12:32,067 [grpc-default-executor-2] WARN  server.GrpcLogAppender (LogUtils.java:warn(122)) - omNode-1@group-523986131536->omNode-3-InstallSnapshotResponseHandler: Failed InstallSnapshot: org.apache.ratis.thirdparty.io.grpc.StatusRuntimeException: UNAVAILABLE: io exception
2022-01-06 14:12:32,067 [grpc-default-executor-2] WARN  server.GrpcLogAppender (GrpcLogAppender.java:resetClient(110)) - omNode-1@group-523986131536->omNode-3-GrpcLogAppender: Leader has not got in touch with Follower omNode-1@group-523986131536->omNode-3(c-1,m0,n0, attendVote=false, lastRpcSendTime=3, lastRpcResponseTime=1527) yet, just keep nextIndex unchanged and retry.
2022-01-06 14:12:32,067 [pool-177-thread-1] INFO  storage.RaftStorageDirectory (RaftStorageDirectoryImpl.java:tryLock(230)) - Lock on /home/runner/work/ozone/ozone/hadoop-ozone/integration-test/target/test-dir/MiniOzoneClusterImpl-fc1c6399-de52-4149-9dd2-17a3712db231/omNode-3/ratis/c9bc4cf4-3bc3-3c60-a66b-523986131536/in_use.lock acquired by nodename 10391@fv-az297-741
2022-01-06 14:12:32,068 [pool-177-thread-1] INFO  storage.RaftStorage (RaftStorageImpl.java:analyzeAndRecoverStorage(110)) - Read RaftStorageMetadata{term=2, votedFor=omNode-1} from /home/runner/work/ozone/ozone/hadoop-ozone/integration-test/target/test-dir/MiniOzoneClusterImpl-fc1c6399-de52-4149-9dd2-17a3712db231/omNode-3/ratis/c9bc4cf4-3bc3-3c60-a66b-523986131536/current/raft-meta
2022-01-06 14:12:32,070 [grpc-default-executor-2] WARN  server.GrpcLogAppender (LogUtils.java:warn(122)) - omNode-1@group-523986131536->omNode-3-AppendLogResponseHandler: Failed appendEntries: org.apache.ratis.thirdparty.io.grpc.StatusRuntimeException: UNAVAILABLE: io exception
2022-01-06 14:12:32,070 [omNode-1@group-523986131536->omNode-3-GrpcLogAppender-LogAppenderDaemon] INFO  server.GrpcLogAppender (GrpcLogAppender.java:installSnapshot(550)) - omNode-1@group-523986131536->omNode-3-GrpcLogAppender: followerNextIndex = 0 but logStartIndex = -1, notify follower to install snapshot-(t:2, i:12)
2022-01-06 14:12:32,070 [grpc-default-executor-2] WARN  server.GrpcLogAppender (GrpcLogAppender.java:resetClient(110)) - omNode-1@group-523986131536->omNode-3-GrpcLogAppender: Leader has not got in touch with Follower omNode-1@group-523986131536->omNode-3(c-1,m0,n0, attendVote=false, lastRpcSendTime=0, lastRpcResponseTime=1530) yet, just keep nextIndex unchanged and retry.
2022-01-06 14:12:32,070 [omNode-1@group-523986131536->omNode-3-GrpcLogAppender-LogAppenderDaemon] INFO  server.GrpcLogAppender (GrpcLogAppender.java:installSnapshot(558)) - omNode-1@group-523986131536->omNode-3-GrpcLogAppender: send omNode-1->omNode-3#0-t2,notify:(t:2, i:12)
2022-01-06 14:12:32,070 [grpc-default-executor-2] WARN  server.GrpcLogAppender (LogUtils.java:warn(122)) - omNode-1@group-523986131536->omNode-3-InstallSnapshotResponseHandler: Failed InstallSnapshot: org.apache.ratis.thirdparty.io.grpc.StatusRuntimeException: UNAVAILABLE: io exception
2022-01-06 14:12:32,071 [grpc-default-executor-2] WARN  server.GrpcLogAppender (GrpcLogAppender.java:resetClient(110)) - omNode-1@group-523986131536->omNode-3-GrpcLogAppender: Leader has not got in touch with Follower omNode-1@group-523986131536->omNode-3(c-1,m0,n0, attendVote=false, lastRpcSendTime=0, lastRpcResponseTime=1530) yet, just keep nextIndex unchanged and retry.
2022-01-06 14:12:32,072 [pool-177-thread-1] INFO  server.RaftServer$Division (ServerState.java:setRaftConf(387)) - omNode-3@group-523986131536: set configuration 0: [omNode-3|rpc:localhost:10232|admin:|client:|dataStream:|priority:0, omNode-1|rpc:localhost:10220|admin:|client:|dataStream:|priority:0, omNode-2|rpc:localhost:10226|admin:|client:|dataStream:|priority:0], old=null
2022-01-06 14:12:32,072 [pool-177-thread-1] INFO  server.RaftServerConfigKeys (ConfUtils.java:logGet(44)) - raft.server.notification.no-leader.timeout = 2s (custom)
2022-01-06 14:12:32,072 [pool-177-thread-1] INFO  server.RaftServerConfigKeys (ConfUtils.java:logGet(44)) - raft.server.log.use.memory = false (default)
2022-01-06 14:12:32,072 [pool-177-thread-1] INFO  server.RaftServerConfigKeys (ConfUtils.java:logGet(44)) - raft.server.log.purge.gap = 50 (custom)
2022-01-06 14:12:32,072 [pool-177-thread-1] INFO  server.RaftServerConfigKeys (ConfUtils.java:logGet(44)) - raft.server.log.appender.buffer.byte-limit = 33554432 (custom)
2022-01-06 14:12:32,073 [pool-177-thread-1] INFO  server.RaftServerConfigKeys (ConfUtils.java:logGet(44)) - raft.server.log.segment.size.max = 4194304 (custom)
2022-01-06 14:12:32,073 [grpc-default-executor-2] WARN  server.GrpcLogAppender (LogUtils.java:warn(122)) - omNode-1@group-523986131536->omNode-3-AppendLogResponseHandler: Failed appendEntries: org.apache.ratis.thirdparty.io.grpc.StatusRuntimeException: UNAVAILABLE: io exception
2022-01-06 14:12:32,073 [grpc-default-executor-2] WARN  server.GrpcLogAppender (GrpcLogAppender.java:resetClient(110)) - omNode-1@group-523986131536->omNode-3-GrpcLogAppender: Leader has not got in touch with Follower omNode-1@group-523986131536->omNode-3(c-1,m0,n0, attendVote=false, lastRpcSendTime=2, lastRpcResponseTime=1533) yet, just keep nextIndex unchanged and retry.
2022-01-06 14:12:32,073 [omNode-1@group-523986131536->omNode-3-GrpcLogAppender-LogAppenderDaemon] INFO  server.GrpcLogAppender (GrpcLogAppender.java:installSnapshot(550)) - omNode-1@group-523986131536->omNode-3-GrpcLogAppender: followerNextIndex = 0 but logStartIndex = -1, notify follower to install snapshot-(t:2, i:12)
2022-01-06 14:12:32,074 [pool-177-thread-1] INFO  server.RaftServerConfigKeys (ConfUtils.java:logGet(44)) - raft.server.log.segment.cache.num.max = 2 (custom)
2022-01-06 14:12:32,074 [pool-177-thread-1] INFO  server.RaftServerConfigKeys (ConfUtils.java:logGet(44)) - raft.server.log.segment.cache.size.max = 200MB (=209715200) (default)
2022-01-06 14:12:32,074 [omNode-1@group-523986131536->omNode-3-GrpcLogAppender-LogAppenderDaemon] INFO  server.GrpcLogAppender (GrpcLogAppender.java:installSnapshot(558)) - omNode-1@group-523986131536->omNode-3-GrpcLogAppender: send omNode-1->omNode-3#0-t2,notify:(t:2, i:12)
2022-01-06 14:12:32,074 [pool-177-thread-1] INFO  segmented.SegmentedRaftLogWorker (SegmentedRaftLogWorker.java:<init>(182)) - new omNode-3@group-523986131536-SegmentedRaftLogWorker for RaftStorageImpl:Storage Directory /home/runner/work/ozone/ozone/hadoop-ozone/integration-test/target/test-dir/MiniOzoneClusterImpl-fc1c6399-de52-4149-9dd2-17a3712db231/omNode-3/ratis/c9bc4cf4-3bc3-3c60-a66b-523986131536
2022-01-06 14:12:32,074 [pool-177-thread-1] INFO  server.RaftServerConfigKeys (ConfUtils.java:logGet(44)) - raft.server.log.queue.byte-limit = 64MB (=67108864) (default)
2022-01-06 14:12:32,074 [pool-177-thread-1] INFO  server.RaftServerConfigKeys (ConfUtils.java:logGet(44)) - raft.server.log.queue.element-limit = 4096 (default)
2022-01-06 14:12:32,074 [pool-177-thread-1] INFO  server.RaftServerConfigKeys (ConfUtils.java:logGet(44)) - raft.server.log.segment.size.max = 4194304 (custom)
2022-01-06 14:12:32,074 [pool-177-thread-1] INFO  server.RaftServerConfigKeys (ConfUtils.java:logGet(44)) - raft.server.log.preallocated.size = 4194304 (custom)
2022-01-06 14:12:32,075 [pool-177-thread-1] INFO  server.RaftServerConfigKeys (ConfUtils.java:logGet(44)) - raft.server.log.force.sync.num = 128 (default)
2022-01-06 14:12:32,075 [pool-177-thread-1] INFO  server.RaftServerConfigKeys (ConfUtils.java:logGet(44)) - raft.server.log.statemachine.data.sync = true (default)
2022-01-06 14:12:32,075 [pool-177-thread-1] INFO  server.RaftServerConfigKeys (ConfUtils.java:logGet(44)) - raft.server.log.statemachine.data.sync.timeout = 10s (default)
2022-01-06 14:12:32,075 [pool-177-thread-1] INFO  server.RaftServerConfigKeys (ConfUtils.java:logGet(44)) - raft.server.log.statemachine.data.sync.timeout.retry = -1 (default)
2022-01-06 14:12:32,075 [pool-177-thread-1] INFO  server.RaftServerConfigKeys (ConfUtils.java:logGet(44)) - raft.server.log.write.buffer.size = 64KB (=65536) (default)
2022-01-06 14:12:32,076 [pool-177-thread-1] INFO  server.RaftServerConfigKeys (ConfUtils.java:logGet(44)) - raft.server.log.statemachine.data.caching.enabled = false (default)
2022-01-06 14:12:32,077 [grpc-default-executor-6] WARN  server.GrpcLogAppender (LogUtils.java:warn(122)) - omNode-1@group-523986131536->omNode-3-InstallSnapshotResponseHandler: Failed InstallSnapshot: org.apache.ratis.thirdparty.io.grpc.StatusRuntimeException: UNAVAILABLE: io exception
2022-01-06 14:12:32,077 [grpc-default-executor-6] WARN  server.GrpcLogAppender (GrpcLogAppender.java:resetClient(110)) - omNode-1@group-523986131536->omNode-3-GrpcLogAppender: Leader has not got in touch with Follower omNode-1@group-523986131536->omNode-3(c-1,m0,n0, attendVote=false, lastRpcSendTime=3, lastRpcResponseTime=1537) yet, just keep nextIndex unchanged and retry.
2022-01-06 14:12:32,078 [omNode-1@group-523986131536->omNode-3-GrpcLogAppender-LogAppenderDaemon] INFO  server.GrpcLogAppender (GrpcLogAppender.java:installSnapshot(550)) - omNode-1@group-523986131536->omNode-3-GrpcLogAppender: followerNextIndex = 0 but logStartIndex = -1, notify follower to install snapshot-(t:2, i:12)
2022-01-06 14:12:32,078 [omNode-1@group-523986131536->omNode-3-GrpcLogAppender-LogAppenderDaemon] INFO  server.GrpcLogAppender (GrpcLogAppender.java:installSnapshot(558)) - omNode-1@group-523986131536->omNode-3-GrpcLogAppender: send omNode-1->omNode-3#0-t2,notify:(t:2, i:12)
2022-01-06 14:12:32,080 [grpc-default-executor-2] WARN  server.GrpcLogAppender (LogUtils.java:warn(122)) - omNode-1@group-523986131536->omNode-3-AppendLogResponseHandler: Failed appendEntries: org.apache.ratis.thirdparty.io.grpc.StatusRuntimeException: UNAVAILABLE: io exception
2022-01-06 14:12:32,081 [grpc-default-executor-2] WARN  server.GrpcLogAppender (GrpcLogAppender.java:resetClient(110)) - omNode-1@group-523986131536->omNode-3-GrpcLogAppender: Leader has not got in touch with Follower omNode-1@group-523986131536->omNode-3(c-1,m0,n0, attendVote=false, lastRpcSendTime=2, lastRpcResponseTime=1540) yet, just keep nextIndex unchanged and retry.
2022-01-06 14:12:32,082 [grpc-default-executor-6] WARN  server.GrpcLogAppender (LogUtils.java:warn(122)) - omNode-1@group-523986131536->omNode-3-InstallSnapshotResponseHandler: Failed InstallSnapshot: org.apache.ratis.thirdparty.io.grpc.StatusRuntimeException: UNAVAILABLE: io exception
2022-01-06 14:12:32,082 [grpc-default-executor-6] WARN  server.GrpcLogAppender (GrpcLogAppender.java:resetClient(110)) - omNode-1@group-523986131536->omNode-3-GrpcLogAppender: Leader has not got in touch with Follower omNode-1@group-523986131536->omNode-3(c-1,m0,n0, attendVote=false, lastRpcSendTime=4, lastRpcResponseTime=1542) yet, just keep nextIndex unchanged and retry.
2022-01-06 14:12:32,083 [grpc-default-executor-6] WARN  server.GrpcLogAppender (LogUtils.java:warn(122)) - omNode-1@group-523986131536->omNode-3-AppendLogResponseHandler: Failed appendEntries: org.apache.ratis.thirdparty.io.grpc.StatusRuntimeException: UNAVAILABLE: io exception
2022-01-06 14:12:32,083 [omNode-1@group-523986131536->omNode-3-GrpcLogAppender-LogAppenderDaemon] INFO  server.GrpcLogAppender (GrpcLogAppender.java:installSnapshot(550)) - omNode-1@group-523986131536->omNode-3-GrpcLogAppender: followerNextIndex = 0 but logStartIndex = -1, notify follower to install snapshot-(t:2, i:12)
2022-01-06 14:12:32,083 [grpc-default-executor-6] WARN  server.GrpcLogAppender (GrpcLogAppender.java:resetClient(110)) - omNode-1@group-523986131536->omNode-3-GrpcLogAppender: Leader has not got in touch with Follower omNode-1@group-523986131536->omNode-3(c-1,m0,n0, attendVote=false, lastRpcSendTime=0, lastRpcResponseTime=1542) yet, just keep nextIndex unchanged and retry.
2022-01-06 14:12:32,083 [omNode-1@group-523986131536->omNode-3-GrpcLogAppender-LogAppenderDaemon] INFO  server.GrpcLogAppender (GrpcLogAppender.java:installSnapshot(558)) - omNode-1@group-523986131536->omNode-3-GrpcLogAppender: send omNode-1->omNode-3#0-t2,notify:(t:2, i:12)
2022-01-06 14:12:32,083 [grpc-default-executor-6] WARN  server.GrpcLogAppender (LogUtils.java:warn(122)) - omNode-1@group-523986131536->omNode-3-InstallSnapshotResponseHandler: Failed InstallSnapshot: org.apache.ratis.thirdparty.io.grpc.StatusRuntimeException: UNAVAILABLE: io exception
2022-01-06 14:12:32,083 [grpc-default-executor-6] WARN  server.GrpcLogAppender (GrpcLogAppender.java:resetClient(110)) - omNode-1@group-523986131536->omNode-3-GrpcLogAppender: Leader has not got in touch with Follower omNode-1@group-523986131536->omNode-3(c-1,m0,n0, attendVote=false, lastRpcSendTime=0, lastRpcResponseTime=1543) yet, just keep nextIndex unchanged and retry.
2022-01-06 14:12:32,083 [grpc-default-executor-6] WARN  server.GrpcLogAppender (LogUtils.java:warn(122)) - omNode-1@group-523986131536->omNode-3-AppendLogResponseHandler: Failed appendEntries: org.apache.ratis.thirdparty.io.grpc.StatusRuntimeException: UNAVAILABLE: io exception
2022-01-06 14:12:32,083 [omNode-1@group-523986131536->omNode-3-GrpcLogAppender-LogAppenderDaemon] INFO  server.GrpcLogAppender (GrpcLogAppender.java:installSnapshot(550)) - omNode-1@group-523986131536->omNode-3-GrpcLogAppender: followerNextIndex = 0 but logStartIndex = -1, notify follower to install snapshot-(t:2, i:12)
2022-01-06 14:12:32,083 [grpc-default-executor-6] WARN  server.GrpcLogAppender (GrpcLogAppender.java:resetClient(110)) - omNode-1@group-523986131536->omNode-3-GrpcLogAppender: Leader has not got in touch with Follower omNode-1@group-523986131536->omNode-3(c-1,m0,n0, attendVote=false, lastRpcSendTime=0, lastRpcResponseTime=1543) yet, just keep nextIndex unchanged and retry.
2022-01-06 14:12:32,083 [omNode-1@group-523986131536->omNode-3-GrpcLogAppender-LogAppenderDaemon] INFO  server.GrpcLogAppender (GrpcLogAppender.java:installSnapshot(558)) - omNode-1@group-523986131536->omNode-3-GrpcLogAppender: send omNode-1->omNode-3#0-t2,notify:(t:2, i:12)
2022-01-06 14:12:32,084 [grpc-default-executor-6] WARN  server.GrpcLogAppender (LogUtils.java:warn(122)) - omNode-1@group-523986131536->omNode-3-InstallSnapshotResponseHandler: Failed InstallSnapshot: org.apache.ratis.thirdparty.io.grpc.StatusRuntimeException: UNAVAILABLE: io exception
2022-01-06 14:12:32,084 [grpc-default-executor-6] WARN  server.GrpcLogAppender (GrpcLogAppender.java:resetClient(110)) - omNode-1@group-523986131536->omNode-3-GrpcLogAppender: Leader has not got in touch with Follower omNode-1@group-523986131536->omNode-3(c-1,m0,n0, attendVote=false, lastRpcSendTime=0, lastRpcResponseTime=1543) yet, just keep nextIndex unchanged and retry.
2022-01-06 14:12:32,084 [grpc-default-executor-6] WARN  server.GrpcLogAppender (LogUtils.java:warn(122)) - omNode-1@group-523986131536->omNode-3-AppendLogResponseHandler: Failed appendEntries: org.apache.ratis.thirdparty.io.grpc.StatusRuntimeException: UNAVAILABLE: io exception
2022-01-06 14:12:32,084 [grpc-default-executor-6] WARN  server.GrpcLogAppender (GrpcLogAppender.java:resetClient(110)) - omNode-1@group-523986131536->omNode-3-GrpcLogAppender: Leader has not got in touch with Follower omNode-1@group-523986131536->omNode-3(c-1,m0,n0, attendVote=false, lastRpcSendTime=0, lastRpcResponseTime=1544) yet, just keep nextIndex unchanged and retry.
2022-01-06 14:12:32,084 [omNode-1@group-523986131536->omNode-3-GrpcLogAppender-LogAppenderDaemon] INFO  server.GrpcLogAppender (GrpcLogAppender.java:installSnapshot(550)) - omNode-1@group-523986131536->omNode-3-GrpcLogAppender: followerNextIndex = 0 but logStartIndex = -1, notify follower to install snapshot-(t:2, i:12)
2022-01-06 14:12:32,084 [omNode-1@group-523986131536->omNode-3-GrpcLogAppender-LogAppenderDaemon] INFO  server.GrpcLogAppender (GrpcLogAppender.java:installSnapshot(558)) - omNode-1@group-523986131536->omNode-3-GrpcLogAppender: send omNode-1->omNode-3#0-t2,notify:(t:2, i:12)
2022-01-06 14:12:32,086 [grpc-default-executor-2] WARN  server.GrpcLogAppender (LogUtils.java:warn(122)) - omNode-1@group-523986131536->omNode-3-InstallSnapshotResponseHandler: Failed InstallSnapshot: org.apache.ratis.thirdparty.io.grpc.StatusRuntimeException: UNAVAILABLE: io exception
2022-01-06 14:12:32,086 [grpc-default-executor-2] WARN  server.GrpcLogAppender (GrpcLogAppender.java:resetClient(110)) - omNode-1@group-523986131536->omNode-3-GrpcLogAppender: Leader has not got in touch with Follower omNode-1@group-523986131536->omNode-3(c-1,m0,n0, attendVote=false, lastRpcSendTime=1, lastRpcResponseTime=1545) yet, just keep nextIndex unchanged and retry.
2022-01-06 14:12:32,086 [omNode-1@group-523986131536->omNode-3-GrpcLogAppender-LogAppenderDaemon] INFO  server.GrpcLogAppender (GrpcLogAppender.java:installSnapshot(550)) - omNode-1@group-523986131536->omNode-3-GrpcLogAppender: followerNextIndex = 0 but logStartIndex = -1, notify follower to install snapshot-(t:2, i:12)
2022-01-06 14:12:32,086 [omNode-1@group-523986131536->omNode-3-GrpcLogAppender-LogAppenderDaemon] INFO  server.GrpcLogAppender (GrpcLogAppender.java:installSnapshot(558)) - omNode-1@group-523986131536->omNode-3-GrpcLogAppender: send omNode-1->omNode-3#0-t2,notify:(t:2, i:12)
2022-01-06 14:12:32,086 [grpc-default-executor-6] WARN  server.GrpcLogAppender (LogUtils.java:warn(122)) - omNode-1@group-523986131536->omNode-3-InstallSnapshotResponseHandler: Failed InstallSnapshot: org.apache.ratis.thirdparty.io.grpc.StatusRuntimeException: UNAVAILABLE: io exception
2022-01-06 14:12:32,086 [grpc-default-executor-2] WARN  server.GrpcLogAppender (LogUtils.java:warn(122)) - omNode-1@group-523986131536->omNode-3-AppendLogResponseHandler: Failed appendEntries: org.apache.ratis.thirdparty.io.grpc.StatusRuntimeException: UNAVAILABLE: io exception
2022-01-06 14:12:32,086 [grpc-default-executor-6] WARN  server.GrpcLogAppender (GrpcLogAppender.java:resetClient(110)) - omNode-1@group-523986131536->omNode-3-GrpcLogAppender: Leader has not got in touch with Follower omNode-1@group-523986131536->omNode-3(c-1,m0,n0, attendVote=false, lastRpcSendTime=0, lastRpcResponseTime=1546) yet, just keep nextIndex unchanged and retry.
2022-01-06 14:12:32,087 [grpc-default-executor-2] WARN  server.GrpcLogAppender (GrpcLogAppender.java:resetClient(110)) - omNode-1@group-523986131536->omNode-3-GrpcLogAppender: Leader has not got in touch with Follower omNode-1@group-523986131536->omNode-3(c-1,m0,n0, attendVote=false, lastRpcSendTime=0, lastRpcResponseTime=1546) yet, just keep nextIndex unchanged and retry.
2022-01-06 14:12:32,087 [omNode-1@group-523986131536->omNode-3-GrpcLogAppender-LogAppenderDaemon] INFO  server.GrpcLogAppender (GrpcLogAppender.java:installSnapshot(550)) - omNode-1@group-523986131536->omNode-3-GrpcLogAppender: followerNextIndex = 0 but logStartIndex = -1, notify follower to install snapshot-(t:2, i:12)
2022-01-06 14:12:32,087 [omNode-1@group-523986131536->omNode-3-GrpcLogAppender-LogAppenderDaemon] INFO  server.GrpcLogAppender (GrpcLogAppender.java:installSnapshot(558)) - omNode-1@group-523986131536->omNode-3-GrpcLogAppender: send omNode-1->omNode-3#0-t2,notify:(t:2, i:12)
2022-01-06 14:12:32,087 [grpc-default-executor-7] WARN  server.GrpcLogAppender (LogUtils.java:warn(122)) - omNode-1@group-523986131536->omNode-3-AppendLogResponseHandler: Failed appendEntries: org.apache.ratis.thirdparty.io.grpc.StatusRuntimeException: UNAVAILABLE: io exception
2022-01-06 14:12:32,088 [grpc-default-executor-7] WARN  server.GrpcLogAppender (GrpcLogAppender.java:resetClient(110)) - omNode-1@group-523986131536->omNode-3-GrpcLogAppender: Leader has not got in touch with Follower omNode-1@group-523986131536->omNode-3(c-1,m0,n0, attendVote=false, lastRpcSendTime=0, lastRpcResponseTime=1547) yet, just keep nextIndex unchanged and retry.
2022-01-06 14:12:32,089 [grpc-default-executor-7] WARN  server.GrpcLogAppender (LogUtils.java:warn(122)) - omNode-1@group-523986131536->omNode-3-InstallSnapshotResponseHandler: Failed InstallSnapshot: org.apache.ratis.thirdparty.io.grpc.StatusRuntimeException: UNAVAILABLE: io exception
2022-01-06 14:12:32,089 [grpc-default-executor-7] WARN  server.GrpcLogAppender (GrpcLogAppender.java:resetClient(110)) - omNode-1@group-523986131536->omNode-3-GrpcLogAppender: Leader has not got in touch with Follower omNode-1@group-523986131536->omNode-3(c-1,m0,n0, attendVote=false, lastRpcSendTime=1, lastRpcResponseTime=1548) yet, just keep nextIndex unchanged and retry.
2022-01-06 14:12:32,089 [omNode-1@group-523986131536->omNode-3-GrpcLogAppender-LogAppenderDaemon] INFO  server.GrpcLogAppender (GrpcLogAppender.java:installSnapshot(550)) - omNode-1@group-523986131536->omNode-3-GrpcLogAppender: followerNextIndex = 0 but logStartIndex = -1, notify follower to install snapshot-(t:2, i:12)
2022-01-06 14:12:32,089 [omNode-1@group-523986131536->omNode-3-GrpcLogAppender-LogAppenderDaemon] INFO  server.GrpcLogAppender (GrpcLogAppender.java:installSnapshot(558)) - omNode-1@group-523986131536->omNode-3-GrpcLogAppender: send omNode-1->omNode-3#0-t2,notify:(t:2, i:12)
2022-01-06 14:12:32,092 [pool-177-thread-1] INFO  server.RaftServer$Division (ServerState.java:setRaftConf(387)) - omNode-3@group-523986131536: set configuration 0: [omNode-3|rpc:localhost:10232|admin:|client:|dataStream:|priority:0, omNode-1|rpc:localhost:10220|admin:|client:|dataStream:|priority:0, omNode-2|rpc:localhost:10226|admin:|client:|dataStream:|priority:0], old=null
2022-01-06 14:12:32,094 [grpc-default-executor-2] WARN  server.GrpcLogAppender (LogUtils.java:warn(122)) - omNode-1@group-523986131536->omNode-3-AppendLogResponseHandler: Failed appendEntries: org.apache.ratis.thirdparty.io.grpc.StatusRuntimeException: UNAVAILABLE: io exception
2022-01-06 14:12:32,095 [grpc-default-executor-2] WARN  server.GrpcLogAppender (GrpcLogAppender.java:resetClient(110)) - omNode-1@group-523986131536->omNode-3-GrpcLogAppender: Leader has not got in touch with Follower omNode-1@group-523986131536->omNode-3(c-1,m0,n0, attendVote=false, lastRpcSendTime=5, lastRpcResponseTime=1554) yet, just keep nextIndex unchanged and retry.
2022-01-06 14:12:32,095 [grpc-default-executor-7] WARN  server.GrpcLogAppender (LogUtils.java:warn(122)) - omNode-1@group-523986131536->omNode-3-InstallSnapshotResponseHandler: Failed InstallSnapshot: org.apache.ratis.thirdparty.io.grpc.StatusRuntimeException: UNAVAILABLE: io exception
2022-01-06 14:12:32,095 [grpc-default-executor-7] WARN  server.GrpcLogAppender (GrpcLogAppender.java:resetClient(110)) - omNode-1@group-523986131536->omNode-3-GrpcLogAppender: Leader has not got in touch with Follower omNode-1@group-523986131536->omNode-3(c-1,m0,n0, attendVote=false, lastRpcSendTime=5, lastRpcResponseTime=1555) yet, just keep nextIndex unchanged and retry.
2022-01-06 14:12:32,095 [pool-177-thread-1] INFO  segmented.LogSegment (LogSegment.java:loadSegment(173)) - Successfully read 12 entries from segment file /home/runner/work/ozone/ozone/hadoop-ozone/integration-test/target/test-dir/MiniOzoneClusterImpl-fc1c6399-de52-4149-9dd2-17a3712db231/omNode-3/ratis/c9bc4cf4-3bc3-3c60-a66b-523986131536/current/log_inprogress_0
2022-01-06 14:12:32,095 [omNode-1@group-523986131536->omNode-3-GrpcLogAppender-LogAppenderDaemon] INFO  server.GrpcLogAppender (GrpcLogAppender.java:installSnapshot(550)) - omNode-1@group-523986131536->omNode-3-GrpcLogAppender: followerNextIndex = 0 but logStartIndex = -1, notify follower to install snapshot-(t:2, i:12)
2022-01-06 14:12:32,096 [omNode-1@group-523986131536->omNode-3-GrpcLogAppender-LogAppenderDaemon] INFO  server.GrpcLogAppender (GrpcLogAppender.java:installSnapshot(558)) - omNode-1@group-523986131536->omNode-3-GrpcLogAppender: send omNode-1->omNode-3#0-t2,notify:(t:2, i:12)
2022-01-06 14:12:32,096 [grpc-default-executor-2] WARN  server.GrpcLogAppender (LogUtils.java:warn(122)) - omNode-1@group-523986131536->omNode-3-AppendLogResponseHandler: Failed appendEntries: org.apache.ratis.thirdparty.io.grpc.StatusRuntimeException: UNAVAILABLE: io exception
2022-01-06 14:12:32,096 [grpc-default-executor-2] WARN  server.GrpcLogAppender (GrpcLogAppender.java:resetClient(110)) - omNode-1@group-523986131536->omNode-3-GrpcLogAppender: Leader has not got in touch with Follower omNode-1@group-523986131536->omNode-3(c-1,m0,n0, attendVote=false, lastRpcSendTime=0, lastRpcResponseTime=1556) yet, just keep nextIndex unchanged and retry.
2022-01-06 14:12:32,096 [grpc-default-executor-7] WARN  server.GrpcLogAppender (LogUtils.java:warn(122)) - omNode-1@group-523986131536->omNode-3-InstallSnapshotResponseHandler: Failed InstallSnapshot: org.apache.ratis.thirdparty.io.grpc.StatusRuntimeException: UNAVAILABLE: io exception
2022-01-06 14:12:32,096 [grpc-default-executor-7] WARN  server.GrpcLogAppender (GrpcLogAppender.java:resetClient(110)) - omNode-1@group-523986131536->omNode-3-GrpcLogAppender: Leader has not got in touch with Follower omNode-1@group-523986131536->omNode-3(c-1,m0,n0, attendVote=false, lastRpcSendTime=0, lastRpcResponseTime=1556) yet, just keep nextIndex unchanged and retry.
2022-01-06 14:12:32,097 [omNode-1@group-523986131536->omNode-3-GrpcLogAppender-LogAppenderDaemon] INFO  server.GrpcLogAppender (GrpcLogAppender.java:installSnapshot(550)) - omNode-1@group-523986131536->omNode-3-GrpcLogAppender: followerNextIndex = 0 but logStartIndex = -1, notify follower to install snapshot-(t:2, i:12)
2022-01-06 14:12:32,097 [omNode-1@group-523986131536->omNode-3-GrpcLogAppender-LogAppenderDaemon] INFO  server.GrpcLogAppender (GrpcLogAppender.java:installSnapshot(558)) - omNode-1@group-523986131536->omNode-3-GrpcLogAppender: send omNode-1->omNode-3#0-t2,notify:(t:2, i:12)
2022-01-06 14:12:32,097 [grpc-default-executor-7] WARN  server.GrpcLogAppender (LogUtils.java:warn(122)) - omNode-1@group-523986131536->omNode-3-AppendLogResponseHandler: Failed appendEntries: org.apache.ratis.thirdparty.io.grpc.StatusRuntimeException: UNAVAILABLE: io exception
2022-01-06 14:12:32,097 [grpc-default-executor-7] WARN  server.GrpcLogAppender (GrpcLogAppender.java:resetClient(110)) - omNode-1@group-523986131536->omNode-3-GrpcLogAppender: Leader has not got in touch with Follower omNode-1@group-523986131536->omNode-3(c-1,m0,n0, attendVote=false, lastRpcSendTime=0, lastRpcResponseTime=1556) yet, just keep nextIndex unchanged and retry.
2022-01-06 14:12:32,097 [grpc-default-executor-2] WARN  server.GrpcLogAppender (LogUtils.java:warn(122)) - omNode-1@group-523986131536->omNode-3-InstallSnapshotResponseHandler: Failed InstallSnapshot: org.apache.ratis.thirdparty.io.grpc.StatusRuntimeException: UNAVAILABLE: io exception
2022-01-06 14:12:32,097 [grpc-default-executor-2] WARN  server.GrpcLogAppender (GrpcLogAppender.java:resetClient(110)) - omNode-1@group-523986131536->omNode-3-GrpcLogAppender: Leader has not got in touch with Follower omNode-1@group-523986131536->omNode-3(c-1,m0,n0, attendVote=false, lastRpcSendTime=0, lastRpcResponseTime=1557) yet, just keep nextIndex unchanged and retry.
2022-01-06 14:12:32,097 [pool-177-thread-1] INFO  segmented.SegmentedRaftLogWorker (SegmentedRaftLogWorker.java:lambda$new$0(133)) - omNode-3@group-523986131536-SegmentedRaftLogWorker: flushIndex: setUnconditionally 0 -> 11
2022-01-06 14:12:32,098 [pool-177-thread-1] INFO  segmented.SegmentedRaftLogWorker (SegmentedRaftLogWorker.java:lambda$new$0(133)) - omNode-3@group-523986131536-SegmentedRaftLogWorker: safeCacheEvictIndex: setUnconditionally 0 -> -1
2022-01-06 14:12:32,097 [grpc-default-executor-2] WARN  server.GrpcLogAppender (LogUtils.java:warn(122)) - omNode-1@group-523986131536->omNode-3-AppendLogResponseHandler: Failed appendEntries: org.apache.ratis.thirdparty.io.grpc.StatusRuntimeException: UNAVAILABLE: io exception
2022-01-06 14:12:32,098 [grpc-default-executor-2] WARN  server.GrpcLogAppender (GrpcLogAppender.java:resetClient(110)) - omNode-1@group-523986131536->omNode-3-GrpcLogAppender: Leader has not got in touch with Follower omNode-1@group-523986131536->omNode-3(c-1,m0,n0, attendVote=false, lastRpcSendTime=0, lastRpcResponseTime=1557) yet, just keep nextIndex unchanged and retry.
2022-01-06 14:12:32,097 [omNode-1@group-523986131536->omNode-3-GrpcLogAppender-LogAppenderDaemon] INFO  server.GrpcLogAppender (GrpcLogAppender.java:installSnapshot(550)) - omNode-1@group-523986131536->omNode-3-GrpcLogAppender: followerNextIndex = 0 but logStartIndex = -1, notify follower to install snapshot-(t:2, i:12)
2022-01-06 14:12:32,098 [omNode-1@group-523986131536->omNode-3-GrpcLogAppender-LogAppenderDaemon] INFO  server.GrpcLogAppender (GrpcLogAppender.java:installSnapshot(558)) - omNode-1@group-523986131536->omNode-3-GrpcLogAppender: send omNode-1->omNode-3#0-t2,notify:(t:2, i:12)
2022-01-06 14:12:32,098 [grpc-default-executor-2] WARN  server.GrpcLogAppender (LogUtils.java:warn(122)) - omNode-1@group-523986131536->omNode-3-InstallSnapshotResponseHandler: Failed InstallSnapshot: org.apache.ratis.thirdparty.io.grpc.StatusRuntimeException: UNAVAILABLE: io exception
2022-01-06 14:12:32,098 [grpc-default-executor-2] WARN  server.GrpcLogAppender (GrpcLogAppender.java:resetClient(110)) - omNode-1@group-523986131536->omNode-3-GrpcLogAppender: Leader has not got in touch with Follower omNode-1@group-523986131536->omNode-3(c-1,m0,n0, attendVote=false, lastRpcSendTime=0, lastRpcResponseTime=1558) yet, just keep nextIndex unchanged and retry.
2022-01-06 14:12:32,098 [omNode-1@group-523986131536->omNode-3-GrpcLogAppender-LogAppenderDaemon] INFO  server.GrpcLogAppender (GrpcLogAppender.java:installSnapshot(550)) - omNode-1@group-523986131536->omNode-3-GrpcLogAppender: followerNextIndex = 0 but logStartIndex = -1, notify follower to install snapshot-(t:2, i:12)
2022-01-06 14:12:32,098 [omNode-1@group-523986131536->omNode-3-GrpcLogAppender-LogAppenderDaemon] INFO  server.GrpcLogAppender (GrpcLogAppender.java:installSnapshot(558)) - omNode-1@group-523986131536->omNode-3-GrpcLogAppender: send omNode-1->omNode-3#0-t2,notify:(t:2, i:12)
2022-01-06 14:12:32,099 [grpc-default-executor-7] WARN  server.GrpcLogAppender (LogUtils.java:warn(122)) - omNode-1@group-523986131536->omNode-3-InstallSnapshotResponseHandler: Failed InstallSnapshot: org.apache.ratis.thirdparty.io.grpc.StatusRuntimeException: UNAVAILABLE: io exception
2022-01-06 14:12:32,099 [grpc-default-executor-7] WARN  server.GrpcLogAppender (GrpcLogAppender.java:resetClient(110)) - omNode-1@group-523986131536->omNode-3-GrpcLogAppender: Leader has not got in touch with Follower omNode-1@group-523986131536->omNode-3(c-1,m0,n0, attendVote=false, lastRpcSendTime=0, lastRpcResponseTime=1558) yet, just keep nextIndex unchanged and retry.
2022-01-06 14:12:32,099 [grpc-default-executor-2] WARN  server.GrpcLogAppender (LogUtils.java:warn(122)) - omNode-1@group-523986131536->omNode-3-AppendLogResponseHandler: Failed appendEntries: org.apache.ratis.thirdparty.io.grpc.StatusRuntimeException: UNAVAILABLE: io exception
2022-01-06 14:12:32,099 [grpc-default-executor-2] WARN  server.GrpcLogAppender (GrpcLogAppender.java:resetClient(110)) - omNode-1@group-523986131536->omNode-3-GrpcLogAppender: Leader has not got in touch with Follower omNode-1@group-523986131536->omNode-3(c-1,m0,n0, attendVote=false, lastRpcSendTime=0, lastRpcResponseTime=1558) yet, just keep nextIndex unchanged and retry.
2022-01-06 14:12:32,099 [omNode-1@group-523986131536->omNode-3-GrpcLogAppender-LogAppenderDaemon] INFO  server.GrpcLogAppender (GrpcLogAppender.java:installSnapshot(550)) - omNode-1@group-523986131536->omNode-3-GrpcLogAppender: followerNextIndex = 0 but logStartIndex = -1, notify follower to install snapshot-(t:2, i:12)
2022-01-06 14:12:32,099 [omNode-1@group-523986131536->omNode-3-GrpcLogAppender-LogAppenderDaemon] INFO  server.GrpcLogAppender (GrpcLogAppender.java:installSnapshot(558)) - omNode-1@group-523986131536->omNode-3-GrpcLogAppender: send omNode-1->omNode-3#0-t2,notify:(t:2, i:12)
2022-01-06 14:12:32,099 [grpc-default-executor-2] WARN  server.GrpcLogAppender (LogUtils.java:warn(122)) - omNode-1@group-523986131536->omNode-3-AppendLogResponseHandler: Failed appendEntries: org.apache.ratis.thirdparty.io.grpc.StatusRuntimeException: UNAVAILABLE: io exception
2022-01-06 14:12:32,099 [grpc-default-executor-2] WARN  server.GrpcLogAppender (GrpcLogAppender.java:resetClient(110)) - omNode-1@group-523986131536->omNode-3-GrpcLogAppender: Leader has not got in touch with Follower omNode-1@group-523986131536->omNode-3(c-1,m0,n0, attendVote=false, lastRpcSendTime=0, lastRpcResponseTime=1559) yet, just keep nextIndex unchanged and retry.
2022-01-06 14:12:32,100 [grpc-default-executor-7] WARN  server.GrpcLogAppender (LogUtils.java:warn(122)) - omNode-1@group-523986131536->omNode-3-InstallSnapshotResponseHandler: Failed InstallSnapshot: org.apache.ratis.thirdparty.io.grpc.StatusRuntimeException: UNAVAILABLE: io exception
2022-01-06 14:12:32,100 [grpc-default-executor-7] WARN  server.GrpcLogAppender (GrpcLogAppender.java:resetClient(110)) - omNode-1@group-523986131536->omNode-3-GrpcLogAppender: Leader has not got in touch with Follower omNode-1@group-523986131536->omNode-3(c-1,m0,n0, attendVote=false, lastRpcSendTime=1, lastRpcResponseTime=1560) yet, just keep nextIndex unchanged and retry.
2022-01-06 14:12:32,101 [omNode-1@group-523986131536->omNode-3-GrpcLogAppender-LogAppenderDaemon] INFO  server.GrpcLogAppender (GrpcLogAppender.java:installSnapshot(550)) - omNode-1@group-523986131536->omNode-3-GrpcLogAppender: followerNextIndex = 0 but logStartIndex = -1, notify follower to install snapshot-(t:2, i:12)
2022-01-06 14:12:32,101 [omNode-1@group-523986131536->omNode-3-GrpcLogAppender-LogAppenderDaemon] INFO  server.GrpcLogAppender (GrpcLogAppender.java:installSnapshot(558)) - omNode-1@group-523986131536->omNode-3-GrpcLogAppender: send omNode-1->omNode-3#0-t2,notify:(t:2, i:12)
2022-01-06 14:12:32,101 [pool-177-thread-1] INFO  raftlog.RaftLog (RaftLogBase.java:lambda$new$0(53)) - omNode-3@group-523986131536-SegmentedRaftLog: commitIndex: updateToMax old=10, new=9, updated? false
2022-01-06 14:12:32,101 [pool-177-thread-1] INFO  server.RaftServerConfigKeys (ConfUtils.java:logGet(44)) - raft.server.snapshot.auto.trigger.enabled = true (custom)
2022-01-06 14:12:32,101 [pool-177-thread-1] INFO  server.RaftServerConfigKeys (ConfUtils.java:logGet(44)) - raft.server.snapshot.auto.trigger.threshold = 50 (custom)
2022-01-06 14:12:32,101 [pool-177-thread-1] INFO  server.RaftServerConfigKeys (ConfUtils.java:logGet(44)) - raft.server.snapshot.retention.file.num = -1 (default)
2022-01-06 14:12:32,101 [pool-177-thread-1] INFO  server.RaftServerConfigKeys (ConfUtils.java:logGet(44)) - raft.server.log.purge.upto.snapshot.index = true (custom)
2022-01-06 14:12:32,101 [grpc-default-executor-6] WARN  server.GrpcLogAppender (LogUtils.java:warn(122)) - omNode-1@group-523986131536->omNode-3-InstallSnapshotResponseHandler: Failed InstallSnapshot: org.apache.ratis.thirdparty.io.grpc.StatusRuntimeException: UNAVAILABLE: io exception
2022-01-06 14:12:32,101 [pool-177-thread-1] INFO  server.RaftServerConfigKeys (ConfUtils.java:logGet(44)) - raft.server.retrycache.expirytime = 30000ms (custom)
2022-01-06 14:12:32,101 [pool-177-thread-1] INFO  server.RaftServerConfigKeys (ConfUtils.java:logGet(44)) - raft.server.retrycache.statistics.expirytime = 100μs (default)
2022-01-06 14:12:32,102 [grpc-default-executor-6] WARN  server.GrpcLogAppender (GrpcLogAppender.java:resetClient(110)) - omNode-1@group-523986131536->omNode-3-GrpcLogAppender: Leader has not got in touch with Follower omNode-1@group-523986131536->omNode-3(c-1,m0,n0, attendVote=false, lastRpcSendTime=0, lastRpcResponseTime=1561) yet, just keep nextIndex unchanged and retry.
2022-01-06 14:12:32,102 [grpc-default-executor-2] WARN  server.GrpcLogAppender (LogUtils.java:warn(122)) - omNode-1@group-523986131536->omNode-3-AppendLogResponseHandler: Failed appendEntries: org.apache.ratis.thirdparty.io.grpc.StatusRuntimeException: UNAVAILABLE: io exception
2022-01-06 14:12:32,102 [grpc-default-executor-2] WARN  server.GrpcLogAppender (GrpcLogAppender.java:resetClient(110)) - omNode-1@group-523986131536->omNode-3-GrpcLogAppender: Leader has not got in touch with Follower omNode-1@group-523986131536->omNode-3(c-1,m0,n0, attendVote=false, lastRpcSendTime=1, lastRpcResponseTime=1561) yet, just keep nextIndex unchanged and retry.
2022-01-06 14:12:32,102 [omNode-1@group-523986131536->omNode-3-GrpcLogAppender-LogAppenderDaemon] INFO  server.GrpcLogAppender (GrpcLogAppender.java:installSnapshot(550)) - omNode-1@group-523986131536->omNode-3-GrpcLogAppender: followerNextIndex = 0 but logStartIndex = -1, notify follower to install snapshot-(t:2, i:12)
2022-01-06 14:12:32,102 [omNode-1@group-523986131536->omNode-3-GrpcLogAppender-LogAppenderDaemon] INFO  server.GrpcLogAppender (GrpcLogAppender.java:installSnapshot(558)) - omNode-1@group-523986131536->omNode-3-GrpcLogAppender: send omNode-1->omNode-3#0-t2,notify:(t:2, i:12)
2022-01-06 14:12:32,103 [grpc-default-executor-7] WARN  server.GrpcLogAppender (LogUtils.java:warn(122)) - omNode-1@group-523986131536->omNode-3-AppendLogResponseHandler: Failed appendEntries: org.apache.ratis.thirdparty.io.grpc.StatusRuntimeException: UNAVAILABLE: io exception
2022-01-06 14:12:32,103 [grpc-default-executor-7] WARN  server.GrpcLogAppender (GrpcLogAppender.java:resetClient(110)) - omNode-1@group-523986131536->omNode-3-GrpcLogAppender: Leader has not got in touch with Follower omNode-1@group-523986131536->omNode-3(c-1,m0,n0, attendVote=false, lastRpcSendTime=0, lastRpcResponseTime=1563) yet, just keep nextIndex unchanged and retry.
2022-01-06 14:12:32,103 [grpc-default-executor-7] WARN  server.GrpcLogAppender (LogUtils.java:warn(122)) - omNode-1@group-523986131536->omNode-3-InstallSnapshotResponseHandler: Failed InstallSnapshot: org.apache.ratis.thirdparty.io.grpc.StatusRuntimeException: UNAVAILABLE: io exception
2022-01-06 14:12:32,103 [grpc-default-executor-7] WARN  server.GrpcLogAppender (GrpcLogAppender.java:resetClient(110)) - omNode-1@group-523986131536->omNode-3-GrpcLogAppender: Leader has not got in touch with Follower omNode-1@group-523986131536->omNode-3(c-1,m0,n0, attendVote=false, lastRpcSendTime=1, lastRpcResponseTime=1563) yet, just keep nextIndex unchanged and retry.
2022-01-06 14:12:32,104 [omNode-1@group-523986131536->omNode-3-GrpcLogAppender-LogAppenderDaemon] INFO  server.GrpcLogAppender (GrpcLogAppender.java:installSnapshot(550)) - omNode-1@group-523986131536->omNode-3-GrpcLogAppender: followerNextIndex = 0 but logStartIndex = -1, notify follower to install snapshot-(t:2, i:12)
2022-01-06 14:12:32,104 [omNode-1@group-523986131536->omNode-3-GrpcLogAppender-LogAppenderDaemon] INFO  server.GrpcLogAppender (GrpcLogAppender.java:installSnapshot(558)) - omNode-1@group-523986131536->omNode-3-GrpcLogAppender: send omNode-1->omNode-3#0-t2,notify:(t:2, i:12)
2022-01-06 14:12:32,104 [grpc-default-executor-2] WARN  server.GrpcLogAppender (LogUtils.java:warn(122)) - omNode-1@group-523986131536->omNode-3-InstallSnapshotResponseHandler: Failed InstallSnapshot: org.apache.ratis.thirdparty.io.grpc.StatusRuntimeException: UNAVAILABLE: io exception
2022-01-06 14:12:32,105 [grpc-default-executor-2] WARN  server.GrpcLogAppender (GrpcLogAppender.java:resetClient(110)) - omNode-1@group-523986131536->omNode-3-GrpcLogAppender: Leader has not got in touch with Follower omNode-1@group-523986131536->omNode-3(c-1,m0,n0, attendVote=false, lastRpcSendTime=0, lastRpcResponseTime=1564) yet, just keep nextIndex unchanged and retry.
2022-01-06 14:12:32,105 [Time-limited test] INFO  server.RaftServer$Division (RaftServerImpl.java:start(301)) - omNode-3@group-523986131536: start as a follower, conf=0: [omNode-3|rpc:localhost:10232|admin:|client:|dataStream:|priority:0, omNode-1|rpc:localhost:10220|admin:|client:|dataStream:|priority:0, omNode-2|rpc:localhost:10226|admin:|client:|dataStream:|priority:0], old=null
2022-01-06 14:12:32,105 [Time-limited test] INFO  server.RaftServer$Division (RaftServerImpl.java:setRole(290)) - omNode-3@group-523986131536: changes role from      null to FOLLOWER at term 2 for startAsFollower
2022-01-06 14:12:32,105 [Time-limited test] INFO  impl.RoleInfo (RoleInfo.java:updateAndGet(130)) - omNode-3: start omNode-3@group-523986131536-FollowerState
2022-01-06 14:12:32,105 [grpc-default-executor-2] WARN  server.GrpcLogAppender (LogUtils.java:warn(122)) - omNode-1@group-523986131536->omNode-3-AppendLogResponseHandler: Failed appendEntries: org.apache.ratis.thirdparty.io.grpc.StatusRuntimeException: UNAVAILABLE: io exception
2022-01-06 14:12:32,105 [grpc-default-executor-2] WARN  server.GrpcLogAppender (GrpcLogAppender.java:resetClient(110)) - omNode-1@group-523986131536->omNode-3-GrpcLogAppender: Leader has not got in touch with Follower omNode-1@group-523986131536->omNode-3(c-1,m0,n0, attendVote=false, lastRpcSendTime=1, lastRpcResponseTime=1565) yet, just keep nextIndex unchanged and retry.
2022-01-06 14:12:32,106 [omNode-1@group-523986131536->omNode-3-GrpcLogAppender-LogAppenderDaemon] INFO  server.GrpcLogAppender (GrpcLogAppender.java:installSnapshot(550)) - omNode-1@group-523986131536->omNode-3-GrpcLogAppender: followerNextIndex = 0 but logStartIndex = -1, notify follower to install snapshot-(t:2, i:12)
2022-01-06 14:12:32,106 [omNode-1@group-523986131536->omNode-3-GrpcLogAppender-LogAppenderDaemon] INFO  server.GrpcLogAppender (GrpcLogAppender.java:installSnapshot(558)) - omNode-1@group-523986131536->omNode-3-GrpcLogAppender: send omNode-1->omNode-3#0-t2,notify:(t:2, i:12)
2022-01-06 14:12:32,106 [grpc-default-executor-6] WARN  server.GrpcLogAppender (LogUtils.java:warn(122)) - omNode-1@group-523986131536->omNode-3-InstallSnapshotResponseHandler: Failed InstallSnapshot: org.apache.ratis.thirdparty.io.grpc.StatusRuntimeException: UNAVAILABLE: io exception
2022-01-06 14:12:32,107 [grpc-default-executor-6] WARN  server.GrpcLogAppender (GrpcLogAppender.java:resetClient(110)) - omNode-1@group-523986131536->omNode-3-GrpcLogAppender: Leader has not got in touch with Follower omNode-1@group-523986131536->omNode-3(c-1,m0,n0, attendVote=false, lastRpcSendTime=0, lastRpcResponseTime=1566) yet, just keep nextIndex unchanged and retry.
2022-01-06 14:12:32,107 [grpc-default-executor-6] WARN  server.GrpcLogAppender (LogUtils.java:warn(122)) - omNode-1@group-523986131536->omNode-3-AppendLogResponseHandler: Failed appendEntries: org.apache.ratis.thirdparty.io.grpc.StatusRuntimeException: UNAVAILABLE: io exception
2022-01-06 14:12:32,107 [grpc-default-executor-6] WARN  server.GrpcLogAppender (GrpcLogAppender.java:resetClient(110)) - omNode-1@group-523986131536->omNode-3-GrpcLogAppender: Leader has not got in touch with Follower omNode-1@group-523986131536->omNode-3(c-1,m0,n0, attendVote=false, lastRpcSendTime=1, lastRpcResponseTime=1566) yet, just keep nextIndex unchanged and retry.
2022-01-06 14:12:32,107 [omNode-1@group-523986131536->omNode-3-GrpcLogAppender-LogAppenderDaemon] INFO  server.GrpcLogAppender (GrpcLogAppender.java:installSnapshot(550)) - omNode-1@group-523986131536->omNode-3-GrpcLogAppender: followerNextIndex = 0 but logStartIndex = -1, notify follower to install snapshot-(t:2, i:12)
2022-01-06 14:12:32,107 [omNode-1@group-523986131536->omNode-3-GrpcLogAppender-LogAppenderDaemon] INFO  server.GrpcLogAppender (GrpcLogAppender.java:installSnapshot(558)) - omNode-1@group-523986131536->omNode-3-GrpcLogAppender: send omNode-1->omNode-3#0-t2,notify:(t:2, i:12)
2022-01-06 14:12:32,108 [grpc-default-executor-7] WARN  server.GrpcLogAppender (LogUtils.java:warn(122)) - omNode-1@group-523986131536->omNode-3-InstallSnapshotResponseHandler: Failed InstallSnapshot: org.apache.ratis.thirdparty.io.grpc.StatusRuntimeException: UNAVAILABLE: io exception
2022-01-06 14:12:32,108 [grpc-default-executor-7] WARN  server.GrpcLogAppender (GrpcLogAppender.java:resetClient(110)) - omNode-1@group-523986131536->omNode-3-GrpcLogAppender: Leader has not got in touch with Follower omNode-1@group-523986131536->omNode-3(c-1,m0,n0, attendVote=false, lastRpcSendTime=0, lastRpcResponseTime=1568) yet, just keep nextIndex unchanged and retry.
2022-01-06 14:12:32,108 [grpc-default-executor-2] WARN  server.GrpcLogAppender (LogUtils.java:warn(122)) - omNode-1@group-523986131536->omNode-3-AppendLogResponseHandler: Failed appendEntries: org.apache.ratis.thirdparty.io.grpc.StatusRuntimeException: UNAVAILABLE: io exception
2022-01-06 14:12:32,108 [grpc-default-executor-2] WARN  server.GrpcLogAppender (GrpcLogAppender.java:resetClient(110)) - omNode-1@group-523986131536->omNode-3-GrpcLogAppender: Leader has not got in touch with Follower omNode-1@group-523986131536->omNode-3(c-1,m0,n0, attendVote=false, lastRpcSendTime=1, lastRpcResponseTime=1568) yet, just keep nextIndex unchanged and retry.
2022-01-06 14:12:32,109 [omNode-1@group-523986131536->omNode-3-GrpcLogAppender-LogAppenderDaemon] INFO  server.GrpcLogAppender (GrpcLogAppender.java:installSnapshot(550)) - omNode-1@group-523986131536->omNode-3-GrpcLogAppender: followerNextIndex = 0 but logStartIndex = -1, notify follower to install snapshot-(t:2, i:12)
2022-01-06 14:12:32,109 [omNode-1@group-523986131536->omNode-3-GrpcLogAppender-LogAppenderDaemon] INFO  server.GrpcLogAppender (GrpcLogAppender.java:installSnapshot(558)) - omNode-1@group-523986131536->omNode-3-GrpcLogAppender: send omNode-1->omNode-3#0-t2,notify:(t:2, i:12)
2022-01-06 14:12:32,109 [grpc-default-executor-6] WARN  server.GrpcLogAppender (LogUtils.java:warn(122)) - omNode-1@group-523986131536->omNode-3-AppendLogResponseHandler: Failed appendEntries: org.apache.ratis.thirdparty.io.grpc.StatusRuntimeException: UNAVAILABLE: io exception
2022-01-06 14:12:32,110 [Time-limited test] INFO  util.JmxRegister (JmxRegister.java:tryRegister(44)) - Successfully registered JMX Bean with object name Ratis:service=RaftServer,group=group-523986131536,id=omNode-3
2022-01-06 14:12:32,110 [grpc-default-executor-2] WARN  server.GrpcLogAppender (LogUtils.java:warn(122)) - omNode-1@group-523986131536->omNode-3-InstallSnapshotResponseHandler: Failed InstallSnapshot: org.apache.ratis.thirdparty.io.grpc.StatusRuntimeException: UNAVAILABLE: io exception
2022-01-06 14:12:32,110 [grpc-default-executor-6] WARN  server.GrpcLogAppender (GrpcLogAppender.java:resetClient(110)) - omNode-1@group-523986131536->omNode-3-GrpcLogAppender: Leader has not got in touch with Follower omNode-1@group-523986131536->omNode-3(c-1,m0,n0, attendVote=false, lastRpcSendTime=0, lastRpcResponseTime=1569) yet, just keep nextIndex unchanged and retry.
2022-01-06 14:12:32,110 [grpc-default-executor-2] WARN  server.GrpcLogAppender (GrpcLogAppender.java:resetClient(110)) - omNode-1@group-523986131536->omNode-3-GrpcLogAppender: Leader has not got in touch with Follower omNode-1@group-523986131536->omNode-3(c-1,m0,n0, attendVote=false, lastRpcSendTime=1, lastRpcResponseTime=1569) yet, just keep nextIndex unchanged and retry.
2022-01-06 14:12:32,110 [omNode-1@group-523986131536->omNode-3-GrpcLogAppender-LogAppenderDaemon] INFO  server.GrpcLogAppender (GrpcLogAppender.java:installSnapshot(550)) - omNode-1@group-523986131536->omNode-3-GrpcLogAppender: followerNextIndex = 0 but logStartIndex = -1, notify follower to install snapshot-(t:2, i:12)
2022-01-06 14:12:32,110 [omNode-1@group-523986131536->omNode-3-GrpcLogAppender-LogAppenderDaemon] INFO  server.GrpcLogAppender (GrpcLogAppender.java:installSnapshot(558)) - omNode-1@group-523986131536->omNode-3-GrpcLogAppender: send omNode-1->omNode-3#0-t2,notify:(t:2, i:12)
2022-01-06 14:12:32,110 [Time-limited test] INFO  server.RaftServer (RaftServerProxy.java:lambda$start$5(374)) - omNode-3: start RPC server
2022-01-06 14:12:32,111 [grpc-default-executor-7] WARN  server.GrpcLogAppender (LogUtils.java:warn(122)) - omNode-1@group-523986131536->omNode-3-AppendLogResponseHandler: Failed appendEntries: org.apache.ratis.thirdparty.io.grpc.StatusRuntimeException: UNAVAILABLE: io exception
2022-01-06 14:12:32,111 [grpc-default-executor-7] WARN  server.GrpcLogAppender (GrpcLogAppender.java:resetClient(110)) - omNode-1@group-523986131536->omNode-3-GrpcLogAppender: Leader has not got in touch with Follower omNode-1@group-523986131536->omNode-3(c-1,m0,n0, attendVote=false, lastRpcSendTime=1, lastRpcResponseTime=1571) yet, just keep nextIndex unchanged and retry.
2022-01-06 14:12:32,112 [grpc-default-executor-2] WARN  server.GrpcLogAppender (LogUtils.java:warn(122)) - omNode-1@group-523986131536->omNode-3-InstallSnapshotResponseHandler: Failed InstallSnapshot: org.apache.ratis.thirdparty.io.grpc.StatusRuntimeException: UNAVAILABLE: io exception
2022-01-06 14:12:32,112 [grpc-default-executor-2] WARN  server.GrpcLogAppender (GrpcLogAppender.java:resetClient(110)) - omNode-1@group-523986131536->omNode-3-GrpcLogAppender: Leader has not got in touch with Follower omNode-1@group-523986131536->omNode-3(c-1,m0,n0, attendVote=false, lastRpcSendTime=1, lastRpcResponseTime=1571) yet, just keep nextIndex unchanged and retry.
2022-01-06 14:12:32,112 [omNode-1@group-523986131536->omNode-3-GrpcLogAppender-LogAppenderDaemon] INFO  server.GrpcLogAppender (GrpcLogAppender.java:installSnapshot(550)) - omNode-1@group-523986131536->omNode-3-GrpcLogAppender: followerNextIndex = 0 but logStartIndex = -1, notify follower to install snapshot-(t:2, i:12)
2022-01-06 14:12:32,112 [omNode-1@group-523986131536->omNode-3-GrpcLogAppender-LogAppenderDaemon] INFO  server.GrpcLogAppender (GrpcLogAppender.java:installSnapshot(558)) - omNode-1@group-523986131536->omNode-3-GrpcLogAppender: send omNode-1->omNode-3#0-t2,notify:(t:2, i:12)
2022-01-06 14:12:32,112 [Time-limited test] INFO  server.GrpcService (GrpcService.java:startImpl(253)) - omNode-3: GrpcService started, listening on 10232
2022-01-06 14:12:32,113 [Time-limited test] INFO  ipc.CallQueueManager (CallQueueManager.java:<init>(90)) - Using callQueue: class java.util.concurrent.LinkedBlockingQueue, queueCapacity: 2000, scheduler: class org.apache.hadoop.ipc.DefaultRpcScheduler, ipcBackoff: false.
2022-01-06 14:12:32,113 [org.apache.ratis.util.JvmPauseMonitor$$Lambda$531/572857286@2a3ea4] INFO  util.JvmPauseMonitor (JvmPauseMonitor.java:run(103)) - JvmPauseMonitor-omNode-3: Started
2022-01-06 14:12:32,114 [Socket Reader #1 for port 10228] INFO  ipc.Server (Server.java:run(1265)) - Starting Socket Reader #1 for port 10228
2022-01-06 14:12:32,120 [Listener at localhost/10228] INFO  http.BaseHttpServer (BaseHttpServer.java:newHttpServer2BuilderForOzone(209)) - Starting Web-server for ozoneManager at: http://0.0.0.0:10230
2022-01-06 14:12:32,120 [Listener at localhost/10228] INFO  http.BaseHttpServer (BaseHttpServer.java:<init>(107)) - Hadoop Security Enabled: false Ozone Security Enabled: false Ozone HTTP Security Enabled: false 
2022-01-06 14:12:32,122 [Listener at localhost/10228] INFO  server.AuthenticationFilter (AuthenticationFilter.java:constructSecretProvider(240)) - Unable to initialize FileSignerSecretProvider, falling back to use random secrets.
2022-01-06 14:12:32,122 [Listener at localhost/10228] WARN  http.HttpRequestLog (HttpRequestLog.java:getRequestLog(103)) - Jetty request log can only be enabled using Log4j
2022-01-06 14:12:32,123 [Listener at localhost/10228] INFO  http.HttpServer2 (HttpServer2.java:addGlobalFilter(1030)) - Added global filter 'safety' (class=org.apache.hadoop.hdds.server.http.HttpServer2$QuotingInputFilter)
2022-01-06 14:12:32,125 [Listener at localhost/10228] INFO  http.HttpServer2 (HttpServer2.java:addFilter(1006)) - Added filter static_user_filter (class=org.apache.hadoop.http.lib.StaticUserWebFilter$StaticUserFilter) to context ozoneManager
2022-01-06 14:12:32,125 [Listener at localhost/10228] INFO  http.HttpServer2 (HttpServer2.java:addFilter(1014)) - Added filter static_user_filter (class=org.apache.hadoop.http.lib.StaticUserWebFilter$StaticUserFilter) to context logs
2022-01-06 14:12:32,125 [Listener at localhost/10228] INFO  http.HttpServer2 (HttpServer2.java:addFilter(1014)) - Added filter static_user_filter (class=org.apache.hadoop.http.lib.StaticUserWebFilter$StaticUserFilter) to context static
2022-01-06 14:12:32,129 [Listener at localhost/10228] INFO  http.HttpServer2 (HttpServer2.java:bindListener(1249)) - Jetty bound to port 10230
2022-01-06 14:12:32,129 [Listener at localhost/10228] INFO  server.Server (Server.java:doStart(375)) - jetty-9.4.43.v20210629; built: 2021-06-30T11:07:22.254Z; git: 526006ecfa3af7f1a27ef3a288e2bef7ea9dd7e8; jvm 1.8.0_292-b10
2022-01-06 14:12:32,129 [grpc-default-executor-2] INFO  server.RaftServer$Division (ServerState.java:setLeader(285)) - omNode-3@group-523986131536: change Leader from null to omNode-1 at term 2 for appendEntries, leader elected after 57ms
2022-01-06 14:12:32,141 [Listener at localhost/10228] INFO  server.session (DefaultSessionIdManager.java:doStart(334)) - DefaultSessionIdManager workerName=node0
2022-01-06 14:12:32,141 [Listener at localhost/10228] INFO  server.session (DefaultSessionIdManager.java:doStart(339)) - No SessionScavenger set, using defaults
2022-01-06 14:12:32,141 [Listener at localhost/10228] INFO  server.session (HouseKeeper.java:startScavenging(132)) - node0 Scavenging every 600000ms
2022-01-06 14:12:32,142 [Listener at localhost/10228] INFO  handler.ContextHandler (ContextHandler.java:doStart(915)) - Started o.e.j.s.ServletContextHandler@7b47f887{logs,/logs,file:///home/runner/work/ozone/ozone/hadoop-ozone/integration-test/target/log,AVAILABLE}
2022-01-06 14:12:32,142 [Listener at localhost/10228] INFO  handler.ContextHandler (ContextHandler.java:doStart(915)) - Started o.e.j.s.ServletContextHandler@5c840bfc{static,/static,file:///home/runner/work/ozone/ozone/hadoop-ozone/integration-test/target/test-classes/webapps/static,AVAILABLE}
2022-01-06 14:12:32,147 [grpc-default-executor-2] INFO  server.RaftServer$Division (RaftServerImpl.java:installSnapshot(1332)) - omNode-3@group-523986131536: receive installSnapshot: omNode-1->omNode-3#0-t2,notify:(t:2, i:12)
2022-01-06 14:12:32,147 [grpc-default-executor-2] INFO  server.RaftServer$Division (RaftServerImpl.java:notifyStateMachineToInstallSnapshot(1551)) - omNode-3@group-523986131536: Received notification to install snapshot at index 12
2022-01-06 14:12:32,154 [Listener at localhost/10228] INFO  handler.ContextHandler (ContextHandler.java:doStart(915)) - Started o.e.j.w.WebAppContext@707a1ccb{ozoneManager,/,file:///home/runner/work/ozone/ozone/hadoop-ozone/integration-test/target/test-classes/webapps/ozoneManager/,AVAILABLE}{file:/home/runner/work/ozone/ozone/hadoop-ozone/integration-test/target/test-classes/webapps/ozoneManager}
2022-01-06 14:12:32,157 [Listener at localhost/10228] INFO  server.AbstractConnector (AbstractConnector.java:doStart(331)) - Started ServerConnector@1cfaf379{HTTP/1.1, (http/1.1)}{0.0.0.0:10230}
2022-01-06 14:12:32,158 [Listener at localhost/10228] INFO  server.Server (Server.java:doStart(415)) - Started @147927ms
2022-01-06 14:12:32,158 [Listener at localhost/10228] WARN  impl.MetricsSystemImpl (MetricsSystemImpl.java:register(279)) - Sink prometheus already exists!
2022-01-06 14:12:32,158 [Listener at localhost/10228] INFO  http.BaseHttpServer (BaseHttpServer.java:updateConnectorAddress(329)) - HTTP server of ozoneManager listening at http://0.0.0.0:10230
2022-01-06 14:12:32,159 [IPC Server Responder] INFO  ipc.Server (Server.java:run(1507)) - IPC Server Responder: starting
2022-01-06 14:12:32,159 [IPC Server listener on 10228] INFO  ipc.Server (Server.java:run(1344)) - IPC Server listener on 10228: starting
2022-01-06 14:12:32,162 [Listener at localhost/10228] INFO  om.OzoneManager (OzoneManager.java:startTrashEmptier(1792)) - Trash Interval set to 0. Files deleted will not move to trash
2022-01-06 14:12:32,162 [Listener at localhost/10228] INFO  om.OzoneManager (OzoneManager.java:stop(1893)) - omNode-1[localhost:10216]: Stopping Ozone Manager
2022-01-06 14:12:32,165 [Listener at localhost/10228] INFO  ipc.Server (Server.java:stop(3414)) - Stopping server on 10216
2022-01-06 14:12:32,168 [IPC Server Responder] INFO  ipc.Server (Server.java:run(1512)) - Stopping IPC Server Responder
2022-01-06 14:12:32,168 [IPC Server listener on 10216] INFO  ipc.Server (Server.java:run(1376)) - Stopping IPC Server listener on 10216
2022-01-06 14:12:32,168 [org.apache.hadoop.util.JvmPauseMonitor$Monitor@5699a8c6] INFO  util.JvmPauseMonitor (JvmPauseMonitor.java:run(188)) - Starting JVM pause monitor
2022-01-06 14:12:32,169 [Listener at localhost/10228] INFO  server.RaftServer (RaftServerProxy.java:lambda$close$6(391)) - omNode-1: close
2022-01-06 14:12:32,170 [Listener at localhost/10228] INFO  server.RaftServer$Division (RaftServerImpl.java:lambda$close$4(412)) - omNode-1@group-523986131536: shutdown
2022-01-06 14:12:32,170 [Listener at localhost/10228] INFO  util.JmxRegister (JmxRegister.java:unregister(73)) - Successfully un-registered JMX Bean with object name Ratis:service=RaftServer,group=group-523986131536,id=omNode-1
2022-01-06 14:12:32,170 [Listener at localhost/10228] INFO  impl.RoleInfo (RoleInfo.java:shutdownLeaderState(91)) - omNode-1: shutdown omNode-1@group-523986131536-LeaderStateImpl
2022-01-06 14:12:32,172 [omNode-1@group-523986131536->omNode-2-GrpcLogAppender-LogAppenderDaemon] WARN  server.GrpcLogAppender (GrpcLogAppender.java:mayWait(177)) - omNode-1@group-523986131536->omNode-2-GrpcLogAppender: Wait interrupted by java.lang.InterruptedException
2022-01-06 14:12:32,172 [Listener at localhost/10228] INFO  impl.PendingRequests (PendingRequests.java:sendNotLeaderResponses(282)) - omNode-1@group-523986131536-PendingRequests: sendNotLeaderResponses
2022-01-06 14:12:32,172 [grpc-default-executor-7] INFO  server.GrpcServerProtocolService (GrpcServerProtocolService.java:onCompleted(140)) - omNode-3: Completed APPEND_ENTRIES, lastRequest: null
2022-01-06 14:12:32,172 [grpc-default-executor-6] INFO  server.GrpcServerProtocolService (GrpcServerProtocolService.java:onCompleted(140)) - omNode-2: Completed APPEND_ENTRIES, lastRequest: omNode-1->omNode-2#119-t2,previous=(t:2, i:10),leaderCommit=9,initializing? true,entries: size=1, first=(t:2, i:11), METADATAENTRY(c:9)
2022-01-06 14:12:32,176 [grpc-default-executor-1] INFO  server.GrpcLogAppender (GrpcLogAppender.java:onCompleted(346)) - omNode-1@group-523986131536->omNode-2-AppendLogResponseHandler: follower responses appendEntries COMPLETED
2022-01-06 14:12:32,176 [grpc-default-executor-7] INFO  server.GrpcLogAppender (GrpcLogAppender.java:onCompleted(346)) - omNode-1@group-523986131536->omNode-3-AppendLogResponseHandler: follower responses appendEntries COMPLETED
2022-01-06 14:12:32,176 [grpc-default-executor-1] INFO  leader.FollowerInfo (FollowerInfoImpl.java:lambda$new$0(47)) - omNode-1@group-523986131536->omNode-2: nextIndex: updateUnconditionally 12 -> 11
2022-01-06 14:12:32,178 [omNode-1@group-523986131536-StateMachineUpdater] INFO  ratis.OzoneManagerStateMachine (OzoneManagerStateMachine.java:takeSnapshot(417)) - Current Snapshot Index (t:2, i:11)
2022-01-06 14:12:32,178 [omNode-1@group-523986131536-StateMachineUpdater] INFO  impl.StateMachineUpdater (StateMachineUpdater.java:takeSnapshot(281)) - omNode-1@group-523986131536-StateMachineUpdater: Took a snapshot at index 11
2022-01-06 14:12:32,178 [omNode-1@group-523986131536-StateMachineUpdater] INFO  impl.StateMachineUpdater (StateMachineUpdater.java:lambda$new$0(89)) - omNode-1@group-523986131536-StateMachineUpdater: snapshotIndex: updateIncreasingly -1 -> 11
2022-01-06 14:12:32,178 [omNode-1@group-523986131536-StateMachineUpdater] INFO  ratis.OzoneManagerStateMachine (OzoneManagerStateMachine.java:close(471)) - StateMachine has shutdown. Shutdown OzoneManager if not already shutdown.
2022-01-06 14:12:32,177 [grpc-default-executor-7] INFO  leader.FollowerInfo (FollowerInfoImpl.java:lambda$new$0(47)) - omNode-1@group-523986131536->omNode-3: nextIndex: updateUnconditionally 0 -> 0
2022-01-06 14:12:32,179 [Listener at localhost/10228] INFO  impl.StateMachineUpdater (StateMachineUpdater.java:stopAndJoin(149)) - omNode-1@group-523986131536-StateMachineUpdater: set stopIndex = 11
2022-01-06 14:12:32,179 [Listener at localhost/10228] INFO  server.RaftServer$Division (ServerState.java:close(419)) - omNode-1@group-523986131536: closes. applyIndex: 11
2022-01-06 14:12:32,179 [omNode-1@group-523986131536-SegmentedRaftLogWorker] INFO  segmented.SegmentedRaftLogWorker (SegmentedRaftLogWorker.java:run(327)) - omNode-1@group-523986131536-SegmentedRaftLogWorker was interrupted, exiting. There are 0 tasks remaining in the queue.
2022-01-06 14:12:32,179 [Listener at localhost/10228] INFO  segmented.SegmentedRaftLogWorker (SegmentedRaftLogWorker.java:close(237)) - omNode-1@group-523986131536-SegmentedRaftLogWorker close()
2022-01-06 14:12:32,180 [Listener at localhost/10228] INFO  server.GrpcService (GrpcService.java:closeImpl(262)) - omNode-1: shutdown server with port 10220 now
2022-01-06 14:12:32,190 [grpc-default-executor-2] INFO  server.RaftServer$Division (RaftServerImpl.java:notifyStateMachineToInstallSnapshot(1582)) - omNode-3@group-523986131536: notifyInstallSnapshot: nextIndex is 12 but the leader's first available index is 12.
2022-01-06 14:12:32,190 [grpc-default-executor-2] INFO  ratis.OzoneManagerStateMachine (OzoneManagerStateMachine.java:notifyInstallSnapshotFromLeader(446)) - Received install snapshot notification from OM leader: omNode-1 with term index: (t:2, i:12)
2022-01-06 14:12:32,193 [pool-176-thread-1] INFO  om.OzoneManager (OzoneManager.java:getDBCheckpointFromLeader(3276)) - Downloading checkpoint from leader OM omNode-1 and reloading state from the checkpoint.
2022-01-06 14:12:32,197 [pool-176-thread-1] INFO  snapshot.OzoneManagerSnapshotProvider (OzoneManagerSnapshotProvider.java:getOzoneManagerDBSnapshot(122)) - Downloading latest checkpoint from Leader OM omNode-1. Checkpoint URL: http://127.0.0.1:10218/dbCheckpoint?flushBeforeCheckpoint=true
2022-01-06 14:12:32,302 [qtp721215918-135] INFO  utils.DBCheckpointServlet (DBCheckpointServlet.java:doGet(110)) - Received request to obtain DB checkpoint snapshot
2022-01-06 14:12:32,314 [qtp721215918-135] INFO  db.RDBCheckpointManager (RDBCheckpointManager.java:createCheckpoint(86)) - Created checkpoint at /home/runner/work/ozone/ozone/hadoop-ozone/integration-test/target/test-dir/MiniOzoneClusterImpl-fc1c6399-de52-4149-9dd2-17a3712db231/omNode-1/db.checkpoints/om.db_checkpoint_1641478352305 in 9 milliseconds
2022-01-06 14:12:32,361 [qtp721215918-135] INFO  utils.DBCheckpointServlet (DBCheckpointServlet.java:doGet(183)) - Time taken to write the checkpoint to response output stream: 46 milliseconds
2022-01-06 14:12:32,361 [qtp721215918-135] INFO  db.RocksDBCheckpoint (RocksDBCheckpoint.java:cleanupCheckpoint(78)) - Cleaning up RocksDB checkpoint at /home/runner/work/ozone/ozone/hadoop-ozone/integration-test/target/test-dir/MiniOzoneClusterImpl-fc1c6399-de52-4149-9dd2-17a3712db231/omNode-1/db.checkpoints/om.db_checkpoint_1641478352305
2022-01-06 14:12:32,382 [pool-176-thread-1] INFO  snapshot.OzoneManagerSnapshotProvider (OzoneManagerSnapshotProvider.java:getOzoneManagerDBSnapshot(147)) - Successfully downloaded latest checkpoint from leader OM: omNode-1
2022-01-06 14:12:32,383 [pool-176-thread-1] INFO  om.OzoneManager (OzoneManager.java:installSnapshotFromLeader(3151)) - Downloaded checkpoint from Leader omNode-1 to the location /home/runner/work/ozone/ozone/hadoop-ozone/integration-test/target/test-dir/MiniOzoneClusterImpl-fc1c6399-de52-4149-9dd2-17a3712db231/omNode-3/snapshot/om.db-omNode-1-1641478352197
2022-01-06 14:12:32,384 [pool-176-thread-1] INFO  codec.RepeatedOmKeyInfoCodec (RepeatedOmKeyInfoCodec.java:<init>(42)) - RepeatedOmKeyInfoCodec ignorePipeline = true
2022-01-06 14:12:32,385 [pool-176-thread-1] INFO  codec.OmKeyInfoCodec (OmKeyInfoCodec.java:<init>(50)) - OmKeyInfoCodec ignorePipeline = true
2022-01-06 14:12:32,385 [pool-176-thread-1] INFO  codec.OmKeyInfoCodec (OmKeyInfoCodec.java:<init>(50)) - OmKeyInfoCodec ignorePipeline = true
2022-01-06 14:12:32,385 [pool-176-thread-1] INFO  codec.OmKeyInfoCodec (OmKeyInfoCodec.java:<init>(50)) - OmKeyInfoCodec ignorePipeline = true
2022-01-06 14:12:32,385 [pool-176-thread-1] INFO  codec.OmKeyInfoCodec (OmKeyInfoCodec.java:<init>(50)) - OmKeyInfoCodec ignorePipeline = true
2022-01-06 14:12:32,385 [pool-176-thread-1] INFO  codec.OmKeyInfoCodec (OmKeyInfoCodec.java:<init>(50)) - OmKeyInfoCodec ignorePipeline = true
2022-01-06 14:12:32,424 [pool-176-thread-1] INFO  om.OzoneManager (OzoneManager.java:installCheckpoint(3176)) - Installing checkpoint with OMTransactionInfo 2#11
2022-01-06 14:12:32,425 [pool-176-thread-1] INFO  ratis.OzoneManagerDoubleBuffer (OzoneManagerDoubleBuffer.java:stop(437)) - Stopping OMDoubleBuffer flush thread
2022-01-06 14:12:32,426 [OMDoubleBufferFlushThread] INFO  ratis.OzoneManagerDoubleBuffer (OzoneManagerDoubleBuffer.java:flushTransactions(356)) - OMDoubleBuffer flush thread OMDoubleBufferFlushThread is interrupted and will exit. OMDoubleBufferFlushThread
2022-01-06 14:12:32,432 [pool-176-thread-1] INFO  om.OzoneManager (OzoneManager.java:installCheckpoint(3222)) - Replaced DB with checkpoint from OM: omNode-1, term: 2, index: 11
2022-01-06 14:12:32,433 [pool-176-thread-1] WARN  server.ServerUtils (ServerUtils.java:getDBPath(225)) - ozone.om.db.dirs is not configured. We recommend adding this setting. Falling back to ozone.metadata.dirs instead.
2022-01-06 14:12:32,434 [pool-176-thread-1] INFO  codec.OmKeyInfoCodec (OmKeyInfoCodec.java:<init>(50)) - OmKeyInfoCodec ignorePipeline = true
2022-01-06 14:12:32,434 [pool-176-thread-1] INFO  codec.RepeatedOmKeyInfoCodec (RepeatedOmKeyInfoCodec.java:<init>(42)) - RepeatedOmKeyInfoCodec ignorePipeline = true
2022-01-06 14:12:32,467 [pool-176-thread-1] INFO  om.OzoneManagerPrepareState (OzoneManagerPrepareState.java:writePrepareMarkerFile(262)) - Prepare marker file written with log index 9 to file /home/runner/work/ozone/ozone/hadoop-ozone/integration-test/target/test-dir/MiniOzoneClusterImpl-fc1c6399-de52-4149-9dd2-17a3712db231/omNode-3/current/prepareMarker
2022-01-06 14:12:32,467 [pool-176-thread-1] INFO  om.OzoneManager (OzoneManager.java:startTrashEmptier(1792)) - Trash Interval set to 0. Files deleted will not move to trash
2022-01-06 14:12:32,469 [pool-176-thread-1] INFO  om.OzoneManager (OzoneManager.java:installCheckpoint(3240)) - Reloaded OM state with Term: 2 and Index: 11
2022-01-06 14:12:32,469 [pool-176-thread-1] INFO  server.RaftServer$Division (RaftServerImpl.java:lambda$notifyStateMachineToInstallSnapshot$30(1595)) - omNode-3@group-523986131536: StateMachine successfully installed snapshot index 11. Reloading the StateMachine.
2022-01-06 14:12:32,470 [pool-176-thread-1] INFO  ratis.OzoneManagerDoubleBuffer (OzoneManagerDoubleBuffer.java:stop(437)) - Stopping OMDoubleBuffer flush thread
2022-01-06 14:12:32,470 [OMDoubleBufferFlushThread] INFO  ratis.OzoneManagerDoubleBuffer (OzoneManagerDoubleBuffer.java:flushTransactions(356)) - OMDoubleBuffer flush thread OMDoubleBufferFlushThread is interrupted and will exit. OMDoubleBufferFlushThread
2022-01-06 14:12:32,470 [pool-176-thread-1] INFO  segmented.SegmentedRaftLogWorker (SegmentedRaftLogWorker.java:lambda$new$0(133)) - omNode-3@group-523986131536-SegmentedRaftLogWorker: flushIndex: setUnconditionally 11 -> 11
2022-01-06 14:12:32,470 [pool-176-thread-1] INFO  segmented.SegmentedRaftLogWorker (SegmentedRaftLogWorker.java:lambda$new$0(133)) - omNode-3@group-523986131536-SegmentedRaftLogWorker: safeCacheEvictIndex: setUnconditionally -1 -> 11
2022-01-06 14:12:32,470 [pool-176-thread-1] INFO  segmented.SegmentedRaftLogWorker (SegmentedRaftLogWorker.java:closeLogSegment(415)) - omNode-3@group-523986131536-SegmentedRaftLogWorker: Closing segment log_inprogress_0 to index: 11
2022-01-06 14:12:32,470 [pool-176-thread-1] INFO  raftlog.RaftLog (RaftLogBase.java:lambda$new$0(53)) - omNode-3@group-523986131536-SegmentedRaftLog: snapshotIndex: updateIncreasingly 10 -> 11
2022-01-06 14:12:32,470 [grpc-default-executor-2] INFO  server.RaftServer$Division (RaftServerImpl.java:notifyStateMachineToInstallSnapshot(1638)) - omNode-3@group-523986131536: InstallSnapshot notification result: SNAPSHOT_INSTALLED, at index: 11
2022-01-06 14:12:32,471 [omNode-3@group-523986131536-StateMachineUpdater] INFO  ratis.OzoneManagerStateMachine (OzoneManagerStateMachine.java:loadSnapshotInfoFromDB(605)) - LastAppliedIndex is set from TransactionInfo from OM DB as (t:2, i:11)
2022-01-06 14:12:32,478 [grpc-default-executor-2] INFO  server.RaftServer$Division (RaftServerImpl.java:installSnapshotImpl(1462)) - omNode-3@group-523986131536: set new configuration configurationEntry {
  peers {
    id: "omNode-3"
    address: "localhost:10232"
  }
  peers {
    id: "omNode-1"
    address: "localhost:10220"
  }
  peers {
    id: "omNode-2"
    address: "localhost:10226"
  }
}
 from snapshot
2022-01-06 14:12:32,478 [omNode-3@group-523986131536-StateMachineUpdater] INFO  impl.StateMachineUpdater (StateMachineUpdater.java:lambda$new$0(89)) - omNode-3@group-523986131536-StateMachineUpdater: snapshotIndex: setUnconditionally 10 -> 11
2022-01-06 14:12:32,478 [omNode-3@group-523986131536-StateMachineUpdater] INFO  impl.StateMachineUpdater (StateMachineUpdater.java:lambda$new$0(89)) - omNode-3@group-523986131536-StateMachineUpdater: appliedIndex: setUnconditionally 10 -> 11
2022-01-06 14:12:32,480 [grpc-default-executor-2] INFO  server.RaftServer$Division (ServerState.java:setRaftConf(387)) - omNode-3@group-523986131536: set configuration 0: [omNode-3|rpc:localhost:10232|admin:|client:|dataStream:|priority:0, omNode-1|rpc:localhost:10220|admin:|client:|dataStream:|priority:0, omNode-2|rpc:localhost:10226|admin:|client:|dataStream:|priority:0], old=null
2022-01-06 14:12:32,480 [omNode-3@group-523986131536-SegmentedRaftLogWorker] INFO  segmented.SegmentedRaftLogWorker (SegmentedRaftLogWorker.java:execute(558)) - omNode-3@group-523986131536-SegmentedRaftLogWorker: Rolled log segment from /home/runner/work/ozone/ozone/hadoop-ozone/integration-test/target/test-dir/MiniOzoneClusterImpl-fc1c6399-de52-4149-9dd2-17a3712db231/omNode-3/ratis/c9bc4cf4-3bc3-3c60-a66b-523986131536/current/log_inprogress_0 to /home/runner/work/ozone/ozone/hadoop-ozone/integration-test/target/test-dir/MiniOzoneClusterImpl-fc1c6399-de52-4149-9dd2-17a3712db231/omNode-3/ratis/c9bc4cf4-3bc3-3c60-a66b-523986131536/current/log_0-11
2022-01-06 14:12:32,480 [grpc-default-executor-2] INFO  ratis.OzoneManagerStateMachine (OzoneManagerStateMachine.java:notifyConfigurationChanged(188)) - Received Configuration change notification from Ratis. New Peer list:
[id: "omNode-3"
address: "localhost:10232"
, id: "omNode-1"
address: "localhost:10220"
, id: "omNode-2"
address: "localhost:10226"
]
2022-01-06 14:12:32,481 [grpc-default-executor-2] INFO  server.RaftServer$Division (RaftServerImpl.java:installSnapshot(1343)) - omNode-3@group-523986131536: reply installSnapshot: omNode-1<-omNode-3#0:FAIL-t2,SNAPSHOT_INSTALLED,snapshotIndex=11
2022-01-06 14:12:32,482 [grpc-default-executor-2] INFO  server.GrpcServerProtocolService (GrpcServerProtocolService.java:onCompleted(140)) - omNode-3: Completed INSTALL_SNAPSHOT, lastRequest: omNode-1->omNode-3#0-t2,notify:(t:2, i:12)
2022-01-06 14:12:32,483 [grpc-default-executor-7] INFO  server.GrpcLogAppender (GrpcLogAppender.java:onNext(410)) - omNode-1@group-523986131536->omNode-3-InstallSnapshotResponseHandler: received the first reply omNode-1<-omNode-3#0:FAIL-t2,SNAPSHOT_INSTALLED,snapshotIndex=11
2022-01-06 14:12:32,487 [grpc-default-executor-7] INFO  server.GrpcLogAppender (GrpcLogAppender.java:onNext(450)) - omNode-1@group-523986131536->omNode-3-InstallSnapshotResponseHandler: Follower installed snapshot at index 11
2022-01-06 14:12:32,487 [grpc-default-executor-7] INFO  leader.FollowerInfo (FollowerInfoImpl.java:lambda$new$0(47)) - omNode-1@group-523986131536->omNode-3: snapshotIndex: setUnconditionally 0 -> 11
2022-01-06 14:12:32,487 [grpc-default-executor-7] INFO  leader.FollowerInfo (FollowerInfoImpl.java:lambda$new$0(47)) - omNode-1@group-523986131536->omNode-3: matchIndex: setUnconditionally 0 -> 11
2022-01-06 14:12:32,487 [grpc-default-executor-7] INFO  leader.FollowerInfo (FollowerInfoImpl.java:lambda$new$0(47)) - omNode-1@group-523986131536->omNode-3: nextIndex: setUnconditionally 0 -> 12
2022-01-06 14:12:32,487 [grpc-default-executor-7] INFO  leader.FollowerInfo (FollowerInfoImpl.java:setAttemptedToInstallSnapshot(116)) - Follower omNode-1@group-523986131536->omNode-3 acknowledged installing snapshot
2022-01-06 14:12:32,487 [grpc-default-executor-7] INFO  leader.FollowerInfo (FollowerInfoImpl.java:lambda$new$0(47)) - omNode-1@group-523986131536->omNode-3: nextIndex: updateToMax old=12, new=12, updated? false
2022-01-06 14:12:32,492 [Listener at localhost/10228] INFO  server.GrpcService (GrpcService.java:closeImpl(271)) - omNode-1: shutdown server with port 10220 successfully
2022-01-06 14:12:32,492 [org.apache.ratis.util.JvmPauseMonitor$$Lambda$531/572857286@685e398] INFO  util.JvmPauseMonitor (JvmPauseMonitor.java:run(109)) - JvmPauseMonitor-omNode-1: Stopped
2022-01-06 14:12:32,492 [Listener at localhost/10228] INFO  ratis.OzoneManagerDoubleBuffer (OzoneManagerDoubleBuffer.java:stop(437)) - Stopping OMDoubleBuffer flush thread
2022-01-06 14:12:32,492 [OMDoubleBufferFlushThread] INFO  ratis.OzoneManagerDoubleBuffer (OzoneManagerDoubleBuffer.java:flushTransactions(356)) - OMDoubleBuffer flush thread OMDoubleBufferFlushThread is interrupted and will exit. OMDoubleBufferFlushThread
2022-01-06 14:12:32,493 [Listener at localhost/10228] INFO  utils.BackgroundService (BackgroundService.java:shutdown(132)) - Shutting down service KeyDeletingService
2022-01-06 14:12:32,493 [Listener at localhost/10228] INFO  utils.BackgroundService (BackgroundService.java:shutdown(132)) - Shutting down service DirectoryDeletingService
2022-01-06 14:12:32,495 [Listener at localhost/10228] INFO  handler.ContextHandler (ContextHandler.java:doStop(1153)) - Stopped o.e.j.w.WebAppContext@2c36c62a{ozoneManager,/,null,STOPPED}{file:/home/runner/work/ozone/ozone/hadoop-ozone/integration-test/target/test-classes/webapps/ozoneManager}
2022-01-06 14:12:32,497 [Listener at localhost/10228] INFO  server.AbstractConnector (AbstractConnector.java:doStop(381)) - Stopped ServerConnector@5c2086b4{HTTP/1.1, (http/1.1)}{0.0.0.0:10218}
2022-01-06 14:12:32,497 [Listener at localhost/10228] INFO  server.session (HouseKeeper.java:stopScavenging(149)) - node0 Stopped scavenging
2022-01-06 14:12:32,498 [Listener at localhost/10228] INFO  handler.ContextHandler (ContextHandler.java:doStop(1153)) - Stopped o.e.j.s.ServletContextHandler@67d361fa{static,/static,file:///home/runner/work/ozone/ozone/hadoop-ozone/integration-test/target/test-classes/webapps/static,STOPPED}
2022-01-06 14:12:32,499 [Listener at localhost/10228] INFO  handler.ContextHandler (ContextHandler.java:doStop(1153)) - Stopped o.e.j.s.ServletContextHandler@7d710482{logs,/logs,file:///home/runner/work/ozone/ozone/hadoop-ozone/integration-test/target/log,STOPPED}
2022-01-06 14:12:32,505 [Listener at localhost/10228] INFO  om.OzoneManager (OzoneManager.java:restart(1451)) - OzoneManager RPC server is listening at localhost/127.0.0.1:10216
2022-01-06 14:12:32,505 [Listener at localhost/10228] INFO  impl.MetricsSystemImpl (MetricsSystemImpl.java:init(158)) - OzoneManager metrics system started (again)
2022-01-06 14:12:32,522 [Listener at localhost/10228] WARN  server.ServerUtils (ServerUtils.java:getDBPath(225)) - ozone.om.db.dirs is not configured. We recommend adding this setting. Falling back to ozone.metadata.dirs instead.
2022-01-06 14:12:32,523 [Listener at localhost/10228] INFO  codec.OmKeyInfoCodec (OmKeyInfoCodec.java:<init>(50)) - OmKeyInfoCodec ignorePipeline = true
2022-01-06 14:12:32,523 [Listener at localhost/10228] INFO  codec.RepeatedOmKeyInfoCodec (RepeatedOmKeyInfoCodec.java:<init>(42)) - RepeatedOmKeyInfoCodec ignorePipeline = true
2022-01-06 14:12:32,559 [Listener at localhost/10228] WARN  om.OzoneManager (OzoneManager.java:instantiatePrepareStateOnStartup(3813)) - Prepare marker file index 11 does not match DB prepare index 9. Writing DB index to prepare file and maintaining prepared state.
2022-01-06 14:12:32,560 [Listener at localhost/10228] INFO  om.OzoneManagerPrepareState (OzoneManagerPrepareState.java:writePrepareMarkerFile(262)) - Prepare marker file written with log index 9 to file /home/runner/work/ozone/ozone/hadoop-ozone/integration-test/target/test-dir/MiniOzoneClusterImpl-fc1c6399-de52-4149-9dd2-17a3712db231/omNode-1/current/prepareMarker
2022-01-06 14:12:32,562 [Listener at localhost/10228] WARN  impl.MetricRegistriesImpl (MetricRegistriesImpl.java:addReporterRegistration(111)) - New reporters are added after registries were created. Some metrics will be missing from the reporter. Please add reporter before adding any new registry.
2022-01-06 14:12:32,562 [Listener at localhost/10228] WARN  impl.MetricRegistriesImpl (MetricRegistriesImpl.java:addReporterRegistration(111)) - New reporters are added after registries were created. Some metrics will be missing from the reporter. Please add reporter before adding any new registry.
2022-01-06 14:12:32,563 [Listener at localhost/10228] WARN  server.ServerUtils (ServerUtils.java:getDefaultRatisDirectory(237)) - Storage directory for Ratis is not configured. It is a good idea to map this to an SSD disk. Falling back to ozone.metadata.dirs
2022-01-06 14:12:32,564 [Listener at localhost/10228] INFO  ratis.OzoneManagerRatisServer (OzoneManagerRatisServer.java:<init>(159)) - Instantiating OM Ratis server with groupID: om-service-test1 and peers: localhost:10220, localhost:10232, localhost:10226
2022-01-06 14:12:32,564 [Listener at localhost/10228] INFO  ratis.OzoneManagerStateMachine (OzoneManagerStateMachine.java:loadSnapshotInfoFromDB(605)) - LastAppliedIndex is set from TransactionInfo from OM DB as (t:2, i:11)
2022-01-06 14:12:32,565 [Listener at localhost/10228] INFO  server.RaftServer (ConfUtils.java:logGet(44)) - raft.rpc.type = GRPC (default)
2022-01-06 14:12:32,565 [Listener at localhost/10228] INFO  grpc.GrpcFactory (GrpcFactory.java:checkPooledByteBufAllocatorUseCacheForAllThreads(48)) - PERFORMANCE WARNING: useCacheForAllThreads is true that may cause Netty to create a lot garbage objects and, as a result, trigger GC.
	It is recommended to disable useCacheForAllThreads by setting -Dorg.apache.ratis.thirdparty.io.netty.allocator.useCacheForAllThreads=false in command line.
2022-01-06 14:12:32,565 [Listener at localhost/10228] INFO  grpc.GrpcConfigKeys (ConfUtils.java:logGet(44)) - raft.grpc.admin.port = -1 (default)
2022-01-06 14:12:32,566 [Listener at localhost/10228] INFO  grpc.GrpcConfigKeys (ConfUtils.java:logGet(44)) - raft.grpc.server.port = 10220 (custom)
2022-01-06 14:12:32,566 [Listener at localhost/10228] INFO  grpc.GrpcConfigKeys (ConfUtils.java:logGet(44)) - raft.grpc.client.port = -1 (default)
2022-01-06 14:12:32,566 [Listener at localhost/10228] INFO  grpc.GrpcConfigKeys (ConfUtils.java:logGet(44)) - raft.grpc.server.port = 10220 (custom)
2022-01-06 14:12:32,566 [Listener at localhost/10228] INFO  grpc.GrpcConfigKeys (ConfUtils.java:logGet(44)) - raft.grpc.server.port = 10220 (custom)
2022-01-06 14:12:32,566 [Listener at localhost/10228] INFO  server.GrpcService (ConfUtils.java:logGet(44)) - raft.grpc.message.size.max = 33554432 (custom)
2022-01-06 14:12:32,566 [Listener at localhost/10228] INFO  server.RaftServerConfigKeys (ConfUtils.java:logGet(44)) - raft.server.log.appender.buffer.byte-limit = 33554432 (custom)
2022-01-06 14:12:32,566 [Listener at localhost/10228] INFO  server.GrpcService (ConfUtils.java:logGet(44)) - raft.grpc.flow.control.window = 1MB (=1048576) (default)
2022-01-06 14:12:32,566 [Listener at localhost/10228] INFO  server.RaftServerConfigKeys (ConfUtils.java:logGet(44)) - raft.server.rpc.request.timeout = 3000ms (default)
2022-01-06 14:12:32,567 [Listener at localhost/10228] INFO  impl.DataStreamServerImpl (ConfUtils.java:logGet(44)) - raft.datastream.type = DISABLED (default)
2022-01-06 14:12:32,571 [Listener at localhost/10228] INFO  server.RaftServerConfigKeys (ConfUtils.java:logGet(44)) - raft.server.rpc.slowness.timeout = 2s (custom)
2022-01-06 14:12:32,571 [Listener at localhost/10228] INFO  server.RaftServerConfigKeys (ConfUtils.java:logGet(44)) - raft.server.leaderelection.leader.step-down.wait-time = 10s (default)
2022-01-06 14:12:32,571 [Listener at localhost/10228] INFO  server.RaftServerConfigKeys (ConfUtils.java:logGet(44)) - raft.server.storage.dir = [/home/runner/work/ozone/ozone/hadoop-ozone/integration-test/target/test-dir/MiniOzoneClusterImpl-fc1c6399-de52-4149-9dd2-17a3712db231/omNode-1/ratis] (custom)
2022-01-06 14:12:32,572 [Listener at localhost/10228] INFO  server.RaftServer (RaftServerProxy.java:lambda$null$1(235)) - omNode-1: found a subdirectory /home/runner/work/ozone/ozone/hadoop-ozone/integration-test/target/test-dir/MiniOzoneClusterImpl-fc1c6399-de52-4149-9dd2-17a3712db231/omNode-1/ratis/c9bc4cf4-3bc3-3c60-a66b-523986131536
2022-01-06 14:12:32,572 [Listener at localhost/10228] INFO  server.RaftServer (RaftServerProxy.java:addNew(95)) - omNode-1: addNew group-523986131536:[omNode-3|rpc:localhost:10232|priority:0, omNode-1|rpc:localhost:10220|priority:0, omNode-2|rpc:localhost:10226|priority:0] returns group-523986131536:java.util.concurrent.CompletableFuture@5e626139[Not completed]
2022-01-06 14:12:32,572 [Listener at localhost/10228] INFO  om.OzoneManager (OzoneManager.java:initializeRatisServer(1834)) - OzoneManager Ratis server initialized at port 10220
2022-01-06 14:12:32,572 [Listener at localhost/10228] INFO  ratis.OzoneManagerRatisServer (OzoneManagerRatisServer.java:start(554)) - Starting OzoneManagerRatisServer omNode-1 at port 10220
2022-01-06 14:12:32,572 [pool-214-thread-1] INFO  server.RaftServer$Division (RaftServerImpl.java:<init>(184)) - omNode-1: new RaftServerImpl for group-523986131536:[omNode-3|rpc:localhost:10232|priority:0, omNode-1|rpc:localhost:10220|priority:0, omNode-2|rpc:localhost:10226|priority:0] with OzoneManagerStateMachine:uninitialized
2022-01-06 14:12:32,573 [pool-214-thread-1] INFO  server.RaftServerConfigKeys (ConfUtils.java:logGet(44)) - raft.server.rpc.timeout.min = 1s (custom)
2022-01-06 14:12:32,573 [pool-214-thread-1] INFO  server.RaftServerConfigKeys (ConfUtils.java:logGet(44)) - raft.server.rpc.timeout.max = 1200ms (custom)
2022-01-06 14:12:32,574 [pool-214-thread-1] INFO  server.RaftServerConfigKeys (ConfUtils.java:logGet(44)) - raft.server.rpc.sleep.time = 25ms (default)
2022-01-06 14:12:32,574 [pool-214-thread-1] INFO  server.RaftServerConfigKeys (ConfUtils.java:logGet(44)) - raft.server.rpc.slowness.timeout = 2s (custom)
2022-01-06 14:12:32,574 [pool-214-thread-1] INFO  server.RaftServerConfigKeys (ConfUtils.java:logGet(44)) - raft.server.leaderelection.leader.step-down.wait-time = 10s (default)
2022-01-06 14:12:32,574 [pool-214-thread-1] INFO  server.RaftServerConfigKeys (ConfUtils.java:logGet(44)) - raft.server.sleep.deviation.threshold = 300ms (default)
2022-01-06 14:12:32,574 [pool-214-thread-1] INFO  server.RaftServerConfigKeys (ConfUtils.java:logGet(44)) - raft.server.log.appender.install.snapshot.enabled = false (custom)
2022-01-06 14:12:32,574 [pool-214-thread-1] INFO  server.RaftServer$Division (ServerState.java:<init>(105)) - omNode-1@group-523986131536: ConfigurationManager, init=-1: [omNode-3|rpc:localhost:10232|priority:0, omNode-1|rpc:localhost:10220|priority:0, omNode-2|rpc:localhost:10226|priority:0], old=null, confs=<EMPTY_MAP>
2022-01-06 14:12:32,575 [pool-214-thread-1] INFO  server.RaftServerConfigKeys (ConfUtils.java:logGet(44)) - raft.server.storage.dir = [/home/runner/work/ozone/ozone/hadoop-ozone/integration-test/target/test-dir/MiniOzoneClusterImpl-fc1c6399-de52-4149-9dd2-17a3712db231/omNode-1/ratis] (custom)
2022-01-06 14:12:32,575 [pool-214-thread-1] INFO  server.RaftServerConfigKeys (ConfUtils.java:logGet(44)) - raft.server.log.corruption.policy = EXCEPTION (default)
2022-01-06 14:12:32,575 [pool-214-thread-1] INFO  server.RaftServerConfigKeys (ConfUtils.java:logGet(44)) - raft.server.storage.free-space.min = 0MB (=0) (default)
2022-01-06 14:12:32,576 [pool-214-thread-1] INFO  storage.RaftStorageDirectory (RaftStorageDirectoryImpl.java:tryLock(230)) - Lock on /home/runner/work/ozone/ozone/hadoop-ozone/integration-test/target/test-dir/MiniOzoneClusterImpl-fc1c6399-de52-4149-9dd2-17a3712db231/omNode-1/ratis/c9bc4cf4-3bc3-3c60-a66b-523986131536/in_use.lock acquired by nodename 10391@fv-az297-741
2022-01-06 14:12:32,576 [pool-214-thread-1] INFO  storage.RaftStorage (RaftStorageImpl.java:analyzeAndRecoverStorage(110)) - Read RaftStorageMetadata{term=2, votedFor=omNode-1} from /home/runner/work/ozone/ozone/hadoop-ozone/integration-test/target/test-dir/MiniOzoneClusterImpl-fc1c6399-de52-4149-9dd2-17a3712db231/omNode-1/ratis/c9bc4cf4-3bc3-3c60-a66b-523986131536/current/raft-meta
2022-01-06 14:12:32,577 [pool-214-thread-1] INFO  server.RaftServer$Division (ServerState.java:setRaftConf(387)) - omNode-1@group-523986131536: set configuration 0: [omNode-3|rpc:localhost:10232|admin:|client:|dataStream:|priority:0, omNode-1|rpc:localhost:10220|admin:|client:|dataStream:|priority:0, omNode-2|rpc:localhost:10226|admin:|client:|dataStream:|priority:0], old=null
2022-01-06 14:12:32,577 [pool-214-thread-1] INFO  server.RaftServerConfigKeys (ConfUtils.java:logGet(44)) - raft.server.notification.no-leader.timeout = 2s (custom)
2022-01-06 14:12:32,577 [pool-214-thread-1] INFO  server.RaftServerConfigKeys (ConfUtils.java:logGet(44)) - raft.server.log.use.memory = false (default)
2022-01-06 14:12:32,577 [pool-214-thread-1] INFO  server.RaftServerConfigKeys (ConfUtils.java:logGet(44)) - raft.server.log.purge.gap = 50 (custom)
2022-01-06 14:12:32,577 [pool-214-thread-1] INFO  server.RaftServerConfigKeys (ConfUtils.java:logGet(44)) - raft.server.log.appender.buffer.byte-limit = 33554432 (custom)
2022-01-06 14:12:32,577 [pool-214-thread-1] INFO  server.RaftServerConfigKeys (ConfUtils.java:logGet(44)) - raft.server.log.segment.size.max = 4194304 (custom)
2022-01-06 14:12:32,578 [pool-214-thread-1] INFO  server.RaftServerConfigKeys (ConfUtils.java:logGet(44)) - raft.server.log.segment.cache.num.max = 2 (custom)
2022-01-06 14:12:32,578 [pool-214-thread-1] INFO  server.RaftServerConfigKeys (ConfUtils.java:logGet(44)) - raft.server.log.segment.cache.size.max = 200MB (=209715200) (default)
2022-01-06 14:12:32,578 [pool-214-thread-1] INFO  segmented.SegmentedRaftLogWorker (SegmentedRaftLogWorker.java:<init>(182)) - new omNode-1@group-523986131536-SegmentedRaftLogWorker for RaftStorageImpl:Storage Directory /home/runner/work/ozone/ozone/hadoop-ozone/integration-test/target/test-dir/MiniOzoneClusterImpl-fc1c6399-de52-4149-9dd2-17a3712db231/omNode-1/ratis/c9bc4cf4-3bc3-3c60-a66b-523986131536
2022-01-06 14:12:32,578 [pool-214-thread-1] INFO  server.RaftServerConfigKeys (ConfUtils.java:logGet(44)) - raft.server.log.queue.byte-limit = 64MB (=67108864) (default)
2022-01-06 14:12:32,578 [pool-214-thread-1] INFO  server.RaftServerConfigKeys (ConfUtils.java:logGet(44)) - raft.server.log.queue.element-limit = 4096 (default)
2022-01-06 14:12:32,578 [pool-214-thread-1] INFO  server.RaftServerConfigKeys (ConfUtils.java:logGet(44)) - raft.server.log.segment.size.max = 4194304 (custom)
2022-01-06 14:12:32,578 [pool-214-thread-1] INFO  server.RaftServerConfigKeys (ConfUtils.java:logGet(44)) - raft.server.log.preallocated.size = 4194304 (custom)
2022-01-06 14:12:32,578 [pool-214-thread-1] INFO  server.RaftServerConfigKeys (ConfUtils.java:logGet(44)) - raft.server.log.force.sync.num = 128 (default)
2022-01-06 14:12:32,578 [pool-214-thread-1] INFO  server.RaftServerConfigKeys (ConfUtils.java:logGet(44)) - raft.server.log.statemachine.data.sync = true (default)
2022-01-06 14:12:32,578 [pool-214-thread-1] INFO  server.RaftServerConfigKeys (ConfUtils.java:logGet(44)) - raft.server.log.statemachine.data.sync.timeout = 10s (default)
2022-01-06 14:12:32,578 [pool-214-thread-1] INFO  server.RaftServerConfigKeys (ConfUtils.java:logGet(44)) - raft.server.log.statemachine.data.sync.timeout.retry = -1 (default)
2022-01-06 14:12:32,579 [pool-214-thread-1] INFO  server.RaftServerConfigKeys (ConfUtils.java:logGet(44)) - raft.server.log.write.buffer.size = 64KB (=65536) (default)
2022-01-06 14:12:32,579 [pool-214-thread-1] INFO  server.RaftServerConfigKeys (ConfUtils.java:logGet(44)) - raft.server.log.statemachine.data.caching.enabled = false (default)
2022-01-06 14:12:32,579 [pool-214-thread-1] INFO  segmented.SegmentedRaftLogWorker (SegmentedRaftLogWorker.java:lambda$new$0(133)) - omNode-1@group-523986131536-SegmentedRaftLogWorker: flushIndex: setUnconditionally 0 -> 11
2022-01-06 14:12:32,579 [pool-214-thread-1] INFO  segmented.SegmentedRaftLogWorker (SegmentedRaftLogWorker.java:lambda$new$0(133)) - omNode-1@group-523986131536-SegmentedRaftLogWorker: safeCacheEvictIndex: setUnconditionally 0 -> -1
2022-01-06 14:12:32,579 [pool-214-thread-1] INFO  server.RaftServerConfigKeys (ConfUtils.java:logGet(44)) - raft.server.snapshot.auto.trigger.enabled = true (custom)
2022-01-06 14:12:32,579 [pool-214-thread-1] INFO  server.RaftServerConfigKeys (ConfUtils.java:logGet(44)) - raft.server.snapshot.auto.trigger.threshold = 50 (custom)
2022-01-06 14:12:32,580 [pool-214-thread-1] INFO  server.RaftServerConfigKeys (ConfUtils.java:logGet(44)) - raft.server.snapshot.retention.file.num = -1 (default)
2022-01-06 14:12:32,580 [pool-214-thread-1] INFO  server.RaftServerConfigKeys (ConfUtils.java:logGet(44)) - raft.server.log.purge.upto.snapshot.index = true (custom)
2022-01-06 14:12:32,580 [pool-214-thread-1] INFO  server.RaftServerConfigKeys (ConfUtils.java:logGet(44)) - raft.server.retrycache.expirytime = 30000ms (custom)
2022-01-06 14:12:32,580 [pool-214-thread-1] INFO  server.RaftServerConfigKeys (ConfUtils.java:logGet(44)) - raft.server.retrycache.statistics.expirytime = 100μs (default)
2022-01-06 14:12:32,581 [Listener at localhost/10228] INFO  server.RaftServer$Division (RaftServerImpl.java:start(301)) - omNode-1@group-523986131536: start as a follower, conf=0: [omNode-3|rpc:localhost:10232|admin:|client:|dataStream:|priority:0, omNode-1|rpc:localhost:10220|admin:|client:|dataStream:|priority:0, omNode-2|rpc:localhost:10226|admin:|client:|dataStream:|priority:0], old=null
2022-01-06 14:12:32,581 [Listener at localhost/10228] INFO  server.RaftServer$Division (RaftServerImpl.java:setRole(290)) - omNode-1@group-523986131536: changes role from      null to FOLLOWER at term 2 for startAsFollower
2022-01-06 14:12:32,581 [Listener at localhost/10228] INFO  impl.RoleInfo (RoleInfo.java:updateAndGet(130)) - omNode-1: start omNode-1@group-523986131536-FollowerState
2022-01-06 14:12:32,581 [Listener at localhost/10228] INFO  util.JmxRegister (JmxRegister.java:tryRegister(44)) - Successfully registered JMX Bean with object name Ratis:service=RaftServer,group=group-523986131536,id=omNode-1
2022-01-06 14:12:32,584 [Listener at localhost/10228] INFO  server.RaftServer (RaftServerProxy.java:lambda$start$5(374)) - omNode-1: start RPC server
2022-01-06 14:12:32,585 [Listener at localhost/10228] INFO  server.GrpcService (GrpcService.java:startImpl(253)) - omNode-1: GrpcService started, listening on 10220
2022-01-06 14:12:32,587 [Listener at localhost/10228] INFO  ipc.CallQueueManager (CallQueueManager.java:<init>(90)) - Using callQueue: class java.util.concurrent.LinkedBlockingQueue, queueCapacity: 2000, scheduler: class org.apache.hadoop.ipc.DefaultRpcScheduler, ipcBackoff: false.
2022-01-06 14:12:32,588 [org.apache.ratis.util.JvmPauseMonitor$$Lambda$531/572857286@7a73e015] INFO  util.JvmPauseMonitor (JvmPauseMonitor.java:run(103)) - JvmPauseMonitor-omNode-1: Started
2022-01-06 14:12:32,589 [Socket Reader #1 for port 10216] INFO  ipc.Server (Server.java:run(1265)) - Starting Socket Reader #1 for port 10216
2022-01-06 14:12:32,590 [Listener at localhost/10216] INFO  http.BaseHttpServer (BaseHttpServer.java:newHttpServer2BuilderForOzone(209)) - Starting Web-server for ozoneManager at: http://0.0.0.0:10218
2022-01-06 14:12:32,590 [Listener at localhost/10216] INFO  http.BaseHttpServer (BaseHttpServer.java:<init>(107)) - Hadoop Security Enabled: false Ozone Security Enabled: false Ozone HTTP Security Enabled: false 
2022-01-06 14:12:32,592 [Listener at localhost/10216] INFO  server.AuthenticationFilter (AuthenticationFilter.java:constructSecretProvider(240)) - Unable to initialize FileSignerSecretProvider, falling back to use random secrets.
2022-01-06 14:12:32,592 [Listener at localhost/10216] WARN  http.HttpRequestLog (HttpRequestLog.java:getRequestLog(103)) - Jetty request log can only be enabled using Log4j
2022-01-06 14:12:32,593 [Listener at localhost/10216] INFO  http.HttpServer2 (HttpServer2.java:addGlobalFilter(1030)) - Added global filter 'safety' (class=org.apache.hadoop.hdds.server.http.HttpServer2$QuotingInputFilter)
2022-01-06 14:12:32,594 [Listener at localhost/10216] INFO  http.HttpServer2 (HttpServer2.java:addFilter(1006)) - Added filter static_user_filter (class=org.apache.hadoop.http.lib.StaticUserWebFilter$StaticUserFilter) to context ozoneManager
2022-01-06 14:12:32,594 [Listener at localhost/10216] INFO  http.HttpServer2 (HttpServer2.java:addFilter(1014)) - Added filter static_user_filter (class=org.apache.hadoop.http.lib.StaticUserWebFilter$StaticUserFilter) to context static
2022-01-06 14:12:32,594 [Listener at localhost/10216] INFO  http.HttpServer2 (HttpServer2.java:addFilter(1014)) - Added filter static_user_filter (class=org.apache.hadoop.http.lib.StaticUserWebFilter$StaticUserFilter) to context logs
2022-01-06 14:12:32,595 [Listener at localhost/10216] INFO  http.HttpServer2 (HttpServer2.java:bindListener(1249)) - Jetty bound to port 10218
2022-01-06 14:12:32,595 [Listener at localhost/10216] INFO  server.Server (Server.java:doStart(375)) - jetty-9.4.43.v20210629; built: 2021-06-30T11:07:22.254Z; git: 526006ecfa3af7f1a27ef3a288e2bef7ea9dd7e8; jvm 1.8.0_292-b10
2022-01-06 14:12:32,596 [Listener at localhost/10216] INFO  server.session (DefaultSessionIdManager.java:doStart(334)) - DefaultSessionIdManager workerName=node0
2022-01-06 14:12:32,596 [Listener at localhost/10216] INFO  server.session (DefaultSessionIdManager.java:doStart(339)) - No SessionScavenger set, using defaults
2022-01-06 14:12:32,597 [Listener at localhost/10216] INFO  server.session (HouseKeeper.java:startScavenging(132)) - node0 Scavenging every 600000ms
2022-01-06 14:12:32,597 [Listener at localhost/10216] INFO  handler.ContextHandler (ContextHandler.java:doStart(915)) - Started o.e.j.s.ServletContextHandler@6feac9e7{logs,/logs,file:///home/runner/work/ozone/ozone/hadoop-ozone/integration-test/target/log,AVAILABLE}
2022-01-06 14:12:32,598 [Listener at localhost/10216] INFO  handler.ContextHandler (ContextHandler.java:doStart(915)) - Started o.e.j.s.ServletContextHandler@3b082f2c{static,/static,file:///home/runner/work/ozone/ozone/hadoop-ozone/integration-test/target/test-classes/webapps/static,AVAILABLE}
2022-01-06 14:12:32,601 [Listener at localhost/10216] INFO  handler.ContextHandler (ContextHandler.java:doStart(915)) - Started o.e.j.w.WebAppContext@30223431{ozoneManager,/,file:///home/runner/work/ozone/ozone/hadoop-ozone/integration-test/target/test-classes/webapps/ozoneManager/,AVAILABLE}{file:/home/runner/work/ozone/ozone/hadoop-ozone/integration-test/target/test-classes/webapps/ozoneManager}
2022-01-06 14:12:32,603 [Listener at localhost/10216] INFO  server.AbstractConnector (AbstractConnector.java:doStart(331)) - Started ServerConnector@582f873a{HTTP/1.1, (http/1.1)}{0.0.0.0:10218}
2022-01-06 14:12:32,603 [Listener at localhost/10216] INFO  server.Server (Server.java:doStart(415)) - Started @148372ms
2022-01-06 14:12:32,603 [Listener at localhost/10216] WARN  impl.MetricsSystemImpl (MetricsSystemImpl.java:register(279)) - Sink prometheus already exists!
2022-01-06 14:12:32,603 [Listener at localhost/10216] INFO  http.BaseHttpServer (BaseHttpServer.java:updateConnectorAddress(329)) - HTTP server of ozoneManager listening at http://0.0.0.0:10218
2022-01-06 14:12:32,604 [IPC Server Responder] INFO  ipc.Server (Server.java:run(1507)) - IPC Server Responder: starting
2022-01-06 14:12:32,609 [IPC Server listener on 10216] INFO  ipc.Server (Server.java:run(1344)) - IPC Server listener on 10216: starting
2022-01-06 14:12:32,618 [Listener at localhost/10216] INFO  om.OzoneManager (OzoneManager.java:startTrashEmptier(1792)) - Trash Interval set to 0. Files deleted will not move to trash
2022-01-06 14:12:32,618 [Listener at localhost/10216] INFO  om.OzoneManager (OzoneManager.java:stop(1893)) - omNode-2[localhost:10222]: Stopping Ozone Manager
2022-01-06 14:12:32,618 [org.apache.hadoop.util.JvmPauseMonitor$Monitor@7112468e] INFO  util.JvmPauseMonitor (JvmPauseMonitor.java:run(188)) - Starting JVM pause monitor
2022-01-06 14:12:32,619 [Listener at localhost/10216] INFO  ipc.Server (Server.java:stop(3414)) - Stopping server on 10222
2022-01-06 14:12:32,621 [IPC Server listener on 10222] INFO  ipc.Server (Server.java:run(1376)) - Stopping IPC Server listener on 10222
2022-01-06 14:12:32,621 [IPC Server Responder] INFO  ipc.Server (Server.java:run(1512)) - Stopping IPC Server Responder
2022-01-06 14:12:32,623 [Listener at localhost/10216] INFO  server.RaftServer (RaftServerProxy.java:lambda$close$6(391)) - omNode-2: close
2022-01-06 14:12:32,623 [Listener at localhost/10216] INFO  server.RaftServer$Division (RaftServerImpl.java:lambda$close$4(412)) - omNode-2@group-523986131536: shutdown
2022-01-06 14:12:32,623 [Listener at localhost/10216] INFO  util.JmxRegister (JmxRegister.java:unregister(73)) - Successfully un-registered JMX Bean with object name Ratis:service=RaftServer,group=group-523986131536,id=omNode-2
2022-01-06 14:12:32,623 [Listener at localhost/10216] INFO  impl.RoleInfo (RoleInfo.java:shutdownFollowerState(108)) - omNode-2: shutdown omNode-2@group-523986131536-FollowerState
2022-01-06 14:12:32,624 [Listener at localhost/10216] INFO  impl.StateMachineUpdater (StateMachineUpdater.java:stopAndJoin(149)) - omNode-2@group-523986131536-StateMachineUpdater: set stopIndex = 11
2022-01-06 14:12:32,624 [omNode-2@group-523986131536-FollowerState] INFO  impl.FollowerState (FollowerState.java:run(143)) - omNode-2@group-523986131536-FollowerState was interrupted: {}
java.lang.InterruptedException: sleep interrupted
	at java.lang.Thread.sleep(Native Method)
	at java.lang.Thread.sleep(Thread.java:340)
	at java.util.concurrent.TimeUnit.sleep(TimeUnit.java:386)
	at org.apache.ratis.util.TimeDuration.sleep(TimeDuration.java:324)
	at org.apache.ratis.util.TimeDuration.sleep(TimeDuration.java:309)
	at org.apache.ratis.server.impl.FollowerState.run(FollowerState.java:118)
2022-01-06 14:12:32,624 [omNode-2@group-523986131536-StateMachineUpdater] INFO  ratis.OzoneManagerStateMachine (OzoneManagerStateMachine.java:takeSnapshot(417)) - Current Snapshot Index (t:2, i:11)
2022-01-06 14:12:32,624 [omNode-2@group-523986131536-StateMachineUpdater] INFO  impl.StateMachineUpdater (StateMachineUpdater.java:takeSnapshot(281)) - omNode-2@group-523986131536-StateMachineUpdater: Took a snapshot at index 11
2022-01-06 14:12:32,624 [omNode-2@group-523986131536-StateMachineUpdater] INFO  impl.StateMachineUpdater (StateMachineUpdater.java:lambda$new$0(89)) - omNode-2@group-523986131536-StateMachineUpdater: snapshotIndex: updateIncreasingly -1 -> 11
2022-01-06 14:12:32,624 [omNode-2@group-523986131536-StateMachineUpdater] INFO  ratis.OzoneManagerStateMachine (OzoneManagerStateMachine.java:close(471)) - StateMachine has shutdown. Shutdown OzoneManager if not already shutdown.
2022-01-06 14:12:32,625 [Listener at localhost/10216] INFO  server.RaftServer$Division (ServerState.java:close(419)) - omNode-2@group-523986131536: closes. applyIndex: 11
2022-01-06 14:12:32,625 [omNode-2@group-523986131536-SegmentedRaftLogWorker] INFO  segmented.SegmentedRaftLogWorker (SegmentedRaftLogWorker.java:run(327)) - omNode-2@group-523986131536-SegmentedRaftLogWorker was interrupted, exiting. There are 0 tasks remaining in the queue.
2022-01-06 14:12:32,625 [Listener at localhost/10216] INFO  segmented.SegmentedRaftLogWorker (SegmentedRaftLogWorker.java:close(237)) - omNode-2@group-523986131536-SegmentedRaftLogWorker close()
2022-01-06 14:12:32,626 [Listener at localhost/10216] INFO  server.GrpcService (GrpcService.java:closeImpl(262)) - omNode-2: shutdown server with port 10226 now
2022-01-06 14:12:32,629 [Listener at localhost/10216] INFO  server.GrpcService (GrpcService.java:closeImpl(271)) - omNode-2: shutdown server with port 10226 successfully
2022-01-06 14:12:32,629 [org.apache.ratis.util.JvmPauseMonitor$$Lambda$531/572857286@5078c8f6] INFO  util.JvmPauseMonitor (JvmPauseMonitor.java:run(109)) - JvmPauseMonitor-omNode-2: Stopped
2022-01-06 14:12:32,629 [Listener at localhost/10216] INFO  ratis.OzoneManagerDoubleBuffer (OzoneManagerDoubleBuffer.java:stop(437)) - Stopping OMDoubleBuffer flush thread
2022-01-06 14:12:32,629 [OMDoubleBufferFlushThread] INFO  ratis.OzoneManagerDoubleBuffer (OzoneManagerDoubleBuffer.java:flushTransactions(356)) - OMDoubleBuffer flush thread OMDoubleBufferFlushThread is interrupted and will exit. OMDoubleBufferFlushThread
2022-01-06 14:12:32,630 [Listener at localhost/10216] INFO  utils.BackgroundService (BackgroundService.java:shutdown(132)) - Shutting down service KeyDeletingService
2022-01-06 14:12:32,630 [Listener at localhost/10216] INFO  utils.BackgroundService (BackgroundService.java:shutdown(132)) - Shutting down service DirectoryDeletingService
2022-01-06 14:12:32,632 [Listener at localhost/10216] INFO  handler.ContextHandler (ContextHandler.java:doStop(1153)) - Stopped o.e.j.w.WebAppContext@2be0ea4a{ozoneManager,/,null,STOPPED}{file:/home/runner/work/ozone/ozone/hadoop-ozone/integration-test/target/test-classes/webapps/ozoneManager}
2022-01-06 14:12:32,633 [Listener at localhost/10216] INFO  server.AbstractConnector (AbstractConnector.java:doStop(381)) - Stopped ServerConnector@60e06e7e{HTTP/1.1, (http/1.1)}{0.0.0.0:10224}
2022-01-06 14:12:32,633 [Listener at localhost/10216] INFO  server.session (HouseKeeper.java:stopScavenging(149)) - node0 Stopped scavenging
2022-01-06 14:12:32,635 [Listener at localhost/10216] INFO  handler.ContextHandler (ContextHandler.java:doStop(1153)) - Stopped o.e.j.s.ServletContextHandler@1314700e{static,/static,file:///home/runner/work/ozone/ozone/hadoop-ozone/integration-test/target/test-classes/webapps/static,STOPPED}
2022-01-06 14:12:32,636 [Listener at localhost/10216] INFO  handler.ContextHandler (ContextHandler.java:doStop(1153)) - Stopped o.e.j.s.ServletContextHandler@1197cd8{logs,/logs,file:///home/runner/work/ozone/ozone/hadoop-ozone/integration-test/target/log,STOPPED}
2022-01-06 14:12:32,639 [Listener at localhost/10216] INFO  om.OzoneManager (OzoneManager.java:restart(1451)) - OzoneManager RPC server is listening at localhost/127.0.0.1:10222
2022-01-06 14:12:32,639 [Listener at localhost/10216] INFO  impl.MetricsSystemImpl (MetricsSystemImpl.java:init(158)) - OzoneManager metrics system started (again)
2022-01-06 14:12:32,654 [Listener at localhost/10216] WARN  server.ServerUtils (ServerUtils.java:getDBPath(225)) - ozone.om.db.dirs is not configured. We recommend adding this setting. Falling back to ozone.metadata.dirs instead.
2022-01-06 14:12:32,655 [Listener at localhost/10216] INFO  codec.OmKeyInfoCodec (OmKeyInfoCodec.java:<init>(50)) - OmKeyInfoCodec ignorePipeline = true
2022-01-06 14:12:32,656 [Listener at localhost/10216] INFO  codec.RepeatedOmKeyInfoCodec (RepeatedOmKeyInfoCodec.java:<init>(42)) - RepeatedOmKeyInfoCodec ignorePipeline = true
2022-01-06 14:12:32,688 [Listener at localhost/10216] WARN  om.OzoneManager (OzoneManager.java:instantiatePrepareStateOnStartup(3813)) - Prepare marker file index 11 does not match DB prepare index 9. Writing DB index to prepare file and maintaining prepared state.
2022-01-06 14:12:32,689 [Listener at localhost/10216] INFO  om.OzoneManagerPrepareState (OzoneManagerPrepareState.java:writePrepareMarkerFile(262)) - Prepare marker file written with log index 9 to file /home/runner/work/ozone/ozone/hadoop-ozone/integration-test/target/test-dir/MiniOzoneClusterImpl-fc1c6399-de52-4149-9dd2-17a3712db231/omNode-2/current/prepareMarker
2022-01-06 14:12:32,689 [Listener at localhost/10216] WARN  impl.MetricRegistriesImpl (MetricRegistriesImpl.java:addReporterRegistration(111)) - New reporters are added after registries were created. Some metrics will be missing from the reporter. Please add reporter before adding any new registry.
2022-01-06 14:12:32,689 [Listener at localhost/10216] WARN  impl.MetricRegistriesImpl (MetricRegistriesImpl.java:addReporterRegistration(111)) - New reporters are added after registries were created. Some metrics will be missing from the reporter. Please add reporter before adding any new registry.
2022-01-06 14:12:32,690 [Listener at localhost/10216] WARN  server.ServerUtils (ServerUtils.java:getDefaultRatisDirectory(237)) - Storage directory for Ratis is not configured. It is a good idea to map this to an SSD disk. Falling back to ozone.metadata.dirs
2022-01-06 14:12:32,691 [Listener at localhost/10216] INFO  ratis.OzoneManagerRatisServer (OzoneManagerRatisServer.java:<init>(159)) - Instantiating OM Ratis server with groupID: om-service-test1 and peers: localhost:10226, localhost:10232, localhost:10220
2022-01-06 14:12:32,691 [Listener at localhost/10216] INFO  ratis.OzoneManagerStateMachine (OzoneManagerStateMachine.java:loadSnapshotInfoFromDB(605)) - LastAppliedIndex is set from TransactionInfo from OM DB as (t:2, i:11)
2022-01-06 14:12:32,691 [Listener at localhost/10216] INFO  server.RaftServer (ConfUtils.java:logGet(44)) - raft.rpc.type = GRPC (default)
2022-01-06 14:12:32,691 [Listener at localhost/10216] INFO  grpc.GrpcFactory (GrpcFactory.java:checkPooledByteBufAllocatorUseCacheForAllThreads(48)) - PERFORMANCE WARNING: useCacheForAllThreads is true that may cause Netty to create a lot garbage objects and, as a result, trigger GC.
	It is recommended to disable useCacheForAllThreads by setting -Dorg.apache.ratis.thirdparty.io.netty.allocator.useCacheForAllThreads=false in command line.
2022-01-06 14:12:32,691 [Listener at localhost/10216] INFO  grpc.GrpcConfigKeys (ConfUtils.java:logGet(44)) - raft.grpc.admin.port = -1 (default)
2022-01-06 14:12:32,692 [Listener at localhost/10216] INFO  grpc.GrpcConfigKeys (ConfUtils.java:logGet(44)) - raft.grpc.server.port = 10226 (custom)
2022-01-06 14:12:32,692 [Listener at localhost/10216] INFO  grpc.GrpcConfigKeys (ConfUtils.java:logGet(44)) - raft.grpc.client.port = -1 (default)
2022-01-06 14:12:32,692 [Listener at localhost/10216] INFO  grpc.GrpcConfigKeys (ConfUtils.java:logGet(44)) - raft.grpc.server.port = 10226 (custom)
2022-01-06 14:12:32,692 [Listener at localhost/10216] INFO  grpc.GrpcConfigKeys (ConfUtils.java:logGet(44)) - raft.grpc.server.port = 10226 (custom)
2022-01-06 14:12:32,692 [Listener at localhost/10216] INFO  server.GrpcService (ConfUtils.java:logGet(44)) - raft.grpc.message.size.max = 33554432 (custom)
2022-01-06 14:12:32,692 [Listener at localhost/10216] INFO  server.RaftServerConfigKeys (ConfUtils.java:logGet(44)) - raft.server.log.appender.buffer.byte-limit = 33554432 (custom)
2022-01-06 14:12:32,692 [Listener at localhost/10216] INFO  server.GrpcService (ConfUtils.java:logGet(44)) - raft.grpc.flow.control.window = 1MB (=1048576) (default)
2022-01-06 14:12:32,692 [Listener at localhost/10216] INFO  server.RaftServerConfigKeys (ConfUtils.java:logGet(44)) - raft.server.rpc.request.timeout = 3000ms (default)
2022-01-06 14:12:32,693 [Listener at localhost/10216] INFO  impl.DataStreamServerImpl (ConfUtils.java:logGet(44)) - raft.datastream.type = DISABLED (default)
2022-01-06 14:12:32,693 [Listener at localhost/10216] INFO  server.RaftServerConfigKeys (ConfUtils.java:logGet(44)) - raft.server.rpc.slowness.timeout = 2s (custom)
2022-01-06 14:12:32,694 [Listener at localhost/10216] INFO  server.RaftServerConfigKeys (ConfUtils.java:logGet(44)) - raft.server.leaderelection.leader.step-down.wait-time = 10s (default)
2022-01-06 14:12:32,694 [Listener at localhost/10216] INFO  server.RaftServerConfigKeys (ConfUtils.java:logGet(44)) - raft.server.storage.dir = [/home/runner/work/ozone/ozone/hadoop-ozone/integration-test/target/test-dir/MiniOzoneClusterImpl-fc1c6399-de52-4149-9dd2-17a3712db231/omNode-2/ratis] (custom)
2022-01-06 14:12:32,694 [Listener at localhost/10216] INFO  server.RaftServer (RaftServerProxy.java:lambda$null$1(235)) - omNode-2: found a subdirectory /home/runner/work/ozone/ozone/hadoop-ozone/integration-test/target/test-dir/MiniOzoneClusterImpl-fc1c6399-de52-4149-9dd2-17a3712db231/omNode-2/ratis/c9bc4cf4-3bc3-3c60-a66b-523986131536
2022-01-06 14:12:32,694 [Listener at localhost/10216] INFO  server.RaftServer (RaftServerProxy.java:addNew(95)) - omNode-2: addNew group-523986131536:[omNode-3|rpc:localhost:10232|priority:0, omNode-1|rpc:localhost:10220|priority:0, omNode-2|rpc:localhost:10226|priority:0] returns group-523986131536:java.util.concurrent.CompletableFuture@29b14339[Not completed]
2022-01-06 14:12:32,694 [Listener at localhost/10216] INFO  om.OzoneManager (OzoneManager.java:initializeRatisServer(1834)) - OzoneManager Ratis server initialized at port 10226
2022-01-06 14:12:32,694 [Listener at localhost/10216] INFO  ratis.OzoneManagerRatisServer (OzoneManagerRatisServer.java:start(554)) - Starting OzoneManagerRatisServer omNode-2 at port 10226
2022-01-06 14:12:32,694 [pool-234-thread-1] INFO  server.RaftServer$Division (RaftServerImpl.java:<init>(184)) - omNode-2: new RaftServerImpl for group-523986131536:[omNode-3|rpc:localhost:10232|priority:0, omNode-1|rpc:localhost:10220|priority:0, omNode-2|rpc:localhost:10226|priority:0] with OzoneManagerStateMachine:uninitialized
2022-01-06 14:12:32,695 [pool-234-thread-1] INFO  server.RaftServerConfigKeys (ConfUtils.java:logGet(44)) - raft.server.rpc.timeout.min = 1s (custom)
2022-01-06 14:12:32,696 [pool-234-thread-1] INFO  server.RaftServerConfigKeys (ConfUtils.java:logGet(44)) - raft.server.rpc.timeout.max = 1200ms (custom)
2022-01-06 14:12:32,696 [pool-234-thread-1] INFO  server.RaftServerConfigKeys (ConfUtils.java:logGet(44)) - raft.server.rpc.sleep.time = 25ms (default)
2022-01-06 14:12:32,696 [pool-234-thread-1] INFO  server.RaftServerConfigKeys (ConfUtils.java:logGet(44)) - raft.server.rpc.slowness.timeout = 2s (custom)
2022-01-06 14:12:32,696 [pool-234-thread-1] INFO  server.RaftServerConfigKeys (ConfUtils.java:logGet(44)) - raft.server.leaderelection.leader.step-down.wait-time = 10s (default)
2022-01-06 14:12:32,696 [pool-234-thread-1] INFO  server.RaftServerConfigKeys (ConfUtils.java:logGet(44)) - raft.server.sleep.deviation.threshold = 300ms (default)
2022-01-06 14:12:32,696 [pool-234-thread-1] INFO  server.RaftServerConfigKeys (ConfUtils.java:logGet(44)) - raft.server.log.appender.install.snapshot.enabled = false (custom)
2022-01-06 14:12:32,696 [pool-234-thread-1] INFO  server.RaftServer$Division (ServerState.java:<init>(105)) - omNode-2@group-523986131536: ConfigurationManager, init=-1: [omNode-3|rpc:localhost:10232|priority:0, omNode-1|rpc:localhost:10220|priority:0, omNode-2|rpc:localhost:10226|priority:0], old=null, confs=<EMPTY_MAP>
2022-01-06 14:12:32,696 [pool-234-thread-1] INFO  server.RaftServerConfigKeys (ConfUtils.java:logGet(44)) - raft.server.storage.dir = [/home/runner/work/ozone/ozone/hadoop-ozone/integration-test/target/test-dir/MiniOzoneClusterImpl-fc1c6399-de52-4149-9dd2-17a3712db231/omNode-2/ratis] (custom)
2022-01-06 14:12:32,696 [pool-234-thread-1] INFO  server.RaftServerConfigKeys (ConfUtils.java:logGet(44)) - raft.server.log.corruption.policy = EXCEPTION (default)
2022-01-06 14:12:32,696 [pool-234-thread-1] INFO  server.RaftServerConfigKeys (ConfUtils.java:logGet(44)) - raft.server.storage.free-space.min = 0MB (=0) (default)
2022-01-06 14:12:32,697 [pool-234-thread-1] INFO  storage.RaftStorageDirectory (RaftStorageDirectoryImpl.java:tryLock(230)) - Lock on /home/runner/work/ozone/ozone/hadoop-ozone/integration-test/target/test-dir/MiniOzoneClusterImpl-fc1c6399-de52-4149-9dd2-17a3712db231/omNode-2/ratis/c9bc4cf4-3bc3-3c60-a66b-523986131536/in_use.lock acquired by nodename 10391@fv-az297-741
2022-01-06 14:12:32,698 [pool-234-thread-1] INFO  storage.RaftStorage (RaftStorageImpl.java:analyzeAndRecoverStorage(110)) - Read RaftStorageMetadata{term=2, votedFor=omNode-1} from /home/runner/work/ozone/ozone/hadoop-ozone/integration-test/target/test-dir/MiniOzoneClusterImpl-fc1c6399-de52-4149-9dd2-17a3712db231/omNode-2/ratis/c9bc4cf4-3bc3-3c60-a66b-523986131536/current/raft-meta
2022-01-06 14:12:32,698 [pool-234-thread-1] INFO  server.RaftServer$Division (ServerState.java:setRaftConf(387)) - omNode-2@group-523986131536: set configuration 0: [omNode-3|rpc:localhost:10232|admin:|client:|dataStream:|priority:0, omNode-1|rpc:localhost:10220|admin:|client:|dataStream:|priority:0, omNode-2|rpc:localhost:10226|admin:|client:|dataStream:|priority:0], old=null
2022-01-06 14:12:32,698 [pool-234-thread-1] INFO  server.RaftServerConfigKeys (ConfUtils.java:logGet(44)) - raft.server.notification.no-leader.timeout = 2s (custom)
2022-01-06 14:12:32,698 [pool-234-thread-1] INFO  server.RaftServerConfigKeys (ConfUtils.java:logGet(44)) - raft.server.log.use.memory = false (default)
2022-01-06 14:12:32,698 [pool-234-thread-1] INFO  server.RaftServerConfigKeys (ConfUtils.java:logGet(44)) - raft.server.log.purge.gap = 50 (custom)
2022-01-06 14:12:32,698 [pool-234-thread-1] INFO  server.RaftServerConfigKeys (ConfUtils.java:logGet(44)) - raft.server.log.appender.buffer.byte-limit = 33554432 (custom)
2022-01-06 14:12:32,698 [pool-234-thread-1] INFO  server.RaftServerConfigKeys (ConfUtils.java:logGet(44)) - raft.server.log.segment.size.max = 4194304 (custom)
2022-01-06 14:12:32,699 [pool-234-thread-1] INFO  server.RaftServerConfigKeys (ConfUtils.java:logGet(44)) - raft.server.log.segment.cache.num.max = 2 (custom)
2022-01-06 14:12:32,699 [pool-234-thread-1] INFO  server.RaftServerConfigKeys (ConfUtils.java:logGet(44)) - raft.server.log.segment.cache.size.max = 200MB (=209715200) (default)
2022-01-06 14:12:32,699 [pool-234-thread-1] INFO  segmented.SegmentedRaftLogWorker (SegmentedRaftLogWorker.java:<init>(182)) - new omNode-2@group-523986131536-SegmentedRaftLogWorker for RaftStorageImpl:Storage Directory /home/runner/work/ozone/ozone/hadoop-ozone/integration-test/target/test-dir/MiniOzoneClusterImpl-fc1c6399-de52-4149-9dd2-17a3712db231/omNode-2/ratis/c9bc4cf4-3bc3-3c60-a66b-523986131536
2022-01-06 14:12:32,699 [pool-234-thread-1] INFO  server.RaftServerConfigKeys (ConfUtils.java:logGet(44)) - raft.server.log.queue.byte-limit = 64MB (=67108864) (default)
2022-01-06 14:12:32,699 [pool-234-thread-1] INFO  server.RaftServerConfigKeys (ConfUtils.java:logGet(44)) - raft.server.log.queue.element-limit = 4096 (default)
2022-01-06 14:12:32,699 [pool-234-thread-1] INFO  server.RaftServerConfigKeys (ConfUtils.java:logGet(44)) - raft.server.log.segment.size.max = 4194304 (custom)
2022-01-06 14:12:32,699 [pool-234-thread-1] INFO  server.RaftServerConfigKeys (ConfUtils.java:logGet(44)) - raft.server.log.preallocated.size = 4194304 (custom)
2022-01-06 14:12:32,699 [pool-234-thread-1] INFO  server.RaftServerConfigKeys (ConfUtils.java:logGet(44)) - raft.server.log.force.sync.num = 128 (default)
2022-01-06 14:12:32,699 [pool-234-thread-1] INFO  server.RaftServerConfigKeys (ConfUtils.java:logGet(44)) - raft.server.log.statemachine.data.sync = true (default)
2022-01-06 14:12:32,699 [pool-234-thread-1] INFO  server.RaftServerConfigKeys (ConfUtils.java:logGet(44)) - raft.server.log.statemachine.data.sync.timeout = 10s (default)
2022-01-06 14:12:32,699 [pool-234-thread-1] INFO  server.RaftServerConfigKeys (ConfUtils.java:logGet(44)) - raft.server.log.statemachine.data.sync.timeout.retry = -1 (default)
2022-01-06 14:12:32,700 [pool-234-thread-1] INFO  server.RaftServerConfigKeys (ConfUtils.java:logGet(44)) - raft.server.log.write.buffer.size = 64KB (=65536) (default)
2022-01-06 14:12:32,700 [pool-234-thread-1] INFO  server.RaftServerConfigKeys (ConfUtils.java:logGet(44)) - raft.server.log.statemachine.data.caching.enabled = false (default)
2022-01-06 14:12:32,700 [pool-234-thread-1] INFO  segmented.SegmentedRaftLogWorker (SegmentedRaftLogWorker.java:lambda$new$0(133)) - omNode-2@group-523986131536-SegmentedRaftLogWorker: flushIndex: setUnconditionally 0 -> 11
2022-01-06 14:12:32,700 [pool-234-thread-1] INFO  segmented.SegmentedRaftLogWorker (SegmentedRaftLogWorker.java:lambda$new$0(133)) - omNode-2@group-523986131536-SegmentedRaftLogWorker: safeCacheEvictIndex: setUnconditionally 0 -> -1
2022-01-06 14:12:32,701 [pool-234-thread-1] INFO  server.RaftServerConfigKeys (ConfUtils.java:logGet(44)) - raft.server.snapshot.auto.trigger.enabled = true (custom)
2022-01-06 14:12:32,701 [pool-234-thread-1] INFO  server.RaftServerConfigKeys (ConfUtils.java:logGet(44)) - raft.server.snapshot.auto.trigger.threshold = 50 (custom)
2022-01-06 14:12:32,701 [pool-234-thread-1] INFO  server.RaftServerConfigKeys (ConfUtils.java:logGet(44)) - raft.server.snapshot.retention.file.num = -1 (default)
2022-01-06 14:12:32,701 [pool-234-thread-1] INFO  server.RaftServerConfigKeys (ConfUtils.java:logGet(44)) - raft.server.log.purge.upto.snapshot.index = true (custom)
2022-01-06 14:12:32,701 [pool-234-thread-1] INFO  server.RaftServerConfigKeys (ConfUtils.java:logGet(44)) - raft.server.retrycache.expirytime = 30000ms (custom)
2022-01-06 14:12:32,701 [pool-234-thread-1] INFO  server.RaftServerConfigKeys (ConfUtils.java:logGet(44)) - raft.server.retrycache.statistics.expirytime = 100μs (default)
2022-01-06 14:12:32,703 [Listener at localhost/10216] INFO  server.RaftServer$Division (RaftServerImpl.java:start(301)) - omNode-2@group-523986131536: start as a follower, conf=0: [omNode-3|rpc:localhost:10232|admin:|client:|dataStream:|priority:0, omNode-1|rpc:localhost:10220|admin:|client:|dataStream:|priority:0, omNode-2|rpc:localhost:10226|admin:|client:|dataStream:|priority:0], old=null
2022-01-06 14:12:32,703 [Listener at localhost/10216] INFO  server.RaftServer$Division (RaftServerImpl.java:setRole(290)) - omNode-2@group-523986131536: changes role from      null to FOLLOWER at term 2 for startAsFollower
2022-01-06 14:12:32,703 [Listener at localhost/10216] INFO  impl.RoleInfo (RoleInfo.java:updateAndGet(130)) - omNode-2: start omNode-2@group-523986131536-FollowerState
2022-01-06 14:12:32,704 [Listener at localhost/10216] INFO  util.JmxRegister (JmxRegister.java:tryRegister(44)) - Successfully registered JMX Bean with object name Ratis:service=RaftServer,group=group-523986131536,id=omNode-2
2022-01-06 14:12:32,704 [Listener at localhost/10216] INFO  server.RaftServer (RaftServerProxy.java:lambda$start$5(374)) - omNode-2: start RPC server
2022-01-06 14:12:32,705 [Listener at localhost/10216] INFO  server.GrpcService (GrpcService.java:startImpl(253)) - omNode-2: GrpcService started, listening on 10226
2022-01-06 14:12:32,705 [Listener at localhost/10216] INFO  ipc.CallQueueManager (CallQueueManager.java:<init>(90)) - Using callQueue: class java.util.concurrent.LinkedBlockingQueue, queueCapacity: 2000, scheduler: class org.apache.hadoop.ipc.DefaultRpcScheduler, ipcBackoff: false.
2022-01-06 14:12:32,706 [org.apache.ratis.util.JvmPauseMonitor$$Lambda$531/572857286@65833a85] INFO  util.JvmPauseMonitor (JvmPauseMonitor.java:run(103)) - JvmPauseMonitor-omNode-2: Started
2022-01-06 14:12:32,706 [Socket Reader #1 for port 10222] INFO  ipc.Server (Server.java:run(1265)) - Starting Socket Reader #1 for port 10222
2022-01-06 14:12:32,718 [Listener at localhost/10222] INFO  http.BaseHttpServer (BaseHttpServer.java:newHttpServer2BuilderForOzone(209)) - Starting Web-server for ozoneManager at: http://0.0.0.0:10224
2022-01-06 14:12:32,718 [Listener at localhost/10222] INFO  http.BaseHttpServer (BaseHttpServer.java:<init>(107)) - Hadoop Security Enabled: false Ozone Security Enabled: false Ozone HTTP Security Enabled: false 
2022-01-06 14:12:32,720 [Listener at localhost/10222] INFO  server.AuthenticationFilter (AuthenticationFilter.java:constructSecretProvider(240)) - Unable to initialize FileSignerSecretProvider, falling back to use random secrets.
2022-01-06 14:12:32,720 [Listener at localhost/10222] WARN  http.HttpRequestLog (HttpRequestLog.java:getRequestLog(103)) - Jetty request log can only be enabled using Log4j
2022-01-06 14:12:32,721 [Listener at localhost/10222] INFO  http.HttpServer2 (HttpServer2.java:addGlobalFilter(1030)) - Added global filter 'safety' (class=org.apache.hadoop.hdds.server.http.HttpServer2$QuotingInputFilter)
2022-01-06 14:12:32,722 [Listener at localhost/10222] INFO  http.HttpServer2 (HttpServer2.java:addFilter(1006)) - Added filter static_user_filter (class=org.apache.hadoop.http.lib.StaticUserWebFilter$StaticUserFilter) to context ozoneManager
2022-01-06 14:12:32,722 [Listener at localhost/10222] INFO  http.HttpServer2 (HttpServer2.java:addFilter(1014)) - Added filter static_user_filter (class=org.apache.hadoop.http.lib.StaticUserWebFilter$StaticUserFilter) to context logs
2022-01-06 14:12:32,722 [Listener at localhost/10222] INFO  http.HttpServer2 (HttpServer2.java:addFilter(1014)) - Added filter static_user_filter (class=org.apache.hadoop.http.lib.StaticUserWebFilter$StaticUserFilter) to context static
2022-01-06 14:12:32,723 [Listener at localhost/10222] INFO  http.HttpServer2 (HttpServer2.java:bindListener(1249)) - Jetty bound to port 10224
2022-01-06 14:12:32,723 [Listener at localhost/10222] INFO  server.Server (Server.java:doStart(375)) - jetty-9.4.43.v20210629; built: 2021-06-30T11:07:22.254Z; git: 526006ecfa3af7f1a27ef3a288e2bef7ea9dd7e8; jvm 1.8.0_292-b10
2022-01-06 14:12:32,725 [Listener at localhost/10222] INFO  server.session (DefaultSessionIdManager.java:doStart(334)) - DefaultSessionIdManager workerName=node0
2022-01-06 14:12:32,725 [Listener at localhost/10222] INFO  server.session (DefaultSessionIdManager.java:doStart(339)) - No SessionScavenger set, using defaults
2022-01-06 14:12:32,725 [Listener at localhost/10222] INFO  server.session (HouseKeeper.java:startScavenging(132)) - node0 Scavenging every 600000ms
2022-01-06 14:12:32,726 [Listener at localhost/10222] INFO  handler.ContextHandler (ContextHandler.java:doStart(915)) - Started o.e.j.s.ServletContextHandler@3e05c3d6{logs,/logs,file:///home/runner/work/ozone/ozone/hadoop-ozone/integration-test/target/log,AVAILABLE}
2022-01-06 14:12:32,727 [Listener at localhost/10222] INFO  handler.ContextHandler (ContextHandler.java:doStart(915)) - Started o.e.j.s.ServletContextHandler@185e4709{static,/static,file:///home/runner/work/ozone/ozone/hadoop-ozone/integration-test/target/test-classes/webapps/static,AVAILABLE}
2022-01-06 14:12:32,730 [Listener at localhost/10222] INFO  handler.ContextHandler (ContextHandler.java:doStart(915)) - Started o.e.j.w.WebAppContext@26a55508{ozoneManager,/,file:///home/runner/work/ozone/ozone/hadoop-ozone/integration-test/target/test-classes/webapps/ozoneManager/,AVAILABLE}{file:/home/runner/work/ozone/ozone/hadoop-ozone/integration-test/target/test-classes/webapps/ozoneManager}
2022-01-06 14:12:32,734 [Listener at localhost/10222] INFO  server.AbstractConnector (AbstractConnector.java:doStart(331)) - Started ServerConnector@531a856b{HTTP/1.1, (http/1.1)}{0.0.0.0:10224}
2022-01-06 14:12:32,734 [Listener at localhost/10222] INFO  server.Server (Server.java:doStart(415)) - Started @148503ms
2022-01-06 14:12:32,734 [Listener at localhost/10222] WARN  impl.MetricsSystemImpl (MetricsSystemImpl.java:register(279)) - Sink prometheus already exists!
2022-01-06 14:12:32,735 [Listener at localhost/10222] INFO  http.BaseHttpServer (BaseHttpServer.java:updateConnectorAddress(329)) - HTTP server of ozoneManager listening at http://0.0.0.0:10224
2022-01-06 14:12:32,735 [IPC Server Responder] INFO  ipc.Server (Server.java:run(1507)) - IPC Server Responder: starting
2022-01-06 14:12:32,735 [IPC Server listener on 10222] INFO  ipc.Server (Server.java:run(1344)) - IPC Server listener on 10222: starting
2022-01-06 14:12:32,743 [Listener at localhost/10222] INFO  om.OzoneManager (OzoneManager.java:startTrashEmptier(1792)) - Trash Interval set to 0. Files deleted will not move to trash
2022-01-06 14:12:32,743 [org.apache.hadoop.util.JvmPauseMonitor$Monitor@18cb083] INFO  util.JvmPauseMonitor (JvmPauseMonitor.java:run(188)) - Starting JVM pause monitor
]]></system-out>
  </testcase>
  <testcase name="testCancelPrepare" classname="org.apache.hadoop.ozone.om.TestOzoneManagerPrepare" time="12.555"/>
  <testcase name="testPrepareWithTransactions" classname="org.apache.hadoop.ozone.om.TestOzoneManagerPrepare" time="22.511"/>
  <testcase name="testPrepareDownedOM" classname="org.apache.hadoop.ozone.om.TestOzoneManagerPrepare" time="12.96"/>
  <testcase name="testPrepareWithRestart" classname="org.apache.hadoop.ozone.om.TestOzoneManagerPrepare" time="49.277"/>
</testsuite>