<?xml version="1.0" encoding="UTF-8"?>
<testsuite xmlns:xsi="http://www.w3.org/2001/XMLSchema-instance" xsi:noNamespaceSchemaLocation="https://maven.apache.org/surefire/maven-surefire-plugin/xsd/surefire-test-report.xsd" version="3.0.2" name="org.apache.hadoop.ozone.client.rpc.TestSecureOzoneRpcClient" time="146.62" tests="187" errors="0" skipped="0" failures="1">
  <properties>
    <property name="java.specification.version" value="21"/>
    <property name="log4j.configurationFile" value="auditlog.properties"/>
    <property name="sun.jnu.encoding" value="UTF-8"/>
    <property name="java.class.path" value="/home/runner/work/ozone/ozone/hadoop-ozone/integration-test/target/test-classes:/home/runner/work/ozone/ozone/hadoop-ozone/integration-test/target/classes:/home/runner/.m2/repository/ch/qos/reload4j/reload4j/1.2.26/reload4j-1.2.26.jar:/home/runner/.m2/repository/com/fasterxml/jackson/core/jackson-core/2.16.2/jackson-core-2.16.2.jar:/home/runner/.m2/repository/com/fasterxml/jackson/core/jackson-databind/2.16.2/jackson-databind-2.16.2.jar:/home/runner/.m2/repository/com/fasterxml/jackson/core/jackson-annotations/2.16.2/jackson-annotations-2.16.2.jar:/home/runner/.m2/repository/com/github/stephenc/jcip/jcip-annotations/1.0-1/jcip-annotations-1.0-1.jar:/home/runner/.m2/repository/com/google/guava/guava/33.5.0-jre/guava-33.5.0-jre.jar:/home/runner/.m2/repository/com/google/guava/failureaccess/1.0.3/failureaccess-1.0.3.jar:/home/runner/.m2/repository/com/google/guava/listenablefuture/9999.0-empty-to-avoid-conflict-with-guava/listenablefuture-9999.0-empty-to-avoid-conflict-with-guava.jar:/home/runner/.m2/repository/org/jspecify/jspecify/1.0.0/jspecify-1.0.0.jar:/home/runner/.m2/repository/com/google/errorprone/error_prone_annotations/2.29.2/error_prone_annotations-2.29.2.jar:/home/runner/.m2/repository/com/google/j2objc/j2objc-annotations/3.1/j2objc-annotations-3.1.jar:/home/runner/.m2/repository/com/google/protobuf/protobuf-java/2.5.0/protobuf-java-2.5.0.jar:/home/runner/.m2/repository/com/squareup/okhttp3/okhttp/4.12.0/okhttp-4.12.0.jar:/home/runner/.m2/repository/com/squareup/okio/okio/3.6.0/okio-3.6.0.jar:/home/runner/.m2/repository/com/squareup/okio/okio-jvm/3.6.0/okio-jvm-3.6.0.jar:/home/runner/.m2/repository/org/jetbrains/kotlin/kotlin-stdlib-common/1.9.25/kotlin-stdlib-common-1.9.25.jar:/home/runner/.m2/repository/org/jetbrains/kotlin/kotlin-stdlib-jdk8/1.9.25/kotlin-stdlib-jdk8-1.9.25.jar:/home/runner/.m2/repository/org/jetbrains/kotlin/kotlin-stdlib/1.9.25/kotlin-stdlib-1.9.25.jar:/home/runner/.m2/repository/org/jetbrains/annotations/13.0/annotations-13.0.jar:/home/runner/.m2/repository/org/jetbrains/kotlin/kotlin-stdlib-jdk7/1.9.25/kotlin-stdlib-jdk7-1.9.25.jar:/home/runner/.m2/repository/commons-codec/commons-codec/1.18.0/commons-codec-1.18.0.jar:/home/runner/.m2/repository/commons-io/commons-io/2.18.0/commons-io-2.18.0.jar:/home/runner/.m2/repository/commons-validator/commons-validator/1.10.0/commons-validator-1.10.0.jar:/home/runner/.m2/repository/commons-beanutils/commons-beanutils/1.11.0/commons-beanutils-1.11.0.jar:/home/runner/.m2/repository/commons-digester/commons-digester/2.1/commons-digester-2.1.jar:/home/runner/.m2/repository/commons-collections/commons-collections/3.2.2/commons-collections-3.2.2.jar:/home/runner/.m2/repository/info/picocli/picocli/4.7.7/picocli-4.7.7.jar:/home/runner/.m2/repository/jakarta/annotation/jakarta.annotation-api/2.1.1/jakarta.annotation-api-2.1.1.jar:/home/runner/.m2/repository/jakarta/xml/bind/jakarta.xml.bind-api/2.3.3/jakarta.xml.bind-api-2.3.3.jar:/home/runner/.m2/repository/jakarta/activation/jakarta.activation-api/1.2.2/jakarta.activation-api-1.2.2.jar:/home/runner/.m2/repository/javax/servlet/javax.servlet-api/3.1.0/javax.servlet-api-3.1.0.jar:/home/runner/.m2/repository/javax/ws/rs/jsr311-api/1.1.1/jsr311-api-1.1.1.jar:/home/runner/.m2/repository/org/apache/commons/commons-compress/1.27.1/commons-compress-1.27.1.jar:/home/runner/.m2/repository/org/apache/commons/commons-lang3/3.18.0/commons-lang3-3.18.0.jar:/home/runner/.m2/repository/org/apache/commons/commons-text/1.13.1/commons-text-1.13.1.jar:/home/runner/.m2/repository/org/apache/hadoop/hadoop-auth/3.4.2/hadoop-auth-3.4.2.jar:/home/runner/.m2/repository/com/nimbusds/nimbus-jose-jwt/10.4/nimbus-jose-jwt-10.4.jar:/home/runner/.m2/repository/io/dropwizard/metrics/metrics-core/3.2.6/metrics-core-3.2.6.jar:/home/runner/.m2/repository/org/apache/kerby/kerb-core/1.0.1/kerb-core-1.0.1.jar:/home/runner/.m2/repository/org/apache/kerby/kerby-pkix/1.0.1/kerby-pkix-1.0.1.jar:/home/runner/.m2/repository/org/apache/kerby/kerby-asn1/1.0.1/kerby-asn1-1.0.1.jar:/home/runner/.m2/repository/org/apache/kerby/kerb-util/1.0.1/kerb-util-1.0.1.jar:/home/runner/.m2/repository/org/apache/kerby/kerby-config/1.0.1/kerby-config-1.0.1.jar:/home/runner/.m2/repository/org/apache/kerby/kerb-crypto/1.0.1/kerb-crypto-1.0.1.jar:/home/runner/.m2/repository/org/apache/hadoop/thirdparty/hadoop-shaded-guava/1.4.0/hadoop-shaded-guava-1.4.0.jar:/home/runner/.m2/repository/org/apache/hadoop/hadoop-common/3.4.2/hadoop-common-3.4.2.jar:/home/runner/.m2/repository/org/apache/hadoop/thirdparty/hadoop-shaded-protobuf_3_25/1.4.0/hadoop-shaded-protobuf_3_25-1.4.0.jar:/home/runner/.m2/repository/org/apache/hadoop/hadoop-annotations/3.4.2/hadoop-annotations-3.4.2.jar:/home/runner/.m2/repository/commons-cli/commons-cli/1.8.0/commons-cli-1.8.0.jar:/home/runner/.m2/repository/commons-net/commons-net/3.11.1/commons-net-3.11.1.jar:/home/runner/.m2/repository/org/apache/commons/commons-collections4/4.4/commons-collections4-4.4.jar:/home/runner/.m2/repository/org/eclipse/jetty/jetty-server/9.4.58.v20250814/jetty-server-9.4.58.v20250814.jar:/home/runner/.m2/repository/org/eclipse/jetty/jetty-io/9.4.58.v20250814/jetty-io-9.4.58.v20250814.jar:/home/runner/.m2/repository/org/eclipse/jetty/jetty-util/9.4.58.v20250814/jetty-util-9.4.58.v20250814.jar:/home/runner/.m2/repository/org/eclipse/jetty/jetty-servlet/9.4.58.v20250814/jetty-servlet-9.4.58.v20250814.jar:/home/runner/.m2/repository/org/eclipse/jetty/jetty-security/9.4.58.v20250814/jetty-security-9.4.58.v20250814.jar:/home/runner/.m2/repository/org/eclipse/jetty/jetty-webapp/9.4.58.v20250814/jetty-webapp-9.4.58.v20250814.jar:/home/runner/.m2/repository/org/eclipse/jetty/jetty-xml/9.4.58.v20250814/jetty-xml-9.4.58.v20250814.jar:/home/runner/.m2/repository/javax/servlet/jsp/jsp-api/2.1/jsp-api-2.1.jar:/home/runner/.m2/repository/org/codehaus/jettison/jettison/1.5.4/jettison-1.5.4.jar:/home/runner/.m2/repository/org/apache/commons/commons-configuration2/2.12.0/commons-configuration2-2.12.0.jar:/home/runner/.m2/repository/com/google/re2j/re2j/1.7/re2j-1.7.jar:/home/runner/.m2/repository/com/google/code/gson/gson/2.13.1/gson-2.13.1.jar:/home/runner/.m2/repository/com/jcraft/jsch/0.1.55/jsch-0.1.55.jar:/home/runner/.m2/repository/io/netty/netty-handler/4.1.119.Final/netty-handler-4.1.119.Final.jar:/home/runner/.m2/repository/io/netty/netty-resolver/4.1.119.Final/netty-resolver-4.1.119.Final.jar:/home/runner/.m2/repository/io/netty/netty-transport-native-epoll/4.1.119.Final/netty-transport-native-epoll-4.1.119.Final.jar:/home/runner/.m2/repository/org/bouncycastle/bcprov-jdk18on/1.81/bcprov-jdk18on-1.81.jar:/home/runner/.m2/repository/org/codehaus/woodstox/stax2-api/4.2.1/stax2-api-4.2.1.jar:/home/runner/.m2/repository/com/fasterxml/woodstox/woodstox-core/5.4.0/woodstox-core-5.4.0.jar:/home/runner/.m2/repository/dnsjava/dnsjava/3.6.1/dnsjava-3.6.1.jar:/home/runner/.m2/repository/org/apache/hadoop/hadoop-common/3.4.2/hadoop-common-3.4.2-tests.jar:/home/runner/.m2/repository/org/apache/commons/commons-math3/3.6.1/commons-math3-3.6.1.jar:/home/runner/.m2/repository/com/sun/jersey/jersey-core/1.19.4/jersey-core-1.19.4.jar:/home/runner/.m2/repository/com/sun/jersey/jersey-servlet/1.19.4/jersey-servlet-1.19.4.jar:/home/runner/.m2/repository/com/github/pjfanning/jersey-json/1.22.0/jersey-json-1.22.0.jar:/home/runner/.m2/repository/com/sun/xml/bind/jaxb-impl/2.2.3-1/jaxb-impl-2.2.3-1.jar:/home/runner/.m2/repository/com/sun/jersey/jersey-server/1.19.4/jersey-server-1.19.4.jar:/home/runner/.m2/repository/org/slf4j/slf4j-reload4j/2.0.17/slf4j-reload4j-2.0.17.jar:/home/runner/.m2/repository/org/apache/avro/avro/1.11.4/avro-1.11.4.jar:/home/runner/.m2/repository/org/apache/curator/curator-client/4.2.0/curator-client-4.2.0.jar:/home/runner/.m2/repository/org/apache/curator/curator-recipes/5.2.0/curator-recipes-5.2.0.jar:/home/runner/.m2/repository/org/apache/curator/curator-framework/4.2.0/curator-framework-4.2.0.jar:/home/runner/.m2/repository/com/google/code/findbugs/jsr305/3.0.2/jsr305-3.0.2.jar:/home/runner/.m2/repository/org/apache/zookeeper/zookeeper/3.8.4/zookeeper-3.8.4.jar:/home/runner/.m2/repository/org/apache/zookeeper/zookeeper-jute/3.8.4/zookeeper-jute-3.8.4.jar:/home/runner/.m2/repository/org/apache/yetus/audience-annotations/0.12.0/audience-annotations-0.12.0.jar:/home/runner/.m2/repository/org/xerial/snappy/snappy-java/1.1.10.8/snappy-java-1.1.10.8.jar:/home/runner/.m2/repository/org/apache/hadoop/hadoop-distcp/3.4.2/hadoop-distcp-3.4.2.jar:/home/runner/.m2/repository/org/apache/hadoop/hadoop-distcp/3.4.2/hadoop-distcp-3.4.2-tests.jar:/home/runner/.m2/repository/org/apache/hadoop/hadoop-hdfs/3.4.2/hadoop-hdfs-3.4.2.jar:/home/runner/.m2/repository/org/eclipse/jetty/jetty-util-ajax/9.4.58.v20250814/jetty-util-ajax-9.4.58.v20250814.jar:/home/runner/.m2/repository/commons-daemon/commons-daemon/1.4.0/commons-daemon-1.4.0.jar:/home/runner/.m2/repository/org/apache/hadoop/hadoop-hdfs/3.4.2/hadoop-hdfs-3.4.2-tests.jar:/home/runner/.m2/repository/io/netty/netty-all/4.1.119.Final/netty-all-4.1.119.Final.jar:/home/runner/.m2/repository/io/netty/netty-codec-dns/4.1.119.Final/netty-codec-dns-4.1.119.Final.jar:/home/runner/.m2/repository/io/netty/netty-codec-haproxy/4.1.119.Final/netty-codec-haproxy-4.1.119.Final.jar:/home/runner/.m2/repository/io/netty/netty-codec-http/4.1.119.Final/netty-codec-http-4.1.119.Final.jar:/home/runner/.m2/repository/io/netty/netty-codec-memcache/4.1.119.Final/netty-codec-memcache-4.1.119.Final.jar:/home/runner/.m2/repository/io/netty/netty-codec-mqtt/4.1.119.Final/netty-codec-mqtt-4.1.119.Final.jar:/home/runner/.m2/repository/io/netty/netty-codec-redis/4.1.119.Final/netty-codec-redis-4.1.119.Final.jar:/home/runner/.m2/repository/io/netty/netty-codec-smtp/4.1.119.Final/netty-codec-smtp-4.1.119.Final.jar:/home/runner/.m2/repository/io/netty/netty-codec-socks/4.1.119.Final/netty-codec-socks-4.1.119.Final.jar:/home/runner/.m2/repository/io/netty/netty-codec-stomp/4.1.119.Final/netty-codec-stomp-4.1.119.Final.jar:/home/runner/.m2/repository/io/netty/netty-codec-xml/4.1.119.Final/netty-codec-xml-4.1.119.Final.jar:/home/runner/.m2/repository/io/netty/netty-handler-ssl-ocsp/4.1.119.Final/netty-handler-ssl-ocsp-4.1.119.Final.jar:/home/runner/.m2/repository/io/netty/netty-resolver-dns/4.1.119.Final/netty-resolver-dns-4.1.119.Final.jar:/home/runner/.m2/repository/io/netty/netty-transport-rxtx/4.1.119.Final/netty-transport-rxtx-4.1.119.Final.jar:/home/runner/.m2/repository/io/netty/netty-transport-sctp/4.1.119.Final/netty-transport-sctp-4.1.119.Final.jar:/home/runner/.m2/repository/io/netty/netty-transport-udt/4.1.119.Final/netty-transport-udt-4.1.119.Final.jar:/home/runner/.m2/repository/io/netty/netty-transport-classes-kqueue/4.1.119.Final/netty-transport-classes-kqueue-4.1.119.Final.jar:/home/runner/.m2/repository/io/netty/netty-resolver-dns-classes-macos/4.1.119.Final/netty-resolver-dns-classes-macos-4.1.119.Final.jar:/home/runner/.m2/repository/io/netty/netty-transport-native-epoll/4.1.119.Final/netty-transport-native-epoll-4.1.119.Final-linux-aarch_64.jar:/home/runner/.m2/repository/io/netty/netty-transport-native-epoll/4.1.119.Final/netty-transport-native-epoll-4.1.119.Final-linux-riscv64.jar:/home/runner/.m2/repository/io/netty/netty-transport-native-kqueue/4.1.119.Final/netty-transport-native-kqueue-4.1.119.Final-osx-x86_64.jar:/home/runner/.m2/repository/io/netty/netty-transport-native-kqueue/4.1.119.Final/netty-transport-native-kqueue-4.1.119.Final-osx-aarch_64.jar:/home/runner/.m2/repository/io/netty/netty-resolver-dns-native-macos/4.1.119.Final/netty-resolver-dns-native-macos-4.1.119.Final-osx-x86_64.jar:/home/runner/.m2/repository/io/netty/netty-resolver-dns-native-macos/4.1.119.Final/netty-resolver-dns-native-macos-4.1.119.Final-osx-aarch_64.jar:/home/runner/.m2/repository/org/fusesource/leveldbjni/leveldbjni-all/1.8/leveldbjni-all-1.8.jar:/home/runner/.m2/repository/org/apache/hadoop/hadoop-hdfs-client/3.4.2/hadoop-hdfs-client-3.4.2.jar:/home/runner/.m2/repository/org/apache/hadoop/hadoop-kms/3.4.2/hadoop-kms-3.4.2.jar:/home/runner/.m2/repository/org/apache/hadoop/hadoop-kms/3.4.2/hadoop-kms-3.4.2-tests.jar:/home/runner/.m2/repository/org/apache/hadoop/hadoop-mapreduce-client-core/3.4.2/hadoop-mapreduce-client-core-3.4.2.jar:/home/runner/.m2/repository/org/apache/hadoop/hadoop-yarn-client/3.4.2/hadoop-yarn-client-3.4.2.jar:/home/runner/.m2/repository/org/eclipse/jetty/websocket/websocket-client/9.4.57.v20241219/websocket-client-9.4.57.v20241219.jar:/home/runner/.m2/repository/org/eclipse/jetty/jetty-client/9.4.58.v20250814/jetty-client-9.4.58.v20250814.jar:/home/runner/.m2/repository/org/eclipse/jetty/websocket/websocket-common/9.4.57.v20241219/websocket-common-9.4.57.v20241219.jar:/home/runner/.m2/repository/org/eclipse/jetty/websocket/websocket-api/9.4.57.v20241219/websocket-api-9.4.57.v20241219.jar:/home/runner/.m2/repository/org/apache/hadoop/hadoop-yarn-api/3.4.2/hadoop-yarn-api-3.4.2.jar:/home/runner/.m2/repository/org/apache/hadoop/hadoop-yarn-common/3.4.2/hadoop-yarn-common-3.4.2.jar:/home/runner/.m2/repository/javax/xml/bind/jaxb-api/2.2.11/jaxb-api-2.2.11.jar:/home/runner/.m2/repository/com/sun/jersey/contribs/jersey-guice/1.19.4/jersey-guice-1.19.4.jar:/home/runner/.m2/repository/com/fasterxml/jackson/module/jackson-module-jaxb-annotations/2.16.2/jackson-module-jaxb-annotations-2.16.2.jar:/home/runner/.m2/repository/com/fasterxml/jackson/jaxrs/jackson-jaxrs-json-provider/2.16.2/jackson-jaxrs-json-provider-2.16.2.jar:/home/runner/.m2/repository/com/google/inject/extensions/guice-servlet/6.0.0/guice-servlet-6.0.0.jar:/home/runner/.m2/repository/org/apache/hadoop/hadoop-mapreduce-client-jobclient/3.4.2/hadoop-mapreduce-client-jobclient-3.4.2.jar:/home/runner/.m2/repository/org/apache/hadoop/hadoop-mapreduce-client-common/3.4.2/hadoop-mapreduce-client-common-3.4.2.jar:/home/runner/.m2/repository/org/apache/hadoop/hadoop-minikdc/3.4.2/hadoop-minikdc-3.4.2.jar:/home/runner/.m2/repository/org/apache/kerby/kerb-simplekdc/2.0.3/kerb-simplekdc-2.0.3.jar:/home/runner/.m2/repository/org/apache/kerby/kerb-client/2.0.3/kerb-client-2.0.3.jar:/home/runner/.m2/repository/org/apache/kerby/kerb-common/2.0.3/kerb-common-2.0.3.jar:/home/runner/.m2/repository/org/apache/kerby/token-provider/2.0.3/token-provider-2.0.3.jar:/home/runner/.m2/repository/org/apache/kerby/kerb-admin/2.0.3/kerb-admin-2.0.3.jar:/home/runner/.m2/repository/org/apache/kerby/kerb-server/2.0.3/kerb-server-2.0.3.jar:/home/runner/.m2/repository/org/apache/kerby/kerb-identity/2.0.3/kerb-identity-2.0.3.jar:/home/runner/.m2/repository/org/apache/kerby/kerby-xdr/2.0.3/kerby-xdr-2.0.3.jar:/home/runner/.m2/repository/junit/junit/4.13.2/junit-4.13.2.jar:/home/runner/.m2/repository/org/hamcrest/hamcrest-core/1.3/hamcrest-core-1.3.jar:/home/runner/.m2/repository/org/apache/httpcomponents/httpclient/4.5.14/httpclient-4.5.14.jar:/home/runner/.m2/repository/org/apache/httpcomponents/httpcore/4.4.16/httpcore-4.4.16.jar:/home/runner/.m2/repository/org/apache/kerby/kerby-util/1.0.1/kerby-util-1.0.1.jar:/home/runner/work/ozone/ozone/hadoop-hdds/client/target/hdds-client-2.1.0-SNAPSHOT.jar:/home/runner/work/ozone/ozone/hadoop-hdds/erasurecode/target/hdds-erasurecode-2.1.0-SNAPSHOT.jar:/home/runner/work/ozone/ozone/hadoop-hdds/common/target/hdds-common-2.1.0-SNAPSHOT.jar:/home/runner/.m2/repository/com/fasterxml/jackson/datatype/jackson-datatype-jsr310/2.16.2/jackson-datatype-jsr310-2.16.2.jar:/home/runner/.m2/repository/io/opentelemetry/opentelemetry-api/1.54.1/opentelemetry-api-1.54.1.jar:/home/runner/.m2/repository/io/opentelemetry/opentelemetry-context/1.54.1/opentelemetry-context-1.54.1.jar:/home/runner/.m2/repository/io/opentelemetry/opentelemetry-common/1.54.1/opentelemetry-common-1.54.1.jar:/home/runner/.m2/repository/io/opentelemetry/opentelemetry-exporter-otlp/1.54.1/opentelemetry-exporter-otlp-1.54.1.jar:/home/runner/.m2/repository/io/opentelemetry/opentelemetry-sdk-metrics/1.54.1/opentelemetry-sdk-metrics-1.54.1.jar:/home/runner/.m2/repository/io/opentelemetry/opentelemetry-sdk-logs/1.54.1/opentelemetry-sdk-logs-1.54.1.jar:/home/runner/.m2/repository/io/opentelemetry/opentelemetry-exporter-otlp-common/1.54.1/opentelemetry-exporter-otlp-common-1.54.1.jar:/home/runner/.m2/repository/io/opentelemetry/opentelemetry-exporter-common/1.54.1/opentelemetry-exporter-common-1.54.1.jar:/home/runner/.m2/repository/io/opentelemetry/opentelemetry-exporter-sender-okhttp/1.54.1/opentelemetry-exporter-sender-okhttp-1.54.1.jar:/home/runner/.m2/repository/com/squareup/okhttp3/okhttp-jvm/5.1.0/okhttp-jvm-5.1.0.jar:/home/runner/.m2/repository/io/opentelemetry/opentelemetry-sdk-extension-autoconfigure-spi/1.54.1/opentelemetry-sdk-extension-autoconfigure-spi-1.54.1.jar:/home/runner/.m2/repository/io/opentelemetry/opentelemetry-sdk/1.54.1/opentelemetry-sdk-1.54.1.jar:/home/runner/.m2/repository/io/opentelemetry/opentelemetry-sdk-common/1.54.1/opentelemetry-sdk-common-1.54.1.jar:/home/runner/.m2/repository/io/opentelemetry/opentelemetry-sdk-trace/1.54.1/opentelemetry-sdk-trace-1.54.1.jar:/home/runner/.m2/repository/org/apache/commons/commons-pool2/2.12.1/commons-pool2-2.12.1.jar:/home/runner/.m2/repository/org/apache/ratis/ratis-netty/3.2.0/ratis-netty-3.2.0.jar:/home/runner/.m2/repository/org/yaml/snakeyaml/2.5/snakeyaml-2.5.jar:/home/runner/.m2/repository/org/apache/ratis/ratis-metrics-dropwizard3/3.2.0/ratis-metrics-dropwizard3-3.2.0.jar:/home/runner/.m2/repository/org/slf4j/jcl-over-slf4j/2.0.17/jcl-over-slf4j-2.0.17.jar:/home/runner/work/ozone/ozone/hadoop-hdds/common/target/hdds-common-2.1.0-SNAPSHOT-tests.jar:/home/runner/work/ozone/ozone/hadoop-hdds/config/target/hdds-config-2.1.0-SNAPSHOT.jar:/home/runner/work/ozone/ozone/hadoop-hdds/container-service/target/hdds-container-service-2.1.0-SNAPSHOT.jar:/home/runner/.m2/repository/io/netty/netty-buffer/4.1.119.Final/netty-buffer-4.1.119.Final.jar:/home/runner/.m2/repository/io/netty/netty-codec/4.1.119.Final/netty-codec-4.1.119.Final.jar:/home/runner/.m2/repository/io/netty/netty-common/4.1.119.Final/netty-common-4.1.119.Final.jar:/home/runner/.m2/repository/io/netty/netty-transport/4.1.119.Final/netty-transport-4.1.119.Final.jar:/home/runner/.m2/repository/org/apache/logging/log4j/log4j-api/2.25.0/log4j-api-2.25.0.jar:/home/runner/.m2/repository/com/github/luben/zstd-jni/1.5.7-5/zstd-jni-1.5.7-5.jar:/home/runner/.m2/repository/log4j/apache-log4j-extras/1.2.17/apache-log4j-extras-1.2.17.jar:/home/runner/.m2/repository/org/glassfish/jaxb/jaxb-runtime/2.3.9/jaxb-runtime-2.3.9.jar:/home/runner/.m2/repository/org/glassfish/jaxb/txw2/2.3.9/txw2-2.3.9.jar:/home/runner/.m2/repository/com/sun/istack/istack-commons-runtime/3.0.12/istack-commons-runtime-3.0.12.jar:/home/runner/.m2/repository/com/sun/activation/jakarta.activation/1.2.2/jakarta.activation-1.2.2.jar:/home/runner/work/ozone/ozone/hadoop-hdds/container-service/target/hdds-container-service-2.1.0-SNAPSHOT-tests.jar:/home/runner/work/ozone/ozone/hadoop-hdds/interface-admin/target/hdds-interface-admin-2.1.0-SNAPSHOT.jar:/home/runner/work/ozone/ozone/hadoop-hdds/interface-client/target/hdds-interface-client-2.1.0-SNAPSHOT.jar:/home/runner/work/ozone/ozone/hadoop-hdds/interface-server/target/hdds-interface-server-2.1.0-SNAPSHOT.jar:/home/runner/work/ozone/ozone/hadoop-hdds/managed-rocksdb/target/hdds-managed-rocksdb-2.1.0-SNAPSHOT.jar:/home/runner/work/ozone/ozone/hadoop-hdds/rocks-native/target/hdds-rocks-native-2.1.0-SNAPSHOT.jar:/home/runner/work/ozone/ozone/hadoop-hdds/framework/target/hdds-server-framework-2.1.0-SNAPSHOT.jar:/home/runner/.m2/repository/com/github/jnr/jnr-constants/0.10.4/jnr-constants-0.10.4.jar:/home/runner/.m2/repository/com/github/jnr/jnr-posix/3.1.20/jnr-posix-3.1.20.jar:/home/runner/.m2/repository/com/github/jnr/jnr-ffi/2.2.17/jnr-ffi-2.2.17.jar:/home/runner/.m2/repository/com/github/jnr/jffi/1.3.13/jffi-1.3.13.jar:/home/runner/.m2/repository/com/github/jnr/jffi/1.3.13/jffi-1.3.13-native.jar:/home/runner/.m2/repository/org/ow2/asm/asm/9.7.1/asm-9.7.1.jar:/home/runner/.m2/repository/org/ow2/asm/asm-commons/9.7.1/asm-commons-9.7.1.jar:/home/runner/.m2/repository/org/ow2/asm/asm-analysis/9.7.1/asm-analysis-9.7.1.jar:/home/runner/.m2/repository/org/ow2/asm/asm-tree/9.7.1/asm-tree-9.7.1.jar:/home/runner/.m2/repository/org/ow2/asm/asm-util/9.7.1/asm-util-9.7.1.jar:/home/runner/.m2/repository/com/github/jnr/jnr-a64asm/1.0.0/jnr-a64asm-1.0.0.jar:/home/runner/.m2/repository/com/github/jnr/jnr-x86asm/1.0.2/jnr-x86asm-1.0.2.jar:/home/runner/.m2/repository/commons-fileupload/commons-fileupload/1.6.0/commons-fileupload-1.6.0.jar:/home/runner/.m2/repository/io/grpc/grpc-api/1.71.0/grpc-api-1.71.0.jar:/home/runner/.m2/repository/io/prometheus/simpleclient/0.16.0/simpleclient-0.16.0.jar:/home/runner/.m2/repository/io/prometheus/simpleclient_common/0.16.0/simpleclient_common-0.16.0.jar:/home/runner/.m2/repository/io/prometheus/simpleclient_dropwizard/0.16.0/simpleclient_dropwizard-0.16.0.jar:/home/runner/.m2/repository/jakarta/ws/rs/jakarta.ws.rs-api/2.1.6/jakarta.ws.rs-api-2.1.6.jar:/home/runner/.m2/repository/org/eclipse/jetty/jetty-http/9.4.58.v20250814/jetty-http-9.4.58.v20250814.jar:/home/runner/.m2/repository/org/glassfish/jersey/containers/jersey-container-servlet-core/2.47/jersey-container-servlet-core-2.47.jar:/home/runner/.m2/repository/org/glassfish/jersey/core/jersey-server/2.47/jersey-server-2.47.jar:/home/runner/.m2/repository/org/glassfish/jersey/core/jersey-client/2.47/jersey-client-2.47.jar:/home/runner/.m2/repository/com/lmax/disruptor/3.4.4/disruptor-3.4.4.jar:/home/runner/.m2/repository/org/apache/logging/log4j/log4j-core/2.25.0/log4j-core-2.25.0.jar:/home/runner/work/ozone/ozone/hadoop-hdds/framework/target/hdds-server-framework-2.1.0-SNAPSHOT-tests.jar:/home/runner/work/ozone/ozone/hadoop-hdds/server-scm/target/hdds-server-scm-2.1.0-SNAPSHOT.jar:/home/runner/work/ozone/ozone/hadoop-hdds/server-scm/target/hdds-server-scm-2.1.0-SNAPSHOT-tests.jar:/home/runner/work/ozone/ozone/hadoop-hdds/test-utils/target/hdds-test-utils-2.1.0-SNAPSHOT-tests.jar:/home/runner/work/ozone/ozone/hadoop-ozone/cli-admin/target/ozone-cli-admin-2.1.0-SNAPSHOT.jar:/home/runner/work/ozone/ozone/hadoop-ozone/cli-shell/target/ozone-cli-shell-2.1.0-SNAPSHOT.jar:/home/runner/.m2/repository/info/picocli/picocli-shell-jline3/4.7.7/picocli-shell-jline3-4.7.7.jar:/home/runner/.m2/repository/org/jline/jline/3.30.6/jline-3.30.6.jar:/home/runner/work/ozone/ozone/hadoop-ozone/client/target/ozone-client-2.1.0-SNAPSHOT.jar:/home/runner/work/ozone/ozone/hadoop-ozone/common/target/ozone-common-2.1.0-SNAPSHOT.jar:/home/runner/.m2/repository/io/grpc/grpc-netty/1.71.0/grpc-netty-1.71.0.jar:/home/runner/.m2/repository/org/codehaus/mojo/animal-sniffer-annotations/1.24/animal-sniffer-annotations-1.24.jar:/home/runner/.m2/repository/io/grpc/grpc-core/1.71.0/grpc-core-1.71.0.jar:/home/runner/.m2/repository/com/google/android/annotations/4.1.1.4/annotations-4.1.1.4.jar:/home/runner/.m2/repository/io/grpc/grpc-context/1.71.0/grpc-context-1.71.0.jar:/home/runner/.m2/repository/io/perfmark/perfmark-api/0.27.0/perfmark-api-0.27.0.jar:/home/runner/.m2/repository/io/grpc/grpc-util/1.71.0/grpc-util-1.71.0.jar:/home/runner/.m2/repository/io/netty/netty-codec-http2/4.1.119.Final/netty-codec-http2-4.1.119.Final.jar:/home/runner/.m2/repository/io/netty/netty-handler-proxy/4.1.119.Final/netty-handler-proxy-4.1.119.Final.jar:/home/runner/.m2/repository/io/netty/netty-tcnative-boringssl-static/2.0.70.Final/netty-tcnative-boringssl-static-2.0.70.Final.jar:/home/runner/.m2/repository/io/netty/netty-tcnative-classes/2.0.70.Final/netty-tcnative-classes-2.0.70.Final.jar:/home/runner/.m2/repository/io/netty/netty-tcnative-boringssl-static/2.0.70.Final/netty-tcnative-boringssl-static-2.0.70.Final-linux-x86_64.jar:/home/runner/.m2/repository/io/netty/netty-tcnative-boringssl-static/2.0.70.Final/netty-tcnative-boringssl-static-2.0.70.Final-linux-aarch_64.jar:/home/runner/.m2/repository/io/netty/netty-tcnative-boringssl-static/2.0.70.Final/netty-tcnative-boringssl-static-2.0.70.Final-osx-x86_64.jar:/home/runner/.m2/repository/io/netty/netty-tcnative-boringssl-static/2.0.70.Final/netty-tcnative-boringssl-static-2.0.70.Final-osx-aarch_64.jar:/home/runner/.m2/repository/io/netty/netty-tcnative-boringssl-static/2.0.70.Final/netty-tcnative-boringssl-static-2.0.70.Final-windows-x86_64.jar:/home/runner/work/ozone/ozone/hadoop-ozone/csi/target/ozone-csi-2.1.0-SNAPSHOT.jar:/home/runner/.m2/repository/io/grpc/grpc-protobuf/1.71.0/grpc-protobuf-1.71.0.jar:/home/runner/.m2/repository/com/google/api/grpc/proto-google-common-protos/2.51.0/proto-google-common-protos-2.51.0.jar:/home/runner/.m2/repository/io/grpc/grpc-protobuf-lite/1.71.0/grpc-protobuf-lite-1.71.0.jar:/home/runner/.m2/repository/io/grpc/grpc-stub/1.71.0/grpc-stub-1.71.0.jar:/home/runner/.m2/repository/io/netty/netty-transport-classes-epoll/4.1.119.Final/netty-transport-classes-epoll-4.1.119.Final.jar:/home/runner/.m2/repository/io/netty/netty-transport-native-unix-common/4.1.119.Final/netty-transport-native-unix-common-4.1.119.Final.jar:/home/runner/.m2/repository/io/netty/netty-transport-native-epoll/4.1.119.Final/netty-transport-native-epoll-4.1.119.Final-linux-x86_64.jar:/home/runner/work/ozone/ozone/hadoop-ozone/ozonefs/target/ozone-filesystem-2.1.0-SNAPSHOT.jar:/home/runner/work/ozone/ozone/hadoop-ozone/ozonefs-common/target/ozone-filesystem-common-2.1.0-SNAPSHOT.jar:/home/runner/work/ozone/ozone/hadoop-ozone/freon/target/ozone-freon-2.1.0-SNAPSHOT.jar:/home/runner/.m2/repository/com/amazonaws/aws-java-sdk-core/1.12.788/aws-java-sdk-core-1.12.788.jar:/home/runner/.m2/repository/com/fasterxml/jackson/dataformat/jackson-dataformat-cbor/2.16.2/jackson-dataformat-cbor-2.16.2.jar:/home/runner/.m2/repository/joda-time/joda-time/2.12.7/joda-time-2.12.7.jar:/home/runner/.m2/repository/com/amazonaws/aws-java-sdk-s3/1.12.788/aws-java-sdk-s3-1.12.788.jar:/home/runner/.m2/repository/com/amazonaws/aws-java-sdk-kms/1.12.788/aws-java-sdk-kms-1.12.788.jar:/home/runner/.m2/repository/com/amazonaws/jmespath-java/1.12.788/jmespath-java-1.12.788.jar:/home/runner/work/ozone/ozone/hadoop-ozone/interface-client/target/ozone-interface-client-2.1.0-SNAPSHOT.jar:/home/runner/work/ozone/ozone/hadoop-ozone/interface-storage/target/ozone-interface-storage-2.1.0-SNAPSHOT.jar:/home/runner/work/ozone/ozone/hadoop-ozone/ozone-manager/target/ozone-manager-2.1.0-SNAPSHOT.jar:/home/runner/.m2/repository/org/aspectj/aspectjrt/1.9.24/aspectjrt-1.9.24.jar:/home/runner/work/ozone/ozone/hadoop-ozone/ozone-manager/target/ozone-manager-2.1.0-SNAPSHOT-tests.jar:/home/runner/work/ozone/ozone/hadoop-ozone/mini-cluster/target/ozone-mini-cluster-2.1.0-SNAPSHOT.jar:/home/runner/work/ozone/ozone/hadoop-ozone/multitenancy-ranger/target/ozone-multitenancy-ranger-2.1.0-SNAPSHOT.jar:/home/runner/.m2/repository/com/sun/jersey/jersey-client/1.19.4/jersey-client-1.19.4.jar:/home/runner/.m2/repository/org/apache/ranger/ranger-plugins-common/2.6.0/ranger-plugins-common-2.6.0.jar:/home/runner/.m2/repository/com/fasterxml/jackson/jaxrs/jackson-jaxrs-base/2.16.2/jackson-jaxrs-base-2.16.2.jar:/home/runner/.m2/repository/com/kstruct/gethostname4j/1.0.0/gethostname4j-1.0.0.jar:/home/runner/.m2/repository/commons-lang/commons-lang/2.6/commons-lang-2.6.jar:/home/runner/.m2/repository/net/java/dev/jna/jna/5.2.0/jna-5.2.0.jar:/home/runner/.m2/repository/net/java/dev/jna/jna-platform/5.2.0/jna-platform-5.2.0.jar:/home/runner/.m2/repository/org/apache/ranger/ranger-plugin-classloader/2.6.0/ranger-plugin-classloader-2.6.0.jar:/home/runner/.m2/repository/org/apache/ranger/ranger-plugins-audit/2.6.0/ranger-plugins-audit-2.6.0.jar:/home/runner/.m2/repository/com/amazonaws/aws-java-sdk-logs/1.12.765/aws-java-sdk-logs-1.12.765.jar:/home/runner/.m2/repository/com/carrotsearch/hppc/0.8.0/hppc-0.8.0.jar:/home/runner/.m2/repository/io/airlift/aircompressor/0.27/aircompressor-0.27.jar:/home/runner/.m2/repository/org/apache/httpcomponents/httpasyncclient/4.1.4/httpasyncclient-4.1.4.jar:/home/runner/.m2/repository/org/apache/httpcomponents/httpcore-nio/4.4.16/httpcore-nio-4.4.16.jar:/home/runner/.m2/repository/org/apache/httpcomponents/httpmime/4.5.13/httpmime-4.5.13.jar:/home/runner/.m2/repository/org/apache/orc/orc-core/1.5.8/orc-core-1.5.8.jar:/home/runner/.m2/repository/org/apache/orc/orc-shims/1.5.8/orc-shims-1.5.8.jar:/home/runner/.m2/repository/org/apache/ranger/ranger-plugins-cred/2.6.0/ranger-plugins-cred-2.6.0.jar:/home/runner/work/ozone/ozone/hadoop-ozone/recon/target/ozone-recon-2.1.0-SNAPSHOT.jar:/home/runner/.m2/repository/aopalliance/aopalliance/1.0/aopalliance-1.0.jar:/home/runner/.m2/repository/com/google/inject/guice/6.0.0/guice-6.0.0.jar:/home/runner/.m2/repository/jakarta/inject/jakarta.inject-api/2.0.1/jakarta.inject-api-2.0.1.jar:/home/runner/.m2/repository/com/jolbox/bonecp/0.8.0.RELEASE/bonecp-0.8.0.RELEASE.jar:/home/runner/.m2/repository/jakarta/validation/jakarta.validation-api/2.0.2/jakarta.validation-api-2.0.2.jar:/home/runner/.m2/repository/javax/annotation/javax.annotation-api/1.3.2/javax.annotation-api-1.3.2.jar:/home/runner/.m2/repository/javax/inject/javax.inject/1/javax.inject-1.jar:/home/runner/.m2/repository/org/apache/derby/derby/10.14.2.0/derby-10.14.2.0.jar:/home/runner/.m2/repository/org/glassfish/hk2/guice-bridge/2.6.1/guice-bridge-2.6.1.jar:/home/runner/.m2/repository/org/glassfish/hk2/hk2-api/2.6.1/hk2-api-2.6.1.jar:/home/runner/.m2/repository/org/glassfish/hk2/hk2-utils/2.6.1/hk2-utils-2.6.1.jar:/home/runner/.m2/repository/org/glassfish/hk2/external/aopalliance-repackaged/2.6.1/aopalliance-repackaged-2.6.1.jar:/home/runner/.m2/repository/org/glassfish/jersey/core/jersey-common/2.47/jersey-common-2.47.jar:/home/runner/.m2/repository/org/glassfish/hk2/osgi-resource-locator/1.0.3/osgi-resource-locator-1.0.3.jar:/home/runner/.m2/repository/org/jooq/jooq/3.11.10/jooq-3.11.10.jar:/home/runner/.m2/repository/org/springframework/spring-core/5.3.39/spring-core-5.3.39.jar:/home/runner/.m2/repository/org/springframework/spring-jdbc/5.3.39/spring-jdbc-5.3.39.jar:/home/runner/.m2/repository/org/springframework/spring-beans/5.3.39/spring-beans-5.3.39.jar:/home/runner/.m2/repository/org/springframework/spring-tx/5.3.39/spring-tx-5.3.39.jar:/home/runner/.m2/repository/org/xerial/sqlite-jdbc/3.50.3.0/sqlite-jdbc-3.50.3.0.jar:/home/runner/.m2/repository/com/google/inject/extensions/guice-assistedinject/6.0.0/guice-assistedinject-6.0.0.jar:/home/runner/.m2/repository/org/glassfish/hk2/external/jakarta.inject/2.6.1/jakarta.inject-2.6.1.jar:/home/runner/.m2/repository/org/glassfish/jersey/inject/jersey-hk2/2.47/jersey-hk2-2.47.jar:/home/runner/.m2/repository/org/glassfish/hk2/hk2-locator/2.6.1/hk2-locator-2.6.1.jar:/home/runner/.m2/repository/org/glassfish/jersey/media/jersey-media-jaxb/2.47/jersey-media-jaxb-2.47.jar:/home/runner/.m2/repository/org/glassfish/jersey/media/jersey-media-json-jackson/2.47/jersey-media-json-jackson-2.47.jar:/home/runner/.m2/repository/org/glassfish/jersey/ext/jersey-entity-filtering/2.47/jersey-entity-filtering-2.47.jar:/home/runner/work/ozone/ozone/hadoop-ozone/recon-codegen/target/ozone-reconcodegen-2.1.0-SNAPSHOT.jar:/home/runner/.m2/repository/org/jooq/jooq-codegen/3.11.10/jooq-codegen-3.11.10.jar:/home/runner/.m2/repository/org/jooq/jooq-meta/3.11.10/jooq-meta-3.11.10.jar:/home/runner/work/ozone/ozone/hadoop-ozone/s3gateway/target/ozone-s3gateway-2.1.0-SNAPSHOT.jar:/home/runner/work/ozone/ozone/hadoop-ozone/tools/target/ozone-tools-2.1.0-SNAPSHOT.jar:/home/runner/.m2/repository/com/github/vlsi/mxgraph/jgraphx/3.9.12/jgraphx-3.9.12.jar:/home/runner/.m2/repository/org/apache/ratis/ratis-shell/3.2.0/ratis-shell-3.2.0.jar:/home/runner/.m2/repository/org/apache/ratis/ratis-tools/3.2.0/ratis-tools-3.2.0.jar:/home/runner/.m2/repository/org/jgrapht/jgrapht-core/1.4.0/jgrapht-core-1.4.0.jar:/home/runner/.m2/repository/org/jheaps/jheaps/0.11/jheaps-0.11.jar:/home/runner/.m2/repository/org/jgrapht/jgrapht-ext/1.4.0/jgrapht-ext-1.4.0.jar:/home/runner/work/ozone/ozone/hadoop-hdds/rocksdb-checkpoint-differ/target/rocksdb-checkpoint-differ-2.1.0-SNAPSHOT.jar:/home/runner/.m2/repository/org/apache/ranger/ranger-intg/2.6.0/ranger-intg-2.6.0.jar:/home/runner/.m2/repository/org/apache/ratis/ratis-client/3.2.0/ratis-client-3.2.0.jar:/home/runner/.m2/repository/org/apache/ratis/ratis-common/3.2.0/ratis-common-3.2.0.jar:/home/runner/.m2/repository/org/apache/ratis/ratis-grpc/3.2.0/ratis-grpc-3.2.0.jar:/home/runner/.m2/repository/org/apache/ratis/ratis-metrics-api/3.2.0/ratis-metrics-api-3.2.0.jar:/home/runner/.m2/repository/org/apache/ratis/ratis-proto/3.2.0/ratis-proto-3.2.0.jar:/home/runner/.m2/repository/org/apache/ratis/ratis-server/3.2.0/ratis-server-3.2.0.jar:/home/runner/.m2/repository/org/apache/ratis/ratis-server-api/3.2.0/ratis-server-api-3.2.0.jar:/home/runner/.m2/repository/org/apache/ratis/ratis-thirdparty-misc/1.0.9/ratis-thirdparty-misc-1.0.9.jar:/home/runner/.m2/repository/org/bouncycastle/bcpkix-jdk18on/1.81/bcpkix-jdk18on-1.81.jar:/home/runner/.m2/repository/org/bouncycastle/bcutil-jdk18on/1.81/bcutil-jdk18on-1.81.jar:/home/runner/.m2/repository/org/hamcrest/hamcrest/2.2/hamcrest-2.2.jar:/home/runner/.m2/repository/org/reflections/reflections/0.10.2/reflections-0.10.2.jar:/home/runner/.m2/repository/org/javassist/javassist/3.30.2-GA/javassist-3.30.2-GA.jar:/home/runner/.m2/repository/org/rocksdb/rocksdbjni/7.7.3/rocksdbjni-7.7.3.jar:/home/runner/.m2/repository/org/slf4j/jul-to-slf4j/2.0.17/jul-to-slf4j-2.0.17.jar:/home/runner/.m2/repository/org/slf4j/slf4j-api/2.0.17/slf4j-api-2.0.17.jar:/home/runner/.m2/repository/org/assertj/assertj-core/3.27.6/assertj-core-3.27.6.jar:/home/runner/.m2/repository/net/bytebuddy/byte-buddy/1.17.7/byte-buddy-1.17.7.jar:/home/runner/.m2/repository/org/junit/jupiter/junit-jupiter-api/5.14.0/junit-jupiter-api-5.14.0.jar:/home/runner/.m2/repository/org/opentest4j/opentest4j/1.3.0/opentest4j-1.3.0.jar:/home/runner/.m2/repository/org/junit/platform/junit-platform-commons/1.14.0/junit-platform-commons-1.14.0.jar:/home/runner/.m2/repository/org/apiguardian/apiguardian-api/1.1.2/apiguardian-api-1.1.2.jar:/home/runner/.m2/repository/org/junit/jupiter/junit-jupiter-params/5.14.0/junit-jupiter-params-5.14.0.jar:/home/runner/.m2/repository/org/mockito/mockito-core/4.11.0/mockito-core-4.11.0.jar:/home/runner/.m2/repository/net/bytebuddy/byte-buddy-agent/1.12.19/byte-buddy-agent-1.12.19.jar:/home/runner/.m2/repository/org/objenesis/objenesis/3.3/objenesis-3.3.jar:/home/runner/.m2/repository/org/mockito/mockito-inline/4.11.0/mockito-inline-4.11.0.jar:/home/runner/.m2/repository/org/mockito/mockito-junit-jupiter/4.11.0/mockito-junit-jupiter-4.11.0.jar:/home/runner/work/ozone/ozone/hadoop-ozone/integration-test/target/gradle-enterprise/test-listeners.jar:"/>
    <property name="java.vm.vendor" value="Eclipse Adoptium"/>
    <property name="sun.arch.data.model" value="64"/>
    <property name="jceks.key.serialFilter" value="java.lang.Enum;java.security.KeyRep;java.security.KeyRep$Type;javax.crypto.spec.SecretKeySpec;org.apache.hadoop.crypto.key.JavaKeyStoreProvider$KeyMetadata;!*"/>
    <property name="test.build.dir" value="/home/runner/work/ozone/ozone/hadoop-ozone/integration-test/target/test-dir"/>
    <property name="test.cache.data" value=""/>
    <property name="java.vendor.url" value="https://adoptium.net/"/>
    <property name="user.timezone" value="Etc/UTC"/>
    <property name="maven-surefire-plugin.argLineAccessArgs" value=" --add-opens java.management/com.sun.jmx.mbeanserver=ALL-UNNAMED --add-exports java.management/com.sun.jmx.mbeanserver=ALL-UNNAMED --add-opens java.base/java.nio=ALL-UNNAMED --add-opens java.base/java.lang=ALL-UNNAMED --add-opens java.base/java.lang.reflect=ALL-UNNAMED"/>
    <property name="java.vm.specification.version" value="21"/>
    <property name="os.name" value="Linux"/>
    <property name="test.build.data" value="/home/runner/work/ozone/ozone/hadoop-ozone/integration-test/target/test-dir"/>
    <property name="sun.java.launcher" value="SUN_STANDARD"/>
    <property name="sun.boot.library.path" value="/usr/lib/jvm/temurin-21-jdk-amd64/lib"/>
    <property name="sun.java.command" value="/home/runner/work/ozone/ozone/hadoop-ozone/integration-test/target/surefire/surefirebooter-20251020194741896_135.jar /home/runner/work/ozone/ozone/hadoop-ozone/integration-test/target/surefire 2025-10-20T19-43-20_238-jvmRun1 surefire-20251020194741896_133tmp surefire_19-20251020194741896_134tmp"/>
    <property name="jdk.debug" value="release"/>
    <property name="native.lib.tmp.dir" value="/tmp"/>
    <property name="surefire.test.class.path" value="/home/runner/work/ozone/ozone/hadoop-ozone/integration-test/target/test-classes:/home/runner/work/ozone/ozone/hadoop-ozone/integration-test/target/classes:/home/runner/.m2/repository/ch/qos/reload4j/reload4j/1.2.26/reload4j-1.2.26.jar:/home/runner/.m2/repository/com/fasterxml/jackson/core/jackson-core/2.16.2/jackson-core-2.16.2.jar:/home/runner/.m2/repository/com/fasterxml/jackson/core/jackson-databind/2.16.2/jackson-databind-2.16.2.jar:/home/runner/.m2/repository/com/fasterxml/jackson/core/jackson-annotations/2.16.2/jackson-annotations-2.16.2.jar:/home/runner/.m2/repository/com/github/stephenc/jcip/jcip-annotations/1.0-1/jcip-annotations-1.0-1.jar:/home/runner/.m2/repository/com/google/guava/guava/33.5.0-jre/guava-33.5.0-jre.jar:/home/runner/.m2/repository/com/google/guava/failureaccess/1.0.3/failureaccess-1.0.3.jar:/home/runner/.m2/repository/com/google/guava/listenablefuture/9999.0-empty-to-avoid-conflict-with-guava/listenablefuture-9999.0-empty-to-avoid-conflict-with-guava.jar:/home/runner/.m2/repository/org/jspecify/jspecify/1.0.0/jspecify-1.0.0.jar:/home/runner/.m2/repository/com/google/errorprone/error_prone_annotations/2.29.2/error_prone_annotations-2.29.2.jar:/home/runner/.m2/repository/com/google/j2objc/j2objc-annotations/3.1/j2objc-annotations-3.1.jar:/home/runner/.m2/repository/com/google/protobuf/protobuf-java/2.5.0/protobuf-java-2.5.0.jar:/home/runner/.m2/repository/com/squareup/okhttp3/okhttp/4.12.0/okhttp-4.12.0.jar:/home/runner/.m2/repository/com/squareup/okio/okio/3.6.0/okio-3.6.0.jar:/home/runner/.m2/repository/com/squareup/okio/okio-jvm/3.6.0/okio-jvm-3.6.0.jar:/home/runner/.m2/repository/org/jetbrains/kotlin/kotlin-stdlib-common/1.9.25/kotlin-stdlib-common-1.9.25.jar:/home/runner/.m2/repository/org/jetbrains/kotlin/kotlin-stdlib-jdk8/1.9.25/kotlin-stdlib-jdk8-1.9.25.jar:/home/runner/.m2/repository/org/jetbrains/kotlin/kotlin-stdlib/1.9.25/kotlin-stdlib-1.9.25.jar:/home/runner/.m2/repository/org/jetbrains/annotations/13.0/annotations-13.0.jar:/home/runner/.m2/repository/org/jetbrains/kotlin/kotlin-stdlib-jdk7/1.9.25/kotlin-stdlib-jdk7-1.9.25.jar:/home/runner/.m2/repository/commons-codec/commons-codec/1.18.0/commons-codec-1.18.0.jar:/home/runner/.m2/repository/commons-io/commons-io/2.18.0/commons-io-2.18.0.jar:/home/runner/.m2/repository/commons-validator/commons-validator/1.10.0/commons-validator-1.10.0.jar:/home/runner/.m2/repository/commons-beanutils/commons-beanutils/1.11.0/commons-beanutils-1.11.0.jar:/home/runner/.m2/repository/commons-digester/commons-digester/2.1/commons-digester-2.1.jar:/home/runner/.m2/repository/commons-collections/commons-collections/3.2.2/commons-collections-3.2.2.jar:/home/runner/.m2/repository/info/picocli/picocli/4.7.7/picocli-4.7.7.jar:/home/runner/.m2/repository/jakarta/annotation/jakarta.annotation-api/2.1.1/jakarta.annotation-api-2.1.1.jar:/home/runner/.m2/repository/jakarta/xml/bind/jakarta.xml.bind-api/2.3.3/jakarta.xml.bind-api-2.3.3.jar:/home/runner/.m2/repository/jakarta/activation/jakarta.activation-api/1.2.2/jakarta.activation-api-1.2.2.jar:/home/runner/.m2/repository/javax/servlet/javax.servlet-api/3.1.0/javax.servlet-api-3.1.0.jar:/home/runner/.m2/repository/javax/ws/rs/jsr311-api/1.1.1/jsr311-api-1.1.1.jar:/home/runner/.m2/repository/org/apache/commons/commons-compress/1.27.1/commons-compress-1.27.1.jar:/home/runner/.m2/repository/org/apache/commons/commons-lang3/3.18.0/commons-lang3-3.18.0.jar:/home/runner/.m2/repository/org/apache/commons/commons-text/1.13.1/commons-text-1.13.1.jar:/home/runner/.m2/repository/org/apache/hadoop/hadoop-auth/3.4.2/hadoop-auth-3.4.2.jar:/home/runner/.m2/repository/com/nimbusds/nimbus-jose-jwt/10.4/nimbus-jose-jwt-10.4.jar:/home/runner/.m2/repository/io/dropwizard/metrics/metrics-core/3.2.6/metrics-core-3.2.6.jar:/home/runner/.m2/repository/org/apache/kerby/kerb-core/1.0.1/kerb-core-1.0.1.jar:/home/runner/.m2/repository/org/apache/kerby/kerby-pkix/1.0.1/kerby-pkix-1.0.1.jar:/home/runner/.m2/repository/org/apache/kerby/kerby-asn1/1.0.1/kerby-asn1-1.0.1.jar:/home/runner/.m2/repository/org/apache/kerby/kerb-util/1.0.1/kerb-util-1.0.1.jar:/home/runner/.m2/repository/org/apache/kerby/kerby-config/1.0.1/kerby-config-1.0.1.jar:/home/runner/.m2/repository/org/apache/kerby/kerb-crypto/1.0.1/kerb-crypto-1.0.1.jar:/home/runner/.m2/repository/org/apache/hadoop/thirdparty/hadoop-shaded-guava/1.4.0/hadoop-shaded-guava-1.4.0.jar:/home/runner/.m2/repository/org/apache/hadoop/hadoop-common/3.4.2/hadoop-common-3.4.2.jar:/home/runner/.m2/repository/org/apache/hadoop/thirdparty/hadoop-shaded-protobuf_3_25/1.4.0/hadoop-shaded-protobuf_3_25-1.4.0.jar:/home/runner/.m2/repository/org/apache/hadoop/hadoop-annotations/3.4.2/hadoop-annotations-3.4.2.jar:/home/runner/.m2/repository/commons-cli/commons-cli/1.8.0/commons-cli-1.8.0.jar:/home/runner/.m2/repository/commons-net/commons-net/3.11.1/commons-net-3.11.1.jar:/home/runner/.m2/repository/org/apache/commons/commons-collections4/4.4/commons-collections4-4.4.jar:/home/runner/.m2/repository/org/eclipse/jetty/jetty-server/9.4.58.v20250814/jetty-server-9.4.58.v20250814.jar:/home/runner/.m2/repository/org/eclipse/jetty/jetty-io/9.4.58.v20250814/jetty-io-9.4.58.v20250814.jar:/home/runner/.m2/repository/org/eclipse/jetty/jetty-util/9.4.58.v20250814/jetty-util-9.4.58.v20250814.jar:/home/runner/.m2/repository/org/eclipse/jetty/jetty-servlet/9.4.58.v20250814/jetty-servlet-9.4.58.v20250814.jar:/home/runner/.m2/repository/org/eclipse/jetty/jetty-security/9.4.58.v20250814/jetty-security-9.4.58.v20250814.jar:/home/runner/.m2/repository/org/eclipse/jetty/jetty-webapp/9.4.58.v20250814/jetty-webapp-9.4.58.v20250814.jar:/home/runner/.m2/repository/org/eclipse/jetty/jetty-xml/9.4.58.v20250814/jetty-xml-9.4.58.v20250814.jar:/home/runner/.m2/repository/javax/servlet/jsp/jsp-api/2.1/jsp-api-2.1.jar:/home/runner/.m2/repository/org/codehaus/jettison/jettison/1.5.4/jettison-1.5.4.jar:/home/runner/.m2/repository/org/apache/commons/commons-configuration2/2.12.0/commons-configuration2-2.12.0.jar:/home/runner/.m2/repository/com/google/re2j/re2j/1.7/re2j-1.7.jar:/home/runner/.m2/repository/com/google/code/gson/gson/2.13.1/gson-2.13.1.jar:/home/runner/.m2/repository/com/jcraft/jsch/0.1.55/jsch-0.1.55.jar:/home/runner/.m2/repository/io/netty/netty-handler/4.1.119.Final/netty-handler-4.1.119.Final.jar:/home/runner/.m2/repository/io/netty/netty-resolver/4.1.119.Final/netty-resolver-4.1.119.Final.jar:/home/runner/.m2/repository/io/netty/netty-transport-native-epoll/4.1.119.Final/netty-transport-native-epoll-4.1.119.Final.jar:/home/runner/.m2/repository/org/bouncycastle/bcprov-jdk18on/1.81/bcprov-jdk18on-1.81.jar:/home/runner/.m2/repository/org/codehaus/woodstox/stax2-api/4.2.1/stax2-api-4.2.1.jar:/home/runner/.m2/repository/com/fasterxml/woodstox/woodstox-core/5.4.0/woodstox-core-5.4.0.jar:/home/runner/.m2/repository/dnsjava/dnsjava/3.6.1/dnsjava-3.6.1.jar:/home/runner/.m2/repository/org/apache/hadoop/hadoop-common/3.4.2/hadoop-common-3.4.2-tests.jar:/home/runner/.m2/repository/org/apache/commons/commons-math3/3.6.1/commons-math3-3.6.1.jar:/home/runner/.m2/repository/com/sun/jersey/jersey-core/1.19.4/jersey-core-1.19.4.jar:/home/runner/.m2/repository/com/sun/jersey/jersey-servlet/1.19.4/jersey-servlet-1.19.4.jar:/home/runner/.m2/repository/com/github/pjfanning/jersey-json/1.22.0/jersey-json-1.22.0.jar:/home/runner/.m2/repository/com/sun/xml/bind/jaxb-impl/2.2.3-1/jaxb-impl-2.2.3-1.jar:/home/runner/.m2/repository/com/sun/jersey/jersey-server/1.19.4/jersey-server-1.19.4.jar:/home/runner/.m2/repository/org/slf4j/slf4j-reload4j/2.0.17/slf4j-reload4j-2.0.17.jar:/home/runner/.m2/repository/org/apache/avro/avro/1.11.4/avro-1.11.4.jar:/home/runner/.m2/repository/org/apache/curator/curator-client/4.2.0/curator-client-4.2.0.jar:/home/runner/.m2/repository/org/apache/curator/curator-recipes/5.2.0/curator-recipes-5.2.0.jar:/home/runner/.m2/repository/org/apache/curator/curator-framework/4.2.0/curator-framework-4.2.0.jar:/home/runner/.m2/repository/com/google/code/findbugs/jsr305/3.0.2/jsr305-3.0.2.jar:/home/runner/.m2/repository/org/apache/zookeeper/zookeeper/3.8.4/zookeeper-3.8.4.jar:/home/runner/.m2/repository/org/apache/zookeeper/zookeeper-jute/3.8.4/zookeeper-jute-3.8.4.jar:/home/runner/.m2/repository/org/apache/yetus/audience-annotations/0.12.0/audience-annotations-0.12.0.jar:/home/runner/.m2/repository/org/xerial/snappy/snappy-java/1.1.10.8/snappy-java-1.1.10.8.jar:/home/runner/.m2/repository/org/apache/hadoop/hadoop-distcp/3.4.2/hadoop-distcp-3.4.2.jar:/home/runner/.m2/repository/org/apache/hadoop/hadoop-distcp/3.4.2/hadoop-distcp-3.4.2-tests.jar:/home/runner/.m2/repository/org/apache/hadoop/hadoop-hdfs/3.4.2/hadoop-hdfs-3.4.2.jar:/home/runner/.m2/repository/org/eclipse/jetty/jetty-util-ajax/9.4.58.v20250814/jetty-util-ajax-9.4.58.v20250814.jar:/home/runner/.m2/repository/commons-daemon/commons-daemon/1.4.0/commons-daemon-1.4.0.jar:/home/runner/.m2/repository/org/apache/hadoop/hadoop-hdfs/3.4.2/hadoop-hdfs-3.4.2-tests.jar:/home/runner/.m2/repository/io/netty/netty-all/4.1.119.Final/netty-all-4.1.119.Final.jar:/home/runner/.m2/repository/io/netty/netty-codec-dns/4.1.119.Final/netty-codec-dns-4.1.119.Final.jar:/home/runner/.m2/repository/io/netty/netty-codec-haproxy/4.1.119.Final/netty-codec-haproxy-4.1.119.Final.jar:/home/runner/.m2/repository/io/netty/netty-codec-http/4.1.119.Final/netty-codec-http-4.1.119.Final.jar:/home/runner/.m2/repository/io/netty/netty-codec-memcache/4.1.119.Final/netty-codec-memcache-4.1.119.Final.jar:/home/runner/.m2/repository/io/netty/netty-codec-mqtt/4.1.119.Final/netty-codec-mqtt-4.1.119.Final.jar:/home/runner/.m2/repository/io/netty/netty-codec-redis/4.1.119.Final/netty-codec-redis-4.1.119.Final.jar:/home/runner/.m2/repository/io/netty/netty-codec-smtp/4.1.119.Final/netty-codec-smtp-4.1.119.Final.jar:/home/runner/.m2/repository/io/netty/netty-codec-socks/4.1.119.Final/netty-codec-socks-4.1.119.Final.jar:/home/runner/.m2/repository/io/netty/netty-codec-stomp/4.1.119.Final/netty-codec-stomp-4.1.119.Final.jar:/home/runner/.m2/repository/io/netty/netty-codec-xml/4.1.119.Final/netty-codec-xml-4.1.119.Final.jar:/home/runner/.m2/repository/io/netty/netty-handler-ssl-ocsp/4.1.119.Final/netty-handler-ssl-ocsp-4.1.119.Final.jar:/home/runner/.m2/repository/io/netty/netty-resolver-dns/4.1.119.Final/netty-resolver-dns-4.1.119.Final.jar:/home/runner/.m2/repository/io/netty/netty-transport-rxtx/4.1.119.Final/netty-transport-rxtx-4.1.119.Final.jar:/home/runner/.m2/repository/io/netty/netty-transport-sctp/4.1.119.Final/netty-transport-sctp-4.1.119.Final.jar:/home/runner/.m2/repository/io/netty/netty-transport-udt/4.1.119.Final/netty-transport-udt-4.1.119.Final.jar:/home/runner/.m2/repository/io/netty/netty-transport-classes-kqueue/4.1.119.Final/netty-transport-classes-kqueue-4.1.119.Final.jar:/home/runner/.m2/repository/io/netty/netty-resolver-dns-classes-macos/4.1.119.Final/netty-resolver-dns-classes-macos-4.1.119.Final.jar:/home/runner/.m2/repository/io/netty/netty-transport-native-epoll/4.1.119.Final/netty-transport-native-epoll-4.1.119.Final-linux-aarch_64.jar:/home/runner/.m2/repository/io/netty/netty-transport-native-epoll/4.1.119.Final/netty-transport-native-epoll-4.1.119.Final-linux-riscv64.jar:/home/runner/.m2/repository/io/netty/netty-transport-native-kqueue/4.1.119.Final/netty-transport-native-kqueue-4.1.119.Final-osx-x86_64.jar:/home/runner/.m2/repository/io/netty/netty-transport-native-kqueue/4.1.119.Final/netty-transport-native-kqueue-4.1.119.Final-osx-aarch_64.jar:/home/runner/.m2/repository/io/netty/netty-resolver-dns-native-macos/4.1.119.Final/netty-resolver-dns-native-macos-4.1.119.Final-osx-x86_64.jar:/home/runner/.m2/repository/io/netty/netty-resolver-dns-native-macos/4.1.119.Final/netty-resolver-dns-native-macos-4.1.119.Final-osx-aarch_64.jar:/home/runner/.m2/repository/org/fusesource/leveldbjni/leveldbjni-all/1.8/leveldbjni-all-1.8.jar:/home/runner/.m2/repository/org/apache/hadoop/hadoop-hdfs-client/3.4.2/hadoop-hdfs-client-3.4.2.jar:/home/runner/.m2/repository/org/apache/hadoop/hadoop-kms/3.4.2/hadoop-kms-3.4.2.jar:/home/runner/.m2/repository/org/apache/hadoop/hadoop-kms/3.4.2/hadoop-kms-3.4.2-tests.jar:/home/runner/.m2/repository/org/apache/hadoop/hadoop-mapreduce-client-core/3.4.2/hadoop-mapreduce-client-core-3.4.2.jar:/home/runner/.m2/repository/org/apache/hadoop/hadoop-yarn-client/3.4.2/hadoop-yarn-client-3.4.2.jar:/home/runner/.m2/repository/org/eclipse/jetty/websocket/websocket-client/9.4.57.v20241219/websocket-client-9.4.57.v20241219.jar:/home/runner/.m2/repository/org/eclipse/jetty/jetty-client/9.4.58.v20250814/jetty-client-9.4.58.v20250814.jar:/home/runner/.m2/repository/org/eclipse/jetty/websocket/websocket-common/9.4.57.v20241219/websocket-common-9.4.57.v20241219.jar:/home/runner/.m2/repository/org/eclipse/jetty/websocket/websocket-api/9.4.57.v20241219/websocket-api-9.4.57.v20241219.jar:/home/runner/.m2/repository/org/apache/hadoop/hadoop-yarn-api/3.4.2/hadoop-yarn-api-3.4.2.jar:/home/runner/.m2/repository/org/apache/hadoop/hadoop-yarn-common/3.4.2/hadoop-yarn-common-3.4.2.jar:/home/runner/.m2/repository/javax/xml/bind/jaxb-api/2.2.11/jaxb-api-2.2.11.jar:/home/runner/.m2/repository/com/sun/jersey/contribs/jersey-guice/1.19.4/jersey-guice-1.19.4.jar:/home/runner/.m2/repository/com/fasterxml/jackson/module/jackson-module-jaxb-annotations/2.16.2/jackson-module-jaxb-annotations-2.16.2.jar:/home/runner/.m2/repository/com/fasterxml/jackson/jaxrs/jackson-jaxrs-json-provider/2.16.2/jackson-jaxrs-json-provider-2.16.2.jar:/home/runner/.m2/repository/com/google/inject/extensions/guice-servlet/6.0.0/guice-servlet-6.0.0.jar:/home/runner/.m2/repository/org/apache/hadoop/hadoop-mapreduce-client-jobclient/3.4.2/hadoop-mapreduce-client-jobclient-3.4.2.jar:/home/runner/.m2/repository/org/apache/hadoop/hadoop-mapreduce-client-common/3.4.2/hadoop-mapreduce-client-common-3.4.2.jar:/home/runner/.m2/repository/org/apache/hadoop/hadoop-minikdc/3.4.2/hadoop-minikdc-3.4.2.jar:/home/runner/.m2/repository/org/apache/kerby/kerb-simplekdc/2.0.3/kerb-simplekdc-2.0.3.jar:/home/runner/.m2/repository/org/apache/kerby/kerb-client/2.0.3/kerb-client-2.0.3.jar:/home/runner/.m2/repository/org/apache/kerby/kerb-common/2.0.3/kerb-common-2.0.3.jar:/home/runner/.m2/repository/org/apache/kerby/token-provider/2.0.3/token-provider-2.0.3.jar:/home/runner/.m2/repository/org/apache/kerby/kerb-admin/2.0.3/kerb-admin-2.0.3.jar:/home/runner/.m2/repository/org/apache/kerby/kerb-server/2.0.3/kerb-server-2.0.3.jar:/home/runner/.m2/repository/org/apache/kerby/kerb-identity/2.0.3/kerb-identity-2.0.3.jar:/home/runner/.m2/repository/org/apache/kerby/kerby-xdr/2.0.3/kerby-xdr-2.0.3.jar:/home/runner/.m2/repository/junit/junit/4.13.2/junit-4.13.2.jar:/home/runner/.m2/repository/org/hamcrest/hamcrest-core/1.3/hamcrest-core-1.3.jar:/home/runner/.m2/repository/org/apache/httpcomponents/httpclient/4.5.14/httpclient-4.5.14.jar:/home/runner/.m2/repository/org/apache/httpcomponents/httpcore/4.4.16/httpcore-4.4.16.jar:/home/runner/.m2/repository/org/apache/kerby/kerby-util/1.0.1/kerby-util-1.0.1.jar:/home/runner/work/ozone/ozone/hadoop-hdds/client/target/hdds-client-2.1.0-SNAPSHOT.jar:/home/runner/work/ozone/ozone/hadoop-hdds/erasurecode/target/hdds-erasurecode-2.1.0-SNAPSHOT.jar:/home/runner/work/ozone/ozone/hadoop-hdds/common/target/hdds-common-2.1.0-SNAPSHOT.jar:/home/runner/.m2/repository/com/fasterxml/jackson/datatype/jackson-datatype-jsr310/2.16.2/jackson-datatype-jsr310-2.16.2.jar:/home/runner/.m2/repository/io/opentelemetry/opentelemetry-api/1.54.1/opentelemetry-api-1.54.1.jar:/home/runner/.m2/repository/io/opentelemetry/opentelemetry-context/1.54.1/opentelemetry-context-1.54.1.jar:/home/runner/.m2/repository/io/opentelemetry/opentelemetry-common/1.54.1/opentelemetry-common-1.54.1.jar:/home/runner/.m2/repository/io/opentelemetry/opentelemetry-exporter-otlp/1.54.1/opentelemetry-exporter-otlp-1.54.1.jar:/home/runner/.m2/repository/io/opentelemetry/opentelemetry-sdk-metrics/1.54.1/opentelemetry-sdk-metrics-1.54.1.jar:/home/runner/.m2/repository/io/opentelemetry/opentelemetry-sdk-logs/1.54.1/opentelemetry-sdk-logs-1.54.1.jar:/home/runner/.m2/repository/io/opentelemetry/opentelemetry-exporter-otlp-common/1.54.1/opentelemetry-exporter-otlp-common-1.54.1.jar:/home/runner/.m2/repository/io/opentelemetry/opentelemetry-exporter-common/1.54.1/opentelemetry-exporter-common-1.54.1.jar:/home/runner/.m2/repository/io/opentelemetry/opentelemetry-exporter-sender-okhttp/1.54.1/opentelemetry-exporter-sender-okhttp-1.54.1.jar:/home/runner/.m2/repository/com/squareup/okhttp3/okhttp-jvm/5.1.0/okhttp-jvm-5.1.0.jar:/home/runner/.m2/repository/io/opentelemetry/opentelemetry-sdk-extension-autoconfigure-spi/1.54.1/opentelemetry-sdk-extension-autoconfigure-spi-1.54.1.jar:/home/runner/.m2/repository/io/opentelemetry/opentelemetry-sdk/1.54.1/opentelemetry-sdk-1.54.1.jar:/home/runner/.m2/repository/io/opentelemetry/opentelemetry-sdk-common/1.54.1/opentelemetry-sdk-common-1.54.1.jar:/home/runner/.m2/repository/io/opentelemetry/opentelemetry-sdk-trace/1.54.1/opentelemetry-sdk-trace-1.54.1.jar:/home/runner/.m2/repository/org/apache/commons/commons-pool2/2.12.1/commons-pool2-2.12.1.jar:/home/runner/.m2/repository/org/apache/ratis/ratis-netty/3.2.0/ratis-netty-3.2.0.jar:/home/runner/.m2/repository/org/yaml/snakeyaml/2.5/snakeyaml-2.5.jar:/home/runner/.m2/repository/org/apache/ratis/ratis-metrics-dropwizard3/3.2.0/ratis-metrics-dropwizard3-3.2.0.jar:/home/runner/.m2/repository/org/slf4j/jcl-over-slf4j/2.0.17/jcl-over-slf4j-2.0.17.jar:/home/runner/work/ozone/ozone/hadoop-hdds/common/target/hdds-common-2.1.0-SNAPSHOT-tests.jar:/home/runner/work/ozone/ozone/hadoop-hdds/config/target/hdds-config-2.1.0-SNAPSHOT.jar:/home/runner/work/ozone/ozone/hadoop-hdds/container-service/target/hdds-container-service-2.1.0-SNAPSHOT.jar:/home/runner/.m2/repository/io/netty/netty-buffer/4.1.119.Final/netty-buffer-4.1.119.Final.jar:/home/runner/.m2/repository/io/netty/netty-codec/4.1.119.Final/netty-codec-4.1.119.Final.jar:/home/runner/.m2/repository/io/netty/netty-common/4.1.119.Final/netty-common-4.1.119.Final.jar:/home/runner/.m2/repository/io/netty/netty-transport/4.1.119.Final/netty-transport-4.1.119.Final.jar:/home/runner/.m2/repository/org/apache/logging/log4j/log4j-api/2.25.0/log4j-api-2.25.0.jar:/home/runner/.m2/repository/com/github/luben/zstd-jni/1.5.7-5/zstd-jni-1.5.7-5.jar:/home/runner/.m2/repository/log4j/apache-log4j-extras/1.2.17/apache-log4j-extras-1.2.17.jar:/home/runner/.m2/repository/org/glassfish/jaxb/jaxb-runtime/2.3.9/jaxb-runtime-2.3.9.jar:/home/runner/.m2/repository/org/glassfish/jaxb/txw2/2.3.9/txw2-2.3.9.jar:/home/runner/.m2/repository/com/sun/istack/istack-commons-runtime/3.0.12/istack-commons-runtime-3.0.12.jar:/home/runner/.m2/repository/com/sun/activation/jakarta.activation/1.2.2/jakarta.activation-1.2.2.jar:/home/runner/work/ozone/ozone/hadoop-hdds/container-service/target/hdds-container-service-2.1.0-SNAPSHOT-tests.jar:/home/runner/work/ozone/ozone/hadoop-hdds/interface-admin/target/hdds-interface-admin-2.1.0-SNAPSHOT.jar:/home/runner/work/ozone/ozone/hadoop-hdds/interface-client/target/hdds-interface-client-2.1.0-SNAPSHOT.jar:/home/runner/work/ozone/ozone/hadoop-hdds/interface-server/target/hdds-interface-server-2.1.0-SNAPSHOT.jar:/home/runner/work/ozone/ozone/hadoop-hdds/managed-rocksdb/target/hdds-managed-rocksdb-2.1.0-SNAPSHOT.jar:/home/runner/work/ozone/ozone/hadoop-hdds/rocks-native/target/hdds-rocks-native-2.1.0-SNAPSHOT.jar:/home/runner/work/ozone/ozone/hadoop-hdds/framework/target/hdds-server-framework-2.1.0-SNAPSHOT.jar:/home/runner/.m2/repository/com/github/jnr/jnr-constants/0.10.4/jnr-constants-0.10.4.jar:/home/runner/.m2/repository/com/github/jnr/jnr-posix/3.1.20/jnr-posix-3.1.20.jar:/home/runner/.m2/repository/com/github/jnr/jnr-ffi/2.2.17/jnr-ffi-2.2.17.jar:/home/runner/.m2/repository/com/github/jnr/jffi/1.3.13/jffi-1.3.13.jar:/home/runner/.m2/repository/com/github/jnr/jffi/1.3.13/jffi-1.3.13-native.jar:/home/runner/.m2/repository/org/ow2/asm/asm/9.7.1/asm-9.7.1.jar:/home/runner/.m2/repository/org/ow2/asm/asm-commons/9.7.1/asm-commons-9.7.1.jar:/home/runner/.m2/repository/org/ow2/asm/asm-analysis/9.7.1/asm-analysis-9.7.1.jar:/home/runner/.m2/repository/org/ow2/asm/asm-tree/9.7.1/asm-tree-9.7.1.jar:/home/runner/.m2/repository/org/ow2/asm/asm-util/9.7.1/asm-util-9.7.1.jar:/home/runner/.m2/repository/com/github/jnr/jnr-a64asm/1.0.0/jnr-a64asm-1.0.0.jar:/home/runner/.m2/repository/com/github/jnr/jnr-x86asm/1.0.2/jnr-x86asm-1.0.2.jar:/home/runner/.m2/repository/commons-fileupload/commons-fileupload/1.6.0/commons-fileupload-1.6.0.jar:/home/runner/.m2/repository/io/grpc/grpc-api/1.71.0/grpc-api-1.71.0.jar:/home/runner/.m2/repository/io/prometheus/simpleclient/0.16.0/simpleclient-0.16.0.jar:/home/runner/.m2/repository/io/prometheus/simpleclient_common/0.16.0/simpleclient_common-0.16.0.jar:/home/runner/.m2/repository/io/prometheus/simpleclient_dropwizard/0.16.0/simpleclient_dropwizard-0.16.0.jar:/home/runner/.m2/repository/jakarta/ws/rs/jakarta.ws.rs-api/2.1.6/jakarta.ws.rs-api-2.1.6.jar:/home/runner/.m2/repository/org/eclipse/jetty/jetty-http/9.4.58.v20250814/jetty-http-9.4.58.v20250814.jar:/home/runner/.m2/repository/org/glassfish/jersey/containers/jersey-container-servlet-core/2.47/jersey-container-servlet-core-2.47.jar:/home/runner/.m2/repository/org/glassfish/jersey/core/jersey-server/2.47/jersey-server-2.47.jar:/home/runner/.m2/repository/org/glassfish/jersey/core/jersey-client/2.47/jersey-client-2.47.jar:/home/runner/.m2/repository/com/lmax/disruptor/3.4.4/disruptor-3.4.4.jar:/home/runner/.m2/repository/org/apache/logging/log4j/log4j-core/2.25.0/log4j-core-2.25.0.jar:/home/runner/work/ozone/ozone/hadoop-hdds/framework/target/hdds-server-framework-2.1.0-SNAPSHOT-tests.jar:/home/runner/work/ozone/ozone/hadoop-hdds/server-scm/target/hdds-server-scm-2.1.0-SNAPSHOT.jar:/home/runner/work/ozone/ozone/hadoop-hdds/server-scm/target/hdds-server-scm-2.1.0-SNAPSHOT-tests.jar:/home/runner/work/ozone/ozone/hadoop-hdds/test-utils/target/hdds-test-utils-2.1.0-SNAPSHOT-tests.jar:/home/runner/work/ozone/ozone/hadoop-ozone/cli-admin/target/ozone-cli-admin-2.1.0-SNAPSHOT.jar:/home/runner/work/ozone/ozone/hadoop-ozone/cli-shell/target/ozone-cli-shell-2.1.0-SNAPSHOT.jar:/home/runner/.m2/repository/info/picocli/picocli-shell-jline3/4.7.7/picocli-shell-jline3-4.7.7.jar:/home/runner/.m2/repository/org/jline/jline/3.30.6/jline-3.30.6.jar:/home/runner/work/ozone/ozone/hadoop-ozone/client/target/ozone-client-2.1.0-SNAPSHOT.jar:/home/runner/work/ozone/ozone/hadoop-ozone/common/target/ozone-common-2.1.0-SNAPSHOT.jar:/home/runner/.m2/repository/io/grpc/grpc-netty/1.71.0/grpc-netty-1.71.0.jar:/home/runner/.m2/repository/org/codehaus/mojo/animal-sniffer-annotations/1.24/animal-sniffer-annotations-1.24.jar:/home/runner/.m2/repository/io/grpc/grpc-core/1.71.0/grpc-core-1.71.0.jar:/home/runner/.m2/repository/com/google/android/annotations/4.1.1.4/annotations-4.1.1.4.jar:/home/runner/.m2/repository/io/grpc/grpc-context/1.71.0/grpc-context-1.71.0.jar:/home/runner/.m2/repository/io/perfmark/perfmark-api/0.27.0/perfmark-api-0.27.0.jar:/home/runner/.m2/repository/io/grpc/grpc-util/1.71.0/grpc-util-1.71.0.jar:/home/runner/.m2/repository/io/netty/netty-codec-http2/4.1.119.Final/netty-codec-http2-4.1.119.Final.jar:/home/runner/.m2/repository/io/netty/netty-handler-proxy/4.1.119.Final/netty-handler-proxy-4.1.119.Final.jar:/home/runner/.m2/repository/io/netty/netty-tcnative-boringssl-static/2.0.70.Final/netty-tcnative-boringssl-static-2.0.70.Final.jar:/home/runner/.m2/repository/io/netty/netty-tcnative-classes/2.0.70.Final/netty-tcnative-classes-2.0.70.Final.jar:/home/runner/.m2/repository/io/netty/netty-tcnative-boringssl-static/2.0.70.Final/netty-tcnative-boringssl-static-2.0.70.Final-linux-x86_64.jar:/home/runner/.m2/repository/io/netty/netty-tcnative-boringssl-static/2.0.70.Final/netty-tcnative-boringssl-static-2.0.70.Final-linux-aarch_64.jar:/home/runner/.m2/repository/io/netty/netty-tcnative-boringssl-static/2.0.70.Final/netty-tcnative-boringssl-static-2.0.70.Final-osx-x86_64.jar:/home/runner/.m2/repository/io/netty/netty-tcnative-boringssl-static/2.0.70.Final/netty-tcnative-boringssl-static-2.0.70.Final-osx-aarch_64.jar:/home/runner/.m2/repository/io/netty/netty-tcnative-boringssl-static/2.0.70.Final/netty-tcnative-boringssl-static-2.0.70.Final-windows-x86_64.jar:/home/runner/work/ozone/ozone/hadoop-ozone/csi/target/ozone-csi-2.1.0-SNAPSHOT.jar:/home/runner/.m2/repository/io/grpc/grpc-protobuf/1.71.0/grpc-protobuf-1.71.0.jar:/home/runner/.m2/repository/com/google/api/grpc/proto-google-common-protos/2.51.0/proto-google-common-protos-2.51.0.jar:/home/runner/.m2/repository/io/grpc/grpc-protobuf-lite/1.71.0/grpc-protobuf-lite-1.71.0.jar:/home/runner/.m2/repository/io/grpc/grpc-stub/1.71.0/grpc-stub-1.71.0.jar:/home/runner/.m2/repository/io/netty/netty-transport-classes-epoll/4.1.119.Final/netty-transport-classes-epoll-4.1.119.Final.jar:/home/runner/.m2/repository/io/netty/netty-transport-native-unix-common/4.1.119.Final/netty-transport-native-unix-common-4.1.119.Final.jar:/home/runner/.m2/repository/io/netty/netty-transport-native-epoll/4.1.119.Final/netty-transport-native-epoll-4.1.119.Final-linux-x86_64.jar:/home/runner/work/ozone/ozone/hadoop-ozone/ozonefs/target/ozone-filesystem-2.1.0-SNAPSHOT.jar:/home/runner/work/ozone/ozone/hadoop-ozone/ozonefs-common/target/ozone-filesystem-common-2.1.0-SNAPSHOT.jar:/home/runner/work/ozone/ozone/hadoop-ozone/freon/target/ozone-freon-2.1.0-SNAPSHOT.jar:/home/runner/.m2/repository/com/amazonaws/aws-java-sdk-core/1.12.788/aws-java-sdk-core-1.12.788.jar:/home/runner/.m2/repository/com/fasterxml/jackson/dataformat/jackson-dataformat-cbor/2.16.2/jackson-dataformat-cbor-2.16.2.jar:/home/runner/.m2/repository/joda-time/joda-time/2.12.7/joda-time-2.12.7.jar:/home/runner/.m2/repository/com/amazonaws/aws-java-sdk-s3/1.12.788/aws-java-sdk-s3-1.12.788.jar:/home/runner/.m2/repository/com/amazonaws/aws-java-sdk-kms/1.12.788/aws-java-sdk-kms-1.12.788.jar:/home/runner/.m2/repository/com/amazonaws/jmespath-java/1.12.788/jmespath-java-1.12.788.jar:/home/runner/work/ozone/ozone/hadoop-ozone/interface-client/target/ozone-interface-client-2.1.0-SNAPSHOT.jar:/home/runner/work/ozone/ozone/hadoop-ozone/interface-storage/target/ozone-interface-storage-2.1.0-SNAPSHOT.jar:/home/runner/work/ozone/ozone/hadoop-ozone/ozone-manager/target/ozone-manager-2.1.0-SNAPSHOT.jar:/home/runner/.m2/repository/org/aspectj/aspectjrt/1.9.24/aspectjrt-1.9.24.jar:/home/runner/work/ozone/ozone/hadoop-ozone/ozone-manager/target/ozone-manager-2.1.0-SNAPSHOT-tests.jar:/home/runner/work/ozone/ozone/hadoop-ozone/mini-cluster/target/ozone-mini-cluster-2.1.0-SNAPSHOT.jar:/home/runner/work/ozone/ozone/hadoop-ozone/multitenancy-ranger/target/ozone-multitenancy-ranger-2.1.0-SNAPSHOT.jar:/home/runner/.m2/repository/com/sun/jersey/jersey-client/1.19.4/jersey-client-1.19.4.jar:/home/runner/.m2/repository/org/apache/ranger/ranger-plugins-common/2.6.0/ranger-plugins-common-2.6.0.jar:/home/runner/.m2/repository/com/fasterxml/jackson/jaxrs/jackson-jaxrs-base/2.16.2/jackson-jaxrs-base-2.16.2.jar:/home/runner/.m2/repository/com/kstruct/gethostname4j/1.0.0/gethostname4j-1.0.0.jar:/home/runner/.m2/repository/commons-lang/commons-lang/2.6/commons-lang-2.6.jar:/home/runner/.m2/repository/net/java/dev/jna/jna/5.2.0/jna-5.2.0.jar:/home/runner/.m2/repository/net/java/dev/jna/jna-platform/5.2.0/jna-platform-5.2.0.jar:/home/runner/.m2/repository/org/apache/ranger/ranger-plugin-classloader/2.6.0/ranger-plugin-classloader-2.6.0.jar:/home/runner/.m2/repository/org/apache/ranger/ranger-plugins-audit/2.6.0/ranger-plugins-audit-2.6.0.jar:/home/runner/.m2/repository/com/amazonaws/aws-java-sdk-logs/1.12.765/aws-java-sdk-logs-1.12.765.jar:/home/runner/.m2/repository/com/carrotsearch/hppc/0.8.0/hppc-0.8.0.jar:/home/runner/.m2/repository/io/airlift/aircompressor/0.27/aircompressor-0.27.jar:/home/runner/.m2/repository/org/apache/httpcomponents/httpasyncclient/4.1.4/httpasyncclient-4.1.4.jar:/home/runner/.m2/repository/org/apache/httpcomponents/httpcore-nio/4.4.16/httpcore-nio-4.4.16.jar:/home/runner/.m2/repository/org/apache/httpcomponents/httpmime/4.5.13/httpmime-4.5.13.jar:/home/runner/.m2/repository/org/apache/orc/orc-core/1.5.8/orc-core-1.5.8.jar:/home/runner/.m2/repository/org/apache/orc/orc-shims/1.5.8/orc-shims-1.5.8.jar:/home/runner/.m2/repository/org/apache/ranger/ranger-plugins-cred/2.6.0/ranger-plugins-cred-2.6.0.jar:/home/runner/work/ozone/ozone/hadoop-ozone/recon/target/ozone-recon-2.1.0-SNAPSHOT.jar:/home/runner/.m2/repository/aopalliance/aopalliance/1.0/aopalliance-1.0.jar:/home/runner/.m2/repository/com/google/inject/guice/6.0.0/guice-6.0.0.jar:/home/runner/.m2/repository/jakarta/inject/jakarta.inject-api/2.0.1/jakarta.inject-api-2.0.1.jar:/home/runner/.m2/repository/com/jolbox/bonecp/0.8.0.RELEASE/bonecp-0.8.0.RELEASE.jar:/home/runner/.m2/repository/jakarta/validation/jakarta.validation-api/2.0.2/jakarta.validation-api-2.0.2.jar:/home/runner/.m2/repository/javax/annotation/javax.annotation-api/1.3.2/javax.annotation-api-1.3.2.jar:/home/runner/.m2/repository/javax/inject/javax.inject/1/javax.inject-1.jar:/home/runner/.m2/repository/org/apache/derby/derby/10.14.2.0/derby-10.14.2.0.jar:/home/runner/.m2/repository/org/glassfish/hk2/guice-bridge/2.6.1/guice-bridge-2.6.1.jar:/home/runner/.m2/repository/org/glassfish/hk2/hk2-api/2.6.1/hk2-api-2.6.1.jar:/home/runner/.m2/repository/org/glassfish/hk2/hk2-utils/2.6.1/hk2-utils-2.6.1.jar:/home/runner/.m2/repository/org/glassfish/hk2/external/aopalliance-repackaged/2.6.1/aopalliance-repackaged-2.6.1.jar:/home/runner/.m2/repository/org/glassfish/jersey/core/jersey-common/2.47/jersey-common-2.47.jar:/home/runner/.m2/repository/org/glassfish/hk2/osgi-resource-locator/1.0.3/osgi-resource-locator-1.0.3.jar:/home/runner/.m2/repository/org/jooq/jooq/3.11.10/jooq-3.11.10.jar:/home/runner/.m2/repository/org/springframework/spring-core/5.3.39/spring-core-5.3.39.jar:/home/runner/.m2/repository/org/springframework/spring-jdbc/5.3.39/spring-jdbc-5.3.39.jar:/home/runner/.m2/repository/org/springframework/spring-beans/5.3.39/spring-beans-5.3.39.jar:/home/runner/.m2/repository/org/springframework/spring-tx/5.3.39/spring-tx-5.3.39.jar:/home/runner/.m2/repository/org/xerial/sqlite-jdbc/3.50.3.0/sqlite-jdbc-3.50.3.0.jar:/home/runner/.m2/repository/com/google/inject/extensions/guice-assistedinject/6.0.0/guice-assistedinject-6.0.0.jar:/home/runner/.m2/repository/org/glassfish/hk2/external/jakarta.inject/2.6.1/jakarta.inject-2.6.1.jar:/home/runner/.m2/repository/org/glassfish/jersey/inject/jersey-hk2/2.47/jersey-hk2-2.47.jar:/home/runner/.m2/repository/org/glassfish/hk2/hk2-locator/2.6.1/hk2-locator-2.6.1.jar:/home/runner/.m2/repository/org/glassfish/jersey/media/jersey-media-jaxb/2.47/jersey-media-jaxb-2.47.jar:/home/runner/.m2/repository/org/glassfish/jersey/media/jersey-media-json-jackson/2.47/jersey-media-json-jackson-2.47.jar:/home/runner/.m2/repository/org/glassfish/jersey/ext/jersey-entity-filtering/2.47/jersey-entity-filtering-2.47.jar:/home/runner/work/ozone/ozone/hadoop-ozone/recon-codegen/target/ozone-reconcodegen-2.1.0-SNAPSHOT.jar:/home/runner/.m2/repository/org/jooq/jooq-codegen/3.11.10/jooq-codegen-3.11.10.jar:/home/runner/.m2/repository/org/jooq/jooq-meta/3.11.10/jooq-meta-3.11.10.jar:/home/runner/work/ozone/ozone/hadoop-ozone/s3gateway/target/ozone-s3gateway-2.1.0-SNAPSHOT.jar:/home/runner/work/ozone/ozone/hadoop-ozone/tools/target/ozone-tools-2.1.0-SNAPSHOT.jar:/home/runner/.m2/repository/com/github/vlsi/mxgraph/jgraphx/3.9.12/jgraphx-3.9.12.jar:/home/runner/.m2/repository/org/apache/ratis/ratis-shell/3.2.0/ratis-shell-3.2.0.jar:/home/runner/.m2/repository/org/apache/ratis/ratis-tools/3.2.0/ratis-tools-3.2.0.jar:/home/runner/.m2/repository/org/jgrapht/jgrapht-core/1.4.0/jgrapht-core-1.4.0.jar:/home/runner/.m2/repository/org/jheaps/jheaps/0.11/jheaps-0.11.jar:/home/runner/.m2/repository/org/jgrapht/jgrapht-ext/1.4.0/jgrapht-ext-1.4.0.jar:/home/runner/work/ozone/ozone/hadoop-hdds/rocksdb-checkpoint-differ/target/rocksdb-checkpoint-differ-2.1.0-SNAPSHOT.jar:/home/runner/.m2/repository/org/apache/ranger/ranger-intg/2.6.0/ranger-intg-2.6.0.jar:/home/runner/.m2/repository/org/apache/ratis/ratis-client/3.2.0/ratis-client-3.2.0.jar:/home/runner/.m2/repository/org/apache/ratis/ratis-common/3.2.0/ratis-common-3.2.0.jar:/home/runner/.m2/repository/org/apache/ratis/ratis-grpc/3.2.0/ratis-grpc-3.2.0.jar:/home/runner/.m2/repository/org/apache/ratis/ratis-metrics-api/3.2.0/ratis-metrics-api-3.2.0.jar:/home/runner/.m2/repository/org/apache/ratis/ratis-proto/3.2.0/ratis-proto-3.2.0.jar:/home/runner/.m2/repository/org/apache/ratis/ratis-server/3.2.0/ratis-server-3.2.0.jar:/home/runner/.m2/repository/org/apache/ratis/ratis-server-api/3.2.0/ratis-server-api-3.2.0.jar:/home/runner/.m2/repository/org/apache/ratis/ratis-thirdparty-misc/1.0.9/ratis-thirdparty-misc-1.0.9.jar:/home/runner/.m2/repository/org/bouncycastle/bcpkix-jdk18on/1.81/bcpkix-jdk18on-1.81.jar:/home/runner/.m2/repository/org/bouncycastle/bcutil-jdk18on/1.81/bcutil-jdk18on-1.81.jar:/home/runner/.m2/repository/org/hamcrest/hamcrest/2.2/hamcrest-2.2.jar:/home/runner/.m2/repository/org/reflections/reflections/0.10.2/reflections-0.10.2.jar:/home/runner/.m2/repository/org/javassist/javassist/3.30.2-GA/javassist-3.30.2-GA.jar:/home/runner/.m2/repository/org/rocksdb/rocksdbjni/7.7.3/rocksdbjni-7.7.3.jar:/home/runner/.m2/repository/org/slf4j/jul-to-slf4j/2.0.17/jul-to-slf4j-2.0.17.jar:/home/runner/.m2/repository/org/slf4j/slf4j-api/2.0.17/slf4j-api-2.0.17.jar:/home/runner/.m2/repository/org/assertj/assertj-core/3.27.6/assertj-core-3.27.6.jar:/home/runner/.m2/repository/net/bytebuddy/byte-buddy/1.17.7/byte-buddy-1.17.7.jar:/home/runner/.m2/repository/org/junit/jupiter/junit-jupiter-api/5.14.0/junit-jupiter-api-5.14.0.jar:/home/runner/.m2/repository/org/opentest4j/opentest4j/1.3.0/opentest4j-1.3.0.jar:/home/runner/.m2/repository/org/junit/platform/junit-platform-commons/1.14.0/junit-platform-commons-1.14.0.jar:/home/runner/.m2/repository/org/apiguardian/apiguardian-api/1.1.2/apiguardian-api-1.1.2.jar:/home/runner/.m2/repository/org/junit/jupiter/junit-jupiter-params/5.14.0/junit-jupiter-params-5.14.0.jar:/home/runner/.m2/repository/org/mockito/mockito-core/4.11.0/mockito-core-4.11.0.jar:/home/runner/.m2/repository/net/bytebuddy/byte-buddy-agent/1.12.19/byte-buddy-agent-1.12.19.jar:/home/runner/.m2/repository/org/objenesis/objenesis/3.3/objenesis-3.3.jar:/home/runner/.m2/repository/org/mockito/mockito-inline/4.11.0/mockito-inline-4.11.0.jar:/home/runner/.m2/repository/org/mockito/mockito-junit-jupiter/4.11.0/mockito-junit-jupiter-4.11.0.jar:/home/runner/work/ozone/ozone/hadoop-ozone/integration-test/target/gradle-enterprise/test-listeners.jar:"/>
    <property name="sun.cpu.endian" value="little"/>
    <property name="user.home" value="/home/runner"/>
    <property name="user.language" value="en"/>
    <property name="java.specification.vendor" value="Oracle Corporation"/>
    <property name="skipRecon" value="true"/>
    <property name="java.version.date" value="2025-07-15"/>
    <property name="java.home" value="/usr/lib/jvm/temurin-21-jdk-amd64"/>
    <property name="java.security.krb5.conf" value="/home/runner/work/ozone/ozone/hadoop-ozone/integration-test/target/test-classes/krb5.conf"/>
    <property name="file.separator" value="/"/>
    <property name="basedir" value="/home/runner/work/ozone/ozone/hadoop-ozone/integration-test"/>
    <property name="java.vm.compressedOopsMode" value="Zero based"/>
    <property name="line.separator" value="&#10;"/>
    <property name="java.vm.specification.vendor" value="Oracle Corporation"/>
    <property name="java.specification.name" value="Java Platform API Specification"/>
    <property name="OZONE.CLIENT.RECOVER.LEASE.FORCE" value="true"/>
    <property name="surefire.real.class.path" value="/home/runner/work/ozone/ozone/hadoop-ozone/integration-test/target/surefire/surefirebooter-20251020194741896_135.jar"/>
    <property name="hadoop.log.dir" value="/home/runner/work/ozone/ozone/hadoop-ozone/integration-test/target/log"/>
    <property name="sun.management.compiler" value="HotSpot 64-Bit Tiered Compilers"/>
    <property name="skipShade" value="true"/>
    <property name="java.runtime.version" value="21.0.8+9-LTS"/>
    <property name="user.name" value="runner"/>
    <property name="java.net.preferIPv4Stack" value="true"/>
    <property name="stdout.encoding" value="UTF-8"/>
    <property name="path.separator" value=":"/>
    <property name="java.security.egd" value="file:///dev/urandom"/>
    <property name="os.version" value="6.14.0-1012-azure"/>
    <property name="java.runtime.name" value="OpenJDK Runtime Environment"/>
    <property name="com.gradle.maven.scan.extension.test.listener.junitplatform.NestedExecutionSafeDelegatingTestExecutionListener" value="56e07a08"/>
    <property name="file.encoding" value="UTF-8"/>
    <property name="java.vm.name" value="OpenJDK 64-Bit Server VM"/>
    <property name="rocks_tools_native" value="true"/>
    <property name="java.vendor.version" value="Temurin-21.0.8+9"/>
    <property name="test.build.webapps" value=""/>
    <property name="develocity.listener.surefire.forkId" value="1"/>
    <property name="localRepository" value="/home/runner/.m2/repository"/>
    <property name="java.vendor.url.bug" value="https://github.com/adoptium/adoptium-support/issues"/>
    <property name="jetty.git.hash" value="8f1440587e9e4ae7db3d74cf205643f3d707148d"/>
    <property name="java.io.tmpdir" value="/tmp"/>
    <property name="require.test.libhadoop" value=""/>
    <property name="java.version" value="21.0.8"/>
    <property name="user.dir" value="/home/runner/work/ozone/ozone/hadoop-ozone/integration-test"/>
    <property name="os.arch" value="amd64"/>
    <property name="java.vm.specification.name" value="Java Virtual Machine Specification"/>
    <property name="test.build.classes" value="/home/runner/work/ozone/ozone/hadoop-ozone/integration-test/target/test-classes"/>
    <property name="org.apache.ratis.thirdparty.io.netty.allocator.useCacheForAllThreads" value="false"/>
    <property name="native.encoding" value="UTF-8"/>
    <property name="hadoop.tmp.dir" value="/home/runner/work/ozone/ozone/hadoop-ozone/integration-test/target/tmp"/>
    <property name="java.library.path" value="/usr/java/packages/lib:/usr/lib64:/lib64:/lib:/usr/lib"/>
    <property name="java.vm.info" value="mixed mode, sharing"/>
    <property name="stderr.encoding" value="UTF-8"/>
    <property name="java.vendor" value="Eclipse Adoptium"/>
    <property name="java.vm.version" value="21.0.8+9-LTS"/>
    <property name="sun.io.unicode.encoding" value="UnicodeLittle"/>
    <property name="develocity.listener.port" value="38545"/>
    <property name="java.class.version" value="65.0"/>
  </properties>
  <testcase name="bucketUsedBytesOverWrite(BucketLayout)[1]" classname="org.apache.hadoop.ozone.client.rpc.TestSecureOzoneRpcClient" time="0.636">
    <system-out><![CDATA[2025-10-20 19:49:44,226 [ForkJoinPool-1-worker-1] INFO  audit.AuditLogger (AuditLogger.java:refreshDebugCmdSet(133)) - Refresh DebugCmdSet for OMAudit to [].
2025-10-20 19:49:44,271 [ForkJoinPool-1-worker-1] INFO  audit.AuditLogger (AuditLogger.java:refreshDebugCmdSet(133)) - Refresh DebugCmdSet for OMSystemAudit to [].
2025-10-20 19:49:45,321 [ForkJoinPool-1-worker-1] INFO  utils.SelfSignedCertificate (SelfSignedCertificate.java:generateCertificate(156)) - Certificate 1 is issued by SERIALNUMBER=1, O=cluster1, OU=scm1, CN=rootCA@localhost to SERIALNUMBER=1, O=cluster1, OU=scm1, CN=rootCA@localhost, valid from Mon Oct 20 19:49:45 UTC 2025 to Thu Nov 28 19:49:45 UTC 2030
2025-10-20 19:49:45,346 [ForkJoinPool-1-worker-1] INFO  authority.DefaultApprover (DefaultApprover.java:sign(171)) - Extensions in CSR: 2.5.29.15
2025-10-20 19:49:45,347 [ForkJoinPool-1-worker-1] INFO  authority.DefaultApprover (DefaultApprover.java:sign(175)) - Extensions to add to the certificate if they present in CSR: 2.5.29.15, 2.5.29.17, 2.5.29.35, 2.5.29.37, 1.3.6.1.5.5.7.1.12
2025-10-20 19:49:45,671 [ForkJoinPool-1-worker-1] INFO  reflections.Reflections (Reflections.java:scan(219)) - Reflections took 203 ms to scan 7 urls, producing 168 keys and 381 values
2025-10-20 19:49:45,778 [ForkJoinPool-1-worker-1] INFO  ha.SCMHANodeDetails (SCMHANodeDetails.java:loadSCMHAConfig(162)) - ServiceID for StorageContainerManager is null
2025-10-20 19:49:45,778 [ForkJoinPool-1-worker-1] INFO  ha.SCMHANodeDetails (SCMHANodeDetails.java:loadSCMHAConfig(166)) - ozone.scm.default.service.id is not defined, falling back to ozone.scm.service.ids to find serviceID for StorageContainerManager if it is HA enabled cluster
2025-10-20 19:49:45,952 [ForkJoinPool-1-worker-1] INFO  server.RaftServerConfigKeys (ConfUtils.java:logGet(62)) - raft.server.log.appender.buffer.byte-limit = 4194304 (custom)
2025-10-20 19:49:45,977 [ForkJoinPool-1-worker-1] INFO  server.RaftServer (ConfUtils.java:logGet(62)) - raft.rpc.type = GRPC (default)
2025-10-20 19:49:46,046 [ForkJoinPool-1-worker-1] INFO  grpc.GrpcConfigKeys (ConfUtils.java:logFallback(69)) - raft.grpc.admin.host = null (fallback to raft.grpc.server.host)
2025-10-20 19:49:46,046 [ForkJoinPool-1-worker-1] INFO  grpc.GrpcConfigKeys (ConfUtils.java:logFallback(69)) - raft.grpc.admin.port = 15004 (fallback to raft.grpc.server.port)
2025-10-20 19:49:46,047 [ForkJoinPool-1-worker-1] INFO  grpc.GrpcConfigKeys (ConfUtils.java:logFallback(69)) - raft.grpc.client.host = null (fallback to raft.grpc.server.host)
2025-10-20 19:49:46,047 [ForkJoinPool-1-worker-1] INFO  grpc.GrpcConfigKeys (ConfUtils.java:logFallback(69)) - raft.grpc.client.port = 15004 (fallback to raft.grpc.server.port)
2025-10-20 19:49:46,048 [ForkJoinPool-1-worker-1] INFO  grpc.GrpcConfigKeys (ConfUtils.java:logGet(62)) - raft.grpc.server.port = 15004 (custom)
2025-10-20 19:49:46,048 [ForkJoinPool-1-worker-1] INFO  server.GrpcServicesImpl (ConfUtils.java:logGet(62)) - raft.grpc.message.size.max = 5242880 (custom)
2025-10-20 19:49:46,049 [ForkJoinPool-1-worker-1] INFO  server.GrpcServicesImpl (ConfUtils.java:logGet(62)) - raft.grpc.flow.control.window = 1MB (=1048576) (default)
2025-10-20 19:49:46,049 [ForkJoinPool-1-worker-1] INFO  server.RaftServerConfigKeys (ConfUtils.java:logGet(62)) - raft.server.rpc.request.timeout = 30000ms (custom)
2025-10-20 19:49:46,053 [ForkJoinPool-1-worker-1] INFO  grpc.GrpcConfigKeys (ConfUtils.java:logGet(62)) - raft.grpc.server.heartbeat.channel = true (default)
2025-10-20 19:49:46,053 [ForkJoinPool-1-worker-1] INFO  server.RaftServerConfigKeys (ConfUtils.java:logGet(62)) - raft.server.log.appender.buffer.byte-limit = 4194304 (custom)
2025-10-20 19:49:46,056 [ForkJoinPool-1-worker-1] INFO  grpc.GrpcConfigKeys (ConfUtils.java:logGet(62)) - raft.grpc.server.async.request.thread.pool.cached = true (default)
2025-10-20 19:49:46,056 [ForkJoinPool-1-worker-1] INFO  grpc.GrpcConfigKeys (ConfUtils.java:logGet(62)) - raft.grpc.server.async.request.thread.pool.size = 32 (default)
2025-10-20 19:49:46,229 [ForkJoinPool-1-worker-1] INFO  impl.DataStreamServerImpl (ConfUtils.java:logGet(62)) - raft.datastream.type = DISABLED (default)
2025-10-20 19:49:46,231 [ForkJoinPool-1-worker-1] INFO  server.RaftServerConfigKeys (ConfUtils.java:logGet(62)) - raft.server.sleep.deviation.threshold = 300ms (default)
2025-10-20 19:49:46,232 [ForkJoinPool-1-worker-1] INFO  server.RaftServerConfigKeys (ConfUtils.java:logGet(62)) - raft.server.close.threshold = 60s (default)
2025-10-20 19:49:46,232 [ForkJoinPool-1-worker-1] INFO  server.RaftServerConfigKeys (ConfUtils.java:logGet(62)) - raft.server.leaderelection.leader.step-down.wait-time = 10s (default)
2025-10-20 19:49:46,235 [ForkJoinPool-1-worker-1] INFO  server.RaftServerConfigKeys (ConfUtils.java:logGet(62)) - raft.server.storage.dir = [/home/runner/work/ozone/ozone/hadoop-ozone/integration-test/target/test-dir/MiniOzoneClusterImpl-6935df51-69ff-4c35-8bd4-ed2b81d70e54/scm/ratis] (custom)
2025-10-20 19:49:46,236 [ForkJoinPool-1-worker-1] INFO  server.RaftServerConfigKeys (ConfUtils.java:logGet(62)) - raft.server.threadpool.proxy.cached = true (default)
2025-10-20 19:49:46,237 [ForkJoinPool-1-worker-1] INFO  server.RaftServerConfigKeys (ConfUtils.java:logGet(62)) - raft.server.threadpool.proxy.size = 0 (default)
2025-10-20 19:49:46,243 [ForkJoinPool-1-worker-1] INFO  server.RaftServer (RaftServerProxy.java:addNew(105)) - 206580cc-82ee-4213-b95b-59cb1d300b36: addNew group-ED2B81D70E54:[206580cc-82ee-4213-b95b-59cb1d300b36|localhost:15004] returns group-ED2B81D70E54:java.util.concurrent.CompletableFuture@7e7d36a3[Not completed]
2025-10-20 19:49:46,260 [206580cc-82ee-4213-b95b-59cb1d300b36-groupManagement] INFO  server.RaftServer$Division (RaftServerImpl.java:<init>(268)) - 206580cc-82ee-4213-b95b-59cb1d300b36: new RaftServerImpl for group-ED2B81D70E54:[206580cc-82ee-4213-b95b-59cb1d300b36|localhost:15004] with SCMStateMachine:uninitialized
2025-10-20 19:49:46,262 [206580cc-82ee-4213-b95b-59cb1d300b36-groupManagement] INFO  server.RaftServerConfigKeys (ConfUtils.java:logGet(62)) - raft.server.rpc.timeout.min = 5000ms (custom)
2025-10-20 19:49:46,262 [206580cc-82ee-4213-b95b-59cb1d300b36-groupManagement] INFO  server.RaftServerConfigKeys (ConfUtils.java:logGet(62)) - raft.server.rpc.timeout.max = 5200ms (custom)
2025-10-20 19:49:46,262 [206580cc-82ee-4213-b95b-59cb1d300b36-groupManagement] INFO  server.RaftServerConfigKeys (ConfUtils.java:logGet(62)) - raft.server.rpc.sleep.time = 25ms (default)
2025-10-20 19:49:46,263 [206580cc-82ee-4213-b95b-59cb1d300b36-groupManagement] INFO  server.RaftServerConfigKeys (ConfUtils.java:logGet(62)) - raft.server.rpc.slowness.timeout = 120000ms (custom)
2025-10-20 19:49:46,263 [206580cc-82ee-4213-b95b-59cb1d300b36-groupManagement] INFO  server.RaftServerConfigKeys (ConfUtils.java:logGet(62)) - raft.server.leaderelection.member.majority-add = false (default)
2025-10-20 19:49:46,269 [206580cc-82ee-4213-b95b-59cb1d300b36-groupManagement] INFO  server.RaftServer$Division (ServerState.java:<init>(114)) - 206580cc-82ee-4213-b95b-59cb1d300b36@group-ED2B81D70E54: ConfigurationManager, init=conf: {index: -1, cur=peers:[206580cc-82ee-4213-b95b-59cb1d300b36|localhost:15004]|listeners:[], old=null}, confs=<EMPTY_MAP>
2025-10-20 19:49:46,274 [206580cc-82ee-4213-b95b-59cb1d300b36-groupManagement] INFO  server.RaftServerConfigKeys (ConfUtils.java:logGet(62)) - raft.server.notification.no-leader.timeout = 60s (default)
2025-10-20 19:49:46,277 [206580cc-82ee-4213-b95b-59cb1d300b36-groupManagement] INFO  server.RaftServerConfigKeys (ConfUtils.java:logGet(62)) - raft.server.read.timeout = 10s (default)
2025-10-20 19:49:46,279 [206580cc-82ee-4213-b95b-59cb1d300b36-groupManagement] INFO  server.RaftServerConfigKeys (ConfUtils.java:logGet(62)) - raft.server.retrycache.expirytime = 60000ms (default)
2025-10-20 19:49:46,280 [206580cc-82ee-4213-b95b-59cb1d300b36-groupManagement] INFO  server.RaftServerConfigKeys (ConfUtils.java:logGet(62)) - raft.server.retrycache.statistics.expirytime = 100ms (default)
2025-10-20 19:49:46,292 [206580cc-82ee-4213-b95b-59cb1d300b36-groupManagement] INFO  server.RaftServerConfigKeys (ConfUtils.java:logGet(62)) - raft.server.read.option = DEFAULT (default)
2025-10-20 19:49:46,293 [206580cc-82ee-4213-b95b-59cb1d300b36-groupManagement] INFO  server.RaftServerConfigKeys (ConfUtils.java:logGet(62)) - raft.server.read.read-after-write-consistent.write-index-cache.expiry-time = 60s (default)
2025-10-20 19:49:46,394 [206580cc-82ee-4213-b95b-59cb1d300b36-groupManagement] INFO  server.RaftServerConfigKeys (ConfUtils.java:logGet(62)) - raft.server.log.appender.install.snapshot.enabled = false (custom)
2025-10-20 19:49:46,395 [206580cc-82ee-4213-b95b-59cb1d300b36-groupManagement] INFO  server.RaftServerConfigKeys (ConfUtils.java:logGet(62)) - raft.server.threadpool.server.cached = true (default)
2025-10-20 19:49:46,395 [206580cc-82ee-4213-b95b-59cb1d300b36-groupManagement] INFO  server.RaftServerConfigKeys (ConfUtils.java:logGet(62)) - raft.server.threadpool.server.size = 0 (default)
2025-10-20 19:49:46,396 [206580cc-82ee-4213-b95b-59cb1d300b36-groupManagement] INFO  server.RaftServerConfigKeys (ConfUtils.java:logGet(62)) - raft.server.threadpool.client.cached = true (default)
2025-10-20 19:49:46,396 [206580cc-82ee-4213-b95b-59cb1d300b36-groupManagement] INFO  server.RaftServerConfigKeys (ConfUtils.java:logGet(62)) - raft.server.threadpool.client.size = 0 (default)
2025-10-20 19:49:46,398 [206580cc-82ee-4213-b95b-59cb1d300b36-impl-thread1] INFO  server.RaftServerConfigKeys (ConfUtils.java:logGet(62)) - raft.server.storage.free-space.min = 0MB (=0) (default)
2025-10-20 19:49:46,398 [206580cc-82ee-4213-b95b-59cb1d300b36-impl-thread1] INFO  server.RaftServerConfigKeys (ConfUtils.java:logGet(62)) - raft.server.log.corruption.policy = EXCEPTION (default)
2025-10-20 19:49:46,403 [206580cc-82ee-4213-b95b-59cb1d300b36-impl-thread1] INFO  storage.RaftStorageDirectory (RaftStorageDirectoryImpl.java:analyzeStorage(138)) - The storage directory /home/runner/work/ozone/ozone/hadoop-ozone/integration-test/target/test-dir/MiniOzoneClusterImpl-6935df51-69ff-4c35-8bd4-ed2b81d70e54/scm/ratis/6935df51-69ff-4c35-8bd4-ed2b81d70e54 does not exist. Creating ...
2025-10-20 19:49:46,405 [206580cc-82ee-4213-b95b-59cb1d300b36-impl-thread1] INFO  storage.RaftStorageDirectory (RaftStorageDirectoryImpl.java:tryLock(229)) - Lock on /home/runner/work/ozone/ozone/hadoop-ozone/integration-test/target/test-dir/MiniOzoneClusterImpl-6935df51-69ff-4c35-8bd4-ed2b81d70e54/scm/ratis/6935df51-69ff-4c35-8bd4-ed2b81d70e54/in_use.lock acquired by nodename 12924@localhost
2025-10-20 19:49:46,408 [206580cc-82ee-4213-b95b-59cb1d300b36-impl-thread1] INFO  storage.RaftStorage (RaftStorageImpl.java:format(98)) - Storage directory /home/runner/work/ozone/ozone/hadoop-ozone/integration-test/target/test-dir/MiniOzoneClusterImpl-6935df51-69ff-4c35-8bd4-ed2b81d70e54/scm/ratis/6935df51-69ff-4c35-8bd4-ed2b81d70e54 has been successfully formatted.
2025-10-20 19:49:46,409 [206580cc-82ee-4213-b95b-59cb1d300b36-impl-thread1] INFO  ha.SCMStateMachine (SCMStateMachine.java:lambda$initialize$0(135)) - 206580cc-82ee-4213-b95b-59cb1d300b36: initialize group-ED2B81D70E54
2025-10-20 19:49:46,411 [206580cc-82ee-4213-b95b-59cb1d300b36-impl-thread1] INFO  server.RaftServerConfigKeys (ConfUtils.java:logGet(62)) - raft.server.log.use.memory = false (default)
2025-10-20 19:49:46,418 [206580cc-82ee-4213-b95b-59cb1d300b36-impl-thread1] INFO  server.RaftServerConfigKeys (ConfUtils.java:logGet(62)) - raft.server.log.purge.gap = 1000000 (custom)
2025-10-20 19:49:46,419 [206580cc-82ee-4213-b95b-59cb1d300b36-impl-thread1] INFO  server.RaftServerConfigKeys (ConfUtils.java:logGet(62)) - raft.server.log.appender.buffer.byte-limit = 4194304 (custom)
2025-10-20 19:49:46,420 [206580cc-82ee-4213-b95b-59cb1d300b36-impl-thread1] INFO  server.RaftServerConfigKeys (ConfUtils.java:logGet(62)) - raft.server.log.statemachine.data.read.timeout = 1000ms (default)
2025-10-20 19:49:46,421 [206580cc-82ee-4213-b95b-59cb1d300b36-impl-thread1] INFO  server.RaftServerConfigKeys (ConfUtils.java:logGet(62)) - raft.server.log.purge.preservation.log.num = 0 (default)
2025-10-20 19:49:46,424 [206580cc-82ee-4213-b95b-59cb1d300b36-impl-thread1] INFO  server.RaftServerConfigKeys (ConfUtils.java:logGet(62)) - raft.server.log.segment.size.max = 67108864 (custom)
2025-10-20 19:49:46,428 [206580cc-82ee-4213-b95b-59cb1d300b36-impl-thread1] INFO  server.RaftServerConfigKeys (ConfUtils.java:logGet(62)) - raft.server.log.segment.cache.num.max = 2 (custom)
2025-10-20 19:49:46,429 [206580cc-82ee-4213-b95b-59cb1d300b36-impl-thread1] INFO  server.RaftServerConfigKeys (ConfUtils.java:logGet(62)) - raft.server.log.segment.cache.size.max = 200MB (=209715200) (default)
2025-10-20 19:49:46,429 [206580cc-82ee-4213-b95b-59cb1d300b36-impl-thread1] INFO  server.RaftServerConfigKeys (ConfUtils.java:logGet(62)) - raft.server.log.appender.buffer.byte-limit = 4194304 (custom)
2025-10-20 19:49:46,432 [206580cc-82ee-4213-b95b-59cb1d300b36-impl-thread1] INFO  util.AwaitToRun (AwaitToRun.java:start(81)) - Thread[#42,206580cc-82ee-4213-b95b-59cb1d300b36@group-ED2B81D70E54-cacheEviction-AwaitToRun,5,main] started
2025-10-20 19:49:46,437 [206580cc-82ee-4213-b95b-59cb1d300b36-impl-thread1] INFO  segmented.SegmentedRaftLogWorker (SegmentedRaftLogWorker.java:<init>(190)) - new 206580cc-82ee-4213-b95b-59cb1d300b36@group-ED2B81D70E54-SegmentedRaftLogWorker for RaftStorageImpl:Storage Directory /home/runner/work/ozone/ozone/hadoop-ozone/integration-test/target/test-dir/MiniOzoneClusterImpl-6935df51-69ff-4c35-8bd4-ed2b81d70e54/scm/ratis/6935df51-69ff-4c35-8bd4-ed2b81d70e54
2025-10-20 19:49:46,437 [206580cc-82ee-4213-b95b-59cb1d300b36-impl-thread1] INFO  server.RaftServerConfigKeys (ConfUtils.java:logGet(62)) - raft.server.log.queue.byte-limit = 64MB (=67108864) (default)
2025-10-20 19:49:46,438 [206580cc-82ee-4213-b95b-59cb1d300b36-impl-thread1] INFO  server.RaftServerConfigKeys (ConfUtils.java:logGet(62)) - raft.server.log.queue.element-limit = 4096 (default)
2025-10-20 19:49:46,439 [206580cc-82ee-4213-b95b-59cb1d300b36-impl-thread1] INFO  server.RaftServerConfigKeys (ConfUtils.java:logGet(62)) - raft.server.log.segment.size.max = 67108864 (custom)
2025-10-20 19:49:46,440 [206580cc-82ee-4213-b95b-59cb1d300b36-impl-thread1] INFO  server.RaftServerConfigKeys (ConfUtils.java:logGet(62)) - raft.server.log.preallocated.size = 4194304 (custom)
2025-10-20 19:49:46,440 [206580cc-82ee-4213-b95b-59cb1d300b36-impl-thread1] INFO  server.RaftServerConfigKeys (ConfUtils.java:logGet(62)) - raft.server.log.force.sync.num = 128 (default)
2025-10-20 19:49:46,441 [206580cc-82ee-4213-b95b-59cb1d300b36-impl-thread1] INFO  server.RaftServerConfigKeys (ConfUtils.java:logGet(62)) - raft.server.log.statemachine.data.sync = true (default)
2025-10-20 19:49:46,441 [206580cc-82ee-4213-b95b-59cb1d300b36-impl-thread1] INFO  server.RaftServerConfigKeys (ConfUtils.java:logGet(62)) - raft.server.log.statemachine.data.sync.timeout = 10s (default)
2025-10-20 19:49:46,442 [206580cc-82ee-4213-b95b-59cb1d300b36-impl-thread1] INFO  server.RaftServerConfigKeys (ConfUtils.java:logGet(62)) - raft.server.log.statemachine.data.sync.timeout.retry = -1 (default)
2025-10-20 19:49:46,443 [206580cc-82ee-4213-b95b-59cb1d300b36-impl-thread1] INFO  server.RaftServerConfigKeys (ConfUtils.java:logGet(62)) - raft.server.log.write.buffer.size = 4194312 (custom)
2025-10-20 19:49:46,445 [206580cc-82ee-4213-b95b-59cb1d300b36-impl-thread1] INFO  server.RaftServerConfigKeys (ConfUtils.java:logGet(62)) - raft.server.log.appender.buffer.byte-limit = 4194304 (custom)
2025-10-20 19:49:46,445 [206580cc-82ee-4213-b95b-59cb1d300b36-impl-thread1] INFO  server.RaftServerConfigKeys (ConfUtils.java:logGet(62)) - raft.server.log.unsafe-flush.enabled = false (default)
2025-10-20 19:49:46,445 [206580cc-82ee-4213-b95b-59cb1d300b36-impl-thread1] INFO  server.RaftServerConfigKeys (ConfUtils.java:logGet(62)) - raft.server.log.async-flush.enabled = false (default)
2025-10-20 19:49:46,446 [206580cc-82ee-4213-b95b-59cb1d300b36-impl-thread1] INFO  server.RaftServerConfigKeys (ConfUtils.java:logGet(62)) - raft.server.log.statemachine.data.caching.enabled = false (default)
2025-10-20 19:49:46,450 [206580cc-82ee-4213-b95b-59cb1d300b36-impl-thread1] INFO  segmented.SegmentedRaftLogWorker (SegmentedRaftLogWorker.java:lambda$new$0(141)) - 206580cc-82ee-4213-b95b-59cb1d300b36@group-ED2B81D70E54-SegmentedRaftLogWorker: flushIndex: setUnconditionally 0 -> -1
2025-10-20 19:49:46,450 [206580cc-82ee-4213-b95b-59cb1d300b36-impl-thread1] INFO  segmented.SegmentedRaftLogWorker (SegmentedRaftLogWorker.java:lambda$new$0(141)) - 206580cc-82ee-4213-b95b-59cb1d300b36@group-ED2B81D70E54-SegmentedRaftLogWorker: safeCacheEvictIndex: setUnconditionally 0 -> -1
2025-10-20 19:49:46,451 [206580cc-82ee-4213-b95b-59cb1d300b36-impl-thread1] INFO  server.RaftServer$Division (RaftServerImpl.java:start(405)) - 206580cc-82ee-4213-b95b-59cb1d300b36@group-ED2B81D70E54: start as a follower, conf=conf: {index: -1, cur=peers:[206580cc-82ee-4213-b95b-59cb1d300b36|localhost:15004]|listeners:[], old=null}
2025-10-20 19:49:46,451 [206580cc-82ee-4213-b95b-59cb1d300b36-impl-thread1] INFO  server.RaftServer$Division (RaftServerImpl.java:setRole(392)) - 206580cc-82ee-4213-b95b-59cb1d300b36@group-ED2B81D70E54: changes role from      null to FOLLOWER at term 0 for startAsFollower
2025-10-20 19:49:46,453 [206580cc-82ee-4213-b95b-59cb1d300b36-impl-thread1] INFO  impl.RoleInfo (RoleInfo.java:updateAndGet(148)) - 206580cc-82ee-4213-b95b-59cb1d300b36: start 206580cc-82ee-4213-b95b-59cb1d300b36@group-ED2B81D70E54-FollowerState
2025-10-20 19:49:46,453 [206580cc-82ee-4213-b95b-59cb1d300b36@group-ED2B81D70E54-FollowerState] INFO  server.RaftServerConfigKeys (ConfUtils.java:logGet(62)) - raft.server.rpc.first-election.timeout.min = 1000ms (custom)
2025-10-20 19:49:46,453 [206580cc-82ee-4213-b95b-59cb1d300b36@group-ED2B81D70E54-FollowerState] INFO  server.RaftServerConfigKeys (ConfUtils.java:logGet(62)) - raft.server.rpc.first-election.timeout.max = 1200ms (custom)
2025-10-20 19:49:46,454 [206580cc-82ee-4213-b95b-59cb1d300b36-impl-thread1] INFO  util.JmxRegister (JmxRegister.java:tryRegister(44)) - Successfully registered JMX Bean with object name Ratis:service=RaftServer,group=group-ED2B81D70E54,id=206580cc-82ee-4213-b95b-59cb1d300b36
2025-10-20 19:49:46,454 [206580cc-82ee-4213-b95b-59cb1d300b36-impl-thread1] INFO  util.JmxRegister (JmxRegister.java:register(58)) - register mxBean class org.apache.ratis.server.impl.RaftServerJmxAdapter as Ratis:service=RaftServer,group=group-ED2B81D70E54,id=206580cc-82ee-4213-b95b-59cb1d300b36
2025-10-20 19:49:46,456 [206580cc-82ee-4213-b95b-59cb1d300b36-impl-thread1] INFO  server.RaftServerConfigKeys (ConfUtils.java:logGet(62)) - raft.server.snapshot.trigger-when-stop.enabled = true (default)
2025-10-20 19:49:46,456 [206580cc-82ee-4213-b95b-59cb1d300b36-impl-thread1] INFO  server.RaftServerConfigKeys (ConfUtils.java:logGet(62)) - raft.server.snapshot.trigger-when-remove.enabled = true (default)
2025-10-20 19:49:46,456 [206580cc-82ee-4213-b95b-59cb1d300b36-impl-thread1] INFO  server.RaftServerConfigKeys (ConfUtils.java:logGet(62)) - raft.server.snapshot.auto.trigger.enabled = true (custom)
2025-10-20 19:49:46,457 [206580cc-82ee-4213-b95b-59cb1d300b36-impl-thread1] INFO  server.RaftServerConfigKeys (ConfUtils.java:logGet(62)) - raft.server.snapshot.auto.trigger.threshold = 1000 (custom)
2025-10-20 19:49:46,457 [206580cc-82ee-4213-b95b-59cb1d300b36-impl-thread1] INFO  server.RaftServerConfigKeys (ConfUtils.java:logGet(62)) - raft.server.snapshot.retention.file.num = -1 (default)
2025-10-20 19:49:46,458 [206580cc-82ee-4213-b95b-59cb1d300b36-impl-thread1] INFO  server.RaftServerConfigKeys (ConfUtils.java:logGet(62)) - raft.server.log.purge.upto.snapshot.index = false (default)
2025-10-20 19:49:46,460 [206580cc-82ee-4213-b95b-59cb1d300b36-impl-thread1] INFO  server.RaftServer$Division (RaftServerImpl.java:start(419)) - 206580cc-82ee-4213-b95b-59cb1d300b36@group-ED2B81D70E54: Successfully started.
2025-10-20 19:49:46,461 [ForkJoinPool-1-worker-1] INFO  server.RaftServer (RaftServerProxy.java:startImpl(412)) - 206580cc-82ee-4213-b95b-59cb1d300b36: start RPC server
2025-10-20 19:49:46,491 [ForkJoinPool-1-worker-1] INFO  server.GrpcServicesImpl (GrpcServicesImpl.java:startImpl(346)) - 206580cc-82ee-4213-b95b-59cb1d300b36: GrpcServicesImpl started, listening on 15004
2025-10-20 19:49:46,492 [JvmPauseMonitor0] INFO  util.JvmPauseMonitor (JvmPauseMonitor.java:run(146)) - JvmPauseMonitor-206580cc-82ee-4213-b95b-59cb1d300b36: Started
2025-10-20 19:49:47,526 [206580cc-82ee-4213-b95b-59cb1d300b36@group-ED2B81D70E54-FollowerState] INFO  impl.FollowerState (FollowerState.java:runImpl(161)) - 206580cc-82ee-4213-b95b-59cb1d300b36@group-ED2B81D70E54-FollowerState: change to CANDIDATE, lastRpcElapsedTime:1073125978ns, electionTimeout:1071ms
2025-10-20 19:49:47,526 [206580cc-82ee-4213-b95b-59cb1d300b36@group-ED2B81D70E54-FollowerState] INFO  impl.RoleInfo (RoleInfo.java:shutdownFollowerState(121)) - 206580cc-82ee-4213-b95b-59cb1d300b36: shutdown 206580cc-82ee-4213-b95b-59cb1d300b36@group-ED2B81D70E54-FollowerState
2025-10-20 19:49:47,526 [206580cc-82ee-4213-b95b-59cb1d300b36@group-ED2B81D70E54-FollowerState] INFO  server.RaftServer$Division (RaftServerImpl.java:setRole(392)) - 206580cc-82ee-4213-b95b-59cb1d300b36@group-ED2B81D70E54: changes role from  FOLLOWER to CANDIDATE at term 0 for changeToCandidate
2025-10-20 19:49:47,528 [206580cc-82ee-4213-b95b-59cb1d300b36@group-ED2B81D70E54-FollowerState] INFO  server.RaftServerConfigKeys (ConfUtils.java:logGet(62)) - raft.server.leaderelection.pre-vote = true (default)
2025-10-20 19:49:47,529 [206580cc-82ee-4213-b95b-59cb1d300b36@group-ED2B81D70E54-FollowerState] INFO  impl.RoleInfo (RoleInfo.java:updateAndGet(148)) - 206580cc-82ee-4213-b95b-59cb1d300b36: start 206580cc-82ee-4213-b95b-59cb1d300b36@group-ED2B81D70E54-LeaderElection1
2025-10-20 19:49:47,532 [206580cc-82ee-4213-b95b-59cb1d300b36@group-ED2B81D70E54-LeaderElection1] INFO  impl.LeaderElection (LeaderElection.java:askForVotes(448)) - 206580cc-82ee-4213-b95b-59cb1d300b36@group-ED2B81D70E54-LeaderElection1 PRE_VOTE round 0: submit vote requests at term 0 for conf: {index: -1, cur=peers:[206580cc-82ee-4213-b95b-59cb1d300b36|localhost:15004]|listeners:[], old=null}
2025-10-20 19:49:47,532 [206580cc-82ee-4213-b95b-59cb1d300b36@group-ED2B81D70E54-LeaderElection1] INFO  impl.LeaderElection (LeaderElection.java:askForVotes(450)) - 206580cc-82ee-4213-b95b-59cb1d300b36@group-ED2B81D70E54-LeaderElection1 PRE_VOTE round 0: result PASSED (term=0)
2025-10-20 19:49:47,535 [206580cc-82ee-4213-b95b-59cb1d300b36@group-ED2B81D70E54-LeaderElection1] INFO  impl.LeaderElection (LeaderElection.java:askForVotes(448)) - 206580cc-82ee-4213-b95b-59cb1d300b36@group-ED2B81D70E54-LeaderElection1 ELECTION round 0: submit vote requests at term 1 for conf: {index: -1, cur=peers:[206580cc-82ee-4213-b95b-59cb1d300b36|localhost:15004]|listeners:[], old=null}
2025-10-20 19:49:47,535 [206580cc-82ee-4213-b95b-59cb1d300b36@group-ED2B81D70E54-LeaderElection1] INFO  impl.LeaderElection (LeaderElection.java:askForVotes(450)) - 206580cc-82ee-4213-b95b-59cb1d300b36@group-ED2B81D70E54-LeaderElection1 ELECTION round 0: result PASSED (term=1)
2025-10-20 19:49:47,535 [206580cc-82ee-4213-b95b-59cb1d300b36@group-ED2B81D70E54-LeaderElection1] INFO  impl.RoleInfo (RoleInfo.java:shutdownLeaderElection(141)) - 206580cc-82ee-4213-b95b-59cb1d300b36: shutdown 206580cc-82ee-4213-b95b-59cb1d300b36@group-ED2B81D70E54-LeaderElection1
2025-10-20 19:49:47,535 [206580cc-82ee-4213-b95b-59cb1d300b36@group-ED2B81D70E54-LeaderElection1] INFO  server.RaftServer$Division (RaftServerImpl.java:setRole(392)) - 206580cc-82ee-4213-b95b-59cb1d300b36@group-ED2B81D70E54: changes role from CANDIDATE to LEADER at term 1 for changeToLeader
2025-10-20 19:49:47,539 [206580cc-82ee-4213-b95b-59cb1d300b36@group-ED2B81D70E54-LeaderElection1] INFO  server.RaftServerConfigKeys (ConfUtils.java:logGet(62)) - raft.server.staging.catchup.gap = 1000 (default)
2025-10-20 19:49:47,540 [206580cc-82ee-4213-b95b-59cb1d300b36@group-ED2B81D70E54-LeaderElection1] INFO  server.RaftServerConfigKeys (ConfUtils.java:logFallback(69)) - raft.server.staging.timeout = 15600ms (fallback to raft.server.rpc.timeout.max)
2025-10-20 19:49:47,542 [206580cc-82ee-4213-b95b-59cb1d300b36@group-ED2B81D70E54-LeaderElection1] INFO  server.RaftServerConfigKeys (ConfUtils.java:logGet(62)) - raft.server.write.element-limit = 4096 (default)
2025-10-20 19:49:47,542 [206580cc-82ee-4213-b95b-59cb1d300b36@group-ED2B81D70E54-LeaderElection1] INFO  server.RaftServerConfigKeys (ConfUtils.java:logGet(62)) - raft.server.write.byte-limit = 64MB (=67108864) (default)
2025-10-20 19:49:47,545 [206580cc-82ee-4213-b95b-59cb1d300b36@group-ED2B81D70E54-LeaderElection1] INFO  server.RaftServerConfigKeys (ConfUtils.java:logGet(62)) - raft.server.watch.timeout = 10s (default)
2025-10-20 19:49:47,545 [206580cc-82ee-4213-b95b-59cb1d300b36@group-ED2B81D70E54-LeaderElection1] INFO  server.RaftServerConfigKeys (ConfUtils.java:logGet(62)) - raft.server.watch.timeout.denomination = 1s (default)
2025-10-20 19:49:47,546 [206580cc-82ee-4213-b95b-59cb1d300b36@group-ED2B81D70E54-LeaderElection1] INFO  server.RaftServerConfigKeys (ConfUtils.java:logGet(62)) - raft.server.watch.element-limit = 65536 (default)
2025-10-20 19:49:47,551 [206580cc-82ee-4213-b95b-59cb1d300b36@group-ED2B81D70E54-LeaderElection1] INFO  server.RaftServerConfigKeys (ConfUtils.java:logGet(62)) - raft.server.read.leader.lease.enabled = false (default)
2025-10-20 19:49:47,552 [206580cc-82ee-4213-b95b-59cb1d300b36@group-ED2B81D70E54-LeaderElection1] INFO  server.RaftServerConfigKeys (ConfUtils.java:logGet(62)) - raft.server.read.leader.lease.timeout.ratio = 0.9 (default)
2025-10-20 19:49:47,552 [206580cc-82ee-4213-b95b-59cb1d300b36@group-ED2B81D70E54-LeaderElection1] INFO  server.RaftServerConfigKeys (ConfUtils.java:logGet(62)) - raft.server.log.log-metadata.enabled = false (custom)
2025-10-20 19:49:47,553 [206580cc-82ee-4213-b95b-59cb1d300b36@group-ED2B81D70E54-LeaderElection1] INFO  server.RaftServerConfigKeys (ConfUtils.java:logGet(62)) - raft.server.write.follower.gap.ratio.max = -1.0 (default)
2025-10-20 19:49:47,554 [206580cc-82ee-4213-b95b-59cb1d300b36@group-ED2B81D70E54-LeaderElection1] INFO  impl.RoleInfo (RoleInfo.java:updateAndGet(148)) - 206580cc-82ee-4213-b95b-59cb1d300b36: start 206580cc-82ee-4213-b95b-59cb1d300b36@group-ED2B81D70E54-LeaderStateImpl
2025-10-20 19:49:47,554 [206580cc-82ee-4213-b95b-59cb1d300b36@group-ED2B81D70E54-LeaderElection1] INFO  server.RaftServer$Division (RaftServerImpl.java:setFirstElection(576)) - 206580cc-82ee-4213-b95b-59cb1d300b36@group-ED2B81D70E54: set firstElectionSinceStartup to false for becomeLeader
2025-10-20 19:49:47,554 [206580cc-82ee-4213-b95b-59cb1d300b36@group-ED2B81D70E54-LeaderElection1] INFO  server.RaftServer$Division (ServerState.java:setLeader(272)) - 206580cc-82ee-4213-b95b-59cb1d300b36@group-ED2B81D70E54: change Leader from null to 206580cc-82ee-4213-b95b-59cb1d300b36 at term 1 for becomeLeader, leader elected after 1280ms
2025-10-20 19:49:47,569 [206580cc-82ee-4213-b95b-59cb1d300b36@group-ED2B81D70E54-LeaderElection1] INFO  segmented.SegmentedRaftLogWorker (SegmentedRaftLogWorker.java:startLogSegment(440)) - 206580cc-82ee-4213-b95b-59cb1d300b36@group-ED2B81D70E54-SegmentedRaftLogWorker: Starting segment from index:0
2025-10-20 19:49:47,584 [206580cc-82ee-4213-b95b-59cb1d300b36@group-ED2B81D70E54-LeaderElection1] INFO  server.RaftServer$Division (ServerState.java:setRaftConf(386)) - 206580cc-82ee-4213-b95b-59cb1d300b36@group-ED2B81D70E54: set configuration conf: {index: 0, cur=peers:[206580cc-82ee-4213-b95b-59cb1d300b36|localhost:15004]|listeners:[], old=null}
2025-10-20 19:49:47,598 [206580cc-82ee-4213-b95b-59cb1d300b36@group-ED2B81D70E54-SegmentedRaftLogWorker] INFO  segmented.BufferedWriteChannel (BufferedWriteChannel.java:open(61)) - open log_inprogress_0 at position 0
2025-10-20 19:49:47,603 [206580cc-82ee-4213-b95b-59cb1d300b36@group-ED2B81D70E54-SegmentedRaftLogWorker] INFO  segmented.SegmentedRaftLogWorker (SegmentedRaftLogWorker.java:execute(647)) - 206580cc-82ee-4213-b95b-59cb1d300b36@group-ED2B81D70E54-SegmentedRaftLogWorker: created new log segment /home/runner/work/ozone/ozone/hadoop-ozone/integration-test/target/test-dir/MiniOzoneClusterImpl-6935df51-69ff-4c35-8bd4-ed2b81d70e54/scm/ratis/6935df51-69ff-4c35-8bd4-ed2b81d70e54/current/log_inprogress_0
2025-10-20 19:49:47,611 [206580cc-82ee-4213-b95b-59cb1d300b36@group-ED2B81D70E54-StateMachineUpdater] INFO  server.RaftServer$Division (LeaderStateImpl.java:checkStartIndex(309)) - Leader 206580cc-82ee-4213-b95b-59cb1d300b36@group-ED2B81D70E54-LeaderStateImpl is ready since appliedIndex == startIndex == 0
2025-10-20 19:49:48,493 [ForkJoinPool-1-worker-1] INFO  server.RaftServer (RaftServerProxy.java:lambda$close$9(422)) - 206580cc-82ee-4213-b95b-59cb1d300b36: close
2025-10-20 19:49:48,495 [ForkJoinPool-1-worker-1] INFO  server.GrpcServicesImpl (GrpcServicesImpl.java:closeImpl(355)) - 206580cc-82ee-4213-b95b-59cb1d300b36: shutdown server GrpcServerProtocolService now
2025-10-20 19:49:48,495 [206580cc-82ee-4213-b95b-59cb1d300b36-impl-thread1] INFO  server.RaftServer$Division (RaftServerImpl.java:lambda$close$1(527)) - 206580cc-82ee-4213-b95b-59cb1d300b36@group-ED2B81D70E54: shutdown
2025-10-20 19:49:48,495 [206580cc-82ee-4213-b95b-59cb1d300b36-impl-thread1] INFO  util.JmxRegister (JmxRegister.java:unregister(74)) - Successfully un-registered JMX Bean with object name Ratis:service=RaftServer,group=group-ED2B81D70E54,id=206580cc-82ee-4213-b95b-59cb1d300b36
2025-10-20 19:49:48,496 [206580cc-82ee-4213-b95b-59cb1d300b36-impl-thread1] INFO  impl.RoleInfo (RoleInfo.java:shutdownLeaderState(103)) - 206580cc-82ee-4213-b95b-59cb1d300b36: shutdown 206580cc-82ee-4213-b95b-59cb1d300b36@group-ED2B81D70E54-LeaderStateImpl
2025-10-20 19:49:48,499 [206580cc-82ee-4213-b95b-59cb1d300b36-impl-thread1] INFO  impl.PendingRequests (PendingRequests.java:sendNotLeaderResponses(287)) - 206580cc-82ee-4213-b95b-59cb1d300b36@group-ED2B81D70E54-PendingRequests: sendNotLeaderResponses
2025-10-20 19:49:48,501 [ForkJoinPool-1-worker-1] INFO  server.GrpcServicesImpl (GrpcServicesImpl.java:closeImpl(364)) - 206580cc-82ee-4213-b95b-59cb1d300b36: shutdown server GrpcServerProtocolService successfully
2025-10-20 19:49:48,502 [206580cc-82ee-4213-b95b-59cb1d300b36-impl-thread1] INFO  impl.StateMachineUpdater (StateMachineUpdater.java:stopAndJoin(163)) - 206580cc-82ee-4213-b95b-59cb1d300b36@group-ED2B81D70E54-StateMachineUpdater: set stopIndex = 0
2025-10-20 19:49:48,503 [206580cc-82ee-4213-b95b-59cb1d300b36@group-ED2B81D70E54-StateMachineUpdater] INFO  impl.StateMachineUpdater (StateMachineUpdater.java:takeSnapshot(307)) - 206580cc-82ee-4213-b95b-59cb1d300b36@group-ED2B81D70E54-StateMachineUpdater: Took a snapshot at index 0
2025-10-20 19:49:48,503 [206580cc-82ee-4213-b95b-59cb1d300b36@group-ED2B81D70E54-StateMachineUpdater] INFO  impl.StateMachineUpdater (StateMachineUpdater.java:lambda$new$0(101)) - 206580cc-82ee-4213-b95b-59cb1d300b36@group-ED2B81D70E54-StateMachineUpdater: snapshotIndex: updateIncreasingly -1 -> 0
2025-10-20 19:49:48,504 [206580cc-82ee-4213-b95b-59cb1d300b36@group-ED2B81D70E54-StateMachineUpdater] INFO  impl.StateMachineUpdater (StateMachineUpdater.java:stop(140)) - 206580cc-82ee-4213-b95b-59cb1d300b36@group-ED2B81D70E54-StateMachineUpdater: closing SCMStateMachine, lastApplied=(t:1, i:0)
2025-10-20 19:49:48,505 [206580cc-82ee-4213-b95b-59cb1d300b36@group-ED2B81D70E54-cacheEviction-AwaitToRun] INFO  util.AwaitToRun (AwaitToRun.java:run(49)) - 206580cc-82ee-4213-b95b-59cb1d300b36@group-ED2B81D70E54-cacheEviction-AwaitToRun-AwaitForSignal is interrupted
2025-10-20 19:49:48,608 [206580cc-82ee-4213-b95b-59cb1d300b36-impl-thread1] INFO  segmented.SegmentedRaftLogWorker (SegmentedRaftLogWorker.java:close(254)) - 206580cc-82ee-4213-b95b-59cb1d300b36@group-ED2B81D70E54-SegmentedRaftLogWorker close()
2025-10-20 19:49:48,613 [JvmPauseMonitor0] INFO  util.JvmPauseMonitor (JvmPauseMonitor.java:run(152)) - JvmPauseMonitor-206580cc-82ee-4213-b95b-59cb1d300b36: Stopped
2025-10-20 19:49:48,630 [ForkJoinPool-1-worker-1] INFO  ha.SCMHANodeDetails (SCMHANodeDetails.java:loadSCMHAConfig(162)) - ServiceID for StorageContainerManager is null
2025-10-20 19:49:48,630 [ForkJoinPool-1-worker-1] INFO  ha.SCMHANodeDetails (SCMHANodeDetails.java:loadSCMHAConfig(166)) - ozone.scm.default.service.id is not defined, falling back to ozone.scm.service.ids to find serviceID for StorageContainerManager if it is HA enabled cluster
2025-10-20 19:49:48,911 [ForkJoinPool-1-worker-1] INFO  net.NodeSchemaLoader (NodeSchemaLoader.java:loadSchemaFromFile(128)) - Loading schema from [jar:file:/home/runner/work/ozone/ozone/hadoop-hdds/common/target/hdds-common-2.1.0-SNAPSHOT.jar!/network-topology-default.xml]
2025-10-20 19:49:48,912 [ForkJoinPool-1-worker-1] INFO  net.NodeSchemaLoader (NodeSchemaLoader.java:loadSchema(175)) - Loading network topology layer schema file
2025-10-20 19:49:49,011 [ForkJoinPool-1-worker-1] INFO  ha.SCMRatisServerImpl (SCMRatisServerImpl.java:<init>(100)) - starting Raft server for scm:206580cc-82ee-4213-b95b-59cb1d300b36
2025-10-20 19:49:49,014 [ForkJoinPool-1-worker-1] INFO  server.RaftServerConfigKeys (ConfUtils.java:logGet(62)) - raft.server.log.appender.buffer.byte-limit = 4194304 (custom)
2025-10-20 19:49:49,017 [ForkJoinPool-1-worker-1] INFO  grpc.GrpcConfigKeys (ConfUtils.java:logFallback(69)) - raft.grpc.admin.host = null (fallback to raft.grpc.server.host)
2025-10-20 19:49:49,017 [ForkJoinPool-1-worker-1] INFO  grpc.GrpcConfigKeys (ConfUtils.java:logFallback(69)) - raft.grpc.admin.port = 15004 (fallback to raft.grpc.server.port)
2025-10-20 19:49:49,017 [ForkJoinPool-1-worker-1] INFO  grpc.GrpcConfigKeys (ConfUtils.java:logFallback(69)) - raft.grpc.client.host = null (fallback to raft.grpc.server.host)
2025-10-20 19:49:49,017 [ForkJoinPool-1-worker-1] INFO  grpc.GrpcConfigKeys (ConfUtils.java:logFallback(69)) - raft.grpc.client.port = 15004 (fallback to raft.grpc.server.port)
2025-10-20 19:49:49,017 [ForkJoinPool-1-worker-1] INFO  server.GrpcServicesImpl (ConfUtils.java:logGet(62)) - raft.grpc.message.size.max = 5242880 (custom)
2025-10-20 19:49:49,018 [ForkJoinPool-1-worker-1] INFO  server.RaftServerConfigKeys (ConfUtils.java:logGet(62)) - raft.server.log.appender.buffer.byte-limit = 4194304 (custom)
2025-10-20 19:49:49,020 [206580cc-82ee-4213-b95b-59cb1d300b36-impl-thread1] INFO  server.RaftServer (RaftServerProxy.java:initGroupDir(270)) - 206580cc-82ee-4213-b95b-59cb1d300b36: found a subdirectory /home/runner/work/ozone/ozone/hadoop-ozone/integration-test/target/test-dir/MiniOzoneClusterImpl-6935df51-69ff-4c35-8bd4-ed2b81d70e54/scm/ratis/6935df51-69ff-4c35-8bd4-ed2b81d70e54
2025-10-20 19:49:49,020 [ForkJoinPool-1-worker-1] INFO  server.RaftServer (RaftServerProxy.java:addNew(105)) - 206580cc-82ee-4213-b95b-59cb1d300b36: addNew group-ED2B81D70E54:[] returns group-ED2B81D70E54:java.util.concurrent.CompletableFuture@45dec21d[Not completed]
2025-10-20 19:49:49,023 [206580cc-82ee-4213-b95b-59cb1d300b36-groupManagement] INFO  server.RaftServer$Division (RaftServerImpl.java:<init>(268)) - 206580cc-82ee-4213-b95b-59cb1d300b36: new RaftServerImpl for group-ED2B81D70E54:[] with SCMStateMachine:uninitialized
2025-10-20 19:49:49,023 [206580cc-82ee-4213-b95b-59cb1d300b36-groupManagement] INFO  server.RaftServer$Division (ServerState.java:<init>(114)) - 206580cc-82ee-4213-b95b-59cb1d300b36@group-ED2B81D70E54: ConfigurationManager, init=conf: {index: -1, cur=peers:[]|listeners:[], old=null}, confs=<EMPTY_MAP>
2025-10-20 19:49:49,032 [ForkJoinPool-1-worker-1] INFO  ha.SCMSnapshotProvider (SCMSnapshotProvider.java:<init>(61)) - Initializing SCM Snapshot Provider
2025-10-20 19:49:49,061 [ForkJoinPool-1-worker-1] INFO  upgrade.AbstractLayoutVersionManager (AbstractLayoutVersionManager.java:init(80)) - Initializing Layout version manager with metadata layout = WITNESSED_CONTAINER_DB_PROTO_VALUE (version = 9), software layout = WITNESSED_CONTAINER_DB_PROTO_VALUE (version = 9)
2025-10-20 19:49:49,083 [ForkJoinPool-1-worker-1] INFO  ha.SequenceIdGenerator (SequenceIdGenerator.java:upgradeToSequenceId(353)) - upgrade localId to 115816896921600000
2025-10-20 19:49:49,084 [ForkJoinPool-1-worker-1] INFO  ha.SequenceIdGenerator (SequenceIdGenerator.java:upgradeToSequenceId(363)) - upgrade delTxnId to 0
2025-10-20 19:49:49,090 [ForkJoinPool-1-worker-1] INFO  ha.SequenceIdGenerator (SequenceIdGenerator.java:upgradeToSequenceId(379)) - upgrade containerId to 0
2025-10-20 19:49:49,092 [ForkJoinPool-1-worker-1] INFO  ha.SequenceIdGenerator (SequenceIdGenerator.java:upgradeToCertificateSequenceId(414)) - upgrade CertificateId to 2
2025-10-20 19:49:49,094 [ForkJoinPool-1-worker-1] INFO  ha.SequenceIdGenerator (SequenceIdGenerator.java:<init>(231)) - Init the HA SequenceIdGenerator.
2025-10-20 19:49:49,136 [ForkJoinPool-1-worker-1] INFO  node.SCMNodeManager (SCMNodeManager.java:<init>(180)) - Entering startup safe mode.
2025-10-20 19:49:49,146 [ForkJoinPool-1-worker-1] INFO  algorithms.ContainerPlacementPolicyFactory (ContainerPlacementPolicyFactory.java:getPolicyInternal(83)) - Create container placement policy of type org.apache.hadoop.hdds.scm.container.placement.algorithms.SCMContainerPlacementRackAware
2025-10-20 19:49:49,149 [ForkJoinPool-1-worker-1] INFO  algorithms.ContainerPlacementPolicyFactory (ContainerPlacementPolicyFactory.java:getPolicyInternal(83)) - Create container placement policy of type org.apache.hadoop.hdds.scm.container.placement.algorithms.SCMContainerPlacementRackScatter
2025-10-20 19:49:49,155 [ForkJoinPool-1-worker-1] INFO  pipeline.PipelineStateManagerImpl (PipelineStateManagerImpl.java:initialize(75)) - No pipeline exists in current db
2025-10-20 19:49:49,165 [ForkJoinPool-1-worker-1] INFO  algorithms.LeaderChoosePolicyFactory (LeaderChoosePolicyFactory.java:getPolicy(55)) - Create leader choose policy of type org.apache.hadoop.hdds.scm.pipeline.leader.choose.algorithms.MinLeaderCountChoosePolicy
2025-10-20 19:49:49,165 [ForkJoinPool-1-worker-1] INFO  algorithms.ContainerPlacementPolicyFactory (ContainerPlacementPolicyFactory.java:getPolicyInternal(83)) - Create container placement policy of type org.apache.hadoop.hdds.scm.container.placement.algorithms.SCMContainerPlacementRackScatter
2025-10-20 19:49:49,171 [ForkJoinPool-1-worker-1] INFO  ha.SCMServiceManager (SCMServiceManager.java:register(42)) - Registering service BackgroundPipelineCreator.
2025-10-20 19:49:49,171 [ForkJoinPool-1-worker-1] INFO  pipeline.BackgroundPipelineCreator (BackgroundPipelineCreator.java:start(126)) - Starting RatisPipelineUtilsThread.
2025-10-20 19:49:49,173 [ForkJoinPool-1-worker-1] INFO  BackgroundPipelineScrubber (BackgroundSCMService.java:start(64)) - Starting BackgroundPipelineScrubber Service.
2025-10-20 19:49:49,174 [ForkJoinPool-1-worker-1] INFO  ha.SCMServiceManager (SCMServiceManager.java:register(42)) - Registering service BackgroundPipelineScrubber.
2025-10-20 19:49:49,181 [ForkJoinPool-1-worker-1] INFO  ExpiredContainerReplicaOpScrubber (BackgroundSCMService.java:start(64)) - Starting ExpiredContainerReplicaOpScrubber Service.
2025-10-20 19:49:49,182 [ForkJoinPool-1-worker-1] INFO  ha.SCMServiceManager (SCMServiceManager.java:register(42)) - Registering service ExpiredContainerReplicaOpScrubber.
2025-10-20 19:49:49,202 [ForkJoinPool-1-worker-1] INFO  algorithms.PipelineChoosePolicyFactory (PipelineChoosePolicyFactory.java:createPipelineChoosePolicyFromClass(78)) - Create pipeline choose policy of type org.apache.hadoop.hdds.scm.pipeline.choose.algorithms.RandomPipelineChoosePolicy
2025-10-20 19:49:49,202 [ForkJoinPool-1-worker-1] INFO  algorithms.PipelineChoosePolicyFactory (PipelineChoosePolicyFactory.java:createPipelineChoosePolicyFromClass(78)) - Create pipeline choose policy of type org.apache.hadoop.hdds.scm.pipeline.choose.algorithms.RandomPipelineChoosePolicy
2025-10-20 19:49:49,225 [ForkJoinPool-1-worker-1] INFO  ha.SCMServiceManager (SCMServiceManager.java:register(42)) - Registering service SCMBlockDeletingService.
2025-10-20 19:49:49,266 [ForkJoinPool-1-worker-1] INFO  replication.ReplicationManager (ReplicationManager.java:start(287)) - Starting Replication Monitor Thread.
2025-10-20 19:49:49,267 [ForkJoinPool-1-worker-1] INFO  ha.SCMServiceManager (SCMServiceManager.java:register(42)) - Registering service ReplicationManager.
2025-10-20 19:49:49,275 [ForkJoinPool-1-worker-1] INFO  safemode.SCMSafeModeManager (AbstractContainerSafeModeRule.java:initializeRule(83)) - Refreshed RATIS Containers threshold count to 0.
2025-10-20 19:49:49,276 [ForkJoinPool-1-worker-1] INFO  safemode.SCMSafeModeManager (AbstractContainerSafeModeRule.java:initializeRule(83)) - Refreshed EC Containers threshold count to 0.
2025-10-20 19:49:49,280 [ForkJoinPool-1-worker-1] INFO  safemode.HealthyPipelineSafeModeRule (HealthyPipelineSafeModeRule.java:initializeRule(230)) - Total pipeline count is 0, healthy pipeline threshold count is 1
2025-10-20 19:49:49,282 [ForkJoinPool-1-worker-1] INFO  safemode.OneReplicaPipelineSafeModeRule (OneReplicaPipelineSafeModeRule.java:initializeRule(189)) - Total pipeline count is 0, pipeline's with at least one datanode reported threshold count is 0
2025-10-20 19:49:49,332 [ForkJoinPool-1-worker-1] INFO  server.StorageContainerManager (StorageContainerManager.java:<init>(432)) - SCM start with adminUsers: [admin, runner]
2025-10-20 19:49:49,353 [ForkJoinPool-1-worker-1] INFO  audit.AuditLogger (AuditLogger.java:refreshDebugCmdSet(133)) - Refresh DebugCmdSet for SCMAudit to [].
2025-10-20 19:49:49,371 [ForkJoinPool-1-worker-1] INFO  ipc.CallQueueManager (CallQueueManager.java:<init>(93)) - Using callQueue: class java.util.concurrent.LinkedBlockingQueue, queueCapacity: 10000, scheduler: class org.apache.hadoop.ipc.DefaultRpcScheduler, ipcBackoff: false, ipcFailOver: false.
2025-10-20 19:49:49,389 [ForkJoinPool-1-worker-1] INFO  ipc.Server (Server.java:<init>(1438)) - Listener at 0.0.0.0:15002
2025-10-20 19:49:49,391 [Socket Reader #1 for port 15002] INFO  ipc.Server (Server.java:run(1474)) - Starting Socket Reader #1 for port 15002
2025-10-20 19:49:49,391 [Socket Reader #2 for port 15002] INFO  ipc.Server (Server.java:run(1474)) - Starting Socket Reader #2 for port 15002
2025-10-20 19:49:49,391 [Socket Reader #3 for port 15002] INFO  ipc.Server (Server.java:run(1474)) - Starting Socket Reader #3 for port 15002
2025-10-20 19:49:49,392 [Socket Reader #4 for port 15002] INFO  ipc.Server (Server.java:run(1474)) - Starting Socket Reader #4 for port 15002
2025-10-20 19:49:49,393 [Socket Reader #5 for port 15002] INFO  ipc.Server (Server.java:run(1474)) - Starting Socket Reader #5 for port 15002
2025-10-20 19:49:49,394 [Socket Reader #6 for port 15002] INFO  ipc.Server (Server.java:run(1474)) - Starting Socket Reader #6 for port 15002
2025-10-20 19:49:49,394 [Socket Reader #7 for port 15002] INFO  ipc.Server (Server.java:run(1474)) - Starting Socket Reader #7 for port 15002
2025-10-20 19:49:49,394 [Socket Reader #8 for port 15002] INFO  ipc.Server (Server.java:run(1474)) - Starting Socket Reader #8 for port 15002
2025-10-20 19:49:49,395 [Socket Reader #10 for port 15002] INFO  ipc.Server (Server.java:run(1474)) - Starting Socket Reader #10 for port 15002
2025-10-20 19:49:49,396 [Socket Reader #9 for port 15002] INFO  ipc.Server (Server.java:run(1474)) - Starting Socket Reader #9 for port 15002
2025-10-20 19:49:49,430 [ForkJoinPool-1-worker-1] INFO  audit.AuditLogger (AuditLogger.java:refreshDebugCmdSet(133)) - Refresh DebugCmdSet for SCMAudit to [].
2025-10-20 19:49:49,435 [ForkJoinPool-1-worker-1] INFO  ipc.CallQueueManager (CallQueueManager.java:<init>(93)) - Using callQueue: class java.util.concurrent.LinkedBlockingQueue, queueCapacity: 10000, scheduler: class org.apache.hadoop.ipc.DefaultRpcScheduler, ipcBackoff: false, ipcFailOver: false.
2025-10-20 19:49:49,436 [ForkJoinPool-1-worker-1] INFO  ipc.Server (Server.java:<init>(1438)) - Listener at 0.0.0.0:15001
2025-10-20 19:49:49,437 [Socket Reader #1 for port 15001] INFO  ipc.Server (Server.java:run(1474)) - Starting Socket Reader #1 for port 15001
2025-10-20 19:49:49,437 [Socket Reader #2 for port 15001] INFO  ipc.Server (Server.java:run(1474)) - Starting Socket Reader #2 for port 15001
2025-10-20 19:49:49,439 [Socket Reader #3 for port 15001] INFO  ipc.Server (Server.java:run(1474)) - Starting Socket Reader #3 for port 15001
2025-10-20 19:49:49,439 [Socket Reader #4 for port 15001] INFO  ipc.Server (Server.java:run(1474)) - Starting Socket Reader #4 for port 15001
2025-10-20 19:49:49,440 [Socket Reader #5 for port 15001] INFO  ipc.Server (Server.java:run(1474)) - Starting Socket Reader #5 for port 15001
2025-10-20 19:49:49,441 [Socket Reader #6 for port 15001] INFO  ipc.Server (Server.java:run(1474)) - Starting Socket Reader #6 for port 15001
2025-10-20 19:49:49,442 [Socket Reader #7 for port 15001] INFO  ipc.Server (Server.java:run(1474)) - Starting Socket Reader #7 for port 15001
2025-10-20 19:49:49,442 [Socket Reader #8 for port 15001] INFO  ipc.Server (Server.java:run(1474)) - Starting Socket Reader #8 for port 15001
2025-10-20 19:49:49,443 [Socket Reader #9 for port 15001] INFO  ipc.Server (Server.java:run(1474)) - Starting Socket Reader #9 for port 15001
2025-10-20 19:49:49,444 [Socket Reader #10 for port 15001] INFO  ipc.Server (Server.java:run(1474)) - Starting Socket Reader #10 for port 15001
2025-10-20 19:49:49,482 [ForkJoinPool-1-worker-1] INFO  audit.AuditLogger (AuditLogger.java:refreshDebugCmdSet(133)) - Refresh DebugCmdSet for SCMAudit to [].
2025-10-20 19:49:49,494 [ForkJoinPool-1-worker-1] INFO  ipc.CallQueueManager (CallQueueManager.java:<init>(93)) - Using callQueue: class java.util.concurrent.LinkedBlockingQueue, queueCapacity: 10000, scheduler: class org.apache.hadoop.ipc.DefaultRpcScheduler, ipcBackoff: false, ipcFailOver: false.
2025-10-20 19:49:49,496 [ForkJoinPool-1-worker-1] INFO  ipc.Server (Server.java:<init>(1438)) - Listener at 0.0.0.0:15000
2025-10-20 19:49:49,496 [Socket Reader #1 for port 15000] INFO  ipc.Server (Server.java:run(1474)) - Starting Socket Reader #1 for port 15000
2025-10-20 19:49:49,497 [Socket Reader #2 for port 15000] INFO  ipc.Server (Server.java:run(1474)) - Starting Socket Reader #2 for port 15000
2025-10-20 19:49:49,497 [Socket Reader #3 for port 15000] INFO  ipc.Server (Server.java:run(1474)) - Starting Socket Reader #3 for port 15000
2025-10-20 19:49:49,498 [Socket Reader #4 for port 15000] INFO  ipc.Server (Server.java:run(1474)) - Starting Socket Reader #4 for port 15000
2025-10-20 19:49:49,498 [Socket Reader #5 for port 15000] INFO  ipc.Server (Server.java:run(1474)) - Starting Socket Reader #5 for port 15000
2025-10-20 19:49:49,505 [Socket Reader #8 for port 15000] INFO  ipc.Server (Server.java:run(1474)) - Starting Socket Reader #8 for port 15000
2025-10-20 19:49:49,506 [Socket Reader #6 for port 15000] INFO  ipc.Server (Server.java:run(1474)) - Starting Socket Reader #6 for port 15000
2025-10-20 19:49:49,506 [Socket Reader #9 for port 15000] INFO  ipc.Server (Server.java:run(1474)) - Starting Socket Reader #9 for port 15000
2025-10-20 19:49:49,506 [Socket Reader #10 for port 15000] INFO  ipc.Server (Server.java:run(1474)) - Starting Socket Reader #10 for port 15000
2025-10-20 19:49:49,506 [Socket Reader #7 for port 15000] INFO  ipc.Server (Server.java:run(1474)) - Starting Socket Reader #7 for port 15000
2025-10-20 19:49:49,560 [ForkJoinPool-1-worker-1] INFO  ha.SCMServiceManager (SCMServiceManager.java:register(42)) - Registering service ContainerBalancer.
2025-10-20 19:49:49,561 [ForkJoinPool-1-worker-1] INFO  ha.SCMContext (SCMContext.java:updateSafeModeStatus(224)) - Update SafeModeStatus from SafeModeStatus{safeModeStatus=true, preCheckPassed=false} to SafeModeStatus{safeModeStatus=true, preCheckPassed=false}.
2025-10-20 19:49:49,570 [ForkJoinPool-1-worker-1] INFO  server.StorageContainerManager (StorageContainerManager.java:start(1515)) - StorageContainerLocationProtocol RPC server is listening at /0.0.0.0:15000
2025-10-20 19:49:49,571 [ForkJoinPool-1-worker-1] INFO  ha.SCMRatisServerImpl (SCMRatisServerImpl.java:start(203)) - starting ratis server 0.0.0.0:15004
2025-10-20 19:49:49,573 [206580cc-82ee-4213-b95b-59cb1d300b36-impl-thread1] INFO  storage.RaftStorageDirectory (RaftStorageDirectoryImpl.java:tryLock(229)) - Lock on /home/runner/work/ozone/ozone/hadoop-ozone/integration-test/target/test-dir/MiniOzoneClusterImpl-6935df51-69ff-4c35-8bd4-ed2b81d70e54/scm/ratis/6935df51-69ff-4c35-8bd4-ed2b81d70e54/in_use.lock acquired by nodename 12924@localhost
2025-10-20 19:49:49,574 [206580cc-82ee-4213-b95b-59cb1d300b36-impl-thread1] INFO  storage.RaftStorage (RaftStorageImpl.java:analyzeAndRecoverStorage(118)) - Read RaftStorageMetadata{term=1, votedFor=206580cc-82ee-4213-b95b-59cb1d300b36} from /home/runner/work/ozone/ozone/hadoop-ozone/integration-test/target/test-dir/MiniOzoneClusterImpl-6935df51-69ff-4c35-8bd4-ed2b81d70e54/scm/ratis/6935df51-69ff-4c35-8bd4-ed2b81d70e54/current/raft-meta
2025-10-20 19:49:49,578 [206580cc-82ee-4213-b95b-59cb1d300b36-impl-thread1] INFO  server.RaftServer$Division (ServerState.java:setRaftConf(386)) - 206580cc-82ee-4213-b95b-59cb1d300b36@group-ED2B81D70E54: set configuration conf: {index: 0, cur=peers:[206580cc-82ee-4213-b95b-59cb1d300b36|localhost:15004]|listeners:[], old=null}
2025-10-20 19:49:49,578 [206580cc-82ee-4213-b95b-59cb1d300b36-impl-thread1] INFO  ha.SCMStateMachine (SCMStateMachine.java:lambda$initialize$0(135)) - 206580cc-82ee-4213-b95b-59cb1d300b36: initialize group-ED2B81D70E54
2025-10-20 19:49:49,578 [206580cc-82ee-4213-b95b-59cb1d300b36-impl-thread1] INFO  server.RaftServerConfigKeys (ConfUtils.java:logGet(62)) - raft.server.log.appender.buffer.byte-limit = 4194304 (custom)
2025-10-20 19:49:49,581 [206580cc-82ee-4213-b95b-59cb1d300b36-impl-thread1] INFO  server.RaftServerConfigKeys (ConfUtils.java:logGet(62)) - raft.server.log.segment.size.max = 67108864 (custom)
2025-10-20 19:49:49,581 [206580cc-82ee-4213-b95b-59cb1d300b36-impl-thread1] INFO  server.RaftServerConfigKeys (ConfUtils.java:logGet(62)) - raft.server.log.appender.buffer.byte-limit = 4194304 (custom)
2025-10-20 19:49:49,582 [206580cc-82ee-4213-b95b-59cb1d300b36-impl-thread1] INFO  util.AwaitToRun (AwaitToRun.java:start(81)) - Thread[#115,206580cc-82ee-4213-b95b-59cb1d300b36@group-ED2B81D70E54-cacheEviction-AwaitToRun,5,main] started
2025-10-20 19:49:49,582 [206580cc-82ee-4213-b95b-59cb1d300b36-impl-thread1] INFO  segmented.SegmentedRaftLogWorker (SegmentedRaftLogWorker.java:<init>(190)) - new 206580cc-82ee-4213-b95b-59cb1d300b36@group-ED2B81D70E54-SegmentedRaftLogWorker for RaftStorageImpl:Storage Directory /home/runner/work/ozone/ozone/hadoop-ozone/integration-test/target/test-dir/MiniOzoneClusterImpl-6935df51-69ff-4c35-8bd4-ed2b81d70e54/scm/ratis/6935df51-69ff-4c35-8bd4-ed2b81d70e54
2025-10-20 19:49:49,583 [206580cc-82ee-4213-b95b-59cb1d300b36-impl-thread1] INFO  server.RaftServerConfigKeys (ConfUtils.java:logGet(62)) - raft.server.log.segment.size.max = 67108864 (custom)
2025-10-20 19:49:49,583 [206580cc-82ee-4213-b95b-59cb1d300b36-impl-thread1] INFO  server.RaftServerConfigKeys (ConfUtils.java:logGet(62)) - raft.server.log.preallocated.size = 4194304 (custom)
2025-10-20 19:49:49,584 [206580cc-82ee-4213-b95b-59cb1d300b36-impl-thread1] INFO  server.RaftServerConfigKeys (ConfUtils.java:logGet(62)) - raft.server.log.write.buffer.size = 4194312 (custom)
2025-10-20 19:49:49,585 [206580cc-82ee-4213-b95b-59cb1d300b36-impl-thread1] INFO  server.RaftServerConfigKeys (ConfUtils.java:logGet(62)) - raft.server.log.appender.buffer.byte-limit = 4194304 (custom)
2025-10-20 19:49:49,590 [206580cc-82ee-4213-b95b-59cb1d300b36-impl-thread1] INFO  server.RaftServer$Division (ServerState.java:setRaftConf(386)) - 206580cc-82ee-4213-b95b-59cb1d300b36@group-ED2B81D70E54: set configuration conf: {index: 0, cur=peers:[206580cc-82ee-4213-b95b-59cb1d300b36|localhost:15004]|listeners:[], old=null}
2025-10-20 19:49:49,591 [206580cc-82ee-4213-b95b-59cb1d300b36-impl-thread1] INFO  segmented.LogSegment (LogSegment.java:loadSegment(171)) - Successfully read 1 entries from segment file /home/runner/work/ozone/ozone/hadoop-ozone/integration-test/target/test-dir/MiniOzoneClusterImpl-6935df51-69ff-4c35-8bd4-ed2b81d70e54/scm/ratis/6935df51-69ff-4c35-8bd4-ed2b81d70e54/current/log_inprogress_0
2025-10-20 19:49:49,591 [206580cc-82ee-4213-b95b-59cb1d300b36-impl-thread1] INFO  segmented.SegmentedRaftLogWorker (SegmentedRaftLogWorker.java:lambda$new$0(141)) - 206580cc-82ee-4213-b95b-59cb1d300b36@group-ED2B81D70E54-SegmentedRaftLogWorker: safeCacheEvictIndex: setUnconditionally 0 -> -1
2025-10-20 19:49:49,591 [206580cc-82ee-4213-b95b-59cb1d300b36-impl-thread1] INFO  segmented.BufferedWriteChannel (BufferedWriteChannel.java:open(61)) - open log_inprogress_0 (append) at position 76
2025-10-20 19:49:49,592 [206580cc-82ee-4213-b95b-59cb1d300b36-impl-thread1] INFO  server.RaftServer$Division (RaftServerImpl.java:start(405)) - 206580cc-82ee-4213-b95b-59cb1d300b36@group-ED2B81D70E54: start as a follower, conf=conf: {index: 0, cur=peers:[206580cc-82ee-4213-b95b-59cb1d300b36|localhost:15004]|listeners:[], old=null}
2025-10-20 19:49:49,592 [206580cc-82ee-4213-b95b-59cb1d300b36-impl-thread1] INFO  server.RaftServer$Division (RaftServerImpl.java:setRole(392)) - 206580cc-82ee-4213-b95b-59cb1d300b36@group-ED2B81D70E54: changes role from      null to FOLLOWER at term 1 for startAsFollower
2025-10-20 19:49:49,593 [206580cc-82ee-4213-b95b-59cb1d300b36-impl-thread1] INFO  impl.RoleInfo (RoleInfo.java:updateAndGet(148)) - 206580cc-82ee-4213-b95b-59cb1d300b36: start 206580cc-82ee-4213-b95b-59cb1d300b36@group-ED2B81D70E54-FollowerState
2025-10-20 19:49:49,594 [206580cc-82ee-4213-b95b-59cb1d300b36-impl-thread1] INFO  util.JmxRegister (JmxRegister.java:tryRegister(44)) - Successfully registered JMX Bean with object name Ratis:service=RaftServer,group=group-ED2B81D70E54,id=206580cc-82ee-4213-b95b-59cb1d300b36
2025-10-20 19:49:49,594 [206580cc-82ee-4213-b95b-59cb1d300b36-impl-thread1] INFO  util.JmxRegister (JmxRegister.java:register(58)) - register mxBean class org.apache.ratis.server.impl.RaftServerJmxAdapter as Ratis:service=RaftServer,group=group-ED2B81D70E54,id=206580cc-82ee-4213-b95b-59cb1d300b36
2025-10-20 19:49:49,594 [206580cc-82ee-4213-b95b-59cb1d300b36-impl-thread1] INFO  server.RaftServer$Division (RaftServerImpl.java:start(419)) - 206580cc-82ee-4213-b95b-59cb1d300b36@group-ED2B81D70E54: Successfully started.
2025-10-20 19:49:49,595 [ForkJoinPool-1-worker-1] INFO  server.RaftServer (RaftServerProxy.java:startImpl(412)) - 206580cc-82ee-4213-b95b-59cb1d300b36: start RPC server
2025-10-20 19:49:49,596 [ForkJoinPool-1-worker-1] INFO  server.GrpcServicesImpl (GrpcServicesImpl.java:startImpl(346)) - 206580cc-82ee-4213-b95b-59cb1d300b36: GrpcServicesImpl started, listening on 15004
2025-10-20 19:49:49,596 [JvmPauseMonitor1] INFO  util.JvmPauseMonitor (JvmPauseMonitor.java:run(146)) - JvmPauseMonitor-206580cc-82ee-4213-b95b-59cb1d300b36: Started
2025-10-20 19:49:49,605 [ForkJoinPool-1-worker-1] INFO  ha.SCMHAManagerImpl (SCMHAManagerImpl.java:start(131)) -  scm role is FOLLOWER peers [206580cc-82ee-4213-b95b-59cb1d300b36|localhost:15004]
2025-10-20 19:49:49,605 [ForkJoinPool-1-worker-1] INFO  ha.InterSCMGrpcService (InterSCMGrpcProtocolService.java:start(98)) - Starting SCM Grpc Service at port 15005
2025-10-20 19:49:49,607 [ForkJoinPool-1-worker-1] INFO  SCMHATransactionMonitor (BackgroundSCMService.java:start(64)) - Starting SCMHATransactionMonitor Service.
2025-10-20 19:49:49,607 [ForkJoinPool-1-worker-1] INFO  ha.SCMServiceManager (SCMServiceManager.java:register(42)) - Registering service SCMHATransactionMonitor.
2025-10-20 19:49:49,607 [ForkJoinPool-1-worker-1] INFO  SCMHATransactionMonitor (BackgroundSCMService.java:start(61)) - SCMHATransactionMonitor Service is already running, skip start.
2025-10-20 19:49:49,714 [ForkJoinPool-1-worker-1] INFO  server.SCMClientProtocolServer (SCMClientProtocolServer.java:start(208)) - RPC server for Client  is listening at /0.0.0.0:15000
2025-10-20 19:49:49,715 [IPC Server Responder] INFO  ipc.Server (Server.java:run(1713)) - IPC Server Responder: starting
2025-10-20 19:49:49,715 [IPC Server listener on 15000] INFO  ipc.Server (Server.java:run(1553)) - IPC Server listener on 15000: starting
2025-10-20 19:49:49,724 [ForkJoinPool-1-worker-1] INFO  server.StorageContainerManager (StorageContainerManager.java:start(1528)) - ScmBlockLocationProtocol RPC server is listening at /0.0.0.0:15001
2025-10-20 19:49:49,725 [ForkJoinPool-1-worker-1] INFO  server.SCMBlockProtocolServer (SCMBlockProtocolServer.java:start(166)) - RPC server for Block Protocol is listening at /0.0.0.0:15001
2025-10-20 19:49:49,725 [IPC Server Responder] INFO  ipc.Server (Server.java:run(1713)) - IPC Server Responder: starting
2025-10-20 19:49:49,725 [IPC Server listener on 15001] INFO  ipc.Server (Server.java:run(1553)) - IPC Server listener on 15001: starting
2025-10-20 19:49:49,735 [ForkJoinPool-1-worker-1] INFO  utils.BackgroundService (BackgroundService.java:start(119)) - Starting service SCMBlockDeletingService with interval 60000 milliseconds
2025-10-20 19:49:49,745 [ForkJoinPool-1-worker-1] INFO  http.BaseHttpServer (BaseHttpServer.java:newHttpServer2BuilderForOzone(227)) - Starting Web-server for scm at: http://0.0.0.0:15003
2025-10-20 19:49:49,745 [ForkJoinPool-1-worker-1] INFO  http.BaseHttpServer (BaseHttpServer.java:<init>(105)) - Hadoop Security Enabled: false Ozone Security Enabled: false Ozone HTTP Security Enabled: false 
2025-10-20 19:49:49,766 [ForkJoinPool-1-worker-1] INFO  util.log (Log.java:initialized(170)) - Logging initialized @7418ms to org.eclipse.jetty.util.log.Slf4jLog
2025-10-20 19:49:49,841 [ForkJoinPool-1-worker-1] WARN  server.AuthenticationFilter (AuthenticationFilter.java:constructSecretProvider(240)) - Unable to initialize FileSignerSecretProvider, falling back to use random secrets. Reason: Could not read signature secret file: /home/runner/hadoop-http-auth-signature-secret
2025-10-20 19:49:49,864 [ForkJoinPool-1-worker-1] INFO  http.HttpServer2 (HttpServer2.java:addGlobalFilter(1040)) - Added global filter 'safety' (class=org.apache.hadoop.hdds.server.http.HttpServer2$QuotingInputFilter)
2025-10-20 19:49:49,868 [ForkJoinPool-1-worker-1] INFO  http.HttpServer2 (HttpServer2.java:addFilter(1016)) - Added filter static_user_filter (class=org.apache.hadoop.http.lib.StaticUserWebFilter$StaticUserFilter) to context scm
2025-10-20 19:49:49,868 [ForkJoinPool-1-worker-1] INFO  http.HttpServer2 (HttpServer2.java:addFilter(1024)) - Added filter static_user_filter (class=org.apache.hadoop.http.lib.StaticUserWebFilter$StaticUserFilter) to context static
2025-10-20 19:49:49,868 [ForkJoinPool-1-worker-1] INFO  http.HttpServer2 (HttpServer2.java:addFilter(1024)) - Added filter static_user_filter (class=org.apache.hadoop.http.lib.StaticUserWebFilter$StaticUserFilter) to context logs
2025-10-20 19:49:49,896 [ForkJoinPool-1-worker-1] INFO  http.BaseHttpServer (BaseHttpServer.java:<init>(193)) - HTTP server of scm uses base directory /home/runner/work/ozone/ozone/hadoop-ozone/integration-test/target/test-dir/MiniOzoneClusterImpl-6935df51-69ff-4c35-8bd4-ed2b81d70e54/scm/ozone-metadata/webserver
2025-10-20 19:49:49,898 [ForkJoinPool-1-worker-1] INFO  http.HttpServer2 (HttpServer2.java:bindListener(1240)) - Jetty bound to port 15003
2025-10-20 19:49:49,899 [ForkJoinPool-1-worker-1] INFO  server.Server (Server.java:doStart(375)) - jetty-9.4.58.v20250814; built: 2025-08-14T02:28:49.637Z; git: 8f1440587e9e4ae7db3d74cf205643f3d707148d; jvm 21.0.8+9-LTS
2025-10-20 19:49:49,920 [ForkJoinPool-1-worker-1] INFO  server.session (DefaultSessionIdManager.java:doStart(334)) - DefaultSessionIdManager workerName=node0
2025-10-20 19:49:49,920 [ForkJoinPool-1-worker-1] INFO  server.session (DefaultSessionIdManager.java:doStart(339)) - No SessionScavenger set, using defaults
2025-10-20 19:49:49,921 [ForkJoinPool-1-worker-1] INFO  server.session (HouseKeeper.java:startScavenging(132)) - node0 Scavenging every 600000ms
2025-10-20 19:49:49,930 [ForkJoinPool-1-worker-1] INFO  handler.ContextHandler (ContextHandler.java:doStart(921)) - Started o.e.j.s.ServletContextHandler@34051c86{logs,/logs,file:///home/runner/work/ozone/ozone/hadoop-ozone/integration-test/target/log,AVAILABLE}
2025-10-20 19:49:49,931 [ForkJoinPool-1-worker-1] INFO  handler.ContextHandler (ContextHandler.java:doStart(921)) - Started o.e.j.s.ServletContextHandler@11b6619{static,/static,file:///home/runner/work/ozone/ozone/hadoop-ozone/integration-test/target/test-classes/webapps/static,AVAILABLE}
2025-10-20 19:49:49,966 [ForkJoinPool-1-worker-1] INFO  handler.ContextHandler (ContextHandler.java:doStart(921)) - Started o.e.j.w.WebAppContext@6a59d686{scm,/,file:///home/runner/work/ozone/ozone/hadoop-ozone/integration-test/target/test-classes/webapps/scm/,AVAILABLE}{file:/home/runner/work/ozone/ozone/hadoop-ozone/integration-test/target/test-classes/webapps/scm}
2025-10-20 19:49:49,972 [ForkJoinPool-1-worker-1] INFO  server.AbstractConnector (AbstractConnector.java:doStart(333)) - Started ServerConnector@9c2909f{HTTP/1.1, (http/1.1)}{0.0.0.0:15003}
2025-10-20 19:49:49,972 [ForkJoinPool-1-worker-1] INFO  server.Server (Server.java:doStart(415)) - Started @7625ms
2025-10-20 19:49:49,974 [ForkJoinPool-1-worker-1] INFO  impl.MetricsSinkAdapter (MetricsSinkAdapter.java:start(204)) - Sink prometheus started
2025-10-20 19:49:49,975 [ForkJoinPool-1-worker-1] INFO  http.BaseHttpServer (BaseHttpServer.java:updateConnectorAddress(357)) - HTTP server of scm listening at http://localhost:15003
2025-10-20 19:49:49,992 [ForkJoinPool-1-worker-1] INFO  ha.OMHANodeDetails (OMHANodeDetails.java:loadOMHAConfig(114)) - ozone.om.internal.service.id is not defined, falling back to ozone.om.service.ids to find serviceID for OzoneManager if it is HA enabled cluster
2025-10-20 19:49:49,996 [ForkJoinPool-1-worker-1] INFO  ha.OMHANodeDetails (OMHANodeDetails.java:loadOMHAConfig(228)) - Configuration does not have ozone.om.address set. Falling back to the default OM address /127.0.0.1:15006
2025-10-20 19:49:49,996 [ForkJoinPool-1-worker-1] INFO  ha.OMHANodeDetails (OMHANodeDetails.java:getOMNodeDetailsForNonHA(262)) - OM Service ID is not set. Setting it to the default ID: omServiceIdDefault
2025-10-20 19:49:49,996 [ForkJoinPool-1-worker-1] INFO  ha.OMHANodeDetails (OMHANodeDetails.java:getOMNodeDetailsForNonHA(269)) - OM Node ID is not set. Setting it to the default ID: om1
2025-10-20 19:49:50,004 [ForkJoinPool-1-worker-1] INFO  upgrade.AbstractLayoutVersionManager (AbstractLayoutVersionManager.java:init(80)) - Initializing Layout version manager with metadata layout = DELEGATION_TOKEN_SYMMETRIC_SIGN (version = 8), software layout = DELEGATION_TOKEN_SYMMETRIC_SIGN (version = 8)
2025-10-20 19:49:50,135 [ForkJoinPool-1-worker-1] INFO  reflections.Reflections (Reflections.java:scan(219)) - Reflections took 128 ms to scan 2 urls, producing 220 keys and 641 values
2025-10-20 19:49:50,139 [ForkJoinPool-1-worker-1] INFO  upgrade.OMLayoutVersionManager (OMLayoutVersionManager.java:lambda$0(110)) - Skipping Upgrade Action QuotaRepairUpgradeAction since it has been finalized.
2025-10-20 19:49:50,140 [ForkJoinPool-1-worker-1] INFO  upgrade.OMLayoutVersionManager (OMLayoutVersionManager.java:lambda$0(110)) - Skipping Upgrade Action MockOmUpgradeAction since it has been finalized.
2025-10-20 19:49:50,147 [ForkJoinPool-1-worker-1] INFO  om.OzoneManager (OzoneManager.java:setReplicationFromConfig(4665)) - Set default replication in OM: RATIS/3 -> RATIS/THREE
2025-10-20 19:49:50,154 [ForkJoinPool-1-worker-1] INFO  proxy.SCMContainerLocationFailoverProxyProvider (SCMFailoverProxyProviderBase.java:<init>(120)) - Created fail-over proxy for protocol StorageContainerLocationProtocolPB with 1 nodes: [nodeId=scmNodeId,nodeAddress=/0.0.0.0:15000]
2025-10-20 19:49:50,186 [ForkJoinPool-1-worker-1] INFO  proxy.SCMBlockLocationFailoverProxyProvider (SCMFailoverProxyProviderBase.java:<init>(120)) - Created fail-over proxy for protocol ScmBlockLocationProtocolPB with 1 nodes: [nodeId=scmNodeId,nodeAddress=/0.0.0.0:15001]
2025-10-20 19:49:50,275 [ForkJoinPool-1-worker-1] INFO  om.OzoneManager (OzoneManager.java:<init>(687)) - OM start with adminUsers: [admin, runner]
2025-10-20 19:49:50,420 [ForkJoinPool-1-worker-1] INFO  utils.NativeLibraryLoader (NativeLibraryLoader.java:loadLibrary(120)) - Loading Library: ozone_rocksdb_tools
2025-10-20 19:49:50,609 [206580cc-82ee-4213-b95b-59cb1d300b36@group-ED2B81D70E54-FollowerState] INFO  impl.FollowerState (FollowerState.java:runImpl(161)) - 206580cc-82ee-4213-b95b-59cb1d300b36@group-ED2B81D70E54-FollowerState: change to CANDIDATE, lastRpcElapsedTime:1016566677ns, electionTimeout:1016ms
2025-10-20 19:49:50,609 [206580cc-82ee-4213-b95b-59cb1d300b36@group-ED2B81D70E54-FollowerState] INFO  impl.RoleInfo (RoleInfo.java:shutdownFollowerState(121)) - 206580cc-82ee-4213-b95b-59cb1d300b36: shutdown 206580cc-82ee-4213-b95b-59cb1d300b36@group-ED2B81D70E54-FollowerState
2025-10-20 19:49:50,610 [206580cc-82ee-4213-b95b-59cb1d300b36@group-ED2B81D70E54-FollowerState] INFO  server.RaftServer$Division (RaftServerImpl.java:setRole(392)) - 206580cc-82ee-4213-b95b-59cb1d300b36@group-ED2B81D70E54: changes role from  FOLLOWER to CANDIDATE at term 1 for changeToCandidate
2025-10-20 19:49:50,610 [206580cc-82ee-4213-b95b-59cb1d300b36@group-ED2B81D70E54-FollowerState] INFO  impl.RoleInfo (RoleInfo.java:updateAndGet(148)) - 206580cc-82ee-4213-b95b-59cb1d300b36: start 206580cc-82ee-4213-b95b-59cb1d300b36@group-ED2B81D70E54-LeaderElection2
2025-10-20 19:49:50,610 [206580cc-82ee-4213-b95b-59cb1d300b36@group-ED2B81D70E54-LeaderElection2] INFO  impl.LeaderElection (LeaderElection.java:askForVotes(448)) - 206580cc-82ee-4213-b95b-59cb1d300b36@group-ED2B81D70E54-LeaderElection2 PRE_VOTE round 0: submit vote requests at term 1 for conf: {index: 0, cur=peers:[206580cc-82ee-4213-b95b-59cb1d300b36|localhost:15004]|listeners:[], old=null}
2025-10-20 19:49:50,611 [206580cc-82ee-4213-b95b-59cb1d300b36@group-ED2B81D70E54-LeaderElection2] INFO  impl.LeaderElection (LeaderElection.java:askForVotes(450)) - 206580cc-82ee-4213-b95b-59cb1d300b36@group-ED2B81D70E54-LeaderElection2 PRE_VOTE round 0: result PASSED (term=1)
2025-10-20 19:49:50,612 [206580cc-82ee-4213-b95b-59cb1d300b36@group-ED2B81D70E54-LeaderElection2] INFO  impl.LeaderElection (LeaderElection.java:askForVotes(448)) - 206580cc-82ee-4213-b95b-59cb1d300b36@group-ED2B81D70E54-LeaderElection2 ELECTION round 0: submit vote requests at term 2 for conf: {index: 0, cur=peers:[206580cc-82ee-4213-b95b-59cb1d300b36|localhost:15004]|listeners:[], old=null}
2025-10-20 19:49:50,612 [206580cc-82ee-4213-b95b-59cb1d300b36@group-ED2B81D70E54-LeaderElection2] INFO  impl.LeaderElection (LeaderElection.java:askForVotes(450)) - 206580cc-82ee-4213-b95b-59cb1d300b36@group-ED2B81D70E54-LeaderElection2 ELECTION round 0: result PASSED (term=2)
2025-10-20 19:49:50,612 [206580cc-82ee-4213-b95b-59cb1d300b36@group-ED2B81D70E54-LeaderElection2] INFO  impl.RoleInfo (RoleInfo.java:shutdownLeaderElection(141)) - 206580cc-82ee-4213-b95b-59cb1d300b36: shutdown 206580cc-82ee-4213-b95b-59cb1d300b36@group-ED2B81D70E54-LeaderElection2
2025-10-20 19:49:50,612 [206580cc-82ee-4213-b95b-59cb1d300b36@group-ED2B81D70E54-LeaderElection2] INFO  server.RaftServer$Division (RaftServerImpl.java:setRole(392)) - 206580cc-82ee-4213-b95b-59cb1d300b36@group-ED2B81D70E54: changes role from CANDIDATE to LEADER at term 2 for changeToLeader
2025-10-20 19:49:50,613 [206580cc-82ee-4213-b95b-59cb1d300b36@group-ED2B81D70E54-LeaderElection2] INFO  server.RaftServerConfigKeys (ConfUtils.java:logFallback(69)) - raft.server.staging.timeout = 15600ms (fallback to raft.server.rpc.timeout.max)
2025-10-20 19:49:50,614 [206580cc-82ee-4213-b95b-59cb1d300b36@group-ED2B81D70E54-LeaderElection2] INFO  impl.RoleInfo (RoleInfo.java:updateAndGet(148)) - 206580cc-82ee-4213-b95b-59cb1d300b36: start 206580cc-82ee-4213-b95b-59cb1d300b36@group-ED2B81D70E54-LeaderStateImpl
2025-10-20 19:49:50,614 [206580cc-82ee-4213-b95b-59cb1d300b36@group-ED2B81D70E54-LeaderElection2] INFO  server.RaftServer$Division (RaftServerImpl.java:setFirstElection(576)) - 206580cc-82ee-4213-b95b-59cb1d300b36@group-ED2B81D70E54: set firstElectionSinceStartup to false for becomeLeader
2025-10-20 19:49:50,614 [206580cc-82ee-4213-b95b-59cb1d300b36@group-ED2B81D70E54-LeaderElection2] INFO  ha.SCMStateMachine (SCMStateMachine.java:notifyLeaderChanged(293)) - current SCM becomes leader of term 2.
2025-10-20 19:49:50,615 [206580cc-82ee-4213-b95b-59cb1d300b36@group-ED2B81D70E54-LeaderElection2] INFO  ha.SCMContext (SCMContext.java:updateLeaderAndTerm(95)) - update <isLeader,term> from <false,0> to <true,2>
2025-10-20 19:49:50,616 [206580cc-82ee-4213-b95b-59cb1d300b36@group-ED2B81D70E54-LeaderElection2] INFO  server.RaftServer$Division (ServerState.java:setLeader(272)) - 206580cc-82ee-4213-b95b-59cb1d300b36@group-ED2B81D70E54: change Leader from null to 206580cc-82ee-4213-b95b-59cb1d300b36 at term 2 for becomeLeader, leader elected after 1590ms
2025-10-20 19:49:50,617 [206580cc-82ee-4213-b95b-59cb1d300b36@group-ED2B81D70E54-LeaderElection2] INFO  segmented.SegmentedRaftLogWorker (SegmentedRaftLogWorker.java:rollLogSegment(445)) - 206580cc-82ee-4213-b95b-59cb1d300b36@group-ED2B81D70E54-SegmentedRaftLogWorker: Rolling segment log-0_0 to index:0
2025-10-20 19:49:50,617 [206580cc-82ee-4213-b95b-59cb1d300b36@group-ED2B81D70E54-LeaderElection2] INFO  server.RaftServer$Division (ServerState.java:setRaftConf(386)) - 206580cc-82ee-4213-b95b-59cb1d300b36@group-ED2B81D70E54: set configuration conf: {index: 1, cur=peers:[206580cc-82ee-4213-b95b-59cb1d300b36|localhost:15004]|listeners:[], old=null}
2025-10-20 19:49:50,619 [206580cc-82ee-4213-b95b-59cb1d300b36@group-ED2B81D70E54-SegmentedRaftLogWorker] INFO  segmented.SegmentedRaftLogWorker (SegmentedRaftLogWorker.java:execute(604)) - 206580cc-82ee-4213-b95b-59cb1d300b36@group-ED2B81D70E54-SegmentedRaftLogWorker: Rolled log segment from /home/runner/work/ozone/ozone/hadoop-ozone/integration-test/target/test-dir/MiniOzoneClusterImpl-6935df51-69ff-4c35-8bd4-ed2b81d70e54/scm/ratis/6935df51-69ff-4c35-8bd4-ed2b81d70e54/current/log_inprogress_0 to /home/runner/work/ozone/ozone/hadoop-ozone/integration-test/target/test-dir/MiniOzoneClusterImpl-6935df51-69ff-4c35-8bd4-ed2b81d70e54/scm/ratis/6935df51-69ff-4c35-8bd4-ed2b81d70e54/current/log_0-0
2025-10-20 19:49:50,621 [206580cc-82ee-4213-b95b-59cb1d300b36@group-ED2B81D70E54-SegmentedRaftLogWorker] INFO  segmented.BufferedWriteChannel (BufferedWriteChannel.java:open(61)) - open log_inprogress_1 at position 0
2025-10-20 19:49:50,625 [206580cc-82ee-4213-b95b-59cb1d300b36@group-ED2B81D70E54-SegmentedRaftLogWorker] INFO  segmented.SegmentedRaftLogWorker (SegmentedRaftLogWorker.java:execute(647)) - 206580cc-82ee-4213-b95b-59cb1d300b36@group-ED2B81D70E54-SegmentedRaftLogWorker: created new log segment /home/runner/work/ozone/ozone/hadoop-ozone/integration-test/target/test-dir/MiniOzoneClusterImpl-6935df51-69ff-4c35-8bd4-ed2b81d70e54/scm/ratis/6935df51-69ff-4c35-8bd4-ed2b81d70e54/current/log_inprogress_1
2025-10-20 19:49:50,627 [206580cc-82ee-4213-b95b-59cb1d300b36@group-ED2B81D70E54-StateMachineUpdater] INFO  server.RaftServer$Division (LeaderStateImpl.java:checkStartIndex(309)) - Leader 206580cc-82ee-4213-b95b-59cb1d300b36@group-ED2B81D70E54-LeaderStateImpl is ready since appliedIndex == startIndex == 1
2025-10-20 19:49:50,627 [206580cc-82ee-4213-b95b-59cb1d300b36@group-ED2B81D70E54-StateMachineUpdater] INFO  ha.SCMContext (SCMContext.java:setLeaderReady(122)) - update <isLeaderReady> from <false> to <true>
2025-10-20 19:49:50,627 [206580cc-82ee-4213-b95b-59cb1d300b36@group-ED2B81D70E54-StateMachineUpdater] INFO  pipeline.BackgroundPipelineCreator (BackgroundPipelineCreator.java:notifyStatusChanged(268)) - Service BackgroundPipelineCreator transitions to RUNNING.
2025-10-20 19:49:50,629 [206580cc-82ee-4213-b95b-59cb1d300b36@group-ED2B81D70E54-StateMachineUpdater] INFO  safemode.SCMSafeModeManager (AbstractContainerSafeModeRule.java:initializeRule(83)) - Refreshed RATIS Containers threshold count to 0.
2025-10-20 19:49:50,629 [206580cc-82ee-4213-b95b-59cb1d300b36@group-ED2B81D70E54-StateMachineUpdater] INFO  safemode.HealthyPipelineSafeModeRule (HealthyPipelineSafeModeRule.java:initializeRule(226)) - Refreshed total pipeline count is 0, healthy pipeline threshold count is 1
2025-10-20 19:49:50,629 [206580cc-82ee-4213-b95b-59cb1d300b36@group-ED2B81D70E54-StateMachineUpdater] INFO  safemode.OneReplicaPipelineSafeModeRule (OneReplicaPipelineSafeModeRule.java:initializeRule(185)) - Refreshed Total pipeline count is 0, pipeline's with at least one datanode reported threshold count is 0
2025-10-20 19:49:50,629 [206580cc-82ee-4213-b95b-59cb1d300b36@group-ED2B81D70E54-StateMachineUpdater] INFO  safemode.SCMSafeModeManager (AbstractContainerSafeModeRule.java:initializeRule(83)) - Refreshed EC Containers threshold count to 0.
2025-10-20 19:49:50,629 [206580cc-82ee-4213-b95b-59cb1d300b36@group-ED2B81D70E54-StateMachineUpdater] INFO  server.SCMDatanodeProtocolServer (SCMDatanodeProtocolServer.java:start(195)) - ScmDatanodeProtocol RPC server for DataNodes is listening at /0.0.0.0:15002
2025-10-20 19:49:50,630 [IPC Server Responder] INFO  ipc.Server (Server.java:run(1713)) - IPC Server Responder: starting
2025-10-20 19:49:50,630 [IPC Server listener on 15002] INFO  ipc.Server (Server.java:run(1553)) - IPC Server listener on 15002: starting
2025-10-20 19:49:50,711 [ForkJoinPool-1-worker-1] INFO  om.OzoneManager (OzoneManager.java:instantiateServices(931)) - S3 Multi-Tenancy is disabled
2025-10-20 19:49:50,720 [ForkJoinPool-1-worker-1] INFO  security.OzoneSecretStore (OzoneSecretStore.java:loadState(58)) - Loaded 0 tokens
2025-10-20 19:49:50,721 [ForkJoinPool-1-worker-1] INFO  security.OzoneDelegationTokenSecretManager (OzoneDelegationTokenSecretManager.java:loadTokenSecretState(517)) - Loading token state into token manager.
2025-10-20 19:49:50,736 [ForkJoinPool-1-worker-1] INFO  acl.OzoneAuthorizerFactory (OzoneAuthorizerFactory.java:create(69)) - om1: Authorizer for OM is class org.apache.hadoop.ozone.security.acl.OzoneNativeAuthorizer
2025-10-20 19:49:50,746 [ForkJoinPool-1-worker-1] INFO  om.OmSnapshotManager (OmSnapshotManager.java:<init>(202)) - Ozone filesystem snapshot feature is enabled.
2025-10-20 19:49:50,784 [ForkJoinPool-1-worker-1] INFO  utils.BackgroundService (BackgroundService.java:start(119)) - Starting service SnapshotDiffCleanupService with interval 60000 milliseconds
2025-10-20 19:49:50,819 [ForkJoinPool-1-worker-1] INFO  om.OzoneManager (OzoneManager.java:addS3GVolumeToDB(4723)) - Created Volume s3v With Owner runner required for S3Gateway operations.
2025-10-20 19:49:50,902 [ForkJoinPool-1-worker-1] WARN  dropwizard3.Dm3MetricRegistriesImpl (Dm3MetricRegistriesImpl.java:addReporterRegistration(114)) - New reporters are added after registries were created. Some metrics will be missing from the reporter. Please add reporter before adding any new registry.
2025-10-20 19:49:50,903 [ForkJoinPool-1-worker-1] WARN  dropwizard3.Dm3MetricRegistriesImpl (Dm3MetricRegistriesImpl.java:addReporterRegistration(114)) - New reporters are added after registries were created. Some metrics will be missing from the reporter. Please add reporter before adding any new registry.
2025-10-20 19:49:50,904 [ForkJoinPool-1-worker-1] INFO  server.RaftServerConfigKeys (ConfUtils.java:logGet(62)) - raft.server.log.appender.buffer.byte-limit = 4194304 (custom)
2025-10-20 19:49:50,906 [ForkJoinPool-1-worker-1] INFO  ratis.OzoneManagerRatisServer (OzoneManagerRatisServer.java:<init>(169)) - Instantiating OM Ratis server with groupID: omServiceIdDefault and peers: localhost:15009
2025-10-20 19:49:50,928 [ForkJoinPool-1-worker-1] INFO  audit.AuditLogger (AuditLogger.java:refreshDebugCmdSet(133)) - Refresh DebugCmdSet for OMSystemAudit to [].
2025-10-20 19:49:50,928 [ForkJoinPool-1-worker-1] INFO  ratis.OzoneManagerStateMachine (OzoneManagerStateMachine.java:loadSnapshotInfoFromDB(649)) - TransactionInfo not found in OM DB.
2025-10-20 19:49:50,964 [ForkJoinPool-1-worker-1] INFO  grpc.GrpcConfigKeys (ConfUtils.java:logFallback(69)) - raft.grpc.admin.host = null (fallback to raft.grpc.server.host)
2025-10-20 19:49:50,964 [ForkJoinPool-1-worker-1] INFO  grpc.GrpcConfigKeys (ConfUtils.java:logFallback(69)) - raft.grpc.admin.port = 15009 (fallback to raft.grpc.server.port)
2025-10-20 19:49:50,964 [ForkJoinPool-1-worker-1] INFO  grpc.GrpcConfigKeys (ConfUtils.java:logFallback(69)) - raft.grpc.client.host = null (fallback to raft.grpc.server.host)
2025-10-20 19:49:50,964 [ForkJoinPool-1-worker-1] INFO  grpc.GrpcConfigKeys (ConfUtils.java:logFallback(69)) - raft.grpc.client.port = 15009 (fallback to raft.grpc.server.port)
2025-10-20 19:49:50,964 [ForkJoinPool-1-worker-1] INFO  grpc.GrpcConfigKeys (ConfUtils.java:logGet(62)) - raft.grpc.server.port = 15009 (custom)
2025-10-20 19:49:50,965 [ForkJoinPool-1-worker-1] INFO  server.GrpcServicesImpl (ConfUtils.java:logGet(62)) - raft.grpc.message.size.max = 5242880 (custom)
2025-10-20 19:49:50,965 [ForkJoinPool-1-worker-1] INFO  server.RaftServerConfigKeys (ConfUtils.java:logGet(62)) - raft.server.rpc.request.timeout = 3000ms (default)
2025-10-20 19:49:50,965 [ForkJoinPool-1-worker-1] INFO  server.RaftServerConfigKeys (ConfUtils.java:logGet(62)) - raft.server.log.appender.buffer.byte-limit = 4194304 (custom)
2025-10-20 19:49:50,966 [ForkJoinPool-1-worker-1] INFO  server.RaftServerConfigKeys (ConfUtils.java:logGet(62)) - raft.server.storage.dir = [/home/runner/work/ozone/ozone/hadoop-ozone/integration-test/target/test-dir/MiniOzoneClusterImpl-6935df51-69ff-4c35-8bd4-ed2b81d70e54/om/ratis] (custom)
2025-10-20 19:49:50,967 [ForkJoinPool-1-worker-1] INFO  server.RaftServer (RaftServerProxy.java:addNew(105)) - om1: addNew group-C5BA1605619E:[om1|localhost:15009] returns group-C5BA1605619E:java.util.concurrent.CompletableFuture@6677eefe[Not completed]
2025-10-20 19:49:50,967 [ForkJoinPool-1-worker-1] INFO  om.OzoneManager (OzoneManager.java:initializeRatisServer(2342)) - OzoneManager Ratis server initialized at port 15009
2025-10-20 19:49:50,968 [om1-groupManagement] INFO  server.RaftServer$Division (RaftServerImpl.java:<init>(268)) - om1: new RaftServerImpl for group-C5BA1605619E:[om1|localhost:15009] with OzoneManagerStateMachine:uninitialized
2025-10-20 19:49:50,968 [om1-groupManagement] INFO  server.RaftServerConfigKeys (ConfUtils.java:logGet(62)) - raft.server.rpc.timeout.min = 1s (custom)
2025-10-20 19:49:50,968 [om1-groupManagement] INFO  server.RaftServerConfigKeys (ConfUtils.java:logGet(62)) - raft.server.rpc.timeout.max = 1200ms (custom)
2025-10-20 19:49:50,968 [om1-groupManagement] INFO  server.RaftServer$Division (ServerState.java:<init>(114)) - om1@group-C5BA1605619E: ConfigurationManager, init=conf: {index: -1, cur=peers:[om1|localhost:15009]|listeners:[], old=null}, confs=<EMPTY_MAP>
2025-10-20 19:49:50,968 [om1-groupManagement] INFO  server.RaftServerConfigKeys (ConfUtils.java:logGet(62)) - raft.server.notification.no-leader.timeout = 120s (custom)
2025-10-20 19:49:50,968 [om1-groupManagement] INFO  server.RaftServerConfigKeys (ConfUtils.java:logGet(62)) - raft.server.retrycache.expirytime = 300s (custom)
2025-10-20 19:49:50,971 [ForkJoinPool-1-worker-1] INFO  om.OzoneManager (OzoneManager.java:getRpcServer(1394)) - Creating RPC Server
2025-10-20 19:49:51,724 [ForkJoinPool-1-worker-1] INFO  reflections.Reflections (Reflections.java:scan(219)) - Reflections took 716 ms to scan 25 urls, producing 62 keys and 7992 values
2025-10-20 19:49:51,892 [ForkJoinPool-1-worker-1] INFO  ipc.CallQueueManager (CallQueueManager.java:<init>(93)) - Using callQueue: class java.util.concurrent.LinkedBlockingQueue, queueCapacity: 2000, scheduler: class org.apache.hadoop.ipc.DefaultRpcScheduler, ipcBackoff: false, ipcFailOver: false.
2025-10-20 19:49:51,899 [ForkJoinPool-1-worker-1] INFO  ipc.Server (Server.java:<init>(1438)) - Listener at 127.0.0.1:15006
2025-10-20 19:49:51,900 [Socket Reader #1 for port 15006] INFO  ipc.Server (Server.java:run(1474)) - Starting Socket Reader #1 for port 15006
2025-10-20 19:49:51,900 [Socket Reader #2 for port 15006] INFO  ipc.Server (Server.java:run(1474)) - Starting Socket Reader #2 for port 15006
2025-10-20 19:49:51,900 [Socket Reader #3 for port 15006] INFO  ipc.Server (Server.java:run(1474)) - Starting Socket Reader #3 for port 15006
2025-10-20 19:49:51,901 [Socket Reader #4 for port 15006] INFO  ipc.Server (Server.java:run(1474)) - Starting Socket Reader #4 for port 15006
2025-10-20 19:49:51,901 [Socket Reader #5 for port 15006] INFO  ipc.Server (Server.java:run(1474)) - Starting Socket Reader #5 for port 15006
2025-10-20 19:49:51,901 [Socket Reader #6 for port 15006] INFO  ipc.Server (Server.java:run(1474)) - Starting Socket Reader #6 for port 15006
2025-10-20 19:49:51,901 [Socket Reader #7 for port 15006] INFO  ipc.Server (Server.java:run(1474)) - Starting Socket Reader #7 for port 15006
2025-10-20 19:49:51,901 [Socket Reader #8 for port 15006] INFO  ipc.Server (Server.java:run(1474)) - Starting Socket Reader #8 for port 15006
2025-10-20 19:49:51,901 [Socket Reader #9 for port 15006] INFO  ipc.Server (Server.java:run(1474)) - Starting Socket Reader #9 for port 15006
2025-10-20 19:49:51,902 [Socket Reader #10 for port 15006] INFO  ipc.Server (Server.java:run(1474)) - Starting Socket Reader #10 for port 15006
2025-10-20 19:49:51,975 [ForkJoinPool-1-worker-1] INFO  om.OzoneManager (OzoneManager.java:start(1826)) - OzoneManager RPC server is listening at localhost/127.0.0.1:15006
2025-10-20 19:49:51,976 [ForkJoinPool-1-worker-1] INFO  ratis.OzoneManagerRatisServer (OzoneManagerRatisServer.java:start(673)) - Starting OzoneManagerRatisServer om1 at port 15009
2025-10-20 19:49:51,977 [om1-impl-thread1] INFO  storage.RaftStorageDirectory (RaftStorageDirectoryImpl.java:analyzeStorage(138)) - The storage directory /home/runner/work/ozone/ozone/hadoop-ozone/integration-test/target/test-dir/MiniOzoneClusterImpl-6935df51-69ff-4c35-8bd4-ed2b81d70e54/om/ratis/bf265839-605b-3f16-9796-c5ba1605619e does not exist. Creating ...
2025-10-20 19:49:51,978 [om1-impl-thread1] INFO  storage.RaftStorageDirectory (RaftStorageDirectoryImpl.java:tryLock(229)) - Lock on /home/runner/work/ozone/ozone/hadoop-ozone/integration-test/target/test-dir/MiniOzoneClusterImpl-6935df51-69ff-4c35-8bd4-ed2b81d70e54/om/ratis/bf265839-605b-3f16-9796-c5ba1605619e/in_use.lock acquired by nodename 12924@localhost
2025-10-20 19:49:51,979 [om1-impl-thread1] INFO  storage.RaftStorage (RaftStorageImpl.java:format(98)) - Storage directory /home/runner/work/ozone/ozone/hadoop-ozone/integration-test/target/test-dir/MiniOzoneClusterImpl-6935df51-69ff-4c35-8bd4-ed2b81d70e54/om/ratis/bf265839-605b-3f16-9796-c5ba1605619e has been successfully formatted.
2025-10-20 19:49:51,980 [om1-impl-thread1] INFO  ratis.OzoneManagerStateMachine (OzoneManagerStateMachine.java:lambda$0(147)) - om1: initialize group-C5BA1605619E with <INITIAL_VALUE>
2025-10-20 19:49:51,980 [om1-impl-thread1] INFO  server.RaftServerConfigKeys (ConfUtils.java:logGet(62)) - raft.server.log.appender.buffer.byte-limit = 4194304 (custom)
2025-10-20 19:49:51,982 [om1-impl-thread1] INFO  server.RaftServerConfigKeys (ConfUtils.java:logGet(62)) - raft.server.log.segment.size.max = 67108864 (custom)
2025-10-20 19:49:51,983 [om1-impl-thread1] INFO  server.RaftServerConfigKeys (ConfUtils.java:logGet(62)) - raft.server.log.appender.buffer.byte-limit = 4194304 (custom)
2025-10-20 19:49:51,983 [om1-impl-thread1] INFO  util.AwaitToRun (AwaitToRun.java:start(81)) - Thread[#463,om1@group-C5BA1605619E-cacheEviction-AwaitToRun,5,main] started
2025-10-20 19:49:51,983 [om1-impl-thread1] INFO  segmented.SegmentedRaftLogWorker (SegmentedRaftLogWorker.java:<init>(190)) - new om1@group-C5BA1605619E-SegmentedRaftLogWorker for RaftStorageImpl:Storage Directory /home/runner/work/ozone/ozone/hadoop-ozone/integration-test/target/test-dir/MiniOzoneClusterImpl-6935df51-69ff-4c35-8bd4-ed2b81d70e54/om/ratis/bf265839-605b-3f16-9796-c5ba1605619e
2025-10-20 19:49:51,983 [om1-impl-thread1] INFO  server.RaftServerConfigKeys (ConfUtils.java:logGet(62)) - raft.server.log.segment.size.max = 67108864 (custom)
2025-10-20 19:49:51,983 [om1-impl-thread1] INFO  server.RaftServerConfigKeys (ConfUtils.java:logGet(62)) - raft.server.log.preallocated.size = 4194304 (custom)
2025-10-20 19:49:51,984 [om1-impl-thread1] INFO  server.RaftServerConfigKeys (ConfUtils.java:logGet(62)) - raft.server.log.write.buffer.size = 4194312 (custom)
2025-10-20 19:49:51,985 [om1-impl-thread1] INFO  server.RaftServerConfigKeys (ConfUtils.java:logGet(62)) - raft.server.log.appender.buffer.byte-limit = 4194304 (custom)
2025-10-20 19:49:51,985 [om1-impl-thread1] INFO  segmented.SegmentedRaftLogWorker (SegmentedRaftLogWorker.java:lambda$new$0(141)) - om1@group-C5BA1605619E-SegmentedRaftLogWorker: flushIndex: setUnconditionally 0 -> -1
2025-10-20 19:49:51,985 [om1-impl-thread1] INFO  segmented.SegmentedRaftLogWorker (SegmentedRaftLogWorker.java:lambda$new$0(141)) - om1@group-C5BA1605619E-SegmentedRaftLogWorker: safeCacheEvictIndex: setUnconditionally 0 -> -1
2025-10-20 19:49:51,985 [om1-impl-thread1] INFO  server.RaftServer$Division (RaftServerImpl.java:start(405)) - om1@group-C5BA1605619E: start as a follower, conf=conf: {index: -1, cur=peers:[om1|localhost:15009]|listeners:[], old=null}
2025-10-20 19:49:51,986 [om1-impl-thread1] INFO  server.RaftServer$Division (RaftServerImpl.java:setRole(392)) - om1@group-C5BA1605619E: changes role from      null to FOLLOWER at term 0 for startAsFollower
2025-10-20 19:49:51,986 [om1-impl-thread1] INFO  impl.RoleInfo (RoleInfo.java:updateAndGet(148)) - om1: start om1@group-C5BA1605619E-FollowerState
2025-10-20 19:49:51,986 [om1@group-C5BA1605619E-FollowerState] INFO  server.RaftServerConfigKeys (ConfUtils.java:logFallback(69)) - raft.server.rpc.first-election.timeout.min = 1s (fallback to raft.server.rpc.timeout.min)
2025-10-20 19:49:51,986 [om1-impl-thread1] INFO  util.JmxRegister (JmxRegister.java:tryRegister(44)) - Successfully registered JMX Bean with object name Ratis:service=RaftServer,group=group-C5BA1605619E,id=om1
2025-10-20 19:49:51,986 [om1-impl-thread1] INFO  util.JmxRegister (JmxRegister.java:register(58)) - register mxBean class org.apache.ratis.server.impl.RaftServerJmxAdapter as Ratis:service=RaftServer,group=group-C5BA1605619E,id=om1
2025-10-20 19:49:51,986 [om1@group-C5BA1605619E-FollowerState] INFO  server.RaftServerConfigKeys (ConfUtils.java:logFallback(69)) - raft.server.rpc.first-election.timeout.max = 1200ms (fallback to raft.server.rpc.timeout.max)
2025-10-20 19:49:51,986 [om1-impl-thread1] INFO  server.RaftServerConfigKeys (ConfUtils.java:logGet(62)) - raft.server.snapshot.auto.trigger.threshold = 400000 (default)
2025-10-20 19:49:51,987 [om1-impl-thread1] INFO  server.RaftServerConfigKeys (ConfUtils.java:logGet(62)) - raft.server.log.purge.upto.snapshot.index = true (custom)
2025-10-20 19:49:51,987 [om1-impl-thread1] INFO  server.RaftServer$Division (RaftServerImpl.java:start(419)) - om1@group-C5BA1605619E: Successfully started.
2025-10-20 19:49:51,987 [ForkJoinPool-1-worker-1] INFO  server.RaftServer (RaftServerProxy.java:startImpl(412)) - om1: start RPC server
2025-10-20 19:49:51,988 [ForkJoinPool-1-worker-1] INFO  server.GrpcServicesImpl (GrpcServicesImpl.java:startImpl(346)) - om1: GrpcServicesImpl started, listening on 15009
2025-10-20 19:49:51,988 [JvmPauseMonitor2] INFO  util.JvmPauseMonitor (JvmPauseMonitor.java:run(146)) - JvmPauseMonitor-om1: Started
2025-10-20 19:49:51,989 [ForkJoinPool-1-worker-1] INFO  om.OzoneManager (OzoneManager.java:start(1841)) - Version File has different layout version (8) than OM DB (null). That is expected if this OM has never been finalized to a newer layout version.
2025-10-20 19:49:52,113 [ForkJoinPool-1-worker-1] INFO  client.ScmTopologyClient (ScmTopologyClient.java:start(70)) - Initial network topology fetched from SCM: /.
2025-10-20 19:49:52,114 [ForkJoinPool-1-worker-1] INFO  net.NodeSchemaLoader (NodeSchemaLoader.java:loadSchemaFromFile(128)) - Loading schema from [jar:file:/home/runner/work/ozone/ozone/hadoop-hdds/common/target/hdds-common-2.1.0-SNAPSHOT.jar!/network-topology-default.xml]
2025-10-20 19:49:52,114 [ForkJoinPool-1-worker-1] INFO  net.NodeSchemaLoader (NodeSchemaLoader.java:loadSchema(175)) - Loading network topology layer schema file
2025-10-20 19:49:52,120 [ForkJoinPool-1-worker-1] INFO  utils.BackgroundService (BackgroundService.java:start(119)) - Starting service KeyDeletingService with interval 1000 milliseconds
2025-10-20 19:49:52,123 [ForkJoinPool-1-worker-1] INFO  utils.BackgroundService (BackgroundService.java:start(119)) - Starting service DirectoryDeletingService with interval 1000 milliseconds
2025-10-20 19:49:52,124 [ForkJoinPool-1-worker-1] INFO  utils.BackgroundService (BackgroundService.java:start(119)) - Starting service OpenKeyCleanupService with interval 86400000 milliseconds
2025-10-20 19:49:52,126 [ForkJoinPool-1-worker-1] INFO  utils.BackgroundService (BackgroundService.java:start(119)) - Starting service SstFilteringService with interval 60000 milliseconds
2025-10-20 19:49:52,126 [ForkJoinPool-1-worker-1] INFO  om.KeyManagerImpl (KeyManagerImpl.java:startSnapshotDefragService(426)) - SnapshotDefragService is disabled. Snapshot defragmentation will not run periodically.
2025-10-20 19:49:52,128 [ForkJoinPool-1-worker-1] INFO  utils.BackgroundService (BackgroundService.java:start(119)) - Starting service SnapshotDeletingService with interval 30000 milliseconds
2025-10-20 19:49:52,129 [ForkJoinPool-1-worker-1] INFO  utils.BackgroundService (BackgroundService.java:start(119)) - Starting service MultipartUploadCleanupService with interval 86400000 milliseconds
2025-10-20 19:49:52,130 [ForkJoinPool-1-worker-1] INFO  http.BaseHttpServer (BaseHttpServer.java:newHttpServer2BuilderForOzone(227)) - Starting Web-server for ozoneManager at: http://0.0.0.0:15007
2025-10-20 19:49:52,130 [ForkJoinPool-1-worker-1] INFO  http.BaseHttpServer (BaseHttpServer.java:<init>(105)) - Hadoop Security Enabled: false Ozone Security Enabled: false Ozone HTTP Security Enabled: false 
2025-10-20 19:49:52,132 [ForkJoinPool-1-worker-1] WARN  server.AuthenticationFilter (AuthenticationFilter.java:constructSecretProvider(240)) - Unable to initialize FileSignerSecretProvider, falling back to use random secrets. Reason: Could not read signature secret file: /home/runner/hadoop-http-auth-signature-secret
2025-10-20 19:49:52,135 [ForkJoinPool-1-worker-1] INFO  http.HttpServer2 (HttpServer2.java:addGlobalFilter(1040)) - Added global filter 'safety' (class=org.apache.hadoop.hdds.server.http.HttpServer2$QuotingInputFilter)
2025-10-20 19:49:52,137 [ForkJoinPool-1-worker-1] INFO  http.HttpServer2 (HttpServer2.java:addFilter(1016)) - Added filter static_user_filter (class=org.apache.hadoop.http.lib.StaticUserWebFilter$StaticUserFilter) to context ozoneManager
2025-10-20 19:49:52,137 [ForkJoinPool-1-worker-1] INFO  http.HttpServer2 (HttpServer2.java:addFilter(1024)) - Added filter static_user_filter (class=org.apache.hadoop.http.lib.StaticUserWebFilter$StaticUserFilter) to context logs
2025-10-20 19:49:52,137 [ForkJoinPool-1-worker-1] INFO  http.HttpServer2 (HttpServer2.java:addFilter(1024)) - Added filter static_user_filter (class=org.apache.hadoop.http.lib.StaticUserWebFilter$StaticUserFilter) to context static
2025-10-20 19:49:52,138 [ForkJoinPool-1-worker-1] INFO  http.BaseHttpServer (BaseHttpServer.java:<init>(193)) - HTTP server of ozoneManager uses base directory /home/runner/work/ozone/ozone/hadoop-ozone/integration-test/target/test-dir/MiniOzoneClusterImpl-6935df51-69ff-4c35-8bd4-ed2b81d70e54/scm/ozone-metadata/webserver
2025-10-20 19:49:52,142 [ForkJoinPool-1-worker-1] INFO  http.HttpServer2 (HttpServer2.java:bindListener(1240)) - Jetty bound to port 15007
2025-10-20 19:49:52,142 [ForkJoinPool-1-worker-1] INFO  server.Server (Server.java:doStart(375)) - jetty-9.4.58.v20250814; built: 2025-08-14T02:28:49.637Z; git: 8f1440587e9e4ae7db3d74cf205643f3d707148d; jvm 21.0.8+9-LTS
2025-10-20 19:49:52,144 [ForkJoinPool-1-worker-1] INFO  server.session (DefaultSessionIdManager.java:doStart(334)) - DefaultSessionIdManager workerName=node0
2025-10-20 19:49:52,144 [ForkJoinPool-1-worker-1] INFO  server.session (DefaultSessionIdManager.java:doStart(339)) - No SessionScavenger set, using defaults
2025-10-20 19:49:52,144 [ForkJoinPool-1-worker-1] INFO  server.session (HouseKeeper.java:startScavenging(132)) - node0 Scavenging every 660000ms
2025-10-20 19:49:52,145 [ForkJoinPool-1-worker-1] INFO  handler.ContextHandler (ContextHandler.java:doStart(921)) - Started o.e.j.s.ServletContextHandler@85178b3{logs,/logs,file:///home/runner/work/ozone/ozone/hadoop-ozone/integration-test/target/log,AVAILABLE}
2025-10-20 19:49:52,145 [ForkJoinPool-1-worker-1] INFO  handler.ContextHandler (ContextHandler.java:doStart(921)) - Started o.e.j.s.ServletContextHandler@6d9bcb30{static,/static,file:///home/runner/work/ozone/ozone/hadoop-ozone/integration-test/target/test-classes/webapps/static,AVAILABLE}
2025-10-20 19:49:52,153 [ForkJoinPool-1-worker-1] INFO  handler.ContextHandler (ContextHandler.java:doStart(921)) - Started o.e.j.w.WebAppContext@56737fd8{ozoneManager,/,file:///home/runner/work/ozone/ozone/hadoop-ozone/integration-test/target/test-classes/webapps/ozoneManager/,AVAILABLE}{file:/home/runner/work/ozone/ozone/hadoop-ozone/integration-test/target/test-classes/webapps/ozoneManager}
2025-10-20 19:49:52,154 [ForkJoinPool-1-worker-1] INFO  server.AbstractConnector (AbstractConnector.java:doStart(333)) - Started ServerConnector@4f1c8144{HTTP/1.1, (http/1.1)}{0.0.0.0:15007}
2025-10-20 19:49:52,154 [ForkJoinPool-1-worker-1] INFO  server.Server (Server.java:doStart(415)) - Started @9806ms
2025-10-20 19:49:52,154 [ForkJoinPool-1-worker-1] WARN  impl.MetricsSystemImpl (MetricsSystemImpl.java:register(279)) - Sink prometheus already exists!
2025-10-20 19:49:52,154 [ForkJoinPool-1-worker-1] INFO  http.BaseHttpServer (BaseHttpServer.java:updateConnectorAddress(357)) - HTTP server of ozoneManager listening at http://localhost:15007
2025-10-20 19:49:52,154 [IPC Server Responder] INFO  ipc.Server (Server.java:run(1713)) - IPC Server Responder: starting
2025-10-20 19:49:52,155 [IPC Server listener on 15006] INFO  ipc.Server (Server.java:run(1553)) - IPC Server listener on 15006: starting
2025-10-20 19:49:52,157 [ForkJoinPool-1-worker-1] INFO  om.OzoneManager (OzoneManager.java:startTrashEmptier(2296)) - Trash Interval set to 0. Files deleted won't move to trash
2025-10-20 19:49:52,169 | INFO  | OMSystemAudit | user=null | ip= | op=STARTUP {"NewOmState":"RUNNING","OmState":"INITIALIZED"} | ret=SUCCESS |  
2025-10-20 19:49:52,185 [ForkJoinPool-1-worker-1] INFO  db.CodecBuffer (CodecBuffer.java:set(85)) - Successfully set constructor to LeakDetector::newCodecBuffer: org.apache.hadoop.hdds.utils.db.CodecBuffer$$Lambda/0x00007ff11c896258@403dfdd
2025-10-20 19:49:52,273 [ForkJoinPool-1-worker-1] WARN  dropwizard3.Dm3MetricRegistriesImpl (Dm3MetricRegistriesImpl.java:addReporterRegistration(114)) - New reporters are added after registries were created. Some metrics will be missing from the reporter. Please add reporter before adding any new registry.
2025-10-20 19:49:52,274 [ForkJoinPool-1-worker-1] WARN  dropwizard3.Dm3MetricRegistriesImpl (Dm3MetricRegistriesImpl.java:addReporterRegistration(114)) - New reporters are added after registries were created. Some metrics will be missing from the reporter. Please add reporter before adding any new registry.
2025-10-20 19:49:52,298 [ForkJoinPool-1-worker-1] INFO  protocol.DatanodeDetails (DatanodeDetails.java:validateDatanodeIpAddress(199)) - Updating IP address of datanode e05592a5-d00f-4fc1-9e39-a968c1ecb04e(localhost/null) to 127.0.0.1
2025-10-20 19:49:52,299 [ForkJoinPool-1-worker-1] INFO  ozone.HddsDatanodeService (HddsDatanodeService.java:start(236)) - HddsDatanodeService e05592a5-d00f-4fc1-9e39-a968c1ecb04e(localhost/127.0.0.1)
2025-10-20 19:49:52,303 [ForkJoinPool-1-worker-1] INFO  upgrade.AbstractLayoutVersionManager (AbstractLayoutVersionManager.java:init(80)) - Initializing Layout version manager with metadata layout = WITNESSED_CONTAINER_DB_PROTO_VALUE (version = 9), software layout = WITNESSED_CONTAINER_DB_PROTO_VALUE (version = 9)
2025-10-20 19:49:52,305 [ForkJoinPool-1-worker-1] INFO  statemachine.DatanodeStateMachine (DatanodeStateMachine.java:getEndPointTaskThreadPoolSize(321)) - Datanode State Machine Task Thread Pool size 2
2025-10-20 19:49:52,349 [ForkJoinPool-1-worker-1] INFO  volume.HddsVolume (HddsVolume.java:<init>(162)) - HddsVolume: { id=DS-cdbc37c1-9477-4abb-815d-6ee701a05004 dir=/home/runner/work/ozone/ozone/hadoop-ozone/integration-test/target/test-dir/MiniOzoneClusterImpl-6935df51-69ff-4c35-8bd4-ed2b81d70e54/ozone-metadata/datanode-1/data-0/hdds type=DISK capacity=9222449699674390527 used=0 available=9222449699674390527 minFree=184448985434423296 committed=0 }
2025-10-20 19:49:52,349 [ForkJoinPool-1-worker-1] INFO  volume.MutableVolumeSet (MutableVolumeSet.java:initializeVolumeSet(175)) - Added Volume : /home/runner/work/ozone/ozone/hadoop-ozone/integration-test/target/test-dir/MiniOzoneClusterImpl-6935df51-69ff-4c35-8bd4-ed2b81d70e54/ozone-metadata/datanode-1/data-0/hdds to VolumeSet
2025-10-20 19:49:52,353 [ForkJoinPool-1-worker-1] INFO  volume.MutableVolumeSet (MutableVolumeSet.java:initializeVolumeSet(175)) - Added Volume : /home/runner/work/ozone/ozone/hadoop-ozone/integration-test/target/test-dir/MiniOzoneClusterImpl-6935df51-69ff-4c35-8bd4-ed2b81d70e54/ozone-metadata/datanode-1/ratis to VolumeSet
2025-10-20 19:49:52,357 [ForkJoinPool-1-worker-1] INFO  ozoneimpl.OzoneContainer (HddsVolumeUtil.java:loadAllHddsVolumeDbStore(102)) - Load 1 volumes DbStore cost: 1ms
2025-10-20 19:49:52,363 [ForkJoinPool-1-worker-1] WARN  db.DBStoreBuilder (DBStoreBuilder.java:getDBDirPath(157)) - ozone.scm.datanode.id.dir is not configured. We recommend adding this setting. Falling back to ozone.metadata.dirs instead.
2025-10-20 19:49:52,366 [ForkJoinPool-1-worker-1] WARN  db.DBStoreBuilder (DBStoreBuilder.java:getDBDirPath(157)) - ozone.scm.datanode.id.dir is not configured. We recommend adding this setting. Falling back to ozone.metadata.dirs instead.
2025-10-20 19:49:52,406 [ForkJoinPool-1-worker-1] INFO  impl.FilePerChunkStrategy (FilePerChunkStrategy.java:<init>(79)) - ozone.chunk.read.mapped.buffer.max.count is load with 0
2025-10-20 19:49:52,408 [ForkJoinPool-1-worker-1] INFO  impl.FilePerBlockStrategy (FilePerBlockStrategy.java:<init>(88)) - ozone.chunk.read.mapped.buffer.max.count is load with 0
2025-10-20 19:49:52,439 [ForkJoinPool-1-worker-1] INFO  audit.AuditLogger (AuditLogger.java:refreshDebugCmdSet(133)) - Refresh DebugCmdSet for DNAudit to [].
2025-10-20 19:49:52,455 [ForkJoinPool-1-worker-1] INFO  server.RaftServerConfigKeys (ConfUtils.java:logGet(62)) - raft.server.log.appender.buffer.byte-limit = 33554432 (custom)
2025-10-20 19:49:52,463 [ForkJoinPool-1-worker-1] INFO  grpc.GrpcConfigKeys (ConfUtils.java:logFallback(69)) - raft.grpc.admin.host = null (fallback to raft.grpc.server.host)
2025-10-20 19:49:52,464 [ForkJoinPool-1-worker-1] INFO  grpc.GrpcConfigKeys (ConfUtils.java:logGet(62)) - raft.grpc.admin.port = 15014 (custom)
2025-10-20 19:49:52,464 [ForkJoinPool-1-worker-1] INFO  grpc.GrpcConfigKeys (ConfUtils.java:logFallback(69)) - raft.grpc.client.host = null (fallback to raft.grpc.server.host)
2025-10-20 19:49:52,464 [ForkJoinPool-1-worker-1] INFO  grpc.GrpcConfigKeys (ConfUtils.java:logGet(62)) - raft.grpc.client.port = 15013 (custom)
2025-10-20 19:49:52,464 [ForkJoinPool-1-worker-1] INFO  grpc.GrpcConfigKeys (ConfUtils.java:logGet(62)) - raft.grpc.server.port = 15015 (custom)
2025-10-20 19:49:52,465 [ForkJoinPool-1-worker-1] INFO  server.GrpcServicesImpl (ConfUtils.java:logGet(62)) - raft.grpc.message.size.max = 34603008 (custom)
2025-10-20 19:49:52,465 [ForkJoinPool-1-worker-1] INFO  server.GrpcServicesImpl (ConfUtils.java:logGet(62)) - raft.grpc.flow.control.window = 5MB (=5242880) (custom)
2025-10-20 19:49:52,465 [ForkJoinPool-1-worker-1] INFO  server.RaftServerConfigKeys (ConfUtils.java:logGet(62)) - raft.server.rpc.request.timeout = 60s (custom)
2025-10-20 19:49:52,465 [ForkJoinPool-1-worker-1] INFO  server.RaftServerConfigKeys (ConfUtils.java:logGet(62)) - raft.server.log.appender.buffer.byte-limit = 33554432 (custom)
2025-10-20 19:49:52,467 [ForkJoinPool-1-worker-1] INFO  impl.DataStreamServerImpl (ConfUtils.java:logGet(62)) - raft.datastream.type = NETTY (custom)
2025-10-20 19:49:52,476 [ForkJoinPool-1-worker-1] INFO  server.RaftServerConfigKeys (ConfUtils.java:logGet(62)) - raft.server.data-stream.async.request.thread.pool.cached = false (default)
2025-10-20 19:49:52,476 [ForkJoinPool-1-worker-1] INFO  server.RaftServerConfigKeys (ConfUtils.java:logGet(62)) - raft.server.data-stream.async.request.thread.pool.size = 20 (custom)
2025-10-20 19:49:52,477 [ForkJoinPool-1-worker-1] INFO  server.RaftServerConfigKeys (ConfUtils.java:logGet(62)) - raft.server.data-stream.async.write.thread.pool.size = 16 (default)
2025-10-20 19:49:52,478 [ForkJoinPool-1-worker-1] INFO  netty.NettyConfigKeys$DataStream (ConfUtils.java:logGet(62)) - raft.netty.dataStream.server.channel.inactive.grace-period = 10min (default)
2025-10-20 19:49:52,479 [ForkJoinPool-1-worker-1] INFO  server.RaftServerConfigKeys (ConfUtils.java:logGet(62)) - raft.server.data-stream.client.pool.size = 10 (default)
2025-10-20 19:49:52,480 [ForkJoinPool-1-worker-1] INFO  netty.NettyConfigKeys$DataStream (ConfUtils.java:logGet(62)) - raft.netty.dataStream.server.use-epoll = true (default)
2025-10-20 19:49:52,480 [ForkJoinPool-1-worker-1] INFO  netty.NettyConfigKeys$DataStream (ConfUtils.java:logGet(62)) - raft.netty.dataStream.server.boss-group.size = 0 (default)
2025-10-20 19:49:52,481 [ForkJoinPool-1-worker-1] INFO  netty.NettyUtils (NettyUtils.java:newEventLoopGroup(74)) - Create EpollEventLoopGroup for e05592a5-d00f-4fc1-9e39-a968c1ecb04e-NettyServerStreamRpc-bossGroup; Thread size is 0.
2025-10-20 19:49:52,482 [ForkJoinPool-1-worker-1] INFO  netty.NettyConfigKeys$DataStream (ConfUtils.java:logGet(62)) - raft.netty.dataStream.server.worker-group.size = 0 (default)
2025-10-20 19:49:52,482 [ForkJoinPool-1-worker-1] INFO  netty.NettyUtils (NettyUtils.java:newEventLoopGroup(74)) - Create EpollEventLoopGroup for e05592a5-d00f-4fc1-9e39-a968c1ecb04e-NettyServerStreamRpc-workerGroup; Thread size is 0.
2025-10-20 19:49:52,483 [ForkJoinPool-1-worker-1] INFO  netty.NettyConfigKeys$DataStream (ConfUtils.java:logGet(62)) - raft.netty.dataStream.port = 15016 (custom)
2025-10-20 19:49:52,487 [ForkJoinPool-1-worker-1] INFO  server.RaftServerConfigKeys (ConfUtils.java:logGet(62)) - raft.server.storage.dir = [/home/runner/work/ozone/ozone/hadoop-ozone/integration-test/target/test-dir/MiniOzoneClusterImpl-6935df51-69ff-4c35-8bd4-ed2b81d70e54/ozone-metadata/datanode-1/ratis] (custom)
2025-10-20 19:49:52,488 [e05592a5-d00f-4fc1-9e39-a968c1ecb04e-impl-thread1] INFO  server.RaftServer (RaftServerProxy.java:initGroupDir(270)) - e05592a5-d00f-4fc1-9e39-a968c1ecb04e: found a subdirectory /home/runner/work/ozone/ozone/hadoop-ozone/integration-test/target/test-dir/MiniOzoneClusterImpl-6935df51-69ff-4c35-8bd4-ed2b81d70e54/ozone-metadata/datanode-1/ratis/tmp
2025-10-20 19:49:52,488 [e05592a5-d00f-4fc1-9e39-a968c1ecb04e-impl-thread1] INFO  server.RaftServer (RaftServerProxy.java:initGroupDir(275)) - e05592a5-d00f-4fc1-9e39-a968c1ecb04e: The directory /home/runner/work/ozone/ozone/hadoop-ozone/integration-test/target/test-dir/MiniOzoneClusterImpl-6935df51-69ff-4c35-8bd4-ed2b81d70e54/ozone-metadata/datanode-1/ratis/tmp is not a group directory; ignoring it. 
2025-10-20 19:49:52,491 [ForkJoinPool-1-worker-1] INFO  replication.ReplicationServer (ReplicationServer.java:<init>(84)) - Initializing replication server with thread count = 10 queue length = 4096
2025-10-20 19:49:52,496 [e05592a5-d00f-4fc1-9e39-a968c1ecb04e-NettyServerStreamRpc-bossGroup--thread1] INFO  logging.LoggingHandler (AbstractInternalLogger.java:log(148)) - [id: 0x7eacb082] REGISTERED
2025-10-20 19:49:52,497 [e05592a5-d00f-4fc1-9e39-a968c1ecb04e-NettyServerStreamRpc-bossGroup--thread1] INFO  logging.LoggingHandler (AbstractInternalLogger.java:log(148)) - [id: 0x7eacb082] BIND: 0.0.0.0/0.0.0.0:15016
2025-10-20 19:49:52,497 [e05592a5-d00f-4fc1-9e39-a968c1ecb04e-NettyServerStreamRpc-bossGroup--thread1] INFO  logging.LoggingHandler (AbstractInternalLogger.java:log(148)) - [id: 0x7eacb082, L:/0.0.0.0:15016] ACTIVE
2025-10-20 19:49:52,511 [ForkJoinPool-1-worker-1] INFO  server.XceiverServerGrpc (XceiverServerGrpc.java:<init>(129)) - GrpcServer channel type EpollServerSocketChannel
2025-10-20 19:49:52,533 [ForkJoinPool-1-worker-1] INFO  lib.Interns (Interns.java:removeEldestEntry(50)) - Metrics intern cache overflow at 2011 for MetricsSystem={MetricsSystem=MetricsInfoImpl{name=MetricsSystem, description=MetricsSystem}, MetricsSystem record=MetricsInfoImpl{name=MetricsSystem, description=MetricsSystem record}}
2025-10-20 19:49:52,538 [ForkJoinPool-1-worker-1] INFO  replication.ReplicationSupervisor (ReplicationSupervisor.java:build(169)) - Initializing replication supervisor with thread count = 10
2025-10-20 19:49:52,539 [ForkJoinPool-1-worker-1] INFO  replication.ReplicationSupervisor (ReplicationSupervisor.java:nodeStateUpdated(358)) - Node state updated to IN_SERVICE, scaling executor pool size to 10
2025-10-20 19:49:52,583 [ForkJoinPool-1-worker-1] INFO  http.BaseHttpServer (BaseHttpServer.java:newHttpServer2BuilderForOzone(227)) - Starting Web-server for hddsDatanode at: http://0.0.0.0:15010
2025-10-20 19:49:52,583 [ForkJoinPool-1-worker-1] INFO  http.BaseHttpServer (BaseHttpServer.java:<init>(105)) - Hadoop Security Enabled: false Ozone Security Enabled: false Ozone HTTP Security Enabled: false 
2025-10-20 19:49:52,584 [ForkJoinPool-1-worker-1] WARN  server.AuthenticationFilter (AuthenticationFilter.java:constructSecretProvider(240)) - Unable to initialize FileSignerSecretProvider, falling back to use random secrets. Reason: Could not read signature secret file: /home/runner/hadoop-http-auth-signature-secret
2025-10-20 19:49:52,587 [ForkJoinPool-1-worker-1] INFO  http.HttpServer2 (HttpServer2.java:addGlobalFilter(1040)) - Added global filter 'safety' (class=org.apache.hadoop.hdds.server.http.HttpServer2$QuotingInputFilter)
2025-10-20 19:49:52,589 [ForkJoinPool-1-worker-1] INFO  http.HttpServer2 (HttpServer2.java:addFilter(1016)) - Added filter static_user_filter (class=org.apache.hadoop.http.lib.StaticUserWebFilter$StaticUserFilter) to context hddsDatanode
2025-10-20 19:49:52,589 [ForkJoinPool-1-worker-1] INFO  http.HttpServer2 (HttpServer2.java:addFilter(1024)) - Added filter static_user_filter (class=org.apache.hadoop.http.lib.StaticUserWebFilter$StaticUserFilter) to context static
2025-10-20 19:49:52,589 [ForkJoinPool-1-worker-1] INFO  http.HttpServer2 (HttpServer2.java:addFilter(1024)) - Added filter static_user_filter (class=org.apache.hadoop.http.lib.StaticUserWebFilter$StaticUserFilter) to context logs
2025-10-20 19:49:52,590 [ForkJoinPool-1-worker-1] INFO  http.BaseHttpServer (BaseHttpServer.java:<init>(193)) - HTTP server of hddsDatanode uses base directory /home/runner/work/ozone/ozone/hadoop-ozone/integration-test/target/test-dir/MiniOzoneClusterImpl-6935df51-69ff-4c35-8bd4-ed2b81d70e54/scm/ozone-metadata/webserver
2025-10-20 19:49:52,590 [ForkJoinPool-1-worker-1] INFO  http.HttpServer2 (HttpServer2.java:bindListener(1240)) - Jetty bound to port 15010
2025-10-20 19:49:52,590 [ForkJoinPool-1-worker-1] INFO  server.Server (Server.java:doStart(375)) - jetty-9.4.58.v20250814; built: 2025-08-14T02:28:49.637Z; git: 8f1440587e9e4ae7db3d74cf205643f3d707148d; jvm 21.0.8+9-LTS
2025-10-20 19:49:52,592 [ForkJoinPool-1-worker-1] INFO  server.session (DefaultSessionIdManager.java:doStart(334)) - DefaultSessionIdManager workerName=node0
2025-10-20 19:49:52,592 [ForkJoinPool-1-worker-1] INFO  server.session (DefaultSessionIdManager.java:doStart(339)) - No SessionScavenger set, using defaults
2025-10-20 19:49:52,592 [ForkJoinPool-1-worker-1] INFO  server.session (HouseKeeper.java:startScavenging(132)) - node0 Scavenging every 660000ms
2025-10-20 19:49:52,593 [ForkJoinPool-1-worker-1] INFO  handler.ContextHandler (ContextHandler.java:doStart(921)) - Started o.e.j.s.ServletContextHandler@77b2deee{logs,/logs,file:///home/runner/work/ozone/ozone/hadoop-ozone/integration-test/target/log,AVAILABLE}
2025-10-20 19:49:52,593 [ForkJoinPool-1-worker-1] INFO  handler.ContextHandler (ContextHandler.java:doStart(921)) - Started o.e.j.s.ServletContextHandler@5c0dfbb6{static,/static,jar:file:/home/runner/work/ozone/ozone/hadoop-hdds/container-service/target/hdds-container-service-2.1.0-SNAPSHOT.jar!/webapps/static,AVAILABLE}
2025-10-20 19:49:52,753 [ForkJoinPool-1-worker-1] INFO  handler.ContextHandler (ContextHandler.java:doStart(921)) - Started o.e.j.w.WebAppContext@bd5cd07{hddsDatanode,/,file:///home/runner/work/ozone/ozone/hadoop-ozone/integration-test/target/test-dir/MiniOzoneClusterImpl-6935df51-69ff-4c35-8bd4-ed2b81d70e54/scm/ozone-metadata/webserver/jetty-0_0_0_0-15010-hdds-container-service-2_1_0-SNAPSHOT_jar-_-any-7732253707354090177/webapp/,AVAILABLE}{jar:file:/home/runner/work/ozone/ozone/hadoop-hdds/container-service/target/hdds-container-service-2.1.0-SNAPSHOT.jar!/webapps/hddsDatanode}
2025-10-20 19:49:52,754 [ForkJoinPool-1-worker-1] INFO  server.AbstractConnector (AbstractConnector.java:doStart(333)) - Started ServerConnector@6c77710d{HTTP/1.1, (http/1.1)}{0.0.0.0:15010}
2025-10-20 19:49:52,754 [ForkJoinPool-1-worker-1] INFO  server.Server (Server.java:doStart(415)) - Started @10407ms
2025-10-20 19:49:52,755 [ForkJoinPool-1-worker-1] WARN  impl.MetricsSystemImpl (MetricsSystemImpl.java:register(279)) - Sink prometheus already exists!
2025-10-20 19:49:52,755 [ForkJoinPool-1-worker-1] INFO  http.BaseHttpServer (BaseHttpServer.java:updateConnectorAddress(357)) - HTTP server of hddsDatanode listening at http://localhost:15010
2025-10-20 19:49:52,757 [ForkJoinPool-1-worker-1] INFO  ipc.CallQueueManager (CallQueueManager.java:<init>(93)) - Using callQueue: class java.util.concurrent.LinkedBlockingQueue, queueCapacity: 1000, scheduler: class org.apache.hadoop.ipc.DefaultRpcScheduler, ipcBackoff: false, ipcFailOver: false.
2025-10-20 19:49:52,758 [ForkJoinPool-1-worker-1] INFO  ipc.Server (Server.java:<init>(1438)) - Listener at 0.0.0.0:15011
2025-10-20 19:49:52,758 [Socket Reader #1 for port 15011] INFO  ipc.Server (Server.java:run(1474)) - Starting Socket Reader #1 for port 15011
2025-10-20 19:49:52,759 [Socket Reader #2 for port 15011] INFO  ipc.Server (Server.java:run(1474)) - Starting Socket Reader #2 for port 15011
2025-10-20 19:49:52,759 [Socket Reader #3 for port 15011] INFO  ipc.Server (Server.java:run(1474)) - Starting Socket Reader #3 for port 15011
2025-10-20 19:49:52,760 [Socket Reader #5 for port 15011] INFO  ipc.Server (Server.java:run(1474)) - Starting Socket Reader #5 for port 15011
2025-10-20 19:49:52,760 [Socket Reader #6 for port 15011] INFO  ipc.Server (Server.java:run(1474)) - Starting Socket Reader #6 for port 15011
2025-10-20 19:49:52,760 [Socket Reader #4 for port 15011] INFO  ipc.Server (Server.java:run(1474)) - Starting Socket Reader #4 for port 15011
2025-10-20 19:49:52,761 [Socket Reader #8 for port 15011] INFO  ipc.Server (Server.java:run(1474)) - Starting Socket Reader #8 for port 15011
2025-10-20 19:49:52,760 [Socket Reader #7 for port 15011] INFO  ipc.Server (Server.java:run(1474)) - Starting Socket Reader #7 for port 15011
2025-10-20 19:49:52,761 [Socket Reader #10 for port 15011] INFO  ipc.Server (Server.java:run(1474)) - Starting Socket Reader #10 for port 15011
2025-10-20 19:49:52,761 [Socket Reader #9 for port 15011] INFO  ipc.Server (Server.java:run(1474)) - Starting Socket Reader #9 for port 15011
2025-10-20 19:49:52,763 [ForkJoinPool-1-worker-1] INFO  ozone.HddsDatanodeService (HddsDatanodeService.java:start(333)) - Datanode start with admins: [admin, runner]
2025-10-20 19:49:52,764 [ForkJoinPool-1-worker-1] INFO  ozone.HddsDatanodeClientProtocolServer (HddsDatanodeClientProtocolServer.java:start(76)) - RPC server for Client /0.0.0.0:15011
2025-10-20 19:49:52,764 [IPC Server Responder] INFO  ipc.Server (Server.java:run(1713)) - IPC Server Responder: starting
2025-10-20 19:49:52,764 [IPC Server listener on 15011] INFO  ipc.Server (Server.java:run(1553)) - IPC Server listener on 15011: starting
2025-10-20 19:49:52,767 [ForkJoinPool-1-worker-1] WARN  dropwizard3.Dm3MetricRegistriesImpl (Dm3MetricRegistriesImpl.java:addReporterRegistration(114)) - New reporters are added after registries were created. Some metrics will be missing from the reporter. Please add reporter before adding any new registry.
2025-10-20 19:49:52,767 [ForkJoinPool-1-worker-1] WARN  dropwizard3.Dm3MetricRegistriesImpl (Dm3MetricRegistriesImpl.java:addReporterRegistration(114)) - New reporters are added after registries were created. Some metrics will be missing from the reporter. Please add reporter before adding any new registry.
2025-10-20 19:49:52,773 [e05592a5-d00f-4fc1-9e39-a968c1ecb04e-DatanodeStateMachineDaemonThread] INFO  statemachine.DatanodeStateMachine (DatanodeStateMachine.java:startStateMachineThread(363)) - Ozone container server started.
2025-10-20 19:49:52,790 [ForkJoinPool-1-worker-1] INFO  protocol.DatanodeDetails (DatanodeDetails.java:validateDatanodeIpAddress(199)) - Updating IP address of datanode ef67b0a7-5b27-496d-9f38-ab804a28e500(localhost/null) to 127.0.0.1
2025-10-20 19:49:52,790 [ForkJoinPool-1-worker-1] INFO  ozone.HddsDatanodeService (HddsDatanodeService.java:start(236)) - HddsDatanodeService ef67b0a7-5b27-496d-9f38-ab804a28e500(localhost/127.0.0.1)
2025-10-20 19:49:52,796 [ForkJoinPool-1-worker-1] INFO  upgrade.AbstractLayoutVersionManager (AbstractLayoutVersionManager.java:init(80)) - Initializing Layout version manager with metadata layout = WITNESSED_CONTAINER_DB_PROTO_VALUE (version = 9), software layout = WITNESSED_CONTAINER_DB_PROTO_VALUE (version = 9)
2025-10-20 19:49:52,797 [ForkJoinPool-1-worker-1] INFO  statemachine.DatanodeStateMachine (DatanodeStateMachine.java:getEndPointTaskThreadPoolSize(321)) - Datanode State Machine Task Thread Pool size 2
2025-10-20 19:49:52,805 [ForkJoinPool-1-worker-1] INFO  volume.HddsVolume (HddsVolume.java:<init>(162)) - HddsVolume: { id=DS-01949be3-fdf0-4b71-adb2-32fafa9081d1 dir=/home/runner/work/ozone/ozone/hadoop-ozone/integration-test/target/test-dir/MiniOzoneClusterImpl-6935df51-69ff-4c35-8bd4-ed2b81d70e54/ozone-metadata/datanode-2/data-0/hdds type=DISK capacity=9222449699674390527 used=0 available=9222449699674390527 minFree=184448985434423296 committed=0 }
2025-10-20 19:49:52,805 [ForkJoinPool-1-worker-1] INFO  volume.MutableVolumeSet (MutableVolumeSet.java:initializeVolumeSet(175)) - Added Volume : /home/runner/work/ozone/ozone/hadoop-ozone/integration-test/target/test-dir/MiniOzoneClusterImpl-6935df51-69ff-4c35-8bd4-ed2b81d70e54/ozone-metadata/datanode-2/data-0/hdds to VolumeSet
2025-10-20 19:49:52,807 [ForkJoinPool-1-worker-1] INFO  volume.MutableVolumeSet (MutableVolumeSet.java:initializeVolumeSet(175)) - Added Volume : /home/runner/work/ozone/ozone/hadoop-ozone/integration-test/target/test-dir/MiniOzoneClusterImpl-6935df51-69ff-4c35-8bd4-ed2b81d70e54/ozone-metadata/datanode-2/ratis to VolumeSet
2025-10-20 19:49:52,808 [ForkJoinPool-1-worker-1] INFO  ozoneimpl.OzoneContainer (HddsVolumeUtil.java:loadAllHddsVolumeDbStore(102)) - Load 1 volumes DbStore cost: 0ms
2025-10-20 19:49:52,808 [ForkJoinPool-1-worker-1] WARN  db.DBStoreBuilder (DBStoreBuilder.java:getDBDirPath(157)) - ozone.scm.datanode.id.dir is not configured. We recommend adding this setting. Falling back to ozone.metadata.dirs instead.
2025-10-20 19:49:52,810 [ForkJoinPool-1-worker-1] WARN  db.DBStoreBuilder (DBStoreBuilder.java:getDBDirPath(157)) - ozone.scm.datanode.id.dir is not configured. We recommend adding this setting. Falling back to ozone.metadata.dirs instead.
2025-10-20 19:49:52,826 [ForkJoinPool-1-worker-1] INFO  impl.FilePerChunkStrategy (FilePerChunkStrategy.java:<init>(79)) - ozone.chunk.read.mapped.buffer.max.count is load with 0
2025-10-20 19:49:52,826 [ForkJoinPool-1-worker-1] INFO  impl.FilePerBlockStrategy (FilePerBlockStrategy.java:<init>(88)) - ozone.chunk.read.mapped.buffer.max.count is load with 0
2025-10-20 19:49:52,828 [ForkJoinPool-1-worker-1] INFO  server.RaftServerConfigKeys (ConfUtils.java:logGet(62)) - raft.server.log.appender.buffer.byte-limit = 33554432 (custom)
2025-10-20 19:49:52,832 [ForkJoinPool-1-worker-1] INFO  grpc.GrpcConfigKeys (ConfUtils.java:logFallback(69)) - raft.grpc.admin.host = null (fallback to raft.grpc.server.host)
2025-10-20 19:49:52,832 [ForkJoinPool-1-worker-1] INFO  grpc.GrpcConfigKeys (ConfUtils.java:logGet(62)) - raft.grpc.admin.port = 15022 (custom)
2025-10-20 19:49:52,833 [ForkJoinPool-1-worker-1] INFO  grpc.GrpcConfigKeys (ConfUtils.java:logFallback(69)) - raft.grpc.client.host = null (fallback to raft.grpc.server.host)
2025-10-20 19:49:52,833 [ForkJoinPool-1-worker-1] INFO  grpc.GrpcConfigKeys (ConfUtils.java:logGet(62)) - raft.grpc.client.port = 15021 (custom)
2025-10-20 19:49:52,833 [ForkJoinPool-1-worker-1] INFO  grpc.GrpcConfigKeys (ConfUtils.java:logGet(62)) - raft.grpc.server.port = 15023 (custom)
2025-10-20 19:49:52,833 [ForkJoinPool-1-worker-1] INFO  server.GrpcServicesImpl (ConfUtils.java:logGet(62)) - raft.grpc.message.size.max = 34603008 (custom)
2025-10-20 19:49:52,833 [ForkJoinPool-1-worker-1] INFO  server.GrpcServicesImpl (ConfUtils.java:logGet(62)) - raft.grpc.flow.control.window = 5MB (=5242880) (custom)
2025-10-20 19:49:52,834 [ForkJoinPool-1-worker-1] INFO  server.RaftServerConfigKeys (ConfUtils.java:logGet(62)) - raft.server.log.appender.buffer.byte-limit = 33554432 (custom)
2025-10-20 19:49:52,836 [ForkJoinPool-1-worker-1] INFO  netty.NettyUtils (NettyUtils.java:newEventLoopGroup(74)) - Create EpollEventLoopGroup for ef67b0a7-5b27-496d-9f38-ab804a28e500-NettyServerStreamRpc-bossGroup; Thread size is 0.
2025-10-20 19:49:52,836 [ForkJoinPool-1-worker-1] INFO  netty.NettyUtils (NettyUtils.java:newEventLoopGroup(74)) - Create EpollEventLoopGroup for ef67b0a7-5b27-496d-9f38-ab804a28e500-NettyServerStreamRpc-workerGroup; Thread size is 0.
2025-10-20 19:49:52,838 [ForkJoinPool-1-worker-1] INFO  netty.NettyConfigKeys$DataStream (ConfUtils.java:logGet(62)) - raft.netty.dataStream.port = 15024 (custom)
2025-10-20 19:49:52,839 [ForkJoinPool-1-worker-1] INFO  server.RaftServerConfigKeys (ConfUtils.java:logGet(62)) - raft.server.storage.dir = [/home/runner/work/ozone/ozone/hadoop-ozone/integration-test/target/test-dir/MiniOzoneClusterImpl-6935df51-69ff-4c35-8bd4-ed2b81d70e54/ozone-metadata/datanode-2/ratis] (custom)
2025-10-20 19:49:52,839 [ef67b0a7-5b27-496d-9f38-ab804a28e500-NettyServerStreamRpc-bossGroup--thread1] INFO  logging.LoggingHandler (AbstractInternalLogger.java:log(148)) - [id: 0xdb1bcbfc] REGISTERED
2025-10-20 19:49:52,840 [ef67b0a7-5b27-496d-9f38-ab804a28e500-NettyServerStreamRpc-bossGroup--thread1] INFO  logging.LoggingHandler (AbstractInternalLogger.java:log(148)) - [id: 0xdb1bcbfc] BIND: 0.0.0.0/0.0.0.0:15024
2025-10-20 19:49:52,840 [ef67b0a7-5b27-496d-9f38-ab804a28e500-impl-thread1] INFO  server.RaftServer (RaftServerProxy.java:initGroupDir(270)) - ef67b0a7-5b27-496d-9f38-ab804a28e500: found a subdirectory /home/runner/work/ozone/ozone/hadoop-ozone/integration-test/target/test-dir/MiniOzoneClusterImpl-6935df51-69ff-4c35-8bd4-ed2b81d70e54/ozone-metadata/datanode-2/ratis/tmp
2025-10-20 19:49:52,840 [ef67b0a7-5b27-496d-9f38-ab804a28e500-impl-thread1] INFO  server.RaftServer (RaftServerProxy.java:initGroupDir(275)) - ef67b0a7-5b27-496d-9f38-ab804a28e500: The directory /home/runner/work/ozone/ozone/hadoop-ozone/integration-test/target/test-dir/MiniOzoneClusterImpl-6935df51-69ff-4c35-8bd4-ed2b81d70e54/ozone-metadata/datanode-2/ratis/tmp is not a group directory; ignoring it. 
2025-10-20 19:49:52,841 [ef67b0a7-5b27-496d-9f38-ab804a28e500-NettyServerStreamRpc-bossGroup--thread1] INFO  logging.LoggingHandler (AbstractInternalLogger.java:log(148)) - [id: 0xdb1bcbfc, L:/0.0.0.0:15024] ACTIVE
2025-10-20 19:49:52,841 [ForkJoinPool-1-worker-1] INFO  replication.ReplicationServer (ReplicationServer.java:<init>(84)) - Initializing replication server with thread count = 10 queue length = 4096
2025-10-20 19:49:52,844 [ForkJoinPool-1-worker-1] INFO  server.XceiverServerGrpc (XceiverServerGrpc.java:<init>(129)) - GrpcServer channel type EpollServerSocketChannel
2025-10-20 19:49:52,848 [e05592a5-d00f-4fc1-9e39-a968c1ecb04e-DatanodeStateMachineTaskThread-0] INFO  datanode.InitDatanodeState (InitDatanodeState.java:persistContainerDatanodeDetails(139)) - DatanodeDetails is persisted to /home/runner/work/ozone/ozone/hadoop-ozone/integration-test/target/test-dir/MiniOzoneClusterImpl-6935df51-69ff-4c35-8bd4-ed2b81d70e54/ozone-metadata/datanode-1/ozone-metadata/datanode.id
2025-10-20 19:49:52,848 [ForkJoinPool-1-worker-1] INFO  replication.ReplicationSupervisor (ReplicationSupervisor.java:build(169)) - Initializing replication supervisor with thread count = 10
2025-10-20 19:49:52,848 [ForkJoinPool-1-worker-1] INFO  replication.ReplicationSupervisor (ReplicationSupervisor.java:nodeStateUpdated(358)) - Node state updated to IN_SERVICE, scaling executor pool size to 10
2025-10-20 19:49:52,853 [ForkJoinPool-1-worker-1] INFO  http.BaseHttpServer (BaseHttpServer.java:newHttpServer2BuilderForOzone(227)) - Starting Web-server for hddsDatanode at: http://0.0.0.0:15018
2025-10-20 19:49:52,853 [ForkJoinPool-1-worker-1] INFO  http.BaseHttpServer (BaseHttpServer.java:<init>(105)) - Hadoop Security Enabled: false Ozone Security Enabled: false Ozone HTTP Security Enabled: false 
2025-10-20 19:49:52,854 [ForkJoinPool-1-worker-1] WARN  server.AuthenticationFilter (AuthenticationFilter.java:constructSecretProvider(240)) - Unable to initialize FileSignerSecretProvider, falling back to use random secrets. Reason: Could not read signature secret file: /home/runner/hadoop-http-auth-signature-secret
2025-10-20 19:49:52,858 [ForkJoinPool-1-worker-1] INFO  http.HttpServer2 (HttpServer2.java:addGlobalFilter(1040)) - Added global filter 'safety' (class=org.apache.hadoop.hdds.server.http.HttpServer2$QuotingInputFilter)
2025-10-20 19:49:52,859 [ForkJoinPool-1-worker-1] INFO  http.HttpServer2 (HttpServer2.java:addFilter(1016)) - Added filter static_user_filter (class=org.apache.hadoop.http.lib.StaticUserWebFilter$StaticUserFilter) to context hddsDatanode
2025-10-20 19:49:52,860 [ForkJoinPool-1-worker-1] INFO  http.HttpServer2 (HttpServer2.java:addFilter(1024)) - Added filter static_user_filter (class=org.apache.hadoop.http.lib.StaticUserWebFilter$StaticUserFilter) to context logs
2025-10-20 19:49:52,860 [ForkJoinPool-1-worker-1] INFO  http.HttpServer2 (HttpServer2.java:addFilter(1024)) - Added filter static_user_filter (class=org.apache.hadoop.http.lib.StaticUserWebFilter$StaticUserFilter) to context static
2025-10-20 19:49:52,860 [ForkJoinPool-1-worker-1] INFO  http.BaseHttpServer (BaseHttpServer.java:<init>(193)) - HTTP server of hddsDatanode uses base directory /home/runner/work/ozone/ozone/hadoop-ozone/integration-test/target/test-dir/MiniOzoneClusterImpl-6935df51-69ff-4c35-8bd4-ed2b81d70e54/scm/ozone-metadata/webserver
2025-10-20 19:49:52,861 [ForkJoinPool-1-worker-1] INFO  http.HttpServer2 (HttpServer2.java:bindListener(1240)) - Jetty bound to port 15018
2025-10-20 19:49:52,861 [ForkJoinPool-1-worker-1] INFO  server.Server (Server.java:doStart(375)) - jetty-9.4.58.v20250814; built: 2025-08-14T02:28:49.637Z; git: 8f1440587e9e4ae7db3d74cf205643f3d707148d; jvm 21.0.8+9-LTS
2025-10-20 19:49:52,862 [ForkJoinPool-1-worker-1] INFO  server.session (DefaultSessionIdManager.java:doStart(334)) - DefaultSessionIdManager workerName=node0
2025-10-20 19:49:52,863 [ForkJoinPool-1-worker-1] INFO  server.session (DefaultSessionIdManager.java:doStart(339)) - No SessionScavenger set, using defaults
2025-10-20 19:49:52,863 [ForkJoinPool-1-worker-1] INFO  server.session (HouseKeeper.java:startScavenging(132)) - node0 Scavenging every 600000ms
2025-10-20 19:49:52,864 [ForkJoinPool-1-worker-1] INFO  handler.ContextHandler (ContextHandler.java:doStart(921)) - Started o.e.j.s.ServletContextHandler@45315cc1{logs,/logs,file:///home/runner/work/ozone/ozone/hadoop-ozone/integration-test/target/log,AVAILABLE}
2025-10-20 19:49:52,864 [ForkJoinPool-1-worker-1] INFO  handler.ContextHandler (ContextHandler.java:doStart(921)) - Started o.e.j.s.ServletContextHandler@477f8d68{static,/static,jar:file:/home/runner/work/ozone/ozone/hadoop-hdds/container-service/target/hdds-container-service-2.1.0-SNAPSHOT.jar!/webapps/static,AVAILABLE}
2025-10-20 19:49:53,038 [ForkJoinPool-1-worker-1] INFO  handler.ContextHandler (ContextHandler.java:doStart(921)) - Started o.e.j.w.WebAppContext@15cdb320{hddsDatanode,/,file:///home/runner/work/ozone/ozone/hadoop-ozone/integration-test/target/test-dir/MiniOzoneClusterImpl-6935df51-69ff-4c35-8bd4-ed2b81d70e54/scm/ozone-metadata/webserver/jetty-0_0_0_0-15018-hdds-container-service-2_1_0-SNAPSHOT_jar-_-any-17830772170656093607/webapp/,AVAILABLE}{jar:file:/home/runner/work/ozone/ozone/hadoop-hdds/container-service/target/hdds-container-service-2.1.0-SNAPSHOT.jar!/webapps/hddsDatanode}
2025-10-20 19:49:53,039 [ForkJoinPool-1-worker-1] INFO  server.AbstractConnector (AbstractConnector.java:doStart(333)) - Started ServerConnector@645c4381{HTTP/1.1, (http/1.1)}{0.0.0.0:15018}
2025-10-20 19:49:53,040 [ForkJoinPool-1-worker-1] INFO  server.Server (Server.java:doStart(415)) - Started @10692ms
2025-10-20 19:49:53,040 [ForkJoinPool-1-worker-1] WARN  impl.MetricsSystemImpl (MetricsSystemImpl.java:register(279)) - Sink prometheus already exists!
2025-10-20 19:49:53,040 [ForkJoinPool-1-worker-1] INFO  http.BaseHttpServer (BaseHttpServer.java:updateConnectorAddress(357)) - HTTP server of hddsDatanode listening at http://localhost:15018
2025-10-20 19:49:53,040 [ForkJoinPool-1-worker-1] INFO  ipc.CallQueueManager (CallQueueManager.java:<init>(93)) - Using callQueue: class java.util.concurrent.LinkedBlockingQueue, queueCapacity: 1000, scheduler: class org.apache.hadoop.ipc.DefaultRpcScheduler, ipcBackoff: false, ipcFailOver: false.
2025-10-20 19:49:53,041 [ForkJoinPool-1-worker-1] INFO  ipc.Server (Server.java:<init>(1438)) - Listener at 0.0.0.0:15019
2025-10-20 19:49:53,041 [Socket Reader #1 for port 15019] INFO  ipc.Server (Server.java:run(1474)) - Starting Socket Reader #1 for port 15019
2025-10-20 19:49:53,041 [Socket Reader #2 for port 15019] INFO  ipc.Server (Server.java:run(1474)) - Starting Socket Reader #2 for port 15019
2025-10-20 19:49:53,042 [Socket Reader #3 for port 15019] INFO  ipc.Server (Server.java:run(1474)) - Starting Socket Reader #3 for port 15019
2025-10-20 19:49:53,042 [Socket Reader #4 for port 15019] INFO  ipc.Server (Server.java:run(1474)) - Starting Socket Reader #4 for port 15019
2025-10-20 19:49:53,042 [Socket Reader #5 for port 15019] INFO  ipc.Server (Server.java:run(1474)) - Starting Socket Reader #5 for port 15019
2025-10-20 19:49:53,042 [Socket Reader #6 for port 15019] INFO  ipc.Server (Server.java:run(1474)) - Starting Socket Reader #6 for port 15019
2025-10-20 19:49:53,042 [Socket Reader #7 for port 15019] INFO  ipc.Server (Server.java:run(1474)) - Starting Socket Reader #7 for port 15019
2025-10-20 19:49:53,043 [Socket Reader #8 for port 15019] INFO  ipc.Server (Server.java:run(1474)) - Starting Socket Reader #8 for port 15019
2025-10-20 19:49:53,043 [Socket Reader #9 for port 15019] INFO  ipc.Server (Server.java:run(1474)) - Starting Socket Reader #9 for port 15019
2025-10-20 19:49:53,043 [Socket Reader #10 for port 15019] INFO  ipc.Server (Server.java:run(1474)) - Starting Socket Reader #10 for port 15019
2025-10-20 19:49:53,045 [ForkJoinPool-1-worker-1] INFO  ozone.HddsDatanodeService (HddsDatanodeService.java:start(333)) - Datanode start with admins: [admin, runner]
2025-10-20 19:49:53,045 [ForkJoinPool-1-worker-1] INFO  ozone.HddsDatanodeClientProtocolServer (HddsDatanodeClientProtocolServer.java:start(76)) - RPC server for Client /0.0.0.0:15019
2025-10-20 19:49:53,046 [IPC Server Responder] INFO  ipc.Server (Server.java:run(1713)) - IPC Server Responder: starting
2025-10-20 19:49:53,046 [IPC Server listener on 15019] INFO  ipc.Server (Server.java:run(1553)) - IPC Server listener on 15019: starting
2025-10-20 19:49:53,047 [ForkJoinPool-1-worker-1] WARN  dropwizard3.Dm3MetricRegistriesImpl (Dm3MetricRegistriesImpl.java:addReporterRegistration(114)) - New reporters are added after registries were created. Some metrics will be missing from the reporter. Please add reporter before adding any new registry.
2025-10-20 19:49:53,047 [ForkJoinPool-1-worker-1] WARN  dropwizard3.Dm3MetricRegistriesImpl (Dm3MetricRegistriesImpl.java:addReporterRegistration(114)) - New reporters are added after registries were created. Some metrics will be missing from the reporter. Please add reporter before adding any new registry.
2025-10-20 19:49:53,048 [ef67b0a7-5b27-496d-9f38-ab804a28e500-DatanodeStateMachineDaemonThread] INFO  statemachine.DatanodeStateMachine (DatanodeStateMachine.java:startStateMachineThread(363)) - Ozone container server started.
2025-10-20 19:49:53,052 [ef67b0a7-5b27-496d-9f38-ab804a28e500-DatanodeStateMachineTaskThread-0] INFO  datanode.InitDatanodeState (InitDatanodeState.java:persistContainerDatanodeDetails(139)) - DatanodeDetails is persisted to /home/runner/work/ozone/ozone/hadoop-ozone/integration-test/target/test-dir/MiniOzoneClusterImpl-6935df51-69ff-4c35-8bd4-ed2b81d70e54/ozone-metadata/datanode-2/ozone-metadata/datanode.id
2025-10-20 19:49:53,065 [ForkJoinPool-1-worker-1] INFO  protocol.DatanodeDetails (DatanodeDetails.java:validateDatanodeIpAddress(199)) - Updating IP address of datanode 361055de-215b-4c6c-94c2-be1c1da118d1(localhost/null) to 127.0.0.1
2025-10-20 19:49:53,065 [ForkJoinPool-1-worker-1] INFO  ozone.HddsDatanodeService (HddsDatanodeService.java:start(236)) - HddsDatanodeService 361055de-215b-4c6c-94c2-be1c1da118d1(localhost/127.0.0.1)
2025-10-20 19:49:53,067 [ForkJoinPool-1-worker-1] INFO  upgrade.AbstractLayoutVersionManager (AbstractLayoutVersionManager.java:init(80)) - Initializing Layout version manager with metadata layout = WITNESSED_CONTAINER_DB_PROTO_VALUE (version = 9), software layout = WITNESSED_CONTAINER_DB_PROTO_VALUE (version = 9)
2025-10-20 19:49:53,068 [ForkJoinPool-1-worker-1] INFO  statemachine.DatanodeStateMachine (DatanodeStateMachine.java:getEndPointTaskThreadPoolSize(321)) - Datanode State Machine Task Thread Pool size 2
2025-10-20 19:49:53,072 [ForkJoinPool-1-worker-1] INFO  volume.HddsVolume (HddsVolume.java:<init>(162)) - HddsVolume: { id=DS-ff9274b9-b776-450c-adcd-9ba26a98cabf dir=/home/runner/work/ozone/ozone/hadoop-ozone/integration-test/target/test-dir/MiniOzoneClusterImpl-6935df51-69ff-4c35-8bd4-ed2b81d70e54/ozone-metadata/datanode-3/data-0/hdds type=DISK capacity=9222449699674390527 used=0 available=9222449699674390527 minFree=184448985434423296 committed=0 }
2025-10-20 19:49:53,072 [ForkJoinPool-1-worker-1] INFO  volume.MutableVolumeSet (MutableVolumeSet.java:initializeVolumeSet(175)) - Added Volume : /home/runner/work/ozone/ozone/hadoop-ozone/integration-test/target/test-dir/MiniOzoneClusterImpl-6935df51-69ff-4c35-8bd4-ed2b81d70e54/ozone-metadata/datanode-3/data-0/hdds to VolumeSet
2025-10-20 19:49:53,074 [ForkJoinPool-1-worker-1] INFO  volume.MutableVolumeSet (MutableVolumeSet.java:initializeVolumeSet(175)) - Added Volume : /home/runner/work/ozone/ozone/hadoop-ozone/integration-test/target/test-dir/MiniOzoneClusterImpl-6935df51-69ff-4c35-8bd4-ed2b81d70e54/ozone-metadata/datanode-3/ratis to VolumeSet
2025-10-20 19:49:53,075 [ForkJoinPool-1-worker-1] INFO  ozoneimpl.OzoneContainer (HddsVolumeUtil.java:loadAllHddsVolumeDbStore(102)) - Load 1 volumes DbStore cost: 0ms
2025-10-20 19:49:53,075 [ForkJoinPool-1-worker-1] WARN  db.DBStoreBuilder (DBStoreBuilder.java:getDBDirPath(157)) - ozone.scm.datanode.id.dir is not configured. We recommend adding this setting. Falling back to ozone.metadata.dirs instead.
2025-10-20 19:49:53,076 [ForkJoinPool-1-worker-1] WARN  db.DBStoreBuilder (DBStoreBuilder.java:getDBDirPath(157)) - ozone.scm.datanode.id.dir is not configured. We recommend adding this setting. Falling back to ozone.metadata.dirs instead.
2025-10-20 19:49:53,088 [ForkJoinPool-1-worker-1] INFO  impl.FilePerChunkStrategy (FilePerChunkStrategy.java:<init>(79)) - ozone.chunk.read.mapped.buffer.max.count is load with 0
2025-10-20 19:49:53,088 [ForkJoinPool-1-worker-1] INFO  impl.FilePerBlockStrategy (FilePerBlockStrategy.java:<init>(88)) - ozone.chunk.read.mapped.buffer.max.count is load with 0
2025-10-20 19:49:53,090 [ForkJoinPool-1-worker-1] INFO  server.RaftServerConfigKeys (ConfUtils.java:logGet(62)) - raft.server.log.appender.buffer.byte-limit = 33554432 (custom)
2025-10-20 19:49:53,091 [ForkJoinPool-1-worker-1] INFO  grpc.GrpcConfigKeys (ConfUtils.java:logFallback(69)) - raft.grpc.admin.host = null (fallback to raft.grpc.server.host)
2025-10-20 19:49:53,091 [ForkJoinPool-1-worker-1] INFO  grpc.GrpcConfigKeys (ConfUtils.java:logGet(62)) - raft.grpc.admin.port = 15030 (custom)
2025-10-20 19:49:53,091 [ForkJoinPool-1-worker-1] INFO  grpc.GrpcConfigKeys (ConfUtils.java:logFallback(69)) - raft.grpc.client.host = null (fallback to raft.grpc.server.host)
2025-10-20 19:49:53,091 [ForkJoinPool-1-worker-1] INFO  grpc.GrpcConfigKeys (ConfUtils.java:logGet(62)) - raft.grpc.client.port = 15029 (custom)
2025-10-20 19:49:53,092 [ForkJoinPool-1-worker-1] INFO  grpc.GrpcConfigKeys (ConfUtils.java:logGet(62)) - raft.grpc.server.port = 15031 (custom)
2025-10-20 19:49:53,092 [ForkJoinPool-1-worker-1] INFO  server.GrpcServicesImpl (ConfUtils.java:logGet(62)) - raft.grpc.message.size.max = 34603008 (custom)
2025-10-20 19:49:53,092 [ForkJoinPool-1-worker-1] INFO  server.GrpcServicesImpl (ConfUtils.java:logGet(62)) - raft.grpc.flow.control.window = 5MB (=5242880) (custom)
2025-10-20 19:49:53,092 [ForkJoinPool-1-worker-1] INFO  server.RaftServerConfigKeys (ConfUtils.java:logGet(62)) - raft.server.log.appender.buffer.byte-limit = 33554432 (custom)
2025-10-20 19:49:53,094 [ForkJoinPool-1-worker-1] INFO  netty.NettyUtils (NettyUtils.java:newEventLoopGroup(74)) - Create EpollEventLoopGroup for 361055de-215b-4c6c-94c2-be1c1da118d1-NettyServerStreamRpc-bossGroup; Thread size is 0.
2025-10-20 19:49:53,095 [ForkJoinPool-1-worker-1] INFO  netty.NettyUtils (NettyUtils.java:newEventLoopGroup(74)) - Create EpollEventLoopGroup for 361055de-215b-4c6c-94c2-be1c1da118d1-NettyServerStreamRpc-workerGroup; Thread size is 0.
2025-10-20 19:49:53,095 [ForkJoinPool-1-worker-1] INFO  netty.NettyConfigKeys$DataStream (ConfUtils.java:logGet(62)) - raft.netty.dataStream.port = 15032 (custom)
2025-10-20 19:49:53,096 [ForkJoinPool-1-worker-1] INFO  server.RaftServerConfigKeys (ConfUtils.java:logGet(62)) - raft.server.storage.dir = [/home/runner/work/ozone/ozone/hadoop-ozone/integration-test/target/test-dir/MiniOzoneClusterImpl-6935df51-69ff-4c35-8bd4-ed2b81d70e54/ozone-metadata/datanode-3/ratis] (custom)
2025-10-20 19:49:53,096 [361055de-215b-4c6c-94c2-be1c1da118d1-NettyServerStreamRpc-bossGroup--thread1] INFO  logging.LoggingHandler (AbstractInternalLogger.java:log(148)) - [id: 0x98c66843] REGISTERED
2025-10-20 19:49:53,096 [361055de-215b-4c6c-94c2-be1c1da118d1-impl-thread1] INFO  server.RaftServer (RaftServerProxy.java:initGroupDir(270)) - 361055de-215b-4c6c-94c2-be1c1da118d1: found a subdirectory /home/runner/work/ozone/ozone/hadoop-ozone/integration-test/target/test-dir/MiniOzoneClusterImpl-6935df51-69ff-4c35-8bd4-ed2b81d70e54/ozone-metadata/datanode-3/ratis/tmp
2025-10-20 19:49:53,096 [361055de-215b-4c6c-94c2-be1c1da118d1-NettyServerStreamRpc-bossGroup--thread1] INFO  logging.LoggingHandler (AbstractInternalLogger.java:log(148)) - [id: 0x98c66843] BIND: 0.0.0.0/0.0.0.0:15032
2025-10-20 19:49:53,096 [361055de-215b-4c6c-94c2-be1c1da118d1-impl-thread1] INFO  server.RaftServer (RaftServerProxy.java:initGroupDir(275)) - 361055de-215b-4c6c-94c2-be1c1da118d1: The directory /home/runner/work/ozone/ozone/hadoop-ozone/integration-test/target/test-dir/MiniOzoneClusterImpl-6935df51-69ff-4c35-8bd4-ed2b81d70e54/ozone-metadata/datanode-3/ratis/tmp is not a group directory; ignoring it. 
2025-10-20 19:49:53,097 [361055de-215b-4c6c-94c2-be1c1da118d1-NettyServerStreamRpc-bossGroup--thread1] INFO  logging.LoggingHandler (AbstractInternalLogger.java:log(148)) - [id: 0x98c66843, L:/0.0.0.0:15032] ACTIVE
2025-10-20 19:49:53,097 [ForkJoinPool-1-worker-1] INFO  replication.ReplicationServer (ReplicationServer.java:<init>(84)) - Initializing replication server with thread count = 10 queue length = 4096
2025-10-20 19:49:53,098 [ForkJoinPool-1-worker-1] INFO  server.XceiverServerGrpc (XceiverServerGrpc.java:<init>(129)) - GrpcServer channel type EpollServerSocketChannel
2025-10-20 19:49:53,101 [ForkJoinPool-1-worker-1] INFO  replication.ReplicationSupervisor (ReplicationSupervisor.java:build(169)) - Initializing replication supervisor with thread count = 10
2025-10-20 19:49:53,101 [ForkJoinPool-1-worker-1] INFO  replication.ReplicationSupervisor (ReplicationSupervisor.java:nodeStateUpdated(358)) - Node state updated to IN_SERVICE, scaling executor pool size to 10
2025-10-20 19:49:53,105 [ForkJoinPool-1-worker-1] INFO  http.BaseHttpServer (BaseHttpServer.java:newHttpServer2BuilderForOzone(227)) - Starting Web-server for hddsDatanode at: http://0.0.0.0:15026
2025-10-20 19:49:53,105 [ForkJoinPool-1-worker-1] INFO  http.BaseHttpServer (BaseHttpServer.java:<init>(105)) - Hadoop Security Enabled: false Ozone Security Enabled: false Ozone HTTP Security Enabled: false 
2025-10-20 19:49:53,107 [om1@group-C5BA1605619E-FollowerState] INFO  impl.FollowerState (FollowerState.java:runImpl(161)) - om1@group-C5BA1605619E-FollowerState: change to CANDIDATE, lastRpcElapsedTime:1120791696ns, electionTimeout:1120ms
2025-10-20 19:49:53,107 [om1@group-C5BA1605619E-FollowerState] INFO  impl.RoleInfo (RoleInfo.java:shutdownFollowerState(121)) - om1: shutdown om1@group-C5BA1605619E-FollowerState
2025-10-20 19:49:53,107 [om1@group-C5BA1605619E-FollowerState] INFO  server.RaftServer$Division (RaftServerImpl.java:setRole(392)) - om1@group-C5BA1605619E: changes role from  FOLLOWER to CANDIDATE at term 0 for changeToCandidate
2025-10-20 19:49:53,107 [om1@group-C5BA1605619E-FollowerState] INFO  impl.RoleInfo (RoleInfo.java:updateAndGet(148)) - om1: start om1@group-C5BA1605619E-LeaderElection3
2025-10-20 19:49:53,107 [ForkJoinPool-1-worker-1] WARN  server.AuthenticationFilter (AuthenticationFilter.java:constructSecretProvider(240)) - Unable to initialize FileSignerSecretProvider, falling back to use random secrets. Reason: Could not read signature secret file: /home/runner/hadoop-http-auth-signature-secret
2025-10-20 19:49:53,108 [om1@group-C5BA1605619E-LeaderElection3] INFO  impl.LeaderElection (LeaderElection.java:askForVotes(448)) - om1@group-C5BA1605619E-LeaderElection3 PRE_VOTE round 0: submit vote requests at term 0 for conf: {index: -1, cur=peers:[om1|localhost:15009]|listeners:[], old=null}
2025-10-20 19:49:53,108 [om1@group-C5BA1605619E-LeaderElection3] INFO  impl.LeaderElection (LeaderElection.java:askForVotes(450)) - om1@group-C5BA1605619E-LeaderElection3 PRE_VOTE round 0: result PASSED (term=0)
2025-10-20 19:49:53,109 [om1@group-C5BA1605619E-LeaderElection3] INFO  impl.LeaderElection (LeaderElection.java:askForVotes(448)) - om1@group-C5BA1605619E-LeaderElection3 ELECTION round 0: submit vote requests at term 1 for conf: {index: -1, cur=peers:[om1|localhost:15009]|listeners:[], old=null}
2025-10-20 19:49:53,109 [om1@group-C5BA1605619E-LeaderElection3] INFO  impl.LeaderElection (LeaderElection.java:askForVotes(450)) - om1@group-C5BA1605619E-LeaderElection3 ELECTION round 0: result PASSED (term=1)
2025-10-20 19:49:53,110 [om1@group-C5BA1605619E-LeaderElection3] INFO  impl.RoleInfo (RoleInfo.java:shutdownLeaderElection(141)) - om1: shutdown om1@group-C5BA1605619E-LeaderElection3
2025-10-20 19:49:53,110 [om1@group-C5BA1605619E-LeaderElection3] INFO  server.RaftServer$Division (RaftServerImpl.java:setRole(392)) - om1@group-C5BA1605619E: changes role from CANDIDATE to LEADER at term 1 for changeToLeader
2025-10-20 19:49:53,110 [om1@group-C5BA1605619E-LeaderElection3] INFO  server.RaftServerConfigKeys (ConfUtils.java:logFallback(69)) - raft.server.staging.timeout = 3600ms (fallback to raft.server.rpc.timeout.max)
2025-10-20 19:49:53,112 [ForkJoinPool-1-worker-1] INFO  http.HttpServer2 (HttpServer2.java:addGlobalFilter(1040)) - Added global filter 'safety' (class=org.apache.hadoop.hdds.server.http.HttpServer2$QuotingInputFilter)
2025-10-20 19:49:53,112 [om1@group-C5BA1605619E-LeaderElection3] INFO  impl.RoleInfo (RoleInfo.java:updateAndGet(148)) - om1: start om1@group-C5BA1605619E-LeaderStateImpl
2025-10-20 19:49:53,112 [om1@group-C5BA1605619E-LeaderElection3] INFO  server.RaftServer$Division (RaftServerImpl.java:setFirstElection(576)) - om1@group-C5BA1605619E: set firstElectionSinceStartup to false for becomeLeader
2025-10-20 19:49:53,114 [ForkJoinPool-1-worker-1] INFO  http.HttpServer2 (HttpServer2.java:addFilter(1016)) - Added filter static_user_filter (class=org.apache.hadoop.http.lib.StaticUserWebFilter$StaticUserFilter) to context hddsDatanode
2025-10-20 19:49:53,114 [ForkJoinPool-1-worker-1] INFO  http.HttpServer2 (HttpServer2.java:addFilter(1024)) - Added filter static_user_filter (class=org.apache.hadoop.http.lib.StaticUserWebFilter$StaticUserFilter) to context static
2025-10-20 19:49:53,114 [ForkJoinPool-1-worker-1] INFO  http.HttpServer2 (HttpServer2.java:addFilter(1024)) - Added filter static_user_filter (class=org.apache.hadoop.http.lib.StaticUserWebFilter$StaticUserFilter) to context logs
2025-10-20 19:49:53,115 [ForkJoinPool-1-worker-1] INFO  http.BaseHttpServer (BaseHttpServer.java:<init>(193)) - HTTP server of hddsDatanode uses base directory /home/runner/work/ozone/ozone/hadoop-ozone/integration-test/target/test-dir/MiniOzoneClusterImpl-6935df51-69ff-4c35-8bd4-ed2b81d70e54/scm/ozone-metadata/webserver
2025-10-20 19:49:53,115 [ForkJoinPool-1-worker-1] INFO  http.HttpServer2 (HttpServer2.java:bindListener(1240)) - Jetty bound to port 15026
2025-10-20 19:49:53,115 [ForkJoinPool-1-worker-1] INFO  server.Server (Server.java:doStart(375)) - jetty-9.4.58.v20250814; built: 2025-08-14T02:28:49.637Z; git: 8f1440587e9e4ae7db3d74cf205643f3d707148d; jvm 21.0.8+9-LTS
2025-10-20 19:49:53,116 [Warm Up EDEK Cache Thread #0] INFO  om.OzoneManager (OzoneManager.java:run(771)) - Warming up 0 EDEKs... (initialDelay=3000, retryInterval=1000, maxRetries=10)
2025-10-20 19:49:53,117 [ForkJoinPool-1-worker-1] INFO  server.session (DefaultSessionIdManager.java:doStart(334)) - DefaultSessionIdManager workerName=node0
2025-10-20 19:49:53,117 [ForkJoinPool-1-worker-1] INFO  server.session (DefaultSessionIdManager.java:doStart(339)) - No SessionScavenger set, using defaults
2025-10-20 19:49:53,118 [ForkJoinPool-1-worker-1] INFO  server.session (HouseKeeper.java:startScavenging(132)) - node0 Scavenging every 660000ms
2025-10-20 19:49:53,118 [ForkJoinPool-1-worker-1] INFO  handler.ContextHandler (ContextHandler.java:doStart(921)) - Started o.e.j.s.ServletContextHandler@754e33eb{logs,/logs,file:///home/runner/work/ozone/ozone/hadoop-ozone/integration-test/target/log,AVAILABLE}
2025-10-20 19:49:53,119 [ForkJoinPool-1-worker-1] INFO  handler.ContextHandler (ContextHandler.java:doStart(921)) - Started o.e.j.s.ServletContextHandler@19d917ca{static,/static,jar:file:/home/runner/work/ozone/ozone/hadoop-hdds/container-service/target/hdds-container-service-2.1.0-SNAPSHOT.jar!/webapps/static,AVAILABLE}
2025-10-20 19:49:53,117 | INFO  | OMSystemAudit | user=null | ip= | op=LEADER_CHANGE {"previousLeader":"NONE","newLeader":"om1"} | ret=SUCCESS |  
2025-10-20 19:49:53,121 [om1@group-C5BA1605619E-LeaderElection3] INFO  ratis.OzoneManagerStateMachine (OzoneManagerStateMachine.java:notifyLeaderChanged(195)) - om1@group-C5BA1605619E: leader changed to om1
2025-10-20 19:49:53,121 [om1@group-C5BA1605619E-LeaderElection3] INFO  server.RaftServer$Division (ServerState.java:setLeader(272)) - om1@group-C5BA1605619E: change Leader from null to om1 at term 1 for becomeLeader, leader elected after 2143ms
2025-10-20 19:49:53,121 [om1@group-C5BA1605619E-LeaderElection3] INFO  segmented.SegmentedRaftLogWorker (SegmentedRaftLogWorker.java:startLogSegment(440)) - om1@group-C5BA1605619E-SegmentedRaftLogWorker: Starting segment from index:0
2025-10-20 19:49:53,122 [om1@group-C5BA1605619E-LeaderElection3] INFO  server.RaftServer$Division (ServerState.java:setRaftConf(386)) - om1@group-C5BA1605619E: set configuration conf: {index: 0, cur=peers:[om1|localhost:15009]|listeners:[], old=null}
2025-10-20 19:49:53,123 [om1@group-C5BA1605619E-SegmentedRaftLogWorker] INFO  segmented.BufferedWriteChannel (BufferedWriteChannel.java:open(61)) - open log_inprogress_0 at position 0
2025-10-20 19:49:53,128 [om1@group-C5BA1605619E-SegmentedRaftLogWorker] INFO  segmented.SegmentedRaftLogWorker (SegmentedRaftLogWorker.java:execute(647)) - om1@group-C5BA1605619E-SegmentedRaftLogWorker: created new log segment /home/runner/work/ozone/ozone/hadoop-ozone/integration-test/target/test-dir/MiniOzoneClusterImpl-6935df51-69ff-4c35-8bd4-ed2b81d70e54/om/ratis/bf265839-605b-3f16-9796-c5ba1605619e/current/log_inprogress_0
2025-10-20 19:49:53,131 [om1@group-C5BA1605619E-StateMachineUpdater] INFO  ratis.OzoneManagerStateMachine (OzoneManagerStateMachine.java:notifyConfigurationChanged(264)) - notifyConfigurationChanged from Ratis: term=1, index=0, New Peer list: om1(localhost:15009), New Listener list
2025-10-20 19:49:53,131 [om1@group-C5BA1605619E-StateMachineUpdater] INFO  server.RaftServer$Division (LeaderStateImpl.java:checkStartIndex(309)) - Leader om1@group-C5BA1605619E-LeaderStateImpl is ready since appliedIndex == startIndex == 0
2025-10-20 19:49:53,273 [ForkJoinPool-1-worker-1] INFO  handler.ContextHandler (ContextHandler.java:doStart(921)) - Started o.e.j.w.WebAppContext@732968c{hddsDatanode,/,file:///home/runner/work/ozone/ozone/hadoop-ozone/integration-test/target/test-dir/MiniOzoneClusterImpl-6935df51-69ff-4c35-8bd4-ed2b81d70e54/scm/ozone-metadata/webserver/jetty-0_0_0_0-15026-hdds-container-service-2_1_0-SNAPSHOT_jar-_-any-2631309011336366666/webapp/,AVAILABLE}{jar:file:/home/runner/work/ozone/ozone/hadoop-hdds/container-service/target/hdds-container-service-2.1.0-SNAPSHOT.jar!/webapps/hddsDatanode}
2025-10-20 19:49:53,273 [ForkJoinPool-1-worker-1] INFO  server.AbstractConnector (AbstractConnector.java:doStart(333)) - Started ServerConnector@28161241{HTTP/1.1, (http/1.1)}{0.0.0.0:15026}
2025-10-20 19:49:53,274 [ForkJoinPool-1-worker-1] INFO  server.Server (Server.java:doStart(415)) - Started @10926ms
2025-10-20 19:49:53,274 [ForkJoinPool-1-worker-1] WARN  impl.MetricsSystemImpl (MetricsSystemImpl.java:register(279)) - Sink prometheus already exists!
2025-10-20 19:49:53,274 [ForkJoinPool-1-worker-1] INFO  http.BaseHttpServer (BaseHttpServer.java:updateConnectorAddress(357)) - HTTP server of hddsDatanode listening at http://localhost:15026
2025-10-20 19:49:53,275 [ForkJoinPool-1-worker-1] INFO  ipc.CallQueueManager (CallQueueManager.java:<init>(93)) - Using callQueue: class java.util.concurrent.LinkedBlockingQueue, queueCapacity: 1000, scheduler: class org.apache.hadoop.ipc.DefaultRpcScheduler, ipcBackoff: false, ipcFailOver: false.
2025-10-20 19:49:53,276 [ForkJoinPool-1-worker-1] INFO  ipc.Server (Server.java:<init>(1438)) - Listener at 0.0.0.0:15027
2025-10-20 19:49:53,276 [Socket Reader #1 for port 15027] INFO  ipc.Server (Server.java:run(1474)) - Starting Socket Reader #1 for port 15027
2025-10-20 19:49:53,276 [Socket Reader #2 for port 15027] INFO  ipc.Server (Server.java:run(1474)) - Starting Socket Reader #2 for port 15027
2025-10-20 19:49:53,277 [Socket Reader #3 for port 15027] INFO  ipc.Server (Server.java:run(1474)) - Starting Socket Reader #3 for port 15027
2025-10-20 19:49:53,277 [Socket Reader #4 for port 15027] INFO  ipc.Server (Server.java:run(1474)) - Starting Socket Reader #4 for port 15027
2025-10-20 19:49:53,277 [Socket Reader #5 for port 15027] INFO  ipc.Server (Server.java:run(1474)) - Starting Socket Reader #5 for port 15027
2025-10-20 19:49:53,278 [Socket Reader #6 for port 15027] INFO  ipc.Server (Server.java:run(1474)) - Starting Socket Reader #6 for port 15027
2025-10-20 19:49:53,278 [Socket Reader #7 for port 15027] INFO  ipc.Server (Server.java:run(1474)) - Starting Socket Reader #7 for port 15027
2025-10-20 19:49:53,278 [Socket Reader #8 for port 15027] INFO  ipc.Server (Server.java:run(1474)) - Starting Socket Reader #8 for port 15027
2025-10-20 19:49:53,279 [Socket Reader #9 for port 15027] INFO  ipc.Server (Server.java:run(1474)) - Starting Socket Reader #9 for port 15027
2025-10-20 19:49:53,279 [Socket Reader #10 for port 15027] INFO  ipc.Server (Server.java:run(1474)) - Starting Socket Reader #10 for port 15027
2025-10-20 19:49:53,281 [ForkJoinPool-1-worker-1] INFO  ozone.HddsDatanodeService (HddsDatanodeService.java:start(333)) - Datanode start with admins: [admin, runner]
2025-10-20 19:49:53,281 [ForkJoinPool-1-worker-1] INFO  ozone.HddsDatanodeClientProtocolServer (HddsDatanodeClientProtocolServer.java:start(76)) - RPC server for Client /0.0.0.0:15027
2025-10-20 19:49:53,282 [IPC Server listener on 15027] INFO  ipc.Server (Server.java:run(1553)) - IPC Server listener on 15027: starting
2025-10-20 19:49:53,282 [IPC Server Responder] INFO  ipc.Server (Server.java:run(1713)) - IPC Server Responder: starting
2025-10-20 19:49:53,284 [ForkJoinPool-1-worker-1] WARN  dropwizard3.Dm3MetricRegistriesImpl (Dm3MetricRegistriesImpl.java:addReporterRegistration(114)) - New reporters are added after registries were created. Some metrics will be missing from the reporter. Please add reporter before adding any new registry.
2025-10-20 19:49:53,284 [ForkJoinPool-1-worker-1] WARN  dropwizard3.Dm3MetricRegistriesImpl (Dm3MetricRegistriesImpl.java:addReporterRegistration(114)) - New reporters are added after registries were created. Some metrics will be missing from the reporter. Please add reporter before adding any new registry.
2025-10-20 19:49:53,285 [361055de-215b-4c6c-94c2-be1c1da118d1-DatanodeStateMachineDaemonThread] INFO  statemachine.DatanodeStateMachine (DatanodeStateMachine.java:startStateMachineThread(363)) - Ozone container server started.
2025-10-20 19:49:53,294 [361055de-215b-4c6c-94c2-be1c1da118d1-DatanodeStateMachineTaskThread-0] INFO  datanode.InitDatanodeState (InitDatanodeState.java:persistContainerDatanodeDetails(139)) - DatanodeDetails is persisted to /home/runner/work/ozone/ozone/hadoop-ozone/integration-test/target/test-dir/MiniOzoneClusterImpl-6935df51-69ff-4c35-8bd4-ed2b81d70e54/ozone-metadata/datanode-3/ozone-metadata/datanode.id
2025-10-20 19:49:53,306 [ForkJoinPool-1-worker-1] INFO  protocol.DatanodeDetails (DatanodeDetails.java:validateDatanodeIpAddress(199)) - Updating IP address of datanode c90bff1f-5a1f-42c6-8fca-9533d718c79a(localhost/null) to 127.0.0.1
2025-10-20 19:49:53,306 [ForkJoinPool-1-worker-1] INFO  ozone.HddsDatanodeService (HddsDatanodeService.java:start(236)) - HddsDatanodeService c90bff1f-5a1f-42c6-8fca-9533d718c79a(localhost/127.0.0.1)
2025-10-20 19:49:53,309 [ForkJoinPool-1-worker-1] INFO  upgrade.AbstractLayoutVersionManager (AbstractLayoutVersionManager.java:init(80)) - Initializing Layout version manager with metadata layout = WITNESSED_CONTAINER_DB_PROTO_VALUE (version = 9), software layout = WITNESSED_CONTAINER_DB_PROTO_VALUE (version = 9)
2025-10-20 19:49:53,310 [ForkJoinPool-1-worker-1] INFO  statemachine.DatanodeStateMachine (DatanodeStateMachine.java:getEndPointTaskThreadPoolSize(321)) - Datanode State Machine Task Thread Pool size 2
2025-10-20 19:49:53,314 [ForkJoinPool-1-worker-1] INFO  volume.HddsVolume (HddsVolume.java:<init>(162)) - HddsVolume: { id=DS-7c84630f-7b00-4e50-9773-04dbed633675 dir=/home/runner/work/ozone/ozone/hadoop-ozone/integration-test/target/test-dir/MiniOzoneClusterImpl-6935df51-69ff-4c35-8bd4-ed2b81d70e54/ozone-metadata/datanode-4/data-0/hdds type=DISK capacity=9222449699674390527 used=0 available=9222449699674390527 minFree=184448985434423296 committed=0 }
2025-10-20 19:49:53,314 [ForkJoinPool-1-worker-1] INFO  volume.MutableVolumeSet (MutableVolumeSet.java:initializeVolumeSet(175)) - Added Volume : /home/runner/work/ozone/ozone/hadoop-ozone/integration-test/target/test-dir/MiniOzoneClusterImpl-6935df51-69ff-4c35-8bd4-ed2b81d70e54/ozone-metadata/datanode-4/data-0/hdds to VolumeSet
2025-10-20 19:49:53,315 [ForkJoinPool-1-worker-1] INFO  volume.MutableVolumeSet (MutableVolumeSet.java:initializeVolumeSet(175)) - Added Volume : /home/runner/work/ozone/ozone/hadoop-ozone/integration-test/target/test-dir/MiniOzoneClusterImpl-6935df51-69ff-4c35-8bd4-ed2b81d70e54/ozone-metadata/datanode-4/ratis to VolumeSet
2025-10-20 19:49:53,316 [ForkJoinPool-1-worker-1] INFO  ozoneimpl.OzoneContainer (HddsVolumeUtil.java:loadAllHddsVolumeDbStore(102)) - Load 1 volumes DbStore cost: 0ms
2025-10-20 19:49:53,317 [ForkJoinPool-1-worker-1] WARN  db.DBStoreBuilder (DBStoreBuilder.java:getDBDirPath(157)) - ozone.scm.datanode.id.dir is not configured. We recommend adding this setting. Falling back to ozone.metadata.dirs instead.
2025-10-20 19:49:53,318 [ForkJoinPool-1-worker-1] WARN  db.DBStoreBuilder (DBStoreBuilder.java:getDBDirPath(157)) - ozone.scm.datanode.id.dir is not configured. We recommend adding this setting. Falling back to ozone.metadata.dirs instead.
2025-10-20 19:49:53,324 | INFO  | SCMAudit | user=runner | ip=127.0.0.1 | op=GET_VERSION {} | ret=SUCCESS |  
2025-10-20 19:49:53,336 [ForkJoinPool-1-worker-1] INFO  impl.FilePerChunkStrategy (FilePerChunkStrategy.java:<init>(79)) - ozone.chunk.read.mapped.buffer.max.count is load with 0
2025-10-20 19:49:53,337 [ForkJoinPool-1-worker-1] INFO  impl.FilePerBlockStrategy (FilePerBlockStrategy.java:<init>(88)) - ozone.chunk.read.mapped.buffer.max.count is load with 0
2025-10-20 19:49:53,339 [ForkJoinPool-1-worker-1] INFO  server.RaftServerConfigKeys (ConfUtils.java:logGet(62)) - raft.server.log.appender.buffer.byte-limit = 33554432 (custom)
2025-10-20 19:49:53,341 [ForkJoinPool-1-worker-1] INFO  grpc.GrpcConfigKeys (ConfUtils.java:logFallback(69)) - raft.grpc.admin.host = null (fallback to raft.grpc.server.host)
2025-10-20 19:49:53,342 [ForkJoinPool-1-worker-1] INFO  grpc.GrpcConfigKeys (ConfUtils.java:logGet(62)) - raft.grpc.admin.port = 15038 (custom)
2025-10-20 19:49:53,342 [ForkJoinPool-1-worker-1] INFO  grpc.GrpcConfigKeys (ConfUtils.java:logFallback(69)) - raft.grpc.client.host = null (fallback to raft.grpc.server.host)
2025-10-20 19:49:53,342 [ForkJoinPool-1-worker-1] INFO  grpc.GrpcConfigKeys (ConfUtils.java:logGet(62)) - raft.grpc.client.port = 15037 (custom)
2025-10-20 19:49:53,342 [ForkJoinPool-1-worker-1] INFO  grpc.GrpcConfigKeys (ConfUtils.java:logGet(62)) - raft.grpc.server.port = 15039 (custom)
2025-10-20 19:49:53,343 [ForkJoinPool-1-worker-1] INFO  server.GrpcServicesImpl (ConfUtils.java:logGet(62)) - raft.grpc.message.size.max = 34603008 (custom)
2025-10-20 19:49:53,343 [ForkJoinPool-1-worker-1] INFO  server.GrpcServicesImpl (ConfUtils.java:logGet(62)) - raft.grpc.flow.control.window = 5MB (=5242880) (custom)
2025-10-20 19:49:53,344 [ForkJoinPool-1-worker-1] INFO  server.RaftServerConfigKeys (ConfUtils.java:logGet(62)) - raft.server.log.appender.buffer.byte-limit = 33554432 (custom)
2025-10-20 19:49:53,346 [ForkJoinPool-1-worker-1] INFO  netty.NettyUtils (NettyUtils.java:newEventLoopGroup(74)) - Create EpollEventLoopGroup for c90bff1f-5a1f-42c6-8fca-9533d718c79a-NettyServerStreamRpc-bossGroup; Thread size is 0.
2025-10-20 19:49:53,347 [ForkJoinPool-1-worker-1] INFO  netty.NettyUtils (NettyUtils.java:newEventLoopGroup(74)) - Create EpollEventLoopGroup for c90bff1f-5a1f-42c6-8fca-9533d718c79a-NettyServerStreamRpc-workerGroup; Thread size is 0.
2025-10-20 19:49:53,347 [ForkJoinPool-1-worker-1] INFO  netty.NettyConfigKeys$DataStream (ConfUtils.java:logGet(62)) - raft.netty.dataStream.port = 15040 (custom)
2025-10-20 19:49:53,351 [ForkJoinPool-1-worker-1] INFO  server.RaftServerConfigKeys (ConfUtils.java:logGet(62)) - raft.server.storage.dir = [/home/runner/work/ozone/ozone/hadoop-ozone/integration-test/target/test-dir/MiniOzoneClusterImpl-6935df51-69ff-4c35-8bd4-ed2b81d70e54/ozone-metadata/datanode-4/ratis] (custom)
2025-10-20 19:49:53,352 [c90bff1f-5a1f-42c6-8fca-9533d718c79a-NettyServerStreamRpc-bossGroup--thread1] INFO  logging.LoggingHandler (AbstractInternalLogger.java:log(148)) - [id: 0xa7cf09c8] REGISTERED
2025-10-20 19:49:53,353 [c90bff1f-5a1f-42c6-8fca-9533d718c79a-NettyServerStreamRpc-bossGroup--thread1] INFO  logging.LoggingHandler (AbstractInternalLogger.java:log(148)) - [id: 0xa7cf09c8] BIND: 0.0.0.0/0.0.0.0:15040
2025-10-20 19:49:53,353 [c90bff1f-5a1f-42c6-8fca-9533d718c79a-impl-thread1] INFO  server.RaftServer (RaftServerProxy.java:initGroupDir(270)) - c90bff1f-5a1f-42c6-8fca-9533d718c79a: found a subdirectory /home/runner/work/ozone/ozone/hadoop-ozone/integration-test/target/test-dir/MiniOzoneClusterImpl-6935df51-69ff-4c35-8bd4-ed2b81d70e54/ozone-metadata/datanode-4/ratis/tmp
2025-10-20 19:49:53,353 [c90bff1f-5a1f-42c6-8fca-9533d718c79a-impl-thread1] INFO  server.RaftServer (RaftServerProxy.java:initGroupDir(275)) - c90bff1f-5a1f-42c6-8fca-9533d718c79a: The directory /home/runner/work/ozone/ozone/hadoop-ozone/integration-test/target/test-dir/MiniOzoneClusterImpl-6935df51-69ff-4c35-8bd4-ed2b81d70e54/ozone-metadata/datanode-4/ratis/tmp is not a group directory; ignoring it. 
2025-10-20 19:49:53,354 [c90bff1f-5a1f-42c6-8fca-9533d718c79a-NettyServerStreamRpc-bossGroup--thread1] INFO  logging.LoggingHandler (AbstractInternalLogger.java:log(148)) - [id: 0xa7cf09c8, L:/0.0.0.0:15040] ACTIVE
2025-10-20 19:49:53,354 [ForkJoinPool-1-worker-1] INFO  replication.ReplicationServer (ReplicationServer.java:<init>(84)) - Initializing replication server with thread count = 10 queue length = 4096
2025-10-20 19:49:53,356 [ForkJoinPool-1-worker-1] INFO  server.XceiverServerGrpc (XceiverServerGrpc.java:<init>(129)) - GrpcServer channel type EpollServerSocketChannel
2025-10-20 19:49:53,358 [ForkJoinPool-1-worker-1] INFO  replication.ReplicationSupervisor (ReplicationSupervisor.java:build(169)) - Initializing replication supervisor with thread count = 10
2025-10-20 19:49:53,358 [ForkJoinPool-1-worker-1] INFO  replication.ReplicationSupervisor (ReplicationSupervisor.java:nodeStateUpdated(358)) - Node state updated to IN_SERVICE, scaling executor pool size to 10
2025-10-20 19:49:53,362 [ForkJoinPool-1-worker-1] INFO  http.BaseHttpServer (BaseHttpServer.java:newHttpServer2BuilderForOzone(227)) - Starting Web-server for hddsDatanode at: http://0.0.0.0:15034
2025-10-20 19:49:53,362 [ForkJoinPool-1-worker-1] INFO  http.BaseHttpServer (BaseHttpServer.java:<init>(105)) - Hadoop Security Enabled: false Ozone Security Enabled: false Ozone HTTP Security Enabled: false 
2025-10-20 19:49:53,364 [ForkJoinPool-1-worker-1] WARN  server.AuthenticationFilter (AuthenticationFilter.java:constructSecretProvider(240)) - Unable to initialize FileSignerSecretProvider, falling back to use random secrets. Reason: Could not read signature secret file: /home/runner/hadoop-http-auth-signature-secret
2025-10-20 19:49:53,367 [ForkJoinPool-1-worker-1] INFO  http.HttpServer2 (HttpServer2.java:addGlobalFilter(1040)) - Added global filter 'safety' (class=org.apache.hadoop.hdds.server.http.HttpServer2$QuotingInputFilter)
2025-10-20 19:49:53,369 [ForkJoinPool-1-worker-1] INFO  http.HttpServer2 (HttpServer2.java:addFilter(1016)) - Added filter static_user_filter (class=org.apache.hadoop.http.lib.StaticUserWebFilter$StaticUserFilter) to context hddsDatanode
2025-10-20 19:49:53,369 [ForkJoinPool-1-worker-1] INFO  http.HttpServer2 (HttpServer2.java:addFilter(1024)) - Added filter static_user_filter (class=org.apache.hadoop.http.lib.StaticUserWebFilter$StaticUserFilter) to context static
2025-10-20 19:49:53,369 [ForkJoinPool-1-worker-1] INFO  http.HttpServer2 (HttpServer2.java:addFilter(1024)) - Added filter static_user_filter (class=org.apache.hadoop.http.lib.StaticUserWebFilter$StaticUserFilter) to context logs
2025-10-20 19:49:53,370 [ForkJoinPool-1-worker-1] INFO  http.BaseHttpServer (BaseHttpServer.java:<init>(193)) - HTTP server of hddsDatanode uses base directory /home/runner/work/ozone/ozone/hadoop-ozone/integration-test/target/test-dir/MiniOzoneClusterImpl-6935df51-69ff-4c35-8bd4-ed2b81d70e54/scm/ozone-metadata/webserver
2025-10-20 19:49:53,370 [ForkJoinPool-1-worker-1] INFO  http.HttpServer2 (HttpServer2.java:bindListener(1240)) - Jetty bound to port 15034
2025-10-20 19:49:53,370 [ForkJoinPool-1-worker-1] INFO  server.Server (Server.java:doStart(375)) - jetty-9.4.58.v20250814; built: 2025-08-14T02:28:49.637Z; git: 8f1440587e9e4ae7db3d74cf205643f3d707148d; jvm 21.0.8+9-LTS
2025-10-20 19:49:53,373 [ForkJoinPool-1-worker-1] INFO  server.session (DefaultSessionIdManager.java:doStart(334)) - DefaultSessionIdManager workerName=node0
2025-10-20 19:49:53,373 [ForkJoinPool-1-worker-1] INFO  server.session (DefaultSessionIdManager.java:doStart(339)) - No SessionScavenger set, using defaults
2025-10-20 19:49:53,373 [ForkJoinPool-1-worker-1] INFO  server.session (HouseKeeper.java:startScavenging(132)) - node0 Scavenging every 600000ms
2025-10-20 19:49:53,374 [ForkJoinPool-1-worker-1] INFO  handler.ContextHandler (ContextHandler.java:doStart(921)) - Started o.e.j.s.ServletContextHandler@6a8d355c{logs,/logs,file:///home/runner/work/ozone/ozone/hadoop-ozone/integration-test/target/log,AVAILABLE}
2025-10-20 19:49:53,375 [ForkJoinPool-1-worker-1] INFO  handler.ContextHandler (ContextHandler.java:doStart(921)) - Started o.e.j.s.ServletContextHandler@163f535f{static,/static,jar:file:/home/runner/work/ozone/ozone/hadoop-hdds/container-service/target/hdds-container-service-2.1.0-SNAPSHOT.jar!/webapps/static,AVAILABLE}
2025-10-20 19:49:53,399 [e05592a5-d00f-4fc1-9e39-a968c1ecb04e-EndpointStateMachineTaskThread-/0.0.0.0:15002-0 ] INFO  utils.DatanodeStoreCache (DatanodeStoreCache.java:addDB(70)) - Added db /home/runner/work/ozone/ozone/hadoop-ozone/integration-test/target/test-dir/MiniOzoneClusterImpl-6935df51-69ff-4c35-8bd4-ed2b81d70e54/ozone-metadata/datanode-1/data-0/hdds/6935df51-69ff-4c35-8bd4-ed2b81d70e54/DS-4880432a-e34d-42cc-94c9-1e7003f27c25/container.db to cache
2025-10-20 19:49:53,400 [e05592a5-d00f-4fc1-9e39-a968c1ecb04e-EndpointStateMachineTaskThread-/0.0.0.0:15002-0 ] INFO  volume.HddsVolume (HddsVolume.java:createDbStore(576)) - SchemaV3 db is created and loaded at /home/runner/work/ozone/ozone/hadoop-ozone/integration-test/target/test-dir/MiniOzoneClusterImpl-6935df51-69ff-4c35-8bd4-ed2b81d70e54/ozone-metadata/datanode-1/data-0/hdds/6935df51-69ff-4c35-8bd4-ed2b81d70e54/DS-4880432a-e34d-42cc-94c9-1e7003f27c25/container.db for volume DS-4880432a-e34d-42cc-94c9-1e7003f27c25
2025-10-20 19:49:53,411 [e05592a5-d00f-4fc1-9e39-a968c1ecb04e-ContainerReader-0] INFO  ozoneimpl.ContainerReader (ContainerReader.java:readVolume(147)) - Start to verify containers on volume /home/runner/work/ozone/ozone/hadoop-ozone/integration-test/target/test-dir/MiniOzoneClusterImpl-6935df51-69ff-4c35-8bd4-ed2b81d70e54/ozone-metadata/datanode-1/data-0/hdds
2025-10-20 19:49:53,411 [e05592a5-d00f-4fc1-9e39-a968c1ecb04e-ContainerReader-0] INFO  ozoneimpl.ContainerReader (ContainerReader.java:readVolume(177)) - Finish verifying containers on volume /home/runner/work/ozone/ozone/hadoop-ozone/integration-test/target/test-dir/MiniOzoneClusterImpl-6935df51-69ff-4c35-8bd4-ed2b81d70e54/ozone-metadata/datanode-1/data-0/hdds
2025-10-20 19:49:53,413 [e05592a5-d00f-4fc1-9e39-a968c1ecb04e-EndpointStateMachineTaskThread-/0.0.0.0:15002-0 ] INFO  ozoneimpl.OzoneContainer (OzoneContainer.java:buildContainerSet(359)) - Build ContainerSet costs 0s
2025-10-20 19:49:53,415 [e05592a5-d00f-4fc1-9e39-a968c1ecb04e-EndpointStateMachineTaskThread-/0.0.0.0:15002-0 ] INFO  volume.ThrottledAsyncChecker (ThrottledAsyncChecker.java:schedule(138)) - Scheduling a check for /home/runner/work/ozone/ozone/hadoop-ozone/integration-test/target/test-dir/MiniOzoneClusterImpl-6935df51-69ff-4c35-8bd4-ed2b81d70e54/ozone-metadata/datanode-1/data-0/hdds
2025-10-20 19:49:53,422 [e05592a5-d00f-4fc1-9e39-a968c1ecb04e-EndpointStateMachineTaskThread-/0.0.0.0:15002-0 ] INFO  volume.StorageVolumeChecker (StorageVolumeChecker.java:checkAllVolumes(231)) - Scheduled health check for volume /home/runner/work/ozone/ozone/hadoop-ozone/integration-test/target/test-dir/MiniOzoneClusterImpl-6935df51-69ff-4c35-8bd4-ed2b81d70e54/ozone-metadata/datanode-1/data-0/hdds
2025-10-20 19:49:53,430 [e05592a5-d00f-4fc1-9e39-a968c1ecb04e-EndpointStateMachineTaskThread-/0.0.0.0:15002-0 ] INFO  volume.ThrottledAsyncChecker (ThrottledAsyncChecker.java:schedule(138)) - Scheduling a check for /home/runner/work/ozone/ozone/hadoop-ozone/integration-test/target/test-dir/MiniOzoneClusterImpl-6935df51-69ff-4c35-8bd4-ed2b81d70e54/ozone-metadata/datanode-1/ratis
2025-10-20 19:49:53,430 [e05592a5-d00f-4fc1-9e39-a968c1ecb04e-EndpointStateMachineTaskThread-/0.0.0.0:15002-0 ] INFO  volume.StorageVolumeChecker (StorageVolumeChecker.java:checkAllVolumes(231)) - Scheduled health check for volume /home/runner/work/ozone/ozone/hadoop-ozone/integration-test/target/test-dir/MiniOzoneClusterImpl-6935df51-69ff-4c35-8bd4-ed2b81d70e54/ozone-metadata/datanode-1/ratis
2025-10-20 19:49:53,431 [e05592a5-d00f-4fc1-9e39-a968c1ecb04e-EndpointStateMachineTaskThread-/0.0.0.0:15002-0 ] INFO  ozoneimpl.OzoneContainer (OzoneContainer.java:start(544)) - Attempting to start container services.
2025-10-20 19:49:53,444 [ContainerMetadataScanner] INFO  ozoneimpl.AbstractBackgroundContainerScanner (AbstractBackgroundContainerScanner.java:runIteration(89)) - Completed an iteration in 0 minutes. Number of iterations (since the data-node restart) : 1, Number of containers scanned in this iteration : 0, Number of unhealthy containers found in this iteration : 0
2025-10-20 19:49:53,448 [ContainerDataScanner(/home/runner/work/ozone/ozone/hadoop-ozone/integration-test/target/test-dir/MiniOzoneClusterImpl-6935df51-69ff-4c35-8bd4-ed2b81d70e54/ozone-metadata/datanode-1/data-0/hdds)] INFO  ozoneimpl.AbstractBackgroundContainerScanner (AbstractBackgroundContainerScanner.java:runIteration(89)) - Completed an iteration in 0 minutes. Number of iterations (since the data-node restart) : 1, Number of containers scanned in this iteration : 0, Number of unhealthy containers found in this iteration : 0
2025-10-20 19:49:53,449 [e05592a5-d00f-4fc1-9e39-a968c1ecb04e-EndpointStateMachineTaskThread-/0.0.0.0:15002-0 ] INFO  replication.ReplicationServer (ReplicationServer.java:start(137)) - ReplicationServer is started using port 15017
2025-10-20 19:49:53,451 [e05592a5-d00f-4fc1-9e39-a968c1ecb04e-EndpointStateMachineTaskThread-/0.0.0.0:15002-0 ] INFO  ratis.XceiverServerRatis (XceiverServerRatis.java:start(559)) - Starting XceiverServerRatis(e05592a5-d00f-4fc1-9e39-a968c1ecb04e)
2025-10-20 19:49:53,452 [e05592a5-d00f-4fc1-9e39-a968c1ecb04e-EndpointStateMachineTaskThread-/0.0.0.0:15002-0 ] INFO  server.RaftServer (RaftServerProxy.java:startImpl(412)) - e05592a5-d00f-4fc1-9e39-a968c1ecb04e: start RPC server
2025-10-20 19:49:53,453 [e05592a5-d00f-4fc1-9e39-a968c1ecb04e-EndpointStateMachineTaskThread-/0.0.0.0:15002-0 ] INFO  server.GrpcServicesImpl (GrpcServicesImpl.java:startImpl(346)) - e05592a5-d00f-4fc1-9e39-a968c1ecb04e: GrpcServicesImpl started, listening on 15013
2025-10-20 19:49:53,453 [e05592a5-d00f-4fc1-9e39-a968c1ecb04e-EndpointStateMachineTaskThread-/0.0.0.0:15002-0 ] INFO  server.GrpcServicesImpl (GrpcServicesImpl.java:startImpl(346)) - e05592a5-d00f-4fc1-9e39-a968c1ecb04e: GrpcServicesImpl started, listening on 15015
2025-10-20 19:49:53,454 [e05592a5-d00f-4fc1-9e39-a968c1ecb04e-EndpointStateMachineTaskThread-/0.0.0.0:15002-0 ] INFO  server.GrpcServicesImpl (GrpcServicesImpl.java:startImpl(346)) - e05592a5-d00f-4fc1-9e39-a968c1ecb04e: GrpcServicesImpl started, listening on 15014
2025-10-20 19:49:53,455 [e05592a5-d00f-4fc1-9e39-a968c1ecb04e-EndpointStateMachineTaskThread-/0.0.0.0:15002-0 ] INFO  ratis.XceiverServerRatis (XceiverServerRatis.java:getRealPort(586)) - XceiverServerRatis(e05592a5-d00f-4fc1-9e39-a968c1ecb04e) is started using port RATIS=15013
2025-10-20 19:49:53,455 [e05592a5-d00f-4fc1-9e39-a968c1ecb04e-EndpointStateMachineTaskThread-/0.0.0.0:15002-0 ] INFO  ratis.XceiverServerRatis (XceiverServerRatis.java:getRealPort(586)) - XceiverServerRatis(e05592a5-d00f-4fc1-9e39-a968c1ecb04e) is started using port RATIS_ADMIN=15014
2025-10-20 19:49:53,455 [e05592a5-d00f-4fc1-9e39-a968c1ecb04e-EndpointStateMachineTaskThread-/0.0.0.0:15002-0 ] INFO  ratis.XceiverServerRatis (XceiverServerRatis.java:getRealPort(586)) - XceiverServerRatis(e05592a5-d00f-4fc1-9e39-a968c1ecb04e) is started using port RATIS_SERVER=15015
2025-10-20 19:49:53,455 [e05592a5-d00f-4fc1-9e39-a968c1ecb04e-EndpointStateMachineTaskThread-/0.0.0.0:15002-0 ] INFO  ratis.XceiverServerRatis (XceiverServerRatis.java:getRealPort(586)) - XceiverServerRatis(e05592a5-d00f-4fc1-9e39-a968c1ecb04e) is started using port RATIS_DATASTREAM=15016
2025-10-20 19:49:53,455 [JvmPauseMonitor3] INFO  util.JvmPauseMonitor (JvmPauseMonitor.java:run(146)) - JvmPauseMonitor-e05592a5-d00f-4fc1-9e39-a968c1ecb04e: Started
2025-10-20 19:49:53,457 [e05592a5-d00f-4fc1-9e39-a968c1ecb04e-EndpointStateMachineTaskThread-/0.0.0.0:15002-0 ] INFO  utils.BackgroundService (BackgroundService.java:start(119)) - Starting service BlockDeletingService with interval 60000 milliseconds
2025-10-20 19:49:53,458 [e05592a5-d00f-4fc1-9e39-a968c1ecb04e-EndpointStateMachineTaskThread-/0.0.0.0:15002-0 ] INFO  utils.BackgroundService (BackgroundService.java:start(119)) - Starting service StaleRecoveringContainerScrubbingService with interval 60000 milliseconds
2025-10-20 19:49:53,546 [ForkJoinPool-1-worker-1] INFO  handler.ContextHandler (ContextHandler.java:doStart(921)) - Started o.e.j.w.WebAppContext@2bc6788b{hddsDatanode,/,file:///home/runner/work/ozone/ozone/hadoop-ozone/integration-test/target/test-dir/MiniOzoneClusterImpl-6935df51-69ff-4c35-8bd4-ed2b81d70e54/scm/ozone-metadata/webserver/jetty-0_0_0_0-15034-hdds-container-service-2_1_0-SNAPSHOT_jar-_-any-16256663528349760534/webapp/,AVAILABLE}{jar:file:/home/runner/work/ozone/ozone/hadoop-hdds/container-service/target/hdds-container-service-2.1.0-SNAPSHOT.jar!/webapps/hddsDatanode}
2025-10-20 19:49:53,547 [ForkJoinPool-1-worker-1] INFO  server.AbstractConnector (AbstractConnector.java:doStart(333)) - Started ServerConnector@1e960b5c{HTTP/1.1, (http/1.1)}{0.0.0.0:15034}
2025-10-20 19:49:53,547 [ForkJoinPool-1-worker-1] INFO  server.Server (Server.java:doStart(415)) - Started @11199ms
2025-10-20 19:49:53,547 [ForkJoinPool-1-worker-1] WARN  impl.MetricsSystemImpl (MetricsSystemImpl.java:register(279)) - Sink prometheus already exists!
2025-10-20 19:49:53,547 [ForkJoinPool-1-worker-1] INFO  http.BaseHttpServer (BaseHttpServer.java:updateConnectorAddress(357)) - HTTP server of hddsDatanode listening at http://localhost:15034
2025-10-20 19:49:53,548 [ForkJoinPool-1-worker-1] INFO  ipc.CallQueueManager (CallQueueManager.java:<init>(93)) - Using callQueue: class java.util.concurrent.LinkedBlockingQueue, queueCapacity: 1000, scheduler: class org.apache.hadoop.ipc.DefaultRpcScheduler, ipcBackoff: false, ipcFailOver: false.
2025-10-20 19:49:53,548 [ForkJoinPool-1-worker-1] INFO  ipc.Server (Server.java:<init>(1438)) - Listener at 0.0.0.0:15035
2025-10-20 19:49:53,548 [Socket Reader #1 for port 15035] INFO  ipc.Server (Server.java:run(1474)) - Starting Socket Reader #1 for port 15035
2025-10-20 19:49:53,549 [Socket Reader #2 for port 15035] INFO  ipc.Server (Server.java:run(1474)) - Starting Socket Reader #2 for port 15035
2025-10-20 19:49:53,549 [Socket Reader #3 for port 15035] INFO  ipc.Server (Server.java:run(1474)) - Starting Socket Reader #3 for port 15035
2025-10-20 19:49:53,549 [Socket Reader #4 for port 15035] INFO  ipc.Server (Server.java:run(1474)) - Starting Socket Reader #4 for port 15035
2025-10-20 19:49:53,549 [Socket Reader #5 for port 15035] INFO  ipc.Server (Server.java:run(1474)) - Starting Socket Reader #5 for port 15035
2025-10-20 19:49:53,549 [Socket Reader #6 for port 15035] INFO  ipc.Server (Server.java:run(1474)) - Starting Socket Reader #6 for port 15035
2025-10-20 19:49:53,550 [Socket Reader #7 for port 15035] INFO  ipc.Server (Server.java:run(1474)) - Starting Socket Reader #7 for port 15035
2025-10-20 19:49:53,550 [Socket Reader #8 for port 15035] INFO  ipc.Server (Server.java:run(1474)) - Starting Socket Reader #8 for port 15035
2025-10-20 19:49:53,550 [Socket Reader #9 for port 15035] INFO  ipc.Server (Server.java:run(1474)) - Starting Socket Reader #9 for port 15035
2025-10-20 19:49:53,550 [Socket Reader #10 for port 15035] INFO  ipc.Server (Server.java:run(1474)) - Starting Socket Reader #10 for port 15035
2025-10-20 19:49:53,551 | INFO  | SCMAudit | user=runner | ip=127.0.0.1 | op=GET_VERSION {} | ret=SUCCESS |  
2025-10-20 19:49:53,552 [ForkJoinPool-1-worker-1] INFO  ozone.HddsDatanodeService (HddsDatanodeService.java:start(333)) - Datanode start with admins: [admin, runner]
2025-10-20 19:49:53,552 [ForkJoinPool-1-worker-1] INFO  ozone.HddsDatanodeClientProtocolServer (HddsDatanodeClientProtocolServer.java:start(76)) - RPC server for Client /0.0.0.0:15035
2025-10-20 19:49:53,553 [IPC Server Responder] INFO  ipc.Server (Server.java:run(1713)) - IPC Server Responder: starting
2025-10-20 19:49:53,553 [IPC Server listener on 15035] INFO  ipc.Server (Server.java:run(1553)) - IPC Server listener on 15035: starting
2025-10-20 19:49:53,555 [ForkJoinPool-1-worker-1] WARN  dropwizard3.Dm3MetricRegistriesImpl (Dm3MetricRegistriesImpl.java:addReporterRegistration(114)) - New reporters are added after registries were created. Some metrics will be missing from the reporter. Please add reporter before adding any new registry.
2025-10-20 19:49:53,555 [ForkJoinPool-1-worker-1] WARN  dropwizard3.Dm3MetricRegistriesImpl (Dm3MetricRegistriesImpl.java:addReporterRegistration(114)) - New reporters are added after registries were created. Some metrics will be missing from the reporter. Please add reporter before adding any new registry.
2025-10-20 19:49:53,561 [c90bff1f-5a1f-42c6-8fca-9533d718c79a-DatanodeStateMachineDaemonThread] INFO  statemachine.DatanodeStateMachine (DatanodeStateMachine.java:startStateMachineThread(363)) - Ozone container server started.
2025-10-20 19:49:53,566 [c90bff1f-5a1f-42c6-8fca-9533d718c79a-DatanodeStateMachineTaskThread-0] INFO  datanode.InitDatanodeState (InitDatanodeState.java:persistContainerDatanodeDetails(139)) - DatanodeDetails is persisted to /home/runner/work/ozone/ozone/hadoop-ozone/integration-test/target/test-dir/MiniOzoneClusterImpl-6935df51-69ff-4c35-8bd4-ed2b81d70e54/ozone-metadata/datanode-4/ozone-metadata/datanode.id
2025-10-20 19:49:53,576 [ForkJoinPool-1-worker-1] INFO  protocol.DatanodeDetails (DatanodeDetails.java:validateDatanodeIpAddress(199)) - Updating IP address of datanode af0e5da1-57af-45e9-9aca-fa0798d05628(localhost/null) to 127.0.0.1
2025-10-20 19:49:53,576 [ForkJoinPool-1-worker-1] INFO  ozone.HddsDatanodeService (HddsDatanodeService.java:start(236)) - HddsDatanodeService af0e5da1-57af-45e9-9aca-fa0798d05628(localhost/127.0.0.1)
2025-10-20 19:49:53,579 [ForkJoinPool-1-worker-1] INFO  upgrade.AbstractLayoutVersionManager (AbstractLayoutVersionManager.java:init(80)) - Initializing Layout version manager with metadata layout = WITNESSED_CONTAINER_DB_PROTO_VALUE (version = 9), software layout = WITNESSED_CONTAINER_DB_PROTO_VALUE (version = 9)
2025-10-20 19:49:53,580 [ForkJoinPool-1-worker-1] INFO  statemachine.DatanodeStateMachine (DatanodeStateMachine.java:getEndPointTaskThreadPoolSize(321)) - Datanode State Machine Task Thread Pool size 2
2025-10-20 19:49:53,587 [ForkJoinPool-1-worker-1] INFO  volume.HddsVolume (HddsVolume.java:<init>(162)) - HddsVolume: { id=DS-bb2e6856-f16e-4893-80ad-1bf99a250f58 dir=/home/runner/work/ozone/ozone/hadoop-ozone/integration-test/target/test-dir/MiniOzoneClusterImpl-6935df51-69ff-4c35-8bd4-ed2b81d70e54/ozone-metadata/datanode-5/data-0/hdds type=DISK capacity=9222449699674390527 used=0 available=9222449699674390527 minFree=184448985434423296 committed=0 }
2025-10-20 19:49:53,587 [ForkJoinPool-1-worker-1] INFO  volume.MutableVolumeSet (MutableVolumeSet.java:initializeVolumeSet(175)) - Added Volume : /home/runner/work/ozone/ozone/hadoop-ozone/integration-test/target/test-dir/MiniOzoneClusterImpl-6935df51-69ff-4c35-8bd4-ed2b81d70e54/ozone-metadata/datanode-5/data-0/hdds to VolumeSet
2025-10-20 19:49:53,590 [ForkJoinPool-1-worker-1] INFO  volume.MutableVolumeSet (MutableVolumeSet.java:initializeVolumeSet(175)) - Added Volume : /home/runner/work/ozone/ozone/hadoop-ozone/integration-test/target/test-dir/MiniOzoneClusterImpl-6935df51-69ff-4c35-8bd4-ed2b81d70e54/ozone-metadata/datanode-5/ratis to VolumeSet
2025-10-20 19:49:53,591 [ef67b0a7-5b27-496d-9f38-ab804a28e500-EndpointStateMachineTaskThread-/0.0.0.0:15002-0 ] INFO  utils.DatanodeStoreCache (DatanodeStoreCache.java:addDB(70)) - Added db /home/runner/work/ozone/ozone/hadoop-ozone/integration-test/target/test-dir/MiniOzoneClusterImpl-6935df51-69ff-4c35-8bd4-ed2b81d70e54/ozone-metadata/datanode-2/data-0/hdds/6935df51-69ff-4c35-8bd4-ed2b81d70e54/DS-3d4c3e4c-57db-42b8-a44d-99d6e3ba5aa0/container.db to cache
2025-10-20 19:49:53,592 [ef67b0a7-5b27-496d-9f38-ab804a28e500-EndpointStateMachineTaskThread-/0.0.0.0:15002-0 ] INFO  volume.HddsVolume (HddsVolume.java:createDbStore(576)) - SchemaV3 db is created and loaded at /home/runner/work/ozone/ozone/hadoop-ozone/integration-test/target/test-dir/MiniOzoneClusterImpl-6935df51-69ff-4c35-8bd4-ed2b81d70e54/ozone-metadata/datanode-2/data-0/hdds/6935df51-69ff-4c35-8bd4-ed2b81d70e54/DS-3d4c3e4c-57db-42b8-a44d-99d6e3ba5aa0/container.db for volume DS-3d4c3e4c-57db-42b8-a44d-99d6e3ba5aa0
2025-10-20 19:49:53,594 [ForkJoinPool-1-worker-1] INFO  ozoneimpl.OzoneContainer (HddsVolumeUtil.java:loadAllHddsVolumeDbStore(102)) - Load 1 volumes DbStore cost: 3ms
2025-10-20 19:49:53,594 [ForkJoinPool-1-worker-1] WARN  db.DBStoreBuilder (DBStoreBuilder.java:getDBDirPath(157)) - ozone.scm.datanode.id.dir is not configured. We recommend adding this setting. Falling back to ozone.metadata.dirs instead.
2025-10-20 19:49:53,596 [ForkJoinPool-1-worker-1] WARN  db.DBStoreBuilder (DBStoreBuilder.java:getDBDirPath(157)) - ozone.scm.datanode.id.dir is not configured. We recommend adding this setting. Falling back to ozone.metadata.dirs instead.
2025-10-20 19:49:53,597 [ef67b0a7-5b27-496d-9f38-ab804a28e500-ContainerReader-0] INFO  ozoneimpl.ContainerReader (ContainerReader.java:readVolume(147)) - Start to verify containers on volume /home/runner/work/ozone/ozone/hadoop-ozone/integration-test/target/test-dir/MiniOzoneClusterImpl-6935df51-69ff-4c35-8bd4-ed2b81d70e54/ozone-metadata/datanode-2/data-0/hdds
2025-10-20 19:49:53,597 [ef67b0a7-5b27-496d-9f38-ab804a28e500-ContainerReader-0] INFO  ozoneimpl.ContainerReader (ContainerReader.java:readVolume(177)) - Finish verifying containers on volume /home/runner/work/ozone/ozone/hadoop-ozone/integration-test/target/test-dir/MiniOzoneClusterImpl-6935df51-69ff-4c35-8bd4-ed2b81d70e54/ozone-metadata/datanode-2/data-0/hdds
2025-10-20 19:49:53,597 [ef67b0a7-5b27-496d-9f38-ab804a28e500-EndpointStateMachineTaskThread-/0.0.0.0:15002-0 ] INFO  ozoneimpl.OzoneContainer (OzoneContainer.java:buildContainerSet(359)) - Build ContainerSet costs 0s
2025-10-20 19:49:53,598 [ef67b0a7-5b27-496d-9f38-ab804a28e500-EndpointStateMachineTaskThread-/0.0.0.0:15002-0 ] INFO  volume.ThrottledAsyncChecker (ThrottledAsyncChecker.java:schedule(138)) - Scheduling a check for /home/runner/work/ozone/ozone/hadoop-ozone/integration-test/target/test-dir/MiniOzoneClusterImpl-6935df51-69ff-4c35-8bd4-ed2b81d70e54/ozone-metadata/datanode-2/data-0/hdds
2025-10-20 19:49:53,599 [ef67b0a7-5b27-496d-9f38-ab804a28e500-EndpointStateMachineTaskThread-/0.0.0.0:15002-0 ] INFO  volume.StorageVolumeChecker (StorageVolumeChecker.java:checkAllVolumes(231)) - Scheduled health check for volume /home/runner/work/ozone/ozone/hadoop-ozone/integration-test/target/test-dir/MiniOzoneClusterImpl-6935df51-69ff-4c35-8bd4-ed2b81d70e54/ozone-metadata/datanode-2/data-0/hdds
2025-10-20 19:49:53,604 [ef67b0a7-5b27-496d-9f38-ab804a28e500-EndpointStateMachineTaskThread-/0.0.0.0:15002-0 ] INFO  volume.ThrottledAsyncChecker (ThrottledAsyncChecker.java:schedule(138)) - Scheduling a check for /home/runner/work/ozone/ozone/hadoop-ozone/integration-test/target/test-dir/MiniOzoneClusterImpl-6935df51-69ff-4c35-8bd4-ed2b81d70e54/ozone-metadata/datanode-2/ratis
2025-10-20 19:49:53,604 [ef67b0a7-5b27-496d-9f38-ab804a28e500-EndpointStateMachineTaskThread-/0.0.0.0:15002-0 ] INFO  volume.StorageVolumeChecker (StorageVolumeChecker.java:checkAllVolumes(231)) - Scheduled health check for volume /home/runner/work/ozone/ozone/hadoop-ozone/integration-test/target/test-dir/MiniOzoneClusterImpl-6935df51-69ff-4c35-8bd4-ed2b81d70e54/ozone-metadata/datanode-2/ratis
2025-10-20 19:49:53,605 [ef67b0a7-5b27-496d-9f38-ab804a28e500-EndpointStateMachineTaskThread-/0.0.0.0:15002-0 ] INFO  ozoneimpl.OzoneContainer (OzoneContainer.java:start(544)) - Attempting to start container services.
2025-10-20 19:49:53,607 [ContainerMetadataScanner] INFO  ozoneimpl.AbstractBackgroundContainerScanner (AbstractBackgroundContainerScanner.java:runIteration(89)) - Completed an iteration in 0 minutes. Number of iterations (since the data-node restart) : 1, Number of containers scanned in this iteration : 0, Number of unhealthy containers found in this iteration : 0
2025-10-20 19:49:53,609 [ContainerDataScanner(/home/runner/work/ozone/ozone/hadoop-ozone/integration-test/target/test-dir/MiniOzoneClusterImpl-6935df51-69ff-4c35-8bd4-ed2b81d70e54/ozone-metadata/datanode-2/data-0/hdds)] INFO  ozoneimpl.AbstractBackgroundContainerScanner (AbstractBackgroundContainerScanner.java:runIteration(89)) - Completed an iteration in 0 minutes. Number of iterations (since the data-node restart) : 1, Number of containers scanned in this iteration : 0, Number of unhealthy containers found in this iteration : 0
2025-10-20 19:49:53,610 [ef67b0a7-5b27-496d-9f38-ab804a28e500-EndpointStateMachineTaskThread-/0.0.0.0:15002-0 ] INFO  replication.ReplicationServer (ReplicationServer.java:start(137)) - ReplicationServer is started using port 15025
2025-10-20 19:49:53,610 [ef67b0a7-5b27-496d-9f38-ab804a28e500-EndpointStateMachineTaskThread-/0.0.0.0:15002-0 ] INFO  ratis.XceiverServerRatis (XceiverServerRatis.java:start(559)) - Starting XceiverServerRatis(ef67b0a7-5b27-496d-9f38-ab804a28e500)
2025-10-20 19:49:53,612 [ef67b0a7-5b27-496d-9f38-ab804a28e500-EndpointStateMachineTaskThread-/0.0.0.0:15002-0 ] INFO  server.RaftServer (RaftServerProxy.java:startImpl(412)) - ef67b0a7-5b27-496d-9f38-ab804a28e500: start RPC server
2025-10-20 19:49:53,612 [ef67b0a7-5b27-496d-9f38-ab804a28e500-EndpointStateMachineTaskThread-/0.0.0.0:15002-0 ] INFO  server.GrpcServicesImpl (GrpcServicesImpl.java:startImpl(346)) - ef67b0a7-5b27-496d-9f38-ab804a28e500: GrpcServicesImpl started, listening on 15021
2025-10-20 19:49:53,613 [ef67b0a7-5b27-496d-9f38-ab804a28e500-EndpointStateMachineTaskThread-/0.0.0.0:15002-0 ] INFO  server.GrpcServicesImpl (GrpcServicesImpl.java:startImpl(346)) - ef67b0a7-5b27-496d-9f38-ab804a28e500: GrpcServicesImpl started, listening on 15023
2025-10-20 19:49:53,614 [ef67b0a7-5b27-496d-9f38-ab804a28e500-EndpointStateMachineTaskThread-/0.0.0.0:15002-0 ] INFO  server.GrpcServicesImpl (GrpcServicesImpl.java:startImpl(346)) - ef67b0a7-5b27-496d-9f38-ab804a28e500: GrpcServicesImpl started, listening on 15022
2025-10-20 19:49:53,614 [ef67b0a7-5b27-496d-9f38-ab804a28e500-EndpointStateMachineTaskThread-/0.0.0.0:15002-0 ] INFO  ratis.XceiverServerRatis (XceiverServerRatis.java:getRealPort(586)) - XceiverServerRatis(ef67b0a7-5b27-496d-9f38-ab804a28e500) is started using port RATIS=15021
2025-10-20 19:49:53,614 [JvmPauseMonitor4] INFO  util.JvmPauseMonitor (JvmPauseMonitor.java:run(146)) - JvmPauseMonitor-ef67b0a7-5b27-496d-9f38-ab804a28e500: Started
2025-10-20 19:49:53,615 [ef67b0a7-5b27-496d-9f38-ab804a28e500-EndpointStateMachineTaskThread-/0.0.0.0:15002-0 ] INFO  ratis.XceiverServerRatis (XceiverServerRatis.java:getRealPort(586)) - XceiverServerRatis(ef67b0a7-5b27-496d-9f38-ab804a28e500) is started using port RATIS_ADMIN=15022
2025-10-20 19:49:53,616 [ef67b0a7-5b27-496d-9f38-ab804a28e500-EndpointStateMachineTaskThread-/0.0.0.0:15002-0 ] INFO  ratis.XceiverServerRatis (XceiverServerRatis.java:getRealPort(586)) - XceiverServerRatis(ef67b0a7-5b27-496d-9f38-ab804a28e500) is started using port RATIS_SERVER=15023
2025-10-20 19:49:53,616 [ef67b0a7-5b27-496d-9f38-ab804a28e500-EndpointStateMachineTaskThread-/0.0.0.0:15002-0 ] INFO  ratis.XceiverServerRatis (XceiverServerRatis.java:getRealPort(586)) - XceiverServerRatis(ef67b0a7-5b27-496d-9f38-ab804a28e500) is started using port RATIS_DATASTREAM=15024
2025-10-20 19:49:53,617 [ForkJoinPool-1-worker-1] INFO  impl.FilePerChunkStrategy (FilePerChunkStrategy.java:<init>(79)) - ozone.chunk.read.mapped.buffer.max.count is load with 0
2025-10-20 19:49:53,617 [ForkJoinPool-1-worker-1] INFO  impl.FilePerBlockStrategy (FilePerBlockStrategy.java:<init>(88)) - ozone.chunk.read.mapped.buffer.max.count is load with 0
2025-10-20 19:49:53,618 [ef67b0a7-5b27-496d-9f38-ab804a28e500-EndpointStateMachineTaskThread-/0.0.0.0:15002-0 ] INFO  utils.BackgroundService (BackgroundService.java:start(119)) - Starting service BlockDeletingService with interval 60000 milliseconds
2025-10-20 19:49:53,619 [ef67b0a7-5b27-496d-9f38-ab804a28e500-EndpointStateMachineTaskThread-/0.0.0.0:15002-0 ] INFO  utils.BackgroundService (BackgroundService.java:start(119)) - Starting service StaleRecoveringContainerScrubbingService with interval 60000 milliseconds
2025-10-20 19:49:53,619 [ForkJoinPool-1-worker-1] INFO  server.RaftServerConfigKeys (ConfUtils.java:logGet(62)) - raft.server.log.appender.buffer.byte-limit = 33554432 (custom)
2025-10-20 19:49:53,621 [ForkJoinPool-1-worker-1] INFO  grpc.GrpcConfigKeys (ConfUtils.java:logFallback(69)) - raft.grpc.admin.host = null (fallback to raft.grpc.server.host)
2025-10-20 19:49:53,621 [ForkJoinPool-1-worker-1] INFO  grpc.GrpcConfigKeys (ConfUtils.java:logGet(62)) - raft.grpc.admin.port = 15046 (custom)
2025-10-20 19:49:53,621 [ForkJoinPool-1-worker-1] INFO  grpc.GrpcConfigKeys (ConfUtils.java:logFallback(69)) - raft.grpc.client.host = null (fallback to raft.grpc.server.host)
2025-10-20 19:49:53,622 [ForkJoinPool-1-worker-1] INFO  grpc.GrpcConfigKeys (ConfUtils.java:logGet(62)) - raft.grpc.client.port = 15045 (custom)
2025-10-20 19:49:53,622 [ForkJoinPool-1-worker-1] INFO  grpc.GrpcConfigKeys (ConfUtils.java:logGet(62)) - raft.grpc.server.port = 15047 (custom)
2025-10-20 19:49:53,622 [ForkJoinPool-1-worker-1] INFO  server.GrpcServicesImpl (ConfUtils.java:logGet(62)) - raft.grpc.message.size.max = 34603008 (custom)
2025-10-20 19:49:53,622 [ForkJoinPool-1-worker-1] INFO  server.GrpcServicesImpl (ConfUtils.java:logGet(62)) - raft.grpc.flow.control.window = 5MB (=5242880) (custom)
2025-10-20 19:49:53,622 [ForkJoinPool-1-worker-1] INFO  server.RaftServerConfigKeys (ConfUtils.java:logGet(62)) - raft.server.log.appender.buffer.byte-limit = 33554432 (custom)
2025-10-20 19:49:53,625 [ForkJoinPool-1-worker-1] INFO  netty.NettyUtils (NettyUtils.java:newEventLoopGroup(74)) - Create EpollEventLoopGroup for af0e5da1-57af-45e9-9aca-fa0798d05628-NettyServerStreamRpc-bossGroup; Thread size is 0.
2025-10-20 19:49:53,625 [ForkJoinPool-1-worker-1] INFO  netty.NettyUtils (NettyUtils.java:newEventLoopGroup(74)) - Create EpollEventLoopGroup for af0e5da1-57af-45e9-9aca-fa0798d05628-NettyServerStreamRpc-workerGroup; Thread size is 0.
2025-10-20 19:49:53,626 [ForkJoinPool-1-worker-1] INFO  netty.NettyConfigKeys$DataStream (ConfUtils.java:logGet(62)) - raft.netty.dataStream.port = 15048 (custom)
2025-10-20 19:49:53,626 [ForkJoinPool-1-worker-1] INFO  server.RaftServerConfigKeys (ConfUtils.java:logGet(62)) - raft.server.storage.dir = [/home/runner/work/ozone/ozone/hadoop-ozone/integration-test/target/test-dir/MiniOzoneClusterImpl-6935df51-69ff-4c35-8bd4-ed2b81d70e54/ozone-metadata/datanode-5/ratis] (custom)
2025-10-20 19:49:53,627 [af0e5da1-57af-45e9-9aca-fa0798d05628-NettyServerStreamRpc-bossGroup--thread1] INFO  logging.LoggingHandler (AbstractInternalLogger.java:log(148)) - [id: 0x6b4ccbfc] REGISTERED
2025-10-20 19:49:53,627 [af0e5da1-57af-45e9-9aca-fa0798d05628-NettyServerStreamRpc-bossGroup--thread1] INFO  logging.LoggingHandler (AbstractInternalLogger.java:log(148)) - [id: 0x6b4ccbfc] BIND: 0.0.0.0/0.0.0.0:15048
2025-10-20 19:49:53,627 [af0e5da1-57af-45e9-9aca-fa0798d05628-NettyServerStreamRpc-bossGroup--thread1] INFO  logging.LoggingHandler (AbstractInternalLogger.java:log(148)) - [id: 0x6b4ccbfc, L:/0.0.0.0:15048] ACTIVE
2025-10-20 19:49:53,628 [af0e5da1-57af-45e9-9aca-fa0798d05628-impl-thread1] INFO  server.RaftServer (RaftServerProxy.java:initGroupDir(270)) - af0e5da1-57af-45e9-9aca-fa0798d05628: found a subdirectory /home/runner/work/ozone/ozone/hadoop-ozone/integration-test/target/test-dir/MiniOzoneClusterImpl-6935df51-69ff-4c35-8bd4-ed2b81d70e54/ozone-metadata/datanode-5/ratis/tmp
2025-10-20 19:49:53,628 [af0e5da1-57af-45e9-9aca-fa0798d05628-impl-thread1] INFO  server.RaftServer (RaftServerProxy.java:initGroupDir(275)) - af0e5da1-57af-45e9-9aca-fa0798d05628: The directory /home/runner/work/ozone/ozone/hadoop-ozone/integration-test/target/test-dir/MiniOzoneClusterImpl-6935df51-69ff-4c35-8bd4-ed2b81d70e54/ozone-metadata/datanode-5/ratis/tmp is not a group directory; ignoring it. 
2025-10-20 19:49:53,628 [ForkJoinPool-1-worker-1] INFO  replication.ReplicationServer (ReplicationServer.java:<init>(84)) - Initializing replication server with thread count = 10 queue length = 4096
2025-10-20 19:49:53,630 [ForkJoinPool-1-worker-1] INFO  server.XceiverServerGrpc (XceiverServerGrpc.java:<init>(129)) - GrpcServer channel type EpollServerSocketChannel
2025-10-20 19:49:53,632 [ForkJoinPool-1-worker-1] INFO  replication.ReplicationSupervisor (ReplicationSupervisor.java:build(169)) - Initializing replication supervisor with thread count = 10
2025-10-20 19:49:53,632 [ForkJoinPool-1-worker-1] INFO  replication.ReplicationSupervisor (ReplicationSupervisor.java:nodeStateUpdated(358)) - Node state updated to IN_SERVICE, scaling executor pool size to 10
2025-10-20 19:49:53,635 [ForkJoinPool-1-worker-1] INFO  http.BaseHttpServer (BaseHttpServer.java:newHttpServer2BuilderForOzone(227)) - Starting Web-server for hddsDatanode at: http://0.0.0.0:15042
2025-10-20 19:49:53,635 [ForkJoinPool-1-worker-1] INFO  http.BaseHttpServer (BaseHttpServer.java:<init>(105)) - Hadoop Security Enabled: false Ozone Security Enabled: false Ozone HTTP Security Enabled: false 
2025-10-20 19:49:53,637 [ForkJoinPool-1-worker-1] WARN  server.AuthenticationFilter (AuthenticationFilter.java:constructSecretProvider(240)) - Unable to initialize FileSignerSecretProvider, falling back to use random secrets. Reason: Could not read signature secret file: /home/runner/hadoop-http-auth-signature-secret
2025-10-20 19:49:53,640 [ForkJoinPool-1-worker-1] INFO  http.HttpServer2 (HttpServer2.java:addGlobalFilter(1040)) - Added global filter 'safety' (class=org.apache.hadoop.hdds.server.http.HttpServer2$QuotingInputFilter)
2025-10-20 19:49:53,642 [ForkJoinPool-1-worker-1] INFO  http.HttpServer2 (HttpServer2.java:addFilter(1016)) - Added filter static_user_filter (class=org.apache.hadoop.http.lib.StaticUserWebFilter$StaticUserFilter) to context hddsDatanode
2025-10-20 19:49:53,642 [ForkJoinPool-1-worker-1] INFO  http.HttpServer2 (HttpServer2.java:addFilter(1024)) - Added filter static_user_filter (class=org.apache.hadoop.http.lib.StaticUserWebFilter$StaticUserFilter) to context static
2025-10-20 19:49:53,643 [ForkJoinPool-1-worker-1] INFO  http.HttpServer2 (HttpServer2.java:addFilter(1024)) - Added filter static_user_filter (class=org.apache.hadoop.http.lib.StaticUserWebFilter$StaticUserFilter) to context logs
2025-10-20 19:49:53,643 [ForkJoinPool-1-worker-1] INFO  http.BaseHttpServer (BaseHttpServer.java:<init>(193)) - HTTP server of hddsDatanode uses base directory /home/runner/work/ozone/ozone/hadoop-ozone/integration-test/target/test-dir/MiniOzoneClusterImpl-6935df51-69ff-4c35-8bd4-ed2b81d70e54/scm/ozone-metadata/webserver
2025-10-20 19:49:53,643 [ForkJoinPool-1-worker-1] INFO  http.HttpServer2 (HttpServer2.java:bindListener(1240)) - Jetty bound to port 15042
2025-10-20 19:49:53,644 [ForkJoinPool-1-worker-1] INFO  server.Server (Server.java:doStart(375)) - jetty-9.4.58.v20250814; built: 2025-08-14T02:28:49.637Z; git: 8f1440587e9e4ae7db3d74cf205643f3d707148d; jvm 21.0.8+9-LTS
2025-10-20 19:49:53,645 [ForkJoinPool-1-worker-1] INFO  server.session (DefaultSessionIdManager.java:doStart(334)) - DefaultSessionIdManager workerName=node0
2025-10-20 19:49:53,645 [ForkJoinPool-1-worker-1] INFO  server.session (DefaultSessionIdManager.java:doStart(339)) - No SessionScavenger set, using defaults
2025-10-20 19:49:53,646 [ForkJoinPool-1-worker-1] INFO  server.session (HouseKeeper.java:startScavenging(132)) - node0 Scavenging every 600000ms
2025-10-20 19:49:53,646 [ForkJoinPool-1-worker-1] INFO  handler.ContextHandler (ContextHandler.java:doStart(921)) - Started o.e.j.s.ServletContextHandler@656ad8d0{logs,/logs,file:///home/runner/work/ozone/ozone/hadoop-ozone/integration-test/target/log,AVAILABLE}
2025-10-20 19:49:53,647 [ForkJoinPool-1-worker-1] INFO  handler.ContextHandler (ContextHandler.java:doStart(921)) - Started o.e.j.s.ServletContextHandler@10d0aab3{static,/static,jar:file:/home/runner/work/ozone/ozone/hadoop-hdds/container-service/target/hdds-container-service-2.1.0-SNAPSHOT.jar!/webapps/static,AVAILABLE}
2025-10-20 19:49:53,787 | INFO  | SCMAudit | user=runner | ip=127.0.0.1 | op=GET_VERSION {} | ret=SUCCESS |  
2025-10-20 19:49:53,808 [ForkJoinPool-1-worker-1] INFO  handler.ContextHandler (ContextHandler.java:doStart(921)) - Started o.e.j.w.WebAppContext@23811b36{hddsDatanode,/,file:///home/runner/work/ozone/ozone/hadoop-ozone/integration-test/target/test-dir/MiniOzoneClusterImpl-6935df51-69ff-4c35-8bd4-ed2b81d70e54/scm/ozone-metadata/webserver/jetty-0_0_0_0-15042-hdds-container-service-2_1_0-SNAPSHOT_jar-_-any-11881725812600518012/webapp/,AVAILABLE}{jar:file:/home/runner/work/ozone/ozone/hadoop-hdds/container-service/target/hdds-container-service-2.1.0-SNAPSHOT.jar!/webapps/hddsDatanode}
2025-10-20 19:49:53,809 [ForkJoinPool-1-worker-1] INFO  server.AbstractConnector (AbstractConnector.java:doStart(333)) - Started ServerConnector@5fc672ba{HTTP/1.1, (http/1.1)}{0.0.0.0:15042}
2025-10-20 19:49:53,809 [ForkJoinPool-1-worker-1] INFO  server.Server (Server.java:doStart(415)) - Started @11462ms
2025-10-20 19:49:53,810 [ForkJoinPool-1-worker-1] WARN  impl.MetricsSystemImpl (MetricsSystemImpl.java:register(279)) - Sink prometheus already exists!
2025-10-20 19:49:53,810 [IPC Server handler 1 on default port 15002] INFO  net.NetworkTopologyImpl (NetworkTopologyImpl.java:add(133)) - Added a new node: /default-rack/e05592a5-d00f-4fc1-9e39-a968c1ecb04e
2025-10-20 19:49:53,810 [ForkJoinPool-1-worker-1] INFO  http.BaseHttpServer (BaseHttpServer.java:updateConnectorAddress(357)) - HTTP server of hddsDatanode listening at http://localhost:15042
2025-10-20 19:49:53,811 [ForkJoinPool-1-worker-1] INFO  ipc.CallQueueManager (CallQueueManager.java:<init>(93)) - Using callQueue: class java.util.concurrent.LinkedBlockingQueue, queueCapacity: 1000, scheduler: class org.apache.hadoop.ipc.DefaultRpcScheduler, ipcBackoff: false, ipcFailOver: false.
2025-10-20 19:49:53,812 [ForkJoinPool-1-worker-1] INFO  ipc.Server (Server.java:<init>(1438)) - Listener at 0.0.0.0:15043
2025-10-20 19:49:53,812 [IPC Server handler 1 on default port 15002] INFO  node.SCMNodeManager (SCMNodeManager.java:register(423)) - Registered datanode: e05592a5-d00f-4fc1-9e39-a968c1ecb04e{ip: 127.0.0.1, host: localhost, ports: [HTTP=15010, CLIENT_RPC=15011, REPLICATION=15017, RATIS=15013, RATIS_ADMIN=15014, RATIS_SERVER=15015, RATIS_DATASTREAM=15016, STANDALONE=15012], networkLocation: /default-rack, certSerialId: null, persistedOpState: null, persistedOpStateExpiryEpochSec: 0}
2025-10-20 19:49:53,814 [Socket Reader #1 for port 15043] INFO  ipc.Server (Server.java:run(1474)) - Starting Socket Reader #1 for port 15043
2025-10-20 19:49:53,814 [Socket Reader #2 for port 15043] INFO  ipc.Server (Server.java:run(1474)) - Starting Socket Reader #2 for port 15043
2025-10-20 19:49:53,814 [Socket Reader #3 for port 15043] INFO  ipc.Server (Server.java:run(1474)) - Starting Socket Reader #3 for port 15043
2025-10-20 19:49:53,816 [EventQueue-NewNodeForNewNodeHandler] INFO  pipeline.BackgroundPipelineCreator (BackgroundPipelineCreator.java:notifyEventTriggered(290)) - trigger a one-shot run on RatisPipelineUtilsThread.
2025-10-20 19:49:53,818 [Socket Reader #4 for port 15043] INFO  ipc.Server (Server.java:run(1474)) - Starting Socket Reader #4 for port 15043
2025-10-20 19:49:53,818 [Socket Reader #5 for port 15043] INFO  ipc.Server (Server.java:run(1474)) - Starting Socket Reader #5 for port 15043
2025-10-20 19:49:53,819 [Socket Reader #6 for port 15043] INFO  ipc.Server (Server.java:run(1474)) - Starting Socket Reader #6 for port 15043
2025-10-20 19:49:53,819 [EventQueue-ContainerRegistrationReportForRatisContainerSafeModeRule] INFO  safemode.SCMSafeModeManager (SCMSafeModeManager.java:validateSafeModeExitRules(138)) - RatisContainerSafeModeRule rule is successfully validated
2025-10-20 19:49:53,820 [EventQueue-ContainerRegistrationReportForECContainerSafeModeRule] INFO  safemode.SCMSafeModeManager (SCMSafeModeManager.java:validateSafeModeExitRules(138)) - ECContainerSafeModeRule rule is successfully validated
2025-10-20 19:49:53,820 [Socket Reader #7 for port 15043] INFO  ipc.Server (Server.java:run(1474)) - Starting Socket Reader #7 for port 15043
2025-10-20 19:49:53,820 [Socket Reader #8 for port 15043] INFO  ipc.Server (Server.java:run(1474)) - Starting Socket Reader #8 for port 15043
2025-10-20 19:49:53,820 [EventQueue-PipelineReportForOneReplicaPipelineSafeModeRule] INFO  safemode.SCMSafeModeManager (SCMSafeModeManager.java:validateSafeModeExitRules(138)) - OneReplicaPipelineSafeModeRule rule is successfully validated
2025-10-20 19:49:53,820 [EventQueue-NodeRegistrationContainerReportForDataNodeSafeModeRule] INFO  safemode.SCMSafeModeManager (DataNodeSafeModeRule.java:process(78)) - SCM in safe mode. 1 DataNodes registered, 3 required.
2025-10-20 19:49:53,821 [Socket Reader #9 for port 15043] INFO  ipc.Server (Server.java:run(1474)) - Starting Socket Reader #9 for port 15043
2025-10-20 19:49:53,822 [Socket Reader #10 for port 15043] INFO  ipc.Server (Server.java:run(1474)) - Starting Socket Reader #10 for port 15043
2025-10-20 19:49:53,822 [RatisPipelineUtilsThread-0] INFO  pipeline.RatisPipelineProvider (RatisPipelineProvider.java:lambda$create$0(208)) - Sending CreatePipelineCommand for pipeline:Pipeline-b1a34ffb-9e35-4ea0-a61f-1d401c589e9b to datanode:e05592a5-d00f-4fc1-9e39-a968c1ecb04e(localhost/127.0.0.1)
2025-10-20 19:49:53,825 [ForkJoinPool-1-worker-1] INFO  ozone.HddsDatanodeService (HddsDatanodeService.java:start(333)) - Datanode start with admins: [admin, runner]
2025-10-20 19:49:53,825 [ForkJoinPool-1-worker-1] INFO  ozone.HddsDatanodeClientProtocolServer (HddsDatanodeClientProtocolServer.java:start(76)) - RPC server for Client /0.0.0.0:15043
2025-10-20 19:49:53,826 | INFO  | SCMAudit | user=runner | ip=127.0.0.1 | op=REGISTER {"datanodeDetails":"e05592a5-d00f-4fc1-9e39-a968c1ecb04e(localhost/127.0.0.1)"} | ret=SUCCESS |  
2025-10-20 19:49:53,828 [IPC Server Responder] INFO  ipc.Server (Server.java:run(1713)) - IPC Server Responder: starting
2025-10-20 19:49:53,828 [IPC Server listener on 15043] INFO  ipc.Server (Server.java:run(1553)) - IPC Server listener on 15043: starting
2025-10-20 19:49:53,840 [ForkJoinPool-1-worker-1] WARN  dropwizard3.Dm3MetricRegistriesImpl (Dm3MetricRegistriesImpl.java:addReporterRegistration(114)) - New reporters are added after registries were created. Some metrics will be missing from the reporter. Please add reporter before adding any new registry.
2025-10-20 19:49:53,841 [ForkJoinPool-1-worker-1] WARN  dropwizard3.Dm3MetricRegistriesImpl (Dm3MetricRegistriesImpl.java:addReporterRegistration(114)) - New reporters are added after registries were created. Some metrics will be missing from the reporter. Please add reporter before adding any new registry.
2025-10-20 19:49:53,843 [361055de-215b-4c6c-94c2-be1c1da118d1-EndpointStateMachineTaskThread-/0.0.0.0:15002-0 ] INFO  utils.DatanodeStoreCache (DatanodeStoreCache.java:addDB(70)) - Added db /home/runner/work/ozone/ozone/hadoop-ozone/integration-test/target/test-dir/MiniOzoneClusterImpl-6935df51-69ff-4c35-8bd4-ed2b81d70e54/ozone-metadata/datanode-3/data-0/hdds/6935df51-69ff-4c35-8bd4-ed2b81d70e54/DS-a6e60a3a-5f8b-44e9-a16c-27389128fa47/container.db to cache
2025-10-20 19:49:53,843 [361055de-215b-4c6c-94c2-be1c1da118d1-EndpointStateMachineTaskThread-/0.0.0.0:15002-0 ] INFO  volume.HddsVolume (HddsVolume.java:createDbStore(576)) - SchemaV3 db is created and loaded at /home/runner/work/ozone/ozone/hadoop-ozone/integration-test/target/test-dir/MiniOzoneClusterImpl-6935df51-69ff-4c35-8bd4-ed2b81d70e54/ozone-metadata/datanode-3/data-0/hdds/6935df51-69ff-4c35-8bd4-ed2b81d70e54/DS-a6e60a3a-5f8b-44e9-a16c-27389128fa47/container.db for volume DS-a6e60a3a-5f8b-44e9-a16c-27389128fa47
2025-10-20 19:49:53,848 [af0e5da1-57af-45e9-9aca-fa0798d05628-DatanodeStateMachineDaemonThread] INFO  statemachine.DatanodeStateMachine (DatanodeStateMachine.java:startStateMachineThread(363)) - Ozone container server started.
2025-10-20 19:49:53,851 [361055de-215b-4c6c-94c2-be1c1da118d1-ContainerReader-0] INFO  ozoneimpl.ContainerReader (ContainerReader.java:readVolume(147)) - Start to verify containers on volume /home/runner/work/ozone/ozone/hadoop-ozone/integration-test/target/test-dir/MiniOzoneClusterImpl-6935df51-69ff-4c35-8bd4-ed2b81d70e54/ozone-metadata/datanode-3/data-0/hdds
2025-10-20 19:49:53,851 [361055de-215b-4c6c-94c2-be1c1da118d1-ContainerReader-0] INFO  ozoneimpl.ContainerReader (ContainerReader.java:readVolume(177)) - Finish verifying containers on volume /home/runner/work/ozone/ozone/hadoop-ozone/integration-test/target/test-dir/MiniOzoneClusterImpl-6935df51-69ff-4c35-8bd4-ed2b81d70e54/ozone-metadata/datanode-3/data-0/hdds
2025-10-20 19:49:53,851 [361055de-215b-4c6c-94c2-be1c1da118d1-EndpointStateMachineTaskThread-/0.0.0.0:15002-0 ] INFO  ozoneimpl.OzoneContainer (OzoneContainer.java:buildContainerSet(359)) - Build ContainerSet costs 0s
2025-10-20 19:49:53,853 [361055de-215b-4c6c-94c2-be1c1da118d1-EndpointStateMachineTaskThread-/0.0.0.0:15002-0 ] INFO  volume.ThrottledAsyncChecker (ThrottledAsyncChecker.java:schedule(138)) - Scheduling a check for /home/runner/work/ozone/ozone/hadoop-ozone/integration-test/target/test-dir/MiniOzoneClusterImpl-6935df51-69ff-4c35-8bd4-ed2b81d70e54/ozone-metadata/datanode-3/data-0/hdds
2025-10-20 19:49:53,855 [361055de-215b-4c6c-94c2-be1c1da118d1-EndpointStateMachineTaskThread-/0.0.0.0:15002-0 ] INFO  volume.StorageVolumeChecker (StorageVolumeChecker.java:checkAllVolumes(231)) - Scheduled health check for volume /home/runner/work/ozone/ozone/hadoop-ozone/integration-test/target/test-dir/MiniOzoneClusterImpl-6935df51-69ff-4c35-8bd4-ed2b81d70e54/ozone-metadata/datanode-3/data-0/hdds
2025-10-20 19:49:53,855 [af0e5da1-57af-45e9-9aca-fa0798d05628-DatanodeStateMachineTaskThread-0] INFO  datanode.InitDatanodeState (InitDatanodeState.java:persistContainerDatanodeDetails(139)) - DatanodeDetails is persisted to /home/runner/work/ozone/ozone/hadoop-ozone/integration-test/target/test-dir/MiniOzoneClusterImpl-6935df51-69ff-4c35-8bd4-ed2b81d70e54/ozone-metadata/datanode-5/ozone-metadata/datanode.id
2025-10-20 19:49:53,860 [361055de-215b-4c6c-94c2-be1c1da118d1-EndpointStateMachineTaskThread-/0.0.0.0:15002-0 ] INFO  volume.ThrottledAsyncChecker (ThrottledAsyncChecker.java:schedule(138)) - Scheduling a check for /home/runner/work/ozone/ozone/hadoop-ozone/integration-test/target/test-dir/MiniOzoneClusterImpl-6935df51-69ff-4c35-8bd4-ed2b81d70e54/ozone-metadata/datanode-3/ratis
2025-10-20 19:49:53,861 [361055de-215b-4c6c-94c2-be1c1da118d1-EndpointStateMachineTaskThread-/0.0.0.0:15002-0 ] INFO  volume.StorageVolumeChecker (StorageVolumeChecker.java:checkAllVolumes(231)) - Scheduled health check for volume /home/runner/work/ozone/ozone/hadoop-ozone/integration-test/target/test-dir/MiniOzoneClusterImpl-6935df51-69ff-4c35-8bd4-ed2b81d70e54/ozone-metadata/datanode-3/ratis
2025-10-20 19:49:53,862 [361055de-215b-4c6c-94c2-be1c1da118d1-EndpointStateMachineTaskThread-/0.0.0.0:15002-0 ] INFO  ozoneimpl.OzoneContainer (OzoneContainer.java:start(544)) - Attempting to start container services.
2025-10-20 19:49:53,865 [ContainerMetadataScanner] INFO  ozoneimpl.AbstractBackgroundContainerScanner (AbstractBackgroundContainerScanner.java:runIteration(89)) - Completed an iteration in 0 minutes. Number of iterations (since the data-node restart) : 1, Number of containers scanned in this iteration : 0, Number of unhealthy containers found in this iteration : 0
2025-10-20 19:49:53,867 [ContainerDataScanner(/home/runner/work/ozone/ozone/hadoop-ozone/integration-test/target/test-dir/MiniOzoneClusterImpl-6935df51-69ff-4c35-8bd4-ed2b81d70e54/ozone-metadata/datanode-3/data-0/hdds)] INFO  ozoneimpl.AbstractBackgroundContainerScanner (AbstractBackgroundContainerScanner.java:runIteration(89)) - Completed an iteration in 0 minutes. Number of iterations (since the data-node restart) : 1, Number of containers scanned in this iteration : 0, Number of unhealthy containers found in this iteration : 0
2025-10-20 19:49:53,868 [361055de-215b-4c6c-94c2-be1c1da118d1-EndpointStateMachineTaskThread-/0.0.0.0:15002-0 ] INFO  replication.ReplicationServer (ReplicationServer.java:start(137)) - ReplicationServer is started using port 15033
2025-10-20 19:49:53,870 [361055de-215b-4c6c-94c2-be1c1da118d1-EndpointStateMachineTaskThread-/0.0.0.0:15002-0 ] INFO  ratis.XceiverServerRatis (XceiverServerRatis.java:start(559)) - Starting XceiverServerRatis(361055de-215b-4c6c-94c2-be1c1da118d1)
2025-10-20 19:49:53,873 [361055de-215b-4c6c-94c2-be1c1da118d1-EndpointStateMachineTaskThread-/0.0.0.0:15002-0 ] INFO  server.RaftServer (RaftServerProxy.java:startImpl(412)) - 361055de-215b-4c6c-94c2-be1c1da118d1: start RPC server
2025-10-20 19:49:53,873 [ForkJoinPool-1-worker-1] INFO  protocol.DatanodeDetails (DatanodeDetails.java:validateDatanodeIpAddress(199)) - Updating IP address of datanode b614738c-cdff-4f09-bf59-ed5bb75d51be(localhost/null) to 127.0.0.1
2025-10-20 19:49:53,874 [ForkJoinPool-1-worker-1] INFO  ozone.HddsDatanodeService (HddsDatanodeService.java:start(236)) - HddsDatanodeService b614738c-cdff-4f09-bf59-ed5bb75d51be(localhost/127.0.0.1)
2025-10-20 19:49:53,875 [361055de-215b-4c6c-94c2-be1c1da118d1-EndpointStateMachineTaskThread-/0.0.0.0:15002-0 ] INFO  server.GrpcServicesImpl (GrpcServicesImpl.java:startImpl(346)) - 361055de-215b-4c6c-94c2-be1c1da118d1: GrpcServicesImpl started, listening on 15029
2025-10-20 19:49:53,875 [361055de-215b-4c6c-94c2-be1c1da118d1-EndpointStateMachineTaskThread-/0.0.0.0:15002-0 ] INFO  server.GrpcServicesImpl (GrpcServicesImpl.java:startImpl(346)) - 361055de-215b-4c6c-94c2-be1c1da118d1: GrpcServicesImpl started, listening on 15031
2025-10-20 19:49:53,876 [361055de-215b-4c6c-94c2-be1c1da118d1-EndpointStateMachineTaskThread-/0.0.0.0:15002-0 ] INFO  server.GrpcServicesImpl (GrpcServicesImpl.java:startImpl(346)) - 361055de-215b-4c6c-94c2-be1c1da118d1: GrpcServicesImpl started, listening on 15030
2025-10-20 19:49:53,877 [361055de-215b-4c6c-94c2-be1c1da118d1-EndpointStateMachineTaskThread-/0.0.0.0:15002-0 ] INFO  ratis.XceiverServerRatis (XceiverServerRatis.java:getRealPort(586)) - XceiverServerRatis(361055de-215b-4c6c-94c2-be1c1da118d1) is started using port RATIS=15029
2025-10-20 19:49:53,877 [361055de-215b-4c6c-94c2-be1c1da118d1-EndpointStateMachineTaskThread-/0.0.0.0:15002-0 ] INFO  ratis.XceiverServerRatis (XceiverServerRatis.java:getRealPort(586)) - XceiverServerRatis(361055de-215b-4c6c-94c2-be1c1da118d1) is started using port RATIS_ADMIN=15030
2025-10-20 19:49:53,877 [361055de-215b-4c6c-94c2-be1c1da118d1-EndpointStateMachineTaskThread-/0.0.0.0:15002-0 ] INFO  ratis.XceiverServerRatis (XceiverServerRatis.java:getRealPort(586)) - XceiverServerRatis(361055de-215b-4c6c-94c2-be1c1da118d1) is started using port RATIS_SERVER=15031
2025-10-20 19:49:53,877 [361055de-215b-4c6c-94c2-be1c1da118d1-EndpointStateMachineTaskThread-/0.0.0.0:15002-0 ] INFO  ratis.XceiverServerRatis (XceiverServerRatis.java:getRealPort(586)) - XceiverServerRatis(361055de-215b-4c6c-94c2-be1c1da118d1) is started using port RATIS_DATASTREAM=15032
2025-10-20 19:49:53,878 [JvmPauseMonitor5] INFO  util.JvmPauseMonitor (JvmPauseMonitor.java:run(146)) - JvmPauseMonitor-361055de-215b-4c6c-94c2-be1c1da118d1: Started
2025-10-20 19:49:53,879 [ForkJoinPool-1-worker-1] INFO  upgrade.AbstractLayoutVersionManager (AbstractLayoutVersionManager.java:init(80)) - Initializing Layout version manager with metadata layout = WITNESSED_CONTAINER_DB_PROTO_VALUE (version = 9), software layout = WITNESSED_CONTAINER_DB_PROTO_VALUE (version = 9)
2025-10-20 19:49:53,880 [ForkJoinPool-1-worker-1] INFO  statemachine.DatanodeStateMachine (DatanodeStateMachine.java:getEndPointTaskThreadPoolSize(321)) - Datanode State Machine Task Thread Pool size 2
2025-10-20 19:49:53,881 [361055de-215b-4c6c-94c2-be1c1da118d1-EndpointStateMachineTaskThread-/0.0.0.0:15002-0 ] INFO  utils.BackgroundService (BackgroundService.java:start(119)) - Starting service BlockDeletingService with interval 60000 milliseconds
2025-10-20 19:49:53,881 [361055de-215b-4c6c-94c2-be1c1da118d1-EndpointStateMachineTaskThread-/0.0.0.0:15002-0 ] INFO  utils.BackgroundService (BackgroundService.java:start(119)) - Starting service StaleRecoveringContainerScrubbingService with interval 60000 milliseconds
2025-10-20 19:49:53,885 [ForkJoinPool-1-worker-1] INFO  volume.HddsVolume (HddsVolume.java:<init>(162)) - HddsVolume: { id=DS-3cd7e0c3-c4fc-4cb1-90c0-8df9a31f06c7 dir=/home/runner/work/ozone/ozone/hadoop-ozone/integration-test/target/test-dir/MiniOzoneClusterImpl-6935df51-69ff-4c35-8bd4-ed2b81d70e54/ozone-metadata/datanode-6/data-0/hdds type=DISK capacity=9222449699674390527 used=0 available=9222449699674390527 minFree=184448985434423296 committed=0 }
2025-10-20 19:49:53,885 [ForkJoinPool-1-worker-1] INFO  volume.MutableVolumeSet (MutableVolumeSet.java:initializeVolumeSet(175)) - Added Volume : /home/runner/work/ozone/ozone/hadoop-ozone/integration-test/target/test-dir/MiniOzoneClusterImpl-6935df51-69ff-4c35-8bd4-ed2b81d70e54/ozone-metadata/datanode-6/data-0/hdds to VolumeSet
2025-10-20 19:49:53,887 [ForkJoinPool-1-worker-1] INFO  volume.MutableVolumeSet (MutableVolumeSet.java:initializeVolumeSet(175)) - Added Volume : /home/runner/work/ozone/ozone/hadoop-ozone/integration-test/target/test-dir/MiniOzoneClusterImpl-6935df51-69ff-4c35-8bd4-ed2b81d70e54/ozone-metadata/datanode-6/ratis to VolumeSet
2025-10-20 19:49:53,888 [ForkJoinPool-1-worker-1] INFO  ozoneimpl.OzoneContainer (HddsVolumeUtil.java:loadAllHddsVolumeDbStore(102)) - Load 1 volumes DbStore cost: 0ms
2025-10-20 19:49:53,889 [ForkJoinPool-1-worker-1] WARN  db.DBStoreBuilder (DBStoreBuilder.java:getDBDirPath(157)) - ozone.scm.datanode.id.dir is not configured. We recommend adding this setting. Falling back to ozone.metadata.dirs instead.
2025-10-20 19:49:53,890 [ForkJoinPool-1-worker-1] WARN  db.DBStoreBuilder (DBStoreBuilder.java:getDBDirPath(157)) - ozone.scm.datanode.id.dir is not configured. We recommend adding this setting. Falling back to ozone.metadata.dirs instead.
2025-10-20 19:49:53,905 [ForkJoinPool-1-worker-1] INFO  impl.FilePerChunkStrategy (FilePerChunkStrategy.java:<init>(79)) - ozone.chunk.read.mapped.buffer.max.count is load with 0
2025-10-20 19:49:53,906 [ForkJoinPool-1-worker-1] INFO  impl.FilePerBlockStrategy (FilePerBlockStrategy.java:<init>(88)) - ozone.chunk.read.mapped.buffer.max.count is load with 0
2025-10-20 19:49:53,908 [ForkJoinPool-1-worker-1] INFO  server.RaftServerConfigKeys (ConfUtils.java:logGet(62)) - raft.server.log.appender.buffer.byte-limit = 33554432 (custom)
2025-10-20 19:49:53,912 [ForkJoinPool-1-worker-1] INFO  grpc.GrpcConfigKeys (ConfUtils.java:logFallback(69)) - raft.grpc.admin.host = null (fallback to raft.grpc.server.host)
2025-10-20 19:49:53,912 [ForkJoinPool-1-worker-1] INFO  grpc.GrpcConfigKeys (ConfUtils.java:logGet(62)) - raft.grpc.admin.port = 15054 (custom)
2025-10-20 19:49:53,912 [ForkJoinPool-1-worker-1] INFO  grpc.GrpcConfigKeys (ConfUtils.java:logFallback(69)) - raft.grpc.client.host = null (fallback to raft.grpc.server.host)
2025-10-20 19:49:53,912 [ForkJoinPool-1-worker-1] INFO  grpc.GrpcConfigKeys (ConfUtils.java:logGet(62)) - raft.grpc.client.port = 15053 (custom)
2025-10-20 19:49:53,912 [ForkJoinPool-1-worker-1] INFO  grpc.GrpcConfigKeys (ConfUtils.java:logGet(62)) - raft.grpc.server.port = 15055 (custom)
2025-10-20 19:49:53,913 [ForkJoinPool-1-worker-1] INFO  server.GrpcServicesImpl (ConfUtils.java:logGet(62)) - raft.grpc.message.size.max = 34603008 (custom)
2025-10-20 19:49:53,913 [ForkJoinPool-1-worker-1] INFO  server.GrpcServicesImpl (ConfUtils.java:logGet(62)) - raft.grpc.flow.control.window = 5MB (=5242880) (custom)
2025-10-20 19:49:53,913 [ForkJoinPool-1-worker-1] INFO  server.RaftServerConfigKeys (ConfUtils.java:logGet(62)) - raft.server.log.appender.buffer.byte-limit = 33554432 (custom)
2025-10-20 19:49:53,916 [ForkJoinPool-1-worker-1] INFO  netty.NettyUtils (NettyUtils.java:newEventLoopGroup(74)) - Create EpollEventLoopGroup for b614738c-cdff-4f09-bf59-ed5bb75d51be-NettyServerStreamRpc-bossGroup; Thread size is 0.
2025-10-20 19:49:53,916 [ForkJoinPool-1-worker-1] INFO  netty.NettyUtils (NettyUtils.java:newEventLoopGroup(74)) - Create EpollEventLoopGroup for b614738c-cdff-4f09-bf59-ed5bb75d51be-NettyServerStreamRpc-workerGroup; Thread size is 0.
2025-10-20 19:49:53,917 [ForkJoinPool-1-worker-1] INFO  netty.NettyConfigKeys$DataStream (ConfUtils.java:logGet(62)) - raft.netty.dataStream.port = 15056 (custom)
2025-10-20 19:49:53,917 [ForkJoinPool-1-worker-1] INFO  server.RaftServerConfigKeys (ConfUtils.java:logGet(62)) - raft.server.storage.dir = [/home/runner/work/ozone/ozone/hadoop-ozone/integration-test/target/test-dir/MiniOzoneClusterImpl-6935df51-69ff-4c35-8bd4-ed2b81d70e54/ozone-metadata/datanode-6/ratis] (custom)
2025-10-20 19:49:53,918 [b614738c-cdff-4f09-bf59-ed5bb75d51be-NettyServerStreamRpc-bossGroup--thread1] INFO  logging.LoggingHandler (AbstractInternalLogger.java:log(148)) - [id: 0xc2c719c7] REGISTERED
2025-10-20 19:49:53,918 [b614738c-cdff-4f09-bf59-ed5bb75d51be-NettyServerStreamRpc-bossGroup--thread1] INFO  logging.LoggingHandler (AbstractInternalLogger.java:log(148)) - [id: 0xc2c719c7] BIND: 0.0.0.0/0.0.0.0:15056
2025-10-20 19:49:53,918 [b614738c-cdff-4f09-bf59-ed5bb75d51be-NettyServerStreamRpc-bossGroup--thread1] INFO  logging.LoggingHandler (AbstractInternalLogger.java:log(148)) - [id: 0xc2c719c7, L:/0.0.0.0:15056] ACTIVE
2025-10-20 19:49:53,918 [b614738c-cdff-4f09-bf59-ed5bb75d51be-impl-thread1] INFO  server.RaftServer (RaftServerProxy.java:initGroupDir(270)) - b614738c-cdff-4f09-bf59-ed5bb75d51be: found a subdirectory /home/runner/work/ozone/ozone/hadoop-ozone/integration-test/target/test-dir/MiniOzoneClusterImpl-6935df51-69ff-4c35-8bd4-ed2b81d70e54/ozone-metadata/datanode-6/ratis/tmp
2025-10-20 19:49:53,918 [b614738c-cdff-4f09-bf59-ed5bb75d51be-impl-thread1] INFO  server.RaftServer (RaftServerProxy.java:initGroupDir(275)) - b614738c-cdff-4f09-bf59-ed5bb75d51be: The directory /home/runner/work/ozone/ozone/hadoop-ozone/integration-test/target/test-dir/MiniOzoneClusterImpl-6935df51-69ff-4c35-8bd4-ed2b81d70e54/ozone-metadata/datanode-6/ratis/tmp is not a group directory; ignoring it. 
2025-10-20 19:49:53,919 [ForkJoinPool-1-worker-1] INFO  replication.ReplicationServer (ReplicationServer.java:<init>(84)) - Initializing replication server with thread count = 10 queue length = 4096
2025-10-20 19:49:53,920 [ForkJoinPool-1-worker-1] INFO  server.XceiverServerGrpc (XceiverServerGrpc.java:<init>(129)) - GrpcServer channel type EpollServerSocketChannel
2025-10-20 19:49:53,920 [206580cc-82ee-4213-b95b-59cb1d300b36@group-ED2B81D70E54-StateMachineUpdater] INFO  safemode.SCMSafeModeManager (SCMSafeModeManager.java:validateSafeModeExitRules(138)) - RatisContainerSafeModeRule rule is successfully validated
2025-10-20 19:49:53,920 [206580cc-82ee-4213-b95b-59cb1d300b36@group-ED2B81D70E54-StateMachineUpdater] INFO  safemode.HealthyPipelineSafeModeRule (HealthyPipelineSafeModeRule.java:initializeRule(226)) - Refreshed total pipeline count is 0, healthy pipeline threshold count is 1
2025-10-20 19:49:53,921 [206580cc-82ee-4213-b95b-59cb1d300b36@group-ED2B81D70E54-StateMachineUpdater] INFO  safemode.SCMSafeModeManager (SCMSafeModeManager.java:validateSafeModeExitRules(138)) - OneReplicaPipelineSafeModeRule rule is successfully validated
2025-10-20 19:49:53,921 [206580cc-82ee-4213-b95b-59cb1d300b36@group-ED2B81D70E54-StateMachineUpdater] INFO  safemode.SCMSafeModeManager (SCMSafeModeManager.java:validateSafeModeExitRules(138)) - ECContainerSafeModeRule rule is successfully validated
2025-10-20 19:49:53,922 [ForkJoinPool-1-worker-1] INFO  replication.ReplicationSupervisor (ReplicationSupervisor.java:build(169)) - Initializing replication supervisor with thread count = 10
2025-10-20 19:49:53,922 [ForkJoinPool-1-worker-1] INFO  replication.ReplicationSupervisor (ReplicationSupervisor.java:nodeStateUpdated(358)) - Node state updated to IN_SERVICE, scaling executor pool size to 10
2025-10-20 19:49:53,924 [RatisPipelineUtilsThread-0] INFO  pipeline.BackgroundPipelineCreator (BackgroundPipelineCreator.java:createPipelines(246)) - Created new pipeline Pipeline{ Id: b1a34ffb-9e35-4ea0-a61f-1d401c589e9b, Nodes: [ {e05592a5-d00f-4fc1-9e39-a968c1ecb04e(localhost/127.0.0.1), ReplicaIndex: 0},], ReplicationConfig: RATIS/ONE, State:ALLOCATED, leaderId:, CreationTimestamp2025-10-20T19:49:53.821902220Z[Etc/UTC]}
2025-10-20 19:49:53,928 [ForkJoinPool-1-worker-1] INFO  http.BaseHttpServer (BaseHttpServer.java:newHttpServer2BuilderForOzone(227)) - Starting Web-server for hddsDatanode at: http://0.0.0.0:15050
2025-10-20 19:49:53,928 [ForkJoinPool-1-worker-1] INFO  http.BaseHttpServer (BaseHttpServer.java:<init>(105)) - Hadoop Security Enabled: false Ozone Security Enabled: false Ozone HTTP Security Enabled: false 
2025-10-20 19:49:53,929 [ForkJoinPool-1-worker-1] WARN  server.AuthenticationFilter (AuthenticationFilter.java:constructSecretProvider(240)) - Unable to initialize FileSignerSecretProvider, falling back to use random secrets. Reason: Could not read signature secret file: /home/runner/hadoop-http-auth-signature-secret
2025-10-20 19:49:53,932 [ForkJoinPool-1-worker-1] INFO  http.HttpServer2 (HttpServer2.java:addGlobalFilter(1040)) - Added global filter 'safety' (class=org.apache.hadoop.hdds.server.http.HttpServer2$QuotingInputFilter)
2025-10-20 19:49:53,934 [ForkJoinPool-1-worker-1] INFO  http.HttpServer2 (HttpServer2.java:addFilter(1016)) - Added filter static_user_filter (class=org.apache.hadoop.http.lib.StaticUserWebFilter$StaticUserFilter) to context hddsDatanode
2025-10-20 19:49:53,934 [ForkJoinPool-1-worker-1] INFO  http.HttpServer2 (HttpServer2.java:addFilter(1024)) - Added filter static_user_filter (class=org.apache.hadoop.http.lib.StaticUserWebFilter$StaticUserFilter) to context logs
2025-10-20 19:49:53,934 [ForkJoinPool-1-worker-1] INFO  http.HttpServer2 (HttpServer2.java:addFilter(1024)) - Added filter static_user_filter (class=org.apache.hadoop.http.lib.StaticUserWebFilter$StaticUserFilter) to context static
2025-10-20 19:49:53,934 [ForkJoinPool-1-worker-1] INFO  http.BaseHttpServer (BaseHttpServer.java:<init>(193)) - HTTP server of hddsDatanode uses base directory /home/runner/work/ozone/ozone/hadoop-ozone/integration-test/target/test-dir/MiniOzoneClusterImpl-6935df51-69ff-4c35-8bd4-ed2b81d70e54/scm/ozone-metadata/webserver
2025-10-20 19:49:53,935 [ForkJoinPool-1-worker-1] INFO  http.HttpServer2 (HttpServer2.java:bindListener(1240)) - Jetty bound to port 15050
2025-10-20 19:49:53,935 [ForkJoinPool-1-worker-1] INFO  server.Server (Server.java:doStart(375)) - jetty-9.4.58.v20250814; built: 2025-08-14T02:28:49.637Z; git: 8f1440587e9e4ae7db3d74cf205643f3d707148d; jvm 21.0.8+9-LTS
2025-10-20 19:49:53,936 [ForkJoinPool-1-worker-1] INFO  server.session (DefaultSessionIdManager.java:doStart(334)) - DefaultSessionIdManager workerName=node0
2025-10-20 19:49:53,936 [ForkJoinPool-1-worker-1] INFO  server.session (DefaultSessionIdManager.java:doStart(339)) - No SessionScavenger set, using defaults
2025-10-20 19:49:53,936 [ForkJoinPool-1-worker-1] INFO  server.session (HouseKeeper.java:startScavenging(132)) - node0 Scavenging every 660000ms
2025-10-20 19:49:53,937 [ForkJoinPool-1-worker-1] INFO  handler.ContextHandler (ContextHandler.java:doStart(921)) - Started o.e.j.s.ServletContextHandler@2517abd2{logs,/logs,file:///home/runner/work/ozone/ozone/hadoop-ozone/integration-test/target/log,AVAILABLE}
2025-10-20 19:49:53,937 [ForkJoinPool-1-worker-1] INFO  handler.ContextHandler (ContextHandler.java:doStart(921)) - Started o.e.j.s.ServletContextHandler@69720ea5{static,/static,jar:file:/home/runner/work/ozone/ozone/hadoop-hdds/container-service/target/hdds-container-service-2.1.0-SNAPSHOT.jar!/webapps/static,AVAILABLE}
2025-10-20 19:49:54,050 [IPC Server handler 3 on default port 15002] INFO  net.NetworkTopologyImpl (NetworkTopologyImpl.java:add(133)) - Added a new node: /default-rack/ef67b0a7-5b27-496d-9f38-ab804a28e500
2025-10-20 19:49:54,050 [IPC Server handler 3 on default port 15002] INFO  node.SCMNodeManager (SCMNodeManager.java:register(423)) - Registered datanode: ef67b0a7-5b27-496d-9f38-ab804a28e500{ip: 127.0.0.1, host: localhost, ports: [HTTP=15018, CLIENT_RPC=15019, REPLICATION=15025, RATIS=15021, RATIS_ADMIN=15022, RATIS_SERVER=15023, RATIS_DATASTREAM=15024, STANDALONE=15020], networkLocation: /default-rack, certSerialId: null, persistedOpState: null, persistedOpStateExpiryEpochSec: 0}
2025-10-20 19:49:54,051 [EventQueue-NodeRegistrationContainerReportForDataNodeSafeModeRule] INFO  safemode.SCMSafeModeManager (DataNodeSafeModeRule.java:process(78)) - SCM in safe mode. 2 DataNodes registered, 3 required.
2025-10-20 19:49:54,051 | INFO  | SCMAudit | user=runner | ip=127.0.0.1 | op=REGISTER {"datanodeDetails":"ef67b0a7-5b27-496d-9f38-ab804a28e500(localhost/127.0.0.1)"} | ret=SUCCESS |  
2025-10-20 19:49:54,051 [EventQueue-NewNodeForNewNodeHandler] INFO  pipeline.BackgroundPipelineCreator (BackgroundPipelineCreator.java:notifyEventTriggered(290)) - trigger a one-shot run on RatisPipelineUtilsThread.
2025-10-20 19:49:54,051 [EventQueue-PipelineReportForOneReplicaPipelineSafeModeRule] INFO  safemode.SCMSafeModeManager (SCMSafeModeManager.java:validateSafeModeExitRules(138)) - OneReplicaPipelineSafeModeRule rule is successfully validated
2025-10-20 19:49:54,052 [EventQueue-ContainerRegistrationReportForECContainerSafeModeRule] INFO  safemode.SCMSafeModeManager (SCMSafeModeManager.java:validateSafeModeExitRules(138)) - ECContainerSafeModeRule rule is successfully validated
2025-10-20 19:49:54,052 [EventQueue-ContainerRegistrationReportForRatisContainerSafeModeRule] INFO  safemode.SCMSafeModeManager (SCMSafeModeManager.java:validateSafeModeExitRules(138)) - RatisContainerSafeModeRule rule is successfully validated
2025-10-20 19:49:54,053 [RatisPipelineUtilsThread-0] INFO  pipeline.RatisPipelineProvider (RatisPipelineProvider.java:lambda$create$0(208)) - Sending CreatePipelineCommand for pipeline:Pipeline-84912fbf-a1b2-4faa-88a3-bfc6152b06ab to datanode:ef67b0a7-5b27-496d-9f38-ab804a28e500(localhost/127.0.0.1)
2025-10-20 19:49:54,055 [206580cc-82ee-4213-b95b-59cb1d300b36@group-ED2B81D70E54-StateMachineUpdater] INFO  safemode.SCMSafeModeManager (SCMSafeModeManager.java:validateSafeModeExitRules(138)) - RatisContainerSafeModeRule rule is successfully validated
2025-10-20 19:49:54,055 [206580cc-82ee-4213-b95b-59cb1d300b36@group-ED2B81D70E54-StateMachineUpdater] INFO  safemode.HealthyPipelineSafeModeRule (HealthyPipelineSafeModeRule.java:initializeRule(226)) - Refreshed total pipeline count is 0, healthy pipeline threshold count is 1
2025-10-20 19:49:54,055 [206580cc-82ee-4213-b95b-59cb1d300b36@group-ED2B81D70E54-StateMachineUpdater] INFO  safemode.SCMSafeModeManager (SCMSafeModeManager.java:validateSafeModeExitRules(138)) - OneReplicaPipelineSafeModeRule rule is successfully validated
2025-10-20 19:49:54,055 [206580cc-82ee-4213-b95b-59cb1d300b36@group-ED2B81D70E54-StateMachineUpdater] INFO  safemode.SCMSafeModeManager (SCMSafeModeManager.java:validateSafeModeExitRules(138)) - ECContainerSafeModeRule rule is successfully validated
2025-10-20 19:49:54,056 [RatisPipelineUtilsThread-0] INFO  pipeline.BackgroundPipelineCreator (BackgroundPipelineCreator.java:createPipelines(246)) - Created new pipeline Pipeline{ Id: 84912fbf-a1b2-4faa-88a3-bfc6152b06ab, Nodes: [ {ef67b0a7-5b27-496d-9f38-ab804a28e500(localhost/127.0.0.1), ReplicaIndex: 0},], ReplicationConfig: RATIS/ONE, State:ALLOCATED, leaderId:, CreationTimestamp2025-10-20T19:49:54.052978083Z[Etc/UTC]}
2025-10-20 19:49:54,062 | INFO  | SCMAudit | user=runner | ip=127.0.0.1 | op=GET_VERSION {} | ret=SUCCESS |  
2025-10-20 19:49:54,087 [ForkJoinPool-1-worker-1] INFO  handler.ContextHandler (ContextHandler.java:doStart(921)) - Started o.e.j.w.WebAppContext@22ba9fb6{hddsDatanode,/,file:///home/runner/work/ozone/ozone/hadoop-ozone/integration-test/target/test-dir/MiniOzoneClusterImpl-6935df51-69ff-4c35-8bd4-ed2b81d70e54/scm/ozone-metadata/webserver/jetty-0_0_0_0-15050-hdds-container-service-2_1_0-SNAPSHOT_jar-_-any-9885966908327106312/webapp/,AVAILABLE}{jar:file:/home/runner/work/ozone/ozone/hadoop-hdds/container-service/target/hdds-container-service-2.1.0-SNAPSHOT.jar!/webapps/hddsDatanode}
2025-10-20 19:49:54,088 [ForkJoinPool-1-worker-1] INFO  server.AbstractConnector (AbstractConnector.java:doStart(333)) - Started ServerConnector@383c5faf{HTTP/1.1, (http/1.1)}{0.0.0.0:15050}
2025-10-20 19:49:54,088 [ForkJoinPool-1-worker-1] INFO  server.Server (Server.java:doStart(415)) - Started @11740ms
2025-10-20 19:49:54,088 [ForkJoinPool-1-worker-1] WARN  impl.MetricsSystemImpl (MetricsSystemImpl.java:register(279)) - Sink prometheus already exists!
2025-10-20 19:49:54,088 [ForkJoinPool-1-worker-1] INFO  http.BaseHttpServer (BaseHttpServer.java:updateConnectorAddress(357)) - HTTP server of hddsDatanode listening at http://localhost:15050
2025-10-20 19:49:54,089 [ForkJoinPool-1-worker-1] INFO  ipc.CallQueueManager (CallQueueManager.java:<init>(93)) - Using callQueue: class java.util.concurrent.LinkedBlockingQueue, queueCapacity: 1000, scheduler: class org.apache.hadoop.ipc.DefaultRpcScheduler, ipcBackoff: false, ipcFailOver: false.
2025-10-20 19:49:54,089 [ForkJoinPool-1-worker-1] INFO  ipc.Server (Server.java:<init>(1438)) - Listener at 0.0.0.0:15051
2025-10-20 19:49:54,089 [Socket Reader #1 for port 15051] INFO  ipc.Server (Server.java:run(1474)) - Starting Socket Reader #1 for port 15051
2025-10-20 19:49:54,090 [Socket Reader #2 for port 15051] INFO  ipc.Server (Server.java:run(1474)) - Starting Socket Reader #2 for port 15051
2025-10-20 19:49:54,090 [Socket Reader #3 for port 15051] INFO  ipc.Server (Server.java:run(1474)) - Starting Socket Reader #3 for port 15051
2025-10-20 19:49:54,090 [Socket Reader #4 for port 15051] INFO  ipc.Server (Server.java:run(1474)) - Starting Socket Reader #4 for port 15051
2025-10-20 19:49:54,090 [Socket Reader #5 for port 15051] INFO  ipc.Server (Server.java:run(1474)) - Starting Socket Reader #5 for port 15051
2025-10-20 19:49:54,091 [Socket Reader #6 for port 15051] INFO  ipc.Server (Server.java:run(1474)) - Starting Socket Reader #6 for port 15051
2025-10-20 19:49:54,092 [Socket Reader #7 for port 15051] INFO  ipc.Server (Server.java:run(1474)) - Starting Socket Reader #7 for port 15051
2025-10-20 19:49:54,092 [c90bff1f-5a1f-42c6-8fca-9533d718c79a-EndpointStateMachineTaskThread-/0.0.0.0:15002-0 ] INFO  utils.DatanodeStoreCache (DatanodeStoreCache.java:addDB(70)) - Added db /home/runner/work/ozone/ozone/hadoop-ozone/integration-test/target/test-dir/MiniOzoneClusterImpl-6935df51-69ff-4c35-8bd4-ed2b81d70e54/ozone-metadata/datanode-4/data-0/hdds/6935df51-69ff-4c35-8bd4-ed2b81d70e54/DS-5756a191-2dd7-423b-b9dd-ab44c6fe3c08/container.db to cache
2025-10-20 19:49:54,092 [c90bff1f-5a1f-42c6-8fca-9533d718c79a-EndpointStateMachineTaskThread-/0.0.0.0:15002-0 ] INFO  volume.HddsVolume (HddsVolume.java:createDbStore(576)) - SchemaV3 db is created and loaded at /home/runner/work/ozone/ozone/hadoop-ozone/integration-test/target/test-dir/MiniOzoneClusterImpl-6935df51-69ff-4c35-8bd4-ed2b81d70e54/ozone-metadata/datanode-4/data-0/hdds/6935df51-69ff-4c35-8bd4-ed2b81d70e54/DS-5756a191-2dd7-423b-b9dd-ab44c6fe3c08/container.db for volume DS-5756a191-2dd7-423b-b9dd-ab44c6fe3c08
2025-10-20 19:49:54,093 [Socket Reader #9 for port 15051] INFO  ipc.Server (Server.java:run(1474)) - Starting Socket Reader #9 for port 15051
2025-10-20 19:49:54,092 [Socket Reader #8 for port 15051] INFO  ipc.Server (Server.java:run(1474)) - Starting Socket Reader #8 for port 15051
2025-10-20 19:49:54,093 [Socket Reader #10 for port 15051] INFO  ipc.Server (Server.java:run(1474)) - Starting Socket Reader #10 for port 15051
2025-10-20 19:49:54,095 [c90bff1f-5a1f-42c6-8fca-9533d718c79a-ContainerReader-0] INFO  ozoneimpl.ContainerReader (ContainerReader.java:readVolume(147)) - Start to verify containers on volume /home/runner/work/ozone/ozone/hadoop-ozone/integration-test/target/test-dir/MiniOzoneClusterImpl-6935df51-69ff-4c35-8bd4-ed2b81d70e54/ozone-metadata/datanode-4/data-0/hdds
2025-10-20 19:49:54,096 [c90bff1f-5a1f-42c6-8fca-9533d718c79a-ContainerReader-0] INFO  ozoneimpl.ContainerReader (ContainerReader.java:readVolume(177)) - Finish verifying containers on volume /home/runner/work/ozone/ozone/hadoop-ozone/integration-test/target/test-dir/MiniOzoneClusterImpl-6935df51-69ff-4c35-8bd4-ed2b81d70e54/ozone-metadata/datanode-4/data-0/hdds
2025-10-20 19:49:54,096 [ForkJoinPool-1-worker-1] INFO  ozone.HddsDatanodeService (HddsDatanodeService.java:start(333)) - Datanode start with admins: [admin, runner]
2025-10-20 19:49:54,096 [ForkJoinPool-1-worker-1] INFO  ozone.HddsDatanodeClientProtocolServer (HddsDatanodeClientProtocolServer.java:start(76)) - RPC server for Client /0.0.0.0:15051
2025-10-20 19:49:54,096 [IPC Server Responder] INFO  ipc.Server (Server.java:run(1713)) - IPC Server Responder: starting
2025-10-20 19:49:54,096 [c90bff1f-5a1f-42c6-8fca-9533d718c79a-EndpointStateMachineTaskThread-/0.0.0.0:15002-0 ] INFO  ozoneimpl.OzoneContainer (OzoneContainer.java:buildContainerSet(359)) - Build ContainerSet costs 0s
2025-10-20 19:49:54,097 [IPC Server listener on 15051] INFO  ipc.Server (Server.java:run(1553)) - IPC Server listener on 15051: starting
2025-10-20 19:49:54,097 [c90bff1f-5a1f-42c6-8fca-9533d718c79a-EndpointStateMachineTaskThread-/0.0.0.0:15002-0 ] INFO  volume.ThrottledAsyncChecker (ThrottledAsyncChecker.java:schedule(138)) - Scheduling a check for /home/runner/work/ozone/ozone/hadoop-ozone/integration-test/target/test-dir/MiniOzoneClusterImpl-6935df51-69ff-4c35-8bd4-ed2b81d70e54/ozone-metadata/datanode-4/data-0/hdds
2025-10-20 19:49:54,098 [c90bff1f-5a1f-42c6-8fca-9533d718c79a-EndpointStateMachineTaskThread-/0.0.0.0:15002-0 ] INFO  volume.StorageVolumeChecker (StorageVolumeChecker.java:checkAllVolumes(231)) - Scheduled health check for volume /home/runner/work/ozone/ozone/hadoop-ozone/integration-test/target/test-dir/MiniOzoneClusterImpl-6935df51-69ff-4c35-8bd4-ed2b81d70e54/ozone-metadata/datanode-4/data-0/hdds
2025-10-20 19:49:54,099 [ForkJoinPool-1-worker-1] WARN  dropwizard3.Dm3MetricRegistriesImpl (Dm3MetricRegistriesImpl.java:addReporterRegistration(114)) - New reporters are added after registries were created. Some metrics will be missing from the reporter. Please add reporter before adding any new registry.
2025-10-20 19:49:54,099 [ForkJoinPool-1-worker-1] WARN  dropwizard3.Dm3MetricRegistriesImpl (Dm3MetricRegistriesImpl.java:addReporterRegistration(114)) - New reporters are added after registries were created. Some metrics will be missing from the reporter. Please add reporter before adding any new registry.
2025-10-20 19:49:54,101 [b614738c-cdff-4f09-bf59-ed5bb75d51be-DatanodeStateMachineDaemonThread] INFO  statemachine.DatanodeStateMachine (DatanodeStateMachine.java:startStateMachineThread(363)) - Ozone container server started.
2025-10-20 19:49:54,102 [c90bff1f-5a1f-42c6-8fca-9533d718c79a-EndpointStateMachineTaskThread-/0.0.0.0:15002-0 ] INFO  volume.ThrottledAsyncChecker (ThrottledAsyncChecker.java:schedule(138)) - Scheduling a check for /home/runner/work/ozone/ozone/hadoop-ozone/integration-test/target/test-dir/MiniOzoneClusterImpl-6935df51-69ff-4c35-8bd4-ed2b81d70e54/ozone-metadata/datanode-4/ratis
2025-10-20 19:49:54,103 [c90bff1f-5a1f-42c6-8fca-9533d718c79a-EndpointStateMachineTaskThread-/0.0.0.0:15002-0 ] INFO  volume.StorageVolumeChecker (StorageVolumeChecker.java:checkAllVolumes(231)) - Scheduled health check for volume /home/runner/work/ozone/ozone/hadoop-ozone/integration-test/target/test-dir/MiniOzoneClusterImpl-6935df51-69ff-4c35-8bd4-ed2b81d70e54/ozone-metadata/datanode-4/ratis
2025-10-20 19:49:54,104 [c90bff1f-5a1f-42c6-8fca-9533d718c79a-EndpointStateMachineTaskThread-/0.0.0.0:15002-0 ] INFO  ozoneimpl.OzoneContainer (OzoneContainer.java:start(544)) - Attempting to start container services.
2025-10-20 19:49:54,105 [ContainerMetadataScanner] INFO  ozoneimpl.AbstractBackgroundContainerScanner (AbstractBackgroundContainerScanner.java:runIteration(89)) - Completed an iteration in 0 minutes. Number of iterations (since the data-node restart) : 1, Number of containers scanned in this iteration : 0, Number of unhealthy containers found in this iteration : 0
2025-10-20 19:49:54,105 [b614738c-cdff-4f09-bf59-ed5bb75d51be-DatanodeStateMachineTaskThread-0] INFO  datanode.InitDatanodeState (InitDatanodeState.java:persistContainerDatanodeDetails(139)) - DatanodeDetails is persisted to /home/runner/work/ozone/ozone/hadoop-ozone/integration-test/target/test-dir/MiniOzoneClusterImpl-6935df51-69ff-4c35-8bd4-ed2b81d70e54/ozone-metadata/datanode-6/ozone-metadata/datanode.id
2025-10-20 19:49:54,106 [ContainerDataScanner(/home/runner/work/ozone/ozone/hadoop-ozone/integration-test/target/test-dir/MiniOzoneClusterImpl-6935df51-69ff-4c35-8bd4-ed2b81d70e54/ozone-metadata/datanode-4/data-0/hdds)] INFO  ozoneimpl.AbstractBackgroundContainerScanner (AbstractBackgroundContainerScanner.java:runIteration(89)) - Completed an iteration in 0 minutes. Number of iterations (since the data-node restart) : 1, Number of containers scanned in this iteration : 0, Number of unhealthy containers found in this iteration : 0
2025-10-20 19:49:54,107 [c90bff1f-5a1f-42c6-8fca-9533d718c79a-EndpointStateMachineTaskThread-/0.0.0.0:15002-0 ] INFO  replication.ReplicationServer (ReplicationServer.java:start(137)) - ReplicationServer is started using port 15041
2025-10-20 19:49:54,107 [c90bff1f-5a1f-42c6-8fca-9533d718c79a-EndpointStateMachineTaskThread-/0.0.0.0:15002-0 ] INFO  ratis.XceiverServerRatis (XceiverServerRatis.java:start(559)) - Starting XceiverServerRatis(c90bff1f-5a1f-42c6-8fca-9533d718c79a)
2025-10-20 19:49:54,108 [c90bff1f-5a1f-42c6-8fca-9533d718c79a-EndpointStateMachineTaskThread-/0.0.0.0:15002-0 ] INFO  server.RaftServer (RaftServerProxy.java:startImpl(412)) - c90bff1f-5a1f-42c6-8fca-9533d718c79a: start RPC server
2025-10-20 19:49:54,109 [c90bff1f-5a1f-42c6-8fca-9533d718c79a-EndpointStateMachineTaskThread-/0.0.0.0:15002-0 ] INFO  server.GrpcServicesImpl (GrpcServicesImpl.java:startImpl(346)) - c90bff1f-5a1f-42c6-8fca-9533d718c79a: GrpcServicesImpl started, listening on 15037
2025-10-20 19:49:54,109 [c90bff1f-5a1f-42c6-8fca-9533d718c79a-EndpointStateMachineTaskThread-/0.0.0.0:15002-0 ] INFO  server.GrpcServicesImpl (GrpcServicesImpl.java:startImpl(346)) - c90bff1f-5a1f-42c6-8fca-9533d718c79a: GrpcServicesImpl started, listening on 15039
2025-10-20 19:49:54,110 [c90bff1f-5a1f-42c6-8fca-9533d718c79a-EndpointStateMachineTaskThread-/0.0.0.0:15002-0 ] INFO  server.GrpcServicesImpl (GrpcServicesImpl.java:startImpl(346)) - c90bff1f-5a1f-42c6-8fca-9533d718c79a: GrpcServicesImpl started, listening on 15038
2025-10-20 19:49:54,110 [c90bff1f-5a1f-42c6-8fca-9533d718c79a-EndpointStateMachineTaskThread-/0.0.0.0:15002-0 ] INFO  ratis.XceiverServerRatis (XceiverServerRatis.java:getRealPort(586)) - XceiverServerRatis(c90bff1f-5a1f-42c6-8fca-9533d718c79a) is started using port RATIS=15037
2025-10-20 19:49:54,110 [c90bff1f-5a1f-42c6-8fca-9533d718c79a-EndpointStateMachineTaskThread-/0.0.0.0:15002-0 ] INFO  ratis.XceiverServerRatis (XceiverServerRatis.java:getRealPort(586)) - XceiverServerRatis(c90bff1f-5a1f-42c6-8fca-9533d718c79a) is started using port RATIS_ADMIN=15038
2025-10-20 19:49:54,110 [c90bff1f-5a1f-42c6-8fca-9533d718c79a-EndpointStateMachineTaskThread-/0.0.0.0:15002-0 ] INFO  ratis.XceiverServerRatis (XceiverServerRatis.java:getRealPort(586)) - XceiverServerRatis(c90bff1f-5a1f-42c6-8fca-9533d718c79a) is started using port RATIS_SERVER=15039
2025-10-20 19:49:54,110 [JvmPauseMonitor6] INFO  util.JvmPauseMonitor (JvmPauseMonitor.java:run(146)) - JvmPauseMonitor-c90bff1f-5a1f-42c6-8fca-9533d718c79a: Started
2025-10-20 19:49:54,110 [c90bff1f-5a1f-42c6-8fca-9533d718c79a-EndpointStateMachineTaskThread-/0.0.0.0:15002-0 ] INFO  ratis.XceiverServerRatis (XceiverServerRatis.java:getRealPort(586)) - XceiverServerRatis(c90bff1f-5a1f-42c6-8fca-9533d718c79a) is started using port RATIS_DATASTREAM=15040
2025-10-20 19:49:54,111 [c90bff1f-5a1f-42c6-8fca-9533d718c79a-EndpointStateMachineTaskThread-/0.0.0.0:15002-0 ] INFO  utils.BackgroundService (BackgroundService.java:start(119)) - Starting service BlockDeletingService with interval 60000 milliseconds
2025-10-20 19:49:54,112 [c90bff1f-5a1f-42c6-8fca-9533d718c79a-EndpointStateMachineTaskThread-/0.0.0.0:15002-0 ] INFO  utils.BackgroundService (BackgroundService.java:start(119)) - Starting service StaleRecoveringContainerScrubbingService with interval 60000 milliseconds
2025-10-20 19:49:54,126 [ForkJoinPool-1-worker-1] INFO  protocol.DatanodeDetails (DatanodeDetails.java:validateDatanodeIpAddress(199)) - Updating IP address of datanode cc7fbe85-1d98-437b-84f9-04213fee10f0(localhost/null) to 127.0.0.1
2025-10-20 19:49:54,126 [ForkJoinPool-1-worker-1] INFO  ozone.HddsDatanodeService (HddsDatanodeService.java:start(236)) - HddsDatanodeService cc7fbe85-1d98-437b-84f9-04213fee10f0(localhost/127.0.0.1)
2025-10-20 19:49:54,128 [ForkJoinPool-1-worker-1] INFO  upgrade.AbstractLayoutVersionManager (AbstractLayoutVersionManager.java:init(80)) - Initializing Layout version manager with metadata layout = WITNESSED_CONTAINER_DB_PROTO_VALUE (version = 9), software layout = WITNESSED_CONTAINER_DB_PROTO_VALUE (version = 9)
2025-10-20 19:49:54,129 [ForkJoinPool-1-worker-1] INFO  statemachine.DatanodeStateMachine (DatanodeStateMachine.java:getEndPointTaskThreadPoolSize(321)) - Datanode State Machine Task Thread Pool size 2
2025-10-20 19:49:54,134 [ForkJoinPool-1-worker-1] INFO  volume.HddsVolume (HddsVolume.java:<init>(162)) - HddsVolume: { id=DS-4dfa9a47-2555-48f9-b2c0-b8ed0c575a62 dir=/home/runner/work/ozone/ozone/hadoop-ozone/integration-test/target/test-dir/MiniOzoneClusterImpl-6935df51-69ff-4c35-8bd4-ed2b81d70e54/ozone-metadata/datanode-7/data-0/hdds type=DISK capacity=9222449699674390527 used=0 available=9222449699674390527 minFree=184448985434423296 committed=0 }
2025-10-20 19:49:54,134 [ForkJoinPool-1-worker-1] INFO  volume.MutableVolumeSet (MutableVolumeSet.java:initializeVolumeSet(175)) - Added Volume : /home/runner/work/ozone/ozone/hadoop-ozone/integration-test/target/test-dir/MiniOzoneClusterImpl-6935df51-69ff-4c35-8bd4-ed2b81d70e54/ozone-metadata/datanode-7/data-0/hdds to VolumeSet
2025-10-20 19:49:54,135 [ForkJoinPool-1-worker-1] INFO  volume.MutableVolumeSet (MutableVolumeSet.java:initializeVolumeSet(175)) - Added Volume : /home/runner/work/ozone/ozone/hadoop-ozone/integration-test/target/test-dir/MiniOzoneClusterImpl-6935df51-69ff-4c35-8bd4-ed2b81d70e54/ozone-metadata/datanode-7/ratis to VolumeSet
2025-10-20 19:49:54,135 [ForkJoinPool-1-worker-1] INFO  ozoneimpl.OzoneContainer (HddsVolumeUtil.java:loadAllHddsVolumeDbStore(102)) - Load 1 volumes DbStore cost: 0ms
2025-10-20 19:49:54,136 [ForkJoinPool-1-worker-1] WARN  db.DBStoreBuilder (DBStoreBuilder.java:getDBDirPath(157)) - ozone.scm.datanode.id.dir is not configured. We recommend adding this setting. Falling back to ozone.metadata.dirs instead.
2025-10-20 19:49:54,136 [ForkJoinPool-1-worker-1] WARN  db.DBStoreBuilder (DBStoreBuilder.java:getDBDirPath(157)) - ozone.scm.datanode.id.dir is not configured. We recommend adding this setting. Falling back to ozone.metadata.dirs instead.
2025-10-20 19:49:54,151 [ForkJoinPool-1-worker-1] INFO  impl.FilePerChunkStrategy (FilePerChunkStrategy.java:<init>(79)) - ozone.chunk.read.mapped.buffer.max.count is load with 0
2025-10-20 19:49:54,151 [ForkJoinPool-1-worker-1] INFO  impl.FilePerBlockStrategy (FilePerBlockStrategy.java:<init>(88)) - ozone.chunk.read.mapped.buffer.max.count is load with 0
2025-10-20 19:49:54,152 [ForkJoinPool-1-worker-1] INFO  server.RaftServerConfigKeys (ConfUtils.java:logGet(62)) - raft.server.log.appender.buffer.byte-limit = 33554432 (custom)
2025-10-20 19:49:54,154 [ForkJoinPool-1-worker-1] INFO  grpc.GrpcConfigKeys (ConfUtils.java:logFallback(69)) - raft.grpc.admin.host = null (fallback to raft.grpc.server.host)
2025-10-20 19:49:54,154 [ForkJoinPool-1-worker-1] INFO  grpc.GrpcConfigKeys (ConfUtils.java:logGet(62)) - raft.grpc.admin.port = 15062 (custom)
2025-10-20 19:49:54,154 [ForkJoinPool-1-worker-1] INFO  grpc.GrpcConfigKeys (ConfUtils.java:logFallback(69)) - raft.grpc.client.host = null (fallback to raft.grpc.server.host)
2025-10-20 19:49:54,154 [ForkJoinPool-1-worker-1] INFO  grpc.GrpcConfigKeys (ConfUtils.java:logGet(62)) - raft.grpc.client.port = 15061 (custom)
2025-10-20 19:49:54,154 [ForkJoinPool-1-worker-1] INFO  grpc.GrpcConfigKeys (ConfUtils.java:logGet(62)) - raft.grpc.server.port = 15063 (custom)
2025-10-20 19:49:54,154 [ForkJoinPool-1-worker-1] INFO  server.GrpcServicesImpl (ConfUtils.java:logGet(62)) - raft.grpc.message.size.max = 34603008 (custom)
2025-10-20 19:49:54,155 [ForkJoinPool-1-worker-1] INFO  server.GrpcServicesImpl (ConfUtils.java:logGet(62)) - raft.grpc.flow.control.window = 5MB (=5242880) (custom)
2025-10-20 19:49:54,155 [ForkJoinPool-1-worker-1] INFO  server.RaftServerConfigKeys (ConfUtils.java:logGet(62)) - raft.server.log.appender.buffer.byte-limit = 33554432 (custom)
2025-10-20 19:49:54,157 [ForkJoinPool-1-worker-1] INFO  netty.NettyUtils (NettyUtils.java:newEventLoopGroup(74)) - Create EpollEventLoopGroup for cc7fbe85-1d98-437b-84f9-04213fee10f0-NettyServerStreamRpc-bossGroup; Thread size is 0.
2025-10-20 19:49:54,158 [ForkJoinPool-1-worker-1] INFO  netty.NettyUtils (NettyUtils.java:newEventLoopGroup(74)) - Create EpollEventLoopGroup for cc7fbe85-1d98-437b-84f9-04213fee10f0-NettyServerStreamRpc-workerGroup; Thread size is 0.
2025-10-20 19:49:54,158 [ForkJoinPool-1-worker-1] INFO  netty.NettyConfigKeys$DataStream (ConfUtils.java:logGet(62)) - raft.netty.dataStream.port = 15064 (custom)
2025-10-20 19:49:54,159 [cc7fbe85-1d98-437b-84f9-04213fee10f0-NettyServerStreamRpc-bossGroup--thread1] INFO  logging.LoggingHandler (AbstractInternalLogger.java:log(148)) - [id: 0xb93ca426] REGISTERED
2025-10-20 19:49:54,160 [ForkJoinPool-1-worker-1] INFO  server.RaftServerConfigKeys (ConfUtils.java:logGet(62)) - raft.server.storage.dir = [/home/runner/work/ozone/ozone/hadoop-ozone/integration-test/target/test-dir/MiniOzoneClusterImpl-6935df51-69ff-4c35-8bd4-ed2b81d70e54/ozone-metadata/datanode-7/ratis] (custom)
2025-10-20 19:49:54,160 [cc7fbe85-1d98-437b-84f9-04213fee10f0-NettyServerStreamRpc-bossGroup--thread1] INFO  logging.LoggingHandler (AbstractInternalLogger.java:log(148)) - [id: 0xb93ca426] BIND: 0.0.0.0/0.0.0.0:15064
2025-10-20 19:49:54,160 [cc7fbe85-1d98-437b-84f9-04213fee10f0-impl-thread1] INFO  server.RaftServer (RaftServerProxy.java:initGroupDir(270)) - cc7fbe85-1d98-437b-84f9-04213fee10f0: found a subdirectory /home/runner/work/ozone/ozone/hadoop-ozone/integration-test/target/test-dir/MiniOzoneClusterImpl-6935df51-69ff-4c35-8bd4-ed2b81d70e54/ozone-metadata/datanode-7/ratis/tmp
2025-10-20 19:49:54,160 [cc7fbe85-1d98-437b-84f9-04213fee10f0-impl-thread1] INFO  server.RaftServer (RaftServerProxy.java:initGroupDir(275)) - cc7fbe85-1d98-437b-84f9-04213fee10f0: The directory /home/runner/work/ozone/ozone/hadoop-ozone/integration-test/target/test-dir/MiniOzoneClusterImpl-6935df51-69ff-4c35-8bd4-ed2b81d70e54/ozone-metadata/datanode-7/ratis/tmp is not a group directory; ignoring it. 
2025-10-20 19:49:54,161 [ForkJoinPool-1-worker-1] INFO  replication.ReplicationServer (ReplicationServer.java:<init>(84)) - Initializing replication server with thread count = 10 queue length = 4096
2025-10-20 19:49:54,160 [cc7fbe85-1d98-437b-84f9-04213fee10f0-NettyServerStreamRpc-bossGroup--thread1] INFO  logging.LoggingHandler (AbstractInternalLogger.java:log(148)) - [id: 0xb93ca426, L:/0.0.0.0:15064] ACTIVE
2025-10-20 19:49:54,162 [ForkJoinPool-1-worker-1] INFO  server.XceiverServerGrpc (XceiverServerGrpc.java:<init>(129)) - GrpcServer channel type EpollServerSocketChannel
2025-10-20 19:49:54,169 [ForkJoinPool-1-worker-1] INFO  replication.ReplicationSupervisor (ReplicationSupervisor.java:build(169)) - Initializing replication supervisor with thread count = 10
2025-10-20 19:49:54,169 [ForkJoinPool-1-worker-1] INFO  replication.ReplicationSupervisor (ReplicationSupervisor.java:nodeStateUpdated(358)) - Node state updated to IN_SERVICE, scaling executor pool size to 10
2025-10-20 19:49:54,173 [ForkJoinPool-1-worker-1] INFO  http.BaseHttpServer (BaseHttpServer.java:newHttpServer2BuilderForOzone(227)) - Starting Web-server for hddsDatanode at: http://0.0.0.0:15058
2025-10-20 19:49:54,174 [ForkJoinPool-1-worker-1] INFO  http.BaseHttpServer (BaseHttpServer.java:<init>(105)) - Hadoop Security Enabled: false Ozone Security Enabled: false Ozone HTTP Security Enabled: false 
2025-10-20 19:49:54,176 [ForkJoinPool-1-worker-1] WARN  server.AuthenticationFilter (AuthenticationFilter.java:constructSecretProvider(240)) - Unable to initialize FileSignerSecretProvider, falling back to use random secrets. Reason: Could not read signature secret file: /home/runner/hadoop-http-auth-signature-secret
2025-10-20 19:49:54,179 [ForkJoinPool-1-worker-1] INFO  http.HttpServer2 (HttpServer2.java:addGlobalFilter(1040)) - Added global filter 'safety' (class=org.apache.hadoop.hdds.server.http.HttpServer2$QuotingInputFilter)
2025-10-20 19:49:54,181 [ForkJoinPool-1-worker-1] INFO  http.HttpServer2 (HttpServer2.java:addFilter(1016)) - Added filter static_user_filter (class=org.apache.hadoop.http.lib.StaticUserWebFilter$StaticUserFilter) to context hddsDatanode
2025-10-20 19:49:54,181 [ForkJoinPool-1-worker-1] INFO  http.HttpServer2 (HttpServer2.java:addFilter(1024)) - Added filter static_user_filter (class=org.apache.hadoop.http.lib.StaticUserWebFilter$StaticUserFilter) to context logs
2025-10-20 19:49:54,181 [ForkJoinPool-1-worker-1] INFO  http.HttpServer2 (HttpServer2.java:addFilter(1024)) - Added filter static_user_filter (class=org.apache.hadoop.http.lib.StaticUserWebFilter$StaticUserFilter) to context static
2025-10-20 19:49:54,182 [ForkJoinPool-1-worker-1] INFO  http.BaseHttpServer (BaseHttpServer.java:<init>(193)) - HTTP server of hddsDatanode uses base directory /home/runner/work/ozone/ozone/hadoop-ozone/integration-test/target/test-dir/MiniOzoneClusterImpl-6935df51-69ff-4c35-8bd4-ed2b81d70e54/scm/ozone-metadata/webserver
2025-10-20 19:49:54,182 [ForkJoinPool-1-worker-1] INFO  http.HttpServer2 (HttpServer2.java:bindListener(1240)) - Jetty bound to port 15058
2025-10-20 19:49:54,182 [ForkJoinPool-1-worker-1] INFO  server.Server (Server.java:doStart(375)) - jetty-9.4.58.v20250814; built: 2025-08-14T02:28:49.637Z; git: 8f1440587e9e4ae7db3d74cf205643f3d707148d; jvm 21.0.8+9-LTS
2025-10-20 19:49:54,184 [ForkJoinPool-1-worker-1] INFO  server.session (DefaultSessionIdManager.java:doStart(334)) - DefaultSessionIdManager workerName=node0
2025-10-20 19:49:54,184 [ForkJoinPool-1-worker-1] INFO  server.session (DefaultSessionIdManager.java:doStart(339)) - No SessionScavenger set, using defaults
2025-10-20 19:49:54,184 [ForkJoinPool-1-worker-1] INFO  server.session (HouseKeeper.java:startScavenging(132)) - node0 Scavenging every 660000ms
2025-10-20 19:49:54,185 [ForkJoinPool-1-worker-1] INFO  handler.ContextHandler (ContextHandler.java:doStart(921)) - Started o.e.j.s.ServletContextHandler@41ef20a8{logs,/logs,file:///home/runner/work/ozone/ozone/hadoop-ozone/integration-test/target/log,AVAILABLE}
2025-10-20 19:49:54,185 [ForkJoinPool-1-worker-1] INFO  handler.ContextHandler (ContextHandler.java:doStart(921)) - Started o.e.j.s.ServletContextHandler@6fe002cc{static,/static,jar:file:/home/runner/work/ozone/ozone/hadoop-hdds/container-service/target/hdds-container-service-2.1.0-SNAPSHOT.jar!/webapps/static,AVAILABLE}
2025-10-20 19:49:54,289 [IPC Server handler 8 on default port 15002] INFO  net.NetworkTopologyImpl (NetworkTopologyImpl.java:add(133)) - Added a new node: /default-rack/361055de-215b-4c6c-94c2-be1c1da118d1
2025-10-20 19:49:54,292 [IPC Server handler 8 on default port 15002] INFO  node.SCMNodeManager (SCMNodeManager.java:register(423)) - Registered datanode: 361055de-215b-4c6c-94c2-be1c1da118d1{ip: 127.0.0.1, host: localhost, ports: [HTTP=15026, CLIENT_RPC=15027, REPLICATION=15033, RATIS=15029, RATIS_ADMIN=15030, RATIS_SERVER=15031, RATIS_DATASTREAM=15032, STANDALONE=15028], networkLocation: /default-rack, certSerialId: null, persistedOpState: null, persistedOpStateExpiryEpochSec: 0}
2025-10-20 19:49:54,293 | INFO  | SCMAudit | user=runner | ip=127.0.0.1 | op=REGISTER {"datanodeDetails":"361055de-215b-4c6c-94c2-be1c1da118d1(localhost/127.0.0.1)"} | ret=SUCCESS |  
2025-10-20 19:49:54,293 [EventQueue-ContainerRegistrationReportForECContainerSafeModeRule] INFO  safemode.SCMSafeModeManager (SCMSafeModeManager.java:validateSafeModeExitRules(138)) - ECContainerSafeModeRule rule is successfully validated
2025-10-20 19:49:54,294 [EventQueue-NodeRegistrationContainerReportForDataNodeSafeModeRule] INFO  safemode.SCMSafeModeManager (DataNodeSafeModeRule.java:process(78)) - SCM in safe mode. 3 DataNodes registered, 3 required.
2025-10-20 19:49:54,294 [EventQueue-NodeRegistrationContainerReportForDataNodeSafeModeRule] INFO  safemode.SCMSafeModeManager (SCMSafeModeManager.java:validateSafeModeExitRules(138)) - DataNodeSafeModeRule rule is successfully validated
2025-10-20 19:49:54,294 [EventQueue-NodeRegistrationContainerReportForDataNodeSafeModeRule] INFO  safemode.SCMSafeModeManager (SCMSafeModeManager.java:validateSafeModeExitRules(151)) - All SCM safe mode pre check rules have passed
2025-10-20 19:49:54,294 [EventQueue-NodeRegistrationContainerReportForDataNodeSafeModeRule] INFO  ha.SCMContext (SCMContext.java:updateSafeModeStatus(224)) - Update SafeModeStatus from SafeModeStatus{safeModeStatus=true, preCheckPassed=false} to SafeModeStatus{safeModeStatus=true, preCheckPassed=true}.
2025-10-20 19:49:54,294 [EventQueue-NodeRegistrationContainerReportForDataNodeSafeModeRule] INFO  pipeline.BackgroundPipelineCreator (BackgroundPipelineCreator.java:notifyEventTriggered(290)) - trigger a one-shot run on RatisPipelineUtilsThread.
2025-10-20 19:49:54,294 [EventQueue-PipelineReportForOneReplicaPipelineSafeModeRule] INFO  safemode.SCMSafeModeManager (SCMSafeModeManager.java:validateSafeModeExitRules(138)) - OneReplicaPipelineSafeModeRule rule is successfully validated
2025-10-20 19:49:54,294 [EventQueue-ContainerRegistrationReportForRatisContainerSafeModeRule] INFO  safemode.SCMSafeModeManager (SCMSafeModeManager.java:validateSafeModeExitRules(138)) - RatisContainerSafeModeRule rule is successfully validated
2025-10-20 19:49:54,294 [EventQueue-NewNodeForNewNodeHandler] INFO  pipeline.BackgroundPipelineCreator (BackgroundPipelineCreator.java:notifyEventTriggered(290)) - trigger a one-shot run on RatisPipelineUtilsThread.
2025-10-20 19:49:54,295 [RatisPipelineUtilsThread-0] INFO  pipeline.RatisPipelineProvider (RatisPipelineProvider.java:lambda$create$0(208)) - Sending CreatePipelineCommand for pipeline:Pipeline-6f0420ee-085e-4e22-8eb9-dadc204fe0de to datanode:361055de-215b-4c6c-94c2-be1c1da118d1(localhost/127.0.0.1)
2025-10-20 19:49:54,301 [206580cc-82ee-4213-b95b-59cb1d300b36@group-ED2B81D70E54-StateMachineUpdater] INFO  safemode.SCMSafeModeManager (SCMSafeModeManager.java:validateSafeModeExitRules(138)) - DataNodeSafeModeRule rule is successfully validated
2025-10-20 19:49:54,301 [206580cc-82ee-4213-b95b-59cb1d300b36@group-ED2B81D70E54-StateMachineUpdater] INFO  safemode.SCMSafeModeManager (SCMSafeModeManager.java:validateSafeModeExitRules(138)) - RatisContainerSafeModeRule rule is successfully validated
2025-10-20 19:49:54,301 [206580cc-82ee-4213-b95b-59cb1d300b36@group-ED2B81D70E54-StateMachineUpdater] INFO  safemode.HealthyPipelineSafeModeRule (HealthyPipelineSafeModeRule.java:initializeRule(226)) - Refreshed total pipeline count is 0, healthy pipeline threshold count is 1
2025-10-20 19:49:54,301 [206580cc-82ee-4213-b95b-59cb1d300b36@group-ED2B81D70E54-StateMachineUpdater] INFO  safemode.SCMSafeModeManager (SCMSafeModeManager.java:validateSafeModeExitRules(138)) - OneReplicaPipelineSafeModeRule rule is successfully validated
2025-10-20 19:49:54,301 [206580cc-82ee-4213-b95b-59cb1d300b36@group-ED2B81D70E54-StateMachineUpdater] INFO  safemode.SCMSafeModeManager (SCMSafeModeManager.java:validateSafeModeExitRules(138)) - ECContainerSafeModeRule rule is successfully validated
2025-10-20 19:49:54,302 [RatisPipelineUtilsThread-0] INFO  pipeline.BackgroundPipelineCreator (BackgroundPipelineCreator.java:createPipelines(246)) - Created new pipeline Pipeline{ Id: 6f0420ee-085e-4e22-8eb9-dadc204fe0de, Nodes: [ {361055de-215b-4c6c-94c2-be1c1da118d1(localhost/127.0.0.1), ReplicaIndex: 0},], ReplicationConfig: RATIS/ONE, State:ALLOCATED, leaderId:, CreationTimestamp2025-10-20T19:49:54.295848400Z[Etc/UTC]}
2025-10-20 19:49:54,312 [RatisPipelineUtilsThread-0] INFO  pipeline.RatisPipelineProvider (RatisPipelineProvider.java:lambda$create$0(208)) - Sending CreatePipelineCommand for pipeline:Pipeline-0b8c5e6b-69eb-484b-887e-939de61e1e74 to datanode:ef67b0a7-5b27-496d-9f38-ab804a28e500(localhost/127.0.0.1)
2025-10-20 19:49:54,312 [RatisPipelineUtilsThread-0] INFO  pipeline.RatisPipelineProvider (RatisPipelineProvider.java:lambda$create$0(208)) - Sending CreatePipelineCommand for pipeline:Pipeline-0b8c5e6b-69eb-484b-887e-939de61e1e74 to datanode:361055de-215b-4c6c-94c2-be1c1da118d1(localhost/127.0.0.1)
2025-10-20 19:49:54,312 [RatisPipelineUtilsThread-0] INFO  pipeline.RatisPipelineProvider (RatisPipelineProvider.java:lambda$create$0(208)) - Sending CreatePipelineCommand for pipeline:Pipeline-0b8c5e6b-69eb-484b-887e-939de61e1e74 to datanode:e05592a5-d00f-4fc1-9e39-a968c1ecb04e(localhost/127.0.0.1)
2025-10-20 19:49:54,319 [206580cc-82ee-4213-b95b-59cb1d300b36@group-ED2B81D70E54-StateMachineUpdater] INFO  safemode.SCMSafeModeManager (SCMSafeModeManager.java:validateSafeModeExitRules(138)) - DataNodeSafeModeRule rule is successfully validated
2025-10-20 19:49:54,320 [206580cc-82ee-4213-b95b-59cb1d300b36@group-ED2B81D70E54-StateMachineUpdater] INFO  safemode.SCMSafeModeManager (SCMSafeModeManager.java:validateSafeModeExitRules(138)) - RatisContainerSafeModeRule rule is successfully validated
2025-10-20 19:49:54,320 [206580cc-82ee-4213-b95b-59cb1d300b36@group-ED2B81D70E54-StateMachineUpdater] INFO  safemode.HealthyPipelineSafeModeRule (HealthyPipelineSafeModeRule.java:initializeRule(226)) - Refreshed total pipeline count is 0, healthy pipeline threshold count is 1
2025-10-20 19:49:54,320 [206580cc-82ee-4213-b95b-59cb1d300b36@group-ED2B81D70E54-StateMachineUpdater] INFO  safemode.SCMSafeModeManager (SCMSafeModeManager.java:validateSafeModeExitRules(138)) - OneReplicaPipelineSafeModeRule rule is successfully validated
2025-10-20 19:49:54,320 [206580cc-82ee-4213-b95b-59cb1d300b36@group-ED2B81D70E54-StateMachineUpdater] INFO  safemode.SCMSafeModeManager (SCMSafeModeManager.java:validateSafeModeExitRules(138)) - ECContainerSafeModeRule rule is successfully validated
2025-10-20 19:49:54,321 [RatisPipelineUtilsThread-0] INFO  pipeline.BackgroundPipelineCreator (BackgroundPipelineCreator.java:createPipelines(246)) - Created new pipeline Pipeline{ Id: 0b8c5e6b-69eb-484b-887e-939de61e1e74, Nodes: [ {ef67b0a7-5b27-496d-9f38-ab804a28e500(localhost/127.0.0.1), ReplicaIndex: 0}, {361055de-215b-4c6c-94c2-be1c1da118d1(localhost/127.0.0.1), ReplicaIndex: 0}, {e05592a5-d00f-4fc1-9e39-a968c1ecb04e(localhost/127.0.0.1), ReplicaIndex: 0},], ReplicationConfig: RATIS/THREE, State:ALLOCATED, leaderId:, CreationTimestamp2025-10-20T19:49:54.312659725Z[Etc/UTC]}
2025-10-20 19:49:54,322 [RatisPipelineUtilsThread-0] INFO  pipeline.RatisPipelineProvider (RatisPipelineProvider.java:lambda$create$0(208)) - Sending CreatePipelineCommand for pipeline:Pipeline-aabd30cf-05b8-4e3b-b15e-1aa5f909702d to datanode:ef67b0a7-5b27-496d-9f38-ab804a28e500(localhost/127.0.0.1)
2025-10-20 19:49:54,322 [RatisPipelineUtilsThread-0] INFO  pipeline.RatisPipelineProvider (RatisPipelineProvider.java:lambda$create$0(208)) - Sending CreatePipelineCommand for pipeline:Pipeline-aabd30cf-05b8-4e3b-b15e-1aa5f909702d to datanode:e05592a5-d00f-4fc1-9e39-a968c1ecb04e(localhost/127.0.0.1)
2025-10-20 19:49:54,322 [RatisPipelineUtilsThread-0] INFO  pipeline.RatisPipelineProvider (RatisPipelineProvider.java:lambda$create$0(208)) - Sending CreatePipelineCommand for pipeline:Pipeline-aabd30cf-05b8-4e3b-b15e-1aa5f909702d to datanode:361055de-215b-4c6c-94c2-be1c1da118d1(localhost/127.0.0.1)
2025-10-20 19:49:54,329 [206580cc-82ee-4213-b95b-59cb1d300b36@group-ED2B81D70E54-StateMachineUpdater] INFO  safemode.SCMSafeModeManager (SCMSafeModeManager.java:validateSafeModeExitRules(138)) - DataNodeSafeModeRule rule is successfully validated
2025-10-20 19:49:54,329 [206580cc-82ee-4213-b95b-59cb1d300b36@group-ED2B81D70E54-StateMachineUpdater] INFO  safemode.SCMSafeModeManager (SCMSafeModeManager.java:validateSafeModeExitRules(138)) - RatisContainerSafeModeRule rule is successfully validated
2025-10-20 19:49:54,329 [206580cc-82ee-4213-b95b-59cb1d300b36@group-ED2B81D70E54-StateMachineUpdater] INFO  safemode.HealthyPipelineSafeModeRule (HealthyPipelineSafeModeRule.java:initializeRule(226)) - Refreshed total pipeline count is 0, healthy pipeline threshold count is 1
2025-10-20 19:49:54,330 [206580cc-82ee-4213-b95b-59cb1d300b36@group-ED2B81D70E54-StateMachineUpdater] INFO  safemode.SCMSafeModeManager (SCMSafeModeManager.java:validateSafeModeExitRules(138)) - OneReplicaPipelineSafeModeRule rule is successfully validated
2025-10-20 19:49:54,330 [206580cc-82ee-4213-b95b-59cb1d300b36@group-ED2B81D70E54-StateMachineUpdater] INFO  safemode.SCMSafeModeManager (SCMSafeModeManager.java:validateSafeModeExitRules(138)) - ECContainerSafeModeRule rule is successfully validated
2025-10-20 19:49:54,331 [RatisPipelineUtilsThread-0] INFO  pipeline.PipelineManagerImpl (PipelineManagerImpl.java:recordMetricsForPipeline(922)) - Pipeline-aabd30cf-05b8-4e3b-b15e-1aa5f909702d and Pipeline-0b8c5e6b-69eb-484b-887e-939de61e1e74 have exactly the same set of datanodes: [ef67b0a7-5b27-496d-9f38-ab804a28e500(localhost/127.0.0.1), e05592a5-d00f-4fc1-9e39-a968c1ecb04e(localhost/127.0.0.1), 361055de-215b-4c6c-94c2-be1c1da118d1(localhost/127.0.0.1)]
2025-10-20 19:49:54,331 [RatisPipelineUtilsThread-0] INFO  pipeline.BackgroundPipelineCreator (BackgroundPipelineCreator.java:createPipelines(246)) - Created new pipeline Pipeline{ Id: aabd30cf-05b8-4e3b-b15e-1aa5f909702d, Nodes: [ {ef67b0a7-5b27-496d-9f38-ab804a28e500(localhost/127.0.0.1), ReplicaIndex: 0}, {e05592a5-d00f-4fc1-9e39-a968c1ecb04e(localhost/127.0.0.1), ReplicaIndex: 0}, {361055de-215b-4c6c-94c2-be1c1da118d1(localhost/127.0.0.1), ReplicaIndex: 0},], ReplicationConfig: RATIS/THREE, State:ALLOCATED, leaderId:, CreationTimestamp2025-10-20T19:49:54.322267734Z[Etc/UTC]}
2025-10-20 19:49:54,352 | INFO  | SCMAudit | user=runner | ip=127.0.0.1 | op=GET_VERSION {} | ret=SUCCESS |  
2025-10-20 19:49:54,365 | INFO  | SCMAudit | user=runner | ip=127.0.0.1 | op=SEND_HEARTBEAT {"datanodeUUID":"e05592a5-d00f-4fc1-9e39-a968c1ecb04e","term":"2","command":"[commandType: createPipelineCommand createPipelineCommandProto { pipelineID { id: \"b1a34ffb-9e35-4ea0-a61f-1d401c589e9b\" uuid128 { mostSigBits: -5646581565682790752 leastSigBits: -6476425577944801637 } } type: RATIS factor: ONE datanode { uuid: \"e05592a5-d00f-4fc1-9e39-a968c1ecb04e\" ipAddress: \"127.0.0.1\" hostName: \"localhost\" ports { name: \"HTTP\" value: 15010 } ports { name: \"CLIENT_RPC\" value: 15011 } ports { name: \"REPLICATION\" value: 15017 } ports { name: \"RATIS\" value: 15013 } ports { name: \"RATIS_ADMIN\" value: 15014 } ports { name: \"RATIS_SERVER\" value: 15015 } ports { name: \"RATIS_DATASTREAM\" value: 15016 } ports { name: \"STANDALONE\" value: 15012 } networkName: \"e05592a5-d00f-4fc1-9e39-a968c1ecb04e\" networkLocation: \"/default-rack\" persistedOpState: IN_SERVICE persistedOpStateExpiry: 0 currentVersion: 2 uuid128 { mostSigBits: -2281756395335364671 leastSigBits: -7045413874649223090 } level: 3 id { uuid { mostSigBits: -2281756395335364671 leastSigBits: -7045413874649223090 } } } cmdId: 1760989793823 priority: 1 } term: 2 encodedToken: \"\" deadlineMsSinceEpoch: 0]"} | ret=SUCCESS |  
2025-10-20 19:49:54,374 [ForkJoinPool-1-worker-1] INFO  handler.ContextHandler (ContextHandler.java:doStart(921)) - Started o.e.j.w.WebAppContext@518f34d{hddsDatanode,/,file:///home/runner/work/ozone/ozone/hadoop-ozone/integration-test/target/test-dir/MiniOzoneClusterImpl-6935df51-69ff-4c35-8bd4-ed2b81d70e54/scm/ozone-metadata/webserver/jetty-0_0_0_0-15058-hdds-container-service-2_1_0-SNAPSHOT_jar-_-any-7604915450810605718/webapp/,AVAILABLE}{jar:file:/home/runner/work/ozone/ozone/hadoop-hdds/container-service/target/hdds-container-service-2.1.0-SNAPSHOT.jar!/webapps/hddsDatanode}
2025-10-20 19:49:54,374 [ForkJoinPool-1-worker-1] INFO  server.AbstractConnector (AbstractConnector.java:doStart(333)) - Started ServerConnector@1f22984a{HTTP/1.1, (http/1.1)}{0.0.0.0:15058}
2025-10-20 19:49:54,375 [ForkJoinPool-1-worker-1] INFO  server.Server (Server.java:doStart(415)) - Started @12027ms
2025-10-20 19:49:54,375 [ForkJoinPool-1-worker-1] WARN  impl.MetricsSystemImpl (MetricsSystemImpl.java:register(279)) - Sink prometheus already exists!
2025-10-20 19:49:54,375 [ForkJoinPool-1-worker-1] INFO  http.BaseHttpServer (BaseHttpServer.java:updateConnectorAddress(357)) - HTTP server of hddsDatanode listening at http://localhost:15058
2025-10-20 19:49:54,375 [ForkJoinPool-1-worker-1] INFO  ipc.CallQueueManager (CallQueueManager.java:<init>(93)) - Using callQueue: class java.util.concurrent.LinkedBlockingQueue, queueCapacity: 1000, scheduler: class org.apache.hadoop.ipc.DefaultRpcScheduler, ipcBackoff: false, ipcFailOver: false.
2025-10-20 19:49:54,376 [ForkJoinPool-1-worker-1] INFO  ipc.Server (Server.java:<init>(1438)) - Listener at 0.0.0.0:15059
2025-10-20 19:49:54,376 [Socket Reader #1 for port 15059] INFO  ipc.Server (Server.java:run(1474)) - Starting Socket Reader #1 for port 15059
2025-10-20 19:49:54,376 [Socket Reader #2 for port 15059] INFO  ipc.Server (Server.java:run(1474)) - Starting Socket Reader #2 for port 15059
2025-10-20 19:49:54,377 [Socket Reader #3 for port 15059] INFO  ipc.Server (Server.java:run(1474)) - Starting Socket Reader #3 for port 15059
2025-10-20 19:49:54,377 [Socket Reader #4 for port 15059] INFO  ipc.Server (Server.java:run(1474)) - Starting Socket Reader #4 for port 15059
2025-10-20 19:49:54,377 [Socket Reader #5 for port 15059] INFO  ipc.Server (Server.java:run(1474)) - Starting Socket Reader #5 for port 15059
2025-10-20 19:49:54,377 [Socket Reader #6 for port 15059] INFO  ipc.Server (Server.java:run(1474)) - Starting Socket Reader #6 for port 15059
2025-10-20 19:49:54,377 [Socket Reader #7 for port 15059] INFO  ipc.Server (Server.java:run(1474)) - Starting Socket Reader #7 for port 15059
2025-10-20 19:49:54,378 [Socket Reader #8 for port 15059] INFO  ipc.Server (Server.java:run(1474)) - Starting Socket Reader #8 for port 15059
2025-10-20 19:49:54,378 [Socket Reader #9 for port 15059] INFO  ipc.Server (Server.java:run(1474)) - Starting Socket Reader #9 for port 15059
2025-10-20 19:49:54,378 [Socket Reader #10 for port 15059] INFO  ipc.Server (Server.java:run(1474)) - Starting Socket Reader #10 for port 15059
2025-10-20 19:49:54,380 [ForkJoinPool-1-worker-1] INFO  ozone.HddsDatanodeService (HddsDatanodeService.java:start(333)) - Datanode start with admins: [admin, runner]
2025-10-20 19:49:54,380 [ForkJoinPool-1-worker-1] INFO  ozone.HddsDatanodeClientProtocolServer (HddsDatanodeClientProtocolServer.java:start(76)) - RPC server for Client /0.0.0.0:15059
2025-10-20 19:49:54,380 [IPC Server Responder] INFO  ipc.Server (Server.java:run(1713)) - IPC Server Responder: starting
2025-10-20 19:49:54,380 [IPC Server listener on 15059] INFO  ipc.Server (Server.java:run(1553)) - IPC Server listener on 15059: starting
2025-10-20 19:49:54,382 [ForkJoinPool-1-worker-1] WARN  dropwizard3.Dm3MetricRegistriesImpl (Dm3MetricRegistriesImpl.java:addReporterRegistration(114)) - New reporters are added after registries were created. Some metrics will be missing from the reporter. Please add reporter before adding any new registry.
2025-10-20 19:49:54,382 [ForkJoinPool-1-worker-1] WARN  dropwizard3.Dm3MetricRegistriesImpl (Dm3MetricRegistriesImpl.java:addReporterRegistration(114)) - New reporters are added after registries were created. Some metrics will be missing from the reporter. Please add reporter before adding any new registry.
2025-10-20 19:49:54,384 [cc7fbe85-1d98-437b-84f9-04213fee10f0-DatanodeStateMachineDaemonThread] INFO  statemachine.DatanodeStateMachine (DatanodeStateMachine.java:startStateMachineThread(363)) - Ozone container server started.
2025-10-20 19:49:54,386 [af0e5da1-57af-45e9-9aca-fa0798d05628-EndpointStateMachineTaskThread-/0.0.0.0:15002-0 ] INFO  utils.DatanodeStoreCache (DatanodeStoreCache.java:addDB(70)) - Added db /home/runner/work/ozone/ozone/hadoop-ozone/integration-test/target/test-dir/MiniOzoneClusterImpl-6935df51-69ff-4c35-8bd4-ed2b81d70e54/ozone-metadata/datanode-5/data-0/hdds/6935df51-69ff-4c35-8bd4-ed2b81d70e54/DS-93178c18-d1c0-4f4a-b6eb-5c5123743af9/container.db to cache
2025-10-20 19:49:54,386 [af0e5da1-57af-45e9-9aca-fa0798d05628-EndpointStateMachineTaskThread-/0.0.0.0:15002-0 ] INFO  volume.HddsVolume (HddsVolume.java:createDbStore(576)) - SchemaV3 db is created and loaded at /home/runner/work/ozone/ozone/hadoop-ozone/integration-test/target/test-dir/MiniOzoneClusterImpl-6935df51-69ff-4c35-8bd4-ed2b81d70e54/ozone-metadata/datanode-5/data-0/hdds/6935df51-69ff-4c35-8bd4-ed2b81d70e54/DS-93178c18-d1c0-4f4a-b6eb-5c5123743af9/container.db for volume DS-93178c18-d1c0-4f4a-b6eb-5c5123743af9
2025-10-20 19:49:54,391 [cc7fbe85-1d98-437b-84f9-04213fee10f0-DatanodeStateMachineTaskThread-0] INFO  datanode.InitDatanodeState (InitDatanodeState.java:persistContainerDatanodeDetails(139)) - DatanodeDetails is persisted to /home/runner/work/ozone/ozone/hadoop-ozone/integration-test/target/test-dir/MiniOzoneClusterImpl-6935df51-69ff-4c35-8bd4-ed2b81d70e54/ozone-metadata/datanode-7/ozone-metadata/datanode.id
2025-10-20 19:49:54,393 [af0e5da1-57af-45e9-9aca-fa0798d05628-ContainerReader-0] INFO  ozoneimpl.ContainerReader (ContainerReader.java:readVolume(147)) - Start to verify containers on volume /home/runner/work/ozone/ozone/hadoop-ozone/integration-test/target/test-dir/MiniOzoneClusterImpl-6935df51-69ff-4c35-8bd4-ed2b81d70e54/ozone-metadata/datanode-5/data-0/hdds
2025-10-20 19:49:54,393 [af0e5da1-57af-45e9-9aca-fa0798d05628-ContainerReader-0] INFO  ozoneimpl.ContainerReader (ContainerReader.java:readVolume(177)) - Finish verifying containers on volume /home/runner/work/ozone/ozone/hadoop-ozone/integration-test/target/test-dir/MiniOzoneClusterImpl-6935df51-69ff-4c35-8bd4-ed2b81d70e54/ozone-metadata/datanode-5/data-0/hdds
2025-10-20 19:49:54,393 [af0e5da1-57af-45e9-9aca-fa0798d05628-EndpointStateMachineTaskThread-/0.0.0.0:15002-0 ] INFO  ozoneimpl.OzoneContainer (OzoneContainer.java:buildContainerSet(359)) - Build ContainerSet costs 0s
2025-10-20 19:49:54,393 [af0e5da1-57af-45e9-9aca-fa0798d05628-EndpointStateMachineTaskThread-/0.0.0.0:15002-0 ] INFO  volume.ThrottledAsyncChecker (ThrottledAsyncChecker.java:schedule(138)) - Scheduling a check for /home/runner/work/ozone/ozone/hadoop-ozone/integration-test/target/test-dir/MiniOzoneClusterImpl-6935df51-69ff-4c35-8bd4-ed2b81d70e54/ozone-metadata/datanode-5/data-0/hdds
2025-10-20 19:49:54,394 [af0e5da1-57af-45e9-9aca-fa0798d05628-EndpointStateMachineTaskThread-/0.0.0.0:15002-0 ] INFO  volume.StorageVolumeChecker (StorageVolumeChecker.java:checkAllVolumes(231)) - Scheduled health check for volume /home/runner/work/ozone/ozone/hadoop-ozone/integration-test/target/test-dir/MiniOzoneClusterImpl-6935df51-69ff-4c35-8bd4-ed2b81d70e54/ozone-metadata/datanode-5/data-0/hdds
2025-10-20 19:49:54,397 [af0e5da1-57af-45e9-9aca-fa0798d05628-EndpointStateMachineTaskThread-/0.0.0.0:15002-0 ] INFO  volume.ThrottledAsyncChecker (ThrottledAsyncChecker.java:schedule(138)) - Scheduling a check for /home/runner/work/ozone/ozone/hadoop-ozone/integration-test/target/test-dir/MiniOzoneClusterImpl-6935df51-69ff-4c35-8bd4-ed2b81d70e54/ozone-metadata/datanode-5/ratis
2025-10-20 19:49:54,397 [af0e5da1-57af-45e9-9aca-fa0798d05628-EndpointStateMachineTaskThread-/0.0.0.0:15002-0 ] INFO  volume.StorageVolumeChecker (StorageVolumeChecker.java:checkAllVolumes(231)) - Scheduled health check for volume /home/runner/work/ozone/ozone/hadoop-ozone/integration-test/target/test-dir/MiniOzoneClusterImpl-6935df51-69ff-4c35-8bd4-ed2b81d70e54/ozone-metadata/datanode-5/ratis
2025-10-20 19:49:54,398 [af0e5da1-57af-45e9-9aca-fa0798d05628-EndpointStateMachineTaskThread-/0.0.0.0:15002-0 ] INFO  ozoneimpl.OzoneContainer (OzoneContainer.java:start(544)) - Attempting to start container services.
2025-10-20 19:49:54,399 [ContainerMetadataScanner] INFO  ozoneimpl.AbstractBackgroundContainerScanner (AbstractBackgroundContainerScanner.java:runIteration(89)) - Completed an iteration in 0 minutes. Number of iterations (since the data-node restart) : 1, Number of containers scanned in this iteration : 0, Number of unhealthy containers found in this iteration : 0
2025-10-20 19:49:54,399 [ContainerDataScanner(/home/runner/work/ozone/ozone/hadoop-ozone/integration-test/target/test-dir/MiniOzoneClusterImpl-6935df51-69ff-4c35-8bd4-ed2b81d70e54/ozone-metadata/datanode-5/data-0/hdds)] INFO  ozoneimpl.AbstractBackgroundContainerScanner (AbstractBackgroundContainerScanner.java:runIteration(89)) - Completed an iteration in 0 minutes. Number of iterations (since the data-node restart) : 1, Number of containers scanned in this iteration : 0, Number of unhealthy containers found in this iteration : 0
2025-10-20 19:49:54,400 [af0e5da1-57af-45e9-9aca-fa0798d05628-EndpointStateMachineTaskThread-/0.0.0.0:15002-0 ] INFO  replication.ReplicationServer (ReplicationServer.java:start(137)) - ReplicationServer is started using port 15049
2025-10-20 19:49:54,400 [af0e5da1-57af-45e9-9aca-fa0798d05628-EndpointStateMachineTaskThread-/0.0.0.0:15002-0 ] INFO  ratis.XceiverServerRatis (XceiverServerRatis.java:start(559)) - Starting XceiverServerRatis(af0e5da1-57af-45e9-9aca-fa0798d05628)
2025-10-20 19:49:54,401 [af0e5da1-57af-45e9-9aca-fa0798d05628-EndpointStateMachineTaskThread-/0.0.0.0:15002-0 ] INFO  server.RaftServer (RaftServerProxy.java:startImpl(412)) - af0e5da1-57af-45e9-9aca-fa0798d05628: start RPC server
2025-10-20 19:49:54,402 [af0e5da1-57af-45e9-9aca-fa0798d05628-EndpointStateMachineTaskThread-/0.0.0.0:15002-0 ] INFO  server.GrpcServicesImpl (GrpcServicesImpl.java:startImpl(346)) - af0e5da1-57af-45e9-9aca-fa0798d05628: GrpcServicesImpl started, listening on 15045
2025-10-20 19:49:54,402 [af0e5da1-57af-45e9-9aca-fa0798d05628-EndpointStateMachineTaskThread-/0.0.0.0:15002-0 ] INFO  server.GrpcServicesImpl (GrpcServicesImpl.java:startImpl(346)) - af0e5da1-57af-45e9-9aca-fa0798d05628: GrpcServicesImpl started, listening on 15047
2025-10-20 19:49:54,403 [af0e5da1-57af-45e9-9aca-fa0798d05628-EndpointStateMachineTaskThread-/0.0.0.0:15002-0 ] INFO  server.GrpcServicesImpl (GrpcServicesImpl.java:startImpl(346)) - af0e5da1-57af-45e9-9aca-fa0798d05628: GrpcServicesImpl started, listening on 15046
2025-10-20 19:49:54,403 [af0e5da1-57af-45e9-9aca-fa0798d05628-EndpointStateMachineTaskThread-/0.0.0.0:15002-0 ] INFO  ratis.XceiverServerRatis (XceiverServerRatis.java:getRealPort(586)) - XceiverServerRatis(af0e5da1-57af-45e9-9aca-fa0798d05628) is started using port RATIS=15045
2025-10-20 19:49:54,403 [af0e5da1-57af-45e9-9aca-fa0798d05628-EndpointStateMachineTaskThread-/0.0.0.0:15002-0 ] INFO  ratis.XceiverServerRatis (XceiverServerRatis.java:getRealPort(586)) - XceiverServerRatis(af0e5da1-57af-45e9-9aca-fa0798d05628) is started using port RATIS_ADMIN=15046
2025-10-20 19:49:54,403 [af0e5da1-57af-45e9-9aca-fa0798d05628-EndpointStateMachineTaskThread-/0.0.0.0:15002-0 ] INFO  ratis.XceiverServerRatis (XceiverServerRatis.java:getRealPort(586)) - XceiverServerRatis(af0e5da1-57af-45e9-9aca-fa0798d05628) is started using port RATIS_SERVER=15047
2025-10-20 19:49:54,404 [af0e5da1-57af-45e9-9aca-fa0798d05628-EndpointStateMachineTaskThread-/0.0.0.0:15002-0 ] INFO  ratis.XceiverServerRatis (XceiverServerRatis.java:getRealPort(586)) - XceiverServerRatis(af0e5da1-57af-45e9-9aca-fa0798d05628) is started using port RATIS_DATASTREAM=15048
2025-10-20 19:49:54,404 [af0e5da1-57af-45e9-9aca-fa0798d05628-EndpointStateMachineTaskThread-/0.0.0.0:15002-0 ] INFO  utils.BackgroundService (BackgroundService.java:start(119)) - Starting service BlockDeletingService with interval 60000 milliseconds
2025-10-20 19:49:54,405 [af0e5da1-57af-45e9-9aca-fa0798d05628-EndpointStateMachineTaskThread-/0.0.0.0:15002-0 ] INFO  utils.BackgroundService (BackgroundService.java:start(119)) - Starting service StaleRecoveringContainerScrubbingService with interval 60000 milliseconds
2025-10-20 19:49:54,403 [JvmPauseMonitor7] INFO  util.JvmPauseMonitor (JvmPauseMonitor.java:run(146)) - JvmPauseMonitor-af0e5da1-57af-45e9-9aca-fa0798d05628: Started
2025-10-20 19:49:54,405 [ForkJoinPool-1-worker-1] INFO  protocol.DatanodeDetails (DatanodeDetails.java:validateDatanodeIpAddress(199)) - Updating IP address of datanode 7bb0e7f0-2b36-4ec0-8a09-ceac75d91a36(localhost/null) to 127.0.0.1
2025-10-20 19:49:54,405 [ForkJoinPool-1-worker-1] INFO  ozone.HddsDatanodeService (HddsDatanodeService.java:start(236)) - HddsDatanodeService 7bb0e7f0-2b36-4ec0-8a09-ceac75d91a36(localhost/127.0.0.1)
2025-10-20 19:49:54,407 [ForkJoinPool-1-worker-1] INFO  upgrade.AbstractLayoutVersionManager (AbstractLayoutVersionManager.java:init(80)) - Initializing Layout version manager with metadata layout = WITNESSED_CONTAINER_DB_PROTO_VALUE (version = 9), software layout = WITNESSED_CONTAINER_DB_PROTO_VALUE (version = 9)
2025-10-20 19:49:54,408 [ForkJoinPool-1-worker-1] INFO  statemachine.DatanodeStateMachine (DatanodeStateMachine.java:getEndPointTaskThreadPoolSize(321)) - Datanode State Machine Task Thread Pool size 2
2025-10-20 19:49:54,411 [ForkJoinPool-1-worker-1] INFO  volume.HddsVolume (HddsVolume.java:<init>(162)) - HddsVolume: { id=DS-f5a7ef18-cd71-45da-8d15-7c3d8013725c dir=/home/runner/work/ozone/ozone/hadoop-ozone/integration-test/target/test-dir/MiniOzoneClusterImpl-6935df51-69ff-4c35-8bd4-ed2b81d70e54/ozone-metadata/datanode-8/data-0/hdds type=DISK capacity=9222449699674390527 used=0 available=9222449699674390527 minFree=184448985434423296 committed=0 }
2025-10-20 19:49:54,412 [ForkJoinPool-1-worker-1] INFO  volume.MutableVolumeSet (MutableVolumeSet.java:initializeVolumeSet(175)) - Added Volume : /home/runner/work/ozone/ozone/hadoop-ozone/integration-test/target/test-dir/MiniOzoneClusterImpl-6935df51-69ff-4c35-8bd4-ed2b81d70e54/ozone-metadata/datanode-8/data-0/hdds to VolumeSet
2025-10-20 19:49:54,413 [ForkJoinPool-1-worker-1] INFO  volume.MutableVolumeSet (MutableVolumeSet.java:initializeVolumeSet(175)) - Added Volume : /home/runner/work/ozone/ozone/hadoop-ozone/integration-test/target/test-dir/MiniOzoneClusterImpl-6935df51-69ff-4c35-8bd4-ed2b81d70e54/ozone-metadata/datanode-8/ratis to VolumeSet
2025-10-20 19:49:54,414 [ForkJoinPool-1-worker-1] INFO  ozoneimpl.OzoneContainer (HddsVolumeUtil.java:loadAllHddsVolumeDbStore(102)) - Load 1 volumes DbStore cost: 0ms
2025-10-20 19:49:54,414 [ForkJoinPool-1-worker-1] WARN  db.DBStoreBuilder (DBStoreBuilder.java:getDBDirPath(157)) - ozone.scm.datanode.id.dir is not configured. We recommend adding this setting. Falling back to ozone.metadata.dirs instead.
2025-10-20 19:49:54,415 [ForkJoinPool-1-worker-1] WARN  db.DBStoreBuilder (DBStoreBuilder.java:getDBDirPath(157)) - ozone.scm.datanode.id.dir is not configured. We recommend adding this setting. Falling back to ozone.metadata.dirs instead.
2025-10-20 19:49:54,430 [ForkJoinPool-1-worker-1] INFO  impl.FilePerChunkStrategy (FilePerChunkStrategy.java:<init>(79)) - ozone.chunk.read.mapped.buffer.max.count is load with 0
2025-10-20 19:49:54,430 [ForkJoinPool-1-worker-1] INFO  impl.FilePerBlockStrategy (FilePerBlockStrategy.java:<init>(88)) - ozone.chunk.read.mapped.buffer.max.count is load with 0
2025-10-20 19:49:54,432 [ForkJoinPool-1-worker-1] INFO  server.RaftServerConfigKeys (ConfUtils.java:logGet(62)) - raft.server.log.appender.buffer.byte-limit = 33554432 (custom)
2025-10-20 19:49:54,433 [ForkJoinPool-1-worker-1] INFO  grpc.GrpcConfigKeys (ConfUtils.java:logFallback(69)) - raft.grpc.admin.host = null (fallback to raft.grpc.server.host)
2025-10-20 19:49:54,433 [ForkJoinPool-1-worker-1] INFO  grpc.GrpcConfigKeys (ConfUtils.java:logGet(62)) - raft.grpc.admin.port = 15070 (custom)
2025-10-20 19:49:54,434 [ForkJoinPool-1-worker-1] INFO  grpc.GrpcConfigKeys (ConfUtils.java:logFallback(69)) - raft.grpc.client.host = null (fallback to raft.grpc.server.host)
2025-10-20 19:49:54,434 [ForkJoinPool-1-worker-1] INFO  grpc.GrpcConfigKeys (ConfUtils.java:logGet(62)) - raft.grpc.client.port = 15069 (custom)
2025-10-20 19:49:54,434 [ForkJoinPool-1-worker-1] INFO  grpc.GrpcConfigKeys (ConfUtils.java:logGet(62)) - raft.grpc.server.port = 15071 (custom)
2025-10-20 19:49:54,434 [ForkJoinPool-1-worker-1] INFO  server.GrpcServicesImpl (ConfUtils.java:logGet(62)) - raft.grpc.message.size.max = 34603008 (custom)
2025-10-20 19:49:54,434 [ForkJoinPool-1-worker-1] INFO  server.GrpcServicesImpl (ConfUtils.java:logGet(62)) - raft.grpc.flow.control.window = 5MB (=5242880) (custom)
2025-10-20 19:49:54,434 [ForkJoinPool-1-worker-1] INFO  server.RaftServerConfigKeys (ConfUtils.java:logGet(62)) - raft.server.log.appender.buffer.byte-limit = 33554432 (custom)
2025-10-20 19:49:54,437 [ForkJoinPool-1-worker-1] INFO  netty.NettyUtils (NettyUtils.java:newEventLoopGroup(74)) - Create EpollEventLoopGroup for 7bb0e7f0-2b36-4ec0-8a09-ceac75d91a36-NettyServerStreamRpc-bossGroup; Thread size is 0.
2025-10-20 19:49:54,438 [ForkJoinPool-1-worker-1] INFO  netty.NettyUtils (NettyUtils.java:newEventLoopGroup(74)) - Create EpollEventLoopGroup for 7bb0e7f0-2b36-4ec0-8a09-ceac75d91a36-NettyServerStreamRpc-workerGroup; Thread size is 0.
2025-10-20 19:49:54,438 [ForkJoinPool-1-worker-1] INFO  netty.NettyConfigKeys$DataStream (ConfUtils.java:logGet(62)) - raft.netty.dataStream.port = 15072 (custom)
2025-10-20 19:49:54,440 [7bb0e7f0-2b36-4ec0-8a09-ceac75d91a36-NettyServerStreamRpc-bossGroup--thread1] INFO  logging.LoggingHandler (AbstractInternalLogger.java:log(148)) - [id: 0xf31e2a9e] REGISTERED
2025-10-20 19:49:54,441 [ForkJoinPool-1-worker-1] INFO  server.RaftServerConfigKeys (ConfUtils.java:logGet(62)) - raft.server.storage.dir = [/home/runner/work/ozone/ozone/hadoop-ozone/integration-test/target/test-dir/MiniOzoneClusterImpl-6935df51-69ff-4c35-8bd4-ed2b81d70e54/ozone-metadata/datanode-8/ratis] (custom)
2025-10-20 19:49:54,444 [7bb0e7f0-2b36-4ec0-8a09-ceac75d91a36-NettyServerStreamRpc-bossGroup--thread1] INFO  logging.LoggingHandler (AbstractInternalLogger.java:log(148)) - [id: 0xf31e2a9e] BIND: 0.0.0.0/0.0.0.0:15072
2025-10-20 19:49:54,444 [7bb0e7f0-2b36-4ec0-8a09-ceac75d91a36-NettyServerStreamRpc-bossGroup--thread1] INFO  logging.LoggingHandler (AbstractInternalLogger.java:log(148)) - [id: 0xf31e2a9e, L:/0.0.0.0:15072] ACTIVE
2025-10-20 19:49:54,445 [7bb0e7f0-2b36-4ec0-8a09-ceac75d91a36-impl-thread1] INFO  server.RaftServer (RaftServerProxy.java:initGroupDir(270)) - 7bb0e7f0-2b36-4ec0-8a09-ceac75d91a36: found a subdirectory /home/runner/work/ozone/ozone/hadoop-ozone/integration-test/target/test-dir/MiniOzoneClusterImpl-6935df51-69ff-4c35-8bd4-ed2b81d70e54/ozone-metadata/datanode-8/ratis/tmp
2025-10-20 19:49:54,445 [7bb0e7f0-2b36-4ec0-8a09-ceac75d91a36-impl-thread1] INFO  server.RaftServer (RaftServerProxy.java:initGroupDir(275)) - 7bb0e7f0-2b36-4ec0-8a09-ceac75d91a36: The directory /home/runner/work/ozone/ozone/hadoop-ozone/integration-test/target/test-dir/MiniOzoneClusterImpl-6935df51-69ff-4c35-8bd4-ed2b81d70e54/ozone-metadata/datanode-8/ratis/tmp is not a group directory; ignoring it. 
2025-10-20 19:49:54,445 [ForkJoinPool-1-worker-1] INFO  replication.ReplicationServer (ReplicationServer.java:<init>(84)) - Initializing replication server with thread count = 10 queue length = 4096
2025-10-20 19:49:54,447 [ForkJoinPool-1-worker-1] INFO  server.XceiverServerGrpc (XceiverServerGrpc.java:<init>(129)) - GrpcServer channel type EpollServerSocketChannel
2025-10-20 19:49:54,449 [ForkJoinPool-1-worker-1] INFO  replication.ReplicationSupervisor (ReplicationSupervisor.java:build(169)) - Initializing replication supervisor with thread count = 10
2025-10-20 19:49:54,449 [ForkJoinPool-1-worker-1] INFO  replication.ReplicationSupervisor (ReplicationSupervisor.java:nodeStateUpdated(358)) - Node state updated to IN_SERVICE, scaling executor pool size to 10
2025-10-20 19:49:54,454 [ForkJoinPool-1-worker-1] INFO  http.BaseHttpServer (BaseHttpServer.java:newHttpServer2BuilderForOzone(227)) - Starting Web-server for hddsDatanode at: http://0.0.0.0:15066
2025-10-20 19:49:54,454 [ForkJoinPool-1-worker-1] INFO  http.BaseHttpServer (BaseHttpServer.java:<init>(105)) - Hadoop Security Enabled: false Ozone Security Enabled: false Ozone HTTP Security Enabled: false 
2025-10-20 19:49:54,455 [ForkJoinPool-1-worker-1] WARN  server.AuthenticationFilter (AuthenticationFilter.java:constructSecretProvider(240)) - Unable to initialize FileSignerSecretProvider, falling back to use random secrets. Reason: Could not read signature secret file: /home/runner/hadoop-http-auth-signature-secret
2025-10-20 19:49:54,457 [ForkJoinPool-1-worker-1] INFO  http.HttpServer2 (HttpServer2.java:addGlobalFilter(1040)) - Added global filter 'safety' (class=org.apache.hadoop.hdds.server.http.HttpServer2$QuotingInputFilter)
2025-10-20 19:49:54,458 [ForkJoinPool-1-worker-1] INFO  http.HttpServer2 (HttpServer2.java:addFilter(1016)) - Added filter static_user_filter (class=org.apache.hadoop.http.lib.StaticUserWebFilter$StaticUserFilter) to context hddsDatanode
2025-10-20 19:49:54,459 [ForkJoinPool-1-worker-1] INFO  http.HttpServer2 (HttpServer2.java:addFilter(1024)) - Added filter static_user_filter (class=org.apache.hadoop.http.lib.StaticUserWebFilter$StaticUserFilter) to context static
2025-10-20 19:49:54,459 [ForkJoinPool-1-worker-1] INFO  http.HttpServer2 (HttpServer2.java:addFilter(1024)) - Added filter static_user_filter (class=org.apache.hadoop.http.lib.StaticUserWebFilter$StaticUserFilter) to context logs
2025-10-20 19:49:54,459 [ForkJoinPool-1-worker-1] INFO  http.BaseHttpServer (BaseHttpServer.java:<init>(193)) - HTTP server of hddsDatanode uses base directory /home/runner/work/ozone/ozone/hadoop-ozone/integration-test/target/test-dir/MiniOzoneClusterImpl-6935df51-69ff-4c35-8bd4-ed2b81d70e54/scm/ozone-metadata/webserver
2025-10-20 19:49:54,460 [ForkJoinPool-1-worker-1] INFO  http.HttpServer2 (HttpServer2.java:bindListener(1240)) - Jetty bound to port 15066
2025-10-20 19:49:54,460 [ForkJoinPool-1-worker-1] INFO  server.Server (Server.java:doStart(375)) - jetty-9.4.58.v20250814; built: 2025-08-14T02:28:49.637Z; git: 8f1440587e9e4ae7db3d74cf205643f3d707148d; jvm 21.0.8+9-LTS
2025-10-20 19:49:54,461 [ForkJoinPool-1-worker-1] INFO  server.session (DefaultSessionIdManager.java:doStart(334)) - DefaultSessionIdManager workerName=node0
2025-10-20 19:49:54,461 [ForkJoinPool-1-worker-1] INFO  server.session (DefaultSessionIdManager.java:doStart(339)) - No SessionScavenger set, using defaults
2025-10-20 19:49:54,461 [ForkJoinPool-1-worker-1] INFO  server.session (HouseKeeper.java:startScavenging(132)) - node0 Scavenging every 600000ms
2025-10-20 19:49:54,462 [ForkJoinPool-1-worker-1] INFO  handler.ContextHandler (ContextHandler.java:doStart(921)) - Started o.e.j.s.ServletContextHandler@18567a28{logs,/logs,file:///home/runner/work/ozone/ozone/hadoop-ozone/integration-test/target/log,AVAILABLE}
2025-10-20 19:49:54,462 [ForkJoinPool-1-worker-1] INFO  handler.ContextHandler (ContextHandler.java:doStart(921)) - Started o.e.j.s.ServletContextHandler@250a2efa{static,/static,jar:file:/home/runner/work/ozone/ozone/hadoop-hdds/container-service/target/hdds-container-service-2.1.0-SNAPSHOT.jar!/webapps/static,AVAILABLE}
2025-10-20 19:49:54,554 | INFO  | SCMAudit | user=runner | ip=127.0.0.1 | op=SEND_HEARTBEAT {"datanodeUUID":"ef67b0a7-5b27-496d-9f38-ab804a28e500","term":"2","command":"[commandType: createPipelineCommand createPipelineCommandProto { pipelineID { id: \"84912fbf-a1b2-4faa-88a3-bfc6152b06ab\" uuid128 { mostSigBits: -8894275288981942358 leastSigBits: -8600820005867944277 } } type: RATIS factor: ONE datanode { uuid: \"ef67b0a7-5b27-496d-9f38-ab804a28e500\" ipAddress: \"127.0.0.1\" hostName: \"localhost\" ports { name: \"HTTP\" value: 15018 } ports { name: \"CLIENT_RPC\" value: 15019 } ports { name: \"REPLICATION\" value: 15025 } ports { name: \"RATIS\" value: 15021 } ports { name: \"RATIS_ADMIN\" value: 15022 } ports { name: \"RATIS_SERVER\" value: 15023 } ports { name: \"RATIS_DATASTREAM\" value: 15024 } ports { name: \"STANDALONE\" value: 15020 } networkName: \"ef67b0a7-5b27-496d-9f38-ab804a28e500\" networkLocation: \"/default-rack\" persistedOpState: IN_SERVICE persistedOpStateExpiry: 0 currentVersion: 2 uuid128 { mostSigBits: -1195792943208248979 leastSigBits: -6973635455494855424 } level: 3 id { uuid { mostSigBits: -1195792943208248979 leastSigBits: -6973635455494855424 } } } cmdId: 1760989793824 priority: 1 } term: 2 encodedToken: \"\" deadlineMsSinceEpoch: 0, commandType: createPipelineCommand createPipelineCommandProto { pipelineID { id: \"0b8c5e6b-69eb-484b-887e-939de61e1e74\" uuid128 { mostSigBits: 832143846588237899 leastSigBits: -8611283131105927564 } } type: RATIS factor: THREE datanode { uuid: \"ef67b0a7-5b27-496d-9f38-ab804a28e500\" ipAddress: \"127.0.0.1\" hostName: \"localhost\" ports { name: \"HTTP\" value: 15018 } ports { name: \"CLIENT_RPC\" value: 15019 } ports { name: \"REPLICATION\" value: 15025 } ports { name: \"RATIS\" value: 15021 } ports { name: \"RATIS_ADMIN\" value: 15022 } ports { name: \"RATIS_SERVER\" value: 15023 } ports { name: \"RATIS_DATASTREAM\" value: 15024 } ports { name: \"STANDALONE\" value: 15020 } networkName: \"ef67b0a7-5b27-496d-9f38-ab804a28e500\" networkLocation: \"/default-rack\" persistedOpState: IN_SERVICE persistedOpStateExpiry: 0 currentVersion: 2 uuid128 { mostSigBits: -1195792943208248979 leastSigBits: -6973635455494855424 } level: 3 id { uuid { mostSigBits: -1195792943208248979 leastSigBits: -6973635455494855424 } } } datanode { uuid: \"361055de-215b-4c6c-94c2-be1c1da118d1\" ipAddress: \"127.0.0.1\" hostName: \"localhost\" ports { name: \"HTTP\" value: 15026 } ports { name: \"CLIENT_RPC\" value: 15027 } ports { name: \"REPLICATION\" value: 15033 } ports { name: \"RATIS\" value: 15029 } ports { name: \"RATIS_ADMIN\" value: 15030 } ports { name: \"RATIS_SERVER\" value: 15031 } ports { name: \"RATIS_DATASTREAM\" value: 15032 } ports { name: \"STANDALONE\" value: 15028 } networkName: \"361055de-215b-4c6c-94c2-be1c1da118d1\" networkLocation: \"/default-rack\" persistedOpState: IN_SERVICE persistedOpStateExpiry: 0 currentVersion: 2 uuid128 { mostSigBits: 3895708090206211180 leastSigBits: -7727404982648891183 } level: 3 id { uuid { mostSigBits: 3895708090206211180 leastSigBits: -7727404982648891183 } } } datanode { uuid: \"e05592a5-d00f-4fc1-9e39-a968c1ecb04e\" ipAddress: \"127.0.0.1\" hostName: \"localhost\" ports { name: \"HTTP\" value: 15010 } ports { name: \"CLIENT_RPC\" value: 15011 } ports { name: \"REPLICATION\" value: 15017 } ports { name: \"RATIS\" value: 15013 } ports { name: \"RATIS_ADMIN\" value: 15014 } ports { name: \"RATIS_SERVER\" value: 15015 } ports { name: \"RATIS_DATASTREAM\" value: 15016 } ports { name: \"STANDALONE\" value: 15012 } networkName: \"e05592a5-d00f-4fc1-9e39-a968c1ecb04e\" networkLocation: \"/default-rack\" persistedOpState: IN_SERVICE persistedOpStateExpiry: 0 currentVersion: 2 uuid128 { mostSigBits: -2281756395335364671 leastSigBits: -7045413874649223090 } level: 3 id { uuid { mostSigBits: -2281756395335364671 leastSigBits: -7045413874649223090 } } } cmdId: 1760989793826 priority: 0 priority: 1 priority: 0 } term: 2 encodedToken: \"\" deadlineMsSinceEpoch: 0, commandType: createPipelineCommand createPipelineCommandProto { pipelineID { id: \"aabd30cf-05b8-4e3b-b15e-1aa5f909702d\" uuid128 { mostSigBits: -6143700650951160261 leastSigBits: -5666061981035433939 } } type: RATIS factor: THREE datanode { uuid: \"ef67b0a7-5b27-496d-9f38-ab804a28e500\" ipAddress: \"127.0.0.1\" hostName: \"localhost\" ports { name: \"HTTP\" value: 15018 } ports { name: \"CLIENT_RPC\" value: 15019 } ports { name: \"REPLICATION\" value: 15025 } ports { name: \"RATIS\" value: 15021 } ports { name: \"RATIS_ADMIN\" value: 15022 } ports { name: \"RATIS_SERVER\" value: 15023 } ports { name: \"RATIS_DATASTREAM\" value: 15024 } ports { name: \"STANDALONE\" value: 15020 } networkName: \"ef67b0a7-5b27-496d-9f38-ab804a28e500\" networkLocation: \"/default-rack\" persistedOpState: IN_SERVICE persistedOpStateExpiry: 0 currentVersion: 2 uuid128 { mostSigBits: -1195792943208248979 leastSigBits: -6973635455494855424 } level: 3 id { uuid { mostSigBits: -1195792943208248979 leastSigBits: -6973635455494855424 } } } datanode { uuid: \"e05592a5-d00f-4fc1-9e39-a968c1ecb04e\" ipAddress: \"127.0.0.1\" hostName: \"localhost\" ports { name: \"HTTP\" value: 15010 } ports { name: \"CLIENT_RPC\" value: 15011 } ports { name: \"REPLICATION\" value: 15017 } ports { name: \"RATIS\" value: 15013 } ports { name: \"RATIS_ADMIN\" value: 15014 } ports { name: \"RATIS_SERVER\" value: 15015 } ports { name: \"RATIS_DATASTREAM\" value: 15016 } ports { name: \"STANDALONE\" value: 15012 } networkName: \"e05592a5-d00f-4fc1-9e39-a968c1ecb04e\" networkLocation: \"/default-rack\" persistedOpState: IN_SERVICE persistedOpStateExpiry: 0 currentVersion: 2 uuid128 { mostSigBits: -2281756395335364671 leastSigBits: -7045413874649223090 } level: 3 id { uuid { mostSigBits: -2281756395335364671 leastSigBits: -7045413874649223090 } } } datanode { uuid: \"361055de-215b-4c6c-94c2-be1c1da118d1\" ipAddress: \"127.0.0.1\" hostName: \"localhost\" ports { name: \"HTTP\" value: 15026 } ports { name: \"CLIENT_RPC\" value: 15027 } ports { name: \"REPLICATION\" value: 15033 } ports { name: \"RATIS\" value: 15029 } ports { name: \"RATIS_ADMIN\" value: 15030 } ports { name: \"RATIS_SERVER\" value: 15031 } ports { name: \"RATIS_DATASTREAM\" value: 15032 } ports { name: \"STANDALONE\" value: 15028 } networkName: \"361055de-215b-4c6c-94c2-be1c1da118d1\" networkLocation: \"/default-rack\" persistedOpState: IN_SERVICE persistedOpStateExpiry: 0 currentVersion: 2 uuid128 { mostSigBits: 3895708090206211180 leastSigBits: -7727404982648891183 } level: 3 id { uuid { mostSigBits: 3895708090206211180 leastSigBits: -7727404982648891183 } } } cmdId: 1760989793827 priority: 1 priority: 0 priority: 0 } term: 2 encodedToken: \"\" deadlineMsSinceEpoch: 0]"} | ret=SUCCESS |  
2025-10-20 19:49:54,563 [IPC Server handler 6 on default port 15002] INFO  net.NetworkTopologyImpl (NetworkTopologyImpl.java:add(133)) - Added a new node: /default-rack/c90bff1f-5a1f-42c6-8fca-9533d718c79a
2025-10-20 19:49:54,563 [IPC Server handler 6 on default port 15002] INFO  node.SCMNodeManager (SCMNodeManager.java:register(423)) - Registered datanode: c90bff1f-5a1f-42c6-8fca-9533d718c79a{ip: 127.0.0.1, host: localhost, ports: [HTTP=15034, CLIENT_RPC=15035, REPLICATION=15041, RATIS=15037, RATIS_ADMIN=15038, RATIS_SERVER=15039, RATIS_DATASTREAM=15040, STANDALONE=15036], networkLocation: /default-rack, certSerialId: null, persistedOpState: null, persistedOpStateExpiryEpochSec: 0}
2025-10-20 19:49:54,563 [EventQueue-PipelineReportForOneReplicaPipelineSafeModeRule] INFO  safemode.SCMSafeModeManager (SCMSafeModeManager.java:validateSafeModeExitRules(138)) - OneReplicaPipelineSafeModeRule rule is successfully validated
2025-10-20 19:49:54,563 [EventQueue-NewNodeForNewNodeHandler] INFO  pipeline.BackgroundPipelineCreator (BackgroundPipelineCreator.java:notifyEventTriggered(290)) - trigger a one-shot run on RatisPipelineUtilsThread.
2025-10-20 19:49:54,563 [EventQueue-ContainerRegistrationReportForRatisContainerSafeModeRule] INFO  safemode.SCMSafeModeManager (SCMSafeModeManager.java:validateSafeModeExitRules(138)) - RatisContainerSafeModeRule rule is successfully validated
2025-10-20 19:49:54,564 [EventQueue-NodeRegistrationContainerReportForDataNodeSafeModeRule] INFO  safemode.SCMSafeModeManager (SCMSafeModeManager.java:validateSafeModeExitRules(138)) - DataNodeSafeModeRule rule is successfully validated
2025-10-20 19:49:54,564 [EventQueue-ContainerRegistrationReportForECContainerSafeModeRule] INFO  safemode.SCMSafeModeManager (SCMSafeModeManager.java:validateSafeModeExitRules(138)) - ECContainerSafeModeRule rule is successfully validated
2025-10-20 19:49:54,564 | INFO  | SCMAudit | user=runner | ip=127.0.0.1 | op=REGISTER {"datanodeDetails":"c90bff1f-5a1f-42c6-8fca-9533d718c79a(localhost/127.0.0.1)"} | ret=SUCCESS |  
2025-10-20 19:49:54,564 [RatisPipelineUtilsThread-0] INFO  pipeline.RatisPipelineProvider (RatisPipelineProvider.java:lambda$create$0(208)) - Sending CreatePipelineCommand for pipeline:Pipeline-fab317e9-d636-43af-a09c-d68979ec754a to datanode:c90bff1f-5a1f-42c6-8fca-9533d718c79a(localhost/127.0.0.1)
2025-10-20 19:49:54,567 [206580cc-82ee-4213-b95b-59cb1d300b36@group-ED2B81D70E54-StateMachineUpdater] INFO  safemode.SCMSafeModeManager (SCMSafeModeManager.java:validateSafeModeExitRules(138)) - DataNodeSafeModeRule rule is successfully validated
2025-10-20 19:49:54,567 [206580cc-82ee-4213-b95b-59cb1d300b36@group-ED2B81D70E54-StateMachineUpdater] INFO  safemode.SCMSafeModeManager (SCMSafeModeManager.java:validateSafeModeExitRules(138)) - RatisContainerSafeModeRule rule is successfully validated
2025-10-20 19:49:54,567 [206580cc-82ee-4213-b95b-59cb1d300b36@group-ED2B81D70E54-StateMachineUpdater] INFO  safemode.HealthyPipelineSafeModeRule (HealthyPipelineSafeModeRule.java:initializeRule(226)) - Refreshed total pipeline count is 0, healthy pipeline threshold count is 1
2025-10-20 19:49:54,567 [206580cc-82ee-4213-b95b-59cb1d300b36@group-ED2B81D70E54-StateMachineUpdater] INFO  safemode.SCMSafeModeManager (SCMSafeModeManager.java:validateSafeModeExitRules(138)) - OneReplicaPipelineSafeModeRule rule is successfully validated
2025-10-20 19:49:54,567 [206580cc-82ee-4213-b95b-59cb1d300b36@group-ED2B81D70E54-StateMachineUpdater] INFO  safemode.SCMSafeModeManager (SCMSafeModeManager.java:validateSafeModeExitRules(138)) - ECContainerSafeModeRule rule is successfully validated
2025-10-20 19:49:54,568 [RatisPipelineUtilsThread-0] INFO  pipeline.BackgroundPipelineCreator (BackgroundPipelineCreator.java:createPipelines(246)) - Created new pipeline Pipeline{ Id: fab317e9-d636-43af-a09c-d68979ec754a, Nodes: [ {c90bff1f-5a1f-42c6-8fca-9533d718c79a(localhost/127.0.0.1), ReplicaIndex: 0},], ReplicationConfig: RATIS/ONE, State:ALLOCATED, leaderId:, CreationTimestamp2025-10-20T19:49:54.564680477Z[Etc/UTC]}
2025-10-20 19:49:54,599 [ForkJoinPool-1-worker-1] INFO  handler.ContextHandler (ContextHandler.java:doStart(921)) - Started o.e.j.w.WebAppContext@6f7a9034{hddsDatanode,/,file:///home/runner/work/ozone/ozone/hadoop-ozone/integration-test/target/test-dir/MiniOzoneClusterImpl-6935df51-69ff-4c35-8bd4-ed2b81d70e54/scm/ozone-metadata/webserver/jetty-0_0_0_0-15066-hdds-container-service-2_1_0-SNAPSHOT_jar-_-any-11121938648093459712/webapp/,AVAILABLE}{jar:file:/home/runner/work/ozone/ozone/hadoop-hdds/container-service/target/hdds-container-service-2.1.0-SNAPSHOT.jar!/webapps/hddsDatanode}
2025-10-20 19:49:54,600 [ForkJoinPool-1-worker-1] INFO  server.AbstractConnector (AbstractConnector.java:doStart(333)) - Started ServerConnector@5831fbde{HTTP/1.1, (http/1.1)}{0.0.0.0:15066}
2025-10-20 19:49:54,600 [ForkJoinPool-1-worker-1] INFO  server.Server (Server.java:doStart(415)) - Started @12252ms
2025-10-20 19:49:54,600 [ForkJoinPool-1-worker-1] WARN  impl.MetricsSystemImpl (MetricsSystemImpl.java:register(279)) - Sink prometheus already exists!
2025-10-20 19:49:54,600 [ForkJoinPool-1-worker-1] INFO  http.BaseHttpServer (BaseHttpServer.java:updateConnectorAddress(357)) - HTTP server of hddsDatanode listening at http://localhost:15066
2025-10-20 19:49:54,600 [ForkJoinPool-1-worker-1] INFO  ipc.CallQueueManager (CallQueueManager.java:<init>(93)) - Using callQueue: class java.util.concurrent.LinkedBlockingQueue, queueCapacity: 1000, scheduler: class org.apache.hadoop.ipc.DefaultRpcScheduler, ipcBackoff: false, ipcFailOver: false.
2025-10-20 19:49:54,601 [ForkJoinPool-1-worker-1] INFO  ipc.Server (Server.java:<init>(1438)) - Listener at 0.0.0.0:15067
2025-10-20 19:49:54,601 [Socket Reader #1 for port 15067] INFO  ipc.Server (Server.java:run(1474)) - Starting Socket Reader #1 for port 15067
2025-10-20 19:49:54,601 [Socket Reader #2 for port 15067] INFO  ipc.Server (Server.java:run(1474)) - Starting Socket Reader #2 for port 15067
2025-10-20 19:49:54,601 [Socket Reader #3 for port 15067] INFO  ipc.Server (Server.java:run(1474)) - Starting Socket Reader #3 for port 15067
2025-10-20 19:49:54,602 [Socket Reader #4 for port 15067] INFO  ipc.Server (Server.java:run(1474)) - Starting Socket Reader #4 for port 15067
2025-10-20 19:49:54,602 [Socket Reader #5 for port 15067] INFO  ipc.Server (Server.java:run(1474)) - Starting Socket Reader #5 for port 15067
2025-10-20 19:49:54,602 [Socket Reader #6 for port 15067] INFO  ipc.Server (Server.java:run(1474)) - Starting Socket Reader #6 for port 15067
2025-10-20 19:49:54,602 [Socket Reader #7 for port 15067] INFO  ipc.Server (Server.java:run(1474)) - Starting Socket Reader #7 for port 15067
2025-10-20 19:49:54,602 [Socket Reader #8 for port 15067] INFO  ipc.Server (Server.java:run(1474)) - Starting Socket Reader #8 for port 15067
2025-10-20 19:49:54,602 [Socket Reader #9 for port 15067] INFO  ipc.Server (Server.java:run(1474)) - Starting Socket Reader #9 for port 15067
2025-10-20 19:49:54,603 [Socket Reader #10 for port 15067] INFO  ipc.Server (Server.java:run(1474)) - Starting Socket Reader #10 for port 15067
2025-10-20 19:49:54,604 | INFO  | SCMAudit | user=runner | ip=127.0.0.1 | op=GET_VERSION {} | ret=SUCCESS |  
2025-10-20 19:49:54,605 [ForkJoinPool-1-worker-1] INFO  ozone.HddsDatanodeService (HddsDatanodeService.java:start(333)) - Datanode start with admins: [admin, runner]
2025-10-20 19:49:54,605 [ForkJoinPool-1-worker-1] INFO  ozone.HddsDatanodeClientProtocolServer (HddsDatanodeClientProtocolServer.java:start(76)) - RPC server for Client /0.0.0.0:15067
2025-10-20 19:49:54,605 [IPC Server Responder] INFO  ipc.Server (Server.java:run(1713)) - IPC Server Responder: starting
2025-10-20 19:49:54,605 [IPC Server listener on 15067] INFO  ipc.Server (Server.java:run(1553)) - IPC Server listener on 15067: starting
2025-10-20 19:49:54,608 [ForkJoinPool-1-worker-1] WARN  dropwizard3.Dm3MetricRegistriesImpl (Dm3MetricRegistriesImpl.java:addReporterRegistration(114)) - New reporters are added after registries were created. Some metrics will be missing from the reporter. Please add reporter before adding any new registry.
2025-10-20 19:49:54,608 [ForkJoinPool-1-worker-1] WARN  dropwizard3.Dm3MetricRegistriesImpl (Dm3MetricRegistriesImpl.java:addReporterRegistration(114)) - New reporters are added after registries were created. Some metrics will be missing from the reporter. Please add reporter before adding any new registry.
2025-10-20 19:49:54,611 [7bb0e7f0-2b36-4ec0-8a09-ceac75d91a36-DatanodeStateMachineDaemonThread] INFO  statemachine.DatanodeStateMachine (DatanodeStateMachine.java:startStateMachineThread(363)) - Ozone container server started.
2025-10-20 19:49:54,617 [7bb0e7f0-2b36-4ec0-8a09-ceac75d91a36-DatanodeStateMachineTaskThread-0] INFO  datanode.InitDatanodeState (InitDatanodeState.java:persistContainerDatanodeDetails(139)) - DatanodeDetails is persisted to /home/runner/work/ozone/ozone/hadoop-ozone/integration-test/target/test-dir/MiniOzoneClusterImpl-6935df51-69ff-4c35-8bd4-ed2b81d70e54/ozone-metadata/datanode-8/ozone-metadata/datanode.id
2025-10-20 19:49:54,628 [ForkJoinPool-1-worker-1] INFO  protocol.DatanodeDetails (DatanodeDetails.java:validateDatanodeIpAddress(199)) - Updating IP address of datanode 605be85e-a7f4-44d7-8cfd-f53001b990b0(localhost/null) to 127.0.0.1
2025-10-20 19:49:54,628 [ForkJoinPool-1-worker-1] INFO  ozone.HddsDatanodeService (HddsDatanodeService.java:start(236)) - HddsDatanodeService 605be85e-a7f4-44d7-8cfd-f53001b990b0(localhost/127.0.0.1)
2025-10-20 19:49:54,630 [ForkJoinPool-1-worker-1] INFO  upgrade.AbstractLayoutVersionManager (AbstractLayoutVersionManager.java:init(80)) - Initializing Layout version manager with metadata layout = WITNESSED_CONTAINER_DB_PROTO_VALUE (version = 9), software layout = WITNESSED_CONTAINER_DB_PROTO_VALUE (version = 9)
2025-10-20 19:49:54,631 [ForkJoinPool-1-worker-1] INFO  statemachine.DatanodeStateMachine (DatanodeStateMachine.java:getEndPointTaskThreadPoolSize(321)) - Datanode State Machine Task Thread Pool size 2
2025-10-20 19:49:54,634 [ForkJoinPool-1-worker-1] INFO  volume.HddsVolume (HddsVolume.java:<init>(162)) - HddsVolume: { id=DS-26adaee8-79e0-48c7-b334-b10b92ee5eec dir=/home/runner/work/ozone/ozone/hadoop-ozone/integration-test/target/test-dir/MiniOzoneClusterImpl-6935df51-69ff-4c35-8bd4-ed2b81d70e54/ozone-metadata/datanode-9/data-0/hdds type=DISK capacity=9222449699674390527 used=0 available=9222449699674390527 minFree=184448985434423296 committed=0 }
2025-10-20 19:49:54,634 [ForkJoinPool-1-worker-1] INFO  volume.MutableVolumeSet (MutableVolumeSet.java:initializeVolumeSet(175)) - Added Volume : /home/runner/work/ozone/ozone/hadoop-ozone/integration-test/target/test-dir/MiniOzoneClusterImpl-6935df51-69ff-4c35-8bd4-ed2b81d70e54/ozone-metadata/datanode-9/data-0/hdds to VolumeSet
2025-10-20 19:49:54,635 [ForkJoinPool-1-worker-1] INFO  volume.MutableVolumeSet (MutableVolumeSet.java:initializeVolumeSet(175)) - Added Volume : /home/runner/work/ozone/ozone/hadoop-ozone/integration-test/target/test-dir/MiniOzoneClusterImpl-6935df51-69ff-4c35-8bd4-ed2b81d70e54/ozone-metadata/datanode-9/ratis to VolumeSet
2025-10-20 19:49:54,636 [ForkJoinPool-1-worker-1] INFO  ozoneimpl.OzoneContainer (HddsVolumeUtil.java:loadAllHddsVolumeDbStore(102)) - Load 1 volumes DbStore cost: 0ms
2025-10-20 19:49:54,637 [ForkJoinPool-1-worker-1] WARN  db.DBStoreBuilder (DBStoreBuilder.java:getDBDirPath(157)) - ozone.scm.datanode.id.dir is not configured. We recommend adding this setting. Falling back to ozone.metadata.dirs instead.
2025-10-20 19:49:54,638 [ForkJoinPool-1-worker-1] WARN  db.DBStoreBuilder (DBStoreBuilder.java:getDBDirPath(157)) - ozone.scm.datanode.id.dir is not configured. We recommend adding this setting. Falling back to ozone.metadata.dirs instead.
2025-10-20 19:49:54,644 [b614738c-cdff-4f09-bf59-ed5bb75d51be-EndpointStateMachineTaskThread-/0.0.0.0:15002-0 ] INFO  utils.DatanodeStoreCache (DatanodeStoreCache.java:addDB(70)) - Added db /home/runner/work/ozone/ozone/hadoop-ozone/integration-test/target/test-dir/MiniOzoneClusterImpl-6935df51-69ff-4c35-8bd4-ed2b81d70e54/ozone-metadata/datanode-6/data-0/hdds/6935df51-69ff-4c35-8bd4-ed2b81d70e54/DS-d7360383-4b62-4587-848a-953adadda6d0/container.db to cache
2025-10-20 19:49:54,644 [b614738c-cdff-4f09-bf59-ed5bb75d51be-EndpointStateMachineTaskThread-/0.0.0.0:15002-0 ] INFO  volume.HddsVolume (HddsVolume.java:createDbStore(576)) - SchemaV3 db is created and loaded at /home/runner/work/ozone/ozone/hadoop-ozone/integration-test/target/test-dir/MiniOzoneClusterImpl-6935df51-69ff-4c35-8bd4-ed2b81d70e54/ozone-metadata/datanode-6/data-0/hdds/6935df51-69ff-4c35-8bd4-ed2b81d70e54/DS-d7360383-4b62-4587-848a-953adadda6d0/container.db for volume DS-d7360383-4b62-4587-848a-953adadda6d0
2025-10-20 19:49:54,646 [b614738c-cdff-4f09-bf59-ed5bb75d51be-ContainerReader-0] INFO  ozoneimpl.ContainerReader (ContainerReader.java:readVolume(147)) - Start to verify containers on volume /home/runner/work/ozone/ozone/hadoop-ozone/integration-test/target/test-dir/MiniOzoneClusterImpl-6935df51-69ff-4c35-8bd4-ed2b81d70e54/ozone-metadata/datanode-6/data-0/hdds
2025-10-20 19:49:54,647 [b614738c-cdff-4f09-bf59-ed5bb75d51be-ContainerReader-0] INFO  ozoneimpl.ContainerReader (ContainerReader.java:readVolume(177)) - Finish verifying containers on volume /home/runner/work/ozone/ozone/hadoop-ozone/integration-test/target/test-dir/MiniOzoneClusterImpl-6935df51-69ff-4c35-8bd4-ed2b81d70e54/ozone-metadata/datanode-6/data-0/hdds
2025-10-20 19:49:54,647 [b614738c-cdff-4f09-bf59-ed5bb75d51be-EndpointStateMachineTaskThread-/0.0.0.0:15002-0 ] INFO  ozoneimpl.OzoneContainer (OzoneContainer.java:buildContainerSet(359)) - Build ContainerSet costs 0s
2025-10-20 19:49:54,648 [b614738c-cdff-4f09-bf59-ed5bb75d51be-EndpointStateMachineTaskThread-/0.0.0.0:15002-0 ] INFO  volume.ThrottledAsyncChecker (ThrottledAsyncChecker.java:schedule(138)) - Scheduling a check for /home/runner/work/ozone/ozone/hadoop-ozone/integration-test/target/test-dir/MiniOzoneClusterImpl-6935df51-69ff-4c35-8bd4-ed2b81d70e54/ozone-metadata/datanode-6/data-0/hdds
2025-10-20 19:49:54,648 [b614738c-cdff-4f09-bf59-ed5bb75d51be-EndpointStateMachineTaskThread-/0.0.0.0:15002-0 ] INFO  volume.StorageVolumeChecker (StorageVolumeChecker.java:checkAllVolumes(231)) - Scheduled health check for volume /home/runner/work/ozone/ozone/hadoop-ozone/integration-test/target/test-dir/MiniOzoneClusterImpl-6935df51-69ff-4c35-8bd4-ed2b81d70e54/ozone-metadata/datanode-6/data-0/hdds
2025-10-20 19:49:54,653 [b614738c-cdff-4f09-bf59-ed5bb75d51be-EndpointStateMachineTaskThread-/0.0.0.0:15002-0 ] INFO  volume.ThrottledAsyncChecker (ThrottledAsyncChecker.java:schedule(138)) - Scheduling a check for /home/runner/work/ozone/ozone/hadoop-ozone/integration-test/target/test-dir/MiniOzoneClusterImpl-6935df51-69ff-4c35-8bd4-ed2b81d70e54/ozone-metadata/datanode-6/ratis
2025-10-20 19:49:54,653 [b614738c-cdff-4f09-bf59-ed5bb75d51be-EndpointStateMachineTaskThread-/0.0.0.0:15002-0 ] INFO  volume.StorageVolumeChecker (StorageVolumeChecker.java:checkAllVolumes(231)) - Scheduled health check for volume /home/runner/work/ozone/ozone/hadoop-ozone/integration-test/target/test-dir/MiniOzoneClusterImpl-6935df51-69ff-4c35-8bd4-ed2b81d70e54/ozone-metadata/datanode-6/ratis
2025-10-20 19:49:54,654 [ForkJoinPool-1-worker-1] INFO  impl.FilePerChunkStrategy (FilePerChunkStrategy.java:<init>(79)) - ozone.chunk.read.mapped.buffer.max.count is load with 0
2025-10-20 19:49:54,654 [ForkJoinPool-1-worker-1] INFO  impl.FilePerBlockStrategy (FilePerBlockStrategy.java:<init>(88)) - ozone.chunk.read.mapped.buffer.max.count is load with 0
2025-10-20 19:49:54,655 [b614738c-cdff-4f09-bf59-ed5bb75d51be-EndpointStateMachineTaskThread-/0.0.0.0:15002-0 ] INFO  ozoneimpl.OzoneContainer (OzoneContainer.java:start(544)) - Attempting to start container services.
2025-10-20 19:49:54,655 [ForkJoinPool-1-worker-1] INFO  server.RaftServerConfigKeys (ConfUtils.java:logGet(62)) - raft.server.log.appender.buffer.byte-limit = 33554432 (custom)
2025-10-20 19:49:54,656 [ContainerMetadataScanner] INFO  ozoneimpl.AbstractBackgroundContainerScanner (AbstractBackgroundContainerScanner.java:runIteration(89)) - Completed an iteration in 0 minutes. Number of iterations (since the data-node restart) : 1, Number of containers scanned in this iteration : 0, Number of unhealthy containers found in this iteration : 0
2025-10-20 19:49:54,657 [ForkJoinPool-1-worker-1] INFO  grpc.GrpcConfigKeys (ConfUtils.java:logFallback(69)) - raft.grpc.admin.host = null (fallback to raft.grpc.server.host)
2025-10-20 19:49:54,657 [ForkJoinPool-1-worker-1] INFO  grpc.GrpcConfigKeys (ConfUtils.java:logGet(62)) - raft.grpc.admin.port = 15078 (custom)
2025-10-20 19:49:54,657 [ForkJoinPool-1-worker-1] INFO  grpc.GrpcConfigKeys (ConfUtils.java:logFallback(69)) - raft.grpc.client.host = null (fallback to raft.grpc.server.host)
2025-10-20 19:49:54,657 [ForkJoinPool-1-worker-1] INFO  grpc.GrpcConfigKeys (ConfUtils.java:logGet(62)) - raft.grpc.client.port = 15077 (custom)
2025-10-20 19:49:54,657 [ForkJoinPool-1-worker-1] INFO  grpc.GrpcConfigKeys (ConfUtils.java:logGet(62)) - raft.grpc.server.port = 15079 (custom)
2025-10-20 19:49:54,657 [ForkJoinPool-1-worker-1] INFO  server.GrpcServicesImpl (ConfUtils.java:logGet(62)) - raft.grpc.message.size.max = 34603008 (custom)
2025-10-20 19:49:54,658 [ContainerDataScanner(/home/runner/work/ozone/ozone/hadoop-ozone/integration-test/target/test-dir/MiniOzoneClusterImpl-6935df51-69ff-4c35-8bd4-ed2b81d70e54/ozone-metadata/datanode-6/data-0/hdds)] INFO  ozoneimpl.AbstractBackgroundContainerScanner (AbstractBackgroundContainerScanner.java:runIteration(89)) - Completed an iteration in 0 minutes. Number of iterations (since the data-node restart) : 1, Number of containers scanned in this iteration : 0, Number of unhealthy containers found in this iteration : 0
2025-10-20 19:49:54,658 [b614738c-cdff-4f09-bf59-ed5bb75d51be-EndpointStateMachineTaskThread-/0.0.0.0:15002-0 ] INFO  replication.ReplicationServer (ReplicationServer.java:start(137)) - ReplicationServer is started using port 15057
2025-10-20 19:49:54,659 [ForkJoinPool-1-worker-1] INFO  server.GrpcServicesImpl (ConfUtils.java:logGet(62)) - raft.grpc.flow.control.window = 5MB (=5242880) (custom)
2025-10-20 19:49:54,659 [ForkJoinPool-1-worker-1] INFO  server.RaftServerConfigKeys (ConfUtils.java:logGet(62)) - raft.server.log.appender.buffer.byte-limit = 33554432 (custom)
2025-10-20 19:49:54,660 [b614738c-cdff-4f09-bf59-ed5bb75d51be-EndpointStateMachineTaskThread-/0.0.0.0:15002-0 ] INFO  ratis.XceiverServerRatis (XceiverServerRatis.java:start(559)) - Starting XceiverServerRatis(b614738c-cdff-4f09-bf59-ed5bb75d51be)
2025-10-20 19:49:54,661 [ForkJoinPool-1-worker-1] INFO  netty.NettyUtils (NettyUtils.java:newEventLoopGroup(74)) - Create EpollEventLoopGroup for 605be85e-a7f4-44d7-8cfd-f53001b990b0-NettyServerStreamRpc-bossGroup; Thread size is 0.
2025-10-20 19:49:54,662 [ForkJoinPool-1-worker-1] INFO  netty.NettyUtils (NettyUtils.java:newEventLoopGroup(74)) - Create EpollEventLoopGroup for 605be85e-a7f4-44d7-8cfd-f53001b990b0-NettyServerStreamRpc-workerGroup; Thread size is 0.
2025-10-20 19:49:54,661 [b614738c-cdff-4f09-bf59-ed5bb75d51be-EndpointStateMachineTaskThread-/0.0.0.0:15002-0 ] INFO  server.RaftServer (RaftServerProxy.java:startImpl(412)) - b614738c-cdff-4f09-bf59-ed5bb75d51be: start RPC server
2025-10-20 19:49:54,662 [ForkJoinPool-1-worker-1] INFO  netty.NettyConfigKeys$DataStream (ConfUtils.java:logGet(62)) - raft.netty.dataStream.port = 15080 (custom)
2025-10-20 19:49:54,663 [b614738c-cdff-4f09-bf59-ed5bb75d51be-EndpointStateMachineTaskThread-/0.0.0.0:15002-0 ] INFO  server.GrpcServicesImpl (GrpcServicesImpl.java:startImpl(346)) - b614738c-cdff-4f09-bf59-ed5bb75d51be: GrpcServicesImpl started, listening on 15053
2025-10-20 19:49:54,664 [605be85e-a7f4-44d7-8cfd-f53001b990b0-NettyServerStreamRpc-bossGroup--thread1] INFO  logging.LoggingHandler (AbstractInternalLogger.java:log(148)) - [id: 0x4ba58033] REGISTERED
2025-10-20 19:49:54,664 [b614738c-cdff-4f09-bf59-ed5bb75d51be-EndpointStateMachineTaskThread-/0.0.0.0:15002-0 ] INFO  server.GrpcServicesImpl (GrpcServicesImpl.java:startImpl(346)) - b614738c-cdff-4f09-bf59-ed5bb75d51be: GrpcServicesImpl started, listening on 15055
2025-10-20 19:49:54,664 [ForkJoinPool-1-worker-1] INFO  server.RaftServerConfigKeys (ConfUtils.java:logGet(62)) - raft.server.storage.dir = [/home/runner/work/ozone/ozone/hadoop-ozone/integration-test/target/test-dir/MiniOzoneClusterImpl-6935df51-69ff-4c35-8bd4-ed2b81d70e54/ozone-metadata/datanode-9/ratis] (custom)
2025-10-20 19:49:54,665 [b614738c-cdff-4f09-bf59-ed5bb75d51be-EndpointStateMachineTaskThread-/0.0.0.0:15002-0 ] INFO  server.GrpcServicesImpl (GrpcServicesImpl.java:startImpl(346)) - b614738c-cdff-4f09-bf59-ed5bb75d51be: GrpcServicesImpl started, listening on 15054
2025-10-20 19:49:54,665 [605be85e-a7f4-44d7-8cfd-f53001b990b0-NettyServerStreamRpc-bossGroup--thread1] INFO  logging.LoggingHandler (AbstractInternalLogger.java:log(148)) - [id: 0x4ba58033] BIND: 0.0.0.0/0.0.0.0:15080
2025-10-20 19:49:54,665 [605be85e-a7f4-44d7-8cfd-f53001b990b0-NettyServerStreamRpc-bossGroup--thread1] INFO  logging.LoggingHandler (AbstractInternalLogger.java:log(148)) - [id: 0x4ba58033, L:/0.0.0.0:15080] ACTIVE
2025-10-20 19:49:54,666 [605be85e-a7f4-44d7-8cfd-f53001b990b0-impl-thread1] INFO  server.RaftServer (RaftServerProxy.java:initGroupDir(270)) - 605be85e-a7f4-44d7-8cfd-f53001b990b0: found a subdirectory /home/runner/work/ozone/ozone/hadoop-ozone/integration-test/target/test-dir/MiniOzoneClusterImpl-6935df51-69ff-4c35-8bd4-ed2b81d70e54/ozone-metadata/datanode-9/ratis/tmp
2025-10-20 19:49:54,666 [605be85e-a7f4-44d7-8cfd-f53001b990b0-impl-thread1] INFO  server.RaftServer (RaftServerProxy.java:initGroupDir(275)) - 605be85e-a7f4-44d7-8cfd-f53001b990b0: The directory /home/runner/work/ozone/ozone/hadoop-ozone/integration-test/target/test-dir/MiniOzoneClusterImpl-6935df51-69ff-4c35-8bd4-ed2b81d70e54/ozone-metadata/datanode-9/ratis/tmp is not a group directory; ignoring it. 
2025-10-20 19:49:54,666 [b614738c-cdff-4f09-bf59-ed5bb75d51be-EndpointStateMachineTaskThread-/0.0.0.0:15002-0 ] INFO  ratis.XceiverServerRatis (XceiverServerRatis.java:getRealPort(586)) - XceiverServerRatis(b614738c-cdff-4f09-bf59-ed5bb75d51be) is started using port RATIS=15053
2025-10-20 19:49:54,666 [b614738c-cdff-4f09-bf59-ed5bb75d51be-EndpointStateMachineTaskThread-/0.0.0.0:15002-0 ] INFO  ratis.XceiverServerRatis (XceiverServerRatis.java:getRealPort(586)) - XceiverServerRatis(b614738c-cdff-4f09-bf59-ed5bb75d51be) is started using port RATIS_ADMIN=15054
2025-10-20 19:49:54,666 [b614738c-cdff-4f09-bf59-ed5bb75d51be-EndpointStateMachineTaskThread-/0.0.0.0:15002-0 ] INFO  ratis.XceiverServerRatis (XceiverServerRatis.java:getRealPort(586)) - XceiverServerRatis(b614738c-cdff-4f09-bf59-ed5bb75d51be) is started using port RATIS_SERVER=15055
2025-10-20 19:49:54,666 [b614738c-cdff-4f09-bf59-ed5bb75d51be-EndpointStateMachineTaskThread-/0.0.0.0:15002-0 ] INFO  ratis.XceiverServerRatis (XceiverServerRatis.java:getRealPort(586)) - XceiverServerRatis(b614738c-cdff-4f09-bf59-ed5bb75d51be) is started using port RATIS_DATASTREAM=15056
2025-10-20 19:49:54,666 [ForkJoinPool-1-worker-1] INFO  replication.ReplicationServer (ReplicationServer.java:<init>(84)) - Initializing replication server with thread count = 10 queue length = 4096
2025-10-20 19:49:54,666 [JvmPauseMonitor8] INFO  util.JvmPauseMonitor (JvmPauseMonitor.java:run(146)) - JvmPauseMonitor-b614738c-cdff-4f09-bf59-ed5bb75d51be: Started
2025-10-20 19:49:54,667 [ForkJoinPool-1-worker-1] INFO  server.XceiverServerGrpc (XceiverServerGrpc.java:<init>(129)) - GrpcServer channel type EpollServerSocketChannel
2025-10-20 19:49:54,669 [b614738c-cdff-4f09-bf59-ed5bb75d51be-EndpointStateMachineTaskThread-/0.0.0.0:15002-0 ] INFO  utils.BackgroundService (BackgroundService.java:start(119)) - Starting service BlockDeletingService with interval 60000 milliseconds
2025-10-20 19:49:54,669 [ForkJoinPool-1-worker-1] INFO  replication.ReplicationSupervisor (ReplicationSupervisor.java:build(169)) - Initializing replication supervisor with thread count = 10
2025-10-20 19:49:54,669 [ForkJoinPool-1-worker-1] INFO  replication.ReplicationSupervisor (ReplicationSupervisor.java:nodeStateUpdated(358)) - Node state updated to IN_SERVICE, scaling executor pool size to 10
2025-10-20 19:49:54,670 [b614738c-cdff-4f09-bf59-ed5bb75d51be-EndpointStateMachineTaskThread-/0.0.0.0:15002-0 ] INFO  utils.BackgroundService (BackgroundService.java:start(119)) - Starting service StaleRecoveringContainerScrubbingService with interval 60000 milliseconds
2025-10-20 19:49:54,672 [ForkJoinPool-1-worker-1] INFO  http.BaseHttpServer (BaseHttpServer.java:newHttpServer2BuilderForOzone(227)) - Starting Web-server for hddsDatanode at: http://0.0.0.0:15074
2025-10-20 19:49:54,672 [ForkJoinPool-1-worker-1] INFO  http.BaseHttpServer (BaseHttpServer.java:<init>(105)) - Hadoop Security Enabled: false Ozone Security Enabled: false Ozone HTTP Security Enabled: false 
2025-10-20 19:49:54,673 [ForkJoinPool-1-worker-1] WARN  server.AuthenticationFilter (AuthenticationFilter.java:constructSecretProvider(240)) - Unable to initialize FileSignerSecretProvider, falling back to use random secrets. Reason: Could not read signature secret file: /home/runner/hadoop-http-auth-signature-secret
2025-10-20 19:49:54,676 [ForkJoinPool-1-worker-1] INFO  http.HttpServer2 (HttpServer2.java:addGlobalFilter(1040)) - Added global filter 'safety' (class=org.apache.hadoop.hdds.server.http.HttpServer2$QuotingInputFilter)
2025-10-20 19:49:54,677 [ForkJoinPool-1-worker-1] INFO  http.HttpServer2 (HttpServer2.java:addFilter(1016)) - Added filter static_user_filter (class=org.apache.hadoop.http.lib.StaticUserWebFilter$StaticUserFilter) to context hddsDatanode
2025-10-20 19:49:54,677 [ForkJoinPool-1-worker-1] INFO  http.HttpServer2 (HttpServer2.java:addFilter(1024)) - Added filter static_user_filter (class=org.apache.hadoop.http.lib.StaticUserWebFilter$StaticUserFilter) to context static
2025-10-20 19:49:54,677 [ForkJoinPool-1-worker-1] INFO  http.HttpServer2 (HttpServer2.java:addFilter(1024)) - Added filter static_user_filter (class=org.apache.hadoop.http.lib.StaticUserWebFilter$StaticUserFilter) to context logs
2025-10-20 19:49:54,677 [ForkJoinPool-1-worker-1] INFO  http.BaseHttpServer (BaseHttpServer.java:<init>(193)) - HTTP server of hddsDatanode uses base directory /home/runner/work/ozone/ozone/hadoop-ozone/integration-test/target/test-dir/MiniOzoneClusterImpl-6935df51-69ff-4c35-8bd4-ed2b81d70e54/scm/ozone-metadata/webserver
2025-10-20 19:49:54,678 [ForkJoinPool-1-worker-1] INFO  http.HttpServer2 (HttpServer2.java:bindListener(1240)) - Jetty bound to port 15074
2025-10-20 19:49:54,678 [ForkJoinPool-1-worker-1] INFO  server.Server (Server.java:doStart(375)) - jetty-9.4.58.v20250814; built: 2025-08-14T02:28:49.637Z; git: 8f1440587e9e4ae7db3d74cf205643f3d707148d; jvm 21.0.8+9-LTS
2025-10-20 19:49:54,679 [ForkJoinPool-1-worker-1] INFO  server.session (DefaultSessionIdManager.java:doStart(334)) - DefaultSessionIdManager workerName=node0
2025-10-20 19:49:54,679 [ForkJoinPool-1-worker-1] INFO  server.session (DefaultSessionIdManager.java:doStart(339)) - No SessionScavenger set, using defaults
2025-10-20 19:49:54,679 [ForkJoinPool-1-worker-1] INFO  server.session (HouseKeeper.java:startScavenging(132)) - node0 Scavenging every 600000ms
2025-10-20 19:49:54,680 [ForkJoinPool-1-worker-1] INFO  handler.ContextHandler (ContextHandler.java:doStart(921)) - Started o.e.j.s.ServletContextHandler@5e598e2e{logs,/logs,file:///home/runner/work/ozone/ozone/hadoop-ozone/integration-test/target/log,AVAILABLE}
2025-10-20 19:49:54,680 [ForkJoinPool-1-worker-1] INFO  handler.ContextHandler (ContextHandler.java:doStart(921)) - Started o.e.j.s.ServletContextHandler@794deff9{static,/static,jar:file:/home/runner/work/ozone/ozone/hadoop-hdds/container-service/target/hdds-container-service-2.1.0-SNAPSHOT.jar!/webapps/static,AVAILABLE}
2025-10-20 19:49:54,791 | INFO  | SCMAudit | user=runner | ip=127.0.0.1 | op=SEND_HEARTBEAT {"datanodeUUID":"361055de-215b-4c6c-94c2-be1c1da118d1","term":"2","command":"[commandType: createPipelineCommand createPipelineCommandProto { pipelineID { id: \"6f0420ee-085e-4e22-8eb9-dadc204fe0de\" uuid128 { mostSigBits: 7999555044831546914 leastSigBits: -8162252210662547234 } } type: RATIS factor: ONE datanode { uuid: \"361055de-215b-4c6c-94c2-be1c1da118d1\" ipAddress: \"127.0.0.1\" hostName: \"localhost\" ports { name: \"HTTP\" value: 15026 } ports { name: \"CLIENT_RPC\" value: 15027 } ports { name: \"REPLICATION\" value: 15033 } ports { name: \"RATIS\" value: 15029 } ports { name: \"RATIS_ADMIN\" value: 15030 } ports { name: \"RATIS_SERVER\" value: 15031 } ports { name: \"RATIS_DATASTREAM\" value: 15032 } ports { name: \"STANDALONE\" value: 15028 } networkName: \"361055de-215b-4c6c-94c2-be1c1da118d1\" networkLocation: \"/default-rack\" persistedOpState: IN_SERVICE persistedOpStateExpiry: 0 currentVersion: 2 uuid128 { mostSigBits: 3895708090206211180 leastSigBits: -7727404982648891183 } level: 3 id { uuid { mostSigBits: 3895708090206211180 leastSigBits: -7727404982648891183 } } } cmdId: 1760989793825 priority: 1 } term: 2 encodedToken: \"\" deadlineMsSinceEpoch: 0, commandType: createPipelineCommand createPipelineCommandProto { pipelineID { id: \"0b8c5e6b-69eb-484b-887e-939de61e1e74\" uuid128 { mostSigBits: 832143846588237899 leastSigBits: -8611283131105927564 } } type: RATIS factor: THREE datanode { uuid: \"ef67b0a7-5b27-496d-9f38-ab804a28e500\" ipAddress: \"127.0.0.1\" hostName: \"localhost\" ports { name: \"HTTP\" value: 15018 } ports { name: \"CLIENT_RPC\" value: 15019 } ports { name: \"REPLICATION\" value: 15025 } ports { name: \"RATIS\" value: 15021 } ports { name: \"RATIS_ADMIN\" value: 15022 } ports { name: \"RATIS_SERVER\" value: 15023 } ports { name: \"RATIS_DATASTREAM\" value: 15024 } ports { name: \"STANDALONE\" value: 15020 } networkName: \"ef67b0a7-5b27-496d-9f38-ab804a28e500\" networkLocation: \"/default-rack\" persistedOpState: IN_SERVICE persistedOpStateExpiry: 0 currentVersion: 2 uuid128 { mostSigBits: -1195792943208248979 leastSigBits: -6973635455494855424 } level: 3 id { uuid { mostSigBits: -1195792943208248979 leastSigBits: -6973635455494855424 } } } datanode { uuid: \"361055de-215b-4c6c-94c2-be1c1da118d1\" ipAddress: \"127.0.0.1\" hostName: \"localhost\" ports { name: \"HTTP\" value: 15026 } ports { name: \"CLIENT_RPC\" value: 15027 } ports { name: \"REPLICATION\" value: 15033 } ports { name: \"RATIS\" value: 15029 } ports { name: \"RATIS_ADMIN\" value: 15030 } ports { name: \"RATIS_SERVER\" value: 15031 } ports { name: \"RATIS_DATASTREAM\" value: 15032 } ports { name: \"STANDALONE\" value: 15028 } networkName: \"361055de-215b-4c6c-94c2-be1c1da118d1\" networkLocation: \"/default-rack\" persistedOpState: IN_SERVICE persistedOpStateExpiry: 0 currentVersion: 2 uuid128 { mostSigBits: 3895708090206211180 leastSigBits: -7727404982648891183 } level: 3 id { uuid { mostSigBits: 3895708090206211180 leastSigBits: -7727404982648891183 } } } datanode { uuid: \"e05592a5-d00f-4fc1-9e39-a968c1ecb04e\" ipAddress: \"127.0.0.1\" hostName: \"localhost\" ports { name: \"HTTP\" value: 15010 } ports { name: \"CLIENT_RPC\" value: 15011 } ports { name: \"REPLICATION\" value: 15017 } ports { name: \"RATIS\" value: 15013 } ports { name: \"RATIS_ADMIN\" value: 15014 } ports { name: \"RATIS_SERVER\" value: 15015 } ports { name: \"RATIS_DATASTREAM\" value: 15016 } ports { name: \"STANDALONE\" value: 15012 } networkName: \"e05592a5-d00f-4fc1-9e39-a968c1ecb04e\" networkLocation: \"/default-rack\" persistedOpState: IN_SERVICE persistedOpStateExpiry: 0 currentVersion: 2 uuid128 { mostSigBits: -2281756395335364671 leastSigBits: -7045413874649223090 } level: 3 id { uuid { mostSigBits: -2281756395335364671 leastSigBits: -7045413874649223090 } } } cmdId: 1760989793826 priority: 0 priority: 1 priority: 0 } term: 2 encodedToken: \"\" deadlineMsSinceEpoch: 0, commandType: createPipelineCommand createPipelineCommandProto { pipelineID { id: \"aabd30cf-05b8-4e3b-b15e-1aa5f909702d\" uuid128 { mostSigBits: -6143700650951160261 leastSigBits: -5666061981035433939 } } type: RATIS factor: THREE datanode { uuid: \"ef67b0a7-5b27-496d-9f38-ab804a28e500\" ipAddress: \"127.0.0.1\" hostName: \"localhost\" ports { name: \"HTTP\" value: 15018 } ports { name: \"CLIENT_RPC\" value: 15019 } ports { name: \"REPLICATION\" value: 15025 } ports { name: \"RATIS\" value: 15021 } ports { name: \"RATIS_ADMIN\" value: 15022 } ports { name: \"RATIS_SERVER\" value: 15023 } ports { name: \"RATIS_DATASTREAM\" value: 15024 } ports { name: \"STANDALONE\" value: 15020 } networkName: \"ef67b0a7-5b27-496d-9f38-ab804a28e500\" networkLocation: \"/default-rack\" persistedOpState: IN_SERVICE persistedOpStateExpiry: 0 currentVersion: 2 uuid128 { mostSigBits: -1195792943208248979 leastSigBits: -6973635455494855424 } level: 3 id { uuid { mostSigBits: -1195792943208248979 leastSigBits: -6973635455494855424 } } } datanode { uuid: \"e05592a5-d00f-4fc1-9e39-a968c1ecb04e\" ipAddress: \"127.0.0.1\" hostName: \"localhost\" ports { name: \"HTTP\" value: 15010 } ports { name: \"CLIENT_RPC\" value: 15011 } ports { name: \"REPLICATION\" value: 15017 } ports { name: \"RATIS\" value: 15013 } ports { name: \"RATIS_ADMIN\" value: 15014 } ports { name: \"RATIS_SERVER\" value: 15015 } ports { name: \"RATIS_DATASTREAM\" value: 15016 } ports { name: \"STANDALONE\" value: 15012 } networkName: \"e05592a5-d00f-4fc1-9e39-a968c1ecb04e\" networkLocation: \"/default-rack\" persistedOpState: IN_SERVICE persistedOpStateExpiry: 0 currentVersion: 2 uuid128 { mostSigBits: -2281756395335364671 leastSigBits: -7045413874649223090 } level: 3 id { uuid { mostSigBits: -2281756395335364671 leastSigBits: -7045413874649223090 } } } datanode { uuid: \"361055de-215b-4c6c-94c2-be1c1da118d1\" ipAddress: \"127.0.0.1\" hostName: \"localhost\" ports { name: \"HTTP\" value: 15026 } ports { name: \"CLIENT_RPC\" value: 15027 } ports { name: \"REPLICATION\" value: 15033 } ports { name: \"RATIS\" value: 15029 } ports { name: \"RATIS_ADMIN\" value: 15030 } ports { name: \"RATIS_SERVER\" value: 15031 } ports { name: \"RATIS_DATASTREAM\" value: 15032 } ports { name: \"STANDALONE\" value: 15028 } networkName: \"361055de-215b-4c6c-94c2-be1c1da118d1\" networkLocation: \"/default-rack\" persistedOpState: IN_SERVICE persistedOpStateExpiry: 0 currentVersion: 2 uuid128 { mostSigBits: 3895708090206211180 leastSigBits: -7727404982648891183 } level: 3 id { uuid { mostSigBits: 3895708090206211180 leastSigBits: -7727404982648891183 } } } cmdId: 1760989793827 priority: 1 priority: 0 priority: 0 } term: 2 encodedToken: \"\" deadlineMsSinceEpoch: 0]"} | ret=SUCCESS |  
2025-10-20 19:49:54,824 [ForkJoinPool-1-worker-1] INFO  handler.ContextHandler (ContextHandler.java:doStart(921)) - Started o.e.j.w.WebAppContext@14892748{hddsDatanode,/,file:///home/runner/work/ozone/ozone/hadoop-ozone/integration-test/target/test-dir/MiniOzoneClusterImpl-6935df51-69ff-4c35-8bd4-ed2b81d70e54/scm/ozone-metadata/webserver/jetty-0_0_0_0-15074-hdds-container-service-2_1_0-SNAPSHOT_jar-_-any-1906378337035090677/webapp/,AVAILABLE}{jar:file:/home/runner/work/ozone/ozone/hadoop-hdds/container-service/target/hdds-container-service-2.1.0-SNAPSHOT.jar!/webapps/hddsDatanode}
2025-10-20 19:49:54,825 [ForkJoinPool-1-worker-1] INFO  server.AbstractConnector (AbstractConnector.java:doStart(333)) - Started ServerConnector@2e2901ff{HTTP/1.1, (http/1.1)}{0.0.0.0:15074}
2025-10-20 19:49:54,825 [ForkJoinPool-1-worker-1] INFO  server.Server (Server.java:doStart(415)) - Started @12477ms
2025-10-20 19:49:54,825 [ForkJoinPool-1-worker-1] WARN  impl.MetricsSystemImpl (MetricsSystemImpl.java:register(279)) - Sink prometheus already exists!
2025-10-20 19:49:54,825 [ForkJoinPool-1-worker-1] INFO  http.BaseHttpServer (BaseHttpServer.java:updateConnectorAddress(357)) - HTTP server of hddsDatanode listening at http://localhost:15074
2025-10-20 19:49:54,825 [ForkJoinPool-1-worker-1] INFO  ipc.CallQueueManager (CallQueueManager.java:<init>(93)) - Using callQueue: class java.util.concurrent.LinkedBlockingQueue, queueCapacity: 1000, scheduler: class org.apache.hadoop.ipc.DefaultRpcScheduler, ipcBackoff: false, ipcFailOver: false.
2025-10-20 19:49:54,826 [ForkJoinPool-1-worker-1] INFO  ipc.Server (Server.java:<init>(1438)) - Listener at 0.0.0.0:15075
2025-10-20 19:49:54,826 [Socket Reader #1 for port 15075] INFO  ipc.Server (Server.java:run(1474)) - Starting Socket Reader #1 for port 15075
2025-10-20 19:49:54,826 [Socket Reader #2 for port 15075] INFO  ipc.Server (Server.java:run(1474)) - Starting Socket Reader #2 for port 15075
2025-10-20 19:49:54,826 [Socket Reader #3 for port 15075] INFO  ipc.Server (Server.java:run(1474)) - Starting Socket Reader #3 for port 15075
2025-10-20 19:49:54,827 [Socket Reader #4 for port 15075] INFO  ipc.Server (Server.java:run(1474)) - Starting Socket Reader #4 for port 15075
2025-10-20 19:49:54,827 [Socket Reader #5 for port 15075] INFO  ipc.Server (Server.java:run(1474)) - Starting Socket Reader #5 for port 15075
2025-10-20 19:49:54,827 [Socket Reader #6 for port 15075] INFO  ipc.Server (Server.java:run(1474)) - Starting Socket Reader #6 for port 15075
2025-10-20 19:49:54,827 [Socket Reader #7 for port 15075] INFO  ipc.Server (Server.java:run(1474)) - Starting Socket Reader #7 for port 15075
2025-10-20 19:49:54,828 [Socket Reader #8 for port 15075] INFO  ipc.Server (Server.java:run(1474)) - Starting Socket Reader #8 for port 15075
2025-10-20 19:49:54,828 [Socket Reader #9 for port 15075] INFO  ipc.Server (Server.java:run(1474)) - Starting Socket Reader #9 for port 15075
2025-10-20 19:49:54,828 [Socket Reader #10 for port 15075] INFO  ipc.Server (Server.java:run(1474)) - Starting Socket Reader #10 for port 15075
2025-10-20 19:49:54,830 [ForkJoinPool-1-worker-1] INFO  ozone.HddsDatanodeService (HddsDatanodeService.java:start(333)) - Datanode start with admins: [admin, runner]
2025-10-20 19:49:54,830 [ForkJoinPool-1-worker-1] INFO  ozone.HddsDatanodeClientProtocolServer (HddsDatanodeClientProtocolServer.java:start(76)) - RPC server for Client /0.0.0.0:15075
2025-10-20 19:49:54,830 [IPC Server Responder] INFO  ipc.Server (Server.java:run(1713)) - IPC Server Responder: starting
2025-10-20 19:49:54,830 [IPC Server listener on 15075] INFO  ipc.Server (Server.java:run(1553)) - IPC Server listener on 15075: starting
2025-10-20 19:49:54,831 [ForkJoinPool-1-worker-1] WARN  dropwizard3.Dm3MetricRegistriesImpl (Dm3MetricRegistriesImpl.java:addReporterRegistration(114)) - New reporters are added after registries were created. Some metrics will be missing from the reporter. Please add reporter before adding any new registry.
2025-10-20 19:49:54,832 [ForkJoinPool-1-worker-1] WARN  dropwizard3.Dm3MetricRegistriesImpl (Dm3MetricRegistriesImpl.java:addReporterRegistration(114)) - New reporters are added after registries were created. Some metrics will be missing from the reporter. Please add reporter before adding any new registry.
2025-10-20 19:49:54,833 [605be85e-a7f4-44d7-8cfd-f53001b990b0-DatanodeStateMachineDaemonThread] INFO  statemachine.DatanodeStateMachine (DatanodeStateMachine.java:startStateMachineThread(363)) - Ozone container server started.
2025-10-20 19:49:54,837 [605be85e-a7f4-44d7-8cfd-f53001b990b0-DatanodeStateMachineTaskThread-0] INFO  datanode.InitDatanodeState (InitDatanodeState.java:persistContainerDatanodeDetails(139)) - DatanodeDetails is persisted to /home/runner/work/ozone/ozone/hadoop-ozone/integration-test/target/test-dir/MiniOzoneClusterImpl-6935df51-69ff-4c35-8bd4-ed2b81d70e54/ozone-metadata/datanode-9/ozone-metadata/datanode.id
2025-10-20 19:49:54,851 [ForkJoinPool-1-worker-1] INFO  protocol.DatanodeDetails (DatanodeDetails.java:validateDatanodeIpAddress(199)) - Updating IP address of datanode 33f74daf-be7a-4306-b2af-53e409c4cb93(localhost/null) to 127.0.0.1
2025-10-20 19:49:54,851 [ForkJoinPool-1-worker-1] INFO  ozone.HddsDatanodeService (HddsDatanodeService.java:start(236)) - HddsDatanodeService 33f74daf-be7a-4306-b2af-53e409c4cb93(localhost/127.0.0.1)
2025-10-20 19:49:54,853 [IPC Server handler 3 on default port 15002] INFO  net.NetworkTopologyImpl (NetworkTopologyImpl.java:add(133)) - Added a new node: /default-rack/af0e5da1-57af-45e9-9aca-fa0798d05628
2025-10-20 19:49:54,853 [IPC Server handler 3 on default port 15002] INFO  node.SCMNodeManager (SCMNodeManager.java:register(423)) - Registered datanode: af0e5da1-57af-45e9-9aca-fa0798d05628{ip: 127.0.0.1, host: localhost, ports: [HTTP=15042, CLIENT_RPC=15043, REPLICATION=15049, RATIS=15045, RATIS_ADMIN=15046, RATIS_SERVER=15047, RATIS_DATASTREAM=15048, STANDALONE=15044], networkLocation: /default-rack, certSerialId: null, persistedOpState: null, persistedOpStateExpiryEpochSec: 0}
2025-10-20 19:49:54,853 [EventQueue-NewNodeForNewNodeHandler] INFO  pipeline.BackgroundPipelineCreator (BackgroundPipelineCreator.java:notifyEventTriggered(290)) - trigger a one-shot run on RatisPipelineUtilsThread.
2025-10-20 19:49:54,853 [ForkJoinPool-1-worker-1] INFO  upgrade.AbstractLayoutVersionManager (AbstractLayoutVersionManager.java:init(80)) - Initializing Layout version manager with metadata layout = WITNESSED_CONTAINER_DB_PROTO_VALUE (version = 9), software layout = WITNESSED_CONTAINER_DB_PROTO_VALUE (version = 9)
2025-10-20 19:49:54,853 [EventQueue-PipelineReportForOneReplicaPipelineSafeModeRule] INFO  safemode.SCMSafeModeManager (SCMSafeModeManager.java:validateSafeModeExitRules(138)) - OneReplicaPipelineSafeModeRule rule is successfully validated
2025-10-20 19:49:54,853 [RatisPipelineUtilsThread-0] INFO  pipeline.RatisPipelineProvider (RatisPipelineProvider.java:lambda$create$0(208)) - Sending CreatePipelineCommand for pipeline:Pipeline-856ce2eb-1c22-44a3-8643-07dd2bb39a51 to datanode:af0e5da1-57af-45e9-9aca-fa0798d05628(localhost/127.0.0.1)
2025-10-20 19:49:54,854 [EventQueue-NodeRegistrationContainerReportForDataNodeSafeModeRule] INFO  safemode.SCMSafeModeManager (SCMSafeModeManager.java:validateSafeModeExitRules(138)) - DataNodeSafeModeRule rule is successfully validated
2025-10-20 19:49:54,854 [EventQueue-ContainerRegistrationReportForECContainerSafeModeRule] INFO  safemode.SCMSafeModeManager (SCMSafeModeManager.java:validateSafeModeExitRules(138)) - ECContainerSafeModeRule rule is successfully validated
2025-10-20 19:49:54,853 | INFO  | SCMAudit | user=runner | ip=127.0.0.1 | op=REGISTER {"datanodeDetails":"af0e5da1-57af-45e9-9aca-fa0798d05628(localhost/127.0.0.1)"} | ret=SUCCESS |  
2025-10-20 19:49:54,854 [EventQueue-ContainerRegistrationReportForRatisContainerSafeModeRule] INFO  safemode.SCMSafeModeManager (SCMSafeModeManager.java:validateSafeModeExitRules(138)) - RatisContainerSafeModeRule rule is successfully validated
2025-10-20 19:49:54,854 [ForkJoinPool-1-worker-1] INFO  statemachine.DatanodeStateMachine (DatanodeStateMachine.java:getEndPointTaskThreadPoolSize(321)) - Datanode State Machine Task Thread Pool size 2
2025-10-20 19:49:54,856 [206580cc-82ee-4213-b95b-59cb1d300b36@group-ED2B81D70E54-StateMachineUpdater] INFO  safemode.SCMSafeModeManager (SCMSafeModeManager.java:validateSafeModeExitRules(138)) - DataNodeSafeModeRule rule is successfully validated
2025-10-20 19:49:54,856 [206580cc-82ee-4213-b95b-59cb1d300b36@group-ED2B81D70E54-StateMachineUpdater] INFO  safemode.SCMSafeModeManager (SCMSafeModeManager.java:validateSafeModeExitRules(138)) - RatisContainerSafeModeRule rule is successfully validated
2025-10-20 19:49:54,856 [206580cc-82ee-4213-b95b-59cb1d300b36@group-ED2B81D70E54-StateMachineUpdater] INFO  safemode.HealthyPipelineSafeModeRule (HealthyPipelineSafeModeRule.java:initializeRule(226)) - Refreshed total pipeline count is 0, healthy pipeline threshold count is 1
2025-10-20 19:49:54,857 [206580cc-82ee-4213-b95b-59cb1d300b36@group-ED2B81D70E54-StateMachineUpdater] INFO  safemode.SCMSafeModeManager (SCMSafeModeManager.java:validateSafeModeExitRules(138)) - OneReplicaPipelineSafeModeRule rule is successfully validated
2025-10-20 19:49:54,857 [206580cc-82ee-4213-b95b-59cb1d300b36@group-ED2B81D70E54-StateMachineUpdater] INFO  safemode.SCMSafeModeManager (SCMSafeModeManager.java:validateSafeModeExitRules(138)) - ECContainerSafeModeRule rule is successfully validated
2025-10-20 19:49:54,857 [RatisPipelineUtilsThread-0] INFO  pipeline.BackgroundPipelineCreator (BackgroundPipelineCreator.java:createPipelines(246)) - Created new pipeline Pipeline{ Id: 856ce2eb-1c22-44a3-8643-07dd2bb39a51, Nodes: [ {af0e5da1-57af-45e9-9aca-fa0798d05628(localhost/127.0.0.1), ReplicaIndex: 0},], ReplicationConfig: RATIS/ONE, State:ALLOCATED, leaderId:, CreationTimestamp2025-10-20T19:49:54.853919507Z[Etc/UTC]}
2025-10-20 19:49:54,857 [ForkJoinPool-1-worker-1] INFO  volume.HddsVolume (HddsVolume.java:<init>(162)) - HddsVolume: { id=DS-31ea4617-8c2f-475f-91ad-83bb07178de0 dir=/home/runner/work/ozone/ozone/hadoop-ozone/integration-test/target/test-dir/MiniOzoneClusterImpl-6935df51-69ff-4c35-8bd4-ed2b81d70e54/ozone-metadata/datanode-10/data-0/hdds type=DISK capacity=9222449699674390527 used=0 available=9222449699674390527 minFree=184448985434423296 committed=0 }
2025-10-20 19:49:54,857 [ForkJoinPool-1-worker-1] INFO  volume.MutableVolumeSet (MutableVolumeSet.java:initializeVolumeSet(175)) - Added Volume : /home/runner/work/ozone/ozone/hadoop-ozone/integration-test/target/test-dir/MiniOzoneClusterImpl-6935df51-69ff-4c35-8bd4-ed2b81d70e54/ozone-metadata/datanode-10/data-0/hdds to VolumeSet
2025-10-20 19:49:54,858 [ForkJoinPool-1-worker-1] INFO  volume.MutableVolumeSet (MutableVolumeSet.java:initializeVolumeSet(175)) - Added Volume : /home/runner/work/ozone/ozone/hadoop-ozone/integration-test/target/test-dir/MiniOzoneClusterImpl-6935df51-69ff-4c35-8bd4-ed2b81d70e54/ozone-metadata/datanode-10/ratis to VolumeSet
2025-10-20 19:49:54,859 [ForkJoinPool-1-worker-1] INFO  ozoneimpl.OzoneContainer (HddsVolumeUtil.java:loadAllHddsVolumeDbStore(102)) - Load 1 volumes DbStore cost: 0ms
2025-10-20 19:49:54,859 [ForkJoinPool-1-worker-1] WARN  db.DBStoreBuilder (DBStoreBuilder.java:getDBDirPath(157)) - ozone.scm.datanode.id.dir is not configured. We recommend adding this setting. Falling back to ozone.metadata.dirs instead.
2025-10-20 19:49:54,860 [ForkJoinPool-1-worker-1] WARN  db.DBStoreBuilder (DBStoreBuilder.java:getDBDirPath(157)) - ozone.scm.datanode.id.dir is not configured. We recommend adding this setting. Falling back to ozone.metadata.dirs instead.
2025-10-20 19:49:54,869 [ForkJoinPool-1-worker-1] INFO  impl.FilePerChunkStrategy (FilePerChunkStrategy.java:<init>(79)) - ozone.chunk.read.mapped.buffer.max.count is load with 0
2025-10-20 19:49:54,870 [ForkJoinPool-1-worker-1] INFO  impl.FilePerBlockStrategy (FilePerBlockStrategy.java:<init>(88)) - ozone.chunk.read.mapped.buffer.max.count is load with 0
2025-10-20 19:49:54,871 [ForkJoinPool-1-worker-1] INFO  server.RaftServerConfigKeys (ConfUtils.java:logGet(62)) - raft.server.log.appender.buffer.byte-limit = 33554432 (custom)
2025-10-20 19:49:54,873 [ForkJoinPool-1-worker-1] INFO  grpc.GrpcConfigKeys (ConfUtils.java:logFallback(69)) - raft.grpc.admin.host = null (fallback to raft.grpc.server.host)
2025-10-20 19:49:54,873 [ForkJoinPool-1-worker-1] INFO  grpc.GrpcConfigKeys (ConfUtils.java:logGet(62)) - raft.grpc.admin.port = 15086 (custom)
2025-10-20 19:49:54,873 [ForkJoinPool-1-worker-1] INFO  grpc.GrpcConfigKeys (ConfUtils.java:logFallback(69)) - raft.grpc.client.host = null (fallback to raft.grpc.server.host)
2025-10-20 19:49:54,873 [ForkJoinPool-1-worker-1] INFO  grpc.GrpcConfigKeys (ConfUtils.java:logGet(62)) - raft.grpc.client.port = 15085 (custom)
2025-10-20 19:49:54,873 [ForkJoinPool-1-worker-1] INFO  grpc.GrpcConfigKeys (ConfUtils.java:logGet(62)) - raft.grpc.server.port = 15087 (custom)
2025-10-20 19:49:54,873 [ForkJoinPool-1-worker-1] INFO  server.GrpcServicesImpl (ConfUtils.java:logGet(62)) - raft.grpc.message.size.max = 34603008 (custom)
2025-10-20 19:49:54,873 [ForkJoinPool-1-worker-1] INFO  server.GrpcServicesImpl (ConfUtils.java:logGet(62)) - raft.grpc.flow.control.window = 5MB (=5242880) (custom)
2025-10-20 19:49:54,873 [ForkJoinPool-1-worker-1] INFO  server.RaftServerConfigKeys (ConfUtils.java:logGet(62)) - raft.server.log.appender.buffer.byte-limit = 33554432 (custom)
2025-10-20 19:49:54,876 [ForkJoinPool-1-worker-1] INFO  netty.NettyUtils (NettyUtils.java:newEventLoopGroup(74)) - Create EpollEventLoopGroup for 33f74daf-be7a-4306-b2af-53e409c4cb93-NettyServerStreamRpc-bossGroup; Thread size is 0.
2025-10-20 19:49:54,876 [ForkJoinPool-1-worker-1] INFO  netty.NettyUtils (NettyUtils.java:newEventLoopGroup(74)) - Create EpollEventLoopGroup for 33f74daf-be7a-4306-b2af-53e409c4cb93-NettyServerStreamRpc-workerGroup; Thread size is 0.
2025-10-20 19:49:54,877 [ForkJoinPool-1-worker-1] INFO  netty.NettyConfigKeys$DataStream (ConfUtils.java:logGet(62)) - raft.netty.dataStream.port = 15088 (custom)
2025-10-20 19:49:54,877 [ForkJoinPool-1-worker-1] INFO  server.RaftServerConfigKeys (ConfUtils.java:logGet(62)) - raft.server.storage.dir = [/home/runner/work/ozone/ozone/hadoop-ozone/integration-test/target/test-dir/MiniOzoneClusterImpl-6935df51-69ff-4c35-8bd4-ed2b81d70e54/ozone-metadata/datanode-10/ratis] (custom)
2025-10-20 19:49:54,878 [33f74daf-be7a-4306-b2af-53e409c4cb93-NettyServerStreamRpc-bossGroup--thread1] INFO  logging.LoggingHandler (AbstractInternalLogger.java:log(148)) - [id: 0x2ba86a54] REGISTERED
2025-10-20 19:49:54,878 [33f74daf-be7a-4306-b2af-53e409c4cb93-NettyServerStreamRpc-bossGroup--thread1] INFO  logging.LoggingHandler (AbstractInternalLogger.java:log(148)) - [id: 0x2ba86a54] BIND: 0.0.0.0/0.0.0.0:15088
2025-10-20 19:49:54,878 [33f74daf-be7a-4306-b2af-53e409c4cb93-NettyServerStreamRpc-bossGroup--thread1] INFO  logging.LoggingHandler (AbstractInternalLogger.java:log(148)) - [id: 0x2ba86a54, L:/0.0.0.0:15088] ACTIVE
2025-10-20 19:49:54,878 [33f74daf-be7a-4306-b2af-53e409c4cb93-impl-thread1] INFO  server.RaftServer (RaftServerProxy.java:initGroupDir(270)) - 33f74daf-be7a-4306-b2af-53e409c4cb93: found a subdirectory /home/runner/work/ozone/ozone/hadoop-ozone/integration-test/target/test-dir/MiniOzoneClusterImpl-6935df51-69ff-4c35-8bd4-ed2b81d70e54/ozone-metadata/datanode-10/ratis/tmp
2025-10-20 19:49:54,878 [33f74daf-be7a-4306-b2af-53e409c4cb93-impl-thread1] INFO  server.RaftServer (RaftServerProxy.java:initGroupDir(275)) - 33f74daf-be7a-4306-b2af-53e409c4cb93: The directory /home/runner/work/ozone/ozone/hadoop-ozone/integration-test/target/test-dir/MiniOzoneClusterImpl-6935df51-69ff-4c35-8bd4-ed2b81d70e54/ozone-metadata/datanode-10/ratis/tmp is not a group directory; ignoring it. 
2025-10-20 19:49:54,878 [ForkJoinPool-1-worker-1] INFO  replication.ReplicationServer (ReplicationServer.java:<init>(84)) - Initializing replication server with thread count = 10 queue length = 4096
2025-10-20 19:49:54,880 [ForkJoinPool-1-worker-1] INFO  server.XceiverServerGrpc (XceiverServerGrpc.java:<init>(129)) - GrpcServer channel type EpollServerSocketChannel
2025-10-20 19:49:54,881 [ForkJoinPool-1-worker-1] INFO  replication.ReplicationSupervisor (ReplicationSupervisor.java:build(169)) - Initializing replication supervisor with thread count = 10
2025-10-20 19:49:54,882 [ForkJoinPool-1-worker-1] INFO  replication.ReplicationSupervisor (ReplicationSupervisor.java:nodeStateUpdated(358)) - Node state updated to IN_SERVICE, scaling executor pool size to 10
2025-10-20 19:49:54,885 | INFO  | SCMAudit | user=runner | ip=127.0.0.1 | op=GET_VERSION {} | ret=SUCCESS |  
2025-10-20 19:49:54,885 [ForkJoinPool-1-worker-1] INFO  http.BaseHttpServer (BaseHttpServer.java:newHttpServer2BuilderForOzone(227)) - Starting Web-server for hddsDatanode at: http://0.0.0.0:15082
2025-10-20 19:49:54,885 [ForkJoinPool-1-worker-1] INFO  http.BaseHttpServer (BaseHttpServer.java:<init>(105)) - Hadoop Security Enabled: false Ozone Security Enabled: false Ozone HTTP Security Enabled: false 
2025-10-20 19:49:54,887 [ForkJoinPool-1-worker-1] WARN  server.AuthenticationFilter (AuthenticationFilter.java:constructSecretProvider(240)) - Unable to initialize FileSignerSecretProvider, falling back to use random secrets. Reason: Could not read signature secret file: /home/runner/hadoop-http-auth-signature-secret
2025-10-20 19:49:54,889 [ForkJoinPool-1-worker-1] INFO  http.HttpServer2 (HttpServer2.java:addGlobalFilter(1040)) - Added global filter 'safety' (class=org.apache.hadoop.hdds.server.http.HttpServer2$QuotingInputFilter)
2025-10-20 19:49:54,891 [ForkJoinPool-1-worker-1] INFO  http.HttpServer2 (HttpServer2.java:addFilter(1016)) - Added filter static_user_filter (class=org.apache.hadoop.http.lib.StaticUserWebFilter$StaticUserFilter) to context hddsDatanode
2025-10-20 19:49:54,891 [ForkJoinPool-1-worker-1] INFO  http.HttpServer2 (HttpServer2.java:addFilter(1024)) - Added filter static_user_filter (class=org.apache.hadoop.http.lib.StaticUserWebFilter$StaticUserFilter) to context logs
2025-10-20 19:49:54,891 [ForkJoinPool-1-worker-1] INFO  http.HttpServer2 (HttpServer2.java:addFilter(1024)) - Added filter static_user_filter (class=org.apache.hadoop.http.lib.StaticUserWebFilter$StaticUserFilter) to context static
2025-10-20 19:49:54,891 [ForkJoinPool-1-worker-1] INFO  http.BaseHttpServer (BaseHttpServer.java:<init>(193)) - HTTP server of hddsDatanode uses base directory /home/runner/work/ozone/ozone/hadoop-ozone/integration-test/target/test-dir/MiniOzoneClusterImpl-6935df51-69ff-4c35-8bd4-ed2b81d70e54/scm/ozone-metadata/webserver
2025-10-20 19:49:54,892 [ForkJoinPool-1-worker-1] INFO  http.HttpServer2 (HttpServer2.java:bindListener(1240)) - Jetty bound to port 15082
2025-10-20 19:49:54,892 [ForkJoinPool-1-worker-1] INFO  server.Server (Server.java:doStart(375)) - jetty-9.4.58.v20250814; built: 2025-08-14T02:28:49.637Z; git: 8f1440587e9e4ae7db3d74cf205643f3d707148d; jvm 21.0.8+9-LTS
2025-10-20 19:49:54,894 [ForkJoinPool-1-worker-1] INFO  server.session (DefaultSessionIdManager.java:doStart(334)) - DefaultSessionIdManager workerName=node0
2025-10-20 19:49:54,894 [ForkJoinPool-1-worker-1] INFO  server.session (DefaultSessionIdManager.java:doStart(339)) - No SessionScavenger set, using defaults
2025-10-20 19:49:54,894 [ForkJoinPool-1-worker-1] INFO  server.session (HouseKeeper.java:startScavenging(132)) - node0 Scavenging every 660000ms
2025-10-20 19:49:54,895 [ForkJoinPool-1-worker-1] INFO  handler.ContextHandler (ContextHandler.java:doStart(921)) - Started o.e.j.s.ServletContextHandler@76312db2{logs,/logs,file:///home/runner/work/ozone/ozone/hadoop-ozone/integration-test/target/log,AVAILABLE}
2025-10-20 19:49:54,895 [ForkJoinPool-1-worker-1] INFO  handler.ContextHandler (ContextHandler.java:doStart(921)) - Started o.e.j.s.ServletContextHandler@42ca5936{static,/static,jar:file:/home/runner/work/ozone/ozone/hadoop-hdds/container-service/target/hdds-container-service-2.1.0-SNAPSHOT.jar!/webapps/static,AVAILABLE}
2025-10-20 19:49:54,925 [cc7fbe85-1d98-437b-84f9-04213fee10f0-EndpointStateMachineTaskThread-/0.0.0.0:15002-0 ] INFO  utils.DatanodeStoreCache (DatanodeStoreCache.java:addDB(70)) - Added db /home/runner/work/ozone/ozone/hadoop-ozone/integration-test/target/test-dir/MiniOzoneClusterImpl-6935df51-69ff-4c35-8bd4-ed2b81d70e54/ozone-metadata/datanode-7/data-0/hdds/6935df51-69ff-4c35-8bd4-ed2b81d70e54/DS-7a32c02c-a717-47b4-833f-5298ac85c40b/container.db to cache
2025-10-20 19:49:54,925 [cc7fbe85-1d98-437b-84f9-04213fee10f0-EndpointStateMachineTaskThread-/0.0.0.0:15002-0 ] INFO  volume.HddsVolume (HddsVolume.java:createDbStore(576)) - SchemaV3 db is created and loaded at /home/runner/work/ozone/ozone/hadoop-ozone/integration-test/target/test-dir/MiniOzoneClusterImpl-6935df51-69ff-4c35-8bd4-ed2b81d70e54/ozone-metadata/datanode-7/data-0/hdds/6935df51-69ff-4c35-8bd4-ed2b81d70e54/DS-7a32c02c-a717-47b4-833f-5298ac85c40b/container.db for volume DS-7a32c02c-a717-47b4-833f-5298ac85c40b
2025-10-20 19:49:54,927 [cc7fbe85-1d98-437b-84f9-04213fee10f0-ContainerReader-0] INFO  ozoneimpl.ContainerReader (ContainerReader.java:readVolume(147)) - Start to verify containers on volume /home/runner/work/ozone/ozone/hadoop-ozone/integration-test/target/test-dir/MiniOzoneClusterImpl-6935df51-69ff-4c35-8bd4-ed2b81d70e54/ozone-metadata/datanode-7/data-0/hdds
2025-10-20 19:49:54,927 [cc7fbe85-1d98-437b-84f9-04213fee10f0-ContainerReader-0] INFO  ozoneimpl.ContainerReader (ContainerReader.java:readVolume(177)) - Finish verifying containers on volume /home/runner/work/ozone/ozone/hadoop-ozone/integration-test/target/test-dir/MiniOzoneClusterImpl-6935df51-69ff-4c35-8bd4-ed2b81d70e54/ozone-metadata/datanode-7/data-0/hdds
2025-10-20 19:49:54,928 [cc7fbe85-1d98-437b-84f9-04213fee10f0-EndpointStateMachineTaskThread-/0.0.0.0:15002-0 ] INFO  ozoneimpl.OzoneContainer (OzoneContainer.java:buildContainerSet(359)) - Build ContainerSet costs 0s
2025-10-20 19:49:54,928 [cc7fbe85-1d98-437b-84f9-04213fee10f0-EndpointStateMachineTaskThread-/0.0.0.0:15002-0 ] INFO  volume.ThrottledAsyncChecker (ThrottledAsyncChecker.java:schedule(138)) - Scheduling a check for /home/runner/work/ozone/ozone/hadoop-ozone/integration-test/target/test-dir/MiniOzoneClusterImpl-6935df51-69ff-4c35-8bd4-ed2b81d70e54/ozone-metadata/datanode-7/data-0/hdds
2025-10-20 19:49:54,929 [cc7fbe85-1d98-437b-84f9-04213fee10f0-EndpointStateMachineTaskThread-/0.0.0.0:15002-0 ] INFO  volume.StorageVolumeChecker (StorageVolumeChecker.java:checkAllVolumes(231)) - Scheduled health check for volume /home/runner/work/ozone/ozone/hadoop-ozone/integration-test/target/test-dir/MiniOzoneClusterImpl-6935df51-69ff-4c35-8bd4-ed2b81d70e54/ozone-metadata/datanode-7/data-0/hdds
2025-10-20 19:49:54,931 [cc7fbe85-1d98-437b-84f9-04213fee10f0-EndpointStateMachineTaskThread-/0.0.0.0:15002-0 ] INFO  volume.ThrottledAsyncChecker (ThrottledAsyncChecker.java:schedule(138)) - Scheduling a check for /home/runner/work/ozone/ozone/hadoop-ozone/integration-test/target/test-dir/MiniOzoneClusterImpl-6935df51-69ff-4c35-8bd4-ed2b81d70e54/ozone-metadata/datanode-7/ratis
2025-10-20 19:49:54,931 [cc7fbe85-1d98-437b-84f9-04213fee10f0-EndpointStateMachineTaskThread-/0.0.0.0:15002-0 ] INFO  volume.StorageVolumeChecker (StorageVolumeChecker.java:checkAllVolumes(231)) - Scheduled health check for volume /home/runner/work/ozone/ozone/hadoop-ozone/integration-test/target/test-dir/MiniOzoneClusterImpl-6935df51-69ff-4c35-8bd4-ed2b81d70e54/ozone-metadata/datanode-7/ratis
2025-10-20 19:49:54,932 [cc7fbe85-1d98-437b-84f9-04213fee10f0-EndpointStateMachineTaskThread-/0.0.0.0:15002-0 ] INFO  ozoneimpl.OzoneContainer (OzoneContainer.java:start(544)) - Attempting to start container services.
2025-10-20 19:49:54,933 [ContainerMetadataScanner] INFO  ozoneimpl.AbstractBackgroundContainerScanner (AbstractBackgroundContainerScanner.java:runIteration(89)) - Completed an iteration in 0 minutes. Number of iterations (since the data-node restart) : 1, Number of containers scanned in this iteration : 0, Number of unhealthy containers found in this iteration : 0
2025-10-20 19:49:54,933 [ContainerDataScanner(/home/runner/work/ozone/ozone/hadoop-ozone/integration-test/target/test-dir/MiniOzoneClusterImpl-6935df51-69ff-4c35-8bd4-ed2b81d70e54/ozone-metadata/datanode-7/data-0/hdds)] INFO  ozoneimpl.AbstractBackgroundContainerScanner (AbstractBackgroundContainerScanner.java:runIteration(89)) - Completed an iteration in 0 minutes. Number of iterations (since the data-node restart) : 1, Number of containers scanned in this iteration : 0, Number of unhealthy containers found in this iteration : 0
2025-10-20 19:49:54,934 [cc7fbe85-1d98-437b-84f9-04213fee10f0-EndpointStateMachineTaskThread-/0.0.0.0:15002-0 ] INFO  replication.ReplicationServer (ReplicationServer.java:start(137)) - ReplicationServer is started using port 15065
2025-10-20 19:49:54,934 [cc7fbe85-1d98-437b-84f9-04213fee10f0-EndpointStateMachineTaskThread-/0.0.0.0:15002-0 ] INFO  ratis.XceiverServerRatis (XceiverServerRatis.java:start(559)) - Starting XceiverServerRatis(cc7fbe85-1d98-437b-84f9-04213fee10f0)
2025-10-20 19:49:54,935 [cc7fbe85-1d98-437b-84f9-04213fee10f0-EndpointStateMachineTaskThread-/0.0.0.0:15002-0 ] INFO  server.RaftServer (RaftServerProxy.java:startImpl(412)) - cc7fbe85-1d98-437b-84f9-04213fee10f0: start RPC server
2025-10-20 19:49:54,935 [cc7fbe85-1d98-437b-84f9-04213fee10f0-EndpointStateMachineTaskThread-/0.0.0.0:15002-0 ] INFO  server.GrpcServicesImpl (GrpcServicesImpl.java:startImpl(346)) - cc7fbe85-1d98-437b-84f9-04213fee10f0: GrpcServicesImpl started, listening on 15061
2025-10-20 19:49:54,936 [cc7fbe85-1d98-437b-84f9-04213fee10f0-EndpointStateMachineTaskThread-/0.0.0.0:15002-0 ] INFO  server.GrpcServicesImpl (GrpcServicesImpl.java:startImpl(346)) - cc7fbe85-1d98-437b-84f9-04213fee10f0: GrpcServicesImpl started, listening on 15063
2025-10-20 19:49:54,936 [cc7fbe85-1d98-437b-84f9-04213fee10f0-EndpointStateMachineTaskThread-/0.0.0.0:15002-0 ] INFO  server.GrpcServicesImpl (GrpcServicesImpl.java:startImpl(346)) - cc7fbe85-1d98-437b-84f9-04213fee10f0: GrpcServicesImpl started, listening on 15062
2025-10-20 19:49:54,937 [cc7fbe85-1d98-437b-84f9-04213fee10f0-EndpointStateMachineTaskThread-/0.0.0.0:15002-0 ] INFO  ratis.XceiverServerRatis (XceiverServerRatis.java:getRealPort(586)) - XceiverServerRatis(cc7fbe85-1d98-437b-84f9-04213fee10f0) is started using port RATIS=15061
2025-10-20 19:49:54,937 [JvmPauseMonitor9] INFO  util.JvmPauseMonitor (JvmPauseMonitor.java:run(146)) - JvmPauseMonitor-cc7fbe85-1d98-437b-84f9-04213fee10f0: Started
2025-10-20 19:49:54,937 [cc7fbe85-1d98-437b-84f9-04213fee10f0-EndpointStateMachineTaskThread-/0.0.0.0:15002-0 ] INFO  ratis.XceiverServerRatis (XceiverServerRatis.java:getRealPort(586)) - XceiverServerRatis(cc7fbe85-1d98-437b-84f9-04213fee10f0) is started using port RATIS_ADMIN=15062
2025-10-20 19:49:54,937 [cc7fbe85-1d98-437b-84f9-04213fee10f0-EndpointStateMachineTaskThread-/0.0.0.0:15002-0 ] INFO  ratis.XceiverServerRatis (XceiverServerRatis.java:getRealPort(586)) - XceiverServerRatis(cc7fbe85-1d98-437b-84f9-04213fee10f0) is started using port RATIS_SERVER=15063
2025-10-20 19:49:54,937 [cc7fbe85-1d98-437b-84f9-04213fee10f0-EndpointStateMachineTaskThread-/0.0.0.0:15002-0 ] INFO  ratis.XceiverServerRatis (XceiverServerRatis.java:getRealPort(586)) - XceiverServerRatis(cc7fbe85-1d98-437b-84f9-04213fee10f0) is started using port RATIS_DATASTREAM=15064
2025-10-20 19:49:54,937 [cc7fbe85-1d98-437b-84f9-04213fee10f0-EndpointStateMachineTaskThread-/0.0.0.0:15002-0 ] INFO  utils.BackgroundService (BackgroundService.java:start(119)) - Starting service BlockDeletingService with interval 60000 milliseconds
2025-10-20 19:49:54,938 [cc7fbe85-1d98-437b-84f9-04213fee10f0-EndpointStateMachineTaskThread-/0.0.0.0:15002-0 ] INFO  utils.BackgroundService (BackgroundService.java:start(119)) - Starting service StaleRecoveringContainerScrubbingService with interval 60000 milliseconds
2025-10-20 19:49:55,044 [ForkJoinPool-1-worker-1] INFO  handler.ContextHandler (ContextHandler.java:doStart(921)) - Started o.e.j.w.WebAppContext@55839cdf{hddsDatanode,/,file:///home/runner/work/ozone/ozone/hadoop-ozone/integration-test/target/test-dir/MiniOzoneClusterImpl-6935df51-69ff-4c35-8bd4-ed2b81d70e54/scm/ozone-metadata/webserver/jetty-0_0_0_0-15082-hdds-container-service-2_1_0-SNAPSHOT_jar-_-any-15947926073456550990/webapp/,AVAILABLE}{jar:file:/home/runner/work/ozone/ozone/hadoop-hdds/container-service/target/hdds-container-service-2.1.0-SNAPSHOT.jar!/webapps/hddsDatanode}
2025-10-20 19:49:55,045 [ForkJoinPool-1-worker-1] INFO  server.AbstractConnector (AbstractConnector.java:doStart(333)) - Started ServerConnector@7f5d4f58{HTTP/1.1, (http/1.1)}{0.0.0.0:15082}
2025-10-20 19:49:55,045 [ForkJoinPool-1-worker-1] INFO  server.Server (Server.java:doStart(415)) - Started @12697ms
2025-10-20 19:49:55,045 [ForkJoinPool-1-worker-1] WARN  impl.MetricsSystemImpl (MetricsSystemImpl.java:register(279)) - Sink prometheus already exists!
2025-10-20 19:49:55,045 [ForkJoinPool-1-worker-1] INFO  http.BaseHttpServer (BaseHttpServer.java:updateConnectorAddress(357)) - HTTP server of hddsDatanode listening at http://localhost:15082
2025-10-20 19:49:55,045 [ForkJoinPool-1-worker-1] INFO  ipc.CallQueueManager (CallQueueManager.java:<init>(93)) - Using callQueue: class java.util.concurrent.LinkedBlockingQueue, queueCapacity: 1000, scheduler: class org.apache.hadoop.ipc.DefaultRpcScheduler, ipcBackoff: false, ipcFailOver: false.
2025-10-20 19:49:55,046 [ForkJoinPool-1-worker-1] INFO  ipc.Server (Server.java:<init>(1438)) - Listener at 0.0.0.0:15083
2025-10-20 19:49:55,046 [Socket Reader #1 for port 15083] INFO  ipc.Server (Server.java:run(1474)) - Starting Socket Reader #1 for port 15083
2025-10-20 19:49:55,046 [Socket Reader #2 for port 15083] INFO  ipc.Server (Server.java:run(1474)) - Starting Socket Reader #2 for port 15083
2025-10-20 19:49:55,046 [Socket Reader #3 for port 15083] INFO  ipc.Server (Server.java:run(1474)) - Starting Socket Reader #3 for port 15083
2025-10-20 19:49:55,047 [Socket Reader #5 for port 15083] INFO  ipc.Server (Server.java:run(1474)) - Starting Socket Reader #5 for port 15083
2025-10-20 19:49:55,047 [Socket Reader #4 for port 15083] INFO  ipc.Server (Server.java:run(1474)) - Starting Socket Reader #4 for port 15083
2025-10-20 19:49:55,047 [Socket Reader #6 for port 15083] INFO  ipc.Server (Server.java:run(1474)) - Starting Socket Reader #6 for port 15083
2025-10-20 19:49:55,047 [Socket Reader #7 for port 15083] INFO  ipc.Server (Server.java:run(1474)) - Starting Socket Reader #7 for port 15083
2025-10-20 19:49:55,047 [Socket Reader #9 for port 15083] INFO  ipc.Server (Server.java:run(1474)) - Starting Socket Reader #9 for port 15083
2025-10-20 19:49:55,047 [Socket Reader #8 for port 15083] INFO  ipc.Server (Server.java:run(1474)) - Starting Socket Reader #8 for port 15083
2025-10-20 19:49:55,047 [Socket Reader #10 for port 15083] INFO  ipc.Server (Server.java:run(1474)) - Starting Socket Reader #10 for port 15083
2025-10-20 19:49:55,049 [ForkJoinPool-1-worker-1] INFO  ozone.HddsDatanodeService (HddsDatanodeService.java:start(333)) - Datanode start with admins: [admin, runner]
2025-10-20 19:49:55,049 [ForkJoinPool-1-worker-1] INFO  ozone.HddsDatanodeClientProtocolServer (HddsDatanodeClientProtocolServer.java:start(76)) - RPC server for Client /0.0.0.0:15083
2025-10-20 19:49:55,049 [IPC Server Responder] INFO  ipc.Server (Server.java:run(1713)) - IPC Server Responder: starting
2025-10-20 19:49:55,050 [IPC Server listener on 15083] INFO  ipc.Server (Server.java:run(1553)) - IPC Server listener on 15083: starting
2025-10-20 19:49:55,051 [ForkJoinPool-1-worker-1] WARN  dropwizard3.Dm3MetricRegistriesImpl (Dm3MetricRegistriesImpl.java:addReporterRegistration(114)) - New reporters are added after registries were created. Some metrics will be missing from the reporter. Please add reporter before adding any new registry.
2025-10-20 19:49:55,051 [ForkJoinPool-1-worker-1] WARN  dropwizard3.Dm3MetricRegistriesImpl (Dm3MetricRegistriesImpl.java:addReporterRegistration(114)) - New reporters are added after registries were created. Some metrics will be missing from the reporter. Please add reporter before adding any new registry.
2025-10-20 19:49:55,052 [33f74daf-be7a-4306-b2af-53e409c4cb93-DatanodeStateMachineDaemonThread] INFO  statemachine.DatanodeStateMachine (DatanodeStateMachine.java:startStateMachineThread(363)) - Ozone container server started.
2025-10-20 19:49:55,056 [33f74daf-be7a-4306-b2af-53e409c4cb93-DatanodeStateMachineTaskThread-0] INFO  datanode.InitDatanodeState (InitDatanodeState.java:persistContainerDatanodeDetails(139)) - DatanodeDetails is persisted to /home/runner/work/ozone/ozone/hadoop-ozone/integration-test/target/test-dir/MiniOzoneClusterImpl-6935df51-69ff-4c35-8bd4-ed2b81d70e54/ozone-metadata/datanode-10/ozone-metadata/datanode.id
2025-10-20 19:49:55,065 | INFO  | SCMAudit | user=runner | ip=127.0.0.1 | op=SEND_HEARTBEAT {"datanodeUUID":"c90bff1f-5a1f-42c6-8fca-9533d718c79a","term":"2","command":"[commandType: createPipelineCommand createPipelineCommandProto { pipelineID { id: \"fab317e9-d636-43af-a09c-d68979ec754a\" uuid128 { mostSigBits: -381935250307660881 leastSigBits: -6873383045329816246 } } type: RATIS factor: ONE datanode { uuid: \"c90bff1f-5a1f-42c6-8fca-9533d718c79a\" ipAddress: \"127.0.0.1\" hostName: \"localhost\" ports { name: \"HTTP\" value: 15034 } ports { name: \"CLIENT_RPC\" value: 15035 } ports { name: \"REPLICATION\" value: 15041 } ports { name: \"RATIS\" value: 15037 } ports { name: \"RATIS_ADMIN\" value: 15038 } ports { name: \"RATIS_SERVER\" value: 15039 } ports { name: \"RATIS_DATASTREAM\" value: 15040 } ports { name: \"STANDALONE\" value: 15036 } networkName: \"c90bff1f-5a1f-42c6-8fca-9533d718c79a\" networkLocation: \"/default-rack\" persistedOpState: IN_SERVICE persistedOpStateExpiry: 0 currentVersion: 2 uuid128 { mostSigBits: -3959790937221152058 leastSigBits: -8085486131105708134 } level: 3 id { uuid { mostSigBits: -3959790937221152058 leastSigBits: -8085486131105708134 } } } cmdId: 1760989793828 priority: 1 } term: 2 encodedToken: \"\" deadlineMsSinceEpoch: 0]"} | ret=SUCCESS |  
2025-10-20 19:49:55,071 [ForkJoinPool-1-worker-1] INFO  protocol.DatanodeDetails (DatanodeDetails.java:validateDatanodeIpAddress(199)) - Updating IP address of datanode 4f2bb3f5-0e03-4f1b-bb4c-79c91b98c7da(localhost/null) to 127.0.0.1
2025-10-20 19:49:55,072 [ForkJoinPool-1-worker-1] INFO  ozone.HddsDatanodeService (HddsDatanodeService.java:start(236)) - HddsDatanodeService 4f2bb3f5-0e03-4f1b-bb4c-79c91b98c7da(localhost/127.0.0.1)
2025-10-20 19:49:55,074 [ForkJoinPool-1-worker-1] INFO  upgrade.AbstractLayoutVersionManager (AbstractLayoutVersionManager.java:init(80)) - Initializing Layout version manager with metadata layout = WITNESSED_CONTAINER_DB_PROTO_VALUE (version = 9), software layout = WITNESSED_CONTAINER_DB_PROTO_VALUE (version = 9)
2025-10-20 19:49:55,074 [ForkJoinPool-1-worker-1] INFO  statemachine.DatanodeStateMachine (DatanodeStateMachine.java:getEndPointTaskThreadPoolSize(321)) - Datanode State Machine Task Thread Pool size 2
2025-10-20 19:49:55,077 [ForkJoinPool-1-worker-1] INFO  volume.HddsVolume (HddsVolume.java:<init>(162)) - HddsVolume: { id=DS-398e61c9-f50e-407a-849c-6935c161156f dir=/home/runner/work/ozone/ozone/hadoop-ozone/integration-test/target/test-dir/MiniOzoneClusterImpl-6935df51-69ff-4c35-8bd4-ed2b81d70e54/ozone-metadata/datanode-11/data-0/hdds type=DISK capacity=9222449699674390527 used=0 available=9222449699674390527 minFree=184448985434423296 committed=0 }
2025-10-20 19:49:55,078 [ForkJoinPool-1-worker-1] INFO  volume.MutableVolumeSet (MutableVolumeSet.java:initializeVolumeSet(175)) - Added Volume : /home/runner/work/ozone/ozone/hadoop-ozone/integration-test/target/test-dir/MiniOzoneClusterImpl-6935df51-69ff-4c35-8bd4-ed2b81d70e54/ozone-metadata/datanode-11/data-0/hdds to VolumeSet
2025-10-20 19:49:55,079 [ForkJoinPool-1-worker-1] INFO  volume.MutableVolumeSet (MutableVolumeSet.java:initializeVolumeSet(175)) - Added Volume : /home/runner/work/ozone/ozone/hadoop-ozone/integration-test/target/test-dir/MiniOzoneClusterImpl-6935df51-69ff-4c35-8bd4-ed2b81d70e54/ozone-metadata/datanode-11/ratis to VolumeSet
2025-10-20 19:49:55,079 [ForkJoinPool-1-worker-1] INFO  ozoneimpl.OzoneContainer (HddsVolumeUtil.java:loadAllHddsVolumeDbStore(102)) - Load 1 volumes DbStore cost: 0ms
2025-10-20 19:49:55,080 [ForkJoinPool-1-worker-1] WARN  db.DBStoreBuilder (DBStoreBuilder.java:getDBDirPath(157)) - ozone.scm.datanode.id.dir is not configured. We recommend adding this setting. Falling back to ozone.metadata.dirs instead.
2025-10-20 19:49:55,093 [ForkJoinPool-1-worker-1] WARN  db.DBStoreBuilder (DBStoreBuilder.java:getDBDirPath(157)) - ozone.scm.datanode.id.dir is not configured. We recommend adding this setting. Falling back to ozone.metadata.dirs instead.
2025-10-20 19:49:55,103 [IPC Server handler 9 on default port 15002] INFO  net.NetworkTopologyImpl (NetworkTopologyImpl.java:add(133)) - Added a new node: /default-rack/b614738c-cdff-4f09-bf59-ed5bb75d51be
2025-10-20 19:49:55,103 [IPC Server handler 9 on default port 15002] INFO  node.SCMNodeManager (SCMNodeManager.java:register(423)) - Registered datanode: b614738c-cdff-4f09-bf59-ed5bb75d51be{ip: 127.0.0.1, host: localhost, ports: [HTTP=15050, CLIENT_RPC=15051, REPLICATION=15057, RATIS=15053, RATIS_ADMIN=15054, RATIS_SERVER=15055, RATIS_DATASTREAM=15056, STANDALONE=15052], networkLocation: /default-rack, certSerialId: null, persistedOpState: null, persistedOpStateExpiryEpochSec: 0}
2025-10-20 19:49:55,104 [EventQueue-PipelineReportForOneReplicaPipelineSafeModeRule] INFO  safemode.SCMSafeModeManager (SCMSafeModeManager.java:validateSafeModeExitRules(138)) - OneReplicaPipelineSafeModeRule rule is successfully validated
2025-10-20 19:49:55,104 [EventQueue-ContainerRegistrationReportForRatisContainerSafeModeRule] INFO  safemode.SCMSafeModeManager (SCMSafeModeManager.java:validateSafeModeExitRules(138)) - RatisContainerSafeModeRule rule is successfully validated
2025-10-20 19:49:55,104 | INFO  | SCMAudit | user=runner | ip=127.0.0.1 | op=REGISTER {"datanodeDetails":"b614738c-cdff-4f09-bf59-ed5bb75d51be(localhost/127.0.0.1)"} | ret=SUCCESS |  
2025-10-20 19:49:55,104 [EventQueue-NewNodeForNewNodeHandler] INFO  pipeline.BackgroundPipelineCreator (BackgroundPipelineCreator.java:notifyEventTriggered(290)) - trigger a one-shot run on RatisPipelineUtilsThread.
2025-10-20 19:49:55,104 [ForkJoinPool-1-worker-1] INFO  impl.FilePerChunkStrategy (FilePerChunkStrategy.java:<init>(79)) - ozone.chunk.read.mapped.buffer.max.count is load with 0
2025-10-20 19:49:55,104 [EventQueue-NodeRegistrationContainerReportForDataNodeSafeModeRule] INFO  safemode.SCMSafeModeManager (SCMSafeModeManager.java:validateSafeModeExitRules(138)) - DataNodeSafeModeRule rule is successfully validated
2025-10-20 19:49:55,104 [ForkJoinPool-1-worker-1] INFO  impl.FilePerBlockStrategy (FilePerBlockStrategy.java:<init>(88)) - ozone.chunk.read.mapped.buffer.max.count is load with 0
2025-10-20 19:49:55,104 [EventQueue-ContainerRegistrationReportForECContainerSafeModeRule] INFO  safemode.SCMSafeModeManager (SCMSafeModeManager.java:validateSafeModeExitRules(138)) - ECContainerSafeModeRule rule is successfully validated
2025-10-20 19:49:55,105 [RatisPipelineUtilsThread-0] INFO  pipeline.RatisPipelineProvider (RatisPipelineProvider.java:lambda$create$0(208)) - Sending CreatePipelineCommand for pipeline:Pipeline-87ce1e84-52bc-4c2f-b845-471f411d1c92 to datanode:b614738c-cdff-4f09-bf59-ed5bb75d51be(localhost/127.0.0.1)
2025-10-20 19:49:55,105 [ForkJoinPool-1-worker-1] INFO  server.RaftServerConfigKeys (ConfUtils.java:logGet(62)) - raft.server.log.appender.buffer.byte-limit = 33554432 (custom)
2025-10-20 19:49:55,106 [ForkJoinPool-1-worker-1] INFO  grpc.GrpcConfigKeys (ConfUtils.java:logFallback(69)) - raft.grpc.admin.host = null (fallback to raft.grpc.server.host)
2025-10-20 19:49:55,107 [ForkJoinPool-1-worker-1] INFO  grpc.GrpcConfigKeys (ConfUtils.java:logGet(62)) - raft.grpc.admin.port = 15094 (custom)
2025-10-20 19:49:55,107 [ForkJoinPool-1-worker-1] INFO  grpc.GrpcConfigKeys (ConfUtils.java:logFallback(69)) - raft.grpc.client.host = null (fallback to raft.grpc.server.host)
2025-10-20 19:49:55,107 [ForkJoinPool-1-worker-1] INFO  grpc.GrpcConfigKeys (ConfUtils.java:logGet(62)) - raft.grpc.client.port = 15093 (custom)
2025-10-20 19:49:55,107 [ForkJoinPool-1-worker-1] INFO  grpc.GrpcConfigKeys (ConfUtils.java:logGet(62)) - raft.grpc.server.port = 15095 (custom)
2025-10-20 19:49:55,107 [ForkJoinPool-1-worker-1] INFO  server.GrpcServicesImpl (ConfUtils.java:logGet(62)) - raft.grpc.message.size.max = 34603008 (custom)
2025-10-20 19:49:55,107 [ForkJoinPool-1-worker-1] INFO  server.GrpcServicesImpl (ConfUtils.java:logGet(62)) - raft.grpc.flow.control.window = 5MB (=5242880) (custom)
2025-10-20 19:49:55,107 [ForkJoinPool-1-worker-1] INFO  server.RaftServerConfigKeys (ConfUtils.java:logGet(62)) - raft.server.log.appender.buffer.byte-limit = 33554432 (custom)
2025-10-20 19:49:55,108 [206580cc-82ee-4213-b95b-59cb1d300b36@group-ED2B81D70E54-StateMachineUpdater] INFO  safemode.SCMSafeModeManager (SCMSafeModeManager.java:validateSafeModeExitRules(138)) - DataNodeSafeModeRule rule is successfully validated
2025-10-20 19:49:55,108 [206580cc-82ee-4213-b95b-59cb1d300b36@group-ED2B81D70E54-StateMachineUpdater] INFO  safemode.SCMSafeModeManager (SCMSafeModeManager.java:validateSafeModeExitRules(138)) - RatisContainerSafeModeRule rule is successfully validated
2025-10-20 19:49:55,108 [206580cc-82ee-4213-b95b-59cb1d300b36@group-ED2B81D70E54-StateMachineUpdater] INFO  safemode.HealthyPipelineSafeModeRule (HealthyPipelineSafeModeRule.java:initializeRule(226)) - Refreshed total pipeline count is 0, healthy pipeline threshold count is 1
2025-10-20 19:49:55,108 [206580cc-82ee-4213-b95b-59cb1d300b36@group-ED2B81D70E54-StateMachineUpdater] INFO  safemode.SCMSafeModeManager (SCMSafeModeManager.java:validateSafeModeExitRules(138)) - OneReplicaPipelineSafeModeRule rule is successfully validated
2025-10-20 19:49:55,108 [206580cc-82ee-4213-b95b-59cb1d300b36@group-ED2B81D70E54-StateMachineUpdater] INFO  safemode.SCMSafeModeManager (SCMSafeModeManager.java:validateSafeModeExitRules(138)) - ECContainerSafeModeRule rule is successfully validated
2025-10-20 19:49:55,109 [ForkJoinPool-1-worker-1] INFO  netty.NettyUtils (NettyUtils.java:newEventLoopGroup(74)) - Create EpollEventLoopGroup for 4f2bb3f5-0e03-4f1b-bb4c-79c91b98c7da-NettyServerStreamRpc-bossGroup; Thread size is 0.
2025-10-20 19:49:55,109 [RatisPipelineUtilsThread-0] INFO  pipeline.BackgroundPipelineCreator (BackgroundPipelineCreator.java:createPipelines(246)) - Created new pipeline Pipeline{ Id: 87ce1e84-52bc-4c2f-b845-471f411d1c92, Nodes: [ {b614738c-cdff-4f09-bf59-ed5bb75d51be(localhost/127.0.0.1), ReplicaIndex: 0},], ReplicationConfig: RATIS/ONE, State:ALLOCATED, leaderId:, CreationTimestamp2025-10-20T19:49:55.105298810Z[Etc/UTC]}
2025-10-20 19:49:55,109 [ForkJoinPool-1-worker-1] INFO  netty.NettyUtils (NettyUtils.java:newEventLoopGroup(74)) - Create EpollEventLoopGroup for 4f2bb3f5-0e03-4f1b-bb4c-79c91b98c7da-NettyServerStreamRpc-workerGroup; Thread size is 0.
2025-10-20 19:49:55,109 [RatisPipelineUtilsThread-0] INFO  pipeline.RatisPipelineProvider (RatisPipelineProvider.java:lambda$create$0(208)) - Sending CreatePipelineCommand for pipeline:Pipeline-48b2bb4f-636b-420d-96ed-351250cf0157 to datanode:b614738c-cdff-4f09-bf59-ed5bb75d51be(localhost/127.0.0.1)
2025-10-20 19:49:55,109 [RatisPipelineUtilsThread-0] INFO  pipeline.RatisPipelineProvider (RatisPipelineProvider.java:lambda$create$0(208)) - Sending CreatePipelineCommand for pipeline:Pipeline-48b2bb4f-636b-420d-96ed-351250cf0157 to datanode:c90bff1f-5a1f-42c6-8fca-9533d718c79a(localhost/127.0.0.1)
2025-10-20 19:49:55,110 [RatisPipelineUtilsThread-0] INFO  pipeline.RatisPipelineProvider (RatisPipelineProvider.java:lambda$create$0(208)) - Sending CreatePipelineCommand for pipeline:Pipeline-48b2bb4f-636b-420d-96ed-351250cf0157 to datanode:af0e5da1-57af-45e9-9aca-fa0798d05628(localhost/127.0.0.1)
2025-10-20 19:49:55,110 [ForkJoinPool-1-worker-1] INFO  netty.NettyConfigKeys$DataStream (ConfUtils.java:logGet(62)) - raft.netty.dataStream.port = 15096 (custom)
2025-10-20 19:49:55,111 [4f2bb3f5-0e03-4f1b-bb4c-79c91b98c7da-NettyServerStreamRpc-bossGroup--thread1] INFO  logging.LoggingHandler (AbstractInternalLogger.java:log(148)) - [id: 0x911cc183] REGISTERED
2025-10-20 19:49:55,111 [4f2bb3f5-0e03-4f1b-bb4c-79c91b98c7da-NettyServerStreamRpc-bossGroup--thread1] INFO  logging.LoggingHandler (AbstractInternalLogger.java:log(148)) - [id: 0x911cc183] BIND: 0.0.0.0/0.0.0.0:15096
2025-10-20 19:49:55,111 [4f2bb3f5-0e03-4f1b-bb4c-79c91b98c7da-NettyServerStreamRpc-bossGroup--thread1] INFO  logging.LoggingHandler (AbstractInternalLogger.java:log(148)) - [id: 0x911cc183, L:/0.0.0.0:15096] ACTIVE
2025-10-20 19:49:55,111 [ForkJoinPool-1-worker-1] INFO  server.RaftServerConfigKeys (ConfUtils.java:logGet(62)) - raft.server.storage.dir = [/home/runner/work/ozone/ozone/hadoop-ozone/integration-test/target/test-dir/MiniOzoneClusterImpl-6935df51-69ff-4c35-8bd4-ed2b81d70e54/ozone-metadata/datanode-11/ratis] (custom)
2025-10-20 19:49:55,112 [4f2bb3f5-0e03-4f1b-bb4c-79c91b98c7da-impl-thread1] INFO  server.RaftServer (RaftServerProxy.java:initGroupDir(270)) - 4f2bb3f5-0e03-4f1b-bb4c-79c91b98c7da: found a subdirectory /home/runner/work/ozone/ozone/hadoop-ozone/integration-test/target/test-dir/MiniOzoneClusterImpl-6935df51-69ff-4c35-8bd4-ed2b81d70e54/ozone-metadata/datanode-11/ratis/tmp
2025-10-20 19:49:55,112 [4f2bb3f5-0e03-4f1b-bb4c-79c91b98c7da-impl-thread1] INFO  server.RaftServer (RaftServerProxy.java:initGroupDir(275)) - 4f2bb3f5-0e03-4f1b-bb4c-79c91b98c7da: The directory /home/runner/work/ozone/ozone/hadoop-ozone/integration-test/target/test-dir/MiniOzoneClusterImpl-6935df51-69ff-4c35-8bd4-ed2b81d70e54/ozone-metadata/datanode-11/ratis/tmp is not a group directory; ignoring it. 
2025-10-20 19:49:55,113 [206580cc-82ee-4213-b95b-59cb1d300b36@group-ED2B81D70E54-StateMachineUpdater] INFO  safemode.SCMSafeModeManager (SCMSafeModeManager.java:validateSafeModeExitRules(138)) - DataNodeSafeModeRule rule is successfully validated
2025-10-20 19:49:55,113 [206580cc-82ee-4213-b95b-59cb1d300b36@group-ED2B81D70E54-StateMachineUpdater] INFO  safemode.SCMSafeModeManager (SCMSafeModeManager.java:validateSafeModeExitRules(138)) - RatisContainerSafeModeRule rule is successfully validated
2025-10-20 19:49:55,113 [206580cc-82ee-4213-b95b-59cb1d300b36@group-ED2B81D70E54-StateMachineUpdater] INFO  safemode.HealthyPipelineSafeModeRule (HealthyPipelineSafeModeRule.java:initializeRule(226)) - Refreshed total pipeline count is 0, healthy pipeline threshold count is 1
2025-10-20 19:49:55,113 [206580cc-82ee-4213-b95b-59cb1d300b36@group-ED2B81D70E54-StateMachineUpdater] INFO  safemode.SCMSafeModeManager (SCMSafeModeManager.java:validateSafeModeExitRules(138)) - OneReplicaPipelineSafeModeRule rule is successfully validated
2025-10-20 19:49:55,113 [206580cc-82ee-4213-b95b-59cb1d300b36@group-ED2B81D70E54-StateMachineUpdater] INFO  safemode.SCMSafeModeManager (SCMSafeModeManager.java:validateSafeModeExitRules(138)) - ECContainerSafeModeRule rule is successfully validated
2025-10-20 19:49:55,113 [ForkJoinPool-1-worker-1] INFO  replication.ReplicationServer (ReplicationServer.java:<init>(84)) - Initializing replication server with thread count = 10 queue length = 4096
2025-10-20 19:49:55,114 [RatisPipelineUtilsThread-0] INFO  pipeline.BackgroundPipelineCreator (BackgroundPipelineCreator.java:createPipelines(246)) - Created new pipeline Pipeline{ Id: 48b2bb4f-636b-420d-96ed-351250cf0157, Nodes: [ {b614738c-cdff-4f09-bf59-ed5bb75d51be(localhost/127.0.0.1), ReplicaIndex: 0}, {c90bff1f-5a1f-42c6-8fca-9533d718c79a(localhost/127.0.0.1), ReplicaIndex: 0}, {af0e5da1-57af-45e9-9aca-fa0798d05628(localhost/127.0.0.1), ReplicaIndex: 0},], ReplicationConfig: RATIS/THREE, State:ALLOCATED, leaderId:, CreationTimestamp2025-10-20T19:49:55.109834917Z[Etc/UTC]}
2025-10-20 19:49:55,114 | INFO  | SCMAudit | user=runner | ip=127.0.0.1 | op=GET_VERSION {} | ret=SUCCESS |  
2025-10-20 19:49:55,115 [ForkJoinPool-1-worker-1] INFO  server.XceiverServerGrpc (XceiverServerGrpc.java:<init>(129)) - GrpcServer channel type EpollServerSocketChannel
2025-10-20 19:49:55,116 [RatisPipelineUtilsThread-0] INFO  pipeline.RatisPipelineProvider (RatisPipelineProvider.java:lambda$create$0(208)) - Sending CreatePipelineCommand for pipeline:Pipeline-ba8f49ac-c35b-4342-9840-c8b3a767d7cd to datanode:af0e5da1-57af-45e9-9aca-fa0798d05628(localhost/127.0.0.1)
2025-10-20 19:49:55,116 [RatisPipelineUtilsThread-0] INFO  pipeline.RatisPipelineProvider (RatisPipelineProvider.java:lambda$create$0(208)) - Sending CreatePipelineCommand for pipeline:Pipeline-ba8f49ac-c35b-4342-9840-c8b3a767d7cd to datanode:b614738c-cdff-4f09-bf59-ed5bb75d51be(localhost/127.0.0.1)
2025-10-20 19:49:55,116 [RatisPipelineUtilsThread-0] INFO  pipeline.RatisPipelineProvider (RatisPipelineProvider.java:lambda$create$0(208)) - Sending CreatePipelineCommand for pipeline:Pipeline-ba8f49ac-c35b-4342-9840-c8b3a767d7cd to datanode:c90bff1f-5a1f-42c6-8fca-9533d718c79a(localhost/127.0.0.1)
2025-10-20 19:49:55,116 [ForkJoinPool-1-worker-1] INFO  replication.ReplicationSupervisor (ReplicationSupervisor.java:build(169)) - Initializing replication supervisor with thread count = 10
2025-10-20 19:49:55,117 [ForkJoinPool-1-worker-1] INFO  replication.ReplicationSupervisor (ReplicationSupervisor.java:nodeStateUpdated(358)) - Node state updated to IN_SERVICE, scaling executor pool size to 10
2025-10-20 19:49:55,119 [ForkJoinPool-1-worker-1] INFO  http.BaseHttpServer (BaseHttpServer.java:newHttpServer2BuilderForOzone(227)) - Starting Web-server for hddsDatanode at: http://0.0.0.0:15090
2025-10-20 19:49:55,120 [ForkJoinPool-1-worker-1] INFO  http.BaseHttpServer (BaseHttpServer.java:<init>(105)) - Hadoop Security Enabled: false Ozone Security Enabled: false Ozone HTTP Security Enabled: false 
2025-10-20 19:49:55,119 [206580cc-82ee-4213-b95b-59cb1d300b36@group-ED2B81D70E54-StateMachineUpdater] INFO  safemode.SCMSafeModeManager (SCMSafeModeManager.java:validateSafeModeExitRules(138)) - DataNodeSafeModeRule rule is successfully validated
2025-10-20 19:49:55,120 [206580cc-82ee-4213-b95b-59cb1d300b36@group-ED2B81D70E54-StateMachineUpdater] INFO  safemode.SCMSafeModeManager (SCMSafeModeManager.java:validateSafeModeExitRules(138)) - RatisContainerSafeModeRule rule is successfully validated
2025-10-20 19:49:55,120 [206580cc-82ee-4213-b95b-59cb1d300b36@group-ED2B81D70E54-StateMachineUpdater] INFO  safemode.HealthyPipelineSafeModeRule (HealthyPipelineSafeModeRule.java:initializeRule(226)) - Refreshed total pipeline count is 0, healthy pipeline threshold count is 1
2025-10-20 19:49:55,120 [206580cc-82ee-4213-b95b-59cb1d300b36@group-ED2B81D70E54-StateMachineUpdater] INFO  safemode.SCMSafeModeManager (SCMSafeModeManager.java:validateSafeModeExitRules(138)) - OneReplicaPipelineSafeModeRule rule is successfully validated
2025-10-20 19:49:55,120 [206580cc-82ee-4213-b95b-59cb1d300b36@group-ED2B81D70E54-StateMachineUpdater] INFO  safemode.SCMSafeModeManager (SCMSafeModeManager.java:validateSafeModeExitRules(138)) - ECContainerSafeModeRule rule is successfully validated
2025-10-20 19:49:55,120 [RatisPipelineUtilsThread-0] INFO  pipeline.PipelineManagerImpl (PipelineManagerImpl.java:recordMetricsForPipeline(922)) - Pipeline-ba8f49ac-c35b-4342-9840-c8b3a767d7cd and Pipeline-48b2bb4f-636b-420d-96ed-351250cf0157 have exactly the same set of datanodes: [af0e5da1-57af-45e9-9aca-fa0798d05628(localhost/127.0.0.1), b614738c-cdff-4f09-bf59-ed5bb75d51be(localhost/127.0.0.1), c90bff1f-5a1f-42c6-8fca-9533d718c79a(localhost/127.0.0.1)]
2025-10-20 19:49:55,121 [ForkJoinPool-1-worker-1] WARN  server.AuthenticationFilter (AuthenticationFilter.java:constructSecretProvider(240)) - Unable to initialize FileSignerSecretProvider, falling back to use random secrets. Reason: Could not read signature secret file: /home/runner/hadoop-http-auth-signature-secret
2025-10-20 19:49:55,121 [RatisPipelineUtilsThread-0] INFO  pipeline.BackgroundPipelineCreator (BackgroundPipelineCreator.java:createPipelines(246)) - Created new pipeline Pipeline{ Id: ba8f49ac-c35b-4342-9840-c8b3a767d7cd, Nodes: [ {af0e5da1-57af-45e9-9aca-fa0798d05628(localhost/127.0.0.1), ReplicaIndex: 0}, {b614738c-cdff-4f09-bf59-ed5bb75d51be(localhost/127.0.0.1), ReplicaIndex: 0}, {c90bff1f-5a1f-42c6-8fca-9533d718c79a(localhost/127.0.0.1), ReplicaIndex: 0},], ReplicationConfig: RATIS/THREE, State:ALLOCATED, leaderId:, CreationTimestamp2025-10-20T19:49:55.116061387Z[Etc/UTC]}
2025-10-20 19:49:55,124 [ForkJoinPool-1-worker-1] INFO  http.HttpServer2 (HttpServer2.java:addGlobalFilter(1040)) - Added global filter 'safety' (class=org.apache.hadoop.hdds.server.http.HttpServer2$QuotingInputFilter)
2025-10-20 19:49:55,125 [ForkJoinPool-1-worker-1] INFO  http.HttpServer2 (HttpServer2.java:addFilter(1016)) - Added filter static_user_filter (class=org.apache.hadoop.http.lib.StaticUserWebFilter$StaticUserFilter) to context hddsDatanode
2025-10-20 19:49:55,125 [ForkJoinPool-1-worker-1] INFO  http.HttpServer2 (HttpServer2.java:addFilter(1024)) - Added filter static_user_filter (class=org.apache.hadoop.http.lib.StaticUserWebFilter$StaticUserFilter) to context logs
2025-10-20 19:49:55,126 [ForkJoinPool-1-worker-1] INFO  http.HttpServer2 (HttpServer2.java:addFilter(1024)) - Added filter static_user_filter (class=org.apache.hadoop.http.lib.StaticUserWebFilter$StaticUserFilter) to context static
2025-10-20 19:49:55,126 [ForkJoinPool-1-worker-1] INFO  http.BaseHttpServer (BaseHttpServer.java:<init>(193)) - HTTP server of hddsDatanode uses base directory /home/runner/work/ozone/ozone/hadoop-ozone/integration-test/target/test-dir/MiniOzoneClusterImpl-6935df51-69ff-4c35-8bd4-ed2b81d70e54/scm/ozone-metadata/webserver
2025-10-20 19:49:55,126 [ForkJoinPool-1-worker-1] INFO  http.HttpServer2 (HttpServer2.java:bindListener(1240)) - Jetty bound to port 15090
2025-10-20 19:49:55,126 [ForkJoinPool-1-worker-1] INFO  server.Server (Server.java:doStart(375)) - jetty-9.4.58.v20250814; built: 2025-08-14T02:28:49.637Z; git: 8f1440587e9e4ae7db3d74cf205643f3d707148d; jvm 21.0.8+9-LTS
2025-10-20 19:49:55,128 [ForkJoinPool-1-worker-1] INFO  server.session (DefaultSessionIdManager.java:doStart(334)) - DefaultSessionIdManager workerName=node0
2025-10-20 19:49:55,128 [ForkJoinPool-1-worker-1] INFO  server.session (DefaultSessionIdManager.java:doStart(339)) - No SessionScavenger set, using defaults
2025-10-20 19:49:55,128 [ForkJoinPool-1-worker-1] INFO  server.session (HouseKeeper.java:startScavenging(132)) - node0 Scavenging every 660000ms
2025-10-20 19:49:55,129 [ForkJoinPool-1-worker-1] INFO  handler.ContextHandler (ContextHandler.java:doStart(921)) - Started o.e.j.s.ServletContextHandler@553b2c08{logs,/logs,file:///home/runner/work/ozone/ozone/hadoop-ozone/integration-test/target/log,AVAILABLE}
2025-10-20 19:49:55,129 [ForkJoinPool-1-worker-1] INFO  handler.ContextHandler (ContextHandler.java:doStart(921)) - Started o.e.j.s.ServletContextHandler@37502c39{static,/static,jar:file:/home/runner/work/ozone/ozone/hadoop-hdds/container-service/target/hdds-container-service-2.1.0-SNAPSHOT.jar!/webapps/static,AVAILABLE}
2025-10-20 19:49:55,145 [7bb0e7f0-2b36-4ec0-8a09-ceac75d91a36-EndpointStateMachineTaskThread-/0.0.0.0:15002-0 ] INFO  utils.DatanodeStoreCache (DatanodeStoreCache.java:addDB(70)) - Added db /home/runner/work/ozone/ozone/hadoop-ozone/integration-test/target/test-dir/MiniOzoneClusterImpl-6935df51-69ff-4c35-8bd4-ed2b81d70e54/ozone-metadata/datanode-8/data-0/hdds/6935df51-69ff-4c35-8bd4-ed2b81d70e54/DS-4dbbfbfd-38e3-4498-bbb1-92884819b9ff/container.db to cache
2025-10-20 19:49:55,145 [7bb0e7f0-2b36-4ec0-8a09-ceac75d91a36-EndpointStateMachineTaskThread-/0.0.0.0:15002-0 ] INFO  volume.HddsVolume (HddsVolume.java:createDbStore(576)) - SchemaV3 db is created and loaded at /home/runner/work/ozone/ozone/hadoop-ozone/integration-test/target/test-dir/MiniOzoneClusterImpl-6935df51-69ff-4c35-8bd4-ed2b81d70e54/ozone-metadata/datanode-8/data-0/hdds/6935df51-69ff-4c35-8bd4-ed2b81d70e54/DS-4dbbfbfd-38e3-4498-bbb1-92884819b9ff/container.db for volume DS-4dbbfbfd-38e3-4498-bbb1-92884819b9ff
2025-10-20 19:49:55,147 [7bb0e7f0-2b36-4ec0-8a09-ceac75d91a36-ContainerReader-0] INFO  ozoneimpl.ContainerReader (ContainerReader.java:readVolume(147)) - Start to verify containers on volume /home/runner/work/ozone/ozone/hadoop-ozone/integration-test/target/test-dir/MiniOzoneClusterImpl-6935df51-69ff-4c35-8bd4-ed2b81d70e54/ozone-metadata/datanode-8/data-0/hdds
2025-10-20 19:49:55,147 [7bb0e7f0-2b36-4ec0-8a09-ceac75d91a36-ContainerReader-0] INFO  ozoneimpl.ContainerReader (ContainerReader.java:readVolume(177)) - Finish verifying containers on volume /home/runner/work/ozone/ozone/hadoop-ozone/integration-test/target/test-dir/MiniOzoneClusterImpl-6935df51-69ff-4c35-8bd4-ed2b81d70e54/ozone-metadata/datanode-8/data-0/hdds
2025-10-20 19:49:55,148 [7bb0e7f0-2b36-4ec0-8a09-ceac75d91a36-EndpointStateMachineTaskThread-/0.0.0.0:15002-0 ] INFO  ozoneimpl.OzoneContainer (OzoneContainer.java:buildContainerSet(359)) - Build ContainerSet costs 0s
2025-10-20 19:49:55,148 [7bb0e7f0-2b36-4ec0-8a09-ceac75d91a36-EndpointStateMachineTaskThread-/0.0.0.0:15002-0 ] INFO  volume.ThrottledAsyncChecker (ThrottledAsyncChecker.java:schedule(138)) - Scheduling a check for /home/runner/work/ozone/ozone/hadoop-ozone/integration-test/target/test-dir/MiniOzoneClusterImpl-6935df51-69ff-4c35-8bd4-ed2b81d70e54/ozone-metadata/datanode-8/data-0/hdds
2025-10-20 19:49:55,148 [7bb0e7f0-2b36-4ec0-8a09-ceac75d91a36-EndpointStateMachineTaskThread-/0.0.0.0:15002-0 ] INFO  volume.StorageVolumeChecker (StorageVolumeChecker.java:checkAllVolumes(231)) - Scheduled health check for volume /home/runner/work/ozone/ozone/hadoop-ozone/integration-test/target/test-dir/MiniOzoneClusterImpl-6935df51-69ff-4c35-8bd4-ed2b81d70e54/ozone-metadata/datanode-8/data-0/hdds
2025-10-20 19:49:55,151 [7bb0e7f0-2b36-4ec0-8a09-ceac75d91a36-EndpointStateMachineTaskThread-/0.0.0.0:15002-0 ] INFO  volume.ThrottledAsyncChecker (ThrottledAsyncChecker.java:schedule(138)) - Scheduling a check for /home/runner/work/ozone/ozone/hadoop-ozone/integration-test/target/test-dir/MiniOzoneClusterImpl-6935df51-69ff-4c35-8bd4-ed2b81d70e54/ozone-metadata/datanode-8/ratis
2025-10-20 19:49:55,151 [7bb0e7f0-2b36-4ec0-8a09-ceac75d91a36-EndpointStateMachineTaskThread-/0.0.0.0:15002-0 ] INFO  volume.StorageVolumeChecker (StorageVolumeChecker.java:checkAllVolumes(231)) - Scheduled health check for volume /home/runner/work/ozone/ozone/hadoop-ozone/integration-test/target/test-dir/MiniOzoneClusterImpl-6935df51-69ff-4c35-8bd4-ed2b81d70e54/ozone-metadata/datanode-8/ratis
2025-10-20 19:49:55,152 [7bb0e7f0-2b36-4ec0-8a09-ceac75d91a36-EndpointStateMachineTaskThread-/0.0.0.0:15002-0 ] INFO  ozoneimpl.OzoneContainer (OzoneContainer.java:start(544)) - Attempting to start container services.
2025-10-20 19:49:55,153 [ContainerMetadataScanner] INFO  ozoneimpl.AbstractBackgroundContainerScanner (AbstractBackgroundContainerScanner.java:runIteration(89)) - Completed an iteration in 0 minutes. Number of iterations (since the data-node restart) : 1, Number of containers scanned in this iteration : 0, Number of unhealthy containers found in this iteration : 0
2025-10-20 19:49:55,153 [ContainerDataScanner(/home/runner/work/ozone/ozone/hadoop-ozone/integration-test/target/test-dir/MiniOzoneClusterImpl-6935df51-69ff-4c35-8bd4-ed2b81d70e54/ozone-metadata/datanode-8/data-0/hdds)] INFO  ozoneimpl.AbstractBackgroundContainerScanner (AbstractBackgroundContainerScanner.java:runIteration(89)) - Completed an iteration in 0 minutes. Number of iterations (since the data-node restart) : 1, Number of containers scanned in this iteration : 0, Number of unhealthy containers found in this iteration : 0
2025-10-20 19:49:55,154 [7bb0e7f0-2b36-4ec0-8a09-ceac75d91a36-EndpointStateMachineTaskThread-/0.0.0.0:15002-0 ] INFO  replication.ReplicationServer (ReplicationServer.java:start(137)) - ReplicationServer is started using port 15073
2025-10-20 19:49:55,154 [7bb0e7f0-2b36-4ec0-8a09-ceac75d91a36-EndpointStateMachineTaskThread-/0.0.0.0:15002-0 ] INFO  ratis.XceiverServerRatis (XceiverServerRatis.java:start(559)) - Starting XceiverServerRatis(7bb0e7f0-2b36-4ec0-8a09-ceac75d91a36)
2025-10-20 19:49:55,155 [7bb0e7f0-2b36-4ec0-8a09-ceac75d91a36-EndpointStateMachineTaskThread-/0.0.0.0:15002-0 ] INFO  server.RaftServer (RaftServerProxy.java:startImpl(412)) - 7bb0e7f0-2b36-4ec0-8a09-ceac75d91a36: start RPC server
2025-10-20 19:49:55,155 [7bb0e7f0-2b36-4ec0-8a09-ceac75d91a36-EndpointStateMachineTaskThread-/0.0.0.0:15002-0 ] INFO  server.GrpcServicesImpl (GrpcServicesImpl.java:startImpl(346)) - 7bb0e7f0-2b36-4ec0-8a09-ceac75d91a36: GrpcServicesImpl started, listening on 15069
2025-10-20 19:49:55,156 [7bb0e7f0-2b36-4ec0-8a09-ceac75d91a36-EndpointStateMachineTaskThread-/0.0.0.0:15002-0 ] INFO  server.GrpcServicesImpl (GrpcServicesImpl.java:startImpl(346)) - 7bb0e7f0-2b36-4ec0-8a09-ceac75d91a36: GrpcServicesImpl started, listening on 15071
2025-10-20 19:49:55,156 [7bb0e7f0-2b36-4ec0-8a09-ceac75d91a36-EndpointStateMachineTaskThread-/0.0.0.0:15002-0 ] INFO  server.GrpcServicesImpl (GrpcServicesImpl.java:startImpl(346)) - 7bb0e7f0-2b36-4ec0-8a09-ceac75d91a36: GrpcServicesImpl started, listening on 15070
2025-10-20 19:49:55,156 [7bb0e7f0-2b36-4ec0-8a09-ceac75d91a36-EndpointStateMachineTaskThread-/0.0.0.0:15002-0 ] INFO  ratis.XceiverServerRatis (XceiverServerRatis.java:getRealPort(586)) - XceiverServerRatis(7bb0e7f0-2b36-4ec0-8a09-ceac75d91a36) is started using port RATIS=15069
2025-10-20 19:49:55,156 [7bb0e7f0-2b36-4ec0-8a09-ceac75d91a36-EndpointStateMachineTaskThread-/0.0.0.0:15002-0 ] INFO  ratis.XceiverServerRatis (XceiverServerRatis.java:getRealPort(586)) - XceiverServerRatis(7bb0e7f0-2b36-4ec0-8a09-ceac75d91a36) is started using port RATIS_ADMIN=15070
2025-10-20 19:49:55,156 [7bb0e7f0-2b36-4ec0-8a09-ceac75d91a36-EndpointStateMachineTaskThread-/0.0.0.0:15002-0 ] INFO  ratis.XceiverServerRatis (XceiverServerRatis.java:getRealPort(586)) - XceiverServerRatis(7bb0e7f0-2b36-4ec0-8a09-ceac75d91a36) is started using port RATIS_SERVER=15071
2025-10-20 19:49:55,156 [7bb0e7f0-2b36-4ec0-8a09-ceac75d91a36-EndpointStateMachineTaskThread-/0.0.0.0:15002-0 ] INFO  ratis.XceiverServerRatis (XceiverServerRatis.java:getRealPort(586)) - XceiverServerRatis(7bb0e7f0-2b36-4ec0-8a09-ceac75d91a36) is started using port RATIS_DATASTREAM=15072
2025-10-20 19:49:55,157 [JvmPauseMonitor10] INFO  util.JvmPauseMonitor (JvmPauseMonitor.java:run(146)) - JvmPauseMonitor-7bb0e7f0-2b36-4ec0-8a09-ceac75d91a36: Started
2025-10-20 19:49:55,157 [7bb0e7f0-2b36-4ec0-8a09-ceac75d91a36-EndpointStateMachineTaskThread-/0.0.0.0:15002-0 ] INFO  utils.BackgroundService (BackgroundService.java:start(119)) - Starting service BlockDeletingService with interval 60000 milliseconds
2025-10-20 19:49:55,158 [7bb0e7f0-2b36-4ec0-8a09-ceac75d91a36-EndpointStateMachineTaskThread-/0.0.0.0:15002-0 ] INFO  utils.BackgroundService (BackgroundService.java:start(119)) - Starting service StaleRecoveringContainerScrubbingService with interval 60000 milliseconds
2025-10-20 19:49:55,275 [ForkJoinPool-1-worker-1] INFO  handler.ContextHandler (ContextHandler.java:doStart(921)) - Started o.e.j.w.WebAppContext@5fb8cde9{hddsDatanode,/,file:///home/runner/work/ozone/ozone/hadoop-ozone/integration-test/target/test-dir/MiniOzoneClusterImpl-6935df51-69ff-4c35-8bd4-ed2b81d70e54/scm/ozone-metadata/webserver/jetty-0_0_0_0-15090-hdds-container-service-2_1_0-SNAPSHOT_jar-_-any-11151730810886868627/webapp/,AVAILABLE}{jar:file:/home/runner/work/ozone/ozone/hadoop-hdds/container-service/target/hdds-container-service-2.1.0-SNAPSHOT.jar!/webapps/hddsDatanode}
2025-10-20 19:49:55,276 [ForkJoinPool-1-worker-1] INFO  server.AbstractConnector (AbstractConnector.java:doStart(333)) - Started ServerConnector@3a518b5d{HTTP/1.1, (http/1.1)}{0.0.0.0:15090}
2025-10-20 19:49:55,276 [ForkJoinPool-1-worker-1] INFO  server.Server (Server.java:doStart(415)) - Started @12928ms
2025-10-20 19:49:55,276 [ForkJoinPool-1-worker-1] WARN  impl.MetricsSystemImpl (MetricsSystemImpl.java:register(279)) - Sink prometheus already exists!
2025-10-20 19:49:55,276 [ForkJoinPool-1-worker-1] INFO  http.BaseHttpServer (BaseHttpServer.java:updateConnectorAddress(357)) - HTTP server of hddsDatanode listening at http://localhost:15090
2025-10-20 19:49:55,276 [ForkJoinPool-1-worker-1] INFO  ipc.CallQueueManager (CallQueueManager.java:<init>(93)) - Using callQueue: class java.util.concurrent.LinkedBlockingQueue, queueCapacity: 1000, scheduler: class org.apache.hadoop.ipc.DefaultRpcScheduler, ipcBackoff: false, ipcFailOver: false.
2025-10-20 19:49:55,277 [ForkJoinPool-1-worker-1] INFO  ipc.Server (Server.java:<init>(1438)) - Listener at 0.0.0.0:15091
2025-10-20 19:49:55,277 [Socket Reader #1 for port 15091] INFO  ipc.Server (Server.java:run(1474)) - Starting Socket Reader #1 for port 15091
2025-10-20 19:49:55,278 [Socket Reader #2 for port 15091] INFO  ipc.Server (Server.java:run(1474)) - Starting Socket Reader #2 for port 15091
2025-10-20 19:49:55,278 [Socket Reader #3 for port 15091] INFO  ipc.Server (Server.java:run(1474)) - Starting Socket Reader #3 for port 15091
2025-10-20 19:49:55,278 [Socket Reader #4 for port 15091] INFO  ipc.Server (Server.java:run(1474)) - Starting Socket Reader #4 for port 15091
2025-10-20 19:49:55,278 [Socket Reader #6 for port 15091] INFO  ipc.Server (Server.java:run(1474)) - Starting Socket Reader #6 for port 15091
2025-10-20 19:49:55,278 [Socket Reader #5 for port 15091] INFO  ipc.Server (Server.java:run(1474)) - Starting Socket Reader #5 for port 15091
2025-10-20 19:49:55,279 [Socket Reader #8 for port 15091] INFO  ipc.Server (Server.java:run(1474)) - Starting Socket Reader #8 for port 15091
2025-10-20 19:49:55,279 [Socket Reader #7 for port 15091] INFO  ipc.Server (Server.java:run(1474)) - Starting Socket Reader #7 for port 15091
2025-10-20 19:49:55,280 [Socket Reader #9 for port 15091] INFO  ipc.Server (Server.java:run(1474)) - Starting Socket Reader #9 for port 15091
2025-10-20 19:49:55,280 | INFO  | SCMAudit | user=runner | ip=127.0.0.1 | op=SEND_HEARTBEAT {"datanodeUUID":"e05592a5-d00f-4fc1-9e39-a968c1ecb04e","term":"2","command":"[commandType: createPipelineCommand createPipelineCommandProto { pipelineID { id: \"0b8c5e6b-69eb-484b-887e-939de61e1e74\" uuid128 { mostSigBits: 832143846588237899 leastSigBits: -8611283131105927564 } } type: RATIS factor: THREE datanode { uuid: \"ef67b0a7-5b27-496d-9f38-ab804a28e500\" ipAddress: \"127.0.0.1\" hostName: \"localhost\" ports { name: \"HTTP\" value: 15018 } ports { name: \"CLIENT_RPC\" value: 15019 } ports { name: \"REPLICATION\" value: 15025 } ports { name: \"RATIS\" value: 15021 } ports { name: \"RATIS_ADMIN\" value: 15022 } ports { name: \"RATIS_SERVER\" value: 15023 } ports { name: \"RATIS_DATASTREAM\" value: 15024 } ports { name: \"STANDALONE\" value: 15020 } networkName: \"ef67b0a7-5b27-496d-9f38-ab804a28e500\" networkLocation: \"/default-rack\" persistedOpState: IN_SERVICE persistedOpStateExpiry: 0 currentVersion: 2 uuid128 { mostSigBits: -1195792943208248979 leastSigBits: -6973635455494855424 } level: 3 id { uuid { mostSigBits: -1195792943208248979 leastSigBits: -6973635455494855424 } } } datanode { uuid: \"361055de-215b-4c6c-94c2-be1c1da118d1\" ipAddress: \"127.0.0.1\" hostName: \"localhost\" ports { name: \"HTTP\" value: 15026 } ports { name: \"CLIENT_RPC\" value: 15027 } ports { name: \"REPLICATION\" value: 15033 } ports { name: \"RATIS\" value: 15029 } ports { name: \"RATIS_ADMIN\" value: 15030 } ports { name: \"RATIS_SERVER\" value: 15031 } ports { name: \"RATIS_DATASTREAM\" value: 15032 } ports { name: \"STANDALONE\" value: 15028 } networkName: \"361055de-215b-4c6c-94c2-be1c1da118d1\" networkLocation: \"/default-rack\" persistedOpState: IN_SERVICE persistedOpStateExpiry: 0 currentVersion: 2 uuid128 { mostSigBits: 3895708090206211180 leastSigBits: -7727404982648891183 } level: 3 id { uuid { mostSigBits: 3895708090206211180 leastSigBits: -7727404982648891183 } } } datanode { uuid: \"e05592a5-d00f-4fc1-9e39-a968c1ecb04e\" ipAddress: \"127.0.0.1\" hostName: \"localhost\" ports { name: \"HTTP\" value: 15010 } ports { name: \"CLIENT_RPC\" value: 15011 } ports { name: \"REPLICATION\" value: 15017 } ports { name: \"RATIS\" value: 15013 } ports { name: \"RATIS_ADMIN\" value: 15014 } ports { name: \"RATIS_SERVER\" value: 15015 } ports { name: \"RATIS_DATASTREAM\" value: 15016 } ports { name: \"STANDALONE\" value: 15012 } networkName: \"e05592a5-d00f-4fc1-9e39-a968c1ecb04e\" networkLocation: \"/default-rack\" persistedOpState: IN_SERVICE persistedOpStateExpiry: 0 currentVersion: 2 uuid128 { mostSigBits: -2281756395335364671 leastSigBits: -7045413874649223090 } level: 3 id { uuid { mostSigBits: -2281756395335364671 leastSigBits: -7045413874649223090 } } } cmdId: 1760989793826 priority: 0 priority: 1 priority: 0 } term: 2 encodedToken: \"\" deadlineMsSinceEpoch: 0, commandType: createPipelineCommand createPipelineCommandProto { pipelineID { id: \"aabd30cf-05b8-4e3b-b15e-1aa5f909702d\" uuid128 { mostSigBits: -6143700650951160261 leastSigBits: -5666061981035433939 } } type: RATIS factor: THREE datanode { uuid: \"ef67b0a7-5b27-496d-9f38-ab804a28e500\" ipAddress: \"127.0.0.1\" hostName: \"localhost\" ports { name: \"HTTP\" value: 15018 } ports { name: \"CLIENT_RPC\" value: 15019 } ports { name: \"REPLICATION\" value: 15025 } ports { name: \"RATIS\" value: 15021 } ports { name: \"RATIS_ADMIN\" value: 15022 } ports { name: \"RATIS_SERVER\" value: 15023 } ports { name: \"RATIS_DATASTREAM\" value: 15024 } ports { name: \"STANDALONE\" value: 15020 } networkName: \"ef67b0a7-5b27-496d-9f38-ab804a28e500\" networkLocation: \"/default-rack\" persistedOpState: IN_SERVICE persistedOpStateExpiry: 0 currentVersion: 2 uuid128 { mostSigBits: -1195792943208248979 leastSigBits: -6973635455494855424 } level: 3 id { uuid { mostSigBits: -1195792943208248979 leastSigBits: -6973635455494855424 } } } datanode { uuid: \"e05592a5-d00f-4fc1-9e39-a968c1ecb04e\" ipAddress: \"127.0.0.1\" hostName: \"localhost\" ports { name: \"HTTP\" value: 15010 } ports { name: \"CLIENT_RPC\" value: 15011 } ports { name: \"REPLICATION\" value: 15017 } ports { name: \"RATIS\" value: 15013 } ports { name: \"RATIS_ADMIN\" value: 15014 } ports { name: \"RATIS_SERVER\" value: 15015 } ports { name: \"RATIS_DATASTREAM\" value: 15016 } ports { name: \"STANDALONE\" value: 15012 } networkName: \"e05592a5-d00f-4fc1-9e39-a968c1ecb04e\" networkLocation: \"/default-rack\" persistedOpState: IN_SERVICE persistedOpStateExpiry: 0 currentVersion: 2 uuid128 { mostSigBits: -2281756395335364671 leastSigBits: -7045413874649223090 } level: 3 id { uuid { mostSigBits: -2281756395335364671 leastSigBits: -7045413874649223090 } } } datanode { uuid: \"361055de-215b-4c6c-94c2-be1c1da118d1\" ipAddress: \"127.0.0.1\" hostName: \"localhost\" ports { name: \"HTTP\" value: 15026 } ports { name: \"CLIENT_RPC\" value: 15027 } ports { name: \"REPLICATION\" value: 15033 } ports { name: \"RATIS\" value: 15029 } ports { name: \"RATIS_ADMIN\" value: 15030 } ports { name: \"RATIS_SERVER\" value: 15031 } ports { name: \"RATIS_DATASTREAM\" value: 15032 } ports { name: \"STANDALONE\" value: 15028 } networkName: \"361055de-215b-4c6c-94c2-be1c1da118d1\" networkLocation: \"/default-rack\" persistedOpState: IN_SERVICE persistedOpStateExpiry: 0 currentVersion: 2 uuid128 { mostSigBits: 3895708090206211180 leastSigBits: -7727404982648891183 } level: 3 id { uuid { mostSigBits: 3895708090206211180 leastSigBits: -7727404982648891183 } } } cmdId: 1760989793827 priority: 1 priority: 0 priority: 0 } term: 2 encodedToken: \"\" deadlineMsSinceEpoch: 0]"} | ret=SUCCESS |  
2025-10-20 19:49:55,281 [Socket Reader #10 for port 15091] INFO  ipc.Server (Server.java:run(1474)) - Starting Socket Reader #10 for port 15091
2025-10-20 19:49:55,283 [ForkJoinPool-1-worker-1] INFO  ozone.HddsDatanodeService (HddsDatanodeService.java:start(333)) - Datanode start with admins: [admin, runner]
2025-10-20 19:49:55,283 [ForkJoinPool-1-worker-1] INFO  ozone.HddsDatanodeClientProtocolServer (HddsDatanodeClientProtocolServer.java:start(76)) - RPC server for Client /0.0.0.0:15091
2025-10-20 19:49:55,284 [IPC Server Responder] INFO  ipc.Server (Server.java:run(1713)) - IPC Server Responder: starting
2025-10-20 19:49:55,284 [IPC Server listener on 15091] INFO  ipc.Server (Server.java:run(1553)) - IPC Server listener on 15091: starting
2025-10-20 19:49:55,286 [ForkJoinPool-1-worker-1] WARN  dropwizard3.Dm3MetricRegistriesImpl (Dm3MetricRegistriesImpl.java:addReporterRegistration(114)) - New reporters are added after registries were created. Some metrics will be missing from the reporter. Please add reporter before adding any new registry.
2025-10-20 19:49:55,286 [ForkJoinPool-1-worker-1] WARN  dropwizard3.Dm3MetricRegistriesImpl (Dm3MetricRegistriesImpl.java:addReporterRegistration(114)) - New reporters are added after registries were created. Some metrics will be missing from the reporter. Please add reporter before adding any new registry.
2025-10-20 19:49:55,287 [4f2bb3f5-0e03-4f1b-bb4c-79c91b98c7da-DatanodeStateMachineDaemonThread] INFO  statemachine.DatanodeStateMachine (DatanodeStateMachine.java:startStateMachineThread(363)) - Ozone container server started.
2025-10-20 19:49:55,291 [4f2bb3f5-0e03-4f1b-bb4c-79c91b98c7da-DatanodeStateMachineTaskThread-0] INFO  datanode.InitDatanodeState (InitDatanodeState.java:persistContainerDatanodeDetails(139)) - DatanodeDetails is persisted to /home/runner/work/ozone/ozone/hadoop-ozone/integration-test/target/test-dir/MiniOzoneClusterImpl-6935df51-69ff-4c35-8bd4-ed2b81d70e54/ozone-metadata/datanode-11/ozone-metadata/datanode.id
2025-10-20 19:49:55,312 [ForkJoinPool-1-worker-1] INFO  protocol.DatanodeDetails (DatanodeDetails.java:validateDatanodeIpAddress(199)) - Updating IP address of datanode d7d8cf72-b9f6-4979-9c53-007dd6e6e48a(localhost/null) to 127.0.0.1
2025-10-20 19:49:55,312 [ForkJoinPool-1-worker-1] INFO  ozone.HddsDatanodeService (HddsDatanodeService.java:start(236)) - HddsDatanodeService d7d8cf72-b9f6-4979-9c53-007dd6e6e48a(localhost/127.0.0.1)
2025-10-20 19:49:55,314 [ForkJoinPool-1-worker-1] INFO  upgrade.AbstractLayoutVersionManager (AbstractLayoutVersionManager.java:init(80)) - Initializing Layout version manager with metadata layout = WITNESSED_CONTAINER_DB_PROTO_VALUE (version = 9), software layout = WITNESSED_CONTAINER_DB_PROTO_VALUE (version = 9)
2025-10-20 19:49:55,315 [ForkJoinPool-1-worker-1] INFO  statemachine.DatanodeStateMachine (DatanodeStateMachine.java:getEndPointTaskThreadPoolSize(321)) - Datanode State Machine Task Thread Pool size 2
2025-10-20 19:49:55,318 [ForkJoinPool-1-worker-1] INFO  volume.HddsVolume (HddsVolume.java:<init>(162)) - HddsVolume: { id=DS-67710b24-edc5-4ed9-bf21-aac870457ccb dir=/home/runner/work/ozone/ozone/hadoop-ozone/integration-test/target/test-dir/MiniOzoneClusterImpl-6935df51-69ff-4c35-8bd4-ed2b81d70e54/ozone-metadata/datanode-12/data-0/hdds type=DISK capacity=9222449699674390527 used=0 available=9222449699674390527 minFree=184448985434423296 committed=0 }
2025-10-20 19:49:55,318 [ForkJoinPool-1-worker-1] INFO  volume.MutableVolumeSet (MutableVolumeSet.java:initializeVolumeSet(175)) - Added Volume : /home/runner/work/ozone/ozone/hadoop-ozone/integration-test/target/test-dir/MiniOzoneClusterImpl-6935df51-69ff-4c35-8bd4-ed2b81d70e54/ozone-metadata/datanode-12/data-0/hdds to VolumeSet
2025-10-20 19:49:55,319 [ForkJoinPool-1-worker-1] INFO  volume.MutableVolumeSet (MutableVolumeSet.java:initializeVolumeSet(175)) - Added Volume : /home/runner/work/ozone/ozone/hadoop-ozone/integration-test/target/test-dir/MiniOzoneClusterImpl-6935df51-69ff-4c35-8bd4-ed2b81d70e54/ozone-metadata/datanode-12/ratis to VolumeSet
2025-10-20 19:49:55,320 [ForkJoinPool-1-worker-1] INFO  ozoneimpl.OzoneContainer (HddsVolumeUtil.java:loadAllHddsVolumeDbStore(102)) - Load 1 volumes DbStore cost: 0ms
2025-10-20 19:49:55,320 [ForkJoinPool-1-worker-1] WARN  db.DBStoreBuilder (DBStoreBuilder.java:getDBDirPath(157)) - ozone.scm.datanode.id.dir is not configured. We recommend adding this setting. Falling back to ozone.metadata.dirs instead.
2025-10-20 19:49:55,321 [ForkJoinPool-1-worker-1] WARN  db.DBStoreBuilder (DBStoreBuilder.java:getDBDirPath(157)) - ozone.scm.datanode.id.dir is not configured. We recommend adding this setting. Falling back to ozone.metadata.dirs instead.
2025-10-20 19:49:55,335 [ForkJoinPool-1-worker-1] INFO  impl.FilePerChunkStrategy (FilePerChunkStrategy.java:<init>(79)) - ozone.chunk.read.mapped.buffer.max.count is load with 0
2025-10-20 19:49:55,335 [ForkJoinPool-1-worker-1] INFO  impl.FilePerBlockStrategy (FilePerBlockStrategy.java:<init>(88)) - ozone.chunk.read.mapped.buffer.max.count is load with 0
2025-10-20 19:49:55,336 | INFO  | SCMAudit | user=runner | ip=127.0.0.1 | op=GET_VERSION {} | ret=SUCCESS |  
2025-10-20 19:49:55,336 [ForkJoinPool-1-worker-1] INFO  server.RaftServerConfigKeys (ConfUtils.java:logGet(62)) - raft.server.log.appender.buffer.byte-limit = 33554432 (custom)
2025-10-20 19:49:55,337 [ForkJoinPool-1-worker-1] INFO  grpc.GrpcConfigKeys (ConfUtils.java:logFallback(69)) - raft.grpc.admin.host = null (fallback to raft.grpc.server.host)
2025-10-20 19:49:55,337 [ForkJoinPool-1-worker-1] INFO  grpc.GrpcConfigKeys (ConfUtils.java:logGet(62)) - raft.grpc.admin.port = 15102 (custom)
2025-10-20 19:49:55,337 [ForkJoinPool-1-worker-1] INFO  grpc.GrpcConfigKeys (ConfUtils.java:logFallback(69)) - raft.grpc.client.host = null (fallback to raft.grpc.server.host)
2025-10-20 19:49:55,338 [ForkJoinPool-1-worker-1] INFO  grpc.GrpcConfigKeys (ConfUtils.java:logGet(62)) - raft.grpc.client.port = 15101 (custom)
2025-10-20 19:49:55,338 [ForkJoinPool-1-worker-1] INFO  grpc.GrpcConfigKeys (ConfUtils.java:logGet(62)) - raft.grpc.server.port = 15103 (custom)
2025-10-20 19:49:55,338 [ForkJoinPool-1-worker-1] INFO  server.GrpcServicesImpl (ConfUtils.java:logGet(62)) - raft.grpc.message.size.max = 34603008 (custom)
2025-10-20 19:49:55,338 [ForkJoinPool-1-worker-1] INFO  server.GrpcServicesImpl (ConfUtils.java:logGet(62)) - raft.grpc.flow.control.window = 5MB (=5242880) (custom)
2025-10-20 19:49:55,338 [ForkJoinPool-1-worker-1] INFO  server.RaftServerConfigKeys (ConfUtils.java:logGet(62)) - raft.server.log.appender.buffer.byte-limit = 33554432 (custom)
2025-10-20 19:49:55,341 [ForkJoinPool-1-worker-1] INFO  netty.NettyUtils (NettyUtils.java:newEventLoopGroup(74)) - Create EpollEventLoopGroup for d7d8cf72-b9f6-4979-9c53-007dd6e6e48a-NettyServerStreamRpc-bossGroup; Thread size is 0.
2025-10-20 19:49:55,342 [ForkJoinPool-1-worker-1] INFO  netty.NettyUtils (NettyUtils.java:newEventLoopGroup(74)) - Create EpollEventLoopGroup for d7d8cf72-b9f6-4979-9c53-007dd6e6e48a-NettyServerStreamRpc-workerGroup; Thread size is 0.
2025-10-20 19:49:55,343 [ForkJoinPool-1-worker-1] INFO  netty.NettyConfigKeys$DataStream (ConfUtils.java:logGet(62)) - raft.netty.dataStream.port = 15104 (custom)
2025-10-20 19:49:55,344 [d7d8cf72-b9f6-4979-9c53-007dd6e6e48a-NettyServerStreamRpc-bossGroup--thread1] INFO  logging.LoggingHandler (AbstractInternalLogger.java:log(148)) - [id: 0xff0692e1] REGISTERED
2025-10-20 19:49:55,344 [ForkJoinPool-1-worker-1] INFO  server.RaftServerConfigKeys (ConfUtils.java:logGet(62)) - raft.server.storage.dir = [/home/runner/work/ozone/ozone/hadoop-ozone/integration-test/target/test-dir/MiniOzoneClusterImpl-6935df51-69ff-4c35-8bd4-ed2b81d70e54/ozone-metadata/datanode-12/ratis] (custom)
2025-10-20 19:49:55,345 [d7d8cf72-b9f6-4979-9c53-007dd6e6e48a-NettyServerStreamRpc-bossGroup--thread1] INFO  logging.LoggingHandler (AbstractInternalLogger.java:log(148)) - [id: 0xff0692e1] BIND: 0.0.0.0/0.0.0.0:15104
2025-10-20 19:49:55,345 [d7d8cf72-b9f6-4979-9c53-007dd6e6e48a-NettyServerStreamRpc-bossGroup--thread1] INFO  logging.LoggingHandler (AbstractInternalLogger.java:log(148)) - [id: 0xff0692e1, L:/0.0.0.0:15104] ACTIVE
2025-10-20 19:49:55,345 [d7d8cf72-b9f6-4979-9c53-007dd6e6e48a-impl-thread1] INFO  server.RaftServer (RaftServerProxy.java:initGroupDir(270)) - d7d8cf72-b9f6-4979-9c53-007dd6e6e48a: found a subdirectory /home/runner/work/ozone/ozone/hadoop-ozone/integration-test/target/test-dir/MiniOzoneClusterImpl-6935df51-69ff-4c35-8bd4-ed2b81d70e54/ozone-metadata/datanode-12/ratis/tmp
2025-10-20 19:49:55,345 [d7d8cf72-b9f6-4979-9c53-007dd6e6e48a-impl-thread1] INFO  server.RaftServer (RaftServerProxy.java:initGroupDir(275)) - d7d8cf72-b9f6-4979-9c53-007dd6e6e48a: The directory /home/runner/work/ozone/ozone/hadoop-ozone/integration-test/target/test-dir/MiniOzoneClusterImpl-6935df51-69ff-4c35-8bd4-ed2b81d70e54/ozone-metadata/datanode-12/ratis/tmp is not a group directory; ignoring it. 
2025-10-20 19:49:55,345 [ForkJoinPool-1-worker-1] INFO  replication.ReplicationServer (ReplicationServer.java:<init>(84)) - Initializing replication server with thread count = 10 queue length = 4096
2025-10-20 19:49:55,347 [ForkJoinPool-1-worker-1] INFO  server.XceiverServerGrpc (XceiverServerGrpc.java:<init>(129)) - GrpcServer channel type EpollServerSocketChannel
2025-10-20 19:49:55,348 [ForkJoinPool-1-worker-1] INFO  replication.ReplicationSupervisor (ReplicationSupervisor.java:build(169)) - Initializing replication supervisor with thread count = 10
2025-10-20 19:49:55,349 [ForkJoinPool-1-worker-1] INFO  replication.ReplicationSupervisor (ReplicationSupervisor.java:nodeStateUpdated(358)) - Node state updated to IN_SERVICE, scaling executor pool size to 10
2025-10-20 19:49:55,355 [ForkJoinPool-1-worker-1] INFO  http.BaseHttpServer (BaseHttpServer.java:newHttpServer2BuilderForOzone(227)) - Starting Web-server for hddsDatanode at: http://0.0.0.0:15098
2025-10-20 19:49:55,355 [ForkJoinPool-1-worker-1] INFO  http.BaseHttpServer (BaseHttpServer.java:<init>(105)) - Hadoop Security Enabled: false Ozone Security Enabled: false Ozone HTTP Security Enabled: false 
2025-10-20 19:49:55,356 | INFO  | SCMAudit | user=runner | ip=127.0.0.1 | op=SEND_HEARTBEAT {"datanodeUUID":"af0e5da1-57af-45e9-9aca-fa0798d05628","term":"2","command":"[commandType: createPipelineCommand createPipelineCommandProto { pipelineID { id: \"856ce2eb-1c22-44a3-8643-07dd2bb39a51\" uuid128 { mostSigBits: -8832435269763185501 leastSigBits: -8772159002685236655 } } type: RATIS factor: ONE datanode { uuid: \"af0e5da1-57af-45e9-9aca-fa0798d05628\" ipAddress: \"127.0.0.1\" hostName: \"localhost\" ports { name: \"HTTP\" value: 15042 } ports { name: \"CLIENT_RPC\" value: 15043 } ports { name: \"REPLICATION\" value: 15049 } ports { name: \"RATIS\" value: 15045 } ports { name: \"RATIS_ADMIN\" value: 15046 } ports { name: \"RATIS_SERVER\" value: 15047 } ports { name: \"RATIS_DATASTREAM\" value: 15048 } ports { name: \"STANDALONE\" value: 15044 } networkName: \"af0e5da1-57af-45e9-9aca-fa0798d05628\" networkLocation: \"/default-rack\" persistedOpState: IN_SERVICE persistedOpStateExpiry: 0 currentVersion: 2 uuid128 { mostSigBits: -5832621519855991319 leastSigBits: -7292741736037591512 } level: 3 id { uuid { mostSigBits: -5832621519855991319 leastSigBits: -7292741736037591512 } } } cmdId: 1760989793829 priority: 1 } term: 2 encodedToken: \"\" deadlineMsSinceEpoch: 0, commandType: createPipelineCommand createPipelineCommandProto { pipelineID { id: \"48b2bb4f-636b-420d-96ed-351250cf0157\" uuid128 { mostSigBits: 5238455266230092301 leastSigBits: -7571337045758508713 } } type: RATIS factor: THREE datanode { uuid: \"b614738c-cdff-4f09-bf59-ed5bb75d51be\" ipAddress: \"127.0.0.1\" hostName: \"localhost\" ports { name: \"HTTP\" value: 15050 } ports { name: \"CLIENT_RPC\" value: 15051 } ports { name: \"REPLICATION\" value: 15057 } ports { name: \"RATIS\" value: 15053 } ports { name: \"RATIS_ADMIN\" value: 15054 } ports { name: \"RATIS_SERVER\" value: 15055 } ports { name: \"RATIS_DATASTREAM\" value: 15056 } ports { name: \"STANDALONE\" value: 15052 } networkName: \"b614738c-cdff-4f09-bf59-ed5bb75d51be\" networkLocation: \"/default-rack\" persistedOpState: IN_SERVICE persistedOpStateExpiry: 0 currentVersion: 2 uuid128 { mostSigBits: -5326505410683777271 leastSigBits: -4658431361363914306 } level: 3 id { uuid { mostSigBits: -5326505410683777271 leastSigBits: -4658431361363914306 } } } datanode { uuid: \"c90bff1f-5a1f-42c6-8fca-9533d718c79a\" ipAddress: \"127.0.0.1\" hostName: \"localhost\" ports { name: \"HTTP\" value: 15034 } ports { name: \"CLIENT_RPC\" value: 15035 } ports { name: \"REPLICATION\" value: 15041 } ports { name: \"RATIS\" value: 15037 } ports { name: \"RATIS_ADMIN\" value: 15038 } ports { name: \"RATIS_SERVER\" value: 15039 } ports { name: \"RATIS_DATASTREAM\" value: 15040 } ports { name: \"STANDALONE\" value: 15036 } networkName: \"c90bff1f-5a1f-42c6-8fca-9533d718c79a\" networkLocation: \"/default-rack\" persistedOpState: IN_SERVICE persistedOpStateExpiry: 0 currentVersion: 2 uuid128 { mostSigBits: -3959790937221152058 leastSigBits: -8085486131105708134 } level: 3 id { uuid { mostSigBits: -3959790937221152058 leastSigBits: -8085486131105708134 } } } datanode { uuid: \"af0e5da1-57af-45e9-9aca-fa0798d05628\" ipAddress: \"127.0.0.1\" hostName: \"localhost\" ports { name: \"HTTP\" value: 15042 } ports { name: \"CLIENT_RPC\" value: 15043 } ports { name: \"REPLICATION\" value: 15049 } ports { name: \"RATIS\" value: 15045 } ports { name: \"RATIS_ADMIN\" value: 15046 } ports { name: \"RATIS_SERVER\" value: 15047 } ports { name: \"RATIS_DATASTREAM\" value: 15048 } ports { name: \"STANDALONE\" value: 15044 } networkName: \"af0e5da1-57af-45e9-9aca-fa0798d05628\" networkLocation: \"/default-rack\" persistedOpState: IN_SERVICE persistedOpStateExpiry: 0 currentVersion: 2 uuid128 { mostSigBits: -5832621519855991319 leastSigBits: -7292741736037591512 } level: 3 id { uuid { mostSigBits: -5832621519855991319 leastSigBits: -7292741736037591512 } } } cmdId: 1760989793831 priority: 0 priority: 1 priority: 0 } term: 2 encodedToken: \"\" deadlineMsSinceEpoch: 0, commandType: createPipelineCommand createPipelineCommandProto { pipelineID { id: \"ba8f49ac-c35b-4342-9840-c8b3a767d7cd\" uuid128 { mostSigBits: -5003699654624591038 leastSigBits: -7475754707501721651 } } type: RATIS factor: THREE datanode { uuid: \"af0e5da1-57af-45e9-9aca-fa0798d05628\" ipAddress: \"127.0.0.1\" hostName: \"localhost\" ports { name: \"HTTP\" value: 15042 } ports { name: \"CLIENT_RPC\" value: 15043 } ports { name: \"REPLICATION\" value: 15049 } ports { name: \"RATIS\" value: 15045 } ports { name: \"RATIS_ADMIN\" value: 15046 } ports { name: \"RATIS_SERVER\" value: 15047 } ports { name: \"RATIS_DATASTREAM\" value: 15048 } ports { name: \"STANDALONE\" value: 15044 } networkName: \"af0e5da1-57af-45e9-9aca-fa0798d05628\" networkLocation: \"/default-rack\" persistedOpState: IN_SERVICE persistedOpStateExpiry: 0 currentVersion: 2 uuid128 { mostSigBits: -5832621519855991319 leastSigBits: -7292741736037591512 } level: 3 id { uuid { mostSigBits: -5832621519855991319 leastSigBits: -7292741736037591512 } } } datanode { uuid: \"b614738c-cdff-4f09-bf59-ed5bb75d51be\" ipAddress: \"127.0.0.1\" hostName: \"localhost\" ports { name: \"HTTP\" value: 15050 } ports { name: \"CLIENT_RPC\" value: 15051 } ports { name: \"REPLICATION\" value: 15057 } ports { name: \"RATIS\" value: 15053 } ports { name: \"RATIS_ADMIN\" value: 15054 } ports { name: \"RATIS_SERVER\" value: 15055 } ports { name: \"RATIS_DATASTREAM\" value: 15056 } ports { name: \"STANDALONE\" value: 15052 } networkName: \"b614738c-cdff-4f09-bf59-ed5bb75d51be\" networkLocation: \"/default-rack\" persistedOpState: IN_SERVICE persistedOpStateExpiry: 0 currentVersion: 2 uuid128 { mostSigBits: -5326505410683777271 leastSigBits: -4658431361363914306 } level: 3 id { uuid { mostSigBits: -5326505410683777271 leastSigBits: -4658431361363914306 } } } datanode { uuid: \"c90bff1f-5a1f-42c6-8fca-9533d718c79a\" ipAddress: \"127.0.0.1\" hostName: \"localhost\" ports { name: \"HTTP\" value: 15034 } ports { name: \"CLIENT_RPC\" value: 15035 } ports { name: \"REPLICATION\" value: 15041 } ports { name: \"RATIS\" value: 15037 } ports { name: \"RATIS_ADMIN\" value: 15038 } ports { name: \"RATIS_SERVER\" value: 15039 } ports { name: \"RATIS_DATASTREAM\" value: 15040 } ports { name: \"STANDALONE\" value: 15036 } networkName: \"c90bff1f-5a1f-42c6-8fca-9533d718c79a\" networkLocation: \"/default-rack\" persistedOpState: IN_SERVICE persistedOpStateExpiry: 0 currentVersion: 2 uuid128 { mostSigBits: -3959790937221152058 leastSigBits: -8085486131105708134 } level: 3 id { uuid { mostSigBits: -3959790937221152058 leastSigBits: -8085486131105708134 } } } cmdId: 1760989793832 priority: 1 priority: 0 priority: 0 } term: 2 encodedToken: \"\" deadlineMsSinceEpoch: 0]"} | ret=SUCCESS |  
2025-10-20 19:49:55,359 [ForkJoinPool-1-worker-1] WARN  server.AuthenticationFilter (AuthenticationFilter.java:constructSecretProvider(240)) - Unable to initialize FileSignerSecretProvider, falling back to use random secrets. Reason: Could not read signature secret file: /home/runner/hadoop-http-auth-signature-secret
2025-10-20 19:49:55,363 [ForkJoinPool-1-worker-1] INFO  http.HttpServer2 (HttpServer2.java:addGlobalFilter(1040)) - Added global filter 'safety' (class=org.apache.hadoop.hdds.server.http.HttpServer2$QuotingInputFilter)
2025-10-20 19:49:55,365 [ForkJoinPool-1-worker-1] INFO  http.HttpServer2 (HttpServer2.java:addFilter(1016)) - Added filter static_user_filter (class=org.apache.hadoop.http.lib.StaticUserWebFilter$StaticUserFilter) to context hddsDatanode
2025-10-20 19:49:55,365 [ForkJoinPool-1-worker-1] INFO  http.HttpServer2 (HttpServer2.java:addFilter(1024)) - Added filter static_user_filter (class=org.apache.hadoop.http.lib.StaticUserWebFilter$StaticUserFilter) to context logs
2025-10-20 19:49:55,365 [ForkJoinPool-1-worker-1] INFO  http.HttpServer2 (HttpServer2.java:addFilter(1024)) - Added filter static_user_filter (class=org.apache.hadoop.http.lib.StaticUserWebFilter$StaticUserFilter) to context static
2025-10-20 19:49:55,365 [ForkJoinPool-1-worker-1] INFO  http.BaseHttpServer (BaseHttpServer.java:<init>(193)) - HTTP server of hddsDatanode uses base directory /home/runner/work/ozone/ozone/hadoop-ozone/integration-test/target/test-dir/MiniOzoneClusterImpl-6935df51-69ff-4c35-8bd4-ed2b81d70e54/scm/ozone-metadata/webserver
2025-10-20 19:49:55,366 [ForkJoinPool-1-worker-1] INFO  http.HttpServer2 (HttpServer2.java:bindListener(1240)) - Jetty bound to port 15098
2025-10-20 19:49:55,366 [ForkJoinPool-1-worker-1] INFO  server.Server (Server.java:doStart(375)) - jetty-9.4.58.v20250814; built: 2025-08-14T02:28:49.637Z; git: 8f1440587e9e4ae7db3d74cf205643f3d707148d; jvm 21.0.8+9-LTS
2025-10-20 19:49:55,368 [ForkJoinPool-1-worker-1] INFO  server.session (DefaultSessionIdManager.java:doStart(334)) - DefaultSessionIdManager workerName=node0
2025-10-20 19:49:55,368 [ForkJoinPool-1-worker-1] INFO  server.session (DefaultSessionIdManager.java:doStart(339)) - No SessionScavenger set, using defaults
2025-10-20 19:49:55,368 [ForkJoinPool-1-worker-1] INFO  server.session (HouseKeeper.java:startScavenging(132)) - node0 Scavenging every 660000ms
2025-10-20 19:49:55,370 [ForkJoinPool-1-worker-1] INFO  handler.ContextHandler (ContextHandler.java:doStart(921)) - Started o.e.j.s.ServletContextHandler@25e230ea{logs,/logs,file:///home/runner/work/ozone/ozone/hadoop-ozone/integration-test/target/log,AVAILABLE}
2025-10-20 19:49:55,370 [ForkJoinPool-1-worker-1] INFO  handler.ContextHandler (ContextHandler.java:doStart(921)) - Started o.e.j.s.ServletContextHandler@26e8a714{static,/static,jar:file:/home/runner/work/ozone/ozone/hadoop-hdds/container-service/target/hdds-container-service-2.1.0-SNAPSHOT.jar!/webapps/static,AVAILABLE}
2025-10-20 19:49:55,378 [605be85e-a7f4-44d7-8cfd-f53001b990b0-EndpointStateMachineTaskThread-/0.0.0.0:15002-0 ] INFO  utils.DatanodeStoreCache (DatanodeStoreCache.java:addDB(70)) - Added db /home/runner/work/ozone/ozone/hadoop-ozone/integration-test/target/test-dir/MiniOzoneClusterImpl-6935df51-69ff-4c35-8bd4-ed2b81d70e54/ozone-metadata/datanode-9/data-0/hdds/6935df51-69ff-4c35-8bd4-ed2b81d70e54/DS-ef787816-5ac8-4f2f-928f-0a2b13188af0/container.db to cache
2025-10-20 19:49:55,378 [605be85e-a7f4-44d7-8cfd-f53001b990b0-EndpointStateMachineTaskThread-/0.0.0.0:15002-0 ] INFO  volume.HddsVolume (HddsVolume.java:createDbStore(576)) - SchemaV3 db is created and loaded at /home/runner/work/ozone/ozone/hadoop-ozone/integration-test/target/test-dir/MiniOzoneClusterImpl-6935df51-69ff-4c35-8bd4-ed2b81d70e54/ozone-metadata/datanode-9/data-0/hdds/6935df51-69ff-4c35-8bd4-ed2b81d70e54/DS-ef787816-5ac8-4f2f-928f-0a2b13188af0/container.db for volume DS-ef787816-5ac8-4f2f-928f-0a2b13188af0
2025-10-20 19:49:55,380 [605be85e-a7f4-44d7-8cfd-f53001b990b0-ContainerReader-0] INFO  ozoneimpl.ContainerReader (ContainerReader.java:readVolume(147)) - Start to verify containers on volume /home/runner/work/ozone/ozone/hadoop-ozone/integration-test/target/test-dir/MiniOzoneClusterImpl-6935df51-69ff-4c35-8bd4-ed2b81d70e54/ozone-metadata/datanode-9/data-0/hdds
2025-10-20 19:49:55,381 [605be85e-a7f4-44d7-8cfd-f53001b990b0-ContainerReader-0] INFO  ozoneimpl.ContainerReader (ContainerReader.java:readVolume(177)) - Finish verifying containers on volume /home/runner/work/ozone/ozone/hadoop-ozone/integration-test/target/test-dir/MiniOzoneClusterImpl-6935df51-69ff-4c35-8bd4-ed2b81d70e54/ozone-metadata/datanode-9/data-0/hdds
2025-10-20 19:49:55,381 [605be85e-a7f4-44d7-8cfd-f53001b990b0-EndpointStateMachineTaskThread-/0.0.0.0:15002-0 ] INFO  ozoneimpl.OzoneContainer (OzoneContainer.java:buildContainerSet(359)) - Build ContainerSet costs 0s
2025-10-20 19:49:55,381 [605be85e-a7f4-44d7-8cfd-f53001b990b0-EndpointStateMachineTaskThread-/0.0.0.0:15002-0 ] INFO  volume.ThrottledAsyncChecker (ThrottledAsyncChecker.java:schedule(138)) - Scheduling a check for /home/runner/work/ozone/ozone/hadoop-ozone/integration-test/target/test-dir/MiniOzoneClusterImpl-6935df51-69ff-4c35-8bd4-ed2b81d70e54/ozone-metadata/datanode-9/data-0/hdds
2025-10-20 19:49:55,381 [605be85e-a7f4-44d7-8cfd-f53001b990b0-EndpointStateMachineTaskThread-/0.0.0.0:15002-0 ] INFO  volume.StorageVolumeChecker (StorageVolumeChecker.java:checkAllVolumes(231)) - Scheduled health check for volume /home/runner/work/ozone/ozone/hadoop-ozone/integration-test/target/test-dir/MiniOzoneClusterImpl-6935df51-69ff-4c35-8bd4-ed2b81d70e54/ozone-metadata/datanode-9/data-0/hdds
2025-10-20 19:49:55,385 [605be85e-a7f4-44d7-8cfd-f53001b990b0-EndpointStateMachineTaskThread-/0.0.0.0:15002-0 ] INFO  volume.ThrottledAsyncChecker (ThrottledAsyncChecker.java:schedule(138)) - Scheduling a check for /home/runner/work/ozone/ozone/hadoop-ozone/integration-test/target/test-dir/MiniOzoneClusterImpl-6935df51-69ff-4c35-8bd4-ed2b81d70e54/ozone-metadata/datanode-9/ratis
2025-10-20 19:49:55,385 [605be85e-a7f4-44d7-8cfd-f53001b990b0-EndpointStateMachineTaskThread-/0.0.0.0:15002-0 ] INFO  volume.StorageVolumeChecker (StorageVolumeChecker.java:checkAllVolumes(231)) - Scheduled health check for volume /home/runner/work/ozone/ozone/hadoop-ozone/integration-test/target/test-dir/MiniOzoneClusterImpl-6935df51-69ff-4c35-8bd4-ed2b81d70e54/ozone-metadata/datanode-9/ratis
2025-10-20 19:49:55,385 [IPC Server handler 14 on default port 15002] INFO  net.NetworkTopologyImpl (NetworkTopologyImpl.java:add(133)) - Added a new node: /default-rack/cc7fbe85-1d98-437b-84f9-04213fee10f0
2025-10-20 19:49:55,386 [605be85e-a7f4-44d7-8cfd-f53001b990b0-EndpointStateMachineTaskThread-/0.0.0.0:15002-0 ] INFO  ozoneimpl.OzoneContainer (OzoneContainer.java:start(544)) - Attempting to start container services.
2025-10-20 19:49:55,386 [IPC Server handler 14 on default port 15002] INFO  node.SCMNodeManager (SCMNodeManager.java:register(423)) - Registered datanode: cc7fbe85-1d98-437b-84f9-04213fee10f0{ip: 127.0.0.1, host: localhost, ports: [HTTP=15058, CLIENT_RPC=15059, REPLICATION=15065, RATIS=15061, RATIS_ADMIN=15062, RATIS_SERVER=15063, RATIS_DATASTREAM=15064, STANDALONE=15060], networkLocation: /default-rack, certSerialId: null, persistedOpState: null, persistedOpStateExpiryEpochSec: 0}
2025-10-20 19:49:55,386 [EventQueue-PipelineReportForOneReplicaPipelineSafeModeRule] INFO  safemode.SCMSafeModeManager (SCMSafeModeManager.java:validateSafeModeExitRules(138)) - OneReplicaPipelineSafeModeRule rule is successfully validated
2025-10-20 19:49:55,386 [EventQueue-ContainerRegistrationReportForECContainerSafeModeRule] INFO  safemode.SCMSafeModeManager (SCMSafeModeManager.java:validateSafeModeExitRules(138)) - ECContainerSafeModeRule rule is successfully validated
2025-10-20 19:49:55,386 [EventQueue-ContainerRegistrationReportForRatisContainerSafeModeRule] INFO  safemode.SCMSafeModeManager (SCMSafeModeManager.java:validateSafeModeExitRules(138)) - RatisContainerSafeModeRule rule is successfully validated
2025-10-20 19:49:55,387 [EventQueue-NewNodeForNewNodeHandler] INFO  pipeline.BackgroundPipelineCreator (BackgroundPipelineCreator.java:notifyEventTriggered(290)) - trigger a one-shot run on RatisPipelineUtilsThread.
2025-10-20 19:49:55,386 | INFO  | SCMAudit | user=runner | ip=127.0.0.1 | op=REGISTER {"datanodeDetails":"cc7fbe85-1d98-437b-84f9-04213fee10f0(localhost/127.0.0.1)"} | ret=SUCCESS |  
2025-10-20 19:49:55,387 [EventQueue-NodeRegistrationContainerReportForDataNodeSafeModeRule] INFO  safemode.SCMSafeModeManager (SCMSafeModeManager.java:validateSafeModeExitRules(138)) - DataNodeSafeModeRule rule is successfully validated
2025-10-20 19:49:55,388 [ContainerMetadataScanner] INFO  ozoneimpl.AbstractBackgroundContainerScanner (AbstractBackgroundContainerScanner.java:runIteration(89)) - Completed an iteration in 0 minutes. Number of iterations (since the data-node restart) : 1, Number of containers scanned in this iteration : 0, Number of unhealthy containers found in this iteration : 0
2025-10-20 19:49:55,388 [ContainerDataScanner(/home/runner/work/ozone/ozone/hadoop-ozone/integration-test/target/test-dir/MiniOzoneClusterImpl-6935df51-69ff-4c35-8bd4-ed2b81d70e54/ozone-metadata/datanode-9/data-0/hdds)] INFO  ozoneimpl.AbstractBackgroundContainerScanner (AbstractBackgroundContainerScanner.java:runIteration(89)) - Completed an iteration in 0 minutes. Number of iterations (since the data-node restart) : 1, Number of containers scanned in this iteration : 0, Number of unhealthy containers found in this iteration : 0
2025-10-20 19:49:55,389 [RatisPipelineUtilsThread-0] INFO  pipeline.RatisPipelineProvider (RatisPipelineProvider.java:lambda$create$0(208)) - Sending CreatePipelineCommand for pipeline:Pipeline-455e61df-8df1-40bd-a70a-8df13216e60c to datanode:cc7fbe85-1d98-437b-84f9-04213fee10f0(localhost/127.0.0.1)
2025-10-20 19:49:55,389 [605be85e-a7f4-44d7-8cfd-f53001b990b0-EndpointStateMachineTaskThread-/0.0.0.0:15002-0 ] INFO  replication.ReplicationServer (ReplicationServer.java:start(137)) - ReplicationServer is started using port 15081
2025-10-20 19:49:55,390 [605be85e-a7f4-44d7-8cfd-f53001b990b0-EndpointStateMachineTaskThread-/0.0.0.0:15002-0 ] INFO  ratis.XceiverServerRatis (XceiverServerRatis.java:start(559)) - Starting XceiverServerRatis(605be85e-a7f4-44d7-8cfd-f53001b990b0)
2025-10-20 19:49:55,391 [605be85e-a7f4-44d7-8cfd-f53001b990b0-EndpointStateMachineTaskThread-/0.0.0.0:15002-0 ] INFO  server.RaftServer (RaftServerProxy.java:startImpl(412)) - 605be85e-a7f4-44d7-8cfd-f53001b990b0: start RPC server
2025-10-20 19:49:55,391 [605be85e-a7f4-44d7-8cfd-f53001b990b0-EndpointStateMachineTaskThread-/0.0.0.0:15002-0 ] INFO  server.GrpcServicesImpl (GrpcServicesImpl.java:startImpl(346)) - 605be85e-a7f4-44d7-8cfd-f53001b990b0: GrpcServicesImpl started, listening on 15077
2025-10-20 19:49:55,392 [605be85e-a7f4-44d7-8cfd-f53001b990b0-EndpointStateMachineTaskThread-/0.0.0.0:15002-0 ] INFO  server.GrpcServicesImpl (GrpcServicesImpl.java:startImpl(346)) - 605be85e-a7f4-44d7-8cfd-f53001b990b0: GrpcServicesImpl started, listening on 15079
2025-10-20 19:49:55,392 [206580cc-82ee-4213-b95b-59cb1d300b36@group-ED2B81D70E54-StateMachineUpdater] INFO  safemode.SCMSafeModeManager (SCMSafeModeManager.java:validateSafeModeExitRules(138)) - DataNodeSafeModeRule rule is successfully validated
2025-10-20 19:49:55,392 [206580cc-82ee-4213-b95b-59cb1d300b36@group-ED2B81D70E54-StateMachineUpdater] INFO  safemode.SCMSafeModeManager (SCMSafeModeManager.java:validateSafeModeExitRules(138)) - RatisContainerSafeModeRule rule is successfully validated
2025-10-20 19:49:55,392 [206580cc-82ee-4213-b95b-59cb1d300b36@group-ED2B81D70E54-StateMachineUpdater] INFO  safemode.HealthyPipelineSafeModeRule (HealthyPipelineSafeModeRule.java:initializeRule(226)) - Refreshed total pipeline count is 0, healthy pipeline threshold count is 1
2025-10-20 19:49:55,392 [605be85e-a7f4-44d7-8cfd-f53001b990b0-EndpointStateMachineTaskThread-/0.0.0.0:15002-0 ] INFO  server.GrpcServicesImpl (GrpcServicesImpl.java:startImpl(346)) - 605be85e-a7f4-44d7-8cfd-f53001b990b0: GrpcServicesImpl started, listening on 15078
2025-10-20 19:49:55,392 [206580cc-82ee-4213-b95b-59cb1d300b36@group-ED2B81D70E54-StateMachineUpdater] INFO  safemode.SCMSafeModeManager (SCMSafeModeManager.java:validateSafeModeExitRules(138)) - OneReplicaPipelineSafeModeRule rule is successfully validated
2025-10-20 19:49:55,392 [605be85e-a7f4-44d7-8cfd-f53001b990b0-EndpointStateMachineTaskThread-/0.0.0.0:15002-0 ] INFO  ratis.XceiverServerRatis (XceiverServerRatis.java:getRealPort(586)) - XceiverServerRatis(605be85e-a7f4-44d7-8cfd-f53001b990b0) is started using port RATIS=15077
2025-10-20 19:49:55,392 [206580cc-82ee-4213-b95b-59cb1d300b36@group-ED2B81D70E54-StateMachineUpdater] INFO  safemode.SCMSafeModeManager (SCMSafeModeManager.java:validateSafeModeExitRules(138)) - ECContainerSafeModeRule rule is successfully validated
2025-10-20 19:49:55,393 [JvmPauseMonitor11] INFO  util.JvmPauseMonitor (JvmPauseMonitor.java:run(146)) - JvmPauseMonitor-605be85e-a7f4-44d7-8cfd-f53001b990b0: Started
2025-10-20 19:49:55,393 [605be85e-a7f4-44d7-8cfd-f53001b990b0-EndpointStateMachineTaskThread-/0.0.0.0:15002-0 ] INFO  ratis.XceiverServerRatis (XceiverServerRatis.java:getRealPort(586)) - XceiverServerRatis(605be85e-a7f4-44d7-8cfd-f53001b990b0) is started using port RATIS_ADMIN=15078
2025-10-20 19:49:55,393 [605be85e-a7f4-44d7-8cfd-f53001b990b0-EndpointStateMachineTaskThread-/0.0.0.0:15002-0 ] INFO  ratis.XceiverServerRatis (XceiverServerRatis.java:getRealPort(586)) - XceiverServerRatis(605be85e-a7f4-44d7-8cfd-f53001b990b0) is started using port RATIS_SERVER=15079
2025-10-20 19:49:55,393 [605be85e-a7f4-44d7-8cfd-f53001b990b0-EndpointStateMachineTaskThread-/0.0.0.0:15002-0 ] INFO  ratis.XceiverServerRatis (XceiverServerRatis.java:getRealPort(586)) - XceiverServerRatis(605be85e-a7f4-44d7-8cfd-f53001b990b0) is started using port RATIS_DATASTREAM=15080
2025-10-20 19:49:55,393 [RatisPipelineUtilsThread-0] INFO  pipeline.BackgroundPipelineCreator (BackgroundPipelineCreator.java:createPipelines(246)) - Created new pipeline Pipeline{ Id: 455e61df-8df1-40bd-a70a-8df13216e60c, Nodes: [ {cc7fbe85-1d98-437b-84f9-04213fee10f0(localhost/127.0.0.1), ReplicaIndex: 0},], ReplicationConfig: RATIS/ONE, State:ALLOCATED, leaderId:, CreationTimestamp2025-10-20T19:49:55.388973382Z[Etc/UTC]}
2025-10-20 19:49:55,394 [605be85e-a7f4-44d7-8cfd-f53001b990b0-EndpointStateMachineTaskThread-/0.0.0.0:15002-0 ] INFO  utils.BackgroundService (BackgroundService.java:start(119)) - Starting service BlockDeletingService with interval 60000 milliseconds
2025-10-20 19:49:55,394 [605be85e-a7f4-44d7-8cfd-f53001b990b0-EndpointStateMachineTaskThread-/0.0.0.0:15002-0 ] INFO  utils.BackgroundService (BackgroundService.java:start(119)) - Starting service StaleRecoveringContainerScrubbingService with interval 60000 milliseconds
2025-10-20 19:49:55,508 [ForkJoinPool-1-worker-1] INFO  handler.ContextHandler (ContextHandler.java:doStart(921)) - Started o.e.j.w.WebAppContext@35ae27f{hddsDatanode,/,file:///home/runner/work/ozone/ozone/hadoop-ozone/integration-test/target/test-dir/MiniOzoneClusterImpl-6935df51-69ff-4c35-8bd4-ed2b81d70e54/scm/ozone-metadata/webserver/jetty-0_0_0_0-15098-hdds-container-service-2_1_0-SNAPSHOT_jar-_-any-15292807311827475631/webapp/,AVAILABLE}{jar:file:/home/runner/work/ozone/ozone/hadoop-hdds/container-service/target/hdds-container-service-2.1.0-SNAPSHOT.jar!/webapps/hddsDatanode}
2025-10-20 19:49:55,508 [ForkJoinPool-1-worker-1] INFO  server.AbstractConnector (AbstractConnector.java:doStart(333)) - Started ServerConnector@6127182d{HTTP/1.1, (http/1.1)}{0.0.0.0:15098}
2025-10-20 19:49:55,509 [ForkJoinPool-1-worker-1] INFO  server.Server (Server.java:doStart(415)) - Started @13161ms
2025-10-20 19:49:55,509 [ForkJoinPool-1-worker-1] WARN  impl.MetricsSystemImpl (MetricsSystemImpl.java:register(279)) - Sink prometheus already exists!
2025-10-20 19:49:55,509 [ForkJoinPool-1-worker-1] INFO  http.BaseHttpServer (BaseHttpServer.java:updateConnectorAddress(357)) - HTTP server of hddsDatanode listening at http://localhost:15098
2025-10-20 19:49:55,509 [ForkJoinPool-1-worker-1] INFO  ipc.CallQueueManager (CallQueueManager.java:<init>(93)) - Using callQueue: class java.util.concurrent.LinkedBlockingQueue, queueCapacity: 1000, scheduler: class org.apache.hadoop.ipc.DefaultRpcScheduler, ipcBackoff: false, ipcFailOver: false.
2025-10-20 19:49:55,509 [ForkJoinPool-1-worker-1] INFO  ipc.Server (Server.java:<init>(1438)) - Listener at 0.0.0.0:15099
2025-10-20 19:49:55,510 [Socket Reader #1 for port 15099] INFO  ipc.Server (Server.java:run(1474)) - Starting Socket Reader #1 for port 15099
2025-10-20 19:49:55,510 [Socket Reader #2 for port 15099] INFO  ipc.Server (Server.java:run(1474)) - Starting Socket Reader #2 for port 15099
2025-10-20 19:49:55,510 [Socket Reader #3 for port 15099] INFO  ipc.Server (Server.java:run(1474)) - Starting Socket Reader #3 for port 15099
2025-10-20 19:49:55,510 [Socket Reader #4 for port 15099] INFO  ipc.Server (Server.java:run(1474)) - Starting Socket Reader #4 for port 15099
2025-10-20 19:49:55,510 [Socket Reader #5 for port 15099] INFO  ipc.Server (Server.java:run(1474)) - Starting Socket Reader #5 for port 15099
2025-10-20 19:49:55,511 [Socket Reader #7 for port 15099] INFO  ipc.Server (Server.java:run(1474)) - Starting Socket Reader #7 for port 15099
2025-10-20 19:49:55,511 [Socket Reader #8 for port 15099] INFO  ipc.Server (Server.java:run(1474)) - Starting Socket Reader #8 for port 15099
2025-10-20 19:49:55,511 [Socket Reader #10 for port 15099] INFO  ipc.Server (Server.java:run(1474)) - Starting Socket Reader #10 for port 15099
2025-10-20 19:49:55,511 [Socket Reader #9 for port 15099] INFO  ipc.Server (Server.java:run(1474)) - Starting Socket Reader #9 for port 15099
2025-10-20 19:49:55,511 [Socket Reader #6 for port 15099] INFO  ipc.Server (Server.java:run(1474)) - Starting Socket Reader #6 for port 15099
2025-10-20 19:49:55,513 [ForkJoinPool-1-worker-1] INFO  ozone.HddsDatanodeService (HddsDatanodeService.java:start(333)) - Datanode start with admins: [admin, runner]
2025-10-20 19:49:55,513 [ForkJoinPool-1-worker-1] INFO  ozone.HddsDatanodeClientProtocolServer (HddsDatanodeClientProtocolServer.java:start(76)) - RPC server for Client /0.0.0.0:15099
2025-10-20 19:49:55,513 [IPC Server Responder] INFO  ipc.Server (Server.java:run(1713)) - IPC Server Responder: starting
2025-10-20 19:49:55,513 [IPC Server listener on 15099] INFO  ipc.Server (Server.java:run(1553)) - IPC Server listener on 15099: starting
2025-10-20 19:49:55,514 [ForkJoinPool-1-worker-1] WARN  dropwizard3.Dm3MetricRegistriesImpl (Dm3MetricRegistriesImpl.java:addReporterRegistration(114)) - New reporters are added after registries were created. Some metrics will be missing from the reporter. Please add reporter before adding any new registry.
2025-10-20 19:49:55,514 [ForkJoinPool-1-worker-1] WARN  dropwizard3.Dm3MetricRegistriesImpl (Dm3MetricRegistriesImpl.java:addReporterRegistration(114)) - New reporters are added after registries were created. Some metrics will be missing from the reporter. Please add reporter before adding any new registry.
2025-10-20 19:49:55,515 [d7d8cf72-b9f6-4979-9c53-007dd6e6e48a-DatanodeStateMachineDaemonThread] INFO  statemachine.DatanodeStateMachine (DatanodeStateMachine.java:startStateMachineThread(363)) - Ozone container server started.
2025-10-20 19:49:55,519 [d7d8cf72-b9f6-4979-9c53-007dd6e6e48a-DatanodeStateMachineTaskThread-0] INFO  datanode.InitDatanodeState (InitDatanodeState.java:persistContainerDatanodeDetails(139)) - DatanodeDetails is persisted to /home/runner/work/ozone/ozone/hadoop-ozone/integration-test/target/test-dir/MiniOzoneClusterImpl-6935df51-69ff-4c35-8bd4-ed2b81d70e54/ozone-metadata/datanode-12/ozone-metadata/datanode.id
2025-10-20 19:49:55,531 [ForkJoinPool-1-worker-1] INFO  protocol.DatanodeDetails (DatanodeDetails.java:validateDatanodeIpAddress(199)) - Updating IP address of datanode feb39a1c-80cb-4714-ab06-a361236e3029(localhost/null) to 127.0.0.1
2025-10-20 19:49:55,531 [ForkJoinPool-1-worker-1] INFO  ozone.HddsDatanodeService (HddsDatanodeService.java:start(236)) - HddsDatanodeService feb39a1c-80cb-4714-ab06-a361236e3029(localhost/127.0.0.1)
2025-10-20 19:49:55,532 [ForkJoinPool-1-worker-1] INFO  upgrade.AbstractLayoutVersionManager (AbstractLayoutVersionManager.java:init(80)) - Initializing Layout version manager with metadata layout = WITNESSED_CONTAINER_DB_PROTO_VALUE (version = 9), software layout = WITNESSED_CONTAINER_DB_PROTO_VALUE (version = 9)
2025-10-20 19:49:55,533 [ForkJoinPool-1-worker-1] INFO  statemachine.DatanodeStateMachine (DatanodeStateMachine.java:getEndPointTaskThreadPoolSize(321)) - Datanode State Machine Task Thread Pool size 2
2025-10-20 19:49:55,535 [ForkJoinPool-1-worker-1] INFO  volume.HddsVolume (HddsVolume.java:<init>(162)) - HddsVolume: { id=DS-c6587854-70eb-4399-a24e-700e8023b797 dir=/home/runner/work/ozone/ozone/hadoop-ozone/integration-test/target/test-dir/MiniOzoneClusterImpl-6935df51-69ff-4c35-8bd4-ed2b81d70e54/ozone-metadata/datanode-13/data-0/hdds type=DISK capacity=9222449699674390527 used=0 available=9222449699674390527 minFree=184448985434423296 committed=0 }
2025-10-20 19:49:55,535 [ForkJoinPool-1-worker-1] INFO  volume.MutableVolumeSet (MutableVolumeSet.java:initializeVolumeSet(175)) - Added Volume : /home/runner/work/ozone/ozone/hadoop-ozone/integration-test/target/test-dir/MiniOzoneClusterImpl-6935df51-69ff-4c35-8bd4-ed2b81d70e54/ozone-metadata/datanode-13/data-0/hdds to VolumeSet
2025-10-20 19:49:55,536 [ForkJoinPool-1-worker-1] INFO  volume.MutableVolumeSet (MutableVolumeSet.java:initializeVolumeSet(175)) - Added Volume : /home/runner/work/ozone/ozone/hadoop-ozone/integration-test/target/test-dir/MiniOzoneClusterImpl-6935df51-69ff-4c35-8bd4-ed2b81d70e54/ozone-metadata/datanode-13/ratis to VolumeSet
2025-10-20 19:49:55,537 [ForkJoinPool-1-worker-1] INFO  ozoneimpl.OzoneContainer (HddsVolumeUtil.java:loadAllHddsVolumeDbStore(102)) - Load 1 volumes DbStore cost: 0ms
2025-10-20 19:49:55,538 [ForkJoinPool-1-worker-1] WARN  db.DBStoreBuilder (DBStoreBuilder.java:getDBDirPath(157)) - ozone.scm.datanode.id.dir is not configured. We recommend adding this setting. Falling back to ozone.metadata.dirs instead.
2025-10-20 19:49:55,538 [ForkJoinPool-1-worker-1] WARN  db.DBStoreBuilder (DBStoreBuilder.java:getDBDirPath(157)) - ozone.scm.datanode.id.dir is not configured. We recommend adding this setting. Falling back to ozone.metadata.dirs instead.
2025-10-20 19:49:55,549 [ForkJoinPool-1-worker-1] INFO  impl.FilePerChunkStrategy (FilePerChunkStrategy.java:<init>(79)) - ozone.chunk.read.mapped.buffer.max.count is load with 0
2025-10-20 19:49:55,549 [ForkJoinPool-1-worker-1] INFO  impl.FilePerBlockStrategy (FilePerBlockStrategy.java:<init>(88)) - ozone.chunk.read.mapped.buffer.max.count is load with 0
2025-10-20 19:49:55,550 [ForkJoinPool-1-worker-1] INFO  server.RaftServerConfigKeys (ConfUtils.java:logGet(62)) - raft.server.log.appender.buffer.byte-limit = 33554432 (custom)
2025-10-20 19:49:55,551 | INFO  | SCMAudit | user=runner | ip=127.0.0.1 | op=SEND_HEARTBEAT {"datanodeUUID":"ef67b0a7-5b27-496d-9f38-ab804a28e500","term":"2","command":"[]"} | ret=SUCCESS |  
2025-10-20 19:49:55,551 [ForkJoinPool-1-worker-1] INFO  grpc.GrpcConfigKeys (ConfUtils.java:logFallback(69)) - raft.grpc.admin.host = null (fallback to raft.grpc.server.host)
2025-10-20 19:49:55,551 [ForkJoinPool-1-worker-1] INFO  grpc.GrpcConfigKeys (ConfUtils.java:logGet(62)) - raft.grpc.admin.port = 15110 (custom)
2025-10-20 19:49:55,551 [ForkJoinPool-1-worker-1] INFO  grpc.GrpcConfigKeys (ConfUtils.java:logFallback(69)) - raft.grpc.client.host = null (fallback to raft.grpc.server.host)
2025-10-20 19:49:55,551 [ForkJoinPool-1-worker-1] INFO  grpc.GrpcConfigKeys (ConfUtils.java:logGet(62)) - raft.grpc.client.port = 15109 (custom)
2025-10-20 19:49:55,551 [ForkJoinPool-1-worker-1] INFO  grpc.GrpcConfigKeys (ConfUtils.java:logGet(62)) - raft.grpc.server.port = 15111 (custom)
2025-10-20 19:49:55,552 [ForkJoinPool-1-worker-1] INFO  server.GrpcServicesImpl (ConfUtils.java:logGet(62)) - raft.grpc.message.size.max = 34603008 (custom)
2025-10-20 19:49:55,552 [ForkJoinPool-1-worker-1] INFO  server.GrpcServicesImpl (ConfUtils.java:logGet(62)) - raft.grpc.flow.control.window = 5MB (=5242880) (custom)
2025-10-20 19:49:55,552 [ForkJoinPool-1-worker-1] INFO  server.RaftServerConfigKeys (ConfUtils.java:logGet(62)) - raft.server.log.appender.buffer.byte-limit = 33554432 (custom)
2025-10-20 19:49:55,554 [ForkJoinPool-1-worker-1] INFO  netty.NettyUtils (NettyUtils.java:newEventLoopGroup(74)) - Create EpollEventLoopGroup for feb39a1c-80cb-4714-ab06-a361236e3029-NettyServerStreamRpc-bossGroup; Thread size is 0.
2025-10-20 19:49:55,555 [ForkJoinPool-1-worker-1] INFO  netty.NettyUtils (NettyUtils.java:newEventLoopGroup(74)) - Create EpollEventLoopGroup for feb39a1c-80cb-4714-ab06-a361236e3029-NettyServerStreamRpc-workerGroup; Thread size is 0.
2025-10-20 19:49:55,554 | INFO  | SCMAudit | user=runner | ip=127.0.0.1 | op=GET_VERSION {} | ret=SUCCESS |  
2025-10-20 19:49:55,555 [ForkJoinPool-1-worker-1] INFO  netty.NettyConfigKeys$DataStream (ConfUtils.java:logGet(62)) - raft.netty.dataStream.port = 15112 (custom)
2025-10-20 19:49:55,556 [ForkJoinPool-1-worker-1] INFO  server.RaftServerConfigKeys (ConfUtils.java:logGet(62)) - raft.server.storage.dir = [/home/runner/work/ozone/ozone/hadoop-ozone/integration-test/target/test-dir/MiniOzoneClusterImpl-6935df51-69ff-4c35-8bd4-ed2b81d70e54/ozone-metadata/datanode-13/ratis] (custom)
2025-10-20 19:49:55,557 [feb39a1c-80cb-4714-ab06-a361236e3029-NettyServerStreamRpc-bossGroup--thread1] INFO  logging.LoggingHandler (AbstractInternalLogger.java:log(148)) - [id: 0x65cd5568] REGISTERED
2025-10-20 19:49:55,557 [feb39a1c-80cb-4714-ab06-a361236e3029-NettyServerStreamRpc-bossGroup--thread1] INFO  logging.LoggingHandler (AbstractInternalLogger.java:log(148)) - [id: 0x65cd5568] BIND: 0.0.0.0/0.0.0.0:15112
2025-10-20 19:49:55,557 [feb39a1c-80cb-4714-ab06-a361236e3029-NettyServerStreamRpc-bossGroup--thread1] INFO  logging.LoggingHandler (AbstractInternalLogger.java:log(148)) - [id: 0x65cd5568, L:/0.0.0.0:15112] ACTIVE
2025-10-20 19:49:55,558 [feb39a1c-80cb-4714-ab06-a361236e3029-impl-thread1] INFO  server.RaftServer (RaftServerProxy.java:initGroupDir(270)) - feb39a1c-80cb-4714-ab06-a361236e3029: found a subdirectory /home/runner/work/ozone/ozone/hadoop-ozone/integration-test/target/test-dir/MiniOzoneClusterImpl-6935df51-69ff-4c35-8bd4-ed2b81d70e54/ozone-metadata/datanode-13/ratis/tmp
2025-10-20 19:49:55,558 [feb39a1c-80cb-4714-ab06-a361236e3029-impl-thread1] INFO  server.RaftServer (RaftServerProxy.java:initGroupDir(275)) - feb39a1c-80cb-4714-ab06-a361236e3029: The directory /home/runner/work/ozone/ozone/hadoop-ozone/integration-test/target/test-dir/MiniOzoneClusterImpl-6935df51-69ff-4c35-8bd4-ed2b81d70e54/ozone-metadata/datanode-13/ratis/tmp is not a group directory; ignoring it. 
2025-10-20 19:49:55,559 [ForkJoinPool-1-worker-1] INFO  replication.ReplicationServer (ReplicationServer.java:<init>(84)) - Initializing replication server with thread count = 10 queue length = 4096
2025-10-20 19:49:55,560 [ForkJoinPool-1-worker-1] INFO  server.XceiverServerGrpc (XceiverServerGrpc.java:<init>(129)) - GrpcServer channel type EpollServerSocketChannel
2025-10-20 19:49:55,561 [ForkJoinPool-1-worker-1] INFO  replication.ReplicationSupervisor (ReplicationSupervisor.java:build(169)) - Initializing replication supervisor with thread count = 10
2025-10-20 19:49:55,562 [ForkJoinPool-1-worker-1] INFO  replication.ReplicationSupervisor (ReplicationSupervisor.java:nodeStateUpdated(358)) - Node state updated to IN_SERVICE, scaling executor pool size to 10
2025-10-20 19:49:55,565 [ForkJoinPool-1-worker-1] INFO  http.BaseHttpServer (BaseHttpServer.java:newHttpServer2BuilderForOzone(227)) - Starting Web-server for hddsDatanode at: http://0.0.0.0:15106
2025-10-20 19:49:55,565 [ForkJoinPool-1-worker-1] INFO  http.BaseHttpServer (BaseHttpServer.java:<init>(105)) - Hadoop Security Enabled: false Ozone Security Enabled: false Ozone HTTP Security Enabled: false 
2025-10-20 19:49:55,566 [ForkJoinPool-1-worker-1] WARN  server.AuthenticationFilter (AuthenticationFilter.java:constructSecretProvider(240)) - Unable to initialize FileSignerSecretProvider, falling back to use random secrets. Reason: Could not read signature secret file: /home/runner/hadoop-http-auth-signature-secret
2025-10-20 19:49:55,568 [ForkJoinPool-1-worker-1] INFO  http.HttpServer2 (HttpServer2.java:addGlobalFilter(1040)) - Added global filter 'safety' (class=org.apache.hadoop.hdds.server.http.HttpServer2$QuotingInputFilter)
2025-10-20 19:49:55,570 [ForkJoinPool-1-worker-1] INFO  http.HttpServer2 (HttpServer2.java:addFilter(1016)) - Added filter static_user_filter (class=org.apache.hadoop.http.lib.StaticUserWebFilter$StaticUserFilter) to context hddsDatanode
2025-10-20 19:49:55,570 [ForkJoinPool-1-worker-1] INFO  http.HttpServer2 (HttpServer2.java:addFilter(1024)) - Added filter static_user_filter (class=org.apache.hadoop.http.lib.StaticUserWebFilter$StaticUserFilter) to context logs
2025-10-20 19:49:55,570 [ForkJoinPool-1-worker-1] INFO  http.HttpServer2 (HttpServer2.java:addFilter(1024)) - Added filter static_user_filter (class=org.apache.hadoop.http.lib.StaticUserWebFilter$StaticUserFilter) to context static
2025-10-20 19:49:55,571 [ForkJoinPool-1-worker-1] INFO  http.BaseHttpServer (BaseHttpServer.java:<init>(193)) - HTTP server of hddsDatanode uses base directory /home/runner/work/ozone/ozone/hadoop-ozone/integration-test/target/test-dir/MiniOzoneClusterImpl-6935df51-69ff-4c35-8bd4-ed2b81d70e54/scm/ozone-metadata/webserver
2025-10-20 19:49:55,571 [ForkJoinPool-1-worker-1] INFO  http.HttpServer2 (HttpServer2.java:bindListener(1240)) - Jetty bound to port 15106
2025-10-20 19:49:55,571 [ForkJoinPool-1-worker-1] INFO  server.Server (Server.java:doStart(375)) - jetty-9.4.58.v20250814; built: 2025-08-14T02:28:49.637Z; git: 8f1440587e9e4ae7db3d74cf205643f3d707148d; jvm 21.0.8+9-LTS
2025-10-20 19:49:55,573 [ForkJoinPool-1-worker-1] INFO  server.session (DefaultSessionIdManager.java:doStart(334)) - DefaultSessionIdManager workerName=node0
2025-10-20 19:49:55,573 [ForkJoinPool-1-worker-1] INFO  server.session (DefaultSessionIdManager.java:doStart(339)) - No SessionScavenger set, using defaults
2025-10-20 19:49:55,573 [ForkJoinPool-1-worker-1] INFO  server.session (HouseKeeper.java:startScavenging(132)) - node0 Scavenging every 600000ms
2025-10-20 19:49:55,574 [ForkJoinPool-1-worker-1] INFO  handler.ContextHandler (ContextHandler.java:doStart(921)) - Started o.e.j.s.ServletContextHandler@269ce67a{logs,/logs,file:///home/runner/work/ozone/ozone/hadoop-ozone/integration-test/target/log,AVAILABLE}
2025-10-20 19:49:55,574 [ForkJoinPool-1-worker-1] INFO  handler.ContextHandler (ContextHandler.java:doStart(921)) - Started o.e.j.s.ServletContextHandler@4bbda870{static,/static,jar:file:/home/runner/work/ozone/ozone/hadoop-hdds/container-service/target/hdds-container-service-2.1.0-SNAPSHOT.jar!/webapps/static,AVAILABLE}
2025-10-20 19:49:55,584 [33f74daf-be7a-4306-b2af-53e409c4cb93-EndpointStateMachineTaskThread-/0.0.0.0:15002-0 ] INFO  utils.DatanodeStoreCache (DatanodeStoreCache.java:addDB(70)) - Added db /home/runner/work/ozone/ozone/hadoop-ozone/integration-test/target/test-dir/MiniOzoneClusterImpl-6935df51-69ff-4c35-8bd4-ed2b81d70e54/ozone-metadata/datanode-10/data-0/hdds/6935df51-69ff-4c35-8bd4-ed2b81d70e54/DS-a41d8458-5f1e-4779-999b-680013b09cdf/container.db to cache
2025-10-20 19:49:55,584 [33f74daf-be7a-4306-b2af-53e409c4cb93-EndpointStateMachineTaskThread-/0.0.0.0:15002-0 ] INFO  volume.HddsVolume (HddsVolume.java:createDbStore(576)) - SchemaV3 db is created and loaded at /home/runner/work/ozone/ozone/hadoop-ozone/integration-test/target/test-dir/MiniOzoneClusterImpl-6935df51-69ff-4c35-8bd4-ed2b81d70e54/ozone-metadata/datanode-10/data-0/hdds/6935df51-69ff-4c35-8bd4-ed2b81d70e54/DS-a41d8458-5f1e-4779-999b-680013b09cdf/container.db for volume DS-a41d8458-5f1e-4779-999b-680013b09cdf
2025-10-20 19:49:55,587 [33f74daf-be7a-4306-b2af-53e409c4cb93-ContainerReader-0] INFO  ozoneimpl.ContainerReader (ContainerReader.java:readVolume(147)) - Start to verify containers on volume /home/runner/work/ozone/ozone/hadoop-ozone/integration-test/target/test-dir/MiniOzoneClusterImpl-6935df51-69ff-4c35-8bd4-ed2b81d70e54/ozone-metadata/datanode-10/data-0/hdds
2025-10-20 19:49:55,587 [33f74daf-be7a-4306-b2af-53e409c4cb93-ContainerReader-0] INFO  ozoneimpl.ContainerReader (ContainerReader.java:readVolume(177)) - Finish verifying containers on volume /home/runner/work/ozone/ozone/hadoop-ozone/integration-test/target/test-dir/MiniOzoneClusterImpl-6935df51-69ff-4c35-8bd4-ed2b81d70e54/ozone-metadata/datanode-10/data-0/hdds
2025-10-20 19:49:55,587 [33f74daf-be7a-4306-b2af-53e409c4cb93-EndpointStateMachineTaskThread-/0.0.0.0:15002-0 ] INFO  ozoneimpl.OzoneContainer (OzoneContainer.java:buildContainerSet(359)) - Build ContainerSet costs 0s
2025-10-20 19:49:55,587 [33f74daf-be7a-4306-b2af-53e409c4cb93-EndpointStateMachineTaskThread-/0.0.0.0:15002-0 ] INFO  volume.ThrottledAsyncChecker (ThrottledAsyncChecker.java:schedule(138)) - Scheduling a check for /home/runner/work/ozone/ozone/hadoop-ozone/integration-test/target/test-dir/MiniOzoneClusterImpl-6935df51-69ff-4c35-8bd4-ed2b81d70e54/ozone-metadata/datanode-10/data-0/hdds
2025-10-20 19:49:55,588 [33f74daf-be7a-4306-b2af-53e409c4cb93-EndpointStateMachineTaskThread-/0.0.0.0:15002-0 ] INFO  volume.StorageVolumeChecker (StorageVolumeChecker.java:checkAllVolumes(231)) - Scheduled health check for volume /home/runner/work/ozone/ozone/hadoop-ozone/integration-test/target/test-dir/MiniOzoneClusterImpl-6935df51-69ff-4c35-8bd4-ed2b81d70e54/ozone-metadata/datanode-10/data-0/hdds
2025-10-20 19:49:55,591 [33f74daf-be7a-4306-b2af-53e409c4cb93-EndpointStateMachineTaskThread-/0.0.0.0:15002-0 ] INFO  volume.ThrottledAsyncChecker (ThrottledAsyncChecker.java:schedule(138)) - Scheduling a check for /home/runner/work/ozone/ozone/hadoop-ozone/integration-test/target/test-dir/MiniOzoneClusterImpl-6935df51-69ff-4c35-8bd4-ed2b81d70e54/ozone-metadata/datanode-10/ratis
2025-10-20 19:49:55,592 [33f74daf-be7a-4306-b2af-53e409c4cb93-EndpointStateMachineTaskThread-/0.0.0.0:15002-0 ] INFO  volume.StorageVolumeChecker (StorageVolumeChecker.java:checkAllVolumes(231)) - Scheduled health check for volume /home/runner/work/ozone/ozone/hadoop-ozone/integration-test/target/test-dir/MiniOzoneClusterImpl-6935df51-69ff-4c35-8bd4-ed2b81d70e54/ozone-metadata/datanode-10/ratis
2025-10-20 19:49:55,592 [33f74daf-be7a-4306-b2af-53e409c4cb93-EndpointStateMachineTaskThread-/0.0.0.0:15002-0 ] INFO  ozoneimpl.OzoneContainer (OzoneContainer.java:start(544)) - Attempting to start container services.
2025-10-20 19:49:55,593 [ContainerMetadataScanner] INFO  ozoneimpl.AbstractBackgroundContainerScanner (AbstractBackgroundContainerScanner.java:runIteration(89)) - Completed an iteration in 0 minutes. Number of iterations (since the data-node restart) : 1, Number of containers scanned in this iteration : 0, Number of unhealthy containers found in this iteration : 0
2025-10-20 19:49:55,593 [ContainerDataScanner(/home/runner/work/ozone/ozone/hadoop-ozone/integration-test/target/test-dir/MiniOzoneClusterImpl-6935df51-69ff-4c35-8bd4-ed2b81d70e54/ozone-metadata/datanode-10/data-0/hdds)] INFO  ozoneimpl.AbstractBackgroundContainerScanner (AbstractBackgroundContainerScanner.java:runIteration(89)) - Completed an iteration in 0 minutes. Number of iterations (since the data-node restart) : 1, Number of containers scanned in this iteration : 0, Number of unhealthy containers found in this iteration : 0
2025-10-20 19:49:55,594 [33f74daf-be7a-4306-b2af-53e409c4cb93-EndpointStateMachineTaskThread-/0.0.0.0:15002-0 ] INFO  replication.ReplicationServer (ReplicationServer.java:start(137)) - ReplicationServer is started using port 15089
2025-10-20 19:49:55,594 [33f74daf-be7a-4306-b2af-53e409c4cb93-EndpointStateMachineTaskThread-/0.0.0.0:15002-0 ] INFO  ratis.XceiverServerRatis (XceiverServerRatis.java:start(559)) - Starting XceiverServerRatis(33f74daf-be7a-4306-b2af-53e409c4cb93)
2025-10-20 19:49:55,596 [33f74daf-be7a-4306-b2af-53e409c4cb93-EndpointStateMachineTaskThread-/0.0.0.0:15002-0 ] INFO  server.RaftServer (RaftServerProxy.java:startImpl(412)) - 33f74daf-be7a-4306-b2af-53e409c4cb93: start RPC server
2025-10-20 19:49:55,596 [33f74daf-be7a-4306-b2af-53e409c4cb93-EndpointStateMachineTaskThread-/0.0.0.0:15002-0 ] INFO  server.GrpcServicesImpl (GrpcServicesImpl.java:startImpl(346)) - 33f74daf-be7a-4306-b2af-53e409c4cb93: GrpcServicesImpl started, listening on 15085
2025-10-20 19:49:55,597 [33f74daf-be7a-4306-b2af-53e409c4cb93-EndpointStateMachineTaskThread-/0.0.0.0:15002-0 ] INFO  server.GrpcServicesImpl (GrpcServicesImpl.java:startImpl(346)) - 33f74daf-be7a-4306-b2af-53e409c4cb93: GrpcServicesImpl started, listening on 15087
2025-10-20 19:49:55,597 [33f74daf-be7a-4306-b2af-53e409c4cb93-EndpointStateMachineTaskThread-/0.0.0.0:15002-0 ] INFO  server.GrpcServicesImpl (GrpcServicesImpl.java:startImpl(346)) - 33f74daf-be7a-4306-b2af-53e409c4cb93: GrpcServicesImpl started, listening on 15086
2025-10-20 19:49:55,598 [JvmPauseMonitor12] INFO  util.JvmPauseMonitor (JvmPauseMonitor.java:run(146)) - JvmPauseMonitor-33f74daf-be7a-4306-b2af-53e409c4cb93: Started
2025-10-20 19:49:55,598 [33f74daf-be7a-4306-b2af-53e409c4cb93-EndpointStateMachineTaskThread-/0.0.0.0:15002-0 ] INFO  ratis.XceiverServerRatis (XceiverServerRatis.java:getRealPort(586)) - XceiverServerRatis(33f74daf-be7a-4306-b2af-53e409c4cb93) is started using port RATIS=15085
2025-10-20 19:49:55,598 [33f74daf-be7a-4306-b2af-53e409c4cb93-EndpointStateMachineTaskThread-/0.0.0.0:15002-0 ] INFO  ratis.XceiverServerRatis (XceiverServerRatis.java:getRealPort(586)) - XceiverServerRatis(33f74daf-be7a-4306-b2af-53e409c4cb93) is started using port RATIS_ADMIN=15086
2025-10-20 19:49:55,598 [33f74daf-be7a-4306-b2af-53e409c4cb93-EndpointStateMachineTaskThread-/0.0.0.0:15002-0 ] INFO  ratis.XceiverServerRatis (XceiverServerRatis.java:getRealPort(586)) - XceiverServerRatis(33f74daf-be7a-4306-b2af-53e409c4cb93) is started using port RATIS_SERVER=15087
2025-10-20 19:49:55,598 [33f74daf-be7a-4306-b2af-53e409c4cb93-EndpointStateMachineTaskThread-/0.0.0.0:15002-0 ] INFO  ratis.XceiverServerRatis (XceiverServerRatis.java:getRealPort(586)) - XceiverServerRatis(33f74daf-be7a-4306-b2af-53e409c4cb93) is started using port RATIS_DATASTREAM=15088
2025-10-20 19:49:55,599 [33f74daf-be7a-4306-b2af-53e409c4cb93-EndpointStateMachineTaskThread-/0.0.0.0:15002-0 ] INFO  utils.BackgroundService (BackgroundService.java:start(119)) - Starting service BlockDeletingService with interval 60000 milliseconds
2025-10-20 19:49:55,599 [33f74daf-be7a-4306-b2af-53e409c4cb93-EndpointStateMachineTaskThread-/0.0.0.0:15002-0 ] INFO  utils.BackgroundService (BackgroundService.java:start(119)) - Starting service StaleRecoveringContainerScrubbingService with interval 60000 milliseconds
2025-10-20 19:49:55,605 | INFO  | SCMAudit | user=runner | ip=127.0.0.1 | op=SEND_HEARTBEAT {"datanodeUUID":"b614738c-cdff-4f09-bf59-ed5bb75d51be","term":"2","command":"[commandType: createPipelineCommand createPipelineCommandProto { pipelineID { id: \"87ce1e84-52bc-4c2f-b845-471f411d1c92\" uuid128 { mostSigBits: -8660951479714296785 leastSigBits: -5168646797775790958 } } type: RATIS factor: ONE datanode { uuid: \"b614738c-cdff-4f09-bf59-ed5bb75d51be\" ipAddress: \"127.0.0.1\" hostName: \"localhost\" ports { name: \"HTTP\" value: 15050 } ports { name: \"CLIENT_RPC\" value: 15051 } ports { name: \"REPLICATION\" value: 15057 } ports { name: \"RATIS\" value: 15053 } ports { name: \"RATIS_ADMIN\" value: 15054 } ports { name: \"RATIS_SERVER\" value: 15055 } ports { name: \"RATIS_DATASTREAM\" value: 15056 } ports { name: \"STANDALONE\" value: 15052 } networkName: \"b614738c-cdff-4f09-bf59-ed5bb75d51be\" networkLocation: \"/default-rack\" persistedOpState: IN_SERVICE persistedOpStateExpiry: 0 currentVersion: 2 uuid128 { mostSigBits: -5326505410683777271 leastSigBits: -4658431361363914306 } level: 3 id { uuid { mostSigBits: -5326505410683777271 leastSigBits: -4658431361363914306 } } } cmdId: 1760989793830 priority: 1 } term: 2 encodedToken: \"\" deadlineMsSinceEpoch: 0, commandType: createPipelineCommand createPipelineCommandProto { pipelineID { id: \"48b2bb4f-636b-420d-96ed-351250cf0157\" uuid128 { mostSigBits: 5238455266230092301 leastSigBits: -7571337045758508713 } } type: RATIS factor: THREE datanode { uuid: \"b614738c-cdff-4f09-bf59-ed5bb75d51be\" ipAddress: \"127.0.0.1\" hostName: \"localhost\" ports { name: \"HTTP\" value: 15050 } ports { name: \"CLIENT_RPC\" value: 15051 } ports { name: \"REPLICATION\" value: 15057 } ports { name: \"RATIS\" value: 15053 } ports { name: \"RATIS_ADMIN\" value: 15054 } ports { name: \"RATIS_SERVER\" value: 15055 } ports { name: \"RATIS_DATASTREAM\" value: 15056 } ports { name: \"STANDALONE\" value: 15052 } networkName: \"b614738c-cdff-4f09-bf59-ed5bb75d51be\" networkLocation: \"/default-rack\" persistedOpState: IN_SERVICE persistedOpStateExpiry: 0 currentVersion: 2 uuid128 { mostSigBits: -5326505410683777271 leastSigBits: -4658431361363914306 } level: 3 id { uuid { mostSigBits: -5326505410683777271 leastSigBits: -4658431361363914306 } } } datanode { uuid: \"c90bff1f-5a1f-42c6-8fca-9533d718c79a\" ipAddress: \"127.0.0.1\" hostName: \"localhost\" ports { name: \"HTTP\" value: 15034 } ports { name: \"CLIENT_RPC\" value: 15035 } ports { name: \"REPLICATION\" value: 15041 } ports { name: \"RATIS\" value: 15037 } ports { name: \"RATIS_ADMIN\" value: 15038 } ports { name: \"RATIS_SERVER\" value: 15039 } ports { name: \"RATIS_DATASTREAM\" value: 15040 } ports { name: \"STANDALONE\" value: 15036 } networkName: \"c90bff1f-5a1f-42c6-8fca-9533d718c79a\" networkLocation: \"/default-rack\" persistedOpState: IN_SERVICE persistedOpStateExpiry: 0 currentVersion: 2 uuid128 { mostSigBits: -3959790937221152058 leastSigBits: -8085486131105708134 } level: 3 id { uuid { mostSigBits: -3959790937221152058 leastSigBits: -8085486131105708134 } } } datanode { uuid: \"af0e5da1-57af-45e9-9aca-fa0798d05628\" ipAddress: \"127.0.0.1\" hostName: \"localhost\" ports { name: \"HTTP\" value: 15042 } ports { name: \"CLIENT_RPC\" value: 15043 } ports { name: \"REPLICATION\" value: 15049 } ports { name: \"RATIS\" value: 15045 } ports { name: \"RATIS_ADMIN\" value: 15046 } ports { name: \"RATIS_SERVER\" value: 15047 } ports { name: \"RATIS_DATASTREAM\" value: 15048 } ports { name: \"STANDALONE\" value: 15044 } networkName: \"af0e5da1-57af-45e9-9aca-fa0798d05628\" networkLocation: \"/default-rack\" persistedOpState: IN_SERVICE persistedOpStateExpiry: 0 currentVersion: 2 uuid128 { mostSigBits: -5832621519855991319 leastSigBits: -7292741736037591512 } level: 3 id { uuid { mostSigBits: -5832621519855991319 leastSigBits: -7292741736037591512 } } } cmdId: 1760989793831 priority: 0 priority: 1 priority: 0 } term: 2 encodedToken: \"\" deadlineMsSinceEpoch: 0, commandType: createPipelineCommand createPipelineCommandProto { pipelineID { id: \"ba8f49ac-c35b-4342-9840-c8b3a767d7cd\" uuid128 { mostSigBits: -5003699654624591038 leastSigBits: -7475754707501721651 } } type: RATIS factor: THREE datanode { uuid: \"af0e5da1-57af-45e9-9aca-fa0798d05628\" ipAddress: \"127.0.0.1\" hostName: \"localhost\" ports { name: \"HTTP\" value: 15042 } ports { name: \"CLIENT_RPC\" value: 15043 } ports { name: \"REPLICATION\" value: 15049 } ports { name: \"RATIS\" value: 15045 } ports { name: \"RATIS_ADMIN\" value: 15046 } ports { name: \"RATIS_SERVER\" value: 15047 } ports { name: \"RATIS_DATASTREAM\" value: 15048 } ports { name: \"STANDALONE\" value: 15044 } networkName: \"af0e5da1-57af-45e9-9aca-fa0798d05628\" networkLocation: \"/default-rack\" persistedOpState: IN_SERVICE persistedOpStateExpiry: 0 currentVersion: 2 uuid128 { mostSigBits: -5832621519855991319 leastSigBits: -7292741736037591512 } level: 3 id { uuid { mostSigBits: -5832621519855991319 leastSigBits: -7292741736037591512 } } } datanode { uuid: \"b614738c-cdff-4f09-bf59-ed5bb75d51be\" ipAddress: \"127.0.0.1\" hostName: \"localhost\" ports { name: \"HTTP\" value: 15050 } ports { name: \"CLIENT_RPC\" value: 15051 } ports { name: \"REPLICATION\" value: 15057 } ports { name: \"RATIS\" value: 15053 } ports { name: \"RATIS_ADMIN\" value: 15054 } ports { name: \"RATIS_SERVER\" value: 15055 } ports { name: \"RATIS_DATASTREAM\" value: 15056 } ports { name: \"STANDALONE\" value: 15052 } networkName: \"b614738c-cdff-4f09-bf59-ed5bb75d51be\" networkLocation: \"/default-rack\" persistedOpState: IN_SERVICE persistedOpStateExpiry: 0 currentVersion: 2 uuid128 { mostSigBits: -5326505410683777271 leastSigBits: -4658431361363914306 } level: 3 id { uuid { mostSigBits: -5326505410683777271 leastSigBits: -4658431361363914306 } } } datanode { uuid: \"c90bff1f-5a1f-42c6-8fca-9533d718c79a\" ipAddress: \"127.0.0.1\" hostName: \"localhost\" ports { name: \"HTTP\" value: 15034 } ports { name: \"CLIENT_RPC\" value: 15035 } ports { name: \"REPLICATION\" value: 15041 } ports { name: \"RATIS\" value: 15037 } ports { name: \"RATIS_ADMIN\" value: 15038 } ports { name: \"RATIS_SERVER\" value: 15039 } ports { name: \"RATIS_DATASTREAM\" value: 15040 } ports { name: \"STANDALONE\" value: 15036 } networkName: \"c90bff1f-5a1f-42c6-8fca-9533d718c79a\" networkLocation: \"/default-rack\" persistedOpState: IN_SERVICE persistedOpStateExpiry: 0 currentVersion: 2 uuid128 { mostSigBits: -3959790937221152058 leastSigBits: -8085486131105708134 } level: 3 id { uuid { mostSigBits: -3959790937221152058 leastSigBits: -8085486131105708134 } } } cmdId: 1760989793832 priority: 1 priority: 0 priority: 0 } term: 2 encodedToken: \"\" deadlineMsSinceEpoch: 0]"} | ret=SUCCESS |  
2025-10-20 19:49:55,613 [IPC Server handler 11 on default port 15002] INFO  net.NetworkTopologyImpl (NetworkTopologyImpl.java:add(133)) - Added a new node: /default-rack/7bb0e7f0-2b36-4ec0-8a09-ceac75d91a36
2025-10-20 19:49:55,614 [IPC Server handler 11 on default port 15002] INFO  node.SCMNodeManager (SCMNodeManager.java:register(423)) - Registered datanode: 7bb0e7f0-2b36-4ec0-8a09-ceac75d91a36{ip: 127.0.0.1, host: localhost, ports: [HTTP=15066, CLIENT_RPC=15067, REPLICATION=15073, RATIS=15069, RATIS_ADMIN=15070, RATIS_SERVER=15071, RATIS_DATASTREAM=15072, STANDALONE=15068], networkLocation: /default-rack, certSerialId: null, persistedOpState: null, persistedOpStateExpiryEpochSec: 0}
2025-10-20 19:49:55,614 [EventQueue-NodeRegistrationContainerReportForDataNodeSafeModeRule] INFO  safemode.SCMSafeModeManager (SCMSafeModeManager.java:validateSafeModeExitRules(138)) - DataNodeSafeModeRule rule is successfully validated
2025-10-20 19:49:55,614 [EventQueue-NewNodeForNewNodeHandler] INFO  pipeline.BackgroundPipelineCreator (BackgroundPipelineCreator.java:notifyEventTriggered(290)) - trigger a one-shot run on RatisPipelineUtilsThread.
2025-10-20 19:49:55,614 [EventQueue-ContainerRegistrationReportForRatisContainerSafeModeRule] INFO  safemode.SCMSafeModeManager (SCMSafeModeManager.java:validateSafeModeExitRules(138)) - RatisContainerSafeModeRule rule is successfully validated
2025-10-20 19:49:55,614 [EventQueue-PipelineReportForOneReplicaPipelineSafeModeRule] INFO  safemode.SCMSafeModeManager (SCMSafeModeManager.java:validateSafeModeExitRules(138)) - OneReplicaPipelineSafeModeRule rule is successfully validated
2025-10-20 19:49:55,614 [EventQueue-ContainerRegistrationReportForECContainerSafeModeRule] INFO  safemode.SCMSafeModeManager (SCMSafeModeManager.java:validateSafeModeExitRules(138)) - ECContainerSafeModeRule rule is successfully validated
2025-10-20 19:49:55,614 | INFO  | SCMAudit | user=runner | ip=127.0.0.1 | op=REGISTER {"datanodeDetails":"7bb0e7f0-2b36-4ec0-8a09-ceac75d91a36(localhost/127.0.0.1)"} | ret=SUCCESS |  
2025-10-20 19:49:55,615 [RatisPipelineUtilsThread-0] INFO  pipeline.RatisPipelineProvider (RatisPipelineProvider.java:lambda$create$0(208)) - Sending CreatePipelineCommand for pipeline:Pipeline-22bb0523-13ed-4c6b-b8b0-38280ccde2db to datanode:7bb0e7f0-2b36-4ec0-8a09-ceac75d91a36(localhost/127.0.0.1)
2025-10-20 19:49:55,618 [206580cc-82ee-4213-b95b-59cb1d300b36@group-ED2B81D70E54-StateMachineUpdater] INFO  safemode.SCMSafeModeManager (SCMSafeModeManager.java:validateSafeModeExitRules(138)) - DataNodeSafeModeRule rule is successfully validated
2025-10-20 19:49:55,618 [206580cc-82ee-4213-b95b-59cb1d300b36@group-ED2B81D70E54-StateMachineUpdater] INFO  safemode.SCMSafeModeManager (SCMSafeModeManager.java:validateSafeModeExitRules(138)) - RatisContainerSafeModeRule rule is successfully validated
2025-10-20 19:49:55,618 [206580cc-82ee-4213-b95b-59cb1d300b36@group-ED2B81D70E54-StateMachineUpdater] INFO  safemode.HealthyPipelineSafeModeRule (HealthyPipelineSafeModeRule.java:initializeRule(226)) - Refreshed total pipeline count is 0, healthy pipeline threshold count is 1
2025-10-20 19:49:55,618 [206580cc-82ee-4213-b95b-59cb1d300b36@group-ED2B81D70E54-StateMachineUpdater] INFO  safemode.SCMSafeModeManager (SCMSafeModeManager.java:validateSafeModeExitRules(138)) - OneReplicaPipelineSafeModeRule rule is successfully validated
2025-10-20 19:49:55,618 [206580cc-82ee-4213-b95b-59cb1d300b36@group-ED2B81D70E54-StateMachineUpdater] INFO  safemode.SCMSafeModeManager (SCMSafeModeManager.java:validateSafeModeExitRules(138)) - ECContainerSafeModeRule rule is successfully validated
2025-10-20 19:49:55,618 [RatisPipelineUtilsThread-0] INFO  pipeline.BackgroundPipelineCreator (BackgroundPipelineCreator.java:createPipelines(246)) - Created new pipeline Pipeline{ Id: 22bb0523-13ed-4c6b-b8b0-38280ccde2db, Nodes: [ {7bb0e7f0-2b36-4ec0-8a09-ceac75d91a36(localhost/127.0.0.1), ReplicaIndex: 0},], ReplicationConfig: RATIS/ONE, State:ALLOCATED, leaderId:, CreationTimestamp2025-10-20T19:49:55.615463131Z[Etc/UTC]}
2025-10-20 19:49:55,720 [ForkJoinPool-1-worker-1] INFO  handler.ContextHandler (ContextHandler.java:doStart(921)) - Started o.e.j.w.WebAppContext@1f372f4b{hddsDatanode,/,file:///home/runner/work/ozone/ozone/hadoop-ozone/integration-test/target/test-dir/MiniOzoneClusterImpl-6935df51-69ff-4c35-8bd4-ed2b81d70e54/scm/ozone-metadata/webserver/jetty-0_0_0_0-15106-hdds-container-service-2_1_0-SNAPSHOT_jar-_-any-7218464415958226812/webapp/,AVAILABLE}{jar:file:/home/runner/work/ozone/ozone/hadoop-hdds/container-service/target/hdds-container-service-2.1.0-SNAPSHOT.jar!/webapps/hddsDatanode}
2025-10-20 19:49:55,720 [ForkJoinPool-1-worker-1] INFO  server.AbstractConnector (AbstractConnector.java:doStart(333)) - Started ServerConnector@6d65dfa1{HTTP/1.1, (http/1.1)}{0.0.0.0:15106}
2025-10-20 19:49:55,720 [ForkJoinPool-1-worker-1] INFO  server.Server (Server.java:doStart(415)) - Started @13373ms
2025-10-20 19:49:55,721 [ForkJoinPool-1-worker-1] WARN  impl.MetricsSystemImpl (MetricsSystemImpl.java:register(279)) - Sink prometheus already exists!
2025-10-20 19:49:55,721 [ForkJoinPool-1-worker-1] INFO  http.BaseHttpServer (BaseHttpServer.java:updateConnectorAddress(357)) - HTTP server of hddsDatanode listening at http://localhost:15106
2025-10-20 19:49:55,721 [ForkJoinPool-1-worker-1] INFO  ipc.CallQueueManager (CallQueueManager.java:<init>(93)) - Using callQueue: class java.util.concurrent.LinkedBlockingQueue, queueCapacity: 1000, scheduler: class org.apache.hadoop.ipc.DefaultRpcScheduler, ipcBackoff: false, ipcFailOver: false.
2025-10-20 19:49:55,721 [ForkJoinPool-1-worker-1] INFO  ipc.Server (Server.java:<init>(1438)) - Listener at 0.0.0.0:15107
2025-10-20 19:49:55,722 [Socket Reader #1 for port 15107] INFO  ipc.Server (Server.java:run(1474)) - Starting Socket Reader #1 for port 15107
2025-10-20 19:49:55,722 [Socket Reader #2 for port 15107] INFO  ipc.Server (Server.java:run(1474)) - Starting Socket Reader #2 for port 15107
2025-10-20 19:49:55,722 [Socket Reader #3 for port 15107] INFO  ipc.Server (Server.java:run(1474)) - Starting Socket Reader #3 for port 15107
2025-10-20 19:49:55,723 [Socket Reader #4 for port 15107] INFO  ipc.Server (Server.java:run(1474)) - Starting Socket Reader #4 for port 15107
2025-10-20 19:49:55,723 [Socket Reader #5 for port 15107] INFO  ipc.Server (Server.java:run(1474)) - Starting Socket Reader #5 for port 15107
2025-10-20 19:49:55,723 [Socket Reader #6 for port 15107] INFO  ipc.Server (Server.java:run(1474)) - Starting Socket Reader #6 for port 15107
2025-10-20 19:49:55,723 [Socket Reader #7 for port 15107] INFO  ipc.Server (Server.java:run(1474)) - Starting Socket Reader #7 for port 15107
2025-10-20 19:49:55,723 [Socket Reader #8 for port 15107] INFO  ipc.Server (Server.java:run(1474)) - Starting Socket Reader #8 for port 15107
2025-10-20 19:49:55,724 [Socket Reader #9 for port 15107] INFO  ipc.Server (Server.java:run(1474)) - Starting Socket Reader #9 for port 15107
2025-10-20 19:49:55,724 [Socket Reader #10 for port 15107] INFO  ipc.Server (Server.java:run(1474)) - Starting Socket Reader #10 for port 15107
2025-10-20 19:49:55,726 [ForkJoinPool-1-worker-1] INFO  ozone.HddsDatanodeService (HddsDatanodeService.java:start(333)) - Datanode start with admins: [admin, runner]
2025-10-20 19:49:55,726 [ForkJoinPool-1-worker-1] INFO  ozone.HddsDatanodeClientProtocolServer (HddsDatanodeClientProtocolServer.java:start(76)) - RPC server for Client /0.0.0.0:15107
2025-10-20 19:49:55,726 [IPC Server Responder] INFO  ipc.Server (Server.java:run(1713)) - IPC Server Responder: starting
2025-10-20 19:49:55,726 [IPC Server listener on 15107] INFO  ipc.Server (Server.java:run(1553)) - IPC Server listener on 15107: starting
2025-10-20 19:49:55,728 [ForkJoinPool-1-worker-1] WARN  dropwizard3.Dm3MetricRegistriesImpl (Dm3MetricRegistriesImpl.java:addReporterRegistration(114)) - New reporters are added after registries were created. Some metrics will be missing from the reporter. Please add reporter before adding any new registry.
2025-10-20 19:49:55,728 [ForkJoinPool-1-worker-1] WARN  dropwizard3.Dm3MetricRegistriesImpl (Dm3MetricRegistriesImpl.java:addReporterRegistration(114)) - New reporters are added after registries were created. Some metrics will be missing from the reporter. Please add reporter before adding any new registry.
2025-10-20 19:49:55,729 [feb39a1c-80cb-4714-ab06-a361236e3029-DatanodeStateMachineDaemonThread] INFO  statemachine.DatanodeStateMachine (DatanodeStateMachine.java:startStateMachineThread(363)) - Ozone container server started.
2025-10-20 19:49:55,733 [feb39a1c-80cb-4714-ab06-a361236e3029-DatanodeStateMachineTaskThread-0] INFO  datanode.InitDatanodeState (InitDatanodeState.java:persistContainerDatanodeDetails(139)) - DatanodeDetails is persisted to /home/runner/work/ozone/ozone/hadoop-ozone/integration-test/target/test-dir/MiniOzoneClusterImpl-6935df51-69ff-4c35-8bd4-ed2b81d70e54/ozone-metadata/datanode-13/ozone-metadata/datanode.id
2025-10-20 19:49:55,745 [ForkJoinPool-1-worker-1] INFO  protocol.DatanodeDetails (DatanodeDetails.java:validateDatanodeIpAddress(199)) - Updating IP address of datanode 38991c48-ffb3-4453-b758-77d6b4ebc62b(localhost/null) to 127.0.0.1
2025-10-20 19:49:55,745 [ForkJoinPool-1-worker-1] INFO  ozone.HddsDatanodeService (HddsDatanodeService.java:start(236)) - HddsDatanodeService 38991c48-ffb3-4453-b758-77d6b4ebc62b(localhost/127.0.0.1)
2025-10-20 19:49:55,747 [ForkJoinPool-1-worker-1] INFO  upgrade.AbstractLayoutVersionManager (AbstractLayoutVersionManager.java:init(80)) - Initializing Layout version manager with metadata layout = WITNESSED_CONTAINER_DB_PROTO_VALUE (version = 9), software layout = WITNESSED_CONTAINER_DB_PROTO_VALUE (version = 9)
2025-10-20 19:49:55,748 [ForkJoinPool-1-worker-1] INFO  statemachine.DatanodeStateMachine (DatanodeStateMachine.java:getEndPointTaskThreadPoolSize(321)) - Datanode State Machine Task Thread Pool size 2
2025-10-20 19:49:55,751 [ForkJoinPool-1-worker-1] INFO  volume.HddsVolume (HddsVolume.java:<init>(162)) - HddsVolume: { id=DS-370b8544-7a34-4f36-a57c-ab0043a535cf dir=/home/runner/work/ozone/ozone/hadoop-ozone/integration-test/target/test-dir/MiniOzoneClusterImpl-6935df51-69ff-4c35-8bd4-ed2b81d70e54/ozone-metadata/datanode-14/data-0/hdds type=DISK capacity=9222449699674390527 used=0 available=9222449699674390527 minFree=184448985434423296 committed=0 }
2025-10-20 19:49:55,751 [ForkJoinPool-1-worker-1] INFO  volume.MutableVolumeSet (MutableVolumeSet.java:initializeVolumeSet(175)) - Added Volume : /home/runner/work/ozone/ozone/hadoop-ozone/integration-test/target/test-dir/MiniOzoneClusterImpl-6935df51-69ff-4c35-8bd4-ed2b81d70e54/ozone-metadata/datanode-14/data-0/hdds to VolumeSet
2025-10-20 19:49:55,752 [ForkJoinPool-1-worker-1] INFO  volume.MutableVolumeSet (MutableVolumeSet.java:initializeVolumeSet(175)) - Added Volume : /home/runner/work/ozone/ozone/hadoop-ozone/integration-test/target/test-dir/MiniOzoneClusterImpl-6935df51-69ff-4c35-8bd4-ed2b81d70e54/ozone-metadata/datanode-14/ratis to VolumeSet
2025-10-20 19:49:55,752 [ForkJoinPool-1-worker-1] INFO  ozoneimpl.OzoneContainer (HddsVolumeUtil.java:loadAllHddsVolumeDbStore(102)) - Load 1 volumes DbStore cost: 0ms
2025-10-20 19:49:55,753 [ForkJoinPool-1-worker-1] WARN  db.DBStoreBuilder (DBStoreBuilder.java:getDBDirPath(157)) - ozone.scm.datanode.id.dir is not configured. We recommend adding this setting. Falling back to ozone.metadata.dirs instead.
2025-10-20 19:49:55,754 [ForkJoinPool-1-worker-1] WARN  db.DBStoreBuilder (DBStoreBuilder.java:getDBDirPath(157)) - ozone.scm.datanode.id.dir is not configured. We recommend adding this setting. Falling back to ozone.metadata.dirs instead.
2025-10-20 19:49:55,766 [ForkJoinPool-1-worker-1] INFO  impl.FilePerChunkStrategy (FilePerChunkStrategy.java:<init>(79)) - ozone.chunk.read.mapped.buffer.max.count is load with 0
2025-10-20 19:49:55,766 [ForkJoinPool-1-worker-1] INFO  impl.FilePerBlockStrategy (FilePerBlockStrategy.java:<init>(88)) - ozone.chunk.read.mapped.buffer.max.count is load with 0
2025-10-20 19:49:55,767 [ForkJoinPool-1-worker-1] INFO  server.RaftServerConfigKeys (ConfUtils.java:logGet(62)) - raft.server.log.appender.buffer.byte-limit = 33554432 (custom)
2025-10-20 19:49:55,768 [ForkJoinPool-1-worker-1] INFO  grpc.GrpcConfigKeys (ConfUtils.java:logFallback(69)) - raft.grpc.admin.host = null (fallback to raft.grpc.server.host)
2025-10-20 19:49:55,768 [ForkJoinPool-1-worker-1] INFO  grpc.GrpcConfigKeys (ConfUtils.java:logGet(62)) - raft.grpc.admin.port = 15118 (custom)
2025-10-20 19:49:55,768 [ForkJoinPool-1-worker-1] INFO  grpc.GrpcConfigKeys (ConfUtils.java:logFallback(69)) - raft.grpc.client.host = null (fallback to raft.grpc.server.host)
2025-10-20 19:49:55,768 [ForkJoinPool-1-worker-1] INFO  grpc.GrpcConfigKeys (ConfUtils.java:logGet(62)) - raft.grpc.client.port = 15117 (custom)
2025-10-20 19:49:55,768 [ForkJoinPool-1-worker-1] INFO  grpc.GrpcConfigKeys (ConfUtils.java:logGet(62)) - raft.grpc.server.port = 15119 (custom)
2025-10-20 19:49:55,768 [ForkJoinPool-1-worker-1] INFO  server.GrpcServicesImpl (ConfUtils.java:logGet(62)) - raft.grpc.message.size.max = 34603008 (custom)
2025-10-20 19:49:55,768 [ForkJoinPool-1-worker-1] INFO  server.GrpcServicesImpl (ConfUtils.java:logGet(62)) - raft.grpc.flow.control.window = 5MB (=5242880) (custom)
2025-10-20 19:49:55,768 [ForkJoinPool-1-worker-1] INFO  server.RaftServerConfigKeys (ConfUtils.java:logGet(62)) - raft.server.log.appender.buffer.byte-limit = 33554432 (custom)
2025-10-20 19:49:55,770 [ForkJoinPool-1-worker-1] INFO  netty.NettyUtils (NettyUtils.java:newEventLoopGroup(74)) - Create EpollEventLoopGroup for 38991c48-ffb3-4453-b758-77d6b4ebc62b-NettyServerStreamRpc-bossGroup; Thread size is 0.
2025-10-20 19:49:55,770 [ForkJoinPool-1-worker-1] INFO  netty.NettyUtils (NettyUtils.java:newEventLoopGroup(74)) - Create EpollEventLoopGroup for 38991c48-ffb3-4453-b758-77d6b4ebc62b-NettyServerStreamRpc-workerGroup; Thread size is 0.
2025-10-20 19:49:55,771 [ForkJoinPool-1-worker-1] INFO  netty.NettyConfigKeys$DataStream (ConfUtils.java:logGet(62)) - raft.netty.dataStream.port = 15120 (custom)
2025-10-20 19:49:55,771 [ForkJoinPool-1-worker-1] INFO  server.RaftServerConfigKeys (ConfUtils.java:logGet(62)) - raft.server.storage.dir = [/home/runner/work/ozone/ozone/hadoop-ozone/integration-test/target/test-dir/MiniOzoneClusterImpl-6935df51-69ff-4c35-8bd4-ed2b81d70e54/ozone-metadata/datanode-14/ratis] (custom)
2025-10-20 19:49:55,772 [38991c48-ffb3-4453-b758-77d6b4ebc62b-NettyServerStreamRpc-bossGroup--thread1] INFO  logging.LoggingHandler (AbstractInternalLogger.java:log(148)) - [id: 0xc2c216a6] REGISTERED
2025-10-20 19:49:55,772 [38991c48-ffb3-4453-b758-77d6b4ebc62b-NettyServerStreamRpc-bossGroup--thread1] INFO  logging.LoggingHandler (AbstractInternalLogger.java:log(148)) - [id: 0xc2c216a6] BIND: 0.0.0.0/0.0.0.0:15120
2025-10-20 19:49:55,772 [38991c48-ffb3-4453-b758-77d6b4ebc62b-NettyServerStreamRpc-bossGroup--thread1] INFO  logging.LoggingHandler (AbstractInternalLogger.java:log(148)) - [id: 0xc2c216a6, L:/0.0.0.0:15120] ACTIVE
2025-10-20 19:49:55,772 [38991c48-ffb3-4453-b758-77d6b4ebc62b-impl-thread1] INFO  server.RaftServer (RaftServerProxy.java:initGroupDir(270)) - 38991c48-ffb3-4453-b758-77d6b4ebc62b: found a subdirectory /home/runner/work/ozone/ozone/hadoop-ozone/integration-test/target/test-dir/MiniOzoneClusterImpl-6935df51-69ff-4c35-8bd4-ed2b81d70e54/ozone-metadata/datanode-14/ratis/tmp
2025-10-20 19:49:55,773 [38991c48-ffb3-4453-b758-77d6b4ebc62b-impl-thread1] INFO  server.RaftServer (RaftServerProxy.java:initGroupDir(275)) - 38991c48-ffb3-4453-b758-77d6b4ebc62b: The directory /home/runner/work/ozone/ozone/hadoop-ozone/integration-test/target/test-dir/MiniOzoneClusterImpl-6935df51-69ff-4c35-8bd4-ed2b81d70e54/ozone-metadata/datanode-14/ratis/tmp is not a group directory; ignoring it. 
2025-10-20 19:49:55,773 [ForkJoinPool-1-worker-1] INFO  replication.ReplicationServer (ReplicationServer.java:<init>(84)) - Initializing replication server with thread count = 10 queue length = 4096
2025-10-20 19:49:55,774 [ForkJoinPool-1-worker-1] INFO  server.XceiverServerGrpc (XceiverServerGrpc.java:<init>(129)) - GrpcServer channel type EpollServerSocketChannel
2025-10-20 19:49:55,775 [ForkJoinPool-1-worker-1] INFO  replication.ReplicationSupervisor (ReplicationSupervisor.java:build(169)) - Initializing replication supervisor with thread count = 10
2025-10-20 19:49:55,775 [ForkJoinPool-1-worker-1] INFO  replication.ReplicationSupervisor (ReplicationSupervisor.java:nodeStateUpdated(358)) - Node state updated to IN_SERVICE, scaling executor pool size to 10
2025-10-20 19:49:55,777 [ForkJoinPool-1-worker-1] INFO  http.BaseHttpServer (BaseHttpServer.java:newHttpServer2BuilderForOzone(227)) - Starting Web-server for hddsDatanode at: http://0.0.0.0:15114
2025-10-20 19:49:55,777 [ForkJoinPool-1-worker-1] INFO  http.BaseHttpServer (BaseHttpServer.java:<init>(105)) - Hadoop Security Enabled: false Ozone Security Enabled: false Ozone HTTP Security Enabled: false 
2025-10-20 19:49:55,778 [ForkJoinPool-1-worker-1] WARN  server.AuthenticationFilter (AuthenticationFilter.java:constructSecretProvider(240)) - Unable to initialize FileSignerSecretProvider, falling back to use random secrets. Reason: Could not read signature secret file: /home/runner/hadoop-http-auth-signature-secret
2025-10-20 19:49:55,781 [ForkJoinPool-1-worker-1] INFO  http.HttpServer2 (HttpServer2.java:addGlobalFilter(1040)) - Added global filter 'safety' (class=org.apache.hadoop.hdds.server.http.HttpServer2$QuotingInputFilter)
2025-10-20 19:49:55,782 [ForkJoinPool-1-worker-1] INFO  http.HttpServer2 (HttpServer2.java:addFilter(1016)) - Added filter static_user_filter (class=org.apache.hadoop.http.lib.StaticUserWebFilter$StaticUserFilter) to context hddsDatanode
2025-10-20 19:49:55,782 [ForkJoinPool-1-worker-1] INFO  http.HttpServer2 (HttpServer2.java:addFilter(1024)) - Added filter static_user_filter (class=org.apache.hadoop.http.lib.StaticUserWebFilter$StaticUserFilter) to context static
2025-10-20 19:49:55,782 [ForkJoinPool-1-worker-1] INFO  http.HttpServer2 (HttpServer2.java:addFilter(1024)) - Added filter static_user_filter (class=org.apache.hadoop.http.lib.StaticUserWebFilter$StaticUserFilter) to context logs
2025-10-20 19:49:55,783 [ForkJoinPool-1-worker-1] INFO  http.BaseHttpServer (BaseHttpServer.java:<init>(193)) - HTTP server of hddsDatanode uses base directory /home/runner/work/ozone/ozone/hadoop-ozone/integration-test/target/test-dir/MiniOzoneClusterImpl-6935df51-69ff-4c35-8bd4-ed2b81d70e54/scm/ozone-metadata/webserver
2025-10-20 19:49:55,783 [ForkJoinPool-1-worker-1] INFO  http.HttpServer2 (HttpServer2.java:bindListener(1240)) - Jetty bound to port 15114
2025-10-20 19:49:55,783 [ForkJoinPool-1-worker-1] INFO  server.Server (Server.java:doStart(375)) - jetty-9.4.58.v20250814; built: 2025-08-14T02:28:49.637Z; git: 8f1440587e9e4ae7db3d74cf205643f3d707148d; jvm 21.0.8+9-LTS
2025-10-20 19:49:55,785 [ForkJoinPool-1-worker-1] INFO  server.session (DefaultSessionIdManager.java:doStart(334)) - DefaultSessionIdManager workerName=node0
2025-10-20 19:49:55,785 [ForkJoinPool-1-worker-1] INFO  server.session (DefaultSessionIdManager.java:doStart(339)) - No SessionScavenger set, using defaults
2025-10-20 19:49:55,785 [ForkJoinPool-1-worker-1] INFO  server.session (HouseKeeper.java:startScavenging(132)) - node0 Scavenging every 600000ms
2025-10-20 19:49:55,786 [ForkJoinPool-1-worker-1] INFO  handler.ContextHandler (ContextHandler.java:doStart(921)) - Started o.e.j.s.ServletContextHandler@30b80ea6{logs,/logs,file:///home/runner/work/ozone/ozone/hadoop-ozone/integration-test/target/log,AVAILABLE}
2025-10-20 19:49:55,786 [ForkJoinPool-1-worker-1] INFO  handler.ContextHandler (ContextHandler.java:doStart(921)) - Started o.e.j.s.ServletContextHandler@277df6a7{static,/static,jar:file:/home/runner/work/ozone/ozone/hadoop-hdds/container-service/target/hdds-container-service-2.1.0-SNAPSHOT.jar!/webapps/static,AVAILABLE}
2025-10-20 19:49:55,789 | INFO  | SCMAudit | user=runner | ip=127.0.0.1 | op=SEND_HEARTBEAT {"datanodeUUID":"361055de-215b-4c6c-94c2-be1c1da118d1","term":"2","command":"[]"} | ret=SUCCESS |  
2025-10-20 19:49:55,794 | INFO  | SCMAudit | user=runner | ip=127.0.0.1 | op=GET_VERSION {} | ret=SUCCESS |  
2025-10-20 19:49:55,824 [361055de-215b-4c6c-94c2-be1c1da118d1-CreatePipelineCommandHandlerThread-0] INFO  server.RaftServer (RaftServerProxy.java:addNew(105)) - 361055de-215b-4c6c-94c2-be1c1da118d1: addNew group-DADC204FE0DE:[361055de-215b-4c6c-94c2-be1c1da118d1|127.0.0.1:15031] returns group-DADC204FE0DE:java.util.concurrent.CompletableFuture@7a042400[Not completed]
2025-10-20 19:49:55,839 [IPC Server handler 3 on default port 15002] INFO  net.NetworkTopologyImpl (NetworkTopologyImpl.java:add(133)) - Added a new node: /default-rack/605be85e-a7f4-44d7-8cfd-f53001b990b0
2025-10-20 19:49:55,839 [IPC Server handler 3 on default port 15002] INFO  node.SCMNodeManager (SCMNodeManager.java:register(423)) - Registered datanode: 605be85e-a7f4-44d7-8cfd-f53001b990b0{ip: 127.0.0.1, host: localhost, ports: [HTTP=15074, CLIENT_RPC=15075, REPLICATION=15081, RATIS=15077, RATIS_ADMIN=15078, RATIS_SERVER=15079, RATIS_DATASTREAM=15080, STANDALONE=15076], networkLocation: /default-rack, certSerialId: null, persistedOpState: null, persistedOpStateExpiryEpochSec: 0}
2025-10-20 19:49:55,839 | INFO  | SCMAudit | user=runner | ip=127.0.0.1 | op=REGISTER {"datanodeDetails":"605be85e-a7f4-44d7-8cfd-f53001b990b0(localhost/127.0.0.1)"} | ret=SUCCESS |  
2025-10-20 19:49:55,840 [EventQueue-NewNodeForNewNodeHandler] INFO  pipeline.BackgroundPipelineCreator (BackgroundPipelineCreator.java:notifyEventTriggered(290)) - trigger a one-shot run on RatisPipelineUtilsThread.
2025-10-20 19:49:55,840 [EventQueue-PipelineReportForOneReplicaPipelineSafeModeRule] INFO  safemode.SCMSafeModeManager (SCMSafeModeManager.java:validateSafeModeExitRules(138)) - OneReplicaPipelineSafeModeRule rule is successfully validated
2025-10-20 19:49:55,840 [EventQueue-NodeRegistrationContainerReportForDataNodeSafeModeRule] INFO  safemode.SCMSafeModeManager (SCMSafeModeManager.java:validateSafeModeExitRules(138)) - DataNodeSafeModeRule rule is successfully validated
2025-10-20 19:49:55,840 [EventQueue-ContainerRegistrationReportForECContainerSafeModeRule] INFO  safemode.SCMSafeModeManager (SCMSafeModeManager.java:validateSafeModeExitRules(138)) - ECContainerSafeModeRule rule is successfully validated
2025-10-20 19:49:55,841 [EventQueue-ContainerRegistrationReportForRatisContainerSafeModeRule] INFO  safemode.SCMSafeModeManager (SCMSafeModeManager.java:validateSafeModeExitRules(138)) - RatisContainerSafeModeRule rule is successfully validated
2025-10-20 19:49:55,842 [RatisPipelineUtilsThread-0] INFO  pipeline.RatisPipelineProvider (RatisPipelineProvider.java:lambda$create$0(208)) - Sending CreatePipelineCommand for pipeline:Pipeline-e6175e89-edf4-4ae0-8959-b1406fc7fb54 to datanode:605be85e-a7f4-44d7-8cfd-f53001b990b0(localhost/127.0.0.1)
2025-10-20 19:49:55,848 [206580cc-82ee-4213-b95b-59cb1d300b36@group-ED2B81D70E54-StateMachineUpdater] INFO  safemode.SCMSafeModeManager (SCMSafeModeManager.java:validateSafeModeExitRules(138)) - DataNodeSafeModeRule rule is successfully validated
2025-10-20 19:49:55,849 [206580cc-82ee-4213-b95b-59cb1d300b36@group-ED2B81D70E54-StateMachineUpdater] INFO  safemode.SCMSafeModeManager (SCMSafeModeManager.java:validateSafeModeExitRules(138)) - RatisContainerSafeModeRule rule is successfully validated
2025-10-20 19:49:55,850 [206580cc-82ee-4213-b95b-59cb1d300b36@group-ED2B81D70E54-StateMachineUpdater] INFO  safemode.HealthyPipelineSafeModeRule (HealthyPipelineSafeModeRule.java:initializeRule(226)) - Refreshed total pipeline count is 0, healthy pipeline threshold count is 1
2025-10-20 19:49:55,851 [206580cc-82ee-4213-b95b-59cb1d300b36@group-ED2B81D70E54-StateMachineUpdater] INFO  safemode.SCMSafeModeManager (SCMSafeModeManager.java:validateSafeModeExitRules(138)) - OneReplicaPipelineSafeModeRule rule is successfully validated
2025-10-20 19:49:55,851 [206580cc-82ee-4213-b95b-59cb1d300b36@group-ED2B81D70E54-StateMachineUpdater] INFO  safemode.SCMSafeModeManager (SCMSafeModeManager.java:validateSafeModeExitRules(138)) - ECContainerSafeModeRule rule is successfully validated
2025-10-20 19:49:55,851 [361055de-215b-4c6c-94c2-be1c1da118d1-groupManagement] INFO  server.RaftServer$Division (RaftServerImpl.java:<init>(268)) - 361055de-215b-4c6c-94c2-be1c1da118d1: new RaftServerImpl for group-DADC204FE0DE:[361055de-215b-4c6c-94c2-be1c1da118d1|127.0.0.1:15031] with ContainerStateMachine:uninitialized
2025-10-20 19:49:55,851 [361055de-215b-4c6c-94c2-be1c1da118d1-groupManagement] INFO  server.RaftServerConfigKeys (ConfUtils.java:logGet(62)) - raft.server.rpc.timeout.min = 5s (custom)
2025-10-20 19:49:55,851 [361055de-215b-4c6c-94c2-be1c1da118d1-groupManagement] INFO  server.RaftServerConfigKeys (ConfUtils.java:logGet(62)) - raft.server.rpc.timeout.max = 5200ms (custom)
2025-10-20 19:49:55,852 [361055de-215b-4c6c-94c2-be1c1da118d1-groupManagement] INFO  server.RaftServerConfigKeys (ConfUtils.java:logGet(62)) - raft.server.rpc.slowness.timeout = 300s (custom)
2025-10-20 19:49:55,852 [RatisPipelineUtilsThread-0] INFO  pipeline.BackgroundPipelineCreator (BackgroundPipelineCreator.java:createPipelines(246)) - Created new pipeline Pipeline{ Id: e6175e89-edf4-4ae0-8959-b1406fc7fb54, Nodes: [ {605be85e-a7f4-44d7-8cfd-f53001b990b0(localhost/127.0.0.1), ReplicaIndex: 0},], ReplicationConfig: RATIS/ONE, State:ALLOCATED, leaderId:, CreationTimestamp2025-10-20T19:49:55.842922796Z[Etc/UTC]}
2025-10-20 19:49:55,852 [361055de-215b-4c6c-94c2-be1c1da118d1-groupManagement] INFO  server.RaftServer$Division (ServerState.java:<init>(114)) - 361055de-215b-4c6c-94c2-be1c1da118d1@group-DADC204FE0DE: ConfigurationManager, init=conf: {index: -1, cur=peers:[361055de-215b-4c6c-94c2-be1c1da118d1|127.0.0.1:15031]|listeners:[], old=null}, confs=<EMPTY_MAP>
2025-10-20 19:49:55,852 [361055de-215b-4c6c-94c2-be1c1da118d1-groupManagement] INFO  server.RaftServerConfigKeys (ConfUtils.java:logGet(62)) - raft.server.notification.no-leader.timeout = 300s (custom)
2025-10-20 19:49:55,852 [361055de-215b-4c6c-94c2-be1c1da118d1-groupManagement] INFO  server.RaftServerConfigKeys (ConfUtils.java:logGet(62)) - raft.server.retrycache.expirytime = 600000ms (custom)
2025-10-20 19:49:55,856 [RatisPipelineUtilsThread-0] INFO  pipeline.RatisPipelineProvider (RatisPipelineProvider.java:lambda$create$0(208)) - Sending CreatePipelineCommand for pipeline:Pipeline-b9872faf-8f47-436e-820e-e9f55728802d to datanode:7bb0e7f0-2b36-4ec0-8a09-ceac75d91a36(localhost/127.0.0.1)
2025-10-20 19:49:55,856 [RatisPipelineUtilsThread-0] INFO  pipeline.RatisPipelineProvider (RatisPipelineProvider.java:lambda$create$0(208)) - Sending CreatePipelineCommand for pipeline:Pipeline-b9872faf-8f47-436e-820e-e9f55728802d to datanode:605be85e-a7f4-44d7-8cfd-f53001b990b0(localhost/127.0.0.1)
2025-10-20 19:49:55,856 [RatisPipelineUtilsThread-0] INFO  pipeline.RatisPipelineProvider (RatisPipelineProvider.java:lambda$create$0(208)) - Sending CreatePipelineCommand for pipeline:Pipeline-b9872faf-8f47-436e-820e-e9f55728802d to datanode:cc7fbe85-1d98-437b-84f9-04213fee10f0(localhost/127.0.0.1)
2025-10-20 19:49:55,861 [206580cc-82ee-4213-b95b-59cb1d300b36@group-ED2B81D70E54-StateMachineUpdater] INFO  safemode.SCMSafeModeManager (SCMSafeModeManager.java:validateSafeModeExitRules(138)) - DataNodeSafeModeRule rule is successfully validated
2025-10-20 19:49:55,861 [206580cc-82ee-4213-b95b-59cb1d300b36@group-ED2B81D70E54-StateMachineUpdater] INFO  safemode.SCMSafeModeManager (SCMSafeModeManager.java:validateSafeModeExitRules(138)) - RatisContainerSafeModeRule rule is successfully validated
2025-10-20 19:49:55,861 [206580cc-82ee-4213-b95b-59cb1d300b36@group-ED2B81D70E54-StateMachineUpdater] INFO  safemode.HealthyPipelineSafeModeRule (HealthyPipelineSafeModeRule.java:initializeRule(226)) - Refreshed total pipeline count is 0, healthy pipeline threshold count is 1
2025-10-20 19:49:55,861 [206580cc-82ee-4213-b95b-59cb1d300b36@group-ED2B81D70E54-StateMachineUpdater] INFO  safemode.SCMSafeModeManager (SCMSafeModeManager.java:validateSafeModeExitRules(138)) - OneReplicaPipelineSafeModeRule rule is successfully validated
2025-10-20 19:49:55,861 [206580cc-82ee-4213-b95b-59cb1d300b36@group-ED2B81D70E54-StateMachineUpdater] INFO  safemode.SCMSafeModeManager (SCMSafeModeManager.java:validateSafeModeExitRules(138)) - ECContainerSafeModeRule rule is successfully validated
2025-10-20 19:49:55,863 [RatisPipelineUtilsThread-0] INFO  pipeline.BackgroundPipelineCreator (BackgroundPipelineCreator.java:createPipelines(246)) - Created new pipeline Pipeline{ Id: b9872faf-8f47-436e-820e-e9f55728802d, Nodes: [ {7bb0e7f0-2b36-4ec0-8a09-ceac75d91a36(localhost/127.0.0.1), ReplicaIndex: 0}, {605be85e-a7f4-44d7-8cfd-f53001b990b0(localhost/127.0.0.1), ReplicaIndex: 0}, {cc7fbe85-1d98-437b-84f9-04213fee10f0(localhost/127.0.0.1), ReplicaIndex: 0},], ReplicationConfig: RATIS/THREE, State:ALLOCATED, leaderId:, CreationTimestamp2025-10-20T19:49:55.856071081Z[Etc/UTC]}
2025-10-20 19:49:55,866 [RatisPipelineUtilsThread-0] INFO  pipeline.RatisPipelineProvider (RatisPipelineProvider.java:lambda$create$0(208)) - Sending CreatePipelineCommand for pipeline:Pipeline-279335df-31f6-46d2-a714-adca28697501 to datanode:605be85e-a7f4-44d7-8cfd-f53001b990b0(localhost/127.0.0.1)
2025-10-20 19:49:55,866 [RatisPipelineUtilsThread-0] INFO  pipeline.RatisPipelineProvider (RatisPipelineProvider.java:lambda$create$0(208)) - Sending CreatePipelineCommand for pipeline:Pipeline-279335df-31f6-46d2-a714-adca28697501 to datanode:7bb0e7f0-2b36-4ec0-8a09-ceac75d91a36(localhost/127.0.0.1)
2025-10-20 19:49:55,867 [RatisPipelineUtilsThread-0] INFO  pipeline.RatisPipelineProvider (RatisPipelineProvider.java:lambda$create$0(208)) - Sending CreatePipelineCommand for pipeline:Pipeline-279335df-31f6-46d2-a714-adca28697501 to datanode:cc7fbe85-1d98-437b-84f9-04213fee10f0(localhost/127.0.0.1)
2025-10-20 19:49:55,870 [206580cc-82ee-4213-b95b-59cb1d300b36@group-ED2B81D70E54-StateMachineUpdater] INFO  safemode.SCMSafeModeManager (SCMSafeModeManager.java:validateSafeModeExitRules(138)) - DataNodeSafeModeRule rule is successfully validated
2025-10-20 19:49:55,870 [206580cc-82ee-4213-b95b-59cb1d300b36@group-ED2B81D70E54-StateMachineUpdater] INFO  safemode.SCMSafeModeManager (SCMSafeModeManager.java:validateSafeModeExitRules(138)) - RatisContainerSafeModeRule rule is successfully validated
2025-10-20 19:49:55,870 [206580cc-82ee-4213-b95b-59cb1d300b36@group-ED2B81D70E54-StateMachineUpdater] INFO  safemode.HealthyPipelineSafeModeRule (HealthyPipelineSafeModeRule.java:initializeRule(226)) - Refreshed total pipeline count is 0, healthy pipeline threshold count is 1
2025-10-20 19:49:55,870 [206580cc-82ee-4213-b95b-59cb1d300b36@group-ED2B81D70E54-StateMachineUpdater] INFO  safemode.SCMSafeModeManager (SCMSafeModeManager.java:validateSafeModeExitRules(138)) - OneReplicaPipelineSafeModeRule rule is successfully validated
2025-10-20 19:49:55,870 [206580cc-82ee-4213-b95b-59cb1d300b36@group-ED2B81D70E54-StateMachineUpdater] INFO  safemode.SCMSafeModeManager (SCMSafeModeManager.java:validateSafeModeExitRules(138)) - ECContainerSafeModeRule rule is successfully validated
2025-10-20 19:49:55,871 [RatisPipelineUtilsThread-0] INFO  pipeline.PipelineManagerImpl (PipelineManagerImpl.java:recordMetricsForPipeline(922)) - Pipeline-279335df-31f6-46d2-a714-adca28697501 and Pipeline-b9872faf-8f47-436e-820e-e9f55728802d have exactly the same set of datanodes: [605be85e-a7f4-44d7-8cfd-f53001b990b0(localhost/127.0.0.1), 7bb0e7f0-2b36-4ec0-8a09-ceac75d91a36(localhost/127.0.0.1), cc7fbe85-1d98-437b-84f9-04213fee10f0(localhost/127.0.0.1)]
2025-10-20 19:49:55,872 [RatisPipelineUtilsThread-0] INFO  pipeline.BackgroundPipelineCreator (BackgroundPipelineCreator.java:createPipelines(246)) - Created new pipeline Pipeline{ Id: 279335df-31f6-46d2-a714-adca28697501, Nodes: [ {605be85e-a7f4-44d7-8cfd-f53001b990b0(localhost/127.0.0.1), ReplicaIndex: 0}, {7bb0e7f0-2b36-4ec0-8a09-ceac75d91a36(localhost/127.0.0.1), ReplicaIndex: 0}, {cc7fbe85-1d98-437b-84f9-04213fee10f0(localhost/127.0.0.1), ReplicaIndex: 0},], ReplicationConfig: RATIS/THREE, State:ALLOCATED, leaderId:, CreationTimestamp2025-10-20T19:49:55.865997586Z[Etc/UTC]}
2025-10-20 19:49:55,878 [4f2bb3f5-0e03-4f1b-bb4c-79c91b98c7da-EndpointStateMachineTaskThread-/0.0.0.0:15002-0 ] INFO  utils.DatanodeStoreCache (DatanodeStoreCache.java:addDB(70)) - Added db /home/runner/work/ozone/ozone/hadoop-ozone/integration-test/target/test-dir/MiniOzoneClusterImpl-6935df51-69ff-4c35-8bd4-ed2b81d70e54/ozone-metadata/datanode-11/data-0/hdds/6935df51-69ff-4c35-8bd4-ed2b81d70e54/DS-0dd184c7-5c88-48fc-b4c9-7c55707c82bb/container.db to cache
2025-10-20 19:49:55,878 [4f2bb3f5-0e03-4f1b-bb4c-79c91b98c7da-EndpointStateMachineTaskThread-/0.0.0.0:15002-0 ] INFO  volume.HddsVolume (HddsVolume.java:createDbStore(576)) - SchemaV3 db is created and loaded at /home/runner/work/ozone/ozone/hadoop-ozone/integration-test/target/test-dir/MiniOzoneClusterImpl-6935df51-69ff-4c35-8bd4-ed2b81d70e54/ozone-metadata/datanode-11/data-0/hdds/6935df51-69ff-4c35-8bd4-ed2b81d70e54/DS-0dd184c7-5c88-48fc-b4c9-7c55707c82bb/container.db for volume DS-0dd184c7-5c88-48fc-b4c9-7c55707c82bb
2025-10-20 19:49:55,882 [361055de-215b-4c6c-94c2-be1c1da118d1-groupManagement] INFO  server.RaftServerConfigKeys (ConfUtils.java:logGet(62)) - raft.server.storage.dir = [/home/runner/work/ozone/ozone/hadoop-ozone/integration-test/target/test-dir/MiniOzoneClusterImpl-6935df51-69ff-4c35-8bd4-ed2b81d70e54/ozone-metadata/datanode-3/ratis] (custom)
2025-10-20 19:49:55,882 [361055de-215b-4c6c-94c2-be1c1da118d1-groupManagement] INFO  storage.RaftStorageDirectory (RaftStorageDirectoryImpl.java:analyzeStorage(138)) - The storage directory /home/runner/work/ozone/ozone/hadoop-ozone/integration-test/target/test-dir/MiniOzoneClusterImpl-6935df51-69ff-4c35-8bd4-ed2b81d70e54/ozone-metadata/datanode-3/ratis/6f0420ee-085e-4e22-8eb9-dadc204fe0de does not exist. Creating ...
2025-10-20 19:49:55,883 [361055de-215b-4c6c-94c2-be1c1da118d1-groupManagement] INFO  storage.RaftStorageDirectory (RaftStorageDirectoryImpl.java:tryLock(229)) - Lock on /home/runner/work/ozone/ozone/hadoop-ozone/integration-test/target/test-dir/MiniOzoneClusterImpl-6935df51-69ff-4c35-8bd4-ed2b81d70e54/ozone-metadata/datanode-3/ratis/6f0420ee-085e-4e22-8eb9-dadc204fe0de/in_use.lock acquired by nodename 12924@localhost
2025-10-20 19:49:55,885 [4f2bb3f5-0e03-4f1b-bb4c-79c91b98c7da-ContainerReader-0] INFO  ozoneimpl.ContainerReader (ContainerReader.java:readVolume(147)) - Start to verify containers on volume /home/runner/work/ozone/ozone/hadoop-ozone/integration-test/target/test-dir/MiniOzoneClusterImpl-6935df51-69ff-4c35-8bd4-ed2b81d70e54/ozone-metadata/datanode-11/data-0/hdds
2025-10-20 19:49:55,885 [4f2bb3f5-0e03-4f1b-bb4c-79c91b98c7da-ContainerReader-0] INFO  ozoneimpl.ContainerReader (ContainerReader.java:readVolume(177)) - Finish verifying containers on volume /home/runner/work/ozone/ozone/hadoop-ozone/integration-test/target/test-dir/MiniOzoneClusterImpl-6935df51-69ff-4c35-8bd4-ed2b81d70e54/ozone-metadata/datanode-11/data-0/hdds
2025-10-20 19:49:55,885 [4f2bb3f5-0e03-4f1b-bb4c-79c91b98c7da-EndpointStateMachineTaskThread-/0.0.0.0:15002-0 ] INFO  ozoneimpl.OzoneContainer (OzoneContainer.java:buildContainerSet(359)) - Build ContainerSet costs 0s
2025-10-20 19:49:55,886 [361055de-215b-4c6c-94c2-be1c1da118d1-groupManagement] INFO  storage.RaftStorage (RaftStorageImpl.java:format(98)) - Storage directory /home/runner/work/ozone/ozone/hadoop-ozone/integration-test/target/test-dir/MiniOzoneClusterImpl-6935df51-69ff-4c35-8bd4-ed2b81d70e54/ozone-metadata/datanode-3/ratis/6f0420ee-085e-4e22-8eb9-dadc204fe0de has been successfully formatted.
2025-10-20 19:49:55,889 [4f2bb3f5-0e03-4f1b-bb4c-79c91b98c7da-EndpointStateMachineTaskThread-/0.0.0.0:15002-0 ] INFO  volume.ThrottledAsyncChecker (ThrottledAsyncChecker.java:schedule(138)) - Scheduling a check for /home/runner/work/ozone/ozone/hadoop-ozone/integration-test/target/test-dir/MiniOzoneClusterImpl-6935df51-69ff-4c35-8bd4-ed2b81d70e54/ozone-metadata/datanode-11/data-0/hdds
2025-10-20 19:49:55,890 [4f2bb3f5-0e03-4f1b-bb4c-79c91b98c7da-EndpointStateMachineTaskThread-/0.0.0.0:15002-0 ] INFO  volume.StorageVolumeChecker (StorageVolumeChecker.java:checkAllVolumes(231)) - Scheduled health check for volume /home/runner/work/ozone/ozone/hadoop-ozone/integration-test/target/test-dir/MiniOzoneClusterImpl-6935df51-69ff-4c35-8bd4-ed2b81d70e54/ozone-metadata/datanode-11/data-0/hdds
2025-10-20 19:49:55,892 | INFO  | SCMAudit | user=runner | ip=127.0.0.1 | op=SEND_HEARTBEAT {"datanodeUUID":"cc7fbe85-1d98-437b-84f9-04213fee10f0","term":"2","command":"[commandType: createPipelineCommand createPipelineCommandProto { pipelineID { id: \"455e61df-8df1-40bd-a70a-8df13216e60c\" uuid128 { mostSigBits: 4998540249214828733 leastSigBits: -6410155052541483508 } } type: RATIS factor: ONE datanode { uuid: \"cc7fbe85-1d98-437b-84f9-04213fee10f0\" ipAddress: \"127.0.0.1\" hostName: \"localhost\" ports { name: \"HTTP\" value: 15058 } ports { name: \"CLIENT_RPC\" value: 15059 } ports { name: \"REPLICATION\" value: 15065 } ports { name: \"RATIS\" value: 15061 } ports { name: \"RATIS_ADMIN\" value: 15062 } ports { name: \"RATIS_SERVER\" value: 15063 } ports { name: \"RATIS_DATASTREAM\" value: 15064 } ports { name: \"STANDALONE\" value: 15060 } networkName: \"cc7fbe85-1d98-437b-84f9-04213fee10f0\" networkLocation: \"/default-rack\" persistedOpState: IN_SERVICE persistedOpStateExpiry: 0 currentVersion: 2 uuid128 { mostSigBits: -3711038088993553541 leastSigBits: -8865049850649112336 } level: 3 id { uuid { mostSigBits: -3711038088993553541 leastSigBits: -8865049850649112336 } } } cmdId: 1760989793833 priority: 1 } term: 2 encodedToken: \"\" deadlineMsSinceEpoch: 0, commandType: createPipelineCommand createPipelineCommandProto { pipelineID { id: \"b9872faf-8f47-436e-820e-e9f55728802d\" uuid128 { mostSigBits: -5078037623767350418 leastSigBits: -9075058959166439379 } } type: RATIS factor: THREE datanode { uuid: \"7bb0e7f0-2b36-4ec0-8a09-ceac75d91a36\" ipAddress: \"127.0.0.1\" hostName: \"localhost\" ports { name: \"HTTP\" value: 15066 } ports { name: \"CLIENT_RPC\" value: 15067 } ports { name: \"REPLICATION\" value: 15073 } ports { name: \"RATIS\" value: 15069 } ports { name: \"RATIS_ADMIN\" value: 15070 } ports { name: \"RATIS_SERVER\" value: 15071 } ports { name: \"RATIS_DATASTREAM\" value: 15072 } ports { name: \"STANDALONE\" value: 15068 } networkName: \"7bb0e7f0-2b36-4ec0-8a09-ceac75d91a36\" networkLocation: \"/default-rack\" persistedOpState: IN_SERVICE persistedOpStateExpiry: 0 currentVersion: 2 uuid128 { mostSigBits: 8912878681269358272 leastSigBits: -8500035581578241482 } level: 3 id { uuid { mostSigBits: 8912878681269358272 leastSigBits: -8500035581578241482 } } } datanode { uuid: \"605be85e-a7f4-44d7-8cfd-f53001b990b0\" ipAddress: \"127.0.0.1\" hostName: \"localhost\" ports { name: \"HTTP\" value: 15074 } ports { name: \"CLIENT_RPC\" value: 15075 } ports { name: \"REPLICATION\" value: 15081 } ports { name: \"RATIS\" value: 15077 } ports { name: \"RATIS_ADMIN\" value: 15078 } ports { name: \"RATIS_SERVER\" value: 15079 } ports { name: \"RATIS_DATASTREAM\" value: 15080 } ports { name: \"STANDALONE\" value: 15076 } networkName: \"605be85e-a7f4-44d7-8cfd-f53001b990b0\" networkLocation: \"/default-rack\" persistedOpState: IN_SERVICE persistedOpStateExpiry: 0 currentVersion: 2 uuid128 { mostSigBits: 6943398743764124887 leastSigBits: -8287198152755670864 } level: 3 id { uuid { mostSigBits: 6943398743764124887 leastSigBits: -8287198152755670864 } } } datanode { uuid: \"cc7fbe85-1d98-437b-84f9-04213fee10f0\" ipAddress: \"127.0.0.1\" hostName: \"localhost\" ports { name: \"HTTP\" value: 15058 } ports { name: \"CLIENT_RPC\" value: 15059 } ports { name: \"REPLICATION\" value: 15065 } ports { name: \"RATIS\" value: 15061 } ports { name: \"RATIS_ADMIN\" value: 15062 } ports { name: \"RATIS_SERVER\" value: 15063 } ports { name: \"RATIS_DATASTREAM\" value: 15064 } ports { name: \"STANDALONE\" value: 15060 } networkName: \"cc7fbe85-1d98-437b-84f9-04213fee10f0\" networkLocation: \"/default-rack\" persistedOpState: IN_SERVICE persistedOpStateExpiry: 0 currentVersion: 2 uuid128 { mostSigBits: -3711038088993553541 leastSigBits: -8865049850649112336 } level: 3 id { uuid { mostSigBits: -3711038088993553541 leastSigBits: -8865049850649112336 } } } cmdId: 1760989793836 priority: 0 priority: 1 priority: 0 } term: 2 encodedToken: \"\" deadlineMsSinceEpoch: 0, commandType: createPipelineCommand createPipelineCommandProto { pipelineID { id: \"279335df-31f6-46d2-a714-adca28697501\" uuid128 { mostSigBits: 2851682221787858642 leastSigBits: -6407305286068374271 } } type: RATIS factor: THREE datanode { uuid: \"605be85e-a7f4-44d7-8cfd-f53001b990b0\" ipAddress: \"127.0.0.1\" hostName: \"localhost\" ports { name: \"HTTP\" value: 15074 } ports { name: \"CLIENT_RPC\" value: 15075 } ports { name: \"REPLICATION\" value: 15081 } ports { name: \"RATIS\" value: 15077 } ports { name: \"RATIS_ADMIN\" value: 15078 } ports { name: \"RATIS_SERVER\" value: 15079 } ports { name: \"RATIS_DATASTREAM\" value: 15080 } ports { name: \"STANDALONE\" value: 15076 } networkName: \"605be85e-a7f4-44d7-8cfd-f53001b990b0\" networkLocation: \"/default-rack\" persistedOpState: IN_SERVICE persistedOpStateExpiry: 0 currentVersion: 2 uuid128 { mostSigBits: 6943398743764124887 leastSigBits: -8287198152755670864 } level: 3 id { uuid { mostSigBits: 6943398743764124887 leastSigBits: -8287198152755670864 } } } datanode { uuid: \"7bb0e7f0-2b36-4ec0-8a09-ceac75d91a36\" ipAddress: \"127.0.0.1\" hostName: \"localhost\" ports { name: \"HTTP\" value: 15066 } ports { name: \"CLIENT_RPC\" value: 15067 } ports { name: \"REPLICATION\" value: 15073 } ports { name: \"RATIS\" value: 15069 } ports { name: \"RATIS_ADMIN\" value: 15070 } ports { name: \"RATIS_SERVER\" value: 15071 } ports { name: \"RATIS_DATASTREAM\" value: 15072 } ports { name: \"STANDALONE\" value: 15068 } networkName: \"7bb0e7f0-2b36-4ec0-8a09-ceac75d91a36\" networkLocation: \"/default-rack\" persistedOpState: IN_SERVICE persistedOpStateExpiry: 0 currentVersion: 2 uuid128 { mostSigBits: 8912878681269358272 leastSigBits: -8500035581578241482 } level: 3 id { uuid { mostSigBits: 8912878681269358272 leastSigBits: -8500035581578241482 } } } datanode { uuid: \"cc7fbe85-1d98-437b-84f9-04213fee10f0\" ipAddress: \"127.0.0.1\" hostName: \"localhost\" ports { name: \"HTTP\" value: 15058 } ports { name: \"CLIENT_RPC\" value: 15059 } ports { name: \"REPLICATION\" value: 15065 } ports { name: \"RATIS\" value: 15061 } ports { name: \"RATIS_ADMIN\" value: 15062 } ports { name: \"RATIS_SERVER\" value: 15063 } ports { name: \"RATIS_DATASTREAM\" value: 15064 } ports { name: \"STANDALONE\" value: 15060 } networkName: \"cc7fbe85-1d98-437b-84f9-04213fee10f0\" networkLocation: \"/default-rack\" persistedOpState: IN_SERVICE persistedOpStateExpiry: 0 currentVersion: 2 uuid128 { mostSigBits: -3711038088993553541 leastSigBits: -8865049850649112336 } level: 3 id { uuid { mostSigBits: -3711038088993553541 leastSigBits: -8865049850649112336 } } } cmdId: 1760989793837 priority: 0 priority: 1 priority: 0 } term: 2 encodedToken: \"\" deadlineMsSinceEpoch: 0]"} | ret=SUCCESS |  
2025-10-20 19:49:55,894 [361055de-215b-4c6c-94c2-be1c1da118d1-groupManagement] INFO  ratis.ContainerStateMachine (ContainerStateMachine.java:initialize(339)) - 361055de-215b-4c6c-94c2-be1c1da118d1: initialize group-DADC204FE0DE
2025-10-20 19:49:55,895 [361055de-215b-4c6c-94c2-be1c1da118d1-groupManagement] INFO  ratis.ContainerStateMachine (ContainerStateMachine.java:loadSnapshot(347)) - group-DADC204FE0DE: The snapshot info is null. Setting the last applied index to:<INITIAL_VALUE>
2025-10-20 19:49:55,895 [361055de-215b-4c6c-94c2-be1c1da118d1-groupManagement] INFO  server.RaftServerConfigKeys (ConfUtils.java:logGet(62)) - raft.server.log.appender.buffer.byte-limit = 33554432 (custom)
2025-10-20 19:49:55,903 [4f2bb3f5-0e03-4f1b-bb4c-79c91b98c7da-EndpointStateMachineTaskThread-/0.0.0.0:15002-0 ] INFO  volume.ThrottledAsyncChecker (ThrottledAsyncChecker.java:schedule(138)) - Scheduling a check for /home/runner/work/ozone/ozone/hadoop-ozone/integration-test/target/test-dir/MiniOzoneClusterImpl-6935df51-69ff-4c35-8bd4-ed2b81d70e54/ozone-metadata/datanode-11/ratis
2025-10-20 19:49:55,903 [4f2bb3f5-0e03-4f1b-bb4c-79c91b98c7da-EndpointStateMachineTaskThread-/0.0.0.0:15002-0 ] INFO  volume.StorageVolumeChecker (StorageVolumeChecker.java:checkAllVolumes(231)) - Scheduled health check for volume /home/runner/work/ozone/ozone/hadoop-ozone/integration-test/target/test-dir/MiniOzoneClusterImpl-6935df51-69ff-4c35-8bd4-ed2b81d70e54/ozone-metadata/datanode-11/ratis
2025-10-20 19:49:55,908 [4f2bb3f5-0e03-4f1b-bb4c-79c91b98c7da-EndpointStateMachineTaskThread-/0.0.0.0:15002-0 ] INFO  ozoneimpl.OzoneContainer (OzoneContainer.java:start(544)) - Attempting to start container services.
2025-10-20 19:49:55,910 [361055de-215b-4c6c-94c2-be1c1da118d1-groupManagement] INFO  server.RaftServerConfigKeys (ConfUtils.java:logGet(62)) - raft.server.log.segment.size.max = 67108864 (custom)
2025-10-20 19:49:55,911 [ContainerMetadataScanner] INFO  ozoneimpl.AbstractBackgroundContainerScanner (AbstractBackgroundContainerScanner.java:runIteration(89)) - Completed an iteration in 0 minutes. Number of iterations (since the data-node restart) : 1, Number of containers scanned in this iteration : 0, Number of unhealthy containers found in this iteration : 0
2025-10-20 19:49:55,911 [ContainerDataScanner(/home/runner/work/ozone/ozone/hadoop-ozone/integration-test/target/test-dir/MiniOzoneClusterImpl-6935df51-69ff-4c35-8bd4-ed2b81d70e54/ozone-metadata/datanode-11/data-0/hdds)] INFO  ozoneimpl.AbstractBackgroundContainerScanner (AbstractBackgroundContainerScanner.java:runIteration(89)) - Completed an iteration in 0 minutes. Number of iterations (since the data-node restart) : 1, Number of containers scanned in this iteration : 0, Number of unhealthy containers found in this iteration : 0
2025-10-20 19:49:55,912 [4f2bb3f5-0e03-4f1b-bb4c-79c91b98c7da-EndpointStateMachineTaskThread-/0.0.0.0:15002-0 ] INFO  replication.ReplicationServer (ReplicationServer.java:start(137)) - ReplicationServer is started using port 15097
2025-10-20 19:49:55,912 [4f2bb3f5-0e03-4f1b-bb4c-79c91b98c7da-EndpointStateMachineTaskThread-/0.0.0.0:15002-0 ] INFO  ratis.XceiverServerRatis (XceiverServerRatis.java:start(559)) - Starting XceiverServerRatis(4f2bb3f5-0e03-4f1b-bb4c-79c91b98c7da)
2025-10-20 19:49:55,913 [361055de-215b-4c6c-94c2-be1c1da118d1-groupManagement] INFO  server.RaftServerConfigKeys (ConfUtils.java:logGet(62)) - raft.server.log.appender.buffer.byte-limit = 33554432 (custom)
2025-10-20 19:49:55,915 [361055de-215b-4c6c-94c2-be1c1da118d1-groupManagement] INFO  util.AwaitToRun (AwaitToRun.java:start(81)) - Thread[#1347,361055de-215b-4c6c-94c2-be1c1da118d1@group-DADC204FE0DE-cacheEviction-AwaitToRun,5,main] started
2025-10-20 19:49:55,915 [361055de-215b-4c6c-94c2-be1c1da118d1-groupManagement] INFO  segmented.SegmentedRaftLogWorker (SegmentedRaftLogWorker.java:<init>(190)) - new 361055de-215b-4c6c-94c2-be1c1da118d1@group-DADC204FE0DE-SegmentedRaftLogWorker for RaftStorageImpl:Storage Directory /home/runner/work/ozone/ozone/hadoop-ozone/integration-test/target/test-dir/MiniOzoneClusterImpl-6935df51-69ff-4c35-8bd4-ed2b81d70e54/ozone-metadata/datanode-3/ratis/6f0420ee-085e-4e22-8eb9-dadc204fe0de
2025-10-20 19:49:55,915 [361055de-215b-4c6c-94c2-be1c1da118d1-groupManagement] INFO  server.RaftServerConfigKeys (ConfUtils.java:logGet(62)) - raft.server.log.queue.byte-limit = 4294967296 (custom)
2025-10-20 19:49:55,916 [361055de-215b-4c6c-94c2-be1c1da118d1-groupManagement] INFO  server.RaftServerConfigKeys (ConfUtils.java:logGet(62)) - raft.server.log.queue.element-limit = 1024 (custom)
2025-10-20 19:49:55,916 [361055de-215b-4c6c-94c2-be1c1da118d1-groupManagement] INFO  server.RaftServerConfigKeys (ConfUtils.java:logGet(62)) - raft.server.log.segment.size.max = 67108864 (custom)
2025-10-20 19:49:55,916 [361055de-215b-4c6c-94c2-be1c1da118d1-groupManagement] INFO  server.RaftServerConfigKeys (ConfUtils.java:logGet(62)) - raft.server.log.preallocated.size = 4194304 (custom)
2025-10-20 19:49:55,916 [361055de-215b-4c6c-94c2-be1c1da118d1-groupManagement] INFO  server.RaftServerConfigKeys (ConfUtils.java:logGet(62)) - raft.server.log.statemachine.data.sync.timeout.retry = 30 (custom)
2025-10-20 19:49:55,918 [4f2bb3f5-0e03-4f1b-bb4c-79c91b98c7da-EndpointStateMachineTaskThread-/0.0.0.0:15002-0 ] INFO  server.RaftServer (RaftServerProxy.java:startImpl(412)) - 4f2bb3f5-0e03-4f1b-bb4c-79c91b98c7da: start RPC server
2025-10-20 19:49:55,918 [361055de-215b-4c6c-94c2-be1c1da118d1-groupManagement] INFO  server.RaftServerConfigKeys (ConfUtils.java:logGet(62)) - raft.server.log.write.buffer.size = 33554440 (custom)
2025-10-20 19:49:55,919 [4f2bb3f5-0e03-4f1b-bb4c-79c91b98c7da-EndpointStateMachineTaskThread-/0.0.0.0:15002-0 ] INFO  server.GrpcServicesImpl (GrpcServicesImpl.java:startImpl(346)) - 4f2bb3f5-0e03-4f1b-bb4c-79c91b98c7da: GrpcServicesImpl started, listening on 15093
2025-10-20 19:49:55,922 [4f2bb3f5-0e03-4f1b-bb4c-79c91b98c7da-EndpointStateMachineTaskThread-/0.0.0.0:15002-0 ] INFO  server.GrpcServicesImpl (GrpcServicesImpl.java:startImpl(346)) - 4f2bb3f5-0e03-4f1b-bb4c-79c91b98c7da: GrpcServicesImpl started, listening on 15095
2025-10-20 19:49:55,923 [4f2bb3f5-0e03-4f1b-bb4c-79c91b98c7da-EndpointStateMachineTaskThread-/0.0.0.0:15002-0 ] INFO  server.GrpcServicesImpl (GrpcServicesImpl.java:startImpl(346)) - 4f2bb3f5-0e03-4f1b-bb4c-79c91b98c7da: GrpcServicesImpl started, listening on 15094
2025-10-20 19:49:55,924 [JvmPauseMonitor13] INFO  util.JvmPauseMonitor (JvmPauseMonitor.java:run(146)) - JvmPauseMonitor-4f2bb3f5-0e03-4f1b-bb4c-79c91b98c7da: Started
2025-10-20 19:49:55,925 [4f2bb3f5-0e03-4f1b-bb4c-79c91b98c7da-EndpointStateMachineTaskThread-/0.0.0.0:15002-0 ] INFO  ratis.XceiverServerRatis (XceiverServerRatis.java:getRealPort(586)) - XceiverServerRatis(4f2bb3f5-0e03-4f1b-bb4c-79c91b98c7da) is started using port RATIS=15093
2025-10-20 19:49:55,925 [4f2bb3f5-0e03-4f1b-bb4c-79c91b98c7da-EndpointStateMachineTaskThread-/0.0.0.0:15002-0 ] INFO  ratis.XceiverServerRatis (XceiverServerRatis.java:getRealPort(586)) - XceiverServerRatis(4f2bb3f5-0e03-4f1b-bb4c-79c91b98c7da) is started using port RATIS_ADMIN=15094
2025-10-20 19:49:55,925 [4f2bb3f5-0e03-4f1b-bb4c-79c91b98c7da-EndpointStateMachineTaskThread-/0.0.0.0:15002-0 ] INFO  ratis.XceiverServerRatis (XceiverServerRatis.java:getRealPort(586)) - XceiverServerRatis(4f2bb3f5-0e03-4f1b-bb4c-79c91b98c7da) is started using port RATIS_SERVER=15095
2025-10-20 19:49:55,925 [4f2bb3f5-0e03-4f1b-bb4c-79c91b98c7da-EndpointStateMachineTaskThread-/0.0.0.0:15002-0 ] INFO  ratis.XceiverServerRatis (XceiverServerRatis.java:getRealPort(586)) - XceiverServerRatis(4f2bb3f5-0e03-4f1b-bb4c-79c91b98c7da) is started using port RATIS_DATASTREAM=15096
2025-10-20 19:49:55,927 [4f2bb3f5-0e03-4f1b-bb4c-79c91b98c7da-EndpointStateMachineTaskThread-/0.0.0.0:15002-0 ] INFO  utils.BackgroundService (BackgroundService.java:start(119)) - Starting service BlockDeletingService with interval 60000 milliseconds
2025-10-20 19:49:55,928 [4f2bb3f5-0e03-4f1b-bb4c-79c91b98c7da-EndpointStateMachineTaskThread-/0.0.0.0:15002-0 ] INFO  utils.BackgroundService (BackgroundService.java:start(119)) - Starting service StaleRecoveringContainerScrubbingService with interval 60000 milliseconds
2025-10-20 19:49:55,930 [361055de-215b-4c6c-94c2-be1c1da118d1-groupManagement] INFO  server.RaftServerConfigKeys (ConfUtils.java:logGet(62)) - raft.server.log.appender.buffer.byte-limit = 33554432 (custom)
2025-10-20 19:49:55,930 [361055de-215b-4c6c-94c2-be1c1da118d1-groupManagement] INFO  server.RaftServerConfigKeys (ConfUtils.java:logGet(62)) - raft.server.log.statemachine.data.caching.enabled = true (custom)
2025-10-20 19:49:55,930 [361055de-215b-4c6c-94c2-be1c1da118d1-groupManagement] INFO  segmented.SegmentedRaftLogWorker (SegmentedRaftLogWorker.java:lambda$new$0(141)) - 361055de-215b-4c6c-94c2-be1c1da118d1@group-DADC204FE0DE-SegmentedRaftLogWorker: flushIndex: setUnconditionally 0 -> -1
2025-10-20 19:49:55,930 [361055de-215b-4c6c-94c2-be1c1da118d1-groupManagement] INFO  segmented.SegmentedRaftLogWorker (SegmentedRaftLogWorker.java:lambda$new$0(141)) - 361055de-215b-4c6c-94c2-be1c1da118d1@group-DADC204FE0DE-SegmentedRaftLogWorker: safeCacheEvictIndex: setUnconditionally 0 -> -1
2025-10-20 19:49:55,930 [361055de-215b-4c6c-94c2-be1c1da118d1-groupManagement] INFO  server.RaftServer$Division (RaftServerImpl.java:start(405)) - 361055de-215b-4c6c-94c2-be1c1da118d1@group-DADC204FE0DE: start as a follower, conf=conf: {index: -1, cur=peers:[361055de-215b-4c6c-94c2-be1c1da118d1|127.0.0.1:15031]|listeners:[], old=null}
2025-10-20 19:49:55,931 [361055de-215b-4c6c-94c2-be1c1da118d1-groupManagement] INFO  server.RaftServer$Division (RaftServerImpl.java:setRole(392)) - 361055de-215b-4c6c-94c2-be1c1da118d1@group-DADC204FE0DE: changes role from      null to FOLLOWER at term 0 for startAsFollower
2025-10-20 19:49:55,931 [361055de-215b-4c6c-94c2-be1c1da118d1-groupManagement] INFO  impl.RoleInfo (RoleInfo.java:updateAndGet(148)) - 361055de-215b-4c6c-94c2-be1c1da118d1: start 361055de-215b-4c6c-94c2-be1c1da118d1@group-DADC204FE0DE-FollowerState
2025-10-20 19:49:55,931 [361055de-215b-4c6c-94c2-be1c1da118d1-groupManagement] INFO  util.JmxRegister (JmxRegister.java:tryRegister(44)) - Successfully registered JMX Bean with object name Ratis:service=RaftServer,group=group-DADC204FE0DE,id=361055de-215b-4c6c-94c2-be1c1da118d1
2025-10-20 19:49:55,931 [361055de-215b-4c6c-94c2-be1c1da118d1-groupManagement] INFO  util.JmxRegister (JmxRegister.java:register(58)) - register mxBean class org.apache.ratis.server.impl.RaftServerJmxAdapter as Ratis:service=RaftServer,group=group-DADC204FE0DE,id=361055de-215b-4c6c-94c2-be1c1da118d1
2025-10-20 19:49:55,931 [361055de-215b-4c6c-94c2-be1c1da118d1-groupManagement] INFO  server.RaftServerConfigKeys (ConfUtils.java:logGet(62)) - raft.server.snapshot.auto.trigger.threshold = 100000 (custom)
2025-10-20 19:49:55,932 [361055de-215b-4c6c-94c2-be1c1da118d1-groupManagement] INFO  server.RaftServerConfigKeys (ConfUtils.java:logGet(62)) - raft.server.snapshot.retention.file.num = 5 (custom)
2025-10-20 19:49:55,932 [361055de-215b-4c6c-94c2-be1c1da118d1-groupManagement] INFO  server.RaftServerConfigKeys (ConfUtils.java:logGet(62)) - raft.server.log.purge.upto.snapshot.index = false (default)
2025-10-20 19:49:55,932 [EventQueue-PipelineReportForOneReplicaPipelineSafeModeRule] INFO  safemode.SCMSafeModeManager (SCMSafeModeManager.java:validateSafeModeExitRules(138)) - OneReplicaPipelineSafeModeRule rule is successfully validated
2025-10-20 19:49:55,932 | INFO  | SCMAudit | user=runner | ip=127.0.0.1 | op=SEND_HEARTBEAT {"datanodeUUID":"361055de-215b-4c6c-94c2-be1c1da118d1","term":"2","command":"[]"} | ret=SUCCESS |  
2025-10-20 19:49:55,935 [361055de-215b-4c6c-94c2-be1c1da118d1-groupManagement] INFO  server.RaftServer$Division (RaftServerImpl.java:start(419)) - 361055de-215b-4c6c-94c2-be1c1da118d1@group-DADC204FE0DE: Successfully started.
2025-10-20 19:49:55,937 [361055de-215b-4c6c-94c2-be1c1da118d1-CreatePipelineCommandHandlerThread-0] INFO  ratis.XceiverServerRatis (XceiverServerRatis.java:addGroup(839)) - Created group Pipeline-6f0420ee-085e-4e22-8eb9-dadc204fe0de
2025-10-20 19:49:55,937 [361055de-215b-4c6c-94c2-be1c1da118d1-CreatePipelineCommandHandlerThread-0] INFO  commandhandler.CreatePipelineCommandHandler (CreatePipelineCommandHandler.java:lambda$handle$2(141)) - Created Pipeline RATIS ONE Pipeline-6f0420ee-085e-4e22-8eb9-dadc204fe0de.
2025-10-20 19:49:55,939 [361055de-215b-4c6c-94c2-be1c1da118d1-CreatePipelineCommandHandlerThread-0] INFO  server.RaftServer (RaftServerProxy.java:addNew(105)) - 361055de-215b-4c6c-94c2-be1c1da118d1: addNew group-939DE61E1E74:[ef67b0a7-5b27-496d-9f38-ab804a28e500|127.0.0.1:15023, e05592a5-d00f-4fc1-9e39-a968c1ecb04e|127.0.0.1:15015, 361055de-215b-4c6c-94c2-be1c1da118d1|127.0.0.1:15031] returns group-939DE61E1E74:java.util.concurrent.CompletableFuture@48d91e4[Not completed]
2025-10-20 19:49:55,937 [206580cc-82ee-4213-b95b-59cb1d300b36@group-ED2B81D70E54-StateMachineUpdater] INFO  safemode.SCMSafeModeManager (SCMSafeModeManager.java:validateSafeModeExitRules(138)) - DataNodeSafeModeRule rule is successfully validated
2025-10-20 19:49:55,939 [206580cc-82ee-4213-b95b-59cb1d300b36@group-ED2B81D70E54-StateMachineUpdater] INFO  safemode.SCMSafeModeManager (SCMSafeModeManager.java:validateSafeModeExitRules(138)) - RatisContainerSafeModeRule rule is successfully validated
2025-10-20 19:49:55,939 [206580cc-82ee-4213-b95b-59cb1d300b36@group-ED2B81D70E54-StateMachineUpdater] INFO  safemode.HealthyPipelineSafeModeRule (HealthyPipelineSafeModeRule.java:initializeRule(226)) - Refreshed total pipeline count is 0, healthy pipeline threshold count is 1
2025-10-20 19:49:55,939 [206580cc-82ee-4213-b95b-59cb1d300b36@group-ED2B81D70E54-StateMachineUpdater] INFO  safemode.SCMSafeModeManager (SCMSafeModeManager.java:validateSafeModeExitRules(138)) - OneReplicaPipelineSafeModeRule rule is successfully validated
2025-10-20 19:49:55,939 [206580cc-82ee-4213-b95b-59cb1d300b36@group-ED2B81D70E54-StateMachineUpdater] INFO  safemode.SCMSafeModeManager (SCMSafeModeManager.java:validateSafeModeExitRules(138)) - ECContainerSafeModeRule rule is successfully validated
2025-10-20 19:49:55,939 [EventQueue-PipelineReportForPipelineReportHandler] INFO  pipeline.PipelineReportHandler (PipelineReportHandler.java:processPipelineReport(132)) - Opened pipeline Pipeline-6f0420ee-085e-4e22-8eb9-dadc204fe0de
2025-10-20 19:49:55,942 [361055de-215b-4c6c-94c2-be1c1da118d1-groupManagement] INFO  server.RaftServer$Division (RaftServerImpl.java:<init>(268)) - 361055de-215b-4c6c-94c2-be1c1da118d1: new RaftServerImpl for group-939DE61E1E74:[ef67b0a7-5b27-496d-9f38-ab804a28e500|127.0.0.1:15023, e05592a5-d00f-4fc1-9e39-a968c1ecb04e|127.0.0.1:15015, 361055de-215b-4c6c-94c2-be1c1da118d1|127.0.0.1:15031] with ContainerStateMachine:uninitialized
2025-10-20 19:49:55,942 [361055de-215b-4c6c-94c2-be1c1da118d1-groupManagement] INFO  server.RaftServer$Division (ServerState.java:<init>(114)) - 361055de-215b-4c6c-94c2-be1c1da118d1@group-939DE61E1E74: ConfigurationManager, init=conf: {index: -1, cur=peers:[ef67b0a7-5b27-496d-9f38-ab804a28e500|127.0.0.1:15023, e05592a5-d00f-4fc1-9e39-a968c1ecb04e|127.0.0.1:15015, 361055de-215b-4c6c-94c2-be1c1da118d1|127.0.0.1:15031]|listeners:[], old=null}, confs=<EMPTY_MAP>
2025-10-20 19:49:55,953 [361055de-215b-4c6c-94c2-be1c1da118d1-groupManagement] INFO  storage.RaftStorageDirectory (RaftStorageDirectoryImpl.java:analyzeStorage(138)) - The storage directory /home/runner/work/ozone/ozone/hadoop-ozone/integration-test/target/test-dir/MiniOzoneClusterImpl-6935df51-69ff-4c35-8bd4-ed2b81d70e54/ozone-metadata/datanode-3/ratis/0b8c5e6b-69eb-484b-887e-939de61e1e74 does not exist. Creating ...
2025-10-20 19:49:55,954 [361055de-215b-4c6c-94c2-be1c1da118d1-groupManagement] INFO  storage.RaftStorageDirectory (RaftStorageDirectoryImpl.java:tryLock(229)) - Lock on /home/runner/work/ozone/ozone/hadoop-ozone/integration-test/target/test-dir/MiniOzoneClusterImpl-6935df51-69ff-4c35-8bd4-ed2b81d70e54/ozone-metadata/datanode-3/ratis/0b8c5e6b-69eb-484b-887e-939de61e1e74/in_use.lock acquired by nodename 12924@localhost
2025-10-20 19:49:55,956 [361055de-215b-4c6c-94c2-be1c1da118d1-groupManagement] INFO  storage.RaftStorage (RaftStorageImpl.java:format(98)) - Storage directory /home/runner/work/ozone/ozone/hadoop-ozone/integration-test/target/test-dir/MiniOzoneClusterImpl-6935df51-69ff-4c35-8bd4-ed2b81d70e54/ozone-metadata/datanode-3/ratis/0b8c5e6b-69eb-484b-887e-939de61e1e74 has been successfully formatted.
2025-10-20 19:49:55,956 [361055de-215b-4c6c-94c2-be1c1da118d1-groupManagement] INFO  ratis.ContainerStateMachine (ContainerStateMachine.java:initialize(339)) - 361055de-215b-4c6c-94c2-be1c1da118d1: initialize group-939DE61E1E74
2025-10-20 19:49:55,957 [361055de-215b-4c6c-94c2-be1c1da118d1-groupManagement] INFO  ratis.ContainerStateMachine (ContainerStateMachine.java:loadSnapshot(347)) - group-939DE61E1E74: The snapshot info is null. Setting the last applied index to:<INITIAL_VALUE>
2025-10-20 19:49:55,958 [361055de-215b-4c6c-94c2-be1c1da118d1-groupManagement] INFO  server.RaftServerConfigKeys (ConfUtils.java:logGet(62)) - raft.server.log.appender.buffer.byte-limit = 33554432 (custom)
2025-10-20 19:49:55,960 | INFO  | SCMAudit | user=runner | ip=127.0.0.1 | op=SEND_HEARTBEAT {"datanodeUUID":"361055de-215b-4c6c-94c2-be1c1da118d1","term":"2","command":"[]"} | ret=SUCCESS |  
2025-10-20 19:49:55,960 [EventQueue-PipelineReportForOneReplicaPipelineSafeModeRule] INFO  safemode.SCMSafeModeManager (SCMSafeModeManager.java:validateSafeModeExitRules(138)) - OneReplicaPipelineSafeModeRule rule is successfully validated
2025-10-20 19:49:55,963 [361055de-215b-4c6c-94c2-be1c1da118d1-groupManagement] INFO  server.RaftServerConfigKeys (ConfUtils.java:logGet(62)) - raft.server.log.segment.size.max = 67108864 (custom)
2025-10-20 19:49:55,964 [361055de-215b-4c6c-94c2-be1c1da118d1-groupManagement] INFO  server.RaftServerConfigKeys (ConfUtils.java:logGet(62)) - raft.server.log.appender.buffer.byte-limit = 33554432 (custom)
2025-10-20 19:49:55,964 [361055de-215b-4c6c-94c2-be1c1da118d1-groupManagement] INFO  util.AwaitToRun (AwaitToRun.java:start(81)) - Thread[#1361,361055de-215b-4c6c-94c2-be1c1da118d1@group-939DE61E1E74-cacheEviction-AwaitToRun,5,main] started
2025-10-20 19:49:55,964 [361055de-215b-4c6c-94c2-be1c1da118d1-groupManagement] INFO  segmented.SegmentedRaftLogWorker (SegmentedRaftLogWorker.java:<init>(190)) - new 361055de-215b-4c6c-94c2-be1c1da118d1@group-939DE61E1E74-SegmentedRaftLogWorker for RaftStorageImpl:Storage Directory /home/runner/work/ozone/ozone/hadoop-ozone/integration-test/target/test-dir/MiniOzoneClusterImpl-6935df51-69ff-4c35-8bd4-ed2b81d70e54/ozone-metadata/datanode-3/ratis/0b8c5e6b-69eb-484b-887e-939de61e1e74
2025-10-20 19:49:55,964 [361055de-215b-4c6c-94c2-be1c1da118d1-groupManagement] INFO  server.RaftServerConfigKeys (ConfUtils.java:logGet(62)) - raft.server.log.queue.byte-limit = 4294967296 (custom)
2025-10-20 19:49:55,964 [361055de-215b-4c6c-94c2-be1c1da118d1-groupManagement] INFO  server.RaftServerConfigKeys (ConfUtils.java:logGet(62)) - raft.server.log.segment.size.max = 67108864 (custom)
2025-10-20 19:49:55,964 [361055de-215b-4c6c-94c2-be1c1da118d1-groupManagement] INFO  server.RaftServerConfigKeys (ConfUtils.java:logGet(62)) - raft.server.log.preallocated.size = 4194304 (custom)
2025-10-20 19:49:55,965 [361055de-215b-4c6c-94c2-be1c1da118d1-groupManagement] INFO  server.RaftServerConfigKeys (ConfUtils.java:logGet(62)) - raft.server.log.write.buffer.size = 33554440 (custom)
2025-10-20 19:49:55,973 [361055de-215b-4c6c-94c2-be1c1da118d1-groupManagement] INFO  server.RaftServerConfigKeys (ConfUtils.java:logGet(62)) - raft.server.log.appender.buffer.byte-limit = 33554432 (custom)
2025-10-20 19:49:55,973 [361055de-215b-4c6c-94c2-be1c1da118d1-groupManagement] INFO  segmented.SegmentedRaftLogWorker (SegmentedRaftLogWorker.java:lambda$new$0(141)) - 361055de-215b-4c6c-94c2-be1c1da118d1@group-939DE61E1E74-SegmentedRaftLogWorker: flushIndex: setUnconditionally 0 -> -1
2025-10-20 19:49:55,974 [361055de-215b-4c6c-94c2-be1c1da118d1-groupManagement] INFO  segmented.SegmentedRaftLogWorker (SegmentedRaftLogWorker.java:lambda$new$0(141)) - 361055de-215b-4c6c-94c2-be1c1da118d1@group-939DE61E1E74-SegmentedRaftLogWorker: safeCacheEvictIndex: setUnconditionally 0 -> -1
2025-10-20 19:49:55,974 [361055de-215b-4c6c-94c2-be1c1da118d1-groupManagement] INFO  server.RaftServer$Division (RaftServerImpl.java:start(405)) - 361055de-215b-4c6c-94c2-be1c1da118d1@group-939DE61E1E74: start as a follower, conf=conf: {index: -1, cur=peers:[ef67b0a7-5b27-496d-9f38-ab804a28e500|127.0.0.1:15023, e05592a5-d00f-4fc1-9e39-a968c1ecb04e|127.0.0.1:15015, 361055de-215b-4c6c-94c2-be1c1da118d1|127.0.0.1:15031]|listeners:[], old=null}
2025-10-20 19:49:55,974 [361055de-215b-4c6c-94c2-be1c1da118d1-groupManagement] INFO  server.RaftServer$Division (RaftServerImpl.java:setRole(392)) - 361055de-215b-4c6c-94c2-be1c1da118d1@group-939DE61E1E74: changes role from      null to FOLLOWER at term 0 for startAsFollower
2025-10-20 19:49:55,974 [361055de-215b-4c6c-94c2-be1c1da118d1-groupManagement] INFO  impl.RoleInfo (RoleInfo.java:updateAndGet(148)) - 361055de-215b-4c6c-94c2-be1c1da118d1: start 361055de-215b-4c6c-94c2-be1c1da118d1@group-939DE61E1E74-FollowerState
2025-10-20 19:49:55,975 [361055de-215b-4c6c-94c2-be1c1da118d1-groupManagement] INFO  util.JmxRegister (JmxRegister.java:tryRegister(44)) - Successfully registered JMX Bean with object name Ratis:service=RaftServer,group=group-939DE61E1E74,id=361055de-215b-4c6c-94c2-be1c1da118d1
2025-10-20 19:49:55,975 [361055de-215b-4c6c-94c2-be1c1da118d1-groupManagement] INFO  util.JmxRegister (JmxRegister.java:register(58)) - register mxBean class org.apache.ratis.server.impl.RaftServerJmxAdapter as Ratis:service=RaftServer,group=group-939DE61E1E74,id=361055de-215b-4c6c-94c2-be1c1da118d1
2025-10-20 19:49:55,976 [361055de-215b-4c6c-94c2-be1c1da118d1-groupManagement] INFO  server.RaftServer$Division (RaftServerImpl.java:start(419)) - 361055de-215b-4c6c-94c2-be1c1da118d1@group-939DE61E1E74: Successfully started.
2025-10-20 19:49:55,977 [361055de-215b-4c6c-94c2-be1c1da118d1-CreatePipelineCommandHandlerThread-0] INFO  ratis.XceiverServerRatis (XceiverServerRatis.java:addGroup(839)) - Created group Pipeline-0b8c5e6b-69eb-484b-887e-939de61e1e74
2025-10-20 19:49:56,000 [ForkJoinPool-1-worker-1] INFO  handler.ContextHandler (ContextHandler.java:doStart(921)) - Started o.e.j.w.WebAppContext@51a44c8b{hddsDatanode,/,file:///home/runner/work/ozone/ozone/hadoop-ozone/integration-test/target/test-dir/MiniOzoneClusterImpl-6935df51-69ff-4c35-8bd4-ed2b81d70e54/scm/ozone-metadata/webserver/jetty-0_0_0_0-15114-hdds-container-service-2_1_0-SNAPSHOT_jar-_-any-1884504441520074407/webapp/,AVAILABLE}{jar:file:/home/runner/work/ozone/ozone/hadoop-hdds/container-service/target/hdds-container-service-2.1.0-SNAPSHOT.jar!/webapps/hddsDatanode}
2025-10-20 19:49:56,002 [ForkJoinPool-1-worker-1] INFO  server.AbstractConnector (AbstractConnector.java:doStart(333)) - Started ServerConnector@7cb2042a{HTTP/1.1, (http/1.1)}{0.0.0.0:15114}
2025-10-20 19:49:56,002 [ForkJoinPool-1-worker-1] INFO  server.Server (Server.java:doStart(415)) - Started @13655ms
2025-10-20 19:49:56,002 [ForkJoinPool-1-worker-1] WARN  impl.MetricsSystemImpl (MetricsSystemImpl.java:register(279)) - Sink prometheus already exists!
2025-10-20 19:49:56,003 [ForkJoinPool-1-worker-1] INFO  http.BaseHttpServer (BaseHttpServer.java:updateConnectorAddress(357)) - HTTP server of hddsDatanode listening at http://localhost:15114
2025-10-20 19:49:56,003 [ForkJoinPool-1-worker-1] INFO  ipc.CallQueueManager (CallQueueManager.java:<init>(93)) - Using callQueue: class java.util.concurrent.LinkedBlockingQueue, queueCapacity: 1000, scheduler: class org.apache.hadoop.ipc.DefaultRpcScheduler, ipcBackoff: false, ipcFailOver: false.
2025-10-20 19:49:56,004 [ForkJoinPool-1-worker-1] INFO  ipc.Server (Server.java:<init>(1438)) - Listener at 0.0.0.0:15115
2025-10-20 19:49:56,005 [Socket Reader #1 for port 15115] INFO  ipc.Server (Server.java:run(1474)) - Starting Socket Reader #1 for port 15115
2025-10-20 19:49:56,006 [Socket Reader #2 for port 15115] INFO  ipc.Server (Server.java:run(1474)) - Starting Socket Reader #2 for port 15115
2025-10-20 19:49:56,006 [Socket Reader #3 for port 15115] INFO  ipc.Server (Server.java:run(1474)) - Starting Socket Reader #3 for port 15115
2025-10-20 19:49:56,007 [Socket Reader #4 for port 15115] INFO  ipc.Server (Server.java:run(1474)) - Starting Socket Reader #4 for port 15115
2025-10-20 19:49:56,007 [Socket Reader #5 for port 15115] INFO  ipc.Server (Server.java:run(1474)) - Starting Socket Reader #5 for port 15115
2025-10-20 19:49:56,008 [Socket Reader #6 for port 15115] INFO  ipc.Server (Server.java:run(1474)) - Starting Socket Reader #6 for port 15115
2025-10-20 19:49:56,008 [Socket Reader #7 for port 15115] INFO  ipc.Server (Server.java:run(1474)) - Starting Socket Reader #7 for port 15115
2025-10-20 19:49:56,009 [Socket Reader #8 for port 15115] INFO  ipc.Server (Server.java:run(1474)) - Starting Socket Reader #8 for port 15115
2025-10-20 19:49:56,009 [Socket Reader #9 for port 15115] INFO  ipc.Server (Server.java:run(1474)) - Starting Socket Reader #9 for port 15115
2025-10-20 19:49:56,010 [Socket Reader #10 for port 15115] INFO  ipc.Server (Server.java:run(1474)) - Starting Socket Reader #10 for port 15115
2025-10-20 19:49:56,014 [ForkJoinPool-1-worker-1] INFO  ozone.HddsDatanodeService (HddsDatanodeService.java:start(333)) - Datanode start with admins: [admin, runner]
2025-10-20 19:49:56,014 [ForkJoinPool-1-worker-1] INFO  ozone.HddsDatanodeClientProtocolServer (HddsDatanodeClientProtocolServer.java:start(76)) - RPC server for Client /0.0.0.0:15115
2025-10-20 19:49:56,015 [IPC Server Responder] INFO  ipc.Server (Server.java:run(1713)) - IPC Server Responder: starting
2025-10-20 19:49:56,015 [IPC Server listener on 15115] INFO  ipc.Server (Server.java:run(1553)) - IPC Server listener on 15115: starting
2025-10-20 19:49:56,018 | INFO  | SCMAudit | user=runner | ip=127.0.0.1 | op=GET_VERSION {} | ret=SUCCESS |  
2025-10-20 19:49:56,023 [ForkJoinPool-1-worker-1] INFO  ozone.MiniOzoneClusterImpl (MiniOzoneClusterImpl.java:lambda$waitForClusterToBeReady$0(181)) - Waiting for nodes to be ready. Got 9 of 14 DN Heartbeats.
2025-10-20 19:49:56,023 [ForkJoinPool-1-worker-1] INFO  ozone.MiniOzoneClusterImpl (MiniOzoneClusterImpl.java:lambda$waitForClusterToBeReady$0(184)) - Waiting for cluster to exit safe mode
2025-10-20 19:49:56,023 [ForkJoinPool-1-worker-1] INFO  ozone.MiniOzoneClusterImpl (MiniOzoneClusterImpl.java:lambda$waitForClusterToBeReady$0(186)) - SCM became leader
2025-10-20 19:49:56,025 [38991c48-ffb3-4453-b758-77d6b4ebc62b-DatanodeStateMachineDaemonThread] INFO  statemachine.DatanodeStateMachine (DatanodeStateMachine.java:startStateMachineThread(363)) - Ozone container server started.
2025-10-20 19:49:56,032 [38991c48-ffb3-4453-b758-77d6b4ebc62b-DatanodeStateMachineTaskThread-0] INFO  datanode.InitDatanodeState (InitDatanodeState.java:persistContainerDatanodeDetails(139)) - DatanodeDetails is persisted to /home/runner/work/ozone/ozone/hadoop-ozone/integration-test/target/test-dir/MiniOzoneClusterImpl-6935df51-69ff-4c35-8bd4-ed2b81d70e54/ozone-metadata/datanode-14/ozone-metadata/datanode.id
2025-10-20 19:49:56,053 [d7d8cf72-b9f6-4979-9c53-007dd6e6e48a-EndpointStateMachineTaskThread-/0.0.0.0:15002-0 ] INFO  utils.DatanodeStoreCache (DatanodeStoreCache.java:addDB(70)) - Added db /home/runner/work/ozone/ozone/hadoop-ozone/integration-test/target/test-dir/MiniOzoneClusterImpl-6935df51-69ff-4c35-8bd4-ed2b81d70e54/ozone-metadata/datanode-12/data-0/hdds/6935df51-69ff-4c35-8bd4-ed2b81d70e54/DS-b97fa035-c1c6-401e-9dda-65598f6b134d/container.db to cache
2025-10-20 19:49:56,054 [d7d8cf72-b9f6-4979-9c53-007dd6e6e48a-EndpointStateMachineTaskThread-/0.0.0.0:15002-0 ] INFO  volume.HddsVolume (HddsVolume.java:createDbStore(576)) - SchemaV3 db is created and loaded at /home/runner/work/ozone/ozone/hadoop-ozone/integration-test/target/test-dir/MiniOzoneClusterImpl-6935df51-69ff-4c35-8bd4-ed2b81d70e54/ozone-metadata/datanode-12/data-0/hdds/6935df51-69ff-4c35-8bd4-ed2b81d70e54/DS-b97fa035-c1c6-401e-9dda-65598f6b134d/container.db for volume DS-b97fa035-c1c6-401e-9dda-65598f6b134d
2025-10-20 19:49:56,054 [IPC Server handler 6 on default port 15002] INFO  net.NetworkTopologyImpl (NetworkTopologyImpl.java:add(133)) - Added a new node: /default-rack/33f74daf-be7a-4306-b2af-53e409c4cb93
2025-10-20 19:49:56,055 [IPC Server handler 6 on default port 15002] INFO  node.SCMNodeManager (SCMNodeManager.java:register(423)) - Registered datanode: 33f74daf-be7a-4306-b2af-53e409c4cb93{ip: 127.0.0.1, host: localhost, ports: [HTTP=15082, CLIENT_RPC=15083, REPLICATION=15089, RATIS=15085, RATIS_ADMIN=15086, RATIS_SERVER=15087, RATIS_DATASTREAM=15088, STANDALONE=15084], networkLocation: /default-rack, certSerialId: null, persistedOpState: null, persistedOpStateExpiryEpochSec: 0}
2025-10-20 19:49:56,055 [EventQueue-ContainerRegistrationReportForRatisContainerSafeModeRule] INFO  safemode.SCMSafeModeManager (SCMSafeModeManager.java:validateSafeModeExitRules(138)) - RatisContainerSafeModeRule rule is successfully validated
2025-10-20 19:49:56,056 [EventQueue-ContainerRegistrationReportForECContainerSafeModeRule] INFO  safemode.SCMSafeModeManager (SCMSafeModeManager.java:validateSafeModeExitRules(138)) - ECContainerSafeModeRule rule is successfully validated
2025-10-20 19:49:56,056 [EventQueue-NodeRegistrationContainerReportForDataNodeSafeModeRule] INFO  safemode.SCMSafeModeManager (SCMSafeModeManager.java:validateSafeModeExitRules(138)) - DataNodeSafeModeRule rule is successfully validated
2025-10-20 19:49:56,056 [EventQueue-PipelineReportForOneReplicaPipelineSafeModeRule] INFO  safemode.SCMSafeModeManager (SCMSafeModeManager.java:validateSafeModeExitRules(138)) - OneReplicaPipelineSafeModeRule rule is successfully validated
2025-10-20 19:49:56,056 [EventQueue-NewNodeForNewNodeHandler] INFO  pipeline.BackgroundPipelineCreator (BackgroundPipelineCreator.java:notifyEventTriggered(290)) - trigger a one-shot run on RatisPipelineUtilsThread.
2025-10-20 19:49:56,056 | INFO  | SCMAudit | user=runner | ip=127.0.0.1 | op=REGISTER {"datanodeDetails":"33f74daf-be7a-4306-b2af-53e409c4cb93(localhost/127.0.0.1)"} | ret=SUCCESS |  
2025-10-20 19:49:56,057 [RatisPipelineUtilsThread-0] INFO  pipeline.RatisPipelineProvider (RatisPipelineProvider.java:lambda$create$0(208)) - Sending CreatePipelineCommand for pipeline:Pipeline-ae22d26e-ff63-40aa-9518-8e8d9a2d6271 to datanode:33f74daf-be7a-4306-b2af-53e409c4cb93(localhost/127.0.0.1)
2025-10-20 19:49:56,059 [d7d8cf72-b9f6-4979-9c53-007dd6e6e48a-ContainerReader-0] INFO  ozoneimpl.ContainerReader (ContainerReader.java:readVolume(147)) - Start to verify containers on volume /home/runner/work/ozone/ozone/hadoop-ozone/integration-test/target/test-dir/MiniOzoneClusterImpl-6935df51-69ff-4c35-8bd4-ed2b81d70e54/ozone-metadata/datanode-12/data-0/hdds
2025-10-20 19:49:56,059 [d7d8cf72-b9f6-4979-9c53-007dd6e6e48a-ContainerReader-0] INFO  ozoneimpl.ContainerReader (ContainerReader.java:readVolume(177)) - Finish verifying containers on volume /home/runner/work/ozone/ozone/hadoop-ozone/integration-test/target/test-dir/MiniOzoneClusterImpl-6935df51-69ff-4c35-8bd4-ed2b81d70e54/ozone-metadata/datanode-12/data-0/hdds
2025-10-20 19:49:56,060 [d7d8cf72-b9f6-4979-9c53-007dd6e6e48a-EndpointStateMachineTaskThread-/0.0.0.0:15002-0 ] INFO  ozoneimpl.OzoneContainer (OzoneContainer.java:buildContainerSet(359)) - Build ContainerSet costs 0s
2025-10-20 19:49:56,060 [d7d8cf72-b9f6-4979-9c53-007dd6e6e48a-EndpointStateMachineTaskThread-/0.0.0.0:15002-0 ] INFO  volume.ThrottledAsyncChecker (ThrottledAsyncChecker.java:schedule(138)) - Scheduling a check for /home/runner/work/ozone/ozone/hadoop-ozone/integration-test/target/test-dir/MiniOzoneClusterImpl-6935df51-69ff-4c35-8bd4-ed2b81d70e54/ozone-metadata/datanode-12/data-0/hdds
2025-10-20 19:49:56,061 [d7d8cf72-b9f6-4979-9c53-007dd6e6e48a-EndpointStateMachineTaskThread-/0.0.0.0:15002-0 ] INFO  volume.StorageVolumeChecker (StorageVolumeChecker.java:checkAllVolumes(231)) - Scheduled health check for volume /home/runner/work/ozone/ozone/hadoop-ozone/integration-test/target/test-dir/MiniOzoneClusterImpl-6935df51-69ff-4c35-8bd4-ed2b81d70e54/ozone-metadata/datanode-12/data-0/hdds
2025-10-20 19:49:56,063 [206580cc-82ee-4213-b95b-59cb1d300b36@group-ED2B81D70E54-StateMachineUpdater] INFO  safemode.SCMSafeModeManager (SCMSafeModeManager.java:validateSafeModeExitRules(138)) - DataNodeSafeModeRule rule is successfully validated
2025-10-20 19:49:56,063 [206580cc-82ee-4213-b95b-59cb1d300b36@group-ED2B81D70E54-StateMachineUpdater] INFO  safemode.SCMSafeModeManager (SCMSafeModeManager.java:validateSafeModeExitRules(138)) - RatisContainerSafeModeRule rule is successfully validated
2025-10-20 19:49:56,064 [206580cc-82ee-4213-b95b-59cb1d300b36@group-ED2B81D70E54-StateMachineUpdater] INFO  safemode.HealthyPipelineSafeModeRule (HealthyPipelineSafeModeRule.java:initializeRule(226)) - Refreshed total pipeline count is 0, healthy pipeline threshold count is 1
2025-10-20 19:49:56,064 [206580cc-82ee-4213-b95b-59cb1d300b36@group-ED2B81D70E54-StateMachineUpdater] INFO  safemode.SCMSafeModeManager (SCMSafeModeManager.java:validateSafeModeExitRules(138)) - OneReplicaPipelineSafeModeRule rule is successfully validated
2025-10-20 19:49:56,064 [206580cc-82ee-4213-b95b-59cb1d300b36@group-ED2B81D70E54-StateMachineUpdater] INFO  safemode.SCMSafeModeManager (SCMSafeModeManager.java:validateSafeModeExitRules(138)) - ECContainerSafeModeRule rule is successfully validated
2025-10-20 19:49:56,065 [RatisPipelineUtilsThread-0] INFO  pipeline.BackgroundPipelineCreator (BackgroundPipelineCreator.java:createPipelines(246)) - Created new pipeline Pipeline{ Id: ae22d26e-ff63-40aa-9518-8e8d9a2d6271, Nodes: [ {33f74daf-be7a-4306-b2af-53e409c4cb93(localhost/127.0.0.1), ReplicaIndex: 0},], ReplicationConfig: RATIS/ONE, State:ALLOCATED, leaderId:, CreationTimestamp2025-10-20T19:49:56.057457069Z[Etc/UTC]}
2025-10-20 19:49:56,069 | INFO  | SCMAudit | user=runner | ip=127.0.0.1 | op=SEND_HEARTBEAT {"datanodeUUID":"c90bff1f-5a1f-42c6-8fca-9533d718c79a","term":"2","command":"[commandType: createPipelineCommand createPipelineCommandProto { pipelineID { id: \"48b2bb4f-636b-420d-96ed-351250cf0157\" uuid128 { mostSigBits: 5238455266230092301 leastSigBits: -7571337045758508713 } } type: RATIS factor: THREE datanode { uuid: \"b614738c-cdff-4f09-bf59-ed5bb75d51be\" ipAddress: \"127.0.0.1\" hostName: \"localhost\" ports { name: \"HTTP\" value: 15050 } ports { name: \"CLIENT_RPC\" value: 15051 } ports { name: \"REPLICATION\" value: 15057 } ports { name: \"RATIS\" value: 15053 } ports { name: \"RATIS_ADMIN\" value: 15054 } ports { name: \"RATIS_SERVER\" value: 15055 } ports { name: \"RATIS_DATASTREAM\" value: 15056 } ports { name: \"STANDALONE\" value: 15052 } networkName: \"b614738c-cdff-4f09-bf59-ed5bb75d51be\" networkLocation: \"/default-rack\" persistedOpState: IN_SERVICE persistedOpStateExpiry: 0 currentVersion: 2 uuid128 { mostSigBits: -5326505410683777271 leastSigBits: -4658431361363914306 } level: 3 id { uuid { mostSigBits: -5326505410683777271 leastSigBits: -4658431361363914306 } } } datanode { uuid: \"c90bff1f-5a1f-42c6-8fca-9533d718c79a\" ipAddress: \"127.0.0.1\" hostName: \"localhost\" ports { name: \"HTTP\" value: 15034 } ports { name: \"CLIENT_RPC\" value: 15035 } ports { name: \"REPLICATION\" value: 15041 } ports { name: \"RATIS\" value: 15037 } ports { name: \"RATIS_ADMIN\" value: 15038 } ports { name: \"RATIS_SERVER\" value: 15039 } ports { name: \"RATIS_DATASTREAM\" value: 15040 } ports { name: \"STANDALONE\" value: 15036 } networkName: \"c90bff1f-5a1f-42c6-8fca-9533d718c79a\" networkLocation: \"/default-rack\" persistedOpState: IN_SERVICE persistedOpStateExpiry: 0 currentVersion: 2 uuid128 { mostSigBits: -3959790937221152058 leastSigBits: -8085486131105708134 } level: 3 id { uuid { mostSigBits: -3959790937221152058 leastSigBits: -8085486131105708134 } } } datanode { uuid: \"af0e5da1-57af-45e9-9aca-fa0798d05628\" ipAddress: \"127.0.0.1\" hostName: \"localhost\" ports { name: \"HTTP\" value: 15042 } ports { name: \"CLIENT_RPC\" value: 15043 } ports { name: \"REPLICATION\" value: 15049 } ports { name: \"RATIS\" value: 15045 } ports { name: \"RATIS_ADMIN\" value: 15046 } ports { name: \"RATIS_SERVER\" value: 15047 } ports { name: \"RATIS_DATASTREAM\" value: 15048 } ports { name: \"STANDALONE\" value: 15044 } networkName: \"af0e5da1-57af-45e9-9aca-fa0798d05628\" networkLocation: \"/default-rack\" persistedOpState: IN_SERVICE persistedOpStateExpiry: 0 currentVersion: 2 uuid128 { mostSigBits: -5832621519855991319 leastSigBits: -7292741736037591512 } level: 3 id { uuid { mostSigBits: -5832621519855991319 leastSigBits: -7292741736037591512 } } } cmdId: 1760989793831 priority: 0 priority: 1 priority: 0 } term: 2 encodedToken: \"\" deadlineMsSinceEpoch: 0, commandType: createPipelineCommand createPipelineCommandProto { pipelineID { id: \"ba8f49ac-c35b-4342-9840-c8b3a767d7cd\" uuid128 { mostSigBits: -5003699654624591038 leastSigBits: -7475754707501721651 } } type: RATIS factor: THREE datanode { uuid: \"af0e5da1-57af-45e9-9aca-fa0798d05628\" ipAddress: \"127.0.0.1\" hostName: \"localhost\" ports { name: \"HTTP\" value: 15042 } ports { name: \"CLIENT_RPC\" value: 15043 } ports { name: \"REPLICATION\" value: 15049 } ports { name: \"RATIS\" value: 15045 } ports { name: \"RATIS_ADMIN\" value: 15046 } ports { name: \"RATIS_SERVER\" value: 15047 } ports { name: \"RATIS_DATASTREAM\" value: 15048 } ports { name: \"STANDALONE\" value: 15044 } networkName: \"af0e5da1-57af-45e9-9aca-fa0798d05628\" networkLocation: \"/default-rack\" persistedOpState: IN_SERVICE persistedOpStateExpiry: 0 currentVersion: 2 uuid128 { mostSigBits: -5832621519855991319 leastSigBits: -7292741736037591512 } level: 3 id { uuid { mostSigBits: -5832621519855991319 leastSigBits: -7292741736037591512 } } } datanode { uuid: \"b614738c-cdff-4f09-bf59-ed5bb75d51be\" ipAddress: \"127.0.0.1\" hostName: \"localhost\" ports { name: \"HTTP\" value: 15050 } ports { name: \"CLIENT_RPC\" value: 15051 } ports { name: \"REPLICATION\" value: 15057 } ports { name: \"RATIS\" value: 15053 } ports { name: \"RATIS_ADMIN\" value: 15054 } ports { name: \"RATIS_SERVER\" value: 15055 } ports { name: \"RATIS_DATASTREAM\" value: 15056 } ports { name: \"STANDALONE\" value: 15052 } networkName: \"b614738c-cdff-4f09-bf59-ed5bb75d51be\" networkLocation: \"/default-rack\" persistedOpState: IN_SERVICE persistedOpStateExpiry: 0 currentVersion: 2 uuid128 { mostSigBits: -5326505410683777271 leastSigBits: -4658431361363914306 } level: 3 id { uuid { mostSigBits: -5326505410683777271 leastSigBits: -4658431361363914306 } } } datanode { uuid: \"c90bff1f-5a1f-42c6-8fca-9533d718c79a\" ipAddress: \"127.0.0.1\" hostName: \"localhost\" ports { name: \"HTTP\" value: 15034 } ports { name: \"CLIENT_RPC\" value: 15035 } ports { name: \"REPLICATION\" value: 15041 } ports { name: \"RATIS\" value: 15037 } ports { name: \"RATIS_ADMIN\" value: 15038 } ports { name: \"RATIS_SERVER\" value: 15039 } ports { name: \"RATIS_DATASTREAM\" value: 15040 } ports { name: \"STANDALONE\" value: 15036 } networkName: \"c90bff1f-5a1f-42c6-8fca-9533d718c79a\" networkLocation: \"/default-rack\" persistedOpState: IN_SERVICE persistedOpStateExpiry: 0 currentVersion: 2 uuid128 { mostSigBits: -3959790937221152058 leastSigBits: -8085486131105708134 } level: 3 id { uuid { mostSigBits: -3959790937221152058 leastSigBits: -8085486131105708134 } } } cmdId: 1760989793832 priority: 1 priority: 0 priority: 0 } term: 2 encodedToken: \"\" deadlineMsSinceEpoch: 0]"} | ret=SUCCESS |  
2025-10-20 19:49:56,072 [d7d8cf72-b9f6-4979-9c53-007dd6e6e48a-EndpointStateMachineTaskThread-/0.0.0.0:15002-0 ] INFO  volume.ThrottledAsyncChecker (ThrottledAsyncChecker.java:schedule(138)) - Scheduling a check for /home/runner/work/ozone/ozone/hadoop-ozone/integration-test/target/test-dir/MiniOzoneClusterImpl-6935df51-69ff-4c35-8bd4-ed2b81d70e54/ozone-metadata/datanode-12/ratis
2025-10-20 19:49:56,073 [d7d8cf72-b9f6-4979-9c53-007dd6e6e48a-EndpointStateMachineTaskThread-/0.0.0.0:15002-0 ] INFO  volume.StorageVolumeChecker (StorageVolumeChecker.java:checkAllVolumes(231)) - Scheduled health check for volume /home/runner/work/ozone/ozone/hadoop-ozone/integration-test/target/test-dir/MiniOzoneClusterImpl-6935df51-69ff-4c35-8bd4-ed2b81d70e54/ozone-metadata/datanode-12/ratis
2025-10-20 19:49:56,074 [d7d8cf72-b9f6-4979-9c53-007dd6e6e48a-EndpointStateMachineTaskThread-/0.0.0.0:15002-0 ] INFO  ozoneimpl.OzoneContainer (OzoneContainer.java:start(544)) - Attempting to start container services.
2025-10-20 19:49:56,076 [ContainerMetadataScanner] INFO  ozoneimpl.AbstractBackgroundContainerScanner (AbstractBackgroundContainerScanner.java:runIteration(89)) - Completed an iteration in 0 minutes. Number of iterations (since the data-node restart) : 1, Number of containers scanned in this iteration : 0, Number of unhealthy containers found in this iteration : 0
2025-10-20 19:49:56,077 [ContainerDataScanner(/home/runner/work/ozone/ozone/hadoop-ozone/integration-test/target/test-dir/MiniOzoneClusterImpl-6935df51-69ff-4c35-8bd4-ed2b81d70e54/ozone-metadata/datanode-12/data-0/hdds)] INFO  ozoneimpl.AbstractBackgroundContainerScanner (AbstractBackgroundContainerScanner.java:runIteration(89)) - Completed an iteration in 0 minutes. Number of iterations (since the data-node restart) : 1, Number of containers scanned in this iteration : 0, Number of unhealthy containers found in this iteration : 0
2025-10-20 19:49:56,079 [d7d8cf72-b9f6-4979-9c53-007dd6e6e48a-EndpointStateMachineTaskThread-/0.0.0.0:15002-0 ] INFO  replication.ReplicationServer (ReplicationServer.java:start(137)) - ReplicationServer is started using port 15105
2025-10-20 19:49:56,080 [d7d8cf72-b9f6-4979-9c53-007dd6e6e48a-EndpointStateMachineTaskThread-/0.0.0.0:15002-0 ] INFO  ratis.XceiverServerRatis (XceiverServerRatis.java:start(559)) - Starting XceiverServerRatis(d7d8cf72-b9f6-4979-9c53-007dd6e6e48a)
2025-10-20 19:49:56,082 [d7d8cf72-b9f6-4979-9c53-007dd6e6e48a-EndpointStateMachineTaskThread-/0.0.0.0:15002-0 ] INFO  server.RaftServer (RaftServerProxy.java:startImpl(412)) - d7d8cf72-b9f6-4979-9c53-007dd6e6e48a: start RPC server
2025-10-20 19:49:56,084 [d7d8cf72-b9f6-4979-9c53-007dd6e6e48a-EndpointStateMachineTaskThread-/0.0.0.0:15002-0 ] INFO  server.GrpcServicesImpl (GrpcServicesImpl.java:startImpl(346)) - d7d8cf72-b9f6-4979-9c53-007dd6e6e48a: GrpcServicesImpl started, listening on 15101
2025-10-20 19:49:56,085 [d7d8cf72-b9f6-4979-9c53-007dd6e6e48a-EndpointStateMachineTaskThread-/0.0.0.0:15002-0 ] INFO  server.GrpcServicesImpl (GrpcServicesImpl.java:startImpl(346)) - d7d8cf72-b9f6-4979-9c53-007dd6e6e48a: GrpcServicesImpl started, listening on 15103
2025-10-20 19:49:56,087 [d7d8cf72-b9f6-4979-9c53-007dd6e6e48a-EndpointStateMachineTaskThread-/0.0.0.0:15002-0 ] INFO  server.GrpcServicesImpl (GrpcServicesImpl.java:startImpl(346)) - d7d8cf72-b9f6-4979-9c53-007dd6e6e48a: GrpcServicesImpl started, listening on 15102
2025-10-20 19:49:56,088 [JvmPauseMonitor14] INFO  util.JvmPauseMonitor (JvmPauseMonitor.java:run(146)) - JvmPauseMonitor-d7d8cf72-b9f6-4979-9c53-007dd6e6e48a: Started
2025-10-20 19:49:56,089 [d7d8cf72-b9f6-4979-9c53-007dd6e6e48a-EndpointStateMachineTaskThread-/0.0.0.0:15002-0 ] INFO  ratis.XceiverServerRatis (XceiverServerRatis.java:getRealPort(586)) - XceiverServerRatis(d7d8cf72-b9f6-4979-9c53-007dd6e6e48a) is started using port RATIS=15101
2025-10-20 19:49:56,089 [d7d8cf72-b9f6-4979-9c53-007dd6e6e48a-EndpointStateMachineTaskThread-/0.0.0.0:15002-0 ] INFO  ratis.XceiverServerRatis (XceiverServerRatis.java:getRealPort(586)) - XceiverServerRatis(d7d8cf72-b9f6-4979-9c53-007dd6e6e48a) is started using port RATIS_ADMIN=15102
2025-10-20 19:49:56,089 [d7d8cf72-b9f6-4979-9c53-007dd6e6e48a-EndpointStateMachineTaskThread-/0.0.0.0:15002-0 ] INFO  ratis.XceiverServerRatis (XceiverServerRatis.java:getRealPort(586)) - XceiverServerRatis(d7d8cf72-b9f6-4979-9c53-007dd6e6e48a) is started using port RATIS_SERVER=15103
2025-10-20 19:49:56,089 [d7d8cf72-b9f6-4979-9c53-007dd6e6e48a-EndpointStateMachineTaskThread-/0.0.0.0:15002-0 ] INFO  ratis.XceiverServerRatis (XceiverServerRatis.java:getRealPort(586)) - XceiverServerRatis(d7d8cf72-b9f6-4979-9c53-007dd6e6e48a) is started using port RATIS_DATASTREAM=15104
2025-10-20 19:49:56,092 [d7d8cf72-b9f6-4979-9c53-007dd6e6e48a-EndpointStateMachineTaskThread-/0.0.0.0:15002-0 ] INFO  utils.BackgroundService (BackgroundService.java:start(119)) - Starting service BlockDeletingService with interval 60000 milliseconds
2025-10-20 19:49:56,092 [d7d8cf72-b9f6-4979-9c53-007dd6e6e48a-EndpointStateMachineTaskThread-/0.0.0.0:15002-0 ] INFO  utils.BackgroundService (BackgroundService.java:start(119)) - Starting service StaleRecoveringContainerScrubbingService with interval 60000 milliseconds
2025-10-20 19:49:56,116 [Warm Up EDEK Cache Thread #0] INFO  om.OzoneManager (OzoneManager.java:run(789)) - Successfully warmed up 0 EDEKs.
2025-10-20 19:49:56,118 | INFO  | SCMAudit | user=runner | ip=127.0.0.1 | op=SEND_HEARTBEAT {"datanodeUUID":"7bb0e7f0-2b36-4ec0-8a09-ceac75d91a36","term":"2","command":"[commandType: createPipelineCommand createPipelineCommandProto { pipelineID { id: \"22bb0523-13ed-4c6b-b8b0-38280ccde2db\" uuid128 { mostSigBits: 2502599666150755435 leastSigBits: -5138545430165069093 } } type: RATIS factor: ONE datanode { uuid: \"7bb0e7f0-2b36-4ec0-8a09-ceac75d91a36\" ipAddress: \"127.0.0.1\" hostName: \"localhost\" ports { name: \"HTTP\" value: 15066 } ports { name: \"CLIENT_RPC\" value: 15067 } ports { name: \"REPLICATION\" value: 15073 } ports { name: \"RATIS\" value: 15069 } ports { name: \"RATIS_ADMIN\" value: 15070 } ports { name: \"RATIS_SERVER\" value: 15071 } ports { name: \"RATIS_DATASTREAM\" value: 15072 } ports { name: \"STANDALONE\" value: 15068 } networkName: \"7bb0e7f0-2b36-4ec0-8a09-ceac75d91a36\" networkLocation: \"/default-rack\" persistedOpState: IN_SERVICE persistedOpStateExpiry: 0 currentVersion: 2 uuid128 { mostSigBits: 8912878681269358272 leastSigBits: -8500035581578241482 } level: 3 id { uuid { mostSigBits: 8912878681269358272 leastSigBits: -8500035581578241482 } } } cmdId: 1760989793834 priority: 1 } term: 2 encodedToken: \"\" deadlineMsSinceEpoch: 0, commandType: createPipelineCommand createPipelineCommandProto { pipelineID { id: \"b9872faf-8f47-436e-820e-e9f55728802d\" uuid128 { mostSigBits: -5078037623767350418 leastSigBits: -9075058959166439379 } } type: RATIS factor: THREE datanode { uuid: \"7bb0e7f0-2b36-4ec0-8a09-ceac75d91a36\" ipAddress: \"127.0.0.1\" hostName: \"localhost\" ports { name: \"HTTP\" value: 15066 } ports { name: \"CLIENT_RPC\" value: 15067 } ports { name: \"REPLICATION\" value: 15073 } ports { name: \"RATIS\" value: 15069 } ports { name: \"RATIS_ADMIN\" value: 15070 } ports { name: \"RATIS_SERVER\" value: 15071 } ports { name: \"RATIS_DATASTREAM\" value: 15072 } ports { name: \"STANDALONE\" value: 15068 } networkName: \"7bb0e7f0-2b36-4ec0-8a09-ceac75d91a36\" networkLocation: \"/default-rack\" persistedOpState: IN_SERVICE persistedOpStateExpiry: 0 currentVersion: 2 uuid128 { mostSigBits: 8912878681269358272 leastSigBits: -8500035581578241482 } level: 3 id { uuid { mostSigBits: 8912878681269358272 leastSigBits: -8500035581578241482 } } } datanode { uuid: \"605be85e-a7f4-44d7-8cfd-f53001b990b0\" ipAddress: \"127.0.0.1\" hostName: \"localhost\" ports { name: \"HTTP\" value: 15074 } ports { name: \"CLIENT_RPC\" value: 15075 } ports { name: \"REPLICATION\" value: 15081 } ports { name: \"RATIS\" value: 15077 } ports { name: \"RATIS_ADMIN\" value: 15078 } ports { name: \"RATIS_SERVER\" value: 15079 } ports { name: \"RATIS_DATASTREAM\" value: 15080 } ports { name: \"STANDALONE\" value: 15076 } networkName: \"605be85e-a7f4-44d7-8cfd-f53001b990b0\" networkLocation: \"/default-rack\" persistedOpState: IN_SERVICE persistedOpStateExpiry: 0 currentVersion: 2 uuid128 { mostSigBits: 6943398743764124887 leastSigBits: -8287198152755670864 } level: 3 id { uuid { mostSigBits: 6943398743764124887 leastSigBits: -8287198152755670864 } } } datanode { uuid: \"cc7fbe85-1d98-437b-84f9-04213fee10f0\" ipAddress: \"127.0.0.1\" hostName: \"localhost\" ports { name: \"HTTP\" value: 15058 } ports { name: \"CLIENT_RPC\" value: 15059 } ports { name: \"REPLICATION\" value: 15065 } ports { name: \"RATIS\" value: 15061 } ports { name: \"RATIS_ADMIN\" value: 15062 } ports { name: \"RATIS_SERVER\" value: 15063 } ports { name: \"RATIS_DATASTREAM\" value: 15064 } ports { name: \"STANDALONE\" value: 15060 } networkName: \"cc7fbe85-1d98-437b-84f9-04213fee10f0\" networkLocation: \"/default-rack\" persistedOpState: IN_SERVICE persistedOpStateExpiry: 0 currentVersion: 2 uuid128 { mostSigBits: -3711038088993553541 leastSigBits: -8865049850649112336 } level: 3 id { uuid { mostSigBits: -3711038088993553541 leastSigBits: -8865049850649112336 } } } cmdId: 1760989793836 priority: 0 priority: 1 priority: 0 } term: 2 encodedToken: \"\" deadlineMsSinceEpoch: 0, commandType: createPipelineCommand createPipelineCommandProto { pipelineID { id: \"279335df-31f6-46d2-a714-adca28697501\" uuid128 { mostSigBits: 2851682221787858642 leastSigBits: -6407305286068374271 } } type: RATIS factor: THREE datanode { uuid: \"605be85e-a7f4-44d7-8cfd-f53001b990b0\" ipAddress: \"127.0.0.1\" hostName: \"localhost\" ports { name: \"HTTP\" value: 15074 } ports { name: \"CLIENT_RPC\" value: 15075 } ports { name: \"REPLICATION\" value: 15081 } ports { name: \"RATIS\" value: 15077 } ports { name: \"RATIS_ADMIN\" value: 15078 } ports { name: \"RATIS_SERVER\" value: 15079 } ports { name: \"RATIS_DATASTREAM\" value: 15080 } ports { name: \"STANDALONE\" value: 15076 } networkName: \"605be85e-a7f4-44d7-8cfd-f53001b990b0\" networkLocation: \"/default-rack\" persistedOpState: IN_SERVICE persistedOpStateExpiry: 0 currentVersion: 2 uuid128 { mostSigBits: 6943398743764124887 leastSigBits: -8287198152755670864 } level: 3 id { uuid { mostSigBits: 6943398743764124887 leastSigBits: -8287198152755670864 } } } datanode { uuid: \"7bb0e7f0-2b36-4ec0-8a09-ceac75d91a36\" ipAddress: \"127.0.0.1\" hostName: \"localhost\" ports { name: \"HTTP\" value: 15066 } ports { name: \"CLIENT_RPC\" value: 15067 } ports { name: \"REPLICATION\" value: 15073 } ports { name: \"RATIS\" value: 15069 } ports { name: \"RATIS_ADMIN\" value: 15070 } ports { name: \"RATIS_SERVER\" value: 15071 } ports { name: \"RATIS_DATASTREAM\" value: 15072 } ports { name: \"STANDALONE\" value: 15068 } networkName: \"7bb0e7f0-2b36-4ec0-8a09-ceac75d91a36\" networkLocation: \"/default-rack\" persistedOpState: IN_SERVICE persistedOpStateExpiry: 0 currentVersion: 2 uuid128 { mostSigBits: 8912878681269358272 leastSigBits: -8500035581578241482 } level: 3 id { uuid { mostSigBits: 8912878681269358272 leastSigBits: -8500035581578241482 } } } datanode { uuid: \"cc7fbe85-1d98-437b-84f9-04213fee10f0\" ipAddress: \"127.0.0.1\" hostName: \"localhost\" ports { name: \"HTTP\" value: 15058 } ports { name: \"CLIENT_RPC\" value: 15059 } ports { name: \"REPLICATION\" value: 15065 } ports { name: \"RATIS\" value: 15061 } ports { name: \"RATIS_ADMIN\" value: 15062 } ports { name: \"RATIS_SERVER\" value: 15063 } ports { name: \"RATIS_DATASTREAM\" value: 15064 } ports { name: \"STANDALONE\" value: 15060 } networkName: \"cc7fbe85-1d98-437b-84f9-04213fee10f0\" networkLocation: \"/default-rack\" persistedOpState: IN_SERVICE persistedOpStateExpiry: 0 currentVersion: 2 uuid128 { mostSigBits: -3711038088993553541 leastSigBits: -8865049850649112336 } level: 3 id { uuid { mostSigBits: -3711038088993553541 leastSigBits: -8865049850649112336 } } } cmdId: 1760989793837 priority: 0 priority: 1 priority: 0 } term: 2 encodedToken: \"\" deadlineMsSinceEpoch: 0]"} | ret=SUCCESS |  
2025-10-20 19:49:56,231 | INFO  | SCMAudit | user=runner | ip=127.0.0.1 | op=GET_VERSION {} | ret=SUCCESS |  
2025-10-20 19:49:56,271 [feb39a1c-80cb-4714-ab06-a361236e3029-EndpointStateMachineTaskThread-/0.0.0.0:15002-0 ] INFO  utils.DatanodeStoreCache (DatanodeStoreCache.java:addDB(70)) - Added db /home/runner/work/ozone/ozone/hadoop-ozone/integration-test/target/test-dir/MiniOzoneClusterImpl-6935df51-69ff-4c35-8bd4-ed2b81d70e54/ozone-metadata/datanode-13/data-0/hdds/6935df51-69ff-4c35-8bd4-ed2b81d70e54/DS-e2b86114-a599-414f-bb90-5fe9e554797a/container.db to cache
2025-10-20 19:49:56,272 [feb39a1c-80cb-4714-ab06-a361236e3029-EndpointStateMachineTaskThread-/0.0.0.0:15002-0 ] INFO  volume.HddsVolume (HddsVolume.java:createDbStore(576)) - SchemaV3 db is created and loaded at /home/runner/work/ozone/ozone/hadoop-ozone/integration-test/target/test-dir/MiniOzoneClusterImpl-6935df51-69ff-4c35-8bd4-ed2b81d70e54/ozone-metadata/datanode-13/data-0/hdds/6935df51-69ff-4c35-8bd4-ed2b81d70e54/DS-e2b86114-a599-414f-bb90-5fe9e554797a/container.db for volume DS-e2b86114-a599-414f-bb90-5fe9e554797a
2025-10-20 19:49:56,275 [feb39a1c-80cb-4714-ab06-a361236e3029-ContainerReader-0] INFO  ozoneimpl.ContainerReader (ContainerReader.java:readVolume(147)) - Start to verify containers on volume /home/runner/work/ozone/ozone/hadoop-ozone/integration-test/target/test-dir/MiniOzoneClusterImpl-6935df51-69ff-4c35-8bd4-ed2b81d70e54/ozone-metadata/datanode-13/data-0/hdds
2025-10-20 19:49:56,275 [feb39a1c-80cb-4714-ab06-a361236e3029-ContainerReader-0] INFO  ozoneimpl.ContainerReader (ContainerReader.java:readVolume(177)) - Finish verifying containers on volume /home/runner/work/ozone/ozone/hadoop-ozone/integration-test/target/test-dir/MiniOzoneClusterImpl-6935df51-69ff-4c35-8bd4-ed2b81d70e54/ozone-metadata/datanode-13/data-0/hdds
2025-10-20 19:49:56,276 [feb39a1c-80cb-4714-ab06-a361236e3029-EndpointStateMachineTaskThread-/0.0.0.0:15002-0 ] INFO  ozoneimpl.OzoneContainer (OzoneContainer.java:buildContainerSet(359)) - Build ContainerSet costs 0s
2025-10-20 19:49:56,277 | INFO  | SCMAudit | user=runner | ip=127.0.0.1 | op=SEND_HEARTBEAT {"datanodeUUID":"e05592a5-d00f-4fc1-9e39-a968c1ecb04e","term":"2","command":"[]"} | ret=SUCCESS |  
2025-10-20 19:49:56,277 [feb39a1c-80cb-4714-ab06-a361236e3029-EndpointStateMachineTaskThread-/0.0.0.0:15002-0 ] INFO  volume.ThrottledAsyncChecker (ThrottledAsyncChecker.java:schedule(138)) - Scheduling a check for /home/runner/work/ozone/ozone/hadoop-ozone/integration-test/target/test-dir/MiniOzoneClusterImpl-6935df51-69ff-4c35-8bd4-ed2b81d70e54/ozone-metadata/datanode-13/data-0/hdds
2025-10-20 19:49:56,277 [e05592a5-d00f-4fc1-9e39-a968c1ecb04e-CreatePipelineCommandHandlerThread-0] INFO  server.RaftServer (RaftServerProxy.java:addNew(105)) - e05592a5-d00f-4fc1-9e39-a968c1ecb04e: addNew group-1D401C589E9B:[e05592a5-d00f-4fc1-9e39-a968c1ecb04e|127.0.0.1:15015] returns group-1D401C589E9B:java.util.concurrent.CompletableFuture@28f0468d[Not completed]
2025-10-20 19:49:56,278 [feb39a1c-80cb-4714-ab06-a361236e3029-EndpointStateMachineTaskThread-/0.0.0.0:15002-0 ] INFO  volume.StorageVolumeChecker (StorageVolumeChecker.java:checkAllVolumes(231)) - Scheduled health check for volume /home/runner/work/ozone/ozone/hadoop-ozone/integration-test/target/test-dir/MiniOzoneClusterImpl-6935df51-69ff-4c35-8bd4-ed2b81d70e54/ozone-metadata/datanode-13/data-0/hdds
2025-10-20 19:49:56,280 [e05592a5-d00f-4fc1-9e39-a968c1ecb04e-groupManagement] INFO  server.RaftServer$Division (RaftServerImpl.java:<init>(268)) - e05592a5-d00f-4fc1-9e39-a968c1ecb04e: new RaftServerImpl for group-1D401C589E9B:[e05592a5-d00f-4fc1-9e39-a968c1ecb04e|127.0.0.1:15015] with ContainerStateMachine:uninitialized
2025-10-20 19:49:56,280 [e05592a5-d00f-4fc1-9e39-a968c1ecb04e-groupManagement] INFO  server.RaftServer$Division (ServerState.java:<init>(114)) - e05592a5-d00f-4fc1-9e39-a968c1ecb04e@group-1D401C589E9B: ConfigurationManager, init=conf: {index: -1, cur=peers:[e05592a5-d00f-4fc1-9e39-a968c1ecb04e|127.0.0.1:15015]|listeners:[], old=null}, confs=<EMPTY_MAP>
2025-10-20 19:49:56,288 [e05592a5-d00f-4fc1-9e39-a968c1ecb04e-groupManagement] INFO  server.RaftServerConfigKeys (ConfUtils.java:logGet(62)) - raft.server.storage.dir = [/home/runner/work/ozone/ozone/hadoop-ozone/integration-test/target/test-dir/MiniOzoneClusterImpl-6935df51-69ff-4c35-8bd4-ed2b81d70e54/ozone-metadata/datanode-1/ratis] (custom)
2025-10-20 19:49:56,290 [e05592a5-d00f-4fc1-9e39-a968c1ecb04e-groupManagement] INFO  storage.RaftStorageDirectory (RaftStorageDirectoryImpl.java:analyzeStorage(138)) - The storage directory /home/runner/work/ozone/ozone/hadoop-ozone/integration-test/target/test-dir/MiniOzoneClusterImpl-6935df51-69ff-4c35-8bd4-ed2b81d70e54/ozone-metadata/datanode-1/ratis/b1a34ffb-9e35-4ea0-a61f-1d401c589e9b does not exist. Creating ...
2025-10-20 19:49:56,290 [feb39a1c-80cb-4714-ab06-a361236e3029-EndpointStateMachineTaskThread-/0.0.0.0:15002-0 ] INFO  volume.ThrottledAsyncChecker (ThrottledAsyncChecker.java:schedule(138)) - Scheduling a check for /home/runner/work/ozone/ozone/hadoop-ozone/integration-test/target/test-dir/MiniOzoneClusterImpl-6935df51-69ff-4c35-8bd4-ed2b81d70e54/ozone-metadata/datanode-13/ratis
2025-10-20 19:49:56,290 [feb39a1c-80cb-4714-ab06-a361236e3029-EndpointStateMachineTaskThread-/0.0.0.0:15002-0 ] INFO  volume.StorageVolumeChecker (StorageVolumeChecker.java:checkAllVolumes(231)) - Scheduled health check for volume /home/runner/work/ozone/ozone/hadoop-ozone/integration-test/target/test-dir/MiniOzoneClusterImpl-6935df51-69ff-4c35-8bd4-ed2b81d70e54/ozone-metadata/datanode-13/ratis
2025-10-20 19:49:56,291 [IPC Server handler 15 on default port 15002] INFO  net.NetworkTopologyImpl (NetworkTopologyImpl.java:add(133)) - Added a new node: /default-rack/4f2bb3f5-0e03-4f1b-bb4c-79c91b98c7da
2025-10-20 19:49:56,291 [IPC Server handler 15 on default port 15002] INFO  node.SCMNodeManager (SCMNodeManager.java:register(423)) - Registered datanode: 4f2bb3f5-0e03-4f1b-bb4c-79c91b98c7da{ip: 127.0.0.1, host: localhost, ports: [HTTP=15090, CLIENT_RPC=15091, REPLICATION=15097, RATIS=15093, RATIS_ADMIN=15094, RATIS_SERVER=15095, RATIS_DATASTREAM=15096, STANDALONE=15092], networkLocation: /default-rack, certSerialId: null, persistedOpState: null, persistedOpStateExpiryEpochSec: 0}
2025-10-20 19:49:56,291 [EventQueue-NewNodeForNewNodeHandler] INFO  pipeline.BackgroundPipelineCreator (BackgroundPipelineCreator.java:notifyEventTriggered(290)) - trigger a one-shot run on RatisPipelineUtilsThread.
2025-10-20 19:49:56,291 | INFO  | SCMAudit | user=runner | ip=127.0.0.1 | op=REGISTER {"datanodeDetails":"4f2bb3f5-0e03-4f1b-bb4c-79c91b98c7da(localhost/127.0.0.1)"} | ret=SUCCESS |  
2025-10-20 19:49:56,291 [EventQueue-NodeRegistrationContainerReportForDataNodeSafeModeRule] INFO  safemode.SCMSafeModeManager (SCMSafeModeManager.java:validateSafeModeExitRules(138)) - DataNodeSafeModeRule rule is successfully validated
2025-10-20 19:49:56,292 [EventQueue-PipelineReportForOneReplicaPipelineSafeModeRule] INFO  safemode.SCMSafeModeManager (SCMSafeModeManager.java:validateSafeModeExitRules(138)) - OneReplicaPipelineSafeModeRule rule is successfully validated
2025-10-20 19:49:56,292 [feb39a1c-80cb-4714-ab06-a361236e3029-EndpointStateMachineTaskThread-/0.0.0.0:15002-0 ] INFO  ozoneimpl.OzoneContainer (OzoneContainer.java:start(544)) - Attempting to start container services.
2025-10-20 19:49:56,292 [e05592a5-d00f-4fc1-9e39-a968c1ecb04e-groupManagement] INFO  storage.RaftStorageDirectory (RaftStorageDirectoryImpl.java:tryLock(229)) - Lock on /home/runner/work/ozone/ozone/hadoop-ozone/integration-test/target/test-dir/MiniOzoneClusterImpl-6935df51-69ff-4c35-8bd4-ed2b81d70e54/ozone-metadata/datanode-1/ratis/b1a34ffb-9e35-4ea0-a61f-1d401c589e9b/in_use.lock acquired by nodename 12924@localhost
2025-10-20 19:49:56,293 [EventQueue-ContainerRegistrationReportForECContainerSafeModeRule] INFO  safemode.SCMSafeModeManager (SCMSafeModeManager.java:validateSafeModeExitRules(138)) - ECContainerSafeModeRule rule is successfully validated
2025-10-20 19:49:56,293 [EventQueue-ContainerRegistrationReportForRatisContainerSafeModeRule] INFO  safemode.SCMSafeModeManager (SCMSafeModeManager.java:validateSafeModeExitRules(138)) - RatisContainerSafeModeRule rule is successfully validated
2025-10-20 19:49:56,293 [e05592a5-d00f-4fc1-9e39-a968c1ecb04e-groupManagement] INFO  storage.RaftStorage (RaftStorageImpl.java:format(98)) - Storage directory /home/runner/work/ozone/ozone/hadoop-ozone/integration-test/target/test-dir/MiniOzoneClusterImpl-6935df51-69ff-4c35-8bd4-ed2b81d70e54/ozone-metadata/datanode-1/ratis/b1a34ffb-9e35-4ea0-a61f-1d401c589e9b has been successfully formatted.
2025-10-20 19:49:56,293 [e05592a5-d00f-4fc1-9e39-a968c1ecb04e-groupManagement] INFO  ratis.ContainerStateMachine (ContainerStateMachine.java:initialize(339)) - e05592a5-d00f-4fc1-9e39-a968c1ecb04e: initialize group-1D401C589E9B
2025-10-20 19:49:56,294 [e05592a5-d00f-4fc1-9e39-a968c1ecb04e-groupManagement] INFO  ratis.ContainerStateMachine (ContainerStateMachine.java:loadSnapshot(347)) - group-1D401C589E9B: The snapshot info is null. Setting the last applied index to:<INITIAL_VALUE>
2025-10-20 19:49:56,294 [e05592a5-d00f-4fc1-9e39-a968c1ecb04e-groupManagement] INFO  server.RaftServerConfigKeys (ConfUtils.java:logGet(62)) - raft.server.log.appender.buffer.byte-limit = 33554432 (custom)
2025-10-20 19:49:56,294 [ContainerMetadataScanner] INFO  ozoneimpl.AbstractBackgroundContainerScanner (AbstractBackgroundContainerScanner.java:runIteration(89)) - Completed an iteration in 0 minutes. Number of iterations (since the data-node restart) : 1, Number of containers scanned in this iteration : 0, Number of unhealthy containers found in this iteration : 0
2025-10-20 19:49:56,295 [ContainerDataScanner(/home/runner/work/ozone/ozone/hadoop-ozone/integration-test/target/test-dir/MiniOzoneClusterImpl-6935df51-69ff-4c35-8bd4-ed2b81d70e54/ozone-metadata/datanode-13/data-0/hdds)] INFO  ozoneimpl.AbstractBackgroundContainerScanner (AbstractBackgroundContainerScanner.java:runIteration(89)) - Completed an iteration in 0 minutes. Number of iterations (since the data-node restart) : 1, Number of containers scanned in this iteration : 0, Number of unhealthy containers found in this iteration : 0
2025-10-20 19:49:56,294 [RatisPipelineUtilsThread-0] INFO  pipeline.RatisPipelineProvider (RatisPipelineProvider.java:lambda$create$0(208)) - Sending CreatePipelineCommand for pipeline:Pipeline-039ffff9-266b-48f4-a31a-1bf756e6abfd to datanode:4f2bb3f5-0e03-4f1b-bb4c-79c91b98c7da(localhost/127.0.0.1)
2025-10-20 19:49:56,297 [EventQueue-PipelineReportForOneReplicaPipelineSafeModeRule] INFO  safemode.SCMSafeModeManager (SCMSafeModeManager.java:validateSafeModeExitRules(138)) - OneReplicaPipelineSafeModeRule rule is successfully validated
2025-10-20 19:49:56,297 | INFO  | SCMAudit | user=runner | ip=127.0.0.1 | op=SEND_HEARTBEAT {"datanodeUUID":"e05592a5-d00f-4fc1-9e39-a968c1ecb04e","term":"2","command":"[]"} | ret=SUCCESS |  
2025-10-20 19:49:56,298 [feb39a1c-80cb-4714-ab06-a361236e3029-EndpointStateMachineTaskThread-/0.0.0.0:15002-0 ] INFO  replication.ReplicationServer (ReplicationServer.java:start(137)) - ReplicationServer is started using port 15113
2025-10-20 19:49:56,298 [feb39a1c-80cb-4714-ab06-a361236e3029-EndpointStateMachineTaskThread-/0.0.0.0:15002-0 ] INFO  ratis.XceiverServerRatis (XceiverServerRatis.java:start(559)) - Starting XceiverServerRatis(feb39a1c-80cb-4714-ab06-a361236e3029)
2025-10-20 19:49:56,299 [feb39a1c-80cb-4714-ab06-a361236e3029-EndpointStateMachineTaskThread-/0.0.0.0:15002-0 ] INFO  server.RaftServer (RaftServerProxy.java:startImpl(412)) - feb39a1c-80cb-4714-ab06-a361236e3029: start RPC server
2025-10-20 19:49:56,300 [feb39a1c-80cb-4714-ab06-a361236e3029-EndpointStateMachineTaskThread-/0.0.0.0:15002-0 ] INFO  server.GrpcServicesImpl (GrpcServicesImpl.java:startImpl(346)) - feb39a1c-80cb-4714-ab06-a361236e3029: GrpcServicesImpl started, listening on 15109
2025-10-20 19:49:56,300 [206580cc-82ee-4213-b95b-59cb1d300b36@group-ED2B81D70E54-StateMachineUpdater] INFO  safemode.SCMSafeModeManager (SCMSafeModeManager.java:validateSafeModeExitRules(138)) - DataNodeSafeModeRule rule is successfully validated
2025-10-20 19:49:56,300 [feb39a1c-80cb-4714-ab06-a361236e3029-EndpointStateMachineTaskThread-/0.0.0.0:15002-0 ] INFO  server.GrpcServicesImpl (GrpcServicesImpl.java:startImpl(346)) - feb39a1c-80cb-4714-ab06-a361236e3029: GrpcServicesImpl started, listening on 15111
2025-10-20 19:49:56,300 [206580cc-82ee-4213-b95b-59cb1d300b36@group-ED2B81D70E54-StateMachineUpdater] INFO  safemode.SCMSafeModeManager (SCMSafeModeManager.java:validateSafeModeExitRules(138)) - RatisContainerSafeModeRule rule is successfully validated
2025-10-20 19:49:56,300 [206580cc-82ee-4213-b95b-59cb1d300b36@group-ED2B81D70E54-StateMachineUpdater] INFO  safemode.HealthyPipelineSafeModeRule (HealthyPipelineSafeModeRule.java:initializeRule(226)) - Refreshed total pipeline count is 0, healthy pipeline threshold count is 1
2025-10-20 19:49:56,300 [206580cc-82ee-4213-b95b-59cb1d300b36@group-ED2B81D70E54-StateMachineUpdater] INFO  safemode.SCMSafeModeManager (SCMSafeModeManager.java:validateSafeModeExitRules(138)) - OneReplicaPipelineSafeModeRule rule is successfully validated
2025-10-20 19:49:56,300 [206580cc-82ee-4213-b95b-59cb1d300b36@group-ED2B81D70E54-StateMachineUpdater] INFO  safemode.SCMSafeModeManager (SCMSafeModeManager.java:validateSafeModeExitRules(138)) - ECContainerSafeModeRule rule is successfully validated
2025-10-20 19:49:56,301 [e05592a5-d00f-4fc1-9e39-a968c1ecb04e-groupManagement] INFO  server.RaftServerConfigKeys (ConfUtils.java:logGet(62)) - raft.server.log.segment.size.max = 67108864 (custom)
2025-10-20 19:49:56,301 [feb39a1c-80cb-4714-ab06-a361236e3029-EndpointStateMachineTaskThread-/0.0.0.0:15002-0 ] INFO  server.GrpcServicesImpl (GrpcServicesImpl.java:startImpl(346)) - feb39a1c-80cb-4714-ab06-a361236e3029: GrpcServicesImpl started, listening on 15110
2025-10-20 19:49:56,301 [RatisPipelineUtilsThread-0] INFO  pipeline.BackgroundPipelineCreator (BackgroundPipelineCreator.java:createPipelines(246)) - Created new pipeline Pipeline{ Id: 039ffff9-266b-48f4-a31a-1bf756e6abfd, Nodes: [ {4f2bb3f5-0e03-4f1b-bb4c-79c91b98c7da(localhost/127.0.0.1), ReplicaIndex: 0},], ReplicationConfig: RATIS/ONE, State:ALLOCATED, leaderId:, CreationTimestamp2025-10-20T19:49:56.294012810Z[Etc/UTC]}
2025-10-20 19:49:56,302 [JvmPauseMonitor15] INFO  util.JvmPauseMonitor (JvmPauseMonitor.java:run(146)) - JvmPauseMonitor-feb39a1c-80cb-4714-ab06-a361236e3029: Started
2025-10-20 19:49:56,305 [206580cc-82ee-4213-b95b-59cb1d300b36@group-ED2B81D70E54-StateMachineUpdater] INFO  safemode.SCMSafeModeManager (SCMSafeModeManager.java:validateSafeModeExitRules(138)) - DataNodeSafeModeRule rule is successfully validated
2025-10-20 19:49:56,302 [e05592a5-d00f-4fc1-9e39-a968c1ecb04e-groupManagement] INFO  server.RaftServerConfigKeys (ConfUtils.java:logGet(62)) - raft.server.log.appender.buffer.byte-limit = 33554432 (custom)
2025-10-20 19:49:56,302 [feb39a1c-80cb-4714-ab06-a361236e3029-EndpointStateMachineTaskThread-/0.0.0.0:15002-0 ] INFO  ratis.XceiverServerRatis (XceiverServerRatis.java:getRealPort(586)) - XceiverServerRatis(feb39a1c-80cb-4714-ab06-a361236e3029) is started using port RATIS=15109
2025-10-20 19:49:56,305 [206580cc-82ee-4213-b95b-59cb1d300b36@group-ED2B81D70E54-StateMachineUpdater] INFO  safemode.SCMSafeModeManager (SCMSafeModeManager.java:validateSafeModeExitRules(138)) - RatisContainerSafeModeRule rule is successfully validated
2025-10-20 19:49:56,305 [feb39a1c-80cb-4714-ab06-a361236e3029-EndpointStateMachineTaskThread-/0.0.0.0:15002-0 ] INFO  ratis.XceiverServerRatis (XceiverServerRatis.java:getRealPort(586)) - XceiverServerRatis(feb39a1c-80cb-4714-ab06-a361236e3029) is started using port RATIS_ADMIN=15110
2025-10-20 19:49:56,306 [206580cc-82ee-4213-b95b-59cb1d300b36@group-ED2B81D70E54-StateMachineUpdater] INFO  safemode.HealthyPipelineSafeModeRule (HealthyPipelineSafeModeRule.java:initializeRule(226)) - Refreshed total pipeline count is 0, healthy pipeline threshold count is 1
2025-10-20 19:49:56,306 [feb39a1c-80cb-4714-ab06-a361236e3029-EndpointStateMachineTaskThread-/0.0.0.0:15002-0 ] INFO  ratis.XceiverServerRatis (XceiverServerRatis.java:getRealPort(586)) - XceiverServerRatis(feb39a1c-80cb-4714-ab06-a361236e3029) is started using port RATIS_SERVER=15111
2025-10-20 19:49:56,306 [206580cc-82ee-4213-b95b-59cb1d300b36@group-ED2B81D70E54-StateMachineUpdater] INFO  safemode.SCMSafeModeManager (SCMSafeModeManager.java:validateSafeModeExitRules(138)) - OneReplicaPipelineSafeModeRule rule is successfully validated
2025-10-20 19:49:56,306 [feb39a1c-80cb-4714-ab06-a361236e3029-EndpointStateMachineTaskThread-/0.0.0.0:15002-0 ] INFO  ratis.XceiverServerRatis (XceiverServerRatis.java:getRealPort(586)) - XceiverServerRatis(feb39a1c-80cb-4714-ab06-a361236e3029) is started using port RATIS_DATASTREAM=15112
2025-10-20 19:49:56,306 [206580cc-82ee-4213-b95b-59cb1d300b36@group-ED2B81D70E54-StateMachineUpdater] INFO  safemode.SCMSafeModeManager (SCMSafeModeManager.java:validateSafeModeExitRules(138)) - ECContainerSafeModeRule rule is successfully validated
2025-10-20 19:49:56,307 [EventQueue-PipelineReportForPipelineReportHandler] INFO  pipeline.PipelineReportHandler (PipelineReportHandler.java:processPipelineReport(132)) - Opened pipeline Pipeline-b1a34ffb-9e35-4ea0-a61f-1d401c589e9b
2025-10-20 19:49:56,308 [feb39a1c-80cb-4714-ab06-a361236e3029-EndpointStateMachineTaskThread-/0.0.0.0:15002-0 ] INFO  utils.BackgroundService (BackgroundService.java:start(119)) - Starting service BlockDeletingService with interval 60000 milliseconds
2025-10-20 19:49:56,307 [e05592a5-d00f-4fc1-9e39-a968c1ecb04e-groupManagement] INFO  util.AwaitToRun (AwaitToRun.java:start(81)) - Thread[#1437,e05592a5-d00f-4fc1-9e39-a968c1ecb04e@group-1D401C589E9B-cacheEviction-AwaitToRun,5,main] started
2025-10-20 19:49:56,308 [e05592a5-d00f-4fc1-9e39-a968c1ecb04e-groupManagement] INFO  segmented.SegmentedRaftLogWorker (SegmentedRaftLogWorker.java:<init>(190)) - new e05592a5-d00f-4fc1-9e39-a968c1ecb04e@group-1D401C589E9B-SegmentedRaftLogWorker for RaftStorageImpl:Storage Directory /home/runner/work/ozone/ozone/hadoop-ozone/integration-test/target/test-dir/MiniOzoneClusterImpl-6935df51-69ff-4c35-8bd4-ed2b81d70e54/ozone-metadata/datanode-1/ratis/b1a34ffb-9e35-4ea0-a61f-1d401c589e9b
2025-10-20 19:49:56,308 [e05592a5-d00f-4fc1-9e39-a968c1ecb04e-groupManagement] INFO  server.RaftServerConfigKeys (ConfUtils.java:logGet(62)) - raft.server.log.queue.byte-limit = 4294967296 (custom)
2025-10-20 19:49:56,309 [e05592a5-d00f-4fc1-9e39-a968c1ecb04e-groupManagement] INFO  server.RaftServerConfigKeys (ConfUtils.java:logGet(62)) - raft.server.log.segment.size.max = 67108864 (custom)
2025-10-20 19:49:56,309 [e05592a5-d00f-4fc1-9e39-a968c1ecb04e-groupManagement] INFO  server.RaftServerConfigKeys (ConfUtils.java:logGet(62)) - raft.server.log.preallocated.size = 4194304 (custom)
2025-10-20 19:49:56,309 [feb39a1c-80cb-4714-ab06-a361236e3029-EndpointStateMachineTaskThread-/0.0.0.0:15002-0 ] INFO  utils.BackgroundService (BackgroundService.java:start(119)) - Starting service StaleRecoveringContainerScrubbingService with interval 60000 milliseconds
2025-10-20 19:49:56,309 [e05592a5-d00f-4fc1-9e39-a968c1ecb04e-groupManagement] INFO  server.RaftServerConfigKeys (ConfUtils.java:logGet(62)) - raft.server.log.write.buffer.size = 33554440 (custom)
2025-10-20 19:49:56,318 [e05592a5-d00f-4fc1-9e39-a968c1ecb04e-groupManagement] INFO  server.RaftServerConfigKeys (ConfUtils.java:logGet(62)) - raft.server.log.appender.buffer.byte-limit = 33554432 (custom)
2025-10-20 19:49:56,319 [e05592a5-d00f-4fc1-9e39-a968c1ecb04e-groupManagement] INFO  segmented.SegmentedRaftLogWorker (SegmentedRaftLogWorker.java:lambda$new$0(141)) - e05592a5-d00f-4fc1-9e39-a968c1ecb04e@group-1D401C589E9B-SegmentedRaftLogWorker: flushIndex: setUnconditionally 0 -> -1
2025-10-20 19:49:56,319 [e05592a5-d00f-4fc1-9e39-a968c1ecb04e-groupManagement] INFO  segmented.SegmentedRaftLogWorker (SegmentedRaftLogWorker.java:lambda$new$0(141)) - e05592a5-d00f-4fc1-9e39-a968c1ecb04e@group-1D401C589E9B-SegmentedRaftLogWorker: safeCacheEvictIndex: setUnconditionally 0 -> -1
2025-10-20 19:49:56,320 [e05592a5-d00f-4fc1-9e39-a968c1ecb04e-groupManagement] INFO  server.RaftServer$Division (RaftServerImpl.java:start(405)) - e05592a5-d00f-4fc1-9e39-a968c1ecb04e@group-1D401C589E9B: start as a follower, conf=conf: {index: -1, cur=peers:[e05592a5-d00f-4fc1-9e39-a968c1ecb04e|127.0.0.1:15015]|listeners:[], old=null}
2025-10-20 19:49:56,320 [e05592a5-d00f-4fc1-9e39-a968c1ecb04e-groupManagement] INFO  server.RaftServer$Division (RaftServerImpl.java:setRole(392)) - e05592a5-d00f-4fc1-9e39-a968c1ecb04e@group-1D401C589E9B: changes role from      null to FOLLOWER at term 0 for startAsFollower
2025-10-20 19:49:56,320 [e05592a5-d00f-4fc1-9e39-a968c1ecb04e-groupManagement] INFO  impl.RoleInfo (RoleInfo.java:updateAndGet(148)) - e05592a5-d00f-4fc1-9e39-a968c1ecb04e: start e05592a5-d00f-4fc1-9e39-a968c1ecb04e@group-1D401C589E9B-FollowerState
2025-10-20 19:49:56,321 [e05592a5-d00f-4fc1-9e39-a968c1ecb04e-groupManagement] INFO  util.JmxRegister (JmxRegister.java:tryRegister(44)) - Successfully registered JMX Bean with object name Ratis:service=RaftServer,group=group-1D401C589E9B,id=e05592a5-d00f-4fc1-9e39-a968c1ecb04e
2025-10-20 19:49:56,321 [e05592a5-d00f-4fc1-9e39-a968c1ecb04e-groupManagement] INFO  util.JmxRegister (JmxRegister.java:register(58)) - register mxBean class org.apache.ratis.server.impl.RaftServerJmxAdapter as Ratis:service=RaftServer,group=group-1D401C589E9B,id=e05592a5-d00f-4fc1-9e39-a968c1ecb04e
2025-10-20 19:49:56,323 [e05592a5-d00f-4fc1-9e39-a968c1ecb04e-groupManagement] INFO  server.RaftServer$Division (RaftServerImpl.java:start(419)) - e05592a5-d00f-4fc1-9e39-a968c1ecb04e@group-1D401C589E9B: Successfully started.
2025-10-20 19:49:56,323 [e05592a5-d00f-4fc1-9e39-a968c1ecb04e-CreatePipelineCommandHandlerThread-0] INFO  ratis.XceiverServerRatis (XceiverServerRatis.java:addGroup(839)) - Created group Pipeline-b1a34ffb-9e35-4ea0-a61f-1d401c589e9b
2025-10-20 19:49:56,324 [e05592a5-d00f-4fc1-9e39-a968c1ecb04e-CreatePipelineCommandHandlerThread-0] INFO  commandhandler.CreatePipelineCommandHandler (CreatePipelineCommandHandler.java:lambda$handle$2(141)) - Created Pipeline RATIS ONE Pipeline-b1a34ffb-9e35-4ea0-a61f-1d401c589e9b.
2025-10-20 19:49:56,324 [e05592a5-d00f-4fc1-9e39-a968c1ecb04e-CreatePipelineCommandHandlerThread-0] INFO  server.RaftServer (RaftServerProxy.java:addNew(105)) - e05592a5-d00f-4fc1-9e39-a968c1ecb04e: addNew group-939DE61E1E74:[ef67b0a7-5b27-496d-9f38-ab804a28e500|127.0.0.1:15023, e05592a5-d00f-4fc1-9e39-a968c1ecb04e|127.0.0.1:15015, 361055de-215b-4c6c-94c2-be1c1da118d1|127.0.0.1:15031] returns group-939DE61E1E74:java.util.concurrent.CompletableFuture@1a392e32[Not completed]
2025-10-20 19:49:56,326 [e05592a5-d00f-4fc1-9e39-a968c1ecb04e-groupManagement] INFO  server.RaftServer$Division (RaftServerImpl.java:<init>(268)) - e05592a5-d00f-4fc1-9e39-a968c1ecb04e: new RaftServerImpl for group-939DE61E1E74:[ef67b0a7-5b27-496d-9f38-ab804a28e500|127.0.0.1:15023, e05592a5-d00f-4fc1-9e39-a968c1ecb04e|127.0.0.1:15015, 361055de-215b-4c6c-94c2-be1c1da118d1|127.0.0.1:15031] with ContainerStateMachine:uninitialized
2025-10-20 19:49:56,327 [e05592a5-d00f-4fc1-9e39-a968c1ecb04e-groupManagement] INFO  server.RaftServer$Division (ServerState.java:<init>(114)) - e05592a5-d00f-4fc1-9e39-a968c1ecb04e@group-939DE61E1E74: ConfigurationManager, init=conf: {index: -1, cur=peers:[ef67b0a7-5b27-496d-9f38-ab804a28e500|127.0.0.1:15023, e05592a5-d00f-4fc1-9e39-a968c1ecb04e|127.0.0.1:15015, 361055de-215b-4c6c-94c2-be1c1da118d1|127.0.0.1:15031]|listeners:[], old=null}, confs=<EMPTY_MAP>
2025-10-20 19:49:56,337 [e05592a5-d00f-4fc1-9e39-a968c1ecb04e-groupManagement] INFO  storage.RaftStorageDirectory (RaftStorageDirectoryImpl.java:analyzeStorage(138)) - The storage directory /home/runner/work/ozone/ozone/hadoop-ozone/integration-test/target/test-dir/MiniOzoneClusterImpl-6935df51-69ff-4c35-8bd4-ed2b81d70e54/ozone-metadata/datanode-1/ratis/0b8c5e6b-69eb-484b-887e-939de61e1e74 does not exist. Creating ...
2025-10-20 19:49:56,338 | INFO  | SCMAudit | user=runner | ip=127.0.0.1 | op=SEND_HEARTBEAT {"datanodeUUID":"605be85e-a7f4-44d7-8cfd-f53001b990b0","term":"2","command":"[commandType: createPipelineCommand createPipelineCommandProto { pipelineID { id: \"e6175e89-edf4-4ae0-8959-b1406fc7fb54\" uuid128 { mostSigBits: -1866919574026040608 leastSigBits: -8549607527274775724 } } type: RATIS factor: ONE datanode { uuid: \"605be85e-a7f4-44d7-8cfd-f53001b990b0\" ipAddress: \"127.0.0.1\" hostName: \"localhost\" ports { name: \"HTTP\" value: 15074 } ports { name: \"CLIENT_RPC\" value: 15075 } ports { name: \"REPLICATION\" value: 15081 } ports { name: \"RATIS\" value: 15077 } ports { name: \"RATIS_ADMIN\" value: 15078 } ports { name: \"RATIS_SERVER\" value: 15079 } ports { name: \"RATIS_DATASTREAM\" value: 15080 } ports { name: \"STANDALONE\" value: 15076 } networkName: \"605be85e-a7f4-44d7-8cfd-f53001b990b0\" networkLocation: \"/default-rack\" persistedOpState: IN_SERVICE persistedOpStateExpiry: 0 currentVersion: 2 uuid128 { mostSigBits: 6943398743764124887 leastSigBits: -8287198152755670864 } level: 3 id { uuid { mostSigBits: 6943398743764124887 leastSigBits: -8287198152755670864 } } } cmdId: 1760989793835 priority: 1 } term: 2 encodedToken: \"\" deadlineMsSinceEpoch: 0, commandType: createPipelineCommand createPipelineCommandProto { pipelineID { id: \"b9872faf-8f47-436e-820e-e9f55728802d\" uuid128 { mostSigBits: -5078037623767350418 leastSigBits: -9075058959166439379 } } type: RATIS factor: THREE datanode { uuid: \"7bb0e7f0-2b36-4ec0-8a09-ceac75d91a36\" ipAddress: \"127.0.0.1\" hostName: \"localhost\" ports { name: \"HTTP\" value: 15066 } ports { name: \"CLIENT_RPC\" value: 15067 } ports { name: \"REPLICATION\" value: 15073 } ports { name: \"RATIS\" value: 15069 } ports { name: \"RATIS_ADMIN\" value: 15070 } ports { name: \"RATIS_SERVER\" value: 15071 } ports { name: \"RATIS_DATASTREAM\" value: 15072 } ports { name: \"STANDALONE\" value: 15068 } networkName: \"7bb0e7f0-2b36-4ec0-8a09-ceac75d91a36\" networkLocation: \"/default-rack\" persistedOpState: IN_SERVICE persistedOpStateExpiry: 0 currentVersion: 2 uuid128 { mostSigBits: 8912878681269358272 leastSigBits: -8500035581578241482 } level: 3 id { uuid { mostSigBits: 8912878681269358272 leastSigBits: -8500035581578241482 } } } datanode { uuid: \"605be85e-a7f4-44d7-8cfd-f53001b990b0\" ipAddress: \"127.0.0.1\" hostName: \"localhost\" ports { name: \"HTTP\" value: 15074 } ports { name: \"CLIENT_RPC\" value: 15075 } ports { name: \"REPLICATION\" value: 15081 } ports { name: \"RATIS\" value: 15077 } ports { name: \"RATIS_ADMIN\" value: 15078 } ports { name: \"RATIS_SERVER\" value: 15079 } ports { name: \"RATIS_DATASTREAM\" value: 15080 } ports { name: \"STANDALONE\" value: 15076 } networkName: \"605be85e-a7f4-44d7-8cfd-f53001b990b0\" networkLocation: \"/default-rack\" persistedOpState: IN_SERVICE persistedOpStateExpiry: 0 currentVersion: 2 uuid128 { mostSigBits: 6943398743764124887 leastSigBits: -8287198152755670864 } level: 3 id { uuid { mostSigBits: 6943398743764124887 leastSigBits: -8287198152755670864 } } } datanode { uuid: \"cc7fbe85-1d98-437b-84f9-04213fee10f0\" ipAddress: \"127.0.0.1\" hostName: \"localhost\" ports { name: \"HTTP\" value: 15058 } ports { name: \"CLIENT_RPC\" value: 15059 } ports { name: \"REPLICATION\" value: 15065 } ports { name: \"RATIS\" value: 15061 } ports { name: \"RATIS_ADMIN\" value: 15062 } ports { name: \"RATIS_SERVER\" value: 15063 } ports { name: \"RATIS_DATASTREAM\" value: 15064 } ports { name: \"STANDALONE\" value: 15060 } networkName: \"cc7fbe85-1d98-437b-84f9-04213fee10f0\" networkLocation: \"/default-rack\" persistedOpState: IN_SERVICE persistedOpStateExpiry: 0 currentVersion: 2 uuid128 { mostSigBits: -3711038088993553541 leastSigBits: -8865049850649112336 } level: 3 id { uuid { mostSigBits: -3711038088993553541 leastSigBits: -8865049850649112336 } } } cmdId: 1760989793836 priority: 0 priority: 1 priority: 0 } term: 2 encodedToken: \"\" deadlineMsSinceEpoch: 0, commandType: createPipelineCommand createPipelineCommandProto { pipelineID { id: \"279335df-31f6-46d2-a714-adca28697501\" uuid128 { mostSigBits: 2851682221787858642 leastSigBits: -6407305286068374271 } } type: RATIS factor: THREE datanode { uuid: \"605be85e-a7f4-44d7-8cfd-f53001b990b0\" ipAddress: \"127.0.0.1\" hostName: \"localhost\" ports { name: \"HTTP\" value: 15074 } ports { name: \"CLIENT_RPC\" value: 15075 } ports { name: \"REPLICATION\" value: 15081 } ports { name: \"RATIS\" value: 15077 } ports { name: \"RATIS_ADMIN\" value: 15078 } ports { name: \"RATIS_SERVER\" value: 15079 } ports { name: \"RATIS_DATASTREAM\" value: 15080 } ports { name: \"STANDALONE\" value: 15076 } networkName: \"605be85e-a7f4-44d7-8cfd-f53001b990b0\" networkLocation: \"/default-rack\" persistedOpState: IN_SERVICE persistedOpStateExpiry: 0 currentVersion: 2 uuid128 { mostSigBits: 6943398743764124887 leastSigBits: -8287198152755670864 } level: 3 id { uuid { mostSigBits: 6943398743764124887 leastSigBits: -8287198152755670864 } } } datanode { uuid: \"7bb0e7f0-2b36-4ec0-8a09-ceac75d91a36\" ipAddress: \"127.0.0.1\" hostName: \"localhost\" ports { name: \"HTTP\" value: 15066 } ports { name: \"CLIENT_RPC\" value: 15067 } ports { name: \"REPLICATION\" value: 15073 } ports { name: \"RATIS\" value: 15069 } ports { name: \"RATIS_ADMIN\" value: 15070 } ports { name: \"RATIS_SERVER\" value: 15071 } ports { name: \"RATIS_DATASTREAM\" value: 15072 } ports { name: \"STANDALONE\" value: 15068 } networkName: \"7bb0e7f0-2b36-4ec0-8a09-ceac75d91a36\" networkLocation: \"/default-rack\" persistedOpState: IN_SERVICE persistedOpStateExpiry: 0 currentVersion: 2 uuid128 { mostSigBits: 8912878681269358272 leastSigBits: -8500035581578241482 } level: 3 id { uuid { mostSigBits: 8912878681269358272 leastSigBits: -8500035581578241482 } } } datanode { uuid: \"cc7fbe85-1d98-437b-84f9-04213fee10f0\" ipAddress: \"127.0.0.1\" hostName: \"localhost\" ports { name: \"HTTP\" value: 15058 } ports { name: \"CLIENT_RPC\" value: 15059 } ports { name: \"REPLICATION\" value: 15065 } ports { name: \"RATIS\" value: 15061 } ports { name: \"RATIS_ADMIN\" value: 15062 } ports { name: \"RATIS_SERVER\" value: 15063 } ports { name: \"RATIS_DATASTREAM\" value: 15064 } ports { name: \"STANDALONE\" value: 15060 } networkName: \"cc7fbe85-1d98-437b-84f9-04213fee10f0\" networkLocation: \"/default-rack\" persistedOpState: IN_SERVICE persistedOpStateExpiry: 0 currentVersion: 2 uuid128 { mostSigBits: -3711038088993553541 leastSigBits: -8865049850649112336 } level: 3 id { uuid { mostSigBits: -3711038088993553541 leastSigBits: -8865049850649112336 } } } cmdId: 1760989793837 priority: 0 priority: 1 priority: 0 } term: 2 encodedToken: \"\" deadlineMsSinceEpoch: 0]"} | ret=SUCCESS |  
2025-10-20 19:49:56,341 [e05592a5-d00f-4fc1-9e39-a968c1ecb04e-groupManagement] INFO  storage.RaftStorageDirectory (RaftStorageDirectoryImpl.java:tryLock(229)) - Lock on /home/runner/work/ozone/ozone/hadoop-ozone/integration-test/target/test-dir/MiniOzoneClusterImpl-6935df51-69ff-4c35-8bd4-ed2b81d70e54/ozone-metadata/datanode-1/ratis/0b8c5e6b-69eb-484b-887e-939de61e1e74/in_use.lock acquired by nodename 12924@localhost
2025-10-20 19:49:56,342 [e05592a5-d00f-4fc1-9e39-a968c1ecb04e-groupManagement] INFO  storage.RaftStorage (RaftStorageImpl.java:format(98)) - Storage directory /home/runner/work/ozone/ozone/hadoop-ozone/integration-test/target/test-dir/MiniOzoneClusterImpl-6935df51-69ff-4c35-8bd4-ed2b81d70e54/ozone-metadata/datanode-1/ratis/0b8c5e6b-69eb-484b-887e-939de61e1e74 has been successfully formatted.
2025-10-20 19:49:56,343 [e05592a5-d00f-4fc1-9e39-a968c1ecb04e-groupManagement] INFO  ratis.ContainerStateMachine (ContainerStateMachine.java:initialize(339)) - e05592a5-d00f-4fc1-9e39-a968c1ecb04e: initialize group-939DE61E1E74
2025-10-20 19:49:56,343 [e05592a5-d00f-4fc1-9e39-a968c1ecb04e-groupManagement] INFO  ratis.ContainerStateMachine (ContainerStateMachine.java:loadSnapshot(347)) - group-939DE61E1E74: The snapshot info is null. Setting the last applied index to:<INITIAL_VALUE>
2025-10-20 19:49:56,344 [e05592a5-d00f-4fc1-9e39-a968c1ecb04e-groupManagement] INFO  server.RaftServerConfigKeys (ConfUtils.java:logGet(62)) - raft.server.log.appender.buffer.byte-limit = 33554432 (custom)
2025-10-20 19:49:56,347 | INFO  | SCMAudit | user=runner | ip=127.0.0.1 | op=SEND_HEARTBEAT {"datanodeUUID":"e05592a5-d00f-4fc1-9e39-a968c1ecb04e","term":"2","command":"[]"} | ret=SUCCESS |  
2025-10-20 19:49:56,348 [EventQueue-PipelineReportForOneReplicaPipelineSafeModeRule] INFO  safemode.SCMSafeModeManager (SCMSafeModeManager.java:validateSafeModeExitRules(138)) - OneReplicaPipelineSafeModeRule rule is successfully validated
2025-10-20 19:49:56,351 [e05592a5-d00f-4fc1-9e39-a968c1ecb04e-groupManagement] INFO  server.RaftServerConfigKeys (ConfUtils.java:logGet(62)) - raft.server.log.segment.size.max = 67108864 (custom)
2025-10-20 19:49:56,353 [e05592a5-d00f-4fc1-9e39-a968c1ecb04e-groupManagement] INFO  server.RaftServerConfigKeys (ConfUtils.java:logGet(62)) - raft.server.log.appender.buffer.byte-limit = 33554432 (custom)
2025-10-20 19:49:56,352 | INFO  | SCMAudit | user=runner | ip=127.0.0.1 | op=SEND_HEARTBEAT {"datanodeUUID":"af0e5da1-57af-45e9-9aca-fa0798d05628","term":"2","command":"[]"} | ret=SUCCESS |  
2025-10-20 19:49:56,354 [e05592a5-d00f-4fc1-9e39-a968c1ecb04e-groupManagement] INFO  util.AwaitToRun (AwaitToRun.java:start(81)) - Thread[#1446,e05592a5-d00f-4fc1-9e39-a968c1ecb04e@group-939DE61E1E74-cacheEviction-AwaitToRun,5,main] started
2025-10-20 19:49:56,354 [e05592a5-d00f-4fc1-9e39-a968c1ecb04e-groupManagement] INFO  segmented.SegmentedRaftLogWorker (SegmentedRaftLogWorker.java:<init>(190)) - new e05592a5-d00f-4fc1-9e39-a968c1ecb04e@group-939DE61E1E74-SegmentedRaftLogWorker for RaftStorageImpl:Storage Directory /home/runner/work/ozone/ozone/hadoop-ozone/integration-test/target/test-dir/MiniOzoneClusterImpl-6935df51-69ff-4c35-8bd4-ed2b81d70e54/ozone-metadata/datanode-1/ratis/0b8c5e6b-69eb-484b-887e-939de61e1e74
2025-10-20 19:49:56,354 [e05592a5-d00f-4fc1-9e39-a968c1ecb04e-groupManagement] INFO  server.RaftServerConfigKeys (ConfUtils.java:logGet(62)) - raft.server.log.queue.byte-limit = 4294967296 (custom)
2025-10-20 19:49:56,355 [e05592a5-d00f-4fc1-9e39-a968c1ecb04e-groupManagement] INFO  server.RaftServerConfigKeys (ConfUtils.java:logGet(62)) - raft.server.log.segment.size.max = 67108864 (custom)
2025-10-20 19:49:56,355 [e05592a5-d00f-4fc1-9e39-a968c1ecb04e-groupManagement] INFO  server.RaftServerConfigKeys (ConfUtils.java:logGet(62)) - raft.server.log.preallocated.size = 4194304 (custom)
2025-10-20 19:49:56,357 [e05592a5-d00f-4fc1-9e39-a968c1ecb04e-groupManagement] INFO  server.RaftServerConfigKeys (ConfUtils.java:logGet(62)) - raft.server.log.write.buffer.size = 33554440 (custom)
2025-10-20 19:49:56,365 [e05592a5-d00f-4fc1-9e39-a968c1ecb04e-groupManagement] INFO  server.RaftServerConfigKeys (ConfUtils.java:logGet(62)) - raft.server.log.appender.buffer.byte-limit = 33554432 (custom)
2025-10-20 19:49:56,366 [e05592a5-d00f-4fc1-9e39-a968c1ecb04e-groupManagement] INFO  segmented.SegmentedRaftLogWorker (SegmentedRaftLogWorker.java:lambda$new$0(141)) - e05592a5-d00f-4fc1-9e39-a968c1ecb04e@group-939DE61E1E74-SegmentedRaftLogWorker: flushIndex: setUnconditionally 0 -> -1
2025-10-20 19:49:56,366 [e05592a5-d00f-4fc1-9e39-a968c1ecb04e-groupManagement] INFO  segmented.SegmentedRaftLogWorker (SegmentedRaftLogWorker.java:lambda$new$0(141)) - e05592a5-d00f-4fc1-9e39-a968c1ecb04e@group-939DE61E1E74-SegmentedRaftLogWorker: safeCacheEvictIndex: setUnconditionally 0 -> -1
2025-10-20 19:49:56,366 [e05592a5-d00f-4fc1-9e39-a968c1ecb04e-groupManagement] INFO  server.RaftServer$Division (RaftServerImpl.java:start(405)) - e05592a5-d00f-4fc1-9e39-a968c1ecb04e@group-939DE61E1E74: start as a follower, conf=conf: {index: -1, cur=peers:[ef67b0a7-5b27-496d-9f38-ab804a28e500|127.0.0.1:15023, e05592a5-d00f-4fc1-9e39-a968c1ecb04e|127.0.0.1:15015, 361055de-215b-4c6c-94c2-be1c1da118d1|127.0.0.1:15031]|listeners:[], old=null}
2025-10-20 19:49:56,366 [e05592a5-d00f-4fc1-9e39-a968c1ecb04e-groupManagement] INFO  server.RaftServer$Division (RaftServerImpl.java:setRole(392)) - e05592a5-d00f-4fc1-9e39-a968c1ecb04e@group-939DE61E1E74: changes role from      null to FOLLOWER at term 0 for startAsFollower
2025-10-20 19:49:56,366 [e05592a5-d00f-4fc1-9e39-a968c1ecb04e-groupManagement] INFO  impl.RoleInfo (RoleInfo.java:updateAndGet(148)) - e05592a5-d00f-4fc1-9e39-a968c1ecb04e: start e05592a5-d00f-4fc1-9e39-a968c1ecb04e@group-939DE61E1E74-FollowerState
2025-10-20 19:49:56,367 [e05592a5-d00f-4fc1-9e39-a968c1ecb04e-groupManagement] INFO  util.JmxRegister (JmxRegister.java:tryRegister(44)) - Successfully registered JMX Bean with object name Ratis:service=RaftServer,group=group-939DE61E1E74,id=e05592a5-d00f-4fc1-9e39-a968c1ecb04e
2025-10-20 19:49:56,367 [e05592a5-d00f-4fc1-9e39-a968c1ecb04e-groupManagement] INFO  util.JmxRegister (JmxRegister.java:register(58)) - register mxBean class org.apache.ratis.server.impl.RaftServerJmxAdapter as Ratis:service=RaftServer,group=group-939DE61E1E74,id=e05592a5-d00f-4fc1-9e39-a968c1ecb04e
2025-10-20 19:49:56,369 [e05592a5-d00f-4fc1-9e39-a968c1ecb04e-groupManagement] INFO  server.RaftServer$Division (RaftServerImpl.java:start(419)) - e05592a5-d00f-4fc1-9e39-a968c1ecb04e@group-939DE61E1E74: Successfully started.
2025-10-20 19:49:56,369 [e05592a5-d00f-4fc1-9e39-a968c1ecb04e-CreatePipelineCommandHandlerThread-0] INFO  ratis.XceiverServerRatis (XceiverServerRatis.java:addGroup(839)) - Created group Pipeline-0b8c5e6b-69eb-484b-887e-939de61e1e74
2025-10-20 19:49:56,372 [ef67b0a7-5b27-496d-9f38-ab804a28e500-groupManagement] INFO  server.RaftServer$Division (RaftServerImpl.java:<init>(268)) - ef67b0a7-5b27-496d-9f38-ab804a28e500: new RaftServerImpl for group-939DE61E1E74:[ef67b0a7-5b27-496d-9f38-ab804a28e500|127.0.0.1:15023, e05592a5-d00f-4fc1-9e39-a968c1ecb04e|127.0.0.1:15015, 361055de-215b-4c6c-94c2-be1c1da118d1|127.0.0.1:15031] with ContainerStateMachine:uninitialized
2025-10-20 19:49:56,372 [ef67b0a7-5b27-496d-9f38-ab804a28e500-groupManagement] INFO  server.RaftServer$Division (ServerState.java:<init>(114)) - ef67b0a7-5b27-496d-9f38-ab804a28e500@group-939DE61E1E74: ConfigurationManager, init=conf: {index: -1, cur=peers:[ef67b0a7-5b27-496d-9f38-ab804a28e500|127.0.0.1:15023, e05592a5-d00f-4fc1-9e39-a968c1ecb04e|127.0.0.1:15015, 361055de-215b-4c6c-94c2-be1c1da118d1|127.0.0.1:15031]|listeners:[], old=null}, confs=<EMPTY_MAP>
2025-10-20 19:49:56,373 [grpc-default-executor-0] INFO  server.RaftServer (RaftServerProxy.java:addNew(105)) - ef67b0a7-5b27-496d-9f38-ab804a28e500: addNew group-939DE61E1E74:[ef67b0a7-5b27-496d-9f38-ab804a28e500|127.0.0.1:15023, e05592a5-d00f-4fc1-9e39-a968c1ecb04e|127.0.0.1:15015, 361055de-215b-4c6c-94c2-be1c1da118d1|127.0.0.1:15031] returns group-939DE61E1E74:java.util.concurrent.CompletableFuture@6ef7f1f5[Not completed]
2025-10-20 19:49:56,382 [ef67b0a7-5b27-496d-9f38-ab804a28e500-groupManagement] INFO  server.RaftServerConfigKeys (ConfUtils.java:logGet(62)) - raft.server.storage.dir = [/home/runner/work/ozone/ozone/hadoop-ozone/integration-test/target/test-dir/MiniOzoneClusterImpl-6935df51-69ff-4c35-8bd4-ed2b81d70e54/ozone-metadata/datanode-2/ratis] (custom)
2025-10-20 19:49:56,383 [ef67b0a7-5b27-496d-9f38-ab804a28e500-groupManagement] INFO  storage.RaftStorageDirectory (RaftStorageDirectoryImpl.java:analyzeStorage(138)) - The storage directory /home/runner/work/ozone/ozone/hadoop-ozone/integration-test/target/test-dir/MiniOzoneClusterImpl-6935df51-69ff-4c35-8bd4-ed2b81d70e54/ozone-metadata/datanode-2/ratis/0b8c5e6b-69eb-484b-887e-939de61e1e74 does not exist. Creating ...
2025-10-20 19:49:56,384 [ef67b0a7-5b27-496d-9f38-ab804a28e500-groupManagement] INFO  storage.RaftStorageDirectory (RaftStorageDirectoryImpl.java:tryLock(229)) - Lock on /home/runner/work/ozone/ozone/hadoop-ozone/integration-test/target/test-dir/MiniOzoneClusterImpl-6935df51-69ff-4c35-8bd4-ed2b81d70e54/ozone-metadata/datanode-2/ratis/0b8c5e6b-69eb-484b-887e-939de61e1e74/in_use.lock acquired by nodename 12924@localhost
2025-10-20 19:49:56,386 [grpc-default-executor-0] WARN  server.GrpcAdminProtocolService (GrpcAdminProtocolService.java:lambda$groupManagement$1(53)) - Failed groupManagement: GROUPADD, GroupManagementRequest:client-23CFE53B8CFB->ef67b0a7-5b27-496d-9f38-ab804a28e500@group-939DE61E1E74, cid=2, seq=null, RW, null, Add:group-939DE61E1E74:[ef67b0a7-5b27-496d-9f38-ab804a28e500|127.0.0.1:15023, e05592a5-d00f-4fc1-9e39-a968c1ecb04e|127.0.0.1:15015, 361055de-215b-4c6c-94c2-be1c1da118d1|127.0.0.1:15031]
java.util.concurrent.CompletionException: org.apache.ratis.protocol.exceptions.AlreadyExistsException: ef67b0a7-5b27-496d-9f38-ab804a28e500: Failed to add group-939DE61E1E74:[ef67b0a7-5b27-496d-9f38-ab804a28e500|127.0.0.1:15023, e05592a5-d00f-4fc1-9e39-a968c1ecb04e|127.0.0.1:15015, 361055de-215b-4c6c-94c2-be1c1da118d1|127.0.0.1:15031] since the group already exists in the map.
	at java.base/java.util.concurrent.CompletableFuture.encodeThrowable(CompletableFuture.java:332)
	at java.base/java.util.concurrent.CompletableFuture.uniApplyNow(CompletableFuture.java:674)
	at java.base/java.util.concurrent.CompletableFuture.uniApplyStage(CompletableFuture.java:662)
	at java.base/java.util.concurrent.CompletableFuture.thenApplyAsync(CompletableFuture.java:2210)
	at org.apache.ratis.server.impl.RaftServerProxy.groupAddAsync(RaftServerProxy.java:513)
	at org.apache.ratis.server.impl.RaftServerProxy.groupManagementAsync(RaftServerProxy.java:495)
	at org.apache.ratis.grpc.server.GrpcAdminProtocolService.lambda$groupManagement$0(GrpcAdminProtocolService.java:51)
	at org.apache.ratis.grpc.GrpcUtil.asyncCall(GrpcUtil.java:172)
	at org.apache.ratis.grpc.server.GrpcAdminProtocolService.groupManagement(GrpcAdminProtocolService.java:51)
	at org.apache.ratis.proto.grpc.AdminProtocolServiceGrpc$MethodHandlers.invoke(AdminProtocolServiceGrpc.java:701)
	at org.apache.ratis.thirdparty.io.grpc.stub.ServerCalls$UnaryServerCallHandler$UnaryServerCallListener.onHalfClose(ServerCalls.java:182)
	at org.apache.ratis.thirdparty.io.grpc.internal.ServerCallImpl$ServerStreamListenerImpl.halfClosed(ServerCallImpl.java:356)
	at org.apache.ratis.thirdparty.io.grpc.internal.ServerImpl$JumpToApplicationThreadServerStreamListener$1HalfClosed.runInContext(ServerImpl.java:861)
	at org.apache.ratis.thirdparty.io.grpc.internal.ContextRunnable.run(ContextRunnable.java:37)
	at org.apache.ratis.thirdparty.io.grpc.internal.SerializingExecutor.run(SerializingExecutor.java:133)
	at java.base/java.util.concurrent.ThreadPoolExecutor.runWorker(ThreadPoolExecutor.java:1144)
	at java.base/java.util.concurrent.ThreadPoolExecutor$Worker.run(ThreadPoolExecutor.java:642)
	at java.base/java.lang.Thread.run(Thread.java:1583)
Caused by: org.apache.ratis.protocol.exceptions.AlreadyExistsException: ef67b0a7-5b27-496d-9f38-ab804a28e500: Failed to add group-939DE61E1E74:[ef67b0a7-5b27-496d-9f38-ab804a28e500|127.0.0.1:15023, e05592a5-d00f-4fc1-9e39-a968c1ecb04e|127.0.0.1:15015, 361055de-215b-4c6c-94c2-be1c1da118d1|127.0.0.1:15031] since the group already exists in the map.
	at org.apache.ratis.server.impl.RaftServerProxy$ImplMap.addNew(RaftServerProxy.java:99)
	at org.apache.ratis.server.impl.RaftServerProxy.groupAddAsync(RaftServerProxy.java:512)
	... 13 more
2025-10-20 19:49:56,387 [ef67b0a7-5b27-496d-9f38-ab804a28e500-groupManagement] INFO  storage.RaftStorage (RaftStorageImpl.java:format(98)) - Storage directory /home/runner/work/ozone/ozone/hadoop-ozone/integration-test/target/test-dir/MiniOzoneClusterImpl-6935df51-69ff-4c35-8bd4-ed2b81d70e54/ozone-metadata/datanode-2/ratis/0b8c5e6b-69eb-484b-887e-939de61e1e74 has been successfully formatted.
2025-10-20 19:49:56,388 [ef67b0a7-5b27-496d-9f38-ab804a28e500-groupManagement] INFO  ratis.ContainerStateMachine (ContainerStateMachine.java:initialize(339)) - ef67b0a7-5b27-496d-9f38-ab804a28e500: initialize group-939DE61E1E74
2025-10-20 19:49:56,388 [ef67b0a7-5b27-496d-9f38-ab804a28e500-groupManagement] INFO  ratis.ContainerStateMachine (ContainerStateMachine.java:loadSnapshot(347)) - group-939DE61E1E74: The snapshot info is null. Setting the last applied index to:<INITIAL_VALUE>
2025-10-20 19:49:56,388 [ef67b0a7-5b27-496d-9f38-ab804a28e500-groupManagement] INFO  server.RaftServerConfigKeys (ConfUtils.java:logGet(62)) - raft.server.log.appender.buffer.byte-limit = 33554432 (custom)
2025-10-20 19:49:56,392 [EventQueue-PipelineReportForOneReplicaPipelineSafeModeRule] INFO  safemode.SCMSafeModeManager (SCMSafeModeManager.java:validateSafeModeExitRules(138)) - OneReplicaPipelineSafeModeRule rule is successfully validated
2025-10-20 19:49:56,392 [ef67b0a7-5b27-496d-9f38-ab804a28e500-groupManagement] INFO  server.RaftServerConfigKeys (ConfUtils.java:logGet(62)) - raft.server.log.segment.size.max = 67108864 (custom)
2025-10-20 19:49:56,392 | INFO  | SCMAudit | user=runner | ip=127.0.0.1 | op=SEND_HEARTBEAT {"datanodeUUID":"ef67b0a7-5b27-496d-9f38-ab804a28e500","term":"2","command":"[]"} | ret=SUCCESS |  
2025-10-20 19:49:56,393 [ef67b0a7-5b27-496d-9f38-ab804a28e500-groupManagement] INFO  server.RaftServerConfigKeys (ConfUtils.java:logGet(62)) - raft.server.log.appender.buffer.byte-limit = 33554432 (custom)
2025-10-20 19:49:56,393 [ef67b0a7-5b27-496d-9f38-ab804a28e500-groupManagement] INFO  util.AwaitToRun (AwaitToRun.java:start(81)) - Thread[#1452,ef67b0a7-5b27-496d-9f38-ab804a28e500@group-939DE61E1E74-cacheEviction-AwaitToRun,5,main] started
2025-10-20 19:49:56,394 [ef67b0a7-5b27-496d-9f38-ab804a28e500-groupManagement] INFO  segmented.SegmentedRaftLogWorker (SegmentedRaftLogWorker.java:<init>(190)) - new ef67b0a7-5b27-496d-9f38-ab804a28e500@group-939DE61E1E74-SegmentedRaftLogWorker for RaftStorageImpl:Storage Directory /home/runner/work/ozone/ozone/hadoop-ozone/integration-test/target/test-dir/MiniOzoneClusterImpl-6935df51-69ff-4c35-8bd4-ed2b81d70e54/ozone-metadata/datanode-2/ratis/0b8c5e6b-69eb-484b-887e-939de61e1e74
2025-10-20 19:49:56,394 [ef67b0a7-5b27-496d-9f38-ab804a28e500-groupManagement] INFO  server.RaftServerConfigKeys (ConfUtils.java:logGet(62)) - raft.server.log.queue.byte-limit = 4294967296 (custom)
2025-10-20 19:49:56,394 [ef67b0a7-5b27-496d-9f38-ab804a28e500-groupManagement] INFO  server.RaftServerConfigKeys (ConfUtils.java:logGet(62)) - raft.server.log.segment.size.max = 67108864 (custom)
2025-10-20 19:49:56,394 [ef67b0a7-5b27-496d-9f38-ab804a28e500-groupManagement] INFO  server.RaftServerConfigKeys (ConfUtils.java:logGet(62)) - raft.server.log.preallocated.size = 4194304 (custom)
2025-10-20 19:49:56,394 [ef67b0a7-5b27-496d-9f38-ab804a28e500-groupManagement] INFO  server.RaftServerConfigKeys (ConfUtils.java:logGet(62)) - raft.server.log.write.buffer.size = 33554440 (custom)
2025-10-20 19:49:56,403 [ef67b0a7-5b27-496d-9f38-ab804a28e500-groupManagement] INFO  server.RaftServerConfigKeys (ConfUtils.java:logGet(62)) - raft.server.log.appender.buffer.byte-limit = 33554432 (custom)
2025-10-20 19:49:56,403 [ef67b0a7-5b27-496d-9f38-ab804a28e500-groupManagement] INFO  segmented.SegmentedRaftLogWorker (SegmentedRaftLogWorker.java:lambda$new$0(141)) - ef67b0a7-5b27-496d-9f38-ab804a28e500@group-939DE61E1E74-SegmentedRaftLogWorker: flushIndex: setUnconditionally 0 -> -1
2025-10-20 19:49:56,403 [ef67b0a7-5b27-496d-9f38-ab804a28e500-groupManagement] INFO  segmented.SegmentedRaftLogWorker (SegmentedRaftLogWorker.java:lambda$new$0(141)) - ef67b0a7-5b27-496d-9f38-ab804a28e500@group-939DE61E1E74-SegmentedRaftLogWorker: safeCacheEvictIndex: setUnconditionally 0 -> -1
2025-10-20 19:49:56,404 [ef67b0a7-5b27-496d-9f38-ab804a28e500-groupManagement] INFO  server.RaftServer$Division (RaftServerImpl.java:start(405)) - ef67b0a7-5b27-496d-9f38-ab804a28e500@group-939DE61E1E74: start as a follower, conf=conf: {index: -1, cur=peers:[ef67b0a7-5b27-496d-9f38-ab804a28e500|127.0.0.1:15023, e05592a5-d00f-4fc1-9e39-a968c1ecb04e|127.0.0.1:15015, 361055de-215b-4c6c-94c2-be1c1da118d1|127.0.0.1:15031]|listeners:[], old=null}
2025-10-20 19:49:56,404 [ef67b0a7-5b27-496d-9f38-ab804a28e500-groupManagement] INFO  server.RaftServer$Division (RaftServerImpl.java:setRole(392)) - ef67b0a7-5b27-496d-9f38-ab804a28e500@group-939DE61E1E74: changes role from      null to FOLLOWER at term 0 for startAsFollower
2025-10-20 19:49:56,404 [ef67b0a7-5b27-496d-9f38-ab804a28e500-groupManagement] INFO  impl.RoleInfo (RoleInfo.java:updateAndGet(148)) - ef67b0a7-5b27-496d-9f38-ab804a28e500: start ef67b0a7-5b27-496d-9f38-ab804a28e500@group-939DE61E1E74-FollowerState
2025-10-20 19:49:56,404 [ef67b0a7-5b27-496d-9f38-ab804a28e500-groupManagement] INFO  util.JmxRegister (JmxRegister.java:tryRegister(44)) - Successfully registered JMX Bean with object name Ratis:service=RaftServer,group=group-939DE61E1E74,id=ef67b0a7-5b27-496d-9f38-ab804a28e500
2025-10-20 19:49:56,404 [ef67b0a7-5b27-496d-9f38-ab804a28e500-groupManagement] INFO  util.JmxRegister (JmxRegister.java:register(58)) - register mxBean class org.apache.ratis.server.impl.RaftServerJmxAdapter as Ratis:service=RaftServer,group=group-939DE61E1E74,id=ef67b0a7-5b27-496d-9f38-ab804a28e500
2025-10-20 19:49:56,408 [ef67b0a7-5b27-496d-9f38-ab804a28e500-groupManagement] INFO  server.RaftServer$Division (RaftServerImpl.java:start(419)) - ef67b0a7-5b27-496d-9f38-ab804a28e500@group-939DE61E1E74: Successfully started.
2025-10-20 19:49:56,455 [grpc-default-executor-1] WARN  server.GrpcAdminProtocolService (GrpcAdminProtocolService.java:lambda$groupManagement$1(53)) - Failed groupManagement: GROUPADD, GroupManagementRequest:client-A44758FE46CF->361055de-215b-4c6c-94c2-be1c1da118d1@group-939DE61E1E74, cid=3, seq=null, RW, null, Add:group-939DE61E1E74:[ef67b0a7-5b27-496d-9f38-ab804a28e500|127.0.0.1:15023, e05592a5-d00f-4fc1-9e39-a968c1ecb04e|127.0.0.1:15015, 361055de-215b-4c6c-94c2-be1c1da118d1|127.0.0.1:15031]
java.util.concurrent.CompletionException: org.apache.ratis.protocol.exceptions.AlreadyExistsException: 361055de-215b-4c6c-94c2-be1c1da118d1: Failed to add group-939DE61E1E74:[ef67b0a7-5b27-496d-9f38-ab804a28e500|127.0.0.1:15023, e05592a5-d00f-4fc1-9e39-a968c1ecb04e|127.0.0.1:15015, 361055de-215b-4c6c-94c2-be1c1da118d1|127.0.0.1:15031] since the group already exists in the map.
	at java.base/java.util.concurrent.CompletableFuture.encodeThrowable(CompletableFuture.java:332)
	at java.base/java.util.concurrent.CompletableFuture.uniApplyNow(CompletableFuture.java:674)
	at java.base/java.util.concurrent.CompletableFuture.uniApplyStage(CompletableFuture.java:662)
	at java.base/java.util.concurrent.CompletableFuture.thenApplyAsync(CompletableFuture.java:2210)
	at org.apache.ratis.server.impl.RaftServerProxy.groupAddAsync(RaftServerProxy.java:513)
	at org.apache.ratis.server.impl.RaftServerProxy.groupManagementAsync(RaftServerProxy.java:495)
	at org.apache.ratis.grpc.server.GrpcAdminProtocolService.lambda$groupManagement$0(GrpcAdminProtocolService.java:51)
	at org.apache.ratis.grpc.GrpcUtil.asyncCall(GrpcUtil.java:172)
	at org.apache.ratis.grpc.server.GrpcAdminProtocolService.groupManagement(GrpcAdminProtocolService.java:51)
	at org.apache.ratis.proto.grpc.AdminProtocolServiceGrpc$MethodHandlers.invoke(AdminProtocolServiceGrpc.java:701)
	at org.apache.ratis.thirdparty.io.grpc.stub.ServerCalls$UnaryServerCallHandler$UnaryServerCallListener.onHalfClose(ServerCalls.java:182)
	at org.apache.ratis.thirdparty.io.grpc.internal.ServerCallImpl$ServerStreamListenerImpl.halfClosed(ServerCallImpl.java:356)
	at org.apache.ratis.thirdparty.io.grpc.internal.ServerImpl$JumpToApplicationThreadServerStreamListener$1HalfClosed.runInContext(ServerImpl.java:861)
	at org.apache.ratis.thirdparty.io.grpc.internal.ContextRunnable.run(ContextRunnable.java:37)
	at org.apache.ratis.thirdparty.io.grpc.internal.SerializingExecutor.run(SerializingExecutor.java:133)
	at java.base/java.util.concurrent.ThreadPoolExecutor.runWorker(ThreadPoolExecutor.java:1144)
	at java.base/java.util.concurrent.ThreadPoolExecutor$Worker.run(ThreadPoolExecutor.java:642)
	at java.base/java.lang.Thread.run(Thread.java:1583)
Caused by: org.apache.ratis.protocol.exceptions.AlreadyExistsException: 361055de-215b-4c6c-94c2-be1c1da118d1: Failed to add group-939DE61E1E74:[ef67b0a7-5b27-496d-9f38-ab804a28e500|127.0.0.1:15023, e05592a5-d00f-4fc1-9e39-a968c1ecb04e|127.0.0.1:15015, 361055de-215b-4c6c-94c2-be1c1da118d1|127.0.0.1:15031] since the group already exists in the map.
	at org.apache.ratis.server.impl.RaftServerProxy$ImplMap.addNew(RaftServerProxy.java:99)
	at org.apache.ratis.server.impl.RaftServerProxy.groupAddAsync(RaftServerProxy.java:512)
	... 13 more
2025-10-20 19:49:56,462 [grpc-default-executor-0] WARN  server.GrpcAdminProtocolService (GrpcAdminProtocolService.java:lambda$groupManagement$1(53)) - Failed groupManagement: GROUPADD, GroupManagementRequest:client-756C167045C8->e05592a5-d00f-4fc1-9e39-a968c1ecb04e@group-939DE61E1E74, cid=4, seq=null, RW, null, Add:group-939DE61E1E74:[ef67b0a7-5b27-496d-9f38-ab804a28e500|127.0.0.1:15023, e05592a5-d00f-4fc1-9e39-a968c1ecb04e|127.0.0.1:15015, 361055de-215b-4c6c-94c2-be1c1da118d1|127.0.0.1:15031]
java.util.concurrent.CompletionException: org.apache.ratis.protocol.exceptions.AlreadyExistsException: e05592a5-d00f-4fc1-9e39-a968c1ecb04e: Failed to add group-939DE61E1E74:[ef67b0a7-5b27-496d-9f38-ab804a28e500|127.0.0.1:15023, e05592a5-d00f-4fc1-9e39-a968c1ecb04e|127.0.0.1:15015, 361055de-215b-4c6c-94c2-be1c1da118d1|127.0.0.1:15031] since the group already exists in the map.
	at java.base/java.util.concurrent.CompletableFuture.encodeThrowable(CompletableFuture.java:332)
	at java.base/java.util.concurrent.CompletableFuture.uniApplyNow(CompletableFuture.java:674)
	at java.base/java.util.concurrent.CompletableFuture.uniApplyStage(CompletableFuture.java:662)
	at java.base/java.util.concurrent.CompletableFuture.thenApplyAsync(CompletableFuture.java:2210)
	at org.apache.ratis.server.impl.RaftServerProxy.groupAddAsync(RaftServerProxy.java:513)
	at org.apache.ratis.server.impl.RaftServerProxy.groupManagementAsync(RaftServerProxy.java:495)
	at org.apache.ratis.grpc.server.GrpcAdminProtocolService.lambda$groupManagement$0(GrpcAdminProtocolService.java:51)
	at org.apache.ratis.grpc.GrpcUtil.asyncCall(GrpcUtil.java:172)
	at org.apache.ratis.grpc.server.GrpcAdminProtocolService.groupManagement(GrpcAdminProtocolService.java:51)
	at org.apache.ratis.proto.grpc.AdminProtocolServiceGrpc$MethodHandlers.invoke(AdminProtocolServiceGrpc.java:701)
	at org.apache.ratis.thirdparty.io.grpc.stub.ServerCalls$UnaryServerCallHandler$UnaryServerCallListener.onHalfClose(ServerCalls.java:182)
	at org.apache.ratis.thirdparty.io.grpc.internal.ServerCallImpl$ServerStreamListenerImpl.halfClosed(ServerCallImpl.java:356)
	at org.apache.ratis.thirdparty.io.grpc.internal.ServerImpl$JumpToApplicationThreadServerStreamListener$1HalfClosed.runInContext(ServerImpl.java:861)
	at org.apache.ratis.thirdparty.io.grpc.internal.ContextRunnable.run(ContextRunnable.java:37)
	at org.apache.ratis.thirdparty.io.grpc.internal.SerializingExecutor.run(SerializingExecutor.java:133)
	at java.base/java.util.concurrent.ThreadPoolExecutor.runWorker(ThreadPoolExecutor.java:1144)
	at java.base/java.util.concurrent.ThreadPoolExecutor$Worker.run(ThreadPoolExecutor.java:642)
	at java.base/java.lang.Thread.run(Thread.java:1583)
Caused by: org.apache.ratis.protocol.exceptions.AlreadyExistsException: e05592a5-d00f-4fc1-9e39-a968c1ecb04e: Failed to add group-939DE61E1E74:[ef67b0a7-5b27-496d-9f38-ab804a28e500|127.0.0.1:15023, e05592a5-d00f-4fc1-9e39-a968c1ecb04e|127.0.0.1:15015, 361055de-215b-4c6c-94c2-be1c1da118d1|127.0.0.1:15031] since the group already exists in the map.
	at org.apache.ratis.server.impl.RaftServerProxy$ImplMap.addNew(RaftServerProxy.java:99)
	at org.apache.ratis.server.impl.RaftServerProxy.groupAddAsync(RaftServerProxy.java:512)
	... 13 more
2025-10-20 19:49:56,468 [e05592a5-d00f-4fc1-9e39-a968c1ecb04e-CreatePipelineCommandHandlerThread-0] INFO  commandhandler.CreatePipelineCommandHandler (CreatePipelineCommandHandler.java:lambda$handle$2(141)) - Created Pipeline RATIS THREE Pipeline-0b8c5e6b-69eb-484b-887e-939de61e1e74.
2025-10-20 19:49:56,468 [e05592a5-d00f-4fc1-9e39-a968c1ecb04e-CreatePipelineCommandHandlerThread-0] INFO  server.RaftServer (RaftServerProxy.java:addNew(105)) - e05592a5-d00f-4fc1-9e39-a968c1ecb04e: addNew group-1AA5F909702D:[ef67b0a7-5b27-496d-9f38-ab804a28e500|127.0.0.1:15023, e05592a5-d00f-4fc1-9e39-a968c1ecb04e|127.0.0.1:15015, 361055de-215b-4c6c-94c2-be1c1da118d1|127.0.0.1:15031] returns group-1AA5F909702D:java.util.concurrent.CompletableFuture@714aea12[Not completed]
2025-10-20 19:49:56,470 [361055de-215b-4c6c-94c2-be1c1da118d1-CreatePipelineCommandHandlerThread-0] INFO  commandhandler.CreatePipelineCommandHandler (CreatePipelineCommandHandler.java:lambda$handle$2(141)) - Created Pipeline RATIS THREE Pipeline-0b8c5e6b-69eb-484b-887e-939de61e1e74.
2025-10-20 19:49:56,470 [361055de-215b-4c6c-94c2-be1c1da118d1-CreatePipelineCommandHandlerThread-0] INFO  server.RaftServer (RaftServerProxy.java:addNew(105)) - 361055de-215b-4c6c-94c2-be1c1da118d1: addNew group-1AA5F909702D:[ef67b0a7-5b27-496d-9f38-ab804a28e500|127.0.0.1:15023, e05592a5-d00f-4fc1-9e39-a968c1ecb04e|127.0.0.1:15015, 361055de-215b-4c6c-94c2-be1c1da118d1|127.0.0.1:15031] returns group-1AA5F909702D:java.util.concurrent.CompletableFuture@1f417ff5[Not completed]
2025-10-20 19:49:56,470 [e05592a5-d00f-4fc1-9e39-a968c1ecb04e-groupManagement] INFO  server.RaftServer$Division (RaftServerImpl.java:<init>(268)) - e05592a5-d00f-4fc1-9e39-a968c1ecb04e: new RaftServerImpl for group-1AA5F909702D:[ef67b0a7-5b27-496d-9f38-ab804a28e500|127.0.0.1:15023, e05592a5-d00f-4fc1-9e39-a968c1ecb04e|127.0.0.1:15015, 361055de-215b-4c6c-94c2-be1c1da118d1|127.0.0.1:15031] with ContainerStateMachine:uninitialized
2025-10-20 19:49:56,470 [e05592a5-d00f-4fc1-9e39-a968c1ecb04e-groupManagement] INFO  server.RaftServer$Division (ServerState.java:<init>(114)) - e05592a5-d00f-4fc1-9e39-a968c1ecb04e@group-1AA5F909702D: ConfigurationManager, init=conf: {index: -1, cur=peers:[ef67b0a7-5b27-496d-9f38-ab804a28e500|127.0.0.1:15023, e05592a5-d00f-4fc1-9e39-a968c1ecb04e|127.0.0.1:15015, 361055de-215b-4c6c-94c2-be1c1da118d1|127.0.0.1:15031]|listeners:[], old=null}, confs=<EMPTY_MAP>
2025-10-20 19:49:56,471 [361055de-215b-4c6c-94c2-be1c1da118d1-groupManagement] INFO  server.RaftServer$Division (RaftServerImpl.java:<init>(268)) - 361055de-215b-4c6c-94c2-be1c1da118d1: new RaftServerImpl for group-1AA5F909702D:[ef67b0a7-5b27-496d-9f38-ab804a28e500|127.0.0.1:15023, e05592a5-d00f-4fc1-9e39-a968c1ecb04e|127.0.0.1:15015, 361055de-215b-4c6c-94c2-be1c1da118d1|127.0.0.1:15031] with ContainerStateMachine:uninitialized
2025-10-20 19:49:56,471 [361055de-215b-4c6c-94c2-be1c1da118d1-groupManagement] INFO  server.RaftServer$Division (ServerState.java:<init>(114)) - 361055de-215b-4c6c-94c2-be1c1da118d1@group-1AA5F909702D: ConfigurationManager, init=conf: {index: -1, cur=peers:[ef67b0a7-5b27-496d-9f38-ab804a28e500|127.0.0.1:15023, e05592a5-d00f-4fc1-9e39-a968c1ecb04e|127.0.0.1:15015, 361055de-215b-4c6c-94c2-be1c1da118d1|127.0.0.1:15031]|listeners:[], old=null}, confs=<EMPTY_MAP>
2025-10-20 19:49:56,486 [361055de-215b-4c6c-94c2-be1c1da118d1-groupManagement] INFO  server.RaftServerConfigKeys (ConfUtils.java:logGet(62)) - raft.server.storage.dir = [/home/runner/work/ozone/ozone/hadoop-ozone/integration-test/target/test-dir/MiniOzoneClusterImpl-6935df51-69ff-4c35-8bd4-ed2b81d70e54/ozone-metadata/datanode-3/ratis] (custom)
2025-10-20 19:49:56,486 [361055de-215b-4c6c-94c2-be1c1da118d1-groupManagement] INFO  storage.RaftStorageDirectory (RaftStorageDirectoryImpl.java:analyzeStorage(138)) - The storage directory /home/runner/work/ozone/ozone/hadoop-ozone/integration-test/target/test-dir/MiniOzoneClusterImpl-6935df51-69ff-4c35-8bd4-ed2b81d70e54/ozone-metadata/datanode-3/ratis/aabd30cf-05b8-4e3b-b15e-1aa5f909702d does not exist. Creating ...
2025-10-20 19:49:56,486 [e05592a5-d00f-4fc1-9e39-a968c1ecb04e-groupManagement] INFO  server.RaftServerConfigKeys (ConfUtils.java:logGet(62)) - raft.server.storage.dir = [/home/runner/work/ozone/ozone/hadoop-ozone/integration-test/target/test-dir/MiniOzoneClusterImpl-6935df51-69ff-4c35-8bd4-ed2b81d70e54/ozone-metadata/datanode-1/ratis] (custom)
2025-10-20 19:49:56,487 [e05592a5-d00f-4fc1-9e39-a968c1ecb04e-groupManagement] INFO  storage.RaftStorageDirectory (RaftStorageDirectoryImpl.java:analyzeStorage(138)) - The storage directory /home/runner/work/ozone/ozone/hadoop-ozone/integration-test/target/test-dir/MiniOzoneClusterImpl-6935df51-69ff-4c35-8bd4-ed2b81d70e54/ozone-metadata/datanode-1/ratis/aabd30cf-05b8-4e3b-b15e-1aa5f909702d does not exist. Creating ...
2025-10-20 19:49:56,487 [361055de-215b-4c6c-94c2-be1c1da118d1-groupManagement] INFO  storage.RaftStorageDirectory (RaftStorageDirectoryImpl.java:tryLock(229)) - Lock on /home/runner/work/ozone/ozone/hadoop-ozone/integration-test/target/test-dir/MiniOzoneClusterImpl-6935df51-69ff-4c35-8bd4-ed2b81d70e54/ozone-metadata/datanode-3/ratis/aabd30cf-05b8-4e3b-b15e-1aa5f909702d/in_use.lock acquired by nodename 12924@localhost
2025-10-20 19:49:56,488 [e05592a5-d00f-4fc1-9e39-a968c1ecb04e-groupManagement] INFO  storage.RaftStorageDirectory (RaftStorageDirectoryImpl.java:tryLock(229)) - Lock on /home/runner/work/ozone/ozone/hadoop-ozone/integration-test/target/test-dir/MiniOzoneClusterImpl-6935df51-69ff-4c35-8bd4-ed2b81d70e54/ozone-metadata/datanode-1/ratis/aabd30cf-05b8-4e3b-b15e-1aa5f909702d/in_use.lock acquired by nodename 12924@localhost
2025-10-20 19:49:56,488 [361055de-215b-4c6c-94c2-be1c1da118d1-groupManagement] INFO  storage.RaftStorage (RaftStorageImpl.java:format(98)) - Storage directory /home/runner/work/ozone/ozone/hadoop-ozone/integration-test/target/test-dir/MiniOzoneClusterImpl-6935df51-69ff-4c35-8bd4-ed2b81d70e54/ozone-metadata/datanode-3/ratis/aabd30cf-05b8-4e3b-b15e-1aa5f909702d has been successfully formatted.
2025-10-20 19:49:56,488 [e05592a5-d00f-4fc1-9e39-a968c1ecb04e-groupManagement] INFO  storage.RaftStorage (RaftStorageImpl.java:format(98)) - Storage directory /home/runner/work/ozone/ozone/hadoop-ozone/integration-test/target/test-dir/MiniOzoneClusterImpl-6935df51-69ff-4c35-8bd4-ed2b81d70e54/ozone-metadata/datanode-1/ratis/aabd30cf-05b8-4e3b-b15e-1aa5f909702d has been successfully formatted.
2025-10-20 19:49:56,489 [e05592a5-d00f-4fc1-9e39-a968c1ecb04e-groupManagement] INFO  ratis.ContainerStateMachine (ContainerStateMachine.java:initialize(339)) - e05592a5-d00f-4fc1-9e39-a968c1ecb04e: initialize group-1AA5F909702D
2025-10-20 19:49:56,489 [e05592a5-d00f-4fc1-9e39-a968c1ecb04e-groupManagement] INFO  ratis.ContainerStateMachine (ContainerStateMachine.java:loadSnapshot(347)) - group-1AA5F909702D: The snapshot info is null. Setting the last applied index to:<INITIAL_VALUE>
2025-10-20 19:49:56,489 [e05592a5-d00f-4fc1-9e39-a968c1ecb04e-groupManagement] INFO  server.RaftServerConfigKeys (ConfUtils.java:logGet(62)) - raft.server.log.appender.buffer.byte-limit = 33554432 (custom)
2025-10-20 19:49:56,490 [361055de-215b-4c6c-94c2-be1c1da118d1-groupManagement] INFO  ratis.ContainerStateMachine (ContainerStateMachine.java:initialize(339)) - 361055de-215b-4c6c-94c2-be1c1da118d1: initialize group-1AA5F909702D
2025-10-20 19:49:56,490 [361055de-215b-4c6c-94c2-be1c1da118d1-groupManagement] INFO  ratis.ContainerStateMachine (ContainerStateMachine.java:loadSnapshot(347)) - group-1AA5F909702D: The snapshot info is null. Setting the last applied index to:<INITIAL_VALUE>
2025-10-20 19:49:56,490 [361055de-215b-4c6c-94c2-be1c1da118d1-groupManagement] INFO  server.RaftServerConfigKeys (ConfUtils.java:logGet(62)) - raft.server.log.appender.buffer.byte-limit = 33554432 (custom)
2025-10-20 19:49:56,491 | INFO  | SCMAudit | user=runner | ip=127.0.0.1 | op=SEND_HEARTBEAT {"datanodeUUID":"e05592a5-d00f-4fc1-9e39-a968c1ecb04e","term":"2","command":"[]"} | ret=SUCCESS |  
2025-10-20 19:49:56,492 [EventQueue-PipelineReportForOneReplicaPipelineSafeModeRule] INFO  safemode.SCMSafeModeManager (SCMSafeModeManager.java:validateSafeModeExitRules(138)) - OneReplicaPipelineSafeModeRule rule is successfully validated
2025-10-20 19:49:56,493 | INFO  | SCMAudit | user=runner | ip=127.0.0.1 | op=SEND_HEARTBEAT {"datanodeUUID":"361055de-215b-4c6c-94c2-be1c1da118d1","term":"2","command":"[]"} | ret=SUCCESS |  
2025-10-20 19:49:56,494 [EventQueue-PipelineReportForOneReplicaPipelineSafeModeRule] INFO  safemode.SCMSafeModeManager (SCMSafeModeManager.java:validateSafeModeExitRules(138)) - OneReplicaPipelineSafeModeRule rule is successfully validated
2025-10-20 19:49:56,494 [361055de-215b-4c6c-94c2-be1c1da118d1-groupManagement] INFO  server.RaftServerConfigKeys (ConfUtils.java:logGet(62)) - raft.server.log.segment.size.max = 67108864 (custom)
2025-10-20 19:49:56,496 [361055de-215b-4c6c-94c2-be1c1da118d1-groupManagement] INFO  server.RaftServerConfigKeys (ConfUtils.java:logGet(62)) - raft.server.log.appender.buffer.byte-limit = 33554432 (custom)
2025-10-20 19:49:56,496 [e05592a5-d00f-4fc1-9e39-a968c1ecb04e-groupManagement] INFO  server.RaftServerConfigKeys (ConfUtils.java:logGet(62)) - raft.server.log.segment.size.max = 67108864 (custom)
2025-10-20 19:49:56,496 [361055de-215b-4c6c-94c2-be1c1da118d1-groupManagement] INFO  util.AwaitToRun (AwaitToRun.java:start(81)) - Thread[#1468,361055de-215b-4c6c-94c2-be1c1da118d1@group-1AA5F909702D-cacheEviction-AwaitToRun,5,main] started
2025-10-20 19:49:56,496 [361055de-215b-4c6c-94c2-be1c1da118d1-groupManagement] INFO  segmented.SegmentedRaftLogWorker (SegmentedRaftLogWorker.java:<init>(190)) - new 361055de-215b-4c6c-94c2-be1c1da118d1@group-1AA5F909702D-SegmentedRaftLogWorker for RaftStorageImpl:Storage Directory /home/runner/work/ozone/ozone/hadoop-ozone/integration-test/target/test-dir/MiniOzoneClusterImpl-6935df51-69ff-4c35-8bd4-ed2b81d70e54/ozone-metadata/datanode-3/ratis/aabd30cf-05b8-4e3b-b15e-1aa5f909702d
2025-10-20 19:49:56,496 [361055de-215b-4c6c-94c2-be1c1da118d1-groupManagement] INFO  server.RaftServerConfigKeys (ConfUtils.java:logGet(62)) - raft.server.log.queue.byte-limit = 4294967296 (custom)
2025-10-20 19:49:56,496 [361055de-215b-4c6c-94c2-be1c1da118d1-groupManagement] INFO  server.RaftServerConfigKeys (ConfUtils.java:logGet(62)) - raft.server.log.segment.size.max = 67108864 (custom)
2025-10-20 19:49:56,496 [361055de-215b-4c6c-94c2-be1c1da118d1-groupManagement] INFO  server.RaftServerConfigKeys (ConfUtils.java:logGet(62)) - raft.server.log.preallocated.size = 4194304 (custom)
2025-10-20 19:49:56,497 [e05592a5-d00f-4fc1-9e39-a968c1ecb04e-groupManagement] INFO  server.RaftServerConfigKeys (ConfUtils.java:logGet(62)) - raft.server.log.appender.buffer.byte-limit = 33554432 (custom)
2025-10-20 19:49:56,497 [361055de-215b-4c6c-94c2-be1c1da118d1-groupManagement] INFO  server.RaftServerConfigKeys (ConfUtils.java:logGet(62)) - raft.server.log.write.buffer.size = 33554440 (custom)
2025-10-20 19:49:56,498 [e05592a5-d00f-4fc1-9e39-a968c1ecb04e-groupManagement] INFO  util.AwaitToRun (AwaitToRun.java:start(81)) - Thread[#1469,e05592a5-d00f-4fc1-9e39-a968c1ecb04e@group-1AA5F909702D-cacheEviction-AwaitToRun,5,main] started
2025-10-20 19:49:56,498 [e05592a5-d00f-4fc1-9e39-a968c1ecb04e-groupManagement] INFO  segmented.SegmentedRaftLogWorker (SegmentedRaftLogWorker.java:<init>(190)) - new e05592a5-d00f-4fc1-9e39-a968c1ecb04e@group-1AA5F909702D-SegmentedRaftLogWorker for RaftStorageImpl:Storage Directory /home/runner/work/ozone/ozone/hadoop-ozone/integration-test/target/test-dir/MiniOzoneClusterImpl-6935df51-69ff-4c35-8bd4-ed2b81d70e54/ozone-metadata/datanode-1/ratis/aabd30cf-05b8-4e3b-b15e-1aa5f909702d
2025-10-20 19:49:56,498 [e05592a5-d00f-4fc1-9e39-a968c1ecb04e-groupManagement] INFO  server.RaftServerConfigKeys (ConfUtils.java:logGet(62)) - raft.server.log.queue.byte-limit = 4294967296 (custom)
2025-10-20 19:49:56,499 [e05592a5-d00f-4fc1-9e39-a968c1ecb04e-groupManagement] INFO  server.RaftServerConfigKeys (ConfUtils.java:logGet(62)) - raft.server.log.segment.size.max = 67108864 (custom)
2025-10-20 19:49:56,499 [e05592a5-d00f-4fc1-9e39-a968c1ecb04e-groupManagement] INFO  server.RaftServerConfigKeys (ConfUtils.java:logGet(62)) - raft.server.log.preallocated.size = 4194304 (custom)
2025-10-20 19:49:56,500 [e05592a5-d00f-4fc1-9e39-a968c1ecb04e-groupManagement] INFO  server.RaftServerConfigKeys (ConfUtils.java:logGet(62)) - raft.server.log.write.buffer.size = 33554440 (custom)
2025-10-20 19:49:56,507 [361055de-215b-4c6c-94c2-be1c1da118d1-groupManagement] INFO  server.RaftServerConfigKeys (ConfUtils.java:logGet(62)) - raft.server.log.appender.buffer.byte-limit = 33554432 (custom)
2025-10-20 19:49:56,508 [361055de-215b-4c6c-94c2-be1c1da118d1-groupManagement] INFO  segmented.SegmentedRaftLogWorker (SegmentedRaftLogWorker.java:lambda$new$0(141)) - 361055de-215b-4c6c-94c2-be1c1da118d1@group-1AA5F909702D-SegmentedRaftLogWorker: flushIndex: setUnconditionally 0 -> -1
2025-10-20 19:49:56,508 [361055de-215b-4c6c-94c2-be1c1da118d1-groupManagement] INFO  segmented.SegmentedRaftLogWorker (SegmentedRaftLogWorker.java:lambda$new$0(141)) - 361055de-215b-4c6c-94c2-be1c1da118d1@group-1AA5F909702D-SegmentedRaftLogWorker: safeCacheEvictIndex: setUnconditionally 0 -> -1
2025-10-20 19:49:56,509 [361055de-215b-4c6c-94c2-be1c1da118d1-groupManagement] INFO  server.RaftServer$Division (RaftServerImpl.java:start(405)) - 361055de-215b-4c6c-94c2-be1c1da118d1@group-1AA5F909702D: start as a follower, conf=conf: {index: -1, cur=peers:[ef67b0a7-5b27-496d-9f38-ab804a28e500|127.0.0.1:15023, e05592a5-d00f-4fc1-9e39-a968c1ecb04e|127.0.0.1:15015, 361055de-215b-4c6c-94c2-be1c1da118d1|127.0.0.1:15031]|listeners:[], old=null}
2025-10-20 19:49:56,509 [361055de-215b-4c6c-94c2-be1c1da118d1-groupManagement] INFO  server.RaftServer$Division (RaftServerImpl.java:setRole(392)) - 361055de-215b-4c6c-94c2-be1c1da118d1@group-1AA5F909702D: changes role from      null to FOLLOWER at term 0 for startAsFollower
2025-10-20 19:49:56,509 [361055de-215b-4c6c-94c2-be1c1da118d1-groupManagement] INFO  impl.RoleInfo (RoleInfo.java:updateAndGet(148)) - 361055de-215b-4c6c-94c2-be1c1da118d1: start 361055de-215b-4c6c-94c2-be1c1da118d1@group-1AA5F909702D-FollowerState
2025-10-20 19:49:56,509 [361055de-215b-4c6c-94c2-be1c1da118d1-groupManagement] INFO  util.JmxRegister (JmxRegister.java:tryRegister(44)) - Successfully registered JMX Bean with object name Ratis:service=RaftServer,group=group-1AA5F909702D,id=361055de-215b-4c6c-94c2-be1c1da118d1
2025-10-20 19:49:56,509 [361055de-215b-4c6c-94c2-be1c1da118d1-groupManagement] INFO  util.JmxRegister (JmxRegister.java:register(58)) - register mxBean class org.apache.ratis.server.impl.RaftServerJmxAdapter as Ratis:service=RaftServer,group=group-1AA5F909702D,id=361055de-215b-4c6c-94c2-be1c1da118d1
2025-10-20 19:49:56,509 [e05592a5-d00f-4fc1-9e39-a968c1ecb04e-groupManagement] INFO  server.RaftServerConfigKeys (ConfUtils.java:logGet(62)) - raft.server.log.appender.buffer.byte-limit = 33554432 (custom)
2025-10-20 19:49:56,510 [e05592a5-d00f-4fc1-9e39-a968c1ecb04e-groupManagement] INFO  segmented.SegmentedRaftLogWorker (SegmentedRaftLogWorker.java:lambda$new$0(141)) - e05592a5-d00f-4fc1-9e39-a968c1ecb04e@group-1AA5F909702D-SegmentedRaftLogWorker: flushIndex: setUnconditionally 0 -> -1
2025-10-20 19:49:56,510 [e05592a5-d00f-4fc1-9e39-a968c1ecb04e-groupManagement] INFO  segmented.SegmentedRaftLogWorker (SegmentedRaftLogWorker.java:lambda$new$0(141)) - e05592a5-d00f-4fc1-9e39-a968c1ecb04e@group-1AA5F909702D-SegmentedRaftLogWorker: safeCacheEvictIndex: setUnconditionally 0 -> -1
2025-10-20 19:49:56,510 [e05592a5-d00f-4fc1-9e39-a968c1ecb04e-groupManagement] INFO  server.RaftServer$Division (RaftServerImpl.java:start(405)) - e05592a5-d00f-4fc1-9e39-a968c1ecb04e@group-1AA5F909702D: start as a follower, conf=conf: {index: -1, cur=peers:[ef67b0a7-5b27-496d-9f38-ab804a28e500|127.0.0.1:15023, e05592a5-d00f-4fc1-9e39-a968c1ecb04e|127.0.0.1:15015, 361055de-215b-4c6c-94c2-be1c1da118d1|127.0.0.1:15031]|listeners:[], old=null}
2025-10-20 19:49:56,510 [e05592a5-d00f-4fc1-9e39-a968c1ecb04e-groupManagement] INFO  server.RaftServer$Division (RaftServerImpl.java:setRole(392)) - e05592a5-d00f-4fc1-9e39-a968c1ecb04e@group-1AA5F909702D: changes role from      null to FOLLOWER at term 0 for startAsFollower
2025-10-20 19:49:56,510 [361055de-215b-4c6c-94c2-be1c1da118d1-groupManagement] INFO  server.RaftServer$Division (RaftServerImpl.java:start(419)) - 361055de-215b-4c6c-94c2-be1c1da118d1@group-1AA5F909702D: Successfully started.
2025-10-20 19:49:56,510 [e05592a5-d00f-4fc1-9e39-a968c1ecb04e-groupManagement] INFO  impl.RoleInfo (RoleInfo.java:updateAndGet(148)) - e05592a5-d00f-4fc1-9e39-a968c1ecb04e: start e05592a5-d00f-4fc1-9e39-a968c1ecb04e@group-1AA5F909702D-FollowerState
2025-10-20 19:49:56,511 [361055de-215b-4c6c-94c2-be1c1da118d1-CreatePipelineCommandHandlerThread-0] INFO  ratis.XceiverServerRatis (XceiverServerRatis.java:addGroup(839)) - Created group Pipeline-aabd30cf-05b8-4e3b-b15e-1aa5f909702d
2025-10-20 19:49:56,512 [e05592a5-d00f-4fc1-9e39-a968c1ecb04e-groupManagement] INFO  util.JmxRegister (JmxRegister.java:tryRegister(44)) - Successfully registered JMX Bean with object name Ratis:service=RaftServer,group=group-1AA5F909702D,id=e05592a5-d00f-4fc1-9e39-a968c1ecb04e
2025-10-20 19:49:56,513 [e05592a5-d00f-4fc1-9e39-a968c1ecb04e-groupManagement] INFO  util.JmxRegister (JmxRegister.java:register(58)) - register mxBean class org.apache.ratis.server.impl.RaftServerJmxAdapter as Ratis:service=RaftServer,group=group-1AA5F909702D,id=e05592a5-d00f-4fc1-9e39-a968c1ecb04e
2025-10-20 19:49:56,515 [e05592a5-d00f-4fc1-9e39-a968c1ecb04e-groupManagement] INFO  server.RaftServer$Division (RaftServerImpl.java:start(419)) - e05592a5-d00f-4fc1-9e39-a968c1ecb04e@group-1AA5F909702D: Successfully started.
2025-10-20 19:49:56,515 [e05592a5-d00f-4fc1-9e39-a968c1ecb04e-CreatePipelineCommandHandlerThread-0] INFO  ratis.XceiverServerRatis (XceiverServerRatis.java:addGroup(839)) - Created group Pipeline-aabd30cf-05b8-4e3b-b15e-1aa5f909702d
2025-10-20 19:49:56,520 [IPC Server handler 26 on default port 15002] INFO  net.NetworkTopologyImpl (NetworkTopologyImpl.java:add(133)) - Added a new node: /default-rack/d7d8cf72-b9f6-4979-9c53-007dd6e6e48a
2025-10-20 19:49:56,520 [IPC Server handler 26 on default port 15002] INFO  node.SCMNodeManager (SCMNodeManager.java:register(423)) - Registered datanode: d7d8cf72-b9f6-4979-9c53-007dd6e6e48a{ip: 127.0.0.1, host: localhost, ports: [HTTP=15098, CLIENT_RPC=15099, REPLICATION=15105, RATIS=15101, RATIS_ADMIN=15102, RATIS_SERVER=15103, RATIS_DATASTREAM=15104, STANDALONE=15100], networkLocation: /default-rack, certSerialId: null, persistedOpState: null, persistedOpStateExpiryEpochSec: 0}
2025-10-20 19:49:56,521 [EventQueue-NewNodeForNewNodeHandler] INFO  pipeline.BackgroundPipelineCreator (BackgroundPipelineCreator.java:notifyEventTriggered(290)) - trigger a one-shot run on RatisPipelineUtilsThread.
2025-10-20 19:49:56,522 [EventQueue-PipelineReportForOneReplicaPipelineSafeModeRule] INFO  safemode.SCMSafeModeManager (SCMSafeModeManager.java:validateSafeModeExitRules(138)) - OneReplicaPipelineSafeModeRule rule is successfully validated
2025-10-20 19:49:56,522 [EventQueue-ContainerRegistrationReportForRatisContainerSafeModeRule] INFO  safemode.SCMSafeModeManager (SCMSafeModeManager.java:validateSafeModeExitRules(138)) - RatisContainerSafeModeRule rule is successfully validated
2025-10-20 19:49:56,522 [EventQueue-ContainerRegistrationReportForECContainerSafeModeRule] INFO  safemode.SCMSafeModeManager (SCMSafeModeManager.java:validateSafeModeExitRules(138)) - ECContainerSafeModeRule rule is successfully validated
2025-10-20 19:49:56,523 [grpc-default-executor-0] INFO  server.RaftServer (RaftServerProxy.java:addNew(105)) - ef67b0a7-5b27-496d-9f38-ab804a28e500: addNew group-1AA5F909702D:[ef67b0a7-5b27-496d-9f38-ab804a28e500|127.0.0.1:15023, e05592a5-d00f-4fc1-9e39-a968c1ecb04e|127.0.0.1:15015, 361055de-215b-4c6c-94c2-be1c1da118d1|127.0.0.1:15031] returns group-1AA5F909702D:java.util.concurrent.CompletableFuture@5457977f[Not completed]
2025-10-20 19:49:56,522 | INFO  | SCMAudit | user=runner | ip=127.0.0.1 | op=REGISTER {"datanodeDetails":"d7d8cf72-b9f6-4979-9c53-007dd6e6e48a(localhost/127.0.0.1)"} | ret=SUCCESS |  
2025-10-20 19:49:56,524 [RatisPipelineUtilsThread-0] INFO  pipeline.RatisPipelineProvider (RatisPipelineProvider.java:lambda$create$0(208)) - Sending CreatePipelineCommand for pipeline:Pipeline-a4625d07-d6f5-4fad-b316-d01bceb53db7 to datanode:d7d8cf72-b9f6-4979-9c53-007dd6e6e48a(localhost/127.0.0.1)
2025-10-20 19:49:56,524 [EventQueue-NodeRegistrationContainerReportForDataNodeSafeModeRule] INFO  safemode.SCMSafeModeManager (SCMSafeModeManager.java:validateSafeModeExitRules(138)) - DataNodeSafeModeRule rule is successfully validated
2025-10-20 19:49:56,526 [ef67b0a7-5b27-496d-9f38-ab804a28e500-groupManagement] INFO  server.RaftServer$Division (RaftServerImpl.java:<init>(268)) - ef67b0a7-5b27-496d-9f38-ab804a28e500: new RaftServerImpl for group-1AA5F909702D:[ef67b0a7-5b27-496d-9f38-ab804a28e500|127.0.0.1:15023, e05592a5-d00f-4fc1-9e39-a968c1ecb04e|127.0.0.1:15015, 361055de-215b-4c6c-94c2-be1c1da118d1|127.0.0.1:15031] with ContainerStateMachine:uninitialized
2025-10-20 19:49:56,526 [ef67b0a7-5b27-496d-9f38-ab804a28e500-groupManagement] INFO  server.RaftServer$Division (ServerState.java:<init>(114)) - ef67b0a7-5b27-496d-9f38-ab804a28e500@group-1AA5F909702D: ConfigurationManager, init=conf: {index: -1, cur=peers:[ef67b0a7-5b27-496d-9f38-ab804a28e500|127.0.0.1:15023, e05592a5-d00f-4fc1-9e39-a968c1ecb04e|127.0.0.1:15015, 361055de-215b-4c6c-94c2-be1c1da118d1|127.0.0.1:15031]|listeners:[], old=null}, confs=<EMPTY_MAP>
2025-10-20 19:49:56,528 | INFO  | SCMAudit | user=runner | ip=127.0.0.1 | op=GET_VERSION {} | ret=SUCCESS |  
2025-10-20 19:49:56,529 [206580cc-82ee-4213-b95b-59cb1d300b36@group-ED2B81D70E54-StateMachineUpdater] INFO  safemode.SCMSafeModeManager (SCMSafeModeManager.java:validateSafeModeExitRules(138)) - DataNodeSafeModeRule rule is successfully validated
2025-10-20 19:49:56,530 [206580cc-82ee-4213-b95b-59cb1d300b36@group-ED2B81D70E54-StateMachineUpdater] INFO  safemode.SCMSafeModeManager (SCMSafeModeManager.java:validateSafeModeExitRules(138)) - RatisContainerSafeModeRule rule is successfully validated
2025-10-20 19:49:56,530 [206580cc-82ee-4213-b95b-59cb1d300b36@group-ED2B81D70E54-StateMachineUpdater] INFO  safemode.HealthyPipelineSafeModeRule (HealthyPipelineSafeModeRule.java:initializeRule(226)) - Refreshed total pipeline count is 0, healthy pipeline threshold count is 1
2025-10-20 19:49:56,530 [206580cc-82ee-4213-b95b-59cb1d300b36@group-ED2B81D70E54-StateMachineUpdater] INFO  safemode.SCMSafeModeManager (SCMSafeModeManager.java:validateSafeModeExitRules(138)) - OneReplicaPipelineSafeModeRule rule is successfully validated
2025-10-20 19:49:56,530 [206580cc-82ee-4213-b95b-59cb1d300b36@group-ED2B81D70E54-StateMachineUpdater] INFO  safemode.SCMSafeModeManager (SCMSafeModeManager.java:validateSafeModeExitRules(138)) - ECContainerSafeModeRule rule is successfully validated
2025-10-20 19:49:56,530 [RatisPipelineUtilsThread-0] INFO  pipeline.BackgroundPipelineCreator (BackgroundPipelineCreator.java:createPipelines(246)) - Created new pipeline Pipeline{ Id: a4625d07-d6f5-4fad-b316-d01bceb53db7, Nodes: [ {d7d8cf72-b9f6-4979-9c53-007dd6e6e48a(localhost/127.0.0.1), ReplicaIndex: 0},], ReplicationConfig: RATIS/ONE, State:ALLOCATED, leaderId:, CreationTimestamp2025-10-20T19:49:56.524213007Z[Etc/UTC]}
2025-10-20 19:49:56,531 [RatisPipelineUtilsThread-0] INFO  pipeline.RatisPipelineProvider (RatisPipelineProvider.java:lambda$create$0(208)) - Sending CreatePipelineCommand for pipeline:Pipeline-5efdd59f-8e2e-4baf-8c0a-c03b5cc8546f to datanode:33f74daf-be7a-4306-b2af-53e409c4cb93(localhost/127.0.0.1)
2025-10-20 19:49:56,532 [RatisPipelineUtilsThread-0] INFO  pipeline.RatisPipelineProvider (RatisPipelineProvider.java:lambda$create$0(208)) - Sending CreatePipelineCommand for pipeline:Pipeline-5efdd59f-8e2e-4baf-8c0a-c03b5cc8546f to datanode:d7d8cf72-b9f6-4979-9c53-007dd6e6e48a(localhost/127.0.0.1)
2025-10-20 19:49:56,532 [RatisPipelineUtilsThread-0] INFO  pipeline.RatisPipelineProvider (RatisPipelineProvider.java:lambda$create$0(208)) - Sending CreatePipelineCommand for pipeline:Pipeline-5efdd59f-8e2e-4baf-8c0a-c03b5cc8546f to datanode:4f2bb3f5-0e03-4f1b-bb4c-79c91b98c7da(localhost/127.0.0.1)
2025-10-20 19:49:56,535 [206580cc-82ee-4213-b95b-59cb1d300b36@group-ED2B81D70E54-StateMachineUpdater] INFO  safemode.SCMSafeModeManager (SCMSafeModeManager.java:validateSafeModeExitRules(138)) - DataNodeSafeModeRule rule is successfully validated
2025-10-20 19:49:56,535 [206580cc-82ee-4213-b95b-59cb1d300b36@group-ED2B81D70E54-StateMachineUpdater] INFO  safemode.SCMSafeModeManager (SCMSafeModeManager.java:validateSafeModeExitRules(138)) - RatisContainerSafeModeRule rule is successfully validated
2025-10-20 19:49:56,535 [206580cc-82ee-4213-b95b-59cb1d300b36@group-ED2B81D70E54-StateMachineUpdater] INFO  safemode.HealthyPipelineSafeModeRule (HealthyPipelineSafeModeRule.java:initializeRule(226)) - Refreshed total pipeline count is 0, healthy pipeline threshold count is 1
2025-10-20 19:49:56,535 [206580cc-82ee-4213-b95b-59cb1d300b36@group-ED2B81D70E54-StateMachineUpdater] INFO  safemode.SCMSafeModeManager (SCMSafeModeManager.java:validateSafeModeExitRules(138)) - OneReplicaPipelineSafeModeRule rule is successfully validated
2025-10-20 19:49:56,535 [206580cc-82ee-4213-b95b-59cb1d300b36@group-ED2B81D70E54-StateMachineUpdater] INFO  safemode.SCMSafeModeManager (SCMSafeModeManager.java:validateSafeModeExitRules(138)) - ECContainerSafeModeRule rule is successfully validated
2025-10-20 19:49:56,535 [RatisPipelineUtilsThread-0] INFO  pipeline.BackgroundPipelineCreator (BackgroundPipelineCreator.java:createPipelines(246)) - Created new pipeline Pipeline{ Id: 5efdd59f-8e2e-4baf-8c0a-c03b5cc8546f, Nodes: [ {33f74daf-be7a-4306-b2af-53e409c4cb93(localhost/127.0.0.1), ReplicaIndex: 0}, {d7d8cf72-b9f6-4979-9c53-007dd6e6e48a(localhost/127.0.0.1), ReplicaIndex: 0}, {4f2bb3f5-0e03-4f1b-bb4c-79c91b98c7da(localhost/127.0.0.1), ReplicaIndex: 0},], ReplicationConfig: RATIS/THREE, State:ALLOCATED, leaderId:, CreationTimestamp2025-10-20T19:49:56.531550578Z[Etc/UTC]}
2025-10-20 19:49:56,537 [RatisPipelineUtilsThread-0] INFO  pipeline.RatisPipelineProvider (RatisPipelineProvider.java:lambda$create$0(208)) - Sending CreatePipelineCommand for pipeline:Pipeline-b4f9a051-00c4-4798-8265-b3b02eab42da to datanode:33f74daf-be7a-4306-b2af-53e409c4cb93(localhost/127.0.0.1)
2025-10-20 19:49:56,537 [RatisPipelineUtilsThread-0] INFO  pipeline.RatisPipelineProvider (RatisPipelineProvider.java:lambda$create$0(208)) - Sending CreatePipelineCommand for pipeline:Pipeline-b4f9a051-00c4-4798-8265-b3b02eab42da to datanode:4f2bb3f5-0e03-4f1b-bb4c-79c91b98c7da(localhost/127.0.0.1)
2025-10-20 19:49:56,537 [RatisPipelineUtilsThread-0] INFO  pipeline.RatisPipelineProvider (RatisPipelineProvider.java:lambda$create$0(208)) - Sending CreatePipelineCommand for pipeline:Pipeline-b4f9a051-00c4-4798-8265-b3b02eab42da to datanode:d7d8cf72-b9f6-4979-9c53-007dd6e6e48a(localhost/127.0.0.1)
2025-10-20 19:49:56,541 [grpc-default-executor-0] WARN  server.GrpcAdminProtocolService (GrpcAdminProtocolService.java:lambda$groupManagement$1(53)) - Failed groupManagement: GROUPADD, GroupManagementRequest:client-45F347F9FF6B->ef67b0a7-5b27-496d-9f38-ab804a28e500@group-1AA5F909702D, cid=6, seq=null, RW, null, Add:group-1AA5F909702D:[ef67b0a7-5b27-496d-9f38-ab804a28e500|127.0.0.1:15023, e05592a5-d00f-4fc1-9e39-a968c1ecb04e|127.0.0.1:15015, 361055de-215b-4c6c-94c2-be1c1da118d1|127.0.0.1:15031]
java.util.concurrent.CompletionException: org.apache.ratis.protocol.exceptions.AlreadyExistsException: ef67b0a7-5b27-496d-9f38-ab804a28e500: Failed to add group-1AA5F909702D:[ef67b0a7-5b27-496d-9f38-ab804a28e500|127.0.0.1:15023, e05592a5-d00f-4fc1-9e39-a968c1ecb04e|127.0.0.1:15015, 361055de-215b-4c6c-94c2-be1c1da118d1|127.0.0.1:15031] since the group already exists in the map.
	at java.base/java.util.concurrent.CompletableFuture.encodeThrowable(CompletableFuture.java:332)
	at java.base/java.util.concurrent.CompletableFuture.uniApplyNow(CompletableFuture.java:674)
	at java.base/java.util.concurrent.CompletableFuture.uniApplyStage(CompletableFuture.java:662)
	at java.base/java.util.concurrent.CompletableFuture.thenApplyAsync(CompletableFuture.java:2210)
	at org.apache.ratis.server.impl.RaftServerProxy.groupAddAsync(RaftServerProxy.java:513)
	at org.apache.ratis.server.impl.RaftServerProxy.groupManagementAsync(RaftServerProxy.java:495)
	at org.apache.ratis.grpc.server.GrpcAdminProtocolService.lambda$groupManagement$0(GrpcAdminProtocolService.java:51)
	at org.apache.ratis.grpc.GrpcUtil.asyncCall(GrpcUtil.java:172)
	at org.apache.ratis.grpc.server.GrpcAdminProtocolService.groupManagement(GrpcAdminProtocolService.java:51)
	at org.apache.ratis.proto.grpc.AdminProtocolServiceGrpc$MethodHandlers.invoke(AdminProtocolServiceGrpc.java:701)
	at org.apache.ratis.thirdparty.io.grpc.stub.ServerCalls$UnaryServerCallHandler$UnaryServerCallListener.onHalfClose(ServerCalls.java:182)
	at org.apache.ratis.thirdparty.io.grpc.internal.ServerCallImpl$ServerStreamListenerImpl.halfClosed(ServerCallImpl.java:356)
	at org.apache.ratis.thirdparty.io.grpc.internal.ServerImpl$JumpToApplicationThreadServerStreamListener$1HalfClosed.runInContext(ServerImpl.java:861)
	at org.apache.ratis.thirdparty.io.grpc.internal.ContextRunnable.run(ContextRunnable.java:37)
	at org.apache.ratis.thirdparty.io.grpc.internal.SerializingExecutor.run(SerializingExecutor.java:133)
	at java.base/java.util.concurrent.ThreadPoolExecutor.runWorker(ThreadPoolExecutor.java:1144)
	at java.base/java.util.concurrent.ThreadPoolExecutor$Worker.run(ThreadPoolExecutor.java:642)
	at java.base/java.lang.Thread.run(Thread.java:1583)
Caused by: org.apache.ratis.protocol.exceptions.AlreadyExistsException: ef67b0a7-5b27-496d-9f38-ab804a28e500: Failed to add group-1AA5F909702D:[ef67b0a7-5b27-496d-9f38-ab804a28e500|127.0.0.1:15023, e05592a5-d00f-4fc1-9e39-a968c1ecb04e|127.0.0.1:15015, 361055de-215b-4c6c-94c2-be1c1da118d1|127.0.0.1:15031] since the group already exists in the map.
	at org.apache.ratis.server.impl.RaftServerProxy$ImplMap.addNew(RaftServerProxy.java:99)
	at org.apache.ratis.server.impl.RaftServerProxy.groupAddAsync(RaftServerProxy.java:512)
	... 13 more
2025-10-20 19:49:56,542 [206580cc-82ee-4213-b95b-59cb1d300b36@group-ED2B81D70E54-StateMachineUpdater] INFO  safemode.SCMSafeModeManager (SCMSafeModeManager.java:validateSafeModeExitRules(138)) - DataNodeSafeModeRule rule is successfully validated
2025-10-20 19:49:56,543 [206580cc-82ee-4213-b95b-59cb1d300b36@group-ED2B81D70E54-StateMachineUpdater] INFO  safemode.SCMSafeModeManager (SCMSafeModeManager.java:validateSafeModeExitRules(138)) - RatisContainerSafeModeRule rule is successfully validated
2025-10-20 19:49:56,543 [206580cc-82ee-4213-b95b-59cb1d300b36@group-ED2B81D70E54-StateMachineUpdater] INFO  safemode.HealthyPipelineSafeModeRule (HealthyPipelineSafeModeRule.java:initializeRule(226)) - Refreshed total pipeline count is 0, healthy pipeline threshold count is 1
2025-10-20 19:49:56,543 [206580cc-82ee-4213-b95b-59cb1d300b36@group-ED2B81D70E54-StateMachineUpdater] INFO  safemode.SCMSafeModeManager (SCMSafeModeManager.java:validateSafeModeExitRules(138)) - OneReplicaPipelineSafeModeRule rule is successfully validated
2025-10-20 19:49:56,543 [206580cc-82ee-4213-b95b-59cb1d300b36@group-ED2B81D70E54-StateMachineUpdater] INFO  safemode.SCMSafeModeManager (SCMSafeModeManager.java:validateSafeModeExitRules(138)) - ECContainerSafeModeRule rule is successfully validated
2025-10-20 19:49:56,544 [RatisPipelineUtilsThread-0] INFO  pipeline.PipelineManagerImpl (PipelineManagerImpl.java:recordMetricsForPipeline(922)) - Pipeline-b4f9a051-00c4-4798-8265-b3b02eab42da and Pipeline-5efdd59f-8e2e-4baf-8c0a-c03b5cc8546f have exactly the same set of datanodes: [33f74daf-be7a-4306-b2af-53e409c4cb93(localhost/127.0.0.1), 4f2bb3f5-0e03-4f1b-bb4c-79c91b98c7da(localhost/127.0.0.1), d7d8cf72-b9f6-4979-9c53-007dd6e6e48a(localhost/127.0.0.1)]
2025-10-20 19:49:56,544 [RatisPipelineUtilsThread-0] INFO  pipeline.BackgroundPipelineCreator (BackgroundPipelineCreator.java:createPipelines(246)) - Created new pipeline Pipeline{ Id: b4f9a051-00c4-4798-8265-b3b02eab42da, Nodes: [ {33f74daf-be7a-4306-b2af-53e409c4cb93(localhost/127.0.0.1), ReplicaIndex: 0}, {4f2bb3f5-0e03-4f1b-bb4c-79c91b98c7da(localhost/127.0.0.1), ReplicaIndex: 0}, {d7d8cf72-b9f6-4979-9c53-007dd6e6e48a(localhost/127.0.0.1), ReplicaIndex: 0},], ReplicationConfig: RATIS/THREE, State:ALLOCATED, leaderId:, CreationTimestamp2025-10-20T19:49:56.537312823Z[Etc/UTC]}
2025-10-20 19:49:56,551 [ef67b0a7-5b27-496d-9f38-ab804a28e500-CreatePipelineCommandHandlerThread-0] INFO  server.RaftServer (RaftServerProxy.java:addNew(105)) - ef67b0a7-5b27-496d-9f38-ab804a28e500: addNew group-BFC6152B06AB:[ef67b0a7-5b27-496d-9f38-ab804a28e500|127.0.0.1:15023] returns group-BFC6152B06AB:java.util.concurrent.CompletableFuture@6b19793e[Not completed]
2025-10-20 19:49:56,554 [ef67b0a7-5b27-496d-9f38-ab804a28e500-groupManagement] INFO  server.RaftServer$Division (RaftServerImpl.java:<init>(268)) - ef67b0a7-5b27-496d-9f38-ab804a28e500: new RaftServerImpl for group-BFC6152B06AB:[ef67b0a7-5b27-496d-9f38-ab804a28e500|127.0.0.1:15023] with ContainerStateMachine:uninitialized
2025-10-20 19:49:56,555 [ef67b0a7-5b27-496d-9f38-ab804a28e500-groupManagement] INFO  server.RaftServer$Division (ServerState.java:<init>(114)) - ef67b0a7-5b27-496d-9f38-ab804a28e500@group-BFC6152B06AB: ConfigurationManager, init=conf: {index: -1, cur=peers:[ef67b0a7-5b27-496d-9f38-ab804a28e500|127.0.0.1:15023]|listeners:[], old=null}, confs=<EMPTY_MAP>
2025-10-20 19:49:56,563 | INFO  | SCMAudit | user=runner | ip=127.0.0.1 | op=SEND_HEARTBEAT {"datanodeUUID":"33f74daf-be7a-4306-b2af-53e409c4cb93","term":"2","command":"[commandType: createPipelineCommand createPipelineCommandProto { pipelineID { id: \"ae22d26e-ff63-40aa-9518-8e8d9a2d6271\" uuid128 { mostSigBits: -5898921187728998230 leastSigBits: -7703250423789034895 } } type: RATIS factor: ONE datanode { uuid: \"33f74daf-be7a-4306-b2af-53e409c4cb93\" ipAddress: \"127.0.0.1\" hostName: \"localhost\" ports { name: \"HTTP\" value: 15082 } ports { name: \"CLIENT_RPC\" value: 15083 } ports { name: \"REPLICATION\" value: 15089 } ports { name: \"RATIS\" value: 15085 } ports { name: \"RATIS_ADMIN\" value: 15086 } ports { name: \"RATIS_SERVER\" value: 15087 } ports { name: \"RATIS_DATASTREAM\" value: 15088 } ports { name: \"STANDALONE\" value: 15084 } networkName: \"33f74daf-be7a-4306-b2af-53e409c4cb93\" networkLocation: \"/default-rack\" persistedOpState: IN_SERVICE persistedOpStateExpiry: 0 currentVersion: 2 uuid128 { mostSigBits: 3744547032392155910 leastSigBits: -5571141975152473197 } level: 3 id { uuid { mostSigBits: 3744547032392155910 leastSigBits: -5571141975152473197 } } } cmdId: 1760989793838 priority: 1 } term: 2 encodedToken: \"\" deadlineMsSinceEpoch: 0, commandType: createPipelineCommand createPipelineCommandProto { pipelineID { id: \"5efdd59f-8e2e-4baf-8c0a-c03b5cc8546f\" uuid128 { mostSigBits: 6844861889934937007 leastSigBits: -8355654797440297873 } } type: RATIS factor: THREE datanode { uuid: \"33f74daf-be7a-4306-b2af-53e409c4cb93\" ipAddress: \"127.0.0.1\" hostName: \"localhost\" ports { name: \"HTTP\" value: 15082 } ports { name: \"CLIENT_RPC\" value: 15083 } ports { name: \"REPLICATION\" value: 15089 } ports { name: \"RATIS\" value: 15085 } ports { name: \"RATIS_ADMIN\" value: 15086 } ports { name: \"RATIS_SERVER\" value: 15087 } ports { name: \"RATIS_DATASTREAM\" value: 15088 } ports { name: \"STANDALONE\" value: 15084 } networkName: \"33f74daf-be7a-4306-b2af-53e409c4cb93\" networkLocation: \"/default-rack\" persistedOpState: IN_SERVICE persistedOpStateExpiry: 0 currentVersion: 2 uuid128 { mostSigBits: 3744547032392155910 leastSigBits: -5571141975152473197 } level: 3 id { uuid { mostSigBits: 3744547032392155910 leastSigBits: -5571141975152473197 } } } datanode { uuid: \"d7d8cf72-b9f6-4979-9c53-007dd6e6e48a\" ipAddress: \"127.0.0.1\" hostName: \"localhost\" ports { name: \"HTTP\" value: 15098 } ports { name: \"CLIENT_RPC\" value: 15099 } ports { name: \"REPLICATION\" value: 15105 } ports { name: \"RATIS\" value: 15101 } ports { name: \"RATIS_ADMIN\" value: 15102 } ports { name: \"RATIS_SERVER\" value: 15103 } ports { name: \"RATIS_DATASTREAM\" value: 15104 } ports { name: \"STANDALONE\" value: 15100 } networkName: \"d7d8cf72-b9f6-4979-9c53-007dd6e6e48a\" networkLocation: \"/default-rack\" persistedOpState: IN_SERVICE persistedOpStateExpiry: 0 currentVersion: 2 uuid128 { mostSigBits: -2893334668932396679 leastSigBits: -7182396440249441142 } level: 3 id { uuid { mostSigBits: -2893334668932396679 leastSigBits: -7182396440249441142 } } } datanode { uuid: \"4f2bb3f5-0e03-4f1b-bb4c-79c91b98c7da\" ipAddress: \"127.0.0.1\" hostName: \"localhost\" ports { name: \"HTTP\" value: 15090 } ports { name: \"CLIENT_RPC\" value: 15091 } ports { name: \"REPLICATION\" value: 15097 } ports { name: \"RATIS\" value: 15093 } ports { name: \"RATIS_ADMIN\" value: 15094 } ports { name: \"RATIS_SERVER\" value: 15095 } ports { name: \"RATIS_DATASTREAM\" value: 15096 } ports { name: \"STANDALONE\" value: 15092 } networkName: \"4f2bb3f5-0e03-4f1b-bb4c-79c91b98c7da\" networkLocation: \"/default-rack\" persistedOpState: IN_SERVICE persistedOpStateExpiry: 0 currentVersion: 2 uuid128 { mostSigBits: 5704851218078322459 leastSigBits: -4950447985728632870 } level: 3 id { uuid { mostSigBits: 5704851218078322459 leastSigBits: -4950447985728632870 } } } cmdId: 1760989793841 priority: 0 priority: 0 priority: 1 } term: 2 encodedToken: \"\" deadlineMsSinceEpoch: 0, commandType: createPipelineCommand createPipelineCommandProto { pipelineID { id: \"b4f9a051-00c4-4798-8265-b3b02eab42da\" uuid128 { mostSigBits: -5406113607915911272 leastSigBits: -9050630306852551974 } } type: RATIS factor: THREE datanode { uuid: \"33f74daf-be7a-4306-b2af-53e409c4cb93\" ipAddress: \"127.0.0.1\" hostName: \"localhost\" ports { name: \"HTTP\" value: 15082 } ports { name: \"CLIENT_RPC\" value: 15083 } ports { name: \"REPLICATION\" value: 15089 } ports { name: \"RATIS\" value: 15085 } ports { name: \"RATIS_ADMIN\" value: 15086 } ports { name: \"RATIS_SERVER\" value: 15087 } ports { name: \"RATIS_DATASTREAM\" value: 15088 } ports { name: \"STANDALONE\" value: 15084 } networkName: \"33f74daf-be7a-4306-b2af-53e409c4cb93\" networkLocation: \"/default-rack\" persistedOpState: IN_SERVICE persistedOpStateExpiry: 0 currentVersion: 2 uuid128 { mostSigBits: 3744547032392155910 leastSigBits: -5571141975152473197 } level: 3 id { uuid { mostSigBits: 3744547032392155910 leastSigBits: -5571141975152473197 } } } datanode { uuid: \"4f2bb3f5-0e03-4f1b-bb4c-79c91b98c7da\" ipAddress: \"127.0.0.1\" hostName: \"localhost\" ports { name: \"HTTP\" value: 15090 } ports { name: \"CLIENT_RPC\" value: 15091 } ports { name: \"REPLICATION\" value: 15097 } ports { name: \"RATIS\" value: 15093 } ports { name: \"RATIS_ADMIN\" value: 15094 } ports { name: \"RATIS_SERVER\" value: 15095 } ports { name: \"RATIS_DATASTREAM\" value: 15096 } ports { name: \"STANDALONE\" value: 15092 } networkName: \"4f2bb3f5-0e03-4f1b-bb4c-79c91b98c7da\" networkLocation: \"/default-rack\" persistedOpState: IN_SERVICE persistedOpStateExpiry: 0 currentVersion: 2 uuid128 { mostSigBits: 5704851218078322459 leastSigBits: -4950447985728632870 } level: 3 id { uuid { mostSigBits: 5704851218078322459 leastSigBits: -4950447985728632870 } } } datanode { uuid: \"d7d8cf72-b9f6-4979-9c53-007dd6e6e48a\" ipAddress: \"127.0.0.1\" hostName: \"localhost\" ports { name: \"HTTP\" value: 15098 } ports { name: \"CLIENT_RPC\" value: 15099 } ports { name: \"REPLICATION\" value: 15105 } ports { name: \"RATIS\" value: 15101 } ports { name: \"RATIS_ADMIN\" value: 15102 } ports { name: \"RATIS_SERVER\" value: 15103 } ports { name: \"RATIS_DATASTREAM\" value: 15104 } ports { name: \"STANDALONE\" value: 15100 } networkName: \"d7d8cf72-b9f6-4979-9c53-007dd6e6e48a\" networkLocation: \"/default-rack\" persistedOpState: IN_SERVICE persistedOpStateExpiry: 0 currentVersion: 2 uuid128 { mostSigBits: -2893334668932396679 leastSigBits: -7182396440249441142 } level: 3 id { uuid { mostSigBits: -2893334668932396679 leastSigBits: -7182396440249441142 } } } cmdId: 1760989793842 priority: 0 priority: 0 priority: 1 } term: 2 encodedToken: \"\" deadlineMsSinceEpoch: 0]"} | ret=SUCCESS |  
2025-10-20 19:49:56,573 [grpc-default-executor-0] WARN  server.GrpcAdminProtocolService (GrpcAdminProtocolService.java:lambda$groupManagement$1(53)) - Failed groupManagement: GROUPADD, GroupManagementRequest:client-B58568106270->361055de-215b-4c6c-94c2-be1c1da118d1@group-1AA5F909702D, cid=7, seq=null, RW, null, Add:group-1AA5F909702D:[ef67b0a7-5b27-496d-9f38-ab804a28e500|127.0.0.1:15023, e05592a5-d00f-4fc1-9e39-a968c1ecb04e|127.0.0.1:15015, 361055de-215b-4c6c-94c2-be1c1da118d1|127.0.0.1:15031]
java.util.concurrent.CompletionException: org.apache.ratis.protocol.exceptions.AlreadyExistsException: 361055de-215b-4c6c-94c2-be1c1da118d1: Failed to add group-1AA5F909702D:[ef67b0a7-5b27-496d-9f38-ab804a28e500|127.0.0.1:15023, e05592a5-d00f-4fc1-9e39-a968c1ecb04e|127.0.0.1:15015, 361055de-215b-4c6c-94c2-be1c1da118d1|127.0.0.1:15031] since the group already exists in the map.
	at java.base/java.util.concurrent.CompletableFuture.encodeThrowable(CompletableFuture.java:332)
	at java.base/java.util.concurrent.CompletableFuture.uniApplyNow(CompletableFuture.java:674)
	at java.base/java.util.concurrent.CompletableFuture.uniApplyStage(CompletableFuture.java:662)
	at java.base/java.util.concurrent.CompletableFuture.thenApplyAsync(CompletableFuture.java:2210)
	at org.apache.ratis.server.impl.RaftServerProxy.groupAddAsync(RaftServerProxy.java:513)
	at org.apache.ratis.server.impl.RaftServerProxy.groupManagementAsync(RaftServerProxy.java:495)
	at org.apache.ratis.grpc.server.GrpcAdminProtocolService.lambda$groupManagement$0(GrpcAdminProtocolService.java:51)
	at org.apache.ratis.grpc.GrpcUtil.asyncCall(GrpcUtil.java:172)
	at org.apache.ratis.grpc.server.GrpcAdminProtocolService.groupManagement(GrpcAdminProtocolService.java:51)
	at org.apache.ratis.proto.grpc.AdminProtocolServiceGrpc$MethodHandlers.invoke(AdminProtocolServiceGrpc.java:701)
	at org.apache.ratis.thirdparty.io.grpc.stub.ServerCalls$UnaryServerCallHandler$UnaryServerCallListener.onHalfClose(ServerCalls.java:182)
	at org.apache.ratis.thirdparty.io.grpc.internal.ServerCallImpl$ServerStreamListenerImpl.halfClosed(ServerCallImpl.java:356)
	at org.apache.ratis.thirdparty.io.grpc.internal.ServerImpl$JumpToApplicationThreadServerStreamListener$1HalfClosed.runInContext(ServerImpl.java:861)
	at org.apache.ratis.thirdparty.io.grpc.internal.ContextRunnable.run(ContextRunnable.java:37)
	at org.apache.ratis.thirdparty.io.grpc.internal.SerializingExecutor.run(SerializingExecutor.java:133)
	at java.base/java.util.concurrent.ThreadPoolExecutor.runWorker(ThreadPoolExecutor.java:1144)
	at java.base/java.util.concurrent.ThreadPoolExecutor$Worker.run(ThreadPoolExecutor.java:642)
	at java.base/java.lang.Thread.run(Thread.java:1583)
Caused by: org.apache.ratis.protocol.exceptions.AlreadyExistsException: 361055de-215b-4c6c-94c2-be1c1da118d1: Failed to add group-1AA5F909702D:[ef67b0a7-5b27-496d-9f38-ab804a28e500|127.0.0.1:15023, e05592a5-d00f-4fc1-9e39-a968c1ecb04e|127.0.0.1:15015, 361055de-215b-4c6c-94c2-be1c1da118d1|127.0.0.1:15031] since the group already exists in the map.
	at org.apache.ratis.server.impl.RaftServerProxy$ImplMap.addNew(RaftServerProxy.java:99)
	at org.apache.ratis.server.impl.RaftServerProxy.groupAddAsync(RaftServerProxy.java:512)
	... 13 more
2025-10-20 19:49:56,573 [ef67b0a7-5b27-496d-9f38-ab804a28e500-groupManagement] INFO  server.RaftServerConfigKeys (ConfUtils.java:logGet(62)) - raft.server.storage.dir = [/home/runner/work/ozone/ozone/hadoop-ozone/integration-test/target/test-dir/MiniOzoneClusterImpl-6935df51-69ff-4c35-8bd4-ed2b81d70e54/ozone-metadata/datanode-2/ratis] (custom)
2025-10-20 19:49:56,575 [ef67b0a7-5b27-496d-9f38-ab804a28e500-groupManagement] INFO  storage.RaftStorageDirectory (RaftStorageDirectoryImpl.java:analyzeStorage(138)) - The storage directory /home/runner/work/ozone/ozone/hadoop-ozone/integration-test/target/test-dir/MiniOzoneClusterImpl-6935df51-69ff-4c35-8bd4-ed2b81d70e54/ozone-metadata/datanode-2/ratis/aabd30cf-05b8-4e3b-b15e-1aa5f909702d does not exist. Creating ...
2025-10-20 19:49:56,576 [ef67b0a7-5b27-496d-9f38-ab804a28e500-groupManagement] INFO  storage.RaftStorageDirectory (RaftStorageDirectoryImpl.java:tryLock(229)) - Lock on /home/runner/work/ozone/ozone/hadoop-ozone/integration-test/target/test-dir/MiniOzoneClusterImpl-6935df51-69ff-4c35-8bd4-ed2b81d70e54/ozone-metadata/datanode-2/ratis/aabd30cf-05b8-4e3b-b15e-1aa5f909702d/in_use.lock acquired by nodename 12924@localhost
2025-10-20 19:49:56,578 [ef67b0a7-5b27-496d-9f38-ab804a28e500-groupManagement] INFO  storage.RaftStorage (RaftStorageImpl.java:format(98)) - Storage directory /home/runner/work/ozone/ozone/hadoop-ozone/integration-test/target/test-dir/MiniOzoneClusterImpl-6935df51-69ff-4c35-8bd4-ed2b81d70e54/ozone-metadata/datanode-2/ratis/aabd30cf-05b8-4e3b-b15e-1aa5f909702d has been successfully formatted.
2025-10-20 19:49:56,579 [ef67b0a7-5b27-496d-9f38-ab804a28e500-groupManagement] INFO  ratis.ContainerStateMachine (ContainerStateMachine.java:initialize(339)) - ef67b0a7-5b27-496d-9f38-ab804a28e500: initialize group-1AA5F909702D
2025-10-20 19:49:56,579 [ef67b0a7-5b27-496d-9f38-ab804a28e500-groupManagement] INFO  ratis.ContainerStateMachine (ContainerStateMachine.java:loadSnapshot(347)) - group-1AA5F909702D: The snapshot info is null. Setting the last applied index to:<INITIAL_VALUE>
2025-10-20 19:49:56,580 [ef67b0a7-5b27-496d-9f38-ab804a28e500-groupManagement] INFO  server.RaftServerConfigKeys (ConfUtils.java:logGet(62)) - raft.server.log.appender.buffer.byte-limit = 33554432 (custom)
2025-10-20 19:49:56,582 [EventQueue-PipelineReportForOneReplicaPipelineSafeModeRule] INFO  safemode.SCMSafeModeManager (SCMSafeModeManager.java:validateSafeModeExitRules(138)) - OneReplicaPipelineSafeModeRule rule is successfully validated
2025-10-20 19:49:56,582 | INFO  | SCMAudit | user=runner | ip=127.0.0.1 | op=SEND_HEARTBEAT {"datanodeUUID":"ef67b0a7-5b27-496d-9f38-ab804a28e500","term":"2","command":"[]"} | ret=SUCCESS |  
2025-10-20 19:49:56,588 [206580cc-82ee-4213-b95b-59cb1d300b36@group-ED2B81D70E54-StateMachineUpdater] INFO  safemode.SCMSafeModeManager (SCMSafeModeManager.java:validateSafeModeExitRules(138)) - DataNodeSafeModeRule rule is successfully validated
2025-10-20 19:49:56,589 [206580cc-82ee-4213-b95b-59cb1d300b36@group-ED2B81D70E54-StateMachineUpdater] INFO  safemode.SCMSafeModeManager (SCMSafeModeManager.java:validateSafeModeExitRules(138)) - RatisContainerSafeModeRule rule is successfully validated
2025-10-20 19:49:56,589 [206580cc-82ee-4213-b95b-59cb1d300b36@group-ED2B81D70E54-StateMachineUpdater] INFO  safemode.HealthyPipelineSafeModeRule (HealthyPipelineSafeModeRule.java:initializeRule(226)) - Refreshed total pipeline count is 0, healthy pipeline threshold count is 1
2025-10-20 19:49:56,589 [206580cc-82ee-4213-b95b-59cb1d300b36@group-ED2B81D70E54-StateMachineUpdater] INFO  safemode.SCMSafeModeManager (SCMSafeModeManager.java:validateSafeModeExitRules(138)) - OneReplicaPipelineSafeModeRule rule is successfully validated
2025-10-20 19:49:56,589 [206580cc-82ee-4213-b95b-59cb1d300b36@group-ED2B81D70E54-StateMachineUpdater] INFO  safemode.SCMSafeModeManager (SCMSafeModeManager.java:validateSafeModeExitRules(138)) - ECContainerSafeModeRule rule is successfully validated
2025-10-20 19:49:56,590 [EventQueue-PipelineReportForPipelineReportHandler] INFO  pipeline.PipelineReportHandler (PipelineReportHandler.java:processPipelineReport(132)) - Opened pipeline Pipeline-84912fbf-a1b2-4faa-88a3-bfc6152b06ab
2025-10-20 19:49:56,592 [ef67b0a7-5b27-496d-9f38-ab804a28e500-groupManagement] INFO  server.RaftServerConfigKeys (ConfUtils.java:logGet(62)) - raft.server.log.segment.size.max = 67108864 (custom)
2025-10-20 19:49:56,593 [ef67b0a7-5b27-496d-9f38-ab804a28e500-groupManagement] INFO  server.RaftServerConfigKeys (ConfUtils.java:logGet(62)) - raft.server.log.appender.buffer.byte-limit = 33554432 (custom)
2025-10-20 19:49:56,593 [e05592a5-d00f-4fc1-9e39-a968c1ecb04e-CreatePipelineCommandHandlerThread-0] INFO  commandhandler.CreatePipelineCommandHandler (CreatePipelineCommandHandler.java:lambda$handle$2(141)) - Created Pipeline RATIS THREE Pipeline-aabd30cf-05b8-4e3b-b15e-1aa5f909702d.
2025-10-20 19:49:56,594 [ef67b0a7-5b27-496d-9f38-ab804a28e500-groupManagement] INFO  util.AwaitToRun (AwaitToRun.java:start(81)) - Thread[#1485,ef67b0a7-5b27-496d-9f38-ab804a28e500@group-1AA5F909702D-cacheEviction-AwaitToRun,5,main] started
2025-10-20 19:49:56,594 [ef67b0a7-5b27-496d-9f38-ab804a28e500-groupManagement] INFO  segmented.SegmentedRaftLogWorker (SegmentedRaftLogWorker.java:<init>(190)) - new ef67b0a7-5b27-496d-9f38-ab804a28e500@group-1AA5F909702D-SegmentedRaftLogWorker for RaftStorageImpl:Storage Directory /home/runner/work/ozone/ozone/hadoop-ozone/integration-test/target/test-dir/MiniOzoneClusterImpl-6935df51-69ff-4c35-8bd4-ed2b81d70e54/ozone-metadata/datanode-2/ratis/aabd30cf-05b8-4e3b-b15e-1aa5f909702d
2025-10-20 19:49:56,594 [ef67b0a7-5b27-496d-9f38-ab804a28e500-groupManagement] INFO  server.RaftServerConfigKeys (ConfUtils.java:logGet(62)) - raft.server.log.queue.byte-limit = 4294967296 (custom)
2025-10-20 19:49:56,594 [ef67b0a7-5b27-496d-9f38-ab804a28e500-groupManagement] INFO  server.RaftServerConfigKeys (ConfUtils.java:logGet(62)) - raft.server.log.segment.size.max = 67108864 (custom)
2025-10-20 19:49:56,594 [ef67b0a7-5b27-496d-9f38-ab804a28e500-groupManagement] INFO  server.RaftServerConfigKeys (ConfUtils.java:logGet(62)) - raft.server.log.preallocated.size = 4194304 (custom)
2025-10-20 19:49:56,595 [ef67b0a7-5b27-496d-9f38-ab804a28e500-groupManagement] INFO  server.RaftServerConfigKeys (ConfUtils.java:logGet(62)) - raft.server.log.write.buffer.size = 33554440 (custom)
2025-10-20 19:49:56,596 [38991c48-ffb3-4453-b758-77d6b4ebc62b-EndpointStateMachineTaskThread-/0.0.0.0:15002-0 ] INFO  utils.DatanodeStoreCache (DatanodeStoreCache.java:addDB(70)) - Added db /home/runner/work/ozone/ozone/hadoop-ozone/integration-test/target/test-dir/MiniOzoneClusterImpl-6935df51-69ff-4c35-8bd4-ed2b81d70e54/ozone-metadata/datanode-14/data-0/hdds/6935df51-69ff-4c35-8bd4-ed2b81d70e54/DS-38e89a86-7bb4-4204-b02e-c213c3071b37/container.db to cache
2025-10-20 19:49:56,596 [38991c48-ffb3-4453-b758-77d6b4ebc62b-EndpointStateMachineTaskThread-/0.0.0.0:15002-0 ] INFO  volume.HddsVolume (HddsVolume.java:createDbStore(576)) - SchemaV3 db is created and loaded at /home/runner/work/ozone/ozone/hadoop-ozone/integration-test/target/test-dir/MiniOzoneClusterImpl-6935df51-69ff-4c35-8bd4-ed2b81d70e54/ozone-metadata/datanode-14/data-0/hdds/6935df51-69ff-4c35-8bd4-ed2b81d70e54/DS-38e89a86-7bb4-4204-b02e-c213c3071b37/container.db for volume DS-38e89a86-7bb4-4204-b02e-c213c3071b37
2025-10-20 19:49:56,599 [38991c48-ffb3-4453-b758-77d6b4ebc62b-ContainerReader-0] INFO  ozoneimpl.ContainerReader (ContainerReader.java:readVolume(147)) - Start to verify containers on volume /home/runner/work/ozone/ozone/hadoop-ozone/integration-test/target/test-dir/MiniOzoneClusterImpl-6935df51-69ff-4c35-8bd4-ed2b81d70e54/ozone-metadata/datanode-14/data-0/hdds
2025-10-20 19:49:56,599 [38991c48-ffb3-4453-b758-77d6b4ebc62b-ContainerReader-0] INFO  ozoneimpl.ContainerReader (ContainerReader.java:readVolume(177)) - Finish verifying containers on volume /home/runner/work/ozone/ozone/hadoop-ozone/integration-test/target/test-dir/MiniOzoneClusterImpl-6935df51-69ff-4c35-8bd4-ed2b81d70e54/ozone-metadata/datanode-14/data-0/hdds
2025-10-20 19:49:56,600 [38991c48-ffb3-4453-b758-77d6b4ebc62b-EndpointStateMachineTaskThread-/0.0.0.0:15002-0 ] INFO  ozoneimpl.OzoneContainer (OzoneContainer.java:buildContainerSet(359)) - Build ContainerSet costs 0s
2025-10-20 19:49:56,600 [38991c48-ffb3-4453-b758-77d6b4ebc62b-EndpointStateMachineTaskThread-/0.0.0.0:15002-0 ] INFO  volume.ThrottledAsyncChecker (ThrottledAsyncChecker.java:schedule(138)) - Scheduling a check for /home/runner/work/ozone/ozone/hadoop-ozone/integration-test/target/test-dir/MiniOzoneClusterImpl-6935df51-69ff-4c35-8bd4-ed2b81d70e54/ozone-metadata/datanode-14/data-0/hdds
2025-10-20 19:49:56,601 [38991c48-ffb3-4453-b758-77d6b4ebc62b-EndpointStateMachineTaskThread-/0.0.0.0:15002-0 ] INFO  volume.StorageVolumeChecker (StorageVolumeChecker.java:checkAllVolumes(231)) - Scheduled health check for volume /home/runner/work/ozone/ozone/hadoop-ozone/integration-test/target/test-dir/MiniOzoneClusterImpl-6935df51-69ff-4c35-8bd4-ed2b81d70e54/ozone-metadata/datanode-14/data-0/hdds
2025-10-20 19:49:56,603 [ef67b0a7-5b27-496d-9f38-ab804a28e500-groupManagement] INFO  server.RaftServerConfigKeys (ConfUtils.java:logGet(62)) - raft.server.log.appender.buffer.byte-limit = 33554432 (custom)
2025-10-20 19:49:56,603 [ef67b0a7-5b27-496d-9f38-ab804a28e500-groupManagement] INFO  segmented.SegmentedRaftLogWorker (SegmentedRaftLogWorker.java:lambda$new$0(141)) - ef67b0a7-5b27-496d-9f38-ab804a28e500@group-1AA5F909702D-SegmentedRaftLogWorker: flushIndex: setUnconditionally 0 -> -1
2025-10-20 19:49:56,603 [ef67b0a7-5b27-496d-9f38-ab804a28e500-groupManagement] INFO  segmented.SegmentedRaftLogWorker (SegmentedRaftLogWorker.java:lambda$new$0(141)) - ef67b0a7-5b27-496d-9f38-ab804a28e500@group-1AA5F909702D-SegmentedRaftLogWorker: safeCacheEvictIndex: setUnconditionally 0 -> -1
2025-10-20 19:49:56,605 [ef67b0a7-5b27-496d-9f38-ab804a28e500-groupManagement] INFO  server.RaftServer$Division (RaftServerImpl.java:start(405)) - ef67b0a7-5b27-496d-9f38-ab804a28e500@group-1AA5F909702D: start as a follower, conf=conf: {index: -1, cur=peers:[ef67b0a7-5b27-496d-9f38-ab804a28e500|127.0.0.1:15023, e05592a5-d00f-4fc1-9e39-a968c1ecb04e|127.0.0.1:15015, 361055de-215b-4c6c-94c2-be1c1da118d1|127.0.0.1:15031]|listeners:[], old=null}
2025-10-20 19:49:56,605 [ef67b0a7-5b27-496d-9f38-ab804a28e500-groupManagement] INFO  server.RaftServer$Division (RaftServerImpl.java:setRole(392)) - ef67b0a7-5b27-496d-9f38-ab804a28e500@group-1AA5F909702D: changes role from      null to FOLLOWER at term 0 for startAsFollower
2025-10-20 19:49:56,605 [ef67b0a7-5b27-496d-9f38-ab804a28e500-groupManagement] INFO  impl.RoleInfo (RoleInfo.java:updateAndGet(148)) - ef67b0a7-5b27-496d-9f38-ab804a28e500: start ef67b0a7-5b27-496d-9f38-ab804a28e500@group-1AA5F909702D-FollowerState
2025-10-20 19:49:56,607 [ef67b0a7-5b27-496d-9f38-ab804a28e500-groupManagement] INFO  util.JmxRegister (JmxRegister.java:tryRegister(44)) - Successfully registered JMX Bean with object name Ratis:service=RaftServer,group=group-1AA5F909702D,id=ef67b0a7-5b27-496d-9f38-ab804a28e500
2025-10-20 19:49:56,607 [ef67b0a7-5b27-496d-9f38-ab804a28e500-groupManagement] INFO  util.JmxRegister (JmxRegister.java:register(58)) - register mxBean class org.apache.ratis.server.impl.RaftServerJmxAdapter as Ratis:service=RaftServer,group=group-1AA5F909702D,id=ef67b0a7-5b27-496d-9f38-ab804a28e500
2025-10-20 19:49:56,606 | INFO  | SCMAudit | user=runner | ip=127.0.0.1 | op=SEND_HEARTBEAT {"datanodeUUID":"b614738c-cdff-4f09-bf59-ed5bb75d51be","term":"2","command":"[]"} | ret=SUCCESS |  
2025-10-20 19:49:56,608 [ef67b0a7-5b27-496d-9f38-ab804a28e500-groupManagement] INFO  server.RaftServer$Division (RaftServerImpl.java:start(419)) - ef67b0a7-5b27-496d-9f38-ab804a28e500@group-1AA5F909702D: Successfully started.
2025-10-20 19:49:56,609 [ef67b0a7-5b27-496d-9f38-ab804a28e500-groupManagement] INFO  storage.RaftStorageDirectory (RaftStorageDirectoryImpl.java:analyzeStorage(138)) - The storage directory /home/runner/work/ozone/ozone/hadoop-ozone/integration-test/target/test-dir/MiniOzoneClusterImpl-6935df51-69ff-4c35-8bd4-ed2b81d70e54/ozone-metadata/datanode-2/ratis/84912fbf-a1b2-4faa-88a3-bfc6152b06ab does not exist. Creating ...
2025-10-20 19:49:56,610 [38991c48-ffb3-4453-b758-77d6b4ebc62b-EndpointStateMachineTaskThread-/0.0.0.0:15002-0 ] INFO  volume.ThrottledAsyncChecker (ThrottledAsyncChecker.java:schedule(138)) - Scheduling a check for /home/runner/work/ozone/ozone/hadoop-ozone/integration-test/target/test-dir/MiniOzoneClusterImpl-6935df51-69ff-4c35-8bd4-ed2b81d70e54/ozone-metadata/datanode-14/ratis
2025-10-20 19:49:56,610 [38991c48-ffb3-4453-b758-77d6b4ebc62b-EndpointStateMachineTaskThread-/0.0.0.0:15002-0 ] INFO  volume.StorageVolumeChecker (StorageVolumeChecker.java:checkAllVolumes(231)) - Scheduled health check for volume /home/runner/work/ozone/ozone/hadoop-ozone/integration-test/target/test-dir/MiniOzoneClusterImpl-6935df51-69ff-4c35-8bd4-ed2b81d70e54/ozone-metadata/datanode-14/ratis
2025-10-20 19:49:56,612 [ef67b0a7-5b27-496d-9f38-ab804a28e500-groupManagement] INFO  storage.RaftStorageDirectory (RaftStorageDirectoryImpl.java:tryLock(229)) - Lock on /home/runner/work/ozone/ozone/hadoop-ozone/integration-test/target/test-dir/MiniOzoneClusterImpl-6935df51-69ff-4c35-8bd4-ed2b81d70e54/ozone-metadata/datanode-2/ratis/84912fbf-a1b2-4faa-88a3-bfc6152b06ab/in_use.lock acquired by nodename 12924@localhost
2025-10-20 19:49:56,612 [38991c48-ffb3-4453-b758-77d6b4ebc62b-EndpointStateMachineTaskThread-/0.0.0.0:15002-0 ] INFO  ozoneimpl.OzoneContainer (OzoneContainer.java:start(544)) - Attempting to start container services.
2025-10-20 19:49:56,613 [ef67b0a7-5b27-496d-9f38-ab804a28e500-groupManagement] INFO  storage.RaftStorage (RaftStorageImpl.java:format(98)) - Storage directory /home/runner/work/ozone/ozone/hadoop-ozone/integration-test/target/test-dir/MiniOzoneClusterImpl-6935df51-69ff-4c35-8bd4-ed2b81d70e54/ozone-metadata/datanode-2/ratis/84912fbf-a1b2-4faa-88a3-bfc6152b06ab has been successfully formatted.
2025-10-20 19:49:56,613 [ef67b0a7-5b27-496d-9f38-ab804a28e500-groupManagement] INFO  ratis.ContainerStateMachine (ContainerStateMachine.java:initialize(339)) - ef67b0a7-5b27-496d-9f38-ab804a28e500: initialize group-BFC6152B06AB
2025-10-20 19:49:56,613 [ef67b0a7-5b27-496d-9f38-ab804a28e500-groupManagement] INFO  ratis.ContainerStateMachine (ContainerStateMachine.java:loadSnapshot(347)) - group-BFC6152B06AB: The snapshot info is null. Setting the last applied index to:<INITIAL_VALUE>
2025-10-20 19:49:56,614 [ContainerMetadataScanner] INFO  ozoneimpl.AbstractBackgroundContainerScanner (AbstractBackgroundContainerScanner.java:runIteration(89)) - Completed an iteration in 0 minutes. Number of iterations (since the data-node restart) : 1, Number of containers scanned in this iteration : 0, Number of unhealthy containers found in this iteration : 0
2025-10-20 19:49:56,615 [ef67b0a7-5b27-496d-9f38-ab804a28e500-groupManagement] INFO  server.RaftServerConfigKeys (ConfUtils.java:logGet(62)) - raft.server.log.appender.buffer.byte-limit = 33554432 (custom)
2025-10-20 19:49:56,616 [ContainerDataScanner(/home/runner/work/ozone/ozone/hadoop-ozone/integration-test/target/test-dir/MiniOzoneClusterImpl-6935df51-69ff-4c35-8bd4-ed2b81d70e54/ozone-metadata/datanode-14/data-0/hdds)] INFO  ozoneimpl.AbstractBackgroundContainerScanner (AbstractBackgroundContainerScanner.java:runIteration(89)) - Completed an iteration in 0 minutes. Number of iterations (since the data-node restart) : 1, Number of containers scanned in this iteration : 0, Number of unhealthy containers found in this iteration : 0
2025-10-20 19:49:56,616 [38991c48-ffb3-4453-b758-77d6b4ebc62b-EndpointStateMachineTaskThread-/0.0.0.0:15002-0 ] INFO  replication.ReplicationServer (ReplicationServer.java:start(137)) - ReplicationServer is started using port 15121
2025-10-20 19:49:56,617 [38991c48-ffb3-4453-b758-77d6b4ebc62b-EndpointStateMachineTaskThread-/0.0.0.0:15002-0 ] INFO  ratis.XceiverServerRatis (XceiverServerRatis.java:start(559)) - Starting XceiverServerRatis(38991c48-ffb3-4453-b758-77d6b4ebc62b)
2025-10-20 19:49:56,617 | INFO  | SCMAudit | user=runner | ip=127.0.0.1 | op=SEND_HEARTBEAT {"datanodeUUID":"ef67b0a7-5b27-496d-9f38-ab804a28e500","term":"2","command":"[]"} | ret=SUCCESS |  
2025-10-20 19:49:56,617 [EventQueue-PipelineReportForOneReplicaPipelineSafeModeRule] INFO  safemode.SCMSafeModeManager (SCMSafeModeManager.java:validateSafeModeExitRules(138)) - OneReplicaPipelineSafeModeRule rule is successfully validated
2025-10-20 19:49:56,621 [38991c48-ffb3-4453-b758-77d6b4ebc62b-EndpointStateMachineTaskThread-/0.0.0.0:15002-0 ] INFO  server.RaftServer (RaftServerProxy.java:startImpl(412)) - 38991c48-ffb3-4453-b758-77d6b4ebc62b: start RPC server
2025-10-20 19:49:56,622 [38991c48-ffb3-4453-b758-77d6b4ebc62b-EndpointStateMachineTaskThread-/0.0.0.0:15002-0 ] INFO  server.GrpcServicesImpl (GrpcServicesImpl.java:startImpl(346)) - 38991c48-ffb3-4453-b758-77d6b4ebc62b: GrpcServicesImpl started, listening on 15117
2025-10-20 19:49:56,623 [38991c48-ffb3-4453-b758-77d6b4ebc62b-EndpointStateMachineTaskThread-/0.0.0.0:15002-0 ] INFO  server.GrpcServicesImpl (GrpcServicesImpl.java:startImpl(346)) - 38991c48-ffb3-4453-b758-77d6b4ebc62b: GrpcServicesImpl started, listening on 15119
2025-10-20 19:49:56,624 [ef67b0a7-5b27-496d-9f38-ab804a28e500-groupManagement] INFO  server.RaftServerConfigKeys (ConfUtils.java:logGet(62)) - raft.server.log.segment.size.max = 67108864 (custom)
2025-10-20 19:49:56,625 [ef67b0a7-5b27-496d-9f38-ab804a28e500-groupManagement] INFO  server.RaftServerConfigKeys (ConfUtils.java:logGet(62)) - raft.server.log.appender.buffer.byte-limit = 33554432 (custom)
2025-10-20 19:49:56,625 [38991c48-ffb3-4453-b758-77d6b4ebc62b-EndpointStateMachineTaskThread-/0.0.0.0:15002-0 ] INFO  server.GrpcServicesImpl (GrpcServicesImpl.java:startImpl(346)) - 38991c48-ffb3-4453-b758-77d6b4ebc62b: GrpcServicesImpl started, listening on 15118
2025-10-20 19:49:56,625 [38991c48-ffb3-4453-b758-77d6b4ebc62b-EndpointStateMachineTaskThread-/0.0.0.0:15002-0 ] INFO  ratis.XceiverServerRatis (XceiverServerRatis.java:getRealPort(586)) - XceiverServerRatis(38991c48-ffb3-4453-b758-77d6b4ebc62b) is started using port RATIS=15117
2025-10-20 19:49:56,625 [38991c48-ffb3-4453-b758-77d6b4ebc62b-EndpointStateMachineTaskThread-/0.0.0.0:15002-0 ] INFO  ratis.XceiverServerRatis (XceiverServerRatis.java:getRealPort(586)) - XceiverServerRatis(38991c48-ffb3-4453-b758-77d6b4ebc62b) is started using port RATIS_ADMIN=15118
2025-10-20 19:49:56,625 [38991c48-ffb3-4453-b758-77d6b4ebc62b-EndpointStateMachineTaskThread-/0.0.0.0:15002-0 ] INFO  ratis.XceiverServerRatis (XceiverServerRatis.java:getRealPort(586)) - XceiverServerRatis(38991c48-ffb3-4453-b758-77d6b4ebc62b) is started using port RATIS_SERVER=15119
2025-10-20 19:49:56,625 [38991c48-ffb3-4453-b758-77d6b4ebc62b-EndpointStateMachineTaskThread-/0.0.0.0:15002-0 ] INFO  ratis.XceiverServerRatis (XceiverServerRatis.java:getRealPort(586)) - XceiverServerRatis(38991c48-ffb3-4453-b758-77d6b4ebc62b) is started using port RATIS_DATASTREAM=15120
2025-10-20 19:49:56,625 [JvmPauseMonitor16] INFO  util.JvmPauseMonitor (JvmPauseMonitor.java:run(146)) - JvmPauseMonitor-38991c48-ffb3-4453-b758-77d6b4ebc62b: Started
2025-10-20 19:49:56,626 [ef67b0a7-5b27-496d-9f38-ab804a28e500-groupManagement] INFO  util.AwaitToRun (AwaitToRun.java:start(81)) - Thread[#1503,ef67b0a7-5b27-496d-9f38-ab804a28e500@group-BFC6152B06AB-cacheEviction-AwaitToRun,5,main] started
2025-10-20 19:49:56,626 [ef67b0a7-5b27-496d-9f38-ab804a28e500-groupManagement] INFO  segmented.SegmentedRaftLogWorker (SegmentedRaftLogWorker.java:<init>(190)) - new ef67b0a7-5b27-496d-9f38-ab804a28e500@group-BFC6152B06AB-SegmentedRaftLogWorker for RaftStorageImpl:Storage Directory /home/runner/work/ozone/ozone/hadoop-ozone/integration-test/target/test-dir/MiniOzoneClusterImpl-6935df51-69ff-4c35-8bd4-ed2b81d70e54/ozone-metadata/datanode-2/ratis/84912fbf-a1b2-4faa-88a3-bfc6152b06ab
2025-10-20 19:49:56,626 [ef67b0a7-5b27-496d-9f38-ab804a28e500-groupManagement] INFO  server.RaftServerConfigKeys (ConfUtils.java:logGet(62)) - raft.server.log.queue.byte-limit = 4294967296 (custom)
2025-10-20 19:49:56,626 [ef67b0a7-5b27-496d-9f38-ab804a28e500-groupManagement] INFO  server.RaftServerConfigKeys (ConfUtils.java:logGet(62)) - raft.server.log.segment.size.max = 67108864 (custom)
2025-10-20 19:49:56,626 [ef67b0a7-5b27-496d-9f38-ab804a28e500-groupManagement] INFO  server.RaftServerConfigKeys (ConfUtils.java:logGet(62)) - raft.server.log.preallocated.size = 4194304 (custom)
2025-10-20 19:49:56,627 [ef67b0a7-5b27-496d-9f38-ab804a28e500-groupManagement] INFO  server.RaftServerConfigKeys (ConfUtils.java:logGet(62)) - raft.server.log.write.buffer.size = 33554440 (custom)
2025-10-20 19:49:56,628 [38991c48-ffb3-4453-b758-77d6b4ebc62b-EndpointStateMachineTaskThread-/0.0.0.0:15002-0 ] INFO  utils.BackgroundService (BackgroundService.java:start(119)) - Starting service BlockDeletingService with interval 60000 milliseconds
2025-10-20 19:49:56,629 [38991c48-ffb3-4453-b758-77d6b4ebc62b-EndpointStateMachineTaskThread-/0.0.0.0:15002-0 ] INFO  utils.BackgroundService (BackgroundService.java:start(119)) - Starting service StaleRecoveringContainerScrubbingService with interval 60000 milliseconds
2025-10-20 19:49:56,633 [grpc-default-executor-0] WARN  server.GrpcAdminProtocolService (GrpcAdminProtocolService.java:lambda$groupManagement$1(53)) - Failed groupManagement: GROUPADD, GroupManagementRequest:client-7A1FBA2CAAF0->e05592a5-d00f-4fc1-9e39-a968c1ecb04e@group-1AA5F909702D, cid=8, seq=null, RW, null, Add:group-1AA5F909702D:[ef67b0a7-5b27-496d-9f38-ab804a28e500|127.0.0.1:15023, e05592a5-d00f-4fc1-9e39-a968c1ecb04e|127.0.0.1:15015, 361055de-215b-4c6c-94c2-be1c1da118d1|127.0.0.1:15031]
java.util.concurrent.CompletionException: org.apache.ratis.protocol.exceptions.AlreadyExistsException: e05592a5-d00f-4fc1-9e39-a968c1ecb04e: Failed to add group-1AA5F909702D:[ef67b0a7-5b27-496d-9f38-ab804a28e500|127.0.0.1:15023, e05592a5-d00f-4fc1-9e39-a968c1ecb04e|127.0.0.1:15015, 361055de-215b-4c6c-94c2-be1c1da118d1|127.0.0.1:15031] since the group already exists in the map.
	at java.base/java.util.concurrent.CompletableFuture.encodeThrowable(CompletableFuture.java:332)
	at java.base/java.util.concurrent.CompletableFuture.uniApplyNow(CompletableFuture.java:674)
	at java.base/java.util.concurrent.CompletableFuture.uniApplyStage(CompletableFuture.java:662)
	at java.base/java.util.concurrent.CompletableFuture.thenApplyAsync(CompletableFuture.java:2210)
	at org.apache.ratis.server.impl.RaftServerProxy.groupAddAsync(RaftServerProxy.java:513)
	at org.apache.ratis.server.impl.RaftServerProxy.groupManagementAsync(RaftServerProxy.java:495)
	at org.apache.ratis.grpc.server.GrpcAdminProtocolService.lambda$groupManagement$0(GrpcAdminProtocolService.java:51)
	at org.apache.ratis.grpc.GrpcUtil.asyncCall(GrpcUtil.java:172)
	at org.apache.ratis.grpc.server.GrpcAdminProtocolService.groupManagement(GrpcAdminProtocolService.java:51)
	at org.apache.ratis.proto.grpc.AdminProtocolServiceGrpc$MethodHandlers.invoke(AdminProtocolServiceGrpc.java:701)
	at org.apache.ratis.thirdparty.io.grpc.stub.ServerCalls$UnaryServerCallHandler$UnaryServerCallListener.onHalfClose(ServerCalls.java:182)
	at org.apache.ratis.thirdparty.io.grpc.internal.ServerCallImpl$ServerStreamListenerImpl.halfClosed(ServerCallImpl.java:356)
	at org.apache.ratis.thirdparty.io.grpc.internal.ServerImpl$JumpToApplicationThreadServerStreamListener$1HalfClosed.runInContext(ServerImpl.java:861)
	at org.apache.ratis.thirdparty.io.grpc.internal.ContextRunnable.run(ContextRunnable.java:37)
	at org.apache.ratis.thirdparty.io.grpc.internal.SerializingExecutor.run(SerializingExecutor.java:133)
	at java.base/java.util.concurrent.ThreadPoolExecutor.runWorker(ThreadPoolExecutor.java:1144)
	at java.base/java.util.concurrent.ThreadPoolExecutor$Worker.run(ThreadPoolExecutor.java:642)
	at java.base/java.lang.Thread.run(Thread.java:1583)
Caused by: org.apache.ratis.protocol.exceptions.AlreadyExistsException: e05592a5-d00f-4fc1-9e39-a968c1ecb04e: Failed to add group-1AA5F909702D:[ef67b0a7-5b27-496d-9f38-ab804a28e500|127.0.0.1:15023, e05592a5-d00f-4fc1-9e39-a968c1ecb04e|127.0.0.1:15015, 361055de-215b-4c6c-94c2-be1c1da118d1|127.0.0.1:15031] since the group already exists in the map.
	at org.apache.ratis.server.impl.RaftServerProxy$ImplMap.addNew(RaftServerProxy.java:99)
	at org.apache.ratis.server.impl.RaftServerProxy.groupAddAsync(RaftServerProxy.java:512)
	... 13 more
2025-10-20 19:49:56,639 [ef67b0a7-5b27-496d-9f38-ab804a28e500-groupManagement] INFO  server.RaftServerConfigKeys (ConfUtils.java:logGet(62)) - raft.server.log.appender.buffer.byte-limit = 33554432 (custom)
2025-10-20 19:49:56,640 [ef67b0a7-5b27-496d-9f38-ab804a28e500-groupManagement] INFO  segmented.SegmentedRaftLogWorker (SegmentedRaftLogWorker.java:lambda$new$0(141)) - ef67b0a7-5b27-496d-9f38-ab804a28e500@group-BFC6152B06AB-SegmentedRaftLogWorker: flushIndex: setUnconditionally 0 -> -1
2025-10-20 19:49:56,640 [ef67b0a7-5b27-496d-9f38-ab804a28e500-groupManagement] INFO  segmented.SegmentedRaftLogWorker (SegmentedRaftLogWorker.java:lambda$new$0(141)) - ef67b0a7-5b27-496d-9f38-ab804a28e500@group-BFC6152B06AB-SegmentedRaftLogWorker: safeCacheEvictIndex: setUnconditionally 0 -> -1
2025-10-20 19:49:56,641 [361055de-215b-4c6c-94c2-be1c1da118d1-CreatePipelineCommandHandlerThread-0] INFO  commandhandler.CreatePipelineCommandHandler (CreatePipelineCommandHandler.java:lambda$handle$2(141)) - Created Pipeline RATIS THREE Pipeline-aabd30cf-05b8-4e3b-b15e-1aa5f909702d.
2025-10-20 19:49:56,642 [ef67b0a7-5b27-496d-9f38-ab804a28e500-groupManagement] INFO  server.RaftServer$Division (RaftServerImpl.java:start(405)) - ef67b0a7-5b27-496d-9f38-ab804a28e500@group-BFC6152B06AB: start as a follower, conf=conf: {index: -1, cur=peers:[ef67b0a7-5b27-496d-9f38-ab804a28e500|127.0.0.1:15023]|listeners:[], old=null}
2025-10-20 19:49:56,642 [ef67b0a7-5b27-496d-9f38-ab804a28e500-groupManagement] INFO  server.RaftServer$Division (RaftServerImpl.java:setRole(392)) - ef67b0a7-5b27-496d-9f38-ab804a28e500@group-BFC6152B06AB: changes role from      null to FOLLOWER at term 0 for startAsFollower
2025-10-20 19:49:56,642 [ef67b0a7-5b27-496d-9f38-ab804a28e500-groupManagement] INFO  impl.RoleInfo (RoleInfo.java:updateAndGet(148)) - ef67b0a7-5b27-496d-9f38-ab804a28e500: start ef67b0a7-5b27-496d-9f38-ab804a28e500@group-BFC6152B06AB-FollowerState
2025-10-20 19:49:56,642 [ef67b0a7-5b27-496d-9f38-ab804a28e500-groupManagement] INFO  util.JmxRegister (JmxRegister.java:tryRegister(44)) - Successfully registered JMX Bean with object name Ratis:service=RaftServer,group=group-BFC6152B06AB,id=ef67b0a7-5b27-496d-9f38-ab804a28e500
2025-10-20 19:49:56,642 [ef67b0a7-5b27-496d-9f38-ab804a28e500-groupManagement] INFO  util.JmxRegister (JmxRegister.java:register(58)) - register mxBean class org.apache.ratis.server.impl.RaftServerJmxAdapter as Ratis:service=RaftServer,group=group-BFC6152B06AB,id=ef67b0a7-5b27-496d-9f38-ab804a28e500
2025-10-20 19:49:56,643 [ef67b0a7-5b27-496d-9f38-ab804a28e500-groupManagement] INFO  server.RaftServer$Division (RaftServerImpl.java:start(419)) - ef67b0a7-5b27-496d-9f38-ab804a28e500@group-BFC6152B06AB: Successfully started.
2025-10-20 19:49:56,644 [ef67b0a7-5b27-496d-9f38-ab804a28e500-CreatePipelineCommandHandlerThread-0] INFO  ratis.XceiverServerRatis (XceiverServerRatis.java:addGroup(839)) - Created group Pipeline-84912fbf-a1b2-4faa-88a3-bfc6152b06ab
2025-10-20 19:49:56,644 [ef67b0a7-5b27-496d-9f38-ab804a28e500-CreatePipelineCommandHandlerThread-0] INFO  commandhandler.CreatePipelineCommandHandler (CreatePipelineCommandHandler.java:lambda$handle$2(141)) - Created Pipeline RATIS ONE Pipeline-84912fbf-a1b2-4faa-88a3-bfc6152b06ab.
2025-10-20 19:49:56,731 [IPC Server handler 2 on default port 15002] INFO  net.NetworkTopologyImpl (NetworkTopologyImpl.java:add(133)) - Added a new node: /default-rack/feb39a1c-80cb-4714-ab06-a361236e3029
2025-10-20 19:49:56,731 [IPC Server handler 2 on default port 15002] INFO  node.SCMNodeManager (SCMNodeManager.java:register(423)) - Registered datanode: feb39a1c-80cb-4714-ab06-a361236e3029{ip: 127.0.0.1, host: localhost, ports: [HTTP=15106, CLIENT_RPC=15107, REPLICATION=15113, RATIS=15109, RATIS_ADMIN=15110, RATIS_SERVER=15111, RATIS_DATASTREAM=15112, STANDALONE=15108], networkLocation: /default-rack, certSerialId: null, persistedOpState: null, persistedOpStateExpiryEpochSec: 0}
2025-10-20 19:49:56,731 [EventQueue-NodeRegistrationContainerReportForDataNodeSafeModeRule] INFO  safemode.SCMSafeModeManager (SCMSafeModeManager.java:validateSafeModeExitRules(138)) - DataNodeSafeModeRule rule is successfully validated
2025-10-20 19:49:56,731 | INFO  | SCMAudit | user=runner | ip=127.0.0.1 | op=REGISTER {"datanodeDetails":"feb39a1c-80cb-4714-ab06-a361236e3029(localhost/127.0.0.1)"} | ret=SUCCESS |  
2025-10-20 19:49:56,731 [EventQueue-ContainerRegistrationReportForRatisContainerSafeModeRule] INFO  safemode.SCMSafeModeManager (SCMSafeModeManager.java:validateSafeModeExitRules(138)) - RatisContainerSafeModeRule rule is successfully validated
2025-10-20 19:49:56,731 [EventQueue-NewNodeForNewNodeHandler] INFO  pipeline.BackgroundPipelineCreator (BackgroundPipelineCreator.java:notifyEventTriggered(290)) - trigger a one-shot run on RatisPipelineUtilsThread.
2025-10-20 19:49:56,732 [EventQueue-PipelineReportForOneReplicaPipelineSafeModeRule] INFO  safemode.SCMSafeModeManager (SCMSafeModeManager.java:validateSafeModeExitRules(138)) - OneReplicaPipelineSafeModeRule rule is successfully validated
2025-10-20 19:49:56,732 [EventQueue-ContainerRegistrationReportForECContainerSafeModeRule] INFO  safemode.SCMSafeModeManager (SCMSafeModeManager.java:validateSafeModeExitRules(138)) - ECContainerSafeModeRule rule is successfully validated
2025-10-20 19:49:56,733 [RatisPipelineUtilsThread-0] INFO  pipeline.RatisPipelineProvider (RatisPipelineProvider.java:lambda$create$0(208)) - Sending CreatePipelineCommand for pipeline:Pipeline-065e8a82-a0e8-459a-9388-6a52cfb43cb2 to datanode:feb39a1c-80cb-4714-ab06-a361236e3029(localhost/127.0.0.1)
2025-10-20 19:49:56,735 [206580cc-82ee-4213-b95b-59cb1d300b36@group-ED2B81D70E54-StateMachineUpdater] INFO  safemode.SCMSafeModeManager (SCMSafeModeManager.java:validateSafeModeExitRules(138)) - DataNodeSafeModeRule rule is successfully validated
2025-10-20 19:49:56,736 [206580cc-82ee-4213-b95b-59cb1d300b36@group-ED2B81D70E54-StateMachineUpdater] INFO  safemode.SCMSafeModeManager (SCMSafeModeManager.java:validateSafeModeExitRules(138)) - RatisContainerSafeModeRule rule is successfully validated
2025-10-20 19:49:56,736 [206580cc-82ee-4213-b95b-59cb1d300b36@group-ED2B81D70E54-StateMachineUpdater] INFO  safemode.HealthyPipelineSafeModeRule (HealthyPipelineSafeModeRule.java:initializeRule(226)) - Refreshed total pipeline count is 0, healthy pipeline threshold count is 1
2025-10-20 19:49:56,736 [206580cc-82ee-4213-b95b-59cb1d300b36@group-ED2B81D70E54-StateMachineUpdater] INFO  safemode.SCMSafeModeManager (SCMSafeModeManager.java:validateSafeModeExitRules(138)) - OneReplicaPipelineSafeModeRule rule is successfully validated
2025-10-20 19:49:56,736 [206580cc-82ee-4213-b95b-59cb1d300b36@group-ED2B81D70E54-StateMachineUpdater] INFO  safemode.SCMSafeModeManager (SCMSafeModeManager.java:validateSafeModeExitRules(138)) - ECContainerSafeModeRule rule is successfully validated
2025-10-20 19:49:56,736 [RatisPipelineUtilsThread-0] INFO  pipeline.BackgroundPipelineCreator (BackgroundPipelineCreator.java:createPipelines(246)) - Created new pipeline Pipeline{ Id: 065e8a82-a0e8-459a-9388-6a52cfb43cb2, Nodes: [ {feb39a1c-80cb-4714-ab06-a361236e3029(localhost/127.0.0.1), ReplicaIndex: 0},], ReplicationConfig: RATIS/ONE, State:ALLOCATED, leaderId:, CreationTimestamp2025-10-20T19:49:56.733457843Z[Etc/UTC]}
2025-10-20 19:49:56,791 | INFO  | SCMAudit | user=runner | ip=127.0.0.1 | op=SEND_HEARTBEAT {"datanodeUUID":"4f2bb3f5-0e03-4f1b-bb4c-79c91b98c7da","term":"2","command":"[commandType: createPipelineCommand createPipelineCommandProto { pipelineID { id: \"039ffff9-266b-48f4-a31a-1bf756e6abfd\" uuid128 { mostSigBits: 261208748967282932 leastSigBits: -6694007147003991043 } } type: RATIS factor: ONE datanode { uuid: \"4f2bb3f5-0e03-4f1b-bb4c-79c91b98c7da\" ipAddress: \"127.0.0.1\" hostName: \"localhost\" ports { name: \"HTTP\" value: 15090 } ports { name: \"CLIENT_RPC\" value: 15091 } ports { name: \"REPLICATION\" value: 15097 } ports { name: \"RATIS\" value: 15093 } ports { name: \"RATIS_ADMIN\" value: 15094 } ports { name: \"RATIS_SERVER\" value: 15095 } ports { name: \"RATIS_DATASTREAM\" value: 15096 } ports { name: \"STANDALONE\" value: 15092 } networkName: \"4f2bb3f5-0e03-4f1b-bb4c-79c91b98c7da\" networkLocation: \"/default-rack\" persistedOpState: IN_SERVICE persistedOpStateExpiry: 0 currentVersion: 2 uuid128 { mostSigBits: 5704851218078322459 leastSigBits: -4950447985728632870 } level: 3 id { uuid { mostSigBits: 5704851218078322459 leastSigBits: -4950447985728632870 } } } cmdId: 1760989793839 priority: 1 } term: 2 encodedToken: \"\" deadlineMsSinceEpoch: 0, commandType: createPipelineCommand createPipelineCommandProto { pipelineID { id: \"5efdd59f-8e2e-4baf-8c0a-c03b5cc8546f\" uuid128 { mostSigBits: 6844861889934937007 leastSigBits: -8355654797440297873 } } type: RATIS factor: THREE datanode { uuid: \"33f74daf-be7a-4306-b2af-53e409c4cb93\" ipAddress: \"127.0.0.1\" hostName: \"localhost\" ports { name: \"HTTP\" value: 15082 } ports { name: \"CLIENT_RPC\" value: 15083 } ports { name: \"REPLICATION\" value: 15089 } ports { name: \"RATIS\" value: 15085 } ports { name: \"RATIS_ADMIN\" value: 15086 } ports { name: \"RATIS_SERVER\" value: 15087 } ports { name: \"RATIS_DATASTREAM\" value: 15088 } ports { name: \"STANDALONE\" value: 15084 } networkName: \"33f74daf-be7a-4306-b2af-53e409c4cb93\" networkLocation: \"/default-rack\" persistedOpState: IN_SERVICE persistedOpStateExpiry: 0 currentVersion: 2 uuid128 { mostSigBits: 3744547032392155910 leastSigBits: -5571141975152473197 } level: 3 id { uuid { mostSigBits: 3744547032392155910 leastSigBits: -5571141975152473197 } } } datanode { uuid: \"d7d8cf72-b9f6-4979-9c53-007dd6e6e48a\" ipAddress: \"127.0.0.1\" hostName: \"localhost\" ports { name: \"HTTP\" value: 15098 } ports { name: \"CLIENT_RPC\" value: 15099 } ports { name: \"REPLICATION\" value: 15105 } ports { name: \"RATIS\" value: 15101 } ports { name: \"RATIS_ADMIN\" value: 15102 } ports { name: \"RATIS_SERVER\" value: 15103 } ports { name: \"RATIS_DATASTREAM\" value: 15104 } ports { name: \"STANDALONE\" value: 15100 } networkName: \"d7d8cf72-b9f6-4979-9c53-007dd6e6e48a\" networkLocation: \"/default-rack\" persistedOpState: IN_SERVICE persistedOpStateExpiry: 0 currentVersion: 2 uuid128 { mostSigBits: -2893334668932396679 leastSigBits: -7182396440249441142 } level: 3 id { uuid { mostSigBits: -2893334668932396679 leastSigBits: -7182396440249441142 } } } datanode { uuid: \"4f2bb3f5-0e03-4f1b-bb4c-79c91b98c7da\" ipAddress: \"127.0.0.1\" hostName: \"localhost\" ports { name: \"HTTP\" value: 15090 } ports { name: \"CLIENT_RPC\" value: 15091 } ports { name: \"REPLICATION\" value: 15097 } ports { name: \"RATIS\" value: 15093 } ports { name: \"RATIS_ADMIN\" value: 15094 } ports { name: \"RATIS_SERVER\" value: 15095 } ports { name: \"RATIS_DATASTREAM\" value: 15096 } ports { name: \"STANDALONE\" value: 15092 } networkName: \"4f2bb3f5-0e03-4f1b-bb4c-79c91b98c7da\" networkLocation: \"/default-rack\" persistedOpState: IN_SERVICE persistedOpStateExpiry: 0 currentVersion: 2 uuid128 { mostSigBits: 5704851218078322459 leastSigBits: -4950447985728632870 } level: 3 id { uuid { mostSigBits: 5704851218078322459 leastSigBits: -4950447985728632870 } } } cmdId: 1760989793841 priority: 0 priority: 0 priority: 1 } term: 2 encodedToken: \"\" deadlineMsSinceEpoch: 0, commandType: createPipelineCommand createPipelineCommandProto { pipelineID { id: \"b4f9a051-00c4-4798-8265-b3b02eab42da\" uuid128 { mostSigBits: -5406113607915911272 leastSigBits: -9050630306852551974 } } type: RATIS factor: THREE datanode { uuid: \"33f74daf-be7a-4306-b2af-53e409c4cb93\" ipAddress: \"127.0.0.1\" hostName: \"localhost\" ports { name: \"HTTP\" value: 15082 } ports { name: \"CLIENT_RPC\" value: 15083 } ports { name: \"REPLICATION\" value: 15089 } ports { name: \"RATIS\" value: 15085 } ports { name: \"RATIS_ADMIN\" value: 15086 } ports { name: \"RATIS_SERVER\" value: 15087 } ports { name: \"RATIS_DATASTREAM\" value: 15088 } ports { name: \"STANDALONE\" value: 15084 } networkName: \"33f74daf-be7a-4306-b2af-53e409c4cb93\" networkLocation: \"/default-rack\" persistedOpState: IN_SERVICE persistedOpStateExpiry: 0 currentVersion: 2 uuid128 { mostSigBits: 3744547032392155910 leastSigBits: -5571141975152473197 } level: 3 id { uuid { mostSigBits: 3744547032392155910 leastSigBits: -5571141975152473197 } } } datanode { uuid: \"4f2bb3f5-0e03-4f1b-bb4c-79c91b98c7da\" ipAddress: \"127.0.0.1\" hostName: \"localhost\" ports { name: \"HTTP\" value: 15090 } ports { name: \"CLIENT_RPC\" value: 15091 } ports { name: \"REPLICATION\" value: 15097 } ports { name: \"RATIS\" value: 15093 } ports { name: \"RATIS_ADMIN\" value: 15094 } ports { name: \"RATIS_SERVER\" value: 15095 } ports { name: \"RATIS_DATASTREAM\" value: 15096 } ports { name: \"STANDALONE\" value: 15092 } networkName: \"4f2bb3f5-0e03-4f1b-bb4c-79c91b98c7da\" networkLocation: \"/default-rack\" persistedOpState: IN_SERVICE persistedOpStateExpiry: 0 currentVersion: 2 uuid128 { mostSigBits: 5704851218078322459 leastSigBits: -4950447985728632870 } level: 3 id { uuid { mostSigBits: 5704851218078322459 leastSigBits: -4950447985728632870 } } } datanode { uuid: \"d7d8cf72-b9f6-4979-9c53-007dd6e6e48a\" ipAddress: \"127.0.0.1\" hostName: \"localhost\" ports { name: \"HTTP\" value: 15098 } ports { name: \"CLIENT_RPC\" value: 15099 } ports { name: \"REPLICATION\" value: 15105 } ports { name: \"RATIS\" value: 15101 } ports { name: \"RATIS_ADMIN\" value: 15102 } ports { name: \"RATIS_SERVER\" value: 15103 } ports { name: \"RATIS_DATASTREAM\" value: 15104 } ports { name: \"STANDALONE\" value: 15100 } networkName: \"d7d8cf72-b9f6-4979-9c53-007dd6e6e48a\" networkLocation: \"/default-rack\" persistedOpState: IN_SERVICE persistedOpStateExpiry: 0 currentVersion: 2 uuid128 { mostSigBits: -2893334668932396679 leastSigBits: -7182396440249441142 } level: 3 id { uuid { mostSigBits: -2893334668932396679 leastSigBits: -7182396440249441142 } } } cmdId: 1760989793842 priority: 0 priority: 0 priority: 1 } term: 2 encodedToken: \"\" deadlineMsSinceEpoch: 0]"} | ret=SUCCESS |  
2025-10-20 19:49:56,885 | INFO  | SCMAudit | user=runner | ip=127.0.0.1 | op=SEND_HEARTBEAT {"datanodeUUID":"cc7fbe85-1d98-437b-84f9-04213fee10f0","term":"2","command":"[]"} | ret=SUCCESS |  
2025-10-20 19:49:56,979 [361055de-215b-4c6c-94c2-be1c1da118d1@group-DADC204FE0DE-FollowerState] INFO  impl.FollowerState (FollowerState.java:runImpl(161)) - 361055de-215b-4c6c-94c2-be1c1da118d1@group-DADC204FE0DE-FollowerState: change to CANDIDATE, lastRpcElapsedTime:1048569285ns, electionTimeout:1048ms
2025-10-20 19:49:56,980 [361055de-215b-4c6c-94c2-be1c1da118d1@group-DADC204FE0DE-FollowerState] INFO  impl.RoleInfo (RoleInfo.java:shutdownFollowerState(121)) - 361055de-215b-4c6c-94c2-be1c1da118d1: shutdown 361055de-215b-4c6c-94c2-be1c1da118d1@group-DADC204FE0DE-FollowerState
2025-10-20 19:49:56,980 [361055de-215b-4c6c-94c2-be1c1da118d1@group-DADC204FE0DE-FollowerState] INFO  server.RaftServer$Division (RaftServerImpl.java:setRole(392)) - 361055de-215b-4c6c-94c2-be1c1da118d1@group-DADC204FE0DE: changes role from  FOLLOWER to CANDIDATE at term 0 for changeToCandidate
2025-10-20 19:49:56,980 [361055de-215b-4c6c-94c2-be1c1da118d1@group-DADC204FE0DE-FollowerState] INFO  impl.RoleInfo (RoleInfo.java:updateAndGet(148)) - 361055de-215b-4c6c-94c2-be1c1da118d1: start 361055de-215b-4c6c-94c2-be1c1da118d1@group-DADC204FE0DE-LeaderElection4
2025-10-20 19:49:56,980 [361055de-215b-4c6c-94c2-be1c1da118d1@group-DADC204FE0DE-LeaderElection4] INFO  impl.LeaderElection (LeaderElection.java:askForVotes(448)) - 361055de-215b-4c6c-94c2-be1c1da118d1@group-DADC204FE0DE-LeaderElection4 PRE_VOTE round 0: submit vote requests at term 0 for conf: {index: -1, cur=peers:[361055de-215b-4c6c-94c2-be1c1da118d1|127.0.0.1:15031]|listeners:[], old=null}
2025-10-20 19:49:56,981 [361055de-215b-4c6c-94c2-be1c1da118d1@group-DADC204FE0DE-LeaderElection4] INFO  impl.LeaderElection (LeaderElection.java:askForVotes(450)) - 361055de-215b-4c6c-94c2-be1c1da118d1@group-DADC204FE0DE-LeaderElection4 PRE_VOTE round 0: result PASSED (term=0)
2025-10-20 19:49:56,982 [361055de-215b-4c6c-94c2-be1c1da118d1@group-DADC204FE0DE-LeaderElection4] INFO  impl.LeaderElection (LeaderElection.java:askForVotes(448)) - 361055de-215b-4c6c-94c2-be1c1da118d1@group-DADC204FE0DE-LeaderElection4 ELECTION round 0: submit vote requests at term 1 for conf: {index: -1, cur=peers:[361055de-215b-4c6c-94c2-be1c1da118d1|127.0.0.1:15031]|listeners:[], old=null}
2025-10-20 19:49:56,982 [361055de-215b-4c6c-94c2-be1c1da118d1@group-DADC204FE0DE-LeaderElection4] INFO  impl.LeaderElection (LeaderElection.java:askForVotes(450)) - 361055de-215b-4c6c-94c2-be1c1da118d1@group-DADC204FE0DE-LeaderElection4 ELECTION round 0: result PASSED (term=1)
2025-10-20 19:49:56,982 [361055de-215b-4c6c-94c2-be1c1da118d1@group-DADC204FE0DE-LeaderElection4] INFO  impl.RoleInfo (RoleInfo.java:shutdownLeaderElection(141)) - 361055de-215b-4c6c-94c2-be1c1da118d1: shutdown 361055de-215b-4c6c-94c2-be1c1da118d1@group-DADC204FE0DE-LeaderElection4
2025-10-20 19:49:56,982 [361055de-215b-4c6c-94c2-be1c1da118d1@group-DADC204FE0DE-LeaderElection4] INFO  server.RaftServer$Division (RaftServerImpl.java:setRole(392)) - 361055de-215b-4c6c-94c2-be1c1da118d1@group-DADC204FE0DE: changes role from CANDIDATE to LEADER at term 1 for changeToLeader
2025-10-20 19:49:56,982 [361055de-215b-4c6c-94c2-be1c1da118d1@group-DADC204FE0DE-LeaderElection4] INFO  server.RaftServerConfigKeys (ConfUtils.java:logFallback(69)) - raft.server.staging.timeout = 15600ms (fallback to raft.server.rpc.timeout.max)
2025-10-20 19:49:56,982 [361055de-215b-4c6c-94c2-be1c1da118d1@group-DADC204FE0DE-LeaderElection4] INFO  server.RaftServerConfigKeys (ConfUtils.java:logGet(62)) - raft.server.write.element-limit = 1024 (custom)
2025-10-20 19:49:56,983 [361055de-215b-4c6c-94c2-be1c1da118d1@group-DADC204FE0DE-LeaderElection4] INFO  server.RaftServerConfigKeys (ConfUtils.java:logGet(62)) - raft.server.write.byte-limit = 1024 M (=1073741824) (custom)
2025-10-20 19:49:56,983 [361055de-215b-4c6c-94c2-be1c1da118d1@group-DADC204FE0DE-LeaderElection4] INFO  server.RaftServerConfigKeys (ConfUtils.java:logGet(62)) - raft.server.watch.timeout = 30s (custom)
2025-10-20 19:49:56,984 [361055de-215b-4c6c-94c2-be1c1da118d1@group-DADC204FE0DE-LeaderElection4] INFO  server.RaftServerConfigKeys (ConfUtils.java:logGet(62)) - raft.server.log.log-metadata.enabled = true (default)
2025-10-20 19:49:56,984 [361055de-215b-4c6c-94c2-be1c1da118d1@group-DADC204FE0DE-LeaderElection4] INFO  impl.RoleInfo (RoleInfo.java:updateAndGet(148)) - 361055de-215b-4c6c-94c2-be1c1da118d1: start 361055de-215b-4c6c-94c2-be1c1da118d1@group-DADC204FE0DE-LeaderStateImpl
2025-10-20 19:49:56,984 [361055de-215b-4c6c-94c2-be1c1da118d1@group-DADC204FE0DE-LeaderElection4] INFO  server.RaftServer$Division (RaftServerImpl.java:setFirstElection(576)) - 361055de-215b-4c6c-94c2-be1c1da118d1@group-DADC204FE0DE: set firstElectionSinceStartup to false for becomeLeader
2025-10-20 19:49:56,985 [361055de-215b-4c6c-94c2-be1c1da118d1@group-DADC204FE0DE-LeaderElection4] INFO  ratis.XceiverServerRatis (XceiverServerRatis.java:handleLeaderChangedNotification(940)) - Leader change notification received for group: group-DADC204FE0DE with new leaderId: 361055de-215b-4c6c-94c2-be1c1da118d1
2025-10-20 19:49:56,985 [361055de-215b-4c6c-94c2-be1c1da118d1@group-DADC204FE0DE-LeaderElection4] INFO  server.RaftServer$Division (ServerState.java:setLeader(272)) - 361055de-215b-4c6c-94c2-be1c1da118d1@group-DADC204FE0DE: change Leader from null to 361055de-215b-4c6c-94c2-be1c1da118d1 at term 1 for becomeLeader, leader elected after 1132ms
2025-10-20 19:49:56,986 [361055de-215b-4c6c-94c2-be1c1da118d1@group-DADC204FE0DE-LeaderElection4] INFO  segmented.SegmentedRaftLogWorker (SegmentedRaftLogWorker.java:startLogSegment(440)) - 361055de-215b-4c6c-94c2-be1c1da118d1@group-DADC204FE0DE-SegmentedRaftLogWorker: Starting segment from index:0
2025-10-20 19:49:56,986 [361055de-215b-4c6c-94c2-be1c1da118d1@group-DADC204FE0DE-SegmentedRaftLogWorker] INFO  segmented.BufferedWriteChannel (BufferedWriteChannel.java:open(61)) - open log_inprogress_0 at position 0
2025-10-20 19:49:56,987 [361055de-215b-4c6c-94c2-be1c1da118d1@group-DADC204FE0DE-LeaderElection4] INFO  server.RaftServer$Division (ServerState.java:setRaftConf(386)) - 361055de-215b-4c6c-94c2-be1c1da118d1@group-DADC204FE0DE: set configuration conf: {index: 0, cur=peers:[361055de-215b-4c6c-94c2-be1c1da118d1|127.0.0.1:15031]|listeners:[], old=null}
2025-10-20 19:49:56,987 | INFO  | SCMAudit | user=runner | ip=127.0.0.1 | op=SEND_HEARTBEAT {"datanodeUUID":"361055de-215b-4c6c-94c2-be1c1da118d1","term":"2","command":"[]"} | ret=SUCCESS |  
2025-10-20 19:49:56,988 [EventQueue-PipelineReportForOneReplicaPipelineSafeModeRule] INFO  safemode.SCMSafeModeManager (SCMSafeModeManager.java:validateSafeModeExitRules(138)) - OneReplicaPipelineSafeModeRule rule is successfully validated
2025-10-20 19:49:56,992 [361055de-215b-4c6c-94c2-be1c1da118d1@group-DADC204FE0DE-SegmentedRaftLogWorker] INFO  segmented.SegmentedRaftLogWorker (SegmentedRaftLogWorker.java:execute(647)) - 361055de-215b-4c6c-94c2-be1c1da118d1@group-DADC204FE0DE-SegmentedRaftLogWorker: created new log segment /home/runner/work/ozone/ozone/hadoop-ozone/integration-test/target/test-dir/MiniOzoneClusterImpl-6935df51-69ff-4c35-8bd4-ed2b81d70e54/ozone-metadata/datanode-3/ratis/6f0420ee-085e-4e22-8eb9-dadc204fe0de/current/log_inprogress_0
2025-10-20 19:49:56,994 [361055de-215b-4c6c-94c2-be1c1da118d1@group-DADC204FE0DE-StateMachineUpdater] INFO  server.RaftServer$Division (LeaderStateImpl.java:checkStartIndex(309)) - Leader 361055de-215b-4c6c-94c2-be1c1da118d1@group-DADC204FE0DE-LeaderStateImpl is ready since appliedIndex == startIndex == 0
2025-10-20 19:49:57,018 | INFO  | SCMAudit | user=runner | ip=127.0.0.1 | op=SEND_HEARTBEAT {"datanodeUUID":"d7d8cf72-b9f6-4979-9c53-007dd6e6e48a","term":"2","command":"[commandType: createPipelineCommand createPipelineCommandProto { pipelineID { id: \"a4625d07-d6f5-4fad-b316-d01bceb53db7\" uuid128 { mostSigBits: -6601611815519170643 leastSigBits: -5542013473582137929 } } type: RATIS factor: ONE datanode { uuid: \"d7d8cf72-b9f6-4979-9c53-007dd6e6e48a\" ipAddress: \"127.0.0.1\" hostName: \"localhost\" ports { name: \"HTTP\" value: 15098 } ports { name: \"CLIENT_RPC\" value: 15099 } ports { name: \"REPLICATION\" value: 15105 } ports { name: \"RATIS\" value: 15101 } ports { name: \"RATIS_ADMIN\" value: 15102 } ports { name: \"RATIS_SERVER\" value: 15103 } ports { name: \"RATIS_DATASTREAM\" value: 15104 } ports { name: \"STANDALONE\" value: 15100 } networkName: \"d7d8cf72-b9f6-4979-9c53-007dd6e6e48a\" networkLocation: \"/default-rack\" persistedOpState: IN_SERVICE persistedOpStateExpiry: 0 currentVersion: 2 uuid128 { mostSigBits: -2893334668932396679 leastSigBits: -7182396440249441142 } level: 3 id { uuid { mostSigBits: -2893334668932396679 leastSigBits: -7182396440249441142 } } } cmdId: 1760989793840 priority: 1 } term: 2 encodedToken: \"\" deadlineMsSinceEpoch: 0, commandType: createPipelineCommand createPipelineCommandProto { pipelineID { id: \"5efdd59f-8e2e-4baf-8c0a-c03b5cc8546f\" uuid128 { mostSigBits: 6844861889934937007 leastSigBits: -8355654797440297873 } } type: RATIS factor: THREE datanode { uuid: \"33f74daf-be7a-4306-b2af-53e409c4cb93\" ipAddress: \"127.0.0.1\" hostName: \"localhost\" ports { name: \"HTTP\" value: 15082 } ports { name: \"CLIENT_RPC\" value: 15083 } ports { name: \"REPLICATION\" value: 15089 } ports { name: \"RATIS\" value: 15085 } ports { name: \"RATIS_ADMIN\" value: 15086 } ports { name: \"RATIS_SERVER\" value: 15087 } ports { name: \"RATIS_DATASTREAM\" value: 15088 } ports { name: \"STANDALONE\" value: 15084 } networkName: \"33f74daf-be7a-4306-b2af-53e409c4cb93\" networkLocation: \"/default-rack\" persistedOpState: IN_SERVICE persistedOpStateExpiry: 0 currentVersion: 2 uuid128 { mostSigBits: 3744547032392155910 leastSigBits: -5571141975152473197 } level: 3 id { uuid { mostSigBits: 3744547032392155910 leastSigBits: -5571141975152473197 } } } datanode { uuid: \"d7d8cf72-b9f6-4979-9c53-007dd6e6e48a\" ipAddress: \"127.0.0.1\" hostName: \"localhost\" ports { name: \"HTTP\" value: 15098 } ports { name: \"CLIENT_RPC\" value: 15099 } ports { name: \"REPLICATION\" value: 15105 } ports { name: \"RATIS\" value: 15101 } ports { name: \"RATIS_ADMIN\" value: 15102 } ports { name: \"RATIS_SERVER\" value: 15103 } ports { name: \"RATIS_DATASTREAM\" value: 15104 } ports { name: \"STANDALONE\" value: 15100 } networkName: \"d7d8cf72-b9f6-4979-9c53-007dd6e6e48a\" networkLocation: \"/default-rack\" persistedOpState: IN_SERVICE persistedOpStateExpiry: 0 currentVersion: 2 uuid128 { mostSigBits: -2893334668932396679 leastSigBits: -7182396440249441142 } level: 3 id { uuid { mostSigBits: -2893334668932396679 leastSigBits: -7182396440249441142 } } } datanode { uuid: \"4f2bb3f5-0e03-4f1b-bb4c-79c91b98c7da\" ipAddress: \"127.0.0.1\" hostName: \"localhost\" ports { name: \"HTTP\" value: 15090 } ports { name: \"CLIENT_RPC\" value: 15091 } ports { name: \"REPLICATION\" value: 15097 } ports { name: \"RATIS\" value: 15093 } ports { name: \"RATIS_ADMIN\" value: 15094 } ports { name: \"RATIS_SERVER\" value: 15095 } ports { name: \"RATIS_DATASTREAM\" value: 15096 } ports { name: \"STANDALONE\" value: 15092 } networkName: \"4f2bb3f5-0e03-4f1b-bb4c-79c91b98c7da\" networkLocation: \"/default-rack\" persistedOpState: IN_SERVICE persistedOpStateExpiry: 0 currentVersion: 2 uuid128 { mostSigBits: 5704851218078322459 leastSigBits: -4950447985728632870 } level: 3 id { uuid { mostSigBits: 5704851218078322459 leastSigBits: -4950447985728632870 } } } cmdId: 1760989793841 priority: 0 priority: 0 priority: 1 } term: 2 encodedToken: \"\" deadlineMsSinceEpoch: 0, commandType: createPipelineCommand createPipelineCommandProto { pipelineID { id: \"b4f9a051-00c4-4798-8265-b3b02eab42da\" uuid128 { mostSigBits: -5406113607915911272 leastSigBits: -9050630306852551974 } } type: RATIS factor: THREE datanode { uuid: \"33f74daf-be7a-4306-b2af-53e409c4cb93\" ipAddress: \"127.0.0.1\" hostName: \"localhost\" ports { name: \"HTTP\" value: 15082 } ports { name: \"CLIENT_RPC\" value: 15083 } ports { name: \"REPLICATION\" value: 15089 } ports { name: \"RATIS\" value: 15085 } ports { name: \"RATIS_ADMIN\" value: 15086 } ports { name: \"RATIS_SERVER\" value: 15087 } ports { name: \"RATIS_DATASTREAM\" value: 15088 } ports { name: \"STANDALONE\" value: 15084 } networkName: \"33f74daf-be7a-4306-b2af-53e409c4cb93\" networkLocation: \"/default-rack\" persistedOpState: IN_SERVICE persistedOpStateExpiry: 0 currentVersion: 2 uuid128 { mostSigBits: 3744547032392155910 leastSigBits: -5571141975152473197 } level: 3 id { uuid { mostSigBits: 3744547032392155910 leastSigBits: -5571141975152473197 } } } datanode { uuid: \"4f2bb3f5-0e03-4f1b-bb4c-79c91b98c7da\" ipAddress: \"127.0.0.1\" hostName: \"localhost\" ports { name: \"HTTP\" value: 15090 } ports { name: \"CLIENT_RPC\" value: 15091 } ports { name: \"REPLICATION\" value: 15097 } ports { name: \"RATIS\" value: 15093 } ports { name: \"RATIS_ADMIN\" value: 15094 } ports { name: \"RATIS_SERVER\" value: 15095 } ports { name: \"RATIS_DATASTREAM\" value: 15096 } ports { name: \"STANDALONE\" value: 15092 } networkName: \"4f2bb3f5-0e03-4f1b-bb4c-79c91b98c7da\" networkLocation: \"/default-rack\" persistedOpState: IN_SERVICE persistedOpStateExpiry: 0 currentVersion: 2 uuid128 { mostSigBits: 5704851218078322459 leastSigBits: -4950447985728632870 } level: 3 id { uuid { mostSigBits: 5704851218078322459 leastSigBits: -4950447985728632870 } } } datanode { uuid: \"d7d8cf72-b9f6-4979-9c53-007dd6e6e48a\" ipAddress: \"127.0.0.1\" hostName: \"localhost\" ports { name: \"HTTP\" value: 15098 } ports { name: \"CLIENT_RPC\" value: 15099 } ports { name: \"REPLICATION\" value: 15105 } ports { name: \"RATIS\" value: 15101 } ports { name: \"RATIS_ADMIN\" value: 15102 } ports { name: \"RATIS_SERVER\" value: 15103 } ports { name: \"RATIS_DATASTREAM\" value: 15104 } ports { name: \"STANDALONE\" value: 15100 } networkName: \"d7d8cf72-b9f6-4979-9c53-007dd6e6e48a\" networkLocation: \"/default-rack\" persistedOpState: IN_SERVICE persistedOpStateExpiry: 0 currentVersion: 2 uuid128 { mostSigBits: -2893334668932396679 leastSigBits: -7182396440249441142 } level: 3 id { uuid { mostSigBits: -2893334668932396679 leastSigBits: -7182396440249441142 } } } cmdId: 1760989793842 priority: 0 priority: 0 priority: 1 } term: 2 encodedToken: \"\" deadlineMsSinceEpoch: 0]"} | ret=SUCCESS |  
2025-10-20 19:49:57,023 [ForkJoinPool-1-worker-1] INFO  ozone.MiniOzoneClusterImpl (MiniOzoneClusterImpl.java:lambda$waitForClusterToBeReady$0(181)) - Waiting for nodes to be ready. Got 13 of 14 DN Heartbeats.
2025-10-20 19:49:57,024 [ForkJoinPool-1-worker-1] INFO  ozone.MiniOzoneClusterImpl (MiniOzoneClusterImpl.java:lambda$waitForClusterToBeReady$0(184)) - Waiting for cluster to exit safe mode
2025-10-20 19:49:57,024 [ForkJoinPool-1-worker-1] INFO  ozone.MiniOzoneClusterImpl (MiniOzoneClusterImpl.java:lambda$waitForClusterToBeReady$0(186)) - SCM became leader
2025-10-20 19:49:57,027 [IPC Server handler 10 on default port 15002] INFO  net.NetworkTopologyImpl (NetworkTopologyImpl.java:add(133)) - Added a new node: /default-rack/38991c48-ffb3-4453-b758-77d6b4ebc62b
2025-10-20 19:49:57,027 [IPC Server handler 10 on default port 15002] INFO  node.SCMNodeManager (SCMNodeManager.java:register(423)) - Registered datanode: 38991c48-ffb3-4453-b758-77d6b4ebc62b{ip: 127.0.0.1, host: localhost, ports: [HTTP=15114, CLIENT_RPC=15115, REPLICATION=15121, RATIS=15117, RATIS_ADMIN=15118, RATIS_SERVER=15119, RATIS_DATASTREAM=15120, STANDALONE=15116], networkLocation: /default-rack, certSerialId: null, persistedOpState: null, persistedOpStateExpiryEpochSec: 0}
2025-10-20 19:49:57,027 [EventQueue-NodeRegistrationContainerReportForDataNodeSafeModeRule] INFO  safemode.SCMSafeModeManager (SCMSafeModeManager.java:validateSafeModeExitRules(138)) - DataNodeSafeModeRule rule is successfully validated
2025-10-20 19:49:57,027 [EventQueue-PipelineReportForOneReplicaPipelineSafeModeRule] INFO  safemode.SCMSafeModeManager (SCMSafeModeManager.java:validateSafeModeExitRules(138)) - OneReplicaPipelineSafeModeRule rule is successfully validated
2025-10-20 19:49:57,028 [EventQueue-NewNodeForNewNodeHandler] INFO  pipeline.BackgroundPipelineCreator (BackgroundPipelineCreator.java:notifyEventTriggered(290)) - trigger a one-shot run on RatisPipelineUtilsThread.
2025-10-20 19:49:57,028 | INFO  | SCMAudit | user=runner | ip=127.0.0.1 | op=REGISTER {"datanodeDetails":"38991c48-ffb3-4453-b758-77d6b4ebc62b(localhost/127.0.0.1)"} | ret=SUCCESS |  
2025-10-20 19:49:57,028 [EventQueue-ContainerRegistrationReportForRatisContainerSafeModeRule] INFO  safemode.SCMSafeModeManager (SCMSafeModeManager.java:validateSafeModeExitRules(138)) - RatisContainerSafeModeRule rule is successfully validated
2025-10-20 19:49:57,029 [EventQueue-ContainerRegistrationReportForECContainerSafeModeRule] INFO  safemode.SCMSafeModeManager (SCMSafeModeManager.java:validateSafeModeExitRules(138)) - ECContainerSafeModeRule rule is successfully validated
2025-10-20 19:49:57,030 [RatisPipelineUtilsThread-0] INFO  pipeline.RatisPipelineProvider (RatisPipelineProvider.java:lambda$create$0(208)) - Sending CreatePipelineCommand for pipeline:Pipeline-21de1bf8-cba7-4ac9-8f59-0eb63cf54958 to datanode:38991c48-ffb3-4453-b758-77d6b4ebc62b(localhost/127.0.0.1)
2025-10-20 19:49:57,032 [206580cc-82ee-4213-b95b-59cb1d300b36@group-ED2B81D70E54-StateMachineUpdater] INFO  safemode.SCMSafeModeManager (SCMSafeModeManager.java:validateSafeModeExitRules(138)) - DataNodeSafeModeRule rule is successfully validated
2025-10-20 19:49:57,032 [206580cc-82ee-4213-b95b-59cb1d300b36@group-ED2B81D70E54-StateMachineUpdater] INFO  safemode.SCMSafeModeManager (SCMSafeModeManager.java:validateSafeModeExitRules(138)) - RatisContainerSafeModeRule rule is successfully validated
2025-10-20 19:49:57,032 [206580cc-82ee-4213-b95b-59cb1d300b36@group-ED2B81D70E54-StateMachineUpdater] INFO  safemode.HealthyPipelineSafeModeRule (HealthyPipelineSafeModeRule.java:initializeRule(226)) - Refreshed total pipeline count is 0, healthy pipeline threshold count is 1
2025-10-20 19:49:57,032 [206580cc-82ee-4213-b95b-59cb1d300b36@group-ED2B81D70E54-StateMachineUpdater] INFO  safemode.SCMSafeModeManager (SCMSafeModeManager.java:validateSafeModeExitRules(138)) - OneReplicaPipelineSafeModeRule rule is successfully validated
2025-10-20 19:49:57,032 [206580cc-82ee-4213-b95b-59cb1d300b36@group-ED2B81D70E54-StateMachineUpdater] INFO  safemode.SCMSafeModeManager (SCMSafeModeManager.java:validateSafeModeExitRules(138)) - ECContainerSafeModeRule rule is successfully validated
2025-10-20 19:49:57,033 [RatisPipelineUtilsThread-0] INFO  pipeline.BackgroundPipelineCreator (BackgroundPipelineCreator.java:createPipelines(246)) - Created new pipeline Pipeline{ Id: 21de1bf8-cba7-4ac9-8f59-0eb63cf54958, Nodes: [ {38991c48-ffb3-4453-b758-77d6b4ebc62b(localhost/127.0.0.1), ReplicaIndex: 0},], ReplicationConfig: RATIS/ONE, State:ALLOCATED, leaderId:, CreationTimestamp2025-10-20T19:49:57.030155182Z[Etc/UTC]}
2025-10-20 19:49:57,063 [c90bff1f-5a1f-42c6-8fca-9533d718c79a-CreatePipelineCommandHandlerThread-0] INFO  server.RaftServer (RaftServerProxy.java:addNew(105)) - c90bff1f-5a1f-42c6-8fca-9533d718c79a: addNew group-D68979EC754A:[c90bff1f-5a1f-42c6-8fca-9533d718c79a|127.0.0.1:15039] returns group-D68979EC754A:java.util.concurrent.CompletableFuture@1a23f38e[Not completed]
2025-10-20 19:49:57,063 | INFO  | SCMAudit | user=runner | ip=127.0.0.1 | op=SEND_HEARTBEAT {"datanodeUUID":"c90bff1f-5a1f-42c6-8fca-9533d718c79a","term":"2","command":"[]"} | ret=SUCCESS |  
2025-10-20 19:49:57,066 [c90bff1f-5a1f-42c6-8fca-9533d718c79a-groupManagement] INFO  server.RaftServer$Division (RaftServerImpl.java:<init>(268)) - c90bff1f-5a1f-42c6-8fca-9533d718c79a: new RaftServerImpl for group-D68979EC754A:[c90bff1f-5a1f-42c6-8fca-9533d718c79a|127.0.0.1:15039] with ContainerStateMachine:uninitialized
2025-10-20 19:49:57,066 [c90bff1f-5a1f-42c6-8fca-9533d718c79a-groupManagement] INFO  server.RaftServer$Division (ServerState.java:<init>(114)) - c90bff1f-5a1f-42c6-8fca-9533d718c79a@group-D68979EC754A: ConfigurationManager, init=conf: {index: -1, cur=peers:[c90bff1f-5a1f-42c6-8fca-9533d718c79a|127.0.0.1:15039]|listeners:[], old=null}, confs=<EMPTY_MAP>
2025-10-20 19:49:57,073 [c90bff1f-5a1f-42c6-8fca-9533d718c79a-groupManagement] INFO  server.RaftServerConfigKeys (ConfUtils.java:logGet(62)) - raft.server.storage.dir = [/home/runner/work/ozone/ozone/hadoop-ozone/integration-test/target/test-dir/MiniOzoneClusterImpl-6935df51-69ff-4c35-8bd4-ed2b81d70e54/ozone-metadata/datanode-4/ratis] (custom)
2025-10-20 19:49:57,074 [c90bff1f-5a1f-42c6-8fca-9533d718c79a-groupManagement] INFO  storage.RaftStorageDirectory (RaftStorageDirectoryImpl.java:analyzeStorage(138)) - The storage directory /home/runner/work/ozone/ozone/hadoop-ozone/integration-test/target/test-dir/MiniOzoneClusterImpl-6935df51-69ff-4c35-8bd4-ed2b81d70e54/ozone-metadata/datanode-4/ratis/fab317e9-d636-43af-a09c-d68979ec754a does not exist. Creating ...
2025-10-20 19:49:57,074 [361055de-215b-4c6c-94c2-be1c1da118d1@group-939DE61E1E74-FollowerState] INFO  impl.FollowerState (FollowerState.java:runImpl(161)) - 361055de-215b-4c6c-94c2-be1c1da118d1@group-939DE61E1E74-FollowerState: change to CANDIDATE, lastRpcElapsedTime:1100274415ns, electionTimeout:1099ms
2025-10-20 19:49:57,075 [361055de-215b-4c6c-94c2-be1c1da118d1@group-939DE61E1E74-FollowerState] INFO  impl.RoleInfo (RoleInfo.java:shutdownFollowerState(121)) - 361055de-215b-4c6c-94c2-be1c1da118d1: shutdown 361055de-215b-4c6c-94c2-be1c1da118d1@group-939DE61E1E74-FollowerState
2025-10-20 19:49:57,075 [361055de-215b-4c6c-94c2-be1c1da118d1@group-939DE61E1E74-FollowerState] INFO  server.RaftServer$Division (RaftServerImpl.java:setRole(392)) - 361055de-215b-4c6c-94c2-be1c1da118d1@group-939DE61E1E74: changes role from  FOLLOWER to CANDIDATE at term 0 for changeToCandidate
2025-10-20 19:49:57,075 [361055de-215b-4c6c-94c2-be1c1da118d1@group-939DE61E1E74-FollowerState] INFO  impl.RoleInfo (RoleInfo.java:updateAndGet(148)) - 361055de-215b-4c6c-94c2-be1c1da118d1: start 361055de-215b-4c6c-94c2-be1c1da118d1@group-939DE61E1E74-LeaderElection5
2025-10-20 19:49:57,075 [361055de-215b-4c6c-94c2-be1c1da118d1@group-939DE61E1E74-LeaderElection5] INFO  impl.LeaderElection (LeaderElection.java:askForVotes(448)) - 361055de-215b-4c6c-94c2-be1c1da118d1@group-939DE61E1E74-LeaderElection5 PRE_VOTE round 0: submit vote requests at term 0 for conf: {index: -1, cur=peers:[ef67b0a7-5b27-496d-9f38-ab804a28e500|127.0.0.1:15023, e05592a5-d00f-4fc1-9e39-a968c1ecb04e|127.0.0.1:15015, 361055de-215b-4c6c-94c2-be1c1da118d1|127.0.0.1:15031]|listeners:[], old=null}
2025-10-20 19:49:57,076 [c90bff1f-5a1f-42c6-8fca-9533d718c79a-groupManagement] INFO  storage.RaftStorageDirectory (RaftStorageDirectoryImpl.java:tryLock(229)) - Lock on /home/runner/work/ozone/ozone/hadoop-ozone/integration-test/target/test-dir/MiniOzoneClusterImpl-6935df51-69ff-4c35-8bd4-ed2b81d70e54/ozone-metadata/datanode-4/ratis/fab317e9-d636-43af-a09c-d68979ec754a/in_use.lock acquired by nodename 12924@localhost
2025-10-20 19:49:57,077 [c90bff1f-5a1f-42c6-8fca-9533d718c79a-groupManagement] INFO  storage.RaftStorage (RaftStorageImpl.java:format(98)) - Storage directory /home/runner/work/ozone/ozone/hadoop-ozone/integration-test/target/test-dir/MiniOzoneClusterImpl-6935df51-69ff-4c35-8bd4-ed2b81d70e54/ozone-metadata/datanode-4/ratis/fab317e9-d636-43af-a09c-d68979ec754a has been successfully formatted.
2025-10-20 19:49:57,078 [c90bff1f-5a1f-42c6-8fca-9533d718c79a-groupManagement] INFO  ratis.ContainerStateMachine (ContainerStateMachine.java:initialize(339)) - c90bff1f-5a1f-42c6-8fca-9533d718c79a: initialize group-D68979EC754A
2025-10-20 19:49:57,078 [c90bff1f-5a1f-42c6-8fca-9533d718c79a-groupManagement] INFO  ratis.ContainerStateMachine (ContainerStateMachine.java:loadSnapshot(347)) - group-D68979EC754A: The snapshot info is null. Setting the last applied index to:<INITIAL_VALUE>
2025-10-20 19:49:57,078 [c90bff1f-5a1f-42c6-8fca-9533d718c79a-groupManagement] INFO  server.RaftServerConfigKeys (ConfUtils.java:logGet(62)) - raft.server.log.appender.buffer.byte-limit = 33554432 (custom)
2025-10-20 19:49:57,080 [361055de-215b-4c6c-94c2-be1c1da118d1@group-939DE61E1E74-LeaderElection5-1] INFO  server.GrpcServerProtocolClient (GrpcServerProtocolClient.java:<init>(65)) - Build channel for ef67b0a7-5b27-496d-9f38-ab804a28e500|127.0.0.1:15023
2025-10-20 19:49:57,081 [361055de-215b-4c6c-94c2-be1c1da118d1@group-939DE61E1E74-LeaderElection5-2] INFO  server.GrpcServerProtocolClient (GrpcServerProtocolClient.java:<init>(65)) - Build channel for e05592a5-d00f-4fc1-9e39-a968c1ecb04e|127.0.0.1:15015
2025-10-20 19:49:57,082 [c90bff1f-5a1f-42c6-8fca-9533d718c79a-groupManagement] INFO  server.RaftServerConfigKeys (ConfUtils.java:logGet(62)) - raft.server.log.segment.size.max = 67108864 (custom)
2025-10-20 19:49:57,083 [c90bff1f-5a1f-42c6-8fca-9533d718c79a-groupManagement] INFO  server.RaftServerConfigKeys (ConfUtils.java:logGet(62)) - raft.server.log.appender.buffer.byte-limit = 33554432 (custom)
2025-10-20 19:49:57,085 [c90bff1f-5a1f-42c6-8fca-9533d718c79a-groupManagement] INFO  util.AwaitToRun (AwaitToRun.java:start(81)) - Thread[#1522,c90bff1f-5a1f-42c6-8fca-9533d718c79a@group-D68979EC754A-cacheEviction-AwaitToRun,5,main] started
2025-10-20 19:49:57,085 [c90bff1f-5a1f-42c6-8fca-9533d718c79a-groupManagement] INFO  segmented.SegmentedRaftLogWorker (SegmentedRaftLogWorker.java:<init>(190)) - new c90bff1f-5a1f-42c6-8fca-9533d718c79a@group-D68979EC754A-SegmentedRaftLogWorker for RaftStorageImpl:Storage Directory /home/runner/work/ozone/ozone/hadoop-ozone/integration-test/target/test-dir/MiniOzoneClusterImpl-6935df51-69ff-4c35-8bd4-ed2b81d70e54/ozone-metadata/datanode-4/ratis/fab317e9-d636-43af-a09c-d68979ec754a
2025-10-20 19:49:57,085 [c90bff1f-5a1f-42c6-8fca-9533d718c79a-groupManagement] INFO  server.RaftServerConfigKeys (ConfUtils.java:logGet(62)) - raft.server.log.queue.byte-limit = 4294967296 (custom)
2025-10-20 19:49:57,085 [c90bff1f-5a1f-42c6-8fca-9533d718c79a-groupManagement] INFO  server.RaftServerConfigKeys (ConfUtils.java:logGet(62)) - raft.server.log.segment.size.max = 67108864 (custom)
2025-10-20 19:49:57,085 [c90bff1f-5a1f-42c6-8fca-9533d718c79a-groupManagement] INFO  server.RaftServerConfigKeys (ConfUtils.java:logGet(62)) - raft.server.log.preallocated.size = 4194304 (custom)
2025-10-20 19:49:57,086 [c90bff1f-5a1f-42c6-8fca-9533d718c79a-groupManagement] INFO  server.RaftServerConfigKeys (ConfUtils.java:logGet(62)) - raft.server.log.write.buffer.size = 33554440 (custom)
2025-10-20 19:49:57,086 | INFO  | SCMAudit | user=runner | ip=127.0.0.1 | op=SEND_HEARTBEAT {"datanodeUUID":"c90bff1f-5a1f-42c6-8fca-9533d718c79a","term":"2","command":"[]"} | ret=SUCCESS |  
2025-10-20 19:49:57,086 [EventQueue-PipelineReportForOneReplicaPipelineSafeModeRule] INFO  safemode.SCMSafeModeManager (SCMSafeModeManager.java:validateSafeModeExitRules(138)) - OneReplicaPipelineSafeModeRule rule is successfully validated
2025-10-20 19:49:57,090 [206580cc-82ee-4213-b95b-59cb1d300b36@group-ED2B81D70E54-StateMachineUpdater] INFO  safemode.SCMSafeModeManager (SCMSafeModeManager.java:validateSafeModeExitRules(138)) - DataNodeSafeModeRule rule is successfully validated
2025-10-20 19:49:57,090 [206580cc-82ee-4213-b95b-59cb1d300b36@group-ED2B81D70E54-StateMachineUpdater] INFO  safemode.SCMSafeModeManager (SCMSafeModeManager.java:validateSafeModeExitRules(138)) - RatisContainerSafeModeRule rule is successfully validated
2025-10-20 19:49:57,090 [206580cc-82ee-4213-b95b-59cb1d300b36@group-ED2B81D70E54-StateMachineUpdater] INFO  safemode.HealthyPipelineSafeModeRule (HealthyPipelineSafeModeRule.java:initializeRule(226)) - Refreshed total pipeline count is 0, healthy pipeline threshold count is 1
2025-10-20 19:49:57,091 [206580cc-82ee-4213-b95b-59cb1d300b36@group-ED2B81D70E54-StateMachineUpdater] INFO  safemode.SCMSafeModeManager (SCMSafeModeManager.java:validateSafeModeExitRules(138)) - OneReplicaPipelineSafeModeRule rule is successfully validated
2025-10-20 19:49:57,091 [206580cc-82ee-4213-b95b-59cb1d300b36@group-ED2B81D70E54-StateMachineUpdater] INFO  safemode.SCMSafeModeManager (SCMSafeModeManager.java:validateSafeModeExitRules(138)) - ECContainerSafeModeRule rule is successfully validated
2025-10-20 19:49:57,091 [EventQueue-PipelineReportForPipelineReportHandler] INFO  pipeline.PipelineReportHandler (PipelineReportHandler.java:processPipelineReport(132)) - Opened pipeline Pipeline-fab317e9-d636-43af-a09c-d68979ec754a
2025-10-20 19:49:57,093 [grpc-default-executor-0] INFO  server.RaftServer$Division (RaftServerImpl.java:requestVote(1421)) - ef67b0a7-5b27-496d-9f38-ab804a28e500@group-939DE61E1E74: receive requestVote(PRE_VOTE, 361055de-215b-4c6c-94c2-be1c1da118d1, group-939DE61E1E74, 0, <PROTO_DEFAULT>)
2025-10-20 19:49:57,094 [grpc-default-executor-1] INFO  server.RaftServer$Division (RaftServerImpl.java:requestVote(1421)) - e05592a5-d00f-4fc1-9e39-a968c1ecb04e@group-939DE61E1E74: receive requestVote(PRE_VOTE, 361055de-215b-4c6c-94c2-be1c1da118d1, group-939DE61E1E74, 0, <PROTO_DEFAULT>)
2025-10-20 19:49:57,096 [grpc-default-executor-0] INFO  impl.VoteContext (VoteContext.java:log(49)) - ef67b0a7-5b27-496d-9f38-ab804a28e500@group-939DE61E1E74-FOLLOWER: accept PRE_VOTE from 361055de-215b-4c6c-94c2-be1c1da118d1: our priority 0 <= candidate's priority 1
2025-10-20 19:49:57,097 [grpc-default-executor-1] INFO  impl.VoteContext (VoteContext.java:log(49)) - e05592a5-d00f-4fc1-9e39-a968c1ecb04e@group-939DE61E1E74-FOLLOWER: accept PRE_VOTE from 361055de-215b-4c6c-94c2-be1c1da118d1: our priority 0 <= candidate's priority 1
2025-10-20 19:49:57,100 [c90bff1f-5a1f-42c6-8fca-9533d718c79a-groupManagement] INFO  server.RaftServerConfigKeys (ConfUtils.java:logGet(62)) - raft.server.log.appender.buffer.byte-limit = 33554432 (custom)
2025-10-20 19:49:57,100 [c90bff1f-5a1f-42c6-8fca-9533d718c79a-groupManagement] INFO  segmented.SegmentedRaftLogWorker (SegmentedRaftLogWorker.java:lambda$new$0(141)) - c90bff1f-5a1f-42c6-8fca-9533d718c79a@group-D68979EC754A-SegmentedRaftLogWorker: flushIndex: setUnconditionally 0 -> -1
2025-10-20 19:49:57,101 [c90bff1f-5a1f-42c6-8fca-9533d718c79a-groupManagement] INFO  segmented.SegmentedRaftLogWorker (SegmentedRaftLogWorker.java:lambda$new$0(141)) - c90bff1f-5a1f-42c6-8fca-9533d718c79a@group-D68979EC754A-SegmentedRaftLogWorker: safeCacheEvictIndex: setUnconditionally 0 -> -1
2025-10-20 19:49:57,101 [c90bff1f-5a1f-42c6-8fca-9533d718c79a-groupManagement] INFO  server.RaftServer$Division (RaftServerImpl.java:start(405)) - c90bff1f-5a1f-42c6-8fca-9533d718c79a@group-D68979EC754A: start as a follower, conf=conf: {index: -1, cur=peers:[c90bff1f-5a1f-42c6-8fca-9533d718c79a|127.0.0.1:15039]|listeners:[], old=null}
2025-10-20 19:49:57,101 [c90bff1f-5a1f-42c6-8fca-9533d718c79a-groupManagement] INFO  server.RaftServer$Division (RaftServerImpl.java:setRole(392)) - c90bff1f-5a1f-42c6-8fca-9533d718c79a@group-D68979EC754A: changes role from      null to FOLLOWER at term 0 for startAsFollower
2025-10-20 19:49:57,101 [c90bff1f-5a1f-42c6-8fca-9533d718c79a-groupManagement] INFO  impl.RoleInfo (RoleInfo.java:updateAndGet(148)) - c90bff1f-5a1f-42c6-8fca-9533d718c79a: start c90bff1f-5a1f-42c6-8fca-9533d718c79a@group-D68979EC754A-FollowerState
2025-10-20 19:49:57,102 [c90bff1f-5a1f-42c6-8fca-9533d718c79a-groupManagement] INFO  util.JmxRegister (JmxRegister.java:tryRegister(44)) - Successfully registered JMX Bean with object name Ratis:service=RaftServer,group=group-D68979EC754A,id=c90bff1f-5a1f-42c6-8fca-9533d718c79a
2025-10-20 19:49:57,102 [c90bff1f-5a1f-42c6-8fca-9533d718c79a-groupManagement] INFO  util.JmxRegister (JmxRegister.java:register(58)) - register mxBean class org.apache.ratis.server.impl.RaftServerJmxAdapter as Ratis:service=RaftServer,group=group-D68979EC754A,id=c90bff1f-5a1f-42c6-8fca-9533d718c79a
2025-10-20 19:49:57,103 [grpc-default-executor-0] INFO  server.RaftServer$Division (RaftServerImpl.java:requestVote(1455)) - ef67b0a7-5b27-496d-9f38-ab804a28e500@group-939DE61E1E74 replies to PRE_VOTE vote request: 361055de-215b-4c6c-94c2-be1c1da118d1<-ef67b0a7-5b27-496d-9f38-ab804a28e500#0:OK-t0-last:<INITIAL_VALUE>. Peer's state: ef67b0a7-5b27-496d-9f38-ab804a28e500@group-939DE61E1E74:t0, leader=null, voted=, raftlog=Memoized:ef67b0a7-5b27-496d-9f38-ab804a28e500@group-939DE61E1E74-SegmentedRaftLog:OPENED:c-1:lastnull, conf=conf: {index: -1, cur=peers:[ef67b0a7-5b27-496d-9f38-ab804a28e500|127.0.0.1:15023, e05592a5-d00f-4fc1-9e39-a968c1ecb04e|127.0.0.1:15015, 361055de-215b-4c6c-94c2-be1c1da118d1|127.0.0.1:15031]|listeners:[], old=null}
2025-10-20 19:49:57,103 [c90bff1f-5a1f-42c6-8fca-9533d718c79a-groupManagement] INFO  server.RaftServer$Division (RaftServerImpl.java:start(419)) - c90bff1f-5a1f-42c6-8fca-9533d718c79a@group-D68979EC754A: Successfully started.
2025-10-20 19:49:57,104 [grpc-default-executor-1] INFO  server.RaftServer$Division (RaftServerImpl.java:requestVote(1455)) - e05592a5-d00f-4fc1-9e39-a968c1ecb04e@group-939DE61E1E74 replies to PRE_VOTE vote request: 361055de-215b-4c6c-94c2-be1c1da118d1<-e05592a5-d00f-4fc1-9e39-a968c1ecb04e#0:OK-t0-last:<INITIAL_VALUE>. Peer's state: e05592a5-d00f-4fc1-9e39-a968c1ecb04e@group-939DE61E1E74:t0, leader=null, voted=, raftlog=Memoized:e05592a5-d00f-4fc1-9e39-a968c1ecb04e@group-939DE61E1E74-SegmentedRaftLog:OPENED:c-1:lastnull, conf=conf: {index: -1, cur=peers:[ef67b0a7-5b27-496d-9f38-ab804a28e500|127.0.0.1:15023, e05592a5-d00f-4fc1-9e39-a968c1ecb04e|127.0.0.1:15015, 361055de-215b-4c6c-94c2-be1c1da118d1|127.0.0.1:15031]|listeners:[], old=null}
2025-10-20 19:49:57,104 [c90bff1f-5a1f-42c6-8fca-9533d718c79a-CreatePipelineCommandHandlerThread-0] INFO  ratis.XceiverServerRatis (XceiverServerRatis.java:addGroup(839)) - Created group Pipeline-fab317e9-d636-43af-a09c-d68979ec754a
2025-10-20 19:49:57,104 [c90bff1f-5a1f-42c6-8fca-9533d718c79a-CreatePipelineCommandHandlerThread-0] INFO  commandhandler.CreatePipelineCommandHandler (CreatePipelineCommandHandler.java:lambda$handle$2(141)) - Created Pipeline RATIS ONE Pipeline-fab317e9-d636-43af-a09c-d68979ec754a.
2025-10-20 19:49:57,105 [c90bff1f-5a1f-42c6-8fca-9533d718c79a-CreatePipelineCommandHandlerThread-0] INFO  server.RaftServer (RaftServerProxy.java:addNew(105)) - c90bff1f-5a1f-42c6-8fca-9533d718c79a: addNew group-351250CF0157:[b614738c-cdff-4f09-bf59-ed5bb75d51be|127.0.0.1:15055, af0e5da1-57af-45e9-9aca-fa0798d05628|127.0.0.1:15047, c90bff1f-5a1f-42c6-8fca-9533d718c79a|127.0.0.1:15039] returns group-351250CF0157:java.util.concurrent.CompletableFuture@70c2f59[Not completed]
2025-10-20 19:49:57,107 [c90bff1f-5a1f-42c6-8fca-9533d718c79a-groupManagement] INFO  server.RaftServer$Division (RaftServerImpl.java:<init>(268)) - c90bff1f-5a1f-42c6-8fca-9533d718c79a: new RaftServerImpl for group-351250CF0157:[b614738c-cdff-4f09-bf59-ed5bb75d51be|127.0.0.1:15055, af0e5da1-57af-45e9-9aca-fa0798d05628|127.0.0.1:15047, c90bff1f-5a1f-42c6-8fca-9533d718c79a|127.0.0.1:15039] with ContainerStateMachine:uninitialized
2025-10-20 19:49:57,107 [361055de-215b-4c6c-94c2-be1c1da118d1@group-939DE61E1E74-LeaderElection5] INFO  impl.LeaderElection (LeaderElection.java:logAndReturn(206)) - 361055de-215b-4c6c-94c2-be1c1da118d1@group-939DE61E1E74-LeaderElection5: PRE_VOTE PASSED received 1 response(s) and 0 exception(s):
2025-10-20 19:49:57,107 [c90bff1f-5a1f-42c6-8fca-9533d718c79a-groupManagement] INFO  server.RaftServer$Division (ServerState.java:<init>(114)) - c90bff1f-5a1f-42c6-8fca-9533d718c79a@group-351250CF0157: ConfigurationManager, init=conf: {index: -1, cur=peers:[b614738c-cdff-4f09-bf59-ed5bb75d51be|127.0.0.1:15055, af0e5da1-57af-45e9-9aca-fa0798d05628|127.0.0.1:15047, c90bff1f-5a1f-42c6-8fca-9533d718c79a|127.0.0.1:15039]|listeners:[], old=null}, confs=<EMPTY_MAP>
2025-10-20 19:49:57,107 [361055de-215b-4c6c-94c2-be1c1da118d1@group-939DE61E1E74-LeaderElection5] INFO  impl.LeaderElection (LeaderElection.java:logAndReturn(210)) -   Response 0: 361055de-215b-4c6c-94c2-be1c1da118d1<-ef67b0a7-5b27-496d-9f38-ab804a28e500#0:OK-t0-last:<INITIAL_VALUE>
2025-10-20 19:49:57,108 [361055de-215b-4c6c-94c2-be1c1da118d1@group-939DE61E1E74-LeaderElection5] INFO  impl.LeaderElection (LeaderElection.java:askForVotes(450)) - 361055de-215b-4c6c-94c2-be1c1da118d1@group-939DE61E1E74-LeaderElection5 PRE_VOTE round 0: result PASSED
2025-10-20 19:49:57,110 [361055de-215b-4c6c-94c2-be1c1da118d1@group-939DE61E1E74-LeaderElection5] INFO  impl.LeaderElection (LeaderElection.java:askForVotes(448)) - 361055de-215b-4c6c-94c2-be1c1da118d1@group-939DE61E1E74-LeaderElection5 ELECTION round 0: submit vote requests at term 1 for conf: {index: -1, cur=peers:[ef67b0a7-5b27-496d-9f38-ab804a28e500|127.0.0.1:15023, e05592a5-d00f-4fc1-9e39-a968c1ecb04e|127.0.0.1:15015, 361055de-215b-4c6c-94c2-be1c1da118d1|127.0.0.1:15031]|listeners:[], old=null}
2025-10-20 19:49:57,115 | INFO  | SCMAudit | user=runner | ip=127.0.0.1 | op=SEND_HEARTBEAT {"datanodeUUID":"7bb0e7f0-2b36-4ec0-8a09-ceac75d91a36","term":"2","command":"[]"} | ret=SUCCESS |  
2025-10-20 19:49:57,119 [c90bff1f-5a1f-42c6-8fca-9533d718c79a-groupManagement] INFO  storage.RaftStorageDirectory (RaftStorageDirectoryImpl.java:analyzeStorage(138)) - The storage directory /home/runner/work/ozone/ozone/hadoop-ozone/integration-test/target/test-dir/MiniOzoneClusterImpl-6935df51-69ff-4c35-8bd4-ed2b81d70e54/ozone-metadata/datanode-4/ratis/48b2bb4f-636b-420d-96ed-351250cf0157 does not exist. Creating ...
2025-10-20 19:49:57,119 [grpc-default-executor-1] INFO  server.RaftServer$Division (RaftServerImpl.java:requestVote(1421)) - ef67b0a7-5b27-496d-9f38-ab804a28e500@group-939DE61E1E74: receive requestVote(ELECTION, 361055de-215b-4c6c-94c2-be1c1da118d1, group-939DE61E1E74, 1, <PROTO_DEFAULT>)
2025-10-20 19:49:57,119 [grpc-default-executor-0] INFO  server.RaftServer$Division (RaftServerImpl.java:requestVote(1421)) - e05592a5-d00f-4fc1-9e39-a968c1ecb04e@group-939DE61E1E74: receive requestVote(ELECTION, 361055de-215b-4c6c-94c2-be1c1da118d1, group-939DE61E1E74, 1, <PROTO_DEFAULT>)
2025-10-20 19:49:57,120 [grpc-default-executor-0] INFO  impl.VoteContext (VoteContext.java:log(49)) - e05592a5-d00f-4fc1-9e39-a968c1ecb04e@group-939DE61E1E74-FOLLOWER: accept ELECTION from 361055de-215b-4c6c-94c2-be1c1da118d1: our priority 0 <= candidate's priority 1
2025-10-20 19:49:57,120 [grpc-default-executor-0] INFO  server.RaftServer$Division (RaftServerImpl.java:setRole(392)) - e05592a5-d00f-4fc1-9e39-a968c1ecb04e@group-939DE61E1E74: changes role from  FOLLOWER to FOLLOWER at term 0 for candidate:361055de-215b-4c6c-94c2-be1c1da118d1
2025-10-20 19:49:57,120 [grpc-default-executor-0] INFO  impl.RoleInfo (RoleInfo.java:shutdownFollowerState(121)) - e05592a5-d00f-4fc1-9e39-a968c1ecb04e: shutdown e05592a5-d00f-4fc1-9e39-a968c1ecb04e@group-939DE61E1E74-FollowerState
2025-10-20 19:49:57,120 [grpc-default-executor-0] INFO  impl.RoleInfo (RoleInfo.java:updateAndGet(148)) - e05592a5-d00f-4fc1-9e39-a968c1ecb04e: start e05592a5-d00f-4fc1-9e39-a968c1ecb04e@group-939DE61E1E74-FollowerState
2025-10-20 19:49:57,120 [c90bff1f-5a1f-42c6-8fca-9533d718c79a-groupManagement] INFO  storage.RaftStorageDirectory (RaftStorageDirectoryImpl.java:tryLock(229)) - Lock on /home/runner/work/ozone/ozone/hadoop-ozone/integration-test/target/test-dir/MiniOzoneClusterImpl-6935df51-69ff-4c35-8bd4-ed2b81d70e54/ozone-metadata/datanode-4/ratis/48b2bb4f-636b-420d-96ed-351250cf0157/in_use.lock acquired by nodename 12924@localhost
2025-10-20 19:49:57,120 [grpc-default-executor-0] INFO  server.RaftServer$Division (RaftServerImpl.java:setFirstElection(576)) - e05592a5-d00f-4fc1-9e39-a968c1ecb04e@group-939DE61E1E74: set firstElectionSinceStartup to false for candidate:361055de-215b-4c6c-94c2-be1c1da118d1
2025-10-20 19:49:57,121 [grpc-default-executor-1] INFO  impl.VoteContext (VoteContext.java:log(49)) - ef67b0a7-5b27-496d-9f38-ab804a28e500@group-939DE61E1E74-FOLLOWER: accept ELECTION from 361055de-215b-4c6c-94c2-be1c1da118d1: our priority 0 <= candidate's priority 1
2025-10-20 19:49:57,121 [grpc-default-executor-1] INFO  server.RaftServer$Division (RaftServerImpl.java:setRole(392)) - ef67b0a7-5b27-496d-9f38-ab804a28e500@group-939DE61E1E74: changes role from  FOLLOWER to FOLLOWER at term 0 for candidate:361055de-215b-4c6c-94c2-be1c1da118d1
2025-10-20 19:49:57,121 [grpc-default-executor-1] INFO  impl.RoleInfo (RoleInfo.java:shutdownFollowerState(121)) - ef67b0a7-5b27-496d-9f38-ab804a28e500: shutdown ef67b0a7-5b27-496d-9f38-ab804a28e500@group-939DE61E1E74-FollowerState
2025-10-20 19:49:57,121 [grpc-default-executor-1] INFO  impl.RoleInfo (RoleInfo.java:updateAndGet(148)) - ef67b0a7-5b27-496d-9f38-ab804a28e500: start ef67b0a7-5b27-496d-9f38-ab804a28e500@group-939DE61E1E74-FollowerState
2025-10-20 19:49:57,121 [ef67b0a7-5b27-496d-9f38-ab804a28e500@group-939DE61E1E74-FollowerState] INFO  impl.FollowerState (FollowerState.java:runImpl(170)) - ef67b0a7-5b27-496d-9f38-ab804a28e500@group-939DE61E1E74-FollowerState was interrupted
2025-10-20 19:49:57,122 [grpc-default-executor-1] INFO  server.RaftServer$Division (RaftServerImpl.java:setFirstElection(576)) - ef67b0a7-5b27-496d-9f38-ab804a28e500@group-939DE61E1E74: set firstElectionSinceStartup to false for candidate:361055de-215b-4c6c-94c2-be1c1da118d1
2025-10-20 19:49:57,121 [e05592a5-d00f-4fc1-9e39-a968c1ecb04e@group-939DE61E1E74-FollowerState] INFO  impl.FollowerState (FollowerState.java:runImpl(170)) - e05592a5-d00f-4fc1-9e39-a968c1ecb04e@group-939DE61E1E74-FollowerState was interrupted
2025-10-20 19:49:57,122 [c90bff1f-5a1f-42c6-8fca-9533d718c79a-groupManagement] INFO  storage.RaftStorage (RaftStorageImpl.java:format(98)) - Storage directory /home/runner/work/ozone/ozone/hadoop-ozone/integration-test/target/test-dir/MiniOzoneClusterImpl-6935df51-69ff-4c35-8bd4-ed2b81d70e54/ozone-metadata/datanode-4/ratis/48b2bb4f-636b-420d-96ed-351250cf0157 has been successfully formatted.
2025-10-20 19:49:57,123 [c90bff1f-5a1f-42c6-8fca-9533d718c79a-groupManagement] INFO  ratis.ContainerStateMachine (ContainerStateMachine.java:initialize(339)) - c90bff1f-5a1f-42c6-8fca-9533d718c79a: initialize group-351250CF0157
2025-10-20 19:49:57,123 [c90bff1f-5a1f-42c6-8fca-9533d718c79a-groupManagement] INFO  ratis.ContainerStateMachine (ContainerStateMachine.java:loadSnapshot(347)) - group-351250CF0157: The snapshot info is null. Setting the last applied index to:<INITIAL_VALUE>
2025-10-20 19:49:57,123 [c90bff1f-5a1f-42c6-8fca-9533d718c79a-groupManagement] INFO  server.RaftServerConfigKeys (ConfUtils.java:logGet(62)) - raft.server.log.appender.buffer.byte-limit = 33554432 (custom)
2025-10-20 19:49:57,123 [grpc-default-executor-0] INFO  server.RaftServer$Division (RaftServerImpl.java:requestVote(1455)) - e05592a5-d00f-4fc1-9e39-a968c1ecb04e@group-939DE61E1E74 replies to ELECTION vote request: 361055de-215b-4c6c-94c2-be1c1da118d1<-e05592a5-d00f-4fc1-9e39-a968c1ecb04e#0:OK-t1-last:<INITIAL_VALUE>. Peer's state: e05592a5-d00f-4fc1-9e39-a968c1ecb04e@group-939DE61E1E74:t1, leader=null, voted=361055de-215b-4c6c-94c2-be1c1da118d1, raftlog=Memoized:e05592a5-d00f-4fc1-9e39-a968c1ecb04e@group-939DE61E1E74-SegmentedRaftLog:OPENED:c-1:lastnull, conf=conf: {index: -1, cur=peers:[ef67b0a7-5b27-496d-9f38-ab804a28e500|127.0.0.1:15023, e05592a5-d00f-4fc1-9e39-a968c1ecb04e|127.0.0.1:15015, 361055de-215b-4c6c-94c2-be1c1da118d1|127.0.0.1:15031]|listeners:[], old=null}
2025-10-20 19:49:57,125 [grpc-default-executor-1] INFO  server.RaftServer$Division (RaftServerImpl.java:requestVote(1455)) - ef67b0a7-5b27-496d-9f38-ab804a28e500@group-939DE61E1E74 replies to ELECTION vote request: 361055de-215b-4c6c-94c2-be1c1da118d1<-ef67b0a7-5b27-496d-9f38-ab804a28e500#0:OK-t1-last:<INITIAL_VALUE>. Peer's state: ef67b0a7-5b27-496d-9f38-ab804a28e500@group-939DE61E1E74:t1, leader=null, voted=361055de-215b-4c6c-94c2-be1c1da118d1, raftlog=Memoized:ef67b0a7-5b27-496d-9f38-ab804a28e500@group-939DE61E1E74-SegmentedRaftLog:OPENED:c-1:lastnull, conf=conf: {index: -1, cur=peers:[ef67b0a7-5b27-496d-9f38-ab804a28e500|127.0.0.1:15023, e05592a5-d00f-4fc1-9e39-a968c1ecb04e|127.0.0.1:15015, 361055de-215b-4c6c-94c2-be1c1da118d1|127.0.0.1:15031]|listeners:[], old=null}
2025-10-20 19:49:57,126 [c90bff1f-5a1f-42c6-8fca-9533d718c79a-groupManagement] INFO  server.RaftServerConfigKeys (ConfUtils.java:logGet(62)) - raft.server.log.segment.size.max = 67108864 (custom)
2025-10-20 19:49:57,127 [c90bff1f-5a1f-42c6-8fca-9533d718c79a-groupManagement] INFO  server.RaftServerConfigKeys (ConfUtils.java:logGet(62)) - raft.server.log.appender.buffer.byte-limit = 33554432 (custom)
2025-10-20 19:49:57,127 [EventQueue-PipelineReportForOneReplicaPipelineSafeModeRule] INFO  safemode.SCMSafeModeManager (SCMSafeModeManager.java:validateSafeModeExitRules(138)) - OneReplicaPipelineSafeModeRule rule is successfully validated
2025-10-20 19:49:57,127 | INFO  | SCMAudit | user=runner | ip=127.0.0.1 | op=SEND_HEARTBEAT {"datanodeUUID":"c90bff1f-5a1f-42c6-8fca-9533d718c79a","term":"2","command":"[]"} | ret=SUCCESS |  
2025-10-20 19:49:57,128 [361055de-215b-4c6c-94c2-be1c1da118d1@group-939DE61E1E74-LeaderElection5] INFO  impl.LeaderElection (LeaderElection.java:logAndReturn(206)) - 361055de-215b-4c6c-94c2-be1c1da118d1@group-939DE61E1E74-LeaderElection5: ELECTION PASSED received 1 response(s) and 0 exception(s):
2025-10-20 19:49:57,128 [361055de-215b-4c6c-94c2-be1c1da118d1@group-939DE61E1E74-LeaderElection5] INFO  impl.LeaderElection (LeaderElection.java:logAndReturn(210)) -   Response 0: 361055de-215b-4c6c-94c2-be1c1da118d1<-ef67b0a7-5b27-496d-9f38-ab804a28e500#0:OK-t1-last:<INITIAL_VALUE>
2025-10-20 19:49:57,129 [361055de-215b-4c6c-94c2-be1c1da118d1@group-939DE61E1E74-LeaderElection5] INFO  impl.LeaderElection (LeaderElection.java:askForVotes(450)) - 361055de-215b-4c6c-94c2-be1c1da118d1@group-939DE61E1E74-LeaderElection5 ELECTION round 0: result PASSED
2025-10-20 19:49:57,129 [361055de-215b-4c6c-94c2-be1c1da118d1@group-939DE61E1E74-LeaderElection5] INFO  impl.RoleInfo (RoleInfo.java:shutdownLeaderElection(141)) - 361055de-215b-4c6c-94c2-be1c1da118d1: shutdown 361055de-215b-4c6c-94c2-be1c1da118d1@group-939DE61E1E74-LeaderElection5
2025-10-20 19:49:57,129 [361055de-215b-4c6c-94c2-be1c1da118d1@group-939DE61E1E74-LeaderElection5] INFO  server.RaftServer$Division (RaftServerImpl.java:setRole(392)) - 361055de-215b-4c6c-94c2-be1c1da118d1@group-939DE61E1E74: changes role from CANDIDATE to LEADER at term 1 for changeToLeader
2025-10-20 19:49:57,129 [361055de-215b-4c6c-94c2-be1c1da118d1@group-939DE61E1E74-LeaderElection5] INFO  server.RaftServerConfigKeys (ConfUtils.java:logFallback(69)) - raft.server.staging.timeout = 15600ms (fallback to raft.server.rpc.timeout.max)
2025-10-20 19:49:57,129 [361055de-215b-4c6c-94c2-be1c1da118d1@group-939DE61E1E74-LeaderElection5] INFO  server.RaftServerConfigKeys (ConfUtils.java:logGet(62)) - raft.server.write.byte-limit = 1024 M (=1073741824) (custom)
2025-10-20 19:49:57,129 [c90bff1f-5a1f-42c6-8fca-9533d718c79a-groupManagement] INFO  util.AwaitToRun (AwaitToRun.java:start(81)) - Thread[#1530,c90bff1f-5a1f-42c6-8fca-9533d718c79a@group-351250CF0157-cacheEviction-AwaitToRun,5,main] started
2025-10-20 19:49:57,129 [c90bff1f-5a1f-42c6-8fca-9533d718c79a-groupManagement] INFO  segmented.SegmentedRaftLogWorker (SegmentedRaftLogWorker.java:<init>(190)) - new c90bff1f-5a1f-42c6-8fca-9533d718c79a@group-351250CF0157-SegmentedRaftLogWorker for RaftStorageImpl:Storage Directory /home/runner/work/ozone/ozone/hadoop-ozone/integration-test/target/test-dir/MiniOzoneClusterImpl-6935df51-69ff-4c35-8bd4-ed2b81d70e54/ozone-metadata/datanode-4/ratis/48b2bb4f-636b-420d-96ed-351250cf0157
2025-10-20 19:49:57,130 [c90bff1f-5a1f-42c6-8fca-9533d718c79a-groupManagement] INFO  server.RaftServerConfigKeys (ConfUtils.java:logGet(62)) - raft.server.log.queue.byte-limit = 4294967296 (custom)
2025-10-20 19:49:57,130 [c90bff1f-5a1f-42c6-8fca-9533d718c79a-groupManagement] INFO  server.RaftServerConfigKeys (ConfUtils.java:logGet(62)) - raft.server.log.segment.size.max = 67108864 (custom)
2025-10-20 19:49:57,130 [c90bff1f-5a1f-42c6-8fca-9533d718c79a-groupManagement] INFO  server.RaftServerConfigKeys (ConfUtils.java:logGet(62)) - raft.server.log.preallocated.size = 4194304 (custom)
2025-10-20 19:49:57,130 [c90bff1f-5a1f-42c6-8fca-9533d718c79a-groupManagement] INFO  server.RaftServerConfigKeys (ConfUtils.java:logGet(62)) - raft.server.log.write.buffer.size = 33554440 (custom)
2025-10-20 19:49:57,140 [c90bff1f-5a1f-42c6-8fca-9533d718c79a-groupManagement] INFO  server.RaftServerConfigKeys (ConfUtils.java:logGet(62)) - raft.server.log.appender.buffer.byte-limit = 33554432 (custom)
2025-10-20 19:49:57,140 [c90bff1f-5a1f-42c6-8fca-9533d718c79a-groupManagement] INFO  segmented.SegmentedRaftLogWorker (SegmentedRaftLogWorker.java:lambda$new$0(141)) - c90bff1f-5a1f-42c6-8fca-9533d718c79a@group-351250CF0157-SegmentedRaftLogWorker: flushIndex: setUnconditionally 0 -> -1
2025-10-20 19:49:57,140 [c90bff1f-5a1f-42c6-8fca-9533d718c79a-groupManagement] INFO  segmented.SegmentedRaftLogWorker (SegmentedRaftLogWorker.java:lambda$new$0(141)) - c90bff1f-5a1f-42c6-8fca-9533d718c79a@group-351250CF0157-SegmentedRaftLogWorker: safeCacheEvictIndex: setUnconditionally 0 -> -1
2025-10-20 19:49:57,141 [c90bff1f-5a1f-42c6-8fca-9533d718c79a-groupManagement] INFO  server.RaftServer$Division (RaftServerImpl.java:start(405)) - c90bff1f-5a1f-42c6-8fca-9533d718c79a@group-351250CF0157: start as a follower, conf=conf: {index: -1, cur=peers:[b614738c-cdff-4f09-bf59-ed5bb75d51be|127.0.0.1:15055, af0e5da1-57af-45e9-9aca-fa0798d05628|127.0.0.1:15047, c90bff1f-5a1f-42c6-8fca-9533d718c79a|127.0.0.1:15039]|listeners:[], old=null}
2025-10-20 19:49:57,141 [c90bff1f-5a1f-42c6-8fca-9533d718c79a-groupManagement] INFO  server.RaftServer$Division (RaftServerImpl.java:setRole(392)) - c90bff1f-5a1f-42c6-8fca-9533d718c79a@group-351250CF0157: changes role from      null to FOLLOWER at term 0 for startAsFollower
2025-10-20 19:49:57,141 [c90bff1f-5a1f-42c6-8fca-9533d718c79a-groupManagement] INFO  impl.RoleInfo (RoleInfo.java:updateAndGet(148)) - c90bff1f-5a1f-42c6-8fca-9533d718c79a: start c90bff1f-5a1f-42c6-8fca-9533d718c79a@group-351250CF0157-FollowerState
2025-10-20 19:49:57,141 [c90bff1f-5a1f-42c6-8fca-9533d718c79a-groupManagement] INFO  util.JmxRegister (JmxRegister.java:tryRegister(44)) - Successfully registered JMX Bean with object name Ratis:service=RaftServer,group=group-351250CF0157,id=c90bff1f-5a1f-42c6-8fca-9533d718c79a
2025-10-20 19:49:57,141 [c90bff1f-5a1f-42c6-8fca-9533d718c79a-groupManagement] INFO  util.JmxRegister (JmxRegister.java:register(58)) - register mxBean class org.apache.ratis.server.impl.RaftServerJmxAdapter as Ratis:service=RaftServer,group=group-351250CF0157,id=c90bff1f-5a1f-42c6-8fca-9533d718c79a
2025-10-20 19:49:57,142 [c90bff1f-5a1f-42c6-8fca-9533d718c79a-groupManagement] INFO  server.RaftServer$Division (RaftServerImpl.java:start(419)) - c90bff1f-5a1f-42c6-8fca-9533d718c79a@group-351250CF0157: Successfully started.
2025-10-20 19:49:57,142 [361055de-215b-4c6c-94c2-be1c1da118d1@group-939DE61E1E74-LeaderElection5] INFO  server.RaftServerConfigKeys (ConfUtils.java:logGet(62)) - raft.server.log.appender.snapshot.chunk.size.max = 16MB (=16777216) (default)
2025-10-20 19:49:57,142 [c90bff1f-5a1f-42c6-8fca-9533d718c79a-CreatePipelineCommandHandlerThread-0] INFO  ratis.XceiverServerRatis (XceiverServerRatis.java:addGroup(839)) - Created group Pipeline-48b2bb4f-636b-420d-96ed-351250cf0157
2025-10-20 19:49:57,142 [361055de-215b-4c6c-94c2-be1c1da118d1@group-939DE61E1E74-LeaderElection5] INFO  server.RaftServerConfigKeys (ConfUtils.java:logGet(62)) - raft.server.log.appender.buffer.byte-limit = 33554432 (custom)
2025-10-20 19:49:57,143 [361055de-215b-4c6c-94c2-be1c1da118d1@group-939DE61E1E74-LeaderElection5] INFO  server.RaftServerConfigKeys (ConfUtils.java:logGet(62)) - raft.server.log.appender.buffer.element-limit = 1024 (custom)
2025-10-20 19:49:57,145 [361055de-215b-4c6c-94c2-be1c1da118d1@group-939DE61E1E74-LeaderElection5] INFO  server.RaftServerConfigKeys (ConfUtils.java:logGet(62)) - raft.server.log.appender.wait-time.min = 0μs (custom)
2025-10-20 19:49:57,147 [361055de-215b-4c6c-94c2-be1c1da118d1@group-939DE61E1E74-LeaderElection5] INFO  grpc.GrpcConfigKeys (ConfUtils.java:logGet(62)) - raft.grpc.server.leader.outstanding.appends.max = 8 (default)
2025-10-20 19:49:57,147 [361055de-215b-4c6c-94c2-be1c1da118d1@group-939DE61E1E74-LeaderElection5] INFO  grpc.GrpcConfigKeys (ConfUtils.java:logGet(62)) - raft.grpc.server.install_snapshot.request.element-limit = 8 (default)
2025-10-20 19:49:57,147 [361055de-215b-4c6c-94c2-be1c1da118d1@group-939DE61E1E74-LeaderElection5] INFO  grpc.GrpcConfigKeys (ConfUtils.java:logGet(62)) - raft.grpc.server.install_snapshot.request.timeout = 3000ms (default)
2025-10-20 19:49:57,147 [361055de-215b-4c6c-94c2-be1c1da118d1@group-939DE61E1E74-LeaderElection5] INFO  grpc.GrpcConfigKeys (ConfUtils.java:logGet(62)) - raft.grpc.server.log-message.batch.duration = 5s (default)
2025-10-20 19:49:57,152 [361055de-215b-4c6c-94c2-be1c1da118d1@group-939DE61E1E74-LeaderElection5] INFO  server.RaftServerConfigKeys (ConfUtils.java:logGet(62)) - raft.server.log.appender.buffer.byte-limit = 33554432 (custom)
2025-10-20 19:49:57,153 [361055de-215b-4c6c-94c2-be1c1da118d1@group-939DE61E1E74-LeaderElection5] INFO  impl.RoleInfo (RoleInfo.java:updateAndGet(148)) - 361055de-215b-4c6c-94c2-be1c1da118d1: start 361055de-215b-4c6c-94c2-be1c1da118d1@group-939DE61E1E74-LeaderStateImpl
2025-10-20 19:49:57,153 [361055de-215b-4c6c-94c2-be1c1da118d1@group-939DE61E1E74-LeaderElection5] INFO  server.RaftServer$Division (RaftServerImpl.java:setFirstElection(576)) - 361055de-215b-4c6c-94c2-be1c1da118d1@group-939DE61E1E74: set firstElectionSinceStartup to false for becomeLeader
2025-10-20 19:49:57,153 [361055de-215b-4c6c-94c2-be1c1da118d1@group-939DE61E1E74-LeaderElection5] INFO  ratis.XceiverServerRatis (XceiverServerRatis.java:handleLeaderChangedNotification(940)) - Leader change notification received for group: group-939DE61E1E74 with new leaderId: 361055de-215b-4c6c-94c2-be1c1da118d1
2025-10-20 19:49:57,153 [361055de-215b-4c6c-94c2-be1c1da118d1@group-939DE61E1E74-LeaderElection5] INFO  server.RaftServer$Division (ServerState.java:setLeader(272)) - 361055de-215b-4c6c-94c2-be1c1da118d1@group-939DE61E1E74: change Leader from null to 361055de-215b-4c6c-94c2-be1c1da118d1 at term 1 for becomeLeader, leader elected after 1210ms
2025-10-20 19:49:57,154 [361055de-215b-4c6c-94c2-be1c1da118d1@group-939DE61E1E74-LeaderElection5] INFO  segmented.SegmentedRaftLogWorker (SegmentedRaftLogWorker.java:startLogSegment(440)) - 361055de-215b-4c6c-94c2-be1c1da118d1@group-939DE61E1E74-SegmentedRaftLogWorker: Starting segment from index:0
2025-10-20 19:49:57,154 [361055de-215b-4c6c-94c2-be1c1da118d1@group-939DE61E1E74-LeaderElection5] INFO  server.RaftServer$Division (ServerState.java:setRaftConf(386)) - 361055de-215b-4c6c-94c2-be1c1da118d1@group-939DE61E1E74: set configuration conf: {index: 0, cur=peers:[ef67b0a7-5b27-496d-9f38-ab804a28e500|127.0.0.1:15023, e05592a5-d00f-4fc1-9e39-a968c1ecb04e|127.0.0.1:15015, 361055de-215b-4c6c-94c2-be1c1da118d1|127.0.0.1:15031]|listeners:[], old=null}
2025-10-20 19:49:57,155 [grpc-default-executor-1] INFO  server.RaftServer (RaftServerProxy.java:addNew(105)) - b614738c-cdff-4f09-bf59-ed5bb75d51be: addNew group-351250CF0157:[b614738c-cdff-4f09-bf59-ed5bb75d51be|127.0.0.1:15055, af0e5da1-57af-45e9-9aca-fa0798d05628|127.0.0.1:15047, c90bff1f-5a1f-42c6-8fca-9533d718c79a|127.0.0.1:15039] returns group-351250CF0157:java.util.concurrent.CompletableFuture@43efd3b2[Not completed]
2025-10-20 19:49:57,155 [361055de-215b-4c6c-94c2-be1c1da118d1@group-939DE61E1E74-SegmentedRaftLogWorker] INFO  segmented.BufferedWriteChannel (BufferedWriteChannel.java:open(61)) - open log_inprogress_0 at position 0
2025-10-20 19:49:57,157 | INFO  | SCMAudit | user=runner | ip=127.0.0.1 | op=SEND_HEARTBEAT {"datanodeUUID":"361055de-215b-4c6c-94c2-be1c1da118d1","term":"2","command":"[]"} | ret=SUCCESS |  
2025-10-20 19:49:57,158 [EventQueue-PipelineReportForOneReplicaPipelineSafeModeRule] INFO  safemode.SCMSafeModeManager (SCMSafeModeManager.java:validateSafeModeExitRules(138)) - OneReplicaPipelineSafeModeRule rule is successfully validated
2025-10-20 19:49:57,159 [b614738c-cdff-4f09-bf59-ed5bb75d51be-groupManagement] INFO  server.RaftServer$Division (RaftServerImpl.java:<init>(268)) - b614738c-cdff-4f09-bf59-ed5bb75d51be: new RaftServerImpl for group-351250CF0157:[b614738c-cdff-4f09-bf59-ed5bb75d51be|127.0.0.1:15055, af0e5da1-57af-45e9-9aca-fa0798d05628|127.0.0.1:15047, c90bff1f-5a1f-42c6-8fca-9533d718c79a|127.0.0.1:15039] with ContainerStateMachine:uninitialized
2025-10-20 19:49:57,163 [b614738c-cdff-4f09-bf59-ed5bb75d51be-groupManagement] INFO  server.RaftServer$Division (ServerState.java:<init>(114)) - b614738c-cdff-4f09-bf59-ed5bb75d51be@group-351250CF0157: ConfigurationManager, init=conf: {index: -1, cur=peers:[b614738c-cdff-4f09-bf59-ed5bb75d51be|127.0.0.1:15055, af0e5da1-57af-45e9-9aca-fa0798d05628|127.0.0.1:15047, c90bff1f-5a1f-42c6-8fca-9533d718c79a|127.0.0.1:15039]|listeners:[], old=null}, confs=<EMPTY_MAP>
2025-10-20 19:49:57,168 [206580cc-82ee-4213-b95b-59cb1d300b36@group-ED2B81D70E54-StateMachineUpdater] INFO  safemode.SCMSafeModeManager (SCMSafeModeManager.java:validateSafeModeExitRules(138)) - DataNodeSafeModeRule rule is successfully validated
2025-10-20 19:49:57,172 [206580cc-82ee-4213-b95b-59cb1d300b36@group-ED2B81D70E54-StateMachineUpdater] INFO  safemode.SCMSafeModeManager (SCMSafeModeManager.java:validateSafeModeExitRules(138)) - RatisContainerSafeModeRule rule is successfully validated
2025-10-20 19:49:57,170 [361055de-215b-4c6c-94c2-be1c1da118d1@group-939DE61E1E74-SegmentedRaftLogWorker] INFO  segmented.SegmentedRaftLogWorker (SegmentedRaftLogWorker.java:execute(647)) - 361055de-215b-4c6c-94c2-be1c1da118d1@group-939DE61E1E74-SegmentedRaftLogWorker: created new log segment /home/runner/work/ozone/ozone/hadoop-ozone/integration-test/target/test-dir/MiniOzoneClusterImpl-6935df51-69ff-4c35-8bd4-ed2b81d70e54/ozone-metadata/datanode-3/ratis/0b8c5e6b-69eb-484b-887e-939de61e1e74/current/log_inprogress_0
2025-10-20 19:49:57,178 [206580cc-82ee-4213-b95b-59cb1d300b36@group-ED2B81D70E54-StateMachineUpdater] INFO  safemode.HealthyPipelineSafeModeRule (HealthyPipelineSafeModeRule.java:initializeRule(226)) - Refreshed total pipeline count is 1, healthy pipeline threshold count is 1
2025-10-20 19:49:57,178 [206580cc-82ee-4213-b95b-59cb1d300b36@group-ED2B81D70E54-StateMachineUpdater] INFO  safemode.SCMSafeModeManager (SCMSafeModeManager.java:validateSafeModeExitRules(138)) - OneReplicaPipelineSafeModeRule rule is successfully validated
2025-10-20 19:49:57,178 [206580cc-82ee-4213-b95b-59cb1d300b36@group-ED2B81D70E54-StateMachineUpdater] INFO  safemode.SCMSafeModeManager (SCMSafeModeManager.java:validateSafeModeExitRules(138)) - ECContainerSafeModeRule rule is successfully validated
2025-10-20 19:49:57,179 [EventQueue-PipelineReportForPipelineReportHandler] INFO  pipeline.PipelineReportHandler (PipelineReportHandler.java:processPipelineReport(132)) - Opened pipeline Pipeline-0b8c5e6b-69eb-484b-887e-939de61e1e74
2025-10-20 19:49:57,179 [EventQueue-OpenPipelineForHealthyPipelineSafeModeRule] INFO  safemode.SCMSafeModeManager (HealthyPipelineSafeModeRule.java:process(194)) - SCM in safe mode. Healthy pipelines reported count is 1, required healthy pipeline reported count is 1
2025-10-20 19:49:57,179 [EventQueue-OpenPipelineForHealthyPipelineSafeModeRule] INFO  safemode.SCMSafeModeManager (SCMSafeModeManager.java:validateSafeModeExitRules(138)) - HealthyPipelineSafeModeRule rule is successfully validated
2025-10-20 19:49:57,179 [EventQueue-OpenPipelineForHealthyPipelineSafeModeRule] INFO  safemode.SCMSafeModeManager (SCMSafeModeManager.java:validateSafeModeExitRules(158)) - ScmSafeModeManager, all rules are successfully validated
2025-10-20 19:49:57,180 [EventQueue-OpenPipelineForHealthyPipelineSafeModeRule] INFO  safemode.SCMSafeModeManager (SCMSafeModeManager.java:validateSafeModeExitRules(159)) - SCM exiting safe mode.
2025-10-20 19:49:57,180 [EventQueue-OpenPipelineForHealthyPipelineSafeModeRule] INFO  ha.SCMContext (SCMContext.java:updateSafeModeStatus(224)) - Update SafeModeStatus from SafeModeStatus{safeModeStatus=true, preCheckPassed=true} to SafeModeStatus{safeModeStatus=false, preCheckPassed=true}.
2025-10-20 19:49:57,183 [EventQueue-OpenPipelineForHealthyPipelineSafeModeRule] INFO  BackgroundPipelineScrubber (BackgroundSCMService.java:notifyStatusChanged(78)) - Service BackgroundPipelineScrubber transitions to RUNNING.
2025-10-20 19:49:57,183 [EventQueue-OpenPipelineForHealthyPipelineSafeModeRule] INFO  ExpiredContainerReplicaOpScrubber (BackgroundSCMService.java:notifyStatusChanged(78)) - Service ExpiredContainerReplicaOpScrubber transitions to RUNNING.
2025-10-20 19:49:57,183 [EventQueue-OpenPipelineForHealthyPipelineSafeModeRule] INFO  block.SCMBlockDeletingService (SCMBlockDeletingService.java:notifyStatusChanged(265)) - notifyStatusChanged:RUNNING
2025-10-20 19:49:57,183 [EventQueue-OpenPipelineForHealthyPipelineSafeModeRule] INFO  replication.ReplicationManager (ReplicationManager.java:notifyStatusChanged(1389)) - Service ReplicationManager transitions to RUNNING.
2025-10-20 19:49:57,184 [grpc-default-executor-4] INFO  ratis.XceiverServerRatis (XceiverServerRatis.java:handleLeaderChangedNotification(940)) - Leader change notification received for group: group-939DE61E1E74 with new leaderId: 361055de-215b-4c6c-94c2-be1c1da118d1
2025-10-20 19:49:57,184 [grpc-default-executor-4] INFO  server.RaftServer$Division (ServerState.java:setLeader(272)) - e05592a5-d00f-4fc1-9e39-a968c1ecb04e@group-939DE61E1E74: change Leader from null to 361055de-215b-4c6c-94c2-be1c1da118d1 at term 1 for appendEntries, leader elected after 856ms
2025-10-20 19:49:57,188 [b614738c-cdff-4f09-bf59-ed5bb75d51be-groupManagement] INFO  server.RaftServerConfigKeys (ConfUtils.java:logGet(62)) - raft.server.storage.dir = [/home/runner/work/ozone/ozone/hadoop-ozone/integration-test/target/test-dir/MiniOzoneClusterImpl-6935df51-69ff-4c35-8bd4-ed2b81d70e54/ozone-metadata/datanode-6/ratis] (custom)
2025-10-20 19:49:57,188 [grpc-default-executor-5] INFO  ratis.XceiverServerRatis (XceiverServerRatis.java:handleLeaderChangedNotification(940)) - Leader change notification received for group: group-939DE61E1E74 with new leaderId: 361055de-215b-4c6c-94c2-be1c1da118d1
2025-10-20 19:49:57,189 [grpc-default-executor-5] INFO  server.RaftServer$Division (ServerState.java:setLeader(272)) - ef67b0a7-5b27-496d-9f38-ab804a28e500@group-939DE61E1E74: change Leader from null to 361055de-215b-4c6c-94c2-be1c1da118d1 at term 1 for appendEntries, leader elected after 815ms
2025-10-20 19:49:57,189 [EventQueue-OpenPipelineForHealthyPipelineSafeModeRule] WARN  balancer.ContainerBalancer (ContainerBalancer.java:shouldRun(136)) - Could not find persisted configuration for ContainerBalancer when checking if ContainerBalancer should run. ContainerBalancer should not run now.
2025-10-20 19:49:57,192 [EventQueue-OpenPipelineForHealthyPipelineSafeModeRule] INFO  SCMHATransactionMonitor (BackgroundSCMService.java:notifyStatusChanged(78)) - Service SCMHATransactionMonitor transitions to RUNNING.
2025-10-20 19:49:57,194 [grpc-default-executor-0] INFO  server.RaftServer$Division (ServerState.java:setRaftConf(386)) - e05592a5-d00f-4fc1-9e39-a968c1ecb04e@group-939DE61E1E74: set configuration conf: {index: 0, cur=peers:[ef67b0a7-5b27-496d-9f38-ab804a28e500|127.0.0.1:15023, e05592a5-d00f-4fc1-9e39-a968c1ecb04e|127.0.0.1:15015, 361055de-215b-4c6c-94c2-be1c1da118d1|127.0.0.1:15031]|listeners:[], old=null}
2025-10-20 19:49:57,192 [grpc-default-executor-1] INFO  server.RaftServer$Division (ServerState.java:setRaftConf(386)) - ef67b0a7-5b27-496d-9f38-ab804a28e500@group-939DE61E1E74: set configuration conf: {index: 0, cur=peers:[ef67b0a7-5b27-496d-9f38-ab804a28e500|127.0.0.1:15023, e05592a5-d00f-4fc1-9e39-a968c1ecb04e|127.0.0.1:15015, 361055de-215b-4c6c-94c2-be1c1da118d1|127.0.0.1:15031]|listeners:[], old=null}
2025-10-20 19:49:57,191 [b614738c-cdff-4f09-bf59-ed5bb75d51be-groupManagement] INFO  storage.RaftStorageDirectory (RaftStorageDirectoryImpl.java:analyzeStorage(138)) - The storage directory /home/runner/work/ozone/ozone/hadoop-ozone/integration-test/target/test-dir/MiniOzoneClusterImpl-6935df51-69ff-4c35-8bd4-ed2b81d70e54/ozone-metadata/datanode-6/ratis/48b2bb4f-636b-420d-96ed-351250cf0157 does not exist. Creating ...
2025-10-20 19:49:57,197 [b614738c-cdff-4f09-bf59-ed5bb75d51be-groupManagement] INFO  storage.RaftStorageDirectory (RaftStorageDirectoryImpl.java:tryLock(229)) - Lock on /home/runner/work/ozone/ozone/hadoop-ozone/integration-test/target/test-dir/MiniOzoneClusterImpl-6935df51-69ff-4c35-8bd4-ed2b81d70e54/ozone-metadata/datanode-6/ratis/48b2bb4f-636b-420d-96ed-351250cf0157/in_use.lock acquired by nodename 12924@localhost
2025-10-20 19:49:57,200 [b614738c-cdff-4f09-bf59-ed5bb75d51be-groupManagement] INFO  storage.RaftStorage (RaftStorageImpl.java:format(98)) - Storage directory /home/runner/work/ozone/ozone/hadoop-ozone/integration-test/target/test-dir/MiniOzoneClusterImpl-6935df51-69ff-4c35-8bd4-ed2b81d70e54/ozone-metadata/datanode-6/ratis/48b2bb4f-636b-420d-96ed-351250cf0157 has been successfully formatted.
2025-10-20 19:49:57,200 [b614738c-cdff-4f09-bf59-ed5bb75d51be-groupManagement] INFO  ratis.ContainerStateMachine (ContainerStateMachine.java:initialize(339)) - b614738c-cdff-4f09-bf59-ed5bb75d51be: initialize group-351250CF0157
2025-10-20 19:49:57,201 [b614738c-cdff-4f09-bf59-ed5bb75d51be-groupManagement] INFO  ratis.ContainerStateMachine (ContainerStateMachine.java:loadSnapshot(347)) - group-351250CF0157: The snapshot info is null. Setting the last applied index to:<INITIAL_VALUE>
2025-10-20 19:49:57,201 [b614738c-cdff-4f09-bf59-ed5bb75d51be-groupManagement] INFO  server.RaftServerConfigKeys (ConfUtils.java:logGet(62)) - raft.server.log.appender.buffer.byte-limit = 33554432 (custom)
2025-10-20 19:49:57,201 [grpc-default-executor-0] INFO  segmented.SegmentedRaftLogWorker (SegmentedRaftLogWorker.java:startLogSegment(440)) - e05592a5-d00f-4fc1-9e39-a968c1ecb04e@group-939DE61E1E74-SegmentedRaftLogWorker: Starting segment from index:0
2025-10-20 19:49:57,202 [grpc-default-executor-1] INFO  segmented.SegmentedRaftLogWorker (SegmentedRaftLogWorker.java:startLogSegment(440)) - ef67b0a7-5b27-496d-9f38-ab804a28e500@group-939DE61E1E74-SegmentedRaftLogWorker: Starting segment from index:0
2025-10-20 19:49:57,203 [ef67b0a7-5b27-496d-9f38-ab804a28e500@group-939DE61E1E74-SegmentedRaftLogWorker] INFO  segmented.BufferedWriteChannel (BufferedWriteChannel.java:open(61)) - open log_inprogress_0 at position 0
2025-10-20 19:49:57,207 [e05592a5-d00f-4fc1-9e39-a968c1ecb04e@group-939DE61E1E74-SegmentedRaftLogWorker] INFO  segmented.BufferedWriteChannel (BufferedWriteChannel.java:open(61)) - open log_inprogress_0 at position 0
2025-10-20 19:49:57,208 | INFO  | SCMAudit | user=runner | ip=127.0.0.1 | op=SEND_HEARTBEAT {"datanodeUUID":"b614738c-cdff-4f09-bf59-ed5bb75d51be","term":"2","command":"[]"} | ret=SUCCESS |  
2025-10-20 19:49:57,211 [ef67b0a7-5b27-496d-9f38-ab804a28e500@group-939DE61E1E74-SegmentedRaftLogWorker] INFO  segmented.SegmentedRaftLogWorker (SegmentedRaftLogWorker.java:execute(647)) - ef67b0a7-5b27-496d-9f38-ab804a28e500@group-939DE61E1E74-SegmentedRaftLogWorker: created new log segment /home/runner/work/ozone/ozone/hadoop-ozone/integration-test/target/test-dir/MiniOzoneClusterImpl-6935df51-69ff-4c35-8bd4-ed2b81d70e54/ozone-metadata/datanode-2/ratis/0b8c5e6b-69eb-484b-887e-939de61e1e74/current/log_inprogress_0
2025-10-20 19:49:57,215 [b614738c-cdff-4f09-bf59-ed5bb75d51be-groupManagement] INFO  server.RaftServerConfigKeys (ConfUtils.java:logGet(62)) - raft.server.log.segment.size.max = 67108864 (custom)
2025-10-20 19:49:57,215 [b614738c-cdff-4f09-bf59-ed5bb75d51be-groupManagement] INFO  server.RaftServerConfigKeys (ConfUtils.java:logGet(62)) - raft.server.log.appender.buffer.byte-limit = 33554432 (custom)
2025-10-20 19:49:57,217 [e05592a5-d00f-4fc1-9e39-a968c1ecb04e@group-939DE61E1E74-SegmentedRaftLogWorker] INFO  segmented.SegmentedRaftLogWorker (SegmentedRaftLogWorker.java:execute(647)) - e05592a5-d00f-4fc1-9e39-a968c1ecb04e@group-939DE61E1E74-SegmentedRaftLogWorker: created new log segment /home/runner/work/ozone/ozone/hadoop-ozone/integration-test/target/test-dir/MiniOzoneClusterImpl-6935df51-69ff-4c35-8bd4-ed2b81d70e54/ozone-metadata/datanode-1/ratis/0b8c5e6b-69eb-484b-887e-939de61e1e74/current/log_inprogress_0
2025-10-20 19:49:57,219 [b614738c-cdff-4f09-bf59-ed5bb75d51be-groupManagement] INFO  util.AwaitToRun (AwaitToRun.java:start(81)) - Thread[#1549,b614738c-cdff-4f09-bf59-ed5bb75d51be@group-351250CF0157-cacheEviction-AwaitToRun,5,main] started
2025-10-20 19:49:57,219 [b614738c-cdff-4f09-bf59-ed5bb75d51be-groupManagement] INFO  segmented.SegmentedRaftLogWorker (SegmentedRaftLogWorker.java:<init>(190)) - new b614738c-cdff-4f09-bf59-ed5bb75d51be@group-351250CF0157-SegmentedRaftLogWorker for RaftStorageImpl:Storage Directory /home/runner/work/ozone/ozone/hadoop-ozone/integration-test/target/test-dir/MiniOzoneClusterImpl-6935df51-69ff-4c35-8bd4-ed2b81d70e54/ozone-metadata/datanode-6/ratis/48b2bb4f-636b-420d-96ed-351250cf0157
2025-10-20 19:49:57,219 [b614738c-cdff-4f09-bf59-ed5bb75d51be-groupManagement] INFO  server.RaftServerConfigKeys (ConfUtils.java:logGet(62)) - raft.server.log.queue.byte-limit = 4294967296 (custom)
2025-10-20 19:49:57,220 [b614738c-cdff-4f09-bf59-ed5bb75d51be-groupManagement] INFO  server.RaftServerConfigKeys (ConfUtils.java:logGet(62)) - raft.server.log.segment.size.max = 67108864 (custom)
2025-10-20 19:49:57,220 [b614738c-cdff-4f09-bf59-ed5bb75d51be-groupManagement] INFO  server.RaftServerConfigKeys (ConfUtils.java:logGet(62)) - raft.server.log.preallocated.size = 4194304 (custom)
2025-10-20 19:49:57,220 [b614738c-cdff-4f09-bf59-ed5bb75d51be-groupManagement] INFO  server.RaftServerConfigKeys (ConfUtils.java:logGet(62)) - raft.server.log.write.buffer.size = 33554440 (custom)
2025-10-20 19:49:57,228 [361055de-215b-4c6c-94c2-be1c1da118d1@group-939DE61E1E74-StateMachineUpdater] INFO  server.RaftServer$Division (LeaderStateImpl.java:checkStartIndex(309)) - Leader 361055de-215b-4c6c-94c2-be1c1da118d1@group-939DE61E1E74-LeaderStateImpl is ready since appliedIndex == startIndex == 0
2025-10-20 19:49:57,230 [b614738c-cdff-4f09-bf59-ed5bb75d51be-groupManagement] INFO  server.RaftServerConfigKeys (ConfUtils.java:logGet(62)) - raft.server.log.appender.buffer.byte-limit = 33554432 (custom)
2025-10-20 19:49:57,230 [b614738c-cdff-4f09-bf59-ed5bb75d51be-groupManagement] INFO  segmented.SegmentedRaftLogWorker (SegmentedRaftLogWorker.java:lambda$new$0(141)) - b614738c-cdff-4f09-bf59-ed5bb75d51be@group-351250CF0157-SegmentedRaftLogWorker: flushIndex: setUnconditionally 0 -> -1
2025-10-20 19:49:57,231 [b614738c-cdff-4f09-bf59-ed5bb75d51be-groupManagement] INFO  segmented.SegmentedRaftLogWorker (SegmentedRaftLogWorker.java:lambda$new$0(141)) - b614738c-cdff-4f09-bf59-ed5bb75d51be@group-351250CF0157-SegmentedRaftLogWorker: safeCacheEvictIndex: setUnconditionally 0 -> -1
2025-10-20 19:49:57,231 [b614738c-cdff-4f09-bf59-ed5bb75d51be-groupManagement] INFO  server.RaftServer$Division (RaftServerImpl.java:start(405)) - b614738c-cdff-4f09-bf59-ed5bb75d51be@group-351250CF0157: start as a follower, conf=conf: {index: -1, cur=peers:[b614738c-cdff-4f09-bf59-ed5bb75d51be|127.0.0.1:15055, af0e5da1-57af-45e9-9aca-fa0798d05628|127.0.0.1:15047, c90bff1f-5a1f-42c6-8fca-9533d718c79a|127.0.0.1:15039]|listeners:[], old=null}
2025-10-20 19:49:57,231 [b614738c-cdff-4f09-bf59-ed5bb75d51be-groupManagement] INFO  server.RaftServer$Division (RaftServerImpl.java:setRole(392)) - b614738c-cdff-4f09-bf59-ed5bb75d51be@group-351250CF0157: changes role from      null to FOLLOWER at term 0 for startAsFollower
2025-10-20 19:49:57,231 [b614738c-cdff-4f09-bf59-ed5bb75d51be-groupManagement] INFO  impl.RoleInfo (RoleInfo.java:updateAndGet(148)) - b614738c-cdff-4f09-bf59-ed5bb75d51be: start b614738c-cdff-4f09-bf59-ed5bb75d51be@group-351250CF0157-FollowerState
2025-10-20 19:49:57,232 [b614738c-cdff-4f09-bf59-ed5bb75d51be-groupManagement] INFO  util.JmxRegister (JmxRegister.java:tryRegister(44)) - Successfully registered JMX Bean with object name Ratis:service=RaftServer,group=group-351250CF0157,id=b614738c-cdff-4f09-bf59-ed5bb75d51be
2025-10-20 19:49:57,232 [b614738c-cdff-4f09-bf59-ed5bb75d51be-groupManagement] INFO  util.JmxRegister (JmxRegister.java:register(58)) - register mxBean class org.apache.ratis.server.impl.RaftServerJmxAdapter as Ratis:service=RaftServer,group=group-351250CF0157,id=b614738c-cdff-4f09-bf59-ed5bb75d51be
2025-10-20 19:49:57,233 [b614738c-cdff-4f09-bf59-ed5bb75d51be-groupManagement] INFO  server.RaftServer$Division (RaftServerImpl.java:start(419)) - b614738c-cdff-4f09-bf59-ed5bb75d51be@group-351250CF0157: Successfully started.
2025-10-20 19:49:57,232 | INFO  | SCMAudit | user=runner | ip=127.0.0.1 | op=SEND_HEARTBEAT {"datanodeUUID":"feb39a1c-80cb-4714-ab06-a361236e3029","term":"2","command":"[commandType: createPipelineCommand createPipelineCommandProto { pipelineID { id: \"065e8a82-a0e8-459a-9388-6a52cfb43cb2\" uuid128 { mostSigBits: 458956505688327578 leastSigBits: -7815880249396937550 } } type: RATIS factor: ONE datanode { uuid: \"feb39a1c-80cb-4714-ab06-a361236e3029\" ipAddress: \"127.0.0.1\" hostName: \"localhost\" ports { name: \"HTTP\" value: 15106 } ports { name: \"CLIENT_RPC\" value: 15107 } ports { name: \"REPLICATION\" value: 15113 } ports { name: \"RATIS\" value: 15109 } ports { name: \"RATIS_ADMIN\" value: 15110 } ports { name: \"RATIS_SERVER\" value: 15111 } ports { name: \"RATIS_DATASTREAM\" value: 15112 } ports { name: \"STANDALONE\" value: 15108 } networkName: \"feb39a1c-80cb-4714-ab06-a361236e3029\" networkLocation: \"/default-rack\" persistedOpState: IN_SERVICE persistedOpStateExpiry: 0 currentVersion: 2 uuid128 { mostSigBits: -93561720034081004 leastSigBits: -6123027005762031575 } level: 3 id { uuid { mostSigBits: -93561720034081004 leastSigBits: -6123027005762031575 } } } cmdId: 1760989793843 priority: 1 } term: 2 encodedToken: \"\" deadlineMsSinceEpoch: 0]"} | ret=SUCCESS |  
2025-10-20 19:49:57,248 [grpc-default-executor-5] INFO  server.RaftServer (RaftServerProxy.java:addNew(105)) - af0e5da1-57af-45e9-9aca-fa0798d05628: addNew group-351250CF0157:[b614738c-cdff-4f09-bf59-ed5bb75d51be|127.0.0.1:15055, af0e5da1-57af-45e9-9aca-fa0798d05628|127.0.0.1:15047, c90bff1f-5a1f-42c6-8fca-9533d718c79a|127.0.0.1:15039] returns group-351250CF0157:java.util.concurrent.CompletableFuture@8740891[Not completed]
2025-10-20 19:49:57,249 [af0e5da1-57af-45e9-9aca-fa0798d05628-groupManagement] INFO  server.RaftServer$Division (RaftServerImpl.java:<init>(268)) - af0e5da1-57af-45e9-9aca-fa0798d05628: new RaftServerImpl for group-351250CF0157:[b614738c-cdff-4f09-bf59-ed5bb75d51be|127.0.0.1:15055, af0e5da1-57af-45e9-9aca-fa0798d05628|127.0.0.1:15047, c90bff1f-5a1f-42c6-8fca-9533d718c79a|127.0.0.1:15039] with ContainerStateMachine:uninitialized
2025-10-20 19:49:57,250 [af0e5da1-57af-45e9-9aca-fa0798d05628-groupManagement] INFO  server.RaftServer$Division (ServerState.java:<init>(114)) - af0e5da1-57af-45e9-9aca-fa0798d05628@group-351250CF0157: ConfigurationManager, init=conf: {index: -1, cur=peers:[b614738c-cdff-4f09-bf59-ed5bb75d51be|127.0.0.1:15055, af0e5da1-57af-45e9-9aca-fa0798d05628|127.0.0.1:15047, c90bff1f-5a1f-42c6-8fca-9533d718c79a|127.0.0.1:15039]|listeners:[], old=null}, confs=<EMPTY_MAP>
2025-10-20 19:49:57,256 [af0e5da1-57af-45e9-9aca-fa0798d05628-groupManagement] INFO  server.RaftServerConfigKeys (ConfUtils.java:logGet(62)) - raft.server.storage.dir = [/home/runner/work/ozone/ozone/hadoop-ozone/integration-test/target/test-dir/MiniOzoneClusterImpl-6935df51-69ff-4c35-8bd4-ed2b81d70e54/ozone-metadata/datanode-5/ratis] (custom)
2025-10-20 19:49:57,256 [af0e5da1-57af-45e9-9aca-fa0798d05628-groupManagement] INFO  storage.RaftStorageDirectory (RaftStorageDirectoryImpl.java:analyzeStorage(138)) - The storage directory /home/runner/work/ozone/ozone/hadoop-ozone/integration-test/target/test-dir/MiniOzoneClusterImpl-6935df51-69ff-4c35-8bd4-ed2b81d70e54/ozone-metadata/datanode-5/ratis/48b2bb4f-636b-420d-96ed-351250cf0157 does not exist. Creating ...
2025-10-20 19:49:57,257 [af0e5da1-57af-45e9-9aca-fa0798d05628-groupManagement] INFO  storage.RaftStorageDirectory (RaftStorageDirectoryImpl.java:tryLock(229)) - Lock on /home/runner/work/ozone/ozone/hadoop-ozone/integration-test/target/test-dir/MiniOzoneClusterImpl-6935df51-69ff-4c35-8bd4-ed2b81d70e54/ozone-metadata/datanode-5/ratis/48b2bb4f-636b-420d-96ed-351250cf0157/in_use.lock acquired by nodename 12924@localhost
2025-10-20 19:49:57,258 [af0e5da1-57af-45e9-9aca-fa0798d05628-groupManagement] INFO  storage.RaftStorage (RaftStorageImpl.java:format(98)) - Storage directory /home/runner/work/ozone/ozone/hadoop-ozone/integration-test/target/test-dir/MiniOzoneClusterImpl-6935df51-69ff-4c35-8bd4-ed2b81d70e54/ozone-metadata/datanode-5/ratis/48b2bb4f-636b-420d-96ed-351250cf0157 has been successfully formatted.
2025-10-20 19:49:57,258 [af0e5da1-57af-45e9-9aca-fa0798d05628-groupManagement] INFO  ratis.ContainerStateMachine (ContainerStateMachine.java:initialize(339)) - af0e5da1-57af-45e9-9aca-fa0798d05628: initialize group-351250CF0157
2025-10-20 19:49:57,258 [af0e5da1-57af-45e9-9aca-fa0798d05628-groupManagement] INFO  ratis.ContainerStateMachine (ContainerStateMachine.java:loadSnapshot(347)) - group-351250CF0157: The snapshot info is null. Setting the last applied index to:<INITIAL_VALUE>
2025-10-20 19:49:57,259 [af0e5da1-57af-45e9-9aca-fa0798d05628-groupManagement] INFO  server.RaftServerConfigKeys (ConfUtils.java:logGet(62)) - raft.server.log.appender.buffer.byte-limit = 33554432 (custom)
2025-10-20 19:49:57,261 [af0e5da1-57af-45e9-9aca-fa0798d05628-groupManagement] INFO  server.RaftServerConfigKeys (ConfUtils.java:logGet(62)) - raft.server.log.segment.size.max = 67108864 (custom)
2025-10-20 19:49:57,262 [af0e5da1-57af-45e9-9aca-fa0798d05628-groupManagement] INFO  server.RaftServerConfigKeys (ConfUtils.java:logGet(62)) - raft.server.log.appender.buffer.byte-limit = 33554432 (custom)
2025-10-20 19:49:57,262 | INFO  | SCMAudit | user=runner | ip=127.0.0.1 | op=SEND_HEARTBEAT {"datanodeUUID":"af0e5da1-57af-45e9-9aca-fa0798d05628","term":"2","command":"[]"} | ret=SUCCESS |  
2025-10-20 19:49:57,263 [af0e5da1-57af-45e9-9aca-fa0798d05628-groupManagement] INFO  util.AwaitToRun (AwaitToRun.java:start(81)) - Thread[#1557,af0e5da1-57af-45e9-9aca-fa0798d05628@group-351250CF0157-cacheEviction-AwaitToRun,5,main] started
2025-10-20 19:49:57,263 [af0e5da1-57af-45e9-9aca-fa0798d05628-groupManagement] INFO  segmented.SegmentedRaftLogWorker (SegmentedRaftLogWorker.java:<init>(190)) - new af0e5da1-57af-45e9-9aca-fa0798d05628@group-351250CF0157-SegmentedRaftLogWorker for RaftStorageImpl:Storage Directory /home/runner/work/ozone/ozone/hadoop-ozone/integration-test/target/test-dir/MiniOzoneClusterImpl-6935df51-69ff-4c35-8bd4-ed2b81d70e54/ozone-metadata/datanode-5/ratis/48b2bb4f-636b-420d-96ed-351250cf0157
2025-10-20 19:49:57,263 [af0e5da1-57af-45e9-9aca-fa0798d05628-groupManagement] INFO  server.RaftServerConfigKeys (ConfUtils.java:logGet(62)) - raft.server.log.queue.byte-limit = 4294967296 (custom)
2025-10-20 19:49:57,263 [af0e5da1-57af-45e9-9aca-fa0798d05628-groupManagement] INFO  server.RaftServerConfigKeys (ConfUtils.java:logGet(62)) - raft.server.log.segment.size.max = 67108864 (custom)
2025-10-20 19:49:57,263 [af0e5da1-57af-45e9-9aca-fa0798d05628-groupManagement] INFO  server.RaftServerConfigKeys (ConfUtils.java:logGet(62)) - raft.server.log.preallocated.size = 4194304 (custom)
2025-10-20 19:49:57,264 [af0e5da1-57af-45e9-9aca-fa0798d05628-groupManagement] INFO  server.RaftServerConfigKeys (ConfUtils.java:logGet(62)) - raft.server.log.write.buffer.size = 33554440 (custom)
2025-10-20 19:49:57,271 [af0e5da1-57af-45e9-9aca-fa0798d05628-groupManagement] INFO  server.RaftServerConfigKeys (ConfUtils.java:logGet(62)) - raft.server.log.appender.buffer.byte-limit = 33554432 (custom)
2025-10-20 19:49:57,272 [af0e5da1-57af-45e9-9aca-fa0798d05628-groupManagement] INFO  segmented.SegmentedRaftLogWorker (SegmentedRaftLogWorker.java:lambda$new$0(141)) - af0e5da1-57af-45e9-9aca-fa0798d05628@group-351250CF0157-SegmentedRaftLogWorker: flushIndex: setUnconditionally 0 -> -1
2025-10-20 19:49:57,272 [af0e5da1-57af-45e9-9aca-fa0798d05628-groupManagement] INFO  segmented.SegmentedRaftLogWorker (SegmentedRaftLogWorker.java:lambda$new$0(141)) - af0e5da1-57af-45e9-9aca-fa0798d05628@group-351250CF0157-SegmentedRaftLogWorker: safeCacheEvictIndex: setUnconditionally 0 -> -1
2025-10-20 19:49:57,272 [af0e5da1-57af-45e9-9aca-fa0798d05628-groupManagement] INFO  server.RaftServer$Division (RaftServerImpl.java:start(405)) - af0e5da1-57af-45e9-9aca-fa0798d05628@group-351250CF0157: start as a follower, conf=conf: {index: -1, cur=peers:[b614738c-cdff-4f09-bf59-ed5bb75d51be|127.0.0.1:15055, af0e5da1-57af-45e9-9aca-fa0798d05628|127.0.0.1:15047, c90bff1f-5a1f-42c6-8fca-9533d718c79a|127.0.0.1:15039]|listeners:[], old=null}
2025-10-20 19:49:57,272 [af0e5da1-57af-45e9-9aca-fa0798d05628-groupManagement] INFO  server.RaftServer$Division (RaftServerImpl.java:setRole(392)) - af0e5da1-57af-45e9-9aca-fa0798d05628@group-351250CF0157: changes role from      null to FOLLOWER at term 0 for startAsFollower
2025-10-20 19:49:57,272 [af0e5da1-57af-45e9-9aca-fa0798d05628-groupManagement] INFO  impl.RoleInfo (RoleInfo.java:updateAndGet(148)) - af0e5da1-57af-45e9-9aca-fa0798d05628: start af0e5da1-57af-45e9-9aca-fa0798d05628@group-351250CF0157-FollowerState
2025-10-20 19:49:57,273 [af0e5da1-57af-45e9-9aca-fa0798d05628-groupManagement] INFO  util.JmxRegister (JmxRegister.java:tryRegister(44)) - Successfully registered JMX Bean with object name Ratis:service=RaftServer,group=group-351250CF0157,id=af0e5da1-57af-45e9-9aca-fa0798d05628
2025-10-20 19:49:57,273 [af0e5da1-57af-45e9-9aca-fa0798d05628-groupManagement] INFO  util.JmxRegister (JmxRegister.java:register(58)) - register mxBean class org.apache.ratis.server.impl.RaftServerJmxAdapter as Ratis:service=RaftServer,group=group-351250CF0157,id=af0e5da1-57af-45e9-9aca-fa0798d05628
2025-10-20 19:49:57,274 [af0e5da1-57af-45e9-9aca-fa0798d05628-groupManagement] INFO  server.RaftServer$Division (RaftServerImpl.java:start(419)) - af0e5da1-57af-45e9-9aca-fa0798d05628@group-351250CF0157: Successfully started.
2025-10-20 19:49:57,278 [c90bff1f-5a1f-42c6-8fca-9533d718c79a-CreatePipelineCommandHandlerThread-0] INFO  commandhandler.CreatePipelineCommandHandler (CreatePipelineCommandHandler.java:lambda$handle$2(141)) - Created Pipeline RATIS THREE Pipeline-48b2bb4f-636b-420d-96ed-351250cf0157.
2025-10-20 19:49:57,278 [c90bff1f-5a1f-42c6-8fca-9533d718c79a-CreatePipelineCommandHandlerThread-0] INFO  server.RaftServer (RaftServerProxy.java:addNew(105)) - c90bff1f-5a1f-42c6-8fca-9533d718c79a: addNew group-C8B3A767D7CD:[b614738c-cdff-4f09-bf59-ed5bb75d51be|127.0.0.1:15055, af0e5da1-57af-45e9-9aca-fa0798d05628|127.0.0.1:15047, c90bff1f-5a1f-42c6-8fca-9533d718c79a|127.0.0.1:15039] returns group-C8B3A767D7CD:java.util.concurrent.CompletableFuture@6cd65880[Not completed]
2025-10-20 19:49:57,281 [c90bff1f-5a1f-42c6-8fca-9533d718c79a-groupManagement] INFO  server.RaftServer$Division (RaftServerImpl.java:<init>(268)) - c90bff1f-5a1f-42c6-8fca-9533d718c79a: new RaftServerImpl for group-C8B3A767D7CD:[b614738c-cdff-4f09-bf59-ed5bb75d51be|127.0.0.1:15055, af0e5da1-57af-45e9-9aca-fa0798d05628|127.0.0.1:15047, c90bff1f-5a1f-42c6-8fca-9533d718c79a|127.0.0.1:15039] with ContainerStateMachine:uninitialized
2025-10-20 19:49:57,281 [c90bff1f-5a1f-42c6-8fca-9533d718c79a-groupManagement] INFO  server.RaftServer$Division (ServerState.java:<init>(114)) - c90bff1f-5a1f-42c6-8fca-9533d718c79a@group-C8B3A767D7CD: ConfigurationManager, init=conf: {index: -1, cur=peers:[b614738c-cdff-4f09-bf59-ed5bb75d51be|127.0.0.1:15055, af0e5da1-57af-45e9-9aca-fa0798d05628|127.0.0.1:15047, c90bff1f-5a1f-42c6-8fca-9533d718c79a|127.0.0.1:15039]|listeners:[], old=null}, confs=<EMPTY_MAP>
2025-10-20 19:49:57,287 [c90bff1f-5a1f-42c6-8fca-9533d718c79a-groupManagement] INFO  server.RaftServerConfigKeys (ConfUtils.java:logGet(62)) - raft.server.storage.dir = [/home/runner/work/ozone/ozone/hadoop-ozone/integration-test/target/test-dir/MiniOzoneClusterImpl-6935df51-69ff-4c35-8bd4-ed2b81d70e54/ozone-metadata/datanode-4/ratis] (custom)
2025-10-20 19:49:57,287 [c90bff1f-5a1f-42c6-8fca-9533d718c79a-groupManagement] INFO  storage.RaftStorageDirectory (RaftStorageDirectoryImpl.java:analyzeStorage(138)) - The storage directory /home/runner/work/ozone/ozone/hadoop-ozone/integration-test/target/test-dir/MiniOzoneClusterImpl-6935df51-69ff-4c35-8bd4-ed2b81d70e54/ozone-metadata/datanode-4/ratis/ba8f49ac-c35b-4342-9840-c8b3a767d7cd does not exist. Creating ...
2025-10-20 19:49:57,288 [c90bff1f-5a1f-42c6-8fca-9533d718c79a-groupManagement] INFO  storage.RaftStorageDirectory (RaftStorageDirectoryImpl.java:tryLock(229)) - Lock on /home/runner/work/ozone/ozone/hadoop-ozone/integration-test/target/test-dir/MiniOzoneClusterImpl-6935df51-69ff-4c35-8bd4-ed2b81d70e54/ozone-metadata/datanode-4/ratis/ba8f49ac-c35b-4342-9840-c8b3a767d7cd/in_use.lock acquired by nodename 12924@localhost
2025-10-20 19:49:57,289 [c90bff1f-5a1f-42c6-8fca-9533d718c79a-groupManagement] INFO  storage.RaftStorage (RaftStorageImpl.java:format(98)) - Storage directory /home/runner/work/ozone/ozone/hadoop-ozone/integration-test/target/test-dir/MiniOzoneClusterImpl-6935df51-69ff-4c35-8bd4-ed2b81d70e54/ozone-metadata/datanode-4/ratis/ba8f49ac-c35b-4342-9840-c8b3a767d7cd has been successfully formatted.
2025-10-20 19:49:57,291 [c90bff1f-5a1f-42c6-8fca-9533d718c79a-groupManagement] INFO  ratis.ContainerStateMachine (ContainerStateMachine.java:initialize(339)) - c90bff1f-5a1f-42c6-8fca-9533d718c79a: initialize group-C8B3A767D7CD
2025-10-20 19:49:57,291 [c90bff1f-5a1f-42c6-8fca-9533d718c79a-groupManagement] INFO  ratis.ContainerStateMachine (ContainerStateMachine.java:loadSnapshot(347)) - group-C8B3A767D7CD: The snapshot info is null. Setting the last applied index to:<INITIAL_VALUE>
2025-10-20 19:49:57,291 [c90bff1f-5a1f-42c6-8fca-9533d718c79a-groupManagement] INFO  server.RaftServerConfigKeys (ConfUtils.java:logGet(62)) - raft.server.log.appender.buffer.byte-limit = 33554432 (custom)
2025-10-20 19:49:57,292 | INFO  | SCMAudit | user=runner | ip=127.0.0.1 | op=SEND_HEARTBEAT {"datanodeUUID":"c90bff1f-5a1f-42c6-8fca-9533d718c79a","term":"2","command":"[]"} | ret=SUCCESS |  
2025-10-20 19:49:57,294 [c90bff1f-5a1f-42c6-8fca-9533d718c79a-groupManagement] INFO  server.RaftServerConfigKeys (ConfUtils.java:logGet(62)) - raft.server.log.segment.size.max = 67108864 (custom)
2025-10-20 19:49:57,294 [c90bff1f-5a1f-42c6-8fca-9533d718c79a-groupManagement] INFO  server.RaftServerConfigKeys (ConfUtils.java:logGet(62)) - raft.server.log.appender.buffer.byte-limit = 33554432 (custom)
2025-10-20 19:49:57,295 [c90bff1f-5a1f-42c6-8fca-9533d718c79a-groupManagement] INFO  util.AwaitToRun (AwaitToRun.java:start(81)) - Thread[#1564,c90bff1f-5a1f-42c6-8fca-9533d718c79a@group-C8B3A767D7CD-cacheEviction-AwaitToRun,5,main] started
2025-10-20 19:49:57,295 [c90bff1f-5a1f-42c6-8fca-9533d718c79a-groupManagement] INFO  segmented.SegmentedRaftLogWorker (SegmentedRaftLogWorker.java:<init>(190)) - new c90bff1f-5a1f-42c6-8fca-9533d718c79a@group-C8B3A767D7CD-SegmentedRaftLogWorker for RaftStorageImpl:Storage Directory /home/runner/work/ozone/ozone/hadoop-ozone/integration-test/target/test-dir/MiniOzoneClusterImpl-6935df51-69ff-4c35-8bd4-ed2b81d70e54/ozone-metadata/datanode-4/ratis/ba8f49ac-c35b-4342-9840-c8b3a767d7cd
2025-10-20 19:49:57,295 [c90bff1f-5a1f-42c6-8fca-9533d718c79a-groupManagement] INFO  server.RaftServerConfigKeys (ConfUtils.java:logGet(62)) - raft.server.log.queue.byte-limit = 4294967296 (custom)
2025-10-20 19:49:57,295 [c90bff1f-5a1f-42c6-8fca-9533d718c79a-groupManagement] INFO  server.RaftServerConfigKeys (ConfUtils.java:logGet(62)) - raft.server.log.segment.size.max = 67108864 (custom)
2025-10-20 19:49:57,295 [c90bff1f-5a1f-42c6-8fca-9533d718c79a-groupManagement] INFO  server.RaftServerConfigKeys (ConfUtils.java:logGet(62)) - raft.server.log.preallocated.size = 4194304 (custom)
2025-10-20 19:49:57,295 [c90bff1f-5a1f-42c6-8fca-9533d718c79a-groupManagement] INFO  server.RaftServerConfigKeys (ConfUtils.java:logGet(62)) - raft.server.log.write.buffer.size = 33554440 (custom)
2025-10-20 19:49:57,303 [c90bff1f-5a1f-42c6-8fca-9533d718c79a-groupManagement] INFO  server.RaftServerConfigKeys (ConfUtils.java:logGet(62)) - raft.server.log.appender.buffer.byte-limit = 33554432 (custom)
2025-10-20 19:49:57,303 [c90bff1f-5a1f-42c6-8fca-9533d718c79a-groupManagement] INFO  segmented.SegmentedRaftLogWorker (SegmentedRaftLogWorker.java:lambda$new$0(141)) - c90bff1f-5a1f-42c6-8fca-9533d718c79a@group-C8B3A767D7CD-SegmentedRaftLogWorker: flushIndex: setUnconditionally 0 -> -1
2025-10-20 19:49:57,303 [c90bff1f-5a1f-42c6-8fca-9533d718c79a-groupManagement] INFO  segmented.SegmentedRaftLogWorker (SegmentedRaftLogWorker.java:lambda$new$0(141)) - c90bff1f-5a1f-42c6-8fca-9533d718c79a@group-C8B3A767D7CD-SegmentedRaftLogWorker: safeCacheEvictIndex: setUnconditionally 0 -> -1
2025-10-20 19:49:57,303 [c90bff1f-5a1f-42c6-8fca-9533d718c79a-groupManagement] INFO  server.RaftServer$Division (RaftServerImpl.java:start(405)) - c90bff1f-5a1f-42c6-8fca-9533d718c79a@group-C8B3A767D7CD: start as a follower, conf=conf: {index: -1, cur=peers:[b614738c-cdff-4f09-bf59-ed5bb75d51be|127.0.0.1:15055, af0e5da1-57af-45e9-9aca-fa0798d05628|127.0.0.1:15047, c90bff1f-5a1f-42c6-8fca-9533d718c79a|127.0.0.1:15039]|listeners:[], old=null}
2025-10-20 19:49:57,304 [c90bff1f-5a1f-42c6-8fca-9533d718c79a-groupManagement] INFO  server.RaftServer$Division (RaftServerImpl.java:setRole(392)) - c90bff1f-5a1f-42c6-8fca-9533d718c79a@group-C8B3A767D7CD: changes role from      null to FOLLOWER at term 0 for startAsFollower
2025-10-20 19:49:57,304 [c90bff1f-5a1f-42c6-8fca-9533d718c79a-groupManagement] INFO  impl.RoleInfo (RoleInfo.java:updateAndGet(148)) - c90bff1f-5a1f-42c6-8fca-9533d718c79a: start c90bff1f-5a1f-42c6-8fca-9533d718c79a@group-C8B3A767D7CD-FollowerState
2025-10-20 19:49:57,304 [c90bff1f-5a1f-42c6-8fca-9533d718c79a-groupManagement] INFO  util.JmxRegister (JmxRegister.java:tryRegister(44)) - Successfully registered JMX Bean with object name Ratis:service=RaftServer,group=group-C8B3A767D7CD,id=c90bff1f-5a1f-42c6-8fca-9533d718c79a
2025-10-20 19:49:57,304 [c90bff1f-5a1f-42c6-8fca-9533d718c79a-groupManagement] INFO  util.JmxRegister (JmxRegister.java:register(58)) - register mxBean class org.apache.ratis.server.impl.RaftServerJmxAdapter as Ratis:service=RaftServer,group=group-C8B3A767D7CD,id=c90bff1f-5a1f-42c6-8fca-9533d718c79a
2025-10-20 19:49:57,305 [c90bff1f-5a1f-42c6-8fca-9533d718c79a-groupManagement] INFO  server.RaftServer$Division (RaftServerImpl.java:start(419)) - c90bff1f-5a1f-42c6-8fca-9533d718c79a@group-C8B3A767D7CD: Successfully started.
2025-10-20 19:49:57,305 [c90bff1f-5a1f-42c6-8fca-9533d718c79a-CreatePipelineCommandHandlerThread-0] INFO  ratis.XceiverServerRatis (XceiverServerRatis.java:addGroup(839)) - Created group Pipeline-ba8f49ac-c35b-4342-9840-c8b3a767d7cd
2025-10-20 19:49:57,314 [grpc-default-executor-5] INFO  server.RaftServer (RaftServerProxy.java:addNew(105)) - af0e5da1-57af-45e9-9aca-fa0798d05628: addNew group-C8B3A767D7CD:[b614738c-cdff-4f09-bf59-ed5bb75d51be|127.0.0.1:15055, af0e5da1-57af-45e9-9aca-fa0798d05628|127.0.0.1:15047, c90bff1f-5a1f-42c6-8fca-9533d718c79a|127.0.0.1:15039] returns group-C8B3A767D7CD:java.util.concurrent.CompletableFuture@607070ba[Not completed]
2025-10-20 19:49:57,316 [af0e5da1-57af-45e9-9aca-fa0798d05628-groupManagement] INFO  server.RaftServer$Division (RaftServerImpl.java:<init>(268)) - af0e5da1-57af-45e9-9aca-fa0798d05628: new RaftServerImpl for group-C8B3A767D7CD:[b614738c-cdff-4f09-bf59-ed5bb75d51be|127.0.0.1:15055, af0e5da1-57af-45e9-9aca-fa0798d05628|127.0.0.1:15047, c90bff1f-5a1f-42c6-8fca-9533d718c79a|127.0.0.1:15039] with ContainerStateMachine:uninitialized
2025-10-20 19:49:57,317 [af0e5da1-57af-45e9-9aca-fa0798d05628-groupManagement] INFO  server.RaftServer$Division (ServerState.java:<init>(114)) - af0e5da1-57af-45e9-9aca-fa0798d05628@group-C8B3A767D7CD: ConfigurationManager, init=conf: {index: -1, cur=peers:[b614738c-cdff-4f09-bf59-ed5bb75d51be|127.0.0.1:15055, af0e5da1-57af-45e9-9aca-fa0798d05628|127.0.0.1:15047, c90bff1f-5a1f-42c6-8fca-9533d718c79a|127.0.0.1:15039]|listeners:[], old=null}, confs=<EMPTY_MAP>
2025-10-20 19:49:57,323 [af0e5da1-57af-45e9-9aca-fa0798d05628-groupManagement] INFO  server.RaftServerConfigKeys (ConfUtils.java:logGet(62)) - raft.server.storage.dir = [/home/runner/work/ozone/ozone/hadoop-ozone/integration-test/target/test-dir/MiniOzoneClusterImpl-6935df51-69ff-4c35-8bd4-ed2b81d70e54/ozone-metadata/datanode-5/ratis] (custom)
2025-10-20 19:49:57,323 [af0e5da1-57af-45e9-9aca-fa0798d05628-groupManagement] INFO  storage.RaftStorageDirectory (RaftStorageDirectoryImpl.java:analyzeStorage(138)) - The storage directory /home/runner/work/ozone/ozone/hadoop-ozone/integration-test/target/test-dir/MiniOzoneClusterImpl-6935df51-69ff-4c35-8bd4-ed2b81d70e54/ozone-metadata/datanode-5/ratis/ba8f49ac-c35b-4342-9840-c8b3a767d7cd does not exist. Creating ...
2025-10-20 19:49:57,325 [af0e5da1-57af-45e9-9aca-fa0798d05628-groupManagement] INFO  storage.RaftStorageDirectory (RaftStorageDirectoryImpl.java:tryLock(229)) - Lock on /home/runner/work/ozone/ozone/hadoop-ozone/integration-test/target/test-dir/MiniOzoneClusterImpl-6935df51-69ff-4c35-8bd4-ed2b81d70e54/ozone-metadata/datanode-5/ratis/ba8f49ac-c35b-4342-9840-c8b3a767d7cd/in_use.lock acquired by nodename 12924@localhost
2025-10-20 19:49:57,326 [af0e5da1-57af-45e9-9aca-fa0798d05628-groupManagement] INFO  storage.RaftStorage (RaftStorageImpl.java:format(98)) - Storage directory /home/runner/work/ozone/ozone/hadoop-ozone/integration-test/target/test-dir/MiniOzoneClusterImpl-6935df51-69ff-4c35-8bd4-ed2b81d70e54/ozone-metadata/datanode-5/ratis/ba8f49ac-c35b-4342-9840-c8b3a767d7cd has been successfully formatted.
2025-10-20 19:49:57,327 [af0e5da1-57af-45e9-9aca-fa0798d05628-groupManagement] INFO  ratis.ContainerStateMachine (ContainerStateMachine.java:initialize(339)) - af0e5da1-57af-45e9-9aca-fa0798d05628: initialize group-C8B3A767D7CD
2025-10-20 19:49:57,327 [af0e5da1-57af-45e9-9aca-fa0798d05628-groupManagement] INFO  ratis.ContainerStateMachine (ContainerStateMachine.java:loadSnapshot(347)) - group-C8B3A767D7CD: The snapshot info is null. Setting the last applied index to:<INITIAL_VALUE>
2025-10-20 19:49:57,328 [af0e5da1-57af-45e9-9aca-fa0798d05628-groupManagement] INFO  server.RaftServerConfigKeys (ConfUtils.java:logGet(62)) - raft.server.log.appender.buffer.byte-limit = 33554432 (custom)
2025-10-20 19:49:57,330 | INFO  | SCMAudit | user=runner | ip=127.0.0.1 | op=SEND_HEARTBEAT {"datanodeUUID":"af0e5da1-57af-45e9-9aca-fa0798d05628","term":"2","command":"[]"} | ret=SUCCESS |  
2025-10-20 19:49:57,330 [af0e5da1-57af-45e9-9aca-fa0798d05628-groupManagement] INFO  server.RaftServerConfigKeys (ConfUtils.java:logGet(62)) - raft.server.log.segment.size.max = 67108864 (custom)
2025-10-20 19:49:57,331 [af0e5da1-57af-45e9-9aca-fa0798d05628-groupManagement] INFO  server.RaftServerConfigKeys (ConfUtils.java:logGet(62)) - raft.server.log.appender.buffer.byte-limit = 33554432 (custom)
2025-10-20 19:49:57,331 [af0e5da1-57af-45e9-9aca-fa0798d05628-groupManagement] INFO  util.AwaitToRun (AwaitToRun.java:start(81)) - Thread[#1568,af0e5da1-57af-45e9-9aca-fa0798d05628@group-C8B3A767D7CD-cacheEviction-AwaitToRun,5,main] started
2025-10-20 19:49:57,331 [af0e5da1-57af-45e9-9aca-fa0798d05628-groupManagement] INFO  segmented.SegmentedRaftLogWorker (SegmentedRaftLogWorker.java:<init>(190)) - new af0e5da1-57af-45e9-9aca-fa0798d05628@group-C8B3A767D7CD-SegmentedRaftLogWorker for RaftStorageImpl:Storage Directory /home/runner/work/ozone/ozone/hadoop-ozone/integration-test/target/test-dir/MiniOzoneClusterImpl-6935df51-69ff-4c35-8bd4-ed2b81d70e54/ozone-metadata/datanode-5/ratis/ba8f49ac-c35b-4342-9840-c8b3a767d7cd
2025-10-20 19:49:57,331 [af0e5da1-57af-45e9-9aca-fa0798d05628-groupManagement] INFO  server.RaftServerConfigKeys (ConfUtils.java:logGet(62)) - raft.server.log.queue.byte-limit = 4294967296 (custom)
2025-10-20 19:49:57,332 [af0e5da1-57af-45e9-9aca-fa0798d05628-groupManagement] INFO  server.RaftServerConfigKeys (ConfUtils.java:logGet(62)) - raft.server.log.segment.size.max = 67108864 (custom)
2025-10-20 19:49:57,332 [af0e5da1-57af-45e9-9aca-fa0798d05628-groupManagement] INFO  server.RaftServerConfigKeys (ConfUtils.java:logGet(62)) - raft.server.log.preallocated.size = 4194304 (custom)
2025-10-20 19:49:57,332 [af0e5da1-57af-45e9-9aca-fa0798d05628-groupManagement] INFO  server.RaftServerConfigKeys (ConfUtils.java:logGet(62)) - raft.server.log.write.buffer.size = 33554440 (custom)
2025-10-20 19:49:57,336 | INFO  | SCMAudit | user=runner | ip=127.0.0.1 | op=SEND_HEARTBEAT {"datanodeUUID":"605be85e-a7f4-44d7-8cfd-f53001b990b0","term":"2","command":"[]"} | ret=SUCCESS |  
2025-10-20 19:49:57,337 [605be85e-a7f4-44d7-8cfd-f53001b990b0-CreatePipelineCommandHandlerThread-0] INFO  server.RaftServer (RaftServerProxy.java:addNew(105)) - 605be85e-a7f4-44d7-8cfd-f53001b990b0: addNew group-B1406FC7FB54:[605be85e-a7f4-44d7-8cfd-f53001b990b0|127.0.0.1:15079] returns group-B1406FC7FB54:java.util.concurrent.CompletableFuture@2564682a[Not completed]
2025-10-20 19:49:57,339 [605be85e-a7f4-44d7-8cfd-f53001b990b0-groupManagement] INFO  server.RaftServer$Division (RaftServerImpl.java:<init>(268)) - 605be85e-a7f4-44d7-8cfd-f53001b990b0: new RaftServerImpl for group-B1406FC7FB54:[605be85e-a7f4-44d7-8cfd-f53001b990b0|127.0.0.1:15079] with ContainerStateMachine:uninitialized
2025-10-20 19:49:57,339 [605be85e-a7f4-44d7-8cfd-f53001b990b0-groupManagement] INFO  server.RaftServer$Division (ServerState.java:<init>(114)) - 605be85e-a7f4-44d7-8cfd-f53001b990b0@group-B1406FC7FB54: ConfigurationManager, init=conf: {index: -1, cur=peers:[605be85e-a7f4-44d7-8cfd-f53001b990b0|127.0.0.1:15079]|listeners:[], old=null}, confs=<EMPTY_MAP>
2025-10-20 19:49:57,340 [af0e5da1-57af-45e9-9aca-fa0798d05628-groupManagement] INFO  server.RaftServerConfigKeys (ConfUtils.java:logGet(62)) - raft.server.log.appender.buffer.byte-limit = 33554432 (custom)
2025-10-20 19:49:57,341 [af0e5da1-57af-45e9-9aca-fa0798d05628-groupManagement] INFO  segmented.SegmentedRaftLogWorker (SegmentedRaftLogWorker.java:lambda$new$0(141)) - af0e5da1-57af-45e9-9aca-fa0798d05628@group-C8B3A767D7CD-SegmentedRaftLogWorker: flushIndex: setUnconditionally 0 -> -1
2025-10-20 19:49:57,341 [af0e5da1-57af-45e9-9aca-fa0798d05628-groupManagement] INFO  segmented.SegmentedRaftLogWorker (SegmentedRaftLogWorker.java:lambda$new$0(141)) - af0e5da1-57af-45e9-9aca-fa0798d05628@group-C8B3A767D7CD-SegmentedRaftLogWorker: safeCacheEvictIndex: setUnconditionally 0 -> -1
2025-10-20 19:49:57,341 [af0e5da1-57af-45e9-9aca-fa0798d05628-groupManagement] INFO  server.RaftServer$Division (RaftServerImpl.java:start(405)) - af0e5da1-57af-45e9-9aca-fa0798d05628@group-C8B3A767D7CD: start as a follower, conf=conf: {index: -1, cur=peers:[b614738c-cdff-4f09-bf59-ed5bb75d51be|127.0.0.1:15055, af0e5da1-57af-45e9-9aca-fa0798d05628|127.0.0.1:15047, c90bff1f-5a1f-42c6-8fca-9533d718c79a|127.0.0.1:15039]|listeners:[], old=null}
2025-10-20 19:49:57,341 [af0e5da1-57af-45e9-9aca-fa0798d05628-groupManagement] INFO  server.RaftServer$Division (RaftServerImpl.java:setRole(392)) - af0e5da1-57af-45e9-9aca-fa0798d05628@group-C8B3A767D7CD: changes role from      null to FOLLOWER at term 0 for startAsFollower
2025-10-20 19:49:57,341 [af0e5da1-57af-45e9-9aca-fa0798d05628-groupManagement] INFO  impl.RoleInfo (RoleInfo.java:updateAndGet(148)) - af0e5da1-57af-45e9-9aca-fa0798d05628: start af0e5da1-57af-45e9-9aca-fa0798d05628@group-C8B3A767D7CD-FollowerState
2025-10-20 19:49:57,342 [af0e5da1-57af-45e9-9aca-fa0798d05628-groupManagement] INFO  util.JmxRegister (JmxRegister.java:tryRegister(44)) - Successfully registered JMX Bean with object name Ratis:service=RaftServer,group=group-C8B3A767D7CD,id=af0e5da1-57af-45e9-9aca-fa0798d05628
2025-10-20 19:49:57,342 [af0e5da1-57af-45e9-9aca-fa0798d05628-groupManagement] INFO  util.JmxRegister (JmxRegister.java:register(58)) - register mxBean class org.apache.ratis.server.impl.RaftServerJmxAdapter as Ratis:service=RaftServer,group=group-C8B3A767D7CD,id=af0e5da1-57af-45e9-9aca-fa0798d05628
2025-10-20 19:49:57,343 [af0e5da1-57af-45e9-9aca-fa0798d05628-groupManagement] INFO  server.RaftServer$Division (RaftServerImpl.java:start(419)) - af0e5da1-57af-45e9-9aca-fa0798d05628@group-C8B3A767D7CD: Successfully started.
2025-10-20 19:49:57,349 [605be85e-a7f4-44d7-8cfd-f53001b990b0-groupManagement] INFO  server.RaftServerConfigKeys (ConfUtils.java:logGet(62)) - raft.server.storage.dir = [/home/runner/work/ozone/ozone/hadoop-ozone/integration-test/target/test-dir/MiniOzoneClusterImpl-6935df51-69ff-4c35-8bd4-ed2b81d70e54/ozone-metadata/datanode-9/ratis] (custom)
2025-10-20 19:49:57,350 [605be85e-a7f4-44d7-8cfd-f53001b990b0-groupManagement] INFO  storage.RaftStorageDirectory (RaftStorageDirectoryImpl.java:analyzeStorage(138)) - The storage directory /home/runner/work/ozone/ozone/hadoop-ozone/integration-test/target/test-dir/MiniOzoneClusterImpl-6935df51-69ff-4c35-8bd4-ed2b81d70e54/ozone-metadata/datanode-9/ratis/e6175e89-edf4-4ae0-8959-b1406fc7fb54 does not exist. Creating ...
2025-10-20 19:49:57,352 [af0e5da1-57af-45e9-9aca-fa0798d05628-CreatePipelineCommandHandlerThread-0] INFO  server.RaftServer (RaftServerProxy.java:addNew(105)) - af0e5da1-57af-45e9-9aca-fa0798d05628: addNew group-07DD2BB39A51:[af0e5da1-57af-45e9-9aca-fa0798d05628|127.0.0.1:15047] returns group-07DD2BB39A51:java.util.concurrent.CompletableFuture@61d1d20[Not completed]
2025-10-20 19:49:57,352 [605be85e-a7f4-44d7-8cfd-f53001b990b0-groupManagement] INFO  storage.RaftStorageDirectory (RaftStorageDirectoryImpl.java:tryLock(229)) - Lock on /home/runner/work/ozone/ozone/hadoop-ozone/integration-test/target/test-dir/MiniOzoneClusterImpl-6935df51-69ff-4c35-8bd4-ed2b81d70e54/ozone-metadata/datanode-9/ratis/e6175e89-edf4-4ae0-8959-b1406fc7fb54/in_use.lock acquired by nodename 12924@localhost
2025-10-20 19:49:57,354 [af0e5da1-57af-45e9-9aca-fa0798d05628-groupManagement] INFO  server.RaftServer$Division (RaftServerImpl.java:<init>(268)) - af0e5da1-57af-45e9-9aca-fa0798d05628: new RaftServerImpl for group-07DD2BB39A51:[af0e5da1-57af-45e9-9aca-fa0798d05628|127.0.0.1:15047] with ContainerStateMachine:uninitialized
2025-10-20 19:49:57,355 [af0e5da1-57af-45e9-9aca-fa0798d05628-groupManagement] INFO  server.RaftServer$Division (ServerState.java:<init>(114)) - af0e5da1-57af-45e9-9aca-fa0798d05628@group-07DD2BB39A51: ConfigurationManager, init=conf: {index: -1, cur=peers:[af0e5da1-57af-45e9-9aca-fa0798d05628|127.0.0.1:15047]|listeners:[], old=null}, confs=<EMPTY_MAP>
2025-10-20 19:49:57,356 [605be85e-a7f4-44d7-8cfd-f53001b990b0-groupManagement] INFO  storage.RaftStorage (RaftStorageImpl.java:format(98)) - Storage directory /home/runner/work/ozone/ozone/hadoop-ozone/integration-test/target/test-dir/MiniOzoneClusterImpl-6935df51-69ff-4c35-8bd4-ed2b81d70e54/ozone-metadata/datanode-9/ratis/e6175e89-edf4-4ae0-8959-b1406fc7fb54 has been successfully formatted.
2025-10-20 19:49:57,357 [605be85e-a7f4-44d7-8cfd-f53001b990b0-groupManagement] INFO  ratis.ContainerStateMachine (ContainerStateMachine.java:initialize(339)) - 605be85e-a7f4-44d7-8cfd-f53001b990b0: initialize group-B1406FC7FB54
2025-10-20 19:49:57,357 [605be85e-a7f4-44d7-8cfd-f53001b990b0-groupManagement] INFO  ratis.ContainerStateMachine (ContainerStateMachine.java:loadSnapshot(347)) - group-B1406FC7FB54: The snapshot info is null. Setting the last applied index to:<INITIAL_VALUE>
2025-10-20 19:49:57,357 [605be85e-a7f4-44d7-8cfd-f53001b990b0-groupManagement] INFO  server.RaftServerConfigKeys (ConfUtils.java:logGet(62)) - raft.server.log.appender.buffer.byte-limit = 33554432 (custom)
2025-10-20 19:49:57,360 | INFO  | SCMAudit | user=runner | ip=127.0.0.1 | op=SEND_HEARTBEAT {"datanodeUUID":"605be85e-a7f4-44d7-8cfd-f53001b990b0","term":"2","command":"[]"} | ret=SUCCESS |  
2025-10-20 19:49:57,360 [grpc-default-executor-5] INFO  server.RaftServer (RaftServerProxy.java:addNew(105)) - b614738c-cdff-4f09-bf59-ed5bb75d51be: addNew group-C8B3A767D7CD:[b614738c-cdff-4f09-bf59-ed5bb75d51be|127.0.0.1:15055, af0e5da1-57af-45e9-9aca-fa0798d05628|127.0.0.1:15047, c90bff1f-5a1f-42c6-8fca-9533d718c79a|127.0.0.1:15039] returns group-C8B3A767D7CD:java.util.concurrent.CompletableFuture@163750f4[Not completed]
2025-10-20 19:49:57,361 [605be85e-a7f4-44d7-8cfd-f53001b990b0-groupManagement] INFO  server.RaftServerConfigKeys (ConfUtils.java:logGet(62)) - raft.server.log.segment.size.max = 67108864 (custom)
2025-10-20 19:49:57,365 [af0e5da1-57af-45e9-9aca-fa0798d05628-groupManagement] INFO  server.RaftServerConfigKeys (ConfUtils.java:logGet(62)) - raft.server.storage.dir = [/home/runner/work/ozone/ozone/hadoop-ozone/integration-test/target/test-dir/MiniOzoneClusterImpl-6935df51-69ff-4c35-8bd4-ed2b81d70e54/ozone-metadata/datanode-5/ratis] (custom)
2025-10-20 19:49:57,365 [af0e5da1-57af-45e9-9aca-fa0798d05628-groupManagement] INFO  storage.RaftStorageDirectory (RaftStorageDirectoryImpl.java:analyzeStorage(138)) - The storage directory /home/runner/work/ozone/ozone/hadoop-ozone/integration-test/target/test-dir/MiniOzoneClusterImpl-6935df51-69ff-4c35-8bd4-ed2b81d70e54/ozone-metadata/datanode-5/ratis/856ce2eb-1c22-44a3-8643-07dd2bb39a51 does not exist. Creating ...
2025-10-20 19:49:57,365 [e05592a5-d00f-4fc1-9e39-a968c1ecb04e@group-1D401C589E9B-FollowerState] INFO  impl.FollowerState (FollowerState.java:runImpl(161)) - e05592a5-d00f-4fc1-9e39-a968c1ecb04e@group-1D401C589E9B-FollowerState: change to CANDIDATE, lastRpcElapsedTime:1044866068ns, electionTimeout:1044ms
2025-10-20 19:49:57,365 [e05592a5-d00f-4fc1-9e39-a968c1ecb04e@group-1D401C589E9B-FollowerState] INFO  impl.RoleInfo (RoleInfo.java:shutdownFollowerState(121)) - e05592a5-d00f-4fc1-9e39-a968c1ecb04e: shutdown e05592a5-d00f-4fc1-9e39-a968c1ecb04e@group-1D401C589E9B-FollowerState
2025-10-20 19:49:57,365 [EventQueue-PipelineReportForPipelineReportHandler] INFO  pipeline.PipelineReportHandler (PipelineReportHandler.java:processPipelineReport(132)) - Opened pipeline Pipeline-e6175e89-edf4-4ae0-8959-b1406fc7fb54
2025-10-20 19:49:57,365 [e05592a5-d00f-4fc1-9e39-a968c1ecb04e@group-1D401C589E9B-FollowerState] INFO  server.RaftServer$Division (RaftServerImpl.java:setRole(392)) - e05592a5-d00f-4fc1-9e39-a968c1ecb04e@group-1D401C589E9B: changes role from  FOLLOWER to CANDIDATE at term 0 for changeToCandidate
2025-10-20 19:49:57,365 [e05592a5-d00f-4fc1-9e39-a968c1ecb04e@group-1D401C589E9B-FollowerState] INFO  impl.RoleInfo (RoleInfo.java:updateAndGet(148)) - e05592a5-d00f-4fc1-9e39-a968c1ecb04e: start e05592a5-d00f-4fc1-9e39-a968c1ecb04e@group-1D401C589E9B-LeaderElection6
2025-10-20 19:49:57,366 [b614738c-cdff-4f09-bf59-ed5bb75d51be-groupManagement] INFO  server.RaftServer$Division (RaftServerImpl.java:<init>(268)) - b614738c-cdff-4f09-bf59-ed5bb75d51be: new RaftServerImpl for group-C8B3A767D7CD:[b614738c-cdff-4f09-bf59-ed5bb75d51be|127.0.0.1:15055, af0e5da1-57af-45e9-9aca-fa0798d05628|127.0.0.1:15047, c90bff1f-5a1f-42c6-8fca-9533d718c79a|127.0.0.1:15039] with ContainerStateMachine:uninitialized
2025-10-20 19:49:57,366 [605be85e-a7f4-44d7-8cfd-f53001b990b0-groupManagement] INFO  server.RaftServerConfigKeys (ConfUtils.java:logGet(62)) - raft.server.log.appender.buffer.byte-limit = 33554432 (custom)
2025-10-20 19:49:57,366 [b614738c-cdff-4f09-bf59-ed5bb75d51be-groupManagement] INFO  server.RaftServer$Division (ServerState.java:<init>(114)) - b614738c-cdff-4f09-bf59-ed5bb75d51be@group-C8B3A767D7CD: ConfigurationManager, init=conf: {index: -1, cur=peers:[b614738c-cdff-4f09-bf59-ed5bb75d51be|127.0.0.1:15055, af0e5da1-57af-45e9-9aca-fa0798d05628|127.0.0.1:15047, c90bff1f-5a1f-42c6-8fca-9533d718c79a|127.0.0.1:15039]|listeners:[], old=null}, confs=<EMPTY_MAP>
2025-10-20 19:49:57,366 [af0e5da1-57af-45e9-9aca-fa0798d05628-groupManagement] INFO  storage.RaftStorageDirectory (RaftStorageDirectoryImpl.java:tryLock(229)) - Lock on /home/runner/work/ozone/ozone/hadoop-ozone/integration-test/target/test-dir/MiniOzoneClusterImpl-6935df51-69ff-4c35-8bd4-ed2b81d70e54/ozone-metadata/datanode-5/ratis/856ce2eb-1c22-44a3-8643-07dd2bb39a51/in_use.lock acquired by nodename 12924@localhost
2025-10-20 19:49:57,366 [e05592a5-d00f-4fc1-9e39-a968c1ecb04e@group-1D401C589E9B-LeaderElection6] INFO  impl.LeaderElection (LeaderElection.java:askForVotes(448)) - e05592a5-d00f-4fc1-9e39-a968c1ecb04e@group-1D401C589E9B-LeaderElection6 PRE_VOTE round 0: submit vote requests at term 0 for conf: {index: -1, cur=peers:[e05592a5-d00f-4fc1-9e39-a968c1ecb04e|127.0.0.1:15015]|listeners:[], old=null}
2025-10-20 19:49:57,367 [e05592a5-d00f-4fc1-9e39-a968c1ecb04e@group-1D401C589E9B-LeaderElection6] INFO  impl.LeaderElection (LeaderElection.java:askForVotes(450)) - e05592a5-d00f-4fc1-9e39-a968c1ecb04e@group-1D401C589E9B-LeaderElection6 PRE_VOTE round 0: result PASSED (term=0)
2025-10-20 19:49:57,366 [605be85e-a7f4-44d7-8cfd-f53001b990b0-groupManagement] INFO  util.AwaitToRun (AwaitToRun.java:start(81)) - Thread[#1579,605be85e-a7f4-44d7-8cfd-f53001b990b0@group-B1406FC7FB54-cacheEviction-AwaitToRun,5,main] started
2025-10-20 19:49:57,368 [605be85e-a7f4-44d7-8cfd-f53001b990b0-groupManagement] INFO  segmented.SegmentedRaftLogWorker (SegmentedRaftLogWorker.java:<init>(190)) - new 605be85e-a7f4-44d7-8cfd-f53001b990b0@group-B1406FC7FB54-SegmentedRaftLogWorker for RaftStorageImpl:Storage Directory /home/runner/work/ozone/ozone/hadoop-ozone/integration-test/target/test-dir/MiniOzoneClusterImpl-6935df51-69ff-4c35-8bd4-ed2b81d70e54/ozone-metadata/datanode-9/ratis/e6175e89-edf4-4ae0-8959-b1406fc7fb54
2025-10-20 19:49:57,368 [605be85e-a7f4-44d7-8cfd-f53001b990b0-groupManagement] INFO  server.RaftServerConfigKeys (ConfUtils.java:logGet(62)) - raft.server.log.queue.byte-limit = 4294967296 (custom)
2025-10-20 19:49:57,368 [605be85e-a7f4-44d7-8cfd-f53001b990b0-groupManagement] INFO  server.RaftServerConfigKeys (ConfUtils.java:logGet(62)) - raft.server.log.segment.size.max = 67108864 (custom)
2025-10-20 19:49:57,368 [605be85e-a7f4-44d7-8cfd-f53001b990b0-groupManagement] INFO  server.RaftServerConfigKeys (ConfUtils.java:logGet(62)) - raft.server.log.preallocated.size = 4194304 (custom)
2025-10-20 19:49:57,369 [605be85e-a7f4-44d7-8cfd-f53001b990b0-groupManagement] INFO  server.RaftServerConfigKeys (ConfUtils.java:logGet(62)) - raft.server.log.write.buffer.size = 33554440 (custom)
2025-10-20 19:49:57,368 [af0e5da1-57af-45e9-9aca-fa0798d05628-groupManagement] INFO  storage.RaftStorage (RaftStorageImpl.java:format(98)) - Storage directory /home/runner/work/ozone/ozone/hadoop-ozone/integration-test/target/test-dir/MiniOzoneClusterImpl-6935df51-69ff-4c35-8bd4-ed2b81d70e54/ozone-metadata/datanode-5/ratis/856ce2eb-1c22-44a3-8643-07dd2bb39a51 has been successfully formatted.
2025-10-20 19:49:57,369 [af0e5da1-57af-45e9-9aca-fa0798d05628-groupManagement] INFO  ratis.ContainerStateMachine (ContainerStateMachine.java:initialize(339)) - af0e5da1-57af-45e9-9aca-fa0798d05628: initialize group-07DD2BB39A51
2025-10-20 19:49:57,369 [af0e5da1-57af-45e9-9aca-fa0798d05628-groupManagement] INFO  ratis.ContainerStateMachine (ContainerStateMachine.java:loadSnapshot(347)) - group-07DD2BB39A51: The snapshot info is null. Setting the last applied index to:<INITIAL_VALUE>
2025-10-20 19:49:57,369 [af0e5da1-57af-45e9-9aca-fa0798d05628-groupManagement] INFO  server.RaftServerConfigKeys (ConfUtils.java:logGet(62)) - raft.server.log.appender.buffer.byte-limit = 33554432 (custom)
2025-10-20 19:49:57,369 [e05592a5-d00f-4fc1-9e39-a968c1ecb04e@group-1D401C589E9B-LeaderElection6] INFO  impl.LeaderElection (LeaderElection.java:askForVotes(448)) - e05592a5-d00f-4fc1-9e39-a968c1ecb04e@group-1D401C589E9B-LeaderElection6 ELECTION round 0: submit vote requests at term 1 for conf: {index: -1, cur=peers:[e05592a5-d00f-4fc1-9e39-a968c1ecb04e|127.0.0.1:15015]|listeners:[], old=null}
2025-10-20 19:49:57,369 [e05592a5-d00f-4fc1-9e39-a968c1ecb04e@group-1D401C589E9B-LeaderElection6] INFO  impl.LeaderElection (LeaderElection.java:askForVotes(450)) - e05592a5-d00f-4fc1-9e39-a968c1ecb04e@group-1D401C589E9B-LeaderElection6 ELECTION round 0: result PASSED (term=1)
2025-10-20 19:49:57,370 [e05592a5-d00f-4fc1-9e39-a968c1ecb04e@group-1D401C589E9B-LeaderElection6] INFO  impl.RoleInfo (RoleInfo.java:shutdownLeaderElection(141)) - e05592a5-d00f-4fc1-9e39-a968c1ecb04e: shutdown e05592a5-d00f-4fc1-9e39-a968c1ecb04e@group-1D401C589E9B-LeaderElection6
2025-10-20 19:49:57,370 [e05592a5-d00f-4fc1-9e39-a968c1ecb04e@group-1D401C589E9B-LeaderElection6] INFO  server.RaftServer$Division (RaftServerImpl.java:setRole(392)) - e05592a5-d00f-4fc1-9e39-a968c1ecb04e@group-1D401C589E9B: changes role from CANDIDATE to LEADER at term 1 for changeToLeader
2025-10-20 19:49:57,370 [e05592a5-d00f-4fc1-9e39-a968c1ecb04e@group-1D401C589E9B-LeaderElection6] INFO  server.RaftServerConfigKeys (ConfUtils.java:logFallback(69)) - raft.server.staging.timeout = 15600ms (fallback to raft.server.rpc.timeout.max)
2025-10-20 19:49:57,371 [e05592a5-d00f-4fc1-9e39-a968c1ecb04e@group-1D401C589E9B-LeaderElection6] INFO  server.RaftServerConfigKeys (ConfUtils.java:logGet(62)) - raft.server.write.byte-limit = 1024 M (=1073741824) (custom)
2025-10-20 19:49:57,373 | INFO  | SCMAudit | user=runner | ip=127.0.0.1 | op=SEND_HEARTBEAT {"datanodeUUID":"af0e5da1-57af-45e9-9aca-fa0798d05628","term":"2","command":"[]"} | ret=SUCCESS |  
2025-10-20 19:49:57,378 [EventQueue-PipelineReportForPipelineReportHandler] INFO  pipeline.PipelineReportHandler (PipelineReportHandler.java:processPipelineReport(132)) - Opened pipeline Pipeline-856ce2eb-1c22-44a3-8643-07dd2bb39a51
2025-10-20 19:49:57,379 [af0e5da1-57af-45e9-9aca-fa0798d05628-groupManagement] INFO  server.RaftServerConfigKeys (ConfUtils.java:logGet(62)) - raft.server.log.segment.size.max = 67108864 (custom)
2025-10-20 19:49:57,381 [e05592a5-d00f-4fc1-9e39-a968c1ecb04e@group-1D401C589E9B-LeaderElection6] INFO  impl.RoleInfo (RoleInfo.java:updateAndGet(148)) - e05592a5-d00f-4fc1-9e39-a968c1ecb04e: start e05592a5-d00f-4fc1-9e39-a968c1ecb04e@group-1D401C589E9B-LeaderStateImpl
2025-10-20 19:49:57,381 [e05592a5-d00f-4fc1-9e39-a968c1ecb04e@group-1D401C589E9B-LeaderElection6] INFO  server.RaftServer$Division (RaftServerImpl.java:setFirstElection(576)) - e05592a5-d00f-4fc1-9e39-a968c1ecb04e@group-1D401C589E9B: set firstElectionSinceStartup to false for becomeLeader
2025-10-20 19:49:57,381 [e05592a5-d00f-4fc1-9e39-a968c1ecb04e@group-1D401C589E9B-LeaderElection6] INFO  ratis.XceiverServerRatis (XceiverServerRatis.java:handleLeaderChangedNotification(940)) - Leader change notification received for group: group-1D401C589E9B with new leaderId: e05592a5-d00f-4fc1-9e39-a968c1ecb04e
2025-10-20 19:49:57,381 [e05592a5-d00f-4fc1-9e39-a968c1ecb04e@group-1D401C589E9B-LeaderElection6] INFO  server.RaftServer$Division (ServerState.java:setLeader(272)) - e05592a5-d00f-4fc1-9e39-a968c1ecb04e@group-1D401C589E9B: change Leader from null to e05592a5-d00f-4fc1-9e39-a968c1ecb04e at term 1 for becomeLeader, leader elected after 1100ms
2025-10-20 19:49:57,381 [e05592a5-d00f-4fc1-9e39-a968c1ecb04e@group-1D401C589E9B-LeaderElection6] INFO  segmented.SegmentedRaftLogWorker (SegmentedRaftLogWorker.java:startLogSegment(440)) - e05592a5-d00f-4fc1-9e39-a968c1ecb04e@group-1D401C589E9B-SegmentedRaftLogWorker: Starting segment from index:0
2025-10-20 19:49:57,382 [605be85e-a7f4-44d7-8cfd-f53001b990b0-groupManagement] INFO  server.RaftServerConfigKeys (ConfUtils.java:logGet(62)) - raft.server.log.appender.buffer.byte-limit = 33554432 (custom)
2025-10-20 19:49:57,384 | INFO  | SCMAudit | user=runner | ip=127.0.0.1 | op=SEND_HEARTBEAT {"datanodeUUID":"e05592a5-d00f-4fc1-9e39-a968c1ecb04e","term":"2","command":"[]"} | ret=SUCCESS |  
2025-10-20 19:49:57,384 [605be85e-a7f4-44d7-8cfd-f53001b990b0-groupManagement] INFO  segmented.SegmentedRaftLogWorker (SegmentedRaftLogWorker.java:lambda$new$0(141)) - 605be85e-a7f4-44d7-8cfd-f53001b990b0@group-B1406FC7FB54-SegmentedRaftLogWorker: flushIndex: setUnconditionally 0 -> -1
2025-10-20 19:49:57,385 [605be85e-a7f4-44d7-8cfd-f53001b990b0-groupManagement] INFO  segmented.SegmentedRaftLogWorker (SegmentedRaftLogWorker.java:lambda$new$0(141)) - 605be85e-a7f4-44d7-8cfd-f53001b990b0@group-B1406FC7FB54-SegmentedRaftLogWorker: safeCacheEvictIndex: setUnconditionally 0 -> -1
2025-10-20 19:49:57,382 [af0e5da1-57af-45e9-9aca-fa0798d05628-groupManagement] INFO  server.RaftServerConfigKeys (ConfUtils.java:logGet(62)) - raft.server.log.appender.buffer.byte-limit = 33554432 (custom)
2025-10-20 19:49:57,384 [e05592a5-d00f-4fc1-9e39-a968c1ecb04e@group-1D401C589E9B-LeaderElection6] INFO  server.RaftServer$Division (ServerState.java:setRaftConf(386)) - e05592a5-d00f-4fc1-9e39-a968c1ecb04e@group-1D401C589E9B: set configuration conf: {index: 0, cur=peers:[e05592a5-d00f-4fc1-9e39-a968c1ecb04e|127.0.0.1:15015]|listeners:[], old=null}
2025-10-20 19:49:57,385 [af0e5da1-57af-45e9-9aca-fa0798d05628-groupManagement] INFO  util.AwaitToRun (AwaitToRun.java:start(81)) - Thread[#1582,af0e5da1-57af-45e9-9aca-fa0798d05628@group-07DD2BB39A51-cacheEviction-AwaitToRun,5,main] started
2025-10-20 19:49:57,386 [af0e5da1-57af-45e9-9aca-fa0798d05628-groupManagement] INFO  segmented.SegmentedRaftLogWorker (SegmentedRaftLogWorker.java:<init>(190)) - new af0e5da1-57af-45e9-9aca-fa0798d05628@group-07DD2BB39A51-SegmentedRaftLogWorker for RaftStorageImpl:Storage Directory /home/runner/work/ozone/ozone/hadoop-ozone/integration-test/target/test-dir/MiniOzoneClusterImpl-6935df51-69ff-4c35-8bd4-ed2b81d70e54/ozone-metadata/datanode-5/ratis/856ce2eb-1c22-44a3-8643-07dd2bb39a51
2025-10-20 19:49:57,386 [af0e5da1-57af-45e9-9aca-fa0798d05628-groupManagement] INFO  server.RaftServerConfigKeys (ConfUtils.java:logGet(62)) - raft.server.log.queue.byte-limit = 4294967296 (custom)
2025-10-20 19:49:57,386 [605be85e-a7f4-44d7-8cfd-f53001b990b0-groupManagement] INFO  server.RaftServer$Division (RaftServerImpl.java:start(405)) - 605be85e-a7f4-44d7-8cfd-f53001b990b0@group-B1406FC7FB54: start as a follower, conf=conf: {index: -1, cur=peers:[605be85e-a7f4-44d7-8cfd-f53001b990b0|127.0.0.1:15079]|listeners:[], old=null}
2025-10-20 19:49:57,386 [605be85e-a7f4-44d7-8cfd-f53001b990b0-groupManagement] INFO  server.RaftServer$Division (RaftServerImpl.java:setRole(392)) - 605be85e-a7f4-44d7-8cfd-f53001b990b0@group-B1406FC7FB54: changes role from      null to FOLLOWER at term 0 for startAsFollower
2025-10-20 19:49:57,386 [605be85e-a7f4-44d7-8cfd-f53001b990b0-groupManagement] INFO  impl.RoleInfo (RoleInfo.java:updateAndGet(148)) - 605be85e-a7f4-44d7-8cfd-f53001b990b0: start 605be85e-a7f4-44d7-8cfd-f53001b990b0@group-B1406FC7FB54-FollowerState
2025-10-20 19:49:57,386 [e05592a5-d00f-4fc1-9e39-a968c1ecb04e@group-1D401C589E9B-SegmentedRaftLogWorker] INFO  segmented.BufferedWriteChannel (BufferedWriteChannel.java:open(61)) - open log_inprogress_0 at position 0
2025-10-20 19:49:57,387 [605be85e-a7f4-44d7-8cfd-f53001b990b0-groupManagement] INFO  util.JmxRegister (JmxRegister.java:tryRegister(44)) - Successfully registered JMX Bean with object name Ratis:service=RaftServer,group=group-B1406FC7FB54,id=605be85e-a7f4-44d7-8cfd-f53001b990b0
2025-10-20 19:49:57,387 [605be85e-a7f4-44d7-8cfd-f53001b990b0-groupManagement] INFO  util.JmxRegister (JmxRegister.java:register(58)) - register mxBean class org.apache.ratis.server.impl.RaftServerJmxAdapter as Ratis:service=RaftServer,group=group-B1406FC7FB54,id=605be85e-a7f4-44d7-8cfd-f53001b990b0
2025-10-20 19:49:57,386 [af0e5da1-57af-45e9-9aca-fa0798d05628-groupManagement] INFO  server.RaftServerConfigKeys (ConfUtils.java:logGet(62)) - raft.server.log.segment.size.max = 67108864 (custom)
2025-10-20 19:49:57,387 [af0e5da1-57af-45e9-9aca-fa0798d05628-groupManagement] INFO  server.RaftServerConfigKeys (ConfUtils.java:logGet(62)) - raft.server.log.preallocated.size = 4194304 (custom)
2025-10-20 19:49:57,389 [af0e5da1-57af-45e9-9aca-fa0798d05628-groupManagement] INFO  server.RaftServerConfigKeys (ConfUtils.java:logGet(62)) - raft.server.log.write.buffer.size = 33554440 (custom)
2025-10-20 19:49:57,392 [605be85e-a7f4-44d7-8cfd-f53001b990b0-groupManagement] INFO  server.RaftServer$Division (RaftServerImpl.java:start(419)) - 605be85e-a7f4-44d7-8cfd-f53001b990b0@group-B1406FC7FB54: Successfully started.
2025-10-20 19:49:57,392 [605be85e-a7f4-44d7-8cfd-f53001b990b0-CreatePipelineCommandHandlerThread-0] INFO  ratis.XceiverServerRatis (XceiverServerRatis.java:addGroup(839)) - Created group Pipeline-e6175e89-edf4-4ae0-8959-b1406fc7fb54
2025-10-20 19:49:57,392 [605be85e-a7f4-44d7-8cfd-f53001b990b0-CreatePipelineCommandHandlerThread-0] INFO  commandhandler.CreatePipelineCommandHandler (CreatePipelineCommandHandler.java:lambda$handle$2(141)) - Created Pipeline RATIS ONE Pipeline-e6175e89-edf4-4ae0-8959-b1406fc7fb54.
2025-10-20 19:49:57,392 [b614738c-cdff-4f09-bf59-ed5bb75d51be-groupManagement] INFO  server.RaftServerConfigKeys (ConfUtils.java:logGet(62)) - raft.server.storage.dir = [/home/runner/work/ozone/ozone/hadoop-ozone/integration-test/target/test-dir/MiniOzoneClusterImpl-6935df51-69ff-4c35-8bd4-ed2b81d70e54/ozone-metadata/datanode-6/ratis] (custom)
2025-10-20 19:49:57,393 [605be85e-a7f4-44d7-8cfd-f53001b990b0-CreatePipelineCommandHandlerThread-0] INFO  server.RaftServer (RaftServerProxy.java:addNew(105)) - 605be85e-a7f4-44d7-8cfd-f53001b990b0: addNew group-E9F55728802D:[cc7fbe85-1d98-437b-84f9-04213fee10f0|127.0.0.1:15063, 7bb0e7f0-2b36-4ec0-8a09-ceac75d91a36|127.0.0.1:15071, 605be85e-a7f4-44d7-8cfd-f53001b990b0|127.0.0.1:15079] returns group-E9F55728802D:java.util.concurrent.CompletableFuture@3bed6ab5[Not completed]
2025-10-20 19:49:57,393 [e05592a5-d00f-4fc1-9e39-a968c1ecb04e@group-1D401C589E9B-SegmentedRaftLogWorker] INFO  segmented.SegmentedRaftLogWorker (SegmentedRaftLogWorker.java:execute(647)) - e05592a5-d00f-4fc1-9e39-a968c1ecb04e@group-1D401C589E9B-SegmentedRaftLogWorker: created new log segment /home/runner/work/ozone/ozone/hadoop-ozone/integration-test/target/test-dir/MiniOzoneClusterImpl-6935df51-69ff-4c35-8bd4-ed2b81d70e54/ozone-metadata/datanode-1/ratis/b1a34ffb-9e35-4ea0-a61f-1d401c589e9b/current/log_inprogress_0
2025-10-20 19:49:57,394 [b614738c-cdff-4f09-bf59-ed5bb75d51be-groupManagement] INFO  storage.RaftStorageDirectory (RaftStorageDirectoryImpl.java:analyzeStorage(138)) - The storage directory /home/runner/work/ozone/ozone/hadoop-ozone/integration-test/target/test-dir/MiniOzoneClusterImpl-6935df51-69ff-4c35-8bd4-ed2b81d70e54/ozone-metadata/datanode-6/ratis/ba8f49ac-c35b-4342-9840-c8b3a767d7cd does not exist. Creating ...
2025-10-20 19:49:57,395 [b614738c-cdff-4f09-bf59-ed5bb75d51be-groupManagement] INFO  storage.RaftStorageDirectory (RaftStorageDirectoryImpl.java:tryLock(229)) - Lock on /home/runner/work/ozone/ozone/hadoop-ozone/integration-test/target/test-dir/MiniOzoneClusterImpl-6935df51-69ff-4c35-8bd4-ed2b81d70e54/ozone-metadata/datanode-6/ratis/ba8f49ac-c35b-4342-9840-c8b3a767d7cd/in_use.lock acquired by nodename 12924@localhost
2025-10-20 19:49:57,396 [e05592a5-d00f-4fc1-9e39-a968c1ecb04e@group-1D401C589E9B-StateMachineUpdater] INFO  server.RaftServer$Division (LeaderStateImpl.java:checkStartIndex(309)) - Leader e05592a5-d00f-4fc1-9e39-a968c1ecb04e@group-1D401C589E9B-LeaderStateImpl is ready since appliedIndex == startIndex == 0
2025-10-20 19:49:57,397 [605be85e-a7f4-44d7-8cfd-f53001b990b0-groupManagement] INFO  server.RaftServer$Division (RaftServerImpl.java:<init>(268)) - 605be85e-a7f4-44d7-8cfd-f53001b990b0: new RaftServerImpl for group-E9F55728802D:[cc7fbe85-1d98-437b-84f9-04213fee10f0|127.0.0.1:15063, 7bb0e7f0-2b36-4ec0-8a09-ceac75d91a36|127.0.0.1:15071, 605be85e-a7f4-44d7-8cfd-f53001b990b0|127.0.0.1:15079] with ContainerStateMachine:uninitialized
2025-10-20 19:49:57,398 [605be85e-a7f4-44d7-8cfd-f53001b990b0-groupManagement] INFO  server.RaftServer$Division (ServerState.java:<init>(114)) - 605be85e-a7f4-44d7-8cfd-f53001b990b0@group-E9F55728802D: ConfigurationManager, init=conf: {index: -1, cur=peers:[cc7fbe85-1d98-437b-84f9-04213fee10f0|127.0.0.1:15063, 7bb0e7f0-2b36-4ec0-8a09-ceac75d91a36|127.0.0.1:15071, 605be85e-a7f4-44d7-8cfd-f53001b990b0|127.0.0.1:15079]|listeners:[], old=null}, confs=<EMPTY_MAP>
2025-10-20 19:49:57,397 [b614738c-cdff-4f09-bf59-ed5bb75d51be-groupManagement] INFO  storage.RaftStorage (RaftStorageImpl.java:format(98)) - Storage directory /home/runner/work/ozone/ozone/hadoop-ozone/integration-test/target/test-dir/MiniOzoneClusterImpl-6935df51-69ff-4c35-8bd4-ed2b81d70e54/ozone-metadata/datanode-6/ratis/ba8f49ac-c35b-4342-9840-c8b3a767d7cd has been successfully formatted.
2025-10-20 19:49:57,399 [b614738c-cdff-4f09-bf59-ed5bb75d51be-groupManagement] INFO  ratis.ContainerStateMachine (ContainerStateMachine.java:initialize(339)) - b614738c-cdff-4f09-bf59-ed5bb75d51be: initialize group-C8B3A767D7CD
2025-10-20 19:49:57,399 [b614738c-cdff-4f09-bf59-ed5bb75d51be-groupManagement] INFO  ratis.ContainerStateMachine (ContainerStateMachine.java:loadSnapshot(347)) - group-C8B3A767D7CD: The snapshot info is null. Setting the last applied index to:<INITIAL_VALUE>
2025-10-20 19:49:57,400 [b614738c-cdff-4f09-bf59-ed5bb75d51be-groupManagement] INFO  server.RaftServerConfigKeys (ConfUtils.java:logGet(62)) - raft.server.log.appender.buffer.byte-limit = 33554432 (custom)
2025-10-20 19:49:57,403 [af0e5da1-57af-45e9-9aca-fa0798d05628-groupManagement] INFO  server.RaftServerConfigKeys (ConfUtils.java:logGet(62)) - raft.server.log.appender.buffer.byte-limit = 33554432 (custom)
2025-10-20 19:49:57,404 [af0e5da1-57af-45e9-9aca-fa0798d05628-groupManagement] INFO  segmented.SegmentedRaftLogWorker (SegmentedRaftLogWorker.java:lambda$new$0(141)) - af0e5da1-57af-45e9-9aca-fa0798d05628@group-07DD2BB39A51-SegmentedRaftLogWorker: flushIndex: setUnconditionally 0 -> -1
2025-10-20 19:49:57,404 [af0e5da1-57af-45e9-9aca-fa0798d05628-groupManagement] INFO  segmented.SegmentedRaftLogWorker (SegmentedRaftLogWorker.java:lambda$new$0(141)) - af0e5da1-57af-45e9-9aca-fa0798d05628@group-07DD2BB39A51-SegmentedRaftLogWorker: safeCacheEvictIndex: setUnconditionally 0 -> -1
2025-10-20 19:49:57,404 [af0e5da1-57af-45e9-9aca-fa0798d05628-groupManagement] INFO  server.RaftServer$Division (RaftServerImpl.java:start(405)) - af0e5da1-57af-45e9-9aca-fa0798d05628@group-07DD2BB39A51: start as a follower, conf=conf: {index: -1, cur=peers:[af0e5da1-57af-45e9-9aca-fa0798d05628|127.0.0.1:15047]|listeners:[], old=null}
2025-10-20 19:49:57,404 [af0e5da1-57af-45e9-9aca-fa0798d05628-groupManagement] INFO  server.RaftServer$Division (RaftServerImpl.java:setRole(392)) - af0e5da1-57af-45e9-9aca-fa0798d05628@group-07DD2BB39A51: changes role from      null to FOLLOWER at term 0 for startAsFollower
2025-10-20 19:49:57,404 [af0e5da1-57af-45e9-9aca-fa0798d05628-groupManagement] INFO  impl.RoleInfo (RoleInfo.java:updateAndGet(148)) - af0e5da1-57af-45e9-9aca-fa0798d05628: start af0e5da1-57af-45e9-9aca-fa0798d05628@group-07DD2BB39A51-FollowerState
2025-10-20 19:49:57,405 [af0e5da1-57af-45e9-9aca-fa0798d05628-groupManagement] INFO  util.JmxRegister (JmxRegister.java:tryRegister(44)) - Successfully registered JMX Bean with object name Ratis:service=RaftServer,group=group-07DD2BB39A51,id=af0e5da1-57af-45e9-9aca-fa0798d05628
2025-10-20 19:49:57,405 [af0e5da1-57af-45e9-9aca-fa0798d05628-groupManagement] INFO  util.JmxRegister (JmxRegister.java:register(58)) - register mxBean class org.apache.ratis.server.impl.RaftServerJmxAdapter as Ratis:service=RaftServer,group=group-07DD2BB39A51,id=af0e5da1-57af-45e9-9aca-fa0798d05628
2025-10-20 19:49:57,405 | INFO  | SCMAudit | user=runner | ip=127.0.0.1 | op=SEND_HEARTBEAT {"datanodeUUID":"b614738c-cdff-4f09-bf59-ed5bb75d51be","term":"2","command":"[]"} | ret=SUCCESS |  
2025-10-20 19:49:57,409 [b614738c-cdff-4f09-bf59-ed5bb75d51be-groupManagement] INFO  server.RaftServerConfigKeys (ConfUtils.java:logGet(62)) - raft.server.log.segment.size.max = 67108864 (custom)
2025-10-20 19:49:57,410 [af0e5da1-57af-45e9-9aca-fa0798d05628-groupManagement] INFO  server.RaftServer$Division (RaftServerImpl.java:start(419)) - af0e5da1-57af-45e9-9aca-fa0798d05628@group-07DD2BB39A51: Successfully started.
2025-10-20 19:49:57,411 [605be85e-a7f4-44d7-8cfd-f53001b990b0-groupManagement] INFO  server.RaftServerConfigKeys (ConfUtils.java:logGet(62)) - raft.server.storage.dir = [/home/runner/work/ozone/ozone/hadoop-ozone/integration-test/target/test-dir/MiniOzoneClusterImpl-6935df51-69ff-4c35-8bd4-ed2b81d70e54/ozone-metadata/datanode-9/ratis] (custom)
2025-10-20 19:49:57,411 [605be85e-a7f4-44d7-8cfd-f53001b990b0-groupManagement] INFO  storage.RaftStorageDirectory (RaftStorageDirectoryImpl.java:analyzeStorage(138)) - The storage directory /home/runner/work/ozone/ozone/hadoop-ozone/integration-test/target/test-dir/MiniOzoneClusterImpl-6935df51-69ff-4c35-8bd4-ed2b81d70e54/ozone-metadata/datanode-9/ratis/b9872faf-8f47-436e-820e-e9f55728802d does not exist. Creating ...
2025-10-20 19:49:57,411 [af0e5da1-57af-45e9-9aca-fa0798d05628-CreatePipelineCommandHandlerThread-0] INFO  ratis.XceiverServerRatis (XceiverServerRatis.java:addGroup(839)) - Created group Pipeline-856ce2eb-1c22-44a3-8643-07dd2bb39a51
2025-10-20 19:49:57,411 [af0e5da1-57af-45e9-9aca-fa0798d05628-CreatePipelineCommandHandlerThread-0] INFO  commandhandler.CreatePipelineCommandHandler (CreatePipelineCommandHandler.java:lambda$handle$2(141)) - Created Pipeline RATIS ONE Pipeline-856ce2eb-1c22-44a3-8643-07dd2bb39a51.
2025-10-20 19:49:57,411 [b614738c-cdff-4f09-bf59-ed5bb75d51be-groupManagement] INFO  server.RaftServerConfigKeys (ConfUtils.java:logGet(62)) - raft.server.log.appender.buffer.byte-limit = 33554432 (custom)
2025-10-20 19:49:57,412 [b614738c-cdff-4f09-bf59-ed5bb75d51be-groupManagement] INFO  util.AwaitToRun (AwaitToRun.java:start(81)) - Thread[#1588,b614738c-cdff-4f09-bf59-ed5bb75d51be@group-C8B3A767D7CD-cacheEviction-AwaitToRun,5,main] started
2025-10-20 19:49:57,412 [b614738c-cdff-4f09-bf59-ed5bb75d51be-groupManagement] INFO  segmented.SegmentedRaftLogWorker (SegmentedRaftLogWorker.java:<init>(190)) - new b614738c-cdff-4f09-bf59-ed5bb75d51be@group-C8B3A767D7CD-SegmentedRaftLogWorker for RaftStorageImpl:Storage Directory /home/runner/work/ozone/ozone/hadoop-ozone/integration-test/target/test-dir/MiniOzoneClusterImpl-6935df51-69ff-4c35-8bd4-ed2b81d70e54/ozone-metadata/datanode-6/ratis/ba8f49ac-c35b-4342-9840-c8b3a767d7cd
2025-10-20 19:49:57,413 [b614738c-cdff-4f09-bf59-ed5bb75d51be-groupManagement] INFO  server.RaftServerConfigKeys (ConfUtils.java:logGet(62)) - raft.server.log.queue.byte-limit = 4294967296 (custom)
2025-10-20 19:49:57,413 [605be85e-a7f4-44d7-8cfd-f53001b990b0-groupManagement] INFO  storage.RaftStorageDirectory (RaftStorageDirectoryImpl.java:tryLock(229)) - Lock on /home/runner/work/ozone/ozone/hadoop-ozone/integration-test/target/test-dir/MiniOzoneClusterImpl-6935df51-69ff-4c35-8bd4-ed2b81d70e54/ozone-metadata/datanode-9/ratis/b9872faf-8f47-436e-820e-e9f55728802d/in_use.lock acquired by nodename 12924@localhost
2025-10-20 19:49:57,413 [b614738c-cdff-4f09-bf59-ed5bb75d51be-groupManagement] INFO  server.RaftServerConfigKeys (ConfUtils.java:logGet(62)) - raft.server.log.segment.size.max = 67108864 (custom)
2025-10-20 19:49:57,413 [b614738c-cdff-4f09-bf59-ed5bb75d51be-groupManagement] INFO  server.RaftServerConfigKeys (ConfUtils.java:logGet(62)) - raft.server.log.preallocated.size = 4194304 (custom)
2025-10-20 19:49:57,414 [605be85e-a7f4-44d7-8cfd-f53001b990b0-groupManagement] INFO  storage.RaftStorage (RaftStorageImpl.java:format(98)) - Storage directory /home/runner/work/ozone/ozone/hadoop-ozone/integration-test/target/test-dir/MiniOzoneClusterImpl-6935df51-69ff-4c35-8bd4-ed2b81d70e54/ozone-metadata/datanode-9/ratis/b9872faf-8f47-436e-820e-e9f55728802d has been successfully formatted.
2025-10-20 19:49:57,414 [b614738c-cdff-4f09-bf59-ed5bb75d51be-groupManagement] INFO  server.RaftServerConfigKeys (ConfUtils.java:logGet(62)) - raft.server.log.write.buffer.size = 33554440 (custom)
2025-10-20 19:49:57,414 [605be85e-a7f4-44d7-8cfd-f53001b990b0-groupManagement] INFO  ratis.ContainerStateMachine (ContainerStateMachine.java:initialize(339)) - 605be85e-a7f4-44d7-8cfd-f53001b990b0: initialize group-E9F55728802D
2025-10-20 19:49:57,414 [605be85e-a7f4-44d7-8cfd-f53001b990b0-groupManagement] INFO  ratis.ContainerStateMachine (ContainerStateMachine.java:loadSnapshot(347)) - group-E9F55728802D: The snapshot info is null. Setting the last applied index to:<INITIAL_VALUE>
2025-10-20 19:49:57,414 [605be85e-a7f4-44d7-8cfd-f53001b990b0-groupManagement] INFO  server.RaftServerConfigKeys (ConfUtils.java:logGet(62)) - raft.server.log.appender.buffer.byte-limit = 33554432 (custom)
2025-10-20 19:49:57,419 [605be85e-a7f4-44d7-8cfd-f53001b990b0-groupManagement] INFO  server.RaftServerConfigKeys (ConfUtils.java:logGet(62)) - raft.server.log.segment.size.max = 67108864 (custom)
2025-10-20 19:49:57,420 [605be85e-a7f4-44d7-8cfd-f53001b990b0-groupManagement] INFO  server.RaftServerConfigKeys (ConfUtils.java:logGet(62)) - raft.server.log.appender.buffer.byte-limit = 33554432 (custom)
2025-10-20 19:49:57,421 [605be85e-a7f4-44d7-8cfd-f53001b990b0-groupManagement] INFO  util.AwaitToRun (AwaitToRun.java:start(81)) - Thread[#1589,605be85e-a7f4-44d7-8cfd-f53001b990b0@group-E9F55728802D-cacheEviction-AwaitToRun,5,main] started
2025-10-20 19:49:57,421 | INFO  | SCMAudit | user=runner | ip=127.0.0.1 | op=SEND_HEARTBEAT {"datanodeUUID":"605be85e-a7f4-44d7-8cfd-f53001b990b0","term":"2","command":"[]"} | ret=SUCCESS |  
2025-10-20 19:49:57,422 [605be85e-a7f4-44d7-8cfd-f53001b990b0-groupManagement] INFO  segmented.SegmentedRaftLogWorker (SegmentedRaftLogWorker.java:<init>(190)) - new 605be85e-a7f4-44d7-8cfd-f53001b990b0@group-E9F55728802D-SegmentedRaftLogWorker for RaftStorageImpl:Storage Directory /home/runner/work/ozone/ozone/hadoop-ozone/integration-test/target/test-dir/MiniOzoneClusterImpl-6935df51-69ff-4c35-8bd4-ed2b81d70e54/ozone-metadata/datanode-9/ratis/b9872faf-8f47-436e-820e-e9f55728802d
2025-10-20 19:49:57,422 [605be85e-a7f4-44d7-8cfd-f53001b990b0-groupManagement] INFO  server.RaftServerConfigKeys (ConfUtils.java:logGet(62)) - raft.server.log.queue.byte-limit = 4294967296 (custom)
2025-10-20 19:49:57,422 [605be85e-a7f4-44d7-8cfd-f53001b990b0-groupManagement] INFO  server.RaftServerConfigKeys (ConfUtils.java:logGet(62)) - raft.server.log.segment.size.max = 67108864 (custom)
2025-10-20 19:49:57,422 [605be85e-a7f4-44d7-8cfd-f53001b990b0-groupManagement] INFO  server.RaftServerConfigKeys (ConfUtils.java:logGet(62)) - raft.server.log.preallocated.size = 4194304 (custom)
2025-10-20 19:49:57,423 [605be85e-a7f4-44d7-8cfd-f53001b990b0-groupManagement] INFO  server.RaftServerConfigKeys (ConfUtils.java:logGet(62)) - raft.server.log.write.buffer.size = 33554440 (custom)
2025-10-20 19:49:57,425 [b614738c-cdff-4f09-bf59-ed5bb75d51be-groupManagement] INFO  server.RaftServerConfigKeys (ConfUtils.java:logGet(62)) - raft.server.log.appender.buffer.byte-limit = 33554432 (custom)
2025-10-20 19:49:57,426 [b614738c-cdff-4f09-bf59-ed5bb75d51be-groupManagement] INFO  segmented.SegmentedRaftLogWorker (SegmentedRaftLogWorker.java:lambda$new$0(141)) - b614738c-cdff-4f09-bf59-ed5bb75d51be@group-C8B3A767D7CD-SegmentedRaftLogWorker: flushIndex: setUnconditionally 0 -> -1
2025-10-20 19:49:57,426 [b614738c-cdff-4f09-bf59-ed5bb75d51be-groupManagement] INFO  segmented.SegmentedRaftLogWorker (SegmentedRaftLogWorker.java:lambda$new$0(141)) - b614738c-cdff-4f09-bf59-ed5bb75d51be@group-C8B3A767D7CD-SegmentedRaftLogWorker: safeCacheEvictIndex: setUnconditionally 0 -> -1
2025-10-20 19:49:57,427 [b614738c-cdff-4f09-bf59-ed5bb75d51be-groupManagement] INFO  server.RaftServer$Division (RaftServerImpl.java:start(405)) - b614738c-cdff-4f09-bf59-ed5bb75d51be@group-C8B3A767D7CD: start as a follower, conf=conf: {index: -1, cur=peers:[b614738c-cdff-4f09-bf59-ed5bb75d51be|127.0.0.1:15055, af0e5da1-57af-45e9-9aca-fa0798d05628|127.0.0.1:15047, c90bff1f-5a1f-42c6-8fca-9533d718c79a|127.0.0.1:15039]|listeners:[], old=null}
2025-10-20 19:49:57,427 [b614738c-cdff-4f09-bf59-ed5bb75d51be-groupManagement] INFO  server.RaftServer$Division (RaftServerImpl.java:setRole(392)) - b614738c-cdff-4f09-bf59-ed5bb75d51be@group-C8B3A767D7CD: changes role from      null to FOLLOWER at term 0 for startAsFollower
2025-10-20 19:49:57,427 [b614738c-cdff-4f09-bf59-ed5bb75d51be-groupManagement] INFO  impl.RoleInfo (RoleInfo.java:updateAndGet(148)) - b614738c-cdff-4f09-bf59-ed5bb75d51be: start b614738c-cdff-4f09-bf59-ed5bb75d51be@group-C8B3A767D7CD-FollowerState
2025-10-20 19:49:57,428 [b614738c-cdff-4f09-bf59-ed5bb75d51be-groupManagement] INFO  util.JmxRegister (JmxRegister.java:tryRegister(44)) - Successfully registered JMX Bean with object name Ratis:service=RaftServer,group=group-C8B3A767D7CD,id=b614738c-cdff-4f09-bf59-ed5bb75d51be
2025-10-20 19:49:57,429 [b614738c-cdff-4f09-bf59-ed5bb75d51be-groupManagement] INFO  util.JmxRegister (JmxRegister.java:register(58)) - register mxBean class org.apache.ratis.server.impl.RaftServerJmxAdapter as Ratis:service=RaftServer,group=group-C8B3A767D7CD,id=b614738c-cdff-4f09-bf59-ed5bb75d51be
2025-10-20 19:49:57,430 [b614738c-cdff-4f09-bf59-ed5bb75d51be-groupManagement] INFO  server.RaftServer$Division (RaftServerImpl.java:start(419)) - b614738c-cdff-4f09-bf59-ed5bb75d51be@group-C8B3A767D7CD: Successfully started.
2025-10-20 19:49:57,433 [605be85e-a7f4-44d7-8cfd-f53001b990b0-groupManagement] INFO  server.RaftServerConfigKeys (ConfUtils.java:logGet(62)) - raft.server.log.appender.buffer.byte-limit = 33554432 (custom)
2025-10-20 19:49:57,433 [605be85e-a7f4-44d7-8cfd-f53001b990b0-groupManagement] INFO  segmented.SegmentedRaftLogWorker (SegmentedRaftLogWorker.java:lambda$new$0(141)) - 605be85e-a7f4-44d7-8cfd-f53001b990b0@group-E9F55728802D-SegmentedRaftLogWorker: flushIndex: setUnconditionally 0 -> -1
2025-10-20 19:49:57,434 [605be85e-a7f4-44d7-8cfd-f53001b990b0-groupManagement] INFO  segmented.SegmentedRaftLogWorker (SegmentedRaftLogWorker.java:lambda$new$0(141)) - 605be85e-a7f4-44d7-8cfd-f53001b990b0@group-E9F55728802D-SegmentedRaftLogWorker: safeCacheEvictIndex: setUnconditionally 0 -> -1
2025-10-20 19:49:57,435 [605be85e-a7f4-44d7-8cfd-f53001b990b0-groupManagement] INFO  server.RaftServer$Division (RaftServerImpl.java:start(405)) - 605be85e-a7f4-44d7-8cfd-f53001b990b0@group-E9F55728802D: start as a follower, conf=conf: {index: -1, cur=peers:[cc7fbe85-1d98-437b-84f9-04213fee10f0|127.0.0.1:15063, 7bb0e7f0-2b36-4ec0-8a09-ceac75d91a36|127.0.0.1:15071, 605be85e-a7f4-44d7-8cfd-f53001b990b0|127.0.0.1:15079]|listeners:[], old=null}
2025-10-20 19:49:57,435 [605be85e-a7f4-44d7-8cfd-f53001b990b0-groupManagement] INFO  server.RaftServer$Division (RaftServerImpl.java:setRole(392)) - 605be85e-a7f4-44d7-8cfd-f53001b990b0@group-E9F55728802D: changes role from      null to FOLLOWER at term 0 for startAsFollower
2025-10-20 19:49:57,435 [605be85e-a7f4-44d7-8cfd-f53001b990b0-groupManagement] INFO  impl.RoleInfo (RoleInfo.java:updateAndGet(148)) - 605be85e-a7f4-44d7-8cfd-f53001b990b0: start 605be85e-a7f4-44d7-8cfd-f53001b990b0@group-E9F55728802D-FollowerState
2025-10-20 19:49:57,438 [605be85e-a7f4-44d7-8cfd-f53001b990b0-groupManagement] INFO  util.JmxRegister (JmxRegister.java:tryRegister(44)) - Successfully registered JMX Bean with object name Ratis:service=RaftServer,group=group-E9F55728802D,id=605be85e-a7f4-44d7-8cfd-f53001b990b0
2025-10-20 19:49:57,438 [605be85e-a7f4-44d7-8cfd-f53001b990b0-groupManagement] INFO  util.JmxRegister (JmxRegister.java:register(58)) - register mxBean class org.apache.ratis.server.impl.RaftServerJmxAdapter as Ratis:service=RaftServer,group=group-E9F55728802D,id=605be85e-a7f4-44d7-8cfd-f53001b990b0
2025-10-20 19:49:57,439 [605be85e-a7f4-44d7-8cfd-f53001b990b0-groupManagement] INFO  server.RaftServer$Division (RaftServerImpl.java:start(419)) - 605be85e-a7f4-44d7-8cfd-f53001b990b0@group-E9F55728802D: Successfully started.
2025-10-20 19:49:57,440 [605be85e-a7f4-44d7-8cfd-f53001b990b0-CreatePipelineCommandHandlerThread-0] INFO  ratis.XceiverServerRatis (XceiverServerRatis.java:addGroup(839)) - Created group Pipeline-b9872faf-8f47-436e-820e-e9f55728802d
2025-10-20 19:49:57,441 [c90bff1f-5a1f-42c6-8fca-9533d718c79a-CreatePipelineCommandHandlerThread-0] INFO  commandhandler.CreatePipelineCommandHandler (CreatePipelineCommandHandler.java:lambda$handle$2(141)) - Created Pipeline RATIS THREE Pipeline-ba8f49ac-c35b-4342-9840-c8b3a767d7cd.
2025-10-20 19:49:57,455 [grpc-default-executor-5] INFO  server.RaftServer (RaftServerProxy.java:addNew(105)) - 7bb0e7f0-2b36-4ec0-8a09-ceac75d91a36: addNew group-E9F55728802D:[cc7fbe85-1d98-437b-84f9-04213fee10f0|127.0.0.1:15063, 7bb0e7f0-2b36-4ec0-8a09-ceac75d91a36|127.0.0.1:15071, 605be85e-a7f4-44d7-8cfd-f53001b990b0|127.0.0.1:15079] returns group-E9F55728802D:java.util.concurrent.CompletableFuture@75ed8e16[Not completed]
2025-10-20 19:49:57,457 [7bb0e7f0-2b36-4ec0-8a09-ceac75d91a36-groupManagement] INFO  server.RaftServer$Division (RaftServerImpl.java:<init>(268)) - 7bb0e7f0-2b36-4ec0-8a09-ceac75d91a36: new RaftServerImpl for group-E9F55728802D:[cc7fbe85-1d98-437b-84f9-04213fee10f0|127.0.0.1:15063, 7bb0e7f0-2b36-4ec0-8a09-ceac75d91a36|127.0.0.1:15071, 605be85e-a7f4-44d7-8cfd-f53001b990b0|127.0.0.1:15079] with ContainerStateMachine:uninitialized
2025-10-20 19:49:57,457 [7bb0e7f0-2b36-4ec0-8a09-ceac75d91a36-groupManagement] INFO  server.RaftServer$Division (ServerState.java:<init>(114)) - 7bb0e7f0-2b36-4ec0-8a09-ceac75d91a36@group-E9F55728802D: ConfigurationManager, init=conf: {index: -1, cur=peers:[cc7fbe85-1d98-437b-84f9-04213fee10f0|127.0.0.1:15063, 7bb0e7f0-2b36-4ec0-8a09-ceac75d91a36|127.0.0.1:15071, 605be85e-a7f4-44d7-8cfd-f53001b990b0|127.0.0.1:15079]|listeners:[], old=null}, confs=<EMPTY_MAP>
2025-10-20 19:49:57,463 [7bb0e7f0-2b36-4ec0-8a09-ceac75d91a36-groupManagement] INFO  server.RaftServerConfigKeys (ConfUtils.java:logGet(62)) - raft.server.storage.dir = [/home/runner/work/ozone/ozone/hadoop-ozone/integration-test/target/test-dir/MiniOzoneClusterImpl-6935df51-69ff-4c35-8bd4-ed2b81d70e54/ozone-metadata/datanode-8/ratis] (custom)
2025-10-20 19:49:57,463 [7bb0e7f0-2b36-4ec0-8a09-ceac75d91a36-groupManagement] INFO  storage.RaftStorageDirectory (RaftStorageDirectoryImpl.java:analyzeStorage(138)) - The storage directory /home/runner/work/ozone/ozone/hadoop-ozone/integration-test/target/test-dir/MiniOzoneClusterImpl-6935df51-69ff-4c35-8bd4-ed2b81d70e54/ozone-metadata/datanode-8/ratis/b9872faf-8f47-436e-820e-e9f55728802d does not exist. Creating ...
2025-10-20 19:49:57,464 [7bb0e7f0-2b36-4ec0-8a09-ceac75d91a36-groupManagement] INFO  storage.RaftStorageDirectory (RaftStorageDirectoryImpl.java:tryLock(229)) - Lock on /home/runner/work/ozone/ozone/hadoop-ozone/integration-test/target/test-dir/MiniOzoneClusterImpl-6935df51-69ff-4c35-8bd4-ed2b81d70e54/ozone-metadata/datanode-8/ratis/b9872faf-8f47-436e-820e-e9f55728802d/in_use.lock acquired by nodename 12924@localhost
2025-10-20 19:49:57,465 [7bb0e7f0-2b36-4ec0-8a09-ceac75d91a36-groupManagement] INFO  storage.RaftStorage (RaftStorageImpl.java:format(98)) - Storage directory /home/runner/work/ozone/ozone/hadoop-ozone/integration-test/target/test-dir/MiniOzoneClusterImpl-6935df51-69ff-4c35-8bd4-ed2b81d70e54/ozone-metadata/datanode-8/ratis/b9872faf-8f47-436e-820e-e9f55728802d has been successfully formatted.
2025-10-20 19:49:57,465 [7bb0e7f0-2b36-4ec0-8a09-ceac75d91a36-groupManagement] INFO  ratis.ContainerStateMachine (ContainerStateMachine.java:initialize(339)) - 7bb0e7f0-2b36-4ec0-8a09-ceac75d91a36: initialize group-E9F55728802D
2025-10-20 19:49:57,465 [7bb0e7f0-2b36-4ec0-8a09-ceac75d91a36-groupManagement] INFO  ratis.ContainerStateMachine (ContainerStateMachine.java:loadSnapshot(347)) - group-E9F55728802D: The snapshot info is null. Setting the last applied index to:<INITIAL_VALUE>
2025-10-20 19:49:57,465 [7bb0e7f0-2b36-4ec0-8a09-ceac75d91a36-groupManagement] INFO  server.RaftServerConfigKeys (ConfUtils.java:logGet(62)) - raft.server.log.appender.buffer.byte-limit = 33554432 (custom)
2025-10-20 19:49:57,467 | INFO  | SCMAudit | user=runner | ip=127.0.0.1 | op=SEND_HEARTBEAT {"datanodeUUID":"7bb0e7f0-2b36-4ec0-8a09-ceac75d91a36","term":"2","command":"[]"} | ret=SUCCESS |  
2025-10-20 19:49:57,468 [7bb0e7f0-2b36-4ec0-8a09-ceac75d91a36-groupManagement] INFO  server.RaftServerConfigKeys (ConfUtils.java:logGet(62)) - raft.server.log.segment.size.max = 67108864 (custom)
2025-10-20 19:49:57,468 [7bb0e7f0-2b36-4ec0-8a09-ceac75d91a36-groupManagement] INFO  server.RaftServerConfigKeys (ConfUtils.java:logGet(62)) - raft.server.log.appender.buffer.byte-limit = 33554432 (custom)
2025-10-20 19:49:57,468 [7bb0e7f0-2b36-4ec0-8a09-ceac75d91a36-groupManagement] INFO  util.AwaitToRun (AwaitToRun.java:start(81)) - Thread[#1600,7bb0e7f0-2b36-4ec0-8a09-ceac75d91a36@group-E9F55728802D-cacheEviction-AwaitToRun,5,main] started
2025-10-20 19:49:57,468 [7bb0e7f0-2b36-4ec0-8a09-ceac75d91a36-groupManagement] INFO  segmented.SegmentedRaftLogWorker (SegmentedRaftLogWorker.java:<init>(190)) - new 7bb0e7f0-2b36-4ec0-8a09-ceac75d91a36@group-E9F55728802D-SegmentedRaftLogWorker for RaftStorageImpl:Storage Directory /home/runner/work/ozone/ozone/hadoop-ozone/integration-test/target/test-dir/MiniOzoneClusterImpl-6935df51-69ff-4c35-8bd4-ed2b81d70e54/ozone-metadata/datanode-8/ratis/b9872faf-8f47-436e-820e-e9f55728802d
2025-10-20 19:49:57,468 [7bb0e7f0-2b36-4ec0-8a09-ceac75d91a36-groupManagement] INFO  server.RaftServerConfigKeys (ConfUtils.java:logGet(62)) - raft.server.log.queue.byte-limit = 4294967296 (custom)
2025-10-20 19:49:57,468 [7bb0e7f0-2b36-4ec0-8a09-ceac75d91a36-groupManagement] INFO  server.RaftServerConfigKeys (ConfUtils.java:logGet(62)) - raft.server.log.segment.size.max = 67108864 (custom)
2025-10-20 19:49:57,468 [7bb0e7f0-2b36-4ec0-8a09-ceac75d91a36-groupManagement] INFO  server.RaftServerConfigKeys (ConfUtils.java:logGet(62)) - raft.server.log.preallocated.size = 4194304 (custom)
2025-10-20 19:49:57,469 [7bb0e7f0-2b36-4ec0-8a09-ceac75d91a36-groupManagement] INFO  server.RaftServerConfigKeys (ConfUtils.java:logGet(62)) - raft.server.log.write.buffer.size = 33554440 (custom)
2025-10-20 19:49:57,475 [7bb0e7f0-2b36-4ec0-8a09-ceac75d91a36-groupManagement] INFO  server.RaftServerConfigKeys (ConfUtils.java:logGet(62)) - raft.server.log.appender.buffer.byte-limit = 33554432 (custom)
2025-10-20 19:49:57,476 [7bb0e7f0-2b36-4ec0-8a09-ceac75d91a36-groupManagement] INFO  segmented.SegmentedRaftLogWorker (SegmentedRaftLogWorker.java:lambda$new$0(141)) - 7bb0e7f0-2b36-4ec0-8a09-ceac75d91a36@group-E9F55728802D-SegmentedRaftLogWorker: flushIndex: setUnconditionally 0 -> -1
2025-10-20 19:49:57,476 [7bb0e7f0-2b36-4ec0-8a09-ceac75d91a36-groupManagement] INFO  segmented.SegmentedRaftLogWorker (SegmentedRaftLogWorker.java:lambda$new$0(141)) - 7bb0e7f0-2b36-4ec0-8a09-ceac75d91a36@group-E9F55728802D-SegmentedRaftLogWorker: safeCacheEvictIndex: setUnconditionally 0 -> -1
2025-10-20 19:49:57,476 [7bb0e7f0-2b36-4ec0-8a09-ceac75d91a36-groupManagement] INFO  server.RaftServer$Division (RaftServerImpl.java:start(405)) - 7bb0e7f0-2b36-4ec0-8a09-ceac75d91a36@group-E9F55728802D: start as a follower, conf=conf: {index: -1, cur=peers:[cc7fbe85-1d98-437b-84f9-04213fee10f0|127.0.0.1:15063, 7bb0e7f0-2b36-4ec0-8a09-ceac75d91a36|127.0.0.1:15071, 605be85e-a7f4-44d7-8cfd-f53001b990b0|127.0.0.1:15079]|listeners:[], old=null}
2025-10-20 19:49:57,476 [7bb0e7f0-2b36-4ec0-8a09-ceac75d91a36-groupManagement] INFO  server.RaftServer$Division (RaftServerImpl.java:setRole(392)) - 7bb0e7f0-2b36-4ec0-8a09-ceac75d91a36@group-E9F55728802D: changes role from      null to FOLLOWER at term 0 for startAsFollower
2025-10-20 19:49:57,476 [7bb0e7f0-2b36-4ec0-8a09-ceac75d91a36-groupManagement] INFO  impl.RoleInfo (RoleInfo.java:updateAndGet(148)) - 7bb0e7f0-2b36-4ec0-8a09-ceac75d91a36: start 7bb0e7f0-2b36-4ec0-8a09-ceac75d91a36@group-E9F55728802D-FollowerState
2025-10-20 19:49:57,476 [7bb0e7f0-2b36-4ec0-8a09-ceac75d91a36-groupManagement] INFO  util.JmxRegister (JmxRegister.java:tryRegister(44)) - Successfully registered JMX Bean with object name Ratis:service=RaftServer,group=group-E9F55728802D,id=7bb0e7f0-2b36-4ec0-8a09-ceac75d91a36
2025-10-20 19:49:57,477 [7bb0e7f0-2b36-4ec0-8a09-ceac75d91a36-groupManagement] INFO  util.JmxRegister (JmxRegister.java:register(58)) - register mxBean class org.apache.ratis.server.impl.RaftServerJmxAdapter as Ratis:service=RaftServer,group=group-E9F55728802D,id=7bb0e7f0-2b36-4ec0-8a09-ceac75d91a36
2025-10-20 19:49:57,477 [7bb0e7f0-2b36-4ec0-8a09-ceac75d91a36-groupManagement] INFO  server.RaftServer$Division (RaftServerImpl.java:start(419)) - 7bb0e7f0-2b36-4ec0-8a09-ceac75d91a36@group-E9F55728802D: Successfully started.
2025-10-20 19:49:57,490 [grpc-default-executor-5] INFO  server.RaftServer (RaftServerProxy.java:addNew(105)) - cc7fbe85-1d98-437b-84f9-04213fee10f0: addNew group-E9F55728802D:[cc7fbe85-1d98-437b-84f9-04213fee10f0|127.0.0.1:15063, 7bb0e7f0-2b36-4ec0-8a09-ceac75d91a36|127.0.0.1:15071, 605be85e-a7f4-44d7-8cfd-f53001b990b0|127.0.0.1:15079] returns group-E9F55728802D:java.util.concurrent.CompletableFuture@5962fbfa[Not completed]
2025-10-20 19:49:57,492 [cc7fbe85-1d98-437b-84f9-04213fee10f0-groupManagement] INFO  server.RaftServer$Division (RaftServerImpl.java:<init>(268)) - cc7fbe85-1d98-437b-84f9-04213fee10f0: new RaftServerImpl for group-E9F55728802D:[cc7fbe85-1d98-437b-84f9-04213fee10f0|127.0.0.1:15063, 7bb0e7f0-2b36-4ec0-8a09-ceac75d91a36|127.0.0.1:15071, 605be85e-a7f4-44d7-8cfd-f53001b990b0|127.0.0.1:15079] with ContainerStateMachine:uninitialized
2025-10-20 19:49:57,493 [cc7fbe85-1d98-437b-84f9-04213fee10f0-groupManagement] INFO  server.RaftServer$Division (ServerState.java:<init>(114)) - cc7fbe85-1d98-437b-84f9-04213fee10f0@group-E9F55728802D: ConfigurationManager, init=conf: {index: -1, cur=peers:[cc7fbe85-1d98-437b-84f9-04213fee10f0|127.0.0.1:15063, 7bb0e7f0-2b36-4ec0-8a09-ceac75d91a36|127.0.0.1:15071, 605be85e-a7f4-44d7-8cfd-f53001b990b0|127.0.0.1:15079]|listeners:[], old=null}, confs=<EMPTY_MAP>
2025-10-20 19:49:57,499 [cc7fbe85-1d98-437b-84f9-04213fee10f0-groupManagement] INFO  server.RaftServerConfigKeys (ConfUtils.java:logGet(62)) - raft.server.storage.dir = [/home/runner/work/ozone/ozone/hadoop-ozone/integration-test/target/test-dir/MiniOzoneClusterImpl-6935df51-69ff-4c35-8bd4-ed2b81d70e54/ozone-metadata/datanode-7/ratis] (custom)
2025-10-20 19:49:57,499 [cc7fbe85-1d98-437b-84f9-04213fee10f0-groupManagement] INFO  storage.RaftStorageDirectory (RaftStorageDirectoryImpl.java:analyzeStorage(138)) - The storage directory /home/runner/work/ozone/ozone/hadoop-ozone/integration-test/target/test-dir/MiniOzoneClusterImpl-6935df51-69ff-4c35-8bd4-ed2b81d70e54/ozone-metadata/datanode-7/ratis/b9872faf-8f47-436e-820e-e9f55728802d does not exist. Creating ...
2025-10-20 19:49:57,500 [cc7fbe85-1d98-437b-84f9-04213fee10f0-groupManagement] INFO  storage.RaftStorageDirectory (RaftStorageDirectoryImpl.java:tryLock(229)) - Lock on /home/runner/work/ozone/ozone/hadoop-ozone/integration-test/target/test-dir/MiniOzoneClusterImpl-6935df51-69ff-4c35-8bd4-ed2b81d70e54/ozone-metadata/datanode-7/ratis/b9872faf-8f47-436e-820e-e9f55728802d/in_use.lock acquired by nodename 12924@localhost
2025-10-20 19:49:57,501 [cc7fbe85-1d98-437b-84f9-04213fee10f0-groupManagement] INFO  storage.RaftStorage (RaftStorageImpl.java:format(98)) - Storage directory /home/runner/work/ozone/ozone/hadoop-ozone/integration-test/target/test-dir/MiniOzoneClusterImpl-6935df51-69ff-4c35-8bd4-ed2b81d70e54/ozone-metadata/datanode-7/ratis/b9872faf-8f47-436e-820e-e9f55728802d has been successfully formatted.
2025-10-20 19:49:57,502 [cc7fbe85-1d98-437b-84f9-04213fee10f0-groupManagement] INFO  ratis.ContainerStateMachine (ContainerStateMachine.java:initialize(339)) - cc7fbe85-1d98-437b-84f9-04213fee10f0: initialize group-E9F55728802D
2025-10-20 19:49:57,502 [cc7fbe85-1d98-437b-84f9-04213fee10f0-groupManagement] INFO  ratis.ContainerStateMachine (ContainerStateMachine.java:loadSnapshot(347)) - group-E9F55728802D: The snapshot info is null. Setting the last applied index to:<INITIAL_VALUE>
2025-10-20 19:49:57,502 [cc7fbe85-1d98-437b-84f9-04213fee10f0-groupManagement] INFO  server.RaftServerConfigKeys (ConfUtils.java:logGet(62)) - raft.server.log.appender.buffer.byte-limit = 33554432 (custom)
2025-10-20 19:49:57,504 [cc7fbe85-1d98-437b-84f9-04213fee10f0-groupManagement] INFO  server.RaftServerConfigKeys (ConfUtils.java:logGet(62)) - raft.server.log.segment.size.max = 67108864 (custom)
2025-10-20 19:49:57,505 [cc7fbe85-1d98-437b-84f9-04213fee10f0-groupManagement] INFO  server.RaftServerConfigKeys (ConfUtils.java:logGet(62)) - raft.server.log.appender.buffer.byte-limit = 33554432 (custom)
2025-10-20 19:49:57,505 | INFO  | SCMAudit | user=runner | ip=127.0.0.1 | op=SEND_HEARTBEAT {"datanodeUUID":"cc7fbe85-1d98-437b-84f9-04213fee10f0","term":"2","command":"[]"} | ret=SUCCESS |  
2025-10-20 19:49:57,505 [cc7fbe85-1d98-437b-84f9-04213fee10f0-groupManagement] INFO  util.AwaitToRun (AwaitToRun.java:start(81)) - Thread[#1608,cc7fbe85-1d98-437b-84f9-04213fee10f0@group-E9F55728802D-cacheEviction-AwaitToRun,5,main] started
2025-10-20 19:49:57,506 [cc7fbe85-1d98-437b-84f9-04213fee10f0-groupManagement] INFO  segmented.SegmentedRaftLogWorker (SegmentedRaftLogWorker.java:<init>(190)) - new cc7fbe85-1d98-437b-84f9-04213fee10f0@group-E9F55728802D-SegmentedRaftLogWorker for RaftStorageImpl:Storage Directory /home/runner/work/ozone/ozone/hadoop-ozone/integration-test/target/test-dir/MiniOzoneClusterImpl-6935df51-69ff-4c35-8bd4-ed2b81d70e54/ozone-metadata/datanode-7/ratis/b9872faf-8f47-436e-820e-e9f55728802d
2025-10-20 19:49:57,506 [cc7fbe85-1d98-437b-84f9-04213fee10f0-groupManagement] INFO  server.RaftServerConfigKeys (ConfUtils.java:logGet(62)) - raft.server.log.queue.byte-limit = 4294967296 (custom)
2025-10-20 19:49:57,506 [cc7fbe85-1d98-437b-84f9-04213fee10f0-groupManagement] INFO  server.RaftServerConfigKeys (ConfUtils.java:logGet(62)) - raft.server.log.segment.size.max = 67108864 (custom)
2025-10-20 19:49:57,506 [cc7fbe85-1d98-437b-84f9-04213fee10f0-groupManagement] INFO  server.RaftServerConfigKeys (ConfUtils.java:logGet(62)) - raft.server.log.preallocated.size = 4194304 (custom)
2025-10-20 19:49:57,506 [cc7fbe85-1d98-437b-84f9-04213fee10f0-groupManagement] INFO  server.RaftServerConfigKeys (ConfUtils.java:logGet(62)) - raft.server.log.write.buffer.size = 33554440 (custom)
2025-10-20 19:49:57,514 [cc7fbe85-1d98-437b-84f9-04213fee10f0-groupManagement] INFO  server.RaftServerConfigKeys (ConfUtils.java:logGet(62)) - raft.server.log.appender.buffer.byte-limit = 33554432 (custom)
2025-10-20 19:49:57,515 [cc7fbe85-1d98-437b-84f9-04213fee10f0-groupManagement] INFO  segmented.SegmentedRaftLogWorker (SegmentedRaftLogWorker.java:lambda$new$0(141)) - cc7fbe85-1d98-437b-84f9-04213fee10f0@group-E9F55728802D-SegmentedRaftLogWorker: flushIndex: setUnconditionally 0 -> -1
2025-10-20 19:49:57,515 [cc7fbe85-1d98-437b-84f9-04213fee10f0-groupManagement] INFO  segmented.SegmentedRaftLogWorker (SegmentedRaftLogWorker.java:lambda$new$0(141)) - cc7fbe85-1d98-437b-84f9-04213fee10f0@group-E9F55728802D-SegmentedRaftLogWorker: safeCacheEvictIndex: setUnconditionally 0 -> -1
2025-10-20 19:49:57,515 [cc7fbe85-1d98-437b-84f9-04213fee10f0-groupManagement] INFO  server.RaftServer$Division (RaftServerImpl.java:start(405)) - cc7fbe85-1d98-437b-84f9-04213fee10f0@group-E9F55728802D: start as a follower, conf=conf: {index: -1, cur=peers:[cc7fbe85-1d98-437b-84f9-04213fee10f0|127.0.0.1:15063, 7bb0e7f0-2b36-4ec0-8a09-ceac75d91a36|127.0.0.1:15071, 605be85e-a7f4-44d7-8cfd-f53001b990b0|127.0.0.1:15079]|listeners:[], old=null}
2025-10-20 19:49:57,515 [cc7fbe85-1d98-437b-84f9-04213fee10f0-groupManagement] INFO  server.RaftServer$Division (RaftServerImpl.java:setRole(392)) - cc7fbe85-1d98-437b-84f9-04213fee10f0@group-E9F55728802D: changes role from      null to FOLLOWER at term 0 for startAsFollower
2025-10-20 19:49:57,516 [cc7fbe85-1d98-437b-84f9-04213fee10f0-groupManagement] INFO  impl.RoleInfo (RoleInfo.java:updateAndGet(148)) - cc7fbe85-1d98-437b-84f9-04213fee10f0: start cc7fbe85-1d98-437b-84f9-04213fee10f0@group-E9F55728802D-FollowerState
2025-10-20 19:49:57,516 [cc7fbe85-1d98-437b-84f9-04213fee10f0-groupManagement] INFO  util.JmxRegister (JmxRegister.java:tryRegister(44)) - Successfully registered JMX Bean with object name Ratis:service=RaftServer,group=group-E9F55728802D,id=cc7fbe85-1d98-437b-84f9-04213fee10f0
2025-10-20 19:49:57,516 [cc7fbe85-1d98-437b-84f9-04213fee10f0-groupManagement] INFO  util.JmxRegister (JmxRegister.java:register(58)) - register mxBean class org.apache.ratis.server.impl.RaftServerJmxAdapter as Ratis:service=RaftServer,group=group-E9F55728802D,id=cc7fbe85-1d98-437b-84f9-04213fee10f0
2025-10-20 19:49:57,517 [cc7fbe85-1d98-437b-84f9-04213fee10f0-groupManagement] INFO  server.RaftServer$Division (RaftServerImpl.java:start(419)) - cc7fbe85-1d98-437b-84f9-04213fee10f0@group-E9F55728802D: Successfully started.
2025-10-20 19:49:57,521 [605be85e-a7f4-44d7-8cfd-f53001b990b0-CreatePipelineCommandHandlerThread-0] INFO  commandhandler.CreatePipelineCommandHandler (CreatePipelineCommandHandler.java:lambda$handle$2(141)) - Created Pipeline RATIS THREE Pipeline-b9872faf-8f47-436e-820e-e9f55728802d.
2025-10-20 19:49:57,521 [605be85e-a7f4-44d7-8cfd-f53001b990b0-CreatePipelineCommandHandlerThread-0] INFO  server.RaftServer (RaftServerProxy.java:addNew(105)) - 605be85e-a7f4-44d7-8cfd-f53001b990b0: addNew group-ADCA28697501:[cc7fbe85-1d98-437b-84f9-04213fee10f0|127.0.0.1:15063, 7bb0e7f0-2b36-4ec0-8a09-ceac75d91a36|127.0.0.1:15071, 605be85e-a7f4-44d7-8cfd-f53001b990b0|127.0.0.1:15079] returns group-ADCA28697501:java.util.concurrent.CompletableFuture@3341fb58[Not completed]
2025-10-20 19:49:57,523 [605be85e-a7f4-44d7-8cfd-f53001b990b0-groupManagement] INFO  server.RaftServer$Division (RaftServerImpl.java:<init>(268)) - 605be85e-a7f4-44d7-8cfd-f53001b990b0: new RaftServerImpl for group-ADCA28697501:[cc7fbe85-1d98-437b-84f9-04213fee10f0|127.0.0.1:15063, 7bb0e7f0-2b36-4ec0-8a09-ceac75d91a36|127.0.0.1:15071, 605be85e-a7f4-44d7-8cfd-f53001b990b0|127.0.0.1:15079] with ContainerStateMachine:uninitialized
2025-10-20 19:49:57,524 [605be85e-a7f4-44d7-8cfd-f53001b990b0-groupManagement] INFO  server.RaftServer$Division (ServerState.java:<init>(114)) - 605be85e-a7f4-44d7-8cfd-f53001b990b0@group-ADCA28697501: ConfigurationManager, init=conf: {index: -1, cur=peers:[cc7fbe85-1d98-437b-84f9-04213fee10f0|127.0.0.1:15063, 7bb0e7f0-2b36-4ec0-8a09-ceac75d91a36|127.0.0.1:15071, 605be85e-a7f4-44d7-8cfd-f53001b990b0|127.0.0.1:15079]|listeners:[], old=null}, confs=<EMPTY_MAP>
2025-10-20 19:49:57,528 | INFO  | SCMAudit | user=runner | ip=127.0.0.1 | op=SEND_HEARTBEAT {"datanodeUUID":"38991c48-ffb3-4453-b758-77d6b4ebc62b","term":"2","command":"[commandType: createPipelineCommand createPipelineCommandProto { pipelineID { id: \"21de1bf8-cba7-4ac9-8f59-0eb63cf54958\" uuid128 { mostSigBits: 2440418803463965385 leastSigBits: -8117440677489063592 } } type: RATIS factor: ONE datanode { uuid: \"38991c48-ffb3-4453-b758-77d6b4ebc62b\" ipAddress: \"127.0.0.1\" hostName: \"localhost\" ports { name: \"HTTP\" value: 15114 } ports { name: \"CLIENT_RPC\" value: 15115 } ports { name: \"REPLICATION\" value: 15121 } ports { name: \"RATIS\" value: 15117 } ports { name: \"RATIS_ADMIN\" value: 15118 } ports { name: \"RATIS_SERVER\" value: 15119 } ports { name: \"RATIS_DATASTREAM\" value: 15120 } ports { name: \"STANDALONE\" value: 15116 } networkName: \"38991c48-ffb3-4453-b758-77d6b4ebc62b\" networkLocation: \"/default-rack\" persistedOpState: IN_SERVICE persistedOpStateExpiry: 0 currentVersion: 2 uuid128 { mostSigBits: 4078322037413856339 leastSigBits: -5235302802776144341 } level: 3 id { uuid { mostSigBits: 4078322037413856339 leastSigBits: -5235302802776144341 } } } cmdId: 1760989793844 priority: 1 } term: 2 encodedToken: \"\" deadlineMsSinceEpoch: 0]"} | ret=SUCCESS |  
2025-10-20 19:49:57,528 [605be85e-a7f4-44d7-8cfd-f53001b990b0-groupManagement] INFO  server.RaftServerConfigKeys (ConfUtils.java:logGet(62)) - raft.server.storage.dir = [/home/runner/work/ozone/ozone/hadoop-ozone/integration-test/target/test-dir/MiniOzoneClusterImpl-6935df51-69ff-4c35-8bd4-ed2b81d70e54/ozone-metadata/datanode-9/ratis] (custom)
2025-10-20 19:49:57,529 [605be85e-a7f4-44d7-8cfd-f53001b990b0-groupManagement] INFO  storage.RaftStorageDirectory (RaftStorageDirectoryImpl.java:analyzeStorage(138)) - The storage directory /home/runner/work/ozone/ozone/hadoop-ozone/integration-test/target/test-dir/MiniOzoneClusterImpl-6935df51-69ff-4c35-8bd4-ed2b81d70e54/ozone-metadata/datanode-9/ratis/279335df-31f6-46d2-a714-adca28697501 does not exist. Creating ...
2025-10-20 19:49:57,530 [605be85e-a7f4-44d7-8cfd-f53001b990b0-groupManagement] INFO  storage.RaftStorageDirectory (RaftStorageDirectoryImpl.java:tryLock(229)) - Lock on /home/runner/work/ozone/ozone/hadoop-ozone/integration-test/target/test-dir/MiniOzoneClusterImpl-6935df51-69ff-4c35-8bd4-ed2b81d70e54/ozone-metadata/datanode-9/ratis/279335df-31f6-46d2-a714-adca28697501/in_use.lock acquired by nodename 12924@localhost
2025-10-20 19:49:57,531 [605be85e-a7f4-44d7-8cfd-f53001b990b0-groupManagement] INFO  storage.RaftStorage (RaftStorageImpl.java:format(98)) - Storage directory /home/runner/work/ozone/ozone/hadoop-ozone/integration-test/target/test-dir/MiniOzoneClusterImpl-6935df51-69ff-4c35-8bd4-ed2b81d70e54/ozone-metadata/datanode-9/ratis/279335df-31f6-46d2-a714-adca28697501 has been successfully formatted.
2025-10-20 19:49:57,532 [605be85e-a7f4-44d7-8cfd-f53001b990b0-groupManagement] INFO  ratis.ContainerStateMachine (ContainerStateMachine.java:initialize(339)) - 605be85e-a7f4-44d7-8cfd-f53001b990b0: initialize group-ADCA28697501
2025-10-20 19:49:57,532 [605be85e-a7f4-44d7-8cfd-f53001b990b0-groupManagement] INFO  ratis.ContainerStateMachine (ContainerStateMachine.java:loadSnapshot(347)) - group-ADCA28697501: The snapshot info is null. Setting the last applied index to:<INITIAL_VALUE>
2025-10-20 19:49:57,532 [605be85e-a7f4-44d7-8cfd-f53001b990b0-groupManagement] INFO  server.RaftServerConfigKeys (ConfUtils.java:logGet(62)) - raft.server.log.appender.buffer.byte-limit = 33554432 (custom)
2025-10-20 19:49:57,533 | INFO  | SCMAudit | user=runner | ip=127.0.0.1 | op=SEND_HEARTBEAT {"datanodeUUID":"605be85e-a7f4-44d7-8cfd-f53001b990b0","term":"2","command":"[]"} | ret=SUCCESS |  
2025-10-20 19:49:57,537 [605be85e-a7f4-44d7-8cfd-f53001b990b0-groupManagement] INFO  server.RaftServerConfigKeys (ConfUtils.java:logGet(62)) - raft.server.log.segment.size.max = 67108864 (custom)
2025-10-20 19:49:57,537 [605be85e-a7f4-44d7-8cfd-f53001b990b0-groupManagement] INFO  server.RaftServerConfigKeys (ConfUtils.java:logGet(62)) - raft.server.log.appender.buffer.byte-limit = 33554432 (custom)
2025-10-20 19:49:57,538 [605be85e-a7f4-44d7-8cfd-f53001b990b0-groupManagement] INFO  util.AwaitToRun (AwaitToRun.java:start(81)) - Thread[#1615,605be85e-a7f4-44d7-8cfd-f53001b990b0@group-ADCA28697501-cacheEviction-AwaitToRun,5,main] started
2025-10-20 19:49:57,538 [605be85e-a7f4-44d7-8cfd-f53001b990b0-groupManagement] INFO  segmented.SegmentedRaftLogWorker (SegmentedRaftLogWorker.java:<init>(190)) - new 605be85e-a7f4-44d7-8cfd-f53001b990b0@group-ADCA28697501-SegmentedRaftLogWorker for RaftStorageImpl:Storage Directory /home/runner/work/ozone/ozone/hadoop-ozone/integration-test/target/test-dir/MiniOzoneClusterImpl-6935df51-69ff-4c35-8bd4-ed2b81d70e54/ozone-metadata/datanode-9/ratis/279335df-31f6-46d2-a714-adca28697501
2025-10-20 19:49:57,538 [605be85e-a7f4-44d7-8cfd-f53001b990b0-groupManagement] INFO  server.RaftServerConfigKeys (ConfUtils.java:logGet(62)) - raft.server.log.queue.byte-limit = 4294967296 (custom)
2025-10-20 19:49:57,538 [605be85e-a7f4-44d7-8cfd-f53001b990b0-groupManagement] INFO  server.RaftServerConfigKeys (ConfUtils.java:logGet(62)) - raft.server.log.segment.size.max = 67108864 (custom)
2025-10-20 19:49:57,538 [605be85e-a7f4-44d7-8cfd-f53001b990b0-groupManagement] INFO  server.RaftServerConfigKeys (ConfUtils.java:logGet(62)) - raft.server.log.preallocated.size = 4194304 (custom)
2025-10-20 19:49:57,539 [605be85e-a7f4-44d7-8cfd-f53001b990b0-groupManagement] INFO  server.RaftServerConfigKeys (ConfUtils.java:logGet(62)) - raft.server.log.write.buffer.size = 33554440 (custom)
2025-10-20 19:49:57,546 [e05592a5-d00f-4fc1-9e39-a968c1ecb04e@group-1AA5F909702D-FollowerState] INFO  impl.FollowerState (FollowerState.java:runImpl(161)) - e05592a5-d00f-4fc1-9e39-a968c1ecb04e@group-1AA5F909702D-FollowerState: change to CANDIDATE, lastRpcElapsedTime:1035155424ns, electionTimeout:1033ms
2025-10-20 19:49:57,546 [e05592a5-d00f-4fc1-9e39-a968c1ecb04e@group-1AA5F909702D-FollowerState] INFO  impl.RoleInfo (RoleInfo.java:shutdownFollowerState(121)) - e05592a5-d00f-4fc1-9e39-a968c1ecb04e: shutdown e05592a5-d00f-4fc1-9e39-a968c1ecb04e@group-1AA5F909702D-FollowerState
2025-10-20 19:49:57,546 [e05592a5-d00f-4fc1-9e39-a968c1ecb04e@group-1AA5F909702D-FollowerState] INFO  server.RaftServer$Division (RaftServerImpl.java:setRole(392)) - e05592a5-d00f-4fc1-9e39-a968c1ecb04e@group-1AA5F909702D: changes role from  FOLLOWER to CANDIDATE at term 0 for changeToCandidate
2025-10-20 19:49:57,546 [e05592a5-d00f-4fc1-9e39-a968c1ecb04e@group-1AA5F909702D-FollowerState] INFO  impl.RoleInfo (RoleInfo.java:updateAndGet(148)) - e05592a5-d00f-4fc1-9e39-a968c1ecb04e: start e05592a5-d00f-4fc1-9e39-a968c1ecb04e@group-1AA5F909702D-LeaderElection7
2025-10-20 19:49:57,547 [605be85e-a7f4-44d7-8cfd-f53001b990b0-groupManagement] INFO  server.RaftServerConfigKeys (ConfUtils.java:logGet(62)) - raft.server.log.appender.buffer.byte-limit = 33554432 (custom)
2025-10-20 19:49:57,547 [e05592a5-d00f-4fc1-9e39-a968c1ecb04e@group-1AA5F909702D-LeaderElection7] INFO  impl.LeaderElection (LeaderElection.java:askForVotes(448)) - e05592a5-d00f-4fc1-9e39-a968c1ecb04e@group-1AA5F909702D-LeaderElection7 PRE_VOTE round 0: submit vote requests at term 0 for conf: {index: -1, cur=peers:[ef67b0a7-5b27-496d-9f38-ab804a28e500|127.0.0.1:15023, e05592a5-d00f-4fc1-9e39-a968c1ecb04e|127.0.0.1:15015, 361055de-215b-4c6c-94c2-be1c1da118d1|127.0.0.1:15031]|listeners:[], old=null}
2025-10-20 19:49:57,547 [605be85e-a7f4-44d7-8cfd-f53001b990b0-groupManagement] INFO  segmented.SegmentedRaftLogWorker (SegmentedRaftLogWorker.java:lambda$new$0(141)) - 605be85e-a7f4-44d7-8cfd-f53001b990b0@group-ADCA28697501-SegmentedRaftLogWorker: flushIndex: setUnconditionally 0 -> -1
2025-10-20 19:49:57,547 [605be85e-a7f4-44d7-8cfd-f53001b990b0-groupManagement] INFO  segmented.SegmentedRaftLogWorker (SegmentedRaftLogWorker.java:lambda$new$0(141)) - 605be85e-a7f4-44d7-8cfd-f53001b990b0@group-ADCA28697501-SegmentedRaftLogWorker: safeCacheEvictIndex: setUnconditionally 0 -> -1
2025-10-20 19:49:57,548 [605be85e-a7f4-44d7-8cfd-f53001b990b0-groupManagement] INFO  server.RaftServer$Division (RaftServerImpl.java:start(405)) - 605be85e-a7f4-44d7-8cfd-f53001b990b0@group-ADCA28697501: start as a follower, conf=conf: {index: -1, cur=peers:[cc7fbe85-1d98-437b-84f9-04213fee10f0|127.0.0.1:15063, 7bb0e7f0-2b36-4ec0-8a09-ceac75d91a36|127.0.0.1:15071, 605be85e-a7f4-44d7-8cfd-f53001b990b0|127.0.0.1:15079]|listeners:[], old=null}
2025-10-20 19:49:57,548 [605be85e-a7f4-44d7-8cfd-f53001b990b0-groupManagement] INFO  server.RaftServer$Division (RaftServerImpl.java:setRole(392)) - 605be85e-a7f4-44d7-8cfd-f53001b990b0@group-ADCA28697501: changes role from      null to FOLLOWER at term 0 for startAsFollower
2025-10-20 19:49:57,548 [605be85e-a7f4-44d7-8cfd-f53001b990b0-groupManagement] INFO  impl.RoleInfo (RoleInfo.java:updateAndGet(148)) - 605be85e-a7f4-44d7-8cfd-f53001b990b0: start 605be85e-a7f4-44d7-8cfd-f53001b990b0@group-ADCA28697501-FollowerState
2025-10-20 19:49:57,548 [e05592a5-d00f-4fc1-9e39-a968c1ecb04e@group-1AA5F909702D-LeaderElection7-1] INFO  server.GrpcServerProtocolClient (GrpcServerProtocolClient.java:<init>(65)) - Build channel for ef67b0a7-5b27-496d-9f38-ab804a28e500|127.0.0.1:15023
2025-10-20 19:49:57,548 [605be85e-a7f4-44d7-8cfd-f53001b990b0-groupManagement] INFO  util.JmxRegister (JmxRegister.java:tryRegister(44)) - Successfully registered JMX Bean with object name Ratis:service=RaftServer,group=group-ADCA28697501,id=605be85e-a7f4-44d7-8cfd-f53001b990b0
2025-10-20 19:49:57,548 [605be85e-a7f4-44d7-8cfd-f53001b990b0-groupManagement] INFO  util.JmxRegister (JmxRegister.java:register(58)) - register mxBean class org.apache.ratis.server.impl.RaftServerJmxAdapter as Ratis:service=RaftServer,group=group-ADCA28697501,id=605be85e-a7f4-44d7-8cfd-f53001b990b0
2025-10-20 19:49:57,550 [605be85e-a7f4-44d7-8cfd-f53001b990b0-groupManagement] INFO  server.RaftServer$Division (RaftServerImpl.java:start(419)) - 605be85e-a7f4-44d7-8cfd-f53001b990b0@group-ADCA28697501: Successfully started.
2025-10-20 19:49:57,550 [605be85e-a7f4-44d7-8cfd-f53001b990b0-CreatePipelineCommandHandlerThread-0] INFO  ratis.XceiverServerRatis (XceiverServerRatis.java:addGroup(839)) - Created group Pipeline-279335df-31f6-46d2-a714-adca28697501
2025-10-20 19:49:57,552 [e05592a5-d00f-4fc1-9e39-a968c1ecb04e@group-1AA5F909702D-LeaderElection7-2] INFO  server.GrpcServerProtocolClient (GrpcServerProtocolClient.java:<init>(65)) - Build channel for 361055de-215b-4c6c-94c2-be1c1da118d1|127.0.0.1:15031
2025-10-20 19:49:57,557 [grpc-default-executor-5] INFO  server.RaftServer$Division (RaftServerImpl.java:requestVote(1421)) - ef67b0a7-5b27-496d-9f38-ab804a28e500@group-1AA5F909702D: receive requestVote(PRE_VOTE, e05592a5-d00f-4fc1-9e39-a968c1ecb04e, group-1AA5F909702D, 0, <PROTO_DEFAULT>)
2025-10-20 19:49:57,557 [grpc-default-executor-5] INFO  impl.VoteContext (VoteContext.java:log(49)) - ef67b0a7-5b27-496d-9f38-ab804a28e500@group-1AA5F909702D-FOLLOWER: reject PRE_VOTE from e05592a5-d00f-4fc1-9e39-a968c1ecb04e: our priority 1 > candidate's priority 0
2025-10-20 19:49:57,558 [grpc-default-executor-5] INFO  server.RaftServer$Division (RaftServerImpl.java:requestVote(1455)) - ef67b0a7-5b27-496d-9f38-ab804a28e500@group-1AA5F909702D replies to PRE_VOTE vote request: e05592a5-d00f-4fc1-9e39-a968c1ecb04e<-ef67b0a7-5b27-496d-9f38-ab804a28e500#0:FAIL-t0-last:<INITIAL_VALUE>. Peer's state: ef67b0a7-5b27-496d-9f38-ab804a28e500@group-1AA5F909702D:t0, leader=null, voted=, raftlog=Memoized:ef67b0a7-5b27-496d-9f38-ab804a28e500@group-1AA5F909702D-SegmentedRaftLog:OPENED:c-1:lastnull, conf=conf: {index: -1, cur=peers:[ef67b0a7-5b27-496d-9f38-ab804a28e500|127.0.0.1:15023, e05592a5-d00f-4fc1-9e39-a968c1ecb04e|127.0.0.1:15015, 361055de-215b-4c6c-94c2-be1c1da118d1|127.0.0.1:15031]|listeners:[], old=null}
2025-10-20 19:49:57,561 | INFO  | SCMAudit | user=runner | ip=127.0.0.1 | op=SEND_HEARTBEAT {"datanodeUUID":"33f74daf-be7a-4306-b2af-53e409c4cb93","term":"2","command":"[]"} | ret=SUCCESS |  
2025-10-20 19:49:57,561 [e05592a5-d00f-4fc1-9e39-a968c1ecb04e@group-1AA5F909702D-LeaderElection7] INFO  impl.LeaderElection (LeaderElection.java:logAndReturn(206)) - e05592a5-d00f-4fc1-9e39-a968c1ecb04e@group-1AA5F909702D-LeaderElection7: PRE_VOTE REJECTED received 1 response(s) and 0 exception(s):
2025-10-20 19:49:57,561 [e05592a5-d00f-4fc1-9e39-a968c1ecb04e@group-1AA5F909702D-LeaderElection7] INFO  impl.LeaderElection (LeaderElection.java:logAndReturn(210)) -   Response 0: e05592a5-d00f-4fc1-9e39-a968c1ecb04e<-ef67b0a7-5b27-496d-9f38-ab804a28e500#0:FAIL-t0-last:<INITIAL_VALUE>
2025-10-20 19:49:57,562 [e05592a5-d00f-4fc1-9e39-a968c1ecb04e@group-1AA5F909702D-LeaderElection7] INFO  impl.LeaderElection (LeaderElection.java:askForVotes(450)) - e05592a5-d00f-4fc1-9e39-a968c1ecb04e@group-1AA5F909702D-LeaderElection7 PRE_VOTE round 0: result REJECTED
2025-10-20 19:49:57,562 [e05592a5-d00f-4fc1-9e39-a968c1ecb04e@group-1AA5F909702D-LeaderElection7] INFO  server.RaftServer$Division (RaftServerImpl.java:setRole(392)) - e05592a5-d00f-4fc1-9e39-a968c1ecb04e@group-1AA5F909702D: changes role from CANDIDATE to FOLLOWER at term 0 for REJECTED
2025-10-20 19:49:57,562 [e05592a5-d00f-4fc1-9e39-a968c1ecb04e@group-1AA5F909702D-LeaderElection7] INFO  impl.RoleInfo (RoleInfo.java:shutdownLeaderElection(141)) - e05592a5-d00f-4fc1-9e39-a968c1ecb04e: shutdown e05592a5-d00f-4fc1-9e39-a968c1ecb04e@group-1AA5F909702D-LeaderElection7
2025-10-20 19:49:57,562 [e05592a5-d00f-4fc1-9e39-a968c1ecb04e@group-1AA5F909702D-LeaderElection7] INFO  impl.RoleInfo (RoleInfo.java:updateAndGet(148)) - e05592a5-d00f-4fc1-9e39-a968c1ecb04e: start e05592a5-d00f-4fc1-9e39-a968c1ecb04e@group-1AA5F909702D-FollowerState
2025-10-20 19:49:57,562 [e05592a5-d00f-4fc1-9e39-a968c1ecb04e@group-1AA5F909702D-LeaderElection7] INFO  server.RaftServer$Division (RaftServerImpl.java:setFirstElection(576)) - e05592a5-d00f-4fc1-9e39-a968c1ecb04e@group-1AA5F909702D: set firstElectionSinceStartup to false for REJECTED
2025-10-20 19:49:57,564 [grpc-default-executor-5] INFO  server.RaftServer (RaftServerProxy.java:addNew(105)) - 7bb0e7f0-2b36-4ec0-8a09-ceac75d91a36: addNew group-ADCA28697501:[cc7fbe85-1d98-437b-84f9-04213fee10f0|127.0.0.1:15063, 7bb0e7f0-2b36-4ec0-8a09-ceac75d91a36|127.0.0.1:15071, 605be85e-a7f4-44d7-8cfd-f53001b990b0|127.0.0.1:15079] returns group-ADCA28697501:java.util.concurrent.CompletableFuture@4892c7f8[Not completed]
2025-10-20 19:49:57,566 [7bb0e7f0-2b36-4ec0-8a09-ceac75d91a36-groupManagement] INFO  server.RaftServer$Division (RaftServerImpl.java:<init>(268)) - 7bb0e7f0-2b36-4ec0-8a09-ceac75d91a36: new RaftServerImpl for group-ADCA28697501:[cc7fbe85-1d98-437b-84f9-04213fee10f0|127.0.0.1:15063, 7bb0e7f0-2b36-4ec0-8a09-ceac75d91a36|127.0.0.1:15071, 605be85e-a7f4-44d7-8cfd-f53001b990b0|127.0.0.1:15079] with ContainerStateMachine:uninitialized
2025-10-20 19:49:57,566 [7bb0e7f0-2b36-4ec0-8a09-ceac75d91a36-groupManagement] INFO  server.RaftServer$Division (ServerState.java:<init>(114)) - 7bb0e7f0-2b36-4ec0-8a09-ceac75d91a36@group-ADCA28697501: ConfigurationManager, init=conf: {index: -1, cur=peers:[cc7fbe85-1d98-437b-84f9-04213fee10f0|127.0.0.1:15063, 7bb0e7f0-2b36-4ec0-8a09-ceac75d91a36|127.0.0.1:15071, 605be85e-a7f4-44d7-8cfd-f53001b990b0|127.0.0.1:15079]|listeners:[], old=null}, confs=<EMPTY_MAP>
2025-10-20 19:49:57,571 [7bb0e7f0-2b36-4ec0-8a09-ceac75d91a36-groupManagement] INFO  server.RaftServerConfigKeys (ConfUtils.java:logGet(62)) - raft.server.storage.dir = [/home/runner/work/ozone/ozone/hadoop-ozone/integration-test/target/test-dir/MiniOzoneClusterImpl-6935df51-69ff-4c35-8bd4-ed2b81d70e54/ozone-metadata/datanode-8/ratis] (custom)
2025-10-20 19:49:57,571 [7bb0e7f0-2b36-4ec0-8a09-ceac75d91a36-groupManagement] INFO  storage.RaftStorageDirectory (RaftStorageDirectoryImpl.java:analyzeStorage(138)) - The storage directory /home/runner/work/ozone/ozone/hadoop-ozone/integration-test/target/test-dir/MiniOzoneClusterImpl-6935df51-69ff-4c35-8bd4-ed2b81d70e54/ozone-metadata/datanode-8/ratis/279335df-31f6-46d2-a714-adca28697501 does not exist. Creating ...
2025-10-20 19:49:57,572 [7bb0e7f0-2b36-4ec0-8a09-ceac75d91a36-groupManagement] INFO  storage.RaftStorageDirectory (RaftStorageDirectoryImpl.java:tryLock(229)) - Lock on /home/runner/work/ozone/ozone/hadoop-ozone/integration-test/target/test-dir/MiniOzoneClusterImpl-6935df51-69ff-4c35-8bd4-ed2b81d70e54/ozone-metadata/datanode-8/ratis/279335df-31f6-46d2-a714-adca28697501/in_use.lock acquired by nodename 12924@localhost
2025-10-20 19:49:57,573 [7bb0e7f0-2b36-4ec0-8a09-ceac75d91a36-groupManagement] INFO  storage.RaftStorage (RaftStorageImpl.java:format(98)) - Storage directory /home/runner/work/ozone/ozone/hadoop-ozone/integration-test/target/test-dir/MiniOzoneClusterImpl-6935df51-69ff-4c35-8bd4-ed2b81d70e54/ozone-metadata/datanode-8/ratis/279335df-31f6-46d2-a714-adca28697501 has been successfully formatted.
2025-10-20 19:49:57,574 [7bb0e7f0-2b36-4ec0-8a09-ceac75d91a36-groupManagement] INFO  ratis.ContainerStateMachine (ContainerStateMachine.java:initialize(339)) - 7bb0e7f0-2b36-4ec0-8a09-ceac75d91a36: initialize group-ADCA28697501
2025-10-20 19:49:57,574 [7bb0e7f0-2b36-4ec0-8a09-ceac75d91a36-groupManagement] INFO  ratis.ContainerStateMachine (ContainerStateMachine.java:loadSnapshot(347)) - group-ADCA28697501: The snapshot info is null. Setting the last applied index to:<INITIAL_VALUE>
2025-10-20 19:49:57,574 [7bb0e7f0-2b36-4ec0-8a09-ceac75d91a36-groupManagement] INFO  server.RaftServerConfigKeys (ConfUtils.java:logGet(62)) - raft.server.log.appender.buffer.byte-limit = 33554432 (custom)
2025-10-20 19:49:57,576 | INFO  | SCMAudit | user=runner | ip=127.0.0.1 | op=SEND_HEARTBEAT {"datanodeUUID":"7bb0e7f0-2b36-4ec0-8a09-ceac75d91a36","term":"2","command":"[]"} | ret=SUCCESS |  
2025-10-20 19:49:57,577 [7bb0e7f0-2b36-4ec0-8a09-ceac75d91a36-groupManagement] INFO  server.RaftServerConfigKeys (ConfUtils.java:logGet(62)) - raft.server.log.segment.size.max = 67108864 (custom)
2025-10-20 19:49:57,578 [7bb0e7f0-2b36-4ec0-8a09-ceac75d91a36-groupManagement] INFO  server.RaftServerConfigKeys (ConfUtils.java:logGet(62)) - raft.server.log.appender.buffer.byte-limit = 33554432 (custom)
2025-10-20 19:49:57,578 [7bb0e7f0-2b36-4ec0-8a09-ceac75d91a36-groupManagement] INFO  util.AwaitToRun (AwaitToRun.java:start(81)) - Thread[#1623,7bb0e7f0-2b36-4ec0-8a09-ceac75d91a36@group-ADCA28697501-cacheEviction-AwaitToRun,5,main] started
2025-10-20 19:49:57,578 [7bb0e7f0-2b36-4ec0-8a09-ceac75d91a36-groupManagement] INFO  segmented.SegmentedRaftLogWorker (SegmentedRaftLogWorker.java:<init>(190)) - new 7bb0e7f0-2b36-4ec0-8a09-ceac75d91a36@group-ADCA28697501-SegmentedRaftLogWorker for RaftStorageImpl:Storage Directory /home/runner/work/ozone/ozone/hadoop-ozone/integration-test/target/test-dir/MiniOzoneClusterImpl-6935df51-69ff-4c35-8bd4-ed2b81d70e54/ozone-metadata/datanode-8/ratis/279335df-31f6-46d2-a714-adca28697501
2025-10-20 19:49:57,578 [7bb0e7f0-2b36-4ec0-8a09-ceac75d91a36-groupManagement] INFO  server.RaftServerConfigKeys (ConfUtils.java:logGet(62)) - raft.server.log.queue.byte-limit = 4294967296 (custom)
2025-10-20 19:49:57,578 [7bb0e7f0-2b36-4ec0-8a09-ceac75d91a36-groupManagement] INFO  server.RaftServerConfigKeys (ConfUtils.java:logGet(62)) - raft.server.log.segment.size.max = 67108864 (custom)
2025-10-20 19:49:57,578 [7bb0e7f0-2b36-4ec0-8a09-ceac75d91a36-groupManagement] INFO  server.RaftServerConfigKeys (ConfUtils.java:logGet(62)) - raft.server.log.preallocated.size = 4194304 (custom)
2025-10-20 19:49:57,579 [7bb0e7f0-2b36-4ec0-8a09-ceac75d91a36-groupManagement] INFO  server.RaftServerConfigKeys (ConfUtils.java:logGet(62)) - raft.server.log.write.buffer.size = 33554440 (custom)
2025-10-20 19:49:57,586 [7bb0e7f0-2b36-4ec0-8a09-ceac75d91a36-groupManagement] INFO  server.RaftServerConfigKeys (ConfUtils.java:logGet(62)) - raft.server.log.appender.buffer.byte-limit = 33554432 (custom)
2025-10-20 19:49:57,586 [7bb0e7f0-2b36-4ec0-8a09-ceac75d91a36-groupManagement] INFO  segmented.SegmentedRaftLogWorker (SegmentedRaftLogWorker.java:lambda$new$0(141)) - 7bb0e7f0-2b36-4ec0-8a09-ceac75d91a36@group-ADCA28697501-SegmentedRaftLogWorker: flushIndex: setUnconditionally 0 -> -1
2025-10-20 19:49:57,586 [7bb0e7f0-2b36-4ec0-8a09-ceac75d91a36-groupManagement] INFO  segmented.SegmentedRaftLogWorker (SegmentedRaftLogWorker.java:lambda$new$0(141)) - 7bb0e7f0-2b36-4ec0-8a09-ceac75d91a36@group-ADCA28697501-SegmentedRaftLogWorker: safeCacheEvictIndex: setUnconditionally 0 -> -1
2025-10-20 19:49:57,587 [7bb0e7f0-2b36-4ec0-8a09-ceac75d91a36-groupManagement] INFO  server.RaftServer$Division (RaftServerImpl.java:start(405)) - 7bb0e7f0-2b36-4ec0-8a09-ceac75d91a36@group-ADCA28697501: start as a follower, conf=conf: {index: -1, cur=peers:[cc7fbe85-1d98-437b-84f9-04213fee10f0|127.0.0.1:15063, 7bb0e7f0-2b36-4ec0-8a09-ceac75d91a36|127.0.0.1:15071, 605be85e-a7f4-44d7-8cfd-f53001b990b0|127.0.0.1:15079]|listeners:[], old=null}
2025-10-20 19:49:57,587 [7bb0e7f0-2b36-4ec0-8a09-ceac75d91a36-groupManagement] INFO  server.RaftServer$Division (RaftServerImpl.java:setRole(392)) - 7bb0e7f0-2b36-4ec0-8a09-ceac75d91a36@group-ADCA28697501: changes role from      null to FOLLOWER at term 0 for startAsFollower
2025-10-20 19:49:57,587 [7bb0e7f0-2b36-4ec0-8a09-ceac75d91a36-groupManagement] INFO  impl.RoleInfo (RoleInfo.java:updateAndGet(148)) - 7bb0e7f0-2b36-4ec0-8a09-ceac75d91a36: start 7bb0e7f0-2b36-4ec0-8a09-ceac75d91a36@group-ADCA28697501-FollowerState
2025-10-20 19:49:57,588 [7bb0e7f0-2b36-4ec0-8a09-ceac75d91a36-groupManagement] INFO  util.JmxRegister (JmxRegister.java:tryRegister(44)) - Successfully registered JMX Bean with object name Ratis:service=RaftServer,group=group-ADCA28697501,id=7bb0e7f0-2b36-4ec0-8a09-ceac75d91a36
2025-10-20 19:49:57,588 [7bb0e7f0-2b36-4ec0-8a09-ceac75d91a36-groupManagement] INFO  util.JmxRegister (JmxRegister.java:register(58)) - register mxBean class org.apache.ratis.server.impl.RaftServerJmxAdapter as Ratis:service=RaftServer,group=group-ADCA28697501,id=7bb0e7f0-2b36-4ec0-8a09-ceac75d91a36
2025-10-20 19:49:57,589 [7bb0e7f0-2b36-4ec0-8a09-ceac75d91a36-groupManagement] INFO  server.RaftServer$Division (RaftServerImpl.java:start(419)) - 7bb0e7f0-2b36-4ec0-8a09-ceac75d91a36@group-ADCA28697501: Successfully started.
2025-10-20 19:49:57,620 | INFO  | SCMAudit | user=runner | ip=127.0.0.1 | op=SEND_HEARTBEAT {"datanodeUUID":"ef67b0a7-5b27-496d-9f38-ab804a28e500","term":"2","command":"[]"} | ret=SUCCESS |  
2025-10-20 19:49:57,621 [b614738c-cdff-4f09-bf59-ed5bb75d51be-CreatePipelineCommandHandlerThread-0] INFO  server.RaftServer (RaftServerProxy.java:addNew(105)) - b614738c-cdff-4f09-bf59-ed5bb75d51be: addNew group-471F411D1C92:[b614738c-cdff-4f09-bf59-ed5bb75d51be|127.0.0.1:15055] returns group-471F411D1C92:java.util.concurrent.CompletableFuture@36342bf2[Not completed]
2025-10-20 19:49:57,625 [b614738c-cdff-4f09-bf59-ed5bb75d51be-groupManagement] INFO  server.RaftServer$Division (RaftServerImpl.java:<init>(268)) - b614738c-cdff-4f09-bf59-ed5bb75d51be: new RaftServerImpl for group-471F411D1C92:[b614738c-cdff-4f09-bf59-ed5bb75d51be|127.0.0.1:15055] with ContainerStateMachine:uninitialized
2025-10-20 19:49:57,626 [b614738c-cdff-4f09-bf59-ed5bb75d51be-groupManagement] INFO  server.RaftServer$Division (ServerState.java:<init>(114)) - b614738c-cdff-4f09-bf59-ed5bb75d51be@group-471F411D1C92: ConfigurationManager, init=conf: {index: -1, cur=peers:[b614738c-cdff-4f09-bf59-ed5bb75d51be|127.0.0.1:15055]|listeners:[], old=null}, confs=<EMPTY_MAP>
2025-10-20 19:49:57,633 [b614738c-cdff-4f09-bf59-ed5bb75d51be-groupManagement] INFO  server.RaftServerConfigKeys (ConfUtils.java:logGet(62)) - raft.server.storage.dir = [/home/runner/work/ozone/ozone/hadoop-ozone/integration-test/target/test-dir/MiniOzoneClusterImpl-6935df51-69ff-4c35-8bd4-ed2b81d70e54/ozone-metadata/datanode-6/ratis] (custom)
2025-10-20 19:49:57,634 [b614738c-cdff-4f09-bf59-ed5bb75d51be-groupManagement] INFO  storage.RaftStorageDirectory (RaftStorageDirectoryImpl.java:analyzeStorage(138)) - The storage directory /home/runner/work/ozone/ozone/hadoop-ozone/integration-test/target/test-dir/MiniOzoneClusterImpl-6935df51-69ff-4c35-8bd4-ed2b81d70e54/ozone-metadata/datanode-6/ratis/87ce1e84-52bc-4c2f-b845-471f411d1c92 does not exist. Creating ...
2025-10-20 19:49:57,634 [grpc-default-executor-4] INFO  server.RaftServer (RaftServerProxy.java:addNew(105)) - cc7fbe85-1d98-437b-84f9-04213fee10f0: addNew group-ADCA28697501:[cc7fbe85-1d98-437b-84f9-04213fee10f0|127.0.0.1:15063, 7bb0e7f0-2b36-4ec0-8a09-ceac75d91a36|127.0.0.1:15071, 605be85e-a7f4-44d7-8cfd-f53001b990b0|127.0.0.1:15079] returns group-ADCA28697501:java.util.concurrent.CompletableFuture@3d8acf6e[Not completed]
2025-10-20 19:49:57,635 [b614738c-cdff-4f09-bf59-ed5bb75d51be-groupManagement] INFO  storage.RaftStorageDirectory (RaftStorageDirectoryImpl.java:tryLock(229)) - Lock on /home/runner/work/ozone/ozone/hadoop-ozone/integration-test/target/test-dir/MiniOzoneClusterImpl-6935df51-69ff-4c35-8bd4-ed2b81d70e54/ozone-metadata/datanode-6/ratis/87ce1e84-52bc-4c2f-b845-471f411d1c92/in_use.lock acquired by nodename 12924@localhost
2025-10-20 19:49:57,637 [b614738c-cdff-4f09-bf59-ed5bb75d51be-groupManagement] INFO  storage.RaftStorage (RaftStorageImpl.java:format(98)) - Storage directory /home/runner/work/ozone/ozone/hadoop-ozone/integration-test/target/test-dir/MiniOzoneClusterImpl-6935df51-69ff-4c35-8bd4-ed2b81d70e54/ozone-metadata/datanode-6/ratis/87ce1e84-52bc-4c2f-b845-471f411d1c92 has been successfully formatted.
2025-10-20 19:49:57,637 [b614738c-cdff-4f09-bf59-ed5bb75d51be-groupManagement] INFO  ratis.ContainerStateMachine (ContainerStateMachine.java:initialize(339)) - b614738c-cdff-4f09-bf59-ed5bb75d51be: initialize group-471F411D1C92
2025-10-20 19:49:57,637 [b614738c-cdff-4f09-bf59-ed5bb75d51be-groupManagement] INFO  ratis.ContainerStateMachine (ContainerStateMachine.java:loadSnapshot(347)) - group-471F411D1C92: The snapshot info is null. Setting the last applied index to:<INITIAL_VALUE>
2025-10-20 19:49:57,638 [b614738c-cdff-4f09-bf59-ed5bb75d51be-groupManagement] INFO  server.RaftServerConfigKeys (ConfUtils.java:logGet(62)) - raft.server.log.appender.buffer.byte-limit = 33554432 (custom)
2025-10-20 19:49:57,638 [cc7fbe85-1d98-437b-84f9-04213fee10f0-groupManagement] INFO  server.RaftServer$Division (RaftServerImpl.java:<init>(268)) - cc7fbe85-1d98-437b-84f9-04213fee10f0: new RaftServerImpl for group-ADCA28697501:[cc7fbe85-1d98-437b-84f9-04213fee10f0|127.0.0.1:15063, 7bb0e7f0-2b36-4ec0-8a09-ceac75d91a36|127.0.0.1:15071, 605be85e-a7f4-44d7-8cfd-f53001b990b0|127.0.0.1:15079] with ContainerStateMachine:uninitialized
2025-10-20 19:49:57,638 [cc7fbe85-1d98-437b-84f9-04213fee10f0-groupManagement] INFO  server.RaftServer$Division (ServerState.java:<init>(114)) - cc7fbe85-1d98-437b-84f9-04213fee10f0@group-ADCA28697501: ConfigurationManager, init=conf: {index: -1, cur=peers:[cc7fbe85-1d98-437b-84f9-04213fee10f0|127.0.0.1:15063, 7bb0e7f0-2b36-4ec0-8a09-ceac75d91a36|127.0.0.1:15071, 605be85e-a7f4-44d7-8cfd-f53001b990b0|127.0.0.1:15079]|listeners:[], old=null}, confs=<EMPTY_MAP>
2025-10-20 19:49:57,641 | INFO  | SCMAudit | user=runner | ip=127.0.0.1 | op=SEND_HEARTBEAT {"datanodeUUID":"b614738c-cdff-4f09-bf59-ed5bb75d51be","term":"2","command":"[]"} | ret=SUCCESS |  
2025-10-20 19:49:57,644 [b614738c-cdff-4f09-bf59-ed5bb75d51be-groupManagement] INFO  server.RaftServerConfigKeys (ConfUtils.java:logGet(62)) - raft.server.log.segment.size.max = 67108864 (custom)
2025-10-20 19:49:57,645 [b614738c-cdff-4f09-bf59-ed5bb75d51be-groupManagement] INFO  server.RaftServerConfigKeys (ConfUtils.java:logGet(62)) - raft.server.log.appender.buffer.byte-limit = 33554432 (custom)
2025-10-20 19:49:57,646 [EventQueue-PipelineReportForPipelineReportHandler] INFO  pipeline.PipelineReportHandler (PipelineReportHandler.java:processPipelineReport(132)) - Opened pipeline Pipeline-87ce1e84-52bc-4c2f-b845-471f411d1c92
2025-10-20 19:49:57,646 [b614738c-cdff-4f09-bf59-ed5bb75d51be-groupManagement] INFO  util.AwaitToRun (AwaitToRun.java:start(81)) - Thread[#1631,b614738c-cdff-4f09-bf59-ed5bb75d51be@group-471F411D1C92-cacheEviction-AwaitToRun,5,main] started
2025-10-20 19:49:57,647 [b614738c-cdff-4f09-bf59-ed5bb75d51be-groupManagement] INFO  segmented.SegmentedRaftLogWorker (SegmentedRaftLogWorker.java:<init>(190)) - new b614738c-cdff-4f09-bf59-ed5bb75d51be@group-471F411D1C92-SegmentedRaftLogWorker for RaftStorageImpl:Storage Directory /home/runner/work/ozone/ozone/hadoop-ozone/integration-test/target/test-dir/MiniOzoneClusterImpl-6935df51-69ff-4c35-8bd4-ed2b81d70e54/ozone-metadata/datanode-6/ratis/87ce1e84-52bc-4c2f-b845-471f411d1c92
2025-10-20 19:49:57,647 [b614738c-cdff-4f09-bf59-ed5bb75d51be-groupManagement] INFO  server.RaftServerConfigKeys (ConfUtils.java:logGet(62)) - raft.server.log.queue.byte-limit = 4294967296 (custom)
2025-10-20 19:49:57,647 [b614738c-cdff-4f09-bf59-ed5bb75d51be-groupManagement] INFO  server.RaftServerConfigKeys (ConfUtils.java:logGet(62)) - raft.server.log.segment.size.max = 67108864 (custom)
2025-10-20 19:49:57,647 [b614738c-cdff-4f09-bf59-ed5bb75d51be-groupManagement] INFO  server.RaftServerConfigKeys (ConfUtils.java:logGet(62)) - raft.server.log.preallocated.size = 4194304 (custom)
2025-10-20 19:49:57,647 [b614738c-cdff-4f09-bf59-ed5bb75d51be-groupManagement] INFO  server.RaftServerConfigKeys (ConfUtils.java:logGet(62)) - raft.server.log.write.buffer.size = 33554440 (custom)
2025-10-20 19:49:57,650 [cc7fbe85-1d98-437b-84f9-04213fee10f0-groupManagement] INFO  server.RaftServerConfigKeys (ConfUtils.java:logGet(62)) - raft.server.storage.dir = [/home/runner/work/ozone/ozone/hadoop-ozone/integration-test/target/test-dir/MiniOzoneClusterImpl-6935df51-69ff-4c35-8bd4-ed2b81d70e54/ozone-metadata/datanode-7/ratis] (custom)
2025-10-20 19:49:57,650 [cc7fbe85-1d98-437b-84f9-04213fee10f0-groupManagement] INFO  storage.RaftStorageDirectory (RaftStorageDirectoryImpl.java:analyzeStorage(138)) - The storage directory /home/runner/work/ozone/ozone/hadoop-ozone/integration-test/target/test-dir/MiniOzoneClusterImpl-6935df51-69ff-4c35-8bd4-ed2b81d70e54/ozone-metadata/datanode-7/ratis/279335df-31f6-46d2-a714-adca28697501 does not exist. Creating ...
2025-10-20 19:49:57,652 [cc7fbe85-1d98-437b-84f9-04213fee10f0-groupManagement] INFO  storage.RaftStorageDirectory (RaftStorageDirectoryImpl.java:tryLock(229)) - Lock on /home/runner/work/ozone/ozone/hadoop-ozone/integration-test/target/test-dir/MiniOzoneClusterImpl-6935df51-69ff-4c35-8bd4-ed2b81d70e54/ozone-metadata/datanode-7/ratis/279335df-31f6-46d2-a714-adca28697501/in_use.lock acquired by nodename 12924@localhost
2025-10-20 19:49:57,653 [cc7fbe85-1d98-437b-84f9-04213fee10f0-groupManagement] INFO  storage.RaftStorage (RaftStorageImpl.java:format(98)) - Storage directory /home/runner/work/ozone/ozone/hadoop-ozone/integration-test/target/test-dir/MiniOzoneClusterImpl-6935df51-69ff-4c35-8bd4-ed2b81d70e54/ozone-metadata/datanode-7/ratis/279335df-31f6-46d2-a714-adca28697501 has been successfully formatted.
2025-10-20 19:49:57,654 [cc7fbe85-1d98-437b-84f9-04213fee10f0-groupManagement] INFO  ratis.ContainerStateMachine (ContainerStateMachine.java:initialize(339)) - cc7fbe85-1d98-437b-84f9-04213fee10f0: initialize group-ADCA28697501
2025-10-20 19:49:57,654 [cc7fbe85-1d98-437b-84f9-04213fee10f0-groupManagement] INFO  ratis.ContainerStateMachine (ContainerStateMachine.java:loadSnapshot(347)) - group-ADCA28697501: The snapshot info is null. Setting the last applied index to:<INITIAL_VALUE>
2025-10-20 19:49:57,654 [cc7fbe85-1d98-437b-84f9-04213fee10f0-groupManagement] INFO  server.RaftServerConfigKeys (ConfUtils.java:logGet(62)) - raft.server.log.appender.buffer.byte-limit = 33554432 (custom)
2025-10-20 19:49:57,656 [cc7fbe85-1d98-437b-84f9-04213fee10f0-groupManagement] INFO  server.RaftServerConfigKeys (ConfUtils.java:logGet(62)) - raft.server.log.segment.size.max = 67108864 (custom)
2025-10-20 19:49:57,656 [cc7fbe85-1d98-437b-84f9-04213fee10f0-groupManagement] INFO  server.RaftServerConfigKeys (ConfUtils.java:logGet(62)) - raft.server.log.appender.buffer.byte-limit = 33554432 (custom)
2025-10-20 19:49:57,657 [cc7fbe85-1d98-437b-84f9-04213fee10f0-groupManagement] INFO  util.AwaitToRun (AwaitToRun.java:start(81)) - Thread[#1632,cc7fbe85-1d98-437b-84f9-04213fee10f0@group-ADCA28697501-cacheEviction-AwaitToRun,5,main] started
2025-10-20 19:49:57,657 [cc7fbe85-1d98-437b-84f9-04213fee10f0-groupManagement] INFO  segmented.SegmentedRaftLogWorker (SegmentedRaftLogWorker.java:<init>(190)) - new cc7fbe85-1d98-437b-84f9-04213fee10f0@group-ADCA28697501-SegmentedRaftLogWorker for RaftStorageImpl:Storage Directory /home/runner/work/ozone/ozone/hadoop-ozone/integration-test/target/test-dir/MiniOzoneClusterImpl-6935df51-69ff-4c35-8bd4-ed2b81d70e54/ozone-metadata/datanode-7/ratis/279335df-31f6-46d2-a714-adca28697501
2025-10-20 19:49:57,657 [b614738c-cdff-4f09-bf59-ed5bb75d51be-groupManagement] INFO  server.RaftServerConfigKeys (ConfUtils.java:logGet(62)) - raft.server.log.appender.buffer.byte-limit = 33554432 (custom)
2025-10-20 19:49:57,657 [b614738c-cdff-4f09-bf59-ed5bb75d51be-groupManagement] INFO  segmented.SegmentedRaftLogWorker (SegmentedRaftLogWorker.java:lambda$new$0(141)) - b614738c-cdff-4f09-bf59-ed5bb75d51be@group-471F411D1C92-SegmentedRaftLogWorker: flushIndex: setUnconditionally 0 -> -1
2025-10-20 19:49:57,657 [b614738c-cdff-4f09-bf59-ed5bb75d51be-groupManagement] INFO  segmented.SegmentedRaftLogWorker (SegmentedRaftLogWorker.java:lambda$new$0(141)) - b614738c-cdff-4f09-bf59-ed5bb75d51be@group-471F411D1C92-SegmentedRaftLogWorker: safeCacheEvictIndex: setUnconditionally 0 -> -1
2025-10-20 19:49:57,657 | INFO  | SCMAudit | user=runner | ip=127.0.0.1 | op=SEND_HEARTBEAT {"datanodeUUID":"cc7fbe85-1d98-437b-84f9-04213fee10f0","term":"2","command":"[]"} | ret=SUCCESS |  
2025-10-20 19:49:57,657 [cc7fbe85-1d98-437b-84f9-04213fee10f0-groupManagement] INFO  server.RaftServerConfigKeys (ConfUtils.java:logGet(62)) - raft.server.log.queue.byte-limit = 4294967296 (custom)
2025-10-20 19:49:57,657 [cc7fbe85-1d98-437b-84f9-04213fee10f0-groupManagement] INFO  server.RaftServerConfigKeys (ConfUtils.java:logGet(62)) - raft.server.log.segment.size.max = 67108864 (custom)
2025-10-20 19:49:57,658 [cc7fbe85-1d98-437b-84f9-04213fee10f0-groupManagement] INFO  server.RaftServerConfigKeys (ConfUtils.java:logGet(62)) - raft.server.log.preallocated.size = 4194304 (custom)
2025-10-20 19:49:57,658 [cc7fbe85-1d98-437b-84f9-04213fee10f0-groupManagement] INFO  server.RaftServerConfigKeys (ConfUtils.java:logGet(62)) - raft.server.log.write.buffer.size = 33554440 (custom)
2025-10-20 19:49:57,658 [b614738c-cdff-4f09-bf59-ed5bb75d51be-groupManagement] INFO  server.RaftServer$Division (RaftServerImpl.java:start(405)) - b614738c-cdff-4f09-bf59-ed5bb75d51be@group-471F411D1C92: start as a follower, conf=conf: {index: -1, cur=peers:[b614738c-cdff-4f09-bf59-ed5bb75d51be|127.0.0.1:15055]|listeners:[], old=null}
2025-10-20 19:49:57,659 [b614738c-cdff-4f09-bf59-ed5bb75d51be-groupManagement] INFO  server.RaftServer$Division (RaftServerImpl.java:setRole(392)) - b614738c-cdff-4f09-bf59-ed5bb75d51be@group-471F411D1C92: changes role from      null to FOLLOWER at term 0 for startAsFollower
2025-10-20 19:49:57,659 [b614738c-cdff-4f09-bf59-ed5bb75d51be-groupManagement] INFO  impl.RoleInfo (RoleInfo.java:updateAndGet(148)) - b614738c-cdff-4f09-bf59-ed5bb75d51be: start b614738c-cdff-4f09-bf59-ed5bb75d51be@group-471F411D1C92-FollowerState
2025-10-20 19:49:57,659 [b614738c-cdff-4f09-bf59-ed5bb75d51be-groupManagement] INFO  util.JmxRegister (JmxRegister.java:tryRegister(44)) - Successfully registered JMX Bean with object name Ratis:service=RaftServer,group=group-471F411D1C92,id=b614738c-cdff-4f09-bf59-ed5bb75d51be
2025-10-20 19:49:57,659 [b614738c-cdff-4f09-bf59-ed5bb75d51be-groupManagement] INFO  util.JmxRegister (JmxRegister.java:register(58)) - register mxBean class org.apache.ratis.server.impl.RaftServerJmxAdapter as Ratis:service=RaftServer,group=group-471F411D1C92,id=b614738c-cdff-4f09-bf59-ed5bb75d51be
2025-10-20 19:49:57,660 [b614738c-cdff-4f09-bf59-ed5bb75d51be-groupManagement] INFO  server.RaftServer$Division (RaftServerImpl.java:start(419)) - b614738c-cdff-4f09-bf59-ed5bb75d51be@group-471F411D1C92: Successfully started.
2025-10-20 19:49:57,660 [b614738c-cdff-4f09-bf59-ed5bb75d51be-CreatePipelineCommandHandlerThread-0] INFO  ratis.XceiverServerRatis (XceiverServerRatis.java:addGroup(839)) - Created group Pipeline-87ce1e84-52bc-4c2f-b845-471f411d1c92
2025-10-20 19:49:57,660 [b614738c-cdff-4f09-bf59-ed5bb75d51be-CreatePipelineCommandHandlerThread-0] INFO  commandhandler.CreatePipelineCommandHandler (CreatePipelineCommandHandler.java:lambda$handle$2(141)) - Created Pipeline RATIS ONE Pipeline-87ce1e84-52bc-4c2f-b845-471f411d1c92.
2025-10-20 19:49:57,666 [cc7fbe85-1d98-437b-84f9-04213fee10f0-groupManagement] INFO  server.RaftServerConfigKeys (ConfUtils.java:logGet(62)) - raft.server.log.appender.buffer.byte-limit = 33554432 (custom)
2025-10-20 19:49:57,666 [cc7fbe85-1d98-437b-84f9-04213fee10f0-groupManagement] INFO  segmented.SegmentedRaftLogWorker (SegmentedRaftLogWorker.java:lambda$new$0(141)) - cc7fbe85-1d98-437b-84f9-04213fee10f0@group-ADCA28697501-SegmentedRaftLogWorker: flushIndex: setUnconditionally 0 -> -1
2025-10-20 19:49:57,666 [cc7fbe85-1d98-437b-84f9-04213fee10f0-groupManagement] INFO  segmented.SegmentedRaftLogWorker (SegmentedRaftLogWorker.java:lambda$new$0(141)) - cc7fbe85-1d98-437b-84f9-04213fee10f0@group-ADCA28697501-SegmentedRaftLogWorker: safeCacheEvictIndex: setUnconditionally 0 -> -1
2025-10-20 19:49:57,666 [cc7fbe85-1d98-437b-84f9-04213fee10f0-groupManagement] INFO  server.RaftServer$Division (RaftServerImpl.java:start(405)) - cc7fbe85-1d98-437b-84f9-04213fee10f0@group-ADCA28697501: start as a follower, conf=conf: {index: -1, cur=peers:[cc7fbe85-1d98-437b-84f9-04213fee10f0|127.0.0.1:15063, 7bb0e7f0-2b36-4ec0-8a09-ceac75d91a36|127.0.0.1:15071, 605be85e-a7f4-44d7-8cfd-f53001b990b0|127.0.0.1:15079]|listeners:[], old=null}
2025-10-20 19:49:57,666 [cc7fbe85-1d98-437b-84f9-04213fee10f0-groupManagement] INFO  server.RaftServer$Division (RaftServerImpl.java:setRole(392)) - cc7fbe85-1d98-437b-84f9-04213fee10f0@group-ADCA28697501: changes role from      null to FOLLOWER at term 0 for startAsFollower
2025-10-20 19:49:57,667 [cc7fbe85-1d98-437b-84f9-04213fee10f0-groupManagement] INFO  impl.RoleInfo (RoleInfo.java:updateAndGet(148)) - cc7fbe85-1d98-437b-84f9-04213fee10f0: start cc7fbe85-1d98-437b-84f9-04213fee10f0@group-ADCA28697501-FollowerState
2025-10-20 19:49:57,667 [cc7fbe85-1d98-437b-84f9-04213fee10f0-groupManagement] INFO  util.JmxRegister (JmxRegister.java:tryRegister(44)) - Successfully registered JMX Bean with object name Ratis:service=RaftServer,group=group-ADCA28697501,id=cc7fbe85-1d98-437b-84f9-04213fee10f0
2025-10-20 19:49:57,667 [cc7fbe85-1d98-437b-84f9-04213fee10f0-groupManagement] INFO  util.JmxRegister (JmxRegister.java:register(58)) - register mxBean class org.apache.ratis.server.impl.RaftServerJmxAdapter as Ratis:service=RaftServer,group=group-ADCA28697501,id=cc7fbe85-1d98-437b-84f9-04213fee10f0
2025-10-20 19:49:57,668 [cc7fbe85-1d98-437b-84f9-04213fee10f0-groupManagement] INFO  server.RaftServer$Division (RaftServerImpl.java:start(419)) - cc7fbe85-1d98-437b-84f9-04213fee10f0@group-ADCA28697501: Successfully started.
2025-10-20 19:49:57,671 [605be85e-a7f4-44d7-8cfd-f53001b990b0-CreatePipelineCommandHandlerThread-0] INFO  commandhandler.CreatePipelineCommandHandler (CreatePipelineCommandHandler.java:lambda$handle$2(141)) - Created Pipeline RATIS THREE Pipeline-279335df-31f6-46d2-a714-adca28697501.
2025-10-20 19:49:57,671 [361055de-215b-4c6c-94c2-be1c1da118d1@group-1AA5F909702D-FollowerState] INFO  impl.FollowerState (FollowerState.java:runImpl(161)) - 361055de-215b-4c6c-94c2-be1c1da118d1@group-1AA5F909702D-FollowerState: change to CANDIDATE, lastRpcElapsedTime:1162484168ns, electionTimeout:1162ms
2025-10-20 19:49:57,671 [361055de-215b-4c6c-94c2-be1c1da118d1@group-1AA5F909702D-FollowerState] INFO  impl.RoleInfo (RoleInfo.java:shutdownFollowerState(121)) - 361055de-215b-4c6c-94c2-be1c1da118d1: shutdown 361055de-215b-4c6c-94c2-be1c1da118d1@group-1AA5F909702D-FollowerState
2025-10-20 19:49:57,672 [361055de-215b-4c6c-94c2-be1c1da118d1@group-1AA5F909702D-FollowerState] INFO  server.RaftServer$Division (RaftServerImpl.java:setRole(392)) - 361055de-215b-4c6c-94c2-be1c1da118d1@group-1AA5F909702D: changes role from  FOLLOWER to CANDIDATE at term 0 for changeToCandidate
2025-10-20 19:49:57,672 [361055de-215b-4c6c-94c2-be1c1da118d1@group-1AA5F909702D-FollowerState] INFO  impl.RoleInfo (RoleInfo.java:updateAndGet(148)) - 361055de-215b-4c6c-94c2-be1c1da118d1: start 361055de-215b-4c6c-94c2-be1c1da118d1@group-1AA5F909702D-LeaderElection8
2025-10-20 19:49:57,672 [361055de-215b-4c6c-94c2-be1c1da118d1@group-1AA5F909702D-LeaderElection8] INFO  impl.LeaderElection (LeaderElection.java:askForVotes(448)) - 361055de-215b-4c6c-94c2-be1c1da118d1@group-1AA5F909702D-LeaderElection8 PRE_VOTE round 0: submit vote requests at term 0 for conf: {index: -1, cur=peers:[ef67b0a7-5b27-496d-9f38-ab804a28e500|127.0.0.1:15023, e05592a5-d00f-4fc1-9e39-a968c1ecb04e|127.0.0.1:15015, 361055de-215b-4c6c-94c2-be1c1da118d1|127.0.0.1:15031]|listeners:[], old=null}
2025-10-20 19:49:57,674 [grpc-default-executor-4] INFO  server.RaftServer$Division (RaftServerImpl.java:requestVote(1421)) - ef67b0a7-5b27-496d-9f38-ab804a28e500@group-1AA5F909702D: receive requestVote(PRE_VOTE, 361055de-215b-4c6c-94c2-be1c1da118d1, group-1AA5F909702D, 0, <PROTO_DEFAULT>)
2025-10-20 19:49:57,674 [grpc-default-executor-4] INFO  impl.VoteContext (VoteContext.java:log(49)) - ef67b0a7-5b27-496d-9f38-ab804a28e500@group-1AA5F909702D-FOLLOWER: reject PRE_VOTE from 361055de-215b-4c6c-94c2-be1c1da118d1: our priority 1 > candidate's priority 0
2025-10-20 19:49:57,674 [grpc-default-executor-5] INFO  server.RaftServer$Division (RaftServerImpl.java:requestVote(1421)) - e05592a5-d00f-4fc1-9e39-a968c1ecb04e@group-1AA5F909702D: receive requestVote(PRE_VOTE, 361055de-215b-4c6c-94c2-be1c1da118d1, group-1AA5F909702D, 0, <PROTO_DEFAULT>)
2025-10-20 19:49:57,675 [grpc-default-executor-4] INFO  server.RaftServer$Division (RaftServerImpl.java:requestVote(1455)) - ef67b0a7-5b27-496d-9f38-ab804a28e500@group-1AA5F909702D replies to PRE_VOTE vote request: 361055de-215b-4c6c-94c2-be1c1da118d1<-ef67b0a7-5b27-496d-9f38-ab804a28e500#0:FAIL-t0-last:<INITIAL_VALUE>. Peer's state: ef67b0a7-5b27-496d-9f38-ab804a28e500@group-1AA5F909702D:t0, leader=null, voted=, raftlog=Memoized:ef67b0a7-5b27-496d-9f38-ab804a28e500@group-1AA5F909702D-SegmentedRaftLog:OPENED:c-1:lastnull, conf=conf: {index: -1, cur=peers:[ef67b0a7-5b27-496d-9f38-ab804a28e500|127.0.0.1:15023, e05592a5-d00f-4fc1-9e39-a968c1ecb04e|127.0.0.1:15015, 361055de-215b-4c6c-94c2-be1c1da118d1|127.0.0.1:15031]|listeners:[], old=null}
2025-10-20 19:49:57,675 [grpc-default-executor-5] INFO  impl.VoteContext (VoteContext.java:log(49)) - e05592a5-d00f-4fc1-9e39-a968c1ecb04e@group-1AA5F909702D-FOLLOWER: accept PRE_VOTE from 361055de-215b-4c6c-94c2-be1c1da118d1: our priority 0 <= candidate's priority 0
2025-10-20 19:49:57,675 [grpc-default-executor-5] INFO  server.RaftServer$Division (RaftServerImpl.java:requestVote(1455)) - e05592a5-d00f-4fc1-9e39-a968c1ecb04e@group-1AA5F909702D replies to PRE_VOTE vote request: 361055de-215b-4c6c-94c2-be1c1da118d1<-e05592a5-d00f-4fc1-9e39-a968c1ecb04e#0:OK-t0-last:<INITIAL_VALUE>. Peer's state: e05592a5-d00f-4fc1-9e39-a968c1ecb04e@group-1AA5F909702D:t0, leader=null, voted=, raftlog=Memoized:e05592a5-d00f-4fc1-9e39-a968c1ecb04e@group-1AA5F909702D-SegmentedRaftLog:OPENED:c-1:lastnull, conf=conf: {index: -1, cur=peers:[ef67b0a7-5b27-496d-9f38-ab804a28e500|127.0.0.1:15023, e05592a5-d00f-4fc1-9e39-a968c1ecb04e|127.0.0.1:15015, 361055de-215b-4c6c-94c2-be1c1da118d1|127.0.0.1:15031]|listeners:[], old=null}
2025-10-20 19:49:57,676 [361055de-215b-4c6c-94c2-be1c1da118d1@group-1AA5F909702D-LeaderElection8] INFO  impl.LeaderElection (LeaderElection.java:logAndReturn(206)) - 361055de-215b-4c6c-94c2-be1c1da118d1@group-1AA5F909702D-LeaderElection8: PRE_VOTE REJECTED received 1 response(s) and 0 exception(s):
2025-10-20 19:49:57,676 [361055de-215b-4c6c-94c2-be1c1da118d1@group-1AA5F909702D-LeaderElection8] INFO  impl.LeaderElection (LeaderElection.java:logAndReturn(210)) -   Response 0: 361055de-215b-4c6c-94c2-be1c1da118d1<-ef67b0a7-5b27-496d-9f38-ab804a28e500#0:FAIL-t0-last:<INITIAL_VALUE>
2025-10-20 19:49:57,677 [361055de-215b-4c6c-94c2-be1c1da118d1@group-1AA5F909702D-LeaderElection8] INFO  impl.LeaderElection (LeaderElection.java:askForVotes(450)) - 361055de-215b-4c6c-94c2-be1c1da118d1@group-1AA5F909702D-LeaderElection8 PRE_VOTE round 0: result REJECTED
2025-10-20 19:49:57,677 [361055de-215b-4c6c-94c2-be1c1da118d1@group-1AA5F909702D-LeaderElection8] INFO  server.RaftServer$Division (RaftServerImpl.java:setRole(392)) - 361055de-215b-4c6c-94c2-be1c1da118d1@group-1AA5F909702D: changes role from CANDIDATE to FOLLOWER at term 0 for REJECTED
2025-10-20 19:49:57,677 [361055de-215b-4c6c-94c2-be1c1da118d1@group-1AA5F909702D-LeaderElection8] INFO  impl.RoleInfo (RoleInfo.java:shutdownLeaderElection(141)) - 361055de-215b-4c6c-94c2-be1c1da118d1: shutdown 361055de-215b-4c6c-94c2-be1c1da118d1@group-1AA5F909702D-LeaderElection8
2025-10-20 19:49:57,677 [361055de-215b-4c6c-94c2-be1c1da118d1@group-1AA5F909702D-LeaderElection8] INFO  impl.RoleInfo (RoleInfo.java:updateAndGet(148)) - 361055de-215b-4c6c-94c2-be1c1da118d1: start 361055de-215b-4c6c-94c2-be1c1da118d1@group-1AA5F909702D-FollowerState
2025-10-20 19:49:57,677 [361055de-215b-4c6c-94c2-be1c1da118d1@group-1AA5F909702D-LeaderElection8] INFO  server.RaftServer$Division (RaftServerImpl.java:setFirstElection(576)) - 361055de-215b-4c6c-94c2-be1c1da118d1@group-1AA5F909702D: set firstElectionSinceStartup to false for REJECTED
2025-10-20 19:49:57,692 [ef67b0a7-5b27-496d-9f38-ab804a28e500@group-BFC6152B06AB-FollowerState] INFO  impl.FollowerState (FollowerState.java:runImpl(161)) - ef67b0a7-5b27-496d-9f38-ab804a28e500@group-BFC6152B06AB-FollowerState: change to CANDIDATE, lastRpcElapsedTime:1049986755ns, electionTimeout:1049ms
2025-10-20 19:49:57,692 [ef67b0a7-5b27-496d-9f38-ab804a28e500@group-BFC6152B06AB-FollowerState] INFO  impl.RoleInfo (RoleInfo.java:shutdownFollowerState(121)) - ef67b0a7-5b27-496d-9f38-ab804a28e500: shutdown ef67b0a7-5b27-496d-9f38-ab804a28e500@group-BFC6152B06AB-FollowerState
2025-10-20 19:49:57,692 [ef67b0a7-5b27-496d-9f38-ab804a28e500@group-BFC6152B06AB-FollowerState] INFO  server.RaftServer$Division (RaftServerImpl.java:setRole(392)) - ef67b0a7-5b27-496d-9f38-ab804a28e500@group-BFC6152B06AB: changes role from  FOLLOWER to CANDIDATE at term 0 for changeToCandidate
2025-10-20 19:49:57,692 [ef67b0a7-5b27-496d-9f38-ab804a28e500@group-BFC6152B06AB-FollowerState] INFO  impl.RoleInfo (RoleInfo.java:updateAndGet(148)) - ef67b0a7-5b27-496d-9f38-ab804a28e500: start ef67b0a7-5b27-496d-9f38-ab804a28e500@group-BFC6152B06AB-LeaderElection9
2025-10-20 19:49:57,693 [ef67b0a7-5b27-496d-9f38-ab804a28e500@group-BFC6152B06AB-LeaderElection9] INFO  impl.LeaderElection (LeaderElection.java:askForVotes(448)) - ef67b0a7-5b27-496d-9f38-ab804a28e500@group-BFC6152B06AB-LeaderElection9 PRE_VOTE round 0: submit vote requests at term 0 for conf: {index: -1, cur=peers:[ef67b0a7-5b27-496d-9f38-ab804a28e500|127.0.0.1:15023]|listeners:[], old=null}
2025-10-20 19:49:57,693 [ef67b0a7-5b27-496d-9f38-ab804a28e500@group-BFC6152B06AB-LeaderElection9] INFO  impl.LeaderElection (LeaderElection.java:askForVotes(450)) - ef67b0a7-5b27-496d-9f38-ab804a28e500@group-BFC6152B06AB-LeaderElection9 PRE_VOTE round 0: result PASSED (term=0)
2025-10-20 19:49:57,694 [ef67b0a7-5b27-496d-9f38-ab804a28e500@group-BFC6152B06AB-LeaderElection9] INFO  impl.LeaderElection (LeaderElection.java:askForVotes(448)) - ef67b0a7-5b27-496d-9f38-ab804a28e500@group-BFC6152B06AB-LeaderElection9 ELECTION round 0: submit vote requests at term 1 for conf: {index: -1, cur=peers:[ef67b0a7-5b27-496d-9f38-ab804a28e500|127.0.0.1:15023]|listeners:[], old=null}
2025-10-20 19:49:57,694 [ef67b0a7-5b27-496d-9f38-ab804a28e500@group-BFC6152B06AB-LeaderElection9] INFO  impl.LeaderElection (LeaderElection.java:askForVotes(450)) - ef67b0a7-5b27-496d-9f38-ab804a28e500@group-BFC6152B06AB-LeaderElection9 ELECTION round 0: result PASSED (term=1)
2025-10-20 19:49:57,694 [ef67b0a7-5b27-496d-9f38-ab804a28e500@group-BFC6152B06AB-LeaderElection9] INFO  impl.RoleInfo (RoleInfo.java:shutdownLeaderElection(141)) - ef67b0a7-5b27-496d-9f38-ab804a28e500: shutdown ef67b0a7-5b27-496d-9f38-ab804a28e500@group-BFC6152B06AB-LeaderElection9
2025-10-20 19:49:57,695 [ef67b0a7-5b27-496d-9f38-ab804a28e500@group-BFC6152B06AB-LeaderElection9] INFO  server.RaftServer$Division (RaftServerImpl.java:setRole(392)) - ef67b0a7-5b27-496d-9f38-ab804a28e500@group-BFC6152B06AB: changes role from CANDIDATE to LEADER at term 1 for changeToLeader
2025-10-20 19:49:57,695 [ef67b0a7-5b27-496d-9f38-ab804a28e500@group-BFC6152B06AB-LeaderElection9] INFO  server.RaftServerConfigKeys (ConfUtils.java:logFallback(69)) - raft.server.staging.timeout = 15600ms (fallback to raft.server.rpc.timeout.max)
2025-10-20 19:49:57,695 [ef67b0a7-5b27-496d-9f38-ab804a28e500@group-BFC6152B06AB-LeaderElection9] INFO  server.RaftServerConfigKeys (ConfUtils.java:logGet(62)) - raft.server.write.byte-limit = 1024 M (=1073741824) (custom)
2025-10-20 19:49:57,696 [ef67b0a7-5b27-496d-9f38-ab804a28e500@group-BFC6152B06AB-LeaderElection9] INFO  impl.RoleInfo (RoleInfo.java:updateAndGet(148)) - ef67b0a7-5b27-496d-9f38-ab804a28e500: start ef67b0a7-5b27-496d-9f38-ab804a28e500@group-BFC6152B06AB-LeaderStateImpl
2025-10-20 19:49:57,696 [ef67b0a7-5b27-496d-9f38-ab804a28e500@group-BFC6152B06AB-LeaderElection9] INFO  server.RaftServer$Division (RaftServerImpl.java:setFirstElection(576)) - ef67b0a7-5b27-496d-9f38-ab804a28e500@group-BFC6152B06AB: set firstElectionSinceStartup to false for becomeLeader
2025-10-20 19:49:57,696 [ef67b0a7-5b27-496d-9f38-ab804a28e500@group-BFC6152B06AB-LeaderElection9] INFO  ratis.XceiverServerRatis (XceiverServerRatis.java:handleLeaderChangedNotification(940)) - Leader change notification received for group: group-BFC6152B06AB with new leaderId: ef67b0a7-5b27-496d-9f38-ab804a28e500
2025-10-20 19:49:57,696 [ef67b0a7-5b27-496d-9f38-ab804a28e500@group-BFC6152B06AB-LeaderElection9] INFO  server.RaftServer$Division (ServerState.java:setLeader(272)) - ef67b0a7-5b27-496d-9f38-ab804a28e500@group-BFC6152B06AB: change Leader from null to ef67b0a7-5b27-496d-9f38-ab804a28e500 at term 1 for becomeLeader, leader elected after 1140ms
2025-10-20 19:49:57,696 [ef67b0a7-5b27-496d-9f38-ab804a28e500@group-BFC6152B06AB-LeaderElection9] INFO  segmented.SegmentedRaftLogWorker (SegmentedRaftLogWorker.java:startLogSegment(440)) - ef67b0a7-5b27-496d-9f38-ab804a28e500@group-BFC6152B06AB-SegmentedRaftLogWorker: Starting segment from index:0
2025-10-20 19:49:57,697 [ef67b0a7-5b27-496d-9f38-ab804a28e500@group-BFC6152B06AB-SegmentedRaftLogWorker] INFO  segmented.BufferedWriteChannel (BufferedWriteChannel.java:open(61)) - open log_inprogress_0 at position 0
2025-10-20 19:49:57,697 [ef67b0a7-5b27-496d-9f38-ab804a28e500@group-BFC6152B06AB-LeaderElection9] INFO  server.RaftServer$Division (ServerState.java:setRaftConf(386)) - ef67b0a7-5b27-496d-9f38-ab804a28e500@group-BFC6152B06AB: set configuration conf: {index: 0, cur=peers:[ef67b0a7-5b27-496d-9f38-ab804a28e500|127.0.0.1:15023]|listeners:[], old=null}
2025-10-20 19:49:57,700 | INFO  | SCMAudit | user=runner | ip=127.0.0.1 | op=SEND_HEARTBEAT {"datanodeUUID":"ef67b0a7-5b27-496d-9f38-ab804a28e500","term":"2","command":"[]"} | ret=SUCCESS |  
2025-10-20 19:49:57,702 [ef67b0a7-5b27-496d-9f38-ab804a28e500@group-BFC6152B06AB-SegmentedRaftLogWorker] INFO  segmented.SegmentedRaftLogWorker (SegmentedRaftLogWorker.java:execute(647)) - ef67b0a7-5b27-496d-9f38-ab804a28e500@group-BFC6152B06AB-SegmentedRaftLogWorker: created new log segment /home/runner/work/ozone/ozone/hadoop-ozone/integration-test/target/test-dir/MiniOzoneClusterImpl-6935df51-69ff-4c35-8bd4-ed2b81d70e54/ozone-metadata/datanode-2/ratis/84912fbf-a1b2-4faa-88a3-bfc6152b06ab/current/log_inprogress_0
2025-10-20 19:49:57,703 [ef67b0a7-5b27-496d-9f38-ab804a28e500@group-BFC6152B06AB-StateMachineUpdater] INFO  server.RaftServer$Division (LeaderStateImpl.java:checkStartIndex(309)) - Leader ef67b0a7-5b27-496d-9f38-ab804a28e500@group-BFC6152B06AB-LeaderStateImpl is ready since appliedIndex == startIndex == 0
2025-10-20 19:49:57,781 [ef67b0a7-5b27-496d-9f38-ab804a28e500@group-1AA5F909702D-FollowerState] INFO  impl.FollowerState (FollowerState.java:runImpl(161)) - ef67b0a7-5b27-496d-9f38-ab804a28e500@group-1AA5F909702D-FollowerState: change to CANDIDATE, lastRpcElapsedTime:1176115812ns, electionTimeout:1173ms
2025-10-20 19:49:57,781 [ef67b0a7-5b27-496d-9f38-ab804a28e500@group-1AA5F909702D-FollowerState] INFO  impl.RoleInfo (RoleInfo.java:shutdownFollowerState(121)) - ef67b0a7-5b27-496d-9f38-ab804a28e500: shutdown ef67b0a7-5b27-496d-9f38-ab804a28e500@group-1AA5F909702D-FollowerState
2025-10-20 19:49:57,781 [ef67b0a7-5b27-496d-9f38-ab804a28e500@group-1AA5F909702D-FollowerState] INFO  server.RaftServer$Division (RaftServerImpl.java:setRole(392)) - ef67b0a7-5b27-496d-9f38-ab804a28e500@group-1AA5F909702D: changes role from  FOLLOWER to CANDIDATE at term 0 for changeToCandidate
2025-10-20 19:49:57,782 [ef67b0a7-5b27-496d-9f38-ab804a28e500@group-1AA5F909702D-FollowerState] INFO  impl.RoleInfo (RoleInfo.java:updateAndGet(148)) - ef67b0a7-5b27-496d-9f38-ab804a28e500: start ef67b0a7-5b27-496d-9f38-ab804a28e500@group-1AA5F909702D-LeaderElection10
2025-10-20 19:49:57,782 [ef67b0a7-5b27-496d-9f38-ab804a28e500@group-1AA5F909702D-LeaderElection10] INFO  impl.LeaderElection (LeaderElection.java:askForVotes(448)) - ef67b0a7-5b27-496d-9f38-ab804a28e500@group-1AA5F909702D-LeaderElection10 PRE_VOTE round 0: submit vote requests at term 0 for conf: {index: -1, cur=peers:[ef67b0a7-5b27-496d-9f38-ab804a28e500|127.0.0.1:15023, e05592a5-d00f-4fc1-9e39-a968c1ecb04e|127.0.0.1:15015, 361055de-215b-4c6c-94c2-be1c1da118d1|127.0.0.1:15031]|listeners:[], old=null}
2025-10-20 19:49:57,783 [ef67b0a7-5b27-496d-9f38-ab804a28e500@group-1AA5F909702D-LeaderElection10-1] INFO  server.GrpcServerProtocolClient (GrpcServerProtocolClient.java:<init>(65)) - Build channel for e05592a5-d00f-4fc1-9e39-a968c1ecb04e|127.0.0.1:15015
2025-10-20 19:49:57,783 [ef67b0a7-5b27-496d-9f38-ab804a28e500@group-1AA5F909702D-LeaderElection10-2] INFO  server.GrpcServerProtocolClient (GrpcServerProtocolClient.java:<init>(65)) - Build channel for 361055de-215b-4c6c-94c2-be1c1da118d1|127.0.0.1:15031
2025-10-20 19:49:57,788 [grpc-default-executor-5] INFO  server.RaftServer$Division (RaftServerImpl.java:requestVote(1421)) - e05592a5-d00f-4fc1-9e39-a968c1ecb04e@group-1AA5F909702D: receive requestVote(PRE_VOTE, ef67b0a7-5b27-496d-9f38-ab804a28e500, group-1AA5F909702D, 0, <PROTO_DEFAULT>)
2025-10-20 19:49:57,788 [grpc-default-executor-4] INFO  server.RaftServer$Division (RaftServerImpl.java:requestVote(1421)) - 361055de-215b-4c6c-94c2-be1c1da118d1@group-1AA5F909702D: receive requestVote(PRE_VOTE, ef67b0a7-5b27-496d-9f38-ab804a28e500, group-1AA5F909702D, 0, <PROTO_DEFAULT>)
2025-10-20 19:49:57,788 [grpc-default-executor-5] INFO  impl.VoteContext (VoteContext.java:log(49)) - e05592a5-d00f-4fc1-9e39-a968c1ecb04e@group-1AA5F909702D-FOLLOWER: accept PRE_VOTE from ef67b0a7-5b27-496d-9f38-ab804a28e500: our priority 0 <= candidate's priority 1
2025-10-20 19:49:57,788 [grpc-default-executor-4] INFO  impl.VoteContext (VoteContext.java:log(49)) - 361055de-215b-4c6c-94c2-be1c1da118d1@group-1AA5F909702D-FOLLOWER: accept PRE_VOTE from ef67b0a7-5b27-496d-9f38-ab804a28e500: our priority 0 <= candidate's priority 1
2025-10-20 19:49:57,788 [grpc-default-executor-5] INFO  server.RaftServer$Division (RaftServerImpl.java:requestVote(1455)) - e05592a5-d00f-4fc1-9e39-a968c1ecb04e@group-1AA5F909702D replies to PRE_VOTE vote request: ef67b0a7-5b27-496d-9f38-ab804a28e500<-e05592a5-d00f-4fc1-9e39-a968c1ecb04e#0:OK-t0-last:<INITIAL_VALUE>. Peer's state: e05592a5-d00f-4fc1-9e39-a968c1ecb04e@group-1AA5F909702D:t0, leader=null, voted=, raftlog=Memoized:e05592a5-d00f-4fc1-9e39-a968c1ecb04e@group-1AA5F909702D-SegmentedRaftLog:OPENED:c-1:lastnull, conf=conf: {index: -1, cur=peers:[ef67b0a7-5b27-496d-9f38-ab804a28e500|127.0.0.1:15023, e05592a5-d00f-4fc1-9e39-a968c1ecb04e|127.0.0.1:15015, 361055de-215b-4c6c-94c2-be1c1da118d1|127.0.0.1:15031]|listeners:[], old=null}
2025-10-20 19:49:57,788 [grpc-default-executor-4] INFO  server.RaftServer$Division (RaftServerImpl.java:requestVote(1455)) - 361055de-215b-4c6c-94c2-be1c1da118d1@group-1AA5F909702D replies to PRE_VOTE vote request: ef67b0a7-5b27-496d-9f38-ab804a28e500<-361055de-215b-4c6c-94c2-be1c1da118d1#0:OK-t0-last:<INITIAL_VALUE>. Peer's state: 361055de-215b-4c6c-94c2-be1c1da118d1@group-1AA5F909702D:t0, leader=null, voted=, raftlog=Memoized:361055de-215b-4c6c-94c2-be1c1da118d1@group-1AA5F909702D-SegmentedRaftLog:OPENED:c-1:lastnull, conf=conf: {index: -1, cur=peers:[ef67b0a7-5b27-496d-9f38-ab804a28e500|127.0.0.1:15023, e05592a5-d00f-4fc1-9e39-a968c1ecb04e|127.0.0.1:15015, 361055de-215b-4c6c-94c2-be1c1da118d1|127.0.0.1:15031]|listeners:[], old=null}
2025-10-20 19:49:57,790 [4f2bb3f5-0e03-4f1b-bb4c-79c91b98c7da-CreatePipelineCommandHandlerThread-0] INFO  server.RaftServer (RaftServerProxy.java:addNew(105)) - 4f2bb3f5-0e03-4f1b-bb4c-79c91b98c7da: addNew group-1BF756E6ABFD:[4f2bb3f5-0e03-4f1b-bb4c-79c91b98c7da|127.0.0.1:15095] returns group-1BF756E6ABFD:java.util.concurrent.CompletableFuture@5487d295[Not completed]
2025-10-20 19:49:57,791 [ef67b0a7-5b27-496d-9f38-ab804a28e500@group-1AA5F909702D-LeaderElection10] INFO  impl.LeaderElection (LeaderElection.java:logAndReturn(206)) - ef67b0a7-5b27-496d-9f38-ab804a28e500@group-1AA5F909702D-LeaderElection10: PRE_VOTE PASSED received 1 response(s) and 0 exception(s):
2025-10-20 19:49:57,792 [ef67b0a7-5b27-496d-9f38-ab804a28e500@group-1AA5F909702D-LeaderElection10] INFO  impl.LeaderElection (LeaderElection.java:logAndReturn(210)) -   Response 0: ef67b0a7-5b27-496d-9f38-ab804a28e500<-e05592a5-d00f-4fc1-9e39-a968c1ecb04e#0:OK-t0-last:<INITIAL_VALUE>
2025-10-20 19:49:57,791 [4f2bb3f5-0e03-4f1b-bb4c-79c91b98c7da-groupManagement] INFO  server.RaftServer$Division (RaftServerImpl.java:<init>(268)) - 4f2bb3f5-0e03-4f1b-bb4c-79c91b98c7da: new RaftServerImpl for group-1BF756E6ABFD:[4f2bb3f5-0e03-4f1b-bb4c-79c91b98c7da|127.0.0.1:15095] with ContainerStateMachine:uninitialized
2025-10-20 19:49:57,792 [4f2bb3f5-0e03-4f1b-bb4c-79c91b98c7da-groupManagement] INFO  server.RaftServer$Division (ServerState.java:<init>(114)) - 4f2bb3f5-0e03-4f1b-bb4c-79c91b98c7da@group-1BF756E6ABFD: ConfigurationManager, init=conf: {index: -1, cur=peers:[4f2bb3f5-0e03-4f1b-bb4c-79c91b98c7da|127.0.0.1:15095]|listeners:[], old=null}, confs=<EMPTY_MAP>
2025-10-20 19:49:57,792 [ef67b0a7-5b27-496d-9f38-ab804a28e500@group-1AA5F909702D-LeaderElection10] INFO  impl.LeaderElection (LeaderElection.java:askForVotes(450)) - ef67b0a7-5b27-496d-9f38-ab804a28e500@group-1AA5F909702D-LeaderElection10 PRE_VOTE round 0: result PASSED
2025-10-20 19:49:57,793 | INFO  | SCMAudit | user=runner | ip=127.0.0.1 | op=SEND_HEARTBEAT {"datanodeUUID":"4f2bb3f5-0e03-4f1b-bb4c-79c91b98c7da","term":"2","command":"[]"} | ret=SUCCESS |  
2025-10-20 19:49:57,794 [ef67b0a7-5b27-496d-9f38-ab804a28e500@group-1AA5F909702D-LeaderElection10] INFO  impl.LeaderElection (LeaderElection.java:askForVotes(448)) - ef67b0a7-5b27-496d-9f38-ab804a28e500@group-1AA5F909702D-LeaderElection10 ELECTION round 0: submit vote requests at term 1 for conf: {index: -1, cur=peers:[ef67b0a7-5b27-496d-9f38-ab804a28e500|127.0.0.1:15023, e05592a5-d00f-4fc1-9e39-a968c1ecb04e|127.0.0.1:15015, 361055de-215b-4c6c-94c2-be1c1da118d1|127.0.0.1:15031]|listeners:[], old=null}
2025-10-20 19:49:57,796 [grpc-default-executor-5] INFO  server.RaftServer$Division (RaftServerImpl.java:requestVote(1421)) - 361055de-215b-4c6c-94c2-be1c1da118d1@group-1AA5F909702D: receive requestVote(ELECTION, ef67b0a7-5b27-496d-9f38-ab804a28e500, group-1AA5F909702D, 1, <PROTO_DEFAULT>)
2025-10-20 19:49:57,796 [grpc-default-executor-5] INFO  impl.VoteContext (VoteContext.java:log(49)) - 361055de-215b-4c6c-94c2-be1c1da118d1@group-1AA5F909702D-FOLLOWER: accept ELECTION from ef67b0a7-5b27-496d-9f38-ab804a28e500: our priority 0 <= candidate's priority 1
2025-10-20 19:49:57,796 [grpc-default-executor-5] INFO  server.RaftServer$Division (RaftServerImpl.java:setRole(392)) - 361055de-215b-4c6c-94c2-be1c1da118d1@group-1AA5F909702D: changes role from  FOLLOWER to FOLLOWER at term 0 for candidate:ef67b0a7-5b27-496d-9f38-ab804a28e500
2025-10-20 19:49:57,796 [grpc-default-executor-5] INFO  impl.RoleInfo (RoleInfo.java:shutdownFollowerState(121)) - 361055de-215b-4c6c-94c2-be1c1da118d1: shutdown 361055de-215b-4c6c-94c2-be1c1da118d1@group-1AA5F909702D-FollowerState
2025-10-20 19:49:57,797 [grpc-default-executor-5] INFO  impl.RoleInfo (RoleInfo.java:updateAndGet(148)) - 361055de-215b-4c6c-94c2-be1c1da118d1: start 361055de-215b-4c6c-94c2-be1c1da118d1@group-1AA5F909702D-FollowerState
2025-10-20 19:49:57,797 [grpc-default-executor-4] INFO  server.RaftServer$Division (RaftServerImpl.java:requestVote(1421)) - e05592a5-d00f-4fc1-9e39-a968c1ecb04e@group-1AA5F909702D: receive requestVote(ELECTION, ef67b0a7-5b27-496d-9f38-ab804a28e500, group-1AA5F909702D, 1, <PROTO_DEFAULT>)
2025-10-20 19:49:57,797 [grpc-default-executor-4] INFO  impl.VoteContext (VoteContext.java:log(49)) - e05592a5-d00f-4fc1-9e39-a968c1ecb04e@group-1AA5F909702D-FOLLOWER: accept ELECTION from ef67b0a7-5b27-496d-9f38-ab804a28e500: our priority 0 <= candidate's priority 1
2025-10-20 19:49:57,797 [grpc-default-executor-4] INFO  server.RaftServer$Division (RaftServerImpl.java:setRole(392)) - e05592a5-d00f-4fc1-9e39-a968c1ecb04e@group-1AA5F909702D: changes role from  FOLLOWER to FOLLOWER at term 0 for candidate:ef67b0a7-5b27-496d-9f38-ab804a28e500
2025-10-20 19:49:57,797 [grpc-default-executor-4] INFO  impl.RoleInfo (RoleInfo.java:shutdownFollowerState(121)) - e05592a5-d00f-4fc1-9e39-a968c1ecb04e: shutdown e05592a5-d00f-4fc1-9e39-a968c1ecb04e@group-1AA5F909702D-FollowerState
2025-10-20 19:49:57,797 [grpc-default-executor-4] INFO  impl.RoleInfo (RoleInfo.java:updateAndGet(148)) - e05592a5-d00f-4fc1-9e39-a968c1ecb04e: start e05592a5-d00f-4fc1-9e39-a968c1ecb04e@group-1AA5F909702D-FollowerState
2025-10-20 19:49:57,797 [e05592a5-d00f-4fc1-9e39-a968c1ecb04e@group-1AA5F909702D-FollowerState] INFO  impl.FollowerState (FollowerState.java:runImpl(170)) - e05592a5-d00f-4fc1-9e39-a968c1ecb04e@group-1AA5F909702D-FollowerState was interrupted
2025-10-20 19:49:57,797 [361055de-215b-4c6c-94c2-be1c1da118d1@group-1AA5F909702D-FollowerState] INFO  impl.FollowerState (FollowerState.java:runImpl(170)) - 361055de-215b-4c6c-94c2-be1c1da118d1@group-1AA5F909702D-FollowerState was interrupted
2025-10-20 19:49:57,798 [4f2bb3f5-0e03-4f1b-bb4c-79c91b98c7da-groupManagement] INFO  server.RaftServerConfigKeys (ConfUtils.java:logGet(62)) - raft.server.storage.dir = [/home/runner/work/ozone/ozone/hadoop-ozone/integration-test/target/test-dir/MiniOzoneClusterImpl-6935df51-69ff-4c35-8bd4-ed2b81d70e54/ozone-metadata/datanode-11/ratis] (custom)
2025-10-20 19:49:57,798 [4f2bb3f5-0e03-4f1b-bb4c-79c91b98c7da-groupManagement] INFO  storage.RaftStorageDirectory (RaftStorageDirectoryImpl.java:analyzeStorage(138)) - The storage directory /home/runner/work/ozone/ozone/hadoop-ozone/integration-test/target/test-dir/MiniOzoneClusterImpl-6935df51-69ff-4c35-8bd4-ed2b81d70e54/ozone-metadata/datanode-11/ratis/039ffff9-266b-48f4-a31a-1bf756e6abfd does not exist. Creating ...
2025-10-20 19:49:57,799 [4f2bb3f5-0e03-4f1b-bb4c-79c91b98c7da-groupManagement] INFO  storage.RaftStorageDirectory (RaftStorageDirectoryImpl.java:tryLock(229)) - Lock on /home/runner/work/ozone/ozone/hadoop-ozone/integration-test/target/test-dir/MiniOzoneClusterImpl-6935df51-69ff-4c35-8bd4-ed2b81d70e54/ozone-metadata/datanode-11/ratis/039ffff9-266b-48f4-a31a-1bf756e6abfd/in_use.lock acquired by nodename 12924@localhost
2025-10-20 19:49:57,799 [grpc-default-executor-5] INFO  server.RaftServer$Division (RaftServerImpl.java:requestVote(1455)) - 361055de-215b-4c6c-94c2-be1c1da118d1@group-1AA5F909702D replies to ELECTION vote request: ef67b0a7-5b27-496d-9f38-ab804a28e500<-361055de-215b-4c6c-94c2-be1c1da118d1#0:OK-t1-last:<INITIAL_VALUE>. Peer's state: 361055de-215b-4c6c-94c2-be1c1da118d1@group-1AA5F909702D:t1, leader=null, voted=ef67b0a7-5b27-496d-9f38-ab804a28e500, raftlog=Memoized:361055de-215b-4c6c-94c2-be1c1da118d1@group-1AA5F909702D-SegmentedRaftLog:OPENED:c-1:lastnull, conf=conf: {index: -1, cur=peers:[ef67b0a7-5b27-496d-9f38-ab804a28e500|127.0.0.1:15023, e05592a5-d00f-4fc1-9e39-a968c1ecb04e|127.0.0.1:15015, 361055de-215b-4c6c-94c2-be1c1da118d1|127.0.0.1:15031]|listeners:[], old=null}
2025-10-20 19:49:57,800 [grpc-default-executor-4] INFO  server.RaftServer$Division (RaftServerImpl.java:requestVote(1455)) - e05592a5-d00f-4fc1-9e39-a968c1ecb04e@group-1AA5F909702D replies to ELECTION vote request: ef67b0a7-5b27-496d-9f38-ab804a28e500<-e05592a5-d00f-4fc1-9e39-a968c1ecb04e#0:OK-t1-last:<INITIAL_VALUE>. Peer's state: e05592a5-d00f-4fc1-9e39-a968c1ecb04e@group-1AA5F909702D:t1, leader=null, voted=ef67b0a7-5b27-496d-9f38-ab804a28e500, raftlog=Memoized:e05592a5-d00f-4fc1-9e39-a968c1ecb04e@group-1AA5F909702D-SegmentedRaftLog:OPENED:c-1:lastnull, conf=conf: {index: -1, cur=peers:[ef67b0a7-5b27-496d-9f38-ab804a28e500|127.0.0.1:15023, e05592a5-d00f-4fc1-9e39-a968c1ecb04e|127.0.0.1:15015, 361055de-215b-4c6c-94c2-be1c1da118d1|127.0.0.1:15031]|listeners:[], old=null}
2025-10-20 19:49:57,801 [ef67b0a7-5b27-496d-9f38-ab804a28e500@group-1AA5F909702D-LeaderElection10] INFO  impl.LeaderElection (LeaderElection.java:logAndReturn(206)) - ef67b0a7-5b27-496d-9f38-ab804a28e500@group-1AA5F909702D-LeaderElection10: ELECTION PASSED received 1 response(s) and 0 exception(s):
2025-10-20 19:49:57,801 [ef67b0a7-5b27-496d-9f38-ab804a28e500@group-1AA5F909702D-LeaderElection10] INFO  impl.LeaderElection (LeaderElection.java:logAndReturn(210)) -   Response 0: ef67b0a7-5b27-496d-9f38-ab804a28e500<-361055de-215b-4c6c-94c2-be1c1da118d1#0:OK-t1-last:<INITIAL_VALUE>
2025-10-20 19:49:57,801 [ef67b0a7-5b27-496d-9f38-ab804a28e500@group-1AA5F909702D-LeaderElection10] INFO  impl.LeaderElection (LeaderElection.java:askForVotes(450)) - ef67b0a7-5b27-496d-9f38-ab804a28e500@group-1AA5F909702D-LeaderElection10 ELECTION round 0: result PASSED
2025-10-20 19:49:57,801 [ef67b0a7-5b27-496d-9f38-ab804a28e500@group-1AA5F909702D-LeaderElection10] INFO  impl.RoleInfo (RoleInfo.java:shutdownLeaderElection(141)) - ef67b0a7-5b27-496d-9f38-ab804a28e500: shutdown ef67b0a7-5b27-496d-9f38-ab804a28e500@group-1AA5F909702D-LeaderElection10
2025-10-20 19:49:57,801 [ef67b0a7-5b27-496d-9f38-ab804a28e500@group-1AA5F909702D-LeaderElection10] INFO  server.RaftServer$Division (RaftServerImpl.java:setRole(392)) - ef67b0a7-5b27-496d-9f38-ab804a28e500@group-1AA5F909702D: changes role from CANDIDATE to LEADER at term 1 for changeToLeader
2025-10-20 19:49:57,801 [ef67b0a7-5b27-496d-9f38-ab804a28e500@group-1AA5F909702D-LeaderElection10] INFO  server.RaftServerConfigKeys (ConfUtils.java:logFallback(69)) - raft.server.staging.timeout = 15600ms (fallback to raft.server.rpc.timeout.max)
2025-10-20 19:49:57,801 [4f2bb3f5-0e03-4f1b-bb4c-79c91b98c7da-groupManagement] INFO  storage.RaftStorage (RaftStorageImpl.java:format(98)) - Storage directory /home/runner/work/ozone/ozone/hadoop-ozone/integration-test/target/test-dir/MiniOzoneClusterImpl-6935df51-69ff-4c35-8bd4-ed2b81d70e54/ozone-metadata/datanode-11/ratis/039ffff9-266b-48f4-a31a-1bf756e6abfd has been successfully formatted.
2025-10-20 19:49:57,802 [ef67b0a7-5b27-496d-9f38-ab804a28e500@group-1AA5F909702D-LeaderElection10] INFO  server.RaftServerConfigKeys (ConfUtils.java:logGet(62)) - raft.server.write.byte-limit = 1024 M (=1073741824) (custom)
2025-10-20 19:49:57,802 [4f2bb3f5-0e03-4f1b-bb4c-79c91b98c7da-groupManagement] INFO  ratis.ContainerStateMachine (ContainerStateMachine.java:initialize(339)) - 4f2bb3f5-0e03-4f1b-bb4c-79c91b98c7da: initialize group-1BF756E6ABFD
2025-10-20 19:49:57,802 [4f2bb3f5-0e03-4f1b-bb4c-79c91b98c7da-groupManagement] INFO  ratis.ContainerStateMachine (ContainerStateMachine.java:loadSnapshot(347)) - group-1BF756E6ABFD: The snapshot info is null. Setting the last applied index to:<INITIAL_VALUE>
2025-10-20 19:49:57,802 [4f2bb3f5-0e03-4f1b-bb4c-79c91b98c7da-groupManagement] INFO  server.RaftServerConfigKeys (ConfUtils.java:logGet(62)) - raft.server.log.appender.buffer.byte-limit = 33554432 (custom)
2025-10-20 19:49:57,804 [ef67b0a7-5b27-496d-9f38-ab804a28e500@group-1AA5F909702D-LeaderElection10] INFO  server.RaftServerConfigKeys (ConfUtils.java:logGet(62)) - raft.server.log.appender.buffer.byte-limit = 33554432 (custom)
2025-10-20 19:49:57,807 | INFO  | SCMAudit | user=runner | ip=127.0.0.1 | op=SEND_HEARTBEAT {"datanodeUUID":"4f2bb3f5-0e03-4f1b-bb4c-79c91b98c7da","term":"2","command":"[]"} | ret=SUCCESS |  
2025-10-20 19:49:57,808 [4f2bb3f5-0e03-4f1b-bb4c-79c91b98c7da-groupManagement] INFO  server.RaftServerConfigKeys (ConfUtils.java:logGet(62)) - raft.server.log.segment.size.max = 67108864 (custom)
2025-10-20 19:49:57,809 [ef67b0a7-5b27-496d-9f38-ab804a28e500@group-1AA5F909702D-LeaderElection10] INFO  server.RaftServerConfigKeys (ConfUtils.java:logGet(62)) - raft.server.log.appender.buffer.byte-limit = 33554432 (custom)
2025-10-20 19:49:57,810 [ef67b0a7-5b27-496d-9f38-ab804a28e500@group-1AA5F909702D-LeaderElection10] INFO  impl.RoleInfo (RoleInfo.java:updateAndGet(148)) - ef67b0a7-5b27-496d-9f38-ab804a28e500: start ef67b0a7-5b27-496d-9f38-ab804a28e500@group-1AA5F909702D-LeaderStateImpl
2025-10-20 19:49:57,810 [4f2bb3f5-0e03-4f1b-bb4c-79c91b98c7da-groupManagement] INFO  server.RaftServerConfigKeys (ConfUtils.java:logGet(62)) - raft.server.log.appender.buffer.byte-limit = 33554432 (custom)
2025-10-20 19:49:57,811 [ef67b0a7-5b27-496d-9f38-ab804a28e500@group-1AA5F909702D-LeaderElection10] INFO  server.RaftServer$Division (RaftServerImpl.java:setFirstElection(576)) - ef67b0a7-5b27-496d-9f38-ab804a28e500@group-1AA5F909702D: set firstElectionSinceStartup to false for becomeLeader
2025-10-20 19:49:57,811 [ef67b0a7-5b27-496d-9f38-ab804a28e500@group-1AA5F909702D-LeaderElection10] INFO  ratis.XceiverServerRatis (XceiverServerRatis.java:handleLeaderChangedNotification(940)) - Leader change notification received for group: group-1AA5F909702D with new leaderId: ef67b0a7-5b27-496d-9f38-ab804a28e500
2025-10-20 19:49:57,811 [4f2bb3f5-0e03-4f1b-bb4c-79c91b98c7da-groupManagement] INFO  util.AwaitToRun (AwaitToRun.java:start(81)) - Thread[#1660,4f2bb3f5-0e03-4f1b-bb4c-79c91b98c7da@group-1BF756E6ABFD-cacheEviction-AwaitToRun,5,main] started
2025-10-20 19:49:57,811 [4f2bb3f5-0e03-4f1b-bb4c-79c91b98c7da-groupManagement] INFO  segmented.SegmentedRaftLogWorker (SegmentedRaftLogWorker.java:<init>(190)) - new 4f2bb3f5-0e03-4f1b-bb4c-79c91b98c7da@group-1BF756E6ABFD-SegmentedRaftLogWorker for RaftStorageImpl:Storage Directory /home/runner/work/ozone/ozone/hadoop-ozone/integration-test/target/test-dir/MiniOzoneClusterImpl-6935df51-69ff-4c35-8bd4-ed2b81d70e54/ozone-metadata/datanode-11/ratis/039ffff9-266b-48f4-a31a-1bf756e6abfd
2025-10-20 19:49:57,811 [4f2bb3f5-0e03-4f1b-bb4c-79c91b98c7da-groupManagement] INFO  server.RaftServerConfigKeys (ConfUtils.java:logGet(62)) - raft.server.log.queue.byte-limit = 4294967296 (custom)
2025-10-20 19:49:57,811 [4f2bb3f5-0e03-4f1b-bb4c-79c91b98c7da-groupManagement] INFO  server.RaftServerConfigKeys (ConfUtils.java:logGet(62)) - raft.server.log.segment.size.max = 67108864 (custom)
2025-10-20 19:49:57,811 [4f2bb3f5-0e03-4f1b-bb4c-79c91b98c7da-groupManagement] INFO  server.RaftServerConfigKeys (ConfUtils.java:logGet(62)) - raft.server.log.preallocated.size = 4194304 (custom)
2025-10-20 19:49:57,812 [EventQueue-PipelineReportForPipelineReportHandler] INFO  pipeline.PipelineReportHandler (PipelineReportHandler.java:processPipelineReport(132)) - Opened pipeline Pipeline-039ffff9-266b-48f4-a31a-1bf756e6abfd
2025-10-20 19:49:57,812 [ef67b0a7-5b27-496d-9f38-ab804a28e500@group-1AA5F909702D-LeaderElection10] INFO  server.RaftServer$Division (ServerState.java:setLeader(272)) - ef67b0a7-5b27-496d-9f38-ab804a28e500@group-1AA5F909702D: change Leader from null to ef67b0a7-5b27-496d-9f38-ab804a28e500 at term 1 for becomeLeader, leader elected after 1284ms
2025-10-20 19:49:57,812 [ef67b0a7-5b27-496d-9f38-ab804a28e500@group-1AA5F909702D-LeaderElection10] INFO  segmented.SegmentedRaftLogWorker (SegmentedRaftLogWorker.java:startLogSegment(440)) - ef67b0a7-5b27-496d-9f38-ab804a28e500@group-1AA5F909702D-SegmentedRaftLogWorker: Starting segment from index:0
2025-10-20 19:49:57,813 [ef67b0a7-5b27-496d-9f38-ab804a28e500@group-1AA5F909702D-LeaderElection10] INFO  server.RaftServer$Division (ServerState.java:setRaftConf(386)) - ef67b0a7-5b27-496d-9f38-ab804a28e500@group-1AA5F909702D: set configuration conf: {index: 0, cur=peers:[ef67b0a7-5b27-496d-9f38-ab804a28e500|127.0.0.1:15023, e05592a5-d00f-4fc1-9e39-a968c1ecb04e|127.0.0.1:15015, 361055de-215b-4c6c-94c2-be1c1da118d1|127.0.0.1:15031]|listeners:[], old=null}
2025-10-20 19:49:57,814 [ef67b0a7-5b27-496d-9f38-ab804a28e500@group-1AA5F909702D-SegmentedRaftLogWorker] INFO  segmented.BufferedWriteChannel (BufferedWriteChannel.java:open(61)) - open log_inprogress_0 at position 0
2025-10-20 19:49:57,814 [4f2bb3f5-0e03-4f1b-bb4c-79c91b98c7da-groupManagement] INFO  server.RaftServerConfigKeys (ConfUtils.java:logGet(62)) - raft.server.log.write.buffer.size = 33554440 (custom)
2025-10-20 19:49:57,820 [ef67b0a7-5b27-496d-9f38-ab804a28e500@group-1AA5F909702D-SegmentedRaftLogWorker] INFO  segmented.SegmentedRaftLogWorker (SegmentedRaftLogWorker.java:execute(647)) - ef67b0a7-5b27-496d-9f38-ab804a28e500@group-1AA5F909702D-SegmentedRaftLogWorker: created new log segment /home/runner/work/ozone/ozone/hadoop-ozone/integration-test/target/test-dir/MiniOzoneClusterImpl-6935df51-69ff-4c35-8bd4-ed2b81d70e54/ozone-metadata/datanode-2/ratis/aabd30cf-05b8-4e3b-b15e-1aa5f909702d/current/log_inprogress_0
2025-10-20 19:49:57,823 | INFO  | SCMAudit | user=runner | ip=127.0.0.1 | op=SEND_HEARTBEAT {"datanodeUUID":"ef67b0a7-5b27-496d-9f38-ab804a28e500","term":"2","command":"[]"} | ret=SUCCESS |  
2025-10-20 19:49:57,824 [4f2bb3f5-0e03-4f1b-bb4c-79c91b98c7da-groupManagement] INFO  server.RaftServerConfigKeys (ConfUtils.java:logGet(62)) - raft.server.log.appender.buffer.byte-limit = 33554432 (custom)
2025-10-20 19:49:57,825 [4f2bb3f5-0e03-4f1b-bb4c-79c91b98c7da-groupManagement] INFO  segmented.SegmentedRaftLogWorker (SegmentedRaftLogWorker.java:lambda$new$0(141)) - 4f2bb3f5-0e03-4f1b-bb4c-79c91b98c7da@group-1BF756E6ABFD-SegmentedRaftLogWorker: flushIndex: setUnconditionally 0 -> -1
2025-10-20 19:49:57,826 [4f2bb3f5-0e03-4f1b-bb4c-79c91b98c7da-groupManagement] INFO  segmented.SegmentedRaftLogWorker (SegmentedRaftLogWorker.java:lambda$new$0(141)) - 4f2bb3f5-0e03-4f1b-bb4c-79c91b98c7da@group-1BF756E6ABFD-SegmentedRaftLogWorker: safeCacheEvictIndex: setUnconditionally 0 -> -1
2025-10-20 19:49:57,826 [4f2bb3f5-0e03-4f1b-bb4c-79c91b98c7da-groupManagement] INFO  server.RaftServer$Division (RaftServerImpl.java:start(405)) - 4f2bb3f5-0e03-4f1b-bb4c-79c91b98c7da@group-1BF756E6ABFD: start as a follower, conf=conf: {index: -1, cur=peers:[4f2bb3f5-0e03-4f1b-bb4c-79c91b98c7da|127.0.0.1:15095]|listeners:[], old=null}
2025-10-20 19:49:57,827 [4f2bb3f5-0e03-4f1b-bb4c-79c91b98c7da-groupManagement] INFO  server.RaftServer$Division (RaftServerImpl.java:setRole(392)) - 4f2bb3f5-0e03-4f1b-bb4c-79c91b98c7da@group-1BF756E6ABFD: changes role from      null to FOLLOWER at term 0 for startAsFollower
2025-10-20 19:49:57,827 [4f2bb3f5-0e03-4f1b-bb4c-79c91b98c7da-groupManagement] INFO  impl.RoleInfo (RoleInfo.java:updateAndGet(148)) - 4f2bb3f5-0e03-4f1b-bb4c-79c91b98c7da: start 4f2bb3f5-0e03-4f1b-bb4c-79c91b98c7da@group-1BF756E6ABFD-FollowerState
2025-10-20 19:49:57,828 [4f2bb3f5-0e03-4f1b-bb4c-79c91b98c7da-groupManagement] INFO  util.JmxRegister (JmxRegister.java:tryRegister(44)) - Successfully registered JMX Bean with object name Ratis:service=RaftServer,group=group-1BF756E6ABFD,id=4f2bb3f5-0e03-4f1b-bb4c-79c91b98c7da
2025-10-20 19:49:57,828 [4f2bb3f5-0e03-4f1b-bb4c-79c91b98c7da-groupManagement] INFO  util.JmxRegister (JmxRegister.java:register(58)) - register mxBean class org.apache.ratis.server.impl.RaftServerJmxAdapter as Ratis:service=RaftServer,group=group-1BF756E6ABFD,id=4f2bb3f5-0e03-4f1b-bb4c-79c91b98c7da
2025-10-20 19:49:57,828 [grpc-default-executor-5] INFO  ratis.XceiverServerRatis (XceiverServerRatis.java:handleLeaderChangedNotification(940)) - Leader change notification received for group: group-1AA5F909702D with new leaderId: ef67b0a7-5b27-496d-9f38-ab804a28e500
2025-10-20 19:49:57,829 [grpc-default-executor-5] INFO  server.RaftServer$Division (ServerState.java:setLeader(272)) - e05592a5-d00f-4fc1-9e39-a968c1ecb04e@group-1AA5F909702D: change Leader from null to ef67b0a7-5b27-496d-9f38-ab804a28e500 at term 1 for appendEntries, leader elected after 1357ms
2025-10-20 19:49:57,829 [4f2bb3f5-0e03-4f1b-bb4c-79c91b98c7da-groupManagement] INFO  server.RaftServer$Division (RaftServerImpl.java:start(419)) - 4f2bb3f5-0e03-4f1b-bb4c-79c91b98c7da@group-1BF756E6ABFD: Successfully started.
2025-10-20 19:49:57,830 [EventQueue-PipelineReportForPipelineReportHandler] INFO  pipeline.PipelineReportHandler (PipelineReportHandler.java:processPipelineReport(132)) - Opened pipeline Pipeline-aabd30cf-05b8-4e3b-b15e-1aa5f909702d
2025-10-20 19:49:57,832 [4f2bb3f5-0e03-4f1b-bb4c-79c91b98c7da-CreatePipelineCommandHandlerThread-0] INFO  ratis.XceiverServerRatis (XceiverServerRatis.java:addGroup(839)) - Created group Pipeline-039ffff9-266b-48f4-a31a-1bf756e6abfd
2025-10-20 19:49:57,832 [4f2bb3f5-0e03-4f1b-bb4c-79c91b98c7da-CreatePipelineCommandHandlerThread-0] INFO  commandhandler.CreatePipelineCommandHandler (CreatePipelineCommandHandler.java:lambda$handle$2(141)) - Created Pipeline RATIS ONE Pipeline-039ffff9-266b-48f4-a31a-1bf756e6abfd.
2025-10-20 19:49:57,832 [4f2bb3f5-0e03-4f1b-bb4c-79c91b98c7da-CreatePipelineCommandHandlerThread-0] INFO  server.RaftServer (RaftServerProxy.java:addNew(105)) - 4f2bb3f5-0e03-4f1b-bb4c-79c91b98c7da: addNew group-C03B5CC8546F:[4f2bb3f5-0e03-4f1b-bb4c-79c91b98c7da|127.0.0.1:15095, 33f74daf-be7a-4306-b2af-53e409c4cb93|127.0.0.1:15087, d7d8cf72-b9f6-4979-9c53-007dd6e6e48a|127.0.0.1:15103] returns group-C03B5CC8546F:java.util.concurrent.CompletableFuture@26253519[Not completed]
2025-10-20 19:49:57,831 [grpc-default-executor-5] INFO  server.RaftServer$Division (ServerState.java:setRaftConf(386)) - e05592a5-d00f-4fc1-9e39-a968c1ecb04e@group-1AA5F909702D: set configuration conf: {index: 0, cur=peers:[ef67b0a7-5b27-496d-9f38-ab804a28e500|127.0.0.1:15023, e05592a5-d00f-4fc1-9e39-a968c1ecb04e|127.0.0.1:15015, 361055de-215b-4c6c-94c2-be1c1da118d1|127.0.0.1:15031]|listeners:[], old=null}
2025-10-20 19:49:57,830 [grpc-default-executor-4] INFO  ratis.XceiverServerRatis (XceiverServerRatis.java:handleLeaderChangedNotification(940)) - Leader change notification received for group: group-1AA5F909702D with new leaderId: ef67b0a7-5b27-496d-9f38-ab804a28e500
2025-10-20 19:49:57,834 [grpc-default-executor-4] INFO  server.RaftServer$Division (ServerState.java:setLeader(272)) - 361055de-215b-4c6c-94c2-be1c1da118d1@group-1AA5F909702D: change Leader from null to ef67b0a7-5b27-496d-9f38-ab804a28e500 at term 1 for appendEntries, leader elected after 1358ms
2025-10-20 19:49:57,834 [grpc-default-executor-5] INFO  segmented.SegmentedRaftLogWorker (SegmentedRaftLogWorker.java:startLogSegment(440)) - e05592a5-d00f-4fc1-9e39-a968c1ecb04e@group-1AA5F909702D-SegmentedRaftLogWorker: Starting segment from index:0
2025-10-20 19:49:57,835 [grpc-default-executor-1] INFO  server.RaftServer$Division (ServerState.java:setRaftConf(386)) - 361055de-215b-4c6c-94c2-be1c1da118d1@group-1AA5F909702D: set configuration conf: {index: 0, cur=peers:[ef67b0a7-5b27-496d-9f38-ab804a28e500|127.0.0.1:15023, e05592a5-d00f-4fc1-9e39-a968c1ecb04e|127.0.0.1:15015, 361055de-215b-4c6c-94c2-be1c1da118d1|127.0.0.1:15031]|listeners:[], old=null}
2025-10-20 19:49:57,835 [grpc-default-executor-1] INFO  segmented.SegmentedRaftLogWorker (SegmentedRaftLogWorker.java:startLogSegment(440)) - 361055de-215b-4c6c-94c2-be1c1da118d1@group-1AA5F909702D-SegmentedRaftLogWorker: Starting segment from index:0
2025-10-20 19:49:57,836 [4f2bb3f5-0e03-4f1b-bb4c-79c91b98c7da-groupManagement] INFO  server.RaftServer$Division (RaftServerImpl.java:<init>(268)) - 4f2bb3f5-0e03-4f1b-bb4c-79c91b98c7da: new RaftServerImpl for group-C03B5CC8546F:[4f2bb3f5-0e03-4f1b-bb4c-79c91b98c7da|127.0.0.1:15095, 33f74daf-be7a-4306-b2af-53e409c4cb93|127.0.0.1:15087, d7d8cf72-b9f6-4979-9c53-007dd6e6e48a|127.0.0.1:15103] with ContainerStateMachine:uninitialized
2025-10-20 19:49:57,836 [4f2bb3f5-0e03-4f1b-bb4c-79c91b98c7da-groupManagement] INFO  server.RaftServer$Division (ServerState.java:<init>(114)) - 4f2bb3f5-0e03-4f1b-bb4c-79c91b98c7da@group-C03B5CC8546F: ConfigurationManager, init=conf: {index: -1, cur=peers:[4f2bb3f5-0e03-4f1b-bb4c-79c91b98c7da|127.0.0.1:15095, 33f74daf-be7a-4306-b2af-53e409c4cb93|127.0.0.1:15087, d7d8cf72-b9f6-4979-9c53-007dd6e6e48a|127.0.0.1:15103]|listeners:[], old=null}, confs=<EMPTY_MAP>
2025-10-20 19:49:57,837 [361055de-215b-4c6c-94c2-be1c1da118d1@group-1AA5F909702D-SegmentedRaftLogWorker] INFO  segmented.BufferedWriteChannel (BufferedWriteChannel.java:open(61)) - open log_inprogress_0 at position 0
2025-10-20 19:49:57,838 [e05592a5-d00f-4fc1-9e39-a968c1ecb04e@group-1AA5F909702D-SegmentedRaftLogWorker] INFO  segmented.BufferedWriteChannel (BufferedWriteChannel.java:open(61)) - open log_inprogress_0 at position 0
2025-10-20 19:49:57,844 [361055de-215b-4c6c-94c2-be1c1da118d1@group-1AA5F909702D-SegmentedRaftLogWorker] INFO  segmented.SegmentedRaftLogWorker (SegmentedRaftLogWorker.java:execute(647)) - 361055de-215b-4c6c-94c2-be1c1da118d1@group-1AA5F909702D-SegmentedRaftLogWorker: created new log segment /home/runner/work/ozone/ozone/hadoop-ozone/integration-test/target/test-dir/MiniOzoneClusterImpl-6935df51-69ff-4c35-8bd4-ed2b81d70e54/ozone-metadata/datanode-3/ratis/aabd30cf-05b8-4e3b-b15e-1aa5f909702d/current/log_inprogress_0
2025-10-20 19:49:57,845 [e05592a5-d00f-4fc1-9e39-a968c1ecb04e@group-1AA5F909702D-SegmentedRaftLogWorker] INFO  segmented.SegmentedRaftLogWorker (SegmentedRaftLogWorker.java:execute(647)) - e05592a5-d00f-4fc1-9e39-a968c1ecb04e@group-1AA5F909702D-SegmentedRaftLogWorker: created new log segment /home/runner/work/ozone/ozone/hadoop-ozone/integration-test/target/test-dir/MiniOzoneClusterImpl-6935df51-69ff-4c35-8bd4-ed2b81d70e54/ozone-metadata/datanode-1/ratis/aabd30cf-05b8-4e3b-b15e-1aa5f909702d/current/log_inprogress_0
2025-10-20 19:49:57,849 [ef67b0a7-5b27-496d-9f38-ab804a28e500@group-1AA5F909702D-StateMachineUpdater] INFO  server.RaftServer$Division (LeaderStateImpl.java:checkStartIndex(309)) - Leader ef67b0a7-5b27-496d-9f38-ab804a28e500@group-1AA5F909702D-LeaderStateImpl is ready since appliedIndex == startIndex == 0
2025-10-20 19:49:57,850 [4f2bb3f5-0e03-4f1b-bb4c-79c91b98c7da-groupManagement] INFO  storage.RaftStorageDirectory (RaftStorageDirectoryImpl.java:analyzeStorage(138)) - The storage directory /home/runner/work/ozone/ozone/hadoop-ozone/integration-test/target/test-dir/MiniOzoneClusterImpl-6935df51-69ff-4c35-8bd4-ed2b81d70e54/ozone-metadata/datanode-11/ratis/5efdd59f-8e2e-4baf-8c0a-c03b5cc8546f does not exist. Creating ...
2025-10-20 19:49:57,851 [4f2bb3f5-0e03-4f1b-bb4c-79c91b98c7da-groupManagement] INFO  storage.RaftStorageDirectory (RaftStorageDirectoryImpl.java:tryLock(229)) - Lock on /home/runner/work/ozone/ozone/hadoop-ozone/integration-test/target/test-dir/MiniOzoneClusterImpl-6935df51-69ff-4c35-8bd4-ed2b81d70e54/ozone-metadata/datanode-11/ratis/5efdd59f-8e2e-4baf-8c0a-c03b5cc8546f/in_use.lock acquired by nodename 12924@localhost
2025-10-20 19:49:57,852 [4f2bb3f5-0e03-4f1b-bb4c-79c91b98c7da-groupManagement] INFO  storage.RaftStorage (RaftStorageImpl.java:format(98)) - Storage directory /home/runner/work/ozone/ozone/hadoop-ozone/integration-test/target/test-dir/MiniOzoneClusterImpl-6935df51-69ff-4c35-8bd4-ed2b81d70e54/ozone-metadata/datanode-11/ratis/5efdd59f-8e2e-4baf-8c0a-c03b5cc8546f has been successfully formatted.
2025-10-20 19:49:57,853 [4f2bb3f5-0e03-4f1b-bb4c-79c91b98c7da-groupManagement] INFO  ratis.ContainerStateMachine (ContainerStateMachine.java:initialize(339)) - 4f2bb3f5-0e03-4f1b-bb4c-79c91b98c7da: initialize group-C03B5CC8546F
2025-10-20 19:49:57,853 [4f2bb3f5-0e03-4f1b-bb4c-79c91b98c7da-groupManagement] INFO  ratis.ContainerStateMachine (ContainerStateMachine.java:loadSnapshot(347)) - group-C03B5CC8546F: The snapshot info is null. Setting the last applied index to:<INITIAL_VALUE>
2025-10-20 19:49:57,853 [4f2bb3f5-0e03-4f1b-bb4c-79c91b98c7da-groupManagement] INFO  server.RaftServerConfigKeys (ConfUtils.java:logGet(62)) - raft.server.log.appender.buffer.byte-limit = 33554432 (custom)
2025-10-20 19:49:57,854 | INFO  | SCMAudit | user=runner | ip=127.0.0.1 | op=SEND_HEARTBEAT {"datanodeUUID":"4f2bb3f5-0e03-4f1b-bb4c-79c91b98c7da","term":"2","command":"[]"} | ret=SUCCESS |  
2025-10-20 19:49:57,855 [4f2bb3f5-0e03-4f1b-bb4c-79c91b98c7da-groupManagement] INFO  server.RaftServerConfigKeys (ConfUtils.java:logGet(62)) - raft.server.log.segment.size.max = 67108864 (custom)
2025-10-20 19:49:57,856 [4f2bb3f5-0e03-4f1b-bb4c-79c91b98c7da-groupManagement] INFO  server.RaftServerConfigKeys (ConfUtils.java:logGet(62)) - raft.server.log.appender.buffer.byte-limit = 33554432 (custom)
2025-10-20 19:49:57,856 [4f2bb3f5-0e03-4f1b-bb4c-79c91b98c7da-groupManagement] INFO  util.AwaitToRun (AwaitToRun.java:start(81)) - Thread[#1670,4f2bb3f5-0e03-4f1b-bb4c-79c91b98c7da@group-C03B5CC8546F-cacheEviction-AwaitToRun,5,main] started
2025-10-20 19:49:57,856 [4f2bb3f5-0e03-4f1b-bb4c-79c91b98c7da-groupManagement] INFO  segmented.SegmentedRaftLogWorker (SegmentedRaftLogWorker.java:<init>(190)) - new 4f2bb3f5-0e03-4f1b-bb4c-79c91b98c7da@group-C03B5CC8546F-SegmentedRaftLogWorker for RaftStorageImpl:Storage Directory /home/runner/work/ozone/ozone/hadoop-ozone/integration-test/target/test-dir/MiniOzoneClusterImpl-6935df51-69ff-4c35-8bd4-ed2b81d70e54/ozone-metadata/datanode-11/ratis/5efdd59f-8e2e-4baf-8c0a-c03b5cc8546f
2025-10-20 19:49:57,856 [4f2bb3f5-0e03-4f1b-bb4c-79c91b98c7da-groupManagement] INFO  server.RaftServerConfigKeys (ConfUtils.java:logGet(62)) - raft.server.log.queue.byte-limit = 4294967296 (custom)
2025-10-20 19:49:57,856 [4f2bb3f5-0e03-4f1b-bb4c-79c91b98c7da-groupManagement] INFO  server.RaftServerConfigKeys (ConfUtils.java:logGet(62)) - raft.server.log.segment.size.max = 67108864 (custom)
2025-10-20 19:49:57,856 [4f2bb3f5-0e03-4f1b-bb4c-79c91b98c7da-groupManagement] INFO  server.RaftServerConfigKeys (ConfUtils.java:logGet(62)) - raft.server.log.preallocated.size = 4194304 (custom)
2025-10-20 19:49:57,857 [4f2bb3f5-0e03-4f1b-bb4c-79c91b98c7da-groupManagement] INFO  server.RaftServerConfigKeys (ConfUtils.java:logGet(62)) - raft.server.log.write.buffer.size = 33554440 (custom)
2025-10-20 19:49:57,864 [4f2bb3f5-0e03-4f1b-bb4c-79c91b98c7da-groupManagement] INFO  server.RaftServerConfigKeys (ConfUtils.java:logGet(62)) - raft.server.log.appender.buffer.byte-limit = 33554432 (custom)
2025-10-20 19:49:57,864 [4f2bb3f5-0e03-4f1b-bb4c-79c91b98c7da-groupManagement] INFO  segmented.SegmentedRaftLogWorker (SegmentedRaftLogWorker.java:lambda$new$0(141)) - 4f2bb3f5-0e03-4f1b-bb4c-79c91b98c7da@group-C03B5CC8546F-SegmentedRaftLogWorker: flushIndex: setUnconditionally 0 -> -1
2025-10-20 19:49:57,864 [4f2bb3f5-0e03-4f1b-bb4c-79c91b98c7da-groupManagement] INFO  segmented.SegmentedRaftLogWorker (SegmentedRaftLogWorker.java:lambda$new$0(141)) - 4f2bb3f5-0e03-4f1b-bb4c-79c91b98c7da@group-C03B5CC8546F-SegmentedRaftLogWorker: safeCacheEvictIndex: setUnconditionally 0 -> -1
2025-10-20 19:49:57,865 [4f2bb3f5-0e03-4f1b-bb4c-79c91b98c7da-groupManagement] INFO  server.RaftServer$Division (RaftServerImpl.java:start(405)) - 4f2bb3f5-0e03-4f1b-bb4c-79c91b98c7da@group-C03B5CC8546F: start as a follower, conf=conf: {index: -1, cur=peers:[4f2bb3f5-0e03-4f1b-bb4c-79c91b98c7da|127.0.0.1:15095, 33f74daf-be7a-4306-b2af-53e409c4cb93|127.0.0.1:15087, d7d8cf72-b9f6-4979-9c53-007dd6e6e48a|127.0.0.1:15103]|listeners:[], old=null}
2025-10-20 19:49:57,865 [4f2bb3f5-0e03-4f1b-bb4c-79c91b98c7da-groupManagement] INFO  server.RaftServer$Division (RaftServerImpl.java:setRole(392)) - 4f2bb3f5-0e03-4f1b-bb4c-79c91b98c7da@group-C03B5CC8546F: changes role from      null to FOLLOWER at term 0 for startAsFollower
2025-10-20 19:49:57,865 [4f2bb3f5-0e03-4f1b-bb4c-79c91b98c7da-groupManagement] INFO  impl.RoleInfo (RoleInfo.java:updateAndGet(148)) - 4f2bb3f5-0e03-4f1b-bb4c-79c91b98c7da: start 4f2bb3f5-0e03-4f1b-bb4c-79c91b98c7da@group-C03B5CC8546F-FollowerState
2025-10-20 19:49:57,865 [4f2bb3f5-0e03-4f1b-bb4c-79c91b98c7da-groupManagement] INFO  util.JmxRegister (JmxRegister.java:tryRegister(44)) - Successfully registered JMX Bean with object name Ratis:service=RaftServer,group=group-C03B5CC8546F,id=4f2bb3f5-0e03-4f1b-bb4c-79c91b98c7da
2025-10-20 19:49:57,865 [4f2bb3f5-0e03-4f1b-bb4c-79c91b98c7da-groupManagement] INFO  util.JmxRegister (JmxRegister.java:register(58)) - register mxBean class org.apache.ratis.server.impl.RaftServerJmxAdapter as Ratis:service=RaftServer,group=group-C03B5CC8546F,id=4f2bb3f5-0e03-4f1b-bb4c-79c91b98c7da
2025-10-20 19:49:57,866 [4f2bb3f5-0e03-4f1b-bb4c-79c91b98c7da-groupManagement] INFO  server.RaftServer$Division (RaftServerImpl.java:start(419)) - 4f2bb3f5-0e03-4f1b-bb4c-79c91b98c7da@group-C03B5CC8546F: Successfully started.
2025-10-20 19:49:57,866 [4f2bb3f5-0e03-4f1b-bb4c-79c91b98c7da-CreatePipelineCommandHandlerThread-0] INFO  ratis.XceiverServerRatis (XceiverServerRatis.java:addGroup(839)) - Created group Pipeline-5efdd59f-8e2e-4baf-8c0a-c03b5cc8546f
2025-10-20 19:49:57,872 [grpc-default-executor-1] INFO  server.RaftServer (RaftServerProxy.java:addNew(105)) - 33f74daf-be7a-4306-b2af-53e409c4cb93: addNew group-C03B5CC8546F:[4f2bb3f5-0e03-4f1b-bb4c-79c91b98c7da|127.0.0.1:15095, 33f74daf-be7a-4306-b2af-53e409c4cb93|127.0.0.1:15087, d7d8cf72-b9f6-4979-9c53-007dd6e6e48a|127.0.0.1:15103] returns group-C03B5CC8546F:java.util.concurrent.CompletableFuture@3d3204a3[Not completed]
2025-10-20 19:49:57,873 [33f74daf-be7a-4306-b2af-53e409c4cb93-groupManagement] INFO  server.RaftServer$Division (RaftServerImpl.java:<init>(268)) - 33f74daf-be7a-4306-b2af-53e409c4cb93: new RaftServerImpl for group-C03B5CC8546F:[4f2bb3f5-0e03-4f1b-bb4c-79c91b98c7da|127.0.0.1:15095, 33f74daf-be7a-4306-b2af-53e409c4cb93|127.0.0.1:15087, d7d8cf72-b9f6-4979-9c53-007dd6e6e48a|127.0.0.1:15103] with ContainerStateMachine:uninitialized
2025-10-20 19:49:57,874 [33f74daf-be7a-4306-b2af-53e409c4cb93-groupManagement] INFO  server.RaftServer$Division (ServerState.java:<init>(114)) - 33f74daf-be7a-4306-b2af-53e409c4cb93@group-C03B5CC8546F: ConfigurationManager, init=conf: {index: -1, cur=peers:[4f2bb3f5-0e03-4f1b-bb4c-79c91b98c7da|127.0.0.1:15095, 33f74daf-be7a-4306-b2af-53e409c4cb93|127.0.0.1:15087, d7d8cf72-b9f6-4979-9c53-007dd6e6e48a|127.0.0.1:15103]|listeners:[], old=null}, confs=<EMPTY_MAP>
2025-10-20 19:49:57,877 [33f74daf-be7a-4306-b2af-53e409c4cb93-groupManagement] INFO  server.RaftServerConfigKeys (ConfUtils.java:logGet(62)) - raft.server.storage.dir = [/home/runner/work/ozone/ozone/hadoop-ozone/integration-test/target/test-dir/MiniOzoneClusterImpl-6935df51-69ff-4c35-8bd4-ed2b81d70e54/ozone-metadata/datanode-10/ratis] (custom)
2025-10-20 19:49:57,878 [33f74daf-be7a-4306-b2af-53e409c4cb93-groupManagement] INFO  storage.RaftStorageDirectory (RaftStorageDirectoryImpl.java:analyzeStorage(138)) - The storage directory /home/runner/work/ozone/ozone/hadoop-ozone/integration-test/target/test-dir/MiniOzoneClusterImpl-6935df51-69ff-4c35-8bd4-ed2b81d70e54/ozone-metadata/datanode-10/ratis/5efdd59f-8e2e-4baf-8c0a-c03b5cc8546f does not exist. Creating ...
2025-10-20 19:49:57,878 [33f74daf-be7a-4306-b2af-53e409c4cb93-groupManagement] INFO  storage.RaftStorageDirectory (RaftStorageDirectoryImpl.java:tryLock(229)) - Lock on /home/runner/work/ozone/ozone/hadoop-ozone/integration-test/target/test-dir/MiniOzoneClusterImpl-6935df51-69ff-4c35-8bd4-ed2b81d70e54/ozone-metadata/datanode-10/ratis/5efdd59f-8e2e-4baf-8c0a-c03b5cc8546f/in_use.lock acquired by nodename 12924@localhost
2025-10-20 19:49:57,879 [33f74daf-be7a-4306-b2af-53e409c4cb93-groupManagement] INFO  storage.RaftStorage (RaftStorageImpl.java:format(98)) - Storage directory /home/runner/work/ozone/ozone/hadoop-ozone/integration-test/target/test-dir/MiniOzoneClusterImpl-6935df51-69ff-4c35-8bd4-ed2b81d70e54/ozone-metadata/datanode-10/ratis/5efdd59f-8e2e-4baf-8c0a-c03b5cc8546f has been successfully formatted.
2025-10-20 19:49:57,880 [33f74daf-be7a-4306-b2af-53e409c4cb93-groupManagement] INFO  ratis.ContainerStateMachine (ContainerStateMachine.java:initialize(339)) - 33f74daf-be7a-4306-b2af-53e409c4cb93: initialize group-C03B5CC8546F
2025-10-20 19:49:57,880 [33f74daf-be7a-4306-b2af-53e409c4cb93-groupManagement] INFO  ratis.ContainerStateMachine (ContainerStateMachine.java:loadSnapshot(347)) - group-C03B5CC8546F: The snapshot info is null. Setting the last applied index to:<INITIAL_VALUE>
2025-10-20 19:49:57,881 [33f74daf-be7a-4306-b2af-53e409c4cb93-groupManagement] INFO  server.RaftServerConfigKeys (ConfUtils.java:logGet(62)) - raft.server.log.appender.buffer.byte-limit = 33554432 (custom)
2025-10-20 19:49:57,882 [33f74daf-be7a-4306-b2af-53e409c4cb93-groupManagement] INFO  server.RaftServerConfigKeys (ConfUtils.java:logGet(62)) - raft.server.log.segment.size.max = 67108864 (custom)
2025-10-20 19:49:57,882 | INFO  | SCMAudit | user=runner | ip=127.0.0.1 | op=SEND_HEARTBEAT {"datanodeUUID":"33f74daf-be7a-4306-b2af-53e409c4cb93","term":"2","command":"[]"} | ret=SUCCESS |  
2025-10-20 19:49:57,883 [33f74daf-be7a-4306-b2af-53e409c4cb93-groupManagement] INFO  server.RaftServerConfigKeys (ConfUtils.java:logGet(62)) - raft.server.log.appender.buffer.byte-limit = 33554432 (custom)
2025-10-20 19:49:57,883 [33f74daf-be7a-4306-b2af-53e409c4cb93-groupManagement] INFO  util.AwaitToRun (AwaitToRun.java:start(81)) - Thread[#1675,33f74daf-be7a-4306-b2af-53e409c4cb93@group-C03B5CC8546F-cacheEviction-AwaitToRun,5,main] started
2025-10-20 19:49:57,883 [33f74daf-be7a-4306-b2af-53e409c4cb93-groupManagement] INFO  segmented.SegmentedRaftLogWorker (SegmentedRaftLogWorker.java:<init>(190)) - new 33f74daf-be7a-4306-b2af-53e409c4cb93@group-C03B5CC8546F-SegmentedRaftLogWorker for RaftStorageImpl:Storage Directory /home/runner/work/ozone/ozone/hadoop-ozone/integration-test/target/test-dir/MiniOzoneClusterImpl-6935df51-69ff-4c35-8bd4-ed2b81d70e54/ozone-metadata/datanode-10/ratis/5efdd59f-8e2e-4baf-8c0a-c03b5cc8546f
2025-10-20 19:49:57,883 [33f74daf-be7a-4306-b2af-53e409c4cb93-groupManagement] INFO  server.RaftServerConfigKeys (ConfUtils.java:logGet(62)) - raft.server.log.queue.byte-limit = 4294967296 (custom)
2025-10-20 19:49:57,884 [33f74daf-be7a-4306-b2af-53e409c4cb93-groupManagement] INFO  server.RaftServerConfigKeys (ConfUtils.java:logGet(62)) - raft.server.log.segment.size.max = 67108864 (custom)
2025-10-20 19:49:57,884 [33f74daf-be7a-4306-b2af-53e409c4cb93-groupManagement] INFO  server.RaftServerConfigKeys (ConfUtils.java:logGet(62)) - raft.server.log.preallocated.size = 4194304 (custom)
2025-10-20 19:49:57,884 [33f74daf-be7a-4306-b2af-53e409c4cb93-groupManagement] INFO  server.RaftServerConfigKeys (ConfUtils.java:logGet(62)) - raft.server.log.write.buffer.size = 33554440 (custom)
2025-10-20 19:49:57,884 [cc7fbe85-1d98-437b-84f9-04213fee10f0-CreatePipelineCommandHandlerThread-0] INFO  server.RaftServer (RaftServerProxy.java:addNew(105)) - cc7fbe85-1d98-437b-84f9-04213fee10f0: addNew group-8DF13216E60C:[cc7fbe85-1d98-437b-84f9-04213fee10f0|127.0.0.1:15063] returns group-8DF13216E60C:java.util.concurrent.CompletableFuture@41f851d3[Not completed]
2025-10-20 19:49:57,886 [cc7fbe85-1d98-437b-84f9-04213fee10f0-groupManagement] INFO  server.RaftServer$Division (RaftServerImpl.java:<init>(268)) - cc7fbe85-1d98-437b-84f9-04213fee10f0: new RaftServerImpl for group-8DF13216E60C:[cc7fbe85-1d98-437b-84f9-04213fee10f0|127.0.0.1:15063] with ContainerStateMachine:uninitialized
2025-10-20 19:49:57,886 [cc7fbe85-1d98-437b-84f9-04213fee10f0-groupManagement] INFO  server.RaftServer$Division (ServerState.java:<init>(114)) - cc7fbe85-1d98-437b-84f9-04213fee10f0@group-8DF13216E60C: ConfigurationManager, init=conf: {index: -1, cur=peers:[cc7fbe85-1d98-437b-84f9-04213fee10f0|127.0.0.1:15063]|listeners:[], old=null}, confs=<EMPTY_MAP>
2025-10-20 19:49:57,892 [33f74daf-be7a-4306-b2af-53e409c4cb93-groupManagement] INFO  server.RaftServerConfigKeys (ConfUtils.java:logGet(62)) - raft.server.log.appender.buffer.byte-limit = 33554432 (custom)
2025-10-20 19:49:57,893 [33f74daf-be7a-4306-b2af-53e409c4cb93-groupManagement] INFO  segmented.SegmentedRaftLogWorker (SegmentedRaftLogWorker.java:lambda$new$0(141)) - 33f74daf-be7a-4306-b2af-53e409c4cb93@group-C03B5CC8546F-SegmentedRaftLogWorker: flushIndex: setUnconditionally 0 -> -1
2025-10-20 19:49:57,894 [33f74daf-be7a-4306-b2af-53e409c4cb93-groupManagement] INFO  segmented.SegmentedRaftLogWorker (SegmentedRaftLogWorker.java:lambda$new$0(141)) - 33f74daf-be7a-4306-b2af-53e409c4cb93@group-C03B5CC8546F-SegmentedRaftLogWorker: safeCacheEvictIndex: setUnconditionally 0 -> -1
2025-10-20 19:49:57,893 [cc7fbe85-1d98-437b-84f9-04213fee10f0-groupManagement] INFO  server.RaftServerConfigKeys (ConfUtils.java:logGet(62)) - raft.server.storage.dir = [/home/runner/work/ozone/ozone/hadoop-ozone/integration-test/target/test-dir/MiniOzoneClusterImpl-6935df51-69ff-4c35-8bd4-ed2b81d70e54/ozone-metadata/datanode-7/ratis] (custom)
2025-10-20 19:49:57,894 [cc7fbe85-1d98-437b-84f9-04213fee10f0-groupManagement] INFO  storage.RaftStorageDirectory (RaftStorageDirectoryImpl.java:analyzeStorage(138)) - The storage directory /home/runner/work/ozone/ozone/hadoop-ozone/integration-test/target/test-dir/MiniOzoneClusterImpl-6935df51-69ff-4c35-8bd4-ed2b81d70e54/ozone-metadata/datanode-7/ratis/455e61df-8df1-40bd-a70a-8df13216e60c does not exist. Creating ...
2025-10-20 19:49:57,895 [cc7fbe85-1d98-437b-84f9-04213fee10f0-groupManagement] INFO  storage.RaftStorageDirectory (RaftStorageDirectoryImpl.java:tryLock(229)) - Lock on /home/runner/work/ozone/ozone/hadoop-ozone/integration-test/target/test-dir/MiniOzoneClusterImpl-6935df51-69ff-4c35-8bd4-ed2b81d70e54/ozone-metadata/datanode-7/ratis/455e61df-8df1-40bd-a70a-8df13216e60c/in_use.lock acquired by nodename 12924@localhost
2025-10-20 19:49:57,895 [33f74daf-be7a-4306-b2af-53e409c4cb93-groupManagement] INFO  server.RaftServer$Division (RaftServerImpl.java:start(405)) - 33f74daf-be7a-4306-b2af-53e409c4cb93@group-C03B5CC8546F: start as a follower, conf=conf: {index: -1, cur=peers:[4f2bb3f5-0e03-4f1b-bb4c-79c91b98c7da|127.0.0.1:15095, 33f74daf-be7a-4306-b2af-53e409c4cb93|127.0.0.1:15087, d7d8cf72-b9f6-4979-9c53-007dd6e6e48a|127.0.0.1:15103]|listeners:[], old=null}
2025-10-20 19:49:57,895 [33f74daf-be7a-4306-b2af-53e409c4cb93-groupManagement] INFO  server.RaftServer$Division (RaftServerImpl.java:setRole(392)) - 33f74daf-be7a-4306-b2af-53e409c4cb93@group-C03B5CC8546F: changes role from      null to FOLLOWER at term 0 for startAsFollower
2025-10-20 19:49:57,895 [33f74daf-be7a-4306-b2af-53e409c4cb93-groupManagement] INFO  impl.RoleInfo (RoleInfo.java:updateAndGet(148)) - 33f74daf-be7a-4306-b2af-53e409c4cb93: start 33f74daf-be7a-4306-b2af-53e409c4cb93@group-C03B5CC8546F-FollowerState
2025-10-20 19:49:57,896 [cc7fbe85-1d98-437b-84f9-04213fee10f0-groupManagement] INFO  storage.RaftStorage (RaftStorageImpl.java:format(98)) - Storage directory /home/runner/work/ozone/ozone/hadoop-ozone/integration-test/target/test-dir/MiniOzoneClusterImpl-6935df51-69ff-4c35-8bd4-ed2b81d70e54/ozone-metadata/datanode-7/ratis/455e61df-8df1-40bd-a70a-8df13216e60c has been successfully formatted.
2025-10-20 19:49:57,896 [33f74daf-be7a-4306-b2af-53e409c4cb93-groupManagement] INFO  util.JmxRegister (JmxRegister.java:tryRegister(44)) - Successfully registered JMX Bean with object name Ratis:service=RaftServer,group=group-C03B5CC8546F,id=33f74daf-be7a-4306-b2af-53e409c4cb93
2025-10-20 19:49:57,897 [33f74daf-be7a-4306-b2af-53e409c4cb93-groupManagement] INFO  util.JmxRegister (JmxRegister.java:register(58)) - register mxBean class org.apache.ratis.server.impl.RaftServerJmxAdapter as Ratis:service=RaftServer,group=group-C03B5CC8546F,id=33f74daf-be7a-4306-b2af-53e409c4cb93
2025-10-20 19:49:57,897 [cc7fbe85-1d98-437b-84f9-04213fee10f0-groupManagement] INFO  ratis.ContainerStateMachine (ContainerStateMachine.java:initialize(339)) - cc7fbe85-1d98-437b-84f9-04213fee10f0: initialize group-8DF13216E60C
2025-10-20 19:49:57,897 [cc7fbe85-1d98-437b-84f9-04213fee10f0-groupManagement] INFO  ratis.ContainerStateMachine (ContainerStateMachine.java:loadSnapshot(347)) - group-8DF13216E60C: The snapshot info is null. Setting the last applied index to:<INITIAL_VALUE>
2025-10-20 19:49:57,897 [cc7fbe85-1d98-437b-84f9-04213fee10f0-groupManagement] INFO  server.RaftServerConfigKeys (ConfUtils.java:logGet(62)) - raft.server.log.appender.buffer.byte-limit = 33554432 (custom)
2025-10-20 19:49:57,900 [33f74daf-be7a-4306-b2af-53e409c4cb93-groupManagement] INFO  server.RaftServer$Division (RaftServerImpl.java:start(419)) - 33f74daf-be7a-4306-b2af-53e409c4cb93@group-C03B5CC8546F: Successfully started.
2025-10-20 19:49:57,900 | INFO  | SCMAudit | user=runner | ip=127.0.0.1 | op=SEND_HEARTBEAT {"datanodeUUID":"cc7fbe85-1d98-437b-84f9-04213fee10f0","term":"2","command":"[]"} | ret=SUCCESS |  
2025-10-20 19:49:57,902 [cc7fbe85-1d98-437b-84f9-04213fee10f0-groupManagement] INFO  server.RaftServerConfigKeys (ConfUtils.java:logGet(62)) - raft.server.log.segment.size.max = 67108864 (custom)
2025-10-20 19:49:57,903 [cc7fbe85-1d98-437b-84f9-04213fee10f0-groupManagement] INFO  server.RaftServerConfigKeys (ConfUtils.java:logGet(62)) - raft.server.log.appender.buffer.byte-limit = 33554432 (custom)
2025-10-20 19:49:57,905 [cc7fbe85-1d98-437b-84f9-04213fee10f0-groupManagement] INFO  util.AwaitToRun (AwaitToRun.java:start(81)) - Thread[#1680,cc7fbe85-1d98-437b-84f9-04213fee10f0@group-8DF13216E60C-cacheEviction-AwaitToRun,5,main] started
2025-10-20 19:49:57,905 [cc7fbe85-1d98-437b-84f9-04213fee10f0-groupManagement] INFO  segmented.SegmentedRaftLogWorker (SegmentedRaftLogWorker.java:<init>(190)) - new cc7fbe85-1d98-437b-84f9-04213fee10f0@group-8DF13216E60C-SegmentedRaftLogWorker for RaftStorageImpl:Storage Directory /home/runner/work/ozone/ozone/hadoop-ozone/integration-test/target/test-dir/MiniOzoneClusterImpl-6935df51-69ff-4c35-8bd4-ed2b81d70e54/ozone-metadata/datanode-7/ratis/455e61df-8df1-40bd-a70a-8df13216e60c
2025-10-20 19:49:57,905 [cc7fbe85-1d98-437b-84f9-04213fee10f0-groupManagement] INFO  server.RaftServerConfigKeys (ConfUtils.java:logGet(62)) - raft.server.log.queue.byte-limit = 4294967296 (custom)
2025-10-20 19:49:57,905 [cc7fbe85-1d98-437b-84f9-04213fee10f0-groupManagement] INFO  server.RaftServerConfigKeys (ConfUtils.java:logGet(62)) - raft.server.log.segment.size.max = 67108864 (custom)
2025-10-20 19:49:57,905 [cc7fbe85-1d98-437b-84f9-04213fee10f0-groupManagement] INFO  server.RaftServerConfigKeys (ConfUtils.java:logGet(62)) - raft.server.log.preallocated.size = 4194304 (custom)
2025-10-20 19:49:57,905 [cc7fbe85-1d98-437b-84f9-04213fee10f0-groupManagement] INFO  server.RaftServerConfigKeys (ConfUtils.java:logGet(62)) - raft.server.log.write.buffer.size = 33554440 (custom)
2025-10-20 19:49:57,905 [EventQueue-PipelineReportForPipelineReportHandler] INFO  pipeline.PipelineReportHandler (PipelineReportHandler.java:processPipelineReport(132)) - Opened pipeline Pipeline-455e61df-8df1-40bd-a70a-8df13216e60c
2025-10-20 19:49:57,913 [cc7fbe85-1d98-437b-84f9-04213fee10f0-groupManagement] INFO  server.RaftServerConfigKeys (ConfUtils.java:logGet(62)) - raft.server.log.appender.buffer.byte-limit = 33554432 (custom)
2025-10-20 19:49:57,914 [cc7fbe85-1d98-437b-84f9-04213fee10f0-groupManagement] INFO  segmented.SegmentedRaftLogWorker (SegmentedRaftLogWorker.java:lambda$new$0(141)) - cc7fbe85-1d98-437b-84f9-04213fee10f0@group-8DF13216E60C-SegmentedRaftLogWorker: flushIndex: setUnconditionally 0 -> -1
2025-10-20 19:49:57,914 [cc7fbe85-1d98-437b-84f9-04213fee10f0-groupManagement] INFO  segmented.SegmentedRaftLogWorker (SegmentedRaftLogWorker.java:lambda$new$0(141)) - cc7fbe85-1d98-437b-84f9-04213fee10f0@group-8DF13216E60C-SegmentedRaftLogWorker: safeCacheEvictIndex: setUnconditionally 0 -> -1
2025-10-20 19:49:57,914 [cc7fbe85-1d98-437b-84f9-04213fee10f0-groupManagement] INFO  server.RaftServer$Division (RaftServerImpl.java:start(405)) - cc7fbe85-1d98-437b-84f9-04213fee10f0@group-8DF13216E60C: start as a follower, conf=conf: {index: -1, cur=peers:[cc7fbe85-1d98-437b-84f9-04213fee10f0|127.0.0.1:15063]|listeners:[], old=null}
2025-10-20 19:49:57,914 [cc7fbe85-1d98-437b-84f9-04213fee10f0-groupManagement] INFO  server.RaftServer$Division (RaftServerImpl.java:setRole(392)) - cc7fbe85-1d98-437b-84f9-04213fee10f0@group-8DF13216E60C: changes role from      null to FOLLOWER at term 0 for startAsFollower
2025-10-20 19:49:57,914 [cc7fbe85-1d98-437b-84f9-04213fee10f0-groupManagement] INFO  impl.RoleInfo (RoleInfo.java:updateAndGet(148)) - cc7fbe85-1d98-437b-84f9-04213fee10f0: start cc7fbe85-1d98-437b-84f9-04213fee10f0@group-8DF13216E60C-FollowerState
2025-10-20 19:49:57,915 [cc7fbe85-1d98-437b-84f9-04213fee10f0-groupManagement] INFO  util.JmxRegister (JmxRegister.java:tryRegister(44)) - Successfully registered JMX Bean with object name Ratis:service=RaftServer,group=group-8DF13216E60C,id=cc7fbe85-1d98-437b-84f9-04213fee10f0
2025-10-20 19:49:57,915 [cc7fbe85-1d98-437b-84f9-04213fee10f0-groupManagement] INFO  util.JmxRegister (JmxRegister.java:register(58)) - register mxBean class org.apache.ratis.server.impl.RaftServerJmxAdapter as Ratis:service=RaftServer,group=group-8DF13216E60C,id=cc7fbe85-1d98-437b-84f9-04213fee10f0
2025-10-20 19:49:57,918 [cc7fbe85-1d98-437b-84f9-04213fee10f0-groupManagement] INFO  server.RaftServer$Division (RaftServerImpl.java:start(419)) - cc7fbe85-1d98-437b-84f9-04213fee10f0@group-8DF13216E60C: Successfully started.
2025-10-20 19:49:57,918 [cc7fbe85-1d98-437b-84f9-04213fee10f0-CreatePipelineCommandHandlerThread-0] INFO  ratis.XceiverServerRatis (XceiverServerRatis.java:addGroup(839)) - Created group Pipeline-455e61df-8df1-40bd-a70a-8df13216e60c
2025-10-20 19:49:57,918 [cc7fbe85-1d98-437b-84f9-04213fee10f0-CreatePipelineCommandHandlerThread-0] INFO  commandhandler.CreatePipelineCommandHandler (CreatePipelineCommandHandler.java:lambda$handle$2(141)) - Created Pipeline RATIS ONE Pipeline-455e61df-8df1-40bd-a70a-8df13216e60c.
2025-10-20 19:49:57,921 [grpc-default-executor-1] INFO  server.RaftServer (RaftServerProxy.java:addNew(105)) - d7d8cf72-b9f6-4979-9c53-007dd6e6e48a: addNew group-C03B5CC8546F:[4f2bb3f5-0e03-4f1b-bb4c-79c91b98c7da|127.0.0.1:15095, 33f74daf-be7a-4306-b2af-53e409c4cb93|127.0.0.1:15087, d7d8cf72-b9f6-4979-9c53-007dd6e6e48a|127.0.0.1:15103] returns group-C03B5CC8546F:java.util.concurrent.CompletableFuture@3e8951[Not completed]
2025-10-20 19:49:57,921 [d7d8cf72-b9f6-4979-9c53-007dd6e6e48a-groupManagement] INFO  server.RaftServer$Division (RaftServerImpl.java:<init>(268)) - d7d8cf72-b9f6-4979-9c53-007dd6e6e48a: new RaftServerImpl for group-C03B5CC8546F:[4f2bb3f5-0e03-4f1b-bb4c-79c91b98c7da|127.0.0.1:15095, 33f74daf-be7a-4306-b2af-53e409c4cb93|127.0.0.1:15087, d7d8cf72-b9f6-4979-9c53-007dd6e6e48a|127.0.0.1:15103] with ContainerStateMachine:uninitialized
2025-10-20 19:49:57,921 [d7d8cf72-b9f6-4979-9c53-007dd6e6e48a-groupManagement] INFO  server.RaftServer$Division (ServerState.java:<init>(114)) - d7d8cf72-b9f6-4979-9c53-007dd6e6e48a@group-C03B5CC8546F: ConfigurationManager, init=conf: {index: -1, cur=peers:[4f2bb3f5-0e03-4f1b-bb4c-79c91b98c7da|127.0.0.1:15095, 33f74daf-be7a-4306-b2af-53e409c4cb93|127.0.0.1:15087, d7d8cf72-b9f6-4979-9c53-007dd6e6e48a|127.0.0.1:15103]|listeners:[], old=null}, confs=<EMPTY_MAP>
2025-10-20 19:49:57,925 [d7d8cf72-b9f6-4979-9c53-007dd6e6e48a-groupManagement] INFO  server.RaftServerConfigKeys (ConfUtils.java:logGet(62)) - raft.server.storage.dir = [/home/runner/work/ozone/ozone/hadoop-ozone/integration-test/target/test-dir/MiniOzoneClusterImpl-6935df51-69ff-4c35-8bd4-ed2b81d70e54/ozone-metadata/datanode-12/ratis] (custom)
2025-10-20 19:49:57,925 [d7d8cf72-b9f6-4979-9c53-007dd6e6e48a-groupManagement] INFO  storage.RaftStorageDirectory (RaftStorageDirectoryImpl.java:analyzeStorage(138)) - The storage directory /home/runner/work/ozone/ozone/hadoop-ozone/integration-test/target/test-dir/MiniOzoneClusterImpl-6935df51-69ff-4c35-8bd4-ed2b81d70e54/ozone-metadata/datanode-12/ratis/5efdd59f-8e2e-4baf-8c0a-c03b5cc8546f does not exist. Creating ...
2025-10-20 19:49:57,926 [d7d8cf72-b9f6-4979-9c53-007dd6e6e48a-groupManagement] INFO  storage.RaftStorageDirectory (RaftStorageDirectoryImpl.java:tryLock(229)) - Lock on /home/runner/work/ozone/ozone/hadoop-ozone/integration-test/target/test-dir/MiniOzoneClusterImpl-6935df51-69ff-4c35-8bd4-ed2b81d70e54/ozone-metadata/datanode-12/ratis/5efdd59f-8e2e-4baf-8c0a-c03b5cc8546f/in_use.lock acquired by nodename 12924@localhost
2025-10-20 19:49:57,927 [d7d8cf72-b9f6-4979-9c53-007dd6e6e48a-groupManagement] INFO  storage.RaftStorage (RaftStorageImpl.java:format(98)) - Storage directory /home/runner/work/ozone/ozone/hadoop-ozone/integration-test/target/test-dir/MiniOzoneClusterImpl-6935df51-69ff-4c35-8bd4-ed2b81d70e54/ozone-metadata/datanode-12/ratis/5efdd59f-8e2e-4baf-8c0a-c03b5cc8546f has been successfully formatted.
2025-10-20 19:49:57,927 [d7d8cf72-b9f6-4979-9c53-007dd6e6e48a-groupManagement] INFO  ratis.ContainerStateMachine (ContainerStateMachine.java:initialize(339)) - d7d8cf72-b9f6-4979-9c53-007dd6e6e48a: initialize group-C03B5CC8546F
2025-10-20 19:49:57,927 [d7d8cf72-b9f6-4979-9c53-007dd6e6e48a-groupManagement] INFO  ratis.ContainerStateMachine (ContainerStateMachine.java:loadSnapshot(347)) - group-C03B5CC8546F: The snapshot info is null. Setting the last applied index to:<INITIAL_VALUE>
2025-10-20 19:49:57,927 [d7d8cf72-b9f6-4979-9c53-007dd6e6e48a-groupManagement] INFO  server.RaftServerConfigKeys (ConfUtils.java:logGet(62)) - raft.server.log.appender.buffer.byte-limit = 33554432 (custom)
2025-10-20 19:49:57,929 | INFO  | SCMAudit | user=runner | ip=127.0.0.1 | op=SEND_HEARTBEAT {"datanodeUUID":"d7d8cf72-b9f6-4979-9c53-007dd6e6e48a","term":"2","command":"[]"} | ret=SUCCESS |  
2025-10-20 19:49:57,930 [d7d8cf72-b9f6-4979-9c53-007dd6e6e48a-groupManagement] INFO  server.RaftServerConfigKeys (ConfUtils.java:logGet(62)) - raft.server.log.segment.size.max = 67108864 (custom)
2025-10-20 19:49:57,930 [d7d8cf72-b9f6-4979-9c53-007dd6e6e48a-groupManagement] INFO  server.RaftServerConfigKeys (ConfUtils.java:logGet(62)) - raft.server.log.appender.buffer.byte-limit = 33554432 (custom)
2025-10-20 19:49:57,931 [d7d8cf72-b9f6-4979-9c53-007dd6e6e48a-groupManagement] INFO  util.AwaitToRun (AwaitToRun.java:start(81)) - Thread[#1688,d7d8cf72-b9f6-4979-9c53-007dd6e6e48a@group-C03B5CC8546F-cacheEviction-AwaitToRun,5,main] started
2025-10-20 19:49:57,931 [d7d8cf72-b9f6-4979-9c53-007dd6e6e48a-groupManagement] INFO  segmented.SegmentedRaftLogWorker (SegmentedRaftLogWorker.java:<init>(190)) - new d7d8cf72-b9f6-4979-9c53-007dd6e6e48a@group-C03B5CC8546F-SegmentedRaftLogWorker for RaftStorageImpl:Storage Directory /home/runner/work/ozone/ozone/hadoop-ozone/integration-test/target/test-dir/MiniOzoneClusterImpl-6935df51-69ff-4c35-8bd4-ed2b81d70e54/ozone-metadata/datanode-12/ratis/5efdd59f-8e2e-4baf-8c0a-c03b5cc8546f
2025-10-20 19:49:57,931 [d7d8cf72-b9f6-4979-9c53-007dd6e6e48a-groupManagement] INFO  server.RaftServerConfigKeys (ConfUtils.java:logGet(62)) - raft.server.log.queue.byte-limit = 4294967296 (custom)
2025-10-20 19:49:57,931 [d7d8cf72-b9f6-4979-9c53-007dd6e6e48a-groupManagement] INFO  server.RaftServerConfigKeys (ConfUtils.java:logGet(62)) - raft.server.log.segment.size.max = 67108864 (custom)
2025-10-20 19:49:57,931 [d7d8cf72-b9f6-4979-9c53-007dd6e6e48a-groupManagement] INFO  server.RaftServerConfigKeys (ConfUtils.java:logGet(62)) - raft.server.log.preallocated.size = 4194304 (custom)
2025-10-20 19:49:57,932 [d7d8cf72-b9f6-4979-9c53-007dd6e6e48a-groupManagement] INFO  server.RaftServerConfigKeys (ConfUtils.java:logGet(62)) - raft.server.log.write.buffer.size = 33554440 (custom)
2025-10-20 19:49:57,938 [d7d8cf72-b9f6-4979-9c53-007dd6e6e48a-groupManagement] INFO  server.RaftServerConfigKeys (ConfUtils.java:logGet(62)) - raft.server.log.appender.buffer.byte-limit = 33554432 (custom)
2025-10-20 19:49:57,939 [d7d8cf72-b9f6-4979-9c53-007dd6e6e48a-groupManagement] INFO  segmented.SegmentedRaftLogWorker (SegmentedRaftLogWorker.java:lambda$new$0(141)) - d7d8cf72-b9f6-4979-9c53-007dd6e6e48a@group-C03B5CC8546F-SegmentedRaftLogWorker: flushIndex: setUnconditionally 0 -> -1
2025-10-20 19:49:57,939 [d7d8cf72-b9f6-4979-9c53-007dd6e6e48a-groupManagement] INFO  segmented.SegmentedRaftLogWorker (SegmentedRaftLogWorker.java:lambda$new$0(141)) - d7d8cf72-b9f6-4979-9c53-007dd6e6e48a@group-C03B5CC8546F-SegmentedRaftLogWorker: safeCacheEvictIndex: setUnconditionally 0 -> -1
2025-10-20 19:49:57,939 [d7d8cf72-b9f6-4979-9c53-007dd6e6e48a-groupManagement] INFO  server.RaftServer$Division (RaftServerImpl.java:start(405)) - d7d8cf72-b9f6-4979-9c53-007dd6e6e48a@group-C03B5CC8546F: start as a follower, conf=conf: {index: -1, cur=peers:[4f2bb3f5-0e03-4f1b-bb4c-79c91b98c7da|127.0.0.1:15095, 33f74daf-be7a-4306-b2af-53e409c4cb93|127.0.0.1:15087, d7d8cf72-b9f6-4979-9c53-007dd6e6e48a|127.0.0.1:15103]|listeners:[], old=null}
2025-10-20 19:49:57,939 [d7d8cf72-b9f6-4979-9c53-007dd6e6e48a-groupManagement] INFO  server.RaftServer$Division (RaftServerImpl.java:setRole(392)) - d7d8cf72-b9f6-4979-9c53-007dd6e6e48a@group-C03B5CC8546F: changes role from      null to FOLLOWER at term 0 for startAsFollower
2025-10-20 19:49:57,939 [d7d8cf72-b9f6-4979-9c53-007dd6e6e48a-groupManagement] INFO  impl.RoleInfo (RoleInfo.java:updateAndGet(148)) - d7d8cf72-b9f6-4979-9c53-007dd6e6e48a: start d7d8cf72-b9f6-4979-9c53-007dd6e6e48a@group-C03B5CC8546F-FollowerState
2025-10-20 19:49:57,940 [d7d8cf72-b9f6-4979-9c53-007dd6e6e48a-groupManagement] INFO  util.JmxRegister (JmxRegister.java:tryRegister(44)) - Successfully registered JMX Bean with object name Ratis:service=RaftServer,group=group-C03B5CC8546F,id=d7d8cf72-b9f6-4979-9c53-007dd6e6e48a
2025-10-20 19:49:57,940 [d7d8cf72-b9f6-4979-9c53-007dd6e6e48a-groupManagement] INFO  util.JmxRegister (JmxRegister.java:register(58)) - register mxBean class org.apache.ratis.server.impl.RaftServerJmxAdapter as Ratis:service=RaftServer,group=group-C03B5CC8546F,id=d7d8cf72-b9f6-4979-9c53-007dd6e6e48a
2025-10-20 19:49:57,941 [d7d8cf72-b9f6-4979-9c53-007dd6e6e48a-groupManagement] INFO  server.RaftServer$Division (RaftServerImpl.java:start(419)) - d7d8cf72-b9f6-4979-9c53-007dd6e6e48a@group-C03B5CC8546F: Successfully started.
2025-10-20 19:49:57,945 [4f2bb3f5-0e03-4f1b-bb4c-79c91b98c7da-CreatePipelineCommandHandlerThread-0] INFO  commandhandler.CreatePipelineCommandHandler (CreatePipelineCommandHandler.java:lambda$handle$2(141)) - Created Pipeline RATIS THREE Pipeline-5efdd59f-8e2e-4baf-8c0a-c03b5cc8546f.
2025-10-20 19:49:57,945 [4f2bb3f5-0e03-4f1b-bb4c-79c91b98c7da-CreatePipelineCommandHandlerThread-0] INFO  server.RaftServer (RaftServerProxy.java:addNew(105)) - 4f2bb3f5-0e03-4f1b-bb4c-79c91b98c7da: addNew group-B3B02EAB42DA:[4f2bb3f5-0e03-4f1b-bb4c-79c91b98c7da|127.0.0.1:15095, 33f74daf-be7a-4306-b2af-53e409c4cb93|127.0.0.1:15087, d7d8cf72-b9f6-4979-9c53-007dd6e6e48a|127.0.0.1:15103] returns group-B3B02EAB42DA:java.util.concurrent.CompletableFuture@39245f7b[Not completed]
2025-10-20 19:49:57,947 [4f2bb3f5-0e03-4f1b-bb4c-79c91b98c7da-groupManagement] INFO  server.RaftServer$Division (RaftServerImpl.java:<init>(268)) - 4f2bb3f5-0e03-4f1b-bb4c-79c91b98c7da: new RaftServerImpl for group-B3B02EAB42DA:[4f2bb3f5-0e03-4f1b-bb4c-79c91b98c7da|127.0.0.1:15095, 33f74daf-be7a-4306-b2af-53e409c4cb93|127.0.0.1:15087, d7d8cf72-b9f6-4979-9c53-007dd6e6e48a|127.0.0.1:15103] with ContainerStateMachine:uninitialized
2025-10-20 19:49:57,947 [4f2bb3f5-0e03-4f1b-bb4c-79c91b98c7da-groupManagement] INFO  server.RaftServer$Division (ServerState.java:<init>(114)) - 4f2bb3f5-0e03-4f1b-bb4c-79c91b98c7da@group-B3B02EAB42DA: ConfigurationManager, init=conf: {index: -1, cur=peers:[4f2bb3f5-0e03-4f1b-bb4c-79c91b98c7da|127.0.0.1:15095, 33f74daf-be7a-4306-b2af-53e409c4cb93|127.0.0.1:15087, d7d8cf72-b9f6-4979-9c53-007dd6e6e48a|127.0.0.1:15103]|listeners:[], old=null}, confs=<EMPTY_MAP>
2025-10-20 19:49:57,954 [4f2bb3f5-0e03-4f1b-bb4c-79c91b98c7da-groupManagement] INFO  server.RaftServerConfigKeys (ConfUtils.java:logGet(62)) - raft.server.storage.dir = [/home/runner/work/ozone/ozone/hadoop-ozone/integration-test/target/test-dir/MiniOzoneClusterImpl-6935df51-69ff-4c35-8bd4-ed2b81d70e54/ozone-metadata/datanode-11/ratis] (custom)
2025-10-20 19:49:57,955 [4f2bb3f5-0e03-4f1b-bb4c-79c91b98c7da-groupManagement] INFO  storage.RaftStorageDirectory (RaftStorageDirectoryImpl.java:analyzeStorage(138)) - The storage directory /home/runner/work/ozone/ozone/hadoop-ozone/integration-test/target/test-dir/MiniOzoneClusterImpl-6935df51-69ff-4c35-8bd4-ed2b81d70e54/ozone-metadata/datanode-11/ratis/b4f9a051-00c4-4798-8265-b3b02eab42da does not exist. Creating ...
2025-10-20 19:49:57,956 [4f2bb3f5-0e03-4f1b-bb4c-79c91b98c7da-groupManagement] INFO  storage.RaftStorageDirectory (RaftStorageDirectoryImpl.java:tryLock(229)) - Lock on /home/runner/work/ozone/ozone/hadoop-ozone/integration-test/target/test-dir/MiniOzoneClusterImpl-6935df51-69ff-4c35-8bd4-ed2b81d70e54/ozone-metadata/datanode-11/ratis/b4f9a051-00c4-4798-8265-b3b02eab42da/in_use.lock acquired by nodename 12924@localhost
2025-10-20 19:49:57,957 [4f2bb3f5-0e03-4f1b-bb4c-79c91b98c7da-groupManagement] INFO  storage.RaftStorage (RaftStorageImpl.java:format(98)) - Storage directory /home/runner/work/ozone/ozone/hadoop-ozone/integration-test/target/test-dir/MiniOzoneClusterImpl-6935df51-69ff-4c35-8bd4-ed2b81d70e54/ozone-metadata/datanode-11/ratis/b4f9a051-00c4-4798-8265-b3b02eab42da has been successfully formatted.
2025-10-20 19:49:57,959 [4f2bb3f5-0e03-4f1b-bb4c-79c91b98c7da-groupManagement] INFO  ratis.ContainerStateMachine (ContainerStateMachine.java:initialize(339)) - 4f2bb3f5-0e03-4f1b-bb4c-79c91b98c7da: initialize group-B3B02EAB42DA
2025-10-20 19:49:57,959 [4f2bb3f5-0e03-4f1b-bb4c-79c91b98c7da-groupManagement] INFO  ratis.ContainerStateMachine (ContainerStateMachine.java:loadSnapshot(347)) - group-B3B02EAB42DA: The snapshot info is null. Setting the last applied index to:<INITIAL_VALUE>
2025-10-20 19:49:57,959 [4f2bb3f5-0e03-4f1b-bb4c-79c91b98c7da-groupManagement] INFO  server.RaftServerConfigKeys (ConfUtils.java:logGet(62)) - raft.server.log.appender.buffer.byte-limit = 33554432 (custom)
2025-10-20 19:49:57,960 | INFO  | SCMAudit | user=runner | ip=127.0.0.1 | op=SEND_HEARTBEAT {"datanodeUUID":"4f2bb3f5-0e03-4f1b-bb4c-79c91b98c7da","term":"2","command":"[]"} | ret=SUCCESS |  
2025-10-20 19:49:57,963 [4f2bb3f5-0e03-4f1b-bb4c-79c91b98c7da-groupManagement] INFO  server.RaftServerConfigKeys (ConfUtils.java:logGet(62)) - raft.server.log.segment.size.max = 67108864 (custom)
2025-10-20 19:49:57,964 [4f2bb3f5-0e03-4f1b-bb4c-79c91b98c7da-groupManagement] INFO  server.RaftServerConfigKeys (ConfUtils.java:logGet(62)) - raft.server.log.appender.buffer.byte-limit = 33554432 (custom)
2025-10-20 19:49:57,964 [4f2bb3f5-0e03-4f1b-bb4c-79c91b98c7da-groupManagement] INFO  util.AwaitToRun (AwaitToRun.java:start(81)) - Thread[#1695,4f2bb3f5-0e03-4f1b-bb4c-79c91b98c7da@group-B3B02EAB42DA-cacheEviction-AwaitToRun,5,main] started
2025-10-20 19:49:57,964 [4f2bb3f5-0e03-4f1b-bb4c-79c91b98c7da-groupManagement] INFO  segmented.SegmentedRaftLogWorker (SegmentedRaftLogWorker.java:<init>(190)) - new 4f2bb3f5-0e03-4f1b-bb4c-79c91b98c7da@group-B3B02EAB42DA-SegmentedRaftLogWorker for RaftStorageImpl:Storage Directory /home/runner/work/ozone/ozone/hadoop-ozone/integration-test/target/test-dir/MiniOzoneClusterImpl-6935df51-69ff-4c35-8bd4-ed2b81d70e54/ozone-metadata/datanode-11/ratis/b4f9a051-00c4-4798-8265-b3b02eab42da
2025-10-20 19:49:57,964 [4f2bb3f5-0e03-4f1b-bb4c-79c91b98c7da-groupManagement] INFO  server.RaftServerConfigKeys (ConfUtils.java:logGet(62)) - raft.server.log.queue.byte-limit = 4294967296 (custom)
2025-10-20 19:49:57,964 [4f2bb3f5-0e03-4f1b-bb4c-79c91b98c7da-groupManagement] INFO  server.RaftServerConfigKeys (ConfUtils.java:logGet(62)) - raft.server.log.segment.size.max = 67108864 (custom)
2025-10-20 19:49:57,964 [4f2bb3f5-0e03-4f1b-bb4c-79c91b98c7da-groupManagement] INFO  server.RaftServerConfigKeys (ConfUtils.java:logGet(62)) - raft.server.log.preallocated.size = 4194304 (custom)
2025-10-20 19:49:57,965 [4f2bb3f5-0e03-4f1b-bb4c-79c91b98c7da-groupManagement] INFO  server.RaftServerConfigKeys (ConfUtils.java:logGet(62)) - raft.server.log.write.buffer.size = 33554440 (custom)
2025-10-20 19:49:57,973 [4f2bb3f5-0e03-4f1b-bb4c-79c91b98c7da-groupManagement] INFO  server.RaftServerConfigKeys (ConfUtils.java:logGet(62)) - raft.server.log.appender.buffer.byte-limit = 33554432 (custom)
2025-10-20 19:49:57,973 [4f2bb3f5-0e03-4f1b-bb4c-79c91b98c7da-groupManagement] INFO  segmented.SegmentedRaftLogWorker (SegmentedRaftLogWorker.java:lambda$new$0(141)) - 4f2bb3f5-0e03-4f1b-bb4c-79c91b98c7da@group-B3B02EAB42DA-SegmentedRaftLogWorker: flushIndex: setUnconditionally 0 -> -1
2025-10-20 19:49:57,973 [4f2bb3f5-0e03-4f1b-bb4c-79c91b98c7da-groupManagement] INFO  segmented.SegmentedRaftLogWorker (SegmentedRaftLogWorker.java:lambda$new$0(141)) - 4f2bb3f5-0e03-4f1b-bb4c-79c91b98c7da@group-B3B02EAB42DA-SegmentedRaftLogWorker: safeCacheEvictIndex: setUnconditionally 0 -> -1
2025-10-20 19:49:57,974 [4f2bb3f5-0e03-4f1b-bb4c-79c91b98c7da-groupManagement] INFO  server.RaftServer$Division (RaftServerImpl.java:start(405)) - 4f2bb3f5-0e03-4f1b-bb4c-79c91b98c7da@group-B3B02EAB42DA: start as a follower, conf=conf: {index: -1, cur=peers:[4f2bb3f5-0e03-4f1b-bb4c-79c91b98c7da|127.0.0.1:15095, 33f74daf-be7a-4306-b2af-53e409c4cb93|127.0.0.1:15087, d7d8cf72-b9f6-4979-9c53-007dd6e6e48a|127.0.0.1:15103]|listeners:[], old=null}
2025-10-20 19:49:57,974 [4f2bb3f5-0e03-4f1b-bb4c-79c91b98c7da-groupManagement] INFO  server.RaftServer$Division (RaftServerImpl.java:setRole(392)) - 4f2bb3f5-0e03-4f1b-bb4c-79c91b98c7da@group-B3B02EAB42DA: changes role from      null to FOLLOWER at term 0 for startAsFollower
2025-10-20 19:49:57,974 [4f2bb3f5-0e03-4f1b-bb4c-79c91b98c7da-groupManagement] INFO  impl.RoleInfo (RoleInfo.java:updateAndGet(148)) - 4f2bb3f5-0e03-4f1b-bb4c-79c91b98c7da: start 4f2bb3f5-0e03-4f1b-bb4c-79c91b98c7da@group-B3B02EAB42DA-FollowerState
2025-10-20 19:49:57,974 [4f2bb3f5-0e03-4f1b-bb4c-79c91b98c7da-groupManagement] INFO  util.JmxRegister (JmxRegister.java:tryRegister(44)) - Successfully registered JMX Bean with object name Ratis:service=RaftServer,group=group-B3B02EAB42DA,id=4f2bb3f5-0e03-4f1b-bb4c-79c91b98c7da
2025-10-20 19:49:57,974 [4f2bb3f5-0e03-4f1b-bb4c-79c91b98c7da-groupManagement] INFO  util.JmxRegister (JmxRegister.java:register(58)) - register mxBean class org.apache.ratis.server.impl.RaftServerJmxAdapter as Ratis:service=RaftServer,group=group-B3B02EAB42DA,id=4f2bb3f5-0e03-4f1b-bb4c-79c91b98c7da
2025-10-20 19:49:57,975 [4f2bb3f5-0e03-4f1b-bb4c-79c91b98c7da-groupManagement] INFO  server.RaftServer$Division (RaftServerImpl.java:start(419)) - 4f2bb3f5-0e03-4f1b-bb4c-79c91b98c7da@group-B3B02EAB42DA: Successfully started.
2025-10-20 19:49:57,975 [4f2bb3f5-0e03-4f1b-bb4c-79c91b98c7da-CreatePipelineCommandHandlerThread-0] INFO  ratis.XceiverServerRatis (XceiverServerRatis.java:addGroup(839)) - Created group Pipeline-b4f9a051-00c4-4798-8265-b3b02eab42da
2025-10-20 19:49:57,983 [grpc-default-executor-1] INFO  server.RaftServer (RaftServerProxy.java:addNew(105)) - 33f74daf-be7a-4306-b2af-53e409c4cb93: addNew group-B3B02EAB42DA:[4f2bb3f5-0e03-4f1b-bb4c-79c91b98c7da|127.0.0.1:15095, 33f74daf-be7a-4306-b2af-53e409c4cb93|127.0.0.1:15087, d7d8cf72-b9f6-4979-9c53-007dd6e6e48a|127.0.0.1:15103] returns group-B3B02EAB42DA:java.util.concurrent.CompletableFuture@69f9c337[Not completed]
2025-10-20 19:49:57,985 [33f74daf-be7a-4306-b2af-53e409c4cb93-groupManagement] INFO  server.RaftServer$Division (RaftServerImpl.java:<init>(268)) - 33f74daf-be7a-4306-b2af-53e409c4cb93: new RaftServerImpl for group-B3B02EAB42DA:[4f2bb3f5-0e03-4f1b-bb4c-79c91b98c7da|127.0.0.1:15095, 33f74daf-be7a-4306-b2af-53e409c4cb93|127.0.0.1:15087, d7d8cf72-b9f6-4979-9c53-007dd6e6e48a|127.0.0.1:15103] with ContainerStateMachine:uninitialized
2025-10-20 19:49:57,986 [33f74daf-be7a-4306-b2af-53e409c4cb93-groupManagement] INFO  server.RaftServer$Division (ServerState.java:<init>(114)) - 33f74daf-be7a-4306-b2af-53e409c4cb93@group-B3B02EAB42DA: ConfigurationManager, init=conf: {index: -1, cur=peers:[4f2bb3f5-0e03-4f1b-bb4c-79c91b98c7da|127.0.0.1:15095, 33f74daf-be7a-4306-b2af-53e409c4cb93|127.0.0.1:15087, d7d8cf72-b9f6-4979-9c53-007dd6e6e48a|127.0.0.1:15103]|listeners:[], old=null}, confs=<EMPTY_MAP>
2025-10-20 19:49:57,991 [33f74daf-be7a-4306-b2af-53e409c4cb93-groupManagement] INFO  server.RaftServerConfigKeys (ConfUtils.java:logGet(62)) - raft.server.storage.dir = [/home/runner/work/ozone/ozone/hadoop-ozone/integration-test/target/test-dir/MiniOzoneClusterImpl-6935df51-69ff-4c35-8bd4-ed2b81d70e54/ozone-metadata/datanode-10/ratis] (custom)
2025-10-20 19:49:57,992 [33f74daf-be7a-4306-b2af-53e409c4cb93-groupManagement] INFO  storage.RaftStorageDirectory (RaftStorageDirectoryImpl.java:analyzeStorage(138)) - The storage directory /home/runner/work/ozone/ozone/hadoop-ozone/integration-test/target/test-dir/MiniOzoneClusterImpl-6935df51-69ff-4c35-8bd4-ed2b81d70e54/ozone-metadata/datanode-10/ratis/b4f9a051-00c4-4798-8265-b3b02eab42da does not exist. Creating ...
2025-10-20 19:49:57,993 [33f74daf-be7a-4306-b2af-53e409c4cb93-groupManagement] INFO  storage.RaftStorageDirectory (RaftStorageDirectoryImpl.java:tryLock(229)) - Lock on /home/runner/work/ozone/ozone/hadoop-ozone/integration-test/target/test-dir/MiniOzoneClusterImpl-6935df51-69ff-4c35-8bd4-ed2b81d70e54/ozone-metadata/datanode-10/ratis/b4f9a051-00c4-4798-8265-b3b02eab42da/in_use.lock acquired by nodename 12924@localhost
2025-10-20 19:49:57,994 [33f74daf-be7a-4306-b2af-53e409c4cb93-groupManagement] INFO  storage.RaftStorage (RaftStorageImpl.java:format(98)) - Storage directory /home/runner/work/ozone/ozone/hadoop-ozone/integration-test/target/test-dir/MiniOzoneClusterImpl-6935df51-69ff-4c35-8bd4-ed2b81d70e54/ozone-metadata/datanode-10/ratis/b4f9a051-00c4-4798-8265-b3b02eab42da has been successfully formatted.
2025-10-20 19:49:57,995 [33f74daf-be7a-4306-b2af-53e409c4cb93-groupManagement] INFO  ratis.ContainerStateMachine (ContainerStateMachine.java:initialize(339)) - 33f74daf-be7a-4306-b2af-53e409c4cb93: initialize group-B3B02EAB42DA
2025-10-20 19:49:57,995 [33f74daf-be7a-4306-b2af-53e409c4cb93-groupManagement] INFO  ratis.ContainerStateMachine (ContainerStateMachine.java:loadSnapshot(347)) - group-B3B02EAB42DA: The snapshot info is null. Setting the last applied index to:<INITIAL_VALUE>
2025-10-20 19:49:57,995 [33f74daf-be7a-4306-b2af-53e409c4cb93-groupManagement] INFO  server.RaftServerConfigKeys (ConfUtils.java:logGet(62)) - raft.server.log.appender.buffer.byte-limit = 33554432 (custom)
2025-10-20 19:49:57,998 [33f74daf-be7a-4306-b2af-53e409c4cb93-groupManagement] INFO  server.RaftServerConfigKeys (ConfUtils.java:logGet(62)) - raft.server.log.segment.size.max = 67108864 (custom)
2025-10-20 19:49:57,998 | INFO  | SCMAudit | user=runner | ip=127.0.0.1 | op=SEND_HEARTBEAT {"datanodeUUID":"33f74daf-be7a-4306-b2af-53e409c4cb93","term":"2","command":"[]"} | ret=SUCCESS |  
2025-10-20 19:49:57,998 [33f74daf-be7a-4306-b2af-53e409c4cb93-groupManagement] INFO  server.RaftServerConfigKeys (ConfUtils.java:logGet(62)) - raft.server.log.appender.buffer.byte-limit = 33554432 (custom)
2025-10-20 19:49:57,999 [33f74daf-be7a-4306-b2af-53e409c4cb93-groupManagement] INFO  util.AwaitToRun (AwaitToRun.java:start(81)) - Thread[#1699,33f74daf-be7a-4306-b2af-53e409c4cb93@group-B3B02EAB42DA-cacheEviction-AwaitToRun,5,main] started
2025-10-20 19:49:57,999 [33f74daf-be7a-4306-b2af-53e409c4cb93-groupManagement] INFO  segmented.SegmentedRaftLogWorker (SegmentedRaftLogWorker.java:<init>(190)) - new 33f74daf-be7a-4306-b2af-53e409c4cb93@group-B3B02EAB42DA-SegmentedRaftLogWorker for RaftStorageImpl:Storage Directory /home/runner/work/ozone/ozone/hadoop-ozone/integration-test/target/test-dir/MiniOzoneClusterImpl-6935df51-69ff-4c35-8bd4-ed2b81d70e54/ozone-metadata/datanode-10/ratis/b4f9a051-00c4-4798-8265-b3b02eab42da
2025-10-20 19:49:57,999 [33f74daf-be7a-4306-b2af-53e409c4cb93-groupManagement] INFO  server.RaftServerConfigKeys (ConfUtils.java:logGet(62)) - raft.server.log.queue.byte-limit = 4294967296 (custom)
2025-10-20 19:49:57,999 [33f74daf-be7a-4306-b2af-53e409c4cb93-groupManagement] INFO  server.RaftServerConfigKeys (ConfUtils.java:logGet(62)) - raft.server.log.segment.size.max = 67108864 (custom)
2025-10-20 19:49:57,999 [33f74daf-be7a-4306-b2af-53e409c4cb93-groupManagement] INFO  server.RaftServerConfigKeys (ConfUtils.java:logGet(62)) - raft.server.log.preallocated.size = 4194304 (custom)
2025-10-20 19:49:57,999 [33f74daf-be7a-4306-b2af-53e409c4cb93-groupManagement] INFO  server.RaftServerConfigKeys (ConfUtils.java:logGet(62)) - raft.server.log.write.buffer.size = 33554440 (custom)
2025-10-20 19:49:58,007 [33f74daf-be7a-4306-b2af-53e409c4cb93-groupManagement] INFO  server.RaftServerConfigKeys (ConfUtils.java:logGet(62)) - raft.server.log.appender.buffer.byte-limit = 33554432 (custom)
2025-10-20 19:49:58,007 [33f74daf-be7a-4306-b2af-53e409c4cb93-groupManagement] INFO  segmented.SegmentedRaftLogWorker (SegmentedRaftLogWorker.java:lambda$new$0(141)) - 33f74daf-be7a-4306-b2af-53e409c4cb93@group-B3B02EAB42DA-SegmentedRaftLogWorker: flushIndex: setUnconditionally 0 -> -1
2025-10-20 19:49:58,007 [33f74daf-be7a-4306-b2af-53e409c4cb93-groupManagement] INFO  segmented.SegmentedRaftLogWorker (SegmentedRaftLogWorker.java:lambda$new$0(141)) - 33f74daf-be7a-4306-b2af-53e409c4cb93@group-B3B02EAB42DA-SegmentedRaftLogWorker: safeCacheEvictIndex: setUnconditionally 0 -> -1
2025-10-20 19:49:58,008 [33f74daf-be7a-4306-b2af-53e409c4cb93-groupManagement] INFO  server.RaftServer$Division (RaftServerImpl.java:start(405)) - 33f74daf-be7a-4306-b2af-53e409c4cb93@group-B3B02EAB42DA: start as a follower, conf=conf: {index: -1, cur=peers:[4f2bb3f5-0e03-4f1b-bb4c-79c91b98c7da|127.0.0.1:15095, 33f74daf-be7a-4306-b2af-53e409c4cb93|127.0.0.1:15087, d7d8cf72-b9f6-4979-9c53-007dd6e6e48a|127.0.0.1:15103]|listeners:[], old=null}
2025-10-20 19:49:58,008 [33f74daf-be7a-4306-b2af-53e409c4cb93-groupManagement] INFO  server.RaftServer$Division (RaftServerImpl.java:setRole(392)) - 33f74daf-be7a-4306-b2af-53e409c4cb93@group-B3B02EAB42DA: changes role from      null to FOLLOWER at term 0 for startAsFollower
2025-10-20 19:49:58,008 [33f74daf-be7a-4306-b2af-53e409c4cb93-groupManagement] INFO  impl.RoleInfo (RoleInfo.java:updateAndGet(148)) - 33f74daf-be7a-4306-b2af-53e409c4cb93: start 33f74daf-be7a-4306-b2af-53e409c4cb93@group-B3B02EAB42DA-FollowerState
2025-10-20 19:49:58,009 [33f74daf-be7a-4306-b2af-53e409c4cb93-groupManagement] INFO  util.JmxRegister (JmxRegister.java:tryRegister(44)) - Successfully registered JMX Bean with object name Ratis:service=RaftServer,group=group-B3B02EAB42DA,id=33f74daf-be7a-4306-b2af-53e409c4cb93
2025-10-20 19:49:58,009 [33f74daf-be7a-4306-b2af-53e409c4cb93-groupManagement] INFO  util.JmxRegister (JmxRegister.java:register(58)) - register mxBean class org.apache.ratis.server.impl.RaftServerJmxAdapter as Ratis:service=RaftServer,group=group-B3B02EAB42DA,id=33f74daf-be7a-4306-b2af-53e409c4cb93
2025-10-20 19:49:58,010 [33f74daf-be7a-4306-b2af-53e409c4cb93-groupManagement] INFO  server.RaftServer$Division (RaftServerImpl.java:start(419)) - 33f74daf-be7a-4306-b2af-53e409c4cb93@group-B3B02EAB42DA: Successfully started.
2025-10-20 19:49:58,019 [grpc-default-executor-1] INFO  server.RaftServer (RaftServerProxy.java:addNew(105)) - d7d8cf72-b9f6-4979-9c53-007dd6e6e48a: addNew group-B3B02EAB42DA:[4f2bb3f5-0e03-4f1b-bb4c-79c91b98c7da|127.0.0.1:15095, 33f74daf-be7a-4306-b2af-53e409c4cb93|127.0.0.1:15087, d7d8cf72-b9f6-4979-9c53-007dd6e6e48a|127.0.0.1:15103] returns group-B3B02EAB42DA:java.util.concurrent.CompletableFuture@5751cd8c[Not completed]
2025-10-20 19:49:58,021 [d7d8cf72-b9f6-4979-9c53-007dd6e6e48a-groupManagement] INFO  server.RaftServer$Division (RaftServerImpl.java:<init>(268)) - d7d8cf72-b9f6-4979-9c53-007dd6e6e48a: new RaftServerImpl for group-B3B02EAB42DA:[4f2bb3f5-0e03-4f1b-bb4c-79c91b98c7da|127.0.0.1:15095, 33f74daf-be7a-4306-b2af-53e409c4cb93|127.0.0.1:15087, d7d8cf72-b9f6-4979-9c53-007dd6e6e48a|127.0.0.1:15103] with ContainerStateMachine:uninitialized
2025-10-20 19:49:58,021 [d7d8cf72-b9f6-4979-9c53-007dd6e6e48a-groupManagement] INFO  server.RaftServer$Division (ServerState.java:<init>(114)) - d7d8cf72-b9f6-4979-9c53-007dd6e6e48a@group-B3B02EAB42DA: ConfigurationManager, init=conf: {index: -1, cur=peers:[4f2bb3f5-0e03-4f1b-bb4c-79c91b98c7da|127.0.0.1:15095, 33f74daf-be7a-4306-b2af-53e409c4cb93|127.0.0.1:15087, d7d8cf72-b9f6-4979-9c53-007dd6e6e48a|127.0.0.1:15103]|listeners:[], old=null}, confs=<EMPTY_MAP>
2025-10-20 19:49:58,024 [ForkJoinPool-1-worker-1] INFO  ozone.MiniOzoneClusterImpl (MiniOzoneClusterImpl.java:lambda$waitForClusterToBeReady$0(181)) - Nodes are ready. Got 14 of 14 DN Heartbeats.
2025-10-20 19:49:58,025 [ForkJoinPool-1-worker-1] INFO  ozone.MiniOzoneClusterImpl (MiniOzoneClusterImpl.java:lambda$waitForClusterToBeReady$0(184)) - Cluster exits safe mode
2025-10-20 19:49:58,025 [ForkJoinPool-1-worker-1] INFO  ozone.MiniOzoneClusterImpl (MiniOzoneClusterImpl.java:lambda$waitForClusterToBeReady$0(186)) - SCM became leader
2025-10-20 19:49:58,027 [d7d8cf72-b9f6-4979-9c53-007dd6e6e48a-groupManagement] INFO  server.RaftServerConfigKeys (ConfUtils.java:logGet(62)) - raft.server.storage.dir = [/home/runner/work/ozone/ozone/hadoop-ozone/integration-test/target/test-dir/MiniOzoneClusterImpl-6935df51-69ff-4c35-8bd4-ed2b81d70e54/ozone-metadata/datanode-12/ratis] (custom)
2025-10-20 19:49:58,028 [d7d8cf72-b9f6-4979-9c53-007dd6e6e48a-groupManagement] INFO  storage.RaftStorageDirectory (RaftStorageDirectoryImpl.java:analyzeStorage(138)) - The storage directory /home/runner/work/ozone/ozone/hadoop-ozone/integration-test/target/test-dir/MiniOzoneClusterImpl-6935df51-69ff-4c35-8bd4-ed2b81d70e54/ozone-metadata/datanode-12/ratis/b4f9a051-00c4-4798-8265-b3b02eab42da does not exist. Creating ...
2025-10-20 19:49:58,029 [d7d8cf72-b9f6-4979-9c53-007dd6e6e48a-groupManagement] INFO  storage.RaftStorageDirectory (RaftStorageDirectoryImpl.java:tryLock(229)) - Lock on /home/runner/work/ozone/ozone/hadoop-ozone/integration-test/target/test-dir/MiniOzoneClusterImpl-6935df51-69ff-4c35-8bd4-ed2b81d70e54/ozone-metadata/datanode-12/ratis/b4f9a051-00c4-4798-8265-b3b02eab42da/in_use.lock acquired by nodename 12924@localhost
2025-10-20 19:49:58,031 [d7d8cf72-b9f6-4979-9c53-007dd6e6e48a-groupManagement] INFO  storage.RaftStorage (RaftStorageImpl.java:format(98)) - Storage directory /home/runner/work/ozone/ozone/hadoop-ozone/integration-test/target/test-dir/MiniOzoneClusterImpl-6935df51-69ff-4c35-8bd4-ed2b81d70e54/ozone-metadata/datanode-12/ratis/b4f9a051-00c4-4798-8265-b3b02eab42da has been successfully formatted.
2025-10-20 19:49:58,031 [d7d8cf72-b9f6-4979-9c53-007dd6e6e48a-groupManagement] INFO  ratis.ContainerStateMachine (ContainerStateMachine.java:initialize(339)) - d7d8cf72-b9f6-4979-9c53-007dd6e6e48a: initialize group-B3B02EAB42DA
2025-10-20 19:49:58,031 [d7d8cf72-b9f6-4979-9c53-007dd6e6e48a-groupManagement] INFO  ratis.ContainerStateMachine (ContainerStateMachine.java:loadSnapshot(347)) - group-B3B02EAB42DA: The snapshot info is null. Setting the last applied index to:<INITIAL_VALUE>
2025-10-20 19:49:58,032 [d7d8cf72-b9f6-4979-9c53-007dd6e6e48a-groupManagement] INFO  server.RaftServerConfigKeys (ConfUtils.java:logGet(62)) - raft.server.log.appender.buffer.byte-limit = 33554432 (custom)
2025-10-20 19:49:58,034 [d7d8cf72-b9f6-4979-9c53-007dd6e6e48a-groupManagement] INFO  server.RaftServerConfigKeys (ConfUtils.java:logGet(62)) - raft.server.log.segment.size.max = 67108864 (custom)
2025-10-20 19:49:58,034 [d7d8cf72-b9f6-4979-9c53-007dd6e6e48a-groupManagement] INFO  server.RaftServerConfigKeys (ConfUtils.java:logGet(62)) - raft.server.log.appender.buffer.byte-limit = 33554432 (custom)
2025-10-20 19:49:58,035 [d7d8cf72-b9f6-4979-9c53-007dd6e6e48a-groupManagement] INFO  util.AwaitToRun (AwaitToRun.java:start(81)) - Thread[#1707,d7d8cf72-b9f6-4979-9c53-007dd6e6e48a@group-B3B02EAB42DA-cacheEviction-AwaitToRun,5,main] started
2025-10-20 19:49:58,035 | INFO  | SCMAudit | user=runner | ip=127.0.0.1 | op=SEND_HEARTBEAT {"datanodeUUID":"d7d8cf72-b9f6-4979-9c53-007dd6e6e48a","term":"2","command":"[]"} | ret=SUCCESS |  
2025-10-20 19:49:58,036 [d7d8cf72-b9f6-4979-9c53-007dd6e6e48a-groupManagement] INFO  segmented.SegmentedRaftLogWorker (SegmentedRaftLogWorker.java:<init>(190)) - new d7d8cf72-b9f6-4979-9c53-007dd6e6e48a@group-B3B02EAB42DA-SegmentedRaftLogWorker for RaftStorageImpl:Storage Directory /home/runner/work/ozone/ozone/hadoop-ozone/integration-test/target/test-dir/MiniOzoneClusterImpl-6935df51-69ff-4c35-8bd4-ed2b81d70e54/ozone-metadata/datanode-12/ratis/b4f9a051-00c4-4798-8265-b3b02eab42da
2025-10-20 19:49:58,036 [d7d8cf72-b9f6-4979-9c53-007dd6e6e48a-groupManagement] INFO  server.RaftServerConfigKeys (ConfUtils.java:logGet(62)) - raft.server.log.queue.byte-limit = 4294967296 (custom)
2025-10-20 19:49:58,036 [d7d8cf72-b9f6-4979-9c53-007dd6e6e48a-groupManagement] INFO  server.RaftServerConfigKeys (ConfUtils.java:logGet(62)) - raft.server.log.segment.size.max = 67108864 (custom)
2025-10-20 19:49:58,036 [d7d8cf72-b9f6-4979-9c53-007dd6e6e48a-groupManagement] INFO  server.RaftServerConfigKeys (ConfUtils.java:logGet(62)) - raft.server.log.preallocated.size = 4194304 (custom)
2025-10-20 19:49:58,037 [d7d8cf72-b9f6-4979-9c53-007dd6e6e48a-groupManagement] INFO  server.RaftServerConfigKeys (ConfUtils.java:logGet(62)) - raft.server.log.write.buffer.size = 33554440 (custom)
2025-10-20 19:49:58,044 [d7d8cf72-b9f6-4979-9c53-007dd6e6e48a-groupManagement] INFO  server.RaftServerConfigKeys (ConfUtils.java:logGet(62)) - raft.server.log.appender.buffer.byte-limit = 33554432 (custom)
2025-10-20 19:49:58,044 [d7d8cf72-b9f6-4979-9c53-007dd6e6e48a-groupManagement] INFO  segmented.SegmentedRaftLogWorker (SegmentedRaftLogWorker.java:lambda$new$0(141)) - d7d8cf72-b9f6-4979-9c53-007dd6e6e48a@group-B3B02EAB42DA-SegmentedRaftLogWorker: flushIndex: setUnconditionally 0 -> -1
2025-10-20 19:49:58,044 [d7d8cf72-b9f6-4979-9c53-007dd6e6e48a-groupManagement] INFO  segmented.SegmentedRaftLogWorker (SegmentedRaftLogWorker.java:lambda$new$0(141)) - d7d8cf72-b9f6-4979-9c53-007dd6e6e48a@group-B3B02EAB42DA-SegmentedRaftLogWorker: safeCacheEvictIndex: setUnconditionally 0 -> -1
2025-10-20 19:49:58,045 [d7d8cf72-b9f6-4979-9c53-007dd6e6e48a-groupManagement] INFO  server.RaftServer$Division (RaftServerImpl.java:start(405)) - d7d8cf72-b9f6-4979-9c53-007dd6e6e48a@group-B3B02EAB42DA: start as a follower, conf=conf: {index: -1, cur=peers:[4f2bb3f5-0e03-4f1b-bb4c-79c91b98c7da|127.0.0.1:15095, 33f74daf-be7a-4306-b2af-53e409c4cb93|127.0.0.1:15087, d7d8cf72-b9f6-4979-9c53-007dd6e6e48a|127.0.0.1:15103]|listeners:[], old=null}
2025-10-20 19:49:58,045 [d7d8cf72-b9f6-4979-9c53-007dd6e6e48a-groupManagement] INFO  server.RaftServer$Division (RaftServerImpl.java:setRole(392)) - d7d8cf72-b9f6-4979-9c53-007dd6e6e48a@group-B3B02EAB42DA: changes role from      null to FOLLOWER at term 0 for startAsFollower
2025-10-20 19:49:58,045 [d7d8cf72-b9f6-4979-9c53-007dd6e6e48a-groupManagement] INFO  impl.RoleInfo (RoleInfo.java:updateAndGet(148)) - d7d8cf72-b9f6-4979-9c53-007dd6e6e48a: start d7d8cf72-b9f6-4979-9c53-007dd6e6e48a@group-B3B02EAB42DA-FollowerState
2025-10-20 19:49:58,046 [d7d8cf72-b9f6-4979-9c53-007dd6e6e48a-groupManagement] INFO  util.JmxRegister (JmxRegister.java:tryRegister(44)) - Successfully registered JMX Bean with object name Ratis:service=RaftServer,group=group-B3B02EAB42DA,id=d7d8cf72-b9f6-4979-9c53-007dd6e6e48a
2025-10-20 19:49:58,046 [d7d8cf72-b9f6-4979-9c53-007dd6e6e48a-groupManagement] INFO  util.JmxRegister (JmxRegister.java:register(58)) - register mxBean class org.apache.ratis.server.impl.RaftServerJmxAdapter as Ratis:service=RaftServer,group=group-B3B02EAB42DA,id=d7d8cf72-b9f6-4979-9c53-007dd6e6e48a
2025-10-20 19:49:58,046 [d7d8cf72-b9f6-4979-9c53-007dd6e6e48a-groupManagement] INFO  server.RaftServer$Division (RaftServerImpl.java:start(419)) - d7d8cf72-b9f6-4979-9c53-007dd6e6e48a@group-B3B02EAB42DA: Successfully started.
2025-10-20 19:49:58,051 [4f2bb3f5-0e03-4f1b-bb4c-79c91b98c7da-CreatePipelineCommandHandlerThread-0] INFO  commandhandler.CreatePipelineCommandHandler (CreatePipelineCommandHandler.java:lambda$handle$2(141)) - Created Pipeline RATIS THREE Pipeline-b4f9a051-00c4-4798-8265-b3b02eab42da.
2025-10-20 19:49:58,113 [7bb0e7f0-2b36-4ec0-8a09-ceac75d91a36-CreatePipelineCommandHandlerThread-0] INFO  server.RaftServer (RaftServerProxy.java:addNew(105)) - 7bb0e7f0-2b36-4ec0-8a09-ceac75d91a36: addNew group-38280CCDE2DB:[7bb0e7f0-2b36-4ec0-8a09-ceac75d91a36|127.0.0.1:15071] returns group-38280CCDE2DB:java.util.concurrent.CompletableFuture@4cb6aa63[Not completed]
2025-10-20 19:49:58,114 [7bb0e7f0-2b36-4ec0-8a09-ceac75d91a36-groupManagement] INFO  server.RaftServer$Division (RaftServerImpl.java:<init>(268)) - 7bb0e7f0-2b36-4ec0-8a09-ceac75d91a36: new RaftServerImpl for group-38280CCDE2DB:[7bb0e7f0-2b36-4ec0-8a09-ceac75d91a36|127.0.0.1:15071] with ContainerStateMachine:uninitialized
2025-10-20 19:49:58,114 [7bb0e7f0-2b36-4ec0-8a09-ceac75d91a36-groupManagement] INFO  server.RaftServer$Division (ServerState.java:<init>(114)) - 7bb0e7f0-2b36-4ec0-8a09-ceac75d91a36@group-38280CCDE2DB: ConfigurationManager, init=conf: {index: -1, cur=peers:[7bb0e7f0-2b36-4ec0-8a09-ceac75d91a36|127.0.0.1:15071]|listeners:[], old=null}, confs=<EMPTY_MAP>
2025-10-20 19:49:58,119 [7bb0e7f0-2b36-4ec0-8a09-ceac75d91a36-groupManagement] INFO  server.RaftServerConfigKeys (ConfUtils.java:logGet(62)) - raft.server.storage.dir = [/home/runner/work/ozone/ozone/hadoop-ozone/integration-test/target/test-dir/MiniOzoneClusterImpl-6935df51-69ff-4c35-8bd4-ed2b81d70e54/ozone-metadata/datanode-8/ratis] (custom)
2025-10-20 19:49:58,119 [7bb0e7f0-2b36-4ec0-8a09-ceac75d91a36-groupManagement] INFO  storage.RaftStorageDirectory (RaftStorageDirectoryImpl.java:analyzeStorage(138)) - The storage directory /home/runner/work/ozone/ozone/hadoop-ozone/integration-test/target/test-dir/MiniOzoneClusterImpl-6935df51-69ff-4c35-8bd4-ed2b81d70e54/ozone-metadata/datanode-8/ratis/22bb0523-13ed-4c6b-b8b0-38280ccde2db does not exist. Creating ...
2025-10-20 19:49:58,120 [7bb0e7f0-2b36-4ec0-8a09-ceac75d91a36-groupManagement] INFO  storage.RaftStorageDirectory (RaftStorageDirectoryImpl.java:tryLock(229)) - Lock on /home/runner/work/ozone/ozone/hadoop-ozone/integration-test/target/test-dir/MiniOzoneClusterImpl-6935df51-69ff-4c35-8bd4-ed2b81d70e54/ozone-metadata/datanode-8/ratis/22bb0523-13ed-4c6b-b8b0-38280ccde2db/in_use.lock acquired by nodename 12924@localhost
2025-10-20 19:49:58,121 [7bb0e7f0-2b36-4ec0-8a09-ceac75d91a36-groupManagement] INFO  storage.RaftStorage (RaftStorageImpl.java:format(98)) - Storage directory /home/runner/work/ozone/ozone/hadoop-ozone/integration-test/target/test-dir/MiniOzoneClusterImpl-6935df51-69ff-4c35-8bd4-ed2b81d70e54/ozone-metadata/datanode-8/ratis/22bb0523-13ed-4c6b-b8b0-38280ccde2db has been successfully formatted.
2025-10-20 19:49:58,122 [7bb0e7f0-2b36-4ec0-8a09-ceac75d91a36-groupManagement] INFO  ratis.ContainerStateMachine (ContainerStateMachine.java:initialize(339)) - 7bb0e7f0-2b36-4ec0-8a09-ceac75d91a36: initialize group-38280CCDE2DB
2025-10-20 19:49:58,122 [7bb0e7f0-2b36-4ec0-8a09-ceac75d91a36-groupManagement] INFO  ratis.ContainerStateMachine (ContainerStateMachine.java:loadSnapshot(347)) - group-38280CCDE2DB: The snapshot info is null. Setting the last applied index to:<INITIAL_VALUE>
2025-10-20 19:49:58,122 [7bb0e7f0-2b36-4ec0-8a09-ceac75d91a36-groupManagement] INFO  server.RaftServerConfigKeys (ConfUtils.java:logGet(62)) - raft.server.log.appender.buffer.byte-limit = 33554432 (custom)
2025-10-20 19:49:58,124 [7bb0e7f0-2b36-4ec0-8a09-ceac75d91a36-groupManagement] INFO  server.RaftServerConfigKeys (ConfUtils.java:logGet(62)) - raft.server.log.segment.size.max = 67108864 (custom)
2025-10-20 19:49:58,124 [7bb0e7f0-2b36-4ec0-8a09-ceac75d91a36-groupManagement] INFO  server.RaftServerConfigKeys (ConfUtils.java:logGet(62)) - raft.server.log.appender.buffer.byte-limit = 33554432 (custom)
2025-10-20 19:49:58,125 [7bb0e7f0-2b36-4ec0-8a09-ceac75d91a36-groupManagement] INFO  util.AwaitToRun (AwaitToRun.java:start(81)) - Thread[#1715,7bb0e7f0-2b36-4ec0-8a09-ceac75d91a36@group-38280CCDE2DB-cacheEviction-AwaitToRun,5,main] started
2025-10-20 19:49:58,125 [7bb0e7f0-2b36-4ec0-8a09-ceac75d91a36-groupManagement] INFO  segmented.SegmentedRaftLogWorker (SegmentedRaftLogWorker.java:<init>(190)) - new 7bb0e7f0-2b36-4ec0-8a09-ceac75d91a36@group-38280CCDE2DB-SegmentedRaftLogWorker for RaftStorageImpl:Storage Directory /home/runner/work/ozone/ozone/hadoop-ozone/integration-test/target/test-dir/MiniOzoneClusterImpl-6935df51-69ff-4c35-8bd4-ed2b81d70e54/ozone-metadata/datanode-8/ratis/22bb0523-13ed-4c6b-b8b0-38280ccde2db
2025-10-20 19:49:58,125 [7bb0e7f0-2b36-4ec0-8a09-ceac75d91a36-groupManagement] INFO  server.RaftServerConfigKeys (ConfUtils.java:logGet(62)) - raft.server.log.queue.byte-limit = 4294967296 (custom)
2025-10-20 19:49:58,125 [7bb0e7f0-2b36-4ec0-8a09-ceac75d91a36-groupManagement] INFO  server.RaftServerConfigKeys (ConfUtils.java:logGet(62)) - raft.server.log.segment.size.max = 67108864 (custom)
2025-10-20 19:49:58,125 [7bb0e7f0-2b36-4ec0-8a09-ceac75d91a36-groupManagement] INFO  server.RaftServerConfigKeys (ConfUtils.java:logGet(62)) - raft.server.log.preallocated.size = 4194304 (custom)
2025-10-20 19:49:58,125 [7bb0e7f0-2b36-4ec0-8a09-ceac75d91a36-groupManagement] INFO  server.RaftServerConfigKeys (ConfUtils.java:logGet(62)) - raft.server.log.write.buffer.size = 33554440 (custom)
2025-10-20 19:49:58,125 | INFO  | SCMAudit | user=runner | ip=127.0.0.1 | op=SEND_HEARTBEAT {"datanodeUUID":"7bb0e7f0-2b36-4ec0-8a09-ceac75d91a36","term":"2","command":"[]"} | ret=SUCCESS |  
2025-10-20 19:49:58,130 [EventQueue-PipelineReportForPipelineReportHandler] INFO  pipeline.PipelineReportHandler (PipelineReportHandler.java:processPipelineReport(132)) - Opened pipeline Pipeline-22bb0523-13ed-4c6b-b8b0-38280ccde2db
2025-10-20 19:49:58,134 [7bb0e7f0-2b36-4ec0-8a09-ceac75d91a36-groupManagement] INFO  server.RaftServerConfigKeys (ConfUtils.java:logGet(62)) - raft.server.log.appender.buffer.byte-limit = 33554432 (custom)
2025-10-20 19:49:58,134 [7bb0e7f0-2b36-4ec0-8a09-ceac75d91a36-groupManagement] INFO  segmented.SegmentedRaftLogWorker (SegmentedRaftLogWorker.java:lambda$new$0(141)) - 7bb0e7f0-2b36-4ec0-8a09-ceac75d91a36@group-38280CCDE2DB-SegmentedRaftLogWorker: flushIndex: setUnconditionally 0 -> -1
2025-10-20 19:49:58,135 [7bb0e7f0-2b36-4ec0-8a09-ceac75d91a36-groupManagement] INFO  segmented.SegmentedRaftLogWorker (SegmentedRaftLogWorker.java:lambda$new$0(141)) - 7bb0e7f0-2b36-4ec0-8a09-ceac75d91a36@group-38280CCDE2DB-SegmentedRaftLogWorker: safeCacheEvictIndex: setUnconditionally 0 -> -1
2025-10-20 19:49:58,135 [7bb0e7f0-2b36-4ec0-8a09-ceac75d91a36-groupManagement] INFO  server.RaftServer$Division (RaftServerImpl.java:start(405)) - 7bb0e7f0-2b36-4ec0-8a09-ceac75d91a36@group-38280CCDE2DB: start as a follower, conf=conf: {index: -1, cur=peers:[7bb0e7f0-2b36-4ec0-8a09-ceac75d91a36|127.0.0.1:15071]|listeners:[], old=null}
2025-10-20 19:49:58,136 [7bb0e7f0-2b36-4ec0-8a09-ceac75d91a36-groupManagement] INFO  server.RaftServer$Division (RaftServerImpl.java:setRole(392)) - 7bb0e7f0-2b36-4ec0-8a09-ceac75d91a36@group-38280CCDE2DB: changes role from      null to FOLLOWER at term 0 for startAsFollower
2025-10-20 19:49:58,136 [7bb0e7f0-2b36-4ec0-8a09-ceac75d91a36-groupManagement] INFO  impl.RoleInfo (RoleInfo.java:updateAndGet(148)) - 7bb0e7f0-2b36-4ec0-8a09-ceac75d91a36: start 7bb0e7f0-2b36-4ec0-8a09-ceac75d91a36@group-38280CCDE2DB-FollowerState
2025-10-20 19:49:58,137 [7bb0e7f0-2b36-4ec0-8a09-ceac75d91a36-groupManagement] INFO  util.JmxRegister (JmxRegister.java:tryRegister(44)) - Successfully registered JMX Bean with object name Ratis:service=RaftServer,group=group-38280CCDE2DB,id=7bb0e7f0-2b36-4ec0-8a09-ceac75d91a36
2025-10-20 19:49:58,137 [7bb0e7f0-2b36-4ec0-8a09-ceac75d91a36-groupManagement] INFO  util.JmxRegister (JmxRegister.java:register(58)) - register mxBean class org.apache.ratis.server.impl.RaftServerJmxAdapter as Ratis:service=RaftServer,group=group-38280CCDE2DB,id=7bb0e7f0-2b36-4ec0-8a09-ceac75d91a36
2025-10-20 19:49:58,138 [7bb0e7f0-2b36-4ec0-8a09-ceac75d91a36-groupManagement] INFO  server.RaftServer$Division (RaftServerImpl.java:start(419)) - 7bb0e7f0-2b36-4ec0-8a09-ceac75d91a36@group-38280CCDE2DB: Successfully started.
2025-10-20 19:49:58,138 [7bb0e7f0-2b36-4ec0-8a09-ceac75d91a36-CreatePipelineCommandHandlerThread-0] INFO  ratis.XceiverServerRatis (XceiverServerRatis.java:addGroup(839)) - Created group Pipeline-22bb0523-13ed-4c6b-b8b0-38280ccde2db
2025-10-20 19:49:58,139 [7bb0e7f0-2b36-4ec0-8a09-ceac75d91a36-CreatePipelineCommandHandlerThread-0] INFO  commandhandler.CreatePipelineCommandHandler (CreatePipelineCommandHandler.java:lambda$handle$2(141)) - Created Pipeline RATIS ONE Pipeline-22bb0523-13ed-4c6b-b8b0-38280ccde2db.
2025-10-20 19:49:58,156 | INFO  | SCMAudit | user=runner | ip=127.0.0.1 | op=SEND_HEARTBEAT {"datanodeUUID":"361055de-215b-4c6c-94c2-be1c1da118d1","term":"2","command":"[]"} | ret=SUCCESS |  
2025-10-20 19:49:58,196 [c90bff1f-5a1f-42c6-8fca-9533d718c79a@group-D68979EC754A-FollowerState] INFO  impl.FollowerState (FollowerState.java:runImpl(161)) - c90bff1f-5a1f-42c6-8fca-9533d718c79a@group-D68979EC754A-FollowerState: change to CANDIDATE, lastRpcElapsedTime:1094799094ns, electionTimeout:1094ms
2025-10-20 19:49:58,197 [c90bff1f-5a1f-42c6-8fca-9533d718c79a@group-D68979EC754A-FollowerState] INFO  impl.RoleInfo (RoleInfo.java:shutdownFollowerState(121)) - c90bff1f-5a1f-42c6-8fca-9533d718c79a: shutdown c90bff1f-5a1f-42c6-8fca-9533d718c79a@group-D68979EC754A-FollowerState
2025-10-20 19:49:58,197 [c90bff1f-5a1f-42c6-8fca-9533d718c79a@group-D68979EC754A-FollowerState] INFO  server.RaftServer$Division (RaftServerImpl.java:setRole(392)) - c90bff1f-5a1f-42c6-8fca-9533d718c79a@group-D68979EC754A: changes role from  FOLLOWER to CANDIDATE at term 0 for changeToCandidate
2025-10-20 19:49:58,197 [c90bff1f-5a1f-42c6-8fca-9533d718c79a@group-D68979EC754A-FollowerState] INFO  impl.RoleInfo (RoleInfo.java:updateAndGet(148)) - c90bff1f-5a1f-42c6-8fca-9533d718c79a: start c90bff1f-5a1f-42c6-8fca-9533d718c79a@group-D68979EC754A-LeaderElection11
2025-10-20 19:49:58,198 [c90bff1f-5a1f-42c6-8fca-9533d718c79a@group-D68979EC754A-LeaderElection11] INFO  impl.LeaderElection (LeaderElection.java:askForVotes(448)) - c90bff1f-5a1f-42c6-8fca-9533d718c79a@group-D68979EC754A-LeaderElection11 PRE_VOTE round 0: submit vote requests at term 0 for conf: {index: -1, cur=peers:[c90bff1f-5a1f-42c6-8fca-9533d718c79a|127.0.0.1:15039]|listeners:[], old=null}
2025-10-20 19:49:58,198 [c90bff1f-5a1f-42c6-8fca-9533d718c79a@group-D68979EC754A-LeaderElection11] INFO  impl.LeaderElection (LeaderElection.java:askForVotes(450)) - c90bff1f-5a1f-42c6-8fca-9533d718c79a@group-D68979EC754A-LeaderElection11 PRE_VOTE round 0: result PASSED (term=0)
2025-10-20 19:49:58,200 [c90bff1f-5a1f-42c6-8fca-9533d718c79a@group-D68979EC754A-LeaderElection11] INFO  impl.LeaderElection (LeaderElection.java:askForVotes(448)) - c90bff1f-5a1f-42c6-8fca-9533d718c79a@group-D68979EC754A-LeaderElection11 ELECTION round 0: submit vote requests at term 1 for conf: {index: -1, cur=peers:[c90bff1f-5a1f-42c6-8fca-9533d718c79a|127.0.0.1:15039]|listeners:[], old=null}
2025-10-20 19:49:58,201 [c90bff1f-5a1f-42c6-8fca-9533d718c79a@group-D68979EC754A-LeaderElection11] INFO  impl.LeaderElection (LeaderElection.java:askForVotes(450)) - c90bff1f-5a1f-42c6-8fca-9533d718c79a@group-D68979EC754A-LeaderElection11 ELECTION round 0: result PASSED (term=1)
2025-10-20 19:49:58,201 [c90bff1f-5a1f-42c6-8fca-9533d718c79a@group-D68979EC754A-LeaderElection11] INFO  impl.RoleInfo (RoleInfo.java:shutdownLeaderElection(141)) - c90bff1f-5a1f-42c6-8fca-9533d718c79a: shutdown c90bff1f-5a1f-42c6-8fca-9533d718c79a@group-D68979EC754A-LeaderElection11
2025-10-20 19:49:58,201 [c90bff1f-5a1f-42c6-8fca-9533d718c79a@group-D68979EC754A-LeaderElection11] INFO  server.RaftServer$Division (RaftServerImpl.java:setRole(392)) - c90bff1f-5a1f-42c6-8fca-9533d718c79a@group-D68979EC754A: changes role from CANDIDATE to LEADER at term 1 for changeToLeader
2025-10-20 19:49:58,201 [c90bff1f-5a1f-42c6-8fca-9533d718c79a@group-D68979EC754A-LeaderElection11] INFO  server.RaftServerConfigKeys (ConfUtils.java:logFallback(69)) - raft.server.staging.timeout = 15600ms (fallback to raft.server.rpc.timeout.max)
2025-10-20 19:49:58,201 [c90bff1f-5a1f-42c6-8fca-9533d718c79a@group-D68979EC754A-LeaderElection11] INFO  server.RaftServerConfigKeys (ConfUtils.java:logGet(62)) - raft.server.write.byte-limit = 1024 M (=1073741824) (custom)
2025-10-20 19:49:58,203 [c90bff1f-5a1f-42c6-8fca-9533d718c79a@group-D68979EC754A-LeaderElection11] INFO  impl.RoleInfo (RoleInfo.java:updateAndGet(148)) - c90bff1f-5a1f-42c6-8fca-9533d718c79a: start c90bff1f-5a1f-42c6-8fca-9533d718c79a@group-D68979EC754A-LeaderStateImpl
2025-10-20 19:49:58,204 [c90bff1f-5a1f-42c6-8fca-9533d718c79a@group-D68979EC754A-LeaderElection11] INFO  server.RaftServer$Division (RaftServerImpl.java:setFirstElection(576)) - c90bff1f-5a1f-42c6-8fca-9533d718c79a@group-D68979EC754A: set firstElectionSinceStartup to false for becomeLeader
2025-10-20 19:49:58,204 [c90bff1f-5a1f-42c6-8fca-9533d718c79a@group-D68979EC754A-LeaderElection11] INFO  ratis.XceiverServerRatis (XceiverServerRatis.java:handleLeaderChangedNotification(940)) - Leader change notification received for group: group-D68979EC754A with new leaderId: c90bff1f-5a1f-42c6-8fca-9533d718c79a
2025-10-20 19:49:58,205 [c90bff1f-5a1f-42c6-8fca-9533d718c79a@group-D68979EC754A-LeaderElection11] INFO  server.RaftServer$Division (ServerState.java:setLeader(272)) - c90bff1f-5a1f-42c6-8fca-9533d718c79a@group-D68979EC754A: change Leader from null to c90bff1f-5a1f-42c6-8fca-9533d718c79a at term 1 for becomeLeader, leader elected after 1137ms
2025-10-20 19:49:58,205 [c90bff1f-5a1f-42c6-8fca-9533d718c79a@group-D68979EC754A-LeaderElection11] INFO  segmented.SegmentedRaftLogWorker (SegmentedRaftLogWorker.java:startLogSegment(440)) - c90bff1f-5a1f-42c6-8fca-9533d718c79a@group-D68979EC754A-SegmentedRaftLogWorker: Starting segment from index:0
2025-10-20 19:49:58,205 [c90bff1f-5a1f-42c6-8fca-9533d718c79a@group-D68979EC754A-LeaderElection11] INFO  server.RaftServer$Division (ServerState.java:setRaftConf(386)) - c90bff1f-5a1f-42c6-8fca-9533d718c79a@group-D68979EC754A: set configuration conf: {index: 0, cur=peers:[c90bff1f-5a1f-42c6-8fca-9533d718c79a|127.0.0.1:15039]|listeners:[], old=null}
2025-10-20 19:49:58,207 [c90bff1f-5a1f-42c6-8fca-9533d718c79a@group-D68979EC754A-SegmentedRaftLogWorker] INFO  segmented.BufferedWriteChannel (BufferedWriteChannel.java:open(61)) - open log_inprogress_0 at position 0
2025-10-20 19:49:58,209 | INFO  | SCMAudit | user=runner | ip=127.0.0.1 | op=SEND_HEARTBEAT {"datanodeUUID":"c90bff1f-5a1f-42c6-8fca-9533d718c79a","term":"2","command":"[]"} | ret=SUCCESS |  
2025-10-20 19:49:58,214 [c90bff1f-5a1f-42c6-8fca-9533d718c79a@group-D68979EC754A-SegmentedRaftLogWorker] INFO  segmented.SegmentedRaftLogWorker (SegmentedRaftLogWorker.java:execute(647)) - c90bff1f-5a1f-42c6-8fca-9533d718c79a@group-D68979EC754A-SegmentedRaftLogWorker: created new log segment /home/runner/work/ozone/ozone/hadoop-ozone/integration-test/target/test-dir/MiniOzoneClusterImpl-6935df51-69ff-4c35-8bd4-ed2b81d70e54/ozone-metadata/datanode-4/ratis/fab317e9-d636-43af-a09c-d68979ec754a/current/log_inprogress_0
2025-10-20 19:49:58,216 [c90bff1f-5a1f-42c6-8fca-9533d718c79a@group-D68979EC754A-StateMachineUpdater] INFO  server.RaftServer$Division (LeaderStateImpl.java:checkStartIndex(309)) - Leader c90bff1f-5a1f-42c6-8fca-9533d718c79a@group-D68979EC754A-LeaderStateImpl is ready since appliedIndex == startIndex == 0
2025-10-20 19:49:58,220 [c90bff1f-5a1f-42c6-8fca-9533d718c79a@group-351250CF0157-FollowerState] INFO  impl.FollowerState (FollowerState.java:runImpl(161)) - c90bff1f-5a1f-42c6-8fca-9533d718c79a@group-351250CF0157-FollowerState: change to CANDIDATE, lastRpcElapsedTime:1079631597ns, electionTimeout:1078ms
2025-10-20 19:49:58,221 [c90bff1f-5a1f-42c6-8fca-9533d718c79a@group-351250CF0157-FollowerState] INFO  impl.RoleInfo (RoleInfo.java:shutdownFollowerState(121)) - c90bff1f-5a1f-42c6-8fca-9533d718c79a: shutdown c90bff1f-5a1f-42c6-8fca-9533d718c79a@group-351250CF0157-FollowerState
2025-10-20 19:49:58,221 [c90bff1f-5a1f-42c6-8fca-9533d718c79a@group-351250CF0157-FollowerState] INFO  server.RaftServer$Division (RaftServerImpl.java:setRole(392)) - c90bff1f-5a1f-42c6-8fca-9533d718c79a@group-351250CF0157: changes role from  FOLLOWER to CANDIDATE at term 0 for changeToCandidate
2025-10-20 19:49:58,221 [c90bff1f-5a1f-42c6-8fca-9533d718c79a@group-351250CF0157-FollowerState] INFO  impl.RoleInfo (RoleInfo.java:updateAndGet(148)) - c90bff1f-5a1f-42c6-8fca-9533d718c79a: start c90bff1f-5a1f-42c6-8fca-9533d718c79a@group-351250CF0157-LeaderElection12
2025-10-20 19:49:58,222 [c90bff1f-5a1f-42c6-8fca-9533d718c79a@group-351250CF0157-LeaderElection12] INFO  impl.LeaderElection (LeaderElection.java:askForVotes(448)) - c90bff1f-5a1f-42c6-8fca-9533d718c79a@group-351250CF0157-LeaderElection12 PRE_VOTE round 0: submit vote requests at term 0 for conf: {index: -1, cur=peers:[b614738c-cdff-4f09-bf59-ed5bb75d51be|127.0.0.1:15055, af0e5da1-57af-45e9-9aca-fa0798d05628|127.0.0.1:15047, c90bff1f-5a1f-42c6-8fca-9533d718c79a|127.0.0.1:15039]|listeners:[], old=null}
2025-10-20 19:49:58,223 [c90bff1f-5a1f-42c6-8fca-9533d718c79a@group-351250CF0157-LeaderElection12-1] INFO  server.GrpcServerProtocolClient (GrpcServerProtocolClient.java:<init>(65)) - Build channel for b614738c-cdff-4f09-bf59-ed5bb75d51be|127.0.0.1:15055
2025-10-20 19:49:58,223 [c90bff1f-5a1f-42c6-8fca-9533d718c79a@group-351250CF0157-LeaderElection12-2] INFO  server.GrpcServerProtocolClient (GrpcServerProtocolClient.java:<init>(65)) - Build channel for af0e5da1-57af-45e9-9aca-fa0798d05628|127.0.0.1:15047
2025-10-20 19:49:58,231 | INFO  | SCMAudit | user=runner | ip=127.0.0.1 | op=SEND_HEARTBEAT {"datanodeUUID":"feb39a1c-80cb-4714-ab06-a361236e3029","term":"2","command":"[]"} | ret=SUCCESS |  
2025-10-20 19:49:58,233 [grpc-default-executor-1] INFO  server.RaftServer$Division (RaftServerImpl.java:requestVote(1421)) - af0e5da1-57af-45e9-9aca-fa0798d05628@group-351250CF0157: receive requestVote(PRE_VOTE, c90bff1f-5a1f-42c6-8fca-9533d718c79a, group-351250CF0157, 0, <PROTO_DEFAULT>)
2025-10-20 19:49:58,233 [grpc-default-executor-1] INFO  impl.VoteContext (VoteContext.java:log(49)) - af0e5da1-57af-45e9-9aca-fa0798d05628@group-351250CF0157-FOLLOWER: accept PRE_VOTE from c90bff1f-5a1f-42c6-8fca-9533d718c79a: our priority 0 <= candidate's priority 1
2025-10-20 19:49:58,233 [grpc-default-executor-1] INFO  server.RaftServer$Division (RaftServerImpl.java:requestVote(1455)) - af0e5da1-57af-45e9-9aca-fa0798d05628@group-351250CF0157 replies to PRE_VOTE vote request: c90bff1f-5a1f-42c6-8fca-9533d718c79a<-af0e5da1-57af-45e9-9aca-fa0798d05628#0:OK-t0-last:<INITIAL_VALUE>. Peer's state: af0e5da1-57af-45e9-9aca-fa0798d05628@group-351250CF0157:t0, leader=null, voted=, raftlog=Memoized:af0e5da1-57af-45e9-9aca-fa0798d05628@group-351250CF0157-SegmentedRaftLog:OPENED:c-1:lastnull, conf=conf: {index: -1, cur=peers:[b614738c-cdff-4f09-bf59-ed5bb75d51be|127.0.0.1:15055, af0e5da1-57af-45e9-9aca-fa0798d05628|127.0.0.1:15047, c90bff1f-5a1f-42c6-8fca-9533d718c79a|127.0.0.1:15039]|listeners:[], old=null}
2025-10-20 19:49:58,235 [c90bff1f-5a1f-42c6-8fca-9533d718c79a@group-351250CF0157-LeaderElection12] INFO  impl.LeaderElection (LeaderElection.java:logAndReturn(206)) - c90bff1f-5a1f-42c6-8fca-9533d718c79a@group-351250CF0157-LeaderElection12: PRE_VOTE PASSED received 1 response(s) and 0 exception(s):
2025-10-20 19:49:58,235 [grpc-default-executor-1] INFO  server.RaftServer$Division (RaftServerImpl.java:requestVote(1421)) - b614738c-cdff-4f09-bf59-ed5bb75d51be@group-351250CF0157: receive requestVote(PRE_VOTE, c90bff1f-5a1f-42c6-8fca-9533d718c79a, group-351250CF0157, 0, <PROTO_DEFAULT>)
2025-10-20 19:49:58,235 [c90bff1f-5a1f-42c6-8fca-9533d718c79a@group-351250CF0157-LeaderElection12] INFO  impl.LeaderElection (LeaderElection.java:logAndReturn(210)) -   Response 0: c90bff1f-5a1f-42c6-8fca-9533d718c79a<-af0e5da1-57af-45e9-9aca-fa0798d05628#0:OK-t0-last:<INITIAL_VALUE>
2025-10-20 19:49:58,236 [grpc-default-executor-1] INFO  impl.VoteContext (VoteContext.java:log(49)) - b614738c-cdff-4f09-bf59-ed5bb75d51be@group-351250CF0157-FOLLOWER: accept PRE_VOTE from c90bff1f-5a1f-42c6-8fca-9533d718c79a: our priority 0 <= candidate's priority 1
2025-10-20 19:49:58,236 [c90bff1f-5a1f-42c6-8fca-9533d718c79a@group-351250CF0157-LeaderElection12] INFO  impl.LeaderElection (LeaderElection.java:askForVotes(450)) - c90bff1f-5a1f-42c6-8fca-9533d718c79a@group-351250CF0157-LeaderElection12 PRE_VOTE round 0: result PASSED
2025-10-20 19:49:58,236 [grpc-default-executor-1] INFO  server.RaftServer$Division (RaftServerImpl.java:requestVote(1455)) - b614738c-cdff-4f09-bf59-ed5bb75d51be@group-351250CF0157 replies to PRE_VOTE vote request: c90bff1f-5a1f-42c6-8fca-9533d718c79a<-b614738c-cdff-4f09-bf59-ed5bb75d51be#0:OK-t0-last:<INITIAL_VALUE>. Peer's state: b614738c-cdff-4f09-bf59-ed5bb75d51be@group-351250CF0157:t0, leader=null, voted=, raftlog=Memoized:b614738c-cdff-4f09-bf59-ed5bb75d51be@group-351250CF0157-SegmentedRaftLog:OPENED:c-1:lastnull, conf=conf: {index: -1, cur=peers:[b614738c-cdff-4f09-bf59-ed5bb75d51be|127.0.0.1:15055, af0e5da1-57af-45e9-9aca-fa0798d05628|127.0.0.1:15047, c90bff1f-5a1f-42c6-8fca-9533d718c79a|127.0.0.1:15039]|listeners:[], old=null}
2025-10-20 19:49:58,237 [c90bff1f-5a1f-42c6-8fca-9533d718c79a@group-351250CF0157-LeaderElection12] INFO  impl.LeaderElection (LeaderElection.java:askForVotes(448)) - c90bff1f-5a1f-42c6-8fca-9533d718c79a@group-351250CF0157-LeaderElection12 ELECTION round 0: submit vote requests at term 1 for conf: {index: -1, cur=peers:[b614738c-cdff-4f09-bf59-ed5bb75d51be|127.0.0.1:15055, af0e5da1-57af-45e9-9aca-fa0798d05628|127.0.0.1:15047, c90bff1f-5a1f-42c6-8fca-9533d718c79a|127.0.0.1:15039]|listeners:[], old=null}
2025-10-20 19:49:58,240 [grpc-default-executor-1] INFO  server.RaftServer$Division (RaftServerImpl.java:requestVote(1421)) - b614738c-cdff-4f09-bf59-ed5bb75d51be@group-351250CF0157: receive requestVote(ELECTION, c90bff1f-5a1f-42c6-8fca-9533d718c79a, group-351250CF0157, 1, <PROTO_DEFAULT>)
2025-10-20 19:49:58,240 [grpc-default-executor-1] INFO  impl.VoteContext (VoteContext.java:log(49)) - b614738c-cdff-4f09-bf59-ed5bb75d51be@group-351250CF0157-FOLLOWER: accept ELECTION from c90bff1f-5a1f-42c6-8fca-9533d718c79a: our priority 0 <= candidate's priority 1
2025-10-20 19:49:58,241 [grpc-default-executor-1] INFO  server.RaftServer$Division (RaftServerImpl.java:setRole(392)) - b614738c-cdff-4f09-bf59-ed5bb75d51be@group-351250CF0157: changes role from  FOLLOWER to FOLLOWER at term 0 for candidate:c90bff1f-5a1f-42c6-8fca-9533d718c79a
2025-10-20 19:49:58,241 [grpc-default-executor-1] INFO  impl.RoleInfo (RoleInfo.java:shutdownFollowerState(121)) - b614738c-cdff-4f09-bf59-ed5bb75d51be: shutdown b614738c-cdff-4f09-bf59-ed5bb75d51be@group-351250CF0157-FollowerState
2025-10-20 19:49:58,241 [grpc-default-executor-1] INFO  impl.RoleInfo (RoleInfo.java:updateAndGet(148)) - b614738c-cdff-4f09-bf59-ed5bb75d51be: start b614738c-cdff-4f09-bf59-ed5bb75d51be@group-351250CF0157-FollowerState
2025-10-20 19:49:58,241 [b614738c-cdff-4f09-bf59-ed5bb75d51be@group-351250CF0157-FollowerState] INFO  impl.FollowerState (FollowerState.java:runImpl(170)) - b614738c-cdff-4f09-bf59-ed5bb75d51be@group-351250CF0157-FollowerState was interrupted
2025-10-20 19:49:58,241 [grpc-default-executor-1] INFO  server.RaftServer$Division (RaftServerImpl.java:setFirstElection(576)) - b614738c-cdff-4f09-bf59-ed5bb75d51be@group-351250CF0157: set firstElectionSinceStartup to false for candidate:c90bff1f-5a1f-42c6-8fca-9533d718c79a
2025-10-20 19:49:58,242 [grpc-default-executor-0] INFO  server.RaftServer$Division (RaftServerImpl.java:requestVote(1421)) - af0e5da1-57af-45e9-9aca-fa0798d05628@group-351250CF0157: receive requestVote(ELECTION, c90bff1f-5a1f-42c6-8fca-9533d718c79a, group-351250CF0157, 1, <PROTO_DEFAULT>)
2025-10-20 19:49:58,242 [grpc-default-executor-0] INFO  impl.VoteContext (VoteContext.java:log(49)) - af0e5da1-57af-45e9-9aca-fa0798d05628@group-351250CF0157-FOLLOWER: accept ELECTION from c90bff1f-5a1f-42c6-8fca-9533d718c79a: our priority 0 <= candidate's priority 1
2025-10-20 19:49:58,242 [grpc-default-executor-0] INFO  server.RaftServer$Division (RaftServerImpl.java:setRole(392)) - af0e5da1-57af-45e9-9aca-fa0798d05628@group-351250CF0157: changes role from  FOLLOWER to FOLLOWER at term 0 for candidate:c90bff1f-5a1f-42c6-8fca-9533d718c79a
2025-10-20 19:49:58,242 [grpc-default-executor-0] INFO  impl.RoleInfo (RoleInfo.java:shutdownFollowerState(121)) - af0e5da1-57af-45e9-9aca-fa0798d05628: shutdown af0e5da1-57af-45e9-9aca-fa0798d05628@group-351250CF0157-FollowerState
2025-10-20 19:49:58,242 [grpc-default-executor-0] INFO  impl.RoleInfo (RoleInfo.java:updateAndGet(148)) - af0e5da1-57af-45e9-9aca-fa0798d05628: start af0e5da1-57af-45e9-9aca-fa0798d05628@group-351250CF0157-FollowerState
2025-10-20 19:49:58,243 [af0e5da1-57af-45e9-9aca-fa0798d05628@group-351250CF0157-FollowerState] INFO  impl.FollowerState (FollowerState.java:runImpl(170)) - af0e5da1-57af-45e9-9aca-fa0798d05628@group-351250CF0157-FollowerState was interrupted
2025-10-20 19:49:58,243 [grpc-default-executor-1] INFO  server.RaftServer$Division (RaftServerImpl.java:requestVote(1455)) - b614738c-cdff-4f09-bf59-ed5bb75d51be@group-351250CF0157 replies to ELECTION vote request: c90bff1f-5a1f-42c6-8fca-9533d718c79a<-b614738c-cdff-4f09-bf59-ed5bb75d51be#0:OK-t1-last:<INITIAL_VALUE>. Peer's state: b614738c-cdff-4f09-bf59-ed5bb75d51be@group-351250CF0157:t1, leader=null, voted=c90bff1f-5a1f-42c6-8fca-9533d718c79a, raftlog=Memoized:b614738c-cdff-4f09-bf59-ed5bb75d51be@group-351250CF0157-SegmentedRaftLog:OPENED:c-1:lastnull, conf=conf: {index: -1, cur=peers:[b614738c-cdff-4f09-bf59-ed5bb75d51be|127.0.0.1:15055, af0e5da1-57af-45e9-9aca-fa0798d05628|127.0.0.1:15047, c90bff1f-5a1f-42c6-8fca-9533d718c79a|127.0.0.1:15039]|listeners:[], old=null}
2025-10-20 19:49:58,244 [grpc-default-executor-0] INFO  server.RaftServer$Division (RaftServerImpl.java:setFirstElection(576)) - af0e5da1-57af-45e9-9aca-fa0798d05628@group-351250CF0157: set firstElectionSinceStartup to false for candidate:c90bff1f-5a1f-42c6-8fca-9533d718c79a
2025-10-20 19:49:58,245 [c90bff1f-5a1f-42c6-8fca-9533d718c79a@group-351250CF0157-LeaderElection12] INFO  impl.LeaderElection (LeaderElection.java:logAndReturn(206)) - c90bff1f-5a1f-42c6-8fca-9533d718c79a@group-351250CF0157-LeaderElection12: ELECTION PASSED received 1 response(s) and 0 exception(s):
2025-10-20 19:49:58,245 [grpc-default-executor-0] INFO  server.RaftServer$Division (RaftServerImpl.java:requestVote(1455)) - af0e5da1-57af-45e9-9aca-fa0798d05628@group-351250CF0157 replies to ELECTION vote request: c90bff1f-5a1f-42c6-8fca-9533d718c79a<-af0e5da1-57af-45e9-9aca-fa0798d05628#0:OK-t1-last:<INITIAL_VALUE>. Peer's state: af0e5da1-57af-45e9-9aca-fa0798d05628@group-351250CF0157:t1, leader=null, voted=c90bff1f-5a1f-42c6-8fca-9533d718c79a, raftlog=Memoized:af0e5da1-57af-45e9-9aca-fa0798d05628@group-351250CF0157-SegmentedRaftLog:OPENED:c-1:lastnull, conf=conf: {index: -1, cur=peers:[b614738c-cdff-4f09-bf59-ed5bb75d51be|127.0.0.1:15055, af0e5da1-57af-45e9-9aca-fa0798d05628|127.0.0.1:15047, c90bff1f-5a1f-42c6-8fca-9533d718c79a|127.0.0.1:15039]|listeners:[], old=null}
2025-10-20 19:49:58,246 [c90bff1f-5a1f-42c6-8fca-9533d718c79a@group-351250CF0157-LeaderElection12] INFO  impl.LeaderElection (LeaderElection.java:logAndReturn(210)) -   Response 0: c90bff1f-5a1f-42c6-8fca-9533d718c79a<-b614738c-cdff-4f09-bf59-ed5bb75d51be#0:OK-t1-last:<INITIAL_VALUE>
2025-10-20 19:49:58,246 [c90bff1f-5a1f-42c6-8fca-9533d718c79a@group-351250CF0157-LeaderElection12] INFO  impl.LeaderElection (LeaderElection.java:askForVotes(450)) - c90bff1f-5a1f-42c6-8fca-9533d718c79a@group-351250CF0157-LeaderElection12 ELECTION round 0: result PASSED
2025-10-20 19:49:58,246 [c90bff1f-5a1f-42c6-8fca-9533d718c79a@group-351250CF0157-LeaderElection12] INFO  impl.RoleInfo (RoleInfo.java:shutdownLeaderElection(141)) - c90bff1f-5a1f-42c6-8fca-9533d718c79a: shutdown c90bff1f-5a1f-42c6-8fca-9533d718c79a@group-351250CF0157-LeaderElection12
2025-10-20 19:49:58,246 [c90bff1f-5a1f-42c6-8fca-9533d718c79a@group-351250CF0157-LeaderElection12] INFO  server.RaftServer$Division (RaftServerImpl.java:setRole(392)) - c90bff1f-5a1f-42c6-8fca-9533d718c79a@group-351250CF0157: changes role from CANDIDATE to LEADER at term 1 for changeToLeader
2025-10-20 19:49:58,246 [c90bff1f-5a1f-42c6-8fca-9533d718c79a@group-351250CF0157-LeaderElection12] INFO  server.RaftServerConfigKeys (ConfUtils.java:logFallback(69)) - raft.server.staging.timeout = 15600ms (fallback to raft.server.rpc.timeout.max)
2025-10-20 19:49:58,247 [c90bff1f-5a1f-42c6-8fca-9533d718c79a@group-351250CF0157-LeaderElection12] INFO  server.RaftServerConfigKeys (ConfUtils.java:logGet(62)) - raft.server.write.byte-limit = 1024 M (=1073741824) (custom)
2025-10-20 19:49:58,248 [c90bff1f-5a1f-42c6-8fca-9533d718c79a@group-351250CF0157-LeaderElection12] INFO  server.RaftServerConfigKeys (ConfUtils.java:logGet(62)) - raft.server.log.appender.buffer.byte-limit = 33554432 (custom)
2025-10-20 19:49:58,250 [c90bff1f-5a1f-42c6-8fca-9533d718c79a@group-351250CF0157-LeaderElection12] INFO  server.RaftServerConfigKeys (ConfUtils.java:logGet(62)) - raft.server.log.appender.buffer.byte-limit = 33554432 (custom)
2025-10-20 19:49:58,251 [c90bff1f-5a1f-42c6-8fca-9533d718c79a@group-351250CF0157-LeaderElection12] INFO  impl.RoleInfo (RoleInfo.java:updateAndGet(148)) - c90bff1f-5a1f-42c6-8fca-9533d718c79a: start c90bff1f-5a1f-42c6-8fca-9533d718c79a@group-351250CF0157-LeaderStateImpl
2025-10-20 19:49:58,251 [c90bff1f-5a1f-42c6-8fca-9533d718c79a@group-351250CF0157-LeaderElection12] INFO  server.RaftServer$Division (RaftServerImpl.java:setFirstElection(576)) - c90bff1f-5a1f-42c6-8fca-9533d718c79a@group-351250CF0157: set firstElectionSinceStartup to false for becomeLeader
2025-10-20 19:49:58,251 [c90bff1f-5a1f-42c6-8fca-9533d718c79a@group-351250CF0157-LeaderElection12] INFO  ratis.XceiverServerRatis (XceiverServerRatis.java:handleLeaderChangedNotification(940)) - Leader change notification received for group: group-351250CF0157 with new leaderId: c90bff1f-5a1f-42c6-8fca-9533d718c79a
2025-10-20 19:49:58,251 [c90bff1f-5a1f-42c6-8fca-9533d718c79a@group-351250CF0157-LeaderElection12] INFO  server.RaftServer$Division (ServerState.java:setLeader(272)) - c90bff1f-5a1f-42c6-8fca-9533d718c79a@group-351250CF0157: change Leader from null to c90bff1f-5a1f-42c6-8fca-9533d718c79a at term 1 for becomeLeader, leader elected after 1144ms
2025-10-20 19:49:58,252 [c90bff1f-5a1f-42c6-8fca-9533d718c79a@group-351250CF0157-LeaderElection12] INFO  segmented.SegmentedRaftLogWorker (SegmentedRaftLogWorker.java:startLogSegment(440)) - c90bff1f-5a1f-42c6-8fca-9533d718c79a@group-351250CF0157-SegmentedRaftLogWorker: Starting segment from index:0
2025-10-20 19:49:58,252 [c90bff1f-5a1f-42c6-8fca-9533d718c79a@group-351250CF0157-SegmentedRaftLogWorker] INFO  segmented.BufferedWriteChannel (BufferedWriteChannel.java:open(61)) - open log_inprogress_0 at position 0
2025-10-20 19:49:58,254 [c90bff1f-5a1f-42c6-8fca-9533d718c79a@group-351250CF0157-LeaderElection12] INFO  server.RaftServer$Division (ServerState.java:setRaftConf(386)) - c90bff1f-5a1f-42c6-8fca-9533d718c79a@group-351250CF0157: set configuration conf: {index: 0, cur=peers:[b614738c-cdff-4f09-bf59-ed5bb75d51be|127.0.0.1:15055, af0e5da1-57af-45e9-9aca-fa0798d05628|127.0.0.1:15047, c90bff1f-5a1f-42c6-8fca-9533d718c79a|127.0.0.1:15039]|listeners:[], old=null}
2025-10-20 19:49:58,256 | INFO  | SCMAudit | user=runner | ip=127.0.0.1 | op=SEND_HEARTBEAT {"datanodeUUID":"c90bff1f-5a1f-42c6-8fca-9533d718c79a","term":"2","command":"[]"} | ret=SUCCESS |  
2025-10-20 19:49:58,259 [EventQueue-PipelineReportForPipelineReportHandler] INFO  pipeline.PipelineReportHandler (PipelineReportHandler.java:processPipelineReport(132)) - Opened pipeline Pipeline-48b2bb4f-636b-420d-96ed-351250cf0157
2025-10-20 19:49:58,261 [c90bff1f-5a1f-42c6-8fca-9533d718c79a@group-351250CF0157-SegmentedRaftLogWorker] INFO  segmented.SegmentedRaftLogWorker (SegmentedRaftLogWorker.java:execute(647)) - c90bff1f-5a1f-42c6-8fca-9533d718c79a@group-351250CF0157-SegmentedRaftLogWorker: created new log segment /home/runner/work/ozone/ozone/hadoop-ozone/integration-test/target/test-dir/MiniOzoneClusterImpl-6935df51-69ff-4c35-8bd4-ed2b81d70e54/ozone-metadata/datanode-4/ratis/48b2bb4f-636b-420d-96ed-351250cf0157/current/log_inprogress_0
2025-10-20 19:49:58,265 [grpc-default-executor-6] INFO  ratis.XceiverServerRatis (XceiverServerRatis.java:handleLeaderChangedNotification(940)) - Leader change notification received for group: group-351250CF0157 with new leaderId: c90bff1f-5a1f-42c6-8fca-9533d718c79a
2025-10-20 19:49:58,266 [grpc-default-executor-6] INFO  server.RaftServer$Division (ServerState.java:setLeader(272)) - b614738c-cdff-4f09-bf59-ed5bb75d51be@group-351250CF0157: change Leader from null to c90bff1f-5a1f-42c6-8fca-9533d718c79a at term 1 for appendEntries, leader elected after 1100ms
2025-10-20 19:49:58,266 [grpc-default-executor-6] INFO  server.RaftServer$Division (ServerState.java:setRaftConf(386)) - b614738c-cdff-4f09-bf59-ed5bb75d51be@group-351250CF0157: set configuration conf: {index: 0, cur=peers:[b614738c-cdff-4f09-bf59-ed5bb75d51be|127.0.0.1:15055, af0e5da1-57af-45e9-9aca-fa0798d05628|127.0.0.1:15047, c90bff1f-5a1f-42c6-8fca-9533d718c79a|127.0.0.1:15039]|listeners:[], old=null}
2025-10-20 19:49:58,266 [grpc-default-executor-6] INFO  segmented.SegmentedRaftLogWorker (SegmentedRaftLogWorker.java:startLogSegment(440)) - b614738c-cdff-4f09-bf59-ed5bb75d51be@group-351250CF0157-SegmentedRaftLogWorker: Starting segment from index:0
2025-10-20 19:49:58,267 [b614738c-cdff-4f09-bf59-ed5bb75d51be@group-351250CF0157-SegmentedRaftLogWorker] INFO  segmented.BufferedWriteChannel (BufferedWriteChannel.java:open(61)) - open log_inprogress_0 at position 0
2025-10-20 19:49:58,269 [grpc-default-executor-4] INFO  ratis.XceiverServerRatis (XceiverServerRatis.java:handleLeaderChangedNotification(940)) - Leader change notification received for group: group-351250CF0157 with new leaderId: c90bff1f-5a1f-42c6-8fca-9533d718c79a
2025-10-20 19:49:58,269 [grpc-default-executor-4] INFO  server.RaftServer$Division (ServerState.java:setLeader(272)) - af0e5da1-57af-45e9-9aca-fa0798d05628@group-351250CF0157: change Leader from null to c90bff1f-5a1f-42c6-8fca-9533d718c79a at term 1 for appendEntries, leader elected after 1019ms
2025-10-20 19:49:58,270 [grpc-default-executor-4] INFO  server.RaftServer$Division (ServerState.java:setRaftConf(386)) - af0e5da1-57af-45e9-9aca-fa0798d05628@group-351250CF0157: set configuration conf: {index: 0, cur=peers:[b614738c-cdff-4f09-bf59-ed5bb75d51be|127.0.0.1:15055, af0e5da1-57af-45e9-9aca-fa0798d05628|127.0.0.1:15047, c90bff1f-5a1f-42c6-8fca-9533d718c79a|127.0.0.1:15039]|listeners:[], old=null}
2025-10-20 19:49:58,270 [grpc-default-executor-4] INFO  segmented.SegmentedRaftLogWorker (SegmentedRaftLogWorker.java:startLogSegment(440)) - af0e5da1-57af-45e9-9aca-fa0798d05628@group-351250CF0157-SegmentedRaftLogWorker: Starting segment from index:0
2025-10-20 19:49:58,270 [af0e5da1-57af-45e9-9aca-fa0798d05628@group-351250CF0157-SegmentedRaftLogWorker] INFO  segmented.BufferedWriteChannel (BufferedWriteChannel.java:open(61)) - open log_inprogress_0 at position 0
2025-10-20 19:49:58,279 [b614738c-cdff-4f09-bf59-ed5bb75d51be@group-351250CF0157-SegmentedRaftLogWorker] INFO  segmented.SegmentedRaftLogWorker (SegmentedRaftLogWorker.java:execute(647)) - b614738c-cdff-4f09-bf59-ed5bb75d51be@group-351250CF0157-SegmentedRaftLogWorker: created new log segment /home/runner/work/ozone/ozone/hadoop-ozone/integration-test/target/test-dir/MiniOzoneClusterImpl-6935df51-69ff-4c35-8bd4-ed2b81d70e54/ozone-metadata/datanode-6/ratis/48b2bb4f-636b-420d-96ed-351250cf0157/current/log_inprogress_0
2025-10-20 19:49:58,280 [af0e5da1-57af-45e9-9aca-fa0798d05628@group-351250CF0157-SegmentedRaftLogWorker] INFO  segmented.SegmentedRaftLogWorker (SegmentedRaftLogWorker.java:execute(647)) - af0e5da1-57af-45e9-9aca-fa0798d05628@group-351250CF0157-SegmentedRaftLogWorker: created new log segment /home/runner/work/ozone/ozone/hadoop-ozone/integration-test/target/test-dir/MiniOzoneClusterImpl-6935df51-69ff-4c35-8bd4-ed2b81d70e54/ozone-metadata/datanode-5/ratis/48b2bb4f-636b-420d-96ed-351250cf0157/current/log_inprogress_0
2025-10-20 19:49:58,284 [c90bff1f-5a1f-42c6-8fca-9533d718c79a@group-351250CF0157-StateMachineUpdater] INFO  server.RaftServer$Division (LeaderStateImpl.java:checkStartIndex(309)) - Leader c90bff1f-5a1f-42c6-8fca-9533d718c79a@group-351250CF0157-LeaderStateImpl is ready since appliedIndex == startIndex == 0
2025-10-20 19:49:58,355 [c90bff1f-5a1f-42c6-8fca-9533d718c79a@group-C8B3A767D7CD-FollowerState] INFO  impl.FollowerState (FollowerState.java:runImpl(161)) - c90bff1f-5a1f-42c6-8fca-9533d718c79a@group-C8B3A767D7CD-FollowerState: change to CANDIDATE, lastRpcElapsedTime:1051735676ns, electionTimeout:1051ms
2025-10-20 19:49:58,356 [c90bff1f-5a1f-42c6-8fca-9533d718c79a@group-C8B3A767D7CD-FollowerState] INFO  impl.RoleInfo (RoleInfo.java:shutdownFollowerState(121)) - c90bff1f-5a1f-42c6-8fca-9533d718c79a: shutdown c90bff1f-5a1f-42c6-8fca-9533d718c79a@group-C8B3A767D7CD-FollowerState
2025-10-20 19:49:58,356 [c90bff1f-5a1f-42c6-8fca-9533d718c79a@group-C8B3A767D7CD-FollowerState] INFO  server.RaftServer$Division (RaftServerImpl.java:setRole(392)) - c90bff1f-5a1f-42c6-8fca-9533d718c79a@group-C8B3A767D7CD: changes role from  FOLLOWER to CANDIDATE at term 0 for changeToCandidate
2025-10-20 19:49:58,356 [c90bff1f-5a1f-42c6-8fca-9533d718c79a@group-C8B3A767D7CD-FollowerState] INFO  impl.RoleInfo (RoleInfo.java:updateAndGet(148)) - c90bff1f-5a1f-42c6-8fca-9533d718c79a: start c90bff1f-5a1f-42c6-8fca-9533d718c79a@group-C8B3A767D7CD-LeaderElection13
2025-10-20 19:49:58,356 [c90bff1f-5a1f-42c6-8fca-9533d718c79a@group-C8B3A767D7CD-LeaderElection13] INFO  impl.LeaderElection (LeaderElection.java:askForVotes(448)) - c90bff1f-5a1f-42c6-8fca-9533d718c79a@group-C8B3A767D7CD-LeaderElection13 PRE_VOTE round 0: submit vote requests at term 0 for conf: {index: -1, cur=peers:[b614738c-cdff-4f09-bf59-ed5bb75d51be|127.0.0.1:15055, af0e5da1-57af-45e9-9aca-fa0798d05628|127.0.0.1:15047, c90bff1f-5a1f-42c6-8fca-9533d718c79a|127.0.0.1:15039]|listeners:[], old=null}
2025-10-20 19:49:58,358 [grpc-default-executor-2] INFO  server.RaftServer$Division (RaftServerImpl.java:requestVote(1421)) - af0e5da1-57af-45e9-9aca-fa0798d05628@group-C8B3A767D7CD: receive requestVote(PRE_VOTE, c90bff1f-5a1f-42c6-8fca-9533d718c79a, group-C8B3A767D7CD, 0, <PROTO_DEFAULT>)
2025-10-20 19:49:58,359 [grpc-default-executor-2] INFO  impl.VoteContext (VoteContext.java:log(49)) - af0e5da1-57af-45e9-9aca-fa0798d05628@group-C8B3A767D7CD-FOLLOWER: reject PRE_VOTE from c90bff1f-5a1f-42c6-8fca-9533d718c79a: our priority 1 > candidate's priority 0
2025-10-20 19:49:58,359 [grpc-default-executor-2] INFO  server.RaftServer$Division (RaftServerImpl.java:requestVote(1455)) - af0e5da1-57af-45e9-9aca-fa0798d05628@group-C8B3A767D7CD replies to PRE_VOTE vote request: c90bff1f-5a1f-42c6-8fca-9533d718c79a<-af0e5da1-57af-45e9-9aca-fa0798d05628#0:FAIL-t0-last:<INITIAL_VALUE>. Peer's state: af0e5da1-57af-45e9-9aca-fa0798d05628@group-C8B3A767D7CD:t0, leader=null, voted=, raftlog=Memoized:af0e5da1-57af-45e9-9aca-fa0798d05628@group-C8B3A767D7CD-SegmentedRaftLog:OPENED:c-1:lastnull, conf=conf: {index: -1, cur=peers:[b614738c-cdff-4f09-bf59-ed5bb75d51be|127.0.0.1:15055, af0e5da1-57af-45e9-9aca-fa0798d05628|127.0.0.1:15047, c90bff1f-5a1f-42c6-8fca-9533d718c79a|127.0.0.1:15039]|listeners:[], old=null}
2025-10-20 19:49:58,359 [grpc-default-executor-6] INFO  server.RaftServer$Division (RaftServerImpl.java:requestVote(1421)) - b614738c-cdff-4f09-bf59-ed5bb75d51be@group-C8B3A767D7CD: receive requestVote(PRE_VOTE, c90bff1f-5a1f-42c6-8fca-9533d718c79a, group-C8B3A767D7CD, 0, <PROTO_DEFAULT>)
2025-10-20 19:49:58,359 [grpc-default-executor-6] INFO  impl.VoteContext (VoteContext.java:log(49)) - b614738c-cdff-4f09-bf59-ed5bb75d51be@group-C8B3A767D7CD-FOLLOWER: accept PRE_VOTE from c90bff1f-5a1f-42c6-8fca-9533d718c79a: our priority 0 <= candidate's priority 0
2025-10-20 19:49:58,359 [grpc-default-executor-6] INFO  server.RaftServer$Division (RaftServerImpl.java:requestVote(1455)) - b614738c-cdff-4f09-bf59-ed5bb75d51be@group-C8B3A767D7CD replies to PRE_VOTE vote request: c90bff1f-5a1f-42c6-8fca-9533d718c79a<-b614738c-cdff-4f09-bf59-ed5bb75d51be#0:OK-t0-last:<INITIAL_VALUE>. Peer's state: b614738c-cdff-4f09-bf59-ed5bb75d51be@group-C8B3A767D7CD:t0, leader=null, voted=, raftlog=Memoized:b614738c-cdff-4f09-bf59-ed5bb75d51be@group-C8B3A767D7CD-SegmentedRaftLog:OPENED:c-1:lastnull, conf=conf: {index: -1, cur=peers:[b614738c-cdff-4f09-bf59-ed5bb75d51be|127.0.0.1:15055, af0e5da1-57af-45e9-9aca-fa0798d05628|127.0.0.1:15047, c90bff1f-5a1f-42c6-8fca-9533d718c79a|127.0.0.1:15039]|listeners:[], old=null}
2025-10-20 19:49:58,362 [c90bff1f-5a1f-42c6-8fca-9533d718c79a@group-C8B3A767D7CD-LeaderElection13] INFO  impl.LeaderElection (LeaderElection.java:logAndReturn(206)) - c90bff1f-5a1f-42c6-8fca-9533d718c79a@group-C8B3A767D7CD-LeaderElection13: PRE_VOTE REJECTED received 2 response(s) and 0 exception(s):
2025-10-20 19:49:58,362 [c90bff1f-5a1f-42c6-8fca-9533d718c79a@group-C8B3A767D7CD-LeaderElection13] INFO  impl.LeaderElection (LeaderElection.java:logAndReturn(210)) -   Response 0: c90bff1f-5a1f-42c6-8fca-9533d718c79a<-b614738c-cdff-4f09-bf59-ed5bb75d51be#0:OK-t0-last:<INITIAL_VALUE>
2025-10-20 19:49:58,362 [c90bff1f-5a1f-42c6-8fca-9533d718c79a@group-C8B3A767D7CD-LeaderElection13] INFO  impl.LeaderElection (LeaderElection.java:logAndReturn(210)) -   Response 1: c90bff1f-5a1f-42c6-8fca-9533d718c79a<-af0e5da1-57af-45e9-9aca-fa0798d05628#0:FAIL-t0-last:<INITIAL_VALUE>
2025-10-20 19:49:58,362 [c90bff1f-5a1f-42c6-8fca-9533d718c79a@group-C8B3A767D7CD-LeaderElection13] INFO  impl.LeaderElection (LeaderElection.java:askForVotes(450)) - c90bff1f-5a1f-42c6-8fca-9533d718c79a@group-C8B3A767D7CD-LeaderElection13 PRE_VOTE round 0: result REJECTED
2025-10-20 19:49:58,362 [c90bff1f-5a1f-42c6-8fca-9533d718c79a@group-C8B3A767D7CD-LeaderElection13] INFO  server.RaftServer$Division (RaftServerImpl.java:setRole(392)) - c90bff1f-5a1f-42c6-8fca-9533d718c79a@group-C8B3A767D7CD: changes role from CANDIDATE to FOLLOWER at term 0 for REJECTED
2025-10-20 19:49:58,362 [c90bff1f-5a1f-42c6-8fca-9533d718c79a@group-C8B3A767D7CD-LeaderElection13] INFO  impl.RoleInfo (RoleInfo.java:shutdownLeaderElection(141)) - c90bff1f-5a1f-42c6-8fca-9533d718c79a: shutdown c90bff1f-5a1f-42c6-8fca-9533d718c79a@group-C8B3A767D7CD-LeaderElection13
2025-10-20 19:49:58,362 [c90bff1f-5a1f-42c6-8fca-9533d718c79a@group-C8B3A767D7CD-LeaderElection13] INFO  impl.RoleInfo (RoleInfo.java:updateAndGet(148)) - c90bff1f-5a1f-42c6-8fca-9533d718c79a: start c90bff1f-5a1f-42c6-8fca-9533d718c79a@group-C8B3A767D7CD-FollowerState
2025-10-20 19:49:58,363 [c90bff1f-5a1f-42c6-8fca-9533d718c79a@group-C8B3A767D7CD-LeaderElection13] INFO  server.RaftServer$Division (RaftServerImpl.java:setFirstElection(576)) - c90bff1f-5a1f-42c6-8fca-9533d718c79a@group-C8B3A767D7CD: set firstElectionSinceStartup to false for REJECTED
2025-10-20 19:49:58,372 | INFO  | SCMAudit | user=runner | ip=127.0.0.1 | op=SEND_HEARTBEAT {"datanodeUUID":"af0e5da1-57af-45e9-9aca-fa0798d05628","term":"2","command":"[]"} | ret=SUCCESS |  
2025-10-20 19:49:58,383 | INFO  | SCMAudit | user=runner | ip=127.0.0.1 | op=SEND_HEARTBEAT {"datanodeUUID":"e05592a5-d00f-4fc1-9e39-a968c1ecb04e","term":"2","command":"[]"} | ret=SUCCESS |  
2025-10-20 19:49:58,463 | INFO  | OMAudit | user=runner | ip=127.0.0.1 | op=GET_SERVICE_LIST {} | ret=SUCCESS |  
2025-10-20 19:49:58,464 [af0e5da1-57af-45e9-9aca-fa0798d05628@group-07DD2BB39A51-FollowerState] INFO  impl.FollowerState (FollowerState.java:runImpl(161)) - af0e5da1-57af-45e9-9aca-fa0798d05628@group-07DD2BB39A51-FollowerState: change to CANDIDATE, lastRpcElapsedTime:1059867232ns, electionTimeout:1059ms
2025-10-20 19:49:58,464 [af0e5da1-57af-45e9-9aca-fa0798d05628@group-07DD2BB39A51-FollowerState] INFO  impl.RoleInfo (RoleInfo.java:shutdownFollowerState(121)) - af0e5da1-57af-45e9-9aca-fa0798d05628: shutdown af0e5da1-57af-45e9-9aca-fa0798d05628@group-07DD2BB39A51-FollowerState
2025-10-20 19:49:58,464 [af0e5da1-57af-45e9-9aca-fa0798d05628@group-07DD2BB39A51-FollowerState] INFO  server.RaftServer$Division (RaftServerImpl.java:setRole(392)) - af0e5da1-57af-45e9-9aca-fa0798d05628@group-07DD2BB39A51: changes role from  FOLLOWER to CANDIDATE at term 0 for changeToCandidate
2025-10-20 19:49:58,464 [af0e5da1-57af-45e9-9aca-fa0798d05628@group-07DD2BB39A51-FollowerState] INFO  impl.RoleInfo (RoleInfo.java:updateAndGet(148)) - af0e5da1-57af-45e9-9aca-fa0798d05628: start af0e5da1-57af-45e9-9aca-fa0798d05628@group-07DD2BB39A51-LeaderElection14
2025-10-20 19:49:58,465 [af0e5da1-57af-45e9-9aca-fa0798d05628@group-07DD2BB39A51-LeaderElection14] INFO  impl.LeaderElection (LeaderElection.java:askForVotes(448)) - af0e5da1-57af-45e9-9aca-fa0798d05628@group-07DD2BB39A51-LeaderElection14 PRE_VOTE round 0: submit vote requests at term 0 for conf: {index: -1, cur=peers:[af0e5da1-57af-45e9-9aca-fa0798d05628|127.0.0.1:15047]|listeners:[], old=null}
2025-10-20 19:49:58,465 [af0e5da1-57af-45e9-9aca-fa0798d05628@group-07DD2BB39A51-LeaderElection14] INFO  impl.LeaderElection (LeaderElection.java:askForVotes(450)) - af0e5da1-57af-45e9-9aca-fa0798d05628@group-07DD2BB39A51-LeaderElection14 PRE_VOTE round 0: result PASSED (term=0)
2025-10-20 19:49:58,466 [af0e5da1-57af-45e9-9aca-fa0798d05628@group-07DD2BB39A51-LeaderElection14] INFO  impl.LeaderElection (LeaderElection.java:askForVotes(448)) - af0e5da1-57af-45e9-9aca-fa0798d05628@group-07DD2BB39A51-LeaderElection14 ELECTION round 0: submit vote requests at term 1 for conf: {index: -1, cur=peers:[af0e5da1-57af-45e9-9aca-fa0798d05628|127.0.0.1:15047]|listeners:[], old=null}
2025-10-20 19:49:58,466 [af0e5da1-57af-45e9-9aca-fa0798d05628@group-07DD2BB39A51-LeaderElection14] INFO  impl.LeaderElection (LeaderElection.java:askForVotes(450)) - af0e5da1-57af-45e9-9aca-fa0798d05628@group-07DD2BB39A51-LeaderElection14 ELECTION round 0: result PASSED (term=1)
2025-10-20 19:49:58,466 [af0e5da1-57af-45e9-9aca-fa0798d05628@group-07DD2BB39A51-LeaderElection14] INFO  impl.RoleInfo (RoleInfo.java:shutdownLeaderElection(141)) - af0e5da1-57af-45e9-9aca-fa0798d05628: shutdown af0e5da1-57af-45e9-9aca-fa0798d05628@group-07DD2BB39A51-LeaderElection14
2025-10-20 19:49:58,466 [af0e5da1-57af-45e9-9aca-fa0798d05628@group-07DD2BB39A51-LeaderElection14] INFO  server.RaftServer$Division (RaftServerImpl.java:setRole(392)) - af0e5da1-57af-45e9-9aca-fa0798d05628@group-07DD2BB39A51: changes role from CANDIDATE to LEADER at term 1 for changeToLeader
2025-10-20 19:49:58,466 [af0e5da1-57af-45e9-9aca-fa0798d05628@group-07DD2BB39A51-LeaderElection14] INFO  server.RaftServerConfigKeys (ConfUtils.java:logFallback(69)) - raft.server.staging.timeout = 15600ms (fallback to raft.server.rpc.timeout.max)
2025-10-20 19:49:58,467 [af0e5da1-57af-45e9-9aca-fa0798d05628@group-07DD2BB39A51-LeaderElection14] INFO  server.RaftServerConfigKeys (ConfUtils.java:logGet(62)) - raft.server.write.byte-limit = 1024 M (=1073741824) (custom)
2025-10-20 19:49:58,468 [af0e5da1-57af-45e9-9aca-fa0798d05628@group-07DD2BB39A51-LeaderElection14] INFO  impl.RoleInfo (RoleInfo.java:updateAndGet(148)) - af0e5da1-57af-45e9-9aca-fa0798d05628: start af0e5da1-57af-45e9-9aca-fa0798d05628@group-07DD2BB39A51-LeaderStateImpl
2025-10-20 19:49:58,468 [af0e5da1-57af-45e9-9aca-fa0798d05628@group-07DD2BB39A51-LeaderElection14] INFO  server.RaftServer$Division (RaftServerImpl.java:setFirstElection(576)) - af0e5da1-57af-45e9-9aca-fa0798d05628@group-07DD2BB39A51: set firstElectionSinceStartup to false for becomeLeader
2025-10-20 19:49:58,468 [af0e5da1-57af-45e9-9aca-fa0798d05628@group-07DD2BB39A51-LeaderElection14] INFO  ratis.XceiverServerRatis (XceiverServerRatis.java:handleLeaderChangedNotification(940)) - Leader change notification received for group: group-07DD2BB39A51 with new leaderId: af0e5da1-57af-45e9-9aca-fa0798d05628
2025-10-20 19:49:58,468 [af0e5da1-57af-45e9-9aca-fa0798d05628@group-07DD2BB39A51-LeaderElection14] INFO  server.RaftServer$Division (ServerState.java:setLeader(272)) - af0e5da1-57af-45e9-9aca-fa0798d05628@group-07DD2BB39A51: change Leader from null to af0e5da1-57af-45e9-9aca-fa0798d05628 at term 1 for becomeLeader, leader elected after 1112ms
2025-10-20 19:49:58,468 [af0e5da1-57af-45e9-9aca-fa0798d05628@group-07DD2BB39A51-LeaderElection14] INFO  segmented.SegmentedRaftLogWorker (SegmentedRaftLogWorker.java:startLogSegment(440)) - af0e5da1-57af-45e9-9aca-fa0798d05628@group-07DD2BB39A51-SegmentedRaftLogWorker: Starting segment from index:0
2025-10-20 19:49:58,468 [af0e5da1-57af-45e9-9aca-fa0798d05628@group-07DD2BB39A51-LeaderElection14] INFO  server.RaftServer$Division (ServerState.java:setRaftConf(386)) - af0e5da1-57af-45e9-9aca-fa0798d05628@group-07DD2BB39A51: set configuration conf: {index: 0, cur=peers:[af0e5da1-57af-45e9-9aca-fa0798d05628|127.0.0.1:15047]|listeners:[], old=null}
2025-10-20 19:49:58,469 [af0e5da1-57af-45e9-9aca-fa0798d05628@group-07DD2BB39A51-SegmentedRaftLogWorker] INFO  segmented.BufferedWriteChannel (BufferedWriteChannel.java:open(61)) - open log_inprogress_0 at position 0
2025-10-20 19:49:58,472 | INFO  | SCMAudit | user=runner | ip=127.0.0.1 | op=SEND_HEARTBEAT {"datanodeUUID":"af0e5da1-57af-45e9-9aca-fa0798d05628","term":"2","command":"[]"} | ret=SUCCESS |  
2025-10-20 19:49:58,473 [af0e5da1-57af-45e9-9aca-fa0798d05628@group-07DD2BB39A51-SegmentedRaftLogWorker] INFO  segmented.SegmentedRaftLogWorker (SegmentedRaftLogWorker.java:execute(647)) - af0e5da1-57af-45e9-9aca-fa0798d05628@group-07DD2BB39A51-SegmentedRaftLogWorker: created new log segment /home/runner/work/ozone/ozone/hadoop-ozone/integration-test/target/test-dir/MiniOzoneClusterImpl-6935df51-69ff-4c35-8bd4-ed2b81d70e54/ozone-metadata/datanode-5/ratis/856ce2eb-1c22-44a3-8643-07dd2bb39a51/current/log_inprogress_0
2025-10-20 19:49:58,475 [af0e5da1-57af-45e9-9aca-fa0798d05628@group-07DD2BB39A51-StateMachineUpdater] INFO  server.RaftServer$Division (LeaderStateImpl.java:checkStartIndex(309)) - Leader af0e5da1-57af-45e9-9aca-fa0798d05628@group-07DD2BB39A51-LeaderStateImpl is ready since appliedIndex == startIndex == 0
2025-10-20 19:49:58,477 [ForkJoinPool-1-worker-1] INFO  proxy.SCMContainerLocationFailoverProxyProvider (SCMFailoverProxyProviderBase.java:<init>(120)) - Created fail-over proxy for protocol StorageContainerLocationProtocolPB with 1 nodes: [nodeId=scmNodeId,nodeAddress=/0.0.0.0:15000]
2025-10-20 19:49:58,477 [ForkJoinPool-1-worker-1] INFO  om.OzoneManager (OzoneManager.java:startSecretManager(1286)) - Starting OM delegation token secret manager
2025-10-20 19:49:58,478 [ForkJoinPool-1-worker-1] INFO  security.OzoneDelegationTokenSecretManager (OzoneSecretManager.java:updateCurrentKey(179)) - Updated current master key for generating tokens. Cert id 573657406433, Master key id 1
2025-10-20 19:49:58,479 [om1-ExpiredTokenRemover] INFO  security.OzoneDelegationTokenSecretManager (OzoneDelegationTokenSecretManager.java:run(649)) - Starting expired delegation token remover thread, tokenRemoverScanInterval=60 min(s)
2025-10-20 19:49:58,486 [af0e5da1-57af-45e9-9aca-fa0798d05628@group-C8B3A767D7CD-FollowerState] INFO  impl.FollowerState (FollowerState.java:runImpl(161)) - af0e5da1-57af-45e9-9aca-fa0798d05628@group-C8B3A767D7CD-FollowerState: change to CANDIDATE, lastRpcElapsedTime:1144433833ns, electionTimeout:1144ms
2025-10-20 19:49:58,487 [af0e5da1-57af-45e9-9aca-fa0798d05628@group-C8B3A767D7CD-FollowerState] INFO  impl.RoleInfo (RoleInfo.java:shutdownFollowerState(121)) - af0e5da1-57af-45e9-9aca-fa0798d05628: shutdown af0e5da1-57af-45e9-9aca-fa0798d05628@group-C8B3A767D7CD-FollowerState
2025-10-20 19:49:58,487 [af0e5da1-57af-45e9-9aca-fa0798d05628@group-C8B3A767D7CD-FollowerState] INFO  server.RaftServer$Division (RaftServerImpl.java:setRole(392)) - af0e5da1-57af-45e9-9aca-fa0798d05628@group-C8B3A767D7CD: changes role from  FOLLOWER to CANDIDATE at term 0 for changeToCandidate
2025-10-20 19:49:58,487 [af0e5da1-57af-45e9-9aca-fa0798d05628@group-C8B3A767D7CD-FollowerState] INFO  impl.RoleInfo (RoleInfo.java:updateAndGet(148)) - af0e5da1-57af-45e9-9aca-fa0798d05628: start af0e5da1-57af-45e9-9aca-fa0798d05628@group-C8B3A767D7CD-LeaderElection15
2025-10-20 19:49:58,488 [af0e5da1-57af-45e9-9aca-fa0798d05628@group-C8B3A767D7CD-LeaderElection15] INFO  impl.LeaderElection (LeaderElection.java:askForVotes(448)) - af0e5da1-57af-45e9-9aca-fa0798d05628@group-C8B3A767D7CD-LeaderElection15 PRE_VOTE round 0: submit vote requests at term 0 for conf: {index: -1, cur=peers:[b614738c-cdff-4f09-bf59-ed5bb75d51be|127.0.0.1:15055, af0e5da1-57af-45e9-9aca-fa0798d05628|127.0.0.1:15047, c90bff1f-5a1f-42c6-8fca-9533d718c79a|127.0.0.1:15039]|listeners:[], old=null}
2025-10-20 19:49:58,489 [af0e5da1-57af-45e9-9aca-fa0798d05628@group-C8B3A767D7CD-LeaderElection15-1] INFO  server.GrpcServerProtocolClient (GrpcServerProtocolClient.java:<init>(65)) - Build channel for b614738c-cdff-4f09-bf59-ed5bb75d51be|127.0.0.1:15055
2025-10-20 19:49:58,491 [af0e5da1-57af-45e9-9aca-fa0798d05628@group-C8B3A767D7CD-LeaderElection15-2] INFO  server.GrpcServerProtocolClient (GrpcServerProtocolClient.java:<init>(65)) - Build channel for c90bff1f-5a1f-42c6-8fca-9533d718c79a|127.0.0.1:15039
2025-10-20 19:49:58,495 [grpc-default-executor-2] INFO  server.RaftServer$Division (RaftServerImpl.java:requestVote(1421)) - b614738c-cdff-4f09-bf59-ed5bb75d51be@group-C8B3A767D7CD: receive requestVote(PRE_VOTE, af0e5da1-57af-45e9-9aca-fa0798d05628, group-C8B3A767D7CD, 0, <PROTO_DEFAULT>)
2025-10-20 19:49:58,496 [grpc-default-executor-2] INFO  impl.VoteContext (VoteContext.java:log(49)) - b614738c-cdff-4f09-bf59-ed5bb75d51be@group-C8B3A767D7CD-FOLLOWER: accept PRE_VOTE from af0e5da1-57af-45e9-9aca-fa0798d05628: our priority 0 <= candidate's priority 1
2025-10-20 19:49:58,499 [grpc-default-executor-2] INFO  server.RaftServer$Division (RaftServerImpl.java:requestVote(1455)) - b614738c-cdff-4f09-bf59-ed5bb75d51be@group-C8B3A767D7CD replies to PRE_VOTE vote request: af0e5da1-57af-45e9-9aca-fa0798d05628<-b614738c-cdff-4f09-bf59-ed5bb75d51be#0:OK-t0-last:<INITIAL_VALUE>. Peer's state: b614738c-cdff-4f09-bf59-ed5bb75d51be@group-C8B3A767D7CD:t0, leader=null, voted=, raftlog=Memoized:b614738c-cdff-4f09-bf59-ed5bb75d51be@group-C8B3A767D7CD-SegmentedRaftLog:OPENED:c-1:lastnull, conf=conf: {index: -1, cur=peers:[b614738c-cdff-4f09-bf59-ed5bb75d51be|127.0.0.1:15055, af0e5da1-57af-45e9-9aca-fa0798d05628|127.0.0.1:15047, c90bff1f-5a1f-42c6-8fca-9533d718c79a|127.0.0.1:15039]|listeners:[], old=null}
2025-10-20 19:49:58,499 [grpc-default-executor-6] INFO  server.RaftServer$Division (RaftServerImpl.java:requestVote(1421)) - c90bff1f-5a1f-42c6-8fca-9533d718c79a@group-C8B3A767D7CD: receive requestVote(PRE_VOTE, af0e5da1-57af-45e9-9aca-fa0798d05628, group-C8B3A767D7CD, 0, <PROTO_DEFAULT>)
2025-10-20 19:49:58,500 [grpc-default-executor-6] INFO  impl.VoteContext (VoteContext.java:log(49)) - c90bff1f-5a1f-42c6-8fca-9533d718c79a@group-C8B3A767D7CD-FOLLOWER: accept PRE_VOTE from af0e5da1-57af-45e9-9aca-fa0798d05628: our priority 0 <= candidate's priority 1
2025-10-20 19:49:58,500 [grpc-default-executor-6] INFO  server.RaftServer$Division (RaftServerImpl.java:requestVote(1455)) - c90bff1f-5a1f-42c6-8fca-9533d718c79a@group-C8B3A767D7CD replies to PRE_VOTE vote request: af0e5da1-57af-45e9-9aca-fa0798d05628<-c90bff1f-5a1f-42c6-8fca-9533d718c79a#0:OK-t0-last:<INITIAL_VALUE>. Peer's state: c90bff1f-5a1f-42c6-8fca-9533d718c79a@group-C8B3A767D7CD:t0, leader=null, voted=, raftlog=Memoized:c90bff1f-5a1f-42c6-8fca-9533d718c79a@group-C8B3A767D7CD-SegmentedRaftLog:OPENED:c-1:lastnull, conf=conf: {index: -1, cur=peers:[b614738c-cdff-4f09-bf59-ed5bb75d51be|127.0.0.1:15055, af0e5da1-57af-45e9-9aca-fa0798d05628|127.0.0.1:15047, c90bff1f-5a1f-42c6-8fca-9533d718c79a|127.0.0.1:15039]|listeners:[], old=null}
2025-10-20 19:49:58,502 [af0e5da1-57af-45e9-9aca-fa0798d05628@group-C8B3A767D7CD-LeaderElection15] INFO  impl.LeaderElection (LeaderElection.java:logAndReturn(206)) - af0e5da1-57af-45e9-9aca-fa0798d05628@group-C8B3A767D7CD-LeaderElection15: PRE_VOTE PASSED received 1 response(s) and 0 exception(s):
2025-10-20 19:49:58,502 [af0e5da1-57af-45e9-9aca-fa0798d05628@group-C8B3A767D7CD-LeaderElection15] INFO  impl.LeaderElection (LeaderElection.java:logAndReturn(210)) -   Response 0: af0e5da1-57af-45e9-9aca-fa0798d05628<-c90bff1f-5a1f-42c6-8fca-9533d718c79a#0:OK-t0-last:<INITIAL_VALUE>
2025-10-20 19:49:58,502 [af0e5da1-57af-45e9-9aca-fa0798d05628@group-C8B3A767D7CD-LeaderElection15] INFO  impl.LeaderElection (LeaderElection.java:askForVotes(450)) - af0e5da1-57af-45e9-9aca-fa0798d05628@group-C8B3A767D7CD-LeaderElection15 PRE_VOTE round 0: result PASSED
2025-10-20 19:49:58,504 [af0e5da1-57af-45e9-9aca-fa0798d05628@group-C8B3A767D7CD-LeaderElection15] INFO  impl.LeaderElection (LeaderElection.java:askForVotes(448)) - af0e5da1-57af-45e9-9aca-fa0798d05628@group-C8B3A767D7CD-LeaderElection15 ELECTION round 0: submit vote requests at term 1 for conf: {index: -1, cur=peers:[b614738c-cdff-4f09-bf59-ed5bb75d51be|127.0.0.1:15055, af0e5da1-57af-45e9-9aca-fa0798d05628|127.0.0.1:15047, c90bff1f-5a1f-42c6-8fca-9533d718c79a|127.0.0.1:15039]|listeners:[], old=null}
2025-10-20 19:49:58,506 [605be85e-a7f4-44d7-8cfd-f53001b990b0@group-B1406FC7FB54-FollowerState] INFO  impl.FollowerState (FollowerState.java:runImpl(161)) - 605be85e-a7f4-44d7-8cfd-f53001b990b0@group-B1406FC7FB54-FollowerState: change to CANDIDATE, lastRpcElapsedTime:1119801889ns, electionTimeout:1118ms
2025-10-20 19:49:58,506 [605be85e-a7f4-44d7-8cfd-f53001b990b0@group-B1406FC7FB54-FollowerState] INFO  impl.RoleInfo (RoleInfo.java:shutdownFollowerState(121)) - 605be85e-a7f4-44d7-8cfd-f53001b990b0: shutdown 605be85e-a7f4-44d7-8cfd-f53001b990b0@group-B1406FC7FB54-FollowerState
2025-10-20 19:49:58,506 [605be85e-a7f4-44d7-8cfd-f53001b990b0@group-B1406FC7FB54-FollowerState] INFO  server.RaftServer$Division (RaftServerImpl.java:setRole(392)) - 605be85e-a7f4-44d7-8cfd-f53001b990b0@group-B1406FC7FB54: changes role from  FOLLOWER to CANDIDATE at term 0 for changeToCandidate
2025-10-20 19:49:58,506 [605be85e-a7f4-44d7-8cfd-f53001b990b0@group-B1406FC7FB54-FollowerState] INFO  impl.RoleInfo (RoleInfo.java:updateAndGet(148)) - 605be85e-a7f4-44d7-8cfd-f53001b990b0: start 605be85e-a7f4-44d7-8cfd-f53001b990b0@group-B1406FC7FB54-LeaderElection16
2025-10-20 19:49:58,506 [605be85e-a7f4-44d7-8cfd-f53001b990b0@group-B1406FC7FB54-LeaderElection16] INFO  impl.LeaderElection (LeaderElection.java:askForVotes(448)) - 605be85e-a7f4-44d7-8cfd-f53001b990b0@group-B1406FC7FB54-LeaderElection16 PRE_VOTE round 0: submit vote requests at term 0 for conf: {index: -1, cur=peers:[605be85e-a7f4-44d7-8cfd-f53001b990b0|127.0.0.1:15079]|listeners:[], old=null}
2025-10-20 19:49:58,507 [605be85e-a7f4-44d7-8cfd-f53001b990b0@group-B1406FC7FB54-LeaderElection16] INFO  impl.LeaderElection (LeaderElection.java:askForVotes(450)) - 605be85e-a7f4-44d7-8cfd-f53001b990b0@group-B1406FC7FB54-LeaderElection16 PRE_VOTE round 0: result PASSED (term=0)
2025-10-20 19:49:58,509 [605be85e-a7f4-44d7-8cfd-f53001b990b0@group-B1406FC7FB54-LeaderElection16] INFO  impl.LeaderElection (LeaderElection.java:askForVotes(448)) - 605be85e-a7f4-44d7-8cfd-f53001b990b0@group-B1406FC7FB54-LeaderElection16 ELECTION round 0: submit vote requests at term 1 for conf: {index: -1, cur=peers:[605be85e-a7f4-44d7-8cfd-f53001b990b0|127.0.0.1:15079]|listeners:[], old=null}
2025-10-20 19:49:58,509 [605be85e-a7f4-44d7-8cfd-f53001b990b0@group-B1406FC7FB54-LeaderElection16] INFO  impl.LeaderElection (LeaderElection.java:askForVotes(450)) - 605be85e-a7f4-44d7-8cfd-f53001b990b0@group-B1406FC7FB54-LeaderElection16 ELECTION round 0: result PASSED (term=1)
2025-10-20 19:49:58,509 [605be85e-a7f4-44d7-8cfd-f53001b990b0@group-B1406FC7FB54-LeaderElection16] INFO  impl.RoleInfo (RoleInfo.java:shutdownLeaderElection(141)) - 605be85e-a7f4-44d7-8cfd-f53001b990b0: shutdown 605be85e-a7f4-44d7-8cfd-f53001b990b0@group-B1406FC7FB54-LeaderElection16
2025-10-20 19:49:58,509 [605be85e-a7f4-44d7-8cfd-f53001b990b0@group-B1406FC7FB54-LeaderElection16] INFO  server.RaftServer$Division (RaftServerImpl.java:setRole(392)) - 605be85e-a7f4-44d7-8cfd-f53001b990b0@group-B1406FC7FB54: changes role from CANDIDATE to LEADER at term 1 for changeToLeader
2025-10-20 19:49:58,510 [605be85e-a7f4-44d7-8cfd-f53001b990b0@group-B1406FC7FB54-LeaderElection16] INFO  server.RaftServerConfigKeys (ConfUtils.java:logFallback(69)) - raft.server.staging.timeout = 15600ms (fallback to raft.server.rpc.timeout.max)
2025-10-20 19:49:58,510 [grpc-default-executor-6] INFO  server.RaftServer$Division (RaftServerImpl.java:requestVote(1421)) - c90bff1f-5a1f-42c6-8fca-9533d718c79a@group-C8B3A767D7CD: receive requestVote(ELECTION, af0e5da1-57af-45e9-9aca-fa0798d05628, group-C8B3A767D7CD, 1, <PROTO_DEFAULT>)
2025-10-20 19:49:58,510 [605be85e-a7f4-44d7-8cfd-f53001b990b0@group-B1406FC7FB54-LeaderElection16] INFO  server.RaftServerConfigKeys (ConfUtils.java:logGet(62)) - raft.server.write.byte-limit = 1024 M (=1073741824) (custom)
2025-10-20 19:49:58,510 [grpc-default-executor-6] INFO  impl.VoteContext (VoteContext.java:log(49)) - c90bff1f-5a1f-42c6-8fca-9533d718c79a@group-C8B3A767D7CD-FOLLOWER: accept ELECTION from af0e5da1-57af-45e9-9aca-fa0798d05628: our priority 0 <= candidate's priority 1
2025-10-20 19:49:58,510 [grpc-default-executor-6] INFO  server.RaftServer$Division (RaftServerImpl.java:setRole(392)) - c90bff1f-5a1f-42c6-8fca-9533d718c79a@group-C8B3A767D7CD: changes role from  FOLLOWER to FOLLOWER at term 0 for candidate:af0e5da1-57af-45e9-9aca-fa0798d05628
2025-10-20 19:49:58,510 [grpc-default-executor-6] INFO  impl.RoleInfo (RoleInfo.java:shutdownFollowerState(121)) - c90bff1f-5a1f-42c6-8fca-9533d718c79a: shutdown c90bff1f-5a1f-42c6-8fca-9533d718c79a@group-C8B3A767D7CD-FollowerState
2025-10-20 19:49:58,510 [grpc-default-executor-2] INFO  server.RaftServer$Division (RaftServerImpl.java:requestVote(1421)) - b614738c-cdff-4f09-bf59-ed5bb75d51be@group-C8B3A767D7CD: receive requestVote(ELECTION, af0e5da1-57af-45e9-9aca-fa0798d05628, group-C8B3A767D7CD, 1, <PROTO_DEFAULT>)
2025-10-20 19:49:58,510 [grpc-default-executor-2] INFO  impl.VoteContext (VoteContext.java:log(49)) - b614738c-cdff-4f09-bf59-ed5bb75d51be@group-C8B3A767D7CD-FOLLOWER: accept ELECTION from af0e5da1-57af-45e9-9aca-fa0798d05628: our priority 0 <= candidate's priority 1
2025-10-20 19:49:58,510 [grpc-default-executor-2] INFO  server.RaftServer$Division (RaftServerImpl.java:setRole(392)) - b614738c-cdff-4f09-bf59-ed5bb75d51be@group-C8B3A767D7CD: changes role from  FOLLOWER to FOLLOWER at term 0 for candidate:af0e5da1-57af-45e9-9aca-fa0798d05628
2025-10-20 19:49:58,510 [grpc-default-executor-2] INFO  impl.RoleInfo (RoleInfo.java:shutdownFollowerState(121)) - b614738c-cdff-4f09-bf59-ed5bb75d51be: shutdown b614738c-cdff-4f09-bf59-ed5bb75d51be@group-C8B3A767D7CD-FollowerState
2025-10-20 19:49:58,510 [grpc-default-executor-2] INFO  impl.RoleInfo (RoleInfo.java:updateAndGet(148)) - b614738c-cdff-4f09-bf59-ed5bb75d51be: start b614738c-cdff-4f09-bf59-ed5bb75d51be@group-C8B3A767D7CD-FollowerState
2025-10-20 19:49:58,510 [grpc-default-executor-6] INFO  impl.RoleInfo (RoleInfo.java:updateAndGet(148)) - c90bff1f-5a1f-42c6-8fca-9533d718c79a: start c90bff1f-5a1f-42c6-8fca-9533d718c79a@group-C8B3A767D7CD-FollowerState
2025-10-20 19:49:58,511 [grpc-default-executor-2] INFO  server.RaftServer$Division (RaftServerImpl.java:setFirstElection(576)) - b614738c-cdff-4f09-bf59-ed5bb75d51be@group-C8B3A767D7CD: set firstElectionSinceStartup to false for candidate:af0e5da1-57af-45e9-9aca-fa0798d05628
2025-10-20 19:49:58,511 [c90bff1f-5a1f-42c6-8fca-9533d718c79a@group-C8B3A767D7CD-FollowerState] INFO  impl.FollowerState (FollowerState.java:runImpl(170)) - c90bff1f-5a1f-42c6-8fca-9533d718c79a@group-C8B3A767D7CD-FollowerState was interrupted
2025-10-20 19:49:58,511 [b614738c-cdff-4f09-bf59-ed5bb75d51be@group-C8B3A767D7CD-FollowerState] INFO  impl.FollowerState (FollowerState.java:runImpl(170)) - b614738c-cdff-4f09-bf59-ed5bb75d51be@group-C8B3A767D7CD-FollowerState was interrupted
2025-10-20 19:49:58,512 [605be85e-a7f4-44d7-8cfd-f53001b990b0@group-B1406FC7FB54-LeaderElection16] INFO  impl.RoleInfo (RoleInfo.java:updateAndGet(148)) - 605be85e-a7f4-44d7-8cfd-f53001b990b0: start 605be85e-a7f4-44d7-8cfd-f53001b990b0@group-B1406FC7FB54-LeaderStateImpl
2025-10-20 19:49:58,512 [605be85e-a7f4-44d7-8cfd-f53001b990b0@group-B1406FC7FB54-LeaderElection16] INFO  server.RaftServer$Division (RaftServerImpl.java:setFirstElection(576)) - 605be85e-a7f4-44d7-8cfd-f53001b990b0@group-B1406FC7FB54: set firstElectionSinceStartup to false for becomeLeader
2025-10-20 19:49:58,512 [grpc-default-executor-2] INFO  server.RaftServer$Division (RaftServerImpl.java:requestVote(1455)) - b614738c-cdff-4f09-bf59-ed5bb75d51be@group-C8B3A767D7CD replies to ELECTION vote request: af0e5da1-57af-45e9-9aca-fa0798d05628<-b614738c-cdff-4f09-bf59-ed5bb75d51be#0:OK-t1-last:<INITIAL_VALUE>. Peer's state: b614738c-cdff-4f09-bf59-ed5bb75d51be@group-C8B3A767D7CD:t1, leader=null, voted=af0e5da1-57af-45e9-9aca-fa0798d05628, raftlog=Memoized:b614738c-cdff-4f09-bf59-ed5bb75d51be@group-C8B3A767D7CD-SegmentedRaftLog:OPENED:c-1:lastnull, conf=conf: {index: -1, cur=peers:[b614738c-cdff-4f09-bf59-ed5bb75d51be|127.0.0.1:15055, af0e5da1-57af-45e9-9aca-fa0798d05628|127.0.0.1:15047, c90bff1f-5a1f-42c6-8fca-9533d718c79a|127.0.0.1:15039]|listeners:[], old=null}
2025-10-20 19:49:58,513 [605be85e-a7f4-44d7-8cfd-f53001b990b0@group-B1406FC7FB54-LeaderElection16] INFO  ratis.XceiverServerRatis (XceiverServerRatis.java:handleLeaderChangedNotification(940)) - Leader change notification received for group: group-B1406FC7FB54 with new leaderId: 605be85e-a7f4-44d7-8cfd-f53001b990b0
2025-10-20 19:49:58,514 [605be85e-a7f4-44d7-8cfd-f53001b990b0@group-B1406FC7FB54-LeaderElection16] INFO  server.RaftServer$Division (ServerState.java:setLeader(272)) - 605be85e-a7f4-44d7-8cfd-f53001b990b0@group-B1406FC7FB54: change Leader from null to 605be85e-a7f4-44d7-8cfd-f53001b990b0 at term 1 for becomeLeader, leader elected after 1173ms
2025-10-20 19:49:58,514 [605be85e-a7f4-44d7-8cfd-f53001b990b0@group-B1406FC7FB54-LeaderElection16] INFO  segmented.SegmentedRaftLogWorker (SegmentedRaftLogWorker.java:startLogSegment(440)) - 605be85e-a7f4-44d7-8cfd-f53001b990b0@group-B1406FC7FB54-SegmentedRaftLogWorker: Starting segment from index:0
2025-10-20 19:49:58,513 [grpc-default-executor-6] INFO  server.RaftServer$Division (RaftServerImpl.java:requestVote(1455)) - c90bff1f-5a1f-42c6-8fca-9533d718c79a@group-C8B3A767D7CD replies to ELECTION vote request: af0e5da1-57af-45e9-9aca-fa0798d05628<-c90bff1f-5a1f-42c6-8fca-9533d718c79a#0:OK-t1-last:<INITIAL_VALUE>. Peer's state: c90bff1f-5a1f-42c6-8fca-9533d718c79a@group-C8B3A767D7CD:t1, leader=null, voted=af0e5da1-57af-45e9-9aca-fa0798d05628, raftlog=Memoized:c90bff1f-5a1f-42c6-8fca-9533d718c79a@group-C8B3A767D7CD-SegmentedRaftLog:OPENED:c-1:lastnull, conf=conf: {index: -1, cur=peers:[b614738c-cdff-4f09-bf59-ed5bb75d51be|127.0.0.1:15055, af0e5da1-57af-45e9-9aca-fa0798d05628|127.0.0.1:15047, c90bff1f-5a1f-42c6-8fca-9533d718c79a|127.0.0.1:15039]|listeners:[], old=null}
2025-10-20 19:49:58,515 [605be85e-a7f4-44d7-8cfd-f53001b990b0@group-B1406FC7FB54-LeaderElection16] INFO  server.RaftServer$Division (ServerState.java:setRaftConf(386)) - 605be85e-a7f4-44d7-8cfd-f53001b990b0@group-B1406FC7FB54: set configuration conf: {index: 0, cur=peers:[605be85e-a7f4-44d7-8cfd-f53001b990b0|127.0.0.1:15079]|listeners:[], old=null}
2025-10-20 19:49:58,515 [af0e5da1-57af-45e9-9aca-fa0798d05628@group-C8B3A767D7CD-LeaderElection15] INFO  impl.LeaderElection (LeaderElection.java:logAndReturn(206)) - af0e5da1-57af-45e9-9aca-fa0798d05628@group-C8B3A767D7CD-LeaderElection15: ELECTION PASSED received 1 response(s) and 0 exception(s):
2025-10-20 19:49:58,515 [af0e5da1-57af-45e9-9aca-fa0798d05628@group-C8B3A767D7CD-LeaderElection15] INFO  impl.LeaderElection (LeaderElection.java:logAndReturn(210)) -   Response 0: af0e5da1-57af-45e9-9aca-fa0798d05628<-b614738c-cdff-4f09-bf59-ed5bb75d51be#0:OK-t1-last:<INITIAL_VALUE>
2025-10-20 19:49:58,515 [af0e5da1-57af-45e9-9aca-fa0798d05628@group-C8B3A767D7CD-LeaderElection15] INFO  impl.LeaderElection (LeaderElection.java:askForVotes(450)) - af0e5da1-57af-45e9-9aca-fa0798d05628@group-C8B3A767D7CD-LeaderElection15 ELECTION round 0: result PASSED
2025-10-20 19:49:58,515 [af0e5da1-57af-45e9-9aca-fa0798d05628@group-C8B3A767D7CD-LeaderElection15] INFO  impl.RoleInfo (RoleInfo.java:shutdownLeaderElection(141)) - af0e5da1-57af-45e9-9aca-fa0798d05628: shutdown af0e5da1-57af-45e9-9aca-fa0798d05628@group-C8B3A767D7CD-LeaderElection15
2025-10-20 19:49:58,515 [af0e5da1-57af-45e9-9aca-fa0798d05628@group-C8B3A767D7CD-LeaderElection15] INFO  server.RaftServer$Division (RaftServerImpl.java:setRole(392)) - af0e5da1-57af-45e9-9aca-fa0798d05628@group-C8B3A767D7CD: changes role from CANDIDATE to LEADER at term 1 for changeToLeader
2025-10-20 19:49:58,515 [af0e5da1-57af-45e9-9aca-fa0798d05628@group-C8B3A767D7CD-LeaderElection15] INFO  server.RaftServerConfigKeys (ConfUtils.java:logFallback(69)) - raft.server.staging.timeout = 15600ms (fallback to raft.server.rpc.timeout.max)
2025-10-20 19:49:58,515 [af0e5da1-57af-45e9-9aca-fa0798d05628@group-C8B3A767D7CD-LeaderElection15] INFO  server.RaftServerConfigKeys (ConfUtils.java:logGet(62)) - raft.server.write.byte-limit = 1024 M (=1073741824) (custom)
2025-10-20 19:49:58,515 [605be85e-a7f4-44d7-8cfd-f53001b990b0@group-B1406FC7FB54-SegmentedRaftLogWorker] INFO  segmented.BufferedWriteChannel (BufferedWriteChannel.java:open(61)) - open log_inprogress_0 at position 0
2025-10-20 19:49:58,517 [af0e5da1-57af-45e9-9aca-fa0798d05628@group-C8B3A767D7CD-LeaderElection15] INFO  server.RaftServerConfigKeys (ConfUtils.java:logGet(62)) - raft.server.log.appender.buffer.byte-limit = 33554432 (custom)
2025-10-20 19:49:58,520 [af0e5da1-57af-45e9-9aca-fa0798d05628@group-C8B3A767D7CD-LeaderElection15] INFO  server.RaftServerConfigKeys (ConfUtils.java:logGet(62)) - raft.server.log.appender.buffer.byte-limit = 33554432 (custom)
2025-10-20 19:49:58,520 | INFO  | SCMAudit | user=runner | ip=127.0.0.1 | op=SEND_HEARTBEAT {"datanodeUUID":"605be85e-a7f4-44d7-8cfd-f53001b990b0","term":"2","command":"[]"} | ret=SUCCESS |  
2025-10-20 19:49:58,521 [605be85e-a7f4-44d7-8cfd-f53001b990b0@group-B1406FC7FB54-SegmentedRaftLogWorker] INFO  segmented.SegmentedRaftLogWorker (SegmentedRaftLogWorker.java:execute(647)) - 605be85e-a7f4-44d7-8cfd-f53001b990b0@group-B1406FC7FB54-SegmentedRaftLogWorker: created new log segment /home/runner/work/ozone/ozone/hadoop-ozone/integration-test/target/test-dir/MiniOzoneClusterImpl-6935df51-69ff-4c35-8bd4-ed2b81d70e54/ozone-metadata/datanode-9/ratis/e6175e89-edf4-4ae0-8959-b1406fc7fb54/current/log_inprogress_0
2025-10-20 19:49:58,521 [af0e5da1-57af-45e9-9aca-fa0798d05628@group-C8B3A767D7CD-LeaderElection15] INFO  impl.RoleInfo (RoleInfo.java:updateAndGet(148)) - af0e5da1-57af-45e9-9aca-fa0798d05628: start af0e5da1-57af-45e9-9aca-fa0798d05628@group-C8B3A767D7CD-LeaderStateImpl
2025-10-20 19:49:58,522 [af0e5da1-57af-45e9-9aca-fa0798d05628@group-C8B3A767D7CD-LeaderElection15] INFO  server.RaftServer$Division (RaftServerImpl.java:setFirstElection(576)) - af0e5da1-57af-45e9-9aca-fa0798d05628@group-C8B3A767D7CD: set firstElectionSinceStartup to false for becomeLeader
2025-10-20 19:49:58,522 [af0e5da1-57af-45e9-9aca-fa0798d05628@group-C8B3A767D7CD-LeaderElection15] INFO  ratis.XceiverServerRatis (XceiverServerRatis.java:handleLeaderChangedNotification(940)) - Leader change notification received for group: group-C8B3A767D7CD with new leaderId: af0e5da1-57af-45e9-9aca-fa0798d05628
2025-10-20 19:49:58,522 [af0e5da1-57af-45e9-9aca-fa0798d05628@group-C8B3A767D7CD-LeaderElection15] INFO  server.RaftServer$Division (ServerState.java:setLeader(272)) - af0e5da1-57af-45e9-9aca-fa0798d05628@group-C8B3A767D7CD: change Leader from null to af0e5da1-57af-45e9-9aca-fa0798d05628 at term 1 for becomeLeader, leader elected after 1204ms
2025-10-20 19:49:58,522 [af0e5da1-57af-45e9-9aca-fa0798d05628@group-C8B3A767D7CD-LeaderElection15] INFO  segmented.SegmentedRaftLogWorker (SegmentedRaftLogWorker.java:startLogSegment(440)) - af0e5da1-57af-45e9-9aca-fa0798d05628@group-C8B3A767D7CD-SegmentedRaftLogWorker: Starting segment from index:0
2025-10-20 19:49:58,522 [af0e5da1-57af-45e9-9aca-fa0798d05628@group-C8B3A767D7CD-LeaderElection15] INFO  server.RaftServer$Division (ServerState.java:setRaftConf(386)) - af0e5da1-57af-45e9-9aca-fa0798d05628@group-C8B3A767D7CD: set configuration conf: {index: 0, cur=peers:[b614738c-cdff-4f09-bf59-ed5bb75d51be|127.0.0.1:15055, af0e5da1-57af-45e9-9aca-fa0798d05628|127.0.0.1:15047, c90bff1f-5a1f-42c6-8fca-9533d718c79a|127.0.0.1:15039]|listeners:[], old=null}
2025-10-20 19:49:58,523 [af0e5da1-57af-45e9-9aca-fa0798d05628@group-C8B3A767D7CD-SegmentedRaftLogWorker] INFO  segmented.BufferedWriteChannel (BufferedWriteChannel.java:open(61)) - open log_inprogress_0 at position 0
2025-10-20 19:49:58,526 [605be85e-a7f4-44d7-8cfd-f53001b990b0@group-B1406FC7FB54-StateMachineUpdater] INFO  server.RaftServer$Division (LeaderStateImpl.java:checkStartIndex(309)) - Leader 605be85e-a7f4-44d7-8cfd-f53001b990b0@group-B1406FC7FB54-LeaderStateImpl is ready since appliedIndex == startIndex == 0
2025-10-20 19:49:58,531 [grpc-default-executor-1] INFO  ratis.XceiverServerRatis (XceiverServerRatis.java:handleLeaderChangedNotification(940)) - Leader change notification received for group: group-C8B3A767D7CD with new leaderId: af0e5da1-57af-45e9-9aca-fa0798d05628
2025-10-20 19:49:58,532 [grpc-default-executor-1] INFO  server.RaftServer$Division (ServerState.java:setLeader(272)) - c90bff1f-5a1f-42c6-8fca-9533d718c79a@group-C8B3A767D7CD: change Leader from null to af0e5da1-57af-45e9-9aca-fa0798d05628 at term 1 for appendEntries, leader elected after 1249ms
2025-10-20 19:49:58,532 [grpc-default-executor-6] INFO  ratis.XceiverServerRatis (XceiverServerRatis.java:handleLeaderChangedNotification(940)) - Leader change notification received for group: group-C8B3A767D7CD with new leaderId: af0e5da1-57af-45e9-9aca-fa0798d05628
2025-10-20 19:49:58,532 | INFO  | SCMAudit | user=runner | ip=127.0.0.1 | op=SEND_HEARTBEAT {"datanodeUUID":"af0e5da1-57af-45e9-9aca-fa0798d05628","term":"2","command":"[]"} | ret=SUCCESS |  
2025-10-20 19:49:58,532 [grpc-default-executor-6] INFO  server.RaftServer$Division (ServerState.java:setLeader(272)) - b614738c-cdff-4f09-bf59-ed5bb75d51be@group-C8B3A767D7CD: change Leader from null to af0e5da1-57af-45e9-9aca-fa0798d05628 at term 1 for appendEntries, leader elected after 1165ms
2025-10-20 19:49:58,532 [grpc-default-executor-1] INFO  server.RaftServer$Division (ServerState.java:setRaftConf(386)) - c90bff1f-5a1f-42c6-8fca-9533d718c79a@group-C8B3A767D7CD: set configuration conf: {index: 0, cur=peers:[b614738c-cdff-4f09-bf59-ed5bb75d51be|127.0.0.1:15055, af0e5da1-57af-45e9-9aca-fa0798d05628|127.0.0.1:15047, c90bff1f-5a1f-42c6-8fca-9533d718c79a|127.0.0.1:15039]|listeners:[], old=null}
2025-10-20 19:49:58,532 [grpc-default-executor-6] INFO  server.RaftServer$Division (ServerState.java:setRaftConf(386)) - b614738c-cdff-4f09-bf59-ed5bb75d51be@group-C8B3A767D7CD: set configuration conf: {index: 0, cur=peers:[b614738c-cdff-4f09-bf59-ed5bb75d51be|127.0.0.1:15055, af0e5da1-57af-45e9-9aca-fa0798d05628|127.0.0.1:15047, c90bff1f-5a1f-42c6-8fca-9533d718c79a|127.0.0.1:15039]|listeners:[], old=null}
2025-10-20 19:49:58,532 [grpc-default-executor-6] INFO  segmented.SegmentedRaftLogWorker (SegmentedRaftLogWorker.java:startLogSegment(440)) - b614738c-cdff-4f09-bf59-ed5bb75d51be@group-C8B3A767D7CD-SegmentedRaftLogWorker: Starting segment from index:0
2025-10-20 19:49:58,534 [b614738c-cdff-4f09-bf59-ed5bb75d51be@group-C8B3A767D7CD-SegmentedRaftLogWorker] INFO  segmented.BufferedWriteChannel (BufferedWriteChannel.java:open(61)) - open log_inprogress_0 at position 0
2025-10-20 19:49:58,534 [grpc-default-executor-1] INFO  segmented.SegmentedRaftLogWorker (SegmentedRaftLogWorker.java:startLogSegment(440)) - c90bff1f-5a1f-42c6-8fca-9533d718c79a@group-C8B3A767D7CD-SegmentedRaftLogWorker: Starting segment from index:0
2025-10-20 19:49:58,534 | INFO  | SCMAudit | user=runner | ip=127.0.0.1 | op=SEND_HEARTBEAT {"datanodeUUID":"38991c48-ffb3-4453-b758-77d6b4ebc62b","term":"2","command":"[]"} | ret=SUCCESS |  
2025-10-20 19:49:58,536 [c90bff1f-5a1f-42c6-8fca-9533d718c79a@group-C8B3A767D7CD-SegmentedRaftLogWorker] INFO  segmented.BufferedWriteChannel (BufferedWriteChannel.java:open(61)) - open log_inprogress_0 at position 0
2025-10-20 19:49:58,536 [af0e5da1-57af-45e9-9aca-fa0798d05628@group-C8B3A767D7CD-SegmentedRaftLogWorker] INFO  segmented.SegmentedRaftLogWorker (SegmentedRaftLogWorker.java:execute(647)) - af0e5da1-57af-45e9-9aca-fa0798d05628@group-C8B3A767D7CD-SegmentedRaftLogWorker: created new log segment /home/runner/work/ozone/ozone/hadoop-ozone/integration-test/target/test-dir/MiniOzoneClusterImpl-6935df51-69ff-4c35-8bd4-ed2b81d70e54/ozone-metadata/datanode-5/ratis/ba8f49ac-c35b-4342-9840-c8b3a767d7cd/current/log_inprogress_0
2025-10-20 19:49:58,542 [EventQueue-PipelineReportForPipelineReportHandler] INFO  pipeline.PipelineReportHandler (PipelineReportHandler.java:processPipelineReport(132)) - Opened pipeline Pipeline-ba8f49ac-c35b-4342-9840-c8b3a767d7cd
2025-10-20 19:49:58,543 [b614738c-cdff-4f09-bf59-ed5bb75d51be@group-C8B3A767D7CD-SegmentedRaftLogWorker] INFO  segmented.SegmentedRaftLogWorker (SegmentedRaftLogWorker.java:execute(647)) - b614738c-cdff-4f09-bf59-ed5bb75d51be@group-C8B3A767D7CD-SegmentedRaftLogWorker: created new log segment /home/runner/work/ozone/ozone/hadoop-ozone/integration-test/target/test-dir/MiniOzoneClusterImpl-6935df51-69ff-4c35-8bd4-ed2b81d70e54/ozone-metadata/datanode-6/ratis/ba8f49ac-c35b-4342-9840-c8b3a767d7cd/current/log_inprogress_0
2025-10-20 19:49:58,544 [c90bff1f-5a1f-42c6-8fca-9533d718c79a@group-C8B3A767D7CD-SegmentedRaftLogWorker] INFO  segmented.SegmentedRaftLogWorker (SegmentedRaftLogWorker.java:execute(647)) - c90bff1f-5a1f-42c6-8fca-9533d718c79a@group-C8B3A767D7CD-SegmentedRaftLogWorker: created new log segment /home/runner/work/ozone/ozone/hadoop-ozone/integration-test/target/test-dir/MiniOzoneClusterImpl-6935df51-69ff-4c35-8bd4-ed2b81d70e54/ozone-metadata/datanode-4/ratis/ba8f49ac-c35b-4342-9840-c8b3a767d7cd/current/log_inprogress_0
2025-10-20 19:49:58,549 [af0e5da1-57af-45e9-9aca-fa0798d05628@group-C8B3A767D7CD-StateMachineUpdater] INFO  server.RaftServer$Division (LeaderStateImpl.java:checkStartIndex(309)) - Leader af0e5da1-57af-45e9-9aca-fa0798d05628@group-C8B3A767D7CD-LeaderStateImpl is ready since appliedIndex == startIndex == 0
2025-10-20 19:49:58,555 [33f74daf-be7a-4306-b2af-53e409c4cb93-CreatePipelineCommandHandlerThread-0] INFO  server.RaftServer (RaftServerProxy.java:addNew(105)) - 33f74daf-be7a-4306-b2af-53e409c4cb93: addNew group-8E8D9A2D6271:[33f74daf-be7a-4306-b2af-53e409c4cb93|127.0.0.1:15087] returns group-8E8D9A2D6271:java.util.concurrent.CompletableFuture@848419[Not completed]
2025-10-20 19:49:58,557 [33f74daf-be7a-4306-b2af-53e409c4cb93-groupManagement] INFO  server.RaftServer$Division (RaftServerImpl.java:<init>(268)) - 33f74daf-be7a-4306-b2af-53e409c4cb93: new RaftServerImpl for group-8E8D9A2D6271:[33f74daf-be7a-4306-b2af-53e409c4cb93|127.0.0.1:15087] with ContainerStateMachine:uninitialized
2025-10-20 19:49:58,557 [33f74daf-be7a-4306-b2af-53e409c4cb93-groupManagement] INFO  server.RaftServer$Division (ServerState.java:<init>(114)) - 33f74daf-be7a-4306-b2af-53e409c4cb93@group-8E8D9A2D6271: ConfigurationManager, init=conf: {index: -1, cur=peers:[33f74daf-be7a-4306-b2af-53e409c4cb93|127.0.0.1:15087]|listeners:[], old=null}, confs=<EMPTY_MAP>
2025-10-20 19:49:58,562 [33f74daf-be7a-4306-b2af-53e409c4cb93-groupManagement] INFO  server.RaftServerConfigKeys (ConfUtils.java:logGet(62)) - raft.server.storage.dir = [/home/runner/work/ozone/ozone/hadoop-ozone/integration-test/target/test-dir/MiniOzoneClusterImpl-6935df51-69ff-4c35-8bd4-ed2b81d70e54/ozone-metadata/datanode-10/ratis] (custom)
2025-10-20 19:49:58,563 [33f74daf-be7a-4306-b2af-53e409c4cb93-groupManagement] INFO  storage.RaftStorageDirectory (RaftStorageDirectoryImpl.java:analyzeStorage(138)) - The storage directory /home/runner/work/ozone/ozone/hadoop-ozone/integration-test/target/test-dir/MiniOzoneClusterImpl-6935df51-69ff-4c35-8bd4-ed2b81d70e54/ozone-metadata/datanode-10/ratis/ae22d26e-ff63-40aa-9518-8e8d9a2d6271 does not exist. Creating ...
2025-10-20 19:49:58,564 [33f74daf-be7a-4306-b2af-53e409c4cb93-groupManagement] INFO  storage.RaftStorageDirectory (RaftStorageDirectoryImpl.java:tryLock(229)) - Lock on /home/runner/work/ozone/ozone/hadoop-ozone/integration-test/target/test-dir/MiniOzoneClusterImpl-6935df51-69ff-4c35-8bd4-ed2b81d70e54/ozone-metadata/datanode-10/ratis/ae22d26e-ff63-40aa-9518-8e8d9a2d6271/in_use.lock acquired by nodename 12924@localhost
2025-10-20 19:49:58,565 [33f74daf-be7a-4306-b2af-53e409c4cb93-groupManagement] INFO  storage.RaftStorage (RaftStorageImpl.java:format(98)) - Storage directory /home/runner/work/ozone/ozone/hadoop-ozone/integration-test/target/test-dir/MiniOzoneClusterImpl-6935df51-69ff-4c35-8bd4-ed2b81d70e54/ozone-metadata/datanode-10/ratis/ae22d26e-ff63-40aa-9518-8e8d9a2d6271 has been successfully formatted.
2025-10-20 19:49:58,565 [33f74daf-be7a-4306-b2af-53e409c4cb93-groupManagement] INFO  ratis.ContainerStateMachine (ContainerStateMachine.java:initialize(339)) - 33f74daf-be7a-4306-b2af-53e409c4cb93: initialize group-8E8D9A2D6271
2025-10-20 19:49:58,565 [33f74daf-be7a-4306-b2af-53e409c4cb93-groupManagement] INFO  ratis.ContainerStateMachine (ContainerStateMachine.java:loadSnapshot(347)) - group-8E8D9A2D6271: The snapshot info is null. Setting the last applied index to:<INITIAL_VALUE>
2025-10-20 19:49:58,565 [33f74daf-be7a-4306-b2af-53e409c4cb93-groupManagement] INFO  server.RaftServerConfigKeys (ConfUtils.java:logGet(62)) - raft.server.log.appender.buffer.byte-limit = 33554432 (custom)
2025-10-20 19:49:58,566 [ForkJoinPool-1-worker-1] INFO  rpc.RpcClient (RpcClient.java:createVolume(461)) - Creating Volume: f5748960-3c9c-461d-8285-888e701b29e9, with runner as owner and space quota set to -1 bytes, counts quota set to -1
2025-10-20 19:49:58,567 [33f74daf-be7a-4306-b2af-53e409c4cb93-groupManagement] INFO  server.RaftServerConfigKeys (ConfUtils.java:logGet(62)) - raft.server.log.segment.size.max = 67108864 (custom)
2025-10-20 19:49:58,567 | INFO  | SCMAudit | user=runner | ip=127.0.0.1 | op=SEND_HEARTBEAT {"datanodeUUID":"33f74daf-be7a-4306-b2af-53e409c4cb93","term":"2","command":"[]"} | ret=SUCCESS |  
2025-10-20 19:49:58,568 [33f74daf-be7a-4306-b2af-53e409c4cb93-groupManagement] INFO  server.RaftServerConfigKeys (ConfUtils.java:logGet(62)) - raft.server.log.appender.buffer.byte-limit = 33554432 (custom)
2025-10-20 19:49:58,568 [33f74daf-be7a-4306-b2af-53e409c4cb93-groupManagement] INFO  util.AwaitToRun (AwaitToRun.java:start(81)) - Thread[#1758,33f74daf-be7a-4306-b2af-53e409c4cb93@group-8E8D9A2D6271-cacheEviction-AwaitToRun,5,main] started
2025-10-20 19:49:58,569 [33f74daf-be7a-4306-b2af-53e409c4cb93-groupManagement] INFO  segmented.SegmentedRaftLogWorker (SegmentedRaftLogWorker.java:<init>(190)) - new 33f74daf-be7a-4306-b2af-53e409c4cb93@group-8E8D9A2D6271-SegmentedRaftLogWorker for RaftStorageImpl:Storage Directory /home/runner/work/ozone/ozone/hadoop-ozone/integration-test/target/test-dir/MiniOzoneClusterImpl-6935df51-69ff-4c35-8bd4-ed2b81d70e54/ozone-metadata/datanode-10/ratis/ae22d26e-ff63-40aa-9518-8e8d9a2d6271
2025-10-20 19:49:58,569 [33f74daf-be7a-4306-b2af-53e409c4cb93-groupManagement] INFO  server.RaftServerConfigKeys (ConfUtils.java:logGet(62)) - raft.server.log.queue.byte-limit = 4294967296 (custom)
2025-10-20 19:49:58,569 [33f74daf-be7a-4306-b2af-53e409c4cb93-groupManagement] INFO  server.RaftServerConfigKeys (ConfUtils.java:logGet(62)) - raft.server.log.segment.size.max = 67108864 (custom)
2025-10-20 19:49:58,570 [33f74daf-be7a-4306-b2af-53e409c4cb93-groupManagement] INFO  server.RaftServerConfigKeys (ConfUtils.java:logGet(62)) - raft.server.log.preallocated.size = 4194304 (custom)
2025-10-20 19:49:58,570 [33f74daf-be7a-4306-b2af-53e409c4cb93-groupManagement] INFO  server.RaftServerConfigKeys (ConfUtils.java:logGet(62)) - raft.server.log.write.buffer.size = 33554440 (custom)
2025-10-20 19:49:58,571 [EventQueue-PipelineReportForPipelineReportHandler] INFO  pipeline.PipelineReportHandler (PipelineReportHandler.java:processPipelineReport(132)) - Opened pipeline Pipeline-ae22d26e-ff63-40aa-9518-8e8d9a2d6271
2025-10-20 19:49:58,579 [605be85e-a7f4-44d7-8cfd-f53001b990b0@group-E9F55728802D-FollowerState] INFO  impl.FollowerState (FollowerState.java:runImpl(161)) - 605be85e-a7f4-44d7-8cfd-f53001b990b0@group-E9F55728802D-FollowerState: change to CANDIDATE, lastRpcElapsedTime:1143751649ns, electionTimeout:1143ms
2025-10-20 19:49:58,579 [605be85e-a7f4-44d7-8cfd-f53001b990b0@group-E9F55728802D-FollowerState] INFO  impl.RoleInfo (RoleInfo.java:shutdownFollowerState(121)) - 605be85e-a7f4-44d7-8cfd-f53001b990b0: shutdown 605be85e-a7f4-44d7-8cfd-f53001b990b0@group-E9F55728802D-FollowerState
2025-10-20 19:49:58,579 [605be85e-a7f4-44d7-8cfd-f53001b990b0@group-E9F55728802D-FollowerState] INFO  server.RaftServer$Division (RaftServerImpl.java:setRole(392)) - 605be85e-a7f4-44d7-8cfd-f53001b990b0@group-E9F55728802D: changes role from  FOLLOWER to CANDIDATE at term 0 for changeToCandidate
2025-10-20 19:49:58,579 [33f74daf-be7a-4306-b2af-53e409c4cb93-groupManagement] INFO  server.RaftServerConfigKeys (ConfUtils.java:logGet(62)) - raft.server.log.appender.buffer.byte-limit = 33554432 (custom)
2025-10-20 19:49:58,579 [605be85e-a7f4-44d7-8cfd-f53001b990b0@group-E9F55728802D-FollowerState] INFO  impl.RoleInfo (RoleInfo.java:updateAndGet(148)) - 605be85e-a7f4-44d7-8cfd-f53001b990b0: start 605be85e-a7f4-44d7-8cfd-f53001b990b0@group-E9F55728802D-LeaderElection17
2025-10-20 19:49:58,579 [33f74daf-be7a-4306-b2af-53e409c4cb93-groupManagement] INFO  segmented.SegmentedRaftLogWorker (SegmentedRaftLogWorker.java:lambda$new$0(141)) - 33f74daf-be7a-4306-b2af-53e409c4cb93@group-8E8D9A2D6271-SegmentedRaftLogWorker: flushIndex: setUnconditionally 0 -> -1
2025-10-20 19:49:58,579 [33f74daf-be7a-4306-b2af-53e409c4cb93-groupManagement] INFO  segmented.SegmentedRaftLogWorker (SegmentedRaftLogWorker.java:lambda$new$0(141)) - 33f74daf-be7a-4306-b2af-53e409c4cb93@group-8E8D9A2D6271-SegmentedRaftLogWorker: safeCacheEvictIndex: setUnconditionally 0 -> -1
2025-10-20 19:49:58,580 [605be85e-a7f4-44d7-8cfd-f53001b990b0@group-E9F55728802D-LeaderElection17] INFO  impl.LeaderElection (LeaderElection.java:askForVotes(448)) - 605be85e-a7f4-44d7-8cfd-f53001b990b0@group-E9F55728802D-LeaderElection17 PRE_VOTE round 0: submit vote requests at term 0 for conf: {index: -1, cur=peers:[cc7fbe85-1d98-437b-84f9-04213fee10f0|127.0.0.1:15063, 7bb0e7f0-2b36-4ec0-8a09-ceac75d91a36|127.0.0.1:15071, 605be85e-a7f4-44d7-8cfd-f53001b990b0|127.0.0.1:15079]|listeners:[], old=null}
2025-10-20 19:49:58,580 [33f74daf-be7a-4306-b2af-53e409c4cb93-groupManagement] INFO  server.RaftServer$Division (RaftServerImpl.java:start(405)) - 33f74daf-be7a-4306-b2af-53e409c4cb93@group-8E8D9A2D6271: start as a follower, conf=conf: {index: -1, cur=peers:[33f74daf-be7a-4306-b2af-53e409c4cb93|127.0.0.1:15087]|listeners:[], old=null}
2025-10-20 19:49:58,580 [33f74daf-be7a-4306-b2af-53e409c4cb93-groupManagement] INFO  server.RaftServer$Division (RaftServerImpl.java:setRole(392)) - 33f74daf-be7a-4306-b2af-53e409c4cb93@group-8E8D9A2D6271: changes role from      null to FOLLOWER at term 0 for startAsFollower
2025-10-20 19:49:58,580 [33f74daf-be7a-4306-b2af-53e409c4cb93-groupManagement] INFO  impl.RoleInfo (RoleInfo.java:updateAndGet(148)) - 33f74daf-be7a-4306-b2af-53e409c4cb93: start 33f74daf-be7a-4306-b2af-53e409c4cb93@group-8E8D9A2D6271-FollowerState
2025-10-20 19:49:58,580 [33f74daf-be7a-4306-b2af-53e409c4cb93-groupManagement] INFO  util.JmxRegister (JmxRegister.java:tryRegister(44)) - Successfully registered JMX Bean with object name Ratis:service=RaftServer,group=group-8E8D9A2D6271,id=33f74daf-be7a-4306-b2af-53e409c4cb93
2025-10-20 19:49:58,581 [33f74daf-be7a-4306-b2af-53e409c4cb93-groupManagement] INFO  util.JmxRegister (JmxRegister.java:register(58)) - register mxBean class org.apache.ratis.server.impl.RaftServerJmxAdapter as Ratis:service=RaftServer,group=group-8E8D9A2D6271,id=33f74daf-be7a-4306-b2af-53e409c4cb93
2025-10-20 19:49:58,581 [605be85e-a7f4-44d7-8cfd-f53001b990b0@group-E9F55728802D-LeaderElection17-1] INFO  server.GrpcServerProtocolClient (GrpcServerProtocolClient.java:<init>(65)) - Build channel for cc7fbe85-1d98-437b-84f9-04213fee10f0|127.0.0.1:15063
2025-10-20 19:49:58,583 [33f74daf-be7a-4306-b2af-53e409c4cb93-groupManagement] INFO  server.RaftServer$Division (RaftServerImpl.java:start(419)) - 33f74daf-be7a-4306-b2af-53e409c4cb93@group-8E8D9A2D6271: Successfully started.
2025-10-20 19:49:58,599 [cc7fbe85-1d98-437b-84f9-04213fee10f0@group-E9F55728802D-FollowerState] INFO  impl.FollowerState (FollowerState.java:runImpl(161)) - cc7fbe85-1d98-437b-84f9-04213fee10f0@group-E9F55728802D-FollowerState: change to CANDIDATE, lastRpcElapsedTime:1083334693ns, electionTimeout:1068ms
2025-10-20 19:49:58,599 [33f74daf-be7a-4306-b2af-53e409c4cb93-CreatePipelineCommandHandlerThread-0] INFO  ratis.XceiverServerRatis (XceiverServerRatis.java:addGroup(839)) - Created group Pipeline-ae22d26e-ff63-40aa-9518-8e8d9a2d6271
2025-10-20 19:49:58,600 [33f74daf-be7a-4306-b2af-53e409c4cb93-CreatePipelineCommandHandlerThread-0] INFO  commandhandler.CreatePipelineCommandHandler (CreatePipelineCommandHandler.java:lambda$handle$2(141)) - Created Pipeline RATIS ONE Pipeline-ae22d26e-ff63-40aa-9518-8e8d9a2d6271.
2025-10-20 19:49:58,600 [cc7fbe85-1d98-437b-84f9-04213fee10f0@group-E9F55728802D-FollowerState] INFO  impl.RoleInfo (RoleInfo.java:shutdownFollowerState(121)) - cc7fbe85-1d98-437b-84f9-04213fee10f0: shutdown cc7fbe85-1d98-437b-84f9-04213fee10f0@group-E9F55728802D-FollowerState
2025-10-20 19:49:58,601 [cc7fbe85-1d98-437b-84f9-04213fee10f0@group-E9F55728802D-FollowerState] INFO  server.RaftServer$Division (RaftServerImpl.java:setRole(392)) - cc7fbe85-1d98-437b-84f9-04213fee10f0@group-E9F55728802D: changes role from  FOLLOWER to CANDIDATE at term 0 for changeToCandidate
2025-10-20 19:49:58,601 [cc7fbe85-1d98-437b-84f9-04213fee10f0@group-E9F55728802D-FollowerState] INFO  impl.RoleInfo (RoleInfo.java:updateAndGet(148)) - cc7fbe85-1d98-437b-84f9-04213fee10f0: start cc7fbe85-1d98-437b-84f9-04213fee10f0@group-E9F55728802D-LeaderElection18
2025-10-20 19:49:58,601 [605be85e-a7f4-44d7-8cfd-f53001b990b0@group-E9F55728802D-LeaderElection17-2] INFO  server.GrpcServerProtocolClient (GrpcServerProtocolClient.java:<init>(65)) - Build channel for 7bb0e7f0-2b36-4ec0-8a09-ceac75d91a36|127.0.0.1:15071
2025-10-20 19:49:58,603 [cc7fbe85-1d98-437b-84f9-04213fee10f0@group-E9F55728802D-LeaderElection18] INFO  impl.LeaderElection (LeaderElection.java:askForVotes(448)) - cc7fbe85-1d98-437b-84f9-04213fee10f0@group-E9F55728802D-LeaderElection18 PRE_VOTE round 0: submit vote requests at term 0 for conf: {index: -1, cur=peers:[cc7fbe85-1d98-437b-84f9-04213fee10f0|127.0.0.1:15063, 7bb0e7f0-2b36-4ec0-8a09-ceac75d91a36|127.0.0.1:15071, 605be85e-a7f4-44d7-8cfd-f53001b990b0|127.0.0.1:15079]|listeners:[], old=null}
2025-10-20 19:49:58,605 [cc7fbe85-1d98-437b-84f9-04213fee10f0@group-E9F55728802D-LeaderElection18-2] INFO  server.GrpcServerProtocolClient (GrpcServerProtocolClient.java:<init>(65)) - Build channel for 605be85e-a7f4-44d7-8cfd-f53001b990b0|127.0.0.1:15079
2025-10-20 19:49:58,605 [cc7fbe85-1d98-437b-84f9-04213fee10f0@group-E9F55728802D-LeaderElection18-1] INFO  server.GrpcServerProtocolClient (GrpcServerProtocolClient.java:<init>(65)) - Build channel for 7bb0e7f0-2b36-4ec0-8a09-ceac75d91a36|127.0.0.1:15071
2025-10-20 19:49:58,607 [grpc-default-executor-1] INFO  server.RaftServer$Division (RaftServerImpl.java:requestVote(1421)) - cc7fbe85-1d98-437b-84f9-04213fee10f0@group-E9F55728802D: receive requestVote(PRE_VOTE, 605be85e-a7f4-44d7-8cfd-f53001b990b0, group-E9F55728802D, 0, <PROTO_DEFAULT>)
2025-10-20 19:49:58,610 [grpc-default-executor-1] INFO  impl.VoteContext (VoteContext.java:log(49)) - cc7fbe85-1d98-437b-84f9-04213fee10f0@group-E9F55728802D-CANDIDATE: accept PRE_VOTE from 605be85e-a7f4-44d7-8cfd-f53001b990b0: our priority 0 <= candidate's priority 1
2025-10-20 19:49:58,610 [grpc-default-executor-1] INFO  server.RaftServer$Division (RaftServerImpl.java:requestVote(1455)) - cc7fbe85-1d98-437b-84f9-04213fee10f0@group-E9F55728802D replies to PRE_VOTE vote request: 605be85e-a7f4-44d7-8cfd-f53001b990b0<-cc7fbe85-1d98-437b-84f9-04213fee10f0#0:OK-t0-last:<INITIAL_VALUE>. Peer's state: cc7fbe85-1d98-437b-84f9-04213fee10f0@group-E9F55728802D:t0, leader=null, voted=, raftlog=Memoized:cc7fbe85-1d98-437b-84f9-04213fee10f0@group-E9F55728802D-SegmentedRaftLog:OPENED:c-1:lastnull, conf=conf: {index: -1, cur=peers:[cc7fbe85-1d98-437b-84f9-04213fee10f0|127.0.0.1:15063, 7bb0e7f0-2b36-4ec0-8a09-ceac75d91a36|127.0.0.1:15071, 605be85e-a7f4-44d7-8cfd-f53001b990b0|127.0.0.1:15079]|listeners:[], old=null}
2025-10-20 19:49:58,612 [grpc-default-executor-1] INFO  server.RaftServer$Division (RaftServerImpl.java:requestVote(1421)) - 7bb0e7f0-2b36-4ec0-8a09-ceac75d91a36@group-E9F55728802D: receive requestVote(PRE_VOTE, 605be85e-a7f4-44d7-8cfd-f53001b990b0, group-E9F55728802D, 0, <PROTO_DEFAULT>)
2025-10-20 19:49:58,612 [grpc-default-executor-1] INFO  impl.VoteContext (VoteContext.java:log(49)) - 7bb0e7f0-2b36-4ec0-8a09-ceac75d91a36@group-E9F55728802D-FOLLOWER: accept PRE_VOTE from 605be85e-a7f4-44d7-8cfd-f53001b990b0: our priority 0 <= candidate's priority 1
2025-10-20 19:49:58,612 [grpc-default-executor-1] INFO  server.RaftServer$Division (RaftServerImpl.java:requestVote(1455)) - 7bb0e7f0-2b36-4ec0-8a09-ceac75d91a36@group-E9F55728802D replies to PRE_VOTE vote request: 605be85e-a7f4-44d7-8cfd-f53001b990b0<-7bb0e7f0-2b36-4ec0-8a09-ceac75d91a36#0:OK-t0-last:<INITIAL_VALUE>. Peer's state: 7bb0e7f0-2b36-4ec0-8a09-ceac75d91a36@group-E9F55728802D:t0, leader=null, voted=, raftlog=Memoized:7bb0e7f0-2b36-4ec0-8a09-ceac75d91a36@group-E9F55728802D-SegmentedRaftLog:OPENED:c-1:lastnull, conf=conf: {index: -1, cur=peers:[cc7fbe85-1d98-437b-84f9-04213fee10f0|127.0.0.1:15063, 7bb0e7f0-2b36-4ec0-8a09-ceac75d91a36|127.0.0.1:15071, 605be85e-a7f4-44d7-8cfd-f53001b990b0|127.0.0.1:15079]|listeners:[], old=null}
2025-10-20 19:49:58,613 [605be85e-a7f4-44d7-8cfd-f53001b990b0@group-E9F55728802D-LeaderElection17] INFO  impl.LeaderElection (LeaderElection.java:logAndReturn(206)) - 605be85e-a7f4-44d7-8cfd-f53001b990b0@group-E9F55728802D-LeaderElection17: PRE_VOTE PASSED received 1 response(s) and 0 exception(s):
2025-10-20 19:49:58,613 [605be85e-a7f4-44d7-8cfd-f53001b990b0@group-E9F55728802D-LeaderElection17] INFO  impl.LeaderElection (LeaderElection.java:logAndReturn(210)) -   Response 0: 605be85e-a7f4-44d7-8cfd-f53001b990b0<-cc7fbe85-1d98-437b-84f9-04213fee10f0#0:OK-t0-last:<INITIAL_VALUE>
2025-10-20 19:49:58,613 [605be85e-a7f4-44d7-8cfd-f53001b990b0@group-E9F55728802D-LeaderElection17] INFO  impl.LeaderElection (LeaderElection.java:askForVotes(450)) - 605be85e-a7f4-44d7-8cfd-f53001b990b0@group-E9F55728802D-LeaderElection17 PRE_VOTE round 0: result PASSED
2025-10-20 19:49:58,617 [grpc-default-executor-2] INFO  server.RaftServer$Division (RaftServerImpl.java:requestVote(1421)) - 605be85e-a7f4-44d7-8cfd-f53001b990b0@group-E9F55728802D: receive requestVote(PRE_VOTE, cc7fbe85-1d98-437b-84f9-04213fee10f0, group-E9F55728802D, 0, <PROTO_DEFAULT>)
2025-10-20 19:49:58,617 [grpc-default-executor-2] INFO  impl.VoteContext (VoteContext.java:log(49)) - 605be85e-a7f4-44d7-8cfd-f53001b990b0@group-E9F55728802D-CANDIDATE: reject PRE_VOTE from cc7fbe85-1d98-437b-84f9-04213fee10f0: our priority 1 > candidate's priority 0
2025-10-20 19:49:58,617 [grpc-default-executor-1] INFO  server.RaftServer$Division (RaftServerImpl.java:requestVote(1421)) - 7bb0e7f0-2b36-4ec0-8a09-ceac75d91a36@group-E9F55728802D: receive requestVote(PRE_VOTE, cc7fbe85-1d98-437b-84f9-04213fee10f0, group-E9F55728802D, 0, <PROTO_DEFAULT>)
2025-10-20 19:49:58,617 [grpc-default-executor-2] INFO  server.RaftServer$Division (RaftServerImpl.java:requestVote(1455)) - 605be85e-a7f4-44d7-8cfd-f53001b990b0@group-E9F55728802D replies to PRE_VOTE vote request: cc7fbe85-1d98-437b-84f9-04213fee10f0<-605be85e-a7f4-44d7-8cfd-f53001b990b0#0:FAIL-t1-last:<INITIAL_VALUE>. Peer's state: 605be85e-a7f4-44d7-8cfd-f53001b990b0@group-E9F55728802D:t1, leader=null, voted=605be85e-a7f4-44d7-8cfd-f53001b990b0, raftlog=Memoized:605be85e-a7f4-44d7-8cfd-f53001b990b0@group-E9F55728802D-SegmentedRaftLog:OPENED:c-1:lastnull, conf=conf: {index: -1, cur=peers:[cc7fbe85-1d98-437b-84f9-04213fee10f0|127.0.0.1:15063, 7bb0e7f0-2b36-4ec0-8a09-ceac75d91a36|127.0.0.1:15071, 605be85e-a7f4-44d7-8cfd-f53001b990b0|127.0.0.1:15079]|listeners:[], old=null}
2025-10-20 19:49:58,617 [605be85e-a7f4-44d7-8cfd-f53001b990b0@group-E9F55728802D-LeaderElection17] INFO  impl.LeaderElection (LeaderElection.java:askForVotes(448)) - 605be85e-a7f4-44d7-8cfd-f53001b990b0@group-E9F55728802D-LeaderElection17 ELECTION round 0: submit vote requests at term 1 for conf: {index: -1, cur=peers:[cc7fbe85-1d98-437b-84f9-04213fee10f0|127.0.0.1:15063, 7bb0e7f0-2b36-4ec0-8a09-ceac75d91a36|127.0.0.1:15071, 605be85e-a7f4-44d7-8cfd-f53001b990b0|127.0.0.1:15079]|listeners:[], old=null}
2025-10-20 19:49:58,617 [grpc-default-executor-1] INFO  impl.VoteContext (VoteContext.java:log(49)) - 7bb0e7f0-2b36-4ec0-8a09-ceac75d91a36@group-E9F55728802D-FOLLOWER: accept PRE_VOTE from cc7fbe85-1d98-437b-84f9-04213fee10f0: our priority 0 <= candidate's priority 0
2025-10-20 19:49:58,618 [grpc-default-executor-1] INFO  server.RaftServer$Division (RaftServerImpl.java:requestVote(1455)) - 7bb0e7f0-2b36-4ec0-8a09-ceac75d91a36@group-E9F55728802D replies to PRE_VOTE vote request: cc7fbe85-1d98-437b-84f9-04213fee10f0<-7bb0e7f0-2b36-4ec0-8a09-ceac75d91a36#0:OK-t0-last:<INITIAL_VALUE>. Peer's state: 7bb0e7f0-2b36-4ec0-8a09-ceac75d91a36@group-E9F55728802D:t0, leader=null, voted=, raftlog=Memoized:7bb0e7f0-2b36-4ec0-8a09-ceac75d91a36@group-E9F55728802D-SegmentedRaftLog:OPENED:c-1:lastnull, conf=conf: {index: -1, cur=peers:[cc7fbe85-1d98-437b-84f9-04213fee10f0|127.0.0.1:15063, 7bb0e7f0-2b36-4ec0-8a09-ceac75d91a36|127.0.0.1:15071, 605be85e-a7f4-44d7-8cfd-f53001b990b0|127.0.0.1:15079]|listeners:[], old=null}
2025-10-20 19:49:58,621 [cc7fbe85-1d98-437b-84f9-04213fee10f0@group-E9F55728802D-LeaderElection18] INFO  impl.LeaderElection (LeaderElection.java:logAndReturn(206)) - cc7fbe85-1d98-437b-84f9-04213fee10f0@group-E9F55728802D-LeaderElection18: PRE_VOTE DISCOVERED_A_NEW_TERM (term=1) received 1 response(s) and 0 exception(s):
2025-10-20 19:49:58,621 [cc7fbe85-1d98-437b-84f9-04213fee10f0@group-E9F55728802D-LeaderElection18] INFO  impl.LeaderElection (LeaderElection.java:logAndReturn(210)) -   Response 0: cc7fbe85-1d98-437b-84f9-04213fee10f0<-605be85e-a7f4-44d7-8cfd-f53001b990b0#0:FAIL-t1-last:<INITIAL_VALUE>
2025-10-20 19:49:58,621 [cc7fbe85-1d98-437b-84f9-04213fee10f0@group-E9F55728802D-LeaderElection18] INFO  impl.LeaderElection (LeaderElection.java:askForVotes(450)) - cc7fbe85-1d98-437b-84f9-04213fee10f0@group-E9F55728802D-LeaderElection18 PRE_VOTE round 0: result DISCOVERED_A_NEW_TERM (term=1)
2025-10-20 19:49:58,621 [cc7fbe85-1d98-437b-84f9-04213fee10f0@group-E9F55728802D-LeaderElection18] INFO  server.RaftServer$Division (RaftServerImpl.java:setRole(392)) - cc7fbe85-1d98-437b-84f9-04213fee10f0@group-E9F55728802D: changes role from CANDIDATE to FOLLOWER at term 0 for DISCOVERED_A_NEW_TERM (term=1)
2025-10-20 19:49:58,622 [cc7fbe85-1d98-437b-84f9-04213fee10f0@group-E9F55728802D-LeaderElection18] INFO  impl.RoleInfo (RoleInfo.java:shutdownLeaderElection(141)) - cc7fbe85-1d98-437b-84f9-04213fee10f0: shutdown cc7fbe85-1d98-437b-84f9-04213fee10f0@group-E9F55728802D-LeaderElection18
2025-10-20 19:49:58,622 [cc7fbe85-1d98-437b-84f9-04213fee10f0@group-E9F55728802D-LeaderElection18] INFO  impl.RoleInfo (RoleInfo.java:updateAndGet(148)) - cc7fbe85-1d98-437b-84f9-04213fee10f0: start cc7fbe85-1d98-437b-84f9-04213fee10f0@group-E9F55728802D-FollowerState
2025-10-20 19:49:58,622 [grpc-default-executor-2] INFO  server.RaftServer$Division (RaftServerImpl.java:requestVote(1421)) - cc7fbe85-1d98-437b-84f9-04213fee10f0@group-E9F55728802D: receive requestVote(ELECTION, 605be85e-a7f4-44d7-8cfd-f53001b990b0, group-E9F55728802D, 1, <PROTO_DEFAULT>)
2025-10-20 19:49:58,622 [cc7fbe85-1d98-437b-84f9-04213fee10f0@group-E9F55728802D-LeaderElection18] INFO  server.RaftServer$Division (RaftServerImpl.java:setFirstElection(576)) - cc7fbe85-1d98-437b-84f9-04213fee10f0@group-E9F55728802D: set firstElectionSinceStartup to false for DISCOVERED_A_NEW_TERM (term=1)
2025-10-20 19:49:58,624 [grpc-default-executor-1] INFO  server.RaftServer$Division (RaftServerImpl.java:requestVote(1421)) - 7bb0e7f0-2b36-4ec0-8a09-ceac75d91a36@group-E9F55728802D: receive requestVote(ELECTION, 605be85e-a7f4-44d7-8cfd-f53001b990b0, group-E9F55728802D, 1, <PROTO_DEFAULT>)
2025-10-20 19:49:58,624 [grpc-default-executor-1] INFO  impl.VoteContext (VoteContext.java:log(49)) - 7bb0e7f0-2b36-4ec0-8a09-ceac75d91a36@group-E9F55728802D-FOLLOWER: accept ELECTION from 605be85e-a7f4-44d7-8cfd-f53001b990b0: our priority 0 <= candidate's priority 1
2025-10-20 19:49:58,625 [grpc-default-executor-2] INFO  impl.VoteContext (VoteContext.java:log(49)) - cc7fbe85-1d98-437b-84f9-04213fee10f0@group-E9F55728802D-FOLLOWER: accept ELECTION from 605be85e-a7f4-44d7-8cfd-f53001b990b0: our priority 0 <= candidate's priority 1
2025-10-20 19:49:58,625 [grpc-default-executor-2] INFO  server.RaftServer$Division (RaftServerImpl.java:setRole(392)) - cc7fbe85-1d98-437b-84f9-04213fee10f0@group-E9F55728802D: changes role from  FOLLOWER to FOLLOWER at term 1 for candidate:605be85e-a7f4-44d7-8cfd-f53001b990b0
2025-10-20 19:49:58,625 [grpc-default-executor-2] INFO  impl.RoleInfo (RoleInfo.java:shutdownFollowerState(121)) - cc7fbe85-1d98-437b-84f9-04213fee10f0: shutdown cc7fbe85-1d98-437b-84f9-04213fee10f0@group-E9F55728802D-FollowerState
2025-10-20 19:49:58,625 [grpc-default-executor-2] INFO  impl.RoleInfo (RoleInfo.java:updateAndGet(148)) - cc7fbe85-1d98-437b-84f9-04213fee10f0: start cc7fbe85-1d98-437b-84f9-04213fee10f0@group-E9F55728802D-FollowerState
2025-10-20 19:49:58,625 [grpc-default-executor-1] INFO  server.RaftServer$Division (RaftServerImpl.java:setRole(392)) - 7bb0e7f0-2b36-4ec0-8a09-ceac75d91a36@group-E9F55728802D: changes role from  FOLLOWER to FOLLOWER at term 0 for candidate:605be85e-a7f4-44d7-8cfd-f53001b990b0
2025-10-20 19:49:58,626 [grpc-default-executor-1] INFO  impl.RoleInfo (RoleInfo.java:shutdownFollowerState(121)) - 7bb0e7f0-2b36-4ec0-8a09-ceac75d91a36: shutdown 7bb0e7f0-2b36-4ec0-8a09-ceac75d91a36@group-E9F55728802D-FollowerState
2025-10-20 19:49:58,626 [grpc-default-executor-1] INFO  impl.RoleInfo (RoleInfo.java:updateAndGet(148)) - 7bb0e7f0-2b36-4ec0-8a09-ceac75d91a36: start 7bb0e7f0-2b36-4ec0-8a09-ceac75d91a36@group-E9F55728802D-FollowerState
2025-10-20 19:49:58,626 [cc7fbe85-1d98-437b-84f9-04213fee10f0@group-E9F55728802D-FollowerState] INFO  impl.FollowerState (FollowerState.java:runImpl(170)) - cc7fbe85-1d98-437b-84f9-04213fee10f0@group-E9F55728802D-FollowerState was interrupted
2025-10-20 19:49:58,626 [om1-OMStateMachineApplyTransactionThread - 0] INFO  volume.OMVolumeCreateRequest (OMVolumeCreateRequest.java:validateAndUpdateCache(213)) - created volume:f5748960-3c9c-461d-8285-888e701b29e9 for user:runner
2025-10-20 19:49:58,627 [grpc-default-executor-1] INFO  server.RaftServer$Division (RaftServerImpl.java:setFirstElection(576)) - 7bb0e7f0-2b36-4ec0-8a09-ceac75d91a36@group-E9F55728802D: set firstElectionSinceStartup to false for candidate:605be85e-a7f4-44d7-8cfd-f53001b990b0
2025-10-20 19:49:58,627 [7bb0e7f0-2b36-4ec0-8a09-ceac75d91a36@group-E9F55728802D-FollowerState] INFO  impl.FollowerState (FollowerState.java:runImpl(170)) - 7bb0e7f0-2b36-4ec0-8a09-ceac75d91a36@group-E9F55728802D-FollowerState was interrupted
2025-10-20 19:49:58,627 | INFO  | OMAudit | user=runner | ip=127.0.0.1 | op=CREATE_VOLUME {"admin":"runner","owner":"runner","volume":"f5748960-3c9c-461d-8285-888e701b29e9","creationTime":"1760989798582","modificationTime":"1760989798582","quotaInBytes":"-1","quotaInNamespace":"-1","usedNamespace":"0","objectID":"-9223372036854775552","updateID":"1","Transaction":"1"} | ret=SUCCESS |  
2025-10-20 19:49:58,629 [grpc-default-executor-2] INFO  server.RaftServer$Division (RaftServerImpl.java:requestVote(1455)) - cc7fbe85-1d98-437b-84f9-04213fee10f0@group-E9F55728802D replies to ELECTION vote request: 605be85e-a7f4-44d7-8cfd-f53001b990b0<-cc7fbe85-1d98-437b-84f9-04213fee10f0#0:OK-t1-last:<INITIAL_VALUE>. Peer's state: cc7fbe85-1d98-437b-84f9-04213fee10f0@group-E9F55728802D:t1, leader=null, voted=605be85e-a7f4-44d7-8cfd-f53001b990b0, raftlog=Memoized:cc7fbe85-1d98-437b-84f9-04213fee10f0@group-E9F55728802D-SegmentedRaftLog:OPENED:c-1:lastnull, conf=conf: {index: -1, cur=peers:[cc7fbe85-1d98-437b-84f9-04213fee10f0|127.0.0.1:15063, 7bb0e7f0-2b36-4ec0-8a09-ceac75d91a36|127.0.0.1:15071, 605be85e-a7f4-44d7-8cfd-f53001b990b0|127.0.0.1:15079]|listeners:[], old=null}
2025-10-20 19:49:58,630 [grpc-default-executor-1] INFO  server.RaftServer$Division (RaftServerImpl.java:requestVote(1455)) - 7bb0e7f0-2b36-4ec0-8a09-ceac75d91a36@group-E9F55728802D replies to ELECTION vote request: 605be85e-a7f4-44d7-8cfd-f53001b990b0<-7bb0e7f0-2b36-4ec0-8a09-ceac75d91a36#0:OK-t1-last:<INITIAL_VALUE>. Peer's state: 7bb0e7f0-2b36-4ec0-8a09-ceac75d91a36@group-E9F55728802D:t1, leader=null, voted=605be85e-a7f4-44d7-8cfd-f53001b990b0, raftlog=Memoized:7bb0e7f0-2b36-4ec0-8a09-ceac75d91a36@group-E9F55728802D-SegmentedRaftLog:OPENED:c-1:lastnull, conf=conf: {index: -1, cur=peers:[cc7fbe85-1d98-437b-84f9-04213fee10f0|127.0.0.1:15063, 7bb0e7f0-2b36-4ec0-8a09-ceac75d91a36|127.0.0.1:15071, 605be85e-a7f4-44d7-8cfd-f53001b990b0|127.0.0.1:15079]|listeners:[], old=null}
2025-10-20 19:49:58,633 [605be85e-a7f4-44d7-8cfd-f53001b990b0@group-E9F55728802D-LeaderElection17] INFO  impl.LeaderElection (LeaderElection.java:logAndReturn(206)) - 605be85e-a7f4-44d7-8cfd-f53001b990b0@group-E9F55728802D-LeaderElection17: ELECTION PASSED received 1 response(s) and 0 exception(s):
2025-10-20 19:49:58,633 [605be85e-a7f4-44d7-8cfd-f53001b990b0@group-E9F55728802D-LeaderElection17] INFO  impl.LeaderElection (LeaderElection.java:logAndReturn(210)) -   Response 0: 605be85e-a7f4-44d7-8cfd-f53001b990b0<-7bb0e7f0-2b36-4ec0-8a09-ceac75d91a36#0:OK-t1-last:<INITIAL_VALUE>
2025-10-20 19:49:58,634 [605be85e-a7f4-44d7-8cfd-f53001b990b0@group-E9F55728802D-LeaderElection17] INFO  impl.LeaderElection (LeaderElection.java:askForVotes(450)) - 605be85e-a7f4-44d7-8cfd-f53001b990b0@group-E9F55728802D-LeaderElection17 ELECTION round 0: result PASSED
2025-10-20 19:49:58,634 [605be85e-a7f4-44d7-8cfd-f53001b990b0@group-E9F55728802D-LeaderElection17] INFO  impl.RoleInfo (RoleInfo.java:shutdownLeaderElection(141)) - 605be85e-a7f4-44d7-8cfd-f53001b990b0: shutdown 605be85e-a7f4-44d7-8cfd-f53001b990b0@group-E9F55728802D-LeaderElection17
2025-10-20 19:49:58,634 [605be85e-a7f4-44d7-8cfd-f53001b990b0@group-E9F55728802D-LeaderElection17] INFO  server.RaftServer$Division (RaftServerImpl.java:setRole(392)) - 605be85e-a7f4-44d7-8cfd-f53001b990b0@group-E9F55728802D: changes role from CANDIDATE to LEADER at term 1 for changeToLeader
2025-10-20 19:49:58,634 [605be85e-a7f4-44d7-8cfd-f53001b990b0@group-E9F55728802D-LeaderElection17] INFO  server.RaftServerConfigKeys (ConfUtils.java:logFallback(69)) - raft.server.staging.timeout = 15600ms (fallback to raft.server.rpc.timeout.max)
2025-10-20 19:49:58,635 [605be85e-a7f4-44d7-8cfd-f53001b990b0@group-E9F55728802D-LeaderElection17] INFO  server.RaftServerConfigKeys (ConfUtils.java:logGet(62)) - raft.server.write.byte-limit = 1024 M (=1073741824) (custom)
2025-10-20 19:49:58,636 [605be85e-a7f4-44d7-8cfd-f53001b990b0@group-E9F55728802D-LeaderElection17] INFO  server.RaftServerConfigKeys (ConfUtils.java:logGet(62)) - raft.server.log.appender.buffer.byte-limit = 33554432 (custom)
2025-10-20 19:49:58,639 [605be85e-a7f4-44d7-8cfd-f53001b990b0@group-E9F55728802D-LeaderElection17] INFO  server.RaftServerConfigKeys (ConfUtils.java:logGet(62)) - raft.server.log.appender.buffer.byte-limit = 33554432 (custom)
2025-10-20 19:49:58,639 [605be85e-a7f4-44d7-8cfd-f53001b990b0@group-E9F55728802D-LeaderElection17] INFO  impl.RoleInfo (RoleInfo.java:updateAndGet(148)) - 605be85e-a7f4-44d7-8cfd-f53001b990b0: start 605be85e-a7f4-44d7-8cfd-f53001b990b0@group-E9F55728802D-LeaderStateImpl
2025-10-20 19:49:58,640 [605be85e-a7f4-44d7-8cfd-f53001b990b0@group-E9F55728802D-LeaderElection17] INFO  server.RaftServer$Division (RaftServerImpl.java:setFirstElection(576)) - 605be85e-a7f4-44d7-8cfd-f53001b990b0@group-E9F55728802D: set firstElectionSinceStartup to false for becomeLeader
2025-10-20 19:49:58,640 [605be85e-a7f4-44d7-8cfd-f53001b990b0@group-E9F55728802D-LeaderElection17] INFO  ratis.XceiverServerRatis (XceiverServerRatis.java:handleLeaderChangedNotification(940)) - Leader change notification received for group: group-E9F55728802D with new leaderId: 605be85e-a7f4-44d7-8cfd-f53001b990b0
2025-10-20 19:49:58,640 [605be85e-a7f4-44d7-8cfd-f53001b990b0@group-E9F55728802D-LeaderElection17] INFO  server.RaftServer$Division (ServerState.java:setLeader(272)) - 605be85e-a7f4-44d7-8cfd-f53001b990b0@group-E9F55728802D: change Leader from null to 605be85e-a7f4-44d7-8cfd-f53001b990b0 at term 1 for becomeLeader, leader elected after 1240ms
2025-10-20 19:49:58,640 [605be85e-a7f4-44d7-8cfd-f53001b990b0@group-E9F55728802D-LeaderElection17] INFO  segmented.SegmentedRaftLogWorker (SegmentedRaftLogWorker.java:startLogSegment(440)) - 605be85e-a7f4-44d7-8cfd-f53001b990b0@group-E9F55728802D-SegmentedRaftLogWorker: Starting segment from index:0
2025-10-20 19:49:58,640 [605be85e-a7f4-44d7-8cfd-f53001b990b0@group-E9F55728802D-LeaderElection17] INFO  server.RaftServer$Division (ServerState.java:setRaftConf(386)) - 605be85e-a7f4-44d7-8cfd-f53001b990b0@group-E9F55728802D: set configuration conf: {index: 0, cur=peers:[cc7fbe85-1d98-437b-84f9-04213fee10f0|127.0.0.1:15063, 7bb0e7f0-2b36-4ec0-8a09-ceac75d91a36|127.0.0.1:15071, 605be85e-a7f4-44d7-8cfd-f53001b990b0|127.0.0.1:15079]|listeners:[], old=null}
2025-10-20 19:49:58,641 [605be85e-a7f4-44d7-8cfd-f53001b990b0@group-E9F55728802D-SegmentedRaftLogWorker] INFO  segmented.BufferedWriteChannel (BufferedWriteChannel.java:open(61)) - open log_inprogress_0 at position 0
2025-10-20 19:49:58,643 | INFO  | SCMAudit | user=runner | ip=127.0.0.1 | op=SEND_HEARTBEAT {"datanodeUUID":"605be85e-a7f4-44d7-8cfd-f53001b990b0","term":"2","command":"[]"} | ret=SUCCESS |  
2025-10-20 19:49:58,644 | INFO  | OMAudit | user=runner | ip=127.0.0.1 | op=READ_VOLUME {"volume":"f5748960-3c9c-461d-8285-888e701b29e9"} | ret=SUCCESS |  
2025-10-20 19:49:58,647 | INFO  | SCMAudit | user=runner | ip=127.0.0.1 | op=SEND_HEARTBEAT {"datanodeUUID":"b614738c-cdff-4f09-bf59-ed5bb75d51be","term":"2","command":"[]"} | ret=SUCCESS |  
2025-10-20 19:49:58,648 [EventQueue-PipelineReportForPipelineReportHandler] INFO  pipeline.PipelineReportHandler (PipelineReportHandler.java:processPipelineReport(132)) - Opened pipeline Pipeline-b9872faf-8f47-436e-820e-e9f55728802d
2025-10-20 19:49:58,651 [ForkJoinPool-1-worker-1] INFO  rpc.RpcClient (RpcClient.java:createBucket(686)) - Creating Bucket: f5748960-3c9c-461d-8285-888e701b29e9/5fd1ba15-2bf0-4e21-82eb-0b4f13613a96, with bucket layout OBJECT_STORE, runner as owner, Versioning true, Storage Type set to DISK and Encryption set to false, Replication Type set to server-side default replication type, Namespace Quota set to -1, Space Quota set to -1 
2025-10-20 19:49:58,652 [605be85e-a7f4-44d7-8cfd-f53001b990b0@group-E9F55728802D-SegmentedRaftLogWorker] INFO  segmented.SegmentedRaftLogWorker (SegmentedRaftLogWorker.java:execute(647)) - 605be85e-a7f4-44d7-8cfd-f53001b990b0@group-E9F55728802D-SegmentedRaftLogWorker: created new log segment /home/runner/work/ozone/ozone/hadoop-ozone/integration-test/target/test-dir/MiniOzoneClusterImpl-6935df51-69ff-4c35-8bd4-ed2b81d70e54/ozone-metadata/datanode-9/ratis/b9872faf-8f47-436e-820e-e9f55728802d/current/log_inprogress_0
2025-10-20 19:49:58,655 [grpc-default-executor-1] INFO  ratis.XceiverServerRatis (XceiverServerRatis.java:handleLeaderChangedNotification(940)) - Leader change notification received for group: group-E9F55728802D with new leaderId: 605be85e-a7f4-44d7-8cfd-f53001b990b0
2025-10-20 19:49:58,656 [grpc-default-executor-1] INFO  server.RaftServer$Division (ServerState.java:setLeader(272)) - cc7fbe85-1d98-437b-84f9-04213fee10f0@group-E9F55728802D: change Leader from null to 605be85e-a7f4-44d7-8cfd-f53001b990b0 at term 1 for appendEntries, leader elected after 1161ms
2025-10-20 19:49:58,658 [grpc-default-executor-2] INFO  server.RaftServer$Division (ServerState.java:setRaftConf(386)) - cc7fbe85-1d98-437b-84f9-04213fee10f0@group-E9F55728802D: set configuration conf: {index: 0, cur=peers:[cc7fbe85-1d98-437b-84f9-04213fee10f0|127.0.0.1:15063, 7bb0e7f0-2b36-4ec0-8a09-ceac75d91a36|127.0.0.1:15071, 605be85e-a7f4-44d7-8cfd-f53001b990b0|127.0.0.1:15079]|listeners:[], old=null}
2025-10-20 19:49:58,658 [grpc-default-executor-2] INFO  segmented.SegmentedRaftLogWorker (SegmentedRaftLogWorker.java:startLogSegment(440)) - cc7fbe85-1d98-437b-84f9-04213fee10f0@group-E9F55728802D-SegmentedRaftLogWorker: Starting segment from index:0
2025-10-20 19:49:58,658 [cc7fbe85-1d98-437b-84f9-04213fee10f0@group-E9F55728802D-SegmentedRaftLogWorker] INFO  segmented.BufferedWriteChannel (BufferedWriteChannel.java:open(61)) - open log_inprogress_0 at position 0
2025-10-20 19:49:58,658 [grpc-default-executor-6] INFO  ratis.XceiverServerRatis (XceiverServerRatis.java:handleLeaderChangedNotification(940)) - Leader change notification received for group: group-E9F55728802D with new leaderId: 605be85e-a7f4-44d7-8cfd-f53001b990b0
2025-10-20 19:49:58,658 [grpc-default-executor-6] INFO  server.RaftServer$Division (ServerState.java:setLeader(272)) - 7bb0e7f0-2b36-4ec0-8a09-ceac75d91a36@group-E9F55728802D: change Leader from null to 605be85e-a7f4-44d7-8cfd-f53001b990b0 at term 1 for appendEntries, leader elected after 1201ms
2025-10-20 19:49:58,659 [grpc-default-executor-6] INFO  server.RaftServer$Division (ServerState.java:setRaftConf(386)) - 7bb0e7f0-2b36-4ec0-8a09-ceac75d91a36@group-E9F55728802D: set configuration conf: {index: 0, cur=peers:[cc7fbe85-1d98-437b-84f9-04213fee10f0|127.0.0.1:15063, 7bb0e7f0-2b36-4ec0-8a09-ceac75d91a36|127.0.0.1:15071, 605be85e-a7f4-44d7-8cfd-f53001b990b0|127.0.0.1:15079]|listeners:[], old=null}
2025-10-20 19:49:58,659 [grpc-default-executor-6] INFO  segmented.SegmentedRaftLogWorker (SegmentedRaftLogWorker.java:startLogSegment(440)) - 7bb0e7f0-2b36-4ec0-8a09-ceac75d91a36@group-E9F55728802D-SegmentedRaftLogWorker: Starting segment from index:0
2025-10-20 19:49:58,660 [7bb0e7f0-2b36-4ec0-8a09-ceac75d91a36@group-E9F55728802D-SegmentedRaftLogWorker] INFO  segmented.BufferedWriteChannel (BufferedWriteChannel.java:open(61)) - open log_inprogress_0 at position 0
2025-10-20 19:49:58,665 [cc7fbe85-1d98-437b-84f9-04213fee10f0@group-E9F55728802D-SegmentedRaftLogWorker] INFO  segmented.SegmentedRaftLogWorker (SegmentedRaftLogWorker.java:execute(647)) - cc7fbe85-1d98-437b-84f9-04213fee10f0@group-E9F55728802D-SegmentedRaftLogWorker: created new log segment /home/runner/work/ozone/ozone/hadoop-ozone/integration-test/target/test-dir/MiniOzoneClusterImpl-6935df51-69ff-4c35-8bd4-ed2b81d70e54/ozone-metadata/datanode-7/ratis/b9872faf-8f47-436e-820e-e9f55728802d/current/log_inprogress_0
2025-10-20 19:49:58,668 [7bb0e7f0-2b36-4ec0-8a09-ceac75d91a36@group-E9F55728802D-SegmentedRaftLogWorker] INFO  segmented.SegmentedRaftLogWorker (SegmentedRaftLogWorker.java:execute(647)) - 7bb0e7f0-2b36-4ec0-8a09-ceac75d91a36@group-E9F55728802D-SegmentedRaftLogWorker: created new log segment /home/runner/work/ozone/ozone/hadoop-ozone/integration-test/target/test-dir/MiniOzoneClusterImpl-6935df51-69ff-4c35-8bd4-ed2b81d70e54/ozone-metadata/datanode-8/ratis/b9872faf-8f47-436e-820e-e9f55728802d/current/log_inprogress_0
2025-10-20 19:49:58,670 [605be85e-a7f4-44d7-8cfd-f53001b990b0@group-E9F55728802D-StateMachineUpdater] INFO  server.RaftServer$Division (LeaderStateImpl.java:checkStartIndex(309)) - Leader 605be85e-a7f4-44d7-8cfd-f53001b990b0@group-E9F55728802D-LeaderStateImpl is ready since appliedIndex == startIndex == 0
2025-10-20 19:49:58,672 [om1-OMStateMachineApplyTransactionThread - 0] INFO  bucket.OMBucketCreateRequest (OMBucketCreateRequest.java:validateAndUpdateCache(303)) - created bucket: 5fd1ba15-2bf0-4e21-82eb-0b4f13613a96 of layout OBJECT_STORE in volume: f5748960-3c9c-461d-8285-888e701b29e9
2025-10-20 19:49:58,672 | INFO  | OMAudit | user=runner | ip=127.0.0.1 | op=CREATE_BUCKET {"volume":"f5748960-3c9c-461d-8285-888e701b29e9","bucket":"5fd1ba15-2bf0-4e21-82eb-0b4f13613a96","bucketLayout":"OBJECT_STORE","gdprEnabled":null,"acls":"[user:runner:a[ACCESS], group:runner:rl[ACCESS]]","isVersionEnabled":"true","storageType":"DISK","creationTime":"1760989798661","bucketEncryptionKey":null,"modificationTime":"1760989798661","usedBytes":"0","usedNamespace":"0","snapshotUsedBytes":"0","snapshotUsedNamespace":"0","owner":"runner","replicationType":null,"replicationConfig":null,"quotaInBytes":"-1","quotaInNamespace":"-1","Transaction":"2"} | ret=SUCCESS |  
2025-10-20 19:49:58,674 [605be85e-a7f4-44d7-8cfd-f53001b990b0@group-ADCA28697501-FollowerState] INFO  impl.FollowerState (FollowerState.java:runImpl(161)) - 605be85e-a7f4-44d7-8cfd-f53001b990b0@group-ADCA28697501-FollowerState: change to CANDIDATE, lastRpcElapsedTime:1125744029ns, electionTimeout:1124ms
2025-10-20 19:49:58,674 [605be85e-a7f4-44d7-8cfd-f53001b990b0@group-ADCA28697501-FollowerState] INFO  impl.RoleInfo (RoleInfo.java:shutdownFollowerState(121)) - 605be85e-a7f4-44d7-8cfd-f53001b990b0: shutdown 605be85e-a7f4-44d7-8cfd-f53001b990b0@group-ADCA28697501-FollowerState
2025-10-20 19:49:58,674 [605be85e-a7f4-44d7-8cfd-f53001b990b0@group-ADCA28697501-FollowerState] INFO  server.RaftServer$Division (RaftServerImpl.java:setRole(392)) - 605be85e-a7f4-44d7-8cfd-f53001b990b0@group-ADCA28697501: changes role from  FOLLOWER to CANDIDATE at term 0 for changeToCandidate
2025-10-20 19:49:58,674 [605be85e-a7f4-44d7-8cfd-f53001b990b0@group-ADCA28697501-FollowerState] INFO  impl.RoleInfo (RoleInfo.java:updateAndGet(148)) - 605be85e-a7f4-44d7-8cfd-f53001b990b0: start 605be85e-a7f4-44d7-8cfd-f53001b990b0@group-ADCA28697501-LeaderElection19
2025-10-20 19:49:58,675 [7bb0e7f0-2b36-4ec0-8a09-ceac75d91a36@group-ADCA28697501-FollowerState] INFO  impl.FollowerState (FollowerState.java:runImpl(161)) - 7bb0e7f0-2b36-4ec0-8a09-ceac75d91a36@group-ADCA28697501-FollowerState: change to CANDIDATE, lastRpcElapsedTime:1087887981ns, electionTimeout:1087ms
2025-10-20 19:49:58,675 [7bb0e7f0-2b36-4ec0-8a09-ceac75d91a36@group-ADCA28697501-FollowerState] INFO  impl.RoleInfo (RoleInfo.java:shutdownFollowerState(121)) - 7bb0e7f0-2b36-4ec0-8a09-ceac75d91a36: shutdown 7bb0e7f0-2b36-4ec0-8a09-ceac75d91a36@group-ADCA28697501-FollowerState
2025-10-20 19:49:58,675 [7bb0e7f0-2b36-4ec0-8a09-ceac75d91a36@group-ADCA28697501-FollowerState] INFO  server.RaftServer$Division (RaftServerImpl.java:setRole(392)) - 7bb0e7f0-2b36-4ec0-8a09-ceac75d91a36@group-ADCA28697501: changes role from  FOLLOWER to CANDIDATE at term 0 for changeToCandidate
2025-10-20 19:49:58,675 [605be85e-a7f4-44d7-8cfd-f53001b990b0@group-ADCA28697501-LeaderElection19] INFO  impl.LeaderElection (LeaderElection.java:askForVotes(448)) - 605be85e-a7f4-44d7-8cfd-f53001b990b0@group-ADCA28697501-LeaderElection19 PRE_VOTE round 0: submit vote requests at term 0 for conf: {index: -1, cur=peers:[cc7fbe85-1d98-437b-84f9-04213fee10f0|127.0.0.1:15063, 7bb0e7f0-2b36-4ec0-8a09-ceac75d91a36|127.0.0.1:15071, 605be85e-a7f4-44d7-8cfd-f53001b990b0|127.0.0.1:15079]|listeners:[], old=null}
2025-10-20 19:49:58,676 [7bb0e7f0-2b36-4ec0-8a09-ceac75d91a36@group-ADCA28697501-FollowerState] INFO  impl.RoleInfo (RoleInfo.java:updateAndGet(148)) - 7bb0e7f0-2b36-4ec0-8a09-ceac75d91a36: start 7bb0e7f0-2b36-4ec0-8a09-ceac75d91a36@group-ADCA28697501-LeaderElection20
2025-10-20 19:49:58,678 [7bb0e7f0-2b36-4ec0-8a09-ceac75d91a36@group-ADCA28697501-LeaderElection20] INFO  impl.LeaderElection (LeaderElection.java:askForVotes(448)) - 7bb0e7f0-2b36-4ec0-8a09-ceac75d91a36@group-ADCA28697501-LeaderElection20 PRE_VOTE round 0: submit vote requests at term 0 for conf: {index: -1, cur=peers:[cc7fbe85-1d98-437b-84f9-04213fee10f0|127.0.0.1:15063, 7bb0e7f0-2b36-4ec0-8a09-ceac75d91a36|127.0.0.1:15071, 605be85e-a7f4-44d7-8cfd-f53001b990b0|127.0.0.1:15079]|listeners:[], old=null}
2025-10-20 19:49:58,680 [7bb0e7f0-2b36-4ec0-8a09-ceac75d91a36@group-ADCA28697501-LeaderElection20-1] INFO  server.GrpcServerProtocolClient (GrpcServerProtocolClient.java:<init>(65)) - Build channel for cc7fbe85-1d98-437b-84f9-04213fee10f0|127.0.0.1:15063
2025-10-20 19:49:58,680 [7bb0e7f0-2b36-4ec0-8a09-ceac75d91a36@group-ADCA28697501-LeaderElection20-2] INFO  server.GrpcServerProtocolClient (GrpcServerProtocolClient.java:<init>(65)) - Build channel for 605be85e-a7f4-44d7-8cfd-f53001b990b0|127.0.0.1:15079
2025-10-20 19:49:58,680 [grpc-default-executor-2] INFO  server.RaftServer$Division (RaftServerImpl.java:requestVote(1421)) - cc7fbe85-1d98-437b-84f9-04213fee10f0@group-ADCA28697501: receive requestVote(PRE_VOTE, 605be85e-a7f4-44d7-8cfd-f53001b990b0, group-ADCA28697501, 0, <PROTO_DEFAULT>)
2025-10-20 19:49:58,681 [grpc-default-executor-2] INFO  impl.VoteContext (VoteContext.java:log(49)) - cc7fbe85-1d98-437b-84f9-04213fee10f0@group-ADCA28697501-FOLLOWER: accept PRE_VOTE from 605be85e-a7f4-44d7-8cfd-f53001b990b0: our priority 0 <= candidate's priority 0
2025-10-20 19:49:58,681 [grpc-default-executor-2] INFO  server.RaftServer$Division (RaftServerImpl.java:requestVote(1455)) - cc7fbe85-1d98-437b-84f9-04213fee10f0@group-ADCA28697501 replies to PRE_VOTE vote request: 605be85e-a7f4-44d7-8cfd-f53001b990b0<-cc7fbe85-1d98-437b-84f9-04213fee10f0#0:OK-t0-last:<INITIAL_VALUE>. Peer's state: cc7fbe85-1d98-437b-84f9-04213fee10f0@group-ADCA28697501:t0, leader=null, voted=, raftlog=Memoized:cc7fbe85-1d98-437b-84f9-04213fee10f0@group-ADCA28697501-SegmentedRaftLog:OPENED:c-1:lastnull, conf=conf: {index: -1, cur=peers:[cc7fbe85-1d98-437b-84f9-04213fee10f0|127.0.0.1:15063, 7bb0e7f0-2b36-4ec0-8a09-ceac75d91a36|127.0.0.1:15071, 605be85e-a7f4-44d7-8cfd-f53001b990b0|127.0.0.1:15079]|listeners:[], old=null}
2025-10-20 19:49:58,680 [grpc-default-executor-1] INFO  server.RaftServer$Division (RaftServerImpl.java:requestVote(1421)) - 7bb0e7f0-2b36-4ec0-8a09-ceac75d91a36@group-ADCA28697501: receive requestVote(PRE_VOTE, 605be85e-a7f4-44d7-8cfd-f53001b990b0, group-ADCA28697501, 0, <PROTO_DEFAULT>)
2025-10-20 19:49:58,682 [grpc-default-executor-1] INFO  impl.VoteContext (VoteContext.java:log(49)) - 7bb0e7f0-2b36-4ec0-8a09-ceac75d91a36@group-ADCA28697501-CANDIDATE: reject PRE_VOTE from 605be85e-a7f4-44d7-8cfd-f53001b990b0: our priority 1 > candidate's priority 0
2025-10-20 19:49:58,682 [grpc-default-executor-1] INFO  server.RaftServer$Division (RaftServerImpl.java:requestVote(1455)) - 7bb0e7f0-2b36-4ec0-8a09-ceac75d91a36@group-ADCA28697501 replies to PRE_VOTE vote request: 605be85e-a7f4-44d7-8cfd-f53001b990b0<-7bb0e7f0-2b36-4ec0-8a09-ceac75d91a36#0:FAIL-t0-last:<INITIAL_VALUE>. Peer's state: 7bb0e7f0-2b36-4ec0-8a09-ceac75d91a36@group-ADCA28697501:t0, leader=null, voted=, raftlog=Memoized:7bb0e7f0-2b36-4ec0-8a09-ceac75d91a36@group-ADCA28697501-SegmentedRaftLog:OPENED:c-1:lastnull, conf=conf: {index: -1, cur=peers:[cc7fbe85-1d98-437b-84f9-04213fee10f0|127.0.0.1:15063, 7bb0e7f0-2b36-4ec0-8a09-ceac75d91a36|127.0.0.1:15071, 605be85e-a7f4-44d7-8cfd-f53001b990b0|127.0.0.1:15079]|listeners:[], old=null}
2025-10-20 19:49:58,684 [605be85e-a7f4-44d7-8cfd-f53001b990b0@group-ADCA28697501-LeaderElection19] INFO  impl.LeaderElection (LeaderElection.java:logAndReturn(206)) - 605be85e-a7f4-44d7-8cfd-f53001b990b0@group-ADCA28697501-LeaderElection19: PRE_VOTE REJECTED received 1 response(s) and 0 exception(s):
2025-10-20 19:49:58,684 [605be85e-a7f4-44d7-8cfd-f53001b990b0@group-ADCA28697501-LeaderElection19] INFO  impl.LeaderElection (LeaderElection.java:logAndReturn(210)) -   Response 0: 605be85e-a7f4-44d7-8cfd-f53001b990b0<-7bb0e7f0-2b36-4ec0-8a09-ceac75d91a36#0:FAIL-t0-last:<INITIAL_VALUE>
2025-10-20 19:49:58,684 [605be85e-a7f4-44d7-8cfd-f53001b990b0@group-ADCA28697501-LeaderElection19] INFO  impl.LeaderElection (LeaderElection.java:askForVotes(450)) - 605be85e-a7f4-44d7-8cfd-f53001b990b0@group-ADCA28697501-LeaderElection19 PRE_VOTE round 0: result REJECTED
2025-10-20 19:49:58,685 [605be85e-a7f4-44d7-8cfd-f53001b990b0@group-ADCA28697501-LeaderElection19] INFO  server.RaftServer$Division (RaftServerImpl.java:setRole(392)) - 605be85e-a7f4-44d7-8cfd-f53001b990b0@group-ADCA28697501: changes role from CANDIDATE to FOLLOWER at term 0 for REJECTED
2025-10-20 19:49:58,685 [605be85e-a7f4-44d7-8cfd-f53001b990b0@group-ADCA28697501-LeaderElection19] INFO  impl.RoleInfo (RoleInfo.java:shutdownLeaderElection(141)) - 605be85e-a7f4-44d7-8cfd-f53001b990b0: shutdown 605be85e-a7f4-44d7-8cfd-f53001b990b0@group-ADCA28697501-LeaderElection19
2025-10-20 19:49:58,685 [605be85e-a7f4-44d7-8cfd-f53001b990b0@group-ADCA28697501-LeaderElection19] INFO  impl.RoleInfo (RoleInfo.java:updateAndGet(148)) - 605be85e-a7f4-44d7-8cfd-f53001b990b0: start 605be85e-a7f4-44d7-8cfd-f53001b990b0@group-ADCA28697501-FollowerState
2025-10-20 19:49:58,685 | INFO  | OMAudit | user=runner | ip=127.0.0.1 | op=READ_BUCKET {"volume":"f5748960-3c9c-461d-8285-888e701b29e9","bucket":"5fd1ba15-2bf0-4e21-82eb-0b4f13613a96"} | ret=SUCCESS |  
2025-10-20 19:49:58,686 [605be85e-a7f4-44d7-8cfd-f53001b990b0@group-ADCA28697501-LeaderElection19] INFO  server.RaftServer$Division (RaftServerImpl.java:setFirstElection(576)) - 605be85e-a7f4-44d7-8cfd-f53001b990b0@group-ADCA28697501: set firstElectionSinceStartup to false for REJECTED
2025-10-20 19:49:58,689 [grpc-default-executor-2] INFO  server.RaftServer$Division (RaftServerImpl.java:requestVote(1421)) - 605be85e-a7f4-44d7-8cfd-f53001b990b0@group-ADCA28697501: receive requestVote(PRE_VOTE, 7bb0e7f0-2b36-4ec0-8a09-ceac75d91a36, group-ADCA28697501, 0, <PROTO_DEFAULT>)
2025-10-20 19:49:58,690 [grpc-default-executor-2] INFO  impl.VoteContext (VoteContext.java:log(49)) - 605be85e-a7f4-44d7-8cfd-f53001b990b0@group-ADCA28697501-FOLLOWER: accept PRE_VOTE from 7bb0e7f0-2b36-4ec0-8a09-ceac75d91a36: our priority 0 <= candidate's priority 1
2025-10-20 19:49:58,690 [grpc-default-executor-6] INFO  server.RaftServer$Division (RaftServerImpl.java:requestVote(1421)) - cc7fbe85-1d98-437b-84f9-04213fee10f0@group-ADCA28697501: receive requestVote(PRE_VOTE, 7bb0e7f0-2b36-4ec0-8a09-ceac75d91a36, group-ADCA28697501, 0, <PROTO_DEFAULT>)
2025-10-20 19:49:58,690 [grpc-default-executor-6] INFO  impl.VoteContext (VoteContext.java:log(49)) - cc7fbe85-1d98-437b-84f9-04213fee10f0@group-ADCA28697501-FOLLOWER: accept PRE_VOTE from 7bb0e7f0-2b36-4ec0-8a09-ceac75d91a36: our priority 0 <= candidate's priority 1
2025-10-20 19:49:58,690 [grpc-default-executor-2] INFO  server.RaftServer$Division (RaftServerImpl.java:requestVote(1455)) - 605be85e-a7f4-44d7-8cfd-f53001b990b0@group-ADCA28697501 replies to PRE_VOTE vote request: 7bb0e7f0-2b36-4ec0-8a09-ceac75d91a36<-605be85e-a7f4-44d7-8cfd-f53001b990b0#0:OK-t0-last:<INITIAL_VALUE>. Peer's state: 605be85e-a7f4-44d7-8cfd-f53001b990b0@group-ADCA28697501:t0, leader=null, voted=, raftlog=Memoized:605be85e-a7f4-44d7-8cfd-f53001b990b0@group-ADCA28697501-SegmentedRaftLog:OPENED:c-1:lastnull, conf=conf: {index: -1, cur=peers:[cc7fbe85-1d98-437b-84f9-04213fee10f0|127.0.0.1:15063, 7bb0e7f0-2b36-4ec0-8a09-ceac75d91a36|127.0.0.1:15071, 605be85e-a7f4-44d7-8cfd-f53001b990b0|127.0.0.1:15079]|listeners:[], old=null}
2025-10-20 19:49:58,691 [grpc-default-executor-6] INFO  server.RaftServer$Division (RaftServerImpl.java:requestVote(1455)) - cc7fbe85-1d98-437b-84f9-04213fee10f0@group-ADCA28697501 replies to PRE_VOTE vote request: 7bb0e7f0-2b36-4ec0-8a09-ceac75d91a36<-cc7fbe85-1d98-437b-84f9-04213fee10f0#0:OK-t0-last:<INITIAL_VALUE>. Peer's state: cc7fbe85-1d98-437b-84f9-04213fee10f0@group-ADCA28697501:t0, leader=null, voted=, raftlog=Memoized:cc7fbe85-1d98-437b-84f9-04213fee10f0@group-ADCA28697501-SegmentedRaftLog:OPENED:c-1:lastnull, conf=conf: {index: -1, cur=peers:[cc7fbe85-1d98-437b-84f9-04213fee10f0|127.0.0.1:15063, 7bb0e7f0-2b36-4ec0-8a09-ceac75d91a36|127.0.0.1:15071, 605be85e-a7f4-44d7-8cfd-f53001b990b0|127.0.0.1:15079]|listeners:[], old=null}
2025-10-20 19:49:58,692 [7bb0e7f0-2b36-4ec0-8a09-ceac75d91a36@group-ADCA28697501-LeaderElection20] INFO  impl.LeaderElection (LeaderElection.java:logAndReturn(206)) - 7bb0e7f0-2b36-4ec0-8a09-ceac75d91a36@group-ADCA28697501-LeaderElection20: PRE_VOTE PASSED received 1 response(s) and 0 exception(s):
2025-10-20 19:49:58,692 [7bb0e7f0-2b36-4ec0-8a09-ceac75d91a36@group-ADCA28697501-LeaderElection20] INFO  impl.LeaderElection (LeaderElection.java:logAndReturn(210)) -   Response 0: 7bb0e7f0-2b36-4ec0-8a09-ceac75d91a36<-605be85e-a7f4-44d7-8cfd-f53001b990b0#0:OK-t0-last:<INITIAL_VALUE>
2025-10-20 19:49:58,693 [7bb0e7f0-2b36-4ec0-8a09-ceac75d91a36@group-ADCA28697501-LeaderElection20] INFO  impl.LeaderElection (LeaderElection.java:askForVotes(450)) - 7bb0e7f0-2b36-4ec0-8a09-ceac75d91a36@group-ADCA28697501-LeaderElection20 PRE_VOTE round 0: result PASSED
2025-10-20 19:49:58,695 [7bb0e7f0-2b36-4ec0-8a09-ceac75d91a36@group-ADCA28697501-LeaderElection20] INFO  impl.LeaderElection (LeaderElection.java:askForVotes(448)) - 7bb0e7f0-2b36-4ec0-8a09-ceac75d91a36@group-ADCA28697501-LeaderElection20 ELECTION round 0: submit vote requests at term 1 for conf: {index: -1, cur=peers:[cc7fbe85-1d98-437b-84f9-04213fee10f0|127.0.0.1:15063, 7bb0e7f0-2b36-4ec0-8a09-ceac75d91a36|127.0.0.1:15071, 605be85e-a7f4-44d7-8cfd-f53001b990b0|127.0.0.1:15079]|listeners:[], old=null}
2025-10-20 19:49:58,697 [grpc-default-executor-2] INFO  server.RaftServer$Division (RaftServerImpl.java:requestVote(1421)) - cc7fbe85-1d98-437b-84f9-04213fee10f0@group-ADCA28697501: receive requestVote(ELECTION, 7bb0e7f0-2b36-4ec0-8a09-ceac75d91a36, group-ADCA28697501, 1, <PROTO_DEFAULT>)
2025-10-20 19:49:58,698 [grpc-default-executor-2] INFO  impl.VoteContext (VoteContext.java:log(49)) - cc7fbe85-1d98-437b-84f9-04213fee10f0@group-ADCA28697501-FOLLOWER: accept ELECTION from 7bb0e7f0-2b36-4ec0-8a09-ceac75d91a36: our priority 0 <= candidate's priority 1
2025-10-20 19:49:58,698 [grpc-default-executor-2] INFO  server.RaftServer$Division (RaftServerImpl.java:setRole(392)) - cc7fbe85-1d98-437b-84f9-04213fee10f0@group-ADCA28697501: changes role from  FOLLOWER to FOLLOWER at term 0 for candidate:7bb0e7f0-2b36-4ec0-8a09-ceac75d91a36
2025-10-20 19:49:58,698 [grpc-default-executor-2] INFO  impl.RoleInfo (RoleInfo.java:shutdownFollowerState(121)) - cc7fbe85-1d98-437b-84f9-04213fee10f0: shutdown cc7fbe85-1d98-437b-84f9-04213fee10f0@group-ADCA28697501-FollowerState
2025-10-20 19:49:58,698 [grpc-default-executor-2] INFO  impl.RoleInfo (RoleInfo.java:updateAndGet(148)) - cc7fbe85-1d98-437b-84f9-04213fee10f0: start cc7fbe85-1d98-437b-84f9-04213fee10f0@group-ADCA28697501-FollowerState
2025-10-20 19:49:58,698 [cc7fbe85-1d98-437b-84f9-04213fee10f0@group-ADCA28697501-FollowerState] INFO  impl.FollowerState (FollowerState.java:runImpl(170)) - cc7fbe85-1d98-437b-84f9-04213fee10f0@group-ADCA28697501-FollowerState was interrupted
2025-10-20 19:49:58,699 [grpc-default-executor-2] INFO  server.RaftServer$Division (RaftServerImpl.java:setFirstElection(576)) - cc7fbe85-1d98-437b-84f9-04213fee10f0@group-ADCA28697501: set firstElectionSinceStartup to false for candidate:7bb0e7f0-2b36-4ec0-8a09-ceac75d91a36
2025-10-20 19:49:58,700 [grpc-default-executor-6] INFO  server.RaftServer$Division (RaftServerImpl.java:requestVote(1421)) - 605be85e-a7f4-44d7-8cfd-f53001b990b0@group-ADCA28697501: receive requestVote(ELECTION, 7bb0e7f0-2b36-4ec0-8a09-ceac75d91a36, group-ADCA28697501, 1, <PROTO_DEFAULT>)
2025-10-20 19:49:58,700 [grpc-default-executor-6] INFO  impl.VoteContext (VoteContext.java:log(49)) - 605be85e-a7f4-44d7-8cfd-f53001b990b0@group-ADCA28697501-FOLLOWER: accept ELECTION from 7bb0e7f0-2b36-4ec0-8a09-ceac75d91a36: our priority 0 <= candidate's priority 1
2025-10-20 19:49:58,700 [grpc-default-executor-6] INFO  server.RaftServer$Division (RaftServerImpl.java:setRole(392)) - 605be85e-a7f4-44d7-8cfd-f53001b990b0@group-ADCA28697501: changes role from  FOLLOWER to FOLLOWER at term 0 for candidate:7bb0e7f0-2b36-4ec0-8a09-ceac75d91a36
2025-10-20 19:49:58,700 [grpc-default-executor-6] INFO  impl.RoleInfo (RoleInfo.java:shutdownFollowerState(121)) - 605be85e-a7f4-44d7-8cfd-f53001b990b0: shutdown 605be85e-a7f4-44d7-8cfd-f53001b990b0@group-ADCA28697501-FollowerState
2025-10-20 19:49:58,700 [grpc-default-executor-6] INFO  impl.RoleInfo (RoleInfo.java:updateAndGet(148)) - 605be85e-a7f4-44d7-8cfd-f53001b990b0: start 605be85e-a7f4-44d7-8cfd-f53001b990b0@group-ADCA28697501-FollowerState
2025-10-20 19:49:58,700 [605be85e-a7f4-44d7-8cfd-f53001b990b0@group-ADCA28697501-FollowerState] INFO  impl.FollowerState (FollowerState.java:runImpl(170)) - 605be85e-a7f4-44d7-8cfd-f53001b990b0@group-ADCA28697501-FollowerState was interrupted
2025-10-20 19:49:58,704 [grpc-default-executor-6] INFO  server.RaftServer$Division (RaftServerImpl.java:requestVote(1455)) - 605be85e-a7f4-44d7-8cfd-f53001b990b0@group-ADCA28697501 replies to ELECTION vote request: 7bb0e7f0-2b36-4ec0-8a09-ceac75d91a36<-605be85e-a7f4-44d7-8cfd-f53001b990b0#0:OK-t1-last:<INITIAL_VALUE>. Peer's state: 605be85e-a7f4-44d7-8cfd-f53001b990b0@group-ADCA28697501:t1, leader=null, voted=7bb0e7f0-2b36-4ec0-8a09-ceac75d91a36, raftlog=Memoized:605be85e-a7f4-44d7-8cfd-f53001b990b0@group-ADCA28697501-SegmentedRaftLog:OPENED:c-1:lastnull, conf=conf: {index: -1, cur=peers:[cc7fbe85-1d98-437b-84f9-04213fee10f0|127.0.0.1:15063, 7bb0e7f0-2b36-4ec0-8a09-ceac75d91a36|127.0.0.1:15071, 605be85e-a7f4-44d7-8cfd-f53001b990b0|127.0.0.1:15079]|listeners:[], old=null}
2025-10-20 19:49:58,705 [grpc-default-executor-2] INFO  server.RaftServer$Division (RaftServerImpl.java:requestVote(1455)) - cc7fbe85-1d98-437b-84f9-04213fee10f0@group-ADCA28697501 replies to ELECTION vote request: 7bb0e7f0-2b36-4ec0-8a09-ceac75d91a36<-cc7fbe85-1d98-437b-84f9-04213fee10f0#0:OK-t1-last:<INITIAL_VALUE>. Peer's state: cc7fbe85-1d98-437b-84f9-04213fee10f0@group-ADCA28697501:t1, leader=null, voted=7bb0e7f0-2b36-4ec0-8a09-ceac75d91a36, raftlog=Memoized:cc7fbe85-1d98-437b-84f9-04213fee10f0@group-ADCA28697501-SegmentedRaftLog:OPENED:c-1:lastnull, conf=conf: {index: -1, cur=peers:[cc7fbe85-1d98-437b-84f9-04213fee10f0|127.0.0.1:15063, 7bb0e7f0-2b36-4ec0-8a09-ceac75d91a36|127.0.0.1:15071, 605be85e-a7f4-44d7-8cfd-f53001b990b0|127.0.0.1:15079]|listeners:[], old=null}
2025-10-20 19:49:58,708 [7bb0e7f0-2b36-4ec0-8a09-ceac75d91a36@group-ADCA28697501-LeaderElection20] INFO  impl.LeaderElection (LeaderElection.java:logAndReturn(206)) - 7bb0e7f0-2b36-4ec0-8a09-ceac75d91a36@group-ADCA28697501-LeaderElection20: ELECTION PASSED received 1 response(s) and 0 exception(s):
2025-10-20 19:49:58,708 [7bb0e7f0-2b36-4ec0-8a09-ceac75d91a36@group-ADCA28697501-LeaderElection20] INFO  impl.LeaderElection (LeaderElection.java:logAndReturn(210)) -   Response 0: 7bb0e7f0-2b36-4ec0-8a09-ceac75d91a36<-605be85e-a7f4-44d7-8cfd-f53001b990b0#0:OK-t1-last:<INITIAL_VALUE>
2025-10-20 19:49:58,709 [7bb0e7f0-2b36-4ec0-8a09-ceac75d91a36@group-ADCA28697501-LeaderElection20] INFO  impl.LeaderElection (LeaderElection.java:askForVotes(450)) - 7bb0e7f0-2b36-4ec0-8a09-ceac75d91a36@group-ADCA28697501-LeaderElection20 ELECTION round 0: result PASSED
2025-10-20 19:49:58,709 [7bb0e7f0-2b36-4ec0-8a09-ceac75d91a36@group-ADCA28697501-LeaderElection20] INFO  impl.RoleInfo (RoleInfo.java:shutdownLeaderElection(141)) - 7bb0e7f0-2b36-4ec0-8a09-ceac75d91a36: shutdown 7bb0e7f0-2b36-4ec0-8a09-ceac75d91a36@group-ADCA28697501-LeaderElection20
2025-10-20 19:49:58,709 [7bb0e7f0-2b36-4ec0-8a09-ceac75d91a36@group-ADCA28697501-LeaderElection20] INFO  server.RaftServer$Division (RaftServerImpl.java:setRole(392)) - 7bb0e7f0-2b36-4ec0-8a09-ceac75d91a36@group-ADCA28697501: changes role from CANDIDATE to LEADER at term 1 for changeToLeader
2025-10-20 19:49:58,709 [7bb0e7f0-2b36-4ec0-8a09-ceac75d91a36@group-ADCA28697501-LeaderElection20] INFO  server.RaftServerConfigKeys (ConfUtils.java:logFallback(69)) - raft.server.staging.timeout = 15600ms (fallback to raft.server.rpc.timeout.max)
2025-10-20 19:49:58,709 [7bb0e7f0-2b36-4ec0-8a09-ceac75d91a36@group-ADCA28697501-LeaderElection20] INFO  server.RaftServerConfigKeys (ConfUtils.java:logGet(62)) - raft.server.write.byte-limit = 1024 M (=1073741824) (custom)
2025-10-20 19:49:58,713 [7bb0e7f0-2b36-4ec0-8a09-ceac75d91a36@group-ADCA28697501-LeaderElection20] INFO  server.RaftServerConfigKeys (ConfUtils.java:logGet(62)) - raft.server.log.appender.buffer.byte-limit = 33554432 (custom)
2025-10-20 19:49:58,714 [7bb0e7f0-2b36-4ec0-8a09-ceac75d91a36@group-ADCA28697501-LeaderElection20] INFO  server.RaftServerConfigKeys (ConfUtils.java:logGet(62)) - raft.server.log.appender.buffer.byte-limit = 33554432 (custom)
2025-10-20 19:49:58,715 [7bb0e7f0-2b36-4ec0-8a09-ceac75d91a36@group-ADCA28697501-LeaderElection20] INFO  impl.RoleInfo (RoleInfo.java:updateAndGet(148)) - 7bb0e7f0-2b36-4ec0-8a09-ceac75d91a36: start 7bb0e7f0-2b36-4ec0-8a09-ceac75d91a36@group-ADCA28697501-LeaderStateImpl
2025-10-20 19:49:58,715 [7bb0e7f0-2b36-4ec0-8a09-ceac75d91a36@group-ADCA28697501-LeaderElection20] INFO  server.RaftServer$Division (RaftServerImpl.java:setFirstElection(576)) - 7bb0e7f0-2b36-4ec0-8a09-ceac75d91a36@group-ADCA28697501: set firstElectionSinceStartup to false for becomeLeader
2025-10-20 19:49:58,715 [7bb0e7f0-2b36-4ec0-8a09-ceac75d91a36@group-ADCA28697501-LeaderElection20] INFO  ratis.XceiverServerRatis (XceiverServerRatis.java:handleLeaderChangedNotification(940)) - Leader change notification received for group: group-ADCA28697501 with new leaderId: 7bb0e7f0-2b36-4ec0-8a09-ceac75d91a36
2025-10-20 19:49:58,716 [7bb0e7f0-2b36-4ec0-8a09-ceac75d91a36@group-ADCA28697501-LeaderElection20] INFO  server.RaftServer$Division (ServerState.java:setLeader(272)) - 7bb0e7f0-2b36-4ec0-8a09-ceac75d91a36@group-ADCA28697501: change Leader from null to 7bb0e7f0-2b36-4ec0-8a09-ceac75d91a36 at term 1 for becomeLeader, leader elected after 1148ms
2025-10-20 19:49:58,716 [7bb0e7f0-2b36-4ec0-8a09-ceac75d91a36@group-ADCA28697501-LeaderElection20] INFO  segmented.SegmentedRaftLogWorker (SegmentedRaftLogWorker.java:startLogSegment(440)) - 7bb0e7f0-2b36-4ec0-8a09-ceac75d91a36@group-ADCA28697501-SegmentedRaftLogWorker: Starting segment from index:0
2025-10-20 19:49:58,717 [7bb0e7f0-2b36-4ec0-8a09-ceac75d91a36@group-ADCA28697501-SegmentedRaftLogWorker] INFO  segmented.BufferedWriteChannel (BufferedWriteChannel.java:open(61)) - open log_inprogress_0 at position 0
2025-10-20 19:49:58,717 [7bb0e7f0-2b36-4ec0-8a09-ceac75d91a36@group-ADCA28697501-LeaderElection20] INFO  server.RaftServer$Division (ServerState.java:setRaftConf(386)) - 7bb0e7f0-2b36-4ec0-8a09-ceac75d91a36@group-ADCA28697501: set configuration conf: {index: 0, cur=peers:[cc7fbe85-1d98-437b-84f9-04213fee10f0|127.0.0.1:15063, 7bb0e7f0-2b36-4ec0-8a09-ceac75d91a36|127.0.0.1:15071, 605be85e-a7f4-44d7-8cfd-f53001b990b0|127.0.0.1:15079]|listeners:[], old=null}
2025-10-20 19:49:58,718 | INFO  | SCMAudit | user=runner | ip=127.0.0.1 | op=SEND_HEARTBEAT {"datanodeUUID":"7bb0e7f0-2b36-4ec0-8a09-ceac75d91a36","term":"2","command":"[]"} | ret=SUCCESS |  
2025-10-20 19:49:58,723 [EventQueue-PipelineReportForPipelineReportHandler] INFO  pipeline.PipelineReportHandler (PipelineReportHandler.java:processPipelineReport(132)) - Opened pipeline Pipeline-279335df-31f6-46d2-a714-adca28697501
2025-10-20 19:49:58,723 [7bb0e7f0-2b36-4ec0-8a09-ceac75d91a36@group-ADCA28697501-SegmentedRaftLogWorker] INFO  segmented.SegmentedRaftLogWorker (SegmentedRaftLogWorker.java:execute(647)) - 7bb0e7f0-2b36-4ec0-8a09-ceac75d91a36@group-ADCA28697501-SegmentedRaftLogWorker: created new log segment /home/runner/work/ozone/ozone/hadoop-ozone/integration-test/target/test-dir/MiniOzoneClusterImpl-6935df51-69ff-4c35-8bd4-ed2b81d70e54/ozone-metadata/datanode-8/ratis/279335df-31f6-46d2-a714-adca28697501/current/log_inprogress_0
2025-10-20 19:49:58,729 [grpc-default-executor-2] INFO  ratis.XceiverServerRatis (XceiverServerRatis.java:handleLeaderChangedNotification(940)) - Leader change notification received for group: group-ADCA28697501 with new leaderId: 7bb0e7f0-2b36-4ec0-8a09-ceac75d91a36
2025-10-20 19:49:58,729 [grpc-default-executor-2] INFO  server.RaftServer$Division (ServerState.java:setLeader(272)) - 605be85e-a7f4-44d7-8cfd-f53001b990b0@group-ADCA28697501: change Leader from null to 7bb0e7f0-2b36-4ec0-8a09-ceac75d91a36 at term 1 for appendEntries, leader elected after 1205ms
2025-10-20 19:49:58,730 [grpc-default-executor-6] INFO  ratis.XceiverServerRatis (XceiverServerRatis.java:handleLeaderChangedNotification(940)) - Leader change notification received for group: group-ADCA28697501 with new leaderId: 7bb0e7f0-2b36-4ec0-8a09-ceac75d91a36
2025-10-20 19:49:58,730 [grpc-default-executor-6] INFO  server.RaftServer$Division (ServerState.java:setLeader(272)) - cc7fbe85-1d98-437b-84f9-04213fee10f0@group-ADCA28697501: change Leader from null to 7bb0e7f0-2b36-4ec0-8a09-ceac75d91a36 at term 1 for appendEntries, leader elected after 1091ms
2025-10-20 19:49:58,732 [grpc-default-executor-2] INFO  server.RaftServer$Division (ServerState.java:setRaftConf(386)) - cc7fbe85-1d98-437b-84f9-04213fee10f0@group-ADCA28697501: set configuration conf: {index: 0, cur=peers:[cc7fbe85-1d98-437b-84f9-04213fee10f0|127.0.0.1:15063, 7bb0e7f0-2b36-4ec0-8a09-ceac75d91a36|127.0.0.1:15071, 605be85e-a7f4-44d7-8cfd-f53001b990b0|127.0.0.1:15079]|listeners:[], old=null}
2025-10-20 19:49:58,733 [grpc-default-executor-2] INFO  segmented.SegmentedRaftLogWorker (SegmentedRaftLogWorker.java:startLogSegment(440)) - cc7fbe85-1d98-437b-84f9-04213fee10f0@group-ADCA28697501-SegmentedRaftLogWorker: Starting segment from index:0
2025-10-20 19:49:58,733 [grpc-default-executor-6] INFO  server.RaftServer$Division (ServerState.java:setRaftConf(386)) - 605be85e-a7f4-44d7-8cfd-f53001b990b0@group-ADCA28697501: set configuration conf: {index: 0, cur=peers:[cc7fbe85-1d98-437b-84f9-04213fee10f0|127.0.0.1:15063, 7bb0e7f0-2b36-4ec0-8a09-ceac75d91a36|127.0.0.1:15071, 605be85e-a7f4-44d7-8cfd-f53001b990b0|127.0.0.1:15079]|listeners:[], old=null}
2025-10-20 19:49:58,735 [grpc-default-executor-6] INFO  segmented.SegmentedRaftLogWorker (SegmentedRaftLogWorker.java:startLogSegment(440)) - 605be85e-a7f4-44d7-8cfd-f53001b990b0@group-ADCA28697501-SegmentedRaftLogWorker: Starting segment from index:0
2025-10-20 19:49:58,736 [605be85e-a7f4-44d7-8cfd-f53001b990b0@group-ADCA28697501-SegmentedRaftLogWorker] INFO  segmented.BufferedWriteChannel (BufferedWriteChannel.java:open(61)) - open log_inprogress_0 at position 0
2025-10-20 19:49:58,735 [cc7fbe85-1d98-437b-84f9-04213fee10f0@group-ADCA28697501-SegmentedRaftLogWorker] INFO  segmented.BufferedWriteChannel (BufferedWriteChannel.java:open(61)) - open log_inprogress_0 at position 0
2025-10-20 19:49:58,741 [605be85e-a7f4-44d7-8cfd-f53001b990b0@group-ADCA28697501-SegmentedRaftLogWorker] INFO  segmented.SegmentedRaftLogWorker (SegmentedRaftLogWorker.java:execute(647)) - 605be85e-a7f4-44d7-8cfd-f53001b990b0@group-ADCA28697501-SegmentedRaftLogWorker: created new log segment /home/runner/work/ozone/ozone/hadoop-ozone/integration-test/target/test-dir/MiniOzoneClusterImpl-6935df51-69ff-4c35-8bd4-ed2b81d70e54/ozone-metadata/datanode-9/ratis/279335df-31f6-46d2-a714-adca28697501/current/log_inprogress_0
2025-10-20 19:49:58,742 [cc7fbe85-1d98-437b-84f9-04213fee10f0@group-ADCA28697501-SegmentedRaftLogWorker] INFO  segmented.SegmentedRaftLogWorker (SegmentedRaftLogWorker.java:execute(647)) - cc7fbe85-1d98-437b-84f9-04213fee10f0@group-ADCA28697501-SegmentedRaftLogWorker: created new log segment /home/runner/work/ozone/ozone/hadoop-ozone/integration-test/target/test-dir/MiniOzoneClusterImpl-6935df51-69ff-4c35-8bd4-ed2b81d70e54/ozone-metadata/datanode-7/ratis/279335df-31f6-46d2-a714-adca28697501/current/log_inprogress_0
2025-10-20 19:49:58,745 | INFO  | OMAudit | user=runner | ip=127.0.0.1 | op=READ_BUCKET {"volume":"f5748960-3c9c-461d-8285-888e701b29e9","bucket":"5fd1ba15-2bf0-4e21-82eb-0b4f13613a96"} | ret=SUCCESS |  
2025-10-20 19:49:58,746 [7bb0e7f0-2b36-4ec0-8a09-ceac75d91a36@group-ADCA28697501-StateMachineUpdater] INFO  server.RaftServer$Division (LeaderStateImpl.java:checkStartIndex(309)) - Leader 7bb0e7f0-2b36-4ec0-8a09-ceac75d91a36@group-ADCA28697501-LeaderStateImpl is ready since appliedIndex == startIndex == 0
2025-10-20 19:49:58,768 [IPC Server handler 1 on default port 15001] INFO  ha.SequenceIdGenerator (SequenceIdGenerator.java:getNextId(135)) - Allocate a batch for containerId, change lastId from 0 to 1000.
2025-10-20 19:49:58,775 [b614738c-cdff-4f09-bf59-ed5bb75d51be@group-471F411D1C92-FollowerState] INFO  impl.FollowerState (FollowerState.java:runImpl(161)) - b614738c-cdff-4f09-bf59-ed5bb75d51be@group-471F411D1C92-FollowerState: change to CANDIDATE, lastRpcElapsedTime:1116517677ns, electionTimeout:1116ms
2025-10-20 19:49:58,775 [b614738c-cdff-4f09-bf59-ed5bb75d51be@group-471F411D1C92-FollowerState] INFO  impl.RoleInfo (RoleInfo.java:shutdownFollowerState(121)) - b614738c-cdff-4f09-bf59-ed5bb75d51be: shutdown b614738c-cdff-4f09-bf59-ed5bb75d51be@group-471F411D1C92-FollowerState
2025-10-20 19:49:58,775 [b614738c-cdff-4f09-bf59-ed5bb75d51be@group-471F411D1C92-FollowerState] INFO  server.RaftServer$Division (RaftServerImpl.java:setRole(392)) - b614738c-cdff-4f09-bf59-ed5bb75d51be@group-471F411D1C92: changes role from  FOLLOWER to CANDIDATE at term 0 for changeToCandidate
2025-10-20 19:49:58,776 [b614738c-cdff-4f09-bf59-ed5bb75d51be@group-471F411D1C92-FollowerState] INFO  impl.RoleInfo (RoleInfo.java:updateAndGet(148)) - b614738c-cdff-4f09-bf59-ed5bb75d51be: start b614738c-cdff-4f09-bf59-ed5bb75d51be@group-471F411D1C92-LeaderElection21
2025-10-20 19:49:58,776 [b614738c-cdff-4f09-bf59-ed5bb75d51be@group-471F411D1C92-LeaderElection21] INFO  impl.LeaderElection (LeaderElection.java:askForVotes(448)) - b614738c-cdff-4f09-bf59-ed5bb75d51be@group-471F411D1C92-LeaderElection21 PRE_VOTE round 0: submit vote requests at term 0 for conf: {index: -1, cur=peers:[b614738c-cdff-4f09-bf59-ed5bb75d51be|127.0.0.1:15055]|listeners:[], old=null}
2025-10-20 19:49:58,776 [b614738c-cdff-4f09-bf59-ed5bb75d51be@group-471F411D1C92-LeaderElection21] INFO  impl.LeaderElection (LeaderElection.java:askForVotes(450)) - b614738c-cdff-4f09-bf59-ed5bb75d51be@group-471F411D1C92-LeaderElection21 PRE_VOTE round 0: result PASSED (term=0)
2025-10-20 19:49:58,778 [b614738c-cdff-4f09-bf59-ed5bb75d51be@group-471F411D1C92-LeaderElection21] INFO  impl.LeaderElection (LeaderElection.java:askForVotes(448)) - b614738c-cdff-4f09-bf59-ed5bb75d51be@group-471F411D1C92-LeaderElection21 ELECTION round 0: submit vote requests at term 1 for conf: {index: -1, cur=peers:[b614738c-cdff-4f09-bf59-ed5bb75d51be|127.0.0.1:15055]|listeners:[], old=null}
2025-10-20 19:49:58,778 [b614738c-cdff-4f09-bf59-ed5bb75d51be@group-471F411D1C92-LeaderElection21] INFO  impl.LeaderElection (LeaderElection.java:askForVotes(450)) - b614738c-cdff-4f09-bf59-ed5bb75d51be@group-471F411D1C92-LeaderElection21 ELECTION round 0: result PASSED (term=1)
2025-10-20 19:49:58,778 [b614738c-cdff-4f09-bf59-ed5bb75d51be@group-471F411D1C92-LeaderElection21] INFO  impl.RoleInfo (RoleInfo.java:shutdownLeaderElection(141)) - b614738c-cdff-4f09-bf59-ed5bb75d51be: shutdown b614738c-cdff-4f09-bf59-ed5bb75d51be@group-471F411D1C92-LeaderElection21
2025-10-20 19:49:58,778 [b614738c-cdff-4f09-bf59-ed5bb75d51be@group-471F411D1C92-LeaderElection21] INFO  server.RaftServer$Division (RaftServerImpl.java:setRole(392)) - b614738c-cdff-4f09-bf59-ed5bb75d51be@group-471F411D1C92: changes role from CANDIDATE to LEADER at term 1 for changeToLeader
2025-10-20 19:49:58,778 [b614738c-cdff-4f09-bf59-ed5bb75d51be@group-471F411D1C92-LeaderElection21] INFO  server.RaftServerConfigKeys (ConfUtils.java:logFallback(69)) - raft.server.staging.timeout = 15600ms (fallback to raft.server.rpc.timeout.max)
2025-10-20 19:49:58,778 [b614738c-cdff-4f09-bf59-ed5bb75d51be@group-471F411D1C92-LeaderElection21] INFO  server.RaftServerConfigKeys (ConfUtils.java:logGet(62)) - raft.server.write.byte-limit = 1024 M (=1073741824) (custom)
2025-10-20 19:49:58,780 [b614738c-cdff-4f09-bf59-ed5bb75d51be@group-471F411D1C92-LeaderElection21] INFO  impl.RoleInfo (RoleInfo.java:updateAndGet(148)) - b614738c-cdff-4f09-bf59-ed5bb75d51be: start b614738c-cdff-4f09-bf59-ed5bb75d51be@group-471F411D1C92-LeaderStateImpl
2025-10-20 19:49:58,780 [b614738c-cdff-4f09-bf59-ed5bb75d51be@group-471F411D1C92-LeaderElection21] INFO  server.RaftServer$Division (RaftServerImpl.java:setFirstElection(576)) - b614738c-cdff-4f09-bf59-ed5bb75d51be@group-471F411D1C92: set firstElectionSinceStartup to false for becomeLeader
2025-10-20 19:49:58,780 [b614738c-cdff-4f09-bf59-ed5bb75d51be@group-471F411D1C92-LeaderElection21] INFO  ratis.XceiverServerRatis (XceiverServerRatis.java:handleLeaderChangedNotification(940)) - Leader change notification received for group: group-471F411D1C92 with new leaderId: b614738c-cdff-4f09-bf59-ed5bb75d51be
2025-10-20 19:49:58,780 [b614738c-cdff-4f09-bf59-ed5bb75d51be@group-471F411D1C92-LeaderElection21] INFO  server.RaftServer$Division (ServerState.java:setLeader(272)) - b614738c-cdff-4f09-bf59-ed5bb75d51be@group-471F411D1C92: change Leader from null to b614738c-cdff-4f09-bf59-ed5bb75d51be at term 1 for becomeLeader, leader elected after 1153ms
2025-10-20 19:49:58,780 [b614738c-cdff-4f09-bf59-ed5bb75d51be@group-471F411D1C92-LeaderElection21] INFO  segmented.SegmentedRaftLogWorker (SegmentedRaftLogWorker.java:startLogSegment(440)) - b614738c-cdff-4f09-bf59-ed5bb75d51be@group-471F411D1C92-SegmentedRaftLogWorker: Starting segment from index:0
2025-10-20 19:49:58,781 [b614738c-cdff-4f09-bf59-ed5bb75d51be@group-471F411D1C92-SegmentedRaftLogWorker] INFO  segmented.BufferedWriteChannel (BufferedWriteChannel.java:open(61)) - open log_inprogress_0 at position 0
2025-10-20 19:49:58,782 [b614738c-cdff-4f09-bf59-ed5bb75d51be@group-471F411D1C92-LeaderElection21] INFO  server.RaftServer$Division (ServerState.java:setRaftConf(386)) - b614738c-cdff-4f09-bf59-ed5bb75d51be@group-471F411D1C92: set configuration conf: {index: 0, cur=peers:[b614738c-cdff-4f09-bf59-ed5bb75d51be|127.0.0.1:15055]|listeners:[], old=null}
2025-10-20 19:49:58,783 | INFO  | SCMAudit | user=runner | ip=127.0.0.1 | op=SEND_HEARTBEAT {"datanodeUUID":"b614738c-cdff-4f09-bf59-ed5bb75d51be","term":"2","command":"[]"} | ret=SUCCESS |  
2025-10-20 19:49:58,785 [206580cc-82ee-4213-b95b-59cb1d300b36@group-ED2B81D70E54-StateMachineUpdater] WARN  ha.SequenceIdGenerator (SequenceIdGenerator.java:allocateBatch(248)) - Failed to allocate a batch for localId, expected lastId is 0, actual lastId is 115816896921600000.
2025-10-20 19:49:58,786 [b614738c-cdff-4f09-bf59-ed5bb75d51be@group-471F411D1C92-SegmentedRaftLogWorker] INFO  segmented.SegmentedRaftLogWorker (SegmentedRaftLogWorker.java:execute(647)) - b614738c-cdff-4f09-bf59-ed5bb75d51be@group-471F411D1C92-SegmentedRaftLogWorker: created new log segment /home/runner/work/ozone/ozone/hadoop-ozone/integration-test/target/test-dir/MiniOzoneClusterImpl-6935df51-69ff-4c35-8bd4-ed2b81d70e54/ozone-metadata/datanode-6/ratis/87ce1e84-52bc-4c2f-b845-471f411d1c92/current/log_inprogress_0
2025-10-20 19:49:58,787 [b614738c-cdff-4f09-bf59-ed5bb75d51be@group-471F411D1C92-StateMachineUpdater] INFO  server.RaftServer$Division (LeaderStateImpl.java:checkStartIndex(309)) - Leader b614738c-cdff-4f09-bf59-ed5bb75d51be@group-471F411D1C92-LeaderStateImpl is ready since appliedIndex == startIndex == 0
2025-10-20 19:49:58,787 [IPC Server handler 1 on default port 15001] INFO  ha.SequenceIdGenerator (SequenceIdGenerator.java:getNextId(135)) - Allocate a batch for localId, change lastId from 115816896921600000 to 115816896921601000.
2025-10-20 19:49:58,789 | INFO  | SCMAudit | user=runner | ip=127.0.0.1 | op=ALLOCATE_BLOCK {"replication":"RATIS/ONE","owner":"omServiceIdDefault","size":"4194304","sampleBlocks":"[conID: 1 locID: 115816896921600001]","num":"1","client":"","allocated":"1"} | ret=SUCCESS |  
2025-10-20 19:49:58,814 | INFO  | SCMAudit | user=runner | ip=127.0.0.1 | op=SEND_HEARTBEAT {"datanodeUUID":"ef67b0a7-5b27-496d-9f38-ab804a28e500","term":"2","command":"[]"} | ret=SUCCESS |  
2025-10-20 19:49:58,828 | INFO  | OMAudit | user=runner | ip=127.0.0.1 | op=ALLOCATE_KEY {"volume":"f5748960-3c9c-461d-8285-888e701b29e9","bucket":"5fd1ba15-2bf0-4e21-82eb-0b4f13613a96","key":"2f8fbd74-7f20-4478-a562-a65a75964aa0","dataSize":"12","replicationType":"RATIS","replicationFactor":"ONE","Transaction":"3"} | ret=SUCCESS |  
2025-10-20 19:49:58,900 | INFO  | SCMAudit | user=runner | ip=127.0.0.1 | op=SEND_HEARTBEAT {"datanodeUUID":"cc7fbe85-1d98-437b-84f9-04213fee10f0","term":"2","command":"[]"} | ret=SUCCESS |  
2025-10-20 19:49:58,904 [4f2bb3f5-0e03-4f1b-bb4c-79c91b98c7da@group-1BF756E6ABFD-FollowerState] INFO  impl.FollowerState (FollowerState.java:runImpl(161)) - 4f2bb3f5-0e03-4f1b-bb4c-79c91b98c7da@group-1BF756E6ABFD-FollowerState: change to CANDIDATE, lastRpcElapsedTime:1077830542ns, electionTimeout:1076ms
2025-10-20 19:49:58,905 [4f2bb3f5-0e03-4f1b-bb4c-79c91b98c7da@group-1BF756E6ABFD-FollowerState] INFO  impl.RoleInfo (RoleInfo.java:shutdownFollowerState(121)) - 4f2bb3f5-0e03-4f1b-bb4c-79c91b98c7da: shutdown 4f2bb3f5-0e03-4f1b-bb4c-79c91b98c7da@group-1BF756E6ABFD-FollowerState
2025-10-20 19:49:58,905 [4f2bb3f5-0e03-4f1b-bb4c-79c91b98c7da@group-1BF756E6ABFD-FollowerState] INFO  server.RaftServer$Division (RaftServerImpl.java:setRole(392)) - 4f2bb3f5-0e03-4f1b-bb4c-79c91b98c7da@group-1BF756E6ABFD: changes role from  FOLLOWER to CANDIDATE at term 0 for changeToCandidate
2025-10-20 19:49:58,905 [4f2bb3f5-0e03-4f1b-bb4c-79c91b98c7da@group-1BF756E6ABFD-FollowerState] INFO  impl.RoleInfo (RoleInfo.java:updateAndGet(148)) - 4f2bb3f5-0e03-4f1b-bb4c-79c91b98c7da: start 4f2bb3f5-0e03-4f1b-bb4c-79c91b98c7da@group-1BF756E6ABFD-LeaderElection22
2025-10-20 19:49:58,905 [4f2bb3f5-0e03-4f1b-bb4c-79c91b98c7da@group-1BF756E6ABFD-LeaderElection22] INFO  impl.LeaderElection (LeaderElection.java:askForVotes(448)) - 4f2bb3f5-0e03-4f1b-bb4c-79c91b98c7da@group-1BF756E6ABFD-LeaderElection22 PRE_VOTE round 0: submit vote requests at term 0 for conf: {index: -1, cur=peers:[4f2bb3f5-0e03-4f1b-bb4c-79c91b98c7da|127.0.0.1:15095]|listeners:[], old=null}
2025-10-20 19:49:58,906 [4f2bb3f5-0e03-4f1b-bb4c-79c91b98c7da@group-1BF756E6ABFD-LeaderElection22] INFO  impl.LeaderElection (LeaderElection.java:askForVotes(450)) - 4f2bb3f5-0e03-4f1b-bb4c-79c91b98c7da@group-1BF756E6ABFD-LeaderElection22 PRE_VOTE round 0: result PASSED (term=0)
2025-10-20 19:49:58,907 [4f2bb3f5-0e03-4f1b-bb4c-79c91b98c7da@group-1BF756E6ABFD-LeaderElection22] INFO  impl.LeaderElection (LeaderElection.java:askForVotes(448)) - 4f2bb3f5-0e03-4f1b-bb4c-79c91b98c7da@group-1BF756E6ABFD-LeaderElection22 ELECTION round 0: submit vote requests at term 1 for conf: {index: -1, cur=peers:[4f2bb3f5-0e03-4f1b-bb4c-79c91b98c7da|127.0.0.1:15095]|listeners:[], old=null}
2025-10-20 19:49:58,907 [4f2bb3f5-0e03-4f1b-bb4c-79c91b98c7da@group-1BF756E6ABFD-LeaderElection22] INFO  impl.LeaderElection (LeaderElection.java:askForVotes(450)) - 4f2bb3f5-0e03-4f1b-bb4c-79c91b98c7da@group-1BF756E6ABFD-LeaderElection22 ELECTION round 0: result PASSED (term=1)
2025-10-20 19:49:58,907 [4f2bb3f5-0e03-4f1b-bb4c-79c91b98c7da@group-1BF756E6ABFD-LeaderElection22] INFO  impl.RoleInfo (RoleInfo.java:shutdownLeaderElection(141)) - 4f2bb3f5-0e03-4f1b-bb4c-79c91b98c7da: shutdown 4f2bb3f5-0e03-4f1b-bb4c-79c91b98c7da@group-1BF756E6ABFD-LeaderElection22
2025-10-20 19:49:58,907 [4f2bb3f5-0e03-4f1b-bb4c-79c91b98c7da@group-1BF756E6ABFD-LeaderElection22] INFO  server.RaftServer$Division (RaftServerImpl.java:setRole(392)) - 4f2bb3f5-0e03-4f1b-bb4c-79c91b98c7da@group-1BF756E6ABFD: changes role from CANDIDATE to LEADER at term 1 for changeToLeader
2025-10-20 19:49:58,908 [4f2bb3f5-0e03-4f1b-bb4c-79c91b98c7da@group-1BF756E6ABFD-LeaderElection22] INFO  server.RaftServerConfigKeys (ConfUtils.java:logFallback(69)) - raft.server.staging.timeout = 15600ms (fallback to raft.server.rpc.timeout.max)
2025-10-20 19:49:58,908 [4f2bb3f5-0e03-4f1b-bb4c-79c91b98c7da@group-1BF756E6ABFD-LeaderElection22] INFO  server.RaftServerConfigKeys (ConfUtils.java:logGet(62)) - raft.server.write.byte-limit = 1024 M (=1073741824) (custom)
2025-10-20 19:49:58,909 [4f2bb3f5-0e03-4f1b-bb4c-79c91b98c7da@group-1BF756E6ABFD-LeaderElection22] INFO  impl.RoleInfo (RoleInfo.java:updateAndGet(148)) - 4f2bb3f5-0e03-4f1b-bb4c-79c91b98c7da: start 4f2bb3f5-0e03-4f1b-bb4c-79c91b98c7da@group-1BF756E6ABFD-LeaderStateImpl
2025-10-20 19:49:58,909 [4f2bb3f5-0e03-4f1b-bb4c-79c91b98c7da@group-1BF756E6ABFD-LeaderElection22] INFO  server.RaftServer$Division (RaftServerImpl.java:setFirstElection(576)) - 4f2bb3f5-0e03-4f1b-bb4c-79c91b98c7da@group-1BF756E6ABFD: set firstElectionSinceStartup to false for becomeLeader
2025-10-20 19:49:58,909 [4f2bb3f5-0e03-4f1b-bb4c-79c91b98c7da@group-1BF756E6ABFD-LeaderElection22] INFO  ratis.XceiverServerRatis (XceiverServerRatis.java:handleLeaderChangedNotification(940)) - Leader change notification received for group: group-1BF756E6ABFD with new leaderId: 4f2bb3f5-0e03-4f1b-bb4c-79c91b98c7da
2025-10-20 19:49:58,909 [4f2bb3f5-0e03-4f1b-bb4c-79c91b98c7da@group-1BF756E6ABFD-LeaderElection22] INFO  server.RaftServer$Division (ServerState.java:setLeader(272)) - 4f2bb3f5-0e03-4f1b-bb4c-79c91b98c7da@group-1BF756E6ABFD: change Leader from null to 4f2bb3f5-0e03-4f1b-bb4c-79c91b98c7da at term 1 for becomeLeader, leader elected after 1117ms
2025-10-20 19:49:58,910 [4f2bb3f5-0e03-4f1b-bb4c-79c91b98c7da@group-1BF756E6ABFD-LeaderElection22] INFO  segmented.SegmentedRaftLogWorker (SegmentedRaftLogWorker.java:startLogSegment(440)) - 4f2bb3f5-0e03-4f1b-bb4c-79c91b98c7da@group-1BF756E6ABFD-SegmentedRaftLogWorker: Starting segment from index:0
2025-10-20 19:49:58,910 [4f2bb3f5-0e03-4f1b-bb4c-79c91b98c7da@group-1BF756E6ABFD-LeaderElection22] INFO  server.RaftServer$Division (ServerState.java:setRaftConf(386)) - 4f2bb3f5-0e03-4f1b-bb4c-79c91b98c7da@group-1BF756E6ABFD: set configuration conf: {index: 0, cur=peers:[4f2bb3f5-0e03-4f1b-bb4c-79c91b98c7da|127.0.0.1:15095]|listeners:[], old=null}
2025-10-20 19:49:58,910 [4f2bb3f5-0e03-4f1b-bb4c-79c91b98c7da@group-1BF756E6ABFD-SegmentedRaftLogWorker] INFO  segmented.BufferedWriteChannel (BufferedWriteChannel.java:open(61)) - open log_inprogress_0 at position 0
2025-10-20 19:49:58,916 [4f2bb3f5-0e03-4f1b-bb4c-79c91b98c7da@group-1BF756E6ABFD-SegmentedRaftLogWorker] INFO  segmented.SegmentedRaftLogWorker (SegmentedRaftLogWorker.java:execute(647)) - 4f2bb3f5-0e03-4f1b-bb4c-79c91b98c7da@group-1BF756E6ABFD-SegmentedRaftLogWorker: created new log segment /home/runner/work/ozone/ozone/hadoop-ozone/integration-test/target/test-dir/MiniOzoneClusterImpl-6935df51-69ff-4c35-8bd4-ed2b81d70e54/ozone-metadata/datanode-11/ratis/039ffff9-266b-48f4-a31a-1bf756e6abfd/current/log_inprogress_0
2025-10-20 19:49:58,916 | INFO  | SCMAudit | user=runner | ip=127.0.0.1 | op=SEND_HEARTBEAT {"datanodeUUID":"4f2bb3f5-0e03-4f1b-bb4c-79c91b98c7da","term":"2","command":"[]"} | ret=SUCCESS |  
2025-10-20 19:49:58,919 [4f2bb3f5-0e03-4f1b-bb4c-79c91b98c7da@group-1BF756E6ABFD-StateMachineUpdater] INFO  server.RaftServer$Division (LeaderStateImpl.java:checkStartIndex(309)) - Leader 4f2bb3f5-0e03-4f1b-bb4c-79c91b98c7da@group-1BF756E6ABFD-LeaderStateImpl is ready since appliedIndex == startIndex == 0
2025-10-20 19:49:58,952 [cc7fbe85-1d98-437b-84f9-04213fee10f0@group-8DF13216E60C-FollowerState] INFO  impl.FollowerState (FollowerState.java:runImpl(161)) - cc7fbe85-1d98-437b-84f9-04213fee10f0@group-8DF13216E60C-FollowerState: change to CANDIDATE, lastRpcElapsedTime:1037437211ns, electionTimeout:1037ms
2025-10-20 19:49:58,952 [cc7fbe85-1d98-437b-84f9-04213fee10f0@group-8DF13216E60C-FollowerState] INFO  impl.RoleInfo (RoleInfo.java:shutdownFollowerState(121)) - cc7fbe85-1d98-437b-84f9-04213fee10f0: shutdown cc7fbe85-1d98-437b-84f9-04213fee10f0@group-8DF13216E60C-FollowerState
2025-10-20 19:49:58,952 [cc7fbe85-1d98-437b-84f9-04213fee10f0@group-8DF13216E60C-FollowerState] INFO  server.RaftServer$Division (RaftServerImpl.java:setRole(392)) - cc7fbe85-1d98-437b-84f9-04213fee10f0@group-8DF13216E60C: changes role from  FOLLOWER to CANDIDATE at term 0 for changeToCandidate
2025-10-20 19:49:58,952 [cc7fbe85-1d98-437b-84f9-04213fee10f0@group-8DF13216E60C-FollowerState] INFO  impl.RoleInfo (RoleInfo.java:updateAndGet(148)) - cc7fbe85-1d98-437b-84f9-04213fee10f0: start cc7fbe85-1d98-437b-84f9-04213fee10f0@group-8DF13216E60C-LeaderElection23
2025-10-20 19:49:58,953 [cc7fbe85-1d98-437b-84f9-04213fee10f0@group-8DF13216E60C-LeaderElection23] INFO  impl.LeaderElection (LeaderElection.java:askForVotes(448)) - cc7fbe85-1d98-437b-84f9-04213fee10f0@group-8DF13216E60C-LeaderElection23 PRE_VOTE round 0: submit vote requests at term 0 for conf: {index: -1, cur=peers:[cc7fbe85-1d98-437b-84f9-04213fee10f0|127.0.0.1:15063]|listeners:[], old=null}
2025-10-20 19:49:58,953 [cc7fbe85-1d98-437b-84f9-04213fee10f0@group-8DF13216E60C-LeaderElection23] INFO  impl.LeaderElection (LeaderElection.java:askForVotes(450)) - cc7fbe85-1d98-437b-84f9-04213fee10f0@group-8DF13216E60C-LeaderElection23 PRE_VOTE round 0: result PASSED (term=0)
2025-10-20 19:49:58,954 [cc7fbe85-1d98-437b-84f9-04213fee10f0@group-8DF13216E60C-LeaderElection23] INFO  impl.LeaderElection (LeaderElection.java:askForVotes(448)) - cc7fbe85-1d98-437b-84f9-04213fee10f0@group-8DF13216E60C-LeaderElection23 ELECTION round 0: submit vote requests at term 1 for conf: {index: -1, cur=peers:[cc7fbe85-1d98-437b-84f9-04213fee10f0|127.0.0.1:15063]|listeners:[], old=null}
2025-10-20 19:49:58,955 [cc7fbe85-1d98-437b-84f9-04213fee10f0@group-8DF13216E60C-LeaderElection23] INFO  impl.LeaderElection (LeaderElection.java:askForVotes(450)) - cc7fbe85-1d98-437b-84f9-04213fee10f0@group-8DF13216E60C-LeaderElection23 ELECTION round 0: result PASSED (term=1)
2025-10-20 19:49:58,955 [cc7fbe85-1d98-437b-84f9-04213fee10f0@group-8DF13216E60C-LeaderElection23] INFO  impl.RoleInfo (RoleInfo.java:shutdownLeaderElection(141)) - cc7fbe85-1d98-437b-84f9-04213fee10f0: shutdown cc7fbe85-1d98-437b-84f9-04213fee10f0@group-8DF13216E60C-LeaderElection23
2025-10-20 19:49:58,955 [cc7fbe85-1d98-437b-84f9-04213fee10f0@group-8DF13216E60C-LeaderElection23] INFO  server.RaftServer$Division (RaftServerImpl.java:setRole(392)) - cc7fbe85-1d98-437b-84f9-04213fee10f0@group-8DF13216E60C: changes role from CANDIDATE to LEADER at term 1 for changeToLeader
2025-10-20 19:49:58,956 [cc7fbe85-1d98-437b-84f9-04213fee10f0@group-8DF13216E60C-LeaderElection23] INFO  server.RaftServerConfigKeys (ConfUtils.java:logFallback(69)) - raft.server.staging.timeout = 15600ms (fallback to raft.server.rpc.timeout.max)
2025-10-20 19:49:58,957 [cc7fbe85-1d98-437b-84f9-04213fee10f0@group-8DF13216E60C-LeaderElection23] INFO  server.RaftServerConfigKeys (ConfUtils.java:logGet(62)) - raft.server.write.byte-limit = 1024 M (=1073741824) (custom)
2025-10-20 19:49:58,958 [cc7fbe85-1d98-437b-84f9-04213fee10f0@group-8DF13216E60C-LeaderElection23] INFO  impl.RoleInfo (RoleInfo.java:updateAndGet(148)) - cc7fbe85-1d98-437b-84f9-04213fee10f0: start cc7fbe85-1d98-437b-84f9-04213fee10f0@group-8DF13216E60C-LeaderStateImpl
2025-10-20 19:49:58,958 [cc7fbe85-1d98-437b-84f9-04213fee10f0@group-8DF13216E60C-LeaderElection23] INFO  server.RaftServer$Division (RaftServerImpl.java:setFirstElection(576)) - cc7fbe85-1d98-437b-84f9-04213fee10f0@group-8DF13216E60C: set firstElectionSinceStartup to false for becomeLeader
2025-10-20 19:49:58,959 [cc7fbe85-1d98-437b-84f9-04213fee10f0@group-8DF13216E60C-LeaderElection23] INFO  ratis.XceiverServerRatis (XceiverServerRatis.java:handleLeaderChangedNotification(940)) - Leader change notification received for group: group-8DF13216E60C with new leaderId: cc7fbe85-1d98-437b-84f9-04213fee10f0
2025-10-20 19:49:58,959 [cc7fbe85-1d98-437b-84f9-04213fee10f0@group-8DF13216E60C-LeaderElection23] INFO  server.RaftServer$Division (ServerState.java:setLeader(272)) - cc7fbe85-1d98-437b-84f9-04213fee10f0@group-8DF13216E60C: change Leader from null to cc7fbe85-1d98-437b-84f9-04213fee10f0 at term 1 for becomeLeader, leader elected after 1072ms
2025-10-20 19:49:58,960 [cc7fbe85-1d98-437b-84f9-04213fee10f0@group-8DF13216E60C-LeaderElection23] INFO  segmented.SegmentedRaftLogWorker (SegmentedRaftLogWorker.java:startLogSegment(440)) - cc7fbe85-1d98-437b-84f9-04213fee10f0@group-8DF13216E60C-SegmentedRaftLogWorker: Starting segment from index:0
2025-10-20 19:49:58,960 [cc7fbe85-1d98-437b-84f9-04213fee10f0@group-8DF13216E60C-LeaderElection23] INFO  server.RaftServer$Division (ServerState.java:setRaftConf(386)) - cc7fbe85-1d98-437b-84f9-04213fee10f0@group-8DF13216E60C: set configuration conf: {index: 0, cur=peers:[cc7fbe85-1d98-437b-84f9-04213fee10f0|127.0.0.1:15063]|listeners:[], old=null}
2025-10-20 19:49:58,960 [cc7fbe85-1d98-437b-84f9-04213fee10f0@group-8DF13216E60C-SegmentedRaftLogWorker] INFO  segmented.BufferedWriteChannel (BufferedWriteChannel.java:open(61)) - open log_inprogress_0 at position 0
2025-10-20 19:49:58,963 | INFO  | SCMAudit | user=runner | ip=127.0.0.1 | op=SEND_HEARTBEAT {"datanodeUUID":"cc7fbe85-1d98-437b-84f9-04213fee10f0","term":"2","command":"[]"} | ret=SUCCESS |  
2025-10-20 19:49:58,971 [cc7fbe85-1d98-437b-84f9-04213fee10f0@group-8DF13216E60C-SegmentedRaftLogWorker] INFO  segmented.SegmentedRaftLogWorker (SegmentedRaftLogWorker.java:execute(647)) - cc7fbe85-1d98-437b-84f9-04213fee10f0@group-8DF13216E60C-SegmentedRaftLogWorker: created new log segment /home/runner/work/ozone/ozone/hadoop-ozone/integration-test/target/test-dir/MiniOzoneClusterImpl-6935df51-69ff-4c35-8bd4-ed2b81d70e54/ozone-metadata/datanode-7/ratis/455e61df-8df1-40bd-a70a-8df13216e60c/current/log_inprogress_0
2025-10-20 19:49:58,976 [cc7fbe85-1d98-437b-84f9-04213fee10f0@group-8DF13216E60C-StateMachineUpdater] INFO  server.RaftServer$Division (LeaderStateImpl.java:checkStartIndex(309)) - Leader cc7fbe85-1d98-437b-84f9-04213fee10f0@group-8DF13216E60C-LeaderStateImpl is ready since appliedIndex == startIndex == 0
2025-10-20 19:49:59,001 [33f74daf-be7a-4306-b2af-53e409c4cb93@group-C03B5CC8546F-FollowerState] INFO  impl.FollowerState (FollowerState.java:runImpl(161)) - 33f74daf-be7a-4306-b2af-53e409c4cb93@group-C03B5CC8546F-FollowerState: change to CANDIDATE, lastRpcElapsedTime:1105562791ns, electionTimeout:1105ms
2025-10-20 19:49:59,001 [33f74daf-be7a-4306-b2af-53e409c4cb93@group-C03B5CC8546F-FollowerState] INFO  impl.RoleInfo (RoleInfo.java:shutdownFollowerState(121)) - 33f74daf-be7a-4306-b2af-53e409c4cb93: shutdown 33f74daf-be7a-4306-b2af-53e409c4cb93@group-C03B5CC8546F-FollowerState
2025-10-20 19:49:59,001 [33f74daf-be7a-4306-b2af-53e409c4cb93@group-C03B5CC8546F-FollowerState] INFO  server.RaftServer$Division (RaftServerImpl.java:setRole(392)) - 33f74daf-be7a-4306-b2af-53e409c4cb93@group-C03B5CC8546F: changes role from  FOLLOWER to CANDIDATE at term 0 for changeToCandidate
2025-10-20 19:49:59,001 [33f74daf-be7a-4306-b2af-53e409c4cb93@group-C03B5CC8546F-FollowerState] INFO  impl.RoleInfo (RoleInfo.java:updateAndGet(148)) - 33f74daf-be7a-4306-b2af-53e409c4cb93: start 33f74daf-be7a-4306-b2af-53e409c4cb93@group-C03B5CC8546F-LeaderElection24
2025-10-20 19:49:59,002 [33f74daf-be7a-4306-b2af-53e409c4cb93@group-C03B5CC8546F-LeaderElection24] INFO  impl.LeaderElection (LeaderElection.java:askForVotes(448)) - 33f74daf-be7a-4306-b2af-53e409c4cb93@group-C03B5CC8546F-LeaderElection24 PRE_VOTE round 0: submit vote requests at term 0 for conf: {index: -1, cur=peers:[4f2bb3f5-0e03-4f1b-bb4c-79c91b98c7da|127.0.0.1:15095, 33f74daf-be7a-4306-b2af-53e409c4cb93|127.0.0.1:15087, d7d8cf72-b9f6-4979-9c53-007dd6e6e48a|127.0.0.1:15103]|listeners:[], old=null}
2025-10-20 19:49:59,002 [33f74daf-be7a-4306-b2af-53e409c4cb93@group-C03B5CC8546F-LeaderElection24-1] INFO  server.GrpcServerProtocolClient (GrpcServerProtocolClient.java:<init>(65)) - Build channel for 4f2bb3f5-0e03-4f1b-bb4c-79c91b98c7da|127.0.0.1:15095
2025-10-20 19:49:59,002 [33f74daf-be7a-4306-b2af-53e409c4cb93@group-C03B5CC8546F-LeaderElection24-2] INFO  server.GrpcServerProtocolClient (GrpcServerProtocolClient.java:<init>(65)) - Build channel for d7d8cf72-b9f6-4979-9c53-007dd6e6e48a|127.0.0.1:15103
2025-10-20 19:49:59,007 [grpc-default-executor-2] INFO  server.RaftServer$Division (RaftServerImpl.java:requestVote(1421)) - d7d8cf72-b9f6-4979-9c53-007dd6e6e48a@group-C03B5CC8546F: receive requestVote(PRE_VOTE, 33f74daf-be7a-4306-b2af-53e409c4cb93, group-C03B5CC8546F, 0, <PROTO_DEFAULT>)
2025-10-20 19:49:59,007 [grpc-default-executor-6] INFO  server.RaftServer$Division (RaftServerImpl.java:requestVote(1421)) - 4f2bb3f5-0e03-4f1b-bb4c-79c91b98c7da@group-C03B5CC8546F: receive requestVote(PRE_VOTE, 33f74daf-be7a-4306-b2af-53e409c4cb93, group-C03B5CC8546F, 0, <PROTO_DEFAULT>)
2025-10-20 19:49:59,008 [grpc-default-executor-2] INFO  impl.VoteContext (VoteContext.java:log(49)) - d7d8cf72-b9f6-4979-9c53-007dd6e6e48a@group-C03B5CC8546F-FOLLOWER: accept PRE_VOTE from 33f74daf-be7a-4306-b2af-53e409c4cb93: our priority 0 <= candidate's priority 0
2025-10-20 19:49:59,008 [grpc-default-executor-6] INFO  impl.VoteContext (VoteContext.java:log(49)) - 4f2bb3f5-0e03-4f1b-bb4c-79c91b98c7da@group-C03B5CC8546F-FOLLOWER: reject PRE_VOTE from 33f74daf-be7a-4306-b2af-53e409c4cb93: our priority 1 > candidate's priority 0
2025-10-20 19:49:59,008 [grpc-default-executor-2] INFO  server.RaftServer$Division (RaftServerImpl.java:requestVote(1455)) - d7d8cf72-b9f6-4979-9c53-007dd6e6e48a@group-C03B5CC8546F replies to PRE_VOTE vote request: 33f74daf-be7a-4306-b2af-53e409c4cb93<-d7d8cf72-b9f6-4979-9c53-007dd6e6e48a#0:OK-t0-last:<INITIAL_VALUE>. Peer's state: d7d8cf72-b9f6-4979-9c53-007dd6e6e48a@group-C03B5CC8546F:t0, leader=null, voted=, raftlog=Memoized:d7d8cf72-b9f6-4979-9c53-007dd6e6e48a@group-C03B5CC8546F-SegmentedRaftLog:OPENED:c-1:lastnull, conf=conf: {index: -1, cur=peers:[4f2bb3f5-0e03-4f1b-bb4c-79c91b98c7da|127.0.0.1:15095, 33f74daf-be7a-4306-b2af-53e409c4cb93|127.0.0.1:15087, d7d8cf72-b9f6-4979-9c53-007dd6e6e48a|127.0.0.1:15103]|listeners:[], old=null}
2025-10-20 19:49:59,008 [grpc-default-executor-6] INFO  server.RaftServer$Division (RaftServerImpl.java:requestVote(1455)) - 4f2bb3f5-0e03-4f1b-bb4c-79c91b98c7da@group-C03B5CC8546F replies to PRE_VOTE vote request: 33f74daf-be7a-4306-b2af-53e409c4cb93<-4f2bb3f5-0e03-4f1b-bb4c-79c91b98c7da#0:FAIL-t0-last:<INITIAL_VALUE>. Peer's state: 4f2bb3f5-0e03-4f1b-bb4c-79c91b98c7da@group-C03B5CC8546F:t0, leader=null, voted=, raftlog=Memoized:4f2bb3f5-0e03-4f1b-bb4c-79c91b98c7da@group-C03B5CC8546F-SegmentedRaftLog:OPENED:c-1:lastnull, conf=conf: {index: -1, cur=peers:[4f2bb3f5-0e03-4f1b-bb4c-79c91b98c7da|127.0.0.1:15095, 33f74daf-be7a-4306-b2af-53e409c4cb93|127.0.0.1:15087, d7d8cf72-b9f6-4979-9c53-007dd6e6e48a|127.0.0.1:15103]|listeners:[], old=null}
2025-10-20 19:49:59,010 [33f74daf-be7a-4306-b2af-53e409c4cb93@group-C03B5CC8546F-LeaderElection24] INFO  impl.LeaderElection (LeaderElection.java:logAndReturn(206)) - 33f74daf-be7a-4306-b2af-53e409c4cb93@group-C03B5CC8546F-LeaderElection24: PRE_VOTE REJECTED received 2 response(s) and 0 exception(s):
2025-10-20 19:49:59,011 [33f74daf-be7a-4306-b2af-53e409c4cb93@group-C03B5CC8546F-LeaderElection24] INFO  impl.LeaderElection (LeaderElection.java:logAndReturn(210)) -   Response 0: 33f74daf-be7a-4306-b2af-53e409c4cb93<-4f2bb3f5-0e03-4f1b-bb4c-79c91b98c7da#0:FAIL-t0-last:<INITIAL_VALUE>
2025-10-20 19:49:59,011 [33f74daf-be7a-4306-b2af-53e409c4cb93@group-C03B5CC8546F-LeaderElection24] INFO  impl.LeaderElection (LeaderElection.java:logAndReturn(210)) -   Response 1: 33f74daf-be7a-4306-b2af-53e409c4cb93<-d7d8cf72-b9f6-4979-9c53-007dd6e6e48a#0:OK-t0-last:<INITIAL_VALUE>
2025-10-20 19:49:59,011 [33f74daf-be7a-4306-b2af-53e409c4cb93@group-C03B5CC8546F-LeaderElection24] INFO  impl.LeaderElection (LeaderElection.java:askForVotes(450)) - 33f74daf-be7a-4306-b2af-53e409c4cb93@group-C03B5CC8546F-LeaderElection24 PRE_VOTE round 0: result REJECTED
2025-10-20 19:49:59,011 [33f74daf-be7a-4306-b2af-53e409c4cb93@group-C03B5CC8546F-LeaderElection24] INFO  server.RaftServer$Division (RaftServerImpl.java:setRole(392)) - 33f74daf-be7a-4306-b2af-53e409c4cb93@group-C03B5CC8546F: changes role from CANDIDATE to FOLLOWER at term 0 for REJECTED
2025-10-20 19:49:59,011 [33f74daf-be7a-4306-b2af-53e409c4cb93@group-C03B5CC8546F-LeaderElection24] INFO  impl.RoleInfo (RoleInfo.java:shutdownLeaderElection(141)) - 33f74daf-be7a-4306-b2af-53e409c4cb93: shutdown 33f74daf-be7a-4306-b2af-53e409c4cb93@group-C03B5CC8546F-LeaderElection24
2025-10-20 19:49:59,011 [33f74daf-be7a-4306-b2af-53e409c4cb93@group-C03B5CC8546F-LeaderElection24] INFO  impl.RoleInfo (RoleInfo.java:updateAndGet(148)) - 33f74daf-be7a-4306-b2af-53e409c4cb93: start 33f74daf-be7a-4306-b2af-53e409c4cb93@group-C03B5CC8546F-FollowerState
2025-10-20 19:49:59,012 [33f74daf-be7a-4306-b2af-53e409c4cb93@group-C03B5CC8546F-LeaderElection24] INFO  server.RaftServer$Division (RaftServerImpl.java:setFirstElection(576)) - 33f74daf-be7a-4306-b2af-53e409c4cb93@group-C03B5CC8546F: set firstElectionSinceStartup to false for REJECTED
2025-10-20 19:49:59,013 [4f2bb3f5-0e03-4f1b-bb4c-79c91b98c7da@group-B3B02EAB42DA-FollowerState] INFO  impl.FollowerState (FollowerState.java:runImpl(161)) - 4f2bb3f5-0e03-4f1b-bb4c-79c91b98c7da@group-B3B02EAB42DA-FollowerState: change to CANDIDATE, lastRpcElapsedTime:1038447937ns, electionTimeout:1038ms
2025-10-20 19:49:59,013 [4f2bb3f5-0e03-4f1b-bb4c-79c91b98c7da@group-B3B02EAB42DA-FollowerState] INFO  impl.RoleInfo (RoleInfo.java:shutdownFollowerState(121)) - 4f2bb3f5-0e03-4f1b-bb4c-79c91b98c7da: shutdown 4f2bb3f5-0e03-4f1b-bb4c-79c91b98c7da@group-B3B02EAB42DA-FollowerState
2025-10-20 19:49:59,013 [4f2bb3f5-0e03-4f1b-bb4c-79c91b98c7da@group-B3B02EAB42DA-FollowerState] INFO  server.RaftServer$Division (RaftServerImpl.java:setRole(392)) - 4f2bb3f5-0e03-4f1b-bb4c-79c91b98c7da@group-B3B02EAB42DA: changes role from  FOLLOWER to CANDIDATE at term 0 for changeToCandidate
2025-10-20 19:49:59,013 [4f2bb3f5-0e03-4f1b-bb4c-79c91b98c7da@group-B3B02EAB42DA-FollowerState] INFO  impl.RoleInfo (RoleInfo.java:updateAndGet(148)) - 4f2bb3f5-0e03-4f1b-bb4c-79c91b98c7da: start 4f2bb3f5-0e03-4f1b-bb4c-79c91b98c7da@group-B3B02EAB42DA-LeaderElection25
2025-10-20 19:49:59,013 [4f2bb3f5-0e03-4f1b-bb4c-79c91b98c7da@group-B3B02EAB42DA-LeaderElection25] INFO  impl.LeaderElection (LeaderElection.java:askForVotes(448)) - 4f2bb3f5-0e03-4f1b-bb4c-79c91b98c7da@group-B3B02EAB42DA-LeaderElection25 PRE_VOTE round 0: submit vote requests at term 0 for conf: {index: -1, cur=peers:[4f2bb3f5-0e03-4f1b-bb4c-79c91b98c7da|127.0.0.1:15095, 33f74daf-be7a-4306-b2af-53e409c4cb93|127.0.0.1:15087, d7d8cf72-b9f6-4979-9c53-007dd6e6e48a|127.0.0.1:15103]|listeners:[], old=null}
2025-10-20 19:49:59,014 [4f2bb3f5-0e03-4f1b-bb4c-79c91b98c7da@group-B3B02EAB42DA-LeaderElection25-1] INFO  server.GrpcServerProtocolClient (GrpcServerProtocolClient.java:<init>(65)) - Build channel for 33f74daf-be7a-4306-b2af-53e409c4cb93|127.0.0.1:15087
2025-10-20 19:49:59,014 [4f2bb3f5-0e03-4f1b-bb4c-79c91b98c7da@group-B3B02EAB42DA-LeaderElection25-2] INFO  server.GrpcServerProtocolClient (GrpcServerProtocolClient.java:<init>(65)) - Build channel for d7d8cf72-b9f6-4979-9c53-007dd6e6e48a|127.0.0.1:15103
2025-10-20 19:49:59,019 [d7d8cf72-b9f6-4979-9c53-007dd6e6e48a-CreatePipelineCommandHandlerThread-0] INFO  server.RaftServer (RaftServerProxy.java:addNew(105)) - d7d8cf72-b9f6-4979-9c53-007dd6e6e48a: addNew group-D01BCEB53DB7:[d7d8cf72-b9f6-4979-9c53-007dd6e6e48a|127.0.0.1:15103] returns group-D01BCEB53DB7:java.util.concurrent.CompletableFuture@2304316[Not completed]
2025-10-20 19:49:59,019 | INFO  | ContainerLog | ID=1 | Index=0 | BCSID=0 | State=OPEN | Volume=/home/runner/work/ozone/ozone/hadoop-ozone/integration-test/target/test-dir/MiniOzoneClusterImpl-6935df51-69ff-4c35-8bd4-ed2b81d70e54/ozone-metadata/datanode-9/data-0/hdds | DataChecksum=0 |  
2025-10-20 19:49:59,020 [d7d8cf72-b9f6-4979-9c53-007dd6e6e48a-groupManagement] INFO  server.RaftServer$Division (RaftServerImpl.java:<init>(268)) - d7d8cf72-b9f6-4979-9c53-007dd6e6e48a: new RaftServerImpl for group-D01BCEB53DB7:[d7d8cf72-b9f6-4979-9c53-007dd6e6e48a|127.0.0.1:15103] with ContainerStateMachine:uninitialized
2025-10-20 19:49:59,020 [d7d8cf72-b9f6-4979-9c53-007dd6e6e48a-groupManagement] INFO  server.RaftServer$Division (ServerState.java:<init>(114)) - d7d8cf72-b9f6-4979-9c53-007dd6e6e48a@group-D01BCEB53DB7: ConfigurationManager, init=conf: {index: -1, cur=peers:[d7d8cf72-b9f6-4979-9c53-007dd6e6e48a|127.0.0.1:15103]|listeners:[], old=null}, confs=<EMPTY_MAP>
2025-10-20 19:49:59,023 [4f2bb3f5-0e03-4f1b-bb4c-79c91b98c7da@group-C03B5CC8546F-FollowerState] INFO  impl.FollowerState (FollowerState.java:runImpl(161)) - 4f2bb3f5-0e03-4f1b-bb4c-79c91b98c7da@group-C03B5CC8546F-FollowerState: change to CANDIDATE, lastRpcElapsedTime:1158778389ns, electionTimeout:1157ms
2025-10-20 19:49:59,024 [4f2bb3f5-0e03-4f1b-bb4c-79c91b98c7da@group-C03B5CC8546F-FollowerState] INFO  impl.RoleInfo (RoleInfo.java:shutdownFollowerState(121)) - 4f2bb3f5-0e03-4f1b-bb4c-79c91b98c7da: shutdown 4f2bb3f5-0e03-4f1b-bb4c-79c91b98c7da@group-C03B5CC8546F-FollowerState
2025-10-20 19:49:59,024 [4f2bb3f5-0e03-4f1b-bb4c-79c91b98c7da@group-C03B5CC8546F-FollowerState] INFO  server.RaftServer$Division (RaftServerImpl.java:setRole(392)) - 4f2bb3f5-0e03-4f1b-bb4c-79c91b98c7da@group-C03B5CC8546F: changes role from  FOLLOWER to CANDIDATE at term 0 for changeToCandidate
2025-10-20 19:49:59,024 [4f2bb3f5-0e03-4f1b-bb4c-79c91b98c7da@group-C03B5CC8546F-FollowerState] INFO  impl.RoleInfo (RoleInfo.java:updateAndGet(148)) - 4f2bb3f5-0e03-4f1b-bb4c-79c91b98c7da: start 4f2bb3f5-0e03-4f1b-bb4c-79c91b98c7da@group-C03B5CC8546F-LeaderElection26
2025-10-20 19:49:59,025 [grpc-default-executor-2] INFO  server.RaftServer$Division (RaftServerImpl.java:requestVote(1421)) - d7d8cf72-b9f6-4979-9c53-007dd6e6e48a@group-B3B02EAB42DA: receive requestVote(PRE_VOTE, 4f2bb3f5-0e03-4f1b-bb4c-79c91b98c7da, group-B3B02EAB42DA, 0, <PROTO_DEFAULT>)
2025-10-20 19:49:59,025 [grpc-default-executor-2] INFO  impl.VoteContext (VoteContext.java:log(49)) - d7d8cf72-b9f6-4979-9c53-007dd6e6e48a@group-B3B02EAB42DA-FOLLOWER: reject PRE_VOTE from 4f2bb3f5-0e03-4f1b-bb4c-79c91b98c7da: our priority 1 > candidate's priority 0
2025-10-20 19:49:59,025 [grpc-default-executor-2] INFO  server.RaftServer$Division (RaftServerImpl.java:requestVote(1455)) - d7d8cf72-b9f6-4979-9c53-007dd6e6e48a@group-B3B02EAB42DA replies to PRE_VOTE vote request: 4f2bb3f5-0e03-4f1b-bb4c-79c91b98c7da<-d7d8cf72-b9f6-4979-9c53-007dd6e6e48a#0:FAIL-t0-last:<INITIAL_VALUE>. Peer's state: d7d8cf72-b9f6-4979-9c53-007dd6e6e48a@group-B3B02EAB42DA:t0, leader=null, voted=, raftlog=Memoized:d7d8cf72-b9f6-4979-9c53-007dd6e6e48a@group-B3B02EAB42DA-SegmentedRaftLog:OPENED:c-1:lastnull, conf=conf: {index: -1, cur=peers:[4f2bb3f5-0e03-4f1b-bb4c-79c91b98c7da|127.0.0.1:15095, 33f74daf-be7a-4306-b2af-53e409c4cb93|127.0.0.1:15087, d7d8cf72-b9f6-4979-9c53-007dd6e6e48a|127.0.0.1:15103]|listeners:[], old=null}
2025-10-20 19:49:59,027 [4f2bb3f5-0e03-4f1b-bb4c-79c91b98c7da@group-C03B5CC8546F-LeaderElection26] INFO  impl.LeaderElection (LeaderElection.java:askForVotes(448)) - 4f2bb3f5-0e03-4f1b-bb4c-79c91b98c7da@group-C03B5CC8546F-LeaderElection26 PRE_VOTE round 0: submit vote requests at term 0 for conf: {index: -1, cur=peers:[4f2bb3f5-0e03-4f1b-bb4c-79c91b98c7da|127.0.0.1:15095, 33f74daf-be7a-4306-b2af-53e409c4cb93|127.0.0.1:15087, d7d8cf72-b9f6-4979-9c53-007dd6e6e48a|127.0.0.1:15103]|listeners:[], old=null}
2025-10-20 19:49:59,028 [d7d8cf72-b9f6-4979-9c53-007dd6e6e48a-groupManagement] INFO  server.RaftServerConfigKeys (ConfUtils.java:logGet(62)) - raft.server.storage.dir = [/home/runner/work/ozone/ozone/hadoop-ozone/integration-test/target/test-dir/MiniOzoneClusterImpl-6935df51-69ff-4c35-8bd4-ed2b81d70e54/ozone-metadata/datanode-12/ratis] (custom)
2025-10-20 19:49:59,029 [4f2bb3f5-0e03-4f1b-bb4c-79c91b98c7da@group-B3B02EAB42DA-LeaderElection25] INFO  impl.LeaderElection (LeaderElection.java:logAndReturn(206)) - 4f2bb3f5-0e03-4f1b-bb4c-79c91b98c7da@group-B3B02EAB42DA-LeaderElection25: PRE_VOTE REJECTED received 1 response(s) and 0 exception(s):
2025-10-20 19:49:59,029 [4f2bb3f5-0e03-4f1b-bb4c-79c91b98c7da@group-B3B02EAB42DA-LeaderElection25] INFO  impl.LeaderElection (LeaderElection.java:logAndReturn(210)) -   Response 0: 4f2bb3f5-0e03-4f1b-bb4c-79c91b98c7da<-d7d8cf72-b9f6-4979-9c53-007dd6e6e48a#0:FAIL-t0-last:<INITIAL_VALUE>
2025-10-20 19:49:59,029 [4f2bb3f5-0e03-4f1b-bb4c-79c91b98c7da@group-B3B02EAB42DA-LeaderElection25] INFO  impl.LeaderElection (LeaderElection.java:askForVotes(450)) - 4f2bb3f5-0e03-4f1b-bb4c-79c91b98c7da@group-B3B02EAB42DA-LeaderElection25 PRE_VOTE round 0: result REJECTED
2025-10-20 19:49:59,029 [grpc-default-executor-6] INFO  server.RaftServer$Division (RaftServerImpl.java:requestVote(1421)) - 33f74daf-be7a-4306-b2af-53e409c4cb93@group-B3B02EAB42DA: receive requestVote(PRE_VOTE, 4f2bb3f5-0e03-4f1b-bb4c-79c91b98c7da, group-B3B02EAB42DA, 0, <PROTO_DEFAULT>)
2025-10-20 19:49:59,029 [grpc-default-executor-6] INFO  impl.VoteContext (VoteContext.java:log(49)) - 33f74daf-be7a-4306-b2af-53e409c4cb93@group-B3B02EAB42DA-FOLLOWER: accept PRE_VOTE from 4f2bb3f5-0e03-4f1b-bb4c-79c91b98c7da: our priority 0 <= candidate's priority 0
2025-10-20 19:49:59,030 [grpc-default-executor-6] INFO  server.RaftServer$Division (RaftServerImpl.java:requestVote(1455)) - 33f74daf-be7a-4306-b2af-53e409c4cb93@group-B3B02EAB42DA replies to PRE_VOTE vote request: 4f2bb3f5-0e03-4f1b-bb4c-79c91b98c7da<-33f74daf-be7a-4306-b2af-53e409c4cb93#0:OK-t0-last:<INITIAL_VALUE>. Peer's state: 33f74daf-be7a-4306-b2af-53e409c4cb93@group-B3B02EAB42DA:t0, leader=null, voted=, raftlog=Memoized:33f74daf-be7a-4306-b2af-53e409c4cb93@group-B3B02EAB42DA-SegmentedRaftLog:OPENED:c-1:lastnull, conf=conf: {index: -1, cur=peers:[4f2bb3f5-0e03-4f1b-bb4c-79c91b98c7da|127.0.0.1:15095, 33f74daf-be7a-4306-b2af-53e409c4cb93|127.0.0.1:15087, d7d8cf72-b9f6-4979-9c53-007dd6e6e48a|127.0.0.1:15103]|listeners:[], old=null}
2025-10-20 19:49:59,030 [4f2bb3f5-0e03-4f1b-bb4c-79c91b98c7da@group-B3B02EAB42DA-LeaderElection25] INFO  server.RaftServer$Division (RaftServerImpl.java:setRole(392)) - 4f2bb3f5-0e03-4f1b-bb4c-79c91b98c7da@group-B3B02EAB42DA: changes role from CANDIDATE to FOLLOWER at term 0 for REJECTED
2025-10-20 19:49:59,031 [4f2bb3f5-0e03-4f1b-bb4c-79c91b98c7da@group-B3B02EAB42DA-LeaderElection25] INFO  impl.RoleInfo (RoleInfo.java:shutdownLeaderElection(141)) - 4f2bb3f5-0e03-4f1b-bb4c-79c91b98c7da: shutdown 4f2bb3f5-0e03-4f1b-bb4c-79c91b98c7da@group-B3B02EAB42DA-LeaderElection25
2025-10-20 19:49:59,031 [4f2bb3f5-0e03-4f1b-bb4c-79c91b98c7da@group-B3B02EAB42DA-LeaderElection25] INFO  impl.RoleInfo (RoleInfo.java:updateAndGet(148)) - 4f2bb3f5-0e03-4f1b-bb4c-79c91b98c7da: start 4f2bb3f5-0e03-4f1b-bb4c-79c91b98c7da@group-B3B02EAB42DA-FollowerState
2025-10-20 19:49:59,031 [d7d8cf72-b9f6-4979-9c53-007dd6e6e48a-groupManagement] INFO  storage.RaftStorageDirectory (RaftStorageDirectoryImpl.java:analyzeStorage(138)) - The storage directory /home/runner/work/ozone/ozone/hadoop-ozone/integration-test/target/test-dir/MiniOzoneClusterImpl-6935df51-69ff-4c35-8bd4-ed2b81d70e54/ozone-metadata/datanode-12/ratis/a4625d07-d6f5-4fad-b316-d01bceb53db7 does not exist. Creating ...
2025-10-20 19:49:59,032 | INFO  | SCMAudit | user=runner | ip=127.0.0.1 | op=SEND_HEARTBEAT {"datanodeUUID":"605be85e-a7f4-44d7-8cfd-f53001b990b0","term":"2","command":"[]"} | ret=SUCCESS |  
2025-10-20 19:49:59,032 [4f2bb3f5-0e03-4f1b-bb4c-79c91b98c7da@group-B3B02EAB42DA-LeaderElection25] INFO  server.RaftServer$Division (RaftServerImpl.java:setFirstElection(576)) - 4f2bb3f5-0e03-4f1b-bb4c-79c91b98c7da@group-B3B02EAB42DA: set firstElectionSinceStartup to false for REJECTED
2025-10-20 19:49:59,034 [grpc-default-executor-4] INFO  server.RaftServer$Division (RaftServerImpl.java:requestVote(1421)) - 33f74daf-be7a-4306-b2af-53e409c4cb93@group-C03B5CC8546F: receive requestVote(PRE_VOTE, 4f2bb3f5-0e03-4f1b-bb4c-79c91b98c7da, group-C03B5CC8546F, 0, <PROTO_DEFAULT>)
2025-10-20 19:49:59,034 [grpc-default-executor-6] INFO  server.RaftServer$Division (RaftServerImpl.java:requestVote(1421)) - d7d8cf72-b9f6-4979-9c53-007dd6e6e48a@group-C03B5CC8546F: receive requestVote(PRE_VOTE, 4f2bb3f5-0e03-4f1b-bb4c-79c91b98c7da, group-C03B5CC8546F, 0, <PROTO_DEFAULT>)
2025-10-20 19:49:59,034 | INFO  | SCMAudit | user=runner | ip=127.0.0.1 | op=SEND_HEARTBEAT {"datanodeUUID":"d7d8cf72-b9f6-4979-9c53-007dd6e6e48a","term":"2","command":"[]"} | ret=SUCCESS |  
2025-10-20 19:49:59,034 [grpc-default-executor-4] INFO  impl.VoteContext (VoteContext.java:log(49)) - 33f74daf-be7a-4306-b2af-53e409c4cb93@group-C03B5CC8546F-FOLLOWER: accept PRE_VOTE from 4f2bb3f5-0e03-4f1b-bb4c-79c91b98c7da: our priority 0 <= candidate's priority 1
2025-10-20 19:49:59,034 [d7d8cf72-b9f6-4979-9c53-007dd6e6e48a-groupManagement] INFO  storage.RaftStorageDirectory (RaftStorageDirectoryImpl.java:tryLock(229)) - Lock on /home/runner/work/ozone/ozone/hadoop-ozone/integration-test/target/test-dir/MiniOzoneClusterImpl-6935df51-69ff-4c35-8bd4-ed2b81d70e54/ozone-metadata/datanode-12/ratis/a4625d07-d6f5-4fad-b316-d01bceb53db7/in_use.lock acquired by nodename 12924@localhost
2025-10-20 19:49:59,034 [grpc-default-executor-6] INFO  impl.VoteContext (VoteContext.java:log(49)) - d7d8cf72-b9f6-4979-9c53-007dd6e6e48a@group-C03B5CC8546F-FOLLOWER: accept PRE_VOTE from 4f2bb3f5-0e03-4f1b-bb4c-79c91b98c7da: our priority 0 <= candidate's priority 1
2025-10-20 19:49:59,035 [grpc-default-executor-4] INFO  server.RaftServer$Division (RaftServerImpl.java:requestVote(1455)) - 33f74daf-be7a-4306-b2af-53e409c4cb93@group-C03B5CC8546F replies to PRE_VOTE vote request: 4f2bb3f5-0e03-4f1b-bb4c-79c91b98c7da<-33f74daf-be7a-4306-b2af-53e409c4cb93#0:OK-t0-last:<INITIAL_VALUE>. Peer's state: 33f74daf-be7a-4306-b2af-53e409c4cb93@group-C03B5CC8546F:t0, leader=null, voted=, raftlog=Memoized:33f74daf-be7a-4306-b2af-53e409c4cb93@group-C03B5CC8546F-SegmentedRaftLog:OPENED:c-1:lastnull, conf=conf: {index: -1, cur=peers:[4f2bb3f5-0e03-4f1b-bb4c-79c91b98c7da|127.0.0.1:15095, 33f74daf-be7a-4306-b2af-53e409c4cb93|127.0.0.1:15087, d7d8cf72-b9f6-4979-9c53-007dd6e6e48a|127.0.0.1:15103]|listeners:[], old=null}
2025-10-20 19:49:59,035 [d7d8cf72-b9f6-4979-9c53-007dd6e6e48a-groupManagement] INFO  storage.RaftStorage (RaftStorageImpl.java:format(98)) - Storage directory /home/runner/work/ozone/ozone/hadoop-ozone/integration-test/target/test-dir/MiniOzoneClusterImpl-6935df51-69ff-4c35-8bd4-ed2b81d70e54/ozone-metadata/datanode-12/ratis/a4625d07-d6f5-4fad-b316-d01bceb53db7 has been successfully formatted.
2025-10-20 19:49:59,035 [grpc-default-executor-6] INFO  server.RaftServer$Division (RaftServerImpl.java:requestVote(1455)) - d7d8cf72-b9f6-4979-9c53-007dd6e6e48a@group-C03B5CC8546F replies to PRE_VOTE vote request: 4f2bb3f5-0e03-4f1b-bb4c-79c91b98c7da<-d7d8cf72-b9f6-4979-9c53-007dd6e6e48a#0:OK-t0-last:<INITIAL_VALUE>. Peer's state: d7d8cf72-b9f6-4979-9c53-007dd6e6e48a@group-C03B5CC8546F:t0, leader=null, voted=, raftlog=Memoized:d7d8cf72-b9f6-4979-9c53-007dd6e6e48a@group-C03B5CC8546F-SegmentedRaftLog:OPENED:c-1:lastnull, conf=conf: {index: -1, cur=peers:[4f2bb3f5-0e03-4f1b-bb4c-79c91b98c7da|127.0.0.1:15095, 33f74daf-be7a-4306-b2af-53e409c4cb93|127.0.0.1:15087, d7d8cf72-b9f6-4979-9c53-007dd6e6e48a|127.0.0.1:15103]|listeners:[], old=null}
2025-10-20 19:49:59,037 [d7d8cf72-b9f6-4979-9c53-007dd6e6e48a-groupManagement] INFO  ratis.ContainerStateMachine (ContainerStateMachine.java:initialize(339)) - d7d8cf72-b9f6-4979-9c53-007dd6e6e48a: initialize group-D01BCEB53DB7
2025-10-20 19:49:59,037 [d7d8cf72-b9f6-4979-9c53-007dd6e6e48a-groupManagement] INFO  ratis.ContainerStateMachine (ContainerStateMachine.java:loadSnapshot(347)) - group-D01BCEB53DB7: The snapshot info is null. Setting the last applied index to:<INITIAL_VALUE>
2025-10-20 19:49:59,037 [d7d8cf72-b9f6-4979-9c53-007dd6e6e48a-groupManagement] INFO  server.RaftServerConfigKeys (ConfUtils.java:logGet(62)) - raft.server.log.appender.buffer.byte-limit = 33554432 (custom)
2025-10-20 19:49:59,039 [4f2bb3f5-0e03-4f1b-bb4c-79c91b98c7da@group-C03B5CC8546F-LeaderElection26] INFO  impl.LeaderElection (LeaderElection.java:logAndReturn(206)) - 4f2bb3f5-0e03-4f1b-bb4c-79c91b98c7da@group-C03B5CC8546F-LeaderElection26: PRE_VOTE PASSED received 1 response(s) and 0 exception(s):
2025-10-20 19:49:59,039 [4f2bb3f5-0e03-4f1b-bb4c-79c91b98c7da@group-C03B5CC8546F-LeaderElection26] INFO  impl.LeaderElection (LeaderElection.java:logAndReturn(210)) -   Response 0: 4f2bb3f5-0e03-4f1b-bb4c-79c91b98c7da<-d7d8cf72-b9f6-4979-9c53-007dd6e6e48a#0:OK-t0-last:<INITIAL_VALUE>
2025-10-20 19:49:59,040 [4f2bb3f5-0e03-4f1b-bb4c-79c91b98c7da@group-C03B5CC8546F-LeaderElection26] INFO  impl.LeaderElection (LeaderElection.java:askForVotes(450)) - 4f2bb3f5-0e03-4f1b-bb4c-79c91b98c7da@group-C03B5CC8546F-LeaderElection26 PRE_VOTE round 0: result PASSED
2025-10-20 19:49:59,041 [4f2bb3f5-0e03-4f1b-bb4c-79c91b98c7da@group-C03B5CC8546F-LeaderElection26] INFO  impl.LeaderElection (LeaderElection.java:askForVotes(448)) - 4f2bb3f5-0e03-4f1b-bb4c-79c91b98c7da@group-C03B5CC8546F-LeaderElection26 ELECTION round 0: submit vote requests at term 1 for conf: {index: -1, cur=peers:[4f2bb3f5-0e03-4f1b-bb4c-79c91b98c7da|127.0.0.1:15095, 33f74daf-be7a-4306-b2af-53e409c4cb93|127.0.0.1:15087, d7d8cf72-b9f6-4979-9c53-007dd6e6e48a|127.0.0.1:15103]|listeners:[], old=null}
2025-10-20 19:49:59,043 [d7d8cf72-b9f6-4979-9c53-007dd6e6e48a-groupManagement] INFO  server.RaftServerConfigKeys (ConfUtils.java:logGet(62)) - raft.server.log.segment.size.max = 67108864 (custom)
2025-10-20 19:49:59,044 [d7d8cf72-b9f6-4979-9c53-007dd6e6e48a-groupManagement] INFO  server.RaftServerConfigKeys (ConfUtils.java:logGet(62)) - raft.server.log.appender.buffer.byte-limit = 33554432 (custom)
2025-10-20 19:49:59,045 [d7d8cf72-b9f6-4979-9c53-007dd6e6e48a-groupManagement] INFO  util.AwaitToRun (AwaitToRun.java:start(81)) - Thread[#1820,d7d8cf72-b9f6-4979-9c53-007dd6e6e48a@group-D01BCEB53DB7-cacheEviction-AwaitToRun,5,main] started
2025-10-20 19:49:59,045 [d7d8cf72-b9f6-4979-9c53-007dd6e6e48a-groupManagement] INFO  segmented.SegmentedRaftLogWorker (SegmentedRaftLogWorker.java:<init>(190)) - new d7d8cf72-b9f6-4979-9c53-007dd6e6e48a@group-D01BCEB53DB7-SegmentedRaftLogWorker for RaftStorageImpl:Storage Directory /home/runner/work/ozone/ozone/hadoop-ozone/integration-test/target/test-dir/MiniOzoneClusterImpl-6935df51-69ff-4c35-8bd4-ed2b81d70e54/ozone-metadata/datanode-12/ratis/a4625d07-d6f5-4fad-b316-d01bceb53db7
2025-10-20 19:49:59,045 [d7d8cf72-b9f6-4979-9c53-007dd6e6e48a-groupManagement] INFO  server.RaftServerConfigKeys (ConfUtils.java:logGet(62)) - raft.server.log.queue.byte-limit = 4294967296 (custom)
2025-10-20 19:49:59,045 [d7d8cf72-b9f6-4979-9c53-007dd6e6e48a-groupManagement] INFO  server.RaftServerConfigKeys (ConfUtils.java:logGet(62)) - raft.server.log.segment.size.max = 67108864 (custom)
2025-10-20 19:49:59,045 [grpc-default-executor-6] INFO  server.RaftServer$Division (RaftServerImpl.java:requestVote(1421)) - d7d8cf72-b9f6-4979-9c53-007dd6e6e48a@group-C03B5CC8546F: receive requestVote(ELECTION, 4f2bb3f5-0e03-4f1b-bb4c-79c91b98c7da, group-C03B5CC8546F, 1, <PROTO_DEFAULT>)
2025-10-20 19:49:59,045 [grpc-default-executor-6] INFO  impl.VoteContext (VoteContext.java:log(49)) - d7d8cf72-b9f6-4979-9c53-007dd6e6e48a@group-C03B5CC8546F-FOLLOWER: accept ELECTION from 4f2bb3f5-0e03-4f1b-bb4c-79c91b98c7da: our priority 0 <= candidate's priority 1
2025-10-20 19:49:59,045 [grpc-default-executor-6] INFO  server.RaftServer$Division (RaftServerImpl.java:setRole(392)) - d7d8cf72-b9f6-4979-9c53-007dd6e6e48a@group-C03B5CC8546F: changes role from  FOLLOWER to FOLLOWER at term 0 for candidate:4f2bb3f5-0e03-4f1b-bb4c-79c91b98c7da
2025-10-20 19:49:59,045 [grpc-default-executor-6] INFO  impl.RoleInfo (RoleInfo.java:shutdownFollowerState(121)) - d7d8cf72-b9f6-4979-9c53-007dd6e6e48a: shutdown d7d8cf72-b9f6-4979-9c53-007dd6e6e48a@group-C03B5CC8546F-FollowerState
2025-10-20 19:49:59,045 [grpc-default-executor-6] INFO  impl.RoleInfo (RoleInfo.java:updateAndGet(148)) - d7d8cf72-b9f6-4979-9c53-007dd6e6e48a: start d7d8cf72-b9f6-4979-9c53-007dd6e6e48a@group-C03B5CC8546F-FollowerState
2025-10-20 19:49:59,045 [d7d8cf72-b9f6-4979-9c53-007dd6e6e48a-groupManagement] INFO  server.RaftServerConfigKeys (ConfUtils.java:logGet(62)) - raft.server.log.preallocated.size = 4194304 (custom)
2025-10-20 19:49:59,046 [grpc-default-executor-4] INFO  server.RaftServer$Division (RaftServerImpl.java:requestVote(1421)) - 33f74daf-be7a-4306-b2af-53e409c4cb93@group-C03B5CC8546F: receive requestVote(ELECTION, 4f2bb3f5-0e03-4f1b-bb4c-79c91b98c7da, group-C03B5CC8546F, 1, <PROTO_DEFAULT>)
2025-10-20 19:49:59,046 | INFO  | SCMAudit | user=runner | ip=127.0.0.1 | op=SEND_HEARTBEAT {"datanodeUUID":"d7d8cf72-b9f6-4979-9c53-007dd6e6e48a","term":"2","command":"[]"} | ret=SUCCESS |  
2025-10-20 19:49:59,046 [d7d8cf72-b9f6-4979-9c53-007dd6e6e48a@group-C03B5CC8546F-FollowerState] INFO  impl.FollowerState (FollowerState.java:runImpl(170)) - d7d8cf72-b9f6-4979-9c53-007dd6e6e48a@group-C03B5CC8546F-FollowerState was interrupted
2025-10-20 19:49:59,046 [grpc-default-executor-4] INFO  impl.VoteContext (VoteContext.java:log(49)) - 33f74daf-be7a-4306-b2af-53e409c4cb93@group-C03B5CC8546F-FOLLOWER: accept ELECTION from 4f2bb3f5-0e03-4f1b-bb4c-79c91b98c7da: our priority 0 <= candidate's priority 1
2025-10-20 19:49:59,046 [grpc-default-executor-4] INFO  server.RaftServer$Division (RaftServerImpl.java:setRole(392)) - 33f74daf-be7a-4306-b2af-53e409c4cb93@group-C03B5CC8546F: changes role from  FOLLOWER to FOLLOWER at term 0 for candidate:4f2bb3f5-0e03-4f1b-bb4c-79c91b98c7da
2025-10-20 19:49:59,047 [grpc-default-executor-4] INFO  impl.RoleInfo (RoleInfo.java:shutdownFollowerState(121)) - 33f74daf-be7a-4306-b2af-53e409c4cb93: shutdown 33f74daf-be7a-4306-b2af-53e409c4cb93@group-C03B5CC8546F-FollowerState
2025-10-20 19:49:59,047 [grpc-default-executor-4] INFO  impl.RoleInfo (RoleInfo.java:updateAndGet(148)) - 33f74daf-be7a-4306-b2af-53e409c4cb93: start 33f74daf-be7a-4306-b2af-53e409c4cb93@group-C03B5CC8546F-FollowerState
2025-10-20 19:49:59,047 [d7d8cf72-b9f6-4979-9c53-007dd6e6e48a-groupManagement] INFO  server.RaftServerConfigKeys (ConfUtils.java:logGet(62)) - raft.server.log.write.buffer.size = 33554440 (custom)
2025-10-20 19:49:59,047 [grpc-default-executor-6] INFO  server.RaftServer$Division (RaftServerImpl.java:setFirstElection(576)) - d7d8cf72-b9f6-4979-9c53-007dd6e6e48a@group-C03B5CC8546F: set firstElectionSinceStartup to false for candidate:4f2bb3f5-0e03-4f1b-bb4c-79c91b98c7da
2025-10-20 19:49:59,048 [EventQueue-PipelineReportForPipelineReportHandler] INFO  pipeline.PipelineReportHandler (PipelineReportHandler.java:processPipelineReport(132)) - Opened pipeline Pipeline-a4625d07-d6f5-4fad-b316-d01bceb53db7
2025-10-20 19:49:59,047 [33f74daf-be7a-4306-b2af-53e409c4cb93@group-C03B5CC8546F-FollowerState] INFO  impl.FollowerState (FollowerState.java:runImpl(170)) - 33f74daf-be7a-4306-b2af-53e409c4cb93@group-C03B5CC8546F-FollowerState was interrupted
2025-10-20 19:49:59,049 [grpc-default-executor-4] INFO  server.RaftServer$Division (RaftServerImpl.java:requestVote(1455)) - 33f74daf-be7a-4306-b2af-53e409c4cb93@group-C03B5CC8546F replies to ELECTION vote request: 4f2bb3f5-0e03-4f1b-bb4c-79c91b98c7da<-33f74daf-be7a-4306-b2af-53e409c4cb93#0:OK-t1-last:<INITIAL_VALUE>. Peer's state: 33f74daf-be7a-4306-b2af-53e409c4cb93@group-C03B5CC8546F:t1, leader=null, voted=4f2bb3f5-0e03-4f1b-bb4c-79c91b98c7da, raftlog=Memoized:33f74daf-be7a-4306-b2af-53e409c4cb93@group-C03B5CC8546F-SegmentedRaftLog:OPENED:c-1:lastnull, conf=conf: {index: -1, cur=peers:[4f2bb3f5-0e03-4f1b-bb4c-79c91b98c7da|127.0.0.1:15095, 33f74daf-be7a-4306-b2af-53e409c4cb93|127.0.0.1:15087, d7d8cf72-b9f6-4979-9c53-007dd6e6e48a|127.0.0.1:15103]|listeners:[], old=null}
2025-10-20 19:49:59,050 [grpc-default-executor-6] INFO  server.RaftServer$Division (RaftServerImpl.java:requestVote(1455)) - d7d8cf72-b9f6-4979-9c53-007dd6e6e48a@group-C03B5CC8546F replies to ELECTION vote request: 4f2bb3f5-0e03-4f1b-bb4c-79c91b98c7da<-d7d8cf72-b9f6-4979-9c53-007dd6e6e48a#0:OK-t1-last:<INITIAL_VALUE>. Peer's state: d7d8cf72-b9f6-4979-9c53-007dd6e6e48a@group-C03B5CC8546F:t1, leader=null, voted=4f2bb3f5-0e03-4f1b-bb4c-79c91b98c7da, raftlog=Memoized:d7d8cf72-b9f6-4979-9c53-007dd6e6e48a@group-C03B5CC8546F-SegmentedRaftLog:OPENED:c-1:lastnull, conf=conf: {index: -1, cur=peers:[4f2bb3f5-0e03-4f1b-bb4c-79c91b98c7da|127.0.0.1:15095, 33f74daf-be7a-4306-b2af-53e409c4cb93|127.0.0.1:15087, d7d8cf72-b9f6-4979-9c53-007dd6e6e48a|127.0.0.1:15103]|listeners:[], old=null}
2025-10-20 19:49:59,051 [4f2bb3f5-0e03-4f1b-bb4c-79c91b98c7da@group-C03B5CC8546F-LeaderElection26] INFO  impl.LeaderElection (LeaderElection.java:logAndReturn(206)) - 4f2bb3f5-0e03-4f1b-bb4c-79c91b98c7da@group-C03B5CC8546F-LeaderElection26: ELECTION PASSED received 1 response(s) and 0 exception(s):
2025-10-20 19:49:59,051 [4f2bb3f5-0e03-4f1b-bb4c-79c91b98c7da@group-C03B5CC8546F-LeaderElection26] INFO  impl.LeaderElection (LeaderElection.java:logAndReturn(210)) -   Response 0: 4f2bb3f5-0e03-4f1b-bb4c-79c91b98c7da<-33f74daf-be7a-4306-b2af-53e409c4cb93#0:OK-t1-last:<INITIAL_VALUE>
2025-10-20 19:49:59,052 [4f2bb3f5-0e03-4f1b-bb4c-79c91b98c7da@group-C03B5CC8546F-LeaderElection26] INFO  impl.LeaderElection (LeaderElection.java:askForVotes(450)) - 4f2bb3f5-0e03-4f1b-bb4c-79c91b98c7da@group-C03B5CC8546F-LeaderElection26 ELECTION round 0: result PASSED
2025-10-20 19:49:59,052 [4f2bb3f5-0e03-4f1b-bb4c-79c91b98c7da@group-C03B5CC8546F-LeaderElection26] INFO  impl.RoleInfo (RoleInfo.java:shutdownLeaderElection(141)) - 4f2bb3f5-0e03-4f1b-bb4c-79c91b98c7da: shutdown 4f2bb3f5-0e03-4f1b-bb4c-79c91b98c7da@group-C03B5CC8546F-LeaderElection26
2025-10-20 19:49:59,052 [4f2bb3f5-0e03-4f1b-bb4c-79c91b98c7da@group-C03B5CC8546F-LeaderElection26] INFO  server.RaftServer$Division (RaftServerImpl.java:setRole(392)) - 4f2bb3f5-0e03-4f1b-bb4c-79c91b98c7da@group-C03B5CC8546F: changes role from CANDIDATE to LEADER at term 1 for changeToLeader
2025-10-20 19:49:59,053 [4f2bb3f5-0e03-4f1b-bb4c-79c91b98c7da@group-C03B5CC8546F-LeaderElection26] INFO  server.RaftServerConfigKeys (ConfUtils.java:logFallback(69)) - raft.server.staging.timeout = 15600ms (fallback to raft.server.rpc.timeout.max)
2025-10-20 19:49:59,053 [4f2bb3f5-0e03-4f1b-bb4c-79c91b98c7da@group-C03B5CC8546F-LeaderElection26] INFO  server.RaftServerConfigKeys (ConfUtils.java:logGet(62)) - raft.server.write.byte-limit = 1024 M (=1073741824) (custom)
2025-10-20 19:49:59,055 [4f2bb3f5-0e03-4f1b-bb4c-79c91b98c7da@group-C03B5CC8546F-LeaderElection26] INFO  server.RaftServerConfigKeys (ConfUtils.java:logGet(62)) - raft.server.log.appender.buffer.byte-limit = 33554432 (custom)
2025-10-20 19:49:59,055 [d7d8cf72-b9f6-4979-9c53-007dd6e6e48a-groupManagement] INFO  server.RaftServerConfigKeys (ConfUtils.java:logGet(62)) - raft.server.log.appender.buffer.byte-limit = 33554432 (custom)
2025-10-20 19:49:59,056 [d7d8cf72-b9f6-4979-9c53-007dd6e6e48a-groupManagement] INFO  segmented.SegmentedRaftLogWorker (SegmentedRaftLogWorker.java:lambda$new$0(141)) - d7d8cf72-b9f6-4979-9c53-007dd6e6e48a@group-D01BCEB53DB7-SegmentedRaftLogWorker: flushIndex: setUnconditionally 0 -> -1
2025-10-20 19:49:59,056 [d7d8cf72-b9f6-4979-9c53-007dd6e6e48a-groupManagement] INFO  segmented.SegmentedRaftLogWorker (SegmentedRaftLogWorker.java:lambda$new$0(141)) - d7d8cf72-b9f6-4979-9c53-007dd6e6e48a@group-D01BCEB53DB7-SegmentedRaftLogWorker: safeCacheEvictIndex: setUnconditionally 0 -> -1
2025-10-20 19:49:59,056 [d7d8cf72-b9f6-4979-9c53-007dd6e6e48a-groupManagement] INFO  server.RaftServer$Division (RaftServerImpl.java:start(405)) - d7d8cf72-b9f6-4979-9c53-007dd6e6e48a@group-D01BCEB53DB7: start as a follower, conf=conf: {index: -1, cur=peers:[d7d8cf72-b9f6-4979-9c53-007dd6e6e48a|127.0.0.1:15103]|listeners:[], old=null}
2025-10-20 19:49:59,056 [d7d8cf72-b9f6-4979-9c53-007dd6e6e48a-groupManagement] INFO  server.RaftServer$Division (RaftServerImpl.java:setRole(392)) - d7d8cf72-b9f6-4979-9c53-007dd6e6e48a@group-D01BCEB53DB7: changes role from      null to FOLLOWER at term 0 for startAsFollower
2025-10-20 19:49:59,057 [d7d8cf72-b9f6-4979-9c53-007dd6e6e48a-groupManagement] INFO  impl.RoleInfo (RoleInfo.java:updateAndGet(148)) - d7d8cf72-b9f6-4979-9c53-007dd6e6e48a: start d7d8cf72-b9f6-4979-9c53-007dd6e6e48a@group-D01BCEB53DB7-FollowerState
2025-10-20 19:49:59,057 [d7d8cf72-b9f6-4979-9c53-007dd6e6e48a-groupManagement] INFO  util.JmxRegister (JmxRegister.java:tryRegister(44)) - Successfully registered JMX Bean with object name Ratis:service=RaftServer,group=group-D01BCEB53DB7,id=d7d8cf72-b9f6-4979-9c53-007dd6e6e48a
2025-10-20 19:49:59,057 [d7d8cf72-b9f6-4979-9c53-007dd6e6e48a-groupManagement] INFO  util.JmxRegister (JmxRegister.java:register(58)) - register mxBean class org.apache.ratis.server.impl.RaftServerJmxAdapter as Ratis:service=RaftServer,group=group-D01BCEB53DB7,id=d7d8cf72-b9f6-4979-9c53-007dd6e6e48a
2025-10-20 19:49:59,057 [4f2bb3f5-0e03-4f1b-bb4c-79c91b98c7da@group-C03B5CC8546F-LeaderElection26] INFO  server.RaftServerConfigKeys (ConfUtils.java:logGet(62)) - raft.server.log.appender.buffer.byte-limit = 33554432 (custom)
2025-10-20 19:49:59,058 [d7d8cf72-b9f6-4979-9c53-007dd6e6e48a-groupManagement] INFO  server.RaftServer$Division (RaftServerImpl.java:start(419)) - d7d8cf72-b9f6-4979-9c53-007dd6e6e48a@group-D01BCEB53DB7: Successfully started.
2025-10-20 19:49:59,058 [d7d8cf72-b9f6-4979-9c53-007dd6e6e48a-CreatePipelineCommandHandlerThread-0] INFO  ratis.XceiverServerRatis (XceiverServerRatis.java:addGroup(839)) - Created group Pipeline-a4625d07-d6f5-4fad-b316-d01bceb53db7
2025-10-20 19:49:59,058 [d7d8cf72-b9f6-4979-9c53-007dd6e6e48a-CreatePipelineCommandHandlerThread-0] INFO  commandhandler.CreatePipelineCommandHandler (CreatePipelineCommandHandler.java:lambda$handle$2(141)) - Created Pipeline RATIS ONE Pipeline-a4625d07-d6f5-4fad-b316-d01bceb53db7.
2025-10-20 19:49:59,059 [4f2bb3f5-0e03-4f1b-bb4c-79c91b98c7da@group-C03B5CC8546F-LeaderElection26] INFO  impl.RoleInfo (RoleInfo.java:updateAndGet(148)) - 4f2bb3f5-0e03-4f1b-bb4c-79c91b98c7da: start 4f2bb3f5-0e03-4f1b-bb4c-79c91b98c7da@group-C03B5CC8546F-LeaderStateImpl
2025-10-20 19:49:59,059 [4f2bb3f5-0e03-4f1b-bb4c-79c91b98c7da@group-C03B5CC8546F-LeaderElection26] INFO  server.RaftServer$Division (RaftServerImpl.java:setFirstElection(576)) - 4f2bb3f5-0e03-4f1b-bb4c-79c91b98c7da@group-C03B5CC8546F: set firstElectionSinceStartup to false for becomeLeader
2025-10-20 19:49:59,059 [4f2bb3f5-0e03-4f1b-bb4c-79c91b98c7da@group-C03B5CC8546F-LeaderElection26] INFO  ratis.XceiverServerRatis (XceiverServerRatis.java:handleLeaderChangedNotification(940)) - Leader change notification received for group: group-C03B5CC8546F with new leaderId: 4f2bb3f5-0e03-4f1b-bb4c-79c91b98c7da
2025-10-20 19:49:59,060 [4f2bb3f5-0e03-4f1b-bb4c-79c91b98c7da@group-C03B5CC8546F-LeaderElection26] INFO  server.RaftServer$Division (ServerState.java:setLeader(272)) - 4f2bb3f5-0e03-4f1b-bb4c-79c91b98c7da@group-C03B5CC8546F: change Leader from null to 4f2bb3f5-0e03-4f1b-bb4c-79c91b98c7da at term 1 for becomeLeader, leader elected after 1222ms
2025-10-20 19:49:59,060 [4f2bb3f5-0e03-4f1b-bb4c-79c91b98c7da@group-C03B5CC8546F-LeaderElection26] INFO  segmented.SegmentedRaftLogWorker (SegmentedRaftLogWorker.java:startLogSegment(440)) - 4f2bb3f5-0e03-4f1b-bb4c-79c91b98c7da@group-C03B5CC8546F-SegmentedRaftLogWorker: Starting segment from index:0
2025-10-20 19:49:59,060 [4f2bb3f5-0e03-4f1b-bb4c-79c91b98c7da@group-C03B5CC8546F-SegmentedRaftLogWorker] INFO  segmented.BufferedWriteChannel (BufferedWriteChannel.java:open(61)) - open log_inprogress_0 at position 0
2025-10-20 19:49:59,061 | INFO  | SCMAudit | user=runner | ip=127.0.0.1 | op=SEND_HEARTBEAT {"datanodeUUID":"4f2bb3f5-0e03-4f1b-bb4c-79c91b98c7da","term":"2","command":"[]"} | ret=SUCCESS |  
2025-10-20 19:49:59,063 [4f2bb3f5-0e03-4f1b-bb4c-79c91b98c7da@group-C03B5CC8546F-LeaderElection26] INFO  server.RaftServer$Division (ServerState.java:setRaftConf(386)) - 4f2bb3f5-0e03-4f1b-bb4c-79c91b98c7da@group-C03B5CC8546F: set configuration conf: {index: 0, cur=peers:[4f2bb3f5-0e03-4f1b-bb4c-79c91b98c7da|127.0.0.1:15095, 33f74daf-be7a-4306-b2af-53e409c4cb93|127.0.0.1:15087, d7d8cf72-b9f6-4979-9c53-007dd6e6e48a|127.0.0.1:15103]|listeners:[], old=null}
2025-10-20 19:49:59,065 [EventQueue-PipelineReportForPipelineReportHandler] INFO  pipeline.PipelineReportHandler (PipelineReportHandler.java:processPipelineReport(132)) - Opened pipeline Pipeline-5efdd59f-8e2e-4baf-8c0a-c03b5cc8546f
2025-10-20 19:49:59,066 [4f2bb3f5-0e03-4f1b-bb4c-79c91b98c7da@group-C03B5CC8546F-SegmentedRaftLogWorker] INFO  segmented.SegmentedRaftLogWorker (SegmentedRaftLogWorker.java:execute(647)) - 4f2bb3f5-0e03-4f1b-bb4c-79c91b98c7da@group-C03B5CC8546F-SegmentedRaftLogWorker: created new log segment /home/runner/work/ozone/ozone/hadoop-ozone/integration-test/target/test-dir/MiniOzoneClusterImpl-6935df51-69ff-4c35-8bd4-ed2b81d70e54/ozone-metadata/datanode-11/ratis/5efdd59f-8e2e-4baf-8c0a-c03b5cc8546f/current/log_inprogress_0
2025-10-20 19:49:59,071 [grpc-default-executor-6] INFO  ratis.XceiverServerRatis (XceiverServerRatis.java:handleLeaderChangedNotification(940)) - Leader change notification received for group: group-C03B5CC8546F with new leaderId: 4f2bb3f5-0e03-4f1b-bb4c-79c91b98c7da
2025-10-20 19:49:59,072 [grpc-default-executor-4] INFO  ratis.XceiverServerRatis (XceiverServerRatis.java:handleLeaderChangedNotification(940)) - Leader change notification received for group: group-C03B5CC8546F with new leaderId: 4f2bb3f5-0e03-4f1b-bb4c-79c91b98c7da
2025-10-20 19:49:59,073 [grpc-default-executor-4] INFO  server.RaftServer$Division (ServerState.java:setLeader(272)) - 33f74daf-be7a-4306-b2af-53e409c4cb93@group-C03B5CC8546F: change Leader from null to 4f2bb3f5-0e03-4f1b-bb4c-79c91b98c7da at term 1 for appendEntries, leader elected after 1198ms
2025-10-20 19:49:59,073 [grpc-default-executor-6] INFO  server.RaftServer$Division (ServerState.java:setLeader(272)) - d7d8cf72-b9f6-4979-9c53-007dd6e6e48a@group-C03B5CC8546F: change Leader from null to 4f2bb3f5-0e03-4f1b-bb4c-79c91b98c7da at term 1 for appendEntries, leader elected after 1149ms
2025-10-20 19:49:59,074 [grpc-default-executor-1] INFO  server.RaftServer$Division (ServerState.java:setRaftConf(386)) - 33f74daf-be7a-4306-b2af-53e409c4cb93@group-C03B5CC8546F: set configuration conf: {index: 0, cur=peers:[4f2bb3f5-0e03-4f1b-bb4c-79c91b98c7da|127.0.0.1:15095, 33f74daf-be7a-4306-b2af-53e409c4cb93|127.0.0.1:15087, d7d8cf72-b9f6-4979-9c53-007dd6e6e48a|127.0.0.1:15103]|listeners:[], old=null}
2025-10-20 19:49:59,075 [grpc-default-executor-1] INFO  segmented.SegmentedRaftLogWorker (SegmentedRaftLogWorker.java:startLogSegment(440)) - 33f74daf-be7a-4306-b2af-53e409c4cb93@group-C03B5CC8546F-SegmentedRaftLogWorker: Starting segment from index:0
2025-10-20 19:49:59,076 [33f74daf-be7a-4306-b2af-53e409c4cb93@group-C03B5CC8546F-SegmentedRaftLogWorker] INFO  segmented.BufferedWriteChannel (BufferedWriteChannel.java:open(61)) - open log_inprogress_0 at position 0
2025-10-20 19:49:59,074 [grpc-default-executor-2] INFO  server.RaftServer$Division (ServerState.java:setRaftConf(386)) - d7d8cf72-b9f6-4979-9c53-007dd6e6e48a@group-C03B5CC8546F: set configuration conf: {index: 0, cur=peers:[4f2bb3f5-0e03-4f1b-bb4c-79c91b98c7da|127.0.0.1:15095, 33f74daf-be7a-4306-b2af-53e409c4cb93|127.0.0.1:15087, d7d8cf72-b9f6-4979-9c53-007dd6e6e48a|127.0.0.1:15103]|listeners:[], old=null}
2025-10-20 19:49:59,076 [grpc-default-executor-2] INFO  segmented.SegmentedRaftLogWorker (SegmentedRaftLogWorker.java:startLogSegment(440)) - d7d8cf72-b9f6-4979-9c53-007dd6e6e48a@group-C03B5CC8546F-SegmentedRaftLogWorker: Starting segment from index:0
2025-10-20 19:49:59,077 [d7d8cf72-b9f6-4979-9c53-007dd6e6e48a@group-C03B5CC8546F-SegmentedRaftLogWorker] INFO  segmented.BufferedWriteChannel (BufferedWriteChannel.java:open(61)) - open log_inprogress_0 at position 0
2025-10-20 19:49:59,082 [d7d8cf72-b9f6-4979-9c53-007dd6e6e48a@group-C03B5CC8546F-SegmentedRaftLogWorker] INFO  segmented.SegmentedRaftLogWorker (SegmentedRaftLogWorker.java:execute(647)) - d7d8cf72-b9f6-4979-9c53-007dd6e6e48a@group-C03B5CC8546F-SegmentedRaftLogWorker: created new log segment /home/runner/work/ozone/ozone/hadoop-ozone/integration-test/target/test-dir/MiniOzoneClusterImpl-6935df51-69ff-4c35-8bd4-ed2b81d70e54/ozone-metadata/datanode-12/ratis/5efdd59f-8e2e-4baf-8c0a-c03b5cc8546f/current/log_inprogress_0
2025-10-20 19:49:59,084 [33f74daf-be7a-4306-b2af-53e409c4cb93@group-C03B5CC8546F-SegmentedRaftLogWorker] INFO  segmented.SegmentedRaftLogWorker (SegmentedRaftLogWorker.java:execute(647)) - 33f74daf-be7a-4306-b2af-53e409c4cb93@group-C03B5CC8546F-SegmentedRaftLogWorker: created new log segment /home/runner/work/ozone/ozone/hadoop-ozone/integration-test/target/test-dir/MiniOzoneClusterImpl-6935df51-69ff-4c35-8bd4-ed2b81d70e54/ozone-metadata/datanode-10/ratis/5efdd59f-8e2e-4baf-8c0a-c03b5cc8546f/current/log_inprogress_0
2025-10-20 19:49:59,087 [4f2bb3f5-0e03-4f1b-bb4c-79c91b98c7da@group-C03B5CC8546F-StateMachineUpdater] INFO  server.RaftServer$Division (LeaderStateImpl.java:checkStartIndex(309)) - Leader 4f2bb3f5-0e03-4f1b-bb4c-79c91b98c7da@group-C03B5CC8546F-LeaderStateImpl is ready since appliedIndex == startIndex == 0
2025-10-20 19:49:59,118 | INFO  | OMAudit | user=runner | ip=127.0.0.1 | op=COMMIT_KEY {"volume":"f5748960-3c9c-461d-8285-888e701b29e9","bucket":"5fd1ba15-2bf0-4e21-82eb-0b4f13613a96","key":"2f8fbd74-7f20-4478-a562-a65a75964aa0","dataSize":"12","replicationType":"RATIS","replicationFactor":"ONE","Transaction":"4"} | ret=SUCCESS |  
2025-10-20 19:49:59,123 | INFO  | OMAudit | user=runner | ip=127.0.0.1 | op=READ_VOLUME {"volume":"f5748960-3c9c-461d-8285-888e701b29e9"} | ret=SUCCESS |  
2025-10-20 19:49:59,126 | INFO  | OMAudit | user=runner | ip=127.0.0.1 | op=READ_BUCKET {"volume":"f5748960-3c9c-461d-8285-888e701b29e9","bucket":"5fd1ba15-2bf0-4e21-82eb-0b4f13613a96"} | ret=SUCCESS |  
2025-10-20 19:49:59,130 | INFO  | OMAudit | user=runner | ip=127.0.0.1 | op=READ_BUCKET {"volume":"f5748960-3c9c-461d-8285-888e701b29e9","bucket":"5fd1ba15-2bf0-4e21-82eb-0b4f13613a96"} | ret=SUCCESS |  
2025-10-20 19:49:59,134 | INFO  | SCMAudit | user=runner | ip=127.0.0.1 | op=ALLOCATE_BLOCK {"replication":"RATIS/ONE","owner":"omServiceIdDefault","size":"4194304","sampleBlocks":"[conID: 2 locID: 115816896921600002]","num":"1","client":"","allocated":"1"} | ret=SUCCESS |  
2025-10-20 19:49:59,140 | INFO  | OMAudit | user=runner | ip=127.0.0.1 | op=ALLOCATE_KEY {"volume":"f5748960-3c9c-461d-8285-888e701b29e9","bucket":"5fd1ba15-2bf0-4e21-82eb-0b4f13613a96","key":"2f8fbd74-7f20-4478-a562-a65a75964aa0","dataSize":"12","replicationType":"RATIS","replicationFactor":"ONE","Transaction":"5"} | ret=SUCCESS |  
2025-10-20 19:49:59,156 | INFO  | SCMAudit | user=runner | ip=127.0.0.1 | op=SEND_HEARTBEAT {"datanodeUUID":"361055de-215b-4c6c-94c2-be1c1da118d1","term":"2","command":"[]"} | ret=SUCCESS |  
2025-10-20 19:49:59,158 | INFO  | ContainerLog | ID=2 | Index=0 | BCSID=0 | State=OPEN | Volume=/home/runner/work/ozone/ozone/hadoop-ozone/integration-test/target/test-dir/MiniOzoneClusterImpl-6935df51-69ff-4c35-8bd4-ed2b81d70e54/ozone-metadata/datanode-11/data-0/hdds | DataChecksum=0 |  
2025-10-20 19:49:59,160 | INFO  | SCMAudit | user=runner | ip=127.0.0.1 | op=SEND_HEARTBEAT {"datanodeUUID":"4f2bb3f5-0e03-4f1b-bb4c-79c91b98c7da","term":"2","command":"[]"} | ret=SUCCESS |  
2025-10-20 19:49:59,170 | INFO  | OMAudit | user=runner | ip=127.0.0.1 | op=COMMIT_KEY {"volume":"f5748960-3c9c-461d-8285-888e701b29e9","bucket":"5fd1ba15-2bf0-4e21-82eb-0b4f13613a96","key":"2f8fbd74-7f20-4478-a562-a65a75964aa0","dataSize":"12","replicationType":"RATIS","replicationFactor":"ONE","Transaction":"6"} | ret=SUCCESS |  
2025-10-20 19:49:59,173 [d7d8cf72-b9f6-4979-9c53-007dd6e6e48a@group-B3B02EAB42DA-FollowerState] INFO  impl.FollowerState (FollowerState.java:runImpl(161)) - d7d8cf72-b9f6-4979-9c53-007dd6e6e48a@group-B3B02EAB42DA-FollowerState: change to CANDIDATE, lastRpcElapsedTime:1127564380ns, electionTimeout:1127ms
2025-10-20 19:49:59,173 [d7d8cf72-b9f6-4979-9c53-007dd6e6e48a@group-B3B02EAB42DA-FollowerState] INFO  impl.RoleInfo (RoleInfo.java:shutdownFollowerState(121)) - d7d8cf72-b9f6-4979-9c53-007dd6e6e48a: shutdown d7d8cf72-b9f6-4979-9c53-007dd6e6e48a@group-B3B02EAB42DA-FollowerState
2025-10-20 19:49:59,173 [d7d8cf72-b9f6-4979-9c53-007dd6e6e48a@group-B3B02EAB42DA-FollowerState] INFO  server.RaftServer$Division (RaftServerImpl.java:setRole(392)) - d7d8cf72-b9f6-4979-9c53-007dd6e6e48a@group-B3B02EAB42DA: changes role from  FOLLOWER to CANDIDATE at term 0 for changeToCandidate
2025-10-20 19:49:59,173 [d7d8cf72-b9f6-4979-9c53-007dd6e6e48a@group-B3B02EAB42DA-FollowerState] INFO  impl.RoleInfo (RoleInfo.java:updateAndGet(148)) - d7d8cf72-b9f6-4979-9c53-007dd6e6e48a: start d7d8cf72-b9f6-4979-9c53-007dd6e6e48a@group-B3B02EAB42DA-LeaderElection27
2025-10-20 19:49:59,174 [d7d8cf72-b9f6-4979-9c53-007dd6e6e48a@group-B3B02EAB42DA-LeaderElection27] INFO  impl.LeaderElection (LeaderElection.java:askForVotes(448)) - d7d8cf72-b9f6-4979-9c53-007dd6e6e48a@group-B3B02EAB42DA-LeaderElection27 PRE_VOTE round 0: submit vote requests at term 0 for conf: {index: -1, cur=peers:[4f2bb3f5-0e03-4f1b-bb4c-79c91b98c7da|127.0.0.1:15095, 33f74daf-be7a-4306-b2af-53e409c4cb93|127.0.0.1:15087, d7d8cf72-b9f6-4979-9c53-007dd6e6e48a|127.0.0.1:15103]|listeners:[], old=null}
2025-10-20 19:49:59,174 | INFO  | OMAudit | user=runner | ip=127.0.0.1 | op=READ_VOLUME {"volume":"f5748960-3c9c-461d-8285-888e701b29e9"} | ret=SUCCESS |  
2025-10-20 19:49:59,175 [d7d8cf72-b9f6-4979-9c53-007dd6e6e48a@group-B3B02EAB42DA-LeaderElection27-1] INFO  server.GrpcServerProtocolClient (GrpcServerProtocolClient.java:<init>(65)) - Build channel for 4f2bb3f5-0e03-4f1b-bb4c-79c91b98c7da|127.0.0.1:15095
2025-10-20 19:49:59,176 [d7d8cf72-b9f6-4979-9c53-007dd6e6e48a@group-B3B02EAB42DA-LeaderElection27-2] INFO  server.GrpcServerProtocolClient (GrpcServerProtocolClient.java:<init>(65)) - Build channel for 33f74daf-be7a-4306-b2af-53e409c4cb93|127.0.0.1:15087
2025-10-20 19:49:59,176 | INFO  | OMAudit | user=runner | ip=127.0.0.1 | op=READ_BUCKET {"volume":"f5748960-3c9c-461d-8285-888e701b29e9","bucket":"5fd1ba15-2bf0-4e21-82eb-0b4f13613a96"} | ret=SUCCESS |  
2025-10-20 19:49:59,180 [grpc-default-executor-2] INFO  server.RaftServer$Division (RaftServerImpl.java:requestVote(1421)) - 4f2bb3f5-0e03-4f1b-bb4c-79c91b98c7da@group-B3B02EAB42DA: receive requestVote(PRE_VOTE, d7d8cf72-b9f6-4979-9c53-007dd6e6e48a, group-B3B02EAB42DA, 0, <PROTO_DEFAULT>)
2025-10-20 19:49:59,181 [grpc-default-executor-2] INFO  impl.VoteContext (VoteContext.java:log(49)) - 4f2bb3f5-0e03-4f1b-bb4c-79c91b98c7da@group-B3B02EAB42DA-FOLLOWER: accept PRE_VOTE from d7d8cf72-b9f6-4979-9c53-007dd6e6e48a: our priority 0 <= candidate's priority 1
2025-10-20 19:49:59,181 [grpc-default-executor-6] INFO  server.RaftServer$Division (RaftServerImpl.java:requestVote(1421)) - 33f74daf-be7a-4306-b2af-53e409c4cb93@group-B3B02EAB42DA: receive requestVote(PRE_VOTE, d7d8cf72-b9f6-4979-9c53-007dd6e6e48a, group-B3B02EAB42DA, 0, <PROTO_DEFAULT>)
2025-10-20 19:49:59,181 [grpc-default-executor-6] INFO  impl.VoteContext (VoteContext.java:log(49)) - 33f74daf-be7a-4306-b2af-53e409c4cb93@group-B3B02EAB42DA-FOLLOWER: accept PRE_VOTE from d7d8cf72-b9f6-4979-9c53-007dd6e6e48a: our priority 0 <= candidate's priority 1
2025-10-20 19:49:59,181 [grpc-default-executor-2] INFO  server.RaftServer$Division (RaftServerImpl.java:requestVote(1455)) - 4f2bb3f5-0e03-4f1b-bb4c-79c91b98c7da@group-B3B02EAB42DA replies to PRE_VOTE vote request: d7d8cf72-b9f6-4979-9c53-007dd6e6e48a<-4f2bb3f5-0e03-4f1b-bb4c-79c91b98c7da#0:OK-t0-last:<INITIAL_VALUE>. Peer's state: 4f2bb3f5-0e03-4f1b-bb4c-79c91b98c7da@group-B3B02EAB42DA:t0, leader=null, voted=, raftlog=Memoized:4f2bb3f5-0e03-4f1b-bb4c-79c91b98c7da@group-B3B02EAB42DA-SegmentedRaftLog:OPENED:c-1:lastnull, conf=conf: {index: -1, cur=peers:[4f2bb3f5-0e03-4f1b-bb4c-79c91b98c7da|127.0.0.1:15095, 33f74daf-be7a-4306-b2af-53e409c4cb93|127.0.0.1:15087, d7d8cf72-b9f6-4979-9c53-007dd6e6e48a|127.0.0.1:15103]|listeners:[], old=null}
2025-10-20 19:49:59,181 [grpc-default-executor-6] INFO  server.RaftServer$Division (RaftServerImpl.java:requestVote(1455)) - 33f74daf-be7a-4306-b2af-53e409c4cb93@group-B3B02EAB42DA replies to PRE_VOTE vote request: d7d8cf72-b9f6-4979-9c53-007dd6e6e48a<-33f74daf-be7a-4306-b2af-53e409c4cb93#0:OK-t0-last:<INITIAL_VALUE>. Peer's state: 33f74daf-be7a-4306-b2af-53e409c4cb93@group-B3B02EAB42DA:t0, leader=null, voted=, raftlog=Memoized:33f74daf-be7a-4306-b2af-53e409c4cb93@group-B3B02EAB42DA-SegmentedRaftLog:OPENED:c-1:lastnull, conf=conf: {index: -1, cur=peers:[4f2bb3f5-0e03-4f1b-bb4c-79c91b98c7da|127.0.0.1:15095, 33f74daf-be7a-4306-b2af-53e409c4cb93|127.0.0.1:15087, d7d8cf72-b9f6-4979-9c53-007dd6e6e48a|127.0.0.1:15103]|listeners:[], old=null}
2025-10-20 19:49:59,183 [d7d8cf72-b9f6-4979-9c53-007dd6e6e48a@group-B3B02EAB42DA-LeaderElection27] INFO  impl.LeaderElection (LeaderElection.java:logAndReturn(206)) - d7d8cf72-b9f6-4979-9c53-007dd6e6e48a@group-B3B02EAB42DA-LeaderElection27: PRE_VOTE PASSED received 1 response(s) and 0 exception(s):
2025-10-20 19:49:59,183 [d7d8cf72-b9f6-4979-9c53-007dd6e6e48a@group-B3B02EAB42DA-LeaderElection27] INFO  impl.LeaderElection (LeaderElection.java:logAndReturn(210)) -   Response 0: d7d8cf72-b9f6-4979-9c53-007dd6e6e48a<-4f2bb3f5-0e03-4f1b-bb4c-79c91b98c7da#0:OK-t0-last:<INITIAL_VALUE>
2025-10-20 19:49:59,183 [d7d8cf72-b9f6-4979-9c53-007dd6e6e48a@group-B3B02EAB42DA-LeaderElection27] INFO  impl.LeaderElection (LeaderElection.java:askForVotes(450)) - d7d8cf72-b9f6-4979-9c53-007dd6e6e48a@group-B3B02EAB42DA-LeaderElection27 PRE_VOTE round 0: result PASSED
2025-10-20 19:49:59,184 [d7d8cf72-b9f6-4979-9c53-007dd6e6e48a@group-B3B02EAB42DA-LeaderElection27] INFO  impl.LeaderElection (LeaderElection.java:askForVotes(448)) - d7d8cf72-b9f6-4979-9c53-007dd6e6e48a@group-B3B02EAB42DA-LeaderElection27 ELECTION round 0: submit vote requests at term 1 for conf: {index: -1, cur=peers:[4f2bb3f5-0e03-4f1b-bb4c-79c91b98c7da|127.0.0.1:15095, 33f74daf-be7a-4306-b2af-53e409c4cb93|127.0.0.1:15087, d7d8cf72-b9f6-4979-9c53-007dd6e6e48a|127.0.0.1:15103]|listeners:[], old=null}
2025-10-20 19:49:59,186 [grpc-default-executor-6] INFO  server.RaftServer$Division (RaftServerImpl.java:requestVote(1421)) - 33f74daf-be7a-4306-b2af-53e409c4cb93@group-B3B02EAB42DA: receive requestVote(ELECTION, d7d8cf72-b9f6-4979-9c53-007dd6e6e48a, group-B3B02EAB42DA, 1, <PROTO_DEFAULT>)
2025-10-20 19:49:59,187 [grpc-default-executor-6] INFO  impl.VoteContext (VoteContext.java:log(49)) - 33f74daf-be7a-4306-b2af-53e409c4cb93@group-B3B02EAB42DA-FOLLOWER: accept ELECTION from d7d8cf72-b9f6-4979-9c53-007dd6e6e48a: our priority 0 <= candidate's priority 1
2025-10-20 19:49:59,187 [grpc-default-executor-6] INFO  server.RaftServer$Division (RaftServerImpl.java:setRole(392)) - 33f74daf-be7a-4306-b2af-53e409c4cb93@group-B3B02EAB42DA: changes role from  FOLLOWER to FOLLOWER at term 0 for candidate:d7d8cf72-b9f6-4979-9c53-007dd6e6e48a
2025-10-20 19:49:59,187 [grpc-default-executor-6] INFO  impl.RoleInfo (RoleInfo.java:shutdownFollowerState(121)) - 33f74daf-be7a-4306-b2af-53e409c4cb93: shutdown 33f74daf-be7a-4306-b2af-53e409c4cb93@group-B3B02EAB42DA-FollowerState
2025-10-20 19:49:59,187 [grpc-default-executor-6] INFO  impl.RoleInfo (RoleInfo.java:updateAndGet(148)) - 33f74daf-be7a-4306-b2af-53e409c4cb93: start 33f74daf-be7a-4306-b2af-53e409c4cb93@group-B3B02EAB42DA-FollowerState
2025-10-20 19:49:59,187 [33f74daf-be7a-4306-b2af-53e409c4cb93@group-B3B02EAB42DA-FollowerState] INFO  impl.FollowerState (FollowerState.java:runImpl(170)) - 33f74daf-be7a-4306-b2af-53e409c4cb93@group-B3B02EAB42DA-FollowerState was interrupted
2025-10-20 19:49:59,187 [grpc-default-executor-6] INFO  server.RaftServer$Division (RaftServerImpl.java:setFirstElection(576)) - 33f74daf-be7a-4306-b2af-53e409c4cb93@group-B3B02EAB42DA: set firstElectionSinceStartup to false for candidate:d7d8cf72-b9f6-4979-9c53-007dd6e6e48a
2025-10-20 19:49:59,188 [grpc-default-executor-2] INFO  server.RaftServer$Division (RaftServerImpl.java:requestVote(1421)) - 4f2bb3f5-0e03-4f1b-bb4c-79c91b98c7da@group-B3B02EAB42DA: receive requestVote(ELECTION, d7d8cf72-b9f6-4979-9c53-007dd6e6e48a, group-B3B02EAB42DA, 1, <PROTO_DEFAULT>)
2025-10-20 19:49:59,188 [grpc-default-executor-2] INFO  impl.VoteContext (VoteContext.java:log(49)) - 4f2bb3f5-0e03-4f1b-bb4c-79c91b98c7da@group-B3B02EAB42DA-FOLLOWER: accept ELECTION from d7d8cf72-b9f6-4979-9c53-007dd6e6e48a: our priority 0 <= candidate's priority 1
2025-10-20 19:49:59,189 [grpc-default-executor-2] INFO  server.RaftServer$Division (RaftServerImpl.java:setRole(392)) - 4f2bb3f5-0e03-4f1b-bb4c-79c91b98c7da@group-B3B02EAB42DA: changes role from  FOLLOWER to FOLLOWER at term 0 for candidate:d7d8cf72-b9f6-4979-9c53-007dd6e6e48a
2025-10-20 19:49:59,189 [grpc-default-executor-2] INFO  impl.RoleInfo (RoleInfo.java:shutdownFollowerState(121)) - 4f2bb3f5-0e03-4f1b-bb4c-79c91b98c7da: shutdown 4f2bb3f5-0e03-4f1b-bb4c-79c91b98c7da@group-B3B02EAB42DA-FollowerState
2025-10-20 19:49:59,189 [grpc-default-executor-2] INFO  impl.RoleInfo (RoleInfo.java:updateAndGet(148)) - 4f2bb3f5-0e03-4f1b-bb4c-79c91b98c7da: start 4f2bb3f5-0e03-4f1b-bb4c-79c91b98c7da@group-B3B02EAB42DA-FollowerState
2025-10-20 19:49:59,189 [grpc-default-executor-6] INFO  server.RaftServer$Division (RaftServerImpl.java:requestVote(1455)) - 33f74daf-be7a-4306-b2af-53e409c4cb93@group-B3B02EAB42DA replies to ELECTION vote request: d7d8cf72-b9f6-4979-9c53-007dd6e6e48a<-33f74daf-be7a-4306-b2af-53e409c4cb93#0:OK-t1-last:<INITIAL_VALUE>. Peer's state: 33f74daf-be7a-4306-b2af-53e409c4cb93@group-B3B02EAB42DA:t1, leader=null, voted=d7d8cf72-b9f6-4979-9c53-007dd6e6e48a, raftlog=Memoized:33f74daf-be7a-4306-b2af-53e409c4cb93@group-B3B02EAB42DA-SegmentedRaftLog:OPENED:c-1:lastnull, conf=conf: {index: -1, cur=peers:[4f2bb3f5-0e03-4f1b-bb4c-79c91b98c7da|127.0.0.1:15095, 33f74daf-be7a-4306-b2af-53e409c4cb93|127.0.0.1:15087, d7d8cf72-b9f6-4979-9c53-007dd6e6e48a|127.0.0.1:15103]|listeners:[], old=null}
2025-10-20 19:49:59,189 [4f2bb3f5-0e03-4f1b-bb4c-79c91b98c7da@group-B3B02EAB42DA-FollowerState] INFO  impl.FollowerState (FollowerState.java:runImpl(170)) - 4f2bb3f5-0e03-4f1b-bb4c-79c91b98c7da@group-B3B02EAB42DA-FollowerState was interrupted
]]></system-out>
  </testcase>
  <testcase name="bucketUsedBytesOverWrite(BucketLayout)[2]" classname="org.apache.hadoop.ozone.client.rpc.TestSecureOzoneRpcClient" time="14.009">
    <system-out><![CDATA[2025-10-20 19:49:59,191 [d7d8cf72-b9f6-4979-9c53-007dd6e6e48a@group-B3B02EAB42DA-LeaderElection27] INFO  impl.LeaderElection (LeaderElection.java:logAndReturn(206)) - d7d8cf72-b9f6-4979-9c53-007dd6e6e48a@group-B3B02EAB42DA-LeaderElection27: ELECTION PASSED received 1 response(s) and 0 exception(s):
2025-10-20 19:49:59,192 [d7d8cf72-b9f6-4979-9c53-007dd6e6e48a@group-B3B02EAB42DA-LeaderElection27] INFO  impl.LeaderElection (LeaderElection.java:logAndReturn(210)) -   Response 0: d7d8cf72-b9f6-4979-9c53-007dd6e6e48a<-33f74daf-be7a-4306-b2af-53e409c4cb93#0:OK-t1-last:<INITIAL_VALUE>
2025-10-20 19:49:59,192 [d7d8cf72-b9f6-4979-9c53-007dd6e6e48a@group-B3B02EAB42DA-LeaderElection27] INFO  impl.LeaderElection (LeaderElection.java:askForVotes(450)) - d7d8cf72-b9f6-4979-9c53-007dd6e6e48a@group-B3B02EAB42DA-LeaderElection27 ELECTION round 0: result PASSED
2025-10-20 19:49:59,192 [d7d8cf72-b9f6-4979-9c53-007dd6e6e48a@group-B3B02EAB42DA-LeaderElection27] INFO  impl.RoleInfo (RoleInfo.java:shutdownLeaderElection(141)) - d7d8cf72-b9f6-4979-9c53-007dd6e6e48a: shutdown d7d8cf72-b9f6-4979-9c53-007dd6e6e48a@group-B3B02EAB42DA-LeaderElection27
2025-10-20 19:49:59,192 [d7d8cf72-b9f6-4979-9c53-007dd6e6e48a@group-B3B02EAB42DA-LeaderElection27] INFO  server.RaftServer$Division (RaftServerImpl.java:setRole(392)) - d7d8cf72-b9f6-4979-9c53-007dd6e6e48a@group-B3B02EAB42DA: changes role from CANDIDATE to LEADER at term 1 for changeToLeader
2025-10-20 19:49:59,191 [grpc-default-executor-2] INFO  server.RaftServer$Division (RaftServerImpl.java:requestVote(1455)) - 4f2bb3f5-0e03-4f1b-bb4c-79c91b98c7da@group-B3B02EAB42DA replies to ELECTION vote request: d7d8cf72-b9f6-4979-9c53-007dd6e6e48a<-4f2bb3f5-0e03-4f1b-bb4c-79c91b98c7da#0:OK-t1-last:<INITIAL_VALUE>. Peer's state: 4f2bb3f5-0e03-4f1b-bb4c-79c91b98c7da@group-B3B02EAB42DA:t1, leader=null, voted=d7d8cf72-b9f6-4979-9c53-007dd6e6e48a, raftlog=Memoized:4f2bb3f5-0e03-4f1b-bb4c-79c91b98c7da@group-B3B02EAB42DA-SegmentedRaftLog:OPENED:c-1:lastnull, conf=conf: {index: -1, cur=peers:[4f2bb3f5-0e03-4f1b-bb4c-79c91b98c7da|127.0.0.1:15095, 33f74daf-be7a-4306-b2af-53e409c4cb93|127.0.0.1:15087, d7d8cf72-b9f6-4979-9c53-007dd6e6e48a|127.0.0.1:15103]|listeners:[], old=null}
2025-10-20 19:49:59,192 [d7d8cf72-b9f6-4979-9c53-007dd6e6e48a@group-B3B02EAB42DA-LeaderElection27] INFO  server.RaftServerConfigKeys (ConfUtils.java:logFallback(69)) - raft.server.staging.timeout = 15600ms (fallback to raft.server.rpc.timeout.max)
2025-10-20 19:49:59,193 [d7d8cf72-b9f6-4979-9c53-007dd6e6e48a@group-B3B02EAB42DA-LeaderElection27] INFO  server.RaftServerConfigKeys (ConfUtils.java:logGet(62)) - raft.server.write.byte-limit = 1024 M (=1073741824) (custom)
2025-10-20 19:49:59,194 [ForkJoinPool-1-worker-1] INFO  rpc.RpcClient (RpcClient.java:createVolume(461)) - Creating Volume: c8a32e7b-6619-4b07-9d4b-821c8ffd9d13, with runner as owner and space quota set to -1 bytes, counts quota set to -1
2025-10-20 19:49:59,195 [d7d8cf72-b9f6-4979-9c53-007dd6e6e48a@group-B3B02EAB42DA-LeaderElection27] INFO  server.RaftServerConfigKeys (ConfUtils.java:logGet(62)) - raft.server.log.appender.buffer.byte-limit = 33554432 (custom)
2025-10-20 19:49:59,197 [d7d8cf72-b9f6-4979-9c53-007dd6e6e48a@group-B3B02EAB42DA-LeaderElection27] INFO  server.RaftServerConfigKeys (ConfUtils.java:logGet(62)) - raft.server.log.appender.buffer.byte-limit = 33554432 (custom)
2025-10-20 19:49:59,197 [d7d8cf72-b9f6-4979-9c53-007dd6e6e48a@group-B3B02EAB42DA-LeaderElection27] INFO  impl.RoleInfo (RoleInfo.java:updateAndGet(148)) - d7d8cf72-b9f6-4979-9c53-007dd6e6e48a: start d7d8cf72-b9f6-4979-9c53-007dd6e6e48a@group-B3B02EAB42DA-LeaderStateImpl
2025-10-20 19:49:59,197 [d7d8cf72-b9f6-4979-9c53-007dd6e6e48a@group-B3B02EAB42DA-LeaderElection27] INFO  server.RaftServer$Division (RaftServerImpl.java:setFirstElection(576)) - d7d8cf72-b9f6-4979-9c53-007dd6e6e48a@group-B3B02EAB42DA: set firstElectionSinceStartup to false for becomeLeader
2025-10-20 19:49:59,198 [d7d8cf72-b9f6-4979-9c53-007dd6e6e48a@group-B3B02EAB42DA-LeaderElection27] INFO  ratis.XceiverServerRatis (XceiverServerRatis.java:handleLeaderChangedNotification(940)) - Leader change notification received for group: group-B3B02EAB42DA with new leaderId: d7d8cf72-b9f6-4979-9c53-007dd6e6e48a
2025-10-20 19:49:59,198 [d7d8cf72-b9f6-4979-9c53-007dd6e6e48a@group-B3B02EAB42DA-LeaderElection27] INFO  server.RaftServer$Division (ServerState.java:setLeader(272)) - d7d8cf72-b9f6-4979-9c53-007dd6e6e48a@group-B3B02EAB42DA: change Leader from null to d7d8cf72-b9f6-4979-9c53-007dd6e6e48a at term 1 for becomeLeader, leader elected after 1176ms
2025-10-20 19:49:59,198 [d7d8cf72-b9f6-4979-9c53-007dd6e6e48a@group-B3B02EAB42DA-LeaderElection27] INFO  segmented.SegmentedRaftLogWorker (SegmentedRaftLogWorker.java:startLogSegment(440)) - d7d8cf72-b9f6-4979-9c53-007dd6e6e48a@group-B3B02EAB42DA-SegmentedRaftLogWorker: Starting segment from index:0
2025-10-20 19:49:59,199 [d7d8cf72-b9f6-4979-9c53-007dd6e6e48a@group-B3B02EAB42DA-LeaderElection27] INFO  server.RaftServer$Division (ServerState.java:setRaftConf(386)) - d7d8cf72-b9f6-4979-9c53-007dd6e6e48a@group-B3B02EAB42DA: set configuration conf: {index: 0, cur=peers:[4f2bb3f5-0e03-4f1b-bb4c-79c91b98c7da|127.0.0.1:15095, 33f74daf-be7a-4306-b2af-53e409c4cb93|127.0.0.1:15087, d7d8cf72-b9f6-4979-9c53-007dd6e6e48a|127.0.0.1:15103]|listeners:[], old=null}
2025-10-20 19:49:59,199 [d7d8cf72-b9f6-4979-9c53-007dd6e6e48a@group-B3B02EAB42DA-SegmentedRaftLogWorker] INFO  segmented.BufferedWriteChannel (BufferedWriteChannel.java:open(61)) - open log_inprogress_0 at position 0
2025-10-20 19:49:59,200 | INFO  | SCMAudit | user=runner | ip=127.0.0.1 | op=SEND_HEARTBEAT {"datanodeUUID":"d7d8cf72-b9f6-4979-9c53-007dd6e6e48a","term":"2","command":"[]"} | ret=SUCCESS |  
2025-10-20 19:49:59,200 [om1-OMStateMachineApplyTransactionThread - 0] INFO  volume.OMVolumeCreateRequest (OMVolumeCreateRequest.java:validateAndUpdateCache(213)) - created volume:c8a32e7b-6619-4b07-9d4b-821c8ffd9d13 for user:runner
2025-10-20 19:49:59,202 | INFO  | OMAudit | user=runner | ip=127.0.0.1 | op=CREATE_VOLUME {"admin":"runner","owner":"runner","volume":"c8a32e7b-6619-4b07-9d4b-821c8ffd9d13","creationTime":"1760989799197","modificationTime":"1760989799197","quotaInBytes":"-1","quotaInNamespace":"-1","usedNamespace":"0","objectID":"-9223372036854774016","updateID":"7","Transaction":"7"} | ret=SUCCESS |  
2025-10-20 19:49:59,204 [EventQueue-PipelineReportForPipelineReportHandler] INFO  pipeline.PipelineReportHandler (PipelineReportHandler.java:processPipelineReport(132)) - Opened pipeline Pipeline-b4f9a051-00c4-4798-8265-b3b02eab42da
2025-10-20 19:49:59,208 [grpc-default-executor-6] INFO  ratis.XceiverServerRatis (XceiverServerRatis.java:handleLeaderChangedNotification(940)) - Leader change notification received for group: group-B3B02EAB42DA with new leaderId: d7d8cf72-b9f6-4979-9c53-007dd6e6e48a
2025-10-20 19:49:59,208 [grpc-default-executor-6] INFO  server.RaftServer$Division (ServerState.java:setLeader(272)) - 4f2bb3f5-0e03-4f1b-bb4c-79c91b98c7da@group-B3B02EAB42DA: change Leader from null to d7d8cf72-b9f6-4979-9c53-007dd6e6e48a at term 1 for appendEntries, leader elected after 1260ms
2025-10-20 19:49:59,208 [grpc-default-executor-4] INFO  ratis.XceiverServerRatis (XceiverServerRatis.java:handleLeaderChangedNotification(940)) - Leader change notification received for group: group-B3B02EAB42DA with new leaderId: d7d8cf72-b9f6-4979-9c53-007dd6e6e48a
2025-10-20 19:49:59,208 [grpc-default-executor-4] INFO  server.RaftServer$Division (ServerState.java:setLeader(272)) - 33f74daf-be7a-4306-b2af-53e409c4cb93@group-B3B02EAB42DA: change Leader from null to d7d8cf72-b9f6-4979-9c53-007dd6e6e48a at term 1 for appendEntries, leader elected after 1222ms
2025-10-20 19:49:59,208 | INFO  | OMAudit | user=runner | ip=127.0.0.1 | op=READ_VOLUME {"volume":"c8a32e7b-6619-4b07-9d4b-821c8ffd9d13"} | ret=SUCCESS |  
2025-10-20 19:49:59,210 [grpc-default-executor-6] INFO  server.RaftServer$Division (ServerState.java:setRaftConf(386)) - 4f2bb3f5-0e03-4f1b-bb4c-79c91b98c7da@group-B3B02EAB42DA: set configuration conf: {index: 0, cur=peers:[4f2bb3f5-0e03-4f1b-bb4c-79c91b98c7da|127.0.0.1:15095, 33f74daf-be7a-4306-b2af-53e409c4cb93|127.0.0.1:15087, d7d8cf72-b9f6-4979-9c53-007dd6e6e48a|127.0.0.1:15103]|listeners:[], old=null}
2025-10-20 19:49:59,210 [grpc-default-executor-6] INFO  segmented.SegmentedRaftLogWorker (SegmentedRaftLogWorker.java:startLogSegment(440)) - 4f2bb3f5-0e03-4f1b-bb4c-79c91b98c7da@group-B3B02EAB42DA-SegmentedRaftLogWorker: Starting segment from index:0
2025-10-20 19:49:59,210 [d7d8cf72-b9f6-4979-9c53-007dd6e6e48a@group-B3B02EAB42DA-SegmentedRaftLogWorker] INFO  segmented.SegmentedRaftLogWorker (SegmentedRaftLogWorker.java:execute(647)) - d7d8cf72-b9f6-4979-9c53-007dd6e6e48a@group-B3B02EAB42DA-SegmentedRaftLogWorker: created new log segment /home/runner/work/ozone/ozone/hadoop-ozone/integration-test/target/test-dir/MiniOzoneClusterImpl-6935df51-69ff-4c35-8bd4-ed2b81d70e54/ozone-metadata/datanode-12/ratis/b4f9a051-00c4-4798-8265-b3b02eab42da/current/log_inprogress_0
2025-10-20 19:49:59,210 [4f2bb3f5-0e03-4f1b-bb4c-79c91b98c7da@group-B3B02EAB42DA-SegmentedRaftLogWorker] INFO  segmented.BufferedWriteChannel (BufferedWriteChannel.java:open(61)) - open log_inprogress_0 at position 0
2025-10-20 19:49:59,212 [grpc-default-executor-1] INFO  server.RaftServer$Division (ServerState.java:setRaftConf(386)) - 33f74daf-be7a-4306-b2af-53e409c4cb93@group-B3B02EAB42DA: set configuration conf: {index: 0, cur=peers:[4f2bb3f5-0e03-4f1b-bb4c-79c91b98c7da|127.0.0.1:15095, 33f74daf-be7a-4306-b2af-53e409c4cb93|127.0.0.1:15087, d7d8cf72-b9f6-4979-9c53-007dd6e6e48a|127.0.0.1:15103]|listeners:[], old=null}
2025-10-20 19:49:59,212 [grpc-default-executor-1] INFO  segmented.SegmentedRaftLogWorker (SegmentedRaftLogWorker.java:startLogSegment(440)) - 33f74daf-be7a-4306-b2af-53e409c4cb93@group-B3B02EAB42DA-SegmentedRaftLogWorker: Starting segment from index:0
2025-10-20 19:49:59,212 [ForkJoinPool-1-worker-1] INFO  rpc.RpcClient (RpcClient.java:createBucket(686)) - Creating Bucket: c8a32e7b-6619-4b07-9d4b-821c8ffd9d13/3ea0f2ff-f0b0-4563-bd20-e50e2dafb63c, with bucket layout LEGACY, runner as owner, Versioning true, Storage Type set to DISK and Encryption set to false, Replication Type set to server-side default replication type, Namespace Quota set to -1, Space Quota set to -1 
2025-10-20 19:49:59,213 [33f74daf-be7a-4306-b2af-53e409c4cb93@group-B3B02EAB42DA-SegmentedRaftLogWorker] INFO  segmented.BufferedWriteChannel (BufferedWriteChannel.java:open(61)) - open log_inprogress_0 at position 0
2025-10-20 19:49:59,216 [4f2bb3f5-0e03-4f1b-bb4c-79c91b98c7da@group-B3B02EAB42DA-SegmentedRaftLogWorker] INFO  segmented.SegmentedRaftLogWorker (SegmentedRaftLogWorker.java:execute(647)) - 4f2bb3f5-0e03-4f1b-bb4c-79c91b98c7da@group-B3B02EAB42DA-SegmentedRaftLogWorker: created new log segment /home/runner/work/ozone/ozone/hadoop-ozone/integration-test/target/test-dir/MiniOzoneClusterImpl-6935df51-69ff-4c35-8bd4-ed2b81d70e54/ozone-metadata/datanode-11/ratis/b4f9a051-00c4-4798-8265-b3b02eab42da/current/log_inprogress_0
2025-10-20 19:49:59,217 [om1-OMStateMachineApplyTransactionThread - 0] INFO  bucket.OMBucketCreateRequest (OMBucketCreateRequest.java:validateAndUpdateCache(303)) - created bucket: 3ea0f2ff-f0b0-4563-bd20-e50e2dafb63c of layout LEGACY in volume: c8a32e7b-6619-4b07-9d4b-821c8ffd9d13
2025-10-20 19:49:59,217 | INFO  | OMAudit | user=runner | ip=127.0.0.1 | op=CREATE_BUCKET {"volume":"c8a32e7b-6619-4b07-9d4b-821c8ffd9d13","bucket":"3ea0f2ff-f0b0-4563-bd20-e50e2dafb63c","bucketLayout":"LEGACY","gdprEnabled":null,"acls":"[user:runner:a[ACCESS], group:runner:rl[ACCESS]]","isVersionEnabled":"true","storageType":"DISK","creationTime":"1760989799215","bucketEncryptionKey":null,"modificationTime":"1760989799215","usedBytes":"0","usedNamespace":"0","snapshotUsedBytes":"0","snapshotUsedNamespace":"0","owner":"runner","replicationType":null,"replicationConfig":null,"quotaInBytes":"-1","quotaInNamespace":"-1","Transaction":"8"} | ret=SUCCESS |  
2025-10-20 19:49:59,218 [33f74daf-be7a-4306-b2af-53e409c4cb93@group-B3B02EAB42DA-SegmentedRaftLogWorker] INFO  segmented.SegmentedRaftLogWorker (SegmentedRaftLogWorker.java:execute(647)) - 33f74daf-be7a-4306-b2af-53e409c4cb93@group-B3B02EAB42DA-SegmentedRaftLogWorker: created new log segment /home/runner/work/ozone/ozone/hadoop-ozone/integration-test/target/test-dir/MiniOzoneClusterImpl-6935df51-69ff-4c35-8bd4-ed2b81d70e54/ozone-metadata/datanode-10/ratis/b4f9a051-00c4-4798-8265-b3b02eab42da/current/log_inprogress_0
2025-10-20 19:49:59,219 [d7d8cf72-b9f6-4979-9c53-007dd6e6e48a@group-B3B02EAB42DA-StateMachineUpdater] INFO  server.RaftServer$Division (LeaderStateImpl.java:checkStartIndex(309)) - Leader d7d8cf72-b9f6-4979-9c53-007dd6e6e48a@group-B3B02EAB42DA-LeaderStateImpl is ready since appliedIndex == startIndex == 0
2025-10-20 19:49:59,221 | INFO  | OMAudit | user=runner | ip=127.0.0.1 | op=READ_BUCKET {"volume":"c8a32e7b-6619-4b07-9d4b-821c8ffd9d13","bucket":"3ea0f2ff-f0b0-4563-bd20-e50e2dafb63c"} | ret=SUCCESS |  
2025-10-20 19:49:59,223 | INFO  | OMAudit | user=runner | ip=127.0.0.1 | op=READ_BUCKET {"volume":"c8a32e7b-6619-4b07-9d4b-821c8ffd9d13","bucket":"3ea0f2ff-f0b0-4563-bd20-e50e2dafb63c"} | ret=SUCCESS |  
2025-10-20 19:49:59,227 | INFO  | SCMAudit | user=runner | ip=127.0.0.1 | op=ALLOCATE_BLOCK {"replication":"RATIS/ONE","owner":"omServiceIdDefault","size":"4194304","sampleBlocks":"[conID: 3 locID: 115816896921600003]","num":"1","client":"","allocated":"1"} | ret=SUCCESS |  
2025-10-20 19:49:59,229 [feb39a1c-80cb-4714-ab06-a361236e3029-CreatePipelineCommandHandlerThread-0] INFO  server.RaftServer (RaftServerProxy.java:addNew(105)) - feb39a1c-80cb-4714-ab06-a361236e3029: addNew group-6A52CFB43CB2:[feb39a1c-80cb-4714-ab06-a361236e3029|127.0.0.1:15111] returns group-6A52CFB43CB2:java.util.concurrent.CompletableFuture@1de7e40e[Not completed]
2025-10-20 19:49:59,230 [feb39a1c-80cb-4714-ab06-a361236e3029-groupManagement] INFO  server.RaftServer$Division (RaftServerImpl.java:<init>(268)) - feb39a1c-80cb-4714-ab06-a361236e3029: new RaftServerImpl for group-6A52CFB43CB2:[feb39a1c-80cb-4714-ab06-a361236e3029|127.0.0.1:15111] with ContainerStateMachine:uninitialized
2025-10-20 19:49:59,231 [feb39a1c-80cb-4714-ab06-a361236e3029-groupManagement] INFO  server.RaftServer$Division (ServerState.java:<init>(114)) - feb39a1c-80cb-4714-ab06-a361236e3029@group-6A52CFB43CB2: ConfigurationManager, init=conf: {index: -1, cur=peers:[feb39a1c-80cb-4714-ab06-a361236e3029|127.0.0.1:15111]|listeners:[], old=null}, confs=<EMPTY_MAP>
2025-10-20 19:49:59,231 | INFO  | SCMAudit | user=runner | ip=127.0.0.1 | op=SEND_HEARTBEAT {"datanodeUUID":"feb39a1c-80cb-4714-ab06-a361236e3029","term":"2","command":"[]"} | ret=SUCCESS |  
2025-10-20 19:49:59,233 | INFO  | OMAudit | user=runner | ip=127.0.0.1 | op=ALLOCATE_KEY {"volume":"c8a32e7b-6619-4b07-9d4b-821c8ffd9d13","bucket":"3ea0f2ff-f0b0-4563-bd20-e50e2dafb63c","key":"3184331d-bfe5-449b-abc5-147752e4a11d","dataSize":"12","replicationType":"RATIS","replicationFactor":"ONE","Transaction":"9"} | ret=SUCCESS |  
2025-10-20 19:49:59,235 [feb39a1c-80cb-4714-ab06-a361236e3029-groupManagement] INFO  server.RaftServerConfigKeys (ConfUtils.java:logGet(62)) - raft.server.storage.dir = [/home/runner/work/ozone/ozone/hadoop-ozone/integration-test/target/test-dir/MiniOzoneClusterImpl-6935df51-69ff-4c35-8bd4-ed2b81d70e54/ozone-metadata/datanode-13/ratis] (custom)
2025-10-20 19:49:59,235 [feb39a1c-80cb-4714-ab06-a361236e3029-groupManagement] INFO  storage.RaftStorageDirectory (RaftStorageDirectoryImpl.java:analyzeStorage(138)) - The storage directory /home/runner/work/ozone/ozone/hadoop-ozone/integration-test/target/test-dir/MiniOzoneClusterImpl-6935df51-69ff-4c35-8bd4-ed2b81d70e54/ozone-metadata/datanode-13/ratis/065e8a82-a0e8-459a-9388-6a52cfb43cb2 does not exist. Creating ...
2025-10-20 19:49:59,236 [feb39a1c-80cb-4714-ab06-a361236e3029-groupManagement] INFO  storage.RaftStorageDirectory (RaftStorageDirectoryImpl.java:tryLock(229)) - Lock on /home/runner/work/ozone/ozone/hadoop-ozone/integration-test/target/test-dir/MiniOzoneClusterImpl-6935df51-69ff-4c35-8bd4-ed2b81d70e54/ozone-metadata/datanode-13/ratis/065e8a82-a0e8-459a-9388-6a52cfb43cb2/in_use.lock acquired by nodename 12924@localhost
2025-10-20 19:49:59,237 [feb39a1c-80cb-4714-ab06-a361236e3029-groupManagement] INFO  storage.RaftStorage (RaftStorageImpl.java:format(98)) - Storage directory /home/runner/work/ozone/ozone/hadoop-ozone/integration-test/target/test-dir/MiniOzoneClusterImpl-6935df51-69ff-4c35-8bd4-ed2b81d70e54/ozone-metadata/datanode-13/ratis/065e8a82-a0e8-459a-9388-6a52cfb43cb2 has been successfully formatted.
2025-10-20 19:49:59,237 [feb39a1c-80cb-4714-ab06-a361236e3029-groupManagement] INFO  ratis.ContainerStateMachine (ContainerStateMachine.java:initialize(339)) - feb39a1c-80cb-4714-ab06-a361236e3029: initialize group-6A52CFB43CB2
2025-10-20 19:49:59,237 [feb39a1c-80cb-4714-ab06-a361236e3029-groupManagement] INFO  ratis.ContainerStateMachine (ContainerStateMachine.java:loadSnapshot(347)) - group-6A52CFB43CB2: The snapshot info is null. Setting the last applied index to:<INITIAL_VALUE>
2025-10-20 19:49:59,237 [feb39a1c-80cb-4714-ab06-a361236e3029-groupManagement] INFO  server.RaftServerConfigKeys (ConfUtils.java:logGet(62)) - raft.server.log.appender.buffer.byte-limit = 33554432 (custom)
2025-10-20 19:49:59,240 | INFO  | SCMAudit | user=runner | ip=127.0.0.1 | op=SEND_HEARTBEAT {"datanodeUUID":"feb39a1c-80cb-4714-ab06-a361236e3029","term":"2","command":"[]"} | ret=SUCCESS |  
2025-10-20 19:49:59,241 [feb39a1c-80cb-4714-ab06-a361236e3029-groupManagement] INFO  server.RaftServerConfigKeys (ConfUtils.java:logGet(62)) - raft.server.log.segment.size.max = 67108864 (custom)
2025-10-20 19:49:59,241 [feb39a1c-80cb-4714-ab06-a361236e3029-groupManagement] INFO  server.RaftServerConfigKeys (ConfUtils.java:logGet(62)) - raft.server.log.appender.buffer.byte-limit = 33554432 (custom)
2025-10-20 19:49:59,242 [feb39a1c-80cb-4714-ab06-a361236e3029-groupManagement] INFO  util.AwaitToRun (AwaitToRun.java:start(81)) - Thread[#1853,feb39a1c-80cb-4714-ab06-a361236e3029@group-6A52CFB43CB2-cacheEviction-AwaitToRun,5,main] started
2025-10-20 19:49:59,242 [feb39a1c-80cb-4714-ab06-a361236e3029-groupManagement] INFO  segmented.SegmentedRaftLogWorker (SegmentedRaftLogWorker.java:<init>(190)) - new feb39a1c-80cb-4714-ab06-a361236e3029@group-6A52CFB43CB2-SegmentedRaftLogWorker for RaftStorageImpl:Storage Directory /home/runner/work/ozone/ozone/hadoop-ozone/integration-test/target/test-dir/MiniOzoneClusterImpl-6935df51-69ff-4c35-8bd4-ed2b81d70e54/ozone-metadata/datanode-13/ratis/065e8a82-a0e8-459a-9388-6a52cfb43cb2
2025-10-20 19:49:59,242 [feb39a1c-80cb-4714-ab06-a361236e3029-groupManagement] INFO  server.RaftServerConfigKeys (ConfUtils.java:logGet(62)) - raft.server.log.queue.byte-limit = 4294967296 (custom)
2025-10-20 19:49:59,242 [feb39a1c-80cb-4714-ab06-a361236e3029-groupManagement] INFO  server.RaftServerConfigKeys (ConfUtils.java:logGet(62)) - raft.server.log.segment.size.max = 67108864 (custom)
2025-10-20 19:49:59,243 [feb39a1c-80cb-4714-ab06-a361236e3029-groupManagement] INFO  server.RaftServerConfigKeys (ConfUtils.java:logGet(62)) - raft.server.log.preallocated.size = 4194304 (custom)
2025-10-20 19:49:59,243 [feb39a1c-80cb-4714-ab06-a361236e3029-groupManagement] INFO  server.RaftServerConfigKeys (ConfUtils.java:logGet(62)) - raft.server.log.write.buffer.size = 33554440 (custom)
2025-10-20 19:49:59,244 [EventQueue-PipelineReportForPipelineReportHandler] INFO  pipeline.PipelineReportHandler (PipelineReportHandler.java:processPipelineReport(132)) - Opened pipeline Pipeline-065e8a82-a0e8-459a-9388-6a52cfb43cb2
2025-10-20 19:49:59,250 [feb39a1c-80cb-4714-ab06-a361236e3029-groupManagement] INFO  server.RaftServerConfigKeys (ConfUtils.java:logGet(62)) - raft.server.log.appender.buffer.byte-limit = 33554432 (custom)
2025-10-20 19:49:59,251 [feb39a1c-80cb-4714-ab06-a361236e3029-groupManagement] INFO  segmented.SegmentedRaftLogWorker (SegmentedRaftLogWorker.java:lambda$new$0(141)) - feb39a1c-80cb-4714-ab06-a361236e3029@group-6A52CFB43CB2-SegmentedRaftLogWorker: flushIndex: setUnconditionally 0 -> -1
2025-10-20 19:49:59,251 [feb39a1c-80cb-4714-ab06-a361236e3029-groupManagement] INFO  segmented.SegmentedRaftLogWorker (SegmentedRaftLogWorker.java:lambda$new$0(141)) - feb39a1c-80cb-4714-ab06-a361236e3029@group-6A52CFB43CB2-SegmentedRaftLogWorker: safeCacheEvictIndex: setUnconditionally 0 -> -1
2025-10-20 19:49:59,251 [feb39a1c-80cb-4714-ab06-a361236e3029-groupManagement] INFO  server.RaftServer$Division (RaftServerImpl.java:start(405)) - feb39a1c-80cb-4714-ab06-a361236e3029@group-6A52CFB43CB2: start as a follower, conf=conf: {index: -1, cur=peers:[feb39a1c-80cb-4714-ab06-a361236e3029|127.0.0.1:15111]|listeners:[], old=null}
2025-10-20 19:49:59,251 [feb39a1c-80cb-4714-ab06-a361236e3029-groupManagement] INFO  server.RaftServer$Division (RaftServerImpl.java:setRole(392)) - feb39a1c-80cb-4714-ab06-a361236e3029@group-6A52CFB43CB2: changes role from      null to FOLLOWER at term 0 for startAsFollower
2025-10-20 19:49:59,251 [feb39a1c-80cb-4714-ab06-a361236e3029-groupManagement] INFO  impl.RoleInfo (RoleInfo.java:updateAndGet(148)) - feb39a1c-80cb-4714-ab06-a361236e3029: start feb39a1c-80cb-4714-ab06-a361236e3029@group-6A52CFB43CB2-FollowerState
2025-10-20 19:49:59,251 [feb39a1c-80cb-4714-ab06-a361236e3029-groupManagement] INFO  util.JmxRegister (JmxRegister.java:tryRegister(44)) - Successfully registered JMX Bean with object name Ratis:service=RaftServer,group=group-6A52CFB43CB2,id=feb39a1c-80cb-4714-ab06-a361236e3029
2025-10-20 19:49:59,251 [feb39a1c-80cb-4714-ab06-a361236e3029-groupManagement] INFO  util.JmxRegister (JmxRegister.java:register(58)) - register mxBean class org.apache.ratis.server.impl.RaftServerJmxAdapter as Ratis:service=RaftServer,group=group-6A52CFB43CB2,id=feb39a1c-80cb-4714-ab06-a361236e3029
2025-10-20 19:49:59,252 [grpc-default-executor-6] ERROR impl.OrderedAsync (OrderedAsync.java:lambda$null$6(215)) -  client-D5539FB05F77: Failed* RaftClientRequest:client-D5539FB05F77->d7d8cf72-b9f6-4979-9c53-007dd6e6e48a@group-D01BCEB53DB7, cid=27, seq=1*, Watch(0), null
java.util.concurrent.CompletionException: org.apache.ratis.protocol.exceptions.NotLeaderException: Server d7d8cf72-b9f6-4979-9c53-007dd6e6e48a@group-D01BCEB53DB7 is not the leader
	at java.base/java.util.concurrent.CompletableFuture.encodeThrowable(CompletableFuture.java:332)
	at java.base/java.util.concurrent.CompletableFuture.completeThrowable(CompletableFuture.java:347)
	at java.base/java.util.concurrent.CompletableFuture$UniAccept.tryFire(CompletableFuture.java:708)
	at java.base/java.util.concurrent.CompletableFuture.postComplete(CompletableFuture.java:510)
	at java.base/java.util.concurrent.CompletableFuture.completeExceptionally(CompletableFuture.java:2194)
	at org.apache.ratis.grpc.client.GrpcClientProtocolClient$AsyncStreamObservers.completeReplyExceptionally(GrpcClientProtocolClient.java:397)
	at org.apache.ratis.grpc.client.GrpcClientProtocolClient$AsyncStreamObservers.access$000(GrpcClientProtocolClient.java:303)
	at org.apache.ratis.grpc.client.GrpcClientProtocolClient$AsyncStreamObservers$1.onNext(GrpcClientProtocolClient.java:317)
	at org.apache.ratis.grpc.client.GrpcClientProtocolClient$AsyncStreamObservers$1.onNext(GrpcClientProtocolClient.java:308)
	at org.apache.ratis.thirdparty.io.grpc.stub.ClientCalls$StreamObserverToCallListenerAdapter.onMessage(ClientCalls.java:551)
	at org.apache.ratis.thirdparty.io.grpc.ForwardingClientCallListener.onMessage(ForwardingClientCallListener.java:33)
	at org.apache.ratis.thirdparty.io.grpc.internal.ClientCallImpl$ClientStreamListenerImpl$1MessagesAvailable.runInternal(ClientCallImpl.java:661)
	at org.apache.ratis.thirdparty.io.grpc.internal.ClientCallImpl$ClientStreamListenerImpl$1MessagesAvailable.runInContext(ClientCallImpl.java:648)
	at org.apache.ratis.thirdparty.io.grpc.internal.ContextRunnable.run(ContextRunnable.java:37)
	at org.apache.ratis.thirdparty.io.grpc.internal.SerializingExecutor.run(SerializingExecutor.java:133)
	at java.base/java.util.concurrent.ThreadPoolExecutor.runWorker(ThreadPoolExecutor.java:1144)
	at java.base/java.util.concurrent.ThreadPoolExecutor$Worker.run(ThreadPoolExecutor.java:642)
	at java.base/java.lang.Thread.run(Thread.java:1583)
Caused by: org.apache.ratis.protocol.exceptions.NotLeaderException: Server d7d8cf72-b9f6-4979-9c53-007dd6e6e48a@group-D01BCEB53DB7 is not the leader
	at org.apache.ratis.client.impl.ClientProtoUtils.toRaftClientReply(ClientProtoUtils.java:402)
	at org.apache.ratis.grpc.client.GrpcClientProtocolClient$AsyncStreamObservers$1.onNext(GrpcClientProtocolClient.java:313)
	... 10 more
2025-10-20 19:49:59,252 [feb39a1c-80cb-4714-ab06-a361236e3029-groupManagement] INFO  server.RaftServer$Division (RaftServerImpl.java:start(419)) - feb39a1c-80cb-4714-ab06-a361236e3029@group-6A52CFB43CB2: Successfully started.
2025-10-20 19:49:59,254 | INFO  | SCMAudit | user=runner | ip=127.0.0.1 | op=SEND_HEARTBEAT {"datanodeUUID":"c90bff1f-5a1f-42c6-8fca-9533d718c79a","term":"2","command":"[]"} | ret=SUCCESS |  
2025-10-20 19:49:59,254 [feb39a1c-80cb-4714-ab06-a361236e3029-CreatePipelineCommandHandlerThread-0] INFO  ratis.XceiverServerRatis (XceiverServerRatis.java:addGroup(839)) - Created group Pipeline-065e8a82-a0e8-459a-9388-6a52cfb43cb2
2025-10-20 19:49:59,255 [feb39a1c-80cb-4714-ab06-a361236e3029-CreatePipelineCommandHandlerThread-0] INFO  commandhandler.CreatePipelineCommandHandler (CreatePipelineCommandHandler.java:lambda$handle$2(141)) - Created Pipeline RATIS ONE Pipeline-065e8a82-a0e8-459a-9388-6a52cfb43cb2.
2025-10-20 19:49:59,270 [7bb0e7f0-2b36-4ec0-8a09-ceac75d91a36@group-38280CCDE2DB-FollowerState] INFO  impl.FollowerState (FollowerState.java:runImpl(161)) - 7bb0e7f0-2b36-4ec0-8a09-ceac75d91a36@group-38280CCDE2DB-FollowerState: change to CANDIDATE, lastRpcElapsedTime:1133750736ns, electionTimeout:1133ms
2025-10-20 19:49:59,270 [7bb0e7f0-2b36-4ec0-8a09-ceac75d91a36@group-38280CCDE2DB-FollowerState] INFO  impl.RoleInfo (RoleInfo.java:shutdownFollowerState(121)) - 7bb0e7f0-2b36-4ec0-8a09-ceac75d91a36: shutdown 7bb0e7f0-2b36-4ec0-8a09-ceac75d91a36@group-38280CCDE2DB-FollowerState
2025-10-20 19:49:59,270 [7bb0e7f0-2b36-4ec0-8a09-ceac75d91a36@group-38280CCDE2DB-FollowerState] INFO  server.RaftServer$Division (RaftServerImpl.java:setRole(392)) - 7bb0e7f0-2b36-4ec0-8a09-ceac75d91a36@group-38280CCDE2DB: changes role from  FOLLOWER to CANDIDATE at term 0 for changeToCandidate
2025-10-20 19:49:59,270 [7bb0e7f0-2b36-4ec0-8a09-ceac75d91a36@group-38280CCDE2DB-FollowerState] INFO  impl.RoleInfo (RoleInfo.java:updateAndGet(148)) - 7bb0e7f0-2b36-4ec0-8a09-ceac75d91a36: start 7bb0e7f0-2b36-4ec0-8a09-ceac75d91a36@group-38280CCDE2DB-LeaderElection28
2025-10-20 19:49:59,271 [7bb0e7f0-2b36-4ec0-8a09-ceac75d91a36@group-38280CCDE2DB-LeaderElection28] INFO  impl.LeaderElection (LeaderElection.java:askForVotes(448)) - 7bb0e7f0-2b36-4ec0-8a09-ceac75d91a36@group-38280CCDE2DB-LeaderElection28 PRE_VOTE round 0: submit vote requests at term 0 for conf: {index: -1, cur=peers:[7bb0e7f0-2b36-4ec0-8a09-ceac75d91a36|127.0.0.1:15071]|listeners:[], old=null}
2025-10-20 19:49:59,271 [7bb0e7f0-2b36-4ec0-8a09-ceac75d91a36@group-38280CCDE2DB-LeaderElection28] INFO  impl.LeaderElection (LeaderElection.java:askForVotes(450)) - 7bb0e7f0-2b36-4ec0-8a09-ceac75d91a36@group-38280CCDE2DB-LeaderElection28 PRE_VOTE round 0: result PASSED (term=0)
2025-10-20 19:49:59,272 [7bb0e7f0-2b36-4ec0-8a09-ceac75d91a36@group-38280CCDE2DB-LeaderElection28] INFO  impl.LeaderElection (LeaderElection.java:askForVotes(448)) - 7bb0e7f0-2b36-4ec0-8a09-ceac75d91a36@group-38280CCDE2DB-LeaderElection28 ELECTION round 0: submit vote requests at term 1 for conf: {index: -1, cur=peers:[7bb0e7f0-2b36-4ec0-8a09-ceac75d91a36|127.0.0.1:15071]|listeners:[], old=null}
2025-10-20 19:49:59,272 [7bb0e7f0-2b36-4ec0-8a09-ceac75d91a36@group-38280CCDE2DB-LeaderElection28] INFO  impl.LeaderElection (LeaderElection.java:askForVotes(450)) - 7bb0e7f0-2b36-4ec0-8a09-ceac75d91a36@group-38280CCDE2DB-LeaderElection28 ELECTION round 0: result PASSED (term=1)
2025-10-20 19:49:59,272 [7bb0e7f0-2b36-4ec0-8a09-ceac75d91a36@group-38280CCDE2DB-LeaderElection28] INFO  impl.RoleInfo (RoleInfo.java:shutdownLeaderElection(141)) - 7bb0e7f0-2b36-4ec0-8a09-ceac75d91a36: shutdown 7bb0e7f0-2b36-4ec0-8a09-ceac75d91a36@group-38280CCDE2DB-LeaderElection28
2025-10-20 19:49:59,272 [7bb0e7f0-2b36-4ec0-8a09-ceac75d91a36@group-38280CCDE2DB-LeaderElection28] INFO  server.RaftServer$Division (RaftServerImpl.java:setRole(392)) - 7bb0e7f0-2b36-4ec0-8a09-ceac75d91a36@group-38280CCDE2DB: changes role from CANDIDATE to LEADER at term 1 for changeToLeader
2025-10-20 19:49:59,272 [7bb0e7f0-2b36-4ec0-8a09-ceac75d91a36@group-38280CCDE2DB-LeaderElection28] INFO  server.RaftServerConfigKeys (ConfUtils.java:logFallback(69)) - raft.server.staging.timeout = 15600ms (fallback to raft.server.rpc.timeout.max)
2025-10-20 19:49:59,272 [7bb0e7f0-2b36-4ec0-8a09-ceac75d91a36@group-38280CCDE2DB-LeaderElection28] INFO  server.RaftServerConfigKeys (ConfUtils.java:logGet(62)) - raft.server.write.byte-limit = 1024 M (=1073741824) (custom)
2025-10-20 19:49:59,273 [7bb0e7f0-2b36-4ec0-8a09-ceac75d91a36@group-38280CCDE2DB-LeaderElection28] INFO  impl.RoleInfo (RoleInfo.java:updateAndGet(148)) - 7bb0e7f0-2b36-4ec0-8a09-ceac75d91a36: start 7bb0e7f0-2b36-4ec0-8a09-ceac75d91a36@group-38280CCDE2DB-LeaderStateImpl
2025-10-20 19:49:59,273 [7bb0e7f0-2b36-4ec0-8a09-ceac75d91a36@group-38280CCDE2DB-LeaderElection28] INFO  server.RaftServer$Division (RaftServerImpl.java:setFirstElection(576)) - 7bb0e7f0-2b36-4ec0-8a09-ceac75d91a36@group-38280CCDE2DB: set firstElectionSinceStartup to false for becomeLeader
2025-10-20 19:49:59,273 [7bb0e7f0-2b36-4ec0-8a09-ceac75d91a36@group-38280CCDE2DB-LeaderElection28] INFO  ratis.XceiverServerRatis (XceiverServerRatis.java:handleLeaderChangedNotification(940)) - Leader change notification received for group: group-38280CCDE2DB with new leaderId: 7bb0e7f0-2b36-4ec0-8a09-ceac75d91a36
2025-10-20 19:49:59,273 [7bb0e7f0-2b36-4ec0-8a09-ceac75d91a36@group-38280CCDE2DB-LeaderElection28] INFO  server.RaftServer$Division (ServerState.java:setLeader(272)) - 7bb0e7f0-2b36-4ec0-8a09-ceac75d91a36@group-38280CCDE2DB: change Leader from null to 7bb0e7f0-2b36-4ec0-8a09-ceac75d91a36 at term 1 for becomeLeader, leader elected after 1158ms
2025-10-20 19:49:59,274 [7bb0e7f0-2b36-4ec0-8a09-ceac75d91a36@group-38280CCDE2DB-LeaderElection28] INFO  segmented.SegmentedRaftLogWorker (SegmentedRaftLogWorker.java:startLogSegment(440)) - 7bb0e7f0-2b36-4ec0-8a09-ceac75d91a36@group-38280CCDE2DB-SegmentedRaftLogWorker: Starting segment from index:0
2025-10-20 19:49:59,274 [7bb0e7f0-2b36-4ec0-8a09-ceac75d91a36@group-38280CCDE2DB-SegmentedRaftLogWorker] INFO  segmented.BufferedWriteChannel (BufferedWriteChannel.java:open(61)) - open log_inprogress_0 at position 0
2025-10-20 19:49:59,274 [7bb0e7f0-2b36-4ec0-8a09-ceac75d91a36@group-38280CCDE2DB-LeaderElection28] INFO  server.RaftServer$Division (ServerState.java:setRaftConf(386)) - 7bb0e7f0-2b36-4ec0-8a09-ceac75d91a36@group-38280CCDE2DB: set configuration conf: {index: 0, cur=peers:[7bb0e7f0-2b36-4ec0-8a09-ceac75d91a36|127.0.0.1:15071]|listeners:[], old=null}
2025-10-20 19:49:59,275 | INFO  | SCMAudit | user=runner | ip=127.0.0.1 | op=SEND_HEARTBEAT {"datanodeUUID":"7bb0e7f0-2b36-4ec0-8a09-ceac75d91a36","term":"2","command":"[]"} | ret=SUCCESS |  
2025-10-20 19:49:59,278 [7bb0e7f0-2b36-4ec0-8a09-ceac75d91a36@group-38280CCDE2DB-SegmentedRaftLogWorker] INFO  segmented.SegmentedRaftLogWorker (SegmentedRaftLogWorker.java:execute(647)) - 7bb0e7f0-2b36-4ec0-8a09-ceac75d91a36@group-38280CCDE2DB-SegmentedRaftLogWorker: created new log segment /home/runner/work/ozone/ozone/hadoop-ozone/integration-test/target/test-dir/MiniOzoneClusterImpl-6935df51-69ff-4c35-8bd4-ed2b81d70e54/ozone-metadata/datanode-8/ratis/22bb0523-13ed-4c6b-b8b0-38280ccde2db/current/log_inprogress_0
2025-10-20 19:49:59,280 [7bb0e7f0-2b36-4ec0-8a09-ceac75d91a36@group-38280CCDE2DB-StateMachineUpdater] INFO  server.RaftServer$Division (LeaderStateImpl.java:checkStartIndex(309)) - Leader 7bb0e7f0-2b36-4ec0-8a09-ceac75d91a36@group-38280CCDE2DB-LeaderStateImpl is ready since appliedIndex == startIndex == 0
2025-10-20 19:49:59,383 | INFO  | SCMAudit | user=runner | ip=127.0.0.1 | op=SEND_HEARTBEAT {"datanodeUUID":"e05592a5-d00f-4fc1-9e39-a968c1ecb04e","term":"2","command":"[]"} | ret=SUCCESS |  
2025-10-20 19:49:59,524 | INFO  | SCMAudit | user=runner | ip=127.0.0.1 | op=SEND_HEARTBEAT {"datanodeUUID":"af0e5da1-57af-45e9-9aca-fa0798d05628","term":"2","command":"[]"} | ret=SUCCESS |  
2025-10-20 19:49:59,527 [38991c48-ffb3-4453-b758-77d6b4ebc62b-CreatePipelineCommandHandlerThread-0] INFO  server.RaftServer (RaftServerProxy.java:addNew(105)) - 38991c48-ffb3-4453-b758-77d6b4ebc62b: addNew group-0EB63CF54958:[38991c48-ffb3-4453-b758-77d6b4ebc62b|127.0.0.1:15119] returns group-0EB63CF54958:java.util.concurrent.CompletableFuture@1728bd0e[Not completed]
2025-10-20 19:49:59,528 [38991c48-ffb3-4453-b758-77d6b4ebc62b-groupManagement] INFO  server.RaftServer$Division (RaftServerImpl.java:<init>(268)) - 38991c48-ffb3-4453-b758-77d6b4ebc62b: new RaftServerImpl for group-0EB63CF54958:[38991c48-ffb3-4453-b758-77d6b4ebc62b|127.0.0.1:15119] with ContainerStateMachine:uninitialized
2025-10-20 19:49:59,528 [38991c48-ffb3-4453-b758-77d6b4ebc62b-groupManagement] INFO  server.RaftServer$Division (ServerState.java:<init>(114)) - 38991c48-ffb3-4453-b758-77d6b4ebc62b@group-0EB63CF54958: ConfigurationManager, init=conf: {index: -1, cur=peers:[38991c48-ffb3-4453-b758-77d6b4ebc62b|127.0.0.1:15119]|listeners:[], old=null}, confs=<EMPTY_MAP>
2025-10-20 19:49:59,528 | INFO  | SCMAudit | user=runner | ip=127.0.0.1 | op=SEND_HEARTBEAT {"datanodeUUID":"38991c48-ffb3-4453-b758-77d6b4ebc62b","term":"2","command":"[]"} | ret=SUCCESS |  
2025-10-20 19:49:59,532 [38991c48-ffb3-4453-b758-77d6b4ebc62b-groupManagement] INFO  server.RaftServerConfigKeys (ConfUtils.java:logGet(62)) - raft.server.storage.dir = [/home/runner/work/ozone/ozone/hadoop-ozone/integration-test/target/test-dir/MiniOzoneClusterImpl-6935df51-69ff-4c35-8bd4-ed2b81d70e54/ozone-metadata/datanode-14/ratis] (custom)
2025-10-20 19:49:59,532 [38991c48-ffb3-4453-b758-77d6b4ebc62b-groupManagement] INFO  storage.RaftStorageDirectory (RaftStorageDirectoryImpl.java:analyzeStorage(138)) - The storage directory /home/runner/work/ozone/ozone/hadoop-ozone/integration-test/target/test-dir/MiniOzoneClusterImpl-6935df51-69ff-4c35-8bd4-ed2b81d70e54/ozone-metadata/datanode-14/ratis/21de1bf8-cba7-4ac9-8f59-0eb63cf54958 does not exist. Creating ...
2025-10-20 19:49:59,533 [38991c48-ffb3-4453-b758-77d6b4ebc62b-groupManagement] INFO  storage.RaftStorageDirectory (RaftStorageDirectoryImpl.java:tryLock(229)) - Lock on /home/runner/work/ozone/ozone/hadoop-ozone/integration-test/target/test-dir/MiniOzoneClusterImpl-6935df51-69ff-4c35-8bd4-ed2b81d70e54/ozone-metadata/datanode-14/ratis/21de1bf8-cba7-4ac9-8f59-0eb63cf54958/in_use.lock acquired by nodename 12924@localhost
2025-10-20 19:49:59,533 [38991c48-ffb3-4453-b758-77d6b4ebc62b-groupManagement] INFO  storage.RaftStorage (RaftStorageImpl.java:format(98)) - Storage directory /home/runner/work/ozone/ozone/hadoop-ozone/integration-test/target/test-dir/MiniOzoneClusterImpl-6935df51-69ff-4c35-8bd4-ed2b81d70e54/ozone-metadata/datanode-14/ratis/21de1bf8-cba7-4ac9-8f59-0eb63cf54958 has been successfully formatted.
2025-10-20 19:49:59,534 [38991c48-ffb3-4453-b758-77d6b4ebc62b-groupManagement] INFO  ratis.ContainerStateMachine (ContainerStateMachine.java:initialize(339)) - 38991c48-ffb3-4453-b758-77d6b4ebc62b: initialize group-0EB63CF54958
2025-10-20 19:49:59,534 [38991c48-ffb3-4453-b758-77d6b4ebc62b-groupManagement] INFO  ratis.ContainerStateMachine (ContainerStateMachine.java:loadSnapshot(347)) - group-0EB63CF54958: The snapshot info is null. Setting the last applied index to:<INITIAL_VALUE>
2025-10-20 19:49:59,534 [38991c48-ffb3-4453-b758-77d6b4ebc62b-groupManagement] INFO  server.RaftServerConfigKeys (ConfUtils.java:logGet(62)) - raft.server.log.appender.buffer.byte-limit = 33554432 (custom)
2025-10-20 19:49:59,535 | INFO  | SCMAudit | user=runner | ip=127.0.0.1 | op=SEND_HEARTBEAT {"datanodeUUID":"38991c48-ffb3-4453-b758-77d6b4ebc62b","term":"2","command":"[]"} | ret=SUCCESS |  
2025-10-20 19:49:59,536 [38991c48-ffb3-4453-b758-77d6b4ebc62b-groupManagement] INFO  server.RaftServerConfigKeys (ConfUtils.java:logGet(62)) - raft.server.log.segment.size.max = 67108864 (custom)
2025-10-20 19:49:59,536 [38991c48-ffb3-4453-b758-77d6b4ebc62b-groupManagement] INFO  server.RaftServerConfigKeys (ConfUtils.java:logGet(62)) - raft.server.log.appender.buffer.byte-limit = 33554432 (custom)
2025-10-20 19:49:59,537 [38991c48-ffb3-4453-b758-77d6b4ebc62b-groupManagement] INFO  util.AwaitToRun (AwaitToRun.java:start(81)) - Thread[#1863,38991c48-ffb3-4453-b758-77d6b4ebc62b@group-0EB63CF54958-cacheEviction-AwaitToRun,5,main] started
2025-10-20 19:49:59,537 [38991c48-ffb3-4453-b758-77d6b4ebc62b-groupManagement] INFO  segmented.SegmentedRaftLogWorker (SegmentedRaftLogWorker.java:<init>(190)) - new 38991c48-ffb3-4453-b758-77d6b4ebc62b@group-0EB63CF54958-SegmentedRaftLogWorker for RaftStorageImpl:Storage Directory /home/runner/work/ozone/ozone/hadoop-ozone/integration-test/target/test-dir/MiniOzoneClusterImpl-6935df51-69ff-4c35-8bd4-ed2b81d70e54/ozone-metadata/datanode-14/ratis/21de1bf8-cba7-4ac9-8f59-0eb63cf54958
2025-10-20 19:49:59,537 [38991c48-ffb3-4453-b758-77d6b4ebc62b-groupManagement] INFO  server.RaftServerConfigKeys (ConfUtils.java:logGet(62)) - raft.server.log.queue.byte-limit = 4294967296 (custom)
2025-10-20 19:49:59,537 [38991c48-ffb3-4453-b758-77d6b4ebc62b-groupManagement] INFO  server.RaftServerConfigKeys (ConfUtils.java:logGet(62)) - raft.server.log.segment.size.max = 67108864 (custom)
2025-10-20 19:49:59,537 [38991c48-ffb3-4453-b758-77d6b4ebc62b-groupManagement] INFO  server.RaftServerConfigKeys (ConfUtils.java:logGet(62)) - raft.server.log.preallocated.size = 4194304 (custom)
2025-10-20 19:49:59,537 [EventQueue-PipelineReportForPipelineReportHandler] INFO  pipeline.PipelineReportHandler (PipelineReportHandler.java:processPipelineReport(132)) - Opened pipeline Pipeline-21de1bf8-cba7-4ac9-8f59-0eb63cf54958
2025-10-20 19:49:59,537 [38991c48-ffb3-4453-b758-77d6b4ebc62b-groupManagement] INFO  server.RaftServerConfigKeys (ConfUtils.java:logGet(62)) - raft.server.log.write.buffer.size = 33554440 (custom)
2025-10-20 19:49:59,544 [38991c48-ffb3-4453-b758-77d6b4ebc62b-groupManagement] INFO  server.RaftServerConfigKeys (ConfUtils.java:logGet(62)) - raft.server.log.appender.buffer.byte-limit = 33554432 (custom)
2025-10-20 19:49:59,544 [38991c48-ffb3-4453-b758-77d6b4ebc62b-groupManagement] INFO  segmented.SegmentedRaftLogWorker (SegmentedRaftLogWorker.java:lambda$new$0(141)) - 38991c48-ffb3-4453-b758-77d6b4ebc62b@group-0EB63CF54958-SegmentedRaftLogWorker: flushIndex: setUnconditionally 0 -> -1
2025-10-20 19:49:59,544 [38991c48-ffb3-4453-b758-77d6b4ebc62b-groupManagement] INFO  segmented.SegmentedRaftLogWorker (SegmentedRaftLogWorker.java:lambda$new$0(141)) - 38991c48-ffb3-4453-b758-77d6b4ebc62b@group-0EB63CF54958-SegmentedRaftLogWorker: safeCacheEvictIndex: setUnconditionally 0 -> -1
2025-10-20 19:49:59,544 [38991c48-ffb3-4453-b758-77d6b4ebc62b-groupManagement] INFO  server.RaftServer$Division (RaftServerImpl.java:start(405)) - 38991c48-ffb3-4453-b758-77d6b4ebc62b@group-0EB63CF54958: start as a follower, conf=conf: {index: -1, cur=peers:[38991c48-ffb3-4453-b758-77d6b4ebc62b|127.0.0.1:15119]|listeners:[], old=null}
2025-10-20 19:49:59,545 [38991c48-ffb3-4453-b758-77d6b4ebc62b-groupManagement] INFO  server.RaftServer$Division (RaftServerImpl.java:setRole(392)) - 38991c48-ffb3-4453-b758-77d6b4ebc62b@group-0EB63CF54958: changes role from      null to FOLLOWER at term 0 for startAsFollower
2025-10-20 19:49:59,545 [38991c48-ffb3-4453-b758-77d6b4ebc62b-groupManagement] INFO  impl.RoleInfo (RoleInfo.java:updateAndGet(148)) - 38991c48-ffb3-4453-b758-77d6b4ebc62b: start 38991c48-ffb3-4453-b758-77d6b4ebc62b@group-0EB63CF54958-FollowerState
2025-10-20 19:49:59,545 [38991c48-ffb3-4453-b758-77d6b4ebc62b-groupManagement] INFO  util.JmxRegister (JmxRegister.java:tryRegister(44)) - Successfully registered JMX Bean with object name Ratis:service=RaftServer,group=group-0EB63CF54958,id=38991c48-ffb3-4453-b758-77d6b4ebc62b
2025-10-20 19:49:59,545 [38991c48-ffb3-4453-b758-77d6b4ebc62b-groupManagement] INFO  util.JmxRegister (JmxRegister.java:register(58)) - register mxBean class org.apache.ratis.server.impl.RaftServerJmxAdapter as Ratis:service=RaftServer,group=group-0EB63CF54958,id=38991c48-ffb3-4453-b758-77d6b4ebc62b
2025-10-20 19:49:59,546 [38991c48-ffb3-4453-b758-77d6b4ebc62b-groupManagement] INFO  server.RaftServer$Division (RaftServerImpl.java:start(419)) - 38991c48-ffb3-4453-b758-77d6b4ebc62b@group-0EB63CF54958: Successfully started.
2025-10-20 19:49:59,546 [38991c48-ffb3-4453-b758-77d6b4ebc62b-CreatePipelineCommandHandlerThread-0] INFO  ratis.XceiverServerRatis (XceiverServerRatis.java:addGroup(839)) - Created group Pipeline-21de1bf8-cba7-4ac9-8f59-0eb63cf54958
2025-10-20 19:49:59,546 [38991c48-ffb3-4453-b758-77d6b4ebc62b-CreatePipelineCommandHandlerThread-0] INFO  commandhandler.CreatePipelineCommandHandler (CreatePipelineCommandHandler.java:lambda$handle$2(141)) - Created Pipeline RATIS ONE Pipeline-21de1bf8-cba7-4ac9-8f59-0eb63cf54958.
2025-10-20 19:49:59,567 | INFO  | SCMAudit | user=runner | ip=127.0.0.1 | op=SEND_HEARTBEAT {"datanodeUUID":"33f74daf-be7a-4306-b2af-53e409c4cb93","term":"2","command":"[]"} | ret=SUCCESS |  
2025-10-20 19:49:59,739 [33f74daf-be7a-4306-b2af-53e409c4cb93@group-8E8D9A2D6271-FollowerState] INFO  impl.FollowerState (FollowerState.java:runImpl(161)) - 33f74daf-be7a-4306-b2af-53e409c4cb93@group-8E8D9A2D6271-FollowerState: change to CANDIDATE, lastRpcElapsedTime:1158582258ns, electionTimeout:1158ms
2025-10-20 19:49:59,739 [33f74daf-be7a-4306-b2af-53e409c4cb93@group-8E8D9A2D6271-FollowerState] INFO  impl.RoleInfo (RoleInfo.java:shutdownFollowerState(121)) - 33f74daf-be7a-4306-b2af-53e409c4cb93: shutdown 33f74daf-be7a-4306-b2af-53e409c4cb93@group-8E8D9A2D6271-FollowerState
2025-10-20 19:49:59,740 [33f74daf-be7a-4306-b2af-53e409c4cb93@group-8E8D9A2D6271-FollowerState] INFO  server.RaftServer$Division (RaftServerImpl.java:setRole(392)) - 33f74daf-be7a-4306-b2af-53e409c4cb93@group-8E8D9A2D6271: changes role from  FOLLOWER to CANDIDATE at term 0 for changeToCandidate
2025-10-20 19:49:59,740 [33f74daf-be7a-4306-b2af-53e409c4cb93@group-8E8D9A2D6271-FollowerState] INFO  impl.RoleInfo (RoleInfo.java:updateAndGet(148)) - 33f74daf-be7a-4306-b2af-53e409c4cb93: start 33f74daf-be7a-4306-b2af-53e409c4cb93@group-8E8D9A2D6271-LeaderElection29
2025-10-20 19:49:59,743 [33f74daf-be7a-4306-b2af-53e409c4cb93@group-8E8D9A2D6271-LeaderElection29] INFO  impl.LeaderElection (LeaderElection.java:askForVotes(448)) - 33f74daf-be7a-4306-b2af-53e409c4cb93@group-8E8D9A2D6271-LeaderElection29 PRE_VOTE round 0: submit vote requests at term 0 for conf: {index: -1, cur=peers:[33f74daf-be7a-4306-b2af-53e409c4cb93|127.0.0.1:15087]|listeners:[], old=null}
2025-10-20 19:49:59,743 [33f74daf-be7a-4306-b2af-53e409c4cb93@group-8E8D9A2D6271-LeaderElection29] INFO  impl.LeaderElection (LeaderElection.java:askForVotes(450)) - 33f74daf-be7a-4306-b2af-53e409c4cb93@group-8E8D9A2D6271-LeaderElection29 PRE_VOTE round 0: result PASSED (term=0)
2025-10-20 19:49:59,744 [33f74daf-be7a-4306-b2af-53e409c4cb93@group-8E8D9A2D6271-LeaderElection29] INFO  impl.LeaderElection (LeaderElection.java:askForVotes(448)) - 33f74daf-be7a-4306-b2af-53e409c4cb93@group-8E8D9A2D6271-LeaderElection29 ELECTION round 0: submit vote requests at term 1 for conf: {index: -1, cur=peers:[33f74daf-be7a-4306-b2af-53e409c4cb93|127.0.0.1:15087]|listeners:[], old=null}
2025-10-20 19:49:59,744 [33f74daf-be7a-4306-b2af-53e409c4cb93@group-8E8D9A2D6271-LeaderElection29] INFO  impl.LeaderElection (LeaderElection.java:askForVotes(450)) - 33f74daf-be7a-4306-b2af-53e409c4cb93@group-8E8D9A2D6271-LeaderElection29 ELECTION round 0: result PASSED (term=1)
2025-10-20 19:49:59,745 [33f74daf-be7a-4306-b2af-53e409c4cb93@group-8E8D9A2D6271-LeaderElection29] INFO  impl.RoleInfo (RoleInfo.java:shutdownLeaderElection(141)) - 33f74daf-be7a-4306-b2af-53e409c4cb93: shutdown 33f74daf-be7a-4306-b2af-53e409c4cb93@group-8E8D9A2D6271-LeaderElection29
2025-10-20 19:49:59,745 [33f74daf-be7a-4306-b2af-53e409c4cb93@group-8E8D9A2D6271-LeaderElection29] INFO  server.RaftServer$Division (RaftServerImpl.java:setRole(392)) - 33f74daf-be7a-4306-b2af-53e409c4cb93@group-8E8D9A2D6271: changes role from CANDIDATE to LEADER at term 1 for changeToLeader
2025-10-20 19:49:59,746 [33f74daf-be7a-4306-b2af-53e409c4cb93@group-8E8D9A2D6271-LeaderElection29] INFO  server.RaftServerConfigKeys (ConfUtils.java:logFallback(69)) - raft.server.staging.timeout = 15600ms (fallback to raft.server.rpc.timeout.max)
2025-10-20 19:49:59,747 [33f74daf-be7a-4306-b2af-53e409c4cb93@group-8E8D9A2D6271-LeaderElection29] INFO  server.RaftServerConfigKeys (ConfUtils.java:logGet(62)) - raft.server.write.byte-limit = 1024 M (=1073741824) (custom)
2025-10-20 19:49:59,749 [33f74daf-be7a-4306-b2af-53e409c4cb93@group-8E8D9A2D6271-LeaderElection29] INFO  impl.RoleInfo (RoleInfo.java:updateAndGet(148)) - 33f74daf-be7a-4306-b2af-53e409c4cb93: start 33f74daf-be7a-4306-b2af-53e409c4cb93@group-8E8D9A2D6271-LeaderStateImpl
2025-10-20 19:49:59,750 [33f74daf-be7a-4306-b2af-53e409c4cb93@group-8E8D9A2D6271-LeaderElection29] INFO  server.RaftServer$Division (RaftServerImpl.java:setFirstElection(576)) - 33f74daf-be7a-4306-b2af-53e409c4cb93@group-8E8D9A2D6271: set firstElectionSinceStartup to false for becomeLeader
2025-10-20 19:49:59,751 [33f74daf-be7a-4306-b2af-53e409c4cb93@group-8E8D9A2D6271-LeaderElection29] INFO  ratis.XceiverServerRatis (XceiverServerRatis.java:handleLeaderChangedNotification(940)) - Leader change notification received for group: group-8E8D9A2D6271 with new leaderId: 33f74daf-be7a-4306-b2af-53e409c4cb93
2025-10-20 19:49:59,751 [33f74daf-be7a-4306-b2af-53e409c4cb93@group-8E8D9A2D6271-LeaderElection29] INFO  server.RaftServer$Division (ServerState.java:setLeader(272)) - 33f74daf-be7a-4306-b2af-53e409c4cb93@group-8E8D9A2D6271: change Leader from null to 33f74daf-be7a-4306-b2af-53e409c4cb93 at term 1 for becomeLeader, leader elected after 1192ms
2025-10-20 19:49:59,751 [33f74daf-be7a-4306-b2af-53e409c4cb93@group-8E8D9A2D6271-LeaderElection29] INFO  segmented.SegmentedRaftLogWorker (SegmentedRaftLogWorker.java:startLogSegment(440)) - 33f74daf-be7a-4306-b2af-53e409c4cb93@group-8E8D9A2D6271-SegmentedRaftLogWorker: Starting segment from index:0
2025-10-20 19:49:59,751 [33f74daf-be7a-4306-b2af-53e409c4cb93@group-8E8D9A2D6271-LeaderElection29] INFO  server.RaftServer$Division (ServerState.java:setRaftConf(386)) - 33f74daf-be7a-4306-b2af-53e409c4cb93@group-8E8D9A2D6271: set configuration conf: {index: 0, cur=peers:[33f74daf-be7a-4306-b2af-53e409c4cb93|127.0.0.1:15087]|listeners:[], old=null}
2025-10-20 19:49:59,753 [33f74daf-be7a-4306-b2af-53e409c4cb93@group-8E8D9A2D6271-SegmentedRaftLogWorker] INFO  segmented.BufferedWriteChannel (BufferedWriteChannel.java:open(61)) - open log_inprogress_0 at position 0
2025-10-20 19:49:59,756 | INFO  | SCMAudit | user=runner | ip=127.0.0.1 | op=SEND_HEARTBEAT {"datanodeUUID":"33f74daf-be7a-4306-b2af-53e409c4cb93","term":"2","command":"[]"} | ret=SUCCESS |  
2025-10-20 19:49:59,761 [33f74daf-be7a-4306-b2af-53e409c4cb93@group-8E8D9A2D6271-SegmentedRaftLogWorker] INFO  segmented.SegmentedRaftLogWorker (SegmentedRaftLogWorker.java:execute(647)) - 33f74daf-be7a-4306-b2af-53e409c4cb93@group-8E8D9A2D6271-SegmentedRaftLogWorker: created new log segment /home/runner/work/ozone/ozone/hadoop-ozone/integration-test/target/test-dir/MiniOzoneClusterImpl-6935df51-69ff-4c35-8bd4-ed2b81d70e54/ozone-metadata/datanode-10/ratis/ae22d26e-ff63-40aa-9518-8e8d9a2d6271/current/log_inprogress_0
2025-10-20 19:49:59,766 [33f74daf-be7a-4306-b2af-53e409c4cb93@group-8E8D9A2D6271-StateMachineUpdater] INFO  server.RaftServer$Division (LeaderStateImpl.java:checkStartIndex(309)) - Leader 33f74daf-be7a-4306-b2af-53e409c4cb93@group-8E8D9A2D6271-LeaderStateImpl is ready since appliedIndex == startIndex == 0
2025-10-20 19:49:59,781 | INFO  | SCMAudit | user=runner | ip=127.0.0.1 | op=SEND_HEARTBEAT {"datanodeUUID":"b614738c-cdff-4f09-bf59-ed5bb75d51be","term":"2","command":"[]"} | ret=SUCCESS |  
2025-10-20 19:49:59,814 | INFO  | SCMAudit | user=runner | ip=127.0.0.1 | op=SEND_HEARTBEAT {"datanodeUUID":"ef67b0a7-5b27-496d-9f38-ab804a28e500","term":"2","command":"[]"} | ret=SUCCESS |  
2025-10-20 19:49:59,961 | INFO  | SCMAudit | user=runner | ip=127.0.0.1 | op=SEND_HEARTBEAT {"datanodeUUID":"cc7fbe85-1d98-437b-84f9-04213fee10f0","term":"2","command":"[]"} | ret=SUCCESS |  
2025-10-20 19:50:00,027 | INFO  | SCMAudit | user=runner | ip=127.0.0.1 | op=SEND_HEARTBEAT {"datanodeUUID":"605be85e-a7f4-44d7-8cfd-f53001b990b0","term":"2","command":"[]"} | ret=SUCCESS |  
2025-10-20 19:50:00,064 [d7d8cf72-b9f6-4979-9c53-007dd6e6e48a@group-D01BCEB53DB7-FollowerState] INFO  impl.FollowerState (FollowerState.java:runImpl(161)) - d7d8cf72-b9f6-4979-9c53-007dd6e6e48a@group-D01BCEB53DB7-FollowerState: change to CANDIDATE, lastRpcElapsedTime:1007336021ns, electionTimeout:1007ms
2025-10-20 19:50:00,064 [d7d8cf72-b9f6-4979-9c53-007dd6e6e48a@group-D01BCEB53DB7-FollowerState] INFO  impl.RoleInfo (RoleInfo.java:shutdownFollowerState(121)) - d7d8cf72-b9f6-4979-9c53-007dd6e6e48a: shutdown d7d8cf72-b9f6-4979-9c53-007dd6e6e48a@group-D01BCEB53DB7-FollowerState
2025-10-20 19:50:00,064 [d7d8cf72-b9f6-4979-9c53-007dd6e6e48a@group-D01BCEB53DB7-FollowerState] INFO  server.RaftServer$Division (RaftServerImpl.java:setRole(392)) - d7d8cf72-b9f6-4979-9c53-007dd6e6e48a@group-D01BCEB53DB7: changes role from  FOLLOWER to CANDIDATE at term 0 for changeToCandidate
2025-10-20 19:50:00,064 [d7d8cf72-b9f6-4979-9c53-007dd6e6e48a@group-D01BCEB53DB7-FollowerState] INFO  impl.RoleInfo (RoleInfo.java:updateAndGet(148)) - d7d8cf72-b9f6-4979-9c53-007dd6e6e48a: start d7d8cf72-b9f6-4979-9c53-007dd6e6e48a@group-D01BCEB53DB7-LeaderElection30
2025-10-20 19:50:00,065 [d7d8cf72-b9f6-4979-9c53-007dd6e6e48a@group-D01BCEB53DB7-LeaderElection30] INFO  impl.LeaderElection (LeaderElection.java:askForVotes(448)) - d7d8cf72-b9f6-4979-9c53-007dd6e6e48a@group-D01BCEB53DB7-LeaderElection30 PRE_VOTE round 0: submit vote requests at term 0 for conf: {index: -1, cur=peers:[d7d8cf72-b9f6-4979-9c53-007dd6e6e48a|127.0.0.1:15103]|listeners:[], old=null}
2025-10-20 19:50:00,065 [d7d8cf72-b9f6-4979-9c53-007dd6e6e48a@group-D01BCEB53DB7-LeaderElection30] INFO  impl.LeaderElection (LeaderElection.java:askForVotes(450)) - d7d8cf72-b9f6-4979-9c53-007dd6e6e48a@group-D01BCEB53DB7-LeaderElection30 PRE_VOTE round 0: result PASSED (term=0)
2025-10-20 19:50:00,066 [d7d8cf72-b9f6-4979-9c53-007dd6e6e48a@group-D01BCEB53DB7-LeaderElection30] INFO  impl.LeaderElection (LeaderElection.java:askForVotes(448)) - d7d8cf72-b9f6-4979-9c53-007dd6e6e48a@group-D01BCEB53DB7-LeaderElection30 ELECTION round 0: submit vote requests at term 1 for conf: {index: -1, cur=peers:[d7d8cf72-b9f6-4979-9c53-007dd6e6e48a|127.0.0.1:15103]|listeners:[], old=null}
2025-10-20 19:50:00,066 [d7d8cf72-b9f6-4979-9c53-007dd6e6e48a@group-D01BCEB53DB7-LeaderElection30] INFO  impl.LeaderElection (LeaderElection.java:askForVotes(450)) - d7d8cf72-b9f6-4979-9c53-007dd6e6e48a@group-D01BCEB53DB7-LeaderElection30 ELECTION round 0: result PASSED (term=1)
2025-10-20 19:50:00,066 [d7d8cf72-b9f6-4979-9c53-007dd6e6e48a@group-D01BCEB53DB7-LeaderElection30] INFO  impl.RoleInfo (RoleInfo.java:shutdownLeaderElection(141)) - d7d8cf72-b9f6-4979-9c53-007dd6e6e48a: shutdown d7d8cf72-b9f6-4979-9c53-007dd6e6e48a@group-D01BCEB53DB7-LeaderElection30
2025-10-20 19:50:00,066 [d7d8cf72-b9f6-4979-9c53-007dd6e6e48a@group-D01BCEB53DB7-LeaderElection30] INFO  server.RaftServer$Division (RaftServerImpl.java:setRole(392)) - d7d8cf72-b9f6-4979-9c53-007dd6e6e48a@group-D01BCEB53DB7: changes role from CANDIDATE to LEADER at term 1 for changeToLeader
2025-10-20 19:50:00,066 [d7d8cf72-b9f6-4979-9c53-007dd6e6e48a@group-D01BCEB53DB7-LeaderElection30] INFO  server.RaftServerConfigKeys (ConfUtils.java:logFallback(69)) - raft.server.staging.timeout = 15600ms (fallback to raft.server.rpc.timeout.max)
2025-10-20 19:50:00,067 [d7d8cf72-b9f6-4979-9c53-007dd6e6e48a@group-D01BCEB53DB7-LeaderElection30] INFO  server.RaftServerConfigKeys (ConfUtils.java:logGet(62)) - raft.server.write.byte-limit = 1024 M (=1073741824) (custom)
2025-10-20 19:50:00,067 [d7d8cf72-b9f6-4979-9c53-007dd6e6e48a@group-D01BCEB53DB7-LeaderElection30] INFO  impl.RoleInfo (RoleInfo.java:updateAndGet(148)) - d7d8cf72-b9f6-4979-9c53-007dd6e6e48a: start d7d8cf72-b9f6-4979-9c53-007dd6e6e48a@group-D01BCEB53DB7-LeaderStateImpl
2025-10-20 19:50:00,067 [d7d8cf72-b9f6-4979-9c53-007dd6e6e48a@group-D01BCEB53DB7-LeaderElection30] INFO  server.RaftServer$Division (RaftServerImpl.java:setFirstElection(576)) - d7d8cf72-b9f6-4979-9c53-007dd6e6e48a@group-D01BCEB53DB7: set firstElectionSinceStartup to false for becomeLeader
2025-10-20 19:50:00,067 [d7d8cf72-b9f6-4979-9c53-007dd6e6e48a@group-D01BCEB53DB7-LeaderElection30] INFO  ratis.XceiverServerRatis (XceiverServerRatis.java:handleLeaderChangedNotification(940)) - Leader change notification received for group: group-D01BCEB53DB7 with new leaderId: d7d8cf72-b9f6-4979-9c53-007dd6e6e48a
2025-10-20 19:50:00,068 [d7d8cf72-b9f6-4979-9c53-007dd6e6e48a@group-D01BCEB53DB7-LeaderElection30] INFO  server.RaftServer$Division (ServerState.java:setLeader(272)) - d7d8cf72-b9f6-4979-9c53-007dd6e6e48a@group-D01BCEB53DB7: change Leader from null to d7d8cf72-b9f6-4979-9c53-007dd6e6e48a at term 1 for becomeLeader, leader elected after 1046ms
2025-10-20 19:50:00,068 [d7d8cf72-b9f6-4979-9c53-007dd6e6e48a@group-D01BCEB53DB7-LeaderElection30] INFO  segmented.SegmentedRaftLogWorker (SegmentedRaftLogWorker.java:startLogSegment(440)) - d7d8cf72-b9f6-4979-9c53-007dd6e6e48a@group-D01BCEB53DB7-SegmentedRaftLogWorker: Starting segment from index:0
2025-10-20 19:50:00,068 [d7d8cf72-b9f6-4979-9c53-007dd6e6e48a@group-D01BCEB53DB7-LeaderElection30] INFO  server.RaftServer$Division (ServerState.java:setRaftConf(386)) - d7d8cf72-b9f6-4979-9c53-007dd6e6e48a@group-D01BCEB53DB7: set configuration conf: {index: 0, cur=peers:[d7d8cf72-b9f6-4979-9c53-007dd6e6e48a|127.0.0.1:15103]|listeners:[], old=null}
2025-10-20 19:50:00,068 [d7d8cf72-b9f6-4979-9c53-007dd6e6e48a@group-D01BCEB53DB7-SegmentedRaftLogWorker] INFO  segmented.BufferedWriteChannel (BufferedWriteChannel.java:open(61)) - open log_inprogress_0 at position 0
2025-10-20 19:50:00,069 | INFO  | SCMAudit | user=runner | ip=127.0.0.1 | op=SEND_HEARTBEAT {"datanodeUUID":"d7d8cf72-b9f6-4979-9c53-007dd6e6e48a","term":"2","command":"[]"} | ret=SUCCESS |  
2025-10-20 19:50:00,073 [d7d8cf72-b9f6-4979-9c53-007dd6e6e48a@group-D01BCEB53DB7-SegmentedRaftLogWorker] INFO  segmented.SegmentedRaftLogWorker (SegmentedRaftLogWorker.java:execute(647)) - d7d8cf72-b9f6-4979-9c53-007dd6e6e48a@group-D01BCEB53DB7-SegmentedRaftLogWorker: created new log segment /home/runner/work/ozone/ozone/hadoop-ozone/integration-test/target/test-dir/MiniOzoneClusterImpl-6935df51-69ff-4c35-8bd4-ed2b81d70e54/ozone-metadata/datanode-12/ratis/a4625d07-d6f5-4fad-b316-d01bceb53db7/current/log_inprogress_0
2025-10-20 19:50:00,074 [d7d8cf72-b9f6-4979-9c53-007dd6e6e48a@group-D01BCEB53DB7-StateMachineUpdater] INFO  server.RaftServer$Division (LeaderStateImpl.java:checkStartIndex(309)) - Leader d7d8cf72-b9f6-4979-9c53-007dd6e6e48a@group-D01BCEB53DB7-LeaderStateImpl is ready since appliedIndex == startIndex == 0
2025-10-20 19:50:00,156 | INFO  | SCMAudit | user=runner | ip=127.0.0.1 | op=SEND_HEARTBEAT {"datanodeUUID":"361055de-215b-4c6c-94c2-be1c1da118d1","term":"2","command":"[]"} | ret=SUCCESS |  
2025-10-20 19:50:00,158 | INFO  | SCMAudit | user=runner | ip=127.0.0.1 | op=SEND_HEARTBEAT {"datanodeUUID":"4f2bb3f5-0e03-4f1b-bb4c-79c91b98c7da","term":"2","command":"[]"} | ret=SUCCESS |  
2025-10-20 19:50:00,239 | INFO  | SCMAudit | user=runner | ip=127.0.0.1 | op=SEND_HEARTBEAT {"datanodeUUID":"feb39a1c-80cb-4714-ab06-a361236e3029","term":"2","command":"[]"} | ret=SUCCESS |  
2025-10-20 19:50:00,253 | INFO  | SCMAudit | user=runner | ip=127.0.0.1 | op=SEND_HEARTBEAT {"datanodeUUID":"c90bff1f-5a1f-42c6-8fca-9533d718c79a","term":"2","command":"[]"} | ret=SUCCESS |  
2025-10-20 19:50:00,275 | INFO  | SCMAudit | user=runner | ip=127.0.0.1 | op=SEND_HEARTBEAT {"datanodeUUID":"7bb0e7f0-2b36-4ec0-8a09-ceac75d91a36","term":"2","command":"[]"} | ret=SUCCESS |  
2025-10-20 19:50:00,383 | INFO  | SCMAudit | user=runner | ip=127.0.0.1 | op=SEND_HEARTBEAT {"datanodeUUID":"e05592a5-d00f-4fc1-9e39-a968c1ecb04e","term":"2","command":"[]"} | ret=SUCCESS |  
2025-10-20 19:50:00,441 [feb39a1c-80cb-4714-ab06-a361236e3029@group-6A52CFB43CB2-FollowerState] INFO  impl.FollowerState (FollowerState.java:runImpl(161)) - feb39a1c-80cb-4714-ab06-a361236e3029@group-6A52CFB43CB2-FollowerState: change to CANDIDATE, lastRpcElapsedTime:1190389792ns, electionTimeout:1190ms
2025-10-20 19:50:00,442 [feb39a1c-80cb-4714-ab06-a361236e3029@group-6A52CFB43CB2-FollowerState] INFO  impl.RoleInfo (RoleInfo.java:shutdownFollowerState(121)) - feb39a1c-80cb-4714-ab06-a361236e3029: shutdown feb39a1c-80cb-4714-ab06-a361236e3029@group-6A52CFB43CB2-FollowerState
2025-10-20 19:50:00,442 [feb39a1c-80cb-4714-ab06-a361236e3029@group-6A52CFB43CB2-FollowerState] INFO  server.RaftServer$Division (RaftServerImpl.java:setRole(392)) - feb39a1c-80cb-4714-ab06-a361236e3029@group-6A52CFB43CB2: changes role from  FOLLOWER to CANDIDATE at term 0 for changeToCandidate
2025-10-20 19:50:00,442 [feb39a1c-80cb-4714-ab06-a361236e3029@group-6A52CFB43CB2-FollowerState] INFO  impl.RoleInfo (RoleInfo.java:updateAndGet(148)) - feb39a1c-80cb-4714-ab06-a361236e3029: start feb39a1c-80cb-4714-ab06-a361236e3029@group-6A52CFB43CB2-LeaderElection31
2025-10-20 19:50:00,442 [feb39a1c-80cb-4714-ab06-a361236e3029@group-6A52CFB43CB2-LeaderElection31] INFO  impl.LeaderElection (LeaderElection.java:askForVotes(448)) - feb39a1c-80cb-4714-ab06-a361236e3029@group-6A52CFB43CB2-LeaderElection31 PRE_VOTE round 0: submit vote requests at term 0 for conf: {index: -1, cur=peers:[feb39a1c-80cb-4714-ab06-a361236e3029|127.0.0.1:15111]|listeners:[], old=null}
2025-10-20 19:50:00,442 [feb39a1c-80cb-4714-ab06-a361236e3029@group-6A52CFB43CB2-LeaderElection31] INFO  impl.LeaderElection (LeaderElection.java:askForVotes(450)) - feb39a1c-80cb-4714-ab06-a361236e3029@group-6A52CFB43CB2-LeaderElection31 PRE_VOTE round 0: result PASSED (term=0)
2025-10-20 19:50:00,443 [feb39a1c-80cb-4714-ab06-a361236e3029@group-6A52CFB43CB2-LeaderElection31] INFO  impl.LeaderElection (LeaderElection.java:askForVotes(448)) - feb39a1c-80cb-4714-ab06-a361236e3029@group-6A52CFB43CB2-LeaderElection31 ELECTION round 0: submit vote requests at term 1 for conf: {index: -1, cur=peers:[feb39a1c-80cb-4714-ab06-a361236e3029|127.0.0.1:15111]|listeners:[], old=null}
2025-10-20 19:50:00,443 [feb39a1c-80cb-4714-ab06-a361236e3029@group-6A52CFB43CB2-LeaderElection31] INFO  impl.LeaderElection (LeaderElection.java:askForVotes(450)) - feb39a1c-80cb-4714-ab06-a361236e3029@group-6A52CFB43CB2-LeaderElection31 ELECTION round 0: result PASSED (term=1)
2025-10-20 19:50:00,443 [feb39a1c-80cb-4714-ab06-a361236e3029@group-6A52CFB43CB2-LeaderElection31] INFO  impl.RoleInfo (RoleInfo.java:shutdownLeaderElection(141)) - feb39a1c-80cb-4714-ab06-a361236e3029: shutdown feb39a1c-80cb-4714-ab06-a361236e3029@group-6A52CFB43CB2-LeaderElection31
2025-10-20 19:50:00,444 [feb39a1c-80cb-4714-ab06-a361236e3029@group-6A52CFB43CB2-LeaderElection31] INFO  server.RaftServer$Division (RaftServerImpl.java:setRole(392)) - feb39a1c-80cb-4714-ab06-a361236e3029@group-6A52CFB43CB2: changes role from CANDIDATE to LEADER at term 1 for changeToLeader
2025-10-20 19:50:00,444 [feb39a1c-80cb-4714-ab06-a361236e3029@group-6A52CFB43CB2-LeaderElection31] INFO  server.RaftServerConfigKeys (ConfUtils.java:logFallback(69)) - raft.server.staging.timeout = 15600ms (fallback to raft.server.rpc.timeout.max)
2025-10-20 19:50:00,444 [feb39a1c-80cb-4714-ab06-a361236e3029@group-6A52CFB43CB2-LeaderElection31] INFO  server.RaftServerConfigKeys (ConfUtils.java:logGet(62)) - raft.server.write.byte-limit = 1024 M (=1073741824) (custom)
2025-10-20 19:50:00,445 [feb39a1c-80cb-4714-ab06-a361236e3029@group-6A52CFB43CB2-LeaderElection31] INFO  impl.RoleInfo (RoleInfo.java:updateAndGet(148)) - feb39a1c-80cb-4714-ab06-a361236e3029: start feb39a1c-80cb-4714-ab06-a361236e3029@group-6A52CFB43CB2-LeaderStateImpl
2025-10-20 19:50:00,445 [feb39a1c-80cb-4714-ab06-a361236e3029@group-6A52CFB43CB2-LeaderElection31] INFO  server.RaftServer$Division (RaftServerImpl.java:setFirstElection(576)) - feb39a1c-80cb-4714-ab06-a361236e3029@group-6A52CFB43CB2: set firstElectionSinceStartup to false for becomeLeader
2025-10-20 19:50:00,445 [feb39a1c-80cb-4714-ab06-a361236e3029@group-6A52CFB43CB2-LeaderElection31] INFO  ratis.XceiverServerRatis (XceiverServerRatis.java:handleLeaderChangedNotification(940)) - Leader change notification received for group: group-6A52CFB43CB2 with new leaderId: feb39a1c-80cb-4714-ab06-a361236e3029
2025-10-20 19:50:00,445 [feb39a1c-80cb-4714-ab06-a361236e3029@group-6A52CFB43CB2-LeaderElection31] INFO  server.RaftServer$Division (ServerState.java:setLeader(272)) - feb39a1c-80cb-4714-ab06-a361236e3029@group-6A52CFB43CB2: change Leader from null to feb39a1c-80cb-4714-ab06-a361236e3029 at term 1 for becomeLeader, leader elected after 1214ms
2025-10-20 19:50:00,445 [feb39a1c-80cb-4714-ab06-a361236e3029@group-6A52CFB43CB2-LeaderElection31] INFO  segmented.SegmentedRaftLogWorker (SegmentedRaftLogWorker.java:startLogSegment(440)) - feb39a1c-80cb-4714-ab06-a361236e3029@group-6A52CFB43CB2-SegmentedRaftLogWorker: Starting segment from index:0
2025-10-20 19:50:00,445 [feb39a1c-80cb-4714-ab06-a361236e3029@group-6A52CFB43CB2-LeaderElection31] INFO  server.RaftServer$Division (ServerState.java:setRaftConf(386)) - feb39a1c-80cb-4714-ab06-a361236e3029@group-6A52CFB43CB2: set configuration conf: {index: 0, cur=peers:[feb39a1c-80cb-4714-ab06-a361236e3029|127.0.0.1:15111]|listeners:[], old=null}
2025-10-20 19:50:00,446 [feb39a1c-80cb-4714-ab06-a361236e3029@group-6A52CFB43CB2-SegmentedRaftLogWorker] INFO  segmented.BufferedWriteChannel (BufferedWriteChannel.java:open(61)) - open log_inprogress_0 at position 0
2025-10-20 19:50:00,447 | INFO  | SCMAudit | user=runner | ip=127.0.0.1 | op=SEND_HEARTBEAT {"datanodeUUID":"feb39a1c-80cb-4714-ab06-a361236e3029","term":"2","command":"[]"} | ret=SUCCESS |  
2025-10-20 19:50:00,451 [feb39a1c-80cb-4714-ab06-a361236e3029@group-6A52CFB43CB2-SegmentedRaftLogWorker] INFO  segmented.SegmentedRaftLogWorker (SegmentedRaftLogWorker.java:execute(647)) - feb39a1c-80cb-4714-ab06-a361236e3029@group-6A52CFB43CB2-SegmentedRaftLogWorker: created new log segment /home/runner/work/ozone/ozone/hadoop-ozone/integration-test/target/test-dir/MiniOzoneClusterImpl-6935df51-69ff-4c35-8bd4-ed2b81d70e54/ozone-metadata/datanode-13/ratis/065e8a82-a0e8-459a-9388-6a52cfb43cb2/current/log_inprogress_0
2025-10-20 19:50:00,453 [feb39a1c-80cb-4714-ab06-a361236e3029@group-6A52CFB43CB2-StateMachineUpdater] INFO  server.RaftServer$Division (LeaderStateImpl.java:checkStartIndex(309)) - Leader feb39a1c-80cb-4714-ab06-a361236e3029@group-6A52CFB43CB2-LeaderStateImpl is ready since appliedIndex == startIndex == 0
2025-10-20 19:50:00,524 | INFO  | SCMAudit | user=runner | ip=127.0.0.1 | op=SEND_HEARTBEAT {"datanodeUUID":"af0e5da1-57af-45e9-9aca-fa0798d05628","term":"2","command":"[]"} | ret=SUCCESS |  
2025-10-20 19:50:00,535 | INFO  | SCMAudit | user=runner | ip=127.0.0.1 | op=SEND_HEARTBEAT {"datanodeUUID":"38991c48-ffb3-4453-b758-77d6b4ebc62b","term":"2","command":"[]"} | ret=SUCCESS |  
2025-10-20 19:50:00,547 [38991c48-ffb3-4453-b758-77d6b4ebc62b@group-0EB63CF54958-FollowerState] INFO  impl.FollowerState (FollowerState.java:runImpl(161)) - 38991c48-ffb3-4453-b758-77d6b4ebc62b@group-0EB63CF54958-FollowerState: change to CANDIDATE, lastRpcElapsedTime:1002372377ns, electionTimeout:1002ms
2025-10-20 19:50:00,547 [38991c48-ffb3-4453-b758-77d6b4ebc62b@group-0EB63CF54958-FollowerState] INFO  impl.RoleInfo (RoleInfo.java:shutdownFollowerState(121)) - 38991c48-ffb3-4453-b758-77d6b4ebc62b: shutdown 38991c48-ffb3-4453-b758-77d6b4ebc62b@group-0EB63CF54958-FollowerState
2025-10-20 19:50:00,547 [38991c48-ffb3-4453-b758-77d6b4ebc62b@group-0EB63CF54958-FollowerState] INFO  server.RaftServer$Division (RaftServerImpl.java:setRole(392)) - 38991c48-ffb3-4453-b758-77d6b4ebc62b@group-0EB63CF54958: changes role from  FOLLOWER to CANDIDATE at term 0 for changeToCandidate
2025-10-20 19:50:00,547 [38991c48-ffb3-4453-b758-77d6b4ebc62b@group-0EB63CF54958-FollowerState] INFO  impl.RoleInfo (RoleInfo.java:updateAndGet(148)) - 38991c48-ffb3-4453-b758-77d6b4ebc62b: start 38991c48-ffb3-4453-b758-77d6b4ebc62b@group-0EB63CF54958-LeaderElection32
2025-10-20 19:50:00,548 [38991c48-ffb3-4453-b758-77d6b4ebc62b@group-0EB63CF54958-LeaderElection32] INFO  impl.LeaderElection (LeaderElection.java:askForVotes(448)) - 38991c48-ffb3-4453-b758-77d6b4ebc62b@group-0EB63CF54958-LeaderElection32 PRE_VOTE round 0: submit vote requests at term 0 for conf: {index: -1, cur=peers:[38991c48-ffb3-4453-b758-77d6b4ebc62b|127.0.0.1:15119]|listeners:[], old=null}
2025-10-20 19:50:00,548 [38991c48-ffb3-4453-b758-77d6b4ebc62b@group-0EB63CF54958-LeaderElection32] INFO  impl.LeaderElection (LeaderElection.java:askForVotes(450)) - 38991c48-ffb3-4453-b758-77d6b4ebc62b@group-0EB63CF54958-LeaderElection32 PRE_VOTE round 0: result PASSED (term=0)
2025-10-20 19:50:00,549 [38991c48-ffb3-4453-b758-77d6b4ebc62b@group-0EB63CF54958-LeaderElection32] INFO  impl.LeaderElection (LeaderElection.java:askForVotes(448)) - 38991c48-ffb3-4453-b758-77d6b4ebc62b@group-0EB63CF54958-LeaderElection32 ELECTION round 0: submit vote requests at term 1 for conf: {index: -1, cur=peers:[38991c48-ffb3-4453-b758-77d6b4ebc62b|127.0.0.1:15119]|listeners:[], old=null}
2025-10-20 19:50:00,549 [38991c48-ffb3-4453-b758-77d6b4ebc62b@group-0EB63CF54958-LeaderElection32] INFO  impl.LeaderElection (LeaderElection.java:askForVotes(450)) - 38991c48-ffb3-4453-b758-77d6b4ebc62b@group-0EB63CF54958-LeaderElection32 ELECTION round 0: result PASSED (term=1)
2025-10-20 19:50:00,549 [38991c48-ffb3-4453-b758-77d6b4ebc62b@group-0EB63CF54958-LeaderElection32] INFO  impl.RoleInfo (RoleInfo.java:shutdownLeaderElection(141)) - 38991c48-ffb3-4453-b758-77d6b4ebc62b: shutdown 38991c48-ffb3-4453-b758-77d6b4ebc62b@group-0EB63CF54958-LeaderElection32
2025-10-20 19:50:00,549 [38991c48-ffb3-4453-b758-77d6b4ebc62b@group-0EB63CF54958-LeaderElection32] INFO  server.RaftServer$Division (RaftServerImpl.java:setRole(392)) - 38991c48-ffb3-4453-b758-77d6b4ebc62b@group-0EB63CF54958: changes role from CANDIDATE to LEADER at term 1 for changeToLeader
2025-10-20 19:50:00,549 [38991c48-ffb3-4453-b758-77d6b4ebc62b@group-0EB63CF54958-LeaderElection32] INFO  server.RaftServerConfigKeys (ConfUtils.java:logFallback(69)) - raft.server.staging.timeout = 15600ms (fallback to raft.server.rpc.timeout.max)
2025-10-20 19:50:00,549 [38991c48-ffb3-4453-b758-77d6b4ebc62b@group-0EB63CF54958-LeaderElection32] INFO  server.RaftServerConfigKeys (ConfUtils.java:logGet(62)) - raft.server.write.byte-limit = 1024 M (=1073741824) (custom)
2025-10-20 19:50:00,550 [38991c48-ffb3-4453-b758-77d6b4ebc62b@group-0EB63CF54958-LeaderElection32] INFO  impl.RoleInfo (RoleInfo.java:updateAndGet(148)) - 38991c48-ffb3-4453-b758-77d6b4ebc62b: start 38991c48-ffb3-4453-b758-77d6b4ebc62b@group-0EB63CF54958-LeaderStateImpl
2025-10-20 19:50:00,550 [38991c48-ffb3-4453-b758-77d6b4ebc62b@group-0EB63CF54958-LeaderElection32] INFO  server.RaftServer$Division (RaftServerImpl.java:setFirstElection(576)) - 38991c48-ffb3-4453-b758-77d6b4ebc62b@group-0EB63CF54958: set firstElectionSinceStartup to false for becomeLeader
2025-10-20 19:50:00,550 [38991c48-ffb3-4453-b758-77d6b4ebc62b@group-0EB63CF54958-LeaderElection32] INFO  ratis.XceiverServerRatis (XceiverServerRatis.java:handleLeaderChangedNotification(940)) - Leader change notification received for group: group-0EB63CF54958 with new leaderId: 38991c48-ffb3-4453-b758-77d6b4ebc62b
2025-10-20 19:50:00,551 [38991c48-ffb3-4453-b758-77d6b4ebc62b@group-0EB63CF54958-LeaderElection32] INFO  server.RaftServer$Division (ServerState.java:setLeader(272)) - 38991c48-ffb3-4453-b758-77d6b4ebc62b@group-0EB63CF54958: change Leader from null to 38991c48-ffb3-4453-b758-77d6b4ebc62b at term 1 for becomeLeader, leader elected after 1022ms
2025-10-20 19:50:00,551 [38991c48-ffb3-4453-b758-77d6b4ebc62b@group-0EB63CF54958-LeaderElection32] INFO  segmented.SegmentedRaftLogWorker (SegmentedRaftLogWorker.java:startLogSegment(440)) - 38991c48-ffb3-4453-b758-77d6b4ebc62b@group-0EB63CF54958-SegmentedRaftLogWorker: Starting segment from index:0
2025-10-20 19:50:00,551 [38991c48-ffb3-4453-b758-77d6b4ebc62b@group-0EB63CF54958-LeaderElection32] INFO  server.RaftServer$Division (ServerState.java:setRaftConf(386)) - 38991c48-ffb3-4453-b758-77d6b4ebc62b@group-0EB63CF54958: set configuration conf: {index: 0, cur=peers:[38991c48-ffb3-4453-b758-77d6b4ebc62b|127.0.0.1:15119]|listeners:[], old=null}
2025-10-20 19:50:00,551 [38991c48-ffb3-4453-b758-77d6b4ebc62b@group-0EB63CF54958-SegmentedRaftLogWorker] INFO  segmented.BufferedWriteChannel (BufferedWriteChannel.java:open(61)) - open log_inprogress_0 at position 0
2025-10-20 19:50:00,552 | INFO  | SCMAudit | user=runner | ip=127.0.0.1 | op=SEND_HEARTBEAT {"datanodeUUID":"38991c48-ffb3-4453-b758-77d6b4ebc62b","term":"2","command":"[]"} | ret=SUCCESS |  
2025-10-20 19:50:00,555 [38991c48-ffb3-4453-b758-77d6b4ebc62b@group-0EB63CF54958-SegmentedRaftLogWorker] INFO  segmented.SegmentedRaftLogWorker (SegmentedRaftLogWorker.java:execute(647)) - 38991c48-ffb3-4453-b758-77d6b4ebc62b@group-0EB63CF54958-SegmentedRaftLogWorker: created new log segment /home/runner/work/ozone/ozone/hadoop-ozone/integration-test/target/test-dir/MiniOzoneClusterImpl-6935df51-69ff-4c35-8bd4-ed2b81d70e54/ozone-metadata/datanode-14/ratis/21de1bf8-cba7-4ac9-8f59-0eb63cf54958/current/log_inprogress_0
2025-10-20 19:50:00,557 [38991c48-ffb3-4453-b758-77d6b4ebc62b@group-0EB63CF54958-StateMachineUpdater] INFO  server.RaftServer$Division (LeaderStateImpl.java:checkStartIndex(309)) - Leader 38991c48-ffb3-4453-b758-77d6b4ebc62b@group-0EB63CF54958-LeaderStateImpl is ready since appliedIndex == startIndex == 0
2025-10-20 19:50:00,752 | INFO  | SCMAudit | user=runner | ip=127.0.0.1 | op=SEND_HEARTBEAT {"datanodeUUID":"33f74daf-be7a-4306-b2af-53e409c4cb93","term":"2","command":"[]"} | ret=SUCCESS |  
2025-10-20 19:50:00,781 | INFO  | SCMAudit | user=runner | ip=127.0.0.1 | op=SEND_HEARTBEAT {"datanodeUUID":"b614738c-cdff-4f09-bf59-ed5bb75d51be","term":"2","command":"[]"} | ret=SUCCESS |  
2025-10-20 19:50:00,814 | INFO  | SCMAudit | user=runner | ip=127.0.0.1 | op=SEND_HEARTBEAT {"datanodeUUID":"ef67b0a7-5b27-496d-9f38-ab804a28e500","term":"2","command":"[]"} | ret=SUCCESS |  
2025-10-20 19:50:00,961 | INFO  | SCMAudit | user=runner | ip=127.0.0.1 | op=SEND_HEARTBEAT {"datanodeUUID":"cc7fbe85-1d98-437b-84f9-04213fee10f0","term":"2","command":"[]"} | ret=SUCCESS |  
2025-10-20 19:50:01,027 | INFO  | SCMAudit | user=runner | ip=127.0.0.1 | op=SEND_HEARTBEAT {"datanodeUUID":"605be85e-a7f4-44d7-8cfd-f53001b990b0","term":"2","command":"[]"} | ret=SUCCESS |  
2025-10-20 19:50:01,069 | INFO  | SCMAudit | user=runner | ip=127.0.0.1 | op=SEND_HEARTBEAT {"datanodeUUID":"d7d8cf72-b9f6-4979-9c53-007dd6e6e48a","term":"2","command":"[]"} | ret=SUCCESS |  
2025-10-20 19:50:01,156 | INFO  | SCMAudit | user=runner | ip=127.0.0.1 | op=SEND_HEARTBEAT {"datanodeUUID":"361055de-215b-4c6c-94c2-be1c1da118d1","term":"2","command":"[]"} | ret=SUCCESS |  
2025-10-20 19:50:01,159 | INFO  | SCMAudit | user=runner | ip=127.0.0.1 | op=SEND_HEARTBEAT {"datanodeUUID":"4f2bb3f5-0e03-4f1b-bb4c-79c91b98c7da","term":"2","command":"[]"} | ret=SUCCESS |  
2025-10-20 19:50:01,252 | INFO  | SCMAudit | user=runner | ip=127.0.0.1 | op=SEND_HEARTBEAT {"datanodeUUID":"c90bff1f-5a1f-42c6-8fca-9533d718c79a","term":"2","command":"[]"} | ret=SUCCESS |  
2025-10-20 19:50:01,275 | INFO  | SCMAudit | user=runner | ip=127.0.0.1 | op=SEND_HEARTBEAT {"datanodeUUID":"7bb0e7f0-2b36-4ec0-8a09-ceac75d91a36","term":"2","command":"[]"} | ret=SUCCESS |  
2025-10-20 19:50:01,383 | INFO  | SCMAudit | user=runner | ip=127.0.0.1 | op=SEND_HEARTBEAT {"datanodeUUID":"e05592a5-d00f-4fc1-9e39-a968c1ecb04e","term":"2","command":"[]"} | ret=SUCCESS |  
2025-10-20 19:50:01,447 | INFO  | SCMAudit | user=runner | ip=127.0.0.1 | op=SEND_HEARTBEAT {"datanodeUUID":"feb39a1c-80cb-4714-ab06-a361236e3029","term":"2","command":"[]"} | ret=SUCCESS |  
2025-10-20 19:50:01,524 | INFO  | SCMAudit | user=runner | ip=127.0.0.1 | op=SEND_HEARTBEAT {"datanodeUUID":"af0e5da1-57af-45e9-9aca-fa0798d05628","term":"2","command":"[]"} | ret=SUCCESS |  
2025-10-20 19:50:01,552 | INFO  | SCMAudit | user=runner | ip=127.0.0.1 | op=SEND_HEARTBEAT {"datanodeUUID":"38991c48-ffb3-4453-b758-77d6b4ebc62b","term":"2","command":"[]"} | ret=SUCCESS |  
2025-10-20 19:50:01,752 | INFO  | SCMAudit | user=runner | ip=127.0.0.1 | op=SEND_HEARTBEAT {"datanodeUUID":"33f74daf-be7a-4306-b2af-53e409c4cb93","term":"2","command":"[]"} | ret=SUCCESS |  
2025-10-20 19:50:01,781 | INFO  | SCMAudit | user=runner | ip=127.0.0.1 | op=SEND_HEARTBEAT {"datanodeUUID":"b614738c-cdff-4f09-bf59-ed5bb75d51be","term":"2","command":"[]"} | ret=SUCCESS |  
2025-10-20 19:50:01,814 | INFO  | SCMAudit | user=runner | ip=127.0.0.1 | op=SEND_HEARTBEAT {"datanodeUUID":"ef67b0a7-5b27-496d-9f38-ab804a28e500","term":"2","command":"[]"} | ret=SUCCESS |  
2025-10-20 19:50:01,962 | INFO  | SCMAudit | user=runner | ip=127.0.0.1 | op=SEND_HEARTBEAT {"datanodeUUID":"cc7fbe85-1d98-437b-84f9-04213fee10f0","term":"2","command":"[]"} | ret=SUCCESS |  
2025-10-20 19:50:02,027 | INFO  | SCMAudit | user=runner | ip=127.0.0.1 | op=SEND_HEARTBEAT {"datanodeUUID":"605be85e-a7f4-44d7-8cfd-f53001b990b0","term":"2","command":"[]"} | ret=SUCCESS |  
2025-10-20 19:50:02,070 | INFO  | SCMAudit | user=runner | ip=127.0.0.1 | op=SEND_HEARTBEAT {"datanodeUUID":"d7d8cf72-b9f6-4979-9c53-007dd6e6e48a","term":"2","command":"[]"} | ret=SUCCESS |  
2025-10-20 19:50:02,156 | INFO  | SCMAudit | user=runner | ip=127.0.0.1 | op=SEND_HEARTBEAT {"datanodeUUID":"361055de-215b-4c6c-94c2-be1c1da118d1","term":"2","command":"[]"} | ret=SUCCESS |  
2025-10-20 19:50:02,158 | INFO  | SCMAudit | user=runner | ip=127.0.0.1 | op=SEND_HEARTBEAT {"datanodeUUID":"4f2bb3f5-0e03-4f1b-bb4c-79c91b98c7da","term":"2","command":"[]"} | ret=SUCCESS |  
2025-10-20 19:50:02,253 | INFO  | SCMAudit | user=runner | ip=127.0.0.1 | op=SEND_HEARTBEAT {"datanodeUUID":"c90bff1f-5a1f-42c6-8fca-9533d718c79a","term":"2","command":"[]"} | ret=SUCCESS |  
2025-10-20 19:50:02,275 | INFO  | SCMAudit | user=runner | ip=127.0.0.1 | op=SEND_HEARTBEAT {"datanodeUUID":"7bb0e7f0-2b36-4ec0-8a09-ceac75d91a36","term":"2","command":"[]"} | ret=SUCCESS |  
2025-10-20 19:50:02,383 | INFO  | SCMAudit | user=runner | ip=127.0.0.1 | op=SEND_HEARTBEAT {"datanodeUUID":"e05592a5-d00f-4fc1-9e39-a968c1ecb04e","term":"2","command":"[]"} | ret=SUCCESS |  
2025-10-20 19:50:02,447 | INFO  | SCMAudit | user=runner | ip=127.0.0.1 | op=SEND_HEARTBEAT {"datanodeUUID":"feb39a1c-80cb-4714-ab06-a361236e3029","term":"2","command":"[]"} | ret=SUCCESS |  
2025-10-20 19:50:02,524 | INFO  | SCMAudit | user=runner | ip=127.0.0.1 | op=SEND_HEARTBEAT {"datanodeUUID":"af0e5da1-57af-45e9-9aca-fa0798d05628","term":"2","command":"[]"} | ret=SUCCESS |  
2025-10-20 19:50:02,552 | INFO  | SCMAudit | user=runner | ip=127.0.0.1 | op=SEND_HEARTBEAT {"datanodeUUID":"38991c48-ffb3-4453-b758-77d6b4ebc62b","term":"2","command":"[]"} | ret=SUCCESS |  
2025-10-20 19:50:02,751 | INFO  | SCMAudit | user=runner | ip=127.0.0.1 | op=SEND_HEARTBEAT {"datanodeUUID":"33f74daf-be7a-4306-b2af-53e409c4cb93","term":"2","command":"[]"} | ret=SUCCESS |  
2025-10-20 19:50:02,781 | INFO  | SCMAudit | user=runner | ip=127.0.0.1 | op=SEND_HEARTBEAT {"datanodeUUID":"b614738c-cdff-4f09-bf59-ed5bb75d51be","term":"2","command":"[]"} | ret=SUCCESS |  
2025-10-20 19:50:02,814 | INFO  | SCMAudit | user=runner | ip=127.0.0.1 | op=SEND_HEARTBEAT {"datanodeUUID":"ef67b0a7-5b27-496d-9f38-ab804a28e500","term":"2","command":"[]"} | ret=SUCCESS |  
2025-10-20 19:50:02,961 | INFO  | SCMAudit | user=runner | ip=127.0.0.1 | op=SEND_HEARTBEAT {"datanodeUUID":"cc7fbe85-1d98-437b-84f9-04213fee10f0","term":"2","command":"[]"} | ret=SUCCESS |  
2025-10-20 19:50:03,027 | INFO  | SCMAudit | user=runner | ip=127.0.0.1 | op=SEND_HEARTBEAT {"datanodeUUID":"605be85e-a7f4-44d7-8cfd-f53001b990b0","term":"2","command":"[]"} | ret=SUCCESS |  
2025-10-20 19:50:03,071 | INFO  | SCMAudit | user=runner | ip=127.0.0.1 | op=SEND_HEARTBEAT {"datanodeUUID":"d7d8cf72-b9f6-4979-9c53-007dd6e6e48a","term":"2","command":"[]"} | ret=SUCCESS |  
2025-10-20 19:50:03,156 | INFO  | SCMAudit | user=runner | ip=127.0.0.1 | op=SEND_HEARTBEAT {"datanodeUUID":"361055de-215b-4c6c-94c2-be1c1da118d1","term":"2","command":"[]"} | ret=SUCCESS |  
2025-10-20 19:50:03,159 | INFO  | SCMAudit | user=runner | ip=127.0.0.1 | op=SEND_HEARTBEAT {"datanodeUUID":"4f2bb3f5-0e03-4f1b-bb4c-79c91b98c7da","term":"2","command":"[]"} | ret=SUCCESS |  
2025-10-20 19:50:03,254 | INFO  | SCMAudit | user=runner | ip=127.0.0.1 | op=SEND_HEARTBEAT {"datanodeUUID":"c90bff1f-5a1f-42c6-8fca-9533d718c79a","term":"2","command":"[]"} | ret=SUCCESS |  
2025-10-20 19:50:03,275 | INFO  | SCMAudit | user=runner | ip=127.0.0.1 | op=SEND_HEARTBEAT {"datanodeUUID":"7bb0e7f0-2b36-4ec0-8a09-ceac75d91a36","term":"2","command":"[]"} | ret=SUCCESS |  
2025-10-20 19:50:03,383 | INFO  | SCMAudit | user=runner | ip=127.0.0.1 | op=SEND_HEARTBEAT {"datanodeUUID":"e05592a5-d00f-4fc1-9e39-a968c1ecb04e","term":"2","command":"[]"} | ret=SUCCESS |  
2025-10-20 19:50:03,447 | INFO  | SCMAudit | user=runner | ip=127.0.0.1 | op=SEND_HEARTBEAT {"datanodeUUID":"feb39a1c-80cb-4714-ab06-a361236e3029","term":"2","command":"[]"} | ret=SUCCESS |  
2025-10-20 19:50:03,524 | INFO  | SCMAudit | user=runner | ip=127.0.0.1 | op=SEND_HEARTBEAT {"datanodeUUID":"af0e5da1-57af-45e9-9aca-fa0798d05628","term":"2","command":"[]"} | ret=SUCCESS |  
2025-10-20 19:50:03,552 | INFO  | SCMAudit | user=runner | ip=127.0.0.1 | op=SEND_HEARTBEAT {"datanodeUUID":"38991c48-ffb3-4453-b758-77d6b4ebc62b","term":"2","command":"[]"} | ret=SUCCESS |  
2025-10-20 19:50:03,752 | INFO  | SCMAudit | user=runner | ip=127.0.0.1 | op=SEND_HEARTBEAT {"datanodeUUID":"33f74daf-be7a-4306-b2af-53e409c4cb93","term":"2","command":"[]"} | ret=SUCCESS |  
2025-10-20 19:50:03,782 | INFO  | SCMAudit | user=runner | ip=127.0.0.1 | op=SEND_HEARTBEAT {"datanodeUUID":"b614738c-cdff-4f09-bf59-ed5bb75d51be","term":"2","command":"[]"} | ret=SUCCESS |  
2025-10-20 19:50:03,814 | INFO  | SCMAudit | user=runner | ip=127.0.0.1 | op=SEND_HEARTBEAT {"datanodeUUID":"ef67b0a7-5b27-496d-9f38-ab804a28e500","term":"2","command":"[]"} | ret=SUCCESS |  
2025-10-20 19:50:03,962 | INFO  | SCMAudit | user=runner | ip=127.0.0.1 | op=SEND_HEARTBEAT {"datanodeUUID":"cc7fbe85-1d98-437b-84f9-04213fee10f0","term":"2","command":"[]"} | ret=SUCCESS |  
2025-10-20 19:50:04,027 | INFO  | SCMAudit | user=runner | ip=127.0.0.1 | op=SEND_HEARTBEAT {"datanodeUUID":"605be85e-a7f4-44d7-8cfd-f53001b990b0","term":"2","command":"[]"} | ret=SUCCESS |  
2025-10-20 19:50:04,072 | INFO  | SCMAudit | user=runner | ip=127.0.0.1 | op=SEND_HEARTBEAT {"datanodeUUID":"d7d8cf72-b9f6-4979-9c53-007dd6e6e48a","term":"2","command":"[]"} | ret=SUCCESS |  
2025-10-20 19:50:04,156 | INFO  | SCMAudit | user=runner | ip=127.0.0.1 | op=SEND_HEARTBEAT {"datanodeUUID":"361055de-215b-4c6c-94c2-be1c1da118d1","term":"2","command":"[]"} | ret=SUCCESS |  
2025-10-20 19:50:04,158 | INFO  | SCMAudit | user=runner | ip=127.0.0.1 | op=SEND_HEARTBEAT {"datanodeUUID":"4f2bb3f5-0e03-4f1b-bb4c-79c91b98c7da","term":"2","command":"[]"} | ret=SUCCESS |  
2025-10-20 19:50:04,253 | INFO  | SCMAudit | user=runner | ip=127.0.0.1 | op=SEND_HEARTBEAT {"datanodeUUID":"c90bff1f-5a1f-42c6-8fca-9533d718c79a","term":"2","command":"[]"} | ret=SUCCESS |  
2025-10-20 19:50:04,275 | INFO  | SCMAudit | user=runner | ip=127.0.0.1 | op=SEND_HEARTBEAT {"datanodeUUID":"7bb0e7f0-2b36-4ec0-8a09-ceac75d91a36","term":"2","command":"[]"} | ret=SUCCESS |  
2025-10-20 19:50:04,383 | INFO  | SCMAudit | user=runner | ip=127.0.0.1 | op=SEND_HEARTBEAT {"datanodeUUID":"e05592a5-d00f-4fc1-9e39-a968c1ecb04e","term":"2","command":"[]"} | ret=SUCCESS |  
2025-10-20 19:50:04,447 | INFO  | SCMAudit | user=runner | ip=127.0.0.1 | op=SEND_HEARTBEAT {"datanodeUUID":"feb39a1c-80cb-4714-ab06-a361236e3029","term":"2","command":"[]"} | ret=SUCCESS |  
2025-10-20 19:50:04,523 | INFO  | SCMAudit | user=runner | ip=127.0.0.1 | op=SEND_HEARTBEAT {"datanodeUUID":"af0e5da1-57af-45e9-9aca-fa0798d05628","term":"2","command":"[]"} | ret=SUCCESS |  
2025-10-20 19:50:04,552 | INFO  | SCMAudit | user=runner | ip=127.0.0.1 | op=SEND_HEARTBEAT {"datanodeUUID":"38991c48-ffb3-4453-b758-77d6b4ebc62b","term":"2","command":"[]"} | ret=SUCCESS |  
2025-10-20 19:50:04,752 | INFO  | SCMAudit | user=runner | ip=127.0.0.1 | op=SEND_HEARTBEAT {"datanodeUUID":"33f74daf-be7a-4306-b2af-53e409c4cb93","term":"2","command":"[]"} | ret=SUCCESS |  
2025-10-20 19:50:04,782 | INFO  | SCMAudit | user=runner | ip=127.0.0.1 | op=SEND_HEARTBEAT {"datanodeUUID":"b614738c-cdff-4f09-bf59-ed5bb75d51be","term":"2","command":"[]"} | ret=SUCCESS |  
2025-10-20 19:50:04,814 | INFO  | SCMAudit | user=runner | ip=127.0.0.1 | op=SEND_HEARTBEAT {"datanodeUUID":"ef67b0a7-5b27-496d-9f38-ab804a28e500","term":"2","command":"[]"} | ret=SUCCESS |  
2025-10-20 19:50:04,962 | INFO  | SCMAudit | user=runner | ip=127.0.0.1 | op=SEND_HEARTBEAT {"datanodeUUID":"cc7fbe85-1d98-437b-84f9-04213fee10f0","term":"2","command":"[]"} | ret=SUCCESS |  
2025-10-20 19:50:05,027 | INFO  | SCMAudit | user=runner | ip=127.0.0.1 | op=SEND_HEARTBEAT {"datanodeUUID":"605be85e-a7f4-44d7-8cfd-f53001b990b0","term":"2","command":"[]"} | ret=SUCCESS |  
2025-10-20 19:50:05,072 | INFO  | SCMAudit | user=runner | ip=127.0.0.1 | op=SEND_HEARTBEAT {"datanodeUUID":"d7d8cf72-b9f6-4979-9c53-007dd6e6e48a","term":"2","command":"[]"} | ret=SUCCESS |  
2025-10-20 19:50:05,156 | INFO  | SCMAudit | user=runner | ip=127.0.0.1 | op=SEND_HEARTBEAT {"datanodeUUID":"361055de-215b-4c6c-94c2-be1c1da118d1","term":"2","command":"[]"} | ret=SUCCESS |  
2025-10-20 19:50:05,159 | INFO  | SCMAudit | user=runner | ip=127.0.0.1 | op=SEND_HEARTBEAT {"datanodeUUID":"4f2bb3f5-0e03-4f1b-bb4c-79c91b98c7da","term":"2","command":"[]"} | ret=SUCCESS |  
2025-10-20 19:50:05,253 | INFO  | SCMAudit | user=runner | ip=127.0.0.1 | op=SEND_HEARTBEAT {"datanodeUUID":"c90bff1f-5a1f-42c6-8fca-9533d718c79a","term":"2","command":"[]"} | ret=SUCCESS |  
2025-10-20 19:50:05,275 | INFO  | SCMAudit | user=runner | ip=127.0.0.1 | op=SEND_HEARTBEAT {"datanodeUUID":"7bb0e7f0-2b36-4ec0-8a09-ceac75d91a36","term":"2","command":"[]"} | ret=SUCCESS |  
2025-10-20 19:50:05,382 | INFO  | SCMAudit | user=runner | ip=127.0.0.1 | op=SEND_HEARTBEAT {"datanodeUUID":"e05592a5-d00f-4fc1-9e39-a968c1ecb04e","term":"2","command":"[]"} | ret=SUCCESS |  
2025-10-20 19:50:05,447 | INFO  | SCMAudit | user=runner | ip=127.0.0.1 | op=SEND_HEARTBEAT {"datanodeUUID":"feb39a1c-80cb-4714-ab06-a361236e3029","term":"2","command":"[]"} | ret=SUCCESS |  
2025-10-20 19:50:05,524 | INFO  | SCMAudit | user=runner | ip=127.0.0.1 | op=SEND_HEARTBEAT {"datanodeUUID":"af0e5da1-57af-45e9-9aca-fa0798d05628","term":"2","command":"[]"} | ret=SUCCESS |  
2025-10-20 19:50:05,552 | INFO  | SCMAudit | user=runner | ip=127.0.0.1 | op=SEND_HEARTBEAT {"datanodeUUID":"38991c48-ffb3-4453-b758-77d6b4ebc62b","term":"2","command":"[]"} | ret=SUCCESS |  
2025-10-20 19:50:05,752 | INFO  | SCMAudit | user=runner | ip=127.0.0.1 | op=SEND_HEARTBEAT {"datanodeUUID":"33f74daf-be7a-4306-b2af-53e409c4cb93","term":"2","command":"[]"} | ret=SUCCESS |  
2025-10-20 19:50:05,752 [timer1] ERROR impl.OrderedAsync (OrderedAsync.java:lambda$null$6(215)) -  client-D5539FB05F77: Failed* RaftClientRequest:client-D5539FB05F77->d7d8cf72-b9f6-4979-9c53-007dd6e6e48a@group-D01BCEB53DB7, cid=27, seq=1*, Watch(0), null
java.util.concurrent.CompletionException: org.apache.ratis.protocol.exceptions.AlreadyClosedException: client-D5539FB05F77->d7d8cf72-b9f6-4979-9c53-007dd6e6e48a is closed.
	at java.base/java.util.concurrent.CompletableFuture.encodeThrowable(CompletableFuture.java:332)
	at java.base/java.util.concurrent.CompletableFuture.uniAcceptNow(CompletableFuture.java:747)
	at java.base/java.util.concurrent.CompletableFuture.uniAcceptStage(CompletableFuture.java:735)
	at java.base/java.util.concurrent.CompletableFuture.thenAccept(CompletableFuture.java:2214)
	at org.apache.ratis.client.impl.OrderedAsync.sendRequestWithRetry(OrderedAsync.java:206)
	at org.apache.ratis.util.SlidingWindow$Client.sendOrDelayRequest(SlidingWindow.java:315)
	at org.apache.ratis.util.SlidingWindow$Client.retry(SlidingWindow.java:331)
	at org.apache.ratis.client.impl.OrderedAsync.lambda$handleException$8(OrderedAsync.java:253)
	at org.apache.ratis.util.TimeoutTimer.lambda$onTimeout$2(TimeoutTimer.java:101)
	at org.apache.ratis.util.LogUtils.runAndLog(LogUtils.java:38)
	at org.apache.ratis.util.LogUtils$1.run(LogUtils.java:78)
	at org.apache.ratis.util.TimeoutTimer$Task.run(TimeoutTimer.java:55)
	at java.base/java.util.TimerThread.mainLoop(Timer.java:566)
	at java.base/java.util.TimerThread.run(Timer.java:516)
Caused by: org.apache.ratis.protocol.exceptions.AlreadyClosedException: client-D5539FB05F77->d7d8cf72-b9f6-4979-9c53-007dd6e6e48a is closed.
	at org.apache.ratis.grpc.client.GrpcClientProtocolClient$AsyncStreamObservers.onNext(GrpcClientProtocolClient.java:352)
	at org.apache.ratis.grpc.client.GrpcClientRpc.sendRequestAsync(GrpcClientRpc.java:71)
	... 10 more
2025-10-20 19:50:05,782 | INFO  | SCMAudit | user=runner | ip=127.0.0.1 | op=SEND_HEARTBEAT {"datanodeUUID":"b614738c-cdff-4f09-bf59-ed5bb75d51be","term":"2","command":"[]"} | ret=SUCCESS |  
2025-10-20 19:50:05,814 | INFO  | SCMAudit | user=runner | ip=127.0.0.1 | op=SEND_HEARTBEAT {"datanodeUUID":"ef67b0a7-5b27-496d-9f38-ab804a28e500","term":"2","command":"[]"} | ret=SUCCESS |  
2025-10-20 19:50:05,962 | INFO  | SCMAudit | user=runner | ip=127.0.0.1 | op=SEND_HEARTBEAT {"datanodeUUID":"cc7fbe85-1d98-437b-84f9-04213fee10f0","term":"2","command":"[]"} | ret=SUCCESS |  
2025-10-20 19:50:06,027 | INFO  | SCMAudit | user=runner | ip=127.0.0.1 | op=SEND_HEARTBEAT {"datanodeUUID":"605be85e-a7f4-44d7-8cfd-f53001b990b0","term":"2","command":"[]"} | ret=SUCCESS |  
2025-10-20 19:50:06,072 | INFO  | SCMAudit | user=runner | ip=127.0.0.1 | op=SEND_HEARTBEAT {"datanodeUUID":"d7d8cf72-b9f6-4979-9c53-007dd6e6e48a","term":"2","command":"[]"} | ret=SUCCESS |  
2025-10-20 19:50:06,156 | INFO  | SCMAudit | user=runner | ip=127.0.0.1 | op=SEND_HEARTBEAT {"datanodeUUID":"361055de-215b-4c6c-94c2-be1c1da118d1","term":"2","command":"[]"} | ret=SUCCESS |  
2025-10-20 19:50:06,158 | INFO  | SCMAudit | user=runner | ip=127.0.0.1 | op=SEND_HEARTBEAT {"datanodeUUID":"4f2bb3f5-0e03-4f1b-bb4c-79c91b98c7da","term":"2","command":"[]"} | ret=SUCCESS |  
2025-10-20 19:50:06,254 | INFO  | SCMAudit | user=runner | ip=127.0.0.1 | op=SEND_HEARTBEAT {"datanodeUUID":"c90bff1f-5a1f-42c6-8fca-9533d718c79a","term":"2","command":"[]"} | ret=SUCCESS |  
2025-10-20 19:50:06,274 | INFO  | SCMAudit | user=runner | ip=127.0.0.1 | op=SEND_HEARTBEAT {"datanodeUUID":"7bb0e7f0-2b36-4ec0-8a09-ceac75d91a36","term":"2","command":"[]"} | ret=SUCCESS |  
2025-10-20 19:50:06,383 | INFO  | SCMAudit | user=runner | ip=127.0.0.1 | op=SEND_HEARTBEAT {"datanodeUUID":"e05592a5-d00f-4fc1-9e39-a968c1ecb04e","term":"2","command":"[]"} | ret=SUCCESS |  
2025-10-20 19:50:06,447 | INFO  | SCMAudit | user=runner | ip=127.0.0.1 | op=SEND_HEARTBEAT {"datanodeUUID":"feb39a1c-80cb-4714-ab06-a361236e3029","term":"2","command":"[]"} | ret=SUCCESS |  
2025-10-20 19:50:06,525 | INFO  | SCMAudit | user=runner | ip=127.0.0.1 | op=SEND_HEARTBEAT {"datanodeUUID":"af0e5da1-57af-45e9-9aca-fa0798d05628","term":"2","command":"[]"} | ret=SUCCESS |  
2025-10-20 19:50:06,552 | INFO  | SCMAudit | user=runner | ip=127.0.0.1 | op=SEND_HEARTBEAT {"datanodeUUID":"38991c48-ffb3-4453-b758-77d6b4ebc62b","term":"2","command":"[]"} | ret=SUCCESS |  
2025-10-20 19:50:06,751 | INFO  | SCMAudit | user=runner | ip=127.0.0.1 | op=SEND_HEARTBEAT {"datanodeUUID":"33f74daf-be7a-4306-b2af-53e409c4cb93","term":"2","command":"[]"} | ret=SUCCESS |  
2025-10-20 19:50:06,782 | INFO  | SCMAudit | user=runner | ip=127.0.0.1 | op=SEND_HEARTBEAT {"datanodeUUID":"b614738c-cdff-4f09-bf59-ed5bb75d51be","term":"2","command":"[]"} | ret=SUCCESS |  
2025-10-20 19:50:06,813 | INFO  | SCMAudit | user=runner | ip=127.0.0.1 | op=SEND_HEARTBEAT {"datanodeUUID":"ef67b0a7-5b27-496d-9f38-ab804a28e500","term":"2","command":"[]"} | ret=SUCCESS |  
2025-10-20 19:50:06,962 | INFO  | SCMAudit | user=runner | ip=127.0.0.1 | op=SEND_HEARTBEAT {"datanodeUUID":"cc7fbe85-1d98-437b-84f9-04213fee10f0","term":"2","command":"[]"} | ret=SUCCESS |  
2025-10-20 19:50:07,027 | INFO  | SCMAudit | user=runner | ip=127.0.0.1 | op=SEND_HEARTBEAT {"datanodeUUID":"605be85e-a7f4-44d7-8cfd-f53001b990b0","term":"2","command":"[]"} | ret=SUCCESS |  
2025-10-20 19:50:07,072 | INFO  | SCMAudit | user=runner | ip=127.0.0.1 | op=SEND_HEARTBEAT {"datanodeUUID":"d7d8cf72-b9f6-4979-9c53-007dd6e6e48a","term":"2","command":"[]"} | ret=SUCCESS |  
2025-10-20 19:50:07,156 | INFO  | SCMAudit | user=runner | ip=127.0.0.1 | op=SEND_HEARTBEAT {"datanodeUUID":"361055de-215b-4c6c-94c2-be1c1da118d1","term":"2","command":"[]"} | ret=SUCCESS |  
2025-10-20 19:50:07,159 | INFO  | SCMAudit | user=runner | ip=127.0.0.1 | op=SEND_HEARTBEAT {"datanodeUUID":"4f2bb3f5-0e03-4f1b-bb4c-79c91b98c7da","term":"2","command":"[]"} | ret=SUCCESS |  
2025-10-20 19:50:07,255 | INFO  | SCMAudit | user=runner | ip=127.0.0.1 | op=SEND_HEARTBEAT {"datanodeUUID":"c90bff1f-5a1f-42c6-8fca-9533d718c79a","term":"2","command":"[]"} | ret=SUCCESS |  
2025-10-20 19:50:07,275 | INFO  | SCMAudit | user=runner | ip=127.0.0.1 | op=SEND_HEARTBEAT {"datanodeUUID":"7bb0e7f0-2b36-4ec0-8a09-ceac75d91a36","term":"2","command":"[]"} | ret=SUCCESS |  
2025-10-20 19:50:07,383 | INFO  | SCMAudit | user=runner | ip=127.0.0.1 | op=SEND_HEARTBEAT {"datanodeUUID":"e05592a5-d00f-4fc1-9e39-a968c1ecb04e","term":"2","command":"[]"} | ret=SUCCESS |  
2025-10-20 19:50:07,447 | INFO  | SCMAudit | user=runner | ip=127.0.0.1 | op=SEND_HEARTBEAT {"datanodeUUID":"feb39a1c-80cb-4714-ab06-a361236e3029","term":"2","command":"[]"} | ret=SUCCESS |  
2025-10-20 19:50:07,525 | INFO  | SCMAudit | user=runner | ip=127.0.0.1 | op=SEND_HEARTBEAT {"datanodeUUID":"af0e5da1-57af-45e9-9aca-fa0798d05628","term":"2","command":"[]"} | ret=SUCCESS |  
2025-10-20 19:50:07,551 | INFO  | SCMAudit | user=runner | ip=127.0.0.1 | op=SEND_HEARTBEAT {"datanodeUUID":"38991c48-ffb3-4453-b758-77d6b4ebc62b","term":"2","command":"[]"} | ret=SUCCESS |  
2025-10-20 19:50:07,751 | INFO  | SCMAudit | user=runner | ip=127.0.0.1 | op=SEND_HEARTBEAT {"datanodeUUID":"33f74daf-be7a-4306-b2af-53e409c4cb93","term":"2","command":"[]"} | ret=SUCCESS |  
2025-10-20 19:50:07,781 | INFO  | SCMAudit | user=runner | ip=127.0.0.1 | op=SEND_HEARTBEAT {"datanodeUUID":"b614738c-cdff-4f09-bf59-ed5bb75d51be","term":"2","command":"[]"} | ret=SUCCESS |  
2025-10-20 19:50:07,814 | INFO  | SCMAudit | user=runner | ip=127.0.0.1 | op=SEND_HEARTBEAT {"datanodeUUID":"ef67b0a7-5b27-496d-9f38-ab804a28e500","term":"2","command":"[]"} | ret=SUCCESS |  
2025-10-20 19:50:07,962 | INFO  | SCMAudit | user=runner | ip=127.0.0.1 | op=SEND_HEARTBEAT {"datanodeUUID":"cc7fbe85-1d98-437b-84f9-04213fee10f0","term":"2","command":"[]"} | ret=SUCCESS |  
2025-10-20 19:50:08,027 | INFO  | SCMAudit | user=runner | ip=127.0.0.1 | op=SEND_HEARTBEAT {"datanodeUUID":"605be85e-a7f4-44d7-8cfd-f53001b990b0","term":"2","command":"[]"} | ret=SUCCESS |  
2025-10-20 19:50:08,071 | INFO  | SCMAudit | user=runner | ip=127.0.0.1 | op=SEND_HEARTBEAT {"datanodeUUID":"d7d8cf72-b9f6-4979-9c53-007dd6e6e48a","term":"2","command":"[]"} | ret=SUCCESS |  
2025-10-20 19:50:08,155 | INFO  | SCMAudit | user=runner | ip=127.0.0.1 | op=SEND_HEARTBEAT {"datanodeUUID":"361055de-215b-4c6c-94c2-be1c1da118d1","term":"2","command":"[]"} | ret=SUCCESS |  
2025-10-20 19:50:08,158 | INFO  | SCMAudit | user=runner | ip=127.0.0.1 | op=SEND_HEARTBEAT {"datanodeUUID":"4f2bb3f5-0e03-4f1b-bb4c-79c91b98c7da","term":"2","command":"[]"} | ret=SUCCESS |  
2025-10-20 19:50:08,255 | INFO  | SCMAudit | user=runner | ip=127.0.0.1 | op=SEND_HEARTBEAT {"datanodeUUID":"c90bff1f-5a1f-42c6-8fca-9533d718c79a","term":"2","command":"[]"} | ret=SUCCESS |  
2025-10-20 19:50:08,274 | INFO  | SCMAudit | user=runner | ip=127.0.0.1 | op=SEND_HEARTBEAT {"datanodeUUID":"7bb0e7f0-2b36-4ec0-8a09-ceac75d91a36","term":"2","command":"[]"} | ret=SUCCESS |  
2025-10-20 19:50:08,383 | INFO  | SCMAudit | user=runner | ip=127.0.0.1 | op=SEND_HEARTBEAT {"datanodeUUID":"e05592a5-d00f-4fc1-9e39-a968c1ecb04e","term":"2","command":"[]"} | ret=SUCCESS |  
2025-10-20 19:50:08,447 | INFO  | SCMAudit | user=runner | ip=127.0.0.1 | op=SEND_HEARTBEAT {"datanodeUUID":"feb39a1c-80cb-4714-ab06-a361236e3029","term":"2","command":"[]"} | ret=SUCCESS |  
2025-10-20 19:50:08,525 | INFO  | SCMAudit | user=runner | ip=127.0.0.1 | op=SEND_HEARTBEAT {"datanodeUUID":"af0e5da1-57af-45e9-9aca-fa0798d05628","term":"2","command":"[]"} | ret=SUCCESS |  
2025-10-20 19:50:08,552 | INFO  | SCMAudit | user=runner | ip=127.0.0.1 | op=SEND_HEARTBEAT {"datanodeUUID":"38991c48-ffb3-4453-b758-77d6b4ebc62b","term":"2","command":"[]"} | ret=SUCCESS |  
2025-10-20 19:50:08,752 | INFO  | SCMAudit | user=runner | ip=127.0.0.1 | op=SEND_HEARTBEAT {"datanodeUUID":"33f74daf-be7a-4306-b2af-53e409c4cb93","term":"2","command":"[]"} | ret=SUCCESS |  
2025-10-20 19:50:08,782 | INFO  | SCMAudit | user=runner | ip=127.0.0.1 | op=SEND_HEARTBEAT {"datanodeUUID":"b614738c-cdff-4f09-bf59-ed5bb75d51be","term":"2","command":"[]"} | ret=SUCCESS |  
2025-10-20 19:50:08,814 | INFO  | SCMAudit | user=runner | ip=127.0.0.1 | op=SEND_HEARTBEAT {"datanodeUUID":"ef67b0a7-5b27-496d-9f38-ab804a28e500","term":"2","command":"[]"} | ret=SUCCESS |  
2025-10-20 19:50:08,962 | INFO  | SCMAudit | user=runner | ip=127.0.0.1 | op=SEND_HEARTBEAT {"datanodeUUID":"cc7fbe85-1d98-437b-84f9-04213fee10f0","term":"2","command":"[]"} | ret=SUCCESS |  
2025-10-20 19:50:09,046 | INFO  | SCMAudit | user=runner | ip=127.0.0.1 | op=SEND_HEARTBEAT {"datanodeUUID":"605be85e-a7f4-44d7-8cfd-f53001b990b0","term":"2","command":"[]"} | ret=SUCCESS |  
2025-10-20 19:50:09,073 | INFO  | SCMAudit | user=runner | ip=127.0.0.1 | op=SEND_HEARTBEAT {"datanodeUUID":"d7d8cf72-b9f6-4979-9c53-007dd6e6e48a","term":"2","command":"[]"} | ret=SUCCESS |  
2025-10-20 19:50:09,158 | INFO  | SCMAudit | user=runner | ip=127.0.0.1 | op=SEND_HEARTBEAT {"datanodeUUID":"361055de-215b-4c6c-94c2-be1c1da118d1","term":"2","command":"[]"} | ret=SUCCESS |  
2025-10-20 19:50:09,158 | INFO  | SCMAudit | user=runner | ip=127.0.0.1 | op=SEND_HEARTBEAT {"datanodeUUID":"4f2bb3f5-0e03-4f1b-bb4c-79c91b98c7da","term":"2","command":"[]"} | ret=SUCCESS |  
2025-10-20 19:50:09,254 | INFO  | SCMAudit | user=runner | ip=127.0.0.1 | op=SEND_HEARTBEAT {"datanodeUUID":"c90bff1f-5a1f-42c6-8fca-9533d718c79a","term":"2","command":"[]"} | ret=SUCCESS |  
2025-10-20 19:50:09,275 | INFO  | SCMAudit | user=runner | ip=127.0.0.1 | op=SEND_HEARTBEAT {"datanodeUUID":"7bb0e7f0-2b36-4ec0-8a09-ceac75d91a36","term":"2","command":"[]"} | ret=SUCCESS |  
2025-10-20 19:50:09,382 | INFO  | SCMAudit | user=runner | ip=127.0.0.1 | op=SEND_HEARTBEAT {"datanodeUUID":"e05592a5-d00f-4fc1-9e39-a968c1ecb04e","term":"2","command":"[]"} | ret=SUCCESS |  
2025-10-20 19:50:09,447 | INFO  | SCMAudit | user=runner | ip=127.0.0.1 | op=SEND_HEARTBEAT {"datanodeUUID":"feb39a1c-80cb-4714-ab06-a361236e3029","term":"2","command":"[]"} | ret=SUCCESS |  
2025-10-20 19:50:09,525 | INFO  | SCMAudit | user=runner | ip=127.0.0.1 | op=SEND_HEARTBEAT {"datanodeUUID":"af0e5da1-57af-45e9-9aca-fa0798d05628","term":"2","command":"[]"} | ret=SUCCESS |  
2025-10-20 19:50:09,552 | INFO  | SCMAudit | user=runner | ip=127.0.0.1 | op=SEND_HEARTBEAT {"datanodeUUID":"38991c48-ffb3-4453-b758-77d6b4ebc62b","term":"2","command":"[]"} | ret=SUCCESS |  
2025-10-20 19:50:09,752 | INFO  | SCMAudit | user=runner | ip=127.0.0.1 | op=SEND_HEARTBEAT {"datanodeUUID":"33f74daf-be7a-4306-b2af-53e409c4cb93","term":"2","command":"[]"} | ret=SUCCESS |  
2025-10-20 19:50:09,782 | INFO  | SCMAudit | user=runner | ip=127.0.0.1 | op=SEND_HEARTBEAT {"datanodeUUID":"b614738c-cdff-4f09-bf59-ed5bb75d51be","term":"2","command":"[]"} | ret=SUCCESS |  
2025-10-20 19:50:09,813 | INFO  | SCMAudit | user=runner | ip=127.0.0.1 | op=SEND_HEARTBEAT {"datanodeUUID":"ef67b0a7-5b27-496d-9f38-ab804a28e500","term":"2","command":"[]"} | ret=SUCCESS |  
2025-10-20 19:50:09,961 | INFO  | SCMAudit | user=runner | ip=127.0.0.1 | op=SEND_HEARTBEAT {"datanodeUUID":"cc7fbe85-1d98-437b-84f9-04213fee10f0","term":"2","command":"[]"} | ret=SUCCESS |  
2025-10-20 19:50:10,026 | INFO  | SCMAudit | user=runner | ip=127.0.0.1 | op=SEND_HEARTBEAT {"datanodeUUID":"605be85e-a7f4-44d7-8cfd-f53001b990b0","term":"2","command":"[]"} | ret=SUCCESS |  
2025-10-20 19:50:10,073 | INFO  | SCMAudit | user=runner | ip=127.0.0.1 | op=SEND_HEARTBEAT {"datanodeUUID":"d7d8cf72-b9f6-4979-9c53-007dd6e6e48a","term":"2","command":"[]"} | ret=SUCCESS |  
2025-10-20 19:50:10,156 | INFO  | SCMAudit | user=runner | ip=127.0.0.1 | op=SEND_HEARTBEAT {"datanodeUUID":"361055de-215b-4c6c-94c2-be1c1da118d1","term":"2","command":"[]"} | ret=SUCCESS |  
2025-10-20 19:50:10,159 | INFO  | SCMAudit | user=runner | ip=127.0.0.1 | op=SEND_HEARTBEAT {"datanodeUUID":"4f2bb3f5-0e03-4f1b-bb4c-79c91b98c7da","term":"2","command":"[]"} | ret=SUCCESS |  
2025-10-20 19:50:10,255 | INFO  | SCMAudit | user=runner | ip=127.0.0.1 | op=SEND_HEARTBEAT {"datanodeUUID":"c90bff1f-5a1f-42c6-8fca-9533d718c79a","term":"2","command":"[]"} | ret=SUCCESS |  
2025-10-20 19:50:10,275 | INFO  | SCMAudit | user=runner | ip=127.0.0.1 | op=SEND_HEARTBEAT {"datanodeUUID":"7bb0e7f0-2b36-4ec0-8a09-ceac75d91a36","term":"2","command":"[]"} | ret=SUCCESS |  
2025-10-20 19:50:10,383 | INFO  | SCMAudit | user=runner | ip=127.0.0.1 | op=SEND_HEARTBEAT {"datanodeUUID":"e05592a5-d00f-4fc1-9e39-a968c1ecb04e","term":"2","command":"[]"} | ret=SUCCESS |  
2025-10-20 19:50:10,447 | INFO  | SCMAudit | user=runner | ip=127.0.0.1 | op=SEND_HEARTBEAT {"datanodeUUID":"feb39a1c-80cb-4714-ab06-a361236e3029","term":"2","command":"[]"} | ret=SUCCESS |  
2025-10-20 19:50:10,525 | INFO  | SCMAudit | user=runner | ip=127.0.0.1 | op=SEND_HEARTBEAT {"datanodeUUID":"af0e5da1-57af-45e9-9aca-fa0798d05628","term":"2","command":"[]"} | ret=SUCCESS |  
2025-10-20 19:50:10,551 | INFO  | SCMAudit | user=runner | ip=127.0.0.1 | op=SEND_HEARTBEAT {"datanodeUUID":"38991c48-ffb3-4453-b758-77d6b4ebc62b","term":"2","command":"[]"} | ret=SUCCESS |  
2025-10-20 19:50:10,752 | INFO  | SCMAudit | user=runner | ip=127.0.0.1 | op=SEND_HEARTBEAT {"datanodeUUID":"33f74daf-be7a-4306-b2af-53e409c4cb93","term":"2","command":"[]"} | ret=SUCCESS |  
2025-10-20 19:50:10,781 | INFO  | SCMAudit | user=runner | ip=127.0.0.1 | op=SEND_HEARTBEAT {"datanodeUUID":"b614738c-cdff-4f09-bf59-ed5bb75d51be","term":"2","command":"[]"} | ret=SUCCESS |  
2025-10-20 19:50:10,814 | INFO  | SCMAudit | user=runner | ip=127.0.0.1 | op=SEND_HEARTBEAT {"datanodeUUID":"ef67b0a7-5b27-496d-9f38-ab804a28e500","term":"2","command":"[]"} | ret=SUCCESS |  
2025-10-20 19:50:10,962 | INFO  | SCMAudit | user=runner | ip=127.0.0.1 | op=SEND_HEARTBEAT {"datanodeUUID":"cc7fbe85-1d98-437b-84f9-04213fee10f0","term":"2","command":"[]"} | ret=SUCCESS |  
2025-10-20 19:50:11,026 | INFO  | SCMAudit | user=runner | ip=127.0.0.1 | op=SEND_HEARTBEAT {"datanodeUUID":"605be85e-a7f4-44d7-8cfd-f53001b990b0","term":"2","command":"[]"} | ret=SUCCESS |  
2025-10-20 19:50:11,073 | INFO  | SCMAudit | user=runner | ip=127.0.0.1 | op=SEND_HEARTBEAT {"datanodeUUID":"d7d8cf72-b9f6-4979-9c53-007dd6e6e48a","term":"2","command":"[]"} | ret=SUCCESS |  
2025-10-20 19:50:11,156 | INFO  | SCMAudit | user=runner | ip=127.0.0.1 | op=SEND_HEARTBEAT {"datanodeUUID":"361055de-215b-4c6c-94c2-be1c1da118d1","term":"2","command":"[]"} | ret=SUCCESS |  
2025-10-20 19:50:11,159 | INFO  | SCMAudit | user=runner | ip=127.0.0.1 | op=SEND_HEARTBEAT {"datanodeUUID":"4f2bb3f5-0e03-4f1b-bb4c-79c91b98c7da","term":"2","command":"[]"} | ret=SUCCESS |  
2025-10-20 19:50:11,255 | INFO  | SCMAudit | user=runner | ip=127.0.0.1 | op=SEND_HEARTBEAT {"datanodeUUID":"c90bff1f-5a1f-42c6-8fca-9533d718c79a","term":"2","command":"[]"} | ret=SUCCESS |  
2025-10-20 19:50:11,274 | INFO  | SCMAudit | user=runner | ip=127.0.0.1 | op=SEND_HEARTBEAT {"datanodeUUID":"7bb0e7f0-2b36-4ec0-8a09-ceac75d91a36","term":"2","command":"[]"} | ret=SUCCESS |  
2025-10-20 19:50:11,383 | INFO  | SCMAudit | user=runner | ip=127.0.0.1 | op=SEND_HEARTBEAT {"datanodeUUID":"e05592a5-d00f-4fc1-9e39-a968c1ecb04e","term":"2","command":"[]"} | ret=SUCCESS |  
2025-10-20 19:50:11,447 | INFO  | SCMAudit | user=runner | ip=127.0.0.1 | op=SEND_HEARTBEAT {"datanodeUUID":"feb39a1c-80cb-4714-ab06-a361236e3029","term":"2","command":"[]"} | ret=SUCCESS |  
2025-10-20 19:50:11,524 | INFO  | SCMAudit | user=runner | ip=127.0.0.1 | op=SEND_HEARTBEAT {"datanodeUUID":"af0e5da1-57af-45e9-9aca-fa0798d05628","term":"2","command":"[]"} | ret=SUCCESS |  
2025-10-20 19:50:11,552 | INFO  | SCMAudit | user=runner | ip=127.0.0.1 | op=SEND_HEARTBEAT {"datanodeUUID":"38991c48-ffb3-4453-b758-77d6b4ebc62b","term":"2","command":"[]"} | ret=SUCCESS |  
2025-10-20 19:50:11,753 | INFO  | SCMAudit | user=runner | ip=127.0.0.1 | op=SEND_HEARTBEAT {"datanodeUUID":"33f74daf-be7a-4306-b2af-53e409c4cb93","term":"2","command":"[]"} | ret=SUCCESS |  
2025-10-20 19:50:11,782 | INFO  | SCMAudit | user=runner | ip=127.0.0.1 | op=SEND_HEARTBEAT {"datanodeUUID":"b614738c-cdff-4f09-bf59-ed5bb75d51be","term":"2","command":"[]"} | ret=SUCCESS |  
2025-10-20 19:50:11,813 | INFO  | SCMAudit | user=runner | ip=127.0.0.1 | op=SEND_HEARTBEAT {"datanodeUUID":"ef67b0a7-5b27-496d-9f38-ab804a28e500","term":"2","command":"[]"} | ret=SUCCESS |  
2025-10-20 19:50:11,961 | INFO  | SCMAudit | user=runner | ip=127.0.0.1 | op=SEND_HEARTBEAT {"datanodeUUID":"cc7fbe85-1d98-437b-84f9-04213fee10f0","term":"2","command":"[]"} | ret=SUCCESS |  
2025-10-20 19:50:12,027 | INFO  | SCMAudit | user=runner | ip=127.0.0.1 | op=SEND_HEARTBEAT {"datanodeUUID":"605be85e-a7f4-44d7-8cfd-f53001b990b0","term":"2","command":"[]"} | ret=SUCCESS |  
2025-10-20 19:50:12,074 | INFO  | SCMAudit | user=runner | ip=127.0.0.1 | op=SEND_HEARTBEAT {"datanodeUUID":"d7d8cf72-b9f6-4979-9c53-007dd6e6e48a","term":"2","command":"[]"} | ret=SUCCESS |  
2025-10-20 19:50:12,155 | INFO  | SCMAudit | user=runner | ip=127.0.0.1 | op=SEND_HEARTBEAT {"datanodeUUID":"361055de-215b-4c6c-94c2-be1c1da118d1","term":"2","command":"[]"} | ret=SUCCESS |  
2025-10-20 19:50:12,159 | INFO  | SCMAudit | user=runner | ip=127.0.0.1 | op=SEND_HEARTBEAT {"datanodeUUID":"4f2bb3f5-0e03-4f1b-bb4c-79c91b98c7da","term":"2","command":"[]"} | ret=SUCCESS |  
2025-10-20 19:50:12,254 | INFO  | SCMAudit | user=runner | ip=127.0.0.1 | op=SEND_HEARTBEAT {"datanodeUUID":"c90bff1f-5a1f-42c6-8fca-9533d718c79a","term":"2","command":"[]"} | ret=SUCCESS |  
2025-10-20 19:50:12,275 | INFO  | SCMAudit | user=runner | ip=127.0.0.1 | op=SEND_HEARTBEAT {"datanodeUUID":"7bb0e7f0-2b36-4ec0-8a09-ceac75d91a36","term":"2","command":"[]"} | ret=SUCCESS |  
2025-10-20 19:50:12,382 | INFO  | SCMAudit | user=runner | ip=127.0.0.1 | op=SEND_HEARTBEAT {"datanodeUUID":"e05592a5-d00f-4fc1-9e39-a968c1ecb04e","term":"2","command":"[]"} | ret=SUCCESS |  
2025-10-20 19:50:12,446 | INFO  | SCMAudit | user=runner | ip=127.0.0.1 | op=SEND_HEARTBEAT {"datanodeUUID":"feb39a1c-80cb-4714-ab06-a361236e3029","term":"2","command":"[]"} | ret=SUCCESS |  
2025-10-20 19:50:12,525 | INFO  | SCMAudit | user=runner | ip=127.0.0.1 | op=SEND_HEARTBEAT {"datanodeUUID":"af0e5da1-57af-45e9-9aca-fa0798d05628","term":"2","command":"[]"} | ret=SUCCESS |  
2025-10-20 19:50:12,551 | INFO  | SCMAudit | user=runner | ip=127.0.0.1 | op=SEND_HEARTBEAT {"datanodeUUID":"38991c48-ffb3-4453-b758-77d6b4ebc62b","term":"2","command":"[]"} | ret=SUCCESS |  
2025-10-20 19:50:12,753 | INFO  | SCMAudit | user=runner | ip=127.0.0.1 | op=SEND_HEARTBEAT {"datanodeUUID":"33f74daf-be7a-4306-b2af-53e409c4cb93","term":"2","command":"[]"} | ret=SUCCESS |  
2025-10-20 19:50:12,783 | INFO  | SCMAudit | user=runner | ip=127.0.0.1 | op=SEND_HEARTBEAT {"datanodeUUID":"b614738c-cdff-4f09-bf59-ed5bb75d51be","term":"2","command":"[]"} | ret=SUCCESS |  
2025-10-20 19:50:12,814 | INFO  | SCMAudit | user=runner | ip=127.0.0.1 | op=SEND_HEARTBEAT {"datanodeUUID":"ef67b0a7-5b27-496d-9f38-ab804a28e500","term":"2","command":"[]"} | ret=SUCCESS |  
2025-10-20 19:50:12,962 | INFO  | SCMAudit | user=runner | ip=127.0.0.1 | op=SEND_HEARTBEAT {"datanodeUUID":"cc7fbe85-1d98-437b-84f9-04213fee10f0","term":"2","command":"[]"} | ret=SUCCESS |  
2025-10-20 19:50:13,026 | INFO  | SCMAudit | user=runner | ip=127.0.0.1 | op=SEND_HEARTBEAT {"datanodeUUID":"605be85e-a7f4-44d7-8cfd-f53001b990b0","term":"2","command":"[]"} | ret=SUCCESS |  
2025-10-20 19:50:13,074 | INFO  | SCMAudit | user=runner | ip=127.0.0.1 | op=SEND_HEARTBEAT {"datanodeUUID":"d7d8cf72-b9f6-4979-9c53-007dd6e6e48a","term":"2","command":"[]"} | ret=SUCCESS |  
2025-10-20 19:50:13,140 | INFO  | ContainerLog | ID=3 | Index=0 | BCSID=0 | State=OPEN | Volume=/home/runner/work/ozone/ozone/hadoop-ozone/integration-test/target/test-dir/MiniOzoneClusterImpl-6935df51-69ff-4c35-8bd4-ed2b81d70e54/ozone-metadata/datanode-12/data-0/hdds | DataChecksum=0 |  
2025-10-20 19:50:13,141 | INFO  | SCMAudit | user=runner | ip=127.0.0.1 | op=SEND_HEARTBEAT {"datanodeUUID":"d7d8cf72-b9f6-4979-9c53-007dd6e6e48a","term":"2","command":"[]"} | ret=SUCCESS |  
2025-10-20 19:50:13,151 | INFO  | OMAudit | user=runner | ip=127.0.0.1 | op=COMMIT_KEY {"volume":"c8a32e7b-6619-4b07-9d4b-821c8ffd9d13","bucket":"3ea0f2ff-f0b0-4563-bd20-e50e2dafb63c","key":"3184331d-bfe5-449b-abc5-147752e4a11d","dataSize":"12","replicationType":"RATIS","replicationFactor":"ONE","Transaction":"10"} | ret=SUCCESS |  
2025-10-20 19:50:13,153 | INFO  | OMAudit | user=runner | ip=127.0.0.1 | op=READ_VOLUME {"volume":"c8a32e7b-6619-4b07-9d4b-821c8ffd9d13"} | ret=SUCCESS |  
2025-10-20 19:50:13,155 | INFO  | OMAudit | user=runner | ip=127.0.0.1 | op=READ_BUCKET {"volume":"c8a32e7b-6619-4b07-9d4b-821c8ffd9d13","bucket":"3ea0f2ff-f0b0-4563-bd20-e50e2dafb63c"} | ret=SUCCESS |  
2025-10-20 19:50:13,156 | INFO  | SCMAudit | user=runner | ip=127.0.0.1 | op=SEND_HEARTBEAT {"datanodeUUID":"361055de-215b-4c6c-94c2-be1c1da118d1","term":"2","command":"[]"} | ret=SUCCESS |  
2025-10-20 19:50:13,157 | INFO  | OMAudit | user=runner | ip=127.0.0.1 | op=READ_BUCKET {"volume":"c8a32e7b-6619-4b07-9d4b-821c8ffd9d13","bucket":"3ea0f2ff-f0b0-4563-bd20-e50e2dafb63c"} | ret=SUCCESS |  
2025-10-20 19:50:13,160 | INFO  | SCMAudit | user=runner | ip=127.0.0.1 | op=SEND_HEARTBEAT {"datanodeUUID":"4f2bb3f5-0e03-4f1b-bb4c-79c91b98c7da","term":"2","command":"[]"} | ret=SUCCESS |  
2025-10-20 19:50:13,161 | INFO  | SCMAudit | user=runner | ip=127.0.0.1 | op=ALLOCATE_BLOCK {"replication":"RATIS/ONE","owner":"omServiceIdDefault","size":"4194304","sampleBlocks":"[conID: 4 locID: 115816896921600004]","num":"1","client":"","allocated":"1"} | ret=SUCCESS |  
2025-10-20 19:50:13,166 | INFO  | OMAudit | user=runner | ip=127.0.0.1 | op=ALLOCATE_KEY {"volume":"c8a32e7b-6619-4b07-9d4b-821c8ffd9d13","bucket":"3ea0f2ff-f0b0-4563-bd20-e50e2dafb63c","key":"3184331d-bfe5-449b-abc5-147752e4a11d","dataSize":"12","replicationType":"RATIS","replicationFactor":"ONE","Transaction":"11"} | ret=SUCCESS |  
2025-10-20 19:50:13,184 | INFO  | ContainerLog | ID=4 | Index=0 | BCSID=0 | State=OPEN | Volume=/home/runner/work/ozone/ozone/hadoop-ozone/integration-test/target/test-dir/MiniOzoneClusterImpl-6935df51-69ff-4c35-8bd4-ed2b81d70e54/ozone-metadata/datanode-13/data-0/hdds | DataChecksum=0 |  
2025-10-20 19:50:13,187 | INFO  | SCMAudit | user=runner | ip=127.0.0.1 | op=SEND_HEARTBEAT {"datanodeUUID":"feb39a1c-80cb-4714-ab06-a361236e3029","term":"2","command":"[]"} | ret=SUCCESS |  
2025-10-20 19:50:13,196 | INFO  | OMAudit | user=runner | ip=127.0.0.1 | op=COMMIT_KEY {"volume":"c8a32e7b-6619-4b07-9d4b-821c8ffd9d13","bucket":"3ea0f2ff-f0b0-4563-bd20-e50e2dafb63c","key":"3184331d-bfe5-449b-abc5-147752e4a11d","dataSize":"12","replicationType":"RATIS","replicationFactor":"ONE","Transaction":"12"} | ret=SUCCESS |  
2025-10-20 19:50:13,198 | INFO  | OMAudit | user=runner | ip=127.0.0.1 | op=READ_VOLUME {"volume":"c8a32e7b-6619-4b07-9d4b-821c8ffd9d13"} | ret=SUCCESS |  
2025-10-20 19:50:13,200 | INFO  | OMAudit | user=runner | ip=127.0.0.1 | op=READ_BUCKET {"volume":"c8a32e7b-6619-4b07-9d4b-821c8ffd9d13","bucket":"3ea0f2ff-f0b0-4563-bd20-e50e2dafb63c"} | ret=SUCCESS |  
]]></system-out>
  </testcase>
  <testcase name="bucketUsedBytesOverWrite(BucketLayout)[3]" classname="org.apache.hadoop.ozone.client.rpc.TestSecureOzoneRpcClient" time="0.093">
    <system-out><![CDATA[2025-10-20 19:50:13,205 [ForkJoinPool-1-worker-1] INFO  rpc.RpcClient (RpcClient.java:createVolume(461)) - Creating Volume: 7bf950cd-8b43-429e-bb90-4a7d5430527e, with runner as owner and space quota set to -1 bytes, counts quota set to -1
2025-10-20 19:50:13,208 [om1-OMStateMachineApplyTransactionThread - 0] INFO  volume.OMVolumeCreateRequest (OMVolumeCreateRequest.java:validateAndUpdateCache(213)) - created volume:7bf950cd-8b43-429e-bb90-4a7d5430527e for user:runner
2025-10-20 19:50:13,208 | INFO  | OMAudit | user=runner | ip=127.0.0.1 | op=CREATE_VOLUME {"admin":"runner","owner":"runner","volume":"7bf950cd-8b43-429e-bb90-4a7d5430527e","creationTime":"1760989813206","modificationTime":"1760989813206","quotaInBytes":"-1","quotaInNamespace":"-1","usedNamespace":"0","objectID":"-9223372036854772480","updateID":"13","Transaction":"13"} | ret=SUCCESS |  
2025-10-20 19:50:13,210 | INFO  | OMAudit | user=runner | ip=127.0.0.1 | op=READ_VOLUME {"volume":"7bf950cd-8b43-429e-bb90-4a7d5430527e"} | ret=SUCCESS |  
2025-10-20 19:50:13,211 [ForkJoinPool-1-worker-1] INFO  rpc.RpcClient (RpcClient.java:createBucket(686)) - Creating Bucket: 7bf950cd-8b43-429e-bb90-4a7d5430527e/832e12e9-a7d6-45de-9d0b-b73b2ed06010, with bucket layout FILE_SYSTEM_OPTIMIZED, runner as owner, Versioning true, Storage Type set to DISK and Encryption set to false, Replication Type set to server-side default replication type, Namespace Quota set to -1, Space Quota set to -1 
2025-10-20 19:50:13,214 [om1-OMStateMachineApplyTransactionThread - 0] INFO  bucket.OMBucketCreateRequest (OMBucketCreateRequest.java:validateAndUpdateCache(303)) - created bucket: 832e12e9-a7d6-45de-9d0b-b73b2ed06010 of layout FILE_SYSTEM_OPTIMIZED in volume: 7bf950cd-8b43-429e-bb90-4a7d5430527e
2025-10-20 19:50:13,214 | INFO  | OMAudit | user=runner | ip=127.0.0.1 | op=CREATE_BUCKET {"volume":"7bf950cd-8b43-429e-bb90-4a7d5430527e","bucket":"832e12e9-a7d6-45de-9d0b-b73b2ed06010","bucketLayout":"FILE_SYSTEM_OPTIMIZED","gdprEnabled":null,"acls":"[user:runner:a[ACCESS], group:runner:rl[ACCESS]]","isVersionEnabled":"true","storageType":"DISK","creationTime":"1760989813213","bucketEncryptionKey":null,"modificationTime":"1760989813213","usedBytes":"0","usedNamespace":"0","snapshotUsedBytes":"0","snapshotUsedNamespace":"0","owner":"runner","replicationType":null,"replicationConfig":null,"quotaInBytes":"-1","quotaInNamespace":"-1","Transaction":"14"} | ret=SUCCESS |  
2025-10-20 19:50:13,216 | INFO  | OMAudit | user=runner | ip=127.0.0.1 | op=READ_BUCKET {"volume":"7bf950cd-8b43-429e-bb90-4a7d5430527e","bucket":"832e12e9-a7d6-45de-9d0b-b73b2ed06010"} | ret=SUCCESS |  
2025-10-20 19:50:13,221 | INFO  | OMAudit | user=runner | ip=127.0.0.1 | op=READ_BUCKET {"volume":"7bf950cd-8b43-429e-bb90-4a7d5430527e","bucket":"832e12e9-a7d6-45de-9d0b-b73b2ed06010"} | ret=SUCCESS |  
2025-10-20 19:50:13,223 | INFO  | SCMAudit | user=runner | ip=127.0.0.1 | op=ALLOCATE_BLOCK {"replication":"RATIS/ONE","owner":"omServiceIdDefault","size":"4194304","sampleBlocks":"[conID: 5 locID: 115816896921600005]","num":"1","client":"","allocated":"1"} | ret=SUCCESS |  
2025-10-20 19:50:13,228 | INFO  | OMAudit | user=runner | ip=127.0.0.1 | op=ALLOCATE_KEY {"volume":"7bf950cd-8b43-429e-bb90-4a7d5430527e","bucket":"832e12e9-a7d6-45de-9d0b-b73b2ed06010","key":"ff7cb87f-24ed-4019-ba35-7f3109b44fef","dataSize":"12","replicationType":"RATIS","replicationFactor":"ONE","Transaction":"15"} | ret=SUCCESS |  
2025-10-20 19:50:13,243 | INFO  | ContainerLog | ID=5 | Index=0 | BCSID=0 | State=OPEN | Volume=/home/runner/work/ozone/ozone/hadoop-ozone/integration-test/target/test-dir/MiniOzoneClusterImpl-6935df51-69ff-4c35-8bd4-ed2b81d70e54/ozone-metadata/datanode-10/data-0/hdds | DataChecksum=0 |  
2025-10-20 19:50:13,245 | INFO  | SCMAudit | user=runner | ip=127.0.0.1 | op=SEND_HEARTBEAT {"datanodeUUID":"33f74daf-be7a-4306-b2af-53e409c4cb93","term":"2","command":"[]"} | ret=SUCCESS |  
2025-10-20 19:50:13,255 | INFO  | SCMAudit | user=runner | ip=127.0.0.1 | op=SEND_HEARTBEAT {"datanodeUUID":"c90bff1f-5a1f-42c6-8fca-9533d718c79a","term":"2","command":"[]"} | ret=SUCCESS |  
2025-10-20 19:50:13,255 | INFO  | OMAudit | user=runner | ip=127.0.0.1 | op=COMMIT_KEY {"volume":"7bf950cd-8b43-429e-bb90-4a7d5430527e","bucket":"832e12e9-a7d6-45de-9d0b-b73b2ed06010","key":"ff7cb87f-24ed-4019-ba35-7f3109b44fef","dataSize":"12","replicationType":"RATIS","replicationFactor":"ONE","Transaction":"16"} | ret=SUCCESS |  
2025-10-20 19:50:13,257 | INFO  | OMAudit | user=runner | ip=127.0.0.1 | op=READ_VOLUME {"volume":"7bf950cd-8b43-429e-bb90-4a7d5430527e"} | ret=SUCCESS |  
2025-10-20 19:50:13,259 | INFO  | OMAudit | user=runner | ip=127.0.0.1 | op=READ_BUCKET {"volume":"7bf950cd-8b43-429e-bb90-4a7d5430527e","bucket":"832e12e9-a7d6-45de-9d0b-b73b2ed06010"} | ret=SUCCESS |  
2025-10-20 19:50:13,261 | INFO  | OMAudit | user=runner | ip=127.0.0.1 | op=READ_BUCKET {"volume":"7bf950cd-8b43-429e-bb90-4a7d5430527e","bucket":"832e12e9-a7d6-45de-9d0b-b73b2ed06010"} | ret=SUCCESS |  
2025-10-20 19:50:13,263 | INFO  | SCMAudit | user=runner | ip=127.0.0.1 | op=ALLOCATE_BLOCK {"replication":"RATIS/ONE","owner":"omServiceIdDefault","size":"4194304","sampleBlocks":"[conID: 6 locID: 115816896921600006]","num":"1","client":"","allocated":"1"} | ret=SUCCESS |  
2025-10-20 19:50:13,267 | INFO  | OMAudit | user=runner | ip=127.0.0.1 | op=ALLOCATE_KEY {"volume":"7bf950cd-8b43-429e-bb90-4a7d5430527e","bucket":"832e12e9-a7d6-45de-9d0b-b73b2ed06010","key":"ff7cb87f-24ed-4019-ba35-7f3109b44fef","dataSize":"12","replicationType":"RATIS","replicationFactor":"ONE","Transaction":"17"} | ret=SUCCESS |  
2025-10-20 19:50:13,274 | INFO  | SCMAudit | user=runner | ip=127.0.0.1 | op=SEND_HEARTBEAT {"datanodeUUID":"7bb0e7f0-2b36-4ec0-8a09-ceac75d91a36","term":"2","command":"[]"} | ret=SUCCESS |  
2025-10-20 19:50:13,283 | INFO  | ContainerLog | ID=6 | Index=0 | BCSID=0 | State=OPEN | Volume=/home/runner/work/ozone/ozone/hadoop-ozone/integration-test/target/test-dir/MiniOzoneClusterImpl-6935df51-69ff-4c35-8bd4-ed2b81d70e54/ozone-metadata/datanode-4/data-0/hdds | DataChecksum=0 |  
2025-10-20 19:50:13,284 | INFO  | SCMAudit | user=runner | ip=127.0.0.1 | op=SEND_HEARTBEAT {"datanodeUUID":"c90bff1f-5a1f-42c6-8fca-9533d718c79a","term":"2","command":"[]"} | ret=SUCCESS |  
2025-10-20 19:50:13,292 | INFO  | OMAudit | user=runner | ip=127.0.0.1 | op=COMMIT_KEY {"volume":"7bf950cd-8b43-429e-bb90-4a7d5430527e","bucket":"832e12e9-a7d6-45de-9d0b-b73b2ed06010","key":"ff7cb87f-24ed-4019-ba35-7f3109b44fef","dataSize":"12","replicationType":"RATIS","replicationFactor":"ONE","Transaction":"18"} | ret=SUCCESS |  
2025-10-20 19:50:13,294 | INFO  | OMAudit | user=runner | ip=127.0.0.1 | op=READ_VOLUME {"volume":"7bf950cd-8b43-429e-bb90-4a7d5430527e"} | ret=SUCCESS |  
2025-10-20 19:50:13,296 | INFO  | OMAudit | user=runner | ip=127.0.0.1 | op=READ_BUCKET {"volume":"7bf950cd-8b43-429e-bb90-4a7d5430527e","bucket":"832e12e9-a7d6-45de-9d0b-b73b2ed06010"} | ret=SUCCESS |  
]]></system-out>
  </testcase>
  <testcase name="cannotRewriteDeletedKey(BucketLayout)[1]" classname="org.apache.hadoop.ozone.client.rpc.TestSecureOzoneRpcClient" time="0.305">
    <system-out><![CDATA[2025-10-20 19:50:13,302 [ForkJoinPool-1-worker-1] INFO  rpc.RpcClient (RpcClient.java:createVolume(461)) - Creating Volume: 19c75daf-38a4-43ca-a661-f22c2bdc2b16, with runner as owner and space quota set to -1 bytes, counts quota set to -1
2025-10-20 19:50:13,305 [om1-OMStateMachineApplyTransactionThread - 0] INFO  volume.OMVolumeCreateRequest (OMVolumeCreateRequest.java:validateAndUpdateCache(213)) - created volume:19c75daf-38a4-43ca-a661-f22c2bdc2b16 for user:runner
2025-10-20 19:50:13,305 | INFO  | OMAudit | user=runner | ip=127.0.0.1 | op=CREATE_VOLUME {"admin":"runner","owner":"runner","volume":"19c75daf-38a4-43ca-a661-f22c2bdc2b16","creationTime":"1760989813303","modificationTime":"1760989813303","quotaInBytes":"-1","quotaInNamespace":"-1","usedNamespace":"0","objectID":"-9223372036854770944","updateID":"19","Transaction":"19"} | ret=SUCCESS |  
2025-10-20 19:50:13,307 | INFO  | OMAudit | user=runner | ip=127.0.0.1 | op=READ_VOLUME {"volume":"19c75daf-38a4-43ca-a661-f22c2bdc2b16"} | ret=SUCCESS |  
2025-10-20 19:50:13,308 [ForkJoinPool-1-worker-1] INFO  rpc.RpcClient (RpcClient.java:createBucket(686)) - Creating Bucket: 19c75daf-38a4-43ca-a661-f22c2bdc2b16/b605c64b-5a60-4c6e-a0c3-1d7e6e604d52, with bucket layout FILE_SYSTEM_OPTIMIZED, runner as owner, Versioning false, Storage Type set to DISK and Encryption set to false, Replication Type set to server-side default replication type, Namespace Quota set to -1, Space Quota set to -1 
2025-10-20 19:50:13,310 [om1-OMStateMachineApplyTransactionThread - 0] INFO  bucket.OMBucketCreateRequest (OMBucketCreateRequest.java:validateAndUpdateCache(303)) - created bucket: b605c64b-5a60-4c6e-a0c3-1d7e6e604d52 of layout FILE_SYSTEM_OPTIMIZED in volume: 19c75daf-38a4-43ca-a661-f22c2bdc2b16
2025-10-20 19:50:13,310 | INFO  | OMAudit | user=runner | ip=127.0.0.1 | op=CREATE_BUCKET {"volume":"19c75daf-38a4-43ca-a661-f22c2bdc2b16","bucket":"b605c64b-5a60-4c6e-a0c3-1d7e6e604d52","bucketLayout":"FILE_SYSTEM_OPTIMIZED","gdprEnabled":null,"acls":"[user:runner:a[ACCESS], group:runner:rl[ACCESS]]","isVersionEnabled":"false","storageType":"DISK","creationTime":"1760989813309","bucketEncryptionKey":null,"modificationTime":"1760989813309","usedBytes":"0","usedNamespace":"0","snapshotUsedBytes":"0","snapshotUsedNamespace":"0","owner":"runner","replicationType":null,"replicationConfig":null,"quotaInBytes":"-1","quotaInNamespace":"-1","Transaction":"20"} | ret=SUCCESS |  
2025-10-20 19:50:13,312 | INFO  | OMAudit | user=runner | ip=127.0.0.1 | op=READ_BUCKET {"volume":"19c75daf-38a4-43ca-a661-f22c2bdc2b16","bucket":"b605c64b-5a60-4c6e-a0c3-1d7e6e604d52"} | ret=SUCCESS |  
2025-10-20 19:50:13,315 | INFO  | OMAudit | user=runner | ip=127.0.0.1 | op=READ_BUCKET {"volume":"19c75daf-38a4-43ca-a661-f22c2bdc2b16","bucket":"b605c64b-5a60-4c6e-a0c3-1d7e6e604d52"} | ret=SUCCESS |  
2025-10-20 19:50:13,318 | INFO  | SCMAudit | user=runner | ip=127.0.0.1 | op=ALLOCATE_BLOCK {"replication":"RATIS/ONE","owner":"omServiceIdDefault","size":"4194304","sampleBlocks":"[conID: 7 locID: 115816896921600007]","num":"1","client":"","allocated":"1"} | ret=SUCCESS |  
2025-10-20 19:50:13,322 | INFO  | OMAudit | user=runner | ip=127.0.0.1 | op=ALLOCATE_KEY {"volume":"19c75daf-38a4-43ca-a661-f22c2bdc2b16","bucket":"b605c64b-5a60-4c6e-a0c3-1d7e6e604d52","key":"cannotRewriteDeletedKey","dataSize":"36","replicationType":"RATIS","replicationFactor":"ONE","Transaction":"21"} | ret=SUCCESS |  
2025-10-20 19:50:13,337 | INFO  | ContainerLog | ID=7 | Index=0 | BCSID=0 | State=OPEN | Volume=/home/runner/work/ozone/ozone/hadoop-ozone/integration-test/target/test-dir/MiniOzoneClusterImpl-6935df51-69ff-4c35-8bd4-ed2b81d70e54/ozone-metadata/datanode-14/data-0/hdds | DataChecksum=0 |  
2025-10-20 19:50:13,339 | INFO  | SCMAudit | user=runner | ip=127.0.0.1 | op=SEND_HEARTBEAT {"datanodeUUID":"38991c48-ffb3-4453-b758-77d6b4ebc62b","term":"2","command":"[]"} | ret=SUCCESS |  
2025-10-20 19:50:13,346 | INFO  | OMAudit | user=runner | ip=127.0.0.1 | op=COMMIT_KEY {"volume":"19c75daf-38a4-43ca-a661-f22c2bdc2b16","bucket":"b605c64b-5a60-4c6e-a0c3-1d7e6e604d52","key":"cannotRewriteDeletedKey","dataSize":"36","replicationType":"RATIS","replicationFactor":"ONE","Transaction":"22"} | ret=SUCCESS |  
2025-10-20 19:50:13,383 | INFO  | SCMAudit | user=runner | ip=127.0.0.1 | op=SEND_HEARTBEAT {"datanodeUUID":"e05592a5-d00f-4fc1-9e39-a968c1ecb04e","term":"2","command":"[]"} | ret=SUCCESS |  
2025-10-20 19:50:13,525 | INFO  | SCMAudit | user=runner | ip=127.0.0.1 | op=SEND_HEARTBEAT {"datanodeUUID":"af0e5da1-57af-45e9-9aca-fa0798d05628","term":"2","command":"[]"} | ret=SUCCESS |  
2025-10-20 19:50:13,527 | INFO  | SCMAudit | user=runner | ip=127.0.0.1 | op=GET_CONTAINER_WITH_PIPELINE_BATCH {"containerIDs":"#7,"} | ret=SUCCESS |  
2025-10-20 19:50:13,535 | INFO  | OMAudit | user=runner | ip=127.0.0.1 | op=READ_KEY {"volume":"19c75daf-38a4-43ca-a661-f22c2bdc2b16","bucket":"b605c64b-5a60-4c6e-a0c3-1d7e6e604d52","key":"cannotRewriteDeletedKey","owner":null,"dataSize":"0","replicationConfig":null} | ret=SUCCESS |  
2025-10-20 19:50:13,549 | INFO  | OMAudit | user=runner | ip=127.0.0.1 | op=DELETE_KEY {"volume":"19c75daf-38a4-43ca-a661-f22c2bdc2b16","bucket":"b605c64b-5a60-4c6e-a0c3-1d7e6e604d52","key":"cannotRewriteDeletedKey","dataSize":"36","replicationConfig":"RATIS/ONE","Transaction":"23"} | ret=SUCCESS |  
2025-10-20 19:50:13,552 | INFO  | OMAudit | user=runner | ip=127.0.0.1 | op=READ_BUCKET {"volume":"19c75daf-38a4-43ca-a661-f22c2bdc2b16","bucket":"b605c64b-5a60-4c6e-a0c3-1d7e6e604d52"} | ret=SUCCESS |  
2025-10-20 19:50:13,554 | INFO  | SCMAudit | user=runner | ip=127.0.0.1 | op=ALLOCATE_BLOCK {"replication":"RATIS/ONE","owner":"omServiceIdDefault","size":"4194304","sampleBlocks":"[conID: 3 locID: 115816896921600008]","num":"1","client":"","allocated":"1"} | ret=SUCCESS |  
2025-10-20 19:50:13,560 [om1-OMStateMachineApplyTransactionThread - 0] ERROR key.OMKeyCreateRequest (OMKeyCreateRequest.java:logResult(400)) - Key creation failed. Volume:19c75daf-38a4-43ca-a661-f22c2bdc2b16, Bucket:b605c64b-5a60-4c6e-a0c3-1d7e6e604d52, Key:cannotRewriteDeletedKey. 
KEY_NOT_FOUND org.apache.hadoop.ozone.om.exceptions.OMException: Key not found during expected rewrite
	at org.apache.hadoop.ozone.om.request.key.OMKeyCreateRequest.validateAtomicRewrite(OMKeyCreateRequest.java:465)
	at org.apache.hadoop.ozone.om.request.key.OMKeyCreateRequestWithFSO.validateAndUpdateCache(OMKeyCreateRequestWithFSO.java:124)
	at org.apache.hadoop.ozone.protocolPB.OzoneManagerRequestHandler.lambda$0(OzoneManagerRequestHandler.java:418)
	at org.apache.hadoop.ozone.util.MetricUtil.captureLatencyNs(MetricUtil.java:45)
	at org.apache.hadoop.ozone.protocolPB.OzoneManagerRequestHandler.handleWriteRequestImpl(OzoneManagerRequestHandler.java:416)
	at org.apache.hadoop.ozone.protocolPB.RequestHandler.handleWriteRequest(RequestHandler.java:62)
	at org.apache.hadoop.ozone.om.ratis.OzoneManagerStateMachine.runCommand(OzoneManagerStateMachine.java:599)
	at org.apache.hadoop.ozone.om.ratis.OzoneManagerStateMachine.lambda$3(OzoneManagerStateMachine.java:415)
	at java.base/java.util.concurrent.CompletableFuture$AsyncSupply.run(CompletableFuture.java:1768)
	at java.base/java.util.concurrent.ThreadPoolExecutor.runWorker(ThreadPoolExecutor.java:1144)
	at java.base/java.util.concurrent.ThreadPoolExecutor$Worker.run(ThreadPoolExecutor.java:642)
	at java.base/java.lang.Thread.run(Thread.java:1583)
2025-10-20 19:50:13,560 | ERROR | OMAudit | user=runner | ip=127.0.0.1 | op=ALLOCATE_KEY {"volume":"19c75daf-38a4-43ca-a661-f22c2bdc2b16","bucket":"b605c64b-5a60-4c6e-a0c3-1d7e6e604d52","key":"cannotRewriteDeletedKey","dataSize":"36","replicationType":"RATIS","replicationFactor":"ONE","rewriteGeneration":"22","Transaction":"24"} | ret=FAILURE | 
org.apache.hadoop.ozone.om.exceptions.OMException: Key not found during expected rewrite
	at org.apache.hadoop.ozone.om.request.key.OMKeyCreateRequest.validateAtomicRewrite(OMKeyCreateRequest.java:465)
	at org.apache.hadoop.ozone.om.request.key.OMKeyCreateRequestWithFSO.validateAndUpdateCache(OMKeyCreateRequestWithFSO.java:124)
 
]]></system-out>
  </testcase>
  <testcase name="cannotRewriteDeletedKey(BucketLayout)[2]" classname="org.apache.hadoop.ozone.client.rpc.TestSecureOzoneRpcClient" time="0.059">
    <system-out><![CDATA[2025-10-20 19:50:13,608 [ForkJoinPool-1-worker-1] INFO  rpc.RpcClient (RpcClient.java:createVolume(461)) - Creating Volume: 9e266e2e-a506-43cf-b116-fe5ddba31704, with runner as owner and space quota set to -1 bytes, counts quota set to -1
2025-10-20 19:50:13,611 [om1-OMStateMachineApplyTransactionThread - 0] INFO  volume.OMVolumeCreateRequest (OMVolumeCreateRequest.java:validateAndUpdateCache(213)) - created volume:9e266e2e-a506-43cf-b116-fe5ddba31704 for user:runner
2025-10-20 19:50:13,611 | INFO  | OMAudit | user=runner | ip=127.0.0.1 | op=CREATE_VOLUME {"admin":"runner","owner":"runner","volume":"9e266e2e-a506-43cf-b116-fe5ddba31704","creationTime":"1760989813609","modificationTime":"1760989813609","quotaInBytes":"-1","quotaInNamespace":"-1","usedNamespace":"0","objectID":"-9223372036854769408","updateID":"25","Transaction":"25"} | ret=SUCCESS |  
2025-10-20 19:50:13,613 | INFO  | OMAudit | user=runner | ip=127.0.0.1 | op=READ_VOLUME {"volume":"9e266e2e-a506-43cf-b116-fe5ddba31704"} | ret=SUCCESS |  
2025-10-20 19:50:13,614 [ForkJoinPool-1-worker-1] INFO  rpc.RpcClient (RpcClient.java:createBucket(686)) - Creating Bucket: 9e266e2e-a506-43cf-b116-fe5ddba31704/ef4f00ce-b573-4c94-9e48-c8d602863b84, with bucket layout OBJECT_STORE, runner as owner, Versioning false, Storage Type set to DISK and Encryption set to false, Replication Type set to server-side default replication type, Namespace Quota set to -1, Space Quota set to -1 
2025-10-20 19:50:13,616 [om1-OMStateMachineApplyTransactionThread - 0] INFO  bucket.OMBucketCreateRequest (OMBucketCreateRequest.java:validateAndUpdateCache(303)) - created bucket: ef4f00ce-b573-4c94-9e48-c8d602863b84 of layout OBJECT_STORE in volume: 9e266e2e-a506-43cf-b116-fe5ddba31704
2025-10-20 19:50:13,616 | INFO  | OMAudit | user=runner | ip=127.0.0.1 | op=CREATE_BUCKET {"volume":"9e266e2e-a506-43cf-b116-fe5ddba31704","bucket":"ef4f00ce-b573-4c94-9e48-c8d602863b84","bucketLayout":"OBJECT_STORE","gdprEnabled":null,"acls":"[user:runner:a[ACCESS], group:runner:rl[ACCESS]]","isVersionEnabled":"false","storageType":"DISK","creationTime":"1760989813615","bucketEncryptionKey":null,"modificationTime":"1760989813615","usedBytes":"0","usedNamespace":"0","snapshotUsedBytes":"0","snapshotUsedNamespace":"0","owner":"runner","replicationType":null,"replicationConfig":null,"quotaInBytes":"-1","quotaInNamespace":"-1","Transaction":"26"} | ret=SUCCESS |  
2025-10-20 19:50:13,618 | INFO  | OMAudit | user=runner | ip=127.0.0.1 | op=READ_BUCKET {"volume":"9e266e2e-a506-43cf-b116-fe5ddba31704","bucket":"ef4f00ce-b573-4c94-9e48-c8d602863b84"} | ret=SUCCESS |  
2025-10-20 19:50:13,620 | INFO  | OMAudit | user=runner | ip=127.0.0.1 | op=READ_BUCKET {"volume":"9e266e2e-a506-43cf-b116-fe5ddba31704","bucket":"ef4f00ce-b573-4c94-9e48-c8d602863b84"} | ret=SUCCESS |  
2025-10-20 19:50:13,622 | INFO  | SCMAudit | user=runner | ip=127.0.0.1 | op=ALLOCATE_BLOCK {"replication":"RATIS/ONE","owner":"omServiceIdDefault","size":"4194304","sampleBlocks":"[conID: 8 locID: 115816896921600009]","num":"1","client":"","allocated":"1"} | ret=SUCCESS |  
2025-10-20 19:50:13,626 | INFO  | OMAudit | user=runner | ip=127.0.0.1 | op=ALLOCATE_KEY {"volume":"9e266e2e-a506-43cf-b116-fe5ddba31704","bucket":"ef4f00ce-b573-4c94-9e48-c8d602863b84","key":"cannotRewriteDeletedKey","dataSize":"36","replicationType":"RATIS","replicationFactor":"ONE","Transaction":"27"} | ret=SUCCESS |  
2025-10-20 19:50:13,639 | INFO  | ContainerLog | ID=8 | Index=0 | BCSID=0 | State=OPEN | Volume=/home/runner/work/ozone/ozone/hadoop-ozone/integration-test/target/test-dir/MiniOzoneClusterImpl-6935df51-69ff-4c35-8bd4-ed2b81d70e54/ozone-metadata/datanode-8/data-0/hdds | DataChecksum=0 |  
2025-10-20 19:50:13,640 | INFO  | SCMAudit | user=runner | ip=127.0.0.1 | op=SEND_HEARTBEAT {"datanodeUUID":"7bb0e7f0-2b36-4ec0-8a09-ceac75d91a36","term":"2","command":"[]"} | ret=SUCCESS |  
2025-10-20 19:50:13,648 | INFO  | OMAudit | user=runner | ip=127.0.0.1 | op=COMMIT_KEY {"volume":"9e266e2e-a506-43cf-b116-fe5ddba31704","bucket":"ef4f00ce-b573-4c94-9e48-c8d602863b84","key":"cannotRewriteDeletedKey","dataSize":"36","replicationType":"RATIS","replicationFactor":"ONE","Transaction":"28"} | ret=SUCCESS |  
2025-10-20 19:50:13,651 | INFO  | SCMAudit | user=runner | ip=127.0.0.1 | op=GET_CONTAINER_WITH_PIPELINE_BATCH {"containerIDs":"#8,"} | ret=SUCCESS |  
2025-10-20 19:50:13,652 | INFO  | OMAudit | user=runner | ip=127.0.0.1 | op=READ_KEY {"volume":"9e266e2e-a506-43cf-b116-fe5ddba31704","bucket":"ef4f00ce-b573-4c94-9e48-c8d602863b84","key":"cannotRewriteDeletedKey","owner":null,"dataSize":"0","replicationConfig":null} | ret=SUCCESS |  
2025-10-20 19:50:13,657 | INFO  | OMAudit | user=runner | ip=127.0.0.1 | op=DELETE_KEY {"volume":"9e266e2e-a506-43cf-b116-fe5ddba31704","bucket":"ef4f00ce-b573-4c94-9e48-c8d602863b84","key":"cannotRewriteDeletedKey","dataSize":"36","replicationConfig":"RATIS/ONE","Transaction":"29"} | ret=SUCCESS |  
2025-10-20 19:50:13,659 | INFO  | OMAudit | user=runner | ip=127.0.0.1 | op=READ_BUCKET {"volume":"9e266e2e-a506-43cf-b116-fe5ddba31704","bucket":"ef4f00ce-b573-4c94-9e48-c8d602863b84"} | ret=SUCCESS |  
2025-10-20 19:50:13,661 | INFO  | SCMAudit | user=runner | ip=127.0.0.1 | op=ALLOCATE_BLOCK {"replication":"RATIS/ONE","owner":"omServiceIdDefault","size":"4194304","sampleBlocks":"[conID: 9 locID: 115816896921600010]","num":"1","client":"","allocated":"1"} | ret=SUCCESS |  
2025-10-20 19:50:13,664 [om1-OMStateMachineApplyTransactionThread - 0] ERROR key.OMKeyCreateRequest (OMKeyCreateRequest.java:logResult(400)) - Key creation failed. Volume:9e266e2e-a506-43cf-b116-fe5ddba31704, Bucket:ef4f00ce-b573-4c94-9e48-c8d602863b84, Key:cannotRewriteDeletedKey. 
KEY_NOT_FOUND org.apache.hadoop.ozone.om.exceptions.OMException: Key not found during expected rewrite
	at org.apache.hadoop.ozone.om.request.key.OMKeyCreateRequest.validateAtomicRewrite(OMKeyCreateRequest.java:465)
	at org.apache.hadoop.ozone.om.request.key.OMKeyCreateRequest.validateAndUpdateCache(OMKeyCreateRequest.java:240)
	at org.apache.hadoop.ozone.protocolPB.OzoneManagerRequestHandler.lambda$0(OzoneManagerRequestHandler.java:418)
	at org.apache.hadoop.ozone.util.MetricUtil.captureLatencyNs(MetricUtil.java:45)
	at org.apache.hadoop.ozone.protocolPB.OzoneManagerRequestHandler.handleWriteRequestImpl(OzoneManagerRequestHandler.java:416)
	at org.apache.hadoop.ozone.protocolPB.RequestHandler.handleWriteRequest(RequestHandler.java:62)
	at org.apache.hadoop.ozone.om.ratis.OzoneManagerStateMachine.runCommand(OzoneManagerStateMachine.java:599)
	at org.apache.hadoop.ozone.om.ratis.OzoneManagerStateMachine.lambda$3(OzoneManagerStateMachine.java:415)
	at java.base/java.util.concurrent.CompletableFuture$AsyncSupply.run(CompletableFuture.java:1768)
	at java.base/java.util.concurrent.ThreadPoolExecutor.runWorker(ThreadPoolExecutor.java:1144)
	at java.base/java.util.concurrent.ThreadPoolExecutor$Worker.run(ThreadPoolExecutor.java:642)
	at java.base/java.lang.Thread.run(Thread.java:1583)
2025-10-20 19:50:13,664 | ERROR | OMAudit | user=runner | ip=127.0.0.1 | op=ALLOCATE_KEY {"volume":"9e266e2e-a506-43cf-b116-fe5ddba31704","bucket":"ef4f00ce-b573-4c94-9e48-c8d602863b84","key":"cannotRewriteDeletedKey","dataSize":"36","replicationType":"RATIS","replicationFactor":"ONE","rewriteGeneration":"28","Transaction":"30"} | ret=FAILURE | 
org.apache.hadoop.ozone.om.exceptions.OMException: Key not found during expected rewrite
	at org.apache.hadoop.ozone.om.request.key.OMKeyCreateRequest.validateAtomicRewrite(OMKeyCreateRequest.java:465)
	at org.apache.hadoop.ozone.om.request.key.OMKeyCreateRequest.validateAndUpdateCache(OMKeyCreateRequest.java:240)
 
]]></system-out>
  </testcase>
  <testcase name="cannotRewriteDeletedKey(BucketLayout)[3]" classname="org.apache.hadoop.ozone.client.rpc.TestSecureOzoneRpcClient" time="0.057">
    <system-out><![CDATA[2025-10-20 19:50:13,667 [ForkJoinPool-1-worker-1] INFO  rpc.RpcClient (RpcClient.java:createVolume(461)) - Creating Volume: c60d2719-925d-4f4a-a4b0-ae0c5743ad23, with runner as owner and space quota set to -1 bytes, counts quota set to -1
2025-10-20 19:50:13,669 [om1-OMStateMachineApplyTransactionThread - 0] INFO  volume.OMVolumeCreateRequest (OMVolumeCreateRequest.java:validateAndUpdateCache(213)) - created volume:c60d2719-925d-4f4a-a4b0-ae0c5743ad23 for user:runner
2025-10-20 19:50:13,669 | INFO  | OMAudit | user=runner | ip=127.0.0.1 | op=CREATE_VOLUME {"admin":"runner","owner":"runner","volume":"c60d2719-925d-4f4a-a4b0-ae0c5743ad23","creationTime":"1760989813668","modificationTime":"1760989813668","quotaInBytes":"-1","quotaInNamespace":"-1","usedNamespace":"0","objectID":"-9223372036854767872","updateID":"31","Transaction":"31"} | ret=SUCCESS |  
2025-10-20 19:50:13,671 | INFO  | OMAudit | user=runner | ip=127.0.0.1 | op=READ_VOLUME {"volume":"c60d2719-925d-4f4a-a4b0-ae0c5743ad23"} | ret=SUCCESS |  
2025-10-20 19:50:13,671 [ForkJoinPool-1-worker-1] INFO  rpc.RpcClient (RpcClient.java:createBucket(686)) - Creating Bucket: c60d2719-925d-4f4a-a4b0-ae0c5743ad23/a13af1ad-2f15-42b6-acc3-7ab9d402c9bc, with bucket layout LEGACY, runner as owner, Versioning false, Storage Type set to DISK and Encryption set to false, Replication Type set to server-side default replication type, Namespace Quota set to -1, Space Quota set to -1 
2025-10-20 19:50:13,674 [om1-OMStateMachineApplyTransactionThread - 0] INFO  bucket.OMBucketCreateRequest (OMBucketCreateRequest.java:validateAndUpdateCache(303)) - created bucket: a13af1ad-2f15-42b6-acc3-7ab9d402c9bc of layout LEGACY in volume: c60d2719-925d-4f4a-a4b0-ae0c5743ad23
2025-10-20 19:50:13,675 | INFO  | OMAudit | user=runner | ip=127.0.0.1 | op=CREATE_BUCKET {"volume":"c60d2719-925d-4f4a-a4b0-ae0c5743ad23","bucket":"a13af1ad-2f15-42b6-acc3-7ab9d402c9bc","bucketLayout":"LEGACY","gdprEnabled":null,"acls":"[user:runner:a[ACCESS], group:runner:rl[ACCESS]]","isVersionEnabled":"false","storageType":"DISK","creationTime":"1760989813672","bucketEncryptionKey":null,"modificationTime":"1760989813672","usedBytes":"0","usedNamespace":"0","snapshotUsedBytes":"0","snapshotUsedNamespace":"0","owner":"runner","replicationType":null,"replicationConfig":null,"quotaInBytes":"-1","quotaInNamespace":"-1","Transaction":"32"} | ret=SUCCESS |  
2025-10-20 19:50:13,676 | INFO  | OMAudit | user=runner | ip=127.0.0.1 | op=READ_BUCKET {"volume":"c60d2719-925d-4f4a-a4b0-ae0c5743ad23","bucket":"a13af1ad-2f15-42b6-acc3-7ab9d402c9bc"} | ret=SUCCESS |  
2025-10-20 19:50:13,678 | INFO  | OMAudit | user=runner | ip=127.0.0.1 | op=READ_BUCKET {"volume":"c60d2719-925d-4f4a-a4b0-ae0c5743ad23","bucket":"a13af1ad-2f15-42b6-acc3-7ab9d402c9bc"} | ret=SUCCESS |  
2025-10-20 19:50:13,680 | INFO  | SCMAudit | user=runner | ip=127.0.0.1 | op=ALLOCATE_BLOCK {"replication":"RATIS/ONE","owner":"omServiceIdDefault","size":"4194304","sampleBlocks":"[conID: 10 locID: 115816896921600011]","num":"1","client":"","allocated":"1"} | ret=SUCCESS |  
2025-10-20 19:50:13,683 | INFO  | OMAudit | user=runner | ip=127.0.0.1 | op=ALLOCATE_KEY {"volume":"c60d2719-925d-4f4a-a4b0-ae0c5743ad23","bucket":"a13af1ad-2f15-42b6-acc3-7ab9d402c9bc","key":"cannotRewriteDeletedKey","dataSize":"36","replicationType":"RATIS","replicationFactor":"ONE","Transaction":"33"} | ret=SUCCESS |  
2025-10-20 19:50:13,697 | INFO  | ContainerLog | ID=10 | Index=0 | BCSID=0 | State=OPEN | Volume=/home/runner/work/ozone/ozone/hadoop-ozone/integration-test/target/test-dir/MiniOzoneClusterImpl-6935df51-69ff-4c35-8bd4-ed2b81d70e54/ozone-metadata/datanode-3/data-0/hdds | DataChecksum=0 |  
2025-10-20 19:50:13,699 | INFO  | SCMAudit | user=runner | ip=127.0.0.1 | op=SEND_HEARTBEAT {"datanodeUUID":"361055de-215b-4c6c-94c2-be1c1da118d1","term":"2","command":"[]"} | ret=SUCCESS |  
2025-10-20 19:50:13,707 | INFO  | OMAudit | user=runner | ip=127.0.0.1 | op=COMMIT_KEY {"volume":"c60d2719-925d-4f4a-a4b0-ae0c5743ad23","bucket":"a13af1ad-2f15-42b6-acc3-7ab9d402c9bc","key":"cannotRewriteDeletedKey","dataSize":"36","replicationType":"RATIS","replicationFactor":"ONE","Transaction":"34"} | ret=SUCCESS |  
2025-10-20 19:50:13,710 | INFO  | SCMAudit | user=runner | ip=127.0.0.1 | op=GET_CONTAINER_WITH_PIPELINE_BATCH {"containerIDs":"#10,"} | ret=SUCCESS |  
2025-10-20 19:50:13,711 | INFO  | OMAudit | user=runner | ip=127.0.0.1 | op=READ_KEY {"volume":"c60d2719-925d-4f4a-a4b0-ae0c5743ad23","bucket":"a13af1ad-2f15-42b6-acc3-7ab9d402c9bc","key":"cannotRewriteDeletedKey","owner":null,"dataSize":"0","replicationConfig":null} | ret=SUCCESS |  
2025-10-20 19:50:13,716 | INFO  | OMAudit | user=runner | ip=127.0.0.1 | op=DELETE_KEY {"volume":"c60d2719-925d-4f4a-a4b0-ae0c5743ad23","bucket":"a13af1ad-2f15-42b6-acc3-7ab9d402c9bc","key":"cannotRewriteDeletedKey","dataSize":"36","replicationConfig":"RATIS/ONE","Transaction":"35"} | ret=SUCCESS |  
2025-10-20 19:50:13,718 | INFO  | OMAudit | user=runner | ip=127.0.0.1 | op=READ_BUCKET {"volume":"c60d2719-925d-4f4a-a4b0-ae0c5743ad23","bucket":"a13af1ad-2f15-42b6-acc3-7ab9d402c9bc"} | ret=SUCCESS |  
2025-10-20 19:50:13,719 | INFO  | SCMAudit | user=runner | ip=127.0.0.1 | op=ALLOCATE_BLOCK {"replication":"RATIS/ONE","owner":"omServiceIdDefault","size":"4194304","sampleBlocks":"[conID: 3 locID: 115816896921600012]","num":"1","client":"","allocated":"1"} | ret=SUCCESS |  
2025-10-20 19:50:13,722 [om1-OMStateMachineApplyTransactionThread - 0] ERROR key.OMKeyCreateRequest (OMKeyCreateRequest.java:logResult(400)) - Key creation failed. Volume:c60d2719-925d-4f4a-a4b0-ae0c5743ad23, Bucket:a13af1ad-2f15-42b6-acc3-7ab9d402c9bc, Key:cannotRewriteDeletedKey. 
KEY_NOT_FOUND org.apache.hadoop.ozone.om.exceptions.OMException: Key not found during expected rewrite
	at org.apache.hadoop.ozone.om.request.key.OMKeyCreateRequest.validateAtomicRewrite(OMKeyCreateRequest.java:465)
	at org.apache.hadoop.ozone.om.request.key.OMKeyCreateRequest.validateAndUpdateCache(OMKeyCreateRequest.java:240)
	at org.apache.hadoop.ozone.protocolPB.OzoneManagerRequestHandler.lambda$0(OzoneManagerRequestHandler.java:418)
	at org.apache.hadoop.ozone.util.MetricUtil.captureLatencyNs(MetricUtil.java:45)
	at org.apache.hadoop.ozone.protocolPB.OzoneManagerRequestHandler.handleWriteRequestImpl(OzoneManagerRequestHandler.java:416)
	at org.apache.hadoop.ozone.protocolPB.RequestHandler.handleWriteRequest(RequestHandler.java:62)
	at org.apache.hadoop.ozone.om.ratis.OzoneManagerStateMachine.runCommand(OzoneManagerStateMachine.java:599)
	at org.apache.hadoop.ozone.om.ratis.OzoneManagerStateMachine.lambda$3(OzoneManagerStateMachine.java:415)
	at java.base/java.util.concurrent.CompletableFuture$AsyncSupply.run(CompletableFuture.java:1768)
	at java.base/java.util.concurrent.ThreadPoolExecutor.runWorker(ThreadPoolExecutor.java:1144)
	at java.base/java.util.concurrent.ThreadPoolExecutor$Worker.run(ThreadPoolExecutor.java:642)
	at java.base/java.lang.Thread.run(Thread.java:1583)
2025-10-20 19:50:13,722 | ERROR | OMAudit | user=runner | ip=127.0.0.1 | op=ALLOCATE_KEY {"volume":"c60d2719-925d-4f4a-a4b0-ae0c5743ad23","bucket":"a13af1ad-2f15-42b6-acc3-7ab9d402c9bc","key":"cannotRewriteDeletedKey","dataSize":"36","replicationType":"RATIS","replicationFactor":"ONE","rewriteGeneration":"34","Transaction":"36"} | ret=FAILURE | 
org.apache.hadoop.ozone.om.exceptions.OMException: Key not found during expected rewrite
	at org.apache.hadoop.ozone.om.request.key.OMKeyCreateRequest.validateAtomicRewrite(OMKeyCreateRequest.java:465)
	at org.apache.hadoop.ozone.om.request.key.OMKeyCreateRequest.validateAndUpdateCache(OMKeyCreateRequest.java:240)
 
]]></system-out>
  </testcase>
  <testcase name="cannotRewriteRenamedKey(BucketLayout)[1]" classname="org.apache.hadoop.ozone.client.rpc.TestSecureOzoneRpcClient" time="0.071">
    <system-out><![CDATA[2025-10-20 19:50:13,727 [ForkJoinPool-1-worker-1] INFO  rpc.RpcClient (RpcClient.java:createVolume(461)) - Creating Volume: b1c99afc-3cc2-4761-a356-ce5c87375f58, with runner as owner and space quota set to -1 bytes, counts quota set to -1
2025-10-20 19:50:13,731 [om1-OMStateMachineApplyTransactionThread - 0] INFO  volume.OMVolumeCreateRequest (OMVolumeCreateRequest.java:validateAndUpdateCache(213)) - created volume:b1c99afc-3cc2-4761-a356-ce5c87375f58 for user:runner
2025-10-20 19:50:13,731 | INFO  | OMAudit | user=runner | ip=127.0.0.1 | op=CREATE_VOLUME {"admin":"runner","owner":"runner","volume":"b1c99afc-3cc2-4761-a356-ce5c87375f58","creationTime":"1760989813729","modificationTime":"1760989813729","quotaInBytes":"-1","quotaInNamespace":"-1","usedNamespace":"0","objectID":"-9223372036854766336","updateID":"37","Transaction":"37"} | ret=SUCCESS |  
2025-10-20 19:50:13,733 | INFO  | OMAudit | user=runner | ip=127.0.0.1 | op=READ_VOLUME {"volume":"b1c99afc-3cc2-4761-a356-ce5c87375f58"} | ret=SUCCESS |  
2025-10-20 19:50:13,734 [ForkJoinPool-1-worker-1] INFO  rpc.RpcClient (RpcClient.java:createBucket(686)) - Creating Bucket: b1c99afc-3cc2-4761-a356-ce5c87375f58/a34b67eb-437f-4b48-8116-1d971e6a197f, with bucket layout FILE_SYSTEM_OPTIMIZED, runner as owner, Versioning false, Storage Type set to DISK and Encryption set to false, Replication Type set to server-side default replication type, Namespace Quota set to -1, Space Quota set to -1 
2025-10-20 19:50:13,736 [om1-OMStateMachineApplyTransactionThread - 0] INFO  bucket.OMBucketCreateRequest (OMBucketCreateRequest.java:validateAndUpdateCache(303)) - created bucket: a34b67eb-437f-4b48-8116-1d971e6a197f of layout FILE_SYSTEM_OPTIMIZED in volume: b1c99afc-3cc2-4761-a356-ce5c87375f58
2025-10-20 19:50:13,737 | INFO  | OMAudit | user=runner | ip=127.0.0.1 | op=CREATE_BUCKET {"volume":"b1c99afc-3cc2-4761-a356-ce5c87375f58","bucket":"a34b67eb-437f-4b48-8116-1d971e6a197f","bucketLayout":"FILE_SYSTEM_OPTIMIZED","gdprEnabled":null,"acls":"[user:runner:a[ACCESS], group:runner:rl[ACCESS]]","isVersionEnabled":"false","storageType":"DISK","creationTime":"1760989813735","bucketEncryptionKey":null,"modificationTime":"1760989813735","usedBytes":"0","usedNamespace":"0","snapshotUsedBytes":"0","snapshotUsedNamespace":"0","owner":"runner","replicationType":null,"replicationConfig":null,"quotaInBytes":"-1","quotaInNamespace":"-1","Transaction":"38"} | ret=SUCCESS |  
2025-10-20 19:50:13,739 | INFO  | OMAudit | user=runner | ip=127.0.0.1 | op=READ_BUCKET {"volume":"b1c99afc-3cc2-4761-a356-ce5c87375f58","bucket":"a34b67eb-437f-4b48-8116-1d971e6a197f"} | ret=SUCCESS |  
2025-10-20 19:50:13,740 | INFO  | OMAudit | user=runner | ip=127.0.0.1 | op=READ_BUCKET {"volume":"b1c99afc-3cc2-4761-a356-ce5c87375f58","bucket":"a34b67eb-437f-4b48-8116-1d971e6a197f"} | ret=SUCCESS |  
2025-10-20 19:50:13,741 | INFO  | SCMAudit | user=runner | ip=127.0.0.1 | op=ALLOCATE_BLOCK {"replication":"RATIS/ONE","owner":"omServiceIdDefault","size":"4194304","sampleBlocks":"[conID: 9 locID: 115816896921600013]","num":"1","client":"","allocated":"1"} | ret=SUCCESS |  
2025-10-20 19:50:13,745 | INFO  | OMAudit | user=runner | ip=127.0.0.1 | op=ALLOCATE_KEY {"volume":"b1c99afc-3cc2-4761-a356-ce5c87375f58","bucket":"a34b67eb-437f-4b48-8116-1d971e6a197f","key":"cannotRewriteRenamedKey","dataSize":"36","replicationType":"RATIS","replicationFactor":"ONE","Transaction":"39"} | ret=SUCCESS |  
2025-10-20 19:50:13,761 | INFO  | ContainerLog | ID=9 | Index=0 | BCSID=0 | State=OPEN | Volume=/home/runner/work/ozone/ozone/hadoop-ozone/integration-test/target/test-dir/MiniOzoneClusterImpl-6935df51-69ff-4c35-8bd4-ed2b81d70e54/ozone-metadata/datanode-1/data-0/hdds | DataChecksum=0 |  
2025-10-20 19:50:13,762 | INFO  | SCMAudit | user=runner | ip=127.0.0.1 | op=SEND_HEARTBEAT {"datanodeUUID":"e05592a5-d00f-4fc1-9e39-a968c1ecb04e","term":"2","command":"[]"} | ret=SUCCESS |  
2025-10-20 19:50:13,770 | INFO  | OMAudit | user=runner | ip=127.0.0.1 | op=COMMIT_KEY {"volume":"b1c99afc-3cc2-4761-a356-ce5c87375f58","bucket":"a34b67eb-437f-4b48-8116-1d971e6a197f","key":"cannotRewriteRenamedKey","dataSize":"36","replicationType":"RATIS","replicationFactor":"ONE","Transaction":"40"} | ret=SUCCESS |  
2025-10-20 19:50:13,774 | INFO  | SCMAudit | user=runner | ip=127.0.0.1 | op=GET_CONTAINER_WITH_PIPELINE_BATCH {"containerIDs":"#9,"} | ret=SUCCESS |  
2025-10-20 19:50:13,775 | INFO  | OMAudit | user=runner | ip=127.0.0.1 | op=READ_KEY {"volume":"b1c99afc-3cc2-4761-a356-ce5c87375f58","bucket":"a34b67eb-437f-4b48-8116-1d971e6a197f","key":"cannotRewriteRenamedKey","owner":null,"dataSize":"0","replicationConfig":null} | ret=SUCCESS |  
2025-10-20 19:50:13,784 | INFO  | SCMAudit | user=runner | ip=127.0.0.1 | op=SEND_HEARTBEAT {"datanodeUUID":"b614738c-cdff-4f09-bf59-ed5bb75d51be","term":"2","command":"[]"} | ret=SUCCESS |  
2025-10-20 19:50:13,788 | INFO  | OMAudit | user=runner | ip=127.0.0.1 | op=RENAME_KEY {"volume":"b1c99afc-3cc2-4761-a356-ce5c87375f58","bucket":"a34b67eb-437f-4b48-8116-1d971e6a197f","dataSize":"0","srcKey":"cannotRewriteRenamedKey","dstKey":"newKeyName-FILE_SYSTEM_OPTIMIZED","Transaction":"41"} | ret=SUCCESS |  
2025-10-20 19:50:13,790 | INFO  | OMAudit | user=runner | ip=127.0.0.1 | op=READ_BUCKET {"volume":"b1c99afc-3cc2-4761-a356-ce5c87375f58","bucket":"a34b67eb-437f-4b48-8116-1d971e6a197f"} | ret=SUCCESS |  
2025-10-20 19:50:13,792 | INFO  | SCMAudit | user=runner | ip=127.0.0.1 | op=ALLOCATE_BLOCK {"replication":"RATIS/ONE","owner":"omServiceIdDefault","size":"4194304","sampleBlocks":"[conID: 8 locID: 115816896921600014]","num":"1","client":"","allocated":"1"} | ret=SUCCESS |  
2025-10-20 19:50:13,795 [om1-OMStateMachineApplyTransactionThread - 0] ERROR key.OMKeyCreateRequest (OMKeyCreateRequest.java:logResult(400)) - Key creation failed. Volume:b1c99afc-3cc2-4761-a356-ce5c87375f58, Bucket:a34b67eb-437f-4b48-8116-1d971e6a197f, Key:cannotRewriteRenamedKey. 
KEY_NOT_FOUND org.apache.hadoop.ozone.om.exceptions.OMException: Key not found during expected rewrite
	at org.apache.hadoop.ozone.om.request.key.OMKeyCreateRequest.validateAtomicRewrite(OMKeyCreateRequest.java:465)
	at org.apache.hadoop.ozone.om.request.key.OMKeyCreateRequestWithFSO.validateAndUpdateCache(OMKeyCreateRequestWithFSO.java:124)
	at org.apache.hadoop.ozone.protocolPB.OzoneManagerRequestHandler.lambda$0(OzoneManagerRequestHandler.java:418)
	at org.apache.hadoop.ozone.util.MetricUtil.captureLatencyNs(MetricUtil.java:45)
	at org.apache.hadoop.ozone.protocolPB.OzoneManagerRequestHandler.handleWriteRequestImpl(OzoneManagerRequestHandler.java:416)
	at org.apache.hadoop.ozone.protocolPB.RequestHandler.handleWriteRequest(RequestHandler.java:62)
	at org.apache.hadoop.ozone.om.ratis.OzoneManagerStateMachine.runCommand(OzoneManagerStateMachine.java:599)
	at org.apache.hadoop.ozone.om.ratis.OzoneManagerStateMachine.lambda$3(OzoneManagerStateMachine.java:415)
	at java.base/java.util.concurrent.CompletableFuture$AsyncSupply.run(CompletableFuture.java:1768)
	at java.base/java.util.concurrent.ThreadPoolExecutor.runWorker(ThreadPoolExecutor.java:1144)
	at java.base/java.util.concurrent.ThreadPoolExecutor$Worker.run(ThreadPoolExecutor.java:642)
	at java.base/java.lang.Thread.run(Thread.java:1583)
2025-10-20 19:50:13,796 | ERROR | OMAudit | user=runner | ip=127.0.0.1 | op=ALLOCATE_KEY {"volume":"b1c99afc-3cc2-4761-a356-ce5c87375f58","bucket":"a34b67eb-437f-4b48-8116-1d971e6a197f","key":"cannotRewriteRenamedKey","dataSize":"36","replicationType":"RATIS","replicationFactor":"ONE","rewriteGeneration":"40","Transaction":"42"} | ret=FAILURE | 
org.apache.hadoop.ozone.om.exceptions.OMException: Key not found during expected rewrite
	at org.apache.hadoop.ozone.om.request.key.OMKeyCreateRequest.validateAtomicRewrite(OMKeyCreateRequest.java:465)
	at org.apache.hadoop.ozone.om.request.key.OMKeyCreateRequestWithFSO.validateAndUpdateCache(OMKeyCreateRequestWithFSO.java:124)
 
]]></system-out>
  </testcase>
  <testcase name="cannotRewriteRenamedKey(BucketLayout)[2]" classname="org.apache.hadoop.ozone.client.rpc.TestSecureOzoneRpcClient" time="0.045">
    <system-out><![CDATA[2025-10-20 19:50:13,800 [ForkJoinPool-1-worker-1] INFO  rpc.RpcClient (RpcClient.java:createVolume(461)) - Creating Volume: c8f7b535-2c7e-4629-80f6-d79fbf63efb7, with runner as owner and space quota set to -1 bytes, counts quota set to -1
2025-10-20 19:50:13,802 [om1-OMStateMachineApplyTransactionThread - 0] INFO  volume.OMVolumeCreateRequest (OMVolumeCreateRequest.java:validateAndUpdateCache(213)) - created volume:c8f7b535-2c7e-4629-80f6-d79fbf63efb7 for user:runner
2025-10-20 19:50:13,803 | INFO  | OMAudit | user=runner | ip=127.0.0.1 | op=CREATE_VOLUME {"admin":"runner","owner":"runner","volume":"c8f7b535-2c7e-4629-80f6-d79fbf63efb7","creationTime":"1760989813801","modificationTime":"1760989813801","quotaInBytes":"-1","quotaInNamespace":"-1","usedNamespace":"0","objectID":"-9223372036854764800","updateID":"43","Transaction":"43"} | ret=SUCCESS |  
2025-10-20 19:50:13,804 | INFO  | OMAudit | user=runner | ip=127.0.0.1 | op=READ_VOLUME {"volume":"c8f7b535-2c7e-4629-80f6-d79fbf63efb7"} | ret=SUCCESS |  
2025-10-20 19:50:13,805 [ForkJoinPool-1-worker-1] INFO  rpc.RpcClient (RpcClient.java:createBucket(686)) - Creating Bucket: c8f7b535-2c7e-4629-80f6-d79fbf63efb7/59f961ca-6075-4cfa-8bb5-3a832277b180, with bucket layout OBJECT_STORE, runner as owner, Versioning false, Storage Type set to DISK and Encryption set to false, Replication Type set to server-side default replication type, Namespace Quota set to -1, Space Quota set to -1 
2025-10-20 19:50:13,808 [om1-OMStateMachineApplyTransactionThread - 0] INFO  bucket.OMBucketCreateRequest (OMBucketCreateRequest.java:validateAndUpdateCache(303)) - created bucket: 59f961ca-6075-4cfa-8bb5-3a832277b180 of layout OBJECT_STORE in volume: c8f7b535-2c7e-4629-80f6-d79fbf63efb7
2025-10-20 19:50:13,808 | INFO  | OMAudit | user=runner | ip=127.0.0.1 | op=CREATE_BUCKET {"volume":"c8f7b535-2c7e-4629-80f6-d79fbf63efb7","bucket":"59f961ca-6075-4cfa-8bb5-3a832277b180","bucketLayout":"OBJECT_STORE","gdprEnabled":null,"acls":"[user:runner:a[ACCESS], group:runner:rl[ACCESS]]","isVersionEnabled":"false","storageType":"DISK","creationTime":"1760989813806","bucketEncryptionKey":null,"modificationTime":"1760989813806","usedBytes":"0","usedNamespace":"0","snapshotUsedBytes":"0","snapshotUsedNamespace":"0","owner":"runner","replicationType":null,"replicationConfig":null,"quotaInBytes":"-1","quotaInNamespace":"-1","Transaction":"44"} | ret=SUCCESS |  
2025-10-20 19:50:13,809 | INFO  | OMAudit | user=runner | ip=127.0.0.1 | op=READ_BUCKET {"volume":"c8f7b535-2c7e-4629-80f6-d79fbf63efb7","bucket":"59f961ca-6075-4cfa-8bb5-3a832277b180"} | ret=SUCCESS |  
2025-10-20 19:50:13,811 | INFO  | OMAudit | user=runner | ip=127.0.0.1 | op=READ_BUCKET {"volume":"c8f7b535-2c7e-4629-80f6-d79fbf63efb7","bucket":"59f961ca-6075-4cfa-8bb5-3a832277b180"} | ret=SUCCESS |  
2025-10-20 19:50:13,812 | INFO  | SCMAudit | user=runner | ip=127.0.0.1 | op=ALLOCATE_BLOCK {"replication":"RATIS/ONE","owner":"omServiceIdDefault","size":"4194304","sampleBlocks":"[conID: 4 locID: 115816896921600015]","num":"1","client":"","allocated":"1"} | ret=SUCCESS |  
2025-10-20 19:50:13,814 | INFO  | SCMAudit | user=runner | ip=127.0.0.1 | op=SEND_HEARTBEAT {"datanodeUUID":"ef67b0a7-5b27-496d-9f38-ab804a28e500","term":"2","command":"[]"} | ret=SUCCESS |  
2025-10-20 19:50:13,815 | INFO  | OMAudit | user=runner | ip=127.0.0.1 | op=ALLOCATE_KEY {"volume":"c8f7b535-2c7e-4629-80f6-d79fbf63efb7","bucket":"59f961ca-6075-4cfa-8bb5-3a832277b180","key":"cannotRewriteRenamedKey","dataSize":"36","replicationType":"RATIS","replicationFactor":"ONE","Transaction":"45"} | ret=SUCCESS |  
2025-10-20 19:50:13,829 | INFO  | OMAudit | user=runner | ip=127.0.0.1 | op=COMMIT_KEY {"volume":"c8f7b535-2c7e-4629-80f6-d79fbf63efb7","bucket":"59f961ca-6075-4cfa-8bb5-3a832277b180","key":"cannotRewriteRenamedKey","dataSize":"36","replicationType":"RATIS","replicationFactor":"ONE","Transaction":"46"} | ret=SUCCESS |  
2025-10-20 19:50:13,832 | INFO  | SCMAudit | user=runner | ip=127.0.0.1 | op=GET_CONTAINER_WITH_PIPELINE_BATCH {"containerIDs":"#4,"} | ret=SUCCESS |  
2025-10-20 19:50:13,833 | INFO  | OMAudit | user=runner | ip=127.0.0.1 | op=READ_KEY {"volume":"c8f7b535-2c7e-4629-80f6-d79fbf63efb7","bucket":"59f961ca-6075-4cfa-8bb5-3a832277b180","key":"cannotRewriteRenamedKey","owner":null,"dataSize":"0","replicationConfig":null} | ret=SUCCESS |  
2025-10-20 19:50:13,837 | INFO  | OMAudit | user=runner | ip=127.0.0.1 | op=RENAME_KEY {"volume":"c8f7b535-2c7e-4629-80f6-d79fbf63efb7","bucket":"59f961ca-6075-4cfa-8bb5-3a832277b180","dataSize":"0","srcKey":"cannotRewriteRenamedKey","dstKey":"newKeyName-OBJECT_STORE","Transaction":"47"} | ret=SUCCESS |  
2025-10-20 19:50:13,839 | INFO  | OMAudit | user=runner | ip=127.0.0.1 | op=READ_BUCKET {"volume":"c8f7b535-2c7e-4629-80f6-d79fbf63efb7","bucket":"59f961ca-6075-4cfa-8bb5-3a832277b180"} | ret=SUCCESS |  
2025-10-20 19:50:13,840 | INFO  | SCMAudit | user=runner | ip=127.0.0.1 | op=ALLOCATE_BLOCK {"replication":"RATIS/ONE","owner":"omServiceIdDefault","size":"4194304","sampleBlocks":"[conID: 4 locID: 115816896921600016]","num":"1","client":"","allocated":"1"} | ret=SUCCESS |  
2025-10-20 19:50:13,842 [om1-OMStateMachineApplyTransactionThread - 0] ERROR key.OMKeyCreateRequest (OMKeyCreateRequest.java:logResult(400)) - Key creation failed. Volume:c8f7b535-2c7e-4629-80f6-d79fbf63efb7, Bucket:59f961ca-6075-4cfa-8bb5-3a832277b180, Key:cannotRewriteRenamedKey. 
KEY_NOT_FOUND org.apache.hadoop.ozone.om.exceptions.OMException: Key not found during expected rewrite
	at org.apache.hadoop.ozone.om.request.key.OMKeyCreateRequest.validateAtomicRewrite(OMKeyCreateRequest.java:465)
	at org.apache.hadoop.ozone.om.request.key.OMKeyCreateRequest.validateAndUpdateCache(OMKeyCreateRequest.java:240)
	at org.apache.hadoop.ozone.protocolPB.OzoneManagerRequestHandler.lambda$0(OzoneManagerRequestHandler.java:418)
	at org.apache.hadoop.ozone.util.MetricUtil.captureLatencyNs(MetricUtil.java:45)
	at org.apache.hadoop.ozone.protocolPB.OzoneManagerRequestHandler.handleWriteRequestImpl(OzoneManagerRequestHandler.java:416)
	at org.apache.hadoop.ozone.protocolPB.RequestHandler.handleWriteRequest(RequestHandler.java:62)
	at org.apache.hadoop.ozone.om.ratis.OzoneManagerStateMachine.runCommand(OzoneManagerStateMachine.java:599)
	at org.apache.hadoop.ozone.om.ratis.OzoneManagerStateMachine.lambda$3(OzoneManagerStateMachine.java:415)
	at java.base/java.util.concurrent.CompletableFuture$AsyncSupply.run(CompletableFuture.java:1768)
	at java.base/java.util.concurrent.ThreadPoolExecutor.runWorker(ThreadPoolExecutor.java:1144)
	at java.base/java.util.concurrent.ThreadPoolExecutor$Worker.run(ThreadPoolExecutor.java:642)
	at java.base/java.lang.Thread.run(Thread.java:1583)
2025-10-20 19:50:13,842 | ERROR | OMAudit | user=runner | ip=127.0.0.1 | op=ALLOCATE_KEY {"volume":"c8f7b535-2c7e-4629-80f6-d79fbf63efb7","bucket":"59f961ca-6075-4cfa-8bb5-3a832277b180","key":"cannotRewriteRenamedKey","dataSize":"36","replicationType":"RATIS","replicationFactor":"ONE","rewriteGeneration":"46","Transaction":"48"} | ret=FAILURE | 
org.apache.hadoop.ozone.om.exceptions.OMException: Key not found during expected rewrite
	at org.apache.hadoop.ozone.om.request.key.OMKeyCreateRequest.validateAtomicRewrite(OMKeyCreateRequest.java:465)
	at org.apache.hadoop.ozone.om.request.key.OMKeyCreateRequest.validateAndUpdateCache(OMKeyCreateRequest.java:240)
 
]]></system-out>
  </testcase>
  <testcase name="cannotRewriteRenamedKey(BucketLayout)[3]" classname="org.apache.hadoop.ozone.client.rpc.TestSecureOzoneRpcClient" time="0.038">
    <system-out><![CDATA[2025-10-20 19:50:13,846 [ForkJoinPool-1-worker-1] INFO  rpc.RpcClient (RpcClient.java:createVolume(461)) - Creating Volume: 17479547-2320-47d9-878e-23353f518421, with runner as owner and space quota set to -1 bytes, counts quota set to -1
2025-10-20 19:50:13,848 [om1-OMStateMachineApplyTransactionThread - 0] INFO  volume.OMVolumeCreateRequest (OMVolumeCreateRequest.java:validateAndUpdateCache(213)) - created volume:17479547-2320-47d9-878e-23353f518421 for user:runner
2025-10-20 19:50:13,849 | INFO  | OMAudit | user=runner | ip=127.0.0.1 | op=CREATE_VOLUME {"admin":"runner","owner":"runner","volume":"17479547-2320-47d9-878e-23353f518421","creationTime":"1760989813847","modificationTime":"1760989813847","quotaInBytes":"-1","quotaInNamespace":"-1","usedNamespace":"0","objectID":"-9223372036854763264","updateID":"49","Transaction":"49"} | ret=SUCCESS |  
2025-10-20 19:50:13,850 | INFO  | OMAudit | user=runner | ip=127.0.0.1 | op=READ_VOLUME {"volume":"17479547-2320-47d9-878e-23353f518421"} | ret=SUCCESS |  
2025-10-20 19:50:13,851 [ForkJoinPool-1-worker-1] INFO  rpc.RpcClient (RpcClient.java:createBucket(686)) - Creating Bucket: 17479547-2320-47d9-878e-23353f518421/766b428f-8aa9-49ff-a7a0-08ea05bad065, with bucket layout LEGACY, runner as owner, Versioning false, Storage Type set to DISK and Encryption set to false, Replication Type set to server-side default replication type, Namespace Quota set to -1, Space Quota set to -1 
2025-10-20 19:50:13,853 [om1-OMStateMachineApplyTransactionThread - 0] INFO  bucket.OMBucketCreateRequest (OMBucketCreateRequest.java:validateAndUpdateCache(303)) - created bucket: 766b428f-8aa9-49ff-a7a0-08ea05bad065 of layout LEGACY in volume: 17479547-2320-47d9-878e-23353f518421
2025-10-20 19:50:13,853 | INFO  | OMAudit | user=runner | ip=127.0.0.1 | op=CREATE_BUCKET {"volume":"17479547-2320-47d9-878e-23353f518421","bucket":"766b428f-8aa9-49ff-a7a0-08ea05bad065","bucketLayout":"LEGACY","gdprEnabled":null,"acls":"[user:runner:a[ACCESS], group:runner:rl[ACCESS]]","isVersionEnabled":"false","storageType":"DISK","creationTime":"1760989813852","bucketEncryptionKey":null,"modificationTime":"1760989813852","usedBytes":"0","usedNamespace":"0","snapshotUsedBytes":"0","snapshotUsedNamespace":"0","owner":"runner","replicationType":null,"replicationConfig":null,"quotaInBytes":"-1","quotaInNamespace":"-1","Transaction":"50"} | ret=SUCCESS |  
2025-10-20 19:50:13,854 | INFO  | OMAudit | user=runner | ip=127.0.0.1 | op=READ_BUCKET {"volume":"17479547-2320-47d9-878e-23353f518421","bucket":"766b428f-8aa9-49ff-a7a0-08ea05bad065"} | ret=SUCCESS |  
2025-10-20 19:50:13,856 | INFO  | OMAudit | user=runner | ip=127.0.0.1 | op=READ_BUCKET {"volume":"17479547-2320-47d9-878e-23353f518421","bucket":"766b428f-8aa9-49ff-a7a0-08ea05bad065"} | ret=SUCCESS |  
2025-10-20 19:50:13,857 | INFO  | SCMAudit | user=runner | ip=127.0.0.1 | op=ALLOCATE_BLOCK {"replication":"RATIS/ONE","owner":"omServiceIdDefault","size":"4194304","sampleBlocks":"[conID: 9 locID: 115816896921600017]","num":"1","client":"","allocated":"1"} | ret=SUCCESS |  
2025-10-20 19:50:13,860 | INFO  | OMAudit | user=runner | ip=127.0.0.1 | op=ALLOCATE_KEY {"volume":"17479547-2320-47d9-878e-23353f518421","bucket":"766b428f-8aa9-49ff-a7a0-08ea05bad065","key":"cannotRewriteRenamedKey","dataSize":"36","replicationType":"RATIS","replicationFactor":"ONE","Transaction":"51"} | ret=SUCCESS |  
2025-10-20 19:50:13,871 | INFO  | OMAudit | user=runner | ip=127.0.0.1 | op=COMMIT_KEY {"volume":"17479547-2320-47d9-878e-23353f518421","bucket":"766b428f-8aa9-49ff-a7a0-08ea05bad065","key":"cannotRewriteRenamedKey","dataSize":"36","replicationType":"RATIS","replicationFactor":"ONE","Transaction":"52"} | ret=SUCCESS |  
2025-10-20 19:50:13,873 | INFO  | OMAudit | user=runner | ip=127.0.0.1 | op=READ_KEY {"volume":"17479547-2320-47d9-878e-23353f518421","bucket":"766b428f-8aa9-49ff-a7a0-08ea05bad065","key":"cannotRewriteRenamedKey","owner":null,"dataSize":"0","replicationConfig":null} | ret=SUCCESS |  
2025-10-20 19:50:13,877 | INFO  | OMAudit | user=runner | ip=127.0.0.1 | op=RENAME_KEY {"volume":"17479547-2320-47d9-878e-23353f518421","bucket":"766b428f-8aa9-49ff-a7a0-08ea05bad065","dataSize":"0","srcKey":"cannotRewriteRenamedKey","dstKey":"newKeyName-LEGACY","Transaction":"53"} | ret=SUCCESS |  
2025-10-20 19:50:13,879 | INFO  | OMAudit | user=runner | ip=127.0.0.1 | op=READ_BUCKET {"volume":"17479547-2320-47d9-878e-23353f518421","bucket":"766b428f-8aa9-49ff-a7a0-08ea05bad065"} | ret=SUCCESS |  
2025-10-20 19:50:13,880 | INFO  | SCMAudit | user=runner | ip=127.0.0.1 | op=ALLOCATE_BLOCK {"replication":"RATIS/ONE","owner":"omServiceIdDefault","size":"4194304","sampleBlocks":"[conID: 8 locID: 115816896921600018]","num":"1","client":"","allocated":"1"} | ret=SUCCESS |  
2025-10-20 19:50:13,882 [om1-OMStateMachineApplyTransactionThread - 0] ERROR key.OMKeyCreateRequest (OMKeyCreateRequest.java:logResult(400)) - Key creation failed. Volume:17479547-2320-47d9-878e-23353f518421, Bucket:766b428f-8aa9-49ff-a7a0-08ea05bad065, Key:cannotRewriteRenamedKey. 
KEY_NOT_FOUND org.apache.hadoop.ozone.om.exceptions.OMException: Key not found during expected rewrite
	at org.apache.hadoop.ozone.om.request.key.OMKeyCreateRequest.validateAtomicRewrite(OMKeyCreateRequest.java:465)
	at org.apache.hadoop.ozone.om.request.key.OMKeyCreateRequest.validateAndUpdateCache(OMKeyCreateRequest.java:240)
	at org.apache.hadoop.ozone.protocolPB.OzoneManagerRequestHandler.lambda$0(OzoneManagerRequestHandler.java:418)
	at org.apache.hadoop.ozone.util.MetricUtil.captureLatencyNs(MetricUtil.java:45)
	at org.apache.hadoop.ozone.protocolPB.OzoneManagerRequestHandler.handleWriteRequestImpl(OzoneManagerRequestHandler.java:416)
	at org.apache.hadoop.ozone.protocolPB.RequestHandler.handleWriteRequest(RequestHandler.java:62)
	at org.apache.hadoop.ozone.om.ratis.OzoneManagerStateMachine.runCommand(OzoneManagerStateMachine.java:599)
	at org.apache.hadoop.ozone.om.ratis.OzoneManagerStateMachine.lambda$3(OzoneManagerStateMachine.java:415)
	at java.base/java.util.concurrent.CompletableFuture$AsyncSupply.run(CompletableFuture.java:1768)
	at java.base/java.util.concurrent.ThreadPoolExecutor.runWorker(ThreadPoolExecutor.java:1144)
	at java.base/java.util.concurrent.ThreadPoolExecutor$Worker.run(ThreadPoolExecutor.java:642)
	at java.base/java.lang.Thread.run(Thread.java:1583)
2025-10-20 19:50:13,882 | ERROR | OMAudit | user=runner | ip=127.0.0.1 | op=ALLOCATE_KEY {"volume":"17479547-2320-47d9-878e-23353f518421","bucket":"766b428f-8aa9-49ff-a7a0-08ea05bad065","key":"cannotRewriteRenamedKey","dataSize":"36","replicationType":"RATIS","replicationFactor":"ONE","rewriteGeneration":"52","Transaction":"54"} | ret=FAILURE | 
org.apache.hadoop.ozone.om.exceptions.OMException: Key not found during expected rewrite
	at org.apache.hadoop.ozone.om.request.key.OMKeyCreateRequest.validateAtomicRewrite(OMKeyCreateRequest.java:465)
	at org.apache.hadoop.ozone.om.request.key.OMKeyCreateRequest.validateAndUpdateCache(OMKeyCreateRequest.java:240)
 
]]></system-out>
  </testcase>
  <testcase name="overwriteAfterRewrite(BucketLayout)[1]" classname="org.apache.hadoop.ozone.client.rpc.TestSecureOzoneRpcClient" time="0.248">
    <system-out><![CDATA[2025-10-20 19:50:13,887 [ForkJoinPool-1-worker-1] INFO  rpc.RpcClient (RpcClient.java:createVolume(461)) - Creating Volume: acb67965-d913-4743-9ad0-844df6776762, with runner as owner and space quota set to -1 bytes, counts quota set to -1
2025-10-20 19:50:13,889 [om1-OMStateMachineApplyTransactionThread - 0] INFO  volume.OMVolumeCreateRequest (OMVolumeCreateRequest.java:validateAndUpdateCache(213)) - created volume:acb67965-d913-4743-9ad0-844df6776762 for user:runner
2025-10-20 19:50:13,890 | INFO  | OMAudit | user=runner | ip=127.0.0.1 | op=CREATE_VOLUME {"admin":"runner","owner":"runner","volume":"acb67965-d913-4743-9ad0-844df6776762","creationTime":"1760989813888","modificationTime":"1760989813888","quotaInBytes":"-1","quotaInNamespace":"-1","usedNamespace":"0","objectID":"-9223372036854761728","updateID":"55","Transaction":"55"} | ret=SUCCESS |  
2025-10-20 19:50:13,891 | INFO  | OMAudit | user=runner | ip=127.0.0.1 | op=READ_VOLUME {"volume":"acb67965-d913-4743-9ad0-844df6776762"} | ret=SUCCESS |  
2025-10-20 19:50:13,892 [ForkJoinPool-1-worker-1] INFO  rpc.RpcClient (RpcClient.java:createBucket(686)) - Creating Bucket: acb67965-d913-4743-9ad0-844df6776762/0a519f36-b919-4847-a80e-6015cd83420c, with bucket layout FILE_SYSTEM_OPTIMIZED, runner as owner, Versioning false, Storage Type set to DISK and Encryption set to false, Replication Type set to server-side default replication type, Namespace Quota set to -1, Space Quota set to -1 
2025-10-20 19:50:13,895 [om1-OMStateMachineApplyTransactionThread - 0] INFO  bucket.OMBucketCreateRequest (OMBucketCreateRequest.java:validateAndUpdateCache(303)) - created bucket: 0a519f36-b919-4847-a80e-6015cd83420c of layout FILE_SYSTEM_OPTIMIZED in volume: acb67965-d913-4743-9ad0-844df6776762
2025-10-20 19:50:13,895 | INFO  | OMAudit | user=runner | ip=127.0.0.1 | op=CREATE_BUCKET {"volume":"acb67965-d913-4743-9ad0-844df6776762","bucket":"0a519f36-b919-4847-a80e-6015cd83420c","bucketLayout":"FILE_SYSTEM_OPTIMIZED","gdprEnabled":null,"acls":"[user:runner:a[ACCESS], group:runner:rl[ACCESS]]","isVersionEnabled":"false","storageType":"DISK","creationTime":"1760989813893","bucketEncryptionKey":null,"modificationTime":"1760989813893","usedBytes":"0","usedNamespace":"0","snapshotUsedBytes":"0","snapshotUsedNamespace":"0","owner":"runner","replicationType":null,"replicationConfig":null,"quotaInBytes":"-1","quotaInNamespace":"-1","Transaction":"56"} | ret=SUCCESS |  
2025-10-20 19:50:13,896 | INFO  | OMAudit | user=runner | ip=127.0.0.1 | op=READ_BUCKET {"volume":"acb67965-d913-4743-9ad0-844df6776762","bucket":"0a519f36-b919-4847-a80e-6015cd83420c"} | ret=SUCCESS |  
2025-10-20 19:50:13,899 | INFO  | OMAudit | user=runner | ip=127.0.0.1 | op=READ_BUCKET {"volume":"acb67965-d913-4743-9ad0-844df6776762","bucket":"0a519f36-b919-4847-a80e-6015cd83420c"} | ret=SUCCESS |  
2025-10-20 19:50:13,903 | INFO  | SCMAudit | user=runner | ip=127.0.0.1 | op=ALLOCATE_BLOCK {"replication":"RATIS/ONE","owner":"omServiceIdDefault","size":"4194304","sampleBlocks":"[conID: 11 locID: 115816896921600019]","num":"1","client":"","allocated":"1"} | ret=SUCCESS |  
2025-10-20 19:50:13,908 | INFO  | OMAudit | user=runner | ip=127.0.0.1 | op=ALLOCATE_KEY {"volume":"acb67965-d913-4743-9ad0-844df6776762","bucket":"0a519f36-b919-4847-a80e-6015cd83420c","key":"overwriteAfterRewrite","dataSize":"36","replicationType":"RATIS","replicationFactor":"ONE","Transaction":"57"} | ret=SUCCESS |  
2025-10-20 19:50:13,923 | INFO  | ContainerLog | ID=11 | Index=0 | BCSID=0 | State=OPEN | Volume=/home/runner/work/ozone/ozone/hadoop-ozone/integration-test/target/test-dir/MiniOzoneClusterImpl-6935df51-69ff-4c35-8bd4-ed2b81d70e54/ozone-metadata/datanode-2/data-0/hdds | DataChecksum=0 |  
2025-10-20 19:50:13,925 | INFO  | SCMAudit | user=runner | ip=127.0.0.1 | op=SEND_HEARTBEAT {"datanodeUUID":"ef67b0a7-5b27-496d-9f38-ab804a28e500","term":"2","command":"[]"} | ret=SUCCESS |  
2025-10-20 19:50:13,934 | INFO  | OMAudit | user=runner | ip=127.0.0.1 | op=COMMIT_KEY {"volume":"acb67965-d913-4743-9ad0-844df6776762","bucket":"0a519f36-b919-4847-a80e-6015cd83420c","key":"overwriteAfterRewrite","dataSize":"36","replicationType":"RATIS","replicationFactor":"ONE","Transaction":"58"} | ret=SUCCESS |  
2025-10-20 19:50:13,939 | INFO  | SCMAudit | user=runner | ip=127.0.0.1 | op=GET_CONTAINER_WITH_PIPELINE_BATCH {"containerIDs":"#11,"} | ret=SUCCESS |  
2025-10-20 19:50:13,940 | INFO  | OMAudit | user=runner | ip=127.0.0.1 | op=READ_KEY {"volume":"acb67965-d913-4743-9ad0-844df6776762","bucket":"0a519f36-b919-4847-a80e-6015cd83420c","key":"overwriteAfterRewrite","owner":null,"dataSize":"0","replicationConfig":null} | ret=SUCCESS |  
2025-10-20 19:50:13,942 | INFO  | OMAudit | user=runner | ip=127.0.0.1 | op=READ_BUCKET {"volume":"acb67965-d913-4743-9ad0-844df6776762","bucket":"0a519f36-b919-4847-a80e-6015cd83420c"} | ret=SUCCESS |  
2025-10-20 19:50:13,945 | INFO  | SCMAudit | user=runner | ip=127.0.0.1 | op=ALLOCATE_BLOCK {"replication":"RATIS/ONE","owner":"omServiceIdDefault","size":"4194304","sampleBlocks":"[conID: 12 locID: 115816896921600020]","num":"1","client":"","allocated":"1"} | ret=SUCCESS |  
2025-10-20 19:50:13,949 | INFO  | OMAudit | user=runner | ip=127.0.0.1 | op=ALLOCATE_KEY {"volume":"acb67965-d913-4743-9ad0-844df6776762","bucket":"0a519f36-b919-4847-a80e-6015cd83420c","key":"overwriteAfterRewrite","dataSize":"36","replicationType":"RATIS","replicationFactor":"ONE","rewriteGeneration":"58","Transaction":"59"} | ret=SUCCESS |  
2025-10-20 19:50:13,962 | INFO  | SCMAudit | user=runner | ip=127.0.0.1 | op=SEND_HEARTBEAT {"datanodeUUID":"cc7fbe85-1d98-437b-84f9-04213fee10f0","term":"2","command":"[]"} | ret=SUCCESS |  
2025-10-20 19:50:13,965 | INFO  | ContainerLog | ID=12 | Index=0 | BCSID=0 | State=OPEN | Volume=/home/runner/work/ozone/ozone/hadoop-ozone/integration-test/target/test-dir/MiniOzoneClusterImpl-6935df51-69ff-4c35-8bd4-ed2b81d70e54/ozone-metadata/datanode-6/data-0/hdds | DataChecksum=0 |  
2025-10-20 19:50:13,967 | INFO  | SCMAudit | user=runner | ip=127.0.0.1 | op=SEND_HEARTBEAT {"datanodeUUID":"b614738c-cdff-4f09-bf59-ed5bb75d51be","term":"2","command":"[]"} | ret=SUCCESS |  
2025-10-20 19:50:13,977 | INFO  | OMAudit | user=runner | ip=127.0.0.1 | op=COMMIT_KEY {"volume":"acb67965-d913-4743-9ad0-844df6776762","bucket":"0a519f36-b919-4847-a80e-6015cd83420c","key":"overwriteAfterRewrite","dataSize":"7","replicationType":"RATIS","replicationFactor":"ONE","rewriteGeneration":"58","Transaction":"60"} | ret=SUCCESS |  
2025-10-20 19:50:13,980 | INFO  | OMAudit | user=runner | ip=127.0.0.1 | op=READ_BUCKET {"volume":"acb67965-d913-4743-9ad0-844df6776762","bucket":"0a519f36-b919-4847-a80e-6015cd83420c"} | ret=SUCCESS |  
2025-10-20 19:50:13,981 | INFO  | SCMAudit | user=runner | ip=127.0.0.1 | op=ALLOCATE_BLOCK {"replication":"RATIS/ONE","owner":"omServiceIdDefault","size":"4194304","sampleBlocks":"[conID: 6 locID: 115816896921600021]","num":"1","client":"","allocated":"1"} | ret=SUCCESS |  
2025-10-20 19:50:13,986 | INFO  | OMAudit | user=runner | ip=127.0.0.1 | op=ALLOCATE_KEY {"volume":"acb67965-d913-4743-9ad0-844df6776762","bucket":"0a519f36-b919-4847-a80e-6015cd83420c","key":"overwriteAfterRewrite","dataSize":"9","replicationType":"RATIS","replicationFactor":"ONE","Transaction":"61"} | ret=SUCCESS |  
2025-10-20 19:50:14,001 | INFO  | OMAudit | user=runner | ip=127.0.0.1 | op=COMMIT_KEY {"volume":"acb67965-d913-4743-9ad0-844df6776762","bucket":"0a519f36-b919-4847-a80e-6015cd83420c","key":"overwriteAfterRewrite","dataSize":"9","replicationType":"RATIS","replicationFactor":"ONE","Transaction":"62"} | ret=SUCCESS |  
2025-10-20 19:50:14,006 | INFO  | SCMAudit | user=runner | ip=127.0.0.1 | op=GET_CONTAINER_WITH_PIPELINE_BATCH {"containerIDs":"#6,"} | ret=SUCCESS |  
2025-10-20 19:50:14,007 | INFO  | OMAudit | user=runner | ip=127.0.0.1 | op=READ_KEY {"volume":"acb67965-d913-4743-9ad0-844df6776762","bucket":"0a519f36-b919-4847-a80e-6015cd83420c","key":"overwriteAfterRewrite","owner":null,"dataSize":"0","replicationConfig":null} | ret=SUCCESS |  
2025-10-20 19:50:14,010 | INFO  | OMAudit | user=runner | ip=127.0.0.1 | op=READ_KEY {"volume":"acb67965-d913-4743-9ad0-844df6776762","bucket":"0a519f36-b919-4847-a80e-6015cd83420c","key":"overwriteAfterRewrite","owner":null,"dataSize":"0","replicationConfig":null} | ret=SUCCESS |  
2025-10-20 19:50:14,013 | INFO  | OMAudit | user=runner | ip=127.0.0.1 | op=READ_KEY {"volume":"acb67965-d913-4743-9ad0-844df6776762","bucket":"0a519f36-b919-4847-a80e-6015cd83420c","key":"overwriteAfterRewrite","owner":null,"dataSize":"0","replicationConfig":null} | ret=SUCCESS |  
2025-10-20 19:50:14,028 | INFO  | SCMAudit | user=runner | ip=127.0.0.1 | op=SEND_HEARTBEAT {"datanodeUUID":"605be85e-a7f4-44d7-8cfd-f53001b990b0","term":"2","command":"[]"} | ret=SUCCESS |  
]]></system-out>
  </testcase>
  <testcase name="overwriteAfterRewrite(BucketLayout)[2]" classname="org.apache.hadoop.ozone.client.rpc.TestSecureOzoneRpcClient" time="0.132">
    <system-out><![CDATA[2025-10-20 19:50:14,136 [ForkJoinPool-1-worker-1] INFO  rpc.RpcClient (RpcClient.java:createVolume(461)) - Creating Volume: 818e2148-5d07-4d7f-8e63-d735287c277e, with runner as owner and space quota set to -1 bytes, counts quota set to -1
2025-10-20 19:50:14,139 [om1-OMStateMachineApplyTransactionThread - 0] INFO  volume.OMVolumeCreateRequest (OMVolumeCreateRequest.java:validateAndUpdateCache(213)) - created volume:818e2148-5d07-4d7f-8e63-d735287c277e for user:runner
2025-10-20 19:50:14,140 | INFO  | OMAudit | user=runner | ip=127.0.0.1 | op=CREATE_VOLUME {"admin":"runner","owner":"runner","volume":"818e2148-5d07-4d7f-8e63-d735287c277e","creationTime":"1760989814137","modificationTime":"1760989814137","quotaInBytes":"-1","quotaInNamespace":"-1","usedNamespace":"0","objectID":"-9223372036854759680","updateID":"63","Transaction":"63"} | ret=SUCCESS |  
2025-10-20 19:50:14,141 [om1-KeyDeletingService#1] INFO  service.KeyDeletingService (KeyDeletingService.java:processKeyDeletes(151)) - Send 5 key(s) to SCM, first 5 keys: [PurgedKey{blockGroup=BlockGroup[groupID='/9e266e2e-a506-43cf-b116-fe5ddba31704/ef4f00ce-b573-4c94-9e48-c8d602863b84/cannotRewriteDeletedKey/-9223372036854768896/0', blockIDs=[conID: 8 locID: 115816896921600009 bcsId: 0 replicaIndex: null]], volume='9e266e2e-a506-43cf-b116-fe5ddba31704', bucket='ef4f00ce-b573-4c94-9e48-c8d602863b84', bucketId=-9223372036854769152, purgedBytes=36, isCommittedKey=true, deleteKeyName='/9e266e2e-a506-43cf-b116-fe5ddba31704/ef4f00ce-b573-4c94-9e48-c8d602863b84/cannotRewriteDeletedKey/-9223372036854768896'}, PurgedKey{blockGroup=BlockGroup[groupID='/19c75daf-38a4-43ca-a661-f22c2bdc2b16/b605c64b-5a60-4c6e-a0c3-1d7e6e604d52/cannotRewriteDeletedKey/-9223372036854770431/0', blockIDs=[conID: 7 locID: 115816896921600007 bcsId: 0 replicaIndex: null]], volume='19c75daf-38a4-43ca-a661-f22c2bdc2b16', bucket='b605c64b-5a60-4c6e-a0c3-1d7e6e604d52', bucketId=-9223372036854770688, purgedBytes=36, isCommittedKey=true, deleteKeyName='/19c75daf-38a4-43ca-a661-f22c2bdc2b16/b605c64b-5a60-4c6e-a0c3-1d7e6e604d52/cannotRewriteDeletedKey/-9223372036854770431'}, PurgedKey{blockGroup=BlockGroup[groupID='/acb67965-d913-4743-9ad0-844df6776762/0a519f36-b919-4847-a80e-6015cd83420c/overwriteAfterRewrite/-9223372036854759936/0', blockIDs=[conID: 12 locID: 115816896921600020 bcsId: 0 replicaIndex: null]], volume='acb67965-d913-4743-9ad0-844df6776762', bucket='0a519f36-b919-4847-a80e-6015cd83420c', bucketId=-9223372036854761472, purgedBytes=7, isCommittedKey=true, deleteKeyName='/acb67965-d913-4743-9ad0-844df6776762/0a519f36-b919-4847-a80e-6015cd83420c/overwriteAfterRewrite/-9223372036854759936'}, PurgedKey{blockGroup=BlockGroup[groupID='/c60d2719-925d-4f4a-a4b0-ae0c5743ad23/a13af1ad-2f15-42b6-acc3-7ab9d402c9bc/cannotRewriteDeletedKey/-9223372036854767360/0', blockIDs=[conID: 10 locID: 115816896921600011 bcsId: 0 replicaIndex: null]], volume='c60d2719-925d-4f4a-a4b0-ae0c5743ad23', bucket='a13af1ad-2f15-42b6-acc3-7ab9d402c9bc', bucketId=-9223372036854767616, purgedBytes=36, isCommittedKey=true, deleteKeyName='/c60d2719-925d-4f4a-a4b0-ae0c5743ad23/a13af1ad-2f15-42b6-acc3-7ab9d402c9bc/cannotRewriteDeletedKey/-9223372036854767360'}, PurgedKey{blockGroup=BlockGroup[groupID='/acb67965-d913-4743-9ad0-844df6776762/0a519f36-b919-4847-a80e-6015cd83420c/overwriteAfterRewrite/-9223372036854760448/0', blockIDs=[conID: 11 locID: 115816896921600019 bcsId: 0 replicaIndex: null]], volume='acb67965-d913-4743-9ad0-844df6776762', bucket='0a519f36-b919-4847-a80e-6015cd83420c', bucketId=-9223372036854761472, purgedBytes=36, isCommittedKey=true, deleteKeyName='/acb67965-d913-4743-9ad0-844df6776762/0a519f36-b919-4847-a80e-6015cd83420c/overwriteAfterRewrite/-9223372036854760448'}]
2025-10-20 19:50:14,142 | INFO  | OMAudit | user=runner | ip=127.0.0.1 | op=READ_VOLUME {"volume":"818e2148-5d07-4d7f-8e63-d735287c277e"} | ret=SUCCESS |  
2025-10-20 19:50:14,143 | INFO  | SCMAudit | user=runner | ip=127.0.0.1 | op=SEND_HEARTBEAT {"datanodeUUID":"d7d8cf72-b9f6-4979-9c53-007dd6e6e48a","term":"2","command":"[]"} | ret=SUCCESS |  
2025-10-20 19:50:14,144 [ForkJoinPool-1-worker-1] INFO  rpc.RpcClient (RpcClient.java:createBucket(686)) - Creating Bucket: 818e2148-5d07-4d7f-8e63-d735287c277e/cbc1a29c-3260-4851-ba2e-40e3e0a58946, with bucket layout OBJECT_STORE, runner as owner, Versioning false, Storage Type set to DISK and Encryption set to false, Replication Type set to server-side default replication type, Namespace Quota set to -1, Space Quota set to -1 
2025-10-20 19:50:14,148 [om1-OMStateMachineApplyTransactionThread - 0] INFO  bucket.OMBucketCreateRequest (OMBucketCreateRequest.java:validateAndUpdateCache(303)) - created bucket: cbc1a29c-3260-4851-ba2e-40e3e0a58946 of layout OBJECT_STORE in volume: 818e2148-5d07-4d7f-8e63-d735287c277e
2025-10-20 19:50:14,148 | INFO  | OMAudit | user=runner | ip=127.0.0.1 | op=CREATE_BUCKET {"volume":"818e2148-5d07-4d7f-8e63-d735287c277e","bucket":"cbc1a29c-3260-4851-ba2e-40e3e0a58946","bucketLayout":"OBJECT_STORE","gdprEnabled":null,"acls":"[user:runner:a[ACCESS], group:runner:rl[ACCESS]]","isVersionEnabled":"false","storageType":"DISK","creationTime":"1760989814146","bucketEncryptionKey":null,"modificationTime":"1760989814146","usedBytes":"0","usedNamespace":"0","snapshotUsedBytes":"0","snapshotUsedNamespace":"0","owner":"runner","replicationType":null,"replicationConfig":null,"quotaInBytes":"-1","quotaInNamespace":"-1","Transaction":"64"} | ret=SUCCESS |  
2025-10-20 19:50:14,152 | INFO  | OMAudit | user=runner | ip=127.0.0.1 | op=READ_BUCKET {"volume":"818e2148-5d07-4d7f-8e63-d735287c277e","bucket":"cbc1a29c-3260-4851-ba2e-40e3e0a58946"} | ret=SUCCESS |  
2025-10-20 19:50:14,155 | INFO  | OMAudit | user=runner | ip=127.0.0.1 | op=READ_BUCKET {"volume":"818e2148-5d07-4d7f-8e63-d735287c277e","bucket":"cbc1a29c-3260-4851-ba2e-40e3e0a58946"} | ret=SUCCESS |  
2025-10-20 19:50:14,155 [IPC Server handler 16 on default port 15001] INFO  ha.SequenceIdGenerator (SequenceIdGenerator.java:getNextId(135)) - Allocate a batch for delTxnId, change lastId from 0 to 1000.
2025-10-20 19:50:14,157 | INFO  | SCMAudit | user=runner | ip=127.0.0.1 | op=ALLOCATE_BLOCK {"replication":"RATIS/ONE","owner":"omServiceIdDefault","size":"4194304","sampleBlocks":"[conID: 12 locID: 115816896921600022]","num":"1","client":"","allocated":"1"} | ret=SUCCESS |  
2025-10-20 19:50:14,163 | INFO  | SCMAudit | user=runner | ip=127.0.0.1 | op=SEND_HEARTBEAT {"datanodeUUID":"4f2bb3f5-0e03-4f1b-bb4c-79c91b98c7da","term":"2","command":"[]"} | ret=SUCCESS |  
2025-10-20 19:50:14,167 | INFO  | OMAudit | user=runner | ip=127.0.0.1 | op=ALLOCATE_KEY {"volume":"818e2148-5d07-4d7f-8e63-d735287c277e","bucket":"cbc1a29c-3260-4851-ba2e-40e3e0a58946","key":"overwriteAfterRewrite","dataSize":"36","replicationType":"RATIS","replicationFactor":"ONE","Transaction":"65"} | ret=SUCCESS |  
2025-10-20 19:50:14,169 | INFO  | SCMAudit | user=runner | ip=127.0.0.1 | op=DELETE_KEY_BLOCK {"KeyBlockToDelete":"[BlockGroup[groupID='/acb67965-d913-4743-9ad0-844df6776762/0a519f36-b919-4847-a80e-6015cd83420c/overwriteAfterRewrite/-9223372036854759936/0', blockIDs=[conID: 12 locID: 115816896921600020 bcsId: 0 replicaIndex: null]], BlockGroup[groupID='/9e266e2e-a506-43cf-b116-fe5ddba31704/ef4f00ce-b573-4c94-9e48-c8d602863b84/cannotRewriteDeletedKey/-9223372036854768896/0', blockIDs=[conID: 8 locID: 115816896921600009 bcsId: 0 replicaIndex: null]], BlockGroup[groupID='/c60d2719-925d-4f4a-a4b0-ae0c5743ad23/a13af1ad-2f15-42b6-acc3-7ab9d402c9bc/cannotRewriteDeletedKey/-9223372036854767360/0', blockIDs=[conID: 10 locID: 115816896921600011 bcsId: 0 replicaIndex: null]], BlockGroup[groupID='/19c75daf-38a4-43ca-a661-f22c2bdc2b16/b605c64b-5a60-4c6e-a0c3-1d7e6e604d52/cannotRewriteDeletedKey/-9223372036854770431/0', blockIDs=[conID: 7 locID: 115816896921600007 bcsId: 0 replicaIndex: null]], BlockGroup[groupID='/acb67965-d913-4743-9ad0-844df6776762/0a519f36-b919-4847-a80e-6015cd83420c/overwriteAfterRewrite/-9223372036854760448/0', blockIDs=[conID: 11 locID: 115816896921600019 bcsId: 0 replicaIndex: null]]]"} | ret=SUCCESS |  
2025-10-20 19:50:14,177 [om1-KeyDeletingService#1] INFO  service.KeyDeletingService (KeyDeletingService.java:processKeyDeletes(158)) - 5 BlockGroup deletion are acked by SCM in 37 ms
2025-10-20 19:50:14,182 | INFO  | OMAudit | user=runner | ip=127.0.0.1 | op=COMMIT_KEY {"volume":"818e2148-5d07-4d7f-8e63-d735287c277e","bucket":"cbc1a29c-3260-4851-ba2e-40e3e0a58946","key":"overwriteAfterRewrite","dataSize":"36","replicationType":"RATIS","replicationFactor":"ONE","Transaction":"66"} | ret=SUCCESS |  
2025-10-20 19:50:14,186 | INFO  | SCMAudit | user=runner | ip=127.0.0.1 | op=SEND_HEARTBEAT {"datanodeUUID":"feb39a1c-80cb-4714-ab06-a361236e3029","term":"2","command":"[]"} | ret=SUCCESS |  
2025-10-20 19:50:14,187 | INFO  | SCMAudit | user=runner | ip=127.0.0.1 | op=GET_CONTAINER_WITH_PIPELINE_BATCH {"containerIDs":"#12,"} | ret=SUCCESS |  
2025-10-20 19:50:14,188 | INFO  | OMAudit | user=runner | ip=127.0.0.1 | op=READ_KEY {"volume":"818e2148-5d07-4d7f-8e63-d735287c277e","bucket":"cbc1a29c-3260-4851-ba2e-40e3e0a58946","key":"overwriteAfterRewrite","owner":null,"dataSize":"0","replicationConfig":null} | ret=SUCCESS |  
2025-10-20 19:50:14,190 | INFO  | OMAudit | user=runner | ip=127.0.0.1 | op=READ_BUCKET {"volume":"818e2148-5d07-4d7f-8e63-d735287c277e","bucket":"cbc1a29c-3260-4851-ba2e-40e3e0a58946"} | ret=SUCCESS |  
2025-10-20 19:50:14,192 | INFO  | SCMAudit | user=runner | ip=127.0.0.1 | op=ALLOCATE_BLOCK {"replication":"RATIS/ONE","owner":"omServiceIdDefault","size":"4194304","sampleBlocks":"[conID: 4 locID: 115816896921600023]","num":"1","client":"","allocated":"1"} | ret=SUCCESS |  
2025-10-20 19:50:14,196 | INFO  | OMAudit | user=runner | ip=127.0.0.1 | op=ALLOCATE_KEY {"volume":"818e2148-5d07-4d7f-8e63-d735287c277e","bucket":"cbc1a29c-3260-4851-ba2e-40e3e0a58946","key":"overwriteAfterRewrite","dataSize":"36","replicationType":"RATIS","replicationFactor":"ONE","rewriteGeneration":"66","Transaction":"67"} | ret=SUCCESS |  
2025-10-20 19:50:14,225 [om1-OMStateMachineApplyTransactionThread - 0] INFO  audit.AuditLogger (AuditLogger.java:refreshDebugCmdSet(133)) - Refresh DebugCmdSet for OMSystemAudit to [].
2025-10-20 19:50:14,227 [om1-KeyDeletingService#1] INFO  service.KeyDeletingService (KeyDeletingService.java:processKeyDeletes(166)) - Blocks for 5 (out of 5) keys are deleted from DB in 50 ms. Limit per task is 50000.
2025-10-20 19:50:14,229 | INFO  | OMAudit | user=runner | ip=127.0.0.1 | op=COMMIT_KEY {"volume":"818e2148-5d07-4d7f-8e63-d735287c277e","bucket":"cbc1a29c-3260-4851-ba2e-40e3e0a58946","key":"overwriteAfterRewrite","dataSize":"7","replicationType":"RATIS","replicationFactor":"ONE","rewriteGeneration":"66","Transaction":"69"} | ret=SUCCESS |  
2025-10-20 19:50:14,232 | INFO  | OMAudit | user=runner | ip=127.0.0.1 | op=READ_BUCKET {"volume":"818e2148-5d07-4d7f-8e63-d735287c277e","bucket":"cbc1a29c-3260-4851-ba2e-40e3e0a58946"} | ret=SUCCESS |  
2025-10-20 19:50:14,233 | INFO  | SCMAudit | user=runner | ip=127.0.0.1 | op=ALLOCATE_BLOCK {"replication":"RATIS/ONE","owner":"omServiceIdDefault","size":"4194304","sampleBlocks":"[conID: 11 locID: 115816896921600024]","num":"1","client":"","allocated":"1"} | ret=SUCCESS |  
2025-10-20 19:50:14,237 | INFO  | OMAudit | user=runner | ip=127.0.0.1 | op=ALLOCATE_KEY {"volume":"818e2148-5d07-4d7f-8e63-d735287c277e","bucket":"cbc1a29c-3260-4851-ba2e-40e3e0a58946","key":"overwriteAfterRewrite","dataSize":"9","replicationType":"RATIS","replicationFactor":"ONE","Transaction":"70"} | ret=SUCCESS |  
2025-10-20 19:50:14,245 | INFO  | SCMAudit | user=runner | ip=127.0.0.1 | op=SEND_HEARTBEAT {"datanodeUUID":"33f74daf-be7a-4306-b2af-53e409c4cb93","term":"2","command":"[]"} | ret=SUCCESS |  
2025-10-20 19:50:14,249 | INFO  | OMAudit | user=runner | ip=127.0.0.1 | op=COMMIT_KEY {"volume":"818e2148-5d07-4d7f-8e63-d735287c277e","bucket":"cbc1a29c-3260-4851-ba2e-40e3e0a58946","key":"overwriteAfterRewrite","dataSize":"9","replicationType":"RATIS","replicationFactor":"ONE","Transaction":"71"} | ret=SUCCESS |  
2025-10-20 19:50:14,252 | INFO  | OMAudit | user=runner | ip=127.0.0.1 | op=READ_KEY {"volume":"818e2148-5d07-4d7f-8e63-d735287c277e","bucket":"cbc1a29c-3260-4851-ba2e-40e3e0a58946","key":"overwriteAfterRewrite","owner":null,"dataSize":"0","replicationConfig":null} | ret=SUCCESS |  
2025-10-20 19:50:14,255 | INFO  | OMAudit | user=runner | ip=127.0.0.1 | op=READ_KEY {"volume":"818e2148-5d07-4d7f-8e63-d735287c277e","bucket":"cbc1a29c-3260-4851-ba2e-40e3e0a58946","key":"overwriteAfterRewrite","owner":null,"dataSize":"0","replicationConfig":null} | ret=SUCCESS |  
2025-10-20 19:50:14,257 | INFO  | OMAudit | user=runner | ip=127.0.0.1 | op=READ_KEY {"volume":"818e2148-5d07-4d7f-8e63-d735287c277e","bucket":"cbc1a29c-3260-4851-ba2e-40e3e0a58946","key":"overwriteAfterRewrite","owner":null,"dataSize":"0","replicationConfig":null} | ret=SUCCESS |  
]]></system-out>
  </testcase>
  <testcase name="overwriteAfterRewrite(BucketLayout)[3]" classname="org.apache.hadoop.ozone.client.rpc.TestSecureOzoneRpcClient" time="0.11">
    <system-out><![CDATA[2025-10-20 19:50:14,269 [ForkJoinPool-1-worker-1] INFO  rpc.RpcClient (RpcClient.java:createVolume(461)) - Creating Volume: b7ab6346-0080-44a4-8d12-5e9e445273a3, with runner as owner and space quota set to -1 bytes, counts quota set to -1
2025-10-20 19:50:14,273 [om1-OMStateMachineApplyTransactionThread - 0] INFO  volume.OMVolumeCreateRequest (OMVolumeCreateRequest.java:validateAndUpdateCache(213)) - created volume:b7ab6346-0080-44a4-8d12-5e9e445273a3 for user:runner
2025-10-20 19:50:14,273 | INFO  | OMAudit | user=runner | ip=127.0.0.1 | op=CREATE_VOLUME {"admin":"runner","owner":"runner","volume":"b7ab6346-0080-44a4-8d12-5e9e445273a3","creationTime":"1760989814272","modificationTime":"1760989814272","quotaInBytes":"-1","quotaInNamespace":"-1","usedNamespace":"0","objectID":"-9223372036854757376","updateID":"72","Transaction":"72"} | ret=SUCCESS |  
2025-10-20 19:50:14,275 | INFO  | OMAudit | user=runner | ip=127.0.0.1 | op=READ_VOLUME {"volume":"b7ab6346-0080-44a4-8d12-5e9e445273a3"} | ret=SUCCESS |  
2025-10-20 19:50:14,276 [ForkJoinPool-1-worker-1] INFO  rpc.RpcClient (RpcClient.java:createBucket(686)) - Creating Bucket: b7ab6346-0080-44a4-8d12-5e9e445273a3/d3a1fdeb-8a7e-4fb8-8920-2a281548adef, with bucket layout LEGACY, runner as owner, Versioning false, Storage Type set to DISK and Encryption set to false, Replication Type set to server-side default replication type, Namespace Quota set to -1, Space Quota set to -1 
2025-10-20 19:50:14,279 [om1-OMStateMachineApplyTransactionThread - 0] INFO  bucket.OMBucketCreateRequest (OMBucketCreateRequest.java:validateAndUpdateCache(303)) - created bucket: d3a1fdeb-8a7e-4fb8-8920-2a281548adef of layout LEGACY in volume: b7ab6346-0080-44a4-8d12-5e9e445273a3
2025-10-20 19:50:14,279 | INFO  | OMAudit | user=runner | ip=127.0.0.1 | op=CREATE_BUCKET {"volume":"b7ab6346-0080-44a4-8d12-5e9e445273a3","bucket":"d3a1fdeb-8a7e-4fb8-8920-2a281548adef","bucketLayout":"LEGACY","gdprEnabled":null,"acls":"[user:runner:a[ACCESS], group:runner:rl[ACCESS]]","isVersionEnabled":"false","storageType":"DISK","creationTime":"1760989814277","bucketEncryptionKey":null,"modificationTime":"1760989814277","usedBytes":"0","usedNamespace":"0","snapshotUsedBytes":"0","snapshotUsedNamespace":"0","owner":"runner","replicationType":null,"replicationConfig":null,"quotaInBytes":"-1","quotaInNamespace":"-1","Transaction":"73"} | ret=SUCCESS |  
2025-10-20 19:50:14,281 | INFO  | OMAudit | user=runner | ip=127.0.0.1 | op=READ_BUCKET {"volume":"b7ab6346-0080-44a4-8d12-5e9e445273a3","bucket":"d3a1fdeb-8a7e-4fb8-8920-2a281548adef"} | ret=SUCCESS |  
2025-10-20 19:50:14,284 | INFO  | OMAudit | user=runner | ip=127.0.0.1 | op=READ_BUCKET {"volume":"b7ab6346-0080-44a4-8d12-5e9e445273a3","bucket":"d3a1fdeb-8a7e-4fb8-8920-2a281548adef"} | ret=SUCCESS |  
2025-10-20 19:50:14,285 | INFO  | SCMAudit | user=runner | ip=127.0.0.1 | op=SEND_HEARTBEAT {"datanodeUUID":"c90bff1f-5a1f-42c6-8fca-9533d718c79a","term":"2","command":"[]"} | ret=SUCCESS |  
2025-10-20 19:50:14,285 | INFO  | SCMAudit | user=runner | ip=127.0.0.1 | op=ALLOCATE_BLOCK {"replication":"RATIS/ONE","owner":"omServiceIdDefault","size":"4194304","sampleBlocks":"[conID: 4 locID: 115816896921600025]","num":"1","client":"","allocated":"1"} | ret=SUCCESS |  
2025-10-20 19:50:14,289 | INFO  | OMAudit | user=runner | ip=127.0.0.1 | op=ALLOCATE_KEY {"volume":"b7ab6346-0080-44a4-8d12-5e9e445273a3","bucket":"d3a1fdeb-8a7e-4fb8-8920-2a281548adef","key":"overwriteAfterRewrite","dataSize":"36","replicationType":"RATIS","replicationFactor":"ONE","Transaction":"74"} | ret=SUCCESS |  
2025-10-20 19:50:14,300 | INFO  | OMAudit | user=runner | ip=127.0.0.1 | op=COMMIT_KEY {"volume":"b7ab6346-0080-44a4-8d12-5e9e445273a3","bucket":"d3a1fdeb-8a7e-4fb8-8920-2a281548adef","key":"overwriteAfterRewrite","dataSize":"36","replicationType":"RATIS","replicationFactor":"ONE","Transaction":"75"} | ret=SUCCESS |  
2025-10-20 19:50:14,303 | INFO  | OMAudit | user=runner | ip=127.0.0.1 | op=READ_KEY {"volume":"b7ab6346-0080-44a4-8d12-5e9e445273a3","bucket":"d3a1fdeb-8a7e-4fb8-8920-2a281548adef","key":"overwriteAfterRewrite","owner":null,"dataSize":"0","replicationConfig":null} | ret=SUCCESS |  
2025-10-20 19:50:14,305 | INFO  | OMAudit | user=runner | ip=127.0.0.1 | op=READ_BUCKET {"volume":"b7ab6346-0080-44a4-8d12-5e9e445273a3","bucket":"d3a1fdeb-8a7e-4fb8-8920-2a281548adef"} | ret=SUCCESS |  
2025-10-20 19:50:14,306 | INFO  | SCMAudit | user=runner | ip=127.0.0.1 | op=ALLOCATE_BLOCK {"replication":"RATIS/ONE","owner":"omServiceIdDefault","size":"4194304","sampleBlocks":"[conID: 7 locID: 115816896921600026]","num":"1","client":"","allocated":"1"} | ret=SUCCESS |  
2025-10-20 19:50:14,309 | INFO  | OMAudit | user=runner | ip=127.0.0.1 | op=ALLOCATE_KEY {"volume":"b7ab6346-0080-44a4-8d12-5e9e445273a3","bucket":"d3a1fdeb-8a7e-4fb8-8920-2a281548adef","key":"overwriteAfterRewrite","dataSize":"36","replicationType":"RATIS","replicationFactor":"ONE","rewriteGeneration":"75","Transaction":"76"} | ret=SUCCESS |  
2025-10-20 19:50:14,321 | INFO  | OMAudit | user=runner | ip=127.0.0.1 | op=COMMIT_KEY {"volume":"b7ab6346-0080-44a4-8d12-5e9e445273a3","bucket":"d3a1fdeb-8a7e-4fb8-8920-2a281548adef","key":"overwriteAfterRewrite","dataSize":"7","replicationType":"RATIS","replicationFactor":"ONE","rewriteGeneration":"75","Transaction":"77"} | ret=SUCCESS |  
2025-10-20 19:50:14,340 | INFO  | SCMAudit | user=runner | ip=127.0.0.1 | op=SEND_HEARTBEAT {"datanodeUUID":"38991c48-ffb3-4453-b758-77d6b4ebc62b","term":"2","command":"[]"} | ret=SUCCESS |  
2025-10-20 19:50:14,343 | INFO  | OMAudit | user=runner | ip=127.0.0.1 | op=READ_BUCKET {"volume":"b7ab6346-0080-44a4-8d12-5e9e445273a3","bucket":"d3a1fdeb-8a7e-4fb8-8920-2a281548adef"} | ret=SUCCESS |  
2025-10-20 19:50:14,345 | INFO  | SCMAudit | user=runner | ip=127.0.0.1 | op=ALLOCATE_BLOCK {"replication":"RATIS/ONE","owner":"omServiceIdDefault","size":"4194304","sampleBlocks":"[conID: 8 locID: 115816896921600027]","num":"1","client":"","allocated":"1"} | ret=SUCCESS |  
2025-10-20 19:50:14,349 | INFO  | OMAudit | user=runner | ip=127.0.0.1 | op=ALLOCATE_KEY {"volume":"b7ab6346-0080-44a4-8d12-5e9e445273a3","bucket":"d3a1fdeb-8a7e-4fb8-8920-2a281548adef","key":"overwriteAfterRewrite","dataSize":"9","replicationType":"RATIS","replicationFactor":"ONE","Transaction":"78"} | ret=SUCCESS |  
2025-10-20 19:50:14,360 | INFO  | OMAudit | user=runner | ip=127.0.0.1 | op=COMMIT_KEY {"volume":"b7ab6346-0080-44a4-8d12-5e9e445273a3","bucket":"d3a1fdeb-8a7e-4fb8-8920-2a281548adef","key":"overwriteAfterRewrite","dataSize":"9","replicationType":"RATIS","replicationFactor":"ONE","Transaction":"79"} | ret=SUCCESS |  
2025-10-20 19:50:14,362 | INFO  | OMAudit | user=runner | ip=127.0.0.1 | op=READ_KEY {"volume":"b7ab6346-0080-44a4-8d12-5e9e445273a3","bucket":"d3a1fdeb-8a7e-4fb8-8920-2a281548adef","key":"overwriteAfterRewrite","owner":null,"dataSize":"0","replicationConfig":null} | ret=SUCCESS |  
2025-10-20 19:50:14,364 | INFO  | OMAudit | user=runner | ip=127.0.0.1 | op=READ_KEY {"volume":"b7ab6346-0080-44a4-8d12-5e9e445273a3","bucket":"d3a1fdeb-8a7e-4fb8-8920-2a281548adef","key":"overwriteAfterRewrite","owner":null,"dataSize":"0","replicationConfig":null} | ret=SUCCESS |  
2025-10-20 19:50:14,366 | INFO  | OMAudit | user=runner | ip=127.0.0.1 | op=READ_KEY {"volume":"b7ab6346-0080-44a4-8d12-5e9e445273a3","bucket":"d3a1fdeb-8a7e-4fb8-8920-2a281548adef","key":"overwriteAfterRewrite","owner":null,"dataSize":"0","replicationConfig":null} | ret=SUCCESS |  
]]></system-out>
  </testcase>
  <testcase name="renameAfterRewrite(BucketLayout)[1]" classname="org.apache.hadoop.ozone.client.rpc.TestSecureOzoneRpcClient" time="0.1">
    <system-out><![CDATA[2025-10-20 19:50:14,381 [ForkJoinPool-1-worker-1] INFO  rpc.RpcClient (RpcClient.java:createVolume(461)) - Creating Volume: 7df87b96-60b7-4e08-b4a1-ad933ceb582d, with runner as owner and space quota set to -1 bytes, counts quota set to -1
2025-10-20 19:50:14,385 [om1-OMStateMachineApplyTransactionThread - 0] INFO  volume.OMVolumeCreateRequest (OMVolumeCreateRequest.java:validateAndUpdateCache(213)) - created volume:7df87b96-60b7-4e08-b4a1-ad933ceb582d for user:runner
2025-10-20 19:50:14,385 | INFO  | OMAudit | user=runner | ip=127.0.0.1 | op=CREATE_VOLUME {"admin":"runner","owner":"runner","volume":"7df87b96-60b7-4e08-b4a1-ad933ceb582d","creationTime":"1760989814383","modificationTime":"1760989814383","quotaInBytes":"-1","quotaInNamespace":"-1","usedNamespace":"0","objectID":"-9223372036854755328","updateID":"80","Transaction":"80"} | ret=SUCCESS |  
2025-10-20 19:50:14,388 | INFO  | OMAudit | user=runner | ip=127.0.0.1 | op=READ_VOLUME {"volume":"7df87b96-60b7-4e08-b4a1-ad933ceb582d"} | ret=SUCCESS |  
2025-10-20 19:50:14,388 [ForkJoinPool-1-worker-1] INFO  rpc.RpcClient (RpcClient.java:createBucket(686)) - Creating Bucket: 7df87b96-60b7-4e08-b4a1-ad933ceb582d/22c72d03-3bd9-4bfd-bbe7-5764c2b02e51, with bucket layout FILE_SYSTEM_OPTIMIZED, runner as owner, Versioning false, Storage Type set to DISK and Encryption set to false, Replication Type set to server-side default replication type, Namespace Quota set to -1, Space Quota set to -1 
2025-10-20 19:50:14,391 [om1-OMStateMachineApplyTransactionThread - 0] INFO  bucket.OMBucketCreateRequest (OMBucketCreateRequest.java:validateAndUpdateCache(303)) - created bucket: 22c72d03-3bd9-4bfd-bbe7-5764c2b02e51 of layout FILE_SYSTEM_OPTIMIZED in volume: 7df87b96-60b7-4e08-b4a1-ad933ceb582d
2025-10-20 19:50:14,391 | INFO  | OMAudit | user=runner | ip=127.0.0.1 | op=CREATE_BUCKET {"volume":"7df87b96-60b7-4e08-b4a1-ad933ceb582d","bucket":"22c72d03-3bd9-4bfd-bbe7-5764c2b02e51","bucketLayout":"FILE_SYSTEM_OPTIMIZED","gdprEnabled":null,"acls":"[user:runner:a[ACCESS], group:runner:rl[ACCESS]]","isVersionEnabled":"false","storageType":"DISK","creationTime":"1760989814389","bucketEncryptionKey":null,"modificationTime":"1760989814389","usedBytes":"0","usedNamespace":"0","snapshotUsedBytes":"0","snapshotUsedNamespace":"0","owner":"runner","replicationType":null,"replicationConfig":null,"quotaInBytes":"-1","quotaInNamespace":"-1","Transaction":"81"} | ret=SUCCESS |  
2025-10-20 19:50:14,392 | INFO  | OMAudit | user=runner | ip=127.0.0.1 | op=READ_BUCKET {"volume":"7df87b96-60b7-4e08-b4a1-ad933ceb582d","bucket":"22c72d03-3bd9-4bfd-bbe7-5764c2b02e51"} | ret=SUCCESS |  
2025-10-20 19:50:14,395 | INFO  | OMAudit | user=runner | ip=127.0.0.1 | op=READ_BUCKET {"volume":"7df87b96-60b7-4e08-b4a1-ad933ceb582d","bucket":"22c72d03-3bd9-4bfd-bbe7-5764c2b02e51"} | ret=SUCCESS |  
2025-10-20 19:50:14,396 | INFO  | SCMAudit | user=runner | ip=127.0.0.1 | op=ALLOCATE_BLOCK {"replication":"RATIS/ONE","owner":"omServiceIdDefault","size":"4194304","sampleBlocks":"[conID: 1 locID: 115816896921600028]","num":"1","client":"","allocated":"1"} | ret=SUCCESS |  
2025-10-20 19:50:14,400 | INFO  | OMAudit | user=runner | ip=127.0.0.1 | op=ALLOCATE_KEY {"volume":"7df87b96-60b7-4e08-b4a1-ad933ceb582d","bucket":"22c72d03-3bd9-4bfd-bbe7-5764c2b02e51","key":"renameAfterRewrite","dataSize":"36","replicationType":"RATIS","replicationFactor":"ONE","Transaction":"82"} | ret=SUCCESS |  
2025-10-20 19:50:14,418 | INFO  | OMAudit | user=runner | ip=127.0.0.1 | op=COMMIT_KEY {"volume":"7df87b96-60b7-4e08-b4a1-ad933ceb582d","bucket":"22c72d03-3bd9-4bfd-bbe7-5764c2b02e51","key":"renameAfterRewrite","dataSize":"36","replicationType":"RATIS","replicationFactor":"ONE","Transaction":"83"} | ret=SUCCESS |  
2025-10-20 19:50:14,420 | INFO  | SCMAudit | user=runner | ip=127.0.0.1 | op=GET_CONTAINER_WITH_PIPELINE_BATCH {"containerIDs":"#1,"} | ret=SUCCESS |  
2025-10-20 19:50:14,421 | INFO  | OMAudit | user=runner | ip=127.0.0.1 | op=READ_KEY {"volume":"7df87b96-60b7-4e08-b4a1-ad933ceb582d","bucket":"22c72d03-3bd9-4bfd-bbe7-5764c2b02e51","key":"renameAfterRewrite","owner":null,"dataSize":"0","replicationConfig":null} | ret=SUCCESS |  
2025-10-20 19:50:14,423 | INFO  | OMAudit | user=runner | ip=127.0.0.1 | op=READ_BUCKET {"volume":"7df87b96-60b7-4e08-b4a1-ad933ceb582d","bucket":"22c72d03-3bd9-4bfd-bbe7-5764c2b02e51"} | ret=SUCCESS |  
2025-10-20 19:50:14,424 | INFO  | SCMAudit | user=runner | ip=127.0.0.1 | op=ALLOCATE_BLOCK {"replication":"RATIS/ONE","owner":"omServiceIdDefault","size":"4194304","sampleBlocks":"[conID: 11 locID: 115816896921600029]","num":"1","client":"","allocated":"1"} | ret=SUCCESS |  
2025-10-20 19:50:14,428 | INFO  | OMAudit | user=runner | ip=127.0.0.1 | op=ALLOCATE_KEY {"volume":"7df87b96-60b7-4e08-b4a1-ad933ceb582d","bucket":"22c72d03-3bd9-4bfd-bbe7-5764c2b02e51","key":"renameAfterRewrite","dataSize":"36","replicationType":"RATIS","replicationFactor":"ONE","rewriteGeneration":"83","Transaction":"84"} | ret=SUCCESS |  
2025-10-20 19:50:14,441 | INFO  | OMAudit | user=runner | ip=127.0.0.1 | op=COMMIT_KEY {"volume":"7df87b96-60b7-4e08-b4a1-ad933ceb582d","bucket":"22c72d03-3bd9-4bfd-bbe7-5764c2b02e51","key":"renameAfterRewrite","dataSize":"7","replicationType":"RATIS","replicationFactor":"ONE","rewriteGeneration":"83","Transaction":"85"} | ret=SUCCESS |  
2025-10-20 19:50:14,451 | INFO  | SCMAudit | user=runner | ip=127.0.0.1 | op=GET_CONTAINER_WITH_PIPELINE_BATCH {"containerIDs":"#11,"} | ret=SUCCESS |  
2025-10-20 19:50:14,452 | INFO  | OMAudit | user=null | ip= | op=READ_KEY {"volume":"7df87b96-60b7-4e08-b4a1-ad933ceb582d","bucket":"22c72d03-3bd9-4bfd-bbe7-5764c2b02e51","key":"renameAfterRewrite","owner":null,"dataSize":"0","replicationConfig":null} | ret=SUCCESS |  
2025-10-20 19:50:14,459 | INFO  | OMAudit | user=runner | ip=127.0.0.1 | op=RENAME_KEY {"volume":"7df87b96-60b7-4e08-b4a1-ad933ceb582d","bucket":"22c72d03-3bd9-4bfd-bbe7-5764c2b02e51","dataSize":"0","srcKey":"renameAfterRewrite","dstKey":"renameAfterRewrite-FILE_SYSTEM_OPTIMIZED","Transaction":"86"} | ret=SUCCESS |  
2025-10-20 19:50:14,463 | INFO  | OMAudit | user=runner | ip=127.0.0.1 | op=READ_KEY {"volume":"7df87b96-60b7-4e08-b4a1-ad933ceb582d","bucket":"22c72d03-3bd9-4bfd-bbe7-5764c2b02e51","key":"renameAfterRewrite-FILE_SYSTEM_OPTIMIZED","owner":null,"dataSize":"0","replicationConfig":null} | ret=SUCCESS |  
2025-10-20 19:50:14,465 | INFO  | OMAudit | user=runner | ip=127.0.0.1 | op=READ_KEY {"volume":"7df87b96-60b7-4e08-b4a1-ad933ceb582d","bucket":"22c72d03-3bd9-4bfd-bbe7-5764c2b02e51","key":"renameAfterRewrite-FILE_SYSTEM_OPTIMIZED","owner":null,"dataSize":"0","replicationConfig":null} | ret=SUCCESS |  
2025-10-20 19:50:14,475 | INFO  | SCMAudit | user=runner | ip=127.0.0.1 | op=GET_CONTAINER_WITH_PIPELINE_BATCH {"containerIDs":"#11,"} | ret=SUCCESS |  
2025-10-20 19:50:14,476 | INFO  | OMAudit | user=null | ip= | op=READ_KEY {"volume":"7df87b96-60b7-4e08-b4a1-ad933ceb582d","bucket":"22c72d03-3bd9-4bfd-bbe7-5764c2b02e51","key":"renameAfterRewrite-FILE_SYSTEM_OPTIMIZED","owner":null,"dataSize":"0","replicationConfig":null} | ret=SUCCESS |  
]]></system-out>
  </testcase>
  <testcase name="renameAfterRewrite(BucketLayout)[2]" classname="org.apache.hadoop.ozone.client.rpc.TestSecureOzoneRpcClient" time="0.065">
    <system-out><![CDATA[2025-10-20 19:50:14,482 [ForkJoinPool-1-worker-1] INFO  rpc.RpcClient (RpcClient.java:createVolume(461)) - Creating Volume: 9b25230d-d995-4d27-ad54-1627beacc03e, with runner as owner and space quota set to -1 bytes, counts quota set to -1
2025-10-20 19:50:14,485 [om1-OMStateMachineApplyTransactionThread - 0] INFO  volume.OMVolumeCreateRequest (OMVolumeCreateRequest.java:validateAndUpdateCache(213)) - created volume:9b25230d-d995-4d27-ad54-1627beacc03e for user:runner
2025-10-20 19:50:14,485 | INFO  | OMAudit | user=runner | ip=127.0.0.1 | op=CREATE_VOLUME {"admin":"runner","owner":"runner","volume":"9b25230d-d995-4d27-ad54-1627beacc03e","creationTime":"1760989814483","modificationTime":"1760989814483","quotaInBytes":"-1","quotaInNamespace":"-1","usedNamespace":"0","objectID":"-9223372036854753536","updateID":"87","Transaction":"87"} | ret=SUCCESS |  
2025-10-20 19:50:14,487 | INFO  | OMAudit | user=runner | ip=127.0.0.1 | op=READ_VOLUME {"volume":"9b25230d-d995-4d27-ad54-1627beacc03e"} | ret=SUCCESS |  
2025-10-20 19:50:14,488 [ForkJoinPool-1-worker-1] INFO  rpc.RpcClient (RpcClient.java:createBucket(686)) - Creating Bucket: 9b25230d-d995-4d27-ad54-1627beacc03e/b070b396-3a44-4eb1-b936-9fd71c7cce33, with bucket layout OBJECT_STORE, runner as owner, Versioning false, Storage Type set to DISK and Encryption set to false, Replication Type set to server-side default replication type, Namespace Quota set to -1, Space Quota set to -1 
2025-10-20 19:50:14,490 [om1-OMStateMachineApplyTransactionThread - 0] INFO  bucket.OMBucketCreateRequest (OMBucketCreateRequest.java:validateAndUpdateCache(303)) - created bucket: b070b396-3a44-4eb1-b936-9fd71c7cce33 of layout OBJECT_STORE in volume: 9b25230d-d995-4d27-ad54-1627beacc03e
2025-10-20 19:50:14,490 | INFO  | OMAudit | user=runner | ip=127.0.0.1 | op=CREATE_BUCKET {"volume":"9b25230d-d995-4d27-ad54-1627beacc03e","bucket":"b070b396-3a44-4eb1-b936-9fd71c7cce33","bucketLayout":"OBJECT_STORE","gdprEnabled":null,"acls":"[user:runner:a[ACCESS], group:runner:rl[ACCESS]]","isVersionEnabled":"false","storageType":"DISK","creationTime":"1760989814489","bucketEncryptionKey":null,"modificationTime":"1760989814489","usedBytes":"0","usedNamespace":"0","snapshotUsedBytes":"0","snapshotUsedNamespace":"0","owner":"runner","replicationType":null,"replicationConfig":null,"quotaInBytes":"-1","quotaInNamespace":"-1","Transaction":"88"} | ret=SUCCESS |  
2025-10-20 19:50:14,492 | INFO  | OMAudit | user=runner | ip=127.0.0.1 | op=READ_BUCKET {"volume":"9b25230d-d995-4d27-ad54-1627beacc03e","bucket":"b070b396-3a44-4eb1-b936-9fd71c7cce33"} | ret=SUCCESS |  
2025-10-20 19:50:14,494 | INFO  | OMAudit | user=runner | ip=127.0.0.1 | op=READ_BUCKET {"volume":"9b25230d-d995-4d27-ad54-1627beacc03e","bucket":"b070b396-3a44-4eb1-b936-9fd71c7cce33"} | ret=SUCCESS |  
2025-10-20 19:50:14,494 | INFO  | SCMAudit | user=runner | ip=127.0.0.1 | op=ALLOCATE_BLOCK {"replication":"RATIS/ONE","owner":"omServiceIdDefault","size":"4194304","sampleBlocks":"[conID: 9 locID: 115816896921600030]","num":"1","client":"","allocated":"1"} | ret=SUCCESS |  
2025-10-20 19:50:14,497 | INFO  | OMAudit | user=runner | ip=127.0.0.1 | op=ALLOCATE_KEY {"volume":"9b25230d-d995-4d27-ad54-1627beacc03e","bucket":"b070b396-3a44-4eb1-b936-9fd71c7cce33","key":"renameAfterRewrite","dataSize":"36","replicationType":"RATIS","replicationFactor":"ONE","Transaction":"89"} | ret=SUCCESS |  
2025-10-20 19:50:14,508 | INFO  | OMAudit | user=runner | ip=127.0.0.1 | op=COMMIT_KEY {"volume":"9b25230d-d995-4d27-ad54-1627beacc03e","bucket":"b070b396-3a44-4eb1-b936-9fd71c7cce33","key":"renameAfterRewrite","dataSize":"36","replicationType":"RATIS","replicationFactor":"ONE","Transaction":"90"} | ret=SUCCESS |  
2025-10-20 19:50:14,510 | INFO  | OMAudit | user=runner | ip=127.0.0.1 | op=READ_KEY {"volume":"9b25230d-d995-4d27-ad54-1627beacc03e","bucket":"b070b396-3a44-4eb1-b936-9fd71c7cce33","key":"renameAfterRewrite","owner":null,"dataSize":"0","replicationConfig":null} | ret=SUCCESS |  
2025-10-20 19:50:14,512 | INFO  | OMAudit | user=runner | ip=127.0.0.1 | op=READ_BUCKET {"volume":"9b25230d-d995-4d27-ad54-1627beacc03e","bucket":"b070b396-3a44-4eb1-b936-9fd71c7cce33"} | ret=SUCCESS |  
2025-10-20 19:50:14,513 | INFO  | SCMAudit | user=runner | ip=127.0.0.1 | op=ALLOCATE_BLOCK {"replication":"RATIS/ONE","owner":"omServiceIdDefault","size":"4194304","sampleBlocks":"[conID: 8 locID: 115816896921600031]","num":"1","client":"","allocated":"1"} | ret=SUCCESS |  
2025-10-20 19:50:14,516 | INFO  | OMAudit | user=runner | ip=127.0.0.1 | op=ALLOCATE_KEY {"volume":"9b25230d-d995-4d27-ad54-1627beacc03e","bucket":"b070b396-3a44-4eb1-b936-9fd71c7cce33","key":"renameAfterRewrite","dataSize":"36","replicationType":"RATIS","replicationFactor":"ONE","rewriteGeneration":"90","Transaction":"91"} | ret=SUCCESS |  
2025-10-20 19:50:14,525 | INFO  | SCMAudit | user=runner | ip=127.0.0.1 | op=SEND_HEARTBEAT {"datanodeUUID":"af0e5da1-57af-45e9-9aca-fa0798d05628","term":"2","command":"[]"} | ret=SUCCESS |  
2025-10-20 19:50:14,527 | INFO  | OMAudit | user=runner | ip=127.0.0.1 | op=COMMIT_KEY {"volume":"9b25230d-d995-4d27-ad54-1627beacc03e","bucket":"b070b396-3a44-4eb1-b936-9fd71c7cce33","key":"renameAfterRewrite","dataSize":"7","replicationType":"RATIS","replicationFactor":"ONE","rewriteGeneration":"90","Transaction":"92"} | ret=SUCCESS |  
2025-10-20 19:50:14,528 | INFO  | SCMAudit | user=runner | ip=127.0.0.1 | op=GET_CONTAINER_WITH_PIPELINE_BATCH {"containerIDs":"#8,"} | ret=SUCCESS |  
2025-10-20 19:50:14,529 | INFO  | OMAudit | user=null | ip= | op=READ_KEY {"volume":"9b25230d-d995-4d27-ad54-1627beacc03e","bucket":"b070b396-3a44-4eb1-b936-9fd71c7cce33","key":"renameAfterRewrite","owner":null,"dataSize":"0","replicationConfig":null} | ret=SUCCESS |  
2025-10-20 19:50:14,532 | INFO  | OMAudit | user=runner | ip=127.0.0.1 | op=RENAME_KEY {"volume":"9b25230d-d995-4d27-ad54-1627beacc03e","bucket":"b070b396-3a44-4eb1-b936-9fd71c7cce33","dataSize":"0","srcKey":"renameAfterRewrite","dstKey":"renameAfterRewrite-OBJECT_STORE","Transaction":"93"} | ret=SUCCESS |  
2025-10-20 19:50:14,534 | INFO  | OMAudit | user=runner | ip=127.0.0.1 | op=READ_KEY {"volume":"9b25230d-d995-4d27-ad54-1627beacc03e","bucket":"b070b396-3a44-4eb1-b936-9fd71c7cce33","key":"renameAfterRewrite-OBJECT_STORE","owner":null,"dataSize":"0","replicationConfig":null} | ret=SUCCESS |  
2025-10-20 19:50:14,535 | INFO  | OMAudit | user=runner | ip=127.0.0.1 | op=READ_KEY {"volume":"9b25230d-d995-4d27-ad54-1627beacc03e","bucket":"b070b396-3a44-4eb1-b936-9fd71c7cce33","key":"renameAfterRewrite-OBJECT_STORE","owner":null,"dataSize":"0","replicationConfig":null} | ret=SUCCESS |  
2025-10-20 19:50:14,544 | INFO  | SCMAudit | user=runner | ip=127.0.0.1 | op=GET_CONTAINER_WITH_PIPELINE_BATCH {"containerIDs":"#8,"} | ret=SUCCESS |  
2025-10-20 19:50:14,545 | INFO  | OMAudit | user=null | ip= | op=READ_KEY {"volume":"9b25230d-d995-4d27-ad54-1627beacc03e","bucket":"b070b396-3a44-4eb1-b936-9fd71c7cce33","key":"renameAfterRewrite-OBJECT_STORE","owner":null,"dataSize":"0","replicationConfig":null} | ret=SUCCESS |  
]]></system-out>
  </testcase>
  <testcase name="renameAfterRewrite(BucketLayout)[3]" classname="org.apache.hadoop.ozone.client.rpc.TestSecureOzoneRpcClient" time="0.08">
    <system-out><![CDATA[2025-10-20 19:50:14,548 [ForkJoinPool-1-worker-1] INFO  rpc.RpcClient (RpcClient.java:createVolume(461)) - Creating Volume: 1d28b8ba-dba6-477b-b9e0-8b2e047587fd, with runner as owner and space quota set to -1 bytes, counts quota set to -1
2025-10-20 19:50:14,550 [om1-OMStateMachineApplyTransactionThread - 0] INFO  volume.OMVolumeCreateRequest (OMVolumeCreateRequest.java:validateAndUpdateCache(213)) - created volume:1d28b8ba-dba6-477b-b9e0-8b2e047587fd for user:runner
2025-10-20 19:50:14,550 | INFO  | OMAudit | user=runner | ip=127.0.0.1 | op=CREATE_VOLUME {"admin":"runner","owner":"runner","volume":"1d28b8ba-dba6-477b-b9e0-8b2e047587fd","creationTime":"1760989814549","modificationTime":"1760989814549","quotaInBytes":"-1","quotaInNamespace":"-1","usedNamespace":"0","objectID":"-9223372036854751744","updateID":"94","Transaction":"94"} | ret=SUCCESS |  
2025-10-20 19:50:14,552 | INFO  | OMAudit | user=runner | ip=127.0.0.1 | op=READ_VOLUME {"volume":"1d28b8ba-dba6-477b-b9e0-8b2e047587fd"} | ret=SUCCESS |  
2025-10-20 19:50:14,552 [ForkJoinPool-1-worker-1] INFO  rpc.RpcClient (RpcClient.java:createBucket(686)) - Creating Bucket: 1d28b8ba-dba6-477b-b9e0-8b2e047587fd/6695d236-418f-4ffb-a55a-7a373029fde4, with bucket layout LEGACY, runner as owner, Versioning false, Storage Type set to DISK and Encryption set to false, Replication Type set to server-side default replication type, Namespace Quota set to -1, Space Quota set to -1 
2025-10-20 19:50:14,555 [om1-OMStateMachineApplyTransactionThread - 0] INFO  bucket.OMBucketCreateRequest (OMBucketCreateRequest.java:validateAndUpdateCache(303)) - created bucket: 6695d236-418f-4ffb-a55a-7a373029fde4 of layout LEGACY in volume: 1d28b8ba-dba6-477b-b9e0-8b2e047587fd
2025-10-20 19:50:14,555 | INFO  | OMAudit | user=runner | ip=127.0.0.1 | op=CREATE_BUCKET {"volume":"1d28b8ba-dba6-477b-b9e0-8b2e047587fd","bucket":"6695d236-418f-4ffb-a55a-7a373029fde4","bucketLayout":"LEGACY","gdprEnabled":null,"acls":"[user:runner:a[ACCESS], group:runner:rl[ACCESS]]","isVersionEnabled":"false","storageType":"DISK","creationTime":"1760989814553","bucketEncryptionKey":null,"modificationTime":"1760989814553","usedBytes":"0","usedNamespace":"0","snapshotUsedBytes":"0","snapshotUsedNamespace":"0","owner":"runner","replicationType":null,"replicationConfig":null,"quotaInBytes":"-1","quotaInNamespace":"-1","Transaction":"95"} | ret=SUCCESS |  
2025-10-20 19:50:14,556 | INFO  | OMAudit | user=runner | ip=127.0.0.1 | op=READ_BUCKET {"volume":"1d28b8ba-dba6-477b-b9e0-8b2e047587fd","bucket":"6695d236-418f-4ffb-a55a-7a373029fde4"} | ret=SUCCESS |  
2025-10-20 19:50:14,558 | INFO  | OMAudit | user=runner | ip=127.0.0.1 | op=READ_BUCKET {"volume":"1d28b8ba-dba6-477b-b9e0-8b2e047587fd","bucket":"6695d236-418f-4ffb-a55a-7a373029fde4"} | ret=SUCCESS |  
2025-10-20 19:50:14,559 | INFO  | SCMAudit | user=runner | ip=127.0.0.1 | op=ALLOCATE_BLOCK {"replication":"RATIS/ONE","owner":"omServiceIdDefault","size":"4194304","sampleBlocks":"[conID: 3 locID: 115816896921600032]","num":"1","client":"","allocated":"1"} | ret=SUCCESS |  
2025-10-20 19:50:14,562 | INFO  | OMAudit | user=runner | ip=127.0.0.1 | op=ALLOCATE_KEY {"volume":"1d28b8ba-dba6-477b-b9e0-8b2e047587fd","bucket":"6695d236-418f-4ffb-a55a-7a373029fde4","key":"renameAfterRewrite","dataSize":"36","replicationType":"RATIS","replicationFactor":"ONE","Transaction":"96"} | ret=SUCCESS |  
2025-10-20 19:50:14,582 | INFO  | OMAudit | user=runner | ip=127.0.0.1 | op=COMMIT_KEY {"volume":"1d28b8ba-dba6-477b-b9e0-8b2e047587fd","bucket":"6695d236-418f-4ffb-a55a-7a373029fde4","key":"renameAfterRewrite","dataSize":"36","replicationType":"RATIS","replicationFactor":"ONE","Transaction":"97"} | ret=SUCCESS |  
2025-10-20 19:50:14,585 | INFO  | SCMAudit | user=runner | ip=127.0.0.1 | op=GET_CONTAINER_WITH_PIPELINE_BATCH {"containerIDs":"#3,"} | ret=SUCCESS |  
2025-10-20 19:50:14,586 | INFO  | OMAudit | user=runner | ip=127.0.0.1 | op=READ_KEY {"volume":"1d28b8ba-dba6-477b-b9e0-8b2e047587fd","bucket":"6695d236-418f-4ffb-a55a-7a373029fde4","key":"renameAfterRewrite","owner":null,"dataSize":"0","replicationConfig":null} | ret=SUCCESS |  
2025-10-20 19:50:14,588 | INFO  | OMAudit | user=runner | ip=127.0.0.1 | op=READ_BUCKET {"volume":"1d28b8ba-dba6-477b-b9e0-8b2e047587fd","bucket":"6695d236-418f-4ffb-a55a-7a373029fde4"} | ret=SUCCESS |  
2025-10-20 19:50:14,589 | INFO  | SCMAudit | user=runner | ip=127.0.0.1 | op=ALLOCATE_BLOCK {"replication":"RATIS/ONE","owner":"omServiceIdDefault","size":"4194304","sampleBlocks":"[conID: 9 locID: 115816896921600033]","num":"1","client":"","allocated":"1"} | ret=SUCCESS |  
2025-10-20 19:50:14,591 | INFO  | OMAudit | user=runner | ip=127.0.0.1 | op=ALLOCATE_KEY {"volume":"1d28b8ba-dba6-477b-b9e0-8b2e047587fd","bucket":"6695d236-418f-4ffb-a55a-7a373029fde4","key":"renameAfterRewrite","dataSize":"36","replicationType":"RATIS","replicationFactor":"ONE","rewriteGeneration":"97","Transaction":"98"} | ret=SUCCESS |  
2025-10-20 19:50:14,602 | INFO  | OMAudit | user=runner | ip=127.0.0.1 | op=COMMIT_KEY {"volume":"1d28b8ba-dba6-477b-b9e0-8b2e047587fd","bucket":"6695d236-418f-4ffb-a55a-7a373029fde4","key":"renameAfterRewrite","dataSize":"7","replicationType":"RATIS","replicationFactor":"ONE","rewriteGeneration":"97","Transaction":"99"} | ret=SUCCESS |  
2025-10-20 19:50:14,606 | INFO  | SCMAudit | user=runner | ip=127.0.0.1 | op=GET_CONTAINER_WITH_PIPELINE_BATCH {"containerIDs":"#9,"} | ret=SUCCESS |  
2025-10-20 19:50:14,606 | INFO  | OMAudit | user=null | ip= | op=READ_KEY {"volume":"1d28b8ba-dba6-477b-b9e0-8b2e047587fd","bucket":"6695d236-418f-4ffb-a55a-7a373029fde4","key":"renameAfterRewrite","owner":null,"dataSize":"0","replicationConfig":null} | ret=SUCCESS |  
2025-10-20 19:50:14,609 | INFO  | OMAudit | user=runner | ip=127.0.0.1 | op=RENAME_KEY {"volume":"1d28b8ba-dba6-477b-b9e0-8b2e047587fd","bucket":"6695d236-418f-4ffb-a55a-7a373029fde4","dataSize":"0","srcKey":"renameAfterRewrite","dstKey":"renameAfterRewrite-LEGACY","Transaction":"100"} | ret=SUCCESS |  
2025-10-20 19:50:14,611 | INFO  | OMAudit | user=runner | ip=127.0.0.1 | op=READ_KEY {"volume":"1d28b8ba-dba6-477b-b9e0-8b2e047587fd","bucket":"6695d236-418f-4ffb-a55a-7a373029fde4","key":"renameAfterRewrite-LEGACY","owner":null,"dataSize":"0","replicationConfig":null} | ret=SUCCESS |  
2025-10-20 19:50:14,613 | INFO  | OMAudit | user=runner | ip=127.0.0.1 | op=READ_KEY {"volume":"1d28b8ba-dba6-477b-b9e0-8b2e047587fd","bucket":"6695d236-418f-4ffb-a55a-7a373029fde4","key":"renameAfterRewrite-LEGACY","owner":null,"dataSize":"0","replicationConfig":null} | ret=SUCCESS |  
2025-10-20 19:50:14,625 | INFO  | SCMAudit | user=runner | ip=127.0.0.1 | op=GET_CONTAINER_WITH_PIPELINE_BATCH {"containerIDs":"#9,"} | ret=SUCCESS |  
2025-10-20 19:50:14,626 | INFO  | OMAudit | user=null | ip= | op=READ_KEY {"volume":"1d28b8ba-dba6-477b-b9e0-8b2e047587fd","bucket":"6695d236-418f-4ffb-a55a-7a373029fde4","key":"renameAfterRewrite-LEGACY","owner":null,"dataSize":"0","replicationConfig":null} | ret=SUCCESS |  
]]></system-out>
  </testcase>
  <testcase name="rewriteAfterRename(BucketLayout)[1]" classname="org.apache.hadoop.ozone.client.rpc.TestSecureOzoneRpcClient" time="0.087">
    <system-out><![CDATA[2025-10-20 19:50:14,629 [ForkJoinPool-1-worker-1] INFO  rpc.RpcClient (RpcClient.java:createVolume(461)) - Creating Volume: 5543041c-08eb-446b-89c1-f10634703d5c, with runner as owner and space quota set to -1 bytes, counts quota set to -1
2025-10-20 19:50:14,632 [om1-OMStateMachineApplyTransactionThread - 0] INFO  volume.OMVolumeCreateRequest (OMVolumeCreateRequest.java:validateAndUpdateCache(213)) - created volume:5543041c-08eb-446b-89c1-f10634703d5c for user:runner
2025-10-20 19:50:14,633 | INFO  | OMAudit | user=runner | ip=127.0.0.1 | op=CREATE_VOLUME {"admin":"runner","owner":"runner","volume":"5543041c-08eb-446b-89c1-f10634703d5c","creationTime":"1760989814631","modificationTime":"1760989814631","quotaInBytes":"-1","quotaInNamespace":"-1","usedNamespace":"0","objectID":"-9223372036854749952","updateID":"101","Transaction":"101"} | ret=SUCCESS |  
2025-10-20 19:50:14,634 | INFO  | OMAudit | user=runner | ip=127.0.0.1 | op=READ_VOLUME {"volume":"5543041c-08eb-446b-89c1-f10634703d5c"} | ret=SUCCESS |  
2025-10-20 19:50:14,635 [ForkJoinPool-1-worker-1] INFO  rpc.RpcClient (RpcClient.java:createBucket(686)) - Creating Bucket: 5543041c-08eb-446b-89c1-f10634703d5c/b853fbd1-f59e-4b12-9410-dfbe4ae82cab, with bucket layout FILE_SYSTEM_OPTIMIZED, runner as owner, Versioning false, Storage Type set to DISK and Encryption set to false, Replication Type set to server-side default replication type, Namespace Quota set to -1, Space Quota set to -1 
2025-10-20 19:50:14,637 [om1-OMStateMachineApplyTransactionThread - 0] INFO  bucket.OMBucketCreateRequest (OMBucketCreateRequest.java:validateAndUpdateCache(303)) - created bucket: b853fbd1-f59e-4b12-9410-dfbe4ae82cab of layout FILE_SYSTEM_OPTIMIZED in volume: 5543041c-08eb-446b-89c1-f10634703d5c
2025-10-20 19:50:14,638 | INFO  | OMAudit | user=runner | ip=127.0.0.1 | op=CREATE_BUCKET {"volume":"5543041c-08eb-446b-89c1-f10634703d5c","bucket":"b853fbd1-f59e-4b12-9410-dfbe4ae82cab","bucketLayout":"FILE_SYSTEM_OPTIMIZED","gdprEnabled":null,"acls":"[user:runner:a[ACCESS], group:runner:rl[ACCESS]]","isVersionEnabled":"false","storageType":"DISK","creationTime":"1760989814636","bucketEncryptionKey":null,"modificationTime":"1760989814636","usedBytes":"0","usedNamespace":"0","snapshotUsedBytes":"0","snapshotUsedNamespace":"0","owner":"runner","replicationType":null,"replicationConfig":null,"quotaInBytes":"-1","quotaInNamespace":"-1","Transaction":"102"} | ret=SUCCESS |  
2025-10-20 19:50:14,639 | INFO  | OMAudit | user=runner | ip=127.0.0.1 | op=READ_BUCKET {"volume":"5543041c-08eb-446b-89c1-f10634703d5c","bucket":"b853fbd1-f59e-4b12-9410-dfbe4ae82cab"} | ret=SUCCESS |  
2025-10-20 19:50:14,640 | INFO  | SCMAudit | user=runner | ip=127.0.0.1 | op=SEND_HEARTBEAT {"datanodeUUID":"7bb0e7f0-2b36-4ec0-8a09-ceac75d91a36","term":"2","command":"[]"} | ret=SUCCESS |  
2025-10-20 19:50:14,641 | INFO  | OMAudit | user=runner | ip=127.0.0.1 | op=READ_BUCKET {"volume":"5543041c-08eb-446b-89c1-f10634703d5c","bucket":"b853fbd1-f59e-4b12-9410-dfbe4ae82cab"} | ret=SUCCESS |  
2025-10-20 19:50:14,642 | INFO  | SCMAudit | user=runner | ip=127.0.0.1 | op=ALLOCATE_BLOCK {"replication":"RATIS/ONE","owner":"omServiceIdDefault","size":"4194304","sampleBlocks":"[conID: 2 locID: 115816896921600034]","num":"1","client":"","allocated":"1"} | ret=SUCCESS |  
2025-10-20 19:50:14,645 | INFO  | OMAudit | user=runner | ip=127.0.0.1 | op=ALLOCATE_KEY {"volume":"5543041c-08eb-446b-89c1-f10634703d5c","bucket":"b853fbd1-f59e-4b12-9410-dfbe4ae82cab","key":"rewriteAfterRename","dataSize":"36","replicationType":"RATIS","replicationFactor":"ONE","Transaction":"103"} | ret=SUCCESS |  
2025-10-20 19:50:14,662 | INFO  | OMAudit | user=runner | ip=127.0.0.1 | op=COMMIT_KEY {"volume":"5543041c-08eb-446b-89c1-f10634703d5c","bucket":"b853fbd1-f59e-4b12-9410-dfbe4ae82cab","key":"rewriteAfterRename","dataSize":"36","replicationType":"RATIS","replicationFactor":"ONE","Transaction":"104"} | ret=SUCCESS |  
2025-10-20 19:50:14,667 | INFO  | SCMAudit | user=runner | ip=127.0.0.1 | op=GET_CONTAINER_WITH_PIPELINE_BATCH {"containerIDs":"#2,"} | ret=SUCCESS |  
2025-10-20 19:50:14,668 | INFO  | OMAudit | user=runner | ip=127.0.0.1 | op=READ_KEY {"volume":"5543041c-08eb-446b-89c1-f10634703d5c","bucket":"b853fbd1-f59e-4b12-9410-dfbe4ae82cab","key":"rewriteAfterRename","owner":null,"dataSize":"0","replicationConfig":null} | ret=SUCCESS |  
2025-10-20 19:50:14,673 | INFO  | OMAudit | user=runner | ip=127.0.0.1 | op=RENAME_KEY {"volume":"5543041c-08eb-446b-89c1-f10634703d5c","bucket":"b853fbd1-f59e-4b12-9410-dfbe4ae82cab","dataSize":"0","srcKey":"rewriteAfterRename","dstKey":"rewriteAfterRename-FILE_SYSTEM_OPTIMIZED","Transaction":"105"} | ret=SUCCESS |  
2025-10-20 19:50:14,676 | INFO  | OMAudit | user=runner | ip=127.0.0.1 | op=READ_KEY {"volume":"5543041c-08eb-446b-89c1-f10634703d5c","bucket":"b853fbd1-f59e-4b12-9410-dfbe4ae82cab","key":"rewriteAfterRename-FILE_SYSTEM_OPTIMIZED","owner":null,"dataSize":"0","replicationConfig":null} | ret=SUCCESS |  
2025-10-20 19:50:14,678 | INFO  | SCMAudit | user=runner | ip=127.0.0.1 | op=GET_CONTAINER_WITH_PIPELINE_BATCH {"containerIDs":"#2,"} | ret=SUCCESS |  
2025-10-20 19:50:14,679 | INFO  | OMAudit | user=null | ip= | op=READ_KEY {"volume":"5543041c-08eb-446b-89c1-f10634703d5c","bucket":"b853fbd1-f59e-4b12-9410-dfbe4ae82cab","key":"rewriteAfterRename-FILE_SYSTEM_OPTIMIZED","owner":null,"dataSize":"0","replicationConfig":null} | ret=SUCCESS |  
2025-10-20 19:50:14,680 | INFO  | OMAudit | user=runner | ip=127.0.0.1 | op=READ_BUCKET {"volume":"5543041c-08eb-446b-89c1-f10634703d5c","bucket":"b853fbd1-f59e-4b12-9410-dfbe4ae82cab"} | ret=SUCCESS |  
2025-10-20 19:50:14,681 | INFO  | SCMAudit | user=runner | ip=127.0.0.1 | op=ALLOCATE_BLOCK {"replication":"RATIS/ONE","owner":"omServiceIdDefault","size":"4194304","sampleBlocks":"[conID: 7 locID: 115816896921600035]","num":"1","client":"","allocated":"1"} | ret=SUCCESS |  
2025-10-20 19:50:14,684 | INFO  | OMAudit | user=runner | ip=127.0.0.1 | op=ALLOCATE_KEY {"volume":"5543041c-08eb-446b-89c1-f10634703d5c","bucket":"b853fbd1-f59e-4b12-9410-dfbe4ae82cab","key":"rewriteAfterRename-FILE_SYSTEM_OPTIMIZED","dataSize":"36","replicationType":"RATIS","replicationFactor":"ONE","rewriteGeneration":"105","Transaction":"106"} | ret=SUCCESS |  
2025-10-20 19:50:14,697 | INFO  | OMAudit | user=runner | ip=127.0.0.1 | op=COMMIT_KEY {"volume":"5543041c-08eb-446b-89c1-f10634703d5c","bucket":"b853fbd1-f59e-4b12-9410-dfbe4ae82cab","key":"rewriteAfterRename-FILE_SYSTEM_OPTIMIZED","dataSize":"7","replicationType":"RATIS","replicationFactor":"ONE","rewriteGeneration":"105","Transaction":"107"} | ret=SUCCESS |  
2025-10-20 19:50:14,699 | INFO  | SCMAudit | user=runner | ip=127.0.0.1 | op=SEND_HEARTBEAT {"datanodeUUID":"361055de-215b-4c6c-94c2-be1c1da118d1","term":"2","command":"[]"} | ret=SUCCESS |  
2025-10-20 19:50:14,700 | INFO  | OMAudit | user=runner | ip=127.0.0.1 | op=READ_KEY {"volume":"5543041c-08eb-446b-89c1-f10634703d5c","bucket":"b853fbd1-f59e-4b12-9410-dfbe4ae82cab","key":"rewriteAfterRename-FILE_SYSTEM_OPTIMIZED","owner":null,"dataSize":"0","replicationConfig":null} | ret=SUCCESS |  
2025-10-20 19:50:14,703 | INFO  | OMAudit | user=runner | ip=127.0.0.1 | op=READ_KEY {"volume":"5543041c-08eb-446b-89c1-f10634703d5c","bucket":"b853fbd1-f59e-4b12-9410-dfbe4ae82cab","key":"rewriteAfterRename-FILE_SYSTEM_OPTIMIZED","owner":null,"dataSize":"0","replicationConfig":null} | ret=SUCCESS |  
2025-10-20 19:50:14,715 | INFO  | SCMAudit | user=runner | ip=127.0.0.1 | op=GET_CONTAINER_WITH_PIPELINE_BATCH {"containerIDs":"#7,"} | ret=SUCCESS |  
2025-10-20 19:50:14,716 | INFO  | OMAudit | user=null | ip= | op=READ_KEY {"volume":"5543041c-08eb-446b-89c1-f10634703d5c","bucket":"b853fbd1-f59e-4b12-9410-dfbe4ae82cab","key":"rewriteAfterRename-FILE_SYSTEM_OPTIMIZED","owner":null,"dataSize":"0","replicationConfig":null} | ret=SUCCESS |  
]]></system-out>
  </testcase>
  <testcase name="rewriteAfterRename(BucketLayout)[2]" classname="org.apache.hadoop.ozone.client.rpc.TestSecureOzoneRpcClient" time="0.072">
    <system-out><![CDATA[2025-10-20 19:50:14,718 [ForkJoinPool-1-worker-1] INFO  rpc.RpcClient (RpcClient.java:createVolume(461)) - Creating Volume: 43b5cc97-6afe-4b47-a003-3c8846d68a5c, with runner as owner and space quota set to -1 bytes, counts quota set to -1
2025-10-20 19:50:14,720 [om1-OMStateMachineApplyTransactionThread - 0] INFO  volume.OMVolumeCreateRequest (OMVolumeCreateRequest.java:validateAndUpdateCache(213)) - created volume:43b5cc97-6afe-4b47-a003-3c8846d68a5c for user:runner
2025-10-20 19:50:14,720 | INFO  | OMAudit | user=runner | ip=127.0.0.1 | op=CREATE_VOLUME {"admin":"runner","owner":"runner","volume":"43b5cc97-6afe-4b47-a003-3c8846d68a5c","creationTime":"1760989814719","modificationTime":"1760989814719","quotaInBytes":"-1","quotaInNamespace":"-1","usedNamespace":"0","objectID":"-9223372036854748160","updateID":"108","Transaction":"108"} | ret=SUCCESS |  
2025-10-20 19:50:14,722 | INFO  | OMAudit | user=runner | ip=127.0.0.1 | op=READ_VOLUME {"volume":"43b5cc97-6afe-4b47-a003-3c8846d68a5c"} | ret=SUCCESS |  
2025-10-20 19:50:14,723 [ForkJoinPool-1-worker-1] INFO  rpc.RpcClient (RpcClient.java:createBucket(686)) - Creating Bucket: 43b5cc97-6afe-4b47-a003-3c8846d68a5c/de97e001-25d9-41bf-a963-747c346cb722, with bucket layout OBJECT_STORE, runner as owner, Versioning false, Storage Type set to DISK and Encryption set to false, Replication Type set to server-side default replication type, Namespace Quota set to -1, Space Quota set to -1 
2025-10-20 19:50:14,726 [om1-OMStateMachineApplyTransactionThread - 0] INFO  bucket.OMBucketCreateRequest (OMBucketCreateRequest.java:validateAndUpdateCache(303)) - created bucket: de97e001-25d9-41bf-a963-747c346cb722 of layout OBJECT_STORE in volume: 43b5cc97-6afe-4b47-a003-3c8846d68a5c
2025-10-20 19:50:14,726 | INFO  | OMAudit | user=runner | ip=127.0.0.1 | op=CREATE_BUCKET {"volume":"43b5cc97-6afe-4b47-a003-3c8846d68a5c","bucket":"de97e001-25d9-41bf-a963-747c346cb722","bucketLayout":"OBJECT_STORE","gdprEnabled":null,"acls":"[user:runner:a[ACCESS], group:runner:rl[ACCESS]]","isVersionEnabled":"false","storageType":"DISK","creationTime":"1760989814724","bucketEncryptionKey":null,"modificationTime":"1760989814724","usedBytes":"0","usedNamespace":"0","snapshotUsedBytes":"0","snapshotUsedNamespace":"0","owner":"runner","replicationType":null,"replicationConfig":null,"quotaInBytes":"-1","quotaInNamespace":"-1","Transaction":"109"} | ret=SUCCESS |  
2025-10-20 19:50:14,727 | INFO  | OMAudit | user=runner | ip=127.0.0.1 | op=READ_BUCKET {"volume":"43b5cc97-6afe-4b47-a003-3c8846d68a5c","bucket":"de97e001-25d9-41bf-a963-747c346cb722"} | ret=SUCCESS |  
2025-10-20 19:50:14,729 | INFO  | OMAudit | user=runner | ip=127.0.0.1 | op=READ_BUCKET {"volume":"43b5cc97-6afe-4b47-a003-3c8846d68a5c","bucket":"de97e001-25d9-41bf-a963-747c346cb722"} | ret=SUCCESS |  
2025-10-20 19:50:14,730 | INFO  | SCMAudit | user=runner | ip=127.0.0.1 | op=ALLOCATE_BLOCK {"replication":"RATIS/ONE","owner":"omServiceIdDefault","size":"4194304","sampleBlocks":"[conID: 2 locID: 115816896921600036]","num":"1","client":"","allocated":"1"} | ret=SUCCESS |  
2025-10-20 19:50:14,733 | INFO  | OMAudit | user=runner | ip=127.0.0.1 | op=ALLOCATE_KEY {"volume":"43b5cc97-6afe-4b47-a003-3c8846d68a5c","bucket":"de97e001-25d9-41bf-a963-747c346cb722","key":"rewriteAfterRename","dataSize":"36","replicationType":"RATIS","replicationFactor":"ONE","Transaction":"110"} | ret=SUCCESS |  
2025-10-20 19:50:14,743 | INFO  | OMAudit | user=runner | ip=127.0.0.1 | op=COMMIT_KEY {"volume":"43b5cc97-6afe-4b47-a003-3c8846d68a5c","bucket":"de97e001-25d9-41bf-a963-747c346cb722","key":"rewriteAfterRename","dataSize":"36","replicationType":"RATIS","replicationFactor":"ONE","Transaction":"111"} | ret=SUCCESS |  
2025-10-20 19:50:14,746 | INFO  | OMAudit | user=runner | ip=127.0.0.1 | op=READ_KEY {"volume":"43b5cc97-6afe-4b47-a003-3c8846d68a5c","bucket":"de97e001-25d9-41bf-a963-747c346cb722","key":"rewriteAfterRename","owner":null,"dataSize":"0","replicationConfig":null} | ret=SUCCESS |  
2025-10-20 19:50:14,750 | INFO  | OMAudit | user=runner | ip=127.0.0.1 | op=RENAME_KEY {"volume":"43b5cc97-6afe-4b47-a003-3c8846d68a5c","bucket":"de97e001-25d9-41bf-a963-747c346cb722","dataSize":"0","srcKey":"rewriteAfterRename","dstKey":"rewriteAfterRename-OBJECT_STORE","Transaction":"112"} | ret=SUCCESS |  
2025-10-20 19:50:14,753 | INFO  | OMAudit | user=runner | ip=127.0.0.1 | op=READ_KEY {"volume":"43b5cc97-6afe-4b47-a003-3c8846d68a5c","bucket":"de97e001-25d9-41bf-a963-747c346cb722","key":"rewriteAfterRename-OBJECT_STORE","owner":null,"dataSize":"0","replicationConfig":null} | ret=SUCCESS |  
2025-10-20 19:50:14,755 | INFO  | SCMAudit | user=runner | ip=127.0.0.1 | op=GET_CONTAINER_WITH_PIPELINE_BATCH {"containerIDs":"#2,"} | ret=SUCCESS |  
2025-10-20 19:50:14,756 | INFO  | OMAudit | user=null | ip= | op=READ_KEY {"volume":"43b5cc97-6afe-4b47-a003-3c8846d68a5c","bucket":"de97e001-25d9-41bf-a963-747c346cb722","key":"rewriteAfterRename-OBJECT_STORE","owner":null,"dataSize":"0","replicationConfig":null} | ret=SUCCESS |  
2025-10-20 19:50:14,757 | INFO  | OMAudit | user=runner | ip=127.0.0.1 | op=READ_BUCKET {"volume":"43b5cc97-6afe-4b47-a003-3c8846d68a5c","bucket":"de97e001-25d9-41bf-a963-747c346cb722"} | ret=SUCCESS |  
2025-10-20 19:50:14,758 | INFO  | SCMAudit | user=runner | ip=127.0.0.1 | op=ALLOCATE_BLOCK {"replication":"RATIS/ONE","owner":"omServiceIdDefault","size":"4194304","sampleBlocks":"[conID: 11 locID: 115816896921600037]","num":"1","client":"","allocated":"1"} | ret=SUCCESS |  
2025-10-20 19:50:14,761 | INFO  | OMAudit | user=runner | ip=127.0.0.1 | op=ALLOCATE_KEY {"volume":"43b5cc97-6afe-4b47-a003-3c8846d68a5c","bucket":"de97e001-25d9-41bf-a963-747c346cb722","key":"rewriteAfterRename-OBJECT_STORE","dataSize":"36","replicationType":"RATIS","replicationFactor":"ONE","rewriteGeneration":"112","Transaction":"113"} | ret=SUCCESS |  
2025-10-20 19:50:14,762 | INFO  | SCMAudit | user=runner | ip=127.0.0.1 | op=SEND_HEARTBEAT {"datanodeUUID":"e05592a5-d00f-4fc1-9e39-a968c1ecb04e","term":"2","command":"[]"} | ret=SUCCESS |  
2025-10-20 19:50:14,773 | INFO  | OMAudit | user=runner | ip=127.0.0.1 | op=COMMIT_KEY {"volume":"43b5cc97-6afe-4b47-a003-3c8846d68a5c","bucket":"de97e001-25d9-41bf-a963-747c346cb722","key":"rewriteAfterRename-OBJECT_STORE","dataSize":"7","replicationType":"RATIS","replicationFactor":"ONE","rewriteGeneration":"112","Transaction":"114"} | ret=SUCCESS |  
2025-10-20 19:50:14,776 | INFO  | OMAudit | user=runner | ip=127.0.0.1 | op=READ_KEY {"volume":"43b5cc97-6afe-4b47-a003-3c8846d68a5c","bucket":"de97e001-25d9-41bf-a963-747c346cb722","key":"rewriteAfterRename-OBJECT_STORE","owner":null,"dataSize":"0","replicationConfig":null} | ret=SUCCESS |  
2025-10-20 19:50:14,778 | INFO  | OMAudit | user=runner | ip=127.0.0.1 | op=READ_KEY {"volume":"43b5cc97-6afe-4b47-a003-3c8846d68a5c","bucket":"de97e001-25d9-41bf-a963-747c346cb722","key":"rewriteAfterRename-OBJECT_STORE","owner":null,"dataSize":"0","replicationConfig":null} | ret=SUCCESS |  
2025-10-20 19:50:14,787 | INFO  | SCMAudit | user=runner | ip=127.0.0.1 | op=GET_CONTAINER_WITH_PIPELINE_BATCH {"containerIDs":"#11,"} | ret=SUCCESS |  
2025-10-20 19:50:14,788 | INFO  | OMAudit | user=null | ip= | op=READ_KEY {"volume":"43b5cc97-6afe-4b47-a003-3c8846d68a5c","bucket":"de97e001-25d9-41bf-a963-747c346cb722","key":"rewriteAfterRename-OBJECT_STORE","owner":null,"dataSize":"0","replicationConfig":null} | ret=SUCCESS |  
]]></system-out>
  </testcase>
  <testcase name="rewriteAfterRename(BucketLayout)[3]" classname="org.apache.hadoop.ozone.client.rpc.TestSecureOzoneRpcClient" time="0.08">
    <system-out><![CDATA[2025-10-20 19:50:14,790 [ForkJoinPool-1-worker-1] INFO  rpc.RpcClient (RpcClient.java:createVolume(461)) - Creating Volume: 1d62fd52-1378-487e-9101-4d8049c66c93, with runner as owner and space quota set to -1 bytes, counts quota set to -1
2025-10-20 19:50:14,793 [om1-OMStateMachineApplyTransactionThread - 0] INFO  volume.OMVolumeCreateRequest (OMVolumeCreateRequest.java:validateAndUpdateCache(213)) - created volume:1d62fd52-1378-487e-9101-4d8049c66c93 for user:runner
2025-10-20 19:50:14,793 | INFO  | OMAudit | user=runner | ip=127.0.0.1 | op=CREATE_VOLUME {"admin":"runner","owner":"runner","volume":"1d62fd52-1378-487e-9101-4d8049c66c93","creationTime":"1760989814792","modificationTime":"1760989814792","quotaInBytes":"-1","quotaInNamespace":"-1","usedNamespace":"0","objectID":"-9223372036854746368","updateID":"115","Transaction":"115"} | ret=SUCCESS |  
2025-10-20 19:50:14,796 | INFO  | OMAudit | user=runner | ip=127.0.0.1 | op=READ_VOLUME {"volume":"1d62fd52-1378-487e-9101-4d8049c66c93"} | ret=SUCCESS |  
2025-10-20 19:50:14,796 [ForkJoinPool-1-worker-1] INFO  rpc.RpcClient (RpcClient.java:createBucket(686)) - Creating Bucket: 1d62fd52-1378-487e-9101-4d8049c66c93/a2c27c14-ed31-4488-9145-ec13f5c6f5c7, with bucket layout LEGACY, runner as owner, Versioning false, Storage Type set to DISK and Encryption set to false, Replication Type set to server-side default replication type, Namespace Quota set to -1, Space Quota set to -1 
2025-10-20 19:50:14,799 [om1-OMStateMachineApplyTransactionThread - 0] INFO  bucket.OMBucketCreateRequest (OMBucketCreateRequest.java:validateAndUpdateCache(303)) - created bucket: a2c27c14-ed31-4488-9145-ec13f5c6f5c7 of layout LEGACY in volume: 1d62fd52-1378-487e-9101-4d8049c66c93
2025-10-20 19:50:14,799 | INFO  | OMAudit | user=runner | ip=127.0.0.1 | op=CREATE_BUCKET {"volume":"1d62fd52-1378-487e-9101-4d8049c66c93","bucket":"a2c27c14-ed31-4488-9145-ec13f5c6f5c7","bucketLayout":"LEGACY","gdprEnabled":null,"acls":"[user:runner:a[ACCESS], group:runner:rl[ACCESS]]","isVersionEnabled":"false","storageType":"DISK","creationTime":"1760989814797","bucketEncryptionKey":null,"modificationTime":"1760989814797","usedBytes":"0","usedNamespace":"0","snapshotUsedBytes":"0","snapshotUsedNamespace":"0","owner":"runner","replicationType":null,"replicationConfig":null,"quotaInBytes":"-1","quotaInNamespace":"-1","Transaction":"116"} | ret=SUCCESS |  
2025-10-20 19:50:14,800 | INFO  | OMAudit | user=runner | ip=127.0.0.1 | op=READ_BUCKET {"volume":"1d62fd52-1378-487e-9101-4d8049c66c93","bucket":"a2c27c14-ed31-4488-9145-ec13f5c6f5c7"} | ret=SUCCESS |  
2025-10-20 19:50:14,802 | INFO  | OMAudit | user=runner | ip=127.0.0.1 | op=READ_BUCKET {"volume":"1d62fd52-1378-487e-9101-4d8049c66c93","bucket":"a2c27c14-ed31-4488-9145-ec13f5c6f5c7"} | ret=SUCCESS |  
2025-10-20 19:50:14,803 | INFO  | SCMAudit | user=runner | ip=127.0.0.1 | op=ALLOCATE_BLOCK {"replication":"RATIS/ONE","owner":"omServiceIdDefault","size":"4194304","sampleBlocks":"[conID: 11 locID: 115816896921600038]","num":"1","client":"","allocated":"1"} | ret=SUCCESS |  
2025-10-20 19:50:14,806 | INFO  | OMAudit | user=runner | ip=127.0.0.1 | op=ALLOCATE_KEY {"volume":"1d62fd52-1378-487e-9101-4d8049c66c93","bucket":"a2c27c14-ed31-4488-9145-ec13f5c6f5c7","key":"rewriteAfterRename","dataSize":"36","replicationType":"RATIS","replicationFactor":"ONE","Transaction":"117"} | ret=SUCCESS |  
2025-10-20 19:50:14,820 | INFO  | OMAudit | user=runner | ip=127.0.0.1 | op=COMMIT_KEY {"volume":"1d62fd52-1378-487e-9101-4d8049c66c93","bucket":"a2c27c14-ed31-4488-9145-ec13f5c6f5c7","key":"rewriteAfterRename","dataSize":"36","replicationType":"RATIS","replicationFactor":"ONE","Transaction":"118"} | ret=SUCCESS |  
2025-10-20 19:50:14,823 | INFO  | OMAudit | user=runner | ip=127.0.0.1 | op=READ_KEY {"volume":"1d62fd52-1378-487e-9101-4d8049c66c93","bucket":"a2c27c14-ed31-4488-9145-ec13f5c6f5c7","key":"rewriteAfterRename","owner":null,"dataSize":"0","replicationConfig":null} | ret=SUCCESS |  
2025-10-20 19:50:14,827 | INFO  | OMAudit | user=runner | ip=127.0.0.1 | op=RENAME_KEY {"volume":"1d62fd52-1378-487e-9101-4d8049c66c93","bucket":"a2c27c14-ed31-4488-9145-ec13f5c6f5c7","dataSize":"0","srcKey":"rewriteAfterRename","dstKey":"rewriteAfterRename-LEGACY","Transaction":"119"} | ret=SUCCESS |  
2025-10-20 19:50:14,829 | INFO  | OMAudit | user=runner | ip=127.0.0.1 | op=READ_KEY {"volume":"1d62fd52-1378-487e-9101-4d8049c66c93","bucket":"a2c27c14-ed31-4488-9145-ec13f5c6f5c7","key":"rewriteAfterRename-LEGACY","owner":null,"dataSize":"0","replicationConfig":null} | ret=SUCCESS |  
2025-10-20 19:50:14,831 | INFO  | SCMAudit | user=runner | ip=127.0.0.1 | op=GET_CONTAINER_WITH_PIPELINE_BATCH {"containerIDs":"#11,"} | ret=SUCCESS |  
2025-10-20 19:50:14,832 | INFO  | OMAudit | user=null | ip= | op=READ_KEY {"volume":"1d62fd52-1378-487e-9101-4d8049c66c93","bucket":"a2c27c14-ed31-4488-9145-ec13f5c6f5c7","key":"rewriteAfterRename-LEGACY","owner":null,"dataSize":"0","replicationConfig":null} | ret=SUCCESS |  
2025-10-20 19:50:14,834 | INFO  | OMAudit | user=runner | ip=127.0.0.1 | op=READ_BUCKET {"volume":"1d62fd52-1378-487e-9101-4d8049c66c93","bucket":"a2c27c14-ed31-4488-9145-ec13f5c6f5c7"} | ret=SUCCESS |  
2025-10-20 19:50:14,834 | INFO  | SCMAudit | user=runner | ip=127.0.0.1 | op=ALLOCATE_BLOCK {"replication":"RATIS/ONE","owner":"omServiceIdDefault","size":"4194304","sampleBlocks":"[conID: 2 locID: 115816896921600039]","num":"1","client":"","allocated":"1"} | ret=SUCCESS |  
2025-10-20 19:50:14,838 | INFO  | OMAudit | user=runner | ip=127.0.0.1 | op=ALLOCATE_KEY {"volume":"1d62fd52-1378-487e-9101-4d8049c66c93","bucket":"a2c27c14-ed31-4488-9145-ec13f5c6f5c7","key":"rewriteAfterRename-LEGACY","dataSize":"36","replicationType":"RATIS","replicationFactor":"ONE","rewriteGeneration":"119","Transaction":"120"} | ret=SUCCESS |  
2025-10-20 19:50:14,851 | INFO  | OMAudit | user=runner | ip=127.0.0.1 | op=COMMIT_KEY {"volume":"1d62fd52-1378-487e-9101-4d8049c66c93","bucket":"a2c27c14-ed31-4488-9145-ec13f5c6f5c7","key":"rewriteAfterRename-LEGACY","dataSize":"7","replicationType":"RATIS","replicationFactor":"ONE","rewriteGeneration":"119","Transaction":"121"} | ret=SUCCESS |  
2025-10-20 19:50:14,853 | INFO  | OMAudit | user=runner | ip=127.0.0.1 | op=READ_KEY {"volume":"1d62fd52-1378-487e-9101-4d8049c66c93","bucket":"a2c27c14-ed31-4488-9145-ec13f5c6f5c7","key":"rewriteAfterRename-LEGACY","owner":null,"dataSize":"0","replicationConfig":null} | ret=SUCCESS |  
2025-10-20 19:50:14,855 | INFO  | OMAudit | user=runner | ip=127.0.0.1 | op=READ_KEY {"volume":"1d62fd52-1378-487e-9101-4d8049c66c93","bucket":"a2c27c14-ed31-4488-9145-ec13f5c6f5c7","key":"rewriteAfterRename-LEGACY","owner":null,"dataSize":"0","replicationConfig":null} | ret=SUCCESS |  
2025-10-20 19:50:14,869 | INFO  | SCMAudit | user=runner | ip=127.0.0.1 | op=GET_CONTAINER_WITH_PIPELINE_BATCH {"containerIDs":"#2,"} | ret=SUCCESS |  
2025-10-20 19:50:14,869 | INFO  | OMAudit | user=null | ip= | op=READ_KEY {"volume":"1d62fd52-1378-487e-9101-4d8049c66c93","bucket":"a2c27c14-ed31-4488-9145-ec13f5c6f5c7","key":"rewriteAfterRename-LEGACY","owner":null,"dataSize":"0","replicationConfig":null} | ret=SUCCESS |  
]]></system-out>
  </testcase>
  <testcase name="rewriteFailsDueToOutdatedGeneration(BucketLayout)[1]" classname="org.apache.hadoop.ozone.client.rpc.TestSecureOzoneRpcClient" time="0.095">
    <system-out><![CDATA[2025-10-20 19:50:14,872 [ForkJoinPool-1-worker-1] INFO  rpc.RpcClient (RpcClient.java:createVolume(461)) - Creating Volume: 21c31794-37c0-4176-a85f-571e47b19bbc, with runner as owner and space quota set to -1 bytes, counts quota set to -1
2025-10-20 19:50:14,875 [om1-OMStateMachineApplyTransactionThread - 0] INFO  volume.OMVolumeCreateRequest (OMVolumeCreateRequest.java:validateAndUpdateCache(213)) - created volume:21c31794-37c0-4176-a85f-571e47b19bbc for user:runner
2025-10-20 19:50:14,875 | INFO  | OMAudit | user=runner | ip=127.0.0.1 | op=CREATE_VOLUME {"admin":"runner","owner":"runner","volume":"21c31794-37c0-4176-a85f-571e47b19bbc","creationTime":"1760989814874","modificationTime":"1760989814874","quotaInBytes":"-1","quotaInNamespace":"-1","usedNamespace":"0","objectID":"-9223372036854744576","updateID":"122","Transaction":"122"} | ret=SUCCESS |  
2025-10-20 19:50:14,877 | INFO  | OMAudit | user=runner | ip=127.0.0.1 | op=READ_VOLUME {"volume":"21c31794-37c0-4176-a85f-571e47b19bbc"} | ret=SUCCESS |  
2025-10-20 19:50:14,878 [ForkJoinPool-1-worker-1] INFO  rpc.RpcClient (RpcClient.java:createBucket(686)) - Creating Bucket: 21c31794-37c0-4176-a85f-571e47b19bbc/a006e110-42b2-4f0f-8697-1f3a027fd517, with bucket layout FILE_SYSTEM_OPTIMIZED, runner as owner, Versioning false, Storage Type set to DISK and Encryption set to false, Replication Type set to server-side default replication type, Namespace Quota set to -1, Space Quota set to -1 
2025-10-20 19:50:14,880 [om1-OMStateMachineApplyTransactionThread - 0] INFO  bucket.OMBucketCreateRequest (OMBucketCreateRequest.java:validateAndUpdateCache(303)) - created bucket: a006e110-42b2-4f0f-8697-1f3a027fd517 of layout FILE_SYSTEM_OPTIMIZED in volume: 21c31794-37c0-4176-a85f-571e47b19bbc
2025-10-20 19:50:14,880 | INFO  | OMAudit | user=runner | ip=127.0.0.1 | op=CREATE_BUCKET {"volume":"21c31794-37c0-4176-a85f-571e47b19bbc","bucket":"a006e110-42b2-4f0f-8697-1f3a027fd517","bucketLayout":"FILE_SYSTEM_OPTIMIZED","gdprEnabled":null,"acls":"[user:runner:a[ACCESS], group:runner:rl[ACCESS]]","isVersionEnabled":"false","storageType":"DISK","creationTime":"1760989814879","bucketEncryptionKey":null,"modificationTime":"1760989814879","usedBytes":"0","usedNamespace":"0","snapshotUsedBytes":"0","snapshotUsedNamespace":"0","owner":"runner","replicationType":null,"replicationConfig":null,"quotaInBytes":"-1","quotaInNamespace":"-1","Transaction":"123"} | ret=SUCCESS |  
2025-10-20 19:50:14,881 | INFO  | OMAudit | user=runner | ip=127.0.0.1 | op=READ_BUCKET {"volume":"21c31794-37c0-4176-a85f-571e47b19bbc","bucket":"a006e110-42b2-4f0f-8697-1f3a027fd517"} | ret=SUCCESS |  
2025-10-20 19:50:14,883 | INFO  | OMAudit | user=runner | ip=127.0.0.1 | op=READ_BUCKET {"volume":"21c31794-37c0-4176-a85f-571e47b19bbc","bucket":"a006e110-42b2-4f0f-8697-1f3a027fd517"} | ret=SUCCESS |  
2025-10-20 19:50:14,884 | INFO  | SCMAudit | user=runner | ip=127.0.0.1 | op=ALLOCATE_BLOCK {"replication":"RATIS/ONE","owner":"omServiceIdDefault","size":"4194304","sampleBlocks":"[conID: 11 locID: 115816896921600040]","num":"1","client":"","allocated":"1"} | ret=SUCCESS |  
2025-10-20 19:50:14,888 | INFO  | OMAudit | user=runner | ip=127.0.0.1 | op=ALLOCATE_KEY {"volume":"21c31794-37c0-4176-a85f-571e47b19bbc","bucket":"a006e110-42b2-4f0f-8697-1f3a027fd517","key":"rewriteFailsDueToOutdatedGeneration","dataSize":"36","replicationType":"RATIS","replicationFactor":"ONE","Transaction":"124"} | ret=SUCCESS |  
2025-10-20 19:50:14,901 | INFO  | OMAudit | user=runner | ip=127.0.0.1 | op=COMMIT_KEY {"volume":"21c31794-37c0-4176-a85f-571e47b19bbc","bucket":"a006e110-42b2-4f0f-8697-1f3a027fd517","key":"rewriteFailsDueToOutdatedGeneration","dataSize":"36","replicationType":"RATIS","replicationFactor":"ONE","Transaction":"125"} | ret=SUCCESS |  
2025-10-20 19:50:14,904 | INFO  | OMAudit | user=runner | ip=127.0.0.1 | op=READ_KEY {"volume":"21c31794-37c0-4176-a85f-571e47b19bbc","bucket":"a006e110-42b2-4f0f-8697-1f3a027fd517","key":"rewriteFailsDueToOutdatedGeneration","owner":null,"dataSize":"0","replicationConfig":null} | ret=SUCCESS |  
2025-10-20 19:50:14,907 | INFO  | OMAudit | user=runner | ip=127.0.0.1 | op=READ_BUCKET {"volume":"21c31794-37c0-4176-a85f-571e47b19bbc","bucket":"a006e110-42b2-4f0f-8697-1f3a027fd517"} | ret=SUCCESS |  
2025-10-20 19:50:14,908 | INFO  | SCMAudit | user=runner | ip=127.0.0.1 | op=ALLOCATE_BLOCK {"replication":"RATIS/ONE","owner":"omServiceIdDefault","size":"4194304","sampleBlocks":"[conID: 4 locID: 115816896921600041]","num":"1","client":"","allocated":"1"} | ret=SUCCESS |  
2025-10-20 19:50:14,912 | INFO  | OMAudit | user=runner | ip=127.0.0.1 | op=ALLOCATE_KEY {"volume":"21c31794-37c0-4176-a85f-571e47b19bbc","bucket":"a006e110-42b2-4f0f-8697-1f3a027fd517","key":"rewriteFailsDueToOutdatedGeneration","dataSize":"9","replicationType":"RATIS","replicationFactor":"ONE","Transaction":"126"} | ret=SUCCESS |  
2025-10-20 19:50:14,925 | INFO  | SCMAudit | user=runner | ip=127.0.0.1 | op=SEND_HEARTBEAT {"datanodeUUID":"ef67b0a7-5b27-496d-9f38-ab804a28e500","term":"2","command":"[]"} | ret=SUCCESS |  
2025-10-20 19:50:14,928 | INFO  | OMAudit | user=runner | ip=127.0.0.1 | op=COMMIT_KEY {"volume":"21c31794-37c0-4176-a85f-571e47b19bbc","bucket":"a006e110-42b2-4f0f-8697-1f3a027fd517","key":"rewriteFailsDueToOutdatedGeneration","dataSize":"9","replicationType":"RATIS","replicationFactor":"ONE","Transaction":"127"} | ret=SUCCESS |  
2025-10-20 19:50:14,930 | INFO  | OMAudit | user=runner | ip=127.0.0.1 | op=READ_KEY {"volume":"21c31794-37c0-4176-a85f-571e47b19bbc","bucket":"a006e110-42b2-4f0f-8697-1f3a027fd517","key":"rewriteFailsDueToOutdatedGeneration","owner":null,"dataSize":"0","replicationConfig":null} | ret=SUCCESS |  
2025-10-20 19:50:14,933 | INFO  | SCMAudit | user=runner | ip=127.0.0.1 | op=GET_CONTAINER_WITH_PIPELINE_BATCH {"containerIDs":"#4,"} | ret=SUCCESS |  
2025-10-20 19:50:14,935 | INFO  | OMAudit | user=null | ip= | op=READ_KEY {"volume":"21c31794-37c0-4176-a85f-571e47b19bbc","bucket":"a006e110-42b2-4f0f-8697-1f3a027fd517","key":"rewriteFailsDueToOutdatedGeneration","owner":null,"dataSize":"0","replicationConfig":null} | ret=SUCCESS |  
2025-10-20 19:50:14,937 | INFO  | OMAudit | user=runner | ip=127.0.0.1 | op=READ_BUCKET {"volume":"21c31794-37c0-4176-a85f-571e47b19bbc","bucket":"a006e110-42b2-4f0f-8697-1f3a027fd517"} | ret=SUCCESS |  
2025-10-20 19:50:14,938 | INFO  | SCMAudit | user=runner | ip=127.0.0.1 | op=ALLOCATE_BLOCK {"replication":"RATIS/ONE","owner":"omServiceIdDefault","size":"4194304","sampleBlocks":"[conID: 5 locID: 115816896921600042]","num":"1","client":"","allocated":"1"} | ret=SUCCESS |  
2025-10-20 19:50:14,942 [om1-OMStateMachineApplyTransactionThread - 0] ERROR key.OMKeyCreateRequest (OMKeyCreateRequest.java:logResult(400)) - Key creation failed. Volume:21c31794-37c0-4176-a85f-571e47b19bbc, Bucket:a006e110-42b2-4f0f-8697-1f3a027fd517, Key:rewriteFailsDueToOutdatedGeneration. 
KEY_NOT_FOUND org.apache.hadoop.ozone.om.exceptions.OMException: Generation mismatch during expected rewrite
	at org.apache.hadoop.ozone.om.request.key.OMKeyCreateRequest.validateAtomicRewrite(OMKeyCreateRequest.java:468)
	at org.apache.hadoop.ozone.om.request.key.OMKeyCreateRequestWithFSO.validateAndUpdateCache(OMKeyCreateRequestWithFSO.java:124)
	at org.apache.hadoop.ozone.protocolPB.OzoneManagerRequestHandler.lambda$0(OzoneManagerRequestHandler.java:418)
	at org.apache.hadoop.ozone.util.MetricUtil.captureLatencyNs(MetricUtil.java:45)
	at org.apache.hadoop.ozone.protocolPB.OzoneManagerRequestHandler.handleWriteRequestImpl(OzoneManagerRequestHandler.java:416)
	at org.apache.hadoop.ozone.protocolPB.RequestHandler.handleWriteRequest(RequestHandler.java:62)
	at org.apache.hadoop.ozone.om.ratis.OzoneManagerStateMachine.runCommand(OzoneManagerStateMachine.java:599)
	at org.apache.hadoop.ozone.om.ratis.OzoneManagerStateMachine.lambda$3(OzoneManagerStateMachine.java:415)
	at java.base/java.util.concurrent.CompletableFuture$AsyncSupply.run(CompletableFuture.java:1768)
	at java.base/java.util.concurrent.ThreadPoolExecutor.runWorker(ThreadPoolExecutor.java:1144)
	at java.base/java.util.concurrent.ThreadPoolExecutor$Worker.run(ThreadPoolExecutor.java:642)
	at java.base/java.lang.Thread.run(Thread.java:1583)
2025-10-20 19:50:14,942 | ERROR | OMAudit | user=runner | ip=127.0.0.1 | op=ALLOCATE_KEY {"volume":"21c31794-37c0-4176-a85f-571e47b19bbc","bucket":"a006e110-42b2-4f0f-8697-1f3a027fd517","key":"rewriteFailsDueToOutdatedGeneration","dataSize":"36","replicationType":"RATIS","replicationFactor":"ONE","rewriteGeneration":"125","Transaction":"128"} | ret=FAILURE | 
org.apache.hadoop.ozone.om.exceptions.OMException: Generation mismatch during expected rewrite
	at org.apache.hadoop.ozone.om.request.key.OMKeyCreateRequest.validateAtomicRewrite(OMKeyCreateRequest.java:468)
	at org.apache.hadoop.ozone.om.request.key.OMKeyCreateRequestWithFSO.validateAndUpdateCache(OMKeyCreateRequestWithFSO.java:124)
 
2025-10-20 19:50:14,946 | INFO  | OMAudit | user=runner | ip=127.0.0.1 | op=READ_KEY {"volume":"21c31794-37c0-4176-a85f-571e47b19bbc","bucket":"a006e110-42b2-4f0f-8697-1f3a027fd517","key":"rewriteFailsDueToOutdatedGeneration","owner":null,"dataSize":"0","replicationConfig":null} | ret=SUCCESS |  
2025-10-20 19:50:14,948 | INFO  | OMAudit | user=runner | ip=127.0.0.1 | op=READ_KEY {"volume":"21c31794-37c0-4176-a85f-571e47b19bbc","bucket":"a006e110-42b2-4f0f-8697-1f3a027fd517","key":"rewriteFailsDueToOutdatedGeneration","owner":null,"dataSize":"0","replicationConfig":null} | ret=SUCCESS |  
2025-10-20 19:50:14,962 | INFO  | SCMAudit | user=runner | ip=127.0.0.1 | op=SEND_HEARTBEAT {"datanodeUUID":"cc7fbe85-1d98-437b-84f9-04213fee10f0","term":"2","command":"[]"} | ret=SUCCESS |  
2025-10-20 19:50:14,965 | INFO  | SCMAudit | user=runner | ip=127.0.0.1 | op=GET_CONTAINER_WITH_PIPELINE_BATCH {"containerIDs":"#4,"} | ret=SUCCESS |  
2025-10-20 19:50:14,966 | INFO  | OMAudit | user=null | ip= | op=READ_KEY {"volume":"21c31794-37c0-4176-a85f-571e47b19bbc","bucket":"a006e110-42b2-4f0f-8697-1f3a027fd517","key":"rewriteFailsDueToOutdatedGeneration","owner":null,"dataSize":"0","replicationConfig":null} | ret=SUCCESS |  
2025-10-20 19:50:14,966 | INFO  | SCMAudit | user=runner | ip=127.0.0.1 | op=SEND_HEARTBEAT {"datanodeUUID":"b614738c-cdff-4f09-bf59-ed5bb75d51be","term":"2","command":"[]"} | ret=SUCCESS |  
]]></system-out>
  </testcase>
  <testcase name="rewriteFailsDueToOutdatedGeneration(BucketLayout)[2]" classname="org.apache.hadoop.ozone.client.rpc.TestSecureOzoneRpcClient" time="0.076">
    <system-out><![CDATA[2025-10-20 19:50:14,969 [ForkJoinPool-1-worker-1] INFO  rpc.RpcClient (RpcClient.java:createVolume(461)) - Creating Volume: 82223ac5-23eb-4516-be93-29b9e2d49f6f, with runner as owner and space quota set to -1 bytes, counts quota set to -1
2025-10-20 19:50:14,972 [om1-OMStateMachineApplyTransactionThread - 0] INFO  volume.OMVolumeCreateRequest (OMVolumeCreateRequest.java:validateAndUpdateCache(213)) - created volume:82223ac5-23eb-4516-be93-29b9e2d49f6f for user:runner
2025-10-20 19:50:14,972 | INFO  | OMAudit | user=runner | ip=127.0.0.1 | op=CREATE_VOLUME {"admin":"runner","owner":"runner","volume":"82223ac5-23eb-4516-be93-29b9e2d49f6f","creationTime":"1760989814970","modificationTime":"1760989814970","quotaInBytes":"-1","quotaInNamespace":"-1","usedNamespace":"0","objectID":"-9223372036854742784","updateID":"129","Transaction":"129"} | ret=SUCCESS |  
2025-10-20 19:50:14,974 | INFO  | OMAudit | user=runner | ip=127.0.0.1 | op=READ_VOLUME {"volume":"82223ac5-23eb-4516-be93-29b9e2d49f6f"} | ret=SUCCESS |  
2025-10-20 19:50:14,975 [ForkJoinPool-1-worker-1] INFO  rpc.RpcClient (RpcClient.java:createBucket(686)) - Creating Bucket: 82223ac5-23eb-4516-be93-29b9e2d49f6f/332d27ea-f9ba-4943-8bdc-460c5659e6eb, with bucket layout OBJECT_STORE, runner as owner, Versioning false, Storage Type set to DISK and Encryption set to false, Replication Type set to server-side default replication type, Namespace Quota set to -1, Space Quota set to -1 
2025-10-20 19:50:14,977 [om1-OMStateMachineApplyTransactionThread - 0] INFO  bucket.OMBucketCreateRequest (OMBucketCreateRequest.java:validateAndUpdateCache(303)) - created bucket: 332d27ea-f9ba-4943-8bdc-460c5659e6eb of layout OBJECT_STORE in volume: 82223ac5-23eb-4516-be93-29b9e2d49f6f
2025-10-20 19:50:14,978 | INFO  | OMAudit | user=runner | ip=127.0.0.1 | op=CREATE_BUCKET {"volume":"82223ac5-23eb-4516-be93-29b9e2d49f6f","bucket":"332d27ea-f9ba-4943-8bdc-460c5659e6eb","bucketLayout":"OBJECT_STORE","gdprEnabled":null,"acls":"[user:runner:a[ACCESS], group:runner:rl[ACCESS]]","isVersionEnabled":"false","storageType":"DISK","creationTime":"1760989814976","bucketEncryptionKey":null,"modificationTime":"1760989814976","usedBytes":"0","usedNamespace":"0","snapshotUsedBytes":"0","snapshotUsedNamespace":"0","owner":"runner","replicationType":null,"replicationConfig":null,"quotaInBytes":"-1","quotaInNamespace":"-1","Transaction":"130"} | ret=SUCCESS |  
2025-10-20 19:50:14,980 | INFO  | OMAudit | user=runner | ip=127.0.0.1 | op=READ_BUCKET {"volume":"82223ac5-23eb-4516-be93-29b9e2d49f6f","bucket":"332d27ea-f9ba-4943-8bdc-460c5659e6eb"} | ret=SUCCESS |  
2025-10-20 19:50:14,982 | INFO  | OMAudit | user=runner | ip=127.0.0.1 | op=READ_BUCKET {"volume":"82223ac5-23eb-4516-be93-29b9e2d49f6f","bucket":"332d27ea-f9ba-4943-8bdc-460c5659e6eb"} | ret=SUCCESS |  
2025-10-20 19:50:14,983 | INFO  | SCMAudit | user=runner | ip=127.0.0.1 | op=ALLOCATE_BLOCK {"replication":"RATIS/ONE","owner":"omServiceIdDefault","size":"4194304","sampleBlocks":"[conID: 8 locID: 115816896921600043]","num":"1","client":"","allocated":"1"} | ret=SUCCESS |  
2025-10-20 19:50:14,986 | INFO  | OMAudit | user=runner | ip=127.0.0.1 | op=ALLOCATE_KEY {"volume":"82223ac5-23eb-4516-be93-29b9e2d49f6f","bucket":"332d27ea-f9ba-4943-8bdc-460c5659e6eb","key":"rewriteFailsDueToOutdatedGeneration","dataSize":"36","replicationType":"RATIS","replicationFactor":"ONE","Transaction":"131"} | ret=SUCCESS |  
2025-10-20 19:50:14,998 | INFO  | OMAudit | user=runner | ip=127.0.0.1 | op=COMMIT_KEY {"volume":"82223ac5-23eb-4516-be93-29b9e2d49f6f","bucket":"332d27ea-f9ba-4943-8bdc-460c5659e6eb","key":"rewriteFailsDueToOutdatedGeneration","dataSize":"36","replicationType":"RATIS","replicationFactor":"ONE","Transaction":"132"} | ret=SUCCESS |  
2025-10-20 19:50:15,001 | INFO  | OMAudit | user=runner | ip=127.0.0.1 | op=READ_KEY {"volume":"82223ac5-23eb-4516-be93-29b9e2d49f6f","bucket":"332d27ea-f9ba-4943-8bdc-460c5659e6eb","key":"rewriteFailsDueToOutdatedGeneration","owner":null,"dataSize":"0","replicationConfig":null} | ret=SUCCESS |  
2025-10-20 19:50:15,003 | INFO  | OMAudit | user=runner | ip=127.0.0.1 | op=READ_BUCKET {"volume":"82223ac5-23eb-4516-be93-29b9e2d49f6f","bucket":"332d27ea-f9ba-4943-8bdc-460c5659e6eb"} | ret=SUCCESS |  
2025-10-20 19:50:15,004 | INFO  | SCMAudit | user=runner | ip=127.0.0.1 | op=ALLOCATE_BLOCK {"replication":"RATIS/ONE","owner":"omServiceIdDefault","size":"4194304","sampleBlocks":"[conID: 12 locID: 115816896921600044]","num":"1","client":"","allocated":"1"} | ret=SUCCESS |  
2025-10-20 19:50:15,007 | INFO  | OMAudit | user=runner | ip=127.0.0.1 | op=ALLOCATE_KEY {"volume":"82223ac5-23eb-4516-be93-29b9e2d49f6f","bucket":"332d27ea-f9ba-4943-8bdc-460c5659e6eb","key":"rewriteFailsDueToOutdatedGeneration","dataSize":"9","replicationType":"RATIS","replicationFactor":"ONE","Transaction":"133"} | ret=SUCCESS |  
2025-10-20 19:50:15,017 | INFO  | OMAudit | user=runner | ip=127.0.0.1 | op=COMMIT_KEY {"volume":"82223ac5-23eb-4516-be93-29b9e2d49f6f","bucket":"332d27ea-f9ba-4943-8bdc-460c5659e6eb","key":"rewriteFailsDueToOutdatedGeneration","dataSize":"9","replicationType":"RATIS","replicationFactor":"ONE","Transaction":"134"} | ret=SUCCESS |  
2025-10-20 19:50:15,020 | INFO  | OMAudit | user=runner | ip=127.0.0.1 | op=READ_KEY {"volume":"82223ac5-23eb-4516-be93-29b9e2d49f6f","bucket":"332d27ea-f9ba-4943-8bdc-460c5659e6eb","key":"rewriteFailsDueToOutdatedGeneration","owner":null,"dataSize":"0","replicationConfig":null} | ret=SUCCESS |  
2025-10-20 19:50:15,022 | INFO  | SCMAudit | user=runner | ip=127.0.0.1 | op=GET_CONTAINER_WITH_PIPELINE_BATCH {"containerIDs":"#12,"} | ret=SUCCESS |  
2025-10-20 19:50:15,023 | INFO  | OMAudit | user=null | ip= | op=READ_KEY {"volume":"82223ac5-23eb-4516-be93-29b9e2d49f6f","bucket":"332d27ea-f9ba-4943-8bdc-460c5659e6eb","key":"rewriteFailsDueToOutdatedGeneration","owner":null,"dataSize":"0","replicationConfig":null} | ret=SUCCESS |  
2025-10-20 19:50:15,024 | INFO  | OMAudit | user=runner | ip=127.0.0.1 | op=READ_BUCKET {"volume":"82223ac5-23eb-4516-be93-29b9e2d49f6f","bucket":"332d27ea-f9ba-4943-8bdc-460c5659e6eb"} | ret=SUCCESS |  
2025-10-20 19:50:15,025 | INFO  | SCMAudit | user=runner | ip=127.0.0.1 | op=ALLOCATE_BLOCK {"replication":"RATIS/ONE","owner":"omServiceIdDefault","size":"4194304","sampleBlocks":"[conID: 9 locID: 115816896921600045]","num":"1","client":"","allocated":"1"} | ret=SUCCESS |  
2025-10-20 19:50:15,027 | INFO  | SCMAudit | user=runner | ip=127.0.0.1 | op=SEND_HEARTBEAT {"datanodeUUID":"605be85e-a7f4-44d7-8cfd-f53001b990b0","term":"2","command":"[]"} | ret=SUCCESS |  
2025-10-20 19:50:15,027 [om1-OMStateMachineApplyTransactionThread - 0] ERROR key.OMKeyCreateRequest (OMKeyCreateRequest.java:logResult(400)) - Key creation failed. Volume:82223ac5-23eb-4516-be93-29b9e2d49f6f, Bucket:332d27ea-f9ba-4943-8bdc-460c5659e6eb, Key:rewriteFailsDueToOutdatedGeneration. 
KEY_NOT_FOUND org.apache.hadoop.ozone.om.exceptions.OMException: Generation mismatch during expected rewrite
	at org.apache.hadoop.ozone.om.request.key.OMKeyCreateRequest.validateAtomicRewrite(OMKeyCreateRequest.java:468)
	at org.apache.hadoop.ozone.om.request.key.OMKeyCreateRequest.validateAndUpdateCache(OMKeyCreateRequest.java:240)
	at org.apache.hadoop.ozone.protocolPB.OzoneManagerRequestHandler.lambda$0(OzoneManagerRequestHandler.java:418)
	at org.apache.hadoop.ozone.util.MetricUtil.captureLatencyNs(MetricUtil.java:45)
	at org.apache.hadoop.ozone.protocolPB.OzoneManagerRequestHandler.handleWriteRequestImpl(OzoneManagerRequestHandler.java:416)
	at org.apache.hadoop.ozone.protocolPB.RequestHandler.handleWriteRequest(RequestHandler.java:62)
	at org.apache.hadoop.ozone.om.ratis.OzoneManagerStateMachine.runCommand(OzoneManagerStateMachine.java:599)
	at org.apache.hadoop.ozone.om.ratis.OzoneManagerStateMachine.lambda$3(OzoneManagerStateMachine.java:415)
	at java.base/java.util.concurrent.CompletableFuture$AsyncSupply.run(CompletableFuture.java:1768)
	at java.base/java.util.concurrent.ThreadPoolExecutor.runWorker(ThreadPoolExecutor.java:1144)
	at java.base/java.util.concurrent.ThreadPoolExecutor$Worker.run(ThreadPoolExecutor.java:642)
	at java.base/java.lang.Thread.run(Thread.java:1583)
2025-10-20 19:50:15,028 | ERROR | OMAudit | user=runner | ip=127.0.0.1 | op=ALLOCATE_KEY {"volume":"82223ac5-23eb-4516-be93-29b9e2d49f6f","bucket":"332d27ea-f9ba-4943-8bdc-460c5659e6eb","key":"rewriteFailsDueToOutdatedGeneration","dataSize":"36","replicationType":"RATIS","replicationFactor":"ONE","rewriteGeneration":"132","Transaction":"135"} | ret=FAILURE | 
org.apache.hadoop.ozone.om.exceptions.OMException: Generation mismatch during expected rewrite
	at org.apache.hadoop.ozone.om.request.key.OMKeyCreateRequest.validateAtomicRewrite(OMKeyCreateRequest.java:468)
	at org.apache.hadoop.ozone.om.request.key.OMKeyCreateRequest.validateAndUpdateCache(OMKeyCreateRequest.java:240)
 
2025-10-20 19:50:15,029 | INFO  | OMAudit | user=runner | ip=127.0.0.1 | op=READ_KEY {"volume":"82223ac5-23eb-4516-be93-29b9e2d49f6f","bucket":"332d27ea-f9ba-4943-8bdc-460c5659e6eb","key":"rewriteFailsDueToOutdatedGeneration","owner":null,"dataSize":"0","replicationConfig":null} | ret=SUCCESS |  
2025-10-20 19:50:15,031 | INFO  | OMAudit | user=runner | ip=127.0.0.1 | op=READ_KEY {"volume":"82223ac5-23eb-4516-be93-29b9e2d49f6f","bucket":"332d27ea-f9ba-4943-8bdc-460c5659e6eb","key":"rewriteFailsDueToOutdatedGeneration","owner":null,"dataSize":"0","replicationConfig":null} | ret=SUCCESS |  
2025-10-20 19:50:15,042 | INFO  | SCMAudit | user=runner | ip=127.0.0.1 | op=GET_CONTAINER_WITH_PIPELINE_BATCH {"containerIDs":"#12,"} | ret=SUCCESS |  
2025-10-20 19:50:15,043 | INFO  | OMAudit | user=null | ip= | op=READ_KEY {"volume":"82223ac5-23eb-4516-be93-29b9e2d49f6f","bucket":"332d27ea-f9ba-4943-8bdc-460c5659e6eb","key":"rewriteFailsDueToOutdatedGeneration","owner":null,"dataSize":"0","replicationConfig":null} | ret=SUCCESS |  
]]></system-out>
  </testcase>
  <testcase name="rewriteFailsDueToOutdatedGeneration(BucketLayout)[3]" classname="org.apache.hadoop.ozone.client.rpc.TestSecureOzoneRpcClient" time="0.09">
    <system-out><![CDATA[2025-10-20 19:50:15,045 [ForkJoinPool-1-worker-1] INFO  rpc.RpcClient (RpcClient.java:createVolume(461)) - Creating Volume: 781dc131-78c2-43f9-b156-e3da9aec4a06, with runner as owner and space quota set to -1 bytes, counts quota set to -1
2025-10-20 19:50:15,048 [om1-OMStateMachineApplyTransactionThread - 0] INFO  volume.OMVolumeCreateRequest (OMVolumeCreateRequest.java:validateAndUpdateCache(213)) - created volume:781dc131-78c2-43f9-b156-e3da9aec4a06 for user:runner
2025-10-20 19:50:15,048 | INFO  | OMAudit | user=runner | ip=127.0.0.1 | op=CREATE_VOLUME {"admin":"runner","owner":"runner","volume":"781dc131-78c2-43f9-b156-e3da9aec4a06","creationTime":"1760989815046","modificationTime":"1760989815046","quotaInBytes":"-1","quotaInNamespace":"-1","usedNamespace":"0","objectID":"-9223372036854740992","updateID":"136","Transaction":"136"} | ret=SUCCESS |  
2025-10-20 19:50:15,050 | INFO  | OMAudit | user=runner | ip=127.0.0.1 | op=READ_VOLUME {"volume":"781dc131-78c2-43f9-b156-e3da9aec4a06"} | ret=SUCCESS |  
2025-10-20 19:50:15,050 [ForkJoinPool-1-worker-1] INFO  rpc.RpcClient (RpcClient.java:createBucket(686)) - Creating Bucket: 781dc131-78c2-43f9-b156-e3da9aec4a06/7d04cd24-d3dd-4c4d-9ac1-624e12b1b57a, with bucket layout LEGACY, runner as owner, Versioning false, Storage Type set to DISK and Encryption set to false, Replication Type set to server-side default replication type, Namespace Quota set to -1, Space Quota set to -1 
2025-10-20 19:50:15,053 [om1-OMStateMachineApplyTransactionThread - 0] INFO  bucket.OMBucketCreateRequest (OMBucketCreateRequest.java:validateAndUpdateCache(303)) - created bucket: 7d04cd24-d3dd-4c4d-9ac1-624e12b1b57a of layout LEGACY in volume: 781dc131-78c2-43f9-b156-e3da9aec4a06
2025-10-20 19:50:15,053 | INFO  | OMAudit | user=runner | ip=127.0.0.1 | op=CREATE_BUCKET {"volume":"781dc131-78c2-43f9-b156-e3da9aec4a06","bucket":"7d04cd24-d3dd-4c4d-9ac1-624e12b1b57a","bucketLayout":"LEGACY","gdprEnabled":null,"acls":"[user:runner:a[ACCESS], group:runner:rl[ACCESS]]","isVersionEnabled":"false","storageType":"DISK","creationTime":"1760989815051","bucketEncryptionKey":null,"modificationTime":"1760989815051","usedBytes":"0","usedNamespace":"0","snapshotUsedBytes":"0","snapshotUsedNamespace":"0","owner":"runner","replicationType":null,"replicationConfig":null,"quotaInBytes":"-1","quotaInNamespace":"-1","Transaction":"137"} | ret=SUCCESS |  
2025-10-20 19:50:15,055 | INFO  | OMAudit | user=runner | ip=127.0.0.1 | op=READ_BUCKET {"volume":"781dc131-78c2-43f9-b156-e3da9aec4a06","bucket":"7d04cd24-d3dd-4c4d-9ac1-624e12b1b57a"} | ret=SUCCESS |  
2025-10-20 19:50:15,057 | INFO  | OMAudit | user=runner | ip=127.0.0.1 | op=READ_BUCKET {"volume":"781dc131-78c2-43f9-b156-e3da9aec4a06","bucket":"7d04cd24-d3dd-4c4d-9ac1-624e12b1b57a"} | ret=SUCCESS |  
2025-10-20 19:50:15,059 | INFO  | SCMAudit | user=runner | ip=127.0.0.1 | op=ALLOCATE_BLOCK {"replication":"RATIS/ONE","owner":"omServiceIdDefault","size":"4194304","sampleBlocks":"[conID: 10 locID: 115816896921600046]","num":"1","client":"","allocated":"1"} | ret=SUCCESS |  
2025-10-20 19:50:15,062 | INFO  | OMAudit | user=runner | ip=127.0.0.1 | op=ALLOCATE_KEY {"volume":"781dc131-78c2-43f9-b156-e3da9aec4a06","bucket":"7d04cd24-d3dd-4c4d-9ac1-624e12b1b57a","key":"rewriteFailsDueToOutdatedGeneration","dataSize":"36","replicationType":"RATIS","replicationFactor":"ONE","Transaction":"138"} | ret=SUCCESS |  
2025-10-20 19:50:15,075 | INFO  | OMAudit | user=runner | ip=127.0.0.1 | op=COMMIT_KEY {"volume":"781dc131-78c2-43f9-b156-e3da9aec4a06","bucket":"7d04cd24-d3dd-4c4d-9ac1-624e12b1b57a","key":"rewriteFailsDueToOutdatedGeneration","dataSize":"36","replicationType":"RATIS","replicationFactor":"ONE","Transaction":"139"} | ret=SUCCESS |  
2025-10-20 19:50:15,080 | INFO  | OMAudit | user=runner | ip=127.0.0.1 | op=READ_KEY {"volume":"781dc131-78c2-43f9-b156-e3da9aec4a06","bucket":"7d04cd24-d3dd-4c4d-9ac1-624e12b1b57a","key":"rewriteFailsDueToOutdatedGeneration","owner":null,"dataSize":"0","replicationConfig":null} | ret=SUCCESS |  
2025-10-20 19:50:15,083 | INFO  | OMAudit | user=runner | ip=127.0.0.1 | op=READ_BUCKET {"volume":"781dc131-78c2-43f9-b156-e3da9aec4a06","bucket":"7d04cd24-d3dd-4c4d-9ac1-624e12b1b57a"} | ret=SUCCESS |  
2025-10-20 19:50:15,084 | INFO  | SCMAudit | user=runner | ip=127.0.0.1 | op=ALLOCATE_BLOCK {"replication":"RATIS/ONE","owner":"omServiceIdDefault","size":"4194304","sampleBlocks":"[conID: 5 locID: 115816896921600047]","num":"1","client":"","allocated":"1"} | ret=SUCCESS |  
2025-10-20 19:50:15,087 | INFO  | OMAudit | user=runner | ip=127.0.0.1 | op=ALLOCATE_KEY {"volume":"781dc131-78c2-43f9-b156-e3da9aec4a06","bucket":"7d04cd24-d3dd-4c4d-9ac1-624e12b1b57a","key":"rewriteFailsDueToOutdatedGeneration","dataSize":"9","replicationType":"RATIS","replicationFactor":"ONE","Transaction":"140"} | ret=SUCCESS |  
2025-10-20 19:50:15,100 | INFO  | OMAudit | user=runner | ip=127.0.0.1 | op=COMMIT_KEY {"volume":"781dc131-78c2-43f9-b156-e3da9aec4a06","bucket":"7d04cd24-d3dd-4c4d-9ac1-624e12b1b57a","key":"rewriteFailsDueToOutdatedGeneration","dataSize":"9","replicationType":"RATIS","replicationFactor":"ONE","Transaction":"141"} | ret=SUCCESS |  
2025-10-20 19:50:15,104 | INFO  | SCMAudit | user=runner | ip=127.0.0.1 | op=GET_CONTAINER_WITH_PIPELINE_BATCH {"containerIDs":"#5,"} | ret=SUCCESS |  
2025-10-20 19:50:15,105 | INFO  | OMAudit | user=runner | ip=127.0.0.1 | op=READ_KEY {"volume":"781dc131-78c2-43f9-b156-e3da9aec4a06","bucket":"7d04cd24-d3dd-4c4d-9ac1-624e12b1b57a","key":"rewriteFailsDueToOutdatedGeneration","owner":null,"dataSize":"0","replicationConfig":null} | ret=SUCCESS |  
2025-10-20 19:50:15,107 | INFO  | SCMAudit | user=runner | ip=127.0.0.1 | op=GET_CONTAINER_WITH_PIPELINE_BATCH {"containerIDs":"#5,"} | ret=SUCCESS |  
2025-10-20 19:50:15,108 | INFO  | OMAudit | user=null | ip= | op=READ_KEY {"volume":"781dc131-78c2-43f9-b156-e3da9aec4a06","bucket":"7d04cd24-d3dd-4c4d-9ac1-624e12b1b57a","key":"rewriteFailsDueToOutdatedGeneration","owner":null,"dataSize":"0","replicationConfig":null} | ret=SUCCESS |  
2025-10-20 19:50:15,109 | INFO  | OMAudit | user=runner | ip=127.0.0.1 | op=READ_BUCKET {"volume":"781dc131-78c2-43f9-b156-e3da9aec4a06","bucket":"7d04cd24-d3dd-4c4d-9ac1-624e12b1b57a"} | ret=SUCCESS |  
2025-10-20 19:50:15,110 | INFO  | SCMAudit | user=runner | ip=127.0.0.1 | op=ALLOCATE_BLOCK {"replication":"RATIS/ONE","owner":"omServiceIdDefault","size":"4194304","sampleBlocks":"[conID: 5 locID: 115816896921600048]","num":"1","client":"","allocated":"1"} | ret=SUCCESS |  
2025-10-20 19:50:15,113 [om1-OMStateMachineApplyTransactionThread - 0] ERROR key.OMKeyCreateRequest (OMKeyCreateRequest.java:logResult(400)) - Key creation failed. Volume:781dc131-78c2-43f9-b156-e3da9aec4a06, Bucket:7d04cd24-d3dd-4c4d-9ac1-624e12b1b57a, Key:rewriteFailsDueToOutdatedGeneration. 
KEY_NOT_FOUND org.apache.hadoop.ozone.om.exceptions.OMException: Generation mismatch during expected rewrite
	at org.apache.hadoop.ozone.om.request.key.OMKeyCreateRequest.validateAtomicRewrite(OMKeyCreateRequest.java:468)
	at org.apache.hadoop.ozone.om.request.key.OMKeyCreateRequest.validateAndUpdateCache(OMKeyCreateRequest.java:240)
	at org.apache.hadoop.ozone.protocolPB.OzoneManagerRequestHandler.lambda$0(OzoneManagerRequestHandler.java:418)
	at org.apache.hadoop.ozone.util.MetricUtil.captureLatencyNs(MetricUtil.java:45)
	at org.apache.hadoop.ozone.protocolPB.OzoneManagerRequestHandler.handleWriteRequestImpl(OzoneManagerRequestHandler.java:416)
	at org.apache.hadoop.ozone.protocolPB.RequestHandler.handleWriteRequest(RequestHandler.java:62)
	at org.apache.hadoop.ozone.om.ratis.OzoneManagerStateMachine.runCommand(OzoneManagerStateMachine.java:599)
	at org.apache.hadoop.ozone.om.ratis.OzoneManagerStateMachine.lambda$3(OzoneManagerStateMachine.java:415)
	at java.base/java.util.concurrent.CompletableFuture$AsyncSupply.run(CompletableFuture.java:1768)
	at java.base/java.util.concurrent.ThreadPoolExecutor.runWorker(ThreadPoolExecutor.java:1144)
	at java.base/java.util.concurrent.ThreadPoolExecutor$Worker.run(ThreadPoolExecutor.java:642)
	at java.base/java.lang.Thread.run(Thread.java:1583)
2025-10-20 19:50:15,113 | ERROR | OMAudit | user=runner | ip=127.0.0.1 | op=ALLOCATE_KEY {"volume":"781dc131-78c2-43f9-b156-e3da9aec4a06","bucket":"7d04cd24-d3dd-4c4d-9ac1-624e12b1b57a","key":"rewriteFailsDueToOutdatedGeneration","dataSize":"36","replicationType":"RATIS","replicationFactor":"ONE","rewriteGeneration":"139","Transaction":"142"} | ret=FAILURE | 
org.apache.hadoop.ozone.om.exceptions.OMException: Generation mismatch during expected rewrite
	at org.apache.hadoop.ozone.om.request.key.OMKeyCreateRequest.validateAtomicRewrite(OMKeyCreateRequest.java:468)
	at org.apache.hadoop.ozone.om.request.key.OMKeyCreateRequest.validateAndUpdateCache(OMKeyCreateRequest.java:240)
 
2025-10-20 19:50:15,116 | INFO  | OMAudit | user=runner | ip=127.0.0.1 | op=READ_KEY {"volume":"781dc131-78c2-43f9-b156-e3da9aec4a06","bucket":"7d04cd24-d3dd-4c4d-9ac1-624e12b1b57a","key":"rewriteFailsDueToOutdatedGeneration","owner":null,"dataSize":"0","replicationConfig":null} | ret=SUCCESS |  
2025-10-20 19:50:15,118 | INFO  | OMAudit | user=runner | ip=127.0.0.1 | op=READ_KEY {"volume":"781dc131-78c2-43f9-b156-e3da9aec4a06","bucket":"7d04cd24-d3dd-4c4d-9ac1-624e12b1b57a","key":"rewriteFailsDueToOutdatedGeneration","owner":null,"dataSize":"0","replicationConfig":null} | ret=SUCCESS |  
2025-10-20 19:50:15,133 | INFO  | SCMAudit | user=runner | ip=127.0.0.1 | op=GET_CONTAINER_WITH_PIPELINE_BATCH {"containerIDs":"#5,"} | ret=SUCCESS |  
2025-10-20 19:50:15,133 | INFO  | OMAudit | user=null | ip= | op=READ_KEY {"volume":"781dc131-78c2-43f9-b156-e3da9aec4a06","bucket":"7d04cd24-d3dd-4c4d-9ac1-624e12b1b57a","key":"rewriteFailsDueToOutdatedGeneration","owner":null,"dataSize":"0","replicationConfig":null} | ret=SUCCESS |  
]]></system-out>
  </testcase>
  <testcase name="rewriteFailsDueToOutdatedGenerationAtCommit(BucketLayout)[1]" classname="org.apache.hadoop.ozone.client.rpc.TestSecureOzoneRpcClient" time="0.098">
    <system-out><![CDATA[2025-10-20 19:50:15,138 [om1-KeyDeletingService#8] INFO  service.KeyDeletingService (KeyDeletingService.java:processKeyDeletes(151)) - Send 13 key(s) to SCM, first 10 keys: [PurgedKey{blockGroup=BlockGroup[groupID='/82223ac5-23eb-4516-be93-29b9e2d49f6f/332d27ea-f9ba-4943-8bdc-460c5659e6eb/rewriteFailsDueToOutdatedGeneration/-9223372036854741504/0', blockIDs=[conID: 8 locID: 115816896921600043 bcsId: 0 replicaIndex: null]], volume='82223ac5-23eb-4516-be93-29b9e2d49f6f', bucket='332d27ea-f9ba-4943-8bdc-460c5659e6eb', bucketId=-9223372036854742528, purgedBytes=36, isCommittedKey=true, deleteKeyName='/82223ac5-23eb-4516-be93-29b9e2d49f6f/332d27ea-f9ba-4943-8bdc-460c5659e6eb/rewriteFailsDueToOutdatedGeneration/-9223372036854741504'}, PurgedKey{blockGroup=BlockGroup[groupID='/9b25230d-d995-4d27-ad54-1627beacc03e/b070b396-3a44-4eb1-b936-9fd71c7cce33/renameAfterRewrite/-9223372036854752256/0', blockIDs=[conID: 9 locID: 115816896921600030 bcsId: 0 replicaIndex: null]], volume='9b25230d-d995-4d27-ad54-1627beacc03e', bucket='b070b396-3a44-4eb1-b936-9fd71c7cce33', bucketId=-9223372036854753280, purgedBytes=36, isCommittedKey=true, deleteKeyName='/9b25230d-d995-4d27-ad54-1627beacc03e/b070b396-3a44-4eb1-b936-9fd71c7cce33/renameAfterRewrite/-9223372036854752256'}, PurgedKey{blockGroup=BlockGroup[groupID='/1d28b8ba-dba6-477b-b9e0-8b2e047587fd/6695d236-418f-4ffb-a55a-7a373029fde4/renameAfterRewrite/-9223372036854750464/0', blockIDs=[conID: 3 locID: 115816896921600032 bcsId: 0 replicaIndex: null]], volume='1d28b8ba-dba6-477b-b9e0-8b2e047587fd', bucket='6695d236-418f-4ffb-a55a-7a373029fde4', bucketId=-9223372036854751488, purgedBytes=36, isCommittedKey=true, deleteKeyName='/1d28b8ba-dba6-477b-b9e0-8b2e047587fd/6695d236-418f-4ffb-a55a-7a373029fde4/renameAfterRewrite/-9223372036854750464'}, PurgedKey{blockGroup=BlockGroup[groupID='/b7ab6346-0080-44a4-8d12-5e9e445273a3/d3a1fdeb-8a7e-4fb8-8920-2a281548adef/overwriteAfterRewrite/-9223372036854755584/0', blockIDs=[conID: 7 locID: 115816896921600026 bcsId: 0 replicaIndex: null]], volume='b7ab6346-0080-44a4-8d12-5e9e445273a3', bucket='d3a1fdeb-8a7e-4fb8-8920-2a281548adef', bucketId=-9223372036854757120, purgedBytes=7, isCommittedKey=true, deleteKeyName='/b7ab6346-0080-44a4-8d12-5e9e445273a3/d3a1fdeb-8a7e-4fb8-8920-2a281548adef/overwriteAfterRewrite/-9223372036854755584'}, PurgedKey{blockGroup=BlockGroup[groupID='/1d62fd52-1378-487e-9101-4d8049c66c93/a2c27c14-ed31-4488-9145-ec13f5c6f5c7/rewriteAfterRename-LEGACY/-9223372036854744832/0', blockIDs=[conID: 11 locID: 115816896921600038 bcsId: 0 replicaIndex: null]], volume='1d62fd52-1378-487e-9101-4d8049c66c93', bucket='a2c27c14-ed31-4488-9145-ec13f5c6f5c7', bucketId=-9223372036854746112, purgedBytes=36, isCommittedKey=true, deleteKeyName='/1d62fd52-1378-487e-9101-4d8049c66c93/a2c27c14-ed31-4488-9145-ec13f5c6f5c7/rewriteAfterRename-LEGACY/-9223372036854744832'}, PurgedKey{blockGroup=BlockGroup[groupID='/818e2148-5d07-4d7f-8e63-d735287c277e/cbc1a29c-3260-4851-ba2e-40e3e0a58946/overwriteAfterRewrite/-9223372036854757632/0', blockIDs=[conID: 4 locID: 115816896921600023 bcsId: 0 replicaIndex: null]], volume='818e2148-5d07-4d7f-8e63-d735287c277e', bucket='cbc1a29c-3260-4851-ba2e-40e3e0a58946', bucketId=-9223372036854759424, purgedBytes=7, isCommittedKey=true, deleteKeyName='/818e2148-5d07-4d7f-8e63-d735287c277e/cbc1a29c-3260-4851-ba2e-40e3e0a58946/overwriteAfterRewrite/-9223372036854757632'}, PurgedKey{blockGroup=BlockGroup[groupID='/818e2148-5d07-4d7f-8e63-d735287c277e/cbc1a29c-3260-4851-ba2e-40e3e0a58946/overwriteAfterRewrite/-9223372036854758144/0', blockIDs=[conID: 12 locID: 115816896921600022 bcsId: 0 replicaIndex: null]], volume='818e2148-5d07-4d7f-8e63-d735287c277e', bucket='cbc1a29c-3260-4851-ba2e-40e3e0a58946', bucketId=-9223372036854759424, purgedBytes=36, isCommittedKey=true, deleteKeyName='/818e2148-5d07-4d7f-8e63-d735287c277e/cbc1a29c-3260-4851-ba2e-40e3e0a58946/overwriteAfterRewrite/-9223372036854758144'}, PurgedKey{blockGroup=BlockGroup[groupID='/7df87b96-60b7-4e08-b4a1-ad933ceb582d/22c72d03-3bd9-4bfd-bbe7-5764c2b02e51/renameAfterRewrite/-9223372036854754048/0', blockIDs=[conID: 1 locID: 115816896921600028 bcsId: 0 replicaIndex: null]], volume='7df87b96-60b7-4e08-b4a1-ad933ceb582d', bucket='22c72d03-3bd9-4bfd-bbe7-5764c2b02e51', bucketId=-9223372036854755072, purgedBytes=36, isCommittedKey=true, deleteKeyName='/7df87b96-60b7-4e08-b4a1-ad933ceb582d/22c72d03-3bd9-4bfd-bbe7-5764c2b02e51/renameAfterRewrite/-9223372036854754048'}, PurgedKey{blockGroup=BlockGroup[groupID='/781dc131-78c2-43f9-b156-e3da9aec4a06/7d04cd24-d3dd-4c4d-9ac1-624e12b1b57a/rewriteFailsDueToOutdatedGeneration/-9223372036854739712/0', blockIDs=[conID: 10 locID: 115816896921600046 bcsId: 0 replicaIndex: null]], volume='781dc131-78c2-43f9-b156-e3da9aec4a06', bucket='7d04cd24-d3dd-4c4d-9ac1-624e12b1b57a', bucketId=-9223372036854740736, purgedBytes=36, isCommittedKey=true, deleteKeyName='/781dc131-78c2-43f9-b156-e3da9aec4a06/7d04cd24-d3dd-4c4d-9ac1-624e12b1b57a/rewriteFailsDueToOutdatedGeneration/-9223372036854739712'}, PurgedKey{blockGroup=BlockGroup[groupID='/43b5cc97-6afe-4b47-a003-3c8846d68a5c/de97e001-25d9-41bf-a963-747c346cb722/rewriteAfterRename-OBJECT_STORE/-9223372036854746624/0', blockIDs=[conID: 2 locID: 115816896921600036 bcsId: 0 replicaIndex: null]], volume='43b5cc97-6afe-4b47-a003-3c8846d68a5c', bucket='de97e001-25d9-41bf-a963-747c346cb722', bucketId=-9223372036854747904, purgedBytes=36, isCommittedKey=true, deleteKeyName='/43b5cc97-6afe-4b47-a003-3c8846d68a5c/de97e001-25d9-41bf-a963-747c346cb722/rewriteAfterRename-OBJECT_STORE/-9223372036854746624'}]
2025-10-20 19:50:15,139 [ForkJoinPool-1-worker-1] INFO  rpc.RpcClient (RpcClient.java:createVolume(461)) - Creating Volume: e1989969-7f15-4f7b-a784-f2fcaafe729d, with runner as owner and space quota set to -1 bytes, counts quota set to -1
2025-10-20 19:50:15,142 [om1-OMStateMachineApplyTransactionThread - 0] INFO  volume.OMVolumeCreateRequest (OMVolumeCreateRequest.java:validateAndUpdateCache(213)) - created volume:e1989969-7f15-4f7b-a784-f2fcaafe729d for user:runner
2025-10-20 19:50:15,142 | INFO  | OMAudit | user=runner | ip=127.0.0.1 | op=CREATE_VOLUME {"admin":"runner","owner":"runner","volume":"e1989969-7f15-4f7b-a784-f2fcaafe729d","creationTime":"1760989815140","modificationTime":"1760989815140","quotaInBytes":"-1","quotaInNamespace":"-1","usedNamespace":"0","objectID":"-9223372036854739200","updateID":"143","Transaction":"143"} | ret=SUCCESS |  
2025-10-20 19:50:15,143 | INFO  | SCMAudit | user=runner | ip=127.0.0.1 | op=SEND_HEARTBEAT {"datanodeUUID":"d7d8cf72-b9f6-4979-9c53-007dd6e6e48a","term":"2","command":"[]"} | ret=SUCCESS |  
2025-10-20 19:50:15,143 | INFO  | SCMAudit | user=runner | ip=127.0.0.1 | op=DELETE_KEY_BLOCK {"KeyBlockToDelete":"[BlockGroup[groupID='/43b5cc97-6afe-4b47-a003-3c8846d68a5c/de97e001-25d9-41bf-a963-747c346cb722/rewriteAfterRename-OBJECT_STORE/-9223372036854746624/0', blockIDs=[conID: 2 locID: 115816896921600036 bcsId: 0 replicaIndex: null]], BlockGroup[groupID='/781dc131-78c2-43f9-b156-e3da9aec4a06/7d04cd24-d3dd-4c4d-9ac1-624e12b1b57a/rewriteFailsDueToOutdatedGeneration/-9223372036854739712/0', blockIDs=[conID: 10 locID: 115816896921600046 bcsId: 0 replicaIndex: null]], BlockGroup[groupID='/7df87b96-60b7-4e08-b4a1-ad933ceb582d/22c72d03-3bd9-4bfd-bbe7-5764c2b02e51/renameAfterRewrite/-9223372036854754048/0', blockIDs=[conID: 1 locID: 115816896921600028 bcsId: 0 replicaIndex: null]], BlockGroup[groupID='/1d28b8ba-dba6-477b-b9e0-8b2e047587fd/6695d236-418f-4ffb-a55a-7a373029fde4/renameAfterRewrite/-9223372036854750464/0', blockIDs=[conID: 3 locID: 115816896921600032 bcsId: 0 replicaIndex: null]], BlockGroup[groupID='/b7ab6346-0080-44a4-8d12-5e9e445273a3/d3a1fdeb-8a7e-4fb8-8920-2a281548adef/overwriteAfterRewrite/-9223372036854755584/0', blockIDs=[conID: 7 locID: 115816896921600026 bcsId: 0 replicaIndex: null]], BlockGroup[groupID='/82223ac5-23eb-4516-be93-29b9e2d49f6f/332d27ea-f9ba-4943-8bdc-460c5659e6eb/rewriteFailsDueToOutdatedGeneration/-9223372036854741504/0', blockIDs=[conID: 8 locID: 115816896921600043 bcsId: 0 replicaIndex: null]], BlockGroup[groupID='/818e2148-5d07-4d7f-8e63-d735287c277e/cbc1a29c-3260-4851-ba2e-40e3e0a58946/overwriteAfterRewrite/-9223372036854758144/0', blockIDs=[conID: 12 locID: 115816896921600022 bcsId: 0 replicaIndex: null]], BlockGroup[groupID='/1d62fd52-1378-487e-9101-4d8049c66c93/a2c27c14-ed31-4488-9145-ec13f5c6f5c7/rewriteAfterRename-LEGACY/-9223372036854744832/0', blockIDs=[conID: 11 locID: 115816896921600038 bcsId: 0 replicaIndex: null]], BlockGroup[groupID='/9b25230d-d995-4d27-ad54-1627beacc03e/b070b396-3a44-4eb1-b936-9fd71c7cce33/renameAfterRewrite/-9223372036854752256/0', blockIDs=[conID: 9 locID: 115816896921600030 bcsId: 0 replicaIndex: null]], BlockGroup[groupID='/818e2148-5d07-4d7f-8e63-d735287c277e/cbc1a29c-3260-4851-ba2e-40e3e0a58946/overwriteAfterRewrite/-9223372036854757632/0', blockIDs=[conID: 4 locID: 115816896921600023 bcsId: 0 replicaIndex: null]], BlockGroup[groupID='/b7ab6346-0080-44a4-8d12-5e9e445273a3/d3a1fdeb-8a7e-4fb8-8920-2a281548adef/overwriteAfterRewrite/-9223372036854756096/0', blockIDs=[conID: 4 locID: 115816896921600025 bcsId: 0 replicaIndex: null]], BlockGroup[groupID='/5543041c-08eb-446b-89c1-f10634703d5c/b853fbd1-f59e-4b12-9410-dfbe4ae82cab/rewriteAfterRename-FILE_SYSTEM_OPTIMIZED/-9223372036854748416/0', blockIDs=[conID: 2 locID: 115816896921600034 bcsId: 0 replicaIndex: null]], BlockGroup[groupID='/21c31794-37c0-4176-a85f-571e47b19bbc/a006e110-42b2-4f0f-8697-1f3a027fd517/rewriteFailsDueToOutdatedGeneration/-9223372036854743296/0', blockIDs=[conID: 11 locID: 115816896921600040 bcsId: 0 replicaIndex: null]]]"} | ret=SUCCESS |  
2025-10-20 19:50:15,145 [om1-KeyDeletingService#8] INFO  service.KeyDeletingService (KeyDeletingService.java:processKeyDeletes(158)) - 13 BlockGroup deletion are acked by SCM in 7 ms
2025-10-20 19:50:15,145 | INFO  | OMAudit | user=runner | ip=127.0.0.1 | op=READ_VOLUME {"volume":"e1989969-7f15-4f7b-a784-f2fcaafe729d"} | ret=SUCCESS |  
2025-10-20 19:50:15,147 [ForkJoinPool-1-worker-1] INFO  rpc.RpcClient (RpcClient.java:createBucket(686)) - Creating Bucket: e1989969-7f15-4f7b-a784-f2fcaafe729d/159881e9-0778-498a-847c-c2deb36eb69f, with bucket layout FILE_SYSTEM_OPTIMIZED, runner as owner, Versioning false, Storage Type set to DISK and Encryption set to false, Replication Type set to server-side default replication type, Namespace Quota set to -1, Space Quota set to -1 
2025-10-20 19:50:15,149 [om1-KeyDeletingService#8] INFO  service.KeyDeletingService (KeyDeletingService.java:processKeyDeletes(166)) - Blocks for 13 (out of 13) keys are deleted from DB in 4 ms. Limit per task is 50000.
2025-10-20 19:50:15,150 [om1-OMStateMachineApplyTransactionThread - 0] INFO  bucket.OMBucketCreateRequest (OMBucketCreateRequest.java:validateAndUpdateCache(303)) - created bucket: 159881e9-0778-498a-847c-c2deb36eb69f of layout FILE_SYSTEM_OPTIMIZED in volume: e1989969-7f15-4f7b-a784-f2fcaafe729d
2025-10-20 19:50:15,150 | INFO  | OMAudit | user=runner | ip=127.0.0.1 | op=CREATE_BUCKET {"volume":"e1989969-7f15-4f7b-a784-f2fcaafe729d","bucket":"159881e9-0778-498a-847c-c2deb36eb69f","bucketLayout":"FILE_SYSTEM_OPTIMIZED","gdprEnabled":null,"acls":"[user:runner:a[ACCESS], group:runner:rl[ACCESS]]","isVersionEnabled":"false","storageType":"DISK","creationTime":"1760989815148","bucketEncryptionKey":null,"modificationTime":"1760989815148","usedBytes":"0","usedNamespace":"0","snapshotUsedBytes":"0","snapshotUsedNamespace":"0","owner":"runner","replicationType":null,"replicationConfig":null,"quotaInBytes":"-1","quotaInNamespace":"-1","Transaction":"145"} | ret=SUCCESS |  
2025-10-20 19:50:15,153 | INFO  | OMAudit | user=runner | ip=127.0.0.1 | op=READ_BUCKET {"volume":"e1989969-7f15-4f7b-a784-f2fcaafe729d","bucket":"159881e9-0778-498a-847c-c2deb36eb69f"} | ret=SUCCESS |  
2025-10-20 19:50:15,155 | INFO  | OMAudit | user=runner | ip=127.0.0.1 | op=READ_BUCKET {"volume":"e1989969-7f15-4f7b-a784-f2fcaafe729d","bucket":"159881e9-0778-498a-847c-c2deb36eb69f"} | ret=SUCCESS |  
2025-10-20 19:50:15,156 | INFO  | SCMAudit | user=runner | ip=127.0.0.1 | op=ALLOCATE_BLOCK {"replication":"RATIS/ONE","owner":"omServiceIdDefault","size":"4194304","sampleBlocks":"[conID: 5 locID: 115816896921600049]","num":"1","client":"","allocated":"1"} | ret=SUCCESS |  
2025-10-20 19:50:15,159 | INFO  | OMAudit | user=runner | ip=127.0.0.1 | op=ALLOCATE_KEY {"volume":"e1989969-7f15-4f7b-a784-f2fcaafe729d","bucket":"159881e9-0778-498a-847c-c2deb36eb69f","key":"rewriteFailsDueToOutdatedGenerationAtCommit","dataSize":"36","replicationType":"RATIS","replicationFactor":"ONE","Transaction":"146"} | ret=SUCCESS |  
2025-10-20 19:50:15,160 | INFO  | SCMAudit | user=runner | ip=127.0.0.1 | op=SEND_HEARTBEAT {"datanodeUUID":"4f2bb3f5-0e03-4f1b-bb4c-79c91b98c7da","term":"2","command":"[]"} | ret=SUCCESS |  
2025-10-20 19:50:15,172 | INFO  | OMAudit | user=runner | ip=127.0.0.1 | op=COMMIT_KEY {"volume":"e1989969-7f15-4f7b-a784-f2fcaafe729d","bucket":"159881e9-0778-498a-847c-c2deb36eb69f","key":"rewriteFailsDueToOutdatedGenerationAtCommit","dataSize":"36","replicationType":"RATIS","replicationFactor":"ONE","Transaction":"147"} | ret=SUCCESS |  
2025-10-20 19:50:15,175 | INFO  | OMAudit | user=runner | ip=127.0.0.1 | op=READ_KEY {"volume":"e1989969-7f15-4f7b-a784-f2fcaafe729d","bucket":"159881e9-0778-498a-847c-c2deb36eb69f","key":"rewriteFailsDueToOutdatedGenerationAtCommit","owner":null,"dataSize":"0","replicationConfig":null} | ret=SUCCESS |  
2025-10-20 19:50:15,176 | INFO  | OMAudit | user=runner | ip=127.0.0.1 | op=READ_BUCKET {"volume":"e1989969-7f15-4f7b-a784-f2fcaafe729d","bucket":"159881e9-0778-498a-847c-c2deb36eb69f"} | ret=SUCCESS |  
2025-10-20 19:50:15,177 | INFO  | SCMAudit | user=runner | ip=127.0.0.1 | op=ALLOCATE_BLOCK {"replication":"RATIS/ONE","owner":"omServiceIdDefault","size":"4194304","sampleBlocks":"[conID: 10 locID: 115816896921600050]","num":"1","client":"","allocated":"1"} | ret=SUCCESS |  
2025-10-20 19:50:15,180 | INFO  | OMAudit | user=runner | ip=127.0.0.1 | op=ALLOCATE_KEY {"volume":"e1989969-7f15-4f7b-a784-f2fcaafe729d","bucket":"159881e9-0778-498a-847c-c2deb36eb69f","key":"rewriteFailsDueToOutdatedGenerationAtCommit","dataSize":"36","replicationType":"RATIS","replicationFactor":"ONE","rewriteGeneration":"147","Transaction":"148"} | ret=SUCCESS |  
2025-10-20 19:50:15,182 | INFO  | OMAudit | user=runner | ip=127.0.0.1 | op=READ_BUCKET {"volume":"e1989969-7f15-4f7b-a784-f2fcaafe729d","bucket":"159881e9-0778-498a-847c-c2deb36eb69f"} | ret=SUCCESS |  
2025-10-20 19:50:15,183 | INFO  | SCMAudit | user=runner | ip=127.0.0.1 | op=ALLOCATE_BLOCK {"replication":"RATIS/ONE","owner":"omServiceIdDefault","size":"4194304","sampleBlocks":"[conID: 2 locID: 115816896921600051]","num":"1","client":"","allocated":"1"} | ret=SUCCESS |  
2025-10-20 19:50:15,186 | INFO  | SCMAudit | user=runner | ip=127.0.0.1 | op=SEND_HEARTBEAT {"datanodeUUID":"feb39a1c-80cb-4714-ab06-a361236e3029","term":"2","command":"[]"} | ret=SUCCESS |  
2025-10-20 19:50:15,186 | INFO  | OMAudit | user=runner | ip=127.0.0.1 | op=ALLOCATE_KEY {"volume":"e1989969-7f15-4f7b-a784-f2fcaafe729d","bucket":"159881e9-0778-498a-847c-c2deb36eb69f","key":"rewriteFailsDueToOutdatedGenerationAtCommit","dataSize":"9","replicationType":"RATIS","replicationFactor":"ONE","Transaction":"149"} | ret=SUCCESS |  
2025-10-20 19:50:15,202 | INFO  | OMAudit | user=runner | ip=127.0.0.1 | op=COMMIT_KEY {"volume":"e1989969-7f15-4f7b-a784-f2fcaafe729d","bucket":"159881e9-0778-498a-847c-c2deb36eb69f","key":"rewriteFailsDueToOutdatedGenerationAtCommit","dataSize":"9","replicationType":"RATIS","replicationFactor":"ONE","Transaction":"150"} | ret=SUCCESS |  
2025-10-20 19:50:15,205 | INFO  | OMAudit | user=runner | ip=127.0.0.1 | op=READ_KEY {"volume":"e1989969-7f15-4f7b-a784-f2fcaafe729d","bucket":"159881e9-0778-498a-847c-c2deb36eb69f","key":"rewriteFailsDueToOutdatedGenerationAtCommit","owner":null,"dataSize":"0","replicationConfig":null} | ret=SUCCESS |  
2025-10-20 19:50:15,208 | INFO  | SCMAudit | user=runner | ip=127.0.0.1 | op=GET_CONTAINER_WITH_PIPELINE_BATCH {"containerIDs":"#2,"} | ret=SUCCESS |  
2025-10-20 19:50:15,208 | INFO  | OMAudit | user=null | ip= | op=READ_KEY {"volume":"e1989969-7f15-4f7b-a784-f2fcaafe729d","bucket":"159881e9-0778-498a-847c-c2deb36eb69f","key":"rewriteFailsDueToOutdatedGenerationAtCommit","owner":null,"dataSize":"0","replicationConfig":null} | ret=SUCCESS |  
2025-10-20 19:50:15,220 [om1-OMStateMachineApplyTransactionThread - 0] ERROR key.OMKeyCommitRequest (OMKeyCommitRequest.java:processResult(486)) - Key committed failed. Volume:e1989969-7f15-4f7b-a784-f2fcaafe729d, Bucket:159881e9-0778-498a-847c-c2deb36eb69f, Key:rewriteFailsDueToOutdatedGenerationAtCommit. Exception:{}
KEY_NOT_FOUND org.apache.hadoop.ozone.om.exceptions.OMException: Cannot commit as current generation (150) does not match the expected generation to rewrite (147)
	at org.apache.hadoop.ozone.om.request.key.OMKeyCommitRequest.validateAtomicRewrite(OMKeyCommitRequest.java:615)
	at org.apache.hadoop.ozone.om.request.key.OMKeyCommitRequestWithFSO.validateAndUpdateCache(OMKeyCommitRequestWithFSO.java:240)
	at org.apache.hadoop.ozone.protocolPB.OzoneManagerRequestHandler.lambda$0(OzoneManagerRequestHandler.java:418)
	at org.apache.hadoop.ozone.util.MetricUtil.captureLatencyNs(MetricUtil.java:45)
	at org.apache.hadoop.ozone.protocolPB.OzoneManagerRequestHandler.handleWriteRequestImpl(OzoneManagerRequestHandler.java:416)
	at org.apache.hadoop.ozone.protocolPB.RequestHandler.handleWriteRequest(RequestHandler.java:62)
	at org.apache.hadoop.ozone.om.ratis.OzoneManagerStateMachine.runCommand(OzoneManagerStateMachine.java:599)
	at org.apache.hadoop.ozone.om.ratis.OzoneManagerStateMachine.lambda$3(OzoneManagerStateMachine.java:415)
	at java.base/java.util.concurrent.CompletableFuture$AsyncSupply.run(CompletableFuture.java:1768)
	at java.base/java.util.concurrent.ThreadPoolExecutor.runWorker(ThreadPoolExecutor.java:1144)
	at java.base/java.util.concurrent.ThreadPoolExecutor$Worker.run(ThreadPoolExecutor.java:642)
	at java.base/java.lang.Thread.run(Thread.java:1583)
2025-10-20 19:50:15,221 | ERROR | OMAudit | user=runner | ip=127.0.0.1 | op=COMMIT_KEY {"volume":"e1989969-7f15-4f7b-a784-f2fcaafe729d","bucket":"159881e9-0778-498a-847c-c2deb36eb69f","key":"rewriteFailsDueToOutdatedGenerationAtCommit","dataSize":"7","replicationType":"RATIS","replicationFactor":"ONE","rewriteGeneration":"147","Transaction":"151"} | ret=FAILURE | 
org.apache.hadoop.ozone.om.exceptions.OMException: Cannot commit as current generation (150) does not match the expected generation to rewrite (147)
	at org.apache.hadoop.ozone.om.request.key.OMKeyCommitRequest.validateAtomicRewrite(OMKeyCommitRequest.java:615)
	at org.apache.hadoop.ozone.om.request.key.OMKeyCommitRequestWithFSO.validateAndUpdateCache(OMKeyCommitRequestWithFSO.java:240)
 
2025-10-20 19:50:15,223 | INFO  | OMAudit | user=runner | ip=127.0.0.1 | op=READ_KEY {"volume":"e1989969-7f15-4f7b-a784-f2fcaafe729d","bucket":"159881e9-0778-498a-847c-c2deb36eb69f","key":"rewriteFailsDueToOutdatedGenerationAtCommit","owner":null,"dataSize":"0","replicationConfig":null} | ret=SUCCESS |  
2025-10-20 19:50:15,226 | INFO  | OMAudit | user=runner | ip=127.0.0.1 | op=READ_KEY {"volume":"e1989969-7f15-4f7b-a784-f2fcaafe729d","bucket":"159881e9-0778-498a-847c-c2deb36eb69f","key":"rewriteFailsDueToOutdatedGenerationAtCommit","owner":null,"dataSize":"0","replicationConfig":null} | ret=SUCCESS |  
2025-10-20 19:50:15,234 | INFO  | SCMAudit | user=runner | ip=127.0.0.1 | op=GET_CONTAINER_WITH_PIPELINE_BATCH {"containerIDs":"#2,"} | ret=SUCCESS |  
2025-10-20 19:50:15,235 | INFO  | OMAudit | user=null | ip= | op=READ_KEY {"volume":"e1989969-7f15-4f7b-a784-f2fcaafe729d","bucket":"159881e9-0778-498a-847c-c2deb36eb69f","key":"rewriteFailsDueToOutdatedGenerationAtCommit","owner":null,"dataSize":"0","replicationConfig":null} | ret=SUCCESS |  
]]></system-out>
  </testcase>
  <testcase name="rewriteFailsDueToOutdatedGenerationAtCommit(BucketLayout)[2]" classname="org.apache.hadoop.ozone.client.rpc.TestSecureOzoneRpcClient" time="0.086">
    <system-out><![CDATA[2025-10-20 19:50:15,237 [ForkJoinPool-1-worker-1] INFO  rpc.RpcClient (RpcClient.java:createVolume(461)) - Creating Volume: be343710-2e2e-4be0-989d-8a7dc818e246, with runner as owner and space quota set to -1 bytes, counts quota set to -1
2025-10-20 19:50:15,240 [om1-OMStateMachineApplyTransactionThread - 0] INFO  volume.OMVolumeCreateRequest (OMVolumeCreateRequest.java:validateAndUpdateCache(213)) - created volume:be343710-2e2e-4be0-989d-8a7dc818e246 for user:runner
2025-10-20 19:50:15,240 | INFO  | OMAudit | user=runner | ip=127.0.0.1 | op=CREATE_VOLUME {"admin":"runner","owner":"runner","volume":"be343710-2e2e-4be0-989d-8a7dc818e246","creationTime":"1760989815238","modificationTime":"1760989815238","quotaInBytes":"-1","quotaInNamespace":"-1","usedNamespace":"0","objectID":"-9223372036854736896","updateID":"152","Transaction":"152"} | ret=SUCCESS |  
2025-10-20 19:50:15,242 | INFO  | OMAudit | user=runner | ip=127.0.0.1 | op=READ_VOLUME {"volume":"be343710-2e2e-4be0-989d-8a7dc818e246"} | ret=SUCCESS |  
2025-10-20 19:50:15,242 [ForkJoinPool-1-worker-1] INFO  rpc.RpcClient (RpcClient.java:createBucket(686)) - Creating Bucket: be343710-2e2e-4be0-989d-8a7dc818e246/d28adee4-e215-4da2-b54a-64f23dc69ee7, with bucket layout OBJECT_STORE, runner as owner, Versioning false, Storage Type set to DISK and Encryption set to false, Replication Type set to server-side default replication type, Namespace Quota set to -1, Space Quota set to -1 
2025-10-20 19:50:15,244 | INFO  | SCMAudit | user=runner | ip=127.0.0.1 | op=SEND_HEARTBEAT {"datanodeUUID":"33f74daf-be7a-4306-b2af-53e409c4cb93","term":"2","command":"[]"} | ret=SUCCESS |  
2025-10-20 19:50:15,245 [om1-OMStateMachineApplyTransactionThread - 0] INFO  bucket.OMBucketCreateRequest (OMBucketCreateRequest.java:validateAndUpdateCache(303)) - created bucket: d28adee4-e215-4da2-b54a-64f23dc69ee7 of layout OBJECT_STORE in volume: be343710-2e2e-4be0-989d-8a7dc818e246
2025-10-20 19:50:15,245 | INFO  | OMAudit | user=runner | ip=127.0.0.1 | op=CREATE_BUCKET {"volume":"be343710-2e2e-4be0-989d-8a7dc818e246","bucket":"d28adee4-e215-4da2-b54a-64f23dc69ee7","bucketLayout":"OBJECT_STORE","gdprEnabled":null,"acls":"[user:runner:a[ACCESS], group:runner:rl[ACCESS]]","isVersionEnabled":"false","storageType":"DISK","creationTime":"1760989815243","bucketEncryptionKey":null,"modificationTime":"1760989815243","usedBytes":"0","usedNamespace":"0","snapshotUsedBytes":"0","snapshotUsedNamespace":"0","owner":"runner","replicationType":null,"replicationConfig":null,"quotaInBytes":"-1","quotaInNamespace":"-1","Transaction":"153"} | ret=SUCCESS |  
2025-10-20 19:50:15,246 | INFO  | OMAudit | user=runner | ip=127.0.0.1 | op=READ_BUCKET {"volume":"be343710-2e2e-4be0-989d-8a7dc818e246","bucket":"d28adee4-e215-4da2-b54a-64f23dc69ee7"} | ret=SUCCESS |  
2025-10-20 19:50:15,248 | INFO  | OMAudit | user=runner | ip=127.0.0.1 | op=READ_BUCKET {"volume":"be343710-2e2e-4be0-989d-8a7dc818e246","bucket":"d28adee4-e215-4da2-b54a-64f23dc69ee7"} | ret=SUCCESS |  
2025-10-20 19:50:15,249 | INFO  | SCMAudit | user=runner | ip=127.0.0.1 | op=ALLOCATE_BLOCK {"replication":"RATIS/ONE","owner":"omServiceIdDefault","size":"4194304","sampleBlocks":"[conID: 9 locID: 115816896921600052]","num":"1","client":"","allocated":"1"} | ret=SUCCESS |  
2025-10-20 19:50:15,252 | INFO  | OMAudit | user=runner | ip=127.0.0.1 | op=ALLOCATE_KEY {"volume":"be343710-2e2e-4be0-989d-8a7dc818e246","bucket":"d28adee4-e215-4da2-b54a-64f23dc69ee7","key":"rewriteFailsDueToOutdatedGenerationAtCommit","dataSize":"36","replicationType":"RATIS","replicationFactor":"ONE","Transaction":"154"} | ret=SUCCESS |  
2025-10-20 19:50:15,265 | INFO  | OMAudit | user=runner | ip=127.0.0.1 | op=COMMIT_KEY {"volume":"be343710-2e2e-4be0-989d-8a7dc818e246","bucket":"d28adee4-e215-4da2-b54a-64f23dc69ee7","key":"rewriteFailsDueToOutdatedGenerationAtCommit","dataSize":"36","replicationType":"RATIS","replicationFactor":"ONE","Transaction":"155"} | ret=SUCCESS |  
2025-10-20 19:50:15,267 | INFO  | OMAudit | user=runner | ip=127.0.0.1 | op=READ_KEY {"volume":"be343710-2e2e-4be0-989d-8a7dc818e246","bucket":"d28adee4-e215-4da2-b54a-64f23dc69ee7","key":"rewriteFailsDueToOutdatedGenerationAtCommit","owner":null,"dataSize":"0","replicationConfig":null} | ret=SUCCESS |  
2025-10-20 19:50:15,269 | INFO  | OMAudit | user=runner | ip=127.0.0.1 | op=READ_BUCKET {"volume":"be343710-2e2e-4be0-989d-8a7dc818e246","bucket":"d28adee4-e215-4da2-b54a-64f23dc69ee7"} | ret=SUCCESS |  
2025-10-20 19:50:15,270 | INFO  | SCMAudit | user=runner | ip=127.0.0.1 | op=ALLOCATE_BLOCK {"replication":"RATIS/ONE","owner":"omServiceIdDefault","size":"4194304","sampleBlocks":"[conID: 6 locID: 115816896921600053]","num":"1","client":"","allocated":"1"} | ret=SUCCESS |  
2025-10-20 19:50:15,272 | INFO  | OMAudit | user=runner | ip=127.0.0.1 | op=ALLOCATE_KEY {"volume":"be343710-2e2e-4be0-989d-8a7dc818e246","bucket":"d28adee4-e215-4da2-b54a-64f23dc69ee7","key":"rewriteFailsDueToOutdatedGenerationAtCommit","dataSize":"36","replicationType":"RATIS","replicationFactor":"ONE","rewriteGeneration":"155","Transaction":"156"} | ret=SUCCESS |  
2025-10-20 19:50:15,276 | INFO  | OMAudit | user=runner | ip=127.0.0.1 | op=READ_BUCKET {"volume":"be343710-2e2e-4be0-989d-8a7dc818e246","bucket":"d28adee4-e215-4da2-b54a-64f23dc69ee7"} | ret=SUCCESS |  
2025-10-20 19:50:15,277 | INFO  | SCMAudit | user=runner | ip=127.0.0.1 | op=ALLOCATE_BLOCK {"replication":"RATIS/ONE","owner":"omServiceIdDefault","size":"4194304","sampleBlocks":"[conID: 8 locID: 115816896921600054]","num":"1","client":"","allocated":"1"} | ret=SUCCESS |  
2025-10-20 19:50:15,280 | INFO  | OMAudit | user=runner | ip=127.0.0.1 | op=ALLOCATE_KEY {"volume":"be343710-2e2e-4be0-989d-8a7dc818e246","bucket":"d28adee4-e215-4da2-b54a-64f23dc69ee7","key":"rewriteFailsDueToOutdatedGenerationAtCommit","dataSize":"9","replicationType":"RATIS","replicationFactor":"ONE","Transaction":"157"} | ret=SUCCESS |  
2025-10-20 19:50:15,284 | INFO  | SCMAudit | user=runner | ip=127.0.0.1 | op=SEND_HEARTBEAT {"datanodeUUID":"c90bff1f-5a1f-42c6-8fca-9533d718c79a","term":"2","command":"[]"} | ret=SUCCESS |  
2025-10-20 19:50:15,292 | INFO  | OMAudit | user=runner | ip=127.0.0.1 | op=COMMIT_KEY {"volume":"be343710-2e2e-4be0-989d-8a7dc818e246","bucket":"d28adee4-e215-4da2-b54a-64f23dc69ee7","key":"rewriteFailsDueToOutdatedGenerationAtCommit","dataSize":"9","replicationType":"RATIS","replicationFactor":"ONE","Transaction":"158"} | ret=SUCCESS |  
2025-10-20 19:50:15,294 | INFO  | OMAudit | user=runner | ip=127.0.0.1 | op=READ_KEY {"volume":"be343710-2e2e-4be0-989d-8a7dc818e246","bucket":"d28adee4-e215-4da2-b54a-64f23dc69ee7","key":"rewriteFailsDueToOutdatedGenerationAtCommit","owner":null,"dataSize":"0","replicationConfig":null} | ret=SUCCESS |  
2025-10-20 19:50:15,297 | INFO  | SCMAudit | user=runner | ip=127.0.0.1 | op=GET_CONTAINER_WITH_PIPELINE_BATCH {"containerIDs":"#8,"} | ret=SUCCESS |  
2025-10-20 19:50:15,297 | INFO  | OMAudit | user=null | ip= | op=READ_KEY {"volume":"be343710-2e2e-4be0-989d-8a7dc818e246","bucket":"d28adee4-e215-4da2-b54a-64f23dc69ee7","key":"rewriteFailsDueToOutdatedGenerationAtCommit","owner":null,"dataSize":"0","replicationConfig":null} | ret=SUCCESS |  
2025-10-20 19:50:15,308 [om1-OMStateMachineApplyTransactionThread - 0] ERROR key.OMKeyCommitRequest (OMKeyCommitRequest.java:processResult(486)) - Key committed failed. Volume:be343710-2e2e-4be0-989d-8a7dc818e246, Bucket:d28adee4-e215-4da2-b54a-64f23dc69ee7, Key:rewriteFailsDueToOutdatedGenerationAtCommit. Exception:{}
KEY_NOT_FOUND org.apache.hadoop.ozone.om.exceptions.OMException: Cannot commit as current generation (158) does not match the expected generation to rewrite (155)
	at org.apache.hadoop.ozone.om.request.key.OMKeyCommitRequest.validateAtomicRewrite(OMKeyCommitRequest.java:615)
	at org.apache.hadoop.ozone.om.request.key.OMKeyCommitRequest.validateAndUpdateCache(OMKeyCommitRequest.java:296)
	at org.apache.hadoop.ozone.protocolPB.OzoneManagerRequestHandler.lambda$0(OzoneManagerRequestHandler.java:418)
	at org.apache.hadoop.ozone.util.MetricUtil.captureLatencyNs(MetricUtil.java:45)
	at org.apache.hadoop.ozone.protocolPB.OzoneManagerRequestHandler.handleWriteRequestImpl(OzoneManagerRequestHandler.java:416)
	at org.apache.hadoop.ozone.protocolPB.RequestHandler.handleWriteRequest(RequestHandler.java:62)
	at org.apache.hadoop.ozone.om.ratis.OzoneManagerStateMachine.runCommand(OzoneManagerStateMachine.java:599)
	at org.apache.hadoop.ozone.om.ratis.OzoneManagerStateMachine.lambda$3(OzoneManagerStateMachine.java:415)
	at java.base/java.util.concurrent.CompletableFuture$AsyncSupply.run(CompletableFuture.java:1768)
	at java.base/java.util.concurrent.ThreadPoolExecutor.runWorker(ThreadPoolExecutor.java:1144)
	at java.base/java.util.concurrent.ThreadPoolExecutor$Worker.run(ThreadPoolExecutor.java:642)
	at java.base/java.lang.Thread.run(Thread.java:1583)
2025-10-20 19:50:15,308 | ERROR | OMAudit | user=runner | ip=127.0.0.1 | op=COMMIT_KEY {"volume":"be343710-2e2e-4be0-989d-8a7dc818e246","bucket":"d28adee4-e215-4da2-b54a-64f23dc69ee7","key":"rewriteFailsDueToOutdatedGenerationAtCommit","dataSize":"7","replicationType":"RATIS","replicationFactor":"ONE","rewriteGeneration":"155","Transaction":"159"} | ret=FAILURE | 
org.apache.hadoop.ozone.om.exceptions.OMException: Cannot commit as current generation (158) does not match the expected generation to rewrite (155)
	at org.apache.hadoop.ozone.om.request.key.OMKeyCommitRequest.validateAtomicRewrite(OMKeyCommitRequest.java:615)
	at org.apache.hadoop.ozone.om.request.key.OMKeyCommitRequest.validateAndUpdateCache(OMKeyCommitRequest.java:296)
 
2025-10-20 19:50:15,311 | INFO  | OMAudit | user=runner | ip=127.0.0.1 | op=READ_KEY {"volume":"be343710-2e2e-4be0-989d-8a7dc818e246","bucket":"d28adee4-e215-4da2-b54a-64f23dc69ee7","key":"rewriteFailsDueToOutdatedGenerationAtCommit","owner":null,"dataSize":"0","replicationConfig":null} | ret=SUCCESS |  
2025-10-20 19:50:15,313 | INFO  | OMAudit | user=runner | ip=127.0.0.1 | op=READ_KEY {"volume":"be343710-2e2e-4be0-989d-8a7dc818e246","bucket":"d28adee4-e215-4da2-b54a-64f23dc69ee7","key":"rewriteFailsDueToOutdatedGenerationAtCommit","owner":null,"dataSize":"0","replicationConfig":null} | ret=SUCCESS |  
2025-10-20 19:50:15,322 | INFO  | SCMAudit | user=runner | ip=127.0.0.1 | op=GET_CONTAINER_WITH_PIPELINE_BATCH {"containerIDs":"#8,"} | ret=SUCCESS |  
2025-10-20 19:50:15,322 | INFO  | OMAudit | user=null | ip= | op=READ_KEY {"volume":"be343710-2e2e-4be0-989d-8a7dc818e246","bucket":"d28adee4-e215-4da2-b54a-64f23dc69ee7","key":"rewriteFailsDueToOutdatedGenerationAtCommit","owner":null,"dataSize":"0","replicationConfig":null} | ret=SUCCESS |  
]]></system-out>
  </testcase>
  <testcase name="rewriteFailsDueToOutdatedGenerationAtCommit(BucketLayout)[3]" classname="org.apache.hadoop.ozone.client.rpc.TestSecureOzoneRpcClient" time="0.089">
    <system-out><![CDATA[2025-10-20 19:50:15,324 [ForkJoinPool-1-worker-1] INFO  rpc.RpcClient (RpcClient.java:createVolume(461)) - Creating Volume: c5643b80-c13e-46a0-bbea-25dabcf4e61a, with runner as owner and space quota set to -1 bytes, counts quota set to -1
2025-10-20 19:50:15,327 [om1-OMStateMachineApplyTransactionThread - 0] INFO  volume.OMVolumeCreateRequest (OMVolumeCreateRequest.java:validateAndUpdateCache(213)) - created volume:c5643b80-c13e-46a0-bbea-25dabcf4e61a for user:runner
2025-10-20 19:50:15,327 | INFO  | OMAudit | user=runner | ip=127.0.0.1 | op=CREATE_VOLUME {"admin":"runner","owner":"runner","volume":"c5643b80-c13e-46a0-bbea-25dabcf4e61a","creationTime":"1760989815325","modificationTime":"1760989815325","quotaInBytes":"-1","quotaInNamespace":"-1","usedNamespace":"0","objectID":"-9223372036854734848","updateID":"160","Transaction":"160"} | ret=SUCCESS |  
2025-10-20 19:50:15,328 | INFO  | OMAudit | user=runner | ip=127.0.0.1 | op=READ_VOLUME {"volume":"c5643b80-c13e-46a0-bbea-25dabcf4e61a"} | ret=SUCCESS |  
2025-10-20 19:50:15,329 [ForkJoinPool-1-worker-1] INFO  rpc.RpcClient (RpcClient.java:createBucket(686)) - Creating Bucket: c5643b80-c13e-46a0-bbea-25dabcf4e61a/157994ef-ae76-4436-889f-9c6f159cf2c0, with bucket layout LEGACY, runner as owner, Versioning false, Storage Type set to DISK and Encryption set to false, Replication Type set to server-side default replication type, Namespace Quota set to -1, Space Quota set to -1 
2025-10-20 19:50:15,331 [om1-OMStateMachineApplyTransactionThread - 0] INFO  bucket.OMBucketCreateRequest (OMBucketCreateRequest.java:validateAndUpdateCache(303)) - created bucket: 157994ef-ae76-4436-889f-9c6f159cf2c0 of layout LEGACY in volume: c5643b80-c13e-46a0-bbea-25dabcf4e61a
2025-10-20 19:50:15,331 | INFO  | OMAudit | user=runner | ip=127.0.0.1 | op=CREATE_BUCKET {"volume":"c5643b80-c13e-46a0-bbea-25dabcf4e61a","bucket":"157994ef-ae76-4436-889f-9c6f159cf2c0","bucketLayout":"LEGACY","gdprEnabled":null,"acls":"[user:runner:a[ACCESS], group:runner:rl[ACCESS]]","isVersionEnabled":"false","storageType":"DISK","creationTime":"1760989815330","bucketEncryptionKey":null,"modificationTime":"1760989815330","usedBytes":"0","usedNamespace":"0","snapshotUsedBytes":"0","snapshotUsedNamespace":"0","owner":"runner","replicationType":null,"replicationConfig":null,"quotaInBytes":"-1","quotaInNamespace":"-1","Transaction":"161"} | ret=SUCCESS |  
2025-10-20 19:50:15,332 | INFO  | OMAudit | user=runner | ip=127.0.0.1 | op=READ_BUCKET {"volume":"c5643b80-c13e-46a0-bbea-25dabcf4e61a","bucket":"157994ef-ae76-4436-889f-9c6f159cf2c0"} | ret=SUCCESS |  
2025-10-20 19:50:15,333 | INFO  | OMAudit | user=runner | ip=127.0.0.1 | op=READ_BUCKET {"volume":"c5643b80-c13e-46a0-bbea-25dabcf4e61a","bucket":"157994ef-ae76-4436-889f-9c6f159cf2c0"} | ret=SUCCESS |  
2025-10-20 19:50:15,334 | INFO  | SCMAudit | user=runner | ip=127.0.0.1 | op=ALLOCATE_BLOCK {"replication":"RATIS/ONE","owner":"omServiceIdDefault","size":"4194304","sampleBlocks":"[conID: 6 locID: 115816896921600055]","num":"1","client":"","allocated":"1"} | ret=SUCCESS |  
2025-10-20 19:50:15,336 | INFO  | OMAudit | user=runner | ip=127.0.0.1 | op=ALLOCATE_KEY {"volume":"c5643b80-c13e-46a0-bbea-25dabcf4e61a","bucket":"157994ef-ae76-4436-889f-9c6f159cf2c0","key":"rewriteFailsDueToOutdatedGenerationAtCommit","dataSize":"36","replicationType":"RATIS","replicationFactor":"ONE","Transaction":"162"} | ret=SUCCESS |  
2025-10-20 19:50:15,339 | INFO  | SCMAudit | user=runner | ip=127.0.0.1 | op=SEND_HEARTBEAT {"datanodeUUID":"38991c48-ffb3-4453-b758-77d6b4ebc62b","term":"2","command":"[]"} | ret=SUCCESS |  
2025-10-20 19:50:15,346 | INFO  | OMAudit | user=runner | ip=127.0.0.1 | op=COMMIT_KEY {"volume":"c5643b80-c13e-46a0-bbea-25dabcf4e61a","bucket":"157994ef-ae76-4436-889f-9c6f159cf2c0","key":"rewriteFailsDueToOutdatedGenerationAtCommit","dataSize":"36","replicationType":"RATIS","replicationFactor":"ONE","Transaction":"163"} | ret=SUCCESS |  
2025-10-20 19:50:15,348 | INFO  | OMAudit | user=runner | ip=127.0.0.1 | op=READ_KEY {"volume":"c5643b80-c13e-46a0-bbea-25dabcf4e61a","bucket":"157994ef-ae76-4436-889f-9c6f159cf2c0","key":"rewriteFailsDueToOutdatedGenerationAtCommit","owner":null,"dataSize":"0","replicationConfig":null} | ret=SUCCESS |  
2025-10-20 19:50:15,350 | INFO  | OMAudit | user=runner | ip=127.0.0.1 | op=READ_BUCKET {"volume":"c5643b80-c13e-46a0-bbea-25dabcf4e61a","bucket":"157994ef-ae76-4436-889f-9c6f159cf2c0"} | ret=SUCCESS |  
2025-10-20 19:50:15,351 | INFO  | SCMAudit | user=runner | ip=127.0.0.1 | op=ALLOCATE_BLOCK {"replication":"RATIS/ONE","owner":"omServiceIdDefault","size":"4194304","sampleBlocks":"[conID: 7 locID: 115816896921600056]","num":"1","client":"","allocated":"1"} | ret=SUCCESS |  
2025-10-20 19:50:15,353 | INFO  | OMAudit | user=runner | ip=127.0.0.1 | op=ALLOCATE_KEY {"volume":"c5643b80-c13e-46a0-bbea-25dabcf4e61a","bucket":"157994ef-ae76-4436-889f-9c6f159cf2c0","key":"rewriteFailsDueToOutdatedGenerationAtCommit","dataSize":"36","replicationType":"RATIS","replicationFactor":"ONE","rewriteGeneration":"163","Transaction":"164"} | ret=SUCCESS |  
2025-10-20 19:50:15,356 | INFO  | OMAudit | user=runner | ip=127.0.0.1 | op=READ_BUCKET {"volume":"c5643b80-c13e-46a0-bbea-25dabcf4e61a","bucket":"157994ef-ae76-4436-889f-9c6f159cf2c0"} | ret=SUCCESS |  
2025-10-20 19:50:15,358 | INFO  | SCMAudit | user=runner | ip=127.0.0.1 | op=ALLOCATE_BLOCK {"replication":"RATIS/ONE","owner":"omServiceIdDefault","size":"4194304","sampleBlocks":"[conID: 13 locID: 115816896921600057]","num":"1","client":"","allocated":"1"} | ret=SUCCESS |  
2025-10-20 19:50:15,361 | INFO  | OMAudit | user=runner | ip=127.0.0.1 | op=ALLOCATE_KEY {"volume":"c5643b80-c13e-46a0-bbea-25dabcf4e61a","bucket":"157994ef-ae76-4436-889f-9c6f159cf2c0","key":"rewriteFailsDueToOutdatedGenerationAtCommit","dataSize":"9","replicationType":"RATIS","replicationFactor":"ONE","Transaction":"165"} | ret=SUCCESS |  
2025-10-20 19:50:15,374 | INFO  | ContainerLog | ID=13 | Index=0 | BCSID=0 | State=OPEN | Volume=/home/runner/work/ozone/ozone/hadoop-ozone/integration-test/target/test-dir/MiniOzoneClusterImpl-6935df51-69ff-4c35-8bd4-ed2b81d70e54/ozone-metadata/datanode-7/data-0/hdds | DataChecksum=0 |  
2025-10-20 19:50:15,376 | INFO  | SCMAudit | user=runner | ip=127.0.0.1 | op=SEND_HEARTBEAT {"datanodeUUID":"cc7fbe85-1d98-437b-84f9-04213fee10f0","term":"2","command":"[]"} | ret=SUCCESS |  
2025-10-20 19:50:15,382 | INFO  | OMAudit | user=runner | ip=127.0.0.1 | op=COMMIT_KEY {"volume":"c5643b80-c13e-46a0-bbea-25dabcf4e61a","bucket":"157994ef-ae76-4436-889f-9c6f159cf2c0","key":"rewriteFailsDueToOutdatedGenerationAtCommit","dataSize":"9","replicationType":"RATIS","replicationFactor":"ONE","Transaction":"166"} | ret=SUCCESS |  
2025-10-20 19:50:15,385 | INFO  | SCMAudit | user=runner | ip=127.0.0.1 | op=GET_CONTAINER_WITH_PIPELINE_BATCH {"containerIDs":"#13,"} | ret=SUCCESS |  
2025-10-20 19:50:15,385 | INFO  | OMAudit | user=runner | ip=127.0.0.1 | op=READ_KEY {"volume":"c5643b80-c13e-46a0-bbea-25dabcf4e61a","bucket":"157994ef-ae76-4436-889f-9c6f159cf2c0","key":"rewriteFailsDueToOutdatedGenerationAtCommit","owner":null,"dataSize":"0","replicationConfig":null} | ret=SUCCESS |  
2025-10-20 19:50:15,387 | INFO  | SCMAudit | user=runner | ip=127.0.0.1 | op=GET_CONTAINER_WITH_PIPELINE_BATCH {"containerIDs":"#13,"} | ret=SUCCESS |  
2025-10-20 19:50:15,388 | INFO  | OMAudit | user=null | ip= | op=READ_KEY {"volume":"c5643b80-c13e-46a0-bbea-25dabcf4e61a","bucket":"157994ef-ae76-4436-889f-9c6f159cf2c0","key":"rewriteFailsDueToOutdatedGenerationAtCommit","owner":null,"dataSize":"0","replicationConfig":null} | ret=SUCCESS |  
2025-10-20 19:50:15,397 [om1-OMStateMachineApplyTransactionThread - 0] ERROR key.OMKeyCommitRequest (OMKeyCommitRequest.java:processResult(486)) - Key committed failed. Volume:c5643b80-c13e-46a0-bbea-25dabcf4e61a, Bucket:157994ef-ae76-4436-889f-9c6f159cf2c0, Key:rewriteFailsDueToOutdatedGenerationAtCommit. Exception:{}
KEY_NOT_FOUND org.apache.hadoop.ozone.om.exceptions.OMException: Cannot commit as current generation (166) does not match the expected generation to rewrite (163)
	at org.apache.hadoop.ozone.om.request.key.OMKeyCommitRequest.validateAtomicRewrite(OMKeyCommitRequest.java:615)
	at org.apache.hadoop.ozone.om.request.key.OMKeyCommitRequest.validateAndUpdateCache(OMKeyCommitRequest.java:296)
	at org.apache.hadoop.ozone.protocolPB.OzoneManagerRequestHandler.lambda$0(OzoneManagerRequestHandler.java:418)
	at org.apache.hadoop.ozone.util.MetricUtil.captureLatencyNs(MetricUtil.java:45)
	at org.apache.hadoop.ozone.protocolPB.OzoneManagerRequestHandler.handleWriteRequestImpl(OzoneManagerRequestHandler.java:416)
	at org.apache.hadoop.ozone.protocolPB.RequestHandler.handleWriteRequest(RequestHandler.java:62)
	at org.apache.hadoop.ozone.om.ratis.OzoneManagerStateMachine.runCommand(OzoneManagerStateMachine.java:599)
	at org.apache.hadoop.ozone.om.ratis.OzoneManagerStateMachine.lambda$3(OzoneManagerStateMachine.java:415)
	at java.base/java.util.concurrent.CompletableFuture$AsyncSupply.run(CompletableFuture.java:1768)
	at java.base/java.util.concurrent.ThreadPoolExecutor.runWorker(ThreadPoolExecutor.java:1144)
	at java.base/java.util.concurrent.ThreadPoolExecutor$Worker.run(ThreadPoolExecutor.java:642)
	at java.base/java.lang.Thread.run(Thread.java:1583)
2025-10-20 19:50:15,397 | ERROR | OMAudit | user=runner | ip=127.0.0.1 | op=COMMIT_KEY {"volume":"c5643b80-c13e-46a0-bbea-25dabcf4e61a","bucket":"157994ef-ae76-4436-889f-9c6f159cf2c0","key":"rewriteFailsDueToOutdatedGenerationAtCommit","dataSize":"7","replicationType":"RATIS","replicationFactor":"ONE","rewriteGeneration":"163","Transaction":"167"} | ret=FAILURE | 
org.apache.hadoop.ozone.om.exceptions.OMException: Cannot commit as current generation (166) does not match the expected generation to rewrite (163)
	at org.apache.hadoop.ozone.om.request.key.OMKeyCommitRequest.validateAtomicRewrite(OMKeyCommitRequest.java:615)
	at org.apache.hadoop.ozone.om.request.key.OMKeyCommitRequest.validateAndUpdateCache(OMKeyCommitRequest.java:296)
 
2025-10-20 19:50:15,399 | INFO  | OMAudit | user=runner | ip=127.0.0.1 | op=READ_KEY {"volume":"c5643b80-c13e-46a0-bbea-25dabcf4e61a","bucket":"157994ef-ae76-4436-889f-9c6f159cf2c0","key":"rewriteFailsDueToOutdatedGenerationAtCommit","owner":null,"dataSize":"0","replicationConfig":null} | ret=SUCCESS |  
2025-10-20 19:50:15,401 | INFO  | OMAudit | user=runner | ip=127.0.0.1 | op=READ_KEY {"volume":"c5643b80-c13e-46a0-bbea-25dabcf4e61a","bucket":"157994ef-ae76-4436-889f-9c6f159cf2c0","key":"rewriteFailsDueToOutdatedGenerationAtCommit","owner":null,"dataSize":"0","replicationConfig":null} | ret=SUCCESS |  
2025-10-20 19:50:15,411 | INFO  | SCMAudit | user=runner | ip=127.0.0.1 | op=GET_CONTAINER_WITH_PIPELINE_BATCH {"containerIDs":"#13,"} | ret=SUCCESS |  
2025-10-20 19:50:15,412 | INFO  | OMAudit | user=null | ip= | op=READ_KEY {"volume":"c5643b80-c13e-46a0-bbea-25dabcf4e61a","bucket":"157994ef-ae76-4436-889f-9c6f159cf2c0","key":"rewriteFailsDueToOutdatedGenerationAtCommit","owner":null,"dataSize":"0","replicationConfig":null} | ret=SUCCESS |  
]]></system-out>
  </testcase>
  <testcase name="rewriteKey(BucketLayout)[1]" classname="org.apache.hadoop.ozone.client.rpc.TestSecureOzoneRpcClient" time="0.065">
    <system-out><![CDATA[2025-10-20 19:50:15,415 [ForkJoinPool-1-worker-1] INFO  rpc.RpcClient (RpcClient.java:createVolume(461)) - Creating Volume: 5821ec5b-b703-4130-a212-88ab64a8bbbf, with runner as owner and space quota set to -1 bytes, counts quota set to -1
2025-10-20 19:50:15,419 [om1-OMStateMachineApplyTransactionThread - 0] INFO  volume.OMVolumeCreateRequest (OMVolumeCreateRequest.java:validateAndUpdateCache(213)) - created volume:5821ec5b-b703-4130-a212-88ab64a8bbbf for user:runner
2025-10-20 19:50:15,420 | INFO  | OMAudit | user=runner | ip=127.0.0.1 | op=CREATE_VOLUME {"admin":"runner","owner":"runner","volume":"5821ec5b-b703-4130-a212-88ab64a8bbbf","creationTime":"1760989815416","modificationTime":"1760989815416","quotaInBytes":"-1","quotaInNamespace":"-1","usedNamespace":"0","objectID":"-9223372036854732800","updateID":"168","Transaction":"168"} | ret=SUCCESS |  
2025-10-20 19:50:15,421 | INFO  | OMAudit | user=runner | ip=127.0.0.1 | op=READ_VOLUME {"volume":"5821ec5b-b703-4130-a212-88ab64a8bbbf"} | ret=SUCCESS |  
2025-10-20 19:50:15,422 [ForkJoinPool-1-worker-1] INFO  rpc.RpcClient (RpcClient.java:createBucket(686)) - Creating Bucket: 5821ec5b-b703-4130-a212-88ab64a8bbbf/9e13a716-da54-48a7-831c-1f24bd60f667, with bucket layout FILE_SYSTEM_OPTIMIZED, runner as owner, Versioning false, Storage Type set to DISK and Encryption set to false, Replication Type set to server-side default replication type, Namespace Quota set to -1, Space Quota set to -1 
2025-10-20 19:50:15,424 [om1-OMStateMachineApplyTransactionThread - 0] INFO  bucket.OMBucketCreateRequest (OMBucketCreateRequest.java:validateAndUpdateCache(303)) - created bucket: 9e13a716-da54-48a7-831c-1f24bd60f667 of layout FILE_SYSTEM_OPTIMIZED in volume: 5821ec5b-b703-4130-a212-88ab64a8bbbf
2025-10-20 19:50:15,424 | INFO  | OMAudit | user=runner | ip=127.0.0.1 | op=CREATE_BUCKET {"volume":"5821ec5b-b703-4130-a212-88ab64a8bbbf","bucket":"9e13a716-da54-48a7-831c-1f24bd60f667","bucketLayout":"FILE_SYSTEM_OPTIMIZED","gdprEnabled":null,"acls":"[user:runner:a[ACCESS], group:runner:rl[ACCESS]]","isVersionEnabled":"false","storageType":"DISK","creationTime":"1760989815423","bucketEncryptionKey":null,"modificationTime":"1760989815423","usedBytes":"0","usedNamespace":"0","snapshotUsedBytes":"0","snapshotUsedNamespace":"0","owner":"runner","replicationType":null,"replicationConfig":null,"quotaInBytes":"-1","quotaInNamespace":"-1","Transaction":"169"} | ret=SUCCESS |  
2025-10-20 19:50:15,425 | INFO  | OMAudit | user=runner | ip=127.0.0.1 | op=READ_BUCKET {"volume":"5821ec5b-b703-4130-a212-88ab64a8bbbf","bucket":"9e13a716-da54-48a7-831c-1f24bd60f667"} | ret=SUCCESS |  
2025-10-20 19:50:15,427 | INFO  | OMAudit | user=runner | ip=127.0.0.1 | op=READ_BUCKET {"volume":"5821ec5b-b703-4130-a212-88ab64a8bbbf","bucket":"9e13a716-da54-48a7-831c-1f24bd60f667"} | ret=SUCCESS |  
2025-10-20 19:50:15,428 | INFO  | SCMAudit | user=runner | ip=127.0.0.1 | op=ALLOCATE_BLOCK {"replication":"RATIS/ONE","owner":"omServiceIdDefault","size":"4194304","sampleBlocks":"[conID: 3 locID: 115816896921600058]","num":"1","client":"","allocated":"1"} | ret=SUCCESS |  
2025-10-20 19:50:15,430 | INFO  | OMAudit | user=runner | ip=127.0.0.1 | op=ALLOCATE_KEY {"volume":"5821ec5b-b703-4130-a212-88ab64a8bbbf","bucket":"9e13a716-da54-48a7-831c-1f24bd60f667","key":"rewriteKey","dataSize":"36","replicationType":"RATIS","replicationFactor":"ONE","Transaction":"170"} | ret=SUCCESS |  
2025-10-20 19:50:15,441 | INFO  | OMAudit | user=runner | ip=127.0.0.1 | op=COMMIT_KEY {"volume":"5821ec5b-b703-4130-a212-88ab64a8bbbf","bucket":"9e13a716-da54-48a7-831c-1f24bd60f667","key":"rewriteKey","dataSize":"36","replicationType":"RATIS","replicationFactor":"ONE","Transaction":"171"} | ret=SUCCESS |  
2025-10-20 19:50:15,443 | INFO  | OMAudit | user=runner | ip=127.0.0.1 | op=READ_KEY {"volume":"5821ec5b-b703-4130-a212-88ab64a8bbbf","bucket":"9e13a716-da54-48a7-831c-1f24bd60f667","key":"rewriteKey","owner":null,"dataSize":"0","replicationConfig":null} | ret=SUCCESS |  
2025-10-20 19:50:15,446 | INFO  | SCMAudit | user=runner | ip=127.0.0.1 | op=GET_CONTAINER_WITH_PIPELINE_BATCH {"containerIDs":"#3,"} | ret=SUCCESS |  
2025-10-20 19:50:15,447 | INFO  | OMAudit | user=null | ip= | op=READ_KEY {"volume":"5821ec5b-b703-4130-a212-88ab64a8bbbf","bucket":"9e13a716-da54-48a7-831c-1f24bd60f667","key":"rewriteKey","owner":null,"dataSize":"0","replicationConfig":null} | ret=SUCCESS |  
2025-10-20 19:50:15,449 | INFO  | OMAudit | user=runner | ip=127.0.0.1 | op=READ_BUCKET {"volume":"5821ec5b-b703-4130-a212-88ab64a8bbbf","bucket":"9e13a716-da54-48a7-831c-1f24bd60f667"} | ret=SUCCESS |  
2025-10-20 19:50:15,450 | INFO  | SCMAudit | user=runner | ip=127.0.0.1 | op=ALLOCATE_BLOCK {"replication":"RATIS/ONE","owner":"omServiceIdDefault","size":"4194304","sampleBlocks":"[conID: 11 locID: 115816896921600059]","num":"1","client":"","allocated":"1"} | ret=SUCCESS |  
2025-10-20 19:50:15,454 | INFO  | OMAudit | user=runner | ip=127.0.0.1 | op=ALLOCATE_KEY {"volume":"5821ec5b-b703-4130-a212-88ab64a8bbbf","bucket":"9e13a716-da54-48a7-831c-1f24bd60f667","key":"rewriteKey","dataSize":"36","replicationType":"RATIS","replicationFactor":"ONE","rewriteGeneration":"171","Transaction":"172"} | ret=SUCCESS |  
2025-10-20 19:50:15,465 | INFO  | OMAudit | user=runner | ip=127.0.0.1 | op=COMMIT_KEY {"volume":"5821ec5b-b703-4130-a212-88ab64a8bbbf","bucket":"9e13a716-da54-48a7-831c-1f24bd60f667","key":"rewriteKey","dataSize":"13","replicationType":"RATIS","replicationFactor":"ONE","rewriteGeneration":"171","Transaction":"173"} | ret=SUCCESS |  
2025-10-20 19:50:15,468 | INFO  | OMAudit | user=runner | ip=127.0.0.1 | op=READ_KEY {"volume":"5821ec5b-b703-4130-a212-88ab64a8bbbf","bucket":"9e13a716-da54-48a7-831c-1f24bd60f667","key":"rewriteKey","owner":null,"dataSize":"0","replicationConfig":null} | ret=SUCCESS |  
2025-10-20 19:50:15,470 | INFO  | OMAudit | user=runner | ip=127.0.0.1 | op=READ_KEY {"volume":"5821ec5b-b703-4130-a212-88ab64a8bbbf","bucket":"9e13a716-da54-48a7-831c-1f24bd60f667","key":"rewriteKey","owner":null,"dataSize":"0","replicationConfig":null} | ret=SUCCESS |  
2025-10-20 19:50:15,478 | INFO  | SCMAudit | user=runner | ip=127.0.0.1 | op=GET_CONTAINER_WITH_PIPELINE_BATCH {"containerIDs":"#11,"} | ret=SUCCESS |  
2025-10-20 19:50:15,478 | INFO  | OMAudit | user=null | ip= | op=READ_KEY {"volume":"5821ec5b-b703-4130-a212-88ab64a8bbbf","bucket":"9e13a716-da54-48a7-831c-1f24bd60f667","key":"rewriteKey","owner":null,"dataSize":"0","replicationConfig":null} | ret=SUCCESS |  
]]></system-out>
  </testcase>
  <testcase name="rewriteKey(BucketLayout)[2]" classname="org.apache.hadoop.ozone.client.rpc.TestSecureOzoneRpcClient" time="0.059">
    <system-out><![CDATA[2025-10-20 19:50:15,480 [ForkJoinPool-1-worker-1] INFO  rpc.RpcClient (RpcClient.java:createVolume(461)) - Creating Volume: 610191bf-f14c-4bd0-88bc-07c17f530866, with runner as owner and space quota set to -1 bytes, counts quota set to -1
2025-10-20 19:50:15,483 [om1-OMStateMachineApplyTransactionThread - 0] INFO  volume.OMVolumeCreateRequest (OMVolumeCreateRequest.java:validateAndUpdateCache(213)) - created volume:610191bf-f14c-4bd0-88bc-07c17f530866 for user:runner
2025-10-20 19:50:15,483 | INFO  | OMAudit | user=runner | ip=127.0.0.1 | op=CREATE_VOLUME {"admin":"runner","owner":"runner","volume":"610191bf-f14c-4bd0-88bc-07c17f530866","creationTime":"1760989815481","modificationTime":"1760989815481","quotaInBytes":"-1","quotaInNamespace":"-1","usedNamespace":"0","objectID":"-9223372036854731264","updateID":"174","Transaction":"174"} | ret=SUCCESS |  
2025-10-20 19:50:15,484 | INFO  | OMAudit | user=runner | ip=127.0.0.1 | op=READ_VOLUME {"volume":"610191bf-f14c-4bd0-88bc-07c17f530866"} | ret=SUCCESS |  
2025-10-20 19:50:15,485 [ForkJoinPool-1-worker-1] INFO  rpc.RpcClient (RpcClient.java:createBucket(686)) - Creating Bucket: 610191bf-f14c-4bd0-88bc-07c17f530866/843b0ca4-a2f2-44cd-a76c-1161b8b9eea8, with bucket layout OBJECT_STORE, runner as owner, Versioning false, Storage Type set to DISK and Encryption set to false, Replication Type set to server-side default replication type, Namespace Quota set to -1, Space Quota set to -1 
2025-10-20 19:50:15,487 [om1-OMStateMachineApplyTransactionThread - 0] INFO  bucket.OMBucketCreateRequest (OMBucketCreateRequest.java:validateAndUpdateCache(303)) - created bucket: 843b0ca4-a2f2-44cd-a76c-1161b8b9eea8 of layout OBJECT_STORE in volume: 610191bf-f14c-4bd0-88bc-07c17f530866
2025-10-20 19:50:15,487 | INFO  | OMAudit | user=runner | ip=127.0.0.1 | op=CREATE_BUCKET {"volume":"610191bf-f14c-4bd0-88bc-07c17f530866","bucket":"843b0ca4-a2f2-44cd-a76c-1161b8b9eea8","bucketLayout":"OBJECT_STORE","gdprEnabled":null,"acls":"[user:runner:a[ACCESS], group:runner:rl[ACCESS]]","isVersionEnabled":"false","storageType":"DISK","creationTime":"1760989815486","bucketEncryptionKey":null,"modificationTime":"1760989815486","usedBytes":"0","usedNamespace":"0","snapshotUsedBytes":"0","snapshotUsedNamespace":"0","owner":"runner","replicationType":null,"replicationConfig":null,"quotaInBytes":"-1","quotaInNamespace":"-1","Transaction":"175"} | ret=SUCCESS |  
2025-10-20 19:50:15,488 | INFO  | OMAudit | user=runner | ip=127.0.0.1 | op=READ_BUCKET {"volume":"610191bf-f14c-4bd0-88bc-07c17f530866","bucket":"843b0ca4-a2f2-44cd-a76c-1161b8b9eea8"} | ret=SUCCESS |  
2025-10-20 19:50:15,490 | INFO  | OMAudit | user=runner | ip=127.0.0.1 | op=READ_BUCKET {"volume":"610191bf-f14c-4bd0-88bc-07c17f530866","bucket":"843b0ca4-a2f2-44cd-a76c-1161b8b9eea8"} | ret=SUCCESS |  
2025-10-20 19:50:15,491 | INFO  | SCMAudit | user=runner | ip=127.0.0.1 | op=ALLOCATE_BLOCK {"replication":"RATIS/ONE","owner":"omServiceIdDefault","size":"4194304","sampleBlocks":"[conID: 5 locID: 115816896921600060]","num":"1","client":"","allocated":"1"} | ret=SUCCESS |  
2025-10-20 19:50:15,493 | INFO  | OMAudit | user=runner | ip=127.0.0.1 | op=ALLOCATE_KEY {"volume":"610191bf-f14c-4bd0-88bc-07c17f530866","bucket":"843b0ca4-a2f2-44cd-a76c-1161b8b9eea8","key":"rewriteKey","dataSize":"36","replicationType":"RATIS","replicationFactor":"ONE","Transaction":"176"} | ret=SUCCESS |  
2025-10-20 19:50:15,504 | INFO  | OMAudit | user=runner | ip=127.0.0.1 | op=COMMIT_KEY {"volume":"610191bf-f14c-4bd0-88bc-07c17f530866","bucket":"843b0ca4-a2f2-44cd-a76c-1161b8b9eea8","key":"rewriteKey","dataSize":"36","replicationType":"RATIS","replicationFactor":"ONE","Transaction":"177"} | ret=SUCCESS |  
2025-10-20 19:50:15,506 | INFO  | OMAudit | user=runner | ip=127.0.0.1 | op=READ_KEY {"volume":"610191bf-f14c-4bd0-88bc-07c17f530866","bucket":"843b0ca4-a2f2-44cd-a76c-1161b8b9eea8","key":"rewriteKey","owner":null,"dataSize":"0","replicationConfig":null} | ret=SUCCESS |  
2025-10-20 19:50:15,508 | INFO  | SCMAudit | user=runner | ip=127.0.0.1 | op=GET_CONTAINER_WITH_PIPELINE_BATCH {"containerIDs":"#5,"} | ret=SUCCESS |  
2025-10-20 19:50:15,509 | INFO  | OMAudit | user=null | ip= | op=READ_KEY {"volume":"610191bf-f14c-4bd0-88bc-07c17f530866","bucket":"843b0ca4-a2f2-44cd-a76c-1161b8b9eea8","key":"rewriteKey","owner":null,"dataSize":"0","replicationConfig":null} | ret=SUCCESS |  
2025-10-20 19:50:15,509 | INFO  | OMAudit | user=runner | ip=127.0.0.1 | op=READ_BUCKET {"volume":"610191bf-f14c-4bd0-88bc-07c17f530866","bucket":"843b0ca4-a2f2-44cd-a76c-1161b8b9eea8"} | ret=SUCCESS |  
2025-10-20 19:50:15,510 | INFO  | SCMAudit | user=runner | ip=127.0.0.1 | op=ALLOCATE_BLOCK {"replication":"RATIS/ONE","owner":"omServiceIdDefault","size":"4194304","sampleBlocks":"[conID: 9 locID: 115816896921600061]","num":"1","client":"","allocated":"1"} | ret=SUCCESS |  
2025-10-20 19:50:15,513 | INFO  | OMAudit | user=runner | ip=127.0.0.1 | op=ALLOCATE_KEY {"volume":"610191bf-f14c-4bd0-88bc-07c17f530866","bucket":"843b0ca4-a2f2-44cd-a76c-1161b8b9eea8","key":"rewriteKey","dataSize":"36","replicationType":"RATIS","replicationFactor":"ONE","rewriteGeneration":"177","Transaction":"178"} | ret=SUCCESS |  
2025-10-20 19:50:15,522 | INFO  | OMAudit | user=runner | ip=127.0.0.1 | op=COMMIT_KEY {"volume":"610191bf-f14c-4bd0-88bc-07c17f530866","bucket":"843b0ca4-a2f2-44cd-a76c-1161b8b9eea8","key":"rewriteKey","dataSize":"13","replicationType":"RATIS","replicationFactor":"ONE","rewriteGeneration":"177","Transaction":"179"} | ret=SUCCESS |  
2025-10-20 19:50:15,524 | INFO  | OMAudit | user=runner | ip=127.0.0.1 | op=READ_KEY {"volume":"610191bf-f14c-4bd0-88bc-07c17f530866","bucket":"843b0ca4-a2f2-44cd-a76c-1161b8b9eea8","key":"rewriteKey","owner":null,"dataSize":"0","replicationConfig":null} | ret=SUCCESS |  
2025-10-20 19:50:15,526 | INFO  | SCMAudit | user=runner | ip=127.0.0.1 | op=SEND_HEARTBEAT {"datanodeUUID":"af0e5da1-57af-45e9-9aca-fa0798d05628","term":"2","command":"[]"} | ret=SUCCESS |  
2025-10-20 19:50:15,528 | INFO  | OMAudit | user=runner | ip=127.0.0.1 | op=READ_KEY {"volume":"610191bf-f14c-4bd0-88bc-07c17f530866","bucket":"843b0ca4-a2f2-44cd-a76c-1161b8b9eea8","key":"rewriteKey","owner":null,"dataSize":"0","replicationConfig":null} | ret=SUCCESS |  
2025-10-20 19:50:15,538 | INFO  | SCMAudit | user=runner | ip=127.0.0.1 | op=GET_CONTAINER_WITH_PIPELINE_BATCH {"containerIDs":"#9,"} | ret=SUCCESS |  
2025-10-20 19:50:15,538 | INFO  | OMAudit | user=null | ip= | op=READ_KEY {"volume":"610191bf-f14c-4bd0-88bc-07c17f530866","bucket":"843b0ca4-a2f2-44cd-a76c-1161b8b9eea8","key":"rewriteKey","owner":null,"dataSize":"0","replicationConfig":null} | ret=SUCCESS |  
]]></system-out>
  </testcase>
  <testcase name="rewriteKey(BucketLayout)[3]" classname="org.apache.hadoop.ozone.client.rpc.TestSecureOzoneRpcClient" time="0.056">
    <system-out><![CDATA[2025-10-20 19:50:15,540 [ForkJoinPool-1-worker-1] INFO  rpc.RpcClient (RpcClient.java:createVolume(461)) - Creating Volume: 80b83998-cee6-451c-92c2-341743ce960b, with runner as owner and space quota set to -1 bytes, counts quota set to -1
2025-10-20 19:50:15,543 [om1-OMStateMachineApplyTransactionThread - 0] INFO  volume.OMVolumeCreateRequest (OMVolumeCreateRequest.java:validateAndUpdateCache(213)) - created volume:80b83998-cee6-451c-92c2-341743ce960b for user:runner
2025-10-20 19:50:15,543 | INFO  | OMAudit | user=runner | ip=127.0.0.1 | op=CREATE_VOLUME {"admin":"runner","owner":"runner","volume":"80b83998-cee6-451c-92c2-341743ce960b","creationTime":"1760989815541","modificationTime":"1760989815541","quotaInBytes":"-1","quotaInNamespace":"-1","usedNamespace":"0","objectID":"-9223372036854729728","updateID":"180","Transaction":"180"} | ret=SUCCESS |  
2025-10-20 19:50:15,545 | INFO  | OMAudit | user=runner | ip=127.0.0.1 | op=READ_VOLUME {"volume":"80b83998-cee6-451c-92c2-341743ce960b"} | ret=SUCCESS |  
2025-10-20 19:50:15,545 [ForkJoinPool-1-worker-1] INFO  rpc.RpcClient (RpcClient.java:createBucket(686)) - Creating Bucket: 80b83998-cee6-451c-92c2-341743ce960b/cbd36447-5ce1-422e-9e28-023fa47badce, with bucket layout LEGACY, runner as owner, Versioning false, Storage Type set to DISK and Encryption set to false, Replication Type set to server-side default replication type, Namespace Quota set to -1, Space Quota set to -1 
2025-10-20 19:50:15,547 [om1-OMStateMachineApplyTransactionThread - 0] INFO  bucket.OMBucketCreateRequest (OMBucketCreateRequest.java:validateAndUpdateCache(303)) - created bucket: cbd36447-5ce1-422e-9e28-023fa47badce of layout LEGACY in volume: 80b83998-cee6-451c-92c2-341743ce960b
2025-10-20 19:50:15,547 | INFO  | OMAudit | user=runner | ip=127.0.0.1 | op=CREATE_BUCKET {"volume":"80b83998-cee6-451c-92c2-341743ce960b","bucket":"cbd36447-5ce1-422e-9e28-023fa47badce","bucketLayout":"LEGACY","gdprEnabled":null,"acls":"[user:runner:a[ACCESS], group:runner:rl[ACCESS]]","isVersionEnabled":"false","storageType":"DISK","creationTime":"1760989815546","bucketEncryptionKey":null,"modificationTime":"1760989815546","usedBytes":"0","usedNamespace":"0","snapshotUsedBytes":"0","snapshotUsedNamespace":"0","owner":"runner","replicationType":null,"replicationConfig":null,"quotaInBytes":"-1","quotaInNamespace":"-1","Transaction":"181"} | ret=SUCCESS |  
2025-10-20 19:50:15,548 | INFO  | OMAudit | user=runner | ip=127.0.0.1 | op=READ_BUCKET {"volume":"80b83998-cee6-451c-92c2-341743ce960b","bucket":"cbd36447-5ce1-422e-9e28-023fa47badce"} | ret=SUCCESS |  
2025-10-20 19:50:15,550 | INFO  | OMAudit | user=runner | ip=127.0.0.1 | op=READ_BUCKET {"volume":"80b83998-cee6-451c-92c2-341743ce960b","bucket":"cbd36447-5ce1-422e-9e28-023fa47badce"} | ret=SUCCESS |  
2025-10-20 19:50:15,551 | INFO  | SCMAudit | user=runner | ip=127.0.0.1 | op=ALLOCATE_BLOCK {"replication":"RATIS/ONE","owner":"omServiceIdDefault","size":"4194304","sampleBlocks":"[conID: 7 locID: 115816896921600062]","num":"1","client":"","allocated":"1"} | ret=SUCCESS |  
2025-10-20 19:50:15,554 | INFO  | OMAudit | user=runner | ip=127.0.0.1 | op=ALLOCATE_KEY {"volume":"80b83998-cee6-451c-92c2-341743ce960b","bucket":"cbd36447-5ce1-422e-9e28-023fa47badce","key":"rewriteKey","dataSize":"36","replicationType":"RATIS","replicationFactor":"ONE","Transaction":"182"} | ret=SUCCESS |  
2025-10-20 19:50:15,564 | INFO  | OMAudit | user=runner | ip=127.0.0.1 | op=COMMIT_KEY {"volume":"80b83998-cee6-451c-92c2-341743ce960b","bucket":"cbd36447-5ce1-422e-9e28-023fa47badce","key":"rewriteKey","dataSize":"36","replicationType":"RATIS","replicationFactor":"ONE","Transaction":"183"} | ret=SUCCESS |  
2025-10-20 19:50:15,567 | INFO  | OMAudit | user=runner | ip=127.0.0.1 | op=READ_KEY {"volume":"80b83998-cee6-451c-92c2-341743ce960b","bucket":"cbd36447-5ce1-422e-9e28-023fa47badce","key":"rewriteKey","owner":null,"dataSize":"0","replicationConfig":null} | ret=SUCCESS |  
2025-10-20 19:50:15,569 | INFO  | SCMAudit | user=runner | ip=127.0.0.1 | op=GET_CONTAINER_WITH_PIPELINE_BATCH {"containerIDs":"#7,"} | ret=SUCCESS |  
2025-10-20 19:50:15,570 | INFO  | OMAudit | user=null | ip= | op=READ_KEY {"volume":"80b83998-cee6-451c-92c2-341743ce960b","bucket":"cbd36447-5ce1-422e-9e28-023fa47badce","key":"rewriteKey","owner":null,"dataSize":"0","replicationConfig":null} | ret=SUCCESS |  
2025-10-20 19:50:15,571 | INFO  | OMAudit | user=runner | ip=127.0.0.1 | op=READ_BUCKET {"volume":"80b83998-cee6-451c-92c2-341743ce960b","bucket":"cbd36447-5ce1-422e-9e28-023fa47badce"} | ret=SUCCESS |  
2025-10-20 19:50:15,572 | INFO  | SCMAudit | user=runner | ip=127.0.0.1 | op=ALLOCATE_BLOCK {"replication":"RATIS/ONE","owner":"omServiceIdDefault","size":"4194304","sampleBlocks":"[conID: 7 locID: 115816896921600063]","num":"1","client":"","allocated":"1"} | ret=SUCCESS |  
2025-10-20 19:50:15,574 | INFO  | OMAudit | user=runner | ip=127.0.0.1 | op=ALLOCATE_KEY {"volume":"80b83998-cee6-451c-92c2-341743ce960b","bucket":"cbd36447-5ce1-422e-9e28-023fa47badce","key":"rewriteKey","dataSize":"36","replicationType":"RATIS","replicationFactor":"ONE","rewriteGeneration":"183","Transaction":"184"} | ret=SUCCESS |  
2025-10-20 19:50:15,584 | INFO  | OMAudit | user=runner | ip=127.0.0.1 | op=COMMIT_KEY {"volume":"80b83998-cee6-451c-92c2-341743ce960b","bucket":"cbd36447-5ce1-422e-9e28-023fa47badce","key":"rewriteKey","dataSize":"13","replicationType":"RATIS","replicationFactor":"ONE","rewriteGeneration":"183","Transaction":"185"} | ret=SUCCESS |  
2025-10-20 19:50:15,586 | INFO  | OMAudit | user=runner | ip=127.0.0.1 | op=READ_KEY {"volume":"80b83998-cee6-451c-92c2-341743ce960b","bucket":"cbd36447-5ce1-422e-9e28-023fa47badce","key":"rewriteKey","owner":null,"dataSize":"0","replicationConfig":null} | ret=SUCCESS |  
2025-10-20 19:50:15,588 | INFO  | OMAudit | user=runner | ip=127.0.0.1 | op=READ_KEY {"volume":"80b83998-cee6-451c-92c2-341743ce960b","bucket":"cbd36447-5ce1-422e-9e28-023fa47badce","key":"rewriteKey","owner":null,"dataSize":"0","replicationConfig":null} | ret=SUCCESS |  
2025-10-20 19:50:15,595 | INFO  | SCMAudit | user=runner | ip=127.0.0.1 | op=GET_CONTAINER_WITH_PIPELINE_BATCH {"containerIDs":"#7,"} | ret=SUCCESS |  
2025-10-20 19:50:15,595 | INFO  | OMAudit | user=null | ip= | op=READ_KEY {"volume":"80b83998-cee6-451c-92c2-341743ce960b","bucket":"cbd36447-5ce1-422e-9e28-023fa47badce","key":"rewriteKey","owner":null,"dataSize":"0","replicationConfig":null} | ret=SUCCESS |  
]]></system-out>
  </testcase>
  <testcase name="testAbortUploadFail" classname="org.apache.hadoop.ozone.client.rpc.TestSecureOzoneRpcClient" time="0.019">
    <system-out><![CDATA[2025-10-20 19:50:15,598 [ForkJoinPool-1-worker-1] INFO  rpc.RpcClient (RpcClient.java:createVolume(461)) - Creating Volume: a0914e58-d1fc-480c-a9c9-5ff053ead34f, with runner as owner and space quota set to -1 bytes, counts quota set to -1
2025-10-20 19:50:15,600 [om1-OMStateMachineApplyTransactionThread - 0] INFO  volume.OMVolumeCreateRequest (OMVolumeCreateRequest.java:validateAndUpdateCache(213)) - created volume:a0914e58-d1fc-480c-a9c9-5ff053ead34f for user:runner
2025-10-20 19:50:15,600 | INFO  | OMAudit | user=runner | ip=127.0.0.1 | op=CREATE_VOLUME {"admin":"runner","owner":"runner","volume":"a0914e58-d1fc-480c-a9c9-5ff053ead34f","creationTime":"1760989815599","modificationTime":"1760989815599","quotaInBytes":"-1","quotaInNamespace":"-1","usedNamespace":"0","objectID":"-9223372036854728192","updateID":"186","Transaction":"186"} | ret=SUCCESS |  
2025-10-20 19:50:15,602 | INFO  | OMAudit | user=runner | ip=127.0.0.1 | op=READ_VOLUME {"volume":"a0914e58-d1fc-480c-a9c9-5ff053ead34f"} | ret=SUCCESS |  
2025-10-20 19:50:15,602 [ForkJoinPool-1-worker-1] INFO  rpc.RpcClient (RpcClient.java:createBucket(686)) - Creating Bucket: a0914e58-d1fc-480c-a9c9-5ff053ead34f/d30bfe1f-aa88-4e60-b975-8696ec1474aa, with server-side default bucket layout, runner as owner, Versioning false, Storage Type set to DISK and Encryption set to false, Replication Type set to server-side default replication type, Namespace Quota set to -1, Space Quota set to -1 
2025-10-20 19:50:15,604 [om1-OMStateMachineApplyTransactionThread - 0] INFO  bucket.OMBucketCreateRequest (OMBucketCreateRequest.java:validateAndUpdateCache(303)) - created bucket: d30bfe1f-aa88-4e60-b975-8696ec1474aa of layout FILE_SYSTEM_OPTIMIZED in volume: a0914e58-d1fc-480c-a9c9-5ff053ead34f
2025-10-20 19:50:15,604 | INFO  | OMAudit | user=runner | ip=127.0.0.1 | op=CREATE_BUCKET {"volume":"a0914e58-d1fc-480c-a9c9-5ff053ead34f","bucket":"d30bfe1f-aa88-4e60-b975-8696ec1474aa","bucketLayout":"FILE_SYSTEM_OPTIMIZED","gdprEnabled":null,"acls":"[user:runner:a[ACCESS], group:runner:rl[ACCESS]]","isVersionEnabled":"false","storageType":"DISK","creationTime":"1760989815603","bucketEncryptionKey":null,"modificationTime":"1760989815603","usedBytes":"0","usedNamespace":"0","snapshotUsedBytes":"0","snapshotUsedNamespace":"0","owner":"runner","replicationType":null,"replicationConfig":null,"quotaInBytes":"-1","quotaInNamespace":"-1","Transaction":"187"} | ret=SUCCESS |  
2025-10-20 19:50:15,606 | INFO  | OMAudit | user=runner | ip=127.0.0.1 | op=READ_BUCKET {"volume":"a0914e58-d1fc-480c-a9c9-5ff053ead34f","bucket":"d30bfe1f-aa88-4e60-b975-8696ec1474aa"} | ret=SUCCESS |  
2025-10-20 19:50:15,614 [om1-OMStateMachineApplyTransactionThread - 0] ERROR multipart.S3MultipartUploadAbortRequest (S3MultipartUploadAbortRequest.java:validateAndUpdateCache(216)) - Abort Multipart request is failed for KeyName a735b87d-1358-4bd7-9147-679333240cf5 in VolumeName/Bucket a0914e58-d1fc-480c-a9c9-5ff053ead34f/d30bfe1f-aa88-4e60-b975-8696ec1474aa
NO_SUCH_MULTIPART_UPLOAD_ERROR org.apache.hadoop.ozone.om.exceptions.OMException: Abort Multipart Upload Failed: volume: a0914e58-d1fc-480c-a9c9-5ff053ead34fbucket: d30bfe1f-aa88-4e60-b975-8696ec1474aakey: a735b87d-1358-4bd7-9147-679333240cf5
	at org.apache.hadoop.ozone.om.request.s3.multipart.S3MultipartUploadAbortRequest.validateAndUpdateCache(S3MultipartUploadAbortRequest.java:156)
	at org.apache.hadoop.ozone.protocolPB.OzoneManagerRequestHandler.lambda$0(OzoneManagerRequestHandler.java:418)
	at org.apache.hadoop.ozone.util.MetricUtil.captureLatencyNs(MetricUtil.java:45)
	at org.apache.hadoop.ozone.protocolPB.OzoneManagerRequestHandler.handleWriteRequestImpl(OzoneManagerRequestHandler.java:416)
	at org.apache.hadoop.ozone.protocolPB.RequestHandler.handleWriteRequest(RequestHandler.java:62)
	at org.apache.hadoop.ozone.om.ratis.OzoneManagerStateMachine.runCommand(OzoneManagerStateMachine.java:599)
	at org.apache.hadoop.ozone.om.ratis.OzoneManagerStateMachine.lambda$3(OzoneManagerStateMachine.java:415)
	at java.base/java.util.concurrent.CompletableFuture$AsyncSupply.run(CompletableFuture.java:1768)
	at java.base/java.util.concurrent.ThreadPoolExecutor.runWorker(ThreadPoolExecutor.java:1144)
	at java.base/java.util.concurrent.ThreadPoolExecutor$Worker.run(ThreadPoolExecutor.java:642)
	at java.base/java.lang.Thread.run(Thread.java:1583)
2025-10-20 19:50:15,614 | ERROR | OMAudit | user=runner | ip=127.0.0.1 | op=ABORT_MULTIPART_UPLOAD {"volume":"a0914e58-d1fc-480c-a9c9-5ff053ead34f","bucket":"d30bfe1f-aa88-4e60-b975-8696ec1474aa","key":"a735b87d-1358-4bd7-9147-679333240cf5","dataSize":"0","uploadID":"random","Transaction":"188"} | ret=FAILURE | 
org.apache.hadoop.ozone.om.exceptions.OMException: Abort Multipart Upload Failed: volume: a0914e58-d1fc-480c-a9c9-5ff053ead34fbucket: d30bfe1f-aa88-4e60-b975-8696ec1474aakey: a735b87d-1358-4bd7-9147-679333240cf5
	at org.apache.hadoop.ozone.om.request.s3.multipart.S3MultipartUploadAbortRequest.validateAndUpdateCache(S3MultipartUploadAbortRequest.java:156)
	at org.apache.hadoop.ozone.protocolPB.OzoneManagerRequestHandler.lambda$0(OzoneManagerRequestHandler.java:418)
 
]]></system-out>
  </testcase>
  <testcase name="testAbortUploadFailWithInProgressPartUpload" classname="org.apache.hadoop.ozone.client.rpc.TestSecureOzoneRpcClient" time="0.063">
    <system-out><![CDATA[2025-10-20 19:50:15,617 [ForkJoinPool-1-worker-1] INFO  rpc.RpcClient (RpcClient.java:createVolume(461)) - Creating Volume: 5f31995f-882f-41f5-b20d-11d48c55e3fc, with runner as owner and space quota set to -1 bytes, counts quota set to -1
2025-10-20 19:50:15,620 [om1-OMStateMachineApplyTransactionThread - 0] INFO  volume.OMVolumeCreateRequest (OMVolumeCreateRequest.java:validateAndUpdateCache(213)) - created volume:5f31995f-882f-41f5-b20d-11d48c55e3fc for user:runner
2025-10-20 19:50:15,620 | INFO  | OMAudit | user=runner | ip=127.0.0.1 | op=CREATE_VOLUME {"admin":"runner","owner":"runner","volume":"5f31995f-882f-41f5-b20d-11d48c55e3fc","creationTime":"1760989815619","modificationTime":"1760989815619","quotaInBytes":"-1","quotaInNamespace":"-1","usedNamespace":"0","objectID":"-9223372036854727424","updateID":"189","Transaction":"189"} | ret=SUCCESS |  
2025-10-20 19:50:15,622 | INFO  | OMAudit | user=runner | ip=127.0.0.1 | op=READ_VOLUME {"volume":"5f31995f-882f-41f5-b20d-11d48c55e3fc"} | ret=SUCCESS |  
2025-10-20 19:50:15,622 [ForkJoinPool-1-worker-1] INFO  rpc.RpcClient (RpcClient.java:createBucket(686)) - Creating Bucket: 5f31995f-882f-41f5-b20d-11d48c55e3fc/90233c63-5319-42e8-8fa1-3256fa4516b0, with server-side default bucket layout, runner as owner, Versioning false, Storage Type set to DISK and Encryption set to false, Replication Type set to server-side default replication type, Namespace Quota set to -1, Space Quota set to -1 
2025-10-20 19:50:15,625 [om1-OMStateMachineApplyTransactionThread - 0] INFO  bucket.OMBucketCreateRequest (OMBucketCreateRequest.java:validateAndUpdateCache(303)) - created bucket: 90233c63-5319-42e8-8fa1-3256fa4516b0 of layout FILE_SYSTEM_OPTIMIZED in volume: 5f31995f-882f-41f5-b20d-11d48c55e3fc
2025-10-20 19:50:15,625 | INFO  | OMAudit | user=runner | ip=127.0.0.1 | op=CREATE_BUCKET {"volume":"5f31995f-882f-41f5-b20d-11d48c55e3fc","bucket":"90233c63-5319-42e8-8fa1-3256fa4516b0","bucketLayout":"FILE_SYSTEM_OPTIMIZED","gdprEnabled":null,"acls":"[user:runner:a[ACCESS], group:runner:rl[ACCESS]]","isVersionEnabled":"false","storageType":"DISK","creationTime":"1760989815624","bucketEncryptionKey":null,"modificationTime":"1760989815624","usedBytes":"0","usedNamespace":"0","snapshotUsedBytes":"0","snapshotUsedNamespace":"0","owner":"runner","replicationType":null,"replicationConfig":null,"quotaInBytes":"-1","quotaInNamespace":"-1","Transaction":"190"} | ret=SUCCESS |  
2025-10-20 19:50:15,627 | INFO  | OMAudit | user=runner | ip=127.0.0.1 | op=READ_BUCKET {"volume":"5f31995f-882f-41f5-b20d-11d48c55e3fc","bucket":"90233c63-5319-42e8-8fa1-3256fa4516b0"} | ret=SUCCESS |  
2025-10-20 19:50:15,638 | INFO  | OMAudit | user=runner | ip=127.0.0.1 | op=INITIATE_MULTIPART_UPLOAD {"volume":"5f31995f-882f-41f5-b20d-11d48c55e3fc","bucket":"90233c63-5319-42e8-8fa1-3256fa4516b0","key":"afa968d9-aa63-4338-b851-8353394cf0b8","dataSize":"0","replicationType":"RATIS","replicationFactor":"ONE","uploadID":"019a032c-2351-7a60-8791-3826d53b413d-115408228557324352","Transaction":"191"} | ret=SUCCESS |  
2025-10-20 19:50:15,641 | INFO  | SCMAudit | user=runner | ip=127.0.0.1 | op=SEND_HEARTBEAT {"datanodeUUID":"7bb0e7f0-2b36-4ec0-8a09-ceac75d91a36","term":"2","command":"[]"} | ret=SUCCESS |  
2025-10-20 19:50:15,646 | INFO  | OMAudit | user=runner | ip=127.0.0.1 | op=ALLOCATE_KEY {"volume":"5f31995f-882f-41f5-b20d-11d48c55e3fc","bucket":"90233c63-5319-42e8-8fa1-3256fa4516b0","key":"afa968d9-aa63-4338-b851-8353394cf0b8","dataSize":"4","Transaction":"192"} | ret=SUCCESS |  
2025-10-20 19:50:15,653 | INFO  | SCMAudit | user=runner | ip=127.0.0.1 | op=ALLOCATE_BLOCK {"replication":"RATIS/ONE","owner":"omServiceIdDefault","size":"4194304","sampleBlocks":"[conID: 10 locID: 115816896921600064]","num":"1","client":"","allocated":"1"} | ret=SUCCESS |  
2025-10-20 19:50:15,656 | INFO  | OMAudit | user=runner | ip=127.0.0.1 | op=ALLOCATE_BLOCK {"volume":"5f31995f-882f-41f5-b20d-11d48c55e3fc","bucket":"90233c63-5319-42e8-8fa1-3256fa4516b0","key":"afa968d9-aa63-4338-b851-8353394cf0b8","dataSize":"4","replicationType":"RATIS","replicationFactor":"ONE","clientID":"115408228558045249","Transaction":"193"} | ret=SUCCESS |  
2025-10-20 19:50:15,664 | INFO  | OMAudit | user=runner | ip=127.0.0.1 | op=ABORT_MULTIPART_UPLOAD {"volume":"5f31995f-882f-41f5-b20d-11d48c55e3fc","bucket":"90233c63-5319-42e8-8fa1-3256fa4516b0","key":"afa968d9-aa63-4338-b851-8353394cf0b8","dataSize":"0","uploadID":"019a032c-2351-7a60-8791-3826d53b413d-115408228557324352","Transaction":"194"} | ret=SUCCESS |  
2025-10-20 19:50:15,677 [om1-OMStateMachineApplyTransactionThread - 0] ERROR multipart.S3MultipartUploadCommitPartRequest (S3MultipartUploadCommitPartRequest.java:logResult(352)) - MultipartUpload Commit is failed for Key:afa968d9-aa63-4338-b851-8353394cf0b8 in Volume/Bucket 5f31995f-882f-41f5-b20d-11d48c55e3fc/90233c63-5319-42e8-8fa1-3256fa4516b0
NO_SUCH_MULTIPART_UPLOAD_ERROR org.apache.hadoop.ozone.om.exceptions.OMException: No such Multipart upload is with specified uploadId 019a032c-2351-7a60-8791-3826d53b413d-115408228557324352
	at org.apache.hadoop.ozone.om.request.s3.multipart.S3MultipartUploadCommitPartRequest.validateAndUpdateCache(S3MultipartUploadCommitPartRequest.java:188)
	at org.apache.hadoop.ozone.protocolPB.OzoneManagerRequestHandler.lambda$0(OzoneManagerRequestHandler.java:418)
	at org.apache.hadoop.ozone.util.MetricUtil.captureLatencyNs(MetricUtil.java:45)
	at org.apache.hadoop.ozone.protocolPB.OzoneManagerRequestHandler.handleWriteRequestImpl(OzoneManagerRequestHandler.java:416)
	at org.apache.hadoop.ozone.protocolPB.RequestHandler.handleWriteRequest(RequestHandler.java:62)
	at org.apache.hadoop.ozone.om.ratis.OzoneManagerStateMachine.runCommand(OzoneManagerStateMachine.java:599)
	at org.apache.hadoop.ozone.om.ratis.OzoneManagerStateMachine.lambda$3(OzoneManagerStateMachine.java:415)
	at java.base/java.util.concurrent.CompletableFuture$AsyncSupply.run(CompletableFuture.java:1768)
	at java.base/java.util.concurrent.ThreadPoolExecutor.runWorker(ThreadPoolExecutor.java:1144)
	at java.base/java.util.concurrent.ThreadPoolExecutor$Worker.run(ThreadPoolExecutor.java:642)
	at java.base/java.lang.Thread.run(Thread.java:1583)
2025-10-20 19:50:15,677 | ERROR | OMAudit | user=runner | ip=127.0.0.1 | op=COMMIT_MULTIPART_UPLOAD_PARTKEY {"volume":"5f31995f-882f-41f5-b20d-11d48c55e3fc","bucket":"90233c63-5319-42e8-8fa1-3256fa4516b0","key":"afa968d9-aa63-4338-b851-8353394cf0b8","dataSize":"4","uploadID":"019a032c-2351-7a60-8791-3826d53b413d-115408228557324352","partNumber":"1","partName":"/5f31995f-882f-41f5-b20d-11d48c55e3fc/90233c63-5319-42e8-8fa1-3256fa4516b0/afa968d9-aa63-4338-b851-8353394cf0b8-019a032c-2351-7a60-8791-3826d53b413d-115408228557324352-1","Transaction":"195"} | ret=FAILURE | 
org.apache.hadoop.ozone.om.exceptions.OMException: No such Multipart upload is with specified uploadId 019a032c-2351-7a60-8791-3826d53b413d-115408228557324352
	at org.apache.hadoop.ozone.om.request.s3.multipart.S3MultipartUploadCommitPartRequest.validateAndUpdateCache(S3MultipartUploadCommitPartRequest.java:188)
	at org.apache.hadoop.ozone.protocolPB.OzoneManagerRequestHandler.lambda$0(OzoneManagerRequestHandler.java:418)
 
]]></system-out>
  </testcase>
  <testcase name="testAbortUploadSuccessWithOutAnyParts" classname="org.apache.hadoop.ozone.client.rpc.TestSecureOzoneRpcClient" time="0.014">
    <system-out><![CDATA[2025-10-20 19:50:15,680 [ForkJoinPool-1-worker-1] INFO  rpc.RpcClient (RpcClient.java:createVolume(461)) - Creating Volume: e585804d-4fd1-4156-bf6d-a437ace55dc4, with runner as owner and space quota set to -1 bytes, counts quota set to -1
2025-10-20 19:50:15,681 [om1-OMStateMachineApplyTransactionThread - 0] INFO  volume.OMVolumeCreateRequest (OMVolumeCreateRequest.java:validateAndUpdateCache(213)) - created volume:e585804d-4fd1-4156-bf6d-a437ace55dc4 for user:runner
2025-10-20 19:50:15,682 | INFO  | OMAudit | user=runner | ip=127.0.0.1 | op=CREATE_VOLUME {"admin":"runner","owner":"runner","volume":"e585804d-4fd1-4156-bf6d-a437ace55dc4","creationTime":"1760989815680","modificationTime":"1760989815680","quotaInBytes":"-1","quotaInNamespace":"-1","usedNamespace":"0","objectID":"-9223372036854725632","updateID":"196","Transaction":"196"} | ret=SUCCESS |  
2025-10-20 19:50:15,683 | INFO  | OMAudit | user=runner | ip=127.0.0.1 | op=READ_VOLUME {"volume":"e585804d-4fd1-4156-bf6d-a437ace55dc4"} | ret=SUCCESS |  
2025-10-20 19:50:15,683 [ForkJoinPool-1-worker-1] INFO  rpc.RpcClient (RpcClient.java:createBucket(686)) - Creating Bucket: e585804d-4fd1-4156-bf6d-a437ace55dc4/59d418fb-2330-49a8-a00a-cf2ea8071a22, with server-side default bucket layout, runner as owner, Versioning false, Storage Type set to DISK and Encryption set to false, Replication Type set to server-side default replication type, Namespace Quota set to -1, Space Quota set to -1 
2025-10-20 19:50:15,685 [om1-OMStateMachineApplyTransactionThread - 0] INFO  bucket.OMBucketCreateRequest (OMBucketCreateRequest.java:validateAndUpdateCache(303)) - created bucket: 59d418fb-2330-49a8-a00a-cf2ea8071a22 of layout FILE_SYSTEM_OPTIMIZED in volume: e585804d-4fd1-4156-bf6d-a437ace55dc4
2025-10-20 19:50:15,685 | INFO  | OMAudit | user=runner | ip=127.0.0.1 | op=CREATE_BUCKET {"volume":"e585804d-4fd1-4156-bf6d-a437ace55dc4","bucket":"59d418fb-2330-49a8-a00a-cf2ea8071a22","bucketLayout":"FILE_SYSTEM_OPTIMIZED","gdprEnabled":null,"acls":"[user:runner:a[ACCESS], group:runner:rl[ACCESS]]","isVersionEnabled":"false","storageType":"DISK","creationTime":"1760989815684","bucketEncryptionKey":null,"modificationTime":"1760989815684","usedBytes":"0","usedNamespace":"0","snapshotUsedBytes":"0","snapshotUsedNamespace":"0","owner":"runner","replicationType":null,"replicationConfig":null,"quotaInBytes":"-1","quotaInNamespace":"-1","Transaction":"197"} | ret=SUCCESS |  
2025-10-20 19:50:15,687 | INFO  | OMAudit | user=runner | ip=127.0.0.1 | op=READ_BUCKET {"volume":"e585804d-4fd1-4156-bf6d-a437ace55dc4","bucket":"59d418fb-2330-49a8-a00a-cf2ea8071a22"} | ret=SUCCESS |  
2025-10-20 19:50:15,689 | INFO  | OMAudit | user=runner | ip=127.0.0.1 | op=INITIATE_MULTIPART_UPLOAD {"volume":"e585804d-4fd1-4156-bf6d-a437ace55dc4","bucket":"59d418fb-2330-49a8-a00a-cf2ea8071a22","key":"3b878821-5ec9-48ae-a455-f7fabe9840d6","dataSize":"0","replicationType":"RATIS","replicationFactor":"ONE","uploadID":"019a032c-2388-7740-accd-863d56bb0de8-115408228560928834","Transaction":"198"} | ret=SUCCESS |  
2025-10-20 19:50:15,692 | INFO  | OMAudit | user=runner | ip=127.0.0.1 | op=ABORT_MULTIPART_UPLOAD {"volume":"e585804d-4fd1-4156-bf6d-a437ace55dc4","bucket":"59d418fb-2330-49a8-a00a-cf2ea8071a22","key":"3b878821-5ec9-48ae-a455-f7fabe9840d6","dataSize":"0","uploadID":"019a032c-2388-7740-accd-863d56bb0de8-115408228560928834","Transaction":"199"} | ret=SUCCESS |  
]]></system-out>
  </testcase>
  <testcase name="testAbortUploadSuccessWithParts" classname="org.apache.hadoop.ozone.client.rpc.TestSecureOzoneRpcClient" time="0.047">
    <system-out><![CDATA[2025-10-20 19:50:15,694 [ForkJoinPool-1-worker-1] INFO  rpc.RpcClient (RpcClient.java:createVolume(461)) - Creating Volume: bed8d4df-2991-4386-8a51-b8c8cd55c336, with runner as owner and space quota set to -1 bytes, counts quota set to -1
2025-10-20 19:50:15,696 [om1-OMStateMachineApplyTransactionThread - 0] INFO  volume.OMVolumeCreateRequest (OMVolumeCreateRequest.java:validateAndUpdateCache(213)) - created volume:bed8d4df-2991-4386-8a51-b8c8cd55c336 for user:runner
2025-10-20 19:50:15,696 | INFO  | OMAudit | user=runner | ip=127.0.0.1 | op=CREATE_VOLUME {"admin":"runner","owner":"runner","volume":"bed8d4df-2991-4386-8a51-b8c8cd55c336","creationTime":"1760989815695","modificationTime":"1760989815695","quotaInBytes":"-1","quotaInNamespace":"-1","usedNamespace":"0","objectID":"-9223372036854724608","updateID":"200","Transaction":"200"} | ret=SUCCESS |  
2025-10-20 19:50:15,697 | INFO  | OMAudit | user=runner | ip=127.0.0.1 | op=READ_VOLUME {"volume":"bed8d4df-2991-4386-8a51-b8c8cd55c336"} | ret=SUCCESS |  
2025-10-20 19:50:15,697 [ForkJoinPool-1-worker-1] INFO  rpc.RpcClient (RpcClient.java:createBucket(686)) - Creating Bucket: bed8d4df-2991-4386-8a51-b8c8cd55c336/5d25fea7-8e65-4eb1-9ae4-d2ba1e1d1808, with server-side default bucket layout, runner as owner, Versioning false, Storage Type set to DISK and Encryption set to false, Replication Type set to server-side default replication type, Namespace Quota set to -1, Space Quota set to -1 
2025-10-20 19:50:15,698 | INFO  | SCMAudit | user=runner | ip=127.0.0.1 | op=SEND_HEARTBEAT {"datanodeUUID":"361055de-215b-4c6c-94c2-be1c1da118d1","term":"2","command":"[]"} | ret=SUCCESS |  
2025-10-20 19:50:15,699 [om1-OMStateMachineApplyTransactionThread - 0] INFO  bucket.OMBucketCreateRequest (OMBucketCreateRequest.java:validateAndUpdateCache(303)) - created bucket: 5d25fea7-8e65-4eb1-9ae4-d2ba1e1d1808 of layout FILE_SYSTEM_OPTIMIZED in volume: bed8d4df-2991-4386-8a51-b8c8cd55c336
2025-10-20 19:50:15,699 | INFO  | OMAudit | user=runner | ip=127.0.0.1 | op=CREATE_BUCKET {"volume":"bed8d4df-2991-4386-8a51-b8c8cd55c336","bucket":"5d25fea7-8e65-4eb1-9ae4-d2ba1e1d1808","bucketLayout":"FILE_SYSTEM_OPTIMIZED","gdprEnabled":null,"acls":"[user:runner:a[ACCESS], group:runner:rl[ACCESS]]","isVersionEnabled":"false","storageType":"DISK","creationTime":"1760989815698","bucketEncryptionKey":null,"modificationTime":"1760989815698","usedBytes":"0","usedNamespace":"0","snapshotUsedBytes":"0","snapshotUsedNamespace":"0","owner":"runner","replicationType":null,"replicationConfig":null,"quotaInBytes":"-1","quotaInNamespace":"-1","Transaction":"201"} | ret=SUCCESS |  
2025-10-20 19:50:15,700 | INFO  | OMAudit | user=runner | ip=127.0.0.1 | op=READ_BUCKET {"volume":"bed8d4df-2991-4386-8a51-b8c8cd55c336","bucket":"5d25fea7-8e65-4eb1-9ae4-d2ba1e1d1808"} | ret=SUCCESS |  
2025-10-20 19:50:15,703 | INFO  | OMAudit | user=runner | ip=127.0.0.1 | op=INITIATE_MULTIPART_UPLOAD {"volume":"bed8d4df-2991-4386-8a51-b8c8cd55c336","bucket":"5d25fea7-8e65-4eb1-9ae4-d2ba1e1d1808","key":"ece42bb4-0bd4-47dc-b76e-3094593d5be3","dataSize":"0","replicationType":"RATIS","replicationFactor":"ONE","uploadID":"019a032c-2396-76bf-8e74-9d8476fd2a45-115408228561846339","Transaction":"202"} | ret=SUCCESS |  
2025-10-20 19:50:15,707 | INFO  | OMAudit | user=runner | ip=127.0.0.1 | op=ALLOCATE_KEY {"volume":"bed8d4df-2991-4386-8a51-b8c8cd55c336","bucket":"5d25fea7-8e65-4eb1-9ae4-d2ba1e1d1808","key":"ece42bb4-0bd4-47dc-b76e-3094593d5be3","dataSize":"4","Transaction":"203"} | ret=SUCCESS |  
2025-10-20 19:50:15,709 | INFO  | SCMAudit | user=runner | ip=127.0.0.1 | op=ALLOCATE_BLOCK {"replication":"RATIS/ONE","owner":"omServiceIdDefault","size":"4194304","sampleBlocks":"[conID: 2 locID: 115816896921600065]","num":"1","client":"","allocated":"1"} | ret=SUCCESS |  
2025-10-20 19:50:15,711 | INFO  | OMAudit | user=runner | ip=127.0.0.1 | op=ALLOCATE_BLOCK {"volume":"bed8d4df-2991-4386-8a51-b8c8cd55c336","bucket":"5d25fea7-8e65-4eb1-9ae4-d2ba1e1d1808","key":"ece42bb4-0bd4-47dc-b76e-3094593d5be3","dataSize":"4","replicationType":"RATIS","replicationFactor":"ONE","clientID":"115408228562042948","Transaction":"204"} | ret=SUCCESS |  
2025-10-20 19:50:15,733 | INFO  | OMAudit | user=runner | ip=127.0.0.1 | op=COMMIT_MULTIPART_UPLOAD_PARTKEY {"volume":"bed8d4df-2991-4386-8a51-b8c8cd55c336","bucket":"5d25fea7-8e65-4eb1-9ae4-d2ba1e1d1808","key":"ece42bb4-0bd4-47dc-b76e-3094593d5be3","dataSize":"4","ETag":"8d777f385d3dfec8815d20f7496026dc","uploadID":"019a032c-2396-76bf-8e74-9d8476fd2a45-115408228561846339","partNumber":"1","partName":"/bed8d4df-2991-4386-8a51-b8c8cd55c336/5d25fea7-8e65-4eb1-9ae4-d2ba1e1d1808/ece42bb4-0bd4-47dc-b76e-3094593d5be3-019a032c-2396-76bf-8e74-9d8476fd2a45-115408228561846339-1","Transaction":"205"} | ret=SUCCESS |  
2025-10-20 19:50:15,738 | INFO  | OMAudit | user=runner | ip=127.0.0.1 | op=ABORT_MULTIPART_UPLOAD {"volume":"bed8d4df-2991-4386-8a51-b8c8cd55c336","bucket":"5d25fea7-8e65-4eb1-9ae4-d2ba1e1d1808","key":"ece42bb4-0bd4-47dc-b76e-3094593d5be3","dataSize":"0","uploadID":"019a032c-2396-76bf-8e74-9d8476fd2a45-115408228561846339","Transaction":"206"} | ret=SUCCESS |  
]]></system-out>
  </testcase>
  <testcase name="testAclDeDuplication" classname="org.apache.hadoop.ozone.client.rpc.TestSecureOzoneRpcClient" time="0.03">
    <system-out><![CDATA[2025-10-20 19:50:15,743 [ForkJoinPool-1-worker-1] INFO  rpc.RpcClient (RpcClient.java:createVolume(461)) - Creating Volume: 00904e7e-a186-43d6-a95d-2b07587ac107, with runner as owner and space quota set to -1 bytes, counts quota set to -1
2025-10-20 19:50:15,747 [om1-OMStateMachineApplyTransactionThread - 0] INFO  volume.OMVolumeCreateRequest (OMVolumeCreateRequest.java:validateAndUpdateCache(213)) - created volume:00904e7e-a186-43d6-a95d-2b07587ac107 for user:runner
2025-10-20 19:50:15,747 | INFO  | OMAudit | user=runner | ip=127.0.0.1 | op=CREATE_VOLUME {"admin":"runner","owner":"runner","volume":"00904e7e-a186-43d6-a95d-2b07587ac107","creationTime":"1760989815745","modificationTime":"1760989815745","quotaInBytes":"-1","quotaInNamespace":"-1","usedNamespace":"0","objectID":"-9223372036854722816","updateID":"207","Transaction":"207"} | ret=SUCCESS |  
2025-10-20 19:50:15,749 | INFO  | OMAudit | user=runner | ip=127.0.0.1 | op=READ_VOLUME {"volume":"00904e7e-a186-43d6-a95d-2b07587ac107"} | ret=SUCCESS |  
2025-10-20 19:50:15,750 [ForkJoinPool-1-worker-1] INFO  rpc.RpcClient (RpcClient.java:createBucket(686)) - Creating Bucket: 00904e7e-a186-43d6-a95d-2b07587ac107/d96ebb5a-56ba-4ad0-9288-d1f04c703cad, with server-side default bucket layout, runner as owner, Versioning false, Storage Type set to DISK and Encryption set to false, Replication Type set to server-side default replication type, Namespace Quota set to -1, Space Quota set to -1 
2025-10-20 19:50:15,753 [om1-OMStateMachineApplyTransactionThread - 0] INFO  bucket.OMBucketCreateRequest (OMBucketCreateRequest.java:validateAndUpdateCache(303)) - created bucket: d96ebb5a-56ba-4ad0-9288-d1f04c703cad of layout FILE_SYSTEM_OPTIMIZED in volume: 00904e7e-a186-43d6-a95d-2b07587ac107
2025-10-20 19:50:15,754 | INFO  | OMAudit | user=runner | ip=127.0.0.1 | op=CREATE_BUCKET {"volume":"00904e7e-a186-43d6-a95d-2b07587ac107","bucket":"d96ebb5a-56ba-4ad0-9288-d1f04c703cad","bucketLayout":"FILE_SYSTEM_OPTIMIZED","gdprEnabled":null,"acls":"[user:runner:a[ACCESS], group:runner:rl[ACCESS], user:test:r[ACCESS]]","isVersionEnabled":"false","storageType":"DISK","creationTime":"1760989815751","bucketEncryptionKey":null,"modificationTime":"1760989815751","usedBytes":"0","usedNamespace":"0","snapshotUsedBytes":"0","snapshotUsedNamespace":"0","owner":"runner","replicationType":null,"replicationConfig":null,"quotaInBytes":"-1","quotaInNamespace":"-1","Transaction":"208"} | ret=SUCCESS |  
2025-10-20 19:50:15,755 | INFO  | OMAudit | user=runner | ip=127.0.0.1 | op=READ_BUCKET {"volume":"00904e7e-a186-43d6-a95d-2b07587ac107","bucket":"d96ebb5a-56ba-4ad0-9288-d1f04c703cad"} | ret=SUCCESS |  
2025-10-20 19:50:15,761 | INFO  | OMAudit | user=runner | ip=127.0.0.1 | op=GET_ACL {"resourceType":"bucket","storageType":"ozone","volume":"00904e7e-a186-43d6-a95d-2b07587ac107","bucket":"d96ebb5a-56ba-4ad0-9288-d1f04c703cad","key":null} | ret=SUCCESS |  
2025-10-20 19:50:15,761 | INFO  | SCMAudit | user=runner | ip=127.0.0.1 | op=SEND_HEARTBEAT {"datanodeUUID":"e05592a5-d00f-4fc1-9e39-a968c1ecb04e","term":"2","command":"[]"} | ret=SUCCESS |  
2025-10-20 19:50:15,765 [ForkJoinPool-1-worker-1] INFO  rpc.RpcClient (RpcClient.java:createBucket(686)) - Creating Bucket: 00904e7e-a186-43d6-a95d-2b07587ac107/link-d96ebb5a-56ba-4ad0-9288-d1f04c703cad, with server-side default bucket layout, runner as owner, Versioning false, Storage Type set to DISK and Encryption set to false, Replication Type set to server-side default replication type, Namespace Quota set to -1, Space Quota set to -1 
2025-10-20 19:50:15,768 [om1-OMStateMachineApplyTransactionThread - 0] INFO  bucket.OMBucketCreateRequest (OMBucketCreateRequest.java:validateAndUpdateCache(303)) - created bucket: link-d96ebb5a-56ba-4ad0-9288-d1f04c703cad of layout FILE_SYSTEM_OPTIMIZED in volume: 00904e7e-a186-43d6-a95d-2b07587ac107
2025-10-20 19:50:15,768 | INFO  | OMAudit | user=runner | ip=127.0.0.1 | op=CREATE_BUCKET {"volume":"00904e7e-a186-43d6-a95d-2b07587ac107","bucket":"link-d96ebb5a-56ba-4ad0-9288-d1f04c703cad","bucketLayout":"FILE_SYSTEM_OPTIMIZED","gdprEnabled":null,"acls":"[user:runner:a[ACCESS], group:runner:rl[ACCESS], user:test-link:r[DEFAULT], world:WORLD:rw[ACCESS], user:test:r[ACCESS]]","isVersionEnabled":"false","storageType":"DISK","creationTime":"1760989815766","bucketEncryptionKey":null,"modificationTime":"1760989815766","sourceVolume":"00904e7e-a186-43d6-a95d-2b07587ac107","sourceBucket":"d96ebb5a-56ba-4ad0-9288-d1f04c703cad","usedBytes":"0","usedNamespace":"0","snapshotUsedBytes":"0","snapshotUsedNamespace":"0","owner":"runner","replicationType":null,"replicationConfig":null,"quotaInBytes":"-1","quotaInNamespace":"-1","Transaction":"209"} | ret=SUCCESS |  
2025-10-20 19:50:15,769 | INFO  | OMAudit | user=runner | ip=127.0.0.1 | op=READ_BUCKET {"volume":"00904e7e-a186-43d6-a95d-2b07587ac107","bucket":"link-d96ebb5a-56ba-4ad0-9288-d1f04c703cad"} | ret=SUCCESS |  
2025-10-20 19:50:15,770 | INFO  | OMAudit | user=runner | ip=127.0.0.1 | op=GET_ACL {"resourceType":"bucket","storageType":"ozone","volume":"00904e7e-a186-43d6-a95d-2b07587ac107","bucket":"link-d96ebb5a-56ba-4ad0-9288-d1f04c703cad","key":null} | ret=SUCCESS |  
]]></system-out>
  </testcase>
  <testcase name="testAclsAfterCallingSetBucketProperty" classname="org.apache.hadoop.ozone.client.rpc.TestSecureOzoneRpcClient" time="0.019">
    <system-out><![CDATA[2025-10-20 19:50:15,772 [ForkJoinPool-1-worker-1] INFO  rpc.RpcClient (RpcClient.java:createVolume(461)) - Creating Volume: 89fa8472-d970-4a0b-af7e-8241e78f0621, with runner as owner and space quota set to -1 bytes, counts quota set to -1
2025-10-20 19:50:15,774 [om1-OMStateMachineApplyTransactionThread - 0] INFO  volume.OMVolumeCreateRequest (OMVolumeCreateRequest.java:validateAndUpdateCache(213)) - created volume:89fa8472-d970-4a0b-af7e-8241e78f0621 for user:runner
2025-10-20 19:50:15,774 | INFO  | OMAudit | user=runner | ip=127.0.0.1 | op=CREATE_VOLUME {"admin":"runner","owner":"runner","volume":"89fa8472-d970-4a0b-af7e-8241e78f0621","creationTime":"1760989815772","modificationTime":"1760989815772","quotaInBytes":"-1","quotaInNamespace":"-1","usedNamespace":"0","objectID":"-9223372036854722048","updateID":"210","Transaction":"210"} | ret=SUCCESS |  
2025-10-20 19:50:15,775 | INFO  | OMAudit | user=runner | ip=127.0.0.1 | op=READ_VOLUME {"volume":"89fa8472-d970-4a0b-af7e-8241e78f0621"} | ret=SUCCESS |  
2025-10-20 19:50:15,775 [ForkJoinPool-1-worker-1] INFO  rpc.RpcClient (RpcClient.java:createBucket(686)) - Creating Bucket: 89fa8472-d970-4a0b-af7e-8241e78f0621/94b3b78b-9c36-4b8d-a156-1fb455231b7d, with server-side default bucket layout, runner as owner, Versioning false, Storage Type set to DISK and Encryption set to false, Replication Type set to server-side default replication type, Namespace Quota set to -1, Space Quota set to -1 
2025-10-20 19:50:15,777 [om1-OMStateMachineApplyTransactionThread - 0] INFO  bucket.OMBucketCreateRequest (OMBucketCreateRequest.java:validateAndUpdateCache(303)) - created bucket: 94b3b78b-9c36-4b8d-a156-1fb455231b7d of layout FILE_SYSTEM_OPTIMIZED in volume: 89fa8472-d970-4a0b-af7e-8241e78f0621
2025-10-20 19:50:15,777 | INFO  | OMAudit | user=runner | ip=127.0.0.1 | op=CREATE_BUCKET {"volume":"89fa8472-d970-4a0b-af7e-8241e78f0621","bucket":"94b3b78b-9c36-4b8d-a156-1fb455231b7d","bucketLayout":"FILE_SYSTEM_OPTIMIZED","gdprEnabled":null,"acls":"[user:runner:a[ACCESS], group:runner:rl[ACCESS]]","isVersionEnabled":"false","storageType":"DISK","creationTime":"1760989815776","bucketEncryptionKey":null,"modificationTime":"1760989815776","usedBytes":"0","usedNamespace":"0","snapshotUsedBytes":"0","snapshotUsedNamespace":"0","owner":"runner","replicationType":null,"replicationConfig":null,"quotaInBytes":"-1","quotaInNamespace":"-1","Transaction":"211"} | ret=SUCCESS |  
2025-10-20 19:50:15,778 | INFO  | OMAudit | user=runner | ip=127.0.0.1 | op=READ_BUCKET {"volume":"89fa8472-d970-4a0b-af7e-8241e78f0621","bucket":"94b3b78b-9c36-4b8d-a156-1fb455231b7d"} | ret=SUCCESS |  
2025-10-20 19:50:15,779 | INFO  | OMAudit | user=runner | ip=127.0.0.1 | op=GET_ACL {"resourceType":"bucket","storageType":"ozone","volume":"89fa8472-d970-4a0b-af7e-8241e78f0621","bucket":"94b3b78b-9c36-4b8d-a156-1fb455231b7d","key":null} | ret=SUCCESS |  
2025-10-20 19:50:15,787 | INFO  | OMAudit | user=runner | ip=127.0.0.1 | op=UPDATE_BUCKET {"volume":"89fa8472-d970-4a0b-af7e-8241e78f0621","bucket":"94b3b78b-9c36-4b8d-a156-1fb455231b7d","gdprEnabled":null,"isVersionEnabled":"true","Transaction":"212"} | ret=SUCCESS |  
2025-10-20 19:50:15,788 | INFO  | OMAudit | user=runner | ip=127.0.0.1 | op=READ_BUCKET {"volume":"89fa8472-d970-4a0b-af7e-8241e78f0621","bucket":"94b3b78b-9c36-4b8d-a156-1fb455231b7d"} | ret=SUCCESS |  
2025-10-20 19:50:15,789 | INFO  | OMAudit | user=runner | ip=127.0.0.1 | op=GET_ACL {"resourceType":"bucket","storageType":"ozone","volume":"89fa8472-d970-4a0b-af7e-8241e78f0621","bucket":"94b3b78b-9c36-4b8d-a156-1fb455231b7d","key":null} | ret=SUCCESS |  
]]></system-out>
  </testcase>
  <testcase name="testAddBucketAcl" classname="org.apache.hadoop.ozone.client.rpc.TestSecureOzoneRpcClient" time="0.028">
    <system-out><![CDATA[2025-10-20 19:50:15,791 [ForkJoinPool-1-worker-1] INFO  rpc.RpcClient (RpcClient.java:createVolume(461)) - Creating Volume: 0143c179-45d2-4194-b420-52f8b89dcca7, with runner as owner and space quota set to -1 bytes, counts quota set to -1
2025-10-20 19:50:15,793 [om1-OMStateMachineApplyTransactionThread - 0] INFO  volume.OMVolumeCreateRequest (OMVolumeCreateRequest.java:validateAndUpdateCache(213)) - created volume:0143c179-45d2-4194-b420-52f8b89dcca7 for user:runner
2025-10-20 19:50:15,793 | INFO  | OMAudit | user=runner | ip=127.0.0.1 | op=CREATE_VOLUME {"admin":"runner","owner":"runner","volume":"0143c179-45d2-4194-b420-52f8b89dcca7","creationTime":"1760989815792","modificationTime":"1760989815792","quotaInBytes":"-1","quotaInNamespace":"-1","usedNamespace":"0","objectID":"-9223372036854721280","updateID":"213","Transaction":"213"} | ret=SUCCESS |  
2025-10-20 19:50:15,794 | INFO  | OMAudit | user=runner | ip=127.0.0.1 | op=READ_VOLUME {"volume":"0143c179-45d2-4194-b420-52f8b89dcca7"} | ret=SUCCESS |  
2025-10-20 19:50:15,795 [ForkJoinPool-1-worker-1] INFO  rpc.RpcClient (RpcClient.java:createBucket(686)) - Creating Bucket: 0143c179-45d2-4194-b420-52f8b89dcca7/483c3feb-d06c-449d-8187-8d702845a628, with server-side default bucket layout, runner as owner, Versioning false, Storage Type set to DISK and Encryption set to false, Replication Type set to server-side default replication type, Namespace Quota set to -1, Space Quota set to -1 
2025-10-20 19:50:15,796 [om1-OMStateMachineApplyTransactionThread - 0] INFO  bucket.OMBucketCreateRequest (OMBucketCreateRequest.java:validateAndUpdateCache(303)) - created bucket: 483c3feb-d06c-449d-8187-8d702845a628 of layout FILE_SYSTEM_OPTIMIZED in volume: 0143c179-45d2-4194-b420-52f8b89dcca7
2025-10-20 19:50:15,796 | INFO  | OMAudit | user=runner | ip=127.0.0.1 | op=CREATE_BUCKET {"volume":"0143c179-45d2-4194-b420-52f8b89dcca7","bucket":"483c3feb-d06c-449d-8187-8d702845a628","bucketLayout":"FILE_SYSTEM_OPTIMIZED","gdprEnabled":null,"acls":"[user:runner:a[ACCESS], group:runner:rl[ACCESS]]","isVersionEnabled":"false","storageType":"DISK","creationTime":"1760989815795","bucketEncryptionKey":null,"modificationTime":"1760989815795","usedBytes":"0","usedNamespace":"0","snapshotUsedBytes":"0","snapshotUsedNamespace":"0","owner":"runner","replicationType":null,"replicationConfig":null,"quotaInBytes":"-1","quotaInNamespace":"-1","Transaction":"214"} | ret=SUCCESS |  
2025-10-20 19:50:15,798 | INFO  | OMAudit | user=runner | ip=127.0.0.1 | op=READ_BUCKET {"volume":"0143c179-45d2-4194-b420-52f8b89dcca7","bucket":"483c3feb-d06c-449d-8187-8d702845a628"} | ret=SUCCESS |  
2025-10-20 19:50:15,806 | INFO  | OMAudit | user=runner | ip=127.0.0.1 | op=ADD_ACL {"resourceType":"bucket","storageType":"ozone","volume":"0143c179-45d2-4194-b420-52f8b89dcca7","bucket":"483c3feb-d06c-449d-8187-8d702845a628","key":null,"acl":"[user:test:a[ACCESS]]","Transaction":"215"} | ret=SUCCESS |  
2025-10-20 19:50:15,808 | INFO  | OMAudit | user=runner | ip=127.0.0.1 | op=READ_BUCKET {"volume":"0143c179-45d2-4194-b420-52f8b89dcca7","bucket":"483c3feb-d06c-449d-8187-8d702845a628"} | ret=SUCCESS |  
2025-10-20 19:50:15,809 | INFO  | OMAudit | user=runner | ip=127.0.0.1 | op=GET_ACL {"resourceType":"bucket","storageType":"ozone","volume":"0143c179-45d2-4194-b420-52f8b89dcca7","bucket":"483c3feb-d06c-449d-8187-8d702845a628","key":null} | ret=SUCCESS |  
]]></system-out>
  </testcase>
  <testcase name="testBucketQuota(ReplicationConfig)[1]" classname="org.apache.hadoop.ozone.client.rpc.TestSecureOzoneRpcClient" time="6.317">
    <system-out><![CDATA[2025-10-20 19:50:15,823 [ForkJoinPool-1-worker-1] INFO  rpc.RpcClient (RpcClient.java:createVolume(461)) - Creating Volume: 6184804d-401e-4dcf-af58-b019a2f85885, with runner as owner and space quota set to -1 bytes, counts quota set to -1
2025-10-20 19:50:15,826 [om1-OMStateMachineApplyTransactionThread - 0] INFO  volume.OMVolumeCreateRequest (OMVolumeCreateRequest.java:validateAndUpdateCache(213)) - created volume:6184804d-401e-4dcf-af58-b019a2f85885 for user:runner
2025-10-20 19:50:15,826 | INFO  | OMAudit | user=runner | ip=127.0.0.1 | op=CREATE_VOLUME {"admin":"runner","owner":"runner","volume":"6184804d-401e-4dcf-af58-b019a2f85885","creationTime":"1760989815824","modificationTime":"1760989815824","quotaInBytes":"-1","quotaInNamespace":"-1","usedNamespace":"0","objectID":"-9223372036854720512","updateID":"216","Transaction":"216"} | ret=SUCCESS |  
2025-10-20 19:50:15,827 | INFO  | OMAudit | user=runner | ip=127.0.0.1 | op=READ_VOLUME {"volume":"6184804d-401e-4dcf-af58-b019a2f85885"} | ret=SUCCESS |  
2025-10-20 19:50:15,828 [ForkJoinPool-1-worker-1] INFO  rpc.RpcClient (RpcClient.java:createBucket(686)) - Creating Bucket: 6184804d-401e-4dcf-af58-b019a2f85885/20270903-27ac-4eff-aadb-eccd85e9c4f0, with server-side default bucket layout, runner as owner, Versioning false, Storage Type set to DISK and Encryption set to false, Replication Type set to server-side default replication type, Namespace Quota set to -1, Space Quota set to -1 
2025-10-20 19:50:15,830 [om1-OMStateMachineApplyTransactionThread - 0] INFO  bucket.OMBucketCreateRequest (OMBucketCreateRequest.java:validateAndUpdateCache(303)) - created bucket: 20270903-27ac-4eff-aadb-eccd85e9c4f0 of layout FILE_SYSTEM_OPTIMIZED in volume: 6184804d-401e-4dcf-af58-b019a2f85885
2025-10-20 19:50:15,830 | INFO  | OMAudit | user=runner | ip=127.0.0.1 | op=CREATE_BUCKET {"volume":"6184804d-401e-4dcf-af58-b019a2f85885","bucket":"20270903-27ac-4eff-aadb-eccd85e9c4f0","bucketLayout":"FILE_SYSTEM_OPTIMIZED","gdprEnabled":null,"acls":"[user:runner:a[ACCESS], group:runner:rl[ACCESS]]","isVersionEnabled":"false","storageType":"DISK","creationTime":"1760989815829","bucketEncryptionKey":null,"modificationTime":"1760989815829","usedBytes":"0","usedNamespace":"0","snapshotUsedBytes":"0","snapshotUsedNamespace":"0","owner":"runner","replicationType":null,"replicationConfig":null,"quotaInBytes":"-1","quotaInNamespace":"-1","Transaction":"217"} | ret=SUCCESS |  
2025-10-20 19:50:15,831 | INFO  | OMAudit | user=runner | ip=127.0.0.1 | op=READ_BUCKET {"volume":"6184804d-401e-4dcf-af58-b019a2f85885","bucket":"20270903-27ac-4eff-aadb-eccd85e9c4f0"} | ret=SUCCESS |  
2025-10-20 19:50:15,832 | INFO  | OMAudit | user=runner | ip=127.0.0.1 | op=READ_BUCKET {"volume":"6184804d-401e-4dcf-af58-b019a2f85885","bucket":"20270903-27ac-4eff-aadb-eccd85e9c4f0"} | ret=SUCCESS |  
2025-10-20 19:50:15,833 | INFO  | SCMAudit | user=runner | ip=127.0.0.1 | op=ALLOCATE_BLOCK {"replication":"RATIS/ONE","owner":"omServiceIdDefault","size":"4194304","sampleBlocks":"[conID: 10 locID: 115816896921600066]","num":"1","client":"","allocated":"1"} | ret=SUCCESS |  
2025-10-20 19:50:15,837 | INFO  | OMAudit | user=runner | ip=127.0.0.1 | op=ALLOCATE_KEY {"volume":"6184804d-401e-4dcf-af58-b019a2f85885","bucket":"20270903-27ac-4eff-aadb-eccd85e9c4f0","key":"6fc9dbad-e976-4862-911c-a722089ca53c","dataSize":"4194304","replicationType":"RATIS","replicationFactor":"ONE","Transaction":"218"} | ret=SUCCESS |  
2025-10-20 19:50:15,839 | INFO  | OMAudit | user=runner | ip=127.0.0.1 | op=READ_VOLUME {"volume":"6184804d-401e-4dcf-af58-b019a2f85885"} | ret=SUCCESS |  
2025-10-20 19:50:15,840 | INFO  | OMAudit | user=runner | ip=127.0.0.1 | op=READ_BUCKET {"volume":"6184804d-401e-4dcf-af58-b019a2f85885","bucket":"20270903-27ac-4eff-aadb-eccd85e9c4f0"} | ret=SUCCESS |  
2025-10-20 19:50:15,843 | INFO  | OMAudit | user=runner | ip=127.0.0.1 | op=COMMIT_KEY {"volume":"6184804d-401e-4dcf-af58-b019a2f85885","bucket":"20270903-27ac-4eff-aadb-eccd85e9c4f0","key":"6fc9dbad-e976-4862-911c-a722089ca53c","dataSize":"0","replicationType":"RATIS","replicationFactor":"ONE","Transaction":"219"} | ret=SUCCESS |  
2025-10-20 19:50:15,845 | INFO  | OMAudit | user=runner | ip=127.0.0.1 | op=READ_VOLUME {"volume":"6184804d-401e-4dcf-af58-b019a2f85885"} | ret=SUCCESS |  
2025-10-20 19:50:15,846 | INFO  | OMAudit | user=runner | ip=127.0.0.1 | op=READ_BUCKET {"volume":"6184804d-401e-4dcf-af58-b019a2f85885","bucket":"20270903-27ac-4eff-aadb-eccd85e9c4f0"} | ret=SUCCESS |  
2025-10-20 19:50:15,847 | INFO  | OMAudit | user=runner | ip=127.0.0.1 | op=READ_BUCKET {"volume":"6184804d-401e-4dcf-af58-b019a2f85885","bucket":"20270903-27ac-4eff-aadb-eccd85e9c4f0"} | ret=SUCCESS |  
2025-10-20 19:50:15,848 | INFO  | SCMAudit | user=runner | ip=127.0.0.1 | op=ALLOCATE_BLOCK {"replication":"RATIS/ONE","owner":"omServiceIdDefault","size":"4194304","sampleBlocks":"[conID: 7 locID: 115816896921600067]","num":"1","client":"","allocated":"1"} | ret=SUCCESS |  
2025-10-20 19:50:15,851 | INFO  | OMAudit | user=runner | ip=127.0.0.1 | op=ALLOCATE_KEY {"volume":"6184804d-401e-4dcf-af58-b019a2f85885","bucket":"20270903-27ac-4eff-aadb-eccd85e9c4f0","key":"6fc9dbad-e976-4862-911c-a722089ca53c","dataSize":"4194304","replicationType":"RATIS","replicationFactor":"ONE","Transaction":"220"} | ret=SUCCESS |  
2025-10-20 19:50:15,853 | INFO  | OMAudit | user=runner | ip=127.0.0.1 | op=READ_VOLUME {"volume":"6184804d-401e-4dcf-af58-b019a2f85885"} | ret=SUCCESS |  
2025-10-20 19:50:15,854 | INFO  | OMAudit | user=runner | ip=127.0.0.1 | op=READ_BUCKET {"volume":"6184804d-401e-4dcf-af58-b019a2f85885","bucket":"20270903-27ac-4eff-aadb-eccd85e9c4f0"} | ret=SUCCESS |  
2025-10-20 19:50:15,856 | INFO  | OMAudit | user=runner | ip=127.0.0.1 | op=COMMIT_KEY {"volume":"6184804d-401e-4dcf-af58-b019a2f85885","bucket":"20270903-27ac-4eff-aadb-eccd85e9c4f0","key":"6fc9dbad-e976-4862-911c-a722089ca53c","dataSize":"0","replicationType":"RATIS","replicationFactor":"ONE","Transaction":"221"} | ret=SUCCESS |  
2025-10-20 19:50:15,857 | INFO  | OMAudit | user=runner | ip=127.0.0.1 | op=READ_VOLUME {"volume":"6184804d-401e-4dcf-af58-b019a2f85885"} | ret=SUCCESS |  
2025-10-20 19:50:15,858 | INFO  | OMAudit | user=runner | ip=127.0.0.1 | op=READ_BUCKET {"volume":"6184804d-401e-4dcf-af58-b019a2f85885","bucket":"20270903-27ac-4eff-aadb-eccd85e9c4f0"} | ret=SUCCESS |  
2025-10-20 19:50:15,861 | INFO  | OMAudit | user=runner | ip=127.0.0.1 | op=DELETE_KEY {"volume":"6184804d-401e-4dcf-af58-b019a2f85885","bucket":"20270903-27ac-4eff-aadb-eccd85e9c4f0","key":"6fc9dbad-e976-4862-911c-a722089ca53c","dataSize":"0","replicationConfig":"RATIS/ONE","Transaction":"222"} | ret=SUCCESS |  
2025-10-20 19:50:15,862 | INFO  | OMAudit | user=runner | ip=127.0.0.1 | op=READ_VOLUME {"volume":"6184804d-401e-4dcf-af58-b019a2f85885"} | ret=SUCCESS |  
2025-10-20 19:50:15,863 | INFO  | OMAudit | user=runner | ip=127.0.0.1 | op=READ_BUCKET {"volume":"6184804d-401e-4dcf-af58-b019a2f85885","bucket":"20270903-27ac-4eff-aadb-eccd85e9c4f0"} | ret=SUCCESS |  
2025-10-20 19:50:15,863 [ForkJoinPool-1-worker-1] INFO  rpc.RpcClient (RpcClient.java:createVolume(461)) - Creating Volume: dcf9e16a-b507-455c-a5d5-e032d372eb24, with runner as owner and space quota set to -1 bytes, counts quota set to -1
2025-10-20 19:50:15,865 [om1-OMStateMachineApplyTransactionThread - 0] INFO  volume.OMVolumeCreateRequest (OMVolumeCreateRequest.java:validateAndUpdateCache(213)) - created volume:dcf9e16a-b507-455c-a5d5-e032d372eb24 for user:runner
2025-10-20 19:50:15,865 | INFO  | OMAudit | user=runner | ip=127.0.0.1 | op=CREATE_VOLUME {"admin":"runner","owner":"runner","volume":"dcf9e16a-b507-455c-a5d5-e032d372eb24","creationTime":"1760989815864","modificationTime":"1760989815864","quotaInBytes":"-1","quotaInNamespace":"-1","usedNamespace":"0","objectID":"-9223372036854718720","updateID":"223","Transaction":"223"} | ret=SUCCESS |  
2025-10-20 19:50:15,866 | INFO  | OMAudit | user=runner | ip=127.0.0.1 | op=READ_VOLUME {"volume":"dcf9e16a-b507-455c-a5d5-e032d372eb24"} | ret=SUCCESS |  
2025-10-20 19:50:15,867 [ForkJoinPool-1-worker-1] INFO  rpc.RpcClient (RpcClient.java:createBucket(686)) - Creating Bucket: dcf9e16a-b507-455c-a5d5-e032d372eb24/3b8f9b29-0162-4569-8cc0-a60126d161af, with server-side default bucket layout, runner as owner, Versioning false, Storage Type set to DISK and Encryption set to false, Replication Type set to server-side default replication type, Namespace Quota set to -1, Space Quota set to -1 
2025-10-20 19:50:15,868 [om1-OMStateMachineApplyTransactionThread - 0] INFO  bucket.OMBucketCreateRequest (OMBucketCreateRequest.java:validateAndUpdateCache(303)) - created bucket: 3b8f9b29-0162-4569-8cc0-a60126d161af of layout FILE_SYSTEM_OPTIMIZED in volume: dcf9e16a-b507-455c-a5d5-e032d372eb24
2025-10-20 19:50:15,868 | INFO  | OMAudit | user=runner | ip=127.0.0.1 | op=CREATE_BUCKET {"volume":"dcf9e16a-b507-455c-a5d5-e032d372eb24","bucket":"3b8f9b29-0162-4569-8cc0-a60126d161af","bucketLayout":"FILE_SYSTEM_OPTIMIZED","gdprEnabled":null,"acls":"[user:runner:a[ACCESS], group:runner:rl[ACCESS]]","isVersionEnabled":"false","storageType":"DISK","creationTime":"1760989815867","bucketEncryptionKey":null,"modificationTime":"1760989815867","usedBytes":"0","usedNamespace":"0","snapshotUsedBytes":"0","snapshotUsedNamespace":"0","owner":"runner","replicationType":null,"replicationConfig":null,"quotaInBytes":"-1","quotaInNamespace":"-1","Transaction":"224"} | ret=SUCCESS |  
2025-10-20 19:50:15,869 | INFO  | OMAudit | user=runner | ip=127.0.0.1 | op=READ_BUCKET {"volume":"dcf9e16a-b507-455c-a5d5-e032d372eb24","bucket":"3b8f9b29-0162-4569-8cc0-a60126d161af"} | ret=SUCCESS |  
2025-10-20 19:50:15,870 | INFO  | OMAudit | user=runner | ip=127.0.0.1 | op=READ_BUCKET {"volume":"dcf9e16a-b507-455c-a5d5-e032d372eb24","bucket":"3b8f9b29-0162-4569-8cc0-a60126d161af"} | ret=SUCCESS |  
2025-10-20 19:50:15,871 | INFO  | SCMAudit | user=runner | ip=127.0.0.1 | op=ALLOCATE_BLOCK {"replication":"RATIS/ONE","owner":"omServiceIdDefault","size":"4194304","sampleBlocks":"[conID: 2 locID: 115816896921600068]","num":"1","client":"","allocated":"1"} | ret=SUCCESS |  
2025-10-20 19:50:15,874 | INFO  | OMAudit | user=runner | ip=127.0.0.1 | op=ALLOCATE_KEY {"volume":"dcf9e16a-b507-455c-a5d5-e032d372eb24","bucket":"3b8f9b29-0162-4569-8cc0-a60126d161af","key":"b5f12600-c222-44f7-9085-4daf8b73fbee","dataSize":"1","replicationType":"RATIS","replicationFactor":"ONE","Transaction":"225"} | ret=SUCCESS |  
2025-10-20 19:50:15,875 | INFO  | OMAudit | user=runner | ip=127.0.0.1 | op=READ_VOLUME {"volume":"dcf9e16a-b507-455c-a5d5-e032d372eb24"} | ret=SUCCESS |  
2025-10-20 19:50:15,877 | INFO  | OMAudit | user=runner | ip=127.0.0.1 | op=READ_BUCKET {"volume":"dcf9e16a-b507-455c-a5d5-e032d372eb24","bucket":"3b8f9b29-0162-4569-8cc0-a60126d161af"} | ret=SUCCESS |  
2025-10-20 19:50:15,885 | INFO  | OMAudit | user=runner | ip=127.0.0.1 | op=COMMIT_KEY {"volume":"dcf9e16a-b507-455c-a5d5-e032d372eb24","bucket":"3b8f9b29-0162-4569-8cc0-a60126d161af","key":"b5f12600-c222-44f7-9085-4daf8b73fbee","dataSize":"1","replicationType":"RATIS","replicationFactor":"ONE","Transaction":"226"} | ret=SUCCESS |  
2025-10-20 19:50:15,886 | INFO  | OMAudit | user=runner | ip=127.0.0.1 | op=READ_VOLUME {"volume":"dcf9e16a-b507-455c-a5d5-e032d372eb24"} | ret=SUCCESS |  
2025-10-20 19:50:15,887 | INFO  | OMAudit | user=runner | ip=127.0.0.1 | op=READ_BUCKET {"volume":"dcf9e16a-b507-455c-a5d5-e032d372eb24","bucket":"3b8f9b29-0162-4569-8cc0-a60126d161af"} | ret=SUCCESS |  
2025-10-20 19:50:15,888 | INFO  | OMAudit | user=runner | ip=127.0.0.1 | op=READ_BUCKET {"volume":"dcf9e16a-b507-455c-a5d5-e032d372eb24","bucket":"3b8f9b29-0162-4569-8cc0-a60126d161af"} | ret=SUCCESS |  
2025-10-20 19:50:15,889 | INFO  | SCMAudit | user=runner | ip=127.0.0.1 | op=ALLOCATE_BLOCK {"replication":"RATIS/ONE","owner":"omServiceIdDefault","size":"4194304","sampleBlocks":"[conID: 10 locID: 115816896921600069]","num":"1","client":"","allocated":"1"} | ret=SUCCESS |  
2025-10-20 19:50:15,891 | INFO  | OMAudit | user=runner | ip=127.0.0.1 | op=ALLOCATE_KEY {"volume":"dcf9e16a-b507-455c-a5d5-e032d372eb24","bucket":"3b8f9b29-0162-4569-8cc0-a60126d161af","key":"b5f12600-c222-44f7-9085-4daf8b73fbee","dataSize":"1","replicationType":"RATIS","replicationFactor":"ONE","Transaction":"227"} | ret=SUCCESS |  
2025-10-20 19:50:15,893 | INFO  | OMAudit | user=runner | ip=127.0.0.1 | op=READ_VOLUME {"volume":"dcf9e16a-b507-455c-a5d5-e032d372eb24"} | ret=SUCCESS |  
2025-10-20 19:50:15,894 | INFO  | OMAudit | user=runner | ip=127.0.0.1 | op=READ_BUCKET {"volume":"dcf9e16a-b507-455c-a5d5-e032d372eb24","bucket":"3b8f9b29-0162-4569-8cc0-a60126d161af"} | ret=SUCCESS |  
2025-10-20 19:50:15,902 | INFO  | OMAudit | user=runner | ip=127.0.0.1 | op=COMMIT_KEY {"volume":"dcf9e16a-b507-455c-a5d5-e032d372eb24","bucket":"3b8f9b29-0162-4569-8cc0-a60126d161af","key":"b5f12600-c222-44f7-9085-4daf8b73fbee","dataSize":"1","replicationType":"RATIS","replicationFactor":"ONE","Transaction":"228"} | ret=SUCCESS |  
2025-10-20 19:50:15,903 | INFO  | OMAudit | user=runner | ip=127.0.0.1 | op=READ_VOLUME {"volume":"dcf9e16a-b507-455c-a5d5-e032d372eb24"} | ret=SUCCESS |  
2025-10-20 19:50:15,904 | INFO  | OMAudit | user=runner | ip=127.0.0.1 | op=READ_BUCKET {"volume":"dcf9e16a-b507-455c-a5d5-e032d372eb24","bucket":"3b8f9b29-0162-4569-8cc0-a60126d161af"} | ret=SUCCESS |  
2025-10-20 19:50:15,924 | INFO  | SCMAudit | user=runner | ip=127.0.0.1 | op=SEND_HEARTBEAT {"datanodeUUID":"ef67b0a7-5b27-496d-9f38-ab804a28e500","term":"2","command":"[]"} | ret=SUCCESS |  
2025-10-20 19:50:15,967 | INFO  | SCMAudit | user=runner | ip=127.0.0.1 | op=SEND_HEARTBEAT {"datanodeUUID":"b614738c-cdff-4f09-bf59-ed5bb75d51be","term":"2","command":"[]"} | ret=SUCCESS |  
2025-10-20 19:50:16,027 | INFO  | SCMAudit | user=runner | ip=127.0.0.1 | op=SEND_HEARTBEAT {"datanodeUUID":"605be85e-a7f4-44d7-8cfd-f53001b990b0","term":"2","command":"[]"} | ret=SUCCESS |  
2025-10-20 19:50:16,136 [om1-KeyDeletingService#6] INFO  service.KeyDeletingService (KeyDeletingService.java:processKeyDeletes(151)) - Send 11 key(s) to SCM, first 10 keys: [PurgedKey{blockGroup=BlockGroup[groupID='/610191bf-f14c-4bd0-88bc-07c17f530866/843b0ca4-a2f2-44cd-a76c-1161b8b9eea8/rewriteKey/-9223372036854729984/0', blockIDs=[conID: 5 locID: 115816896921600060 bcsId: 0 replicaIndex: null]], volume='610191bf-f14c-4bd0-88bc-07c17f530866', bucket='843b0ca4-a2f2-44cd-a76c-1161b8b9eea8', bucketId=-9223372036854731008, purgedBytes=36, isCommittedKey=true, deleteKeyName='/610191bf-f14c-4bd0-88bc-07c17f530866/843b0ca4-a2f2-44cd-a76c-1161b8b9eea8/rewriteKey/-9223372036854729984'}, PurgedKey{blockGroup=BlockGroup[groupID='/c5643b80-c13e-46a0-bbea-25dabcf4e61a/157994ef-ae76-4436-889f-9c6f159cf2c0/rewriteFailsDueToOutdatedGenerationAtCommit/-9223372036854733312/0', blockIDs=[conID: 6 locID: 115816896921600055 bcsId: 0 replicaIndex: null]], volume='c5643b80-c13e-46a0-bbea-25dabcf4e61a', bucket='157994ef-ae76-4436-889f-9c6f159cf2c0', bucketId=-9223372036854734592, purgedBytes=36, isCommittedKey=true, deleteKeyName='/c5643b80-c13e-46a0-bbea-25dabcf4e61a/157994ef-ae76-4436-889f-9c6f159cf2c0/rewriteFailsDueToOutdatedGenerationAtCommit/-9223372036854733312'}, PurgedKey{blockGroup=BlockGroup[groupID='/e1989969-7f15-4f7b-a784-f2fcaafe729d/159881e9-0778-498a-847c-c2deb36eb69f/rewriteFailsDueToOutdatedGenerationAtCommit/-9223372036854737408/0', blockIDs=[conID: 5 locID: 115816896921600049 bcsId: 0 replicaIndex: null]], volume='e1989969-7f15-4f7b-a784-f2fcaafe729d', bucket='159881e9-0778-498a-847c-c2deb36eb69f', bucketId=-9223372036854738688, purgedBytes=36, isCommittedKey=true, deleteKeyName='/e1989969-7f15-4f7b-a784-f2fcaafe729d/159881e9-0778-498a-847c-c2deb36eb69f/rewriteFailsDueToOutdatedGenerationAtCommit/-9223372036854737408'}, PurgedKey{blockGroup=BlockGroup[groupID='/5821ec5b-b703-4130-a212-88ab64a8bbbf/9e13a716-da54-48a7-831c-1f24bd60f667/rewriteKey/-9223372036854731520/0', blockIDs=[conID: 3 locID: 115816896921600058 bcsId: 0 replicaIndex: null]], volume='5821ec5b-b703-4130-a212-88ab64a8bbbf', bucket='9e13a716-da54-48a7-831c-1f24bd60f667', bucketId=-9223372036854732544, purgedBytes=36, isCommittedKey=true, deleteKeyName='/5821ec5b-b703-4130-a212-88ab64a8bbbf/9e13a716-da54-48a7-831c-1f24bd60f667/rewriteKey/-9223372036854731520'}, PurgedKey{blockGroup=BlockGroup[groupID='/5f31995f-882f-41f5-b20d-11d48c55e3fc/90233c63-5319-42e8-8fa1-3256fa4516b0/afa968d9-aa63-4338-b851-8353394cf0b8/019a032c-2351-7a60-8791-3826d53b413d-115408228557324352/-9223372036854726655/0', blockIDs=[conID: 10 locID: 115816896921600064 bcsId: 0 replicaIndex: null]], volume='5f31995f-882f-41f5-b20d-11d48c55e3fc', bucket='90233c63-5319-42e8-8fa1-3256fa4516b0', bucketId=-9223372036854727168, purgedBytes=4, isCommittedKey=false, deleteKeyName='/5f31995f-882f-41f5-b20d-11d48c55e3fc/90233c63-5319-42e8-8fa1-3256fa4516b0/afa968d9-aa63-4338-b851-8353394cf0b8/019a032c-2351-7a60-8791-3826d53b413d-115408228557324352/-9223372036854726655'}, PurgedKey{blockGroup=BlockGroup[groupID='/bed8d4df-2991-4386-8a51-b8c8cd55c336/5d25fea7-8e65-4eb1-9ae4-d2ba1e1d1808/ece42bb4-0bd4-47dc-b76e-3094593d5be3/019a032c-2396-76bf-8e74-9d8476fd2a45-115408228561846339/-9223372036854723839/0', blockIDs=[conID: 2 locID: 115816896921600065 bcsId: 0 replicaIndex: null]], volume='bed8d4df-2991-4386-8a51-b8c8cd55c336', bucket='5d25fea7-8e65-4eb1-9ae4-d2ba1e1d1808', bucketId=-9223372036854724352, purgedBytes=4, isCommittedKey=false, deleteKeyName='/bed8d4df-2991-4386-8a51-b8c8cd55c336/5d25fea7-8e65-4eb1-9ae4-d2ba1e1d1808/ece42bb4-0bd4-47dc-b76e-3094593d5be3/019a032c-2396-76bf-8e74-9d8476fd2a45-115408228561846339/-9223372036854723839'}, PurgedKey{blockGroup=BlockGroup[groupID='/6184804d-401e-4dcf-af58-b019a2f85885/20270903-27ac-4eff-aadb-eccd85e9c4f0/6fc9dbad-e976-4862-911c-a722089ca53c/-9223372036854719744/0', blockIDs=[conID: 10 locID: 115816896921600066 bcsId: 0 replicaIndex: null]], volume='6184804d-401e-4dcf-af58-b019a2f85885', bucket='20270903-27ac-4eff-aadb-eccd85e9c4f0', bucketId=-9223372036854720256, purgedBytes=4194304, isCommittedKey=false, deleteKeyName='/6184804d-401e-4dcf-af58-b019a2f85885/20270903-27ac-4eff-aadb-eccd85e9c4f0/6fc9dbad-e976-4862-911c-a722089ca53c/-9223372036854719744'}, PurgedKey{blockGroup=BlockGroup[groupID='/be343710-2e2e-4be0-989d-8a7dc818e246/d28adee4-e215-4da2-b54a-64f23dc69ee7/rewriteFailsDueToOutdatedGenerationAtCommit/-9223372036854735360/0', blockIDs=[conID: 9 locID: 115816896921600052 bcsId: 0 replicaIndex: null]], volume='be343710-2e2e-4be0-989d-8a7dc818e246', bucket='d28adee4-e215-4da2-b54a-64f23dc69ee7', bucketId=-9223372036854736640, purgedBytes=36, isCommittedKey=true, deleteKeyName='/be343710-2e2e-4be0-989d-8a7dc818e246/d28adee4-e215-4da2-b54a-64f23dc69ee7/rewriteFailsDueToOutdatedGenerationAtCommit/-9223372036854735360'}, PurgedKey{blockGroup=BlockGroup[groupID='/6184804d-401e-4dcf-af58-b019a2f85885/20270903-27ac-4eff-aadb-eccd85e9c4f0/6fc9dbad-e976-4862-911c-a722089ca53c/-9223372036854719232/0', blockIDs=[conID: 7 locID: 115816896921600067 bcsId: 0 replicaIndex: null]], volume='6184804d-401e-4dcf-af58-b019a2f85885', bucket='20270903-27ac-4eff-aadb-eccd85e9c4f0', bucketId=-9223372036854720256, purgedBytes=4194304, isCommittedKey=false, deleteKeyName='/6184804d-401e-4dcf-af58-b019a2f85885/20270903-27ac-4eff-aadb-eccd85e9c4f0/6fc9dbad-e976-4862-911c-a722089ca53c/-9223372036854719232'}, PurgedKey{blockGroup=BlockGroup[groupID='/80b83998-cee6-451c-92c2-341743ce960b/cbd36447-5ce1-422e-9e28-023fa47badce/rewriteKey/-9223372036854728448/0', blockIDs=[conID: 7 locID: 115816896921600062 bcsId: 0 replicaIndex: null]], volume='80b83998-cee6-451c-92c2-341743ce960b', bucket='cbd36447-5ce1-422e-9e28-023fa47badce', bucketId=-9223372036854729472, purgedBytes=36, isCommittedKey=true, deleteKeyName='/80b83998-cee6-451c-92c2-341743ce960b/cbd36447-5ce1-422e-9e28-023fa47badce/rewriteKey/-9223372036854728448'}]
2025-10-20 19:50:16,139 | INFO  | SCMAudit | user=runner | ip=127.0.0.1 | op=DELETE_KEY_BLOCK {"KeyBlockToDelete":"[BlockGroup[groupID='/610191bf-f14c-4bd0-88bc-07c17f530866/843b0ca4-a2f2-44cd-a76c-1161b8b9eea8/rewriteKey/-9223372036854729984/0', blockIDs=[conID: 5 locID: 115816896921600060 bcsId: 0 replicaIndex: null]], BlockGroup[groupID='/c5643b80-c13e-46a0-bbea-25dabcf4e61a/157994ef-ae76-4436-889f-9c6f159cf2c0/rewriteFailsDueToOutdatedGenerationAtCommit/-9223372036854733312/0', blockIDs=[conID: 6 locID: 115816896921600055 bcsId: 0 replicaIndex: null]], BlockGroup[groupID='/5821ec5b-b703-4130-a212-88ab64a8bbbf/9e13a716-da54-48a7-831c-1f24bd60f667/rewriteKey/-9223372036854731520/0', blockIDs=[conID: 3 locID: 115816896921600058 bcsId: 0 replicaIndex: null]], BlockGroup[groupID='/be343710-2e2e-4be0-989d-8a7dc818e246/d28adee4-e215-4da2-b54a-64f23dc69ee7/rewriteFailsDueToOutdatedGenerationAtCommit/-9223372036854735360/0', blockIDs=[conID: 9 locID: 115816896921600052 bcsId: 0 replicaIndex: null]], BlockGroup[groupID='/80b83998-cee6-451c-92c2-341743ce960b/cbd36447-5ce1-422e-9e28-023fa47badce/rewriteKey/-9223372036854728448/0', blockIDs=[conID: 7 locID: 115816896921600062 bcsId: 0 replicaIndex: null]], BlockGroup[groupID='/5f31995f-882f-41f5-b20d-11d48c55e3fc/90233c63-5319-42e8-8fa1-3256fa4516b0/afa968d9-aa63-4338-b851-8353394cf0b8/019a032c-2351-7a60-8791-3826d53b413d-115408228557324352/-9223372036854726655/0', blockIDs=[conID: 10 locID: 115816896921600064 bcsId: 0 replicaIndex: null]], BlockGroup[groupID='/6184804d-401e-4dcf-af58-b019a2f85885/20270903-27ac-4eff-aadb-eccd85e9c4f0/6fc9dbad-e976-4862-911c-a722089ca53c/-9223372036854719232/0', blockIDs=[conID: 7 locID: 115816896921600067 bcsId: 0 replicaIndex: null]], BlockGroup[groupID='/e1989969-7f15-4f7b-a784-f2fcaafe729d/159881e9-0778-498a-847c-c2deb36eb69f/rewriteFailsDueToOutdatedGenerationAtCommit/-9223372036854737408/0', blockIDs=[conID: 5 locID: 115816896921600049 bcsId: 0 replicaIndex: null]], BlockGroup[groupID='/6184804d-401e-4dcf-af58-b019a2f85885/20270903-27ac-4eff-aadb-eccd85e9c4f0/6fc9dbad-e976-4862-911c-a722089ca53c/-9223372036854719744/0', blockIDs=[conID: 10 locID: 115816896921600066 bcsId: 0 replicaIndex: null]], BlockGroup[groupID='/bed8d4df-2991-4386-8a51-b8c8cd55c336/5d25fea7-8e65-4eb1-9ae4-d2ba1e1d1808/ece42bb4-0bd4-47dc-b76e-3094593d5be3/019a032c-2396-76bf-8e74-9d8476fd2a45-115408228561846339/-9223372036854723839/0', blockIDs=[conID: 2 locID: 115816896921600065 bcsId: 0 replicaIndex: null]], BlockGroup[groupID='/dcf9e16a-b507-455c-a5d5-e032d372eb24/3b8f9b29-0162-4569-8cc0-a60126d161af/b5f12600-c222-44f7-9085-4daf8b73fbee/-9223372036854717440/0', blockIDs=[conID: 2 locID: 115816896921600068 bcsId: 0 replicaIndex: null]]]"} | ret=SUCCESS |  
2025-10-20 19:50:16,140 [om1-KeyDeletingService#6] INFO  service.KeyDeletingService (KeyDeletingService.java:processKeyDeletes(158)) - 11 BlockGroup deletion are acked by SCM in 4 ms
2025-10-20 19:50:16,142 | INFO  | SCMAudit | user=runner | ip=127.0.0.1 | op=SEND_HEARTBEAT {"datanodeUUID":"d7d8cf72-b9f6-4979-9c53-007dd6e6e48a","term":"2","command":"[]"} | ret=SUCCESS |  
2025-10-20 19:50:16,142 [om1-KeyDeletingService#6] INFO  service.KeyDeletingService (KeyDeletingService.java:processKeyDeletes(166)) - Blocks for 11 (out of 11) keys are deleted from DB in 2 ms. Limit per task is 50000.
2025-10-20 19:50:16,160 | INFO  | SCMAudit | user=runner | ip=127.0.0.1 | op=SEND_HEARTBEAT {"datanodeUUID":"4f2bb3f5-0e03-4f1b-bb4c-79c91b98c7da","term":"2","command":"[]"} | ret=SUCCESS |  
2025-10-20 19:50:16,186 | INFO  | SCMAudit | user=runner | ip=127.0.0.1 | op=SEND_HEARTBEAT {"datanodeUUID":"feb39a1c-80cb-4714-ab06-a361236e3029","term":"2","command":"[]"} | ret=SUCCESS |  
2025-10-20 19:50:16,245 | INFO  | SCMAudit | user=runner | ip=127.0.0.1 | op=SEND_HEARTBEAT {"datanodeUUID":"33f74daf-be7a-4306-b2af-53e409c4cb93","term":"2","command":"[]"} | ret=SUCCESS |  
2025-10-20 19:50:16,284 | INFO  | SCMAudit | user=runner | ip=127.0.0.1 | op=SEND_HEARTBEAT {"datanodeUUID":"c90bff1f-5a1f-42c6-8fca-9533d718c79a","term":"2","command":"[]"} | ret=SUCCESS |  
2025-10-20 19:50:16,339 | INFO  | SCMAudit | user=runner | ip=127.0.0.1 | op=SEND_HEARTBEAT {"datanodeUUID":"38991c48-ffb3-4453-b758-77d6b4ebc62b","term":"2","command":"[]"} | ret=SUCCESS |  
2025-10-20 19:50:16,376 | INFO  | SCMAudit | user=runner | ip=127.0.0.1 | op=SEND_HEARTBEAT {"datanodeUUID":"cc7fbe85-1d98-437b-84f9-04213fee10f0","term":"2","command":"[]"} | ret=SUCCESS |  
2025-10-20 19:50:16,525 | INFO  | SCMAudit | user=runner | ip=127.0.0.1 | op=SEND_HEARTBEAT {"datanodeUUID":"af0e5da1-57af-45e9-9aca-fa0798d05628","term":"2","command":"[]"} | ret=SUCCESS |  
2025-10-20 19:50:16,640 | INFO  | SCMAudit | user=runner | ip=127.0.0.1 | op=SEND_HEARTBEAT {"datanodeUUID":"7bb0e7f0-2b36-4ec0-8a09-ceac75d91a36","term":"2","command":"[]"} | ret=SUCCESS |  
2025-10-20 19:50:16,698 | INFO  | SCMAudit | user=runner | ip=127.0.0.1 | op=SEND_HEARTBEAT {"datanodeUUID":"361055de-215b-4c6c-94c2-be1c1da118d1","term":"2","command":"[]"} | ret=SUCCESS |  
2025-10-20 19:50:16,762 | INFO  | SCMAudit | user=runner | ip=127.0.0.1 | op=SEND_HEARTBEAT {"datanodeUUID":"e05592a5-d00f-4fc1-9e39-a968c1ecb04e","term":"2","command":"[]"} | ret=SUCCESS |  
2025-10-20 19:50:16,906 | INFO  | OMAudit | user=runner | ip=127.0.0.1 | op=READ_VOLUME {"volume":"dcf9e16a-b507-455c-a5d5-e032d372eb24"} | ret=SUCCESS |  
2025-10-20 19:50:16,907 | INFO  | OMAudit | user=runner | ip=127.0.0.1 | op=READ_BUCKET {"volume":"dcf9e16a-b507-455c-a5d5-e032d372eb24","bucket":"3b8f9b29-0162-4569-8cc0-a60126d161af"} | ret=SUCCESS |  
2025-10-20 19:50:16,911 | INFO  | OMAudit | user=runner | ip=127.0.0.1 | op=DELETE_KEY {"volume":"dcf9e16a-b507-455c-a5d5-e032d372eb24","bucket":"3b8f9b29-0162-4569-8cc0-a60126d161af","key":"b5f12600-c222-44f7-9085-4daf8b73fbee","dataSize":"1","replicationConfig":"RATIS/ONE","Transaction":"230"} | ret=SUCCESS |  
2025-10-20 19:50:16,912 | INFO  | OMAudit | user=runner | ip=127.0.0.1 | op=READ_VOLUME {"volume":"dcf9e16a-b507-455c-a5d5-e032d372eb24"} | ret=SUCCESS |  
2025-10-20 19:50:16,913 | INFO  | OMAudit | user=runner | ip=127.0.0.1 | op=READ_BUCKET {"volume":"dcf9e16a-b507-455c-a5d5-e032d372eb24","bucket":"3b8f9b29-0162-4569-8cc0-a60126d161af"} | ret=SUCCESS |  
2025-10-20 19:50:16,925 | INFO  | SCMAudit | user=runner | ip=127.0.0.1 | op=SEND_HEARTBEAT {"datanodeUUID":"ef67b0a7-5b27-496d-9f38-ab804a28e500","term":"2","command":"[]"} | ret=SUCCESS |  
2025-10-20 19:50:16,967 | INFO  | SCMAudit | user=runner | ip=127.0.0.1 | op=SEND_HEARTBEAT {"datanodeUUID":"b614738c-cdff-4f09-bf59-ed5bb75d51be","term":"2","command":"[]"} | ret=SUCCESS |  
2025-10-20 19:50:17,028 | INFO  | SCMAudit | user=runner | ip=127.0.0.1 | op=SEND_HEARTBEAT {"datanodeUUID":"605be85e-a7f4-44d7-8cfd-f53001b990b0","term":"2","command":"[]"} | ret=SUCCESS |  
2025-10-20 19:50:17,135 [om1-KeyDeletingService#0] INFO  service.KeyDeletingService (KeyDeletingService.java:processKeyDeletes(151)) - Send 1 key(s) to SCM, first 1 keys: [PurgedKey{blockGroup=BlockGroup[groupID='/dcf9e16a-b507-455c-a5d5-e032d372eb24/3b8f9b29-0162-4569-8cc0-a60126d161af/b5f12600-c222-44f7-9085-4daf8b73fbee/-9223372036854718207/0', blockIDs=[conID: 10 locID: 115816896921600069 bcsId: 0 replicaIndex: null]], volume='dcf9e16a-b507-455c-a5d5-e032d372eb24', bucket='3b8f9b29-0162-4569-8cc0-a60126d161af', bucketId=-9223372036854718464, purgedBytes=1, isCommittedKey=true, deleteKeyName='/dcf9e16a-b507-455c-a5d5-e032d372eb24/3b8f9b29-0162-4569-8cc0-a60126d161af/b5f12600-c222-44f7-9085-4daf8b73fbee/-9223372036854718207'}]
2025-10-20 19:50:17,137 | INFO  | SCMAudit | user=runner | ip=127.0.0.1 | op=DELETE_KEY_BLOCK {"KeyBlockToDelete":"[BlockGroup[groupID='/dcf9e16a-b507-455c-a5d5-e032d372eb24/3b8f9b29-0162-4569-8cc0-a60126d161af/b5f12600-c222-44f7-9085-4daf8b73fbee/-9223372036854718207/0', blockIDs=[conID: 10 locID: 115816896921600069 bcsId: 0 replicaIndex: null]]]"} | ret=SUCCESS |  
2025-10-20 19:50:17,138 [om1-KeyDeletingService#0] INFO  service.KeyDeletingService (KeyDeletingService.java:processKeyDeletes(158)) - 1 BlockGroup deletion are acked by SCM in 3 ms
2025-10-20 19:50:17,140 [om1-KeyDeletingService#0] INFO  service.KeyDeletingService (KeyDeletingService.java:processKeyDeletes(166)) - Blocks for 1 (out of 1) keys are deleted from DB in 2 ms. Limit per task is 50000.
2025-10-20 19:50:17,141 | INFO  | SCMAudit | user=runner | ip=127.0.0.1 | op=SEND_HEARTBEAT {"datanodeUUID":"d7d8cf72-b9f6-4979-9c53-007dd6e6e48a","term":"2","command":"[]"} | ret=SUCCESS |  
2025-10-20 19:50:17,161 | INFO  | SCMAudit | user=runner | ip=127.0.0.1 | op=SEND_HEARTBEAT {"datanodeUUID":"4f2bb3f5-0e03-4f1b-bb4c-79c91b98c7da","term":"2","command":"[]"} | ret=SUCCESS |  
2025-10-20 19:50:17,185 | INFO  | SCMAudit | user=runner | ip=127.0.0.1 | op=SEND_HEARTBEAT {"datanodeUUID":"feb39a1c-80cb-4714-ab06-a361236e3029","term":"2","command":"[]"} | ret=SUCCESS |  
2025-10-20 19:50:17,244 | INFO  | SCMAudit | user=runner | ip=127.0.0.1 | op=SEND_HEARTBEAT {"datanodeUUID":"33f74daf-be7a-4306-b2af-53e409c4cb93","term":"2","command":"[]"} | ret=SUCCESS |  
2025-10-20 19:50:17,285 | INFO  | SCMAudit | user=runner | ip=127.0.0.1 | op=SEND_HEARTBEAT {"datanodeUUID":"c90bff1f-5a1f-42c6-8fca-9533d718c79a","term":"2","command":"[]"} | ret=SUCCESS |  
2025-10-20 19:50:17,340 | INFO  | SCMAudit | user=runner | ip=127.0.0.1 | op=SEND_HEARTBEAT {"datanodeUUID":"38991c48-ffb3-4453-b758-77d6b4ebc62b","term":"2","command":"[]"} | ret=SUCCESS |  
2025-10-20 19:50:17,375 | INFO  | SCMAudit | user=runner | ip=127.0.0.1 | op=SEND_HEARTBEAT {"datanodeUUID":"cc7fbe85-1d98-437b-84f9-04213fee10f0","term":"2","command":"[]"} | ret=SUCCESS |  
2025-10-20 19:50:17,525 | INFO  | SCMAudit | user=runner | ip=127.0.0.1 | op=SEND_HEARTBEAT {"datanodeUUID":"af0e5da1-57af-45e9-9aca-fa0798d05628","term":"2","command":"[]"} | ret=SUCCESS |  
2025-10-20 19:50:17,641 | INFO  | SCMAudit | user=runner | ip=127.0.0.1 | op=SEND_HEARTBEAT {"datanodeUUID":"7bb0e7f0-2b36-4ec0-8a09-ceac75d91a36","term":"2","command":"[]"} | ret=SUCCESS |  
2025-10-20 19:50:17,699 | INFO  | SCMAudit | user=runner | ip=127.0.0.1 | op=SEND_HEARTBEAT {"datanodeUUID":"361055de-215b-4c6c-94c2-be1c1da118d1","term":"2","command":"[]"} | ret=SUCCESS |  
2025-10-20 19:50:17,762 | INFO  | SCMAudit | user=runner | ip=127.0.0.1 | op=SEND_HEARTBEAT {"datanodeUUID":"e05592a5-d00f-4fc1-9e39-a968c1ecb04e","term":"2","command":"[]"} | ret=SUCCESS |  
2025-10-20 19:50:17,915 | INFO  | OMAudit | user=runner | ip=127.0.0.1 | op=READ_VOLUME {"volume":"dcf9e16a-b507-455c-a5d5-e032d372eb24"} | ret=SUCCESS |  
2025-10-20 19:50:17,916 | INFO  | OMAudit | user=runner | ip=127.0.0.1 | op=READ_BUCKET {"volume":"dcf9e16a-b507-455c-a5d5-e032d372eb24","bucket":"3b8f9b29-0162-4569-8cc0-a60126d161af"} | ret=SUCCESS |  
2025-10-20 19:50:17,917 [ForkJoinPool-1-worker-1] INFO  rpc.RpcClient (RpcClient.java:createVolume(461)) - Creating Volume: fbf30b7f-e8e5-4380-9548-2469005cedb2, with runner as owner and space quota set to -1 bytes, counts quota set to -1
2025-10-20 19:50:17,919 [om1-OMStateMachineApplyTransactionThread - 0] INFO  volume.OMVolumeCreateRequest (OMVolumeCreateRequest.java:validateAndUpdateCache(213)) - created volume:fbf30b7f-e8e5-4380-9548-2469005cedb2 for user:runner
2025-10-20 19:50:17,919 | INFO  | OMAudit | user=runner | ip=127.0.0.1 | op=CREATE_VOLUME {"admin":"runner","owner":"runner","volume":"fbf30b7f-e8e5-4380-9548-2469005cedb2","creationTime":"1760989817918","modificationTime":"1760989817918","quotaInBytes":"-1","quotaInNamespace":"-1","usedNamespace":"0","objectID":"-9223372036854716416","updateID":"232","Transaction":"232"} | ret=SUCCESS |  
2025-10-20 19:50:17,920 | INFO  | OMAudit | user=runner | ip=127.0.0.1 | op=READ_VOLUME {"volume":"fbf30b7f-e8e5-4380-9548-2469005cedb2"} | ret=SUCCESS |  
2025-10-20 19:50:17,921 [ForkJoinPool-1-worker-1] INFO  rpc.RpcClient (RpcClient.java:createBucket(686)) - Creating Bucket: fbf30b7f-e8e5-4380-9548-2469005cedb2/30ecbe8b-060f-41dd-8511-4b830d5a0ae5, with server-side default bucket layout, runner as owner, Versioning false, Storage Type set to DISK and Encryption set to false, Replication Type set to server-side default replication type, Namespace Quota set to -1, Space Quota set to -1 
2025-10-20 19:50:17,923 [om1-OMStateMachineApplyTransactionThread - 0] INFO  bucket.OMBucketCreateRequest (OMBucketCreateRequest.java:validateAndUpdateCache(303)) - created bucket: 30ecbe8b-060f-41dd-8511-4b830d5a0ae5 of layout FILE_SYSTEM_OPTIMIZED in volume: fbf30b7f-e8e5-4380-9548-2469005cedb2
2025-10-20 19:50:17,923 | INFO  | OMAudit | user=runner | ip=127.0.0.1 | op=CREATE_BUCKET {"volume":"fbf30b7f-e8e5-4380-9548-2469005cedb2","bucket":"30ecbe8b-060f-41dd-8511-4b830d5a0ae5","bucketLayout":"FILE_SYSTEM_OPTIMIZED","gdprEnabled":null,"acls":"[user:runner:a[ACCESS], group:runner:rl[ACCESS]]","isVersionEnabled":"false","storageType":"DISK","creationTime":"1760989817922","bucketEncryptionKey":null,"modificationTime":"1760989817922","usedBytes":"0","usedNamespace":"0","snapshotUsedBytes":"0","snapshotUsedNamespace":"0","owner":"runner","replicationType":null,"replicationConfig":null,"quotaInBytes":"-1","quotaInNamespace":"-1","Transaction":"233"} | ret=SUCCESS |  
2025-10-20 19:50:17,924 | INFO  | SCMAudit | user=runner | ip=127.0.0.1 | op=SEND_HEARTBEAT {"datanodeUUID":"ef67b0a7-5b27-496d-9f38-ab804a28e500","term":"2","command":"[]"} | ret=SUCCESS |  
2025-10-20 19:50:17,924 | INFO  | OMAudit | user=runner | ip=127.0.0.1 | op=READ_BUCKET {"volume":"fbf30b7f-e8e5-4380-9548-2469005cedb2","bucket":"30ecbe8b-060f-41dd-8511-4b830d5a0ae5"} | ret=SUCCESS |  
2025-10-20 19:50:17,925 | INFO  | OMAudit | user=runner | ip=127.0.0.1 | op=READ_BUCKET {"volume":"fbf30b7f-e8e5-4380-9548-2469005cedb2","bucket":"30ecbe8b-060f-41dd-8511-4b830d5a0ae5"} | ret=SUCCESS |  
2025-10-20 19:50:17,926 | INFO  | SCMAudit | user=runner | ip=127.0.0.1 | op=ALLOCATE_BLOCK {"replication":"RATIS/ONE","owner":"omServiceIdDefault","size":"4194304","sampleBlocks":"[conID: 9 locID: 115816896921600070]","num":"1","client":"","allocated":"1"} | ret=SUCCESS |  
2025-10-20 19:50:17,929 | INFO  | OMAudit | user=runner | ip=127.0.0.1 | op=ALLOCATE_KEY {"volume":"fbf30b7f-e8e5-4380-9548-2469005cedb2","bucket":"30ecbe8b-060f-41dd-8511-4b830d5a0ae5","key":"0acfdcab-d5cc-43f8-9f12-af7139177fd3","dataSize":"4194304","replicationType":"RATIS","replicationFactor":"ONE","Transaction":"234"} | ret=SUCCESS |  
2025-10-20 19:50:17,931 | INFO  | OMAudit | user=runner | ip=127.0.0.1 | op=READ_VOLUME {"volume":"fbf30b7f-e8e5-4380-9548-2469005cedb2"} | ret=SUCCESS |  
2025-10-20 19:50:17,932 | INFO  | OMAudit | user=runner | ip=127.0.0.1 | op=READ_BUCKET {"volume":"fbf30b7f-e8e5-4380-9548-2469005cedb2","bucket":"30ecbe8b-060f-41dd-8511-4b830d5a0ae5"} | ret=SUCCESS |  
2025-10-20 19:50:17,967 | INFO  | SCMAudit | user=runner | ip=127.0.0.1 | op=SEND_HEARTBEAT {"datanodeUUID":"b614738c-cdff-4f09-bf59-ed5bb75d51be","term":"2","command":"[]"} | ret=SUCCESS |  
2025-10-20 19:50:17,974 | INFO  | OMAudit | user=runner | ip=127.0.0.1 | op=COMMIT_KEY {"volume":"fbf30b7f-e8e5-4380-9548-2469005cedb2","bucket":"30ecbe8b-060f-41dd-8511-4b830d5a0ae5","key":"0acfdcab-d5cc-43f8-9f12-af7139177fd3","dataSize":"4194304","replicationType":"RATIS","replicationFactor":"ONE","Transaction":"235"} | ret=SUCCESS |  
2025-10-20 19:50:17,975 | INFO  | OMAudit | user=runner | ip=127.0.0.1 | op=READ_VOLUME {"volume":"fbf30b7f-e8e5-4380-9548-2469005cedb2"} | ret=SUCCESS |  
2025-10-20 19:50:17,976 | INFO  | OMAudit | user=runner | ip=127.0.0.1 | op=READ_BUCKET {"volume":"fbf30b7f-e8e5-4380-9548-2469005cedb2","bucket":"30ecbe8b-060f-41dd-8511-4b830d5a0ae5"} | ret=SUCCESS |  
2025-10-20 19:50:17,978 | INFO  | OMAudit | user=runner | ip=127.0.0.1 | op=READ_BUCKET {"volume":"fbf30b7f-e8e5-4380-9548-2469005cedb2","bucket":"30ecbe8b-060f-41dd-8511-4b830d5a0ae5"} | ret=SUCCESS |  
2025-10-20 19:50:17,979 | INFO  | SCMAudit | user=runner | ip=127.0.0.1 | op=ALLOCATE_BLOCK {"replication":"RATIS/ONE","owner":"omServiceIdDefault","size":"4194304","sampleBlocks":"[conID: 1 locID: 115816896921600071]","num":"1","client":"","allocated":"1"} | ret=SUCCESS |  
2025-10-20 19:50:17,982 | INFO  | OMAudit | user=runner | ip=127.0.0.1 | op=ALLOCATE_KEY {"volume":"fbf30b7f-e8e5-4380-9548-2469005cedb2","bucket":"30ecbe8b-060f-41dd-8511-4b830d5a0ae5","key":"0acfdcab-d5cc-43f8-9f12-af7139177fd3","dataSize":"4194304","replicationType":"RATIS","replicationFactor":"ONE","Transaction":"236"} | ret=SUCCESS |  
2025-10-20 19:50:17,984 | INFO  | OMAudit | user=runner | ip=127.0.0.1 | op=READ_VOLUME {"volume":"fbf30b7f-e8e5-4380-9548-2469005cedb2"} | ret=SUCCESS |  
2025-10-20 19:50:17,984 | INFO  | OMAudit | user=runner | ip=127.0.0.1 | op=READ_BUCKET {"volume":"fbf30b7f-e8e5-4380-9548-2469005cedb2","bucket":"30ecbe8b-060f-41dd-8511-4b830d5a0ae5"} | ret=SUCCESS |  
2025-10-20 19:50:18,013 | INFO  | OMAudit | user=runner | ip=127.0.0.1 | op=COMMIT_KEY {"volume":"fbf30b7f-e8e5-4380-9548-2469005cedb2","bucket":"30ecbe8b-060f-41dd-8511-4b830d5a0ae5","key":"0acfdcab-d5cc-43f8-9f12-af7139177fd3","dataSize":"4194304","replicationType":"RATIS","replicationFactor":"ONE","Transaction":"237"} | ret=SUCCESS |  
2025-10-20 19:50:18,016 | INFO  | OMAudit | user=runner | ip=127.0.0.1 | op=READ_VOLUME {"volume":"fbf30b7f-e8e5-4380-9548-2469005cedb2"} | ret=SUCCESS |  
2025-10-20 19:50:18,017 | INFO  | OMAudit | user=runner | ip=127.0.0.1 | op=READ_BUCKET {"volume":"fbf30b7f-e8e5-4380-9548-2469005cedb2","bucket":"30ecbe8b-060f-41dd-8511-4b830d5a0ae5"} | ret=SUCCESS |  
2025-10-20 19:50:18,027 | INFO  | SCMAudit | user=runner | ip=127.0.0.1 | op=SEND_HEARTBEAT {"datanodeUUID":"605be85e-a7f4-44d7-8cfd-f53001b990b0","term":"2","command":"[]"} | ret=SUCCESS |  
2025-10-20 19:50:18,135 [om1-KeyDeletingService#5] INFO  service.KeyDeletingService (KeyDeletingService.java:processKeyDeletes(151)) - Send 1 key(s) to SCM, first 1 keys: [PurgedKey{blockGroup=BlockGroup[groupID='/fbf30b7f-e8e5-4380-9548-2469005cedb2/30ecbe8b-060f-41dd-8511-4b830d5a0ae5/0acfdcab-d5cc-43f8-9f12-af7139177fd3/-9223372036854715136/0', blockIDs=[conID: 9 locID: 115816896921600070 bcsId: 0 replicaIndex: null]], volume='fbf30b7f-e8e5-4380-9548-2469005cedb2', bucket='30ecbe8b-060f-41dd-8511-4b830d5a0ae5', bucketId=-9223372036854716160, purgedBytes=4194304, isCommittedKey=true, deleteKeyName='/fbf30b7f-e8e5-4380-9548-2469005cedb2/30ecbe8b-060f-41dd-8511-4b830d5a0ae5/0acfdcab-d5cc-43f8-9f12-af7139177fd3/-9223372036854715136'}]
2025-10-20 19:50:18,137 | INFO  | SCMAudit | user=runner | ip=127.0.0.1 | op=DELETE_KEY_BLOCK {"KeyBlockToDelete":"[BlockGroup[groupID='/fbf30b7f-e8e5-4380-9548-2469005cedb2/30ecbe8b-060f-41dd-8511-4b830d5a0ae5/0acfdcab-d5cc-43f8-9f12-af7139177fd3/-9223372036854715136/0', blockIDs=[conID: 9 locID: 115816896921600070 bcsId: 0 replicaIndex: null]]]"} | ret=SUCCESS |  
2025-10-20 19:50:18,138 [om1-KeyDeletingService#5] INFO  service.KeyDeletingService (KeyDeletingService.java:processKeyDeletes(158)) - 1 BlockGroup deletion are acked by SCM in 3 ms
2025-10-20 19:50:18,139 [om1-KeyDeletingService#5] INFO  service.KeyDeletingService (KeyDeletingService.java:processKeyDeletes(166)) - Blocks for 1 (out of 1) keys are deleted from DB in 2 ms. Limit per task is 50000.
2025-10-20 19:50:18,142 | INFO  | SCMAudit | user=runner | ip=127.0.0.1 | op=SEND_HEARTBEAT {"datanodeUUID":"d7d8cf72-b9f6-4979-9c53-007dd6e6e48a","term":"2","command":"[]"} | ret=SUCCESS |  
2025-10-20 19:50:18,160 | INFO  | SCMAudit | user=runner | ip=127.0.0.1 | op=SEND_HEARTBEAT {"datanodeUUID":"4f2bb3f5-0e03-4f1b-bb4c-79c91b98c7da","term":"2","command":"[]"} | ret=SUCCESS |  
2025-10-20 19:50:18,186 | INFO  | SCMAudit | user=runner | ip=127.0.0.1 | op=SEND_HEARTBEAT {"datanodeUUID":"feb39a1c-80cb-4714-ab06-a361236e3029","term":"2","command":"[]"} | ret=SUCCESS |  
2025-10-20 19:50:18,244 | INFO  | SCMAudit | user=runner | ip=127.0.0.1 | op=SEND_HEARTBEAT {"datanodeUUID":"33f74daf-be7a-4306-b2af-53e409c4cb93","term":"2","command":"[]"} | ret=SUCCESS |  
2025-10-20 19:50:18,284 | INFO  | SCMAudit | user=runner | ip=127.0.0.1 | op=SEND_HEARTBEAT {"datanodeUUID":"c90bff1f-5a1f-42c6-8fca-9533d718c79a","term":"2","command":"[]"} | ret=SUCCESS |  
2025-10-20 19:50:18,340 | INFO  | SCMAudit | user=runner | ip=127.0.0.1 | op=SEND_HEARTBEAT {"datanodeUUID":"38991c48-ffb3-4453-b758-77d6b4ebc62b","term":"2","command":"[]"} | ret=SUCCESS |  
2025-10-20 19:50:18,375 | INFO  | SCMAudit | user=runner | ip=127.0.0.1 | op=SEND_HEARTBEAT {"datanodeUUID":"cc7fbe85-1d98-437b-84f9-04213fee10f0","term":"2","command":"[]"} | ret=SUCCESS |  
2025-10-20 19:50:18,526 | INFO  | SCMAudit | user=runner | ip=127.0.0.1 | op=SEND_HEARTBEAT {"datanodeUUID":"af0e5da1-57af-45e9-9aca-fa0798d05628","term":"2","command":"[]"} | ret=SUCCESS |  
2025-10-20 19:50:18,640 | INFO  | SCMAudit | user=runner | ip=127.0.0.1 | op=SEND_HEARTBEAT {"datanodeUUID":"7bb0e7f0-2b36-4ec0-8a09-ceac75d91a36","term":"2","command":"[]"} | ret=SUCCESS |  
2025-10-20 19:50:18,699 | INFO  | SCMAudit | user=runner | ip=127.0.0.1 | op=SEND_HEARTBEAT {"datanodeUUID":"361055de-215b-4c6c-94c2-be1c1da118d1","term":"2","command":"[]"} | ret=SUCCESS |  
2025-10-20 19:50:18,763 | INFO  | SCMAudit | user=runner | ip=127.0.0.1 | op=SEND_HEARTBEAT {"datanodeUUID":"e05592a5-d00f-4fc1-9e39-a968c1ecb04e","term":"2","command":"[]"} | ret=SUCCESS |  
2025-10-20 19:50:18,924 | INFO  | SCMAudit | user=runner | ip=127.0.0.1 | op=SEND_HEARTBEAT {"datanodeUUID":"ef67b0a7-5b27-496d-9f38-ab804a28e500","term":"2","command":"[]"} | ret=SUCCESS |  
2025-10-20 19:50:18,968 | INFO  | SCMAudit | user=runner | ip=127.0.0.1 | op=SEND_HEARTBEAT {"datanodeUUID":"b614738c-cdff-4f09-bf59-ed5bb75d51be","term":"2","command":"[]"} | ret=SUCCESS |  
2025-10-20 19:50:19,018 | INFO  | OMAudit | user=runner | ip=127.0.0.1 | op=READ_VOLUME {"volume":"fbf30b7f-e8e5-4380-9548-2469005cedb2"} | ret=SUCCESS |  
2025-10-20 19:50:19,020 | INFO  | OMAudit | user=runner | ip=127.0.0.1 | op=READ_BUCKET {"volume":"fbf30b7f-e8e5-4380-9548-2469005cedb2","bucket":"30ecbe8b-060f-41dd-8511-4b830d5a0ae5"} | ret=SUCCESS |  
2025-10-20 19:50:19,023 | INFO  | OMAudit | user=runner | ip=127.0.0.1 | op=DELETE_KEY {"volume":"fbf30b7f-e8e5-4380-9548-2469005cedb2","bucket":"30ecbe8b-060f-41dd-8511-4b830d5a0ae5","key":"0acfdcab-d5cc-43f8-9f12-af7139177fd3","dataSize":"4194304","replicationConfig":"RATIS/ONE","Transaction":"239"} | ret=SUCCESS |  
2025-10-20 19:50:19,024 | INFO  | OMAudit | user=runner | ip=127.0.0.1 | op=READ_VOLUME {"volume":"fbf30b7f-e8e5-4380-9548-2469005cedb2"} | ret=SUCCESS |  
2025-10-20 19:50:19,025 | INFO  | OMAudit | user=runner | ip=127.0.0.1 | op=READ_BUCKET {"volume":"fbf30b7f-e8e5-4380-9548-2469005cedb2","bucket":"30ecbe8b-060f-41dd-8511-4b830d5a0ae5"} | ret=SUCCESS |  
2025-10-20 19:50:19,027 | INFO  | SCMAudit | user=runner | ip=127.0.0.1 | op=SEND_HEARTBEAT {"datanodeUUID":"605be85e-a7f4-44d7-8cfd-f53001b990b0","term":"2","command":"[]"} | ret=SUCCESS |  
2025-10-20 19:50:19,135 [om1-KeyDeletingService#3] INFO  service.KeyDeletingService (KeyDeletingService.java:processKeyDeletes(151)) - Send 1 key(s) to SCM, first 1 keys: [PurgedKey{blockGroup=BlockGroup[groupID='/fbf30b7f-e8e5-4380-9548-2469005cedb2/30ecbe8b-060f-41dd-8511-4b830d5a0ae5/0acfdcab-d5cc-43f8-9f12-af7139177fd3/-9223372036854715903/0', blockIDs=[conID: 1 locID: 115816896921600071 bcsId: 0 replicaIndex: null]], volume='fbf30b7f-e8e5-4380-9548-2469005cedb2', bucket='30ecbe8b-060f-41dd-8511-4b830d5a0ae5', bucketId=-9223372036854716160, purgedBytes=4194304, isCommittedKey=true, deleteKeyName='/fbf30b7f-e8e5-4380-9548-2469005cedb2/30ecbe8b-060f-41dd-8511-4b830d5a0ae5/0acfdcab-d5cc-43f8-9f12-af7139177fd3/-9223372036854715903'}]
2025-10-20 19:50:19,137 | INFO  | SCMAudit | user=runner | ip=127.0.0.1 | op=DELETE_KEY_BLOCK {"KeyBlockToDelete":"[BlockGroup[groupID='/fbf30b7f-e8e5-4380-9548-2469005cedb2/30ecbe8b-060f-41dd-8511-4b830d5a0ae5/0acfdcab-d5cc-43f8-9f12-af7139177fd3/-9223372036854715903/0', blockIDs=[conID: 1 locID: 115816896921600071 bcsId: 0 replicaIndex: null]]]"} | ret=SUCCESS |  
2025-10-20 19:50:19,138 [om1-KeyDeletingService#3] INFO  service.KeyDeletingService (KeyDeletingService.java:processKeyDeletes(158)) - 1 BlockGroup deletion are acked by SCM in 2 ms
2025-10-20 19:50:19,140 [om1-KeyDeletingService#3] INFO  service.KeyDeletingService (KeyDeletingService.java:processKeyDeletes(166)) - Blocks for 1 (out of 1) keys are deleted from DB in 2 ms. Limit per task is 50000.
2025-10-20 19:50:19,142 | INFO  | SCMAudit | user=runner | ip=127.0.0.1 | op=SEND_HEARTBEAT {"datanodeUUID":"d7d8cf72-b9f6-4979-9c53-007dd6e6e48a","term":"2","command":"[]"} | ret=SUCCESS |  
2025-10-20 19:50:19,161 | INFO  | SCMAudit | user=runner | ip=127.0.0.1 | op=SEND_HEARTBEAT {"datanodeUUID":"4f2bb3f5-0e03-4f1b-bb4c-79c91b98c7da","term":"2","command":"[]"} | ret=SUCCESS |  
2025-10-20 19:50:19,185 | INFO  | SCMAudit | user=runner | ip=127.0.0.1 | op=SEND_HEARTBEAT {"datanodeUUID":"feb39a1c-80cb-4714-ab06-a361236e3029","term":"2","command":"[]"} | ret=SUCCESS |  
2025-10-20 19:50:19,244 | INFO  | SCMAudit | user=runner | ip=127.0.0.1 | op=SEND_HEARTBEAT {"datanodeUUID":"33f74daf-be7a-4306-b2af-53e409c4cb93","term":"2","command":"[]"} | ret=SUCCESS |  
2025-10-20 19:50:19,284 | INFO  | SCMAudit | user=runner | ip=127.0.0.1 | op=SEND_HEARTBEAT {"datanodeUUID":"c90bff1f-5a1f-42c6-8fca-9533d718c79a","term":"2","command":"[]"} | ret=SUCCESS |  
2025-10-20 19:50:19,340 | INFO  | SCMAudit | user=runner | ip=127.0.0.1 | op=SEND_HEARTBEAT {"datanodeUUID":"38991c48-ffb3-4453-b758-77d6b4ebc62b","term":"2","command":"[]"} | ret=SUCCESS |  
2025-10-20 19:50:19,376 | INFO  | SCMAudit | user=runner | ip=127.0.0.1 | op=SEND_HEARTBEAT {"datanodeUUID":"cc7fbe85-1d98-437b-84f9-04213fee10f0","term":"2","command":"[]"} | ret=SUCCESS |  
2025-10-20 19:50:19,526 | INFO  | SCMAudit | user=runner | ip=127.0.0.1 | op=SEND_HEARTBEAT {"datanodeUUID":"af0e5da1-57af-45e9-9aca-fa0798d05628","term":"2","command":"[]"} | ret=SUCCESS |  
2025-10-20 19:50:19,640 | INFO  | SCMAudit | user=runner | ip=127.0.0.1 | op=SEND_HEARTBEAT {"datanodeUUID":"7bb0e7f0-2b36-4ec0-8a09-ceac75d91a36","term":"2","command":"[]"} | ret=SUCCESS |  
2025-10-20 19:50:19,699 | INFO  | SCMAudit | user=runner | ip=127.0.0.1 | op=SEND_HEARTBEAT {"datanodeUUID":"361055de-215b-4c6c-94c2-be1c1da118d1","term":"2","command":"[]"} | ret=SUCCESS |  
2025-10-20 19:50:19,763 | INFO  | SCMAudit | user=runner | ip=127.0.0.1 | op=SEND_HEARTBEAT {"datanodeUUID":"e05592a5-d00f-4fc1-9e39-a968c1ecb04e","term":"2","command":"[]"} | ret=SUCCESS |  
2025-10-20 19:50:19,924 | INFO  | SCMAudit | user=runner | ip=127.0.0.1 | op=SEND_HEARTBEAT {"datanodeUUID":"ef67b0a7-5b27-496d-9f38-ab804a28e500","term":"2","command":"[]"} | ret=SUCCESS |  
2025-10-20 19:50:19,967 | INFO  | SCMAudit | user=runner | ip=127.0.0.1 | op=SEND_HEARTBEAT {"datanodeUUID":"b614738c-cdff-4f09-bf59-ed5bb75d51be","term":"2","command":"[]"} | ret=SUCCESS |  
2025-10-20 19:50:20,026 | INFO  | OMAudit | user=runner | ip=127.0.0.1 | op=READ_VOLUME {"volume":"fbf30b7f-e8e5-4380-9548-2469005cedb2"} | ret=SUCCESS |  
2025-10-20 19:50:20,027 | INFO  | SCMAudit | user=runner | ip=127.0.0.1 | op=SEND_HEARTBEAT {"datanodeUUID":"605be85e-a7f4-44d7-8cfd-f53001b990b0","term":"2","command":"[]"} | ret=SUCCESS |  
2025-10-20 19:50:20,028 | INFO  | OMAudit | user=runner | ip=127.0.0.1 | op=READ_BUCKET {"volume":"fbf30b7f-e8e5-4380-9548-2469005cedb2","bucket":"30ecbe8b-060f-41dd-8511-4b830d5a0ae5"} | ret=SUCCESS |  
2025-10-20 19:50:20,028 [ForkJoinPool-1-worker-1] INFO  rpc.RpcClient (RpcClient.java:createVolume(461)) - Creating Volume: bdf9b848-4326-4e39-b0e6-9c2539adc1e7, with runner as owner and space quota set to -1 bytes, counts quota set to -1
2025-10-20 19:50:20,030 [om1-OMStateMachineApplyTransactionThread - 0] INFO  volume.OMVolumeCreateRequest (OMVolumeCreateRequest.java:validateAndUpdateCache(213)) - created volume:bdf9b848-4326-4e39-b0e6-9c2539adc1e7 for user:runner
2025-10-20 19:50:20,030 | INFO  | OMAudit | user=runner | ip=127.0.0.1 | op=CREATE_VOLUME {"admin":"runner","owner":"runner","volume":"bdf9b848-4326-4e39-b0e6-9c2539adc1e7","creationTime":"1760989820029","modificationTime":"1760989820029","quotaInBytes":"-1","quotaInNamespace":"-1","usedNamespace":"0","objectID":"-9223372036854714112","updateID":"241","Transaction":"241"} | ret=SUCCESS |  
2025-10-20 19:50:20,032 | INFO  | OMAudit | user=runner | ip=127.0.0.1 | op=READ_VOLUME {"volume":"bdf9b848-4326-4e39-b0e6-9c2539adc1e7"} | ret=SUCCESS |  
2025-10-20 19:50:20,032 [ForkJoinPool-1-worker-1] INFO  rpc.RpcClient (RpcClient.java:createBucket(686)) - Creating Bucket: bdf9b848-4326-4e39-b0e6-9c2539adc1e7/5cc42b56-46bc-4e62-9554-980647f3504e, with server-side default bucket layout, runner as owner, Versioning false, Storage Type set to DISK and Encryption set to false, Replication Type set to server-side default replication type, Namespace Quota set to -1, Space Quota set to -1 
2025-10-20 19:50:20,034 [om1-OMStateMachineApplyTransactionThread - 0] INFO  bucket.OMBucketCreateRequest (OMBucketCreateRequest.java:validateAndUpdateCache(303)) - created bucket: 5cc42b56-46bc-4e62-9554-980647f3504e of layout FILE_SYSTEM_OPTIMIZED in volume: bdf9b848-4326-4e39-b0e6-9c2539adc1e7
2025-10-20 19:50:20,034 | INFO  | OMAudit | user=runner | ip=127.0.0.1 | op=CREATE_BUCKET {"volume":"bdf9b848-4326-4e39-b0e6-9c2539adc1e7","bucket":"5cc42b56-46bc-4e62-9554-980647f3504e","bucketLayout":"FILE_SYSTEM_OPTIMIZED","gdprEnabled":null,"acls":"[user:runner:a[ACCESS], group:runner:rl[ACCESS]]","isVersionEnabled":"false","storageType":"DISK","creationTime":"1760989820033","bucketEncryptionKey":null,"modificationTime":"1760989820033","usedBytes":"0","usedNamespace":"0","snapshotUsedBytes":"0","snapshotUsedNamespace":"0","owner":"runner","replicationType":null,"replicationConfig":null,"quotaInBytes":"-1","quotaInNamespace":"-1","Transaction":"242"} | ret=SUCCESS |  
2025-10-20 19:50:20,035 | INFO  | OMAudit | user=runner | ip=127.0.0.1 | op=READ_BUCKET {"volume":"bdf9b848-4326-4e39-b0e6-9c2539adc1e7","bucket":"5cc42b56-46bc-4e62-9554-980647f3504e"} | ret=SUCCESS |  
2025-10-20 19:50:20,036 | INFO  | OMAudit | user=runner | ip=127.0.0.1 | op=READ_BUCKET {"volume":"bdf9b848-4326-4e39-b0e6-9c2539adc1e7","bucket":"5cc42b56-46bc-4e62-9554-980647f3504e"} | ret=SUCCESS |  
2025-10-20 19:50:20,037 | INFO  | SCMAudit | user=runner | ip=127.0.0.1 | op=ALLOCATE_BLOCK {"replication":"RATIS/ONE","owner":"omServiceIdDefault","size":"4194304","sampleBlocks":"[conID: 13 locID: 115816896921600072, conID: 8 locID: 115816896921600073]","num":"2","client":"","allocated":"2"} | ret=SUCCESS |  
2025-10-20 19:50:20,040 | INFO  | OMAudit | user=runner | ip=127.0.0.1 | op=ALLOCATE_KEY {"volume":"bdf9b848-4326-4e39-b0e6-9c2539adc1e7","bucket":"5cc42b56-46bc-4e62-9554-980647f3504e","key":"9973b881-a4b4-4a06-86e3-6e3fda801d84","dataSize":"4194305","replicationType":"RATIS","replicationFactor":"ONE","Transaction":"243"} | ret=SUCCESS |  
2025-10-20 19:50:20,042 | INFO  | OMAudit | user=runner | ip=127.0.0.1 | op=READ_VOLUME {"volume":"bdf9b848-4326-4e39-b0e6-9c2539adc1e7"} | ret=SUCCESS |  
2025-10-20 19:50:20,042 | INFO  | OMAudit | user=runner | ip=127.0.0.1 | op=READ_BUCKET {"volume":"bdf9b848-4326-4e39-b0e6-9c2539adc1e7","bucket":"5cc42b56-46bc-4e62-9554-980647f3504e"} | ret=SUCCESS |  
2025-10-20 19:50:20,079 | INFO  | OMAudit | user=runner | ip=127.0.0.1 | op=COMMIT_KEY {"volume":"bdf9b848-4326-4e39-b0e6-9c2539adc1e7","bucket":"5cc42b56-46bc-4e62-9554-980647f3504e","key":"9973b881-a4b4-4a06-86e3-6e3fda801d84","dataSize":"4194305","replicationType":"RATIS","replicationFactor":"ONE","Transaction":"244"} | ret=SUCCESS |  
2025-10-20 19:50:20,081 | INFO  | OMAudit | user=runner | ip=127.0.0.1 | op=READ_VOLUME {"volume":"bdf9b848-4326-4e39-b0e6-9c2539adc1e7"} | ret=SUCCESS |  
2025-10-20 19:50:20,082 | INFO  | OMAudit | user=runner | ip=127.0.0.1 | op=READ_BUCKET {"volume":"bdf9b848-4326-4e39-b0e6-9c2539adc1e7","bucket":"5cc42b56-46bc-4e62-9554-980647f3504e"} | ret=SUCCESS |  
2025-10-20 19:50:20,083 | INFO  | OMAudit | user=runner | ip=127.0.0.1 | op=READ_BUCKET {"volume":"bdf9b848-4326-4e39-b0e6-9c2539adc1e7","bucket":"5cc42b56-46bc-4e62-9554-980647f3504e"} | ret=SUCCESS |  
2025-10-20 19:50:20,084 | INFO  | SCMAudit | user=runner | ip=127.0.0.1 | op=ALLOCATE_BLOCK {"replication":"RATIS/ONE","owner":"omServiceIdDefault","size":"4194304","sampleBlocks":"[conID: 1 locID: 115816896921600074, conID: 7 locID: 115816896921600075]","num":"2","client":"","allocated":"2"} | ret=SUCCESS |  
2025-10-20 19:50:20,088 | INFO  | OMAudit | user=runner | ip=127.0.0.1 | op=ALLOCATE_KEY {"volume":"bdf9b848-4326-4e39-b0e6-9c2539adc1e7","bucket":"5cc42b56-46bc-4e62-9554-980647f3504e","key":"9973b881-a4b4-4a06-86e3-6e3fda801d84","dataSize":"4194305","replicationType":"RATIS","replicationFactor":"ONE","Transaction":"245"} | ret=SUCCESS |  
2025-10-20 19:50:20,089 | INFO  | OMAudit | user=runner | ip=127.0.0.1 | op=READ_VOLUME {"volume":"bdf9b848-4326-4e39-b0e6-9c2539adc1e7"} | ret=SUCCESS |  
2025-10-20 19:50:20,090 | INFO  | OMAudit | user=runner | ip=127.0.0.1 | op=READ_BUCKET {"volume":"bdf9b848-4326-4e39-b0e6-9c2539adc1e7","bucket":"5cc42b56-46bc-4e62-9554-980647f3504e"} | ret=SUCCESS |  
2025-10-20 19:50:20,125 | INFO  | OMAudit | user=runner | ip=127.0.0.1 | op=COMMIT_KEY {"volume":"bdf9b848-4326-4e39-b0e6-9c2539adc1e7","bucket":"5cc42b56-46bc-4e62-9554-980647f3504e","key":"9973b881-a4b4-4a06-86e3-6e3fda801d84","dataSize":"4194305","replicationType":"RATIS","replicationFactor":"ONE","Transaction":"246"} | ret=SUCCESS |  
2025-10-20 19:50:20,126 | INFO  | OMAudit | user=runner | ip=127.0.0.1 | op=READ_VOLUME {"volume":"bdf9b848-4326-4e39-b0e6-9c2539adc1e7"} | ret=SUCCESS |  
2025-10-20 19:50:20,127 | INFO  | OMAudit | user=runner | ip=127.0.0.1 | op=READ_BUCKET {"volume":"bdf9b848-4326-4e39-b0e6-9c2539adc1e7","bucket":"5cc42b56-46bc-4e62-9554-980647f3504e"} | ret=SUCCESS |  
2025-10-20 19:50:20,135 [om1-KeyDeletingService#1] INFO  service.KeyDeletingService (KeyDeletingService.java:processKeyDeletes(151)) - Send 1 key(s) to SCM, first 1 keys: [PurgedKey{blockGroup=BlockGroup[groupID='/bdf9b848-4326-4e39-b0e6-9c2539adc1e7/5cc42b56-46bc-4e62-9554-980647f3504e/9973b881-a4b4-4a06-86e3-6e3fda801d84/-9223372036854712832/0', blockIDs=[conID: 13 locID: 115816896921600072 bcsId: 0 replicaIndex: null, conID: 8 locID: 115816896921600073 bcsId: 0 replicaIndex: null]], volume='bdf9b848-4326-4e39-b0e6-9c2539adc1e7', bucket='5cc42b56-46bc-4e62-9554-980647f3504e', bucketId=-9223372036854713856, purgedBytes=4194305, isCommittedKey=true, deleteKeyName='/bdf9b848-4326-4e39-b0e6-9c2539adc1e7/5cc42b56-46bc-4e62-9554-980647f3504e/9973b881-a4b4-4a06-86e3-6e3fda801d84/-9223372036854712832'}]
2025-10-20 19:50:20,138 | INFO  | SCMAudit | user=runner | ip=127.0.0.1 | op=DELETE_KEY_BLOCK {"KeyBlockToDelete":"[BlockGroup[groupID='/bdf9b848-4326-4e39-b0e6-9c2539adc1e7/5cc42b56-46bc-4e62-9554-980647f3504e/9973b881-a4b4-4a06-86e3-6e3fda801d84/-9223372036854712832/0', blockIDs=[conID: 13 locID: 115816896921600072 bcsId: 0 replicaIndex: null, conID: 8 locID: 115816896921600073 bcsId: 0 replicaIndex: null]]]"} | ret=SUCCESS |  
2025-10-20 19:50:20,138 [om1-KeyDeletingService#1] INFO  service.KeyDeletingService (KeyDeletingService.java:processKeyDeletes(158)) - 1 BlockGroup deletion are acked by SCM in 4 ms
2025-10-20 19:50:20,140 [om1-KeyDeletingService#1] INFO  service.KeyDeletingService (KeyDeletingService.java:processKeyDeletes(166)) - Blocks for 1 (out of 1) keys are deleted from DB in 1 ms. Limit per task is 50000.
2025-10-20 19:50:20,142 | INFO  | SCMAudit | user=runner | ip=127.0.0.1 | op=SEND_HEARTBEAT {"datanodeUUID":"d7d8cf72-b9f6-4979-9c53-007dd6e6e48a","term":"2","command":"[]"} | ret=SUCCESS |  
2025-10-20 19:50:20,161 | INFO  | SCMAudit | user=runner | ip=127.0.0.1 | op=SEND_HEARTBEAT {"datanodeUUID":"4f2bb3f5-0e03-4f1b-bb4c-79c91b98c7da","term":"2","command":"[]"} | ret=SUCCESS |  
2025-10-20 19:50:20,185 | INFO  | SCMAudit | user=runner | ip=127.0.0.1 | op=SEND_HEARTBEAT {"datanodeUUID":"feb39a1c-80cb-4714-ab06-a361236e3029","term":"2","command":"[]"} | ret=SUCCESS |  
2025-10-20 19:50:20,245 | INFO  | SCMAudit | user=runner | ip=127.0.0.1 | op=SEND_HEARTBEAT {"datanodeUUID":"33f74daf-be7a-4306-b2af-53e409c4cb93","term":"2","command":"[]"} | ret=SUCCESS |  
2025-10-20 19:50:20,285 | INFO  | SCMAudit | user=runner | ip=127.0.0.1 | op=SEND_HEARTBEAT {"datanodeUUID":"c90bff1f-5a1f-42c6-8fca-9533d718c79a","term":"2","command":"[]"} | ret=SUCCESS |  
2025-10-20 19:50:20,340 | INFO  | SCMAudit | user=runner | ip=127.0.0.1 | op=SEND_HEARTBEAT {"datanodeUUID":"38991c48-ffb3-4453-b758-77d6b4ebc62b","term":"2","command":"[]"} | ret=SUCCESS |  
2025-10-20 19:50:20,376 | INFO  | SCMAudit | user=runner | ip=127.0.0.1 | op=SEND_HEARTBEAT {"datanodeUUID":"cc7fbe85-1d98-437b-84f9-04213fee10f0","term":"2","command":"[]"} | ret=SUCCESS |  
2025-10-20 19:50:20,526 | INFO  | SCMAudit | user=runner | ip=127.0.0.1 | op=SEND_HEARTBEAT {"datanodeUUID":"af0e5da1-57af-45e9-9aca-fa0798d05628","term":"2","command":"[]"} | ret=SUCCESS |  
2025-10-20 19:50:20,641 | INFO  | SCMAudit | user=runner | ip=127.0.0.1 | op=SEND_HEARTBEAT {"datanodeUUID":"7bb0e7f0-2b36-4ec0-8a09-ceac75d91a36","term":"2","command":"[]"} | ret=SUCCESS |  
2025-10-20 19:50:20,698 | INFO  | SCMAudit | user=runner | ip=127.0.0.1 | op=SEND_HEARTBEAT {"datanodeUUID":"361055de-215b-4c6c-94c2-be1c1da118d1","term":"2","command":"[]"} | ret=SUCCESS |  
2025-10-20 19:50:20,763 | INFO  | SCMAudit | user=runner | ip=127.0.0.1 | op=SEND_HEARTBEAT {"datanodeUUID":"e05592a5-d00f-4fc1-9e39-a968c1ecb04e","term":"2","command":"[]"} | ret=SUCCESS |  
2025-10-20 19:50:20,925 | INFO  | SCMAudit | user=runner | ip=127.0.0.1 | op=SEND_HEARTBEAT {"datanodeUUID":"ef67b0a7-5b27-496d-9f38-ab804a28e500","term":"2","command":"[]"} | ret=SUCCESS |  
2025-10-20 19:50:20,967 | INFO  | SCMAudit | user=runner | ip=127.0.0.1 | op=SEND_HEARTBEAT {"datanodeUUID":"b614738c-cdff-4f09-bf59-ed5bb75d51be","term":"2","command":"[]"} | ret=SUCCESS |  
2025-10-20 19:50:21,028 | INFO  | SCMAudit | user=runner | ip=127.0.0.1 | op=SEND_HEARTBEAT {"datanodeUUID":"605be85e-a7f4-44d7-8cfd-f53001b990b0","term":"2","command":"[]"} | ret=SUCCESS |  
2025-10-20 19:50:21,129 | INFO  | OMAudit | user=runner | ip=127.0.0.1 | op=READ_VOLUME {"volume":"bdf9b848-4326-4e39-b0e6-9c2539adc1e7"} | ret=SUCCESS |  
2025-10-20 19:50:21,130 | INFO  | OMAudit | user=runner | ip=127.0.0.1 | op=READ_BUCKET {"volume":"bdf9b848-4326-4e39-b0e6-9c2539adc1e7","bucket":"5cc42b56-46bc-4e62-9554-980647f3504e"} | ret=SUCCESS |  
2025-10-20 19:50:21,133 | INFO  | OMAudit | user=runner | ip=127.0.0.1 | op=DELETE_KEY {"volume":"bdf9b848-4326-4e39-b0e6-9c2539adc1e7","bucket":"5cc42b56-46bc-4e62-9554-980647f3504e","key":"9973b881-a4b4-4a06-86e3-6e3fda801d84","dataSize":"4194305","replicationConfig":"RATIS/ONE","Transaction":"248"} | ret=SUCCESS |  
2025-10-20 19:50:21,134 | INFO  | OMAudit | user=runner | ip=127.0.0.1 | op=READ_VOLUME {"volume":"bdf9b848-4326-4e39-b0e6-9c2539adc1e7"} | ret=SUCCESS |  
2025-10-20 19:50:21,135 | INFO  | OMAudit | user=runner | ip=127.0.0.1 | op=READ_BUCKET {"volume":"bdf9b848-4326-4e39-b0e6-9c2539adc1e7","bucket":"5cc42b56-46bc-4e62-9554-980647f3504e"} | ret=SUCCESS |  
2025-10-20 19:50:21,135 [om1-KeyDeletingService#8] INFO  service.KeyDeletingService (KeyDeletingService.java:processKeyDeletes(151)) - Send 1 key(s) to SCM, first 1 keys: [PurgedKey{blockGroup=BlockGroup[groupID='/bdf9b848-4326-4e39-b0e6-9c2539adc1e7/5cc42b56-46bc-4e62-9554-980647f3504e/9973b881-a4b4-4a06-86e3-6e3fda801d84/-9223372036854713599/0', blockIDs=[conID: 1 locID: 115816896921600074 bcsId: 0 replicaIndex: null, conID: 7 locID: 115816896921600075 bcsId: 0 replicaIndex: null]], volume='bdf9b848-4326-4e39-b0e6-9c2539adc1e7', bucket='5cc42b56-46bc-4e62-9554-980647f3504e', bucketId=-9223372036854713856, purgedBytes=4194305, isCommittedKey=true, deleteKeyName='/bdf9b848-4326-4e39-b0e6-9c2539adc1e7/5cc42b56-46bc-4e62-9554-980647f3504e/9973b881-a4b4-4a06-86e3-6e3fda801d84/-9223372036854713599'}]
2025-10-20 19:50:21,137 | INFO  | SCMAudit | user=runner | ip=127.0.0.1 | op=DELETE_KEY_BLOCK {"KeyBlockToDelete":"[BlockGroup[groupID='/bdf9b848-4326-4e39-b0e6-9c2539adc1e7/5cc42b56-46bc-4e62-9554-980647f3504e/9973b881-a4b4-4a06-86e3-6e3fda801d84/-9223372036854713599/0', blockIDs=[conID: 1 locID: 115816896921600074 bcsId: 0 replicaIndex: null, conID: 7 locID: 115816896921600075 bcsId: 0 replicaIndex: null]]]"} | ret=SUCCESS |  
2025-10-20 19:50:21,138 [om1-KeyDeletingService#8] INFO  service.KeyDeletingService (KeyDeletingService.java:processKeyDeletes(158)) - 1 BlockGroup deletion are acked by SCM in 2 ms
2025-10-20 19:50:21,139 [om1-KeyDeletingService#8] INFO  service.KeyDeletingService (KeyDeletingService.java:processKeyDeletes(166)) - Blocks for 1 (out of 1) keys are deleted from DB in 2 ms. Limit per task is 50000.
2025-10-20 19:50:21,141 | INFO  | SCMAudit | user=runner | ip=127.0.0.1 | op=SEND_HEARTBEAT {"datanodeUUID":"d7d8cf72-b9f6-4979-9c53-007dd6e6e48a","term":"2","command":"[]"} | ret=SUCCESS |  
2025-10-20 19:50:21,160 | INFO  | SCMAudit | user=runner | ip=127.0.0.1 | op=SEND_HEARTBEAT {"datanodeUUID":"4f2bb3f5-0e03-4f1b-bb4c-79c91b98c7da","term":"2","command":"[]"} | ret=SUCCESS |  
2025-10-20 19:50:21,186 | INFO  | SCMAudit | user=runner | ip=127.0.0.1 | op=SEND_HEARTBEAT {"datanodeUUID":"feb39a1c-80cb-4714-ab06-a361236e3029","term":"2","command":"[]"} | ret=SUCCESS |  
2025-10-20 19:50:21,244 | INFO  | SCMAudit | user=runner | ip=127.0.0.1 | op=SEND_HEARTBEAT {"datanodeUUID":"33f74daf-be7a-4306-b2af-53e409c4cb93","term":"2","command":"[]"} | ret=SUCCESS |  
2025-10-20 19:50:21,284 | INFO  | SCMAudit | user=runner | ip=127.0.0.1 | op=SEND_HEARTBEAT {"datanodeUUID":"c90bff1f-5a1f-42c6-8fca-9533d718c79a","term":"2","command":"[]"} | ret=SUCCESS |  
2025-10-20 19:50:21,341 | INFO  | SCMAudit | user=runner | ip=127.0.0.1 | op=SEND_HEARTBEAT {"datanodeUUID":"38991c48-ffb3-4453-b758-77d6b4ebc62b","term":"2","command":"[]"} | ret=SUCCESS |  
2025-10-20 19:50:21,376 | INFO  | SCMAudit | user=runner | ip=127.0.0.1 | op=SEND_HEARTBEAT {"datanodeUUID":"cc7fbe85-1d98-437b-84f9-04213fee10f0","term":"2","command":"[]"} | ret=SUCCESS |  
2025-10-20 19:50:21,526 | INFO  | SCMAudit | user=runner | ip=127.0.0.1 | op=SEND_HEARTBEAT {"datanodeUUID":"af0e5da1-57af-45e9-9aca-fa0798d05628","term":"2","command":"[]"} | ret=SUCCESS |  
2025-10-20 19:50:21,640 | INFO  | SCMAudit | user=runner | ip=127.0.0.1 | op=SEND_HEARTBEAT {"datanodeUUID":"7bb0e7f0-2b36-4ec0-8a09-ceac75d91a36","term":"2","command":"[]"} | ret=SUCCESS |  
2025-10-20 19:50:21,699 | INFO  | SCMAudit | user=runner | ip=127.0.0.1 | op=SEND_HEARTBEAT {"datanodeUUID":"361055de-215b-4c6c-94c2-be1c1da118d1","term":"2","command":"[]"} | ret=SUCCESS |  
2025-10-20 19:50:21,764 | INFO  | SCMAudit | user=runner | ip=127.0.0.1 | op=SEND_HEARTBEAT {"datanodeUUID":"e05592a5-d00f-4fc1-9e39-a968c1ecb04e","term":"2","command":"[]"} | ret=SUCCESS |  
2025-10-20 19:50:21,924 | INFO  | SCMAudit | user=runner | ip=127.0.0.1 | op=SEND_HEARTBEAT {"datanodeUUID":"ef67b0a7-5b27-496d-9f38-ab804a28e500","term":"2","command":"[]"} | ret=SUCCESS |  
2025-10-20 19:50:21,968 | INFO  | SCMAudit | user=runner | ip=127.0.0.1 | op=SEND_HEARTBEAT {"datanodeUUID":"b614738c-cdff-4f09-bf59-ed5bb75d51be","term":"2","command":"[]"} | ret=SUCCESS |  
2025-10-20 19:50:22,028 | INFO  | SCMAudit | user=runner | ip=127.0.0.1 | op=SEND_HEARTBEAT {"datanodeUUID":"605be85e-a7f4-44d7-8cfd-f53001b990b0","term":"2","command":"[]"} | ret=SUCCESS |  
2025-10-20 19:50:22,137 | INFO  | OMAudit | user=runner | ip=127.0.0.1 | op=READ_VOLUME {"volume":"bdf9b848-4326-4e39-b0e6-9c2539adc1e7"} | ret=SUCCESS |  
2025-10-20 19:50:22,138 | INFO  | OMAudit | user=runner | ip=127.0.0.1 | op=READ_BUCKET {"volume":"bdf9b848-4326-4e39-b0e6-9c2539adc1e7","bucket":"5cc42b56-46bc-4e62-9554-980647f3504e"} | ret=SUCCESS |  
]]></system-out>
  </testcase>
  <testcase name="testBucketQuota(ReplicationConfig)[2]" classname="org.apache.hadoop.ozone.client.rpc.TestSecureOzoneRpcClient" time="16.335">
    <system-out><![CDATA[2025-10-20 19:50:22,140 [ForkJoinPool-1-worker-1] INFO  rpc.RpcClient (RpcClient.java:createVolume(461)) - Creating Volume: 2f02e62a-a377-4a62-91ae-8aa4b7f3ab22, with runner as owner and space quota set to -1 bytes, counts quota set to -1
2025-10-20 19:50:22,141 | INFO  | SCMAudit | user=runner | ip=127.0.0.1 | op=SEND_HEARTBEAT {"datanodeUUID":"d7d8cf72-b9f6-4979-9c53-007dd6e6e48a","term":"2","command":"[]"} | ret=SUCCESS |  
2025-10-20 19:50:22,143 [om1-OMStateMachineApplyTransactionThread - 0] INFO  volume.OMVolumeCreateRequest (OMVolumeCreateRequest.java:validateAndUpdateCache(213)) - created volume:2f02e62a-a377-4a62-91ae-8aa4b7f3ab22 for user:runner
2025-10-20 19:50:22,143 | INFO  | OMAudit | user=runner | ip=127.0.0.1 | op=CREATE_VOLUME {"admin":"runner","owner":"runner","volume":"2f02e62a-a377-4a62-91ae-8aa4b7f3ab22","creationTime":"1760989822141","modificationTime":"1760989822141","quotaInBytes":"-1","quotaInNamespace":"-1","usedNamespace":"0","objectID":"-9223372036854711808","updateID":"250","Transaction":"250"} | ret=SUCCESS |  
2025-10-20 19:50:22,144 | INFO  | OMAudit | user=runner | ip=127.0.0.1 | op=READ_VOLUME {"volume":"2f02e62a-a377-4a62-91ae-8aa4b7f3ab22"} | ret=SUCCESS |  
2025-10-20 19:50:22,145 [ForkJoinPool-1-worker-1] INFO  rpc.RpcClient (RpcClient.java:createBucket(686)) - Creating Bucket: 2f02e62a-a377-4a62-91ae-8aa4b7f3ab22/cbce4c6d-c073-41f8-9c64-0d91318d6f14, with server-side default bucket layout, runner as owner, Versioning false, Storage Type set to DISK and Encryption set to false, Replication Type set to server-side default replication type, Namespace Quota set to -1, Space Quota set to -1 
2025-10-20 19:50:22,146 [om1-OMStateMachineApplyTransactionThread - 0] INFO  bucket.OMBucketCreateRequest (OMBucketCreateRequest.java:validateAndUpdateCache(303)) - created bucket: cbce4c6d-c073-41f8-9c64-0d91318d6f14 of layout FILE_SYSTEM_OPTIMIZED in volume: 2f02e62a-a377-4a62-91ae-8aa4b7f3ab22
2025-10-20 19:50:22,147 | INFO  | OMAudit | user=runner | ip=127.0.0.1 | op=CREATE_BUCKET {"volume":"2f02e62a-a377-4a62-91ae-8aa4b7f3ab22","bucket":"cbce4c6d-c073-41f8-9c64-0d91318d6f14","bucketLayout":"FILE_SYSTEM_OPTIMIZED","gdprEnabled":null,"acls":"[user:runner:a[ACCESS], group:runner:rl[ACCESS]]","isVersionEnabled":"false","storageType":"DISK","creationTime":"1760989822145","bucketEncryptionKey":null,"modificationTime":"1760989822145","usedBytes":"0","usedNamespace":"0","snapshotUsedBytes":"0","snapshotUsedNamespace":"0","owner":"runner","replicationType":null,"replicationConfig":null,"quotaInBytes":"-1","quotaInNamespace":"-1","Transaction":"251"} | ret=SUCCESS |  
2025-10-20 19:50:22,148 | INFO  | OMAudit | user=runner | ip=127.0.0.1 | op=READ_BUCKET {"volume":"2f02e62a-a377-4a62-91ae-8aa4b7f3ab22","bucket":"cbce4c6d-c073-41f8-9c64-0d91318d6f14"} | ret=SUCCESS |  
2025-10-20 19:50:22,149 | INFO  | OMAudit | user=runner | ip=127.0.0.1 | op=READ_BUCKET {"volume":"2f02e62a-a377-4a62-91ae-8aa4b7f3ab22","bucket":"cbce4c6d-c073-41f8-9c64-0d91318d6f14"} | ret=SUCCESS |  
2025-10-20 19:50:22,151 | INFO  | SCMAudit | user=runner | ip=127.0.0.1 | op=ALLOCATE_BLOCK {"replication":"RATIS/THREE","owner":"omServiceIdDefault","size":"4194304","sampleBlocks":"[conID: 14 locID: 115816896921600076]","num":"1","client":"","allocated":"1"} | ret=SUCCESS |  
2025-10-20 19:50:22,153 | INFO  | OMAudit | user=runner | ip=127.0.0.1 | op=ALLOCATE_KEY {"volume":"2f02e62a-a377-4a62-91ae-8aa4b7f3ab22","bucket":"cbce4c6d-c073-41f8-9c64-0d91318d6f14","key":"803278c8-dc9e-4b99-a1ef-a7070e16aff0","dataSize":"4194304","replicationType":"RATIS","replicationFactor":"THREE","Transaction":"252"} | ret=SUCCESS |  
2025-10-20 19:50:22,155 | INFO  | OMAudit | user=runner | ip=127.0.0.1 | op=READ_VOLUME {"volume":"2f02e62a-a377-4a62-91ae-8aa4b7f3ab22"} | ret=SUCCESS |  
2025-10-20 19:50:22,156 | INFO  | OMAudit | user=runner | ip=127.0.0.1 | op=READ_BUCKET {"volume":"2f02e62a-a377-4a62-91ae-8aa4b7f3ab22","bucket":"cbce4c6d-c073-41f8-9c64-0d91318d6f14"} | ret=SUCCESS |  
2025-10-20 19:50:22,158 | INFO  | OMAudit | user=runner | ip=127.0.0.1 | op=COMMIT_KEY {"volume":"2f02e62a-a377-4a62-91ae-8aa4b7f3ab22","bucket":"cbce4c6d-c073-41f8-9c64-0d91318d6f14","key":"803278c8-dc9e-4b99-a1ef-a7070e16aff0","dataSize":"0","replicationType":"RATIS","replicationFactor":"THREE","Transaction":"253"} | ret=SUCCESS |  
2025-10-20 19:50:22,160 | INFO  | OMAudit | user=runner | ip=127.0.0.1 | op=READ_VOLUME {"volume":"2f02e62a-a377-4a62-91ae-8aa4b7f3ab22"} | ret=SUCCESS |  
2025-10-20 19:50:22,161 | INFO  | OMAudit | user=runner | ip=127.0.0.1 | op=READ_BUCKET {"volume":"2f02e62a-a377-4a62-91ae-8aa4b7f3ab22","bucket":"cbce4c6d-c073-41f8-9c64-0d91318d6f14"} | ret=SUCCESS |  
2025-10-20 19:50:22,161 | INFO  | SCMAudit | user=runner | ip=127.0.0.1 | op=SEND_HEARTBEAT {"datanodeUUID":"4f2bb3f5-0e03-4f1b-bb4c-79c91b98c7da","term":"2","command":"[]"} | ret=SUCCESS |  
2025-10-20 19:50:22,162 | INFO  | OMAudit | user=runner | ip=127.0.0.1 | op=READ_BUCKET {"volume":"2f02e62a-a377-4a62-91ae-8aa4b7f3ab22","bucket":"cbce4c6d-c073-41f8-9c64-0d91318d6f14"} | ret=SUCCESS |  
2025-10-20 19:50:22,164 | INFO  | SCMAudit | user=runner | ip=127.0.0.1 | op=ALLOCATE_BLOCK {"replication":"RATIS/THREE","owner":"omServiceIdDefault","size":"4194304","sampleBlocks":"[conID: 15 locID: 115816896921600077]","num":"1","client":"","allocated":"1"} | ret=SUCCESS |  
2025-10-20 19:50:22,166 | INFO  | OMAudit | user=runner | ip=127.0.0.1 | op=ALLOCATE_KEY {"volume":"2f02e62a-a377-4a62-91ae-8aa4b7f3ab22","bucket":"cbce4c6d-c073-41f8-9c64-0d91318d6f14","key":"803278c8-dc9e-4b99-a1ef-a7070e16aff0","dataSize":"4194304","replicationType":"RATIS","replicationFactor":"THREE","Transaction":"254"} | ret=SUCCESS |  
2025-10-20 19:50:22,168 | INFO  | OMAudit | user=runner | ip=127.0.0.1 | op=READ_VOLUME {"volume":"2f02e62a-a377-4a62-91ae-8aa4b7f3ab22"} | ret=SUCCESS |  
2025-10-20 19:50:22,169 | INFO  | OMAudit | user=runner | ip=127.0.0.1 | op=READ_BUCKET {"volume":"2f02e62a-a377-4a62-91ae-8aa4b7f3ab22","bucket":"cbce4c6d-c073-41f8-9c64-0d91318d6f14"} | ret=SUCCESS |  
2025-10-20 19:50:22,172 | INFO  | OMAudit | user=runner | ip=127.0.0.1 | op=COMMIT_KEY {"volume":"2f02e62a-a377-4a62-91ae-8aa4b7f3ab22","bucket":"cbce4c6d-c073-41f8-9c64-0d91318d6f14","key":"803278c8-dc9e-4b99-a1ef-a7070e16aff0","dataSize":"0","replicationType":"RATIS","replicationFactor":"THREE","Transaction":"255"} | ret=SUCCESS |  
2025-10-20 19:50:22,173 | INFO  | OMAudit | user=runner | ip=127.0.0.1 | op=READ_VOLUME {"volume":"2f02e62a-a377-4a62-91ae-8aa4b7f3ab22"} | ret=SUCCESS |  
2025-10-20 19:50:22,174 | INFO  | OMAudit | user=runner | ip=127.0.0.1 | op=READ_BUCKET {"volume":"2f02e62a-a377-4a62-91ae-8aa4b7f3ab22","bucket":"cbce4c6d-c073-41f8-9c64-0d91318d6f14"} | ret=SUCCESS |  
2025-10-20 19:50:22,178 | INFO  | OMAudit | user=runner | ip=127.0.0.1 | op=DELETE_KEY {"volume":"2f02e62a-a377-4a62-91ae-8aa4b7f3ab22","bucket":"cbce4c6d-c073-41f8-9c64-0d91318d6f14","key":"803278c8-dc9e-4b99-a1ef-a7070e16aff0","dataSize":"0","replicationConfig":"RATIS/THREE","Transaction":"256"} | ret=SUCCESS |  
2025-10-20 19:50:22,180 | INFO  | OMAudit | user=runner | ip=127.0.0.1 | op=READ_VOLUME {"volume":"2f02e62a-a377-4a62-91ae-8aa4b7f3ab22"} | ret=SUCCESS |  
2025-10-20 19:50:22,181 | INFO  | OMAudit | user=runner | ip=127.0.0.1 | op=READ_BUCKET {"volume":"2f02e62a-a377-4a62-91ae-8aa4b7f3ab22","bucket":"cbce4c6d-c073-41f8-9c64-0d91318d6f14"} | ret=SUCCESS |  
2025-10-20 19:50:22,182 [ForkJoinPool-1-worker-1] INFO  rpc.RpcClient (RpcClient.java:createVolume(461)) - Creating Volume: 87aa7816-3d5e-45df-a056-a5d50748e933, with runner as owner and space quota set to -1 bytes, counts quota set to -1
2025-10-20 19:50:22,184 [om1-OMStateMachineApplyTransactionThread - 0] INFO  volume.OMVolumeCreateRequest (OMVolumeCreateRequest.java:validateAndUpdateCache(213)) - created volume:87aa7816-3d5e-45df-a056-a5d50748e933 for user:runner
2025-10-20 19:50:22,184 | INFO  | OMAudit | user=runner | ip=127.0.0.1 | op=CREATE_VOLUME {"admin":"runner","owner":"runner","volume":"87aa7816-3d5e-45df-a056-a5d50748e933","creationTime":"1760989822182","modificationTime":"1760989822182","quotaInBytes":"-1","quotaInNamespace":"-1","usedNamespace":"0","objectID":"-9223372036854710016","updateID":"257","Transaction":"257"} | ret=SUCCESS |  
2025-10-20 19:50:22,185 | INFO  | OMAudit | user=runner | ip=127.0.0.1 | op=READ_VOLUME {"volume":"87aa7816-3d5e-45df-a056-a5d50748e933"} | ret=SUCCESS |  
2025-10-20 19:50:22,185 | INFO  | SCMAudit | user=runner | ip=127.0.0.1 | op=SEND_HEARTBEAT {"datanodeUUID":"feb39a1c-80cb-4714-ab06-a361236e3029","term":"2","command":"[]"} | ret=SUCCESS |  
2025-10-20 19:50:22,186 [ForkJoinPool-1-worker-1] INFO  rpc.RpcClient (RpcClient.java:createBucket(686)) - Creating Bucket: 87aa7816-3d5e-45df-a056-a5d50748e933/39a11135-b4a2-4577-b654-26926b22ef40, with server-side default bucket layout, runner as owner, Versioning false, Storage Type set to DISK and Encryption set to false, Replication Type set to server-side default replication type, Namespace Quota set to -1, Space Quota set to -1 
2025-10-20 19:50:22,188 [om1-OMStateMachineApplyTransactionThread - 0] INFO  bucket.OMBucketCreateRequest (OMBucketCreateRequest.java:validateAndUpdateCache(303)) - created bucket: 39a11135-b4a2-4577-b654-26926b22ef40 of layout FILE_SYSTEM_OPTIMIZED in volume: 87aa7816-3d5e-45df-a056-a5d50748e933
2025-10-20 19:50:22,188 | INFO  | OMAudit | user=runner | ip=127.0.0.1 | op=CREATE_BUCKET {"volume":"87aa7816-3d5e-45df-a056-a5d50748e933","bucket":"39a11135-b4a2-4577-b654-26926b22ef40","bucketLayout":"FILE_SYSTEM_OPTIMIZED","gdprEnabled":null,"acls":"[user:runner:a[ACCESS], group:runner:rl[ACCESS]]","isVersionEnabled":"false","storageType":"DISK","creationTime":"1760989822187","bucketEncryptionKey":null,"modificationTime":"1760989822187","usedBytes":"0","usedNamespace":"0","snapshotUsedBytes":"0","snapshotUsedNamespace":"0","owner":"runner","replicationType":null,"replicationConfig":null,"quotaInBytes":"-1","quotaInNamespace":"-1","Transaction":"258"} | ret=SUCCESS |  
2025-10-20 19:50:22,189 | INFO  | OMAudit | user=runner | ip=127.0.0.1 | op=READ_BUCKET {"volume":"87aa7816-3d5e-45df-a056-a5d50748e933","bucket":"39a11135-b4a2-4577-b654-26926b22ef40"} | ret=SUCCESS |  
2025-10-20 19:50:22,190 | INFO  | OMAudit | user=runner | ip=127.0.0.1 | op=READ_BUCKET {"volume":"87aa7816-3d5e-45df-a056-a5d50748e933","bucket":"39a11135-b4a2-4577-b654-26926b22ef40"} | ret=SUCCESS |  
2025-10-20 19:50:22,192 | INFO  | SCMAudit | user=runner | ip=127.0.0.1 | op=ALLOCATE_BLOCK {"replication":"RATIS/THREE","owner":"omServiceIdDefault","size":"4194304","sampleBlocks":"[conID: 16 locID: 115816896921600078]","num":"1","client":"","allocated":"1"} | ret=SUCCESS |  
2025-10-20 19:50:22,195 | INFO  | OMAudit | user=runner | ip=127.0.0.1 | op=ALLOCATE_KEY {"volume":"87aa7816-3d5e-45df-a056-a5d50748e933","bucket":"39a11135-b4a2-4577-b654-26926b22ef40","key":"c4707174-7c7d-486b-954b-8e1932c0ff1c","dataSize":"1","replicationType":"RATIS","replicationFactor":"THREE","Transaction":"259"} | ret=SUCCESS |  
2025-10-20 19:50:22,197 | INFO  | OMAudit | user=runner | ip=127.0.0.1 | op=READ_VOLUME {"volume":"87aa7816-3d5e-45df-a056-a5d50748e933"} | ret=SUCCESS |  
2025-10-20 19:50:22,198 | INFO  | OMAudit | user=runner | ip=127.0.0.1 | op=READ_BUCKET {"volume":"87aa7816-3d5e-45df-a056-a5d50748e933","bucket":"39a11135-b4a2-4577-b654-26926b22ef40"} | ret=SUCCESS |  
2025-10-20 19:50:22,212 | INFO  | ContainerLog | ID=16 | Index=0 | BCSID=0 | State=OPEN | Volume=/home/runner/work/ozone/ozone/hadoop-ozone/integration-test/target/test-dir/MiniOzoneClusterImpl-6935df51-69ff-4c35-8bd4-ed2b81d70e54/ozone-metadata/datanode-2/data-0/hdds | DataChecksum=0 |  
2025-10-20 19:50:22,214 | INFO  | SCMAudit | user=runner | ip=127.0.0.1 | op=SEND_HEARTBEAT {"datanodeUUID":"ef67b0a7-5b27-496d-9f38-ab804a28e500","term":"2","command":"[]"} | ret=SUCCESS |  
2025-10-20 19:50:22,216 | INFO  | ContainerLog | ID=16 | Index=0 | BCSID=0 | State=OPEN | Volume=/home/runner/work/ozone/ozone/hadoop-ozone/integration-test/target/test-dir/MiniOzoneClusterImpl-6935df51-69ff-4c35-8bd4-ed2b81d70e54/ozone-metadata/datanode-1/data-0/hdds | DataChecksum=0 |  
2025-10-20 19:50:22,218 | INFO  | SCMAudit | user=runner | ip=127.0.0.1 | op=SEND_HEARTBEAT {"datanodeUUID":"e05592a5-d00f-4fc1-9e39-a968c1ecb04e","term":"2","command":"[]"} | ret=SUCCESS |  
2025-10-20 19:50:22,219 | INFO  | ContainerLog | ID=16 | Index=0 | BCSID=0 | State=OPEN | Volume=/home/runner/work/ozone/ozone/hadoop-ozone/integration-test/target/test-dir/MiniOzoneClusterImpl-6935df51-69ff-4c35-8bd4-ed2b81d70e54/ozone-metadata/datanode-3/data-0/hdds | DataChecksum=0 |  
2025-10-20 19:50:22,223 | INFO  | SCMAudit | user=runner | ip=127.0.0.1 | op=SEND_HEARTBEAT {"datanodeUUID":"361055de-215b-4c6c-94c2-be1c1da118d1","term":"2","command":"[]"} | ret=SUCCESS |  
2025-10-20 19:50:22,233 | INFO  | OMAudit | user=runner | ip=127.0.0.1 | op=COMMIT_KEY {"volume":"87aa7816-3d5e-45df-a056-a5d50748e933","bucket":"39a11135-b4a2-4577-b654-26926b22ef40","key":"c4707174-7c7d-486b-954b-8e1932c0ff1c","dataSize":"1","replicationType":"RATIS","replicationFactor":"THREE","Transaction":"260"} | ret=SUCCESS |  
2025-10-20 19:50:22,236 | INFO  | OMAudit | user=runner | ip=127.0.0.1 | op=READ_VOLUME {"volume":"87aa7816-3d5e-45df-a056-a5d50748e933"} | ret=SUCCESS |  
2025-10-20 19:50:22,237 | INFO  | OMAudit | user=runner | ip=127.0.0.1 | op=READ_BUCKET {"volume":"87aa7816-3d5e-45df-a056-a5d50748e933","bucket":"39a11135-b4a2-4577-b654-26926b22ef40"} | ret=SUCCESS |  
2025-10-20 19:50:22,238 | INFO  | OMAudit | user=runner | ip=127.0.0.1 | op=READ_BUCKET {"volume":"87aa7816-3d5e-45df-a056-a5d50748e933","bucket":"39a11135-b4a2-4577-b654-26926b22ef40"} | ret=SUCCESS |  
2025-10-20 19:50:22,241 | INFO  | SCMAudit | user=runner | ip=127.0.0.1 | op=ALLOCATE_BLOCK {"replication":"RATIS/THREE","owner":"omServiceIdDefault","size":"4194304","sampleBlocks":"[conID: 17 locID: 115816896921600079]","num":"1","client":"","allocated":"1"} | ret=SUCCESS |  
2025-10-20 19:50:22,244 | INFO  | SCMAudit | user=runner | ip=127.0.0.1 | op=SEND_HEARTBEAT {"datanodeUUID":"33f74daf-be7a-4306-b2af-53e409c4cb93","term":"2","command":"[]"} | ret=SUCCESS |  
2025-10-20 19:50:22,245 | INFO  | OMAudit | user=runner | ip=127.0.0.1 | op=ALLOCATE_KEY {"volume":"87aa7816-3d5e-45df-a056-a5d50748e933","bucket":"39a11135-b4a2-4577-b654-26926b22ef40","key":"c4707174-7c7d-486b-954b-8e1932c0ff1c","dataSize":"1","replicationType":"RATIS","replicationFactor":"THREE","Transaction":"261"} | ret=SUCCESS |  
2025-10-20 19:50:22,247 | INFO  | OMAudit | user=runner | ip=127.0.0.1 | op=READ_VOLUME {"volume":"87aa7816-3d5e-45df-a056-a5d50748e933"} | ret=SUCCESS |  
2025-10-20 19:50:22,248 | INFO  | OMAudit | user=runner | ip=127.0.0.1 | op=READ_BUCKET {"volume":"87aa7816-3d5e-45df-a056-a5d50748e933","bucket":"39a11135-b4a2-4577-b654-26926b22ef40"} | ret=SUCCESS |  
2025-10-20 19:50:22,264 | INFO  | ContainerLog | ID=17 | Index=0 | BCSID=0 | State=OPEN | Volume=/home/runner/work/ozone/ozone/hadoop-ozone/integration-test/target/test-dir/MiniOzoneClusterImpl-6935df51-69ff-4c35-8bd4-ed2b81d70e54/ozone-metadata/datanode-8/data-0/hdds | DataChecksum=0 |  
2025-10-20 19:50:22,267 | INFO  | SCMAudit | user=runner | ip=127.0.0.1 | op=SEND_HEARTBEAT {"datanodeUUID":"7bb0e7f0-2b36-4ec0-8a09-ceac75d91a36","term":"2","command":"[]"} | ret=SUCCESS |  
2025-10-20 19:50:22,269 | INFO  | ContainerLog | ID=17 | Index=0 | BCSID=0 | State=OPEN | Volume=/home/runner/work/ozone/ozone/hadoop-ozone/integration-test/target/test-dir/MiniOzoneClusterImpl-6935df51-69ff-4c35-8bd4-ed2b81d70e54/ozone-metadata/datanode-9/data-0/hdds | DataChecksum=0 |  
2025-10-20 19:50:22,269 | INFO  | ContainerLog | ID=17 | Index=0 | BCSID=0 | State=OPEN | Volume=/home/runner/work/ozone/ozone/hadoop-ozone/integration-test/target/test-dir/MiniOzoneClusterImpl-6935df51-69ff-4c35-8bd4-ed2b81d70e54/ozone-metadata/datanode-7/data-0/hdds | DataChecksum=0 |  
2025-10-20 19:50:22,271 | INFO  | SCMAudit | user=runner | ip=127.0.0.1 | op=SEND_HEARTBEAT {"datanodeUUID":"cc7fbe85-1d98-437b-84f9-04213fee10f0","term":"2","command":"[]"} | ret=SUCCESS |  
2025-10-20 19:50:22,275 | INFO  | SCMAudit | user=runner | ip=127.0.0.1 | op=SEND_HEARTBEAT {"datanodeUUID":"605be85e-a7f4-44d7-8cfd-f53001b990b0","term":"2","command":"[]"} | ret=SUCCESS |  
2025-10-20 19:50:22,285 | INFO  | SCMAudit | user=runner | ip=127.0.0.1 | op=SEND_HEARTBEAT {"datanodeUUID":"c90bff1f-5a1f-42c6-8fca-9533d718c79a","term":"2","command":"[]"} | ret=SUCCESS |  
2025-10-20 19:50:22,286 | INFO  | OMAudit | user=runner | ip=127.0.0.1 | op=COMMIT_KEY {"volume":"87aa7816-3d5e-45df-a056-a5d50748e933","bucket":"39a11135-b4a2-4577-b654-26926b22ef40","key":"c4707174-7c7d-486b-954b-8e1932c0ff1c","dataSize":"1","replicationType":"RATIS","replicationFactor":"THREE","Transaction":"262"} | ret=SUCCESS |  
2025-10-20 19:50:22,288 | INFO  | OMAudit | user=runner | ip=127.0.0.1 | op=READ_VOLUME {"volume":"87aa7816-3d5e-45df-a056-a5d50748e933"} | ret=SUCCESS |  
2025-10-20 19:50:22,289 | INFO  | OMAudit | user=runner | ip=127.0.0.1 | op=READ_BUCKET {"volume":"87aa7816-3d5e-45df-a056-a5d50748e933","bucket":"39a11135-b4a2-4577-b654-26926b22ef40"} | ret=SUCCESS |  
2025-10-20 19:50:22,341 | INFO  | SCMAudit | user=runner | ip=127.0.0.1 | op=SEND_HEARTBEAT {"datanodeUUID":"38991c48-ffb3-4453-b758-77d6b4ebc62b","term":"2","command":"[]"} | ret=SUCCESS |  
2025-10-20 19:50:22,527 | INFO  | SCMAudit | user=runner | ip=127.0.0.1 | op=SEND_HEARTBEAT {"datanodeUUID":"af0e5da1-57af-45e9-9aca-fa0798d05628","term":"2","command":"[]"} | ret=SUCCESS |  
2025-10-20 19:50:22,968 | INFO  | SCMAudit | user=runner | ip=127.0.0.1 | op=SEND_HEARTBEAT {"datanodeUUID":"b614738c-cdff-4f09-bf59-ed5bb75d51be","term":"2","command":"[]"} | ret=SUCCESS |  
2025-10-20 19:50:23,136 [om1-KeyDeletingService#0] INFO  service.KeyDeletingService (KeyDeletingService.java:processKeyDeletes(151)) - Send 3 key(s) to SCM, first 3 keys: [PurgedKey{blockGroup=BlockGroup[groupID='/87aa7816-3d5e-45df-a056-a5d50748e933/39a11135-b4a2-4577-b654-26926b22ef40/c4707174-7c7d-486b-954b-8e1932c0ff1c/-9223372036854708736/0', blockIDs=[conID: 16 locID: 115816896921600078 bcsId: 0 replicaIndex: null]], volume='87aa7816-3d5e-45df-a056-a5d50748e933', bucket='39a11135-b4a2-4577-b654-26926b22ef40', bucketId=-9223372036854709760, purgedBytes=3, isCommittedKey=true, deleteKeyName='/87aa7816-3d5e-45df-a056-a5d50748e933/39a11135-b4a2-4577-b654-26926b22ef40/c4707174-7c7d-486b-954b-8e1932c0ff1c/-9223372036854708736'}, PurgedKey{blockGroup=BlockGroup[groupID='/2f02e62a-a377-4a62-91ae-8aa4b7f3ab22/cbce4c6d-c073-41f8-9c64-0d91318d6f14/803278c8-dc9e-4b99-a1ef-a7070e16aff0/-9223372036854710528/0', blockIDs=[conID: 15 locID: 115816896921600077 bcsId: 0 replicaIndex: null]], volume='2f02e62a-a377-4a62-91ae-8aa4b7f3ab22', bucket='cbce4c6d-c073-41f8-9c64-0d91318d6f14', bucketId=-9223372036854711552, purgedBytes=12582912, isCommittedKey=false, deleteKeyName='/2f02e62a-a377-4a62-91ae-8aa4b7f3ab22/cbce4c6d-c073-41f8-9c64-0d91318d6f14/803278c8-dc9e-4b99-a1ef-a7070e16aff0/-9223372036854710528'}, PurgedKey{blockGroup=BlockGroup[groupID='/2f02e62a-a377-4a62-91ae-8aa4b7f3ab22/cbce4c6d-c073-41f8-9c64-0d91318d6f14/803278c8-dc9e-4b99-a1ef-a7070e16aff0/-9223372036854711040/0', blockIDs=[conID: 14 locID: 115816896921600076 bcsId: 0 replicaIndex: null]], volume='2f02e62a-a377-4a62-91ae-8aa4b7f3ab22', bucket='cbce4c6d-c073-41f8-9c64-0d91318d6f14', bucketId=-9223372036854711552, purgedBytes=12582912, isCommittedKey=false, deleteKeyName='/2f02e62a-a377-4a62-91ae-8aa4b7f3ab22/cbce4c6d-c073-41f8-9c64-0d91318d6f14/803278c8-dc9e-4b99-a1ef-a7070e16aff0/-9223372036854711040'}]
2025-10-20 19:50:23,138 | INFO  | SCMAudit | user=runner | ip=127.0.0.1 | op=DELETE_KEY_BLOCK {"KeyBlockToDelete":"[BlockGroup[groupID='/2f02e62a-a377-4a62-91ae-8aa4b7f3ab22/cbce4c6d-c073-41f8-9c64-0d91318d6f14/803278c8-dc9e-4b99-a1ef-a7070e16aff0/-9223372036854710528/0', blockIDs=[conID: 15 locID: 115816896921600077 bcsId: 0 replicaIndex: null]], BlockGroup[groupID='/2f02e62a-a377-4a62-91ae-8aa4b7f3ab22/cbce4c6d-c073-41f8-9c64-0d91318d6f14/803278c8-dc9e-4b99-a1ef-a7070e16aff0/-9223372036854711040/0', blockIDs=[conID: 14 locID: 115816896921600076 bcsId: 0 replicaIndex: null]], BlockGroup[groupID='/87aa7816-3d5e-45df-a056-a5d50748e933/39a11135-b4a2-4577-b654-26926b22ef40/c4707174-7c7d-486b-954b-8e1932c0ff1c/-9223372036854708736/0', blockIDs=[conID: 16 locID: 115816896921600078 bcsId: 0 replicaIndex: null]]]"} | ret=SUCCESS |  
2025-10-20 19:50:23,139 [om1-KeyDeletingService#0] INFO  service.KeyDeletingService (KeyDeletingService.java:processKeyDeletes(158)) - 3 BlockGroup deletion are acked by SCM in 3 ms
2025-10-20 19:50:23,140 [om1-KeyDeletingService#0] INFO  service.KeyDeletingService (KeyDeletingService.java:processKeyDeletes(166)) - Blocks for 3 (out of 3) keys are deleted from DB in 2 ms. Limit per task is 50000.
2025-10-20 19:50:23,141 | INFO  | SCMAudit | user=runner | ip=127.0.0.1 | op=SEND_HEARTBEAT {"datanodeUUID":"d7d8cf72-b9f6-4979-9c53-007dd6e6e48a","term":"2","command":"[]"} | ret=SUCCESS |  
2025-10-20 19:50:23,161 | INFO  | SCMAudit | user=runner | ip=127.0.0.1 | op=SEND_HEARTBEAT {"datanodeUUID":"4f2bb3f5-0e03-4f1b-bb4c-79c91b98c7da","term":"2","command":"[]"} | ret=SUCCESS |  
2025-10-20 19:50:23,185 | INFO  | SCMAudit | user=runner | ip=127.0.0.1 | op=SEND_HEARTBEAT {"datanodeUUID":"feb39a1c-80cb-4714-ab06-a361236e3029","term":"2","command":"[]"} | ret=SUCCESS |  
2025-10-20 19:50:23,213 | INFO  | SCMAudit | user=runner | ip=127.0.0.1 | op=SEND_HEARTBEAT {"datanodeUUID":"ef67b0a7-5b27-496d-9f38-ab804a28e500","term":"2","command":"[]"} | ret=SUCCESS |  
2025-10-20 19:50:23,218 | INFO  | SCMAudit | user=runner | ip=127.0.0.1 | op=SEND_HEARTBEAT {"datanodeUUID":"e05592a5-d00f-4fc1-9e39-a968c1ecb04e","term":"2","command":"[]"} | ret=SUCCESS |  
2025-10-20 19:50:23,223 | INFO  | SCMAudit | user=runner | ip=127.0.0.1 | op=SEND_HEARTBEAT {"datanodeUUID":"361055de-215b-4c6c-94c2-be1c1da118d1","term":"2","command":"[]"} | ret=SUCCESS |  
2025-10-20 19:50:23,245 | INFO  | SCMAudit | user=runner | ip=127.0.0.1 | op=SEND_HEARTBEAT {"datanodeUUID":"33f74daf-be7a-4306-b2af-53e409c4cb93","term":"2","command":"[]"} | ret=SUCCESS |  
2025-10-20 19:50:23,265 | INFO  | SCMAudit | user=runner | ip=127.0.0.1 | op=SEND_HEARTBEAT {"datanodeUUID":"7bb0e7f0-2b36-4ec0-8a09-ceac75d91a36","term":"2","command":"[]"} | ret=SUCCESS |  
2025-10-20 19:50:23,270 | INFO  | SCMAudit | user=runner | ip=127.0.0.1 | op=SEND_HEARTBEAT {"datanodeUUID":"605be85e-a7f4-44d7-8cfd-f53001b990b0","term":"2","command":"[]"} | ret=SUCCESS |  
2025-10-20 19:50:23,270 | INFO  | SCMAudit | user=runner | ip=127.0.0.1 | op=SEND_HEARTBEAT {"datanodeUUID":"cc7fbe85-1d98-437b-84f9-04213fee10f0","term":"2","command":"[]"} | ret=SUCCESS |  
2025-10-20 19:50:23,284 | INFO  | SCMAudit | user=runner | ip=127.0.0.1 | op=SEND_HEARTBEAT {"datanodeUUID":"c90bff1f-5a1f-42c6-8fca-9533d718c79a","term":"2","command":"[]"} | ret=SUCCESS |  
2025-10-20 19:50:23,290 | INFO  | OMAudit | user=runner | ip=127.0.0.1 | op=READ_VOLUME {"volume":"87aa7816-3d5e-45df-a056-a5d50748e933"} | ret=SUCCESS |  
2025-10-20 19:50:23,292 | INFO  | OMAudit | user=runner | ip=127.0.0.1 | op=READ_BUCKET {"volume":"87aa7816-3d5e-45df-a056-a5d50748e933","bucket":"39a11135-b4a2-4577-b654-26926b22ef40"} | ret=SUCCESS |  
2025-10-20 19:50:23,295 | INFO  | OMAudit | user=runner | ip=127.0.0.1 | op=DELETE_KEY {"volume":"87aa7816-3d5e-45df-a056-a5d50748e933","bucket":"39a11135-b4a2-4577-b654-26926b22ef40","key":"c4707174-7c7d-486b-954b-8e1932c0ff1c","dataSize":"1","replicationConfig":"RATIS/THREE","Transaction":"264"} | ret=SUCCESS |  
2025-10-20 19:50:23,296 | INFO  | OMAudit | user=runner | ip=127.0.0.1 | op=READ_VOLUME {"volume":"87aa7816-3d5e-45df-a056-a5d50748e933"} | ret=SUCCESS |  
2025-10-20 19:50:23,296 | INFO  | OMAudit | user=runner | ip=127.0.0.1 | op=READ_BUCKET {"volume":"87aa7816-3d5e-45df-a056-a5d50748e933","bucket":"39a11135-b4a2-4577-b654-26926b22ef40"} | ret=SUCCESS |  
2025-10-20 19:50:23,340 | INFO  | SCMAudit | user=runner | ip=127.0.0.1 | op=SEND_HEARTBEAT {"datanodeUUID":"38991c48-ffb3-4453-b758-77d6b4ebc62b","term":"2","command":"[]"} | ret=SUCCESS |  
2025-10-20 19:50:23,526 | INFO  | SCMAudit | user=runner | ip=127.0.0.1 | op=SEND_HEARTBEAT {"datanodeUUID":"af0e5da1-57af-45e9-9aca-fa0798d05628","term":"2","command":"[]"} | ret=SUCCESS |  
2025-10-20 19:50:23,968 | INFO  | SCMAudit | user=runner | ip=127.0.0.1 | op=SEND_HEARTBEAT {"datanodeUUID":"b614738c-cdff-4f09-bf59-ed5bb75d51be","term":"2","command":"[]"} | ret=SUCCESS |  
2025-10-20 19:50:24,136 [om1-KeyDeletingService#5] INFO  service.KeyDeletingService (KeyDeletingService.java:processKeyDeletes(151)) - Send 1 key(s) to SCM, first 1 keys: [PurgedKey{blockGroup=BlockGroup[groupID='/87aa7816-3d5e-45df-a056-a5d50748e933/39a11135-b4a2-4577-b654-26926b22ef40/c4707174-7c7d-486b-954b-8e1932c0ff1c/-9223372036854709503/0', blockIDs=[conID: 17 locID: 115816896921600079 bcsId: 0 replicaIndex: null]], volume='87aa7816-3d5e-45df-a056-a5d50748e933', bucket='39a11135-b4a2-4577-b654-26926b22ef40', bucketId=-9223372036854709760, purgedBytes=3, isCommittedKey=true, deleteKeyName='/87aa7816-3d5e-45df-a056-a5d50748e933/39a11135-b4a2-4577-b654-26926b22ef40/c4707174-7c7d-486b-954b-8e1932c0ff1c/-9223372036854709503'}]
2025-10-20 19:50:24,138 | INFO  | SCMAudit | user=runner | ip=127.0.0.1 | op=DELETE_KEY_BLOCK {"KeyBlockToDelete":"[BlockGroup[groupID='/87aa7816-3d5e-45df-a056-a5d50748e933/39a11135-b4a2-4577-b654-26926b22ef40/c4707174-7c7d-486b-954b-8e1932c0ff1c/-9223372036854709503/0', blockIDs=[conID: 17 locID: 115816896921600079 bcsId: 0 replicaIndex: null]]]"} | ret=SUCCESS |  
2025-10-20 19:50:24,138 [om1-KeyDeletingService#5] INFO  service.KeyDeletingService (KeyDeletingService.java:processKeyDeletes(158)) - 1 BlockGroup deletion are acked by SCM in 3 ms
2025-10-20 19:50:24,140 [om1-KeyDeletingService#5] INFO  service.KeyDeletingService (KeyDeletingService.java:processKeyDeletes(166)) - Blocks for 1 (out of 1) keys are deleted from DB in 1 ms. Limit per task is 50000.
2025-10-20 19:50:24,142 | INFO  | SCMAudit | user=runner | ip=127.0.0.1 | op=SEND_HEARTBEAT {"datanodeUUID":"d7d8cf72-b9f6-4979-9c53-007dd6e6e48a","term":"2","command":"[]"} | ret=SUCCESS |  
2025-10-20 19:50:24,160 | INFO  | SCMAudit | user=runner | ip=127.0.0.1 | op=SEND_HEARTBEAT {"datanodeUUID":"4f2bb3f5-0e03-4f1b-bb4c-79c91b98c7da","term":"2","command":"[]"} | ret=SUCCESS |  
2025-10-20 19:50:24,185 | INFO  | SCMAudit | user=runner | ip=127.0.0.1 | op=SEND_HEARTBEAT {"datanodeUUID":"feb39a1c-80cb-4714-ab06-a361236e3029","term":"2","command":"[]"} | ret=SUCCESS |  
2025-10-20 19:50:24,214 | INFO  | SCMAudit | user=runner | ip=127.0.0.1 | op=SEND_HEARTBEAT {"datanodeUUID":"ef67b0a7-5b27-496d-9f38-ab804a28e500","term":"2","command":"[]"} | ret=SUCCESS |  
2025-10-20 19:50:24,218 | INFO  | SCMAudit | user=runner | ip=127.0.0.1 | op=SEND_HEARTBEAT {"datanodeUUID":"e05592a5-d00f-4fc1-9e39-a968c1ecb04e","term":"2","command":"[]"} | ret=SUCCESS |  
2025-10-20 19:50:24,223 | INFO  | SCMAudit | user=runner | ip=127.0.0.1 | op=SEND_HEARTBEAT {"datanodeUUID":"361055de-215b-4c6c-94c2-be1c1da118d1","term":"2","command":"[]"} | ret=SUCCESS |  
2025-10-20 19:50:24,245 | INFO  | SCMAudit | user=runner | ip=127.0.0.1 | op=SEND_HEARTBEAT {"datanodeUUID":"33f74daf-be7a-4306-b2af-53e409c4cb93","term":"2","command":"[]"} | ret=SUCCESS |  
2025-10-20 19:50:24,265 | INFO  | SCMAudit | user=runner | ip=127.0.0.1 | op=SEND_HEARTBEAT {"datanodeUUID":"7bb0e7f0-2b36-4ec0-8a09-ceac75d91a36","term":"2","command":"[]"} | ret=SUCCESS |  
2025-10-20 19:50:24,270 | INFO  | SCMAudit | user=runner | ip=127.0.0.1 | op=SEND_HEARTBEAT {"datanodeUUID":"cc7fbe85-1d98-437b-84f9-04213fee10f0","term":"2","command":"[]"} | ret=SUCCESS |  
2025-10-20 19:50:24,270 | INFO  | SCMAudit | user=runner | ip=127.0.0.1 | op=SEND_HEARTBEAT {"datanodeUUID":"605be85e-a7f4-44d7-8cfd-f53001b990b0","term":"2","command":"[]"} | ret=SUCCESS |  
2025-10-20 19:50:24,284 | INFO  | SCMAudit | user=runner | ip=127.0.0.1 | op=SEND_HEARTBEAT {"datanodeUUID":"c90bff1f-5a1f-42c6-8fca-9533d718c79a","term":"2","command":"[]"} | ret=SUCCESS |  
2025-10-20 19:50:24,298 | INFO  | OMAudit | user=runner | ip=127.0.0.1 | op=READ_VOLUME {"volume":"87aa7816-3d5e-45df-a056-a5d50748e933"} | ret=SUCCESS |  
2025-10-20 19:50:24,299 | INFO  | OMAudit | user=runner | ip=127.0.0.1 | op=READ_BUCKET {"volume":"87aa7816-3d5e-45df-a056-a5d50748e933","bucket":"39a11135-b4a2-4577-b654-26926b22ef40"} | ret=SUCCESS |  
2025-10-20 19:50:24,299 [ForkJoinPool-1-worker-1] INFO  rpc.RpcClient (RpcClient.java:createVolume(461)) - Creating Volume: 45cbc229-4cee-44da-86be-273c8345f821, with runner as owner and space quota set to -1 bytes, counts quota set to -1
2025-10-20 19:50:24,302 [om1-OMStateMachineApplyTransactionThread - 0] INFO  volume.OMVolumeCreateRequest (OMVolumeCreateRequest.java:validateAndUpdateCache(213)) - created volume:45cbc229-4cee-44da-86be-273c8345f821 for user:runner
2025-10-20 19:50:24,302 | INFO  | OMAudit | user=runner | ip=127.0.0.1 | op=CREATE_VOLUME {"admin":"runner","owner":"runner","volume":"45cbc229-4cee-44da-86be-273c8345f821","creationTime":"1760989824300","modificationTime":"1760989824300","quotaInBytes":"-1","quotaInNamespace":"-1","usedNamespace":"0","objectID":"-9223372036854707712","updateID":"266","Transaction":"266"} | ret=SUCCESS |  
2025-10-20 19:50:24,303 | INFO  | OMAudit | user=runner | ip=127.0.0.1 | op=READ_VOLUME {"volume":"45cbc229-4cee-44da-86be-273c8345f821"} | ret=SUCCESS |  
2025-10-20 19:50:24,304 [ForkJoinPool-1-worker-1] INFO  rpc.RpcClient (RpcClient.java:createBucket(686)) - Creating Bucket: 45cbc229-4cee-44da-86be-273c8345f821/431bf61f-cb0f-430d-b695-c076f4279556, with server-side default bucket layout, runner as owner, Versioning false, Storage Type set to DISK and Encryption set to false, Replication Type set to server-side default replication type, Namespace Quota set to -1, Space Quota set to -1 
2025-10-20 19:50:24,306 [om1-OMStateMachineApplyTransactionThread - 0] INFO  bucket.OMBucketCreateRequest (OMBucketCreateRequest.java:validateAndUpdateCache(303)) - created bucket: 431bf61f-cb0f-430d-b695-c076f4279556 of layout FILE_SYSTEM_OPTIMIZED in volume: 45cbc229-4cee-44da-86be-273c8345f821
2025-10-20 19:50:24,306 | INFO  | OMAudit | user=runner | ip=127.0.0.1 | op=CREATE_BUCKET {"volume":"45cbc229-4cee-44da-86be-273c8345f821","bucket":"431bf61f-cb0f-430d-b695-c076f4279556","bucketLayout":"FILE_SYSTEM_OPTIMIZED","gdprEnabled":null,"acls":"[user:runner:a[ACCESS], group:runner:rl[ACCESS]]","isVersionEnabled":"false","storageType":"DISK","creationTime":"1760989824304","bucketEncryptionKey":null,"modificationTime":"1760989824304","usedBytes":"0","usedNamespace":"0","snapshotUsedBytes":"0","snapshotUsedNamespace":"0","owner":"runner","replicationType":null,"replicationConfig":null,"quotaInBytes":"-1","quotaInNamespace":"-1","Transaction":"267"} | ret=SUCCESS |  
2025-10-20 19:50:24,307 | INFO  | OMAudit | user=runner | ip=127.0.0.1 | op=READ_BUCKET {"volume":"45cbc229-4cee-44da-86be-273c8345f821","bucket":"431bf61f-cb0f-430d-b695-c076f4279556"} | ret=SUCCESS |  
2025-10-20 19:50:24,308 | INFO  | OMAudit | user=runner | ip=127.0.0.1 | op=READ_BUCKET {"volume":"45cbc229-4cee-44da-86be-273c8345f821","bucket":"431bf61f-cb0f-430d-b695-c076f4279556"} | ret=SUCCESS |  
2025-10-20 19:50:24,309 | INFO  | SCMAudit | user=runner | ip=127.0.0.1 | op=ALLOCATE_BLOCK {"replication":"RATIS/THREE","owner":"omServiceIdDefault","size":"4194304","sampleBlocks":"[conID: 15 locID: 115816896921600080]","num":"1","client":"","allocated":"1"} | ret=SUCCESS |  
2025-10-20 19:50:24,312 | INFO  | OMAudit | user=runner | ip=127.0.0.1 | op=ALLOCATE_KEY {"volume":"45cbc229-4cee-44da-86be-273c8345f821","bucket":"431bf61f-cb0f-430d-b695-c076f4279556","key":"f2fd8600-83b7-45fe-91da-0047b6f69834","dataSize":"4194304","replicationType":"RATIS","replicationFactor":"THREE","Transaction":"268"} | ret=SUCCESS |  
2025-10-20 19:50:24,313 | INFO  | OMAudit | user=runner | ip=127.0.0.1 | op=READ_VOLUME {"volume":"45cbc229-4cee-44da-86be-273c8345f821"} | ret=SUCCESS |  
2025-10-20 19:50:24,314 | INFO  | OMAudit | user=runner | ip=127.0.0.1 | op=READ_BUCKET {"volume":"45cbc229-4cee-44da-86be-273c8345f821","bucket":"431bf61f-cb0f-430d-b695-c076f4279556"} | ret=SUCCESS |  
2025-10-20 19:50:24,337 | INFO  | ContainerLog | ID=15 | Index=0 | BCSID=0 | State=OPEN | Volume=/home/runner/work/ozone/ozone/hadoop-ozone/integration-test/target/test-dir/MiniOzoneClusterImpl-6935df51-69ff-4c35-8bd4-ed2b81d70e54/ozone-metadata/datanode-5/data-0/hdds | DataChecksum=0 |  
2025-10-20 19:50:24,340 | INFO  | ContainerLog | ID=15 | Index=0 | BCSID=0 | State=OPEN | Volume=/home/runner/work/ozone/ozone/hadoop-ozone/integration-test/target/test-dir/MiniOzoneClusterImpl-6935df51-69ff-4c35-8bd4-ed2b81d70e54/ozone-metadata/datanode-6/data-0/hdds | DataChecksum=0 |  
2025-10-20 19:50:24,341 | INFO  | SCMAudit | user=runner | ip=127.0.0.1 | op=SEND_HEARTBEAT {"datanodeUUID":"af0e5da1-57af-45e9-9aca-fa0798d05628","term":"2","command":"[]"} | ret=SUCCESS |  
2025-10-20 19:50:24,341 | INFO  | ContainerLog | ID=15 | Index=0 | BCSID=0 | State=OPEN | Volume=/home/runner/work/ozone/ozone/hadoop-ozone/integration-test/target/test-dir/MiniOzoneClusterImpl-6935df51-69ff-4c35-8bd4-ed2b81d70e54/ozone-metadata/datanode-4/data-0/hdds | DataChecksum=0 |  
2025-10-20 19:50:24,342 | INFO  | SCMAudit | user=runner | ip=127.0.0.1 | op=SEND_HEARTBEAT {"datanodeUUID":"b614738c-cdff-4f09-bf59-ed5bb75d51be","term":"2","command":"[]"} | ret=SUCCESS |  
2025-10-20 19:50:24,343 | INFO  | SCMAudit | user=runner | ip=127.0.0.1 | op=SEND_HEARTBEAT {"datanodeUUID":"c90bff1f-5a1f-42c6-8fca-9533d718c79a","term":"2","command":"[]"} | ret=SUCCESS |  
2025-10-20 19:50:24,344 | INFO  | SCMAudit | user=runner | ip=127.0.0.1 | op=SEND_HEARTBEAT {"datanodeUUID":"38991c48-ffb3-4453-b758-77d6b4ebc62b","term":"2","command":"[]"} | ret=SUCCESS |  
2025-10-20 19:50:24,395 | INFO  | OMAudit | user=runner | ip=127.0.0.1 | op=COMMIT_KEY {"volume":"45cbc229-4cee-44da-86be-273c8345f821","bucket":"431bf61f-cb0f-430d-b695-c076f4279556","key":"f2fd8600-83b7-45fe-91da-0047b6f69834","dataSize":"4194304","replicationType":"RATIS","replicationFactor":"THREE","Transaction":"269"} | ret=SUCCESS |  
2025-10-20 19:50:24,397 | INFO  | OMAudit | user=runner | ip=127.0.0.1 | op=READ_VOLUME {"volume":"45cbc229-4cee-44da-86be-273c8345f821"} | ret=SUCCESS |  
2025-10-20 19:50:24,398 | INFO  | OMAudit | user=runner | ip=127.0.0.1 | op=READ_BUCKET {"volume":"45cbc229-4cee-44da-86be-273c8345f821","bucket":"431bf61f-cb0f-430d-b695-c076f4279556"} | ret=SUCCESS |  
2025-10-20 19:50:24,399 | INFO  | OMAudit | user=runner | ip=127.0.0.1 | op=READ_BUCKET {"volume":"45cbc229-4cee-44da-86be-273c8345f821","bucket":"431bf61f-cb0f-430d-b695-c076f4279556"} | ret=SUCCESS |  
2025-10-20 19:50:24,401 | INFO  | SCMAudit | user=runner | ip=127.0.0.1 | op=ALLOCATE_BLOCK {"replication":"RATIS/THREE","owner":"omServiceIdDefault","size":"4194304","sampleBlocks":"[conID: 18 locID: 115816896921600081]","num":"1","client":"","allocated":"1"} | ret=SUCCESS |  
2025-10-20 19:50:24,404 | INFO  | OMAudit | user=runner | ip=127.0.0.1 | op=ALLOCATE_KEY {"volume":"45cbc229-4cee-44da-86be-273c8345f821","bucket":"431bf61f-cb0f-430d-b695-c076f4279556","key":"f2fd8600-83b7-45fe-91da-0047b6f69834","dataSize":"4194304","replicationType":"RATIS","replicationFactor":"THREE","Transaction":"270"} | ret=SUCCESS |  
2025-10-20 19:50:24,406 | INFO  | OMAudit | user=runner | ip=127.0.0.1 | op=READ_VOLUME {"volume":"45cbc229-4cee-44da-86be-273c8345f821"} | ret=SUCCESS |  
2025-10-20 19:50:24,407 | INFO  | OMAudit | user=runner | ip=127.0.0.1 | op=READ_BUCKET {"volume":"45cbc229-4cee-44da-86be-273c8345f821","bucket":"431bf61f-cb0f-430d-b695-c076f4279556"} | ret=SUCCESS |  
2025-10-20 19:50:24,466 | INFO  | ContainerLog | ID=18 | Index=0 | BCSID=0 | State=OPEN | Volume=/home/runner/work/ozone/ozone/hadoop-ozone/integration-test/target/test-dir/MiniOzoneClusterImpl-6935df51-69ff-4c35-8bd4-ed2b81d70e54/ozone-metadata/datanode-6/data-0/hdds | DataChecksum=0 |  
2025-10-20 19:50:24,467 | INFO  | ContainerLog | ID=18 | Index=0 | BCSID=0 | State=OPEN | Volume=/home/runner/work/ozone/ozone/hadoop-ozone/integration-test/target/test-dir/MiniOzoneClusterImpl-6935df51-69ff-4c35-8bd4-ed2b81d70e54/ozone-metadata/datanode-4/data-0/hdds | DataChecksum=0 |  
2025-10-20 19:50:24,470 | INFO  | SCMAudit | user=runner | ip=127.0.0.1 | op=SEND_HEARTBEAT {"datanodeUUID":"b614738c-cdff-4f09-bf59-ed5bb75d51be","term":"2","command":"[]"} | ret=SUCCESS |  
2025-10-20 19:50:24,493 | INFO  | SCMAudit | user=runner | ip=127.0.0.1 | op=SEND_HEARTBEAT {"datanodeUUID":"c90bff1f-5a1f-42c6-8fca-9533d718c79a","term":"2","command":"[]"} | ret=SUCCESS |  
2025-10-20 19:50:24,508 | INFO  | ContainerLog | ID=18 | Index=0 | BCSID=0 | State=OPEN | Volume=/home/runner/work/ozone/ozone/hadoop-ozone/integration-test/target/test-dir/MiniOzoneClusterImpl-6935df51-69ff-4c35-8bd4-ed2b81d70e54/ozone-metadata/datanode-5/data-0/hdds | DataChecksum=0 |  
2025-10-20 19:50:24,513 | INFO  | SCMAudit | user=runner | ip=127.0.0.1 | op=SEND_HEARTBEAT {"datanodeUUID":"af0e5da1-57af-45e9-9aca-fa0798d05628","term":"2","command":"[]"} | ret=SUCCESS |  
2025-10-20 19:50:24,574 | INFO  | OMAudit | user=runner | ip=127.0.0.1 | op=COMMIT_KEY {"volume":"45cbc229-4cee-44da-86be-273c8345f821","bucket":"431bf61f-cb0f-430d-b695-c076f4279556","key":"f2fd8600-83b7-45fe-91da-0047b6f69834","dataSize":"4194304","replicationType":"RATIS","replicationFactor":"THREE","Transaction":"271"} | ret=SUCCESS |  
2025-10-20 19:50:24,578 | INFO  | OMAudit | user=runner | ip=127.0.0.1 | op=READ_VOLUME {"volume":"45cbc229-4cee-44da-86be-273c8345f821"} | ret=SUCCESS |  
2025-10-20 19:50:24,580 | INFO  | OMAudit | user=runner | ip=127.0.0.1 | op=READ_BUCKET {"volume":"45cbc229-4cee-44da-86be-273c8345f821","bucket":"431bf61f-cb0f-430d-b695-c076f4279556"} | ret=SUCCESS |  
2025-10-20 19:50:25,138 [om1-KeyDeletingService#1] INFO  service.KeyDeletingService (KeyDeletingService.java:processKeyDeletes(151)) - Send 1 key(s) to SCM, first 1 keys: [PurgedKey{blockGroup=BlockGroup[groupID='/45cbc229-4cee-44da-86be-273c8345f821/431bf61f-cb0f-430d-b695-c076f4279556/f2fd8600-83b7-45fe-91da-0047b6f69834/-9223372036854706432/0', blockIDs=[conID: 15 locID: 115816896921600080 bcsId: 0 replicaIndex: null]], volume='45cbc229-4cee-44da-86be-273c8345f821', bucket='431bf61f-cb0f-430d-b695-c076f4279556', bucketId=-9223372036854707456, purgedBytes=12582912, isCommittedKey=true, deleteKeyName='/45cbc229-4cee-44da-86be-273c8345f821/431bf61f-cb0f-430d-b695-c076f4279556/f2fd8600-83b7-45fe-91da-0047b6f69834/-9223372036854706432'}]
2025-10-20 19:50:25,142 | INFO  | SCMAudit | user=runner | ip=127.0.0.1 | op=DELETE_KEY_BLOCK {"KeyBlockToDelete":"[BlockGroup[groupID='/45cbc229-4cee-44da-86be-273c8345f821/431bf61f-cb0f-430d-b695-c076f4279556/f2fd8600-83b7-45fe-91da-0047b6f69834/-9223372036854706432/0', blockIDs=[conID: 15 locID: 115816896921600080 bcsId: 0 replicaIndex: null]]]"} | ret=SUCCESS |  
2025-10-20 19:50:25,142 | INFO  | SCMAudit | user=runner | ip=127.0.0.1 | op=SEND_HEARTBEAT {"datanodeUUID":"d7d8cf72-b9f6-4979-9c53-007dd6e6e48a","term":"2","command":"[]"} | ret=SUCCESS |  
2025-10-20 19:50:25,143 [om1-KeyDeletingService#1] INFO  service.KeyDeletingService (KeyDeletingService.java:processKeyDeletes(158)) - 1 BlockGroup deletion are acked by SCM in 5 ms
2025-10-20 19:50:25,146 [om1-KeyDeletingService#1] INFO  service.KeyDeletingService (KeyDeletingService.java:processKeyDeletes(166)) - Blocks for 1 (out of 1) keys are deleted from DB in 2 ms. Limit per task is 50000.
2025-10-20 19:50:25,160 | INFO  | SCMAudit | user=runner | ip=127.0.0.1 | op=SEND_HEARTBEAT {"datanodeUUID":"4f2bb3f5-0e03-4f1b-bb4c-79c91b98c7da","term":"2","command":"[]"} | ret=SUCCESS |  
2025-10-20 19:50:25,186 | INFO  | SCMAudit | user=runner | ip=127.0.0.1 | op=SEND_HEARTBEAT {"datanodeUUID":"feb39a1c-80cb-4714-ab06-a361236e3029","term":"2","command":"[]"} | ret=SUCCESS |  
2025-10-20 19:50:25,213 | INFO  | SCMAudit | user=runner | ip=127.0.0.1 | op=SEND_HEARTBEAT {"datanodeUUID":"ef67b0a7-5b27-496d-9f38-ab804a28e500","term":"2","command":"[]"} | ret=SUCCESS |  
2025-10-20 19:50:25,217 | INFO  | SCMAudit | user=runner | ip=127.0.0.1 | op=SEND_HEARTBEAT {"datanodeUUID":"e05592a5-d00f-4fc1-9e39-a968c1ecb04e","term":"2","command":"[]"} | ret=SUCCESS |  
2025-10-20 19:50:25,222 | INFO  | SCMAudit | user=runner | ip=127.0.0.1 | op=SEND_HEARTBEAT {"datanodeUUID":"361055de-215b-4c6c-94c2-be1c1da118d1","term":"2","command":"[]"} | ret=SUCCESS |  
2025-10-20 19:50:25,245 | INFO  | SCMAudit | user=runner | ip=127.0.0.1 | op=SEND_HEARTBEAT {"datanodeUUID":"33f74daf-be7a-4306-b2af-53e409c4cb93","term":"2","command":"[]"} | ret=SUCCESS |  
2025-10-20 19:50:25,266 | INFO  | SCMAudit | user=runner | ip=127.0.0.1 | op=SEND_HEARTBEAT {"datanodeUUID":"7bb0e7f0-2b36-4ec0-8a09-ceac75d91a36","term":"2","command":"[]"} | ret=SUCCESS |  
2025-10-20 19:50:25,270 | INFO  | SCMAudit | user=runner | ip=127.0.0.1 | op=SEND_HEARTBEAT {"datanodeUUID":"cc7fbe85-1d98-437b-84f9-04213fee10f0","term":"2","command":"[]"} | ret=SUCCESS |  
2025-10-20 19:50:25,270 | INFO  | SCMAudit | user=runner | ip=127.0.0.1 | op=SEND_HEARTBEAT {"datanodeUUID":"605be85e-a7f4-44d7-8cfd-f53001b990b0","term":"2","command":"[]"} | ret=SUCCESS |  
2025-10-20 19:50:25,342 | INFO  | SCMAudit | user=runner | ip=127.0.0.1 | op=SEND_HEARTBEAT {"datanodeUUID":"38991c48-ffb3-4453-b758-77d6b4ebc62b","term":"2","command":"[]"} | ret=SUCCESS |  
2025-10-20 19:50:25,467 | INFO  | SCMAudit | user=runner | ip=127.0.0.1 | op=SEND_HEARTBEAT {"datanodeUUID":"b614738c-cdff-4f09-bf59-ed5bb75d51be","term":"2","command":"[]"} | ret=SUCCESS |  
2025-10-20 19:50:25,470 | INFO  | SCMAudit | user=runner | ip=127.0.0.1 | op=SEND_HEARTBEAT {"datanodeUUID":"c90bff1f-5a1f-42c6-8fca-9533d718c79a","term":"2","command":"[]"} | ret=SUCCESS |  
2025-10-20 19:50:25,509 | INFO  | SCMAudit | user=runner | ip=127.0.0.1 | op=SEND_HEARTBEAT {"datanodeUUID":"af0e5da1-57af-45e9-9aca-fa0798d05628","term":"2","command":"[]"} | ret=SUCCESS |  
2025-10-20 19:50:25,582 | INFO  | OMAudit | user=runner | ip=127.0.0.1 | op=READ_VOLUME {"volume":"45cbc229-4cee-44da-86be-273c8345f821"} | ret=SUCCESS |  
2025-10-20 19:50:25,583 | INFO  | OMAudit | user=runner | ip=127.0.0.1 | op=READ_BUCKET {"volume":"45cbc229-4cee-44da-86be-273c8345f821","bucket":"431bf61f-cb0f-430d-b695-c076f4279556"} | ret=SUCCESS |  
2025-10-20 19:50:25,587 | INFO  | OMAudit | user=runner | ip=127.0.0.1 | op=DELETE_KEY {"volume":"45cbc229-4cee-44da-86be-273c8345f821","bucket":"431bf61f-cb0f-430d-b695-c076f4279556","key":"f2fd8600-83b7-45fe-91da-0047b6f69834","dataSize":"4194304","replicationConfig":"RATIS/THREE","Transaction":"273"} | ret=SUCCESS |  
2025-10-20 19:50:25,588 | INFO  | OMAudit | user=runner | ip=127.0.0.1 | op=READ_VOLUME {"volume":"45cbc229-4cee-44da-86be-273c8345f821"} | ret=SUCCESS |  
2025-10-20 19:50:25,589 | INFO  | OMAudit | user=runner | ip=127.0.0.1 | op=READ_BUCKET {"volume":"45cbc229-4cee-44da-86be-273c8345f821","bucket":"431bf61f-cb0f-430d-b695-c076f4279556"} | ret=SUCCESS |  
2025-10-20 19:50:26,136 [om1-KeyDeletingService#8] INFO  service.KeyDeletingService (KeyDeletingService.java:processKeyDeletes(151)) - Send 1 key(s) to SCM, first 1 keys: [PurgedKey{blockGroup=BlockGroup[groupID='/45cbc229-4cee-44da-86be-273c8345f821/431bf61f-cb0f-430d-b695-c076f4279556/f2fd8600-83b7-45fe-91da-0047b6f69834/-9223372036854707199/0', blockIDs=[conID: 18 locID: 115816896921600081 bcsId: 0 replicaIndex: null]], volume='45cbc229-4cee-44da-86be-273c8345f821', bucket='431bf61f-cb0f-430d-b695-c076f4279556', bucketId=-9223372036854707456, purgedBytes=12582912, isCommittedKey=true, deleteKeyName='/45cbc229-4cee-44da-86be-273c8345f821/431bf61f-cb0f-430d-b695-c076f4279556/f2fd8600-83b7-45fe-91da-0047b6f69834/-9223372036854707199'}]
2025-10-20 19:50:26,138 | INFO  | SCMAudit | user=runner | ip=127.0.0.1 | op=DELETE_KEY_BLOCK {"KeyBlockToDelete":"[BlockGroup[groupID='/45cbc229-4cee-44da-86be-273c8345f821/431bf61f-cb0f-430d-b695-c076f4279556/f2fd8600-83b7-45fe-91da-0047b6f69834/-9223372036854707199/0', blockIDs=[conID: 18 locID: 115816896921600081 bcsId: 0 replicaIndex: null]]]"} | ret=SUCCESS |  
2025-10-20 19:50:26,139 [om1-KeyDeletingService#8] INFO  service.KeyDeletingService (KeyDeletingService.java:processKeyDeletes(158)) - 1 BlockGroup deletion are acked by SCM in 2 ms
2025-10-20 19:50:26,140 [om1-KeyDeletingService#8] INFO  service.KeyDeletingService (KeyDeletingService.java:processKeyDeletes(166)) - Blocks for 1 (out of 1) keys are deleted from DB in 2 ms. Limit per task is 50000.
2025-10-20 19:50:26,141 | INFO  | SCMAudit | user=runner | ip=127.0.0.1 | op=SEND_HEARTBEAT {"datanodeUUID":"d7d8cf72-b9f6-4979-9c53-007dd6e6e48a","term":"2","command":"[]"} | ret=SUCCESS |  
2025-10-20 19:50:26,161 | INFO  | SCMAudit | user=runner | ip=127.0.0.1 | op=SEND_HEARTBEAT {"datanodeUUID":"4f2bb3f5-0e03-4f1b-bb4c-79c91b98c7da","term":"2","command":"[]"} | ret=SUCCESS |  
2025-10-20 19:50:26,185 | INFO  | SCMAudit | user=runner | ip=127.0.0.1 | op=SEND_HEARTBEAT {"datanodeUUID":"feb39a1c-80cb-4714-ab06-a361236e3029","term":"2","command":"[]"} | ret=SUCCESS |  
2025-10-20 19:50:26,213 | INFO  | SCMAudit | user=runner | ip=127.0.0.1 | op=SEND_HEARTBEAT {"datanodeUUID":"ef67b0a7-5b27-496d-9f38-ab804a28e500","term":"2","command":"[]"} | ret=SUCCESS |  
2025-10-20 19:50:26,218 | INFO  | SCMAudit | user=runner | ip=127.0.0.1 | op=SEND_HEARTBEAT {"datanodeUUID":"e05592a5-d00f-4fc1-9e39-a968c1ecb04e","term":"2","command":"[]"} | ret=SUCCESS |  
2025-10-20 19:50:26,223 | INFO  | SCMAudit | user=runner | ip=127.0.0.1 | op=SEND_HEARTBEAT {"datanodeUUID":"361055de-215b-4c6c-94c2-be1c1da118d1","term":"2","command":"[]"} | ret=SUCCESS |  
2025-10-20 19:50:26,246 | INFO  | SCMAudit | user=runner | ip=127.0.0.1 | op=SEND_HEARTBEAT {"datanodeUUID":"33f74daf-be7a-4306-b2af-53e409c4cb93","term":"2","command":"[]"} | ret=SUCCESS |  
2025-10-20 19:50:26,266 | INFO  | SCMAudit | user=runner | ip=127.0.0.1 | op=SEND_HEARTBEAT {"datanodeUUID":"7bb0e7f0-2b36-4ec0-8a09-ceac75d91a36","term":"2","command":"[]"} | ret=SUCCESS |  
2025-10-20 19:50:26,271 | INFO  | SCMAudit | user=runner | ip=127.0.0.1 | op=SEND_HEARTBEAT {"datanodeUUID":"605be85e-a7f4-44d7-8cfd-f53001b990b0","term":"2","command":"[]"} | ret=SUCCESS |  
2025-10-20 19:50:26,271 | INFO  | SCMAudit | user=runner | ip=127.0.0.1 | op=SEND_HEARTBEAT {"datanodeUUID":"cc7fbe85-1d98-437b-84f9-04213fee10f0","term":"2","command":"[]"} | ret=SUCCESS |  
2025-10-20 19:50:26,341 | INFO  | SCMAudit | user=runner | ip=127.0.0.1 | op=SEND_HEARTBEAT {"datanodeUUID":"38991c48-ffb3-4453-b758-77d6b4ebc62b","term":"2","command":"[]"} | ret=SUCCESS |  
2025-10-20 19:50:26,466 | INFO  | SCMAudit | user=runner | ip=127.0.0.1 | op=SEND_HEARTBEAT {"datanodeUUID":"b614738c-cdff-4f09-bf59-ed5bb75d51be","term":"2","command":"[]"} | ret=SUCCESS |  
2025-10-20 19:50:26,470 | INFO  | SCMAudit | user=runner | ip=127.0.0.1 | op=SEND_HEARTBEAT {"datanodeUUID":"c90bff1f-5a1f-42c6-8fca-9533d718c79a","term":"2","command":"[]"} | ret=SUCCESS |  
2025-10-20 19:50:26,510 | INFO  | SCMAudit | user=runner | ip=127.0.0.1 | op=SEND_HEARTBEAT {"datanodeUUID":"af0e5da1-57af-45e9-9aca-fa0798d05628","term":"2","command":"[]"} | ret=SUCCESS |  
2025-10-20 19:50:26,590 | INFO  | OMAudit | user=runner | ip=127.0.0.1 | op=READ_VOLUME {"volume":"45cbc229-4cee-44da-86be-273c8345f821"} | ret=SUCCESS |  
2025-10-20 19:50:26,591 | INFO  | OMAudit | user=runner | ip=127.0.0.1 | op=READ_BUCKET {"volume":"45cbc229-4cee-44da-86be-273c8345f821","bucket":"431bf61f-cb0f-430d-b695-c076f4279556"} | ret=SUCCESS |  
2025-10-20 19:50:26,592 [ForkJoinPool-1-worker-1] INFO  rpc.RpcClient (RpcClient.java:createVolume(461)) - Creating Volume: a9366325-95cb-4bb7-8153-e9129638dbb2, with runner as owner and space quota set to -1 bytes, counts quota set to -1
2025-10-20 19:50:26,594 [om1-OMStateMachineApplyTransactionThread - 0] INFO  volume.OMVolumeCreateRequest (OMVolumeCreateRequest.java:validateAndUpdateCache(213)) - created volume:a9366325-95cb-4bb7-8153-e9129638dbb2 for user:runner
2025-10-20 19:50:26,594 | INFO  | OMAudit | user=runner | ip=127.0.0.1 | op=CREATE_VOLUME {"admin":"runner","owner":"runner","volume":"a9366325-95cb-4bb7-8153-e9129638dbb2","creationTime":"1760989826593","modificationTime":"1760989826593","quotaInBytes":"-1","quotaInNamespace":"-1","usedNamespace":"0","objectID":"-9223372036854705408","updateID":"275","Transaction":"275"} | ret=SUCCESS |  
2025-10-20 19:50:26,595 | INFO  | OMAudit | user=runner | ip=127.0.0.1 | op=READ_VOLUME {"volume":"a9366325-95cb-4bb7-8153-e9129638dbb2"} | ret=SUCCESS |  
2025-10-20 19:50:26,596 [ForkJoinPool-1-worker-1] INFO  rpc.RpcClient (RpcClient.java:createBucket(686)) - Creating Bucket: a9366325-95cb-4bb7-8153-e9129638dbb2/3121fb32-210d-4342-abf0-cbedfabb72be, with server-side default bucket layout, runner as owner, Versioning false, Storage Type set to DISK and Encryption set to false, Replication Type set to server-side default replication type, Namespace Quota set to -1, Space Quota set to -1 
2025-10-20 19:50:26,597 [om1-OMStateMachineApplyTransactionThread - 0] INFO  bucket.OMBucketCreateRequest (OMBucketCreateRequest.java:validateAndUpdateCache(303)) - created bucket: 3121fb32-210d-4342-abf0-cbedfabb72be of layout FILE_SYSTEM_OPTIMIZED in volume: a9366325-95cb-4bb7-8153-e9129638dbb2
2025-10-20 19:50:26,598 | INFO  | OMAudit | user=runner | ip=127.0.0.1 | op=CREATE_BUCKET {"volume":"a9366325-95cb-4bb7-8153-e9129638dbb2","bucket":"3121fb32-210d-4342-abf0-cbedfabb72be","bucketLayout":"FILE_SYSTEM_OPTIMIZED","gdprEnabled":null,"acls":"[user:runner:a[ACCESS], group:runner:rl[ACCESS]]","isVersionEnabled":"false","storageType":"DISK","creationTime":"1760989826596","bucketEncryptionKey":null,"modificationTime":"1760989826596","usedBytes":"0","usedNamespace":"0","snapshotUsedBytes":"0","snapshotUsedNamespace":"0","owner":"runner","replicationType":null,"replicationConfig":null,"quotaInBytes":"-1","quotaInNamespace":"-1","Transaction":"276"} | ret=SUCCESS |  
2025-10-20 19:50:26,599 | INFO  | OMAudit | user=runner | ip=127.0.0.1 | op=READ_BUCKET {"volume":"a9366325-95cb-4bb7-8153-e9129638dbb2","bucket":"3121fb32-210d-4342-abf0-cbedfabb72be"} | ret=SUCCESS |  
2025-10-20 19:50:26,600 | INFO  | OMAudit | user=runner | ip=127.0.0.1 | op=READ_BUCKET {"volume":"a9366325-95cb-4bb7-8153-e9129638dbb2","bucket":"3121fb32-210d-4342-abf0-cbedfabb72be"} | ret=SUCCESS |  
2025-10-20 19:50:26,601 | INFO  | SCMAudit | user=runner | ip=127.0.0.1 | op=ALLOCATE_BLOCK {"replication":"RATIS/THREE","owner":"omServiceIdDefault","size":"4194304","sampleBlocks":"[conID: 17 locID: 115816896921600082, conID: 18 locID: 115816896921600083]","num":"2","client":"","allocated":"2"} | ret=SUCCESS |  
2025-10-20 19:50:26,604 | INFO  | OMAudit | user=runner | ip=127.0.0.1 | op=ALLOCATE_KEY {"volume":"a9366325-95cb-4bb7-8153-e9129638dbb2","bucket":"3121fb32-210d-4342-abf0-cbedfabb72be","key":"aa8388f7-c74b-4ce4-82e1-af3d8475e058","dataSize":"4194305","replicationType":"RATIS","replicationFactor":"THREE","Transaction":"277"} | ret=SUCCESS |  
2025-10-20 19:50:26,607 | INFO  | OMAudit | user=runner | ip=127.0.0.1 | op=READ_VOLUME {"volume":"a9366325-95cb-4bb7-8153-e9129638dbb2"} | ret=SUCCESS |  
2025-10-20 19:50:26,608 | INFO  | OMAudit | user=runner | ip=127.0.0.1 | op=READ_BUCKET {"volume":"a9366325-95cb-4bb7-8153-e9129638dbb2","bucket":"3121fb32-210d-4342-abf0-cbedfabb72be"} | ret=SUCCESS |  
2025-10-20 19:50:26,698 | INFO  | OMAudit | user=runner | ip=127.0.0.1 | op=COMMIT_KEY {"volume":"a9366325-95cb-4bb7-8153-e9129638dbb2","bucket":"3121fb32-210d-4342-abf0-cbedfabb72be","key":"aa8388f7-c74b-4ce4-82e1-af3d8475e058","dataSize":"4194305","replicationType":"RATIS","replicationFactor":"THREE","Transaction":"278"} | ret=SUCCESS |  
2025-10-20 19:50:26,700 | INFO  | OMAudit | user=runner | ip=127.0.0.1 | op=READ_VOLUME {"volume":"a9366325-95cb-4bb7-8153-e9129638dbb2"} | ret=SUCCESS |  
2025-10-20 19:50:26,702 | INFO  | OMAudit | user=runner | ip=127.0.0.1 | op=READ_BUCKET {"volume":"a9366325-95cb-4bb7-8153-e9129638dbb2","bucket":"3121fb32-210d-4342-abf0-cbedfabb72be"} | ret=SUCCESS |  
2025-10-20 19:50:26,703 | INFO  | OMAudit | user=runner | ip=127.0.0.1 | op=READ_BUCKET {"volume":"a9366325-95cb-4bb7-8153-e9129638dbb2","bucket":"3121fb32-210d-4342-abf0-cbedfabb72be"} | ret=SUCCESS |  
2025-10-20 19:50:26,706 | INFO  | SCMAudit | user=runner | ip=127.0.0.1 | op=ALLOCATE_BLOCK {"replication":"RATIS/THREE","owner":"omServiceIdDefault","size":"4194304","sampleBlocks":"[conID: 19 locID: 115816896921600084, conID: 16 locID: 115816896921600085]","num":"2","client":"","allocated":"2"} | ret=SUCCESS |  
2025-10-20 19:50:26,710 | INFO  | OMAudit | user=runner | ip=127.0.0.1 | op=ALLOCATE_KEY {"volume":"a9366325-95cb-4bb7-8153-e9129638dbb2","bucket":"3121fb32-210d-4342-abf0-cbedfabb72be","key":"aa8388f7-c74b-4ce4-82e1-af3d8475e058","dataSize":"4194305","replicationType":"RATIS","replicationFactor":"THREE","Transaction":"279"} | ret=SUCCESS |  
2025-10-20 19:50:26,713 | INFO  | OMAudit | user=runner | ip=127.0.0.1 | op=READ_VOLUME {"volume":"a9366325-95cb-4bb7-8153-e9129638dbb2"} | ret=SUCCESS |  
2025-10-20 19:50:26,714 | INFO  | OMAudit | user=runner | ip=127.0.0.1 | op=READ_BUCKET {"volume":"a9366325-95cb-4bb7-8153-e9129638dbb2","bucket":"3121fb32-210d-4342-abf0-cbedfabb72be"} | ret=SUCCESS |  
2025-10-20 19:50:26,750 | INFO  | ContainerLog | ID=19 | Index=0 | BCSID=0 | State=OPEN | Volume=/home/runner/work/ozone/ozone/hadoop-ozone/integration-test/target/test-dir/MiniOzoneClusterImpl-6935df51-69ff-4c35-8bd4-ed2b81d70e54/ozone-metadata/datanode-11/data-0/hdds | DataChecksum=0 |  
2025-10-20 19:50:26,753 | INFO  | ContainerLog | ID=19 | Index=0 | BCSID=0 | State=OPEN | Volume=/home/runner/work/ozone/ozone/hadoop-ozone/integration-test/target/test-dir/MiniOzoneClusterImpl-6935df51-69ff-4c35-8bd4-ed2b81d70e54/ozone-metadata/datanode-12/data-0/hdds | DataChecksum=0 |  
2025-10-20 19:50:26,753 | INFO  | ContainerLog | ID=19 | Index=0 | BCSID=0 | State=OPEN | Volume=/home/runner/work/ozone/ozone/hadoop-ozone/integration-test/target/test-dir/MiniOzoneClusterImpl-6935df51-69ff-4c35-8bd4-ed2b81d70e54/ozone-metadata/datanode-10/data-0/hdds | DataChecksum=0 |  
2025-10-20 19:50:26,757 | INFO  | SCMAudit | user=runner | ip=127.0.0.1 | op=SEND_HEARTBEAT {"datanodeUUID":"33f74daf-be7a-4306-b2af-53e409c4cb93","term":"2","command":"[]"} | ret=SUCCESS |  
2025-10-20 19:50:26,758 | INFO  | SCMAudit | user=runner | ip=127.0.0.1 | op=SEND_HEARTBEAT {"datanodeUUID":"4f2bb3f5-0e03-4f1b-bb4c-79c91b98c7da","term":"2","command":"[]"} | ret=SUCCESS |  
2025-10-20 19:50:26,758 | INFO  | SCMAudit | user=runner | ip=127.0.0.1 | op=SEND_HEARTBEAT {"datanodeUUID":"d7d8cf72-b9f6-4979-9c53-007dd6e6e48a","term":"2","command":"[]"} | ret=SUCCESS |  
2025-10-20 19:50:26,833 | INFO  | OMAudit | user=runner | ip=127.0.0.1 | op=COMMIT_KEY {"volume":"a9366325-95cb-4bb7-8153-e9129638dbb2","bucket":"3121fb32-210d-4342-abf0-cbedfabb72be","key":"aa8388f7-c74b-4ce4-82e1-af3d8475e058","dataSize":"4194305","replicationType":"RATIS","replicationFactor":"THREE","Transaction":"280"} | ret=SUCCESS |  
2025-10-20 19:50:26,835 | INFO  | OMAudit | user=runner | ip=127.0.0.1 | op=READ_VOLUME {"volume":"a9366325-95cb-4bb7-8153-e9129638dbb2"} | ret=SUCCESS |  
2025-10-20 19:50:26,837 | INFO  | OMAudit | user=runner | ip=127.0.0.1 | op=READ_BUCKET {"volume":"a9366325-95cb-4bb7-8153-e9129638dbb2","bucket":"3121fb32-210d-4342-abf0-cbedfabb72be"} | ret=SUCCESS |  
2025-10-20 19:50:27,136 [om1-KeyDeletingService#3] INFO  service.KeyDeletingService (KeyDeletingService.java:processKeyDeletes(151)) - Send 1 key(s) to SCM, first 1 keys: [PurgedKey{blockGroup=BlockGroup[groupID='/a9366325-95cb-4bb7-8153-e9129638dbb2/3121fb32-210d-4342-abf0-cbedfabb72be/aa8388f7-c74b-4ce4-82e1-af3d8475e058/-9223372036854704128/0', blockIDs=[conID: 17 locID: 115816896921600082 bcsId: 0 replicaIndex: null, conID: 18 locID: 115816896921600083 bcsId: 0 replicaIndex: null]], volume='a9366325-95cb-4bb7-8153-e9129638dbb2', bucket='3121fb32-210d-4342-abf0-cbedfabb72be', bucketId=-9223372036854705152, purgedBytes=12582915, isCommittedKey=true, deleteKeyName='/a9366325-95cb-4bb7-8153-e9129638dbb2/3121fb32-210d-4342-abf0-cbedfabb72be/aa8388f7-c74b-4ce4-82e1-af3d8475e058/-9223372036854704128'}]
2025-10-20 19:50:27,157 | INFO  | SCMAudit | user=runner | ip=127.0.0.1 | op=DELETE_KEY_BLOCK {"KeyBlockToDelete":"[BlockGroup[groupID='/a9366325-95cb-4bb7-8153-e9129638dbb2/3121fb32-210d-4342-abf0-cbedfabb72be/aa8388f7-c74b-4ce4-82e1-af3d8475e058/-9223372036854704128/0', blockIDs=[conID: 17 locID: 115816896921600082 bcsId: 0 replicaIndex: null, conID: 18 locID: 115816896921600083 bcsId: 0 replicaIndex: null]]]"} | ret=SUCCESS |  
2025-10-20 19:50:27,158 [om1-KeyDeletingService#3] INFO  service.KeyDeletingService (KeyDeletingService.java:processKeyDeletes(158)) - 1 BlockGroup deletion are acked by SCM in 21 ms
2025-10-20 19:50:27,185 | INFO  | SCMAudit | user=runner | ip=127.0.0.1 | op=SEND_HEARTBEAT {"datanodeUUID":"feb39a1c-80cb-4714-ab06-a361236e3029","term":"2","command":"[]"} | ret=SUCCESS |  
2025-10-20 19:50:27,207 [om1-KeyDeletingService#3] INFO  service.KeyDeletingService (KeyDeletingService.java:processKeyDeletes(166)) - Blocks for 1 (out of 1) keys are deleted from DB in 49 ms. Limit per task is 50000.
2025-10-20 19:50:27,214 | INFO  | SCMAudit | user=runner | ip=127.0.0.1 | op=SEND_HEARTBEAT {"datanodeUUID":"ef67b0a7-5b27-496d-9f38-ab804a28e500","term":"2","command":"[]"} | ret=SUCCESS |  
2025-10-20 19:50:27,218 | INFO  | SCMAudit | user=runner | ip=127.0.0.1 | op=SEND_HEARTBEAT {"datanodeUUID":"e05592a5-d00f-4fc1-9e39-a968c1ecb04e","term":"2","command":"[]"} | ret=SUCCESS |  
2025-10-20 19:50:27,222 | INFO  | SCMAudit | user=runner | ip=127.0.0.1 | op=SEND_HEARTBEAT {"datanodeUUID":"361055de-215b-4c6c-94c2-be1c1da118d1","term":"2","command":"[]"} | ret=SUCCESS |  
2025-10-20 19:50:27,266 | INFO  | SCMAudit | user=runner | ip=127.0.0.1 | op=SEND_HEARTBEAT {"datanodeUUID":"7bb0e7f0-2b36-4ec0-8a09-ceac75d91a36","term":"2","command":"[]"} | ret=SUCCESS |  
2025-10-20 19:50:27,271 | INFO  | SCMAudit | user=runner | ip=127.0.0.1 | op=SEND_HEARTBEAT {"datanodeUUID":"605be85e-a7f4-44d7-8cfd-f53001b990b0","term":"2","command":"[]"} | ret=SUCCESS |  
2025-10-20 19:50:27,271 | INFO  | SCMAudit | user=runner | ip=127.0.0.1 | op=SEND_HEARTBEAT {"datanodeUUID":"cc7fbe85-1d98-437b-84f9-04213fee10f0","term":"2","command":"[]"} | ret=SUCCESS |  
2025-10-20 19:50:27,341 | INFO  | SCMAudit | user=runner | ip=127.0.0.1 | op=SEND_HEARTBEAT {"datanodeUUID":"38991c48-ffb3-4453-b758-77d6b4ebc62b","term":"2","command":"[]"} | ret=SUCCESS |  
2025-10-20 19:50:27,466 | INFO  | SCMAudit | user=runner | ip=127.0.0.1 | op=SEND_HEARTBEAT {"datanodeUUID":"b614738c-cdff-4f09-bf59-ed5bb75d51be","term":"2","command":"[]"} | ret=SUCCESS |  
2025-10-20 19:50:27,470 | INFO  | SCMAudit | user=runner | ip=127.0.0.1 | op=SEND_HEARTBEAT {"datanodeUUID":"c90bff1f-5a1f-42c6-8fca-9533d718c79a","term":"2","command":"[]"} | ret=SUCCESS |  
2025-10-20 19:50:27,509 | INFO  | SCMAudit | user=runner | ip=127.0.0.1 | op=SEND_HEARTBEAT {"datanodeUUID":"af0e5da1-57af-45e9-9aca-fa0798d05628","term":"2","command":"[]"} | ret=SUCCESS |  
2025-10-20 19:50:27,752 | INFO  | SCMAudit | user=runner | ip=127.0.0.1 | op=SEND_HEARTBEAT {"datanodeUUID":"4f2bb3f5-0e03-4f1b-bb4c-79c91b98c7da","term":"2","command":"[]"} | ret=SUCCESS |  
2025-10-20 19:50:27,755 | INFO  | SCMAudit | user=runner | ip=127.0.0.1 | op=SEND_HEARTBEAT {"datanodeUUID":"d7d8cf72-b9f6-4979-9c53-007dd6e6e48a","term":"2","command":"[]"} | ret=SUCCESS |  
2025-10-20 19:50:27,755 | INFO  | SCMAudit | user=runner | ip=127.0.0.1 | op=SEND_HEARTBEAT {"datanodeUUID":"33f74daf-be7a-4306-b2af-53e409c4cb93","term":"2","command":"[]"} | ret=SUCCESS |  
2025-10-20 19:50:27,838 | INFO  | OMAudit | user=runner | ip=127.0.0.1 | op=READ_VOLUME {"volume":"a9366325-95cb-4bb7-8153-e9129638dbb2"} | ret=SUCCESS |  
2025-10-20 19:50:27,839 | INFO  | OMAudit | user=runner | ip=127.0.0.1 | op=READ_BUCKET {"volume":"a9366325-95cb-4bb7-8153-e9129638dbb2","bucket":"3121fb32-210d-4342-abf0-cbedfabb72be"} | ret=SUCCESS |  
2025-10-20 19:50:27,843 | INFO  | OMAudit | user=runner | ip=127.0.0.1 | op=DELETE_KEY {"volume":"a9366325-95cb-4bb7-8153-e9129638dbb2","bucket":"3121fb32-210d-4342-abf0-cbedfabb72be","key":"aa8388f7-c74b-4ce4-82e1-af3d8475e058","dataSize":"4194305","replicationConfig":"RATIS/THREE","Transaction":"282"} | ret=SUCCESS |  
2025-10-20 19:50:27,844 | INFO  | OMAudit | user=runner | ip=127.0.0.1 | op=READ_VOLUME {"volume":"a9366325-95cb-4bb7-8153-e9129638dbb2"} | ret=SUCCESS |  
2025-10-20 19:50:27,845 | INFO  | OMAudit | user=runner | ip=127.0.0.1 | op=READ_BUCKET {"volume":"a9366325-95cb-4bb7-8153-e9129638dbb2","bucket":"3121fb32-210d-4342-abf0-cbedfabb72be"} | ret=SUCCESS |  
2025-10-20 19:50:28,136 [om1-KeyDeletingService#6] INFO  service.KeyDeletingService (KeyDeletingService.java:processKeyDeletes(151)) - Send 1 key(s) to SCM, first 1 keys: [PurgedKey{blockGroup=BlockGroup[groupID='/a9366325-95cb-4bb7-8153-e9129638dbb2/3121fb32-210d-4342-abf0-cbedfabb72be/aa8388f7-c74b-4ce4-82e1-af3d8475e058/-9223372036854704895/0', blockIDs=[conID: 19 locID: 115816896921600084 bcsId: 0 replicaIndex: null, conID: 16 locID: 115816896921600085 bcsId: 0 replicaIndex: null]], volume='a9366325-95cb-4bb7-8153-e9129638dbb2', bucket='3121fb32-210d-4342-abf0-cbedfabb72be', bucketId=-9223372036854705152, purgedBytes=12582915, isCommittedKey=true, deleteKeyName='/a9366325-95cb-4bb7-8153-e9129638dbb2/3121fb32-210d-4342-abf0-cbedfabb72be/aa8388f7-c74b-4ce4-82e1-af3d8475e058/-9223372036854704895'}]
2025-10-20 19:50:28,139 | INFO  | SCMAudit | user=runner | ip=127.0.0.1 | op=DELETE_KEY_BLOCK {"KeyBlockToDelete":"[BlockGroup[groupID='/a9366325-95cb-4bb7-8153-e9129638dbb2/3121fb32-210d-4342-abf0-cbedfabb72be/aa8388f7-c74b-4ce4-82e1-af3d8475e058/-9223372036854704895/0', blockIDs=[conID: 19 locID: 115816896921600084 bcsId: 0 replicaIndex: null, conID: 16 locID: 115816896921600085 bcsId: 0 replicaIndex: null]]]"} | ret=SUCCESS |  
2025-10-20 19:50:28,139 [om1-KeyDeletingService#6] INFO  service.KeyDeletingService (KeyDeletingService.java:processKeyDeletes(158)) - 1 BlockGroup deletion are acked by SCM in 3 ms
2025-10-20 19:50:28,141 [om1-KeyDeletingService#6] INFO  service.KeyDeletingService (KeyDeletingService.java:processKeyDeletes(166)) - Blocks for 1 (out of 1) keys are deleted from DB in 1 ms. Limit per task is 50000.
2025-10-20 19:50:28,186 | INFO  | SCMAudit | user=runner | ip=127.0.0.1 | op=SEND_HEARTBEAT {"datanodeUUID":"feb39a1c-80cb-4714-ab06-a361236e3029","term":"2","command":"[]"} | ret=SUCCESS |  
2025-10-20 19:50:28,214 | INFO  | SCMAudit | user=runner | ip=127.0.0.1 | op=SEND_HEARTBEAT {"datanodeUUID":"ef67b0a7-5b27-496d-9f38-ab804a28e500","term":"2","command":"[]"} | ret=SUCCESS |  
2025-10-20 19:50:28,218 | INFO  | SCMAudit | user=runner | ip=127.0.0.1 | op=SEND_HEARTBEAT {"datanodeUUID":"e05592a5-d00f-4fc1-9e39-a968c1ecb04e","term":"2","command":"[]"} | ret=SUCCESS |  
2025-10-20 19:50:28,222 | INFO  | SCMAudit | user=runner | ip=127.0.0.1 | op=SEND_HEARTBEAT {"datanodeUUID":"361055de-215b-4c6c-94c2-be1c1da118d1","term":"2","command":"[]"} | ret=SUCCESS |  
2025-10-20 19:50:28,267 | INFO  | SCMAudit | user=runner | ip=127.0.0.1 | op=SEND_HEARTBEAT {"datanodeUUID":"7bb0e7f0-2b36-4ec0-8a09-ceac75d91a36","term":"2","command":"[]"} | ret=SUCCESS |  
2025-10-20 19:50:28,270 | INFO  | SCMAudit | user=runner | ip=127.0.0.1 | op=SEND_HEARTBEAT {"datanodeUUID":"cc7fbe85-1d98-437b-84f9-04213fee10f0","term":"2","command":"[]"} | ret=SUCCESS |  
2025-10-20 19:50:28,271 | INFO  | SCMAudit | user=runner | ip=127.0.0.1 | op=SEND_HEARTBEAT {"datanodeUUID":"605be85e-a7f4-44d7-8cfd-f53001b990b0","term":"2","command":"[]"} | ret=SUCCESS |  
2025-10-20 19:50:28,342 | INFO  | SCMAudit | user=runner | ip=127.0.0.1 | op=SEND_HEARTBEAT {"datanodeUUID":"38991c48-ffb3-4453-b758-77d6b4ebc62b","term":"2","command":"[]"} | ret=SUCCESS |  
2025-10-20 19:50:28,466 | INFO  | SCMAudit | user=runner | ip=127.0.0.1 | op=SEND_HEARTBEAT {"datanodeUUID":"b614738c-cdff-4f09-bf59-ed5bb75d51be","term":"2","command":"[]"} | ret=SUCCESS |  
2025-10-20 19:50:28,470 | INFO  | SCMAudit | user=runner | ip=127.0.0.1 | op=SEND_HEARTBEAT {"datanodeUUID":"c90bff1f-5a1f-42c6-8fca-9533d718c79a","term":"2","command":"[]"} | ret=SUCCESS |  
2025-10-20 19:50:28,510 | INFO  | SCMAudit | user=runner | ip=127.0.0.1 | op=SEND_HEARTBEAT {"datanodeUUID":"af0e5da1-57af-45e9-9aca-fa0798d05628","term":"2","command":"[]"} | ret=SUCCESS |  
2025-10-20 19:50:28,751 | INFO  | SCMAudit | user=runner | ip=127.0.0.1 | op=SEND_HEARTBEAT {"datanodeUUID":"4f2bb3f5-0e03-4f1b-bb4c-79c91b98c7da","term":"2","command":"[]"} | ret=SUCCESS |  
2025-10-20 19:50:28,754 | INFO  | SCMAudit | user=runner | ip=127.0.0.1 | op=SEND_HEARTBEAT {"datanodeUUID":"33f74daf-be7a-4306-b2af-53e409c4cb93","term":"2","command":"[]"} | ret=SUCCESS |  
2025-10-20 19:50:28,754 | INFO  | SCMAudit | user=runner | ip=127.0.0.1 | op=SEND_HEARTBEAT {"datanodeUUID":"d7d8cf72-b9f6-4979-9c53-007dd6e6e48a","term":"2","command":"[]"} | ret=SUCCESS |  
2025-10-20 19:50:28,846 | INFO  | OMAudit | user=runner | ip=127.0.0.1 | op=READ_VOLUME {"volume":"a9366325-95cb-4bb7-8153-e9129638dbb2"} | ret=SUCCESS |  
2025-10-20 19:50:28,847 | INFO  | OMAudit | user=runner | ip=127.0.0.1 | op=READ_BUCKET {"volume":"a9366325-95cb-4bb7-8153-e9129638dbb2","bucket":"3121fb32-210d-4342-abf0-cbedfabb72be"} | ret=SUCCESS |  
2025-10-20 19:50:28,848 [ForkJoinPool-1-worker-1] INFO  rpc.RpcClient (RpcClient.java:createVolume(461)) - Creating Volume: 7e5ec21c-ad06-4be6-8ba9-080c49fe3d79, with runner as owner and space quota set to -1 bytes, counts quota set to -1
2025-10-20 19:50:28,850 [om1-OMStateMachineApplyTransactionThread - 0] INFO  volume.OMVolumeCreateRequest (OMVolumeCreateRequest.java:validateAndUpdateCache(213)) - created volume:7e5ec21c-ad06-4be6-8ba9-080c49fe3d79 for user:runner
2025-10-20 19:50:28,850 | INFO  | OMAudit | user=runner | ip=127.0.0.1 | op=CREATE_VOLUME {"admin":"runner","owner":"runner","volume":"7e5ec21c-ad06-4be6-8ba9-080c49fe3d79","creationTime":"1760989828849","modificationTime":"1760989828849","quotaInBytes":"-1","quotaInNamespace":"-1","usedNamespace":"0","objectID":"-9223372036854703104","updateID":"284","Transaction":"284"} | ret=SUCCESS |  
2025-10-20 19:50:28,852 | INFO  | OMAudit | user=runner | ip=127.0.0.1 | op=READ_VOLUME {"volume":"7e5ec21c-ad06-4be6-8ba9-080c49fe3d79"} | ret=SUCCESS |  
2025-10-20 19:50:28,853 [ForkJoinPool-1-worker-1] INFO  rpc.RpcClient (RpcClient.java:createBucket(686)) - Creating Bucket: 7e5ec21c-ad06-4be6-8ba9-080c49fe3d79/948f0e39-708a-492a-bb88-e4c7503bc179, with server-side default bucket layout, runner as owner, Versioning false, Storage Type set to DISK and Encryption set to false, Replication Type set to server-side default replication type, Namespace Quota set to -1, Space Quota set to -1 
2025-10-20 19:50:28,855 [om1-OMStateMachineApplyTransactionThread - 0] INFO  bucket.OMBucketCreateRequest (OMBucketCreateRequest.java:validateAndUpdateCache(303)) - created bucket: 948f0e39-708a-492a-bb88-e4c7503bc179 of layout FILE_SYSTEM_OPTIMIZED in volume: 7e5ec21c-ad06-4be6-8ba9-080c49fe3d79
2025-10-20 19:50:28,855 | INFO  | OMAudit | user=runner | ip=127.0.0.1 | op=CREATE_BUCKET {"volume":"7e5ec21c-ad06-4be6-8ba9-080c49fe3d79","bucket":"948f0e39-708a-492a-bb88-e4c7503bc179","bucketLayout":"FILE_SYSTEM_OPTIMIZED","gdprEnabled":null,"acls":"[user:runner:a[ACCESS], group:runner:rl[ACCESS]]","isVersionEnabled":"false","storageType":"DISK","creationTime":"1760989828854","bucketEncryptionKey":null,"modificationTime":"1760989828854","usedBytes":"0","usedNamespace":"0","snapshotUsedBytes":"0","snapshotUsedNamespace":"0","owner":"runner","replicationType":null,"replicationConfig":null,"quotaInBytes":"-1","quotaInNamespace":"-1","Transaction":"285"} | ret=SUCCESS |  
2025-10-20 19:50:28,856 | INFO  | OMAudit | user=runner | ip=127.0.0.1 | op=READ_BUCKET {"volume":"7e5ec21c-ad06-4be6-8ba9-080c49fe3d79","bucket":"948f0e39-708a-492a-bb88-e4c7503bc179"} | ret=SUCCESS |  
2025-10-20 19:50:28,858 | INFO  | OMAudit | user=runner | ip=127.0.0.1 | op=READ_BUCKET {"volume":"7e5ec21c-ad06-4be6-8ba9-080c49fe3d79","bucket":"948f0e39-708a-492a-bb88-e4c7503bc179"} | ret=SUCCESS |  
2025-10-20 19:50:28,858 | INFO  | SCMAudit | user=runner | ip=127.0.0.1 | op=ALLOCATE_BLOCK {"replication":"RATIS/THREE","owner":"omServiceIdDefault","size":"4194304","sampleBlocks":"[conID: 19 locID: 115816896921600086, conID: 16 locID: 115816896921600087]","num":"2","client":"","allocated":"2"} | ret=SUCCESS |  
2025-10-20 19:50:28,862 | INFO  | OMAudit | user=runner | ip=127.0.0.1 | op=ALLOCATE_KEY {"volume":"7e5ec21c-ad06-4be6-8ba9-080c49fe3d79","bucket":"948f0e39-708a-492a-bb88-e4c7503bc179","key":"2262741a-3736-4ead-bc6c-eeb497868aed","dataSize":"8388608","replicationType":"RATIS","replicationFactor":"THREE","Transaction":"286"} | ret=SUCCESS |  
2025-10-20 19:50:28,864 | INFO  | OMAudit | user=runner | ip=127.0.0.1 | op=READ_VOLUME {"volume":"7e5ec21c-ad06-4be6-8ba9-080c49fe3d79"} | ret=SUCCESS |  
2025-10-20 19:50:28,865 | INFO  | OMAudit | user=runner | ip=127.0.0.1 | op=READ_BUCKET {"volume":"7e5ec21c-ad06-4be6-8ba9-080c49fe3d79","bucket":"948f0e39-708a-492a-bb88-e4c7503bc179"} | ret=SUCCESS |  
2025-10-20 19:50:28,992 | INFO  | OMAudit | user=runner | ip=127.0.0.1 | op=COMMIT_KEY {"volume":"7e5ec21c-ad06-4be6-8ba9-080c49fe3d79","bucket":"948f0e39-708a-492a-bb88-e4c7503bc179","key":"2262741a-3736-4ead-bc6c-eeb497868aed","dataSize":"8388608","replicationType":"RATIS","replicationFactor":"THREE","Transaction":"287"} | ret=SUCCESS |  
2025-10-20 19:50:28,995 | INFO  | OMAudit | user=runner | ip=127.0.0.1 | op=READ_VOLUME {"volume":"7e5ec21c-ad06-4be6-8ba9-080c49fe3d79"} | ret=SUCCESS |  
2025-10-20 19:50:28,996 | INFO  | OMAudit | user=runner | ip=127.0.0.1 | op=READ_BUCKET {"volume":"7e5ec21c-ad06-4be6-8ba9-080c49fe3d79","bucket":"948f0e39-708a-492a-bb88-e4c7503bc179"} | ret=SUCCESS |  
2025-10-20 19:50:28,999 | INFO  | OMAudit | user=runner | ip=127.0.0.1 | op=READ_BUCKET {"volume":"7e5ec21c-ad06-4be6-8ba9-080c49fe3d79","bucket":"948f0e39-708a-492a-bb88-e4c7503bc179"} | ret=SUCCESS |  
2025-10-20 19:50:29,001 | INFO  | SCMAudit | user=runner | ip=127.0.0.1 | op=ALLOCATE_BLOCK {"replication":"RATIS/THREE","owner":"omServiceIdDefault","size":"4194304","sampleBlocks":"[conID: 20 locID: 115816896921600088, conID: 19 locID: 115816896921600089]","num":"2","client":"","allocated":"2"} | ret=SUCCESS |  
2025-10-20 19:50:29,005 | INFO  | OMAudit | user=runner | ip=127.0.0.1 | op=ALLOCATE_KEY {"volume":"7e5ec21c-ad06-4be6-8ba9-080c49fe3d79","bucket":"948f0e39-708a-492a-bb88-e4c7503bc179","key":"2262741a-3736-4ead-bc6c-eeb497868aed","dataSize":"8388608","replicationType":"RATIS","replicationFactor":"THREE","Transaction":"288"} | ret=SUCCESS |  
2025-10-20 19:50:29,008 | INFO  | OMAudit | user=runner | ip=127.0.0.1 | op=READ_VOLUME {"volume":"7e5ec21c-ad06-4be6-8ba9-080c49fe3d79"} | ret=SUCCESS |  
2025-10-20 19:50:29,010 | INFO  | OMAudit | user=runner | ip=127.0.0.1 | op=READ_BUCKET {"volume":"7e5ec21c-ad06-4be6-8ba9-080c49fe3d79","bucket":"948f0e39-708a-492a-bb88-e4c7503bc179"} | ret=SUCCESS |  
2025-10-20 19:50:29,031 | INFO  | ContainerLog | ID=20 | Index=0 | BCSID=0 | State=OPEN | Volume=/home/runner/work/ozone/ozone/hadoop-ozone/integration-test/target/test-dir/MiniOzoneClusterImpl-6935df51-69ff-4c35-8bd4-ed2b81d70e54/ozone-metadata/datanode-12/data-0/hdds | DataChecksum=0 |  
2025-10-20 19:50:29,037 | INFO  | ContainerLog | ID=20 | Index=0 | BCSID=0 | State=OPEN | Volume=/home/runner/work/ozone/ozone/hadoop-ozone/integration-test/target/test-dir/MiniOzoneClusterImpl-6935df51-69ff-4c35-8bd4-ed2b81d70e54/ozone-metadata/datanode-11/data-0/hdds | DataChecksum=0 |  
2025-10-20 19:50:29,039 | INFO  | ContainerLog | ID=20 | Index=0 | BCSID=0 | State=OPEN | Volume=/home/runner/work/ozone/ozone/hadoop-ozone/integration-test/target/test-dir/MiniOzoneClusterImpl-6935df51-69ff-4c35-8bd4-ed2b81d70e54/ozone-metadata/datanode-10/data-0/hdds | DataChecksum=0 |  
2025-10-20 19:50:29,040 | INFO  | SCMAudit | user=runner | ip=127.0.0.1 | op=SEND_HEARTBEAT {"datanodeUUID":"d7d8cf72-b9f6-4979-9c53-007dd6e6e48a","term":"2","command":"[]"} | ret=SUCCESS |  
2025-10-20 19:50:29,042 | INFO  | SCMAudit | user=runner | ip=127.0.0.1 | op=SEND_HEARTBEAT {"datanodeUUID":"4f2bb3f5-0e03-4f1b-bb4c-79c91b98c7da","term":"2","command":"[]"} | ret=SUCCESS |  
2025-10-20 19:50:29,043 | INFO  | SCMAudit | user=runner | ip=127.0.0.1 | op=SEND_HEARTBEAT {"datanodeUUID":"33f74daf-be7a-4306-b2af-53e409c4cb93","term":"2","command":"[]"} | ret=SUCCESS |  
2025-10-20 19:50:29,168 | INFO  | OMAudit | user=runner | ip=127.0.0.1 | op=COMMIT_KEY {"volume":"7e5ec21c-ad06-4be6-8ba9-080c49fe3d79","bucket":"948f0e39-708a-492a-bb88-e4c7503bc179","key":"2262741a-3736-4ead-bc6c-eeb497868aed","dataSize":"8388608","replicationType":"RATIS","replicationFactor":"THREE","Transaction":"289"} | ret=SUCCESS |  
2025-10-20 19:50:29,170 | INFO  | OMAudit | user=runner | ip=127.0.0.1 | op=READ_VOLUME {"volume":"7e5ec21c-ad06-4be6-8ba9-080c49fe3d79"} | ret=SUCCESS |  
2025-10-20 19:50:29,173 | INFO  | OMAudit | user=runner | ip=127.0.0.1 | op=READ_BUCKET {"volume":"7e5ec21c-ad06-4be6-8ba9-080c49fe3d79","bucket":"948f0e39-708a-492a-bb88-e4c7503bc179"} | ret=SUCCESS |  
2025-10-20 19:50:29,185 | INFO  | SCMAudit | user=runner | ip=127.0.0.1 | op=SEND_HEARTBEAT {"datanodeUUID":"feb39a1c-80cb-4714-ab06-a361236e3029","term":"2","command":"[]"} | ret=SUCCESS |  
2025-10-20 19:50:29,214 | INFO  | SCMAudit | user=runner | ip=127.0.0.1 | op=SEND_HEARTBEAT {"datanodeUUID":"ef67b0a7-5b27-496d-9f38-ab804a28e500","term":"2","command":"[]"} | ret=SUCCESS |  
2025-10-20 19:50:29,218 | INFO  | SCMAudit | user=runner | ip=127.0.0.1 | op=SEND_HEARTBEAT {"datanodeUUID":"e05592a5-d00f-4fc1-9e39-a968c1ecb04e","term":"2","command":"[]"} | ret=SUCCESS |  
2025-10-20 19:50:29,222 | INFO  | SCMAudit | user=runner | ip=127.0.0.1 | op=SEND_HEARTBEAT {"datanodeUUID":"361055de-215b-4c6c-94c2-be1c1da118d1","term":"2","command":"[]"} | ret=SUCCESS |  
2025-10-20 19:50:29,267 | INFO  | SCMAudit | user=runner | ip=127.0.0.1 | op=SEND_HEARTBEAT {"datanodeUUID":"7bb0e7f0-2b36-4ec0-8a09-ceac75d91a36","term":"2","command":"[]"} | ret=SUCCESS |  
2025-10-20 19:50:29,271 | INFO  | SCMAudit | user=runner | ip=127.0.0.1 | op=SEND_HEARTBEAT {"datanodeUUID":"cc7fbe85-1d98-437b-84f9-04213fee10f0","term":"2","command":"[]"} | ret=SUCCESS |  
2025-10-20 19:50:29,271 | INFO  | SCMAudit | user=runner | ip=127.0.0.1 | op=SEND_HEARTBEAT {"datanodeUUID":"605be85e-a7f4-44d7-8cfd-f53001b990b0","term":"2","command":"[]"} | ret=SUCCESS |  
2025-10-20 19:50:29,342 | INFO  | SCMAudit | user=runner | ip=127.0.0.1 | op=SEND_HEARTBEAT {"datanodeUUID":"38991c48-ffb3-4453-b758-77d6b4ebc62b","term":"2","command":"[]"} | ret=SUCCESS |  
2025-10-20 19:50:29,466 | INFO  | SCMAudit | user=runner | ip=127.0.0.1 | op=SEND_HEARTBEAT {"datanodeUUID":"b614738c-cdff-4f09-bf59-ed5bb75d51be","term":"2","command":"[]"} | ret=SUCCESS |  
2025-10-20 19:50:29,470 | INFO  | SCMAudit | user=runner | ip=127.0.0.1 | op=SEND_HEARTBEAT {"datanodeUUID":"c90bff1f-5a1f-42c6-8fca-9533d718c79a","term":"2","command":"[]"} | ret=SUCCESS |  
2025-10-20 19:50:29,510 | INFO  | SCMAudit | user=runner | ip=127.0.0.1 | op=SEND_HEARTBEAT {"datanodeUUID":"af0e5da1-57af-45e9-9aca-fa0798d05628","term":"2","command":"[]"} | ret=SUCCESS |  
2025-10-20 19:50:30,035 | INFO  | SCMAudit | user=runner | ip=127.0.0.1 | op=SEND_HEARTBEAT {"datanodeUUID":"d7d8cf72-b9f6-4979-9c53-007dd6e6e48a","term":"2","command":"[]"} | ret=SUCCESS |  
2025-10-20 19:50:30,038 | INFO  | SCMAudit | user=runner | ip=127.0.0.1 | op=SEND_HEARTBEAT {"datanodeUUID":"4f2bb3f5-0e03-4f1b-bb4c-79c91b98c7da","term":"2","command":"[]"} | ret=SUCCESS |  
2025-10-20 19:50:30,041 | INFO  | SCMAudit | user=runner | ip=127.0.0.1 | op=SEND_HEARTBEAT {"datanodeUUID":"33f74daf-be7a-4306-b2af-53e409c4cb93","term":"2","command":"[]"} | ret=SUCCESS |  
2025-10-20 19:50:30,137 [om1-KeyDeletingService#1] INFO  service.KeyDeletingService (KeyDeletingService.java:processKeyDeletes(151)) - Send 1 key(s) to SCM, first 1 keys: [PurgedKey{blockGroup=BlockGroup[groupID='/7e5ec21c-ad06-4be6-8ba9-080c49fe3d79/948f0e39-708a-492a-bb88-e4c7503bc179/2262741a-3736-4ead-bc6c-eeb497868aed/-9223372036854701824/0', blockIDs=[conID: 19 locID: 115816896921600086 bcsId: 0 replicaIndex: null, conID: 16 locID: 115816896921600087 bcsId: 0 replicaIndex: null]], volume='7e5ec21c-ad06-4be6-8ba9-080c49fe3d79', bucket='948f0e39-708a-492a-bb88-e4c7503bc179', bucketId=-9223372036854702848, purgedBytes=25165824, isCommittedKey=true, deleteKeyName='/7e5ec21c-ad06-4be6-8ba9-080c49fe3d79/948f0e39-708a-492a-bb88-e4c7503bc179/2262741a-3736-4ead-bc6c-eeb497868aed/-9223372036854701824'}]
2025-10-20 19:50:30,139 | INFO  | SCMAudit | user=runner | ip=127.0.0.1 | op=DELETE_KEY_BLOCK {"KeyBlockToDelete":"[BlockGroup[groupID='/7e5ec21c-ad06-4be6-8ba9-080c49fe3d79/948f0e39-708a-492a-bb88-e4c7503bc179/2262741a-3736-4ead-bc6c-eeb497868aed/-9223372036854701824/0', blockIDs=[conID: 19 locID: 115816896921600086 bcsId: 0 replicaIndex: null, conID: 16 locID: 115816896921600087 bcsId: 0 replicaIndex: null]]]"} | ret=SUCCESS |  
2025-10-20 19:50:30,140 [om1-KeyDeletingService#1] INFO  service.KeyDeletingService (KeyDeletingService.java:processKeyDeletes(158)) - 1 BlockGroup deletion are acked by SCM in 3 ms
2025-10-20 19:50:30,141 [om1-KeyDeletingService#1] INFO  service.KeyDeletingService (KeyDeletingService.java:processKeyDeletes(166)) - Blocks for 1 (out of 1) keys are deleted from DB in 2 ms. Limit per task is 50000.
2025-10-20 19:50:30,174 | INFO  | OMAudit | user=runner | ip=127.0.0.1 | op=READ_VOLUME {"volume":"7e5ec21c-ad06-4be6-8ba9-080c49fe3d79"} | ret=SUCCESS |  
2025-10-20 19:50:30,176 | INFO  | OMAudit | user=runner | ip=127.0.0.1 | op=READ_BUCKET {"volume":"7e5ec21c-ad06-4be6-8ba9-080c49fe3d79","bucket":"948f0e39-708a-492a-bb88-e4c7503bc179"} | ret=SUCCESS |  
2025-10-20 19:50:30,179 | INFO  | OMAudit | user=runner | ip=127.0.0.1 | op=DELETE_KEY {"volume":"7e5ec21c-ad06-4be6-8ba9-080c49fe3d79","bucket":"948f0e39-708a-492a-bb88-e4c7503bc179","key":"2262741a-3736-4ead-bc6c-eeb497868aed","dataSize":"8388608","replicationConfig":"RATIS/THREE","Transaction":"291"} | ret=SUCCESS |  
2025-10-20 19:50:30,180 | INFO  | OMAudit | user=runner | ip=127.0.0.1 | op=READ_VOLUME {"volume":"7e5ec21c-ad06-4be6-8ba9-080c49fe3d79"} | ret=SUCCESS |  
2025-10-20 19:50:30,182 | INFO  | OMAudit | user=runner | ip=127.0.0.1 | op=READ_BUCKET {"volume":"7e5ec21c-ad06-4be6-8ba9-080c49fe3d79","bucket":"948f0e39-708a-492a-bb88-e4c7503bc179"} | ret=SUCCESS |  
2025-10-20 19:50:30,186 | INFO  | SCMAudit | user=runner | ip=127.0.0.1 | op=SEND_HEARTBEAT {"datanodeUUID":"feb39a1c-80cb-4714-ab06-a361236e3029","term":"2","command":"[]"} | ret=SUCCESS |  
2025-10-20 19:50:30,214 | INFO  | SCMAudit | user=runner | ip=127.0.0.1 | op=SEND_HEARTBEAT {"datanodeUUID":"ef67b0a7-5b27-496d-9f38-ab804a28e500","term":"2","command":"[]"} | ret=SUCCESS |  
2025-10-20 19:50:30,218 | INFO  | SCMAudit | user=runner | ip=127.0.0.1 | op=SEND_HEARTBEAT {"datanodeUUID":"e05592a5-d00f-4fc1-9e39-a968c1ecb04e","term":"2","command":"[]"} | ret=SUCCESS |  
2025-10-20 19:50:30,222 | INFO  | SCMAudit | user=runner | ip=127.0.0.1 | op=SEND_HEARTBEAT {"datanodeUUID":"361055de-215b-4c6c-94c2-be1c1da118d1","term":"2","command":"[]"} | ret=SUCCESS |  
2025-10-20 19:50:30,266 | INFO  | SCMAudit | user=runner | ip=127.0.0.1 | op=SEND_HEARTBEAT {"datanodeUUID":"7bb0e7f0-2b36-4ec0-8a09-ceac75d91a36","term":"2","command":"[]"} | ret=SUCCESS |  
2025-10-20 19:50:30,271 | INFO  | SCMAudit | user=runner | ip=127.0.0.1 | op=SEND_HEARTBEAT {"datanodeUUID":"cc7fbe85-1d98-437b-84f9-04213fee10f0","term":"2","command":"[]"} | ret=SUCCESS |  
2025-10-20 19:50:30,271 | INFO  | SCMAudit | user=runner | ip=127.0.0.1 | op=SEND_HEARTBEAT {"datanodeUUID":"605be85e-a7f4-44d7-8cfd-f53001b990b0","term":"2","command":"[]"} | ret=SUCCESS |  
2025-10-20 19:50:30,342 | INFO  | SCMAudit | user=runner | ip=127.0.0.1 | op=SEND_HEARTBEAT {"datanodeUUID":"38991c48-ffb3-4453-b758-77d6b4ebc62b","term":"2","command":"[]"} | ret=SUCCESS |  
2025-10-20 19:50:30,467 | INFO  | SCMAudit | user=runner | ip=127.0.0.1 | op=SEND_HEARTBEAT {"datanodeUUID":"b614738c-cdff-4f09-bf59-ed5bb75d51be","term":"2","command":"[]"} | ret=SUCCESS |  
2025-10-20 19:50:30,470 | INFO  | SCMAudit | user=runner | ip=127.0.0.1 | op=SEND_HEARTBEAT {"datanodeUUID":"c90bff1f-5a1f-42c6-8fca-9533d718c79a","term":"2","command":"[]"} | ret=SUCCESS |  
2025-10-20 19:50:30,510 | INFO  | SCMAudit | user=runner | ip=127.0.0.1 | op=SEND_HEARTBEAT {"datanodeUUID":"af0e5da1-57af-45e9-9aca-fa0798d05628","term":"2","command":"[]"} | ret=SUCCESS |  
2025-10-20 19:50:31,034 | INFO  | SCMAudit | user=runner | ip=127.0.0.1 | op=SEND_HEARTBEAT {"datanodeUUID":"d7d8cf72-b9f6-4979-9c53-007dd6e6e48a","term":"2","command":"[]"} | ret=SUCCESS |  
2025-10-20 19:50:31,038 | INFO  | SCMAudit | user=runner | ip=127.0.0.1 | op=SEND_HEARTBEAT {"datanodeUUID":"4f2bb3f5-0e03-4f1b-bb4c-79c91b98c7da","term":"2","command":"[]"} | ret=SUCCESS |  
2025-10-20 19:50:31,041 | INFO  | SCMAudit | user=runner | ip=127.0.0.1 | op=SEND_HEARTBEAT {"datanodeUUID":"33f74daf-be7a-4306-b2af-53e409c4cb93","term":"2","command":"[]"} | ret=SUCCESS |  
2025-10-20 19:50:31,137 [om1-KeyDeletingService#5] INFO  service.KeyDeletingService (KeyDeletingService.java:processKeyDeletes(151)) - Send 1 key(s) to SCM, first 1 keys: [PurgedKey{blockGroup=BlockGroup[groupID='/7e5ec21c-ad06-4be6-8ba9-080c49fe3d79/948f0e39-708a-492a-bb88-e4c7503bc179/2262741a-3736-4ead-bc6c-eeb497868aed/-9223372036854702591/0', blockIDs=[conID: 20 locID: 115816896921600088 bcsId: 0 replicaIndex: null, conID: 19 locID: 115816896921600089 bcsId: 0 replicaIndex: null]], volume='7e5ec21c-ad06-4be6-8ba9-080c49fe3d79', bucket='948f0e39-708a-492a-bb88-e4c7503bc179', bucketId=-9223372036854702848, purgedBytes=25165824, isCommittedKey=true, deleteKeyName='/7e5ec21c-ad06-4be6-8ba9-080c49fe3d79/948f0e39-708a-492a-bb88-e4c7503bc179/2262741a-3736-4ead-bc6c-eeb497868aed/-9223372036854702591'}]
2025-10-20 19:50:31,139 | INFO  | SCMAudit | user=runner | ip=127.0.0.1 | op=DELETE_KEY_BLOCK {"KeyBlockToDelete":"[BlockGroup[groupID='/7e5ec21c-ad06-4be6-8ba9-080c49fe3d79/948f0e39-708a-492a-bb88-e4c7503bc179/2262741a-3736-4ead-bc6c-eeb497868aed/-9223372036854702591/0', blockIDs=[conID: 20 locID: 115816896921600088 bcsId: 0 replicaIndex: null, conID: 19 locID: 115816896921600089 bcsId: 0 replicaIndex: null]]]"} | ret=SUCCESS |  
2025-10-20 19:50:31,139 [om1-KeyDeletingService#5] INFO  service.KeyDeletingService (KeyDeletingService.java:processKeyDeletes(158)) - 1 BlockGroup deletion are acked by SCM in 3 ms
2025-10-20 19:50:31,141 [om1-KeyDeletingService#5] INFO  service.KeyDeletingService (KeyDeletingService.java:processKeyDeletes(166)) - Blocks for 1 (out of 1) keys are deleted from DB in 1 ms. Limit per task is 50000.
2025-10-20 19:50:31,183 | INFO  | OMAudit | user=runner | ip=127.0.0.1 | op=READ_VOLUME {"volume":"7e5ec21c-ad06-4be6-8ba9-080c49fe3d79"} | ret=SUCCESS |  
2025-10-20 19:50:31,184 | INFO  | OMAudit | user=runner | ip=127.0.0.1 | op=READ_BUCKET {"volume":"7e5ec21c-ad06-4be6-8ba9-080c49fe3d79","bucket":"948f0e39-708a-492a-bb88-e4c7503bc179"} | ret=SUCCESS |  
2025-10-20 19:50:31,185 [ForkJoinPool-1-worker-1] INFO  rpc.RpcClient (RpcClient.java:createVolume(461)) - Creating Volume: e2c65a3a-ce99-4ae0-9513-d32492e38da5, with runner as owner and space quota set to -1 bytes, counts quota set to -1
2025-10-20 19:50:31,187 [om1-OMStateMachineApplyTransactionThread - 0] INFO  volume.OMVolumeCreateRequest (OMVolumeCreateRequest.java:validateAndUpdateCache(213)) - created volume:e2c65a3a-ce99-4ae0-9513-d32492e38da5 for user:runner
2025-10-20 19:50:31,187 | INFO  | OMAudit | user=runner | ip=127.0.0.1 | op=CREATE_VOLUME {"admin":"runner","owner":"runner","volume":"e2c65a3a-ce99-4ae0-9513-d32492e38da5","creationTime":"1760989831186","modificationTime":"1760989831186","quotaInBytes":"-1","quotaInNamespace":"-1","usedNamespace":"0","objectID":"-9223372036854700800","updateID":"293","Transaction":"293"} | ret=SUCCESS |  
2025-10-20 19:50:31,187 | INFO  | SCMAudit | user=runner | ip=127.0.0.1 | op=SEND_HEARTBEAT {"datanodeUUID":"feb39a1c-80cb-4714-ab06-a361236e3029","term":"2","command":"[]"} | ret=SUCCESS |  
2025-10-20 19:50:31,188 | INFO  | OMAudit | user=runner | ip=127.0.0.1 | op=READ_VOLUME {"volume":"e2c65a3a-ce99-4ae0-9513-d32492e38da5"} | ret=SUCCESS |  
2025-10-20 19:50:31,188 [ForkJoinPool-1-worker-1] INFO  rpc.RpcClient (RpcClient.java:createBucket(686)) - Creating Bucket: e2c65a3a-ce99-4ae0-9513-d32492e38da5/16c46742-e7fc-479a-8500-06ec47751e88, with server-side default bucket layout, runner as owner, Versioning false, Storage Type set to DISK and Encryption set to false, Replication Type set to server-side default replication type, Namespace Quota set to -1, Space Quota set to -1 
2025-10-20 19:50:31,190 [om1-OMStateMachineApplyTransactionThread - 0] INFO  bucket.OMBucketCreateRequest (OMBucketCreateRequest.java:validateAndUpdateCache(303)) - created bucket: 16c46742-e7fc-479a-8500-06ec47751e88 of layout FILE_SYSTEM_OPTIMIZED in volume: e2c65a3a-ce99-4ae0-9513-d32492e38da5
2025-10-20 19:50:31,190 | INFO  | OMAudit | user=runner | ip=127.0.0.1 | op=CREATE_BUCKET {"volume":"e2c65a3a-ce99-4ae0-9513-d32492e38da5","bucket":"16c46742-e7fc-479a-8500-06ec47751e88","bucketLayout":"FILE_SYSTEM_OPTIMIZED","gdprEnabled":null,"acls":"[user:runner:a[ACCESS], group:runner:rl[ACCESS]]","isVersionEnabled":"false","storageType":"DISK","creationTime":"1760989831189","bucketEncryptionKey":null,"modificationTime":"1760989831189","usedBytes":"0","usedNamespace":"0","snapshotUsedBytes":"0","snapshotUsedNamespace":"0","owner":"runner","replicationType":null,"replicationConfig":null,"quotaInBytes":"-1","quotaInNamespace":"-1","Transaction":"294"} | ret=SUCCESS |  
2025-10-20 19:50:31,191 | INFO  | OMAudit | user=runner | ip=127.0.0.1 | op=READ_BUCKET {"volume":"e2c65a3a-ce99-4ae0-9513-d32492e38da5","bucket":"16c46742-e7fc-479a-8500-06ec47751e88"} | ret=SUCCESS |  
2025-10-20 19:50:31,193 | INFO  | OMAudit | user=runner | ip=127.0.0.1 | op=READ_BUCKET {"volume":"e2c65a3a-ce99-4ae0-9513-d32492e38da5","bucket":"16c46742-e7fc-479a-8500-06ec47751e88"} | ret=SUCCESS |  
2025-10-20 19:50:31,194 | INFO  | SCMAudit | user=runner | ip=127.0.0.1 | op=ALLOCATE_BLOCK {"replication":"RATIS/THREE","owner":"omServiceIdDefault","size":"4194304","sampleBlocks":"[conID: 18 locID: 115816896921600090, conID: 20 locID: 115816896921600091, conID: 15 locID: 115816896921600092]","num":"3","client":"","allocated":"3"} | ret=SUCCESS |  
2025-10-20 19:50:31,197 | INFO  | OMAudit | user=runner | ip=127.0.0.1 | op=ALLOCATE_KEY {"volume":"e2c65a3a-ce99-4ae0-9513-d32492e38da5","bucket":"16c46742-e7fc-479a-8500-06ec47751e88","key":"e5c144a3-5648-48a5-a3f2-e1e83214c7be","dataSize":"8388609","replicationType":"RATIS","replicationFactor":"THREE","Transaction":"295"} | ret=SUCCESS |  
2025-10-20 19:50:31,199 | INFO  | OMAudit | user=runner | ip=127.0.0.1 | op=READ_VOLUME {"volume":"e2c65a3a-ce99-4ae0-9513-d32492e38da5"} | ret=SUCCESS |  
2025-10-20 19:50:31,200 | INFO  | OMAudit | user=runner | ip=127.0.0.1 | op=READ_BUCKET {"volume":"e2c65a3a-ce99-4ae0-9513-d32492e38da5","bucket":"16c46742-e7fc-479a-8500-06ec47751e88"} | ret=SUCCESS |  
2025-10-20 19:50:31,220 | INFO  | SCMAudit | user=runner | ip=127.0.0.1 | op=SEND_HEARTBEAT {"datanodeUUID":"ef67b0a7-5b27-496d-9f38-ab804a28e500","term":"2","command":"[]"} | ret=SUCCESS |  
2025-10-20 19:50:31,221 | INFO  | SCMAudit | user=runner | ip=127.0.0.1 | op=SEND_HEARTBEAT {"datanodeUUID":"e05592a5-d00f-4fc1-9e39-a968c1ecb04e","term":"2","command":"[]"} | ret=SUCCESS |  
2025-10-20 19:50:31,223 | INFO  | SCMAudit | user=runner | ip=127.0.0.1 | op=SEND_HEARTBEAT {"datanodeUUID":"361055de-215b-4c6c-94c2-be1c1da118d1","term":"2","command":"[]"} | ret=SUCCESS |  
2025-10-20 19:50:31,267 | INFO  | SCMAudit | user=runner | ip=127.0.0.1 | op=SEND_HEARTBEAT {"datanodeUUID":"7bb0e7f0-2b36-4ec0-8a09-ceac75d91a36","term":"2","command":"[]"} | ret=SUCCESS |  
2025-10-20 19:50:31,275 | INFO  | SCMAudit | user=runner | ip=127.0.0.1 | op=SEND_HEARTBEAT {"datanodeUUID":"605be85e-a7f4-44d7-8cfd-f53001b990b0","term":"2","command":"[]"} | ret=SUCCESS |  
2025-10-20 19:50:31,276 | INFO  | SCMAudit | user=runner | ip=127.0.0.1 | op=SEND_HEARTBEAT {"datanodeUUID":"cc7fbe85-1d98-437b-84f9-04213fee10f0","term":"2","command":"[]"} | ret=SUCCESS |  
2025-10-20 19:50:31,333 | INFO  | OMAudit | user=runner | ip=127.0.0.1 | op=COMMIT_KEY {"volume":"e2c65a3a-ce99-4ae0-9513-d32492e38da5","bucket":"16c46742-e7fc-479a-8500-06ec47751e88","key":"e5c144a3-5648-48a5-a3f2-e1e83214c7be","dataSize":"8388609","replicationType":"RATIS","replicationFactor":"THREE","Transaction":"296"} | ret=SUCCESS |  
2025-10-20 19:50:31,335 | INFO  | OMAudit | user=runner | ip=127.0.0.1 | op=READ_VOLUME {"volume":"e2c65a3a-ce99-4ae0-9513-d32492e38da5"} | ret=SUCCESS |  
2025-10-20 19:50:31,336 | INFO  | OMAudit | user=runner | ip=127.0.0.1 | op=READ_BUCKET {"volume":"e2c65a3a-ce99-4ae0-9513-d32492e38da5","bucket":"16c46742-e7fc-479a-8500-06ec47751e88"} | ret=SUCCESS |  
2025-10-20 19:50:31,337 | INFO  | OMAudit | user=runner | ip=127.0.0.1 | op=READ_BUCKET {"volume":"e2c65a3a-ce99-4ae0-9513-d32492e38da5","bucket":"16c46742-e7fc-479a-8500-06ec47751e88"} | ret=SUCCESS |  
2025-10-20 19:50:31,338 | INFO  | SCMAudit | user=runner | ip=127.0.0.1 | op=ALLOCATE_BLOCK {"replication":"RATIS/THREE","owner":"omServiceIdDefault","size":"4194304","sampleBlocks":"[conID: 18 locID: 115816896921600093, conID: 14 locID: 115816896921600094, conID: 17 locID: 115816896921600095]","num":"3","client":"","allocated":"3"} | ret=SUCCESS |  
2025-10-20 19:50:31,342 | INFO  | OMAudit | user=runner | ip=127.0.0.1 | op=ALLOCATE_KEY {"volume":"e2c65a3a-ce99-4ae0-9513-d32492e38da5","bucket":"16c46742-e7fc-479a-8500-06ec47751e88","key":"e5c144a3-5648-48a5-a3f2-e1e83214c7be","dataSize":"8388609","replicationType":"RATIS","replicationFactor":"THREE","Transaction":"297"} | ret=SUCCESS |  
2025-10-20 19:50:31,342 | INFO  | SCMAudit | user=runner | ip=127.0.0.1 | op=SEND_HEARTBEAT {"datanodeUUID":"38991c48-ffb3-4453-b758-77d6b4ebc62b","term":"2","command":"[]"} | ret=SUCCESS |  
2025-10-20 19:50:31,344 | INFO  | OMAudit | user=runner | ip=127.0.0.1 | op=READ_VOLUME {"volume":"e2c65a3a-ce99-4ae0-9513-d32492e38da5"} | ret=SUCCESS |  
2025-10-20 19:50:31,345 | INFO  | OMAudit | user=runner | ip=127.0.0.1 | op=READ_BUCKET {"volume":"e2c65a3a-ce99-4ae0-9513-d32492e38da5","bucket":"16c46742-e7fc-479a-8500-06ec47751e88"} | ret=SUCCESS |  
2025-10-20 19:50:31,435 | INFO  | ContainerLog | ID=14 | Index=0 | BCSID=0 | State=OPEN | Volume=/home/runner/work/ozone/ozone/hadoop-ozone/integration-test/target/test-dir/MiniOzoneClusterImpl-6935df51-69ff-4c35-8bd4-ed2b81d70e54/ozone-metadata/datanode-3/data-0/hdds | DataChecksum=0 |  
2025-10-20 19:50:31,438 | INFO  | ContainerLog | ID=14 | Index=0 | BCSID=0 | State=OPEN | Volume=/home/runner/work/ozone/ozone/hadoop-ozone/integration-test/target/test-dir/MiniOzoneClusterImpl-6935df51-69ff-4c35-8bd4-ed2b81d70e54/ozone-metadata/datanode-1/data-0/hdds | DataChecksum=0 |  
2025-10-20 19:50:31,440 | INFO  | SCMAudit | user=runner | ip=127.0.0.1 | op=SEND_HEARTBEAT {"datanodeUUID":"361055de-215b-4c6c-94c2-be1c1da118d1","term":"2","command":"[]"} | ret=SUCCESS |  
2025-10-20 19:50:31,441 | INFO  | SCMAudit | user=runner | ip=127.0.0.1 | op=SEND_HEARTBEAT {"datanodeUUID":"e05592a5-d00f-4fc1-9e39-a968c1ecb04e","term":"2","command":"[]"} | ret=SUCCESS |  
2025-10-20 19:50:31,443 | INFO  | ContainerLog | ID=14 | Index=0 | BCSID=0 | State=OPEN | Volume=/home/runner/work/ozone/ozone/hadoop-ozone/integration-test/target/test-dir/MiniOzoneClusterImpl-6935df51-69ff-4c35-8bd4-ed2b81d70e54/ozone-metadata/datanode-2/data-0/hdds | DataChecksum=0 |  
2025-10-20 19:50:31,449 | INFO  | SCMAudit | user=runner | ip=127.0.0.1 | op=SEND_HEARTBEAT {"datanodeUUID":"ef67b0a7-5b27-496d-9f38-ab804a28e500","term":"2","command":"[]"} | ret=SUCCESS |  
2025-10-20 19:50:31,469 | INFO  | SCMAudit | user=runner | ip=127.0.0.1 | op=SEND_HEARTBEAT {"datanodeUUID":"b614738c-cdff-4f09-bf59-ed5bb75d51be","term":"2","command":"[]"} | ret=SUCCESS |  
2025-10-20 19:50:31,471 | INFO  | SCMAudit | user=runner | ip=127.0.0.1 | op=SEND_HEARTBEAT {"datanodeUUID":"c90bff1f-5a1f-42c6-8fca-9533d718c79a","term":"2","command":"[]"} | ret=SUCCESS |  
2025-10-20 19:50:31,512 | INFO  | SCMAudit | user=runner | ip=127.0.0.1 | op=SEND_HEARTBEAT {"datanodeUUID":"af0e5da1-57af-45e9-9aca-fa0798d05628","term":"2","command":"[]"} | ret=SUCCESS |  
2025-10-20 19:50:31,516 | INFO  | OMAudit | user=runner | ip=127.0.0.1 | op=COMMIT_KEY {"volume":"e2c65a3a-ce99-4ae0-9513-d32492e38da5","bucket":"16c46742-e7fc-479a-8500-06ec47751e88","key":"e5c144a3-5648-48a5-a3f2-e1e83214c7be","dataSize":"8388609","replicationType":"RATIS","replicationFactor":"THREE","Transaction":"298"} | ret=SUCCESS |  
2025-10-20 19:50:31,518 | INFO  | OMAudit | user=runner | ip=127.0.0.1 | op=READ_VOLUME {"volume":"e2c65a3a-ce99-4ae0-9513-d32492e38da5"} | ret=SUCCESS |  
2025-10-20 19:50:31,519 | INFO  | OMAudit | user=runner | ip=127.0.0.1 | op=READ_BUCKET {"volume":"e2c65a3a-ce99-4ae0-9513-d32492e38da5","bucket":"16c46742-e7fc-479a-8500-06ec47751e88"} | ret=SUCCESS |  
2025-10-20 19:50:32,034 | INFO  | SCMAudit | user=runner | ip=127.0.0.1 | op=SEND_HEARTBEAT {"datanodeUUID":"d7d8cf72-b9f6-4979-9c53-007dd6e6e48a","term":"2","command":"[]"} | ret=SUCCESS |  
2025-10-20 19:50:32,038 | INFO  | SCMAudit | user=runner | ip=127.0.0.1 | op=SEND_HEARTBEAT {"datanodeUUID":"4f2bb3f5-0e03-4f1b-bb4c-79c91b98c7da","term":"2","command":"[]"} | ret=SUCCESS |  
2025-10-20 19:50:32,042 | INFO  | SCMAudit | user=runner | ip=127.0.0.1 | op=SEND_HEARTBEAT {"datanodeUUID":"33f74daf-be7a-4306-b2af-53e409c4cb93","term":"2","command":"[]"} | ret=SUCCESS |  
2025-10-20 19:50:32,137 [om1-KeyDeletingService#8] INFO  service.KeyDeletingService (KeyDeletingService.java:processKeyDeletes(151)) - Send 1 key(s) to SCM, first 1 keys: [PurgedKey{blockGroup=BlockGroup[groupID='/e2c65a3a-ce99-4ae0-9513-d32492e38da5/16c46742-e7fc-479a-8500-06ec47751e88/e5c144a3-5648-48a5-a3f2-e1e83214c7be/-9223372036854699520/0', blockIDs=[conID: 18 locID: 115816896921600090 bcsId: 0 replicaIndex: null, conID: 20 locID: 115816896921600091 bcsId: 0 replicaIndex: null, conID: 15 locID: 115816896921600092 bcsId: 0 replicaIndex: null]], volume='e2c65a3a-ce99-4ae0-9513-d32492e38da5', bucket='16c46742-e7fc-479a-8500-06ec47751e88', bucketId=-9223372036854700544, purgedBytes=25165827, isCommittedKey=true, deleteKeyName='/e2c65a3a-ce99-4ae0-9513-d32492e38da5/16c46742-e7fc-479a-8500-06ec47751e88/e5c144a3-5648-48a5-a3f2-e1e83214c7be/-9223372036854699520'}]
2025-10-20 19:50:32,140 | INFO  | SCMAudit | user=runner | ip=127.0.0.1 | op=DELETE_KEY_BLOCK {"KeyBlockToDelete":"[BlockGroup[groupID='/e2c65a3a-ce99-4ae0-9513-d32492e38da5/16c46742-e7fc-479a-8500-06ec47751e88/e5c144a3-5648-48a5-a3f2-e1e83214c7be/-9223372036854699520/0', blockIDs=[conID: 18 locID: 115816896921600090 bcsId: 0 replicaIndex: null, conID: 20 locID: 115816896921600091 bcsId: 0 replicaIndex: null, conID: 15 locID: 115816896921600092 bcsId: 0 replicaIndex: null]]]"} | ret=SUCCESS |  
2025-10-20 19:50:32,140 [om1-KeyDeletingService#8] INFO  service.KeyDeletingService (KeyDeletingService.java:processKeyDeletes(158)) - 1 BlockGroup deletion are acked by SCM in 4 ms
2025-10-20 19:50:32,142 [om1-KeyDeletingService#8] INFO  service.KeyDeletingService (KeyDeletingService.java:processKeyDeletes(166)) - Blocks for 1 (out of 1) keys are deleted from DB in 1 ms. Limit per task is 50000.
2025-10-20 19:50:32,187 | INFO  | SCMAudit | user=runner | ip=127.0.0.1 | op=SEND_HEARTBEAT {"datanodeUUID":"feb39a1c-80cb-4714-ab06-a361236e3029","term":"2","command":"[]"} | ret=SUCCESS |  
2025-10-20 19:50:32,268 | INFO  | SCMAudit | user=runner | ip=127.0.0.1 | op=SEND_HEARTBEAT {"datanodeUUID":"7bb0e7f0-2b36-4ec0-8a09-ceac75d91a36","term":"2","command":"[]"} | ret=SUCCESS |  
2025-10-20 19:50:32,272 | INFO  | SCMAudit | user=runner | ip=127.0.0.1 | op=SEND_HEARTBEAT {"datanodeUUID":"605be85e-a7f4-44d7-8cfd-f53001b990b0","term":"2","command":"[]"} | ret=SUCCESS |  
2025-10-20 19:50:32,273 | INFO  | SCMAudit | user=runner | ip=127.0.0.1 | op=SEND_HEARTBEAT {"datanodeUUID":"cc7fbe85-1d98-437b-84f9-04213fee10f0","term":"2","command":"[]"} | ret=SUCCESS |  
2025-10-20 19:50:32,343 | INFO  | SCMAudit | user=runner | ip=127.0.0.1 | op=SEND_HEARTBEAT {"datanodeUUID":"38991c48-ffb3-4453-b758-77d6b4ebc62b","term":"2","command":"[]"} | ret=SUCCESS |  
2025-10-20 19:50:32,437 | INFO  | SCMAudit | user=runner | ip=127.0.0.1 | op=SEND_HEARTBEAT {"datanodeUUID":"361055de-215b-4c6c-94c2-be1c1da118d1","term":"2","command":"[]"} | ret=SUCCESS |  
2025-10-20 19:50:32,440 | INFO  | SCMAudit | user=runner | ip=127.0.0.1 | op=SEND_HEARTBEAT {"datanodeUUID":"e05592a5-d00f-4fc1-9e39-a968c1ecb04e","term":"2","command":"[]"} | ret=SUCCESS |  
2025-10-20 19:50:32,444 | INFO  | SCMAudit | user=runner | ip=127.0.0.1 | op=SEND_HEARTBEAT {"datanodeUUID":"ef67b0a7-5b27-496d-9f38-ab804a28e500","term":"2","command":"[]"} | ret=SUCCESS |  
2025-10-20 19:50:32,467 | INFO  | SCMAudit | user=runner | ip=127.0.0.1 | op=SEND_HEARTBEAT {"datanodeUUID":"b614738c-cdff-4f09-bf59-ed5bb75d51be","term":"2","command":"[]"} | ret=SUCCESS |  
2025-10-20 19:50:32,471 | INFO  | SCMAudit | user=runner | ip=127.0.0.1 | op=SEND_HEARTBEAT {"datanodeUUID":"c90bff1f-5a1f-42c6-8fca-9533d718c79a","term":"2","command":"[]"} | ret=SUCCESS |  
2025-10-20 19:50:32,511 | INFO  | SCMAudit | user=runner | ip=127.0.0.1 | op=SEND_HEARTBEAT {"datanodeUUID":"af0e5da1-57af-45e9-9aca-fa0798d05628","term":"2","command":"[]"} | ret=SUCCESS |  
2025-10-20 19:50:32,521 | INFO  | OMAudit | user=runner | ip=127.0.0.1 | op=READ_VOLUME {"volume":"e2c65a3a-ce99-4ae0-9513-d32492e38da5"} | ret=SUCCESS |  
2025-10-20 19:50:32,522 | INFO  | OMAudit | user=runner | ip=127.0.0.1 | op=READ_BUCKET {"volume":"e2c65a3a-ce99-4ae0-9513-d32492e38da5","bucket":"16c46742-e7fc-479a-8500-06ec47751e88"} | ret=SUCCESS |  
2025-10-20 19:50:32,525 | INFO  | OMAudit | user=runner | ip=127.0.0.1 | op=DELETE_KEY {"volume":"e2c65a3a-ce99-4ae0-9513-d32492e38da5","bucket":"16c46742-e7fc-479a-8500-06ec47751e88","key":"e5c144a3-5648-48a5-a3f2-e1e83214c7be","dataSize":"8388609","replicationConfig":"RATIS/THREE","Transaction":"300"} | ret=SUCCESS |  
2025-10-20 19:50:32,526 | INFO  | OMAudit | user=runner | ip=127.0.0.1 | op=READ_VOLUME {"volume":"e2c65a3a-ce99-4ae0-9513-d32492e38da5"} | ret=SUCCESS |  
2025-10-20 19:50:32,527 | INFO  | OMAudit | user=runner | ip=127.0.0.1 | op=READ_BUCKET {"volume":"e2c65a3a-ce99-4ae0-9513-d32492e38da5","bucket":"16c46742-e7fc-479a-8500-06ec47751e88"} | ret=SUCCESS |  
2025-10-20 19:50:33,035 | INFO  | SCMAudit | user=runner | ip=127.0.0.1 | op=SEND_HEARTBEAT {"datanodeUUID":"d7d8cf72-b9f6-4979-9c53-007dd6e6e48a","term":"2","command":"[]"} | ret=SUCCESS |  
2025-10-20 19:50:33,038 | INFO  | SCMAudit | user=runner | ip=127.0.0.1 | op=SEND_HEARTBEAT {"datanodeUUID":"4f2bb3f5-0e03-4f1b-bb4c-79c91b98c7da","term":"2","command":"[]"} | ret=SUCCESS |  
2025-10-20 19:50:33,041 | INFO  | SCMAudit | user=runner | ip=127.0.0.1 | op=SEND_HEARTBEAT {"datanodeUUID":"33f74daf-be7a-4306-b2af-53e409c4cb93","term":"2","command":"[]"} | ret=SUCCESS |  
2025-10-20 19:50:33,137 [om1-KeyDeletingService#3] INFO  service.KeyDeletingService (KeyDeletingService.java:processKeyDeletes(151)) - Send 1 key(s) to SCM, first 1 keys: [PurgedKey{blockGroup=BlockGroup[groupID='/e2c65a3a-ce99-4ae0-9513-d32492e38da5/16c46742-e7fc-479a-8500-06ec47751e88/e5c144a3-5648-48a5-a3f2-e1e83214c7be/-9223372036854700287/0', blockIDs=[conID: 18 locID: 115816896921600093 bcsId: 0 replicaIndex: null, conID: 14 locID: 115816896921600094 bcsId: 0 replicaIndex: null, conID: 17 locID: 115816896921600095 bcsId: 0 replicaIndex: null]], volume='e2c65a3a-ce99-4ae0-9513-d32492e38da5', bucket='16c46742-e7fc-479a-8500-06ec47751e88', bucketId=-9223372036854700544, purgedBytes=25165827, isCommittedKey=true, deleteKeyName='/e2c65a3a-ce99-4ae0-9513-d32492e38da5/16c46742-e7fc-479a-8500-06ec47751e88/e5c144a3-5648-48a5-a3f2-e1e83214c7be/-9223372036854700287'}]
2025-10-20 19:50:33,140 | INFO  | SCMAudit | user=runner | ip=127.0.0.1 | op=DELETE_KEY_BLOCK {"KeyBlockToDelete":"[BlockGroup[groupID='/e2c65a3a-ce99-4ae0-9513-d32492e38da5/16c46742-e7fc-479a-8500-06ec47751e88/e5c144a3-5648-48a5-a3f2-e1e83214c7be/-9223372036854700287/0', blockIDs=[conID: 18 locID: 115816896921600093 bcsId: 0 replicaIndex: null, conID: 14 locID: 115816896921600094 bcsId: 0 replicaIndex: null, conID: 17 locID: 115816896921600095 bcsId: 0 replicaIndex: null]]]"} | ret=SUCCESS |  
2025-10-20 19:50:33,140 [om1-KeyDeletingService#3] INFO  service.KeyDeletingService (KeyDeletingService.java:processKeyDeletes(158)) - 1 BlockGroup deletion are acked by SCM in 3 ms
2025-10-20 19:50:33,141 [om1-KeyDeletingService#3] INFO  service.KeyDeletingService (KeyDeletingService.java:processKeyDeletes(166)) - Blocks for 1 (out of 1) keys are deleted from DB in 1 ms. Limit per task is 50000.
2025-10-20 19:50:33,187 | INFO  | SCMAudit | user=runner | ip=127.0.0.1 | op=SEND_HEARTBEAT {"datanodeUUID":"feb39a1c-80cb-4714-ab06-a361236e3029","term":"2","command":"[]"} | ret=SUCCESS |  
2025-10-20 19:50:33,268 | INFO  | SCMAudit | user=runner | ip=127.0.0.1 | op=SEND_HEARTBEAT {"datanodeUUID":"7bb0e7f0-2b36-4ec0-8a09-ceac75d91a36","term":"2","command":"[]"} | ret=SUCCESS |  
2025-10-20 19:50:33,272 | INFO  | SCMAudit | user=runner | ip=127.0.0.1 | op=SEND_HEARTBEAT {"datanodeUUID":"605be85e-a7f4-44d7-8cfd-f53001b990b0","term":"2","command":"[]"} | ret=SUCCESS |  
2025-10-20 19:50:33,273 | INFO  | SCMAudit | user=runner | ip=127.0.0.1 | op=SEND_HEARTBEAT {"datanodeUUID":"cc7fbe85-1d98-437b-84f9-04213fee10f0","term":"2","command":"[]"} | ret=SUCCESS |  
2025-10-20 19:50:33,343 | INFO  | SCMAudit | user=runner | ip=127.0.0.1 | op=SEND_HEARTBEAT {"datanodeUUID":"38991c48-ffb3-4453-b758-77d6b4ebc62b","term":"2","command":"[]"} | ret=SUCCESS |  
2025-10-20 19:50:33,437 | INFO  | SCMAudit | user=runner | ip=127.0.0.1 | op=SEND_HEARTBEAT {"datanodeUUID":"361055de-215b-4c6c-94c2-be1c1da118d1","term":"2","command":"[]"} | ret=SUCCESS |  
2025-10-20 19:50:33,440 | INFO  | SCMAudit | user=runner | ip=127.0.0.1 | op=SEND_HEARTBEAT {"datanodeUUID":"e05592a5-d00f-4fc1-9e39-a968c1ecb04e","term":"2","command":"[]"} | ret=SUCCESS |  
2025-10-20 19:50:33,445 | INFO  | SCMAudit | user=runner | ip=127.0.0.1 | op=SEND_HEARTBEAT {"datanodeUUID":"ef67b0a7-5b27-496d-9f38-ab804a28e500","term":"2","command":"[]"} | ret=SUCCESS |  
2025-10-20 19:50:33,467 | INFO  | SCMAudit | user=runner | ip=127.0.0.1 | op=SEND_HEARTBEAT {"datanodeUUID":"b614738c-cdff-4f09-bf59-ed5bb75d51be","term":"2","command":"[]"} | ret=SUCCESS |  
2025-10-20 19:50:33,472 | INFO  | SCMAudit | user=runner | ip=127.0.0.1 | op=SEND_HEARTBEAT {"datanodeUUID":"c90bff1f-5a1f-42c6-8fca-9533d718c79a","term":"2","command":"[]"} | ret=SUCCESS |  
2025-10-20 19:50:33,510 | INFO  | SCMAudit | user=runner | ip=127.0.0.1 | op=SEND_HEARTBEAT {"datanodeUUID":"af0e5da1-57af-45e9-9aca-fa0798d05628","term":"2","command":"[]"} | ret=SUCCESS |  
2025-10-20 19:50:33,528 | INFO  | OMAudit | user=runner | ip=127.0.0.1 | op=READ_VOLUME {"volume":"e2c65a3a-ce99-4ae0-9513-d32492e38da5"} | ret=SUCCESS |  
2025-10-20 19:50:33,529 | INFO  | OMAudit | user=runner | ip=127.0.0.1 | op=READ_BUCKET {"volume":"e2c65a3a-ce99-4ae0-9513-d32492e38da5","bucket":"16c46742-e7fc-479a-8500-06ec47751e88"} | ret=SUCCESS |  
2025-10-20 19:50:33,530 [ForkJoinPool-1-worker-1] INFO  rpc.RpcClient (RpcClient.java:createVolume(461)) - Creating Volume: 12945c66-7cf2-4410-9067-63ee943cc5b5, with runner as owner and space quota set to -1 bytes, counts quota set to -1
2025-10-20 19:50:33,532 [om1-OMStateMachineApplyTransactionThread - 0] INFO  volume.OMVolumeCreateRequest (OMVolumeCreateRequest.java:validateAndUpdateCache(213)) - created volume:12945c66-7cf2-4410-9067-63ee943cc5b5 for user:runner
2025-10-20 19:50:33,532 | INFO  | OMAudit | user=runner | ip=127.0.0.1 | op=CREATE_VOLUME {"admin":"runner","owner":"runner","volume":"12945c66-7cf2-4410-9067-63ee943cc5b5","creationTime":"1760989833531","modificationTime":"1760989833531","quotaInBytes":"-1","quotaInNamespace":"-1","usedNamespace":"0","objectID":"-9223372036854698496","updateID":"302","Transaction":"302"} | ret=SUCCESS |  
2025-10-20 19:50:33,533 | INFO  | OMAudit | user=runner | ip=127.0.0.1 | op=READ_VOLUME {"volume":"12945c66-7cf2-4410-9067-63ee943cc5b5"} | ret=SUCCESS |  
2025-10-20 19:50:33,534 [ForkJoinPool-1-worker-1] INFO  rpc.RpcClient (RpcClient.java:createBucket(686)) - Creating Bucket: 12945c66-7cf2-4410-9067-63ee943cc5b5/690dc022-f071-4453-b10f-6d43f8067934, with server-side default bucket layout, runner as owner, Versioning false, Storage Type set to DISK and Encryption set to false, Replication Type set to server-side default replication type, Namespace Quota set to -1, Space Quota set to -1 
2025-10-20 19:50:33,536 [om1-OMStateMachineApplyTransactionThread - 0] INFO  bucket.OMBucketCreateRequest (OMBucketCreateRequest.java:validateAndUpdateCache(303)) - created bucket: 690dc022-f071-4453-b10f-6d43f8067934 of layout FILE_SYSTEM_OPTIMIZED in volume: 12945c66-7cf2-4410-9067-63ee943cc5b5
2025-10-20 19:50:33,536 | INFO  | OMAudit | user=runner | ip=127.0.0.1 | op=CREATE_BUCKET {"volume":"12945c66-7cf2-4410-9067-63ee943cc5b5","bucket":"690dc022-f071-4453-b10f-6d43f8067934","bucketLayout":"FILE_SYSTEM_OPTIMIZED","gdprEnabled":null,"acls":"[user:runner:a[ACCESS], group:runner:rl[ACCESS]]","isVersionEnabled":"false","storageType":"DISK","creationTime":"1760989833534","bucketEncryptionKey":null,"modificationTime":"1760989833534","usedBytes":"0","usedNamespace":"0","snapshotUsedBytes":"0","snapshotUsedNamespace":"0","owner":"runner","replicationType":null,"replicationConfig":null,"quotaInBytes":"-1","quotaInNamespace":"-1","Transaction":"303"} | ret=SUCCESS |  
2025-10-20 19:50:33,537 | INFO  | OMAudit | user=runner | ip=127.0.0.1 | op=READ_BUCKET {"volume":"12945c66-7cf2-4410-9067-63ee943cc5b5","bucket":"690dc022-f071-4453-b10f-6d43f8067934"} | ret=SUCCESS |  
2025-10-20 19:50:33,539 | INFO  | OMAudit | user=runner | ip=127.0.0.1 | op=READ_BUCKET {"volume":"12945c66-7cf2-4410-9067-63ee943cc5b5","bucket":"690dc022-f071-4453-b10f-6d43f8067934"} | ret=SUCCESS |  
2025-10-20 19:50:33,542 | INFO  | SCMAudit | user=runner | ip=127.0.0.1 | op=ALLOCATE_BLOCK {"replication":"RATIS/THREE","owner":"omServiceIdDefault","size":"4194304","sampleBlocks":"[conID: 21 locID: 115816896921600096, conID: 15 locID: 115816896921600097, conID: 21 locID: 115816896921600098]","num":"3","client":"","allocated":"3"} | ret=SUCCESS |  
2025-10-20 19:50:33,545 | INFO  | OMAudit | user=runner | ip=127.0.0.1 | op=ALLOCATE_KEY {"volume":"12945c66-7cf2-4410-9067-63ee943cc5b5","bucket":"690dc022-f071-4453-b10f-6d43f8067934","key":"e4a2e15f-709b-4bd8-b428-a51a7de9ed6b","dataSize":"12582912","replicationType":"RATIS","replicationFactor":"THREE","Transaction":"304"} | ret=SUCCESS |  
2025-10-20 19:50:33,547 | INFO  | OMAudit | user=runner | ip=127.0.0.1 | op=READ_VOLUME {"volume":"12945c66-7cf2-4410-9067-63ee943cc5b5"} | ret=SUCCESS |  
2025-10-20 19:50:33,548 | INFO  | OMAudit | user=runner | ip=127.0.0.1 | op=READ_BUCKET {"volume":"12945c66-7cf2-4410-9067-63ee943cc5b5","bucket":"690dc022-f071-4453-b10f-6d43f8067934"} | ret=SUCCESS |  
2025-10-20 19:50:33,576 | INFO  | ContainerLog | ID=21 | Index=0 | BCSID=0 | State=OPEN | Volume=/home/runner/work/ozone/ozone/hadoop-ozone/integration-test/target/test-dir/MiniOzoneClusterImpl-6935df51-69ff-4c35-8bd4-ed2b81d70e54/ozone-metadata/datanode-9/data-0/hdds | DataChecksum=0 |  
2025-10-20 19:50:33,590 | INFO  | SCMAudit | user=runner | ip=127.0.0.1 | op=SEND_HEARTBEAT {"datanodeUUID":"605be85e-a7f4-44d7-8cfd-f53001b990b0","term":"2","command":"[]"} | ret=SUCCESS |  
2025-10-20 19:50:33,590 | INFO  | ContainerLog | ID=21 | Index=0 | BCSID=0 | State=OPEN | Volume=/home/runner/work/ozone/ozone/hadoop-ozone/integration-test/target/test-dir/MiniOzoneClusterImpl-6935df51-69ff-4c35-8bd4-ed2b81d70e54/ozone-metadata/datanode-8/data-0/hdds | DataChecksum=0 |  
2025-10-20 19:50:33,594 | INFO  | ContainerLog | ID=21 | Index=0 | BCSID=0 | State=OPEN | Volume=/home/runner/work/ozone/ozone/hadoop-ozone/integration-test/target/test-dir/MiniOzoneClusterImpl-6935df51-69ff-4c35-8bd4-ed2b81d70e54/ozone-metadata/datanode-7/data-0/hdds | DataChecksum=0 |  
2025-10-20 19:50:33,594 | INFO  | SCMAudit | user=runner | ip=127.0.0.1 | op=SEND_HEARTBEAT {"datanodeUUID":"7bb0e7f0-2b36-4ec0-8a09-ceac75d91a36","term":"2","command":"[]"} | ret=SUCCESS |  
2025-10-20 19:50:33,597 | INFO  | SCMAudit | user=runner | ip=127.0.0.1 | op=SEND_HEARTBEAT {"datanodeUUID":"cc7fbe85-1d98-437b-84f9-04213fee10f0","term":"2","command":"[]"} | ret=SUCCESS |  
2025-10-20 19:50:33,766 | INFO  | OMAudit | user=runner | ip=127.0.0.1 | op=COMMIT_KEY {"volume":"12945c66-7cf2-4410-9067-63ee943cc5b5","bucket":"690dc022-f071-4453-b10f-6d43f8067934","key":"e4a2e15f-709b-4bd8-b428-a51a7de9ed6b","dataSize":"12582912","replicationType":"RATIS","replicationFactor":"THREE","Transaction":"305"} | ret=SUCCESS |  
2025-10-20 19:50:33,771 | INFO  | OMAudit | user=runner | ip=127.0.0.1 | op=READ_VOLUME {"volume":"12945c66-7cf2-4410-9067-63ee943cc5b5"} | ret=SUCCESS |  
2025-10-20 19:50:33,774 | INFO  | OMAudit | user=runner | ip=127.0.0.1 | op=READ_BUCKET {"volume":"12945c66-7cf2-4410-9067-63ee943cc5b5","bucket":"690dc022-f071-4453-b10f-6d43f8067934"} | ret=SUCCESS |  
2025-10-20 19:50:33,777 | INFO  | OMAudit | user=runner | ip=127.0.0.1 | op=READ_BUCKET {"volume":"12945c66-7cf2-4410-9067-63ee943cc5b5","bucket":"690dc022-f071-4453-b10f-6d43f8067934"} | ret=SUCCESS |  
2025-10-20 19:50:33,778 | INFO  | SCMAudit | user=runner | ip=127.0.0.1 | op=ALLOCATE_BLOCK {"replication":"RATIS/THREE","owner":"omServiceIdDefault","size":"4194304","sampleBlocks":"[conID: 16 locID: 115816896921600099, conID: 15 locID: 115816896921600100, conID: 20 locID: 115816896921600101]","num":"3","client":"","allocated":"3"} | ret=SUCCESS |  
2025-10-20 19:50:33,785 | INFO  | OMAudit | user=runner | ip=127.0.0.1 | op=ALLOCATE_KEY {"volume":"12945c66-7cf2-4410-9067-63ee943cc5b5","bucket":"690dc022-f071-4453-b10f-6d43f8067934","key":"e4a2e15f-709b-4bd8-b428-a51a7de9ed6b","dataSize":"12582912","replicationType":"RATIS","replicationFactor":"THREE","Transaction":"306"} | ret=SUCCESS |  
2025-10-20 19:50:33,788 | INFO  | OMAudit | user=runner | ip=127.0.0.1 | op=READ_VOLUME {"volume":"12945c66-7cf2-4410-9067-63ee943cc5b5"} | ret=SUCCESS |  
2025-10-20 19:50:33,790 | INFO  | OMAudit | user=runner | ip=127.0.0.1 | op=READ_BUCKET {"volume":"12945c66-7cf2-4410-9067-63ee943cc5b5","bucket":"690dc022-f071-4453-b10f-6d43f8067934"} | ret=SUCCESS |  
2025-10-20 19:50:33,955 | INFO  | OMAudit | user=runner | ip=127.0.0.1 | op=COMMIT_KEY {"volume":"12945c66-7cf2-4410-9067-63ee943cc5b5","bucket":"690dc022-f071-4453-b10f-6d43f8067934","key":"e4a2e15f-709b-4bd8-b428-a51a7de9ed6b","dataSize":"12582912","replicationType":"RATIS","replicationFactor":"THREE","Transaction":"307"} | ret=SUCCESS |  
2025-10-20 19:50:33,957 | INFO  | OMAudit | user=runner | ip=127.0.0.1 | op=READ_VOLUME {"volume":"12945c66-7cf2-4410-9067-63ee943cc5b5"} | ret=SUCCESS |  
2025-10-20 19:50:33,958 | INFO  | OMAudit | user=runner | ip=127.0.0.1 | op=READ_BUCKET {"volume":"12945c66-7cf2-4410-9067-63ee943cc5b5","bucket":"690dc022-f071-4453-b10f-6d43f8067934"} | ret=SUCCESS |  
2025-10-20 19:50:34,035 | INFO  | SCMAudit | user=runner | ip=127.0.0.1 | op=SEND_HEARTBEAT {"datanodeUUID":"d7d8cf72-b9f6-4979-9c53-007dd6e6e48a","term":"2","command":"[]"} | ret=SUCCESS |  
2025-10-20 19:50:34,038 | INFO  | SCMAudit | user=runner | ip=127.0.0.1 | op=SEND_HEARTBEAT {"datanodeUUID":"4f2bb3f5-0e03-4f1b-bb4c-79c91b98c7da","term":"2","command":"[]"} | ret=SUCCESS |  
2025-10-20 19:50:34,042 | INFO  | SCMAudit | user=runner | ip=127.0.0.1 | op=SEND_HEARTBEAT {"datanodeUUID":"33f74daf-be7a-4306-b2af-53e409c4cb93","term":"2","command":"[]"} | ret=SUCCESS |  
2025-10-20 19:50:34,138 [om1-KeyDeletingService#6] INFO  service.KeyDeletingService (KeyDeletingService.java:processKeyDeletes(151)) - Send 1 key(s) to SCM, first 1 keys: [PurgedKey{blockGroup=BlockGroup[groupID='/12945c66-7cf2-4410-9067-63ee943cc5b5/690dc022-f071-4453-b10f-6d43f8067934/e4a2e15f-709b-4bd8-b428-a51a7de9ed6b/-9223372036854697216/0', blockIDs=[conID: 21 locID: 115816896921600096 bcsId: 0 replicaIndex: null, conID: 15 locID: 115816896921600097 bcsId: 0 replicaIndex: null, conID: 21 locID: 115816896921600098 bcsId: 0 replicaIndex: null]], volume='12945c66-7cf2-4410-9067-63ee943cc5b5', bucket='690dc022-f071-4453-b10f-6d43f8067934', bucketId=-9223372036854698240, purgedBytes=37748736, isCommittedKey=true, deleteKeyName='/12945c66-7cf2-4410-9067-63ee943cc5b5/690dc022-f071-4453-b10f-6d43f8067934/e4a2e15f-709b-4bd8-b428-a51a7de9ed6b/-9223372036854697216'}]
2025-10-20 19:50:34,140 | INFO  | SCMAudit | user=runner | ip=127.0.0.1 | op=DELETE_KEY_BLOCK {"KeyBlockToDelete":"[BlockGroup[groupID='/12945c66-7cf2-4410-9067-63ee943cc5b5/690dc022-f071-4453-b10f-6d43f8067934/e4a2e15f-709b-4bd8-b428-a51a7de9ed6b/-9223372036854697216/0', blockIDs=[conID: 21 locID: 115816896921600096 bcsId: 0 replicaIndex: null, conID: 15 locID: 115816896921600097 bcsId: 0 replicaIndex: null, conID: 21 locID: 115816896921600098 bcsId: 0 replicaIndex: null]]]"} | ret=SUCCESS |  
2025-10-20 19:50:34,141 [om1-KeyDeletingService#6] INFO  service.KeyDeletingService (KeyDeletingService.java:processKeyDeletes(158)) - 1 BlockGroup deletion are acked by SCM in 3 ms
2025-10-20 19:50:34,143 [om1-KeyDeletingService#6] INFO  service.KeyDeletingService (KeyDeletingService.java:processKeyDeletes(166)) - Blocks for 1 (out of 1) keys are deleted from DB in 1 ms. Limit per task is 50000.
2025-10-20 19:50:34,188 | INFO  | SCMAudit | user=runner | ip=127.0.0.1 | op=SEND_HEARTBEAT {"datanodeUUID":"feb39a1c-80cb-4714-ab06-a361236e3029","term":"2","command":"[]"} | ret=SUCCESS |  
2025-10-20 19:50:34,342 | INFO  | SCMAudit | user=runner | ip=127.0.0.1 | op=SEND_HEARTBEAT {"datanodeUUID":"38991c48-ffb3-4453-b758-77d6b4ebc62b","term":"2","command":"[]"} | ret=SUCCESS |  
2025-10-20 19:50:34,437 | INFO  | SCMAudit | user=runner | ip=127.0.0.1 | op=SEND_HEARTBEAT {"datanodeUUID":"361055de-215b-4c6c-94c2-be1c1da118d1","term":"2","command":"[]"} | ret=SUCCESS |  
2025-10-20 19:50:34,440 | INFO  | SCMAudit | user=runner | ip=127.0.0.1 | op=SEND_HEARTBEAT {"datanodeUUID":"e05592a5-d00f-4fc1-9e39-a968c1ecb04e","term":"2","command":"[]"} | ret=SUCCESS |  
2025-10-20 19:50:34,445 | INFO  | SCMAudit | user=runner | ip=127.0.0.1 | op=SEND_HEARTBEAT {"datanodeUUID":"ef67b0a7-5b27-496d-9f38-ab804a28e500","term":"2","command":"[]"} | ret=SUCCESS |  
2025-10-20 19:50:34,467 | INFO  | SCMAudit | user=runner | ip=127.0.0.1 | op=SEND_HEARTBEAT {"datanodeUUID":"b614738c-cdff-4f09-bf59-ed5bb75d51be","term":"2","command":"[]"} | ret=SUCCESS |  
2025-10-20 19:50:34,473 | INFO  | SCMAudit | user=runner | ip=127.0.0.1 | op=SEND_HEARTBEAT {"datanodeUUID":"c90bff1f-5a1f-42c6-8fca-9533d718c79a","term":"2","command":"[]"} | ret=SUCCESS |  
2025-10-20 19:50:34,510 | INFO  | SCMAudit | user=runner | ip=127.0.0.1 | op=SEND_HEARTBEAT {"datanodeUUID":"af0e5da1-57af-45e9-9aca-fa0798d05628","term":"2","command":"[]"} | ret=SUCCESS |  
2025-10-20 19:50:34,577 | INFO  | SCMAudit | user=runner | ip=127.0.0.1 | op=SEND_HEARTBEAT {"datanodeUUID":"605be85e-a7f4-44d7-8cfd-f53001b990b0","term":"2","command":"[]"} | ret=SUCCESS |  
2025-10-20 19:50:34,592 | INFO  | SCMAudit | user=runner | ip=127.0.0.1 | op=SEND_HEARTBEAT {"datanodeUUID":"7bb0e7f0-2b36-4ec0-8a09-ceac75d91a36","term":"2","command":"[]"} | ret=SUCCESS |  
2025-10-20 19:50:34,596 | INFO  | SCMAudit | user=runner | ip=127.0.0.1 | op=SEND_HEARTBEAT {"datanodeUUID":"cc7fbe85-1d98-437b-84f9-04213fee10f0","term":"2","command":"[]"} | ret=SUCCESS |  
2025-10-20 19:50:34,959 | INFO  | OMAudit | user=runner | ip=127.0.0.1 | op=READ_VOLUME {"volume":"12945c66-7cf2-4410-9067-63ee943cc5b5"} | ret=SUCCESS |  
2025-10-20 19:50:34,960 | INFO  | OMAudit | user=runner | ip=127.0.0.1 | op=READ_BUCKET {"volume":"12945c66-7cf2-4410-9067-63ee943cc5b5","bucket":"690dc022-f071-4453-b10f-6d43f8067934"} | ret=SUCCESS |  
2025-10-20 19:50:34,964 | INFO  | OMAudit | user=runner | ip=127.0.0.1 | op=DELETE_KEY {"volume":"12945c66-7cf2-4410-9067-63ee943cc5b5","bucket":"690dc022-f071-4453-b10f-6d43f8067934","key":"e4a2e15f-709b-4bd8-b428-a51a7de9ed6b","dataSize":"12582912","replicationConfig":"RATIS/THREE","Transaction":"309"} | ret=SUCCESS |  
2025-10-20 19:50:34,965 | INFO  | OMAudit | user=runner | ip=127.0.0.1 | op=READ_VOLUME {"volume":"12945c66-7cf2-4410-9067-63ee943cc5b5"} | ret=SUCCESS |  
2025-10-20 19:50:34,966 | INFO  | OMAudit | user=runner | ip=127.0.0.1 | op=READ_BUCKET {"volume":"12945c66-7cf2-4410-9067-63ee943cc5b5","bucket":"690dc022-f071-4453-b10f-6d43f8067934"} | ret=SUCCESS |  
2025-10-20 19:50:35,034 | INFO  | SCMAudit | user=runner | ip=127.0.0.1 | op=SEND_HEARTBEAT {"datanodeUUID":"d7d8cf72-b9f6-4979-9c53-007dd6e6e48a","term":"2","command":"[]"} | ret=SUCCESS |  
2025-10-20 19:50:35,038 | INFO  | SCMAudit | user=runner | ip=127.0.0.1 | op=SEND_HEARTBEAT {"datanodeUUID":"4f2bb3f5-0e03-4f1b-bb4c-79c91b98c7da","term":"2","command":"[]"} | ret=SUCCESS |  
2025-10-20 19:50:35,042 | INFO  | SCMAudit | user=runner | ip=127.0.0.1 | op=SEND_HEARTBEAT {"datanodeUUID":"33f74daf-be7a-4306-b2af-53e409c4cb93","term":"2","command":"[]"} | ret=SUCCESS |  
2025-10-20 19:50:35,138 [om1-KeyDeletingService#0] INFO  service.KeyDeletingService (KeyDeletingService.java:processKeyDeletes(151)) - Send 1 key(s) to SCM, first 1 keys: [PurgedKey{blockGroup=BlockGroup[groupID='/12945c66-7cf2-4410-9067-63ee943cc5b5/690dc022-f071-4453-b10f-6d43f8067934/e4a2e15f-709b-4bd8-b428-a51a7de9ed6b/-9223372036854697983/0', blockIDs=[conID: 16 locID: 115816896921600099 bcsId: 0 replicaIndex: null, conID: 15 locID: 115816896921600100 bcsId: 0 replicaIndex: null, conID: 20 locID: 115816896921600101 bcsId: 0 replicaIndex: null]], volume='12945c66-7cf2-4410-9067-63ee943cc5b5', bucket='690dc022-f071-4453-b10f-6d43f8067934', bucketId=-9223372036854698240, purgedBytes=37748736, isCommittedKey=true, deleteKeyName='/12945c66-7cf2-4410-9067-63ee943cc5b5/690dc022-f071-4453-b10f-6d43f8067934/e4a2e15f-709b-4bd8-b428-a51a7de9ed6b/-9223372036854697983'}]
2025-10-20 19:50:35,140 | INFO  | SCMAudit | user=runner | ip=127.0.0.1 | op=DELETE_KEY_BLOCK {"KeyBlockToDelete":"[BlockGroup[groupID='/12945c66-7cf2-4410-9067-63ee943cc5b5/690dc022-f071-4453-b10f-6d43f8067934/e4a2e15f-709b-4bd8-b428-a51a7de9ed6b/-9223372036854697983/0', blockIDs=[conID: 16 locID: 115816896921600099 bcsId: 0 replicaIndex: null, conID: 15 locID: 115816896921600100 bcsId: 0 replicaIndex: null, conID: 20 locID: 115816896921600101 bcsId: 0 replicaIndex: null]]]"} | ret=SUCCESS |  
2025-10-20 19:50:35,141 [om1-KeyDeletingService#0] INFO  service.KeyDeletingService (KeyDeletingService.java:processKeyDeletes(158)) - 1 BlockGroup deletion are acked by SCM in 3 ms
2025-10-20 19:50:35,142 [om1-KeyDeletingService#0] INFO  service.KeyDeletingService (KeyDeletingService.java:processKeyDeletes(166)) - Blocks for 1 (out of 1) keys are deleted from DB in 2 ms. Limit per task is 50000.
2025-10-20 19:50:35,188 | INFO  | SCMAudit | user=runner | ip=127.0.0.1 | op=SEND_HEARTBEAT {"datanodeUUID":"feb39a1c-80cb-4714-ab06-a361236e3029","term":"2","command":"[]"} | ret=SUCCESS |  
2025-10-20 19:50:35,342 | INFO  | SCMAudit | user=runner | ip=127.0.0.1 | op=SEND_HEARTBEAT {"datanodeUUID":"38991c48-ffb3-4453-b758-77d6b4ebc62b","term":"2","command":"[]"} | ret=SUCCESS |  
2025-10-20 19:50:35,437 | INFO  | SCMAudit | user=runner | ip=127.0.0.1 | op=SEND_HEARTBEAT {"datanodeUUID":"361055de-215b-4c6c-94c2-be1c1da118d1","term":"2","command":"[]"} | ret=SUCCESS |  
2025-10-20 19:50:35,441 | INFO  | SCMAudit | user=runner | ip=127.0.0.1 | op=SEND_HEARTBEAT {"datanodeUUID":"e05592a5-d00f-4fc1-9e39-a968c1ecb04e","term":"2","command":"[]"} | ret=SUCCESS |  
2025-10-20 19:50:35,444 | INFO  | SCMAudit | user=runner | ip=127.0.0.1 | op=SEND_HEARTBEAT {"datanodeUUID":"ef67b0a7-5b27-496d-9f38-ab804a28e500","term":"2","command":"[]"} | ret=SUCCESS |  
2025-10-20 19:50:35,468 | INFO  | SCMAudit | user=runner | ip=127.0.0.1 | op=SEND_HEARTBEAT {"datanodeUUID":"b614738c-cdff-4f09-bf59-ed5bb75d51be","term":"2","command":"[]"} | ret=SUCCESS |  
2025-10-20 19:50:35,473 | INFO  | SCMAudit | user=runner | ip=127.0.0.1 | op=SEND_HEARTBEAT {"datanodeUUID":"c90bff1f-5a1f-42c6-8fca-9533d718c79a","term":"2","command":"[]"} | ret=SUCCESS |  
2025-10-20 19:50:35,511 | INFO  | SCMAudit | user=runner | ip=127.0.0.1 | op=SEND_HEARTBEAT {"datanodeUUID":"af0e5da1-57af-45e9-9aca-fa0798d05628","term":"2","command":"[]"} | ret=SUCCESS |  
2025-10-20 19:50:35,578 | INFO  | SCMAudit | user=runner | ip=127.0.0.1 | op=SEND_HEARTBEAT {"datanodeUUID":"605be85e-a7f4-44d7-8cfd-f53001b990b0","term":"2","command":"[]"} | ret=SUCCESS |  
2025-10-20 19:50:35,592 | INFO  | SCMAudit | user=runner | ip=127.0.0.1 | op=SEND_HEARTBEAT {"datanodeUUID":"7bb0e7f0-2b36-4ec0-8a09-ceac75d91a36","term":"2","command":"[]"} | ret=SUCCESS |  
2025-10-20 19:50:35,597 | INFO  | SCMAudit | user=runner | ip=127.0.0.1 | op=SEND_HEARTBEAT {"datanodeUUID":"cc7fbe85-1d98-437b-84f9-04213fee10f0","term":"2","command":"[]"} | ret=SUCCESS |  
2025-10-20 19:50:35,967 | INFO  | OMAudit | user=runner | ip=127.0.0.1 | op=READ_VOLUME {"volume":"12945c66-7cf2-4410-9067-63ee943cc5b5"} | ret=SUCCESS |  
2025-10-20 19:50:35,969 | INFO  | OMAudit | user=runner | ip=127.0.0.1 | op=READ_BUCKET {"volume":"12945c66-7cf2-4410-9067-63ee943cc5b5","bucket":"690dc022-f071-4453-b10f-6d43f8067934"} | ret=SUCCESS |  
2025-10-20 19:50:35,969 [ForkJoinPool-1-worker-1] INFO  rpc.RpcClient (RpcClient.java:createVolume(461)) - Creating Volume: aad66840-b8c8-4c47-95b7-84f2be2f691c, with runner as owner and space quota set to -1 bytes, counts quota set to -1
2025-10-20 19:50:35,971 [om1-OMStateMachineApplyTransactionThread - 0] INFO  volume.OMVolumeCreateRequest (OMVolumeCreateRequest.java:validateAndUpdateCache(213)) - created volume:aad66840-b8c8-4c47-95b7-84f2be2f691c for user:runner
2025-10-20 19:50:35,971 | INFO  | OMAudit | user=runner | ip=127.0.0.1 | op=CREATE_VOLUME {"admin":"runner","owner":"runner","volume":"aad66840-b8c8-4c47-95b7-84f2be2f691c","creationTime":"1760989835970","modificationTime":"1760989835970","quotaInBytes":"-1","quotaInNamespace":"-1","usedNamespace":"0","objectID":"-9223372036854696192","updateID":"311","Transaction":"311"} | ret=SUCCESS |  
2025-10-20 19:50:35,972 | INFO  | OMAudit | user=runner | ip=127.0.0.1 | op=READ_VOLUME {"volume":"aad66840-b8c8-4c47-95b7-84f2be2f691c"} | ret=SUCCESS |  
2025-10-20 19:50:35,973 [ForkJoinPool-1-worker-1] INFO  rpc.RpcClient (RpcClient.java:createBucket(686)) - Creating Bucket: aad66840-b8c8-4c47-95b7-84f2be2f691c/f9bdb4d2-8839-409c-b1a6-00b353e3bc9d, with server-side default bucket layout, runner as owner, Versioning false, Storage Type set to DISK and Encryption set to false, Replication Type set to server-side default replication type, Namespace Quota set to -1, Space Quota set to -1 
2025-10-20 19:50:35,975 [om1-OMStateMachineApplyTransactionThread - 0] INFO  bucket.OMBucketCreateRequest (OMBucketCreateRequest.java:validateAndUpdateCache(303)) - created bucket: f9bdb4d2-8839-409c-b1a6-00b353e3bc9d of layout FILE_SYSTEM_OPTIMIZED in volume: aad66840-b8c8-4c47-95b7-84f2be2f691c
2025-10-20 19:50:35,975 | INFO  | OMAudit | user=runner | ip=127.0.0.1 | op=CREATE_BUCKET {"volume":"aad66840-b8c8-4c47-95b7-84f2be2f691c","bucket":"f9bdb4d2-8839-409c-b1a6-00b353e3bc9d","bucketLayout":"FILE_SYSTEM_OPTIMIZED","gdprEnabled":null,"acls":"[user:runner:a[ACCESS], group:runner:rl[ACCESS]]","isVersionEnabled":"false","storageType":"DISK","creationTime":"1760989835974","bucketEncryptionKey":null,"modificationTime":"1760989835974","usedBytes":"0","usedNamespace":"0","snapshotUsedBytes":"0","snapshotUsedNamespace":"0","owner":"runner","replicationType":null,"replicationConfig":null,"quotaInBytes":"-1","quotaInNamespace":"-1","Transaction":"312"} | ret=SUCCESS |  
2025-10-20 19:50:35,976 | INFO  | OMAudit | user=runner | ip=127.0.0.1 | op=READ_BUCKET {"volume":"aad66840-b8c8-4c47-95b7-84f2be2f691c","bucket":"f9bdb4d2-8839-409c-b1a6-00b353e3bc9d"} | ret=SUCCESS |  
2025-10-20 19:50:35,989 | INFO  | OMAudit | user=runner | ip=127.0.0.1 | op=READ_BUCKET {"volume":"aad66840-b8c8-4c47-95b7-84f2be2f691c","bucket":"f9bdb4d2-8839-409c-b1a6-00b353e3bc9d"} | ret=SUCCESS |  
2025-10-20 19:50:35,992 | INFO  | SCMAudit | user=runner | ip=127.0.0.1 | op=ALLOCATE_BLOCK {"replication":"RATIS/THREE","owner":"omServiceIdDefault","size":"4194304","sampleBlocks":"[conID: 19 locID: 115816896921600102, conID: 21 locID: 115816896921600103, conID: 17 locID: 115816896921600104, conID: 17 locID: 115816896921600105]","num":"4","client":"","allocated":"4"} | ret=SUCCESS |  
2025-10-20 19:50:36,001 | INFO  | OMAudit | user=runner | ip=127.0.0.1 | op=ALLOCATE_KEY {"volume":"aad66840-b8c8-4c47-95b7-84f2be2f691c","bucket":"f9bdb4d2-8839-409c-b1a6-00b353e3bc9d","key":"8a22d2c1-f5bd-49b5-90a4-6e7844a0a7ca","dataSize":"12582913","replicationType":"RATIS","replicationFactor":"THREE","Transaction":"313"} | ret=SUCCESS |  
2025-10-20 19:50:36,006 | INFO  | OMAudit | user=runner | ip=127.0.0.1 | op=READ_VOLUME {"volume":"aad66840-b8c8-4c47-95b7-84f2be2f691c"} | ret=SUCCESS |  
2025-10-20 19:50:36,008 | INFO  | OMAudit | user=runner | ip=127.0.0.1 | op=READ_BUCKET {"volume":"aad66840-b8c8-4c47-95b7-84f2be2f691c","bucket":"f9bdb4d2-8839-409c-b1a6-00b353e3bc9d"} | ret=SUCCESS |  
2025-10-20 19:50:36,041 | INFO  | SCMAudit | user=runner | ip=127.0.0.1 | op=SEND_HEARTBEAT {"datanodeUUID":"d7d8cf72-b9f6-4979-9c53-007dd6e6e48a","term":"2","command":"[]"} | ret=SUCCESS |  
2025-10-20 19:50:36,041 | INFO  | SCMAudit | user=runner | ip=127.0.0.1 | op=SEND_HEARTBEAT {"datanodeUUID":"4f2bb3f5-0e03-4f1b-bb4c-79c91b98c7da","term":"2","command":"[]"} | ret=SUCCESS |  
2025-10-20 19:50:36,045 | INFO  | SCMAudit | user=runner | ip=127.0.0.1 | op=SEND_HEARTBEAT {"datanodeUUID":"33f74daf-be7a-4306-b2af-53e409c4cb93","term":"2","command":"[]"} | ret=SUCCESS |  
2025-10-20 19:50:36,190 | INFO  | SCMAudit | user=runner | ip=127.0.0.1 | op=SEND_HEARTBEAT {"datanodeUUID":"feb39a1c-80cb-4714-ab06-a361236e3029","term":"2","command":"[]"} | ret=SUCCESS |  
2025-10-20 19:50:36,246 | INFO  | OMAudit | user=runner | ip=127.0.0.1 | op=COMMIT_KEY {"volume":"aad66840-b8c8-4c47-95b7-84f2be2f691c","bucket":"f9bdb4d2-8839-409c-b1a6-00b353e3bc9d","key":"8a22d2c1-f5bd-49b5-90a4-6e7844a0a7ca","dataSize":"12582913","replicationType":"RATIS","replicationFactor":"THREE","Transaction":"314"} | ret=SUCCESS |  
2025-10-20 19:50:36,250 | INFO  | OMAudit | user=runner | ip=127.0.0.1 | op=READ_VOLUME {"volume":"aad66840-b8c8-4c47-95b7-84f2be2f691c"} | ret=SUCCESS |  
2025-10-20 19:50:36,252 | INFO  | OMAudit | user=runner | ip=127.0.0.1 | op=READ_BUCKET {"volume":"aad66840-b8c8-4c47-95b7-84f2be2f691c","bucket":"f9bdb4d2-8839-409c-b1a6-00b353e3bc9d"} | ret=SUCCESS |  
2025-10-20 19:50:36,254 | INFO  | OMAudit | user=runner | ip=127.0.0.1 | op=READ_BUCKET {"volume":"aad66840-b8c8-4c47-95b7-84f2be2f691c","bucket":"f9bdb4d2-8839-409c-b1a6-00b353e3bc9d"} | ret=SUCCESS |  
2025-10-20 19:50:36,256 | INFO  | SCMAudit | user=runner | ip=127.0.0.1 | op=ALLOCATE_BLOCK {"replication":"RATIS/THREE","owner":"omServiceIdDefault","size":"4194304","sampleBlocks":"[conID: 20 locID: 115816896921600106, conID: 15 locID: 115816896921600107, conID: 16 locID: 115816896921600108, conID: 15 locID: 115816896921600109]","num":"4","client":"","allocated":"4"} | ret=SUCCESS |  
2025-10-20 19:50:36,260 | INFO  | OMAudit | user=runner | ip=127.0.0.1 | op=ALLOCATE_KEY {"volume":"aad66840-b8c8-4c47-95b7-84f2be2f691c","bucket":"f9bdb4d2-8839-409c-b1a6-00b353e3bc9d","key":"8a22d2c1-f5bd-49b5-90a4-6e7844a0a7ca","dataSize":"12582913","replicationType":"RATIS","replicationFactor":"THREE","Transaction":"315"} | ret=SUCCESS |  
2025-10-20 19:50:36,265 | INFO  | OMAudit | user=runner | ip=127.0.0.1 | op=READ_VOLUME {"volume":"aad66840-b8c8-4c47-95b7-84f2be2f691c"} | ret=SUCCESS |  
2025-10-20 19:50:36,268 | INFO  | OMAudit | user=runner | ip=127.0.0.1 | op=READ_BUCKET {"volume":"aad66840-b8c8-4c47-95b7-84f2be2f691c","bucket":"f9bdb4d2-8839-409c-b1a6-00b353e3bc9d"} | ret=SUCCESS |  
2025-10-20 19:50:36,346 | INFO  | SCMAudit | user=runner | ip=127.0.0.1 | op=SEND_HEARTBEAT {"datanodeUUID":"38991c48-ffb3-4453-b758-77d6b4ebc62b","term":"2","command":"[]"} | ret=SUCCESS |  
2025-10-20 19:50:36,438 | INFO  | SCMAudit | user=runner | ip=127.0.0.1 | op=SEND_HEARTBEAT {"datanodeUUID":"361055de-215b-4c6c-94c2-be1c1da118d1","term":"2","command":"[]"} | ret=SUCCESS |  
2025-10-20 19:50:36,441 | INFO  | SCMAudit | user=runner | ip=127.0.0.1 | op=SEND_HEARTBEAT {"datanodeUUID":"e05592a5-d00f-4fc1-9e39-a968c1ecb04e","term":"2","command":"[]"} | ret=SUCCESS |  
2025-10-20 19:50:36,446 | INFO  | SCMAudit | user=runner | ip=127.0.0.1 | op=SEND_HEARTBEAT {"datanodeUUID":"ef67b0a7-5b27-496d-9f38-ab804a28e500","term":"2","command":"[]"} | ret=SUCCESS |  
2025-10-20 19:50:36,458 | INFO  | OMAudit | user=runner | ip=127.0.0.1 | op=COMMIT_KEY {"volume":"aad66840-b8c8-4c47-95b7-84f2be2f691c","bucket":"f9bdb4d2-8839-409c-b1a6-00b353e3bc9d","key":"8a22d2c1-f5bd-49b5-90a4-6e7844a0a7ca","dataSize":"12582913","replicationType":"RATIS","replicationFactor":"THREE","Transaction":"316"} | ret=SUCCESS |  
2025-10-20 19:50:36,461 | INFO  | OMAudit | user=runner | ip=127.0.0.1 | op=READ_VOLUME {"volume":"aad66840-b8c8-4c47-95b7-84f2be2f691c"} | ret=SUCCESS |  
2025-10-20 19:50:36,463 | INFO  | OMAudit | user=runner | ip=127.0.0.1 | op=READ_BUCKET {"volume":"aad66840-b8c8-4c47-95b7-84f2be2f691c","bucket":"f9bdb4d2-8839-409c-b1a6-00b353e3bc9d"} | ret=SUCCESS |  
2025-10-20 19:50:36,468 | INFO  | SCMAudit | user=runner | ip=127.0.0.1 | op=SEND_HEARTBEAT {"datanodeUUID":"b614738c-cdff-4f09-bf59-ed5bb75d51be","term":"2","command":"[]"} | ret=SUCCESS |  
2025-10-20 19:50:36,473 | INFO  | SCMAudit | user=runner | ip=127.0.0.1 | op=SEND_HEARTBEAT {"datanodeUUID":"c90bff1f-5a1f-42c6-8fca-9533d718c79a","term":"2","command":"[]"} | ret=SUCCESS |  
2025-10-20 19:50:36,511 | INFO  | SCMAudit | user=runner | ip=127.0.0.1 | op=SEND_HEARTBEAT {"datanodeUUID":"af0e5da1-57af-45e9-9aca-fa0798d05628","term":"2","command":"[]"} | ret=SUCCESS |  
2025-10-20 19:50:36,578 | INFO  | SCMAudit | user=runner | ip=127.0.0.1 | op=SEND_HEARTBEAT {"datanodeUUID":"605be85e-a7f4-44d7-8cfd-f53001b990b0","term":"2","command":"[]"} | ret=SUCCESS |  
2025-10-20 19:50:36,592 | INFO  | SCMAudit | user=runner | ip=127.0.0.1 | op=SEND_HEARTBEAT {"datanodeUUID":"7bb0e7f0-2b36-4ec0-8a09-ceac75d91a36","term":"2","command":"[]"} | ret=SUCCESS |  
2025-10-20 19:50:36,597 | INFO  | SCMAudit | user=runner | ip=127.0.0.1 | op=SEND_HEARTBEAT {"datanodeUUID":"cc7fbe85-1d98-437b-84f9-04213fee10f0","term":"2","command":"[]"} | ret=SUCCESS |  
2025-10-20 19:50:37,035 | INFO  | SCMAudit | user=runner | ip=127.0.0.1 | op=SEND_HEARTBEAT {"datanodeUUID":"d7d8cf72-b9f6-4979-9c53-007dd6e6e48a","term":"2","command":"[]"} | ret=SUCCESS |  
2025-10-20 19:50:37,040 | INFO  | SCMAudit | user=runner | ip=127.0.0.1 | op=SEND_HEARTBEAT {"datanodeUUID":"4f2bb3f5-0e03-4f1b-bb4c-79c91b98c7da","term":"2","command":"[]"} | ret=SUCCESS |  
2025-10-20 19:50:37,043 | INFO  | SCMAudit | user=runner | ip=127.0.0.1 | op=SEND_HEARTBEAT {"datanodeUUID":"33f74daf-be7a-4306-b2af-53e409c4cb93","term":"2","command":"[]"} | ret=SUCCESS |  
2025-10-20 19:50:37,140 [om1-KeyDeletingService#8] INFO  service.KeyDeletingService (KeyDeletingService.java:processKeyDeletes(151)) - Send 1 key(s) to SCM, first 1 keys: [PurgedKey{blockGroup=BlockGroup[groupID='/aad66840-b8c8-4c47-95b7-84f2be2f691c/f9bdb4d2-8839-409c-b1a6-00b353e3bc9d/8a22d2c1-f5bd-49b5-90a4-6e7844a0a7ca/-9223372036854694912/0', blockIDs=[conID: 19 locID: 115816896921600102 bcsId: 0 replicaIndex: null, conID: 21 locID: 115816896921600103 bcsId: 0 replicaIndex: null, conID: 17 locID: 115816896921600104 bcsId: 0 replicaIndex: null, conID: 17 locID: 115816896921600105 bcsId: 0 replicaIndex: null]], volume='aad66840-b8c8-4c47-95b7-84f2be2f691c', bucket='f9bdb4d2-8839-409c-b1a6-00b353e3bc9d', bucketId=-9223372036854695936, purgedBytes=37748739, isCommittedKey=true, deleteKeyName='/aad66840-b8c8-4c47-95b7-84f2be2f691c/f9bdb4d2-8839-409c-b1a6-00b353e3bc9d/8a22d2c1-f5bd-49b5-90a4-6e7844a0a7ca/-9223372036854694912'}]
2025-10-20 19:50:37,142 | INFO  | SCMAudit | user=runner | ip=127.0.0.1 | op=DELETE_KEY_BLOCK {"KeyBlockToDelete":"[BlockGroup[groupID='/aad66840-b8c8-4c47-95b7-84f2be2f691c/f9bdb4d2-8839-409c-b1a6-00b353e3bc9d/8a22d2c1-f5bd-49b5-90a4-6e7844a0a7ca/-9223372036854694912/0', blockIDs=[conID: 19 locID: 115816896921600102 bcsId: 0 replicaIndex: null, conID: 21 locID: 115816896921600103 bcsId: 0 replicaIndex: null, conID: 17 locID: 115816896921600104 bcsId: 0 replicaIndex: null, conID: 17 locID: 115816896921600105 bcsId: 0 replicaIndex: null]]]"} | ret=SUCCESS |  
2025-10-20 19:50:37,143 [om1-KeyDeletingService#8] INFO  service.KeyDeletingService (KeyDeletingService.java:processKeyDeletes(158)) - 1 BlockGroup deletion are acked by SCM in 3 ms
2025-10-20 19:50:37,144 [om1-KeyDeletingService#8] INFO  service.KeyDeletingService (KeyDeletingService.java:processKeyDeletes(166)) - Blocks for 1 (out of 1) keys are deleted from DB in 2 ms. Limit per task is 50000.
2025-10-20 19:50:37,188 | INFO  | SCMAudit | user=runner | ip=127.0.0.1 | op=SEND_HEARTBEAT {"datanodeUUID":"feb39a1c-80cb-4714-ab06-a361236e3029","term":"2","command":"[]"} | ret=SUCCESS |  
2025-10-20 19:50:37,344 | INFO  | SCMAudit | user=runner | ip=127.0.0.1 | op=SEND_HEARTBEAT {"datanodeUUID":"38991c48-ffb3-4453-b758-77d6b4ebc62b","term":"2","command":"[]"} | ret=SUCCESS |  
2025-10-20 19:50:37,438 | INFO  | SCMAudit | user=runner | ip=127.0.0.1 | op=SEND_HEARTBEAT {"datanodeUUID":"361055de-215b-4c6c-94c2-be1c1da118d1","term":"2","command":"[]"} | ret=SUCCESS |  
2025-10-20 19:50:37,441 | INFO  | SCMAudit | user=runner | ip=127.0.0.1 | op=SEND_HEARTBEAT {"datanodeUUID":"e05592a5-d00f-4fc1-9e39-a968c1ecb04e","term":"2","command":"[]"} | ret=SUCCESS |  
2025-10-20 19:50:37,445 | INFO  | SCMAudit | user=runner | ip=127.0.0.1 | op=SEND_HEARTBEAT {"datanodeUUID":"ef67b0a7-5b27-496d-9f38-ab804a28e500","term":"2","command":"[]"} | ret=SUCCESS |  
2025-10-20 19:50:37,464 | INFO  | OMAudit | user=runner | ip=127.0.0.1 | op=READ_VOLUME {"volume":"aad66840-b8c8-4c47-95b7-84f2be2f691c"} | ret=SUCCESS |  
2025-10-20 19:50:37,466 | INFO  | OMAudit | user=runner | ip=127.0.0.1 | op=READ_BUCKET {"volume":"aad66840-b8c8-4c47-95b7-84f2be2f691c","bucket":"f9bdb4d2-8839-409c-b1a6-00b353e3bc9d"} | ret=SUCCESS |  
2025-10-20 19:50:37,468 | INFO  | SCMAudit | user=runner | ip=127.0.0.1 | op=SEND_HEARTBEAT {"datanodeUUID":"b614738c-cdff-4f09-bf59-ed5bb75d51be","term":"2","command":"[]"} | ret=SUCCESS |  
2025-10-20 19:50:37,469 | INFO  | OMAudit | user=runner | ip=127.0.0.1 | op=DELETE_KEY {"volume":"aad66840-b8c8-4c47-95b7-84f2be2f691c","bucket":"f9bdb4d2-8839-409c-b1a6-00b353e3bc9d","key":"8a22d2c1-f5bd-49b5-90a4-6e7844a0a7ca","dataSize":"12582913","replicationConfig":"RATIS/THREE","Transaction":"318"} | ret=SUCCESS |  
2025-10-20 19:50:37,470 | INFO  | OMAudit | user=runner | ip=127.0.0.1 | op=READ_VOLUME {"volume":"aad66840-b8c8-4c47-95b7-84f2be2f691c"} | ret=SUCCESS |  
2025-10-20 19:50:37,471 | INFO  | OMAudit | user=runner | ip=127.0.0.1 | op=READ_BUCKET {"volume":"aad66840-b8c8-4c47-95b7-84f2be2f691c","bucket":"f9bdb4d2-8839-409c-b1a6-00b353e3bc9d"} | ret=SUCCESS |  
2025-10-20 19:50:37,473 | INFO  | SCMAudit | user=runner | ip=127.0.0.1 | op=SEND_HEARTBEAT {"datanodeUUID":"c90bff1f-5a1f-42c6-8fca-9533d718c79a","term":"2","command":"[]"} | ret=SUCCESS |  
2025-10-20 19:50:37,511 | INFO  | SCMAudit | user=runner | ip=127.0.0.1 | op=SEND_HEARTBEAT {"datanodeUUID":"af0e5da1-57af-45e9-9aca-fa0798d05628","term":"2","command":"[]"} | ret=SUCCESS |  
2025-10-20 19:50:37,578 | INFO  | SCMAudit | user=runner | ip=127.0.0.1 | op=SEND_HEARTBEAT {"datanodeUUID":"605be85e-a7f4-44d7-8cfd-f53001b990b0","term":"2","command":"[]"} | ret=SUCCESS |  
2025-10-20 19:50:37,592 | INFO  | SCMAudit | user=runner | ip=127.0.0.1 | op=SEND_HEARTBEAT {"datanodeUUID":"7bb0e7f0-2b36-4ec0-8a09-ceac75d91a36","term":"2","command":"[]"} | ret=SUCCESS |  
2025-10-20 19:50:37,597 | INFO  | SCMAudit | user=runner | ip=127.0.0.1 | op=SEND_HEARTBEAT {"datanodeUUID":"cc7fbe85-1d98-437b-84f9-04213fee10f0","term":"2","command":"[]"} | ret=SUCCESS |  
2025-10-20 19:50:38,036 | INFO  | SCMAudit | user=runner | ip=127.0.0.1 | op=SEND_HEARTBEAT {"datanodeUUID":"d7d8cf72-b9f6-4979-9c53-007dd6e6e48a","term":"2","command":"[]"} | ret=SUCCESS |  
2025-10-20 19:50:38,039 | INFO  | SCMAudit | user=runner | ip=127.0.0.1 | op=SEND_HEARTBEAT {"datanodeUUID":"4f2bb3f5-0e03-4f1b-bb4c-79c91b98c7da","term":"2","command":"[]"} | ret=SUCCESS |  
2025-10-20 19:50:38,043 | INFO  | SCMAudit | user=runner | ip=127.0.0.1 | op=SEND_HEARTBEAT {"datanodeUUID":"33f74daf-be7a-4306-b2af-53e409c4cb93","term":"2","command":"[]"} | ret=SUCCESS |  
2025-10-20 19:50:38,140 [om1-KeyDeletingService#1] INFO  service.KeyDeletingService (KeyDeletingService.java:processKeyDeletes(151)) - Send 1 key(s) to SCM, first 1 keys: [PurgedKey{blockGroup=BlockGroup[groupID='/aad66840-b8c8-4c47-95b7-84f2be2f691c/f9bdb4d2-8839-409c-b1a6-00b353e3bc9d/8a22d2c1-f5bd-49b5-90a4-6e7844a0a7ca/-9223372036854695679/0', blockIDs=[conID: 20 locID: 115816896921600106 bcsId: 0 replicaIndex: null, conID: 15 locID: 115816896921600107 bcsId: 0 replicaIndex: null, conID: 16 locID: 115816896921600108 bcsId: 0 replicaIndex: null, conID: 15 locID: 115816896921600109 bcsId: 0 replicaIndex: null]], volume='aad66840-b8c8-4c47-95b7-84f2be2f691c', bucket='f9bdb4d2-8839-409c-b1a6-00b353e3bc9d', bucketId=-9223372036854695936, purgedBytes=37748739, isCommittedKey=true, deleteKeyName='/aad66840-b8c8-4c47-95b7-84f2be2f691c/f9bdb4d2-8839-409c-b1a6-00b353e3bc9d/8a22d2c1-f5bd-49b5-90a4-6e7844a0a7ca/-9223372036854695679'}]
2025-10-20 19:50:38,142 | INFO  | SCMAudit | user=runner | ip=127.0.0.1 | op=DELETE_KEY_BLOCK {"KeyBlockToDelete":"[BlockGroup[groupID='/aad66840-b8c8-4c47-95b7-84f2be2f691c/f9bdb4d2-8839-409c-b1a6-00b353e3bc9d/8a22d2c1-f5bd-49b5-90a4-6e7844a0a7ca/-9223372036854695679/0', blockIDs=[conID: 20 locID: 115816896921600106 bcsId: 0 replicaIndex: null, conID: 15 locID: 115816896921600107 bcsId: 0 replicaIndex: null, conID: 16 locID: 115816896921600108 bcsId: 0 replicaIndex: null, conID: 15 locID: 115816896921600109 bcsId: 0 replicaIndex: null]]]"} | ret=SUCCESS |  
2025-10-20 19:50:38,142 [om1-KeyDeletingService#1] INFO  service.KeyDeletingService (KeyDeletingService.java:processKeyDeletes(158)) - 1 BlockGroup deletion are acked by SCM in 3 ms
2025-10-20 19:50:38,144 [om1-KeyDeletingService#1] INFO  service.KeyDeletingService (KeyDeletingService.java:processKeyDeletes(166)) - Blocks for 1 (out of 1) keys are deleted from DB in 1 ms. Limit per task is 50000.
2025-10-20 19:50:38,188 | INFO  | SCMAudit | user=runner | ip=127.0.0.1 | op=SEND_HEARTBEAT {"datanodeUUID":"feb39a1c-80cb-4714-ab06-a361236e3029","term":"2","command":"[]"} | ret=SUCCESS |  
2025-10-20 19:50:38,343 | INFO  | SCMAudit | user=runner | ip=127.0.0.1 | op=SEND_HEARTBEAT {"datanodeUUID":"38991c48-ffb3-4453-b758-77d6b4ebc62b","term":"2","command":"[]"} | ret=SUCCESS |  
2025-10-20 19:50:38,437 | INFO  | SCMAudit | user=runner | ip=127.0.0.1 | op=SEND_HEARTBEAT {"datanodeUUID":"361055de-215b-4c6c-94c2-be1c1da118d1","term":"2","command":"[]"} | ret=SUCCESS |  
2025-10-20 19:50:38,441 | INFO  | SCMAudit | user=runner | ip=127.0.0.1 | op=SEND_HEARTBEAT {"datanodeUUID":"e05592a5-d00f-4fc1-9e39-a968c1ecb04e","term":"2","command":"[]"} | ret=SUCCESS |  
2025-10-20 19:50:38,445 | INFO  | SCMAudit | user=runner | ip=127.0.0.1 | op=SEND_HEARTBEAT {"datanodeUUID":"ef67b0a7-5b27-496d-9f38-ab804a28e500","term":"2","command":"[]"} | ret=SUCCESS |  
2025-10-20 19:50:38,468 | INFO  | SCMAudit | user=runner | ip=127.0.0.1 | op=SEND_HEARTBEAT {"datanodeUUID":"b614738c-cdff-4f09-bf59-ed5bb75d51be","term":"2","command":"[]"} | ret=SUCCESS |  
2025-10-20 19:50:38,472 | INFO  | OMAudit | user=runner | ip=127.0.0.1 | op=READ_VOLUME {"volume":"aad66840-b8c8-4c47-95b7-84f2be2f691c"} | ret=SUCCESS |  
2025-10-20 19:50:38,473 | INFO  | SCMAudit | user=runner | ip=127.0.0.1 | op=SEND_HEARTBEAT {"datanodeUUID":"c90bff1f-5a1f-42c6-8fca-9533d718c79a","term":"2","command":"[]"} | ret=SUCCESS |  
2025-10-20 19:50:38,473 | INFO  | OMAudit | user=runner | ip=127.0.0.1 | op=READ_BUCKET {"volume":"aad66840-b8c8-4c47-95b7-84f2be2f691c","bucket":"f9bdb4d2-8839-409c-b1a6-00b353e3bc9d"} | ret=SUCCESS |  
]]></system-out>
  </testcase>
  <testcase name="testBucketQuota(ReplicationConfig)[3]" classname="org.apache.hadoop.ozone.client.rpc.TestSecureOzoneRpcClient" time="27.637">
    <system-out><![CDATA[2025-10-20 19:50:38,477 [ForkJoinPool-1-worker-1] INFO  rpc.RpcClient (RpcClient.java:createVolume(461)) - Creating Volume: 3721d57b-b97f-4dc9-903f-9a7ba3084eb3, with runner as owner and space quota set to -1 bytes, counts quota set to -1
2025-10-20 19:50:38,479 [om1-OMStateMachineApplyTransactionThread - 0] INFO  volume.OMVolumeCreateRequest (OMVolumeCreateRequest.java:validateAndUpdateCache(213)) - created volume:3721d57b-b97f-4dc9-903f-9a7ba3084eb3 for user:runner
2025-10-20 19:50:38,479 | INFO  | OMAudit | user=runner | ip=127.0.0.1 | op=CREATE_VOLUME {"admin":"runner","owner":"runner","volume":"3721d57b-b97f-4dc9-903f-9a7ba3084eb3","creationTime":"1760989838478","modificationTime":"1760989838478","quotaInBytes":"-1","quotaInNamespace":"-1","usedNamespace":"0","objectID":"-9223372036854693888","updateID":"320","Transaction":"320"} | ret=SUCCESS |  
2025-10-20 19:50:38,480 | INFO  | OMAudit | user=runner | ip=127.0.0.1 | op=READ_VOLUME {"volume":"3721d57b-b97f-4dc9-903f-9a7ba3084eb3"} | ret=SUCCESS |  
2025-10-20 19:50:38,481 [ForkJoinPool-1-worker-1] INFO  rpc.RpcClient (RpcClient.java:createBucket(686)) - Creating Bucket: 3721d57b-b97f-4dc9-903f-9a7ba3084eb3/f17a0700-1dd3-4dea-ab59-31f27759fc45, with server-side default bucket layout, runner as owner, Versioning false, Storage Type set to DISK and Encryption set to false, Replication Type set to server-side default replication type, Namespace Quota set to -1, Space Quota set to -1 
2025-10-20 19:50:38,483 [om1-OMStateMachineApplyTransactionThread - 0] INFO  bucket.OMBucketCreateRequest (OMBucketCreateRequest.java:validateAndUpdateCache(303)) - created bucket: f17a0700-1dd3-4dea-ab59-31f27759fc45 of layout FILE_SYSTEM_OPTIMIZED in volume: 3721d57b-b97f-4dc9-903f-9a7ba3084eb3
2025-10-20 19:50:38,483 | INFO  | OMAudit | user=runner | ip=127.0.0.1 | op=CREATE_BUCKET {"volume":"3721d57b-b97f-4dc9-903f-9a7ba3084eb3","bucket":"f17a0700-1dd3-4dea-ab59-31f27759fc45","bucketLayout":"FILE_SYSTEM_OPTIMIZED","gdprEnabled":null,"acls":"[user:runner:a[ACCESS], group:runner:rl[ACCESS]]","isVersionEnabled":"false","storageType":"DISK","creationTime":"1760989838481","bucketEncryptionKey":null,"modificationTime":"1760989838481","usedBytes":"0","usedNamespace":"0","snapshotUsedBytes":"0","snapshotUsedNamespace":"0","owner":"runner","replicationType":null,"replicationConfig":null,"quotaInBytes":"-1","quotaInNamespace":"-1","Transaction":"321"} | ret=SUCCESS |  
2025-10-20 19:50:38,484 | INFO  | OMAudit | user=runner | ip=127.0.0.1 | op=READ_BUCKET {"volume":"3721d57b-b97f-4dc9-903f-9a7ba3084eb3","bucket":"f17a0700-1dd3-4dea-ab59-31f27759fc45"} | ret=SUCCESS |  
2025-10-20 19:50:38,487 | INFO  | OMAudit | user=runner | ip=127.0.0.1 | op=READ_BUCKET {"volume":"3721d57b-b97f-4dc9-903f-9a7ba3084eb3","bucket":"f17a0700-1dd3-4dea-ab59-31f27759fc45"} | ret=SUCCESS |  
2025-10-20 19:50:38,492 [IPC Server handler 32 on default port 15001] INFO  algorithms.SCMContainerPlacementRackScatter (SCMContainerPlacementRackScatter.java:chooseDatanodesInternal(369)) - Chosen nodes: [ef67b0a7-5b27-496d-9f38-ab804a28e500(localhost/127.0.0.1), 7bb0e7f0-2b36-4ec0-8a09-ceac75d91a36(localhost/127.0.0.1), 361055de-215b-4c6c-94c2-be1c1da118d1(localhost/127.0.0.1), af0e5da1-57af-45e9-9aca-fa0798d05628(localhost/127.0.0.1), 38991c48-ffb3-4453-b758-77d6b4ebc62b(localhost/127.0.0.1)]. isPolicySatisfied: true.
2025-10-20 19:50:38,497 [IPC Server handler 32 on default port 15001] INFO  pipeline.WritableECContainerProvider (WritableECContainerProvider.java:allocateContainer(215)) - Created and opened new pipeline Pipeline{ Id: e1c0107b-c508-4624-bc08-7aa62fb3e141, Nodes: [ {ef67b0a7-5b27-496d-9f38-ab804a28e500(localhost/127.0.0.1), ReplicaIndex: 1}, {7bb0e7f0-2b36-4ec0-8a09-ceac75d91a36(localhost/127.0.0.1), ReplicaIndex: 2}, {361055de-215b-4c6c-94c2-be1c1da118d1(localhost/127.0.0.1), ReplicaIndex: 3}, {af0e5da1-57af-45e9-9aca-fa0798d05628(localhost/127.0.0.1), ReplicaIndex: 4}, {38991c48-ffb3-4453-b758-77d6b4ebc62b(localhost/127.0.0.1), ReplicaIndex: 5},], ReplicationConfig: EC{rs-3-2-1024k}, State:ALLOCATED, leaderId:, CreationTimestamp2025-10-20T19:50:38.492922336Z[Etc/UTC]}
2025-10-20 19:50:38,497 | INFO  | SCMAudit | user=runner | ip=127.0.0.1 | op=ALLOCATE_BLOCK {"replication":"EC{rs-3-2-1024k}","owner":"omServiceIdDefault","size":"4194304","sampleBlocks":"[conID: 22 locID: 115816896921600110]","num":"1","client":"","allocated":"1"} | ret=SUCCESS |  
2025-10-20 19:50:38,501 | INFO  | OMAudit | user=runner | ip=127.0.0.1 | op=ALLOCATE_KEY {"volume":"3721d57b-b97f-4dc9-903f-9a7ba3084eb3","bucket":"f17a0700-1dd3-4dea-ab59-31f27759fc45","key":"3ea1c72a-9739-4d58-af41-2fa275b3bd93","dataSize":"4194304","replicationType":"EC","replicationConfig":"rs-3-2-1048576","Transaction":"322"} | ret=SUCCESS |  
2025-10-20 19:50:38,512 | INFO  | SCMAudit | user=runner | ip=127.0.0.1 | op=SEND_HEARTBEAT {"datanodeUUID":"af0e5da1-57af-45e9-9aca-fa0798d05628","term":"2","command":"[]"} | ret=SUCCESS |  
2025-10-20 19:50:38,517 [ForkJoinPool-1-worker-1] WARN  erasurecode.ErasureCodeNative (ErasureCodeNative.java:<clinit>(55)) - ISA-L support is not available in your platform... using builtin-java codec where applicable
2025-10-20 19:50:38,560 | INFO  | OMAudit | user=runner | ip=127.0.0.1 | op=READ_VOLUME {"volume":"3721d57b-b97f-4dc9-903f-9a7ba3084eb3"} | ret=SUCCESS |  
2025-10-20 19:50:38,561 | INFO  | OMAudit | user=runner | ip=127.0.0.1 | op=READ_BUCKET {"volume":"3721d57b-b97f-4dc9-903f-9a7ba3084eb3","bucket":"f17a0700-1dd3-4dea-ab59-31f27759fc45"} | ret=SUCCESS |  
2025-10-20 19:50:38,565 | INFO  | OMAudit | user=runner | ip=127.0.0.1 | op=COMMIT_KEY {"volume":"3721d57b-b97f-4dc9-903f-9a7ba3084eb3","bucket":"f17a0700-1dd3-4dea-ab59-31f27759fc45","key":"3ea1c72a-9739-4d58-af41-2fa275b3bd93","dataSize":"0","replicationType":"EC","replicationConfig":"rs-3-2-1048576","Transaction":"323"} | ret=SUCCESS |  
2025-10-20 19:50:38,566 | INFO  | OMAudit | user=runner | ip=127.0.0.1 | op=READ_VOLUME {"volume":"3721d57b-b97f-4dc9-903f-9a7ba3084eb3"} | ret=SUCCESS |  
2025-10-20 19:50:38,567 | INFO  | OMAudit | user=runner | ip=127.0.0.1 | op=READ_BUCKET {"volume":"3721d57b-b97f-4dc9-903f-9a7ba3084eb3","bucket":"f17a0700-1dd3-4dea-ab59-31f27759fc45"} | ret=SUCCESS |  
2025-10-20 19:50:38,569 | INFO  | OMAudit | user=runner | ip=127.0.0.1 | op=READ_BUCKET {"volume":"3721d57b-b97f-4dc9-903f-9a7ba3084eb3","bucket":"f17a0700-1dd3-4dea-ab59-31f27759fc45"} | ret=SUCCESS |  
2025-10-20 19:50:38,570 [IPC Server handler 26 on default port 15001] INFO  algorithms.SCMContainerPlacementRackScatter (SCMContainerPlacementRackScatter.java:chooseDatanodesInternal(369)) - Chosen nodes: [38991c48-ffb3-4453-b758-77d6b4ebc62b(localhost/127.0.0.1), 361055de-215b-4c6c-94c2-be1c1da118d1(localhost/127.0.0.1), b614738c-cdff-4f09-bf59-ed5bb75d51be(localhost/127.0.0.1), af0e5da1-57af-45e9-9aca-fa0798d05628(localhost/127.0.0.1), c90bff1f-5a1f-42c6-8fca-9533d718c79a(localhost/127.0.0.1)]. isPolicySatisfied: true.
2025-10-20 19:50:38,573 [IPC Server handler 26 on default port 15001] INFO  pipeline.WritableECContainerProvider (WritableECContainerProvider.java:allocateContainer(215)) - Created and opened new pipeline Pipeline{ Id: 9cb940df-e518-4a42-b523-905da4598726, Nodes: [ {38991c48-ffb3-4453-b758-77d6b4ebc62b(localhost/127.0.0.1), ReplicaIndex: 1}, {361055de-215b-4c6c-94c2-be1c1da118d1(localhost/127.0.0.1), ReplicaIndex: 2}, {b614738c-cdff-4f09-bf59-ed5bb75d51be(localhost/127.0.0.1), ReplicaIndex: 3}, {af0e5da1-57af-45e9-9aca-fa0798d05628(localhost/127.0.0.1), ReplicaIndex: 4}, {c90bff1f-5a1f-42c6-8fca-9533d718c79a(localhost/127.0.0.1), ReplicaIndex: 5},], ReplicationConfig: EC{rs-3-2-1024k}, State:ALLOCATED, leaderId:, CreationTimestamp2025-10-20T19:50:38.570328439Z[Etc/UTC]}
2025-10-20 19:50:38,574 | INFO  | SCMAudit | user=runner | ip=127.0.0.1 | op=ALLOCATE_BLOCK {"replication":"EC{rs-3-2-1024k}","owner":"omServiceIdDefault","size":"4194304","sampleBlocks":"[conID: 23 locID: 115816896921600111]","num":"1","client":"","allocated":"1"} | ret=SUCCESS |  
2025-10-20 19:50:38,576 | INFO  | OMAudit | user=runner | ip=127.0.0.1 | op=ALLOCATE_KEY {"volume":"3721d57b-b97f-4dc9-903f-9a7ba3084eb3","bucket":"f17a0700-1dd3-4dea-ab59-31f27759fc45","key":"3ea1c72a-9739-4d58-af41-2fa275b3bd93","dataSize":"4194304","replicationType":"EC","replicationConfig":"rs-3-2-1048576","Transaction":"324"} | ret=SUCCESS |  
2025-10-20 19:50:38,578 | INFO  | SCMAudit | user=runner | ip=127.0.0.1 | op=SEND_HEARTBEAT {"datanodeUUID":"605be85e-a7f4-44d7-8cfd-f53001b990b0","term":"2","command":"[]"} | ret=SUCCESS |  
2025-10-20 19:50:38,579 | INFO  | OMAudit | user=runner | ip=127.0.0.1 | op=READ_VOLUME {"volume":"3721d57b-b97f-4dc9-903f-9a7ba3084eb3"} | ret=SUCCESS |  
2025-10-20 19:50:38,580 | INFO  | OMAudit | user=runner | ip=127.0.0.1 | op=READ_BUCKET {"volume":"3721d57b-b97f-4dc9-903f-9a7ba3084eb3","bucket":"f17a0700-1dd3-4dea-ab59-31f27759fc45"} | ret=SUCCESS |  
2025-10-20 19:50:38,582 | INFO  | OMAudit | user=runner | ip=127.0.0.1 | op=COMMIT_KEY {"volume":"3721d57b-b97f-4dc9-903f-9a7ba3084eb3","bucket":"f17a0700-1dd3-4dea-ab59-31f27759fc45","key":"3ea1c72a-9739-4d58-af41-2fa275b3bd93","dataSize":"0","replicationType":"EC","replicationConfig":"rs-3-2-1048576","Transaction":"325"} | ret=SUCCESS |  
2025-10-20 19:50:38,583 | INFO  | OMAudit | user=runner | ip=127.0.0.1 | op=READ_VOLUME {"volume":"3721d57b-b97f-4dc9-903f-9a7ba3084eb3"} | ret=SUCCESS |  
2025-10-20 19:50:38,584 | INFO  | OMAudit | user=runner | ip=127.0.0.1 | op=READ_BUCKET {"volume":"3721d57b-b97f-4dc9-903f-9a7ba3084eb3","bucket":"f17a0700-1dd3-4dea-ab59-31f27759fc45"} | ret=SUCCESS |  
2025-10-20 19:50:38,587 | INFO  | OMAudit | user=runner | ip=127.0.0.1 | op=DELETE_KEY {"volume":"3721d57b-b97f-4dc9-903f-9a7ba3084eb3","bucket":"f17a0700-1dd3-4dea-ab59-31f27759fc45","key":"3ea1c72a-9739-4d58-af41-2fa275b3bd93","dataSize":"0","replicationConfig":"EC{rs-3-2-1024k}","Transaction":"326"} | ret=SUCCESS |  
2025-10-20 19:50:38,588 | INFO  | OMAudit | user=runner | ip=127.0.0.1 | op=READ_VOLUME {"volume":"3721d57b-b97f-4dc9-903f-9a7ba3084eb3"} | ret=SUCCESS |  
2025-10-20 19:50:38,589 | INFO  | OMAudit | user=runner | ip=127.0.0.1 | op=READ_BUCKET {"volume":"3721d57b-b97f-4dc9-903f-9a7ba3084eb3","bucket":"f17a0700-1dd3-4dea-ab59-31f27759fc45"} | ret=SUCCESS |  
2025-10-20 19:50:38,589 [ForkJoinPool-1-worker-1] INFO  rpc.RpcClient (RpcClient.java:createVolume(461)) - Creating Volume: 6c64fbfb-315b-439b-a289-8849068529c3, with runner as owner and space quota set to -1 bytes, counts quota set to -1
2025-10-20 19:50:38,591 [om1-OMStateMachineApplyTransactionThread - 0] INFO  volume.OMVolumeCreateRequest (OMVolumeCreateRequest.java:validateAndUpdateCache(213)) - created volume:6c64fbfb-315b-439b-a289-8849068529c3 for user:runner
2025-10-20 19:50:38,591 | INFO  | OMAudit | user=runner | ip=127.0.0.1 | op=CREATE_VOLUME {"admin":"runner","owner":"runner","volume":"6c64fbfb-315b-439b-a289-8849068529c3","creationTime":"1760989838590","modificationTime":"1760989838590","quotaInBytes":"-1","quotaInNamespace":"-1","usedNamespace":"0","objectID":"-9223372036854692096","updateID":"327","Transaction":"327"} | ret=SUCCESS |  
2025-10-20 19:50:38,592 | INFO  | OMAudit | user=runner | ip=127.0.0.1 | op=READ_VOLUME {"volume":"6c64fbfb-315b-439b-a289-8849068529c3"} | ret=SUCCESS |  
2025-10-20 19:50:38,592 [ForkJoinPool-1-worker-1] INFO  rpc.RpcClient (RpcClient.java:createBucket(686)) - Creating Bucket: 6c64fbfb-315b-439b-a289-8849068529c3/0d1dfc28-c5d2-466f-a9b0-3d75ebb9a8e2, with server-side default bucket layout, runner as owner, Versioning false, Storage Type set to DISK and Encryption set to false, Replication Type set to server-side default replication type, Namespace Quota set to -1, Space Quota set to -1 
2025-10-20 19:50:38,593 | INFO  | SCMAudit | user=runner | ip=127.0.0.1 | op=SEND_HEARTBEAT {"datanodeUUID":"7bb0e7f0-2b36-4ec0-8a09-ceac75d91a36","term":"2","command":"[]"} | ret=SUCCESS |  
2025-10-20 19:50:38,594 [om1-OMStateMachineApplyTransactionThread - 0] INFO  bucket.OMBucketCreateRequest (OMBucketCreateRequest.java:validateAndUpdateCache(303)) - created bucket: 0d1dfc28-c5d2-466f-a9b0-3d75ebb9a8e2 of layout FILE_SYSTEM_OPTIMIZED in volume: 6c64fbfb-315b-439b-a289-8849068529c3
2025-10-20 19:50:38,594 | INFO  | OMAudit | user=runner | ip=127.0.0.1 | op=CREATE_BUCKET {"volume":"6c64fbfb-315b-439b-a289-8849068529c3","bucket":"0d1dfc28-c5d2-466f-a9b0-3d75ebb9a8e2","bucketLayout":"FILE_SYSTEM_OPTIMIZED","gdprEnabled":null,"acls":"[user:runner:a[ACCESS], group:runner:rl[ACCESS]]","isVersionEnabled":"false","storageType":"DISK","creationTime":"1760989838593","bucketEncryptionKey":null,"modificationTime":"1760989838593","usedBytes":"0","usedNamespace":"0","snapshotUsedBytes":"0","snapshotUsedNamespace":"0","owner":"runner","replicationType":null,"replicationConfig":null,"quotaInBytes":"-1","quotaInNamespace":"-1","Transaction":"328"} | ret=SUCCESS |  
2025-10-20 19:50:38,595 | INFO  | OMAudit | user=runner | ip=127.0.0.1 | op=READ_BUCKET {"volume":"6c64fbfb-315b-439b-a289-8849068529c3","bucket":"0d1dfc28-c5d2-466f-a9b0-3d75ebb9a8e2"} | ret=SUCCESS |  
2025-10-20 19:50:38,596 | INFO  | OMAudit | user=runner | ip=127.0.0.1 | op=READ_BUCKET {"volume":"6c64fbfb-315b-439b-a289-8849068529c3","bucket":"0d1dfc28-c5d2-466f-a9b0-3d75ebb9a8e2"} | ret=SUCCESS |  
2025-10-20 19:50:38,597 | INFO  | SCMAudit | user=runner | ip=127.0.0.1 | op=SEND_HEARTBEAT {"datanodeUUID":"cc7fbe85-1d98-437b-84f9-04213fee10f0","term":"2","command":"[]"} | ret=SUCCESS |  
2025-10-20 19:50:38,597 [IPC Server handler 34 on default port 15001] INFO  algorithms.SCMContainerPlacementRackScatter (SCMContainerPlacementRackScatter.java:chooseDatanodesInternal(369)) - Chosen nodes: [605be85e-a7f4-44d7-8cfd-f53001b990b0(localhost/127.0.0.1), 361055de-215b-4c6c-94c2-be1c1da118d1(localhost/127.0.0.1), 33f74daf-be7a-4306-b2af-53e409c4cb93(localhost/127.0.0.1), cc7fbe85-1d98-437b-84f9-04213fee10f0(localhost/127.0.0.1), 4f2bb3f5-0e03-4f1b-bb4c-79c91b98c7da(localhost/127.0.0.1)]. isPolicySatisfied: true.
2025-10-20 19:50:38,601 [IPC Server handler 34 on default port 15001] INFO  pipeline.WritableECContainerProvider (WritableECContainerProvider.java:allocateContainer(215)) - Created and opened new pipeline Pipeline{ Id: b3df19f9-4803-4c2d-9057-c0aba1200712, Nodes: [ {605be85e-a7f4-44d7-8cfd-f53001b990b0(localhost/127.0.0.1), ReplicaIndex: 1}, {361055de-215b-4c6c-94c2-be1c1da118d1(localhost/127.0.0.1), ReplicaIndex: 2}, {33f74daf-be7a-4306-b2af-53e409c4cb93(localhost/127.0.0.1), ReplicaIndex: 3}, {cc7fbe85-1d98-437b-84f9-04213fee10f0(localhost/127.0.0.1), ReplicaIndex: 4}, {4f2bb3f5-0e03-4f1b-bb4c-79c91b98c7da(localhost/127.0.0.1), ReplicaIndex: 5},], ReplicationConfig: EC{rs-3-2-1024k}, State:ALLOCATED, leaderId:, CreationTimestamp2025-10-20T19:50:38.597865535Z[Etc/UTC]}
2025-10-20 19:50:38,601 | INFO  | SCMAudit | user=runner | ip=127.0.0.1 | op=ALLOCATE_BLOCK {"replication":"EC{rs-3-2-1024k}","owner":"omServiceIdDefault","size":"4194304","sampleBlocks":"[conID: 24 locID: 115816896921600112]","num":"1","client":"","allocated":"1"} | ret=SUCCESS |  
2025-10-20 19:50:38,604 | INFO  | OMAudit | user=runner | ip=127.0.0.1 | op=ALLOCATE_KEY {"volume":"6c64fbfb-315b-439b-a289-8849068529c3","bucket":"0d1dfc28-c5d2-466f-a9b0-3d75ebb9a8e2","key":"8f038a76-7197-42c0-895c-8ec85abd5286","dataSize":"1","replicationType":"EC","replicationConfig":"rs-3-2-1048576","Transaction":"329"} | ret=SUCCESS |  
2025-10-20 19:50:38,607 | INFO  | OMAudit | user=runner | ip=127.0.0.1 | op=READ_VOLUME {"volume":"6c64fbfb-315b-439b-a289-8849068529c3"} | ret=SUCCESS |  
2025-10-20 19:50:38,608 | INFO  | OMAudit | user=runner | ip=127.0.0.1 | op=READ_BUCKET {"volume":"6c64fbfb-315b-439b-a289-8849068529c3","bucket":"0d1dfc28-c5d2-466f-a9b0-3d75ebb9a8e2"} | ret=SUCCESS |  
2025-10-20 19:50:38,640 | INFO  | ContainerLog | ID=24 | Index=5 | BCSID=0 | State=OPEN | Volume=/home/runner/work/ozone/ozone/hadoop-ozone/integration-test/target/test-dir/MiniOzoneClusterImpl-6935df51-69ff-4c35-8bd4-ed2b81d70e54/ozone-metadata/datanode-11/data-0/hdds | DataChecksum=0 |  
2025-10-20 19:50:38,641 | INFO  | ContainerLog | ID=24 | Index=4 | BCSID=0 | State=OPEN | Volume=/home/runner/work/ozone/ozone/hadoop-ozone/integration-test/target/test-dir/MiniOzoneClusterImpl-6935df51-69ff-4c35-8bd4-ed2b81d70e54/ozone-metadata/datanode-7/data-0/hdds | DataChecksum=0 |  
2025-10-20 19:50:38,643 | INFO  | ContainerLog | ID=24 | Index=1 | BCSID=0 | State=OPEN | Volume=/home/runner/work/ozone/ozone/hadoop-ozone/integration-test/target/test-dir/MiniOzoneClusterImpl-6935df51-69ff-4c35-8bd4-ed2b81d70e54/ozone-metadata/datanode-9/data-0/hdds | DataChecksum=0 |  
2025-10-20 19:50:38,645 | INFO  | SCMAudit | user=runner | ip=127.0.0.1 | op=SEND_HEARTBEAT {"datanodeUUID":"4f2bb3f5-0e03-4f1b-bb4c-79c91b98c7da","term":"2","command":"[]"} | ret=SUCCESS |  
2025-10-20 19:50:38,646 | INFO  | SCMAudit | user=runner | ip=127.0.0.1 | op=SEND_HEARTBEAT {"datanodeUUID":"cc7fbe85-1d98-437b-84f9-04213fee10f0","term":"2","command":"[]"} | ret=SUCCESS |  
2025-10-20 19:50:38,647 | INFO  | SCMAudit | user=runner | ip=127.0.0.1 | op=SEND_HEARTBEAT {"datanodeUUID":"605be85e-a7f4-44d7-8cfd-f53001b990b0","term":"2","command":"[]"} | ret=SUCCESS |  
2025-10-20 19:50:38,665 | INFO  | ContainerLog | ID=24 | Index=2 | BCSID=0 | State=OPEN | Volume=/home/runner/work/ozone/ozone/hadoop-ozone/integration-test/target/test-dir/MiniOzoneClusterImpl-6935df51-69ff-4c35-8bd4-ed2b81d70e54/ozone-metadata/datanode-3/data-0/hdds | DataChecksum=0 |  
2025-10-20 19:50:38,665 | INFO  | ContainerLog | ID=24 | Index=3 | BCSID=0 | State=OPEN | Volume=/home/runner/work/ozone/ozone/hadoop-ozone/integration-test/target/test-dir/MiniOzoneClusterImpl-6935df51-69ff-4c35-8bd4-ed2b81d70e54/ozone-metadata/datanode-10/data-0/hdds | DataChecksum=0 |  
2025-10-20 19:50:38,669 | INFO  | SCMAudit | user=runner | ip=127.0.0.1 | op=SEND_HEARTBEAT {"datanodeUUID":"361055de-215b-4c6c-94c2-be1c1da118d1","term":"2","command":"[]"} | ret=SUCCESS |  
2025-10-20 19:50:38,670 | INFO  | SCMAudit | user=runner | ip=127.0.0.1 | op=SEND_HEARTBEAT {"datanodeUUID":"33f74daf-be7a-4306-b2af-53e409c4cb93","term":"2","command":"[]"} | ret=SUCCESS |  
2025-10-20 19:50:38,676 | INFO  | OMAudit | user=runner | ip=127.0.0.1 | op=COMMIT_KEY {"volume":"6c64fbfb-315b-439b-a289-8849068529c3","bucket":"0d1dfc28-c5d2-466f-a9b0-3d75ebb9a8e2","key":"8f038a76-7197-42c0-895c-8ec85abd5286","dataSize":"1","replicationType":"EC","replicationConfig":"rs-3-2-1048576","Transaction":"330"} | ret=SUCCESS |  
2025-10-20 19:50:38,678 | INFO  | OMAudit | user=runner | ip=127.0.0.1 | op=READ_VOLUME {"volume":"6c64fbfb-315b-439b-a289-8849068529c3"} | ret=SUCCESS |  
2025-10-20 19:50:38,679 | INFO  | OMAudit | user=runner | ip=127.0.0.1 | op=READ_BUCKET {"volume":"6c64fbfb-315b-439b-a289-8849068529c3","bucket":"0d1dfc28-c5d2-466f-a9b0-3d75ebb9a8e2"} | ret=SUCCESS |  
2025-10-20 19:50:38,681 | INFO  | OMAudit | user=runner | ip=127.0.0.1 | op=READ_BUCKET {"volume":"6c64fbfb-315b-439b-a289-8849068529c3","bucket":"0d1dfc28-c5d2-466f-a9b0-3d75ebb9a8e2"} | ret=SUCCESS |  
2025-10-20 19:50:38,682 [IPC Server handler 27 on default port 15001] INFO  algorithms.SCMContainerPlacementRackScatter (SCMContainerPlacementRackScatter.java:chooseDatanodesInternal(369)) - Chosen nodes: [d7d8cf72-b9f6-4979-9c53-007dd6e6e48a(localhost/127.0.0.1), e05592a5-d00f-4fc1-9e39-a968c1ecb04e(localhost/127.0.0.1), 33f74daf-be7a-4306-b2af-53e409c4cb93(localhost/127.0.0.1), 361055de-215b-4c6c-94c2-be1c1da118d1(localhost/127.0.0.1), feb39a1c-80cb-4714-ab06-a361236e3029(localhost/127.0.0.1)]. isPolicySatisfied: true.
2025-10-20 19:50:38,686 [IPC Server handler 27 on default port 15001] INFO  pipeline.WritableECContainerProvider (WritableECContainerProvider.java:allocateContainer(215)) - Created and opened new pipeline Pipeline{ Id: 7efb58c9-8880-4ceb-baeb-92a64908df6f, Nodes: [ {d7d8cf72-b9f6-4979-9c53-007dd6e6e48a(localhost/127.0.0.1), ReplicaIndex: 1}, {e05592a5-d00f-4fc1-9e39-a968c1ecb04e(localhost/127.0.0.1), ReplicaIndex: 2}, {33f74daf-be7a-4306-b2af-53e409c4cb93(localhost/127.0.0.1), ReplicaIndex: 3}, {361055de-215b-4c6c-94c2-be1c1da118d1(localhost/127.0.0.1), ReplicaIndex: 4}, {feb39a1c-80cb-4714-ab06-a361236e3029(localhost/127.0.0.1), ReplicaIndex: 5},], ReplicationConfig: EC{rs-3-2-1024k}, State:ALLOCATED, leaderId:, CreationTimestamp2025-10-20T19:50:38.682422397Z[Etc/UTC]}
2025-10-20 19:50:38,687 | INFO  | SCMAudit | user=runner | ip=127.0.0.1 | op=ALLOCATE_BLOCK {"replication":"EC{rs-3-2-1024k}","owner":"omServiceIdDefault","size":"4194304","sampleBlocks":"[conID: 25 locID: 115816896921600113]","num":"1","client":"","allocated":"1"} | ret=SUCCESS |  
2025-10-20 19:50:38,690 | INFO  | OMAudit | user=runner | ip=127.0.0.1 | op=ALLOCATE_KEY {"volume":"6c64fbfb-315b-439b-a289-8849068529c3","bucket":"0d1dfc28-c5d2-466f-a9b0-3d75ebb9a8e2","key":"8f038a76-7197-42c0-895c-8ec85abd5286","dataSize":"1","replicationType":"EC","replicationConfig":"rs-3-2-1048576","Transaction":"331"} | ret=SUCCESS |  
2025-10-20 19:50:38,693 | INFO  | OMAudit | user=runner | ip=127.0.0.1 | op=READ_VOLUME {"volume":"6c64fbfb-315b-439b-a289-8849068529c3"} | ret=SUCCESS |  
2025-10-20 19:50:38,694 | INFO  | OMAudit | user=runner | ip=127.0.0.1 | op=READ_BUCKET {"volume":"6c64fbfb-315b-439b-a289-8849068529c3","bucket":"0d1dfc28-c5d2-466f-a9b0-3d75ebb9a8e2"} | ret=SUCCESS |  
2025-10-20 19:50:38,709 | INFO  | ContainerLog | ID=25 | Index=5 | BCSID=0 | State=OPEN | Volume=/home/runner/work/ozone/ozone/hadoop-ozone/integration-test/target/test-dir/MiniOzoneClusterImpl-6935df51-69ff-4c35-8bd4-ed2b81d70e54/ozone-metadata/datanode-13/data-0/hdds | DataChecksum=0 |  
2025-10-20 19:50:38,711 | INFO  | SCMAudit | user=runner | ip=127.0.0.1 | op=SEND_HEARTBEAT {"datanodeUUID":"feb39a1c-80cb-4714-ab06-a361236e3029","term":"2","command":"[]"} | ret=SUCCESS |  
2025-10-20 19:50:38,714 | INFO  | ContainerLog | ID=25 | Index=1 | BCSID=0 | State=OPEN | Volume=/home/runner/work/ozone/ozone/hadoop-ozone/integration-test/target/test-dir/MiniOzoneClusterImpl-6935df51-69ff-4c35-8bd4-ed2b81d70e54/ozone-metadata/datanode-12/data-0/hdds | DataChecksum=0 |  
2025-10-20 19:50:38,715 | INFO  | ContainerLog | ID=25 | Index=4 | BCSID=0 | State=OPEN | Volume=/home/runner/work/ozone/ozone/hadoop-ozone/integration-test/target/test-dir/MiniOzoneClusterImpl-6935df51-69ff-4c35-8bd4-ed2b81d70e54/ozone-metadata/datanode-3/data-0/hdds | DataChecksum=0 |  
2025-10-20 19:50:38,717 | INFO  | SCMAudit | user=runner | ip=127.0.0.1 | op=SEND_HEARTBEAT {"datanodeUUID":"361055de-215b-4c6c-94c2-be1c1da118d1","term":"2","command":"[]"} | ret=SUCCESS |  
2025-10-20 19:50:38,719 | INFO  | SCMAudit | user=runner | ip=127.0.0.1 | op=SEND_HEARTBEAT {"datanodeUUID":"d7d8cf72-b9f6-4979-9c53-007dd6e6e48a","term":"2","command":"[]"} | ret=SUCCESS |  
2025-10-20 19:50:38,731 | INFO  | ContainerLog | ID=25 | Index=2 | BCSID=0 | State=OPEN | Volume=/home/runner/work/ozone/ozone/hadoop-ozone/integration-test/target/test-dir/MiniOzoneClusterImpl-6935df51-69ff-4c35-8bd4-ed2b81d70e54/ozone-metadata/datanode-1/data-0/hdds | DataChecksum=0 |  
2025-10-20 19:50:38,731 | INFO  | ContainerLog | ID=25 | Index=3 | BCSID=0 | State=OPEN | Volume=/home/runner/work/ozone/ozone/hadoop-ozone/integration-test/target/test-dir/MiniOzoneClusterImpl-6935df51-69ff-4c35-8bd4-ed2b81d70e54/ozone-metadata/datanode-10/data-0/hdds | DataChecksum=0 |  
2025-10-20 19:50:38,749 | INFO  | SCMAudit | user=runner | ip=127.0.0.1 | op=SEND_HEARTBEAT {"datanodeUUID":"e05592a5-d00f-4fc1-9e39-a968c1ecb04e","term":"2","command":"[]"} | ret=SUCCESS |  
2025-10-20 19:50:38,749 | INFO  | SCMAudit | user=runner | ip=127.0.0.1 | op=SEND_HEARTBEAT {"datanodeUUID":"33f74daf-be7a-4306-b2af-53e409c4cb93","term":"2","command":"[]"} | ret=SUCCESS |  
2025-10-20 19:50:38,753 | INFO  | OMAudit | user=runner | ip=127.0.0.1 | op=COMMIT_KEY {"volume":"6c64fbfb-315b-439b-a289-8849068529c3","bucket":"0d1dfc28-c5d2-466f-a9b0-3d75ebb9a8e2","key":"8f038a76-7197-42c0-895c-8ec85abd5286","dataSize":"1","replicationType":"EC","replicationConfig":"rs-3-2-1048576","Transaction":"332"} | ret=SUCCESS |  
2025-10-20 19:50:38,755 | INFO  | OMAudit | user=runner | ip=127.0.0.1 | op=READ_VOLUME {"volume":"6c64fbfb-315b-439b-a289-8849068529c3"} | ret=SUCCESS |  
2025-10-20 19:50:38,757 | INFO  | OMAudit | user=runner | ip=127.0.0.1 | op=READ_BUCKET {"volume":"6c64fbfb-315b-439b-a289-8849068529c3","bucket":"0d1dfc28-c5d2-466f-a9b0-3d75ebb9a8e2"} | ret=SUCCESS |  
2025-10-20 19:50:39,140 [om1-KeyDeletingService#3] INFO  service.KeyDeletingService (KeyDeletingService.java:processKeyDeletes(151)) - Send 3 key(s) to SCM, first 3 keys: [PurgedKey{blockGroup=BlockGroup[groupID='/6c64fbfb-315b-439b-a289-8849068529c3/0d1dfc28-c5d2-466f-a9b0-3d75ebb9a8e2/8f038a76-7197-42c0-895c-8ec85abd5286/-9223372036854690816/0', blockIDs=[conID: 24 locID: 115816896921600112 bcsId: 0 replicaIndex: null]], volume='6c64fbfb-315b-439b-a289-8849068529c3', bucket='0d1dfc28-c5d2-466f-a9b0-3d75ebb9a8e2', bucketId=-9223372036854691840, purgedBytes=3, isCommittedKey=true, deleteKeyName='/6c64fbfb-315b-439b-a289-8849068529c3/0d1dfc28-c5d2-466f-a9b0-3d75ebb9a8e2/8f038a76-7197-42c0-895c-8ec85abd5286/-9223372036854690816'}, PurgedKey{blockGroup=BlockGroup[groupID='/3721d57b-b97f-4dc9-903f-9a7ba3084eb3/f17a0700-1dd3-4dea-ab59-31f27759fc45/3ea1c72a-9739-4d58-af41-2fa275b3bd93/-9223372036854693120/0', blockIDs=[conID: 22 locID: 115816896921600110 bcsId: 0 replicaIndex: null]], volume='3721d57b-b97f-4dc9-903f-9a7ba3084eb3', bucket='f17a0700-1dd3-4dea-ab59-31f27759fc45', bucketId=-9223372036854693632, purgedBytes=8388608, isCommittedKey=false, deleteKeyName='/3721d57b-b97f-4dc9-903f-9a7ba3084eb3/f17a0700-1dd3-4dea-ab59-31f27759fc45/3ea1c72a-9739-4d58-af41-2fa275b3bd93/-9223372036854693120'}, PurgedKey{blockGroup=BlockGroup[groupID='/3721d57b-b97f-4dc9-903f-9a7ba3084eb3/f17a0700-1dd3-4dea-ab59-31f27759fc45/3ea1c72a-9739-4d58-af41-2fa275b3bd93/-9223372036854692608/0', blockIDs=[conID: 23 locID: 115816896921600111 bcsId: 0 replicaIndex: null]], volume='3721d57b-b97f-4dc9-903f-9a7ba3084eb3', bucket='f17a0700-1dd3-4dea-ab59-31f27759fc45', bucketId=-9223372036854693632, purgedBytes=8388608, isCommittedKey=false, deleteKeyName='/3721d57b-b97f-4dc9-903f-9a7ba3084eb3/f17a0700-1dd3-4dea-ab59-31f27759fc45/3ea1c72a-9739-4d58-af41-2fa275b3bd93/-9223372036854692608'}]
2025-10-20 19:50:39,142 | INFO  | SCMAudit | user=runner | ip=127.0.0.1 | op=DELETE_KEY_BLOCK {"KeyBlockToDelete":"[BlockGroup[groupID='/3721d57b-b97f-4dc9-903f-9a7ba3084eb3/f17a0700-1dd3-4dea-ab59-31f27759fc45/3ea1c72a-9739-4d58-af41-2fa275b3bd93/-9223372036854693120/0', blockIDs=[conID: 22 locID: 115816896921600110 bcsId: 0 replicaIndex: null]], BlockGroup[groupID='/3721d57b-b97f-4dc9-903f-9a7ba3084eb3/f17a0700-1dd3-4dea-ab59-31f27759fc45/3ea1c72a-9739-4d58-af41-2fa275b3bd93/-9223372036854692608/0', blockIDs=[conID: 23 locID: 115816896921600111 bcsId: 0 replicaIndex: null]], BlockGroup[groupID='/6c64fbfb-315b-439b-a289-8849068529c3/0d1dfc28-c5d2-466f-a9b0-3d75ebb9a8e2/8f038a76-7197-42c0-895c-8ec85abd5286/-9223372036854690816/0', blockIDs=[conID: 24 locID: 115816896921600112 bcsId: 0 replicaIndex: null]]]"} | ret=SUCCESS |  
2025-10-20 19:50:39,143 [om1-KeyDeletingService#3] INFO  service.KeyDeletingService (KeyDeletingService.java:processKeyDeletes(158)) - 3 BlockGroup deletion are acked by SCM in 3 ms
2025-10-20 19:50:39,145 [om1-KeyDeletingService#3] INFO  service.KeyDeletingService (KeyDeletingService.java:processKeyDeletes(166)) - Blocks for 3 (out of 3) keys are deleted from DB in 1 ms. Limit per task is 50000.
2025-10-20 19:50:39,343 | INFO  | SCMAudit | user=runner | ip=127.0.0.1 | op=SEND_HEARTBEAT {"datanodeUUID":"38991c48-ffb3-4453-b758-77d6b4ebc62b","term":"2","command":"[]"} | ret=SUCCESS |  
2025-10-20 19:50:39,445 | INFO  | SCMAudit | user=runner | ip=127.0.0.1 | op=SEND_HEARTBEAT {"datanodeUUID":"ef67b0a7-5b27-496d-9f38-ab804a28e500","term":"2","command":"[]"} | ret=SUCCESS |  
2025-10-20 19:50:39,469 | INFO  | SCMAudit | user=runner | ip=127.0.0.1 | op=SEND_HEARTBEAT {"datanodeUUID":"b614738c-cdff-4f09-bf59-ed5bb75d51be","term":"2","command":"[]"} | ret=SUCCESS |  
2025-10-20 19:50:39,473 | INFO  | SCMAudit | user=runner | ip=127.0.0.1 | op=SEND_HEARTBEAT {"datanodeUUID":"c90bff1f-5a1f-42c6-8fca-9533d718c79a","term":"2","command":"[]"} | ret=SUCCESS |  
2025-10-20 19:50:39,511 | INFO  | SCMAudit | user=runner | ip=127.0.0.1 | op=SEND_HEARTBEAT {"datanodeUUID":"af0e5da1-57af-45e9-9aca-fa0798d05628","term":"2","command":"[]"} | ret=SUCCESS |  
2025-10-20 19:50:39,593 | INFO  | SCMAudit | user=runner | ip=127.0.0.1 | op=SEND_HEARTBEAT {"datanodeUUID":"7bb0e7f0-2b36-4ec0-8a09-ceac75d91a36","term":"2","command":"[]"} | ret=SUCCESS |  
2025-10-20 19:50:39,641 | INFO  | SCMAudit | user=runner | ip=127.0.0.1 | op=SEND_HEARTBEAT {"datanodeUUID":"4f2bb3f5-0e03-4f1b-bb4c-79c91b98c7da","term":"2","command":"[]"} | ret=SUCCESS |  
2025-10-20 19:50:39,643 | INFO  | SCMAudit | user=runner | ip=127.0.0.1 | op=SEND_HEARTBEAT {"datanodeUUID":"cc7fbe85-1d98-437b-84f9-04213fee10f0","term":"2","command":"[]"} | ret=SUCCESS |  
2025-10-20 19:50:39,644 | INFO  | SCMAudit | user=runner | ip=127.0.0.1 | op=SEND_HEARTBEAT {"datanodeUUID":"605be85e-a7f4-44d7-8cfd-f53001b990b0","term":"2","command":"[]"} | ret=SUCCESS |  
2025-10-20 19:50:39,711 | INFO  | SCMAudit | user=runner | ip=127.0.0.1 | op=SEND_HEARTBEAT {"datanodeUUID":"feb39a1c-80cb-4714-ab06-a361236e3029","term":"2","command":"[]"} | ret=SUCCESS |  
2025-10-20 19:50:39,715 | INFO  | SCMAudit | user=runner | ip=127.0.0.1 | op=SEND_HEARTBEAT {"datanodeUUID":"361055de-215b-4c6c-94c2-be1c1da118d1","term":"2","command":"[]"} | ret=SUCCESS |  
2025-10-20 19:50:39,716 | INFO  | SCMAudit | user=runner | ip=127.0.0.1 | op=SEND_HEARTBEAT {"datanodeUUID":"d7d8cf72-b9f6-4979-9c53-007dd6e6e48a","term":"2","command":"[]"} | ret=SUCCESS |  
2025-10-20 19:50:39,732 | INFO  | SCMAudit | user=runner | ip=127.0.0.1 | op=SEND_HEARTBEAT {"datanodeUUID":"e05592a5-d00f-4fc1-9e39-a968c1ecb04e","term":"2","command":"[]"} | ret=SUCCESS |  
2025-10-20 19:50:39,732 | INFO  | SCMAudit | user=runner | ip=127.0.0.1 | op=SEND_HEARTBEAT {"datanodeUUID":"33f74daf-be7a-4306-b2af-53e409c4cb93","term":"2","command":"[]"} | ret=SUCCESS |  
2025-10-20 19:50:39,758 | INFO  | OMAudit | user=runner | ip=127.0.0.1 | op=READ_VOLUME {"volume":"6c64fbfb-315b-439b-a289-8849068529c3"} | ret=SUCCESS |  
2025-10-20 19:50:39,760 | INFO  | OMAudit | user=runner | ip=127.0.0.1 | op=READ_BUCKET {"volume":"6c64fbfb-315b-439b-a289-8849068529c3","bucket":"0d1dfc28-c5d2-466f-a9b0-3d75ebb9a8e2"} | ret=SUCCESS |  
2025-10-20 19:50:39,763 | INFO  | OMAudit | user=runner | ip=127.0.0.1 | op=DELETE_KEY {"volume":"6c64fbfb-315b-439b-a289-8849068529c3","bucket":"0d1dfc28-c5d2-466f-a9b0-3d75ebb9a8e2","key":"8f038a76-7197-42c0-895c-8ec85abd5286","dataSize":"1","replicationConfig":"EC{rs-3-2-1024k}","Transaction":"334"} | ret=SUCCESS |  
2025-10-20 19:50:39,764 | INFO  | OMAudit | user=runner | ip=127.0.0.1 | op=READ_VOLUME {"volume":"6c64fbfb-315b-439b-a289-8849068529c3"} | ret=SUCCESS |  
2025-10-20 19:50:39,765 | INFO  | OMAudit | user=runner | ip=127.0.0.1 | op=READ_BUCKET {"volume":"6c64fbfb-315b-439b-a289-8849068529c3","bucket":"0d1dfc28-c5d2-466f-a9b0-3d75ebb9a8e2"} | ret=SUCCESS |  
2025-10-20 19:50:40,140 [om1-KeyDeletingService#0] INFO  service.KeyDeletingService (KeyDeletingService.java:processKeyDeletes(151)) - Send 1 key(s) to SCM, first 1 keys: [PurgedKey{blockGroup=BlockGroup[groupID='/6c64fbfb-315b-439b-a289-8849068529c3/0d1dfc28-c5d2-466f-a9b0-3d75ebb9a8e2/8f038a76-7197-42c0-895c-8ec85abd5286/-9223372036854691583/0', blockIDs=[conID: 25 locID: 115816896921600113 bcsId: 0 replicaIndex: null]], volume='6c64fbfb-315b-439b-a289-8849068529c3', bucket='0d1dfc28-c5d2-466f-a9b0-3d75ebb9a8e2', bucketId=-9223372036854691840, purgedBytes=3, isCommittedKey=true, deleteKeyName='/6c64fbfb-315b-439b-a289-8849068529c3/0d1dfc28-c5d2-466f-a9b0-3d75ebb9a8e2/8f038a76-7197-42c0-895c-8ec85abd5286/-9223372036854691583'}]
2025-10-20 19:50:40,142 | INFO  | SCMAudit | user=runner | ip=127.0.0.1 | op=DELETE_KEY_BLOCK {"KeyBlockToDelete":"[BlockGroup[groupID='/6c64fbfb-315b-439b-a289-8849068529c3/0d1dfc28-c5d2-466f-a9b0-3d75ebb9a8e2/8f038a76-7197-42c0-895c-8ec85abd5286/-9223372036854691583/0', blockIDs=[conID: 25 locID: 115816896921600113 bcsId: 0 replicaIndex: null]]]"} | ret=SUCCESS |  
2025-10-20 19:50:40,142 [om1-KeyDeletingService#0] INFO  service.KeyDeletingService (KeyDeletingService.java:processKeyDeletes(158)) - 1 BlockGroup deletion are acked by SCM in 3 ms
2025-10-20 19:50:40,144 [om1-KeyDeletingService#0] INFO  service.KeyDeletingService (KeyDeletingService.java:processKeyDeletes(166)) - Blocks for 1 (out of 1) keys are deleted from DB in 1 ms. Limit per task is 50000.
2025-10-20 19:50:40,343 | INFO  | SCMAudit | user=runner | ip=127.0.0.1 | op=SEND_HEARTBEAT {"datanodeUUID":"38991c48-ffb3-4453-b758-77d6b4ebc62b","term":"2","command":"[]"} | ret=SUCCESS |  
2025-10-20 19:50:40,445 | INFO  | SCMAudit | user=runner | ip=127.0.0.1 | op=SEND_HEARTBEAT {"datanodeUUID":"ef67b0a7-5b27-496d-9f38-ab804a28e500","term":"2","command":"[]"} | ret=SUCCESS |  
2025-10-20 19:50:40,469 | INFO  | SCMAudit | user=runner | ip=127.0.0.1 | op=SEND_HEARTBEAT {"datanodeUUID":"b614738c-cdff-4f09-bf59-ed5bb75d51be","term":"2","command":"[]"} | ret=SUCCESS |  
2025-10-20 19:50:40,473 | INFO  | SCMAudit | user=runner | ip=127.0.0.1 | op=SEND_HEARTBEAT {"datanodeUUID":"c90bff1f-5a1f-42c6-8fca-9533d718c79a","term":"2","command":"[]"} | ret=SUCCESS |  
2025-10-20 19:50:40,511 | INFO  | SCMAudit | user=runner | ip=127.0.0.1 | op=SEND_HEARTBEAT {"datanodeUUID":"af0e5da1-57af-45e9-9aca-fa0798d05628","term":"2","command":"[]"} | ret=SUCCESS |  
2025-10-20 19:50:40,593 | INFO  | SCMAudit | user=runner | ip=127.0.0.1 | op=SEND_HEARTBEAT {"datanodeUUID":"7bb0e7f0-2b36-4ec0-8a09-ceac75d91a36","term":"2","command":"[]"} | ret=SUCCESS |  
2025-10-20 19:50:40,641 | INFO  | SCMAudit | user=runner | ip=127.0.0.1 | op=SEND_HEARTBEAT {"datanodeUUID":"4f2bb3f5-0e03-4f1b-bb4c-79c91b98c7da","term":"2","command":"[]"} | ret=SUCCESS |  
2025-10-20 19:50:40,644 | INFO  | SCMAudit | user=runner | ip=127.0.0.1 | op=SEND_HEARTBEAT {"datanodeUUID":"cc7fbe85-1d98-437b-84f9-04213fee10f0","term":"2","command":"[]"} | ret=SUCCESS |  
2025-10-20 19:50:40,644 | INFO  | SCMAudit | user=runner | ip=127.0.0.1 | op=SEND_HEARTBEAT {"datanodeUUID":"605be85e-a7f4-44d7-8cfd-f53001b990b0","term":"2","command":"[]"} | ret=SUCCESS |  
2025-10-20 19:50:40,711 | INFO  | SCMAudit | user=runner | ip=127.0.0.1 | op=SEND_HEARTBEAT {"datanodeUUID":"feb39a1c-80cb-4714-ab06-a361236e3029","term":"2","command":"[]"} | ret=SUCCESS |  
2025-10-20 19:50:40,715 | INFO  | SCMAudit | user=runner | ip=127.0.0.1 | op=SEND_HEARTBEAT {"datanodeUUID":"361055de-215b-4c6c-94c2-be1c1da118d1","term":"2","command":"[]"} | ret=SUCCESS |  
2025-10-20 19:50:40,716 | INFO  | SCMAudit | user=runner | ip=127.0.0.1 | op=SEND_HEARTBEAT {"datanodeUUID":"d7d8cf72-b9f6-4979-9c53-007dd6e6e48a","term":"2","command":"[]"} | ret=SUCCESS |  
2025-10-20 19:50:40,732 | INFO  | SCMAudit | user=runner | ip=127.0.0.1 | op=SEND_HEARTBEAT {"datanodeUUID":"33f74daf-be7a-4306-b2af-53e409c4cb93","term":"2","command":"[]"} | ret=SUCCESS |  
2025-10-20 19:50:40,732 | INFO  | SCMAudit | user=runner | ip=127.0.0.1 | op=SEND_HEARTBEAT {"datanodeUUID":"e05592a5-d00f-4fc1-9e39-a968c1ecb04e","term":"2","command":"[]"} | ret=SUCCESS |  
2025-10-20 19:50:40,766 | INFO  | OMAudit | user=runner | ip=127.0.0.1 | op=READ_VOLUME {"volume":"6c64fbfb-315b-439b-a289-8849068529c3"} | ret=SUCCESS |  
2025-10-20 19:50:40,768 | INFO  | OMAudit | user=runner | ip=127.0.0.1 | op=READ_BUCKET {"volume":"6c64fbfb-315b-439b-a289-8849068529c3","bucket":"0d1dfc28-c5d2-466f-a9b0-3d75ebb9a8e2"} | ret=SUCCESS |  
2025-10-20 19:50:40,768 [ForkJoinPool-1-worker-1] INFO  rpc.RpcClient (RpcClient.java:createVolume(461)) - Creating Volume: 06499f73-96d6-4148-80ae-1639bd6d9d77, with runner as owner and space quota set to -1 bytes, counts quota set to -1
2025-10-20 19:50:40,770 [om1-OMStateMachineApplyTransactionThread - 0] INFO  volume.OMVolumeCreateRequest (OMVolumeCreateRequest.java:validateAndUpdateCache(213)) - created volume:06499f73-96d6-4148-80ae-1639bd6d9d77 for user:runner
2025-10-20 19:50:40,770 | INFO  | OMAudit | user=runner | ip=127.0.0.1 | op=CREATE_VOLUME {"admin":"runner","owner":"runner","volume":"06499f73-96d6-4148-80ae-1639bd6d9d77","creationTime":"1760989840769","modificationTime":"1760989840769","quotaInBytes":"-1","quotaInNamespace":"-1","usedNamespace":"0","objectID":"-9223372036854689792","updateID":"336","Transaction":"336"} | ret=SUCCESS |  
2025-10-20 19:50:40,771 | INFO  | OMAudit | user=runner | ip=127.0.0.1 | op=READ_VOLUME {"volume":"06499f73-96d6-4148-80ae-1639bd6d9d77"} | ret=SUCCESS |  
2025-10-20 19:50:40,772 [ForkJoinPool-1-worker-1] INFO  rpc.RpcClient (RpcClient.java:createBucket(686)) - Creating Bucket: 06499f73-96d6-4148-80ae-1639bd6d9d77/6d995450-8156-428a-9234-0400c1fa4347, with server-side default bucket layout, runner as owner, Versioning false, Storage Type set to DISK and Encryption set to false, Replication Type set to server-side default replication type, Namespace Quota set to -1, Space Quota set to -1 
2025-10-20 19:50:40,774 [om1-OMStateMachineApplyTransactionThread - 0] INFO  bucket.OMBucketCreateRequest (OMBucketCreateRequest.java:validateAndUpdateCache(303)) - created bucket: 6d995450-8156-428a-9234-0400c1fa4347 of layout FILE_SYSTEM_OPTIMIZED in volume: 06499f73-96d6-4148-80ae-1639bd6d9d77
2025-10-20 19:50:40,774 | INFO  | OMAudit | user=runner | ip=127.0.0.1 | op=CREATE_BUCKET {"volume":"06499f73-96d6-4148-80ae-1639bd6d9d77","bucket":"6d995450-8156-428a-9234-0400c1fa4347","bucketLayout":"FILE_SYSTEM_OPTIMIZED","gdprEnabled":null,"acls":"[user:runner:a[ACCESS], group:runner:rl[ACCESS]]","isVersionEnabled":"false","storageType":"DISK","creationTime":"1760989840773","bucketEncryptionKey":null,"modificationTime":"1760989840773","usedBytes":"0","usedNamespace":"0","snapshotUsedBytes":"0","snapshotUsedNamespace":"0","owner":"runner","replicationType":null,"replicationConfig":null,"quotaInBytes":"-1","quotaInNamespace":"-1","Transaction":"337"} | ret=SUCCESS |  
2025-10-20 19:50:40,775 | INFO  | OMAudit | user=runner | ip=127.0.0.1 | op=READ_BUCKET {"volume":"06499f73-96d6-4148-80ae-1639bd6d9d77","bucket":"6d995450-8156-428a-9234-0400c1fa4347"} | ret=SUCCESS |  
2025-10-20 19:50:40,776 | INFO  | OMAudit | user=runner | ip=127.0.0.1 | op=READ_BUCKET {"volume":"06499f73-96d6-4148-80ae-1639bd6d9d77","bucket":"6d995450-8156-428a-9234-0400c1fa4347"} | ret=SUCCESS |  
2025-10-20 19:50:40,778 [IPC Server handler 2 on default port 15001] INFO  algorithms.SCMContainerPlacementRackScatter (SCMContainerPlacementRackScatter.java:chooseDatanodesInternal(369)) - Chosen nodes: [7bb0e7f0-2b36-4ec0-8a09-ceac75d91a36(localhost/127.0.0.1), ef67b0a7-5b27-496d-9f38-ab804a28e500(localhost/127.0.0.1), 38991c48-ffb3-4453-b758-77d6b4ebc62b(localhost/127.0.0.1), 361055de-215b-4c6c-94c2-be1c1da118d1(localhost/127.0.0.1), d7d8cf72-b9f6-4979-9c53-007dd6e6e48a(localhost/127.0.0.1)]. isPolicySatisfied: true.
2025-10-20 19:50:40,781 [IPC Server handler 2 on default port 15001] INFO  pipeline.WritableECContainerProvider (WritableECContainerProvider.java:allocateContainer(215)) - Created and opened new pipeline Pipeline{ Id: 9c9e3cc3-58af-4dc1-96b6-324aa8691c1a, Nodes: [ {7bb0e7f0-2b36-4ec0-8a09-ceac75d91a36(localhost/127.0.0.1), ReplicaIndex: 1}, {ef67b0a7-5b27-496d-9f38-ab804a28e500(localhost/127.0.0.1), ReplicaIndex: 2}, {38991c48-ffb3-4453-b758-77d6b4ebc62b(localhost/127.0.0.1), ReplicaIndex: 3}, {361055de-215b-4c6c-94c2-be1c1da118d1(localhost/127.0.0.1), ReplicaIndex: 4}, {d7d8cf72-b9f6-4979-9c53-007dd6e6e48a(localhost/127.0.0.1), ReplicaIndex: 5},], ReplicationConfig: EC{rs-3-2-1024k}, State:ALLOCATED, leaderId:, CreationTimestamp2025-10-20T19:50:40.778394287Z[Etc/UTC]}
2025-10-20 19:50:40,781 | INFO  | SCMAudit | user=runner | ip=127.0.0.1 | op=ALLOCATE_BLOCK {"replication":"EC{rs-3-2-1024k}","owner":"omServiceIdDefault","size":"4194304","sampleBlocks":"[conID: 26 locID: 115816896921600114]","num":"1","client":"","allocated":"1"} | ret=SUCCESS |  
2025-10-20 19:50:40,784 | INFO  | OMAudit | user=runner | ip=127.0.0.1 | op=ALLOCATE_KEY {"volume":"06499f73-96d6-4148-80ae-1639bd6d9d77","bucket":"6d995450-8156-428a-9234-0400c1fa4347","key":"3584ba56-5ef1-4f5e-87db-82e17fb7844b","dataSize":"4194304","replicationType":"EC","replicationConfig":"rs-3-2-1048576","Transaction":"338"} | ret=SUCCESS |  
2025-10-20 19:50:40,786 | INFO  | OMAudit | user=runner | ip=127.0.0.1 | op=READ_VOLUME {"volume":"06499f73-96d6-4148-80ae-1639bd6d9d77"} | ret=SUCCESS |  
2025-10-20 19:50:40,787 | INFO  | OMAudit | user=runner | ip=127.0.0.1 | op=READ_BUCKET {"volume":"06499f73-96d6-4148-80ae-1639bd6d9d77","bucket":"6d995450-8156-428a-9234-0400c1fa4347"} | ret=SUCCESS |  
2025-10-20 19:50:40,837 | INFO  | ContainerLog | ID=26 | Index=5 | BCSID=0 | State=OPEN | Volume=/home/runner/work/ozone/ozone/hadoop-ozone/integration-test/target/test-dir/MiniOzoneClusterImpl-6935df51-69ff-4c35-8bd4-ed2b81d70e54/ozone-metadata/datanode-12/data-0/hdds | DataChecksum=0 |  
2025-10-20 19:50:40,838 | INFO  | ContainerLog | ID=26 | Index=3 | BCSID=0 | State=OPEN | Volume=/home/runner/work/ozone/ozone/hadoop-ozone/integration-test/target/test-dir/MiniOzoneClusterImpl-6935df51-69ff-4c35-8bd4-ed2b81d70e54/ozone-metadata/datanode-14/data-0/hdds | DataChecksum=0 |  
2025-10-20 19:50:40,838 | INFO  | ContainerLog | ID=26 | Index=2 | BCSID=0 | State=OPEN | Volume=/home/runner/work/ozone/ozone/hadoop-ozone/integration-test/target/test-dir/MiniOzoneClusterImpl-6935df51-69ff-4c35-8bd4-ed2b81d70e54/ozone-metadata/datanode-2/data-0/hdds | DataChecksum=0 |  
2025-10-20 19:50:40,841 | INFO  | SCMAudit | user=runner | ip=127.0.0.1 | op=SEND_HEARTBEAT {"datanodeUUID":"d7d8cf72-b9f6-4979-9c53-007dd6e6e48a","term":"2","command":"[]"} | ret=SUCCESS |  
2025-10-20 19:50:40,841 | INFO  | SCMAudit | user=runner | ip=127.0.0.1 | op=SEND_HEARTBEAT {"datanodeUUID":"ef67b0a7-5b27-496d-9f38-ab804a28e500","term":"2","command":"[]"} | ret=SUCCESS |  
2025-10-20 19:50:40,843 | INFO  | SCMAudit | user=runner | ip=127.0.0.1 | op=SEND_HEARTBEAT {"datanodeUUID":"38991c48-ffb3-4453-b758-77d6b4ebc62b","term":"2","command":"[]"} | ret=SUCCESS |  
2025-10-20 19:50:40,845 | INFO  | ContainerLog | ID=26 | Index=4 | BCSID=0 | State=OPEN | Volume=/home/runner/work/ozone/ozone/hadoop-ozone/integration-test/target/test-dir/MiniOzoneClusterImpl-6935df51-69ff-4c35-8bd4-ed2b81d70e54/ozone-metadata/datanode-3/data-0/hdds | DataChecksum=0 |  
2025-10-20 19:50:40,845 | INFO  | ContainerLog | ID=26 | Index=1 | BCSID=0 | State=OPEN | Volume=/home/runner/work/ozone/ozone/hadoop-ozone/integration-test/target/test-dir/MiniOzoneClusterImpl-6935df51-69ff-4c35-8bd4-ed2b81d70e54/ozone-metadata/datanode-8/data-0/hdds | DataChecksum=0 |  
2025-10-20 19:50:40,847 | INFO  | SCMAudit | user=runner | ip=127.0.0.1 | op=SEND_HEARTBEAT {"datanodeUUID":"361055de-215b-4c6c-94c2-be1c1da118d1","term":"2","command":"[]"} | ret=SUCCESS |  
2025-10-20 19:50:40,848 | INFO  | SCMAudit | user=runner | ip=127.0.0.1 | op=SEND_HEARTBEAT {"datanodeUUID":"7bb0e7f0-2b36-4ec0-8a09-ceac75d91a36","term":"2","command":"[]"} | ret=SUCCESS |  
2025-10-20 19:50:40,889 | INFO  | OMAudit | user=runner | ip=127.0.0.1 | op=COMMIT_KEY {"volume":"06499f73-96d6-4148-80ae-1639bd6d9d77","bucket":"6d995450-8156-428a-9234-0400c1fa4347","key":"3584ba56-5ef1-4f5e-87db-82e17fb7844b","dataSize":"4194304","replicationType":"EC","replicationConfig":"rs-3-2-1048576","Transaction":"339"} | ret=SUCCESS |  
2025-10-20 19:50:40,890 | INFO  | OMAudit | user=runner | ip=127.0.0.1 | op=READ_VOLUME {"volume":"06499f73-96d6-4148-80ae-1639bd6d9d77"} | ret=SUCCESS |  
2025-10-20 19:50:40,891 | INFO  | OMAudit | user=runner | ip=127.0.0.1 | op=READ_BUCKET {"volume":"06499f73-96d6-4148-80ae-1639bd6d9d77","bucket":"6d995450-8156-428a-9234-0400c1fa4347"} | ret=SUCCESS |  
2025-10-20 19:50:40,892 | INFO  | OMAudit | user=runner | ip=127.0.0.1 | op=READ_BUCKET {"volume":"06499f73-96d6-4148-80ae-1639bd6d9d77","bucket":"6d995450-8156-428a-9234-0400c1fa4347"} | ret=SUCCESS |  
2025-10-20 19:50:40,893 | INFO  | SCMAudit | user=runner | ip=127.0.0.1 | op=ALLOCATE_BLOCK {"replication":"EC{rs-3-2-1024k}","owner":"omServiceIdDefault","size":"4194304","sampleBlocks":"[conID: 24 locID: 115816896921600115]","num":"1","client":"","allocated":"1"} | ret=SUCCESS |  
2025-10-20 19:50:40,896 | INFO  | OMAudit | user=runner | ip=127.0.0.1 | op=ALLOCATE_KEY {"volume":"06499f73-96d6-4148-80ae-1639bd6d9d77","bucket":"6d995450-8156-428a-9234-0400c1fa4347","key":"3584ba56-5ef1-4f5e-87db-82e17fb7844b","dataSize":"4194304","replicationType":"EC","replicationConfig":"rs-3-2-1048576","Transaction":"340"} | ret=SUCCESS |  
2025-10-20 19:50:40,898 | INFO  | OMAudit | user=runner | ip=127.0.0.1 | op=READ_VOLUME {"volume":"06499f73-96d6-4148-80ae-1639bd6d9d77"} | ret=SUCCESS |  
2025-10-20 19:50:40,899 | INFO  | OMAudit | user=runner | ip=127.0.0.1 | op=READ_BUCKET {"volume":"06499f73-96d6-4148-80ae-1639bd6d9d77","bucket":"6d995450-8156-428a-9234-0400c1fa4347"} | ret=SUCCESS |  
2025-10-20 19:50:41,048 | INFO  | OMAudit | user=runner | ip=127.0.0.1 | op=COMMIT_KEY {"volume":"06499f73-96d6-4148-80ae-1639bd6d9d77","bucket":"6d995450-8156-428a-9234-0400c1fa4347","key":"3584ba56-5ef1-4f5e-87db-82e17fb7844b","dataSize":"4194304","replicationType":"EC","replicationConfig":"rs-3-2-1048576","Transaction":"341"} | ret=SUCCESS |  
2025-10-20 19:50:41,051 | INFO  | OMAudit | user=runner | ip=127.0.0.1 | op=READ_VOLUME {"volume":"06499f73-96d6-4148-80ae-1639bd6d9d77"} | ret=SUCCESS |  
2025-10-20 19:50:41,052 | INFO  | OMAudit | user=runner | ip=127.0.0.1 | op=READ_BUCKET {"volume":"06499f73-96d6-4148-80ae-1639bd6d9d77","bucket":"6d995450-8156-428a-9234-0400c1fa4347"} | ret=SUCCESS |  
2025-10-20 19:50:41,140 [om1-KeyDeletingService#9] INFO  service.KeyDeletingService (KeyDeletingService.java:processKeyDeletes(151)) - Send 1 key(s) to SCM, first 1 keys: [PurgedKey{blockGroup=BlockGroup[groupID='/06499f73-96d6-4148-80ae-1639bd6d9d77/6d995450-8156-428a-9234-0400c1fa4347/3584ba56-5ef1-4f5e-87db-82e17fb7844b/-9223372036854688512/0', blockIDs=[conID: 26 locID: 115816896921600114 bcsId: 0 replicaIndex: null]], volume='06499f73-96d6-4148-80ae-1639bd6d9d77', bucket='6d995450-8156-428a-9234-0400c1fa4347', bucketId=-9223372036854689536, purgedBytes=8388608, isCommittedKey=true, deleteKeyName='/06499f73-96d6-4148-80ae-1639bd6d9d77/6d995450-8156-428a-9234-0400c1fa4347/3584ba56-5ef1-4f5e-87db-82e17fb7844b/-9223372036854688512'}]
2025-10-20 19:50:41,142 | INFO  | SCMAudit | user=runner | ip=127.0.0.1 | op=DELETE_KEY_BLOCK {"KeyBlockToDelete":"[BlockGroup[groupID='/06499f73-96d6-4148-80ae-1639bd6d9d77/6d995450-8156-428a-9234-0400c1fa4347/3584ba56-5ef1-4f5e-87db-82e17fb7844b/-9223372036854688512/0', blockIDs=[conID: 26 locID: 115816896921600114 bcsId: 0 replicaIndex: null]]]"} | ret=SUCCESS |  
2025-10-20 19:50:41,143 [om1-KeyDeletingService#9] INFO  service.KeyDeletingService (KeyDeletingService.java:processKeyDeletes(158)) - 1 BlockGroup deletion are acked by SCM in 2 ms
2025-10-20 19:50:41,144 [om1-KeyDeletingService#9] INFO  service.KeyDeletingService (KeyDeletingService.java:processKeyDeletes(166)) - Blocks for 1 (out of 1) keys are deleted from DB in 2 ms. Limit per task is 50000.
2025-10-20 19:50:41,468 | INFO  | SCMAudit | user=runner | ip=127.0.0.1 | op=SEND_HEARTBEAT {"datanodeUUID":"b614738c-cdff-4f09-bf59-ed5bb75d51be","term":"2","command":"[]"} | ret=SUCCESS |  
2025-10-20 19:50:41,473 | INFO  | SCMAudit | user=runner | ip=127.0.0.1 | op=SEND_HEARTBEAT {"datanodeUUID":"c90bff1f-5a1f-42c6-8fca-9533d718c79a","term":"2","command":"[]"} | ret=SUCCESS |  
2025-10-20 19:50:41,511 | INFO  | SCMAudit | user=runner | ip=127.0.0.1 | op=SEND_HEARTBEAT {"datanodeUUID":"af0e5da1-57af-45e9-9aca-fa0798d05628","term":"2","command":"[]"} | ret=SUCCESS |  
2025-10-20 19:50:41,642 | INFO  | SCMAudit | user=runner | ip=127.0.0.1 | op=SEND_HEARTBEAT {"datanodeUUID":"4f2bb3f5-0e03-4f1b-bb4c-79c91b98c7da","term":"2","command":"[]"} | ret=SUCCESS |  
2025-10-20 19:50:41,643 | INFO  | SCMAudit | user=runner | ip=127.0.0.1 | op=SEND_HEARTBEAT {"datanodeUUID":"cc7fbe85-1d98-437b-84f9-04213fee10f0","term":"2","command":"[]"} | ret=SUCCESS |  
2025-10-20 19:50:41,644 | INFO  | SCMAudit | user=runner | ip=127.0.0.1 | op=SEND_HEARTBEAT {"datanodeUUID":"605be85e-a7f4-44d7-8cfd-f53001b990b0","term":"2","command":"[]"} | ret=SUCCESS |  
2025-10-20 19:50:41,711 | INFO  | SCMAudit | user=runner | ip=127.0.0.1 | op=SEND_HEARTBEAT {"datanodeUUID":"feb39a1c-80cb-4714-ab06-a361236e3029","term":"2","command":"[]"} | ret=SUCCESS |  
2025-10-20 19:50:41,733 | INFO  | SCMAudit | user=runner | ip=127.0.0.1 | op=SEND_HEARTBEAT {"datanodeUUID":"e05592a5-d00f-4fc1-9e39-a968c1ecb04e","term":"2","command":"[]"} | ret=SUCCESS |  
2025-10-20 19:50:41,733 | INFO  | SCMAudit | user=runner | ip=127.0.0.1 | op=SEND_HEARTBEAT {"datanodeUUID":"33f74daf-be7a-4306-b2af-53e409c4cb93","term":"2","command":"[]"} | ret=SUCCESS |  
2025-10-20 19:50:41,838 | INFO  | SCMAudit | user=runner | ip=127.0.0.1 | op=SEND_HEARTBEAT {"datanodeUUID":"d7d8cf72-b9f6-4979-9c53-007dd6e6e48a","term":"2","command":"[]"} | ret=SUCCESS |  
2025-10-20 19:50:41,840 | INFO  | SCMAudit | user=runner | ip=127.0.0.1 | op=SEND_HEARTBEAT {"datanodeUUID":"ef67b0a7-5b27-496d-9f38-ab804a28e500","term":"2","command":"[]"} | ret=SUCCESS |  
2025-10-20 19:50:41,841 | INFO  | SCMAudit | user=runner | ip=127.0.0.1 | op=SEND_HEARTBEAT {"datanodeUUID":"38991c48-ffb3-4453-b758-77d6b4ebc62b","term":"2","command":"[]"} | ret=SUCCESS |  
2025-10-20 19:50:41,846 | INFO  | SCMAudit | user=runner | ip=127.0.0.1 | op=SEND_HEARTBEAT {"datanodeUUID":"361055de-215b-4c6c-94c2-be1c1da118d1","term":"2","command":"[]"} | ret=SUCCESS |  
2025-10-20 19:50:41,847 | INFO  | SCMAudit | user=runner | ip=127.0.0.1 | op=SEND_HEARTBEAT {"datanodeUUID":"7bb0e7f0-2b36-4ec0-8a09-ceac75d91a36","term":"2","command":"[]"} | ret=SUCCESS |  
2025-10-20 19:50:42,053 | INFO  | OMAudit | user=runner | ip=127.0.0.1 | op=READ_VOLUME {"volume":"06499f73-96d6-4148-80ae-1639bd6d9d77"} | ret=SUCCESS |  
2025-10-20 19:50:42,054 | INFO  | OMAudit | user=runner | ip=127.0.0.1 | op=READ_BUCKET {"volume":"06499f73-96d6-4148-80ae-1639bd6d9d77","bucket":"6d995450-8156-428a-9234-0400c1fa4347"} | ret=SUCCESS |  
2025-10-20 19:50:42,057 | INFO  | OMAudit | user=runner | ip=127.0.0.1 | op=DELETE_KEY {"volume":"06499f73-96d6-4148-80ae-1639bd6d9d77","bucket":"6d995450-8156-428a-9234-0400c1fa4347","key":"3584ba56-5ef1-4f5e-87db-82e17fb7844b","dataSize":"4194304","replicationConfig":"EC{rs-3-2-1024k}","Transaction":"343"} | ret=SUCCESS |  
2025-10-20 19:50:42,059 | INFO  | OMAudit | user=runner | ip=127.0.0.1 | op=READ_VOLUME {"volume":"06499f73-96d6-4148-80ae-1639bd6d9d77"} | ret=SUCCESS |  
2025-10-20 19:50:42,060 | INFO  | OMAudit | user=runner | ip=127.0.0.1 | op=READ_BUCKET {"volume":"06499f73-96d6-4148-80ae-1639bd6d9d77","bucket":"6d995450-8156-428a-9234-0400c1fa4347"} | ret=SUCCESS |  
2025-10-20 19:50:42,140 [om1-KeyDeletingService#6] INFO  service.KeyDeletingService (KeyDeletingService.java:processKeyDeletes(151)) - Send 1 key(s) to SCM, first 1 keys: [PurgedKey{blockGroup=BlockGroup[groupID='/06499f73-96d6-4148-80ae-1639bd6d9d77/6d995450-8156-428a-9234-0400c1fa4347/3584ba56-5ef1-4f5e-87db-82e17fb7844b/-9223372036854689279/0', blockIDs=[conID: 24 locID: 115816896921600115 bcsId: 0 replicaIndex: null]], volume='06499f73-96d6-4148-80ae-1639bd6d9d77', bucket='6d995450-8156-428a-9234-0400c1fa4347', bucketId=-9223372036854689536, purgedBytes=8388608, isCommittedKey=true, deleteKeyName='/06499f73-96d6-4148-80ae-1639bd6d9d77/6d995450-8156-428a-9234-0400c1fa4347/3584ba56-5ef1-4f5e-87db-82e17fb7844b/-9223372036854689279'}]
2025-10-20 19:50:42,142 | INFO  | SCMAudit | user=runner | ip=127.0.0.1 | op=DELETE_KEY_BLOCK {"KeyBlockToDelete":"[BlockGroup[groupID='/06499f73-96d6-4148-80ae-1639bd6d9d77/6d995450-8156-428a-9234-0400c1fa4347/3584ba56-5ef1-4f5e-87db-82e17fb7844b/-9223372036854689279/0', blockIDs=[conID: 24 locID: 115816896921600115 bcsId: 0 replicaIndex: null]]]"} | ret=SUCCESS |  
2025-10-20 19:50:42,143 [om1-KeyDeletingService#6] INFO  service.KeyDeletingService (KeyDeletingService.java:processKeyDeletes(158)) - 1 BlockGroup deletion are acked by SCM in 2 ms
2025-10-20 19:50:42,144 [om1-KeyDeletingService#6] INFO  service.KeyDeletingService (KeyDeletingService.java:processKeyDeletes(166)) - Blocks for 1 (out of 1) keys are deleted from DB in 2 ms. Limit per task is 50000.
2025-10-20 19:50:42,468 | INFO  | SCMAudit | user=runner | ip=127.0.0.1 | op=SEND_HEARTBEAT {"datanodeUUID":"b614738c-cdff-4f09-bf59-ed5bb75d51be","term":"2","command":"[]"} | ret=SUCCESS |  
2025-10-20 19:50:42,473 | INFO  | SCMAudit | user=runner | ip=127.0.0.1 | op=SEND_HEARTBEAT {"datanodeUUID":"c90bff1f-5a1f-42c6-8fca-9533d718c79a","term":"2","command":"[]"} | ret=SUCCESS |  
2025-10-20 19:50:42,511 | INFO  | SCMAudit | user=runner | ip=127.0.0.1 | op=SEND_HEARTBEAT {"datanodeUUID":"af0e5da1-57af-45e9-9aca-fa0798d05628","term":"2","command":"[]"} | ret=SUCCESS |  
2025-10-20 19:50:42,642 | INFO  | SCMAudit | user=runner | ip=127.0.0.1 | op=SEND_HEARTBEAT {"datanodeUUID":"4f2bb3f5-0e03-4f1b-bb4c-79c91b98c7da","term":"2","command":"[]"} | ret=SUCCESS |  
2025-10-20 19:50:42,643 | INFO  | SCMAudit | user=runner | ip=127.0.0.1 | op=SEND_HEARTBEAT {"datanodeUUID":"cc7fbe85-1d98-437b-84f9-04213fee10f0","term":"2","command":"[]"} | ret=SUCCESS |  
2025-10-20 19:50:42,644 | INFO  | SCMAudit | user=runner | ip=127.0.0.1 | op=SEND_HEARTBEAT {"datanodeUUID":"605be85e-a7f4-44d7-8cfd-f53001b990b0","term":"2","command":"[]"} | ret=SUCCESS |  
2025-10-20 19:50:42,711 | INFO  | SCMAudit | user=runner | ip=127.0.0.1 | op=SEND_HEARTBEAT {"datanodeUUID":"feb39a1c-80cb-4714-ab06-a361236e3029","term":"2","command":"[]"} | ret=SUCCESS |  
2025-10-20 19:50:42,733 | INFO  | SCMAudit | user=runner | ip=127.0.0.1 | op=SEND_HEARTBEAT {"datanodeUUID":"e05592a5-d00f-4fc1-9e39-a968c1ecb04e","term":"2","command":"[]"} | ret=SUCCESS |  
2025-10-20 19:50:42,733 | INFO  | SCMAudit | user=runner | ip=127.0.0.1 | op=SEND_HEARTBEAT {"datanodeUUID":"33f74daf-be7a-4306-b2af-53e409c4cb93","term":"2","command":"[]"} | ret=SUCCESS |  
2025-10-20 19:50:42,839 | INFO  | SCMAudit | user=runner | ip=127.0.0.1 | op=SEND_HEARTBEAT {"datanodeUUID":"d7d8cf72-b9f6-4979-9c53-007dd6e6e48a","term":"2","command":"[]"} | ret=SUCCESS |  
2025-10-20 19:50:42,840 | INFO  | SCMAudit | user=runner | ip=127.0.0.1 | op=SEND_HEARTBEAT {"datanodeUUID":"ef67b0a7-5b27-496d-9f38-ab804a28e500","term":"2","command":"[]"} | ret=SUCCESS |  
2025-10-20 19:50:42,841 | INFO  | SCMAudit | user=runner | ip=127.0.0.1 | op=SEND_HEARTBEAT {"datanodeUUID":"38991c48-ffb3-4453-b758-77d6b4ebc62b","term":"2","command":"[]"} | ret=SUCCESS |  
2025-10-20 19:50:42,846 | INFO  | SCMAudit | user=runner | ip=127.0.0.1 | op=SEND_HEARTBEAT {"datanodeUUID":"361055de-215b-4c6c-94c2-be1c1da118d1","term":"2","command":"[]"} | ret=SUCCESS |  
2025-10-20 19:50:42,848 | INFO  | SCMAudit | user=runner | ip=127.0.0.1 | op=SEND_HEARTBEAT {"datanodeUUID":"7bb0e7f0-2b36-4ec0-8a09-ceac75d91a36","term":"2","command":"[]"} | ret=SUCCESS |  
2025-10-20 19:50:43,061 | INFO  | OMAudit | user=runner | ip=127.0.0.1 | op=READ_VOLUME {"volume":"06499f73-96d6-4148-80ae-1639bd6d9d77"} | ret=SUCCESS |  
2025-10-20 19:50:43,063 | INFO  | OMAudit | user=runner | ip=127.0.0.1 | op=READ_BUCKET {"volume":"06499f73-96d6-4148-80ae-1639bd6d9d77","bucket":"6d995450-8156-428a-9234-0400c1fa4347"} | ret=SUCCESS |  
2025-10-20 19:50:43,063 [ForkJoinPool-1-worker-1] INFO  rpc.RpcClient (RpcClient.java:createVolume(461)) - Creating Volume: 9d40406c-4be6-4257-a68a-23038ac36003, with runner as owner and space quota set to -1 bytes, counts quota set to -1
2025-10-20 19:50:43,066 [om1-OMStateMachineApplyTransactionThread - 0] INFO  volume.OMVolumeCreateRequest (OMVolumeCreateRequest.java:validateAndUpdateCache(213)) - created volume:9d40406c-4be6-4257-a68a-23038ac36003 for user:runner
2025-10-20 19:50:43,066 | INFO  | OMAudit | user=runner | ip=127.0.0.1 | op=CREATE_VOLUME {"admin":"runner","owner":"runner","volume":"9d40406c-4be6-4257-a68a-23038ac36003","creationTime":"1760989843064","modificationTime":"1760989843064","quotaInBytes":"-1","quotaInNamespace":"-1","usedNamespace":"0","objectID":"-9223372036854687488","updateID":"345","Transaction":"345"} | ret=SUCCESS |  
2025-10-20 19:50:43,067 | INFO  | OMAudit | user=runner | ip=127.0.0.1 | op=READ_VOLUME {"volume":"9d40406c-4be6-4257-a68a-23038ac36003"} | ret=SUCCESS |  
2025-10-20 19:50:43,067 [ForkJoinPool-1-worker-1] INFO  rpc.RpcClient (RpcClient.java:createBucket(686)) - Creating Bucket: 9d40406c-4be6-4257-a68a-23038ac36003/d06f39e6-a02c-4754-93a3-c034c22a8777, with server-side default bucket layout, runner as owner, Versioning false, Storage Type set to DISK and Encryption set to false, Replication Type set to server-side default replication type, Namespace Quota set to -1, Space Quota set to -1 
2025-10-20 19:50:43,069 [om1-OMStateMachineApplyTransactionThread - 0] INFO  bucket.OMBucketCreateRequest (OMBucketCreateRequest.java:validateAndUpdateCache(303)) - created bucket: d06f39e6-a02c-4754-93a3-c034c22a8777 of layout FILE_SYSTEM_OPTIMIZED in volume: 9d40406c-4be6-4257-a68a-23038ac36003
2025-10-20 19:50:43,069 | INFO  | OMAudit | user=runner | ip=127.0.0.1 | op=CREATE_BUCKET {"volume":"9d40406c-4be6-4257-a68a-23038ac36003","bucket":"d06f39e6-a02c-4754-93a3-c034c22a8777","bucketLayout":"FILE_SYSTEM_OPTIMIZED","gdprEnabled":null,"acls":"[user:runner:a[ACCESS], group:runner:rl[ACCESS]]","isVersionEnabled":"false","storageType":"DISK","creationTime":"1760989843068","bucketEncryptionKey":null,"modificationTime":"1760989843068","usedBytes":"0","usedNamespace":"0","snapshotUsedBytes":"0","snapshotUsedNamespace":"0","owner":"runner","replicationType":null,"replicationConfig":null,"quotaInBytes":"-1","quotaInNamespace":"-1","Transaction":"346"} | ret=SUCCESS |  
2025-10-20 19:50:43,070 | INFO  | OMAudit | user=runner | ip=127.0.0.1 | op=READ_BUCKET {"volume":"9d40406c-4be6-4257-a68a-23038ac36003","bucket":"d06f39e6-a02c-4754-93a3-c034c22a8777"} | ret=SUCCESS |  
2025-10-20 19:50:43,072 | INFO  | OMAudit | user=runner | ip=127.0.0.1 | op=READ_BUCKET {"volume":"9d40406c-4be6-4257-a68a-23038ac36003","bucket":"d06f39e6-a02c-4754-93a3-c034c22a8777"} | ret=SUCCESS |  
2025-10-20 19:50:43,073 | INFO  | SCMAudit | user=runner | ip=127.0.0.1 | op=ALLOCATE_BLOCK {"replication":"EC{rs-3-2-1024k}","owner":"omServiceIdDefault","size":"4194304","sampleBlocks":"[conID: 24 locID: 115816896921600116]","num":"1","client":"","allocated":"1"} | ret=SUCCESS |  
2025-10-20 19:50:43,076 | INFO  | OMAudit | user=runner | ip=127.0.0.1 | op=ALLOCATE_KEY {"volume":"9d40406c-4be6-4257-a68a-23038ac36003","bucket":"d06f39e6-a02c-4754-93a3-c034c22a8777","key":"5f76c885-d5b4-4862-a07f-0b884ae09ce2","dataSize":"4194305","replicationType":"EC","replicationConfig":"rs-3-2-1048576","Transaction":"347"} | ret=SUCCESS |  
2025-10-20 19:50:43,077 | INFO  | OMAudit | user=runner | ip=127.0.0.1 | op=READ_VOLUME {"volume":"9d40406c-4be6-4257-a68a-23038ac36003"} | ret=SUCCESS |  
2025-10-20 19:50:43,078 | INFO  | OMAudit | user=runner | ip=127.0.0.1 | op=READ_BUCKET {"volume":"9d40406c-4be6-4257-a68a-23038ac36003","bucket":"d06f39e6-a02c-4754-93a3-c034c22a8777"} | ret=SUCCESS |  
2025-10-20 19:50:43,127 | INFO  | OMAudit | user=runner | ip=127.0.0.1 | op=COMMIT_KEY {"volume":"9d40406c-4be6-4257-a68a-23038ac36003","bucket":"d06f39e6-a02c-4754-93a3-c034c22a8777","key":"5f76c885-d5b4-4862-a07f-0b884ae09ce2","dataSize":"4194305","replicationType":"EC","replicationConfig":"rs-3-2-1048576","Transaction":"348"} | ret=SUCCESS |  
2025-10-20 19:50:43,129 | INFO  | OMAudit | user=runner | ip=127.0.0.1 | op=READ_VOLUME {"volume":"9d40406c-4be6-4257-a68a-23038ac36003"} | ret=SUCCESS |  
2025-10-20 19:50:43,130 | INFO  | OMAudit | user=runner | ip=127.0.0.1 | op=READ_BUCKET {"volume":"9d40406c-4be6-4257-a68a-23038ac36003","bucket":"d06f39e6-a02c-4754-93a3-c034c22a8777"} | ret=SUCCESS |  
2025-10-20 19:50:43,131 | INFO  | OMAudit | user=runner | ip=127.0.0.1 | op=READ_BUCKET {"volume":"9d40406c-4be6-4257-a68a-23038ac36003","bucket":"d06f39e6-a02c-4754-93a3-c034c22a8777"} | ret=SUCCESS |  
2025-10-20 19:50:43,132 | INFO  | SCMAudit | user=runner | ip=127.0.0.1 | op=ALLOCATE_BLOCK {"replication":"EC{rs-3-2-1024k}","owner":"omServiceIdDefault","size":"4194304","sampleBlocks":"[conID: 22 locID: 115816896921600117]","num":"1","client":"","allocated":"1"} | ret=SUCCESS |  
2025-10-20 19:50:43,135 | INFO  | OMAudit | user=runner | ip=127.0.0.1 | op=ALLOCATE_KEY {"volume":"9d40406c-4be6-4257-a68a-23038ac36003","bucket":"d06f39e6-a02c-4754-93a3-c034c22a8777","key":"5f76c885-d5b4-4862-a07f-0b884ae09ce2","dataSize":"4194305","replicationType":"EC","replicationConfig":"rs-3-2-1048576","Transaction":"349"} | ret=SUCCESS |  
2025-10-20 19:50:43,137 | INFO  | OMAudit | user=runner | ip=127.0.0.1 | op=READ_VOLUME {"volume":"9d40406c-4be6-4257-a68a-23038ac36003"} | ret=SUCCESS |  
2025-10-20 19:50:43,138 | INFO  | OMAudit | user=runner | ip=127.0.0.1 | op=READ_BUCKET {"volume":"9d40406c-4be6-4257-a68a-23038ac36003","bucket":"d06f39e6-a02c-4754-93a3-c034c22a8777"} | ret=SUCCESS |  
2025-10-20 19:50:43,165 | INFO  | ContainerLog | ID=22 | Index=1 | BCSID=0 | State=OPEN | Volume=/home/runner/work/ozone/ozone/hadoop-ozone/integration-test/target/test-dir/MiniOzoneClusterImpl-6935df51-69ff-4c35-8bd4-ed2b81d70e54/ozone-metadata/datanode-2/data-0/hdds | DataChecksum=0 |  
2025-10-20 19:50:43,168 | INFO  | ContainerLog | ID=22 | Index=2 | BCSID=0 | State=OPEN | Volume=/home/runner/work/ozone/ozone/hadoop-ozone/integration-test/target/test-dir/MiniOzoneClusterImpl-6935df51-69ff-4c35-8bd4-ed2b81d70e54/ozone-metadata/datanode-8/data-0/hdds | DataChecksum=0 |  
2025-10-20 19:50:43,169 | INFO  | ContainerLog | ID=22 | Index=4 | BCSID=0 | State=OPEN | Volume=/home/runner/work/ozone/ozone/hadoop-ozone/integration-test/target/test-dir/MiniOzoneClusterImpl-6935df51-69ff-4c35-8bd4-ed2b81d70e54/ozone-metadata/datanode-5/data-0/hdds | DataChecksum=0 |  
2025-10-20 19:50:43,170 | INFO  | ContainerLog | ID=22 | Index=3 | BCSID=0 | State=OPEN | Volume=/home/runner/work/ozone/ozone/hadoop-ozone/integration-test/target/test-dir/MiniOzoneClusterImpl-6935df51-69ff-4c35-8bd4-ed2b81d70e54/ozone-metadata/datanode-3/data-0/hdds | DataChecksum=0 |  
2025-10-20 19:50:43,174 | INFO  | SCMAudit | user=runner | ip=127.0.0.1 | op=SEND_HEARTBEAT {"datanodeUUID":"361055de-215b-4c6c-94c2-be1c1da118d1","term":"2","command":"[]"} | ret=SUCCESS |  
2025-10-20 19:50:43,174 | INFO  | SCMAudit | user=runner | ip=127.0.0.1 | op=SEND_HEARTBEAT {"datanodeUUID":"af0e5da1-57af-45e9-9aca-fa0798d05628","term":"2","command":"[]"} | ret=SUCCESS |  
2025-10-20 19:50:43,174 | INFO  | SCMAudit | user=runner | ip=127.0.0.1 | op=SEND_HEARTBEAT {"datanodeUUID":"7bb0e7f0-2b36-4ec0-8a09-ceac75d91a36","term":"2","command":"[]"} | ret=SUCCESS |  
2025-10-20 19:50:43,175 | INFO  | SCMAudit | user=runner | ip=127.0.0.1 | op=SEND_HEARTBEAT {"datanodeUUID":"ef67b0a7-5b27-496d-9f38-ab804a28e500","term":"2","command":"[]"} | ret=SUCCESS |  
2025-10-20 19:50:43,176 | INFO  | ContainerLog | ID=22 | Index=5 | BCSID=0 | State=OPEN | Volume=/home/runner/work/ozone/ozone/hadoop-ozone/integration-test/target/test-dir/MiniOzoneClusterImpl-6935df51-69ff-4c35-8bd4-ed2b81d70e54/ozone-metadata/datanode-14/data-0/hdds | DataChecksum=0 |  
2025-10-20 19:50:43,178 | INFO  | SCMAudit | user=runner | ip=127.0.0.1 | op=SEND_HEARTBEAT {"datanodeUUID":"38991c48-ffb3-4453-b758-77d6b4ebc62b","term":"2","command":"[]"} | ret=SUCCESS |  
2025-10-20 19:50:43,204 | INFO  | OMAudit | user=runner | ip=127.0.0.1 | op=COMMIT_KEY {"volume":"9d40406c-4be6-4257-a68a-23038ac36003","bucket":"d06f39e6-a02c-4754-93a3-c034c22a8777","key":"5f76c885-d5b4-4862-a07f-0b884ae09ce2","dataSize":"4194305","replicationType":"EC","replicationConfig":"rs-3-2-1048576","Transaction":"350"} | ret=SUCCESS |  
2025-10-20 19:50:43,206 | INFO  | OMAudit | user=runner | ip=127.0.0.1 | op=READ_VOLUME {"volume":"9d40406c-4be6-4257-a68a-23038ac36003"} | ret=SUCCESS |  
2025-10-20 19:50:43,208 | INFO  | OMAudit | user=runner | ip=127.0.0.1 | op=READ_BUCKET {"volume":"9d40406c-4be6-4257-a68a-23038ac36003","bucket":"d06f39e6-a02c-4754-93a3-c034c22a8777"} | ret=SUCCESS |  
2025-10-20 19:50:43,468 | INFO  | SCMAudit | user=runner | ip=127.0.0.1 | op=SEND_HEARTBEAT {"datanodeUUID":"b614738c-cdff-4f09-bf59-ed5bb75d51be","term":"2","command":"[]"} | ret=SUCCESS |  
2025-10-20 19:50:43,473 | INFO  | SCMAudit | user=runner | ip=127.0.0.1 | op=SEND_HEARTBEAT {"datanodeUUID":"c90bff1f-5a1f-42c6-8fca-9533d718c79a","term":"2","command":"[]"} | ret=SUCCESS |  
2025-10-20 19:50:43,642 | INFO  | SCMAudit | user=runner | ip=127.0.0.1 | op=SEND_HEARTBEAT {"datanodeUUID":"4f2bb3f5-0e03-4f1b-bb4c-79c91b98c7da","term":"2","command":"[]"} | ret=SUCCESS |  
2025-10-20 19:50:43,643 | INFO  | SCMAudit | user=runner | ip=127.0.0.1 | op=SEND_HEARTBEAT {"datanodeUUID":"cc7fbe85-1d98-437b-84f9-04213fee10f0","term":"2","command":"[]"} | ret=SUCCESS |  
2025-10-20 19:50:43,644 | INFO  | SCMAudit | user=runner | ip=127.0.0.1 | op=SEND_HEARTBEAT {"datanodeUUID":"605be85e-a7f4-44d7-8cfd-f53001b990b0","term":"2","command":"[]"} | ret=SUCCESS |  
2025-10-20 19:50:43,711 | INFO  | SCMAudit | user=runner | ip=127.0.0.1 | op=SEND_HEARTBEAT {"datanodeUUID":"feb39a1c-80cb-4714-ab06-a361236e3029","term":"2","command":"[]"} | ret=SUCCESS |  
2025-10-20 19:50:43,733 | INFO  | SCMAudit | user=runner | ip=127.0.0.1 | op=SEND_HEARTBEAT {"datanodeUUID":"33f74daf-be7a-4306-b2af-53e409c4cb93","term":"2","command":"[]"} | ret=SUCCESS |  
2025-10-20 19:50:43,733 | INFO  | SCMAudit | user=runner | ip=127.0.0.1 | op=SEND_HEARTBEAT {"datanodeUUID":"e05592a5-d00f-4fc1-9e39-a968c1ecb04e","term":"2","command":"[]"} | ret=SUCCESS |  
2025-10-20 19:50:43,838 | INFO  | SCMAudit | user=runner | ip=127.0.0.1 | op=SEND_HEARTBEAT {"datanodeUUID":"d7d8cf72-b9f6-4979-9c53-007dd6e6e48a","term":"2","command":"[]"} | ret=SUCCESS |  
2025-10-20 19:50:44,142 [om1-KeyDeletingService#8] INFO  service.KeyDeletingService (KeyDeletingService.java:processKeyDeletes(151)) - Send 1 key(s) to SCM, first 1 keys: [PurgedKey{blockGroup=BlockGroup[groupID='/9d40406c-4be6-4257-a68a-23038ac36003/d06f39e6-a02c-4754-93a3-c034c22a8777/5f76c885-d5b4-4862-a07f-0b884ae09ce2/-9223372036854686208/0', blockIDs=[conID: 24 locID: 115816896921600116 bcsId: 0 replicaIndex: null]], volume='9d40406c-4be6-4257-a68a-23038ac36003', bucket='d06f39e6-a02c-4754-93a3-c034c22a8777', bucketId=-9223372036854687232, purgedBytes=8388609, isCommittedKey=true, deleteKeyName='/9d40406c-4be6-4257-a68a-23038ac36003/d06f39e6-a02c-4754-93a3-c034c22a8777/5f76c885-d5b4-4862-a07f-0b884ae09ce2/-9223372036854686208'}]
2025-10-20 19:50:44,144 | INFO  | SCMAudit | user=runner | ip=127.0.0.1 | op=DELETE_KEY_BLOCK {"KeyBlockToDelete":"[BlockGroup[groupID='/9d40406c-4be6-4257-a68a-23038ac36003/d06f39e6-a02c-4754-93a3-c034c22a8777/5f76c885-d5b4-4862-a07f-0b884ae09ce2/-9223372036854686208/0', blockIDs=[conID: 24 locID: 115816896921600116 bcsId: 0 replicaIndex: null]]]"} | ret=SUCCESS |  
2025-10-20 19:50:44,145 [om1-KeyDeletingService#8] INFO  service.KeyDeletingService (KeyDeletingService.java:processKeyDeletes(158)) - 1 BlockGroup deletion are acked by SCM in 3 ms
2025-10-20 19:50:44,146 [om1-KeyDeletingService#8] INFO  service.KeyDeletingService (KeyDeletingService.java:processKeyDeletes(166)) - Blocks for 1 (out of 1) keys are deleted from DB in 1 ms. Limit per task is 50000.
2025-10-20 19:50:44,168 | INFO  | SCMAudit | user=runner | ip=127.0.0.1 | op=SEND_HEARTBEAT {"datanodeUUID":"ef67b0a7-5b27-496d-9f38-ab804a28e500","term":"2","command":"[]"} | ret=SUCCESS |  
2025-10-20 19:50:44,171 | INFO  | SCMAudit | user=runner | ip=127.0.0.1 | op=SEND_HEARTBEAT {"datanodeUUID":"af0e5da1-57af-45e9-9aca-fa0798d05628","term":"2","command":"[]"} | ret=SUCCESS |  
2025-10-20 19:50:44,172 | INFO  | SCMAudit | user=runner | ip=127.0.0.1 | op=SEND_HEARTBEAT {"datanodeUUID":"7bb0e7f0-2b36-4ec0-8a09-ceac75d91a36","term":"2","command":"[]"} | ret=SUCCESS |  
2025-10-20 19:50:44,173 | INFO  | SCMAudit | user=runner | ip=127.0.0.1 | op=SEND_HEARTBEAT {"datanodeUUID":"361055de-215b-4c6c-94c2-be1c1da118d1","term":"2","command":"[]"} | ret=SUCCESS |  
2025-10-20 19:50:44,178 | INFO  | SCMAudit | user=runner | ip=127.0.0.1 | op=SEND_HEARTBEAT {"datanodeUUID":"38991c48-ffb3-4453-b758-77d6b4ebc62b","term":"2","command":"[]"} | ret=SUCCESS |  
2025-10-20 19:50:44,209 | INFO  | OMAudit | user=runner | ip=127.0.0.1 | op=READ_VOLUME {"volume":"9d40406c-4be6-4257-a68a-23038ac36003"} | ret=SUCCESS |  
2025-10-20 19:50:44,210 | INFO  | OMAudit | user=runner | ip=127.0.0.1 | op=READ_BUCKET {"volume":"9d40406c-4be6-4257-a68a-23038ac36003","bucket":"d06f39e6-a02c-4754-93a3-c034c22a8777"} | ret=SUCCESS |  
2025-10-20 19:50:44,214 | INFO  | OMAudit | user=runner | ip=127.0.0.1 | op=DELETE_KEY {"volume":"9d40406c-4be6-4257-a68a-23038ac36003","bucket":"d06f39e6-a02c-4754-93a3-c034c22a8777","key":"5f76c885-d5b4-4862-a07f-0b884ae09ce2","dataSize":"4194305","replicationConfig":"EC{rs-3-2-1024k}","Transaction":"352"} | ret=SUCCESS |  
2025-10-20 19:50:44,215 | INFO  | OMAudit | user=runner | ip=127.0.0.1 | op=READ_VOLUME {"volume":"9d40406c-4be6-4257-a68a-23038ac36003"} | ret=SUCCESS |  
2025-10-20 19:50:44,216 | INFO  | OMAudit | user=runner | ip=127.0.0.1 | op=READ_BUCKET {"volume":"9d40406c-4be6-4257-a68a-23038ac36003","bucket":"d06f39e6-a02c-4754-93a3-c034c22a8777"} | ret=SUCCESS |  
2025-10-20 19:50:44,472 | INFO  | SCMAudit | user=runner | ip=127.0.0.1 | op=SEND_HEARTBEAT {"datanodeUUID":"b614738c-cdff-4f09-bf59-ed5bb75d51be","term":"2","command":"[]"} | ret=SUCCESS |  
2025-10-20 19:50:44,474 | INFO  | SCMAudit | user=runner | ip=127.0.0.1 | op=SEND_HEARTBEAT {"datanodeUUID":"c90bff1f-5a1f-42c6-8fca-9533d718c79a","term":"2","command":"[]"} | ret=SUCCESS |  
2025-10-20 19:50:44,642 | INFO  | SCMAudit | user=runner | ip=127.0.0.1 | op=SEND_HEARTBEAT {"datanodeUUID":"4f2bb3f5-0e03-4f1b-bb4c-79c91b98c7da","term":"2","command":"[]"} | ret=SUCCESS |  
2025-10-20 19:50:44,644 | INFO  | SCMAudit | user=runner | ip=127.0.0.1 | op=SEND_HEARTBEAT {"datanodeUUID":"cc7fbe85-1d98-437b-84f9-04213fee10f0","term":"2","command":"[]"} | ret=SUCCESS |  
2025-10-20 19:50:44,645 | INFO  | SCMAudit | user=runner | ip=127.0.0.1 | op=SEND_HEARTBEAT {"datanodeUUID":"605be85e-a7f4-44d7-8cfd-f53001b990b0","term":"2","command":"[]"} | ret=SUCCESS |  
2025-10-20 19:50:44,712 | INFO  | SCMAudit | user=runner | ip=127.0.0.1 | op=SEND_HEARTBEAT {"datanodeUUID":"feb39a1c-80cb-4714-ab06-a361236e3029","term":"2","command":"[]"} | ret=SUCCESS |  
2025-10-20 19:50:44,733 | INFO  | SCMAudit | user=runner | ip=127.0.0.1 | op=SEND_HEARTBEAT {"datanodeUUID":"33f74daf-be7a-4306-b2af-53e409c4cb93","term":"2","command":"[]"} | ret=SUCCESS |  
2025-10-20 19:50:44,733 | INFO  | SCMAudit | user=runner | ip=127.0.0.1 | op=SEND_HEARTBEAT {"datanodeUUID":"e05592a5-d00f-4fc1-9e39-a968c1ecb04e","term":"2","command":"[]"} | ret=SUCCESS |  
2025-10-20 19:50:44,838 | INFO  | SCMAudit | user=runner | ip=127.0.0.1 | op=SEND_HEARTBEAT {"datanodeUUID":"d7d8cf72-b9f6-4979-9c53-007dd6e6e48a","term":"2","command":"[]"} | ret=SUCCESS |  
2025-10-20 19:50:45,142 [om1-KeyDeletingService#0] INFO  service.KeyDeletingService (KeyDeletingService.java:processKeyDeletes(151)) - Send 1 key(s) to SCM, first 1 keys: [PurgedKey{blockGroup=BlockGroup[groupID='/9d40406c-4be6-4257-a68a-23038ac36003/d06f39e6-a02c-4754-93a3-c034c22a8777/5f76c885-d5b4-4862-a07f-0b884ae09ce2/-9223372036854686975/0', blockIDs=[conID: 22 locID: 115816896921600117 bcsId: 0 replicaIndex: null]], volume='9d40406c-4be6-4257-a68a-23038ac36003', bucket='d06f39e6-a02c-4754-93a3-c034c22a8777', bucketId=-9223372036854687232, purgedBytes=8388609, isCommittedKey=true, deleteKeyName='/9d40406c-4be6-4257-a68a-23038ac36003/d06f39e6-a02c-4754-93a3-c034c22a8777/5f76c885-d5b4-4862-a07f-0b884ae09ce2/-9223372036854686975'}]
2025-10-20 19:50:45,144 | INFO  | SCMAudit | user=runner | ip=127.0.0.1 | op=DELETE_KEY_BLOCK {"KeyBlockToDelete":"[BlockGroup[groupID='/9d40406c-4be6-4257-a68a-23038ac36003/d06f39e6-a02c-4754-93a3-c034c22a8777/5f76c885-d5b4-4862-a07f-0b884ae09ce2/-9223372036854686975/0', blockIDs=[conID: 22 locID: 115816896921600117 bcsId: 0 replicaIndex: null]]]"} | ret=SUCCESS |  
2025-10-20 19:50:45,145 [om1-KeyDeletingService#0] INFO  service.KeyDeletingService (KeyDeletingService.java:processKeyDeletes(158)) - 1 BlockGroup deletion are acked by SCM in 2 ms
2025-10-20 19:50:45,146 [om1-KeyDeletingService#0] INFO  service.KeyDeletingService (KeyDeletingService.java:processKeyDeletes(166)) - Blocks for 1 (out of 1) keys are deleted from DB in 2 ms. Limit per task is 50000.
2025-10-20 19:50:45,168 | INFO  | SCMAudit | user=runner | ip=127.0.0.1 | op=SEND_HEARTBEAT {"datanodeUUID":"ef67b0a7-5b27-496d-9f38-ab804a28e500","term":"2","command":"[]"} | ret=SUCCESS |  
2025-10-20 19:50:45,171 | INFO  | SCMAudit | user=runner | ip=127.0.0.1 | op=SEND_HEARTBEAT {"datanodeUUID":"af0e5da1-57af-45e9-9aca-fa0798d05628","term":"2","command":"[]"} | ret=SUCCESS |  
2025-10-20 19:50:45,172 | INFO  | SCMAudit | user=runner | ip=127.0.0.1 | op=SEND_HEARTBEAT {"datanodeUUID":"7bb0e7f0-2b36-4ec0-8a09-ceac75d91a36","term":"2","command":"[]"} | ret=SUCCESS |  
2025-10-20 19:50:45,173 | INFO  | SCMAudit | user=runner | ip=127.0.0.1 | op=SEND_HEARTBEAT {"datanodeUUID":"361055de-215b-4c6c-94c2-be1c1da118d1","term":"2","command":"[]"} | ret=SUCCESS |  
2025-10-20 19:50:45,177 | INFO  | SCMAudit | user=runner | ip=127.0.0.1 | op=SEND_HEARTBEAT {"datanodeUUID":"38991c48-ffb3-4453-b758-77d6b4ebc62b","term":"2","command":"[]"} | ret=SUCCESS |  
2025-10-20 19:50:45,217 | INFO  | OMAudit | user=runner | ip=127.0.0.1 | op=READ_VOLUME {"volume":"9d40406c-4be6-4257-a68a-23038ac36003"} | ret=SUCCESS |  
2025-10-20 19:50:45,218 | INFO  | OMAudit | user=runner | ip=127.0.0.1 | op=READ_BUCKET {"volume":"9d40406c-4be6-4257-a68a-23038ac36003","bucket":"d06f39e6-a02c-4754-93a3-c034c22a8777"} | ret=SUCCESS |  
2025-10-20 19:50:45,219 [ForkJoinPool-1-worker-1] INFO  rpc.RpcClient (RpcClient.java:createVolume(461)) - Creating Volume: cefc014c-1a0b-4e3e-8841-0fdee64e93a2, with runner as owner and space quota set to -1 bytes, counts quota set to -1
2025-10-20 19:50:45,221 [om1-OMStateMachineApplyTransactionThread - 0] INFO  volume.OMVolumeCreateRequest (OMVolumeCreateRequest.java:validateAndUpdateCache(213)) - created volume:cefc014c-1a0b-4e3e-8841-0fdee64e93a2 for user:runner
2025-10-20 19:50:45,221 | INFO  | OMAudit | user=runner | ip=127.0.0.1 | op=CREATE_VOLUME {"admin":"runner","owner":"runner","volume":"cefc014c-1a0b-4e3e-8841-0fdee64e93a2","creationTime":"1760989845220","modificationTime":"1760989845220","quotaInBytes":"-1","quotaInNamespace":"-1","usedNamespace":"0","objectID":"-9223372036854685184","updateID":"354","Transaction":"354"} | ret=SUCCESS |  
2025-10-20 19:50:45,222 | INFO  | OMAudit | user=runner | ip=127.0.0.1 | op=READ_VOLUME {"volume":"cefc014c-1a0b-4e3e-8841-0fdee64e93a2"} | ret=SUCCESS |  
2025-10-20 19:50:45,222 [ForkJoinPool-1-worker-1] INFO  rpc.RpcClient (RpcClient.java:createBucket(686)) - Creating Bucket: cefc014c-1a0b-4e3e-8841-0fdee64e93a2/e1e1c8e0-e886-4aa4-b77e-295ff41a1cd2, with server-side default bucket layout, runner as owner, Versioning false, Storage Type set to DISK and Encryption set to false, Replication Type set to server-side default replication type, Namespace Quota set to -1, Space Quota set to -1 
2025-10-20 19:50:45,224 [om1-OMStateMachineApplyTransactionThread - 0] INFO  bucket.OMBucketCreateRequest (OMBucketCreateRequest.java:validateAndUpdateCache(303)) - created bucket: e1e1c8e0-e886-4aa4-b77e-295ff41a1cd2 of layout FILE_SYSTEM_OPTIMIZED in volume: cefc014c-1a0b-4e3e-8841-0fdee64e93a2
2025-10-20 19:50:45,224 | INFO  | OMAudit | user=runner | ip=127.0.0.1 | op=CREATE_BUCKET {"volume":"cefc014c-1a0b-4e3e-8841-0fdee64e93a2","bucket":"e1e1c8e0-e886-4aa4-b77e-295ff41a1cd2","bucketLayout":"FILE_SYSTEM_OPTIMIZED","gdprEnabled":null,"acls":"[user:runner:a[ACCESS], group:runner:rl[ACCESS]]","isVersionEnabled":"false","storageType":"DISK","creationTime":"1760989845223","bucketEncryptionKey":null,"modificationTime":"1760989845223","usedBytes":"0","usedNamespace":"0","snapshotUsedBytes":"0","snapshotUsedNamespace":"0","owner":"runner","replicationType":null,"replicationConfig":null,"quotaInBytes":"-1","quotaInNamespace":"-1","Transaction":"355"} | ret=SUCCESS |  
2025-10-20 19:50:45,225 | INFO  | OMAudit | user=runner | ip=127.0.0.1 | op=READ_BUCKET {"volume":"cefc014c-1a0b-4e3e-8841-0fdee64e93a2","bucket":"e1e1c8e0-e886-4aa4-b77e-295ff41a1cd2"} | ret=SUCCESS |  
2025-10-20 19:50:45,227 | INFO  | OMAudit | user=runner | ip=127.0.0.1 | op=READ_BUCKET {"volume":"cefc014c-1a0b-4e3e-8841-0fdee64e93a2","bucket":"e1e1c8e0-e886-4aa4-b77e-295ff41a1cd2"} | ret=SUCCESS |  
2025-10-20 19:50:45,228 | INFO  | SCMAudit | user=runner | ip=127.0.0.1 | op=ALLOCATE_BLOCK {"replication":"EC{rs-3-2-1024k}","owner":"omServiceIdDefault","size":"4194304","sampleBlocks":"[conID: 22 locID: 115816896921600118]","num":"1","client":"","allocated":"1"} | ret=SUCCESS |  
2025-10-20 19:50:45,231 | INFO  | OMAudit | user=runner | ip=127.0.0.1 | op=ALLOCATE_KEY {"volume":"cefc014c-1a0b-4e3e-8841-0fdee64e93a2","bucket":"e1e1c8e0-e886-4aa4-b77e-295ff41a1cd2","key":"a67b5664-916c-40aa-8fd8-1c792e03e172","dataSize":"8388608","replicationType":"EC","replicationConfig":"rs-3-2-1048576","Transaction":"356"} | ret=SUCCESS |  
2025-10-20 19:50:45,233 | INFO  | OMAudit | user=runner | ip=127.0.0.1 | op=READ_VOLUME {"volume":"cefc014c-1a0b-4e3e-8841-0fdee64e93a2"} | ret=SUCCESS |  
2025-10-20 19:50:45,234 | INFO  | OMAudit | user=runner | ip=127.0.0.1 | op=READ_BUCKET {"volume":"cefc014c-1a0b-4e3e-8841-0fdee64e93a2","bucket":"e1e1c8e0-e886-4aa4-b77e-295ff41a1cd2"} | ret=SUCCESS |  
2025-10-20 19:50:45,293 | INFO  | OMAudit | user=runner | ip=127.0.0.1 | op=COMMIT_KEY {"volume":"cefc014c-1a0b-4e3e-8841-0fdee64e93a2","bucket":"e1e1c8e0-e886-4aa4-b77e-295ff41a1cd2","key":"a67b5664-916c-40aa-8fd8-1c792e03e172","dataSize":"8388608","replicationType":"EC","replicationConfig":"rs-3-2-1048576","Transaction":"357"} | ret=SUCCESS |  
2025-10-20 19:50:45,294 | INFO  | OMAudit | user=runner | ip=127.0.0.1 | op=READ_VOLUME {"volume":"cefc014c-1a0b-4e3e-8841-0fdee64e93a2"} | ret=SUCCESS |  
2025-10-20 19:50:45,295 | INFO  | OMAudit | user=runner | ip=127.0.0.1 | op=READ_BUCKET {"volume":"cefc014c-1a0b-4e3e-8841-0fdee64e93a2","bucket":"e1e1c8e0-e886-4aa4-b77e-295ff41a1cd2"} | ret=SUCCESS |  
2025-10-20 19:50:45,297 | INFO  | OMAudit | user=runner | ip=127.0.0.1 | op=READ_BUCKET {"volume":"cefc014c-1a0b-4e3e-8841-0fdee64e93a2","bucket":"e1e1c8e0-e886-4aa4-b77e-295ff41a1cd2"} | ret=SUCCESS |  
2025-10-20 19:50:45,298 | INFO  | SCMAudit | user=runner | ip=127.0.0.1 | op=ALLOCATE_BLOCK {"replication":"EC{rs-3-2-1024k}","owner":"omServiceIdDefault","size":"4194304","sampleBlocks":"[conID: 22 locID: 115816896921600119]","num":"1","client":"","allocated":"1"} | ret=SUCCESS |  
2025-10-20 19:50:45,301 | INFO  | OMAudit | user=runner | ip=127.0.0.1 | op=ALLOCATE_KEY {"volume":"cefc014c-1a0b-4e3e-8841-0fdee64e93a2","bucket":"e1e1c8e0-e886-4aa4-b77e-295ff41a1cd2","key":"a67b5664-916c-40aa-8fd8-1c792e03e172","dataSize":"8388608","replicationType":"EC","replicationConfig":"rs-3-2-1048576","Transaction":"358"} | ret=SUCCESS |  
2025-10-20 19:50:45,304 | INFO  | OMAudit | user=runner | ip=127.0.0.1 | op=READ_VOLUME {"volume":"cefc014c-1a0b-4e3e-8841-0fdee64e93a2"} | ret=SUCCESS |  
2025-10-20 19:50:45,305 | INFO  | OMAudit | user=runner | ip=127.0.0.1 | op=READ_BUCKET {"volume":"cefc014c-1a0b-4e3e-8841-0fdee64e93a2","bucket":"e1e1c8e0-e886-4aa4-b77e-295ff41a1cd2"} | ret=SUCCESS |  
2025-10-20 19:50:45,369 | INFO  | OMAudit | user=runner | ip=127.0.0.1 | op=COMMIT_KEY {"volume":"cefc014c-1a0b-4e3e-8841-0fdee64e93a2","bucket":"e1e1c8e0-e886-4aa4-b77e-295ff41a1cd2","key":"a67b5664-916c-40aa-8fd8-1c792e03e172","dataSize":"8388608","replicationType":"EC","replicationConfig":"rs-3-2-1048576","Transaction":"359"} | ret=SUCCESS |  
2025-10-20 19:50:45,371 | INFO  | OMAudit | user=runner | ip=127.0.0.1 | op=READ_VOLUME {"volume":"cefc014c-1a0b-4e3e-8841-0fdee64e93a2"} | ret=SUCCESS |  
2025-10-20 19:50:45,373 | INFO  | OMAudit | user=runner | ip=127.0.0.1 | op=READ_BUCKET {"volume":"cefc014c-1a0b-4e3e-8841-0fdee64e93a2","bucket":"e1e1c8e0-e886-4aa4-b77e-295ff41a1cd2"} | ret=SUCCESS |  
2025-10-20 19:50:45,470 | INFO  | SCMAudit | user=runner | ip=127.0.0.1 | op=SEND_HEARTBEAT {"datanodeUUID":"b614738c-cdff-4f09-bf59-ed5bb75d51be","term":"2","command":"[]"} | ret=SUCCESS |  
2025-10-20 19:50:45,473 | INFO  | SCMAudit | user=runner | ip=127.0.0.1 | op=SEND_HEARTBEAT {"datanodeUUID":"c90bff1f-5a1f-42c6-8fca-9533d718c79a","term":"2","command":"[]"} | ret=SUCCESS |  
2025-10-20 19:50:45,643 | INFO  | SCMAudit | user=runner | ip=127.0.0.1 | op=SEND_HEARTBEAT {"datanodeUUID":"4f2bb3f5-0e03-4f1b-bb4c-79c91b98c7da","term":"2","command":"[]"} | ret=SUCCESS |  
2025-10-20 19:50:45,644 | INFO  | SCMAudit | user=runner | ip=127.0.0.1 | op=SEND_HEARTBEAT {"datanodeUUID":"cc7fbe85-1d98-437b-84f9-04213fee10f0","term":"2","command":"[]"} | ret=SUCCESS |  
2025-10-20 19:50:45,645 | INFO  | SCMAudit | user=runner | ip=127.0.0.1 | op=SEND_HEARTBEAT {"datanodeUUID":"605be85e-a7f4-44d7-8cfd-f53001b990b0","term":"2","command":"[]"} | ret=SUCCESS |  
2025-10-20 19:50:45,711 | INFO  | SCMAudit | user=runner | ip=127.0.0.1 | op=SEND_HEARTBEAT {"datanodeUUID":"feb39a1c-80cb-4714-ab06-a361236e3029","term":"2","command":"[]"} | ret=SUCCESS |  
2025-10-20 19:50:45,734 | INFO  | SCMAudit | user=runner | ip=127.0.0.1 | op=SEND_HEARTBEAT {"datanodeUUID":"33f74daf-be7a-4306-b2af-53e409c4cb93","term":"2","command":"[]"} | ret=SUCCESS |  
2025-10-20 19:50:45,734 | INFO  | SCMAudit | user=runner | ip=127.0.0.1 | op=SEND_HEARTBEAT {"datanodeUUID":"e05592a5-d00f-4fc1-9e39-a968c1ecb04e","term":"2","command":"[]"} | ret=SUCCESS |  
2025-10-20 19:50:45,838 | INFO  | SCMAudit | user=runner | ip=127.0.0.1 | op=SEND_HEARTBEAT {"datanodeUUID":"d7d8cf72-b9f6-4979-9c53-007dd6e6e48a","term":"2","command":"[]"} | ret=SUCCESS |  
2025-10-20 19:50:46,142 [om1-KeyDeletingService#3] INFO  service.KeyDeletingService (KeyDeletingService.java:processKeyDeletes(151)) - Send 1 key(s) to SCM, first 1 keys: [PurgedKey{blockGroup=BlockGroup[groupID='/cefc014c-1a0b-4e3e-8841-0fdee64e93a2/e1e1c8e0-e886-4aa4-b77e-295ff41a1cd2/a67b5664-916c-40aa-8fd8-1c792e03e172/-9223372036854683904/0', blockIDs=[conID: 22 locID: 115816896921600118 bcsId: 0 replicaIndex: null]], volume='cefc014c-1a0b-4e3e-8841-0fdee64e93a2', bucket='e1e1c8e0-e886-4aa4-b77e-295ff41a1cd2', bucketId=-9223372036854684928, purgedBytes=14680064, isCommittedKey=true, deleteKeyName='/cefc014c-1a0b-4e3e-8841-0fdee64e93a2/e1e1c8e0-e886-4aa4-b77e-295ff41a1cd2/a67b5664-916c-40aa-8fd8-1c792e03e172/-9223372036854683904'}]
2025-10-20 19:50:46,145 | INFO  | SCMAudit | user=runner | ip=127.0.0.1 | op=DELETE_KEY_BLOCK {"KeyBlockToDelete":"[BlockGroup[groupID='/cefc014c-1a0b-4e3e-8841-0fdee64e93a2/e1e1c8e0-e886-4aa4-b77e-295ff41a1cd2/a67b5664-916c-40aa-8fd8-1c792e03e172/-9223372036854683904/0', blockIDs=[conID: 22 locID: 115816896921600118 bcsId: 0 replicaIndex: null]]]"} | ret=SUCCESS |  
2025-10-20 19:50:46,145 [om1-KeyDeletingService#3] INFO  service.KeyDeletingService (KeyDeletingService.java:processKeyDeletes(158)) - 1 BlockGroup deletion are acked by SCM in 3 ms
2025-10-20 19:50:46,147 [om1-KeyDeletingService#3] INFO  service.KeyDeletingService (KeyDeletingService.java:processKeyDeletes(166)) - Blocks for 1 (out of 1) keys are deleted from DB in 1 ms. Limit per task is 50000.
2025-10-20 19:50:46,169 | INFO  | SCMAudit | user=runner | ip=127.0.0.1 | op=SEND_HEARTBEAT {"datanodeUUID":"ef67b0a7-5b27-496d-9f38-ab804a28e500","term":"2","command":"[]"} | ret=SUCCESS |  
2025-10-20 19:50:46,171 | INFO  | SCMAudit | user=runner | ip=127.0.0.1 | op=SEND_HEARTBEAT {"datanodeUUID":"af0e5da1-57af-45e9-9aca-fa0798d05628","term":"2","command":"[]"} | ret=SUCCESS |  
2025-10-20 19:50:46,172 | INFO  | SCMAudit | user=runner | ip=127.0.0.1 | op=SEND_HEARTBEAT {"datanodeUUID":"7bb0e7f0-2b36-4ec0-8a09-ceac75d91a36","term":"2","command":"[]"} | ret=SUCCESS |  
2025-10-20 19:50:46,174 | INFO  | SCMAudit | user=runner | ip=127.0.0.1 | op=SEND_HEARTBEAT {"datanodeUUID":"361055de-215b-4c6c-94c2-be1c1da118d1","term":"2","command":"[]"} | ret=SUCCESS |  
2025-10-20 19:50:46,177 | INFO  | SCMAudit | user=runner | ip=127.0.0.1 | op=SEND_HEARTBEAT {"datanodeUUID":"38991c48-ffb3-4453-b758-77d6b4ebc62b","term":"2","command":"[]"} | ret=SUCCESS |  
2025-10-20 19:50:46,374 | INFO  | OMAudit | user=runner | ip=127.0.0.1 | op=READ_VOLUME {"volume":"cefc014c-1a0b-4e3e-8841-0fdee64e93a2"} | ret=SUCCESS |  
2025-10-20 19:50:46,375 | INFO  | OMAudit | user=runner | ip=127.0.0.1 | op=READ_BUCKET {"volume":"cefc014c-1a0b-4e3e-8841-0fdee64e93a2","bucket":"e1e1c8e0-e886-4aa4-b77e-295ff41a1cd2"} | ret=SUCCESS |  
2025-10-20 19:50:46,378 | INFO  | OMAudit | user=runner | ip=127.0.0.1 | op=DELETE_KEY {"volume":"cefc014c-1a0b-4e3e-8841-0fdee64e93a2","bucket":"e1e1c8e0-e886-4aa4-b77e-295ff41a1cd2","key":"a67b5664-916c-40aa-8fd8-1c792e03e172","dataSize":"8388608","replicationConfig":"EC{rs-3-2-1024k}","Transaction":"361"} | ret=SUCCESS |  
2025-10-20 19:50:46,380 | INFO  | OMAudit | user=runner | ip=127.0.0.1 | op=READ_VOLUME {"volume":"cefc014c-1a0b-4e3e-8841-0fdee64e93a2"} | ret=SUCCESS |  
2025-10-20 19:50:46,380 | INFO  | OMAudit | user=runner | ip=127.0.0.1 | op=READ_BUCKET {"volume":"cefc014c-1a0b-4e3e-8841-0fdee64e93a2","bucket":"e1e1c8e0-e886-4aa4-b77e-295ff41a1cd2"} | ret=SUCCESS |  
2025-10-20 19:50:46,470 | INFO  | SCMAudit | user=runner | ip=127.0.0.1 | op=SEND_HEARTBEAT {"datanodeUUID":"b614738c-cdff-4f09-bf59-ed5bb75d51be","term":"2","command":"[]"} | ret=SUCCESS |  
2025-10-20 19:50:46,473 | INFO  | SCMAudit | user=runner | ip=127.0.0.1 | op=SEND_HEARTBEAT {"datanodeUUID":"c90bff1f-5a1f-42c6-8fca-9533d718c79a","term":"2","command":"[]"} | ret=SUCCESS |  
2025-10-20 19:50:46,643 | INFO  | SCMAudit | user=runner | ip=127.0.0.1 | op=SEND_HEARTBEAT {"datanodeUUID":"4f2bb3f5-0e03-4f1b-bb4c-79c91b98c7da","term":"2","command":"[]"} | ret=SUCCESS |  
2025-10-20 19:50:46,644 | INFO  | SCMAudit | user=runner | ip=127.0.0.1 | op=SEND_HEARTBEAT {"datanodeUUID":"cc7fbe85-1d98-437b-84f9-04213fee10f0","term":"2","command":"[]"} | ret=SUCCESS |  
2025-10-20 19:50:46,646 | INFO  | SCMAudit | user=runner | ip=127.0.0.1 | op=SEND_HEARTBEAT {"datanodeUUID":"605be85e-a7f4-44d7-8cfd-f53001b990b0","term":"2","command":"[]"} | ret=SUCCESS |  
2025-10-20 19:50:46,711 | INFO  | SCMAudit | user=runner | ip=127.0.0.1 | op=SEND_HEARTBEAT {"datanodeUUID":"feb39a1c-80cb-4714-ab06-a361236e3029","term":"2","command":"[]"} | ret=SUCCESS |  
2025-10-20 19:50:46,733 | INFO  | SCMAudit | user=runner | ip=127.0.0.1 | op=SEND_HEARTBEAT {"datanodeUUID":"33f74daf-be7a-4306-b2af-53e409c4cb93","term":"2","command":"[]"} | ret=SUCCESS |  
2025-10-20 19:50:46,733 | INFO  | SCMAudit | user=runner | ip=127.0.0.1 | op=SEND_HEARTBEAT {"datanodeUUID":"e05592a5-d00f-4fc1-9e39-a968c1ecb04e","term":"2","command":"[]"} | ret=SUCCESS |  
2025-10-20 19:50:46,838 | INFO  | SCMAudit | user=runner | ip=127.0.0.1 | op=SEND_HEARTBEAT {"datanodeUUID":"d7d8cf72-b9f6-4979-9c53-007dd6e6e48a","term":"2","command":"[]"} | ret=SUCCESS |  
2025-10-20 19:50:47,143 [om1-KeyDeletingService#9] INFO  service.KeyDeletingService (KeyDeletingService.java:processKeyDeletes(151)) - Send 1 key(s) to SCM, first 1 keys: [PurgedKey{blockGroup=BlockGroup[groupID='/cefc014c-1a0b-4e3e-8841-0fdee64e93a2/e1e1c8e0-e886-4aa4-b77e-295ff41a1cd2/a67b5664-916c-40aa-8fd8-1c792e03e172/-9223372036854684671/0', blockIDs=[conID: 22 locID: 115816896921600119 bcsId: 0 replicaIndex: null]], volume='cefc014c-1a0b-4e3e-8841-0fdee64e93a2', bucket='e1e1c8e0-e886-4aa4-b77e-295ff41a1cd2', bucketId=-9223372036854684928, purgedBytes=14680064, isCommittedKey=true, deleteKeyName='/cefc014c-1a0b-4e3e-8841-0fdee64e93a2/e1e1c8e0-e886-4aa4-b77e-295ff41a1cd2/a67b5664-916c-40aa-8fd8-1c792e03e172/-9223372036854684671'}]
2025-10-20 19:50:47,145 | INFO  | SCMAudit | user=runner | ip=127.0.0.1 | op=DELETE_KEY_BLOCK {"KeyBlockToDelete":"[BlockGroup[groupID='/cefc014c-1a0b-4e3e-8841-0fdee64e93a2/e1e1c8e0-e886-4aa4-b77e-295ff41a1cd2/a67b5664-916c-40aa-8fd8-1c792e03e172/-9223372036854684671/0', blockIDs=[conID: 22 locID: 115816896921600119 bcsId: 0 replicaIndex: null]]]"} | ret=SUCCESS |  
2025-10-20 19:50:47,145 [om1-KeyDeletingService#9] INFO  service.KeyDeletingService (KeyDeletingService.java:processKeyDeletes(158)) - 1 BlockGroup deletion are acked by SCM in 2 ms
2025-10-20 19:50:47,147 [om1-KeyDeletingService#9] INFO  service.KeyDeletingService (KeyDeletingService.java:processKeyDeletes(166)) - Blocks for 1 (out of 1) keys are deleted from DB in 1 ms. Limit per task is 50000.
2025-10-20 19:50:47,169 | INFO  | SCMAudit | user=runner | ip=127.0.0.1 | op=SEND_HEARTBEAT {"datanodeUUID":"ef67b0a7-5b27-496d-9f38-ab804a28e500","term":"2","command":"[]"} | ret=SUCCESS |  
2025-10-20 19:50:47,171 | INFO  | SCMAudit | user=runner | ip=127.0.0.1 | op=SEND_HEARTBEAT {"datanodeUUID":"af0e5da1-57af-45e9-9aca-fa0798d05628","term":"2","command":"[]"} | ret=SUCCESS |  
2025-10-20 19:50:47,172 | INFO  | SCMAudit | user=runner | ip=127.0.0.1 | op=SEND_HEARTBEAT {"datanodeUUID":"7bb0e7f0-2b36-4ec0-8a09-ceac75d91a36","term":"2","command":"[]"} | ret=SUCCESS |  
2025-10-20 19:50:47,174 | INFO  | SCMAudit | user=runner | ip=127.0.0.1 | op=SEND_HEARTBEAT {"datanodeUUID":"361055de-215b-4c6c-94c2-be1c1da118d1","term":"2","command":"[]"} | ret=SUCCESS |  
2025-10-20 19:50:47,177 | INFO  | SCMAudit | user=runner | ip=127.0.0.1 | op=SEND_HEARTBEAT {"datanodeUUID":"38991c48-ffb3-4453-b758-77d6b4ebc62b","term":"2","command":"[]"} | ret=SUCCESS |  
2025-10-20 19:50:47,382 | INFO  | OMAudit | user=runner | ip=127.0.0.1 | op=READ_VOLUME {"volume":"cefc014c-1a0b-4e3e-8841-0fdee64e93a2"} | ret=SUCCESS |  
2025-10-20 19:50:47,383 | INFO  | OMAudit | user=runner | ip=127.0.0.1 | op=READ_BUCKET {"volume":"cefc014c-1a0b-4e3e-8841-0fdee64e93a2","bucket":"e1e1c8e0-e886-4aa4-b77e-295ff41a1cd2"} | ret=SUCCESS |  
2025-10-20 19:50:47,383 [ForkJoinPool-1-worker-1] INFO  rpc.RpcClient (RpcClient.java:createVolume(461)) - Creating Volume: a4d8cb8e-594a-4cb6-9322-245fe7ba8827, with runner as owner and space quota set to -1 bytes, counts quota set to -1
2025-10-20 19:50:47,385 [om1-OMStateMachineApplyTransactionThread - 0] INFO  volume.OMVolumeCreateRequest (OMVolumeCreateRequest.java:validateAndUpdateCache(213)) - created volume:a4d8cb8e-594a-4cb6-9322-245fe7ba8827 for user:runner
2025-10-20 19:50:47,385 | INFO  | OMAudit | user=runner | ip=127.0.0.1 | op=CREATE_VOLUME {"admin":"runner","owner":"runner","volume":"a4d8cb8e-594a-4cb6-9322-245fe7ba8827","creationTime":"1760989847384","modificationTime":"1760989847384","quotaInBytes":"-1","quotaInNamespace":"-1","usedNamespace":"0","objectID":"-9223372036854682880","updateID":"363","Transaction":"363"} | ret=SUCCESS |  
2025-10-20 19:50:47,386 | INFO  | OMAudit | user=runner | ip=127.0.0.1 | op=READ_VOLUME {"volume":"a4d8cb8e-594a-4cb6-9322-245fe7ba8827"} | ret=SUCCESS |  
2025-10-20 19:50:47,387 [ForkJoinPool-1-worker-1] INFO  rpc.RpcClient (RpcClient.java:createBucket(686)) - Creating Bucket: a4d8cb8e-594a-4cb6-9322-245fe7ba8827/021f7d4b-4387-4859-adac-6dd47cfdc5ae, with server-side default bucket layout, runner as owner, Versioning false, Storage Type set to DISK and Encryption set to false, Replication Type set to server-side default replication type, Namespace Quota set to -1, Space Quota set to -1 
2025-10-20 19:50:47,389 [om1-OMStateMachineApplyTransactionThread - 0] INFO  bucket.OMBucketCreateRequest (OMBucketCreateRequest.java:validateAndUpdateCache(303)) - created bucket: 021f7d4b-4387-4859-adac-6dd47cfdc5ae of layout FILE_SYSTEM_OPTIMIZED in volume: a4d8cb8e-594a-4cb6-9322-245fe7ba8827
2025-10-20 19:50:47,389 | INFO  | OMAudit | user=runner | ip=127.0.0.1 | op=CREATE_BUCKET {"volume":"a4d8cb8e-594a-4cb6-9322-245fe7ba8827","bucket":"021f7d4b-4387-4859-adac-6dd47cfdc5ae","bucketLayout":"FILE_SYSTEM_OPTIMIZED","gdprEnabled":null,"acls":"[user:runner:a[ACCESS], group:runner:rl[ACCESS]]","isVersionEnabled":"false","storageType":"DISK","creationTime":"1760989847387","bucketEncryptionKey":null,"modificationTime":"1760989847387","usedBytes":"0","usedNamespace":"0","snapshotUsedBytes":"0","snapshotUsedNamespace":"0","owner":"runner","replicationType":null,"replicationConfig":null,"quotaInBytes":"-1","quotaInNamespace":"-1","Transaction":"364"} | ret=SUCCESS |  
2025-10-20 19:50:47,390 | INFO  | OMAudit | user=runner | ip=127.0.0.1 | op=READ_BUCKET {"volume":"a4d8cb8e-594a-4cb6-9322-245fe7ba8827","bucket":"021f7d4b-4387-4859-adac-6dd47cfdc5ae"} | ret=SUCCESS |  
2025-10-20 19:50:47,392 | INFO  | OMAudit | user=runner | ip=127.0.0.1 | op=READ_BUCKET {"volume":"a4d8cb8e-594a-4cb6-9322-245fe7ba8827","bucket":"021f7d4b-4387-4859-adac-6dd47cfdc5ae"} | ret=SUCCESS |  
2025-10-20 19:50:47,393 | INFO  | SCMAudit | user=runner | ip=127.0.0.1 | op=ALLOCATE_BLOCK {"replication":"EC{rs-3-2-1024k}","owner":"omServiceIdDefault","size":"4194304","sampleBlocks":"[conID: 23 locID: 115816896921600120]","num":"1","client":"","allocated":"1"} | ret=SUCCESS |  
2025-10-20 19:50:47,396 | INFO  | OMAudit | user=runner | ip=127.0.0.1 | op=ALLOCATE_KEY {"volume":"a4d8cb8e-594a-4cb6-9322-245fe7ba8827","bucket":"021f7d4b-4387-4859-adac-6dd47cfdc5ae","key":"79bbc87a-14a1-4742-96eb-dcc88194a3d9","dataSize":"8388609","replicationType":"EC","replicationConfig":"rs-3-2-1048576","Transaction":"365"} | ret=SUCCESS |  
2025-10-20 19:50:47,398 | INFO  | OMAudit | user=runner | ip=127.0.0.1 | op=READ_VOLUME {"volume":"a4d8cb8e-594a-4cb6-9322-245fe7ba8827"} | ret=SUCCESS |  
2025-10-20 19:50:47,399 | INFO  | OMAudit | user=runner | ip=127.0.0.1 | op=READ_BUCKET {"volume":"a4d8cb8e-594a-4cb6-9322-245fe7ba8827","bucket":"021f7d4b-4387-4859-adac-6dd47cfdc5ae"} | ret=SUCCESS |  
2025-10-20 19:50:47,436 | INFO  | ContainerLog | ID=23 | Index=1 | BCSID=0 | State=OPEN | Volume=/home/runner/work/ozone/ozone/hadoop-ozone/integration-test/target/test-dir/MiniOzoneClusterImpl-6935df51-69ff-4c35-8bd4-ed2b81d70e54/ozone-metadata/datanode-14/data-0/hdds | DataChecksum=0 |  
2025-10-20 19:50:47,437 | INFO  | ContainerLog | ID=23 | Index=4 | BCSID=0 | State=OPEN | Volume=/home/runner/work/ozone/ozone/hadoop-ozone/integration-test/target/test-dir/MiniOzoneClusterImpl-6935df51-69ff-4c35-8bd4-ed2b81d70e54/ozone-metadata/datanode-5/data-0/hdds | DataChecksum=0 |  
2025-10-20 19:50:47,436 | INFO  | ContainerLog | ID=23 | Index=2 | BCSID=0 | State=OPEN | Volume=/home/runner/work/ozone/ozone/hadoop-ozone/integration-test/target/test-dir/MiniOzoneClusterImpl-6935df51-69ff-4c35-8bd4-ed2b81d70e54/ozone-metadata/datanode-3/data-0/hdds | DataChecksum=0 |  
2025-10-20 19:50:47,437 | INFO  | ContainerLog | ID=23 | Index=3 | BCSID=0 | State=OPEN | Volume=/home/runner/work/ozone/ozone/hadoop-ozone/integration-test/target/test-dir/MiniOzoneClusterImpl-6935df51-69ff-4c35-8bd4-ed2b81d70e54/ozone-metadata/datanode-6/data-0/hdds | DataChecksum=0 |  
2025-10-20 19:50:47,442 | INFO  | SCMAudit | user=runner | ip=127.0.0.1 | op=SEND_HEARTBEAT {"datanodeUUID":"361055de-215b-4c6c-94c2-be1c1da118d1","term":"2","command":"[]"} | ret=SUCCESS |  
2025-10-20 19:50:47,441 | INFO  | SCMAudit | user=runner | ip=127.0.0.1 | op=SEND_HEARTBEAT {"datanodeUUID":"38991c48-ffb3-4453-b758-77d6b4ebc62b","term":"2","command":"[]"} | ret=SUCCESS |  
2025-10-20 19:50:47,443 | INFO  | SCMAudit | user=runner | ip=127.0.0.1 | op=SEND_HEARTBEAT {"datanodeUUID":"b614738c-cdff-4f09-bf59-ed5bb75d51be","term":"2","command":"[]"} | ret=SUCCESS |  
2025-10-20 19:50:47,444 | INFO  | SCMAudit | user=runner | ip=127.0.0.1 | op=SEND_HEARTBEAT {"datanodeUUID":"af0e5da1-57af-45e9-9aca-fa0798d05628","term":"2","command":"[]"} | ret=SUCCESS |  
2025-10-20 19:50:47,449 | INFO  | ContainerLog | ID=23 | Index=5 | BCSID=0 | State=OPEN | Volume=/home/runner/work/ozone/ozone/hadoop-ozone/integration-test/target/test-dir/MiniOzoneClusterImpl-6935df51-69ff-4c35-8bd4-ed2b81d70e54/ozone-metadata/datanode-4/data-0/hdds | DataChecksum=0 |  
2025-10-20 19:50:47,450 | INFO  | SCMAudit | user=runner | ip=127.0.0.1 | op=SEND_HEARTBEAT {"datanodeUUID":"c90bff1f-5a1f-42c6-8fca-9533d718c79a","term":"2","command":"[]"} | ret=SUCCESS |  
2025-10-20 19:50:47,510 | INFO  | OMAudit | user=runner | ip=127.0.0.1 | op=COMMIT_KEY {"volume":"a4d8cb8e-594a-4cb6-9322-245fe7ba8827","bucket":"021f7d4b-4387-4859-adac-6dd47cfdc5ae","key":"79bbc87a-14a1-4742-96eb-dcc88194a3d9","dataSize":"8388609","replicationType":"EC","replicationConfig":"rs-3-2-1048576","Transaction":"366"} | ret=SUCCESS |  
2025-10-20 19:50:47,512 | INFO  | OMAudit | user=runner | ip=127.0.0.1 | op=READ_VOLUME {"volume":"a4d8cb8e-594a-4cb6-9322-245fe7ba8827"} | ret=SUCCESS |  
2025-10-20 19:50:47,513 | INFO  | OMAudit | user=runner | ip=127.0.0.1 | op=READ_BUCKET {"volume":"a4d8cb8e-594a-4cb6-9322-245fe7ba8827","bucket":"021f7d4b-4387-4859-adac-6dd47cfdc5ae"} | ret=SUCCESS |  
2025-10-20 19:50:47,514 | INFO  | OMAudit | user=runner | ip=127.0.0.1 | op=READ_BUCKET {"volume":"a4d8cb8e-594a-4cb6-9322-245fe7ba8827","bucket":"021f7d4b-4387-4859-adac-6dd47cfdc5ae"} | ret=SUCCESS |  
2025-10-20 19:50:47,515 | INFO  | SCMAudit | user=runner | ip=127.0.0.1 | op=ALLOCATE_BLOCK {"replication":"EC{rs-3-2-1024k}","owner":"omServiceIdDefault","size":"4194304","sampleBlocks":"[conID: 23 locID: 115816896921600121]","num":"1","client":"","allocated":"1"} | ret=SUCCESS |  
2025-10-20 19:50:47,519 | INFO  | OMAudit | user=runner | ip=127.0.0.1 | op=ALLOCATE_KEY {"volume":"a4d8cb8e-594a-4cb6-9322-245fe7ba8827","bucket":"021f7d4b-4387-4859-adac-6dd47cfdc5ae","key":"79bbc87a-14a1-4742-96eb-dcc88194a3d9","dataSize":"8388609","replicationType":"EC","replicationConfig":"rs-3-2-1048576","Transaction":"367"} | ret=SUCCESS |  
2025-10-20 19:50:47,521 | INFO  | OMAudit | user=runner | ip=127.0.0.1 | op=READ_VOLUME {"volume":"a4d8cb8e-594a-4cb6-9322-245fe7ba8827"} | ret=SUCCESS |  
2025-10-20 19:50:47,522 | INFO  | OMAudit | user=runner | ip=127.0.0.1 | op=READ_BUCKET {"volume":"a4d8cb8e-594a-4cb6-9322-245fe7ba8827","bucket":"021f7d4b-4387-4859-adac-6dd47cfdc5ae"} | ret=SUCCESS |  
2025-10-20 19:50:47,591 | INFO  | OMAudit | user=runner | ip=127.0.0.1 | op=COMMIT_KEY {"volume":"a4d8cb8e-594a-4cb6-9322-245fe7ba8827","bucket":"021f7d4b-4387-4859-adac-6dd47cfdc5ae","key":"79bbc87a-14a1-4742-96eb-dcc88194a3d9","dataSize":"8388609","replicationType":"EC","replicationConfig":"rs-3-2-1048576","Transaction":"368"} | ret=SUCCESS |  
2025-10-20 19:50:47,593 | INFO  | OMAudit | user=runner | ip=127.0.0.1 | op=READ_VOLUME {"volume":"a4d8cb8e-594a-4cb6-9322-245fe7ba8827"} | ret=SUCCESS |  
2025-10-20 19:50:47,595 | INFO  | OMAudit | user=runner | ip=127.0.0.1 | op=READ_BUCKET {"volume":"a4d8cb8e-594a-4cb6-9322-245fe7ba8827","bucket":"021f7d4b-4387-4859-adac-6dd47cfdc5ae"} | ret=SUCCESS |  
2025-10-20 19:50:47,642 | INFO  | SCMAudit | user=runner | ip=127.0.0.1 | op=SEND_HEARTBEAT {"datanodeUUID":"4f2bb3f5-0e03-4f1b-bb4c-79c91b98c7da","term":"2","command":"[]"} | ret=SUCCESS |  
2025-10-20 19:50:47,644 | INFO  | SCMAudit | user=runner | ip=127.0.0.1 | op=SEND_HEARTBEAT {"datanodeUUID":"cc7fbe85-1d98-437b-84f9-04213fee10f0","term":"2","command":"[]"} | ret=SUCCESS |  
2025-10-20 19:50:47,646 | INFO  | SCMAudit | user=runner | ip=127.0.0.1 | op=SEND_HEARTBEAT {"datanodeUUID":"605be85e-a7f4-44d7-8cfd-f53001b990b0","term":"2","command":"[]"} | ret=SUCCESS |  
2025-10-20 19:50:47,711 | INFO  | SCMAudit | user=runner | ip=127.0.0.1 | op=SEND_HEARTBEAT {"datanodeUUID":"feb39a1c-80cb-4714-ab06-a361236e3029","term":"2","command":"[]"} | ret=SUCCESS |  
2025-10-20 19:50:47,733 | INFO  | SCMAudit | user=runner | ip=127.0.0.1 | op=SEND_HEARTBEAT {"datanodeUUID":"e05592a5-d00f-4fc1-9e39-a968c1ecb04e","term":"2","command":"[]"} | ret=SUCCESS |  
2025-10-20 19:50:47,733 | INFO  | SCMAudit | user=runner | ip=127.0.0.1 | op=SEND_HEARTBEAT {"datanodeUUID":"33f74daf-be7a-4306-b2af-53e409c4cb93","term":"2","command":"[]"} | ret=SUCCESS |  
2025-10-20 19:50:47,839 | INFO  | SCMAudit | user=runner | ip=127.0.0.1 | op=SEND_HEARTBEAT {"datanodeUUID":"d7d8cf72-b9f6-4979-9c53-007dd6e6e48a","term":"2","command":"[]"} | ret=SUCCESS |  
2025-10-20 19:50:48,143 [om1-KeyDeletingService#6] INFO  service.KeyDeletingService (KeyDeletingService.java:processKeyDeletes(151)) - Send 1 key(s) to SCM, first 1 keys: [PurgedKey{blockGroup=BlockGroup[groupID='/a4d8cb8e-594a-4cb6-9322-245fe7ba8827/021f7d4b-4387-4859-adac-6dd47cfdc5ae/79bbc87a-14a1-4742-96eb-dcc88194a3d9/-9223372036854681600/0', blockIDs=[conID: 23 locID: 115816896921600120 bcsId: 0 replicaIndex: null]], volume='a4d8cb8e-594a-4cb6-9322-245fe7ba8827', bucket='021f7d4b-4387-4859-adac-6dd47cfdc5ae', bucketId=-9223372036854682624, purgedBytes=14680065, isCommittedKey=true, deleteKeyName='/a4d8cb8e-594a-4cb6-9322-245fe7ba8827/021f7d4b-4387-4859-adac-6dd47cfdc5ae/79bbc87a-14a1-4742-96eb-dcc88194a3d9/-9223372036854681600'}]
2025-10-20 19:50:48,145 | INFO  | SCMAudit | user=runner | ip=127.0.0.1 | op=DELETE_KEY_BLOCK {"KeyBlockToDelete":"[BlockGroup[groupID='/a4d8cb8e-594a-4cb6-9322-245fe7ba8827/021f7d4b-4387-4859-adac-6dd47cfdc5ae/79bbc87a-14a1-4742-96eb-dcc88194a3d9/-9223372036854681600/0', blockIDs=[conID: 23 locID: 115816896921600120 bcsId: 0 replicaIndex: null]]]"} | ret=SUCCESS |  
2025-10-20 19:50:48,145 [om1-KeyDeletingService#6] INFO  service.KeyDeletingService (KeyDeletingService.java:processKeyDeletes(158)) - 1 BlockGroup deletion are acked by SCM in 3 ms
2025-10-20 19:50:48,147 [om1-KeyDeletingService#6] INFO  service.KeyDeletingService (KeyDeletingService.java:processKeyDeletes(166)) - Blocks for 1 (out of 1) keys are deleted from DB in 1 ms. Limit per task is 50000.
2025-10-20 19:50:48,169 | INFO  | SCMAudit | user=runner | ip=127.0.0.1 | op=SEND_HEARTBEAT {"datanodeUUID":"ef67b0a7-5b27-496d-9f38-ab804a28e500","term":"2","command":"[]"} | ret=SUCCESS |  
2025-10-20 19:50:48,172 | INFO  | SCMAudit | user=runner | ip=127.0.0.1 | op=SEND_HEARTBEAT {"datanodeUUID":"7bb0e7f0-2b36-4ec0-8a09-ceac75d91a36","term":"2","command":"[]"} | ret=SUCCESS |  
2025-10-20 19:50:48,439 | INFO  | SCMAudit | user=runner | ip=127.0.0.1 | op=SEND_HEARTBEAT {"datanodeUUID":"361055de-215b-4c6c-94c2-be1c1da118d1","term":"2","command":"[]"} | ret=SUCCESS |  
2025-10-20 19:50:48,440 | INFO  | SCMAudit | user=runner | ip=127.0.0.1 | op=SEND_HEARTBEAT {"datanodeUUID":"af0e5da1-57af-45e9-9aca-fa0798d05628","term":"2","command":"[]"} | ret=SUCCESS |  
2025-10-20 19:50:48,440 | INFO  | SCMAudit | user=runner | ip=127.0.0.1 | op=SEND_HEARTBEAT {"datanodeUUID":"38991c48-ffb3-4453-b758-77d6b4ebc62b","term":"2","command":"[]"} | ret=SUCCESS |  
2025-10-20 19:50:48,441 | INFO  | SCMAudit | user=runner | ip=127.0.0.1 | op=SEND_HEARTBEAT {"datanodeUUID":"b614738c-cdff-4f09-bf59-ed5bb75d51be","term":"2","command":"[]"} | ret=SUCCESS |  
2025-10-20 19:50:48,451 | INFO  | SCMAudit | user=runner | ip=127.0.0.1 | op=SEND_HEARTBEAT {"datanodeUUID":"c90bff1f-5a1f-42c6-8fca-9533d718c79a","term":"2","command":"[]"} | ret=SUCCESS |  
2025-10-20 19:50:48,596 | INFO  | OMAudit | user=runner | ip=127.0.0.1 | op=READ_VOLUME {"volume":"a4d8cb8e-594a-4cb6-9322-245fe7ba8827"} | ret=SUCCESS |  
2025-10-20 19:50:48,598 | INFO  | OMAudit | user=runner | ip=127.0.0.1 | op=READ_BUCKET {"volume":"a4d8cb8e-594a-4cb6-9322-245fe7ba8827","bucket":"021f7d4b-4387-4859-adac-6dd47cfdc5ae"} | ret=SUCCESS |  
2025-10-20 19:50:48,601 | INFO  | OMAudit | user=runner | ip=127.0.0.1 | op=DELETE_KEY {"volume":"a4d8cb8e-594a-4cb6-9322-245fe7ba8827","bucket":"021f7d4b-4387-4859-adac-6dd47cfdc5ae","key":"79bbc87a-14a1-4742-96eb-dcc88194a3d9","dataSize":"8388609","replicationConfig":"EC{rs-3-2-1024k}","Transaction":"370"} | ret=SUCCESS |  
2025-10-20 19:50:48,602 | INFO  | OMAudit | user=runner | ip=127.0.0.1 | op=READ_VOLUME {"volume":"a4d8cb8e-594a-4cb6-9322-245fe7ba8827"} | ret=SUCCESS |  
2025-10-20 19:50:48,603 | INFO  | OMAudit | user=runner | ip=127.0.0.1 | op=READ_BUCKET {"volume":"a4d8cb8e-594a-4cb6-9322-245fe7ba8827","bucket":"021f7d4b-4387-4859-adac-6dd47cfdc5ae"} | ret=SUCCESS |  
2025-10-20 19:50:48,642 | INFO  | SCMAudit | user=runner | ip=127.0.0.1 | op=SEND_HEARTBEAT {"datanodeUUID":"4f2bb3f5-0e03-4f1b-bb4c-79c91b98c7da","term":"2","command":"[]"} | ret=SUCCESS |  
2025-10-20 19:50:48,644 | INFO  | SCMAudit | user=runner | ip=127.0.0.1 | op=SEND_HEARTBEAT {"datanodeUUID":"cc7fbe85-1d98-437b-84f9-04213fee10f0","term":"2","command":"[]"} | ret=SUCCESS |  
2025-10-20 19:50:48,646 | INFO  | SCMAudit | user=runner | ip=127.0.0.1 | op=SEND_HEARTBEAT {"datanodeUUID":"605be85e-a7f4-44d7-8cfd-f53001b990b0","term":"2","command":"[]"} | ret=SUCCESS |  
2025-10-20 19:50:48,712 | INFO  | SCMAudit | user=runner | ip=127.0.0.1 | op=SEND_HEARTBEAT {"datanodeUUID":"feb39a1c-80cb-4714-ab06-a361236e3029","term":"2","command":"[]"} | ret=SUCCESS |  
2025-10-20 19:50:48,734 | INFO  | SCMAudit | user=runner | ip=127.0.0.1 | op=SEND_HEARTBEAT {"datanodeUUID":"e05592a5-d00f-4fc1-9e39-a968c1ecb04e","term":"2","command":"[]"} | ret=SUCCESS |  
2025-10-20 19:50:48,734 | INFO  | SCMAudit | user=runner | ip=127.0.0.1 | op=SEND_HEARTBEAT {"datanodeUUID":"33f74daf-be7a-4306-b2af-53e409c4cb93","term":"2","command":"[]"} | ret=SUCCESS |  
2025-10-20 19:50:48,839 | INFO  | SCMAudit | user=runner | ip=127.0.0.1 | op=SEND_HEARTBEAT {"datanodeUUID":"d7d8cf72-b9f6-4979-9c53-007dd6e6e48a","term":"2","command":"[]"} | ret=SUCCESS |  
2025-10-20 19:50:49,143 [om1-KeyDeletingService#2] INFO  service.KeyDeletingService (KeyDeletingService.java:processKeyDeletes(151)) - Send 1 key(s) to SCM, first 1 keys: [PurgedKey{blockGroup=BlockGroup[groupID='/a4d8cb8e-594a-4cb6-9322-245fe7ba8827/021f7d4b-4387-4859-adac-6dd47cfdc5ae/79bbc87a-14a1-4742-96eb-dcc88194a3d9/-9223372036854682367/0', blockIDs=[conID: 23 locID: 115816896921600121 bcsId: 0 replicaIndex: null]], volume='a4d8cb8e-594a-4cb6-9322-245fe7ba8827', bucket='021f7d4b-4387-4859-adac-6dd47cfdc5ae', bucketId=-9223372036854682624, purgedBytes=14680065, isCommittedKey=true, deleteKeyName='/a4d8cb8e-594a-4cb6-9322-245fe7ba8827/021f7d4b-4387-4859-adac-6dd47cfdc5ae/79bbc87a-14a1-4742-96eb-dcc88194a3d9/-9223372036854682367'}]
2025-10-20 19:50:49,145 | INFO  | SCMAudit | user=runner | ip=127.0.0.1 | op=DELETE_KEY_BLOCK {"KeyBlockToDelete":"[BlockGroup[groupID='/a4d8cb8e-594a-4cb6-9322-245fe7ba8827/021f7d4b-4387-4859-adac-6dd47cfdc5ae/79bbc87a-14a1-4742-96eb-dcc88194a3d9/-9223372036854682367/0', blockIDs=[conID: 23 locID: 115816896921600121 bcsId: 0 replicaIndex: null]]]"} | ret=SUCCESS |  
2025-10-20 19:50:49,145 [om1-KeyDeletingService#2] INFO  service.KeyDeletingService (KeyDeletingService.java:processKeyDeletes(158)) - 1 BlockGroup deletion are acked by SCM in 3 ms
2025-10-20 19:50:49,147 [om1-KeyDeletingService#2] INFO  service.KeyDeletingService (KeyDeletingService.java:processKeyDeletes(166)) - Blocks for 1 (out of 1) keys are deleted from DB in 1 ms. Limit per task is 50000.
2025-10-20 19:50:49,169 | INFO  | SCMAudit | user=runner | ip=127.0.0.1 | op=SEND_HEARTBEAT {"datanodeUUID":"ef67b0a7-5b27-496d-9f38-ab804a28e500","term":"2","command":"[]"} | ret=SUCCESS |  
2025-10-20 19:50:49,172 | INFO  | SCMAudit | user=runner | ip=127.0.0.1 | op=SEND_HEARTBEAT {"datanodeUUID":"7bb0e7f0-2b36-4ec0-8a09-ceac75d91a36","term":"2","command":"[]"} | ret=SUCCESS |  
2025-10-20 19:50:49,439 | INFO  | SCMAudit | user=runner | ip=127.0.0.1 | op=SEND_HEARTBEAT {"datanodeUUID":"361055de-215b-4c6c-94c2-be1c1da118d1","term":"2","command":"[]"} | ret=SUCCESS |  
2025-10-20 19:50:49,440 | INFO  | SCMAudit | user=runner | ip=127.0.0.1 | op=SEND_HEARTBEAT {"datanodeUUID":"38991c48-ffb3-4453-b758-77d6b4ebc62b","term":"2","command":"[]"} | ret=SUCCESS |  
2025-10-20 19:50:49,440 | INFO  | SCMAudit | user=runner | ip=127.0.0.1 | op=SEND_HEARTBEAT {"datanodeUUID":"af0e5da1-57af-45e9-9aca-fa0798d05628","term":"2","command":"[]"} | ret=SUCCESS |  
2025-10-20 19:50:49,441 | INFO  | SCMAudit | user=runner | ip=127.0.0.1 | op=SEND_HEARTBEAT {"datanodeUUID":"b614738c-cdff-4f09-bf59-ed5bb75d51be","term":"2","command":"[]"} | ret=SUCCESS |  
2025-10-20 19:50:49,451 | INFO  | SCMAudit | user=runner | ip=127.0.0.1 | op=SEND_HEARTBEAT {"datanodeUUID":"c90bff1f-5a1f-42c6-8fca-9533d718c79a","term":"2","command":"[]"} | ret=SUCCESS |  
2025-10-20 19:50:49,604 | INFO  | OMAudit | user=runner | ip=127.0.0.1 | op=READ_VOLUME {"volume":"a4d8cb8e-594a-4cb6-9322-245fe7ba8827"} | ret=SUCCESS |  
2025-10-20 19:50:49,605 | INFO  | OMAudit | user=runner | ip=127.0.0.1 | op=READ_BUCKET {"volume":"a4d8cb8e-594a-4cb6-9322-245fe7ba8827","bucket":"021f7d4b-4387-4859-adac-6dd47cfdc5ae"} | ret=SUCCESS |  
2025-10-20 19:50:49,606 [ForkJoinPool-1-worker-1] INFO  rpc.RpcClient (RpcClient.java:createVolume(461)) - Creating Volume: 5c96bad4-201b-482f-95bb-4dab5f988eb4, with runner as owner and space quota set to -1 bytes, counts quota set to -1
2025-10-20 19:50:49,607 [om1-OMStateMachineApplyTransactionThread - 0] INFO  volume.OMVolumeCreateRequest (OMVolumeCreateRequest.java:validateAndUpdateCache(213)) - created volume:5c96bad4-201b-482f-95bb-4dab5f988eb4 for user:runner
2025-10-20 19:50:49,608 | INFO  | OMAudit | user=runner | ip=127.0.0.1 | op=CREATE_VOLUME {"admin":"runner","owner":"runner","volume":"5c96bad4-201b-482f-95bb-4dab5f988eb4","creationTime":"1760989849606","modificationTime":"1760989849606","quotaInBytes":"-1","quotaInNamespace":"-1","usedNamespace":"0","objectID":"-9223372036854680576","updateID":"372","Transaction":"372"} | ret=SUCCESS |  
2025-10-20 19:50:49,609 | INFO  | OMAudit | user=runner | ip=127.0.0.1 | op=READ_VOLUME {"volume":"5c96bad4-201b-482f-95bb-4dab5f988eb4"} | ret=SUCCESS |  
2025-10-20 19:50:49,609 [ForkJoinPool-1-worker-1] INFO  rpc.RpcClient (RpcClient.java:createBucket(686)) - Creating Bucket: 5c96bad4-201b-482f-95bb-4dab5f988eb4/f0f1ccb7-c2f4-4dea-8167-7740de26e4a7, with server-side default bucket layout, runner as owner, Versioning false, Storage Type set to DISK and Encryption set to false, Replication Type set to server-side default replication type, Namespace Quota set to -1, Space Quota set to -1 
2025-10-20 19:50:49,611 [om1-OMStateMachineApplyTransactionThread - 0] INFO  bucket.OMBucketCreateRequest (OMBucketCreateRequest.java:validateAndUpdateCache(303)) - created bucket: f0f1ccb7-c2f4-4dea-8167-7740de26e4a7 of layout FILE_SYSTEM_OPTIMIZED in volume: 5c96bad4-201b-482f-95bb-4dab5f988eb4
2025-10-20 19:50:49,611 | INFO  | OMAudit | user=runner | ip=127.0.0.1 | op=CREATE_BUCKET {"volume":"5c96bad4-201b-482f-95bb-4dab5f988eb4","bucket":"f0f1ccb7-c2f4-4dea-8167-7740de26e4a7","bucketLayout":"FILE_SYSTEM_OPTIMIZED","gdprEnabled":null,"acls":"[user:runner:a[ACCESS], group:runner:rl[ACCESS]]","isVersionEnabled":"false","storageType":"DISK","creationTime":"1760989849610","bucketEncryptionKey":null,"modificationTime":"1760989849610","usedBytes":"0","usedNamespace":"0","snapshotUsedBytes":"0","snapshotUsedNamespace":"0","owner":"runner","replicationType":null,"replicationConfig":null,"quotaInBytes":"-1","quotaInNamespace":"-1","Transaction":"373"} | ret=SUCCESS |  
2025-10-20 19:50:49,612 | INFO  | OMAudit | user=runner | ip=127.0.0.1 | op=READ_BUCKET {"volume":"5c96bad4-201b-482f-95bb-4dab5f988eb4","bucket":"f0f1ccb7-c2f4-4dea-8167-7740de26e4a7"} | ret=SUCCESS |  
2025-10-20 19:50:49,614 | INFO  | OMAudit | user=runner | ip=127.0.0.1 | op=READ_BUCKET {"volume":"5c96bad4-201b-482f-95bb-4dab5f988eb4","bucket":"f0f1ccb7-c2f4-4dea-8167-7740de26e4a7"} | ret=SUCCESS |  
2025-10-20 19:50:49,615 | INFO  | SCMAudit | user=runner | ip=127.0.0.1 | op=ALLOCATE_BLOCK {"replication":"EC{rs-3-2-1024k}","owner":"omServiceIdDefault","size":"4194304","sampleBlocks":"[conID: 24 locID: 115816896921600122]","num":"1","client":"","allocated":"1"} | ret=SUCCESS |  
2025-10-20 19:50:49,618 | INFO  | OMAudit | user=runner | ip=127.0.0.1 | op=ALLOCATE_KEY {"volume":"5c96bad4-201b-482f-95bb-4dab5f988eb4","bucket":"f0f1ccb7-c2f4-4dea-8167-7740de26e4a7","key":"b3f5757e-3edd-4186-97c9-d7b81842ae95","dataSize":"12582912","replicationType":"EC","replicationConfig":"rs-3-2-1048576","Transaction":"374"} | ret=SUCCESS |  
2025-10-20 19:50:49,620 | INFO  | OMAudit | user=runner | ip=127.0.0.1 | op=READ_VOLUME {"volume":"5c96bad4-201b-482f-95bb-4dab5f988eb4"} | ret=SUCCESS |  
2025-10-20 19:50:49,621 | INFO  | OMAudit | user=runner | ip=127.0.0.1 | op=READ_BUCKET {"volume":"5c96bad4-201b-482f-95bb-4dab5f988eb4","bucket":"f0f1ccb7-c2f4-4dea-8167-7740de26e4a7"} | ret=SUCCESS |  
2025-10-20 19:50:49,645 | INFO  | SCMAudit | user=runner | ip=127.0.0.1 | op=SEND_HEARTBEAT {"datanodeUUID":"4f2bb3f5-0e03-4f1b-bb4c-79c91b98c7da","term":"2","command":"[]"} | ret=SUCCESS |  
2025-10-20 19:50:49,645 | INFO  | SCMAudit | user=runner | ip=127.0.0.1 | op=SEND_HEARTBEAT {"datanodeUUID":"cc7fbe85-1d98-437b-84f9-04213fee10f0","term":"2","command":"[]"} | ret=SUCCESS |  
2025-10-20 19:50:49,647 | INFO  | SCMAudit | user=runner | ip=127.0.0.1 | op=SEND_HEARTBEAT {"datanodeUUID":"605be85e-a7f4-44d7-8cfd-f53001b990b0","term":"2","command":"[]"} | ret=SUCCESS |  
2025-10-20 19:50:49,717 | INFO  | SCMAudit | user=runner | ip=127.0.0.1 | op=SEND_HEARTBEAT {"datanodeUUID":"feb39a1c-80cb-4714-ab06-a361236e3029","term":"2","command":"[]"} | ret=SUCCESS |  
2025-10-20 19:50:49,719 | INFO  | OMAudit | user=runner | ip=127.0.0.1 | op=COMMIT_KEY {"volume":"5c96bad4-201b-482f-95bb-4dab5f988eb4","bucket":"f0f1ccb7-c2f4-4dea-8167-7740de26e4a7","key":"b3f5757e-3edd-4186-97c9-d7b81842ae95","dataSize":"12582912","replicationType":"EC","replicationConfig":"rs-3-2-1048576","Transaction":"375"} | ret=SUCCESS |  
2025-10-20 19:50:49,722 | INFO  | OMAudit | user=runner | ip=127.0.0.1 | op=READ_VOLUME {"volume":"5c96bad4-201b-482f-95bb-4dab5f988eb4"} | ret=SUCCESS |  
2025-10-20 19:50:49,724 | INFO  | OMAudit | user=runner | ip=127.0.0.1 | op=READ_BUCKET {"volume":"5c96bad4-201b-482f-95bb-4dab5f988eb4","bucket":"f0f1ccb7-c2f4-4dea-8167-7740de26e4a7"} | ret=SUCCESS |  
2025-10-20 19:50:49,725 | INFO  | OMAudit | user=runner | ip=127.0.0.1 | op=READ_BUCKET {"volume":"5c96bad4-201b-482f-95bb-4dab5f988eb4","bucket":"f0f1ccb7-c2f4-4dea-8167-7740de26e4a7"} | ret=SUCCESS |  
2025-10-20 19:50:49,727 | INFO  | SCMAudit | user=runner | ip=127.0.0.1 | op=ALLOCATE_BLOCK {"replication":"EC{rs-3-2-1024k}","owner":"omServiceIdDefault","size":"4194304","sampleBlocks":"[conID: 25 locID: 115816896921600123]","num":"1","client":"","allocated":"1"} | ret=SUCCESS |  
2025-10-20 19:50:49,731 | INFO  | OMAudit | user=runner | ip=127.0.0.1 | op=ALLOCATE_KEY {"volume":"5c96bad4-201b-482f-95bb-4dab5f988eb4","bucket":"f0f1ccb7-c2f4-4dea-8167-7740de26e4a7","key":"b3f5757e-3edd-4186-97c9-d7b81842ae95","dataSize":"12582912","replicationType":"EC","replicationConfig":"rs-3-2-1048576","Transaction":"376"} | ret=SUCCESS |  
2025-10-20 19:50:49,735 | INFO  | SCMAudit | user=runner | ip=127.0.0.1 | op=SEND_HEARTBEAT {"datanodeUUID":"e05592a5-d00f-4fc1-9e39-a968c1ecb04e","term":"2","command":"[]"} | ret=SUCCESS |  
2025-10-20 19:50:49,735 | INFO  | OMAudit | user=runner | ip=127.0.0.1 | op=READ_VOLUME {"volume":"5c96bad4-201b-482f-95bb-4dab5f988eb4"} | ret=SUCCESS |  
2025-10-20 19:50:49,735 | INFO  | SCMAudit | user=runner | ip=127.0.0.1 | op=SEND_HEARTBEAT {"datanodeUUID":"33f74daf-be7a-4306-b2af-53e409c4cb93","term":"2","command":"[]"} | ret=SUCCESS |  
2025-10-20 19:50:49,737 | INFO  | OMAudit | user=runner | ip=127.0.0.1 | op=READ_BUCKET {"volume":"5c96bad4-201b-482f-95bb-4dab5f988eb4","bucket":"f0f1ccb7-c2f4-4dea-8167-7740de26e4a7"} | ret=SUCCESS |  
2025-10-20 19:50:49,839 | INFO  | SCMAudit | user=runner | ip=127.0.0.1 | op=SEND_HEARTBEAT {"datanodeUUID":"d7d8cf72-b9f6-4979-9c53-007dd6e6e48a","term":"2","command":"[]"} | ret=SUCCESS |  
2025-10-20 19:50:50,169 | INFO  | SCMAudit | user=runner | ip=127.0.0.1 | op=SEND_HEARTBEAT {"datanodeUUID":"ef67b0a7-5b27-496d-9f38-ab804a28e500","term":"2","command":"[]"} | ret=SUCCESS |  
2025-10-20 19:50:50,172 | INFO  | SCMAudit | user=runner | ip=127.0.0.1 | op=SEND_HEARTBEAT {"datanodeUUID":"7bb0e7f0-2b36-4ec0-8a09-ceac75d91a36","term":"2","command":"[]"} | ret=SUCCESS |  
2025-10-20 19:50:50,440 | INFO  | SCMAudit | user=runner | ip=127.0.0.1 | op=SEND_HEARTBEAT {"datanodeUUID":"361055de-215b-4c6c-94c2-be1c1da118d1","term":"2","command":"[]"} | ret=SUCCESS |  
2025-10-20 19:50:50,440 | INFO  | SCMAudit | user=runner | ip=127.0.0.1 | op=SEND_HEARTBEAT {"datanodeUUID":"af0e5da1-57af-45e9-9aca-fa0798d05628","term":"2","command":"[]"} | ret=SUCCESS |  
2025-10-20 19:50:50,441 | INFO  | SCMAudit | user=runner | ip=127.0.0.1 | op=SEND_HEARTBEAT {"datanodeUUID":"38991c48-ffb3-4453-b758-77d6b4ebc62b","term":"2","command":"[]"} | ret=SUCCESS |  
2025-10-20 19:50:50,441 | INFO  | SCMAudit | user=runner | ip=127.0.0.1 | op=SEND_HEARTBEAT {"datanodeUUID":"b614738c-cdff-4f09-bf59-ed5bb75d51be","term":"2","command":"[]"} | ret=SUCCESS |  
2025-10-20 19:50:50,450 | INFO  | SCMAudit | user=runner | ip=127.0.0.1 | op=SEND_HEARTBEAT {"datanodeUUID":"c90bff1f-5a1f-42c6-8fca-9533d718c79a","term":"2","command":"[]"} | ret=SUCCESS |  
2025-10-20 19:50:50,643 | INFO  | SCMAudit | user=runner | ip=127.0.0.1 | op=SEND_HEARTBEAT {"datanodeUUID":"4f2bb3f5-0e03-4f1b-bb4c-79c91b98c7da","term":"2","command":"[]"} | ret=SUCCESS |  
2025-10-20 19:50:50,644 | INFO  | SCMAudit | user=runner | ip=127.0.0.1 | op=SEND_HEARTBEAT {"datanodeUUID":"cc7fbe85-1d98-437b-84f9-04213fee10f0","term":"2","command":"[]"} | ret=SUCCESS |  
2025-10-20 19:50:50,646 | INFO  | SCMAudit | user=runner | ip=127.0.0.1 | op=SEND_HEARTBEAT {"datanodeUUID":"605be85e-a7f4-44d7-8cfd-f53001b990b0","term":"2","command":"[]"} | ret=SUCCESS |  
2025-10-20 19:50:50,712 | INFO  | SCMAudit | user=runner | ip=127.0.0.1 | op=SEND_HEARTBEAT {"datanodeUUID":"feb39a1c-80cb-4714-ab06-a361236e3029","term":"2","command":"[]"} | ret=SUCCESS |  
2025-10-20 19:50:50,734 | INFO  | SCMAudit | user=runner | ip=127.0.0.1 | op=SEND_HEARTBEAT {"datanodeUUID":"33f74daf-be7a-4306-b2af-53e409c4cb93","term":"2","command":"[]"} | ret=SUCCESS |  
2025-10-20 19:50:50,734 | INFO  | SCMAudit | user=runner | ip=127.0.0.1 | op=SEND_HEARTBEAT {"datanodeUUID":"e05592a5-d00f-4fc1-9e39-a968c1ecb04e","term":"2","command":"[]"} | ret=SUCCESS |  
2025-10-20 19:50:50,839 | INFO  | SCMAudit | user=runner | ip=127.0.0.1 | op=SEND_HEARTBEAT {"datanodeUUID":"d7d8cf72-b9f6-4979-9c53-007dd6e6e48a","term":"2","command":"[]"} | ret=SUCCESS |  
2025-10-20 19:50:51,170 | INFO  | SCMAudit | user=runner | ip=127.0.0.1 | op=SEND_HEARTBEAT {"datanodeUUID":"ef67b0a7-5b27-496d-9f38-ab804a28e500","term":"2","command":"[]"} | ret=SUCCESS |  
2025-10-20 19:50:51,172 | INFO  | SCMAudit | user=runner | ip=127.0.0.1 | op=SEND_HEARTBEAT {"datanodeUUID":"7bb0e7f0-2b36-4ec0-8a09-ceac75d91a36","term":"2","command":"[]"} | ret=SUCCESS |  
2025-10-20 19:50:51,439 | INFO  | SCMAudit | user=runner | ip=127.0.0.1 | op=SEND_HEARTBEAT {"datanodeUUID":"361055de-215b-4c6c-94c2-be1c1da118d1","term":"2","command":"[]"} | ret=SUCCESS |  
2025-10-20 19:50:51,440 | INFO  | SCMAudit | user=runner | ip=127.0.0.1 | op=SEND_HEARTBEAT {"datanodeUUID":"af0e5da1-57af-45e9-9aca-fa0798d05628","term":"2","command":"[]"} | ret=SUCCESS |  
2025-10-20 19:50:51,441 | INFO  | SCMAudit | user=runner | ip=127.0.0.1 | op=SEND_HEARTBEAT {"datanodeUUID":"38991c48-ffb3-4453-b758-77d6b4ebc62b","term":"2","command":"[]"} | ret=SUCCESS |  
2025-10-20 19:50:51,441 | INFO  | SCMAudit | user=runner | ip=127.0.0.1 | op=SEND_HEARTBEAT {"datanodeUUID":"b614738c-cdff-4f09-bf59-ed5bb75d51be","term":"2","command":"[]"} | ret=SUCCESS |  
2025-10-20 19:50:51,450 | INFO  | SCMAudit | user=runner | ip=127.0.0.1 | op=SEND_HEARTBEAT {"datanodeUUID":"c90bff1f-5a1f-42c6-8fca-9533d718c79a","term":"2","command":"[]"} | ret=SUCCESS |  
2025-10-20 19:50:51,643 | INFO  | SCMAudit | user=runner | ip=127.0.0.1 | op=SEND_HEARTBEAT {"datanodeUUID":"4f2bb3f5-0e03-4f1b-bb4c-79c91b98c7da","term":"2","command":"[]"} | ret=SUCCESS |  
2025-10-20 19:50:51,644 | INFO  | SCMAudit | user=runner | ip=127.0.0.1 | op=SEND_HEARTBEAT {"datanodeUUID":"cc7fbe85-1d98-437b-84f9-04213fee10f0","term":"2","command":"[]"} | ret=SUCCESS |  
2025-10-20 19:50:51,645 | INFO  | SCMAudit | user=runner | ip=127.0.0.1 | op=SEND_HEARTBEAT {"datanodeUUID":"605be85e-a7f4-44d7-8cfd-f53001b990b0","term":"2","command":"[]"} | ret=SUCCESS |  
2025-10-20 19:50:51,713 | INFO  | SCMAudit | user=runner | ip=127.0.0.1 | op=SEND_HEARTBEAT {"datanodeUUID":"feb39a1c-80cb-4714-ab06-a361236e3029","term":"2","command":"[]"} | ret=SUCCESS |  
2025-10-20 19:50:51,734 | INFO  | SCMAudit | user=runner | ip=127.0.0.1 | op=SEND_HEARTBEAT {"datanodeUUID":"e05592a5-d00f-4fc1-9e39-a968c1ecb04e","term":"2","command":"[]"} | ret=SUCCESS |  
2025-10-20 19:50:51,734 | INFO  | SCMAudit | user=runner | ip=127.0.0.1 | op=SEND_HEARTBEAT {"datanodeUUID":"33f74daf-be7a-4306-b2af-53e409c4cb93","term":"2","command":"[]"} | ret=SUCCESS |  
2025-10-20 19:50:51,839 | INFO  | SCMAudit | user=runner | ip=127.0.0.1 | op=SEND_HEARTBEAT {"datanodeUUID":"d7d8cf72-b9f6-4979-9c53-007dd6e6e48a","term":"2","command":"[]"} | ret=SUCCESS |  
2025-10-20 19:50:52,170 | INFO  | SCMAudit | user=runner | ip=127.0.0.1 | op=SEND_HEARTBEAT {"datanodeUUID":"ef67b0a7-5b27-496d-9f38-ab804a28e500","term":"2","command":"[]"} | ret=SUCCESS |  
2025-10-20 19:50:52,172 | INFO  | SCMAudit | user=runner | ip=127.0.0.1 | op=SEND_HEARTBEAT {"datanodeUUID":"7bb0e7f0-2b36-4ec0-8a09-ceac75d91a36","term":"2","command":"[]"} | ret=SUCCESS |  
2025-10-20 19:50:52,439 | INFO  | SCMAudit | user=runner | ip=127.0.0.1 | op=SEND_HEARTBEAT {"datanodeUUID":"361055de-215b-4c6c-94c2-be1c1da118d1","term":"2","command":"[]"} | ret=SUCCESS |  
2025-10-20 19:50:52,441 | INFO  | SCMAudit | user=runner | ip=127.0.0.1 | op=SEND_HEARTBEAT {"datanodeUUID":"af0e5da1-57af-45e9-9aca-fa0798d05628","term":"2","command":"[]"} | ret=SUCCESS |  
2025-10-20 19:50:52,441 | INFO  | SCMAudit | user=runner | ip=127.0.0.1 | op=SEND_HEARTBEAT {"datanodeUUID":"b614738c-cdff-4f09-bf59-ed5bb75d51be","term":"2","command":"[]"} | ret=SUCCESS |  
2025-10-20 19:50:52,441 | INFO  | SCMAudit | user=runner | ip=127.0.0.1 | op=SEND_HEARTBEAT {"datanodeUUID":"38991c48-ffb3-4453-b758-77d6b4ebc62b","term":"2","command":"[]"} | ret=SUCCESS |  
2025-10-20 19:50:52,450 | INFO  | SCMAudit | user=runner | ip=127.0.0.1 | op=SEND_HEARTBEAT {"datanodeUUID":"c90bff1f-5a1f-42c6-8fca-9533d718c79a","term":"2","command":"[]"} | ret=SUCCESS |  
2025-10-20 19:50:52,644 | INFO  | SCMAudit | user=runner | ip=127.0.0.1 | op=SEND_HEARTBEAT {"datanodeUUID":"cc7fbe85-1d98-437b-84f9-04213fee10f0","term":"2","command":"[]"} | ret=SUCCESS |  
2025-10-20 19:50:52,644 | INFO  | SCMAudit | user=runner | ip=127.0.0.1 | op=SEND_HEARTBEAT {"datanodeUUID":"4f2bb3f5-0e03-4f1b-bb4c-79c91b98c7da","term":"2","command":"[]"} | ret=SUCCESS |  
2025-10-20 19:50:52,646 | INFO  | SCMAudit | user=runner | ip=127.0.0.1 | op=SEND_HEARTBEAT {"datanodeUUID":"605be85e-a7f4-44d7-8cfd-f53001b990b0","term":"2","command":"[]"} | ret=SUCCESS |  
2025-10-20 19:50:52,713 | INFO  | SCMAudit | user=runner | ip=127.0.0.1 | op=SEND_HEARTBEAT {"datanodeUUID":"feb39a1c-80cb-4714-ab06-a361236e3029","term":"2","command":"[]"} | ret=SUCCESS |  
2025-10-20 19:50:52,734 | INFO  | SCMAudit | user=runner | ip=127.0.0.1 | op=SEND_HEARTBEAT {"datanodeUUID":"e05592a5-d00f-4fc1-9e39-a968c1ecb04e","term":"2","command":"[]"} | ret=SUCCESS |  
2025-10-20 19:50:52,734 | INFO  | SCMAudit | user=runner | ip=127.0.0.1 | op=SEND_HEARTBEAT {"datanodeUUID":"33f74daf-be7a-4306-b2af-53e409c4cb93","term":"2","command":"[]"} | ret=SUCCESS |  
2025-10-20 19:50:52,750 [Thread-1351] WARN  grpc.GrpcUtil (GrpcUtil.java:shutdownManagedChannel(226)) - Timed out gracefully shutting down connection: ManagedChannelOrphanWrapper{delegate=ManagedChannelImpl{logId=730, target=127.0.0.1:15029}}. 
2025-10-20 19:50:52,752 [grpc-default-executor-5] WARN  server.GrpcClientProtocolService (LogUtils.java:warn(127)) - 3-UnorderedRequestStreamObserver3: onError: org.apache.ratis.thirdparty.io.grpc.StatusRuntimeException: CANCELLED: client cancelled
2025-10-20 19:50:52,824 | INFO  | OMAudit | user=runner | ip=127.0.0.1 | op=COMMIT_KEY {"volume":"5c96bad4-201b-482f-95bb-4dab5f988eb4","bucket":"f0f1ccb7-c2f4-4dea-8167-7740de26e4a7","key":"b3f5757e-3edd-4186-97c9-d7b81842ae95","dataSize":"12582912","replicationType":"EC","replicationConfig":"rs-3-2-1048576","Transaction":"377"} | ret=SUCCESS |  
2025-10-20 19:50:52,826 | INFO  | OMAudit | user=runner | ip=127.0.0.1 | op=READ_VOLUME {"volume":"5c96bad4-201b-482f-95bb-4dab5f988eb4"} | ret=SUCCESS |  
2025-10-20 19:50:52,828 | INFO  | OMAudit | user=runner | ip=127.0.0.1 | op=READ_BUCKET {"volume":"5c96bad4-201b-482f-95bb-4dab5f988eb4","bucket":"f0f1ccb7-c2f4-4dea-8167-7740de26e4a7"} | ret=SUCCESS |  
2025-10-20 19:50:52,839 | INFO  | SCMAudit | user=runner | ip=127.0.0.1 | op=SEND_HEARTBEAT {"datanodeUUID":"d7d8cf72-b9f6-4979-9c53-007dd6e6e48a","term":"2","command":"[]"} | ret=SUCCESS |  
2025-10-20 19:50:53,143 [om1-KeyDeletingService#0] INFO  service.KeyDeletingService (KeyDeletingService.java:processKeyDeletes(151)) - Send 1 key(s) to SCM, first 1 keys: [PurgedKey{blockGroup=BlockGroup[groupID='/5c96bad4-201b-482f-95bb-4dab5f988eb4/f0f1ccb7-c2f4-4dea-8167-7740de26e4a7/b3f5757e-3edd-4186-97c9-d7b81842ae95/-9223372036854679296/0', blockIDs=[conID: 24 locID: 115816896921600122 bcsId: 0 replicaIndex: null]], volume='5c96bad4-201b-482f-95bb-4dab5f988eb4', bucket='f0f1ccb7-c2f4-4dea-8167-7740de26e4a7', bucketId=-9223372036854680320, purgedBytes=20971520, isCommittedKey=true, deleteKeyName='/5c96bad4-201b-482f-95bb-4dab5f988eb4/f0f1ccb7-c2f4-4dea-8167-7740de26e4a7/b3f5757e-3edd-4186-97c9-d7b81842ae95/-9223372036854679296'}]
2025-10-20 19:50:53,145 | INFO  | SCMAudit | user=runner | ip=127.0.0.1 | op=DELETE_KEY_BLOCK {"KeyBlockToDelete":"[BlockGroup[groupID='/5c96bad4-201b-482f-95bb-4dab5f988eb4/f0f1ccb7-c2f4-4dea-8167-7740de26e4a7/b3f5757e-3edd-4186-97c9-d7b81842ae95/-9223372036854679296/0', blockIDs=[conID: 24 locID: 115816896921600122 bcsId: 0 replicaIndex: null]]]"} | ret=SUCCESS |  
2025-10-20 19:50:53,146 [om1-KeyDeletingService#0] INFO  service.KeyDeletingService (KeyDeletingService.java:processKeyDeletes(158)) - 1 BlockGroup deletion are acked by SCM in 2 ms
2025-10-20 19:50:53,147 [om1-KeyDeletingService#0] INFO  service.KeyDeletingService (KeyDeletingService.java:processKeyDeletes(166)) - Blocks for 1 (out of 1) keys are deleted from DB in 2 ms. Limit per task is 50000.
2025-10-20 19:50:53,171 | INFO  | SCMAudit | user=runner | ip=127.0.0.1 | op=SEND_HEARTBEAT {"datanodeUUID":"ef67b0a7-5b27-496d-9f38-ab804a28e500","term":"2","command":"[]"} | ret=SUCCESS |  
2025-10-20 19:50:53,172 | INFO  | SCMAudit | user=runner | ip=127.0.0.1 | op=SEND_HEARTBEAT {"datanodeUUID":"7bb0e7f0-2b36-4ec0-8a09-ceac75d91a36","term":"2","command":"[]"} | ret=SUCCESS |  
2025-10-20 19:50:53,439 | INFO  | SCMAudit | user=runner | ip=127.0.0.1 | op=SEND_HEARTBEAT {"datanodeUUID":"361055de-215b-4c6c-94c2-be1c1da118d1","term":"2","command":"[]"} | ret=SUCCESS |  
2025-10-20 19:50:53,441 | INFO  | SCMAudit | user=runner | ip=127.0.0.1 | op=SEND_HEARTBEAT {"datanodeUUID":"af0e5da1-57af-45e9-9aca-fa0798d05628","term":"2","command":"[]"} | ret=SUCCESS |  
2025-10-20 19:50:53,441 | INFO  | SCMAudit | user=runner | ip=127.0.0.1 | op=SEND_HEARTBEAT {"datanodeUUID":"38991c48-ffb3-4453-b758-77d6b4ebc62b","term":"2","command":"[]"} | ret=SUCCESS |  
2025-10-20 19:50:53,441 | INFO  | SCMAudit | user=runner | ip=127.0.0.1 | op=SEND_HEARTBEAT {"datanodeUUID":"b614738c-cdff-4f09-bf59-ed5bb75d51be","term":"2","command":"[]"} | ret=SUCCESS |  
2025-10-20 19:50:53,450 | INFO  | SCMAudit | user=runner | ip=127.0.0.1 | op=SEND_HEARTBEAT {"datanodeUUID":"c90bff1f-5a1f-42c6-8fca-9533d718c79a","term":"2","command":"[]"} | ret=SUCCESS |  
2025-10-20 19:50:53,643 | INFO  | SCMAudit | user=runner | ip=127.0.0.1 | op=SEND_HEARTBEAT {"datanodeUUID":"4f2bb3f5-0e03-4f1b-bb4c-79c91b98c7da","term":"2","command":"[]"} | ret=SUCCESS |  
2025-10-20 19:50:53,644 | INFO  | SCMAudit | user=runner | ip=127.0.0.1 | op=SEND_HEARTBEAT {"datanodeUUID":"cc7fbe85-1d98-437b-84f9-04213fee10f0","term":"2","command":"[]"} | ret=SUCCESS |  
2025-10-20 19:50:53,646 | INFO  | SCMAudit | user=runner | ip=127.0.0.1 | op=SEND_HEARTBEAT {"datanodeUUID":"605be85e-a7f4-44d7-8cfd-f53001b990b0","term":"2","command":"[]"} | ret=SUCCESS |  
2025-10-20 19:50:53,713 | INFO  | SCMAudit | user=runner | ip=127.0.0.1 | op=SEND_HEARTBEAT {"datanodeUUID":"feb39a1c-80cb-4714-ab06-a361236e3029","term":"2","command":"[]"} | ret=SUCCESS |  
2025-10-20 19:50:53,735 | INFO  | SCMAudit | user=runner | ip=127.0.0.1 | op=SEND_HEARTBEAT {"datanodeUUID":"e05592a5-d00f-4fc1-9e39-a968c1ecb04e","term":"2","command":"[]"} | ret=SUCCESS |  
2025-10-20 19:50:53,735 | INFO  | SCMAudit | user=runner | ip=127.0.0.1 | op=SEND_HEARTBEAT {"datanodeUUID":"33f74daf-be7a-4306-b2af-53e409c4cb93","term":"2","command":"[]"} | ret=SUCCESS |  
2025-10-20 19:50:53,829 | INFO  | OMAudit | user=runner | ip=127.0.0.1 | op=READ_VOLUME {"volume":"5c96bad4-201b-482f-95bb-4dab5f988eb4"} | ret=SUCCESS |  
2025-10-20 19:50:53,830 | INFO  | OMAudit | user=runner | ip=127.0.0.1 | op=READ_BUCKET {"volume":"5c96bad4-201b-482f-95bb-4dab5f988eb4","bucket":"f0f1ccb7-c2f4-4dea-8167-7740de26e4a7"} | ret=SUCCESS |  
2025-10-20 19:50:53,833 | INFO  | OMAudit | user=runner | ip=127.0.0.1 | op=DELETE_KEY {"volume":"5c96bad4-201b-482f-95bb-4dab5f988eb4","bucket":"f0f1ccb7-c2f4-4dea-8167-7740de26e4a7","key":"b3f5757e-3edd-4186-97c9-d7b81842ae95","dataSize":"12582912","replicationConfig":"EC{rs-3-2-1024k}","Transaction":"379"} | ret=SUCCESS |  
2025-10-20 19:50:53,834 | INFO  | OMAudit | user=runner | ip=127.0.0.1 | op=READ_VOLUME {"volume":"5c96bad4-201b-482f-95bb-4dab5f988eb4"} | ret=SUCCESS |  
2025-10-20 19:50:53,835 | INFO  | OMAudit | user=runner | ip=127.0.0.1 | op=READ_BUCKET {"volume":"5c96bad4-201b-482f-95bb-4dab5f988eb4","bucket":"f0f1ccb7-c2f4-4dea-8167-7740de26e4a7"} | ret=SUCCESS |  
2025-10-20 19:50:53,839 | INFO  | SCMAudit | user=runner | ip=127.0.0.1 | op=SEND_HEARTBEAT {"datanodeUUID":"d7d8cf72-b9f6-4979-9c53-007dd6e6e48a","term":"2","command":"[]"} | ret=SUCCESS |  
2025-10-20 19:50:54,143 [om1-KeyDeletingService#6] INFO  service.KeyDeletingService (KeyDeletingService.java:processKeyDeletes(151)) - Send 1 key(s) to SCM, first 1 keys: [PurgedKey{blockGroup=BlockGroup[groupID='/5c96bad4-201b-482f-95bb-4dab5f988eb4/f0f1ccb7-c2f4-4dea-8167-7740de26e4a7/b3f5757e-3edd-4186-97c9-d7b81842ae95/-9223372036854680063/0', blockIDs=[conID: 25 locID: 115816896921600123 bcsId: 0 replicaIndex: null]], volume='5c96bad4-201b-482f-95bb-4dab5f988eb4', bucket='f0f1ccb7-c2f4-4dea-8167-7740de26e4a7', bucketId=-9223372036854680320, purgedBytes=20971520, isCommittedKey=true, deleteKeyName='/5c96bad4-201b-482f-95bb-4dab5f988eb4/f0f1ccb7-c2f4-4dea-8167-7740de26e4a7/b3f5757e-3edd-4186-97c9-d7b81842ae95/-9223372036854680063'}]
2025-10-20 19:50:54,145 | INFO  | SCMAudit | user=runner | ip=127.0.0.1 | op=DELETE_KEY_BLOCK {"KeyBlockToDelete":"[BlockGroup[groupID='/5c96bad4-201b-482f-95bb-4dab5f988eb4/f0f1ccb7-c2f4-4dea-8167-7740de26e4a7/b3f5757e-3edd-4186-97c9-d7b81842ae95/-9223372036854680063/0', blockIDs=[conID: 25 locID: 115816896921600123 bcsId: 0 replicaIndex: null]]]"} | ret=SUCCESS |  
2025-10-20 19:50:54,146 [om1-KeyDeletingService#6] INFO  service.KeyDeletingService (KeyDeletingService.java:processKeyDeletes(158)) - 1 BlockGroup deletion are acked by SCM in 2 ms
2025-10-20 19:50:54,147 [om1-KeyDeletingService#6] INFO  service.KeyDeletingService (KeyDeletingService.java:processKeyDeletes(166)) - Blocks for 1 (out of 1) keys are deleted from DB in 2 ms. Limit per task is 50000.
2025-10-20 19:50:54,171 | INFO  | SCMAudit | user=runner | ip=127.0.0.1 | op=SEND_HEARTBEAT {"datanodeUUID":"ef67b0a7-5b27-496d-9f38-ab804a28e500","term":"2","command":"[]"} | ret=SUCCESS |  
2025-10-20 19:50:54,172 | INFO  | SCMAudit | user=runner | ip=127.0.0.1 | op=SEND_HEARTBEAT {"datanodeUUID":"7bb0e7f0-2b36-4ec0-8a09-ceac75d91a36","term":"2","command":"[]"} | ret=SUCCESS |  
2025-10-20 19:50:54,440 | INFO  | SCMAudit | user=runner | ip=127.0.0.1 | op=SEND_HEARTBEAT {"datanodeUUID":"361055de-215b-4c6c-94c2-be1c1da118d1","term":"2","command":"[]"} | ret=SUCCESS |  
2025-10-20 19:50:54,441 | INFO  | SCMAudit | user=runner | ip=127.0.0.1 | op=SEND_HEARTBEAT {"datanodeUUID":"af0e5da1-57af-45e9-9aca-fa0798d05628","term":"2","command":"[]"} | ret=SUCCESS |  
2025-10-20 19:50:54,441 | INFO  | SCMAudit | user=runner | ip=127.0.0.1 | op=SEND_HEARTBEAT {"datanodeUUID":"38991c48-ffb3-4453-b758-77d6b4ebc62b","term":"2","command":"[]"} | ret=SUCCESS |  
2025-10-20 19:50:54,441 | INFO  | SCMAudit | user=runner | ip=127.0.0.1 | op=SEND_HEARTBEAT {"datanodeUUID":"b614738c-cdff-4f09-bf59-ed5bb75d51be","term":"2","command":"[]"} | ret=SUCCESS |  
2025-10-20 19:50:54,450 | INFO  | SCMAudit | user=runner | ip=127.0.0.1 | op=SEND_HEARTBEAT {"datanodeUUID":"c90bff1f-5a1f-42c6-8fca-9533d718c79a","term":"2","command":"[]"} | ret=SUCCESS |  
2025-10-20 19:50:54,643 | INFO  | SCMAudit | user=runner | ip=127.0.0.1 | op=SEND_HEARTBEAT {"datanodeUUID":"4f2bb3f5-0e03-4f1b-bb4c-79c91b98c7da","term":"2","command":"[]"} | ret=SUCCESS |  
2025-10-20 19:50:54,644 | INFO  | SCMAudit | user=runner | ip=127.0.0.1 | op=SEND_HEARTBEAT {"datanodeUUID":"cc7fbe85-1d98-437b-84f9-04213fee10f0","term":"2","command":"[]"} | ret=SUCCESS |  
2025-10-20 19:50:54,646 | INFO  | SCMAudit | user=runner | ip=127.0.0.1 | op=SEND_HEARTBEAT {"datanodeUUID":"605be85e-a7f4-44d7-8cfd-f53001b990b0","term":"2","command":"[]"} | ret=SUCCESS |  
2025-10-20 19:50:54,712 | INFO  | SCMAudit | user=runner | ip=127.0.0.1 | op=SEND_HEARTBEAT {"datanodeUUID":"feb39a1c-80cb-4714-ab06-a361236e3029","term":"2","command":"[]"} | ret=SUCCESS |  
2025-10-20 19:50:54,734 | INFO  | SCMAudit | user=runner | ip=127.0.0.1 | op=SEND_HEARTBEAT {"datanodeUUID":"33f74daf-be7a-4306-b2af-53e409c4cb93","term":"2","command":"[]"} | ret=SUCCESS |  
2025-10-20 19:50:54,734 | INFO  | SCMAudit | user=runner | ip=127.0.0.1 | op=SEND_HEARTBEAT {"datanodeUUID":"e05592a5-d00f-4fc1-9e39-a968c1ecb04e","term":"2","command":"[]"} | ret=SUCCESS |  
2025-10-20 19:50:54,837 | INFO  | OMAudit | user=runner | ip=127.0.0.1 | op=READ_VOLUME {"volume":"5c96bad4-201b-482f-95bb-4dab5f988eb4"} | ret=SUCCESS |  
2025-10-20 19:50:54,838 | INFO  | OMAudit | user=runner | ip=127.0.0.1 | op=READ_BUCKET {"volume":"5c96bad4-201b-482f-95bb-4dab5f988eb4","bucket":"f0f1ccb7-c2f4-4dea-8167-7740de26e4a7"} | ret=SUCCESS |  
2025-10-20 19:50:54,838 [ForkJoinPool-1-worker-1] INFO  rpc.RpcClient (RpcClient.java:createVolume(461)) - Creating Volume: 926359c0-6ce0-443b-8d3c-09a2800fd72a, with runner as owner and space quota set to -1 bytes, counts quota set to -1
2025-10-20 19:50:54,839 | INFO  | SCMAudit | user=runner | ip=127.0.0.1 | op=SEND_HEARTBEAT {"datanodeUUID":"d7d8cf72-b9f6-4979-9c53-007dd6e6e48a","term":"2","command":"[]"} | ret=SUCCESS |  
2025-10-20 19:50:54,840 [om1-OMStateMachineApplyTransactionThread - 0] INFO  volume.OMVolumeCreateRequest (OMVolumeCreateRequest.java:validateAndUpdateCache(213)) - created volume:926359c0-6ce0-443b-8d3c-09a2800fd72a for user:runner
2025-10-20 19:50:54,840 | INFO  | OMAudit | user=runner | ip=127.0.0.1 | op=CREATE_VOLUME {"admin":"runner","owner":"runner","volume":"926359c0-6ce0-443b-8d3c-09a2800fd72a","creationTime":"1760989854839","modificationTime":"1760989854839","quotaInBytes":"-1","quotaInNamespace":"-1","usedNamespace":"0","objectID":"-9223372036854678272","updateID":"381","Transaction":"381"} | ret=SUCCESS |  
2025-10-20 19:50:54,841 | INFO  | OMAudit | user=runner | ip=127.0.0.1 | op=READ_VOLUME {"volume":"926359c0-6ce0-443b-8d3c-09a2800fd72a"} | ret=SUCCESS |  
2025-10-20 19:50:54,842 [ForkJoinPool-1-worker-1] INFO  rpc.RpcClient (RpcClient.java:createBucket(686)) - Creating Bucket: 926359c0-6ce0-443b-8d3c-09a2800fd72a/d0433775-746d-41dc-9dff-8edd86d43855, with server-side default bucket layout, runner as owner, Versioning false, Storage Type set to DISK and Encryption set to false, Replication Type set to server-side default replication type, Namespace Quota set to -1, Space Quota set to -1 
2025-10-20 19:50:54,843 [om1-OMStateMachineApplyTransactionThread - 0] INFO  bucket.OMBucketCreateRequest (OMBucketCreateRequest.java:validateAndUpdateCache(303)) - created bucket: d0433775-746d-41dc-9dff-8edd86d43855 of layout FILE_SYSTEM_OPTIMIZED in volume: 926359c0-6ce0-443b-8d3c-09a2800fd72a
2025-10-20 19:50:54,844 | INFO  | OMAudit | user=runner | ip=127.0.0.1 | op=CREATE_BUCKET {"volume":"926359c0-6ce0-443b-8d3c-09a2800fd72a","bucket":"d0433775-746d-41dc-9dff-8edd86d43855","bucketLayout":"FILE_SYSTEM_OPTIMIZED","gdprEnabled":null,"acls":"[user:runner:a[ACCESS], group:runner:rl[ACCESS]]","isVersionEnabled":"false","storageType":"DISK","creationTime":"1760989854843","bucketEncryptionKey":null,"modificationTime":"1760989854843","usedBytes":"0","usedNamespace":"0","snapshotUsedBytes":"0","snapshotUsedNamespace":"0","owner":"runner","replicationType":null,"replicationConfig":null,"quotaInBytes":"-1","quotaInNamespace":"-1","Transaction":"382"} | ret=SUCCESS |  
2025-10-20 19:50:54,844 | INFO  | OMAudit | user=runner | ip=127.0.0.1 | op=READ_BUCKET {"volume":"926359c0-6ce0-443b-8d3c-09a2800fd72a","bucket":"d0433775-746d-41dc-9dff-8edd86d43855"} | ret=SUCCESS |  
2025-10-20 19:50:54,861 | INFO  | OMAudit | user=runner | ip=127.0.0.1 | op=READ_BUCKET {"volume":"926359c0-6ce0-443b-8d3c-09a2800fd72a","bucket":"d0433775-746d-41dc-9dff-8edd86d43855"} | ret=SUCCESS |  
2025-10-20 19:50:54,863 | INFO  | SCMAudit | user=runner | ip=127.0.0.1 | op=ALLOCATE_BLOCK {"replication":"EC{rs-3-2-1024k}","owner":"omServiceIdDefault","size":"4194304","sampleBlocks":"[conID: 24 locID: 115816896921600124, conID: 24 locID: 115816896921600125]","num":"2","client":"","allocated":"2"} | ret=SUCCESS |  
2025-10-20 19:50:54,870 | INFO  | OMAudit | user=runner | ip=127.0.0.1 | op=ALLOCATE_KEY {"volume":"926359c0-6ce0-443b-8d3c-09a2800fd72a","bucket":"d0433775-746d-41dc-9dff-8edd86d43855","key":"4f53d210-98c0-4fc8-8a2f-0a9f7ef6871b","dataSize":"12582913","replicationType":"EC","replicationConfig":"rs-3-2-1048576","Transaction":"383"} | ret=SUCCESS |  
2025-10-20 19:50:54,874 | INFO  | OMAudit | user=runner | ip=127.0.0.1 | op=READ_VOLUME {"volume":"926359c0-6ce0-443b-8d3c-09a2800fd72a"} | ret=SUCCESS |  
2025-10-20 19:50:54,875 | INFO  | OMAudit | user=runner | ip=127.0.0.1 | op=READ_BUCKET {"volume":"926359c0-6ce0-443b-8d3c-09a2800fd72a","bucket":"d0433775-746d-41dc-9dff-8edd86d43855"} | ret=SUCCESS |  
2025-10-20 19:50:54,979 | INFO  | OMAudit | user=runner | ip=127.0.0.1 | op=COMMIT_KEY {"volume":"926359c0-6ce0-443b-8d3c-09a2800fd72a","bucket":"d0433775-746d-41dc-9dff-8edd86d43855","key":"4f53d210-98c0-4fc8-8a2f-0a9f7ef6871b","dataSize":"12582913","replicationType":"EC","replicationConfig":"rs-3-2-1048576","Transaction":"384"} | ret=SUCCESS |  
2025-10-20 19:50:54,982 | INFO  | OMAudit | user=runner | ip=127.0.0.1 | op=READ_VOLUME {"volume":"926359c0-6ce0-443b-8d3c-09a2800fd72a"} | ret=SUCCESS |  
2025-10-20 19:50:54,984 | INFO  | OMAudit | user=runner | ip=127.0.0.1 | op=READ_BUCKET {"volume":"926359c0-6ce0-443b-8d3c-09a2800fd72a","bucket":"d0433775-746d-41dc-9dff-8edd86d43855"} | ret=SUCCESS |  
2025-10-20 19:50:54,986 | INFO  | OMAudit | user=runner | ip=127.0.0.1 | op=READ_BUCKET {"volume":"926359c0-6ce0-443b-8d3c-09a2800fd72a","bucket":"d0433775-746d-41dc-9dff-8edd86d43855"} | ret=SUCCESS |  
2025-10-20 19:50:54,987 | INFO  | SCMAudit | user=runner | ip=127.0.0.1 | op=ALLOCATE_BLOCK {"replication":"EC{rs-3-2-1024k}","owner":"omServiceIdDefault","size":"4194304","sampleBlocks":"[conID: 22 locID: 115816896921600126, conID: 24 locID: 115816896921600127]","num":"2","client":"","allocated":"2"} | ret=SUCCESS |  
2025-10-20 19:50:54,991 | INFO  | OMAudit | user=runner | ip=127.0.0.1 | op=ALLOCATE_KEY {"volume":"926359c0-6ce0-443b-8d3c-09a2800fd72a","bucket":"d0433775-746d-41dc-9dff-8edd86d43855","key":"4f53d210-98c0-4fc8-8a2f-0a9f7ef6871b","dataSize":"12582913","replicationType":"EC","replicationConfig":"rs-3-2-1048576","Transaction":"385"} | ret=SUCCESS |  
2025-10-20 19:50:54,995 | INFO  | OMAudit | user=runner | ip=127.0.0.1 | op=READ_VOLUME {"volume":"926359c0-6ce0-443b-8d3c-09a2800fd72a"} | ret=SUCCESS |  
2025-10-20 19:50:54,996 | INFO  | OMAudit | user=runner | ip=127.0.0.1 | op=READ_BUCKET {"volume":"926359c0-6ce0-443b-8d3c-09a2800fd72a","bucket":"d0433775-746d-41dc-9dff-8edd86d43855"} | ret=SUCCESS |  
2025-10-20 19:50:55,144 | INFO  | OMAudit | user=runner | ip=127.0.0.1 | op=COMMIT_KEY {"volume":"926359c0-6ce0-443b-8d3c-09a2800fd72a","bucket":"d0433775-746d-41dc-9dff-8edd86d43855","key":"4f53d210-98c0-4fc8-8a2f-0a9f7ef6871b","dataSize":"12582913","replicationType":"EC","replicationConfig":"rs-3-2-1048576","Transaction":"386"} | ret=SUCCESS |  
2025-10-20 19:50:55,148 | INFO  | OMAudit | user=runner | ip=127.0.0.1 | op=READ_VOLUME {"volume":"926359c0-6ce0-443b-8d3c-09a2800fd72a"} | ret=SUCCESS |  
2025-10-20 19:50:55,150 | INFO  | OMAudit | user=runner | ip=127.0.0.1 | op=READ_BUCKET {"volume":"926359c0-6ce0-443b-8d3c-09a2800fd72a","bucket":"d0433775-746d-41dc-9dff-8edd86d43855"} | ret=SUCCESS |  
2025-10-20 19:50:55,172 | INFO  | SCMAudit | user=runner | ip=127.0.0.1 | op=SEND_HEARTBEAT {"datanodeUUID":"ef67b0a7-5b27-496d-9f38-ab804a28e500","term":"2","command":"[]"} | ret=SUCCESS |  
2025-10-20 19:50:55,172 | INFO  | SCMAudit | user=runner | ip=127.0.0.1 | op=SEND_HEARTBEAT {"datanodeUUID":"7bb0e7f0-2b36-4ec0-8a09-ceac75d91a36","term":"2","command":"[]"} | ret=SUCCESS |  
2025-10-20 19:50:55,440 | INFO  | SCMAudit | user=runner | ip=127.0.0.1 | op=SEND_HEARTBEAT {"datanodeUUID":"361055de-215b-4c6c-94c2-be1c1da118d1","term":"2","command":"[]"} | ret=SUCCESS |  
2025-10-20 19:50:55,441 | INFO  | SCMAudit | user=runner | ip=127.0.0.1 | op=SEND_HEARTBEAT {"datanodeUUID":"38991c48-ffb3-4453-b758-77d6b4ebc62b","term":"2","command":"[]"} | ret=SUCCESS |  
2025-10-20 19:50:55,441 | INFO  | SCMAudit | user=runner | ip=127.0.0.1 | op=SEND_HEARTBEAT {"datanodeUUID":"af0e5da1-57af-45e9-9aca-fa0798d05628","term":"2","command":"[]"} | ret=SUCCESS |  
2025-10-20 19:50:55,441 | INFO  | SCMAudit | user=runner | ip=127.0.0.1 | op=SEND_HEARTBEAT {"datanodeUUID":"b614738c-cdff-4f09-bf59-ed5bb75d51be","term":"2","command":"[]"} | ret=SUCCESS |  
2025-10-20 19:50:55,450 | INFO  | SCMAudit | user=runner | ip=127.0.0.1 | op=SEND_HEARTBEAT {"datanodeUUID":"c90bff1f-5a1f-42c6-8fca-9533d718c79a","term":"2","command":"[]"} | ret=SUCCESS |  
2025-10-20 19:50:55,644 | INFO  | SCMAudit | user=runner | ip=127.0.0.1 | op=SEND_HEARTBEAT {"datanodeUUID":"4f2bb3f5-0e03-4f1b-bb4c-79c91b98c7da","term":"2","command":"[]"} | ret=SUCCESS |  
2025-10-20 19:50:55,644 | INFO  | SCMAudit | user=runner | ip=127.0.0.1 | op=SEND_HEARTBEAT {"datanodeUUID":"cc7fbe85-1d98-437b-84f9-04213fee10f0","term":"2","command":"[]"} | ret=SUCCESS |  
2025-10-20 19:50:55,646 | INFO  | SCMAudit | user=runner | ip=127.0.0.1 | op=SEND_HEARTBEAT {"datanodeUUID":"605be85e-a7f4-44d7-8cfd-f53001b990b0","term":"2","command":"[]"} | ret=SUCCESS |  
2025-10-20 19:50:55,712 | INFO  | SCMAudit | user=runner | ip=127.0.0.1 | op=SEND_HEARTBEAT {"datanodeUUID":"feb39a1c-80cb-4714-ab06-a361236e3029","term":"2","command":"[]"} | ret=SUCCESS |  
2025-10-20 19:50:55,734 | INFO  | SCMAudit | user=runner | ip=127.0.0.1 | op=SEND_HEARTBEAT {"datanodeUUID":"e05592a5-d00f-4fc1-9e39-a968c1ecb04e","term":"2","command":"[]"} | ret=SUCCESS |  
2025-10-20 19:50:55,734 | INFO  | SCMAudit | user=runner | ip=127.0.0.1 | op=SEND_HEARTBEAT {"datanodeUUID":"33f74daf-be7a-4306-b2af-53e409c4cb93","term":"2","command":"[]"} | ret=SUCCESS |  
2025-10-20 19:50:55,840 | INFO  | SCMAudit | user=runner | ip=127.0.0.1 | op=SEND_HEARTBEAT {"datanodeUUID":"d7d8cf72-b9f6-4979-9c53-007dd6e6e48a","term":"2","command":"[]"} | ret=SUCCESS |  
2025-10-20 19:50:56,144 [om1-KeyDeletingService#8] INFO  service.KeyDeletingService (KeyDeletingService.java:processKeyDeletes(151)) - Send 1 key(s) to SCM, first 1 keys: [PurgedKey{blockGroup=BlockGroup[groupID='/926359c0-6ce0-443b-8d3c-09a2800fd72a/d0433775-746d-41dc-9dff-8edd86d43855/4f53d210-98c0-4fc8-8a2f-0a9f7ef6871b/-9223372036854676992/0', blockIDs=[conID: 24 locID: 115816896921600124 bcsId: 0 replicaIndex: null, conID: 24 locID: 115816896921600125 bcsId: 0 replicaIndex: null]], volume='926359c0-6ce0-443b-8d3c-09a2800fd72a', bucket='d0433775-746d-41dc-9dff-8edd86d43855', bucketId=-9223372036854678016, purgedBytes=20971523, isCommittedKey=true, deleteKeyName='/926359c0-6ce0-443b-8d3c-09a2800fd72a/d0433775-746d-41dc-9dff-8edd86d43855/4f53d210-98c0-4fc8-8a2f-0a9f7ef6871b/-9223372036854676992'}]
2025-10-20 19:50:56,147 | INFO  | SCMAudit | user=runner | ip=127.0.0.1 | op=DELETE_KEY_BLOCK {"KeyBlockToDelete":"[BlockGroup[groupID='/926359c0-6ce0-443b-8d3c-09a2800fd72a/d0433775-746d-41dc-9dff-8edd86d43855/4f53d210-98c0-4fc8-8a2f-0a9f7ef6871b/-9223372036854676992/0', blockIDs=[conID: 24 locID: 115816896921600124 bcsId: 0 replicaIndex: null, conID: 24 locID: 115816896921600125 bcsId: 0 replicaIndex: null]]]"} | ret=SUCCESS |  
2025-10-20 19:50:56,147 [om1-KeyDeletingService#8] INFO  service.KeyDeletingService (KeyDeletingService.java:processKeyDeletes(158)) - 1 BlockGroup deletion are acked by SCM in 3 ms
2025-10-20 19:50:56,149 [om1-KeyDeletingService#8] INFO  service.KeyDeletingService (KeyDeletingService.java:processKeyDeletes(166)) - Blocks for 1 (out of 1) keys are deleted from DB in 1 ms. Limit per task is 50000.
2025-10-20 19:50:56,151 | INFO  | OMAudit | user=runner | ip=127.0.0.1 | op=READ_VOLUME {"volume":"926359c0-6ce0-443b-8d3c-09a2800fd72a"} | ret=SUCCESS |  
2025-10-20 19:50:56,152 | INFO  | OMAudit | user=runner | ip=127.0.0.1 | op=READ_BUCKET {"volume":"926359c0-6ce0-443b-8d3c-09a2800fd72a","bucket":"d0433775-746d-41dc-9dff-8edd86d43855"} | ret=SUCCESS |  
2025-10-20 19:50:56,155 | INFO  | OMAudit | user=runner | ip=127.0.0.1 | op=DELETE_KEY {"volume":"926359c0-6ce0-443b-8d3c-09a2800fd72a","bucket":"d0433775-746d-41dc-9dff-8edd86d43855","key":"4f53d210-98c0-4fc8-8a2f-0a9f7ef6871b","dataSize":"12582913","replicationConfig":"EC{rs-3-2-1024k}","Transaction":"388"} | ret=SUCCESS |  
2025-10-20 19:50:56,156 | INFO  | OMAudit | user=runner | ip=127.0.0.1 | op=READ_VOLUME {"volume":"926359c0-6ce0-443b-8d3c-09a2800fd72a"} | ret=SUCCESS |  
2025-10-20 19:50:56,157 | INFO  | OMAudit | user=runner | ip=127.0.0.1 | op=READ_BUCKET {"volume":"926359c0-6ce0-443b-8d3c-09a2800fd72a","bucket":"d0433775-746d-41dc-9dff-8edd86d43855"} | ret=SUCCESS |  
2025-10-20 19:50:56,171 | INFO  | SCMAudit | user=runner | ip=127.0.0.1 | op=SEND_HEARTBEAT {"datanodeUUID":"ef67b0a7-5b27-496d-9f38-ab804a28e500","term":"2","command":"[]"} | ret=SUCCESS |  
2025-10-20 19:50:56,172 | INFO  | SCMAudit | user=runner | ip=127.0.0.1 | op=SEND_HEARTBEAT {"datanodeUUID":"7bb0e7f0-2b36-4ec0-8a09-ceac75d91a36","term":"2","command":"[]"} | ret=SUCCESS |  
2025-10-20 19:50:56,440 | INFO  | SCMAudit | user=runner | ip=127.0.0.1 | op=SEND_HEARTBEAT {"datanodeUUID":"361055de-215b-4c6c-94c2-be1c1da118d1","term":"2","command":"[]"} | ret=SUCCESS |  
2025-10-20 19:50:56,441 | INFO  | SCMAudit | user=runner | ip=127.0.0.1 | op=SEND_HEARTBEAT {"datanodeUUID":"af0e5da1-57af-45e9-9aca-fa0798d05628","term":"2","command":"[]"} | ret=SUCCESS |  
2025-10-20 19:50:56,441 | INFO  | SCMAudit | user=runner | ip=127.0.0.1 | op=SEND_HEARTBEAT {"datanodeUUID":"38991c48-ffb3-4453-b758-77d6b4ebc62b","term":"2","command":"[]"} | ret=SUCCESS |  
2025-10-20 19:50:56,441 | INFO  | SCMAudit | user=runner | ip=127.0.0.1 | op=SEND_HEARTBEAT {"datanodeUUID":"b614738c-cdff-4f09-bf59-ed5bb75d51be","term":"2","command":"[]"} | ret=SUCCESS |  
2025-10-20 19:50:56,450 | INFO  | SCMAudit | user=runner | ip=127.0.0.1 | op=SEND_HEARTBEAT {"datanodeUUID":"c90bff1f-5a1f-42c6-8fca-9533d718c79a","term":"2","command":"[]"} | ret=SUCCESS |  
2025-10-20 19:50:56,644 | INFO  | SCMAudit | user=runner | ip=127.0.0.1 | op=SEND_HEARTBEAT {"datanodeUUID":"4f2bb3f5-0e03-4f1b-bb4c-79c91b98c7da","term":"2","command":"[]"} | ret=SUCCESS |  
2025-10-20 19:50:56,645 | INFO  | SCMAudit | user=runner | ip=127.0.0.1 | op=SEND_HEARTBEAT {"datanodeUUID":"cc7fbe85-1d98-437b-84f9-04213fee10f0","term":"2","command":"[]"} | ret=SUCCESS |  
2025-10-20 19:50:56,646 | INFO  | SCMAudit | user=runner | ip=127.0.0.1 | op=SEND_HEARTBEAT {"datanodeUUID":"605be85e-a7f4-44d7-8cfd-f53001b990b0","term":"2","command":"[]"} | ret=SUCCESS |  
2025-10-20 19:50:56,712 | INFO  | SCMAudit | user=runner | ip=127.0.0.1 | op=SEND_HEARTBEAT {"datanodeUUID":"feb39a1c-80cb-4714-ab06-a361236e3029","term":"2","command":"[]"} | ret=SUCCESS |  
2025-10-20 19:50:56,734 | INFO  | SCMAudit | user=runner | ip=127.0.0.1 | op=SEND_HEARTBEAT {"datanodeUUID":"33f74daf-be7a-4306-b2af-53e409c4cb93","term":"2","command":"[]"} | ret=SUCCESS |  
2025-10-20 19:50:56,734 | INFO  | SCMAudit | user=runner | ip=127.0.0.1 | op=SEND_HEARTBEAT {"datanodeUUID":"e05592a5-d00f-4fc1-9e39-a968c1ecb04e","term":"2","command":"[]"} | ret=SUCCESS |  
2025-10-20 19:50:56,840 | INFO  | SCMAudit | user=runner | ip=127.0.0.1 | op=SEND_HEARTBEAT {"datanodeUUID":"d7d8cf72-b9f6-4979-9c53-007dd6e6e48a","term":"2","command":"[]"} | ret=SUCCESS |  
2025-10-20 19:50:57,144 [om1-KeyDeletingService#3] INFO  service.KeyDeletingService (KeyDeletingService.java:processKeyDeletes(151)) - Send 1 key(s) to SCM, first 1 keys: [PurgedKey{blockGroup=BlockGroup[groupID='/926359c0-6ce0-443b-8d3c-09a2800fd72a/d0433775-746d-41dc-9dff-8edd86d43855/4f53d210-98c0-4fc8-8a2f-0a9f7ef6871b/-9223372036854677759/0', blockIDs=[conID: 22 locID: 115816896921600126 bcsId: 0 replicaIndex: null, conID: 24 locID: 115816896921600127 bcsId: 0 replicaIndex: null]], volume='926359c0-6ce0-443b-8d3c-09a2800fd72a', bucket='d0433775-746d-41dc-9dff-8edd86d43855', bucketId=-9223372036854678016, purgedBytes=20971523, isCommittedKey=true, deleteKeyName='/926359c0-6ce0-443b-8d3c-09a2800fd72a/d0433775-746d-41dc-9dff-8edd86d43855/4f53d210-98c0-4fc8-8a2f-0a9f7ef6871b/-9223372036854677759'}]
2025-10-20 19:50:57,146 | INFO  | SCMAudit | user=runner | ip=127.0.0.1 | op=DELETE_KEY_BLOCK {"KeyBlockToDelete":"[BlockGroup[groupID='/926359c0-6ce0-443b-8d3c-09a2800fd72a/d0433775-746d-41dc-9dff-8edd86d43855/4f53d210-98c0-4fc8-8a2f-0a9f7ef6871b/-9223372036854677759/0', blockIDs=[conID: 22 locID: 115816896921600126 bcsId: 0 replicaIndex: null, conID: 24 locID: 115816896921600127 bcsId: 0 replicaIndex: null]]]"} | ret=SUCCESS |  
2025-10-20 19:50:57,146 [om1-KeyDeletingService#3] INFO  service.KeyDeletingService (KeyDeletingService.java:processKeyDeletes(158)) - 1 BlockGroup deletion are acked by SCM in 2 ms
2025-10-20 19:50:57,148 [om1-KeyDeletingService#3] INFO  service.KeyDeletingService (KeyDeletingService.java:processKeyDeletes(166)) - Blocks for 1 (out of 1) keys are deleted from DB in 1 ms. Limit per task is 50000.
2025-10-20 19:50:57,158 | INFO  | OMAudit | user=runner | ip=127.0.0.1 | op=READ_VOLUME {"volume":"926359c0-6ce0-443b-8d3c-09a2800fd72a"} | ret=SUCCESS |  
2025-10-20 19:50:57,159 | INFO  | OMAudit | user=runner | ip=127.0.0.1 | op=READ_BUCKET {"volume":"926359c0-6ce0-443b-8d3c-09a2800fd72a","bucket":"d0433775-746d-41dc-9dff-8edd86d43855"} | ret=SUCCESS |  
2025-10-20 19:50:57,160 [ForkJoinPool-1-worker-1] INFO  rpc.RpcClient (RpcClient.java:createVolume(461)) - Creating Volume: 738d8be1-d79e-4a9a-b59a-765b48918c68, with runner as owner and space quota set to -1 bytes, counts quota set to -1
2025-10-20 19:50:57,161 [om1-OMStateMachineApplyTransactionThread - 0] INFO  volume.OMVolumeCreateRequest (OMVolumeCreateRequest.java:validateAndUpdateCache(213)) - created volume:738d8be1-d79e-4a9a-b59a-765b48918c68 for user:runner
2025-10-20 19:50:57,162 | INFO  | OMAudit | user=runner | ip=127.0.0.1 | op=CREATE_VOLUME {"admin":"runner","owner":"runner","volume":"738d8be1-d79e-4a9a-b59a-765b48918c68","creationTime":"1760989857160","modificationTime":"1760989857160","quotaInBytes":"-1","quotaInNamespace":"-1","usedNamespace":"0","objectID":"-9223372036854675968","updateID":"390","Transaction":"390"} | ret=SUCCESS |  
2025-10-20 19:50:57,163 | INFO  | OMAudit | user=runner | ip=127.0.0.1 | op=READ_VOLUME {"volume":"738d8be1-d79e-4a9a-b59a-765b48918c68"} | ret=SUCCESS |  
2025-10-20 19:50:57,163 [ForkJoinPool-1-worker-1] INFO  rpc.RpcClient (RpcClient.java:createBucket(686)) - Creating Bucket: 738d8be1-d79e-4a9a-b59a-765b48918c68/8149fca9-7da6-4e8e-95cf-1b18cd31c933, with server-side default bucket layout, runner as owner, Versioning false, Storage Type set to DISK and Encryption set to false, Replication Type set to server-side default replication type, Namespace Quota set to -1, Space Quota set to -1 
2025-10-20 19:50:57,165 [om1-OMStateMachineApplyTransactionThread - 0] INFO  bucket.OMBucketCreateRequest (OMBucketCreateRequest.java:validateAndUpdateCache(303)) - created bucket: 8149fca9-7da6-4e8e-95cf-1b18cd31c933 of layout FILE_SYSTEM_OPTIMIZED in volume: 738d8be1-d79e-4a9a-b59a-765b48918c68
2025-10-20 19:50:57,165 | INFO  | OMAudit | user=runner | ip=127.0.0.1 | op=CREATE_BUCKET {"volume":"738d8be1-d79e-4a9a-b59a-765b48918c68","bucket":"8149fca9-7da6-4e8e-95cf-1b18cd31c933","bucketLayout":"FILE_SYSTEM_OPTIMIZED","gdprEnabled":null,"acls":"[user:runner:a[ACCESS], group:runner:rl[ACCESS]]","isVersionEnabled":"false","storageType":"DISK","creationTime":"1760989857164","bucketEncryptionKey":null,"modificationTime":"1760989857164","usedBytes":"0","usedNamespace":"0","snapshotUsedBytes":"0","snapshotUsedNamespace":"0","owner":"runner","replicationType":null,"replicationConfig":null,"quotaInBytes":"-1","quotaInNamespace":"-1","Transaction":"391"} | ret=SUCCESS |  
2025-10-20 19:50:57,167 | INFO  | OMAudit | user=runner | ip=127.0.0.1 | op=READ_BUCKET {"volume":"738d8be1-d79e-4a9a-b59a-765b48918c68","bucket":"8149fca9-7da6-4e8e-95cf-1b18cd31c933"} | ret=SUCCESS |  
2025-10-20 19:50:57,169 | INFO  | OMAudit | user=runner | ip=127.0.0.1 | op=READ_BUCKET {"volume":"738d8be1-d79e-4a9a-b59a-765b48918c68","bucket":"8149fca9-7da6-4e8e-95cf-1b18cd31c933"} | ret=SUCCESS |  
2025-10-20 19:50:57,170 | INFO  | SCMAudit | user=runner | ip=127.0.0.1 | op=ALLOCATE_BLOCK {"replication":"EC{rs-3-2-1024k}","owner":"omServiceIdDefault","size":"4194304","sampleBlocks":"[conID: 22 locID: 115816896921600128, conID: 23 locID: 115816896921600129]","num":"2","client":"","allocated":"2"} | ret=SUCCESS |  
2025-10-20 19:50:57,171 | INFO  | SCMAudit | user=runner | ip=127.0.0.1 | op=SEND_HEARTBEAT {"datanodeUUID":"ef67b0a7-5b27-496d-9f38-ab804a28e500","term":"2","command":"[]"} | ret=SUCCESS |  
2025-10-20 19:50:57,172 | INFO  | SCMAudit | user=runner | ip=127.0.0.1 | op=SEND_HEARTBEAT {"datanodeUUID":"7bb0e7f0-2b36-4ec0-8a09-ceac75d91a36","term":"2","command":"[]"} | ret=SUCCESS |  
2025-10-20 19:50:57,174 | INFO  | OMAudit | user=runner | ip=127.0.0.1 | op=ALLOCATE_KEY {"volume":"738d8be1-d79e-4a9a-b59a-765b48918c68","bucket":"8149fca9-7da6-4e8e-95cf-1b18cd31c933","key":"bd89fae5-aa1c-42e9-becc-0be97d928ab0","dataSize":"16777216","replicationType":"EC","replicationConfig":"rs-3-2-1048576","Transaction":"392"} | ret=SUCCESS |  
2025-10-20 19:50:57,177 | INFO  | OMAudit | user=runner | ip=127.0.0.1 | op=READ_VOLUME {"volume":"738d8be1-d79e-4a9a-b59a-765b48918c68"} | ret=SUCCESS |  
2025-10-20 19:50:57,178 | INFO  | OMAudit | user=runner | ip=127.0.0.1 | op=READ_BUCKET {"volume":"738d8be1-d79e-4a9a-b59a-765b48918c68","bucket":"8149fca9-7da6-4e8e-95cf-1b18cd31c933"} | ret=SUCCESS |  
2025-10-20 19:50:57,278 | INFO  | OMAudit | user=runner | ip=127.0.0.1 | op=COMMIT_KEY {"volume":"738d8be1-d79e-4a9a-b59a-765b48918c68","bucket":"8149fca9-7da6-4e8e-95cf-1b18cd31c933","key":"bd89fae5-aa1c-42e9-becc-0be97d928ab0","dataSize":"16777216","replicationType":"EC","replicationConfig":"rs-3-2-1048576","Transaction":"393"} | ret=SUCCESS |  
2025-10-20 19:50:57,280 | INFO  | OMAudit | user=runner | ip=127.0.0.1 | op=READ_VOLUME {"volume":"738d8be1-d79e-4a9a-b59a-765b48918c68"} | ret=SUCCESS |  
2025-10-20 19:50:57,281 | INFO  | OMAudit | user=runner | ip=127.0.0.1 | op=READ_BUCKET {"volume":"738d8be1-d79e-4a9a-b59a-765b48918c68","bucket":"8149fca9-7da6-4e8e-95cf-1b18cd31c933"} | ret=SUCCESS |  
2025-10-20 19:50:57,282 | INFO  | OMAudit | user=runner | ip=127.0.0.1 | op=READ_BUCKET {"volume":"738d8be1-d79e-4a9a-b59a-765b48918c68","bucket":"8149fca9-7da6-4e8e-95cf-1b18cd31c933"} | ret=SUCCESS |  
2025-10-20 19:50:57,284 | INFO  | SCMAudit | user=runner | ip=127.0.0.1 | op=ALLOCATE_BLOCK {"replication":"EC{rs-3-2-1024k}","owner":"omServiceIdDefault","size":"4194304","sampleBlocks":"[conID: 23 locID: 115816896921600130, conID: 26 locID: 115816896921600131]","num":"2","client":"","allocated":"2"} | ret=SUCCESS |  
2025-10-20 19:50:57,287 | INFO  | OMAudit | user=runner | ip=127.0.0.1 | op=ALLOCATE_KEY {"volume":"738d8be1-d79e-4a9a-b59a-765b48918c68","bucket":"8149fca9-7da6-4e8e-95cf-1b18cd31c933","key":"bd89fae5-aa1c-42e9-becc-0be97d928ab0","dataSize":"16777216","replicationType":"EC","replicationConfig":"rs-3-2-1048576","Transaction":"394"} | ret=SUCCESS |  
2025-10-20 19:50:57,290 | INFO  | OMAudit | user=runner | ip=127.0.0.1 | op=READ_VOLUME {"volume":"738d8be1-d79e-4a9a-b59a-765b48918c68"} | ret=SUCCESS |  
2025-10-20 19:50:57,291 | INFO  | OMAudit | user=runner | ip=127.0.0.1 | op=READ_BUCKET {"volume":"738d8be1-d79e-4a9a-b59a-765b48918c68","bucket":"8149fca9-7da6-4e8e-95cf-1b18cd31c933"} | ret=SUCCESS |  
2025-10-20 19:50:57,394 | INFO  | OMAudit | user=runner | ip=127.0.0.1 | op=COMMIT_KEY {"volume":"738d8be1-d79e-4a9a-b59a-765b48918c68","bucket":"8149fca9-7da6-4e8e-95cf-1b18cd31c933","key":"bd89fae5-aa1c-42e9-becc-0be97d928ab0","dataSize":"16777216","replicationType":"EC","replicationConfig":"rs-3-2-1048576","Transaction":"395"} | ret=SUCCESS |  
2025-10-20 19:50:57,395 | INFO  | OMAudit | user=runner | ip=127.0.0.1 | op=READ_VOLUME {"volume":"738d8be1-d79e-4a9a-b59a-765b48918c68"} | ret=SUCCESS |  
2025-10-20 19:50:57,396 | INFO  | OMAudit | user=runner | ip=127.0.0.1 | op=READ_BUCKET {"volume":"738d8be1-d79e-4a9a-b59a-765b48918c68","bucket":"8149fca9-7da6-4e8e-95cf-1b18cd31c933"} | ret=SUCCESS |  
2025-10-20 19:50:57,440 | INFO  | SCMAudit | user=runner | ip=127.0.0.1 | op=SEND_HEARTBEAT {"datanodeUUID":"361055de-215b-4c6c-94c2-be1c1da118d1","term":"2","command":"[]"} | ret=SUCCESS |  
2025-10-20 19:50:57,441 | INFO  | SCMAudit | user=runner | ip=127.0.0.1 | op=SEND_HEARTBEAT {"datanodeUUID":"38991c48-ffb3-4453-b758-77d6b4ebc62b","term":"2","command":"[]"} | ret=SUCCESS |  
2025-10-20 19:50:57,441 | INFO  | SCMAudit | user=runner | ip=127.0.0.1 | op=SEND_HEARTBEAT {"datanodeUUID":"b614738c-cdff-4f09-bf59-ed5bb75d51be","term":"2","command":"[]"} | ret=SUCCESS |  
2025-10-20 19:50:57,441 | INFO  | SCMAudit | user=runner | ip=127.0.0.1 | op=SEND_HEARTBEAT {"datanodeUUID":"af0e5da1-57af-45e9-9aca-fa0798d05628","term":"2","command":"[]"} | ret=SUCCESS |  
2025-10-20 19:50:57,450 | INFO  | SCMAudit | user=runner | ip=127.0.0.1 | op=SEND_HEARTBEAT {"datanodeUUID":"c90bff1f-5a1f-42c6-8fca-9533d718c79a","term":"2","command":"[]"} | ret=SUCCESS |  
2025-10-20 19:50:57,644 | INFO  | SCMAudit | user=runner | ip=127.0.0.1 | op=SEND_HEARTBEAT {"datanodeUUID":"4f2bb3f5-0e03-4f1b-bb4c-79c91b98c7da","term":"2","command":"[]"} | ret=SUCCESS |  
2025-10-20 19:50:57,645 | INFO  | SCMAudit | user=runner | ip=127.0.0.1 | op=SEND_HEARTBEAT {"datanodeUUID":"cc7fbe85-1d98-437b-84f9-04213fee10f0","term":"2","command":"[]"} | ret=SUCCESS |  
2025-10-20 19:50:57,646 | INFO  | SCMAudit | user=runner | ip=127.0.0.1 | op=SEND_HEARTBEAT {"datanodeUUID":"605be85e-a7f4-44d7-8cfd-f53001b990b0","term":"2","command":"[]"} | ret=SUCCESS |  
2025-10-20 19:50:57,712 | INFO  | SCMAudit | user=runner | ip=127.0.0.1 | op=SEND_HEARTBEAT {"datanodeUUID":"feb39a1c-80cb-4714-ab06-a361236e3029","term":"2","command":"[]"} | ret=SUCCESS |  
2025-10-20 19:50:57,734 | INFO  | SCMAudit | user=runner | ip=127.0.0.1 | op=SEND_HEARTBEAT {"datanodeUUID":"e05592a5-d00f-4fc1-9e39-a968c1ecb04e","term":"2","command":"[]"} | ret=SUCCESS |  
2025-10-20 19:50:57,734 | INFO  | SCMAudit | user=runner | ip=127.0.0.1 | op=SEND_HEARTBEAT {"datanodeUUID":"33f74daf-be7a-4306-b2af-53e409c4cb93","term":"2","command":"[]"} | ret=SUCCESS |  
2025-10-20 19:50:57,840 | INFO  | SCMAudit | user=runner | ip=127.0.0.1 | op=SEND_HEARTBEAT {"datanodeUUID":"d7d8cf72-b9f6-4979-9c53-007dd6e6e48a","term":"2","command":"[]"} | ret=SUCCESS |  
2025-10-20 19:50:58,144 [om1-KeyDeletingService#9] INFO  service.KeyDeletingService (KeyDeletingService.java:processKeyDeletes(151)) - Send 1 key(s) to SCM, first 1 keys: [PurgedKey{blockGroup=BlockGroup[groupID='/738d8be1-d79e-4a9a-b59a-765b48918c68/8149fca9-7da6-4e8e-95cf-1b18cd31c933/bd89fae5-aa1c-42e9-becc-0be97d928ab0/-9223372036854674688/0', blockIDs=[conID: 22 locID: 115816896921600128 bcsId: 0 replicaIndex: null, conID: 23 locID: 115816896921600129 bcsId: 0 replicaIndex: null]], volume='738d8be1-d79e-4a9a-b59a-765b48918c68', bucket='8149fca9-7da6-4e8e-95cf-1b18cd31c933', bucketId=-9223372036854675712, purgedBytes=29360128, isCommittedKey=true, deleteKeyName='/738d8be1-d79e-4a9a-b59a-765b48918c68/8149fca9-7da6-4e8e-95cf-1b18cd31c933/bd89fae5-aa1c-42e9-becc-0be97d928ab0/-9223372036854674688'}]
2025-10-20 19:50:58,146 | INFO  | SCMAudit | user=runner | ip=127.0.0.1 | op=DELETE_KEY_BLOCK {"KeyBlockToDelete":"[BlockGroup[groupID='/738d8be1-d79e-4a9a-b59a-765b48918c68/8149fca9-7da6-4e8e-95cf-1b18cd31c933/bd89fae5-aa1c-42e9-becc-0be97d928ab0/-9223372036854674688/0', blockIDs=[conID: 22 locID: 115816896921600128 bcsId: 0 replicaIndex: null, conID: 23 locID: 115816896921600129 bcsId: 0 replicaIndex: null]]]"} | ret=SUCCESS |  
2025-10-20 19:50:58,146 [om1-KeyDeletingService#9] INFO  service.KeyDeletingService (KeyDeletingService.java:processKeyDeletes(158)) - 1 BlockGroup deletion are acked by SCM in 2 ms
2025-10-20 19:50:58,148 [om1-KeyDeletingService#9] INFO  service.KeyDeletingService (KeyDeletingService.java:processKeyDeletes(166)) - Blocks for 1 (out of 1) keys are deleted from DB in 1 ms. Limit per task is 50000.
2025-10-20 19:50:58,172 | INFO  | SCMAudit | user=runner | ip=127.0.0.1 | op=SEND_HEARTBEAT {"datanodeUUID":"ef67b0a7-5b27-496d-9f38-ab804a28e500","term":"2","command":"[]"} | ret=SUCCESS |  
2025-10-20 19:50:58,172 | INFO  | SCMAudit | user=runner | ip=127.0.0.1 | op=SEND_HEARTBEAT {"datanodeUUID":"7bb0e7f0-2b36-4ec0-8a09-ceac75d91a36","term":"2","command":"[]"} | ret=SUCCESS |  
2025-10-20 19:50:58,397 | INFO  | OMAudit | user=runner | ip=127.0.0.1 | op=READ_VOLUME {"volume":"738d8be1-d79e-4a9a-b59a-765b48918c68"} | ret=SUCCESS |  
2025-10-20 19:50:58,399 | INFO  | OMAudit | user=runner | ip=127.0.0.1 | op=READ_BUCKET {"volume":"738d8be1-d79e-4a9a-b59a-765b48918c68","bucket":"8149fca9-7da6-4e8e-95cf-1b18cd31c933"} | ret=SUCCESS |  
2025-10-20 19:50:58,401 | INFO  | OMAudit | user=runner | ip=127.0.0.1 | op=DELETE_KEY {"volume":"738d8be1-d79e-4a9a-b59a-765b48918c68","bucket":"8149fca9-7da6-4e8e-95cf-1b18cd31c933","key":"bd89fae5-aa1c-42e9-becc-0be97d928ab0","dataSize":"16777216","replicationConfig":"EC{rs-3-2-1024k}","Transaction":"397"} | ret=SUCCESS |  
2025-10-20 19:50:58,402 | INFO  | OMAudit | user=runner | ip=127.0.0.1 | op=READ_VOLUME {"volume":"738d8be1-d79e-4a9a-b59a-765b48918c68"} | ret=SUCCESS |  
2025-10-20 19:50:58,403 | INFO  | OMAudit | user=runner | ip=127.0.0.1 | op=READ_BUCKET {"volume":"738d8be1-d79e-4a9a-b59a-765b48918c68","bucket":"8149fca9-7da6-4e8e-95cf-1b18cd31c933"} | ret=SUCCESS |  
2025-10-20 19:50:58,440 | INFO  | SCMAudit | user=runner | ip=127.0.0.1 | op=SEND_HEARTBEAT {"datanodeUUID":"361055de-215b-4c6c-94c2-be1c1da118d1","term":"2","command":"[]"} | ret=SUCCESS |  
2025-10-20 19:50:58,441 | INFO  | SCMAudit | user=runner | ip=127.0.0.1 | op=SEND_HEARTBEAT {"datanodeUUID":"38991c48-ffb3-4453-b758-77d6b4ebc62b","term":"2","command":"[]"} | ret=SUCCESS |  
2025-10-20 19:50:58,441 | INFO  | SCMAudit | user=runner | ip=127.0.0.1 | op=SEND_HEARTBEAT {"datanodeUUID":"af0e5da1-57af-45e9-9aca-fa0798d05628","term":"2","command":"[]"} | ret=SUCCESS |  
2025-10-20 19:50:58,441 | INFO  | SCMAudit | user=runner | ip=127.0.0.1 | op=SEND_HEARTBEAT {"datanodeUUID":"b614738c-cdff-4f09-bf59-ed5bb75d51be","term":"2","command":"[]"} | ret=SUCCESS |  
2025-10-20 19:50:58,450 | INFO  | SCMAudit | user=runner | ip=127.0.0.1 | op=SEND_HEARTBEAT {"datanodeUUID":"c90bff1f-5a1f-42c6-8fca-9533d718c79a","term":"2","command":"[]"} | ret=SUCCESS |  
2025-10-20 19:50:58,644 | INFO  | SCMAudit | user=runner | ip=127.0.0.1 | op=SEND_HEARTBEAT {"datanodeUUID":"4f2bb3f5-0e03-4f1b-bb4c-79c91b98c7da","term":"2","command":"[]"} | ret=SUCCESS |  
2025-10-20 19:50:58,645 | INFO  | SCMAudit | user=runner | ip=127.0.0.1 | op=SEND_HEARTBEAT {"datanodeUUID":"cc7fbe85-1d98-437b-84f9-04213fee10f0","term":"2","command":"[]"} | ret=SUCCESS |  
2025-10-20 19:50:58,646 | INFO  | SCMAudit | user=runner | ip=127.0.0.1 | op=SEND_HEARTBEAT {"datanodeUUID":"605be85e-a7f4-44d7-8cfd-f53001b990b0","term":"2","command":"[]"} | ret=SUCCESS |  
2025-10-20 19:50:58,712 | INFO  | SCMAudit | user=runner | ip=127.0.0.1 | op=SEND_HEARTBEAT {"datanodeUUID":"feb39a1c-80cb-4714-ab06-a361236e3029","term":"2","command":"[]"} | ret=SUCCESS |  
2025-10-20 19:50:58,734 | INFO  | SCMAudit | user=runner | ip=127.0.0.1 | op=SEND_HEARTBEAT {"datanodeUUID":"33f74daf-be7a-4306-b2af-53e409c4cb93","term":"2","command":"[]"} | ret=SUCCESS |  
2025-10-20 19:50:58,734 | INFO  | SCMAudit | user=runner | ip=127.0.0.1 | op=SEND_HEARTBEAT {"datanodeUUID":"e05592a5-d00f-4fc1-9e39-a968c1ecb04e","term":"2","command":"[]"} | ret=SUCCESS |  
2025-10-20 19:50:58,840 | INFO  | SCMAudit | user=runner | ip=127.0.0.1 | op=SEND_HEARTBEAT {"datanodeUUID":"d7d8cf72-b9f6-4979-9c53-007dd6e6e48a","term":"2","command":"[]"} | ret=SUCCESS |  
2025-10-20 19:50:59,144 [om1-KeyDeletingService#0] INFO  service.KeyDeletingService (KeyDeletingService.java:processKeyDeletes(151)) - Send 1 key(s) to SCM, first 1 keys: [PurgedKey{blockGroup=BlockGroup[groupID='/738d8be1-d79e-4a9a-b59a-765b48918c68/8149fca9-7da6-4e8e-95cf-1b18cd31c933/bd89fae5-aa1c-42e9-becc-0be97d928ab0/-9223372036854675455/0', blockIDs=[conID: 23 locID: 115816896921600130 bcsId: 0 replicaIndex: null, conID: 26 locID: 115816896921600131 bcsId: 0 replicaIndex: null]], volume='738d8be1-d79e-4a9a-b59a-765b48918c68', bucket='8149fca9-7da6-4e8e-95cf-1b18cd31c933', bucketId=-9223372036854675712, purgedBytes=29360128, isCommittedKey=true, deleteKeyName='/738d8be1-d79e-4a9a-b59a-765b48918c68/8149fca9-7da6-4e8e-95cf-1b18cd31c933/bd89fae5-aa1c-42e9-becc-0be97d928ab0/-9223372036854675455'}]
2025-10-20 19:50:59,146 | INFO  | SCMAudit | user=runner | ip=127.0.0.1 | op=DELETE_KEY_BLOCK {"KeyBlockToDelete":"[BlockGroup[groupID='/738d8be1-d79e-4a9a-b59a-765b48918c68/8149fca9-7da6-4e8e-95cf-1b18cd31c933/bd89fae5-aa1c-42e9-becc-0be97d928ab0/-9223372036854675455/0', blockIDs=[conID: 23 locID: 115816896921600130 bcsId: 0 replicaIndex: null, conID: 26 locID: 115816896921600131 bcsId: 0 replicaIndex: null]]]"} | ret=SUCCESS |  
2025-10-20 19:50:59,147 [om1-KeyDeletingService#0] INFO  service.KeyDeletingService (KeyDeletingService.java:processKeyDeletes(158)) - 1 BlockGroup deletion are acked by SCM in 2 ms
2025-10-20 19:50:59,148 [om1-KeyDeletingService#0] INFO  service.KeyDeletingService (KeyDeletingService.java:processKeyDeletes(166)) - Blocks for 1 (out of 1) keys are deleted from DB in 2 ms. Limit per task is 50000.
2025-10-20 19:50:59,172 | INFO  | SCMAudit | user=runner | ip=127.0.0.1 | op=SEND_HEARTBEAT {"datanodeUUID":"ef67b0a7-5b27-496d-9f38-ab804a28e500","term":"2","command":"[]"} | ret=SUCCESS |  
2025-10-20 19:50:59,172 | INFO  | SCMAudit | user=runner | ip=127.0.0.1 | op=SEND_HEARTBEAT {"datanodeUUID":"7bb0e7f0-2b36-4ec0-8a09-ceac75d91a36","term":"2","command":"[]"} | ret=SUCCESS |  
2025-10-20 19:50:59,405 | INFO  | OMAudit | user=runner | ip=127.0.0.1 | op=READ_VOLUME {"volume":"738d8be1-d79e-4a9a-b59a-765b48918c68"} | ret=SUCCESS |  
2025-10-20 19:50:59,406 | INFO  | OMAudit | user=runner | ip=127.0.0.1 | op=READ_BUCKET {"volume":"738d8be1-d79e-4a9a-b59a-765b48918c68","bucket":"8149fca9-7da6-4e8e-95cf-1b18cd31c933"} | ret=SUCCESS |  
2025-10-20 19:50:59,407 [ForkJoinPool-1-worker-1] INFO  rpc.RpcClient (RpcClient.java:createVolume(461)) - Creating Volume: 8302409d-16fb-419a-add1-c0d5b753a186, with runner as owner and space quota set to -1 bytes, counts quota set to -1
2025-10-20 19:50:59,408 [om1-OMStateMachineApplyTransactionThread - 0] INFO  volume.OMVolumeCreateRequest (OMVolumeCreateRequest.java:validateAndUpdateCache(213)) - created volume:8302409d-16fb-419a-add1-c0d5b753a186 for user:runner
2025-10-20 19:50:59,409 | INFO  | OMAudit | user=runner | ip=127.0.0.1 | op=CREATE_VOLUME {"admin":"runner","owner":"runner","volume":"8302409d-16fb-419a-add1-c0d5b753a186","creationTime":"1760989859407","modificationTime":"1760989859407","quotaInBytes":"-1","quotaInNamespace":"-1","usedNamespace":"0","objectID":"-9223372036854673664","updateID":"399","Transaction":"399"} | ret=SUCCESS |  
2025-10-20 19:50:59,410 | INFO  | OMAudit | user=runner | ip=127.0.0.1 | op=READ_VOLUME {"volume":"8302409d-16fb-419a-add1-c0d5b753a186"} | ret=SUCCESS |  
2025-10-20 19:50:59,410 [ForkJoinPool-1-worker-1] INFO  rpc.RpcClient (RpcClient.java:createBucket(686)) - Creating Bucket: 8302409d-16fb-419a-add1-c0d5b753a186/f45ad421-4110-47b2-8d39-b43620bdda2b, with server-side default bucket layout, runner as owner, Versioning false, Storage Type set to DISK and Encryption set to false, Replication Type set to server-side default replication type, Namespace Quota set to -1, Space Quota set to -1 
2025-10-20 19:50:59,412 [om1-OMStateMachineApplyTransactionThread - 0] INFO  bucket.OMBucketCreateRequest (OMBucketCreateRequest.java:validateAndUpdateCache(303)) - created bucket: f45ad421-4110-47b2-8d39-b43620bdda2b of layout FILE_SYSTEM_OPTIMIZED in volume: 8302409d-16fb-419a-add1-c0d5b753a186
2025-10-20 19:50:59,412 | INFO  | OMAudit | user=runner | ip=127.0.0.1 | op=CREATE_BUCKET {"volume":"8302409d-16fb-419a-add1-c0d5b753a186","bucket":"f45ad421-4110-47b2-8d39-b43620bdda2b","bucketLayout":"FILE_SYSTEM_OPTIMIZED","gdprEnabled":null,"acls":"[user:runner:a[ACCESS], group:runner:rl[ACCESS]]","isVersionEnabled":"false","storageType":"DISK","creationTime":"1760989859411","bucketEncryptionKey":null,"modificationTime":"1760989859411","usedBytes":"0","usedNamespace":"0","snapshotUsedBytes":"0","snapshotUsedNamespace":"0","owner":"runner","replicationType":null,"replicationConfig":null,"quotaInBytes":"-1","quotaInNamespace":"-1","Transaction":"400"} | ret=SUCCESS |  
2025-10-20 19:50:59,413 | INFO  | OMAudit | user=runner | ip=127.0.0.1 | op=READ_BUCKET {"volume":"8302409d-16fb-419a-add1-c0d5b753a186","bucket":"f45ad421-4110-47b2-8d39-b43620bdda2b"} | ret=SUCCESS |  
2025-10-20 19:50:59,415 | INFO  | OMAudit | user=runner | ip=127.0.0.1 | op=READ_BUCKET {"volume":"8302409d-16fb-419a-add1-c0d5b753a186","bucket":"f45ad421-4110-47b2-8d39-b43620bdda2b"} | ret=SUCCESS |  
2025-10-20 19:50:59,416 | INFO  | SCMAudit | user=runner | ip=127.0.0.1 | op=ALLOCATE_BLOCK {"replication":"EC{rs-3-2-1024k}","owner":"omServiceIdDefault","size":"4194304","sampleBlocks":"[conID: 26 locID: 115816896921600132, conID: 25 locID: 115816896921600133]","num":"2","client":"","allocated":"2"} | ret=SUCCESS |  
2025-10-20 19:50:59,419 | INFO  | OMAudit | user=runner | ip=127.0.0.1 | op=ALLOCATE_KEY {"volume":"8302409d-16fb-419a-add1-c0d5b753a186","bucket":"f45ad421-4110-47b2-8d39-b43620bdda2b","key":"cb8204f2-a327-4f48-a081-47484fd28a0d","dataSize":"16777217","replicationType":"EC","replicationConfig":"rs-3-2-1048576","Transaction":"401"} | ret=SUCCESS |  
2025-10-20 19:50:59,421 | INFO  | OMAudit | user=runner | ip=127.0.0.1 | op=READ_VOLUME {"volume":"8302409d-16fb-419a-add1-c0d5b753a186"} | ret=SUCCESS |  
2025-10-20 19:50:59,422 | INFO  | OMAudit | user=runner | ip=127.0.0.1 | op=READ_BUCKET {"volume":"8302409d-16fb-419a-add1-c0d5b753a186","bucket":"f45ad421-4110-47b2-8d39-b43620bdda2b"} | ret=SUCCESS |  
2025-10-20 19:50:59,442 | INFO  | SCMAudit | user=runner | ip=127.0.0.1 | op=SEND_HEARTBEAT {"datanodeUUID":"361055de-215b-4c6c-94c2-be1c1da118d1","term":"2","command":"[]"} | ret=SUCCESS |  
2025-10-20 19:50:59,444 | INFO  | SCMAudit | user=runner | ip=127.0.0.1 | op=SEND_HEARTBEAT {"datanodeUUID":"38991c48-ffb3-4453-b758-77d6b4ebc62b","term":"2","command":"[]"} | ret=SUCCESS |  
2025-10-20 19:50:59,445 | INFO  | SCMAudit | user=runner | ip=127.0.0.1 | op=SEND_HEARTBEAT {"datanodeUUID":"b614738c-cdff-4f09-bf59-ed5bb75d51be","term":"2","command":"[]"} | ret=SUCCESS |  
2025-10-20 19:50:59,445 | INFO  | SCMAudit | user=runner | ip=127.0.0.1 | op=SEND_HEARTBEAT {"datanodeUUID":"af0e5da1-57af-45e9-9aca-fa0798d05628","term":"2","command":"[]"} | ret=SUCCESS |  
2025-10-20 19:50:59,451 | INFO  | SCMAudit | user=runner | ip=127.0.0.1 | op=SEND_HEARTBEAT {"datanodeUUID":"c90bff1f-5a1f-42c6-8fca-9533d718c79a","term":"2","command":"[]"} | ret=SUCCESS |  
2025-10-20 19:50:59,520 | INFO  | OMAudit | user=runner | ip=127.0.0.1 | op=COMMIT_KEY {"volume":"8302409d-16fb-419a-add1-c0d5b753a186","bucket":"f45ad421-4110-47b2-8d39-b43620bdda2b","key":"cb8204f2-a327-4f48-a081-47484fd28a0d","dataSize":"16777217","replicationType":"EC","replicationConfig":"rs-3-2-1048576","Transaction":"402"} | ret=SUCCESS |  
2025-10-20 19:50:59,522 | INFO  | OMAudit | user=runner | ip=127.0.0.1 | op=READ_VOLUME {"volume":"8302409d-16fb-419a-add1-c0d5b753a186"} | ret=SUCCESS |  
2025-10-20 19:50:59,523 | INFO  | OMAudit | user=runner | ip=127.0.0.1 | op=READ_BUCKET {"volume":"8302409d-16fb-419a-add1-c0d5b753a186","bucket":"f45ad421-4110-47b2-8d39-b43620bdda2b"} | ret=SUCCESS |  
2025-10-20 19:50:59,525 | INFO  | OMAudit | user=runner | ip=127.0.0.1 | op=READ_BUCKET {"volume":"8302409d-16fb-419a-add1-c0d5b753a186","bucket":"f45ad421-4110-47b2-8d39-b43620bdda2b"} | ret=SUCCESS |  
2025-10-20 19:50:59,526 | INFO  | SCMAudit | user=runner | ip=127.0.0.1 | op=ALLOCATE_BLOCK {"replication":"EC{rs-3-2-1024k}","owner":"omServiceIdDefault","size":"4194304","sampleBlocks":"[conID: 22 locID: 115816896921600134, conID: 24 locID: 115816896921600135]","num":"2","client":"","allocated":"2"} | ret=SUCCESS |  
2025-10-20 19:50:59,530 | INFO  | OMAudit | user=runner | ip=127.0.0.1 | op=ALLOCATE_KEY {"volume":"8302409d-16fb-419a-add1-c0d5b753a186","bucket":"f45ad421-4110-47b2-8d39-b43620bdda2b","key":"cb8204f2-a327-4f48-a081-47484fd28a0d","dataSize":"16777217","replicationType":"EC","replicationConfig":"rs-3-2-1048576","Transaction":"403"} | ret=SUCCESS |  
2025-10-20 19:50:59,532 | INFO  | OMAudit | user=runner | ip=127.0.0.1 | op=READ_VOLUME {"volume":"8302409d-16fb-419a-add1-c0d5b753a186"} | ret=SUCCESS |  
2025-10-20 19:50:59,533 | INFO  | OMAudit | user=runner | ip=127.0.0.1 | op=READ_BUCKET {"volume":"8302409d-16fb-419a-add1-c0d5b753a186","bucket":"f45ad421-4110-47b2-8d39-b43620bdda2b"} | ret=SUCCESS |  
2025-10-20 19:50:59,624 | INFO  | OMAudit | user=runner | ip=127.0.0.1 | op=COMMIT_KEY {"volume":"8302409d-16fb-419a-add1-c0d5b753a186","bucket":"f45ad421-4110-47b2-8d39-b43620bdda2b","key":"cb8204f2-a327-4f48-a081-47484fd28a0d","dataSize":"16777217","replicationType":"EC","replicationConfig":"rs-3-2-1048576","Transaction":"404"} | ret=SUCCESS |  
2025-10-20 19:50:59,626 | INFO  | OMAudit | user=runner | ip=127.0.0.1 | op=READ_VOLUME {"volume":"8302409d-16fb-419a-add1-c0d5b753a186"} | ret=SUCCESS |  
2025-10-20 19:50:59,627 | INFO  | OMAudit | user=runner | ip=127.0.0.1 | op=READ_BUCKET {"volume":"8302409d-16fb-419a-add1-c0d5b753a186","bucket":"f45ad421-4110-47b2-8d39-b43620bdda2b"} | ret=SUCCESS |  
2025-10-20 19:50:59,644 | INFO  | SCMAudit | user=runner | ip=127.0.0.1 | op=SEND_HEARTBEAT {"datanodeUUID":"4f2bb3f5-0e03-4f1b-bb4c-79c91b98c7da","term":"2","command":"[]"} | ret=SUCCESS |  
2025-10-20 19:50:59,645 | INFO  | SCMAudit | user=runner | ip=127.0.0.1 | op=SEND_HEARTBEAT {"datanodeUUID":"cc7fbe85-1d98-437b-84f9-04213fee10f0","term":"2","command":"[]"} | ret=SUCCESS |  
2025-10-20 19:50:59,645 | INFO  | SCMAudit | user=runner | ip=127.0.0.1 | op=SEND_HEARTBEAT {"datanodeUUID":"605be85e-a7f4-44d7-8cfd-f53001b990b0","term":"2","command":"[]"} | ret=SUCCESS |  
2025-10-20 19:50:59,713 | INFO  | SCMAudit | user=runner | ip=127.0.0.1 | op=SEND_HEARTBEAT {"datanodeUUID":"feb39a1c-80cb-4714-ab06-a361236e3029","term":"2","command":"[]"} | ret=SUCCESS |  
2025-10-20 19:50:59,735 | INFO  | SCMAudit | user=runner | ip=127.0.0.1 | op=SEND_HEARTBEAT {"datanodeUUID":"e05592a5-d00f-4fc1-9e39-a968c1ecb04e","term":"2","command":"[]"} | ret=SUCCESS |  
2025-10-20 19:50:59,736 | INFO  | SCMAudit | user=runner | ip=127.0.0.1 | op=SEND_HEARTBEAT {"datanodeUUID":"33f74daf-be7a-4306-b2af-53e409c4cb93","term":"2","command":"[]"} | ret=SUCCESS |  
2025-10-20 19:50:59,840 | INFO  | SCMAudit | user=runner | ip=127.0.0.1 | op=SEND_HEARTBEAT {"datanodeUUID":"d7d8cf72-b9f6-4979-9c53-007dd6e6e48a","term":"2","command":"[]"} | ret=SUCCESS |  
2025-10-20 19:51:00,144 [om1-KeyDeletingService#6] INFO  service.KeyDeletingService (KeyDeletingService.java:processKeyDeletes(151)) - Send 1 key(s) to SCM, first 1 keys: [PurgedKey{blockGroup=BlockGroup[groupID='/8302409d-16fb-419a-add1-c0d5b753a186/f45ad421-4110-47b2-8d39-b43620bdda2b/cb8204f2-a327-4f48-a081-47484fd28a0d/-9223372036854672384/0', blockIDs=[conID: 26 locID: 115816896921600132 bcsId: 0 replicaIndex: null, conID: 25 locID: 115816896921600133 bcsId: 0 replicaIndex: null]], volume='8302409d-16fb-419a-add1-c0d5b753a186', bucket='f45ad421-4110-47b2-8d39-b43620bdda2b', bucketId=-9223372036854673408, purgedBytes=29360129, isCommittedKey=true, deleteKeyName='/8302409d-16fb-419a-add1-c0d5b753a186/f45ad421-4110-47b2-8d39-b43620bdda2b/cb8204f2-a327-4f48-a081-47484fd28a0d/-9223372036854672384'}]
2025-10-20 19:51:00,147 | INFO  | SCMAudit | user=runner | ip=127.0.0.1 | op=DELETE_KEY_BLOCK {"KeyBlockToDelete":"[BlockGroup[groupID='/8302409d-16fb-419a-add1-c0d5b753a186/f45ad421-4110-47b2-8d39-b43620bdda2b/cb8204f2-a327-4f48-a081-47484fd28a0d/-9223372036854672384/0', blockIDs=[conID: 26 locID: 115816896921600132 bcsId: 0 replicaIndex: null, conID: 25 locID: 115816896921600133 bcsId: 0 replicaIndex: null]]]"} | ret=SUCCESS |  
2025-10-20 19:51:00,147 [om1-KeyDeletingService#6] INFO  service.KeyDeletingService (KeyDeletingService.java:processKeyDeletes(158)) - 1 BlockGroup deletion are acked by SCM in 3 ms
2025-10-20 19:51:00,149 [om1-KeyDeletingService#6] INFO  service.KeyDeletingService (KeyDeletingService.java:processKeyDeletes(166)) - Blocks for 1 (out of 1) keys are deleted from DB in 1 ms. Limit per task is 50000.
2025-10-20 19:51:00,172 | INFO  | SCMAudit | user=runner | ip=127.0.0.1 | op=SEND_HEARTBEAT {"datanodeUUID":"ef67b0a7-5b27-496d-9f38-ab804a28e500","term":"2","command":"[]"} | ret=SUCCESS |  
2025-10-20 19:51:00,172 | INFO  | SCMAudit | user=runner | ip=127.0.0.1 | op=SEND_HEARTBEAT {"datanodeUUID":"7bb0e7f0-2b36-4ec0-8a09-ceac75d91a36","term":"2","command":"[]"} | ret=SUCCESS |  
2025-10-20 19:51:00,441 | INFO  | SCMAudit | user=runner | ip=127.0.0.1 | op=SEND_HEARTBEAT {"datanodeUUID":"361055de-215b-4c6c-94c2-be1c1da118d1","term":"2","command":"[]"} | ret=SUCCESS |  
2025-10-20 19:51:00,441 | INFO  | SCMAudit | user=runner | ip=127.0.0.1 | op=SEND_HEARTBEAT {"datanodeUUID":"af0e5da1-57af-45e9-9aca-fa0798d05628","term":"2","command":"[]"} | ret=SUCCESS |  
2025-10-20 19:51:00,441 | INFO  | SCMAudit | user=runner | ip=127.0.0.1 | op=SEND_HEARTBEAT {"datanodeUUID":"b614738c-cdff-4f09-bf59-ed5bb75d51be","term":"2","command":"[]"} | ret=SUCCESS |  
2025-10-20 19:51:00,441 | INFO  | SCMAudit | user=runner | ip=127.0.0.1 | op=SEND_HEARTBEAT {"datanodeUUID":"38991c48-ffb3-4453-b758-77d6b4ebc62b","term":"2","command":"[]"} | ret=SUCCESS |  
2025-10-20 19:51:00,451 | INFO  | SCMAudit | user=runner | ip=127.0.0.1 | op=SEND_HEARTBEAT {"datanodeUUID":"c90bff1f-5a1f-42c6-8fca-9533d718c79a","term":"2","command":"[]"} | ret=SUCCESS |  
2025-10-20 19:51:00,628 | INFO  | OMAudit | user=runner | ip=127.0.0.1 | op=READ_VOLUME {"volume":"8302409d-16fb-419a-add1-c0d5b753a186"} | ret=SUCCESS |  
2025-10-20 19:51:00,630 | INFO  | OMAudit | user=runner | ip=127.0.0.1 | op=READ_BUCKET {"volume":"8302409d-16fb-419a-add1-c0d5b753a186","bucket":"f45ad421-4110-47b2-8d39-b43620bdda2b"} | ret=SUCCESS |  
2025-10-20 19:51:00,632 | INFO  | OMAudit | user=runner | ip=127.0.0.1 | op=DELETE_KEY {"volume":"8302409d-16fb-419a-add1-c0d5b753a186","bucket":"f45ad421-4110-47b2-8d39-b43620bdda2b","key":"cb8204f2-a327-4f48-a081-47484fd28a0d","dataSize":"16777217","replicationConfig":"EC{rs-3-2-1024k}","Transaction":"406"} | ret=SUCCESS |  
2025-10-20 19:51:00,634 | INFO  | OMAudit | user=runner | ip=127.0.0.1 | op=READ_VOLUME {"volume":"8302409d-16fb-419a-add1-c0d5b753a186"} | ret=SUCCESS |  
2025-10-20 19:51:00,634 | INFO  | OMAudit | user=runner | ip=127.0.0.1 | op=READ_BUCKET {"volume":"8302409d-16fb-419a-add1-c0d5b753a186","bucket":"f45ad421-4110-47b2-8d39-b43620bdda2b"} | ret=SUCCESS |  
2025-10-20 19:51:00,644 | INFO  | SCMAudit | user=runner | ip=127.0.0.1 | op=SEND_HEARTBEAT {"datanodeUUID":"4f2bb3f5-0e03-4f1b-bb4c-79c91b98c7da","term":"2","command":"[]"} | ret=SUCCESS |  
2025-10-20 19:51:00,646 | INFO  | SCMAudit | user=runner | ip=127.0.0.1 | op=SEND_HEARTBEAT {"datanodeUUID":"cc7fbe85-1d98-437b-84f9-04213fee10f0","term":"2","command":"[]"} | ret=SUCCESS |  
2025-10-20 19:51:00,646 | INFO  | SCMAudit | user=runner | ip=127.0.0.1 | op=SEND_HEARTBEAT {"datanodeUUID":"605be85e-a7f4-44d7-8cfd-f53001b990b0","term":"2","command":"[]"} | ret=SUCCESS |  
2025-10-20 19:51:00,713 | INFO  | SCMAudit | user=runner | ip=127.0.0.1 | op=SEND_HEARTBEAT {"datanodeUUID":"feb39a1c-80cb-4714-ab06-a361236e3029","term":"2","command":"[]"} | ret=SUCCESS |  
2025-10-20 19:51:00,734 | INFO  | SCMAudit | user=runner | ip=127.0.0.1 | op=SEND_HEARTBEAT {"datanodeUUID":"e05592a5-d00f-4fc1-9e39-a968c1ecb04e","term":"2","command":"[]"} | ret=SUCCESS |  
2025-10-20 19:51:00,736 | INFO  | SCMAudit | user=runner | ip=127.0.0.1 | op=SEND_HEARTBEAT {"datanodeUUID":"33f74daf-be7a-4306-b2af-53e409c4cb93","term":"2","command":"[]"} | ret=SUCCESS |  
2025-10-20 19:51:00,840 | INFO  | SCMAudit | user=runner | ip=127.0.0.1 | op=SEND_HEARTBEAT {"datanodeUUID":"d7d8cf72-b9f6-4979-9c53-007dd6e6e48a","term":"2","command":"[]"} | ret=SUCCESS |  
2025-10-20 19:51:01,144 [om1-KeyDeletingService#2] INFO  service.KeyDeletingService (KeyDeletingService.java:processKeyDeletes(151)) - Send 1 key(s) to SCM, first 1 keys: [PurgedKey{blockGroup=BlockGroup[groupID='/8302409d-16fb-419a-add1-c0d5b753a186/f45ad421-4110-47b2-8d39-b43620bdda2b/cb8204f2-a327-4f48-a081-47484fd28a0d/-9223372036854673151/0', blockIDs=[conID: 22 locID: 115816896921600134 bcsId: 0 replicaIndex: null, conID: 24 locID: 115816896921600135 bcsId: 0 replicaIndex: null]], volume='8302409d-16fb-419a-add1-c0d5b753a186', bucket='f45ad421-4110-47b2-8d39-b43620bdda2b', bucketId=-9223372036854673408, purgedBytes=29360129, isCommittedKey=true, deleteKeyName='/8302409d-16fb-419a-add1-c0d5b753a186/f45ad421-4110-47b2-8d39-b43620bdda2b/cb8204f2-a327-4f48-a081-47484fd28a0d/-9223372036854673151'}]
2025-10-20 19:51:01,147 | INFO  | SCMAudit | user=runner | ip=127.0.0.1 | op=DELETE_KEY_BLOCK {"KeyBlockToDelete":"[BlockGroup[groupID='/8302409d-16fb-419a-add1-c0d5b753a186/f45ad421-4110-47b2-8d39-b43620bdda2b/cb8204f2-a327-4f48-a081-47484fd28a0d/-9223372036854673151/0', blockIDs=[conID: 22 locID: 115816896921600134 bcsId: 0 replicaIndex: null, conID: 24 locID: 115816896921600135 bcsId: 0 replicaIndex: null]]]"} | ret=SUCCESS |  
2025-10-20 19:51:01,147 [om1-KeyDeletingService#2] INFO  service.KeyDeletingService (KeyDeletingService.java:processKeyDeletes(158)) - 1 BlockGroup deletion are acked by SCM in 3 ms
2025-10-20 19:51:01,149 [om1-KeyDeletingService#2] INFO  service.KeyDeletingService (KeyDeletingService.java:processKeyDeletes(166)) - Blocks for 1 (out of 1) keys are deleted from DB in 1 ms. Limit per task is 50000.
2025-10-20 19:51:01,173 | INFO  | SCMAudit | user=runner | ip=127.0.0.1 | op=SEND_HEARTBEAT {"datanodeUUID":"7bb0e7f0-2b36-4ec0-8a09-ceac75d91a36","term":"2","command":"[]"} | ret=SUCCESS |  
2025-10-20 19:51:01,172 | INFO  | SCMAudit | user=runner | ip=127.0.0.1 | op=SEND_HEARTBEAT {"datanodeUUID":"ef67b0a7-5b27-496d-9f38-ab804a28e500","term":"2","command":"[]"} | ret=SUCCESS |  
2025-10-20 19:51:01,441 | INFO  | SCMAudit | user=runner | ip=127.0.0.1 | op=SEND_HEARTBEAT {"datanodeUUID":"361055de-215b-4c6c-94c2-be1c1da118d1","term":"2","command":"[]"} | ret=SUCCESS |  
2025-10-20 19:51:01,441 | INFO  | SCMAudit | user=runner | ip=127.0.0.1 | op=SEND_HEARTBEAT {"datanodeUUID":"b614738c-cdff-4f09-bf59-ed5bb75d51be","term":"2","command":"[]"} | ret=SUCCESS |  
2025-10-20 19:51:01,441 | INFO  | SCMAudit | user=runner | ip=127.0.0.1 | op=SEND_HEARTBEAT {"datanodeUUID":"38991c48-ffb3-4453-b758-77d6b4ebc62b","term":"2","command":"[]"} | ret=SUCCESS |  
2025-10-20 19:51:01,441 | INFO  | SCMAudit | user=runner | ip=127.0.0.1 | op=SEND_HEARTBEAT {"datanodeUUID":"af0e5da1-57af-45e9-9aca-fa0798d05628","term":"2","command":"[]"} | ret=SUCCESS |  
2025-10-20 19:51:01,451 | INFO  | SCMAudit | user=runner | ip=127.0.0.1 | op=SEND_HEARTBEAT {"datanodeUUID":"c90bff1f-5a1f-42c6-8fca-9533d718c79a","term":"2","command":"[]"} | ret=SUCCESS |  
2025-10-20 19:51:01,636 | INFO  | OMAudit | user=runner | ip=127.0.0.1 | op=READ_VOLUME {"volume":"8302409d-16fb-419a-add1-c0d5b753a186"} | ret=SUCCESS |  
2025-10-20 19:51:01,637 | INFO  | OMAudit | user=runner | ip=127.0.0.1 | op=READ_BUCKET {"volume":"8302409d-16fb-419a-add1-c0d5b753a186","bucket":"f45ad421-4110-47b2-8d39-b43620bdda2b"} | ret=SUCCESS |  
2025-10-20 19:51:01,637 [ForkJoinPool-1-worker-1] INFO  rpc.RpcClient (RpcClient.java:createVolume(461)) - Creating Volume: dfd43a7d-b9f6-472e-b653-38c43c70f5e6, with runner as owner and space quota set to -1 bytes, counts quota set to -1
2025-10-20 19:51:01,639 [om1-OMStateMachineApplyTransactionThread - 0] INFO  volume.OMVolumeCreateRequest (OMVolumeCreateRequest.java:validateAndUpdateCache(213)) - created volume:dfd43a7d-b9f6-472e-b653-38c43c70f5e6 for user:runner
2025-10-20 19:51:01,639 | INFO  | OMAudit | user=runner | ip=127.0.0.1 | op=CREATE_VOLUME {"admin":"runner","owner":"runner","volume":"dfd43a7d-b9f6-472e-b653-38c43c70f5e6","creationTime":"1760989861638","modificationTime":"1760989861638","quotaInBytes":"-1","quotaInNamespace":"-1","usedNamespace":"0","objectID":"-9223372036854671360","updateID":"408","Transaction":"408"} | ret=SUCCESS |  
2025-10-20 19:51:01,640 | INFO  | OMAudit | user=runner | ip=127.0.0.1 | op=READ_VOLUME {"volume":"dfd43a7d-b9f6-472e-b653-38c43c70f5e6"} | ret=SUCCESS |  
2025-10-20 19:51:01,641 [ForkJoinPool-1-worker-1] INFO  rpc.RpcClient (RpcClient.java:createBucket(686)) - Creating Bucket: dfd43a7d-b9f6-472e-b653-38c43c70f5e6/5419ebc9-0b7a-4182-a823-2f8876454cf4, with server-side default bucket layout, runner as owner, Versioning false, Storage Type set to DISK and Encryption set to false, Replication Type set to server-side default replication type, Namespace Quota set to -1, Space Quota set to -1 
2025-10-20 19:51:01,643 [om1-OMStateMachineApplyTransactionThread - 0] INFO  bucket.OMBucketCreateRequest (OMBucketCreateRequest.java:validateAndUpdateCache(303)) - created bucket: 5419ebc9-0b7a-4182-a823-2f8876454cf4 of layout FILE_SYSTEM_OPTIMIZED in volume: dfd43a7d-b9f6-472e-b653-38c43c70f5e6
2025-10-20 19:51:01,643 | INFO  | OMAudit | user=runner | ip=127.0.0.1 | op=CREATE_BUCKET {"volume":"dfd43a7d-b9f6-472e-b653-38c43c70f5e6","bucket":"5419ebc9-0b7a-4182-a823-2f8876454cf4","bucketLayout":"FILE_SYSTEM_OPTIMIZED","gdprEnabled":null,"acls":"[user:runner:a[ACCESS], group:runner:rl[ACCESS]]","isVersionEnabled":"false","storageType":"DISK","creationTime":"1760989861642","bucketEncryptionKey":null,"modificationTime":"1760989861642","usedBytes":"0","usedNamespace":"0","snapshotUsedBytes":"0","snapshotUsedNamespace":"0","owner":"runner","replicationType":null,"replicationConfig":null,"quotaInBytes":"-1","quotaInNamespace":"-1","Transaction":"409"} | ret=SUCCESS |  
2025-10-20 19:51:01,644 | INFO  | OMAudit | user=runner | ip=127.0.0.1 | op=READ_BUCKET {"volume":"dfd43a7d-b9f6-472e-b653-38c43c70f5e6","bucket":"5419ebc9-0b7a-4182-a823-2f8876454cf4"} | ret=SUCCESS |  
2025-10-20 19:51:01,644 | INFO  | SCMAudit | user=runner | ip=127.0.0.1 | op=SEND_HEARTBEAT {"datanodeUUID":"4f2bb3f5-0e03-4f1b-bb4c-79c91b98c7da","term":"2","command":"[]"} | ret=SUCCESS |  
2025-10-20 19:51:01,646 | INFO  | SCMAudit | user=runner | ip=127.0.0.1 | op=SEND_HEARTBEAT {"datanodeUUID":"605be85e-a7f4-44d7-8cfd-f53001b990b0","term":"2","command":"[]"} | ret=SUCCESS |  
2025-10-20 19:51:01,646 | INFO  | SCMAudit | user=runner | ip=127.0.0.1 | op=SEND_HEARTBEAT {"datanodeUUID":"cc7fbe85-1d98-437b-84f9-04213fee10f0","term":"2","command":"[]"} | ret=SUCCESS |  
2025-10-20 19:51:01,647 | INFO  | OMAudit | user=runner | ip=127.0.0.1 | op=READ_BUCKET {"volume":"dfd43a7d-b9f6-472e-b653-38c43c70f5e6","bucket":"5419ebc9-0b7a-4182-a823-2f8876454cf4"} | ret=SUCCESS |  
2025-10-20 19:51:01,648 | INFO  | SCMAudit | user=runner | ip=127.0.0.1 | op=ALLOCATE_BLOCK {"replication":"EC{rs-3-2-1024k}","owner":"omServiceIdDefault","size":"4194304","sampleBlocks":"[conID: 26 locID: 115816896921600136, conID: 23 locID: 115816896921600137]","num":"2","client":"","allocated":"2"} | ret=SUCCESS |  
2025-10-20 19:51:01,651 | INFO  | OMAudit | user=runner | ip=127.0.0.1 | op=ALLOCATE_KEY {"volume":"dfd43a7d-b9f6-472e-b653-38c43c70f5e6","bucket":"5419ebc9-0b7a-4182-a823-2f8876454cf4","key":"5497e5a4-2364-49e3-8e5a-7e7175bd7b9a","dataSize":"20971520","replicationType":"EC","replicationConfig":"rs-3-2-1048576","Transaction":"410"} | ret=SUCCESS |  
2025-10-20 19:51:01,652 | INFO  | OMAudit | user=runner | ip=127.0.0.1 | op=READ_VOLUME {"volume":"dfd43a7d-b9f6-472e-b653-38c43c70f5e6"} | ret=SUCCESS |  
2025-10-20 19:51:01,653 | INFO  | OMAudit | user=runner | ip=127.0.0.1 | op=READ_BUCKET {"volume":"dfd43a7d-b9f6-472e-b653-38c43c70f5e6","bucket":"5419ebc9-0b7a-4182-a823-2f8876454cf4"} | ret=SUCCESS |  
2025-10-20 19:51:01,717 | INFO  | SCMAudit | user=runner | ip=127.0.0.1 | op=SEND_HEARTBEAT {"datanodeUUID":"feb39a1c-80cb-4714-ab06-a361236e3029","term":"2","command":"[]"} | ret=SUCCESS |  
2025-10-20 19:51:01,735 | INFO  | SCMAudit | user=runner | ip=127.0.0.1 | op=SEND_HEARTBEAT {"datanodeUUID":"e05592a5-d00f-4fc1-9e39-a968c1ecb04e","term":"2","command":"[]"} | ret=SUCCESS |  
2025-10-20 19:51:01,738 | INFO  | SCMAudit | user=runner | ip=127.0.0.1 | op=SEND_HEARTBEAT {"datanodeUUID":"33f74daf-be7a-4306-b2af-53e409c4cb93","term":"2","command":"[]"} | ret=SUCCESS |  
2025-10-20 19:51:01,749 | INFO  | OMAudit | user=runner | ip=127.0.0.1 | op=COMMIT_KEY {"volume":"dfd43a7d-b9f6-472e-b653-38c43c70f5e6","bucket":"5419ebc9-0b7a-4182-a823-2f8876454cf4","key":"5497e5a4-2364-49e3-8e5a-7e7175bd7b9a","dataSize":"20971520","replicationType":"EC","replicationConfig":"rs-3-2-1048576","Transaction":"411"} | ret=SUCCESS |  
2025-10-20 19:51:01,751 | INFO  | OMAudit | user=runner | ip=127.0.0.1 | op=READ_VOLUME {"volume":"dfd43a7d-b9f6-472e-b653-38c43c70f5e6"} | ret=SUCCESS |  
2025-10-20 19:51:01,752 | INFO  | OMAudit | user=runner | ip=127.0.0.1 | op=READ_BUCKET {"volume":"dfd43a7d-b9f6-472e-b653-38c43c70f5e6","bucket":"5419ebc9-0b7a-4182-a823-2f8876454cf4"} | ret=SUCCESS |  
2025-10-20 19:51:01,753 | INFO  | OMAudit | user=runner | ip=127.0.0.1 | op=READ_BUCKET {"volume":"dfd43a7d-b9f6-472e-b653-38c43c70f5e6","bucket":"5419ebc9-0b7a-4182-a823-2f8876454cf4"} | ret=SUCCESS |  
2025-10-20 19:51:01,754 | INFO  | SCMAudit | user=runner | ip=127.0.0.1 | op=ALLOCATE_BLOCK {"replication":"EC{rs-3-2-1024k}","owner":"omServiceIdDefault","size":"4194304","sampleBlocks":"[conID: 22 locID: 115816896921600138, conID: 25 locID: 115816896921600139]","num":"2","client":"","allocated":"2"} | ret=SUCCESS |  
2025-10-20 19:51:01,758 | INFO  | OMAudit | user=runner | ip=127.0.0.1 | op=ALLOCATE_KEY {"volume":"dfd43a7d-b9f6-472e-b653-38c43c70f5e6","bucket":"5419ebc9-0b7a-4182-a823-2f8876454cf4","key":"5497e5a4-2364-49e3-8e5a-7e7175bd7b9a","dataSize":"20971520","replicationType":"EC","replicationConfig":"rs-3-2-1048576","Transaction":"412"} | ret=SUCCESS |  
2025-10-20 19:51:01,760 | INFO  | OMAudit | user=runner | ip=127.0.0.1 | op=READ_VOLUME {"volume":"dfd43a7d-b9f6-472e-b653-38c43c70f5e6"} | ret=SUCCESS |  
2025-10-20 19:51:01,762 | INFO  | OMAudit | user=runner | ip=127.0.0.1 | op=READ_BUCKET {"volume":"dfd43a7d-b9f6-472e-b653-38c43c70f5e6","bucket":"5419ebc9-0b7a-4182-a823-2f8876454cf4"} | ret=SUCCESS |  
2025-10-20 19:51:01,841 | INFO  | SCMAudit | user=runner | ip=127.0.0.1 | op=SEND_HEARTBEAT {"datanodeUUID":"d7d8cf72-b9f6-4979-9c53-007dd6e6e48a","term":"2","command":"[]"} | ret=SUCCESS |  
2025-10-20 19:51:01,872 | INFO  | OMAudit | user=runner | ip=127.0.0.1 | op=COMMIT_KEY {"volume":"dfd43a7d-b9f6-472e-b653-38c43c70f5e6","bucket":"5419ebc9-0b7a-4182-a823-2f8876454cf4","key":"5497e5a4-2364-49e3-8e5a-7e7175bd7b9a","dataSize":"20971520","replicationType":"EC","replicationConfig":"rs-3-2-1048576","Transaction":"413"} | ret=SUCCESS |  
2025-10-20 19:51:01,874 | INFO  | OMAudit | user=runner | ip=127.0.0.1 | op=READ_VOLUME {"volume":"dfd43a7d-b9f6-472e-b653-38c43c70f5e6"} | ret=SUCCESS |  
2025-10-20 19:51:01,875 | INFO  | OMAudit | user=runner | ip=127.0.0.1 | op=READ_BUCKET {"volume":"dfd43a7d-b9f6-472e-b653-38c43c70f5e6","bucket":"5419ebc9-0b7a-4182-a823-2f8876454cf4"} | ret=SUCCESS |  
2025-10-20 19:51:02,145 [om1-KeyDeletingService#8] INFO  service.KeyDeletingService (KeyDeletingService.java:processKeyDeletes(151)) - Send 1 key(s) to SCM, first 1 keys: [PurgedKey{blockGroup=BlockGroup[groupID='/dfd43a7d-b9f6-472e-b653-38c43c70f5e6/5419ebc9-0b7a-4182-a823-2f8876454cf4/5497e5a4-2364-49e3-8e5a-7e7175bd7b9a/-9223372036854670080/0', blockIDs=[conID: 26 locID: 115816896921600136 bcsId: 0 replicaIndex: null, conID: 23 locID: 115816896921600137 bcsId: 0 replicaIndex: null]], volume='dfd43a7d-b9f6-472e-b653-38c43c70f5e6', bucket='5419ebc9-0b7a-4182-a823-2f8876454cf4', bucketId=-9223372036854671104, purgedBytes=35651584, isCommittedKey=true, deleteKeyName='/dfd43a7d-b9f6-472e-b653-38c43c70f5e6/5419ebc9-0b7a-4182-a823-2f8876454cf4/5497e5a4-2364-49e3-8e5a-7e7175bd7b9a/-9223372036854670080'}]
2025-10-20 19:51:02,147 | INFO  | SCMAudit | user=runner | ip=127.0.0.1 | op=DELETE_KEY_BLOCK {"KeyBlockToDelete":"[BlockGroup[groupID='/dfd43a7d-b9f6-472e-b653-38c43c70f5e6/5419ebc9-0b7a-4182-a823-2f8876454cf4/5497e5a4-2364-49e3-8e5a-7e7175bd7b9a/-9223372036854670080/0', blockIDs=[conID: 26 locID: 115816896921600136 bcsId: 0 replicaIndex: null, conID: 23 locID: 115816896921600137 bcsId: 0 replicaIndex: null]]]"} | ret=SUCCESS |  
2025-10-20 19:51:02,147 [om1-KeyDeletingService#8] INFO  service.KeyDeletingService (KeyDeletingService.java:processKeyDeletes(158)) - 1 BlockGroup deletion are acked by SCM in 3 ms
2025-10-20 19:51:02,149 [om1-KeyDeletingService#8] INFO  service.KeyDeletingService (KeyDeletingService.java:processKeyDeletes(166)) - Blocks for 1 (out of 1) keys are deleted from DB in 1 ms. Limit per task is 50000.
2025-10-20 19:51:02,173 | INFO  | SCMAudit | user=runner | ip=127.0.0.1 | op=SEND_HEARTBEAT {"datanodeUUID":"ef67b0a7-5b27-496d-9f38-ab804a28e500","term":"2","command":"[]"} | ret=SUCCESS |  
2025-10-20 19:51:02,173 | INFO  | SCMAudit | user=runner | ip=127.0.0.1 | op=SEND_HEARTBEAT {"datanodeUUID":"7bb0e7f0-2b36-4ec0-8a09-ceac75d91a36","term":"2","command":"[]"} | ret=SUCCESS |  
2025-10-20 19:51:02,441 | INFO  | SCMAudit | user=runner | ip=127.0.0.1 | op=SEND_HEARTBEAT {"datanodeUUID":"af0e5da1-57af-45e9-9aca-fa0798d05628","term":"2","command":"[]"} | ret=SUCCESS |  
2025-10-20 19:51:02,441 | INFO  | SCMAudit | user=runner | ip=127.0.0.1 | op=SEND_HEARTBEAT {"datanodeUUID":"38991c48-ffb3-4453-b758-77d6b4ebc62b","term":"2","command":"[]"} | ret=SUCCESS |  
2025-10-20 19:51:02,441 | INFO  | SCMAudit | user=runner | ip=127.0.0.1 | op=SEND_HEARTBEAT {"datanodeUUID":"361055de-215b-4c6c-94c2-be1c1da118d1","term":"2","command":"[]"} | ret=SUCCESS |  
2025-10-20 19:51:02,441 | INFO  | SCMAudit | user=runner | ip=127.0.0.1 | op=SEND_HEARTBEAT {"datanodeUUID":"b614738c-cdff-4f09-bf59-ed5bb75d51be","term":"2","command":"[]"} | ret=SUCCESS |  
2025-10-20 19:51:02,451 | INFO  | SCMAudit | user=runner | ip=127.0.0.1 | op=SEND_HEARTBEAT {"datanodeUUID":"c90bff1f-5a1f-42c6-8fca-9533d718c79a","term":"2","command":"[]"} | ret=SUCCESS |  
2025-10-20 19:51:02,644 | INFO  | SCMAudit | user=runner | ip=127.0.0.1 | op=SEND_HEARTBEAT {"datanodeUUID":"4f2bb3f5-0e03-4f1b-bb4c-79c91b98c7da","term":"2","command":"[]"} | ret=SUCCESS |  
2025-10-20 19:51:02,646 | INFO  | SCMAudit | user=runner | ip=127.0.0.1 | op=SEND_HEARTBEAT {"datanodeUUID":"cc7fbe85-1d98-437b-84f9-04213fee10f0","term":"2","command":"[]"} | ret=SUCCESS |  
2025-10-20 19:51:02,646 | INFO  | SCMAudit | user=runner | ip=127.0.0.1 | op=SEND_HEARTBEAT {"datanodeUUID":"605be85e-a7f4-44d7-8cfd-f53001b990b0","term":"2","command":"[]"} | ret=SUCCESS |  
2025-10-20 19:51:02,717 | INFO  | SCMAudit | user=runner | ip=127.0.0.1 | op=SEND_HEARTBEAT {"datanodeUUID":"feb39a1c-80cb-4714-ab06-a361236e3029","term":"2","command":"[]"} | ret=SUCCESS |  
2025-10-20 19:51:02,734 | INFO  | SCMAudit | user=runner | ip=127.0.0.1 | op=SEND_HEARTBEAT {"datanodeUUID":"e05592a5-d00f-4fc1-9e39-a968c1ecb04e","term":"2","command":"[]"} | ret=SUCCESS |  
2025-10-20 19:51:02,738 | INFO  | SCMAudit | user=runner | ip=127.0.0.1 | op=SEND_HEARTBEAT {"datanodeUUID":"33f74daf-be7a-4306-b2af-53e409c4cb93","term":"2","command":"[]"} | ret=SUCCESS |  
2025-10-20 19:51:02,842 | INFO  | SCMAudit | user=runner | ip=127.0.0.1 | op=SEND_HEARTBEAT {"datanodeUUID":"d7d8cf72-b9f6-4979-9c53-007dd6e6e48a","term":"2","command":"[]"} | ret=SUCCESS |  
2025-10-20 19:51:02,876 | INFO  | OMAudit | user=runner | ip=127.0.0.1 | op=READ_VOLUME {"volume":"dfd43a7d-b9f6-472e-b653-38c43c70f5e6"} | ret=SUCCESS |  
2025-10-20 19:51:02,878 | INFO  | OMAudit | user=runner | ip=127.0.0.1 | op=READ_BUCKET {"volume":"dfd43a7d-b9f6-472e-b653-38c43c70f5e6","bucket":"5419ebc9-0b7a-4182-a823-2f8876454cf4"} | ret=SUCCESS |  
2025-10-20 19:51:02,881 | INFO  | OMAudit | user=runner | ip=127.0.0.1 | op=DELETE_KEY {"volume":"dfd43a7d-b9f6-472e-b653-38c43c70f5e6","bucket":"5419ebc9-0b7a-4182-a823-2f8876454cf4","key":"5497e5a4-2364-49e3-8e5a-7e7175bd7b9a","dataSize":"20971520","replicationConfig":"EC{rs-3-2-1024k}","Transaction":"415"} | ret=SUCCESS |  
2025-10-20 19:51:02,882 | INFO  | OMAudit | user=runner | ip=127.0.0.1 | op=READ_VOLUME {"volume":"dfd43a7d-b9f6-472e-b653-38c43c70f5e6"} | ret=SUCCESS |  
2025-10-20 19:51:02,883 | INFO  | OMAudit | user=runner | ip=127.0.0.1 | op=READ_BUCKET {"volume":"dfd43a7d-b9f6-472e-b653-38c43c70f5e6","bucket":"5419ebc9-0b7a-4182-a823-2f8876454cf4"} | ret=SUCCESS |  
2025-10-20 19:51:03,145 [om1-KeyDeletingService#3] INFO  service.KeyDeletingService (KeyDeletingService.java:processKeyDeletes(151)) - Send 1 key(s) to SCM, first 1 keys: [PurgedKey{blockGroup=BlockGroup[groupID='/dfd43a7d-b9f6-472e-b653-38c43c70f5e6/5419ebc9-0b7a-4182-a823-2f8876454cf4/5497e5a4-2364-49e3-8e5a-7e7175bd7b9a/-9223372036854670847/0', blockIDs=[conID: 22 locID: 115816896921600138 bcsId: 0 replicaIndex: null, conID: 25 locID: 115816896921600139 bcsId: 0 replicaIndex: null]], volume='dfd43a7d-b9f6-472e-b653-38c43c70f5e6', bucket='5419ebc9-0b7a-4182-a823-2f8876454cf4', bucketId=-9223372036854671104, purgedBytes=35651584, isCommittedKey=true, deleteKeyName='/dfd43a7d-b9f6-472e-b653-38c43c70f5e6/5419ebc9-0b7a-4182-a823-2f8876454cf4/5497e5a4-2364-49e3-8e5a-7e7175bd7b9a/-9223372036854670847'}]
2025-10-20 19:51:03,147 | INFO  | SCMAudit | user=runner | ip=127.0.0.1 | op=DELETE_KEY_BLOCK {"KeyBlockToDelete":"[BlockGroup[groupID='/dfd43a7d-b9f6-472e-b653-38c43c70f5e6/5419ebc9-0b7a-4182-a823-2f8876454cf4/5497e5a4-2364-49e3-8e5a-7e7175bd7b9a/-9223372036854670847/0', blockIDs=[conID: 22 locID: 115816896921600138 bcsId: 0 replicaIndex: null, conID: 25 locID: 115816896921600139 bcsId: 0 replicaIndex: null]]]"} | ret=SUCCESS |  
2025-10-20 19:51:03,147 [om1-KeyDeletingService#3] INFO  service.KeyDeletingService (KeyDeletingService.java:processKeyDeletes(158)) - 1 BlockGroup deletion are acked by SCM in 3 ms
2025-10-20 19:51:03,149 [om1-KeyDeletingService#3] INFO  service.KeyDeletingService (KeyDeletingService.java:processKeyDeletes(166)) - Blocks for 1 (out of 1) keys are deleted from DB in 1 ms. Limit per task is 50000.
2025-10-20 19:51:03,173 | INFO  | SCMAudit | user=runner | ip=127.0.0.1 | op=SEND_HEARTBEAT {"datanodeUUID":"7bb0e7f0-2b36-4ec0-8a09-ceac75d91a36","term":"2","command":"[]"} | ret=SUCCESS |  
2025-10-20 19:51:03,173 | INFO  | SCMAudit | user=runner | ip=127.0.0.1 | op=SEND_HEARTBEAT {"datanodeUUID":"ef67b0a7-5b27-496d-9f38-ab804a28e500","term":"2","command":"[]"} | ret=SUCCESS |  
2025-10-20 19:51:03,442 | INFO  | SCMAudit | user=runner | ip=127.0.0.1 | op=SEND_HEARTBEAT {"datanodeUUID":"361055de-215b-4c6c-94c2-be1c1da118d1","term":"2","command":"[]"} | ret=SUCCESS |  
2025-10-20 19:51:03,442 | INFO  | SCMAudit | user=runner | ip=127.0.0.1 | op=SEND_HEARTBEAT {"datanodeUUID":"b614738c-cdff-4f09-bf59-ed5bb75d51be","term":"2","command":"[]"} | ret=SUCCESS |  
2025-10-20 19:51:03,442 | INFO  | SCMAudit | user=runner | ip=127.0.0.1 | op=SEND_HEARTBEAT {"datanodeUUID":"af0e5da1-57af-45e9-9aca-fa0798d05628","term":"2","command":"[]"} | ret=SUCCESS |  
2025-10-20 19:51:03,442 | INFO  | SCMAudit | user=runner | ip=127.0.0.1 | op=SEND_HEARTBEAT {"datanodeUUID":"38991c48-ffb3-4453-b758-77d6b4ebc62b","term":"2","command":"[]"} | ret=SUCCESS |  
2025-10-20 19:51:03,451 | INFO  | SCMAudit | user=runner | ip=127.0.0.1 | op=SEND_HEARTBEAT {"datanodeUUID":"c90bff1f-5a1f-42c6-8fca-9533d718c79a","term":"2","command":"[]"} | ret=SUCCESS |  
2025-10-20 19:51:03,645 | INFO  | SCMAudit | user=runner | ip=127.0.0.1 | op=SEND_HEARTBEAT {"datanodeUUID":"4f2bb3f5-0e03-4f1b-bb4c-79c91b98c7da","term":"2","command":"[]"} | ret=SUCCESS |  
2025-10-20 19:51:03,646 | INFO  | SCMAudit | user=runner | ip=127.0.0.1 | op=SEND_HEARTBEAT {"datanodeUUID":"cc7fbe85-1d98-437b-84f9-04213fee10f0","term":"2","command":"[]"} | ret=SUCCESS |  
2025-10-20 19:51:03,646 | INFO  | SCMAudit | user=runner | ip=127.0.0.1 | op=SEND_HEARTBEAT {"datanodeUUID":"605be85e-a7f4-44d7-8cfd-f53001b990b0","term":"2","command":"[]"} | ret=SUCCESS |  
2025-10-20 19:51:03,716 | INFO  | SCMAudit | user=runner | ip=127.0.0.1 | op=SEND_HEARTBEAT {"datanodeUUID":"feb39a1c-80cb-4714-ab06-a361236e3029","term":"2","command":"[]"} | ret=SUCCESS |  
2025-10-20 19:51:03,734 | INFO  | SCMAudit | user=runner | ip=127.0.0.1 | op=SEND_HEARTBEAT {"datanodeUUID":"e05592a5-d00f-4fc1-9e39-a968c1ecb04e","term":"2","command":"[]"} | ret=SUCCESS |  
2025-10-20 19:51:03,738 | INFO  | SCMAudit | user=runner | ip=127.0.0.1 | op=SEND_HEARTBEAT {"datanodeUUID":"33f74daf-be7a-4306-b2af-53e409c4cb93","term":"2","command":"[]"} | ret=SUCCESS |  
2025-10-20 19:51:03,842 | INFO  | SCMAudit | user=runner | ip=127.0.0.1 | op=SEND_HEARTBEAT {"datanodeUUID":"d7d8cf72-b9f6-4979-9c53-007dd6e6e48a","term":"2","command":"[]"} | ret=SUCCESS |  
2025-10-20 19:51:03,884 | INFO  | OMAudit | user=runner | ip=127.0.0.1 | op=READ_VOLUME {"volume":"dfd43a7d-b9f6-472e-b653-38c43c70f5e6"} | ret=SUCCESS |  
2025-10-20 19:51:03,885 | INFO  | OMAudit | user=runner | ip=127.0.0.1 | op=READ_BUCKET {"volume":"dfd43a7d-b9f6-472e-b653-38c43c70f5e6","bucket":"5419ebc9-0b7a-4182-a823-2f8876454cf4"} | ret=SUCCESS |  
2025-10-20 19:51:03,886 [ForkJoinPool-1-worker-1] INFO  rpc.RpcClient (RpcClient.java:createVolume(461)) - Creating Volume: cc0c6577-5f8a-4c6b-8be7-39ddb272e10e, with runner as owner and space quota set to -1 bytes, counts quota set to -1
2025-10-20 19:51:03,888 [om1-OMStateMachineApplyTransactionThread - 0] INFO  volume.OMVolumeCreateRequest (OMVolumeCreateRequest.java:validateAndUpdateCache(213)) - created volume:cc0c6577-5f8a-4c6b-8be7-39ddb272e10e for user:runner
2025-10-20 19:51:03,888 | INFO  | OMAudit | user=runner | ip=127.0.0.1 | op=CREATE_VOLUME {"admin":"runner","owner":"runner","volume":"cc0c6577-5f8a-4c6b-8be7-39ddb272e10e","creationTime":"1760989863886","modificationTime":"1760989863886","quotaInBytes":"-1","quotaInNamespace":"-1","usedNamespace":"0","objectID":"-9223372036854669056","updateID":"417","Transaction":"417"} | ret=SUCCESS |  
2025-10-20 19:51:03,889 | INFO  | OMAudit | user=runner | ip=127.0.0.1 | op=READ_VOLUME {"volume":"cc0c6577-5f8a-4c6b-8be7-39ddb272e10e"} | ret=SUCCESS |  
2025-10-20 19:51:03,889 [ForkJoinPool-1-worker-1] INFO  rpc.RpcClient (RpcClient.java:createBucket(686)) - Creating Bucket: cc0c6577-5f8a-4c6b-8be7-39ddb272e10e/34a37aca-7ff5-450c-bf42-101521151d4b, with server-side default bucket layout, runner as owner, Versioning false, Storage Type set to DISK and Encryption set to false, Replication Type set to server-side default replication type, Namespace Quota set to -1, Space Quota set to -1 
2025-10-20 19:51:03,891 [om1-OMStateMachineApplyTransactionThread - 0] INFO  bucket.OMBucketCreateRequest (OMBucketCreateRequest.java:validateAndUpdateCache(303)) - created bucket: 34a37aca-7ff5-450c-bf42-101521151d4b of layout FILE_SYSTEM_OPTIMIZED in volume: cc0c6577-5f8a-4c6b-8be7-39ddb272e10e
2025-10-20 19:51:03,891 | INFO  | OMAudit | user=runner | ip=127.0.0.1 | op=CREATE_BUCKET {"volume":"cc0c6577-5f8a-4c6b-8be7-39ddb272e10e","bucket":"34a37aca-7ff5-450c-bf42-101521151d4b","bucketLayout":"FILE_SYSTEM_OPTIMIZED","gdprEnabled":null,"acls":"[user:runner:a[ACCESS], group:runner:rl[ACCESS]]","isVersionEnabled":"false","storageType":"DISK","creationTime":"1760989863890","bucketEncryptionKey":null,"modificationTime":"1760989863890","usedBytes":"0","usedNamespace":"0","snapshotUsedBytes":"0","snapshotUsedNamespace":"0","owner":"runner","replicationType":null,"replicationConfig":null,"quotaInBytes":"-1","quotaInNamespace":"-1","Transaction":"418"} | ret=SUCCESS |  
2025-10-20 19:51:03,892 | INFO  | OMAudit | user=runner | ip=127.0.0.1 | op=READ_BUCKET {"volume":"cc0c6577-5f8a-4c6b-8be7-39ddb272e10e","bucket":"34a37aca-7ff5-450c-bf42-101521151d4b"} | ret=SUCCESS |  
2025-10-20 19:51:03,895 | INFO  | OMAudit | user=runner | ip=127.0.0.1 | op=READ_BUCKET {"volume":"cc0c6577-5f8a-4c6b-8be7-39ddb272e10e","bucket":"34a37aca-7ff5-450c-bf42-101521151d4b"} | ret=SUCCESS |  
2025-10-20 19:51:03,896 | INFO  | SCMAudit | user=runner | ip=127.0.0.1 | op=ALLOCATE_BLOCK {"replication":"EC{rs-3-2-1024k}","owner":"omServiceIdDefault","size":"4194304","sampleBlocks":"[conID: 23 locID: 115816896921600140, conID: 26 locID: 115816896921600141]","num":"2","client":"","allocated":"2"} | ret=SUCCESS |  
2025-10-20 19:51:03,899 | INFO  | OMAudit | user=runner | ip=127.0.0.1 | op=ALLOCATE_KEY {"volume":"cc0c6577-5f8a-4c6b-8be7-39ddb272e10e","bucket":"34a37aca-7ff5-450c-bf42-101521151d4b","key":"32b8a53c-b585-4c3d-b8c3-80cdd713eb44","dataSize":"20971521","replicationType":"EC","replicationConfig":"rs-3-2-1048576","Transaction":"419"} | ret=SUCCESS |  
2025-10-20 19:51:03,900 | INFO  | OMAudit | user=runner | ip=127.0.0.1 | op=READ_VOLUME {"volume":"cc0c6577-5f8a-4c6b-8be7-39ddb272e10e"} | ret=SUCCESS |  
2025-10-20 19:51:03,901 | INFO  | OMAudit | user=runner | ip=127.0.0.1 | op=READ_BUCKET {"volume":"cc0c6577-5f8a-4c6b-8be7-39ddb272e10e","bucket":"34a37aca-7ff5-450c-bf42-101521151d4b"} | ret=SUCCESS |  
2025-10-20 19:51:04,001 | INFO  | OMAudit | user=runner | ip=127.0.0.1 | op=COMMIT_KEY {"volume":"cc0c6577-5f8a-4c6b-8be7-39ddb272e10e","bucket":"34a37aca-7ff5-450c-bf42-101521151d4b","key":"32b8a53c-b585-4c3d-b8c3-80cdd713eb44","dataSize":"20971521","replicationType":"EC","replicationConfig":"rs-3-2-1048576","Transaction":"420"} | ret=SUCCESS |  
2025-10-20 19:51:04,002 | INFO  | OMAudit | user=runner | ip=127.0.0.1 | op=READ_VOLUME {"volume":"cc0c6577-5f8a-4c6b-8be7-39ddb272e10e"} | ret=SUCCESS |  
2025-10-20 19:51:04,003 | INFO  | OMAudit | user=runner | ip=127.0.0.1 | op=READ_BUCKET {"volume":"cc0c6577-5f8a-4c6b-8be7-39ddb272e10e","bucket":"34a37aca-7ff5-450c-bf42-101521151d4b"} | ret=SUCCESS |  
2025-10-20 19:51:04,005 | INFO  | OMAudit | user=runner | ip=127.0.0.1 | op=READ_BUCKET {"volume":"cc0c6577-5f8a-4c6b-8be7-39ddb272e10e","bucket":"34a37aca-7ff5-450c-bf42-101521151d4b"} | ret=SUCCESS |  
2025-10-20 19:51:04,006 | INFO  | SCMAudit | user=runner | ip=127.0.0.1 | op=ALLOCATE_BLOCK {"replication":"EC{rs-3-2-1024k}","owner":"omServiceIdDefault","size":"4194304","sampleBlocks":"[conID: 23 locID: 115816896921600142, conID: 24 locID: 115816896921600143]","num":"2","client":"","allocated":"2"} | ret=SUCCESS |  
2025-10-20 19:51:04,009 | INFO  | OMAudit | user=runner | ip=127.0.0.1 | op=ALLOCATE_KEY {"volume":"cc0c6577-5f8a-4c6b-8be7-39ddb272e10e","bucket":"34a37aca-7ff5-450c-bf42-101521151d4b","key":"32b8a53c-b585-4c3d-b8c3-80cdd713eb44","dataSize":"20971521","replicationType":"EC","replicationConfig":"rs-3-2-1048576","Transaction":"421"} | ret=SUCCESS |  
2025-10-20 19:51:04,011 | INFO  | OMAudit | user=runner | ip=127.0.0.1 | op=READ_VOLUME {"volume":"cc0c6577-5f8a-4c6b-8be7-39ddb272e10e"} | ret=SUCCESS |  
2025-10-20 19:51:04,012 | INFO  | OMAudit | user=runner | ip=127.0.0.1 | op=READ_BUCKET {"volume":"cc0c6577-5f8a-4c6b-8be7-39ddb272e10e","bucket":"34a37aca-7ff5-450c-bf42-101521151d4b"} | ret=SUCCESS |  
2025-10-20 19:51:04,100 | INFO  | OMAudit | user=runner | ip=127.0.0.1 | op=COMMIT_KEY {"volume":"cc0c6577-5f8a-4c6b-8be7-39ddb272e10e","bucket":"34a37aca-7ff5-450c-bf42-101521151d4b","key":"32b8a53c-b585-4c3d-b8c3-80cdd713eb44","dataSize":"20971521","replicationType":"EC","replicationConfig":"rs-3-2-1048576","Transaction":"422"} | ret=SUCCESS |  
2025-10-20 19:51:04,102 | INFO  | OMAudit | user=runner | ip=127.0.0.1 | op=READ_VOLUME {"volume":"cc0c6577-5f8a-4c6b-8be7-39ddb272e10e"} | ret=SUCCESS |  
2025-10-20 19:51:04,103 | INFO  | OMAudit | user=runner | ip=127.0.0.1 | op=READ_BUCKET {"volume":"cc0c6577-5f8a-4c6b-8be7-39ddb272e10e","bucket":"34a37aca-7ff5-450c-bf42-101521151d4b"} | ret=SUCCESS |  
2025-10-20 19:51:04,145 [om1-KeyDeletingService#9] INFO  service.KeyDeletingService (KeyDeletingService.java:processKeyDeletes(151)) - Send 1 key(s) to SCM, first 1 keys: [PurgedKey{blockGroup=BlockGroup[groupID='/cc0c6577-5f8a-4c6b-8be7-39ddb272e10e/34a37aca-7ff5-450c-bf42-101521151d4b/32b8a53c-b585-4c3d-b8c3-80cdd713eb44/-9223372036854667776/0', blockIDs=[conID: 23 locID: 115816896921600140 bcsId: 0 replicaIndex: null, conID: 26 locID: 115816896921600141 bcsId: 0 replicaIndex: null]], volume='cc0c6577-5f8a-4c6b-8be7-39ddb272e10e', bucket='34a37aca-7ff5-450c-bf42-101521151d4b', bucketId=-9223372036854668800, purgedBytes=35651585, isCommittedKey=true, deleteKeyName='/cc0c6577-5f8a-4c6b-8be7-39ddb272e10e/34a37aca-7ff5-450c-bf42-101521151d4b/32b8a53c-b585-4c3d-b8c3-80cdd713eb44/-9223372036854667776'}]
2025-10-20 19:51:04,147 | INFO  | SCMAudit | user=runner | ip=127.0.0.1 | op=DELETE_KEY_BLOCK {"KeyBlockToDelete":"[BlockGroup[groupID='/cc0c6577-5f8a-4c6b-8be7-39ddb272e10e/34a37aca-7ff5-450c-bf42-101521151d4b/32b8a53c-b585-4c3d-b8c3-80cdd713eb44/-9223372036854667776/0', blockIDs=[conID: 23 locID: 115816896921600140 bcsId: 0 replicaIndex: null, conID: 26 locID: 115816896921600141 bcsId: 0 replicaIndex: null]]]"} | ret=SUCCESS |  
2025-10-20 19:51:04,148 [om1-KeyDeletingService#9] INFO  service.KeyDeletingService (KeyDeletingService.java:processKeyDeletes(158)) - 1 BlockGroup deletion are acked by SCM in 2 ms
2025-10-20 19:51:04,149 [om1-KeyDeletingService#9] INFO  service.KeyDeletingService (KeyDeletingService.java:processKeyDeletes(166)) - Blocks for 1 (out of 1) keys are deleted from DB in 1 ms. Limit per task is 50000.
2025-10-20 19:51:04,173 | INFO  | SCMAudit | user=runner | ip=127.0.0.1 | op=SEND_HEARTBEAT {"datanodeUUID":"ef67b0a7-5b27-496d-9f38-ab804a28e500","term":"2","command":"[]"} | ret=SUCCESS |  
2025-10-20 19:51:04,173 | INFO  | SCMAudit | user=runner | ip=127.0.0.1 | op=SEND_HEARTBEAT {"datanodeUUID":"7bb0e7f0-2b36-4ec0-8a09-ceac75d91a36","term":"2","command":"[]"} | ret=SUCCESS |  
2025-10-20 19:51:04,441 | INFO  | SCMAudit | user=runner | ip=127.0.0.1 | op=SEND_HEARTBEAT {"datanodeUUID":"b614738c-cdff-4f09-bf59-ed5bb75d51be","term":"2","command":"[]"} | ret=SUCCESS |  
2025-10-20 19:51:04,441 | INFO  | SCMAudit | user=runner | ip=127.0.0.1 | op=SEND_HEARTBEAT {"datanodeUUID":"38991c48-ffb3-4453-b758-77d6b4ebc62b","term":"2","command":"[]"} | ret=SUCCESS |  
2025-10-20 19:51:04,441 | INFO  | SCMAudit | user=runner | ip=127.0.0.1 | op=SEND_HEARTBEAT {"datanodeUUID":"361055de-215b-4c6c-94c2-be1c1da118d1","term":"2","command":"[]"} | ret=SUCCESS |  
2025-10-20 19:51:04,441 | INFO  | SCMAudit | user=runner | ip=127.0.0.1 | op=SEND_HEARTBEAT {"datanodeUUID":"af0e5da1-57af-45e9-9aca-fa0798d05628","term":"2","command":"[]"} | ret=SUCCESS |  
2025-10-20 19:51:04,451 | INFO  | SCMAudit | user=runner | ip=127.0.0.1 | op=SEND_HEARTBEAT {"datanodeUUID":"c90bff1f-5a1f-42c6-8fca-9533d718c79a","term":"2","command":"[]"} | ret=SUCCESS |  
2025-10-20 19:51:04,645 | INFO  | SCMAudit | user=runner | ip=127.0.0.1 | op=SEND_HEARTBEAT {"datanodeUUID":"4f2bb3f5-0e03-4f1b-bb4c-79c91b98c7da","term":"2","command":"[]"} | ret=SUCCESS |  
2025-10-20 19:51:04,646 | INFO  | SCMAudit | user=runner | ip=127.0.0.1 | op=SEND_HEARTBEAT {"datanodeUUID":"cc7fbe85-1d98-437b-84f9-04213fee10f0","term":"2","command":"[]"} | ret=SUCCESS |  
2025-10-20 19:51:04,646 | INFO  | SCMAudit | user=runner | ip=127.0.0.1 | op=SEND_HEARTBEAT {"datanodeUUID":"605be85e-a7f4-44d7-8cfd-f53001b990b0","term":"2","command":"[]"} | ret=SUCCESS |  
2025-10-20 19:51:04,716 | INFO  | SCMAudit | user=runner | ip=127.0.0.1 | op=SEND_HEARTBEAT {"datanodeUUID":"feb39a1c-80cb-4714-ab06-a361236e3029","term":"2","command":"[]"} | ret=SUCCESS |  
2025-10-20 19:51:04,734 | INFO  | SCMAudit | user=runner | ip=127.0.0.1 | op=SEND_HEARTBEAT {"datanodeUUID":"e05592a5-d00f-4fc1-9e39-a968c1ecb04e","term":"2","command":"[]"} | ret=SUCCESS |  
2025-10-20 19:51:04,738 | INFO  | SCMAudit | user=runner | ip=127.0.0.1 | op=SEND_HEARTBEAT {"datanodeUUID":"33f74daf-be7a-4306-b2af-53e409c4cb93","term":"2","command":"[]"} | ret=SUCCESS |  
2025-10-20 19:51:04,842 | INFO  | SCMAudit | user=runner | ip=127.0.0.1 | op=SEND_HEARTBEAT {"datanodeUUID":"d7d8cf72-b9f6-4979-9c53-007dd6e6e48a","term":"2","command":"[]"} | ret=SUCCESS |  
2025-10-20 19:51:05,104 | INFO  | OMAudit | user=runner | ip=127.0.0.1 | op=READ_VOLUME {"volume":"cc0c6577-5f8a-4c6b-8be7-39ddb272e10e"} | ret=SUCCESS |  
2025-10-20 19:51:05,105 | INFO  | OMAudit | user=runner | ip=127.0.0.1 | op=READ_BUCKET {"volume":"cc0c6577-5f8a-4c6b-8be7-39ddb272e10e","bucket":"34a37aca-7ff5-450c-bf42-101521151d4b"} | ret=SUCCESS |  
2025-10-20 19:51:05,108 | INFO  | OMAudit | user=runner | ip=127.0.0.1 | op=DELETE_KEY {"volume":"cc0c6577-5f8a-4c6b-8be7-39ddb272e10e","bucket":"34a37aca-7ff5-450c-bf42-101521151d4b","key":"32b8a53c-b585-4c3d-b8c3-80cdd713eb44","dataSize":"20971521","replicationConfig":"EC{rs-3-2-1024k}","Transaction":"424"} | ret=SUCCESS |  
2025-10-20 19:51:05,109 | INFO  | OMAudit | user=runner | ip=127.0.0.1 | op=READ_VOLUME {"volume":"cc0c6577-5f8a-4c6b-8be7-39ddb272e10e"} | ret=SUCCESS |  
2025-10-20 19:51:05,109 | INFO  | OMAudit | user=runner | ip=127.0.0.1 | op=READ_BUCKET {"volume":"cc0c6577-5f8a-4c6b-8be7-39ddb272e10e","bucket":"34a37aca-7ff5-450c-bf42-101521151d4b"} | ret=SUCCESS |  
2025-10-20 19:51:05,145 [om1-KeyDeletingService#0] INFO  service.KeyDeletingService (KeyDeletingService.java:processKeyDeletes(151)) - Send 1 key(s) to SCM, first 1 keys: [PurgedKey{blockGroup=BlockGroup[groupID='/cc0c6577-5f8a-4c6b-8be7-39ddb272e10e/34a37aca-7ff5-450c-bf42-101521151d4b/32b8a53c-b585-4c3d-b8c3-80cdd713eb44/-9223372036854668543/0', blockIDs=[conID: 23 locID: 115816896921600142 bcsId: 0 replicaIndex: null, conID: 24 locID: 115816896921600143 bcsId: 0 replicaIndex: null]], volume='cc0c6577-5f8a-4c6b-8be7-39ddb272e10e', bucket='34a37aca-7ff5-450c-bf42-101521151d4b', bucketId=-9223372036854668800, purgedBytes=35651585, isCommittedKey=true, deleteKeyName='/cc0c6577-5f8a-4c6b-8be7-39ddb272e10e/34a37aca-7ff5-450c-bf42-101521151d4b/32b8a53c-b585-4c3d-b8c3-80cdd713eb44/-9223372036854668543'}]
2025-10-20 19:51:05,147 | INFO  | SCMAudit | user=runner | ip=127.0.0.1 | op=DELETE_KEY_BLOCK {"KeyBlockToDelete":"[BlockGroup[groupID='/cc0c6577-5f8a-4c6b-8be7-39ddb272e10e/34a37aca-7ff5-450c-bf42-101521151d4b/32b8a53c-b585-4c3d-b8c3-80cdd713eb44/-9223372036854668543/0', blockIDs=[conID: 23 locID: 115816896921600142 bcsId: 0 replicaIndex: null, conID: 24 locID: 115816896921600143 bcsId: 0 replicaIndex: null]]]"} | ret=SUCCESS |  
2025-10-20 19:51:05,147 [om1-KeyDeletingService#0] INFO  service.KeyDeletingService (KeyDeletingService.java:processKeyDeletes(158)) - 1 BlockGroup deletion are acked by SCM in 3 ms
2025-10-20 19:51:05,149 [om1-KeyDeletingService#0] INFO  service.KeyDeletingService (KeyDeletingService.java:processKeyDeletes(166)) - Blocks for 1 (out of 1) keys are deleted from DB in 1 ms. Limit per task is 50000.
2025-10-20 19:51:05,173 | INFO  | SCMAudit | user=runner | ip=127.0.0.1 | op=SEND_HEARTBEAT {"datanodeUUID":"ef67b0a7-5b27-496d-9f38-ab804a28e500","term":"2","command":"[]"} | ret=SUCCESS |  
2025-10-20 19:51:05,173 | INFO  | SCMAudit | user=runner | ip=127.0.0.1 | op=SEND_HEARTBEAT {"datanodeUUID":"7bb0e7f0-2b36-4ec0-8a09-ceac75d91a36","term":"2","command":"[]"} | ret=SUCCESS |  
2025-10-20 19:51:05,441 | INFO  | SCMAudit | user=runner | ip=127.0.0.1 | op=SEND_HEARTBEAT {"datanodeUUID":"361055de-215b-4c6c-94c2-be1c1da118d1","term":"2","command":"[]"} | ret=SUCCESS |  
2025-10-20 19:51:05,441 | INFO  | SCMAudit | user=runner | ip=127.0.0.1 | op=SEND_HEARTBEAT {"datanodeUUID":"b614738c-cdff-4f09-bf59-ed5bb75d51be","term":"2","command":"[]"} | ret=SUCCESS |  
2025-10-20 19:51:05,441 | INFO  | SCMAudit | user=runner | ip=127.0.0.1 | op=SEND_HEARTBEAT {"datanodeUUID":"38991c48-ffb3-4453-b758-77d6b4ebc62b","term":"2","command":"[]"} | ret=SUCCESS |  
2025-10-20 19:51:05,442 | INFO  | SCMAudit | user=runner | ip=127.0.0.1 | op=SEND_HEARTBEAT {"datanodeUUID":"af0e5da1-57af-45e9-9aca-fa0798d05628","term":"2","command":"[]"} | ret=SUCCESS |  
2025-10-20 19:51:05,451 | INFO  | SCMAudit | user=runner | ip=127.0.0.1 | op=SEND_HEARTBEAT {"datanodeUUID":"c90bff1f-5a1f-42c6-8fca-9533d718c79a","term":"2","command":"[]"} | ret=SUCCESS |  
2025-10-20 19:51:05,645 | INFO  | SCMAudit | user=runner | ip=127.0.0.1 | op=SEND_HEARTBEAT {"datanodeUUID":"4f2bb3f5-0e03-4f1b-bb4c-79c91b98c7da","term":"2","command":"[]"} | ret=SUCCESS |  
2025-10-20 19:51:05,646 | INFO  | SCMAudit | user=runner | ip=127.0.0.1 | op=SEND_HEARTBEAT {"datanodeUUID":"605be85e-a7f4-44d7-8cfd-f53001b990b0","term":"2","command":"[]"} | ret=SUCCESS |  
2025-10-20 19:51:05,647 | INFO  | SCMAudit | user=runner | ip=127.0.0.1 | op=SEND_HEARTBEAT {"datanodeUUID":"cc7fbe85-1d98-437b-84f9-04213fee10f0","term":"2","command":"[]"} | ret=SUCCESS |  
2025-10-20 19:51:05,716 | INFO  | SCMAudit | user=runner | ip=127.0.0.1 | op=SEND_HEARTBEAT {"datanodeUUID":"feb39a1c-80cb-4714-ab06-a361236e3029","term":"2","command":"[]"} | ret=SUCCESS |  
2025-10-20 19:51:05,734 | INFO  | SCMAudit | user=runner | ip=127.0.0.1 | op=SEND_HEARTBEAT {"datanodeUUID":"e05592a5-d00f-4fc1-9e39-a968c1ecb04e","term":"2","command":"[]"} | ret=SUCCESS |  
2025-10-20 19:51:05,738 | INFO  | SCMAudit | user=runner | ip=127.0.0.1 | op=SEND_HEARTBEAT {"datanodeUUID":"33f74daf-be7a-4306-b2af-53e409c4cb93","term":"2","command":"[]"} | ret=SUCCESS |  
2025-10-20 19:51:05,842 | INFO  | SCMAudit | user=runner | ip=127.0.0.1 | op=SEND_HEARTBEAT {"datanodeUUID":"d7d8cf72-b9f6-4979-9c53-007dd6e6e48a","term":"2","command":"[]"} | ret=SUCCESS |  
2025-10-20 19:51:06,111 | INFO  | OMAudit | user=runner | ip=127.0.0.1 | op=READ_VOLUME {"volume":"cc0c6577-5f8a-4c6b-8be7-39ddb272e10e"} | ret=SUCCESS |  
2025-10-20 19:51:06,112 | INFO  | OMAudit | user=runner | ip=127.0.0.1 | op=READ_BUCKET {"volume":"cc0c6577-5f8a-4c6b-8be7-39ddb272e10e","bucket":"34a37aca-7ff5-450c-bf42-101521151d4b"} | ret=SUCCESS |  
]]></system-out>
  </testcase>
  <testcase name="testBucketQuotaInNamespace" classname="org.apache.hadoop.ozone.client.rpc.TestSecureOzoneRpcClient" time="1.077">
    <system-out><![CDATA[2025-10-20 19:51:06,114 [ForkJoinPool-1-worker-1] INFO  rpc.RpcClient (RpcClient.java:createVolume(461)) - Creating Volume: 28168b95-f36a-4bf0-9013-4209afc50222, with runner as owner and space quota set to -1 bytes, counts quota set to -1
2025-10-20 19:51:06,116 [om1-OMStateMachineApplyTransactionThread - 0] INFO  volume.OMVolumeCreateRequest (OMVolumeCreateRequest.java:validateAndUpdateCache(213)) - created volume:28168b95-f36a-4bf0-9013-4209afc50222 for user:runner
2025-10-20 19:51:06,116 | INFO  | OMAudit | user=runner | ip=127.0.0.1 | op=CREATE_VOLUME {"admin":"runner","owner":"runner","volume":"28168b95-f36a-4bf0-9013-4209afc50222","creationTime":"1760989866115","modificationTime":"1760989866115","quotaInBytes":"-1","quotaInNamespace":"-1","usedNamespace":"0","objectID":"-9223372036854666752","updateID":"426","Transaction":"426"} | ret=SUCCESS |  
2025-10-20 19:51:06,117 | INFO  | OMAudit | user=runner | ip=127.0.0.1 | op=READ_VOLUME {"volume":"28168b95-f36a-4bf0-9013-4209afc50222"} | ret=SUCCESS |  
2025-10-20 19:51:06,118 [ForkJoinPool-1-worker-1] INFO  rpc.RpcClient (RpcClient.java:createBucket(686)) - Creating Bucket: 28168b95-f36a-4bf0-9013-4209afc50222/4de5707f-af08-40bb-b096-00bda650d83e, with server-side default bucket layout, runner as owner, Versioning false, Storage Type set to DISK and Encryption set to false, Replication Type set to server-side default replication type, Namespace Quota set to -1, Space Quota set to -1 
2025-10-20 19:51:06,119 [om1-OMStateMachineApplyTransactionThread - 0] INFO  bucket.OMBucketCreateRequest (OMBucketCreateRequest.java:validateAndUpdateCache(303)) - created bucket: 4de5707f-af08-40bb-b096-00bda650d83e of layout FILE_SYSTEM_OPTIMIZED in volume: 28168b95-f36a-4bf0-9013-4209afc50222
2025-10-20 19:51:06,119 | INFO  | OMAudit | user=runner | ip=127.0.0.1 | op=CREATE_BUCKET {"volume":"28168b95-f36a-4bf0-9013-4209afc50222","bucket":"4de5707f-af08-40bb-b096-00bda650d83e","bucketLayout":"FILE_SYSTEM_OPTIMIZED","gdprEnabled":null,"acls":"[user:runner:a[ACCESS], group:runner:rl[ACCESS]]","isVersionEnabled":"false","storageType":"DISK","creationTime":"1760989866118","bucketEncryptionKey":null,"modificationTime":"1760989866118","usedBytes":"0","usedNamespace":"0","snapshotUsedBytes":"0","snapshotUsedNamespace":"0","owner":"runner","replicationType":null,"replicationConfig":null,"quotaInBytes":"-1","quotaInNamespace":"-1","Transaction":"427"} | ret=SUCCESS |  
2025-10-20 19:51:06,120 | INFO  | OMAudit | user=runner | ip=127.0.0.1 | op=READ_BUCKET {"volume":"28168b95-f36a-4bf0-9013-4209afc50222","bucket":"4de5707f-af08-40bb-b096-00bda650d83e"} | ret=SUCCESS |  
2025-10-20 19:51:06,125 | INFO  | OMAudit | user=runner | ip=127.0.0.1 | op=READ_BUCKET {"volume":"28168b95-f36a-4bf0-9013-4209afc50222","bucket":"4de5707f-af08-40bb-b096-00bda650d83e"} | ret=SUCCESS |  
2025-10-20 19:51:06,127 | INFO  | OMAudit | user=runner | ip=127.0.0.1 | op=UPDATE_BUCKET {"volume":"28168b95-f36a-4bf0-9013-4209afc50222","bucket":"4de5707f-af08-40bb-b096-00bda650d83e","gdprEnabled":null,"isVersionEnabled":"null","quotaInBytes":"9223372036854775807","quotaInNamespace":"2","Transaction":"428"} | ret=SUCCESS |  
2025-10-20 19:51:06,128 | INFO  | OMAudit | user=runner | ip=127.0.0.1 | op=READ_BUCKET {"volume":"28168b95-f36a-4bf0-9013-4209afc50222","bucket":"4de5707f-af08-40bb-b096-00bda650d83e"} | ret=SUCCESS |  
2025-10-20 19:51:06,129 | INFO  | SCMAudit | user=runner | ip=127.0.0.1 | op=ALLOCATE_BLOCK {"replication":"RATIS/ONE","owner":"omServiceIdDefault","size":"4194304","sampleBlocks":"[conID: 11 locID: 115816896921600144]","num":"1","client":"","allocated":"1"} | ret=SUCCESS |  
2025-10-20 19:51:06,131 | INFO  | OMAudit | user=runner | ip=127.0.0.1 | op=ALLOCATE_KEY {"volume":"28168b95-f36a-4bf0-9013-4209afc50222","bucket":"4de5707f-af08-40bb-b096-00bda650d83e","key":"c90a892f-9b65-43bf-9166-99250984a56c","dataSize":"12","replicationType":"RATIS","replicationFactor":"ONE","Transaction":"429"} | ret=SUCCESS |  
2025-10-20 19:51:06,144 | INFO  | OMAudit | user=runner | ip=127.0.0.1 | op=COMMIT_KEY {"volume":"28168b95-f36a-4bf0-9013-4209afc50222","bucket":"4de5707f-af08-40bb-b096-00bda650d83e","key":"c90a892f-9b65-43bf-9166-99250984a56c","dataSize":"12","replicationType":"RATIS","replicationFactor":"ONE","Transaction":"430"} | ret=SUCCESS |  
2025-10-20 19:51:06,146 | INFO  | OMAudit | user=runner | ip=127.0.0.1 | op=READ_VOLUME {"volume":"28168b95-f36a-4bf0-9013-4209afc50222"} | ret=SUCCESS |  
2025-10-20 19:51:06,147 | INFO  | OMAudit | user=runner | ip=127.0.0.1 | op=READ_BUCKET {"volume":"28168b95-f36a-4bf0-9013-4209afc50222","bucket":"4de5707f-af08-40bb-b096-00bda650d83e"} | ret=SUCCESS |  
2025-10-20 19:51:06,148 | INFO  | OMAudit | user=runner | ip=127.0.0.1 | op=READ_BUCKET {"volume":"28168b95-f36a-4bf0-9013-4209afc50222","bucket":"4de5707f-af08-40bb-b096-00bda650d83e"} | ret=SUCCESS |  
2025-10-20 19:51:06,148 | INFO  | SCMAudit | user=runner | ip=127.0.0.1 | op=ALLOCATE_BLOCK {"replication":"RATIS/ONE","owner":"omServiceIdDefault","size":"4194304","sampleBlocks":"[conID: 7 locID: 115816896921600145]","num":"1","client":"","allocated":"1"} | ret=SUCCESS |  
2025-10-20 19:51:06,151 | INFO  | OMAudit | user=runner | ip=127.0.0.1 | op=ALLOCATE_KEY {"volume":"28168b95-f36a-4bf0-9013-4209afc50222","bucket":"4de5707f-af08-40bb-b096-00bda650d83e","key":"cdddefb6-68e6-4bd3-990b-2efd8a0b59ba","dataSize":"12","replicationType":"RATIS","replicationFactor":"ONE","Transaction":"431"} | ret=SUCCESS |  
2025-10-20 19:51:06,162 | INFO  | OMAudit | user=runner | ip=127.0.0.1 | op=COMMIT_KEY {"volume":"28168b95-f36a-4bf0-9013-4209afc50222","bucket":"4de5707f-af08-40bb-b096-00bda650d83e","key":"cdddefb6-68e6-4bd3-990b-2efd8a0b59ba","dataSize":"12","replicationType":"RATIS","replicationFactor":"ONE","Transaction":"432"} | ret=SUCCESS |  
2025-10-20 19:51:06,163 | INFO  | OMAudit | user=runner | ip=127.0.0.1 | op=READ_VOLUME {"volume":"28168b95-f36a-4bf0-9013-4209afc50222"} | ret=SUCCESS |  
2025-10-20 19:51:06,164 | INFO  | OMAudit | user=runner | ip=127.0.0.1 | op=READ_BUCKET {"volume":"28168b95-f36a-4bf0-9013-4209afc50222","bucket":"4de5707f-af08-40bb-b096-00bda650d83e"} | ret=SUCCESS |  
2025-10-20 19:51:06,165 | INFO  | OMAudit | user=runner | ip=127.0.0.1 | op=READ_BUCKET {"volume":"28168b95-f36a-4bf0-9013-4209afc50222","bucket":"4de5707f-af08-40bb-b096-00bda650d83e"} | ret=SUCCESS |  
2025-10-20 19:51:06,165 | INFO  | SCMAudit | user=runner | ip=127.0.0.1 | op=ALLOCATE_BLOCK {"replication":"RATIS/ONE","owner":"omServiceIdDefault","size":"4194304","sampleBlocks":"[conID: 13 locID: 115816896921600146]","num":"1","client":"","allocated":"1"} | ret=SUCCESS |  
2025-10-20 19:51:06,167 [om1-OMStateMachineApplyTransactionThread - 0] ERROR key.OMKeyCreateRequest (OMKeyCreateRequest.java:logResult(400)) - Key creation failed. Volume:28168b95-f36a-4bf0-9013-4209afc50222, Bucket:4de5707f-af08-40bb-b096-00bda650d83e, Key:ee7f3788-9f8c-4424-9bd8-74e0c60ffb1c. 
QUOTA_EXCEEDED org.apache.hadoop.ozone.om.exceptions.OMException: The namespace quota of Bucket:4de5707f-af08-40bb-b096-00bda650d83e exceeded: quotaInNamespace: 2 but namespace consumed: 3.
	at org.apache.hadoop.ozone.om.request.key.OMKeyRequest.checkBucketQuotaInNamespace(OMKeyRequest.java:863)
	at org.apache.hadoop.ozone.om.request.key.OMKeyCreateRequestWithFSO.validateAndUpdateCache(OMKeyCreateRequestWithFSO.java:184)
	at org.apache.hadoop.ozone.protocolPB.OzoneManagerRequestHandler.lambda$0(OzoneManagerRequestHandler.java:418)
	at org.apache.hadoop.ozone.util.MetricUtil.captureLatencyNs(MetricUtil.java:45)
	at org.apache.hadoop.ozone.protocolPB.OzoneManagerRequestHandler.handleWriteRequestImpl(OzoneManagerRequestHandler.java:416)
	at org.apache.hadoop.ozone.protocolPB.RequestHandler.handleWriteRequest(RequestHandler.java:62)
	at org.apache.hadoop.ozone.om.ratis.OzoneManagerStateMachine.runCommand(OzoneManagerStateMachine.java:599)
	at org.apache.hadoop.ozone.om.ratis.OzoneManagerStateMachine.lambda$3(OzoneManagerStateMachine.java:415)
	at java.base/java.util.concurrent.CompletableFuture$AsyncSupply.run(CompletableFuture.java:1768)
	at java.base/java.util.concurrent.ThreadPoolExecutor.runWorker(ThreadPoolExecutor.java:1144)
	at java.base/java.util.concurrent.ThreadPoolExecutor$Worker.run(ThreadPoolExecutor.java:642)
	at java.base/java.lang.Thread.run(Thread.java:1583)
2025-10-20 19:51:06,168 | ERROR | OMAudit | user=runner | ip=127.0.0.1 | op=ALLOCATE_KEY {"volume":"28168b95-f36a-4bf0-9013-4209afc50222","bucket":"4de5707f-af08-40bb-b096-00bda650d83e","key":"ee7f3788-9f8c-4424-9bd8-74e0c60ffb1c","dataSize":"12","replicationType":"RATIS","replicationFactor":"ONE","Transaction":"433"} | ret=FAILURE | 
org.apache.hadoop.ozone.om.exceptions.OMException: The namespace quota of Bucket:4de5707f-af08-40bb-b096-00bda650d83e exceeded: quotaInNamespace: 2 but namespace consumed: 3.
	at org.apache.hadoop.ozone.om.request.key.OMKeyRequest.checkBucketQuotaInNamespace(OMKeyRequest.java:863)
	at org.apache.hadoop.ozone.om.request.key.OMKeyCreateRequestWithFSO.validateAndUpdateCache(OMKeyCreateRequestWithFSO.java:184)
 
2025-10-20 19:51:06,171 | INFO  | OMAudit | user=runner | ip=127.0.0.1 | op=READ_VOLUME {"volume":"28168b95-f36a-4bf0-9013-4209afc50222"} | ret=SUCCESS |  
2025-10-20 19:51:06,172 | INFO  | OMAudit | user=runner | ip=127.0.0.1 | op=READ_BUCKET {"volume":"28168b95-f36a-4bf0-9013-4209afc50222","bucket":"4de5707f-af08-40bb-b096-00bda650d83e"} | ret=SUCCESS |  
2025-10-20 19:51:06,173 | INFO  | OMAudit | user=runner | ip=127.0.0.1 | op=READ_BUCKET {"volume":"28168b95-f36a-4bf0-9013-4209afc50222","bucket":"4de5707f-af08-40bb-b096-00bda650d83e"} | ret=SUCCESS |  
2025-10-20 19:51:06,173 | INFO  | SCMAudit | user=runner | ip=127.0.0.1 | op=SEND_HEARTBEAT {"datanodeUUID":"ef67b0a7-5b27-496d-9f38-ab804a28e500","term":"2","command":"[]"} | ret=SUCCESS |  
2025-10-20 19:51:06,173 | INFO  | SCMAudit | user=runner | ip=127.0.0.1 | op=SEND_HEARTBEAT {"datanodeUUID":"7bb0e7f0-2b36-4ec0-8a09-ceac75d91a36","term":"2","command":"[]"} | ret=SUCCESS |  
2025-10-20 19:51:06,174 | INFO  | OMAudit | user=runner | ip=127.0.0.1 | op=UPDATE_BUCKET {"volume":"28168b95-f36a-4bf0-9013-4209afc50222","bucket":"4de5707f-af08-40bb-b096-00bda650d83e","gdprEnabled":null,"isVersionEnabled":"null","quotaInBytes":"9223372036854775807","quotaInNamespace":"100","Transaction":"434"} | ret=SUCCESS |  
2025-10-20 19:51:06,175 | INFO  | OMAudit | user=runner | ip=127.0.0.1 | op=READ_VOLUME {"volume":"28168b95-f36a-4bf0-9013-4209afc50222"} | ret=SUCCESS |  
2025-10-20 19:51:06,176 | INFO  | OMAudit | user=runner | ip=127.0.0.1 | op=READ_BUCKET {"volume":"28168b95-f36a-4bf0-9013-4209afc50222","bucket":"4de5707f-af08-40bb-b096-00bda650d83e"} | ret=SUCCESS |  
2025-10-20 19:51:06,185 | INFO  | OMAudit | user=runner | ip=127.0.0.1 | op=DELETE_KEYS {"volume":"28168b95-f36a-4bf0-9013-4209afc50222","bucket":"4de5707f-af08-40bb-b096-00bda650d83e","deletedKeysList":"{key=c90a892f-9b65-43bf-9166-99250984a56c, dataSize=12, replicationConfig=RATIS/ONE}, {key=cdddefb6-68e6-4bd3-990b-2efd8a0b59ba, dataSize=12, replicationConfig=RATIS/ONE}","unDeletedKeysList":"","Transaction":"435"} | ret=SUCCESS |  
2025-10-20 19:51:06,187 | INFO  | OMAudit | user=runner | ip=127.0.0.1 | op=READ_VOLUME {"volume":"28168b95-f36a-4bf0-9013-4209afc50222"} | ret=SUCCESS |  
2025-10-20 19:51:06,188 | INFO  | OMAudit | user=runner | ip=127.0.0.1 | op=READ_BUCKET {"volume":"28168b95-f36a-4bf0-9013-4209afc50222","bucket":"4de5707f-af08-40bb-b096-00bda650d83e"} | ret=SUCCESS |  
2025-10-20 19:51:06,442 | INFO  | SCMAudit | user=runner | ip=127.0.0.1 | op=SEND_HEARTBEAT {"datanodeUUID":"38991c48-ffb3-4453-b758-77d6b4ebc62b","term":"2","command":"[]"} | ret=SUCCESS |  
2025-10-20 19:51:06,442 | INFO  | SCMAudit | user=runner | ip=127.0.0.1 | op=SEND_HEARTBEAT {"datanodeUUID":"361055de-215b-4c6c-94c2-be1c1da118d1","term":"2","command":"[]"} | ret=SUCCESS |  
2025-10-20 19:51:06,442 | INFO  | SCMAudit | user=runner | ip=127.0.0.1 | op=SEND_HEARTBEAT {"datanodeUUID":"b614738c-cdff-4f09-bf59-ed5bb75d51be","term":"2","command":"[]"} | ret=SUCCESS |  
2025-10-20 19:51:06,442 | INFO  | SCMAudit | user=runner | ip=127.0.0.1 | op=SEND_HEARTBEAT {"datanodeUUID":"af0e5da1-57af-45e9-9aca-fa0798d05628","term":"2","command":"[]"} | ret=SUCCESS |  
2025-10-20 19:51:06,451 | INFO  | SCMAudit | user=runner | ip=127.0.0.1 | op=SEND_HEARTBEAT {"datanodeUUID":"c90bff1f-5a1f-42c6-8fca-9533d718c79a","term":"2","command":"[]"} | ret=SUCCESS |  
2025-10-20 19:51:06,645 | INFO  | SCMAudit | user=runner | ip=127.0.0.1 | op=SEND_HEARTBEAT {"datanodeUUID":"4f2bb3f5-0e03-4f1b-bb4c-79c91b98c7da","term":"2","command":"[]"} | ret=SUCCESS |  
2025-10-20 19:51:06,646 | INFO  | SCMAudit | user=runner | ip=127.0.0.1 | op=SEND_HEARTBEAT {"datanodeUUID":"cc7fbe85-1d98-437b-84f9-04213fee10f0","term":"2","command":"[]"} | ret=SUCCESS |  
2025-10-20 19:51:06,646 | INFO  | SCMAudit | user=runner | ip=127.0.0.1 | op=SEND_HEARTBEAT {"datanodeUUID":"605be85e-a7f4-44d7-8cfd-f53001b990b0","term":"2","command":"[]"} | ret=SUCCESS |  
2025-10-20 19:51:06,716 | INFO  | SCMAudit | user=runner | ip=127.0.0.1 | op=SEND_HEARTBEAT {"datanodeUUID":"feb39a1c-80cb-4714-ab06-a361236e3029","term":"2","command":"[]"} | ret=SUCCESS |  
2025-10-20 19:51:06,734 | INFO  | SCMAudit | user=runner | ip=127.0.0.1 | op=SEND_HEARTBEAT {"datanodeUUID":"e05592a5-d00f-4fc1-9e39-a968c1ecb04e","term":"2","command":"[]"} | ret=SUCCESS |  
2025-10-20 19:51:06,738 | INFO  | SCMAudit | user=runner | ip=127.0.0.1 | op=SEND_HEARTBEAT {"datanodeUUID":"33f74daf-be7a-4306-b2af-53e409c4cb93","term":"2","command":"[]"} | ret=SUCCESS |  
2025-10-20 19:51:06,842 | INFO  | SCMAudit | user=runner | ip=127.0.0.1 | op=SEND_HEARTBEAT {"datanodeUUID":"d7d8cf72-b9f6-4979-9c53-007dd6e6e48a","term":"2","command":"[]"} | ret=SUCCESS |  
2025-10-20 19:51:07,146 [om1-KeyDeletingService#2] INFO  service.KeyDeletingService (KeyDeletingService.java:processKeyDeletes(151)) - Send 2 key(s) to SCM, first 2 keys: [PurgedKey{blockGroup=BlockGroup[groupID='/28168b95-f36a-4bf0-9013-4209afc50222/4de5707f-af08-40bb-b096-00bda650d83e/cdddefb6-68e6-4bd3-990b-2efd8a0b59ba/-9223372036854665471/0', blockIDs=[conID: 7 locID: 115816896921600145 bcsId: 0 replicaIndex: null]], volume='28168b95-f36a-4bf0-9013-4209afc50222', bucket='4de5707f-af08-40bb-b096-00bda650d83e', bucketId=-9223372036854666496, purgedBytes=12, isCommittedKey=true, deleteKeyName='/28168b95-f36a-4bf0-9013-4209afc50222/4de5707f-af08-40bb-b096-00bda650d83e/cdddefb6-68e6-4bd3-990b-2efd8a0b59ba/-9223372036854665471'}, PurgedKey{blockGroup=BlockGroup[groupID='/28168b95-f36a-4bf0-9013-4209afc50222/4de5707f-af08-40bb-b096-00bda650d83e/c90a892f-9b65-43bf-9166-99250984a56c/-9223372036854665983/0', blockIDs=[conID: 11 locID: 115816896921600144 bcsId: 0 replicaIndex: null]], volume='28168b95-f36a-4bf0-9013-4209afc50222', bucket='4de5707f-af08-40bb-b096-00bda650d83e', bucketId=-9223372036854666496, purgedBytes=12, isCommittedKey=true, deleteKeyName='/28168b95-f36a-4bf0-9013-4209afc50222/4de5707f-af08-40bb-b096-00bda650d83e/c90a892f-9b65-43bf-9166-99250984a56c/-9223372036854665983'}]
2025-10-20 19:51:07,148 | INFO  | SCMAudit | user=runner | ip=127.0.0.1 | op=DELETE_KEY_BLOCK {"KeyBlockToDelete":"[BlockGroup[groupID='/28168b95-f36a-4bf0-9013-4209afc50222/4de5707f-af08-40bb-b096-00bda650d83e/cdddefb6-68e6-4bd3-990b-2efd8a0b59ba/-9223372036854665471/0', blockIDs=[conID: 7 locID: 115816896921600145 bcsId: 0 replicaIndex: null]], BlockGroup[groupID='/28168b95-f36a-4bf0-9013-4209afc50222/4de5707f-af08-40bb-b096-00bda650d83e/c90a892f-9b65-43bf-9166-99250984a56c/-9223372036854665983/0', blockIDs=[conID: 11 locID: 115816896921600144 bcsId: 0 replicaIndex: null]]]"} | ret=SUCCESS |  
2025-10-20 19:51:07,149 [om1-KeyDeletingService#2] INFO  service.KeyDeletingService (KeyDeletingService.java:processKeyDeletes(158)) - 2 BlockGroup deletion are acked by SCM in 3 ms
2025-10-20 19:51:07,151 [om1-KeyDeletingService#2] INFO  service.KeyDeletingService (KeyDeletingService.java:processKeyDeletes(166)) - Blocks for 2 (out of 2) keys are deleted from DB in 2 ms. Limit per task is 50000.
2025-10-20 19:51:07,173 | INFO  | SCMAudit | user=runner | ip=127.0.0.1 | op=SEND_HEARTBEAT {"datanodeUUID":"ef67b0a7-5b27-496d-9f38-ab804a28e500","term":"2","command":"[]"} | ret=SUCCESS |  
2025-10-20 19:51:07,173 | INFO  | SCMAudit | user=runner | ip=127.0.0.1 | op=SEND_HEARTBEAT {"datanodeUUID":"7bb0e7f0-2b36-4ec0-8a09-ceac75d91a36","term":"2","command":"[]"} | ret=SUCCESS |  
2025-10-20 19:51:07,189 | INFO  | OMAudit | user=runner | ip=127.0.0.1 | op=READ_VOLUME {"volume":"28168b95-f36a-4bf0-9013-4209afc50222"} | ret=SUCCESS |  
2025-10-20 19:51:07,190 | INFO  | OMAudit | user=runner | ip=127.0.0.1 | op=READ_BUCKET {"volume":"28168b95-f36a-4bf0-9013-4209afc50222","bucket":"4de5707f-af08-40bb-b096-00bda650d83e"} | ret=SUCCESS |  
]]></system-out>
  </testcase>
  <testcase name="testBucketSetOwner" classname="org.apache.hadoop.ozone.client.rpc.TestSecureOzoneRpcClient" time="0.025">
    <system-out><![CDATA[2025-10-20 19:51:07,192 [ForkJoinPool-1-worker-1] INFO  rpc.RpcClient (RpcClient.java:createVolume(461)) - Creating Volume: a57df77b-57fe-4997-893e-bd6281cc1020, with runner as owner and space quota set to -1 bytes, counts quota set to -1
2025-10-20 19:51:07,194 [om1-OMStateMachineApplyTransactionThread - 0] INFO  volume.OMVolumeCreateRequest (OMVolumeCreateRequest.java:validateAndUpdateCache(213)) - created volume:a57df77b-57fe-4997-893e-bd6281cc1020 for user:runner
2025-10-20 19:51:07,194 | INFO  | OMAudit | user=runner | ip=127.0.0.1 | op=CREATE_VOLUME {"admin":"runner","owner":"runner","volume":"a57df77b-57fe-4997-893e-bd6281cc1020","creationTime":"1760989867193","modificationTime":"1760989867193","quotaInBytes":"-1","quotaInNamespace":"-1","usedNamespace":"0","objectID":"-9223372036854663936","updateID":"437","Transaction":"437"} | ret=SUCCESS |  
2025-10-20 19:51:07,195 | INFO  | OMAudit | user=runner | ip=127.0.0.1 | op=READ_VOLUME {"volume":"a57df77b-57fe-4997-893e-bd6281cc1020"} | ret=SUCCESS |  
2025-10-20 19:51:07,195 [ForkJoinPool-1-worker-1] INFO  rpc.RpcClient (RpcClient.java:createBucket(686)) - Creating Bucket: a57df77b-57fe-4997-893e-bd6281cc1020/955a9577-eada-4d26-84d1-4a55f2bab63d, with server-side default bucket layout, runner as owner, Versioning false, Storage Type set to DISK and Encryption set to false, Replication Type set to server-side default replication type, Namespace Quota set to -1, Space Quota set to -1 
2025-10-20 19:51:07,197 [om1-OMStateMachineApplyTransactionThread - 0] INFO  bucket.OMBucketCreateRequest (OMBucketCreateRequest.java:validateAndUpdateCache(303)) - created bucket: 955a9577-eada-4d26-84d1-4a55f2bab63d of layout FILE_SYSTEM_OPTIMIZED in volume: a57df77b-57fe-4997-893e-bd6281cc1020
2025-10-20 19:51:07,197 | INFO  | OMAudit | user=runner | ip=127.0.0.1 | op=CREATE_BUCKET {"volume":"a57df77b-57fe-4997-893e-bd6281cc1020","bucket":"955a9577-eada-4d26-84d1-4a55f2bab63d","bucketLayout":"FILE_SYSTEM_OPTIMIZED","gdprEnabled":null,"acls":"[user:runner:a[ACCESS], group:runner:rl[ACCESS]]","isVersionEnabled":"false","storageType":"DISK","creationTime":"1760989867196","bucketEncryptionKey":null,"modificationTime":"1760989867196","usedBytes":"0","usedNamespace":"0","snapshotUsedBytes":"0","snapshotUsedNamespace":"0","owner":"runner","replicationType":null,"replicationConfig":null,"quotaInBytes":"-1","quotaInNamespace":"-1","Transaction":"438"} | ret=SUCCESS |  
2025-10-20 19:51:07,198 | INFO  | OMAudit | user=runner | ip=127.0.0.1 | op=READ_VOLUME {"volume":"a57df77b-57fe-4997-893e-bd6281cc1020"} | ret=SUCCESS |  
2025-10-20 19:51:07,199 | INFO  | OMAudit | user=runner | ip=127.0.0.1 | op=READ_BUCKET {"volume":"a57df77b-57fe-4997-893e-bd6281cc1020","bucket":"955a9577-eada-4d26-84d1-4a55f2bab63d"} | ret=SUCCESS |  
2025-10-20 19:51:07,202 | INFO  | OMAudit | user=runner | ip=127.0.0.1 | op=SET_OWNER {"volume":"a57df77b-57fe-4997-893e-bd6281cc1020","bucket":"955a9577-eada-4d26-84d1-4a55f2bab63d","gdprEnabled":null,"isVersionEnabled":"null","owner":"testUser","Transaction":"439"} | ret=SUCCESS |  
2025-10-20 19:51:07,203 | INFO  | OMAudit | user=runner | ip=127.0.0.1 | op=READ_VOLUME {"volume":"a57df77b-57fe-4997-893e-bd6281cc1020"} | ret=SUCCESS |  
2025-10-20 19:51:07,203 | INFO  | OMAudit | user=runner | ip=127.0.0.1 | op=READ_BUCKET {"volume":"a57df77b-57fe-4997-893e-bd6281cc1020","bucket":"955a9577-eada-4d26-84d1-4a55f2bab63d"} | ret=SUCCESS |  
2025-10-20 19:51:07,205 | INFO  | OMAudit | user=runner | ip=127.0.0.1 | op=READ_VOLUME {"volume":"a57df77b-57fe-4997-893e-bd6281cc1020"} | ret=SUCCESS |  
2025-10-20 19:51:07,210 | INFO  | OMAudit | user=runner | ip=127.0.0.1 | op=DELETE_BUCKET {"volume":"a57df77b-57fe-4997-893e-bd6281cc1020","bucket":"955a9577-eada-4d26-84d1-4a55f2bab63d","Transaction":"440"} | ret=SUCCESS |  
2025-10-20 19:51:07,215 | INFO  | OMAudit | user=runner | ip=127.0.0.1 | op=DELETE_VOLUME {"volume":"a57df77b-57fe-4997-893e-bd6281cc1020","Transaction":"441"} | ret=SUCCESS |  
]]></system-out>
  </testcase>
  <testcase name="testBucketUsedBytes" classname="org.apache.hadoop.ozone.client.rpc.TestSecureOzoneRpcClient" time="3.075">
    <system-out><![CDATA[2025-10-20 19:51:07,218 [ForkJoinPool-1-worker-1] INFO  rpc.RpcClient (RpcClient.java:createVolume(461)) - Creating Volume: a2459d1c-660f-4e9e-bf9a-cd71b67fb8e2, with runner as owner and space quota set to -1 bytes, counts quota set to -1
2025-10-20 19:51:07,219 [om1-OMStateMachineApplyTransactionThread - 0] INFO  volume.OMVolumeCreateRequest (OMVolumeCreateRequest.java:validateAndUpdateCache(213)) - created volume:a2459d1c-660f-4e9e-bf9a-cd71b67fb8e2 for user:runner
2025-10-20 19:51:07,219 | INFO  | OMAudit | user=runner | ip=127.0.0.1 | op=CREATE_VOLUME {"admin":"runner","owner":"runner","volume":"a2459d1c-660f-4e9e-bf9a-cd71b67fb8e2","creationTime":"1760989867218","modificationTime":"1760989867218","quotaInBytes":"-1","quotaInNamespace":"-1","usedNamespace":"0","objectID":"-9223372036854662656","updateID":"442","Transaction":"442"} | ret=SUCCESS |  
2025-10-20 19:51:07,220 | INFO  | OMAudit | user=runner | ip=127.0.0.1 | op=READ_VOLUME {"volume":"a2459d1c-660f-4e9e-bf9a-cd71b67fb8e2"} | ret=SUCCESS |  
2025-10-20 19:51:07,221 [ForkJoinPool-1-worker-1] INFO  rpc.RpcClient (RpcClient.java:createBucket(686)) - Creating Bucket: a2459d1c-660f-4e9e-bf9a-cd71b67fb8e2/3339b067-30e3-4a25-98b2-fd132aaf5278, with bucket layout OBJECT_STORE, runner as owner, Versioning false, Storage Type set to DISK and Encryption set to false, Replication Type set to server-side default replication type, Namespace Quota set to -1, Space Quota set to -1 
2025-10-20 19:51:07,222 [om1-OMStateMachineApplyTransactionThread - 0] INFO  bucket.OMBucketCreateRequest (OMBucketCreateRequest.java:validateAndUpdateCache(303)) - created bucket: 3339b067-30e3-4a25-98b2-fd132aaf5278 of layout OBJECT_STORE in volume: a2459d1c-660f-4e9e-bf9a-cd71b67fb8e2
2025-10-20 19:51:07,222 | INFO  | OMAudit | user=runner | ip=127.0.0.1 | op=CREATE_BUCKET {"volume":"a2459d1c-660f-4e9e-bf9a-cd71b67fb8e2","bucket":"3339b067-30e3-4a25-98b2-fd132aaf5278","bucketLayout":"OBJECT_STORE","gdprEnabled":null,"acls":"[user:runner:a[ACCESS], group:runner:rl[ACCESS]]","isVersionEnabled":"false","storageType":"DISK","creationTime":"1760989867221","bucketEncryptionKey":null,"modificationTime":"1760989867221","usedBytes":"0","usedNamespace":"0","snapshotUsedBytes":"0","snapshotUsedNamespace":"0","owner":"runner","replicationType":null,"replicationConfig":null,"quotaInBytes":"-1","quotaInNamespace":"-1","Transaction":"443"} | ret=SUCCESS |  
2025-10-20 19:51:07,223 | INFO  | OMAudit | user=runner | ip=127.0.0.1 | op=READ_BUCKET {"volume":"a2459d1c-660f-4e9e-bf9a-cd71b67fb8e2","bucket":"3339b067-30e3-4a25-98b2-fd132aaf5278"} | ret=SUCCESS |  
2025-10-20 19:51:07,224 | INFO  | OMAudit | user=runner | ip=127.0.0.1 | op=READ_BUCKET {"volume":"a2459d1c-660f-4e9e-bf9a-cd71b67fb8e2","bucket":"3339b067-30e3-4a25-98b2-fd132aaf5278"} | ret=SUCCESS |  
2025-10-20 19:51:07,225 | INFO  | SCMAudit | user=runner | ip=127.0.0.1 | op=ALLOCATE_BLOCK {"replication":"RATIS/ONE","owner":"omServiceIdDefault","size":"4194304","sampleBlocks":"[conID: 9 locID: 115816896921600147]","num":"1","client":"","allocated":"1"} | ret=SUCCESS |  
2025-10-20 19:51:07,227 | INFO  | OMAudit | user=runner | ip=127.0.0.1 | op=ALLOCATE_KEY {"volume":"a2459d1c-660f-4e9e-bf9a-cd71b67fb8e2","bucket":"3339b067-30e3-4a25-98b2-fd132aaf5278","key":"0fc69230-568d-475d-bf76-a23a5cf077e9","dataSize":"12","replicationType":"RATIS","replicationFactor":"ONE","Transaction":"444"} | ret=SUCCESS |  
2025-10-20 19:51:07,238 | INFO  | OMAudit | user=runner | ip=127.0.0.1 | op=COMMIT_KEY {"volume":"a2459d1c-660f-4e9e-bf9a-cd71b67fb8e2","bucket":"3339b067-30e3-4a25-98b2-fd132aaf5278","key":"0fc69230-568d-475d-bf76-a23a5cf077e9","dataSize":"12","replicationType":"RATIS","replicationFactor":"ONE","Transaction":"445"} | ret=SUCCESS |  
2025-10-20 19:51:07,240 | INFO  | OMAudit | user=runner | ip=127.0.0.1 | op=READ_VOLUME {"volume":"a2459d1c-660f-4e9e-bf9a-cd71b67fb8e2"} | ret=SUCCESS |  
2025-10-20 19:51:07,241 | INFO  | OMAudit | user=runner | ip=127.0.0.1 | op=READ_BUCKET {"volume":"a2459d1c-660f-4e9e-bf9a-cd71b67fb8e2","bucket":"3339b067-30e3-4a25-98b2-fd132aaf5278"} | ret=SUCCESS |  
2025-10-20 19:51:07,242 | INFO  | OMAudit | user=runner | ip=127.0.0.1 | op=READ_BUCKET {"volume":"a2459d1c-660f-4e9e-bf9a-cd71b67fb8e2","bucket":"3339b067-30e3-4a25-98b2-fd132aaf5278"} | ret=SUCCESS |  
2025-10-20 19:51:07,243 | INFO  | SCMAudit | user=runner | ip=127.0.0.1 | op=ALLOCATE_BLOCK {"replication":"RATIS/ONE","owner":"omServiceIdDefault","size":"4194304","sampleBlocks":"[conID: 27 locID: 115816896921600148]","num":"1","client":"","allocated":"1"} | ret=SUCCESS |  
2025-10-20 19:51:07,245 | INFO  | OMAudit | user=runner | ip=127.0.0.1 | op=ALLOCATE_KEY {"volume":"a2459d1c-660f-4e9e-bf9a-cd71b67fb8e2","bucket":"3339b067-30e3-4a25-98b2-fd132aaf5278","key":"0fc69230-568d-475d-bf76-a23a5cf077e9","dataSize":"12","replicationType":"RATIS","replicationFactor":"ONE","Transaction":"446"} | ret=SUCCESS |  
2025-10-20 19:51:07,255 | INFO  | ContainerLog | ID=27 | Index=0 | BCSID=0 | State=OPEN | Volume=/home/runner/work/ozone/ozone/hadoop-ozone/integration-test/target/test-dir/MiniOzoneClusterImpl-6935df51-69ff-4c35-8bd4-ed2b81d70e54/ozone-metadata/datanode-5/data-0/hdds | DataChecksum=0 |  
2025-10-20 19:51:07,257 | INFO  | SCMAudit | user=runner | ip=127.0.0.1 | op=SEND_HEARTBEAT {"datanodeUUID":"af0e5da1-57af-45e9-9aca-fa0798d05628","term":"2","command":"[]"} | ret=SUCCESS |  
2025-10-20 19:51:07,261 | INFO  | OMAudit | user=runner | ip=127.0.0.1 | op=COMMIT_KEY {"volume":"a2459d1c-660f-4e9e-bf9a-cd71b67fb8e2","bucket":"3339b067-30e3-4a25-98b2-fd132aaf5278","key":"0fc69230-568d-475d-bf76-a23a5cf077e9","dataSize":"12","replicationType":"RATIS","replicationFactor":"ONE","Transaction":"447"} | ret=SUCCESS |  
2025-10-20 19:51:07,262 | INFO  | OMAudit | user=runner | ip=127.0.0.1 | op=READ_VOLUME {"volume":"a2459d1c-660f-4e9e-bf9a-cd71b67fb8e2"} | ret=SUCCESS |  
2025-10-20 19:51:07,263 | INFO  | OMAudit | user=runner | ip=127.0.0.1 | op=READ_BUCKET {"volume":"a2459d1c-660f-4e9e-bf9a-cd71b67fb8e2","bucket":"3339b067-30e3-4a25-98b2-fd132aaf5278"} | ret=SUCCESS |  
2025-10-20 19:51:07,442 | INFO  | SCMAudit | user=runner | ip=127.0.0.1 | op=SEND_HEARTBEAT {"datanodeUUID":"b614738c-cdff-4f09-bf59-ed5bb75d51be","term":"2","command":"[]"} | ret=SUCCESS |  
2025-10-20 19:51:07,442 | INFO  | SCMAudit | user=runner | ip=127.0.0.1 | op=SEND_HEARTBEAT {"datanodeUUID":"38991c48-ffb3-4453-b758-77d6b4ebc62b","term":"2","command":"[]"} | ret=SUCCESS |  
2025-10-20 19:51:07,442 | INFO  | SCMAudit | user=runner | ip=127.0.0.1 | op=SEND_HEARTBEAT {"datanodeUUID":"361055de-215b-4c6c-94c2-be1c1da118d1","term":"2","command":"[]"} | ret=SUCCESS |  
2025-10-20 19:51:07,451 | INFO  | SCMAudit | user=runner | ip=127.0.0.1 | op=SEND_HEARTBEAT {"datanodeUUID":"c90bff1f-5a1f-42c6-8fca-9533d718c79a","term":"2","command":"[]"} | ret=SUCCESS |  
2025-10-20 19:51:07,645 | INFO  | SCMAudit | user=runner | ip=127.0.0.1 | op=SEND_HEARTBEAT {"datanodeUUID":"4f2bb3f5-0e03-4f1b-bb4c-79c91b98c7da","term":"2","command":"[]"} | ret=SUCCESS |  
2025-10-20 19:51:07,646 | INFO  | SCMAudit | user=runner | ip=127.0.0.1 | op=SEND_HEARTBEAT {"datanodeUUID":"605be85e-a7f4-44d7-8cfd-f53001b990b0","term":"2","command":"[]"} | ret=SUCCESS |  
2025-10-20 19:51:07,646 | INFO  | SCMAudit | user=runner | ip=127.0.0.1 | op=SEND_HEARTBEAT {"datanodeUUID":"cc7fbe85-1d98-437b-84f9-04213fee10f0","term":"2","command":"[]"} | ret=SUCCESS |  
2025-10-20 19:51:07,716 | INFO  | SCMAudit | user=runner | ip=127.0.0.1 | op=SEND_HEARTBEAT {"datanodeUUID":"feb39a1c-80cb-4714-ab06-a361236e3029","term":"2","command":"[]"} | ret=SUCCESS |  
2025-10-20 19:51:07,734 | INFO  | SCMAudit | user=runner | ip=127.0.0.1 | op=SEND_HEARTBEAT {"datanodeUUID":"e05592a5-d00f-4fc1-9e39-a968c1ecb04e","term":"2","command":"[]"} | ret=SUCCESS |  
2025-10-20 19:51:07,738 | INFO  | SCMAudit | user=runner | ip=127.0.0.1 | op=SEND_HEARTBEAT {"datanodeUUID":"33f74daf-be7a-4306-b2af-53e409c4cb93","term":"2","command":"[]"} | ret=SUCCESS |  
2025-10-20 19:51:07,842 | INFO  | SCMAudit | user=runner | ip=127.0.0.1 | op=SEND_HEARTBEAT {"datanodeUUID":"d7d8cf72-b9f6-4979-9c53-007dd6e6e48a","term":"2","command":"[]"} | ret=SUCCESS |  
2025-10-20 19:51:08,145 [om1-KeyDeletingService#8] INFO  service.KeyDeletingService (KeyDeletingService.java:processKeyDeletes(151)) - Send 1 key(s) to SCM, first 1 keys: [PurgedKey{blockGroup=BlockGroup[groupID='/a2459d1c-660f-4e9e-bf9a-cd71b67fb8e2/3339b067-30e3-4a25-98b2-fd132aaf5278/0fc69230-568d-475d-bf76-a23a5cf077e9/-9223372036854661376/0', blockIDs=[conID: 9 locID: 115816896921600147 bcsId: 0 replicaIndex: null]], volume='a2459d1c-660f-4e9e-bf9a-cd71b67fb8e2', bucket='3339b067-30e3-4a25-98b2-fd132aaf5278', bucketId=-9223372036854662400, purgedBytes=12, isCommittedKey=true, deleteKeyName='/a2459d1c-660f-4e9e-bf9a-cd71b67fb8e2/3339b067-30e3-4a25-98b2-fd132aaf5278/0fc69230-568d-475d-bf76-a23a5cf077e9/-9223372036854661376'}]
2025-10-20 19:51:08,147 | INFO  | SCMAudit | user=runner | ip=127.0.0.1 | op=DELETE_KEY_BLOCK {"KeyBlockToDelete":"[BlockGroup[groupID='/a2459d1c-660f-4e9e-bf9a-cd71b67fb8e2/3339b067-30e3-4a25-98b2-fd132aaf5278/0fc69230-568d-475d-bf76-a23a5cf077e9/-9223372036854661376/0', blockIDs=[conID: 9 locID: 115816896921600147 bcsId: 0 replicaIndex: null]]]"} | ret=SUCCESS |  
2025-10-20 19:51:08,148 [om1-KeyDeletingService#8] INFO  service.KeyDeletingService (KeyDeletingService.java:processKeyDeletes(158)) - 1 BlockGroup deletion are acked by SCM in 2 ms
2025-10-20 19:51:08,149 [om1-KeyDeletingService#8] INFO  service.KeyDeletingService (KeyDeletingService.java:processKeyDeletes(166)) - Blocks for 1 (out of 1) keys are deleted from DB in 1 ms. Limit per task is 50000.
2025-10-20 19:51:08,173 | INFO  | SCMAudit | user=runner | ip=127.0.0.1 | op=SEND_HEARTBEAT {"datanodeUUID":"7bb0e7f0-2b36-4ec0-8a09-ceac75d91a36","term":"2","command":"[]"} | ret=SUCCESS |  
2025-10-20 19:51:08,173 | INFO  | SCMAudit | user=runner | ip=127.0.0.1 | op=SEND_HEARTBEAT {"datanodeUUID":"ef67b0a7-5b27-496d-9f38-ab804a28e500","term":"2","command":"[]"} | ret=SUCCESS |  
2025-10-20 19:51:08,257 | INFO  | SCMAudit | user=runner | ip=127.0.0.1 | op=SEND_HEARTBEAT {"datanodeUUID":"af0e5da1-57af-45e9-9aca-fa0798d05628","term":"2","command":"[]"} | ret=SUCCESS |  
2025-10-20 19:51:08,264 | INFO  | OMAudit | user=runner | ip=127.0.0.1 | op=READ_VOLUME {"volume":"a2459d1c-660f-4e9e-bf9a-cd71b67fb8e2"} | ret=SUCCESS |  
2025-10-20 19:51:08,266 | INFO  | OMAudit | user=runner | ip=127.0.0.1 | op=READ_BUCKET {"volume":"a2459d1c-660f-4e9e-bf9a-cd71b67fb8e2","bucket":"3339b067-30e3-4a25-98b2-fd132aaf5278"} | ret=SUCCESS |  
2025-10-20 19:51:08,267 | INFO  | OMAudit | user=runner | ip=127.0.0.1 | op=READ_BUCKET {"volume":"a2459d1c-660f-4e9e-bf9a-cd71b67fb8e2","bucket":"3339b067-30e3-4a25-98b2-fd132aaf5278"} | ret=SUCCESS |  
2025-10-20 19:51:08,267 | INFO  | SCMAudit | user=runner | ip=127.0.0.1 | op=ALLOCATE_BLOCK {"replication":"RATIS/ONE","owner":"omServiceIdDefault","size":"4194304","sampleBlocks":"[conID: 1 locID: 115816896921600149, conID: 6 locID: 115816896921600150]","num":"2","client":"","allocated":"2"} | ret=SUCCESS |  
2025-10-20 19:51:08,270 | INFO  | OMAudit | user=runner | ip=127.0.0.1 | op=ALLOCATE_KEY {"volume":"a2459d1c-660f-4e9e-bf9a-cd71b67fb8e2","bucket":"3339b067-30e3-4a25-98b2-fd132aaf5278","key":"0fc69230-568d-475d-bf76-a23a5cf077e9","dataSize":"4194316","replicationType":"RATIS","replicationFactor":"ONE","Transaction":"449"} | ret=SUCCESS |  
2025-10-20 19:51:08,280 | INFO  | OMAudit | user=runner | ip=127.0.0.1 | op=COMMIT_KEY {"volume":"a2459d1c-660f-4e9e-bf9a-cd71b67fb8e2","bucket":"3339b067-30e3-4a25-98b2-fd132aaf5278","key":"0fc69230-568d-475d-bf76-a23a5cf077e9","dataSize":"12","replicationType":"RATIS","replicationFactor":"ONE","Transaction":"450"} | ret=SUCCESS |  
2025-10-20 19:51:08,281 | INFO  | OMAudit | user=runner | ip=127.0.0.1 | op=READ_VOLUME {"volume":"a2459d1c-660f-4e9e-bf9a-cd71b67fb8e2"} | ret=SUCCESS |  
2025-10-20 19:51:08,282 | INFO  | OMAudit | user=runner | ip=127.0.0.1 | op=READ_BUCKET {"volume":"a2459d1c-660f-4e9e-bf9a-cd71b67fb8e2","bucket":"3339b067-30e3-4a25-98b2-fd132aaf5278"} | ret=SUCCESS |  
2025-10-20 19:51:08,442 | INFO  | SCMAudit | user=runner | ip=127.0.0.1 | op=SEND_HEARTBEAT {"datanodeUUID":"b614738c-cdff-4f09-bf59-ed5bb75d51be","term":"2","command":"[]"} | ret=SUCCESS |  
2025-10-20 19:51:08,442 | INFO  | SCMAudit | user=runner | ip=127.0.0.1 | op=SEND_HEARTBEAT {"datanodeUUID":"38991c48-ffb3-4453-b758-77d6b4ebc62b","term":"2","command":"[]"} | ret=SUCCESS |  
2025-10-20 19:51:08,442 | INFO  | SCMAudit | user=runner | ip=127.0.0.1 | op=SEND_HEARTBEAT {"datanodeUUID":"361055de-215b-4c6c-94c2-be1c1da118d1","term":"2","command":"[]"} | ret=SUCCESS |  
2025-10-20 19:51:08,451 | INFO  | SCMAudit | user=runner | ip=127.0.0.1 | op=SEND_HEARTBEAT {"datanodeUUID":"c90bff1f-5a1f-42c6-8fca-9533d718c79a","term":"2","command":"[]"} | ret=SUCCESS |  
2025-10-20 19:51:08,645 | INFO  | SCMAudit | user=runner | ip=127.0.0.1 | op=SEND_HEARTBEAT {"datanodeUUID":"4f2bb3f5-0e03-4f1b-bb4c-79c91b98c7da","term":"2","command":"[]"} | ret=SUCCESS |  
2025-10-20 19:51:08,646 | INFO  | SCMAudit | user=runner | ip=127.0.0.1 | op=SEND_HEARTBEAT {"datanodeUUID":"cc7fbe85-1d98-437b-84f9-04213fee10f0","term":"2","command":"[]"} | ret=SUCCESS |  
2025-10-20 19:51:08,646 | INFO  | SCMAudit | user=runner | ip=127.0.0.1 | op=SEND_HEARTBEAT {"datanodeUUID":"605be85e-a7f4-44d7-8cfd-f53001b990b0","term":"2","command":"[]"} | ret=SUCCESS |  
2025-10-20 19:51:08,716 | INFO  | SCMAudit | user=runner | ip=127.0.0.1 | op=SEND_HEARTBEAT {"datanodeUUID":"feb39a1c-80cb-4714-ab06-a361236e3029","term":"2","command":"[]"} | ret=SUCCESS |  
2025-10-20 19:51:08,734 | INFO  | SCMAudit | user=runner | ip=127.0.0.1 | op=SEND_HEARTBEAT {"datanodeUUID":"e05592a5-d00f-4fc1-9e39-a968c1ecb04e","term":"2","command":"[]"} | ret=SUCCESS |  
2025-10-20 19:51:08,738 | INFO  | SCMAudit | user=runner | ip=127.0.0.1 | op=SEND_HEARTBEAT {"datanodeUUID":"33f74daf-be7a-4306-b2af-53e409c4cb93","term":"2","command":"[]"} | ret=SUCCESS |  
2025-10-20 19:51:08,842 | INFO  | SCMAudit | user=runner | ip=127.0.0.1 | op=SEND_HEARTBEAT {"datanodeUUID":"d7d8cf72-b9f6-4979-9c53-007dd6e6e48a","term":"2","command":"[]"} | ret=SUCCESS |  
2025-10-20 19:51:09,146 [om1-KeyDeletingService#3] INFO  service.KeyDeletingService (KeyDeletingService.java:processKeyDeletes(151)) - Send 2 key(s) to SCM, first 2 keys: [PurgedKey{blockGroup=BlockGroup[groupID='/a2459d1c-660f-4e9e-bf9a-cd71b67fb8e2/3339b067-30e3-4a25-98b2-fd132aaf5278/0fc69230-568d-475d-bf76-a23a5cf077e9/-9223372036854660608/1', blockIDs=[conID: 6 locID: 115816896921600150 bcsId: 0 replicaIndex: null]], volume='a2459d1c-660f-4e9e-bf9a-cd71b67fb8e2', bucket='3339b067-30e3-4a25-98b2-fd132aaf5278', bucketId=-9223372036854662400, purgedBytes=4194304, isCommittedKey=false, deleteKeyName='/a2459d1c-660f-4e9e-bf9a-cd71b67fb8e2/3339b067-30e3-4a25-98b2-fd132aaf5278/0fc69230-568d-475d-bf76-a23a5cf077e9/-9223372036854660608'}, PurgedKey{blockGroup=BlockGroup[groupID='/a2459d1c-660f-4e9e-bf9a-cd71b67fb8e2/3339b067-30e3-4a25-98b2-fd132aaf5278/0fc69230-568d-475d-bf76-a23a5cf077e9/-9223372036854660608/0', blockIDs=[conID: 27 locID: 115816896921600148 bcsId: 0 replicaIndex: null]], volume='a2459d1c-660f-4e9e-bf9a-cd71b67fb8e2', bucket='3339b067-30e3-4a25-98b2-fd132aaf5278', bucketId=-9223372036854662400, purgedBytes=12, isCommittedKey=true, deleteKeyName='/a2459d1c-660f-4e9e-bf9a-cd71b67fb8e2/3339b067-30e3-4a25-98b2-fd132aaf5278/0fc69230-568d-475d-bf76-a23a5cf077e9/-9223372036854660608'}]
2025-10-20 19:51:09,147 | INFO  | SCMAudit | user=runner | ip=127.0.0.1 | op=DELETE_KEY_BLOCK {"KeyBlockToDelete":"[BlockGroup[groupID='/a2459d1c-660f-4e9e-bf9a-cd71b67fb8e2/3339b067-30e3-4a25-98b2-fd132aaf5278/0fc69230-568d-475d-bf76-a23a5cf077e9/-9223372036854660608/1', blockIDs=[conID: 6 locID: 115816896921600150 bcsId: 0 replicaIndex: null]], BlockGroup[groupID='/a2459d1c-660f-4e9e-bf9a-cd71b67fb8e2/3339b067-30e3-4a25-98b2-fd132aaf5278/0fc69230-568d-475d-bf76-a23a5cf077e9/-9223372036854660608/0', blockIDs=[conID: 27 locID: 115816896921600148 bcsId: 0 replicaIndex: null]]]"} | ret=SUCCESS |  
2025-10-20 19:51:09,148 [om1-KeyDeletingService#3] INFO  service.KeyDeletingService (KeyDeletingService.java:processKeyDeletes(158)) - 2 BlockGroup deletion are acked by SCM in 2 ms
2025-10-20 19:51:09,149 [om1-KeyDeletingService#3] INFO  service.KeyDeletingService (KeyDeletingService.java:processKeyDeletes(166)) - Blocks for 2 (out of 2) keys are deleted from DB in 2 ms. Limit per task is 50000.
2025-10-20 19:51:09,174 | INFO  | SCMAudit | user=runner | ip=127.0.0.1 | op=SEND_HEARTBEAT {"datanodeUUID":"ef67b0a7-5b27-496d-9f38-ab804a28e500","term":"2","command":"[]"} | ret=SUCCESS |  
2025-10-20 19:51:09,174 | INFO  | SCMAudit | user=runner | ip=127.0.0.1 | op=SEND_HEARTBEAT {"datanodeUUID":"7bb0e7f0-2b36-4ec0-8a09-ceac75d91a36","term":"2","command":"[]"} | ret=SUCCESS |  
2025-10-20 19:51:09,256 | INFO  | SCMAudit | user=runner | ip=127.0.0.1 | op=SEND_HEARTBEAT {"datanodeUUID":"af0e5da1-57af-45e9-9aca-fa0798d05628","term":"2","command":"[]"} | ret=SUCCESS |  
2025-10-20 19:51:09,283 | INFO  | OMAudit | user=runner | ip=127.0.0.1 | op=READ_VOLUME {"volume":"a2459d1c-660f-4e9e-bf9a-cd71b67fb8e2"} | ret=SUCCESS |  
2025-10-20 19:51:09,284 | INFO  | OMAudit | user=runner | ip=127.0.0.1 | op=READ_BUCKET {"volume":"a2459d1c-660f-4e9e-bf9a-cd71b67fb8e2","bucket":"3339b067-30e3-4a25-98b2-fd132aaf5278"} | ret=SUCCESS |  
2025-10-20 19:51:09,286 | INFO  | OMAudit | user=runner | ip=127.0.0.1 | op=DELETE_KEY {"volume":"a2459d1c-660f-4e9e-bf9a-cd71b67fb8e2","bucket":"3339b067-30e3-4a25-98b2-fd132aaf5278","key":"0fc69230-568d-475d-bf76-a23a5cf077e9","dataSize":"12","replicationConfig":"RATIS/ONE","Transaction":"452"} | ret=SUCCESS |  
2025-10-20 19:51:09,288 | INFO  | OMAudit | user=runner | ip=127.0.0.1 | op=READ_VOLUME {"volume":"a2459d1c-660f-4e9e-bf9a-cd71b67fb8e2"} | ret=SUCCESS |  
2025-10-20 19:51:09,289 | INFO  | OMAudit | user=runner | ip=127.0.0.1 | op=READ_BUCKET {"volume":"a2459d1c-660f-4e9e-bf9a-cd71b67fb8e2","bucket":"3339b067-30e3-4a25-98b2-fd132aaf5278"} | ret=SUCCESS |  
2025-10-20 19:51:09,442 | INFO  | SCMAudit | user=runner | ip=127.0.0.1 | op=SEND_HEARTBEAT {"datanodeUUID":"38991c48-ffb3-4453-b758-77d6b4ebc62b","term":"2","command":"[]"} | ret=SUCCESS |  
2025-10-20 19:51:09,442 | INFO  | SCMAudit | user=runner | ip=127.0.0.1 | op=SEND_HEARTBEAT {"datanodeUUID":"b614738c-cdff-4f09-bf59-ed5bb75d51be","term":"2","command":"[]"} | ret=SUCCESS |  
2025-10-20 19:51:09,442 | INFO  | SCMAudit | user=runner | ip=127.0.0.1 | op=SEND_HEARTBEAT {"datanodeUUID":"361055de-215b-4c6c-94c2-be1c1da118d1","term":"2","command":"[]"} | ret=SUCCESS |  
2025-10-20 19:51:09,451 | INFO  | SCMAudit | user=runner | ip=127.0.0.1 | op=SEND_HEARTBEAT {"datanodeUUID":"c90bff1f-5a1f-42c6-8fca-9533d718c79a","term":"2","command":"[]"} | ret=SUCCESS |  
2025-10-20 19:51:09,645 | INFO  | SCMAudit | user=runner | ip=127.0.0.1 | op=SEND_HEARTBEAT {"datanodeUUID":"4f2bb3f5-0e03-4f1b-bb4c-79c91b98c7da","term":"2","command":"[]"} | ret=SUCCESS |  
2025-10-20 19:51:09,646 | INFO  | SCMAudit | user=runner | ip=127.0.0.1 | op=SEND_HEARTBEAT {"datanodeUUID":"605be85e-a7f4-44d7-8cfd-f53001b990b0","term":"2","command":"[]"} | ret=SUCCESS |  
2025-10-20 19:51:09,646 | INFO  | SCMAudit | user=runner | ip=127.0.0.1 | op=SEND_HEARTBEAT {"datanodeUUID":"cc7fbe85-1d98-437b-84f9-04213fee10f0","term":"2","command":"[]"} | ret=SUCCESS |  
2025-10-20 19:51:09,716 | INFO  | SCMAudit | user=runner | ip=127.0.0.1 | op=SEND_HEARTBEAT {"datanodeUUID":"feb39a1c-80cb-4714-ab06-a361236e3029","term":"2","command":"[]"} | ret=SUCCESS |  
2025-10-20 19:51:09,734 | INFO  | SCMAudit | user=runner | ip=127.0.0.1 | op=SEND_HEARTBEAT {"datanodeUUID":"e05592a5-d00f-4fc1-9e39-a968c1ecb04e","term":"2","command":"[]"} | ret=SUCCESS |  
2025-10-20 19:51:09,738 | INFO  | SCMAudit | user=runner | ip=127.0.0.1 | op=SEND_HEARTBEAT {"datanodeUUID":"33f74daf-be7a-4306-b2af-53e409c4cb93","term":"2","command":"[]"} | ret=SUCCESS |  
2025-10-20 19:51:09,842 | INFO  | SCMAudit | user=runner | ip=127.0.0.1 | op=SEND_HEARTBEAT {"datanodeUUID":"d7d8cf72-b9f6-4979-9c53-007dd6e6e48a","term":"2","command":"[]"} | ret=SUCCESS |  
2025-10-20 19:51:10,146 [om1-KeyDeletingService#9] INFO  service.KeyDeletingService (KeyDeletingService.java:processKeyDeletes(151)) - Send 1 key(s) to SCM, first 1 keys: [PurgedKey{blockGroup=BlockGroup[groupID='/a2459d1c-660f-4e9e-bf9a-cd71b67fb8e2/3339b067-30e3-4a25-98b2-fd132aaf5278/0fc69230-568d-475d-bf76-a23a5cf077e9/-9223372036854662144/0', blockIDs=[conID: 1 locID: 115816896921600149 bcsId: 0 replicaIndex: null]], volume='a2459d1c-660f-4e9e-bf9a-cd71b67fb8e2', bucket='3339b067-30e3-4a25-98b2-fd132aaf5278', bucketId=-9223372036854662400, purgedBytes=12, isCommittedKey=true, deleteKeyName='/a2459d1c-660f-4e9e-bf9a-cd71b67fb8e2/3339b067-30e3-4a25-98b2-fd132aaf5278/0fc69230-568d-475d-bf76-a23a5cf077e9/-9223372036854662144'}]
2025-10-20 19:51:10,147 | INFO  | SCMAudit | user=runner | ip=127.0.0.1 | op=DELETE_KEY_BLOCK {"KeyBlockToDelete":"[BlockGroup[groupID='/a2459d1c-660f-4e9e-bf9a-cd71b67fb8e2/3339b067-30e3-4a25-98b2-fd132aaf5278/0fc69230-568d-475d-bf76-a23a5cf077e9/-9223372036854662144/0', blockIDs=[conID: 1 locID: 115816896921600149 bcsId: 0 replicaIndex: null]]]"} | ret=SUCCESS |  
2025-10-20 19:51:10,148 [om1-KeyDeletingService#9] INFO  service.KeyDeletingService (KeyDeletingService.java:processKeyDeletes(158)) - 1 BlockGroup deletion are acked by SCM in 2 ms
2025-10-20 19:51:10,149 [om1-KeyDeletingService#9] INFO  service.KeyDeletingService (KeyDeletingService.java:processKeyDeletes(166)) - Blocks for 1 (out of 1) keys are deleted from DB in 2 ms. Limit per task is 50000.
2025-10-20 19:51:10,174 | INFO  | SCMAudit | user=runner | ip=127.0.0.1 | op=SEND_HEARTBEAT {"datanodeUUID":"7bb0e7f0-2b36-4ec0-8a09-ceac75d91a36","term":"2","command":"[]"} | ret=SUCCESS |  
2025-10-20 19:51:10,174 | INFO  | SCMAudit | user=runner | ip=127.0.0.1 | op=SEND_HEARTBEAT {"datanodeUUID":"ef67b0a7-5b27-496d-9f38-ab804a28e500","term":"2","command":"[]"} | ret=SUCCESS |  
2025-10-20 19:51:10,256 | INFO  | SCMAudit | user=runner | ip=127.0.0.1 | op=SEND_HEARTBEAT {"datanodeUUID":"af0e5da1-57af-45e9-9aca-fa0798d05628","term":"2","command":"[]"} | ret=SUCCESS |  
2025-10-20 19:51:10,290 | INFO  | OMAudit | user=runner | ip=127.0.0.1 | op=READ_VOLUME {"volume":"a2459d1c-660f-4e9e-bf9a-cd71b67fb8e2"} | ret=SUCCESS |  
2025-10-20 19:51:10,291 | INFO  | OMAudit | user=runner | ip=127.0.0.1 | op=READ_BUCKET {"volume":"a2459d1c-660f-4e9e-bf9a-cd71b67fb8e2","bucket":"3339b067-30e3-4a25-98b2-fd132aaf5278"} | ret=SUCCESS |  
]]></system-out>
  </testcase>
  <testcase name="testBucketUsedNamespace(BucketLayout, boolean)[1]" classname="org.apache.hadoop.ozone.client.rpc.TestSecureOzoneRpcClient" time="3.103">
    <system-out><![CDATA[2025-10-20 19:51:10,296 [ForkJoinPool-1-worker-1] INFO  rpc.RpcClient (RpcClient.java:createVolume(461)) - Creating Volume: 549cf3c6-92bc-4fcd-87f6-e66e7d34559a, with runner as owner and space quota set to -1 bytes, counts quota set to -1
2025-10-20 19:51:10,298 [om1-OMStateMachineApplyTransactionThread - 0] INFO  volume.OMVolumeCreateRequest (OMVolumeCreateRequest.java:validateAndUpdateCache(213)) - created volume:549cf3c6-92bc-4fcd-87f6-e66e7d34559a for user:runner
2025-10-20 19:51:10,298 | INFO  | OMAudit | user=runner | ip=127.0.0.1 | op=CREATE_VOLUME {"admin":"runner","owner":"runner","volume":"549cf3c6-92bc-4fcd-87f6-e66e7d34559a","creationTime":"1760989870297","modificationTime":"1760989870297","quotaInBytes":"-1","quotaInNamespace":"-1","usedNamespace":"0","objectID":"-9223372036854659584","updateID":"454","Transaction":"454"} | ret=SUCCESS |  
2025-10-20 19:51:10,299 | INFO  | OMAudit | user=runner | ip=127.0.0.1 | op=READ_VOLUME {"volume":"549cf3c6-92bc-4fcd-87f6-e66e7d34559a"} | ret=SUCCESS |  
2025-10-20 19:51:10,300 [ForkJoinPool-1-worker-1] INFO  rpc.RpcClient (RpcClient.java:createBucket(686)) - Creating Bucket: 549cf3c6-92bc-4fcd-87f6-e66e7d34559a/e6e8f515-ea15-4812-8244-d83439d486a2, with bucket layout OBJECT_STORE, runner as owner, Versioning false, Storage Type set to DISK and Encryption set to false, Replication Type set to server-side default replication type, Namespace Quota set to -1, Space Quota set to -1 
2025-10-20 19:51:10,302 [om1-OMStateMachineApplyTransactionThread - 0] INFO  bucket.OMBucketCreateRequest (OMBucketCreateRequest.java:validateAndUpdateCache(303)) - created bucket: e6e8f515-ea15-4812-8244-d83439d486a2 of layout OBJECT_STORE in volume: 549cf3c6-92bc-4fcd-87f6-e66e7d34559a
2025-10-20 19:51:10,302 | INFO  | OMAudit | user=runner | ip=127.0.0.1 | op=CREATE_BUCKET {"volume":"549cf3c6-92bc-4fcd-87f6-e66e7d34559a","bucket":"e6e8f515-ea15-4812-8244-d83439d486a2","bucketLayout":"OBJECT_STORE","gdprEnabled":null,"acls":"[user:runner:a[ACCESS], group:runner:rl[ACCESS]]","isVersionEnabled":"false","storageType":"DISK","creationTime":"1760989870301","bucketEncryptionKey":null,"modificationTime":"1760989870301","usedBytes":"0","usedNamespace":"0","snapshotUsedBytes":"0","snapshotUsedNamespace":"0","owner":"runner","replicationType":null,"replicationConfig":null,"quotaInBytes":"-1","quotaInNamespace":"-1","Transaction":"455"} | ret=SUCCESS |  
2025-10-20 19:51:10,303 | INFO  | OMAudit | user=runner | ip=127.0.0.1 | op=READ_BUCKET {"volume":"549cf3c6-92bc-4fcd-87f6-e66e7d34559a","bucket":"e6e8f515-ea15-4812-8244-d83439d486a2"} | ret=SUCCESS |  
2025-10-20 19:51:10,304 | INFO  | OMAudit | user=runner | ip=127.0.0.1 | op=READ_BUCKET {"volume":"549cf3c6-92bc-4fcd-87f6-e66e7d34559a","bucket":"e6e8f515-ea15-4812-8244-d83439d486a2"} | ret=SUCCESS |  
2025-10-20 19:51:10,304 | INFO  | SCMAudit | user=runner | ip=127.0.0.1 | op=ALLOCATE_BLOCK {"replication":"RATIS/ONE","owner":"omServiceIdDefault","size":"4194304","sampleBlocks":"[conID: 7 locID: 115816896921600151]","num":"1","client":"","allocated":"1"} | ret=SUCCESS |  
2025-10-20 19:51:10,307 | INFO  | OMAudit | user=runner | ip=127.0.0.1 | op=ALLOCATE_KEY {"volume":"549cf3c6-92bc-4fcd-87f6-e66e7d34559a","bucket":"e6e8f515-ea15-4812-8244-d83439d486a2","key":"a043f0a8-1685-43a7-9a70-308dba4129a6","dataSize":"12","replicationType":"RATIS","replicationFactor":"ONE","Transaction":"456"} | ret=SUCCESS |  
2025-10-20 19:51:10,314 | INFO  | OMAudit | user=runner | ip=127.0.0.1 | op=COMMIT_KEY {"volume":"549cf3c6-92bc-4fcd-87f6-e66e7d34559a","bucket":"e6e8f515-ea15-4812-8244-d83439d486a2","key":"a043f0a8-1685-43a7-9a70-308dba4129a6","dataSize":"12","replicationType":"RATIS","replicationFactor":"ONE","Transaction":"457"} | ret=SUCCESS |  
2025-10-20 19:51:10,315 | INFO  | OMAudit | user=runner | ip=127.0.0.1 | op=READ_VOLUME {"volume":"549cf3c6-92bc-4fcd-87f6-e66e7d34559a"} | ret=SUCCESS |  
2025-10-20 19:51:10,316 | INFO  | OMAudit | user=runner | ip=127.0.0.1 | op=READ_BUCKET {"volume":"549cf3c6-92bc-4fcd-87f6-e66e7d34559a","bucket":"e6e8f515-ea15-4812-8244-d83439d486a2"} | ret=SUCCESS |  
2025-10-20 19:51:10,317 | INFO  | OMAudit | user=runner | ip=127.0.0.1 | op=READ_BUCKET {"volume":"549cf3c6-92bc-4fcd-87f6-e66e7d34559a","bucket":"e6e8f515-ea15-4812-8244-d83439d486a2"} | ret=SUCCESS |  
2025-10-20 19:51:10,318 | INFO  | SCMAudit | user=runner | ip=127.0.0.1 | op=ALLOCATE_BLOCK {"replication":"RATIS/ONE","owner":"omServiceIdDefault","size":"4194304","sampleBlocks":"[conID: 4 locID: 115816896921600152]","num":"1","client":"","allocated":"1"} | ret=SUCCESS |  
2025-10-20 19:51:10,320 | INFO  | OMAudit | user=runner | ip=127.0.0.1 | op=ALLOCATE_KEY {"volume":"549cf3c6-92bc-4fcd-87f6-e66e7d34559a","bucket":"e6e8f515-ea15-4812-8244-d83439d486a2","key":"a043f0a8-1685-43a7-9a70-308dba4129a6","dataSize":"12","replicationType":"RATIS","replicationFactor":"ONE","Transaction":"458"} | ret=SUCCESS |  
2025-10-20 19:51:10,331 | INFO  | OMAudit | user=runner | ip=127.0.0.1 | op=COMMIT_KEY {"volume":"549cf3c6-92bc-4fcd-87f6-e66e7d34559a","bucket":"e6e8f515-ea15-4812-8244-d83439d486a2","key":"a043f0a8-1685-43a7-9a70-308dba4129a6","dataSize":"12","replicationType":"RATIS","replicationFactor":"ONE","Transaction":"459"} | ret=SUCCESS |  
2025-10-20 19:51:10,333 | INFO  | OMAudit | user=runner | ip=127.0.0.1 | op=READ_VOLUME {"volume":"549cf3c6-92bc-4fcd-87f6-e66e7d34559a"} | ret=SUCCESS |  
2025-10-20 19:51:10,333 | INFO  | OMAudit | user=runner | ip=127.0.0.1 | op=READ_BUCKET {"volume":"549cf3c6-92bc-4fcd-87f6-e66e7d34559a","bucket":"e6e8f515-ea15-4812-8244-d83439d486a2"} | ret=SUCCESS |  
2025-10-20 19:51:10,442 | INFO  | SCMAudit | user=runner | ip=127.0.0.1 | op=SEND_HEARTBEAT {"datanodeUUID":"38991c48-ffb3-4453-b758-77d6b4ebc62b","term":"2","command":"[]"} | ret=SUCCESS |  
2025-10-20 19:51:10,442 | INFO  | SCMAudit | user=runner | ip=127.0.0.1 | op=SEND_HEARTBEAT {"datanodeUUID":"361055de-215b-4c6c-94c2-be1c1da118d1","term":"2","command":"[]"} | ret=SUCCESS |  
2025-10-20 19:51:10,442 | INFO  | SCMAudit | user=runner | ip=127.0.0.1 | op=SEND_HEARTBEAT {"datanodeUUID":"b614738c-cdff-4f09-bf59-ed5bb75d51be","term":"2","command":"[]"} | ret=SUCCESS |  
2025-10-20 19:51:10,451 | INFO  | SCMAudit | user=runner | ip=127.0.0.1 | op=SEND_HEARTBEAT {"datanodeUUID":"c90bff1f-5a1f-42c6-8fca-9533d718c79a","term":"2","command":"[]"} | ret=SUCCESS |  
2025-10-20 19:51:10,645 | INFO  | SCMAudit | user=runner | ip=127.0.0.1 | op=SEND_HEARTBEAT {"datanodeUUID":"4f2bb3f5-0e03-4f1b-bb4c-79c91b98c7da","term":"2","command":"[]"} | ret=SUCCESS |  
2025-10-20 19:51:10,647 | INFO  | SCMAudit | user=runner | ip=127.0.0.1 | op=SEND_HEARTBEAT {"datanodeUUID":"cc7fbe85-1d98-437b-84f9-04213fee10f0","term":"2","command":"[]"} | ret=SUCCESS |  
2025-10-20 19:51:10,647 | INFO  | SCMAudit | user=runner | ip=127.0.0.1 | op=SEND_HEARTBEAT {"datanodeUUID":"605be85e-a7f4-44d7-8cfd-f53001b990b0","term":"2","command":"[]"} | ret=SUCCESS |  
2025-10-20 19:51:10,716 | INFO  | SCMAudit | user=runner | ip=127.0.0.1 | op=SEND_HEARTBEAT {"datanodeUUID":"feb39a1c-80cb-4714-ab06-a361236e3029","term":"2","command":"[]"} | ret=SUCCESS |  
2025-10-20 19:51:10,734 | INFO  | SCMAudit | user=runner | ip=127.0.0.1 | op=SEND_HEARTBEAT {"datanodeUUID":"e05592a5-d00f-4fc1-9e39-a968c1ecb04e","term":"2","command":"[]"} | ret=SUCCESS |  
2025-10-20 19:51:10,738 | INFO  | SCMAudit | user=runner | ip=127.0.0.1 | op=SEND_HEARTBEAT {"datanodeUUID":"33f74daf-be7a-4306-b2af-53e409c4cb93","term":"2","command":"[]"} | ret=SUCCESS |  
2025-10-20 19:51:10,842 | INFO  | SCMAudit | user=runner | ip=127.0.0.1 | op=SEND_HEARTBEAT {"datanodeUUID":"d7d8cf72-b9f6-4979-9c53-007dd6e6e48a","term":"2","command":"[]"} | ret=SUCCESS |  
2025-10-20 19:51:11,146 [om1-KeyDeletingService#0] INFO  service.KeyDeletingService (KeyDeletingService.java:processKeyDeletes(151)) - Send 1 key(s) to SCM, first 1 keys: [PurgedKey{blockGroup=BlockGroup[groupID='/549cf3c6-92bc-4fcd-87f6-e66e7d34559a/e6e8f515-ea15-4812-8244-d83439d486a2/a043f0a8-1685-43a7-9a70-308dba4129a6/-9223372036854658304/0', blockIDs=[conID: 7 locID: 115816896921600151 bcsId: 0 replicaIndex: null]], volume='549cf3c6-92bc-4fcd-87f6-e66e7d34559a', bucket='e6e8f515-ea15-4812-8244-d83439d486a2', bucketId=-9223372036854659328, purgedBytes=12, isCommittedKey=true, deleteKeyName='/549cf3c6-92bc-4fcd-87f6-e66e7d34559a/e6e8f515-ea15-4812-8244-d83439d486a2/a043f0a8-1685-43a7-9a70-308dba4129a6/-9223372036854658304'}]
2025-10-20 19:51:11,148 | INFO  | SCMAudit | user=runner | ip=127.0.0.1 | op=DELETE_KEY_BLOCK {"KeyBlockToDelete":"[BlockGroup[groupID='/549cf3c6-92bc-4fcd-87f6-e66e7d34559a/e6e8f515-ea15-4812-8244-d83439d486a2/a043f0a8-1685-43a7-9a70-308dba4129a6/-9223372036854658304/0', blockIDs=[conID: 7 locID: 115816896921600151 bcsId: 0 replicaIndex: null]]]"} | ret=SUCCESS |  
2025-10-20 19:51:11,148 [om1-KeyDeletingService#0] INFO  service.KeyDeletingService (KeyDeletingService.java:processKeyDeletes(158)) - 1 BlockGroup deletion are acked by SCM in 2 ms
2025-10-20 19:51:11,149 [om1-KeyDeletingService#0] INFO  service.KeyDeletingService (KeyDeletingService.java:processKeyDeletes(166)) - Blocks for 1 (out of 1) keys are deleted from DB in 2 ms. Limit per task is 50000.
2025-10-20 19:51:11,174 | INFO  | SCMAudit | user=runner | ip=127.0.0.1 | op=SEND_HEARTBEAT {"datanodeUUID":"7bb0e7f0-2b36-4ec0-8a09-ceac75d91a36","term":"2","command":"[]"} | ret=SUCCESS |  
2025-10-20 19:51:11,174 | INFO  | SCMAudit | user=runner | ip=127.0.0.1 | op=SEND_HEARTBEAT {"datanodeUUID":"ef67b0a7-5b27-496d-9f38-ab804a28e500","term":"2","command":"[]"} | ret=SUCCESS |  
2025-10-20 19:51:11,256 | INFO  | SCMAudit | user=runner | ip=127.0.0.1 | op=SEND_HEARTBEAT {"datanodeUUID":"af0e5da1-57af-45e9-9aca-fa0798d05628","term":"2","command":"[]"} | ret=SUCCESS |  
2025-10-20 19:51:11,335 | INFO  | OMAudit | user=runner | ip=127.0.0.1 | op=READ_VOLUME {"volume":"549cf3c6-92bc-4fcd-87f6-e66e7d34559a"} | ret=SUCCESS |  
2025-10-20 19:51:11,336 | INFO  | OMAudit | user=runner | ip=127.0.0.1 | op=READ_BUCKET {"volume":"549cf3c6-92bc-4fcd-87f6-e66e7d34559a","bucket":"e6e8f515-ea15-4812-8244-d83439d486a2"} | ret=SUCCESS |  
2025-10-20 19:51:11,337 | INFO  | OMAudit | user=runner | ip=127.0.0.1 | op=READ_BUCKET {"volume":"549cf3c6-92bc-4fcd-87f6-e66e7d34559a","bucket":"e6e8f515-ea15-4812-8244-d83439d486a2"} | ret=SUCCESS |  
2025-10-20 19:51:11,338 | INFO  | SCMAudit | user=runner | ip=127.0.0.1 | op=ALLOCATE_BLOCK {"replication":"RATIS/ONE","owner":"omServiceIdDefault","size":"4194304","sampleBlocks":"[conID: 2 locID: 115816896921600153]","num":"1","client":"","allocated":"1"} | ret=SUCCESS |  
2025-10-20 19:51:11,340 | INFO  | OMAudit | user=runner | ip=127.0.0.1 | op=ALLOCATE_KEY {"volume":"549cf3c6-92bc-4fcd-87f6-e66e7d34559a","bucket":"e6e8f515-ea15-4812-8244-d83439d486a2","key":"5c602059-36e4-4ba0-9d38-1b01b6aa8767","dataSize":"12","replicationType":"RATIS","replicationFactor":"ONE","Transaction":"461"} | ret=SUCCESS |  
2025-10-20 19:51:11,351 | INFO  | OMAudit | user=runner | ip=127.0.0.1 | op=COMMIT_KEY {"volume":"549cf3c6-92bc-4fcd-87f6-e66e7d34559a","bucket":"e6e8f515-ea15-4812-8244-d83439d486a2","key":"5c602059-36e4-4ba0-9d38-1b01b6aa8767","dataSize":"12","replicationType":"RATIS","replicationFactor":"ONE","Transaction":"462"} | ret=SUCCESS |  
2025-10-20 19:51:11,352 | INFO  | OMAudit | user=runner | ip=127.0.0.1 | op=READ_VOLUME {"volume":"549cf3c6-92bc-4fcd-87f6-e66e7d34559a"} | ret=SUCCESS |  
2025-10-20 19:51:11,353 | INFO  | OMAudit | user=runner | ip=127.0.0.1 | op=READ_BUCKET {"volume":"549cf3c6-92bc-4fcd-87f6-e66e7d34559a","bucket":"e6e8f515-ea15-4812-8244-d83439d486a2"} | ret=SUCCESS |  
2025-10-20 19:51:11,355 | INFO  | OMAudit | user=runner | ip=127.0.0.1 | op=DELETE_KEY {"volume":"549cf3c6-92bc-4fcd-87f6-e66e7d34559a","bucket":"e6e8f515-ea15-4812-8244-d83439d486a2","key":"a043f0a8-1685-43a7-9a70-308dba4129a6","dataSize":"12","replicationConfig":"RATIS/ONE","Transaction":"463"} | ret=SUCCESS |  
2025-10-20 19:51:11,356 | INFO  | OMAudit | user=runner | ip=127.0.0.1 | op=READ_VOLUME {"volume":"549cf3c6-92bc-4fcd-87f6-e66e7d34559a"} | ret=SUCCESS |  
2025-10-20 19:51:11,357 | INFO  | OMAudit | user=runner | ip=127.0.0.1 | op=READ_BUCKET {"volume":"549cf3c6-92bc-4fcd-87f6-e66e7d34559a","bucket":"e6e8f515-ea15-4812-8244-d83439d486a2"} | ret=SUCCESS |  
2025-10-20 19:51:11,442 | INFO  | SCMAudit | user=runner | ip=127.0.0.1 | op=SEND_HEARTBEAT {"datanodeUUID":"b614738c-cdff-4f09-bf59-ed5bb75d51be","term":"2","command":"[]"} | ret=SUCCESS |  
2025-10-20 19:51:11,442 | INFO  | SCMAudit | user=runner | ip=127.0.0.1 | op=SEND_HEARTBEAT {"datanodeUUID":"361055de-215b-4c6c-94c2-be1c1da118d1","term":"2","command":"[]"} | ret=SUCCESS |  
2025-10-20 19:51:11,442 | INFO  | SCMAudit | user=runner | ip=127.0.0.1 | op=SEND_HEARTBEAT {"datanodeUUID":"38991c48-ffb3-4453-b758-77d6b4ebc62b","term":"2","command":"[]"} | ret=SUCCESS |  
2025-10-20 19:51:11,451 | INFO  | SCMAudit | user=runner | ip=127.0.0.1 | op=SEND_HEARTBEAT {"datanodeUUID":"c90bff1f-5a1f-42c6-8fca-9533d718c79a","term":"2","command":"[]"} | ret=SUCCESS |  
2025-10-20 19:51:11,645 | INFO  | SCMAudit | user=runner | ip=127.0.0.1 | op=SEND_HEARTBEAT {"datanodeUUID":"4f2bb3f5-0e03-4f1b-bb4c-79c91b98c7da","term":"2","command":"[]"} | ret=SUCCESS |  
2025-10-20 19:51:11,647 | INFO  | SCMAudit | user=runner | ip=127.0.0.1 | op=SEND_HEARTBEAT {"datanodeUUID":"605be85e-a7f4-44d7-8cfd-f53001b990b0","term":"2","command":"[]"} | ret=SUCCESS |  
2025-10-20 19:51:11,647 | INFO  | SCMAudit | user=runner | ip=127.0.0.1 | op=SEND_HEARTBEAT {"datanodeUUID":"cc7fbe85-1d98-437b-84f9-04213fee10f0","term":"2","command":"[]"} | ret=SUCCESS |  
2025-10-20 19:51:11,716 | INFO  | SCMAudit | user=runner | ip=127.0.0.1 | op=SEND_HEARTBEAT {"datanodeUUID":"feb39a1c-80cb-4714-ab06-a361236e3029","term":"2","command":"[]"} | ret=SUCCESS |  
2025-10-20 19:51:11,734 | INFO  | SCMAudit | user=runner | ip=127.0.0.1 | op=SEND_HEARTBEAT {"datanodeUUID":"e05592a5-d00f-4fc1-9e39-a968c1ecb04e","term":"2","command":"[]"} | ret=SUCCESS |  
2025-10-20 19:51:11,738 | INFO  | SCMAudit | user=runner | ip=127.0.0.1 | op=SEND_HEARTBEAT {"datanodeUUID":"33f74daf-be7a-4306-b2af-53e409c4cb93","term":"2","command":"[]"} | ret=SUCCESS |  
2025-10-20 19:51:11,842 | INFO  | SCMAudit | user=runner | ip=127.0.0.1 | op=SEND_HEARTBEAT {"datanodeUUID":"d7d8cf72-b9f6-4979-9c53-007dd6e6e48a","term":"2","command":"[]"} | ret=SUCCESS |  
2025-10-20 19:51:12,146 [om1-KeyDeletingService#6] INFO  service.KeyDeletingService (KeyDeletingService.java:processKeyDeletes(151)) - Send 1 key(s) to SCM, first 1 keys: [PurgedKey{blockGroup=BlockGroup[groupID='/549cf3c6-92bc-4fcd-87f6-e66e7d34559a/e6e8f515-ea15-4812-8244-d83439d486a2/a043f0a8-1685-43a7-9a70-308dba4129a6/-9223372036854659072/0', blockIDs=[conID: 4 locID: 115816896921600152 bcsId: 0 replicaIndex: null]], volume='549cf3c6-92bc-4fcd-87f6-e66e7d34559a', bucket='e6e8f515-ea15-4812-8244-d83439d486a2', bucketId=-9223372036854659328, purgedBytes=12, isCommittedKey=true, deleteKeyName='/549cf3c6-92bc-4fcd-87f6-e66e7d34559a/e6e8f515-ea15-4812-8244-d83439d486a2/a043f0a8-1685-43a7-9a70-308dba4129a6/-9223372036854659072'}]
2025-10-20 19:51:12,148 | INFO  | SCMAudit | user=runner | ip=127.0.0.1 | op=DELETE_KEY_BLOCK {"KeyBlockToDelete":"[BlockGroup[groupID='/549cf3c6-92bc-4fcd-87f6-e66e7d34559a/e6e8f515-ea15-4812-8244-d83439d486a2/a043f0a8-1685-43a7-9a70-308dba4129a6/-9223372036854659072/0', blockIDs=[conID: 4 locID: 115816896921600152 bcsId: 0 replicaIndex: null]]]"} | ret=SUCCESS |  
2025-10-20 19:51:12,148 [om1-KeyDeletingService#6] INFO  service.KeyDeletingService (KeyDeletingService.java:processKeyDeletes(158)) - 1 BlockGroup deletion are acked by SCM in 2 ms
2025-10-20 19:51:12,149 [om1-KeyDeletingService#6] INFO  service.KeyDeletingService (KeyDeletingService.java:processKeyDeletes(166)) - Blocks for 1 (out of 1) keys are deleted from DB in 2 ms. Limit per task is 50000.
2025-10-20 19:51:12,173 | INFO  | SCMAudit | user=runner | ip=127.0.0.1 | op=SEND_HEARTBEAT {"datanodeUUID":"7bb0e7f0-2b36-4ec0-8a09-ceac75d91a36","term":"2","command":"[]"} | ret=SUCCESS |  
2025-10-20 19:51:12,173 | INFO  | SCMAudit | user=runner | ip=127.0.0.1 | op=SEND_HEARTBEAT {"datanodeUUID":"ef67b0a7-5b27-496d-9f38-ab804a28e500","term":"2","command":"[]"} | ret=SUCCESS |  
2025-10-20 19:51:12,256 | INFO  | SCMAudit | user=runner | ip=127.0.0.1 | op=SEND_HEARTBEAT {"datanodeUUID":"af0e5da1-57af-45e9-9aca-fa0798d05628","term":"2","command":"[]"} | ret=SUCCESS |  
2025-10-20 19:51:12,358 | INFO  | OMAudit | user=runner | ip=127.0.0.1 | op=READ_VOLUME {"volume":"549cf3c6-92bc-4fcd-87f6-e66e7d34559a"} | ret=SUCCESS |  
2025-10-20 19:51:12,359 | INFO  | OMAudit | user=runner | ip=127.0.0.1 | op=READ_BUCKET {"volume":"549cf3c6-92bc-4fcd-87f6-e66e7d34559a","bucket":"e6e8f515-ea15-4812-8244-d83439d486a2"} | ret=SUCCESS |  
2025-10-20 19:51:12,362 | INFO  | OMAudit | user=runner | ip=127.0.0.1 | op=DELETE_KEY {"volume":"549cf3c6-92bc-4fcd-87f6-e66e7d34559a","bucket":"e6e8f515-ea15-4812-8244-d83439d486a2","key":"5c602059-36e4-4ba0-9d38-1b01b6aa8767","dataSize":"12","replicationConfig":"RATIS/ONE","Transaction":"465"} | ret=SUCCESS |  
2025-10-20 19:51:12,363 | INFO  | OMAudit | user=runner | ip=127.0.0.1 | op=READ_VOLUME {"volume":"549cf3c6-92bc-4fcd-87f6-e66e7d34559a"} | ret=SUCCESS |  
2025-10-20 19:51:12,364 | INFO  | OMAudit | user=runner | ip=127.0.0.1 | op=READ_BUCKET {"volume":"549cf3c6-92bc-4fcd-87f6-e66e7d34559a","bucket":"e6e8f515-ea15-4812-8244-d83439d486a2"} | ret=SUCCESS |  
2025-10-20 19:51:12,442 | INFO  | SCMAudit | user=runner | ip=127.0.0.1 | op=SEND_HEARTBEAT {"datanodeUUID":"361055de-215b-4c6c-94c2-be1c1da118d1","term":"2","command":"[]"} | ret=SUCCESS |  
2025-10-20 19:51:12,442 | INFO  | SCMAudit | user=runner | ip=127.0.0.1 | op=SEND_HEARTBEAT {"datanodeUUID":"b614738c-cdff-4f09-bf59-ed5bb75d51be","term":"2","command":"[]"} | ret=SUCCESS |  
2025-10-20 19:51:12,442 | INFO  | SCMAudit | user=runner | ip=127.0.0.1 | op=SEND_HEARTBEAT {"datanodeUUID":"38991c48-ffb3-4453-b758-77d6b4ebc62b","term":"2","command":"[]"} | ret=SUCCESS |  
2025-10-20 19:51:12,451 | INFO  | SCMAudit | user=runner | ip=127.0.0.1 | op=SEND_HEARTBEAT {"datanodeUUID":"c90bff1f-5a1f-42c6-8fca-9533d718c79a","term":"2","command":"[]"} | ret=SUCCESS |  
2025-10-20 19:51:12,646 | INFO  | SCMAudit | user=runner | ip=127.0.0.1 | op=SEND_HEARTBEAT {"datanodeUUID":"4f2bb3f5-0e03-4f1b-bb4c-79c91b98c7da","term":"2","command":"[]"} | ret=SUCCESS |  
2025-10-20 19:51:12,648 | INFO  | SCMAudit | user=runner | ip=127.0.0.1 | op=SEND_HEARTBEAT {"datanodeUUID":"605be85e-a7f4-44d7-8cfd-f53001b990b0","term":"2","command":"[]"} | ret=SUCCESS |  
2025-10-20 19:51:12,647 | INFO  | SCMAudit | user=runner | ip=127.0.0.1 | op=SEND_HEARTBEAT {"datanodeUUID":"cc7fbe85-1d98-437b-84f9-04213fee10f0","term":"2","command":"[]"} | ret=SUCCESS |  
2025-10-20 19:51:12,717 | INFO  | SCMAudit | user=runner | ip=127.0.0.1 | op=SEND_HEARTBEAT {"datanodeUUID":"feb39a1c-80cb-4714-ab06-a361236e3029","term":"2","command":"[]"} | ret=SUCCESS |  
2025-10-20 19:51:12,734 | INFO  | SCMAudit | user=runner | ip=127.0.0.1 | op=SEND_HEARTBEAT {"datanodeUUID":"e05592a5-d00f-4fc1-9e39-a968c1ecb04e","term":"2","command":"[]"} | ret=SUCCESS |  
2025-10-20 19:51:12,738 | INFO  | SCMAudit | user=runner | ip=127.0.0.1 | op=SEND_HEARTBEAT {"datanodeUUID":"33f74daf-be7a-4306-b2af-53e409c4cb93","term":"2","command":"[]"} | ret=SUCCESS |  
2025-10-20 19:51:12,842 | INFO  | SCMAudit | user=runner | ip=127.0.0.1 | op=SEND_HEARTBEAT {"datanodeUUID":"d7d8cf72-b9f6-4979-9c53-007dd6e6e48a","term":"2","command":"[]"} | ret=SUCCESS |  
2025-10-20 19:51:13,146 [om1-KeyDeletingService#2] INFO  service.KeyDeletingService (KeyDeletingService.java:processKeyDeletes(151)) - Send 1 key(s) to SCM, first 1 keys: [PurgedKey{blockGroup=BlockGroup[groupID='/549cf3c6-92bc-4fcd-87f6-e66e7d34559a/e6e8f515-ea15-4812-8244-d83439d486a2/5c602059-36e4-4ba0-9d38-1b01b6aa8767/-9223372036854657792/0', blockIDs=[conID: 2 locID: 115816896921600153 bcsId: 0 replicaIndex: null]], volume='549cf3c6-92bc-4fcd-87f6-e66e7d34559a', bucket='e6e8f515-ea15-4812-8244-d83439d486a2', bucketId=-9223372036854659328, purgedBytes=12, isCommittedKey=true, deleteKeyName='/549cf3c6-92bc-4fcd-87f6-e66e7d34559a/e6e8f515-ea15-4812-8244-d83439d486a2/5c602059-36e4-4ba0-9d38-1b01b6aa8767/-9223372036854657792'}]
2025-10-20 19:51:13,148 | INFO  | SCMAudit | user=runner | ip=127.0.0.1 | op=DELETE_KEY_BLOCK {"KeyBlockToDelete":"[BlockGroup[groupID='/549cf3c6-92bc-4fcd-87f6-e66e7d34559a/e6e8f515-ea15-4812-8244-d83439d486a2/5c602059-36e4-4ba0-9d38-1b01b6aa8767/-9223372036854657792/0', blockIDs=[conID: 2 locID: 115816896921600153 bcsId: 0 replicaIndex: null]]]"} | ret=SUCCESS |  
2025-10-20 19:51:13,148 [om1-KeyDeletingService#2] INFO  service.KeyDeletingService (KeyDeletingService.java:processKeyDeletes(158)) - 1 BlockGroup deletion are acked by SCM in 3 ms
2025-10-20 19:51:13,150 [om1-KeyDeletingService#2] INFO  service.KeyDeletingService (KeyDeletingService.java:processKeyDeletes(166)) - Blocks for 1 (out of 1) keys are deleted from DB in 1 ms. Limit per task is 50000.
2025-10-20 19:51:13,173 | INFO  | SCMAudit | user=runner | ip=127.0.0.1 | op=SEND_HEARTBEAT {"datanodeUUID":"ef67b0a7-5b27-496d-9f38-ab804a28e500","term":"2","command":"[]"} | ret=SUCCESS |  
2025-10-20 19:51:13,173 | INFO  | SCMAudit | user=runner | ip=127.0.0.1 | op=SEND_HEARTBEAT {"datanodeUUID":"7bb0e7f0-2b36-4ec0-8a09-ceac75d91a36","term":"2","command":"[]"} | ret=SUCCESS |  
2025-10-20 19:51:13,256 | INFO  | SCMAudit | user=runner | ip=127.0.0.1 | op=SEND_HEARTBEAT {"datanodeUUID":"af0e5da1-57af-45e9-9aca-fa0798d05628","term":"2","command":"[]"} | ret=SUCCESS |  
2025-10-20 19:51:13,365 | INFO  | OMAudit | user=runner | ip=127.0.0.1 | op=READ_VOLUME {"volume":"549cf3c6-92bc-4fcd-87f6-e66e7d34559a"} | ret=SUCCESS |  
2025-10-20 19:51:13,366 | INFO  | OMAudit | user=runner | ip=127.0.0.1 | op=READ_BUCKET {"volume":"549cf3c6-92bc-4fcd-87f6-e66e7d34559a","bucket":"e6e8f515-ea15-4812-8244-d83439d486a2"} | ret=SUCCESS |  
2025-10-20 19:51:13,370 | INFO  | OMAudit | user=runner | ip=127.0.0.1 | op=GET_SERVICE_LIST {} | ret=SUCCESS |  
2025-10-20 19:51:13,377 | INFO  | OMAudit | user=runner | ip=127.0.0.1 | op=CREATE_DIRECTORY {"volume":"549cf3c6-92bc-4fcd-87f6-e66e7d34559a","bucket":"e6e8f515-ea15-4812-8244-d83439d486a2","key":"bc38fa31-bca3-4b16-8f5f-447174c0479e","dataSize":"0","Transaction":"467"} | ret=SUCCESS |  
2025-10-20 19:51:13,379 | INFO  | OMAudit | user=runner | ip=127.0.0.1 | op=READ_VOLUME {"volume":"549cf3c6-92bc-4fcd-87f6-e66e7d34559a"} | ret=SUCCESS |  
2025-10-20 19:51:13,380 | INFO  | OMAudit | user=runner | ip=127.0.0.1 | op=READ_BUCKET {"volume":"549cf3c6-92bc-4fcd-87f6-e66e7d34559a","bucket":"e6e8f515-ea15-4812-8244-d83439d486a2"} | ret=SUCCESS |  
2025-10-20 19:51:13,382 | INFO  | OMAudit | user=runner | ip=127.0.0.1 | op=CREATE_DIRECTORY {"volume":"549cf3c6-92bc-4fcd-87f6-e66e7d34559a","bucket":"e6e8f515-ea15-4812-8244-d83439d486a2","key":"ead8a20f-e2aa-4012-8693-fcad2dedaebc","dataSize":"0","Transaction":"468"} | ret=SUCCESS |  
2025-10-20 19:51:13,384 | INFO  | OMAudit | user=runner | ip=127.0.0.1 | op=READ_VOLUME {"volume":"549cf3c6-92bc-4fcd-87f6-e66e7d34559a"} | ret=SUCCESS |  
2025-10-20 19:51:13,384 | INFO  | OMAudit | user=runner | ip=127.0.0.1 | op=READ_BUCKET {"volume":"549cf3c6-92bc-4fcd-87f6-e66e7d34559a","bucket":"e6e8f515-ea15-4812-8244-d83439d486a2"} | ret=SUCCESS |  
2025-10-20 19:51:13,386 | INFO  | OMAudit | user=runner | ip=127.0.0.1 | op=DELETE_KEY {"volume":"549cf3c6-92bc-4fcd-87f6-e66e7d34559a","bucket":"e6e8f515-ea15-4812-8244-d83439d486a2","key":"bc38fa31-bca3-4b16-8f5f-447174c0479e/","Transaction":"469"} | ret=SUCCESS |  
2025-10-20 19:51:13,387 | INFO  | OMAudit | user=runner | ip=127.0.0.1 | op=READ_VOLUME {"volume":"549cf3c6-92bc-4fcd-87f6-e66e7d34559a"} | ret=SUCCESS |  
2025-10-20 19:51:13,388 | INFO  | OMAudit | user=runner | ip=127.0.0.1 | op=READ_BUCKET {"volume":"549cf3c6-92bc-4fcd-87f6-e66e7d34559a","bucket":"e6e8f515-ea15-4812-8244-d83439d486a2"} | ret=SUCCESS |  
2025-10-20 19:51:13,390 | INFO  | OMAudit | user=runner | ip=127.0.0.1 | op=DELETE_KEY {"volume":"549cf3c6-92bc-4fcd-87f6-e66e7d34559a","bucket":"e6e8f515-ea15-4812-8244-d83439d486a2","key":"ead8a20f-e2aa-4012-8693-fcad2dedaebc/","Transaction":"470"} | ret=SUCCESS |  
2025-10-20 19:51:13,391 | INFO  | OMAudit | user=runner | ip=127.0.0.1 | op=READ_VOLUME {"volume":"549cf3c6-92bc-4fcd-87f6-e66e7d34559a"} | ret=SUCCESS |  
2025-10-20 19:51:13,392 | INFO  | OMAudit | user=runner | ip=127.0.0.1 | op=READ_BUCKET {"volume":"549cf3c6-92bc-4fcd-87f6-e66e7d34559a","bucket":"e6e8f515-ea15-4812-8244-d83439d486a2"} | ret=SUCCESS |  
2025-10-20 19:51:13,394 | INFO  | OMAudit | user=runner | ip=127.0.0.1 | op=CREATE_DIRECTORY {"volume":"549cf3c6-92bc-4fcd-87f6-e66e7d34559a","bucket":"e6e8f515-ea15-4812-8244-d83439d486a2","key":"dir1/dir2/dir3/dir4","dataSize":"0","Transaction":"471"} | ret=SUCCESS |  
2025-10-20 19:51:13,395 | INFO  | OMAudit | user=runner | ip=127.0.0.1 | op=READ_VOLUME {"volume":"549cf3c6-92bc-4fcd-87f6-e66e7d34559a"} | ret=SUCCESS |  
2025-10-20 19:51:13,396 | INFO  | OMAudit | user=runner | ip=127.0.0.1 | op=READ_BUCKET {"volume":"549cf3c6-92bc-4fcd-87f6-e66e7d34559a","bucket":"e6e8f515-ea15-4812-8244-d83439d486a2"} | ret=SUCCESS |  
]]></system-out>
  </testcase>
  <testcase name="testBucketUsedNamespace(BucketLayout, boolean)[2]" classname="org.apache.hadoop.ozone.client.rpc.TestSecureOzoneRpcClient" time="3.093">
    <system-out><![CDATA[2025-10-20 19:51:13,399 [ForkJoinPool-1-worker-1] INFO  rpc.RpcClient (RpcClient.java:createVolume(461)) - Creating Volume: a33c8b1b-6319-4f33-a108-b1dc6bc37e6d, with runner as owner and space quota set to -1 bytes, counts quota set to -1
2025-10-20 19:51:13,401 [om1-OMStateMachineApplyTransactionThread - 0] INFO  volume.OMVolumeCreateRequest (OMVolumeCreateRequest.java:validateAndUpdateCache(213)) - created volume:a33c8b1b-6319-4f33-a108-b1dc6bc37e6d for user:runner
2025-10-20 19:51:13,401 | INFO  | OMAudit | user=runner | ip=127.0.0.1 | op=CREATE_VOLUME {"admin":"runner","owner":"runner","volume":"a33c8b1b-6319-4f33-a108-b1dc6bc37e6d","creationTime":"1760989873399","modificationTime":"1760989873399","quotaInBytes":"-1","quotaInNamespace":"-1","usedNamespace":"0","objectID":"-9223372036854654976","updateID":"472","Transaction":"472"} | ret=SUCCESS |  
2025-10-20 19:51:13,402 | INFO  | OMAudit | user=runner | ip=127.0.0.1 | op=READ_VOLUME {"volume":"a33c8b1b-6319-4f33-a108-b1dc6bc37e6d"} | ret=SUCCESS |  
2025-10-20 19:51:13,402 [ForkJoinPool-1-worker-1] INFO  rpc.RpcClient (RpcClient.java:createBucket(686)) - Creating Bucket: a33c8b1b-6319-4f33-a108-b1dc6bc37e6d/6d9322a5-8860-4a51-879a-54b124dad3d6, with bucket layout OBJECT_STORE, runner as owner, Versioning false, Storage Type set to DISK and Encryption set to false, Replication Type set to server-side default replication type, Namespace Quota set to -1, Space Quota set to -1 
2025-10-20 19:51:13,404 [om1-OMStateMachineApplyTransactionThread - 0] INFO  bucket.OMBucketCreateRequest (OMBucketCreateRequest.java:validateAndUpdateCache(303)) - created bucket: 6d9322a5-8860-4a51-879a-54b124dad3d6 of layout OBJECT_STORE in volume: a33c8b1b-6319-4f33-a108-b1dc6bc37e6d
2025-10-20 19:51:13,404 | INFO  | OMAudit | user=runner | ip=127.0.0.1 | op=CREATE_BUCKET {"volume":"a33c8b1b-6319-4f33-a108-b1dc6bc37e6d","bucket":"6d9322a5-8860-4a51-879a-54b124dad3d6","bucketLayout":"OBJECT_STORE","gdprEnabled":null,"acls":"[user:runner:a[ACCESS], group:runner:rl[ACCESS]]","isVersionEnabled":"false","storageType":"DISK","creationTime":"1760989873403","bucketEncryptionKey":null,"modificationTime":"1760989873403","usedBytes":"0","usedNamespace":"0","snapshotUsedBytes":"0","snapshotUsedNamespace":"0","owner":"runner","replicationType":null,"replicationConfig":null,"quotaInBytes":"-1","quotaInNamespace":"-1","Transaction":"473"} | ret=SUCCESS |  
2025-10-20 19:51:13,405 | INFO  | OMAudit | user=runner | ip=127.0.0.1 | op=READ_BUCKET {"volume":"a33c8b1b-6319-4f33-a108-b1dc6bc37e6d","bucket":"6d9322a5-8860-4a51-879a-54b124dad3d6"} | ret=SUCCESS |  
2025-10-20 19:51:13,406 | INFO  | OMAudit | user=runner | ip=127.0.0.1 | op=READ_BUCKET {"volume":"a33c8b1b-6319-4f33-a108-b1dc6bc37e6d","bucket":"6d9322a5-8860-4a51-879a-54b124dad3d6"} | ret=SUCCESS |  
2025-10-20 19:51:13,407 | INFO  | SCMAudit | user=runner | ip=127.0.0.1 | op=ALLOCATE_BLOCK {"replication":"RATIS/ONE","owner":"omServiceIdDefault","size":"4194304","sampleBlocks":"[conID: 27 locID: 115816896921600154]","num":"1","client":"","allocated":"1"} | ret=SUCCESS |  
2025-10-20 19:51:13,409 | INFO  | OMAudit | user=runner | ip=127.0.0.1 | op=ALLOCATE_KEY {"volume":"a33c8b1b-6319-4f33-a108-b1dc6bc37e6d","bucket":"6d9322a5-8860-4a51-879a-54b124dad3d6","key":"12fb2de7-745d-4800-adfd-d901c970cbd7","dataSize":"12","replicationType":"RATIS","replicationFactor":"ONE","Transaction":"474"} | ret=SUCCESS |  
2025-10-20 19:51:13,416 | INFO  | OMAudit | user=runner | ip=127.0.0.1 | op=COMMIT_KEY {"volume":"a33c8b1b-6319-4f33-a108-b1dc6bc37e6d","bucket":"6d9322a5-8860-4a51-879a-54b124dad3d6","key":"12fb2de7-745d-4800-adfd-d901c970cbd7","dataSize":"12","replicationType":"RATIS","replicationFactor":"ONE","Transaction":"475"} | ret=SUCCESS |  
2025-10-20 19:51:13,417 | INFO  | OMAudit | user=runner | ip=127.0.0.1 | op=READ_VOLUME {"volume":"a33c8b1b-6319-4f33-a108-b1dc6bc37e6d"} | ret=SUCCESS |  
2025-10-20 19:51:13,418 | INFO  | OMAudit | user=runner | ip=127.0.0.1 | op=READ_BUCKET {"volume":"a33c8b1b-6319-4f33-a108-b1dc6bc37e6d","bucket":"6d9322a5-8860-4a51-879a-54b124dad3d6"} | ret=SUCCESS |  
2025-10-20 19:51:13,419 | INFO  | OMAudit | user=runner | ip=127.0.0.1 | op=READ_BUCKET {"volume":"a33c8b1b-6319-4f33-a108-b1dc6bc37e6d","bucket":"6d9322a5-8860-4a51-879a-54b124dad3d6"} | ret=SUCCESS |  
2025-10-20 19:51:13,420 | INFO  | SCMAudit | user=runner | ip=127.0.0.1 | op=ALLOCATE_BLOCK {"replication":"RATIS/ONE","owner":"omServiceIdDefault","size":"4194304","sampleBlocks":"[conID: 9 locID: 115816896921600155]","num":"1","client":"","allocated":"1"} | ret=SUCCESS |  
2025-10-20 19:51:13,421 | INFO  | OMAudit | user=runner | ip=127.0.0.1 | op=ALLOCATE_KEY {"volume":"a33c8b1b-6319-4f33-a108-b1dc6bc37e6d","bucket":"6d9322a5-8860-4a51-879a-54b124dad3d6","key":"12fb2de7-745d-4800-adfd-d901c970cbd7","dataSize":"12","replicationType":"RATIS","replicationFactor":"ONE","Transaction":"476"} | ret=SUCCESS |  
2025-10-20 19:51:13,427 | INFO  | OMAudit | user=runner | ip=127.0.0.1 | op=COMMIT_KEY {"volume":"a33c8b1b-6319-4f33-a108-b1dc6bc37e6d","bucket":"6d9322a5-8860-4a51-879a-54b124dad3d6","key":"12fb2de7-745d-4800-adfd-d901c970cbd7","dataSize":"12","replicationType":"RATIS","replicationFactor":"ONE","Transaction":"477"} | ret=SUCCESS |  
2025-10-20 19:51:13,429 | INFO  | OMAudit | user=runner | ip=127.0.0.1 | op=READ_VOLUME {"volume":"a33c8b1b-6319-4f33-a108-b1dc6bc37e6d"} | ret=SUCCESS |  
2025-10-20 19:51:13,429 | INFO  | OMAudit | user=runner | ip=127.0.0.1 | op=READ_BUCKET {"volume":"a33c8b1b-6319-4f33-a108-b1dc6bc37e6d","bucket":"6d9322a5-8860-4a51-879a-54b124dad3d6"} | ret=SUCCESS |  
2025-10-20 19:51:13,442 | INFO  | SCMAudit | user=runner | ip=127.0.0.1 | op=SEND_HEARTBEAT {"datanodeUUID":"361055de-215b-4c6c-94c2-be1c1da118d1","term":"2","command":"[]"} | ret=SUCCESS |  
2025-10-20 19:51:13,442 | INFO  | SCMAudit | user=runner | ip=127.0.0.1 | op=SEND_HEARTBEAT {"datanodeUUID":"38991c48-ffb3-4453-b758-77d6b4ebc62b","term":"2","command":"[]"} | ret=SUCCESS |  
2025-10-20 19:51:13,442 | INFO  | SCMAudit | user=runner | ip=127.0.0.1 | op=SEND_HEARTBEAT {"datanodeUUID":"b614738c-cdff-4f09-bf59-ed5bb75d51be","term":"2","command":"[]"} | ret=SUCCESS |  
2025-10-20 19:51:13,451 | INFO  | SCMAudit | user=runner | ip=127.0.0.1 | op=SEND_HEARTBEAT {"datanodeUUID":"c90bff1f-5a1f-42c6-8fca-9533d718c79a","term":"2","command":"[]"} | ret=SUCCESS |  
2025-10-20 19:51:13,646 | INFO  | SCMAudit | user=runner | ip=127.0.0.1 | op=SEND_HEARTBEAT {"datanodeUUID":"4f2bb3f5-0e03-4f1b-bb4c-79c91b98c7da","term":"2","command":"[]"} | ret=SUCCESS |  
2025-10-20 19:51:13,647 | INFO  | SCMAudit | user=runner | ip=127.0.0.1 | op=SEND_HEARTBEAT {"datanodeUUID":"cc7fbe85-1d98-437b-84f9-04213fee10f0","term":"2","command":"[]"} | ret=SUCCESS |  
2025-10-20 19:51:13,647 | INFO  | SCMAudit | user=runner | ip=127.0.0.1 | op=SEND_HEARTBEAT {"datanodeUUID":"605be85e-a7f4-44d7-8cfd-f53001b990b0","term":"2","command":"[]"} | ret=SUCCESS |  
2025-10-20 19:51:13,717 | INFO  | SCMAudit | user=runner | ip=127.0.0.1 | op=SEND_HEARTBEAT {"datanodeUUID":"feb39a1c-80cb-4714-ab06-a361236e3029","term":"2","command":"[]"} | ret=SUCCESS |  
2025-10-20 19:51:13,735 | INFO  | SCMAudit | user=runner | ip=127.0.0.1 | op=SEND_HEARTBEAT {"datanodeUUID":"e05592a5-d00f-4fc1-9e39-a968c1ecb04e","term":"2","command":"[]"} | ret=SUCCESS |  
2025-10-20 19:51:13,738 | INFO  | SCMAudit | user=runner | ip=127.0.0.1 | op=SEND_HEARTBEAT {"datanodeUUID":"33f74daf-be7a-4306-b2af-53e409c4cb93","term":"2","command":"[]"} | ret=SUCCESS |  
2025-10-20 19:51:13,842 | INFO  | SCMAudit | user=runner | ip=127.0.0.1 | op=SEND_HEARTBEAT {"datanodeUUID":"d7d8cf72-b9f6-4979-9c53-007dd6e6e48a","term":"2","command":"[]"} | ret=SUCCESS |  
2025-10-20 19:51:14,146 [om1-KeyDeletingService#8] INFO  service.KeyDeletingService (KeyDeletingService.java:processKeyDeletes(151)) - Send 1 key(s) to SCM, first 1 keys: [PurgedKey{blockGroup=BlockGroup[groupID='/a33c8b1b-6319-4f33-a108-b1dc6bc37e6d/6d9322a5-8860-4a51-879a-54b124dad3d6/12fb2de7-745d-4800-adfd-d901c970cbd7/-9223372036854653696/0', blockIDs=[conID: 27 locID: 115816896921600154 bcsId: 0 replicaIndex: null]], volume='a33c8b1b-6319-4f33-a108-b1dc6bc37e6d', bucket='6d9322a5-8860-4a51-879a-54b124dad3d6', bucketId=-9223372036854654720, purgedBytes=12, isCommittedKey=true, deleteKeyName='/a33c8b1b-6319-4f33-a108-b1dc6bc37e6d/6d9322a5-8860-4a51-879a-54b124dad3d6/12fb2de7-745d-4800-adfd-d901c970cbd7/-9223372036854653696'}]
2025-10-20 19:51:14,148 | INFO  | SCMAudit | user=runner | ip=127.0.0.1 | op=DELETE_KEY_BLOCK {"KeyBlockToDelete":"[BlockGroup[groupID='/a33c8b1b-6319-4f33-a108-b1dc6bc37e6d/6d9322a5-8860-4a51-879a-54b124dad3d6/12fb2de7-745d-4800-adfd-d901c970cbd7/-9223372036854653696/0', blockIDs=[conID: 27 locID: 115816896921600154 bcsId: 0 replicaIndex: null]]]"} | ret=SUCCESS |  
2025-10-20 19:51:14,148 [om1-KeyDeletingService#8] INFO  service.KeyDeletingService (KeyDeletingService.java:processKeyDeletes(158)) - 1 BlockGroup deletion are acked by SCM in 2 ms
2025-10-20 19:51:14,150 [om1-KeyDeletingService#8] INFO  service.KeyDeletingService (KeyDeletingService.java:processKeyDeletes(166)) - Blocks for 1 (out of 1) keys are deleted from DB in 1 ms. Limit per task is 50000.
2025-10-20 19:51:14,173 | INFO  | SCMAudit | user=runner | ip=127.0.0.1 | op=SEND_HEARTBEAT {"datanodeUUID":"ef67b0a7-5b27-496d-9f38-ab804a28e500","term":"2","command":"[]"} | ret=SUCCESS |  
2025-10-20 19:51:14,173 | INFO  | SCMAudit | user=runner | ip=127.0.0.1 | op=SEND_HEARTBEAT {"datanodeUUID":"7bb0e7f0-2b36-4ec0-8a09-ceac75d91a36","term":"2","command":"[]"} | ret=SUCCESS |  
2025-10-20 19:51:14,256 | INFO  | SCMAudit | user=runner | ip=127.0.0.1 | op=SEND_HEARTBEAT {"datanodeUUID":"af0e5da1-57af-45e9-9aca-fa0798d05628","term":"2","command":"[]"} | ret=SUCCESS |  
2025-10-20 19:51:14,431 | INFO  | OMAudit | user=runner | ip=127.0.0.1 | op=READ_VOLUME {"volume":"a33c8b1b-6319-4f33-a108-b1dc6bc37e6d"} | ret=SUCCESS |  
2025-10-20 19:51:14,432 | INFO  | OMAudit | user=runner | ip=127.0.0.1 | op=READ_BUCKET {"volume":"a33c8b1b-6319-4f33-a108-b1dc6bc37e6d","bucket":"6d9322a5-8860-4a51-879a-54b124dad3d6"} | ret=SUCCESS |  
2025-10-20 19:51:14,433 | INFO  | OMAudit | user=runner | ip=127.0.0.1 | op=READ_BUCKET {"volume":"a33c8b1b-6319-4f33-a108-b1dc6bc37e6d","bucket":"6d9322a5-8860-4a51-879a-54b124dad3d6"} | ret=SUCCESS |  
2025-10-20 19:51:14,434 | INFO  | SCMAudit | user=runner | ip=127.0.0.1 | op=ALLOCATE_BLOCK {"replication":"RATIS/ONE","owner":"omServiceIdDefault","size":"4194304","sampleBlocks":"[conID: 5 locID: 115816896921600156]","num":"1","client":"","allocated":"1"} | ret=SUCCESS |  
2025-10-20 19:51:14,436 | INFO  | OMAudit | user=runner | ip=127.0.0.1 | op=ALLOCATE_KEY {"volume":"a33c8b1b-6319-4f33-a108-b1dc6bc37e6d","bucket":"6d9322a5-8860-4a51-879a-54b124dad3d6","key":"977a57f1-8576-4d6c-ae78-2df594788443","dataSize":"12","replicationType":"RATIS","replicationFactor":"ONE","Transaction":"479"} | ret=SUCCESS |  
2025-10-20 19:51:14,443 | INFO  | SCMAudit | user=runner | ip=127.0.0.1 | op=SEND_HEARTBEAT {"datanodeUUID":"361055de-215b-4c6c-94c2-be1c1da118d1","term":"2","command":"[]"} | ret=SUCCESS |  
2025-10-20 19:51:14,443 | INFO  | SCMAudit | user=runner | ip=127.0.0.1 | op=SEND_HEARTBEAT {"datanodeUUID":"38991c48-ffb3-4453-b758-77d6b4ebc62b","term":"2","command":"[]"} | ret=SUCCESS |  
2025-10-20 19:51:14,443 | INFO  | SCMAudit | user=runner | ip=127.0.0.1 | op=SEND_HEARTBEAT {"datanodeUUID":"b614738c-cdff-4f09-bf59-ed5bb75d51be","term":"2","command":"[]"} | ret=SUCCESS |  
2025-10-20 19:51:14,448 | INFO  | OMAudit | user=runner | ip=127.0.0.1 | op=COMMIT_KEY {"volume":"a33c8b1b-6319-4f33-a108-b1dc6bc37e6d","bucket":"6d9322a5-8860-4a51-879a-54b124dad3d6","key":"977a57f1-8576-4d6c-ae78-2df594788443","dataSize":"12","replicationType":"RATIS","replicationFactor":"ONE","Transaction":"480"} | ret=SUCCESS |  
2025-10-20 19:51:14,449 | INFO  | OMAudit | user=runner | ip=127.0.0.1 | op=READ_VOLUME {"volume":"a33c8b1b-6319-4f33-a108-b1dc6bc37e6d"} | ret=SUCCESS |  
2025-10-20 19:51:14,450 | INFO  | OMAudit | user=runner | ip=127.0.0.1 | op=READ_BUCKET {"volume":"a33c8b1b-6319-4f33-a108-b1dc6bc37e6d","bucket":"6d9322a5-8860-4a51-879a-54b124dad3d6"} | ret=SUCCESS |  
2025-10-20 19:51:14,451 | INFO  | SCMAudit | user=runner | ip=127.0.0.1 | op=SEND_HEARTBEAT {"datanodeUUID":"c90bff1f-5a1f-42c6-8fca-9533d718c79a","term":"2","command":"[]"} | ret=SUCCESS |  
2025-10-20 19:51:14,452 | INFO  | OMAudit | user=runner | ip=127.0.0.1 | op=DELETE_KEY {"volume":"a33c8b1b-6319-4f33-a108-b1dc6bc37e6d","bucket":"6d9322a5-8860-4a51-879a-54b124dad3d6","key":"12fb2de7-745d-4800-adfd-d901c970cbd7","dataSize":"12","replicationConfig":"RATIS/ONE","Transaction":"481"} | ret=SUCCESS |  
2025-10-20 19:51:14,453 | INFO  | OMAudit | user=runner | ip=127.0.0.1 | op=READ_VOLUME {"volume":"a33c8b1b-6319-4f33-a108-b1dc6bc37e6d"} | ret=SUCCESS |  
2025-10-20 19:51:14,454 | INFO  | OMAudit | user=runner | ip=127.0.0.1 | op=READ_BUCKET {"volume":"a33c8b1b-6319-4f33-a108-b1dc6bc37e6d","bucket":"6d9322a5-8860-4a51-879a-54b124dad3d6"} | ret=SUCCESS |  
2025-10-20 19:51:14,646 | INFO  | SCMAudit | user=runner | ip=127.0.0.1 | op=SEND_HEARTBEAT {"datanodeUUID":"4f2bb3f5-0e03-4f1b-bb4c-79c91b98c7da","term":"2","command":"[]"} | ret=SUCCESS |  
2025-10-20 19:51:14,647 | INFO  | SCMAudit | user=runner | ip=127.0.0.1 | op=SEND_HEARTBEAT {"datanodeUUID":"605be85e-a7f4-44d7-8cfd-f53001b990b0","term":"2","command":"[]"} | ret=SUCCESS |  
2025-10-20 19:51:14,647 | INFO  | SCMAudit | user=runner | ip=127.0.0.1 | op=SEND_HEARTBEAT {"datanodeUUID":"cc7fbe85-1d98-437b-84f9-04213fee10f0","term":"2","command":"[]"} | ret=SUCCESS |  
2025-10-20 19:51:14,716 | INFO  | SCMAudit | user=runner | ip=127.0.0.1 | op=SEND_HEARTBEAT {"datanodeUUID":"feb39a1c-80cb-4714-ab06-a361236e3029","term":"2","command":"[]"} | ret=SUCCESS |  
2025-10-20 19:51:14,735 | INFO  | SCMAudit | user=runner | ip=127.0.0.1 | op=SEND_HEARTBEAT {"datanodeUUID":"e05592a5-d00f-4fc1-9e39-a968c1ecb04e","term":"2","command":"[]"} | ret=SUCCESS |  
2025-10-20 19:51:14,738 | INFO  | SCMAudit | user=runner | ip=127.0.0.1 | op=SEND_HEARTBEAT {"datanodeUUID":"33f74daf-be7a-4306-b2af-53e409c4cb93","term":"2","command":"[]"} | ret=SUCCESS |  
2025-10-20 19:51:14,842 | INFO  | SCMAudit | user=runner | ip=127.0.0.1 | op=SEND_HEARTBEAT {"datanodeUUID":"d7d8cf72-b9f6-4979-9c53-007dd6e6e48a","term":"2","command":"[]"} | ret=SUCCESS |  
2025-10-20 19:51:15,146 [om1-KeyDeletingService#3] INFO  service.KeyDeletingService (KeyDeletingService.java:processKeyDeletes(151)) - Send 1 key(s) to SCM, first 1 keys: [PurgedKey{blockGroup=BlockGroup[groupID='/a33c8b1b-6319-4f33-a108-b1dc6bc37e6d/6d9322a5-8860-4a51-879a-54b124dad3d6/12fb2de7-745d-4800-adfd-d901c970cbd7/-9223372036854654464/0', blockIDs=[conID: 9 locID: 115816896921600155 bcsId: 0 replicaIndex: null]], volume='a33c8b1b-6319-4f33-a108-b1dc6bc37e6d', bucket='6d9322a5-8860-4a51-879a-54b124dad3d6', bucketId=-9223372036854654720, purgedBytes=12, isCommittedKey=true, deleteKeyName='/a33c8b1b-6319-4f33-a108-b1dc6bc37e6d/6d9322a5-8860-4a51-879a-54b124dad3d6/12fb2de7-745d-4800-adfd-d901c970cbd7/-9223372036854654464'}]
2025-10-20 19:51:15,148 | INFO  | SCMAudit | user=runner | ip=127.0.0.1 | op=DELETE_KEY_BLOCK {"KeyBlockToDelete":"[BlockGroup[groupID='/a33c8b1b-6319-4f33-a108-b1dc6bc37e6d/6d9322a5-8860-4a51-879a-54b124dad3d6/12fb2de7-745d-4800-adfd-d901c970cbd7/-9223372036854654464/0', blockIDs=[conID: 9 locID: 115816896921600155 bcsId: 0 replicaIndex: null]]]"} | ret=SUCCESS |  
2025-10-20 19:51:15,148 [om1-KeyDeletingService#3] INFO  service.KeyDeletingService (KeyDeletingService.java:processKeyDeletes(158)) - 1 BlockGroup deletion are acked by SCM in 2 ms
2025-10-20 19:51:15,150 [om1-KeyDeletingService#3] INFO  service.KeyDeletingService (KeyDeletingService.java:processKeyDeletes(166)) - Blocks for 1 (out of 1) keys are deleted from DB in 1 ms. Limit per task is 50000.
2025-10-20 19:51:15,173 | INFO  | SCMAudit | user=runner | ip=127.0.0.1 | op=SEND_HEARTBEAT {"datanodeUUID":"ef67b0a7-5b27-496d-9f38-ab804a28e500","term":"2","command":"[]"} | ret=SUCCESS |  
2025-10-20 19:51:15,173 | INFO  | SCMAudit | user=runner | ip=127.0.0.1 | op=SEND_HEARTBEAT {"datanodeUUID":"7bb0e7f0-2b36-4ec0-8a09-ceac75d91a36","term":"2","command":"[]"} | ret=SUCCESS |  
2025-10-20 19:51:15,256 | INFO  | SCMAudit | user=runner | ip=127.0.0.1 | op=SEND_HEARTBEAT {"datanodeUUID":"af0e5da1-57af-45e9-9aca-fa0798d05628","term":"2","command":"[]"} | ret=SUCCESS |  
2025-10-20 19:51:15,442 | INFO  | SCMAudit | user=runner | ip=127.0.0.1 | op=SEND_HEARTBEAT {"datanodeUUID":"361055de-215b-4c6c-94c2-be1c1da118d1","term":"2","command":"[]"} | ret=SUCCESS |  
2025-10-20 19:51:15,442 | INFO  | SCMAudit | user=runner | ip=127.0.0.1 | op=SEND_HEARTBEAT {"datanodeUUID":"b614738c-cdff-4f09-bf59-ed5bb75d51be","term":"2","command":"[]"} | ret=SUCCESS |  
2025-10-20 19:51:15,443 | INFO  | SCMAudit | user=runner | ip=127.0.0.1 | op=SEND_HEARTBEAT {"datanodeUUID":"38991c48-ffb3-4453-b758-77d6b4ebc62b","term":"2","command":"[]"} | ret=SUCCESS |  
2025-10-20 19:51:15,451 | INFO  | SCMAudit | user=runner | ip=127.0.0.1 | op=SEND_HEARTBEAT {"datanodeUUID":"c90bff1f-5a1f-42c6-8fca-9533d718c79a","term":"2","command":"[]"} | ret=SUCCESS |  
2025-10-20 19:51:15,455 | INFO  | OMAudit | user=runner | ip=127.0.0.1 | op=READ_VOLUME {"volume":"a33c8b1b-6319-4f33-a108-b1dc6bc37e6d"} | ret=SUCCESS |  
2025-10-20 19:51:15,456 | INFO  | OMAudit | user=runner | ip=127.0.0.1 | op=READ_BUCKET {"volume":"a33c8b1b-6319-4f33-a108-b1dc6bc37e6d","bucket":"6d9322a5-8860-4a51-879a-54b124dad3d6"} | ret=SUCCESS |  
2025-10-20 19:51:15,461 | INFO  | OMAudit | user=runner | ip=127.0.0.1 | op=DELETE_KEY {"volume":"a33c8b1b-6319-4f33-a108-b1dc6bc37e6d","bucket":"6d9322a5-8860-4a51-879a-54b124dad3d6","key":"977a57f1-8576-4d6c-ae78-2df594788443","dataSize":"12","replicationConfig":"RATIS/ONE","Transaction":"483"} | ret=SUCCESS |  
2025-10-20 19:51:15,463 | INFO  | OMAudit | user=runner | ip=127.0.0.1 | op=READ_VOLUME {"volume":"a33c8b1b-6319-4f33-a108-b1dc6bc37e6d"} | ret=SUCCESS |  
2025-10-20 19:51:15,464 | INFO  | OMAudit | user=runner | ip=127.0.0.1 | op=READ_BUCKET {"volume":"a33c8b1b-6319-4f33-a108-b1dc6bc37e6d","bucket":"6d9322a5-8860-4a51-879a-54b124dad3d6"} | ret=SUCCESS |  
2025-10-20 19:51:15,646 | INFO  | SCMAudit | user=runner | ip=127.0.0.1 | op=SEND_HEARTBEAT {"datanodeUUID":"4f2bb3f5-0e03-4f1b-bb4c-79c91b98c7da","term":"2","command":"[]"} | ret=SUCCESS |  
2025-10-20 19:51:15,647 | INFO  | SCMAudit | user=runner | ip=127.0.0.1 | op=SEND_HEARTBEAT {"datanodeUUID":"cc7fbe85-1d98-437b-84f9-04213fee10f0","term":"2","command":"[]"} | ret=SUCCESS |  
2025-10-20 19:51:15,647 | INFO  | SCMAudit | user=runner | ip=127.0.0.1 | op=SEND_HEARTBEAT {"datanodeUUID":"605be85e-a7f4-44d7-8cfd-f53001b990b0","term":"2","command":"[]"} | ret=SUCCESS |  
2025-10-20 19:51:15,716 | INFO  | SCMAudit | user=runner | ip=127.0.0.1 | op=SEND_HEARTBEAT {"datanodeUUID":"feb39a1c-80cb-4714-ab06-a361236e3029","term":"2","command":"[]"} | ret=SUCCESS |  
2025-10-20 19:51:15,735 | INFO  | SCMAudit | user=runner | ip=127.0.0.1 | op=SEND_HEARTBEAT {"datanodeUUID":"e05592a5-d00f-4fc1-9e39-a968c1ecb04e","term":"2","command":"[]"} | ret=SUCCESS |  
2025-10-20 19:51:15,738 | INFO  | SCMAudit | user=runner | ip=127.0.0.1 | op=SEND_HEARTBEAT {"datanodeUUID":"33f74daf-be7a-4306-b2af-53e409c4cb93","term":"2","command":"[]"} | ret=SUCCESS |  
2025-10-20 19:51:15,842 | INFO  | SCMAudit | user=runner | ip=127.0.0.1 | op=SEND_HEARTBEAT {"datanodeUUID":"d7d8cf72-b9f6-4979-9c53-007dd6e6e48a","term":"2","command":"[]"} | ret=SUCCESS |  
2025-10-20 19:51:16,147 [om1-KeyDeletingService#9] INFO  service.KeyDeletingService (KeyDeletingService.java:processKeyDeletes(151)) - Send 1 key(s) to SCM, first 1 keys: [PurgedKey{blockGroup=BlockGroup[groupID='/a33c8b1b-6319-4f33-a108-b1dc6bc37e6d/6d9322a5-8860-4a51-879a-54b124dad3d6/977a57f1-8576-4d6c-ae78-2df594788443/-9223372036854653184/0', blockIDs=[conID: 5 locID: 115816896921600156 bcsId: 0 replicaIndex: null]], volume='a33c8b1b-6319-4f33-a108-b1dc6bc37e6d', bucket='6d9322a5-8860-4a51-879a-54b124dad3d6', bucketId=-9223372036854654720, purgedBytes=12, isCommittedKey=true, deleteKeyName='/a33c8b1b-6319-4f33-a108-b1dc6bc37e6d/6d9322a5-8860-4a51-879a-54b124dad3d6/977a57f1-8576-4d6c-ae78-2df594788443/-9223372036854653184'}]
2025-10-20 19:51:16,149 | INFO  | SCMAudit | user=runner | ip=127.0.0.1 | op=DELETE_KEY_BLOCK {"KeyBlockToDelete":"[BlockGroup[groupID='/a33c8b1b-6319-4f33-a108-b1dc6bc37e6d/6d9322a5-8860-4a51-879a-54b124dad3d6/977a57f1-8576-4d6c-ae78-2df594788443/-9223372036854653184/0', blockIDs=[conID: 5 locID: 115816896921600156 bcsId: 0 replicaIndex: null]]]"} | ret=SUCCESS |  
2025-10-20 19:51:16,149 [om1-KeyDeletingService#9] INFO  service.KeyDeletingService (KeyDeletingService.java:processKeyDeletes(158)) - 1 BlockGroup deletion are acked by SCM in 2 ms
2025-10-20 19:51:16,150 [om1-KeyDeletingService#9] INFO  service.KeyDeletingService (KeyDeletingService.java:processKeyDeletes(166)) - Blocks for 1 (out of 1) keys are deleted from DB in 2 ms. Limit per task is 50000.
2025-10-20 19:51:16,173 | INFO  | SCMAudit | user=runner | ip=127.0.0.1 | op=SEND_HEARTBEAT {"datanodeUUID":"7bb0e7f0-2b36-4ec0-8a09-ceac75d91a36","term":"2","command":"[]"} | ret=SUCCESS |  
2025-10-20 19:51:16,173 | INFO  | SCMAudit | user=runner | ip=127.0.0.1 | op=SEND_HEARTBEAT {"datanodeUUID":"ef67b0a7-5b27-496d-9f38-ab804a28e500","term":"2","command":"[]"} | ret=SUCCESS |  
2025-10-20 19:51:16,256 | INFO  | SCMAudit | user=runner | ip=127.0.0.1 | op=SEND_HEARTBEAT {"datanodeUUID":"af0e5da1-57af-45e9-9aca-fa0798d05628","term":"2","command":"[]"} | ret=SUCCESS |  
2025-10-20 19:51:16,442 | INFO  | SCMAudit | user=runner | ip=127.0.0.1 | op=SEND_HEARTBEAT {"datanodeUUID":"b614738c-cdff-4f09-bf59-ed5bb75d51be","term":"2","command":"[]"} | ret=SUCCESS |  
2025-10-20 19:51:16,442 | INFO  | SCMAudit | user=runner | ip=127.0.0.1 | op=SEND_HEARTBEAT {"datanodeUUID":"361055de-215b-4c6c-94c2-be1c1da118d1","term":"2","command":"[]"} | ret=SUCCESS |  
2025-10-20 19:51:16,443 | INFO  | SCMAudit | user=runner | ip=127.0.0.1 | op=SEND_HEARTBEAT {"datanodeUUID":"38991c48-ffb3-4453-b758-77d6b4ebc62b","term":"2","command":"[]"} | ret=SUCCESS |  
2025-10-20 19:51:16,451 | INFO  | SCMAudit | user=runner | ip=127.0.0.1 | op=SEND_HEARTBEAT {"datanodeUUID":"c90bff1f-5a1f-42c6-8fca-9533d718c79a","term":"2","command":"[]"} | ret=SUCCESS |  
2025-10-20 19:51:16,465 | INFO  | OMAudit | user=runner | ip=127.0.0.1 | op=READ_VOLUME {"volume":"a33c8b1b-6319-4f33-a108-b1dc6bc37e6d"} | ret=SUCCESS |  
2025-10-20 19:51:16,466 | INFO  | OMAudit | user=runner | ip=127.0.0.1 | op=READ_BUCKET {"volume":"a33c8b1b-6319-4f33-a108-b1dc6bc37e6d","bucket":"6d9322a5-8860-4a51-879a-54b124dad3d6"} | ret=SUCCESS |  
2025-10-20 19:51:16,469 | INFO  | OMAudit | user=runner | ip=127.0.0.1 | op=GET_SERVICE_LIST {} | ret=SUCCESS |  
2025-10-20 19:51:16,472 | INFO  | OMAudit | user=runner | ip=127.0.0.1 | op=CREATE_DIRECTORY {"volume":"a33c8b1b-6319-4f33-a108-b1dc6bc37e6d","bucket":"6d9322a5-8860-4a51-879a-54b124dad3d6","key":"623c4b25-ddb0-4ac4-8f13-aef61f58fb7e","dataSize":"0","Transaction":"485"} | ret=SUCCESS |  
2025-10-20 19:51:16,473 | INFO  | OMAudit | user=runner | ip=127.0.0.1 | op=READ_VOLUME {"volume":"a33c8b1b-6319-4f33-a108-b1dc6bc37e6d"} | ret=SUCCESS |  
2025-10-20 19:51:16,474 | INFO  | OMAudit | user=runner | ip=127.0.0.1 | op=READ_BUCKET {"volume":"a33c8b1b-6319-4f33-a108-b1dc6bc37e6d","bucket":"6d9322a5-8860-4a51-879a-54b124dad3d6"} | ret=SUCCESS |  
2025-10-20 19:51:16,476 | INFO  | OMAudit | user=runner | ip=127.0.0.1 | op=CREATE_DIRECTORY {"volume":"a33c8b1b-6319-4f33-a108-b1dc6bc37e6d","bucket":"6d9322a5-8860-4a51-879a-54b124dad3d6","key":"1a18d5ef-67f3-44e9-86b9-108f8d75bfbf","dataSize":"0","Transaction":"486"} | ret=SUCCESS |  
2025-10-20 19:51:16,477 | INFO  | OMAudit | user=runner | ip=127.0.0.1 | op=READ_VOLUME {"volume":"a33c8b1b-6319-4f33-a108-b1dc6bc37e6d"} | ret=SUCCESS |  
2025-10-20 19:51:16,478 | INFO  | OMAudit | user=runner | ip=127.0.0.1 | op=READ_BUCKET {"volume":"a33c8b1b-6319-4f33-a108-b1dc6bc37e6d","bucket":"6d9322a5-8860-4a51-879a-54b124dad3d6"} | ret=SUCCESS |  
2025-10-20 19:51:16,480 | INFO  | OMAudit | user=runner | ip=127.0.0.1 | op=DELETE_KEY {"volume":"a33c8b1b-6319-4f33-a108-b1dc6bc37e6d","bucket":"6d9322a5-8860-4a51-879a-54b124dad3d6","key":"623c4b25-ddb0-4ac4-8f13-aef61f58fb7e/","Transaction":"487"} | ret=SUCCESS |  
2025-10-20 19:51:16,481 | INFO  | OMAudit | user=runner | ip=127.0.0.1 | op=READ_VOLUME {"volume":"a33c8b1b-6319-4f33-a108-b1dc6bc37e6d"} | ret=SUCCESS |  
2025-10-20 19:51:16,481 | INFO  | OMAudit | user=runner | ip=127.0.0.1 | op=READ_BUCKET {"volume":"a33c8b1b-6319-4f33-a108-b1dc6bc37e6d","bucket":"6d9322a5-8860-4a51-879a-54b124dad3d6"} | ret=SUCCESS |  
2025-10-20 19:51:16,483 | INFO  | OMAudit | user=runner | ip=127.0.0.1 | op=DELETE_KEY {"volume":"a33c8b1b-6319-4f33-a108-b1dc6bc37e6d","bucket":"6d9322a5-8860-4a51-879a-54b124dad3d6","key":"1a18d5ef-67f3-44e9-86b9-108f8d75bfbf/","Transaction":"488"} | ret=SUCCESS |  
2025-10-20 19:51:16,484 | INFO  | OMAudit | user=runner | ip=127.0.0.1 | op=READ_VOLUME {"volume":"a33c8b1b-6319-4f33-a108-b1dc6bc37e6d"} | ret=SUCCESS |  
2025-10-20 19:51:16,485 | INFO  | OMAudit | user=runner | ip=127.0.0.1 | op=READ_BUCKET {"volume":"a33c8b1b-6319-4f33-a108-b1dc6bc37e6d","bucket":"6d9322a5-8860-4a51-879a-54b124dad3d6"} | ret=SUCCESS |  
2025-10-20 19:51:16,487 | INFO  | OMAudit | user=runner | ip=127.0.0.1 | op=CREATE_DIRECTORY {"volume":"a33c8b1b-6319-4f33-a108-b1dc6bc37e6d","bucket":"6d9322a5-8860-4a51-879a-54b124dad3d6","key":"dir1/dir2/dir3/dir4","dataSize":"0","Transaction":"489"} | ret=SUCCESS |  
2025-10-20 19:51:16,489 | INFO  | OMAudit | user=runner | ip=127.0.0.1 | op=READ_VOLUME {"volume":"a33c8b1b-6319-4f33-a108-b1dc6bc37e6d"} | ret=SUCCESS |  
2025-10-20 19:51:16,489 | INFO  | OMAudit | user=runner | ip=127.0.0.1 | op=READ_BUCKET {"volume":"a33c8b1b-6319-4f33-a108-b1dc6bc37e6d","bucket":"6d9322a5-8860-4a51-879a-54b124dad3d6"} | ret=SUCCESS |  
]]></system-out>
  </testcase>
  <testcase name="testBucketUsedNamespace(BucketLayout, boolean)[3]" classname="org.apache.hadoop.ozone.client.rpc.TestSecureOzoneRpcClient" time="3.315">
    <system-out><![CDATA[2025-10-20 19:51:16,493 [ForkJoinPool-1-worker-1] INFO  rpc.RpcClient (RpcClient.java:createVolume(461)) - Creating Volume: a15377ab-20c8-40bf-a4b1-f11265884b19, with runner as owner and space quota set to -1 bytes, counts quota set to -1
2025-10-20 19:51:16,496 [om1-OMStateMachineApplyTransactionThread - 0] INFO  volume.OMVolumeCreateRequest (OMVolumeCreateRequest.java:validateAndUpdateCache(213)) - created volume:a15377ab-20c8-40bf-a4b1-f11265884b19 for user:runner
2025-10-20 19:51:16,496 | INFO  | OMAudit | user=runner | ip=127.0.0.1 | op=CREATE_VOLUME {"admin":"runner","owner":"runner","volume":"a15377ab-20c8-40bf-a4b1-f11265884b19","creationTime":"1760989876494","modificationTime":"1760989876494","quotaInBytes":"-1","quotaInNamespace":"-1","usedNamespace":"0","objectID":"-9223372036854650368","updateID":"490","Transaction":"490"} | ret=SUCCESS |  
2025-10-20 19:51:16,497 | INFO  | OMAudit | user=runner | ip=127.0.0.1 | op=READ_VOLUME {"volume":"a15377ab-20c8-40bf-a4b1-f11265884b19"} | ret=SUCCESS |  
2025-10-20 19:51:16,498 [ForkJoinPool-1-worker-1] INFO  rpc.RpcClient (RpcClient.java:createBucket(686)) - Creating Bucket: a15377ab-20c8-40bf-a4b1-f11265884b19/c3f4e886-f8f0-4af8-aaf3-51e4652444b6, with bucket layout LEGACY, runner as owner, Versioning false, Storage Type set to DISK and Encryption set to false, Replication Type set to server-side default replication type, Namespace Quota set to -1, Space Quota set to -1 
2025-10-20 19:51:16,500 [om1-OMStateMachineApplyTransactionThread - 0] INFO  bucket.OMBucketCreateRequest (OMBucketCreateRequest.java:validateAndUpdateCache(303)) - created bucket: c3f4e886-f8f0-4af8-aaf3-51e4652444b6 of layout LEGACY in volume: a15377ab-20c8-40bf-a4b1-f11265884b19
2025-10-20 19:51:16,500 | INFO  | OMAudit | user=runner | ip=127.0.0.1 | op=CREATE_BUCKET {"volume":"a15377ab-20c8-40bf-a4b1-f11265884b19","bucket":"c3f4e886-f8f0-4af8-aaf3-51e4652444b6","bucketLayout":"LEGACY","gdprEnabled":null,"acls":"[user:runner:a[ACCESS], group:runner:rl[ACCESS]]","isVersionEnabled":"false","storageType":"DISK","creationTime":"1760989876499","bucketEncryptionKey":null,"modificationTime":"1760989876499","usedBytes":"0","usedNamespace":"0","snapshotUsedBytes":"0","snapshotUsedNamespace":"0","owner":"runner","replicationType":null,"replicationConfig":null,"quotaInBytes":"-1","quotaInNamespace":"-1","Transaction":"491"} | ret=SUCCESS |  
2025-10-20 19:51:16,501 | INFO  | OMAudit | user=runner | ip=127.0.0.1 | op=READ_BUCKET {"volume":"a15377ab-20c8-40bf-a4b1-f11265884b19","bucket":"c3f4e886-f8f0-4af8-aaf3-51e4652444b6"} | ret=SUCCESS |  
2025-10-20 19:51:16,503 | INFO  | OMAudit | user=runner | ip=127.0.0.1 | op=READ_BUCKET {"volume":"a15377ab-20c8-40bf-a4b1-f11265884b19","bucket":"c3f4e886-f8f0-4af8-aaf3-51e4652444b6"} | ret=SUCCESS |  
2025-10-20 19:51:16,504 | INFO  | SCMAudit | user=runner | ip=127.0.0.1 | op=ALLOCATE_BLOCK {"replication":"RATIS/ONE","owner":"omServiceIdDefault","size":"4194304","sampleBlocks":"[conID: 9 locID: 115816896921600157]","num":"1","client":"","allocated":"1"} | ret=SUCCESS |  
2025-10-20 19:51:16,507 | INFO  | OMAudit | user=runner | ip=127.0.0.1 | op=ALLOCATE_KEY {"volume":"a15377ab-20c8-40bf-a4b1-f11265884b19","bucket":"c3f4e886-f8f0-4af8-aaf3-51e4652444b6","key":"413682f2-e1af-42a5-8dd8-38cf1461d339","dataSize":"12","replicationType":"RATIS","replicationFactor":"ONE","Transaction":"492"} | ret=SUCCESS |  
2025-10-20 19:51:16,514 | INFO  | OMAudit | user=runner | ip=127.0.0.1 | op=COMMIT_KEY {"volume":"a15377ab-20c8-40bf-a4b1-f11265884b19","bucket":"c3f4e886-f8f0-4af8-aaf3-51e4652444b6","key":"413682f2-e1af-42a5-8dd8-38cf1461d339","dataSize":"12","replicationType":"RATIS","replicationFactor":"ONE","Transaction":"493"} | ret=SUCCESS |  
2025-10-20 19:51:16,515 | INFO  | OMAudit | user=runner | ip=127.0.0.1 | op=READ_VOLUME {"volume":"a15377ab-20c8-40bf-a4b1-f11265884b19"} | ret=SUCCESS |  
2025-10-20 19:51:16,516 | INFO  | OMAudit | user=runner | ip=127.0.0.1 | op=READ_BUCKET {"volume":"a15377ab-20c8-40bf-a4b1-f11265884b19","bucket":"c3f4e886-f8f0-4af8-aaf3-51e4652444b6"} | ret=SUCCESS |  
2025-10-20 19:51:16,517 | INFO  | OMAudit | user=runner | ip=127.0.0.1 | op=READ_BUCKET {"volume":"a15377ab-20c8-40bf-a4b1-f11265884b19","bucket":"c3f4e886-f8f0-4af8-aaf3-51e4652444b6"} | ret=SUCCESS |  
2025-10-20 19:51:16,518 | INFO  | SCMAudit | user=runner | ip=127.0.0.1 | op=ALLOCATE_BLOCK {"replication":"RATIS/ONE","owner":"omServiceIdDefault","size":"4194304","sampleBlocks":"[conID: 11 locID: 115816896921600158]","num":"1","client":"","allocated":"1"} | ret=SUCCESS |  
2025-10-20 19:51:16,520 | INFO  | OMAudit | user=runner | ip=127.0.0.1 | op=ALLOCATE_KEY {"volume":"a15377ab-20c8-40bf-a4b1-f11265884b19","bucket":"c3f4e886-f8f0-4af8-aaf3-51e4652444b6","key":"413682f2-e1af-42a5-8dd8-38cf1461d339","dataSize":"12","replicationType":"RATIS","replicationFactor":"ONE","Transaction":"494"} | ret=SUCCESS |  
2025-10-20 19:51:16,532 | INFO  | OMAudit | user=runner | ip=127.0.0.1 | op=COMMIT_KEY {"volume":"a15377ab-20c8-40bf-a4b1-f11265884b19","bucket":"c3f4e886-f8f0-4af8-aaf3-51e4652444b6","key":"413682f2-e1af-42a5-8dd8-38cf1461d339","dataSize":"12","replicationType":"RATIS","replicationFactor":"ONE","Transaction":"495"} | ret=SUCCESS |  
2025-10-20 19:51:16,533 | INFO  | OMAudit | user=runner | ip=127.0.0.1 | op=READ_VOLUME {"volume":"a15377ab-20c8-40bf-a4b1-f11265884b19"} | ret=SUCCESS |  
2025-10-20 19:51:16,534 | INFO  | OMAudit | user=runner | ip=127.0.0.1 | op=READ_BUCKET {"volume":"a15377ab-20c8-40bf-a4b1-f11265884b19","bucket":"c3f4e886-f8f0-4af8-aaf3-51e4652444b6"} | ret=SUCCESS |  
2025-10-20 19:51:16,646 | INFO  | SCMAudit | user=runner | ip=127.0.0.1 | op=SEND_HEARTBEAT {"datanodeUUID":"4f2bb3f5-0e03-4f1b-bb4c-79c91b98c7da","term":"2","command":"[]"} | ret=SUCCESS |  
2025-10-20 19:51:16,647 | INFO  | SCMAudit | user=runner | ip=127.0.0.1 | op=SEND_HEARTBEAT {"datanodeUUID":"cc7fbe85-1d98-437b-84f9-04213fee10f0","term":"2","command":"[]"} | ret=SUCCESS |  
2025-10-20 19:51:16,647 | INFO  | SCMAudit | user=runner | ip=127.0.0.1 | op=SEND_HEARTBEAT {"datanodeUUID":"605be85e-a7f4-44d7-8cfd-f53001b990b0","term":"2","command":"[]"} | ret=SUCCESS |  
2025-10-20 19:51:16,716 | INFO  | SCMAudit | user=runner | ip=127.0.0.1 | op=SEND_HEARTBEAT {"datanodeUUID":"feb39a1c-80cb-4714-ab06-a361236e3029","term":"2","command":"[]"} | ret=SUCCESS |  
2025-10-20 19:51:16,736 | INFO  | SCMAudit | user=runner | ip=127.0.0.1 | op=SEND_HEARTBEAT {"datanodeUUID":"e05592a5-d00f-4fc1-9e39-a968c1ecb04e","term":"2","command":"[]"} | ret=SUCCESS |  
2025-10-20 19:51:16,739 | INFO  | SCMAudit | user=runner | ip=127.0.0.1 | op=SEND_HEARTBEAT {"datanodeUUID":"33f74daf-be7a-4306-b2af-53e409c4cb93","term":"2","command":"[]"} | ret=SUCCESS |  
2025-10-20 19:51:16,843 | INFO  | SCMAudit | user=runner | ip=127.0.0.1 | op=SEND_HEARTBEAT {"datanodeUUID":"d7d8cf72-b9f6-4979-9c53-007dd6e6e48a","term":"2","command":"[]"} | ret=SUCCESS |  
2025-10-20 19:51:17,147 [om1-KeyDeletingService#0] INFO  service.KeyDeletingService (KeyDeletingService.java:processKeyDeletes(151)) - Send 1 key(s) to SCM, first 1 keys: [PurgedKey{blockGroup=BlockGroup[groupID='/a15377ab-20c8-40bf-a4b1-f11265884b19/c3f4e886-f8f0-4af8-aaf3-51e4652444b6/413682f2-e1af-42a5-8dd8-38cf1461d339/-9223372036854649088/0', blockIDs=[conID: 9 locID: 115816896921600157 bcsId: 0 replicaIndex: null]], volume='a15377ab-20c8-40bf-a4b1-f11265884b19', bucket='c3f4e886-f8f0-4af8-aaf3-51e4652444b6', bucketId=-9223372036854650112, purgedBytes=12, isCommittedKey=true, deleteKeyName='/a15377ab-20c8-40bf-a4b1-f11265884b19/c3f4e886-f8f0-4af8-aaf3-51e4652444b6/413682f2-e1af-42a5-8dd8-38cf1461d339/-9223372036854649088'}]
2025-10-20 19:51:17,149 | INFO  | SCMAudit | user=runner | ip=127.0.0.1 | op=DELETE_KEY_BLOCK {"KeyBlockToDelete":"[BlockGroup[groupID='/a15377ab-20c8-40bf-a4b1-f11265884b19/c3f4e886-f8f0-4af8-aaf3-51e4652444b6/413682f2-e1af-42a5-8dd8-38cf1461d339/-9223372036854649088/0', blockIDs=[conID: 9 locID: 115816896921600157 bcsId: 0 replicaIndex: null]]]"} | ret=SUCCESS |  
2025-10-20 19:51:17,149 [om1-KeyDeletingService#0] INFO  service.KeyDeletingService (KeyDeletingService.java:processKeyDeletes(158)) - 1 BlockGroup deletion are acked by SCM in 3 ms
2025-10-20 19:51:17,151 [om1-KeyDeletingService#0] INFO  service.KeyDeletingService (KeyDeletingService.java:processKeyDeletes(166)) - Blocks for 1 (out of 1) keys are deleted from DB in 1 ms. Limit per task is 50000.
2025-10-20 19:51:17,173 | INFO  | SCMAudit | user=runner | ip=127.0.0.1 | op=SEND_HEARTBEAT {"datanodeUUID":"7bb0e7f0-2b36-4ec0-8a09-ceac75d91a36","term":"2","command":"[]"} | ret=SUCCESS |  
2025-10-20 19:51:17,173 | INFO  | SCMAudit | user=runner | ip=127.0.0.1 | op=SEND_HEARTBEAT {"datanodeUUID":"ef67b0a7-5b27-496d-9f38-ab804a28e500","term":"2","command":"[]"} | ret=SUCCESS |  
2025-10-20 19:51:17,256 | INFO  | SCMAudit | user=runner | ip=127.0.0.1 | op=SEND_HEARTBEAT {"datanodeUUID":"af0e5da1-57af-45e9-9aca-fa0798d05628","term":"2","command":"[]"} | ret=SUCCESS |  
2025-10-20 19:51:17,442 | INFO  | SCMAudit | user=runner | ip=127.0.0.1 | op=SEND_HEARTBEAT {"datanodeUUID":"361055de-215b-4c6c-94c2-be1c1da118d1","term":"2","command":"[]"} | ret=SUCCESS |  
2025-10-20 19:51:17,442 | INFO  | SCMAudit | user=runner | ip=127.0.0.1 | op=SEND_HEARTBEAT {"datanodeUUID":"b614738c-cdff-4f09-bf59-ed5bb75d51be","term":"2","command":"[]"} | ret=SUCCESS |  
2025-10-20 19:51:17,443 | INFO  | SCMAudit | user=runner | ip=127.0.0.1 | op=SEND_HEARTBEAT {"datanodeUUID":"38991c48-ffb3-4453-b758-77d6b4ebc62b","term":"2","command":"[]"} | ret=SUCCESS |  
2025-10-20 19:51:17,451 | INFO  | SCMAudit | user=runner | ip=127.0.0.1 | op=SEND_HEARTBEAT {"datanodeUUID":"c90bff1f-5a1f-42c6-8fca-9533d718c79a","term":"2","command":"[]"} | ret=SUCCESS |  
2025-10-20 19:51:17,535 | INFO  | OMAudit | user=runner | ip=127.0.0.1 | op=READ_VOLUME {"volume":"a15377ab-20c8-40bf-a4b1-f11265884b19"} | ret=SUCCESS |  
2025-10-20 19:51:17,536 | INFO  | OMAudit | user=runner | ip=127.0.0.1 | op=READ_BUCKET {"volume":"a15377ab-20c8-40bf-a4b1-f11265884b19","bucket":"c3f4e886-f8f0-4af8-aaf3-51e4652444b6"} | ret=SUCCESS |  
2025-10-20 19:51:17,538 | INFO  | OMAudit | user=runner | ip=127.0.0.1 | op=READ_BUCKET {"volume":"a15377ab-20c8-40bf-a4b1-f11265884b19","bucket":"c3f4e886-f8f0-4af8-aaf3-51e4652444b6"} | ret=SUCCESS |  
2025-10-20 19:51:17,538 | INFO  | SCMAudit | user=runner | ip=127.0.0.1 | op=ALLOCATE_BLOCK {"replication":"RATIS/ONE","owner":"omServiceIdDefault","size":"4194304","sampleBlocks":"[conID: 3 locID: 115816896921600159]","num":"1","client":"","allocated":"1"} | ret=SUCCESS |  
2025-10-20 19:51:17,541 | INFO  | OMAudit | user=runner | ip=127.0.0.1 | op=ALLOCATE_KEY {"volume":"a15377ab-20c8-40bf-a4b1-f11265884b19","bucket":"c3f4e886-f8f0-4af8-aaf3-51e4652444b6","key":"844c3cec-c822-440c-9566-85e6df0a7b62","dataSize":"12","replicationType":"RATIS","replicationFactor":"ONE","Transaction":"497"} | ret=SUCCESS |  
2025-10-20 19:51:17,552 | INFO  | OMAudit | user=runner | ip=127.0.0.1 | op=COMMIT_KEY {"volume":"a15377ab-20c8-40bf-a4b1-f11265884b19","bucket":"c3f4e886-f8f0-4af8-aaf3-51e4652444b6","key":"844c3cec-c822-440c-9566-85e6df0a7b62","dataSize":"12","replicationType":"RATIS","replicationFactor":"ONE","Transaction":"498"} | ret=SUCCESS |  
2025-10-20 19:51:17,553 | INFO  | OMAudit | user=runner | ip=127.0.0.1 | op=READ_VOLUME {"volume":"a15377ab-20c8-40bf-a4b1-f11265884b19"} | ret=SUCCESS |  
2025-10-20 19:51:17,554 | INFO  | OMAudit | user=runner | ip=127.0.0.1 | op=READ_BUCKET {"volume":"a15377ab-20c8-40bf-a4b1-f11265884b19","bucket":"c3f4e886-f8f0-4af8-aaf3-51e4652444b6"} | ret=SUCCESS |  
2025-10-20 19:51:17,556 | INFO  | OMAudit | user=runner | ip=127.0.0.1 | op=DELETE_KEY {"volume":"a15377ab-20c8-40bf-a4b1-f11265884b19","bucket":"c3f4e886-f8f0-4af8-aaf3-51e4652444b6","key":"413682f2-e1af-42a5-8dd8-38cf1461d339","dataSize":"12","replicationConfig":"RATIS/ONE","Transaction":"499"} | ret=SUCCESS |  
2025-10-20 19:51:17,557 | INFO  | OMAudit | user=runner | ip=127.0.0.1 | op=READ_VOLUME {"volume":"a15377ab-20c8-40bf-a4b1-f11265884b19"} | ret=SUCCESS |  
2025-10-20 19:51:17,558 | INFO  | OMAudit | user=runner | ip=127.0.0.1 | op=READ_BUCKET {"volume":"a15377ab-20c8-40bf-a4b1-f11265884b19","bucket":"c3f4e886-f8f0-4af8-aaf3-51e4652444b6"} | ret=SUCCESS |  
2025-10-20 19:51:17,646 | INFO  | SCMAudit | user=runner | ip=127.0.0.1 | op=SEND_HEARTBEAT {"datanodeUUID":"4f2bb3f5-0e03-4f1b-bb4c-79c91b98c7da","term":"2","command":"[]"} | ret=SUCCESS |  
2025-10-20 19:51:17,647 | INFO  | SCMAudit | user=runner | ip=127.0.0.1 | op=SEND_HEARTBEAT {"datanodeUUID":"cc7fbe85-1d98-437b-84f9-04213fee10f0","term":"2","command":"[]"} | ret=SUCCESS |  
2025-10-20 19:51:17,647 | INFO  | SCMAudit | user=runner | ip=127.0.0.1 | op=SEND_HEARTBEAT {"datanodeUUID":"605be85e-a7f4-44d7-8cfd-f53001b990b0","term":"2","command":"[]"} | ret=SUCCESS |  
2025-10-20 19:51:17,716 | INFO  | SCMAudit | user=runner | ip=127.0.0.1 | op=SEND_HEARTBEAT {"datanodeUUID":"feb39a1c-80cb-4714-ab06-a361236e3029","term":"2","command":"[]"} | ret=SUCCESS |  
2025-10-20 19:51:17,736 | INFO  | SCMAudit | user=runner | ip=127.0.0.1 | op=SEND_HEARTBEAT {"datanodeUUID":"e05592a5-d00f-4fc1-9e39-a968c1ecb04e","term":"2","command":"[]"} | ret=SUCCESS |  
2025-10-20 19:51:17,739 | INFO  | SCMAudit | user=runner | ip=127.0.0.1 | op=SEND_HEARTBEAT {"datanodeUUID":"33f74daf-be7a-4306-b2af-53e409c4cb93","term":"2","command":"[]"} | ret=SUCCESS |  
2025-10-20 19:51:17,843 | INFO  | SCMAudit | user=runner | ip=127.0.0.1 | op=SEND_HEARTBEAT {"datanodeUUID":"d7d8cf72-b9f6-4979-9c53-007dd6e6e48a","term":"2","command":"[]"} | ret=SUCCESS |  
2025-10-20 19:51:18,147 [om1-KeyDeletingService#6] INFO  service.KeyDeletingService (KeyDeletingService.java:processKeyDeletes(151)) - Send 1 key(s) to SCM, first 1 keys: [PurgedKey{blockGroup=BlockGroup[groupID='/a15377ab-20c8-40bf-a4b1-f11265884b19/c3f4e886-f8f0-4af8-aaf3-51e4652444b6/413682f2-e1af-42a5-8dd8-38cf1461d339/-9223372036854649856/0', blockIDs=[conID: 11 locID: 115816896921600158 bcsId: 0 replicaIndex: null]], volume='a15377ab-20c8-40bf-a4b1-f11265884b19', bucket='c3f4e886-f8f0-4af8-aaf3-51e4652444b6', bucketId=-9223372036854650112, purgedBytes=12, isCommittedKey=true, deleteKeyName='/a15377ab-20c8-40bf-a4b1-f11265884b19/c3f4e886-f8f0-4af8-aaf3-51e4652444b6/413682f2-e1af-42a5-8dd8-38cf1461d339/-9223372036854649856'}]
2025-10-20 19:51:18,149 | INFO  | SCMAudit | user=runner | ip=127.0.0.1 | op=DELETE_KEY_BLOCK {"KeyBlockToDelete":"[BlockGroup[groupID='/a15377ab-20c8-40bf-a4b1-f11265884b19/c3f4e886-f8f0-4af8-aaf3-51e4652444b6/413682f2-e1af-42a5-8dd8-38cf1461d339/-9223372036854649856/0', blockIDs=[conID: 11 locID: 115816896921600158 bcsId: 0 replicaIndex: null]]]"} | ret=SUCCESS |  
2025-10-20 19:51:18,149 [om1-KeyDeletingService#6] INFO  service.KeyDeletingService (KeyDeletingService.java:processKeyDeletes(158)) - 1 BlockGroup deletion are acked by SCM in 2 ms
2025-10-20 19:51:18,150 [om1-KeyDeletingService#6] INFO  service.KeyDeletingService (KeyDeletingService.java:processKeyDeletes(166)) - Blocks for 1 (out of 1) keys are deleted from DB in 2 ms. Limit per task is 50000.
2025-10-20 19:51:18,174 | INFO  | SCMAudit | user=runner | ip=127.0.0.1 | op=SEND_HEARTBEAT {"datanodeUUID":"7bb0e7f0-2b36-4ec0-8a09-ceac75d91a36","term":"2","command":"[]"} | ret=SUCCESS |  
2025-10-20 19:51:18,174 | INFO  | SCMAudit | user=runner | ip=127.0.0.1 | op=SEND_HEARTBEAT {"datanodeUUID":"ef67b0a7-5b27-496d-9f38-ab804a28e500","term":"2","command":"[]"} | ret=SUCCESS |  
2025-10-20 19:51:18,257 | INFO  | SCMAudit | user=runner | ip=127.0.0.1 | op=SEND_HEARTBEAT {"datanodeUUID":"af0e5da1-57af-45e9-9aca-fa0798d05628","term":"2","command":"[]"} | ret=SUCCESS |  
2025-10-20 19:51:18,442 | INFO  | SCMAudit | user=runner | ip=127.0.0.1 | op=SEND_HEARTBEAT {"datanodeUUID":"b614738c-cdff-4f09-bf59-ed5bb75d51be","term":"2","command":"[]"} | ret=SUCCESS |  
2025-10-20 19:51:18,442 | INFO  | SCMAudit | user=runner | ip=127.0.0.1 | op=SEND_HEARTBEAT {"datanodeUUID":"361055de-215b-4c6c-94c2-be1c1da118d1","term":"2","command":"[]"} | ret=SUCCESS |  
2025-10-20 19:51:18,443 | INFO  | SCMAudit | user=runner | ip=127.0.0.1 | op=SEND_HEARTBEAT {"datanodeUUID":"38991c48-ffb3-4453-b758-77d6b4ebc62b","term":"2","command":"[]"} | ret=SUCCESS |  
2025-10-20 19:51:18,451 | INFO  | SCMAudit | user=runner | ip=127.0.0.1 | op=SEND_HEARTBEAT {"datanodeUUID":"c90bff1f-5a1f-42c6-8fca-9533d718c79a","term":"2","command":"[]"} | ret=SUCCESS |  
2025-10-20 19:51:18,559 | INFO  | OMAudit | user=runner | ip=127.0.0.1 | op=READ_VOLUME {"volume":"a15377ab-20c8-40bf-a4b1-f11265884b19"} | ret=SUCCESS |  
2025-10-20 19:51:18,561 | INFO  | OMAudit | user=runner | ip=127.0.0.1 | op=READ_BUCKET {"volume":"a15377ab-20c8-40bf-a4b1-f11265884b19","bucket":"c3f4e886-f8f0-4af8-aaf3-51e4652444b6"} | ret=SUCCESS |  
2025-10-20 19:51:18,563 | INFO  | OMAudit | user=runner | ip=127.0.0.1 | op=DELETE_KEY {"volume":"a15377ab-20c8-40bf-a4b1-f11265884b19","bucket":"c3f4e886-f8f0-4af8-aaf3-51e4652444b6","key":"844c3cec-c822-440c-9566-85e6df0a7b62","dataSize":"12","replicationConfig":"RATIS/ONE","Transaction":"501"} | ret=SUCCESS |  
2025-10-20 19:51:18,564 | INFO  | OMAudit | user=runner | ip=127.0.0.1 | op=READ_VOLUME {"volume":"a15377ab-20c8-40bf-a4b1-f11265884b19"} | ret=SUCCESS |  
2025-10-20 19:51:18,565 | INFO  | OMAudit | user=runner | ip=127.0.0.1 | op=READ_BUCKET {"volume":"a15377ab-20c8-40bf-a4b1-f11265884b19","bucket":"c3f4e886-f8f0-4af8-aaf3-51e4652444b6"} | ret=SUCCESS |  
2025-10-20 19:51:18,646 | INFO  | SCMAudit | user=runner | ip=127.0.0.1 | op=SEND_HEARTBEAT {"datanodeUUID":"4f2bb3f5-0e03-4f1b-bb4c-79c91b98c7da","term":"2","command":"[]"} | ret=SUCCESS |  
2025-10-20 19:51:18,647 | INFO  | SCMAudit | user=runner | ip=127.0.0.1 | op=SEND_HEARTBEAT {"datanodeUUID":"cc7fbe85-1d98-437b-84f9-04213fee10f0","term":"2","command":"[]"} | ret=SUCCESS |  
2025-10-20 19:51:18,648 | INFO  | SCMAudit | user=runner | ip=127.0.0.1 | op=SEND_HEARTBEAT {"datanodeUUID":"605be85e-a7f4-44d7-8cfd-f53001b990b0","term":"2","command":"[]"} | ret=SUCCESS |  
2025-10-20 19:51:18,716 | INFO  | SCMAudit | user=runner | ip=127.0.0.1 | op=SEND_HEARTBEAT {"datanodeUUID":"feb39a1c-80cb-4714-ab06-a361236e3029","term":"2","command":"[]"} | ret=SUCCESS |  
2025-10-20 19:51:18,736 | INFO  | SCMAudit | user=runner | ip=127.0.0.1 | op=SEND_HEARTBEAT {"datanodeUUID":"e05592a5-d00f-4fc1-9e39-a968c1ecb04e","term":"2","command":"[]"} | ret=SUCCESS |  
2025-10-20 19:51:18,739 | INFO  | SCMAudit | user=runner | ip=127.0.0.1 | op=SEND_HEARTBEAT {"datanodeUUID":"33f74daf-be7a-4306-b2af-53e409c4cb93","term":"2","command":"[]"} | ret=SUCCESS |  
2025-10-20 19:51:18,843 | INFO  | SCMAudit | user=runner | ip=127.0.0.1 | op=SEND_HEARTBEAT {"datanodeUUID":"d7d8cf72-b9f6-4979-9c53-007dd6e6e48a","term":"2","command":"[]"} | ret=SUCCESS |  
2025-10-20 19:51:19,147 [om1-KeyDeletingService#2] INFO  service.KeyDeletingService (KeyDeletingService.java:processKeyDeletes(151)) - Send 1 key(s) to SCM, first 1 keys: [PurgedKey{blockGroup=BlockGroup[groupID='/a15377ab-20c8-40bf-a4b1-f11265884b19/c3f4e886-f8f0-4af8-aaf3-51e4652444b6/844c3cec-c822-440c-9566-85e6df0a7b62/-9223372036854648576/0', blockIDs=[conID: 3 locID: 115816896921600159 bcsId: 0 replicaIndex: null]], volume='a15377ab-20c8-40bf-a4b1-f11265884b19', bucket='c3f4e886-f8f0-4af8-aaf3-51e4652444b6', bucketId=-9223372036854650112, purgedBytes=12, isCommittedKey=true, deleteKeyName='/a15377ab-20c8-40bf-a4b1-f11265884b19/c3f4e886-f8f0-4af8-aaf3-51e4652444b6/844c3cec-c822-440c-9566-85e6df0a7b62/-9223372036854648576'}]
2025-10-20 19:51:19,149 | INFO  | SCMAudit | user=runner | ip=127.0.0.1 | op=DELETE_KEY_BLOCK {"KeyBlockToDelete":"[BlockGroup[groupID='/a15377ab-20c8-40bf-a4b1-f11265884b19/c3f4e886-f8f0-4af8-aaf3-51e4652444b6/844c3cec-c822-440c-9566-85e6df0a7b62/-9223372036854648576/0', blockIDs=[conID: 3 locID: 115816896921600159 bcsId: 0 replicaIndex: null]]]"} | ret=SUCCESS |  
2025-10-20 19:51:19,149 [om1-KeyDeletingService#2] INFO  service.KeyDeletingService (KeyDeletingService.java:processKeyDeletes(158)) - 1 BlockGroup deletion are acked by SCM in 2 ms
2025-10-20 19:51:19,151 [om1-KeyDeletingService#2] INFO  service.KeyDeletingService (KeyDeletingService.java:processKeyDeletes(166)) - Blocks for 1 (out of 1) keys are deleted from DB in 1 ms. Limit per task is 50000.
2025-10-20 19:51:19,174 | INFO  | SCMAudit | user=runner | ip=127.0.0.1 | op=SEND_HEARTBEAT {"datanodeUUID":"ef67b0a7-5b27-496d-9f38-ab804a28e500","term":"2","command":"[]"} | ret=SUCCESS |  
2025-10-20 19:51:19,174 | INFO  | SCMAudit | user=runner | ip=127.0.0.1 | op=SEND_HEARTBEAT {"datanodeUUID":"7bb0e7f0-2b36-4ec0-8a09-ceac75d91a36","term":"2","command":"[]"} | ret=SUCCESS |  
2025-10-20 19:51:19,257 | INFO  | SCMAudit | user=runner | ip=127.0.0.1 | op=SEND_HEARTBEAT {"datanodeUUID":"af0e5da1-57af-45e9-9aca-fa0798d05628","term":"2","command":"[]"} | ret=SUCCESS |  
2025-10-20 19:51:19,443 | INFO  | SCMAudit | user=runner | ip=127.0.0.1 | op=SEND_HEARTBEAT {"datanodeUUID":"b614738c-cdff-4f09-bf59-ed5bb75d51be","term":"2","command":"[]"} | ret=SUCCESS |  
2025-10-20 19:51:19,443 | INFO  | SCMAudit | user=runner | ip=127.0.0.1 | op=SEND_HEARTBEAT {"datanodeUUID":"361055de-215b-4c6c-94c2-be1c1da118d1","term":"2","command":"[]"} | ret=SUCCESS |  
2025-10-20 19:51:19,443 | INFO  | SCMAudit | user=runner | ip=127.0.0.1 | op=SEND_HEARTBEAT {"datanodeUUID":"38991c48-ffb3-4453-b758-77d6b4ebc62b","term":"2","command":"[]"} | ret=SUCCESS |  
2025-10-20 19:51:19,451 | INFO  | SCMAudit | user=runner | ip=127.0.0.1 | op=SEND_HEARTBEAT {"datanodeUUID":"c90bff1f-5a1f-42c6-8fca-9533d718c79a","term":"2","command":"[]"} | ret=SUCCESS |  
2025-10-20 19:51:19,566 | INFO  | OMAudit | user=runner | ip=127.0.0.1 | op=READ_VOLUME {"volume":"a15377ab-20c8-40bf-a4b1-f11265884b19"} | ret=SUCCESS |  
2025-10-20 19:51:19,567 | INFO  | OMAudit | user=runner | ip=127.0.0.1 | op=READ_BUCKET {"volume":"a15377ab-20c8-40bf-a4b1-f11265884b19","bucket":"c3f4e886-f8f0-4af8-aaf3-51e4652444b6"} | ret=SUCCESS |  
2025-10-20 19:51:19,570 | INFO  | OMAudit | user=runner | ip=127.0.0.1 | op=GET_SERVICE_LIST {} | ret=SUCCESS |  
2025-10-20 19:51:19,572 | INFO  | OMAudit | user=runner | ip=127.0.0.1 | op=CREATE_DIRECTORY {"volume":"a15377ab-20c8-40bf-a4b1-f11265884b19","bucket":"c3f4e886-f8f0-4af8-aaf3-51e4652444b6","key":"a1365228-4fd6-40f9-9f90-8de2de35cab9","dataSize":"0","Transaction":"503"} | ret=SUCCESS |  
2025-10-20 19:51:19,573 | INFO  | OMAudit | user=runner | ip=127.0.0.1 | op=READ_VOLUME {"volume":"a15377ab-20c8-40bf-a4b1-f11265884b19"} | ret=SUCCESS |  
2025-10-20 19:51:19,574 | INFO  | OMAudit | user=runner | ip=127.0.0.1 | op=READ_BUCKET {"volume":"a15377ab-20c8-40bf-a4b1-f11265884b19","bucket":"c3f4e886-f8f0-4af8-aaf3-51e4652444b6"} | ret=SUCCESS |  
2025-10-20 19:51:19,576 | INFO  | OMAudit | user=runner | ip=127.0.0.1 | op=CREATE_DIRECTORY {"volume":"a15377ab-20c8-40bf-a4b1-f11265884b19","bucket":"c3f4e886-f8f0-4af8-aaf3-51e4652444b6","key":"b7028194-c9fe-4fff-98db-21eae1e50cf5","dataSize":"0","Transaction":"504"} | ret=SUCCESS |  
2025-10-20 19:51:19,577 | INFO  | OMAudit | user=runner | ip=127.0.0.1 | op=READ_VOLUME {"volume":"a15377ab-20c8-40bf-a4b1-f11265884b19"} | ret=SUCCESS |  
2025-10-20 19:51:19,578 | INFO  | OMAudit | user=runner | ip=127.0.0.1 | op=READ_BUCKET {"volume":"a15377ab-20c8-40bf-a4b1-f11265884b19","bucket":"c3f4e886-f8f0-4af8-aaf3-51e4652444b6"} | ret=SUCCESS |  
2025-10-20 19:51:19,674 | INFO  | OMAudit | user=runner | ip=127.0.0.1 | op=GET_SERVICE_LIST {} | ret=SUCCESS |  
2025-10-20 19:51:19,682 | INFO  | SCMAudit | user=runner | ip=127.0.0.1 | op=SEND_HEARTBEAT {"datanodeUUID":"cc7fbe85-1d98-437b-84f9-04213fee10f0","term":"2","command":"[]"} | ret=SUCCESS |  
2025-10-20 19:51:19,685 | INFO  | SCMAudit | user=runner | ip=127.0.0.1 | op=SEND_HEARTBEAT {"datanodeUUID":"605be85e-a7f4-44d7-8cfd-f53001b990b0","term":"2","command":"[]"} | ret=SUCCESS |  
2025-10-20 19:51:19,685 | INFO  | SCMAudit | user=runner | ip=127.0.0.1 | op=SEND_HEARTBEAT {"datanodeUUID":"4f2bb3f5-0e03-4f1b-bb4c-79c91b98c7da","term":"2","command":"[]"} | ret=SUCCESS |  
2025-10-20 19:51:19,694 | INFO  | OMAudit | user=runner | ip=127.0.0.1 | op=READ_VOLUME {"volume":"a15377ab-20c8-40bf-a4b1-f11265884b19"} | ret=SUCCESS |  
2025-10-20 19:51:19,695 | INFO  | OMAudit | user=runner | ip=127.0.0.1 | op=READ_BUCKET {"volume":"a15377ab-20c8-40bf-a4b1-f11265884b19","bucket":"c3f4e886-f8f0-4af8-aaf3-51e4652444b6"} | ret=SUCCESS |  
2025-10-20 19:51:19,704 | INFO  | OMAudit | user=runner | ip=127.0.0.1 | op=GET_FILE_STATUS {"volume":"a15377ab-20c8-40bf-a4b1-f11265884b19","bucket":"c3f4e886-f8f0-4af8-aaf3-51e4652444b6","key":"a1365228-4fd6-40f9-9f90-8de2de35cab9","owner":null,"dataSize":"0","replicationConfig":null} | ret=SUCCESS |  
2025-10-20 19:51:19,728 | INFO  | OMAudit | user=runner | ip=127.0.0.1 | op=GET_FILE_STATUS {"volume":"a15377ab-20c8-40bf-a4b1-f11265884b19","bucket":"c3f4e886-f8f0-4af8-aaf3-51e4652444b6","key":"a1365228-4fd6-40f9-9f90-8de2de35cab9","owner":null,"dataSize":"0","replicationConfig":null} | ret=SUCCESS |  
2025-10-20 19:51:19,744 | INFO  | OMAudit | user=runner | ip=127.0.0.1 | op=LIST_KEYS {"volume":"a15377ab-20c8-40bf-a4b1-f11265884b19","bucket":"c3f4e886-f8f0-4af8-aaf3-51e4652444b6","startKey":"","maxKeys":"1000","keyPrefix":"a1365228-4fd6-40f9-9f90-8de2de35cab9/"} | ret=SUCCESS |  
2025-10-20 19:51:19,762 | INFO  | SCMAudit | user=runner | ip=127.0.0.1 | op=SEND_HEARTBEAT {"datanodeUUID":"feb39a1c-80cb-4714-ab06-a361236e3029","term":"2","command":"[]"} | ret=SUCCESS |  
2025-10-20 19:51:19,765 | INFO  | SCMAudit | user=runner | ip=127.0.0.1 | op=SEND_HEARTBEAT {"datanodeUUID":"e05592a5-d00f-4fc1-9e39-a968c1ecb04e","term":"2","command":"[]"} | ret=SUCCESS |  
2025-10-20 19:51:19,768 | INFO  | OMAudit | user=runner | ip=127.0.0.1 | op=LIST_STATUS {"volume":"a15377ab-20c8-40bf-a4b1-f11265884b19","bucket":"c3f4e886-f8f0-4af8-aaf3-51e4652444b6","key":"a1365228-4fd6-40f9-9f90-8de2de35cab9","owner":null,"dataSize":"0","replicationConfig":null} | ret=SUCCESS |  
2025-10-20 19:51:19,770 | INFO  | SCMAudit | user=runner | ip=127.0.0.1 | op=SEND_HEARTBEAT {"datanodeUUID":"33f74daf-be7a-4306-b2af-53e409c4cb93","term":"2","command":"[]"} | ret=SUCCESS |  
2025-10-20 19:51:19,778 | INFO  | OMAudit | user=runner | ip=127.0.0.1 | op=LIST_KEYS {"volume":"a15377ab-20c8-40bf-a4b1-f11265884b19","bucket":"c3f4e886-f8f0-4af8-aaf3-51e4652444b6","startKey":"a1365228-4fd6-40f9-9f90-8de2de35cab9/","maxKeys":"1000","keyPrefix":"a1365228-4fd6-40f9-9f90-8de2de35cab9/"} | ret=SUCCESS |  
2025-10-20 19:51:19,782 | INFO  | OMAudit | user=runner | ip=127.0.0.1 | op=DELETE_KEYS {"volume":"a15377ab-20c8-40bf-a4b1-f11265884b19","bucket":"c3f4e886-f8f0-4af8-aaf3-51e4652444b6","deletedKeysList":"{key=a1365228-4fd6-40f9-9f90-8de2de35cab9/, dataSize=0, replicationConfig=RATIS/THREE}","unDeletedKeysList":"","Transaction":"505"} | ret=SUCCESS |  
2025-10-20 19:51:19,784 | INFO  | OMAudit | user=runner | ip=127.0.0.1 | op=READ_VOLUME {"volume":"a15377ab-20c8-40bf-a4b1-f11265884b19"} | ret=SUCCESS |  
2025-10-20 19:51:19,786 | INFO  | OMAudit | user=runner | ip=127.0.0.1 | op=READ_BUCKET {"volume":"a15377ab-20c8-40bf-a4b1-f11265884b19","bucket":"c3f4e886-f8f0-4af8-aaf3-51e4652444b6"} | ret=SUCCESS |  
2025-10-20 19:51:19,788 | INFO  | OMAudit | user=runner | ip=127.0.0.1 | op=GET_FILE_STATUS {"volume":"a15377ab-20c8-40bf-a4b1-f11265884b19","bucket":"c3f4e886-f8f0-4af8-aaf3-51e4652444b6","key":"b7028194-c9fe-4fff-98db-21eae1e50cf5","owner":null,"dataSize":"0","replicationConfig":null} | ret=SUCCESS |  
2025-10-20 19:51:19,790 | INFO  | OMAudit | user=runner | ip=127.0.0.1 | op=GET_FILE_STATUS {"volume":"a15377ab-20c8-40bf-a4b1-f11265884b19","bucket":"c3f4e886-f8f0-4af8-aaf3-51e4652444b6","key":"b7028194-c9fe-4fff-98db-21eae1e50cf5","owner":null,"dataSize":"0","replicationConfig":null} | ret=SUCCESS |  
2025-10-20 19:51:19,791 | INFO  | OMAudit | user=runner | ip=127.0.0.1 | op=LIST_KEYS {"volume":"a15377ab-20c8-40bf-a4b1-f11265884b19","bucket":"c3f4e886-f8f0-4af8-aaf3-51e4652444b6","startKey":"","maxKeys":"1000","keyPrefix":"b7028194-c9fe-4fff-98db-21eae1e50cf5/"} | ret=SUCCESS |  
2025-10-20 19:51:19,793 | INFO  | OMAudit | user=runner | ip=127.0.0.1 | op=LIST_STATUS {"volume":"a15377ab-20c8-40bf-a4b1-f11265884b19","bucket":"c3f4e886-f8f0-4af8-aaf3-51e4652444b6","key":"b7028194-c9fe-4fff-98db-21eae1e50cf5","owner":null,"dataSize":"0","replicationConfig":null} | ret=SUCCESS |  
2025-10-20 19:51:19,795 | INFO  | OMAudit | user=runner | ip=127.0.0.1 | op=LIST_KEYS {"volume":"a15377ab-20c8-40bf-a4b1-f11265884b19","bucket":"c3f4e886-f8f0-4af8-aaf3-51e4652444b6","startKey":"b7028194-c9fe-4fff-98db-21eae1e50cf5/","maxKeys":"1000","keyPrefix":"b7028194-c9fe-4fff-98db-21eae1e50cf5/"} | ret=SUCCESS |  
2025-10-20 19:51:19,797 | INFO  | OMAudit | user=runner | ip=127.0.0.1 | op=DELETE_KEYS {"volume":"a15377ab-20c8-40bf-a4b1-f11265884b19","bucket":"c3f4e886-f8f0-4af8-aaf3-51e4652444b6","deletedKeysList":"{key=b7028194-c9fe-4fff-98db-21eae1e50cf5/, dataSize=0, replicationConfig=RATIS/THREE}","unDeletedKeysList":"","Transaction":"506"} | ret=SUCCESS |  
2025-10-20 19:51:19,799 | INFO  | OMAudit | user=runner | ip=127.0.0.1 | op=READ_VOLUME {"volume":"a15377ab-20c8-40bf-a4b1-f11265884b19"} | ret=SUCCESS |  
2025-10-20 19:51:19,800 | INFO  | OMAudit | user=runner | ip=127.0.0.1 | op=READ_BUCKET {"volume":"a15377ab-20c8-40bf-a4b1-f11265884b19","bucket":"c3f4e886-f8f0-4af8-aaf3-51e4652444b6"} | ret=SUCCESS |  
2025-10-20 19:51:19,803 | INFO  | OMAudit | user=runner | ip=127.0.0.1 | op=CREATE_DIRECTORY {"volume":"a15377ab-20c8-40bf-a4b1-f11265884b19","bucket":"c3f4e886-f8f0-4af8-aaf3-51e4652444b6","key":"dir1/dir2/dir3/dir4","dataSize":"0","Transaction":"507"} | ret=SUCCESS |  
2025-10-20 19:51:19,804 | INFO  | OMAudit | user=runner | ip=127.0.0.1 | op=READ_VOLUME {"volume":"a15377ab-20c8-40bf-a4b1-f11265884b19"} | ret=SUCCESS |  
2025-10-20 19:51:19,805 | INFO  | OMAudit | user=runner | ip=127.0.0.1 | op=READ_BUCKET {"volume":"a15377ab-20c8-40bf-a4b1-f11265884b19","bucket":"c3f4e886-f8f0-4af8-aaf3-51e4652444b6"} | ret=SUCCESS |  
]]></system-out>
  </testcase>
  <testcase name="testBucketUsedNamespace(BucketLayout, boolean)[4]" classname="org.apache.hadoop.ozone.client.rpc.TestSecureOzoneRpcClient" time="3.149">
    <system-out><![CDATA[2025-10-20 19:51:19,810 [ForkJoinPool-1-worker-1] INFO  rpc.RpcClient (RpcClient.java:createVolume(461)) - Creating Volume: e8d98f69-a1fc-43bb-8a9e-9815d710808c, with runner as owner and space quota set to -1 bytes, counts quota set to -1
2025-10-20 19:51:19,812 [om1-OMStateMachineApplyTransactionThread - 0] INFO  volume.OMVolumeCreateRequest (OMVolumeCreateRequest.java:validateAndUpdateCache(213)) - created volume:e8d98f69-a1fc-43bb-8a9e-9815d710808c for user:runner
2025-10-20 19:51:19,813 | INFO  | OMAudit | user=runner | ip=127.0.0.1 | op=CREATE_VOLUME {"admin":"runner","owner":"runner","volume":"e8d98f69-a1fc-43bb-8a9e-9815d710808c","creationTime":"1760989879811","modificationTime":"1760989879811","quotaInBytes":"-1","quotaInNamespace":"-1","usedNamespace":"0","objectID":"-9223372036854645760","updateID":"508","Transaction":"508"} | ret=SUCCESS |  
2025-10-20 19:51:19,815 | INFO  | OMAudit | user=runner | ip=127.0.0.1 | op=READ_VOLUME {"volume":"e8d98f69-a1fc-43bb-8a9e-9815d710808c"} | ret=SUCCESS |  
2025-10-20 19:51:19,816 [ForkJoinPool-1-worker-1] INFO  rpc.RpcClient (RpcClient.java:createBucket(686)) - Creating Bucket: e8d98f69-a1fc-43bb-8a9e-9815d710808c/60299686-9dbc-4ba7-b428-2f3b536cdef8, with bucket layout LEGACY, runner as owner, Versioning false, Storage Type set to DISK and Encryption set to false, Replication Type set to server-side default replication type, Namespace Quota set to -1, Space Quota set to -1 
2025-10-20 19:51:19,818 [om1-OMStateMachineApplyTransactionThread - 0] INFO  bucket.OMBucketCreateRequest (OMBucketCreateRequest.java:validateAndUpdateCache(303)) - created bucket: 60299686-9dbc-4ba7-b428-2f3b536cdef8 of layout LEGACY in volume: e8d98f69-a1fc-43bb-8a9e-9815d710808c
2025-10-20 19:51:19,818 | INFO  | OMAudit | user=runner | ip=127.0.0.1 | op=CREATE_BUCKET {"volume":"e8d98f69-a1fc-43bb-8a9e-9815d710808c","bucket":"60299686-9dbc-4ba7-b428-2f3b536cdef8","bucketLayout":"LEGACY","gdprEnabled":null,"acls":"[user:runner:a[ACCESS], group:runner:rl[ACCESS]]","isVersionEnabled":"false","storageType":"DISK","creationTime":"1760989879817","bucketEncryptionKey":null,"modificationTime":"1760989879817","usedBytes":"0","usedNamespace":"0","snapshotUsedBytes":"0","snapshotUsedNamespace":"0","owner":"runner","replicationType":null,"replicationConfig":null,"quotaInBytes":"-1","quotaInNamespace":"-1","Transaction":"509"} | ret=SUCCESS |  
2025-10-20 19:51:19,819 | INFO  | OMAudit | user=runner | ip=127.0.0.1 | op=READ_BUCKET {"volume":"e8d98f69-a1fc-43bb-8a9e-9815d710808c","bucket":"60299686-9dbc-4ba7-b428-2f3b536cdef8"} | ret=SUCCESS |  
2025-10-20 19:51:19,821 | INFO  | OMAudit | user=runner | ip=127.0.0.1 | op=READ_BUCKET {"volume":"e8d98f69-a1fc-43bb-8a9e-9815d710808c","bucket":"60299686-9dbc-4ba7-b428-2f3b536cdef8"} | ret=SUCCESS |  
2025-10-20 19:51:19,822 | INFO  | SCMAudit | user=runner | ip=127.0.0.1 | op=ALLOCATE_BLOCK {"replication":"RATIS/ONE","owner":"omServiceIdDefault","size":"4194304","sampleBlocks":"[conID: 13 locID: 115816896921600160]","num":"1","client":"","allocated":"1"} | ret=SUCCESS |  
2025-10-20 19:51:19,824 | INFO  | OMAudit | user=runner | ip=127.0.0.1 | op=ALLOCATE_KEY {"volume":"e8d98f69-a1fc-43bb-8a9e-9815d710808c","bucket":"60299686-9dbc-4ba7-b428-2f3b536cdef8","key":"adbf13ce-864c-43a5-b20e-d88500109bdd","dataSize":"12","replicationType":"RATIS","replicationFactor":"ONE","Transaction":"510"} | ret=SUCCESS |  
2025-10-20 19:51:19,861 | INFO  | OMAudit | user=runner | ip=127.0.0.1 | op=COMMIT_KEY {"volume":"e8d98f69-a1fc-43bb-8a9e-9815d710808c","bucket":"60299686-9dbc-4ba7-b428-2f3b536cdef8","key":"adbf13ce-864c-43a5-b20e-d88500109bdd","dataSize":"12","replicationType":"RATIS","replicationFactor":"ONE","Transaction":"511"} | ret=SUCCESS |  
2025-10-20 19:51:19,864 | INFO  | OMAudit | user=runner | ip=127.0.0.1 | op=READ_VOLUME {"volume":"e8d98f69-a1fc-43bb-8a9e-9815d710808c"} | ret=SUCCESS |  
2025-10-20 19:51:19,865 | INFO  | OMAudit | user=runner | ip=127.0.0.1 | op=READ_BUCKET {"volume":"e8d98f69-a1fc-43bb-8a9e-9815d710808c","bucket":"60299686-9dbc-4ba7-b428-2f3b536cdef8"} | ret=SUCCESS |  
2025-10-20 19:51:19,866 | INFO  | SCMAudit | user=runner | ip=127.0.0.1 | op=SEND_HEARTBEAT {"datanodeUUID":"d7d8cf72-b9f6-4979-9c53-007dd6e6e48a","term":"2","command":"[]"} | ret=SUCCESS |  
2025-10-20 19:51:19,866 | INFO  | OMAudit | user=runner | ip=127.0.0.1 | op=READ_BUCKET {"volume":"e8d98f69-a1fc-43bb-8a9e-9815d710808c","bucket":"60299686-9dbc-4ba7-b428-2f3b536cdef8"} | ret=SUCCESS |  
2025-10-20 19:51:19,867 | INFO  | SCMAudit | user=runner | ip=127.0.0.1 | op=ALLOCATE_BLOCK {"replication":"RATIS/ONE","owner":"omServiceIdDefault","size":"4194304","sampleBlocks":"[conID: 8 locID: 115816896921600161]","num":"1","client":"","allocated":"1"} | ret=SUCCESS |  
2025-10-20 19:51:19,870 | INFO  | OMAudit | user=runner | ip=127.0.0.1 | op=ALLOCATE_KEY {"volume":"e8d98f69-a1fc-43bb-8a9e-9815d710808c","bucket":"60299686-9dbc-4ba7-b428-2f3b536cdef8","key":"adbf13ce-864c-43a5-b20e-d88500109bdd","dataSize":"12","replicationType":"RATIS","replicationFactor":"ONE","Transaction":"512"} | ret=SUCCESS |  
2025-10-20 19:51:19,882 | INFO  | OMAudit | user=runner | ip=127.0.0.1 | op=COMMIT_KEY {"volume":"e8d98f69-a1fc-43bb-8a9e-9815d710808c","bucket":"60299686-9dbc-4ba7-b428-2f3b536cdef8","key":"adbf13ce-864c-43a5-b20e-d88500109bdd","dataSize":"12","replicationType":"RATIS","replicationFactor":"ONE","Transaction":"513"} | ret=SUCCESS |  
2025-10-20 19:51:19,884 | INFO  | OMAudit | user=runner | ip=127.0.0.1 | op=READ_VOLUME {"volume":"e8d98f69-a1fc-43bb-8a9e-9815d710808c"} | ret=SUCCESS |  
2025-10-20 19:51:19,885 | INFO  | OMAudit | user=runner | ip=127.0.0.1 | op=READ_BUCKET {"volume":"e8d98f69-a1fc-43bb-8a9e-9815d710808c","bucket":"60299686-9dbc-4ba7-b428-2f3b536cdef8"} | ret=SUCCESS |  
2025-10-20 19:51:20,147 [om1-KeyDeletingService#8] INFO  service.KeyDeletingService (KeyDeletingService.java:processKeyDeletes(151)) - Send 1 key(s) to SCM, first 1 keys: [PurgedKey{blockGroup=BlockGroup[groupID='/e8d98f69-a1fc-43bb-8a9e-9815d710808c/60299686-9dbc-4ba7-b428-2f3b536cdef8/adbf13ce-864c-43a5-b20e-d88500109bdd/-9223372036854644480/0', blockIDs=[conID: 13 locID: 115816896921600160 bcsId: 0 replicaIndex: null]], volume='e8d98f69-a1fc-43bb-8a9e-9815d710808c', bucket='60299686-9dbc-4ba7-b428-2f3b536cdef8', bucketId=-9223372036854645504, purgedBytes=12, isCommittedKey=true, deleteKeyName='/e8d98f69-a1fc-43bb-8a9e-9815d710808c/60299686-9dbc-4ba7-b428-2f3b536cdef8/adbf13ce-864c-43a5-b20e-d88500109bdd/-9223372036854644480'}]
2025-10-20 19:51:20,149 | INFO  | SCMAudit | user=runner | ip=127.0.0.1 | op=DELETE_KEY_BLOCK {"KeyBlockToDelete":"[BlockGroup[groupID='/e8d98f69-a1fc-43bb-8a9e-9815d710808c/60299686-9dbc-4ba7-b428-2f3b536cdef8/adbf13ce-864c-43a5-b20e-d88500109bdd/-9223372036854644480/0', blockIDs=[conID: 13 locID: 115816896921600160 bcsId: 0 replicaIndex: null]]]"} | ret=SUCCESS |  
2025-10-20 19:51:20,149 [om1-KeyDeletingService#8] INFO  service.KeyDeletingService (KeyDeletingService.java:processKeyDeletes(158)) - 1 BlockGroup deletion are acked by SCM in 3 ms
2025-10-20 19:51:20,151 [om1-KeyDeletingService#8] INFO  service.KeyDeletingService (KeyDeletingService.java:processKeyDeletes(166)) - Blocks for 1 (out of 1) keys are deleted from DB in 1 ms. Limit per task is 50000.
2025-10-20 19:51:20,195 | INFO  | SCMAudit | user=runner | ip=127.0.0.1 | op=SEND_HEARTBEAT {"datanodeUUID":"ef67b0a7-5b27-496d-9f38-ab804a28e500","term":"2","command":"[]"} | ret=SUCCESS |  
2025-10-20 19:51:20,195 | INFO  | SCMAudit | user=runner | ip=127.0.0.1 | op=SEND_HEARTBEAT {"datanodeUUID":"7bb0e7f0-2b36-4ec0-8a09-ceac75d91a36","term":"2","command":"[]"} | ret=SUCCESS |  
2025-10-20 19:51:20,271 | INFO  | SCMAudit | user=runner | ip=127.0.0.1 | op=SEND_HEARTBEAT {"datanodeUUID":"af0e5da1-57af-45e9-9aca-fa0798d05628","term":"2","command":"[]"} | ret=SUCCESS |  
2025-10-20 19:51:20,462 | INFO  | SCMAudit | user=runner | ip=127.0.0.1 | op=SEND_HEARTBEAT {"datanodeUUID":"b614738c-cdff-4f09-bf59-ed5bb75d51be","term":"2","command":"[]"} | ret=SUCCESS |  
2025-10-20 19:51:20,466 | INFO  | SCMAudit | user=runner | ip=127.0.0.1 | op=SEND_HEARTBEAT {"datanodeUUID":"38991c48-ffb3-4453-b758-77d6b4ebc62b","term":"2","command":"[]"} | ret=SUCCESS |  
2025-10-20 19:51:20,466 | INFO  | SCMAudit | user=runner | ip=127.0.0.1 | op=SEND_HEARTBEAT {"datanodeUUID":"361055de-215b-4c6c-94c2-be1c1da118d1","term":"2","command":"[]"} | ret=SUCCESS |  
2025-10-20 19:51:20,474 | INFO  | SCMAudit | user=runner | ip=127.0.0.1 | op=SEND_HEARTBEAT {"datanodeUUID":"c90bff1f-5a1f-42c6-8fca-9533d718c79a","term":"2","command":"[]"} | ret=SUCCESS |  
2025-10-20 19:51:20,646 | INFO  | SCMAudit | user=runner | ip=127.0.0.1 | op=SEND_HEARTBEAT {"datanodeUUID":"4f2bb3f5-0e03-4f1b-bb4c-79c91b98c7da","term":"2","command":"[]"} | ret=SUCCESS |  
2025-10-20 19:51:20,647 | INFO  | SCMAudit | user=runner | ip=127.0.0.1 | op=SEND_HEARTBEAT {"datanodeUUID":"cc7fbe85-1d98-437b-84f9-04213fee10f0","term":"2","command":"[]"} | ret=SUCCESS |  
2025-10-20 19:51:20,648 | INFO  | SCMAudit | user=runner | ip=127.0.0.1 | op=SEND_HEARTBEAT {"datanodeUUID":"605be85e-a7f4-44d7-8cfd-f53001b990b0","term":"2","command":"[]"} | ret=SUCCESS |  
2025-10-20 19:51:20,723 | INFO  | SCMAudit | user=runner | ip=127.0.0.1 | op=SEND_HEARTBEAT {"datanodeUUID":"feb39a1c-80cb-4714-ab06-a361236e3029","term":"2","command":"[]"} | ret=SUCCESS |  
2025-10-20 19:51:20,737 | INFO  | SCMAudit | user=runner | ip=127.0.0.1 | op=SEND_HEARTBEAT {"datanodeUUID":"e05592a5-d00f-4fc1-9e39-a968c1ecb04e","term":"2","command":"[]"} | ret=SUCCESS |  
2025-10-20 19:51:20,740 | INFO  | SCMAudit | user=runner | ip=127.0.0.1 | op=SEND_HEARTBEAT {"datanodeUUID":"33f74daf-be7a-4306-b2af-53e409c4cb93","term":"2","command":"[]"} | ret=SUCCESS |  
2025-10-20 19:51:20,843 | INFO  | SCMAudit | user=runner | ip=127.0.0.1 | op=SEND_HEARTBEAT {"datanodeUUID":"d7d8cf72-b9f6-4979-9c53-007dd6e6e48a","term":"2","command":"[]"} | ret=SUCCESS |  
2025-10-20 19:51:20,886 | INFO  | OMAudit | user=runner | ip=127.0.0.1 | op=READ_VOLUME {"volume":"e8d98f69-a1fc-43bb-8a9e-9815d710808c"} | ret=SUCCESS |  
2025-10-20 19:51:20,887 | INFO  | OMAudit | user=runner | ip=127.0.0.1 | op=READ_BUCKET {"volume":"e8d98f69-a1fc-43bb-8a9e-9815d710808c","bucket":"60299686-9dbc-4ba7-b428-2f3b536cdef8"} | ret=SUCCESS |  
2025-10-20 19:51:20,888 | INFO  | OMAudit | user=runner | ip=127.0.0.1 | op=READ_BUCKET {"volume":"e8d98f69-a1fc-43bb-8a9e-9815d710808c","bucket":"60299686-9dbc-4ba7-b428-2f3b536cdef8"} | ret=SUCCESS |  
2025-10-20 19:51:20,889 | INFO  | SCMAudit | user=runner | ip=127.0.0.1 | op=ALLOCATE_BLOCK {"replication":"RATIS/ONE","owner":"omServiceIdDefault","size":"4194304","sampleBlocks":"[conID: 9 locID: 115816896921600162]","num":"1","client":"","allocated":"1"} | ret=SUCCESS |  
2025-10-20 19:51:20,892 | INFO  | OMAudit | user=runner | ip=127.0.0.1 | op=ALLOCATE_KEY {"volume":"e8d98f69-a1fc-43bb-8a9e-9815d710808c","bucket":"60299686-9dbc-4ba7-b428-2f3b536cdef8","key":"28cd5f31-a4aa-4b5b-b158-ab881c467abe","dataSize":"12","replicationType":"RATIS","replicationFactor":"ONE","Transaction":"515"} | ret=SUCCESS |  
2025-10-20 19:51:20,900 | INFO  | OMAudit | user=runner | ip=127.0.0.1 | op=COMMIT_KEY {"volume":"e8d98f69-a1fc-43bb-8a9e-9815d710808c","bucket":"60299686-9dbc-4ba7-b428-2f3b536cdef8","key":"28cd5f31-a4aa-4b5b-b158-ab881c467abe","dataSize":"12","replicationType":"RATIS","replicationFactor":"ONE","Transaction":"516"} | ret=SUCCESS |  
2025-10-20 19:51:20,901 | INFO  | OMAudit | user=runner | ip=127.0.0.1 | op=READ_VOLUME {"volume":"e8d98f69-a1fc-43bb-8a9e-9815d710808c"} | ret=SUCCESS |  
2025-10-20 19:51:20,902 | INFO  | OMAudit | user=runner | ip=127.0.0.1 | op=READ_BUCKET {"volume":"e8d98f69-a1fc-43bb-8a9e-9815d710808c","bucket":"60299686-9dbc-4ba7-b428-2f3b536cdef8"} | ret=SUCCESS |  
2025-10-20 19:51:20,904 | INFO  | OMAudit | user=runner | ip=127.0.0.1 | op=DELETE_KEY {"volume":"e8d98f69-a1fc-43bb-8a9e-9815d710808c","bucket":"60299686-9dbc-4ba7-b428-2f3b536cdef8","key":"adbf13ce-864c-43a5-b20e-d88500109bdd","dataSize":"12","replicationConfig":"RATIS/ONE","Transaction":"517"} | ret=SUCCESS |  
2025-10-20 19:51:20,905 | INFO  | OMAudit | user=runner | ip=127.0.0.1 | op=READ_VOLUME {"volume":"e8d98f69-a1fc-43bb-8a9e-9815d710808c"} | ret=SUCCESS |  
2025-10-20 19:51:20,906 | INFO  | OMAudit | user=runner | ip=127.0.0.1 | op=READ_BUCKET {"volume":"e8d98f69-a1fc-43bb-8a9e-9815d710808c","bucket":"60299686-9dbc-4ba7-b428-2f3b536cdef8"} | ret=SUCCESS |  
2025-10-20 19:51:21,147 [om1-KeyDeletingService#3] INFO  service.KeyDeletingService (KeyDeletingService.java:processKeyDeletes(151)) - Send 1 key(s) to SCM, first 1 keys: [PurgedKey{blockGroup=BlockGroup[groupID='/e8d98f69-a1fc-43bb-8a9e-9815d710808c/60299686-9dbc-4ba7-b428-2f3b536cdef8/adbf13ce-864c-43a5-b20e-d88500109bdd/-9223372036854645248/0', blockIDs=[conID: 8 locID: 115816896921600161 bcsId: 0 replicaIndex: null]], volume='e8d98f69-a1fc-43bb-8a9e-9815d710808c', bucket='60299686-9dbc-4ba7-b428-2f3b536cdef8', bucketId=-9223372036854645504, purgedBytes=12, isCommittedKey=true, deleteKeyName='/e8d98f69-a1fc-43bb-8a9e-9815d710808c/60299686-9dbc-4ba7-b428-2f3b536cdef8/adbf13ce-864c-43a5-b20e-d88500109bdd/-9223372036854645248'}]
2025-10-20 19:51:21,149 | INFO  | SCMAudit | user=runner | ip=127.0.0.1 | op=DELETE_KEY_BLOCK {"KeyBlockToDelete":"[BlockGroup[groupID='/e8d98f69-a1fc-43bb-8a9e-9815d710808c/60299686-9dbc-4ba7-b428-2f3b536cdef8/adbf13ce-864c-43a5-b20e-d88500109bdd/-9223372036854645248/0', blockIDs=[conID: 8 locID: 115816896921600161 bcsId: 0 replicaIndex: null]]]"} | ret=SUCCESS |  
2025-10-20 19:51:21,149 [om1-KeyDeletingService#3] INFO  service.KeyDeletingService (KeyDeletingService.java:processKeyDeletes(158)) - 1 BlockGroup deletion are acked by SCM in 2 ms
2025-10-20 19:51:21,151 [om1-KeyDeletingService#3] INFO  service.KeyDeletingService (KeyDeletingService.java:processKeyDeletes(166)) - Blocks for 1 (out of 1) keys are deleted from DB in 1 ms. Limit per task is 50000.
2025-10-20 19:51:21,173 | INFO  | SCMAudit | user=runner | ip=127.0.0.1 | op=SEND_HEARTBEAT {"datanodeUUID":"ef67b0a7-5b27-496d-9f38-ab804a28e500","term":"2","command":"[]"} | ret=SUCCESS |  
2025-10-20 19:51:21,173 | INFO  | SCMAudit | user=runner | ip=127.0.0.1 | op=SEND_HEARTBEAT {"datanodeUUID":"7bb0e7f0-2b36-4ec0-8a09-ceac75d91a36","term":"2","command":"[]"} | ret=SUCCESS |  
2025-10-20 19:51:21,256 | INFO  | SCMAudit | user=runner | ip=127.0.0.1 | op=SEND_HEARTBEAT {"datanodeUUID":"af0e5da1-57af-45e9-9aca-fa0798d05628","term":"2","command":"[]"} | ret=SUCCESS |  
2025-10-20 19:51:21,442 | INFO  | SCMAudit | user=runner | ip=127.0.0.1 | op=SEND_HEARTBEAT {"datanodeUUID":"b614738c-cdff-4f09-bf59-ed5bb75d51be","term":"2","command":"[]"} | ret=SUCCESS |  
2025-10-20 19:51:21,442 | INFO  | SCMAudit | user=runner | ip=127.0.0.1 | op=SEND_HEARTBEAT {"datanodeUUID":"361055de-215b-4c6c-94c2-be1c1da118d1","term":"2","command":"[]"} | ret=SUCCESS |  
2025-10-20 19:51:21,443 | INFO  | SCMAudit | user=runner | ip=127.0.0.1 | op=SEND_HEARTBEAT {"datanodeUUID":"38991c48-ffb3-4453-b758-77d6b4ebc62b","term":"2","command":"[]"} | ret=SUCCESS |  
2025-10-20 19:51:21,452 | INFO  | SCMAudit | user=runner | ip=127.0.0.1 | op=SEND_HEARTBEAT {"datanodeUUID":"c90bff1f-5a1f-42c6-8fca-9533d718c79a","term":"2","command":"[]"} | ret=SUCCESS |  
2025-10-20 19:51:21,647 | INFO  | SCMAudit | user=runner | ip=127.0.0.1 | op=SEND_HEARTBEAT {"datanodeUUID":"4f2bb3f5-0e03-4f1b-bb4c-79c91b98c7da","term":"2","command":"[]"} | ret=SUCCESS |  
2025-10-20 19:51:21,647 | INFO  | SCMAudit | user=runner | ip=127.0.0.1 | op=SEND_HEARTBEAT {"datanodeUUID":"cc7fbe85-1d98-437b-84f9-04213fee10f0","term":"2","command":"[]"} | ret=SUCCESS |  
2025-10-20 19:51:21,648 | INFO  | SCMAudit | user=runner | ip=127.0.0.1 | op=SEND_HEARTBEAT {"datanodeUUID":"605be85e-a7f4-44d7-8cfd-f53001b990b0","term":"2","command":"[]"} | ret=SUCCESS |  
2025-10-20 19:51:21,724 | INFO  | SCMAudit | user=runner | ip=127.0.0.1 | op=SEND_HEARTBEAT {"datanodeUUID":"feb39a1c-80cb-4714-ab06-a361236e3029","term":"2","command":"[]"} | ret=SUCCESS |  
2025-10-20 19:51:21,738 | INFO  | SCMAudit | user=runner | ip=127.0.0.1 | op=SEND_HEARTBEAT {"datanodeUUID":"e05592a5-d00f-4fc1-9e39-a968c1ecb04e","term":"2","command":"[]"} | ret=SUCCESS |  
2025-10-20 19:51:21,740 | INFO  | SCMAudit | user=runner | ip=127.0.0.1 | op=SEND_HEARTBEAT {"datanodeUUID":"33f74daf-be7a-4306-b2af-53e409c4cb93","term":"2","command":"[]"} | ret=SUCCESS |  
2025-10-20 19:51:21,843 | INFO  | SCMAudit | user=runner | ip=127.0.0.1 | op=SEND_HEARTBEAT {"datanodeUUID":"d7d8cf72-b9f6-4979-9c53-007dd6e6e48a","term":"2","command":"[]"} | ret=SUCCESS |  
2025-10-20 19:51:21,907 | INFO  | OMAudit | user=runner | ip=127.0.0.1 | op=READ_VOLUME {"volume":"e8d98f69-a1fc-43bb-8a9e-9815d710808c"} | ret=SUCCESS |  
2025-10-20 19:51:21,908 | INFO  | OMAudit | user=runner | ip=127.0.0.1 | op=READ_BUCKET {"volume":"e8d98f69-a1fc-43bb-8a9e-9815d710808c","bucket":"60299686-9dbc-4ba7-b428-2f3b536cdef8"} | ret=SUCCESS |  
2025-10-20 19:51:21,911 | INFO  | OMAudit | user=runner | ip=127.0.0.1 | op=DELETE_KEY {"volume":"e8d98f69-a1fc-43bb-8a9e-9815d710808c","bucket":"60299686-9dbc-4ba7-b428-2f3b536cdef8","key":"28cd5f31-a4aa-4b5b-b158-ab881c467abe","dataSize":"12","replicationConfig":"RATIS/ONE","Transaction":"519"} | ret=SUCCESS |  
2025-10-20 19:51:21,912 | INFO  | OMAudit | user=runner | ip=127.0.0.1 | op=READ_VOLUME {"volume":"e8d98f69-a1fc-43bb-8a9e-9815d710808c"} | ret=SUCCESS |  
2025-10-20 19:51:21,913 | INFO  | OMAudit | user=runner | ip=127.0.0.1 | op=READ_BUCKET {"volume":"e8d98f69-a1fc-43bb-8a9e-9815d710808c","bucket":"60299686-9dbc-4ba7-b428-2f3b536cdef8"} | ret=SUCCESS |  
2025-10-20 19:51:22,147 [om1-KeyDeletingService#9] INFO  service.KeyDeletingService (KeyDeletingService.java:processKeyDeletes(151)) - Send 1 key(s) to SCM, first 1 keys: [PurgedKey{blockGroup=BlockGroup[groupID='/e8d98f69-a1fc-43bb-8a9e-9815d710808c/60299686-9dbc-4ba7-b428-2f3b536cdef8/28cd5f31-a4aa-4b5b-b158-ab881c467abe/-9223372036854643968/0', blockIDs=[conID: 9 locID: 115816896921600162 bcsId: 0 replicaIndex: null]], volume='e8d98f69-a1fc-43bb-8a9e-9815d710808c', bucket='60299686-9dbc-4ba7-b428-2f3b536cdef8', bucketId=-9223372036854645504, purgedBytes=12, isCommittedKey=true, deleteKeyName='/e8d98f69-a1fc-43bb-8a9e-9815d710808c/60299686-9dbc-4ba7-b428-2f3b536cdef8/28cd5f31-a4aa-4b5b-b158-ab881c467abe/-9223372036854643968'}]
2025-10-20 19:51:22,149 | INFO  | SCMAudit | user=runner | ip=127.0.0.1 | op=DELETE_KEY_BLOCK {"KeyBlockToDelete":"[BlockGroup[groupID='/e8d98f69-a1fc-43bb-8a9e-9815d710808c/60299686-9dbc-4ba7-b428-2f3b536cdef8/28cd5f31-a4aa-4b5b-b158-ab881c467abe/-9223372036854643968/0', blockIDs=[conID: 9 locID: 115816896921600162 bcsId: 0 replicaIndex: null]]]"} | ret=SUCCESS |  
2025-10-20 19:51:22,150 [om1-KeyDeletingService#9] INFO  service.KeyDeletingService (KeyDeletingService.java:processKeyDeletes(158)) - 1 BlockGroup deletion are acked by SCM in 2 ms
2025-10-20 19:51:22,151 [om1-KeyDeletingService#9] INFO  service.KeyDeletingService (KeyDeletingService.java:processKeyDeletes(166)) - Blocks for 1 (out of 1) keys are deleted from DB in 2 ms. Limit per task is 50000.
2025-10-20 19:51:22,173 | INFO  | SCMAudit | user=runner | ip=127.0.0.1 | op=SEND_HEARTBEAT {"datanodeUUID":"7bb0e7f0-2b36-4ec0-8a09-ceac75d91a36","term":"2","command":"[]"} | ret=SUCCESS |  
2025-10-20 19:51:22,173 | INFO  | SCMAudit | user=runner | ip=127.0.0.1 | op=SEND_HEARTBEAT {"datanodeUUID":"ef67b0a7-5b27-496d-9f38-ab804a28e500","term":"2","command":"[]"} | ret=SUCCESS |  
2025-10-20 19:51:22,257 | INFO  | SCMAudit | user=runner | ip=127.0.0.1 | op=SEND_HEARTBEAT {"datanodeUUID":"af0e5da1-57af-45e9-9aca-fa0798d05628","term":"2","command":"[]"} | ret=SUCCESS |  
2025-10-20 19:51:22,442 | INFO  | SCMAudit | user=runner | ip=127.0.0.1 | op=SEND_HEARTBEAT {"datanodeUUID":"b614738c-cdff-4f09-bf59-ed5bb75d51be","term":"2","command":"[]"} | ret=SUCCESS |  
2025-10-20 19:51:22,442 | INFO  | SCMAudit | user=runner | ip=127.0.0.1 | op=SEND_HEARTBEAT {"datanodeUUID":"361055de-215b-4c6c-94c2-be1c1da118d1","term":"2","command":"[]"} | ret=SUCCESS |  
2025-10-20 19:51:22,443 | INFO  | SCMAudit | user=runner | ip=127.0.0.1 | op=SEND_HEARTBEAT {"datanodeUUID":"38991c48-ffb3-4453-b758-77d6b4ebc62b","term":"2","command":"[]"} | ret=SUCCESS |  
2025-10-20 19:51:22,452 | INFO  | SCMAudit | user=runner | ip=127.0.0.1 | op=SEND_HEARTBEAT {"datanodeUUID":"c90bff1f-5a1f-42c6-8fca-9533d718c79a","term":"2","command":"[]"} | ret=SUCCESS |  
2025-10-20 19:51:22,646 | INFO  | SCMAudit | user=runner | ip=127.0.0.1 | op=SEND_HEARTBEAT {"datanodeUUID":"4f2bb3f5-0e03-4f1b-bb4c-79c91b98c7da","term":"2","command":"[]"} | ret=SUCCESS |  
2025-10-20 19:51:22,647 | INFO  | SCMAudit | user=runner | ip=127.0.0.1 | op=SEND_HEARTBEAT {"datanodeUUID":"cc7fbe85-1d98-437b-84f9-04213fee10f0","term":"2","command":"[]"} | ret=SUCCESS |  
2025-10-20 19:51:22,648 | INFO  | SCMAudit | user=runner | ip=127.0.0.1 | op=SEND_HEARTBEAT {"datanodeUUID":"605be85e-a7f4-44d7-8cfd-f53001b990b0","term":"2","command":"[]"} | ret=SUCCESS |  
2025-10-20 19:51:22,723 | INFO  | SCMAudit | user=runner | ip=127.0.0.1 | op=SEND_HEARTBEAT {"datanodeUUID":"feb39a1c-80cb-4714-ab06-a361236e3029","term":"2","command":"[]"} | ret=SUCCESS |  
2025-10-20 19:51:22,738 | INFO  | SCMAudit | user=runner | ip=127.0.0.1 | op=SEND_HEARTBEAT {"datanodeUUID":"e05592a5-d00f-4fc1-9e39-a968c1ecb04e","term":"2","command":"[]"} | ret=SUCCESS |  
2025-10-20 19:51:22,740 | INFO  | SCMAudit | user=runner | ip=127.0.0.1 | op=SEND_HEARTBEAT {"datanodeUUID":"33f74daf-be7a-4306-b2af-53e409c4cb93","term":"2","command":"[]"} | ret=SUCCESS |  
2025-10-20 19:51:22,843 | INFO  | SCMAudit | user=runner | ip=127.0.0.1 | op=SEND_HEARTBEAT {"datanodeUUID":"d7d8cf72-b9f6-4979-9c53-007dd6e6e48a","term":"2","command":"[]"} | ret=SUCCESS |  
2025-10-20 19:51:22,914 | INFO  | OMAudit | user=runner | ip=127.0.0.1 | op=READ_VOLUME {"volume":"e8d98f69-a1fc-43bb-8a9e-9815d710808c"} | ret=SUCCESS |  
2025-10-20 19:51:22,915 | INFO  | OMAudit | user=runner | ip=127.0.0.1 | op=READ_BUCKET {"volume":"e8d98f69-a1fc-43bb-8a9e-9815d710808c","bucket":"60299686-9dbc-4ba7-b428-2f3b536cdef8"} | ret=SUCCESS |  
2025-10-20 19:51:22,918 | INFO  | OMAudit | user=runner | ip=127.0.0.1 | op=GET_SERVICE_LIST {} | ret=SUCCESS |  
2025-10-20 19:51:22,921 | INFO  | OMAudit | user=runner | ip=127.0.0.1 | op=CREATE_DIRECTORY {"volume":"e8d98f69-a1fc-43bb-8a9e-9815d710808c","bucket":"60299686-9dbc-4ba7-b428-2f3b536cdef8","key":"403c26ee-00bf-4f03-95ae-dcf7172ca00b","dataSize":"0","Transaction":"521"} | ret=SUCCESS |  
2025-10-20 19:51:22,922 | INFO  | OMAudit | user=runner | ip=127.0.0.1 | op=READ_VOLUME {"volume":"e8d98f69-a1fc-43bb-8a9e-9815d710808c"} | ret=SUCCESS |  
2025-10-20 19:51:22,923 | INFO  | OMAudit | user=runner | ip=127.0.0.1 | op=READ_BUCKET {"volume":"e8d98f69-a1fc-43bb-8a9e-9815d710808c","bucket":"60299686-9dbc-4ba7-b428-2f3b536cdef8"} | ret=SUCCESS |  
2025-10-20 19:51:22,925 | INFO  | OMAudit | user=runner | ip=127.0.0.1 | op=CREATE_DIRECTORY {"volume":"e8d98f69-a1fc-43bb-8a9e-9815d710808c","bucket":"60299686-9dbc-4ba7-b428-2f3b536cdef8","key":"98db83c6-0fc9-44b4-bb9f-1a8d72d5b92d","dataSize":"0","Transaction":"522"} | ret=SUCCESS |  
2025-10-20 19:51:22,926 | INFO  | OMAudit | user=runner | ip=127.0.0.1 | op=READ_VOLUME {"volume":"e8d98f69-a1fc-43bb-8a9e-9815d710808c"} | ret=SUCCESS |  
2025-10-20 19:51:22,926 | INFO  | OMAudit | user=runner | ip=127.0.0.1 | op=READ_BUCKET {"volume":"e8d98f69-a1fc-43bb-8a9e-9815d710808c","bucket":"60299686-9dbc-4ba7-b428-2f3b536cdef8"} | ret=SUCCESS |  
2025-10-20 19:51:22,929 | INFO  | OMAudit | user=runner | ip=127.0.0.1 | op=GET_SERVICE_LIST {} | ret=SUCCESS |  
2025-10-20 19:51:22,931 | INFO  | OMAudit | user=runner | ip=127.0.0.1 | op=READ_VOLUME {"volume":"e8d98f69-a1fc-43bb-8a9e-9815d710808c"} | ret=SUCCESS |  
2025-10-20 19:51:22,932 | INFO  | OMAudit | user=runner | ip=127.0.0.1 | op=READ_BUCKET {"volume":"e8d98f69-a1fc-43bb-8a9e-9815d710808c","bucket":"60299686-9dbc-4ba7-b428-2f3b536cdef8"} | ret=SUCCESS |  
2025-10-20 19:51:22,933 | INFO  | OMAudit | user=runner | ip=127.0.0.1 | op=GET_FILE_STATUS {"volume":"e8d98f69-a1fc-43bb-8a9e-9815d710808c","bucket":"60299686-9dbc-4ba7-b428-2f3b536cdef8","key":"403c26ee-00bf-4f03-95ae-dcf7172ca00b","owner":null,"dataSize":"0","replicationConfig":null} | ret=SUCCESS |  
2025-10-20 19:51:22,934 | INFO  | OMAudit | user=runner | ip=127.0.0.1 | op=GET_FILE_STATUS {"volume":"e8d98f69-a1fc-43bb-8a9e-9815d710808c","bucket":"60299686-9dbc-4ba7-b428-2f3b536cdef8","key":"403c26ee-00bf-4f03-95ae-dcf7172ca00b","owner":null,"dataSize":"0","replicationConfig":null} | ret=SUCCESS |  
2025-10-20 19:51:22,936 | INFO  | OMAudit | user=runner | ip=127.0.0.1 | op=LIST_KEYS {"volume":"e8d98f69-a1fc-43bb-8a9e-9815d710808c","bucket":"60299686-9dbc-4ba7-b428-2f3b536cdef8","startKey":"","maxKeys":"1000","keyPrefix":"403c26ee-00bf-4f03-95ae-dcf7172ca00b/"} | ret=SUCCESS |  
2025-10-20 19:51:22,938 | INFO  | OMAudit | user=runner | ip=127.0.0.1 | op=LIST_STATUS {"volume":"e8d98f69-a1fc-43bb-8a9e-9815d710808c","bucket":"60299686-9dbc-4ba7-b428-2f3b536cdef8","key":"403c26ee-00bf-4f03-95ae-dcf7172ca00b","owner":null,"dataSize":"0","replicationConfig":null} | ret=SUCCESS |  
2025-10-20 19:51:22,939 | INFO  | OMAudit | user=runner | ip=127.0.0.1 | op=LIST_KEYS {"volume":"e8d98f69-a1fc-43bb-8a9e-9815d710808c","bucket":"60299686-9dbc-4ba7-b428-2f3b536cdef8","startKey":"403c26ee-00bf-4f03-95ae-dcf7172ca00b/","maxKeys":"1000","keyPrefix":"403c26ee-00bf-4f03-95ae-dcf7172ca00b/"} | ret=SUCCESS |  
2025-10-20 19:51:22,941 | INFO  | OMAudit | user=runner | ip=127.0.0.1 | op=DELETE_KEYS {"volume":"e8d98f69-a1fc-43bb-8a9e-9815d710808c","bucket":"60299686-9dbc-4ba7-b428-2f3b536cdef8","deletedKeysList":"{key=403c26ee-00bf-4f03-95ae-dcf7172ca00b/, dataSize=0, replicationConfig=RATIS/THREE}","unDeletedKeysList":"","Transaction":"523"} | ret=SUCCESS |  
2025-10-20 19:51:22,942 | INFO  | OMAudit | user=runner | ip=127.0.0.1 | op=READ_VOLUME {"volume":"e8d98f69-a1fc-43bb-8a9e-9815d710808c"} | ret=SUCCESS |  
2025-10-20 19:51:22,943 | INFO  | OMAudit | user=runner | ip=127.0.0.1 | op=READ_BUCKET {"volume":"e8d98f69-a1fc-43bb-8a9e-9815d710808c","bucket":"60299686-9dbc-4ba7-b428-2f3b536cdef8"} | ret=SUCCESS |  
2025-10-20 19:51:22,944 | INFO  | OMAudit | user=runner | ip=127.0.0.1 | op=GET_FILE_STATUS {"volume":"e8d98f69-a1fc-43bb-8a9e-9815d710808c","bucket":"60299686-9dbc-4ba7-b428-2f3b536cdef8","key":"98db83c6-0fc9-44b4-bb9f-1a8d72d5b92d","owner":null,"dataSize":"0","replicationConfig":null} | ret=SUCCESS |  
2025-10-20 19:51:22,945 | INFO  | OMAudit | user=runner | ip=127.0.0.1 | op=GET_FILE_STATUS {"volume":"e8d98f69-a1fc-43bb-8a9e-9815d710808c","bucket":"60299686-9dbc-4ba7-b428-2f3b536cdef8","key":"98db83c6-0fc9-44b4-bb9f-1a8d72d5b92d","owner":null,"dataSize":"0","replicationConfig":null} | ret=SUCCESS |  
2025-10-20 19:51:22,947 | INFO  | OMAudit | user=runner | ip=127.0.0.1 | op=LIST_KEYS {"volume":"e8d98f69-a1fc-43bb-8a9e-9815d710808c","bucket":"60299686-9dbc-4ba7-b428-2f3b536cdef8","startKey":"","maxKeys":"1000","keyPrefix":"98db83c6-0fc9-44b4-bb9f-1a8d72d5b92d/"} | ret=SUCCESS |  
2025-10-20 19:51:22,948 | INFO  | OMAudit | user=runner | ip=127.0.0.1 | op=LIST_STATUS {"volume":"e8d98f69-a1fc-43bb-8a9e-9815d710808c","bucket":"60299686-9dbc-4ba7-b428-2f3b536cdef8","key":"98db83c6-0fc9-44b4-bb9f-1a8d72d5b92d","owner":null,"dataSize":"0","replicationConfig":null} | ret=SUCCESS |  
2025-10-20 19:51:22,950 | INFO  | OMAudit | user=runner | ip=127.0.0.1 | op=LIST_KEYS {"volume":"e8d98f69-a1fc-43bb-8a9e-9815d710808c","bucket":"60299686-9dbc-4ba7-b428-2f3b536cdef8","startKey":"98db83c6-0fc9-44b4-bb9f-1a8d72d5b92d/","maxKeys":"1000","keyPrefix":"98db83c6-0fc9-44b4-bb9f-1a8d72d5b92d/"} | ret=SUCCESS |  
2025-10-20 19:51:22,951 | INFO  | OMAudit | user=runner | ip=127.0.0.1 | op=DELETE_KEYS {"volume":"e8d98f69-a1fc-43bb-8a9e-9815d710808c","bucket":"60299686-9dbc-4ba7-b428-2f3b536cdef8","deletedKeysList":"{key=98db83c6-0fc9-44b4-bb9f-1a8d72d5b92d/, dataSize=0, replicationConfig=RATIS/THREE}","unDeletedKeysList":"","Transaction":"524"} | ret=SUCCESS |  
2025-10-20 19:51:22,952 | INFO  | OMAudit | user=runner | ip=127.0.0.1 | op=READ_VOLUME {"volume":"e8d98f69-a1fc-43bb-8a9e-9815d710808c"} | ret=SUCCESS |  
2025-10-20 19:51:22,953 | INFO  | OMAudit | user=runner | ip=127.0.0.1 | op=READ_BUCKET {"volume":"e8d98f69-a1fc-43bb-8a9e-9815d710808c","bucket":"60299686-9dbc-4ba7-b428-2f3b536cdef8"} | ret=SUCCESS |  
2025-10-20 19:51:22,955 | INFO  | OMAudit | user=runner | ip=127.0.0.1 | op=CREATE_DIRECTORY {"volume":"e8d98f69-a1fc-43bb-8a9e-9815d710808c","bucket":"60299686-9dbc-4ba7-b428-2f3b536cdef8","key":"dir1/dir2/dir3/dir4","dataSize":"0","Transaction":"525"} | ret=SUCCESS |  
2025-10-20 19:51:22,956 | INFO  | OMAudit | user=runner | ip=127.0.0.1 | op=READ_VOLUME {"volume":"e8d98f69-a1fc-43bb-8a9e-9815d710808c"} | ret=SUCCESS |  
2025-10-20 19:51:22,957 | INFO  | OMAudit | user=runner | ip=127.0.0.1 | op=READ_BUCKET {"volume":"e8d98f69-a1fc-43bb-8a9e-9815d710808c","bucket":"60299686-9dbc-4ba7-b428-2f3b536cdef8"} | ret=SUCCESS |  
]]></system-out>
  </testcase>
  <testcase name="testBucketUsedNamespace(BucketLayout, boolean)[5]" classname="org.apache.hadoop.ozone.client.rpc.TestSecureOzoneRpcClient" time="3.107">
    <system-out><![CDATA[2025-10-20 19:51:22,959 [ForkJoinPool-1-worker-1] INFO  rpc.RpcClient (RpcClient.java:createVolume(461)) - Creating Volume: cc45f64b-1d34-4048-8be4-6de8edd052bd, with runner as owner and space quota set to -1 bytes, counts quota set to -1
2025-10-20 19:51:22,961 [om1-OMStateMachineApplyTransactionThread - 0] INFO  volume.OMVolumeCreateRequest (OMVolumeCreateRequest.java:validateAndUpdateCache(213)) - created volume:cc45f64b-1d34-4048-8be4-6de8edd052bd for user:runner
2025-10-20 19:51:22,962 | INFO  | OMAudit | user=runner | ip=127.0.0.1 | op=CREATE_VOLUME {"admin":"runner","owner":"runner","volume":"cc45f64b-1d34-4048-8be4-6de8edd052bd","creationTime":"1760989882960","modificationTime":"1760989882960","quotaInBytes":"-1","quotaInNamespace":"-1","usedNamespace":"0","objectID":"-9223372036854641152","updateID":"526","Transaction":"526"} | ret=SUCCESS |  
2025-10-20 19:51:22,963 | INFO  | OMAudit | user=runner | ip=127.0.0.1 | op=READ_VOLUME {"volume":"cc45f64b-1d34-4048-8be4-6de8edd052bd"} | ret=SUCCESS |  
2025-10-20 19:51:22,964 [ForkJoinPool-1-worker-1] INFO  rpc.RpcClient (RpcClient.java:createBucket(686)) - Creating Bucket: cc45f64b-1d34-4048-8be4-6de8edd052bd/d0b83134-f81d-481f-b9d8-04f905375976, with bucket layout FILE_SYSTEM_OPTIMIZED, runner as owner, Versioning false, Storage Type set to DISK and Encryption set to false, Replication Type set to server-side default replication type, Namespace Quota set to -1, Space Quota set to -1 
2025-10-20 19:51:22,966 [om1-OMStateMachineApplyTransactionThread - 0] INFO  bucket.OMBucketCreateRequest (OMBucketCreateRequest.java:validateAndUpdateCache(303)) - created bucket: d0b83134-f81d-481f-b9d8-04f905375976 of layout FILE_SYSTEM_OPTIMIZED in volume: cc45f64b-1d34-4048-8be4-6de8edd052bd
2025-10-20 19:51:22,966 | INFO  | OMAudit | user=runner | ip=127.0.0.1 | op=CREATE_BUCKET {"volume":"cc45f64b-1d34-4048-8be4-6de8edd052bd","bucket":"d0b83134-f81d-481f-b9d8-04f905375976","bucketLayout":"FILE_SYSTEM_OPTIMIZED","gdprEnabled":null,"acls":"[user:runner:a[ACCESS], group:runner:rl[ACCESS]]","isVersionEnabled":"false","storageType":"DISK","creationTime":"1760989882965","bucketEncryptionKey":null,"modificationTime":"1760989882965","usedBytes":"0","usedNamespace":"0","snapshotUsedBytes":"0","snapshotUsedNamespace":"0","owner":"runner","replicationType":null,"replicationConfig":null,"quotaInBytes":"-1","quotaInNamespace":"-1","Transaction":"527"} | ret=SUCCESS |  
2025-10-20 19:51:22,967 | INFO  | OMAudit | user=runner | ip=127.0.0.1 | op=READ_BUCKET {"volume":"cc45f64b-1d34-4048-8be4-6de8edd052bd","bucket":"d0b83134-f81d-481f-b9d8-04f905375976"} | ret=SUCCESS |  
2025-10-20 19:51:22,968 | INFO  | OMAudit | user=runner | ip=127.0.0.1 | op=READ_BUCKET {"volume":"cc45f64b-1d34-4048-8be4-6de8edd052bd","bucket":"d0b83134-f81d-481f-b9d8-04f905375976"} | ret=SUCCESS |  
2025-10-20 19:51:22,969 | INFO  | SCMAudit | user=runner | ip=127.0.0.1 | op=ALLOCATE_BLOCK {"replication":"RATIS/ONE","owner":"omServiceIdDefault","size":"4194304","sampleBlocks":"[conID: 3 locID: 115816896921600163]","num":"1","client":"","allocated":"1"} | ret=SUCCESS |  
2025-10-20 19:51:22,972 | INFO  | OMAudit | user=runner | ip=127.0.0.1 | op=ALLOCATE_KEY {"volume":"cc45f64b-1d34-4048-8be4-6de8edd052bd","bucket":"d0b83134-f81d-481f-b9d8-04f905375976","key":"13bf84a1-7061-42c8-b971-33e7d83e1117","dataSize":"12","replicationType":"RATIS","replicationFactor":"ONE","Transaction":"528"} | ret=SUCCESS |  
2025-10-20 19:51:22,979 | INFO  | OMAudit | user=runner | ip=127.0.0.1 | op=COMMIT_KEY {"volume":"cc45f64b-1d34-4048-8be4-6de8edd052bd","bucket":"d0b83134-f81d-481f-b9d8-04f905375976","key":"13bf84a1-7061-42c8-b971-33e7d83e1117","dataSize":"12","replicationType":"RATIS","replicationFactor":"ONE","Transaction":"529"} | ret=SUCCESS |  
2025-10-20 19:51:22,981 | INFO  | OMAudit | user=runner | ip=127.0.0.1 | op=READ_VOLUME {"volume":"cc45f64b-1d34-4048-8be4-6de8edd052bd"} | ret=SUCCESS |  
2025-10-20 19:51:22,982 | INFO  | OMAudit | user=runner | ip=127.0.0.1 | op=READ_BUCKET {"volume":"cc45f64b-1d34-4048-8be4-6de8edd052bd","bucket":"d0b83134-f81d-481f-b9d8-04f905375976"} | ret=SUCCESS |  
2025-10-20 19:51:22,983 | INFO  | OMAudit | user=runner | ip=127.0.0.1 | op=READ_BUCKET {"volume":"cc45f64b-1d34-4048-8be4-6de8edd052bd","bucket":"d0b83134-f81d-481f-b9d8-04f905375976"} | ret=SUCCESS |  
2025-10-20 19:51:22,984 | INFO  | SCMAudit | user=runner | ip=127.0.0.1 | op=ALLOCATE_BLOCK {"replication":"RATIS/ONE","owner":"omServiceIdDefault","size":"4194304","sampleBlocks":"[conID: 6 locID: 115816896921600164]","num":"1","client":"","allocated":"1"} | ret=SUCCESS |  
2025-10-20 19:51:22,986 | INFO  | OMAudit | user=runner | ip=127.0.0.1 | op=ALLOCATE_KEY {"volume":"cc45f64b-1d34-4048-8be4-6de8edd052bd","bucket":"d0b83134-f81d-481f-b9d8-04f905375976","key":"13bf84a1-7061-42c8-b971-33e7d83e1117","dataSize":"12","replicationType":"RATIS","replicationFactor":"ONE","Transaction":"530"} | ret=SUCCESS |  
2025-10-20 19:51:23,002 | INFO  | OMAudit | user=runner | ip=127.0.0.1 | op=COMMIT_KEY {"volume":"cc45f64b-1d34-4048-8be4-6de8edd052bd","bucket":"d0b83134-f81d-481f-b9d8-04f905375976","key":"13bf84a1-7061-42c8-b971-33e7d83e1117","dataSize":"12","replicationType":"RATIS","replicationFactor":"ONE","Transaction":"531"} | ret=SUCCESS |  
2025-10-20 19:51:23,004 | INFO  | OMAudit | user=runner | ip=127.0.0.1 | op=READ_VOLUME {"volume":"cc45f64b-1d34-4048-8be4-6de8edd052bd"} | ret=SUCCESS |  
2025-10-20 19:51:23,005 | INFO  | OMAudit | user=runner | ip=127.0.0.1 | op=READ_BUCKET {"volume":"cc45f64b-1d34-4048-8be4-6de8edd052bd","bucket":"d0b83134-f81d-481f-b9d8-04f905375976"} | ret=SUCCESS |  
2025-10-20 19:51:23,147 [om1-KeyDeletingService#0] INFO  service.KeyDeletingService (KeyDeletingService.java:processKeyDeletes(151)) - Send 1 key(s) to SCM, first 1 keys: [PurgedKey{blockGroup=BlockGroup[groupID='/cc45f64b-1d34-4048-8be4-6de8edd052bd/d0b83134-f81d-481f-b9d8-04f905375976/13bf84a1-7061-42c8-b971-33e7d83e1117/-9223372036854639872/0', blockIDs=[conID: 3 locID: 115816896921600163 bcsId: 0 replicaIndex: null]], volume='cc45f64b-1d34-4048-8be4-6de8edd052bd', bucket='d0b83134-f81d-481f-b9d8-04f905375976', bucketId=-9223372036854640896, purgedBytes=12, isCommittedKey=true, deleteKeyName='/cc45f64b-1d34-4048-8be4-6de8edd052bd/d0b83134-f81d-481f-b9d8-04f905375976/13bf84a1-7061-42c8-b971-33e7d83e1117/-9223372036854639872'}]
2025-10-20 19:51:23,149 | INFO  | SCMAudit | user=runner | ip=127.0.0.1 | op=DELETE_KEY_BLOCK {"KeyBlockToDelete":"[BlockGroup[groupID='/cc45f64b-1d34-4048-8be4-6de8edd052bd/d0b83134-f81d-481f-b9d8-04f905375976/13bf84a1-7061-42c8-b971-33e7d83e1117/-9223372036854639872/0', blockIDs=[conID: 3 locID: 115816896921600163 bcsId: 0 replicaIndex: null]]]"} | ret=SUCCESS |  
2025-10-20 19:51:23,150 [om1-KeyDeletingService#0] INFO  service.KeyDeletingService (KeyDeletingService.java:processKeyDeletes(158)) - 1 BlockGroup deletion are acked by SCM in 2 ms
2025-10-20 19:51:23,151 [om1-KeyDeletingService#0] INFO  service.KeyDeletingService (KeyDeletingService.java:processKeyDeletes(166)) - Blocks for 1 (out of 1) keys are deleted from DB in 2 ms. Limit per task is 50000.
2025-10-20 19:51:23,174 | INFO  | SCMAudit | user=runner | ip=127.0.0.1 | op=SEND_HEARTBEAT {"datanodeUUID":"7bb0e7f0-2b36-4ec0-8a09-ceac75d91a36","term":"2","command":"[]"} | ret=SUCCESS |  
2025-10-20 19:51:23,174 | INFO  | SCMAudit | user=runner | ip=127.0.0.1 | op=SEND_HEARTBEAT {"datanodeUUID":"ef67b0a7-5b27-496d-9f38-ab804a28e500","term":"2","command":"[]"} | ret=SUCCESS |  
2025-10-20 19:51:23,257 | INFO  | SCMAudit | user=runner | ip=127.0.0.1 | op=SEND_HEARTBEAT {"datanodeUUID":"af0e5da1-57af-45e9-9aca-fa0798d05628","term":"2","command":"[]"} | ret=SUCCESS |  
2025-10-20 19:51:23,442 | INFO  | SCMAudit | user=runner | ip=127.0.0.1 | op=SEND_HEARTBEAT {"datanodeUUID":"361055de-215b-4c6c-94c2-be1c1da118d1","term":"2","command":"[]"} | ret=SUCCESS |  
2025-10-20 19:51:23,442 | INFO  | SCMAudit | user=runner | ip=127.0.0.1 | op=SEND_HEARTBEAT {"datanodeUUID":"b614738c-cdff-4f09-bf59-ed5bb75d51be","term":"2","command":"[]"} | ret=SUCCESS |  
2025-10-20 19:51:23,444 | INFO  | SCMAudit | user=runner | ip=127.0.0.1 | op=SEND_HEARTBEAT {"datanodeUUID":"38991c48-ffb3-4453-b758-77d6b4ebc62b","term":"2","command":"[]"} | ret=SUCCESS |  
2025-10-20 19:51:23,452 | INFO  | SCMAudit | user=runner | ip=127.0.0.1 | op=SEND_HEARTBEAT {"datanodeUUID":"c90bff1f-5a1f-42c6-8fca-9533d718c79a","term":"2","command":"[]"} | ret=SUCCESS |  
2025-10-20 19:51:23,646 | INFO  | SCMAudit | user=runner | ip=127.0.0.1 | op=SEND_HEARTBEAT {"datanodeUUID":"4f2bb3f5-0e03-4f1b-bb4c-79c91b98c7da","term":"2","command":"[]"} | ret=SUCCESS |  
2025-10-20 19:51:23,647 | INFO  | SCMAudit | user=runner | ip=127.0.0.1 | op=SEND_HEARTBEAT {"datanodeUUID":"cc7fbe85-1d98-437b-84f9-04213fee10f0","term":"2","command":"[]"} | ret=SUCCESS |  
2025-10-20 19:51:23,648 | INFO  | SCMAudit | user=runner | ip=127.0.0.1 | op=SEND_HEARTBEAT {"datanodeUUID":"605be85e-a7f4-44d7-8cfd-f53001b990b0","term":"2","command":"[]"} | ret=SUCCESS |  
2025-10-20 19:51:23,723 | INFO  | SCMAudit | user=runner | ip=127.0.0.1 | op=SEND_HEARTBEAT {"datanodeUUID":"feb39a1c-80cb-4714-ab06-a361236e3029","term":"2","command":"[]"} | ret=SUCCESS |  
2025-10-20 19:51:23,738 | INFO  | SCMAudit | user=runner | ip=127.0.0.1 | op=SEND_HEARTBEAT {"datanodeUUID":"e05592a5-d00f-4fc1-9e39-a968c1ecb04e","term":"2","command":"[]"} | ret=SUCCESS |  
2025-10-20 19:51:23,740 | INFO  | SCMAudit | user=runner | ip=127.0.0.1 | op=SEND_HEARTBEAT {"datanodeUUID":"33f74daf-be7a-4306-b2af-53e409c4cb93","term":"2","command":"[]"} | ret=SUCCESS |  
2025-10-20 19:51:23,843 | INFO  | SCMAudit | user=runner | ip=127.0.0.1 | op=SEND_HEARTBEAT {"datanodeUUID":"d7d8cf72-b9f6-4979-9c53-007dd6e6e48a","term":"2","command":"[]"} | ret=SUCCESS |  
2025-10-20 19:51:24,006 | INFO  | OMAudit | user=runner | ip=127.0.0.1 | op=READ_VOLUME {"volume":"cc45f64b-1d34-4048-8be4-6de8edd052bd"} | ret=SUCCESS |  
2025-10-20 19:51:24,008 | INFO  | OMAudit | user=runner | ip=127.0.0.1 | op=READ_BUCKET {"volume":"cc45f64b-1d34-4048-8be4-6de8edd052bd","bucket":"d0b83134-f81d-481f-b9d8-04f905375976"} | ret=SUCCESS |  
2025-10-20 19:51:24,009 | INFO  | OMAudit | user=runner | ip=127.0.0.1 | op=READ_BUCKET {"volume":"cc45f64b-1d34-4048-8be4-6de8edd052bd","bucket":"d0b83134-f81d-481f-b9d8-04f905375976"} | ret=SUCCESS |  
2025-10-20 19:51:24,010 | INFO  | SCMAudit | user=runner | ip=127.0.0.1 | op=ALLOCATE_BLOCK {"replication":"RATIS/ONE","owner":"omServiceIdDefault","size":"4194304","sampleBlocks":"[conID: 6 locID: 115816896921600165]","num":"1","client":"","allocated":"1"} | ret=SUCCESS |  
2025-10-20 19:51:24,012 | INFO  | OMAudit | user=runner | ip=127.0.0.1 | op=ALLOCATE_KEY {"volume":"cc45f64b-1d34-4048-8be4-6de8edd052bd","bucket":"d0b83134-f81d-481f-b9d8-04f905375976","key":"30ec03d7-91ce-4d47-a114-b7d3e91703cf","dataSize":"12","replicationType":"RATIS","replicationFactor":"ONE","Transaction":"533"} | ret=SUCCESS |  
2025-10-20 19:51:24,019 | INFO  | OMAudit | user=runner | ip=127.0.0.1 | op=COMMIT_KEY {"volume":"cc45f64b-1d34-4048-8be4-6de8edd052bd","bucket":"d0b83134-f81d-481f-b9d8-04f905375976","key":"30ec03d7-91ce-4d47-a114-b7d3e91703cf","dataSize":"12","replicationType":"RATIS","replicationFactor":"ONE","Transaction":"534"} | ret=SUCCESS |  
2025-10-20 19:51:24,020 | INFO  | OMAudit | user=runner | ip=127.0.0.1 | op=READ_VOLUME {"volume":"cc45f64b-1d34-4048-8be4-6de8edd052bd"} | ret=SUCCESS |  
2025-10-20 19:51:24,021 | INFO  | OMAudit | user=runner | ip=127.0.0.1 | op=READ_BUCKET {"volume":"cc45f64b-1d34-4048-8be4-6de8edd052bd","bucket":"d0b83134-f81d-481f-b9d8-04f905375976"} | ret=SUCCESS |  
2025-10-20 19:51:24,023 | INFO  | OMAudit | user=runner | ip=127.0.0.1 | op=DELETE_KEY {"volume":"cc45f64b-1d34-4048-8be4-6de8edd052bd","bucket":"d0b83134-f81d-481f-b9d8-04f905375976","key":"13bf84a1-7061-42c8-b971-33e7d83e1117","dataSize":"12","replicationConfig":"RATIS/ONE","Transaction":"535"} | ret=SUCCESS |  
2025-10-20 19:51:24,024 | INFO  | OMAudit | user=runner | ip=127.0.0.1 | op=READ_VOLUME {"volume":"cc45f64b-1d34-4048-8be4-6de8edd052bd"} | ret=SUCCESS |  
2025-10-20 19:51:24,025 | INFO  | OMAudit | user=runner | ip=127.0.0.1 | op=READ_BUCKET {"volume":"cc45f64b-1d34-4048-8be4-6de8edd052bd","bucket":"d0b83134-f81d-481f-b9d8-04f905375976"} | ret=SUCCESS |  
2025-10-20 19:51:24,148 [om1-KeyDeletingService#6] INFO  service.KeyDeletingService (KeyDeletingService.java:processKeyDeletes(151)) - Send 1 key(s) to SCM, first 1 keys: [PurgedKey{blockGroup=BlockGroup[groupID='/cc45f64b-1d34-4048-8be4-6de8edd052bd/d0b83134-f81d-481f-b9d8-04f905375976/13bf84a1-7061-42c8-b971-33e7d83e1117/-9223372036854640639/0', blockIDs=[conID: 6 locID: 115816896921600164 bcsId: 0 replicaIndex: null]], volume='cc45f64b-1d34-4048-8be4-6de8edd052bd', bucket='d0b83134-f81d-481f-b9d8-04f905375976', bucketId=-9223372036854640896, purgedBytes=12, isCommittedKey=true, deleteKeyName='/cc45f64b-1d34-4048-8be4-6de8edd052bd/d0b83134-f81d-481f-b9d8-04f905375976/13bf84a1-7061-42c8-b971-33e7d83e1117/-9223372036854640639'}]
2025-10-20 19:51:24,149 | INFO  | SCMAudit | user=runner | ip=127.0.0.1 | op=DELETE_KEY_BLOCK {"KeyBlockToDelete":"[BlockGroup[groupID='/cc45f64b-1d34-4048-8be4-6de8edd052bd/d0b83134-f81d-481f-b9d8-04f905375976/13bf84a1-7061-42c8-b971-33e7d83e1117/-9223372036854640639/0', blockIDs=[conID: 6 locID: 115816896921600164 bcsId: 0 replicaIndex: null]]]"} | ret=SUCCESS |  
2025-10-20 19:51:24,150 [om1-KeyDeletingService#6] INFO  service.KeyDeletingService (KeyDeletingService.java:processKeyDeletes(158)) - 1 BlockGroup deletion are acked by SCM in 2 ms
2025-10-20 19:51:24,151 [om1-KeyDeletingService#6] INFO  service.KeyDeletingService (KeyDeletingService.java:processKeyDeletes(166)) - Blocks for 1 (out of 1) keys are deleted from DB in 1 ms. Limit per task is 50000.
2025-10-20 19:51:24,174 | INFO  | SCMAudit | user=runner | ip=127.0.0.1 | op=SEND_HEARTBEAT {"datanodeUUID":"ef67b0a7-5b27-496d-9f38-ab804a28e500","term":"2","command":"[]"} | ret=SUCCESS |  
2025-10-20 19:51:24,174 | INFO  | SCMAudit | user=runner | ip=127.0.0.1 | op=SEND_HEARTBEAT {"datanodeUUID":"7bb0e7f0-2b36-4ec0-8a09-ceac75d91a36","term":"2","command":"[]"} | ret=SUCCESS |  
2025-10-20 19:51:24,258 | INFO  | SCMAudit | user=runner | ip=127.0.0.1 | op=SEND_HEARTBEAT {"datanodeUUID":"af0e5da1-57af-45e9-9aca-fa0798d05628","term":"2","command":"[]"} | ret=SUCCESS |  
2025-10-20 19:51:24,442 | INFO  | SCMAudit | user=runner | ip=127.0.0.1 | op=SEND_HEARTBEAT {"datanodeUUID":"361055de-215b-4c6c-94c2-be1c1da118d1","term":"2","command":"[]"} | ret=SUCCESS |  
2025-10-20 19:51:24,442 | INFO  | SCMAudit | user=runner | ip=127.0.0.1 | op=SEND_HEARTBEAT {"datanodeUUID":"b614738c-cdff-4f09-bf59-ed5bb75d51be","term":"2","command":"[]"} | ret=SUCCESS |  
2025-10-20 19:51:24,444 | INFO  | SCMAudit | user=runner | ip=127.0.0.1 | op=SEND_HEARTBEAT {"datanodeUUID":"38991c48-ffb3-4453-b758-77d6b4ebc62b","term":"2","command":"[]"} | ret=SUCCESS |  
2025-10-20 19:51:24,452 | INFO  | SCMAudit | user=runner | ip=127.0.0.1 | op=SEND_HEARTBEAT {"datanodeUUID":"c90bff1f-5a1f-42c6-8fca-9533d718c79a","term":"2","command":"[]"} | ret=SUCCESS |  
2025-10-20 19:51:24,646 | INFO  | SCMAudit | user=runner | ip=127.0.0.1 | op=SEND_HEARTBEAT {"datanodeUUID":"4f2bb3f5-0e03-4f1b-bb4c-79c91b98c7da","term":"2","command":"[]"} | ret=SUCCESS |  
2025-10-20 19:51:24,647 | INFO  | SCMAudit | user=runner | ip=127.0.0.1 | op=SEND_HEARTBEAT {"datanodeUUID":"cc7fbe85-1d98-437b-84f9-04213fee10f0","term":"2","command":"[]"} | ret=SUCCESS |  
2025-10-20 19:51:24,648 | INFO  | SCMAudit | user=runner | ip=127.0.0.1 | op=SEND_HEARTBEAT {"datanodeUUID":"605be85e-a7f4-44d7-8cfd-f53001b990b0","term":"2","command":"[]"} | ret=SUCCESS |  
2025-10-20 19:51:24,723 | INFO  | SCMAudit | user=runner | ip=127.0.0.1 | op=SEND_HEARTBEAT {"datanodeUUID":"feb39a1c-80cb-4714-ab06-a361236e3029","term":"2","command":"[]"} | ret=SUCCESS |  
2025-10-20 19:51:24,738 | INFO  | SCMAudit | user=runner | ip=127.0.0.1 | op=SEND_HEARTBEAT {"datanodeUUID":"e05592a5-d00f-4fc1-9e39-a968c1ecb04e","term":"2","command":"[]"} | ret=SUCCESS |  
2025-10-20 19:51:24,741 | INFO  | SCMAudit | user=runner | ip=127.0.0.1 | op=SEND_HEARTBEAT {"datanodeUUID":"33f74daf-be7a-4306-b2af-53e409c4cb93","term":"2","command":"[]"} | ret=SUCCESS |  
2025-10-20 19:51:24,843 | INFO  | SCMAudit | user=runner | ip=127.0.0.1 | op=SEND_HEARTBEAT {"datanodeUUID":"d7d8cf72-b9f6-4979-9c53-007dd6e6e48a","term":"2","command":"[]"} | ret=SUCCESS |  
2025-10-20 19:51:25,026 | INFO  | OMAudit | user=runner | ip=127.0.0.1 | op=READ_VOLUME {"volume":"cc45f64b-1d34-4048-8be4-6de8edd052bd"} | ret=SUCCESS |  
2025-10-20 19:51:25,027 | INFO  | OMAudit | user=runner | ip=127.0.0.1 | op=READ_BUCKET {"volume":"cc45f64b-1d34-4048-8be4-6de8edd052bd","bucket":"d0b83134-f81d-481f-b9d8-04f905375976"} | ret=SUCCESS |  
2025-10-20 19:51:25,030 | INFO  | OMAudit | user=runner | ip=127.0.0.1 | op=DELETE_KEY {"volume":"cc45f64b-1d34-4048-8be4-6de8edd052bd","bucket":"d0b83134-f81d-481f-b9d8-04f905375976","key":"30ec03d7-91ce-4d47-a114-b7d3e91703cf","dataSize":"12","replicationConfig":"RATIS/ONE","Transaction":"537"} | ret=SUCCESS |  
2025-10-20 19:51:25,031 | INFO  | OMAudit | user=runner | ip=127.0.0.1 | op=READ_VOLUME {"volume":"cc45f64b-1d34-4048-8be4-6de8edd052bd"} | ret=SUCCESS |  
2025-10-20 19:51:25,032 | INFO  | OMAudit | user=runner | ip=127.0.0.1 | op=READ_BUCKET {"volume":"cc45f64b-1d34-4048-8be4-6de8edd052bd","bucket":"d0b83134-f81d-481f-b9d8-04f905375976"} | ret=SUCCESS |  
2025-10-20 19:51:25,148 [om1-KeyDeletingService#2] INFO  service.KeyDeletingService (KeyDeletingService.java:processKeyDeletes(151)) - Send 1 key(s) to SCM, first 1 keys: [PurgedKey{blockGroup=BlockGroup[groupID='/cc45f64b-1d34-4048-8be4-6de8edd052bd/d0b83134-f81d-481f-b9d8-04f905375976/30ec03d7-91ce-4d47-a114-b7d3e91703cf/-9223372036854639359/0', blockIDs=[conID: 6 locID: 115816896921600165 bcsId: 0 replicaIndex: null]], volume='cc45f64b-1d34-4048-8be4-6de8edd052bd', bucket='d0b83134-f81d-481f-b9d8-04f905375976', bucketId=-9223372036854640896, purgedBytes=12, isCommittedKey=true, deleteKeyName='/cc45f64b-1d34-4048-8be4-6de8edd052bd/d0b83134-f81d-481f-b9d8-04f905375976/30ec03d7-91ce-4d47-a114-b7d3e91703cf/-9223372036854639359'}]
2025-10-20 19:51:25,150 | INFO  | SCMAudit | user=runner | ip=127.0.0.1 | op=DELETE_KEY_BLOCK {"KeyBlockToDelete":"[BlockGroup[groupID='/cc45f64b-1d34-4048-8be4-6de8edd052bd/d0b83134-f81d-481f-b9d8-04f905375976/30ec03d7-91ce-4d47-a114-b7d3e91703cf/-9223372036854639359/0', blockIDs=[conID: 6 locID: 115816896921600165 bcsId: 0 replicaIndex: null]]]"} | ret=SUCCESS |  
2025-10-20 19:51:25,150 [om1-KeyDeletingService#2] INFO  service.KeyDeletingService (KeyDeletingService.java:processKeyDeletes(158)) - 1 BlockGroup deletion are acked by SCM in 2 ms
2025-10-20 19:51:25,151 [om1-KeyDeletingService#2] INFO  service.KeyDeletingService (KeyDeletingService.java:processKeyDeletes(166)) - Blocks for 1 (out of 1) keys are deleted from DB in 2 ms. Limit per task is 50000.
2025-10-20 19:51:25,173 | INFO  | SCMAudit | user=runner | ip=127.0.0.1 | op=SEND_HEARTBEAT {"datanodeUUID":"ef67b0a7-5b27-496d-9f38-ab804a28e500","term":"2","command":"[]"} | ret=SUCCESS |  
2025-10-20 19:51:25,174 | INFO  | SCMAudit | user=runner | ip=127.0.0.1 | op=SEND_HEARTBEAT {"datanodeUUID":"7bb0e7f0-2b36-4ec0-8a09-ceac75d91a36","term":"2","command":"[]"} | ret=SUCCESS |  
2025-10-20 19:51:25,259 | INFO  | SCMAudit | user=runner | ip=127.0.0.1 | op=SEND_HEARTBEAT {"datanodeUUID":"af0e5da1-57af-45e9-9aca-fa0798d05628","term":"2","command":"[]"} | ret=SUCCESS |  
2025-10-20 19:51:25,443 | INFO  | SCMAudit | user=runner | ip=127.0.0.1 | op=SEND_HEARTBEAT {"datanodeUUID":"361055de-215b-4c6c-94c2-be1c1da118d1","term":"2","command":"[]"} | ret=SUCCESS |  
2025-10-20 19:51:25,443 | INFO  | SCMAudit | user=runner | ip=127.0.0.1 | op=SEND_HEARTBEAT {"datanodeUUID":"b614738c-cdff-4f09-bf59-ed5bb75d51be","term":"2","command":"[]"} | ret=SUCCESS |  
2025-10-20 19:51:25,444 | INFO  | SCMAudit | user=runner | ip=127.0.0.1 | op=SEND_HEARTBEAT {"datanodeUUID":"38991c48-ffb3-4453-b758-77d6b4ebc62b","term":"2","command":"[]"} | ret=SUCCESS |  
2025-10-20 19:51:25,452 | INFO  | SCMAudit | user=runner | ip=127.0.0.1 | op=SEND_HEARTBEAT {"datanodeUUID":"c90bff1f-5a1f-42c6-8fca-9533d718c79a","term":"2","command":"[]"} | ret=SUCCESS |  
2025-10-20 19:51:25,646 | INFO  | SCMAudit | user=runner | ip=127.0.0.1 | op=SEND_HEARTBEAT {"datanodeUUID":"4f2bb3f5-0e03-4f1b-bb4c-79c91b98c7da","term":"2","command":"[]"} | ret=SUCCESS |  
2025-10-20 19:51:25,647 | INFO  | SCMAudit | user=runner | ip=127.0.0.1 | op=SEND_HEARTBEAT {"datanodeUUID":"cc7fbe85-1d98-437b-84f9-04213fee10f0","term":"2","command":"[]"} | ret=SUCCESS |  
2025-10-20 19:51:25,648 | INFO  | SCMAudit | user=runner | ip=127.0.0.1 | op=SEND_HEARTBEAT {"datanodeUUID":"605be85e-a7f4-44d7-8cfd-f53001b990b0","term":"2","command":"[]"} | ret=SUCCESS |  
2025-10-20 19:51:25,723 | INFO  | SCMAudit | user=runner | ip=127.0.0.1 | op=SEND_HEARTBEAT {"datanodeUUID":"feb39a1c-80cb-4714-ab06-a361236e3029","term":"2","command":"[]"} | ret=SUCCESS |  
2025-10-20 19:51:25,738 | INFO  | SCMAudit | user=runner | ip=127.0.0.1 | op=SEND_HEARTBEAT {"datanodeUUID":"e05592a5-d00f-4fc1-9e39-a968c1ecb04e","term":"2","command":"[]"} | ret=SUCCESS |  
2025-10-20 19:51:25,741 | INFO  | SCMAudit | user=runner | ip=127.0.0.1 | op=SEND_HEARTBEAT {"datanodeUUID":"33f74daf-be7a-4306-b2af-53e409c4cb93","term":"2","command":"[]"} | ret=SUCCESS |  
2025-10-20 19:51:25,843 | INFO  | SCMAudit | user=runner | ip=127.0.0.1 | op=SEND_HEARTBEAT {"datanodeUUID":"d7d8cf72-b9f6-4979-9c53-007dd6e6e48a","term":"2","command":"[]"} | ret=SUCCESS |  
2025-10-20 19:51:26,033 | INFO  | OMAudit | user=runner | ip=127.0.0.1 | op=READ_VOLUME {"volume":"cc45f64b-1d34-4048-8be4-6de8edd052bd"} | ret=SUCCESS |  
2025-10-20 19:51:26,034 | INFO  | OMAudit | user=runner | ip=127.0.0.1 | op=READ_BUCKET {"volume":"cc45f64b-1d34-4048-8be4-6de8edd052bd","bucket":"d0b83134-f81d-481f-b9d8-04f905375976"} | ret=SUCCESS |  
2025-10-20 19:51:26,037 | INFO  | OMAudit | user=runner | ip=127.0.0.1 | op=GET_SERVICE_LIST {} | ret=SUCCESS |  
2025-10-20 19:51:26,042 | INFO  | OMAudit | user=runner | ip=127.0.0.1 | op=CREATE_DIRECTORY {"volume":"cc45f64b-1d34-4048-8be4-6de8edd052bd","bucket":"d0b83134-f81d-481f-b9d8-04f905375976","key":"e641344a-5818-42ec-a476-81cdf1e4c617","dataSize":"0","Transaction":"539"} | ret=SUCCESS |  
2025-10-20 19:51:26,044 | INFO  | OMAudit | user=runner | ip=127.0.0.1 | op=READ_VOLUME {"volume":"cc45f64b-1d34-4048-8be4-6de8edd052bd"} | ret=SUCCESS |  
2025-10-20 19:51:26,045 | INFO  | OMAudit | user=runner | ip=127.0.0.1 | op=READ_BUCKET {"volume":"cc45f64b-1d34-4048-8be4-6de8edd052bd","bucket":"d0b83134-f81d-481f-b9d8-04f905375976"} | ret=SUCCESS |  
2025-10-20 19:51:26,047 | INFO  | OMAudit | user=runner | ip=127.0.0.1 | op=CREATE_DIRECTORY {"volume":"cc45f64b-1d34-4048-8be4-6de8edd052bd","bucket":"d0b83134-f81d-481f-b9d8-04f905375976","key":"98f4b7e4-69b1-49ba-95e5-93d6caa3617d","dataSize":"0","Transaction":"540"} | ret=SUCCESS |  
2025-10-20 19:51:26,048 | INFO  | OMAudit | user=runner | ip=127.0.0.1 | op=READ_VOLUME {"volume":"cc45f64b-1d34-4048-8be4-6de8edd052bd"} | ret=SUCCESS |  
2025-10-20 19:51:26,049 | INFO  | OMAudit | user=runner | ip=127.0.0.1 | op=READ_BUCKET {"volume":"cc45f64b-1d34-4048-8be4-6de8edd052bd","bucket":"d0b83134-f81d-481f-b9d8-04f905375976"} | ret=SUCCESS |  
2025-10-20 19:51:26,055 | INFO  | OMAudit | user=runner | ip=127.0.0.1 | op=DELETE_KEY {"volume":"cc45f64b-1d34-4048-8be4-6de8edd052bd","bucket":"d0b83134-f81d-481f-b9d8-04f905375976","key":"e641344a-5818-42ec-a476-81cdf1e4c617","Transaction":"541"} | ret=SUCCESS |  
2025-10-20 19:51:26,056 | INFO  | OMAudit | user=runner | ip=127.0.0.1 | op=READ_VOLUME {"volume":"cc45f64b-1d34-4048-8be4-6de8edd052bd"} | ret=SUCCESS |  
2025-10-20 19:51:26,057 | INFO  | OMAudit | user=runner | ip=127.0.0.1 | op=READ_BUCKET {"volume":"cc45f64b-1d34-4048-8be4-6de8edd052bd","bucket":"d0b83134-f81d-481f-b9d8-04f905375976"} | ret=SUCCESS |  
2025-10-20 19:51:26,060 | INFO  | OMAudit | user=runner | ip=127.0.0.1 | op=DELETE_KEY {"volume":"cc45f64b-1d34-4048-8be4-6de8edd052bd","bucket":"d0b83134-f81d-481f-b9d8-04f905375976","key":"98f4b7e4-69b1-49ba-95e5-93d6caa3617d","Transaction":"542"} | ret=SUCCESS |  
2025-10-20 19:51:26,061 | INFO  | OMAudit | user=runner | ip=127.0.0.1 | op=READ_VOLUME {"volume":"cc45f64b-1d34-4048-8be4-6de8edd052bd"} | ret=SUCCESS |  
2025-10-20 19:51:26,062 | INFO  | OMAudit | user=runner | ip=127.0.0.1 | op=READ_BUCKET {"volume":"cc45f64b-1d34-4048-8be4-6de8edd052bd","bucket":"d0b83134-f81d-481f-b9d8-04f905375976"} | ret=SUCCESS |  
2025-10-20 19:51:26,064 | INFO  | OMAudit | user=runner | ip=127.0.0.1 | op=CREATE_DIRECTORY {"volume":"cc45f64b-1d34-4048-8be4-6de8edd052bd","bucket":"d0b83134-f81d-481f-b9d8-04f905375976","key":"dir1/dir2/dir3/dir4","dataSize":"0","Transaction":"543"} | ret=SUCCESS |  
2025-10-20 19:51:26,065 | INFO  | OMAudit | user=runner | ip=127.0.0.1 | op=READ_VOLUME {"volume":"cc45f64b-1d34-4048-8be4-6de8edd052bd"} | ret=SUCCESS |  
2025-10-20 19:51:26,066 | INFO  | OMAudit | user=runner | ip=127.0.0.1 | op=READ_BUCKET {"volume":"cc45f64b-1d34-4048-8be4-6de8edd052bd","bucket":"d0b83134-f81d-481f-b9d8-04f905375976"} | ret=SUCCESS |  
]]></system-out>
  </testcase>
  <testcase name="testBucketUsedNamespace(BucketLayout, boolean)[6]" classname="org.apache.hadoop.ozone.client.rpc.TestSecureOzoneRpcClient" time="3.096">
    <system-out><![CDATA[2025-10-20 19:51:26,068 [ForkJoinPool-1-worker-1] INFO  rpc.RpcClient (RpcClient.java:createVolume(461)) - Creating Volume: c4f4d144-b251-4d38-9d2c-9dad4e02fc72, with runner as owner and space quota set to -1 bytes, counts quota set to -1
2025-10-20 19:51:26,070 [om1-OMStateMachineApplyTransactionThread - 0] INFO  volume.OMVolumeCreateRequest (OMVolumeCreateRequest.java:validateAndUpdateCache(213)) - created volume:c4f4d144-b251-4d38-9d2c-9dad4e02fc72 for user:runner
2025-10-20 19:51:26,070 | INFO  | OMAudit | user=runner | ip=127.0.0.1 | op=CREATE_VOLUME {"admin":"runner","owner":"runner","volume":"c4f4d144-b251-4d38-9d2c-9dad4e02fc72","creationTime":"1760989886069","modificationTime":"1760989886069","quotaInBytes":"-1","quotaInNamespace":"-1","usedNamespace":"0","objectID":"-9223372036854636544","updateID":"544","Transaction":"544"} | ret=SUCCESS |  
2025-10-20 19:51:26,071 | INFO  | OMAudit | user=runner | ip=127.0.0.1 | op=READ_VOLUME {"volume":"c4f4d144-b251-4d38-9d2c-9dad4e02fc72"} | ret=SUCCESS |  
2025-10-20 19:51:26,072 [ForkJoinPool-1-worker-1] INFO  rpc.RpcClient (RpcClient.java:createBucket(686)) - Creating Bucket: c4f4d144-b251-4d38-9d2c-9dad4e02fc72/b95bff5c-3bb5-48af-a74d-3ff067478ced, with bucket layout FILE_SYSTEM_OPTIMIZED, runner as owner, Versioning false, Storage Type set to DISK and Encryption set to false, Replication Type set to server-side default replication type, Namespace Quota set to -1, Space Quota set to -1 
2025-10-20 19:51:26,073 [om1-OMStateMachineApplyTransactionThread - 0] INFO  bucket.OMBucketCreateRequest (OMBucketCreateRequest.java:validateAndUpdateCache(303)) - created bucket: b95bff5c-3bb5-48af-a74d-3ff067478ced of layout FILE_SYSTEM_OPTIMIZED in volume: c4f4d144-b251-4d38-9d2c-9dad4e02fc72
2025-10-20 19:51:26,073 | INFO  | OMAudit | user=runner | ip=127.0.0.1 | op=CREATE_BUCKET {"volume":"c4f4d144-b251-4d38-9d2c-9dad4e02fc72","bucket":"b95bff5c-3bb5-48af-a74d-3ff067478ced","bucketLayout":"FILE_SYSTEM_OPTIMIZED","gdprEnabled":null,"acls":"[user:runner:a[ACCESS], group:runner:rl[ACCESS]]","isVersionEnabled":"false","storageType":"DISK","creationTime":"1760989886072","bucketEncryptionKey":null,"modificationTime":"1760989886072","usedBytes":"0","usedNamespace":"0","snapshotUsedBytes":"0","snapshotUsedNamespace":"0","owner":"runner","replicationType":null,"replicationConfig":null,"quotaInBytes":"-1","quotaInNamespace":"-1","Transaction":"545"} | ret=SUCCESS |  
2025-10-20 19:51:26,074 | INFO  | OMAudit | user=runner | ip=127.0.0.1 | op=READ_BUCKET {"volume":"c4f4d144-b251-4d38-9d2c-9dad4e02fc72","bucket":"b95bff5c-3bb5-48af-a74d-3ff067478ced"} | ret=SUCCESS |  
2025-10-20 19:51:26,075 | INFO  | OMAudit | user=runner | ip=127.0.0.1 | op=READ_BUCKET {"volume":"c4f4d144-b251-4d38-9d2c-9dad4e02fc72","bucket":"b95bff5c-3bb5-48af-a74d-3ff067478ced"} | ret=SUCCESS |  
2025-10-20 19:51:26,076 | INFO  | SCMAudit | user=runner | ip=127.0.0.1 | op=ALLOCATE_BLOCK {"replication":"RATIS/ONE","owner":"omServiceIdDefault","size":"4194304","sampleBlocks":"[conID: 11 locID: 115816896921600166]","num":"1","client":"","allocated":"1"} | ret=SUCCESS |  
2025-10-20 19:51:26,078 | INFO  | OMAudit | user=runner | ip=127.0.0.1 | op=ALLOCATE_KEY {"volume":"c4f4d144-b251-4d38-9d2c-9dad4e02fc72","bucket":"b95bff5c-3bb5-48af-a74d-3ff067478ced","key":"106babf8-51f9-4d13-8fea-461c5f456b4a","dataSize":"12","replicationType":"RATIS","replicationFactor":"ONE","Transaction":"546"} | ret=SUCCESS |  
2025-10-20 19:51:26,085 | INFO  | OMAudit | user=runner | ip=127.0.0.1 | op=COMMIT_KEY {"volume":"c4f4d144-b251-4d38-9d2c-9dad4e02fc72","bucket":"b95bff5c-3bb5-48af-a74d-3ff067478ced","key":"106babf8-51f9-4d13-8fea-461c5f456b4a","dataSize":"12","replicationType":"RATIS","replicationFactor":"ONE","Transaction":"547"} | ret=SUCCESS |  
2025-10-20 19:51:26,086 | INFO  | OMAudit | user=runner | ip=127.0.0.1 | op=READ_VOLUME {"volume":"c4f4d144-b251-4d38-9d2c-9dad4e02fc72"} | ret=SUCCESS |  
2025-10-20 19:51:26,086 | INFO  | OMAudit | user=runner | ip=127.0.0.1 | op=READ_BUCKET {"volume":"c4f4d144-b251-4d38-9d2c-9dad4e02fc72","bucket":"b95bff5c-3bb5-48af-a74d-3ff067478ced"} | ret=SUCCESS |  
2025-10-20 19:51:26,088 | INFO  | OMAudit | user=runner | ip=127.0.0.1 | op=READ_BUCKET {"volume":"c4f4d144-b251-4d38-9d2c-9dad4e02fc72","bucket":"b95bff5c-3bb5-48af-a74d-3ff067478ced"} | ret=SUCCESS |  
2025-10-20 19:51:26,088 | INFO  | SCMAudit | user=runner | ip=127.0.0.1 | op=ALLOCATE_BLOCK {"replication":"RATIS/ONE","owner":"omServiceIdDefault","size":"4194304","sampleBlocks":"[conID: 7 locID: 115816896921600167]","num":"1","client":"","allocated":"1"} | ret=SUCCESS |  
2025-10-20 19:51:26,090 | INFO  | OMAudit | user=runner | ip=127.0.0.1 | op=ALLOCATE_KEY {"volume":"c4f4d144-b251-4d38-9d2c-9dad4e02fc72","bucket":"b95bff5c-3bb5-48af-a74d-3ff067478ced","key":"106babf8-51f9-4d13-8fea-461c5f456b4a","dataSize":"12","replicationType":"RATIS","replicationFactor":"ONE","Transaction":"548"} | ret=SUCCESS |  
2025-10-20 19:51:26,104 | INFO  | OMAudit | user=runner | ip=127.0.0.1 | op=COMMIT_KEY {"volume":"c4f4d144-b251-4d38-9d2c-9dad4e02fc72","bucket":"b95bff5c-3bb5-48af-a74d-3ff067478ced","key":"106babf8-51f9-4d13-8fea-461c5f456b4a","dataSize":"12","replicationType":"RATIS","replicationFactor":"ONE","Transaction":"549"} | ret=SUCCESS |  
2025-10-20 19:51:26,106 | INFO  | OMAudit | user=runner | ip=127.0.0.1 | op=READ_VOLUME {"volume":"c4f4d144-b251-4d38-9d2c-9dad4e02fc72"} | ret=SUCCESS |  
2025-10-20 19:51:26,107 | INFO  | OMAudit | user=runner | ip=127.0.0.1 | op=READ_BUCKET {"volume":"c4f4d144-b251-4d38-9d2c-9dad4e02fc72","bucket":"b95bff5c-3bb5-48af-a74d-3ff067478ced"} | ret=SUCCESS |  
2025-10-20 19:51:26,148 [om1-KeyDeletingService#8] INFO  service.KeyDeletingService (KeyDeletingService.java:processKeyDeletes(151)) - Send 1 key(s) to SCM, first 1 keys: [PurgedKey{blockGroup=BlockGroup[groupID='/c4f4d144-b251-4d38-9d2c-9dad4e02fc72/b95bff5c-3bb5-48af-a74d-3ff067478ced/106babf8-51f9-4d13-8fea-461c5f456b4a/-9223372036854635264/0', blockIDs=[conID: 11 locID: 115816896921600166 bcsId: 0 replicaIndex: null]], volume='c4f4d144-b251-4d38-9d2c-9dad4e02fc72', bucket='b95bff5c-3bb5-48af-a74d-3ff067478ced', bucketId=-9223372036854636288, purgedBytes=12, isCommittedKey=true, deleteKeyName='/c4f4d144-b251-4d38-9d2c-9dad4e02fc72/b95bff5c-3bb5-48af-a74d-3ff067478ced/106babf8-51f9-4d13-8fea-461c5f456b4a/-9223372036854635264'}]
2025-10-20 19:51:26,150 | INFO  | SCMAudit | user=runner | ip=127.0.0.1 | op=DELETE_KEY_BLOCK {"KeyBlockToDelete":"[BlockGroup[groupID='/c4f4d144-b251-4d38-9d2c-9dad4e02fc72/b95bff5c-3bb5-48af-a74d-3ff067478ced/106babf8-51f9-4d13-8fea-461c5f456b4a/-9223372036854635264/0', blockIDs=[conID: 11 locID: 115816896921600166 bcsId: 0 replicaIndex: null]]]"} | ret=SUCCESS |  
2025-10-20 19:51:26,150 [om1-KeyDeletingService#8] INFO  service.KeyDeletingService (KeyDeletingService.java:processKeyDeletes(158)) - 1 BlockGroup deletion are acked by SCM in 3 ms
2025-10-20 19:51:26,152 [om1-KeyDeletingService#8] INFO  service.KeyDeletingService (KeyDeletingService.java:processKeyDeletes(166)) - Blocks for 1 (out of 1) keys are deleted from DB in 1 ms. Limit per task is 50000.
2025-10-20 19:51:26,173 | INFO  | SCMAudit | user=runner | ip=127.0.0.1 | op=SEND_HEARTBEAT {"datanodeUUID":"ef67b0a7-5b27-496d-9f38-ab804a28e500","term":"2","command":"[]"} | ret=SUCCESS |  
2025-10-20 19:51:26,174 | INFO  | SCMAudit | user=runner | ip=127.0.0.1 | op=SEND_HEARTBEAT {"datanodeUUID":"7bb0e7f0-2b36-4ec0-8a09-ceac75d91a36","term":"2","command":"[]"} | ret=SUCCESS |  
2025-10-20 19:51:26,176 [om1-OMStateMachineApplyTransactionThread - 0] INFO  audit.AuditLogger (AuditLogger.java:refreshDebugCmdSet(133)) - Refresh DebugCmdSet for OMSystemAudit to [].
2025-10-20 19:51:26,178 [pool-66-thread-13] INFO  service.DirectoryDeletingService (DirectoryDeletingService.java:optimizeDirDeletesAndSubmitRequest(313)) - Number of dirs deleted: 2, Number of sub-dir deleted: 0, Number of sub-files moved: 0 to DeletedTable, Number of sub-dirs moved 0 to DeletedDirectoryTable, iteration elapsed: 30ms,  totalRunCount: 93
2025-10-20 19:51:26,260 | INFO  | SCMAudit | user=runner | ip=127.0.0.1 | op=SEND_HEARTBEAT {"datanodeUUID":"af0e5da1-57af-45e9-9aca-fa0798d05628","term":"2","command":"[]"} | ret=SUCCESS |  
2025-10-20 19:51:26,443 | INFO  | SCMAudit | user=runner | ip=127.0.0.1 | op=SEND_HEARTBEAT {"datanodeUUID":"b614738c-cdff-4f09-bf59-ed5bb75d51be","term":"2","command":"[]"} | ret=SUCCESS |  
2025-10-20 19:51:26,443 | INFO  | SCMAudit | user=runner | ip=127.0.0.1 | op=SEND_HEARTBEAT {"datanodeUUID":"361055de-215b-4c6c-94c2-be1c1da118d1","term":"2","command":"[]"} | ret=SUCCESS |  
2025-10-20 19:51:26,444 | INFO  | SCMAudit | user=runner | ip=127.0.0.1 | op=SEND_HEARTBEAT {"datanodeUUID":"38991c48-ffb3-4453-b758-77d6b4ebc62b","term":"2","command":"[]"} | ret=SUCCESS |  
2025-10-20 19:51:26,452 | INFO  | SCMAudit | user=runner | ip=127.0.0.1 | op=SEND_HEARTBEAT {"datanodeUUID":"c90bff1f-5a1f-42c6-8fca-9533d718c79a","term":"2","command":"[]"} | ret=SUCCESS |  
2025-10-20 19:51:26,646 | INFO  | SCMAudit | user=runner | ip=127.0.0.1 | op=SEND_HEARTBEAT {"datanodeUUID":"4f2bb3f5-0e03-4f1b-bb4c-79c91b98c7da","term":"2","command":"[]"} | ret=SUCCESS |  
2025-10-20 19:51:26,647 | INFO  | SCMAudit | user=runner | ip=127.0.0.1 | op=SEND_HEARTBEAT {"datanodeUUID":"cc7fbe85-1d98-437b-84f9-04213fee10f0","term":"2","command":"[]"} | ret=SUCCESS |  
2025-10-20 19:51:26,648 | INFO  | SCMAudit | user=runner | ip=127.0.0.1 | op=SEND_HEARTBEAT {"datanodeUUID":"605be85e-a7f4-44d7-8cfd-f53001b990b0","term":"2","command":"[]"} | ret=SUCCESS |  
2025-10-20 19:51:26,724 | INFO  | SCMAudit | user=runner | ip=127.0.0.1 | op=SEND_HEARTBEAT {"datanodeUUID":"feb39a1c-80cb-4714-ab06-a361236e3029","term":"2","command":"[]"} | ret=SUCCESS |  
2025-10-20 19:51:26,738 | INFO  | SCMAudit | user=runner | ip=127.0.0.1 | op=SEND_HEARTBEAT {"datanodeUUID":"e05592a5-d00f-4fc1-9e39-a968c1ecb04e","term":"2","command":"[]"} | ret=SUCCESS |  
2025-10-20 19:51:26,741 | INFO  | SCMAudit | user=runner | ip=127.0.0.1 | op=SEND_HEARTBEAT {"datanodeUUID":"33f74daf-be7a-4306-b2af-53e409c4cb93","term":"2","command":"[]"} | ret=SUCCESS |  
2025-10-20 19:51:26,843 | INFO  | SCMAudit | user=runner | ip=127.0.0.1 | op=SEND_HEARTBEAT {"datanodeUUID":"d7d8cf72-b9f6-4979-9c53-007dd6e6e48a","term":"2","command":"[]"} | ret=SUCCESS |  
2025-10-20 19:51:27,108 | INFO  | OMAudit | user=runner | ip=127.0.0.1 | op=READ_VOLUME {"volume":"c4f4d144-b251-4d38-9d2c-9dad4e02fc72"} | ret=SUCCESS |  
2025-10-20 19:51:27,109 | INFO  | OMAudit | user=runner | ip=127.0.0.1 | op=READ_BUCKET {"volume":"c4f4d144-b251-4d38-9d2c-9dad4e02fc72","bucket":"b95bff5c-3bb5-48af-a74d-3ff067478ced"} | ret=SUCCESS |  
2025-10-20 19:51:27,110 | INFO  | OMAudit | user=runner | ip=127.0.0.1 | op=READ_BUCKET {"volume":"c4f4d144-b251-4d38-9d2c-9dad4e02fc72","bucket":"b95bff5c-3bb5-48af-a74d-3ff067478ced"} | ret=SUCCESS |  
2025-10-20 19:51:27,111 | INFO  | SCMAudit | user=runner | ip=127.0.0.1 | op=ALLOCATE_BLOCK {"replication":"RATIS/ONE","owner":"omServiceIdDefault","size":"4194304","sampleBlocks":"[conID: 6 locID: 115816896921600168]","num":"1","client":"","allocated":"1"} | ret=SUCCESS |  
2025-10-20 19:51:27,113 | INFO  | OMAudit | user=runner | ip=127.0.0.1 | op=ALLOCATE_KEY {"volume":"c4f4d144-b251-4d38-9d2c-9dad4e02fc72","bucket":"b95bff5c-3bb5-48af-a74d-3ff067478ced","key":"bfd9b1e8-12d7-48be-8268-2b23621e9665","dataSize":"12","replicationType":"RATIS","replicationFactor":"ONE","Transaction":"552"} | ret=SUCCESS |  
2025-10-20 19:51:27,120 | INFO  | OMAudit | user=runner | ip=127.0.0.1 | op=COMMIT_KEY {"volume":"c4f4d144-b251-4d38-9d2c-9dad4e02fc72","bucket":"b95bff5c-3bb5-48af-a74d-3ff067478ced","key":"bfd9b1e8-12d7-48be-8268-2b23621e9665","dataSize":"12","replicationType":"RATIS","replicationFactor":"ONE","Transaction":"553"} | ret=SUCCESS |  
2025-10-20 19:51:27,121 | INFO  | OMAudit | user=runner | ip=127.0.0.1 | op=READ_VOLUME {"volume":"c4f4d144-b251-4d38-9d2c-9dad4e02fc72"} | ret=SUCCESS |  
2025-10-20 19:51:27,122 | INFO  | OMAudit | user=runner | ip=127.0.0.1 | op=READ_BUCKET {"volume":"c4f4d144-b251-4d38-9d2c-9dad4e02fc72","bucket":"b95bff5c-3bb5-48af-a74d-3ff067478ced"} | ret=SUCCESS |  
2025-10-20 19:51:27,124 | INFO  | OMAudit | user=runner | ip=127.0.0.1 | op=DELETE_KEY {"volume":"c4f4d144-b251-4d38-9d2c-9dad4e02fc72","bucket":"b95bff5c-3bb5-48af-a74d-3ff067478ced","key":"106babf8-51f9-4d13-8fea-461c5f456b4a","dataSize":"12","replicationConfig":"RATIS/ONE","Transaction":"554"} | ret=SUCCESS |  
2025-10-20 19:51:27,125 | INFO  | OMAudit | user=runner | ip=127.0.0.1 | op=READ_VOLUME {"volume":"c4f4d144-b251-4d38-9d2c-9dad4e02fc72"} | ret=SUCCESS |  
2025-10-20 19:51:27,126 | INFO  | OMAudit | user=runner | ip=127.0.0.1 | op=READ_BUCKET {"volume":"c4f4d144-b251-4d38-9d2c-9dad4e02fc72","bucket":"b95bff5c-3bb5-48af-a74d-3ff067478ced"} | ret=SUCCESS |  
2025-10-20 19:51:27,148 [om1-KeyDeletingService#3] INFO  service.KeyDeletingService (KeyDeletingService.java:processKeyDeletes(151)) - Send 1 key(s) to SCM, first 1 keys: [PurgedKey{blockGroup=BlockGroup[groupID='/c4f4d144-b251-4d38-9d2c-9dad4e02fc72/b95bff5c-3bb5-48af-a74d-3ff067478ced/106babf8-51f9-4d13-8fea-461c5f456b4a/-9223372036854636031/0', blockIDs=[conID: 7 locID: 115816896921600167 bcsId: 0 replicaIndex: null]], volume='c4f4d144-b251-4d38-9d2c-9dad4e02fc72', bucket='b95bff5c-3bb5-48af-a74d-3ff067478ced', bucketId=-9223372036854636288, purgedBytes=12, isCommittedKey=true, deleteKeyName='/c4f4d144-b251-4d38-9d2c-9dad4e02fc72/b95bff5c-3bb5-48af-a74d-3ff067478ced/106babf8-51f9-4d13-8fea-461c5f456b4a/-9223372036854636031'}]
2025-10-20 19:51:27,150 | INFO  | SCMAudit | user=runner | ip=127.0.0.1 | op=DELETE_KEY_BLOCK {"KeyBlockToDelete":"[BlockGroup[groupID='/c4f4d144-b251-4d38-9d2c-9dad4e02fc72/b95bff5c-3bb5-48af-a74d-3ff067478ced/106babf8-51f9-4d13-8fea-461c5f456b4a/-9223372036854636031/0', blockIDs=[conID: 7 locID: 115816896921600167 bcsId: 0 replicaIndex: null]]]"} | ret=SUCCESS |  
2025-10-20 19:51:27,150 [om1-KeyDeletingService#3] INFO  service.KeyDeletingService (KeyDeletingService.java:processKeyDeletes(158)) - 1 BlockGroup deletion are acked by SCM in 3 ms
2025-10-20 19:51:27,152 [om1-KeyDeletingService#3] INFO  service.KeyDeletingService (KeyDeletingService.java:processKeyDeletes(166)) - Blocks for 1 (out of 1) keys are deleted from DB in 1 ms. Limit per task is 50000.
2025-10-20 19:51:27,173 | INFO  | SCMAudit | user=runner | ip=127.0.0.1 | op=SEND_HEARTBEAT {"datanodeUUID":"ef67b0a7-5b27-496d-9f38-ab804a28e500","term":"2","command":"[]"} | ret=SUCCESS |  
2025-10-20 19:51:27,174 | INFO  | SCMAudit | user=runner | ip=127.0.0.1 | op=SEND_HEARTBEAT {"datanodeUUID":"7bb0e7f0-2b36-4ec0-8a09-ceac75d91a36","term":"2","command":"[]"} | ret=SUCCESS |  
2025-10-20 19:51:27,261 | INFO  | SCMAudit | user=runner | ip=127.0.0.1 | op=SEND_HEARTBEAT {"datanodeUUID":"af0e5da1-57af-45e9-9aca-fa0798d05628","term":"2","command":"[]"} | ret=SUCCESS |  
2025-10-20 19:51:27,443 | INFO  | SCMAudit | user=runner | ip=127.0.0.1 | op=SEND_HEARTBEAT {"datanodeUUID":"b614738c-cdff-4f09-bf59-ed5bb75d51be","term":"2","command":"[]"} | ret=SUCCESS |  
2025-10-20 19:51:27,443 | INFO  | SCMAudit | user=runner | ip=127.0.0.1 | op=SEND_HEARTBEAT {"datanodeUUID":"361055de-215b-4c6c-94c2-be1c1da118d1","term":"2","command":"[]"} | ret=SUCCESS |  
2025-10-20 19:51:27,444 | INFO  | SCMAudit | user=runner | ip=127.0.0.1 | op=SEND_HEARTBEAT {"datanodeUUID":"38991c48-ffb3-4453-b758-77d6b4ebc62b","term":"2","command":"[]"} | ret=SUCCESS |  
2025-10-20 19:51:27,452 | INFO  | SCMAudit | user=runner | ip=127.0.0.1 | op=SEND_HEARTBEAT {"datanodeUUID":"c90bff1f-5a1f-42c6-8fca-9533d718c79a","term":"2","command":"[]"} | ret=SUCCESS |  
2025-10-20 19:51:27,646 | INFO  | SCMAudit | user=runner | ip=127.0.0.1 | op=SEND_HEARTBEAT {"datanodeUUID":"4f2bb3f5-0e03-4f1b-bb4c-79c91b98c7da","term":"2","command":"[]"} | ret=SUCCESS |  
2025-10-20 19:51:27,647 | INFO  | SCMAudit | user=runner | ip=127.0.0.1 | op=SEND_HEARTBEAT {"datanodeUUID":"cc7fbe85-1d98-437b-84f9-04213fee10f0","term":"2","command":"[]"} | ret=SUCCESS |  
2025-10-20 19:51:27,648 | INFO  | SCMAudit | user=runner | ip=127.0.0.1 | op=SEND_HEARTBEAT {"datanodeUUID":"605be85e-a7f4-44d7-8cfd-f53001b990b0","term":"2","command":"[]"} | ret=SUCCESS |  
2025-10-20 19:51:27,724 | INFO  | SCMAudit | user=runner | ip=127.0.0.1 | op=SEND_HEARTBEAT {"datanodeUUID":"feb39a1c-80cb-4714-ab06-a361236e3029","term":"2","command":"[]"} | ret=SUCCESS |  
2025-10-20 19:51:27,738 | INFO  | SCMAudit | user=runner | ip=127.0.0.1 | op=SEND_HEARTBEAT {"datanodeUUID":"e05592a5-d00f-4fc1-9e39-a968c1ecb04e","term":"2","command":"[]"} | ret=SUCCESS |  
2025-10-20 19:51:27,741 | INFO  | SCMAudit | user=runner | ip=127.0.0.1 | op=SEND_HEARTBEAT {"datanodeUUID":"33f74daf-be7a-4306-b2af-53e409c4cb93","term":"2","command":"[]"} | ret=SUCCESS |  
2025-10-20 19:51:27,843 | INFO  | SCMAudit | user=runner | ip=127.0.0.1 | op=SEND_HEARTBEAT {"datanodeUUID":"d7d8cf72-b9f6-4979-9c53-007dd6e6e48a","term":"2","command":"[]"} | ret=SUCCESS |  
2025-10-20 19:51:28,127 | INFO  | OMAudit | user=runner | ip=127.0.0.1 | op=READ_VOLUME {"volume":"c4f4d144-b251-4d38-9d2c-9dad4e02fc72"} | ret=SUCCESS |  
2025-10-20 19:51:28,128 | INFO  | OMAudit | user=runner | ip=127.0.0.1 | op=READ_BUCKET {"volume":"c4f4d144-b251-4d38-9d2c-9dad4e02fc72","bucket":"b95bff5c-3bb5-48af-a74d-3ff067478ced"} | ret=SUCCESS |  
2025-10-20 19:51:28,131 | INFO  | OMAudit | user=runner | ip=127.0.0.1 | op=DELETE_KEY {"volume":"c4f4d144-b251-4d38-9d2c-9dad4e02fc72","bucket":"b95bff5c-3bb5-48af-a74d-3ff067478ced","key":"bfd9b1e8-12d7-48be-8268-2b23621e9665","dataSize":"12","replicationConfig":"RATIS/ONE","Transaction":"556"} | ret=SUCCESS |  
2025-10-20 19:51:28,133 | INFO  | OMAudit | user=runner | ip=127.0.0.1 | op=READ_VOLUME {"volume":"c4f4d144-b251-4d38-9d2c-9dad4e02fc72"} | ret=SUCCESS |  
2025-10-20 19:51:28,134 | INFO  | OMAudit | user=runner | ip=127.0.0.1 | op=READ_BUCKET {"volume":"c4f4d144-b251-4d38-9d2c-9dad4e02fc72","bucket":"b95bff5c-3bb5-48af-a74d-3ff067478ced"} | ret=SUCCESS |  
2025-10-20 19:51:28,148 [om1-KeyDeletingService#9] INFO  service.KeyDeletingService (KeyDeletingService.java:processKeyDeletes(151)) - Send 1 key(s) to SCM, first 1 keys: [PurgedKey{blockGroup=BlockGroup[groupID='/c4f4d144-b251-4d38-9d2c-9dad4e02fc72/b95bff5c-3bb5-48af-a74d-3ff067478ced/bfd9b1e8-12d7-48be-8268-2b23621e9665/-9223372036854634495/0', blockIDs=[conID: 6 locID: 115816896921600168 bcsId: 0 replicaIndex: null]], volume='c4f4d144-b251-4d38-9d2c-9dad4e02fc72', bucket='b95bff5c-3bb5-48af-a74d-3ff067478ced', bucketId=-9223372036854636288, purgedBytes=12, isCommittedKey=true, deleteKeyName='/c4f4d144-b251-4d38-9d2c-9dad4e02fc72/b95bff5c-3bb5-48af-a74d-3ff067478ced/bfd9b1e8-12d7-48be-8268-2b23621e9665/-9223372036854634495'}]
2025-10-20 19:51:28,150 | INFO  | SCMAudit | user=runner | ip=127.0.0.1 | op=DELETE_KEY_BLOCK {"KeyBlockToDelete":"[BlockGroup[groupID='/c4f4d144-b251-4d38-9d2c-9dad4e02fc72/b95bff5c-3bb5-48af-a74d-3ff067478ced/bfd9b1e8-12d7-48be-8268-2b23621e9665/-9223372036854634495/0', blockIDs=[conID: 6 locID: 115816896921600168 bcsId: 0 replicaIndex: null]]]"} | ret=SUCCESS |  
2025-10-20 19:51:28,150 [om1-KeyDeletingService#9] INFO  service.KeyDeletingService (KeyDeletingService.java:processKeyDeletes(158)) - 1 BlockGroup deletion are acked by SCM in 2 ms
2025-10-20 19:51:28,152 [om1-KeyDeletingService#9] INFO  service.KeyDeletingService (KeyDeletingService.java:processKeyDeletes(166)) - Blocks for 1 (out of 1) keys are deleted from DB in 1 ms. Limit per task is 50000.
2025-10-20 19:51:28,173 | INFO  | SCMAudit | user=runner | ip=127.0.0.1 | op=SEND_HEARTBEAT {"datanodeUUID":"ef67b0a7-5b27-496d-9f38-ab804a28e500","term":"2","command":"[]"} | ret=SUCCESS |  
2025-10-20 19:51:28,174 | INFO  | SCMAudit | user=runner | ip=127.0.0.1 | op=SEND_HEARTBEAT {"datanodeUUID":"7bb0e7f0-2b36-4ec0-8a09-ceac75d91a36","term":"2","command":"[]"} | ret=SUCCESS |  
2025-10-20 19:51:28,262 | INFO  | SCMAudit | user=runner | ip=127.0.0.1 | op=SEND_HEARTBEAT {"datanodeUUID":"af0e5da1-57af-45e9-9aca-fa0798d05628","term":"2","command":"[]"} | ret=SUCCESS |  
2025-10-20 19:51:28,442 | INFO  | SCMAudit | user=runner | ip=127.0.0.1 | op=SEND_HEARTBEAT {"datanodeUUID":"b614738c-cdff-4f09-bf59-ed5bb75d51be","term":"2","command":"[]"} | ret=SUCCESS |  
2025-10-20 19:51:28,443 | INFO  | SCMAudit | user=runner | ip=127.0.0.1 | op=SEND_HEARTBEAT {"datanodeUUID":"361055de-215b-4c6c-94c2-be1c1da118d1","term":"2","command":"[]"} | ret=SUCCESS |  
2025-10-20 19:51:28,444 | INFO  | SCMAudit | user=runner | ip=127.0.0.1 | op=SEND_HEARTBEAT {"datanodeUUID":"38991c48-ffb3-4453-b758-77d6b4ebc62b","term":"2","command":"[]"} | ret=SUCCESS |  
2025-10-20 19:51:28,452 | INFO  | SCMAudit | user=runner | ip=127.0.0.1 | op=SEND_HEARTBEAT {"datanodeUUID":"c90bff1f-5a1f-42c6-8fca-9533d718c79a","term":"2","command":"[]"} | ret=SUCCESS |  
2025-10-20 19:51:28,646 | INFO  | SCMAudit | user=runner | ip=127.0.0.1 | op=SEND_HEARTBEAT {"datanodeUUID":"4f2bb3f5-0e03-4f1b-bb4c-79c91b98c7da","term":"2","command":"[]"} | ret=SUCCESS |  
2025-10-20 19:51:28,647 | INFO  | SCMAudit | user=runner | ip=127.0.0.1 | op=SEND_HEARTBEAT {"datanodeUUID":"cc7fbe85-1d98-437b-84f9-04213fee10f0","term":"2","command":"[]"} | ret=SUCCESS |  
2025-10-20 19:51:28,648 | INFO  | SCMAudit | user=runner | ip=127.0.0.1 | op=SEND_HEARTBEAT {"datanodeUUID":"605be85e-a7f4-44d7-8cfd-f53001b990b0","term":"2","command":"[]"} | ret=SUCCESS |  
2025-10-20 19:51:28,724 | INFO  | SCMAudit | user=runner | ip=127.0.0.1 | op=SEND_HEARTBEAT {"datanodeUUID":"feb39a1c-80cb-4714-ab06-a361236e3029","term":"2","command":"[]"} | ret=SUCCESS |  
2025-10-20 19:51:28,738 | INFO  | SCMAudit | user=runner | ip=127.0.0.1 | op=SEND_HEARTBEAT {"datanodeUUID":"e05592a5-d00f-4fc1-9e39-a968c1ecb04e","term":"2","command":"[]"} | ret=SUCCESS |  
2025-10-20 19:51:28,741 | INFO  | SCMAudit | user=runner | ip=127.0.0.1 | op=SEND_HEARTBEAT {"datanodeUUID":"33f74daf-be7a-4306-b2af-53e409c4cb93","term":"2","command":"[]"} | ret=SUCCESS |  
2025-10-20 19:51:28,843 | INFO  | SCMAudit | user=runner | ip=127.0.0.1 | op=SEND_HEARTBEAT {"datanodeUUID":"d7d8cf72-b9f6-4979-9c53-007dd6e6e48a","term":"2","command":"[]"} | ret=SUCCESS |  
2025-10-20 19:51:29,135 | INFO  | OMAudit | user=runner | ip=127.0.0.1 | op=READ_VOLUME {"volume":"c4f4d144-b251-4d38-9d2c-9dad4e02fc72"} | ret=SUCCESS |  
2025-10-20 19:51:29,136 | INFO  | OMAudit | user=runner | ip=127.0.0.1 | op=READ_BUCKET {"volume":"c4f4d144-b251-4d38-9d2c-9dad4e02fc72","bucket":"b95bff5c-3bb5-48af-a74d-3ff067478ced"} | ret=SUCCESS |  
2025-10-20 19:51:29,139 | INFO  | OMAudit | user=runner | ip=127.0.0.1 | op=GET_SERVICE_LIST {} | ret=SUCCESS |  
2025-10-20 19:51:29,142 | INFO  | OMAudit | user=runner | ip=127.0.0.1 | op=CREATE_DIRECTORY {"volume":"c4f4d144-b251-4d38-9d2c-9dad4e02fc72","bucket":"b95bff5c-3bb5-48af-a74d-3ff067478ced","key":"55605c24-d278-416d-bda9-256107dcb13b","dataSize":"0","Transaction":"558"} | ret=SUCCESS |  
2025-10-20 19:51:29,143 | INFO  | OMAudit | user=runner | ip=127.0.0.1 | op=READ_VOLUME {"volume":"c4f4d144-b251-4d38-9d2c-9dad4e02fc72"} | ret=SUCCESS |  
2025-10-20 19:51:29,144 | INFO  | OMAudit | user=runner | ip=127.0.0.1 | op=READ_BUCKET {"volume":"c4f4d144-b251-4d38-9d2c-9dad4e02fc72","bucket":"b95bff5c-3bb5-48af-a74d-3ff067478ced"} | ret=SUCCESS |  
2025-10-20 19:51:29,146 | INFO  | OMAudit | user=runner | ip=127.0.0.1 | op=CREATE_DIRECTORY {"volume":"c4f4d144-b251-4d38-9d2c-9dad4e02fc72","bucket":"b95bff5c-3bb5-48af-a74d-3ff067478ced","key":"b64843aa-2ad2-4afd-adb8-126ebb9536fc","dataSize":"0","Transaction":"559"} | ret=SUCCESS |  
2025-10-20 19:51:29,147 | INFO  | OMAudit | user=runner | ip=127.0.0.1 | op=READ_VOLUME {"volume":"c4f4d144-b251-4d38-9d2c-9dad4e02fc72"} | ret=SUCCESS |  
2025-10-20 19:51:29,148 | INFO  | OMAudit | user=runner | ip=127.0.0.1 | op=READ_BUCKET {"volume":"c4f4d144-b251-4d38-9d2c-9dad4e02fc72","bucket":"b95bff5c-3bb5-48af-a74d-3ff067478ced"} | ret=SUCCESS |  
2025-10-20 19:51:29,151 | INFO  | OMAudit | user=runner | ip=127.0.0.1 | op=DELETE_KEY {"volume":"c4f4d144-b251-4d38-9d2c-9dad4e02fc72","bucket":"b95bff5c-3bb5-48af-a74d-3ff067478ced","key":"55605c24-d278-416d-bda9-256107dcb13b","Transaction":"560"} | ret=SUCCESS |  
2025-10-20 19:51:29,152 | INFO  | OMAudit | user=runner | ip=127.0.0.1 | op=READ_VOLUME {"volume":"c4f4d144-b251-4d38-9d2c-9dad4e02fc72"} | ret=SUCCESS |  
2025-10-20 19:51:29,153 | INFO  | OMAudit | user=runner | ip=127.0.0.1 | op=READ_BUCKET {"volume":"c4f4d144-b251-4d38-9d2c-9dad4e02fc72","bucket":"b95bff5c-3bb5-48af-a74d-3ff067478ced"} | ret=SUCCESS |  
2025-10-20 19:51:29,156 | INFO  | OMAudit | user=runner | ip=127.0.0.1 | op=DELETE_KEY {"volume":"c4f4d144-b251-4d38-9d2c-9dad4e02fc72","bucket":"b95bff5c-3bb5-48af-a74d-3ff067478ced","key":"b64843aa-2ad2-4afd-adb8-126ebb9536fc","Transaction":"561"} | ret=SUCCESS |  
2025-10-20 19:51:29,157 | INFO  | OMAudit | user=runner | ip=127.0.0.1 | op=READ_VOLUME {"volume":"c4f4d144-b251-4d38-9d2c-9dad4e02fc72"} | ret=SUCCESS |  
2025-10-20 19:51:29,158 | INFO  | OMAudit | user=runner | ip=127.0.0.1 | op=READ_BUCKET {"volume":"c4f4d144-b251-4d38-9d2c-9dad4e02fc72","bucket":"b95bff5c-3bb5-48af-a74d-3ff067478ced"} | ret=SUCCESS |  
2025-10-20 19:51:29,160 | INFO  | OMAudit | user=runner | ip=127.0.0.1 | op=CREATE_DIRECTORY {"volume":"c4f4d144-b251-4d38-9d2c-9dad4e02fc72","bucket":"b95bff5c-3bb5-48af-a74d-3ff067478ced","key":"dir1/dir2/dir3/dir4","dataSize":"0","Transaction":"562"} | ret=SUCCESS |  
2025-10-20 19:51:29,161 | INFO  | OMAudit | user=runner | ip=127.0.0.1 | op=READ_VOLUME {"volume":"c4f4d144-b251-4d38-9d2c-9dad4e02fc72"} | ret=SUCCESS |  
2025-10-20 19:51:29,162 | INFO  | OMAudit | user=runner | ip=127.0.0.1 | op=READ_BUCKET {"volume":"c4f4d144-b251-4d38-9d2c-9dad4e02fc72","bucket":"b95bff5c-3bb5-48af-a74d-3ff067478ced"} | ret=SUCCESS |  
]]></system-out>
  </testcase>
  <testcase name="testCheckUsedBytesQuota" classname="org.apache.hadoop.ozone.client.rpc.TestSecureOzoneRpcClient" time="0.568">
    <system-out><![CDATA[2025-10-20 19:51:29,164 [ForkJoinPool-1-worker-1] INFO  rpc.RpcClient (RpcClient.java:createVolume(461)) - Creating Volume: 9c9f2200-df10-445e-a97d-7d5abb84286f, with runner as owner and space quota set to -1 bytes, counts quota set to -1
2025-10-20 19:51:29,166 [om1-OMStateMachineApplyTransactionThread - 0] INFO  volume.OMVolumeCreateRequest (OMVolumeCreateRequest.java:validateAndUpdateCache(213)) - created volume:9c9f2200-df10-445e-a97d-7d5abb84286f for user:runner
2025-10-20 19:51:29,166 | INFO  | OMAudit | user=runner | ip=127.0.0.1 | op=CREATE_VOLUME {"admin":"runner","owner":"runner","volume":"9c9f2200-df10-445e-a97d-7d5abb84286f","creationTime":"1760989889165","modificationTime":"1760989889165","quotaInBytes":"-1","quotaInNamespace":"-1","usedNamespace":"0","objectID":"-9223372036854631680","updateID":"563","Transaction":"563"} | ret=SUCCESS |  
2025-10-20 19:51:29,167 | INFO  | OMAudit | user=runner | ip=127.0.0.1 | op=READ_VOLUME {"volume":"9c9f2200-df10-445e-a97d-7d5abb84286f"} | ret=SUCCESS |  
2025-10-20 19:51:29,167 [ForkJoinPool-1-worker-1] INFO  rpc.RpcClient (RpcClient.java:createBucket(686)) - Creating Bucket: 9c9f2200-df10-445e-a97d-7d5abb84286f/07a5d1ba-318a-4c6d-8786-2b661809e39c, with server-side default bucket layout, runner as owner, Versioning false, Storage Type set to DISK and Encryption set to false, Replication Type set to server-side default replication type, Namespace Quota set to -1, Space Quota set to -1 
2025-10-20 19:51:29,169 [om1-OMStateMachineApplyTransactionThread - 0] INFO  bucket.OMBucketCreateRequest (OMBucketCreateRequest.java:validateAndUpdateCache(303)) - created bucket: 07a5d1ba-318a-4c6d-8786-2b661809e39c of layout FILE_SYSTEM_OPTIMIZED in volume: 9c9f2200-df10-445e-a97d-7d5abb84286f
2025-10-20 19:51:29,169 | INFO  | OMAudit | user=runner | ip=127.0.0.1 | op=CREATE_BUCKET {"volume":"9c9f2200-df10-445e-a97d-7d5abb84286f","bucket":"07a5d1ba-318a-4c6d-8786-2b661809e39c","bucketLayout":"FILE_SYSTEM_OPTIMIZED","gdprEnabled":null,"acls":"[user:runner:a[ACCESS], group:runner:rl[ACCESS]]","isVersionEnabled":"false","storageType":"DISK","creationTime":"1760989889168","bucketEncryptionKey":null,"modificationTime":"1760989889168","usedBytes":"0","usedNamespace":"0","snapshotUsedBytes":"0","snapshotUsedNamespace":"0","owner":"runner","replicationType":null,"replicationConfig":null,"quotaInBytes":"-1","quotaInNamespace":"-1","Transaction":"564"} | ret=SUCCESS |  
2025-10-20 19:51:29,170 | INFO  | OMAudit | user=runner | ip=127.0.0.1 | op=READ_BUCKET {"volume":"9c9f2200-df10-445e-a97d-7d5abb84286f","bucket":"07a5d1ba-318a-4c6d-8786-2b661809e39c"} | ret=SUCCESS |  
2025-10-20 19:51:29,171 | INFO  | OMAudit | user=runner | ip=127.0.0.1 | op=READ_BUCKET {"volume":"9c9f2200-df10-445e-a97d-7d5abb84286f","bucket":"07a5d1ba-318a-4c6d-8786-2b661809e39c"} | ret=SUCCESS |  
2025-10-20 19:51:29,172 | INFO  | OMAudit | user=runner | ip=127.0.0.1 | op=UPDATE_BUCKET {"volume":"9c9f2200-df10-445e-a97d-7d5abb84286f","bucket":"07a5d1ba-318a-4c6d-8786-2b661809e39c","gdprEnabled":null,"isVersionEnabled":"null","quotaInBytes":"1","quotaInNamespace":"100","Transaction":"565"} | ret=SUCCESS |  
2025-10-20 19:51:29,173 | INFO  | SCMAudit | user=runner | ip=127.0.0.1 | op=SEND_HEARTBEAT {"datanodeUUID":"ef67b0a7-5b27-496d-9f38-ab804a28e500","term":"2","command":"[]"} | ret=SUCCESS |  
2025-10-20 19:51:29,174 | INFO  | OMAudit | user=runner | ip=127.0.0.1 | op=READ_VOLUME {"volume":"9c9f2200-df10-445e-a97d-7d5abb84286f"} | ret=SUCCESS |  
2025-10-20 19:51:29,174 | INFO  | SCMAudit | user=runner | ip=127.0.0.1 | op=SEND_HEARTBEAT {"datanodeUUID":"7bb0e7f0-2b36-4ec0-8a09-ceac75d91a36","term":"2","command":"[]"} | ret=SUCCESS |  
2025-10-20 19:51:29,174 | INFO  | OMAudit | user=runner | ip=127.0.0.1 | op=READ_VOLUME {"volume":"9c9f2200-df10-445e-a97d-7d5abb84286f"} | ret=SUCCESS |  
2025-10-20 19:51:29,180 | INFO  | OMAudit | user=runner | ip=127.0.0.1 | op=SET_QUOTA {"volume":"9c9f2200-df10-445e-a97d-7d5abb84286f","quotaInBytes":"9223372036854775807","Transaction":"566"} | ret=SUCCESS |  
2025-10-20 19:51:29,183 | INFO  | OMAudit | user=runner | ip=127.0.0.1 | op=READ_BUCKET {"volume":"9c9f2200-df10-445e-a97d-7d5abb84286f","bucket":"07a5d1ba-318a-4c6d-8786-2b661809e39c"} | ret=SUCCESS |  
2025-10-20 19:51:29,183 | INFO  | SCMAudit | user=runner | ip=127.0.0.1 | op=ALLOCATE_BLOCK {"replication":"RATIS/ONE","owner":"omServiceIdDefault","size":"4194304","sampleBlocks":"[conID: 3 locID: 115816896921600169]","num":"1","client":"","allocated":"1"} | ret=SUCCESS |  
2025-10-20 19:51:29,186 [om1-OMStateMachineApplyTransactionThread - 0] ERROR key.OMKeyCreateRequest (OMKeyCreateRequest.java:logResult(400)) - Key creation failed. Volume:9c9f2200-df10-445e-a97d-7d5abb84286f, Bucket:07a5d1ba-318a-4c6d-8786-2b661809e39c, Key:6ef54336-7cc3-4999-8541-8aca14a9574e. 
QUOTA_EXCEEDED org.apache.hadoop.ozone.om.exceptions.OMException: The DiskSpace quota of bucket:07a5d1ba-318a-4c6d-8786-2b661809e39c exceeded quotaInBytes: 1 Bytes but diskspace consumed: 4194304 Bytes.
	at org.apache.hadoop.ozone.om.request.key.OMKeyRequest.checkBucketQuotaInBytes(OMKeyRequest.java:844)
	at org.apache.hadoop.ozone.om.request.key.OMKeyCreateRequestWithFSO.validateAndUpdateCache(OMKeyCreateRequestWithFSO.java:182)
	at org.apache.hadoop.ozone.protocolPB.OzoneManagerRequestHandler.lambda$0(OzoneManagerRequestHandler.java:418)
	at org.apache.hadoop.ozone.util.MetricUtil.captureLatencyNs(MetricUtil.java:45)
	at org.apache.hadoop.ozone.protocolPB.OzoneManagerRequestHandler.handleWriteRequestImpl(OzoneManagerRequestHandler.java:416)
	at org.apache.hadoop.ozone.protocolPB.RequestHandler.handleWriteRequest(RequestHandler.java:62)
	at org.apache.hadoop.ozone.om.ratis.OzoneManagerStateMachine.runCommand(OzoneManagerStateMachine.java:599)
	at org.apache.hadoop.ozone.om.ratis.OzoneManagerStateMachine.lambda$3(OzoneManagerStateMachine.java:415)
	at java.base/java.util.concurrent.CompletableFuture$AsyncSupply.run(CompletableFuture.java:1768)
	at java.base/java.util.concurrent.ThreadPoolExecutor.runWorker(ThreadPoolExecutor.java:1144)
	at java.base/java.util.concurrent.ThreadPoolExecutor$Worker.run(ThreadPoolExecutor.java:642)
	at java.base/java.lang.Thread.run(Thread.java:1583)
2025-10-20 19:51:29,186 | ERROR | OMAudit | user=runner | ip=127.0.0.1 | op=ALLOCATE_KEY {"volume":"9c9f2200-df10-445e-a97d-7d5abb84286f","bucket":"07a5d1ba-318a-4c6d-8786-2b661809e39c","key":"6ef54336-7cc3-4999-8541-8aca14a9574e","dataSize":"12","replicationType":"RATIS","replicationFactor":"ONE","Transaction":"567"} | ret=FAILURE | 
org.apache.hadoop.ozone.om.exceptions.OMException: The DiskSpace quota of bucket:07a5d1ba-318a-4c6d-8786-2b661809e39c exceeded quotaInBytes: 1 Bytes but diskspace consumed: 4194304 Bytes.
	at org.apache.hadoop.ozone.om.request.key.OMKeyRequest.checkBucketQuotaInBytes(OMKeyRequest.java:844)
	at org.apache.hadoop.ozone.om.request.key.OMKeyCreateRequestWithFSO.validateAndUpdateCache(OMKeyCreateRequestWithFSO.java:182)
 
2025-10-20 19:51:29,187 | INFO  | OMAudit | user=runner | ip=127.0.0.1 | op=READ_VOLUME {"volume":"9c9f2200-df10-445e-a97d-7d5abb84286f"} | ret=SUCCESS |  
2025-10-20 19:51:29,188 | INFO  | OMAudit | user=runner | ip=127.0.0.1 | op=READ_BUCKET {"volume":"9c9f2200-df10-445e-a97d-7d5abb84286f","bucket":"07a5d1ba-318a-4c6d-8786-2b661809e39c"} | ret=SUCCESS |  
2025-10-20 19:51:29,192 | INFO  | OMAudit | user=runner | ip=127.0.0.1 | op=READ_BUCKET {"volume":"9c9f2200-df10-445e-a97d-7d5abb84286f","bucket":"07a5d1ba-318a-4c6d-8786-2b661809e39c"} | ret=SUCCESS |  
2025-10-20 19:51:29,193 | INFO  | SCMAudit | user=runner | ip=127.0.0.1 | op=ALLOCATE_BLOCK {"replication":"RATIS/ONE","owner":"omServiceIdDefault","size":"4194304","sampleBlocks":"[conID: 7 locID: 115816896921600170]","num":"1","client":"","allocated":"1"} | ret=SUCCESS |  
2025-10-20 19:51:29,196 [om1-OMStateMachineApplyTransactionThread - 0] ERROR file.OMFileCreateRequestWithFSO (OMFileCreateRequestWithFSO.java:validateAndUpdateCache(252)) - File create failed. Volume:9c9f2200-df10-445e-a97d-7d5abb84286f, Bucket:07a5d1ba-318a-4c6d-8786-2b661809e39c, Key:ce5c3ba6-8077-4b79-b9b2-4d514e1622ec.
QUOTA_EXCEEDED org.apache.hadoop.ozone.om.exceptions.OMException: The DiskSpace quota of bucket:07a5d1ba-318a-4c6d-8786-2b661809e39c exceeded quotaInBytes: 1 Bytes but diskspace consumed: 4194304 Bytes.
	at org.apache.hadoop.ozone.om.request.key.OMKeyRequest.checkBucketQuotaInBytes(OMKeyRequest.java:844)
	at org.apache.hadoop.ozone.om.request.file.OMFileCreateRequestWithFSO.validateAndUpdateCache(OMFileCreateRequestWithFSO.java:192)
	at org.apache.hadoop.ozone.protocolPB.OzoneManagerRequestHandler.lambda$0(OzoneManagerRequestHandler.java:418)
	at org.apache.hadoop.ozone.util.MetricUtil.captureLatencyNs(MetricUtil.java:45)
	at org.apache.hadoop.ozone.protocolPB.OzoneManagerRequestHandler.handleWriteRequestImpl(OzoneManagerRequestHandler.java:416)
	at org.apache.hadoop.ozone.protocolPB.RequestHandler.handleWriteRequest(RequestHandler.java:62)
	at org.apache.hadoop.ozone.om.ratis.OzoneManagerStateMachine.runCommand(OzoneManagerStateMachine.java:599)
	at org.apache.hadoop.ozone.om.ratis.OzoneManagerStateMachine.lambda$3(OzoneManagerStateMachine.java:415)
	at java.base/java.util.concurrent.CompletableFuture$AsyncSupply.run(CompletableFuture.java:1768)
	at java.base/java.util.concurrent.ThreadPoolExecutor.runWorker(ThreadPoolExecutor.java:1144)
	at java.base/java.util.concurrent.ThreadPoolExecutor$Worker.run(ThreadPoolExecutor.java:642)
	at java.base/java.lang.Thread.run(Thread.java:1583)
2025-10-20 19:51:29,196 | ERROR | OMAudit | user=runner | ip=127.0.0.1 | op=CREATE_FILE {"volume":"9c9f2200-df10-445e-a97d-7d5abb84286f","bucket":"07a5d1ba-318a-4c6d-8786-2b661809e39c","key":"ce5c3ba6-8077-4b79-b9b2-4d514e1622ec","dataSize":"4194304","replicationType":"RATIS","replicationFactor":"ONE","Transaction":"568"} | ret=FAILURE | 
org.apache.hadoop.ozone.om.exceptions.OMException: The DiskSpace quota of bucket:07a5d1ba-318a-4c6d-8786-2b661809e39c exceeded quotaInBytes: 1 Bytes but diskspace consumed: 4194304 Bytes.
	at org.apache.hadoop.ozone.om.request.key.OMKeyRequest.checkBucketQuotaInBytes(OMKeyRequest.java:844)
	at org.apache.hadoop.ozone.om.request.file.OMFileCreateRequestWithFSO.validateAndUpdateCache(OMFileCreateRequestWithFSO.java:192)
 
2025-10-20 19:51:29,197 | INFO  | OMAudit | user=runner | ip=127.0.0.1 | op=READ_VOLUME {"volume":"9c9f2200-df10-445e-a97d-7d5abb84286f"} | ret=SUCCESS |  
2025-10-20 19:51:29,198 | INFO  | OMAudit | user=runner | ip=127.0.0.1 | op=READ_BUCKET {"volume":"9c9f2200-df10-445e-a97d-7d5abb84286f","bucket":"07a5d1ba-318a-4c6d-8786-2b661809e39c"} | ret=SUCCESS |  
2025-10-20 19:51:29,199 | INFO  | OMAudit | user=runner | ip=127.0.0.1 | op=READ_BUCKET {"volume":"9c9f2200-df10-445e-a97d-7d5abb84286f","bucket":"07a5d1ba-318a-4c6d-8786-2b661809e39c"} | ret=SUCCESS |  
2025-10-20 19:51:29,201 | INFO  | OMAudit | user=runner | ip=127.0.0.1 | op=UPDATE_BUCKET {"volume":"9c9f2200-df10-445e-a97d-7d5abb84286f","bucket":"07a5d1ba-318a-4c6d-8786-2b661809e39c","gdprEnabled":null,"isVersionEnabled":"null","quotaInBytes":"16777216","quotaInNamespace":"100","Transaction":"569"} | ret=SUCCESS |  
2025-10-20 19:51:29,203 | INFO  | OMAudit | user=runner | ip=127.0.0.1 | op=READ_BUCKET {"volume":"9c9f2200-df10-445e-a97d-7d5abb84286f","bucket":"07a5d1ba-318a-4c6d-8786-2b661809e39c"} | ret=SUCCESS |  
2025-10-20 19:51:29,204 | INFO  | SCMAudit | user=runner | ip=127.0.0.1 | op=ALLOCATE_BLOCK {"replication":"RATIS/ONE","owner":"omServiceIdDefault","size":"4194304","sampleBlocks":"[conID: 4 locID: 115816896921600171]","num":"1","client":"","allocated":"1"} | ret=SUCCESS |  
2025-10-20 19:51:29,206 | INFO  | OMAudit | user=runner | ip=127.0.0.1 | op=ALLOCATE_KEY {"volume":"9c9f2200-df10-445e-a97d-7d5abb84286f","bucket":"07a5d1ba-318a-4c6d-8786-2b661809e39c","key":"e37bd6d3-7655-4d09-8aef-705ca00ab439","dataSize":"12","replicationType":"RATIS","replicationFactor":"ONE","Transaction":"570"} | ret=SUCCESS |  
2025-10-20 19:51:29,264 | INFO  | SCMAudit | user=runner | ip=127.0.0.1 | op=SEND_HEARTBEAT {"datanodeUUID":"af0e5da1-57af-45e9-9aca-fa0798d05628","term":"2","command":"[]"} | ret=SUCCESS |  
2025-10-20 19:51:29,391 | INFO  | SCMAudit | user=runner | ip=127.0.0.1 | op=ALLOCATE_BLOCK {"replication":"RATIS/ONE","owner":"omServiceIdDefault","size":"4194304","sampleBlocks":"[conID: 11 locID: 115816896921600172]","num":"1","client":"","allocated":"1"} | ret=SUCCESS |  
2025-10-20 19:51:29,394 | INFO  | OMAudit | user=runner | ip=127.0.0.1 | op=ALLOCATE_BLOCK {"volume":"9c9f2200-df10-445e-a97d-7d5abb84286f","bucket":"07a5d1ba-318a-4c6d-8786-2b661809e39c","key":"e37bd6d3-7655-4d09-8aef-705ca00ab439","dataSize":"12","replicationType":"RATIS","replicationFactor":"ONE","clientID":"115408233378873487","Transaction":"571"} | ret=SUCCESS |  
2025-10-20 19:51:29,442 | INFO  | SCMAudit | user=runner | ip=127.0.0.1 | op=SEND_HEARTBEAT {"datanodeUUID":"b614738c-cdff-4f09-bf59-ed5bb75d51be","term":"2","command":"[]"} | ret=SUCCESS |  
2025-10-20 19:51:29,443 | INFO  | SCMAudit | user=runner | ip=127.0.0.1 | op=SEND_HEARTBEAT {"datanodeUUID":"361055de-215b-4c6c-94c2-be1c1da118d1","term":"2","command":"[]"} | ret=SUCCESS |  
2025-10-20 19:51:29,444 | INFO  | SCMAudit | user=runner | ip=127.0.0.1 | op=SEND_HEARTBEAT {"datanodeUUID":"38991c48-ffb3-4453-b758-77d6b4ebc62b","term":"2","command":"[]"} | ret=SUCCESS |  
2025-10-20 19:51:29,452 | INFO  | SCMAudit | user=runner | ip=127.0.0.1 | op=SEND_HEARTBEAT {"datanodeUUID":"c90bff1f-5a1f-42c6-8fca-9533d718c79a","term":"2","command":"[]"} | ret=SUCCESS |  
2025-10-20 19:51:29,469 | INFO  | SCMAudit | user=runner | ip=127.0.0.1 | op=ALLOCATE_BLOCK {"replication":"RATIS/ONE","owner":"omServiceIdDefault","size":"4194304","sampleBlocks":"[conID: 11 locID: 115816896921600173]","num":"1","client":"","allocated":"1"} | ret=SUCCESS |  
2025-10-20 19:51:29,472 | INFO  | OMAudit | user=runner | ip=127.0.0.1 | op=ALLOCATE_BLOCK {"volume":"9c9f2200-df10-445e-a97d-7d5abb84286f","bucket":"07a5d1ba-318a-4c6d-8786-2b661809e39c","key":"e37bd6d3-7655-4d09-8aef-705ca00ab439","dataSize":"12","replicationType":"RATIS","replicationFactor":"ONE","clientID":"115408233378873487","Transaction":"572"} | ret=SUCCESS |  
2025-10-20 19:51:29,556 | INFO  | SCMAudit | user=runner | ip=127.0.0.1 | op=ALLOCATE_BLOCK {"replication":"RATIS/ONE","owner":"omServiceIdDefault","size":"4194304","sampleBlocks":"[conID: 3 locID: 115816896921600174]","num":"1","client":"","allocated":"1"} | ret=SUCCESS |  
2025-10-20 19:51:29,558 | INFO  | OMAudit | user=runner | ip=127.0.0.1 | op=ALLOCATE_BLOCK {"volume":"9c9f2200-df10-445e-a97d-7d5abb84286f","bucket":"07a5d1ba-318a-4c6d-8786-2b661809e39c","key":"e37bd6d3-7655-4d09-8aef-705ca00ab439","dataSize":"12","replicationType":"RATIS","replicationFactor":"ONE","clientID":"115408233378873487","Transaction":"573"} | ret=SUCCESS |  
2025-10-20 19:51:29,646 | INFO  | SCMAudit | user=runner | ip=127.0.0.1 | op=ALLOCATE_BLOCK {"replication":"RATIS/ONE","owner":"omServiceIdDefault","size":"4194304","sampleBlocks":"[conID: 7 locID: 115816896921600175]","num":"1","client":"","allocated":"1"} | ret=SUCCESS |  
2025-10-20 19:51:29,647 | INFO  | SCMAudit | user=runner | ip=127.0.0.1 | op=SEND_HEARTBEAT {"datanodeUUID":"4f2bb3f5-0e03-4f1b-bb4c-79c91b98c7da","term":"2","command":"[]"} | ret=SUCCESS |  
2025-10-20 19:51:29,649 | INFO  | SCMAudit | user=runner | ip=127.0.0.1 | op=SEND_HEARTBEAT {"datanodeUUID":"cc7fbe85-1d98-437b-84f9-04213fee10f0","term":"2","command":"[]"} | ret=SUCCESS |  
2025-10-20 19:51:29,649 | INFO  | SCMAudit | user=runner | ip=127.0.0.1 | op=SEND_HEARTBEAT {"datanodeUUID":"605be85e-a7f4-44d7-8cfd-f53001b990b0","term":"2","command":"[]"} | ret=SUCCESS |  
2025-10-20 19:51:29,653 [om1-OMStateMachineApplyTransactionThread - 0] ERROR key.OMAllocateBlockRequestWithFSO (OMAllocateBlockRequestWithFSO.java:validateAndUpdateCache(181)) - Allocate Block failed. Volume:9c9f2200-df10-445e-a97d-7d5abb84286f, Bucket:07a5d1ba-318a-4c6d-8786-2b661809e39c, OpenKey:/-9223372036854631680/-9223372036854631424/-9223372036854631424/e37bd6d3-7655-4d09-8aef-705ca00ab439/115408233378873487. Exception:{}
QUOTA_EXCEEDED org.apache.hadoop.ozone.om.exceptions.OMException: The DiskSpace quota of bucket:07a5d1ba-318a-4c6d-8786-2b661809e39c exceeded quotaInBytes: 16777216 Bytes but diskspace consumed: 20971520 Bytes.
	at org.apache.hadoop.ozone.om.request.key.OMKeyRequest.checkBucketQuotaInBytes(OMKeyRequest.java:844)
	at org.apache.hadoop.ozone.om.request.key.OMAllocateBlockRequestWithFSO.validateAndUpdateCache(OMAllocateBlockRequestWithFSO.java:154)
	at org.apache.hadoop.ozone.protocolPB.OzoneManagerRequestHandler.lambda$0(OzoneManagerRequestHandler.java:418)
	at org.apache.hadoop.ozone.util.MetricUtil.captureLatencyNs(MetricUtil.java:45)
	at org.apache.hadoop.ozone.protocolPB.OzoneManagerRequestHandler.handleWriteRequestImpl(OzoneManagerRequestHandler.java:416)
	at org.apache.hadoop.ozone.protocolPB.RequestHandler.handleWriteRequest(RequestHandler.java:62)
	at org.apache.hadoop.ozone.om.ratis.OzoneManagerStateMachine.runCommand(OzoneManagerStateMachine.java:599)
	at org.apache.hadoop.ozone.om.ratis.OzoneManagerStateMachine.lambda$3(OzoneManagerStateMachine.java:415)
	at java.base/java.util.concurrent.CompletableFuture$AsyncSupply.run(CompletableFuture.java:1768)
	at java.base/java.util.concurrent.ThreadPoolExecutor.runWorker(ThreadPoolExecutor.java:1144)
	at java.base/java.util.concurrent.ThreadPoolExecutor$Worker.run(ThreadPoolExecutor.java:642)
	at java.base/java.lang.Thread.run(Thread.java:1583)
2025-10-20 19:51:29,653 | ERROR | OMAudit | user=runner | ip=127.0.0.1 | op=ALLOCATE_BLOCK {"volume":"9c9f2200-df10-445e-a97d-7d5abb84286f","bucket":"07a5d1ba-318a-4c6d-8786-2b661809e39c","key":"e37bd6d3-7655-4d09-8aef-705ca00ab439","dataSize":"12","replicationType":"RATIS","replicationFactor":"ONE","clientID":"115408233378873487","Transaction":"574"} | ret=FAILURE | 
org.apache.hadoop.ozone.om.exceptions.OMException: The DiskSpace quota of bucket:07a5d1ba-318a-4c6d-8786-2b661809e39c exceeded quotaInBytes: 16777216 Bytes but diskspace consumed: 20971520 Bytes.
	at org.apache.hadoop.ozone.om.request.key.OMKeyRequest.checkBucketQuotaInBytes(OMKeyRequest.java:844)
	at org.apache.hadoop.ozone.om.request.key.OMAllocateBlockRequestWithFSO.validateAndUpdateCache(OMAllocateBlockRequestWithFSO.java:154)
 
2025-10-20 19:51:29,657 | INFO  | OMAudit | user=runner | ip=127.0.0.1 | op=READ_VOLUME {"volume":"9c9f2200-df10-445e-a97d-7d5abb84286f"} | ret=SUCCESS |  
2025-10-20 19:51:29,659 | INFO  | OMAudit | user=runner | ip=127.0.0.1 | op=READ_BUCKET {"volume":"9c9f2200-df10-445e-a97d-7d5abb84286f","bucket":"07a5d1ba-318a-4c6d-8786-2b661809e39c"} | ret=SUCCESS |  
2025-10-20 19:51:29,660 | INFO  | OMAudit | user=runner | ip=127.0.0.1 | op=READ_BUCKET {"volume":"9c9f2200-df10-445e-a97d-7d5abb84286f","bucket":"07a5d1ba-318a-4c6d-8786-2b661809e39c"} | ret=SUCCESS |  
2025-10-20 19:51:29,663 | INFO  | OMAudit | user=runner | ip=127.0.0.1 | op=UPDATE_BUCKET {"volume":"9c9f2200-df10-445e-a97d-7d5abb84286f","bucket":"07a5d1ba-318a-4c6d-8786-2b661809e39c","gdprEnabled":null,"isVersionEnabled":"null","quotaInBytes":"107374182400","quotaInNamespace":"100","Transaction":"575"} | ret=SUCCESS |  
2025-10-20 19:51:29,664 | INFO  | OMAudit | user=runner | ip=127.0.0.1 | op=READ_VOLUME {"volume":"9c9f2200-df10-445e-a97d-7d5abb84286f"} | ret=SUCCESS |  
2025-10-20 19:51:29,667 | INFO  | OMAudit | user=runner | ip=127.0.0.1 | op=READ_BUCKET {"volume":"9c9f2200-df10-445e-a97d-7d5abb84286f","bucket":"07a5d1ba-318a-4c6d-8786-2b661809e39c"} | ret=SUCCESS |  
2025-10-20 19:51:29,670 | INFO  | OMAudit | user=runner | ip=127.0.0.1 | op=READ_BUCKET {"volume":"9c9f2200-df10-445e-a97d-7d5abb84286f","bucket":"07a5d1ba-318a-4c6d-8786-2b661809e39c"} | ret=SUCCESS |  
2025-10-20 19:51:29,673 | INFO  | OMAudit | user=runner | ip=127.0.0.1 | op=UPDATE_BUCKET {"volume":"9c9f2200-df10-445e-a97d-7d5abb84286f","bucket":"07a5d1ba-318a-4c6d-8786-2b661809e39c","gdprEnabled":null,"isVersionEnabled":"null","quotaInBytes":"20971520","quotaInNamespace":"100","Transaction":"576"} | ret=SUCCESS |  
2025-10-20 19:51:29,679 | INFO  | OMAudit | user=runner | ip=127.0.0.1 | op=READ_BUCKET {"volume":"9c9f2200-df10-445e-a97d-7d5abb84286f","bucket":"07a5d1ba-318a-4c6d-8786-2b661809e39c"} | ret=SUCCESS |  
2025-10-20 19:51:29,680 | INFO  | SCMAudit | user=runner | ip=127.0.0.1 | op=ALLOCATE_BLOCK {"replication":"RATIS/ONE","owner":"omServiceIdDefault","size":"4194304","sampleBlocks":"[conID: 27 locID: 115816896921600176]","num":"1","client":"","allocated":"1"} | ret=SUCCESS |  
2025-10-20 19:51:29,690 | INFO  | OMAudit | user=runner | ip=127.0.0.1 | op=ALLOCATE_KEY {"volume":"9c9f2200-df10-445e-a97d-7d5abb84286f","bucket":"07a5d1ba-318a-4c6d-8786-2b661809e39c","key":"9e5d1f25-779b-4af9-8847-cd10ad45afe5","dataSize":"12","replicationType":"RATIS","replicationFactor":"ONE","Transaction":"577"} | ret=SUCCESS |  
2025-10-20 19:51:29,700 | INFO  | OMAudit | user=runner | ip=127.0.0.1 | op=COMMIT_KEY {"volume":"9c9f2200-df10-445e-a97d-7d5abb84286f","bucket":"07a5d1ba-318a-4c6d-8786-2b661809e39c","key":"9e5d1f25-779b-4af9-8847-cd10ad45afe5","dataSize":"0","replicationType":"RATIS","replicationFactor":"ONE","Transaction":"578"} | ret=SUCCESS |  
2025-10-20 19:51:29,704 | INFO  | OMAudit | user=runner | ip=127.0.0.1 | op=READ_VOLUME {"volume":"9c9f2200-df10-445e-a97d-7d5abb84286f"} | ret=SUCCESS |  
2025-10-20 19:51:29,706 | INFO  | OMAudit | user=runner | ip=127.0.0.1 | op=READ_BUCKET {"volume":"9c9f2200-df10-445e-a97d-7d5abb84286f","bucket":"07a5d1ba-318a-4c6d-8786-2b661809e39c"} | ret=SUCCESS |  
2025-10-20 19:51:29,708 | INFO  | OMAudit | user=runner | ip=127.0.0.1 | op=READ_BUCKET {"volume":"9c9f2200-df10-445e-a97d-7d5abb84286f","bucket":"07a5d1ba-318a-4c6d-8786-2b661809e39c"} | ret=SUCCESS |  
2025-10-20 19:51:29,713 | INFO  | OMAudit | user=runner | ip=127.0.0.1 | op=UPDATE_BUCKET {"volume":"9c9f2200-df10-445e-a97d-7d5abb84286f","bucket":"07a5d1ba-318a-4c6d-8786-2b661809e39c","gdprEnabled":null,"isVersionEnabled":"null","quotaInBytes":"20971520","quotaInNamespace":"100","Transaction":"579"} | ret=SUCCESS |  
2025-10-20 19:51:29,715 | INFO  | OMAudit | user=runner | ip=127.0.0.1 | op=READ_BUCKET {"volume":"9c9f2200-df10-445e-a97d-7d5abb84286f","bucket":"07a5d1ba-318a-4c6d-8786-2b661809e39c"} | ret=SUCCESS |  
2025-10-20 19:51:29,716 | INFO  | SCMAudit | user=runner | ip=127.0.0.1 | op=ALLOCATE_BLOCK {"replication":"RATIS/ONE","owner":"omServiceIdDefault","size":"4194304","sampleBlocks":"[conID: 8 locID: 115816896921600177]","num":"1","client":"","allocated":"1"} | ret=SUCCESS |  
2025-10-20 19:51:29,719 | INFO  | OMAudit | user=runner | ip=127.0.0.1 | op=ALLOCATE_KEY {"volume":"9c9f2200-df10-445e-a97d-7d5abb84286f","bucket":"07a5d1ba-318a-4c6d-8786-2b661809e39c","key":"e888f599-10ef-4e01-8c65-8f89ceeae0a3","dataSize":"12","replicationType":"RATIS","replicationFactor":"ONE","Transaction":"580"} | ret=SUCCESS |  
2025-10-20 19:51:29,724 | INFO  | SCMAudit | user=runner | ip=127.0.0.1 | op=SEND_HEARTBEAT {"datanodeUUID":"feb39a1c-80cb-4714-ab06-a361236e3029","term":"2","command":"[]"} | ret=SUCCESS |  
2025-10-20 19:51:29,728 | INFO  | OMAudit | user=runner | ip=127.0.0.1 | op=COMMIT_KEY {"volume":"9c9f2200-df10-445e-a97d-7d5abb84286f","bucket":"07a5d1ba-318a-4c6d-8786-2b661809e39c","key":"e888f599-10ef-4e01-8c65-8f89ceeae0a3","dataSize":"12","replicationType":"RATIS","replicationFactor":"ONE","Transaction":"581"} | ret=SUCCESS |  
2025-10-20 19:51:29,729 | INFO  | OMAudit | user=runner | ip=127.0.0.1 | op=READ_VOLUME {"volume":"9c9f2200-df10-445e-a97d-7d5abb84286f"} | ret=SUCCESS |  
2025-10-20 19:51:29,730 | INFO  | OMAudit | user=runner | ip=127.0.0.1 | op=READ_BUCKET {"volume":"9c9f2200-df10-445e-a97d-7d5abb84286f","bucket":"07a5d1ba-318a-4c6d-8786-2b661809e39c"} | ret=SUCCESS |  
]]></system-out>
  </testcase>
  <testcase name="testCommitPartAfterCompleteUpload" classname="org.apache.hadoop.ozone.client.rpc.TestSecureOzoneRpcClient" time="0.29">
    <system-out><![CDATA[2025-10-20 19:51:29,733 [ForkJoinPool-1-worker-1] INFO  rpc.RpcClient (RpcClient.java:createVolume(461)) - Creating Volume: 8fec8aa5-c9d2-4d4e-b1da-3ee4dac04b62, with runner as owner and space quota set to -1 bytes, counts quota set to -1
2025-10-20 19:51:29,735 [om1-OMStateMachineApplyTransactionThread - 0] INFO  volume.OMVolumeCreateRequest (OMVolumeCreateRequest.java:validateAndUpdateCache(213)) - created volume:8fec8aa5-c9d2-4d4e-b1da-3ee4dac04b62 for user:runner
2025-10-20 19:51:29,735 | INFO  | OMAudit | user=runner | ip=127.0.0.1 | op=CREATE_VOLUME {"admin":"runner","owner":"runner","volume":"8fec8aa5-c9d2-4d4e-b1da-3ee4dac04b62","creationTime":"1760989889734","modificationTime":"1760989889734","quotaInBytes":"-1","quotaInNamespace":"-1","usedNamespace":"0","objectID":"-9223372036854626816","updateID":"582","Transaction":"582"} | ret=SUCCESS |  
2025-10-20 19:51:29,736 | INFO  | OMAudit | user=runner | ip=127.0.0.1 | op=READ_VOLUME {"volume":"8fec8aa5-c9d2-4d4e-b1da-3ee4dac04b62"} | ret=SUCCESS |  
2025-10-20 19:51:29,737 [ForkJoinPool-1-worker-1] INFO  rpc.RpcClient (RpcClient.java:createBucket(686)) - Creating Bucket: 8fec8aa5-c9d2-4d4e-b1da-3ee4dac04b62/e441f5de-474a-4b59-b8e9-db0833873a6b, with server-side default bucket layout, runner as owner, Versioning false, Storage Type set to DISK and Encryption set to false, Replication Type set to server-side default replication type, Namespace Quota set to -1, Space Quota set to -1 
2025-10-20 19:51:29,739 | INFO  | SCMAudit | user=runner | ip=127.0.0.1 | op=SEND_HEARTBEAT {"datanodeUUID":"e05592a5-d00f-4fc1-9e39-a968c1ecb04e","term":"2","command":"[]"} | ret=SUCCESS |  
2025-10-20 19:51:29,740 [om1-OMStateMachineApplyTransactionThread - 0] INFO  bucket.OMBucketCreateRequest (OMBucketCreateRequest.java:validateAndUpdateCache(303)) - created bucket: e441f5de-474a-4b59-b8e9-db0833873a6b of layout FILE_SYSTEM_OPTIMIZED in volume: 8fec8aa5-c9d2-4d4e-b1da-3ee4dac04b62
2025-10-20 19:51:29,740 | INFO  | OMAudit | user=runner | ip=127.0.0.1 | op=CREATE_BUCKET {"volume":"8fec8aa5-c9d2-4d4e-b1da-3ee4dac04b62","bucket":"e441f5de-474a-4b59-b8e9-db0833873a6b","bucketLayout":"FILE_SYSTEM_OPTIMIZED","gdprEnabled":null,"acls":"[user:runner:a[ACCESS], group:runner:rl[ACCESS]]","isVersionEnabled":"false","storageType":"DISK","creationTime":"1760989889739","bucketEncryptionKey":null,"modificationTime":"1760989889739","usedBytes":"0","usedNamespace":"0","snapshotUsedBytes":"0","snapshotUsedNamespace":"0","owner":"runner","replicationType":null,"replicationConfig":null,"quotaInBytes":"-1","quotaInNamespace":"-1","Transaction":"583"} | ret=SUCCESS |  
2025-10-20 19:51:29,741 | INFO  | OMAudit | user=runner | ip=127.0.0.1 | op=READ_BUCKET {"volume":"8fec8aa5-c9d2-4d4e-b1da-3ee4dac04b62","bucket":"e441f5de-474a-4b59-b8e9-db0833873a6b"} | ret=SUCCESS |  
2025-10-20 19:51:29,741 | INFO  | SCMAudit | user=runner | ip=127.0.0.1 | op=SEND_HEARTBEAT {"datanodeUUID":"33f74daf-be7a-4306-b2af-53e409c4cb93","term":"2","command":"[]"} | ret=SUCCESS |  
2025-10-20 19:51:29,744 | INFO  | OMAudit | user=runner | ip=127.0.0.1 | op=INITIATE_MULTIPART_UPLOAD {"volume":"8fec8aa5-c9d2-4d4e-b1da-3ee4dac04b62","bucket":"e441f5de-474a-4b59-b8e9-db0833873a6b","key":"042b9ba1-8672-481b-818a-878586fd3f21","dataSize":"0","replicationType":"RATIS","replicationFactor":"ONE","uploadID":"019a032d-44cf-7b30-a9f6-7d64705180fb-115408233414197394","Transaction":"584"} | ret=SUCCESS |  
2025-10-20 19:51:29,749 | INFO  | OMAudit | user=runner | ip=127.0.0.1 | op=ALLOCATE_KEY {"volume":"8fec8aa5-c9d2-4d4e-b1da-3ee4dac04b62","bucket":"e441f5de-474a-4b59-b8e9-db0833873a6b","key":"042b9ba1-8672-481b-818a-878586fd3f21","dataSize":"5242880","Transaction":"585"} | ret=SUCCESS |  
2025-10-20 19:51:29,751 | INFO  | SCMAudit | user=runner | ip=127.0.0.1 | op=ALLOCATE_BLOCK {"replication":"RATIS/ONE","owner":"omServiceIdDefault","size":"4194304","sampleBlocks":"[conID: 10 locID: 115816896921600178]","num":"1","client":"","allocated":"1"} | ret=SUCCESS |  
2025-10-20 19:51:29,753 | INFO  | OMAudit | user=runner | ip=127.0.0.1 | op=ALLOCATE_BLOCK {"volume":"8fec8aa5-c9d2-4d4e-b1da-3ee4dac04b62","bucket":"e441f5de-474a-4b59-b8e9-db0833873a6b","key":"042b9ba1-8672-481b-818a-878586fd3f21","dataSize":"5242880","replicationType":"RATIS","replicationFactor":"ONE","clientID":"115408233414459539","Transaction":"586"} | ret=SUCCESS |  
2025-10-20 19:51:29,807 | INFO  | SCMAudit | user=runner | ip=127.0.0.1 | op=ALLOCATE_BLOCK {"replication":"RATIS/ONE","owner":"omServiceIdDefault","size":"4194304","sampleBlocks":"[conID: 8 locID: 115816896921600179]","num":"1","client":"","allocated":"1"} | ret=SUCCESS |  
2025-10-20 19:51:29,813 | INFO  | OMAudit | user=runner | ip=127.0.0.1 | op=ALLOCATE_BLOCK {"volume":"8fec8aa5-c9d2-4d4e-b1da-3ee4dac04b62","bucket":"e441f5de-474a-4b59-b8e9-db0833873a6b","key":"042b9ba1-8672-481b-818a-878586fd3f21","dataSize":"5242880","replicationType":"RATIS","replicationFactor":"ONE","clientID":"115408233414459539","Transaction":"587"} | ret=SUCCESS |  
2025-10-20 19:51:29,840 | INFO  | OMAudit | user=runner | ip=127.0.0.1 | op=COMMIT_MULTIPART_UPLOAD_PARTKEY {"volume":"8fec8aa5-c9d2-4d4e-b1da-3ee4dac04b62","bucket":"e441f5de-474a-4b59-b8e9-db0833873a6b","key":"042b9ba1-8672-481b-818a-878586fd3f21","dataSize":"5242880","ETag":"2ffeff30e790a29fc4c3ce82ef38d269","uploadID":"019a032d-44cf-7b30-a9f6-7d64705180fb-115408233414197394","partNumber":"1","partName":"/8fec8aa5-c9d2-4d4e-b1da-3ee4dac04b62/e441f5de-474a-4b59-b8e9-db0833873a6b/042b9ba1-8672-481b-818a-878586fd3f21-019a032d-44cf-7b30-a9f6-7d64705180fb-115408233414197394-1","Transaction":"588"} | ret=SUCCESS |  
2025-10-20 19:51:29,845 | INFO  | SCMAudit | user=runner | ip=127.0.0.1 | op=SEND_HEARTBEAT {"datanodeUUID":"d7d8cf72-b9f6-4979-9c53-007dd6e6e48a","term":"2","command":"[]"} | ret=SUCCESS |  
2025-10-20 19:51:29,848 | INFO  | OMAudit | user=runner | ip=127.0.0.1 | op=ALLOCATE_KEY {"volume":"8fec8aa5-c9d2-4d4e-b1da-3ee4dac04b62","bucket":"e441f5de-474a-4b59-b8e9-db0833873a6b","key":"042b9ba1-8672-481b-818a-878586fd3f21","dataSize":"5242880","Transaction":"589"} | ret=SUCCESS |  
2025-10-20 19:51:29,858 | INFO  | SCMAudit | user=runner | ip=127.0.0.1 | op=ALLOCATE_BLOCK {"replication":"RATIS/ONE","owner":"omServiceIdDefault","size":"4194304","sampleBlocks":"[conID: 9 locID: 115816896921600180]","num":"1","client":"","allocated":"1"} | ret=SUCCESS |  
2025-10-20 19:51:29,861 | INFO  | OMAudit | user=runner | ip=127.0.0.1 | op=ALLOCATE_BLOCK {"volume":"8fec8aa5-c9d2-4d4e-b1da-3ee4dac04b62","bucket":"e441f5de-474a-4b59-b8e9-db0833873a6b","key":"042b9ba1-8672-481b-818a-878586fd3f21","dataSize":"5242880","replicationType":"RATIS","replicationFactor":"ONE","clientID":"115408233420816532","Transaction":"590"} | ret=SUCCESS |  
2025-10-20 19:51:29,875 | INFO  | SCMAudit | user=runner | ip=127.0.0.1 | op=ALLOCATE_BLOCK {"replication":"RATIS/ONE","owner":"omServiceIdDefault","size":"4194304","sampleBlocks":"[conID: 2 locID: 115816896921600181]","num":"1","client":"","allocated":"1"} | ret=SUCCESS |  
2025-10-20 19:51:29,877 | INFO  | OMAudit | user=runner | ip=127.0.0.1 | op=ALLOCATE_BLOCK {"volume":"8fec8aa5-c9d2-4d4e-b1da-3ee4dac04b62","bucket":"e441f5de-474a-4b59-b8e9-db0833873a6b","key":"042b9ba1-8672-481b-818a-878586fd3f21","dataSize":"5242880","replicationType":"RATIS","replicationFactor":"ONE","clientID":"115408233420816532","Transaction":"591"} | ret=SUCCESS |  
2025-10-20 19:51:29,904 | INFO  | OMAudit | user=runner | ip=127.0.0.1 | op=COMPLETE_MULTIPART_UPLOAD {"volume":"8fec8aa5-c9d2-4d4e-b1da-3ee4dac04b62","bucket":"e441f5de-474a-4b59-b8e9-db0833873a6b","key":"042b9ba1-8672-481b-818a-878586fd3f21","dataSize":"0","uploadID":"019a032d-44cf-7b30-a9f6-7d64705180fb-115408233414197394","multipartList":"[partNumber: 1 partName: \"2ffeff30e790a29fc4c3ce82ef38d269\" eTag: \"2ffeff30e790a29fc4c3ce82ef38d269\" ]","Transaction":"592"} | ret=SUCCESS |  
2025-10-20 19:51:29,907 | INFO  | OMAudit | user=runner | ip=127.0.0.1 | op=READ_KEY {"volume":"8fec8aa5-c9d2-4d4e-b1da-3ee4dac04b62","bucket":"e441f5de-474a-4b59-b8e9-db0833873a6b","key":"042b9ba1-8672-481b-818a-878586fd3f21","owner":null,"dataSize":"0","replicationConfig":null} | ret=SUCCESS |  
2025-10-20 19:51:30,020 [om1-OMStateMachineApplyTransactionThread - 0] ERROR multipart.S3MultipartUploadCommitPartRequest (S3MultipartUploadCommitPartRequest.java:logResult(352)) - MultipartUpload Commit is failed for Key:042b9ba1-8672-481b-818a-878586fd3f21 in Volume/Bucket 8fec8aa5-c9d2-4d4e-b1da-3ee4dac04b62/e441f5de-474a-4b59-b8e9-db0833873a6b
NO_SUCH_MULTIPART_UPLOAD_ERROR org.apache.hadoop.ozone.om.exceptions.OMException: No such Multipart upload is with specified uploadId 019a032d-44cf-7b30-a9f6-7d64705180fb-115408233414197394
	at org.apache.hadoop.ozone.om.request.s3.multipart.S3MultipartUploadCommitPartRequest.validateAndUpdateCache(S3MultipartUploadCommitPartRequest.java:188)
	at org.apache.hadoop.ozone.protocolPB.OzoneManagerRequestHandler.lambda$0(OzoneManagerRequestHandler.java:418)
	at org.apache.hadoop.ozone.util.MetricUtil.captureLatencyNs(MetricUtil.java:45)
	at org.apache.hadoop.ozone.protocolPB.OzoneManagerRequestHandler.handleWriteRequestImpl(OzoneManagerRequestHandler.java:416)
	at org.apache.hadoop.ozone.protocolPB.RequestHandler.handleWriteRequest(RequestHandler.java:62)
	at org.apache.hadoop.ozone.om.ratis.OzoneManagerStateMachine.runCommand(OzoneManagerStateMachine.java:599)
	at org.apache.hadoop.ozone.om.ratis.OzoneManagerStateMachine.lambda$3(OzoneManagerStateMachine.java:415)
	at java.base/java.util.concurrent.CompletableFuture$AsyncSupply.run(CompletableFuture.java:1768)
	at java.base/java.util.concurrent.ThreadPoolExecutor.runWorker(ThreadPoolExecutor.java:1144)
	at java.base/java.util.concurrent.ThreadPoolExecutor$Worker.run(ThreadPoolExecutor.java:642)
	at java.base/java.lang.Thread.run(Thread.java:1583)
2025-10-20 19:51:30,020 | ERROR | OMAudit | user=runner | ip=127.0.0.1 | op=COMMIT_MULTIPART_UPLOAD_PARTKEY {"volume":"8fec8aa5-c9d2-4d4e-b1da-3ee4dac04b62","bucket":"e441f5de-474a-4b59-b8e9-db0833873a6b","key":"042b9ba1-8672-481b-818a-878586fd3f21","dataSize":"5242880","ETag":"2ffeff30e790a29fc4c3ce82ef38d269","uploadID":"019a032d-44cf-7b30-a9f6-7d64705180fb-115408233414197394","partNumber":"2","partName":"/8fec8aa5-c9d2-4d4e-b1da-3ee4dac04b62/e441f5de-474a-4b59-b8e9-db0833873a6b/042b9ba1-8672-481b-818a-878586fd3f21-019a032d-44cf-7b30-a9f6-7d64705180fb-115408233414197394-2","Transaction":"593"} | ret=FAILURE | 
org.apache.hadoop.ozone.om.exceptions.OMException: No such Multipart upload is with specified uploadId 019a032d-44cf-7b30-a9f6-7d64705180fb-115408233414197394
	at org.apache.hadoop.ozone.om.request.s3.multipart.S3MultipartUploadCommitPartRequest.validateAndUpdateCache(S3MultipartUploadCommitPartRequest.java:188)
	at org.apache.hadoop.ozone.protocolPB.OzoneManagerRequestHandler.lambda$0(OzoneManagerRequestHandler.java:418)
 
]]></system-out>
  </testcase>
  <testcase name="testCreateBucket" classname="org.apache.hadoop.ozone.client.rpc.TestSecureOzoneRpcClient" time="0.01">
    <system-out><![CDATA[2025-10-20 19:51:30,023 [ForkJoinPool-1-worker-1] INFO  rpc.RpcClient (RpcClient.java:createVolume(461)) - Creating Volume: bee68df8-f8bf-4af1-a04f-6437506fc046, with runner as owner and space quota set to -1 bytes, counts quota set to -1
2025-10-20 19:51:30,025 [om1-OMStateMachineApplyTransactionThread - 0] INFO  volume.OMVolumeCreateRequest (OMVolumeCreateRequest.java:validateAndUpdateCache(213)) - created volume:bee68df8-f8bf-4af1-a04f-6437506fc046 for user:runner
2025-10-20 19:51:30,026 | INFO  | OMAudit | user=runner | ip=127.0.0.1 | op=CREATE_VOLUME {"admin":"runner","owner":"runner","volume":"bee68df8-f8bf-4af1-a04f-6437506fc046","creationTime":"1760989890024","modificationTime":"1760989890024","quotaInBytes":"-1","quotaInNamespace":"-1","usedNamespace":"0","objectID":"-9223372036854623744","updateID":"594","Transaction":"594"} | ret=SUCCESS |  
2025-10-20 19:51:30,027 | INFO  | OMAudit | user=runner | ip=127.0.0.1 | op=READ_VOLUME {"volume":"bee68df8-f8bf-4af1-a04f-6437506fc046"} | ret=SUCCESS |  
2025-10-20 19:51:30,028 [ForkJoinPool-1-worker-1] INFO  rpc.RpcClient (RpcClient.java:createBucket(686)) - Creating Bucket: bee68df8-f8bf-4af1-a04f-6437506fc046/845b77dd-39c6-4043-8164-758a8ad5f860, with server-side default bucket layout, runner as owner, Versioning false, Storage Type set to DISK and Encryption set to false, Replication Type set to server-side default replication type, Namespace Quota set to -1, Space Quota set to -1 
2025-10-20 19:51:30,030 [om1-OMStateMachineApplyTransactionThread - 0] INFO  bucket.OMBucketCreateRequest (OMBucketCreateRequest.java:validateAndUpdateCache(303)) - created bucket: 845b77dd-39c6-4043-8164-758a8ad5f860 of layout FILE_SYSTEM_OPTIMIZED in volume: bee68df8-f8bf-4af1-a04f-6437506fc046
2025-10-20 19:51:30,030 | INFO  | OMAudit | user=runner | ip=127.0.0.1 | op=CREATE_BUCKET {"volume":"bee68df8-f8bf-4af1-a04f-6437506fc046","bucket":"845b77dd-39c6-4043-8164-758a8ad5f860","bucketLayout":"FILE_SYSTEM_OPTIMIZED","gdprEnabled":null,"acls":"[user:runner:a[ACCESS], group:runner:rl[ACCESS]]","isVersionEnabled":"false","storageType":"DISK","creationTime":"1760989890029","bucketEncryptionKey":null,"modificationTime":"1760989890029","usedBytes":"0","usedNamespace":"0","snapshotUsedBytes":"0","snapshotUsedNamespace":"0","owner":"runner","replicationType":null,"replicationConfig":null,"quotaInBytes":"-1","quotaInNamespace":"-1","Transaction":"595"} | ret=SUCCESS |  
2025-10-20 19:51:30,031 | INFO  | OMAudit | user=runner | ip=127.0.0.1 | op=READ_BUCKET {"volume":"bee68df8-f8bf-4af1-a04f-6437506fc046","bucket":"845b77dd-39c6-4043-8164-758a8ad5f860"} | ret=SUCCESS |  
]]></system-out>
  </testcase>
  <testcase name="testCreateBucketWithAcls" classname="org.apache.hadoop.ozone.client.rpc.TestSecureOzoneRpcClient" time="0.011">
    <system-out><![CDATA[2025-10-20 19:51:30,036 [ForkJoinPool-1-worker-1] INFO  rpc.RpcClient (RpcClient.java:createVolume(461)) - Creating Volume: 69798d4c-2721-4b75-b2b2-ba05c67ffa76, with runner as owner and space quota set to -1 bytes, counts quota set to -1
2025-10-20 19:51:30,038 [om1-OMStateMachineApplyTransactionThread - 0] INFO  volume.OMVolumeCreateRequest (OMVolumeCreateRequest.java:validateAndUpdateCache(213)) - created volume:69798d4c-2721-4b75-b2b2-ba05c67ffa76 for user:runner
2025-10-20 19:51:30,038 | INFO  | OMAudit | user=runner | ip=127.0.0.1 | op=CREATE_VOLUME {"admin":"runner","owner":"runner","volume":"69798d4c-2721-4b75-b2b2-ba05c67ffa76","creationTime":"1760989890037","modificationTime":"1760989890037","quotaInBytes":"-1","quotaInNamespace":"-1","usedNamespace":"0","objectID":"-9223372036854623232","updateID":"596","Transaction":"596"} | ret=SUCCESS |  
2025-10-20 19:51:30,040 | INFO  | OMAudit | user=runner | ip=127.0.0.1 | op=READ_VOLUME {"volume":"69798d4c-2721-4b75-b2b2-ba05c67ffa76"} | ret=SUCCESS |  
2025-10-20 19:51:30,040 [ForkJoinPool-1-worker-1] INFO  rpc.RpcClient (RpcClient.java:createBucket(686)) - Creating Bucket: 69798d4c-2721-4b75-b2b2-ba05c67ffa76/0eab1c8a-c7e8-467f-b86f-1997938caf28, with server-side default bucket layout, runner as owner, Versioning false, Storage Type set to DISK and Encryption set to false, Replication Type set to server-side default replication type, Namespace Quota set to -1, Space Quota set to -1 
2025-10-20 19:51:30,042 [om1-OMStateMachineApplyTransactionThread - 0] INFO  bucket.OMBucketCreateRequest (OMBucketCreateRequest.java:validateAndUpdateCache(303)) - created bucket: 0eab1c8a-c7e8-467f-b86f-1997938caf28 of layout FILE_SYSTEM_OPTIMIZED in volume: 69798d4c-2721-4b75-b2b2-ba05c67ffa76
2025-10-20 19:51:30,042 | INFO  | OMAudit | user=runner | ip=127.0.0.1 | op=CREATE_BUCKET {"volume":"69798d4c-2721-4b75-b2b2-ba05c67ffa76","bucket":"0eab1c8a-c7e8-467f-b86f-1997938caf28","bucketLayout":"FILE_SYSTEM_OPTIMIZED","gdprEnabled":null,"acls":"[user:runner:a[ACCESS], group:runner:rl[ACCESS], user:test:r[ACCESS]]","isVersionEnabled":"false","storageType":"DISK","creationTime":"1760989890041","bucketEncryptionKey":null,"modificationTime":"1760989890041","usedBytes":"0","usedNamespace":"0","snapshotUsedBytes":"0","snapshotUsedNamespace":"0","owner":"runner","replicationType":null,"replicationConfig":null,"quotaInBytes":"-1","quotaInNamespace":"-1","Transaction":"597"} | ret=SUCCESS |  
2025-10-20 19:51:30,043 | INFO  | OMAudit | user=runner | ip=127.0.0.1 | op=READ_BUCKET {"volume":"69798d4c-2721-4b75-b2b2-ba05c67ffa76","bucket":"0eab1c8a-c7e8-467f-b86f-1997938caf28"} | ret=SUCCESS |  
2025-10-20 19:51:30,044 | INFO  | OMAudit | user=runner | ip=127.0.0.1 | op=GET_ACL {"resourceType":"bucket","storageType":"ozone","volume":"69798d4c-2721-4b75-b2b2-ba05c67ffa76","bucket":"0eab1c8a-c7e8-467f-b86f-1997938caf28","key":null} | ret=SUCCESS |  
]]></system-out>
  </testcase>
  <testcase name="testCreateBucketWithAllArgument" classname="org.apache.hadoop.ozone.client.rpc.TestSecureOzoneRpcClient" time="0.011">
    <system-out><![CDATA[2025-10-20 19:51:30,046 [ForkJoinPool-1-worker-1] INFO  rpc.RpcClient (RpcClient.java:createVolume(461)) - Creating Volume: 3eb7813b-5338-41f6-a5b3-0585c9f7bba7, with runner as owner and space quota set to -1 bytes, counts quota set to -1
2025-10-20 19:51:30,048 [om1-OMStateMachineApplyTransactionThread - 0] INFO  volume.OMVolumeCreateRequest (OMVolumeCreateRequest.java:validateAndUpdateCache(213)) - created volume:3eb7813b-5338-41f6-a5b3-0585c9f7bba7 for user:runner
2025-10-20 19:51:30,048 | INFO  | OMAudit | user=runner | ip=127.0.0.1 | op=CREATE_VOLUME {"admin":"runner","owner":"runner","volume":"3eb7813b-5338-41f6-a5b3-0585c9f7bba7","creationTime":"1760989890047","modificationTime":"1760989890047","quotaInBytes":"-1","quotaInNamespace":"-1","usedNamespace":"0","objectID":"-9223372036854622720","updateID":"598","Transaction":"598"} | ret=SUCCESS |  
2025-10-20 19:51:30,049 | INFO  | OMAudit | user=runner | ip=127.0.0.1 | op=READ_VOLUME {"volume":"3eb7813b-5338-41f6-a5b3-0585c9f7bba7"} | ret=SUCCESS |  
2025-10-20 19:51:30,050 [ForkJoinPool-1-worker-1] INFO  rpc.RpcClient (RpcClient.java:createBucket(686)) - Creating Bucket: 3eb7813b-5338-41f6-a5b3-0585c9f7bba7/f37d4ff8-cf31-48db-b728-5723eb8ab2e2, with server-side default bucket layout, runner as owner, Versioning true, Storage Type set to SSD and Encryption set to false, Replication Type set to EC, Namespace Quota set to -1, Space Quota set to -1 
2025-10-20 19:51:30,054 [om1-OMStateMachineApplyTransactionThread - 0] INFO  bucket.OMBucketCreateRequest (OMBucketCreateRequest.java:validateAndUpdateCache(303)) - created bucket: f37d4ff8-cf31-48db-b728-5723eb8ab2e2 of layout FILE_SYSTEM_OPTIMIZED in volume: 3eb7813b-5338-41f6-a5b3-0585c9f7bba7
2025-10-20 19:51:30,054 | INFO  | OMAudit | user=runner | ip=127.0.0.1 | op=CREATE_BUCKET {"volume":"3eb7813b-5338-41f6-a5b3-0585c9f7bba7","bucket":"f37d4ff8-cf31-48db-b728-5723eb8ab2e2","bucketLayout":"FILE_SYSTEM_OPTIMIZED","gdprEnabled":null,"acls":"[user:runner:a[ACCESS], group:runner:rl[ACCESS], user:test:a[ACCESS]]","isVersionEnabled":"true","storageType":"SSD","creationTime":"1760989890053","bucketEncryptionKey":null,"modificationTime":"1760989890053","usedBytes":"0","usedNamespace":"0","snapshotUsedBytes":"0","snapshotUsedNamespace":"0","owner":"runner","replicationType":"EC","replicationConfig":"rs-3-2-1024k","quotaInBytes":"-1","quotaInNamespace":"-1","Transaction":"599"} | ret=SUCCESS |  
2025-10-20 19:51:30,056 | INFO  | OMAudit | user=runner | ip=127.0.0.1 | op=READ_BUCKET {"volume":"3eb7813b-5338-41f6-a5b3-0585c9f7bba7","bucket":"f37d4ff8-cf31-48db-b728-5723eb8ab2e2"} | ret=SUCCESS |  
2025-10-20 19:51:30,057 | INFO  | OMAudit | user=runner | ip=127.0.0.1 | op=GET_ACL {"resourceType":"bucket","storageType":"ozone","volume":"3eb7813b-5338-41f6-a5b3-0585c9f7bba7","bucket":"f37d4ff8-cf31-48db-b728-5723eb8ab2e2","key":null} | ret=SUCCESS |  
]]></system-out>
  </testcase>
  <testcase name="testCreateBucketWithMetadata" classname="org.apache.hadoop.ozone.client.rpc.TestSecureOzoneRpcClient" time="0.009">
    <system-out><![CDATA[2025-10-20 19:51:30,058 [ForkJoinPool-1-worker-1] INFO  rpc.RpcClient (RpcClient.java:createVolume(461)) - Creating Volume: 81a1b09e-3407-4eab-8231-c92e1f504456, with runner as owner and space quota set to -1 bytes, counts quota set to -1
2025-10-20 19:51:30,060 [om1-OMStateMachineApplyTransactionThread - 0] INFO  volume.OMVolumeCreateRequest (OMVolumeCreateRequest.java:validateAndUpdateCache(213)) - created volume:81a1b09e-3407-4eab-8231-c92e1f504456 for user:runner
2025-10-20 19:51:30,060 | INFO  | OMAudit | user=runner | ip=127.0.0.1 | op=CREATE_VOLUME {"admin":"runner","owner":"runner","volume":"81a1b09e-3407-4eab-8231-c92e1f504456","creationTime":"1760989890059","modificationTime":"1760989890059","quotaInBytes":"-1","quotaInNamespace":"-1","usedNamespace":"0","objectID":"-9223372036854622208","updateID":"600","Transaction":"600"} | ret=SUCCESS |  
2025-10-20 19:51:30,062 | INFO  | OMAudit | user=runner | ip=127.0.0.1 | op=READ_VOLUME {"volume":"81a1b09e-3407-4eab-8231-c92e1f504456"} | ret=SUCCESS |  
2025-10-20 19:51:30,062 [ForkJoinPool-1-worker-1] INFO  rpc.RpcClient (RpcClient.java:createBucket(686)) - Creating Bucket: 81a1b09e-3407-4eab-8231-c92e1f504456/f394a5df-13e4-4f11-9855-a7fb2beb9061, with server-side default bucket layout, runner as owner, Versioning false, Storage Type set to DISK and Encryption set to false, Replication Type set to server-side default replication type, Namespace Quota set to -1, Space Quota set to -1 
2025-10-20 19:51:30,065 [om1-OMStateMachineApplyTransactionThread - 0] INFO  bucket.OMBucketCreateRequest (OMBucketCreateRequest.java:validateAndUpdateCache(303)) - created bucket: f394a5df-13e4-4f11-9855-a7fb2beb9061 of layout FILE_SYSTEM_OPTIMIZED in volume: 81a1b09e-3407-4eab-8231-c92e1f504456
2025-10-20 19:51:30,065 | INFO  | OMAudit | user=runner | ip=127.0.0.1 | op=CREATE_BUCKET {"volume":"81a1b09e-3407-4eab-8231-c92e1f504456","bucket":"f394a5df-13e4-4f11-9855-a7fb2beb9061","bucketLayout":"FILE_SYSTEM_OPTIMIZED","gdprEnabled":null,"acls":"[user:runner:a[ACCESS], group:runner:rl[ACCESS]]","isVersionEnabled":"false","storageType":"DISK","creationTime":"1760989890063","bucketEncryptionKey":null,"modificationTime":"1760989890063","usedBytes":"0","usedNamespace":"0","snapshotUsedBytes":"0","snapshotUsedNamespace":"0","owner":"runner","replicationType":null,"replicationConfig":null,"quotaInBytes":"-1","quotaInNamespace":"-1","Transaction":"601"} | ret=SUCCESS |  
2025-10-20 19:51:30,066 | INFO  | OMAudit | user=runner | ip=127.0.0.1 | op=READ_BUCKET {"volume":"81a1b09e-3407-4eab-8231-c92e1f504456","bucket":"f394a5df-13e4-4f11-9855-a7fb2beb9061"} | ret=SUCCESS |  
]]></system-out>
  </testcase>
  <testcase name="testCreateBucketWithReplicationConfig" classname="org.apache.hadoop.ozone.client.rpc.TestSecureOzoneRpcClient" time="0.009">
    <system-out><![CDATA[2025-10-20 19:51:30,068 [ForkJoinPool-1-worker-1] INFO  rpc.RpcClient (RpcClient.java:createVolume(461)) - Creating Volume: 0bf182f6-5c5b-4c87-ae18-df2155089556, with runner as owner and space quota set to -1 bytes, counts quota set to -1
2025-10-20 19:51:30,070 [om1-OMStateMachineApplyTransactionThread - 0] INFO  volume.OMVolumeCreateRequest (OMVolumeCreateRequest.java:validateAndUpdateCache(213)) - created volume:0bf182f6-5c5b-4c87-ae18-df2155089556 for user:runner
2025-10-20 19:51:30,070 | INFO  | OMAudit | user=runner | ip=127.0.0.1 | op=CREATE_VOLUME {"admin":"runner","owner":"runner","volume":"0bf182f6-5c5b-4c87-ae18-df2155089556","creationTime":"1760989890069","modificationTime":"1760989890069","quotaInBytes":"-1","quotaInNamespace":"-1","usedNamespace":"0","objectID":"-9223372036854621696","updateID":"602","Transaction":"602"} | ret=SUCCESS |  
2025-10-20 19:51:30,071 | INFO  | OMAudit | user=runner | ip=127.0.0.1 | op=READ_VOLUME {"volume":"0bf182f6-5c5b-4c87-ae18-df2155089556"} | ret=SUCCESS |  
2025-10-20 19:51:30,072 [ForkJoinPool-1-worker-1] INFO  rpc.RpcClient (RpcClient.java:createBucket(686)) - Creating Bucket: 0bf182f6-5c5b-4c87-ae18-df2155089556/68f2c333-fa14-4935-89ba-cb4d985e1621, with server-side default bucket layout, runner as owner, Versioning false, Storage Type set to DISK and Encryption set to false, Replication Type set to EC, Namespace Quota set to -1, Space Quota set to -1 
2025-10-20 19:51:30,074 [om1-OMStateMachineApplyTransactionThread - 0] INFO  bucket.OMBucketCreateRequest (OMBucketCreateRequest.java:validateAndUpdateCache(303)) - created bucket: 68f2c333-fa14-4935-89ba-cb4d985e1621 of layout FILE_SYSTEM_OPTIMIZED in volume: 0bf182f6-5c5b-4c87-ae18-df2155089556
2025-10-20 19:51:30,074 | INFO  | OMAudit | user=runner | ip=127.0.0.1 | op=CREATE_BUCKET {"volume":"0bf182f6-5c5b-4c87-ae18-df2155089556","bucket":"68f2c333-fa14-4935-89ba-cb4d985e1621","bucketLayout":"FILE_SYSTEM_OPTIMIZED","gdprEnabled":null,"acls":"[user:runner:a[ACCESS], group:runner:rl[ACCESS]]","isVersionEnabled":"false","storageType":"DISK","creationTime":"1760989890073","bucketEncryptionKey":null,"modificationTime":"1760989890073","usedBytes":"0","usedNamespace":"0","snapshotUsedBytes":"0","snapshotUsedNamespace":"0","owner":"runner","replicationType":"EC","replicationConfig":"rs-3-2-1024k","quotaInBytes":"-1","quotaInNamespace":"-1","Transaction":"603"} | ret=SUCCESS |  
2025-10-20 19:51:30,075 | INFO  | OMAudit | user=runner | ip=127.0.0.1 | op=READ_BUCKET {"volume":"0bf182f6-5c5b-4c87-ae18-df2155089556","bucket":"68f2c333-fa14-4935-89ba-cb4d985e1621"} | ret=SUCCESS |  
]]></system-out>
  </testcase>
  <testcase name="testCreateBucketWithStorageType" classname="org.apache.hadoop.ozone.client.rpc.TestSecureOzoneRpcClient" time="0.007">
    <system-out><![CDATA[2025-10-20 19:51:30,077 [ForkJoinPool-1-worker-1] INFO  rpc.RpcClient (RpcClient.java:createVolume(461)) - Creating Volume: 951c2b23-b9f2-44f6-ab55-8701be64d3a4, with runner as owner and space quota set to -1 bytes, counts quota set to -1
2025-10-20 19:51:30,079 [om1-OMStateMachineApplyTransactionThread - 0] INFO  volume.OMVolumeCreateRequest (OMVolumeCreateRequest.java:validateAndUpdateCache(213)) - created volume:951c2b23-b9f2-44f6-ab55-8701be64d3a4 for user:runner
2025-10-20 19:51:30,079 | INFO  | OMAudit | user=runner | ip=127.0.0.1 | op=CREATE_VOLUME {"admin":"runner","owner":"runner","volume":"951c2b23-b9f2-44f6-ab55-8701be64d3a4","creationTime":"1760989890078","modificationTime":"1760989890078","quotaInBytes":"-1","quotaInNamespace":"-1","usedNamespace":"0","objectID":"-9223372036854621184","updateID":"604","Transaction":"604"} | ret=SUCCESS |  
2025-10-20 19:51:30,080 | INFO  | OMAudit | user=runner | ip=127.0.0.1 | op=READ_VOLUME {"volume":"951c2b23-b9f2-44f6-ab55-8701be64d3a4"} | ret=SUCCESS |  
2025-10-20 19:51:30,080 [ForkJoinPool-1-worker-1] INFO  rpc.RpcClient (RpcClient.java:createBucket(686)) - Creating Bucket: 951c2b23-b9f2-44f6-ab55-8701be64d3a4/07530fa4-9764-4efc-9570-43e94ae36700, with server-side default bucket layout, runner as owner, Versioning false, Storage Type set to SSD and Encryption set to false, Replication Type set to server-side default replication type, Namespace Quota set to -1, Space Quota set to -1 
2025-10-20 19:51:30,081 [om1-OMStateMachineApplyTransactionThread - 0] INFO  bucket.OMBucketCreateRequest (OMBucketCreateRequest.java:validateAndUpdateCache(303)) - created bucket: 07530fa4-9764-4efc-9570-43e94ae36700 of layout FILE_SYSTEM_OPTIMIZED in volume: 951c2b23-b9f2-44f6-ab55-8701be64d3a4
2025-10-20 19:51:30,082 | INFO  | OMAudit | user=runner | ip=127.0.0.1 | op=CREATE_BUCKET {"volume":"951c2b23-b9f2-44f6-ab55-8701be64d3a4","bucket":"07530fa4-9764-4efc-9570-43e94ae36700","bucketLayout":"FILE_SYSTEM_OPTIMIZED","gdprEnabled":null,"acls":"[user:runner:a[ACCESS], group:runner:rl[ACCESS]]","isVersionEnabled":"false","storageType":"SSD","creationTime":"1760989890081","bucketEncryptionKey":null,"modificationTime":"1760989890081","usedBytes":"0","usedNamespace":"0","snapshotUsedBytes":"0","snapshotUsedNamespace":"0","owner":"runner","replicationType":null,"replicationConfig":null,"quotaInBytes":"-1","quotaInNamespace":"-1","Transaction":"605"} | ret=SUCCESS |  
2025-10-20 19:51:30,083 | INFO  | OMAudit | user=runner | ip=127.0.0.1 | op=READ_BUCKET {"volume":"951c2b23-b9f2-44f6-ab55-8701be64d3a4","bucket":"07530fa4-9764-4efc-9570-43e94ae36700"} | ret=SUCCESS |  
]]></system-out>
  </testcase>
  <testcase name="testCreateBucketWithVersioning" classname="org.apache.hadoop.ozone.client.rpc.TestSecureOzoneRpcClient" time="0.007">
    <system-out><![CDATA[2025-10-20 19:51:30,084 [ForkJoinPool-1-worker-1] INFO  rpc.RpcClient (RpcClient.java:createVolume(461)) - Creating Volume: c9335026-fd14-4e5f-a6d3-f519567d75bf, with runner as owner and space quota set to -1 bytes, counts quota set to -1
2025-10-20 19:51:30,086 [om1-OMStateMachineApplyTransactionThread - 0] INFO  volume.OMVolumeCreateRequest (OMVolumeCreateRequest.java:validateAndUpdateCache(213)) - created volume:c9335026-fd14-4e5f-a6d3-f519567d75bf for user:runner
2025-10-20 19:51:30,086 | INFO  | OMAudit | user=runner | ip=127.0.0.1 | op=CREATE_VOLUME {"admin":"runner","owner":"runner","volume":"c9335026-fd14-4e5f-a6d3-f519567d75bf","creationTime":"1760989890085","modificationTime":"1760989890085","quotaInBytes":"-1","quotaInNamespace":"-1","usedNamespace":"0","objectID":"-9223372036854620672","updateID":"606","Transaction":"606"} | ret=SUCCESS |  
2025-10-20 19:51:30,087 | INFO  | OMAudit | user=runner | ip=127.0.0.1 | op=READ_VOLUME {"volume":"c9335026-fd14-4e5f-a6d3-f519567d75bf"} | ret=SUCCESS |  
2025-10-20 19:51:30,088 [ForkJoinPool-1-worker-1] INFO  rpc.RpcClient (RpcClient.java:createBucket(686)) - Creating Bucket: c9335026-fd14-4e5f-a6d3-f519567d75bf/b5937797-b125-4772-8548-589266393d12, with server-side default bucket layout, runner as owner, Versioning true, Storage Type set to DISK and Encryption set to false, Replication Type set to server-side default replication type, Namespace Quota set to -1, Space Quota set to -1 
2025-10-20 19:51:30,089 [om1-OMStateMachineApplyTransactionThread - 0] INFO  bucket.OMBucketCreateRequest (OMBucketCreateRequest.java:validateAndUpdateCache(303)) - created bucket: b5937797-b125-4772-8548-589266393d12 of layout FILE_SYSTEM_OPTIMIZED in volume: c9335026-fd14-4e5f-a6d3-f519567d75bf
2025-10-20 19:51:30,089 | INFO  | OMAudit | user=runner | ip=127.0.0.1 | op=CREATE_BUCKET {"volume":"c9335026-fd14-4e5f-a6d3-f519567d75bf","bucket":"b5937797-b125-4772-8548-589266393d12","bucketLayout":"FILE_SYSTEM_OPTIMIZED","gdprEnabled":null,"acls":"[user:runner:a[ACCESS], group:runner:rl[ACCESS]]","isVersionEnabled":"true","storageType":"DISK","creationTime":"1760989890088","bucketEncryptionKey":null,"modificationTime":"1760989890088","usedBytes":"0","usedNamespace":"0","snapshotUsedBytes":"0","snapshotUsedNamespace":"0","owner":"runner","replicationType":null,"replicationConfig":null,"quotaInBytes":"-1","quotaInNamespace":"-1","Transaction":"607"} | ret=SUCCESS |  
2025-10-20 19:51:30,090 | INFO  | OMAudit | user=runner | ip=127.0.0.1 | op=READ_BUCKET {"volume":"c9335026-fd14-4e5f-a6d3-f519567d75bf","bucket":"b5937797-b125-4772-8548-589266393d12"} | ret=SUCCESS |  
]]></system-out>
  </testcase>
  <testcase name="testCreateKeyWithMetadataAndTags(BucketLayout)[1]" classname="org.apache.hadoop.ozone.client.rpc.TestSecureOzoneRpcClient" time="0.027">
    <system-out><![CDATA[2025-10-20 19:51:30,094 [ForkJoinPool-1-worker-1] INFO  rpc.RpcClient (RpcClient.java:createVolume(461)) - Creating Volume: 3d74ca7f-cdb4-47a4-bdc4-5c62dba038a5, with runner as owner and space quota set to -1 bytes, counts quota set to -1
2025-10-20 19:51:30,096 [om1-OMStateMachineApplyTransactionThread - 0] INFO  volume.OMVolumeCreateRequest (OMVolumeCreateRequest.java:validateAndUpdateCache(213)) - created volume:3d74ca7f-cdb4-47a4-bdc4-5c62dba038a5 for user:runner
2025-10-20 19:51:30,096 | INFO  | OMAudit | user=runner | ip=127.0.0.1 | op=CREATE_VOLUME {"admin":"runner","owner":"runner","volume":"3d74ca7f-cdb4-47a4-bdc4-5c62dba038a5","creationTime":"1760989890095","modificationTime":"1760989890095","quotaInBytes":"-1","quotaInNamespace":"-1","usedNamespace":"0","objectID":"-9223372036854620160","updateID":"608","Transaction":"608"} | ret=SUCCESS |  
2025-10-20 19:51:30,098 | INFO  | OMAudit | user=runner | ip=127.0.0.1 | op=READ_VOLUME {"volume":"3d74ca7f-cdb4-47a4-bdc4-5c62dba038a5"} | ret=SUCCESS |  
2025-10-20 19:51:30,098 [ForkJoinPool-1-worker-1] INFO  rpc.RpcClient (RpcClient.java:createBucket(686)) - Creating Bucket: 3d74ca7f-cdb4-47a4-bdc4-5c62dba038a5/94e6d9be-808a-4303-ae64-6c269e411b6d, with bucket layout OBJECT_STORE, runner as owner, Versioning false, Storage Type set to DISK and Encryption set to false, Replication Type set to server-side default replication type, Namespace Quota set to -1, Space Quota set to -1 
2025-10-20 19:51:30,100 [om1-OMStateMachineApplyTransactionThread - 0] INFO  bucket.OMBucketCreateRequest (OMBucketCreateRequest.java:validateAndUpdateCache(303)) - created bucket: 94e6d9be-808a-4303-ae64-6c269e411b6d of layout OBJECT_STORE in volume: 3d74ca7f-cdb4-47a4-bdc4-5c62dba038a5
2025-10-20 19:51:30,100 | INFO  | OMAudit | user=runner | ip=127.0.0.1 | op=CREATE_BUCKET {"volume":"3d74ca7f-cdb4-47a4-bdc4-5c62dba038a5","bucket":"94e6d9be-808a-4303-ae64-6c269e411b6d","bucketLayout":"OBJECT_STORE","gdprEnabled":null,"acls":"[user:runner:a[ACCESS], group:runner:rl[ACCESS]]","isVersionEnabled":"false","storageType":"DISK","creationTime":"1760989890099","bucketEncryptionKey":null,"modificationTime":"1760989890099","usedBytes":"0","usedNamespace":"0","snapshotUsedBytes":"0","snapshotUsedNamespace":"0","owner":"runner","replicationType":null,"replicationConfig":null,"quotaInBytes":"-1","quotaInNamespace":"-1","Transaction":"609"} | ret=SUCCESS |  
2025-10-20 19:51:30,101 | INFO  | OMAudit | user=runner | ip=127.0.0.1 | op=READ_BUCKET {"volume":"3d74ca7f-cdb4-47a4-bdc4-5c62dba038a5","bucket":"94e6d9be-808a-4303-ae64-6c269e411b6d"} | ret=SUCCESS |  
2025-10-20 19:51:30,102 | INFO  | OMAudit | user=runner | ip=127.0.0.1 | op=READ_BUCKET {"volume":"3d74ca7f-cdb4-47a4-bdc4-5c62dba038a5","bucket":"94e6d9be-808a-4303-ae64-6c269e411b6d"} | ret=SUCCESS |  
2025-10-20 19:51:30,102 | INFO  | SCMAudit | user=runner | ip=127.0.0.1 | op=ALLOCATE_BLOCK {"replication":"RATIS/ONE","owner":"omServiceIdDefault","size":"4194304","sampleBlocks":"[conID: 3 locID: 115816896921600182]","num":"1","client":"","allocated":"1"} | ret=SUCCESS |  
2025-10-20 19:51:30,105 | INFO  | OMAudit | user=runner | ip=127.0.0.1 | op=ALLOCATE_KEY {"volume":"3d74ca7f-cdb4-47a4-bdc4-5c62dba038a5","bucket":"94e6d9be-808a-4303-ae64-6c269e411b6d","key":"7adaec37-3fec-40b7-ad6d-292e959b97c8","dataSize":"12","replicationType":"RATIS","replicationFactor":"ONE","Transaction":"610"} | ret=SUCCESS |  
2025-10-20 19:51:30,112 | INFO  | OMAudit | user=runner | ip=127.0.0.1 | op=COMMIT_KEY {"volume":"3d74ca7f-cdb4-47a4-bdc4-5c62dba038a5","bucket":"94e6d9be-808a-4303-ae64-6c269e411b6d","key":"7adaec37-3fec-40b7-ad6d-292e959b97c8","dataSize":"12","replicationType":"RATIS","replicationFactor":"ONE","Transaction":"611"} | ret=SUCCESS |  
2025-10-20 19:51:30,115 | INFO  | OMAudit | user=runner | ip=127.0.0.1 | op=READ_KEY {"volume":"3d74ca7f-cdb4-47a4-bdc4-5c62dba038a5","bucket":"94e6d9be-808a-4303-ae64-6c269e411b6d","key":"7adaec37-3fec-40b7-ad6d-292e959b97c8","owner":null,"dataSize":"0","replicationConfig":null} | ret=SUCCESS |  
]]></system-out>
  </testcase>
  <testcase name="testCreateKeyWithMetadataAndTags(BucketLayout)[2]" classname="org.apache.hadoop.ozone.client.rpc.TestSecureOzoneRpcClient" time="0.03">
    <system-out><![CDATA[2025-10-20 19:51:30,121 [ForkJoinPool-1-worker-1] INFO  rpc.RpcClient (RpcClient.java:createVolume(461)) - Creating Volume: cede00d2-9f97-4d1f-afa4-e6b679153a68, with runner as owner and space quota set to -1 bytes, counts quota set to -1
2025-10-20 19:51:30,123 [om1-OMStateMachineApplyTransactionThread - 0] INFO  volume.OMVolumeCreateRequest (OMVolumeCreateRequest.java:validateAndUpdateCache(213)) - created volume:cede00d2-9f97-4d1f-afa4-e6b679153a68 for user:runner
2025-10-20 19:51:30,123 | INFO  | OMAudit | user=runner | ip=127.0.0.1 | op=CREATE_VOLUME {"admin":"runner","owner":"runner","volume":"cede00d2-9f97-4d1f-afa4-e6b679153a68","creationTime":"1760989890122","modificationTime":"1760989890122","quotaInBytes":"-1","quotaInNamespace":"-1","usedNamespace":"0","objectID":"-9223372036854619136","updateID":"612","Transaction":"612"} | ret=SUCCESS |  
2025-10-20 19:51:30,125 | INFO  | OMAudit | user=runner | ip=127.0.0.1 | op=READ_VOLUME {"volume":"cede00d2-9f97-4d1f-afa4-e6b679153a68"} | ret=SUCCESS |  
2025-10-20 19:51:30,125 [ForkJoinPool-1-worker-1] INFO  rpc.RpcClient (RpcClient.java:createBucket(686)) - Creating Bucket: cede00d2-9f97-4d1f-afa4-e6b679153a68/397c4ae7-4275-4e8a-ada0-615468cfcbd3, with bucket layout LEGACY, runner as owner, Versioning false, Storage Type set to DISK and Encryption set to false, Replication Type set to server-side default replication type, Namespace Quota set to -1, Space Quota set to -1 
2025-10-20 19:51:30,127 [om1-OMStateMachineApplyTransactionThread - 0] INFO  bucket.OMBucketCreateRequest (OMBucketCreateRequest.java:validateAndUpdateCache(303)) - created bucket: 397c4ae7-4275-4e8a-ada0-615468cfcbd3 of layout LEGACY in volume: cede00d2-9f97-4d1f-afa4-e6b679153a68
2025-10-20 19:51:30,127 | INFO  | OMAudit | user=runner | ip=127.0.0.1 | op=CREATE_BUCKET {"volume":"cede00d2-9f97-4d1f-afa4-e6b679153a68","bucket":"397c4ae7-4275-4e8a-ada0-615468cfcbd3","bucketLayout":"LEGACY","gdprEnabled":null,"acls":"[user:runner:a[ACCESS], group:runner:rl[ACCESS]]","isVersionEnabled":"false","storageType":"DISK","creationTime":"1760989890126","bucketEncryptionKey":null,"modificationTime":"1760989890126","usedBytes":"0","usedNamespace":"0","snapshotUsedBytes":"0","snapshotUsedNamespace":"0","owner":"runner","replicationType":null,"replicationConfig":null,"quotaInBytes":"-1","quotaInNamespace":"-1","Transaction":"613"} | ret=SUCCESS |  
2025-10-20 19:51:30,128 | INFO  | OMAudit | user=runner | ip=127.0.0.1 | op=READ_BUCKET {"volume":"cede00d2-9f97-4d1f-afa4-e6b679153a68","bucket":"397c4ae7-4275-4e8a-ada0-615468cfcbd3"} | ret=SUCCESS |  
2025-10-20 19:51:30,129 | INFO  | OMAudit | user=runner | ip=127.0.0.1 | op=READ_BUCKET {"volume":"cede00d2-9f97-4d1f-afa4-e6b679153a68","bucket":"397c4ae7-4275-4e8a-ada0-615468cfcbd3"} | ret=SUCCESS |  
2025-10-20 19:51:30,130 | INFO  | SCMAudit | user=runner | ip=127.0.0.1 | op=ALLOCATE_BLOCK {"replication":"RATIS/ONE","owner":"omServiceIdDefault","size":"4194304","sampleBlocks":"[conID: 1 locID: 115816896921600183]","num":"1","client":"","allocated":"1"} | ret=SUCCESS |  
2025-10-20 19:51:30,132 | INFO  | OMAudit | user=runner | ip=127.0.0.1 | op=ALLOCATE_KEY {"volume":"cede00d2-9f97-4d1f-afa4-e6b679153a68","bucket":"397c4ae7-4275-4e8a-ada0-615468cfcbd3","key":"64339294-81af-4413-9680-bd6adcd39d16","dataSize":"12","replicationType":"RATIS","replicationFactor":"ONE","Transaction":"614"} | ret=SUCCESS |  
2025-10-20 19:51:30,148 | INFO  | OMAudit | user=runner | ip=127.0.0.1 | op=COMMIT_KEY {"volume":"cede00d2-9f97-4d1f-afa4-e6b679153a68","bucket":"397c4ae7-4275-4e8a-ada0-615468cfcbd3","key":"64339294-81af-4413-9680-bd6adcd39d16","dataSize":"12","replicationType":"RATIS","replicationFactor":"ONE","Transaction":"615"} | ret=SUCCESS |  
2025-10-20 19:51:30,149 | INFO  | OMAudit | user=runner | ip=127.0.0.1 | op=READ_KEY {"volume":"cede00d2-9f97-4d1f-afa4-e6b679153a68","bucket":"397c4ae7-4275-4e8a-ada0-615468cfcbd3","key":"64339294-81af-4413-9680-bd6adcd39d16","owner":null,"dataSize":"0","replicationConfig":null} | ret=SUCCESS |  
2025-10-20 19:51:30,150 [om1-KeyDeletingService#6] INFO  service.KeyDeletingService (KeyDeletingService.java:processKeyDeletes(151)) - Send 2 key(s) to SCM, first 2 keys: [PurgedKey{blockGroup=BlockGroup[groupID='/8fec8aa5-c9d2-4d4e-b1da-3ee4dac04b62/e441f5de-474a-4b59-b8e9-db0833873a6b/042b9ba1-8672-481b-818a-878586fd3f21/019a032d-44cf-7b30-a9f6-7d64705180fb-115408233414197394/-9223372036854625023/0', blockIDs=[conID: 9 locID: 115816896921600180 bcsId: 0 replicaIndex: null, conID: 2 locID: 115816896921600181 bcsId: 0 replicaIndex: null]], volume='8fec8aa5-c9d2-4d4e-b1da-3ee4dac04b62', bucket='e441f5de-474a-4b59-b8e9-db0833873a6b', bucketId=-9223372036854626560, purgedBytes=5242880, isCommittedKey=false, deleteKeyName='/8fec8aa5-c9d2-4d4e-b1da-3ee4dac04b62/e441f5de-474a-4b59-b8e9-db0833873a6b/042b9ba1-8672-481b-818a-878586fd3f21/019a032d-44cf-7b30-a9f6-7d64705180fb-115408233414197394/-9223372036854625023'}, PurgedKey{blockGroup=BlockGroup[groupID='/9c9f2200-df10-445e-a97d-7d5abb84286f/07a5d1ba-318a-4c6d-8786-2b661809e39c/9e5d1f25-779b-4af9-8847-cd10ad45afe5/-9223372036854627840/0', blockIDs=[conID: 27 locID: 115816896921600176 bcsId: 0 replicaIndex: null]], volume='9c9f2200-df10-445e-a97d-7d5abb84286f', bucket='07a5d1ba-318a-4c6d-8786-2b661809e39c', bucketId=-9223372036854631424, purgedBytes=4194304, isCommittedKey=false, deleteKeyName='/9c9f2200-df10-445e-a97d-7d5abb84286f/07a5d1ba-318a-4c6d-8786-2b661809e39c/9e5d1f25-779b-4af9-8847-cd10ad45afe5/-9223372036854627840'}]
]]></system-out>
  </testcase>
  <testcase name="testCreateKeyWithMetadataAndTags(BucketLayout)[3]" classname="org.apache.hadoop.ozone.client.rpc.TestSecureOzoneRpcClient" time="0.026">
    <system-out><![CDATA[2025-10-20 19:51:30,152 [ForkJoinPool-1-worker-1] INFO  rpc.RpcClient (RpcClient.java:createVolume(461)) - Creating Volume: 3715ae20-4884-448c-b9ee-d2bf1b8c988c, with runner as owner and space quota set to -1 bytes, counts quota set to -1
2025-10-20 19:51:30,155 | INFO  | SCMAudit | user=runner | ip=127.0.0.1 | op=DELETE_KEY_BLOCK {"KeyBlockToDelete":"[BlockGroup[groupID='/8fec8aa5-c9d2-4d4e-b1da-3ee4dac04b62/e441f5de-474a-4b59-b8e9-db0833873a6b/042b9ba1-8672-481b-818a-878586fd3f21/019a032d-44cf-7b30-a9f6-7d64705180fb-115408233414197394/-9223372036854625023/0', blockIDs=[conID: 9 locID: 115816896921600180 bcsId: 0 replicaIndex: null, conID: 2 locID: 115816896921600181 bcsId: 0 replicaIndex: null]], BlockGroup[groupID='/9c9f2200-df10-445e-a97d-7d5abb84286f/07a5d1ba-318a-4c6d-8786-2b661809e39c/9e5d1f25-779b-4af9-8847-cd10ad45afe5/-9223372036854627840/0', blockIDs=[conID: 27 locID: 115816896921600176 bcsId: 0 replicaIndex: null]]]"} | ret=SUCCESS |  
2025-10-20 19:51:30,154 [pool-66-thread-13] INFO  service.DirectoryDeletingService (DirectoryDeletingService.java:optimizeDirDeletesAndSubmitRequest(313)) - Number of dirs deleted: 2, Number of sub-dir deleted: 0, Number of sub-files moved: 0 to DeletedTable, Number of sub-dirs moved 0 to DeletedDirectoryTable, iteration elapsed: 7ms,  totalRunCount: 97
2025-10-20 19:51:30,155 [om1-KeyDeletingService#6] INFO  service.KeyDeletingService (KeyDeletingService.java:processKeyDeletes(158)) - 2 BlockGroup deletion are acked by SCM in 5 ms
2025-10-20 19:51:30,155 [om1-OMStateMachineApplyTransactionThread - 0] INFO  volume.OMVolumeCreateRequest (OMVolumeCreateRequest.java:validateAndUpdateCache(213)) - created volume:3715ae20-4884-448c-b9ee-d2bf1b8c988c for user:runner
2025-10-20 19:51:30,155 | INFO  | OMAudit | user=runner | ip=127.0.0.1 | op=CREATE_VOLUME {"admin":"runner","owner":"runner","volume":"3715ae20-4884-448c-b9ee-d2bf1b8c988c","creationTime":"1760989890153","modificationTime":"1760989890153","quotaInBytes":"-1","quotaInNamespace":"-1","usedNamespace":"0","objectID":"-9223372036854617856","updateID":"617","Transaction":"617"} | ret=SUCCESS |  
2025-10-20 19:51:30,158 | INFO  | OMAudit | user=runner | ip=127.0.0.1 | op=READ_VOLUME {"volume":"3715ae20-4884-448c-b9ee-d2bf1b8c988c"} | ret=SUCCESS |  
2025-10-20 19:51:30,159 [ForkJoinPool-1-worker-1] INFO  rpc.RpcClient (RpcClient.java:createBucket(686)) - Creating Bucket: 3715ae20-4884-448c-b9ee-d2bf1b8c988c/045e3e63-2961-43c2-99e2-5f4579873fbf, with bucket layout FILE_SYSTEM_OPTIMIZED, runner as owner, Versioning false, Storage Type set to DISK and Encryption set to false, Replication Type set to server-side default replication type, Namespace Quota set to -1, Space Quota set to -1 
2025-10-20 19:51:30,160 [om1-KeyDeletingService#6] INFO  service.KeyDeletingService (KeyDeletingService.java:processKeyDeletes(166)) - Blocks for 2 (out of 2) keys are deleted from DB in 5 ms. Limit per task is 50000.
2025-10-20 19:51:30,162 [om1-OMStateMachineApplyTransactionThread - 0] INFO  bucket.OMBucketCreateRequest (OMBucketCreateRequest.java:validateAndUpdateCache(303)) - created bucket: 045e3e63-2961-43c2-99e2-5f4579873fbf of layout FILE_SYSTEM_OPTIMIZED in volume: 3715ae20-4884-448c-b9ee-d2bf1b8c988c
2025-10-20 19:51:30,162 | INFO  | OMAudit | user=runner | ip=127.0.0.1 | op=CREATE_BUCKET {"volume":"3715ae20-4884-448c-b9ee-d2bf1b8c988c","bucket":"045e3e63-2961-43c2-99e2-5f4579873fbf","bucketLayout":"FILE_SYSTEM_OPTIMIZED","gdprEnabled":null,"acls":"[user:runner:a[ACCESS], group:runner:rl[ACCESS]]","isVersionEnabled":"false","storageType":"DISK","creationTime":"1760989890160","bucketEncryptionKey":null,"modificationTime":"1760989890160","usedBytes":"0","usedNamespace":"0","snapshotUsedBytes":"0","snapshotUsedNamespace":"0","owner":"runner","replicationType":null,"replicationConfig":null,"quotaInBytes":"-1","quotaInNamespace":"-1","Transaction":"619"} | ret=SUCCESS |  
2025-10-20 19:51:30,163 | INFO  | OMAudit | user=runner | ip=127.0.0.1 | op=READ_BUCKET {"volume":"3715ae20-4884-448c-b9ee-d2bf1b8c988c","bucket":"045e3e63-2961-43c2-99e2-5f4579873fbf"} | ret=SUCCESS |  
2025-10-20 19:51:30,164 | INFO  | OMAudit | user=runner | ip=127.0.0.1 | op=READ_BUCKET {"volume":"3715ae20-4884-448c-b9ee-d2bf1b8c988c","bucket":"045e3e63-2961-43c2-99e2-5f4579873fbf"} | ret=SUCCESS |  
2025-10-20 19:51:30,165 | INFO  | SCMAudit | user=runner | ip=127.0.0.1 | op=ALLOCATE_BLOCK {"replication":"RATIS/ONE","owner":"omServiceIdDefault","size":"4194304","sampleBlocks":"[conID: 2 locID: 115816896921600184]","num":"1","client":"","allocated":"1"} | ret=SUCCESS |  
2025-10-20 19:51:30,167 | INFO  | OMAudit | user=runner | ip=127.0.0.1 | op=ALLOCATE_KEY {"volume":"3715ae20-4884-448c-b9ee-d2bf1b8c988c","bucket":"045e3e63-2961-43c2-99e2-5f4579873fbf","key":"0476c638-88a1-4e3d-b8b4-4e771692b866","dataSize":"12","replicationType":"RATIS","replicationFactor":"ONE","Transaction":"620"} | ret=SUCCESS |  
2025-10-20 19:51:30,173 | INFO  | SCMAudit | user=runner | ip=127.0.0.1 | op=SEND_HEARTBEAT {"datanodeUUID":"ef67b0a7-5b27-496d-9f38-ab804a28e500","term":"2","command":"[]"} | ret=SUCCESS |  
2025-10-20 19:51:30,175 | INFO  | SCMAudit | user=runner | ip=127.0.0.1 | op=SEND_HEARTBEAT {"datanodeUUID":"7bb0e7f0-2b36-4ec0-8a09-ceac75d91a36","term":"2","command":"[]"} | ret=SUCCESS |  
2025-10-20 19:51:30,175 | INFO  | OMAudit | user=runner | ip=127.0.0.1 | op=COMMIT_KEY {"volume":"3715ae20-4884-448c-b9ee-d2bf1b8c988c","bucket":"045e3e63-2961-43c2-99e2-5f4579873fbf","key":"0476c638-88a1-4e3d-b8b4-4e771692b866","dataSize":"12","replicationType":"RATIS","replicationFactor":"ONE","Transaction":"621"} | ret=SUCCESS |  
2025-10-20 19:51:30,177 | INFO  | OMAudit | user=runner | ip=127.0.0.1 | op=READ_KEY {"volume":"3715ae20-4884-448c-b9ee-d2bf1b8c988c","bucket":"045e3e63-2961-43c2-99e2-5f4579873fbf","key":"0476c638-88a1-4e3d-b8b4-4e771692b866","owner":null,"dataSize":"0","replicationConfig":null} | ret=SUCCESS |  
]]></system-out>
  </testcase>
  <testcase name="testCreateS3Bucket" classname="org.apache.hadoop.ozone.client.rpc.TestSecureOzoneRpcClient" time="0.012">
    <system-out><![CDATA[2025-10-20 19:51:30,182 | INFO  | OMAudit | user=runner | ip=127.0.0.1 | op=READ_VOLUME {"volume":"s3v"} | ret=SUCCESS |  
2025-10-20 19:51:30,185 [ForkJoinPool-1-worker-1] INFO  rpc.RpcClient (RpcClient.java:createBucket(686)) - Creating Bucket: s3v/f8a1935a-3d4f-4a2b-9b3f-d645737237cf, with bucket layout OBJECT_STORE, runner as owner, Versioning false, Storage Type set to DISK and Encryption set to false, Replication Type set to server-side default replication type, Namespace Quota set to -1, Space Quota set to -1 
2025-10-20 19:51:30,188 [om1-OMStateMachineApplyTransactionThread - 0] INFO  bucket.OMBucketCreateRequest (OMBucketCreateRequest.java:validateAndUpdateCache(303)) - created bucket: f8a1935a-3d4f-4a2b-9b3f-d645737237cf of layout OBJECT_STORE in volume: s3v
2025-10-20 19:51:30,188 | INFO  | OMAudit | user=runner | ip=127.0.0.1 | op=CREATE_BUCKET {"volume":"s3v","bucket":"f8a1935a-3d4f-4a2b-9b3f-d645737237cf","bucketLayout":"OBJECT_STORE","gdprEnabled":null,"acls":"[user:runner:a[ACCESS], group:runner:rl[ACCESS]]","isVersionEnabled":"false","storageType":"DISK","creationTime":"1760989890186","bucketEncryptionKey":null,"modificationTime":"1760989890186","usedBytes":"0","usedNamespace":"0","snapshotUsedBytes":"0","snapshotUsedNamespace":"0","owner":"runner","replicationType":null,"replicationConfig":null,"quotaInBytes":"-1","quotaInNamespace":"-1","Transaction":"622"} | ret=SUCCESS |  
2025-10-20 19:51:30,189 | INFO  | OMAudit | user=runner | ip=127.0.0.1 | op=READ_VOLUME {"volume":"s3v"} | ret=SUCCESS |  
2025-10-20 19:51:30,190 | INFO  | OMAudit | user=runner | ip=127.0.0.1 | op=READ_BUCKET {"volume":"s3v","bucket":"f8a1935a-3d4f-4a2b-9b3f-d645737237cf"} | ret=SUCCESS |  
]]></system-out>
  </testcase>
  <testcase name="testCreateVolumeWithMetadata" classname="org.apache.hadoop.ozone.client.rpc.TestSecureOzoneRpcClient" time="0.011">
    <system-out><![CDATA[2025-10-20 19:51:30,193 [ForkJoinPool-1-worker-1] INFO  rpc.RpcClient (RpcClient.java:createVolume(461)) - Creating Volume: 392875e9-c5a4-4446-b41f-ea8fe8ea6ee3, with runner as owner and space quota set to -1 bytes, counts quota set to -1
2025-10-20 19:51:30,197 [om1-OMStateMachineApplyTransactionThread - 0] INFO  volume.OMVolumeCreateRequest (OMVolumeCreateRequest.java:validateAndUpdateCache(213)) - created volume:392875e9-c5a4-4446-b41f-ea8fe8ea6ee3 for user:runner
2025-10-20 19:51:30,197 | INFO  | OMAudit | user=runner | ip=127.0.0.1 | op=CREATE_VOLUME {"admin":"runner","owner":"runner","volume":"392875e9-c5a4-4446-b41f-ea8fe8ea6ee3","creationTime":"1760989890195","modificationTime":"1760989890195","quotaInBytes":"-1","quotaInNamespace":"-1","usedNamespace":"0","objectID":"-9223372036854616320","updateID":"623","Transaction":"623"} | ret=SUCCESS |  
2025-10-20 19:51:30,200 | INFO  | OMAudit | user=runner | ip=127.0.0.1 | op=READ_VOLUME {"volume":"392875e9-c5a4-4446-b41f-ea8fe8ea6ee3"} | ret=SUCCESS |  
]]></system-out>
  </testcase>
  <testcase name="testDefaultS3GVolumeExists" classname="org.apache.hadoop.ozone.client.rpc.TestSecureOzoneRpcClient" time="0.004">
    <system-out><![CDATA[2025-10-20 19:51:30,206 | INFO  | OMAudit | user=runner | ip=127.0.0.1 | op=READ_VOLUME {"volume":"s3v"} | ret=SUCCESS |  
]]></system-out>
  </testcase>
  <testcase name="testDeleteAuditLog" classname="org.apache.hadoop.ozone.client.rpc.TestSecureOzoneRpcClient" time="0.152">
    <system-out><![CDATA[2025-10-20 19:51:30,209 [ForkJoinPool-1-worker-1] INFO  rpc.RpcClient (RpcClient.java:createVolume(461)) - Creating Volume: ea3dea63-05c2-4b12-be43-cfcd5ddcbffa, with runner as owner and space quota set to -1 bytes, counts quota set to -1
2025-10-20 19:51:30,212 [om1-OMStateMachineApplyTransactionThread - 0] INFO  volume.OMVolumeCreateRequest (OMVolumeCreateRequest.java:validateAndUpdateCache(213)) - created volume:ea3dea63-05c2-4b12-be43-cfcd5ddcbffa for user:runner
2025-10-20 19:51:30,213 | INFO  | OMAudit | user=runner | ip=127.0.0.1 | op=CREATE_VOLUME {"admin":"runner","owner":"runner","volume":"ea3dea63-05c2-4b12-be43-cfcd5ddcbffa","creationTime":"1760989890210","modificationTime":"1760989890210","quotaInBytes":"-1","quotaInNamespace":"-1","usedNamespace":"0","objectID":"-9223372036854616064","updateID":"624","Transaction":"624"} | ret=SUCCESS |  
2025-10-20 19:51:30,215 | INFO  | OMAudit | user=runner | ip=127.0.0.1 | op=READ_VOLUME {"volume":"ea3dea63-05c2-4b12-be43-cfcd5ddcbffa"} | ret=SUCCESS |  
2025-10-20 19:51:30,216 [ForkJoinPool-1-worker-1] INFO  rpc.RpcClient (RpcClient.java:createBucket(686)) - Creating Bucket: ea3dea63-05c2-4b12-be43-cfcd5ddcbffa/87462a21-fc51-4dd1-8423-4b347e065bd8, with server-side default bucket layout, runner as owner, Versioning false, Storage Type set to DISK and Encryption set to false, Replication Type set to server-side default replication type, Namespace Quota set to -1, Space Quota set to -1 
2025-10-20 19:51:30,220 [om1-OMStateMachineApplyTransactionThread - 0] INFO  bucket.OMBucketCreateRequest (OMBucketCreateRequest.java:validateAndUpdateCache(303)) - created bucket: 87462a21-fc51-4dd1-8423-4b347e065bd8 of layout FILE_SYSTEM_OPTIMIZED in volume: ea3dea63-05c2-4b12-be43-cfcd5ddcbffa
2025-10-20 19:51:30,220 | INFO  | OMAudit | user=runner | ip=127.0.0.1 | op=CREATE_BUCKET {"volume":"ea3dea63-05c2-4b12-be43-cfcd5ddcbffa","bucket":"87462a21-fc51-4dd1-8423-4b347e065bd8","bucketLayout":"FILE_SYSTEM_OPTIMIZED","gdprEnabled":null,"acls":"[user:runner:a[ACCESS], group:runner:rl[ACCESS]]","isVersionEnabled":"false","storageType":"DISK","creationTime":"1760989890217","bucketEncryptionKey":null,"modificationTime":"1760989890217","usedBytes":"0","usedNamespace":"0","snapshotUsedBytes":"0","snapshotUsedNamespace":"0","owner":"runner","replicationType":null,"replicationConfig":null,"quotaInBytes":"-1","quotaInNamespace":"-1","Transaction":"625"} | ret=SUCCESS |  
2025-10-20 19:51:30,222 | INFO  | OMAudit | user=runner | ip=127.0.0.1 | op=READ_BUCKET {"volume":"ea3dea63-05c2-4b12-be43-cfcd5ddcbffa","bucket":"87462a21-fc51-4dd1-8423-4b347e065bd8"} | ret=SUCCESS |  
2025-10-20 19:51:30,229 | INFO  | OMAudit | user=runner | ip=127.0.0.1 | op=READ_BUCKET {"volume":"ea3dea63-05c2-4b12-be43-cfcd5ddcbffa","bucket":"87462a21-fc51-4dd1-8423-4b347e065bd8"} | ret=SUCCESS |  
2025-10-20 19:51:30,231 | INFO  | SCMAudit | user=runner | ip=127.0.0.1 | op=ALLOCATE_BLOCK {"replication":"RATIS/THREE","owner":"omServiceIdDefault","size":"4194304","sampleBlocks":"[conID: 14 locID: 115816896921600185]","num":"1","client":"","allocated":"1"} | ret=SUCCESS |  
2025-10-20 19:51:30,239 | INFO  | OMAudit | user=runner | ip=127.0.0.1 | op=ALLOCATE_KEY {"volume":"ea3dea63-05c2-4b12-be43-cfcd5ddcbffa","bucket":"87462a21-fc51-4dd1-8423-4b347e065bd8","key":"key1","dataSize":"12","replicationType":"RATIS","replicationFactor":"THREE","Transaction":"626"} | ret=SUCCESS |  
2025-10-20 19:51:30,263 | INFO  | SCMAudit | user=runner | ip=127.0.0.1 | op=SEND_HEARTBEAT {"datanodeUUID":"af0e5da1-57af-45e9-9aca-fa0798d05628","term":"2","command":"[]"} | ret=SUCCESS |  
2025-10-20 19:51:30,267 | INFO  | OMAudit | user=runner | ip=127.0.0.1 | op=COMMIT_KEY {"volume":"ea3dea63-05c2-4b12-be43-cfcd5ddcbffa","bucket":"87462a21-fc51-4dd1-8423-4b347e065bd8","key":"key1","dataSize":"12","replicationType":"RATIS","replicationFactor":"THREE","Transaction":"627"} | ret=SUCCESS |  
2025-10-20 19:51:30,269 | INFO  | OMAudit | user=runner | ip=127.0.0.1 | op=READ_BUCKET {"volume":"ea3dea63-05c2-4b12-be43-cfcd5ddcbffa","bucket":"87462a21-fc51-4dd1-8423-4b347e065bd8"} | ret=SUCCESS |  
2025-10-20 19:51:30,270 | INFO  | SCMAudit | user=runner | ip=127.0.0.1 | op=ALLOCATE_BLOCK {"replication":"EC{rs-3-2-1024k}","owner":"omServiceIdDefault","size":"4194304","sampleBlocks":"[conID: 22 locID: 115816896921600186]","num":"1","client":"","allocated":"1"} | ret=SUCCESS |  
2025-10-20 19:51:30,273 | INFO  | OMAudit | user=runner | ip=127.0.0.1 | op=ALLOCATE_KEY {"volume":"ea3dea63-05c2-4b12-be43-cfcd5ddcbffa","bucket":"87462a21-fc51-4dd1-8423-4b347e065bd8","key":"key2","dataSize":"12","replicationType":"EC","replicationConfig":"rs-3-2-1048576","Transaction":"628"} | ret=SUCCESS |  
2025-10-20 19:51:30,292 | INFO  | OMAudit | user=runner | ip=127.0.0.1 | op=COMMIT_KEY {"volume":"ea3dea63-05c2-4b12-be43-cfcd5ddcbffa","bucket":"87462a21-fc51-4dd1-8423-4b347e065bd8","key":"key2","dataSize":"12","replicationType":"EC","replicationConfig":"rs-3-2-1048576","Transaction":"629"} | ret=SUCCESS |  
2025-10-20 19:51:30,296 | INFO  | OMAudit | user=runner | ip=127.0.0.1 | op=CREATE_DIRECTORY {"volume":"ea3dea63-05c2-4b12-be43-cfcd5ddcbffa","bucket":"87462a21-fc51-4dd1-8423-4b347e065bd8","key":"dir1","dataSize":"0","Transaction":"630"} | ret=SUCCESS |  
2025-10-20 19:51:30,298 | INFO  | OMAudit | user=runner | ip=127.0.0.1 | op=READ_BUCKET {"volume":"ea3dea63-05c2-4b12-be43-cfcd5ddcbffa","bucket":"87462a21-fc51-4dd1-8423-4b347e065bd8"} | ret=SUCCESS |  
2025-10-20 19:51:30,298 | INFO  | SCMAudit | user=runner | ip=127.0.0.1 | op=ALLOCATE_BLOCK {"replication":"RATIS/THREE","owner":"omServiceIdDefault","size":"4194304","sampleBlocks":"[conID: 17 locID: 115816896921600187]","num":"1","client":"","allocated":"1"} | ret=SUCCESS |  
2025-10-20 19:51:30,301 | INFO  | OMAudit | user=runner | ip=127.0.0.1 | op=ALLOCATE_KEY {"volume":"ea3dea63-05c2-4b12-be43-cfcd5ddcbffa","bucket":"87462a21-fc51-4dd1-8423-4b347e065bd8","key":"key3","dataSize":"12","replicationType":"RATIS","replicationFactor":"THREE","Transaction":"631"} | ret=SUCCESS |  
2025-10-20 19:51:30,313 | INFO  | OMAudit | user=runner | ip=127.0.0.1 | op=COMMIT_KEY {"volume":"ea3dea63-05c2-4b12-be43-cfcd5ddcbffa","bucket":"87462a21-fc51-4dd1-8423-4b347e065bd8","key":"key3","dataSize":"12","replicationType":"RATIS","replicationFactor":"THREE","Transaction":"632"} | ret=SUCCESS |  
2025-10-20 19:51:30,316 | INFO  | OMAudit | user=runner | ip=127.0.0.1 | op=DELETE_KEY {"volume":"ea3dea63-05c2-4b12-be43-cfcd5ddcbffa","bucket":"87462a21-fc51-4dd1-8423-4b347e065bd8","key":"key1","dataSize":"12","replicationConfig":"RATIS/THREE","Transaction":"633"} | ret=SUCCESS |  
2025-10-20 19:51:30,319 | INFO  | OMAudit | user=runner | ip=127.0.0.1 | op=DELETE_KEY {"volume":"ea3dea63-05c2-4b12-be43-cfcd5ddcbffa","bucket":"87462a21-fc51-4dd1-8423-4b347e065bd8","key":"key2","dataSize":"12","replicationConfig":"EC{rs-3-2-1024k}","Transaction":"634"} | ret=SUCCESS |  
2025-10-20 19:51:30,322 | INFO  | OMAudit | user=runner | ip=127.0.0.1 | op=DELETE_KEY {"volume":"ea3dea63-05c2-4b12-be43-cfcd5ddcbffa","bucket":"87462a21-fc51-4dd1-8423-4b347e065bd8","key":"dir1","Transaction":"635"} | ret=SUCCESS |  
2025-10-20 19:51:30,323 | INFO  | OMAudit | user=runner | ip=127.0.0.1 | op=READ_BUCKET {"volume":"ea3dea63-05c2-4b12-be43-cfcd5ddcbffa","bucket":"87462a21-fc51-4dd1-8423-4b347e065bd8"} | ret=SUCCESS |  
2025-10-20 19:51:30,324 | INFO  | SCMAudit | user=runner | ip=127.0.0.1 | op=ALLOCATE_BLOCK {"replication":"RATIS/THREE","owner":"omServiceIdDefault","size":"4194304","sampleBlocks":"[conID: 19 locID: 115816896921600188]","num":"1","client":"","allocated":"1"} | ret=SUCCESS |  
2025-10-20 19:51:30,326 | INFO  | OMAudit | user=runner | ip=127.0.0.1 | op=ALLOCATE_KEY {"volume":"ea3dea63-05c2-4b12-be43-cfcd5ddcbffa","bucket":"87462a21-fc51-4dd1-8423-4b347e065bd8","key":"dir1/key4","dataSize":"12","replicationType":"RATIS","replicationFactor":"THREE","Transaction":"636"} | ret=SUCCESS |  
2025-10-20 19:51:30,340 | INFO  | OMAudit | user=runner | ip=127.0.0.1 | op=COMMIT_KEY {"volume":"ea3dea63-05c2-4b12-be43-cfcd5ddcbffa","bucket":"87462a21-fc51-4dd1-8423-4b347e065bd8","key":"dir1/key4","dataSize":"12","replicationType":"RATIS","replicationFactor":"THREE","Transaction":"637"} | ret=SUCCESS |  
2025-10-20 19:51:30,341 | INFO  | OMAudit | user=runner | ip=127.0.0.1 | op=READ_BUCKET {"volume":"ea3dea63-05c2-4b12-be43-cfcd5ddcbffa","bucket":"87462a21-fc51-4dd1-8423-4b347e065bd8"} | ret=SUCCESS |  
2025-10-20 19:51:30,342 | INFO  | SCMAudit | user=runner | ip=127.0.0.1 | op=ALLOCATE_BLOCK {"replication":"EC{rs-3-2-1024k}","owner":"omServiceIdDefault","size":"4194304","sampleBlocks":"[conID: 22 locID: 115816896921600189]","num":"1","client":"","allocated":"1"} | ret=SUCCESS |  
2025-10-20 19:51:30,345 | INFO  | OMAudit | user=runner | ip=127.0.0.1 | op=ALLOCATE_KEY {"volume":"ea3dea63-05c2-4b12-be43-cfcd5ddcbffa","bucket":"87462a21-fc51-4dd1-8423-4b347e065bd8","key":"dir1/key5","dataSize":"12","replicationType":"EC","replicationConfig":"rs-3-2-1048576","Transaction":"638"} | ret=SUCCESS |  
2025-10-20 19:51:30,355 | INFO  | OMAudit | user=runner | ip=127.0.0.1 | op=COMMIT_KEY {"volume":"ea3dea63-05c2-4b12-be43-cfcd5ddcbffa","bucket":"87462a21-fc51-4dd1-8423-4b347e065bd8","key":"dir1/key5","dataSize":"12","replicationType":"EC","replicationConfig":"rs-3-2-1048576","Transaction":"639"} | ret=SUCCESS |  
2025-10-20 19:51:30,359 | INFO  | OMAudit | user=runner | ip=127.0.0.1 | op=DELETE_KEYS {"volume":"ea3dea63-05c2-4b12-be43-cfcd5ddcbffa","bucket":"87462a21-fc51-4dd1-8423-4b347e065bd8","deletedKeysList":"{key=dir1/key4, dataSize=12, replicationConfig=RATIS/THREE}, {key=dir1/key5, dataSize=12, replicationConfig=EC{rs-3-2-1024k}}","unDeletedKeysList":"","Transaction":"640"} | ret=SUCCESS |  
]]></system-out>
  </testcase>
  <testcase name="testDeleteBucket" classname="org.apache.hadoop.ozone.client.rpc.TestSecureOzoneRpcClient" time="0.013">
    <system-out><![CDATA[2025-10-20 19:51:30,361 [ForkJoinPool-1-worker-1] INFO  rpc.RpcClient (RpcClient.java:createVolume(461)) - Creating Volume: deac7e99-4f7a-4474-a3ff-eb04c73ca860, with runner as owner and space quota set to -1 bytes, counts quota set to -1
2025-10-20 19:51:30,363 [om1-OMStateMachineApplyTransactionThread - 0] INFO  volume.OMVolumeCreateRequest (OMVolumeCreateRequest.java:validateAndUpdateCache(213)) - created volume:deac7e99-4f7a-4474-a3ff-eb04c73ca860 for user:runner
2025-10-20 19:51:30,363 | INFO  | OMAudit | user=runner | ip=127.0.0.1 | op=CREATE_VOLUME {"admin":"runner","owner":"runner","volume":"deac7e99-4f7a-4474-a3ff-eb04c73ca860","creationTime":"1760989890362","modificationTime":"1760989890362","quotaInBytes":"-1","quotaInNamespace":"-1","usedNamespace":"0","objectID":"-9223372036854611712","updateID":"641","Transaction":"641"} | ret=SUCCESS |  
2025-10-20 19:51:30,364 | INFO  | OMAudit | user=runner | ip=127.0.0.1 | op=READ_VOLUME {"volume":"deac7e99-4f7a-4474-a3ff-eb04c73ca860"} | ret=SUCCESS |  
2025-10-20 19:51:30,365 [ForkJoinPool-1-worker-1] INFO  rpc.RpcClient (RpcClient.java:createBucket(686)) - Creating Bucket: deac7e99-4f7a-4474-a3ff-eb04c73ca860/64f6a545-23dd-47f0-a47f-647f997a80e5, with server-side default bucket layout, runner as owner, Versioning false, Storage Type set to DISK and Encryption set to false, Replication Type set to server-side default replication type, Namespace Quota set to -1, Space Quota set to -1 
2025-10-20 19:51:30,367 [om1-OMStateMachineApplyTransactionThread - 0] INFO  bucket.OMBucketCreateRequest (OMBucketCreateRequest.java:validateAndUpdateCache(303)) - created bucket: 64f6a545-23dd-47f0-a47f-647f997a80e5 of layout FILE_SYSTEM_OPTIMIZED in volume: deac7e99-4f7a-4474-a3ff-eb04c73ca860
2025-10-20 19:51:30,367 | INFO  | OMAudit | user=runner | ip=127.0.0.1 | op=CREATE_BUCKET {"volume":"deac7e99-4f7a-4474-a3ff-eb04c73ca860","bucket":"64f6a545-23dd-47f0-a47f-647f997a80e5","bucketLayout":"FILE_SYSTEM_OPTIMIZED","gdprEnabled":null,"acls":"[user:runner:a[ACCESS], group:runner:rl[ACCESS]]","isVersionEnabled":"false","storageType":"DISK","creationTime":"1760989890365","bucketEncryptionKey":null,"modificationTime":"1760989890365","usedBytes":"0","usedNamespace":"0","snapshotUsedBytes":"0","snapshotUsedNamespace":"0","owner":"runner","replicationType":null,"replicationConfig":null,"quotaInBytes":"-1","quotaInNamespace":"-1","Transaction":"642"} | ret=SUCCESS |  
2025-10-20 19:51:30,369 | INFO  | OMAudit | user=runner | ip=127.0.0.1 | op=READ_BUCKET {"volume":"deac7e99-4f7a-4474-a3ff-eb04c73ca860","bucket":"64f6a545-23dd-47f0-a47f-647f997a80e5"} | ret=SUCCESS |  
2025-10-20 19:51:30,371 | INFO  | OMAudit | user=runner | ip=127.0.0.1 | op=DELETE_BUCKET {"volume":"deac7e99-4f7a-4474-a3ff-eb04c73ca860","bucket":"64f6a545-23dd-47f0-a47f-647f997a80e5","Transaction":"643"} | ret=SUCCESS |  
2025-10-20 19:51:30,372 | ERROR | OMAudit | user=runner | ip=127.0.0.1 | op=READ_BUCKET {"volume":"deac7e99-4f7a-4474-a3ff-eb04c73ca860","bucket":"64f6a545-23dd-47f0-a47f-647f997a80e5"} | ret=FAILURE | 
org.apache.hadoop.ozone.om.exceptions.OMException: Bucket not found
	at org.apache.hadoop.ozone.om.OzoneManager.getBucketOwner(OzoneManager.java:2726)
	at org.apache.hadoop.ozone.om.OzoneManager.getBucketOwner(OzoneManager.java:2694)
 
]]></system-out>
  </testcase>
  <testcase name="testDeleteBucketWithTheSamePrefix(BucketLayout)[1]" classname="org.apache.hadoop.ozone.client.rpc.TestSecureOzoneRpcClient" time="0.021">
    <system-out><![CDATA[2025-10-20 19:51:30,376 [ForkJoinPool-1-worker-1] INFO  rpc.RpcClient (RpcClient.java:createVolume(461)) - Creating Volume: 034bd79f-6450-470e-8fb4-0b45282e84a3, with runner as owner and space quota set to -1 bytes, counts quota set to -1
2025-10-20 19:51:30,377 [om1-OMStateMachineApplyTransactionThread - 0] INFO  volume.OMVolumeCreateRequest (OMVolumeCreateRequest.java:validateAndUpdateCache(213)) - created volume:034bd79f-6450-470e-8fb4-0b45282e84a3 for user:runner
2025-10-20 19:51:30,377 | INFO  | OMAudit | user=runner | ip=127.0.0.1 | op=CREATE_VOLUME {"admin":"runner","owner":"runner","volume":"034bd79f-6450-470e-8fb4-0b45282e84a3","creationTime":"1760989890376","modificationTime":"1760989890376","quotaInBytes":"-1","quotaInNamespace":"-1","usedNamespace":"0","objectID":"-9223372036854610944","updateID":"644","Transaction":"644"} | ret=SUCCESS |  
2025-10-20 19:51:30,379 | INFO  | OMAudit | user=runner | ip=127.0.0.1 | op=READ_VOLUME {"volume":"034bd79f-6450-470e-8fb4-0b45282e84a3"} | ret=SUCCESS |  
2025-10-20 19:51:30,379 [ForkJoinPool-1-worker-1] INFO  rpc.RpcClient (RpcClient.java:createBucket(686)) - Creating Bucket: 034bd79f-6450-470e-8fb4-0b45282e84a3/bucket1, with bucket layout OBJECT_STORE, runner as owner, Versioning false, Storage Type set to DISK and Encryption set to false, Replication Type set to server-side default replication type, Namespace Quota set to -1, Space Quota set to -1 
2025-10-20 19:51:30,381 [om1-OMStateMachineApplyTransactionThread - 0] INFO  bucket.OMBucketCreateRequest (OMBucketCreateRequest.java:validateAndUpdateCache(303)) - created bucket: bucket1 of layout OBJECT_STORE in volume: 034bd79f-6450-470e-8fb4-0b45282e84a3
2025-10-20 19:51:30,381 | INFO  | OMAudit | user=runner | ip=127.0.0.1 | op=CREATE_BUCKET {"volume":"034bd79f-6450-470e-8fb4-0b45282e84a3","bucket":"bucket1","bucketLayout":"OBJECT_STORE","gdprEnabled":null,"acls":"[user:runner:a[ACCESS], group:runner:rl[ACCESS]]","isVersionEnabled":"false","storageType":"DISK","creationTime":"1760989890380","bucketEncryptionKey":null,"modificationTime":"1760989890380","usedBytes":"0","usedNamespace":"0","snapshotUsedBytes":"0","snapshotUsedNamespace":"0","owner":"runner","replicationType":null,"replicationConfig":null,"quotaInBytes":"-1","quotaInNamespace":"-1","Transaction":"645"} | ret=SUCCESS |  
2025-10-20 19:51:30,381 [ForkJoinPool-1-worker-1] INFO  rpc.RpcClient (RpcClient.java:createBucket(686)) - Creating Bucket: 034bd79f-6450-470e-8fb4-0b45282e84a3/bucket11, with bucket layout OBJECT_STORE, runner as owner, Versioning false, Storage Type set to DISK and Encryption set to false, Replication Type set to server-side default replication type, Namespace Quota set to -1, Space Quota set to -1 
2025-10-20 19:51:30,383 [om1-OMStateMachineApplyTransactionThread - 0] INFO  bucket.OMBucketCreateRequest (OMBucketCreateRequest.java:validateAndUpdateCache(303)) - created bucket: bucket11 of layout OBJECT_STORE in volume: 034bd79f-6450-470e-8fb4-0b45282e84a3
2025-10-20 19:51:30,383 | INFO  | OMAudit | user=runner | ip=127.0.0.1 | op=CREATE_BUCKET {"volume":"034bd79f-6450-470e-8fb4-0b45282e84a3","bucket":"bucket11","bucketLayout":"OBJECT_STORE","gdprEnabled":null,"acls":"[user:runner:a[ACCESS], group:runner:rl[ACCESS]]","isVersionEnabled":"false","storageType":"DISK","creationTime":"1760989890382","bucketEncryptionKey":null,"modificationTime":"1760989890382","usedBytes":"0","usedNamespace":"0","snapshotUsedBytes":"0","snapshotUsedNamespace":"0","owner":"runner","replicationType":null,"replicationConfig":null,"quotaInBytes":"-1","quotaInNamespace":"-1","Transaction":"646"} | ret=SUCCESS |  
2025-10-20 19:51:30,384 | INFO  | OMAudit | user=runner | ip=127.0.0.1 | op=READ_BUCKET {"volume":"034bd79f-6450-470e-8fb4-0b45282e84a3","bucket":"bucket11"} | ret=SUCCESS |  
2025-10-20 19:51:30,385 | INFO  | OMAudit | user=runner | ip=127.0.0.1 | op=READ_BUCKET {"volume":"034bd79f-6450-470e-8fb4-0b45282e84a3","bucket":"bucket11"} | ret=SUCCESS |  
2025-10-20 19:51:30,386 | INFO  | SCMAudit | user=runner | ip=127.0.0.1 | op=ALLOCATE_BLOCK {"replication":"RATIS/THREE","owner":"omServiceIdDefault","size":"4194304","sampleBlocks":"[conID: 16 locID: 115816896921600190]","num":"1","client":"","allocated":"1"} | ret=SUCCESS |  
2025-10-20 19:51:30,388 | INFO  | OMAudit | user=runner | ip=127.0.0.1 | op=ALLOCATE_KEY {"volume":"034bd79f-6450-470e-8fb4-0b45282e84a3","bucket":"bucket11","key":"key","dataSize":"1","replicationType":"NONE","Transaction":"647"} | ret=SUCCESS |  
2025-10-20 19:51:30,391 | INFO  | OMAudit | user=runner | ip=127.0.0.1 | op=COMMIT_KEY {"volume":"034bd79f-6450-470e-8fb4-0b45282e84a3","bucket":"bucket11","key":"key","dataSize":"0","replicationType":"RATIS","replicationFactor":"THREE","Transaction":"648"} | ret=SUCCESS |  
2025-10-20 19:51:30,394 | INFO  | OMAudit | user=runner | ip=127.0.0.1 | op=DELETE_BUCKET {"volume":"034bd79f-6450-470e-8fb4-0b45282e84a3","bucket":"bucket1","Transaction":"649"} | ret=SUCCESS |  
2025-10-20 19:51:30,395 | ERROR | OMAudit | user=runner | ip=127.0.0.1 | op=READ_BUCKET {"volume":"034bd79f-6450-470e-8fb4-0b45282e84a3","bucket":"bucket1"} | ret=FAILURE | 
org.apache.hadoop.ozone.om.exceptions.OMException: Bucket not found
	at org.apache.hadoop.ozone.om.OzoneManager.getBucketOwner(OzoneManager.java:2726)
	at org.apache.hadoop.ozone.om.OzoneManager.getBucketOwner(OzoneManager.java:2694)
 
]]></system-out>
  </testcase>
  <testcase name="testDeleteBucketWithTheSamePrefix(BucketLayout)[2]" classname="org.apache.hadoop.ozone.client.rpc.TestSecureOzoneRpcClient" time="0.02">
    <system-out><![CDATA[2025-10-20 19:51:30,397 [ForkJoinPool-1-worker-1] INFO  rpc.RpcClient (RpcClient.java:createVolume(461)) - Creating Volume: 384e0276-d5cf-4a6b-bc1b-cf28e45691cf, with runner as owner and space quota set to -1 bytes, counts quota set to -1
2025-10-20 19:51:30,399 [om1-OMStateMachineApplyTransactionThread - 0] INFO  volume.OMVolumeCreateRequest (OMVolumeCreateRequest.java:validateAndUpdateCache(213)) - created volume:384e0276-d5cf-4a6b-bc1b-cf28e45691cf for user:runner
2025-10-20 19:51:30,399 | INFO  | OMAudit | user=runner | ip=127.0.0.1 | op=CREATE_VOLUME {"admin":"runner","owner":"runner","volume":"384e0276-d5cf-4a6b-bc1b-cf28e45691cf","creationTime":"1760989890398","modificationTime":"1760989890398","quotaInBytes":"-1","quotaInNamespace":"-1","usedNamespace":"0","objectID":"-9223372036854609408","updateID":"650","Transaction":"650"} | ret=SUCCESS |  
2025-10-20 19:51:30,400 | INFO  | OMAudit | user=runner | ip=127.0.0.1 | op=READ_VOLUME {"volume":"384e0276-d5cf-4a6b-bc1b-cf28e45691cf"} | ret=SUCCESS |  
2025-10-20 19:51:30,401 [ForkJoinPool-1-worker-1] INFO  rpc.RpcClient (RpcClient.java:createBucket(686)) - Creating Bucket: 384e0276-d5cf-4a6b-bc1b-cf28e45691cf/bucket1, with bucket layout LEGACY, runner as owner, Versioning false, Storage Type set to DISK and Encryption set to false, Replication Type set to server-side default replication type, Namespace Quota set to -1, Space Quota set to -1 
2025-10-20 19:51:30,403 [om1-OMStateMachineApplyTransactionThread - 0] INFO  bucket.OMBucketCreateRequest (OMBucketCreateRequest.java:validateAndUpdateCache(303)) - created bucket: bucket1 of layout LEGACY in volume: 384e0276-d5cf-4a6b-bc1b-cf28e45691cf
2025-10-20 19:51:30,403 | INFO  | OMAudit | user=runner | ip=127.0.0.1 | op=CREATE_BUCKET {"volume":"384e0276-d5cf-4a6b-bc1b-cf28e45691cf","bucket":"bucket1","bucketLayout":"LEGACY","gdprEnabled":null,"acls":"[user:runner:a[ACCESS], group:runner:rl[ACCESS]]","isVersionEnabled":"false","storageType":"DISK","creationTime":"1760989890402","bucketEncryptionKey":null,"modificationTime":"1760989890402","usedBytes":"0","usedNamespace":"0","snapshotUsedBytes":"0","snapshotUsedNamespace":"0","owner":"runner","replicationType":null,"replicationConfig":null,"quotaInBytes":"-1","quotaInNamespace":"-1","Transaction":"651"} | ret=SUCCESS |  
2025-10-20 19:51:30,403 [ForkJoinPool-1-worker-1] INFO  rpc.RpcClient (RpcClient.java:createBucket(686)) - Creating Bucket: 384e0276-d5cf-4a6b-bc1b-cf28e45691cf/bucket11, with bucket layout LEGACY, runner as owner, Versioning false, Storage Type set to DISK and Encryption set to false, Replication Type set to server-side default replication type, Namespace Quota set to -1, Space Quota set to -1 
2025-10-20 19:51:30,405 [om1-OMStateMachineApplyTransactionThread - 0] INFO  bucket.OMBucketCreateRequest (OMBucketCreateRequest.java:validateAndUpdateCache(303)) - created bucket: bucket11 of layout LEGACY in volume: 384e0276-d5cf-4a6b-bc1b-cf28e45691cf
2025-10-20 19:51:30,405 | INFO  | OMAudit | user=runner | ip=127.0.0.1 | op=CREATE_BUCKET {"volume":"384e0276-d5cf-4a6b-bc1b-cf28e45691cf","bucket":"bucket11","bucketLayout":"LEGACY","gdprEnabled":null,"acls":"[user:runner:a[ACCESS], group:runner:rl[ACCESS]]","isVersionEnabled":"false","storageType":"DISK","creationTime":"1760989890404","bucketEncryptionKey":null,"modificationTime":"1760989890404","usedBytes":"0","usedNamespace":"0","snapshotUsedBytes":"0","snapshotUsedNamespace":"0","owner":"runner","replicationType":null,"replicationConfig":null,"quotaInBytes":"-1","quotaInNamespace":"-1","Transaction":"652"} | ret=SUCCESS |  
2025-10-20 19:51:30,406 | INFO  | OMAudit | user=runner | ip=127.0.0.1 | op=READ_BUCKET {"volume":"384e0276-d5cf-4a6b-bc1b-cf28e45691cf","bucket":"bucket11"} | ret=SUCCESS |  
2025-10-20 19:51:30,407 | INFO  | OMAudit | user=runner | ip=127.0.0.1 | op=READ_BUCKET {"volume":"384e0276-d5cf-4a6b-bc1b-cf28e45691cf","bucket":"bucket11"} | ret=SUCCESS |  
2025-10-20 19:51:30,408 | INFO  | SCMAudit | user=runner | ip=127.0.0.1 | op=ALLOCATE_BLOCK {"replication":"RATIS/THREE","owner":"omServiceIdDefault","size":"4194304","sampleBlocks":"[conID: 21 locID: 115816896921600191]","num":"1","client":"","allocated":"1"} | ret=SUCCESS |  
2025-10-20 19:51:30,410 | INFO  | OMAudit | user=runner | ip=127.0.0.1 | op=ALLOCATE_KEY {"volume":"384e0276-d5cf-4a6b-bc1b-cf28e45691cf","bucket":"bucket11","key":"key","dataSize":"1","replicationType":"NONE","Transaction":"653"} | ret=SUCCESS |  
2025-10-20 19:51:30,413 | INFO  | OMAudit | user=runner | ip=127.0.0.1 | op=COMMIT_KEY {"volume":"384e0276-d5cf-4a6b-bc1b-cf28e45691cf","bucket":"bucket11","key":"key","dataSize":"0","replicationType":"RATIS","replicationFactor":"THREE","Transaction":"654"} | ret=SUCCESS |  
2025-10-20 19:51:30,415 | INFO  | OMAudit | user=runner | ip=127.0.0.1 | op=DELETE_BUCKET {"volume":"384e0276-d5cf-4a6b-bc1b-cf28e45691cf","bucket":"bucket1","Transaction":"655"} | ret=SUCCESS |  
2025-10-20 19:51:30,416 | ERROR | OMAudit | user=runner | ip=127.0.0.1 | op=READ_BUCKET {"volume":"384e0276-d5cf-4a6b-bc1b-cf28e45691cf","bucket":"bucket1"} | ret=FAILURE | 
org.apache.hadoop.ozone.om.exceptions.OMException: Bucket not found
	at org.apache.hadoop.ozone.om.OzoneManager.getBucketOwner(OzoneManager.java:2726)
	at org.apache.hadoop.ozone.om.OzoneManager.getBucketOwner(OzoneManager.java:2694)
 
]]></system-out>
  </testcase>
  <testcase name="testDeleteBucketWithTheSamePrefix(BucketLayout)[3]" classname="org.apache.hadoop.ozone.client.rpc.TestSecureOzoneRpcClient" time="0.019">
    <system-out><![CDATA[2025-10-20 19:51:30,418 [ForkJoinPool-1-worker-1] INFO  rpc.RpcClient (RpcClient.java:createVolume(461)) - Creating Volume: 988b8e18-95aa-44fc-bbc7-c392ddb6a8d8, with runner as owner and space quota set to -1 bytes, counts quota set to -1
2025-10-20 19:51:30,420 [om1-OMStateMachineApplyTransactionThread - 0] INFO  volume.OMVolumeCreateRequest (OMVolumeCreateRequest.java:validateAndUpdateCache(213)) - created volume:988b8e18-95aa-44fc-bbc7-c392ddb6a8d8 for user:runner
2025-10-20 19:51:30,420 | INFO  | OMAudit | user=runner | ip=127.0.0.1 | op=CREATE_VOLUME {"admin":"runner","owner":"runner","volume":"988b8e18-95aa-44fc-bbc7-c392ddb6a8d8","creationTime":"1760989890419","modificationTime":"1760989890419","quotaInBytes":"-1","quotaInNamespace":"-1","usedNamespace":"0","objectID":"-9223372036854607872","updateID":"656","Transaction":"656"} | ret=SUCCESS |  
2025-10-20 19:51:30,421 | INFO  | OMAudit | user=runner | ip=127.0.0.1 | op=READ_VOLUME {"volume":"988b8e18-95aa-44fc-bbc7-c392ddb6a8d8"} | ret=SUCCESS |  
2025-10-20 19:51:30,421 [ForkJoinPool-1-worker-1] INFO  rpc.RpcClient (RpcClient.java:createBucket(686)) - Creating Bucket: 988b8e18-95aa-44fc-bbc7-c392ddb6a8d8/bucket1, with bucket layout FILE_SYSTEM_OPTIMIZED, runner as owner, Versioning false, Storage Type set to DISK and Encryption set to false, Replication Type set to server-side default replication type, Namespace Quota set to -1, Space Quota set to -1 
2025-10-20 19:51:30,423 [om1-OMStateMachineApplyTransactionThread - 0] INFO  bucket.OMBucketCreateRequest (OMBucketCreateRequest.java:validateAndUpdateCache(303)) - created bucket: bucket1 of layout FILE_SYSTEM_OPTIMIZED in volume: 988b8e18-95aa-44fc-bbc7-c392ddb6a8d8
2025-10-20 19:51:30,423 | INFO  | OMAudit | user=runner | ip=127.0.0.1 | op=CREATE_BUCKET {"volume":"988b8e18-95aa-44fc-bbc7-c392ddb6a8d8","bucket":"bucket1","bucketLayout":"FILE_SYSTEM_OPTIMIZED","gdprEnabled":null,"acls":"[user:runner:a[ACCESS], group:runner:rl[ACCESS]]","isVersionEnabled":"false","storageType":"DISK","creationTime":"1760989890422","bucketEncryptionKey":null,"modificationTime":"1760989890422","usedBytes":"0","usedNamespace":"0","snapshotUsedBytes":"0","snapshotUsedNamespace":"0","owner":"runner","replicationType":null,"replicationConfig":null,"quotaInBytes":"-1","quotaInNamespace":"-1","Transaction":"657"} | ret=SUCCESS |  
2025-10-20 19:51:30,423 [ForkJoinPool-1-worker-1] INFO  rpc.RpcClient (RpcClient.java:createBucket(686)) - Creating Bucket: 988b8e18-95aa-44fc-bbc7-c392ddb6a8d8/bucket11, with bucket layout FILE_SYSTEM_OPTIMIZED, runner as owner, Versioning false, Storage Type set to DISK and Encryption set to false, Replication Type set to server-side default replication type, Namespace Quota set to -1, Space Quota set to -1 
2025-10-20 19:51:30,425 [om1-OMStateMachineApplyTransactionThread - 0] INFO  bucket.OMBucketCreateRequest (OMBucketCreateRequest.java:validateAndUpdateCache(303)) - created bucket: bucket11 of layout FILE_SYSTEM_OPTIMIZED in volume: 988b8e18-95aa-44fc-bbc7-c392ddb6a8d8
2025-10-20 19:51:30,425 | INFO  | OMAudit | user=runner | ip=127.0.0.1 | op=CREATE_BUCKET {"volume":"988b8e18-95aa-44fc-bbc7-c392ddb6a8d8","bucket":"bucket11","bucketLayout":"FILE_SYSTEM_OPTIMIZED","gdprEnabled":null,"acls":"[user:runner:a[ACCESS], group:runner:rl[ACCESS]]","isVersionEnabled":"false","storageType":"DISK","creationTime":"1760989890424","bucketEncryptionKey":null,"modificationTime":"1760989890424","usedBytes":"0","usedNamespace":"0","snapshotUsedBytes":"0","snapshotUsedNamespace":"0","owner":"runner","replicationType":null,"replicationConfig":null,"quotaInBytes":"-1","quotaInNamespace":"-1","Transaction":"658"} | ret=SUCCESS |  
2025-10-20 19:51:30,426 | INFO  | OMAudit | user=runner | ip=127.0.0.1 | op=READ_BUCKET {"volume":"988b8e18-95aa-44fc-bbc7-c392ddb6a8d8","bucket":"bucket11"} | ret=SUCCESS |  
2025-10-20 19:51:30,426 | INFO  | OMAudit | user=runner | ip=127.0.0.1 | op=READ_BUCKET {"volume":"988b8e18-95aa-44fc-bbc7-c392ddb6a8d8","bucket":"bucket11"} | ret=SUCCESS |  
2025-10-20 19:51:30,427 | INFO  | SCMAudit | user=runner | ip=127.0.0.1 | op=ALLOCATE_BLOCK {"replication":"RATIS/THREE","owner":"omServiceIdDefault","size":"4194304","sampleBlocks":"[conID: 15 locID: 115816896921600192]","num":"1","client":"","allocated":"1"} | ret=SUCCESS |  
2025-10-20 19:51:30,429 | INFO  | OMAudit | user=runner | ip=127.0.0.1 | op=ALLOCATE_KEY {"volume":"988b8e18-95aa-44fc-bbc7-c392ddb6a8d8","bucket":"bucket11","key":"key","dataSize":"1","replicationType":"NONE","Transaction":"659"} | ret=SUCCESS |  
2025-10-20 19:51:30,432 | INFO  | OMAudit | user=runner | ip=127.0.0.1 | op=COMMIT_KEY {"volume":"988b8e18-95aa-44fc-bbc7-c392ddb6a8d8","bucket":"bucket11","key":"key","dataSize":"0","replicationType":"RATIS","replicationFactor":"THREE","Transaction":"660"} | ret=SUCCESS |  
2025-10-20 19:51:30,434 | INFO  | OMAudit | user=runner | ip=127.0.0.1 | op=DELETE_BUCKET {"volume":"988b8e18-95aa-44fc-bbc7-c392ddb6a8d8","bucket":"bucket1","Transaction":"661"} | ret=SUCCESS |  
2025-10-20 19:51:30,436 | ERROR | OMAudit | user=runner | ip=127.0.0.1 | op=READ_BUCKET {"volume":"988b8e18-95aa-44fc-bbc7-c392ddb6a8d8","bucket":"bucket1"} | ret=FAILURE | 
org.apache.hadoop.ozone.om.exceptions.OMException: Bucket not found
	at org.apache.hadoop.ozone.om.OzoneManager.getBucketOwner(OzoneManager.java:2726)
	at org.apache.hadoop.ozone.om.OzoneManager.getBucketOwner(OzoneManager.java:2694)
 
]]></system-out>
  </testcase>
  <testcase name="testDeleteKey" classname="org.apache.hadoop.ozone.client.rpc.TestSecureOzoneRpcClient" time="0.035">
    <system-out><![CDATA[2025-10-20 19:51:30,438 [ForkJoinPool-1-worker-1] INFO  rpc.RpcClient (RpcClient.java:createVolume(461)) - Creating Volume: 55f472ba-ca0b-40d4-a81a-b62598e9d8e2, with runner as owner and space quota set to -1 bytes, counts quota set to -1
2025-10-20 19:51:30,440 [om1-OMStateMachineApplyTransactionThread - 0] INFO  volume.OMVolumeCreateRequest (OMVolumeCreateRequest.java:validateAndUpdateCache(213)) - created volume:55f472ba-ca0b-40d4-a81a-b62598e9d8e2 for user:runner
2025-10-20 19:51:30,440 | INFO  | OMAudit | user=runner | ip=127.0.0.1 | op=CREATE_VOLUME {"admin":"runner","owner":"runner","volume":"55f472ba-ca0b-40d4-a81a-b62598e9d8e2","creationTime":"1760989890439","modificationTime":"1760989890439","quotaInBytes":"-1","quotaInNamespace":"-1","usedNamespace":"0","objectID":"-9223372036854606336","updateID":"662","Transaction":"662"} | ret=SUCCESS |  
2025-10-20 19:51:30,442 | INFO  | OMAudit | user=runner | ip=127.0.0.1 | op=READ_VOLUME {"volume":"55f472ba-ca0b-40d4-a81a-b62598e9d8e2"} | ret=SUCCESS |  
2025-10-20 19:51:30,443 [ForkJoinPool-1-worker-1] INFO  rpc.RpcClient (RpcClient.java:createBucket(686)) - Creating Bucket: 55f472ba-ca0b-40d4-a81a-b62598e9d8e2/46def017-e322-4205-8c8d-5fc2433d69da, with server-side default bucket layout, runner as owner, Versioning false, Storage Type set to DISK and Encryption set to false, Replication Type set to server-side default replication type, Namespace Quota set to -1, Space Quota set to -1 
2025-10-20 19:51:30,445 | INFO  | SCMAudit | user=runner | ip=127.0.0.1 | op=SEND_HEARTBEAT {"datanodeUUID":"b614738c-cdff-4f09-bf59-ed5bb75d51be","term":"2","command":"[]"} | ret=SUCCESS |  
2025-10-20 19:51:30,446 | INFO  | SCMAudit | user=runner | ip=127.0.0.1 | op=SEND_HEARTBEAT {"datanodeUUID":"361055de-215b-4c6c-94c2-be1c1da118d1","term":"2","command":"[]"} | ret=SUCCESS |  
2025-10-20 19:51:30,446 | INFO  | SCMAudit | user=runner | ip=127.0.0.1 | op=SEND_HEARTBEAT {"datanodeUUID":"38991c48-ffb3-4453-b758-77d6b4ebc62b","term":"2","command":"[]"} | ret=SUCCESS |  
2025-10-20 19:51:30,447 [om1-OMStateMachineApplyTransactionThread - 0] INFO  bucket.OMBucketCreateRequest (OMBucketCreateRequest.java:validateAndUpdateCache(303)) - created bucket: 46def017-e322-4205-8c8d-5fc2433d69da of layout FILE_SYSTEM_OPTIMIZED in volume: 55f472ba-ca0b-40d4-a81a-b62598e9d8e2
2025-10-20 19:51:30,447 | INFO  | OMAudit | user=runner | ip=127.0.0.1 | op=CREATE_BUCKET {"volume":"55f472ba-ca0b-40d4-a81a-b62598e9d8e2","bucket":"46def017-e322-4205-8c8d-5fc2433d69da","bucketLayout":"FILE_SYSTEM_OPTIMIZED","gdprEnabled":null,"acls":"[user:runner:a[ACCESS], group:runner:rl[ACCESS]]","isVersionEnabled":"false","storageType":"DISK","creationTime":"1760989890444","bucketEncryptionKey":null,"modificationTime":"1760989890444","usedBytes":"0","usedNamespace":"0","snapshotUsedBytes":"0","snapshotUsedNamespace":"0","owner":"runner","replicationType":null,"replicationConfig":null,"quotaInBytes":"-1","quotaInNamespace":"-1","Transaction":"663"} | ret=SUCCESS |  
2025-10-20 19:51:30,449 | INFO  | OMAudit | user=runner | ip=127.0.0.1 | op=READ_BUCKET {"volume":"55f472ba-ca0b-40d4-a81a-b62598e9d8e2","bucket":"46def017-e322-4205-8c8d-5fc2433d69da"} | ret=SUCCESS |  
2025-10-20 19:51:30,450 | INFO  | OMAudit | user=runner | ip=127.0.0.1 | op=READ_BUCKET {"volume":"55f472ba-ca0b-40d4-a81a-b62598e9d8e2","bucket":"46def017-e322-4205-8c8d-5fc2433d69da"} | ret=SUCCESS |  
2025-10-20 19:51:30,451 | INFO  | SCMAudit | user=runner | ip=127.0.0.1 | op=ALLOCATE_BLOCK {"replication":"RATIS/ONE","owner":"omServiceIdDefault","size":"4194304","sampleBlocks":"[conID: 13 locID: 115816896921600193]","num":"1","client":"","allocated":"1"} | ret=SUCCESS |  
2025-10-20 19:51:30,452 | INFO  | SCMAudit | user=runner | ip=127.0.0.1 | op=SEND_HEARTBEAT {"datanodeUUID":"c90bff1f-5a1f-42c6-8fca-9533d718c79a","term":"2","command":"[]"} | ret=SUCCESS |  
2025-10-20 19:51:30,453 | INFO  | OMAudit | user=runner | ip=127.0.0.1 | op=ALLOCATE_KEY {"volume":"55f472ba-ca0b-40d4-a81a-b62598e9d8e2","bucket":"46def017-e322-4205-8c8d-5fc2433d69da","key":"9ae84794-d6cc-47fa-a7d1-12c640d3fb88","dataSize":"12","replicationType":"RATIS","replicationFactor":"ONE","Transaction":"664"} | ret=SUCCESS |  
2025-10-20 19:51:30,465 | INFO  | OMAudit | user=runner | ip=127.0.0.1 | op=COMMIT_KEY {"volume":"55f472ba-ca0b-40d4-a81a-b62598e9d8e2","bucket":"46def017-e322-4205-8c8d-5fc2433d69da","key":"9ae84794-d6cc-47fa-a7d1-12c640d3fb88","dataSize":"12","replicationType":"RATIS","replicationFactor":"ONE","Transaction":"665"} | ret=SUCCESS |  
2025-10-20 19:51:30,467 | INFO  | OMAudit | user=runner | ip=127.0.0.1 | op=READ_KEY {"volume":"55f472ba-ca0b-40d4-a81a-b62598e9d8e2","bucket":"46def017-e322-4205-8c8d-5fc2433d69da","key":"9ae84794-d6cc-47fa-a7d1-12c640d3fb88","owner":null,"dataSize":"0","replicationConfig":null} | ret=SUCCESS |  
2025-10-20 19:51:30,470 | INFO  | OMAudit | user=runner | ip=127.0.0.1 | op=DELETE_KEY {"volume":"55f472ba-ca0b-40d4-a81a-b62598e9d8e2","bucket":"46def017-e322-4205-8c8d-5fc2433d69da","key":"9ae84794-d6cc-47fa-a7d1-12c640d3fb88","dataSize":"12","replicationConfig":"RATIS/ONE","Transaction":"666"} | ret=SUCCESS |  
2025-10-20 19:51:30,472 | ERROR | OMAudit | user=runner | ip=127.0.0.1 | op=READ_KEY {"volume":"55f472ba-ca0b-40d4-a81a-b62598e9d8e2","bucket":"46def017-e322-4205-8c8d-5fc2433d69da","key":"9ae84794-d6cc-47fa-a7d1-12c640d3fb88","owner":null,"dataSize":"0","replicationConfig":null} | ret=FAILURE | 
org.apache.hadoop.ozone.om.exceptions.OMException: Key:9ae84794-d6cc-47fa-a7d1-12c640d3fb88 not found
	at org.apache.hadoop.ozone.om.KeyManagerImpl.readKeyInfo(KeyManagerImpl.java:614)
	at org.apache.hadoop.ozone.om.KeyManagerImpl.lambda$22(KeyManagerImpl.java:2340)
 
]]></system-out>
  </testcase>
  <testcase name="testDeleteLinkedBucket" classname="org.apache.hadoop.ozone.client.rpc.TestSecureOzoneRpcClient" time="0.02">
    <system-out><![CDATA[2025-10-20 19:51:30,474 [ForkJoinPool-1-worker-1] INFO  rpc.RpcClient (RpcClient.java:createVolume(461)) - Creating Volume: ba33e280-fc35-4691-bae4-14f54a97c858, with runner as owner and space quota set to -1 bytes, counts quota set to -1
2025-10-20 19:51:30,475 [om1-OMStateMachineApplyTransactionThread - 0] INFO  volume.OMVolumeCreateRequest (OMVolumeCreateRequest.java:validateAndUpdateCache(213)) - created volume:ba33e280-fc35-4691-bae4-14f54a97c858 for user:runner
2025-10-20 19:51:30,475 | INFO  | OMAudit | user=runner | ip=127.0.0.1 | op=CREATE_VOLUME {"admin":"runner","owner":"runner","volume":"ba33e280-fc35-4691-bae4-14f54a97c858","creationTime":"1760989890474","modificationTime":"1760989890474","quotaInBytes":"-1","quotaInNamespace":"-1","usedNamespace":"0","objectID":"-9223372036854605056","updateID":"667","Transaction":"667"} | ret=SUCCESS |  
2025-10-20 19:51:30,477 | INFO  | OMAudit | user=runner | ip=127.0.0.1 | op=READ_VOLUME {"volume":"ba33e280-fc35-4691-bae4-14f54a97c858"} | ret=SUCCESS |  
2025-10-20 19:51:30,477 [ForkJoinPool-1-worker-1] INFO  rpc.RpcClient (RpcClient.java:createBucket(686)) - Creating Bucket: ba33e280-fc35-4691-bae4-14f54a97c858/661a4704-1891-4a2d-bf85-380179a4cb80, with server-side default bucket layout, runner as owner, Versioning false, Storage Type set to DISK and Encryption set to false, Replication Type set to server-side default replication type, Namespace Quota set to -1, Space Quota set to -1 
2025-10-20 19:51:30,479 [om1-OMStateMachineApplyTransactionThread - 0] INFO  bucket.OMBucketCreateRequest (OMBucketCreateRequest.java:validateAndUpdateCache(303)) - created bucket: 661a4704-1891-4a2d-bf85-380179a4cb80 of layout FILE_SYSTEM_OPTIMIZED in volume: ba33e280-fc35-4691-bae4-14f54a97c858
2025-10-20 19:51:30,479 | INFO  | OMAudit | user=runner | ip=127.0.0.1 | op=CREATE_BUCKET {"volume":"ba33e280-fc35-4691-bae4-14f54a97c858","bucket":"661a4704-1891-4a2d-bf85-380179a4cb80","bucketLayout":"FILE_SYSTEM_OPTIMIZED","gdprEnabled":null,"acls":"[user:runner:a[ACCESS], group:runner:rl[ACCESS]]","isVersionEnabled":"false","storageType":"DISK","creationTime":"1760989890478","bucketEncryptionKey":null,"modificationTime":"1760989890478","usedBytes":"0","usedNamespace":"0","snapshotUsedBytes":"0","snapshotUsedNamespace":"0","owner":"runner","replicationType":null,"replicationConfig":null,"quotaInBytes":"-1","quotaInNamespace":"-1","Transaction":"668"} | ret=SUCCESS |  
2025-10-20 19:51:30,480 | INFO  | OMAudit | user=runner | ip=127.0.0.1 | op=READ_BUCKET {"volume":"ba33e280-fc35-4691-bae4-14f54a97c858","bucket":"661a4704-1891-4a2d-bf85-380179a4cb80"} | ret=SUCCESS |  
2025-10-20 19:51:30,480 [ForkJoinPool-1-worker-1] INFO  rpc.RpcClient (RpcClient.java:createBucket(686)) - Creating Bucket: ba33e280-fc35-4691-bae4-14f54a97c858/283fa557-a5ec-42d5-9e58-94f60511d1dc, with server-side default bucket layout, runner as owner, Versioning false, Storage Type set to DISK and Encryption set to false, Replication Type set to server-side default replication type, Namespace Quota set to -1, Space Quota set to -1 
2025-10-20 19:51:30,482 [om1-OMStateMachineApplyTransactionThread - 0] INFO  bucket.OMBucketCreateRequest (OMBucketCreateRequest.java:validateAndUpdateCache(303)) - created bucket: 283fa557-a5ec-42d5-9e58-94f60511d1dc of layout FILE_SYSTEM_OPTIMIZED in volume: ba33e280-fc35-4691-bae4-14f54a97c858
2025-10-20 19:51:30,482 | INFO  | OMAudit | user=runner | ip=127.0.0.1 | op=CREATE_BUCKET {"volume":"ba33e280-fc35-4691-bae4-14f54a97c858","bucket":"283fa557-a5ec-42d5-9e58-94f60511d1dc","bucketLayout":"FILE_SYSTEM_OPTIMIZED","gdprEnabled":null,"acls":"[user:runner:a[ACCESS], group:runner:rl[ACCESS], world:WORLD:rw[ACCESS]]","isVersionEnabled":"false","storageType":"DISK","creationTime":"1760989890481","bucketEncryptionKey":null,"modificationTime":"1760989890481","sourceVolume":"ba33e280-fc35-4691-bae4-14f54a97c858","sourceBucket":"661a4704-1891-4a2d-bf85-380179a4cb80","usedBytes":"0","usedNamespace":"0","snapshotUsedBytes":"0","snapshotUsedNamespace":"0","owner":"runner","replicationType":null,"replicationConfig":null,"quotaInBytes":"-1","quotaInNamespace":"-1","Transaction":"669"} | ret=SUCCESS |  
2025-10-20 19:51:30,483 | INFO  | OMAudit | user=runner | ip=127.0.0.1 | op=READ_BUCKET {"volume":"ba33e280-fc35-4691-bae4-14f54a97c858","bucket":"283fa557-a5ec-42d5-9e58-94f60511d1dc"} | ret=SUCCESS |  
2025-10-20 19:51:30,485 | INFO  | OMAudit | user=runner | ip=127.0.0.1 | op=DELETE_BUCKET {"volume":"ba33e280-fc35-4691-bae4-14f54a97c858","bucket":"661a4704-1891-4a2d-bf85-380179a4cb80","Transaction":"670"} | ret=SUCCESS |  
2025-10-20 19:51:30,486 | ERROR | OMAudit | user=runner | ip=127.0.0.1 | op=READ_BUCKET {"volume":"ba33e280-fc35-4691-bae4-14f54a97c858","bucket":"661a4704-1891-4a2d-bf85-380179a4cb80"} | ret=FAILURE | 
org.apache.hadoop.ozone.om.exceptions.OMException: Bucket not found
	at org.apache.hadoop.ozone.om.OzoneManager.getBucketOwner(OzoneManager.java:2726)
	at org.apache.hadoop.ozone.om.OzoneManager.getBucketOwner(OzoneManager.java:2694)
 
2025-10-20 19:51:30,487 [IPC Server handler 16 on default port 15006] WARN  om.OzoneManager (OzoneManager.java:resolveBucketLink(4602)) - Bucket 661a4704-1891-4a2d-bf85-380179a4cb80 not found in volume ba33e280-fc35-4691-bae4-14f54a97c858
2025-10-20 19:51:30,487 | INFO  | OMAudit | user=runner | ip=127.0.0.1 | op=READ_BUCKET {"volume":"ba33e280-fc35-4691-bae4-14f54a97c858","bucket":"283fa557-a5ec-42d5-9e58-94f60511d1dc"} | ret=SUCCESS |  
2025-10-20 19:51:30,489 | INFO  | OMAudit | user=runner | ip=127.0.0.1 | op=DELETE_BUCKET {"volume":"ba33e280-fc35-4691-bae4-14f54a97c858","bucket":"283fa557-a5ec-42d5-9e58-94f60511d1dc","Transaction":"671"} | ret=SUCCESS |  
2025-10-20 19:51:30,490 | ERROR | OMAudit | user=runner | ip=127.0.0.1 | op=READ_BUCKET {"volume":"ba33e280-fc35-4691-bae4-14f54a97c858","bucket":"283fa557-a5ec-42d5-9e58-94f60511d1dc"} | ret=FAILURE | 
org.apache.hadoop.ozone.om.exceptions.OMException: Bucket not found
	at org.apache.hadoop.ozone.om.OzoneManager.getBucketOwner(OzoneManager.java:2726)
	at org.apache.hadoop.ozone.om.OzoneManager.getBucketOwner(OzoneManager.java:2694)
 
2025-10-20 19:51:30,492 | INFO  | OMAudit | user=runner | ip=127.0.0.1 | op=DELETE_VOLUME {"volume":"ba33e280-fc35-4691-bae4-14f54a97c858","Transaction":"672"} | ret=SUCCESS |  
]]></system-out>
  </testcase>
  <testcase name="testDeleteObjectTagging(BucketLayout)[1]" classname="org.apache.hadoop.ozone.client.rpc.TestSecureOzoneRpcClient" time="0.033">
    <system-out><![CDATA[2025-10-20 19:51:30,495 [ForkJoinPool-1-worker-1] INFO  rpc.RpcClient (RpcClient.java:createVolume(461)) - Creating Volume: 982b7824-6b8a-47b8-962d-03b88b7d6031, with runner as owner and space quota set to -1 bytes, counts quota set to -1
2025-10-20 19:51:30,497 [om1-OMStateMachineApplyTransactionThread - 0] INFO  volume.OMVolumeCreateRequest (OMVolumeCreateRequest.java:validateAndUpdateCache(213)) - created volume:982b7824-6b8a-47b8-962d-03b88b7d6031 for user:runner
2025-10-20 19:51:30,497 | INFO  | OMAudit | user=runner | ip=127.0.0.1 | op=CREATE_VOLUME {"admin":"runner","owner":"runner","volume":"982b7824-6b8a-47b8-962d-03b88b7d6031","creationTime":"1760989890496","modificationTime":"1760989890496","quotaInBytes":"-1","quotaInNamespace":"-1","usedNamespace":"0","objectID":"-9223372036854603520","updateID":"673","Transaction":"673"} | ret=SUCCESS |  
2025-10-20 19:51:30,498 | INFO  | OMAudit | user=runner | ip=127.0.0.1 | op=READ_VOLUME {"volume":"982b7824-6b8a-47b8-962d-03b88b7d6031"} | ret=SUCCESS |  
2025-10-20 19:51:30,499 [ForkJoinPool-1-worker-1] INFO  rpc.RpcClient (RpcClient.java:createBucket(686)) - Creating Bucket: 982b7824-6b8a-47b8-962d-03b88b7d6031/7bea28bf-896b-4610-aeaa-00ee11b407e9, with bucket layout OBJECT_STORE, runner as owner, Versioning false, Storage Type set to DISK and Encryption set to false, Replication Type set to server-side default replication type, Namespace Quota set to -1, Space Quota set to -1 
2025-10-20 19:51:30,500 [om1-OMStateMachineApplyTransactionThread - 0] INFO  bucket.OMBucketCreateRequest (OMBucketCreateRequest.java:validateAndUpdateCache(303)) - created bucket: 7bea28bf-896b-4610-aeaa-00ee11b407e9 of layout OBJECT_STORE in volume: 982b7824-6b8a-47b8-962d-03b88b7d6031
2025-10-20 19:51:30,500 | INFO  | OMAudit | user=runner | ip=127.0.0.1 | op=CREATE_BUCKET {"volume":"982b7824-6b8a-47b8-962d-03b88b7d6031","bucket":"7bea28bf-896b-4610-aeaa-00ee11b407e9","bucketLayout":"OBJECT_STORE","gdprEnabled":null,"acls":"[user:runner:a[ACCESS], group:runner:rl[ACCESS]]","isVersionEnabled":"false","storageType":"DISK","creationTime":"1760989890499","bucketEncryptionKey":null,"modificationTime":"1760989890499","usedBytes":"0","usedNamespace":"0","snapshotUsedBytes":"0","snapshotUsedNamespace":"0","owner":"runner","replicationType":null,"replicationConfig":null,"quotaInBytes":"-1","quotaInNamespace":"-1","Transaction":"674"} | ret=SUCCESS |  
2025-10-20 19:51:30,502 | INFO  | OMAudit | user=runner | ip=127.0.0.1 | op=READ_BUCKET {"volume":"982b7824-6b8a-47b8-962d-03b88b7d6031","bucket":"7bea28bf-896b-4610-aeaa-00ee11b407e9"} | ret=SUCCESS |  
2025-10-20 19:51:30,503 | INFO  | OMAudit | user=runner | ip=127.0.0.1 | op=READ_BUCKET {"volume":"982b7824-6b8a-47b8-962d-03b88b7d6031","bucket":"7bea28bf-896b-4610-aeaa-00ee11b407e9"} | ret=SUCCESS |  
2025-10-20 19:51:30,503 | INFO  | SCMAudit | user=runner | ip=127.0.0.1 | op=ALLOCATE_BLOCK {"replication":"RATIS/ONE","owner":"omServiceIdDefault","size":"4194304","sampleBlocks":"[conID: 12 locID: 115816896921600194]","num":"1","client":"","allocated":"1"} | ret=SUCCESS |  
2025-10-20 19:51:30,505 | INFO  | OMAudit | user=runner | ip=127.0.0.1 | op=ALLOCATE_KEY {"volume":"982b7824-6b8a-47b8-962d-03b88b7d6031","bucket":"7bea28bf-896b-4610-aeaa-00ee11b407e9","key":"a168cac5-bf3a-46d0-8ab8-fd4fee08ceed","dataSize":"12","replicationType":"RATIS","replicationFactor":"ONE","Transaction":"675"} | ret=SUCCESS |  
2025-10-20 19:51:30,517 | INFO  | OMAudit | user=runner | ip=127.0.0.1 | op=COMMIT_KEY {"volume":"982b7824-6b8a-47b8-962d-03b88b7d6031","bucket":"7bea28bf-896b-4610-aeaa-00ee11b407e9","key":"a168cac5-bf3a-46d0-8ab8-fd4fee08ceed","dataSize":"12","replicationType":"RATIS","replicationFactor":"ONE","Transaction":"676"} | ret=SUCCESS |  
2025-10-20 19:51:30,519 | INFO  | OMAudit | user=runner | ip=127.0.0.1 | op=READ_KEY {"volume":"982b7824-6b8a-47b8-962d-03b88b7d6031","bucket":"7bea28bf-896b-4610-aeaa-00ee11b407e9","key":"a168cac5-bf3a-46d0-8ab8-fd4fee08ceed","owner":null,"dataSize":"0","replicationConfig":null} | ret=SUCCESS |  
2025-10-20 19:51:30,525 | INFO  | OMAudit | user=runner | ip=127.0.0.1 | op=DELETE_OBJECT_TAGGING {"volume":"982b7824-6b8a-47b8-962d-03b88b7d6031","bucket":"7bea28bf-896b-4610-aeaa-00ee11b407e9","key":"a168cac5-bf3a-46d0-8ab8-fd4fee08ceed","dataSize":"0","Transaction":"677"} | ret=SUCCESS |  
2025-10-20 19:51:30,527 | INFO  | OMAudit | user=runner | ip=127.0.0.1 | op=READ_KEY {"volume":"982b7824-6b8a-47b8-962d-03b88b7d6031","bucket":"7bea28bf-896b-4610-aeaa-00ee11b407e9","key":"a168cac5-bf3a-46d0-8ab8-fd4fee08ceed","owner":null,"dataSize":"0","replicationConfig":null} | ret=SUCCESS |  
]]></system-out>
  </testcase>
  <testcase name="testDeleteObjectTagging(BucketLayout)[2]" classname="org.apache.hadoop.ozone.client.rpc.TestSecureOzoneRpcClient" time="0.023">
    <system-out><![CDATA[2025-10-20 19:51:30,529 [ForkJoinPool-1-worker-1] INFO  rpc.RpcClient (RpcClient.java:createVolume(461)) - Creating Volume: 874a020e-863e-48ee-9eda-140c543da501, with runner as owner and space quota set to -1 bytes, counts quota set to -1
2025-10-20 19:51:30,531 [om1-OMStateMachineApplyTransactionThread - 0] INFO  volume.OMVolumeCreateRequest (OMVolumeCreateRequest.java:validateAndUpdateCache(213)) - created volume:874a020e-863e-48ee-9eda-140c543da501 for user:runner
2025-10-20 19:51:30,531 | INFO  | OMAudit | user=runner | ip=127.0.0.1 | op=CREATE_VOLUME {"admin":"runner","owner":"runner","volume":"874a020e-863e-48ee-9eda-140c543da501","creationTime":"1760989890530","modificationTime":"1760989890530","quotaInBytes":"-1","quotaInNamespace":"-1","usedNamespace":"0","objectID":"-9223372036854602240","updateID":"678","Transaction":"678"} | ret=SUCCESS |  
2025-10-20 19:51:30,532 | INFO  | OMAudit | user=runner | ip=127.0.0.1 | op=READ_VOLUME {"volume":"874a020e-863e-48ee-9eda-140c543da501"} | ret=SUCCESS |  
2025-10-20 19:51:30,533 [ForkJoinPool-1-worker-1] INFO  rpc.RpcClient (RpcClient.java:createBucket(686)) - Creating Bucket: 874a020e-863e-48ee-9eda-140c543da501/71058bcb-f269-4c21-8138-b70d9ed8c857, with bucket layout LEGACY, runner as owner, Versioning false, Storage Type set to DISK and Encryption set to false, Replication Type set to server-side default replication type, Namespace Quota set to -1, Space Quota set to -1 
2025-10-20 19:51:30,534 [om1-OMStateMachineApplyTransactionThread - 0] INFO  bucket.OMBucketCreateRequest (OMBucketCreateRequest.java:validateAndUpdateCache(303)) - created bucket: 71058bcb-f269-4c21-8138-b70d9ed8c857 of layout LEGACY in volume: 874a020e-863e-48ee-9eda-140c543da501
2025-10-20 19:51:30,534 | INFO  | OMAudit | user=runner | ip=127.0.0.1 | op=CREATE_BUCKET {"volume":"874a020e-863e-48ee-9eda-140c543da501","bucket":"71058bcb-f269-4c21-8138-b70d9ed8c857","bucketLayout":"LEGACY","gdprEnabled":null,"acls":"[user:runner:a[ACCESS], group:runner:rl[ACCESS]]","isVersionEnabled":"false","storageType":"DISK","creationTime":"1760989890533","bucketEncryptionKey":null,"modificationTime":"1760989890533","usedBytes":"0","usedNamespace":"0","snapshotUsedBytes":"0","snapshotUsedNamespace":"0","owner":"runner","replicationType":null,"replicationConfig":null,"quotaInBytes":"-1","quotaInNamespace":"-1","Transaction":"679"} | ret=SUCCESS |  
2025-10-20 19:51:30,535 | INFO  | OMAudit | user=runner | ip=127.0.0.1 | op=READ_BUCKET {"volume":"874a020e-863e-48ee-9eda-140c543da501","bucket":"71058bcb-f269-4c21-8138-b70d9ed8c857"} | ret=SUCCESS |  
2025-10-20 19:51:30,536 | INFO  | OMAudit | user=runner | ip=127.0.0.1 | op=READ_BUCKET {"volume":"874a020e-863e-48ee-9eda-140c543da501","bucket":"71058bcb-f269-4c21-8138-b70d9ed8c857"} | ret=SUCCESS |  
2025-10-20 19:51:30,537 | INFO  | SCMAudit | user=runner | ip=127.0.0.1 | op=ALLOCATE_BLOCK {"replication":"RATIS/ONE","owner":"omServiceIdDefault","size":"4194304","sampleBlocks":"[conID: 6 locID: 115816896921600195]","num":"1","client":"","allocated":"1"} | ret=SUCCESS |  
2025-10-20 19:51:30,539 | INFO  | OMAudit | user=runner | ip=127.0.0.1 | op=ALLOCATE_KEY {"volume":"874a020e-863e-48ee-9eda-140c543da501","bucket":"71058bcb-f269-4c21-8138-b70d9ed8c857","key":"766654b0-a729-4a8d-a991-ffcc317f9487","dataSize":"12","replicationType":"RATIS","replicationFactor":"ONE","Transaction":"680"} | ret=SUCCESS |  
2025-10-20 19:51:30,546 | INFO  | OMAudit | user=runner | ip=127.0.0.1 | op=COMMIT_KEY {"volume":"874a020e-863e-48ee-9eda-140c543da501","bucket":"71058bcb-f269-4c21-8138-b70d9ed8c857","key":"766654b0-a729-4a8d-a991-ffcc317f9487","dataSize":"12","replicationType":"RATIS","replicationFactor":"ONE","Transaction":"681"} | ret=SUCCESS |  
2025-10-20 19:51:30,547 | INFO  | OMAudit | user=runner | ip=127.0.0.1 | op=READ_KEY {"volume":"874a020e-863e-48ee-9eda-140c543da501","bucket":"71058bcb-f269-4c21-8138-b70d9ed8c857","key":"766654b0-a729-4a8d-a991-ffcc317f9487","owner":null,"dataSize":"0","replicationConfig":null} | ret=SUCCESS |  
2025-10-20 19:51:30,550 | INFO  | OMAudit | user=runner | ip=127.0.0.1 | op=DELETE_OBJECT_TAGGING {"volume":"874a020e-863e-48ee-9eda-140c543da501","bucket":"71058bcb-f269-4c21-8138-b70d9ed8c857","key":"766654b0-a729-4a8d-a991-ffcc317f9487","dataSize":"0","Transaction":"682"} | ret=SUCCESS |  
2025-10-20 19:51:30,551 | INFO  | OMAudit | user=runner | ip=127.0.0.1 | op=READ_KEY {"volume":"874a020e-863e-48ee-9eda-140c543da501","bucket":"71058bcb-f269-4c21-8138-b70d9ed8c857","key":"766654b0-a729-4a8d-a991-ffcc317f9487","owner":null,"dataSize":"0","replicationConfig":null} | ret=SUCCESS |  
]]></system-out>
  </testcase>
  <testcase name="testDeleteObjectTagging(BucketLayout)[3]" classname="org.apache.hadoop.ozone.client.rpc.TestSecureOzoneRpcClient" time="0.041">
    <system-out><![CDATA[2025-10-20 19:51:30,554 [ForkJoinPool-1-worker-1] INFO  rpc.RpcClient (RpcClient.java:createVolume(461)) - Creating Volume: e8ab3972-d0b1-4c95-837e-0b23f59d1e70, with runner as owner and space quota set to -1 bytes, counts quota set to -1
2025-10-20 19:51:30,555 [om1-OMStateMachineApplyTransactionThread - 0] INFO  volume.OMVolumeCreateRequest (OMVolumeCreateRequest.java:validateAndUpdateCache(213)) - created volume:e8ab3972-d0b1-4c95-837e-0b23f59d1e70 for user:runner
2025-10-20 19:51:30,555 | INFO  | OMAudit | user=runner | ip=127.0.0.1 | op=CREATE_VOLUME {"admin":"runner","owner":"runner","volume":"e8ab3972-d0b1-4c95-837e-0b23f59d1e70","creationTime":"1760989890554","modificationTime":"1760989890554","quotaInBytes":"-1","quotaInNamespace":"-1","usedNamespace":"0","objectID":"-9223372036854600960","updateID":"683","Transaction":"683"} | ret=SUCCESS |  
2025-10-20 19:51:30,556 | INFO  | OMAudit | user=runner | ip=127.0.0.1 | op=READ_VOLUME {"volume":"e8ab3972-d0b1-4c95-837e-0b23f59d1e70"} | ret=SUCCESS |  
2025-10-20 19:51:30,557 [ForkJoinPool-1-worker-1] INFO  rpc.RpcClient (RpcClient.java:createBucket(686)) - Creating Bucket: e8ab3972-d0b1-4c95-837e-0b23f59d1e70/595d5b5a-fec9-4acd-954c-3d05a609aee2, with bucket layout FILE_SYSTEM_OPTIMIZED, runner as owner, Versioning false, Storage Type set to DISK and Encryption set to false, Replication Type set to server-side default replication type, Namespace Quota set to -1, Space Quota set to -1 
2025-10-20 19:51:30,558 [om1-OMStateMachineApplyTransactionThread - 0] INFO  bucket.OMBucketCreateRequest (OMBucketCreateRequest.java:validateAndUpdateCache(303)) - created bucket: 595d5b5a-fec9-4acd-954c-3d05a609aee2 of layout FILE_SYSTEM_OPTIMIZED in volume: e8ab3972-d0b1-4c95-837e-0b23f59d1e70
2025-10-20 19:51:30,558 | INFO  | OMAudit | user=runner | ip=127.0.0.1 | op=CREATE_BUCKET {"volume":"e8ab3972-d0b1-4c95-837e-0b23f59d1e70","bucket":"595d5b5a-fec9-4acd-954c-3d05a609aee2","bucketLayout":"FILE_SYSTEM_OPTIMIZED","gdprEnabled":null,"acls":"[user:runner:a[ACCESS], group:runner:rl[ACCESS]]","isVersionEnabled":"false","storageType":"DISK","creationTime":"1760989890558","bucketEncryptionKey":null,"modificationTime":"1760989890558","usedBytes":"0","usedNamespace":"0","snapshotUsedBytes":"0","snapshotUsedNamespace":"0","owner":"runner","replicationType":null,"replicationConfig":null,"quotaInBytes":"-1","quotaInNamespace":"-1","Transaction":"684"} | ret=SUCCESS |  
2025-10-20 19:51:30,559 | INFO  | OMAudit | user=runner | ip=127.0.0.1 | op=READ_BUCKET {"volume":"e8ab3972-d0b1-4c95-837e-0b23f59d1e70","bucket":"595d5b5a-fec9-4acd-954c-3d05a609aee2"} | ret=SUCCESS |  
2025-10-20 19:51:30,561 | INFO  | OMAudit | user=runner | ip=127.0.0.1 | op=READ_BUCKET {"volume":"e8ab3972-d0b1-4c95-837e-0b23f59d1e70","bucket":"595d5b5a-fec9-4acd-954c-3d05a609aee2"} | ret=SUCCESS |  
2025-10-20 19:51:30,562 | INFO  | SCMAudit | user=runner | ip=127.0.0.1 | op=ALLOCATE_BLOCK {"replication":"RATIS/ONE","owner":"omServiceIdDefault","size":"4194304","sampleBlocks":"[conID: 27 locID: 115816896921600196]","num":"1","client":"","allocated":"1"} | ret=SUCCESS |  
2025-10-20 19:51:30,564 | INFO  | OMAudit | user=runner | ip=127.0.0.1 | op=ALLOCATE_KEY {"volume":"e8ab3972-d0b1-4c95-837e-0b23f59d1e70","bucket":"595d5b5a-fec9-4acd-954c-3d05a609aee2","key":"3f7ddb2b-ff2c-4f19-b9a9-061124635a62","dataSize":"12","replicationType":"RATIS","replicationFactor":"ONE","Transaction":"685"} | ret=SUCCESS |  
2025-10-20 19:51:30,576 | INFO  | OMAudit | user=runner | ip=127.0.0.1 | op=COMMIT_KEY {"volume":"e8ab3972-d0b1-4c95-837e-0b23f59d1e70","bucket":"595d5b5a-fec9-4acd-954c-3d05a609aee2","key":"3f7ddb2b-ff2c-4f19-b9a9-061124635a62","dataSize":"12","replicationType":"RATIS","replicationFactor":"ONE","Transaction":"686"} | ret=SUCCESS |  
2025-10-20 19:51:30,579 | INFO  | SCMAudit | user=runner | ip=127.0.0.1 | op=GET_CONTAINER_WITH_PIPELINE_BATCH {"containerIDs":"#27,"} | ret=SUCCESS |  
2025-10-20 19:51:30,580 | INFO  | OMAudit | user=runner | ip=127.0.0.1 | op=READ_KEY {"volume":"e8ab3972-d0b1-4c95-837e-0b23f59d1e70","bucket":"595d5b5a-fec9-4acd-954c-3d05a609aee2","key":"3f7ddb2b-ff2c-4f19-b9a9-061124635a62","owner":null,"dataSize":"0","replicationConfig":null} | ret=SUCCESS |  
2025-10-20 19:51:30,586 | INFO  | OMAudit | user=runner | ip=127.0.0.1 | op=READ_KEY {"volume":"e8ab3972-d0b1-4c95-837e-0b23f59d1e70","bucket":"595d5b5a-fec9-4acd-954c-3d05a609aee2","key":"3f7ddb2b-ff2c-4f19-b9a9-061124635a62","owner":null,"dataSize":"0","replicationConfig":null} | ret=SUCCESS |  
2025-10-20 19:51:30,589 | INFO  | OMAudit | user=runner | ip=127.0.0.1 | op=CREATE_DIRECTORY {"volume":"e8ab3972-d0b1-4c95-837e-0b23f59d1e70","bucket":"595d5b5a-fec9-4acd-954c-3d05a609aee2","key":"dir1/","dataSize":"0","Transaction":"688"} | ret=SUCCESS |  
2025-10-20 19:51:30,592 [om1-OMStateMachineApplyTransactionThread - 0] ERROR tagging.S3DeleteObjectTaggingRequestWithFSO (S3DeleteObjectTaggingRequestWithFSO.java:validateAndUpdateCache(162)) - Delete object tagging failed. Volume:e8ab3972-d0b1-4c95-837e-0b23f59d1e70, Bucket:595d5b5a-fec9-4acd-954c-3d05a609aee2, Key:dir1.
NOT_SUPPORTED_OPERATION org.apache.hadoop.ozone.om.exceptions.OMException: DeleteObjectTagging is not currently supported for FSO directory
	at org.apache.hadoop.ozone.om.request.s3.tagging.S3DeleteObjectTaggingRequestWithFSO.validateAndUpdateCache(S3DeleteObjectTaggingRequestWithFSO.java:105)
	at org.apache.hadoop.ozone.protocolPB.OzoneManagerRequestHandler.lambda$0(OzoneManagerRequestHandler.java:418)
	at org.apache.hadoop.ozone.util.MetricUtil.captureLatencyNs(MetricUtil.java:45)
	at org.apache.hadoop.ozone.protocolPB.OzoneManagerRequestHandler.handleWriteRequestImpl(OzoneManagerRequestHandler.java:416)
	at org.apache.hadoop.ozone.protocolPB.RequestHandler.handleWriteRequest(RequestHandler.java:62)
	at org.apache.hadoop.ozone.om.ratis.OzoneManagerStateMachine.runCommand(OzoneManagerStateMachine.java:599)
	at org.apache.hadoop.ozone.om.ratis.OzoneManagerStateMachine.lambda$3(OzoneManagerStateMachine.java:415)
	at java.base/java.util.concurrent.CompletableFuture$AsyncSupply.run(CompletableFuture.java:1768)
	at java.base/java.util.concurrent.ThreadPoolExecutor.runWorker(ThreadPoolExecutor.java:1144)
	at java.base/java.util.concurrent.ThreadPoolExecutor$Worker.run(ThreadPoolExecutor.java:642)
	at java.base/java.lang.Thread.run(Thread.java:1583)
]]></system-out>
  </testcase>
  <testcase name="testDeleteS3Bucket" classname="org.apache.hadoop.ozone.client.rpc.TestSecureOzoneRpcClient" time="0.015">
    <system-out><![CDATA[2025-10-20 19:51:30,596 | INFO  | OMAudit | user=runner | ip=127.0.0.1 | op=READ_VOLUME {"volume":"s3v"} | ret=SUCCESS |  
2025-10-20 19:51:30,597 [ForkJoinPool-1-worker-1] INFO  rpc.RpcClient (RpcClient.java:createBucket(686)) - Creating Bucket: s3v/48d03d4d-8034-41f8-a8e9-d9f2445c1644, with bucket layout OBJECT_STORE, runner as owner, Versioning false, Storage Type set to DISK and Encryption set to false, Replication Type set to server-side default replication type, Namespace Quota set to -1, Space Quota set to -1 
2025-10-20 19:51:30,599 [om1-OMStateMachineApplyTransactionThread - 0] INFO  bucket.OMBucketCreateRequest (OMBucketCreateRequest.java:validateAndUpdateCache(303)) - created bucket: 48d03d4d-8034-41f8-a8e9-d9f2445c1644 of layout OBJECT_STORE in volume: s3v
2025-10-20 19:51:30,599 | INFO  | OMAudit | user=runner | ip=127.0.0.1 | op=CREATE_BUCKET {"volume":"s3v","bucket":"48d03d4d-8034-41f8-a8e9-d9f2445c1644","bucketLayout":"OBJECT_STORE","gdprEnabled":null,"acls":"[user:runner:a[ACCESS], group:runner:rl[ACCESS]]","isVersionEnabled":"false","storageType":"DISK","creationTime":"1760989890598","bucketEncryptionKey":null,"modificationTime":"1760989890598","usedBytes":"0","usedNamespace":"0","snapshotUsedBytes":"0","snapshotUsedNamespace":"0","owner":"runner","replicationType":null,"replicationConfig":null,"quotaInBytes":"-1","quotaInNamespace":"-1","Transaction":"690"} | ret=SUCCESS |  
2025-10-20 19:51:30,601 | INFO  | OMAudit | user=runner | ip=127.0.0.1 | op=READ_VOLUME {"volume":"s3v"} | ret=SUCCESS |  
2025-10-20 19:51:30,602 | INFO  | OMAudit | user=runner | ip=127.0.0.1 | op=READ_BUCKET {"volume":"s3v","bucket":"48d03d4d-8034-41f8-a8e9-d9f2445c1644"} | ret=SUCCESS |  
2025-10-20 19:51:30,604 | INFO  | OMAudit | user=runner | ip=127.0.0.1 | op=READ_VOLUME {"volume":"s3v"} | ret=SUCCESS |  
2025-10-20 19:51:30,606 | INFO  | OMAudit | user=runner | ip=127.0.0.1 | op=DELETE_BUCKET {"volume":"s3v","bucket":"48d03d4d-8034-41f8-a8e9-d9f2445c1644","Transaction":"691"} | ret=SUCCESS |  
2025-10-20 19:51:30,608 | INFO  | OMAudit | user=runner | ip=127.0.0.1 | op=READ_VOLUME {"volume":"s3v"} | ret=SUCCESS |  
2025-10-20 19:51:30,609 | ERROR | OMAudit | user=runner | ip=127.0.0.1 | op=READ_BUCKET {"volume":"s3v","bucket":"48d03d4d-8034-41f8-a8e9-d9f2445c1644"} | ret=FAILURE | 
org.apache.hadoop.ozone.om.exceptions.OMException: Bucket not found
	at org.apache.hadoop.ozone.om.OzoneManager.getBucketOwner(OzoneManager.java:2726)
	at org.apache.hadoop.ozone.om.OzoneManager.getBucketOwner(OzoneManager.java:2694)
 
]]></system-out>
  </testcase>
  <testcase name="testDeleteS3NonExistingBucket" classname="org.apache.hadoop.ozone.client.rpc.TestSecureOzoneRpcClient" time="0.005">
    <system-out><![CDATA[2025-10-20 19:51:30,612 | INFO  | OMAudit | user=runner | ip=127.0.0.1 | op=READ_VOLUME {"volume":"s3v"} | ret=SUCCESS |  
2025-10-20 19:51:30,615 [om1-OMStateMachineApplyTransactionThread - 0] ERROR bucket.OMBucketDeleteRequest (OMBucketDeleteRequest.java:validateAndUpdateCache(220)) - Delete bucket failed for bucket:5141518f-e436-46b2-a22b-ac0256b16f96 in volume:s3v
BUCKET_NOT_FOUND org.apache.hadoop.ozone.om.exceptions.OMException: Bucket not found
	at org.apache.hadoop.ozone.om.OzoneManager.getBucketOwner(OzoneManager.java:2726)
	at org.apache.hadoop.ozone.om.OzoneManager.getBucketOwner(OzoneManager.java:2694)
	at org.apache.hadoop.ozone.om.request.OMClientRequest.checkAcls(OMClientRequest.java:250)
	at org.apache.hadoop.ozone.om.request.bucket.OMBucketDeleteRequest.validateAndUpdateCache(OMBucketDeleteRequest.java:106)
	at org.apache.hadoop.ozone.protocolPB.OzoneManagerRequestHandler.lambda$0(OzoneManagerRequestHandler.java:418)
	at org.apache.hadoop.ozone.util.MetricUtil.captureLatencyNs(MetricUtil.java:45)
	at org.apache.hadoop.ozone.protocolPB.OzoneManagerRequestHandler.handleWriteRequestImpl(OzoneManagerRequestHandler.java:416)
	at org.apache.hadoop.ozone.protocolPB.RequestHandler.handleWriteRequest(RequestHandler.java:62)
	at org.apache.hadoop.ozone.om.ratis.OzoneManagerStateMachine.runCommand(OzoneManagerStateMachine.java:599)
	at org.apache.hadoop.ozone.om.ratis.OzoneManagerStateMachine.lambda$3(OzoneManagerStateMachine.java:415)
	at java.base/java.util.concurrent.CompletableFuture$AsyncSupply.run(CompletableFuture.java:1768)
	at java.base/java.util.concurrent.ThreadPoolExecutor.runWorker(ThreadPoolExecutor.java:1144)
	at java.base/java.util.concurrent.ThreadPoolExecutor$Worker.run(ThreadPoolExecutor.java:642)
	at java.base/java.lang.Thread.run(Thread.java:1583)
2025-10-20 19:51:30,615 | ERROR | OMAudit | user=runner | ip=127.0.0.1 | op=DELETE_BUCKET {"volume":"s3v","bucket":"5141518f-e436-46b2-a22b-ac0256b16f96","Transaction":"692"} | ret=FAILURE | 
org.apache.hadoop.ozone.om.exceptions.OMException: Bucket not found
	at org.apache.hadoop.ozone.om.OzoneManager.getBucketOwner(OzoneManager.java:2726)
	at org.apache.hadoop.ozone.om.OzoneManager.getBucketOwner(OzoneManager.java:2694)
 
]]></system-out>
  </testcase>
  <testcase name="testDeleteVolume" classname="org.apache.hadoop.ozone.client.rpc.TestSecureOzoneRpcClient" time="0.01">
    <system-out><![CDATA[2025-10-20 19:51:30,618 [ForkJoinPool-1-worker-1] INFO  rpc.RpcClient (RpcClient.java:createVolume(461)) - Creating Volume: d7f4e6e5-3f91-4286-ac1d-3c0c0d6e06e2, with runner as owner and space quota set to -1 bytes, counts quota set to -1
2025-10-20 19:51:30,621 [om1-OMStateMachineApplyTransactionThread - 0] INFO  volume.OMVolumeCreateRequest (OMVolumeCreateRequest.java:validateAndUpdateCache(213)) - created volume:d7f4e6e5-3f91-4286-ac1d-3c0c0d6e06e2 for user:runner
2025-10-20 19:51:30,621 | INFO  | OMAudit | user=runner | ip=127.0.0.1 | op=CREATE_VOLUME {"admin":"runner","owner":"runner","volume":"d7f4e6e5-3f91-4286-ac1d-3c0c0d6e06e2","creationTime":"1760989890619","modificationTime":"1760989890619","quotaInBytes":"-1","quotaInNamespace":"-1","usedNamespace":"0","objectID":"-9223372036854598400","updateID":"693","Transaction":"693"} | ret=SUCCESS |  
2025-10-20 19:51:30,623 | INFO  | OMAudit | user=runner | ip=127.0.0.1 | op=READ_VOLUME {"volume":"d7f4e6e5-3f91-4286-ac1d-3c0c0d6e06e2"} | ret=SUCCESS |  
2025-10-20 19:51:30,625 | INFO  | OMAudit | user=runner | ip=127.0.0.1 | op=DELETE_VOLUME {"volume":"d7f4e6e5-3f91-4286-ac1d-3c0c0d6e06e2","Transaction":"694"} | ret=SUCCESS |  
2025-10-20 19:51:30,626 | ERROR | OMAudit | user=runner | ip=127.0.0.1 | op=READ_VOLUME {"volume":"d7f4e6e5-3f91-4286-ac1d-3c0c0d6e06e2"} | ret=FAILURE | 
org.apache.hadoop.ozone.om.exceptions.OMException: Volume d7f4e6e5-3f91-4286-ac1d-3c0c0d6e06e2 is not found
	at org.apache.hadoop.ozone.om.OzoneManager.getVolumeOwner(OzoneManager.java:2679)
	at org.apache.hadoop.ozone.om.OzoneManager.getVolumeOwner(OzoneManager.java:2651)
 
]]></system-out>
  </testcase>
  <testcase name="testDeletedKeyForGDPR" classname="org.apache.hadoop.ozone.client.rpc.TestSecureOzoneRpcClient" time="0.054">
    <system-out><![CDATA[2025-10-20 19:51:30,628 [ForkJoinPool-1-worker-1] INFO  rpc.RpcClient (RpcClient.java:createVolume(461)) - Creating Volume: e95d5ca1-536a-4e1f-82a2-cc1c30a6405d, with runner as owner and space quota set to -1 bytes, counts quota set to -1
2025-10-20 19:51:30,630 [om1-OMStateMachineApplyTransactionThread - 0] INFO  volume.OMVolumeCreateRequest (OMVolumeCreateRequest.java:validateAndUpdateCache(213)) - created volume:e95d5ca1-536a-4e1f-82a2-cc1c30a6405d for user:runner
2025-10-20 19:51:30,630 | INFO  | OMAudit | user=runner | ip=127.0.0.1 | op=CREATE_VOLUME {"admin":"runner","owner":"runner","volume":"e95d5ca1-536a-4e1f-82a2-cc1c30a6405d","creationTime":"1760989890629","modificationTime":"1760989890629","quotaInBytes":"-1","quotaInNamespace":"-1","usedNamespace":"0","objectID":"-9223372036854597888","updateID":"695","Transaction":"695"} | ret=SUCCESS |  
2025-10-20 19:51:30,631 | INFO  | OMAudit | user=runner | ip=127.0.0.1 | op=READ_VOLUME {"volume":"e95d5ca1-536a-4e1f-82a2-cc1c30a6405d"} | ret=SUCCESS |  
2025-10-20 19:51:30,632 [ForkJoinPool-1-worker-1] INFO  rpc.RpcClient (RpcClient.java:createBucket(686)) - Creating Bucket: e95d5ca1-536a-4e1f-82a2-cc1c30a6405d/fe8e5570-cf3a-41cd-b0f6-36fb59b24691, with server-side default bucket layout, runner as owner, Versioning false, Storage Type set to DISK and Encryption set to false, Replication Type set to server-side default replication type, Namespace Quota set to -1, Space Quota set to -1 
2025-10-20 19:51:30,634 [om1-OMStateMachineApplyTransactionThread - 0] INFO  bucket.OMBucketCreateRequest (OMBucketCreateRequest.java:validateAndUpdateCache(303)) - created bucket: fe8e5570-cf3a-41cd-b0f6-36fb59b24691 of layout FILE_SYSTEM_OPTIMIZED in volume: e95d5ca1-536a-4e1f-82a2-cc1c30a6405d
2025-10-20 19:51:30,634 | INFO  | OMAudit | user=runner | ip=127.0.0.1 | op=CREATE_BUCKET {"volume":"e95d5ca1-536a-4e1f-82a2-cc1c30a6405d","bucket":"fe8e5570-cf3a-41cd-b0f6-36fb59b24691","bucketLayout":"FILE_SYSTEM_OPTIMIZED","gdprEnabled":"true","acls":"[user:runner:a[ACCESS], group:runner:rl[ACCESS]]","isVersionEnabled":"false","storageType":"DISK","creationTime":"1760989890633","bucketEncryptionKey":null,"modificationTime":"1760989890633","usedBytes":"0","usedNamespace":"0","snapshotUsedBytes":"0","snapshotUsedNamespace":"0","owner":"runner","replicationType":null,"replicationConfig":null,"quotaInBytes":"-1","quotaInNamespace":"-1","Transaction":"696"} | ret=SUCCESS |  
2025-10-20 19:51:30,635 | INFO  | OMAudit | user=runner | ip=127.0.0.1 | op=READ_BUCKET {"volume":"e95d5ca1-536a-4e1f-82a2-cc1c30a6405d","bucket":"fe8e5570-cf3a-41cd-b0f6-36fb59b24691"} | ret=SUCCESS |  
2025-10-20 19:51:30,645 | INFO  | OMAudit | user=runner | ip=127.0.0.1 | op=READ_BUCKET {"volume":"e95d5ca1-536a-4e1f-82a2-cc1c30a6405d","bucket":"fe8e5570-cf3a-41cd-b0f6-36fb59b24691"} | ret=SUCCESS |  
2025-10-20 19:51:30,646 | INFO  | SCMAudit | user=runner | ip=127.0.0.1 | op=ALLOCATE_BLOCK {"replication":"RATIS/ONE","owner":"omServiceIdDefault","size":"4194304","sampleBlocks":"[conID: 10 locID: 115816896921600197]","num":"1","client":"","allocated":"1"} | ret=SUCCESS |  
2025-10-20 19:51:30,646 | INFO  | SCMAudit | user=runner | ip=127.0.0.1 | op=SEND_HEARTBEAT {"datanodeUUID":"4f2bb3f5-0e03-4f1b-bb4c-79c91b98c7da","term":"2","command":"[]"} | ret=SUCCESS |  
2025-10-20 19:51:30,647 | INFO  | SCMAudit | user=runner | ip=127.0.0.1 | op=SEND_HEARTBEAT {"datanodeUUID":"cc7fbe85-1d98-437b-84f9-04213fee10f0","term":"2","command":"[]"} | ret=SUCCESS |  
2025-10-20 19:51:30,648 | INFO  | SCMAudit | user=runner | ip=127.0.0.1 | op=SEND_HEARTBEAT {"datanodeUUID":"605be85e-a7f4-44d7-8cfd-f53001b990b0","term":"2","command":"[]"} | ret=SUCCESS |  
2025-10-20 19:51:30,649 | INFO  | OMAudit | user=runner | ip=127.0.0.1 | op=ALLOCATE_KEY {"volume":"e95d5ca1-536a-4e1f-82a2-cc1c30a6405d","bucket":"fe8e5570-cf3a-41cd-b0f6-36fb59b24691","key":"5b9b45f6-e47b-4080-aec0-f8d0e499784f","dataSize":"11","replicationType":"RATIS","replicationFactor":"ONE","Transaction":"697"} | ret=SUCCESS |  
2025-10-20 19:51:30,659 | INFO  | OMAudit | user=runner | ip=127.0.0.1 | op=COMMIT_KEY {"volume":"e95d5ca1-536a-4e1f-82a2-cc1c30a6405d","bucket":"fe8e5570-cf3a-41cd-b0f6-36fb59b24691","key":"5b9b45f6-e47b-4080-aec0-f8d0e499784f","dataSize":"16","replicationType":"RATIS","replicationFactor":"ONE","Transaction":"698"} | ret=SUCCESS |  
2025-10-20 19:51:30,662 | INFO  | OMAudit | user=runner | ip=127.0.0.1 | op=READ_KEY {"volume":"e95d5ca1-536a-4e1f-82a2-cc1c30a6405d","bucket":"fe8e5570-cf3a-41cd-b0f6-36fb59b24691","key":"5b9b45f6-e47b-4080-aec0-f8d0e499784f","owner":null,"dataSize":"0","replicationConfig":null} | ret=SUCCESS |  
2025-10-20 19:51:30,664 | INFO  | OMAudit | user=runner | ip=127.0.0.1 | op=READ_KEY {"volume":"e95d5ca1-536a-4e1f-82a2-cc1c30a6405d","bucket":"fe8e5570-cf3a-41cd-b0f6-36fb59b24691","key":"5b9b45f6-e47b-4080-aec0-f8d0e499784f","owner":null,"dataSize":"0","replicationConfig":null} | ret=SUCCESS |  
2025-10-20 19:51:30,670 | INFO  | SCMAudit | user=runner | ip=127.0.0.1 | op=GET_CONTAINER_WITH_PIPELINE_BATCH {"containerIDs":"#10,"} | ret=SUCCESS |  
2025-10-20 19:51:30,671 | INFO  | OMAudit | user=null | ip= | op=READ_KEY {"volume":"e95d5ca1-536a-4e1f-82a2-cc1c30a6405d","bucket":"fe8e5570-cf3a-41cd-b0f6-36fb59b24691","key":"5b9b45f6-e47b-4080-aec0-f8d0e499784f","owner":null,"dataSize":"0","replicationConfig":null} | ret=SUCCESS |  
2025-10-20 19:51:30,676 | INFO  | SCMAudit | user=runner | ip=127.0.0.1 | op=GET_CONTAINER {"containerID":"10"} | ret=SUCCESS |  
2025-10-20 19:51:30,681 | INFO  | OMAudit | user=runner | ip=127.0.0.1 | op=DELETE_KEY {"volume":"e95d5ca1-536a-4e1f-82a2-cc1c30a6405d","bucket":"fe8e5570-cf3a-41cd-b0f6-36fb59b24691","key":"5b9b45f6-e47b-4080-aec0-f8d0e499784f","dataSize":"16","replicationConfig":"RATIS/ONE","Transaction":"699"} | ret=SUCCESS |  
]]></system-out>
  </testcase>
  <testcase name="testFSOBucketUsedBytes" classname="org.apache.hadoop.ozone.client.rpc.TestSecureOzoneRpcClient" time="3.059">
    <system-out><![CDATA[2025-10-20 19:51:30,683 [ForkJoinPool-1-worker-1] INFO  rpc.RpcClient (RpcClient.java:createVolume(461)) - Creating Volume: fd4834aa-8af0-4080-9f96-775ec2871c2e, with runner as owner and space quota set to -1 bytes, counts quota set to -1
2025-10-20 19:51:30,685 [om1-OMStateMachineApplyTransactionThread - 0] INFO  volume.OMVolumeCreateRequest (OMVolumeCreateRequest.java:validateAndUpdateCache(213)) - created volume:fd4834aa-8af0-4080-9f96-775ec2871c2e for user:runner
2025-10-20 19:51:30,685 | INFO  | OMAudit | user=runner | ip=127.0.0.1 | op=CREATE_VOLUME {"admin":"runner","owner":"runner","volume":"fd4834aa-8af0-4080-9f96-775ec2871c2e","creationTime":"1760989890684","modificationTime":"1760989890684","quotaInBytes":"-1","quotaInNamespace":"-1","usedNamespace":"0","objectID":"-9223372036854596608","updateID":"700","Transaction":"700"} | ret=SUCCESS |  
2025-10-20 19:51:30,686 | INFO  | OMAudit | user=runner | ip=127.0.0.1 | op=READ_VOLUME {"volume":"fd4834aa-8af0-4080-9f96-775ec2871c2e"} | ret=SUCCESS |  
2025-10-20 19:51:30,687 [ForkJoinPool-1-worker-1] INFO  rpc.RpcClient (RpcClient.java:createBucket(686)) - Creating Bucket: fd4834aa-8af0-4080-9f96-775ec2871c2e/6ed8428c-97c7-4494-8f3e-4932f5652820, with bucket layout FILE_SYSTEM_OPTIMIZED, runner as owner, Versioning false, Storage Type set to DISK and Encryption set to false, Replication Type set to server-side default replication type, Namespace Quota set to -1, Space Quota set to -1 
2025-10-20 19:51:30,689 [om1-OMStateMachineApplyTransactionThread - 0] INFO  bucket.OMBucketCreateRequest (OMBucketCreateRequest.java:validateAndUpdateCache(303)) - created bucket: 6ed8428c-97c7-4494-8f3e-4932f5652820 of layout FILE_SYSTEM_OPTIMIZED in volume: fd4834aa-8af0-4080-9f96-775ec2871c2e
2025-10-20 19:51:30,689 | INFO  | OMAudit | user=runner | ip=127.0.0.1 | op=CREATE_BUCKET {"volume":"fd4834aa-8af0-4080-9f96-775ec2871c2e","bucket":"6ed8428c-97c7-4494-8f3e-4932f5652820","bucketLayout":"FILE_SYSTEM_OPTIMIZED","gdprEnabled":null,"acls":"[user:runner:a[ACCESS], group:runner:rl[ACCESS]]","isVersionEnabled":"false","storageType":"DISK","creationTime":"1760989890688","bucketEncryptionKey":null,"modificationTime":"1760989890688","usedBytes":"0","usedNamespace":"0","snapshotUsedBytes":"0","snapshotUsedNamespace":"0","owner":"runner","replicationType":null,"replicationConfig":null,"quotaInBytes":"-1","quotaInNamespace":"-1","Transaction":"701"} | ret=SUCCESS |  
2025-10-20 19:51:30,690 | INFO  | OMAudit | user=runner | ip=127.0.0.1 | op=READ_BUCKET {"volume":"fd4834aa-8af0-4080-9f96-775ec2871c2e","bucket":"6ed8428c-97c7-4494-8f3e-4932f5652820"} | ret=SUCCESS |  
2025-10-20 19:51:30,691 | INFO  | OMAudit | user=runner | ip=127.0.0.1 | op=READ_BUCKET {"volume":"fd4834aa-8af0-4080-9f96-775ec2871c2e","bucket":"6ed8428c-97c7-4494-8f3e-4932f5652820"} | ret=SUCCESS |  
2025-10-20 19:51:30,692 | INFO  | SCMAudit | user=runner | ip=127.0.0.1 | op=ALLOCATE_BLOCK {"replication":"RATIS/ONE","owner":"omServiceIdDefault","size":"4194304","sampleBlocks":"[conID: 8 locID: 115816896921600198]","num":"1","client":"","allocated":"1"} | ret=SUCCESS |  
2025-10-20 19:51:30,694 | INFO  | OMAudit | user=runner | ip=127.0.0.1 | op=ALLOCATE_KEY {"volume":"fd4834aa-8af0-4080-9f96-775ec2871c2e","bucket":"6ed8428c-97c7-4494-8f3e-4932f5652820","key":"5c41b8df-4712-40b0-a230-912678b57e57","dataSize":"12","replicationType":"RATIS","replicationFactor":"ONE","Transaction":"702"} | ret=SUCCESS |  
2025-10-20 19:51:30,702 | INFO  | OMAudit | user=runner | ip=127.0.0.1 | op=COMMIT_KEY {"volume":"fd4834aa-8af0-4080-9f96-775ec2871c2e","bucket":"6ed8428c-97c7-4494-8f3e-4932f5652820","key":"5c41b8df-4712-40b0-a230-912678b57e57","dataSize":"12","replicationType":"RATIS","replicationFactor":"ONE","Transaction":"703"} | ret=SUCCESS |  
2025-10-20 19:51:30,703 | INFO  | OMAudit | user=runner | ip=127.0.0.1 | op=READ_VOLUME {"volume":"fd4834aa-8af0-4080-9f96-775ec2871c2e"} | ret=SUCCESS |  
2025-10-20 19:51:30,704 | INFO  | OMAudit | user=runner | ip=127.0.0.1 | op=READ_BUCKET {"volume":"fd4834aa-8af0-4080-9f96-775ec2871c2e","bucket":"6ed8428c-97c7-4494-8f3e-4932f5652820"} | ret=SUCCESS |  
2025-10-20 19:51:30,705 | INFO  | OMAudit | user=runner | ip=127.0.0.1 | op=READ_BUCKET {"volume":"fd4834aa-8af0-4080-9f96-775ec2871c2e","bucket":"6ed8428c-97c7-4494-8f3e-4932f5652820"} | ret=SUCCESS |  
2025-10-20 19:51:30,706 | INFO  | SCMAudit | user=runner | ip=127.0.0.1 | op=ALLOCATE_BLOCK {"replication":"RATIS/ONE","owner":"omServiceIdDefault","size":"4194304","sampleBlocks":"[conID: 10 locID: 115816896921600199]","num":"1","client":"","allocated":"1"} | ret=SUCCESS |  
2025-10-20 19:51:30,708 | INFO  | OMAudit | user=runner | ip=127.0.0.1 | op=ALLOCATE_KEY {"volume":"fd4834aa-8af0-4080-9f96-775ec2871c2e","bucket":"6ed8428c-97c7-4494-8f3e-4932f5652820","key":"5c41b8df-4712-40b0-a230-912678b57e57","dataSize":"12","replicationType":"RATIS","replicationFactor":"ONE","Transaction":"704"} | ret=SUCCESS |  
2025-10-20 19:51:30,715 | INFO  | OMAudit | user=runner | ip=127.0.0.1 | op=COMMIT_KEY {"volume":"fd4834aa-8af0-4080-9f96-775ec2871c2e","bucket":"6ed8428c-97c7-4494-8f3e-4932f5652820","key":"5c41b8df-4712-40b0-a230-912678b57e57","dataSize":"12","replicationType":"RATIS","replicationFactor":"ONE","Transaction":"705"} | ret=SUCCESS |  
2025-10-20 19:51:30,716 | INFO  | OMAudit | user=runner | ip=127.0.0.1 | op=READ_VOLUME {"volume":"fd4834aa-8af0-4080-9f96-775ec2871c2e"} | ret=SUCCESS |  
2025-10-20 19:51:30,717 | INFO  | OMAudit | user=runner | ip=127.0.0.1 | op=READ_BUCKET {"volume":"fd4834aa-8af0-4080-9f96-775ec2871c2e","bucket":"6ed8428c-97c7-4494-8f3e-4932f5652820"} | ret=SUCCESS |  
2025-10-20 19:51:30,724 | INFO  | SCMAudit | user=runner | ip=127.0.0.1 | op=SEND_HEARTBEAT {"datanodeUUID":"feb39a1c-80cb-4714-ab06-a361236e3029","term":"2","command":"[]"} | ret=SUCCESS |  
2025-10-20 19:51:30,739 | INFO  | SCMAudit | user=runner | ip=127.0.0.1 | op=SEND_HEARTBEAT {"datanodeUUID":"e05592a5-d00f-4fc1-9e39-a968c1ecb04e","term":"2","command":"[]"} | ret=SUCCESS |  
2025-10-20 19:51:30,742 | INFO  | SCMAudit | user=runner | ip=127.0.0.1 | op=SEND_HEARTBEAT {"datanodeUUID":"33f74daf-be7a-4306-b2af-53e409c4cb93","term":"2","command":"[]"} | ret=SUCCESS |  
2025-10-20 19:51:30,843 | INFO  | SCMAudit | user=runner | ip=127.0.0.1 | op=SEND_HEARTBEAT {"datanodeUUID":"d7d8cf72-b9f6-4979-9c53-007dd6e6e48a","term":"2","command":"[]"} | ret=SUCCESS |  
2025-10-20 19:51:31,150 [pool-66-thread-13] INFO  service.DirectoryDeletingService (DirectoryDeletingService.java:optimizeDirDeletesAndSubmitRequest(313)) - Number of dirs deleted: 1, Number of sub-dir deleted: 0, Number of sub-files moved: 0 to DeletedTable, Number of sub-dirs moved 0 to DeletedDirectoryTable, iteration elapsed: 2ms,  totalRunCount: 98
2025-10-20 19:51:31,151 [om1-KeyDeletingService#2] INFO  service.KeyDeletingService (KeyDeletingService.java:processKeyDeletes(151)) - Send 10 key(s) to SCM, first 10 keys: [PurgedKey{blockGroup=BlockGroup[groupID='/034bd79f-6450-470e-8fb4-0b45282e84a3/bucket11/key/-9223372036854609920/0', blockIDs=[conID: 16 locID: 115816896921600190 bcsId: 0 replicaIndex: null]], volume='034bd79f-6450-470e-8fb4-0b45282e84a3', bucket='bucket11', bucketId=-9223372036854610432, purgedBytes=12582912, isCommittedKey=false, deleteKeyName='/034bd79f-6450-470e-8fb4-0b45282e84a3/bucket11/key/-9223372036854609920'}, PurgedKey{blockGroup=BlockGroup[groupID='/e95d5ca1-536a-4e1f-82a2-cc1c30a6405d/fe8e5570-cf3a-41cd-b0f6-36fb59b24691/5b9b45f6-e47b-4080-aec0-f8d0e499784f/-9223372036854597375/0', blockIDs=[conID: 10 locID: 115816896921600197 bcsId: 0 replicaIndex: null]], volume='e95d5ca1-536a-4e1f-82a2-cc1c30a6405d', bucket='fe8e5570-cf3a-41cd-b0f6-36fb59b24691', bucketId=-9223372036854597632, purgedBytes=16, isCommittedKey=true, deleteKeyName='/e95d5ca1-536a-4e1f-82a2-cc1c30a6405d/fe8e5570-cf3a-41cd-b0f6-36fb59b24691/5b9b45f6-e47b-4080-aec0-f8d0e499784f/-9223372036854597375'}, PurgedKey{blockGroup=BlockGroup[groupID='/ea3dea63-05c2-4b12-be43-cfcd5ddcbffa/87462a21-fc51-4dd1-8423-4b347e065bd8/dir1/key4/-9223372036854612990/0', blockIDs=[conID: 19 locID: 115816896921600188 bcsId: 0 replicaIndex: null]], volume='ea3dea63-05c2-4b12-be43-cfcd5ddcbffa', bucket='87462a21-fc51-4dd1-8423-4b347e065bd8', bucketId=-9223372036854615808, purgedBytes=36, isCommittedKey=true, deleteKeyName='/ea3dea63-05c2-4b12-be43-cfcd5ddcbffa/87462a21-fc51-4dd1-8423-4b347e065bd8/dir1/key4/-9223372036854612990'}, PurgedKey{blockGroup=BlockGroup[groupID='/384e0276-d5cf-4a6b-bc1b-cf28e45691cf/bucket11/key/-9223372036854608384/0', blockIDs=[conID: 21 locID: 115816896921600191 bcsId: 0 replicaIndex: null]], volume='384e0276-d5cf-4a6b-bc1b-cf28e45691cf', bucket='bucket11', bucketId=-9223372036854608896, purgedBytes=12582912, isCommittedKey=false, deleteKeyName='/384e0276-d5cf-4a6b-bc1b-cf28e45691cf/bucket11/key/-9223372036854608384'}, PurgedKey{blockGroup=BlockGroup[groupID='/988b8e18-95aa-44fc-bbc7-c392ddb6a8d8/bucket11/key/-9223372036854606848/0', blockIDs=[conID: 15 locID: 115816896921600192 bcsId: 0 replicaIndex: null]], volume='988b8e18-95aa-44fc-bbc7-c392ddb6a8d8', bucket='bucket11', bucketId=-9223372036854607360, purgedBytes=12582912, isCommittedKey=false, deleteKeyName='/988b8e18-95aa-44fc-bbc7-c392ddb6a8d8/bucket11/key/-9223372036854606848'}, PurgedKey{blockGroup=BlockGroup[groupID='/fd4834aa-8af0-4080-9f96-775ec2871c2e/6ed8428c-97c7-4494-8f3e-4932f5652820/5c41b8df-4712-40b0-a230-912678b57e57/-9223372036854595328/0', blockIDs=[conID: 8 locID: 115816896921600198 bcsId: 0 replicaIndex: null]], volume='fd4834aa-8af0-4080-9f96-775ec2871c2e', bucket='6ed8428c-97c7-4494-8f3e-4932f5652820', bucketId=-9223372036854596352, purgedBytes=12, isCommittedKey=true, deleteKeyName='/fd4834aa-8af0-4080-9f96-775ec2871c2e/6ed8428c-97c7-4494-8f3e-4932f5652820/5c41b8df-4712-40b0-a230-912678b57e57/-9223372036854595328'}, PurgedKey{blockGroup=BlockGroup[groupID='/ea3dea63-05c2-4b12-be43-cfcd5ddcbffa/87462a21-fc51-4dd1-8423-4b347e065bd8/key1/-9223372036854615551/0', blockIDs=[conID: 14 locID: 115816896921600185 bcsId: 0 replicaIndex: null]], volume='ea3dea63-05c2-4b12-be43-cfcd5ddcbffa', bucket='87462a21-fc51-4dd1-8423-4b347e065bd8', bucketId=-9223372036854615808, purgedBytes=36, isCommittedKey=true, deleteKeyName='/ea3dea63-05c2-4b12-be43-cfcd5ddcbffa/87462a21-fc51-4dd1-8423-4b347e065bd8/key1/-9223372036854615551'}, PurgedKey{blockGroup=BlockGroup[groupID='/ea3dea63-05c2-4b12-be43-cfcd5ddcbffa/87462a21-fc51-4dd1-8423-4b347e065bd8/key2/-9223372036854615039/0', blockIDs=[conID: 22 locID: 115816896921600186 bcsId: 0 replicaIndex: null]], volume='ea3dea63-05c2-4b12-be43-cfcd5ddcbffa', bucket='87462a21-fc51-4dd1-8423-4b347e065bd8', bucketId=-9223372036854615808, purgedBytes=36, isCommittedKey=true, deleteKeyName='/ea3dea63-05c2-4b12-be43-cfcd5ddcbffa/87462a21-fc51-4dd1-8423-4b347e065bd8/key2/-9223372036854615039'}, PurgedKey{blockGroup=BlockGroup[groupID='/55f472ba-ca0b-40d4-a81a-b62598e9d8e2/46def017-e322-4205-8c8d-5fc2433d69da/9ae84794-d6cc-47fa-a7d1-12c640d3fb88/-9223372036854605823/0', blockIDs=[conID: 13 locID: 115816896921600193 bcsId: 0 replicaIndex: null]], volume='55f472ba-ca0b-40d4-a81a-b62598e9d8e2', bucket='46def017-e322-4205-8c8d-5fc2433d69da', bucketId=-9223372036854606080, purgedBytes=12, isCommittedKey=true, deleteKeyName='/55f472ba-ca0b-40d4-a81a-b62598e9d8e2/46def017-e322-4205-8c8d-5fc2433d69da/9ae84794-d6cc-47fa-a7d1-12c640d3fb88/-9223372036854605823'}, PurgedKey{blockGroup=BlockGroup[groupID='/ea3dea63-05c2-4b12-be43-cfcd5ddcbffa/87462a21-fc51-4dd1-8423-4b347e065bd8/dir1/key5/-9223372036854612479/0', blockIDs=[conID: 22 locID: 115816896921600189 bcsId: 0 replicaIndex: null]], volume='ea3dea63-05c2-4b12-be43-cfcd5ddcbffa', bucket='87462a21-fc51-4dd1-8423-4b347e065bd8', bucketId=-9223372036854615808, purgedBytes=36, isCommittedKey=true, deleteKeyName='/ea3dea63-05c2-4b12-be43-cfcd5ddcbffa/87462a21-fc51-4dd1-8423-4b347e065bd8/dir1/key5/-9223372036854612479'}]
2025-10-20 19:51:31,154 | INFO  | SCMAudit | user=runner | ip=127.0.0.1 | op=DELETE_KEY_BLOCK {"KeyBlockToDelete":"[BlockGroup[groupID='/55f472ba-ca0b-40d4-a81a-b62598e9d8e2/46def017-e322-4205-8c8d-5fc2433d69da/9ae84794-d6cc-47fa-a7d1-12c640d3fb88/-9223372036854605823/0', blockIDs=[conID: 13 locID: 115816896921600193 bcsId: 0 replicaIndex: null]], BlockGroup[groupID='/988b8e18-95aa-44fc-bbc7-c392ddb6a8d8/bucket11/key/-9223372036854606848/0', blockIDs=[conID: 15 locID: 115816896921600192 bcsId: 0 replicaIndex: null]], BlockGroup[groupID='/384e0276-d5cf-4a6b-bc1b-cf28e45691cf/bucket11/key/-9223372036854608384/0', blockIDs=[conID: 21 locID: 115816896921600191 bcsId: 0 replicaIndex: null]], BlockGroup[groupID='/034bd79f-6450-470e-8fb4-0b45282e84a3/bucket11/key/-9223372036854609920/0', blockIDs=[conID: 16 locID: 115816896921600190 bcsId: 0 replicaIndex: null]], BlockGroup[groupID='/e95d5ca1-536a-4e1f-82a2-cc1c30a6405d/fe8e5570-cf3a-41cd-b0f6-36fb59b24691/5b9b45f6-e47b-4080-aec0-f8d0e499784f/-9223372036854597375/0', blockIDs=[conID: 10 locID: 115816896921600197 bcsId: 0 replicaIndex: null]], BlockGroup[groupID='/ea3dea63-05c2-4b12-be43-cfcd5ddcbffa/87462a21-fc51-4dd1-8423-4b347e065bd8/key1/-9223372036854615551/0', blockIDs=[conID: 14 locID: 115816896921600185 bcsId: 0 replicaIndex: null]], BlockGroup[groupID='/ea3dea63-05c2-4b12-be43-cfcd5ddcbffa/87462a21-fc51-4dd1-8423-4b347e065bd8/dir1/key4/-9223372036854612990/0', blockIDs=[conID: 19 locID: 115816896921600188 bcsId: 0 replicaIndex: null]], BlockGroup[groupID='/fd4834aa-8af0-4080-9f96-775ec2871c2e/6ed8428c-97c7-4494-8f3e-4932f5652820/5c41b8df-4712-40b0-a230-912678b57e57/-9223372036854595328/0', blockIDs=[conID: 8 locID: 115816896921600198 bcsId: 0 replicaIndex: null]], BlockGroup[groupID='/ea3dea63-05c2-4b12-be43-cfcd5ddcbffa/87462a21-fc51-4dd1-8423-4b347e065bd8/dir1/key5/-9223372036854612479/0', blockIDs=[conID: 22 locID: 115816896921600189 bcsId: 0 replicaIndex: null]], BlockGroup[groupID='/ea3dea63-05c2-4b12-be43-cfcd5ddcbffa/87462a21-fc51-4dd1-8423-4b347e065bd8/key2/-9223372036854615039/0', blockIDs=[conID: 22 locID: 115816896921600186 bcsId: 0 replicaIndex: null]]]"} | ret=SUCCESS |  
2025-10-20 19:51:31,154 [om1-KeyDeletingService#2] INFO  service.KeyDeletingService (KeyDeletingService.java:processKeyDeletes(158)) - 10 BlockGroup deletion are acked by SCM in 4 ms
2025-10-20 19:51:31,156 [om1-KeyDeletingService#2] INFO  service.KeyDeletingService (KeyDeletingService.java:processKeyDeletes(166)) - Blocks for 10 (out of 10) keys are deleted from DB in 1 ms. Limit per task is 50000.
2025-10-20 19:51:31,173 | INFO  | SCMAudit | user=runner | ip=127.0.0.1 | op=SEND_HEARTBEAT {"datanodeUUID":"ef67b0a7-5b27-496d-9f38-ab804a28e500","term":"2","command":"[]"} | ret=SUCCESS |  
2025-10-20 19:51:31,175 | INFO  | SCMAudit | user=runner | ip=127.0.0.1 | op=SEND_HEARTBEAT {"datanodeUUID":"7bb0e7f0-2b36-4ec0-8a09-ceac75d91a36","term":"2","command":"[]"} | ret=SUCCESS |  
2025-10-20 19:51:31,264 | INFO  | SCMAudit | user=runner | ip=127.0.0.1 | op=SEND_HEARTBEAT {"datanodeUUID":"af0e5da1-57af-45e9-9aca-fa0798d05628","term":"2","command":"[]"} | ret=SUCCESS |  
2025-10-20 19:51:31,443 | INFO  | SCMAudit | user=runner | ip=127.0.0.1 | op=SEND_HEARTBEAT {"datanodeUUID":"b614738c-cdff-4f09-bf59-ed5bb75d51be","term":"2","command":"[]"} | ret=SUCCESS |  
2025-10-20 19:51:31,445 | INFO  | SCMAudit | user=runner | ip=127.0.0.1 | op=SEND_HEARTBEAT {"datanodeUUID":"361055de-215b-4c6c-94c2-be1c1da118d1","term":"2","command":"[]"} | ret=SUCCESS |  
2025-10-20 19:51:31,446 | INFO  | SCMAudit | user=runner | ip=127.0.0.1 | op=SEND_HEARTBEAT {"datanodeUUID":"38991c48-ffb3-4453-b758-77d6b4ebc62b","term":"2","command":"[]"} | ret=SUCCESS |  
2025-10-20 19:51:31,452 | INFO  | SCMAudit | user=runner | ip=127.0.0.1 | op=SEND_HEARTBEAT {"datanodeUUID":"c90bff1f-5a1f-42c6-8fca-9533d718c79a","term":"2","command":"[]"} | ret=SUCCESS |  
2025-10-20 19:51:31,646 | INFO  | SCMAudit | user=runner | ip=127.0.0.1 | op=SEND_HEARTBEAT {"datanodeUUID":"4f2bb3f5-0e03-4f1b-bb4c-79c91b98c7da","term":"2","command":"[]"} | ret=SUCCESS |  
2025-10-20 19:51:31,647 | INFO  | SCMAudit | user=runner | ip=127.0.0.1 | op=SEND_HEARTBEAT {"datanodeUUID":"cc7fbe85-1d98-437b-84f9-04213fee10f0","term":"2","command":"[]"} | ret=SUCCESS |  
2025-10-20 19:51:31,648 | INFO  | SCMAudit | user=runner | ip=127.0.0.1 | op=SEND_HEARTBEAT {"datanodeUUID":"605be85e-a7f4-44d7-8cfd-f53001b990b0","term":"2","command":"[]"} | ret=SUCCESS |  
2025-10-20 19:51:31,718 | INFO  | OMAudit | user=runner | ip=127.0.0.1 | op=READ_VOLUME {"volume":"fd4834aa-8af0-4080-9f96-775ec2871c2e"} | ret=SUCCESS |  
2025-10-20 19:51:31,719 | INFO  | OMAudit | user=runner | ip=127.0.0.1 | op=READ_BUCKET {"volume":"fd4834aa-8af0-4080-9f96-775ec2871c2e","bucket":"6ed8428c-97c7-4494-8f3e-4932f5652820"} | ret=SUCCESS |  
2025-10-20 19:51:31,721 | INFO  | OMAudit | user=runner | ip=127.0.0.1 | op=READ_BUCKET {"volume":"fd4834aa-8af0-4080-9f96-775ec2871c2e","bucket":"6ed8428c-97c7-4494-8f3e-4932f5652820"} | ret=SUCCESS |  
2025-10-20 19:51:31,721 | INFO  | SCMAudit | user=runner | ip=127.0.0.1 | op=ALLOCATE_BLOCK {"replication":"RATIS/ONE","owner":"omServiceIdDefault","size":"4194304","sampleBlocks":"[conID: 10 locID: 115816896921600200, conID: 5 locID: 115816896921600201]","num":"2","client":"","allocated":"2"} | ret=SUCCESS |  
2025-10-20 19:51:31,724 | INFO  | OMAudit | user=runner | ip=127.0.0.1 | op=ALLOCATE_KEY {"volume":"fd4834aa-8af0-4080-9f96-775ec2871c2e","bucket":"6ed8428c-97c7-4494-8f3e-4932f5652820","key":"5c41b8df-4712-40b0-a230-912678b57e57","dataSize":"4194316","replicationType":"RATIS","replicationFactor":"ONE","Transaction":"708"} | ret=SUCCESS |  
2025-10-20 19:51:31,724 | INFO  | SCMAudit | user=runner | ip=127.0.0.1 | op=SEND_HEARTBEAT {"datanodeUUID":"feb39a1c-80cb-4714-ab06-a361236e3029","term":"2","command":"[]"} | ret=SUCCESS |  
2025-10-20 19:51:31,730 | INFO  | OMAudit | user=runner | ip=127.0.0.1 | op=COMMIT_KEY {"volume":"fd4834aa-8af0-4080-9f96-775ec2871c2e","bucket":"6ed8428c-97c7-4494-8f3e-4932f5652820","key":"5c41b8df-4712-40b0-a230-912678b57e57","dataSize":"12","replicationType":"RATIS","replicationFactor":"ONE","Transaction":"709"} | ret=SUCCESS |  
2025-10-20 19:51:31,732 | INFO  | OMAudit | user=runner | ip=127.0.0.1 | op=READ_VOLUME {"volume":"fd4834aa-8af0-4080-9f96-775ec2871c2e"} | ret=SUCCESS |  
2025-10-20 19:51:31,733 | INFO  | OMAudit | user=runner | ip=127.0.0.1 | op=READ_BUCKET {"volume":"fd4834aa-8af0-4080-9f96-775ec2871c2e","bucket":"6ed8428c-97c7-4494-8f3e-4932f5652820"} | ret=SUCCESS |  
2025-10-20 19:51:31,739 | INFO  | SCMAudit | user=runner | ip=127.0.0.1 | op=SEND_HEARTBEAT {"datanodeUUID":"e05592a5-d00f-4fc1-9e39-a968c1ecb04e","term":"2","command":"[]"} | ret=SUCCESS |  
2025-10-20 19:51:31,742 | INFO  | SCMAudit | user=runner | ip=127.0.0.1 | op=SEND_HEARTBEAT {"datanodeUUID":"33f74daf-be7a-4306-b2af-53e409c4cb93","term":"2","command":"[]"} | ret=SUCCESS |  
2025-10-20 19:51:31,843 | INFO  | SCMAudit | user=runner | ip=127.0.0.1 | op=SEND_HEARTBEAT {"datanodeUUID":"d7d8cf72-b9f6-4979-9c53-007dd6e6e48a","term":"2","command":"[]"} | ret=SUCCESS |  
2025-10-20 19:51:32,150 [om1-KeyDeletingService#8] INFO  service.KeyDeletingService (KeyDeletingService.java:processKeyDeletes(151)) - Send 2 key(s) to SCM, first 2 keys: [PurgedKey{blockGroup=BlockGroup[groupID='/fd4834aa-8af0-4080-9f96-775ec2871c2e/6ed8428c-97c7-4494-8f3e-4932f5652820/5c41b8df-4712-40b0-a230-912678b57e57/-9223372036854594304/1', blockIDs=[conID: 5 locID: 115816896921600201 bcsId: 0 replicaIndex: null]], volume='fd4834aa-8af0-4080-9f96-775ec2871c2e', bucket='6ed8428c-97c7-4494-8f3e-4932f5652820', bucketId=-9223372036854596352, purgedBytes=4194304, isCommittedKey=false, deleteKeyName='/fd4834aa-8af0-4080-9f96-775ec2871c2e/6ed8428c-97c7-4494-8f3e-4932f5652820/5c41b8df-4712-40b0-a230-912678b57e57/-9223372036854594304'}, PurgedKey{blockGroup=BlockGroup[groupID='/fd4834aa-8af0-4080-9f96-775ec2871c2e/6ed8428c-97c7-4494-8f3e-4932f5652820/5c41b8df-4712-40b0-a230-912678b57e57/-9223372036854594304/0', blockIDs=[conID: 10 locID: 115816896921600199 bcsId: 0 replicaIndex: null]], volume='fd4834aa-8af0-4080-9f96-775ec2871c2e', bucket='6ed8428c-97c7-4494-8f3e-4932f5652820', bucketId=-9223372036854596352, purgedBytes=12, isCommittedKey=true, deleteKeyName='/fd4834aa-8af0-4080-9f96-775ec2871c2e/6ed8428c-97c7-4494-8f3e-4932f5652820/5c41b8df-4712-40b0-a230-912678b57e57/-9223372036854594304'}]
2025-10-20 19:51:32,152 | INFO  | SCMAudit | user=runner | ip=127.0.0.1 | op=DELETE_KEY_BLOCK {"KeyBlockToDelete":"[BlockGroup[groupID='/fd4834aa-8af0-4080-9f96-775ec2871c2e/6ed8428c-97c7-4494-8f3e-4932f5652820/5c41b8df-4712-40b0-a230-912678b57e57/-9223372036854594304/1', blockIDs=[conID: 5 locID: 115816896921600201 bcsId: 0 replicaIndex: null]], BlockGroup[groupID='/fd4834aa-8af0-4080-9f96-775ec2871c2e/6ed8428c-97c7-4494-8f3e-4932f5652820/5c41b8df-4712-40b0-a230-912678b57e57/-9223372036854594304/0', blockIDs=[conID: 10 locID: 115816896921600199 bcsId: 0 replicaIndex: null]]]"} | ret=SUCCESS |  
2025-10-20 19:51:32,152 [om1-KeyDeletingService#8] INFO  service.KeyDeletingService (KeyDeletingService.java:processKeyDeletes(158)) - 2 BlockGroup deletion are acked by SCM in 2 ms
2025-10-20 19:51:32,154 [om1-KeyDeletingService#8] INFO  service.KeyDeletingService (KeyDeletingService.java:processKeyDeletes(166)) - Blocks for 2 (out of 2) keys are deleted from DB in 1 ms. Limit per task is 50000.
2025-10-20 19:51:32,173 | INFO  | SCMAudit | user=runner | ip=127.0.0.1 | op=SEND_HEARTBEAT {"datanodeUUID":"ef67b0a7-5b27-496d-9f38-ab804a28e500","term":"2","command":"[]"} | ret=SUCCESS |  
2025-10-20 19:51:32,175 | INFO  | SCMAudit | user=runner | ip=127.0.0.1 | op=SEND_HEARTBEAT {"datanodeUUID":"7bb0e7f0-2b36-4ec0-8a09-ceac75d91a36","term":"2","command":"[]"} | ret=SUCCESS |  
2025-10-20 19:51:32,264 | INFO  | SCMAudit | user=runner | ip=127.0.0.1 | op=SEND_HEARTBEAT {"datanodeUUID":"af0e5da1-57af-45e9-9aca-fa0798d05628","term":"2","command":"[]"} | ret=SUCCESS |  
2025-10-20 19:51:32,443 | INFO  | SCMAudit | user=runner | ip=127.0.0.1 | op=SEND_HEARTBEAT {"datanodeUUID":"b614738c-cdff-4f09-bf59-ed5bb75d51be","term":"2","command":"[]"} | ret=SUCCESS |  
2025-10-20 19:51:32,445 | INFO  | SCMAudit | user=runner | ip=127.0.0.1 | op=SEND_HEARTBEAT {"datanodeUUID":"361055de-215b-4c6c-94c2-be1c1da118d1","term":"2","command":"[]"} | ret=SUCCESS |  
2025-10-20 19:51:32,446 | INFO  | SCMAudit | user=runner | ip=127.0.0.1 | op=SEND_HEARTBEAT {"datanodeUUID":"38991c48-ffb3-4453-b758-77d6b4ebc62b","term":"2","command":"[]"} | ret=SUCCESS |  
2025-10-20 19:51:32,452 | INFO  | SCMAudit | user=runner | ip=127.0.0.1 | op=SEND_HEARTBEAT {"datanodeUUID":"c90bff1f-5a1f-42c6-8fca-9533d718c79a","term":"2","command":"[]"} | ret=SUCCESS |  
2025-10-20 19:51:32,646 | INFO  | SCMAudit | user=runner | ip=127.0.0.1 | op=SEND_HEARTBEAT {"datanodeUUID":"4f2bb3f5-0e03-4f1b-bb4c-79c91b98c7da","term":"2","command":"[]"} | ret=SUCCESS |  
2025-10-20 19:51:32,647 | INFO  | SCMAudit | user=runner | ip=127.0.0.1 | op=SEND_HEARTBEAT {"datanodeUUID":"cc7fbe85-1d98-437b-84f9-04213fee10f0","term":"2","command":"[]"} | ret=SUCCESS |  
2025-10-20 19:51:32,648 | INFO  | SCMAudit | user=runner | ip=127.0.0.1 | op=SEND_HEARTBEAT {"datanodeUUID":"605be85e-a7f4-44d7-8cfd-f53001b990b0","term":"2","command":"[]"} | ret=SUCCESS |  
2025-10-20 19:51:32,724 | INFO  | SCMAudit | user=runner | ip=127.0.0.1 | op=SEND_HEARTBEAT {"datanodeUUID":"feb39a1c-80cb-4714-ab06-a361236e3029","term":"2","command":"[]"} | ret=SUCCESS |  
2025-10-20 19:51:32,734 | INFO  | OMAudit | user=runner | ip=127.0.0.1 | op=READ_VOLUME {"volume":"fd4834aa-8af0-4080-9f96-775ec2871c2e"} | ret=SUCCESS |  
2025-10-20 19:51:32,735 | INFO  | OMAudit | user=runner | ip=127.0.0.1 | op=READ_BUCKET {"volume":"fd4834aa-8af0-4080-9f96-775ec2871c2e","bucket":"6ed8428c-97c7-4494-8f3e-4932f5652820"} | ret=SUCCESS |  
2025-10-20 19:51:32,738 | INFO  | OMAudit | user=runner | ip=127.0.0.1 | op=DELETE_KEY {"volume":"fd4834aa-8af0-4080-9f96-775ec2871c2e","bucket":"6ed8428c-97c7-4494-8f3e-4932f5652820","key":"5c41b8df-4712-40b0-a230-912678b57e57","dataSize":"12","replicationConfig":"RATIS/ONE","Transaction":"711"} | ret=SUCCESS |  
2025-10-20 19:51:32,739 | INFO  | SCMAudit | user=runner | ip=127.0.0.1 | op=SEND_HEARTBEAT {"datanodeUUID":"e05592a5-d00f-4fc1-9e39-a968c1ecb04e","term":"2","command":"[]"} | ret=SUCCESS |  
2025-10-20 19:51:32,739 | INFO  | OMAudit | user=runner | ip=127.0.0.1 | op=READ_VOLUME {"volume":"fd4834aa-8af0-4080-9f96-775ec2871c2e"} | ret=SUCCESS |  
2025-10-20 19:51:32,740 | INFO  | OMAudit | user=runner | ip=127.0.0.1 | op=READ_BUCKET {"volume":"fd4834aa-8af0-4080-9f96-775ec2871c2e","bucket":"6ed8428c-97c7-4494-8f3e-4932f5652820"} | ret=SUCCESS |  
2025-10-20 19:51:32,742 | INFO  | SCMAudit | user=runner | ip=127.0.0.1 | op=SEND_HEARTBEAT {"datanodeUUID":"33f74daf-be7a-4306-b2af-53e409c4cb93","term":"2","command":"[]"} | ret=SUCCESS |  
2025-10-20 19:51:32,843 | INFO  | SCMAudit | user=runner | ip=127.0.0.1 | op=SEND_HEARTBEAT {"datanodeUUID":"d7d8cf72-b9f6-4979-9c53-007dd6e6e48a","term":"2","command":"[]"} | ret=SUCCESS |  
2025-10-20 19:51:33,150 [om1-KeyDeletingService#3] INFO  service.KeyDeletingService (KeyDeletingService.java:processKeyDeletes(151)) - Send 1 key(s) to SCM, first 1 keys: [PurgedKey{blockGroup=BlockGroup[groupID='/fd4834aa-8af0-4080-9f96-775ec2871c2e/6ed8428c-97c7-4494-8f3e-4932f5652820/5c41b8df-4712-40b0-a230-912678b57e57/-9223372036854596095/0', blockIDs=[conID: 10 locID: 115816896921600200 bcsId: 0 replicaIndex: null]], volume='fd4834aa-8af0-4080-9f96-775ec2871c2e', bucket='6ed8428c-97c7-4494-8f3e-4932f5652820', bucketId=-9223372036854596352, purgedBytes=12, isCommittedKey=true, deleteKeyName='/fd4834aa-8af0-4080-9f96-775ec2871c2e/6ed8428c-97c7-4494-8f3e-4932f5652820/5c41b8df-4712-40b0-a230-912678b57e57/-9223372036854596095'}]
2025-10-20 19:51:33,152 | INFO  | SCMAudit | user=runner | ip=127.0.0.1 | op=DELETE_KEY_BLOCK {"KeyBlockToDelete":"[BlockGroup[groupID='/fd4834aa-8af0-4080-9f96-775ec2871c2e/6ed8428c-97c7-4494-8f3e-4932f5652820/5c41b8df-4712-40b0-a230-912678b57e57/-9223372036854596095/0', blockIDs=[conID: 10 locID: 115816896921600200 bcsId: 0 replicaIndex: null]]]"} | ret=SUCCESS |  
2025-10-20 19:51:33,152 [om1-KeyDeletingService#3] INFO  service.KeyDeletingService (KeyDeletingService.java:processKeyDeletes(158)) - 1 BlockGroup deletion are acked by SCM in 2 ms
2025-10-20 19:51:33,154 [om1-KeyDeletingService#3] INFO  service.KeyDeletingService (KeyDeletingService.java:processKeyDeletes(166)) - Blocks for 1 (out of 1) keys are deleted from DB in 1 ms. Limit per task is 50000.
2025-10-20 19:51:33,173 | INFO  | SCMAudit | user=runner | ip=127.0.0.1 | op=SEND_HEARTBEAT {"datanodeUUID":"ef67b0a7-5b27-496d-9f38-ab804a28e500","term":"2","command":"[]"} | ret=SUCCESS |  
2025-10-20 19:51:33,175 | INFO  | SCMAudit | user=runner | ip=127.0.0.1 | op=SEND_HEARTBEAT {"datanodeUUID":"7bb0e7f0-2b36-4ec0-8a09-ceac75d91a36","term":"2","command":"[]"} | ret=SUCCESS |  
2025-10-20 19:51:33,264 | INFO  | SCMAudit | user=runner | ip=127.0.0.1 | op=SEND_HEARTBEAT {"datanodeUUID":"af0e5da1-57af-45e9-9aca-fa0798d05628","term":"2","command":"[]"} | ret=SUCCESS |  
2025-10-20 19:51:33,443 | INFO  | SCMAudit | user=runner | ip=127.0.0.1 | op=SEND_HEARTBEAT {"datanodeUUID":"b614738c-cdff-4f09-bf59-ed5bb75d51be","term":"2","command":"[]"} | ret=SUCCESS |  
2025-10-20 19:51:33,445 | INFO  | SCMAudit | user=runner | ip=127.0.0.1 | op=SEND_HEARTBEAT {"datanodeUUID":"361055de-215b-4c6c-94c2-be1c1da118d1","term":"2","command":"[]"} | ret=SUCCESS |  
2025-10-20 19:51:33,446 | INFO  | SCMAudit | user=runner | ip=127.0.0.1 | op=SEND_HEARTBEAT {"datanodeUUID":"38991c48-ffb3-4453-b758-77d6b4ebc62b","term":"2","command":"[]"} | ret=SUCCESS |  
2025-10-20 19:51:33,452 | INFO  | SCMAudit | user=runner | ip=127.0.0.1 | op=SEND_HEARTBEAT {"datanodeUUID":"c90bff1f-5a1f-42c6-8fca-9533d718c79a","term":"2","command":"[]"} | ret=SUCCESS |  
2025-10-20 19:51:33,646 | INFO  | SCMAudit | user=runner | ip=127.0.0.1 | op=SEND_HEARTBEAT {"datanodeUUID":"4f2bb3f5-0e03-4f1b-bb4c-79c91b98c7da","term":"2","command":"[]"} | ret=SUCCESS |  
2025-10-20 19:51:33,647 | INFO  | SCMAudit | user=runner | ip=127.0.0.1 | op=SEND_HEARTBEAT {"datanodeUUID":"cc7fbe85-1d98-437b-84f9-04213fee10f0","term":"2","command":"[]"} | ret=SUCCESS |  
2025-10-20 19:51:33,648 | INFO  | SCMAudit | user=runner | ip=127.0.0.1 | op=SEND_HEARTBEAT {"datanodeUUID":"605be85e-a7f4-44d7-8cfd-f53001b990b0","term":"2","command":"[]"} | ret=SUCCESS |  
2025-10-20 19:51:33,724 | INFO  | SCMAudit | user=runner | ip=127.0.0.1 | op=SEND_HEARTBEAT {"datanodeUUID":"feb39a1c-80cb-4714-ab06-a361236e3029","term":"2","command":"[]"} | ret=SUCCESS |  
2025-10-20 19:51:33,739 | INFO  | SCMAudit | user=runner | ip=127.0.0.1 | op=SEND_HEARTBEAT {"datanodeUUID":"e05592a5-d00f-4fc1-9e39-a968c1ecb04e","term":"2","command":"[]"} | ret=SUCCESS |  
2025-10-20 19:51:33,741 | INFO  | OMAudit | user=runner | ip=127.0.0.1 | op=READ_VOLUME {"volume":"fd4834aa-8af0-4080-9f96-775ec2871c2e"} | ret=SUCCESS |  
2025-10-20 19:51:33,742 | INFO  | OMAudit | user=runner | ip=127.0.0.1 | op=READ_BUCKET {"volume":"fd4834aa-8af0-4080-9f96-775ec2871c2e","bucket":"6ed8428c-97c7-4494-8f3e-4932f5652820"} | ret=SUCCESS |  
2025-10-20 19:51:33,742 | INFO  | SCMAudit | user=runner | ip=127.0.0.1 | op=SEND_HEARTBEAT {"datanodeUUID":"33f74daf-be7a-4306-b2af-53e409c4cb93","term":"2","command":"[]"} | ret=SUCCESS |  
]]></system-out>
  </testcase>
  <testcase name="testFileRecovery(boolean)[1]" classname="org.apache.hadoop.ozone.client.rpc.TestSecureOzoneRpcClient" time="0.05">
    <system-out><![CDATA[2025-10-20 19:51:33,746 [ForkJoinPool-1-worker-1] INFO  rpc.RpcClient (RpcClient.java:createVolume(461)) - Creating Volume: 583edfbd-4fde-47ec-8d20-4173986ff93b, with runner as owner and space quota set to -1 bytes, counts quota set to -1
2025-10-20 19:51:33,748 [om1-OMStateMachineApplyTransactionThread - 0] INFO  volume.OMVolumeCreateRequest (OMVolumeCreateRequest.java:validateAndUpdateCache(213)) - created volume:583edfbd-4fde-47ec-8d20-4173986ff93b for user:runner
2025-10-20 19:51:33,748 | INFO  | OMAudit | user=runner | ip=127.0.0.1 | op=CREATE_VOLUME {"admin":"runner","owner":"runner","volume":"583edfbd-4fde-47ec-8d20-4173986ff93b","creationTime":"1760989893747","modificationTime":"1760989893747","quotaInBytes":"-1","quotaInNamespace":"-1","usedNamespace":"0","objectID":"-9223372036854593280","updateID":"713","Transaction":"713"} | ret=SUCCESS |  
2025-10-20 19:51:33,749 | INFO  | OMAudit | user=runner | ip=127.0.0.1 | op=READ_VOLUME {"volume":"583edfbd-4fde-47ec-8d20-4173986ff93b"} | ret=SUCCESS |  
2025-10-20 19:51:33,750 [ForkJoinPool-1-worker-1] INFO  rpc.RpcClient (RpcClient.java:createBucket(686)) - Creating Bucket: 583edfbd-4fde-47ec-8d20-4173986ff93b/15585f3f-aa31-4512-bb68-62ce65eaa4c0, with bucket layout FILE_SYSTEM_OPTIMIZED, runner as owner, Versioning false, Storage Type set to DISK and Encryption set to false, Replication Type set to server-side default replication type, Namespace Quota set to -1, Space Quota set to -1 
2025-10-20 19:51:33,751 [om1-OMStateMachineApplyTransactionThread - 0] INFO  bucket.OMBucketCreateRequest (OMBucketCreateRequest.java:validateAndUpdateCache(303)) - created bucket: 15585f3f-aa31-4512-bb68-62ce65eaa4c0 of layout FILE_SYSTEM_OPTIMIZED in volume: 583edfbd-4fde-47ec-8d20-4173986ff93b
2025-10-20 19:51:33,751 | INFO  | OMAudit | user=runner | ip=127.0.0.1 | op=CREATE_BUCKET {"volume":"583edfbd-4fde-47ec-8d20-4173986ff93b","bucket":"15585f3f-aa31-4512-bb68-62ce65eaa4c0","bucketLayout":"FILE_SYSTEM_OPTIMIZED","gdprEnabled":null,"acls":"[user:runner:a[ACCESS], group:runner:rl[ACCESS]]","isVersionEnabled":"false","storageType":"DISK","creationTime":"1760989893750","bucketEncryptionKey":null,"modificationTime":"1760989893750","usedBytes":"0","usedNamespace":"0","snapshotUsedBytes":"0","snapshotUsedNamespace":"0","owner":"runner","replicationType":null,"replicationConfig":null,"quotaInBytes":"-1","quotaInNamespace":"-1","Transaction":"714"} | ret=SUCCESS |  
2025-10-20 19:51:33,752 | INFO  | OMAudit | user=runner | ip=127.0.0.1 | op=READ_BUCKET {"volume":"583edfbd-4fde-47ec-8d20-4173986ff93b","bucket":"15585f3f-aa31-4512-bb68-62ce65eaa4c0"} | ret=SUCCESS |  
2025-10-20 19:51:33,760 | INFO  | OMAudit | user=runner | ip=127.0.0.1 | op=GET_SERVICE_LIST {} | ret=SUCCESS |  
2025-10-20 19:51:33,762 | INFO  | OMAudit | user=runner | ip=127.0.0.1 | op=READ_BUCKET {"volume":"583edfbd-4fde-47ec-8d20-4173986ff93b","bucket":"15585f3f-aa31-4512-bb68-62ce65eaa4c0"} | ret=SUCCESS |  
2025-10-20 19:51:33,763 | INFO  | SCMAudit | user=runner | ip=127.0.0.1 | op=ALLOCATE_BLOCK {"replication":"RATIS/THREE","owner":"omServiceIdDefault","size":"4194304","sampleBlocks":"[conID: 14 locID: 115816896921600202]","num":"1","client":"","allocated":"1"} | ret=SUCCESS |  
2025-10-20 19:51:33,765 | INFO  | OMAudit | user=runner | ip=127.0.0.1 | op=ALLOCATE_KEY {"volume":"583edfbd-4fde-47ec-8d20-4173986ff93b","bucket":"15585f3f-aa31-4512-bb68-62ce65eaa4c0","key":"b7bd00e2-687f-4217-89b3-c27ffbaa5853","dataSize":"12","replicationType":"RATIS","replicationFactor":"THREE","Transaction":"715"} | ret=SUCCESS |  
2025-10-20 19:51:33,779 | INFO  | OMAudit | user=runner | ip=127.0.0.1 | op=READ_BUCKET {"volume":"583edfbd-4fde-47ec-8d20-4173986ff93b","bucket":"15585f3f-aa31-4512-bb68-62ce65eaa4c0"} | ret=SUCCESS |  
2025-10-20 19:51:33,786 [om1-OMStateMachineApplyTransactionThread - 0] ERROR file.OMRecoverLeaseRequest (OMRecoverLeaseRequest.java:validateAndUpdateCache(160)) - Fail for recovering lease. Volume:583edfbd-4fde-47ec-8d20-4173986ff93b, Bucket:15585f3f-aa31-4512-bb68-62ce65eaa4c0, Key:b7bd00e2-687f-4217-89b3-c27ffbaa5853
KEY_UNDER_LEASE_SOFT_LIMIT_PERIOD org.apache.hadoop.ozone.om.exceptions.OMException: Open Key b7bd00e2-687f-4217-89b3-c27ffbaa5853 updated recently and is inside soft limit period
	at org.apache.hadoop.ozone.om.request.file.OMRecoverLeaseRequest.doWork(OMRecoverLeaseRequest.java:228)
	at org.apache.hadoop.ozone.om.request.file.OMRecoverLeaseRequest.validateAndUpdateCache(OMRecoverLeaseRequest.java:150)
	at org.apache.hadoop.ozone.protocolPB.OzoneManagerRequestHandler.lambda$0(OzoneManagerRequestHandler.java:418)
	at org.apache.hadoop.ozone.util.MetricUtil.captureLatencyNs(MetricUtil.java:45)
	at org.apache.hadoop.ozone.protocolPB.OzoneManagerRequestHandler.handleWriteRequestImpl(OzoneManagerRequestHandler.java:416)
	at org.apache.hadoop.ozone.protocolPB.RequestHandler.handleWriteRequest(RequestHandler.java:62)
	at org.apache.hadoop.ozone.om.ratis.OzoneManagerStateMachine.runCommand(OzoneManagerStateMachine.java:599)
	at org.apache.hadoop.ozone.om.ratis.OzoneManagerStateMachine.lambda$3(OzoneManagerStateMachine.java:415)
	at java.base/java.util.concurrent.CompletableFuture$AsyncSupply.run(CompletableFuture.java:1768)
	at java.base/java.util.concurrent.ThreadPoolExecutor.runWorker(ThreadPoolExecutor.java:1144)
	at java.base/java.util.concurrent.ThreadPoolExecutor$Worker.run(ThreadPoolExecutor.java:642)
	at java.base/java.lang.Thread.run(Thread.java:1583)
2025-10-20 19:51:33,787 | ERROR | OMAudit | user=runner | ip=127.0.0.1 | op=RECOVER_LEASE {"volume":"583edfbd-4fde-47ec-8d20-4173986ff93b","bucket":"15585f3f-aa31-4512-bb68-62ce65eaa4c0","key":"b7bd00e2-687f-4217-89b3-c27ffbaa5853","Transaction":"717"} | ret=FAILURE | 
org.apache.hadoop.ozone.om.exceptions.OMException: Open Key b7bd00e2-687f-4217-89b3-c27ffbaa5853 updated recently and is inside soft limit period
	at org.apache.hadoop.ozone.om.request.file.OMRecoverLeaseRequest.doWork(OMRecoverLeaseRequest.java:228)
	at org.apache.hadoop.ozone.om.request.file.OMRecoverLeaseRequest.validateAndUpdateCache(OMRecoverLeaseRequest.java:150)
 
2025-10-20 19:51:33,794 | INFO  | OMAudit | user=runner | ip=127.0.0.1 | op=COMMIT_KEY {"volume":"583edfbd-4fde-47ec-8d20-4173986ff93b","bucket":"15585f3f-aa31-4512-bb68-62ce65eaa4c0","key":"b7bd00e2-687f-4217-89b3-c27ffbaa5853","dataSize":"12","replicationType":"RATIS","replicationFactor":"THREE","Transaction":"718"} | ret=SUCCESS |  
]]></system-out>
  </testcase>
  <testcase name="testFileRecovery(boolean)[2]" classname="org.apache.hadoop.ozone.client.rpc.TestSecureOzoneRpcClient" time="0.086">
    <system-out><![CDATA[2025-10-20 19:51:33,796 [ForkJoinPool-1-worker-1] INFO  rpc.RpcClient (RpcClient.java:createVolume(461)) - Creating Volume: d6d5562f-4be2-4d45-9f2d-872ed78905a7, with runner as owner and space quota set to -1 bytes, counts quota set to -1
2025-10-20 19:51:33,798 [om1-OMStateMachineApplyTransactionThread - 0] INFO  volume.OMVolumeCreateRequest (OMVolumeCreateRequest.java:validateAndUpdateCache(213)) - created volume:d6d5562f-4be2-4d45-9f2d-872ed78905a7 for user:runner
2025-10-20 19:51:33,798 | INFO  | OMAudit | user=runner | ip=127.0.0.1 | op=CREATE_VOLUME {"admin":"runner","owner":"runner","volume":"d6d5562f-4be2-4d45-9f2d-872ed78905a7","creationTime":"1760989893797","modificationTime":"1760989893797","quotaInBytes":"-1","quotaInNamespace":"-1","usedNamespace":"0","objectID":"-9223372036854591744","updateID":"719","Transaction":"719"} | ret=SUCCESS |  
2025-10-20 19:51:33,799 | INFO  | OMAudit | user=runner | ip=127.0.0.1 | op=READ_VOLUME {"volume":"d6d5562f-4be2-4d45-9f2d-872ed78905a7"} | ret=SUCCESS |  
2025-10-20 19:51:33,799 [ForkJoinPool-1-worker-1] INFO  rpc.RpcClient (RpcClient.java:createBucket(686)) - Creating Bucket: d6d5562f-4be2-4d45-9f2d-872ed78905a7/210762f7-25ae-4147-abe9-cfc7347ba455, with bucket layout FILE_SYSTEM_OPTIMIZED, runner as owner, Versioning false, Storage Type set to DISK and Encryption set to false, Replication Type set to server-side default replication type, Namespace Quota set to -1, Space Quota set to -1 
2025-10-20 19:51:33,800 [om1-OMStateMachineApplyTransactionThread - 0] INFO  bucket.OMBucketCreateRequest (OMBucketCreateRequest.java:validateAndUpdateCache(303)) - created bucket: 210762f7-25ae-4147-abe9-cfc7347ba455 of layout FILE_SYSTEM_OPTIMIZED in volume: d6d5562f-4be2-4d45-9f2d-872ed78905a7
2025-10-20 19:51:33,800 | INFO  | OMAudit | user=runner | ip=127.0.0.1 | op=CREATE_BUCKET {"volume":"d6d5562f-4be2-4d45-9f2d-872ed78905a7","bucket":"210762f7-25ae-4147-abe9-cfc7347ba455","bucketLayout":"FILE_SYSTEM_OPTIMIZED","gdprEnabled":null,"acls":"[user:runner:a[ACCESS], group:runner:rl[ACCESS]]","isVersionEnabled":"false","storageType":"DISK","creationTime":"1760989893800","bucketEncryptionKey":null,"modificationTime":"1760989893800","usedBytes":"0","usedNamespace":"0","snapshotUsedBytes":"0","snapshotUsedNamespace":"0","owner":"runner","replicationType":null,"replicationConfig":null,"quotaInBytes":"-1","quotaInNamespace":"-1","Transaction":"720"} | ret=SUCCESS |  
2025-10-20 19:51:33,801 | INFO  | OMAudit | user=runner | ip=127.0.0.1 | op=READ_BUCKET {"volume":"d6d5562f-4be2-4d45-9f2d-872ed78905a7","bucket":"210762f7-25ae-4147-abe9-cfc7347ba455"} | ret=SUCCESS |  
2025-10-20 19:51:33,804 | INFO  | OMAudit | user=runner | ip=127.0.0.1 | op=GET_SERVICE_LIST {} | ret=SUCCESS |  
2025-10-20 19:51:33,806 | INFO  | OMAudit | user=runner | ip=127.0.0.1 | op=READ_BUCKET {"volume":"d6d5562f-4be2-4d45-9f2d-872ed78905a7","bucket":"210762f7-25ae-4147-abe9-cfc7347ba455"} | ret=SUCCESS |  
2025-10-20 19:51:33,806 | INFO  | SCMAudit | user=runner | ip=127.0.0.1 | op=ALLOCATE_BLOCK {"replication":"RATIS/THREE","owner":"omServiceIdDefault","size":"4194304","sampleBlocks":"[conID: 19 locID: 115816896921600203]","num":"1","client":"","allocated":"1"} | ret=SUCCESS |  
2025-10-20 19:51:33,808 | INFO  | OMAudit | user=runner | ip=127.0.0.1 | op=ALLOCATE_KEY {"volume":"d6d5562f-4be2-4d45-9f2d-872ed78905a7","bucket":"210762f7-25ae-4147-abe9-cfc7347ba455","key":"9bee64dc-49a4-4421-8d64-3a406d3f4ef6","dataSize":"12","replicationType":"RATIS","replicationFactor":"THREE","Transaction":"721"} | ret=SUCCESS |  
2025-10-20 19:51:33,818 | INFO  | OMAudit | user=runner | ip=127.0.0.1 | op=READ_BUCKET {"volume":"d6d5562f-4be2-4d45-9f2d-872ed78905a7","bucket":"210762f7-25ae-4147-abe9-cfc7347ba455"} | ret=SUCCESS |  
2025-10-20 19:51:33,823 | INFO  | SCMAudit | user=runner | ip=127.0.0.1 | op=GET_CONTAINER_WITH_PIPELINE {"containerID":"#19"} | ret=SUCCESS |  
2025-10-20 19:51:33,825 | INFO  | SCMAudit | user=runner | ip=127.0.0.1 | op=GET_CONTAINER_WITH_PIPELINE {"containerID":"#19"} | ret=SUCCESS |  
2025-10-20 19:51:33,827 | INFO  | OMAudit | user=runner | ip=127.0.0.1 | op=RECOVER_LEASE {"volume":"d6d5562f-4be2-4d45-9f2d-872ed78905a7","bucket":"210762f7-25ae-4147-abe9-cfc7347ba455","key":"9bee64dc-49a4-4421-8d64-3a406d3f4ef6","Transaction":"723"} | ret=SUCCESS |  
2025-10-20 19:51:33,837 [4f2bb3f5-0e03-4f1b-bb4c-79c91b98c7da-ContainerOp-5efdd59f-8e2e-4baf-8c0a-c03b5cc8546f-5] INFO  keyvalue.KeyValueHandler (KeyValueHandler.java:handleFinalizeBlock(714)) - Finalized Block request received conID: 19 locID: 115816896921600203 bcsId: 0 replicaIndex: null 
2025-10-20 19:51:33,837 [33f74daf-be7a-4306-b2af-53e409c4cb93-ContainerOp-5efdd59f-8e2e-4baf-8c0a-c03b5cc8546f-6] INFO  keyvalue.KeyValueHandler (KeyValueHandler.java:handleFinalizeBlock(714)) - Finalized Block request received conID: 19 locID: 115816896921600203 bcsId: 0 replicaIndex: null 
2025-10-20 19:51:33,837 [d7d8cf72-b9f6-4979-9c53-007dd6e6e48a-ContainerOp-5efdd59f-8e2e-4baf-8c0a-c03b5cc8546f-6] INFO  keyvalue.KeyValueHandler (KeyValueHandler.java:handleFinalizeBlock(714)) - Finalized Block request received conID: 19 locID: 115816896921600203 bcsId: 0 replicaIndex: null 
2025-10-20 19:51:33,838 [d7d8cf72-b9f6-4979-9c53-007dd6e6e48a-ContainerOp-5efdd59f-8e2e-4baf-8c0a-c03b5cc8546f-6] INFO  keyvalue.KeyValueHandler (KeyValueHandler.java:handleFinalizeBlock(724)) - Block has been finalized conID: 19 locID: 115816896921600203 bcsId: 0 replicaIndex: null 
2025-10-20 19:51:33,838 [33f74daf-be7a-4306-b2af-53e409c4cb93-ContainerOp-5efdd59f-8e2e-4baf-8c0a-c03b5cc8546f-6] INFO  keyvalue.KeyValueHandler (KeyValueHandler.java:handleFinalizeBlock(724)) - Block has been finalized conID: 19 locID: 115816896921600203 bcsId: 0 replicaIndex: null 
2025-10-20 19:51:33,839 [4f2bb3f5-0e03-4f1b-bb4c-79c91b98c7da-ContainerOp-5efdd59f-8e2e-4baf-8c0a-c03b5cc8546f-5] INFO  keyvalue.KeyValueHandler (KeyValueHandler.java:handleFinalizeBlock(724)) - Block has been finalized conID: 19 locID: 115816896921600203 bcsId: 0 replicaIndex: null 
2025-10-20 19:51:33,843 | INFO  | SCMAudit | user=runner | ip=127.0.0.1 | op=SEND_HEARTBEAT {"datanodeUUID":"d7d8cf72-b9f6-4979-9c53-007dd6e6e48a","term":"2","command":"[]"} | ret=SUCCESS |  
2025-10-20 19:51:33,844 | INFO  | OMAudit | user=runner | ip=127.0.0.1 | op=COMMIT_KEY {"volume":"d6d5562f-4be2-4d45-9f2d-872ed78905a7","bucket":"210762f7-25ae-4147-abe9-cfc7347ba455","key":"9bee64dc-49a4-4421-8d64-3a406d3f4ef6","dataSize":"12","replicationType":"RATIS","replicationFactor":"THREE","Transaction":"724"} | ret=SUCCESS |  
2025-10-20 19:51:33,874 [grpc-default-executor-5] ERROR impl.OrderedAsync (OrderedAsync.java:lambda$send$4(181)) - Failed to send request, message=cmdType: PutBlock traceID: "" containerID: 19 datanodeUuid: "33f74daf-be7a-4306-b2af-53e409c4cb93" putBlock { blockData { blockID { containerID: 19 localID: 115816896921600203 blockCommitSequenceId: 0 } metadata { key: "TYPE" value: "KEY" } chunks { chunkName: "115816896921600203_chunk_1" offset: 0 len: 12 } } eof: true } encodedToken: "VAoGcnVubmVyEiNjb25JRDogMTkgbG9jSUQ6IDExNTgxNjg5NjkyMTYwMDIwMxiv4c7CoDMoASgCMICAgAI6FQiMhvXspbPauxgQu-Ce3fTuw-KxASCTtebisiYPXssXHzixaTATv88xGxd3_7Z91lLEuHuZ9BBIRERTX0JMT0NLX1RPS0VOKWNvbklEOiAxOSBsb2NJRDogMTE1ODE2ODk2OTIxNjAwMjAzAAAAAAAA" version: 3, data.size=0
java.util.concurrent.CompletionException: org.apache.ratis.protocol.exceptions.StateMachineException: org.apache.hadoop.hdds.scm.container.common.helpers.StorageContainerException: Block already finalized
	at org.apache.ratis.client.impl.RaftClientImpl.handleRaftException(RaftClientImpl.java:373)
	at org.apache.ratis.client.impl.OrderedAsync.lambda$send$3(OrderedAsync.java:175)
	at java.base/java.util.concurrent.CompletableFuture$UniApply.tryFire(CompletableFuture.java:646)
	at java.base/java.util.concurrent.CompletableFuture.postComplete(CompletableFuture.java:510)
	at java.base/java.util.concurrent.CompletableFuture.complete(CompletableFuture.java:2179)
	at org.apache.ratis.client.impl.OrderedAsync$PendingOrderedRequest.setReply(OrderedAsync.java:105)
	at org.apache.ratis.client.impl.OrderedAsync$PendingOrderedRequest.setReply(OrderedAsync.java:66)
	at org.apache.ratis.util.SlidingWindow$RequestMap.setReply(SlidingWindow.java:147)
	at org.apache.ratis.util.SlidingWindow$Client.receiveReply(SlidingWindow.java:351)
	at org.apache.ratis.client.impl.OrderedAsync.lambda$sendRequestWithRetry$5(OrderedAsync.java:210)
	at java.base/java.util.concurrent.CompletableFuture$UniAccept.tryFire(CompletableFuture.java:718)
	at java.base/java.util.concurrent.CompletableFuture.postComplete(CompletableFuture.java:510)
	at java.base/java.util.concurrent.CompletableFuture.complete(CompletableFuture.java:2179)
	at org.apache.ratis.grpc.client.GrpcClientProtocolClient$AsyncStreamObservers$1.lambda$onNext$0(GrpcClientProtocolClient.java:325)
	at java.base/java.util.Optional.ifPresent(Optional.java:178)
	at org.apache.ratis.grpc.client.GrpcClientProtocolClient$AsyncStreamObservers.handleReplyFuture(GrpcClientProtocolClient.java:381)
	at org.apache.ratis.grpc.client.GrpcClientProtocolClient$AsyncStreamObservers.access$100(GrpcClientProtocolClient.java:303)
	at org.apache.ratis.grpc.client.GrpcClientProtocolClient$AsyncStreamObservers$1.onNext(GrpcClientProtocolClient.java:325)
	at org.apache.ratis.grpc.client.GrpcClientProtocolClient$AsyncStreamObservers$1.onNext(GrpcClientProtocolClient.java:308)
	at org.apache.ratis.thirdparty.io.grpc.stub.ClientCalls$StreamObserverToCallListenerAdapter.onMessage(ClientCalls.java:551)
	at org.apache.ratis.thirdparty.io.grpc.ForwardingClientCallListener.onMessage(ForwardingClientCallListener.java:33)
	at org.apache.ratis.thirdparty.io.grpc.internal.ClientCallImpl$ClientStreamListenerImpl$1MessagesAvailable.runInternal(ClientCallImpl.java:661)
	at org.apache.ratis.thirdparty.io.grpc.internal.ClientCallImpl$ClientStreamListenerImpl$1MessagesAvailable.runInContext(ClientCallImpl.java:648)
	at org.apache.ratis.thirdparty.io.grpc.internal.ContextRunnable.run(ContextRunnable.java:37)
	at org.apache.ratis.thirdparty.io.grpc.internal.SerializingExecutor.run(SerializingExecutor.java:133)
	at java.base/java.util.concurrent.ThreadPoolExecutor.runWorker(ThreadPoolExecutor.java:1144)
	at java.base/java.util.concurrent.ThreadPoolExecutor$Worker.run(ThreadPoolExecutor.java:642)
	at java.base/java.lang.Thread.run(Thread.java:1583)
Caused by: org.apache.ratis.protocol.exceptions.StateMachineException: org.apache.hadoop.hdds.scm.container.common.helpers.StorageContainerException: Block already finalized
	at org.apache.hadoop.ozone.container.common.transport.server.ratis.ContainerStateMachine.startTransaction(ContainerStateMachine.java:526)
	at org.apache.ratis.server.impl.RaftServerImpl.writeAsyncImpl(RaftServerImpl.java:987)
	at org.apache.ratis.server.impl.RaftServerImpl.writeAsync(RaftServerImpl.java:960)
	at org.apache.ratis.server.impl.RaftServerImpl.replyFuture(RaftServerImpl.java:953)
	at org.apache.ratis.server.impl.RaftServerImpl.submitClientRequestAsync(RaftServerImpl.java:930)
	at org.apache.ratis.server.impl.RaftServerImpl.lambda$null$11(RaftServerImpl.java:919)
	at org.apache.ratis.util.JavaUtils.callAsUnchecked(JavaUtils.java:118)
	at org.apache.ratis.server.impl.RaftServerImpl.lambda$executeSubmitClientRequestAsync$12(RaftServerImpl.java:919)
	at java.base/java.util.concurrent.CompletableFuture$AsyncSupply.run(CompletableFuture.java:1768)
	... 3 more
2025-10-20 19:51:33,875 [ForkJoinPool-1-worker-1] WARN  io.KeyOutputStream (KeyOutputStream.java:handleExceptionInternal(377)) - Encountered exception java.io.IOException: Unexpected Storage Container Exception: java.util.concurrent.CompletionException: java.util.concurrent.CompletionException: org.apache.ratis.protocol.exceptions.StateMachineException: org.apache.hadoop.hdds.scm.container.common.helpers.StorageContainerException: Block already finalized on the pipeline Pipeline{ Id: 5efdd59f-8e2e-4baf-8c0a-c03b5cc8546f, Nodes: [ {33f74daf-be7a-4306-b2af-53e409c4cb93(localhost/127.0.0.1), ReplicaIndex: 0}, {d7d8cf72-b9f6-4979-9c53-007dd6e6e48a(localhost/127.0.0.1), ReplicaIndex: 0}, {4f2bb3f5-0e03-4f1b-bb4c-79c91b98c7da(localhost/127.0.0.1), ReplicaIndex: 0},], ReplicationConfig: RATIS/THREE, State:OPEN, leaderId:4f2bb3f5-0e03-4f1b-bb4c-79c91b98c7da, CreationTimestamp2025-10-20T19:49:56.531Z[Etc/UTC]}. The last committed block length is 12, uncommitted data length is 0 retry count 0
2025-10-20 19:51:33,875 [ForkJoinPool-1-worker-1] INFO  io.BlockOutputStreamEntry (BlockOutputStreamEntry.java:finishRetryHandling(141)) - BlockOutputStreamEntry:9bee64dc-49a4-4421-8d64-3a406d3f4ef6 conID: 19 locID: 115816896921600203 bcsId: 65 replicaIndex: null: Exiting retry handling mode
2025-10-20 19:51:33,878 [om1-OMStateMachineApplyTransactionThread - 0] ERROR key.OMKeyCommitRequest (OMKeyCommitRequest.java:processResult(486)) - Key committed failed. Volume:d6d5562f-4be2-4d45-9f2d-872ed78905a7, Bucket:210762f7-25ae-4147-abe9-cfc7347ba455, Key:9bee64dc-49a4-4421-8d64-3a406d3f4ef6. Exception:{}
KEY_NOT_FOUND org.apache.hadoop.ozone.om.exceptions.OMException: Failed to commit key, as /-9223372036854591744/-9223372036854591488/-9223372036854591488/9bee64dc-49a4-4421-8d64-3a406d3f4ef6/115408233680535721 entry is not found in the OpenKey table
	at org.apache.hadoop.ozone.om.request.key.OMKeyCommitRequestWithFSO.validateAndUpdateCache(OMKeyCommitRequestWithFSO.java:181)
	at org.apache.hadoop.ozone.protocolPB.OzoneManagerRequestHandler.lambda$0(OzoneManagerRequestHandler.java:418)
	at org.apache.hadoop.ozone.util.MetricUtil.captureLatencyNs(MetricUtil.java:45)
	at org.apache.hadoop.ozone.protocolPB.OzoneManagerRequestHandler.handleWriteRequestImpl(OzoneManagerRequestHandler.java:416)
	at org.apache.hadoop.ozone.protocolPB.RequestHandler.handleWriteRequest(RequestHandler.java:62)
	at org.apache.hadoop.ozone.om.ratis.OzoneManagerStateMachine.runCommand(OzoneManagerStateMachine.java:599)
	at org.apache.hadoop.ozone.om.ratis.OzoneManagerStateMachine.lambda$3(OzoneManagerStateMachine.java:415)
	at java.base/java.util.concurrent.CompletableFuture$AsyncSupply.run(CompletableFuture.java:1768)
	at java.base/java.util.concurrent.ThreadPoolExecutor.runWorker(ThreadPoolExecutor.java:1144)
	at java.base/java.util.concurrent.ThreadPoolExecutor$Worker.run(ThreadPoolExecutor.java:642)
	at java.base/java.lang.Thread.run(Thread.java:1583)
2025-10-20 19:51:33,878 | ERROR | OMAudit | user=runner | ip=127.0.0.1 | op=COMMIT_KEY {"volume":"d6d5562f-4be2-4d45-9f2d-872ed78905a7","bucket":"210762f7-25ae-4147-abe9-cfc7347ba455","key":"9bee64dc-49a4-4421-8d64-3a406d3f4ef6","dataSize":"12","replicationType":"RATIS","replicationFactor":"THREE","Transaction":"725"} | ret=FAILURE | 
org.apache.hadoop.ozone.om.exceptions.OMException: Failed to commit key, as /-9223372036854591744/-9223372036854591488/-9223372036854591488/9bee64dc-49a4-4421-8d64-3a406d3f4ef6/115408233680535721 entry is not found in the OpenKey table
	at org.apache.hadoop.ozone.om.request.key.OMKeyCommitRequestWithFSO.validateAndUpdateCache(OMKeyCommitRequestWithFSO.java:181)
	at org.apache.hadoop.ozone.protocolPB.OzoneManagerRequestHandler.lambda$0(OzoneManagerRequestHandler.java:418)
 
]]></system-out>
  </testcase>
  <testcase name="testGetKeyAndFileWithNetworkTopology" classname="org.apache.hadoop.ozone.client.rpc.TestSecureOzoneRpcClient" time="0.059">
    <system-out><![CDATA[2025-10-20 19:51:33,882 [ForkJoinPool-1-worker-1] INFO  rpc.RpcClient (RpcClient.java:createVolume(461)) - Creating Volume: 3f8679c7-0de8-4565-98ca-5e06717e6754, with runner as owner and space quota set to -1 bytes, counts quota set to -1
2025-10-20 19:51:33,884 [om1-OMStateMachineApplyTransactionThread - 0] INFO  volume.OMVolumeCreateRequest (OMVolumeCreateRequest.java:validateAndUpdateCache(213)) - created volume:3f8679c7-0de8-4565-98ca-5e06717e6754 for user:runner
2025-10-20 19:51:33,884 | INFO  | OMAudit | user=runner | ip=127.0.0.1 | op=CREATE_VOLUME {"admin":"runner","owner":"runner","volume":"3f8679c7-0de8-4565-98ca-5e06717e6754","creationTime":"1760989893883","modificationTime":"1760989893883","quotaInBytes":"-1","quotaInNamespace":"-1","usedNamespace":"0","objectID":"-9223372036854589952","updateID":"726","Transaction":"726"} | ret=SUCCESS |  
2025-10-20 19:51:33,885 | INFO  | OMAudit | user=runner | ip=127.0.0.1 | op=READ_VOLUME {"volume":"3f8679c7-0de8-4565-98ca-5e06717e6754"} | ret=SUCCESS |  
2025-10-20 19:51:33,886 [ForkJoinPool-1-worker-1] INFO  rpc.RpcClient (RpcClient.java:createBucket(686)) - Creating Bucket: 3f8679c7-0de8-4565-98ca-5e06717e6754/fa560be2-19c1-40cc-b7f2-1f1538d2b370, with server-side default bucket layout, runner as owner, Versioning false, Storage Type set to DISK and Encryption set to false, Replication Type set to server-side default replication type, Namespace Quota set to -1, Space Quota set to -1 
2025-10-20 19:51:33,887 [om1-OMStateMachineApplyTransactionThread - 0] INFO  bucket.OMBucketCreateRequest (OMBucketCreateRequest.java:validateAndUpdateCache(303)) - created bucket: fa560be2-19c1-40cc-b7f2-1f1538d2b370 of layout FILE_SYSTEM_OPTIMIZED in volume: 3f8679c7-0de8-4565-98ca-5e06717e6754
2025-10-20 19:51:33,887 | INFO  | OMAudit | user=runner | ip=127.0.0.1 | op=CREATE_BUCKET {"volume":"3f8679c7-0de8-4565-98ca-5e06717e6754","bucket":"fa560be2-19c1-40cc-b7f2-1f1538d2b370","bucketLayout":"FILE_SYSTEM_OPTIMIZED","gdprEnabled":null,"acls":"[user:runner:a[ACCESS], group:runner:rl[ACCESS]]","isVersionEnabled":"false","storageType":"DISK","creationTime":"1760989893886","bucketEncryptionKey":null,"modificationTime":"1760989893886","usedBytes":"0","usedNamespace":"0","snapshotUsedBytes":"0","snapshotUsedNamespace":"0","owner":"runner","replicationType":null,"replicationConfig":null,"quotaInBytes":"-1","quotaInNamespace":"-1","Transaction":"727"} | ret=SUCCESS |  
2025-10-20 19:51:33,888 | INFO  | OMAudit | user=runner | ip=127.0.0.1 | op=READ_BUCKET {"volume":"3f8679c7-0de8-4565-98ca-5e06717e6754","bucket":"fa560be2-19c1-40cc-b7f2-1f1538d2b370"} | ret=SUCCESS |  
2025-10-20 19:51:33,889 | INFO  | OMAudit | user=runner | ip=127.0.0.1 | op=READ_BUCKET {"volume":"3f8679c7-0de8-4565-98ca-5e06717e6754","bucket":"fa560be2-19c1-40cc-b7f2-1f1538d2b370"} | ret=SUCCESS |  
2025-10-20 19:51:33,890 | INFO  | SCMAudit | user=runner | ip=127.0.0.1 | op=ALLOCATE_BLOCK {"replication":"RATIS/THREE","owner":"omServiceIdDefault","size":"4194304","sampleBlocks":"[conID: 14 locID: 115816896921600204]","num":"1","client":"","allocated":"1"} | ret=SUCCESS |  
2025-10-20 19:51:33,892 | INFO  | OMAudit | user=runner | ip=127.0.0.1 | op=ALLOCATE_KEY {"volume":"3f8679c7-0de8-4565-98ca-5e06717e6754","bucket":"fa560be2-19c1-40cc-b7f2-1f1538d2b370","key":"fb8b26ac-b89e-4615-a37f-4d7d4f02c0cf","dataSize":"12","replicationType":"RATIS","replicationFactor":"THREE","Transaction":"728"} | ret=SUCCESS |  
2025-10-20 19:51:33,903 | INFO  | OMAudit | user=runner | ip=127.0.0.1 | op=COMMIT_KEY {"volume":"3f8679c7-0de8-4565-98ca-5e06717e6754","bucket":"fa560be2-19c1-40cc-b7f2-1f1538d2b370","key":"fb8b26ac-b89e-4615-a37f-4d7d4f02c0cf","dataSize":"12","replicationType":"RATIS","replicationFactor":"THREE","Transaction":"729"} | ret=SUCCESS |  
2025-10-20 19:51:33,906 | INFO  | SCMAudit | user=runner | ip=127.0.0.1 | op=GET_CONTAINER_WITH_PIPELINE_BATCH {"containerIDs":"#14,"} | ret=SUCCESS |  
2025-10-20 19:51:33,907 | INFO  | OMAudit | user=runner | ip=127.0.0.1 | op=READ_KEY {"volume":"3f8679c7-0de8-4565-98ca-5e06717e6754","bucket":"fa560be2-19c1-40cc-b7f2-1f1538d2b370","key":"fb8b26ac-b89e-4615-a37f-4d7d4f02c0cf","owner":null,"dataSize":"0","replicationConfig":null} | ret=SUCCESS |  
2025-10-20 19:51:33,919 | INFO  | OMAudit | user=runner | ip=127.0.0.1 | op=READ_KEY {"volume":"3f8679c7-0de8-4565-98ca-5e06717e6754","bucket":"fa560be2-19c1-40cc-b7f2-1f1538d2b370","key":"fb8b26ac-b89e-4615-a37f-4d7d4f02c0cf","owner":null,"dataSize":"0","replicationConfig":null} | ret=SUCCESS |  
2025-10-20 19:51:33,925 | INFO  | OMAudit | user=runner | ip=127.0.0.1 | op=GET_SERVICE_LIST {} | ret=SUCCESS |  
2025-10-20 19:51:33,927 | INFO  | OMAudit | user=runner | ip=127.0.0.1 | op=READ_VOLUME {"volume":"3f8679c7-0de8-4565-98ca-5e06717e6754"} | ret=SUCCESS |  
2025-10-20 19:51:33,928 | INFO  | OMAudit | user=runner | ip=127.0.0.1 | op=READ_BUCKET {"volume":"3f8679c7-0de8-4565-98ca-5e06717e6754","bucket":"fa560be2-19c1-40cc-b7f2-1f1538d2b370"} | ret=SUCCESS |  
2025-10-20 19:51:33,930 | INFO  | OMAudit | user=runner | ip=127.0.0.1 | op=READ_KEY {"volume":"3f8679c7-0de8-4565-98ca-5e06717e6754","bucket":"fa560be2-19c1-40cc-b7f2-1f1538d2b370","key":"fb8b26ac-b89e-4615-a37f-4d7d4f02c0cf","owner":null,"dataSize":"0","replicationConfig":null} | ret=SUCCESS |  
2025-10-20 19:51:33,936 | INFO  | OMAudit | user=runner | ip=127.0.0.1 | op=READ_KEY {"volume":"3f8679c7-0de8-4565-98ca-5e06717e6754","bucket":"fa560be2-19c1-40cc-b7f2-1f1538d2b370","key":"fb8b26ac-b89e-4615-a37f-4d7d4f02c0cf","owner":null,"dataSize":"0","replicationConfig":null} | ret=SUCCESS |  
]]></system-out>
  </testcase>
  <testcase name="testGetKeyDetails" classname="org.apache.hadoop.ozone.client.rpc.TestSecureOzoneRpcClient" time="0.052">
    <system-out><![CDATA[2025-10-20 19:51:33,943 [ForkJoinPool-1-worker-1] INFO  rpc.RpcClient (RpcClient.java:createVolume(461)) - Creating Volume: 2c11ba98-80b8-4f88-abe2-6af6aab76dfc, with runner as owner and space quota set to -1 bytes, counts quota set to -1
2025-10-20 19:51:33,945 [om1-OMStateMachineApplyTransactionThread - 0] INFO  volume.OMVolumeCreateRequest (OMVolumeCreateRequest.java:validateAndUpdateCache(213)) - created volume:2c11ba98-80b8-4f88-abe2-6af6aab76dfc for user:runner
2025-10-20 19:51:33,945 | INFO  | OMAudit | user=runner | ip=127.0.0.1 | op=CREATE_VOLUME {"admin":"runner","owner":"runner","volume":"2c11ba98-80b8-4f88-abe2-6af6aab76dfc","creationTime":"1760989893944","modificationTime":"1760989893944","quotaInBytes":"-1","quotaInNamespace":"-1","usedNamespace":"0","objectID":"-9223372036854588928","updateID":"730","Transaction":"730"} | ret=SUCCESS |  
2025-10-20 19:51:33,947 | INFO  | OMAudit | user=runner | ip=127.0.0.1 | op=READ_VOLUME {"volume":"2c11ba98-80b8-4f88-abe2-6af6aab76dfc"} | ret=SUCCESS |  
2025-10-20 19:51:33,948 [ForkJoinPool-1-worker-1] INFO  rpc.RpcClient (RpcClient.java:createBucket(686)) - Creating Bucket: 2c11ba98-80b8-4f88-abe2-6af6aab76dfc/64d759ba-430d-459c-b345-0e32bb734254, with server-side default bucket layout, runner as owner, Versioning false, Storage Type set to DISK and Encryption set to false, Replication Type set to server-side default replication type, Namespace Quota set to -1, Space Quota set to -1 
2025-10-20 19:51:33,950 [om1-OMStateMachineApplyTransactionThread - 0] INFO  bucket.OMBucketCreateRequest (OMBucketCreateRequest.java:validateAndUpdateCache(303)) - created bucket: 64d759ba-430d-459c-b345-0e32bb734254 of layout FILE_SYSTEM_OPTIMIZED in volume: 2c11ba98-80b8-4f88-abe2-6af6aab76dfc
2025-10-20 19:51:33,950 | INFO  | OMAudit | user=runner | ip=127.0.0.1 | op=CREATE_BUCKET {"volume":"2c11ba98-80b8-4f88-abe2-6af6aab76dfc","bucket":"64d759ba-430d-459c-b345-0e32bb734254","bucketLayout":"FILE_SYSTEM_OPTIMIZED","gdprEnabled":null,"acls":"[user:runner:a[ACCESS], group:runner:rl[ACCESS]]","isVersionEnabled":"false","storageType":"DISK","creationTime":"1760989893949","bucketEncryptionKey":null,"modificationTime":"1760989893949","usedBytes":"0","usedNamespace":"0","snapshotUsedBytes":"0","snapshotUsedNamespace":"0","owner":"runner","replicationType":null,"replicationConfig":null,"quotaInBytes":"-1","quotaInNamespace":"-1","Transaction":"731"} | ret=SUCCESS |  
2025-10-20 19:51:33,951 | INFO  | OMAudit | user=runner | ip=127.0.0.1 | op=READ_BUCKET {"volume":"2c11ba98-80b8-4f88-abe2-6af6aab76dfc","bucket":"64d759ba-430d-459c-b345-0e32bb734254"} | ret=SUCCESS |  
2025-10-20 19:51:33,974 | INFO  | OMAudit | user=runner | ip=127.0.0.1 | op=READ_BUCKET {"volume":"2c11ba98-80b8-4f88-abe2-6af6aab76dfc","bucket":"64d759ba-430d-459c-b345-0e32bb734254"} | ret=SUCCESS |  
2025-10-20 19:51:33,975 | INFO  | SCMAudit | user=runner | ip=127.0.0.1 | op=ALLOCATE_BLOCK {"replication":"RATIS/ONE","owner":"omServiceIdDefault","size":"4194304","sampleBlocks":"[conID: 9 locID: 115816896921600205]","num":"1","client":"","allocated":"1"} | ret=SUCCESS |  
2025-10-20 19:51:33,977 | INFO  | OMAudit | user=runner | ip=127.0.0.1 | op=ALLOCATE_KEY {"volume":"2c11ba98-80b8-4f88-abe2-6af6aab76dfc","bucket":"64d759ba-430d-459c-b345-0e32bb734254","key":"f0f8fc82-e3d0-4c74-8b16-0dbad8568490","dataSize":"279","replicationType":"RATIS","replicationFactor":"ONE","Transaction":"732"} | ret=SUCCESS |  
2025-10-20 19:51:33,983 | INFO  | OMAudit | user=runner | ip=127.0.0.1 | op=COMMIT_KEY {"volume":"2c11ba98-80b8-4f88-abe2-6af6aab76dfc","bucket":"64d759ba-430d-459c-b345-0e32bb734254","key":"f0f8fc82-e3d0-4c74-8b16-0dbad8568490","dataSize":"279","replicationType":"RATIS","replicationFactor":"ONE","Transaction":"733"} | ret=SUCCESS |  
2025-10-20 19:51:33,985 | INFO  | SCMAudit | user=runner | ip=127.0.0.1 | op=GET_CONTAINER_WITH_PIPELINE_BATCH {"containerIDs":"#9,"} | ret=SUCCESS |  
2025-10-20 19:51:33,985 | INFO  | OMAudit | user=null | ip= | op=READ_KEY {"volume":"2c11ba98-80b8-4f88-abe2-6af6aab76dfc","bucket":"64d759ba-430d-459c-b345-0e32bb734254","key":"f0f8fc82-e3d0-4c74-8b16-0dbad8568490","owner":null,"dataSize":"0","replicationConfig":null} | ret=SUCCESS |  
2025-10-20 19:51:33,986 | INFO  | OMAudit | user=runner | ip=127.0.0.1 | op=READ_KEY {"volume":"2c11ba98-80b8-4f88-abe2-6af6aab76dfc","bucket":"64d759ba-430d-459c-b345-0e32bb734254","key":"f0f8fc82-e3d0-4c74-8b16-0dbad8568490","owner":null,"dataSize":"0","replicationConfig":null} | ret=SUCCESS |  
]]></system-out>
  </testcase>
  <testcase name="testGetObjectTagging(BucketLayout)[1]" classname="org.apache.hadoop.ozone.client.rpc.TestSecureOzoneRpcClient" time="0.027">
    <system-out><![CDATA[2025-10-20 19:51:33,997 [ForkJoinPool-1-worker-1] INFO  rpc.RpcClient (RpcClient.java:createVolume(461)) - Creating Volume: ae4103c2-a411-40f9-87a7-bba77f40541e, with runner as owner and space quota set to -1 bytes, counts quota set to -1
2025-10-20 19:51:33,999 [om1-OMStateMachineApplyTransactionThread - 0] INFO  volume.OMVolumeCreateRequest (OMVolumeCreateRequest.java:validateAndUpdateCache(213)) - created volume:ae4103c2-a411-40f9-87a7-bba77f40541e for user:runner
2025-10-20 19:51:33,999 | INFO  | OMAudit | user=runner | ip=127.0.0.1 | op=CREATE_VOLUME {"admin":"runner","owner":"runner","volume":"ae4103c2-a411-40f9-87a7-bba77f40541e","creationTime":"1760989893997","modificationTime":"1760989893997","quotaInBytes":"-1","quotaInNamespace":"-1","usedNamespace":"0","objectID":"-9223372036854587904","updateID":"734","Transaction":"734"} | ret=SUCCESS |  
2025-10-20 19:51:34,000 | INFO  | OMAudit | user=runner | ip=127.0.0.1 | op=READ_VOLUME {"volume":"ae4103c2-a411-40f9-87a7-bba77f40541e"} | ret=SUCCESS |  
2025-10-20 19:51:34,000 [ForkJoinPool-1-worker-1] INFO  rpc.RpcClient (RpcClient.java:createBucket(686)) - Creating Bucket: ae4103c2-a411-40f9-87a7-bba77f40541e/04f322e9-7ccc-4f29-8ac3-6c502fbb1784, with bucket layout OBJECT_STORE, runner as owner, Versioning false, Storage Type set to DISK and Encryption set to false, Replication Type set to server-side default replication type, Namespace Quota set to -1, Space Quota set to -1 
2025-10-20 19:51:34,002 [om1-OMStateMachineApplyTransactionThread - 0] INFO  bucket.OMBucketCreateRequest (OMBucketCreateRequest.java:validateAndUpdateCache(303)) - created bucket: 04f322e9-7ccc-4f29-8ac3-6c502fbb1784 of layout OBJECT_STORE in volume: ae4103c2-a411-40f9-87a7-bba77f40541e
2025-10-20 19:51:34,002 | INFO  | OMAudit | user=runner | ip=127.0.0.1 | op=CREATE_BUCKET {"volume":"ae4103c2-a411-40f9-87a7-bba77f40541e","bucket":"04f322e9-7ccc-4f29-8ac3-6c502fbb1784","bucketLayout":"OBJECT_STORE","gdprEnabled":null,"acls":"[user:runner:a[ACCESS], group:runner:rl[ACCESS]]","isVersionEnabled":"false","storageType":"DISK","creationTime":"1760989894001","bucketEncryptionKey":null,"modificationTime":"1760989894001","usedBytes":"0","usedNamespace":"0","snapshotUsedBytes":"0","snapshotUsedNamespace":"0","owner":"runner","replicationType":null,"replicationConfig":null,"quotaInBytes":"-1","quotaInNamespace":"-1","Transaction":"735"} | ret=SUCCESS |  
2025-10-20 19:51:34,003 | INFO  | OMAudit | user=runner | ip=127.0.0.1 | op=READ_BUCKET {"volume":"ae4103c2-a411-40f9-87a7-bba77f40541e","bucket":"04f322e9-7ccc-4f29-8ac3-6c502fbb1784"} | ret=SUCCESS |  
2025-10-20 19:51:34,004 | INFO  | OMAudit | user=runner | ip=127.0.0.1 | op=READ_BUCKET {"volume":"ae4103c2-a411-40f9-87a7-bba77f40541e","bucket":"04f322e9-7ccc-4f29-8ac3-6c502fbb1784"} | ret=SUCCESS |  
2025-10-20 19:51:34,004 | INFO  | SCMAudit | user=runner | ip=127.0.0.1 | op=ALLOCATE_BLOCK {"replication":"RATIS/ONE","owner":"omServiceIdDefault","size":"4194304","sampleBlocks":"[conID: 4 locID: 115816896921600206]","num":"1","client":"","allocated":"1"} | ret=SUCCESS |  
2025-10-20 19:51:34,007 | INFO  | OMAudit | user=runner | ip=127.0.0.1 | op=ALLOCATE_KEY {"volume":"ae4103c2-a411-40f9-87a7-bba77f40541e","bucket":"04f322e9-7ccc-4f29-8ac3-6c502fbb1784","key":"1e43b943-a2bd-497b-b206-bbdd457ccd13","dataSize":"12","replicationType":"RATIS","replicationFactor":"ONE","Transaction":"736"} | ret=SUCCESS |  
2025-10-20 19:51:34,015 | INFO  | OMAudit | user=runner | ip=127.0.0.1 | op=COMMIT_KEY {"volume":"ae4103c2-a411-40f9-87a7-bba77f40541e","bucket":"04f322e9-7ccc-4f29-8ac3-6c502fbb1784","key":"1e43b943-a2bd-497b-b206-bbdd457ccd13","dataSize":"12","replicationType":"RATIS","replicationFactor":"ONE","Transaction":"737"} | ret=SUCCESS |  
2025-10-20 19:51:34,016 | INFO  | OMAudit | user=runner | ip=127.0.0.1 | op=READ_KEY {"volume":"ae4103c2-a411-40f9-87a7-bba77f40541e","bucket":"04f322e9-7ccc-4f29-8ac3-6c502fbb1784","key":"1e43b943-a2bd-497b-b206-bbdd457ccd13","owner":null,"dataSize":"0","replicationConfig":null} | ret=SUCCESS |  
2025-10-20 19:51:34,022 | INFO  | OMAudit | user=runner | ip=127.0.0.1 | op=GET_OBJECT_TAGGING {"volume":"ae4103c2-a411-40f9-87a7-bba77f40541e","bucket":"04f322e9-7ccc-4f29-8ac3-6c502fbb1784","key":"1e43b943-a2bd-497b-b206-bbdd457ccd13","owner":null,"dataSize":"0","replicationConfig":null} | ret=SUCCESS |  
]]></system-out>
  </testcase>
  <testcase name="testGetObjectTagging(BucketLayout)[2]" classname="org.apache.hadoop.ozone.client.rpc.TestSecureOzoneRpcClient" time="0.019">
    <system-out><![CDATA[2025-10-20 19:51:34,024 [ForkJoinPool-1-worker-1] INFO  rpc.RpcClient (RpcClient.java:createVolume(461)) - Creating Volume: 5ea943b6-e6d6-4eab-8b68-3cbb2f8a75cf, with runner as owner and space quota set to -1 bytes, counts quota set to -1
2025-10-20 19:51:34,026 [om1-OMStateMachineApplyTransactionThread - 0] INFO  volume.OMVolumeCreateRequest (OMVolumeCreateRequest.java:validateAndUpdateCache(213)) - created volume:5ea943b6-e6d6-4eab-8b68-3cbb2f8a75cf for user:runner
2025-10-20 19:51:34,026 | INFO  | OMAudit | user=runner | ip=127.0.0.1 | op=CREATE_VOLUME {"admin":"runner","owner":"runner","volume":"5ea943b6-e6d6-4eab-8b68-3cbb2f8a75cf","creationTime":"1760989894025","modificationTime":"1760989894025","quotaInBytes":"-1","quotaInNamespace":"-1","usedNamespace":"0","objectID":"-9223372036854586880","updateID":"738","Transaction":"738"} | ret=SUCCESS |  
2025-10-20 19:51:34,027 | INFO  | OMAudit | user=runner | ip=127.0.0.1 | op=READ_VOLUME {"volume":"5ea943b6-e6d6-4eab-8b68-3cbb2f8a75cf"} | ret=SUCCESS |  
2025-10-20 19:51:34,028 [ForkJoinPool-1-worker-1] INFO  rpc.RpcClient (RpcClient.java:createBucket(686)) - Creating Bucket: 5ea943b6-e6d6-4eab-8b68-3cbb2f8a75cf/26b9c7c5-e679-48db-a1a3-f2eb94f8d5ab, with bucket layout LEGACY, runner as owner, Versioning false, Storage Type set to DISK and Encryption set to false, Replication Type set to server-side default replication type, Namespace Quota set to -1, Space Quota set to -1 
2025-10-20 19:51:34,029 [om1-OMStateMachineApplyTransactionThread - 0] INFO  bucket.OMBucketCreateRequest (OMBucketCreateRequest.java:validateAndUpdateCache(303)) - created bucket: 26b9c7c5-e679-48db-a1a3-f2eb94f8d5ab of layout LEGACY in volume: 5ea943b6-e6d6-4eab-8b68-3cbb2f8a75cf
2025-10-20 19:51:34,029 | INFO  | OMAudit | user=runner | ip=127.0.0.1 | op=CREATE_BUCKET {"volume":"5ea943b6-e6d6-4eab-8b68-3cbb2f8a75cf","bucket":"26b9c7c5-e679-48db-a1a3-f2eb94f8d5ab","bucketLayout":"LEGACY","gdprEnabled":null,"acls":"[user:runner:a[ACCESS], group:runner:rl[ACCESS]]","isVersionEnabled":"false","storageType":"DISK","creationTime":"1760989894028","bucketEncryptionKey":null,"modificationTime":"1760989894028","usedBytes":"0","usedNamespace":"0","snapshotUsedBytes":"0","snapshotUsedNamespace":"0","owner":"runner","replicationType":null,"replicationConfig":null,"quotaInBytes":"-1","quotaInNamespace":"-1","Transaction":"739"} | ret=SUCCESS |  
2025-10-20 19:51:34,030 | INFO  | OMAudit | user=runner | ip=127.0.0.1 | op=READ_BUCKET {"volume":"5ea943b6-e6d6-4eab-8b68-3cbb2f8a75cf","bucket":"26b9c7c5-e679-48db-a1a3-f2eb94f8d5ab"} | ret=SUCCESS |  
2025-10-20 19:51:34,031 | INFO  | OMAudit | user=runner | ip=127.0.0.1 | op=READ_BUCKET {"volume":"5ea943b6-e6d6-4eab-8b68-3cbb2f8a75cf","bucket":"26b9c7c5-e679-48db-a1a3-f2eb94f8d5ab"} | ret=SUCCESS |  
2025-10-20 19:51:34,032 | INFO  | SCMAudit | user=runner | ip=127.0.0.1 | op=ALLOCATE_BLOCK {"replication":"RATIS/ONE","owner":"omServiceIdDefault","size":"4194304","sampleBlocks":"[conID: 7 locID: 115816896921600207]","num":"1","client":"","allocated":"1"} | ret=SUCCESS |  
2025-10-20 19:51:34,034 | INFO  | OMAudit | user=runner | ip=127.0.0.1 | op=ALLOCATE_KEY {"volume":"5ea943b6-e6d6-4eab-8b68-3cbb2f8a75cf","bucket":"26b9c7c5-e679-48db-a1a3-f2eb94f8d5ab","key":"97c99a4f-883a-47c0-a637-20d37f602b30","dataSize":"12","replicationType":"RATIS","replicationFactor":"ONE","Transaction":"740"} | ret=SUCCESS |  
2025-10-20 19:51:34,040 | INFO  | OMAudit | user=runner | ip=127.0.0.1 | op=COMMIT_KEY {"volume":"5ea943b6-e6d6-4eab-8b68-3cbb2f8a75cf","bucket":"26b9c7c5-e679-48db-a1a3-f2eb94f8d5ab","key":"97c99a4f-883a-47c0-a637-20d37f602b30","dataSize":"12","replicationType":"RATIS","replicationFactor":"ONE","Transaction":"741"} | ret=SUCCESS |  
2025-10-20 19:51:34,041 | INFO  | OMAudit | user=runner | ip=127.0.0.1 | op=READ_KEY {"volume":"5ea943b6-e6d6-4eab-8b68-3cbb2f8a75cf","bucket":"26b9c7c5-e679-48db-a1a3-f2eb94f8d5ab","key":"97c99a4f-883a-47c0-a637-20d37f602b30","owner":null,"dataSize":"0","replicationConfig":null} | ret=SUCCESS |  
2025-10-20 19:51:34,043 | INFO  | OMAudit | user=runner | ip=127.0.0.1 | op=GET_OBJECT_TAGGING {"volume":"5ea943b6-e6d6-4eab-8b68-3cbb2f8a75cf","bucket":"26b9c7c5-e679-48db-a1a3-f2eb94f8d5ab","key":"97c99a4f-883a-47c0-a637-20d37f602b30","owner":null,"dataSize":"0","replicationConfig":null} | ret=SUCCESS |  
]]></system-out>
  </testcase>
  <testcase name="testGetObjectTagging(BucketLayout)[3]" classname="org.apache.hadoop.ozone.client.rpc.TestSecureOzoneRpcClient" time="0.06">
    <system-out><![CDATA[2025-10-20 19:51:34,045 [ForkJoinPool-1-worker-1] INFO  rpc.RpcClient (RpcClient.java:createVolume(461)) - Creating Volume: f97bac73-1487-4cdd-8299-d7869f9cec9b, with runner as owner and space quota set to -1 bytes, counts quota set to -1
2025-10-20 19:51:34,047 [om1-OMStateMachineApplyTransactionThread - 0] INFO  volume.OMVolumeCreateRequest (OMVolumeCreateRequest.java:validateAndUpdateCache(213)) - created volume:f97bac73-1487-4cdd-8299-d7869f9cec9b for user:runner
2025-10-20 19:51:34,048 | INFO  | OMAudit | user=runner | ip=127.0.0.1 | op=CREATE_VOLUME {"admin":"runner","owner":"runner","volume":"f97bac73-1487-4cdd-8299-d7869f9cec9b","creationTime":"1760989894046","modificationTime":"1760989894046","quotaInBytes":"-1","quotaInNamespace":"-1","usedNamespace":"0","objectID":"-9223372036854585856","updateID":"742","Transaction":"742"} | ret=SUCCESS |  
2025-10-20 19:51:34,049 | INFO  | OMAudit | user=runner | ip=127.0.0.1 | op=READ_VOLUME {"volume":"f97bac73-1487-4cdd-8299-d7869f9cec9b"} | ret=SUCCESS |  
2025-10-20 19:51:34,050 [ForkJoinPool-1-worker-1] INFO  rpc.RpcClient (RpcClient.java:createBucket(686)) - Creating Bucket: f97bac73-1487-4cdd-8299-d7869f9cec9b/07b8e8f6-8462-403f-9542-34f2e7b650cc, with bucket layout FILE_SYSTEM_OPTIMIZED, runner as owner, Versioning false, Storage Type set to DISK and Encryption set to false, Replication Type set to server-side default replication type, Namespace Quota set to -1, Space Quota set to -1 
2025-10-20 19:51:34,053 [om1-OMStateMachineApplyTransactionThread - 0] INFO  bucket.OMBucketCreateRequest (OMBucketCreateRequest.java:validateAndUpdateCache(303)) - created bucket: 07b8e8f6-8462-403f-9542-34f2e7b650cc of layout FILE_SYSTEM_OPTIMIZED in volume: f97bac73-1487-4cdd-8299-d7869f9cec9b
2025-10-20 19:51:34,053 | INFO  | OMAudit | user=runner | ip=127.0.0.1 | op=CREATE_BUCKET {"volume":"f97bac73-1487-4cdd-8299-d7869f9cec9b","bucket":"07b8e8f6-8462-403f-9542-34f2e7b650cc","bucketLayout":"FILE_SYSTEM_OPTIMIZED","gdprEnabled":null,"acls":"[user:runner:a[ACCESS], group:runner:rl[ACCESS]]","isVersionEnabled":"false","storageType":"DISK","creationTime":"1760989894052","bucketEncryptionKey":null,"modificationTime":"1760989894052","usedBytes":"0","usedNamespace":"0","snapshotUsedBytes":"0","snapshotUsedNamespace":"0","owner":"runner","replicationType":null,"replicationConfig":null,"quotaInBytes":"-1","quotaInNamespace":"-1","Transaction":"743"} | ret=SUCCESS |  
2025-10-20 19:51:34,054 | INFO  | OMAudit | user=runner | ip=127.0.0.1 | op=READ_BUCKET {"volume":"f97bac73-1487-4cdd-8299-d7869f9cec9b","bucket":"07b8e8f6-8462-403f-9542-34f2e7b650cc"} | ret=SUCCESS |  
2025-10-20 19:51:34,055 | INFO  | OMAudit | user=runner | ip=127.0.0.1 | op=READ_BUCKET {"volume":"f97bac73-1487-4cdd-8299-d7869f9cec9b","bucket":"07b8e8f6-8462-403f-9542-34f2e7b650cc"} | ret=SUCCESS |  
2025-10-20 19:51:34,056 | INFO  | SCMAudit | user=runner | ip=127.0.0.1 | op=ALLOCATE_BLOCK {"replication":"RATIS/ONE","owner":"omServiceIdDefault","size":"4194304","sampleBlocks":"[conID: 1 locID: 115816896921600208]","num":"1","client":"","allocated":"1"} | ret=SUCCESS |  
2025-10-20 19:51:34,058 | INFO  | OMAudit | user=runner | ip=127.0.0.1 | op=ALLOCATE_KEY {"volume":"f97bac73-1487-4cdd-8299-d7869f9cec9b","bucket":"07b8e8f6-8462-403f-9542-34f2e7b650cc","key":"67c41b8c-c77b-43f5-baa4-53f7d070979d","dataSize":"12","replicationType":"RATIS","replicationFactor":"ONE","Transaction":"744"} | ret=SUCCESS |  
2025-10-20 19:51:34,097 | INFO  | OMAudit | user=runner | ip=127.0.0.1 | op=COMMIT_KEY {"volume":"f97bac73-1487-4cdd-8299-d7869f9cec9b","bucket":"07b8e8f6-8462-403f-9542-34f2e7b650cc","key":"67c41b8c-c77b-43f5-baa4-53f7d070979d","dataSize":"12","replicationType":"RATIS","replicationFactor":"ONE","Transaction":"745"} | ret=SUCCESS |  
2025-10-20 19:51:34,100 | INFO  | OMAudit | user=runner | ip=127.0.0.1 | op=READ_KEY {"volume":"f97bac73-1487-4cdd-8299-d7869f9cec9b","bucket":"07b8e8f6-8462-403f-9542-34f2e7b650cc","key":"67c41b8c-c77b-43f5-baa4-53f7d070979d","owner":null,"dataSize":"0","replicationConfig":null} | ret=SUCCESS |  
2025-10-20 19:51:34,103 | INFO  | OMAudit | user=runner | ip=127.0.0.1 | op=GET_OBJECT_TAGGING {"volume":"f97bac73-1487-4cdd-8299-d7869f9cec9b","bucket":"07b8e8f6-8462-403f-9542-34f2e7b650cc","key":"67c41b8c-c77b-43f5-baa4-53f7d070979d","owner":null,"dataSize":"0","replicationConfig":null} | ret=SUCCESS |  
]]></system-out>
  </testcase>
  <testcase name="testGetServerDefaults" classname="org.apache.hadoop.ozone.client.rpc.TestSecureOzoneRpcClient" time="0.002">
    <system-out><![CDATA[2025-10-20 19:51:34,106 | INFO  | OMAudit | user=runner | ip=127.0.0.1 | op=GET_SERVICE_LIST {} | ret=SUCCESS |  
]]></system-out>
  </testcase>
  <testcase name="testHeadObject" classname="org.apache.hadoop.ozone.client.rpc.TestSecureOzoneRpcClient" time="0.184">
    <system-out><![CDATA[2025-10-20 19:51:34,108 [ForkJoinPool-1-worker-1] INFO  rpc.RpcClient (RpcClient.java:createVolume(461)) - Creating Volume: 876fb7b9-654a-4496-9dc7-37d20d6ac1b5, with runner as owner and space quota set to -1 bytes, counts quota set to -1
2025-10-20 19:51:34,173 | INFO  | SCMAudit | user=runner | ip=127.0.0.1 | op=SEND_HEARTBEAT {"datanodeUUID":"ef67b0a7-5b27-496d-9f38-ab804a28e500","term":"2","command":"[]"} | ret=SUCCESS |  
2025-10-20 19:51:34,175 | INFO  | SCMAudit | user=runner | ip=127.0.0.1 | op=SEND_HEARTBEAT {"datanodeUUID":"7bb0e7f0-2b36-4ec0-8a09-ceac75d91a36","term":"2","command":"[]"} | ret=SUCCESS |  
2025-10-20 19:51:34,261 [om1-OMStateMachineApplyTransactionThread - 0] INFO  volume.OMVolumeCreateRequest (OMVolumeCreateRequest.java:validateAndUpdateCache(213)) - created volume:876fb7b9-654a-4496-9dc7-37d20d6ac1b5 for user:runner
2025-10-20 19:51:34,261 | INFO  | OMAudit | user=runner | ip=127.0.0.1 | op=CREATE_VOLUME {"admin":"runner","owner":"runner","volume":"876fb7b9-654a-4496-9dc7-37d20d6ac1b5","creationTime":"1760989894109","modificationTime":"1760989894109","quotaInBytes":"-1","quotaInNamespace":"-1","usedNamespace":"0","objectID":"-9223372036854584832","updateID":"746","Transaction":"746"} | ret=SUCCESS |  
2025-10-20 19:51:34,262 | INFO  | OMAudit | user=runner | ip=127.0.0.1 | op=READ_VOLUME {"volume":"876fb7b9-654a-4496-9dc7-37d20d6ac1b5"} | ret=SUCCESS |  
2025-10-20 19:51:34,263 [ForkJoinPool-1-worker-1] INFO  rpc.RpcClient (RpcClient.java:createBucket(686)) - Creating Bucket: 876fb7b9-654a-4496-9dc7-37d20d6ac1b5/1b924612-e071-44e0-bcd5-cc001facf10c, with server-side default bucket layout, runner as owner, Versioning false, Storage Type set to DISK and Encryption set to false, Replication Type set to server-side default replication type, Namespace Quota set to -1, Space Quota set to -1 
2025-10-20 19:51:34,264 | INFO  | SCMAudit | user=runner | ip=127.0.0.1 | op=SEND_HEARTBEAT {"datanodeUUID":"af0e5da1-57af-45e9-9aca-fa0798d05628","term":"2","command":"[]"} | ret=SUCCESS |  
2025-10-20 19:51:34,265 [om1-OMStateMachineApplyTransactionThread - 0] INFO  bucket.OMBucketCreateRequest (OMBucketCreateRequest.java:validateAndUpdateCache(303)) - created bucket: 1b924612-e071-44e0-bcd5-cc001facf10c of layout FILE_SYSTEM_OPTIMIZED in volume: 876fb7b9-654a-4496-9dc7-37d20d6ac1b5
2025-10-20 19:51:34,265 | INFO  | OMAudit | user=runner | ip=127.0.0.1 | op=CREATE_BUCKET {"volume":"876fb7b9-654a-4496-9dc7-37d20d6ac1b5","bucket":"1b924612-e071-44e0-bcd5-cc001facf10c","bucketLayout":"FILE_SYSTEM_OPTIMIZED","gdprEnabled":null,"acls":"[user:runner:a[ACCESS], group:runner:rl[ACCESS]]","isVersionEnabled":"false","storageType":"DISK","creationTime":"1760989894264","bucketEncryptionKey":null,"modificationTime":"1760989894264","usedBytes":"0","usedNamespace":"0","snapshotUsedBytes":"0","snapshotUsedNamespace":"0","owner":"runner","replicationType":null,"replicationConfig":null,"quotaInBytes":"-1","quotaInNamespace":"-1","Transaction":"747"} | ret=SUCCESS |  
2025-10-20 19:51:34,266 | INFO  | OMAudit | user=runner | ip=127.0.0.1 | op=READ_BUCKET {"volume":"876fb7b9-654a-4496-9dc7-37d20d6ac1b5","bucket":"1b924612-e071-44e0-bcd5-cc001facf10c"} | ret=SUCCESS |  
2025-10-20 19:51:34,267 | INFO  | OMAudit | user=runner | ip=127.0.0.1 | op=READ_BUCKET {"volume":"876fb7b9-654a-4496-9dc7-37d20d6ac1b5","bucket":"1b924612-e071-44e0-bcd5-cc001facf10c"} | ret=SUCCESS |  
2025-10-20 19:51:34,268 | INFO  | SCMAudit | user=runner | ip=127.0.0.1 | op=ALLOCATE_BLOCK {"replication":"RATIS/THREE","owner":"omServiceIdDefault","size":"4194304","sampleBlocks":"[conID: 15 locID: 115816896921600209]","num":"1","client":"","allocated":"1"} | ret=SUCCESS |  
2025-10-20 19:51:34,270 | INFO  | OMAudit | user=runner | ip=127.0.0.1 | op=ALLOCATE_KEY {"volume":"876fb7b9-654a-4496-9dc7-37d20d6ac1b5","bucket":"1b924612-e071-44e0-bcd5-cc001facf10c","key":"248c3d09-6489-4d26-a1f6-dfb3108f10f5","dataSize":"12","replicationType":"RATIS","replicationFactor":"THREE","Transaction":"748"} | ret=SUCCESS |  
2025-10-20 19:51:34,287 | INFO  | OMAudit | user=runner | ip=127.0.0.1 | op=COMMIT_KEY {"volume":"876fb7b9-654a-4496-9dc7-37d20d6ac1b5","bucket":"1b924612-e071-44e0-bcd5-cc001facf10c","key":"248c3d09-6489-4d26-a1f6-dfb3108f10f5","dataSize":"12","replicationType":"RATIS","replicationFactor":"THREE","Transaction":"749"} | ret=SUCCESS |  
2025-10-20 19:51:34,289 | INFO  | OMAudit | user=runner | ip=127.0.0.1 | op=READ_KEY {"volume":"876fb7b9-654a-4496-9dc7-37d20d6ac1b5","bucket":"1b924612-e071-44e0-bcd5-cc001facf10c","key":"248c3d09-6489-4d26-a1f6-dfb3108f10f5","owner":null,"dataSize":"0","replicationConfig":null} | ret=SUCCESS |  
2025-10-20 19:51:34,291 | ERROR | OMAudit | user=runner | ip=127.0.0.1 | op=READ_KEY {"volume":"876fb7b9-654a-4496-9dc7-37d20d6ac1b5","bucket":"1b924612-e071-44e0-bcd5-cc001facf10c","key":"9b4614fa-f440-4d8b-844d-1d2e69753ec6","owner":null,"dataSize":"0","replicationConfig":null} | ret=FAILURE | 
org.apache.hadoop.ozone.om.exceptions.OMException: Key:9b4614fa-f440-4d8b-844d-1d2e69753ec6 not found
	at org.apache.hadoop.ozone.om.KeyManagerImpl.readKeyInfo(KeyManagerImpl.java:614)
	at org.apache.hadoop.ozone.om.KeyManagerImpl.lambda$22(KeyManagerImpl.java:2340)
 
]]></system-out>
  </testcase>
  <testcase name="testInitiateMultipartUpload(ReplicationConfig)[1]" classname="org.apache.hadoop.ozone.client.rpc.TestSecureOzoneRpcClient" time="0.014">
    <system-out><![CDATA[2025-10-20 19:51:34,295 [ForkJoinPool-1-worker-1] INFO  rpc.RpcClient (RpcClient.java:createVolume(461)) - Creating Volume: 2beb0931-4a46-423f-9114-4dc2d6d34af9, with runner as owner and space quota set to -1 bytes, counts quota set to -1
2025-10-20 19:51:34,297 [om1-OMStateMachineApplyTransactionThread - 0] INFO  volume.OMVolumeCreateRequest (OMVolumeCreateRequest.java:validateAndUpdateCache(213)) - created volume:2beb0931-4a46-423f-9114-4dc2d6d34af9 for user:runner
2025-10-20 19:51:34,297 | INFO  | OMAudit | user=runner | ip=127.0.0.1 | op=CREATE_VOLUME {"admin":"runner","owner":"runner","volume":"2beb0931-4a46-423f-9114-4dc2d6d34af9","creationTime":"1760989894295","modificationTime":"1760989894295","quotaInBytes":"-1","quotaInNamespace":"-1","usedNamespace":"0","objectID":"-9223372036854583808","updateID":"750","Transaction":"750"} | ret=SUCCESS |  
2025-10-20 19:51:34,298 | INFO  | OMAudit | user=runner | ip=127.0.0.1 | op=READ_VOLUME {"volume":"2beb0931-4a46-423f-9114-4dc2d6d34af9"} | ret=SUCCESS |  
2025-10-20 19:51:34,299 [ForkJoinPool-1-worker-1] INFO  rpc.RpcClient (RpcClient.java:createBucket(686)) - Creating Bucket: 2beb0931-4a46-423f-9114-4dc2d6d34af9/7b0dce96-6fe8-48de-a3e4-f832eb0c096c, with server-side default bucket layout, runner as owner, Versioning false, Storage Type set to DISK and Encryption set to false, Replication Type set to server-side default replication type, Namespace Quota set to -1, Space Quota set to -1 
2025-10-20 19:51:34,300 [om1-OMStateMachineApplyTransactionThread - 0] INFO  bucket.OMBucketCreateRequest (OMBucketCreateRequest.java:validateAndUpdateCache(303)) - created bucket: 7b0dce96-6fe8-48de-a3e4-f832eb0c096c of layout FILE_SYSTEM_OPTIMIZED in volume: 2beb0931-4a46-423f-9114-4dc2d6d34af9
2025-10-20 19:51:34,300 | INFO  | OMAudit | user=runner | ip=127.0.0.1 | op=CREATE_BUCKET {"volume":"2beb0931-4a46-423f-9114-4dc2d6d34af9","bucket":"7b0dce96-6fe8-48de-a3e4-f832eb0c096c","bucketLayout":"FILE_SYSTEM_OPTIMIZED","gdprEnabled":null,"acls":"[user:runner:a[ACCESS], group:runner:rl[ACCESS]]","isVersionEnabled":"false","storageType":"DISK","creationTime":"1760989894299","bucketEncryptionKey":null,"modificationTime":"1760989894299","usedBytes":"0","usedNamespace":"0","snapshotUsedBytes":"0","snapshotUsedNamespace":"0","owner":"runner","replicationType":null,"replicationConfig":null,"quotaInBytes":"-1","quotaInNamespace":"-1","Transaction":"751"} | ret=SUCCESS |  
2025-10-20 19:51:34,302 | INFO  | OMAudit | user=runner | ip=127.0.0.1 | op=READ_BUCKET {"volume":"2beb0931-4a46-423f-9114-4dc2d6d34af9","bucket":"7b0dce96-6fe8-48de-a3e4-f832eb0c096c"} | ret=SUCCESS |  
2025-10-20 19:51:34,304 | INFO  | OMAudit | user=runner | ip=127.0.0.1 | op=INITIATE_MULTIPART_UPLOAD {"volume":"2beb0931-4a46-423f-9114-4dc2d6d34af9","bucket":"7b0dce96-6fe8-48de-a3e4-f832eb0c096c","key":"3155dab1-23d7-47ef-9b18-79237aeea584","dataSize":"0","replicationType":"RATIS","replicationFactor":"ONE","uploadID":"019a032d-569f-7cb7-abe5-ff021ca9ea9b-115408233713041584","Transaction":"752"} | ret=SUCCESS |  
2025-10-20 19:51:34,307 | INFO  | OMAudit | user=runner | ip=127.0.0.1 | op=INITIATE_MULTIPART_UPLOAD {"volume":"2beb0931-4a46-423f-9114-4dc2d6d34af9","bucket":"7b0dce96-6fe8-48de-a3e4-f832eb0c096c","key":"3155dab1-23d7-47ef-9b18-79237aeea584","dataSize":"0","replicationType":"RATIS","replicationFactor":"ONE","uploadID":"019a032d-56a2-7f07-8ce1-e7781a816a9f-115408233713238193","Transaction":"753"} | ret=SUCCESS |  
]]></system-out>
  </testcase>
  <testcase name="testInitiateMultipartUpload(ReplicationConfig)[2]" classname="org.apache.hadoop.ozone.client.rpc.TestSecureOzoneRpcClient" time="0.014">
    <system-out><![CDATA[2025-10-20 19:51:34,310 [ForkJoinPool-1-worker-1] INFO  rpc.RpcClient (RpcClient.java:createVolume(461)) - Creating Volume: d2828099-0112-4e3f-beac-4353409e6a75, with runner as owner and space quota set to -1 bytes, counts quota set to -1
2025-10-20 19:51:34,312 [om1-OMStateMachineApplyTransactionThread - 0] INFO  volume.OMVolumeCreateRequest (OMVolumeCreateRequest.java:validateAndUpdateCache(213)) - created volume:d2828099-0112-4e3f-beac-4353409e6a75 for user:runner
2025-10-20 19:51:34,312 | INFO  | OMAudit | user=runner | ip=127.0.0.1 | op=CREATE_VOLUME {"admin":"runner","owner":"runner","volume":"d2828099-0112-4e3f-beac-4353409e6a75","creationTime":"1760989894311","modificationTime":"1760989894311","quotaInBytes":"-1","quotaInNamespace":"-1","usedNamespace":"0","objectID":"-9223372036854582784","updateID":"754","Transaction":"754"} | ret=SUCCESS |  
2025-10-20 19:51:34,313 | INFO  | OMAudit | user=runner | ip=127.0.0.1 | op=READ_VOLUME {"volume":"d2828099-0112-4e3f-beac-4353409e6a75"} | ret=SUCCESS |  
2025-10-20 19:51:34,313 [ForkJoinPool-1-worker-1] INFO  rpc.RpcClient (RpcClient.java:createBucket(686)) - Creating Bucket: d2828099-0112-4e3f-beac-4353409e6a75/46cce03d-fd83-4441-bd23-b9ee37c7bdde, with server-side default bucket layout, runner as owner, Versioning false, Storage Type set to DISK and Encryption set to false, Replication Type set to server-side default replication type, Namespace Quota set to -1, Space Quota set to -1 
2025-10-20 19:51:34,316 [om1-OMStateMachineApplyTransactionThread - 0] INFO  bucket.OMBucketCreateRequest (OMBucketCreateRequest.java:validateAndUpdateCache(303)) - created bucket: 46cce03d-fd83-4441-bd23-b9ee37c7bdde of layout FILE_SYSTEM_OPTIMIZED in volume: d2828099-0112-4e3f-beac-4353409e6a75
2025-10-20 19:51:34,316 | INFO  | OMAudit | user=runner | ip=127.0.0.1 | op=CREATE_BUCKET {"volume":"d2828099-0112-4e3f-beac-4353409e6a75","bucket":"46cce03d-fd83-4441-bd23-b9ee37c7bdde","bucketLayout":"FILE_SYSTEM_OPTIMIZED","gdprEnabled":null,"acls":"[user:runner:a[ACCESS], group:runner:rl[ACCESS]]","isVersionEnabled":"false","storageType":"DISK","creationTime":"1760989894314","bucketEncryptionKey":null,"modificationTime":"1760989894314","usedBytes":"0","usedNamespace":"0","snapshotUsedBytes":"0","snapshotUsedNamespace":"0","owner":"runner","replicationType":null,"replicationConfig":null,"quotaInBytes":"-1","quotaInNamespace":"-1","Transaction":"755"} | ret=SUCCESS |  
2025-10-20 19:51:34,317 | INFO  | OMAudit | user=runner | ip=127.0.0.1 | op=READ_BUCKET {"volume":"d2828099-0112-4e3f-beac-4353409e6a75","bucket":"46cce03d-fd83-4441-bd23-b9ee37c7bdde"} | ret=SUCCESS |  
2025-10-20 19:51:34,319 | INFO  | OMAudit | user=runner | ip=127.0.0.1 | op=INITIATE_MULTIPART_UPLOAD {"volume":"d2828099-0112-4e3f-beac-4353409e6a75","bucket":"46cce03d-fd83-4441-bd23-b9ee37c7bdde","key":"d136ee2e-304d-415f-a00a-76af3cf8497b","dataSize":"0","replicationType":"RATIS","replicationFactor":"THREE","uploadID":"019a032d-56ae-7638-a9cf-f3e4c4aef221-115408233714024626","Transaction":"756"} | ret=SUCCESS |  
2025-10-20 19:51:34,323 | INFO  | OMAudit | user=runner | ip=127.0.0.1 | op=INITIATE_MULTIPART_UPLOAD {"volume":"d2828099-0112-4e3f-beac-4353409e6a75","bucket":"46cce03d-fd83-4441-bd23-b9ee37c7bdde","key":"d136ee2e-304d-415f-a00a-76af3cf8497b","dataSize":"0","replicationType":"RATIS","replicationFactor":"THREE","uploadID":"019a032d-56b1-79a9-9ea8-71c6da772e0f-115408233714221235","Transaction":"757"} | ret=SUCCESS |  
]]></system-out>
  </testcase>
  <testcase name="testInitiateMultipartUpload(ReplicationConfig)[3]" classname="org.apache.hadoop.ozone.client.rpc.TestSecureOzoneRpcClient" time="0.012">
    <system-out><![CDATA[2025-10-20 19:51:34,325 [ForkJoinPool-1-worker-1] INFO  rpc.RpcClient (RpcClient.java:createVolume(461)) - Creating Volume: 8481720f-e199-4ebf-ad08-061851076a59, with runner as owner and space quota set to -1 bytes, counts quota set to -1
2025-10-20 19:51:34,327 [om1-OMStateMachineApplyTransactionThread - 0] INFO  volume.OMVolumeCreateRequest (OMVolumeCreateRequest.java:validateAndUpdateCache(213)) - created volume:8481720f-e199-4ebf-ad08-061851076a59 for user:runner
2025-10-20 19:51:34,327 | INFO  | OMAudit | user=runner | ip=127.0.0.1 | op=CREATE_VOLUME {"admin":"runner","owner":"runner","volume":"8481720f-e199-4ebf-ad08-061851076a59","creationTime":"1760989894326","modificationTime":"1760989894326","quotaInBytes":"-1","quotaInNamespace":"-1","usedNamespace":"0","objectID":"-9223372036854581760","updateID":"758","Transaction":"758"} | ret=SUCCESS |  
2025-10-20 19:51:34,328 | INFO  | OMAudit | user=runner | ip=127.0.0.1 | op=READ_VOLUME {"volume":"8481720f-e199-4ebf-ad08-061851076a59"} | ret=SUCCESS |  
2025-10-20 19:51:34,328 [ForkJoinPool-1-worker-1] INFO  rpc.RpcClient (RpcClient.java:createBucket(686)) - Creating Bucket: 8481720f-e199-4ebf-ad08-061851076a59/a59f0912-c7d9-400b-9fb3-486ff7dfafdd, with server-side default bucket layout, runner as owner, Versioning false, Storage Type set to DISK and Encryption set to false, Replication Type set to server-side default replication type, Namespace Quota set to -1, Space Quota set to -1 
2025-10-20 19:51:34,330 [om1-OMStateMachineApplyTransactionThread - 0] INFO  bucket.OMBucketCreateRequest (OMBucketCreateRequest.java:validateAndUpdateCache(303)) - created bucket: a59f0912-c7d9-400b-9fb3-486ff7dfafdd of layout FILE_SYSTEM_OPTIMIZED in volume: 8481720f-e199-4ebf-ad08-061851076a59
2025-10-20 19:51:34,330 | INFO  | OMAudit | user=runner | ip=127.0.0.1 | op=CREATE_BUCKET {"volume":"8481720f-e199-4ebf-ad08-061851076a59","bucket":"a59f0912-c7d9-400b-9fb3-486ff7dfafdd","bucketLayout":"FILE_SYSTEM_OPTIMIZED","gdprEnabled":null,"acls":"[user:runner:a[ACCESS], group:runner:rl[ACCESS]]","isVersionEnabled":"false","storageType":"DISK","creationTime":"1760989894329","bucketEncryptionKey":null,"modificationTime":"1760989894329","usedBytes":"0","usedNamespace":"0","snapshotUsedBytes":"0","snapshotUsedNamespace":"0","owner":"runner","replicationType":null,"replicationConfig":null,"quotaInBytes":"-1","quotaInNamespace":"-1","Transaction":"759"} | ret=SUCCESS |  
2025-10-20 19:51:34,331 | INFO  | OMAudit | user=runner | ip=127.0.0.1 | op=READ_BUCKET {"volume":"8481720f-e199-4ebf-ad08-061851076a59","bucket":"a59f0912-c7d9-400b-9fb3-486ff7dfafdd"} | ret=SUCCESS |  
2025-10-20 19:51:34,333 | INFO  | OMAudit | user=runner | ip=127.0.0.1 | op=INITIATE_MULTIPART_UPLOAD {"volume":"8481720f-e199-4ebf-ad08-061851076a59","bucket":"a59f0912-c7d9-400b-9fb3-486ff7dfafdd","key":"7d7f1aa1-e5b2-4bf1-bcfd-d156b211d28d","dataSize":"0","replicationType":"EC","replicationConfig":"rs-3-2-1048576","uploadID":"019a032d-56bc-7040-a336-de8e3da08426-115408233714942132","Transaction":"760"} | ret=SUCCESS |  
2025-10-20 19:51:34,335 | INFO  | OMAudit | user=runner | ip=127.0.0.1 | op=INITIATE_MULTIPART_UPLOAD {"volume":"8481720f-e199-4ebf-ad08-061851076a59","bucket":"a59f0912-c7d9-400b-9fb3-486ff7dfafdd","key":"7d7f1aa1-e5b2-4bf1-bcfd-d156b211d28d","dataSize":"0","replicationType":"EC","replicationConfig":"rs-3-2-1048576","uploadID":"019a032d-56be-7321-b74a-8b0302de3213-115408233715073205","Transaction":"761"} | ret=SUCCESS |  
]]></system-out>
  </testcase>
  <testcase name="testInitiateMultipartUploadWithDefaultReplication" classname="org.apache.hadoop.ozone.client.rpc.TestSecureOzoneRpcClient" time="0.009">
    <system-out><![CDATA[2025-10-20 19:51:34,337 [ForkJoinPool-1-worker-1] INFO  rpc.RpcClient (RpcClient.java:createVolume(461)) - Creating Volume: d6cb3414-2237-49f3-9a6f-c2a756270378, with runner as owner and space quota set to -1 bytes, counts quota set to -1
2025-10-20 19:51:34,338 [om1-OMStateMachineApplyTransactionThread - 0] INFO  volume.OMVolumeCreateRequest (OMVolumeCreateRequest.java:validateAndUpdateCache(213)) - created volume:d6cb3414-2237-49f3-9a6f-c2a756270378 for user:runner
2025-10-20 19:51:34,338 | INFO  | OMAudit | user=runner | ip=127.0.0.1 | op=CREATE_VOLUME {"admin":"runner","owner":"runner","volume":"d6cb3414-2237-49f3-9a6f-c2a756270378","creationTime":"1760989894338","modificationTime":"1760989894338","quotaInBytes":"-1","quotaInNamespace":"-1","usedNamespace":"0","objectID":"-9223372036854580736","updateID":"762","Transaction":"762"} | ret=SUCCESS |  
2025-10-20 19:51:34,339 | INFO  | OMAudit | user=runner | ip=127.0.0.1 | op=READ_VOLUME {"volume":"d6cb3414-2237-49f3-9a6f-c2a756270378"} | ret=SUCCESS |  
2025-10-20 19:51:34,339 [ForkJoinPool-1-worker-1] INFO  rpc.RpcClient (RpcClient.java:createBucket(686)) - Creating Bucket: d6cb3414-2237-49f3-9a6f-c2a756270378/44e49943-100f-4357-8d1d-d3d4fa8c2134, with server-side default bucket layout, runner as owner, Versioning false, Storage Type set to DISK and Encryption set to false, Replication Type set to server-side default replication type, Namespace Quota set to -1, Space Quota set to -1 
2025-10-20 19:51:34,341 [om1-OMStateMachineApplyTransactionThread - 0] INFO  bucket.OMBucketCreateRequest (OMBucketCreateRequest.java:validateAndUpdateCache(303)) - created bucket: 44e49943-100f-4357-8d1d-d3d4fa8c2134 of layout FILE_SYSTEM_OPTIMIZED in volume: d6cb3414-2237-49f3-9a6f-c2a756270378
2025-10-20 19:51:34,341 | INFO  | OMAudit | user=runner | ip=127.0.0.1 | op=CREATE_BUCKET {"volume":"d6cb3414-2237-49f3-9a6f-c2a756270378","bucket":"44e49943-100f-4357-8d1d-d3d4fa8c2134","bucketLayout":"FILE_SYSTEM_OPTIMIZED","gdprEnabled":null,"acls":"[user:runner:a[ACCESS], group:runner:rl[ACCESS]]","isVersionEnabled":"false","storageType":"DISK","creationTime":"1760989894340","bucketEncryptionKey":null,"modificationTime":"1760989894340","usedBytes":"0","usedNamespace":"0","snapshotUsedBytes":"0","snapshotUsedNamespace":"0","owner":"runner","replicationType":null,"replicationConfig":null,"quotaInBytes":"-1","quotaInNamespace":"-1","Transaction":"763"} | ret=SUCCESS |  
2025-10-20 19:51:34,342 | INFO  | OMAudit | user=runner | ip=127.0.0.1 | op=READ_BUCKET {"volume":"d6cb3414-2237-49f3-9a6f-c2a756270378","bucket":"44e49943-100f-4357-8d1d-d3d4fa8c2134"} | ret=SUCCESS |  
2025-10-20 19:51:34,343 | INFO  | OMAudit | user=runner | ip=127.0.0.1 | op=INITIATE_MULTIPART_UPLOAD {"volume":"d6cb3414-2237-49f3-9a6f-c2a756270378","bucket":"44e49943-100f-4357-8d1d-d3d4fa8c2134","key":"2ad62cc1-f87b-42c4-909d-c8664f9dfcad","dataSize":"0","uploadID":"019a032d-56c6-72c5-929e-8a078fe2cd16-115408233715597494","Transaction":"764"} | ret=SUCCESS |  
2025-10-20 19:51:34,345 | INFO  | OMAudit | user=runner | ip=127.0.0.1 | op=INITIATE_MULTIPART_UPLOAD {"volume":"d6cb3414-2237-49f3-9a6f-c2a756270378","bucket":"44e49943-100f-4357-8d1d-d3d4fa8c2134","key":"2ad62cc1-f87b-42c4-909d-c8664f9dfcad","dataSize":"0","uploadID":"019a032d-56c8-71ec-bd10-90fb432a1113-115408233715728567","Transaction":"765"} | ret=SUCCESS |  
]]></system-out>
  </testcase>
  <testcase name="testInvalidBucketCreation" classname="org.apache.hadoop.ozone.client.rpc.TestSecureOzoneRpcClient" time="0.005">
    <system-out><![CDATA[2025-10-20 19:51:34,347 [ForkJoinPool-1-worker-1] INFO  rpc.RpcClient (RpcClient.java:createVolume(461)) - Creating Volume: 1cbf5782-91b6-4488-bf75-6b3bedfcbf66, with runner as owner and space quota set to -1 bytes, counts quota set to -1
2025-10-20 19:51:34,348 [om1-OMStateMachineApplyTransactionThread - 0] INFO  volume.OMVolumeCreateRequest (OMVolumeCreateRequest.java:validateAndUpdateCache(213)) - created volume:1cbf5782-91b6-4488-bf75-6b3bedfcbf66 for user:runner
2025-10-20 19:51:34,348 | INFO  | OMAudit | user=runner | ip=127.0.0.1 | op=CREATE_VOLUME {"admin":"runner","owner":"runner","volume":"1cbf5782-91b6-4488-bf75-6b3bedfcbf66","creationTime":"1760989894348","modificationTime":"1760989894348","quotaInBytes":"-1","quotaInNamespace":"-1","usedNamespace":"0","objectID":"-9223372036854579712","updateID":"766","Transaction":"766"} | ret=SUCCESS |  
2025-10-20 19:51:34,350 | INFO  | OMAudit | user=runner | ip=127.0.0.1 | op=READ_VOLUME {"volume":"1cbf5782-91b6-4488-bf75-6b3bedfcbf66"} | ret=SUCCESS |  
]]></system-out>
  </testcase>
  <testcase name="testKeyOwner" classname="org.apache.hadoop.ozone.client.rpc.TestSecureOzoneRpcClient" time="0.107">
    <system-out><![CDATA[2025-10-20 19:51:34,377 [ForkJoinPool-1-worker-1] INFO  rpc.RpcClient (RpcClient.java:createVolume(461)) - Creating Volume: fb5d9e5f-f4a7-455d-80c9-2fd5be42b7c0, with runner as owner and space quota set to -1 bytes, counts quota set to -1
2025-10-20 19:51:34,379 [om1-OMStateMachineApplyTransactionThread - 0] INFO  volume.OMVolumeCreateRequest (OMVolumeCreateRequest.java:validateAndUpdateCache(213)) - created volume:fb5d9e5f-f4a7-455d-80c9-2fd5be42b7c0 for user:runner
2025-10-20 19:51:34,379 | INFO  | OMAudit | user=runner | ip=127.0.0.1 | op=CREATE_VOLUME {"admin":"runner","owner":"runner","volume":"fb5d9e5f-f4a7-455d-80c9-2fd5be42b7c0","creationTime":"1760989894378","modificationTime":"1760989894378","quotaInBytes":"-1","quotaInNamespace":"-1","usedNamespace":"0","objectID":"-9223372036854579456","updateID":"767","Transaction":"767"} | ret=SUCCESS |  
2025-10-20 19:51:34,380 | INFO  | OMAudit | user=runner | ip=127.0.0.1 | op=READ_VOLUME {"volume":"fb5d9e5f-f4a7-455d-80c9-2fd5be42b7c0"} | ret=SUCCESS |  
2025-10-20 19:51:34,381 [ForkJoinPool-1-worker-1] INFO  rpc.RpcClient (RpcClient.java:createBucket(686)) - Creating Bucket: fb5d9e5f-f4a7-455d-80c9-2fd5be42b7c0/b9aa249d-5206-436c-a060-10177e3aefa6, with server-side default bucket layout, runner as owner, Versioning false, Storage Type set to DISK and Encryption set to false, Replication Type set to server-side default replication type, Namespace Quota set to -1, Space Quota set to -1 
2025-10-20 19:51:34,382 [om1-OMStateMachineApplyTransactionThread - 0] INFO  bucket.OMBucketCreateRequest (OMBucketCreateRequest.java:validateAndUpdateCache(303)) - created bucket: b9aa249d-5206-436c-a060-10177e3aefa6 of layout FILE_SYSTEM_OPTIMIZED in volume: fb5d9e5f-f4a7-455d-80c9-2fd5be42b7c0
2025-10-20 19:51:34,382 | INFO  | OMAudit | user=runner | ip=127.0.0.1 | op=CREATE_BUCKET {"volume":"fb5d9e5f-f4a7-455d-80c9-2fd5be42b7c0","bucket":"b9aa249d-5206-436c-a060-10177e3aefa6","bucketLayout":"FILE_SYSTEM_OPTIMIZED","gdprEnabled":null,"acls":"[user:runner:a[ACCESS], group:runner:rl[ACCESS]]","isVersionEnabled":"false","storageType":"DISK","creationTime":"1760989894381","bucketEncryptionKey":null,"modificationTime":"1760989894381","usedBytes":"0","usedNamespace":"0","snapshotUsedBytes":"0","snapshotUsedNamespace":"0","owner":"runner","replicationType":null,"replicationConfig":null,"quotaInBytes":"-1","quotaInNamespace":"-1","Transaction":"768"} | ret=SUCCESS |  
2025-10-20 19:51:34,386 | INFO  | OMAudit | user=runner | ip=127.0.0.1 | op=ADD_ACL {"resourceType":"volume","storageType":"ozone","volume":"fb5d9e5f-f4a7-455d-80c9-2fd5be42b7c0","bucket":null,"key":null,"acl":"[user:user1:a[ACCESS]]","Transaction":"769"} | ret=SUCCESS |  
2025-10-20 19:51:34,388 | INFO  | OMAudit | user=runner | ip=127.0.0.1 | op=ADD_ACL {"resourceType":"volume","storageType":"ozone","volume":"fb5d9e5f-f4a7-455d-80c9-2fd5be42b7c0","bucket":null,"key":null,"acl":"[user:user2:a[ACCESS]]","Transaction":"770"} | ret=SUCCESS |  
2025-10-20 19:51:34,390 | INFO  | OMAudit | user=runner | ip=127.0.0.1 | op=ADD_ACL {"resourceType":"bucket","storageType":"ozone","volume":"fb5d9e5f-f4a7-455d-80c9-2fd5be42b7c0","bucket":"b9aa249d-5206-436c-a060-10177e3aefa6","key":null,"acl":"[user:user1:a[ACCESS]]","Transaction":"771"} | ret=SUCCESS |  
2025-10-20 19:51:34,391 | INFO  | OMAudit | user=runner | ip=127.0.0.1 | op=ADD_ACL {"resourceType":"bucket","storageType":"ozone","volume":"fb5d9e5f-f4a7-455d-80c9-2fd5be42b7c0","bucket":"b9aa249d-5206-436c-a060-10177e3aefa6","key":null,"acl":"[user:user2:a[ACCESS]]","Transaction":"772"} | ret=SUCCESS |  
2025-10-20 19:51:34,395 | INFO  | OMAudit | user=user1 | ip=127.0.0.1 | op=GET_SERVICE_LIST {} | ret=SUCCESS |  
2025-10-20 19:51:34,397 | INFO  | OMAudit | user=user1 | ip=127.0.0.1 | op=READ_VOLUME {"volume":"fb5d9e5f-f4a7-455d-80c9-2fd5be42b7c0"} | ret=SUCCESS |  
2025-10-20 19:51:34,398 | INFO  | OMAudit | user=user1 | ip=127.0.0.1 | op=READ_BUCKET {"volume":"fb5d9e5f-f4a7-455d-80c9-2fd5be42b7c0","bucket":"b9aa249d-5206-436c-a060-10177e3aefa6"} | ret=SUCCESS |  
2025-10-20 19:51:34,399 | INFO  | OMAudit | user=user1 | ip=127.0.0.1 | op=READ_BUCKET {"volume":"fb5d9e5f-f4a7-455d-80c9-2fd5be42b7c0","bucket":"b9aa249d-5206-436c-a060-10177e3aefa6"} | ret=SUCCESS |  
2025-10-20 19:51:34,400 | INFO  | SCMAudit | user=runner | ip=127.0.0.1 | op=ALLOCATE_BLOCK {"replication":"RATIS/ONE","owner":"omServiceIdDefault","size":"4194304","sampleBlocks":"[conID: 27 locID: 115816896921600210]","num":"1","client":"","allocated":"1"} | ret=SUCCESS |  
2025-10-20 19:51:34,403 | INFO  | OMAudit | user=user1 | ip=127.0.0.1 | op=ALLOCATE_KEY {"volume":"fb5d9e5f-f4a7-455d-80c9-2fd5be42b7c0","bucket":"b9aa249d-5206-436c-a060-10177e3aefa6","key":"key1","dataSize":"10","replicationType":"RATIS","replicationFactor":"ONE","Transaction":"773"} | ret=SUCCESS |  
2025-10-20 19:51:34,417 | INFO  | OMAudit | user=user1 | ip=127.0.0.1 | op=COMMIT_KEY {"volume":"fb5d9e5f-f4a7-455d-80c9-2fd5be42b7c0","bucket":"b9aa249d-5206-436c-a060-10177e3aefa6","key":"key1","dataSize":"10","replicationType":"RATIS","replicationFactor":"ONE","Transaction":"774"} | ret=SUCCESS |  
2025-10-20 19:51:34,420 | INFO  | OMAudit | user=user1 | ip=127.0.0.1 | op=READ_KEY {"volume":"fb5d9e5f-f4a7-455d-80c9-2fd5be42b7c0","bucket":"b9aa249d-5206-436c-a060-10177e3aefa6","key":"key1","owner":null,"dataSize":"0","replicationConfig":null} | ret=SUCCESS |  
2025-10-20 19:51:34,424 | INFO  | OMAudit | user=user2 | ip=127.0.0.1 | op=GET_SERVICE_LIST {} | ret=SUCCESS |  
2025-10-20 19:51:34,426 | INFO  | OMAudit | user=user2 | ip=127.0.0.1 | op=READ_VOLUME {"volume":"fb5d9e5f-f4a7-455d-80c9-2fd5be42b7c0"} | ret=SUCCESS |  
2025-10-20 19:51:34,427 | INFO  | OMAudit | user=user2 | ip=127.0.0.1 | op=READ_BUCKET {"volume":"fb5d9e5f-f4a7-455d-80c9-2fd5be42b7c0","bucket":"b9aa249d-5206-436c-a060-10177e3aefa6"} | ret=SUCCESS |  
2025-10-20 19:51:34,428 | INFO  | OMAudit | user=user2 | ip=127.0.0.1 | op=READ_BUCKET {"volume":"fb5d9e5f-f4a7-455d-80c9-2fd5be42b7c0","bucket":"b9aa249d-5206-436c-a060-10177e3aefa6"} | ret=SUCCESS |  
2025-10-20 19:51:34,429 | INFO  | SCMAudit | user=runner | ip=127.0.0.1 | op=ALLOCATE_BLOCK {"replication":"RATIS/ONE","owner":"omServiceIdDefault","size":"4194304","sampleBlocks":"[conID: 12 locID: 115816896921600211]","num":"1","client":"","allocated":"1"} | ret=SUCCESS |  
2025-10-20 19:51:34,431 | INFO  | OMAudit | user=user2 | ip=127.0.0.1 | op=ALLOCATE_KEY {"volume":"fb5d9e5f-f4a7-455d-80c9-2fd5be42b7c0","bucket":"b9aa249d-5206-436c-a060-10177e3aefa6","key":"key2","dataSize":"10","replicationType":"RATIS","replicationFactor":"ONE","Transaction":"775"} | ret=SUCCESS |  
2025-10-20 19:51:34,441 | INFO  | OMAudit | user=user2 | ip=127.0.0.1 | op=COMMIT_KEY {"volume":"fb5d9e5f-f4a7-455d-80c9-2fd5be42b7c0","bucket":"b9aa249d-5206-436c-a060-10177e3aefa6","key":"key2","dataSize":"10","replicationType":"RATIS","replicationFactor":"ONE","Transaction":"776"} | ret=SUCCESS |  
2025-10-20 19:51:34,443 | INFO  | SCMAudit | user=runner | ip=127.0.0.1 | op=SEND_HEARTBEAT {"datanodeUUID":"b614738c-cdff-4f09-bf59-ed5bb75d51be","term":"2","command":"[]"} | ret=SUCCESS |  
2025-10-20 19:51:34,443 | INFO  | OMAudit | user=user2 | ip=127.0.0.1 | op=READ_KEY {"volume":"fb5d9e5f-f4a7-455d-80c9-2fd5be42b7c0","bucket":"b9aa249d-5206-436c-a060-10177e3aefa6","key":"key2","owner":null,"dataSize":"0","replicationConfig":null} | ret=SUCCESS |  
2025-10-20 19:51:34,445 | INFO  | SCMAudit | user=runner | ip=127.0.0.1 | op=SEND_HEARTBEAT {"datanodeUUID":"361055de-215b-4c6c-94c2-be1c1da118d1","term":"2","command":"[]"} | ret=SUCCESS |  
2025-10-20 19:51:34,446 | INFO  | OMAudit | user=runner | ip=127.0.0.1 | op=GET_SERVICE_LIST {} | ret=SUCCESS |  
2025-10-20 19:51:34,447 | INFO  | SCMAudit | user=runner | ip=127.0.0.1 | op=SEND_HEARTBEAT {"datanodeUUID":"38991c48-ffb3-4453-b758-77d6b4ebc62b","term":"2","command":"[]"} | ret=SUCCESS |  
2025-10-20 19:51:34,447 | INFO  | OMAudit | user=runner | ip=127.0.0.1 | op=READ_VOLUME {"volume":"fb5d9e5f-f4a7-455d-80c9-2fd5be42b7c0"} | ret=SUCCESS |  
2025-10-20 19:51:34,449 | INFO  | OMAudit | user=runner | ip=127.0.0.1 | op=READ_BUCKET {"volume":"fb5d9e5f-f4a7-455d-80c9-2fd5be42b7c0","bucket":"b9aa249d-5206-436c-a060-10177e3aefa6"} | ret=SUCCESS |  
2025-10-20 19:51:34,450 | INFO  | OMAudit | user=runner | ip=127.0.0.1 | op=READ_KEY {"volume":"fb5d9e5f-f4a7-455d-80c9-2fd5be42b7c0","bucket":"b9aa249d-5206-436c-a060-10177e3aefa6","key":"key1","owner":null,"dataSize":"0","replicationConfig":null} | ret=SUCCESS |  
2025-10-20 19:51:34,451 | INFO  | OMAudit | user=runner | ip=127.0.0.1 | op=READ_KEY {"volume":"fb5d9e5f-f4a7-455d-80c9-2fd5be42b7c0","bucket":"b9aa249d-5206-436c-a060-10177e3aefa6","key":"key2","owner":null,"dataSize":"0","replicationConfig":null} | ret=SUCCESS |  
2025-10-20 19:51:34,452 | INFO  | SCMAudit | user=runner | ip=127.0.0.1 | op=SEND_HEARTBEAT {"datanodeUUID":"c90bff1f-5a1f-42c6-8fca-9533d718c79a","term":"2","command":"[]"} | ret=SUCCESS |  
2025-10-20 19:51:34,452 | INFO  | OMAudit | user=runner | ip=127.0.0.1 | op=READ_KEY {"volume":"fb5d9e5f-f4a7-455d-80c9-2fd5be42b7c0","bucket":"b9aa249d-5206-436c-a060-10177e3aefa6","key":"key1","owner":null,"dataSize":"0","replicationConfig":null} | ret=SUCCESS |  
2025-10-20 19:51:34,454 | INFO  | OMAudit | user=runner | ip=127.0.0.1 | op=READ_KEY {"volume":"fb5d9e5f-f4a7-455d-80c9-2fd5be42b7c0","bucket":"b9aa249d-5206-436c-a060-10177e3aefa6","key":"key2","owner":null,"dataSize":"0","replicationConfig":null} | ret=SUCCESS |  
2025-10-20 19:51:34,457 | INFO  | OMAudit | user=runner | ip=127.0.0.1 | op=GET_SERVICE_LIST {} | ret=SUCCESS |  
]]></system-out>
  </testcase>
  <testcase name="testKeyReadWriteForGDPR" classname="org.apache.hadoop.ozone.client.rpc.TestSecureOzoneRpcClient" time="0.04">
    <system-out><![CDATA[2025-10-20 19:51:34,459 [ForkJoinPool-1-worker-1] INFO  rpc.RpcClient (RpcClient.java:createVolume(461)) - Creating Volume: dcdd449a-6a4f-4307-b1b7-aba963e36ab6, with runner as owner and space quota set to -1 bytes, counts quota set to -1
2025-10-20 19:51:34,461 [om1-OMStateMachineApplyTransactionThread - 0] INFO  volume.OMVolumeCreateRequest (OMVolumeCreateRequest.java:validateAndUpdateCache(213)) - created volume:dcdd449a-6a4f-4307-b1b7-aba963e36ab6 for user:runner
2025-10-20 19:51:34,461 | INFO  | OMAudit | user=runner | ip=127.0.0.1 | op=CREATE_VOLUME {"admin":"runner","owner":"runner","volume":"dcdd449a-6a4f-4307-b1b7-aba963e36ab6","creationTime":"1760989894460","modificationTime":"1760989894460","quotaInBytes":"-1","quotaInNamespace":"-1","usedNamespace":"0","objectID":"-9223372036854576896","updateID":"777","Transaction":"777"} | ret=SUCCESS |  
2025-10-20 19:51:34,462 | INFO  | OMAudit | user=runner | ip=127.0.0.1 | op=READ_VOLUME {"volume":"dcdd449a-6a4f-4307-b1b7-aba963e36ab6"} | ret=SUCCESS |  
2025-10-20 19:51:34,462 [ForkJoinPool-1-worker-1] INFO  rpc.RpcClient (RpcClient.java:createBucket(686)) - Creating Bucket: dcdd449a-6a4f-4307-b1b7-aba963e36ab6/da10ccc5-997f-42d7-bd4a-d6f0071ee71d, with bucket layout OBJECT_STORE, runner as owner, Versioning false, Storage Type set to DISK and Encryption set to false, Replication Type set to server-side default replication type, Namespace Quota set to -1, Space Quota set to -1 
2025-10-20 19:51:34,465 [om1-OMStateMachineApplyTransactionThread - 0] INFO  bucket.OMBucketCreateRequest (OMBucketCreateRequest.java:validateAndUpdateCache(303)) - created bucket: da10ccc5-997f-42d7-bd4a-d6f0071ee71d of layout OBJECT_STORE in volume: dcdd449a-6a4f-4307-b1b7-aba963e36ab6
2025-10-20 19:51:34,465 | INFO  | OMAudit | user=runner | ip=127.0.0.1 | op=CREATE_BUCKET {"volume":"dcdd449a-6a4f-4307-b1b7-aba963e36ab6","bucket":"da10ccc5-997f-42d7-bd4a-d6f0071ee71d","bucketLayout":"OBJECT_STORE","gdprEnabled":"true","acls":"[user:runner:a[ACCESS], group:runner:rl[ACCESS]]","isVersionEnabled":"false","storageType":"DISK","creationTime":"1760989894463","bucketEncryptionKey":null,"modificationTime":"1760989894463","usedBytes":"0","usedNamespace":"0","snapshotUsedBytes":"0","snapshotUsedNamespace":"0","owner":"runner","replicationType":null,"replicationConfig":null,"quotaInBytes":"-1","quotaInNamespace":"-1","Transaction":"778"} | ret=SUCCESS |  
2025-10-20 19:51:34,466 | INFO  | OMAudit | user=runner | ip=127.0.0.1 | op=READ_BUCKET {"volume":"dcdd449a-6a4f-4307-b1b7-aba963e36ab6","bucket":"da10ccc5-997f-42d7-bd4a-d6f0071ee71d"} | ret=SUCCESS |  
2025-10-20 19:51:34,467 | INFO  | OMAudit | user=runner | ip=127.0.0.1 | op=READ_BUCKET {"volume":"dcdd449a-6a4f-4307-b1b7-aba963e36ab6","bucket":"da10ccc5-997f-42d7-bd4a-d6f0071ee71d"} | ret=SUCCESS |  
2025-10-20 19:51:34,468 | INFO  | SCMAudit | user=runner | ip=127.0.0.1 | op=ALLOCATE_BLOCK {"replication":"RATIS/ONE","owner":"omServiceIdDefault","size":"4194304","sampleBlocks":"[conID: 6 locID: 115816896921600212]","num":"1","client":"","allocated":"1"} | ret=SUCCESS |  
2025-10-20 19:51:34,470 | INFO  | OMAudit | user=runner | ip=127.0.0.1 | op=ALLOCATE_KEY {"volume":"dcdd449a-6a4f-4307-b1b7-aba963e36ab6","bucket":"da10ccc5-997f-42d7-bd4a-d6f0071ee71d","key":"388038da-474b-453c-8abb-20c6d2fa238f","dataSize":"11","replicationType":"RATIS","replicationFactor":"ONE","Transaction":"779"} | ret=SUCCESS |  
2025-10-20 19:51:34,480 | INFO  | OMAudit | user=runner | ip=127.0.0.1 | op=COMMIT_KEY {"volume":"dcdd449a-6a4f-4307-b1b7-aba963e36ab6","bucket":"da10ccc5-997f-42d7-bd4a-d6f0071ee71d","key":"388038da-474b-453c-8abb-20c6d2fa238f","dataSize":"16","replicationType":"RATIS","replicationFactor":"ONE","Transaction":"780"} | ret=SUCCESS |  
2025-10-20 19:51:34,482 | INFO  | OMAudit | user=runner | ip=127.0.0.1 | op=READ_KEY {"volume":"dcdd449a-6a4f-4307-b1b7-aba963e36ab6","bucket":"da10ccc5-997f-42d7-bd4a-d6f0071ee71d","key":"388038da-474b-453c-8abb-20c6d2fa238f","owner":null,"dataSize":"0","replicationConfig":null} | ret=SUCCESS |  
2025-10-20 19:51:34,484 | INFO  | OMAudit | user=runner | ip=127.0.0.1 | op=READ_KEY {"volume":"dcdd449a-6a4f-4307-b1b7-aba963e36ab6","bucket":"da10ccc5-997f-42d7-bd4a-d6f0071ee71d","key":"388038da-474b-453c-8abb-20c6d2fa238f","owner":null,"dataSize":"0","replicationConfig":null} | ret=SUCCESS |  
2025-10-20 19:51:34,490 | INFO  | SCMAudit | user=runner | ip=127.0.0.1 | op=GET_CONTAINER_WITH_PIPELINE_BATCH {"containerIDs":"#6,"} | ret=SUCCESS |  
2025-10-20 19:51:34,491 | INFO  | OMAudit | user=null | ip= | op=READ_KEY {"volume":"dcdd449a-6a4f-4307-b1b7-aba963e36ab6","bucket":"da10ccc5-997f-42d7-bd4a-d6f0071ee71d","key":"388038da-474b-453c-8abb-20c6d2fa238f","owner":null,"dataSize":"0","replicationConfig":null} | ret=SUCCESS |  
2025-10-20 19:51:34,491 | INFO  | SCMAudit | user=runner | ip=127.0.0.1 | op=GET_CONTAINER {"containerID":"6"} | ret=SUCCESS |  
2025-10-20 19:51:34,493 | INFO  | OMAudit | user=runner | ip=127.0.0.1 | op=READ_KEY {"volume":"dcdd449a-6a4f-4307-b1b7-aba963e36ab6","bucket":"da10ccc5-997f-42d7-bd4a-d6f0071ee71d","key":"388038da-474b-453c-8abb-20c6d2fa238f","owner":null,"dataSize":"0","replicationConfig":null} | ret=SUCCESS |  
2025-10-20 19:51:34,494 | INFO  | OMAudit | user=runner | ip=127.0.0.1 | op=READ_KEY {"volume":"dcdd449a-6a4f-4307-b1b7-aba963e36ab6","bucket":"da10ccc5-997f-42d7-bd4a-d6f0071ee71d","key":"388038da-474b-453c-8abb-20c6d2fa238f","owner":null,"dataSize":"0","replicationConfig":null} | ret=SUCCESS |  
]]></system-out>
  </testcase>
  <testcase name="testKeysRename" classname="org.apache.hadoop.ozone.client.rpc.TestSecureOzoneRpcClient" time="0.053">
    <system-out><![CDATA[2025-10-20 19:51:34,500 [ForkJoinPool-1-worker-1] INFO  rpc.RpcClient (RpcClient.java:createVolume(461)) - Creating Volume: 539fa9a7-b96e-49af-9972-6bb2b83142cc, with runner as owner and space quota set to -1 bytes, counts quota set to -1
2025-10-20 19:51:34,502 [om1-OMStateMachineApplyTransactionThread - 0] INFO  volume.OMVolumeCreateRequest (OMVolumeCreateRequest.java:validateAndUpdateCache(213)) - created volume:539fa9a7-b96e-49af-9972-6bb2b83142cc for user:runner
2025-10-20 19:51:34,502 | INFO  | OMAudit | user=runner | ip=127.0.0.1 | op=CREATE_VOLUME {"admin":"runner","owner":"runner","volume":"539fa9a7-b96e-49af-9972-6bb2b83142cc","creationTime":"1760989894501","modificationTime":"1760989894501","quotaInBytes":"-1","quotaInNamespace":"-1","usedNamespace":"0","objectID":"-9223372036854575872","updateID":"781","Transaction":"781"} | ret=SUCCESS |  
2025-10-20 19:51:34,503 | INFO  | OMAudit | user=runner | ip=127.0.0.1 | op=READ_VOLUME {"volume":"539fa9a7-b96e-49af-9972-6bb2b83142cc"} | ret=SUCCESS |  
2025-10-20 19:51:34,503 [ForkJoinPool-1-worker-1] INFO  rpc.RpcClient (RpcClient.java:createBucket(686)) - Creating Bucket: 539fa9a7-b96e-49af-9972-6bb2b83142cc/3e2eda11-4dac-4d24-9ad9-cb9a0bc51a33, with bucket layout OBJECT_STORE, runner as owner, Versioning false, Storage Type set to DISK and Encryption set to false, Replication Type set to server-side default replication type, Namespace Quota set to -1, Space Quota set to -1 
2025-10-20 19:51:34,505 [om1-OMStateMachineApplyTransactionThread - 0] INFO  bucket.OMBucketCreateRequest (OMBucketCreateRequest.java:validateAndUpdateCache(303)) - created bucket: 3e2eda11-4dac-4d24-9ad9-cb9a0bc51a33 of layout OBJECT_STORE in volume: 539fa9a7-b96e-49af-9972-6bb2b83142cc
2025-10-20 19:51:34,505 | INFO  | OMAudit | user=runner | ip=127.0.0.1 | op=CREATE_BUCKET {"volume":"539fa9a7-b96e-49af-9972-6bb2b83142cc","bucket":"3e2eda11-4dac-4d24-9ad9-cb9a0bc51a33","bucketLayout":"OBJECT_STORE","gdprEnabled":null,"acls":"[user:runner:a[ACCESS], group:runner:rl[ACCESS]]","isVersionEnabled":"false","storageType":"DISK","creationTime":"1760989894504","bucketEncryptionKey":null,"modificationTime":"1760989894504","usedBytes":"0","usedNamespace":"0","snapshotUsedBytes":"0","snapshotUsedNamespace":"0","owner":"runner","replicationType":null,"replicationConfig":null,"quotaInBytes":"-1","quotaInNamespace":"-1","Transaction":"782"} | ret=SUCCESS |  
2025-10-20 19:51:34,506 | INFO  | OMAudit | user=runner | ip=127.0.0.1 | op=READ_BUCKET {"volume":"539fa9a7-b96e-49af-9972-6bb2b83142cc","bucket":"3e2eda11-4dac-4d24-9ad9-cb9a0bc51a33"} | ret=SUCCESS |  
2025-10-20 19:51:34,508 | INFO  | OMAudit | user=runner | ip=127.0.0.1 | op=READ_BUCKET {"volume":"539fa9a7-b96e-49af-9972-6bb2b83142cc","bucket":"3e2eda11-4dac-4d24-9ad9-cb9a0bc51a33"} | ret=SUCCESS |  
2025-10-20 19:51:34,508 | INFO  | SCMAudit | user=runner | ip=127.0.0.1 | op=ALLOCATE_BLOCK {"replication":"RATIS/ONE","owner":"omServiceIdDefault","size":"4194304","sampleBlocks":"[conID: 11 locID: 115816896921600213]","num":"1","client":"","allocated":"1"} | ret=SUCCESS |  
2025-10-20 19:51:34,511 | INFO  | OMAudit | user=runner | ip=127.0.0.1 | op=ALLOCATE_KEY {"volume":"539fa9a7-b96e-49af-9972-6bb2b83142cc","bucket":"3e2eda11-4dac-4d24-9ad9-cb9a0bc51a33","key":"dir/file1","dataSize":"12","replicationType":"RATIS","replicationFactor":"ONE","Transaction":"783"} | ret=SUCCESS |  
2025-10-20 19:51:34,522 | INFO  | OMAudit | user=runner | ip=127.0.0.1 | op=COMMIT_KEY {"volume":"539fa9a7-b96e-49af-9972-6bb2b83142cc","bucket":"3e2eda11-4dac-4d24-9ad9-cb9a0bc51a33","key":"dir/file1","dataSize":"12","replicationType":"RATIS","replicationFactor":"ONE","Transaction":"784"} | ret=SUCCESS |  
2025-10-20 19:51:34,524 | INFO  | OMAudit | user=runner | ip=127.0.0.1 | op=READ_KEY {"volume":"539fa9a7-b96e-49af-9972-6bb2b83142cc","bucket":"3e2eda11-4dac-4d24-9ad9-cb9a0bc51a33","key":"dir/file1","owner":null,"dataSize":"0","replicationConfig":null} | ret=SUCCESS |  
2025-10-20 19:51:34,525 | INFO  | OMAudit | user=runner | ip=127.0.0.1 | op=READ_BUCKET {"volume":"539fa9a7-b96e-49af-9972-6bb2b83142cc","bucket":"3e2eda11-4dac-4d24-9ad9-cb9a0bc51a33"} | ret=SUCCESS |  
2025-10-20 19:51:34,526 | INFO  | SCMAudit | user=runner | ip=127.0.0.1 | op=ALLOCATE_BLOCK {"replication":"RATIS/ONE","owner":"omServiceIdDefault","size":"4194304","sampleBlocks":"[conID: 6 locID: 115816896921600214]","num":"1","client":"","allocated":"1"} | ret=SUCCESS |  
2025-10-20 19:51:34,528 | INFO  | OMAudit | user=runner | ip=127.0.0.1 | op=ALLOCATE_KEY {"volume":"539fa9a7-b96e-49af-9972-6bb2b83142cc","bucket":"3e2eda11-4dac-4d24-9ad9-cb9a0bc51a33","key":"dir/file2","dataSize":"12","replicationType":"RATIS","replicationFactor":"ONE","Transaction":"785"} | ret=SUCCESS |  
2025-10-20 19:51:34,535 | INFO  | OMAudit | user=runner | ip=127.0.0.1 | op=COMMIT_KEY {"volume":"539fa9a7-b96e-49af-9972-6bb2b83142cc","bucket":"3e2eda11-4dac-4d24-9ad9-cb9a0bc51a33","key":"dir/file2","dataSize":"12","replicationType":"RATIS","replicationFactor":"ONE","Transaction":"786"} | ret=SUCCESS |  
2025-10-20 19:51:34,536 | INFO  | OMAudit | user=runner | ip=127.0.0.1 | op=READ_KEY {"volume":"539fa9a7-b96e-49af-9972-6bb2b83142cc","bucket":"3e2eda11-4dac-4d24-9ad9-cb9a0bc51a33","key":"dir/file2","owner":null,"dataSize":"0","replicationConfig":null} | ret=SUCCESS |  
2025-10-20 19:51:34,547 | INFO  | OMAudit | user=runner | ip=127.0.0.1 | op=RENAME_KEYS {"volume":"539fa9a7-b96e-49af-9972-6bb2b83142cc","bucket":"3e2eda11-4dac-4d24-9ad9-cb9a0bc51a33","renamedKeysMap":"{dir/file2=dir/key2, dir/file1=dir/key1}","unRenamedKeysMap":"{}","Transaction":"787"} | ret=SUCCESS |  
2025-10-20 19:51:34,548 | INFO  | OMAudit | user=runner | ip=127.0.0.1 | op=READ_KEY {"volume":"539fa9a7-b96e-49af-9972-6bb2b83142cc","bucket":"3e2eda11-4dac-4d24-9ad9-cb9a0bc51a33","key":"dir/key1","owner":null,"dataSize":"0","replicationConfig":null} | ret=SUCCESS |  
2025-10-20 19:51:34,550 | INFO  | OMAudit | user=runner | ip=127.0.0.1 | op=READ_KEY {"volume":"539fa9a7-b96e-49af-9972-6bb2b83142cc","bucket":"3e2eda11-4dac-4d24-9ad9-cb9a0bc51a33","key":"dir/key2","owner":null,"dataSize":"0","replicationConfig":null} | ret=SUCCESS |  
2025-10-20 19:51:34,551 | ERROR | OMAudit | user=runner | ip=127.0.0.1 | op=READ_KEY {"volume":"539fa9a7-b96e-49af-9972-6bb2b83142cc","bucket":"3e2eda11-4dac-4d24-9ad9-cb9a0bc51a33","key":"dir/file1","owner":null,"dataSize":"0","replicationConfig":null} | ret=FAILURE | 
org.apache.hadoop.ozone.om.exceptions.OMException: Key:dir/file1 not found
	at org.apache.hadoop.ozone.om.KeyManagerImpl.readKeyInfo(KeyManagerImpl.java:614)
	at org.apache.hadoop.ozone.om.KeyManagerImpl.lambda$22(KeyManagerImpl.java:2340)
 
2025-10-20 19:51:34,552 | ERROR | OMAudit | user=runner | ip=127.0.0.1 | op=READ_KEY {"volume":"539fa9a7-b96e-49af-9972-6bb2b83142cc","bucket":"3e2eda11-4dac-4d24-9ad9-cb9a0bc51a33","key":"dir/file2","owner":null,"dataSize":"0","replicationConfig":null} | ret=FAILURE | 
org.apache.hadoop.ozone.om.exceptions.OMException: Key:dir/file2 not found
	at org.apache.hadoop.ozone.om.KeyManagerImpl.readKeyInfo(KeyManagerImpl.java:614)
	at org.apache.hadoop.ozone.om.KeyManagerImpl.lambda$22(KeyManagerImpl.java:2340)
 
]]></system-out>
  </testcase>
  <testcase name="testKeysRenameFail" classname="org.apache.hadoop.ozone.client.rpc.TestSecureOzoneRpcClient" time="0.029">
    <system-out><![CDATA[2025-10-20 19:51:34,554 [ForkJoinPool-1-worker-1] INFO  rpc.RpcClient (RpcClient.java:createVolume(461)) - Creating Volume: e5fbb031-13a6-4c58-b8ab-84bbab83f17c, with runner as owner and space quota set to -1 bytes, counts quota set to -1
2025-10-20 19:51:34,555 [om1-OMStateMachineApplyTransactionThread - 0] INFO  volume.OMVolumeCreateRequest (OMVolumeCreateRequest.java:validateAndUpdateCache(213)) - created volume:e5fbb031-13a6-4c58-b8ab-84bbab83f17c for user:runner
2025-10-20 19:51:34,555 | INFO  | OMAudit | user=runner | ip=127.0.0.1 | op=CREATE_VOLUME {"admin":"runner","owner":"runner","volume":"e5fbb031-13a6-4c58-b8ab-84bbab83f17c","creationTime":"1760989894554","modificationTime":"1760989894554","quotaInBytes":"-1","quotaInNamespace":"-1","usedNamespace":"0","objectID":"-9223372036854574080","updateID":"788","Transaction":"788"} | ret=SUCCESS |  
2025-10-20 19:51:34,556 | INFO  | OMAudit | user=runner | ip=127.0.0.1 | op=READ_VOLUME {"volume":"e5fbb031-13a6-4c58-b8ab-84bbab83f17c"} | ret=SUCCESS |  
2025-10-20 19:51:34,557 [ForkJoinPool-1-worker-1] INFO  rpc.RpcClient (RpcClient.java:createBucket(686)) - Creating Bucket: e5fbb031-13a6-4c58-b8ab-84bbab83f17c/ca56ae64-d18c-4dfc-a574-68b5c9ac9399, with bucket layout OBJECT_STORE, runner as owner, Versioning false, Storage Type set to DISK and Encryption set to false, Replication Type set to server-side default replication type, Namespace Quota set to -1, Space Quota set to -1 
2025-10-20 19:51:34,558 [om1-OMStateMachineApplyTransactionThread - 0] INFO  bucket.OMBucketCreateRequest (OMBucketCreateRequest.java:validateAndUpdateCache(303)) - created bucket: ca56ae64-d18c-4dfc-a574-68b5c9ac9399 of layout OBJECT_STORE in volume: e5fbb031-13a6-4c58-b8ab-84bbab83f17c
2025-10-20 19:51:34,558 | INFO  | OMAudit | user=runner | ip=127.0.0.1 | op=CREATE_BUCKET {"volume":"e5fbb031-13a6-4c58-b8ab-84bbab83f17c","bucket":"ca56ae64-d18c-4dfc-a574-68b5c9ac9399","bucketLayout":"OBJECT_STORE","gdprEnabled":null,"acls":"[user:runner:a[ACCESS], group:runner:rl[ACCESS]]","isVersionEnabled":"false","storageType":"DISK","creationTime":"1760989894557","bucketEncryptionKey":null,"modificationTime":"1760989894557","usedBytes":"0","usedNamespace":"0","snapshotUsedBytes":"0","snapshotUsedNamespace":"0","owner":"runner","replicationType":null,"replicationConfig":null,"quotaInBytes":"-1","quotaInNamespace":"-1","Transaction":"789"} | ret=SUCCESS |  
2025-10-20 19:51:34,560 | INFO  | OMAudit | user=runner | ip=127.0.0.1 | op=READ_BUCKET {"volume":"e5fbb031-13a6-4c58-b8ab-84bbab83f17c","bucket":"ca56ae64-d18c-4dfc-a574-68b5c9ac9399"} | ret=SUCCESS |  
2025-10-20 19:51:34,561 | INFO  | OMAudit | user=runner | ip=127.0.0.1 | op=READ_BUCKET {"volume":"e5fbb031-13a6-4c58-b8ab-84bbab83f17c","bucket":"ca56ae64-d18c-4dfc-a574-68b5c9ac9399"} | ret=SUCCESS |  
2025-10-20 19:51:34,562 | INFO  | SCMAudit | user=runner | ip=127.0.0.1 | op=ALLOCATE_BLOCK {"replication":"RATIS/ONE","owner":"omServiceIdDefault","size":"4194304","sampleBlocks":"[conID: 5 locID: 115816896921600215]","num":"1","client":"","allocated":"1"} | ret=SUCCESS |  
2025-10-20 19:51:34,563 | INFO  | OMAudit | user=runner | ip=127.0.0.1 | op=ALLOCATE_KEY {"volume":"e5fbb031-13a6-4c58-b8ab-84bbab83f17c","bucket":"ca56ae64-d18c-4dfc-a574-68b5c9ac9399","key":"dir/file1","dataSize":"12","replicationType":"RATIS","replicationFactor":"ONE","Transaction":"790"} | ret=SUCCESS |  
2025-10-20 19:51:34,574 | INFO  | OMAudit | user=runner | ip=127.0.0.1 | op=COMMIT_KEY {"volume":"e5fbb031-13a6-4c58-b8ab-84bbab83f17c","bucket":"ca56ae64-d18c-4dfc-a574-68b5c9ac9399","key":"dir/file1","dataSize":"12","replicationType":"RATIS","replicationFactor":"ONE","Transaction":"791"} | ret=SUCCESS |  
2025-10-20 19:51:34,576 | INFO  | OMAudit | user=runner | ip=127.0.0.1 | op=READ_KEY {"volume":"e5fbb031-13a6-4c58-b8ab-84bbab83f17c","bucket":"ca56ae64-d18c-4dfc-a574-68b5c9ac9399","key":"dir/file1","owner":null,"dataSize":"0","replicationConfig":null} | ret=SUCCESS |  
2025-10-20 19:51:34,578 [om1-OMStateMachineApplyTransactionThread - 0] ERROR key.OMKeysRenameRequest (OMKeysRenameRequest.java:validateAndUpdateCache(190)) - Received a request to rename a Key does not exist /e5fbb031-13a6-4c58-b8ab-84bbab83f17c/ca56ae64-d18c-4dfc-a574-68b5c9ac9399/dir/file2
2025-10-20 19:51:34,579 | INFO  | OMAudit | user=runner | ip=127.0.0.1 | op=RENAME_KEYS {"volume":"e5fbb031-13a6-4c58-b8ab-84bbab83f17c","bucket":"ca56ae64-d18c-4dfc-a574-68b5c9ac9399","renamedKeysMap":"{dir/file1=dir/key1}","unRenamedKeysMap":"{dir/file2=dir/key2}","Transaction":"792"} | ret=SUCCESS |  
2025-10-20 19:51:34,580 | INFO  | OMAudit | user=runner | ip=127.0.0.1 | op=READ_KEY {"volume":"e5fbb031-13a6-4c58-b8ab-84bbab83f17c","bucket":"ca56ae64-d18c-4dfc-a574-68b5c9ac9399","key":"dir/key1","owner":null,"dataSize":"0","replicationConfig":null} | ret=SUCCESS |  
2025-10-20 19:51:34,582 | ERROR | OMAudit | user=runner | ip=127.0.0.1 | op=READ_KEY {"volume":"e5fbb031-13a6-4c58-b8ab-84bbab83f17c","bucket":"ca56ae64-d18c-4dfc-a574-68b5c9ac9399","key":"dir/file2","owner":null,"dataSize":"0","replicationConfig":null} | ret=FAILURE | 
org.apache.hadoop.ozone.om.exceptions.OMException: Key:dir/file2 not found
	at org.apache.hadoop.ozone.om.KeyManagerImpl.readKeyInfo(KeyManagerImpl.java:614)
	at org.apache.hadoop.ozone.om.KeyManagerImpl.lambda$22(KeyManagerImpl.java:2340)
 
]]></system-out>
  </testcase>
  <testcase name="testListBucket" classname="org.apache.hadoop.ozone.client.rpc.TestSecureOzoneRpcClient" time="0.273">
    <system-out><![CDATA[2025-10-20 19:51:34,584 [ForkJoinPool-1-worker-1] INFO  rpc.RpcClient (RpcClient.java:createVolume(461)) - Creating Volume: vol-a-34073, with runner as owner and space quota set to -1 bytes, counts quota set to -1
2025-10-20 19:51:34,585 [om1-OMStateMachineApplyTransactionThread - 0] INFO  volume.OMVolumeCreateRequest (OMVolumeCreateRequest.java:validateAndUpdateCache(213)) - created volume:vol-a-34073 for user:runner
2025-10-20 19:51:34,585 | INFO  | OMAudit | user=runner | ip=127.0.0.1 | op=CREATE_VOLUME {"admin":"runner","owner":"runner","volume":"vol-a-34073","creationTime":"1760989894584","modificationTime":"1760989894584","quotaInBytes":"-1","quotaInNamespace":"-1","usedNamespace":"0","objectID":"-9223372036854572800","updateID":"793","Transaction":"793"} | ret=SUCCESS |  
2025-10-20 19:51:34,586 [ForkJoinPool-1-worker-1] INFO  rpc.RpcClient (RpcClient.java:createVolume(461)) - Creating Volume: vol-b-53033, with runner as owner and space quota set to -1 bytes, counts quota set to -1
2025-10-20 19:51:34,588 [om1-OMStateMachineApplyTransactionThread - 0] INFO  volume.OMVolumeCreateRequest (OMVolumeCreateRequest.java:validateAndUpdateCache(213)) - created volume:vol-b-53033 for user:runner
2025-10-20 19:51:34,588 | INFO  | OMAudit | user=runner | ip=127.0.0.1 | op=CREATE_VOLUME {"admin":"runner","owner":"runner","volume":"vol-b-53033","creationTime":"1760989894587","modificationTime":"1760989894587","quotaInBytes":"-1","quotaInNamespace":"-1","usedNamespace":"0","objectID":"-9223372036854572544","updateID":"794","Transaction":"794"} | ret=SUCCESS |  
2025-10-20 19:51:34,589 | INFO  | OMAudit | user=runner | ip=127.0.0.1 | op=READ_VOLUME {"volume":"vol-a-34073"} | ret=SUCCESS |  
2025-10-20 19:51:34,589 | INFO  | OMAudit | user=runner | ip=127.0.0.1 | op=READ_VOLUME {"volume":"vol-b-53033"} | ret=SUCCESS |  
2025-10-20 19:51:34,590 [ForkJoinPool-1-worker-1] INFO  rpc.RpcClient (RpcClient.java:createBucket(686)) - Creating Bucket: vol-a-34073/bucket-a-0-18906, with server-side default bucket layout, runner as owner, Versioning false, Storage Type set to DISK and Encryption set to false, Replication Type set to server-side default replication type, Namespace Quota set to -1, Space Quota set to -1 
2025-10-20 19:51:34,592 [om1-OMStateMachineApplyTransactionThread - 0] INFO  bucket.OMBucketCreateRequest (OMBucketCreateRequest.java:validateAndUpdateCache(303)) - created bucket: bucket-a-0-18906 of layout FILE_SYSTEM_OPTIMIZED in volume: vol-a-34073
2025-10-20 19:51:34,592 | INFO  | OMAudit | user=runner | ip=127.0.0.1 | op=CREATE_BUCKET {"volume":"vol-a-34073","bucket":"bucket-a-0-18906","bucketLayout":"FILE_SYSTEM_OPTIMIZED","gdprEnabled":null,"acls":"[user:runner:a[ACCESS], group:runner:rl[ACCESS]]","isVersionEnabled":"false","storageType":"DISK","creationTime":"1760989894591","bucketEncryptionKey":null,"modificationTime":"1760989894591","usedBytes":"0","usedNamespace":"0","snapshotUsedBytes":"0","snapshotUsedNamespace":"0","owner":"runner","replicationType":null,"replicationConfig":null,"quotaInBytes":"-1","quotaInNamespace":"-1","Transaction":"795"} | ret=SUCCESS |  
2025-10-20 19:51:34,610 [om1-OMStateMachineApplyTransactionThread - 0] INFO  snapshot.OMSnapshotCreateRequest (OMSnapshotCreateRequest.java:validateAndUpdateCache(228)) - Created snapshot: 's20251020-195134.602' with snapshotId: 'edf8886f-34c3-4a5f-8b6e-5c857afcb3e3' under path 'vol-a-34073/bucket-a-0-18906'
2025-10-20 19:51:34,610 | INFO  | OMAudit | user=runner | ip=127.0.0.1 | op=CREATE_SNAPSHOT {"volume":"vol-a-34073","bucket":"bucket-a-0-18906","snapshotName":"s20251020-195134.602","Transaction":"796"} | ret=SUCCESS |  
2025-10-20 19:51:34,613 [ForkJoinPool-1-worker-1] INFO  rpc.RpcClient (RpcClient.java:createBucket(686)) - Creating Bucket: vol-b-53033/bucket-a-0-91989, with server-side default bucket layout, runner as owner, Versioning false, Storage Type set to DISK and Encryption set to false, Replication Type set to server-side default replication type, Namespace Quota set to -1, Space Quota set to -1 
2025-10-20 19:51:34,616 [om1-OMStateMachineApplyTransactionThread - 0] INFO  bucket.OMBucketCreateRequest (OMBucketCreateRequest.java:validateAndUpdateCache(303)) - created bucket: bucket-a-0-91989 of layout FILE_SYSTEM_OPTIMIZED in volume: vol-b-53033
2025-10-20 19:51:34,616 | INFO  | OMAudit | user=runner | ip=127.0.0.1 | op=CREATE_BUCKET {"volume":"vol-b-53033","bucket":"bucket-a-0-91989","bucketLayout":"FILE_SYSTEM_OPTIMIZED","gdprEnabled":null,"acls":"[user:runner:a[ACCESS], group:runner:rl[ACCESS]]","isVersionEnabled":"false","storageType":"DISK","creationTime":"1760989894615","bucketEncryptionKey":null,"modificationTime":"1760989894615","usedBytes":"0","usedNamespace":"0","snapshotUsedBytes":"0","snapshotUsedNamespace":"0","owner":"runner","replicationType":null,"replicationConfig":null,"quotaInBytes":"-1","quotaInNamespace":"-1","Transaction":"797"} | ret=SUCCESS |  
2025-10-20 19:51:34,620 [om1-OMStateMachineApplyTransactionThread - 0] INFO  snapshot.OMSnapshotCreateRequest (OMSnapshotCreateRequest.java:validateAndUpdateCache(228)) - Created snapshot: 's20251020-195134.619' with snapshotId: 'fdf73b9d-5228-4cdf-9bdd-07950b582d66' under path 'vol-b-53033/bucket-a-0-91989'
2025-10-20 19:51:34,620 | INFO  | OMAudit | user=runner | ip=127.0.0.1 | op=CREATE_SNAPSHOT {"volume":"vol-b-53033","bucket":"bucket-a-0-91989","snapshotName":"s20251020-195134.619","Transaction":"798"} | ret=SUCCESS |  
2025-10-20 19:51:34,623 [ForkJoinPool-1-worker-1] INFO  rpc.RpcClient (RpcClient.java:createBucket(686)) - Creating Bucket: vol-a-34073/bucket-a-1-90981, with server-side default bucket layout, runner as owner, Versioning false, Storage Type set to DISK and Encryption set to false, Replication Type set to server-side default replication type, Namespace Quota set to -1, Space Quota set to -1 
2025-10-20 19:51:34,626 [om1-OMStateMachineApplyTransactionThread - 0] INFO  bucket.OMBucketCreateRequest (OMBucketCreateRequest.java:validateAndUpdateCache(303)) - created bucket: bucket-a-1-90981 of layout FILE_SYSTEM_OPTIMIZED in volume: vol-a-34073
2025-10-20 19:51:34,626 | INFO  | OMAudit | user=runner | ip=127.0.0.1 | op=CREATE_BUCKET {"volume":"vol-a-34073","bucket":"bucket-a-1-90981","bucketLayout":"FILE_SYSTEM_OPTIMIZED","gdprEnabled":null,"acls":"[user:runner:a[ACCESS], group:runner:rl[ACCESS]]","isVersionEnabled":"false","storageType":"DISK","creationTime":"1760989894625","bucketEncryptionKey":null,"modificationTime":"1760989894625","usedBytes":"0","usedNamespace":"0","snapshotUsedBytes":"0","snapshotUsedNamespace":"0","owner":"runner","replicationType":null,"replicationConfig":null,"quotaInBytes":"-1","quotaInNamespace":"-1","Transaction":"799"} | ret=SUCCESS |  
2025-10-20 19:51:34,628 [om1-OMStateMachineApplyTransactionThread - 0] INFO  snapshot.OMSnapshotCreateRequest (OMSnapshotCreateRequest.java:validateAndUpdateCache(228)) - Created snapshot: 's20251020-195134.627' with snapshotId: 'bdc5124c-31fe-4565-98ff-9024731edc02' under path 'vol-a-34073/bucket-a-1-90981'
2025-10-20 19:51:34,629 | INFO  | OMAudit | user=runner | ip=127.0.0.1 | op=CREATE_SNAPSHOT {"volume":"vol-a-34073","bucket":"bucket-a-1-90981","snapshotName":"s20251020-195134.627","Transaction":"800"} | ret=SUCCESS |  
2025-10-20 19:51:34,630 [ForkJoinPool-1-worker-1] INFO  rpc.RpcClient (RpcClient.java:createBucket(686)) - Creating Bucket: vol-b-53033/bucket-a-1-97965, with server-side default bucket layout, runner as owner, Versioning false, Storage Type set to DISK and Encryption set to false, Replication Type set to server-side default replication type, Namespace Quota set to -1, Space Quota set to -1 
2025-10-20 19:51:34,633 [om1-OMStateMachineApplyTransactionThread - 0] INFO  bucket.OMBucketCreateRequest (OMBucketCreateRequest.java:validateAndUpdateCache(303)) - created bucket: bucket-a-1-97965 of layout FILE_SYSTEM_OPTIMIZED in volume: vol-b-53033
2025-10-20 19:51:34,633 | INFO  | OMAudit | user=runner | ip=127.0.0.1 | op=CREATE_BUCKET {"volume":"vol-b-53033","bucket":"bucket-a-1-97965","bucketLayout":"FILE_SYSTEM_OPTIMIZED","gdprEnabled":null,"acls":"[user:runner:a[ACCESS], group:runner:rl[ACCESS]]","isVersionEnabled":"false","storageType":"DISK","creationTime":"1760989894631","bucketEncryptionKey":null,"modificationTime":"1760989894631","usedBytes":"0","usedNamespace":"0","snapshotUsedBytes":"0","snapshotUsedNamespace":"0","owner":"runner","replicationType":null,"replicationConfig":null,"quotaInBytes":"-1","quotaInNamespace":"-1","Transaction":"801"} | ret=SUCCESS |  
2025-10-20 19:51:34,636 [om1-OMStateMachineApplyTransactionThread - 0] INFO  snapshot.OMSnapshotCreateRequest (OMSnapshotCreateRequest.java:validateAndUpdateCache(228)) - Created snapshot: 's20251020-195134.635' with snapshotId: '6a06207c-951f-4670-8ff1-502b5c49ca46' under path 'vol-b-53033/bucket-a-1-97965'
2025-10-20 19:51:34,637 | INFO  | OMAudit | user=runner | ip=127.0.0.1 | op=CREATE_SNAPSHOT {"volume":"vol-b-53033","bucket":"bucket-a-1-97965","snapshotName":"s20251020-195134.635","Transaction":"802"} | ret=SUCCESS |  
2025-10-20 19:51:34,638 [ForkJoinPool-1-worker-1] INFO  rpc.RpcClient (RpcClient.java:createBucket(686)) - Creating Bucket: vol-a-34073/bucket-a-2-13331, with server-side default bucket layout, runner as owner, Versioning false, Storage Type set to DISK and Encryption set to false, Replication Type set to server-side default replication type, Namespace Quota set to -1, Space Quota set to -1 
2025-10-20 19:51:34,640 [om1-OMStateMachineApplyTransactionThread - 0] INFO  bucket.OMBucketCreateRequest (OMBucketCreateRequest.java:validateAndUpdateCache(303)) - created bucket: bucket-a-2-13331 of layout FILE_SYSTEM_OPTIMIZED in volume: vol-a-34073
2025-10-20 19:51:34,640 | INFO  | OMAudit | user=runner | ip=127.0.0.1 | op=CREATE_BUCKET {"volume":"vol-a-34073","bucket":"bucket-a-2-13331","bucketLayout":"FILE_SYSTEM_OPTIMIZED","gdprEnabled":null,"acls":"[user:runner:a[ACCESS], group:runner:rl[ACCESS]]","isVersionEnabled":"false","storageType":"DISK","creationTime":"1760989894639","bucketEncryptionKey":null,"modificationTime":"1760989894639","usedBytes":"0","usedNamespace":"0","snapshotUsedBytes":"0","snapshotUsedNamespace":"0","owner":"runner","replicationType":null,"replicationConfig":null,"quotaInBytes":"-1","quotaInNamespace":"-1","Transaction":"803"} | ret=SUCCESS |  
2025-10-20 19:51:34,643 [om1-OMStateMachineApplyTransactionThread - 0] INFO  snapshot.OMSnapshotCreateRequest (OMSnapshotCreateRequest.java:validateAndUpdateCache(228)) - Created snapshot: 's20251020-195134.642' with snapshotId: '0f76c13a-e1cc-4915-a5f4-3b1870ec6ecd' under path 'vol-a-34073/bucket-a-2-13331'
2025-10-20 19:51:34,643 | INFO  | OMAudit | user=runner | ip=127.0.0.1 | op=CREATE_SNAPSHOT {"volume":"vol-a-34073","bucket":"bucket-a-2-13331","snapshotName":"s20251020-195134.642","Transaction":"804"} | ret=SUCCESS |  
2025-10-20 19:51:34,644 [ForkJoinPool-1-worker-1] INFO  rpc.RpcClient (RpcClient.java:createBucket(686)) - Creating Bucket: vol-b-53033/bucket-a-2-77799, with server-side default bucket layout, runner as owner, Versioning false, Storage Type set to DISK and Encryption set to false, Replication Type set to server-side default replication type, Namespace Quota set to -1, Space Quota set to -1 
2025-10-20 19:51:34,645 [om1-OMStateMachineApplyTransactionThread - 0] INFO  bucket.OMBucketCreateRequest (OMBucketCreateRequest.java:validateAndUpdateCache(303)) - created bucket: bucket-a-2-77799 of layout FILE_SYSTEM_OPTIMIZED in volume: vol-b-53033
2025-10-20 19:51:34,646 | INFO  | OMAudit | user=runner | ip=127.0.0.1 | op=CREATE_BUCKET {"volume":"vol-b-53033","bucket":"bucket-a-2-77799","bucketLayout":"FILE_SYSTEM_OPTIMIZED","gdprEnabled":null,"acls":"[user:runner:a[ACCESS], group:runner:rl[ACCESS]]","isVersionEnabled":"false","storageType":"DISK","creationTime":"1760989894645","bucketEncryptionKey":null,"modificationTime":"1760989894645","usedBytes":"0","usedNamespace":"0","snapshotUsedBytes":"0","snapshotUsedNamespace":"0","owner":"runner","replicationType":null,"replicationConfig":null,"quotaInBytes":"-1","quotaInNamespace":"-1","Transaction":"805"} | ret=SUCCESS |  
2025-10-20 19:51:34,648 | INFO  | SCMAudit | user=runner | ip=127.0.0.1 | op=SEND_HEARTBEAT {"datanodeUUID":"4f2bb3f5-0e03-4f1b-bb4c-79c91b98c7da","term":"2","command":"[]"} | ret=SUCCESS |  
2025-10-20 19:51:34,648 | INFO  | SCMAudit | user=runner | ip=127.0.0.1 | op=SEND_HEARTBEAT {"datanodeUUID":"cc7fbe85-1d98-437b-84f9-04213fee10f0","term":"2","command":"[]"} | ret=SUCCESS |  
2025-10-20 19:51:34,649 [om1-OMStateMachineApplyTransactionThread - 0] INFO  snapshot.OMSnapshotCreateRequest (OMSnapshotCreateRequest.java:validateAndUpdateCache(228)) - Created snapshot: 's20251020-195134.647' with snapshotId: '26fcc7d4-00e5-4d53-8a72-6eff2961a873' under path 'vol-b-53033/bucket-a-2-77799'
2025-10-20 19:51:34,650 | INFO  | SCMAudit | user=runner | ip=127.0.0.1 | op=SEND_HEARTBEAT {"datanodeUUID":"605be85e-a7f4-44d7-8cfd-f53001b990b0","term":"2","command":"[]"} | ret=SUCCESS |  
2025-10-20 19:51:34,650 | INFO  | OMAudit | user=runner | ip=127.0.0.1 | op=CREATE_SNAPSHOT {"volume":"vol-b-53033","bucket":"bucket-a-2-77799","snapshotName":"s20251020-195134.647","Transaction":"806"} | ret=SUCCESS |  
2025-10-20 19:51:34,652 [ForkJoinPool-1-worker-1] INFO  rpc.RpcClient (RpcClient.java:createBucket(686)) - Creating Bucket: vol-a-34073/bucket-a-3-19938, with server-side default bucket layout, runner as owner, Versioning false, Storage Type set to DISK and Encryption set to false, Replication Type set to server-side default replication type, Namespace Quota set to -1, Space Quota set to -1 
2025-10-20 19:51:34,654 [om1-OMStateMachineApplyTransactionThread - 0] INFO  bucket.OMBucketCreateRequest (OMBucketCreateRequest.java:validateAndUpdateCache(303)) - created bucket: bucket-a-3-19938 of layout FILE_SYSTEM_OPTIMIZED in volume: vol-a-34073
2025-10-20 19:51:34,654 | INFO  | OMAudit | user=runner | ip=127.0.0.1 | op=CREATE_BUCKET {"volume":"vol-a-34073","bucket":"bucket-a-3-19938","bucketLayout":"FILE_SYSTEM_OPTIMIZED","gdprEnabled":null,"acls":"[user:runner:a[ACCESS], group:runner:rl[ACCESS]]","isVersionEnabled":"false","storageType":"DISK","creationTime":"1760989894653","bucketEncryptionKey":null,"modificationTime":"1760989894653","usedBytes":"0","usedNamespace":"0","snapshotUsedBytes":"0","snapshotUsedNamespace":"0","owner":"runner","replicationType":null,"replicationConfig":null,"quotaInBytes":"-1","quotaInNamespace":"-1","Transaction":"807"} | ret=SUCCESS |  
2025-10-20 19:51:34,657 [om1-OMStateMachineApplyTransactionThread - 0] INFO  snapshot.OMSnapshotCreateRequest (OMSnapshotCreateRequest.java:validateAndUpdateCache(228)) - Created snapshot: 's20251020-195134.656' with snapshotId: '00b7eb45-b021-439f-b651-61836298dec3' under path 'vol-a-34073/bucket-a-3-19938'
2025-10-20 19:51:34,657 | INFO  | OMAudit | user=runner | ip=127.0.0.1 | op=CREATE_SNAPSHOT {"volume":"vol-a-34073","bucket":"bucket-a-3-19938","snapshotName":"s20251020-195134.656","Transaction":"808"} | ret=SUCCESS |  
2025-10-20 19:51:34,658 [ForkJoinPool-1-worker-1] INFO  rpc.RpcClient (RpcClient.java:createBucket(686)) - Creating Bucket: vol-b-53033/bucket-a-3-87122, with server-side default bucket layout, runner as owner, Versioning false, Storage Type set to DISK and Encryption set to false, Replication Type set to server-side default replication type, Namespace Quota set to -1, Space Quota set to -1 
2025-10-20 19:51:34,660 [om1-OMStateMachineApplyTransactionThread - 0] INFO  bucket.OMBucketCreateRequest (OMBucketCreateRequest.java:validateAndUpdateCache(303)) - created bucket: bucket-a-3-87122 of layout FILE_SYSTEM_OPTIMIZED in volume: vol-b-53033
2025-10-20 19:51:34,661 | INFO  | OMAudit | user=runner | ip=127.0.0.1 | op=CREATE_BUCKET {"volume":"vol-b-53033","bucket":"bucket-a-3-87122","bucketLayout":"FILE_SYSTEM_OPTIMIZED","gdprEnabled":null,"acls":"[user:runner:a[ACCESS], group:runner:rl[ACCESS]]","isVersionEnabled":"false","storageType":"DISK","creationTime":"1760989894659","bucketEncryptionKey":null,"modificationTime":"1760989894659","usedBytes":"0","usedNamespace":"0","snapshotUsedBytes":"0","snapshotUsedNamespace":"0","owner":"runner","replicationType":null,"replicationConfig":null,"quotaInBytes":"-1","quotaInNamespace":"-1","Transaction":"809"} | ret=SUCCESS |  
2025-10-20 19:51:34,664 [om1-OMStateMachineApplyTransactionThread - 0] INFO  snapshot.OMSnapshotCreateRequest (OMSnapshotCreateRequest.java:validateAndUpdateCache(228)) - Created snapshot: 's20251020-195134.663' with snapshotId: 'fd1fd55b-7842-4432-8440-c5c5602edbef' under path 'vol-b-53033/bucket-a-3-87122'
2025-10-20 19:51:34,665 | INFO  | OMAudit | user=runner | ip=127.0.0.1 | op=CREATE_SNAPSHOT {"volume":"vol-b-53033","bucket":"bucket-a-3-87122","snapshotName":"s20251020-195134.663","Transaction":"810"} | ret=SUCCESS |  
2025-10-20 19:51:34,666 [ForkJoinPool-1-worker-1] INFO  rpc.RpcClient (RpcClient.java:createBucket(686)) - Creating Bucket: vol-a-34073/bucket-a-4-95979, with server-side default bucket layout, runner as owner, Versioning false, Storage Type set to DISK and Encryption set to false, Replication Type set to server-side default replication type, Namespace Quota set to -1, Space Quota set to -1 
2025-10-20 19:51:34,667 [om1-OMStateMachineApplyTransactionThread - 0] INFO  bucket.OMBucketCreateRequest (OMBucketCreateRequest.java:validateAndUpdateCache(303)) - created bucket: bucket-a-4-95979 of layout FILE_SYSTEM_OPTIMIZED in volume: vol-a-34073
2025-10-20 19:51:34,668 | INFO  | OMAudit | user=runner | ip=127.0.0.1 | op=CREATE_BUCKET {"volume":"vol-a-34073","bucket":"bucket-a-4-95979","bucketLayout":"FILE_SYSTEM_OPTIMIZED","gdprEnabled":null,"acls":"[user:runner:a[ACCESS], group:runner:rl[ACCESS]]","isVersionEnabled":"false","storageType":"DISK","creationTime":"1760989894666","bucketEncryptionKey":null,"modificationTime":"1760989894666","usedBytes":"0","usedNamespace":"0","snapshotUsedBytes":"0","snapshotUsedNamespace":"0","owner":"runner","replicationType":null,"replicationConfig":null,"quotaInBytes":"-1","quotaInNamespace":"-1","Transaction":"811"} | ret=SUCCESS |  
2025-10-20 19:51:34,670 [om1-OMStateMachineApplyTransactionThread - 0] INFO  snapshot.OMSnapshotCreateRequest (OMSnapshotCreateRequest.java:validateAndUpdateCache(228)) - Created snapshot: 's20251020-195134.669' with snapshotId: 'a807330c-e192-4660-9e5b-c507d0c1c03b' under path 'vol-a-34073/bucket-a-4-95979'
2025-10-20 19:51:34,670 | INFO  | OMAudit | user=runner | ip=127.0.0.1 | op=CREATE_SNAPSHOT {"volume":"vol-a-34073","bucket":"bucket-a-4-95979","snapshotName":"s20251020-195134.669","Transaction":"812"} | ret=SUCCESS |  
2025-10-20 19:51:34,671 [ForkJoinPool-1-worker-1] INFO  rpc.RpcClient (RpcClient.java:createBucket(686)) - Creating Bucket: vol-b-53033/bucket-a-4-16667, with server-side default bucket layout, runner as owner, Versioning false, Storage Type set to DISK and Encryption set to false, Replication Type set to server-side default replication type, Namespace Quota set to -1, Space Quota set to -1 
2025-10-20 19:51:34,673 [om1-OMStateMachineApplyTransactionThread - 0] INFO  bucket.OMBucketCreateRequest (OMBucketCreateRequest.java:validateAndUpdateCache(303)) - created bucket: bucket-a-4-16667 of layout FILE_SYSTEM_OPTIMIZED in volume: vol-b-53033
2025-10-20 19:51:34,674 | INFO  | OMAudit | user=runner | ip=127.0.0.1 | op=CREATE_BUCKET {"volume":"vol-b-53033","bucket":"bucket-a-4-16667","bucketLayout":"FILE_SYSTEM_OPTIMIZED","gdprEnabled":null,"acls":"[user:runner:a[ACCESS], group:runner:rl[ACCESS]]","isVersionEnabled":"false","storageType":"DISK","creationTime":"1760989894672","bucketEncryptionKey":null,"modificationTime":"1760989894672","usedBytes":"0","usedNamespace":"0","snapshotUsedBytes":"0","snapshotUsedNamespace":"0","owner":"runner","replicationType":null,"replicationConfig":null,"quotaInBytes":"-1","quotaInNamespace":"-1","Transaction":"813"} | ret=SUCCESS |  
2025-10-20 19:51:34,677 [om1-OMStateMachineApplyTransactionThread - 0] INFO  snapshot.OMSnapshotCreateRequest (OMSnapshotCreateRequest.java:validateAndUpdateCache(228)) - Created snapshot: 's20251020-195134.676' with snapshotId: '58256e8b-6173-4fe5-b3a8-1589b6a30c9f' under path 'vol-b-53033/bucket-a-4-16667'
2025-10-20 19:51:34,677 | INFO  | OMAudit | user=runner | ip=127.0.0.1 | op=CREATE_SNAPSHOT {"volume":"vol-b-53033","bucket":"bucket-a-4-16667","snapshotName":"s20251020-195134.676","Transaction":"814"} | ret=SUCCESS |  
2025-10-20 19:51:34,678 [ForkJoinPool-1-worker-1] INFO  rpc.RpcClient (RpcClient.java:createBucket(686)) - Creating Bucket: vol-a-34073/bucket-a-5-14932, with server-side default bucket layout, runner as owner, Versioning false, Storage Type set to DISK and Encryption set to false, Replication Type set to server-side default replication type, Namespace Quota set to -1, Space Quota set to -1 
2025-10-20 19:51:34,679 [om1-OMStateMachineApplyTransactionThread - 0] INFO  bucket.OMBucketCreateRequest (OMBucketCreateRequest.java:validateAndUpdateCache(303)) - created bucket: bucket-a-5-14932 of layout FILE_SYSTEM_OPTIMIZED in volume: vol-a-34073
2025-10-20 19:51:34,679 | INFO  | OMAudit | user=runner | ip=127.0.0.1 | op=CREATE_BUCKET {"volume":"vol-a-34073","bucket":"bucket-a-5-14932","bucketLayout":"FILE_SYSTEM_OPTIMIZED","gdprEnabled":null,"acls":"[user:runner:a[ACCESS], group:runner:rl[ACCESS]]","isVersionEnabled":"false","storageType":"DISK","creationTime":"1760989894678","bucketEncryptionKey":null,"modificationTime":"1760989894678","usedBytes":"0","usedNamespace":"0","snapshotUsedBytes":"0","snapshotUsedNamespace":"0","owner":"runner","replicationType":null,"replicationConfig":null,"quotaInBytes":"-1","quotaInNamespace":"-1","Transaction":"815"} | ret=SUCCESS |  
2025-10-20 19:51:34,682 [om1-OMStateMachineApplyTransactionThread - 0] INFO  snapshot.OMSnapshotCreateRequest (OMSnapshotCreateRequest.java:validateAndUpdateCache(228)) - Created snapshot: 's20251020-195134.681' with snapshotId: '1f44ee0d-ad64-4330-b70a-e12865fc0bfd' under path 'vol-a-34073/bucket-a-5-14932'
2025-10-20 19:51:34,682 | INFO  | OMAudit | user=runner | ip=127.0.0.1 | op=CREATE_SNAPSHOT {"volume":"vol-a-34073","bucket":"bucket-a-5-14932","snapshotName":"s20251020-195134.681","Transaction":"816"} | ret=SUCCESS |  
2025-10-20 19:51:34,683 [ForkJoinPool-1-worker-1] INFO  rpc.RpcClient (RpcClient.java:createBucket(686)) - Creating Bucket: vol-b-53033/bucket-a-5-34805, with server-side default bucket layout, runner as owner, Versioning false, Storage Type set to DISK and Encryption set to false, Replication Type set to server-side default replication type, Namespace Quota set to -1, Space Quota set to -1 
2025-10-20 19:51:34,685 [om1-OMStateMachineApplyTransactionThread - 0] INFO  bucket.OMBucketCreateRequest (OMBucketCreateRequest.java:validateAndUpdateCache(303)) - created bucket: bucket-a-5-34805 of layout FILE_SYSTEM_OPTIMIZED in volume: vol-b-53033
2025-10-20 19:51:34,685 | INFO  | OMAudit | user=runner | ip=127.0.0.1 | op=CREATE_BUCKET {"volume":"vol-b-53033","bucket":"bucket-a-5-34805","bucketLayout":"FILE_SYSTEM_OPTIMIZED","gdprEnabled":null,"acls":"[user:runner:a[ACCESS], group:runner:rl[ACCESS]]","isVersionEnabled":"false","storageType":"DISK","creationTime":"1760989894684","bucketEncryptionKey":null,"modificationTime":"1760989894684","usedBytes":"0","usedNamespace":"0","snapshotUsedBytes":"0","snapshotUsedNamespace":"0","owner":"runner","replicationType":null,"replicationConfig":null,"quotaInBytes":"-1","quotaInNamespace":"-1","Transaction":"817"} | ret=SUCCESS |  
2025-10-20 19:51:34,688 [om1-OMStateMachineApplyTransactionThread - 0] INFO  snapshot.OMSnapshotCreateRequest (OMSnapshotCreateRequest.java:validateAndUpdateCache(228)) - Created snapshot: 's20251020-195134.687' with snapshotId: '176174e1-9049-4ef2-a003-16cbacc34cf2' under path 'vol-b-53033/bucket-a-5-34805'
2025-10-20 19:51:34,688 | INFO  | OMAudit | user=runner | ip=127.0.0.1 | op=CREATE_SNAPSHOT {"volume":"vol-b-53033","bucket":"bucket-a-5-34805","snapshotName":"s20251020-195134.687","Transaction":"818"} | ret=SUCCESS |  
2025-10-20 19:51:34,690 [ForkJoinPool-1-worker-1] INFO  rpc.RpcClient (RpcClient.java:createBucket(686)) - Creating Bucket: vol-a-34073/bucket-a-6-12277, with server-side default bucket layout, runner as owner, Versioning false, Storage Type set to DISK and Encryption set to false, Replication Type set to server-side default replication type, Namespace Quota set to -1, Space Quota set to -1 
2025-10-20 19:51:34,693 [om1-OMStateMachineApplyTransactionThread - 0] INFO  bucket.OMBucketCreateRequest (OMBucketCreateRequest.java:validateAndUpdateCache(303)) - created bucket: bucket-a-6-12277 of layout FILE_SYSTEM_OPTIMIZED in volume: vol-a-34073
2025-10-20 19:51:34,693 | INFO  | OMAudit | user=runner | ip=127.0.0.1 | op=CREATE_BUCKET {"volume":"vol-a-34073","bucket":"bucket-a-6-12277","bucketLayout":"FILE_SYSTEM_OPTIMIZED","gdprEnabled":null,"acls":"[user:runner:a[ACCESS], group:runner:rl[ACCESS]]","isVersionEnabled":"false","storageType":"DISK","creationTime":"1760989894692","bucketEncryptionKey":null,"modificationTime":"1760989894692","usedBytes":"0","usedNamespace":"0","snapshotUsedBytes":"0","snapshotUsedNamespace":"0","owner":"runner","replicationType":null,"replicationConfig":null,"quotaInBytes":"-1","quotaInNamespace":"-1","Transaction":"819"} | ret=SUCCESS |  
2025-10-20 19:51:34,693 [om1-OMDoubleBufferFlushThread] INFO  db.RDBCheckpointManager (RDBCheckpointManager.java:createCheckpoint(87)) - Created checkpoint in rocksDB at /home/runner/work/ozone/ozone/hadoop-ozone/integration-test/target/test-dir/MiniOzoneClusterImpl-6935df51-69ff-4c35-8bd4-ed2b81d70e54/om/data/db.snapshots/checkpointState/om.db-edf8886f-34c3-4a5f-8b6e-5c857afcb3e3 in 79 milliseconds
2025-10-20 19:51:34,698 [om1-OMStateMachineApplyTransactionThread - 0] INFO  snapshot.OMSnapshotCreateRequest (OMSnapshotCreateRequest.java:validateAndUpdateCache(228)) - Created snapshot: 's20251020-195134.696' with snapshotId: 'e956e78d-7857-4a47-bd7e-de338da83b36' under path 'vol-a-34073/bucket-a-6-12277'
2025-10-20 19:51:34,698 | INFO  | OMAudit | user=runner | ip=127.0.0.1 | op=CREATE_SNAPSHOT {"volume":"vol-a-34073","bucket":"bucket-a-6-12277","snapshotName":"s20251020-195134.696","Transaction":"820"} | ret=SUCCESS |  
2025-10-20 19:51:34,698 [ForkJoinPool-1-worker-1] INFO  rpc.RpcClient (RpcClient.java:createBucket(686)) - Creating Bucket: vol-b-53033/bucket-a-6-17141, with server-side default bucket layout, runner as owner, Versioning false, Storage Type set to DISK and Encryption set to false, Replication Type set to server-side default replication type, Namespace Quota set to -1, Space Quota set to -1 
2025-10-20 19:51:34,700 [om1-OMStateMachineApplyTransactionThread - 0] INFO  bucket.OMBucketCreateRequest (OMBucketCreateRequest.java:validateAndUpdateCache(303)) - created bucket: bucket-a-6-17141 of layout FILE_SYSTEM_OPTIMIZED in volume: vol-b-53033
2025-10-20 19:51:34,700 | INFO  | OMAudit | user=runner | ip=127.0.0.1 | op=CREATE_BUCKET {"volume":"vol-b-53033","bucket":"bucket-a-6-17141","bucketLayout":"FILE_SYSTEM_OPTIMIZED","gdprEnabled":null,"acls":"[user:runner:a[ACCESS], group:runner:rl[ACCESS]]","isVersionEnabled":"false","storageType":"DISK","creationTime":"1760989894699","bucketEncryptionKey":null,"modificationTime":"1760989894699","usedBytes":"0","usedNamespace":"0","snapshotUsedBytes":"0","snapshotUsedNamespace":"0","owner":"runner","replicationType":null,"replicationConfig":null,"quotaInBytes":"-1","quotaInNamespace":"-1","Transaction":"821"} | ret=SUCCESS |  
2025-10-20 19:51:34,703 [om1-OMStateMachineApplyTransactionThread - 0] INFO  snapshot.OMSnapshotCreateRequest (OMSnapshotCreateRequest.java:validateAndUpdateCache(228)) - Created snapshot: 's20251020-195134.702' with snapshotId: 'fa7acbe1-47cf-4cfa-bbf0-c5c462dc3dbf' under path 'vol-b-53033/bucket-a-6-17141'
2025-10-20 19:51:34,704 | INFO  | OMAudit | user=runner | ip=127.0.0.1 | op=CREATE_SNAPSHOT {"volume":"vol-b-53033","bucket":"bucket-a-6-17141","snapshotName":"s20251020-195134.702","Transaction":"822"} | ret=SUCCESS |  
2025-10-20 19:51:34,705 [ForkJoinPool-1-worker-1] INFO  rpc.RpcClient (RpcClient.java:createBucket(686)) - Creating Bucket: vol-a-34073/bucket-a-7-17397, with server-side default bucket layout, runner as owner, Versioning false, Storage Type set to DISK and Encryption set to false, Replication Type set to server-side default replication type, Namespace Quota set to -1, Space Quota set to -1 
2025-10-20 19:51:34,707 [om1-OMStateMachineApplyTransactionThread - 0] INFO  bucket.OMBucketCreateRequest (OMBucketCreateRequest.java:validateAndUpdateCache(303)) - created bucket: bucket-a-7-17397 of layout FILE_SYSTEM_OPTIMIZED in volume: vol-a-34073
2025-10-20 19:51:34,707 | INFO  | OMAudit | user=runner | ip=127.0.0.1 | op=CREATE_BUCKET {"volume":"vol-a-34073","bucket":"bucket-a-7-17397","bucketLayout":"FILE_SYSTEM_OPTIMIZED","gdprEnabled":null,"acls":"[user:runner:a[ACCESS], group:runner:rl[ACCESS]]","isVersionEnabled":"false","storageType":"DISK","creationTime":"1760989894705","bucketEncryptionKey":null,"modificationTime":"1760989894705","usedBytes":"0","usedNamespace":"0","snapshotUsedBytes":"0","snapshotUsedNamespace":"0","owner":"runner","replicationType":null,"replicationConfig":null,"quotaInBytes":"-1","quotaInNamespace":"-1","Transaction":"823"} | ret=SUCCESS |  
2025-10-20 19:51:34,710 [om1-OMStateMachineApplyTransactionThread - 0] INFO  snapshot.OMSnapshotCreateRequest (OMSnapshotCreateRequest.java:validateAndUpdateCache(228)) - Created snapshot: 's20251020-195134.709' with snapshotId: '765bc996-a692-4422-be4e-76281e7daa74' under path 'vol-a-34073/bucket-a-7-17397'
2025-10-20 19:51:34,710 | INFO  | OMAudit | user=runner | ip=127.0.0.1 | op=CREATE_SNAPSHOT {"volume":"vol-a-34073","bucket":"bucket-a-7-17397","snapshotName":"s20251020-195134.709","Transaction":"824"} | ret=SUCCESS |  
2025-10-20 19:51:34,712 [ForkJoinPool-1-worker-1] INFO  rpc.RpcClient (RpcClient.java:createBucket(686)) - Creating Bucket: vol-b-53033/bucket-a-7-08470, with server-side default bucket layout, runner as owner, Versioning false, Storage Type set to DISK and Encryption set to false, Replication Type set to server-side default replication type, Namespace Quota set to -1, Space Quota set to -1 
2025-10-20 19:51:34,714 [om1-OMStateMachineApplyTransactionThread - 0] INFO  bucket.OMBucketCreateRequest (OMBucketCreateRequest.java:validateAndUpdateCache(303)) - created bucket: bucket-a-7-08470 of layout FILE_SYSTEM_OPTIMIZED in volume: vol-b-53033
2025-10-20 19:51:34,714 | INFO  | OMAudit | user=runner | ip=127.0.0.1 | op=CREATE_BUCKET {"volume":"vol-b-53033","bucket":"bucket-a-7-08470","bucketLayout":"FILE_SYSTEM_OPTIMIZED","gdprEnabled":null,"acls":"[user:runner:a[ACCESS], group:runner:rl[ACCESS]]","isVersionEnabled":"false","storageType":"DISK","creationTime":"1760989894713","bucketEncryptionKey":null,"modificationTime":"1760989894713","usedBytes":"0","usedNamespace":"0","snapshotUsedBytes":"0","snapshotUsedNamespace":"0","owner":"runner","replicationType":null,"replicationConfig":null,"quotaInBytes":"-1","quotaInNamespace":"-1","Transaction":"825"} | ret=SUCCESS |  
2025-10-20 19:51:34,717 [om1-OMStateMachineApplyTransactionThread - 0] INFO  snapshot.OMSnapshotCreateRequest (OMSnapshotCreateRequest.java:validateAndUpdateCache(228)) - Created snapshot: 's20251020-195134.715' with snapshotId: '185fd468-3415-4e69-91ea-7e0feab670ff' under path 'vol-b-53033/bucket-a-7-08470'
2025-10-20 19:51:34,717 | INFO  | OMAudit | user=runner | ip=127.0.0.1 | op=CREATE_SNAPSHOT {"volume":"vol-b-53033","bucket":"bucket-a-7-08470","snapshotName":"s20251020-195134.715","Transaction":"826"} | ret=SUCCESS |  
2025-10-20 19:51:34,718 [ForkJoinPool-1-worker-1] INFO  rpc.RpcClient (RpcClient.java:createBucket(686)) - Creating Bucket: vol-a-34073/bucket-a-8-64395, with server-side default bucket layout, runner as owner, Versioning false, Storage Type set to DISK and Encryption set to false, Replication Type set to server-side default replication type, Namespace Quota set to -1, Space Quota set to -1 
2025-10-20 19:51:34,722 [om1-OMStateMachineApplyTransactionThread - 0] INFO  bucket.OMBucketCreateRequest (OMBucketCreateRequest.java:validateAndUpdateCache(303)) - created bucket: bucket-a-8-64395 of layout FILE_SYSTEM_OPTIMIZED in volume: vol-a-34073
2025-10-20 19:51:34,722 | INFO  | OMAudit | user=runner | ip=127.0.0.1 | op=CREATE_BUCKET {"volume":"vol-a-34073","bucket":"bucket-a-8-64395","bucketLayout":"FILE_SYSTEM_OPTIMIZED","gdprEnabled":null,"acls":"[user:runner:a[ACCESS], group:runner:rl[ACCESS]]","isVersionEnabled":"false","storageType":"DISK","creationTime":"1760989894719","bucketEncryptionKey":null,"modificationTime":"1760989894719","usedBytes":"0","usedNamespace":"0","snapshotUsedBytes":"0","snapshotUsedNamespace":"0","owner":"runner","replicationType":null,"replicationConfig":null,"quotaInBytes":"-1","quotaInNamespace":"-1","Transaction":"827"} | ret=SUCCESS |  
2025-10-20 19:51:34,724 [om1-OMStateMachineApplyTransactionThread - 0] INFO  snapshot.OMSnapshotCreateRequest (OMSnapshotCreateRequest.java:validateAndUpdateCache(228)) - Created snapshot: 's20251020-195134.723' with snapshotId: '3011db16-4502-42b0-b4d5-1e86f5ac16c4' under path 'vol-a-34073/bucket-a-8-64395'
2025-10-20 19:51:34,724 | INFO  | OMAudit | user=runner | ip=127.0.0.1 | op=CREATE_SNAPSHOT {"volume":"vol-a-34073","bucket":"bucket-a-8-64395","snapshotName":"s20251020-195134.723","Transaction":"828"} | ret=SUCCESS |  
2025-10-20 19:51:34,725 | INFO  | SCMAudit | user=runner | ip=127.0.0.1 | op=SEND_HEARTBEAT {"datanodeUUID":"feb39a1c-80cb-4714-ab06-a361236e3029","term":"2","command":"[]"} | ret=SUCCESS |  
2025-10-20 19:51:34,725 [ForkJoinPool-1-worker-1] INFO  rpc.RpcClient (RpcClient.java:createBucket(686)) - Creating Bucket: vol-b-53033/bucket-a-8-72796, with server-side default bucket layout, runner as owner, Versioning false, Storage Type set to DISK and Encryption set to false, Replication Type set to server-side default replication type, Namespace Quota set to -1, Space Quota set to -1 
2025-10-20 19:51:34,726 [om1-OMStateMachineApplyTransactionThread - 0] INFO  bucket.OMBucketCreateRequest (OMBucketCreateRequest.java:validateAndUpdateCache(303)) - created bucket: bucket-a-8-72796 of layout FILE_SYSTEM_OPTIMIZED in volume: vol-b-53033
2025-10-20 19:51:34,727 | INFO  | OMAudit | user=runner | ip=127.0.0.1 | op=CREATE_BUCKET {"volume":"vol-b-53033","bucket":"bucket-a-8-72796","bucketLayout":"FILE_SYSTEM_OPTIMIZED","gdprEnabled":null,"acls":"[user:runner:a[ACCESS], group:runner:rl[ACCESS]]","isVersionEnabled":"false","storageType":"DISK","creationTime":"1760989894726","bucketEncryptionKey":null,"modificationTime":"1760989894726","usedBytes":"0","usedNamespace":"0","snapshotUsedBytes":"0","snapshotUsedNamespace":"0","owner":"runner","replicationType":null,"replicationConfig":null,"quotaInBytes":"-1","quotaInNamespace":"-1","Transaction":"829"} | ret=SUCCESS |  
2025-10-20 19:51:34,729 [om1-OMStateMachineApplyTransactionThread - 0] INFO  snapshot.OMSnapshotCreateRequest (OMSnapshotCreateRequest.java:validateAndUpdateCache(228)) - Created snapshot: 's20251020-195134.728' with snapshotId: '389713d2-82cc-4631-9afe-c85725d420b1' under path 'vol-b-53033/bucket-a-8-72796'
2025-10-20 19:51:34,729 | INFO  | OMAudit | user=runner | ip=127.0.0.1 | op=CREATE_SNAPSHOT {"volume":"vol-b-53033","bucket":"bucket-a-8-72796","snapshotName":"s20251020-195134.728","Transaction":"830"} | ret=SUCCESS |  
2025-10-20 19:51:34,730 [ForkJoinPool-1-worker-1] INFO  rpc.RpcClient (RpcClient.java:createBucket(686)) - Creating Bucket: vol-a-34073/bucket-a-9-00778, with server-side default bucket layout, runner as owner, Versioning false, Storage Type set to DISK and Encryption set to false, Replication Type set to server-side default replication type, Namespace Quota set to -1, Space Quota set to -1 
2025-10-20 19:51:34,733 [om1-OMStateMachineApplyTransactionThread - 0] INFO  bucket.OMBucketCreateRequest (OMBucketCreateRequest.java:validateAndUpdateCache(303)) - created bucket: bucket-a-9-00778 of layout FILE_SYSTEM_OPTIMIZED in volume: vol-a-34073
2025-10-20 19:51:34,733 | INFO  | OMAudit | user=runner | ip=127.0.0.1 | op=CREATE_BUCKET {"volume":"vol-a-34073","bucket":"bucket-a-9-00778","bucketLayout":"FILE_SYSTEM_OPTIMIZED","gdprEnabled":null,"acls":"[user:runner:a[ACCESS], group:runner:rl[ACCESS]]","isVersionEnabled":"false","storageType":"DISK","creationTime":"1760989894732","bucketEncryptionKey":null,"modificationTime":"1760989894732","usedBytes":"0","usedNamespace":"0","snapshotUsedBytes":"0","snapshotUsedNamespace":"0","owner":"runner","replicationType":null,"replicationConfig":null,"quotaInBytes":"-1","quotaInNamespace":"-1","Transaction":"831"} | ret=SUCCESS |  
2025-10-20 19:51:34,736 [om1-OMStateMachineApplyTransactionThread - 0] INFO  snapshot.OMSnapshotCreateRequest (OMSnapshotCreateRequest.java:validateAndUpdateCache(228)) - Created snapshot: 's20251020-195134.734' with snapshotId: 'e91dfba5-963c-4c01-9995-c095d31c1e93' under path 'vol-a-34073/bucket-a-9-00778'
2025-10-20 19:51:34,736 | INFO  | OMAudit | user=runner | ip=127.0.0.1 | op=CREATE_SNAPSHOT {"volume":"vol-a-34073","bucket":"bucket-a-9-00778","snapshotName":"s20251020-195134.734","Transaction":"832"} | ret=SUCCESS |  
2025-10-20 19:51:34,737 [ForkJoinPool-1-worker-1] INFO  rpc.RpcClient (RpcClient.java:createBucket(686)) - Creating Bucket: vol-b-53033/bucket-a-9-50641, with server-side default bucket layout, runner as owner, Versioning false, Storage Type set to DISK and Encryption set to false, Replication Type set to server-side default replication type, Namespace Quota set to -1, Space Quota set to -1 
2025-10-20 19:51:34,739 [om1-OMStateMachineApplyTransactionThread - 0] INFO  bucket.OMBucketCreateRequest (OMBucketCreateRequest.java:validateAndUpdateCache(303)) - created bucket: bucket-a-9-50641 of layout FILE_SYSTEM_OPTIMIZED in volume: vol-b-53033
2025-10-20 19:51:34,739 | INFO  | OMAudit | user=runner | ip=127.0.0.1 | op=CREATE_BUCKET {"volume":"vol-b-53033","bucket":"bucket-a-9-50641","bucketLayout":"FILE_SYSTEM_OPTIMIZED","gdprEnabled":null,"acls":"[user:runner:a[ACCESS], group:runner:rl[ACCESS]]","isVersionEnabled":"false","storageType":"DISK","creationTime":"1760989894738","bucketEncryptionKey":null,"modificationTime":"1760989894738","usedBytes":"0","usedNamespace":"0","snapshotUsedBytes":"0","snapshotUsedNamespace":"0","owner":"runner","replicationType":null,"replicationConfig":null,"quotaInBytes":"-1","quotaInNamespace":"-1","Transaction":"833"} | ret=SUCCESS |  
2025-10-20 19:51:34,740 | INFO  | SCMAudit | user=runner | ip=127.0.0.1 | op=SEND_HEARTBEAT {"datanodeUUID":"e05592a5-d00f-4fc1-9e39-a968c1ecb04e","term":"2","command":"[]"} | ret=SUCCESS |  
2025-10-20 19:51:34,742 [om1-OMStateMachineApplyTransactionThread - 0] INFO  snapshot.OMSnapshotCreateRequest (OMSnapshotCreateRequest.java:validateAndUpdateCache(228)) - Created snapshot: 's20251020-195134.741' with snapshotId: 'df4d45ba-0600-46db-83ae-53085a7c2ab9' under path 'vol-b-53033/bucket-a-9-50641'
2025-10-20 19:51:34,742 | INFO  | OMAudit | user=runner | ip=127.0.0.1 | op=CREATE_SNAPSHOT {"volume":"vol-b-53033","bucket":"bucket-a-9-50641","snapshotName":"s20251020-195134.741","Transaction":"834"} | ret=SUCCESS |  
2025-10-20 19:51:34,742 [ForkJoinPool-1-worker-1] INFO  rpc.RpcClient (RpcClient.java:createBucket(686)) - Creating Bucket: vol-a-34073/bucket-b-0-46773, with server-side default bucket layout, runner as owner, Versioning false, Storage Type set to DISK and Encryption set to false, Replication Type set to server-side default replication type, Namespace Quota set to -1, Space Quota set to -1 
2025-10-20 19:51:34,743 | INFO  | SCMAudit | user=runner | ip=127.0.0.1 | op=SEND_HEARTBEAT {"datanodeUUID":"33f74daf-be7a-4306-b2af-53e409c4cb93","term":"2","command":"[]"} | ret=SUCCESS |  
2025-10-20 19:51:34,744 [om1-OMStateMachineApplyTransactionThread - 0] INFO  bucket.OMBucketCreateRequest (OMBucketCreateRequest.java:validateAndUpdateCache(303)) - created bucket: bucket-b-0-46773 of layout FILE_SYSTEM_OPTIMIZED in volume: vol-a-34073
2025-10-20 19:51:34,744 | INFO  | OMAudit | user=runner | ip=127.0.0.1 | op=CREATE_BUCKET {"volume":"vol-a-34073","bucket":"bucket-b-0-46773","bucketLayout":"FILE_SYSTEM_OPTIMIZED","gdprEnabled":null,"acls":"[user:runner:a[ACCESS], group:runner:rl[ACCESS]]","isVersionEnabled":"false","storageType":"DISK","creationTime":"1760989894743","bucketEncryptionKey":null,"modificationTime":"1760989894743","usedBytes":"0","usedNamespace":"0","snapshotUsedBytes":"0","snapshotUsedNamespace":"0","owner":"runner","replicationType":null,"replicationConfig":null,"quotaInBytes":"-1","quotaInNamespace":"-1","Transaction":"835"} | ret=SUCCESS |  
2025-10-20 19:51:34,747 [om1-OMStateMachineApplyTransactionThread - 0] INFO  snapshot.OMSnapshotCreateRequest (OMSnapshotCreateRequest.java:validateAndUpdateCache(228)) - Created snapshot: 's20251020-195134.745' with snapshotId: '06b20a89-e996-42b7-8f8f-01288b275fcc' under path 'vol-a-34073/bucket-b-0-46773'
2025-10-20 19:51:34,747 | INFO  | OMAudit | user=runner | ip=127.0.0.1 | op=CREATE_SNAPSHOT {"volume":"vol-a-34073","bucket":"bucket-b-0-46773","snapshotName":"s20251020-195134.745","Transaction":"836"} | ret=SUCCESS |  
2025-10-20 19:51:34,748 [ForkJoinPool-1-worker-1] INFO  rpc.RpcClient (RpcClient.java:createBucket(686)) - Creating Bucket: vol-b-53033/bucket-b-0-66832, with server-side default bucket layout, runner as owner, Versioning false, Storage Type set to DISK and Encryption set to false, Replication Type set to server-side default replication type, Namespace Quota set to -1, Space Quota set to -1 
2025-10-20 19:51:34,750 [om1-OMStateMachineApplyTransactionThread - 0] INFO  bucket.OMBucketCreateRequest (OMBucketCreateRequest.java:validateAndUpdateCache(303)) - created bucket: bucket-b-0-66832 of layout FILE_SYSTEM_OPTIMIZED in volume: vol-b-53033
2025-10-20 19:51:34,750 | INFO  | OMAudit | user=runner | ip=127.0.0.1 | op=CREATE_BUCKET {"volume":"vol-b-53033","bucket":"bucket-b-0-66832","bucketLayout":"FILE_SYSTEM_OPTIMIZED","gdprEnabled":null,"acls":"[user:runner:a[ACCESS], group:runner:rl[ACCESS]]","isVersionEnabled":"false","storageType":"DISK","creationTime":"1760989894749","bucketEncryptionKey":null,"modificationTime":"1760989894749","usedBytes":"0","usedNamespace":"0","snapshotUsedBytes":"0","snapshotUsedNamespace":"0","owner":"runner","replicationType":null,"replicationConfig":null,"quotaInBytes":"-1","quotaInNamespace":"-1","Transaction":"837"} | ret=SUCCESS |  
2025-10-20 19:51:34,751 [ForkJoinPool-1-worker-1] INFO  rpc.RpcClient (RpcClient.java:createBucket(686)) - Creating Bucket: vol-a-34073/bucket-b-1-13670, with server-side default bucket layout, runner as owner, Versioning false, Storage Type set to DISK and Encryption set to false, Replication Type set to server-side default replication type, Namespace Quota set to -1, Space Quota set to -1 
2025-10-20 19:51:34,752 [om1-OMStateMachineApplyTransactionThread - 0] INFO  bucket.OMBucketCreateRequest (OMBucketCreateRequest.java:validateAndUpdateCache(303)) - created bucket: bucket-b-1-13670 of layout FILE_SYSTEM_OPTIMIZED in volume: vol-a-34073
2025-10-20 19:51:34,752 | INFO  | OMAudit | user=runner | ip=127.0.0.1 | op=CREATE_BUCKET {"volume":"vol-a-34073","bucket":"bucket-b-1-13670","bucketLayout":"FILE_SYSTEM_OPTIMIZED","gdprEnabled":null,"acls":"[user:runner:a[ACCESS], group:runner:rl[ACCESS]]","isVersionEnabled":"false","storageType":"DISK","creationTime":"1760989894751","bucketEncryptionKey":null,"modificationTime":"1760989894751","usedBytes":"0","usedNamespace":"0","snapshotUsedBytes":"0","snapshotUsedNamespace":"0","owner":"runner","replicationType":null,"replicationConfig":null,"quotaInBytes":"-1","quotaInNamespace":"-1","Transaction":"838"} | ret=SUCCESS |  
2025-10-20 19:51:34,754 [om1-OMStateMachineApplyTransactionThread - 0] INFO  snapshot.OMSnapshotCreateRequest (OMSnapshotCreateRequest.java:validateAndUpdateCache(228)) - Created snapshot: 's20251020-195134.753' with snapshotId: '7f4ad4f2-0de5-4281-a9fc-56596509acd7' under path 'vol-a-34073/bucket-b-1-13670'
2025-10-20 19:51:34,754 | INFO  | OMAudit | user=runner | ip=127.0.0.1 | op=CREATE_SNAPSHOT {"volume":"vol-a-34073","bucket":"bucket-b-1-13670","snapshotName":"s20251020-195134.753","Transaction":"839"} | ret=SUCCESS |  
2025-10-20 19:51:34,755 [ForkJoinPool-1-worker-1] INFO  rpc.RpcClient (RpcClient.java:createBucket(686)) - Creating Bucket: vol-b-53033/bucket-b-1-28596, with server-side default bucket layout, runner as owner, Versioning false, Storage Type set to DISK and Encryption set to false, Replication Type set to server-side default replication type, Namespace Quota set to -1, Space Quota set to -1 
2025-10-20 19:51:34,757 [om1-OMStateMachineApplyTransactionThread - 0] INFO  bucket.OMBucketCreateRequest (OMBucketCreateRequest.java:validateAndUpdateCache(303)) - created bucket: bucket-b-1-28596 of layout FILE_SYSTEM_OPTIMIZED in volume: vol-b-53033
2025-10-20 19:51:34,757 | INFO  | OMAudit | user=runner | ip=127.0.0.1 | op=CREATE_BUCKET {"volume":"vol-b-53033","bucket":"bucket-b-1-28596","bucketLayout":"FILE_SYSTEM_OPTIMIZED","gdprEnabled":null,"acls":"[user:runner:a[ACCESS], group:runner:rl[ACCESS]]","isVersionEnabled":"false","storageType":"DISK","creationTime":"1760989894756","bucketEncryptionKey":null,"modificationTime":"1760989894756","usedBytes":"0","usedNamespace":"0","snapshotUsedBytes":"0","snapshotUsedNamespace":"0","owner":"runner","replicationType":null,"replicationConfig":null,"quotaInBytes":"-1","quotaInNamespace":"-1","Transaction":"840"} | ret=SUCCESS |  
2025-10-20 19:51:34,758 [ForkJoinPool-1-worker-1] INFO  rpc.RpcClient (RpcClient.java:createBucket(686)) - Creating Bucket: vol-a-34073/bucket-b-2-85475, with server-side default bucket layout, runner as owner, Versioning false, Storage Type set to DISK and Encryption set to false, Replication Type set to server-side default replication type, Namespace Quota set to -1, Space Quota set to -1 
2025-10-20 19:51:34,760 [om1-OMStateMachineApplyTransactionThread - 0] INFO  bucket.OMBucketCreateRequest (OMBucketCreateRequest.java:validateAndUpdateCache(303)) - created bucket: bucket-b-2-85475 of layout FILE_SYSTEM_OPTIMIZED in volume: vol-a-34073
2025-10-20 19:51:34,760 | INFO  | OMAudit | user=runner | ip=127.0.0.1 | op=CREATE_BUCKET {"volume":"vol-a-34073","bucket":"bucket-b-2-85475","bucketLayout":"FILE_SYSTEM_OPTIMIZED","gdprEnabled":null,"acls":"[user:runner:a[ACCESS], group:runner:rl[ACCESS]]","isVersionEnabled":"false","storageType":"DISK","creationTime":"1760989894759","bucketEncryptionKey":null,"modificationTime":"1760989894759","usedBytes":"0","usedNamespace":"0","snapshotUsedBytes":"0","snapshotUsedNamespace":"0","owner":"runner","replicationType":null,"replicationConfig":null,"quotaInBytes":"-1","quotaInNamespace":"-1","Transaction":"841"} | ret=SUCCESS |  
2025-10-20 19:51:34,762 [om1-OMStateMachineApplyTransactionThread - 0] INFO  snapshot.OMSnapshotCreateRequest (OMSnapshotCreateRequest.java:validateAndUpdateCache(228)) - Created snapshot: 's20251020-195134.762' with snapshotId: 'cf08f19e-31b9-4b42-b2b6-413fea52a999' under path 'vol-a-34073/bucket-b-2-85475'
2025-10-20 19:51:34,763 | INFO  | OMAudit | user=runner | ip=127.0.0.1 | op=CREATE_SNAPSHOT {"volume":"vol-a-34073","bucket":"bucket-b-2-85475","snapshotName":"s20251020-195134.762","Transaction":"842"} | ret=SUCCESS |  
2025-10-20 19:51:34,764 [ForkJoinPool-1-worker-1] INFO  rpc.RpcClient (RpcClient.java:createBucket(686)) - Creating Bucket: vol-b-53033/bucket-b-2-91871, with server-side default bucket layout, runner as owner, Versioning false, Storage Type set to DISK and Encryption set to false, Replication Type set to server-side default replication type, Namespace Quota set to -1, Space Quota set to -1 
2025-10-20 19:51:34,765 [om1-OMStateMachineApplyTransactionThread - 0] INFO  bucket.OMBucketCreateRequest (OMBucketCreateRequest.java:validateAndUpdateCache(303)) - created bucket: bucket-b-2-91871 of layout FILE_SYSTEM_OPTIMIZED in volume: vol-b-53033
2025-10-20 19:51:34,765 | INFO  | OMAudit | user=runner | ip=127.0.0.1 | op=CREATE_BUCKET {"volume":"vol-b-53033","bucket":"bucket-b-2-91871","bucketLayout":"FILE_SYSTEM_OPTIMIZED","gdprEnabled":null,"acls":"[user:runner:a[ACCESS], group:runner:rl[ACCESS]]","isVersionEnabled":"false","storageType":"DISK","creationTime":"1760989894764","bucketEncryptionKey":null,"modificationTime":"1760989894764","usedBytes":"0","usedNamespace":"0","snapshotUsedBytes":"0","snapshotUsedNamespace":"0","owner":"runner","replicationType":null,"replicationConfig":null,"quotaInBytes":"-1","quotaInNamespace":"-1","Transaction":"843"} | ret=SUCCESS |  
2025-10-20 19:51:34,766 [ForkJoinPool-1-worker-1] INFO  rpc.RpcClient (RpcClient.java:createBucket(686)) - Creating Bucket: vol-a-34073/bucket-b-3-81567, with server-side default bucket layout, runner as owner, Versioning false, Storage Type set to DISK and Encryption set to false, Replication Type set to server-side default replication type, Namespace Quota set to -1, Space Quota set to -1 
2025-10-20 19:51:34,768 [om1-OMStateMachineApplyTransactionThread - 0] INFO  bucket.OMBucketCreateRequest (OMBucketCreateRequest.java:validateAndUpdateCache(303)) - created bucket: bucket-b-3-81567 of layout FILE_SYSTEM_OPTIMIZED in volume: vol-a-34073
2025-10-20 19:51:34,768 | INFO  | OMAudit | user=runner | ip=127.0.0.1 | op=CREATE_BUCKET {"volume":"vol-a-34073","bucket":"bucket-b-3-81567","bucketLayout":"FILE_SYSTEM_OPTIMIZED","gdprEnabled":null,"acls":"[user:runner:a[ACCESS], group:runner:rl[ACCESS]]","isVersionEnabled":"false","storageType":"DISK","creationTime":"1760989894767","bucketEncryptionKey":null,"modificationTime":"1760989894767","usedBytes":"0","usedNamespace":"0","snapshotUsedBytes":"0","snapshotUsedNamespace":"0","owner":"runner","replicationType":null,"replicationConfig":null,"quotaInBytes":"-1","quotaInNamespace":"-1","Transaction":"844"} | ret=SUCCESS |  
2025-10-20 19:51:34,770 [om1-OMDoubleBufferFlushThread] INFO  om.OmSnapshotManager (OmSnapshotManager.java:createOmSnapshotCheckpoint(545)) - Created checkpoint: /home/runner/work/ozone/ozone/hadoop-ozone/integration-test/target/test-dir/MiniOzoneClusterImpl-6935df51-69ff-4c35-8bd4-ed2b81d70e54/om/data/db.snapshots/checkpointState/om.db-edf8886f-34c3-4a5f-8b6e-5c857afcb3e3 for snapshot /vol-a-34073/bucket-a-0-18906/s20251020-195134.602
2025-10-20 19:51:34,771 [om1-OMStateMachineApplyTransactionThread - 0] INFO  snapshot.OMSnapshotCreateRequest (OMSnapshotCreateRequest.java:validateAndUpdateCache(228)) - Created snapshot: 's20251020-195134.769' with snapshotId: '17fdd587-0e93-4605-9221-160dccab94fa' under path 'vol-a-34073/bucket-b-3-81567'
2025-10-20 19:51:34,771 | INFO  | OMAudit | user=runner | ip=127.0.0.1 | op=CREATE_SNAPSHOT {"volume":"vol-a-34073","bucket":"bucket-b-3-81567","snapshotName":"s20251020-195134.769","Transaction":"845"} | ret=SUCCESS |  
2025-10-20 19:51:34,772 [ForkJoinPool-1-worker-1] INFO  rpc.RpcClient (RpcClient.java:createBucket(686)) - Creating Bucket: vol-b-53033/bucket-b-3-31238, with server-side default bucket layout, runner as owner, Versioning false, Storage Type set to DISK and Encryption set to false, Replication Type set to server-side default replication type, Namespace Quota set to -1, Space Quota set to -1 
2025-10-20 19:51:34,773 [om1-OMStateMachineApplyTransactionThread - 0] INFO  bucket.OMBucketCreateRequest (OMBucketCreateRequest.java:validateAndUpdateCache(303)) - created bucket: bucket-b-3-31238 of layout FILE_SYSTEM_OPTIMIZED in volume: vol-b-53033
2025-10-20 19:51:34,773 | INFO  | OMAudit | user=runner | ip=127.0.0.1 | op=CREATE_BUCKET {"volume":"vol-b-53033","bucket":"bucket-b-3-31238","bucketLayout":"FILE_SYSTEM_OPTIMIZED","gdprEnabled":null,"acls":"[user:runner:a[ACCESS], group:runner:rl[ACCESS]]","isVersionEnabled":"false","storageType":"DISK","creationTime":"1760989894772","bucketEncryptionKey":null,"modificationTime":"1760989894772","usedBytes":"0","usedNamespace":"0","snapshotUsedBytes":"0","snapshotUsedNamespace":"0","owner":"runner","replicationType":null,"replicationConfig":null,"quotaInBytes":"-1","quotaInNamespace":"-1","Transaction":"846"} | ret=SUCCESS |  
2025-10-20 19:51:34,774 [ForkJoinPool-1-worker-1] INFO  rpc.RpcClient (RpcClient.java:createBucket(686)) - Creating Bucket: vol-a-34073/bucket-b-4-02404, with server-side default bucket layout, runner as owner, Versioning false, Storage Type set to DISK and Encryption set to false, Replication Type set to server-side default replication type, Namespace Quota set to -1, Space Quota set to -1 
2025-10-20 19:51:34,776 [om1-OMStateMachineApplyTransactionThread - 0] INFO  bucket.OMBucketCreateRequest (OMBucketCreateRequest.java:validateAndUpdateCache(303)) - created bucket: bucket-b-4-02404 of layout FILE_SYSTEM_OPTIMIZED in volume: vol-a-34073
2025-10-20 19:51:34,776 | INFO  | OMAudit | user=runner | ip=127.0.0.1 | op=CREATE_BUCKET {"volume":"vol-a-34073","bucket":"bucket-b-4-02404","bucketLayout":"FILE_SYSTEM_OPTIMIZED","gdprEnabled":null,"acls":"[user:runner:a[ACCESS], group:runner:rl[ACCESS]]","isVersionEnabled":"false","storageType":"DISK","creationTime":"1760989894775","bucketEncryptionKey":null,"modificationTime":"1760989894775","usedBytes":"0","usedNamespace":"0","snapshotUsedBytes":"0","snapshotUsedNamespace":"0","owner":"runner","replicationType":null,"replicationConfig":null,"quotaInBytes":"-1","quotaInNamespace":"-1","Transaction":"847"} | ret=SUCCESS |  
2025-10-20 19:51:34,779 [om1-OMStateMachineApplyTransactionThread - 0] INFO  snapshot.OMSnapshotCreateRequest (OMSnapshotCreateRequest.java:validateAndUpdateCache(228)) - Created snapshot: 's20251020-195134.778' with snapshotId: '4c7ec906-84a4-418b-b7b4-890de4d7efcf' under path 'vol-a-34073/bucket-b-4-02404'
2025-10-20 19:51:34,779 | INFO  | OMAudit | user=runner | ip=127.0.0.1 | op=CREATE_SNAPSHOT {"volume":"vol-a-34073","bucket":"bucket-b-4-02404","snapshotName":"s20251020-195134.778","Transaction":"848"} | ret=SUCCESS |  
2025-10-20 19:51:34,780 [ForkJoinPool-1-worker-1] INFO  rpc.RpcClient (RpcClient.java:createBucket(686)) - Creating Bucket: vol-b-53033/bucket-b-4-66184, with server-side default bucket layout, runner as owner, Versioning false, Storage Type set to DISK and Encryption set to false, Replication Type set to server-side default replication type, Namespace Quota set to -1, Space Quota set to -1 
2025-10-20 19:51:34,782 [om1-OMStateMachineApplyTransactionThread - 0] INFO  bucket.OMBucketCreateRequest (OMBucketCreateRequest.java:validateAndUpdateCache(303)) - created bucket: bucket-b-4-66184 of layout FILE_SYSTEM_OPTIMIZED in volume: vol-b-53033
2025-10-20 19:51:34,782 | INFO  | OMAudit | user=runner | ip=127.0.0.1 | op=CREATE_BUCKET {"volume":"vol-b-53033","bucket":"bucket-b-4-66184","bucketLayout":"FILE_SYSTEM_OPTIMIZED","gdprEnabled":null,"acls":"[user:runner:a[ACCESS], group:runner:rl[ACCESS]]","isVersionEnabled":"false","storageType":"DISK","creationTime":"1760989894781","bucketEncryptionKey":null,"modificationTime":"1760989894781","usedBytes":"0","usedNamespace":"0","snapshotUsedBytes":"0","snapshotUsedNamespace":"0","owner":"runner","replicationType":null,"replicationConfig":null,"quotaInBytes":"-1","quotaInNamespace":"-1","Transaction":"849"} | ret=SUCCESS |  
2025-10-20 19:51:34,783 [ForkJoinPool-1-worker-1] INFO  rpc.RpcClient (RpcClient.java:createBucket(686)) - Creating Bucket: vol-a-34073/bucket-b-5-02767, with server-side default bucket layout, runner as owner, Versioning false, Storage Type set to DISK and Encryption set to false, Replication Type set to server-side default replication type, Namespace Quota set to -1, Space Quota set to -1 
2025-10-20 19:51:34,785 [om1-OMStateMachineApplyTransactionThread - 0] INFO  bucket.OMBucketCreateRequest (OMBucketCreateRequest.java:validateAndUpdateCache(303)) - created bucket: bucket-b-5-02767 of layout FILE_SYSTEM_OPTIMIZED in volume: vol-a-34073
2025-10-20 19:51:34,785 | INFO  | OMAudit | user=runner | ip=127.0.0.1 | op=CREATE_BUCKET {"volume":"vol-a-34073","bucket":"bucket-b-5-02767","bucketLayout":"FILE_SYSTEM_OPTIMIZED","gdprEnabled":null,"acls":"[user:runner:a[ACCESS], group:runner:rl[ACCESS]]","isVersionEnabled":"false","storageType":"DISK","creationTime":"1760989894784","bucketEncryptionKey":null,"modificationTime":"1760989894784","usedBytes":"0","usedNamespace":"0","snapshotUsedBytes":"0","snapshotUsedNamespace":"0","owner":"runner","replicationType":null,"replicationConfig":null,"quotaInBytes":"-1","quotaInNamespace":"-1","Transaction":"850"} | ret=SUCCESS |  
2025-10-20 19:51:34,788 [om1-OMStateMachineApplyTransactionThread - 0] INFO  snapshot.OMSnapshotCreateRequest (OMSnapshotCreateRequest.java:validateAndUpdateCache(228)) - Created snapshot: 's20251020-195134.787' with snapshotId: '4cdafc4c-2b96-4ace-ad74-dfebfbc047d2' under path 'vol-a-34073/bucket-b-5-02767'
2025-10-20 19:51:34,788 | INFO  | OMAudit | user=runner | ip=127.0.0.1 | op=CREATE_SNAPSHOT {"volume":"vol-a-34073","bucket":"bucket-b-5-02767","snapshotName":"s20251020-195134.787","Transaction":"851"} | ret=SUCCESS |  
2025-10-20 19:51:34,789 [ForkJoinPool-1-worker-1] INFO  rpc.RpcClient (RpcClient.java:createBucket(686)) - Creating Bucket: vol-b-53033/bucket-b-5-38679, with server-side default bucket layout, runner as owner, Versioning false, Storage Type set to DISK and Encryption set to false, Replication Type set to server-side default replication type, Namespace Quota set to -1, Space Quota set to -1 
2025-10-20 19:51:34,791 [om1-OMStateMachineApplyTransactionThread - 0] INFO  bucket.OMBucketCreateRequest (OMBucketCreateRequest.java:validateAndUpdateCache(303)) - created bucket: bucket-b-5-38679 of layout FILE_SYSTEM_OPTIMIZED in volume: vol-b-53033
2025-10-20 19:51:34,791 | INFO  | OMAudit | user=runner | ip=127.0.0.1 | op=CREATE_BUCKET {"volume":"vol-b-53033","bucket":"bucket-b-5-38679","bucketLayout":"FILE_SYSTEM_OPTIMIZED","gdprEnabled":null,"acls":"[user:runner:a[ACCESS], group:runner:rl[ACCESS]]","isVersionEnabled":"false","storageType":"DISK","creationTime":"1760989894790","bucketEncryptionKey":null,"modificationTime":"1760989894790","usedBytes":"0","usedNamespace":"0","snapshotUsedBytes":"0","snapshotUsedNamespace":"0","owner":"runner","replicationType":null,"replicationConfig":null,"quotaInBytes":"-1","quotaInNamespace":"-1","Transaction":"852"} | ret=SUCCESS |  
2025-10-20 19:51:34,792 [ForkJoinPool-1-worker-1] INFO  rpc.RpcClient (RpcClient.java:createBucket(686)) - Creating Bucket: vol-a-34073/bucket-b-6-94634, with server-side default bucket layout, runner as owner, Versioning false, Storage Type set to DISK and Encryption set to false, Replication Type set to server-side default replication type, Namespace Quota set to -1, Space Quota set to -1 
2025-10-20 19:51:34,793 [om1-OMStateMachineApplyTransactionThread - 0] INFO  bucket.OMBucketCreateRequest (OMBucketCreateRequest.java:validateAndUpdateCache(303)) - created bucket: bucket-b-6-94634 of layout FILE_SYSTEM_OPTIMIZED in volume: vol-a-34073
2025-10-20 19:51:34,793 | INFO  | OMAudit | user=runner | ip=127.0.0.1 | op=CREATE_BUCKET {"volume":"vol-a-34073","bucket":"bucket-b-6-94634","bucketLayout":"FILE_SYSTEM_OPTIMIZED","gdprEnabled":null,"acls":"[user:runner:a[ACCESS], group:runner:rl[ACCESS]]","isVersionEnabled":"false","storageType":"DISK","creationTime":"1760989894793","bucketEncryptionKey":null,"modificationTime":"1760989894793","usedBytes":"0","usedNamespace":"0","snapshotUsedBytes":"0","snapshotUsedNamespace":"0","owner":"runner","replicationType":null,"replicationConfig":null,"quotaInBytes":"-1","quotaInNamespace":"-1","Transaction":"853"} | ret=SUCCESS |  
2025-10-20 19:51:34,796 [om1-OMStateMachineApplyTransactionThread - 0] INFO  snapshot.OMSnapshotCreateRequest (OMSnapshotCreateRequest.java:validateAndUpdateCache(228)) - Created snapshot: 's20251020-195134.795' with snapshotId: 'f81a2a1f-3487-49e5-96bf-571c92251b85' under path 'vol-a-34073/bucket-b-6-94634'
2025-10-20 19:51:34,796 | INFO  | OMAudit | user=runner | ip=127.0.0.1 | op=CREATE_SNAPSHOT {"volume":"vol-a-34073","bucket":"bucket-b-6-94634","snapshotName":"s20251020-195134.795","Transaction":"854"} | ret=SUCCESS |  
2025-10-20 19:51:34,796 [ForkJoinPool-1-worker-1] INFO  rpc.RpcClient (RpcClient.java:createBucket(686)) - Creating Bucket: vol-b-53033/bucket-b-6-76334, with server-side default bucket layout, runner as owner, Versioning false, Storage Type set to DISK and Encryption set to false, Replication Type set to server-side default replication type, Namespace Quota set to -1, Space Quota set to -1 
2025-10-20 19:51:34,798 [om1-OMStateMachineApplyTransactionThread - 0] INFO  bucket.OMBucketCreateRequest (OMBucketCreateRequest.java:validateAndUpdateCache(303)) - created bucket: bucket-b-6-76334 of layout FILE_SYSTEM_OPTIMIZED in volume: vol-b-53033
2025-10-20 19:51:34,798 | INFO  | OMAudit | user=runner | ip=127.0.0.1 | op=CREATE_BUCKET {"volume":"vol-b-53033","bucket":"bucket-b-6-76334","bucketLayout":"FILE_SYSTEM_OPTIMIZED","gdprEnabled":null,"acls":"[user:runner:a[ACCESS], group:runner:rl[ACCESS]]","isVersionEnabled":"false","storageType":"DISK","creationTime":"1760989894797","bucketEncryptionKey":null,"modificationTime":"1760989894797","usedBytes":"0","usedNamespace":"0","snapshotUsedBytes":"0","snapshotUsedNamespace":"0","owner":"runner","replicationType":null,"replicationConfig":null,"quotaInBytes":"-1","quotaInNamespace":"-1","Transaction":"855"} | ret=SUCCESS |  
2025-10-20 19:51:34,799 [ForkJoinPool-1-worker-1] INFO  rpc.RpcClient (RpcClient.java:createBucket(686)) - Creating Bucket: vol-a-34073/bucket-b-7-84763, with server-side default bucket layout, runner as owner, Versioning false, Storage Type set to DISK and Encryption set to false, Replication Type set to server-side default replication type, Namespace Quota set to -1, Space Quota set to -1 
2025-10-20 19:51:34,801 [om1-OMStateMachineApplyTransactionThread - 0] INFO  bucket.OMBucketCreateRequest (OMBucketCreateRequest.java:validateAndUpdateCache(303)) - created bucket: bucket-b-7-84763 of layout FILE_SYSTEM_OPTIMIZED in volume: vol-a-34073
2025-10-20 19:51:34,801 | INFO  | OMAudit | user=runner | ip=127.0.0.1 | op=CREATE_BUCKET {"volume":"vol-a-34073","bucket":"bucket-b-7-84763","bucketLayout":"FILE_SYSTEM_OPTIMIZED","gdprEnabled":null,"acls":"[user:runner:a[ACCESS], group:runner:rl[ACCESS]]","isVersionEnabled":"false","storageType":"DISK","creationTime":"1760989894800","bucketEncryptionKey":null,"modificationTime":"1760989894800","usedBytes":"0","usedNamespace":"0","snapshotUsedBytes":"0","snapshotUsedNamespace":"0","owner":"runner","replicationType":null,"replicationConfig":null,"quotaInBytes":"-1","quotaInNamespace":"-1","Transaction":"856"} | ret=SUCCESS |  
2025-10-20 19:51:34,804 [om1-OMStateMachineApplyTransactionThread - 0] INFO  snapshot.OMSnapshotCreateRequest (OMSnapshotCreateRequest.java:validateAndUpdateCache(228)) - Created snapshot: 's20251020-195134.803' with snapshotId: 'c74ef424-c455-4083-b22c-78139787da84' under path 'vol-a-34073/bucket-b-7-84763'
2025-10-20 19:51:34,804 | INFO  | OMAudit | user=runner | ip=127.0.0.1 | op=CREATE_SNAPSHOT {"volume":"vol-a-34073","bucket":"bucket-b-7-84763","snapshotName":"s20251020-195134.803","Transaction":"857"} | ret=SUCCESS |  
2025-10-20 19:51:34,805 [ForkJoinPool-1-worker-1] INFO  rpc.RpcClient (RpcClient.java:createBucket(686)) - Creating Bucket: vol-b-53033/bucket-b-7-51147, with server-side default bucket layout, runner as owner, Versioning false, Storage Type set to DISK and Encryption set to false, Replication Type set to server-side default replication type, Namespace Quota set to -1, Space Quota set to -1 
2025-10-20 19:51:34,806 [om1-OMStateMachineApplyTransactionThread - 0] INFO  bucket.OMBucketCreateRequest (OMBucketCreateRequest.java:validateAndUpdateCache(303)) - created bucket: bucket-b-7-51147 of layout FILE_SYSTEM_OPTIMIZED in volume: vol-b-53033
2025-10-20 19:51:34,807 | INFO  | OMAudit | user=runner | ip=127.0.0.1 | op=CREATE_BUCKET {"volume":"vol-b-53033","bucket":"bucket-b-7-51147","bucketLayout":"FILE_SYSTEM_OPTIMIZED","gdprEnabled":null,"acls":"[user:runner:a[ACCESS], group:runner:rl[ACCESS]]","isVersionEnabled":"false","storageType":"DISK","creationTime":"1760989894806","bucketEncryptionKey":null,"modificationTime":"1760989894806","usedBytes":"0","usedNamespace":"0","snapshotUsedBytes":"0","snapshotUsedNamespace":"0","owner":"runner","replicationType":null,"replicationConfig":null,"quotaInBytes":"-1","quotaInNamespace":"-1","Transaction":"858"} | ret=SUCCESS |  
2025-10-20 19:51:34,807 [ForkJoinPool-1-worker-1] INFO  rpc.RpcClient (RpcClient.java:createBucket(686)) - Creating Bucket: vol-a-34073/bucket-b-8-91975, with server-side default bucket layout, runner as owner, Versioning false, Storage Type set to DISK and Encryption set to false, Replication Type set to server-side default replication type, Namespace Quota set to -1, Space Quota set to -1 
2025-10-20 19:51:34,809 [om1-OMStateMachineApplyTransactionThread - 0] INFO  bucket.OMBucketCreateRequest (OMBucketCreateRequest.java:validateAndUpdateCache(303)) - created bucket: bucket-b-8-91975 of layout FILE_SYSTEM_OPTIMIZED in volume: vol-a-34073
2025-10-20 19:51:34,809 | INFO  | OMAudit | user=runner | ip=127.0.0.1 | op=CREATE_BUCKET {"volume":"vol-a-34073","bucket":"bucket-b-8-91975","bucketLayout":"FILE_SYSTEM_OPTIMIZED","gdprEnabled":null,"acls":"[user:runner:a[ACCESS], group:runner:rl[ACCESS]]","isVersionEnabled":"false","storageType":"DISK","creationTime":"1760989894808","bucketEncryptionKey":null,"modificationTime":"1760989894808","usedBytes":"0","usedNamespace":"0","snapshotUsedBytes":"0","snapshotUsedNamespace":"0","owner":"runner","replicationType":null,"replicationConfig":null,"quotaInBytes":"-1","quotaInNamespace":"-1","Transaction":"859"} | ret=SUCCESS |  
2025-10-20 19:51:34,811 [om1-OMStateMachineApplyTransactionThread - 0] INFO  snapshot.OMSnapshotCreateRequest (OMSnapshotCreateRequest.java:validateAndUpdateCache(228)) - Created snapshot: 's20251020-195134.810' with snapshotId: '67bb22d1-88fd-4d27-820f-354b7d606132' under path 'vol-a-34073/bucket-b-8-91975'
2025-10-20 19:51:34,811 | INFO  | OMAudit | user=runner | ip=127.0.0.1 | op=CREATE_SNAPSHOT {"volume":"vol-a-34073","bucket":"bucket-b-8-91975","snapshotName":"s20251020-195134.810","Transaction":"860"} | ret=SUCCESS |  
2025-10-20 19:51:34,812 [ForkJoinPool-1-worker-1] INFO  rpc.RpcClient (RpcClient.java:createBucket(686)) - Creating Bucket: vol-b-53033/bucket-b-8-59096, with server-side default bucket layout, runner as owner, Versioning false, Storage Type set to DISK and Encryption set to false, Replication Type set to server-side default replication type, Namespace Quota set to -1, Space Quota set to -1 
2025-10-20 19:51:34,813 [om1-OMStateMachineApplyTransactionThread - 0] INFO  bucket.OMBucketCreateRequest (OMBucketCreateRequest.java:validateAndUpdateCache(303)) - created bucket: bucket-b-8-59096 of layout FILE_SYSTEM_OPTIMIZED in volume: vol-b-53033
2025-10-20 19:51:34,813 | INFO  | OMAudit | user=runner | ip=127.0.0.1 | op=CREATE_BUCKET {"volume":"vol-b-53033","bucket":"bucket-b-8-59096","bucketLayout":"FILE_SYSTEM_OPTIMIZED","gdprEnabled":null,"acls":"[user:runner:a[ACCESS], group:runner:rl[ACCESS]]","isVersionEnabled":"false","storageType":"DISK","creationTime":"1760989894812","bucketEncryptionKey":null,"modificationTime":"1760989894812","usedBytes":"0","usedNamespace":"0","snapshotUsedBytes":"0","snapshotUsedNamespace":"0","owner":"runner","replicationType":null,"replicationConfig":null,"quotaInBytes":"-1","quotaInNamespace":"-1","Transaction":"861"} | ret=SUCCESS |  
2025-10-20 19:51:34,814 [om1-OMDoubleBufferFlushThread] INFO  db.RDBCheckpointManager (RDBCheckpointManager.java:createCheckpoint(87)) - Created checkpoint in rocksDB at /home/runner/work/ozone/ozone/hadoop-ozone/integration-test/target/test-dir/MiniOzoneClusterImpl-6935df51-69ff-4c35-8bd4-ed2b81d70e54/om/data/db.snapshots/checkpointState/om.db-fdf73b9d-5228-4cdf-9bdd-07950b582d66 in 40 milliseconds
2025-10-20 19:51:34,814 [ForkJoinPool-1-worker-1] INFO  rpc.RpcClient (RpcClient.java:createBucket(686)) - Creating Bucket: vol-a-34073/bucket-b-9-87871, with server-side default bucket layout, runner as owner, Versioning false, Storage Type set to DISK and Encryption set to false, Replication Type set to server-side default replication type, Namespace Quota set to -1, Space Quota set to -1 
2025-10-20 19:51:34,816 [om1-OMStateMachineApplyTransactionThread - 0] INFO  bucket.OMBucketCreateRequest (OMBucketCreateRequest.java:validateAndUpdateCache(303)) - created bucket: bucket-b-9-87871 of layout FILE_SYSTEM_OPTIMIZED in volume: vol-a-34073
2025-10-20 19:51:34,816 | INFO  | OMAudit | user=runner | ip=127.0.0.1 | op=CREATE_BUCKET {"volume":"vol-a-34073","bucket":"bucket-b-9-87871","bucketLayout":"FILE_SYSTEM_OPTIMIZED","gdprEnabled":null,"acls":"[user:runner:a[ACCESS], group:runner:rl[ACCESS]]","isVersionEnabled":"false","storageType":"DISK","creationTime":"1760989894815","bucketEncryptionKey":null,"modificationTime":"1760989894815","usedBytes":"0","usedNamespace":"0","snapshotUsedBytes":"0","snapshotUsedNamespace":"0","owner":"runner","replicationType":null,"replicationConfig":null,"quotaInBytes":"-1","quotaInNamespace":"-1","Transaction":"862"} | ret=SUCCESS |  
2025-10-20 19:51:34,818 [om1-OMStateMachineApplyTransactionThread - 0] INFO  snapshot.OMSnapshotCreateRequest (OMSnapshotCreateRequest.java:validateAndUpdateCache(228)) - Created snapshot: 's20251020-195134.817' with snapshotId: '8b51ed16-d047-4b21-8278-9b5e299292d1' under path 'vol-a-34073/bucket-b-9-87871'
2025-10-20 19:51:34,818 | INFO  | OMAudit | user=runner | ip=127.0.0.1 | op=CREATE_SNAPSHOT {"volume":"vol-a-34073","bucket":"bucket-b-9-87871","snapshotName":"s20251020-195134.817","Transaction":"863"} | ret=SUCCESS |  
2025-10-20 19:51:34,819 [ForkJoinPool-1-worker-1] INFO  rpc.RpcClient (RpcClient.java:createBucket(686)) - Creating Bucket: vol-b-53033/bucket-b-9-18650, with server-side default bucket layout, runner as owner, Versioning false, Storage Type set to DISK and Encryption set to false, Replication Type set to server-side default replication type, Namespace Quota set to -1, Space Quota set to -1 
2025-10-20 19:51:34,821 [om1-OMStateMachineApplyTransactionThread - 0] INFO  bucket.OMBucketCreateRequest (OMBucketCreateRequest.java:validateAndUpdateCache(303)) - created bucket: bucket-b-9-18650 of layout FILE_SYSTEM_OPTIMIZED in volume: vol-b-53033
2025-10-20 19:51:34,821 | INFO  | OMAudit | user=runner | ip=127.0.0.1 | op=CREATE_BUCKET {"volume":"vol-b-53033","bucket":"bucket-b-9-18650","bucketLayout":"FILE_SYSTEM_OPTIMIZED","gdprEnabled":null,"acls":"[user:runner:a[ACCESS], group:runner:rl[ACCESS]]","isVersionEnabled":"false","storageType":"DISK","creationTime":"1760989894820","bucketEncryptionKey":null,"modificationTime":"1760989894820","usedBytes":"0","usedNamespace":"0","snapshotUsedBytes":"0","snapshotUsedNamespace":"0","owner":"runner","replicationType":null,"replicationConfig":null,"quotaInBytes":"-1","quotaInNamespace":"-1","Transaction":"864"} | ret=SUCCESS |  
2025-10-20 19:51:34,828 | INFO  | OMAudit | user=runner | ip=127.0.0.1 | op=LIST_BUCKETS {"volume":"vol-a-34073","startKey":"","prefix":"bucket-","maxNumOfBuckets":"1000","hasSnapshot":"false"} | ret=SUCCESS |  
2025-10-20 19:51:34,831 | INFO  | OMAudit | user=runner | ip=127.0.0.1 | op=LIST_BUCKETS {"volume":"vol-a-34073","startKey":"bucket-b-9-87871","prefix":"bucket-","maxNumOfBuckets":"1000","hasSnapshot":"false"} | ret=SUCCESS |  
2025-10-20 19:51:34,831 | INFO  | OMAudit | user=runner | ip=127.0.0.1 | op=LIST_BUCKETS {"volume":"vol-a-34073","startKey":"","prefix":"bucket-","maxNumOfBuckets":"1000","hasSnapshot":"true"} | ret=SUCCESS |  
2025-10-20 19:51:34,833 | INFO  | OMAudit | user=runner | ip=127.0.0.1 | op=LIST_BUCKETS {"volume":"vol-a-34073","startKey":"bucket-b-9-87871","prefix":"bucket-","maxNumOfBuckets":"1000","hasSnapshot":"true"} | ret=SUCCESS |  
2025-10-20 19:51:34,834 | INFO  | OMAudit | user=runner | ip=127.0.0.1 | op=LIST_BUCKETS {"volume":"vol-b-53033","startKey":"","prefix":"bucket-","maxNumOfBuckets":"1000","hasSnapshot":"false"} | ret=SUCCESS |  
2025-10-20 19:51:34,835 | INFO  | OMAudit | user=runner | ip=127.0.0.1 | op=LIST_BUCKETS {"volume":"vol-b-53033","startKey":"bucket-b-9-18650","prefix":"bucket-","maxNumOfBuckets":"1000","hasSnapshot":"false"} | ret=SUCCESS |  
2025-10-20 19:51:34,836 | INFO  | OMAudit | user=runner | ip=127.0.0.1 | op=LIST_BUCKETS {"volume":"vol-b-53033","startKey":"","prefix":"bucket-","maxNumOfBuckets":"1000","hasSnapshot":"true"} | ret=SUCCESS |  
2025-10-20 19:51:34,837 | INFO  | OMAudit | user=runner | ip=127.0.0.1 | op=LIST_BUCKETS {"volume":"vol-b-53033","startKey":"bucket-a-9-50641","prefix":"bucket-","maxNumOfBuckets":"1000","hasSnapshot":"true"} | ret=SUCCESS |  
2025-10-20 19:51:34,838 | INFO  | OMAudit | user=runner | ip=127.0.0.1 | op=LIST_BUCKETS {"volume":"vol-a-34073","startKey":"","prefix":"bucket-a-","maxNumOfBuckets":"1000","hasSnapshot":"false"} | ret=SUCCESS |  
2025-10-20 19:51:34,839 | INFO  | OMAudit | user=runner | ip=127.0.0.1 | op=LIST_BUCKETS {"volume":"vol-a-34073","startKey":"bucket-a-9-00778","prefix":"bucket-a-","maxNumOfBuckets":"1000","hasSnapshot":"false"} | ret=SUCCESS |  
2025-10-20 19:51:34,840 | INFO  | OMAudit | user=runner | ip=127.0.0.1 | op=LIST_BUCKETS {"volume":"vol-a-34073","startKey":"","prefix":"bucket-a-","maxNumOfBuckets":"1000","hasSnapshot":"true"} | ret=SUCCESS |  
2025-10-20 19:51:34,840 [om1-OMDoubleBufferFlushThread] INFO  om.OmSnapshotManager (OmSnapshotManager.java:createOmSnapshotCheckpoint(545)) - Created checkpoint: /home/runner/work/ozone/ozone/hadoop-ozone/integration-test/target/test-dir/MiniOzoneClusterImpl-6935df51-69ff-4c35-8bd4-ed2b81d70e54/om/data/db.snapshots/checkpointState/om.db-fdf73b9d-5228-4cdf-9bdd-07950b582d66 for snapshot /vol-b-53033/bucket-a-0-91989/s20251020-195134.619
2025-10-20 19:51:34,841 | INFO  | OMAudit | user=runner | ip=127.0.0.1 | op=LIST_BUCKETS {"volume":"vol-a-34073","startKey":"bucket-a-9-00778","prefix":"bucket-a-","maxNumOfBuckets":"1000","hasSnapshot":"true"} | ret=SUCCESS |  
2025-10-20 19:51:34,842 | INFO  | OMAudit | user=runner | ip=127.0.0.1 | op=LIST_BUCKETS {"volume":"vol-b-53033","startKey":"","prefix":"bucket-b-","maxNumOfBuckets":"1000","hasSnapshot":"false"} | ret=SUCCESS |  
2025-10-20 19:51:34,844 | INFO  | OMAudit | user=runner | ip=127.0.0.1 | op=LIST_BUCKETS {"volume":"vol-b-53033","startKey":"bucket-b-9-18650","prefix":"bucket-b-","maxNumOfBuckets":"1000","hasSnapshot":"false"} | ret=SUCCESS |  
2025-10-20 19:51:34,845 | INFO  | OMAudit | user=runner | ip=127.0.0.1 | op=LIST_BUCKETS {"volume":"vol-b-53033","startKey":"","prefix":"bucket-b-","maxNumOfBuckets":"1000","hasSnapshot":"true"} | ret=SUCCESS |  
2025-10-20 19:51:34,845 | INFO  | SCMAudit | user=runner | ip=127.0.0.1 | op=SEND_HEARTBEAT {"datanodeUUID":"d7d8cf72-b9f6-4979-9c53-007dd6e6e48a","term":"2","command":"[]"} | ret=SUCCESS |  
2025-10-20 19:51:34,846 | INFO  | OMAudit | user=runner | ip=127.0.0.1 | op=LIST_BUCKETS {"volume":"vol-a-34073","startKey":"","prefix":"bucket-b-","maxNumOfBuckets":"1000","hasSnapshot":"false"} | ret=SUCCESS |  
2025-10-20 19:51:34,847 | INFO  | OMAudit | user=runner | ip=127.0.0.1 | op=LIST_BUCKETS {"volume":"vol-a-34073","startKey":"bucket-b-9-87871","prefix":"bucket-b-","maxNumOfBuckets":"1000","hasSnapshot":"false"} | ret=SUCCESS |  
2025-10-20 19:51:34,848 | INFO  | OMAudit | user=runner | ip=127.0.0.1 | op=LIST_BUCKETS {"volume":"vol-a-34073","startKey":"","prefix":"bucket-b-","maxNumOfBuckets":"1000","hasSnapshot":"true"} | ret=SUCCESS |  
2025-10-20 19:51:34,850 | INFO  | OMAudit | user=runner | ip=127.0.0.1 | op=LIST_BUCKETS {"volume":"vol-a-34073","startKey":"bucket-b-9-87871","prefix":"bucket-b-","maxNumOfBuckets":"1000","hasSnapshot":"true"} | ret=SUCCESS |  
2025-10-20 19:51:34,851 | INFO  | OMAudit | user=runner | ip=127.0.0.1 | op=LIST_BUCKETS {"volume":"vol-b-53033","startKey":"","prefix":"bucket-a-","maxNumOfBuckets":"1000","hasSnapshot":"false"} | ret=SUCCESS |  
2025-10-20 19:51:34,852 | INFO  | OMAudit | user=runner | ip=127.0.0.1 | op=LIST_BUCKETS {"volume":"vol-b-53033","startKey":"bucket-a-9-50641","prefix":"bucket-a-","maxNumOfBuckets":"1000","hasSnapshot":"false"} | ret=SUCCESS |  
2025-10-20 19:51:34,853 | INFO  | OMAudit | user=runner | ip=127.0.0.1 | op=LIST_BUCKETS {"volume":"vol-b-53033","startKey":"","prefix":"bucket-a-","maxNumOfBuckets":"1000","hasSnapshot":"true"} | ret=SUCCESS |  
2025-10-20 19:51:34,855 | INFO  | OMAudit | user=runner | ip=127.0.0.1 | op=LIST_BUCKETS {"volume":"vol-b-53033","startKey":"bucket-a-9-50641","prefix":"bucket-a-","maxNumOfBuckets":"1000","hasSnapshot":"true"} | ret=SUCCESS |  
]]></system-out>
  </testcase>
  <testcase name="testListBucketsOnEmptyVolume" classname="org.apache.hadoop.ozone.client.rpc.TestSecureOzoneRpcClient" time="0.006">
    <system-out><![CDATA[2025-10-20 19:51:34,858 [ForkJoinPool-1-worker-1] INFO  rpc.RpcClient (RpcClient.java:createVolume(461)) - Creating Volume: vol-empty, with runner as owner and space quota set to -1 bytes, counts quota set to -1
2025-10-20 19:51:34,860 [om1-OMStateMachineApplyTransactionThread - 0] INFO  volume.OMVolumeCreateRequest (OMVolumeCreateRequest.java:validateAndUpdateCache(213)) - created volume:vol-empty for user:runner
2025-10-20 19:51:34,860 | INFO  | OMAudit | user=runner | ip=127.0.0.1 | op=CREATE_VOLUME {"admin":"runner","owner":"runner","volume":"vol-empty","creationTime":"1760989894858","modificationTime":"1760989894858","quotaInBytes":"-1","quotaInNamespace":"-1","usedNamespace":"0","objectID":"-9223372036854554368","updateID":"865","Transaction":"865"} | ret=SUCCESS |  
2025-10-20 19:51:34,861 | INFO  | OMAudit | user=runner | ip=127.0.0.1 | op=READ_VOLUME {"volume":"vol-empty"} | ret=SUCCESS |  
2025-10-20 19:51:34,862 | INFO  | OMAudit | user=runner | ip=127.0.0.1 | op=LIST_BUCKETS {"volume":"vol-empty","startKey":"","prefix":"","maxNumOfBuckets":"1000","hasSnapshot":"false"} | ret=SUCCESS |  
]]></system-out>
  </testcase>
  <testcase name="testListBucketsReplicationConfig" classname="org.apache.hadoop.ozone.client.rpc.TestSecureOzoneRpcClient" time="0.017">
    <system-out><![CDATA[2025-10-20 19:51:34,864 [ForkJoinPool-1-worker-1] INFO  rpc.RpcClient (RpcClient.java:createVolume(461)) - Creating Volume: e3f5b8e3-28d7-4284-b29e-9a8d8ccd00c0, with runner as owner and space quota set to -1 bytes, counts quota set to -1
2025-10-20 19:51:34,866 [om1-OMStateMachineApplyTransactionThread - 0] INFO  volume.OMVolumeCreateRequest (OMVolumeCreateRequest.java:validateAndUpdateCache(213)) - created volume:e3f5b8e3-28d7-4284-b29e-9a8d8ccd00c0 for user:runner
2025-10-20 19:51:34,866 | INFO  | OMAudit | user=runner | ip=127.0.0.1 | op=CREATE_VOLUME {"admin":"runner","owner":"runner","volume":"e3f5b8e3-28d7-4284-b29e-9a8d8ccd00c0","creationTime":"1760989894865","modificationTime":"1760989894865","quotaInBytes":"-1","quotaInNamespace":"-1","usedNamespace":"0","objectID":"-9223372036854554112","updateID":"866","Transaction":"866"} | ret=SUCCESS |  
2025-10-20 19:51:34,867 | INFO  | OMAudit | user=runner | ip=127.0.0.1 | op=READ_VOLUME {"volume":"e3f5b8e3-28d7-4284-b29e-9a8d8ccd00c0"} | ret=SUCCESS |  
2025-10-20 19:51:34,868 [ForkJoinPool-1-worker-1] INFO  rpc.RpcClient (RpcClient.java:createBucket(686)) - Creating Bucket: e3f5b8e3-28d7-4284-b29e-9a8d8ccd00c0/dbdf7278-0c27-4c70-88e1-9f0738fa941c, with server-side default bucket layout, runner as owner, Versioning false, Storage Type set to DISK and Encryption set to false, Replication Type set to server-side default replication type, Namespace Quota set to -1, Space Quota set to -1 
2025-10-20 19:51:34,870 [om1-OMStateMachineApplyTransactionThread - 0] INFO  bucket.OMBucketCreateRequest (OMBucketCreateRequest.java:validateAndUpdateCache(303)) - created bucket: dbdf7278-0c27-4c70-88e1-9f0738fa941c of layout FILE_SYSTEM_OPTIMIZED in volume: e3f5b8e3-28d7-4284-b29e-9a8d8ccd00c0
2025-10-20 19:51:34,870 | INFO  | OMAudit | user=runner | ip=127.0.0.1 | op=CREATE_BUCKET {"volume":"e3f5b8e3-28d7-4284-b29e-9a8d8ccd00c0","bucket":"dbdf7278-0c27-4c70-88e1-9f0738fa941c","bucketLayout":"FILE_SYSTEM_OPTIMIZED","gdprEnabled":null,"acls":"[user:runner:a[ACCESS], group:runner:rl[ACCESS]]","isVersionEnabled":"false","storageType":"DISK","creationTime":"1760989894869","bucketEncryptionKey":null,"modificationTime":"1760989894869","usedBytes":"0","usedNamespace":"0","snapshotUsedBytes":"0","snapshotUsedNamespace":"0","owner":"runner","replicationType":null,"replicationConfig":null,"quotaInBytes":"-1","quotaInNamespace":"-1","Transaction":"867"} | ret=SUCCESS |  
2025-10-20 19:51:34,871 | INFO  | OMAudit | user=runner | ip=127.0.0.1 | op=LIST_BUCKETS {"volume":"e3f5b8e3-28d7-4284-b29e-9a8d8ccd00c0","startKey":"","prefix":"dbdf7278-0c27-4c70-88e1-9f0738fa941c","maxNumOfBuckets":"1000","hasSnapshot":"false"} | ret=SUCCESS |  
2025-10-20 19:51:34,872 [ForkJoinPool-1-worker-1] INFO  rpc.RpcClient (RpcClient.java:createBucket(686)) - Creating Bucket: e3f5b8e3-28d7-4284-b29e-9a8d8ccd00c0/b153f2db-3d7b-4484-8718-ad274f10d516, with server-side default bucket layout, runner as owner, Versioning false, Storage Type set to DISK and Encryption set to false, Replication Type set to EC, Namespace Quota set to -1, Space Quota set to -1 
2025-10-20 19:51:34,874 [om1-OMStateMachineApplyTransactionThread - 0] INFO  bucket.OMBucketCreateRequest (OMBucketCreateRequest.java:validateAndUpdateCache(303)) - created bucket: b153f2db-3d7b-4484-8718-ad274f10d516 of layout FILE_SYSTEM_OPTIMIZED in volume: e3f5b8e3-28d7-4284-b29e-9a8d8ccd00c0
2025-10-20 19:51:34,875 | INFO  | OMAudit | user=runner | ip=127.0.0.1 | op=CREATE_BUCKET {"volume":"e3f5b8e3-28d7-4284-b29e-9a8d8ccd00c0","bucket":"b153f2db-3d7b-4484-8718-ad274f10d516","bucketLayout":"FILE_SYSTEM_OPTIMIZED","gdprEnabled":null,"acls":"[user:runner:a[ACCESS], group:runner:rl[ACCESS]]","isVersionEnabled":"false","storageType":"DISK","creationTime":"1760989894873","bucketEncryptionKey":null,"modificationTime":"1760989894873","usedBytes":"0","usedNamespace":"0","snapshotUsedBytes":"0","snapshotUsedNamespace":"0","owner":"runner","replicationType":"EC","replicationConfig":"rs-3-2-1024k","quotaInBytes":"-1","quotaInNamespace":"-1","Transaction":"868"} | ret=SUCCESS |  
2025-10-20 19:51:34,876 | INFO  | OMAudit | user=runner | ip=127.0.0.1 | op=LIST_BUCKETS {"volume":"e3f5b8e3-28d7-4284-b29e-9a8d8ccd00c0","startKey":"","prefix":"b153f2db-3d7b-4484-8718-ad274f10d516","maxNumOfBuckets":"1000","hasSnapshot":"false"} | ret=SUCCESS |  
2025-10-20 19:51:34,877 [ForkJoinPool-1-worker-1] INFO  rpc.RpcClient (RpcClient.java:createBucket(686)) - Creating Bucket: e3f5b8e3-28d7-4284-b29e-9a8d8ccd00c0/e4370553-04c9-499b-ab8c-f03d8eb5ad67, with server-side default bucket layout, runner as owner, Versioning false, Storage Type set to DISK and Encryption set to false, Replication Type set to RATIS, Namespace Quota set to -1, Space Quota set to -1 
2025-10-20 19:51:34,879 [om1-OMStateMachineApplyTransactionThread - 0] INFO  bucket.OMBucketCreateRequest (OMBucketCreateRequest.java:validateAndUpdateCache(303)) - created bucket: e4370553-04c9-499b-ab8c-f03d8eb5ad67 of layout FILE_SYSTEM_OPTIMIZED in volume: e3f5b8e3-28d7-4284-b29e-9a8d8ccd00c0
2025-10-20 19:51:34,879 | INFO  | OMAudit | user=runner | ip=127.0.0.1 | op=CREATE_BUCKET {"volume":"e3f5b8e3-28d7-4284-b29e-9a8d8ccd00c0","bucket":"e4370553-04c9-499b-ab8c-f03d8eb5ad67","bucketLayout":"FILE_SYSTEM_OPTIMIZED","gdprEnabled":null,"acls":"[user:runner:a[ACCESS], group:runner:rl[ACCESS]]","isVersionEnabled":"false","storageType":"DISK","creationTime":"1760989894878","bucketEncryptionKey":null,"modificationTime":"1760989894878","usedBytes":"0","usedNamespace":"0","snapshotUsedBytes":"0","snapshotUsedNamespace":"0","owner":"runner","replicationType":"RATIS","replicationConfig":"THREE","quotaInBytes":"-1","quotaInNamespace":"-1","Transaction":"869"} | ret=SUCCESS |  
2025-10-20 19:51:34,880 | INFO  | OMAudit | user=runner | ip=127.0.0.1 | op=LIST_BUCKETS {"volume":"e3f5b8e3-28d7-4284-b29e-9a8d8ccd00c0","startKey":"","prefix":"e4370553-04c9-499b-ab8c-f03d8eb5ad67","maxNumOfBuckets":"1000","hasSnapshot":"false"} | ret=SUCCESS |  
]]></system-out>
  </testcase>
  <testcase name="testListKey" classname="org.apache.hadoop.ozone.client.rpc.TestSecureOzoneRpcClient" time="1.301">
    <system-out><![CDATA[2025-10-20 19:51:34,883 [ForkJoinPool-1-worker-1] INFO  rpc.RpcClient (RpcClient.java:createVolume(461)) - Creating Volume: vol-a-19801, with runner as owner and space quota set to -1 bytes, counts quota set to -1
2025-10-20 19:51:34,885 [om1-OMStateMachineApplyTransactionThread - 0] INFO  volume.OMVolumeCreateRequest (OMVolumeCreateRequest.java:validateAndUpdateCache(213)) - created volume:vol-a-19801 for user:runner
2025-10-20 19:51:34,885 | INFO  | OMAudit | user=runner | ip=127.0.0.1 | op=CREATE_VOLUME {"admin":"runner","owner":"runner","volume":"vol-a-19801","creationTime":"1760989894884","modificationTime":"1760989894884","quotaInBytes":"-1","quotaInNamespace":"-1","usedNamespace":"0","objectID":"-9223372036854553088","updateID":"870","Transaction":"870"} | ret=SUCCESS |  
2025-10-20 19:51:34,886 [ForkJoinPool-1-worker-1] INFO  rpc.RpcClient (RpcClient.java:createVolume(461)) - Creating Volume: vol-b-63292, with runner as owner and space quota set to -1 bytes, counts quota set to -1
2025-10-20 19:51:34,887 [om1-OMStateMachineApplyTransactionThread - 0] INFO  volume.OMVolumeCreateRequest (OMVolumeCreateRequest.java:validateAndUpdateCache(213)) - created volume:vol-b-63292 for user:runner
2025-10-20 19:51:34,887 | INFO  | OMAudit | user=runner | ip=127.0.0.1 | op=CREATE_VOLUME {"admin":"runner","owner":"runner","volume":"vol-b-63292","creationTime":"1760989894887","modificationTime":"1760989894887","quotaInBytes":"-1","quotaInNamespace":"-1","usedNamespace":"0","objectID":"-9223372036854552832","updateID":"871","Transaction":"871"} | ret=SUCCESS |  
2025-10-20 19:51:34,888 [om1-OMDoubleBufferFlushThread] INFO  db.RDBCheckpointManager (RDBCheckpointManager.java:createCheckpoint(87)) - Created checkpoint in rocksDB at /home/runner/work/ozone/ozone/hadoop-ozone/integration-test/target/test-dir/MiniOzoneClusterImpl-6935df51-69ff-4c35-8bd4-ed2b81d70e54/om/data/db.snapshots/checkpointState/om.db-bdc5124c-31fe-4565-98ff-9024731edc02 in 45 milliseconds
2025-10-20 19:51:34,889 | INFO  | OMAudit | user=runner | ip=127.0.0.1 | op=READ_VOLUME {"volume":"vol-a-19801"} | ret=SUCCESS |  
2025-10-20 19:51:34,890 | INFO  | OMAudit | user=runner | ip=127.0.0.1 | op=READ_VOLUME {"volume":"vol-b-63292"} | ret=SUCCESS |  
2025-10-20 19:51:34,890 [ForkJoinPool-1-worker-1] INFO  rpc.RpcClient (RpcClient.java:createBucket(686)) - Creating Bucket: vol-a-19801/buc-a-22049, with server-side default bucket layout, runner as owner, Versioning false, Storage Type set to DISK and Encryption set to false, Replication Type set to server-side default replication type, Namespace Quota set to -1, Space Quota set to -1 
2025-10-20 19:51:34,892 [om1-OMStateMachineApplyTransactionThread - 0] INFO  bucket.OMBucketCreateRequest (OMBucketCreateRequest.java:validateAndUpdateCache(303)) - created bucket: buc-a-22049 of layout FILE_SYSTEM_OPTIMIZED in volume: vol-a-19801
2025-10-20 19:51:34,892 | INFO  | OMAudit | user=runner | ip=127.0.0.1 | op=CREATE_BUCKET {"volume":"vol-a-19801","bucket":"buc-a-22049","bucketLayout":"FILE_SYSTEM_OPTIMIZED","gdprEnabled":null,"acls":"[user:runner:a[ACCESS], group:runner:rl[ACCESS]]","isVersionEnabled":"false","storageType":"DISK","creationTime":"1760989894891","bucketEncryptionKey":null,"modificationTime":"1760989894891","usedBytes":"0","usedNamespace":"0","snapshotUsedBytes":"0","snapshotUsedNamespace":"0","owner":"runner","replicationType":null,"replicationConfig":null,"quotaInBytes":"-1","quotaInNamespace":"-1","Transaction":"872"} | ret=SUCCESS |  
2025-10-20 19:51:34,893 [ForkJoinPool-1-worker-1] INFO  rpc.RpcClient (RpcClient.java:createBucket(686)) - Creating Bucket: vol-a-19801/buc-b-10676, with server-side default bucket layout, runner as owner, Versioning false, Storage Type set to DISK and Encryption set to false, Replication Type set to server-side default replication type, Namespace Quota set to -1, Space Quota set to -1 
2025-10-20 19:51:34,894 [om1-OMStateMachineApplyTransactionThread - 0] INFO  bucket.OMBucketCreateRequest (OMBucketCreateRequest.java:validateAndUpdateCache(303)) - created bucket: buc-b-10676 of layout FILE_SYSTEM_OPTIMIZED in volume: vol-a-19801
2025-10-20 19:51:34,895 | INFO  | OMAudit | user=runner | ip=127.0.0.1 | op=CREATE_BUCKET {"volume":"vol-a-19801","bucket":"buc-b-10676","bucketLayout":"FILE_SYSTEM_OPTIMIZED","gdprEnabled":null,"acls":"[user:runner:a[ACCESS], group:runner:rl[ACCESS]]","isVersionEnabled":"false","storageType":"DISK","creationTime":"1760989894893","bucketEncryptionKey":null,"modificationTime":"1760989894893","usedBytes":"0","usedNamespace":"0","snapshotUsedBytes":"0","snapshotUsedNamespace":"0","owner":"runner","replicationType":null,"replicationConfig":null,"quotaInBytes":"-1","quotaInNamespace":"-1","Transaction":"873"} | ret=SUCCESS |  
2025-10-20 19:51:34,896 [ForkJoinPool-1-worker-1] INFO  rpc.RpcClient (RpcClient.java:createBucket(686)) - Creating Bucket: vol-b-63292/buc-a-22049, with server-side default bucket layout, runner as owner, Versioning false, Storage Type set to DISK and Encryption set to false, Replication Type set to server-side default replication type, Namespace Quota set to -1, Space Quota set to -1 
2025-10-20 19:51:34,898 [om1-OMStateMachineApplyTransactionThread - 0] INFO  bucket.OMBucketCreateRequest (OMBucketCreateRequest.java:validateAndUpdateCache(303)) - created bucket: buc-a-22049 of layout FILE_SYSTEM_OPTIMIZED in volume: vol-b-63292
2025-10-20 19:51:34,898 | INFO  | OMAudit | user=runner | ip=127.0.0.1 | op=CREATE_BUCKET {"volume":"vol-b-63292","bucket":"buc-a-22049","bucketLayout":"FILE_SYSTEM_OPTIMIZED","gdprEnabled":null,"acls":"[user:runner:a[ACCESS], group:runner:rl[ACCESS]]","isVersionEnabled":"false","storageType":"DISK","creationTime":"1760989894897","bucketEncryptionKey":null,"modificationTime":"1760989894897","usedBytes":"0","usedNamespace":"0","snapshotUsedBytes":"0","snapshotUsedNamespace":"0","owner":"runner","replicationType":null,"replicationConfig":null,"quotaInBytes":"-1","quotaInNamespace":"-1","Transaction":"874"} | ret=SUCCESS |  
2025-10-20 19:51:34,899 [ForkJoinPool-1-worker-1] INFO  rpc.RpcClient (RpcClient.java:createBucket(686)) - Creating Bucket: vol-b-63292/buc-b-10676, with server-side default bucket layout, runner as owner, Versioning false, Storage Type set to DISK and Encryption set to false, Replication Type set to server-side default replication type, Namespace Quota set to -1, Space Quota set to -1 
2025-10-20 19:51:34,901 [om1-OMStateMachineApplyTransactionThread - 0] INFO  bucket.OMBucketCreateRequest (OMBucketCreateRequest.java:validateAndUpdateCache(303)) - created bucket: buc-b-10676 of layout FILE_SYSTEM_OPTIMIZED in volume: vol-b-63292
2025-10-20 19:51:34,901 | INFO  | OMAudit | user=runner | ip=127.0.0.1 | op=CREATE_BUCKET {"volume":"vol-b-63292","bucket":"buc-b-10676","bucketLayout":"FILE_SYSTEM_OPTIMIZED","gdprEnabled":null,"acls":"[user:runner:a[ACCESS], group:runner:rl[ACCESS]]","isVersionEnabled":"false","storageType":"DISK","creationTime":"1760989894900","bucketEncryptionKey":null,"modificationTime":"1760989894900","usedBytes":"0","usedNamespace":"0","snapshotUsedBytes":"0","snapshotUsedNamespace":"0","owner":"runner","replicationType":null,"replicationConfig":null,"quotaInBytes":"-1","quotaInNamespace":"-1","Transaction":"875"} | ret=SUCCESS |  
2025-10-20 19:51:34,903 | INFO  | OMAudit | user=runner | ip=127.0.0.1 | op=READ_BUCKET {"volume":"vol-a-19801","bucket":"buc-a-22049"} | ret=SUCCESS |  
2025-10-20 19:51:34,904 | INFO  | OMAudit | user=runner | ip=127.0.0.1 | op=READ_BUCKET {"volume":"vol-a-19801","bucket":"buc-b-10676"} | ret=SUCCESS |  
2025-10-20 19:51:34,905 | INFO  | OMAudit | user=runner | ip=127.0.0.1 | op=READ_BUCKET {"volume":"vol-b-63292","bucket":"buc-a-22049"} | ret=SUCCESS |  
2025-10-20 19:51:34,906 | INFO  | OMAudit | user=runner | ip=127.0.0.1 | op=READ_BUCKET {"volume":"vol-b-63292","bucket":"buc-b-10676"} | ret=SUCCESS |  
2025-10-20 19:51:34,911 | INFO  | OMAudit | user=runner | ip=127.0.0.1 | op=READ_BUCKET {"volume":"vol-a-19801","bucket":"buc-a-22049"} | ret=SUCCESS |  
2025-10-20 19:51:34,912 | INFO  | SCMAudit | user=runner | ip=127.0.0.1 | op=ALLOCATE_BLOCK {"replication":"RATIS/ONE","owner":"omServiceIdDefault","size":"4194304","sampleBlocks":"[conID: 8 locID: 115816896921600216]","num":"1","client":"","allocated":"1"} | ret=SUCCESS |  
2025-10-20 19:51:34,914 [om1-OMDoubleBufferFlushThread] INFO  om.OmSnapshotManager (OmSnapshotManager.java:createOmSnapshotCheckpoint(545)) - Created checkpoint: /home/runner/work/ozone/ozone/hadoop-ozone/integration-test/target/test-dir/MiniOzoneClusterImpl-6935df51-69ff-4c35-8bd4-ed2b81d70e54/om/data/db.snapshots/checkpointState/om.db-bdc5124c-31fe-4565-98ff-9024731edc02 for snapshot /vol-a-34073/bucket-a-1-90981/s20251020-195134.627
2025-10-20 19:51:34,916 | INFO  | OMAudit | user=runner | ip=127.0.0.1 | op=ALLOCATE_KEY {"volume":"vol-a-19801","bucket":"buc-a-22049","key":"key-a-0-97423","dataSize":"10240","replicationType":"RATIS","replicationFactor":"ONE","Transaction":"876"} | ret=SUCCESS |  
2025-10-20 19:51:34,931 | INFO  | OMAudit | user=runner | ip=127.0.0.1 | op=COMMIT_KEY {"volume":"vol-a-19801","bucket":"buc-a-22049","key":"key-a-0-97423","dataSize":"10240","replicationType":"RATIS","replicationFactor":"ONE","Transaction":"877"} | ret=SUCCESS |  
2025-10-20 19:51:34,933 | INFO  | OMAudit | user=runner | ip=127.0.0.1 | op=READ_BUCKET {"volume":"vol-a-19801","bucket":"buc-b-10676"} | ret=SUCCESS |  
2025-10-20 19:51:34,934 | INFO  | SCMAudit | user=runner | ip=127.0.0.1 | op=ALLOCATE_BLOCK {"replication":"RATIS/ONE","owner":"omServiceIdDefault","size":"4194304","sampleBlocks":"[conID: 6 locID: 115816896921600217]","num":"1","client":"","allocated":"1"} | ret=SUCCESS |  
2025-10-20 19:51:34,937 | INFO  | OMAudit | user=runner | ip=127.0.0.1 | op=ALLOCATE_KEY {"volume":"vol-a-19801","bucket":"buc-b-10676","key":"key-a-0-54803","dataSize":"10240","replicationType":"RATIS","replicationFactor":"ONE","Transaction":"878"} | ret=SUCCESS |  
2025-10-20 19:51:34,943 | INFO  | OMAudit | user=runner | ip=127.0.0.1 | op=COMMIT_KEY {"volume":"vol-a-19801","bucket":"buc-b-10676","key":"key-a-0-54803","dataSize":"10240","replicationType":"RATIS","replicationFactor":"ONE","Transaction":"879"} | ret=SUCCESS |  
2025-10-20 19:51:34,944 | INFO  | OMAudit | user=runner | ip=127.0.0.1 | op=READ_BUCKET {"volume":"vol-b-63292","bucket":"buc-a-22049"} | ret=SUCCESS |  
2025-10-20 19:51:34,945 | INFO  | SCMAudit | user=runner | ip=127.0.0.1 | op=ALLOCATE_BLOCK {"replication":"RATIS/ONE","owner":"omServiceIdDefault","size":"4194304","sampleBlocks":"[conID: 1 locID: 115816896921600218]","num":"1","client":"","allocated":"1"} | ret=SUCCESS |  
2025-10-20 19:51:34,947 | INFO  | OMAudit | user=runner | ip=127.0.0.1 | op=ALLOCATE_KEY {"volume":"vol-b-63292","bucket":"buc-a-22049","key":"key-a-0-55626","dataSize":"10240","replicationType":"RATIS","replicationFactor":"ONE","Transaction":"880"} | ret=SUCCESS |  
2025-10-20 19:51:34,958 [om1-OMDoubleBufferFlushThread] INFO  db.RDBCheckpointManager (RDBCheckpointManager.java:createCheckpoint(87)) - Created checkpoint in rocksDB at /home/runner/work/ozone/ozone/hadoop-ozone/integration-test/target/test-dir/MiniOzoneClusterImpl-6935df51-69ff-4c35-8bd4-ed2b81d70e54/om/data/db.snapshots/checkpointState/om.db-6a06207c-951f-4670-8ff1-502b5c49ca46 in 41 milliseconds
2025-10-20 19:51:34,959 | INFO  | OMAudit | user=runner | ip=127.0.0.1 | op=COMMIT_KEY {"volume":"vol-b-63292","bucket":"buc-a-22049","key":"key-a-0-55626","dataSize":"10240","replicationType":"RATIS","replicationFactor":"ONE","Transaction":"881"} | ret=SUCCESS |  
2025-10-20 19:51:34,960 | INFO  | OMAudit | user=runner | ip=127.0.0.1 | op=READ_BUCKET {"volume":"vol-b-63292","bucket":"buc-b-10676"} | ret=SUCCESS |  
2025-10-20 19:51:34,961 | INFO  | SCMAudit | user=runner | ip=127.0.0.1 | op=ALLOCATE_BLOCK {"replication":"RATIS/ONE","owner":"omServiceIdDefault","size":"4194304","sampleBlocks":"[conID: 5 locID: 115816896921600219]","num":"1","client":"","allocated":"1"} | ret=SUCCESS |  
2025-10-20 19:51:34,963 | INFO  | OMAudit | user=runner | ip=127.0.0.1 | op=ALLOCATE_KEY {"volume":"vol-b-63292","bucket":"buc-b-10676","key":"key-a-0-76511","dataSize":"10240","replicationType":"RATIS","replicationFactor":"ONE","Transaction":"882"} | ret=SUCCESS |  
2025-10-20 19:51:34,970 | INFO  | OMAudit | user=runner | ip=127.0.0.1 | op=COMMIT_KEY {"volume":"vol-b-63292","bucket":"buc-b-10676","key":"key-a-0-76511","dataSize":"10240","replicationType":"RATIS","replicationFactor":"ONE","Transaction":"883"} | ret=SUCCESS |  
2025-10-20 19:51:34,973 | INFO  | OMAudit | user=runner | ip=127.0.0.1 | op=READ_BUCKET {"volume":"vol-a-19801","bucket":"buc-a-22049"} | ret=SUCCESS |  
2025-10-20 19:51:34,974 | INFO  | SCMAudit | user=runner | ip=127.0.0.1 | op=ALLOCATE_BLOCK {"replication":"RATIS/ONE","owner":"omServiceIdDefault","size":"4194304","sampleBlocks":"[conID: 9 locID: 115816896921600220]","num":"1","client":"","allocated":"1"} | ret=SUCCESS |  
2025-10-20 19:51:34,976 [om1-OMDoubleBufferFlushThread] INFO  om.OmSnapshotManager (OmSnapshotManager.java:createOmSnapshotCheckpoint(545)) - Created checkpoint: /home/runner/work/ozone/ozone/hadoop-ozone/integration-test/target/test-dir/MiniOzoneClusterImpl-6935df51-69ff-4c35-8bd4-ed2b81d70e54/om/data/db.snapshots/checkpointState/om.db-6a06207c-951f-4670-8ff1-502b5c49ca46 for snapshot /vol-b-53033/bucket-a-1-97965/s20251020-195134.635
2025-10-20 19:51:34,977 | INFO  | OMAudit | user=runner | ip=127.0.0.1 | op=ALLOCATE_KEY {"volume":"vol-a-19801","bucket":"buc-a-22049","key":"key-a-1-55389","dataSize":"10240","replicationType":"RATIS","replicationFactor":"ONE","Transaction":"884"} | ret=SUCCESS |  
2025-10-20 19:51:34,987 | INFO  | OMAudit | user=runner | ip=127.0.0.1 | op=COMMIT_KEY {"volume":"vol-a-19801","bucket":"buc-a-22049","key":"key-a-1-55389","dataSize":"10240","replicationType":"RATIS","replicationFactor":"ONE","Transaction":"885"} | ret=SUCCESS |  
2025-10-20 19:51:34,989 | INFO  | OMAudit | user=runner | ip=127.0.0.1 | op=READ_BUCKET {"volume":"vol-a-19801","bucket":"buc-b-10676"} | ret=SUCCESS |  
2025-10-20 19:51:34,989 | INFO  | SCMAudit | user=runner | ip=127.0.0.1 | op=ALLOCATE_BLOCK {"replication":"RATIS/ONE","owner":"omServiceIdDefault","size":"4194304","sampleBlocks":"[conID: 8 locID: 115816896921600221]","num":"1","client":"","allocated":"1"} | ret=SUCCESS |  
2025-10-20 19:51:34,991 | INFO  | OMAudit | user=runner | ip=127.0.0.1 | op=ALLOCATE_KEY {"volume":"vol-a-19801","bucket":"buc-b-10676","key":"key-a-1-91948","dataSize":"10240","replicationType":"RATIS","replicationFactor":"ONE","Transaction":"886"} | ret=SUCCESS |  
2025-10-20 19:51:34,999 | INFO  | OMAudit | user=runner | ip=127.0.0.1 | op=COMMIT_KEY {"volume":"vol-a-19801","bucket":"buc-b-10676","key":"key-a-1-91948","dataSize":"10240","replicationType":"RATIS","replicationFactor":"ONE","Transaction":"887"} | ret=SUCCESS |  
2025-10-20 19:51:35,000 | INFO  | OMAudit | user=runner | ip=127.0.0.1 | op=READ_BUCKET {"volume":"vol-b-63292","bucket":"buc-a-22049"} | ret=SUCCESS |  
2025-10-20 19:51:35,001 | INFO  | SCMAudit | user=runner | ip=127.0.0.1 | op=ALLOCATE_BLOCK {"replication":"RATIS/ONE","owner":"omServiceIdDefault","size":"4194304","sampleBlocks":"[conID: 11 locID: 115816896921600222]","num":"1","client":"","allocated":"1"} | ret=SUCCESS |  
2025-10-20 19:51:35,003 | INFO  | OMAudit | user=runner | ip=127.0.0.1 | op=ALLOCATE_KEY {"volume":"vol-b-63292","bucket":"buc-a-22049","key":"key-a-1-88083","dataSize":"10240","replicationType":"RATIS","replicationFactor":"ONE","Transaction":"888"} | ret=SUCCESS |  
2025-10-20 19:51:35,010 | INFO  | OMAudit | user=runner | ip=127.0.0.1 | op=COMMIT_KEY {"volume":"vol-b-63292","bucket":"buc-a-22049","key":"key-a-1-88083","dataSize":"10240","replicationType":"RATIS","replicationFactor":"ONE","Transaction":"889"} | ret=SUCCESS |  
2025-10-20 19:51:35,011 | INFO  | OMAudit | user=runner | ip=127.0.0.1 | op=READ_BUCKET {"volume":"vol-b-63292","bucket":"buc-b-10676"} | ret=SUCCESS |  
2025-10-20 19:51:35,012 | INFO  | SCMAudit | user=runner | ip=127.0.0.1 | op=ALLOCATE_BLOCK {"replication":"RATIS/ONE","owner":"omServiceIdDefault","size":"4194304","sampleBlocks":"[conID: 5 locID: 115816896921600223]","num":"1","client":"","allocated":"1"} | ret=SUCCESS |  
2025-10-20 19:51:35,014 | INFO  | OMAudit | user=runner | ip=127.0.0.1 | op=ALLOCATE_KEY {"volume":"vol-b-63292","bucket":"buc-b-10676","key":"key-a-1-18137","dataSize":"10240","replicationType":"RATIS","replicationFactor":"ONE","Transaction":"890"} | ret=SUCCESS |  
2025-10-20 19:51:35,019 [om1-OMDoubleBufferFlushThread] INFO  db.RDBCheckpointManager (RDBCheckpointManager.java:createCheckpoint(87)) - Created checkpoint in rocksDB at /home/runner/work/ozone/ozone/hadoop-ozone/integration-test/target/test-dir/MiniOzoneClusterImpl-6935df51-69ff-4c35-8bd4-ed2b81d70e54/om/data/db.snapshots/checkpointState/om.db-0f76c13a-e1cc-4915-a5f4-3b1870ec6ecd in 41 milliseconds
2025-10-20 19:51:35,021 | INFO  | OMAudit | user=runner | ip=127.0.0.1 | op=COMMIT_KEY {"volume":"vol-b-63292","bucket":"buc-b-10676","key":"key-a-1-18137","dataSize":"10240","replicationType":"RATIS","replicationFactor":"ONE","Transaction":"891"} | ret=SUCCESS |  
2025-10-20 19:51:35,025 | INFO  | OMAudit | user=runner | ip=127.0.0.1 | op=READ_BUCKET {"volume":"vol-a-19801","bucket":"buc-a-22049"} | ret=SUCCESS |  
2025-10-20 19:51:35,026 | INFO  | SCMAudit | user=runner | ip=127.0.0.1 | op=ALLOCATE_BLOCK {"replication":"RATIS/ONE","owner":"omServiceIdDefault","size":"4194304","sampleBlocks":"[conID: 6 locID: 115816896921600224]","num":"1","client":"","allocated":"1"} | ret=SUCCESS |  
2025-10-20 19:51:35,029 | INFO  | OMAudit | user=runner | ip=127.0.0.1 | op=ALLOCATE_KEY {"volume":"vol-a-19801","bucket":"buc-a-22049","key":"key-a-2-67033","dataSize":"10240","replicationType":"RATIS","replicationFactor":"ONE","Transaction":"892"} | ret=SUCCESS |  
2025-10-20 19:51:35,036 | INFO  | OMAudit | user=runner | ip=127.0.0.1 | op=COMMIT_KEY {"volume":"vol-a-19801","bucket":"buc-a-22049","key":"key-a-2-67033","dataSize":"10240","replicationType":"RATIS","replicationFactor":"ONE","Transaction":"893"} | ret=SUCCESS |  
2025-10-20 19:51:35,038 | INFO  | OMAudit | user=runner | ip=127.0.0.1 | op=READ_BUCKET {"volume":"vol-a-19801","bucket":"buc-b-10676"} | ret=SUCCESS |  
2025-10-20 19:51:35,039 [om1-OMDoubleBufferFlushThread] INFO  om.OmSnapshotManager (OmSnapshotManager.java:createOmSnapshotCheckpoint(545)) - Created checkpoint: /home/runner/work/ozone/ozone/hadoop-ozone/integration-test/target/test-dir/MiniOzoneClusterImpl-6935df51-69ff-4c35-8bd4-ed2b81d70e54/om/data/db.snapshots/checkpointState/om.db-0f76c13a-e1cc-4915-a5f4-3b1870ec6ecd for snapshot /vol-a-34073/bucket-a-2-13331/s20251020-195134.642
2025-10-20 19:51:35,039 | INFO  | SCMAudit | user=runner | ip=127.0.0.1 | op=ALLOCATE_BLOCK {"replication":"RATIS/ONE","owner":"omServiceIdDefault","size":"4194304","sampleBlocks":"[conID: 10 locID: 115816896921600225]","num":"1","client":"","allocated":"1"} | ret=SUCCESS |  
2025-10-20 19:51:35,042 | INFO  | OMAudit | user=runner | ip=127.0.0.1 | op=ALLOCATE_KEY {"volume":"vol-a-19801","bucket":"buc-b-10676","key":"key-a-2-27913","dataSize":"10240","replicationType":"RATIS","replicationFactor":"ONE","Transaction":"894"} | ret=SUCCESS |  
2025-10-20 19:51:35,055 | INFO  | OMAudit | user=runner | ip=127.0.0.1 | op=COMMIT_KEY {"volume":"vol-a-19801","bucket":"buc-b-10676","key":"key-a-2-27913","dataSize":"10240","replicationType":"RATIS","replicationFactor":"ONE","Transaction":"895"} | ret=SUCCESS |  
2025-10-20 19:51:35,058 | INFO  | OMAudit | user=runner | ip=127.0.0.1 | op=READ_BUCKET {"volume":"vol-b-63292","bucket":"buc-a-22049"} | ret=SUCCESS |  
2025-10-20 19:51:35,058 | INFO  | SCMAudit | user=runner | ip=127.0.0.1 | op=ALLOCATE_BLOCK {"replication":"RATIS/ONE","owner":"omServiceIdDefault","size":"4194304","sampleBlocks":"[conID: 3 locID: 115816896921600226]","num":"1","client":"","allocated":"1"} | ret=SUCCESS |  
2025-10-20 19:51:35,060 | INFO  | OMAudit | user=runner | ip=127.0.0.1 | op=ALLOCATE_KEY {"volume":"vol-b-63292","bucket":"buc-a-22049","key":"key-a-2-49608","dataSize":"10240","replicationType":"RATIS","replicationFactor":"ONE","Transaction":"896"} | ret=SUCCESS |  
2025-10-20 19:51:35,075 | INFO  | OMAudit | user=runner | ip=127.0.0.1 | op=COMMIT_KEY {"volume":"vol-b-63292","bucket":"buc-a-22049","key":"key-a-2-49608","dataSize":"10240","replicationType":"RATIS","replicationFactor":"ONE","Transaction":"897"} | ret=SUCCESS |  
2025-10-20 19:51:35,076 [om1-OMDoubleBufferFlushThread] INFO  db.RDBCheckpointManager (RDBCheckpointManager.java:createCheckpoint(87)) - Created checkpoint in rocksDB at /home/runner/work/ozone/ozone/hadoop-ozone/integration-test/target/test-dir/MiniOzoneClusterImpl-6935df51-69ff-4c35-8bd4-ed2b81d70e54/om/data/db.snapshots/checkpointState/om.db-26fcc7d4-00e5-4d53-8a72-6eff2961a873 in 35 milliseconds
2025-10-20 19:51:35,076 | INFO  | OMAudit | user=runner | ip=127.0.0.1 | op=READ_BUCKET {"volume":"vol-b-63292","bucket":"buc-b-10676"} | ret=SUCCESS |  
2025-10-20 19:51:35,077 | INFO  | SCMAudit | user=runner | ip=127.0.0.1 | op=ALLOCATE_BLOCK {"replication":"RATIS/ONE","owner":"omServiceIdDefault","size":"4194304","sampleBlocks":"[conID: 9 locID: 115816896921600227]","num":"1","client":"","allocated":"1"} | ret=SUCCESS |  
2025-10-20 19:51:35,079 | INFO  | OMAudit | user=runner | ip=127.0.0.1 | op=ALLOCATE_KEY {"volume":"vol-b-63292","bucket":"buc-b-10676","key":"key-a-2-44956","dataSize":"10240","replicationType":"RATIS","replicationFactor":"ONE","Transaction":"898"} | ret=SUCCESS |  
2025-10-20 19:51:35,088 | INFO  | OMAudit | user=runner | ip=127.0.0.1 | op=COMMIT_KEY {"volume":"vol-b-63292","bucket":"buc-b-10676","key":"key-a-2-44956","dataSize":"10240","replicationType":"RATIS","replicationFactor":"ONE","Transaction":"899"} | ret=SUCCESS |  
2025-10-20 19:51:35,090 | INFO  | OMAudit | user=runner | ip=127.0.0.1 | op=READ_BUCKET {"volume":"vol-a-19801","bucket":"buc-a-22049"} | ret=SUCCESS |  
2025-10-20 19:51:35,092 | INFO  | SCMAudit | user=runner | ip=127.0.0.1 | op=ALLOCATE_BLOCK {"replication":"RATIS/ONE","owner":"omServiceIdDefault","size":"4194304","sampleBlocks":"[conID: 12 locID: 115816896921600228]","num":"1","client":"","allocated":"1"} | ret=SUCCESS |  
2025-10-20 19:51:35,095 | INFO  | OMAudit | user=runner | ip=127.0.0.1 | op=ALLOCATE_KEY {"volume":"vol-a-19801","bucket":"buc-a-22049","key":"key-a-3-41613","dataSize":"10240","replicationType":"RATIS","replicationFactor":"ONE","Transaction":"900"} | ret=SUCCESS |  
2025-10-20 19:51:35,098 [om1-OMDoubleBufferFlushThread] INFO  om.OmSnapshotManager (OmSnapshotManager.java:createOmSnapshotCheckpoint(545)) - Created checkpoint: /home/runner/work/ozone/ozone/hadoop-ozone/integration-test/target/test-dir/MiniOzoneClusterImpl-6935df51-69ff-4c35-8bd4-ed2b81d70e54/om/data/db.snapshots/checkpointState/om.db-26fcc7d4-00e5-4d53-8a72-6eff2961a873 for snapshot /vol-b-53033/bucket-a-2-77799/s20251020-195134.647
2025-10-20 19:51:35,111 | INFO  | OMAudit | user=runner | ip=127.0.0.1 | op=COMMIT_KEY {"volume":"vol-a-19801","bucket":"buc-a-22049","key":"key-a-3-41613","dataSize":"10240","replicationType":"RATIS","replicationFactor":"ONE","Transaction":"901"} | ret=SUCCESS |  
2025-10-20 19:51:35,112 | INFO  | OMAudit | user=runner | ip=127.0.0.1 | op=READ_BUCKET {"volume":"vol-a-19801","bucket":"buc-b-10676"} | ret=SUCCESS |  
2025-10-20 19:51:35,115 | INFO  | SCMAudit | user=runner | ip=127.0.0.1 | op=ALLOCATE_BLOCK {"replication":"RATIS/ONE","owner":"omServiceIdDefault","size":"4194304","sampleBlocks":"[conID: 1 locID: 115816896921600229]","num":"1","client":"","allocated":"1"} | ret=SUCCESS |  
2025-10-20 19:51:35,118 | INFO  | OMAudit | user=runner | ip=127.0.0.1 | op=ALLOCATE_KEY {"volume":"vol-a-19801","bucket":"buc-b-10676","key":"key-a-3-17832","dataSize":"10240","replicationType":"RATIS","replicationFactor":"ONE","Transaction":"902"} | ret=SUCCESS |  
2025-10-20 19:51:35,126 | INFO  | OMAudit | user=runner | ip=127.0.0.1 | op=COMMIT_KEY {"volume":"vol-a-19801","bucket":"buc-b-10676","key":"key-a-3-17832","dataSize":"10240","replicationType":"RATIS","replicationFactor":"ONE","Transaction":"903"} | ret=SUCCESS |  
2025-10-20 19:51:35,127 | INFO  | OMAudit | user=runner | ip=127.0.0.1 | op=READ_BUCKET {"volume":"vol-b-63292","bucket":"buc-a-22049"} | ret=SUCCESS |  
2025-10-20 19:51:35,128 | INFO  | SCMAudit | user=runner | ip=127.0.0.1 | op=ALLOCATE_BLOCK {"replication":"RATIS/ONE","owner":"omServiceIdDefault","size":"4194304","sampleBlocks":"[conID: 3 locID: 115816896921600230]","num":"1","client":"","allocated":"1"} | ret=SUCCESS |  
2025-10-20 19:51:35,130 | INFO  | OMAudit | user=runner | ip=127.0.0.1 | op=ALLOCATE_KEY {"volume":"vol-b-63292","bucket":"buc-a-22049","key":"key-a-3-73197","dataSize":"10240","replicationType":"RATIS","replicationFactor":"ONE","Transaction":"904"} | ret=SUCCESS |  
2025-10-20 19:51:35,138 | INFO  | OMAudit | user=runner | ip=127.0.0.1 | op=COMMIT_KEY {"volume":"vol-b-63292","bucket":"buc-a-22049","key":"key-a-3-73197","dataSize":"10240","replicationType":"RATIS","replicationFactor":"ONE","Transaction":"905"} | ret=SUCCESS |  
2025-10-20 19:51:35,139 [om1-OMDoubleBufferFlushThread] INFO  db.RDBCheckpointManager (RDBCheckpointManager.java:createCheckpoint(87)) - Created checkpoint in rocksDB at /home/runner/work/ozone/ozone/hadoop-ozone/integration-test/target/test-dir/MiniOzoneClusterImpl-6935df51-69ff-4c35-8bd4-ed2b81d70e54/om/data/db.snapshots/checkpointState/om.db-00b7eb45-b021-439f-b651-61836298dec3 in 39 milliseconds
2025-10-20 19:51:35,140 | INFO  | OMAudit | user=runner | ip=127.0.0.1 | op=READ_BUCKET {"volume":"vol-b-63292","bucket":"buc-b-10676"} | ret=SUCCESS |  
2025-10-20 19:51:35,142 | INFO  | SCMAudit | user=runner | ip=127.0.0.1 | op=ALLOCATE_BLOCK {"replication":"RATIS/ONE","owner":"omServiceIdDefault","size":"4194304","sampleBlocks":"[conID: 6 locID: 115816896921600231]","num":"1","client":"","allocated":"1"} | ret=SUCCESS |  
2025-10-20 19:51:35,145 | INFO  | OMAudit | user=runner | ip=127.0.0.1 | op=ALLOCATE_KEY {"volume":"vol-b-63292","bucket":"buc-b-10676","key":"key-a-3-95760","dataSize":"10240","replicationType":"RATIS","replicationFactor":"ONE","Transaction":"906"} | ret=SUCCESS |  
2025-10-20 19:51:35,155 | INFO  | OMAudit | user=runner | ip=127.0.0.1 | op=COMMIT_KEY {"volume":"vol-b-63292","bucket":"buc-b-10676","key":"key-a-3-95760","dataSize":"10240","replicationType":"RATIS","replicationFactor":"ONE","Transaction":"907"} | ret=SUCCESS |  
2025-10-20 19:51:35,158 | INFO  | OMAudit | user=runner | ip=127.0.0.1 | op=READ_BUCKET {"volume":"vol-a-19801","bucket":"buc-a-22049"} | ret=SUCCESS |  
2025-10-20 19:51:35,160 | INFO  | SCMAudit | user=runner | ip=127.0.0.1 | op=ALLOCATE_BLOCK {"replication":"RATIS/ONE","owner":"omServiceIdDefault","size":"4194304","sampleBlocks":"[conID: 10 locID: 115816896921600232]","num":"1","client":"","allocated":"1"} | ret=SUCCESS |  
2025-10-20 19:51:35,162 | INFO  | OMAudit | user=runner | ip=127.0.0.1 | op=ALLOCATE_KEY {"volume":"vol-a-19801","bucket":"buc-a-22049","key":"key-a-4-12342","dataSize":"10240","replicationType":"RATIS","replicationFactor":"ONE","Transaction":"908"} | ret=SUCCESS |  
2025-10-20 19:51:35,165 [om1-OMDoubleBufferFlushThread] INFO  om.OmSnapshotManager (OmSnapshotManager.java:createOmSnapshotCheckpoint(545)) - Created checkpoint: /home/runner/work/ozone/ozone/hadoop-ozone/integration-test/target/test-dir/MiniOzoneClusterImpl-6935df51-69ff-4c35-8bd4-ed2b81d70e54/om/data/db.snapshots/checkpointState/om.db-00b7eb45-b021-439f-b651-61836298dec3 for snapshot /vol-a-34073/bucket-a-3-19938/s20251020-195134.656
2025-10-20 19:51:35,173 | INFO  | OMAudit | user=runner | ip=127.0.0.1 | op=COMMIT_KEY {"volume":"vol-a-19801","bucket":"buc-a-22049","key":"key-a-4-12342","dataSize":"10240","replicationType":"RATIS","replicationFactor":"ONE","Transaction":"909"} | ret=SUCCESS |  
2025-10-20 19:51:35,174 | INFO  | SCMAudit | user=runner | ip=127.0.0.1 | op=SEND_HEARTBEAT {"datanodeUUID":"ef67b0a7-5b27-496d-9f38-ab804a28e500","term":"2","command":"[]"} | ret=SUCCESS |  
2025-10-20 19:51:35,175 | INFO  | OMAudit | user=runner | ip=127.0.0.1 | op=READ_BUCKET {"volume":"vol-a-19801","bucket":"buc-b-10676"} | ret=SUCCESS |  
2025-10-20 19:51:35,176 | INFO  | SCMAudit | user=runner | ip=127.0.0.1 | op=SEND_HEARTBEAT {"datanodeUUID":"7bb0e7f0-2b36-4ec0-8a09-ceac75d91a36","term":"2","command":"[]"} | ret=SUCCESS |  
2025-10-20 19:51:35,177 | INFO  | SCMAudit | user=runner | ip=127.0.0.1 | op=ALLOCATE_BLOCK {"replication":"RATIS/ONE","owner":"omServiceIdDefault","size":"4194304","sampleBlocks":"[conID: 9 locID: 115816896921600233]","num":"1","client":"","allocated":"1"} | ret=SUCCESS |  
2025-10-20 19:51:35,180 | INFO  | OMAudit | user=runner | ip=127.0.0.1 | op=ALLOCATE_KEY {"volume":"vol-a-19801","bucket":"buc-b-10676","key":"key-a-4-60362","dataSize":"10240","replicationType":"RATIS","replicationFactor":"ONE","Transaction":"910"} | ret=SUCCESS |  
2025-10-20 19:51:35,190 | INFO  | OMAudit | user=runner | ip=127.0.0.1 | op=COMMIT_KEY {"volume":"vol-a-19801","bucket":"buc-b-10676","key":"key-a-4-60362","dataSize":"10240","replicationType":"RATIS","replicationFactor":"ONE","Transaction":"911"} | ret=SUCCESS |  
2025-10-20 19:51:35,193 | INFO  | OMAudit | user=runner | ip=127.0.0.1 | op=READ_BUCKET {"volume":"vol-b-63292","bucket":"buc-a-22049"} | ret=SUCCESS |  
2025-10-20 19:51:35,194 | INFO  | SCMAudit | user=runner | ip=127.0.0.1 | op=ALLOCATE_BLOCK {"replication":"RATIS/ONE","owner":"omServiceIdDefault","size":"4194304","sampleBlocks":"[conID: 12 locID: 115816896921600234]","num":"1","client":"","allocated":"1"} | ret=SUCCESS |  
2025-10-20 19:51:35,198 | INFO  | OMAudit | user=runner | ip=127.0.0.1 | op=ALLOCATE_KEY {"volume":"vol-b-63292","bucket":"buc-a-22049","key":"key-a-4-45471","dataSize":"10240","replicationType":"RATIS","replicationFactor":"ONE","Transaction":"912"} | ret=SUCCESS |  
2025-10-20 19:51:35,212 | INFO  | OMAudit | user=runner | ip=127.0.0.1 | op=COMMIT_KEY {"volume":"vol-b-63292","bucket":"buc-a-22049","key":"key-a-4-45471","dataSize":"10240","replicationType":"RATIS","replicationFactor":"ONE","Transaction":"913"} | ret=SUCCESS |  
2025-10-20 19:51:35,214 | INFO  | OMAudit | user=runner | ip=127.0.0.1 | op=READ_BUCKET {"volume":"vol-b-63292","bucket":"buc-b-10676"} | ret=SUCCESS |  
2025-10-20 19:51:35,215 | INFO  | SCMAudit | user=runner | ip=127.0.0.1 | op=ALLOCATE_BLOCK {"replication":"RATIS/ONE","owner":"omServiceIdDefault","size":"4194304","sampleBlocks":"[conID: 4 locID: 115816896921600235]","num":"1","client":"","allocated":"1"} | ret=SUCCESS |  
2025-10-20 19:51:35,218 [om1-OMDoubleBufferFlushThread] INFO  db.RDBCheckpointManager (RDBCheckpointManager.java:createCheckpoint(87)) - Created checkpoint in rocksDB at /home/runner/work/ozone/ozone/hadoop-ozone/integration-test/target/test-dir/MiniOzoneClusterImpl-6935df51-69ff-4c35-8bd4-ed2b81d70e54/om/data/db.snapshots/checkpointState/om.db-fd1fd55b-7842-4432-8440-c5c5602edbef in 50 milliseconds
2025-10-20 19:51:35,218 | INFO  | OMAudit | user=runner | ip=127.0.0.1 | op=ALLOCATE_KEY {"volume":"vol-b-63292","bucket":"buc-b-10676","key":"key-a-4-92929","dataSize":"10240","replicationType":"RATIS","replicationFactor":"ONE","Transaction":"914"} | ret=SUCCESS |  
2025-10-20 19:51:35,232 | INFO  | OMAudit | user=runner | ip=127.0.0.1 | op=COMMIT_KEY {"volume":"vol-b-63292","bucket":"buc-b-10676","key":"key-a-4-92929","dataSize":"10240","replicationType":"RATIS","replicationFactor":"ONE","Transaction":"915"} | ret=SUCCESS |  
2025-10-20 19:51:35,234 | INFO  | OMAudit | user=runner | ip=127.0.0.1 | op=READ_BUCKET {"volume":"vol-a-19801","bucket":"buc-a-22049"} | ret=SUCCESS |  
2025-10-20 19:51:35,235 | INFO  | SCMAudit | user=runner | ip=127.0.0.1 | op=ALLOCATE_BLOCK {"replication":"RATIS/ONE","owner":"omServiceIdDefault","size":"4194304","sampleBlocks":"[conID: 4 locID: 115816896921600236]","num":"1","client":"","allocated":"1"} | ret=SUCCESS |  
2025-10-20 19:51:35,238 | INFO  | OMAudit | user=runner | ip=127.0.0.1 | op=ALLOCATE_KEY {"volume":"vol-a-19801","bucket":"buc-a-22049","key":"key-a-5-06269","dataSize":"10240","replicationType":"RATIS","replicationFactor":"ONE","Transaction":"916"} | ret=SUCCESS |  
2025-10-20 19:51:35,245 [om1-OMDoubleBufferFlushThread] INFO  om.OmSnapshotManager (OmSnapshotManager.java:createOmSnapshotCheckpoint(545)) - Created checkpoint: /home/runner/work/ozone/ozone/hadoop-ozone/integration-test/target/test-dir/MiniOzoneClusterImpl-6935df51-69ff-4c35-8bd4-ed2b81d70e54/om/data/db.snapshots/checkpointState/om.db-fd1fd55b-7842-4432-8440-c5c5602edbef for snapshot /vol-b-53033/bucket-a-3-87122/s20251020-195134.663
2025-10-20 19:51:35,249 | INFO  | OMAudit | user=runner | ip=127.0.0.1 | op=COMMIT_KEY {"volume":"vol-a-19801","bucket":"buc-a-22049","key":"key-a-5-06269","dataSize":"10240","replicationType":"RATIS","replicationFactor":"ONE","Transaction":"917"} | ret=SUCCESS |  
2025-10-20 19:51:35,250 | INFO  | OMAudit | user=runner | ip=127.0.0.1 | op=READ_BUCKET {"volume":"vol-a-19801","bucket":"buc-b-10676"} | ret=SUCCESS |  
2025-10-20 19:51:35,251 | INFO  | SCMAudit | user=runner | ip=127.0.0.1 | op=ALLOCATE_BLOCK {"replication":"RATIS/ONE","owner":"omServiceIdDefault","size":"4194304","sampleBlocks":"[conID: 27 locID: 115816896921600237]","num":"1","client":"","allocated":"1"} | ret=SUCCESS |  
2025-10-20 19:51:35,255 | INFO  | OMAudit | user=runner | ip=127.0.0.1 | op=ALLOCATE_KEY {"volume":"vol-a-19801","bucket":"buc-b-10676","key":"key-a-5-08069","dataSize":"10240","replicationType":"RATIS","replicationFactor":"ONE","Transaction":"918"} | ret=SUCCESS |  
2025-10-20 19:51:35,264 | INFO  | SCMAudit | user=runner | ip=127.0.0.1 | op=SEND_HEARTBEAT {"datanodeUUID":"af0e5da1-57af-45e9-9aca-fa0798d05628","term":"2","command":"[]"} | ret=SUCCESS |  
2025-10-20 19:51:35,273 | INFO  | OMAudit | user=runner | ip=127.0.0.1 | op=COMMIT_KEY {"volume":"vol-a-19801","bucket":"buc-b-10676","key":"key-a-5-08069","dataSize":"10240","replicationType":"RATIS","replicationFactor":"ONE","Transaction":"919"} | ret=SUCCESS |  
2025-10-20 19:51:35,276 | INFO  | OMAudit | user=runner | ip=127.0.0.1 | op=READ_BUCKET {"volume":"vol-b-63292","bucket":"buc-a-22049"} | ret=SUCCESS |  
2025-10-20 19:51:35,277 | INFO  | SCMAudit | user=runner | ip=127.0.0.1 | op=ALLOCATE_BLOCK {"replication":"RATIS/ONE","owner":"omServiceIdDefault","size":"4194304","sampleBlocks":"[conID: 11 locID: 115816896921600238]","num":"1","client":"","allocated":"1"} | ret=SUCCESS |  
2025-10-20 19:51:35,280 | INFO  | OMAudit | user=runner | ip=127.0.0.1 | op=ALLOCATE_KEY {"volume":"vol-b-63292","bucket":"buc-a-22049","key":"key-a-5-92077","dataSize":"10240","replicationType":"RATIS","replicationFactor":"ONE","Transaction":"920"} | ret=SUCCESS |  
2025-10-20 19:51:35,289 | INFO  | OMAudit | user=runner | ip=127.0.0.1 | op=COMMIT_KEY {"volume":"vol-b-63292","bucket":"buc-a-22049","key":"key-a-5-92077","dataSize":"10240","replicationType":"RATIS","replicationFactor":"ONE","Transaction":"921"} | ret=SUCCESS |  
2025-10-20 19:51:35,291 [om1-OMDoubleBufferFlushThread] INFO  db.RDBCheckpointManager (RDBCheckpointManager.java:createCheckpoint(87)) - Created checkpoint in rocksDB at /home/runner/work/ozone/ozone/hadoop-ozone/integration-test/target/test-dir/MiniOzoneClusterImpl-6935df51-69ff-4c35-8bd4-ed2b81d70e54/om/data/db.snapshots/checkpointState/om.db-a807330c-e192-4660-9e5b-c507d0c1c03b in 44 milliseconds
2025-10-20 19:51:35,291 | INFO  | OMAudit | user=runner | ip=127.0.0.1 | op=READ_BUCKET {"volume":"vol-b-63292","bucket":"buc-b-10676"} | ret=SUCCESS |  
2025-10-20 19:51:35,292 | INFO  | SCMAudit | user=runner | ip=127.0.0.1 | op=ALLOCATE_BLOCK {"replication":"RATIS/ONE","owner":"omServiceIdDefault","size":"4194304","sampleBlocks":"[conID: 9 locID: 115816896921600239]","num":"1","client":"","allocated":"1"} | ret=SUCCESS |  
2025-10-20 19:51:35,296 | INFO  | OMAudit | user=runner | ip=127.0.0.1 | op=ALLOCATE_KEY {"volume":"vol-b-63292","bucket":"buc-b-10676","key":"key-a-5-94711","dataSize":"10240","replicationType":"RATIS","replicationFactor":"ONE","Transaction":"922"} | ret=SUCCESS |  
2025-10-20 19:51:35,305 | INFO  | OMAudit | user=runner | ip=127.0.0.1 | op=COMMIT_KEY {"volume":"vol-b-63292","bucket":"buc-b-10676","key":"key-a-5-94711","dataSize":"10240","replicationType":"RATIS","replicationFactor":"ONE","Transaction":"923"} | ret=SUCCESS |  
2025-10-20 19:51:35,308 | INFO  | OMAudit | user=runner | ip=127.0.0.1 | op=READ_BUCKET {"volume":"vol-a-19801","bucket":"buc-a-22049"} | ret=SUCCESS |  
2025-10-20 19:51:35,309 | INFO  | SCMAudit | user=runner | ip=127.0.0.1 | op=ALLOCATE_BLOCK {"replication":"RATIS/ONE","owner":"omServiceIdDefault","size":"4194304","sampleBlocks":"[conID: 10 locID: 115816896921600240]","num":"1","client":"","allocated":"1"} | ret=SUCCESS |  
2025-10-20 19:51:35,312 | INFO  | OMAudit | user=runner | ip=127.0.0.1 | op=ALLOCATE_KEY {"volume":"vol-a-19801","bucket":"buc-a-22049","key":"key-a-6-37935","dataSize":"10240","replicationType":"RATIS","replicationFactor":"ONE","Transaction":"924"} | ret=SUCCESS |  
2025-10-20 19:51:35,317 [om1-OMDoubleBufferFlushThread] INFO  om.OmSnapshotManager (OmSnapshotManager.java:createOmSnapshotCheckpoint(545)) - Created checkpoint: /home/runner/work/ozone/ozone/hadoop-ozone/integration-test/target/test-dir/MiniOzoneClusterImpl-6935df51-69ff-4c35-8bd4-ed2b81d70e54/om/data/db.snapshots/checkpointState/om.db-a807330c-e192-4660-9e5b-c507d0c1c03b for snapshot /vol-a-34073/bucket-a-4-95979/s20251020-195134.669
2025-10-20 19:51:35,322 | INFO  | OMAudit | user=runner | ip=127.0.0.1 | op=COMMIT_KEY {"volume":"vol-a-19801","bucket":"buc-a-22049","key":"key-a-6-37935","dataSize":"10240","replicationType":"RATIS","replicationFactor":"ONE","Transaction":"925"} | ret=SUCCESS |  
2025-10-20 19:51:35,323 | INFO  | OMAudit | user=runner | ip=127.0.0.1 | op=READ_BUCKET {"volume":"vol-a-19801","bucket":"buc-b-10676"} | ret=SUCCESS |  
2025-10-20 19:51:35,324 | INFO  | SCMAudit | user=runner | ip=127.0.0.1 | op=ALLOCATE_BLOCK {"replication":"RATIS/ONE","owner":"omServiceIdDefault","size":"4194304","sampleBlocks":"[conID: 7 locID: 115816896921600241]","num":"1","client":"","allocated":"1"} | ret=SUCCESS |  
2025-10-20 19:51:35,327 | INFO  | OMAudit | user=runner | ip=127.0.0.1 | op=ALLOCATE_KEY {"volume":"vol-a-19801","bucket":"buc-b-10676","key":"key-a-6-92428","dataSize":"10240","replicationType":"RATIS","replicationFactor":"ONE","Transaction":"926"} | ret=SUCCESS |  
2025-10-20 19:51:35,351 | INFO  | OMAudit | user=runner | ip=127.0.0.1 | op=COMMIT_KEY {"volume":"vol-a-19801","bucket":"buc-b-10676","key":"key-a-6-92428","dataSize":"10240","replicationType":"RATIS","replicationFactor":"ONE","Transaction":"927"} | ret=SUCCESS |  
2025-10-20 19:51:35,353 | INFO  | OMAudit | user=runner | ip=127.0.0.1 | op=READ_BUCKET {"volume":"vol-b-63292","bucket":"buc-a-22049"} | ret=SUCCESS |  
2025-10-20 19:51:35,355 | INFO  | SCMAudit | user=runner | ip=127.0.0.1 | op=ALLOCATE_BLOCK {"replication":"RATIS/ONE","owner":"omServiceIdDefault","size":"4194304","sampleBlocks":"[conID: 9 locID: 115816896921600242]","num":"1","client":"","allocated":"1"} | ret=SUCCESS |  
2025-10-20 19:51:35,359 | INFO  | OMAudit | user=runner | ip=127.0.0.1 | op=ALLOCATE_KEY {"volume":"vol-b-63292","bucket":"buc-a-22049","key":"key-a-6-22577","dataSize":"10240","replicationType":"RATIS","replicationFactor":"ONE","Transaction":"928"} | ret=SUCCESS |  
2025-10-20 19:51:35,364 [om1-OMDoubleBufferFlushThread] INFO  db.RDBCheckpointManager (RDBCheckpointManager.java:createCheckpoint(87)) - Created checkpoint in rocksDB at /home/runner/work/ozone/ozone/hadoop-ozone/integration-test/target/test-dir/MiniOzoneClusterImpl-6935df51-69ff-4c35-8bd4-ed2b81d70e54/om/data/db.snapshots/checkpointState/om.db-58256e8b-6173-4fe5-b3a8-1589b6a30c9f in 45 milliseconds
2025-10-20 19:51:35,368 | INFO  | OMAudit | user=runner | ip=127.0.0.1 | op=COMMIT_KEY {"volume":"vol-b-63292","bucket":"buc-a-22049","key":"key-a-6-22577","dataSize":"10240","replicationType":"RATIS","replicationFactor":"ONE","Transaction":"929"} | ret=SUCCESS |  
2025-10-20 19:51:35,370 | INFO  | OMAudit | user=runner | ip=127.0.0.1 | op=READ_BUCKET {"volume":"vol-b-63292","bucket":"buc-b-10676"} | ret=SUCCESS |  
2025-10-20 19:51:35,371 | INFO  | SCMAudit | user=runner | ip=127.0.0.1 | op=ALLOCATE_BLOCK {"replication":"RATIS/ONE","owner":"omServiceIdDefault","size":"4194304","sampleBlocks":"[conID: 4 locID: 115816896921600243]","num":"1","client":"","allocated":"1"} | ret=SUCCESS |  
2025-10-20 19:51:35,373 | INFO  | OMAudit | user=runner | ip=127.0.0.1 | op=ALLOCATE_KEY {"volume":"vol-b-63292","bucket":"buc-b-10676","key":"key-a-6-72292","dataSize":"10240","replicationType":"RATIS","replicationFactor":"ONE","Transaction":"930"} | ret=SUCCESS |  
2025-10-20 19:51:35,381 | INFO  | OMAudit | user=runner | ip=127.0.0.1 | op=COMMIT_KEY {"volume":"vol-b-63292","bucket":"buc-b-10676","key":"key-a-6-72292","dataSize":"10240","replicationType":"RATIS","replicationFactor":"ONE","Transaction":"931"} | ret=SUCCESS |  
2025-10-20 19:51:35,387 | INFO  | OMAudit | user=runner | ip=127.0.0.1 | op=READ_BUCKET {"volume":"vol-a-19801","bucket":"buc-a-22049"} | ret=SUCCESS |  
2025-10-20 19:51:35,388 [om1-OMDoubleBufferFlushThread] INFO  om.OmSnapshotManager (OmSnapshotManager.java:createOmSnapshotCheckpoint(545)) - Created checkpoint: /home/runner/work/ozone/ozone/hadoop-ozone/integration-test/target/test-dir/MiniOzoneClusterImpl-6935df51-69ff-4c35-8bd4-ed2b81d70e54/om/data/db.snapshots/checkpointState/om.db-58256e8b-6173-4fe5-b3a8-1589b6a30c9f for snapshot /vol-b-53033/bucket-a-4-16667/s20251020-195134.676
2025-10-20 19:51:35,388 | INFO  | SCMAudit | user=runner | ip=127.0.0.1 | op=ALLOCATE_BLOCK {"replication":"RATIS/ONE","owner":"omServiceIdDefault","size":"4194304","sampleBlocks":"[conID: 5 locID: 115816896921600244]","num":"1","client":"","allocated":"1"} | ret=SUCCESS |  
2025-10-20 19:51:35,393 | INFO  | OMAudit | user=runner | ip=127.0.0.1 | op=ALLOCATE_KEY {"volume":"vol-a-19801","bucket":"buc-a-22049","key":"key-a-7-36295","dataSize":"10240","replicationType":"RATIS","replicationFactor":"ONE","Transaction":"932"} | ret=SUCCESS |  
2025-10-20 19:51:35,400 | INFO  | OMAudit | user=runner | ip=127.0.0.1 | op=COMMIT_KEY {"volume":"vol-a-19801","bucket":"buc-a-22049","key":"key-a-7-36295","dataSize":"10240","replicationType":"RATIS","replicationFactor":"ONE","Transaction":"933"} | ret=SUCCESS |  
2025-10-20 19:51:35,402 | INFO  | OMAudit | user=runner | ip=127.0.0.1 | op=READ_BUCKET {"volume":"vol-a-19801","bucket":"buc-b-10676"} | ret=SUCCESS |  
2025-10-20 19:51:35,402 | INFO  | SCMAudit | user=runner | ip=127.0.0.1 | op=ALLOCATE_BLOCK {"replication":"RATIS/ONE","owner":"omServiceIdDefault","size":"4194304","sampleBlocks":"[conID: 1 locID: 115816896921600245]","num":"1","client":"","allocated":"1"} | ret=SUCCESS |  
2025-10-20 19:51:35,405 | INFO  | OMAudit | user=runner | ip=127.0.0.1 | op=ALLOCATE_KEY {"volume":"vol-a-19801","bucket":"buc-b-10676","key":"key-a-7-15240","dataSize":"10240","replicationType":"RATIS","replicationFactor":"ONE","Transaction":"934"} | ret=SUCCESS |  
2025-10-20 19:51:35,413 | INFO  | OMAudit | user=runner | ip=127.0.0.1 | op=COMMIT_KEY {"volume":"vol-a-19801","bucket":"buc-b-10676","key":"key-a-7-15240","dataSize":"10240","replicationType":"RATIS","replicationFactor":"ONE","Transaction":"935"} | ret=SUCCESS |  
2025-10-20 19:51:35,414 | INFO  | OMAudit | user=runner | ip=127.0.0.1 | op=READ_BUCKET {"volume":"vol-b-63292","bucket":"buc-a-22049"} | ret=SUCCESS |  
2025-10-20 19:51:35,415 | INFO  | SCMAudit | user=runner | ip=127.0.0.1 | op=ALLOCATE_BLOCK {"replication":"RATIS/ONE","owner":"omServiceIdDefault","size":"4194304","sampleBlocks":"[conID: 2 locID: 115816896921600246]","num":"1","client":"","allocated":"1"} | ret=SUCCESS |  
2025-10-20 19:51:35,417 | INFO  | OMAudit | user=runner | ip=127.0.0.1 | op=ALLOCATE_KEY {"volume":"vol-b-63292","bucket":"buc-a-22049","key":"key-a-7-83150","dataSize":"10240","replicationType":"RATIS","replicationFactor":"ONE","Transaction":"936"} | ret=SUCCESS |  
2025-10-20 19:51:35,430 | INFO  | OMAudit | user=runner | ip=127.0.0.1 | op=COMMIT_KEY {"volume":"vol-b-63292","bucket":"buc-a-22049","key":"key-a-7-83150","dataSize":"10240","replicationType":"RATIS","replicationFactor":"ONE","Transaction":"937"} | ret=SUCCESS |  
2025-10-20 19:51:35,433 | INFO  | OMAudit | user=runner | ip=127.0.0.1 | op=READ_BUCKET {"volume":"vol-b-63292","bucket":"buc-b-10676"} | ret=SUCCESS |  
2025-10-20 19:51:35,433 [om1-OMDoubleBufferFlushThread] INFO  db.RDBCheckpointManager (RDBCheckpointManager.java:createCheckpoint(87)) - Created checkpoint in rocksDB at /home/runner/work/ozone/ozone/hadoop-ozone/integration-test/target/test-dir/MiniOzoneClusterImpl-6935df51-69ff-4c35-8bd4-ed2b81d70e54/om/data/db.snapshots/checkpointState/om.db-1f44ee0d-ad64-4330-b70a-e12865fc0bfd in 42 milliseconds
2025-10-20 19:51:35,433 | INFO  | SCMAudit | user=runner | ip=127.0.0.1 | op=ALLOCATE_BLOCK {"replication":"RATIS/ONE","owner":"omServiceIdDefault","size":"4194304","sampleBlocks":"[conID: 10 locID: 115816896921600247]","num":"1","client":"","allocated":"1"} | ret=SUCCESS |  
2025-10-20 19:51:35,436 | INFO  | OMAudit | user=runner | ip=127.0.0.1 | op=ALLOCATE_KEY {"volume":"vol-b-63292","bucket":"buc-b-10676","key":"key-a-7-08564","dataSize":"10240","replicationType":"RATIS","replicationFactor":"ONE","Transaction":"938"} | ret=SUCCESS |  
2025-10-20 19:51:35,444 | INFO  | SCMAudit | user=runner | ip=127.0.0.1 | op=SEND_HEARTBEAT {"datanodeUUID":"b614738c-cdff-4f09-bf59-ed5bb75d51be","term":"2","command":"[]"} | ret=SUCCESS |  
2025-10-20 19:51:35,445 | INFO  | SCMAudit | user=runner | ip=127.0.0.1 | op=SEND_HEARTBEAT {"datanodeUUID":"361055de-215b-4c6c-94c2-be1c1da118d1","term":"2","command":"[]"} | ret=SUCCESS |  
2025-10-20 19:51:35,445 | INFO  | OMAudit | user=runner | ip=127.0.0.1 | op=COMMIT_KEY {"volume":"vol-b-63292","bucket":"buc-b-10676","key":"key-a-7-08564","dataSize":"10240","replicationType":"RATIS","replicationFactor":"ONE","Transaction":"939"} | ret=SUCCESS |  
2025-10-20 19:51:35,447 | INFO  | SCMAudit | user=runner | ip=127.0.0.1 | op=SEND_HEARTBEAT {"datanodeUUID":"38991c48-ffb3-4453-b758-77d6b4ebc62b","term":"2","command":"[]"} | ret=SUCCESS |  
2025-10-20 19:51:35,448 | INFO  | OMAudit | user=runner | ip=127.0.0.1 | op=READ_BUCKET {"volume":"vol-a-19801","bucket":"buc-a-22049"} | ret=SUCCESS |  
2025-10-20 19:51:35,449 | INFO  | SCMAudit | user=runner | ip=127.0.0.1 | op=ALLOCATE_BLOCK {"replication":"RATIS/ONE","owner":"omServiceIdDefault","size":"4194304","sampleBlocks":"[conID: 6 locID: 115816896921600248]","num":"1","client":"","allocated":"1"} | ret=SUCCESS |  
2025-10-20 19:51:35,452 | INFO  | OMAudit | user=runner | ip=127.0.0.1 | op=ALLOCATE_KEY {"volume":"vol-a-19801","bucket":"buc-a-22049","key":"key-a-8-32620","dataSize":"10240","replicationType":"RATIS","replicationFactor":"ONE","Transaction":"940"} | ret=SUCCESS |  
2025-10-20 19:51:35,454 | INFO  | SCMAudit | user=runner | ip=127.0.0.1 | op=SEND_HEARTBEAT {"datanodeUUID":"c90bff1f-5a1f-42c6-8fca-9533d718c79a","term":"2","command":"[]"} | ret=SUCCESS |  
2025-10-20 19:51:35,461 [om1-OMDoubleBufferFlushThread] INFO  om.OmSnapshotManager (OmSnapshotManager.java:createOmSnapshotCheckpoint(545)) - Created checkpoint: /home/runner/work/ozone/ozone/hadoop-ozone/integration-test/target/test-dir/MiniOzoneClusterImpl-6935df51-69ff-4c35-8bd4-ed2b81d70e54/om/data/db.snapshots/checkpointState/om.db-1f44ee0d-ad64-4330-b70a-e12865fc0bfd for snapshot /vol-a-34073/bucket-a-5-14932/s20251020-195134.681
2025-10-20 19:51:35,467 | INFO  | OMAudit | user=runner | ip=127.0.0.1 | op=COMMIT_KEY {"volume":"vol-a-19801","bucket":"buc-a-22049","key":"key-a-8-32620","dataSize":"10240","replicationType":"RATIS","replicationFactor":"ONE","Transaction":"941"} | ret=SUCCESS |  
2025-10-20 19:51:35,469 | INFO  | OMAudit | user=runner | ip=127.0.0.1 | op=READ_BUCKET {"volume":"vol-a-19801","bucket":"buc-b-10676"} | ret=SUCCESS |  
2025-10-20 19:51:35,471 | INFO  | SCMAudit | user=runner | ip=127.0.0.1 | op=ALLOCATE_BLOCK {"replication":"RATIS/ONE","owner":"omServiceIdDefault","size":"4194304","sampleBlocks":"[conID: 11 locID: 115816896921600249]","num":"1","client":"","allocated":"1"} | ret=SUCCESS |  
2025-10-20 19:51:35,474 | INFO  | OMAudit | user=runner | ip=127.0.0.1 | op=ALLOCATE_KEY {"volume":"vol-a-19801","bucket":"buc-b-10676","key":"key-a-8-81135","dataSize":"10240","replicationType":"RATIS","replicationFactor":"ONE","Transaction":"942"} | ret=SUCCESS |  
2025-10-20 19:51:35,482 | INFO  | OMAudit | user=runner | ip=127.0.0.1 | op=COMMIT_KEY {"volume":"vol-a-19801","bucket":"buc-b-10676","key":"key-a-8-81135","dataSize":"10240","replicationType":"RATIS","replicationFactor":"ONE","Transaction":"943"} | ret=SUCCESS |  
2025-10-20 19:51:35,484 | INFO  | OMAudit | user=runner | ip=127.0.0.1 | op=READ_BUCKET {"volume":"vol-b-63292","bucket":"buc-a-22049"} | ret=SUCCESS |  
2025-10-20 19:51:35,485 | INFO  | SCMAudit | user=runner | ip=127.0.0.1 | op=ALLOCATE_BLOCK {"replication":"RATIS/ONE","owner":"omServiceIdDefault","size":"4194304","sampleBlocks":"[conID: 4 locID: 115816896921600250]","num":"1","client":"","allocated":"1"} | ret=SUCCESS |  
2025-10-20 19:51:35,487 | INFO  | OMAudit | user=runner | ip=127.0.0.1 | op=ALLOCATE_KEY {"volume":"vol-b-63292","bucket":"buc-a-22049","key":"key-a-8-52912","dataSize":"10240","replicationType":"RATIS","replicationFactor":"ONE","Transaction":"944"} | ret=SUCCESS |  
2025-10-20 19:51:35,496 | INFO  | OMAudit | user=runner | ip=127.0.0.1 | op=COMMIT_KEY {"volume":"vol-b-63292","bucket":"buc-a-22049","key":"key-a-8-52912","dataSize":"10240","replicationType":"RATIS","replicationFactor":"ONE","Transaction":"945"} | ret=SUCCESS |  
2025-10-20 19:51:35,498 | INFO  | OMAudit | user=runner | ip=127.0.0.1 | op=READ_BUCKET {"volume":"vol-b-63292","bucket":"buc-b-10676"} | ret=SUCCESS |  
2025-10-20 19:51:35,499 | INFO  | SCMAudit | user=runner | ip=127.0.0.1 | op=ALLOCATE_BLOCK {"replication":"RATIS/ONE","owner":"omServiceIdDefault","size":"4194304","sampleBlocks":"[conID: 2 locID: 115816896921600251]","num":"1","client":"","allocated":"1"} | ret=SUCCESS |  
2025-10-20 19:51:35,501 | INFO  | OMAudit | user=runner | ip=127.0.0.1 | op=ALLOCATE_KEY {"volume":"vol-b-63292","bucket":"buc-b-10676","key":"key-a-8-47614","dataSize":"10240","replicationType":"RATIS","replicationFactor":"ONE","Transaction":"946"} | ret=SUCCESS |  
2025-10-20 19:51:35,508 | INFO  | OMAudit | user=runner | ip=127.0.0.1 | op=COMMIT_KEY {"volume":"vol-b-63292","bucket":"buc-b-10676","key":"key-a-8-47614","dataSize":"10240","replicationType":"RATIS","replicationFactor":"ONE","Transaction":"947"} | ret=SUCCESS |  
2025-10-20 19:51:35,510 | INFO  | OMAudit | user=runner | ip=127.0.0.1 | op=READ_BUCKET {"volume":"vol-a-19801","bucket":"buc-a-22049"} | ret=SUCCESS |  
2025-10-20 19:51:35,511 | INFO  | SCMAudit | user=runner | ip=127.0.0.1 | op=ALLOCATE_BLOCK {"replication":"RATIS/ONE","owner":"omServiceIdDefault","size":"4194304","sampleBlocks":"[conID: 13 locID: 115816896921600252]","num":"1","client":"","allocated":"1"} | ret=SUCCESS |  
2025-10-20 19:51:35,513 | INFO  | OMAudit | user=runner | ip=127.0.0.1 | op=ALLOCATE_KEY {"volume":"vol-a-19801","bucket":"buc-a-22049","key":"key-a-9-44441","dataSize":"10240","replicationType":"RATIS","replicationFactor":"ONE","Transaction":"948"} | ret=SUCCESS |  
2025-10-20 19:51:35,515 [om1-OMDoubleBufferFlushThread] INFO  db.RDBCheckpointManager (RDBCheckpointManager.java:createCheckpoint(87)) - Created checkpoint in rocksDB at /home/runner/work/ozone/ozone/hadoop-ozone/integration-test/target/test-dir/MiniOzoneClusterImpl-6935df51-69ff-4c35-8bd4-ed2b81d70e54/om/data/db.snapshots/checkpointState/om.db-176174e1-9049-4ef2-a003-16cbacc34cf2 in 50 milliseconds
2025-10-20 19:51:35,524 | INFO  | OMAudit | user=runner | ip=127.0.0.1 | op=COMMIT_KEY {"volume":"vol-a-19801","bucket":"buc-a-22049","key":"key-a-9-44441","dataSize":"10240","replicationType":"RATIS","replicationFactor":"ONE","Transaction":"949"} | ret=SUCCESS |  
2025-10-20 19:51:35,525 | INFO  | OMAudit | user=runner | ip=127.0.0.1 | op=READ_BUCKET {"volume":"vol-a-19801","bucket":"buc-b-10676"} | ret=SUCCESS |  
2025-10-20 19:51:35,526 | INFO  | SCMAudit | user=runner | ip=127.0.0.1 | op=ALLOCATE_BLOCK {"replication":"RATIS/ONE","owner":"omServiceIdDefault","size":"4194304","sampleBlocks":"[conID: 8 locID: 115816896921600253]","num":"1","client":"","allocated":"1"} | ret=SUCCESS |  
2025-10-20 19:51:35,528 | INFO  | OMAudit | user=runner | ip=127.0.0.1 | op=ALLOCATE_KEY {"volume":"vol-a-19801","bucket":"buc-b-10676","key":"key-a-9-32055","dataSize":"10240","replicationType":"RATIS","replicationFactor":"ONE","Transaction":"950"} | ret=SUCCESS |  
2025-10-20 19:51:35,532 [om1-OMDoubleBufferFlushThread] INFO  om.OmSnapshotManager (OmSnapshotManager.java:createOmSnapshotCheckpoint(545)) - Created checkpoint: /home/runner/work/ozone/ozone/hadoop-ozone/integration-test/target/test-dir/MiniOzoneClusterImpl-6935df51-69ff-4c35-8bd4-ed2b81d70e54/om/data/db.snapshots/checkpointState/om.db-176174e1-9049-4ef2-a003-16cbacc34cf2 for snapshot /vol-b-53033/bucket-a-5-34805/s20251020-195134.687
2025-10-20 19:51:35,535 | INFO  | OMAudit | user=runner | ip=127.0.0.1 | op=COMMIT_KEY {"volume":"vol-a-19801","bucket":"buc-b-10676","key":"key-a-9-32055","dataSize":"10240","replicationType":"RATIS","replicationFactor":"ONE","Transaction":"951"} | ret=SUCCESS |  
2025-10-20 19:51:35,537 | INFO  | OMAudit | user=runner | ip=127.0.0.1 | op=READ_BUCKET {"volume":"vol-b-63292","bucket":"buc-a-22049"} | ret=SUCCESS |  
2025-10-20 19:51:35,537 | INFO  | SCMAudit | user=runner | ip=127.0.0.1 | op=ALLOCATE_BLOCK {"replication":"RATIS/ONE","owner":"omServiceIdDefault","size":"4194304","sampleBlocks":"[conID: 4 locID: 115816896921600254]","num":"1","client":"","allocated":"1"} | ret=SUCCESS |  
2025-10-20 19:51:35,540 | INFO  | OMAudit | user=runner | ip=127.0.0.1 | op=ALLOCATE_KEY {"volume":"vol-b-63292","bucket":"buc-a-22049","key":"key-a-9-50222","dataSize":"10240","replicationType":"RATIS","replicationFactor":"ONE","Transaction":"952"} | ret=SUCCESS |  
2025-10-20 19:51:35,548 | INFO  | OMAudit | user=runner | ip=127.0.0.1 | op=COMMIT_KEY {"volume":"vol-b-63292","bucket":"buc-a-22049","key":"key-a-9-50222","dataSize":"10240","replicationType":"RATIS","replicationFactor":"ONE","Transaction":"953"} | ret=SUCCESS |  
2025-10-20 19:51:35,549 | INFO  | OMAudit | user=runner | ip=127.0.0.1 | op=READ_BUCKET {"volume":"vol-b-63292","bucket":"buc-b-10676"} | ret=SUCCESS |  
2025-10-20 19:51:35,550 | INFO  | SCMAudit | user=runner | ip=127.0.0.1 | op=ALLOCATE_BLOCK {"replication":"RATIS/ONE","owner":"omServiceIdDefault","size":"4194304","sampleBlocks":"[conID: 1 locID: 115816896921600255]","num":"1","client":"","allocated":"1"} | ret=SUCCESS |  
2025-10-20 19:51:35,552 | INFO  | OMAudit | user=runner | ip=127.0.0.1 | op=ALLOCATE_KEY {"volume":"vol-b-63292","bucket":"buc-b-10676","key":"key-a-9-86356","dataSize":"10240","replicationType":"RATIS","replicationFactor":"ONE","Transaction":"954"} | ret=SUCCESS |  
2025-10-20 19:51:35,558 | INFO  | OMAudit | user=runner | ip=127.0.0.1 | op=COMMIT_KEY {"volume":"vol-b-63292","bucket":"buc-b-10676","key":"key-a-9-86356","dataSize":"10240","replicationType":"RATIS","replicationFactor":"ONE","Transaction":"955"} | ret=SUCCESS |  
2025-10-20 19:51:35,561 | INFO  | OMAudit | user=runner | ip=127.0.0.1 | op=READ_BUCKET {"volume":"vol-a-19801","bucket":"buc-a-22049"} | ret=SUCCESS |  
2025-10-20 19:51:35,563 | INFO  | SCMAudit | user=runner | ip=127.0.0.1 | op=ALLOCATE_BLOCK {"replication":"RATIS/ONE","owner":"omServiceIdDefault","size":"4194304","sampleBlocks":"[conID: 12 locID: 115816896921600256]","num":"1","client":"","allocated":"1"} | ret=SUCCESS |  
2025-10-20 19:51:35,566 | INFO  | OMAudit | user=runner | ip=127.0.0.1 | op=ALLOCATE_KEY {"volume":"vol-a-19801","bucket":"buc-a-22049","key":"key-b-0-51200","dataSize":"10240","replicationType":"RATIS","replicationFactor":"ONE","Transaction":"956"} | ret=SUCCESS |  
2025-10-20 19:51:35,572 [om1-OMDoubleBufferFlushThread] INFO  db.RDBCheckpointManager (RDBCheckpointManager.java:createCheckpoint(87)) - Created checkpoint in rocksDB at /home/runner/work/ozone/ozone/hadoop-ozone/integration-test/target/test-dir/MiniOzoneClusterImpl-6935df51-69ff-4c35-8bd4-ed2b81d70e54/om/data/db.snapshots/checkpointState/om.db-e956e78d-7857-4a47-bd7e-de338da83b36 in 38 milliseconds
2025-10-20 19:51:35,576 | INFO  | OMAudit | user=runner | ip=127.0.0.1 | op=COMMIT_KEY {"volume":"vol-a-19801","bucket":"buc-a-22049","key":"key-b-0-51200","dataSize":"10240","replicationType":"RATIS","replicationFactor":"ONE","Transaction":"957"} | ret=SUCCESS |  
2025-10-20 19:51:35,578 | INFO  | OMAudit | user=runner | ip=127.0.0.1 | op=READ_BUCKET {"volume":"vol-a-19801","bucket":"buc-b-10676"} | ret=SUCCESS |  
2025-10-20 19:51:35,579 | INFO  | SCMAudit | user=runner | ip=127.0.0.1 | op=ALLOCATE_BLOCK {"replication":"RATIS/ONE","owner":"omServiceIdDefault","size":"4194304","sampleBlocks":"[conID: 6 locID: 115816896921600257]","num":"1","client":"","allocated":"1"} | ret=SUCCESS |  
2025-10-20 19:51:35,582 | INFO  | OMAudit | user=runner | ip=127.0.0.1 | op=ALLOCATE_KEY {"volume":"vol-a-19801","bucket":"buc-b-10676","key":"key-b-0-78342","dataSize":"10240","replicationType":"RATIS","replicationFactor":"ONE","Transaction":"958"} | ret=SUCCESS |  
2025-10-20 19:51:35,592 | INFO  | OMAudit | user=runner | ip=127.0.0.1 | op=COMMIT_KEY {"volume":"vol-a-19801","bucket":"buc-b-10676","key":"key-b-0-78342","dataSize":"10240","replicationType":"RATIS","replicationFactor":"ONE","Transaction":"959"} | ret=SUCCESS |  
2025-10-20 19:51:35,593 [om1-OMDoubleBufferFlushThread] INFO  om.OmSnapshotManager (OmSnapshotManager.java:createOmSnapshotCheckpoint(545)) - Created checkpoint: /home/runner/work/ozone/ozone/hadoop-ozone/integration-test/target/test-dir/MiniOzoneClusterImpl-6935df51-69ff-4c35-8bd4-ed2b81d70e54/om/data/db.snapshots/checkpointState/om.db-e956e78d-7857-4a47-bd7e-de338da83b36 for snapshot /vol-a-34073/bucket-a-6-12277/s20251020-195134.696
2025-10-20 19:51:35,594 | INFO  | OMAudit | user=runner | ip=127.0.0.1 | op=READ_BUCKET {"volume":"vol-b-63292","bucket":"buc-a-22049"} | ret=SUCCESS |  
2025-10-20 19:51:35,595 | INFO  | SCMAudit | user=runner | ip=127.0.0.1 | op=ALLOCATE_BLOCK {"replication":"RATIS/ONE","owner":"omServiceIdDefault","size":"4194304","sampleBlocks":"[conID: 8 locID: 115816896921600258]","num":"1","client":"","allocated":"1"} | ret=SUCCESS |  
2025-10-20 19:51:35,598 | INFO  | OMAudit | user=runner | ip=127.0.0.1 | op=ALLOCATE_KEY {"volume":"vol-b-63292","bucket":"buc-a-22049","key":"key-b-0-89855","dataSize":"10240","replicationType":"RATIS","replicationFactor":"ONE","Transaction":"960"} | ret=SUCCESS |  
2025-10-20 19:51:35,607 | INFO  | OMAudit | user=runner | ip=127.0.0.1 | op=COMMIT_KEY {"volume":"vol-b-63292","bucket":"buc-a-22049","key":"key-b-0-89855","dataSize":"10240","replicationType":"RATIS","replicationFactor":"ONE","Transaction":"961"} | ret=SUCCESS |  
2025-10-20 19:51:35,609 | INFO  | OMAudit | user=runner | ip=127.0.0.1 | op=READ_BUCKET {"volume":"vol-b-63292","bucket":"buc-b-10676"} | ret=SUCCESS |  
2025-10-20 19:51:35,610 | INFO  | SCMAudit | user=runner | ip=127.0.0.1 | op=ALLOCATE_BLOCK {"replication":"RATIS/ONE","owner":"omServiceIdDefault","size":"4194304","sampleBlocks":"[conID: 6 locID: 115816896921600259]","num":"1","client":"","allocated":"1"} | ret=SUCCESS |  
2025-10-20 19:51:35,612 | INFO  | OMAudit | user=runner | ip=127.0.0.1 | op=ALLOCATE_KEY {"volume":"vol-b-63292","bucket":"buc-b-10676","key":"key-b-0-87837","dataSize":"10240","replicationType":"RATIS","replicationFactor":"ONE","Transaction":"962"} | ret=SUCCESS |  
2025-10-20 19:51:35,620 | INFO  | OMAudit | user=runner | ip=127.0.0.1 | op=COMMIT_KEY {"volume":"vol-b-63292","bucket":"buc-b-10676","key":"key-b-0-87837","dataSize":"10240","replicationType":"RATIS","replicationFactor":"ONE","Transaction":"963"} | ret=SUCCESS |  
2025-10-20 19:51:35,623 | INFO  | OMAudit | user=runner | ip=127.0.0.1 | op=READ_BUCKET {"volume":"vol-a-19801","bucket":"buc-a-22049"} | ret=SUCCESS |  
2025-10-20 19:51:35,624 | INFO  | SCMAudit | user=runner | ip=127.0.0.1 | op=ALLOCATE_BLOCK {"replication":"RATIS/ONE","owner":"omServiceIdDefault","size":"4194304","sampleBlocks":"[conID: 13 locID: 115816896921600260]","num":"1","client":"","allocated":"1"} | ret=SUCCESS |  
2025-10-20 19:51:35,626 | INFO  | OMAudit | user=runner | ip=127.0.0.1 | op=ALLOCATE_KEY {"volume":"vol-a-19801","bucket":"buc-a-22049","key":"key-b-1-87949","dataSize":"10240","replicationType":"RATIS","replicationFactor":"ONE","Transaction":"964"} | ret=SUCCESS |  
2025-10-20 19:51:35,633 | INFO  | OMAudit | user=runner | ip=127.0.0.1 | op=COMMIT_KEY {"volume":"vol-a-19801","bucket":"buc-a-22049","key":"key-b-1-87949","dataSize":"10240","replicationType":"RATIS","replicationFactor":"ONE","Transaction":"965"} | ret=SUCCESS |  
2025-10-20 19:51:35,635 | INFO  | OMAudit | user=runner | ip=127.0.0.1 | op=READ_BUCKET {"volume":"vol-a-19801","bucket":"buc-b-10676"} | ret=SUCCESS |  
2025-10-20 19:51:35,636 | INFO  | SCMAudit | user=runner | ip=127.0.0.1 | op=ALLOCATE_BLOCK {"replication":"RATIS/ONE","owner":"omServiceIdDefault","size":"4194304","sampleBlocks":"[conID: 1 locID: 115816896921600261]","num":"1","client":"","allocated":"1"} | ret=SUCCESS |  
2025-10-20 19:51:35,638 [om1-OMDoubleBufferFlushThread] INFO  db.RDBCheckpointManager (RDBCheckpointManager.java:createCheckpoint(87)) - Created checkpoint in rocksDB at /home/runner/work/ozone/ozone/hadoop-ozone/integration-test/target/test-dir/MiniOzoneClusterImpl-6935df51-69ff-4c35-8bd4-ed2b81d70e54/om/data/db.snapshots/checkpointState/om.db-fa7acbe1-47cf-4cfa-bbf0-c5c462dc3dbf in 41 milliseconds
2025-10-20 19:51:35,638 | INFO  | OMAudit | user=runner | ip=127.0.0.1 | op=ALLOCATE_KEY {"volume":"vol-a-19801","bucket":"buc-b-10676","key":"key-b-1-76943","dataSize":"10240","replicationType":"RATIS","replicationFactor":"ONE","Transaction":"966"} | ret=SUCCESS |  
2025-10-20 19:51:35,646 | INFO  | OMAudit | user=runner | ip=127.0.0.1 | op=COMMIT_KEY {"volume":"vol-a-19801","bucket":"buc-b-10676","key":"key-b-1-76943","dataSize":"10240","replicationType":"RATIS","replicationFactor":"ONE","Transaction":"967"} | ret=SUCCESS |  
2025-10-20 19:51:35,646 | INFO  | SCMAudit | user=runner | ip=127.0.0.1 | op=SEND_HEARTBEAT {"datanodeUUID":"4f2bb3f5-0e03-4f1b-bb4c-79c91b98c7da","term":"2","command":"[]"} | ret=SUCCESS |  
2025-10-20 19:51:35,647 | INFO  | SCMAudit | user=runner | ip=127.0.0.1 | op=SEND_HEARTBEAT {"datanodeUUID":"cc7fbe85-1d98-437b-84f9-04213fee10f0","term":"2","command":"[]"} | ret=SUCCESS |  
2025-10-20 19:51:35,648 | INFO  | OMAudit | user=runner | ip=127.0.0.1 | op=READ_BUCKET {"volume":"vol-b-63292","bucket":"buc-a-22049"} | ret=SUCCESS |  
2025-10-20 19:51:35,648 | INFO  | SCMAudit | user=runner | ip=127.0.0.1 | op=ALLOCATE_BLOCK {"replication":"RATIS/ONE","owner":"omServiceIdDefault","size":"4194304","sampleBlocks":"[conID: 4 locID: 115816896921600262]","num":"1","client":"","allocated":"1"} | ret=SUCCESS |  
2025-10-20 19:51:35,650 | INFO  | SCMAudit | user=runner | ip=127.0.0.1 | op=SEND_HEARTBEAT {"datanodeUUID":"605be85e-a7f4-44d7-8cfd-f53001b990b0","term":"2","command":"[]"} | ret=SUCCESS |  
2025-10-20 19:51:35,651 | INFO  | OMAudit | user=runner | ip=127.0.0.1 | op=ALLOCATE_KEY {"volume":"vol-b-63292","bucket":"buc-a-22049","key":"key-b-1-31238","dataSize":"10240","replicationType":"RATIS","replicationFactor":"ONE","Transaction":"968"} | ret=SUCCESS |  
2025-10-20 19:51:35,659 | INFO  | OMAudit | user=runner | ip=127.0.0.1 | op=COMMIT_KEY {"volume":"vol-b-63292","bucket":"buc-a-22049","key":"key-b-1-31238","dataSize":"10240","replicationType":"RATIS","replicationFactor":"ONE","Transaction":"969"} | ret=SUCCESS |  
2025-10-20 19:51:35,660 [om1-OMDoubleBufferFlushThread] INFO  om.OmSnapshotManager (OmSnapshotManager.java:createOmSnapshotCheckpoint(545)) - Created checkpoint: /home/runner/work/ozone/ozone/hadoop-ozone/integration-test/target/test-dir/MiniOzoneClusterImpl-6935df51-69ff-4c35-8bd4-ed2b81d70e54/om/data/db.snapshots/checkpointState/om.db-fa7acbe1-47cf-4cfa-bbf0-c5c462dc3dbf for snapshot /vol-b-53033/bucket-a-6-17141/s20251020-195134.702
2025-10-20 19:51:35,661 | INFO  | OMAudit | user=runner | ip=127.0.0.1 | op=READ_BUCKET {"volume":"vol-b-63292","bucket":"buc-b-10676"} | ret=SUCCESS |  
2025-10-20 19:51:35,662 | INFO  | SCMAudit | user=runner | ip=127.0.0.1 | op=ALLOCATE_BLOCK {"replication":"RATIS/ONE","owner":"omServiceIdDefault","size":"4194304","sampleBlocks":"[conID: 8 locID: 115816896921600263]","num":"1","client":"","allocated":"1"} | ret=SUCCESS |  
2025-10-20 19:51:35,664 | INFO  | OMAudit | user=runner | ip=127.0.0.1 | op=ALLOCATE_KEY {"volume":"vol-b-63292","bucket":"buc-b-10676","key":"key-b-1-32985","dataSize":"10240","replicationType":"RATIS","replicationFactor":"ONE","Transaction":"970"} | ret=SUCCESS |  
2025-10-20 19:51:35,671 | INFO  | OMAudit | user=runner | ip=127.0.0.1 | op=COMMIT_KEY {"volume":"vol-b-63292","bucket":"buc-b-10676","key":"key-b-1-32985","dataSize":"10240","replicationType":"RATIS","replicationFactor":"ONE","Transaction":"971"} | ret=SUCCESS |  
2025-10-20 19:51:35,673 | INFO  | OMAudit | user=runner | ip=127.0.0.1 | op=READ_BUCKET {"volume":"vol-a-19801","bucket":"buc-a-22049"} | ret=SUCCESS |  
2025-10-20 19:51:35,674 | INFO  | SCMAudit | user=runner | ip=127.0.0.1 | op=ALLOCATE_BLOCK {"replication":"RATIS/ONE","owner":"omServiceIdDefault","size":"4194304","sampleBlocks":"[conID: 1 locID: 115816896921600264]","num":"1","client":"","allocated":"1"} | ret=SUCCESS |  
2025-10-20 19:51:35,676 | INFO  | OMAudit | user=runner | ip=127.0.0.1 | op=ALLOCATE_KEY {"volume":"vol-a-19801","bucket":"buc-a-22049","key":"key-b-2-75350","dataSize":"10240","replicationType":"RATIS","replicationFactor":"ONE","Transaction":"972"} | ret=SUCCESS |  
2025-10-20 19:51:35,682 | INFO  | OMAudit | user=runner | ip=127.0.0.1 | op=COMMIT_KEY {"volume":"vol-a-19801","bucket":"buc-a-22049","key":"key-b-2-75350","dataSize":"10240","replicationType":"RATIS","replicationFactor":"ONE","Transaction":"973"} | ret=SUCCESS |  
2025-10-20 19:51:35,684 | INFO  | OMAudit | user=runner | ip=127.0.0.1 | op=READ_BUCKET {"volume":"vol-a-19801","bucket":"buc-b-10676"} | ret=SUCCESS |  
2025-10-20 19:51:35,685 | INFO  | SCMAudit | user=runner | ip=127.0.0.1 | op=ALLOCATE_BLOCK {"replication":"RATIS/ONE","owner":"omServiceIdDefault","size":"4194304","sampleBlocks":"[conID: 10 locID: 115816896921600265]","num":"1","client":"","allocated":"1"} | ret=SUCCESS |  
2025-10-20 19:51:35,687 | INFO  | OMAudit | user=runner | ip=127.0.0.1 | op=ALLOCATE_KEY {"volume":"vol-a-19801","bucket":"buc-b-10676","key":"key-b-2-57501","dataSize":"10240","replicationType":"RATIS","replicationFactor":"ONE","Transaction":"974"} | ret=SUCCESS |  
2025-10-20 19:51:35,695 | INFO  | OMAudit | user=runner | ip=127.0.0.1 | op=COMMIT_KEY {"volume":"vol-a-19801","bucket":"buc-b-10676","key":"key-b-2-57501","dataSize":"10240","replicationType":"RATIS","replicationFactor":"ONE","Transaction":"975"} | ret=SUCCESS |  
2025-10-20 19:51:35,697 | INFO  | OMAudit | user=runner | ip=127.0.0.1 | op=READ_BUCKET {"volume":"vol-b-63292","bucket":"buc-a-22049"} | ret=SUCCESS |  
2025-10-20 19:51:35,698 | INFO  | SCMAudit | user=runner | ip=127.0.0.1 | op=ALLOCATE_BLOCK {"replication":"RATIS/ONE","owner":"omServiceIdDefault","size":"4194304","sampleBlocks":"[conID: 9 locID: 115816896921600266]","num":"1","client":"","allocated":"1"} | ret=SUCCESS |  
2025-10-20 19:51:35,700 | INFO  | OMAudit | user=runner | ip=127.0.0.1 | op=ALLOCATE_KEY {"volume":"vol-b-63292","bucket":"buc-a-22049","key":"key-b-2-57220","dataSize":"10240","replicationType":"RATIS","replicationFactor":"ONE","Transaction":"976"} | ret=SUCCESS |  
2025-10-20 19:51:35,707 | INFO  | OMAudit | user=runner | ip=127.0.0.1 | op=COMMIT_KEY {"volume":"vol-b-63292","bucket":"buc-a-22049","key":"key-b-2-57220","dataSize":"10240","replicationType":"RATIS","replicationFactor":"ONE","Transaction":"977"} | ret=SUCCESS |  
2025-10-20 19:51:35,709 | INFO  | OMAudit | user=runner | ip=127.0.0.1 | op=READ_BUCKET {"volume":"vol-b-63292","bucket":"buc-b-10676"} | ret=SUCCESS |  
2025-10-20 19:51:35,710 [om1-OMDoubleBufferFlushThread] INFO  db.RDBCheckpointManager (RDBCheckpointManager.java:createCheckpoint(87)) - Created checkpoint in rocksDB at /home/runner/work/ozone/ozone/hadoop-ozone/integration-test/target/test-dir/MiniOzoneClusterImpl-6935df51-69ff-4c35-8bd4-ed2b81d70e54/om/data/db.snapshots/checkpointState/om.db-765bc996-a692-4422-be4e-76281e7daa74 in 48 milliseconds
2025-10-20 19:51:35,710 | INFO  | SCMAudit | user=runner | ip=127.0.0.1 | op=ALLOCATE_BLOCK {"replication":"RATIS/ONE","owner":"omServiceIdDefault","size":"4194304","sampleBlocks":"[conID: 3 locID: 115816896921600267]","num":"1","client":"","allocated":"1"} | ret=SUCCESS |  
2025-10-20 19:51:35,713 | INFO  | OMAudit | user=runner | ip=127.0.0.1 | op=ALLOCATE_KEY {"volume":"vol-b-63292","bucket":"buc-b-10676","key":"key-b-2-65780","dataSize":"10240","replicationType":"RATIS","replicationFactor":"ONE","Transaction":"978"} | ret=SUCCESS |  
2025-10-20 19:51:35,723 | INFO  | OMAudit | user=runner | ip=127.0.0.1 | op=COMMIT_KEY {"volume":"vol-b-63292","bucket":"buc-b-10676","key":"key-b-2-65780","dataSize":"10240","replicationType":"RATIS","replicationFactor":"ONE","Transaction":"979"} | ret=SUCCESS |  
2025-10-20 19:51:35,725 | INFO  | SCMAudit | user=runner | ip=127.0.0.1 | op=SEND_HEARTBEAT {"datanodeUUID":"feb39a1c-80cb-4714-ab06-a361236e3029","term":"2","command":"[]"} | ret=SUCCESS |  
2025-10-20 19:51:35,725 | INFO  | OMAudit | user=runner | ip=127.0.0.1 | op=READ_BUCKET {"volume":"vol-a-19801","bucket":"buc-a-22049"} | ret=SUCCESS |  
2025-10-20 19:51:35,726 | INFO  | SCMAudit | user=runner | ip=127.0.0.1 | op=ALLOCATE_BLOCK {"replication":"RATIS/ONE","owner":"omServiceIdDefault","size":"4194304","sampleBlocks":"[conID: 2 locID: 115816896921600268]","num":"1","client":"","allocated":"1"} | ret=SUCCESS |  
2025-10-20 19:51:35,728 | INFO  | OMAudit | user=runner | ip=127.0.0.1 | op=ALLOCATE_KEY {"volume":"vol-a-19801","bucket":"buc-a-22049","key":"key-b-3-18215","dataSize":"10240","replicationType":"RATIS","replicationFactor":"ONE","Transaction":"980"} | ret=SUCCESS |  
2025-10-20 19:51:35,731 [om1-OMDoubleBufferFlushThread] INFO  om.OmSnapshotManager (OmSnapshotManager.java:createOmSnapshotCheckpoint(545)) - Created checkpoint: /home/runner/work/ozone/ozone/hadoop-ozone/integration-test/target/test-dir/MiniOzoneClusterImpl-6935df51-69ff-4c35-8bd4-ed2b81d70e54/om/data/db.snapshots/checkpointState/om.db-765bc996-a692-4422-be4e-76281e7daa74 for snapshot /vol-a-34073/bucket-a-7-17397/s20251020-195134.709
2025-10-20 19:51:35,738 | INFO  | OMAudit | user=runner | ip=127.0.0.1 | op=COMMIT_KEY {"volume":"vol-a-19801","bucket":"buc-a-22049","key":"key-b-3-18215","dataSize":"10240","replicationType":"RATIS","replicationFactor":"ONE","Transaction":"981"} | ret=SUCCESS |  
2025-10-20 19:51:35,739 | INFO  | OMAudit | user=runner | ip=127.0.0.1 | op=READ_BUCKET {"volume":"vol-a-19801","bucket":"buc-b-10676"} | ret=SUCCESS |  
2025-10-20 19:51:35,740 | INFO  | SCMAudit | user=runner | ip=127.0.0.1 | op=ALLOCATE_BLOCK {"replication":"RATIS/ONE","owner":"omServiceIdDefault","size":"4194304","sampleBlocks":"[conID: 11 locID: 115816896921600269]","num":"1","client":"","allocated":"1"} | ret=SUCCESS |  
2025-10-20 19:51:35,741 | INFO  | SCMAudit | user=runner | ip=127.0.0.1 | op=SEND_HEARTBEAT {"datanodeUUID":"e05592a5-d00f-4fc1-9e39-a968c1ecb04e","term":"2","command":"[]"} | ret=SUCCESS |  
2025-10-20 19:51:35,743 | INFO  | SCMAudit | user=runner | ip=127.0.0.1 | op=SEND_HEARTBEAT {"datanodeUUID":"33f74daf-be7a-4306-b2af-53e409c4cb93","term":"2","command":"[]"} | ret=SUCCESS |  
2025-10-20 19:51:35,744 | INFO  | OMAudit | user=runner | ip=127.0.0.1 | op=ALLOCATE_KEY {"volume":"vol-a-19801","bucket":"buc-b-10676","key":"key-b-3-30667","dataSize":"10240","replicationType":"RATIS","replicationFactor":"ONE","Transaction":"982"} | ret=SUCCESS |  
2025-10-20 19:51:35,750 | INFO  | OMAudit | user=runner | ip=127.0.0.1 | op=COMMIT_KEY {"volume":"vol-a-19801","bucket":"buc-b-10676","key":"key-b-3-30667","dataSize":"10240","replicationType":"RATIS","replicationFactor":"ONE","Transaction":"983"} | ret=SUCCESS |  
2025-10-20 19:51:35,751 | INFO  | OMAudit | user=runner | ip=127.0.0.1 | op=READ_BUCKET {"volume":"vol-b-63292","bucket":"buc-a-22049"} | ret=SUCCESS |  
2025-10-20 19:51:35,752 | INFO  | SCMAudit | user=runner | ip=127.0.0.1 | op=ALLOCATE_BLOCK {"replication":"RATIS/ONE","owner":"omServiceIdDefault","size":"4194304","sampleBlocks":"[conID: 8 locID: 115816896921600270]","num":"1","client":"","allocated":"1"} | ret=SUCCESS |  
2025-10-20 19:51:35,754 | INFO  | OMAudit | user=runner | ip=127.0.0.1 | op=ALLOCATE_KEY {"volume":"vol-b-63292","bucket":"buc-a-22049","key":"key-b-3-78410","dataSize":"10240","replicationType":"RATIS","replicationFactor":"ONE","Transaction":"984"} | ret=SUCCESS |  
2025-10-20 19:51:35,764 | INFO  | OMAudit | user=runner | ip=127.0.0.1 | op=COMMIT_KEY {"volume":"vol-b-63292","bucket":"buc-a-22049","key":"key-b-3-78410","dataSize":"10240","replicationType":"RATIS","replicationFactor":"ONE","Transaction":"985"} | ret=SUCCESS |  
2025-10-20 19:51:35,766 | INFO  | OMAudit | user=runner | ip=127.0.0.1 | op=READ_BUCKET {"volume":"vol-b-63292","bucket":"buc-b-10676"} | ret=SUCCESS |  
2025-10-20 19:51:35,767 | INFO  | SCMAudit | user=runner | ip=127.0.0.1 | op=ALLOCATE_BLOCK {"replication":"RATIS/ONE","owner":"omServiceIdDefault","size":"4194304","sampleBlocks":"[conID: 8 locID: 115816896921600271]","num":"1","client":"","allocated":"1"} | ret=SUCCESS |  
2025-10-20 19:51:35,769 | INFO  | OMAudit | user=runner | ip=127.0.0.1 | op=ALLOCATE_KEY {"volume":"vol-b-63292","bucket":"buc-b-10676","key":"key-b-3-89002","dataSize":"10240","replicationType":"RATIS","replicationFactor":"ONE","Transaction":"986"} | ret=SUCCESS |  
2025-10-20 19:51:35,778 | INFO  | OMAudit | user=runner | ip=127.0.0.1 | op=COMMIT_KEY {"volume":"vol-b-63292","bucket":"buc-b-10676","key":"key-b-3-89002","dataSize":"10240","replicationType":"RATIS","replicationFactor":"ONE","Transaction":"987"} | ret=SUCCESS |  
2025-10-20 19:51:35,781 | INFO  | OMAudit | user=runner | ip=127.0.0.1 | op=READ_BUCKET {"volume":"vol-a-19801","bucket":"buc-a-22049"} | ret=SUCCESS |  
2025-10-20 19:51:35,783 | INFO  | SCMAudit | user=runner | ip=127.0.0.1 | op=ALLOCATE_BLOCK {"replication":"RATIS/ONE","owner":"omServiceIdDefault","size":"4194304","sampleBlocks":"[conID: 6 locID: 115816896921600272]","num":"1","client":"","allocated":"1"} | ret=SUCCESS |  
2025-10-20 19:51:35,785 | INFO  | OMAudit | user=runner | ip=127.0.0.1 | op=ALLOCATE_KEY {"volume":"vol-a-19801","bucket":"buc-a-22049","key":"key-b-4-53678","dataSize":"10240","replicationType":"RATIS","replicationFactor":"ONE","Transaction":"988"} | ret=SUCCESS |  
2025-10-20 19:51:35,786 [om1-OMDoubleBufferFlushThread] INFO  db.RDBCheckpointManager (RDBCheckpointManager.java:createCheckpoint(87)) - Created checkpoint in rocksDB at /home/runner/work/ozone/ozone/hadoop-ozone/integration-test/target/test-dir/MiniOzoneClusterImpl-6935df51-69ff-4c35-8bd4-ed2b81d70e54/om/data/db.snapshots/checkpointState/om.db-185fd468-3415-4e69-91ea-7e0feab670ff in 52 milliseconds
2025-10-20 19:51:35,794 | INFO  | OMAudit | user=runner | ip=127.0.0.1 | op=COMMIT_KEY {"volume":"vol-a-19801","bucket":"buc-a-22049","key":"key-b-4-53678","dataSize":"10240","replicationType":"RATIS","replicationFactor":"ONE","Transaction":"989"} | ret=SUCCESS |  
2025-10-20 19:51:35,795 | INFO  | OMAudit | user=runner | ip=127.0.0.1 | op=READ_BUCKET {"volume":"vol-a-19801","bucket":"buc-b-10676"} | ret=SUCCESS |  
2025-10-20 19:51:35,796 | INFO  | SCMAudit | user=runner | ip=127.0.0.1 | op=ALLOCATE_BLOCK {"replication":"RATIS/ONE","owner":"omServiceIdDefault","size":"4194304","sampleBlocks":"[conID: 8 locID: 115816896921600273]","num":"1","client":"","allocated":"1"} | ret=SUCCESS |  
2025-10-20 19:51:35,797 | INFO  | OMAudit | user=runner | ip=127.0.0.1 | op=ALLOCATE_KEY {"volume":"vol-a-19801","bucket":"buc-b-10676","key":"key-b-4-89412","dataSize":"10240","replicationType":"RATIS","replicationFactor":"ONE","Transaction":"990"} | ret=SUCCESS |  
2025-10-20 19:51:35,804 [om1-OMDoubleBufferFlushThread] INFO  om.OmSnapshotManager (OmSnapshotManager.java:createOmSnapshotCheckpoint(545)) - Created checkpoint: /home/runner/work/ozone/ozone/hadoop-ozone/integration-test/target/test-dir/MiniOzoneClusterImpl-6935df51-69ff-4c35-8bd4-ed2b81d70e54/om/data/db.snapshots/checkpointState/om.db-185fd468-3415-4e69-91ea-7e0feab670ff for snapshot /vol-b-53033/bucket-a-7-08470/s20251020-195134.715
2025-10-20 19:51:35,809 | INFO  | OMAudit | user=runner | ip=127.0.0.1 | op=COMMIT_KEY {"volume":"vol-a-19801","bucket":"buc-b-10676","key":"key-b-4-89412","dataSize":"10240","replicationType":"RATIS","replicationFactor":"ONE","Transaction":"991"} | ret=SUCCESS |  
2025-10-20 19:51:35,810 | INFO  | OMAudit | user=runner | ip=127.0.0.1 | op=READ_BUCKET {"volume":"vol-b-63292","bucket":"buc-a-22049"} | ret=SUCCESS |  
2025-10-20 19:51:35,812 | INFO  | SCMAudit | user=runner | ip=127.0.0.1 | op=ALLOCATE_BLOCK {"replication":"RATIS/ONE","owner":"omServiceIdDefault","size":"4194304","sampleBlocks":"[conID: 11 locID: 115816896921600274]","num":"1","client":"","allocated":"1"} | ret=SUCCESS |  
2025-10-20 19:51:35,815 | INFO  | OMAudit | user=runner | ip=127.0.0.1 | op=ALLOCATE_KEY {"volume":"vol-b-63292","bucket":"buc-a-22049","key":"key-b-4-64646","dataSize":"10240","replicationType":"RATIS","replicationFactor":"ONE","Transaction":"992"} | ret=SUCCESS |  
2025-10-20 19:51:35,824 | INFO  | OMAudit | user=runner | ip=127.0.0.1 | op=COMMIT_KEY {"volume":"vol-b-63292","bucket":"buc-a-22049","key":"key-b-4-64646","dataSize":"10240","replicationType":"RATIS","replicationFactor":"ONE","Transaction":"993"} | ret=SUCCESS |  
2025-10-20 19:51:35,825 | INFO  | OMAudit | user=runner | ip=127.0.0.1 | op=READ_BUCKET {"volume":"vol-b-63292","bucket":"buc-b-10676"} | ret=SUCCESS |  
2025-10-20 19:51:35,827 | INFO  | SCMAudit | user=runner | ip=127.0.0.1 | op=ALLOCATE_BLOCK {"replication":"RATIS/ONE","owner":"omServiceIdDefault","size":"4194304","sampleBlocks":"[conID: 13 locID: 115816896921600275]","num":"1","client":"","allocated":"1"} | ret=SUCCESS |  
2025-10-20 19:51:35,829 | INFO  | OMAudit | user=runner | ip=127.0.0.1 | op=ALLOCATE_KEY {"volume":"vol-b-63292","bucket":"buc-b-10676","key":"key-b-4-00044","dataSize":"10240","replicationType":"RATIS","replicationFactor":"ONE","Transaction":"994"} | ret=SUCCESS |  
2025-10-20 19:51:35,837 | INFO  | OMAudit | user=runner | ip=127.0.0.1 | op=COMMIT_KEY {"volume":"vol-b-63292","bucket":"buc-b-10676","key":"key-b-4-00044","dataSize":"10240","replicationType":"RATIS","replicationFactor":"ONE","Transaction":"995"} | ret=SUCCESS |  
2025-10-20 19:51:35,841 | INFO  | OMAudit | user=runner | ip=127.0.0.1 | op=READ_BUCKET {"volume":"vol-a-19801","bucket":"buc-a-22049"} | ret=SUCCESS |  
2025-10-20 19:51:35,842 | INFO  | SCMAudit | user=runner | ip=127.0.0.1 | op=ALLOCATE_BLOCK {"replication":"RATIS/ONE","owner":"omServiceIdDefault","size":"4194304","sampleBlocks":"[conID: 27 locID: 115816896921600276]","num":"1","client":"","allocated":"1"} | ret=SUCCESS |  
2025-10-20 19:51:35,844 | INFO  | SCMAudit | user=runner | ip=127.0.0.1 | op=SEND_HEARTBEAT {"datanodeUUID":"d7d8cf72-b9f6-4979-9c53-007dd6e6e48a","term":"2","command":"[]"} | ret=SUCCESS |  
2025-10-20 19:51:35,846 | INFO  | OMAudit | user=runner | ip=127.0.0.1 | op=ALLOCATE_KEY {"volume":"vol-a-19801","bucket":"buc-a-22049","key":"key-b-5-93245","dataSize":"10240","replicationType":"RATIS","replicationFactor":"ONE","Transaction":"996"} | ret=SUCCESS |  
2025-10-20 19:51:35,854 [om1-OMDoubleBufferFlushThread] INFO  db.RDBCheckpointManager (RDBCheckpointManager.java:createCheckpoint(87)) - Created checkpoint in rocksDB at /home/runner/work/ozone/ozone/hadoop-ozone/integration-test/target/test-dir/MiniOzoneClusterImpl-6935df51-69ff-4c35-8bd4-ed2b81d70e54/om/data/db.snapshots/checkpointState/om.db-3011db16-4502-42b0-b4d5-1e86f5ac16c4 in 48 milliseconds
2025-10-20 19:51:35,855 | INFO  | OMAudit | user=runner | ip=127.0.0.1 | op=COMMIT_KEY {"volume":"vol-a-19801","bucket":"buc-a-22049","key":"key-b-5-93245","dataSize":"10240","replicationType":"RATIS","replicationFactor":"ONE","Transaction":"997"} | ret=SUCCESS |  
2025-10-20 19:51:35,857 | INFO  | OMAudit | user=runner | ip=127.0.0.1 | op=READ_BUCKET {"volume":"vol-a-19801","bucket":"buc-b-10676"} | ret=SUCCESS |  
2025-10-20 19:51:35,857 | INFO  | SCMAudit | user=runner | ip=127.0.0.1 | op=ALLOCATE_BLOCK {"replication":"RATIS/ONE","owner":"omServiceIdDefault","size":"4194304","sampleBlocks":"[conID: 6 locID: 115816896921600277]","num":"1","client":"","allocated":"1"} | ret=SUCCESS |  
2025-10-20 19:51:35,860 | INFO  | OMAudit | user=runner | ip=127.0.0.1 | op=ALLOCATE_KEY {"volume":"vol-a-19801","bucket":"buc-b-10676","key":"key-b-5-08823","dataSize":"10240","replicationType":"RATIS","replicationFactor":"ONE","Transaction":"998"} | ret=SUCCESS |  
2025-10-20 19:51:35,869 | INFO  | OMAudit | user=runner | ip=127.0.0.1 | op=COMMIT_KEY {"volume":"vol-a-19801","bucket":"buc-b-10676","key":"key-b-5-08823","dataSize":"10240","replicationType":"RATIS","replicationFactor":"ONE","Transaction":"999"} | ret=SUCCESS |  
2025-10-20 19:51:35,871 | INFO  | OMAudit | user=runner | ip=127.0.0.1 | op=READ_BUCKET {"volume":"vol-b-63292","bucket":"buc-a-22049"} | ret=SUCCESS |  
2025-10-20 19:51:35,872 | INFO  | SCMAudit | user=runner | ip=127.0.0.1 | op=ALLOCATE_BLOCK {"replication":"RATIS/ONE","owner":"omServiceIdDefault","size":"4194304","sampleBlocks":"[conID: 7 locID: 115816896921600278]","num":"1","client":"","allocated":"1"} | ret=SUCCESS |  
2025-10-20 19:51:35,874 [om1-OMDoubleBufferFlushThread] INFO  om.OmSnapshotManager (OmSnapshotManager.java:createOmSnapshotCheckpoint(545)) - Created checkpoint: /home/runner/work/ozone/ozone/hadoop-ozone/integration-test/target/test-dir/MiniOzoneClusterImpl-6935df51-69ff-4c35-8bd4-ed2b81d70e54/om/data/db.snapshots/checkpointState/om.db-3011db16-4502-42b0-b4d5-1e86f5ac16c4 for snapshot /vol-a-34073/bucket-a-8-64395/s20251020-195134.723
2025-10-20 19:51:35,875 | INFO  | OMAudit | user=runner | ip=127.0.0.1 | op=ALLOCATE_KEY {"volume":"vol-b-63292","bucket":"buc-a-22049","key":"key-b-5-10482","dataSize":"10240","replicationType":"RATIS","replicationFactor":"ONE","Transaction":"1000"} | ret=SUCCESS |  
2025-10-20 19:51:35,883 | INFO  | OMAudit | user=runner | ip=127.0.0.1 | op=COMMIT_KEY {"volume":"vol-b-63292","bucket":"buc-a-22049","key":"key-b-5-10482","dataSize":"10240","replicationType":"RATIS","replicationFactor":"ONE","Transaction":"1001"} | ret=SUCCESS |  
2025-10-20 19:51:35,886 | INFO  | OMAudit | user=runner | ip=127.0.0.1 | op=READ_BUCKET {"volume":"vol-b-63292","bucket":"buc-b-10676"} | ret=SUCCESS |  
2025-10-20 19:51:35,887 | INFO  | SCMAudit | user=runner | ip=127.0.0.1 | op=ALLOCATE_BLOCK {"replication":"RATIS/ONE","owner":"omServiceIdDefault","size":"4194304","sampleBlocks":"[conID: 27 locID: 115816896921600279]","num":"1","client":"","allocated":"1"} | ret=SUCCESS |  
2025-10-20 19:51:35,890 | INFO  | OMAudit | user=runner | ip=127.0.0.1 | op=ALLOCATE_KEY {"volume":"vol-b-63292","bucket":"buc-b-10676","key":"key-b-5-35711","dataSize":"10240","replicationType":"RATIS","replicationFactor":"ONE","Transaction":"1002"} | ret=SUCCESS |  
2025-10-20 19:51:35,898 | INFO  | OMAudit | user=runner | ip=127.0.0.1 | op=COMMIT_KEY {"volume":"vol-b-63292","bucket":"buc-b-10676","key":"key-b-5-35711","dataSize":"10240","replicationType":"RATIS","replicationFactor":"ONE","Transaction":"1003"} | ret=SUCCESS |  
2025-10-20 19:51:35,901 | INFO  | OMAudit | user=runner | ip=127.0.0.1 | op=READ_BUCKET {"volume":"vol-a-19801","bucket":"buc-a-22049"} | ret=SUCCESS |  
2025-10-20 19:51:35,902 | INFO  | SCMAudit | user=runner | ip=127.0.0.1 | op=ALLOCATE_BLOCK {"replication":"RATIS/ONE","owner":"omServiceIdDefault","size":"4194304","sampleBlocks":"[conID: 2 locID: 115816896921600280]","num":"1","client":"","allocated":"1"} | ret=SUCCESS |  
2025-10-20 19:51:35,907 | INFO  | OMAudit | user=runner | ip=127.0.0.1 | op=ALLOCATE_KEY {"volume":"vol-a-19801","bucket":"buc-a-22049","key":"key-b-6-26924","dataSize":"10240","replicationType":"RATIS","replicationFactor":"ONE","Transaction":"1004"} | ret=SUCCESS |  
2025-10-20 19:51:35,916 | INFO  | OMAudit | user=runner | ip=127.0.0.1 | op=COMMIT_KEY {"volume":"vol-a-19801","bucket":"buc-a-22049","key":"key-b-6-26924","dataSize":"10240","replicationType":"RATIS","replicationFactor":"ONE","Transaction":"1005"} | ret=SUCCESS |  
2025-10-20 19:51:35,918 | INFO  | OMAudit | user=runner | ip=127.0.0.1 | op=READ_BUCKET {"volume":"vol-a-19801","bucket":"buc-b-10676"} | ret=SUCCESS |  
2025-10-20 19:51:35,919 | INFO  | SCMAudit | user=runner | ip=127.0.0.1 | op=ALLOCATE_BLOCK {"replication":"RATIS/ONE","owner":"omServiceIdDefault","size":"4194304","sampleBlocks":"[conID: 9 locID: 115816896921600281]","num":"1","client":"","allocated":"1"} | ret=SUCCESS |  
2025-10-20 19:51:35,923 | INFO  | OMAudit | user=runner | ip=127.0.0.1 | op=ALLOCATE_KEY {"volume":"vol-a-19801","bucket":"buc-b-10676","key":"key-b-6-61517","dataSize":"10240","replicationType":"RATIS","replicationFactor":"ONE","Transaction":"1006"} | ret=SUCCESS |  
2025-10-20 19:51:35,930 [om1-OMDoubleBufferFlushThread] INFO  db.RDBCheckpointManager (RDBCheckpointManager.java:createCheckpoint(87)) - Created checkpoint in rocksDB at /home/runner/work/ozone/ozone/hadoop-ozone/integration-test/target/test-dir/MiniOzoneClusterImpl-6935df51-69ff-4c35-8bd4-ed2b81d70e54/om/data/db.snapshots/checkpointState/om.db-389713d2-82cc-4631-9afe-c85725d420b1 in 52 milliseconds
2025-10-20 19:51:35,936 | INFO  | OMAudit | user=runner | ip=127.0.0.1 | op=COMMIT_KEY {"volume":"vol-a-19801","bucket":"buc-b-10676","key":"key-b-6-61517","dataSize":"10240","replicationType":"RATIS","replicationFactor":"ONE","Transaction":"1007"} | ret=SUCCESS |  
2025-10-20 19:51:35,938 | INFO  | OMAudit | user=runner | ip=127.0.0.1 | op=READ_BUCKET {"volume":"vol-b-63292","bucket":"buc-a-22049"} | ret=SUCCESS |  
2025-10-20 19:51:35,939 | INFO  | SCMAudit | user=runner | ip=127.0.0.1 | op=ALLOCATE_BLOCK {"replication":"RATIS/ONE","owner":"omServiceIdDefault","size":"4194304","sampleBlocks":"[conID: 2 locID: 115816896921600282]","num":"1","client":"","allocated":"1"} | ret=SUCCESS |  
2025-10-20 19:51:35,942 | INFO  | OMAudit | user=runner | ip=127.0.0.1 | op=ALLOCATE_KEY {"volume":"vol-b-63292","bucket":"buc-a-22049","key":"key-b-6-56114","dataSize":"10240","replicationType":"RATIS","replicationFactor":"ONE","Transaction":"1008"} | ret=SUCCESS |  
2025-10-20 19:51:35,951 [om1-OMDoubleBufferFlushThread] INFO  om.OmSnapshotManager (OmSnapshotManager.java:createOmSnapshotCheckpoint(545)) - Created checkpoint: /home/runner/work/ozone/ozone/hadoop-ozone/integration-test/target/test-dir/MiniOzoneClusterImpl-6935df51-69ff-4c35-8bd4-ed2b81d70e54/om/data/db.snapshots/checkpointState/om.db-389713d2-82cc-4631-9afe-c85725d420b1 for snapshot /vol-b-53033/bucket-a-8-72796/s20251020-195134.728
2025-10-20 19:51:35,951 | INFO  | OMAudit | user=runner | ip=127.0.0.1 | op=COMMIT_KEY {"volume":"vol-b-63292","bucket":"buc-a-22049","key":"key-b-6-56114","dataSize":"10240","replicationType":"RATIS","replicationFactor":"ONE","Transaction":"1009"} | ret=SUCCESS |  
2025-10-20 19:51:35,955 | INFO  | OMAudit | user=runner | ip=127.0.0.1 | op=READ_BUCKET {"volume":"vol-b-63292","bucket":"buc-b-10676"} | ret=SUCCESS |  
2025-10-20 19:51:35,956 | INFO  | SCMAudit | user=runner | ip=127.0.0.1 | op=ALLOCATE_BLOCK {"replication":"RATIS/ONE","owner":"omServiceIdDefault","size":"4194304","sampleBlocks":"[conID: 8 locID: 115816896921600283]","num":"1","client":"","allocated":"1"} | ret=SUCCESS |  
2025-10-20 19:51:35,959 | INFO  | OMAudit | user=runner | ip=127.0.0.1 | op=ALLOCATE_KEY {"volume":"vol-b-63292","bucket":"buc-b-10676","key":"key-b-6-42212","dataSize":"10240","replicationType":"RATIS","replicationFactor":"ONE","Transaction":"1010"} | ret=SUCCESS |  
2025-10-20 19:51:35,966 | INFO  | OMAudit | user=runner | ip=127.0.0.1 | op=COMMIT_KEY {"volume":"vol-b-63292","bucket":"buc-b-10676","key":"key-b-6-42212","dataSize":"10240","replicationType":"RATIS","replicationFactor":"ONE","Transaction":"1011"} | ret=SUCCESS |  
2025-10-20 19:51:35,970 | INFO  | OMAudit | user=runner | ip=127.0.0.1 | op=READ_BUCKET {"volume":"vol-a-19801","bucket":"buc-a-22049"} | ret=SUCCESS |  
2025-10-20 19:51:35,972 | INFO  | SCMAudit | user=runner | ip=127.0.0.1 | op=ALLOCATE_BLOCK {"replication":"RATIS/ONE","owner":"omServiceIdDefault","size":"4194304","sampleBlocks":"[conID: 27 locID: 115816896921600284]","num":"1","client":"","allocated":"1"} | ret=SUCCESS |  
2025-10-20 19:51:35,974 | INFO  | OMAudit | user=runner | ip=127.0.0.1 | op=ALLOCATE_KEY {"volume":"vol-a-19801","bucket":"buc-a-22049","key":"key-b-7-21214","dataSize":"10240","replicationType":"RATIS","replicationFactor":"ONE","Transaction":"1012"} | ret=SUCCESS |  
2025-10-20 19:51:35,982 | INFO  | OMAudit | user=runner | ip=127.0.0.1 | op=COMMIT_KEY {"volume":"vol-a-19801","bucket":"buc-a-22049","key":"key-b-7-21214","dataSize":"10240","replicationType":"RATIS","replicationFactor":"ONE","Transaction":"1013"} | ret=SUCCESS |  
2025-10-20 19:51:35,984 | INFO  | OMAudit | user=runner | ip=127.0.0.1 | op=READ_BUCKET {"volume":"vol-a-19801","bucket":"buc-b-10676"} | ret=SUCCESS |  
2025-10-20 19:51:35,985 | INFO  | SCMAudit | user=runner | ip=127.0.0.1 | op=ALLOCATE_BLOCK {"replication":"RATIS/ONE","owner":"omServiceIdDefault","size":"4194304","sampleBlocks":"[conID: 9 locID: 115816896921600285]","num":"1","client":"","allocated":"1"} | ret=SUCCESS |  
2025-10-20 19:51:35,988 | INFO  | OMAudit | user=runner | ip=127.0.0.1 | op=ALLOCATE_KEY {"volume":"vol-a-19801","bucket":"buc-b-10676","key":"key-b-7-76605","dataSize":"10240","replicationType":"RATIS","replicationFactor":"ONE","Transaction":"1014"} | ret=SUCCESS |  
2025-10-20 19:51:35,996 | INFO  | OMAudit | user=runner | ip=127.0.0.1 | op=COMMIT_KEY {"volume":"vol-a-19801","bucket":"buc-b-10676","key":"key-b-7-76605","dataSize":"10240","replicationType":"RATIS","replicationFactor":"ONE","Transaction":"1015"} | ret=SUCCESS |  
2025-10-20 19:51:35,999 | INFO  | OMAudit | user=runner | ip=127.0.0.1 | op=READ_BUCKET {"volume":"vol-b-63292","bucket":"buc-a-22049"} | ret=SUCCESS |  
2025-10-20 19:51:36,001 | INFO  | SCMAudit | user=runner | ip=127.0.0.1 | op=ALLOCATE_BLOCK {"replication":"RATIS/ONE","owner":"omServiceIdDefault","size":"4194304","sampleBlocks":"[conID: 11 locID: 115816896921600286]","num":"1","client":"","allocated":"1"} | ret=SUCCESS |  
2025-10-20 19:51:36,002 [om1-OMDoubleBufferFlushThread] INFO  db.RDBCheckpointManager (RDBCheckpointManager.java:createCheckpoint(87)) - Created checkpoint in rocksDB at /home/runner/work/ozone/ozone/hadoop-ozone/integration-test/target/test-dir/MiniOzoneClusterImpl-6935df51-69ff-4c35-8bd4-ed2b81d70e54/om/data/db.snapshots/checkpointState/om.db-e91dfba5-963c-4c01-9995-c095d31c1e93 in 48 milliseconds
2025-10-20 19:51:36,006 | INFO  | OMAudit | user=runner | ip=127.0.0.1 | op=ALLOCATE_KEY {"volume":"vol-b-63292","bucket":"buc-a-22049","key":"key-b-7-82020","dataSize":"10240","replicationType":"RATIS","replicationFactor":"ONE","Transaction":"1016"} | ret=SUCCESS |  
2025-10-20 19:51:36,014 | INFO  | OMAudit | user=runner | ip=127.0.0.1 | op=COMMIT_KEY {"volume":"vol-b-63292","bucket":"buc-a-22049","key":"key-b-7-82020","dataSize":"10240","replicationType":"RATIS","replicationFactor":"ONE","Transaction":"1017"} | ret=SUCCESS |  
2025-10-20 19:51:36,016 | INFO  | OMAudit | user=runner | ip=127.0.0.1 | op=READ_BUCKET {"volume":"vol-b-63292","bucket":"buc-b-10676"} | ret=SUCCESS |  
2025-10-20 19:51:36,017 | INFO  | SCMAudit | user=runner | ip=127.0.0.1 | op=ALLOCATE_BLOCK {"replication":"RATIS/ONE","owner":"omServiceIdDefault","size":"4194304","sampleBlocks":"[conID: 5 locID: 115816896921600287]","num":"1","client":"","allocated":"1"} | ret=SUCCESS |  
2025-10-20 19:51:36,019 | INFO  | OMAudit | user=runner | ip=127.0.0.1 | op=ALLOCATE_KEY {"volume":"vol-b-63292","bucket":"buc-b-10676","key":"key-b-7-58388","dataSize":"10240","replicationType":"RATIS","replicationFactor":"ONE","Transaction":"1018"} | ret=SUCCESS |  
2025-10-20 19:51:36,023 [om1-OMDoubleBufferFlushThread] INFO  om.OmSnapshotManager (OmSnapshotManager.java:createOmSnapshotCheckpoint(545)) - Created checkpoint: /home/runner/work/ozone/ozone/hadoop-ozone/integration-test/target/test-dir/MiniOzoneClusterImpl-6935df51-69ff-4c35-8bd4-ed2b81d70e54/om/data/db.snapshots/checkpointState/om.db-e91dfba5-963c-4c01-9995-c095d31c1e93 for snapshot /vol-a-34073/bucket-a-9-00778/s20251020-195134.734
2025-10-20 19:51:36,026 | INFO  | OMAudit | user=runner | ip=127.0.0.1 | op=COMMIT_KEY {"volume":"vol-b-63292","bucket":"buc-b-10676","key":"key-b-7-58388","dataSize":"10240","replicationType":"RATIS","replicationFactor":"ONE","Transaction":"1019"} | ret=SUCCESS |  
2025-10-20 19:51:36,029 | INFO  | OMAudit | user=runner | ip=127.0.0.1 | op=READ_BUCKET {"volume":"vol-a-19801","bucket":"buc-a-22049"} | ret=SUCCESS |  
2025-10-20 19:51:36,031 | INFO  | SCMAudit | user=runner | ip=127.0.0.1 | op=ALLOCATE_BLOCK {"replication":"RATIS/ONE","owner":"omServiceIdDefault","size":"4194304","sampleBlocks":"[conID: 6 locID: 115816896921600288]","num":"1","client":"","allocated":"1"} | ret=SUCCESS |  
2025-10-20 19:51:36,033 | INFO  | OMAudit | user=runner | ip=127.0.0.1 | op=ALLOCATE_KEY {"volume":"vol-a-19801","bucket":"buc-a-22049","key":"key-b-8-05205","dataSize":"10240","replicationType":"RATIS","replicationFactor":"ONE","Transaction":"1020"} | ret=SUCCESS |  
2025-10-20 19:51:36,039 | INFO  | OMAudit | user=runner | ip=127.0.0.1 | op=COMMIT_KEY {"volume":"vol-a-19801","bucket":"buc-a-22049","key":"key-b-8-05205","dataSize":"10240","replicationType":"RATIS","replicationFactor":"ONE","Transaction":"1021"} | ret=SUCCESS |  
2025-10-20 19:51:36,040 | INFO  | OMAudit | user=runner | ip=127.0.0.1 | op=READ_BUCKET {"volume":"vol-a-19801","bucket":"buc-b-10676"} | ret=SUCCESS |  
2025-10-20 19:51:36,041 | INFO  | SCMAudit | user=runner | ip=127.0.0.1 | op=ALLOCATE_BLOCK {"replication":"RATIS/ONE","owner":"omServiceIdDefault","size":"4194304","sampleBlocks":"[conID: 4 locID: 115816896921600289]","num":"1","client":"","allocated":"1"} | ret=SUCCESS |  
2025-10-20 19:51:36,043 | INFO  | OMAudit | user=runner | ip=127.0.0.1 | op=ALLOCATE_KEY {"volume":"vol-a-19801","bucket":"buc-b-10676","key":"key-b-8-75128","dataSize":"10240","replicationType":"RATIS","replicationFactor":"ONE","Transaction":"1022"} | ret=SUCCESS |  
2025-10-20 19:51:36,051 | INFO  | OMAudit | user=runner | ip=127.0.0.1 | op=COMMIT_KEY {"volume":"vol-a-19801","bucket":"buc-b-10676","key":"key-b-8-75128","dataSize":"10240","replicationType":"RATIS","replicationFactor":"ONE","Transaction":"1023"} | ret=SUCCESS |  
2025-10-20 19:51:36,053 | INFO  | OMAudit | user=runner | ip=127.0.0.1 | op=READ_BUCKET {"volume":"vol-b-63292","bucket":"buc-a-22049"} | ret=SUCCESS |  
2025-10-20 19:51:36,054 | INFO  | SCMAudit | user=runner | ip=127.0.0.1 | op=ALLOCATE_BLOCK {"replication":"RATIS/ONE","owner":"omServiceIdDefault","size":"4194304","sampleBlocks":"[conID: 11 locID: 115816896921600290]","num":"1","client":"","allocated":"1"} | ret=SUCCESS |  
2025-10-20 19:51:36,057 | INFO  | OMAudit | user=runner | ip=127.0.0.1 | op=ALLOCATE_KEY {"volume":"vol-b-63292","bucket":"buc-a-22049","key":"key-b-8-73831","dataSize":"10240","replicationType":"RATIS","replicationFactor":"ONE","Transaction":"1024"} | ret=SUCCESS |  
2025-10-20 19:51:36,064 | INFO  | OMAudit | user=runner | ip=127.0.0.1 | op=COMMIT_KEY {"volume":"vol-b-63292","bucket":"buc-a-22049","key":"key-b-8-73831","dataSize":"10240","replicationType":"RATIS","replicationFactor":"ONE","Transaction":"1025"} | ret=SUCCESS |  
2025-10-20 19:51:36,066 | INFO  | OMAudit | user=runner | ip=127.0.0.1 | op=READ_BUCKET {"volume":"vol-b-63292","bucket":"buc-b-10676"} | ret=SUCCESS |  
2025-10-20 19:51:36,066 | INFO  | SCMAudit | user=runner | ip=127.0.0.1 | op=ALLOCATE_BLOCK {"replication":"RATIS/ONE","owner":"omServiceIdDefault","size":"4194304","sampleBlocks":"[conID: 2 locID: 115816896921600291]","num":"1","client":"","allocated":"1"} | ret=SUCCESS |  
2025-10-20 19:51:36,068 | INFO  | OMAudit | user=runner | ip=127.0.0.1 | op=ALLOCATE_KEY {"volume":"vol-b-63292","bucket":"buc-b-10676","key":"key-b-8-85455","dataSize":"10240","replicationType":"RATIS","replicationFactor":"ONE","Transaction":"1026"} | ret=SUCCESS |  
2025-10-20 19:51:36,072 [om1-OMDoubleBufferFlushThread] INFO  db.RDBCheckpointManager (RDBCheckpointManager.java:createCheckpoint(87)) - Created checkpoint in rocksDB at /home/runner/work/ozone/ozone/hadoop-ozone/integration-test/target/test-dir/MiniOzoneClusterImpl-6935df51-69ff-4c35-8bd4-ed2b81d70e54/om/data/db.snapshots/checkpointState/om.db-df4d45ba-0600-46db-83ae-53085a7c2ab9 in 46 milliseconds
2025-10-20 19:51:36,077 | INFO  | OMAudit | user=runner | ip=127.0.0.1 | op=COMMIT_KEY {"volume":"vol-b-63292","bucket":"buc-b-10676","key":"key-b-8-85455","dataSize":"10240","replicationType":"RATIS","replicationFactor":"ONE","Transaction":"1027"} | ret=SUCCESS |  
2025-10-20 19:51:36,080 | INFO  | OMAudit | user=runner | ip=127.0.0.1 | op=READ_BUCKET {"volume":"vol-a-19801","bucket":"buc-a-22049"} | ret=SUCCESS |  
2025-10-20 19:51:36,082 | INFO  | SCMAudit | user=runner | ip=127.0.0.1 | op=ALLOCATE_BLOCK {"replication":"RATIS/ONE","owner":"omServiceIdDefault","size":"4194304","sampleBlocks":"[conID: 27 locID: 115816896921600292]","num":"1","client":"","allocated":"1"} | ret=SUCCESS |  
2025-10-20 19:51:36,085 | INFO  | OMAudit | user=runner | ip=127.0.0.1 | op=ALLOCATE_KEY {"volume":"vol-a-19801","bucket":"buc-a-22049","key":"key-b-9-00143","dataSize":"10240","replicationType":"RATIS","replicationFactor":"ONE","Transaction":"1028"} | ret=SUCCESS |  
2025-10-20 19:51:36,090 [om1-OMDoubleBufferFlushThread] INFO  om.OmSnapshotManager (OmSnapshotManager.java:createOmSnapshotCheckpoint(545)) - Created checkpoint: /home/runner/work/ozone/ozone/hadoop-ozone/integration-test/target/test-dir/MiniOzoneClusterImpl-6935df51-69ff-4c35-8bd4-ed2b81d70e54/om/data/db.snapshots/checkpointState/om.db-df4d45ba-0600-46db-83ae-53085a7c2ab9 for snapshot /vol-b-53033/bucket-a-9-50641/s20251020-195134.741
2025-10-20 19:51:36,093 | INFO  | OMAudit | user=runner | ip=127.0.0.1 | op=COMMIT_KEY {"volume":"vol-a-19801","bucket":"buc-a-22049","key":"key-b-9-00143","dataSize":"10240","replicationType":"RATIS","replicationFactor":"ONE","Transaction":"1029"} | ret=SUCCESS |  
2025-10-20 19:51:36,095 | INFO  | OMAudit | user=runner | ip=127.0.0.1 | op=READ_BUCKET {"volume":"vol-a-19801","bucket":"buc-b-10676"} | ret=SUCCESS |  
2025-10-20 19:51:36,095 | INFO  | SCMAudit | user=runner | ip=127.0.0.1 | op=ALLOCATE_BLOCK {"replication":"RATIS/ONE","owner":"omServiceIdDefault","size":"4194304","sampleBlocks":"[conID: 4 locID: 115816896921600293]","num":"1","client":"","allocated":"1"} | ret=SUCCESS |  
2025-10-20 19:51:36,098 | INFO  | OMAudit | user=runner | ip=127.0.0.1 | op=ALLOCATE_KEY {"volume":"vol-a-19801","bucket":"buc-b-10676","key":"key-b-9-61036","dataSize":"10240","replicationType":"RATIS","replicationFactor":"ONE","Transaction":"1030"} | ret=SUCCESS |  
2025-10-20 19:51:36,104 | INFO  | OMAudit | user=runner | ip=127.0.0.1 | op=COMMIT_KEY {"volume":"vol-a-19801","bucket":"buc-b-10676","key":"key-b-9-61036","dataSize":"10240","replicationType":"RATIS","replicationFactor":"ONE","Transaction":"1031"} | ret=SUCCESS |  
2025-10-20 19:51:36,105 | INFO  | OMAudit | user=runner | ip=127.0.0.1 | op=READ_BUCKET {"volume":"vol-b-63292","bucket":"buc-a-22049"} | ret=SUCCESS |  
2025-10-20 19:51:36,106 | INFO  | SCMAudit | user=runner | ip=127.0.0.1 | op=ALLOCATE_BLOCK {"replication":"RATIS/ONE","owner":"omServiceIdDefault","size":"4194304","sampleBlocks":"[conID: 1 locID: 115816896921600294]","num":"1","client":"","allocated":"1"} | ret=SUCCESS |  
2025-10-20 19:51:36,108 | INFO  | OMAudit | user=runner | ip=127.0.0.1 | op=ALLOCATE_KEY {"volume":"vol-b-63292","bucket":"buc-a-22049","key":"key-b-9-09422","dataSize":"10240","replicationType":"RATIS","replicationFactor":"ONE","Transaction":"1032"} | ret=SUCCESS |  
2025-10-20 19:51:36,114 | INFO  | OMAudit | user=runner | ip=127.0.0.1 | op=COMMIT_KEY {"volume":"vol-b-63292","bucket":"buc-a-22049","key":"key-b-9-09422","dataSize":"10240","replicationType":"RATIS","replicationFactor":"ONE","Transaction":"1033"} | ret=SUCCESS |  
2025-10-20 19:51:36,115 | INFO  | OMAudit | user=runner | ip=127.0.0.1 | op=READ_BUCKET {"volume":"vol-b-63292","bucket":"buc-b-10676"} | ret=SUCCESS |  
2025-10-20 19:51:36,115 | INFO  | SCMAudit | user=runner | ip=127.0.0.1 | op=ALLOCATE_BLOCK {"replication":"RATIS/ONE","owner":"omServiceIdDefault","size":"4194304","sampleBlocks":"[conID: 27 locID: 115816896921600295]","num":"1","client":"","allocated":"1"} | ret=SUCCESS |  
2025-10-20 19:51:36,117 | INFO  | OMAudit | user=runner | ip=127.0.0.1 | op=ALLOCATE_KEY {"volume":"vol-b-63292","bucket":"buc-b-10676","key":"key-b-9-85825","dataSize":"10240","replicationType":"RATIS","replicationFactor":"ONE","Transaction":"1034"} | ret=SUCCESS |  
2025-10-20 19:51:36,126 | INFO  | OMAudit | user=runner | ip=127.0.0.1 | op=COMMIT_KEY {"volume":"vol-b-63292","bucket":"buc-b-10676","key":"key-b-9-85825","dataSize":"10240","replicationType":"RATIS","replicationFactor":"ONE","Transaction":"1035"} | ret=SUCCESS |  
2025-10-20 19:51:36,131 [om1-OMDoubleBufferFlushThread] INFO  db.RDBCheckpointManager (RDBCheckpointManager.java:createCheckpoint(87)) - Created checkpoint in rocksDB at /home/runner/work/ozone/ozone/hadoop-ozone/integration-test/target/test-dir/MiniOzoneClusterImpl-6935df51-69ff-4c35-8bd4-ed2b81d70e54/om/data/db.snapshots/checkpointState/om.db-06b20a89-e996-42b7-8f8f-01288b275fcc in 39 milliseconds
2025-10-20 19:51:36,138 | INFO  | OMAudit | user=runner | ip=127.0.0.1 | op=LIST_STATUS {"volume":"vol-a-19801","bucket":"buc-a-22049","key":"key-","owner":null,"dataSize":"0","replicationConfig":null} | ret=SUCCESS |  
2025-10-20 19:51:36,144 | ERROR | OMAudit | user=runner | ip=127.0.0.1 | op=GET_FILE_STATUS {"volume":"vol-a-19801","bucket":"buc-a-22049","key":"key-","owner":null,"dataSize":"0","replicationConfig":null} | ret=FAILURE | 
org.apache.hadoop.ozone.om.exceptions.OMException: Unable to get file status: volume: vol-a-19801 bucket: buc-a-22049 key: key-
	at org.apache.hadoop.ozone.om.KeyManagerImpl.getOzoneFileStatusFSO(KeyManagerImpl.java:1696)
	at org.apache.hadoop.ozone.om.KeyManagerImpl.getFileStatus(KeyManagerImpl.java:1481)
 
2025-10-20 19:51:36,149 | INFO  | OMAudit | user=runner | ip=127.0.0.1 | op=LIST_STATUS {"volume":"vol-a-19801","bucket":"buc-a-22049","key":"key-","owner":null,"dataSize":"0","replicationConfig":null} | ret=SUCCESS |  
2025-10-20 19:51:36,149 [om1-OMDoubleBufferFlushThread] INFO  om.OmSnapshotManager (OmSnapshotManager.java:createOmSnapshotCheckpoint(545)) - Created checkpoint: /home/runner/work/ozone/ozone/hadoop-ozone/integration-test/target/test-dir/MiniOzoneClusterImpl-6935df51-69ff-4c35-8bd4-ed2b81d70e54/om/data/db.snapshots/checkpointState/om.db-06b20a89-e996-42b7-8f8f-01288b275fcc for snapshot /vol-a-34073/bucket-b-0-46773/s20251020-195134.745
2025-10-20 19:51:36,153 | INFO  | OMAudit | user=runner | ip=127.0.0.1 | op=LIST_STATUS {"volume":"vol-a-19801","bucket":"buc-b-10676","key":"key-","owner":null,"dataSize":"0","replicationConfig":null} | ret=SUCCESS |  
2025-10-20 19:51:36,155 | ERROR | OMAudit | user=runner | ip=127.0.0.1 | op=GET_FILE_STATUS {"volume":"vol-a-19801","bucket":"buc-b-10676","key":"key-","owner":null,"dataSize":"0","replicationConfig":null} | ret=FAILURE | 
org.apache.hadoop.ozone.om.exceptions.OMException: Unable to get file status: volume: vol-a-19801 bucket: buc-b-10676 key: key-
	at org.apache.hadoop.ozone.om.KeyManagerImpl.getOzoneFileStatusFSO(KeyManagerImpl.java:1696)
	at org.apache.hadoop.ozone.om.KeyManagerImpl.getFileStatus(KeyManagerImpl.java:1481)
 
2025-10-20 19:51:36,158 | INFO  | OMAudit | user=runner | ip=127.0.0.1 | op=LIST_STATUS {"volume":"vol-a-19801","bucket":"buc-b-10676","key":"key-","owner":null,"dataSize":"0","replicationConfig":null} | ret=SUCCESS |  
2025-10-20 19:51:36,161 | INFO  | OMAudit | user=runner | ip=127.0.0.1 | op=LIST_STATUS {"volume":"vol-b-63292","bucket":"buc-a-22049","key":"key-","owner":null,"dataSize":"0","replicationConfig":null} | ret=SUCCESS |  
2025-10-20 19:51:36,162 | ERROR | OMAudit | user=runner | ip=127.0.0.1 | op=GET_FILE_STATUS {"volume":"vol-b-63292","bucket":"buc-a-22049","key":"key-","owner":null,"dataSize":"0","replicationConfig":null} | ret=FAILURE | 
org.apache.hadoop.ozone.om.exceptions.OMException: Unable to get file status: volume: vol-b-63292 bucket: buc-a-22049 key: key-
	at org.apache.hadoop.ozone.om.KeyManagerImpl.getOzoneFileStatusFSO(KeyManagerImpl.java:1696)
	at org.apache.hadoop.ozone.om.KeyManagerImpl.getFileStatus(KeyManagerImpl.java:1481)
 
2025-10-20 19:51:36,164 | INFO  | OMAudit | user=runner | ip=127.0.0.1 | op=LIST_STATUS {"volume":"vol-b-63292","bucket":"buc-a-22049","key":"key-","owner":null,"dataSize":"0","replicationConfig":null} | ret=SUCCESS |  
2025-10-20 19:51:36,167 | INFO  | OMAudit | user=runner | ip=127.0.0.1 | op=LIST_STATUS {"volume":"vol-b-63292","bucket":"buc-b-10676","key":"key-","owner":null,"dataSize":"0","replicationConfig":null} | ret=SUCCESS |  
2025-10-20 19:51:36,168 | ERROR | OMAudit | user=runner | ip=127.0.0.1 | op=GET_FILE_STATUS {"volume":"vol-b-63292","bucket":"buc-b-10676","key":"key-","owner":null,"dataSize":"0","replicationConfig":null} | ret=FAILURE | 
org.apache.hadoop.ozone.om.exceptions.OMException: Unable to get file status: volume: vol-b-63292 bucket: buc-b-10676 key: key-
	at org.apache.hadoop.ozone.om.KeyManagerImpl.getOzoneFileStatusFSO(KeyManagerImpl.java:1696)
	at org.apache.hadoop.ozone.om.KeyManagerImpl.getFileStatus(KeyManagerImpl.java:1481)
 
2025-10-20 19:51:36,171 | INFO  | OMAudit | user=runner | ip=127.0.0.1 | op=LIST_STATUS {"volume":"vol-b-63292","bucket":"buc-b-10676","key":"key-","owner":null,"dataSize":"0","replicationConfig":null} | ret=SUCCESS |  
2025-10-20 19:51:36,173 | INFO  | OMAudit | user=runner | ip=127.0.0.1 | op=LIST_STATUS {"volume":"vol-a-19801","bucket":"buc-a-22049","key":"key-a-","owner":null,"dataSize":"0","replicationConfig":null} | ret=SUCCESS |  
2025-10-20 19:51:36,174 | INFO  | SCMAudit | user=runner | ip=127.0.0.1 | op=SEND_HEARTBEAT {"datanodeUUID":"ef67b0a7-5b27-496d-9f38-ab804a28e500","term":"2","command":"[]"} | ret=SUCCESS |  
2025-10-20 19:51:36,175 | ERROR | OMAudit | user=runner | ip=127.0.0.1 | op=GET_FILE_STATUS {"volume":"vol-a-19801","bucket":"buc-a-22049","key":"key-a-","owner":null,"dataSize":"0","replicationConfig":null} | ret=FAILURE | 
org.apache.hadoop.ozone.om.exceptions.OMException: Unable to get file status: volume: vol-a-19801 bucket: buc-a-22049 key: key-a-
	at org.apache.hadoop.ozone.om.KeyManagerImpl.getOzoneFileStatusFSO(KeyManagerImpl.java:1696)
	at org.apache.hadoop.ozone.om.KeyManagerImpl.getFileStatus(KeyManagerImpl.java:1481)
 
2025-10-20 19:51:36,176 | INFO  | SCMAudit | user=runner | ip=127.0.0.1 | op=SEND_HEARTBEAT {"datanodeUUID":"7bb0e7f0-2b36-4ec0-8a09-ceac75d91a36","term":"2","command":"[]"} | ret=SUCCESS |  
2025-10-20 19:51:36,177 | INFO  | OMAudit | user=runner | ip=127.0.0.1 | op=LIST_STATUS {"volume":"vol-a-19801","bucket":"buc-a-22049","key":"key-a-","owner":null,"dataSize":"0","replicationConfig":null} | ret=SUCCESS |  
2025-10-20 19:51:36,179 | INFO  | OMAudit | user=runner | ip=127.0.0.1 | op=LIST_STATUS {"volume":"vol-a-19801","bucket":"buc-a-22049","key":"key-b-","owner":null,"dataSize":"0","replicationConfig":null} | ret=SUCCESS |  
2025-10-20 19:51:36,180 | ERROR | OMAudit | user=runner | ip=127.0.0.1 | op=GET_FILE_STATUS {"volume":"vol-a-19801","bucket":"buc-a-22049","key":"key-b-","owner":null,"dataSize":"0","replicationConfig":null} | ret=FAILURE | 
org.apache.hadoop.ozone.om.exceptions.OMException: Unable to get file status: volume: vol-a-19801 bucket: buc-a-22049 key: key-b-
	at org.apache.hadoop.ozone.om.KeyManagerImpl.getOzoneFileStatusFSO(KeyManagerImpl.java:1696)
	at org.apache.hadoop.ozone.om.KeyManagerImpl.getFileStatus(KeyManagerImpl.java:1481)
 
2025-10-20 19:51:36,182 | INFO  | OMAudit | user=runner | ip=127.0.0.1 | op=LIST_STATUS {"volume":"vol-a-19801","bucket":"buc-b-10676","key":"key-","owner":null,"dataSize":"0","replicationConfig":null} | ret=SUCCESS |  
]]></system-out>
  </testcase>
  <testcase name="testListKeyOnEmptyBucket" classname="org.apache.hadoop.ozone.client.rpc.TestSecureOzoneRpcClient" time="0.01">
    <system-out><![CDATA[2025-10-20 19:51:36,184 [ForkJoinPool-1-worker-1] INFO  rpc.RpcClient (RpcClient.java:createVolume(461)) - Creating Volume: vol-58848, with runner as owner and space quota set to -1 bytes, counts quota set to -1
2025-10-20 19:51:36,186 [om1-OMDoubleBufferFlushThread] INFO  db.RDBCheckpointManager (RDBCheckpointManager.java:createCheckpoint(87)) - Created checkpoint in rocksDB at /home/runner/work/ozone/ozone/hadoop-ozone/integration-test/target/test-dir/MiniOzoneClusterImpl-6935df51-69ff-4c35-8bd4-ed2b81d70e54/om/data/db.snapshots/checkpointState/om.db-7f4ad4f2-0de5-4281-a9fc-56596509acd7 in 35 milliseconds
2025-10-20 19:51:36,186 [om1-OMStateMachineApplyTransactionThread - 0] INFO  volume.OMVolumeCreateRequest (OMVolumeCreateRequest.java:validateAndUpdateCache(213)) - created volume:vol-58848 for user:runner
2025-10-20 19:51:36,186 | INFO  | OMAudit | user=runner | ip=127.0.0.1 | op=CREATE_VOLUME {"admin":"runner","owner":"runner","volume":"vol-58848","creationTime":"1760989896185","modificationTime":"1760989896185","quotaInBytes":"-1","quotaInNamespace":"-1","usedNamespace":"0","objectID":"-9223372036854510592","updateID":"1036","Transaction":"1036"} | ret=SUCCESS |  
2025-10-20 19:51:36,187 | INFO  | OMAudit | user=runner | ip=127.0.0.1 | op=READ_VOLUME {"volume":"vol-58848"} | ret=SUCCESS |  
2025-10-20 19:51:36,188 [ForkJoinPool-1-worker-1] INFO  rpc.RpcClient (RpcClient.java:createBucket(686)) - Creating Bucket: vol-58848/buc-06301, with server-side default bucket layout, runner as owner, Versioning false, Storage Type set to DISK and Encryption set to false, Replication Type set to server-side default replication type, Namespace Quota set to -1, Space Quota set to -1 
2025-10-20 19:51:36,190 [om1-OMStateMachineApplyTransactionThread - 0] INFO  bucket.OMBucketCreateRequest (OMBucketCreateRequest.java:validateAndUpdateCache(303)) - created bucket: buc-06301 of layout FILE_SYSTEM_OPTIMIZED in volume: vol-58848
2025-10-20 19:51:36,190 | INFO  | OMAudit | user=runner | ip=127.0.0.1 | op=CREATE_BUCKET {"volume":"vol-58848","bucket":"buc-06301","bucketLayout":"FILE_SYSTEM_OPTIMIZED","gdprEnabled":null,"acls":"[user:runner:a[ACCESS], group:runner:rl[ACCESS]]","isVersionEnabled":"false","storageType":"DISK","creationTime":"1760989896189","bucketEncryptionKey":null,"modificationTime":"1760989896189","usedBytes":"0","usedNamespace":"0","snapshotUsedBytes":"0","snapshotUsedNamespace":"0","owner":"runner","replicationType":null,"replicationConfig":null,"quotaInBytes":"-1","quotaInNamespace":"-1","Transaction":"1037"} | ret=SUCCESS |  
2025-10-20 19:51:36,191 | INFO  | OMAudit | user=runner | ip=127.0.0.1 | op=READ_BUCKET {"volume":"vol-58848","bucket":"buc-06301"} | ret=SUCCESS |  
2025-10-20 19:51:36,193 | INFO  | OMAudit | user=runner | ip=127.0.0.1 | op=LIST_STATUS {"volume":"vol-58848","bucket":"buc-06301","key":"","owner":null,"dataSize":"0","replicationConfig":null} | ret=SUCCESS |  
]]></system-out>
  </testcase>
  <testcase name="testListMultipartUploadParts(ReplicationConfig)[1]" classname="org.apache.hadoop.ozone.client.rpc.TestSecureOzoneRpcClient" time="0.183">
    <system-out><![CDATA[2025-10-20 19:51:36,198 [ForkJoinPool-1-worker-1] INFO  rpc.RpcClient (RpcClient.java:createVolume(461)) - Creating Volume: 96fa2e33-c86f-4abb-beda-3c89e0b97153, with runner as owner and space quota set to -1 bytes, counts quota set to -1
2025-10-20 19:51:36,201 [om1-OMStateMachineApplyTransactionThread - 0] INFO  volume.OMVolumeCreateRequest (OMVolumeCreateRequest.java:validateAndUpdateCache(213)) - created volume:96fa2e33-c86f-4abb-beda-3c89e0b97153 for user:runner
2025-10-20 19:51:36,201 | INFO  | OMAudit | user=runner | ip=127.0.0.1 | op=CREATE_VOLUME {"admin":"runner","owner":"runner","volume":"96fa2e33-c86f-4abb-beda-3c89e0b97153","creationTime":"1760989896200","modificationTime":"1760989896200","quotaInBytes":"-1","quotaInNamespace":"-1","usedNamespace":"0","objectID":"-9223372036854510080","updateID":"1038","Transaction":"1038"} | ret=SUCCESS |  
2025-10-20 19:51:36,202 | INFO  | OMAudit | user=runner | ip=127.0.0.1 | op=READ_VOLUME {"volume":"96fa2e33-c86f-4abb-beda-3c89e0b97153"} | ret=SUCCESS |  
2025-10-20 19:51:36,203 [ForkJoinPool-1-worker-1] INFO  rpc.RpcClient (RpcClient.java:createBucket(686)) - Creating Bucket: 96fa2e33-c86f-4abb-beda-3c89e0b97153/ad804b9a-1be2-4b23-9927-a5d13534b226, with server-side default bucket layout, runner as owner, Versioning false, Storage Type set to DISK and Encryption set to false, Replication Type set to server-side default replication type, Namespace Quota set to -1, Space Quota set to -1 
2025-10-20 19:51:36,203 [om1-OMDoubleBufferFlushThread] INFO  om.OmSnapshotManager (OmSnapshotManager.java:createOmSnapshotCheckpoint(545)) - Created checkpoint: /home/runner/work/ozone/ozone/hadoop-ozone/integration-test/target/test-dir/MiniOzoneClusterImpl-6935df51-69ff-4c35-8bd4-ed2b81d70e54/om/data/db.snapshots/checkpointState/om.db-7f4ad4f2-0de5-4281-a9fc-56596509acd7 for snapshot /vol-a-34073/bucket-b-1-13670/s20251020-195134.753
2025-10-20 19:51:36,205 [om1-OMStateMachineApplyTransactionThread - 0] INFO  bucket.OMBucketCreateRequest (OMBucketCreateRequest.java:validateAndUpdateCache(303)) - created bucket: ad804b9a-1be2-4b23-9927-a5d13534b226 of layout FILE_SYSTEM_OPTIMIZED in volume: 96fa2e33-c86f-4abb-beda-3c89e0b97153
2025-10-20 19:51:36,205 | INFO  | OMAudit | user=runner | ip=127.0.0.1 | op=CREATE_BUCKET {"volume":"96fa2e33-c86f-4abb-beda-3c89e0b97153","bucket":"ad804b9a-1be2-4b23-9927-a5d13534b226","bucketLayout":"FILE_SYSTEM_OPTIMIZED","gdprEnabled":null,"acls":"[user:runner:a[ACCESS], group:runner:rl[ACCESS]]","isVersionEnabled":"false","storageType":"DISK","creationTime":"1760989896204","bucketEncryptionKey":null,"modificationTime":"1760989896204","usedBytes":"0","usedNamespace":"0","snapshotUsedBytes":"0","snapshotUsedNamespace":"0","owner":"runner","replicationType":null,"replicationConfig":null,"quotaInBytes":"-1","quotaInNamespace":"-1","Transaction":"1039"} | ret=SUCCESS |  
2025-10-20 19:51:36,206 | INFO  | OMAudit | user=runner | ip=127.0.0.1 | op=READ_BUCKET {"volume":"96fa2e33-c86f-4abb-beda-3c89e0b97153","bucket":"ad804b9a-1be2-4b23-9927-a5d13534b226"} | ret=SUCCESS |  
2025-10-20 19:51:36,208 | INFO  | OMAudit | user=runner | ip=127.0.0.1 | op=INITIATE_MULTIPART_UPLOAD {"volume":"96fa2e33-c86f-4abb-beda-3c89e0b97153","bucket":"ad804b9a-1be2-4b23-9927-a5d13534b226","key":"95c89293-d0a7-4a85-9341-d5ee07b7db4e","dataSize":"0","replicationType":"RATIS","replicationFactor":"ONE","uploadID":"019a032d-5e0f-7249-9309-f4f4c27efdf5-115408233837822222","Transaction":"1040"} | ret=SUCCESS |  
2025-10-20 19:51:36,212 | INFO  | OMAudit | user=runner | ip=127.0.0.1 | op=ALLOCATE_KEY {"volume":"96fa2e33-c86f-4abb-beda-3c89e0b97153","bucket":"ad804b9a-1be2-4b23-9927-a5d13534b226","key":"95c89293-d0a7-4a85-9341-d5ee07b7db4e","dataSize":"5242880","Transaction":"1041"} | ret=SUCCESS |  
2025-10-20 19:51:36,215 | INFO  | SCMAudit | user=runner | ip=127.0.0.1 | op=ALLOCATE_BLOCK {"replication":"RATIS/ONE","owner":"omServiceIdDefault","size":"4194304","sampleBlocks":"[conID: 13 locID: 115816896921600296]","num":"1","client":"","allocated":"1"} | ret=SUCCESS |  
2025-10-20 19:51:36,217 | INFO  | OMAudit | user=runner | ip=127.0.0.1 | op=ALLOCATE_BLOCK {"volume":"96fa2e33-c86f-4abb-beda-3c89e0b97153","bucket":"ad804b9a-1be2-4b23-9927-a5d13534b226","key":"95c89293-d0a7-4a85-9341-d5ee07b7db4e","dataSize":"5242880","replicationType":"RATIS","replicationFactor":"ONE","clientID":"115408233838084367","Transaction":"1042"} | ret=SUCCESS |  
2025-10-20 19:51:36,238 | INFO  | SCMAudit | user=runner | ip=127.0.0.1 | op=ALLOCATE_BLOCK {"replication":"RATIS/ONE","owner":"omServiceIdDefault","size":"4194304","sampleBlocks":"[conID: 6 locID: 115816896921600297]","num":"1","client":"","allocated":"1"} | ret=SUCCESS |  
2025-10-20 19:51:36,241 | INFO  | OMAudit | user=runner | ip=127.0.0.1 | op=ALLOCATE_BLOCK {"volume":"96fa2e33-c86f-4abb-beda-3c89e0b97153","bucket":"ad804b9a-1be2-4b23-9927-a5d13534b226","key":"95c89293-d0a7-4a85-9341-d5ee07b7db4e","dataSize":"5242880","replicationType":"RATIS","replicationFactor":"ONE","clientID":"115408233838084367","Transaction":"1043"} | ret=SUCCESS |  
2025-10-20 19:51:36,258 [om1-OMDoubleBufferFlushThread] INFO  db.RDBCheckpointManager (RDBCheckpointManager.java:createCheckpoint(87)) - Created checkpoint in rocksDB at /home/runner/work/ozone/ozone/hadoop-ozone/integration-test/target/test-dir/MiniOzoneClusterImpl-6935df51-69ff-4c35-8bd4-ed2b81d70e54/om/data/db.snapshots/checkpointState/om.db-cf08f19e-31b9-4b42-b2b6-413fea52a999 in 52 milliseconds
2025-10-20 19:51:36,259 | INFO  | OMAudit | user=runner | ip=127.0.0.1 | op=COMMIT_MULTIPART_UPLOAD_PARTKEY {"volume":"96fa2e33-c86f-4abb-beda-3c89e0b97153","bucket":"ad804b9a-1be2-4b23-9927-a5d13534b226","key":"95c89293-d0a7-4a85-9341-d5ee07b7db4e","dataSize":"5242880","ETag":"79b281060d337b9b2b84ccf390adcf74","uploadID":"019a032d-5e0f-7249-9309-f4f4c27efdf5-115408233837822222","partNumber":"1","partName":"/96fa2e33-c86f-4abb-beda-3c89e0b97153/ad804b9a-1be2-4b23-9927-a5d13534b226/95c89293-d0a7-4a85-9341-d5ee07b7db4e-019a032d-5e0f-7249-9309-f4f4c27efdf5-115408233837822222-1","Transaction":"1044"} | ret=SUCCESS |  
2025-10-20 19:51:36,264 | INFO  | SCMAudit | user=runner | ip=127.0.0.1 | op=SEND_HEARTBEAT {"datanodeUUID":"af0e5da1-57af-45e9-9aca-fa0798d05628","term":"2","command":"[]"} | ret=SUCCESS |  
2025-10-20 19:51:36,265 | INFO  | OMAudit | user=runner | ip=127.0.0.1 | op=ALLOCATE_KEY {"volume":"96fa2e33-c86f-4abb-beda-3c89e0b97153","bucket":"ad804b9a-1be2-4b23-9927-a5d13534b226","key":"95c89293-d0a7-4a85-9341-d5ee07b7db4e","dataSize":"5242880","Transaction":"1045"} | ret=SUCCESS |  
2025-10-20 19:51:36,267 | INFO  | SCMAudit | user=runner | ip=127.0.0.1 | op=ALLOCATE_BLOCK {"replication":"RATIS/ONE","owner":"omServiceIdDefault","size":"4194304","sampleBlocks":"[conID: 27 locID: 115816896921600298]","num":"1","client":"","allocated":"1"} | ret=SUCCESS |  
2025-10-20 19:51:36,268 | INFO  | OMAudit | user=runner | ip=127.0.0.1 | op=ALLOCATE_BLOCK {"volume":"96fa2e33-c86f-4abb-beda-3c89e0b97153","bucket":"ad804b9a-1be2-4b23-9927-a5d13534b226","key":"95c89293-d0a7-4a85-9341-d5ee07b7db4e","dataSize":"5242880","replicationType":"RATIS","replicationFactor":"ONE","clientID":"115408233841492240","Transaction":"1046"} | ret=SUCCESS |  
2025-10-20 19:51:36,276 [om1-OMDoubleBufferFlushThread] INFO  om.OmSnapshotManager (OmSnapshotManager.java:createOmSnapshotCheckpoint(545)) - Created checkpoint: /home/runner/work/ozone/ozone/hadoop-ozone/integration-test/target/test-dir/MiniOzoneClusterImpl-6935df51-69ff-4c35-8bd4-ed2b81d70e54/om/data/db.snapshots/checkpointState/om.db-cf08f19e-31b9-4b42-b2b6-413fea52a999 for snapshot /vol-a-34073/bucket-b-2-85475/s20251020-195134.762
2025-10-20 19:51:36,293 | INFO  | SCMAudit | user=runner | ip=127.0.0.1 | op=ALLOCATE_BLOCK {"replication":"RATIS/ONE","owner":"omServiceIdDefault","size":"4194304","sampleBlocks":"[conID: 1 locID: 115816896921600299]","num":"1","client":"","allocated":"1"} | ret=SUCCESS |  
2025-10-20 19:51:36,296 | INFO  | OMAudit | user=runner | ip=127.0.0.1 | op=ALLOCATE_BLOCK {"volume":"96fa2e33-c86f-4abb-beda-3c89e0b97153","bucket":"ad804b9a-1be2-4b23-9927-a5d13534b226","key":"95c89293-d0a7-4a85-9341-d5ee07b7db4e","dataSize":"5242880","replicationType":"RATIS","replicationFactor":"ONE","clientID":"115408233841492240","Transaction":"1047"} | ret=SUCCESS |  
2025-10-20 19:51:36,312 | INFO  | OMAudit | user=runner | ip=127.0.0.1 | op=COMMIT_MULTIPART_UPLOAD_PARTKEY {"volume":"96fa2e33-c86f-4abb-beda-3c89e0b97153","bucket":"ad804b9a-1be2-4b23-9927-a5d13534b226","key":"95c89293-d0a7-4a85-9341-d5ee07b7db4e","dataSize":"5242880","ETag":"79b281060d337b9b2b84ccf390adcf74","uploadID":"019a032d-5e0f-7249-9309-f4f4c27efdf5-115408233837822222","partNumber":"2","partName":"/96fa2e33-c86f-4abb-beda-3c89e0b97153/ad804b9a-1be2-4b23-9927-a5d13534b226/95c89293-d0a7-4a85-9341-d5ee07b7db4e-019a032d-5e0f-7249-9309-f4f4c27efdf5-115408233837822222-2","Transaction":"1048"} | ret=SUCCESS |  
2025-10-20 19:51:36,316 | INFO  | OMAudit | user=runner | ip=127.0.0.1 | op=ALLOCATE_KEY {"volume":"96fa2e33-c86f-4abb-beda-3c89e0b97153","bucket":"ad804b9a-1be2-4b23-9927-a5d13534b226","key":"95c89293-d0a7-4a85-9341-d5ee07b7db4e","dataSize":"5242880","Transaction":"1049"} | ret=SUCCESS |  
2025-10-20 19:51:36,319 | INFO  | SCMAudit | user=runner | ip=127.0.0.1 | op=ALLOCATE_BLOCK {"replication":"RATIS/ONE","owner":"omServiceIdDefault","size":"4194304","sampleBlocks":"[conID: 7 locID: 115816896921600300]","num":"1","client":"","allocated":"1"} | ret=SUCCESS |  
2025-10-20 19:51:36,322 | INFO  | OMAudit | user=runner | ip=127.0.0.1 | op=ALLOCATE_BLOCK {"volume":"96fa2e33-c86f-4abb-beda-3c89e0b97153","bucket":"ad804b9a-1be2-4b23-9927-a5d13534b226","key":"95c89293-d0a7-4a85-9341-d5ee07b7db4e","dataSize":"5242880","replicationType":"RATIS","replicationFactor":"ONE","clientID":"115408233844900113","Transaction":"1050"} | ret=SUCCESS |  
2025-10-20 19:51:36,330 [om1-OMDoubleBufferFlushThread] INFO  db.RDBCheckpointManager (RDBCheckpointManager.java:createCheckpoint(87)) - Created checkpoint in rocksDB at /home/runner/work/ozone/ozone/hadoop-ozone/integration-test/target/test-dir/MiniOzoneClusterImpl-6935df51-69ff-4c35-8bd4-ed2b81d70e54/om/data/db.snapshots/checkpointState/om.db-17fdd587-0e93-4605-9221-160dccab94fa in 52 milliseconds
2025-10-20 19:51:36,345 | INFO  | SCMAudit | user=runner | ip=127.0.0.1 | op=ALLOCATE_BLOCK {"replication":"RATIS/ONE","owner":"omServiceIdDefault","size":"4194304","sampleBlocks":"[conID: 8 locID: 115816896921600301]","num":"1","client":"","allocated":"1"} | ret=SUCCESS |  
2025-10-20 19:51:36,347 | INFO  | OMAudit | user=runner | ip=127.0.0.1 | op=ALLOCATE_BLOCK {"volume":"96fa2e33-c86f-4abb-beda-3c89e0b97153","bucket":"ad804b9a-1be2-4b23-9927-a5d13534b226","key":"95c89293-d0a7-4a85-9341-d5ee07b7db4e","dataSize":"5242880","replicationType":"RATIS","replicationFactor":"ONE","clientID":"115408233844900113","Transaction":"1051"} | ret=SUCCESS |  
2025-10-20 19:51:36,351 [om1-OMDoubleBufferFlushThread] INFO  om.OmSnapshotManager (OmSnapshotManager.java:createOmSnapshotCheckpoint(545)) - Created checkpoint: /home/runner/work/ozone/ozone/hadoop-ozone/integration-test/target/test-dir/MiniOzoneClusterImpl-6935df51-69ff-4c35-8bd4-ed2b81d70e54/om/data/db.snapshots/checkpointState/om.db-17fdd587-0e93-4605-9221-160dccab94fa for snapshot /vol-a-34073/bucket-b-3-81567/s20251020-195134.769
2025-10-20 19:51:36,364 | INFO  | OMAudit | user=runner | ip=127.0.0.1 | op=COMMIT_MULTIPART_UPLOAD_PARTKEY {"volume":"96fa2e33-c86f-4abb-beda-3c89e0b97153","bucket":"ad804b9a-1be2-4b23-9927-a5d13534b226","key":"95c89293-d0a7-4a85-9341-d5ee07b7db4e","dataSize":"5242880","ETag":"79b281060d337b9b2b84ccf390adcf74","uploadID":"019a032d-5e0f-7249-9309-f4f4c27efdf5-115408233837822222","partNumber":"3","partName":"/96fa2e33-c86f-4abb-beda-3c89e0b97153/ad804b9a-1be2-4b23-9927-a5d13534b226/95c89293-d0a7-4a85-9341-d5ee07b7db4e-019a032d-5e0f-7249-9309-f4f4c27efdf5-115408233837822222-3","Transaction":"1052"} | ret=SUCCESS |  
2025-10-20 19:51:36,373 | INFO  | OMAudit | user=runner | ip=127.0.0.1 | op=LIST_MULTIPART_UPLOAD_PARTS {"volume":"96fa2e33-c86f-4abb-beda-3c89e0b97153","bucket":"ad804b9a-1be2-4b23-9927-a5d13534b226","key":"95c89293-d0a7-4a85-9341-d5ee07b7db4e","uploadID":"019a032d-5e0f-7249-9309-f4f4c27efdf5-115408233837822222","partNumberMarker":"0","maxParts":"3"} | ret=SUCCESS |  
]]></system-out>
  </testcase>
  <testcase name="testListMultipartUploadParts(ReplicationConfig)[2]" classname="org.apache.hadoop.ozone.client.rpc.TestSecureOzoneRpcClient" time="0.378">
    <system-out><![CDATA[2025-10-20 19:51:36,383 [ForkJoinPool-1-worker-1] INFO  rpc.RpcClient (RpcClient.java:createVolume(461)) - Creating Volume: e260a685-674a-4b66-b5e3-9777e2cc88b7, with runner as owner and space quota set to -1 bytes, counts quota set to -1
2025-10-20 19:51:36,387 [om1-OMStateMachineApplyTransactionThread - 0] INFO  volume.OMVolumeCreateRequest (OMVolumeCreateRequest.java:validateAndUpdateCache(213)) - created volume:e260a685-674a-4b66-b5e3-9777e2cc88b7 for user:runner
2025-10-20 19:51:36,387 | INFO  | OMAudit | user=runner | ip=127.0.0.1 | op=CREATE_VOLUME {"admin":"runner","owner":"runner","volume":"e260a685-674a-4b66-b5e3-9777e2cc88b7","creationTime":"1760989896385","modificationTime":"1760989896385","quotaInBytes":"-1","quotaInNamespace":"-1","usedNamespace":"0","objectID":"-9223372036854506240","updateID":"1053","Transaction":"1053"} | ret=SUCCESS |  
2025-10-20 19:51:36,389 | INFO  | OMAudit | user=runner | ip=127.0.0.1 | op=READ_VOLUME {"volume":"e260a685-674a-4b66-b5e3-9777e2cc88b7"} | ret=SUCCESS |  
2025-10-20 19:51:36,390 [ForkJoinPool-1-worker-1] INFO  rpc.RpcClient (RpcClient.java:createBucket(686)) - Creating Bucket: e260a685-674a-4b66-b5e3-9777e2cc88b7/a722e5d0-feab-42fa-acba-374425f3bb78, with server-side default bucket layout, runner as owner, Versioning false, Storage Type set to DISK and Encryption set to false, Replication Type set to server-side default replication type, Namespace Quota set to -1, Space Quota set to -1 
2025-10-20 19:51:36,392 [om1-OMStateMachineApplyTransactionThread - 0] INFO  bucket.OMBucketCreateRequest (OMBucketCreateRequest.java:validateAndUpdateCache(303)) - created bucket: a722e5d0-feab-42fa-acba-374425f3bb78 of layout FILE_SYSTEM_OPTIMIZED in volume: e260a685-674a-4b66-b5e3-9777e2cc88b7
2025-10-20 19:51:36,393 | INFO  | OMAudit | user=runner | ip=127.0.0.1 | op=CREATE_BUCKET {"volume":"e260a685-674a-4b66-b5e3-9777e2cc88b7","bucket":"a722e5d0-feab-42fa-acba-374425f3bb78","bucketLayout":"FILE_SYSTEM_OPTIMIZED","gdprEnabled":null,"acls":"[user:runner:a[ACCESS], group:runner:rl[ACCESS]]","isVersionEnabled":"false","storageType":"DISK","creationTime":"1760989896391","bucketEncryptionKey":null,"modificationTime":"1760989896391","usedBytes":"0","usedNamespace":"0","snapshotUsedBytes":"0","snapshotUsedNamespace":"0","owner":"runner","replicationType":null,"replicationConfig":null,"quotaInBytes":"-1","quotaInNamespace":"-1","Transaction":"1054"} | ret=SUCCESS |  
2025-10-20 19:51:36,395 | INFO  | OMAudit | user=runner | ip=127.0.0.1 | op=READ_BUCKET {"volume":"e260a685-674a-4b66-b5e3-9777e2cc88b7","bucket":"a722e5d0-feab-42fa-acba-374425f3bb78"} | ret=SUCCESS |  
2025-10-20 19:51:36,398 | INFO  | OMAudit | user=runner | ip=127.0.0.1 | op=INITIATE_MULTIPART_UPLOAD {"volume":"e260a685-674a-4b66-b5e3-9777e2cc88b7","bucket":"a722e5d0-feab-42fa-acba-374425f3bb78","key":"94e3f982-5692-4d95-85bd-0d6839ca3e5d","dataSize":"0","replicationType":"RATIS","replicationFactor":"THREE","uploadID":"019a032d-5ecc-7352-9e09-421c7e869c92-115408233850208530","Transaction":"1055"} | ret=SUCCESS |  
2025-10-20 19:51:36,398 [om1-OMDoubleBufferFlushThread] INFO  db.RDBCheckpointManager (RDBCheckpointManager.java:createCheckpoint(87)) - Created checkpoint in rocksDB at /home/runner/work/ozone/ozone/hadoop-ozone/integration-test/target/test-dir/MiniOzoneClusterImpl-6935df51-69ff-4c35-8bd4-ed2b81d70e54/om/data/db.snapshots/checkpointState/om.db-4c7ec906-84a4-418b-b7b4-890de4d7efcf in 45 milliseconds
2025-10-20 19:51:36,402 | INFO  | OMAudit | user=runner | ip=127.0.0.1 | op=ALLOCATE_KEY {"volume":"e260a685-674a-4b66-b5e3-9777e2cc88b7","bucket":"a722e5d0-feab-42fa-acba-374425f3bb78","key":"94e3f982-5692-4d95-85bd-0d6839ca3e5d","dataSize":"5242880","Transaction":"1056"} | ret=SUCCESS |  
2025-10-20 19:51:36,404 | INFO  | SCMAudit | user=runner | ip=127.0.0.1 | op=ALLOCATE_BLOCK {"replication":"RATIS/THREE","owner":"omServiceIdDefault","size":"4194304","sampleBlocks":"[conID: 15 locID: 115816896921600302]","num":"1","client":"","allocated":"1"} | ret=SUCCESS |  
2025-10-20 19:51:36,407 | INFO  | OMAudit | user=runner | ip=127.0.0.1 | op=ALLOCATE_BLOCK {"volume":"e260a685-674a-4b66-b5e3-9777e2cc88b7","bucket":"a722e5d0-feab-42fa-acba-374425f3bb78","key":"94e3f982-5692-4d95-85bd-0d6839ca3e5d","dataSize":"5242880","replicationType":"RATIS","replicationFactor":"THREE","clientID":"115408233850536211","Transaction":"1057"} | ret=SUCCESS |  
2025-10-20 19:51:36,418 [om1-OMDoubleBufferFlushThread] INFO  om.OmSnapshotManager (OmSnapshotManager.java:createOmSnapshotCheckpoint(545)) - Created checkpoint: /home/runner/work/ozone/ozone/hadoop-ozone/integration-test/target/test-dir/MiniOzoneClusterImpl-6935df51-69ff-4c35-8bd4-ed2b81d70e54/om/data/db.snapshots/checkpointState/om.db-4c7ec906-84a4-418b-b7b4-890de4d7efcf for snapshot /vol-a-34073/bucket-b-4-02404/s20251020-195134.778
2025-10-20 19:51:36,447 | INFO  | SCMAudit | user=runner | ip=127.0.0.1 | op=SEND_HEARTBEAT {"datanodeUUID":"b614738c-cdff-4f09-bf59-ed5bb75d51be","term":"2","command":"[]"} | ret=SUCCESS |  
2025-10-20 19:51:36,447 | INFO  | SCMAudit | user=runner | ip=127.0.0.1 | op=SEND_HEARTBEAT {"datanodeUUID":"361055de-215b-4c6c-94c2-be1c1da118d1","term":"2","command":"[]"} | ret=SUCCESS |  
2025-10-20 19:51:36,448 | INFO  | SCMAudit | user=runner | ip=127.0.0.1 | op=SEND_HEARTBEAT {"datanodeUUID":"38991c48-ffb3-4453-b758-77d6b4ebc62b","term":"2","command":"[]"} | ret=SUCCESS |  
2025-10-20 19:51:36,453 | INFO  | SCMAudit | user=runner | ip=127.0.0.1 | op=SEND_HEARTBEAT {"datanodeUUID":"c90bff1f-5a1f-42c6-8fca-9533d718c79a","term":"2","command":"[]"} | ret=SUCCESS |  
2025-10-20 19:51:36,459 | INFO  | SCMAudit | user=runner | ip=127.0.0.1 | op=ALLOCATE_BLOCK {"replication":"RATIS/THREE","owner":"omServiceIdDefault","size":"4194304","sampleBlocks":"[conID: 16 locID: 115816896921600303]","num":"1","client":"","allocated":"1"} | ret=SUCCESS |  
2025-10-20 19:51:36,463 | INFO  | OMAudit | user=runner | ip=127.0.0.1 | op=ALLOCATE_BLOCK {"volume":"e260a685-674a-4b66-b5e3-9777e2cc88b7","bucket":"a722e5d0-feab-42fa-acba-374425f3bb78","key":"94e3f982-5692-4d95-85bd-0d6839ca3e5d","dataSize":"5242880","replicationType":"RATIS","replicationFactor":"THREE","clientID":"115408233850536211","Transaction":"1058"} | ret=SUCCESS |  
2025-10-20 19:51:36,489 | INFO  | OMAudit | user=runner | ip=127.0.0.1 | op=COMMIT_MULTIPART_UPLOAD_PARTKEY {"volume":"e260a685-674a-4b66-b5e3-9777e2cc88b7","bucket":"a722e5d0-feab-42fa-acba-374425f3bb78","key":"94e3f982-5692-4d95-85bd-0d6839ca3e5d","dataSize":"5242880","ETag":"79b281060d337b9b2b84ccf390adcf74","uploadID":"019a032d-5ecc-7352-9e09-421c7e869c92-115408233850208530","partNumber":"1","partName":"/e260a685-674a-4b66-b5e3-9777e2cc88b7/a722e5d0-feab-42fa-acba-374425f3bb78/94e3f982-5692-4d95-85bd-0d6839ca3e5d-019a032d-5ecc-7352-9e09-421c7e869c92-115408233850208530-1","Transaction":"1059"} | ret=SUCCESS |  
2025-10-20 19:51:36,493 [om1-OMDoubleBufferFlushThread] INFO  db.RDBCheckpointManager (RDBCheckpointManager.java:createCheckpoint(87)) - Created checkpoint in rocksDB at /home/runner/work/ozone/ozone/hadoop-ozone/integration-test/target/test-dir/MiniOzoneClusterImpl-6935df51-69ff-4c35-8bd4-ed2b81d70e54/om/data/db.snapshots/checkpointState/om.db-4cdafc4c-2b96-4ace-ad74-dfebfbc047d2 in 72 milliseconds
2025-10-20 19:51:36,494 | INFO  | OMAudit | user=runner | ip=127.0.0.1 | op=ALLOCATE_KEY {"volume":"e260a685-674a-4b66-b5e3-9777e2cc88b7","bucket":"a722e5d0-feab-42fa-acba-374425f3bb78","key":"94e3f982-5692-4d95-85bd-0d6839ca3e5d","dataSize":"5242880","Transaction":"1060"} | ret=SUCCESS |  
2025-10-20 19:51:36,496 | INFO  | SCMAudit | user=runner | ip=127.0.0.1 | op=ALLOCATE_BLOCK {"replication":"RATIS/THREE","owner":"omServiceIdDefault","size":"4194304","sampleBlocks":"[conID: 17 locID: 115816896921600304]","num":"1","client":"","allocated":"1"} | ret=SUCCESS |  
2025-10-20 19:51:36,498 | INFO  | OMAudit | user=runner | ip=127.0.0.1 | op=ALLOCATE_BLOCK {"volume":"e260a685-674a-4b66-b5e3-9777e2cc88b7","bucket":"a722e5d0-feab-42fa-acba-374425f3bb78","key":"94e3f982-5692-4d95-85bd-0d6839ca3e5d","dataSize":"5242880","replicationType":"RATIS","replicationFactor":"THREE","clientID":"115408233856565524","Transaction":"1061"} | ret=SUCCESS |  
2025-10-20 19:51:36,511 [om1-OMDoubleBufferFlushThread] INFO  om.OmSnapshotManager (OmSnapshotManager.java:createOmSnapshotCheckpoint(545)) - Created checkpoint: /home/runner/work/ozone/ozone/hadoop-ozone/integration-test/target/test-dir/MiniOzoneClusterImpl-6935df51-69ff-4c35-8bd4-ed2b81d70e54/om/data/db.snapshots/checkpointState/om.db-4cdafc4c-2b96-4ace-ad74-dfebfbc047d2 for snapshot /vol-a-34073/bucket-b-5-02767/s20251020-195134.787
2025-10-20 19:51:36,572 | INFO  | SCMAudit | user=runner | ip=127.0.0.1 | op=ALLOCATE_BLOCK {"replication":"RATIS/THREE","owner":"omServiceIdDefault","size":"4194304","sampleBlocks":"[conID: 18 locID: 115816896921600305]","num":"1","client":"","allocated":"1"} | ret=SUCCESS |  
2025-10-20 19:51:36,574 | INFO  | OMAudit | user=runner | ip=127.0.0.1 | op=ALLOCATE_BLOCK {"volume":"e260a685-674a-4b66-b5e3-9777e2cc88b7","bucket":"a722e5d0-feab-42fa-acba-374425f3bb78","key":"94e3f982-5692-4d95-85bd-0d6839ca3e5d","dataSize":"5242880","replicationType":"RATIS","replicationFactor":"THREE","clientID":"115408233856565524","Transaction":"1062"} | ret=SUCCESS |  
2025-10-20 19:51:36,602 | INFO  | OMAudit | user=runner | ip=127.0.0.1 | op=COMMIT_MULTIPART_UPLOAD_PARTKEY {"volume":"e260a685-674a-4b66-b5e3-9777e2cc88b7","bucket":"a722e5d0-feab-42fa-acba-374425f3bb78","key":"94e3f982-5692-4d95-85bd-0d6839ca3e5d","dataSize":"5242880","ETag":"79b281060d337b9b2b84ccf390adcf74","uploadID":"019a032d-5ecc-7352-9e09-421c7e869c92-115408233850208530","partNumber":"2","partName":"/e260a685-674a-4b66-b5e3-9777e2cc88b7/a722e5d0-feab-42fa-acba-374425f3bb78/94e3f982-5692-4d95-85bd-0d6839ca3e5d-019a032d-5ecc-7352-9e09-421c7e869c92-115408233850208530-2","Transaction":"1063"} | ret=SUCCESS |  
2025-10-20 19:51:36,616 [om1-OMDoubleBufferFlushThread] INFO  db.RDBCheckpointManager (RDBCheckpointManager.java:createCheckpoint(87)) - Created checkpoint in rocksDB at /home/runner/work/ozone/ozone/hadoop-ozone/integration-test/target/test-dir/MiniOzoneClusterImpl-6935df51-69ff-4c35-8bd4-ed2b81d70e54/om/data/db.snapshots/checkpointState/om.db-f81a2a1f-3487-49e5-96bf-571c92251b85 in 101 milliseconds
2025-10-20 19:51:36,627 | INFO  | OMAudit | user=runner | ip=127.0.0.1 | op=ALLOCATE_KEY {"volume":"e260a685-674a-4b66-b5e3-9777e2cc88b7","bucket":"a722e5d0-feab-42fa-acba-374425f3bb78","key":"94e3f982-5692-4d95-85bd-0d6839ca3e5d","dataSize":"5242880","Transaction":"1064"} | ret=SUCCESS |  
2025-10-20 19:51:36,631 | INFO  | SCMAudit | user=runner | ip=127.0.0.1 | op=ALLOCATE_BLOCK {"replication":"RATIS/THREE","owner":"omServiceIdDefault","size":"4194304","sampleBlocks":"[conID: 21 locID: 115816896921600306]","num":"1","client":"","allocated":"1"} | ret=SUCCESS |  
2025-10-20 19:51:36,637 | INFO  | OMAudit | user=runner | ip=127.0.0.1 | op=ALLOCATE_BLOCK {"volume":"e260a685-674a-4b66-b5e3-9777e2cc88b7","bucket":"a722e5d0-feab-42fa-acba-374425f3bb78","key":"94e3f982-5692-4d95-85bd-0d6839ca3e5d","dataSize":"5242880","replicationType":"RATIS","replicationFactor":"THREE","clientID":"115408233865019669","Transaction":"1065"} | ret=SUCCESS |  
2025-10-20 19:51:36,642 [om1-OMDoubleBufferFlushThread] INFO  om.OmSnapshotManager (OmSnapshotManager.java:createOmSnapshotCheckpoint(545)) - Created checkpoint: /home/runner/work/ozone/ozone/hadoop-ozone/integration-test/target/test-dir/MiniOzoneClusterImpl-6935df51-69ff-4c35-8bd4-ed2b81d70e54/om/data/db.snapshots/checkpointState/om.db-f81a2a1f-3487-49e5-96bf-571c92251b85 for snapshot /vol-a-34073/bucket-b-6-94634/s20251020-195134.795
2025-10-20 19:51:36,651 | INFO  | SCMAudit | user=runner | ip=127.0.0.1 | op=SEND_HEARTBEAT {"datanodeUUID":"cc7fbe85-1d98-437b-84f9-04213fee10f0","term":"2","command":"[]"} | ret=SUCCESS |  
2025-10-20 19:51:36,652 | INFO  | SCMAudit | user=runner | ip=127.0.0.1 | op=SEND_HEARTBEAT {"datanodeUUID":"605be85e-a7f4-44d7-8cfd-f53001b990b0","term":"2","command":"[]"} | ret=SUCCESS |  
2025-10-20 19:51:36,655 | INFO  | SCMAudit | user=runner | ip=127.0.0.1 | op=SEND_HEARTBEAT {"datanodeUUID":"4f2bb3f5-0e03-4f1b-bb4c-79c91b98c7da","term":"2","command":"[]"} | ret=SUCCESS |  
2025-10-20 19:51:36,706 | INFO  | SCMAudit | user=runner | ip=127.0.0.1 | op=ALLOCATE_BLOCK {"replication":"RATIS/THREE","owner":"omServiceIdDefault","size":"4194304","sampleBlocks":"[conID: 19 locID: 115816896921600307]","num":"1","client":"","allocated":"1"} | ret=SUCCESS |  
2025-10-20 19:51:36,709 | INFO  | OMAudit | user=runner | ip=127.0.0.1 | op=ALLOCATE_BLOCK {"volume":"e260a685-674a-4b66-b5e3-9777e2cc88b7","bucket":"a722e5d0-feab-42fa-acba-374425f3bb78","key":"94e3f982-5692-4d95-85bd-0d6839ca3e5d","dataSize":"5242880","replicationType":"RATIS","replicationFactor":"THREE","clientID":"115408233865019669","Transaction":"1066"} | ret=SUCCESS |  
2025-10-20 19:51:36,730 | INFO  | SCMAudit | user=runner | ip=127.0.0.1 | op=SEND_HEARTBEAT {"datanodeUUID":"feb39a1c-80cb-4714-ab06-a361236e3029","term":"2","command":"[]"} | ret=SUCCESS |  
2025-10-20 19:51:36,742 | INFO  | SCMAudit | user=runner | ip=127.0.0.1 | op=SEND_HEARTBEAT {"datanodeUUID":"e05592a5-d00f-4fc1-9e39-a968c1ecb04e","term":"2","command":"[]"} | ret=SUCCESS |  
2025-10-20 19:51:36,746 | INFO  | SCMAudit | user=runner | ip=127.0.0.1 | op=SEND_HEARTBEAT {"datanodeUUID":"33f74daf-be7a-4306-b2af-53e409c4cb93","term":"2","command":"[]"} | ret=SUCCESS |  
2025-10-20 19:51:36,752 [om1-OMDoubleBufferFlushThread] INFO  db.RDBCheckpointManager (RDBCheckpointManager.java:createCheckpoint(87)) - Created checkpoint in rocksDB at /home/runner/work/ozone/ozone/hadoop-ozone/integration-test/target/test-dir/MiniOzoneClusterImpl-6935df51-69ff-4c35-8bd4-ed2b81d70e54/om/data/db.snapshots/checkpointState/om.db-c74ef424-c455-4083-b22c-78139787da84 in 104 milliseconds
2025-10-20 19:51:36,755 | INFO  | OMAudit | user=runner | ip=127.0.0.1 | op=COMMIT_MULTIPART_UPLOAD_PARTKEY {"volume":"e260a685-674a-4b66-b5e3-9777e2cc88b7","bucket":"a722e5d0-feab-42fa-acba-374425f3bb78","key":"94e3f982-5692-4d95-85bd-0d6839ca3e5d","dataSize":"5242880","ETag":"79b281060d337b9b2b84ccf390adcf74","uploadID":"019a032d-5ecc-7352-9e09-421c7e869c92-115408233850208530","partNumber":"3","partName":"/e260a685-674a-4b66-b5e3-9777e2cc88b7/a722e5d0-feab-42fa-acba-374425f3bb78/94e3f982-5692-4d95-85bd-0d6839ca3e5d-019a032d-5ecc-7352-9e09-421c7e869c92-115408233850208530-3","Transaction":"1067"} | ret=SUCCESS |  
2025-10-20 19:51:36,757 | INFO  | OMAudit | user=runner | ip=127.0.0.1 | op=LIST_MULTIPART_UPLOAD_PARTS {"volume":"e260a685-674a-4b66-b5e3-9777e2cc88b7","bucket":"a722e5d0-feab-42fa-acba-374425f3bb78","key":"94e3f982-5692-4d95-85bd-0d6839ca3e5d","uploadID":"019a032d-5ecc-7352-9e09-421c7e869c92-115408233850208530","partNumberMarker":"0","maxParts":"3"} | ret=SUCCESS |  
]]></system-out>
  </testcase>
  <testcase name="testListMultipartUploadParts(ReplicationConfig)[3]" classname="org.apache.hadoop.ozone.client.rpc.TestSecureOzoneRpcClient" time="0.282">
    <system-out><![CDATA[2025-10-20 19:51:36,762 [ForkJoinPool-1-worker-1] INFO  rpc.RpcClient (RpcClient.java:createVolume(461)) - Creating Volume: b1489ecb-25d9-42e5-af51-e1d701ceb476, with runner as owner and space quota set to -1 bytes, counts quota set to -1
2025-10-20 19:51:36,765 [om1-OMStateMachineApplyTransactionThread - 0] INFO  volume.OMVolumeCreateRequest (OMVolumeCreateRequest.java:validateAndUpdateCache(213)) - created volume:b1489ecb-25d9-42e5-af51-e1d701ceb476 for user:runner
2025-10-20 19:51:36,765 | INFO  | OMAudit | user=runner | ip=127.0.0.1 | op=CREATE_VOLUME {"admin":"runner","owner":"runner","volume":"b1489ecb-25d9-42e5-af51-e1d701ceb476","creationTime":"1760989896763","modificationTime":"1760989896763","quotaInBytes":"-1","quotaInNamespace":"-1","usedNamespace":"0","objectID":"-9223372036854502400","updateID":"1068","Transaction":"1068"} | ret=SUCCESS |  
2025-10-20 19:51:36,767 | INFO  | OMAudit | user=runner | ip=127.0.0.1 | op=READ_VOLUME {"volume":"b1489ecb-25d9-42e5-af51-e1d701ceb476"} | ret=SUCCESS |  
2025-10-20 19:51:36,769 [ForkJoinPool-1-worker-1] INFO  rpc.RpcClient (RpcClient.java:createBucket(686)) - Creating Bucket: b1489ecb-25d9-42e5-af51-e1d701ceb476/175b0508-00c9-44f1-866b-9ff9c4040ed9, with server-side default bucket layout, runner as owner, Versioning false, Storage Type set to DISK and Encryption set to false, Replication Type set to server-side default replication type, Namespace Quota set to -1, Space Quota set to -1 
2025-10-20 19:51:36,774 [om1-OMStateMachineApplyTransactionThread - 0] INFO  bucket.OMBucketCreateRequest (OMBucketCreateRequest.java:validateAndUpdateCache(303)) - created bucket: 175b0508-00c9-44f1-866b-9ff9c4040ed9 of layout FILE_SYSTEM_OPTIMIZED in volume: b1489ecb-25d9-42e5-af51-e1d701ceb476
2025-10-20 19:51:36,774 | INFO  | OMAudit | user=runner | ip=127.0.0.1 | op=CREATE_BUCKET {"volume":"b1489ecb-25d9-42e5-af51-e1d701ceb476","bucket":"175b0508-00c9-44f1-866b-9ff9c4040ed9","bucketLayout":"FILE_SYSTEM_OPTIMIZED","gdprEnabled":null,"acls":"[user:runner:a[ACCESS], group:runner:rl[ACCESS]]","isVersionEnabled":"false","storageType":"DISK","creationTime":"1760989896771","bucketEncryptionKey":null,"modificationTime":"1760989896771","usedBytes":"0","usedNamespace":"0","snapshotUsedBytes":"0","snapshotUsedNamespace":"0","owner":"runner","replicationType":null,"replicationConfig":null,"quotaInBytes":"-1","quotaInNamespace":"-1","Transaction":"1069"} | ret=SUCCESS |  
2025-10-20 19:51:36,776 | INFO  | OMAudit | user=runner | ip=127.0.0.1 | op=READ_BUCKET {"volume":"b1489ecb-25d9-42e5-af51-e1d701ceb476","bucket":"175b0508-00c9-44f1-866b-9ff9c4040ed9"} | ret=SUCCESS |  
2025-10-20 19:51:36,780 [om1-OMDoubleBufferFlushThread] INFO  om.OmSnapshotManager (OmSnapshotManager.java:createOmSnapshotCheckpoint(545)) - Created checkpoint: /home/runner/work/ozone/ozone/hadoop-ozone/integration-test/target/test-dir/MiniOzoneClusterImpl-6935df51-69ff-4c35-8bd4-ed2b81d70e54/om/data/db.snapshots/checkpointState/om.db-c74ef424-c455-4083-b22c-78139787da84 for snapshot /vol-a-34073/bucket-b-7-84763/s20251020-195134.803
2025-10-20 19:51:36,783 | INFO  | OMAudit | user=runner | ip=127.0.0.1 | op=INITIATE_MULTIPART_UPLOAD {"volume":"b1489ecb-25d9-42e5-af51-e1d701ceb476","bucket":"175b0508-00c9-44f1-866b-9ff9c4040ed9","key":"9379bbf3-b8e3-4f4a-b364-95022c4a22eb","dataSize":"0","replicationType":"EC","replicationConfig":"rs-3-2-1048576","uploadID":"019a032d-604b-79d4-9737-56e77b3519e0-115408233875308822","Transaction":"1070"} | ret=SUCCESS |  
2025-10-20 19:51:36,789 | INFO  | OMAudit | user=runner | ip=127.0.0.1 | op=ALLOCATE_KEY {"volume":"b1489ecb-25d9-42e5-af51-e1d701ceb476","bucket":"175b0508-00c9-44f1-866b-9ff9c4040ed9","key":"9379bbf3-b8e3-4f4a-b364-95022c4a22eb","dataSize":"5242880","Transaction":"1071"} | ret=SUCCESS |  
2025-10-20 19:51:36,805 | INFO  | SCMAudit | user=runner | ip=127.0.0.1 | op=ALLOCATE_BLOCK {"replication":"EC{rs-3-2-1024k}","owner":"omServiceIdDefault","size":"4194304","sampleBlocks":"[conID: 22 locID: 115816896921600308]","num":"1","client":"","allocated":"1"} | ret=SUCCESS |  
2025-10-20 19:51:36,811 | INFO  | OMAudit | user=runner | ip=127.0.0.1 | op=ALLOCATE_BLOCK {"volume":"b1489ecb-25d9-42e5-af51-e1d701ceb476","bucket":"175b0508-00c9-44f1-866b-9ff9c4040ed9","key":"9379bbf3-b8e3-4f4a-b364-95022c4a22eb","dataSize":"5242880","replicationType":"EC","replicationConfig":"rs-3-2-1048576","clientID":"115408233875833111","Transaction":"1072"} | ret=SUCCESS |  
2025-10-20 19:51:36,846 | INFO  | SCMAudit | user=runner | ip=127.0.0.1 | op=SEND_HEARTBEAT {"datanodeUUID":"d7d8cf72-b9f6-4979-9c53-007dd6e6e48a","term":"2","command":"[]"} | ret=SUCCESS |  
2025-10-20 19:51:36,874 | INFO  | OMAudit | user=runner | ip=127.0.0.1 | op=COMMIT_MULTIPART_UPLOAD_PARTKEY {"volume":"b1489ecb-25d9-42e5-af51-e1d701ceb476","bucket":"175b0508-00c9-44f1-866b-9ff9c4040ed9","key":"9379bbf3-b8e3-4f4a-b364-95022c4a22eb","dataSize":"5242880","ETag":"79b281060d337b9b2b84ccf390adcf74","uploadID":"019a032d-604b-79d4-9737-56e77b3519e0-115408233875308822","partNumber":"1","partName":"/b1489ecb-25d9-42e5-af51-e1d701ceb476/175b0508-00c9-44f1-866b-9ff9c4040ed9/9379bbf3-b8e3-4f4a-b364-95022c4a22eb-019a032d-604b-79d4-9737-56e77b3519e0-115408233875308822-1","Transaction":"1073"} | ret=SUCCESS |  
2025-10-20 19:51:36,897 [om1-OMDoubleBufferFlushThread] INFO  db.RDBCheckpointManager (RDBCheckpointManager.java:createCheckpoint(87)) - Created checkpoint in rocksDB at /home/runner/work/ozone/ozone/hadoop-ozone/integration-test/target/test-dir/MiniOzoneClusterImpl-6935df51-69ff-4c35-8bd4-ed2b81d70e54/om/data/db.snapshots/checkpointState/om.db-67bb22d1-88fd-4d27-820f-354b7d606132 in 113 milliseconds
2025-10-20 19:51:36,906 | INFO  | OMAudit | user=runner | ip=127.0.0.1 | op=ALLOCATE_KEY {"volume":"b1489ecb-25d9-42e5-af51-e1d701ceb476","bucket":"175b0508-00c9-44f1-866b-9ff9c4040ed9","key":"9379bbf3-b8e3-4f4a-b364-95022c4a22eb","dataSize":"5242880","Transaction":"1074"} | ret=SUCCESS |  
2025-10-20 19:51:36,920 | INFO  | SCMAudit | user=runner | ip=127.0.0.1 | op=ALLOCATE_BLOCK {"replication":"EC{rs-3-2-1024k}","owner":"omServiceIdDefault","size":"4194304","sampleBlocks":"[conID: 24 locID: 115816896921600309]","num":"1","client":"","allocated":"1"} | ret=SUCCESS |  
2025-10-20 19:51:36,922 [om1-OMDoubleBufferFlushThread] INFO  om.OmSnapshotManager (OmSnapshotManager.java:createOmSnapshotCheckpoint(545)) - Created checkpoint: /home/runner/work/ozone/ozone/hadoop-ozone/integration-test/target/test-dir/MiniOzoneClusterImpl-6935df51-69ff-4c35-8bd4-ed2b81d70e54/om/data/db.snapshots/checkpointState/om.db-67bb22d1-88fd-4d27-820f-354b7d606132 for snapshot /vol-a-34073/bucket-b-8-91975/s20251020-195134.810
2025-10-20 19:51:36,926 | INFO  | OMAudit | user=runner | ip=127.0.0.1 | op=ALLOCATE_BLOCK {"volume":"b1489ecb-25d9-42e5-af51-e1d701ceb476","bucket":"175b0508-00c9-44f1-866b-9ff9c4040ed9","key":"9379bbf3-b8e3-4f4a-b364-95022c4a22eb","dataSize":"5242880","replicationType":"EC","replicationConfig":"rs-3-2-1048576","clientID":"115408233883304216","Transaction":"1075"} | ret=SUCCESS |  
2025-10-20 19:51:36,989 | INFO  | OMAudit | user=runner | ip=127.0.0.1 | op=COMMIT_MULTIPART_UPLOAD_PARTKEY {"volume":"b1489ecb-25d9-42e5-af51-e1d701ceb476","bucket":"175b0508-00c9-44f1-866b-9ff9c4040ed9","key":"9379bbf3-b8e3-4f4a-b364-95022c4a22eb","dataSize":"5242880","ETag":"79b281060d337b9b2b84ccf390adcf74","uploadID":"019a032d-604b-79d4-9737-56e77b3519e0-115408233875308822","partNumber":"2","partName":"/b1489ecb-25d9-42e5-af51-e1d701ceb476/175b0508-00c9-44f1-866b-9ff9c4040ed9/9379bbf3-b8e3-4f4a-b364-95022c4a22eb-019a032d-604b-79d4-9737-56e77b3519e0-115408233875308822-2","Transaction":"1076"} | ret=SUCCESS |  
2025-10-20 19:51:36,994 | INFO  | OMAudit | user=runner | ip=127.0.0.1 | op=ALLOCATE_KEY {"volume":"b1489ecb-25d9-42e5-af51-e1d701ceb476","bucket":"175b0508-00c9-44f1-866b-9ff9c4040ed9","key":"9379bbf3-b8e3-4f4a-b364-95022c4a22eb","dataSize":"5242880","Transaction":"1077"} | ret=SUCCESS |  
2025-10-20 19:51:37,007 | INFO  | SCMAudit | user=runner | ip=127.0.0.1 | op=ALLOCATE_BLOCK {"replication":"EC{rs-3-2-1024k}","owner":"omServiceIdDefault","size":"4194304","sampleBlocks":"[conID: 24 locID: 115816896921600310]","num":"1","client":"","allocated":"1"} | ret=SUCCESS |  
2025-10-20 19:51:37,008 [om1-OMDoubleBufferFlushThread] INFO  db.RDBCheckpointManager (RDBCheckpointManager.java:createCheckpoint(87)) - Created checkpoint in rocksDB at /home/runner/work/ozone/ozone/hadoop-ozone/integration-test/target/test-dir/MiniOzoneClusterImpl-6935df51-69ff-4c35-8bd4-ed2b81d70e54/om/data/db.snapshots/checkpointState/om.db-8b51ed16-d047-4b21-8278-9b5e299292d1 in 80 milliseconds
2025-10-20 19:51:37,009 | INFO  | OMAudit | user=runner | ip=127.0.0.1 | op=ALLOCATE_BLOCK {"volume":"b1489ecb-25d9-42e5-af51-e1d701ceb476","bucket":"175b0508-00c9-44f1-866b-9ff9c4040ed9","key":"9379bbf3-b8e3-4f4a-b364-95022c4a22eb","dataSize":"5242880","replicationType":"EC","replicationConfig":"rs-3-2-1048576","clientID":"115408233889267993","Transaction":"1078"} | ret=SUCCESS |  
2025-10-20 19:51:37,033 [om1-OMDoubleBufferFlushThread] INFO  om.OmSnapshotManager (OmSnapshotManager.java:createOmSnapshotCheckpoint(545)) - Created checkpoint: /home/runner/work/ozone/ozone/hadoop-ozone/integration-test/target/test-dir/MiniOzoneClusterImpl-6935df51-69ff-4c35-8bd4-ed2b81d70e54/om/data/db.snapshots/checkpointState/om.db-8b51ed16-d047-4b21-8278-9b5e299292d1 for snapshot /vol-a-34073/bucket-b-9-87871/s20251020-195134.817
2025-10-20 19:51:37,040 | INFO  | OMAudit | user=runner | ip=127.0.0.1 | op=COMMIT_MULTIPART_UPLOAD_PARTKEY {"volume":"b1489ecb-25d9-42e5-af51-e1d701ceb476","bucket":"175b0508-00c9-44f1-866b-9ff9c4040ed9","key":"9379bbf3-b8e3-4f4a-b364-95022c4a22eb","dataSize":"5242880","ETag":"79b281060d337b9b2b84ccf390adcf74","uploadID":"019a032d-604b-79d4-9737-56e77b3519e0-115408233875308822","partNumber":"3","partName":"/b1489ecb-25d9-42e5-af51-e1d701ceb476/175b0508-00c9-44f1-866b-9ff9c4040ed9/9379bbf3-b8e3-4f4a-b364-95022c4a22eb-019a032d-604b-79d4-9737-56e77b3519e0-115408233875308822-3","Transaction":"1079"} | ret=SUCCESS |  
2025-10-20 19:51:37,042 | INFO  | OMAudit | user=runner | ip=127.0.0.1 | op=LIST_MULTIPART_UPLOAD_PARTS {"volume":"b1489ecb-25d9-42e5-af51-e1d701ceb476","bucket":"175b0508-00c9-44f1-866b-9ff9c4040ed9","key":"9379bbf3-b8e3-4f4a-b364-95022c4a22eb","uploadID":"019a032d-604b-79d4-9737-56e77b3519e0-115408233875308822","partNumberMarker":"0","maxParts":"3"} | ret=SUCCESS |  
]]></system-out>
  </testcase>
  <testcase name="testListMultipartUploadPartsWithContinuation(ReplicationConfig)[1]" classname="org.apache.hadoop.ozone.client.rpc.TestSecureOzoneRpcClient" time="0.157">
    <system-out><![CDATA[2025-10-20 19:51:37,050 [ForkJoinPool-1-worker-1] INFO  rpc.RpcClient (RpcClient.java:createVolume(461)) - Creating Volume: 086ea620-6921-4394-9e71-76586584766a, with runner as owner and space quota set to -1 bytes, counts quota set to -1
2025-10-20 19:51:37,053 [om1-OMStateMachineApplyTransactionThread - 0] INFO  volume.OMVolumeCreateRequest (OMVolumeCreateRequest.java:validateAndUpdateCache(213)) - created volume:086ea620-6921-4394-9e71-76586584766a for user:runner
2025-10-20 19:51:37,053 | INFO  | OMAudit | user=runner | ip=127.0.0.1 | op=CREATE_VOLUME {"admin":"runner","owner":"runner","volume":"086ea620-6921-4394-9e71-76586584766a","creationTime":"1760989897051","modificationTime":"1760989897051","quotaInBytes":"-1","quotaInNamespace":"-1","usedNamespace":"0","objectID":"-9223372036854499328","updateID":"1080","Transaction":"1080"} | ret=SUCCESS |  
2025-10-20 19:51:37,055 | INFO  | OMAudit | user=runner | ip=127.0.0.1 | op=READ_VOLUME {"volume":"086ea620-6921-4394-9e71-76586584766a"} | ret=SUCCESS |  
2025-10-20 19:51:37,056 [ForkJoinPool-1-worker-1] INFO  rpc.RpcClient (RpcClient.java:createBucket(686)) - Creating Bucket: 086ea620-6921-4394-9e71-76586584766a/82dae408-c818-45c4-9904-11baa0ccba37, with server-side default bucket layout, runner as owner, Versioning false, Storage Type set to DISK and Encryption set to false, Replication Type set to server-side default replication type, Namespace Quota set to -1, Space Quota set to -1 
2025-10-20 19:51:37,059 [om1-OMStateMachineApplyTransactionThread - 0] INFO  bucket.OMBucketCreateRequest (OMBucketCreateRequest.java:validateAndUpdateCache(303)) - created bucket: 82dae408-c818-45c4-9904-11baa0ccba37 of layout FILE_SYSTEM_OPTIMIZED in volume: 086ea620-6921-4394-9e71-76586584766a
2025-10-20 19:51:37,059 | INFO  | OMAudit | user=runner | ip=127.0.0.1 | op=CREATE_BUCKET {"volume":"086ea620-6921-4394-9e71-76586584766a","bucket":"82dae408-c818-45c4-9904-11baa0ccba37","bucketLayout":"FILE_SYSTEM_OPTIMIZED","gdprEnabled":null,"acls":"[user:runner:a[ACCESS], group:runner:rl[ACCESS]]","isVersionEnabled":"false","storageType":"DISK","creationTime":"1760989897057","bucketEncryptionKey":null,"modificationTime":"1760989897057","usedBytes":"0","usedNamespace":"0","snapshotUsedBytes":"0","snapshotUsedNamespace":"0","owner":"runner","replicationType":null,"replicationConfig":null,"quotaInBytes":"-1","quotaInNamespace":"-1","Transaction":"1081"} | ret=SUCCESS |  
2025-10-20 19:51:37,062 | INFO  | OMAudit | user=runner | ip=127.0.0.1 | op=READ_BUCKET {"volume":"086ea620-6921-4394-9e71-76586584766a","bucket":"82dae408-c818-45c4-9904-11baa0ccba37"} | ret=SUCCESS |  
2025-10-20 19:51:37,067 | INFO  | OMAudit | user=runner | ip=127.0.0.1 | op=INITIATE_MULTIPART_UPLOAD {"volume":"086ea620-6921-4394-9e71-76586584766a","bucket":"82dae408-c818-45c4-9904-11baa0ccba37","key":"1bbbf4a6-179b-4a27-a635-6be8cacc325c","dataSize":"0","replicationType":"RATIS","replicationFactor":"ONE","uploadID":"019a032d-6169-7c4d-a672-8be24ed7aeed-115408233894052122","Transaction":"1082"} | ret=SUCCESS |  
2025-10-20 19:51:37,073 | INFO  | OMAudit | user=runner | ip=127.0.0.1 | op=ALLOCATE_KEY {"volume":"086ea620-6921-4394-9e71-76586584766a","bucket":"82dae408-c818-45c4-9904-11baa0ccba37","key":"1bbbf4a6-179b-4a27-a635-6be8cacc325c","dataSize":"5242880","Transaction":"1083"} | ret=SUCCESS |  
2025-10-20 19:51:37,076 | INFO  | SCMAudit | user=runner | ip=127.0.0.1 | op=ALLOCATE_BLOCK {"replication":"RATIS/ONE","owner":"omServiceIdDefault","size":"4194304","sampleBlocks":"[conID: 9 locID: 115816896921600311]","num":"1","client":"","allocated":"1"} | ret=SUCCESS |  
2025-10-20 19:51:37,078 | INFO  | OMAudit | user=runner | ip=127.0.0.1 | op=ALLOCATE_BLOCK {"volume":"086ea620-6921-4394-9e71-76586584766a","bucket":"82dae408-c818-45c4-9904-11baa0ccba37","key":"1bbbf4a6-179b-4a27-a635-6be8cacc325c","dataSize":"5242880","replicationType":"RATIS","replicationFactor":"ONE","clientID":"115408233894445339","Transaction":"1084"} | ret=SUCCESS |  
2025-10-20 19:51:37,093 | INFO  | SCMAudit | user=runner | ip=127.0.0.1 | op=ALLOCATE_BLOCK {"replication":"RATIS/ONE","owner":"omServiceIdDefault","size":"4194304","sampleBlocks":"[conID: 2 locID: 115816896921600312]","num":"1","client":"","allocated":"1"} | ret=SUCCESS |  
2025-10-20 19:51:37,095 | INFO  | OMAudit | user=runner | ip=127.0.0.1 | op=ALLOCATE_BLOCK {"volume":"086ea620-6921-4394-9e71-76586584766a","bucket":"82dae408-c818-45c4-9904-11baa0ccba37","key":"1bbbf4a6-179b-4a27-a635-6be8cacc325c","dataSize":"5242880","replicationType":"RATIS","replicationFactor":"ONE","clientID":"115408233894445339","Transaction":"1085"} | ret=SUCCESS |  
2025-10-20 19:51:37,110 | INFO  | OMAudit | user=runner | ip=127.0.0.1 | op=COMMIT_MULTIPART_UPLOAD_PARTKEY {"volume":"086ea620-6921-4394-9e71-76586584766a","bucket":"82dae408-c818-45c4-9904-11baa0ccba37","key":"1bbbf4a6-179b-4a27-a635-6be8cacc325c","dataSize":"5242880","ETag":"79b281060d337b9b2b84ccf390adcf74","uploadID":"019a032d-6169-7c4d-a672-8be24ed7aeed-115408233894052122","partNumber":"1","partName":"/086ea620-6921-4394-9e71-76586584766a/82dae408-c818-45c4-9904-11baa0ccba37/1bbbf4a6-179b-4a27-a635-6be8cacc325c-019a032d-6169-7c4d-a672-8be24ed7aeed-115408233894052122-1","Transaction":"1086"} | ret=SUCCESS |  
2025-10-20 19:51:37,114 | INFO  | OMAudit | user=runner | ip=127.0.0.1 | op=ALLOCATE_KEY {"volume":"086ea620-6921-4394-9e71-76586584766a","bucket":"82dae408-c818-45c4-9904-11baa0ccba37","key":"1bbbf4a6-179b-4a27-a635-6be8cacc325c","dataSize":"5242880","Transaction":"1087"} | ret=SUCCESS |  
2025-10-20 19:51:37,116 | INFO  | SCMAudit | user=runner | ip=127.0.0.1 | op=ALLOCATE_BLOCK {"replication":"RATIS/ONE","owner":"omServiceIdDefault","size":"4194304","sampleBlocks":"[conID: 3 locID: 115816896921600313]","num":"1","client":"","allocated":"1"} | ret=SUCCESS |  
2025-10-20 19:51:37,118 | INFO  | OMAudit | user=runner | ip=127.0.0.1 | op=ALLOCATE_BLOCK {"volume":"086ea620-6921-4394-9e71-76586584766a","bucket":"82dae408-c818-45c4-9904-11baa0ccba37","key":"1bbbf4a6-179b-4a27-a635-6be8cacc325c","dataSize":"5242880","replicationType":"RATIS","replicationFactor":"ONE","clientID":"115408233897132316","Transaction":"1088"} | ret=SUCCESS |  
2025-10-20 19:51:37,136 | INFO  | SCMAudit | user=runner | ip=127.0.0.1 | op=ALLOCATE_BLOCK {"replication":"RATIS/ONE","owner":"omServiceIdDefault","size":"4194304","sampleBlocks":"[conID: 11 locID: 115816896921600314]","num":"1","client":"","allocated":"1"} | ret=SUCCESS |  
2025-10-20 19:51:37,138 | INFO  | OMAudit | user=runner | ip=127.0.0.1 | op=ALLOCATE_BLOCK {"volume":"086ea620-6921-4394-9e71-76586584766a","bucket":"82dae408-c818-45c4-9904-11baa0ccba37","key":"1bbbf4a6-179b-4a27-a635-6be8cacc325c","dataSize":"5242880","replicationType":"RATIS","replicationFactor":"ONE","clientID":"115408233897132316","Transaction":"1089"} | ret=SUCCESS |  
2025-10-20 19:51:37,156 | INFO  | OMAudit | user=runner | ip=127.0.0.1 | op=COMMIT_MULTIPART_UPLOAD_PARTKEY {"volume":"086ea620-6921-4394-9e71-76586584766a","bucket":"82dae408-c818-45c4-9904-11baa0ccba37","key":"1bbbf4a6-179b-4a27-a635-6be8cacc325c","dataSize":"5242880","ETag":"79b281060d337b9b2b84ccf390adcf74","uploadID":"019a032d-6169-7c4d-a672-8be24ed7aeed-115408233894052122","partNumber":"2","partName":"/086ea620-6921-4394-9e71-76586584766a/82dae408-c818-45c4-9904-11baa0ccba37/1bbbf4a6-179b-4a27-a635-6be8cacc325c-019a032d-6169-7c4d-a672-8be24ed7aeed-115408233894052122-2","Transaction":"1090"} | ret=SUCCESS |  
2025-10-20 19:51:37,160 | INFO  | OMAudit | user=runner | ip=127.0.0.1 | op=ALLOCATE_KEY {"volume":"086ea620-6921-4394-9e71-76586584766a","bucket":"82dae408-c818-45c4-9904-11baa0ccba37","key":"1bbbf4a6-179b-4a27-a635-6be8cacc325c","dataSize":"5242880","Transaction":"1091"} | ret=SUCCESS |  
2025-10-20 19:51:37,163 | INFO  | SCMAudit | user=runner | ip=127.0.0.1 | op=ALLOCATE_BLOCK {"replication":"RATIS/ONE","owner":"omServiceIdDefault","size":"4194304","sampleBlocks":"[conID: 10 locID: 115816896921600315]","num":"1","client":"","allocated":"1"} | ret=SUCCESS |  
2025-10-20 19:51:37,166 | INFO  | OMAudit | user=runner | ip=127.0.0.1 | op=ALLOCATE_BLOCK {"volume":"086ea620-6921-4394-9e71-76586584766a","bucket":"82dae408-c818-45c4-9904-11baa0ccba37","key":"1bbbf4a6-179b-4a27-a635-6be8cacc325c","dataSize":"5242880","replicationType":"RATIS","replicationFactor":"ONE","clientID":"115408233900212509","Transaction":"1092"} | ret=SUCCESS |  
2025-10-20 19:51:37,176 | INFO  | SCMAudit | user=runner | ip=127.0.0.1 | op=SEND_HEARTBEAT {"datanodeUUID":"ef67b0a7-5b27-496d-9f38-ab804a28e500","term":"2","command":"[]"} | ret=SUCCESS |  
2025-10-20 19:51:37,178 | INFO  | SCMAudit | user=runner | ip=127.0.0.1 | op=SEND_HEARTBEAT {"datanodeUUID":"7bb0e7f0-2b36-4ec0-8a09-ceac75d91a36","term":"2","command":"[]"} | ret=SUCCESS |  
2025-10-20 19:51:37,183 | INFO  | SCMAudit | user=runner | ip=127.0.0.1 | op=ALLOCATE_BLOCK {"replication":"RATIS/ONE","owner":"omServiceIdDefault","size":"4194304","sampleBlocks":"[conID: 6 locID: 115816896921600316]","num":"1","client":"","allocated":"1"} | ret=SUCCESS |  
2025-10-20 19:51:37,185 | INFO  | OMAudit | user=runner | ip=127.0.0.1 | op=ALLOCATE_BLOCK {"volume":"086ea620-6921-4394-9e71-76586584766a","bucket":"82dae408-c818-45c4-9904-11baa0ccba37","key":"1bbbf4a6-179b-4a27-a635-6be8cacc325c","dataSize":"5242880","replicationType":"RATIS","replicationFactor":"ONE","clientID":"115408233900212509","Transaction":"1093"} | ret=SUCCESS |  
2025-10-20 19:51:37,200 | INFO  | OMAudit | user=runner | ip=127.0.0.1 | op=COMMIT_MULTIPART_UPLOAD_PARTKEY {"volume":"086ea620-6921-4394-9e71-76586584766a","bucket":"82dae408-c818-45c4-9904-11baa0ccba37","key":"1bbbf4a6-179b-4a27-a635-6be8cacc325c","dataSize":"5242880","ETag":"79b281060d337b9b2b84ccf390adcf74","uploadID":"019a032d-6169-7c4d-a672-8be24ed7aeed-115408233894052122","partNumber":"3","partName":"/086ea620-6921-4394-9e71-76586584766a/82dae408-c818-45c4-9904-11baa0ccba37/1bbbf4a6-179b-4a27-a635-6be8cacc325c-019a032d-6169-7c4d-a672-8be24ed7aeed-115408233894052122-3","Transaction":"1094"} | ret=SUCCESS |  
2025-10-20 19:51:37,203 [IPC Server handler 3 on default port 15006] DEBUG db.CodecBuffer (CodecBuffer.java:setCapacity(331)) - setCapacity: 4096 -> 5136, max=2147483647
2025-10-20 19:51:37,203 | INFO  | OMAudit | user=runner | ip=127.0.0.1 | op=LIST_MULTIPART_UPLOAD_PARTS {"volume":"086ea620-6921-4394-9e71-76586584766a","bucket":"82dae408-c818-45c4-9904-11baa0ccba37","key":"1bbbf4a6-179b-4a27-a635-6be8cacc325c","uploadID":"019a032d-6169-7c4d-a672-8be24ed7aeed-115408233894052122","partNumberMarker":"0","maxParts":"2"} | ret=SUCCESS |  
2025-10-20 19:51:37,205 [IPC Server handler 2 on default port 15006] DEBUG db.CodecBuffer (CodecBuffer.java:setCapacity(331)) - setCapacity: 4096 -> 5136, max=2147483647
2025-10-20 19:51:37,205 | INFO  | OMAudit | user=runner | ip=127.0.0.1 | op=LIST_MULTIPART_UPLOAD_PARTS {"volume":"086ea620-6921-4394-9e71-76586584766a","bucket":"82dae408-c818-45c4-9904-11baa0ccba37","key":"1bbbf4a6-179b-4a27-a635-6be8cacc325c","uploadID":"019a032d-6169-7c4d-a672-8be24ed7aeed-115408233894052122","partNumberMarker":"2","maxParts":"2"} | ret=SUCCESS |  
]]></system-out>
  </testcase>
  <testcase name="testListMultipartUploadPartsWithContinuation(ReplicationConfig)[2]" classname="org.apache.hadoop.ozone.client.rpc.TestSecureOzoneRpcClient" time="0.221">
    <system-out><![CDATA[2025-10-20 19:51:37,208 [ForkJoinPool-1-worker-1] INFO  rpc.RpcClient (RpcClient.java:createVolume(461)) - Creating Volume: 3f019791-63d5-43a5-a810-a56fd0bde0ec, with runner as owner and space quota set to -1 bytes, counts quota set to -1
2025-10-20 19:51:37,210 [om1-OMStateMachineApplyTransactionThread - 0] INFO  volume.OMVolumeCreateRequest (OMVolumeCreateRequest.java:validateAndUpdateCache(213)) - created volume:3f019791-63d5-43a5-a810-a56fd0bde0ec for user:runner
2025-10-20 19:51:37,210 | INFO  | OMAudit | user=runner | ip=127.0.0.1 | op=CREATE_VOLUME {"admin":"runner","owner":"runner","volume":"3f019791-63d5-43a5-a810-a56fd0bde0ec","creationTime":"1760989897209","modificationTime":"1760989897209","quotaInBytes":"-1","quotaInNamespace":"-1","usedNamespace":"0","objectID":"-9223372036854495488","updateID":"1095","Transaction":"1095"} | ret=SUCCESS |  
2025-10-20 19:51:37,212 | INFO  | OMAudit | user=runner | ip=127.0.0.1 | op=READ_VOLUME {"volume":"3f019791-63d5-43a5-a810-a56fd0bde0ec"} | ret=SUCCESS |  
2025-10-20 19:51:37,212 [ForkJoinPool-1-worker-1] INFO  rpc.RpcClient (RpcClient.java:createBucket(686)) - Creating Bucket: 3f019791-63d5-43a5-a810-a56fd0bde0ec/84be7b71-8d77-4f8e-a456-fa9c46d5c974, with server-side default bucket layout, runner as owner, Versioning false, Storage Type set to DISK and Encryption set to false, Replication Type set to server-side default replication type, Namespace Quota set to -1, Space Quota set to -1 
2025-10-20 19:51:37,214 [om1-OMStateMachineApplyTransactionThread - 0] INFO  bucket.OMBucketCreateRequest (OMBucketCreateRequest.java:validateAndUpdateCache(303)) - created bucket: 84be7b71-8d77-4f8e-a456-fa9c46d5c974 of layout FILE_SYSTEM_OPTIMIZED in volume: 3f019791-63d5-43a5-a810-a56fd0bde0ec
2025-10-20 19:51:37,214 | INFO  | OMAudit | user=runner | ip=127.0.0.1 | op=CREATE_BUCKET {"volume":"3f019791-63d5-43a5-a810-a56fd0bde0ec","bucket":"84be7b71-8d77-4f8e-a456-fa9c46d5c974","bucketLayout":"FILE_SYSTEM_OPTIMIZED","gdprEnabled":null,"acls":"[user:runner:a[ACCESS], group:runner:rl[ACCESS]]","isVersionEnabled":"false","storageType":"DISK","creationTime":"1760989897213","bucketEncryptionKey":null,"modificationTime":"1760989897213","usedBytes":"0","usedNamespace":"0","snapshotUsedBytes":"0","snapshotUsedNamespace":"0","owner":"runner","replicationType":null,"replicationConfig":null,"quotaInBytes":"-1","quotaInNamespace":"-1","Transaction":"1096"} | ret=SUCCESS |  
2025-10-20 19:51:37,215 | INFO  | OMAudit | user=runner | ip=127.0.0.1 | op=READ_BUCKET {"volume":"3f019791-63d5-43a5-a810-a56fd0bde0ec","bucket":"84be7b71-8d77-4f8e-a456-fa9c46d5c974"} | ret=SUCCESS |  
2025-10-20 19:51:37,218 | INFO  | OMAudit | user=runner | ip=127.0.0.1 | op=INITIATE_MULTIPART_UPLOAD {"volume":"3f019791-63d5-43a5-a810-a56fd0bde0ec","bucket":"84be7b71-8d77-4f8e-a456-fa9c46d5c974","key":"25ae2f33-d41b-4bde-b9a0-41ab777827e5","dataSize":"0","replicationType":"RATIS","replicationFactor":"THREE","uploadID":"019a032d-6200-7ca6-9c46-db916e862c88-115408233903948062","Transaction":"1097"} | ret=SUCCESS |  
2025-10-20 19:51:37,222 | INFO  | OMAudit | user=runner | ip=127.0.0.1 | op=ALLOCATE_KEY {"volume":"3f019791-63d5-43a5-a810-a56fd0bde0ec","bucket":"84be7b71-8d77-4f8e-a456-fa9c46d5c974","key":"25ae2f33-d41b-4bde-b9a0-41ab777827e5","dataSize":"5242880","Transaction":"1098"} | ret=SUCCESS |  
2025-10-20 19:51:37,225 | INFO  | SCMAudit | user=runner | ip=127.0.0.1 | op=ALLOCATE_BLOCK {"replication":"RATIS/THREE","owner":"omServiceIdDefault","size":"4194304","sampleBlocks":"[conID: 19 locID: 115816896921600317]","num":"1","client":"","allocated":"1"} | ret=SUCCESS |  
2025-10-20 19:51:37,227 | INFO  | OMAudit | user=runner | ip=127.0.0.1 | op=ALLOCATE_BLOCK {"volume":"3f019791-63d5-43a5-a810-a56fd0bde0ec","bucket":"84be7b71-8d77-4f8e-a456-fa9c46d5c974","key":"25ae2f33-d41b-4bde-b9a0-41ab777827e5","dataSize":"5242880","replicationType":"RATIS","replicationFactor":"THREE","clientID":"115408233904210207","Transaction":"1099"} | ret=SUCCESS |  
2025-10-20 19:51:37,264 | INFO  | SCMAudit | user=runner | ip=127.0.0.1 | op=SEND_HEARTBEAT {"datanodeUUID":"af0e5da1-57af-45e9-9aca-fa0798d05628","term":"2","command":"[]"} | ret=SUCCESS |  
2025-10-20 19:51:37,272 | INFO  | SCMAudit | user=runner | ip=127.0.0.1 | op=ALLOCATE_BLOCK {"replication":"RATIS/THREE","owner":"omServiceIdDefault","size":"4194304","sampleBlocks":"[conID: 14 locID: 115816896921600318]","num":"1","client":"","allocated":"1"} | ret=SUCCESS |  
2025-10-20 19:51:37,275 | INFO  | OMAudit | user=runner | ip=127.0.0.1 | op=ALLOCATE_BLOCK {"volume":"3f019791-63d5-43a5-a810-a56fd0bde0ec","bucket":"84be7b71-8d77-4f8e-a456-fa9c46d5c974","key":"25ae2f33-d41b-4bde-b9a0-41ab777827e5","dataSize":"5242880","replicationType":"RATIS","replicationFactor":"THREE","clientID":"115408233904210207","Transaction":"1100"} | ret=SUCCESS |  
2025-10-20 19:51:37,303 | INFO  | OMAudit | user=runner | ip=127.0.0.1 | op=COMMIT_MULTIPART_UPLOAD_PARTKEY {"volume":"3f019791-63d5-43a5-a810-a56fd0bde0ec","bucket":"84be7b71-8d77-4f8e-a456-fa9c46d5c974","key":"25ae2f33-d41b-4bde-b9a0-41ab777827e5","dataSize":"5242880","ETag":"79b281060d337b9b2b84ccf390adcf74","uploadID":"019a032d-6200-7ca6-9c46-db916e862c88-115408233903948062","partNumber":"1","partName":"/3f019791-63d5-43a5-a810-a56fd0bde0ec/84be7b71-8d77-4f8e-a456-fa9c46d5c974/25ae2f33-d41b-4bde-b9a0-41ab777827e5-019a032d-6200-7ca6-9c46-db916e862c88-115408233903948062-1","Transaction":"1101"} | ret=SUCCESS |  
2025-10-20 19:51:37,308 | INFO  | OMAudit | user=runner | ip=127.0.0.1 | op=ALLOCATE_KEY {"volume":"3f019791-63d5-43a5-a810-a56fd0bde0ec","bucket":"84be7b71-8d77-4f8e-a456-fa9c46d5c974","key":"25ae2f33-d41b-4bde-b9a0-41ab777827e5","dataSize":"5242880","Transaction":"1102"} | ret=SUCCESS |  
2025-10-20 19:51:37,310 | INFO  | SCMAudit | user=runner | ip=127.0.0.1 | op=ALLOCATE_BLOCK {"replication":"RATIS/THREE","owner":"omServiceIdDefault","size":"4194304","sampleBlocks":"[conID: 19 locID: 115816896921600319]","num":"1","client":"","allocated":"1"} | ret=SUCCESS |  
2025-10-20 19:51:37,312 | INFO  | OMAudit | user=runner | ip=127.0.0.1 | op=ALLOCATE_BLOCK {"volume":"3f019791-63d5-43a5-a810-a56fd0bde0ec","bucket":"84be7b71-8d77-4f8e-a456-fa9c46d5c974","key":"25ae2f33-d41b-4bde-b9a0-41ab777827e5","dataSize":"5242880","replicationType":"RATIS","replicationFactor":"THREE","clientID":"115408233909846304","Transaction":"1103"} | ret=SUCCESS |  
2025-10-20 19:51:37,347 | INFO  | SCMAudit | user=runner | ip=127.0.0.1 | op=ALLOCATE_BLOCK {"replication":"RATIS/THREE","owner":"omServiceIdDefault","size":"4194304","sampleBlocks":"[conID: 17 locID: 115816896921600320]","num":"1","client":"","allocated":"1"} | ret=SUCCESS |  
2025-10-20 19:51:37,348 | INFO  | OMAudit | user=runner | ip=127.0.0.1 | op=ALLOCATE_BLOCK {"volume":"3f019791-63d5-43a5-a810-a56fd0bde0ec","bucket":"84be7b71-8d77-4f8e-a456-fa9c46d5c974","key":"25ae2f33-d41b-4bde-b9a0-41ab777827e5","dataSize":"5242880","replicationType":"RATIS","replicationFactor":"THREE","clientID":"115408233909846304","Transaction":"1104"} | ret=SUCCESS |  
2025-10-20 19:51:37,367 | INFO  | OMAudit | user=runner | ip=127.0.0.1 | op=COMMIT_MULTIPART_UPLOAD_PARTKEY {"volume":"3f019791-63d5-43a5-a810-a56fd0bde0ec","bucket":"84be7b71-8d77-4f8e-a456-fa9c46d5c974","key":"25ae2f33-d41b-4bde-b9a0-41ab777827e5","dataSize":"5242880","ETag":"79b281060d337b9b2b84ccf390adcf74","uploadID":"019a032d-6200-7ca6-9c46-db916e862c88-115408233903948062","partNumber":"2","partName":"/3f019791-63d5-43a5-a810-a56fd0bde0ec/84be7b71-8d77-4f8e-a456-fa9c46d5c974/25ae2f33-d41b-4bde-b9a0-41ab777827e5-019a032d-6200-7ca6-9c46-db916e862c88-115408233903948062-2","Transaction":"1105"} | ret=SUCCESS |  
2025-10-20 19:51:37,371 | INFO  | OMAudit | user=runner | ip=127.0.0.1 | op=ALLOCATE_KEY {"volume":"3f019791-63d5-43a5-a810-a56fd0bde0ec","bucket":"84be7b71-8d77-4f8e-a456-fa9c46d5c974","key":"25ae2f33-d41b-4bde-b9a0-41ab777827e5","dataSize":"5242880","Transaction":"1106"} | ret=SUCCESS |  
2025-10-20 19:51:37,373 | INFO  | SCMAudit | user=runner | ip=127.0.0.1 | op=ALLOCATE_BLOCK {"replication":"RATIS/THREE","owner":"omServiceIdDefault","size":"4194304","sampleBlocks":"[conID: 19 locID: 115816896921600321]","num":"1","client":"","allocated":"1"} | ret=SUCCESS |  
2025-10-20 19:51:37,374 | INFO  | OMAudit | user=runner | ip=127.0.0.1 | op=ALLOCATE_BLOCK {"volume":"3f019791-63d5-43a5-a810-a56fd0bde0ec","bucket":"84be7b71-8d77-4f8e-a456-fa9c46d5c974","key":"25ae2f33-d41b-4bde-b9a0-41ab777827e5","dataSize":"5242880","replicationType":"RATIS","replicationFactor":"THREE","clientID":"115408233914040609","Transaction":"1107"} | ret=SUCCESS |  
2025-10-20 19:51:37,405 | INFO  | SCMAudit | user=runner | ip=127.0.0.1 | op=ALLOCATE_BLOCK {"replication":"RATIS/THREE","owner":"omServiceIdDefault","size":"4194304","sampleBlocks":"[conID: 18 locID: 115816896921600322]","num":"1","client":"","allocated":"1"} | ret=SUCCESS |  
2025-10-20 19:51:37,407 | INFO  | OMAudit | user=runner | ip=127.0.0.1 | op=ALLOCATE_BLOCK {"volume":"3f019791-63d5-43a5-a810-a56fd0bde0ec","bucket":"84be7b71-8d77-4f8e-a456-fa9c46d5c974","key":"25ae2f33-d41b-4bde-b9a0-41ab777827e5","dataSize":"5242880","replicationType":"RATIS","replicationFactor":"THREE","clientID":"115408233914040609","Transaction":"1108"} | ret=SUCCESS |  
2025-10-20 19:51:37,423 [om1-OMStateMachineApplyTransactionThread - 0] DEBUG db.CodecBuffer (CodecBuffer.java:setCapacity(331)) - setCapacity: 4096 -> 5289, max=2147483647
2025-10-20 19:51:37,424 | INFO  | OMAudit | user=runner | ip=127.0.0.1 | op=COMMIT_MULTIPART_UPLOAD_PARTKEY {"volume":"3f019791-63d5-43a5-a810-a56fd0bde0ec","bucket":"84be7b71-8d77-4f8e-a456-fa9c46d5c974","key":"25ae2f33-d41b-4bde-b9a0-41ab777827e5","dataSize":"5242880","ETag":"79b281060d337b9b2b84ccf390adcf74","uploadID":"019a032d-6200-7ca6-9c46-db916e862c88-115408233903948062","partNumber":"3","partName":"/3f019791-63d5-43a5-a810-a56fd0bde0ec/84be7b71-8d77-4f8e-a456-fa9c46d5c974/25ae2f33-d41b-4bde-b9a0-41ab777827e5-019a032d-6200-7ca6-9c46-db916e862c88-115408233903948062-3","Transaction":"1109"} | ret=SUCCESS |  
2025-10-20 19:51:37,426 [IPC Server handler 1 on default port 15006] DEBUG db.CodecBuffer (CodecBuffer.java:setCapacity(331)) - setCapacity: 4096 -> 7892, max=2147483647
2025-10-20 19:51:37,426 | INFO  | OMAudit | user=runner | ip=127.0.0.1 | op=LIST_MULTIPART_UPLOAD_PARTS {"volume":"3f019791-63d5-43a5-a810-a56fd0bde0ec","bucket":"84be7b71-8d77-4f8e-a456-fa9c46d5c974","key":"25ae2f33-d41b-4bde-b9a0-41ab777827e5","uploadID":"019a032d-6200-7ca6-9c46-db916e862c88-115408233903948062","partNumberMarker":"0","maxParts":"2"} | ret=SUCCESS |  
2025-10-20 19:51:37,427 [IPC Server handler 3 on default port 15006] DEBUG db.CodecBuffer (CodecBuffer.java:setCapacity(331)) - setCapacity: 4096 -> 7892, max=2147483647
2025-10-20 19:51:37,427 | INFO  | OMAudit | user=runner | ip=127.0.0.1 | op=LIST_MULTIPART_UPLOAD_PARTS {"volume":"3f019791-63d5-43a5-a810-a56fd0bde0ec","bucket":"84be7b71-8d77-4f8e-a456-fa9c46d5c974","key":"25ae2f33-d41b-4bde-b9a0-41ab777827e5","uploadID":"019a032d-6200-7ca6-9c46-db916e862c88-115408233903948062","partNumberMarker":"2","maxParts":"2"} | ret=SUCCESS |  
]]></system-out>
  </testcase>
  <testcase name="testListMultipartUploadPartsWithContinuation(ReplicationConfig)[3]" classname="org.apache.hadoop.ozone.client.rpc.TestSecureOzoneRpcClient" time="0.173">
    <system-out><![CDATA[2025-10-20 19:51:37,430 [ForkJoinPool-1-worker-1] INFO  rpc.RpcClient (RpcClient.java:createVolume(461)) - Creating Volume: a7ed39f4-bc5e-44f2-b587-170b4742d83a, with runner as owner and space quota set to -1 bytes, counts quota set to -1
2025-10-20 19:51:37,432 [om1-OMStateMachineApplyTransactionThread - 0] INFO  volume.OMVolumeCreateRequest (OMVolumeCreateRequest.java:validateAndUpdateCache(213)) - created volume:a7ed39f4-bc5e-44f2-b587-170b4742d83a for user:runner
2025-10-20 19:51:37,432 | INFO  | OMAudit | user=runner | ip=127.0.0.1 | op=CREATE_VOLUME {"admin":"runner","owner":"runner","volume":"a7ed39f4-bc5e-44f2-b587-170b4742d83a","creationTime":"1760989897430","modificationTime":"1760989897430","quotaInBytes":"-1","quotaInNamespace":"-1","usedNamespace":"0","objectID":"-9223372036854491648","updateID":"1110","Transaction":"1110"} | ret=SUCCESS |  
2025-10-20 19:51:37,433 | INFO  | OMAudit | user=runner | ip=127.0.0.1 | op=READ_VOLUME {"volume":"a7ed39f4-bc5e-44f2-b587-170b4742d83a"} | ret=SUCCESS |  
2025-10-20 19:51:37,433 [ForkJoinPool-1-worker-1] INFO  rpc.RpcClient (RpcClient.java:createBucket(686)) - Creating Bucket: a7ed39f4-bc5e-44f2-b587-170b4742d83a/7a308e28-1d63-4116-aaa1-8c53e6b848f0, with server-side default bucket layout, runner as owner, Versioning false, Storage Type set to DISK and Encryption set to false, Replication Type set to server-side default replication type, Namespace Quota set to -1, Space Quota set to -1 
2025-10-20 19:51:37,435 [om1-OMStateMachineApplyTransactionThread - 0] INFO  bucket.OMBucketCreateRequest (OMBucketCreateRequest.java:validateAndUpdateCache(303)) - created bucket: 7a308e28-1d63-4116-aaa1-8c53e6b848f0 of layout FILE_SYSTEM_OPTIMIZED in volume: a7ed39f4-bc5e-44f2-b587-170b4742d83a
2025-10-20 19:51:37,435 | INFO  | OMAudit | user=runner | ip=127.0.0.1 | op=CREATE_BUCKET {"volume":"a7ed39f4-bc5e-44f2-b587-170b4742d83a","bucket":"7a308e28-1d63-4116-aaa1-8c53e6b848f0","bucketLayout":"FILE_SYSTEM_OPTIMIZED","gdprEnabled":null,"acls":"[user:runner:a[ACCESS], group:runner:rl[ACCESS]]","isVersionEnabled":"false","storageType":"DISK","creationTime":"1760989897434","bucketEncryptionKey":null,"modificationTime":"1760989897434","usedBytes":"0","usedNamespace":"0","snapshotUsedBytes":"0","snapshotUsedNamespace":"0","owner":"runner","replicationType":null,"replicationConfig":null,"quotaInBytes":"-1","quotaInNamespace":"-1","Transaction":"1111"} | ret=SUCCESS |  
2025-10-20 19:51:37,436 | INFO  | OMAudit | user=runner | ip=127.0.0.1 | op=READ_BUCKET {"volume":"a7ed39f4-bc5e-44f2-b587-170b4742d83a","bucket":"7a308e28-1d63-4116-aaa1-8c53e6b848f0"} | ret=SUCCESS |  
2025-10-20 19:51:37,439 | INFO  | OMAudit | user=runner | ip=127.0.0.1 | op=INITIATE_MULTIPART_UPLOAD {"volume":"a7ed39f4-bc5e-44f2-b587-170b4742d83a","bucket":"7a308e28-1d63-4116-aaa1-8c53e6b848f0","key":"355aa0b8-7de6-40ab-8c0e-9d2234545143","dataSize":"0","replicationType":"EC","replicationConfig":"rs-3-2-1048576","uploadID":"019a032d-62dd-7b4f-9baf-26181bf68fb6-115408233918431522","Transaction":"1112"} | ret=SUCCESS |  
2025-10-20 19:51:37,442 | INFO  | OMAudit | user=runner | ip=127.0.0.1 | op=ALLOCATE_KEY {"volume":"a7ed39f4-bc5e-44f2-b587-170b4742d83a","bucket":"7a308e28-1d63-4116-aaa1-8c53e6b848f0","key":"355aa0b8-7de6-40ab-8c0e-9d2234545143","dataSize":"5242880","Transaction":"1113"} | ret=SUCCESS |  
2025-10-20 19:51:37,443 | INFO  | SCMAudit | user=runner | ip=127.0.0.1 | op=SEND_HEARTBEAT {"datanodeUUID":"b614738c-cdff-4f09-bf59-ed5bb75d51be","term":"2","command":"[]"} | ret=SUCCESS |  
2025-10-20 19:51:37,445 | INFO  | SCMAudit | user=runner | ip=127.0.0.1 | op=SEND_HEARTBEAT {"datanodeUUID":"361055de-215b-4c6c-94c2-be1c1da118d1","term":"2","command":"[]"} | ret=SUCCESS |  
2025-10-20 19:51:37,447 | INFO  | SCMAudit | user=runner | ip=127.0.0.1 | op=SEND_HEARTBEAT {"datanodeUUID":"38991c48-ffb3-4453-b758-77d6b4ebc62b","term":"2","command":"[]"} | ret=SUCCESS |  
2025-10-20 19:51:37,450 | INFO  | SCMAudit | user=runner | ip=127.0.0.1 | op=ALLOCATE_BLOCK {"replication":"EC{rs-3-2-1024k}","owner":"omServiceIdDefault","size":"4194304","sampleBlocks":"[conID: 23 locID: 115816896921600323]","num":"1","client":"","allocated":"1"} | ret=SUCCESS |  
2025-10-20 19:51:37,452 | INFO  | SCMAudit | user=runner | ip=127.0.0.1 | op=SEND_HEARTBEAT {"datanodeUUID":"c90bff1f-5a1f-42c6-8fca-9533d718c79a","term":"2","command":"[]"} | ret=SUCCESS |  
2025-10-20 19:51:37,452 | INFO  | OMAudit | user=runner | ip=127.0.0.1 | op=ALLOCATE_BLOCK {"volume":"a7ed39f4-bc5e-44f2-b587-170b4742d83a","bucket":"7a308e28-1d63-4116-aaa1-8c53e6b848f0","key":"355aa0b8-7de6-40ab-8c0e-9d2234545143","dataSize":"5242880","replicationType":"EC","replicationConfig":"rs-3-2-1048576","clientID":"115408233918693667","Transaction":"1114"} | ret=SUCCESS |  
2025-10-20 19:51:37,496 | INFO  | OMAudit | user=runner | ip=127.0.0.1 | op=COMMIT_MULTIPART_UPLOAD_PARTKEY {"volume":"a7ed39f4-bc5e-44f2-b587-170b4742d83a","bucket":"7a308e28-1d63-4116-aaa1-8c53e6b848f0","key":"355aa0b8-7de6-40ab-8c0e-9d2234545143","dataSize":"5242880","ETag":"79b281060d337b9b2b84ccf390adcf74","uploadID":"019a032d-62dd-7b4f-9baf-26181bf68fb6-115408233918431522","partNumber":"1","partName":"/a7ed39f4-bc5e-44f2-b587-170b4742d83a/7a308e28-1d63-4116-aaa1-8c53e6b848f0/355aa0b8-7de6-40ab-8c0e-9d2234545143-019a032d-62dd-7b4f-9baf-26181bf68fb6-115408233918431522-1","Transaction":"1115"} | ret=SUCCESS |  
2025-10-20 19:51:37,500 | INFO  | OMAudit | user=runner | ip=127.0.0.1 | op=ALLOCATE_KEY {"volume":"a7ed39f4-bc5e-44f2-b587-170b4742d83a","bucket":"7a308e28-1d63-4116-aaa1-8c53e6b848f0","key":"355aa0b8-7de6-40ab-8c0e-9d2234545143","dataSize":"5242880","Transaction":"1116"} | ret=SUCCESS |  
2025-10-20 19:51:37,509 | INFO  | SCMAudit | user=runner | ip=127.0.0.1 | op=ALLOCATE_BLOCK {"replication":"EC{rs-3-2-1024k}","owner":"omServiceIdDefault","size":"4194304","sampleBlocks":"[conID: 26 locID: 115816896921600324]","num":"1","client":"","allocated":"1"} | ret=SUCCESS |  
2025-10-20 19:51:37,511 | INFO  | OMAudit | user=runner | ip=127.0.0.1 | op=ALLOCATE_BLOCK {"volume":"a7ed39f4-bc5e-44f2-b587-170b4742d83a","bucket":"7a308e28-1d63-4116-aaa1-8c53e6b848f0","key":"355aa0b8-7de6-40ab-8c0e-9d2234545143","dataSize":"5242880","replicationType":"EC","replicationConfig":"rs-3-2-1048576","clientID":"115408233922494756","Transaction":"1117"} | ret=SUCCESS |  
2025-10-20 19:51:37,546 | INFO  | OMAudit | user=runner | ip=127.0.0.1 | op=COMMIT_MULTIPART_UPLOAD_PARTKEY {"volume":"a7ed39f4-bc5e-44f2-b587-170b4742d83a","bucket":"7a308e28-1d63-4116-aaa1-8c53e6b848f0","key":"355aa0b8-7de6-40ab-8c0e-9d2234545143","dataSize":"5242880","ETag":"79b281060d337b9b2b84ccf390adcf74","uploadID":"019a032d-62dd-7b4f-9baf-26181bf68fb6-115408233918431522","partNumber":"2","partName":"/a7ed39f4-bc5e-44f2-b587-170b4742d83a/7a308e28-1d63-4116-aaa1-8c53e6b848f0/355aa0b8-7de6-40ab-8c0e-9d2234545143-019a032d-62dd-7b4f-9baf-26181bf68fb6-115408233918431522-2","Transaction":"1118"} | ret=SUCCESS |  
2025-10-20 19:51:37,551 | INFO  | OMAudit | user=runner | ip=127.0.0.1 | op=ALLOCATE_KEY {"volume":"a7ed39f4-bc5e-44f2-b587-170b4742d83a","bucket":"7a308e28-1d63-4116-aaa1-8c53e6b848f0","key":"355aa0b8-7de6-40ab-8c0e-9d2234545143","dataSize":"5242880","Transaction":"1119"} | ret=SUCCESS |  
2025-10-20 19:51:37,562 | INFO  | SCMAudit | user=runner | ip=127.0.0.1 | op=ALLOCATE_BLOCK {"replication":"EC{rs-3-2-1024k}","owner":"omServiceIdDefault","size":"4194304","sampleBlocks":"[conID: 23 locID: 115816896921600325]","num":"1","client":"","allocated":"1"} | ret=SUCCESS |  
2025-10-20 19:51:37,566 | INFO  | OMAudit | user=runner | ip=127.0.0.1 | op=ALLOCATE_BLOCK {"volume":"a7ed39f4-bc5e-44f2-b587-170b4742d83a","bucket":"7a308e28-1d63-4116-aaa1-8c53e6b848f0","key":"355aa0b8-7de6-40ab-8c0e-9d2234545143","dataSize":"5242880","replicationType":"EC","replicationConfig":"rs-3-2-1048576","clientID":"115408233925837093","Transaction":"1120"} | ret=SUCCESS |  
2025-10-20 19:51:37,596 | INFO  | OMAudit | user=runner | ip=127.0.0.1 | op=COMMIT_MULTIPART_UPLOAD_PARTKEY {"volume":"a7ed39f4-bc5e-44f2-b587-170b4742d83a","bucket":"7a308e28-1d63-4116-aaa1-8c53e6b848f0","key":"355aa0b8-7de6-40ab-8c0e-9d2234545143","dataSize":"5242880","ETag":"79b281060d337b9b2b84ccf390adcf74","uploadID":"019a032d-62dd-7b4f-9baf-26181bf68fb6-115408233918431522","partNumber":"3","partName":"/a7ed39f4-bc5e-44f2-b587-170b4742d83a/7a308e28-1d63-4116-aaa1-8c53e6b848f0/355aa0b8-7de6-40ab-8c0e-9d2234545143-019a032d-62dd-7b4f-9baf-26181bf68fb6-115408233918431522-3","Transaction":"1121"} | ret=SUCCESS |  
2025-10-20 19:51:37,598 [IPC Server handler 18 on default port 15006] DEBUG db.CodecBuffer (CodecBuffer.java:setCapacity(331)) - setCapacity: 4096 -> 5830, max=2147483647
2025-10-20 19:51:37,599 | INFO  | OMAudit | user=runner | ip=127.0.0.1 | op=LIST_MULTIPART_UPLOAD_PARTS {"volume":"a7ed39f4-bc5e-44f2-b587-170b4742d83a","bucket":"7a308e28-1d63-4116-aaa1-8c53e6b848f0","key":"355aa0b8-7de6-40ab-8c0e-9d2234545143","uploadID":"019a032d-62dd-7b4f-9baf-26181bf68fb6-115408233918431522","partNumberMarker":"0","maxParts":"2"} | ret=SUCCESS |  
2025-10-20 19:51:37,600 [IPC Server handler 19 on default port 15006] DEBUG db.CodecBuffer (CodecBuffer.java:setCapacity(331)) - setCapacity: 4096 -> 5830, max=2147483647
2025-10-20 19:51:37,601 | INFO  | OMAudit | user=runner | ip=127.0.0.1 | op=LIST_MULTIPART_UPLOAD_PARTS {"volume":"a7ed39f4-bc5e-44f2-b587-170b4742d83a","bucket":"7a308e28-1d63-4116-aaa1-8c53e6b848f0","key":"355aa0b8-7de6-40ab-8c0e-9d2234545143","uploadID":"019a032d-62dd-7b4f-9baf-26181bf68fb6-115408233918431522","partNumberMarker":"2","maxParts":"2"} | ret=SUCCESS |  
]]></system-out>
  </testcase>
  <testcase name="testListPartsInvalidInput(int, int, String)[1]" classname="org.apache.hadoop.ozone.client.rpc.TestSecureOzoneRpcClient" time="0.016">
    <system-out><![CDATA[2025-10-20 19:51:37,631 [ForkJoinPool-1-worker-1] INFO  rpc.RpcClient (RpcClient.java:createVolume(461)) - Creating Volume: 9ab74b16-7996-4489-8f12-412fca764e13, with runner as owner and space quota set to -1 bytes, counts quota set to -1
2025-10-20 19:51:37,632 [om1-OMStateMachineApplyTransactionThread - 0] INFO  volume.OMVolumeCreateRequest (OMVolumeCreateRequest.java:validateAndUpdateCache(213)) - created volume:9ab74b16-7996-4489-8f12-412fca764e13 for user:runner
2025-10-20 19:51:37,632 | INFO  | OMAudit | user=runner | ip=127.0.0.1 | op=CREATE_VOLUME {"admin":"runner","owner":"runner","volume":"9ab74b16-7996-4489-8f12-412fca764e13","creationTime":"1760989897631","modificationTime":"1760989897631","quotaInBytes":"-1","quotaInNamespace":"-1","usedNamespace":"0","objectID":"-9223372036854488576","updateID":"1122","Transaction":"1122"} | ret=SUCCESS |  
2025-10-20 19:51:37,634 | INFO  | OMAudit | user=runner | ip=127.0.0.1 | op=READ_VOLUME {"volume":"9ab74b16-7996-4489-8f12-412fca764e13"} | ret=SUCCESS |  
2025-10-20 19:51:37,634 [ForkJoinPool-1-worker-1] INFO  rpc.RpcClient (RpcClient.java:createBucket(686)) - Creating Bucket: 9ab74b16-7996-4489-8f12-412fca764e13/49d48609-21fe-4ed3-b964-f906707de261, with server-side default bucket layout, runner as owner, Versioning false, Storage Type set to DISK and Encryption set to false, Replication Type set to server-side default replication type, Namespace Quota set to -1, Space Quota set to -1 
2025-10-20 19:51:37,636 [om1-OMStateMachineApplyTransactionThread - 0] INFO  bucket.OMBucketCreateRequest (OMBucketCreateRequest.java:validateAndUpdateCache(303)) - created bucket: 49d48609-21fe-4ed3-b964-f906707de261 of layout FILE_SYSTEM_OPTIMIZED in volume: 9ab74b16-7996-4489-8f12-412fca764e13
2025-10-20 19:51:37,636 | INFO  | OMAudit | user=runner | ip=127.0.0.1 | op=CREATE_BUCKET {"volume":"9ab74b16-7996-4489-8f12-412fca764e13","bucket":"49d48609-21fe-4ed3-b964-f906707de261","bucketLayout":"FILE_SYSTEM_OPTIMIZED","gdprEnabled":null,"acls":"[user:runner:a[ACCESS], group:runner:rl[ACCESS]]","isVersionEnabled":"false","storageType":"DISK","creationTime":"1760989897635","bucketEncryptionKey":null,"modificationTime":"1760989897635","usedBytes":"0","usedNamespace":"0","snapshotUsedBytes":"0","snapshotUsedNamespace":"0","owner":"runner","replicationType":null,"replicationConfig":null,"quotaInBytes":"-1","quotaInNamespace":"-1","Transaction":"1123"} | ret=SUCCESS |  
2025-10-20 19:51:37,637 | INFO  | OMAudit | user=runner | ip=127.0.0.1 | op=READ_BUCKET {"volume":"9ab74b16-7996-4489-8f12-412fca764e13","bucket":"49d48609-21fe-4ed3-b964-f906707de261"} | ret=SUCCESS |  
]]></system-out>
  </testcase>
  <testcase name="testListPartsInvalidInput(int, int, String)[2]" classname="org.apache.hadoop.ozone.client.rpc.TestSecureOzoneRpcClient" time="0.005">
    <system-out><![CDATA[2025-10-20 19:51:37,639 [ForkJoinPool-1-worker-1] INFO  rpc.RpcClient (RpcClient.java:createVolume(461)) - Creating Volume: 61765648-845e-4e54-9619-72d99ed39062, with runner as owner and space quota set to -1 bytes, counts quota set to -1
2025-10-20 19:51:37,640 [om1-OMStateMachineApplyTransactionThread - 0] INFO  volume.OMVolumeCreateRequest (OMVolumeCreateRequest.java:validateAndUpdateCache(213)) - created volume:61765648-845e-4e54-9619-72d99ed39062 for user:runner
2025-10-20 19:51:37,641 | INFO  | OMAudit | user=runner | ip=127.0.0.1 | op=CREATE_VOLUME {"admin":"runner","owner":"runner","volume":"61765648-845e-4e54-9619-72d99ed39062","creationTime":"1760989897640","modificationTime":"1760989897640","quotaInBytes":"-1","quotaInNamespace":"-1","usedNamespace":"0","objectID":"-9223372036854488064","updateID":"1124","Transaction":"1124"} | ret=SUCCESS |  
2025-10-20 19:51:37,641 | INFO  | OMAudit | user=runner | ip=127.0.0.1 | op=READ_VOLUME {"volume":"61765648-845e-4e54-9619-72d99ed39062"} | ret=SUCCESS |  
2025-10-20 19:51:37,642 [ForkJoinPool-1-worker-1] INFO  rpc.RpcClient (RpcClient.java:createBucket(686)) - Creating Bucket: 61765648-845e-4e54-9619-72d99ed39062/a4b18228-accf-4f28-9252-181512021769, with server-side default bucket layout, runner as owner, Versioning false, Storage Type set to DISK and Encryption set to false, Replication Type set to server-side default replication type, Namespace Quota set to -1, Space Quota set to -1 
2025-10-20 19:51:37,643 [om1-OMStateMachineApplyTransactionThread - 0] INFO  bucket.OMBucketCreateRequest (OMBucketCreateRequest.java:validateAndUpdateCache(303)) - created bucket: a4b18228-accf-4f28-9252-181512021769 of layout FILE_SYSTEM_OPTIMIZED in volume: 61765648-845e-4e54-9619-72d99ed39062
2025-10-20 19:51:37,643 | INFO  | OMAudit | user=runner | ip=127.0.0.1 | op=CREATE_BUCKET {"volume":"61765648-845e-4e54-9619-72d99ed39062","bucket":"a4b18228-accf-4f28-9252-181512021769","bucketLayout":"FILE_SYSTEM_OPTIMIZED","gdprEnabled":null,"acls":"[user:runner:a[ACCESS], group:runner:rl[ACCESS]]","isVersionEnabled":"false","storageType":"DISK","creationTime":"1760989897642","bucketEncryptionKey":null,"modificationTime":"1760989897642","usedBytes":"0","usedNamespace":"0","snapshotUsedBytes":"0","snapshotUsedNamespace":"0","owner":"runner","replicationType":null,"replicationConfig":null,"quotaInBytes":"-1","quotaInNamespace":"-1","Transaction":"1125"} | ret=SUCCESS |  
2025-10-20 19:51:37,644 | INFO  | OMAudit | user=runner | ip=127.0.0.1 | op=READ_BUCKET {"volume":"61765648-845e-4e54-9619-72d99ed39062","bucket":"a4b18228-accf-4f28-9252-181512021769"} | ret=SUCCESS |  
]]></system-out>
  </testcase>
  <testcase name="testListPartsWithInvalidUploadID" classname="org.apache.hadoop.ozone.client.rpc.TestSecureOzoneRpcClient" time="0.007">
    <system-out><![CDATA[2025-10-20 19:51:37,646 [ForkJoinPool-1-worker-1] INFO  rpc.RpcClient (RpcClient.java:createVolume(461)) - Creating Volume: 27cc8a6b-54fa-4469-bca5-ee9b2e23481f, with runner as owner and space quota set to -1 bytes, counts quota set to -1
2025-10-20 19:51:37,647 [om1-OMStateMachineApplyTransactionThread - 0] INFO  volume.OMVolumeCreateRequest (OMVolumeCreateRequest.java:validateAndUpdateCache(213)) - created volume:27cc8a6b-54fa-4469-bca5-ee9b2e23481f for user:runner
2025-10-20 19:51:37,647 | INFO  | OMAudit | user=runner | ip=127.0.0.1 | op=CREATE_VOLUME {"admin":"runner","owner":"runner","volume":"27cc8a6b-54fa-4469-bca5-ee9b2e23481f","creationTime":"1760989897646","modificationTime":"1760989897646","quotaInBytes":"-1","quotaInNamespace":"-1","usedNamespace":"0","objectID":"-9223372036854487552","updateID":"1126","Transaction":"1126"} | ret=SUCCESS |  
2025-10-20 19:51:37,648 | INFO  | OMAudit | user=runner | ip=127.0.0.1 | op=READ_VOLUME {"volume":"27cc8a6b-54fa-4469-bca5-ee9b2e23481f"} | ret=SUCCESS |  
2025-10-20 19:51:37,648 | INFO  | SCMAudit | user=runner | ip=127.0.0.1 | op=SEND_HEARTBEAT {"datanodeUUID":"4f2bb3f5-0e03-4f1b-bb4c-79c91b98c7da","term":"2","command":"[]"} | ret=SUCCESS |  
2025-10-20 19:51:37,648 | INFO  | SCMAudit | user=runner | ip=127.0.0.1 | op=SEND_HEARTBEAT {"datanodeUUID":"cc7fbe85-1d98-437b-84f9-04213fee10f0","term":"2","command":"[]"} | ret=SUCCESS |  
2025-10-20 19:51:37,648 [ForkJoinPool-1-worker-1] INFO  rpc.RpcClient (RpcClient.java:createBucket(686)) - Creating Bucket: 27cc8a6b-54fa-4469-bca5-ee9b2e23481f/dd5eecd6-5408-4429-9f8c-81f7a731d02b, with server-side default bucket layout, runner as owner, Versioning false, Storage Type set to DISK and Encryption set to false, Replication Type set to server-side default replication type, Namespace Quota set to -1, Space Quota set to -1 
2025-10-20 19:51:37,650 [om1-OMStateMachineApplyTransactionThread - 0] INFO  bucket.OMBucketCreateRequest (OMBucketCreateRequest.java:validateAndUpdateCache(303)) - created bucket: dd5eecd6-5408-4429-9f8c-81f7a731d02b of layout FILE_SYSTEM_OPTIMIZED in volume: 27cc8a6b-54fa-4469-bca5-ee9b2e23481f
2025-10-20 19:51:37,650 | INFO  | OMAudit | user=runner | ip=127.0.0.1 | op=CREATE_BUCKET {"volume":"27cc8a6b-54fa-4469-bca5-ee9b2e23481f","bucket":"dd5eecd6-5408-4429-9f8c-81f7a731d02b","bucketLayout":"FILE_SYSTEM_OPTIMIZED","gdprEnabled":null,"acls":"[user:runner:a[ACCESS], group:runner:rl[ACCESS]]","isVersionEnabled":"false","storageType":"DISK","creationTime":"1760989897649","bucketEncryptionKey":null,"modificationTime":"1760989897649","usedBytes":"0","usedNamespace":"0","snapshotUsedBytes":"0","snapshotUsedNamespace":"0","owner":"runner","replicationType":null,"replicationConfig":null,"quotaInBytes":"-1","quotaInNamespace":"-1","Transaction":"1127"} | ret=SUCCESS |  
2025-10-20 19:51:37,650 | INFO  | SCMAudit | user=runner | ip=127.0.0.1 | op=SEND_HEARTBEAT {"datanodeUUID":"605be85e-a7f4-44d7-8cfd-f53001b990b0","term":"2","command":"[]"} | ret=SUCCESS |  
2025-10-20 19:51:37,650 | INFO  | OMAudit | user=runner | ip=127.0.0.1 | op=READ_BUCKET {"volume":"27cc8a6b-54fa-4469-bca5-ee9b2e23481f","bucket":"dd5eecd6-5408-4429-9f8c-81f7a731d02b"} | ret=SUCCESS |  
2025-10-20 19:51:37,651 | ERROR | OMAudit | user=runner | ip=127.0.0.1 | op=LIST_MULTIPART_UPLOAD_PARTS {"volume":"27cc8a6b-54fa-4469-bca5-ee9b2e23481f","bucket":"dd5eecd6-5408-4429-9f8c-81f7a731d02b","key":"1d03e0db-c4c6-4cf1-849d-5c6b7dfcb2c4","uploadID":"random","partNumberMarker":"100","maxParts":"2"} | ret=FAILURE | 
org.apache.hadoop.ozone.om.exceptions.OMException: No Such Multipart upload exists for this key.
	at org.apache.hadoop.ozone.om.KeyManagerImpl.listParts(KeyManagerImpl.java:1114)
	at org.apache.hadoop.ozone.om.OzoneManager.listParts(OzoneManager.java:3860)
 
]]></system-out>
  </testcase>
  <testcase name="testListPartsWithPartMarkerGreaterThanPartCount" classname="org.apache.hadoop.ozone.client.rpc.TestSecureOzoneRpcClient" time="0.06">
    <system-out><![CDATA[2025-10-20 19:51:37,653 [ForkJoinPool-1-worker-1] INFO  rpc.RpcClient (RpcClient.java:createVolume(461)) - Creating Volume: 3efac5b8-2a32-49c3-bee0-8af54eb159ca, with runner as owner and space quota set to -1 bytes, counts quota set to -1
2025-10-20 19:51:37,654 [om1-OMStateMachineApplyTransactionThread - 0] INFO  volume.OMVolumeCreateRequest (OMVolumeCreateRequest.java:validateAndUpdateCache(213)) - created volume:3efac5b8-2a32-49c3-bee0-8af54eb159ca for user:runner
2025-10-20 19:51:37,654 | INFO  | OMAudit | user=runner | ip=127.0.0.1 | op=CREATE_VOLUME {"admin":"runner","owner":"runner","volume":"3efac5b8-2a32-49c3-bee0-8af54eb159ca","creationTime":"1760989897653","modificationTime":"1760989897653","quotaInBytes":"-1","quotaInNamespace":"-1","usedNamespace":"0","objectID":"-9223372036854487040","updateID":"1128","Transaction":"1128"} | ret=SUCCESS |  
2025-10-20 19:51:37,655 | INFO  | OMAudit | user=runner | ip=127.0.0.1 | op=READ_VOLUME {"volume":"3efac5b8-2a32-49c3-bee0-8af54eb159ca"} | ret=SUCCESS |  
2025-10-20 19:51:37,655 [ForkJoinPool-1-worker-1] INFO  rpc.RpcClient (RpcClient.java:createBucket(686)) - Creating Bucket: 3efac5b8-2a32-49c3-bee0-8af54eb159ca/48b7a202-f60b-4cb8-aa51-35211329f334, with server-side default bucket layout, runner as owner, Versioning false, Storage Type set to DISK and Encryption set to false, Replication Type set to server-side default replication type, Namespace Quota set to -1, Space Quota set to -1 
2025-10-20 19:51:37,656 [om1-OMStateMachineApplyTransactionThread - 0] INFO  bucket.OMBucketCreateRequest (OMBucketCreateRequest.java:validateAndUpdateCache(303)) - created bucket: 48b7a202-f60b-4cb8-aa51-35211329f334 of layout FILE_SYSTEM_OPTIMIZED in volume: 3efac5b8-2a32-49c3-bee0-8af54eb159ca
2025-10-20 19:51:37,657 | INFO  | OMAudit | user=runner | ip=127.0.0.1 | op=CREATE_BUCKET {"volume":"3efac5b8-2a32-49c3-bee0-8af54eb159ca","bucket":"48b7a202-f60b-4cb8-aa51-35211329f334","bucketLayout":"FILE_SYSTEM_OPTIMIZED","gdprEnabled":null,"acls":"[user:runner:a[ACCESS], group:runner:rl[ACCESS]]","isVersionEnabled":"false","storageType":"DISK","creationTime":"1760989897656","bucketEncryptionKey":null,"modificationTime":"1760989897656","usedBytes":"0","usedNamespace":"0","snapshotUsedBytes":"0","snapshotUsedNamespace":"0","owner":"runner","replicationType":null,"replicationConfig":null,"quotaInBytes":"-1","quotaInNamespace":"-1","Transaction":"1129"} | ret=SUCCESS |  
2025-10-20 19:51:37,657 | INFO  | OMAudit | user=runner | ip=127.0.0.1 | op=READ_BUCKET {"volume":"3efac5b8-2a32-49c3-bee0-8af54eb159ca","bucket":"48b7a202-f60b-4cb8-aa51-35211329f334"} | ret=SUCCESS |  
2025-10-20 19:51:37,659 | INFO  | OMAudit | user=runner | ip=127.0.0.1 | op=INITIATE_MULTIPART_UPLOAD {"volume":"3efac5b8-2a32-49c3-bee0-8af54eb159ca","bucket":"48b7a202-f60b-4cb8-aa51-35211329f334","key":"4b24ce0f-b8af-4289-b7a7-22edbc693a31","dataSize":"0","replicationType":"RATIS","replicationFactor":"ONE","uploadID":"019a032d-63ba-78f8-8d60-31dee2eda823-115408233932914982","Transaction":"1130"} | ret=SUCCESS |  
2025-10-20 19:51:37,663 | INFO  | OMAudit | user=runner | ip=127.0.0.1 | op=ALLOCATE_KEY {"volume":"3efac5b8-2a32-49c3-bee0-8af54eb159ca","bucket":"48b7a202-f60b-4cb8-aa51-35211329f334","key":"4b24ce0f-b8af-4289-b7a7-22edbc693a31","dataSize":"5242880","Transaction":"1131"} | ret=SUCCESS |  
2025-10-20 19:51:37,665 | INFO  | SCMAudit | user=runner | ip=127.0.0.1 | op=ALLOCATE_BLOCK {"replication":"RATIS/ONE","owner":"omServiceIdDefault","size":"4194304","sampleBlocks":"[conID: 1 locID: 115816896921600326]","num":"1","client":"","allocated":"1"} | ret=SUCCESS |  
2025-10-20 19:51:37,666 | INFO  | OMAudit | user=runner | ip=127.0.0.1 | op=ALLOCATE_BLOCK {"volume":"3efac5b8-2a32-49c3-bee0-8af54eb159ca","bucket":"48b7a202-f60b-4cb8-aa51-35211329f334","key":"4b24ce0f-b8af-4289-b7a7-22edbc693a31","dataSize":"5242880","replicationType":"RATIS","replicationFactor":"ONE","clientID":"115408233933177127","Transaction":"1132"} | ret=SUCCESS |  
2025-10-20 19:51:37,694 | INFO  | SCMAudit | user=runner | ip=127.0.0.1 | op=ALLOCATE_BLOCK {"replication":"RATIS/ONE","owner":"omServiceIdDefault","size":"4194304","sampleBlocks":"[conID: 3 locID: 115816896921600327]","num":"1","client":"","allocated":"1"} | ret=SUCCESS |  
2025-10-20 19:51:37,696 | INFO  | OMAudit | user=runner | ip=127.0.0.1 | op=ALLOCATE_BLOCK {"volume":"3efac5b8-2a32-49c3-bee0-8af54eb159ca","bucket":"48b7a202-f60b-4cb8-aa51-35211329f334","key":"4b24ce0f-b8af-4289-b7a7-22edbc693a31","dataSize":"5242880","replicationType":"RATIS","replicationFactor":"ONE","clientID":"115408233933177127","Transaction":"1133"} | ret=SUCCESS |  
2025-10-20 19:51:37,710 | INFO  | OMAudit | user=runner | ip=127.0.0.1 | op=COMMIT_MULTIPART_UPLOAD_PARTKEY {"volume":"3efac5b8-2a32-49c3-bee0-8af54eb159ca","bucket":"48b7a202-f60b-4cb8-aa51-35211329f334","key":"4b24ce0f-b8af-4289-b7a7-22edbc693a31","dataSize":"5242880","ETag":"79b281060d337b9b2b84ccf390adcf74","uploadID":"019a032d-63ba-78f8-8d60-31dee2eda823-115408233932914982","partNumber":"1","partName":"/3efac5b8-2a32-49c3-bee0-8af54eb159ca/48b7a202-f60b-4cb8-aa51-35211329f334/4b24ce0f-b8af-4289-b7a7-22edbc693a31-019a032d-63ba-78f8-8d60-31dee2eda823-115408233932914982-1","Transaction":"1134"} | ret=SUCCESS |  
2025-10-20 19:51:37,711 | INFO  | OMAudit | user=runner | ip=127.0.0.1 | op=LIST_MULTIPART_UPLOAD_PARTS {"volume":"3efac5b8-2a32-49c3-bee0-8af54eb159ca","bucket":"48b7a202-f60b-4cb8-aa51-35211329f334","key":"4b24ce0f-b8af-4289-b7a7-22edbc693a31","uploadID":"019a032d-63ba-78f8-8d60-31dee2eda823-115408233932914982","partNumberMarker":"100","maxParts":"2"} | ret=SUCCESS |  
]]></system-out>
  </testcase>
  <testcase name="testListSnapshot" classname="org.apache.hadoop.ozone.client.rpc.TestSecureOzoneRpcClient" time="0.235">
    <system-out><![CDATA[2025-10-20 19:51:37,713 [ForkJoinPool-1-worker-1] INFO  rpc.RpcClient (RpcClient.java:createVolume(461)) - Creating Volume: vol-a-65386, with runner as owner and space quota set to -1 bytes, counts quota set to -1
2025-10-20 19:51:37,715 [om1-OMStateMachineApplyTransactionThread - 0] INFO  volume.OMVolumeCreateRequest (OMVolumeCreateRequest.java:validateAndUpdateCache(213)) - created volume:vol-a-65386 for user:runner
2025-10-20 19:51:37,715 | INFO  | OMAudit | user=runner | ip=127.0.0.1 | op=CREATE_VOLUME {"admin":"runner","owner":"runner","volume":"vol-a-65386","creationTime":"1760989897714","modificationTime":"1760989897714","quotaInBytes":"-1","quotaInNamespace":"-1","usedNamespace":"0","objectID":"-9223372036854485248","updateID":"1135","Transaction":"1135"} | ret=SUCCESS |  
2025-10-20 19:51:37,716 [ForkJoinPool-1-worker-1] INFO  rpc.RpcClient (RpcClient.java:createVolume(461)) - Creating Volume: vol-b-47597, with runner as owner and space quota set to -1 bytes, counts quota set to -1
2025-10-20 19:51:37,717 [om1-OMStateMachineApplyTransactionThread - 0] INFO  volume.OMVolumeCreateRequest (OMVolumeCreateRequest.java:validateAndUpdateCache(213)) - created volume:vol-b-47597 for user:runner
2025-10-20 19:51:37,717 | INFO  | OMAudit | user=runner | ip=127.0.0.1 | op=CREATE_VOLUME {"admin":"runner","owner":"runner","volume":"vol-b-47597","creationTime":"1760989897717","modificationTime":"1760989897717","quotaInBytes":"-1","quotaInNamespace":"-1","usedNamespace":"0","objectID":"-9223372036854484992","updateID":"1136","Transaction":"1136"} | ret=SUCCESS |  
2025-10-20 19:51:37,718 | INFO  | OMAudit | user=runner | ip=127.0.0.1 | op=READ_VOLUME {"volume":"vol-a-65386"} | ret=SUCCESS |  
2025-10-20 19:51:37,719 | INFO  | OMAudit | user=runner | ip=127.0.0.1 | op=READ_VOLUME {"volume":"vol-b-47597"} | ret=SUCCESS |  
2025-10-20 19:51:37,720 [ForkJoinPool-1-worker-1] INFO  rpc.RpcClient (RpcClient.java:createBucket(686)) - Creating Bucket: vol-a-65386/buc-a-06236, with server-side default bucket layout, runner as owner, Versioning false, Storage Type set to DISK and Encryption set to false, Replication Type set to server-side default replication type, Namespace Quota set to -1, Space Quota set to -1 
2025-10-20 19:51:37,721 [om1-OMStateMachineApplyTransactionThread - 0] INFO  bucket.OMBucketCreateRequest (OMBucketCreateRequest.java:validateAndUpdateCache(303)) - created bucket: buc-a-06236 of layout FILE_SYSTEM_OPTIMIZED in volume: vol-a-65386
2025-10-20 19:51:37,721 | INFO  | OMAudit | user=runner | ip=127.0.0.1 | op=CREATE_BUCKET {"volume":"vol-a-65386","bucket":"buc-a-06236","bucketLayout":"FILE_SYSTEM_OPTIMIZED","gdprEnabled":null,"acls":"[user:runner:a[ACCESS], group:runner:rl[ACCESS]]","isVersionEnabled":"false","storageType":"DISK","creationTime":"1760989897720","bucketEncryptionKey":null,"modificationTime":"1760989897720","usedBytes":"0","usedNamespace":"0","snapshotUsedBytes":"0","snapshotUsedNamespace":"0","owner":"runner","replicationType":null,"replicationConfig":null,"quotaInBytes":"-1","quotaInNamespace":"-1","Transaction":"1137"} | ret=SUCCESS |  
2025-10-20 19:51:37,721 [ForkJoinPool-1-worker-1] INFO  rpc.RpcClient (RpcClient.java:createBucket(686)) - Creating Bucket: vol-a-65386/buc-b-16885, with server-side default bucket layout, runner as owner, Versioning false, Storage Type set to DISK and Encryption set to false, Replication Type set to server-side default replication type, Namespace Quota set to -1, Space Quota set to -1 
2025-10-20 19:51:37,723 [om1-OMStateMachineApplyTransactionThread - 0] INFO  bucket.OMBucketCreateRequest (OMBucketCreateRequest.java:validateAndUpdateCache(303)) - created bucket: buc-b-16885 of layout FILE_SYSTEM_OPTIMIZED in volume: vol-a-65386
2025-10-20 19:51:37,723 | INFO  | OMAudit | user=runner | ip=127.0.0.1 | op=CREATE_BUCKET {"volume":"vol-a-65386","bucket":"buc-b-16885","bucketLayout":"FILE_SYSTEM_OPTIMIZED","gdprEnabled":null,"acls":"[user:runner:a[ACCESS], group:runner:rl[ACCESS]]","isVersionEnabled":"false","storageType":"DISK","creationTime":"1760989897722","bucketEncryptionKey":null,"modificationTime":"1760989897722","usedBytes":"0","usedNamespace":"0","snapshotUsedBytes":"0","snapshotUsedNamespace":"0","owner":"runner","replicationType":null,"replicationConfig":null,"quotaInBytes":"-1","quotaInNamespace":"-1","Transaction":"1138"} | ret=SUCCESS |  
2025-10-20 19:51:37,723 [ForkJoinPool-1-worker-1] INFO  rpc.RpcClient (RpcClient.java:createBucket(686)) - Creating Bucket: vol-b-47597/buc-a-06236, with server-side default bucket layout, runner as owner, Versioning false, Storage Type set to DISK and Encryption set to false, Replication Type set to server-side default replication type, Namespace Quota set to -1, Space Quota set to -1 
2025-10-20 19:51:37,725 [om1-OMStateMachineApplyTransactionThread - 0] INFO  bucket.OMBucketCreateRequest (OMBucketCreateRequest.java:validateAndUpdateCache(303)) - created bucket: buc-a-06236 of layout FILE_SYSTEM_OPTIMIZED in volume: vol-b-47597
2025-10-20 19:51:37,725 | INFO  | OMAudit | user=runner | ip=127.0.0.1 | op=CREATE_BUCKET {"volume":"vol-b-47597","bucket":"buc-a-06236","bucketLayout":"FILE_SYSTEM_OPTIMIZED","gdprEnabled":null,"acls":"[user:runner:a[ACCESS], group:runner:rl[ACCESS]]","isVersionEnabled":"false","storageType":"DISK","creationTime":"1760989897724","bucketEncryptionKey":null,"modificationTime":"1760989897724","usedBytes":"0","usedNamespace":"0","snapshotUsedBytes":"0","snapshotUsedNamespace":"0","owner":"runner","replicationType":null,"replicationConfig":null,"quotaInBytes":"-1","quotaInNamespace":"-1","Transaction":"1139"} | ret=SUCCESS |  
2025-10-20 19:51:37,725 [ForkJoinPool-1-worker-1] INFO  rpc.RpcClient (RpcClient.java:createBucket(686)) - Creating Bucket: vol-b-47597/buc-b-16885, with server-side default bucket layout, runner as owner, Versioning false, Storage Type set to DISK and Encryption set to false, Replication Type set to server-side default replication type, Namespace Quota set to -1, Space Quota set to -1 
2025-10-20 19:51:37,726 [om1-OMStateMachineApplyTransactionThread - 0] INFO  bucket.OMBucketCreateRequest (OMBucketCreateRequest.java:validateAndUpdateCache(303)) - created bucket: buc-b-16885 of layout FILE_SYSTEM_OPTIMIZED in volume: vol-b-47597
2025-10-20 19:51:37,727 | INFO  | OMAudit | user=runner | ip=127.0.0.1 | op=CREATE_BUCKET {"volume":"vol-b-47597","bucket":"buc-b-16885","bucketLayout":"FILE_SYSTEM_OPTIMIZED","gdprEnabled":null,"acls":"[user:runner:a[ACCESS], group:runner:rl[ACCESS]]","isVersionEnabled":"false","storageType":"DISK","creationTime":"1760989897726","bucketEncryptionKey":null,"modificationTime":"1760989897726","usedBytes":"0","usedNamespace":"0","snapshotUsedBytes":"0","snapshotUsedNamespace":"0","owner":"runner","replicationType":null,"replicationConfig":null,"quotaInBytes":"-1","quotaInNamespace":"-1","Transaction":"1140"} | ret=SUCCESS |  
2025-10-20 19:51:37,729 | INFO  | SCMAudit | user=runner | ip=127.0.0.1 | op=SEND_HEARTBEAT {"datanodeUUID":"feb39a1c-80cb-4714-ab06-a361236e3029","term":"2","command":"[]"} | ret=SUCCESS |  
2025-10-20 19:51:37,729 [om1-OMStateMachineApplyTransactionThread - 0] INFO  snapshot.OMSnapshotCreateRequest (OMSnapshotCreateRequest.java:validateAndUpdateCache(228)) - Created snapshot: 'snapshot-a-0-80598' with snapshotId: 'fd6c5a0d-9c3d-4744-8090-40218e6deb02' under path 'vol-a-65386/buc-a-06236'
2025-10-20 19:51:37,729 | INFO  | OMAudit | user=runner | ip=127.0.0.1 | op=CREATE_SNAPSHOT {"volume":"vol-a-65386","bucket":"buc-a-06236","snapshotName":"snapshot-a-0-80598","Transaction":"1141"} | ret=SUCCESS |  
2025-10-20 19:51:37,731 [om1-OMStateMachineApplyTransactionThread - 0] INFO  snapshot.OMSnapshotCreateRequest (OMSnapshotCreateRequest.java:validateAndUpdateCache(228)) - Created snapshot: 'snapshot-a-0-87738' with snapshotId: 'db063c49-b9c6-4ff1-984e-13b794c9a00c' under path 'vol-a-65386/buc-b-16885'
2025-10-20 19:51:37,731 | INFO  | OMAudit | user=runner | ip=127.0.0.1 | op=CREATE_SNAPSHOT {"volume":"vol-a-65386","bucket":"buc-b-16885","snapshotName":"snapshot-a-0-87738","Transaction":"1142"} | ret=SUCCESS |  
2025-10-20 19:51:37,733 [om1-OMStateMachineApplyTransactionThread - 0] INFO  snapshot.OMSnapshotCreateRequest (OMSnapshotCreateRequest.java:validateAndUpdateCache(228)) - Created snapshot: 'snapshot-a-0-47145' with snapshotId: '15287920-f90b-459f-90af-f8c6a69d4069' under path 'vol-b-47597/buc-a-06236'
2025-10-20 19:51:37,733 | INFO  | OMAudit | user=runner | ip=127.0.0.1 | op=CREATE_SNAPSHOT {"volume":"vol-b-47597","bucket":"buc-a-06236","snapshotName":"snapshot-a-0-47145","Transaction":"1143"} | ret=SUCCESS |  
2025-10-20 19:51:37,735 [om1-OMStateMachineApplyTransactionThread - 0] INFO  snapshot.OMSnapshotCreateRequest (OMSnapshotCreateRequest.java:validateAndUpdateCache(228)) - Created snapshot: 'snapshot-a-0-88039' with snapshotId: 'b6f40146-6fd0-4554-9606-e74e45e01ffc' under path 'vol-b-47597/buc-b-16885'
2025-10-20 19:51:37,735 | INFO  | OMAudit | user=runner | ip=127.0.0.1 | op=CREATE_SNAPSHOT {"volume":"vol-b-47597","bucket":"buc-b-16885","snapshotName":"snapshot-a-0-88039","Transaction":"1144"} | ret=SUCCESS |  
2025-10-20 19:51:37,737 [om1-OMStateMachineApplyTransactionThread - 0] INFO  snapshot.OMSnapshotCreateRequest (OMSnapshotCreateRequest.java:validateAndUpdateCache(228)) - Created snapshot: 'snapshot-a-1-45474' with snapshotId: '61fe6dd5-ada0-45e4-b0a8-ec729e7bac72' under path 'vol-a-65386/buc-a-06236'
2025-10-20 19:51:37,737 | INFO  | OMAudit | user=runner | ip=127.0.0.1 | op=CREATE_SNAPSHOT {"volume":"vol-a-65386","bucket":"buc-a-06236","snapshotName":"snapshot-a-1-45474","Transaction":"1145"} | ret=SUCCESS |  
2025-10-20 19:51:37,739 [om1-OMStateMachineApplyTransactionThread - 0] INFO  snapshot.OMSnapshotCreateRequest (OMSnapshotCreateRequest.java:validateAndUpdateCache(228)) - Created snapshot: 'snapshot-a-1-41508' with snapshotId: '5e0fa939-dae7-4182-be2c-5d0d7e0eaaca' under path 'vol-a-65386/buc-b-16885'
2025-10-20 19:51:37,739 | INFO  | OMAudit | user=runner | ip=127.0.0.1 | op=CREATE_SNAPSHOT {"volume":"vol-a-65386","bucket":"buc-b-16885","snapshotName":"snapshot-a-1-41508","Transaction":"1146"} | ret=SUCCESS |  
2025-10-20 19:51:37,742 [om1-OMStateMachineApplyTransactionThread - 0] INFO  snapshot.OMSnapshotCreateRequest (OMSnapshotCreateRequest.java:validateAndUpdateCache(228)) - Created snapshot: 'snapshot-a-1-30612' with snapshotId: 'ed1f9e6e-1af8-4137-8293-d2e4045d7813' under path 'vol-b-47597/buc-a-06236'
2025-10-20 19:51:37,742 | INFO  | OMAudit | user=runner | ip=127.0.0.1 | op=CREATE_SNAPSHOT {"volume":"vol-b-47597","bucket":"buc-a-06236","snapshotName":"snapshot-a-1-30612","Transaction":"1147"} | ret=SUCCESS |  
2025-10-20 19:51:37,742 | INFO  | SCMAudit | user=runner | ip=127.0.0.1 | op=SEND_HEARTBEAT {"datanodeUUID":"e05592a5-d00f-4fc1-9e39-a968c1ecb04e","term":"2","command":"[]"} | ret=SUCCESS |  
2025-10-20 19:51:37,744 [om1-OMStateMachineApplyTransactionThread - 0] INFO  snapshot.OMSnapshotCreateRequest (OMSnapshotCreateRequest.java:validateAndUpdateCache(228)) - Created snapshot: 'snapshot-a-1-87712' with snapshotId: 'e778eb2f-cc8e-43a1-95fd-3be71090d0c9' under path 'vol-b-47597/buc-b-16885'
2025-10-20 19:51:37,744 | INFO  | OMAudit | user=runner | ip=127.0.0.1 | op=CREATE_SNAPSHOT {"volume":"vol-b-47597","bucket":"buc-b-16885","snapshotName":"snapshot-a-1-87712","Transaction":"1148"} | ret=SUCCESS |  
2025-10-20 19:51:37,745 | INFO  | SCMAudit | user=runner | ip=127.0.0.1 | op=SEND_HEARTBEAT {"datanodeUUID":"33f74daf-be7a-4306-b2af-53e409c4cb93","term":"2","command":"[]"} | ret=SUCCESS |  
2025-10-20 19:51:37,746 [om1-OMStateMachineApplyTransactionThread - 0] INFO  snapshot.OMSnapshotCreateRequest (OMSnapshotCreateRequest.java:validateAndUpdateCache(228)) - Created snapshot: 'snapshot-a-2-23292' with snapshotId: '03fe7d94-f2c9-4256-9514-7bc9a31853a8' under path 'vol-a-65386/buc-a-06236'
2025-10-20 19:51:37,746 | INFO  | OMAudit | user=runner | ip=127.0.0.1 | op=CREATE_SNAPSHOT {"volume":"vol-a-65386","bucket":"buc-a-06236","snapshotName":"snapshot-a-2-23292","Transaction":"1149"} | ret=SUCCESS |  
2025-10-20 19:51:37,748 [om1-OMStateMachineApplyTransactionThread - 0] INFO  snapshot.OMSnapshotCreateRequest (OMSnapshotCreateRequest.java:validateAndUpdateCache(228)) - Created snapshot: 'snapshot-a-2-30005' with snapshotId: '93080a93-fbc1-4a3a-a636-353529011d03' under path 'vol-a-65386/buc-b-16885'
2025-10-20 19:51:37,748 | INFO  | OMAudit | user=runner | ip=127.0.0.1 | op=CREATE_SNAPSHOT {"volume":"vol-a-65386","bucket":"buc-b-16885","snapshotName":"snapshot-a-2-30005","Transaction":"1150"} | ret=SUCCESS |  
2025-10-20 19:51:37,750 [om1-OMStateMachineApplyTransactionThread - 0] INFO  snapshot.OMSnapshotCreateRequest (OMSnapshotCreateRequest.java:validateAndUpdateCache(228)) - Created snapshot: 'snapshot-a-2-02040' with snapshotId: 'f75581d4-092e-40b6-89f4-9a6e48aa78a3' under path 'vol-b-47597/buc-a-06236'
2025-10-20 19:51:37,750 | INFO  | OMAudit | user=runner | ip=127.0.0.1 | op=CREATE_SNAPSHOT {"volume":"vol-b-47597","bucket":"buc-a-06236","snapshotName":"snapshot-a-2-02040","Transaction":"1151"} | ret=SUCCESS |  
2025-10-20 19:51:37,752 [om1-OMStateMachineApplyTransactionThread - 0] INFO  snapshot.OMSnapshotCreateRequest (OMSnapshotCreateRequest.java:validateAndUpdateCache(228)) - Created snapshot: 'snapshot-a-2-97035' with snapshotId: '9b179ea0-4b7c-4678-a6f4-87b3e790ead6' under path 'vol-b-47597/buc-b-16885'
2025-10-20 19:51:37,752 | INFO  | OMAudit | user=runner | ip=127.0.0.1 | op=CREATE_SNAPSHOT {"volume":"vol-b-47597","bucket":"buc-b-16885","snapshotName":"snapshot-a-2-97035","Transaction":"1152"} | ret=SUCCESS |  
2025-10-20 19:51:37,755 [om1-OMStateMachineApplyTransactionThread - 0] INFO  snapshot.OMSnapshotCreateRequest (OMSnapshotCreateRequest.java:validateAndUpdateCache(228)) - Created snapshot: 'snapshot-a-3-14008' with snapshotId: 'aca0c771-bf8d-403d-ab06-d1fd1d2dabd7' under path 'vol-a-65386/buc-a-06236'
2025-10-20 19:51:37,755 | INFO  | OMAudit | user=runner | ip=127.0.0.1 | op=CREATE_SNAPSHOT {"volume":"vol-a-65386","bucket":"buc-a-06236","snapshotName":"snapshot-a-3-14008","Transaction":"1153"} | ret=SUCCESS |  
2025-10-20 19:51:37,757 [om1-OMStateMachineApplyTransactionThread - 0] INFO  snapshot.OMSnapshotCreateRequest (OMSnapshotCreateRequest.java:validateAndUpdateCache(228)) - Created snapshot: 'snapshot-a-3-23434' with snapshotId: 'f801f511-6fd0-47fd-8f61-1ee83a77aa4c' under path 'vol-a-65386/buc-b-16885'
2025-10-20 19:51:37,757 | INFO  | OMAudit | user=runner | ip=127.0.0.1 | op=CREATE_SNAPSHOT {"volume":"vol-a-65386","bucket":"buc-b-16885","snapshotName":"snapshot-a-3-23434","Transaction":"1154"} | ret=SUCCESS |  
2025-10-20 19:51:37,760 [om1-OMStateMachineApplyTransactionThread - 0] INFO  snapshot.OMSnapshotCreateRequest (OMSnapshotCreateRequest.java:validateAndUpdateCache(228)) - Created snapshot: 'snapshot-a-3-38836' with snapshotId: '3e01baff-d35a-47bc-a3c1-a84bf186ea26' under path 'vol-b-47597/buc-a-06236'
2025-10-20 19:51:37,760 | INFO  | OMAudit | user=runner | ip=127.0.0.1 | op=CREATE_SNAPSHOT {"volume":"vol-b-47597","bucket":"buc-a-06236","snapshotName":"snapshot-a-3-38836","Transaction":"1155"} | ret=SUCCESS |  
2025-10-20 19:51:37,762 [om1-OMStateMachineApplyTransactionThread - 0] INFO  snapshot.OMSnapshotCreateRequest (OMSnapshotCreateRequest.java:validateAndUpdateCache(228)) - Created snapshot: 'snapshot-a-3-69081' with snapshotId: 'f4303d87-6b2e-485f-ae05-c2e75e863038' under path 'vol-b-47597/buc-b-16885'
2025-10-20 19:51:37,762 | INFO  | OMAudit | user=runner | ip=127.0.0.1 | op=CREATE_SNAPSHOT {"volume":"vol-b-47597","bucket":"buc-b-16885","snapshotName":"snapshot-a-3-69081","Transaction":"1156"} | ret=SUCCESS |  
2025-10-20 19:51:37,764 [om1-OMStateMachineApplyTransactionThread - 0] INFO  snapshot.OMSnapshotCreateRequest (OMSnapshotCreateRequest.java:validateAndUpdateCache(228)) - Created snapshot: 'snapshot-a-4-41951' with snapshotId: '007494d9-8993-4db5-96d5-2713809ce3cb' under path 'vol-a-65386/buc-a-06236'
2025-10-20 19:51:37,764 | INFO  | OMAudit | user=runner | ip=127.0.0.1 | op=CREATE_SNAPSHOT {"volume":"vol-a-65386","bucket":"buc-a-06236","snapshotName":"snapshot-a-4-41951","Transaction":"1157"} | ret=SUCCESS |  
2025-10-20 19:51:37,767 [om1-OMStateMachineApplyTransactionThread - 0] INFO  snapshot.OMSnapshotCreateRequest (OMSnapshotCreateRequest.java:validateAndUpdateCache(228)) - Created snapshot: 'snapshot-a-4-97811' with snapshotId: 'aa258f75-1ef5-4090-ab9d-c1696f17b361' under path 'vol-a-65386/buc-b-16885'
2025-10-20 19:51:37,767 | INFO  | OMAudit | user=runner | ip=127.0.0.1 | op=CREATE_SNAPSHOT {"volume":"vol-a-65386","bucket":"buc-b-16885","snapshotName":"snapshot-a-4-97811","Transaction":"1158"} | ret=SUCCESS |  
2025-10-20 19:51:37,771 [om1-OMStateMachineApplyTransactionThread - 0] INFO  snapshot.OMSnapshotCreateRequest (OMSnapshotCreateRequest.java:validateAndUpdateCache(228)) - Created snapshot: 'snapshot-a-4-94332' with snapshotId: '95b91162-541f-417f-a7e6-9e1402b2ee3f' under path 'vol-b-47597/buc-a-06236'
2025-10-20 19:51:37,771 | INFO  | OMAudit | user=runner | ip=127.0.0.1 | op=CREATE_SNAPSHOT {"volume":"vol-b-47597","bucket":"buc-a-06236","snapshotName":"snapshot-a-4-94332","Transaction":"1159"} | ret=SUCCESS |  
2025-10-20 19:51:37,774 [om1-OMStateMachineApplyTransactionThread - 0] INFO  snapshot.OMSnapshotCreateRequest (OMSnapshotCreateRequest.java:validateAndUpdateCache(228)) - Created snapshot: 'snapshot-a-4-12797' with snapshotId: 'd99311da-cbca-4cc7-b7f2-f730d30cbdcc' under path 'vol-b-47597/buc-b-16885'
2025-10-20 19:51:37,774 | INFO  | OMAudit | user=runner | ip=127.0.0.1 | op=CREATE_SNAPSHOT {"volume":"vol-b-47597","bucket":"buc-b-16885","snapshotName":"snapshot-a-4-12797","Transaction":"1160"} | ret=SUCCESS |  
2025-10-20 19:51:37,779 [om1-OMStateMachineApplyTransactionThread - 0] INFO  snapshot.OMSnapshotCreateRequest (OMSnapshotCreateRequest.java:validateAndUpdateCache(228)) - Created snapshot: 'snapshot-a-5-64399' with snapshotId: '2bd5a464-f192-492c-8aad-f387bd6eb59f' under path 'vol-a-65386/buc-a-06236'
2025-10-20 19:51:37,779 | INFO  | OMAudit | user=runner | ip=127.0.0.1 | op=CREATE_SNAPSHOT {"volume":"vol-a-65386","bucket":"buc-a-06236","snapshotName":"snapshot-a-5-64399","Transaction":"1161"} | ret=SUCCESS |  
2025-10-20 19:51:37,781 [om1-OMStateMachineApplyTransactionThread - 0] INFO  snapshot.OMSnapshotCreateRequest (OMSnapshotCreateRequest.java:validateAndUpdateCache(228)) - Created snapshot: 'snapshot-a-5-97235' with snapshotId: '5655daac-bad2-4a90-bdea-42c94093b0b5' under path 'vol-a-65386/buc-b-16885'
2025-10-20 19:51:37,781 | INFO  | OMAudit | user=runner | ip=127.0.0.1 | op=CREATE_SNAPSHOT {"volume":"vol-a-65386","bucket":"buc-b-16885","snapshotName":"snapshot-a-5-97235","Transaction":"1162"} | ret=SUCCESS |  
2025-10-20 19:51:37,784 [om1-OMStateMachineApplyTransactionThread - 0] INFO  snapshot.OMSnapshotCreateRequest (OMSnapshotCreateRequest.java:validateAndUpdateCache(228)) - Created snapshot: 'snapshot-a-5-57738' with snapshotId: '87a9d168-9ecc-409d-a3f3-59f4b8f1815e' under path 'vol-b-47597/buc-a-06236'
2025-10-20 19:51:37,784 | INFO  | OMAudit | user=runner | ip=127.0.0.1 | op=CREATE_SNAPSHOT {"volume":"vol-b-47597","bucket":"buc-a-06236","snapshotName":"snapshot-a-5-57738","Transaction":"1163"} | ret=SUCCESS |  
2025-10-20 19:51:37,786 [om1-OMStateMachineApplyTransactionThread - 0] INFO  snapshot.OMSnapshotCreateRequest (OMSnapshotCreateRequest.java:validateAndUpdateCache(228)) - Created snapshot: 'snapshot-a-5-10204' with snapshotId: '9062eed2-ebd6-4f41-8dfe-e9dc39673e1c' under path 'vol-b-47597/buc-b-16885'
2025-10-20 19:51:37,786 | INFO  | OMAudit | user=runner | ip=127.0.0.1 | op=CREATE_SNAPSHOT {"volume":"vol-b-47597","bucket":"buc-b-16885","snapshotName":"snapshot-a-5-10204","Transaction":"1164"} | ret=SUCCESS |  
2025-10-20 19:51:37,788 [om1-OMStateMachineApplyTransactionThread - 0] INFO  snapshot.OMSnapshotCreateRequest (OMSnapshotCreateRequest.java:validateAndUpdateCache(228)) - Created snapshot: 'snapshot-a-6-66775' with snapshotId: 'c53aeddd-c791-4f9b-9def-c60ce8854d40' under path 'vol-a-65386/buc-a-06236'
2025-10-20 19:51:37,788 | INFO  | OMAudit | user=runner | ip=127.0.0.1 | op=CREATE_SNAPSHOT {"volume":"vol-a-65386","bucket":"buc-a-06236","snapshotName":"snapshot-a-6-66775","Transaction":"1165"} | ret=SUCCESS |  
2025-10-20 19:51:37,790 [om1-OMStateMachineApplyTransactionThread - 0] INFO  snapshot.OMSnapshotCreateRequest (OMSnapshotCreateRequest.java:validateAndUpdateCache(228)) - Created snapshot: 'snapshot-a-6-38386' with snapshotId: 'd4918ec9-d360-4cd4-9130-6941ad53a0cc' under path 'vol-a-65386/buc-b-16885'
2025-10-20 19:51:37,790 | INFO  | OMAudit | user=runner | ip=127.0.0.1 | op=CREATE_SNAPSHOT {"volume":"vol-a-65386","bucket":"buc-b-16885","snapshotName":"snapshot-a-6-38386","Transaction":"1166"} | ret=SUCCESS |  
2025-10-20 19:51:37,791 [om1-OMDoubleBufferFlushThread] INFO  db.RDBCheckpointManager (RDBCheckpointManager.java:createCheckpoint(87)) - Created checkpoint in rocksDB at /home/runner/work/ozone/ozone/hadoop-ozone/integration-test/target/test-dir/MiniOzoneClusterImpl-6935df51-69ff-4c35-8bd4-ed2b81d70e54/om/data/db.snapshots/checkpointState/om.db-fd6c5a0d-9c3d-4744-8090-40218e6deb02 in 59 milliseconds
2025-10-20 19:51:37,793 [om1-OMStateMachineApplyTransactionThread - 0] INFO  snapshot.OMSnapshotCreateRequest (OMSnapshotCreateRequest.java:validateAndUpdateCache(228)) - Created snapshot: 'snapshot-a-6-40246' with snapshotId: 'f0931211-7240-4172-9b1f-f8a5d28f4fb9' under path 'vol-b-47597/buc-a-06236'
2025-10-20 19:51:37,793 | INFO  | OMAudit | user=runner | ip=127.0.0.1 | op=CREATE_SNAPSHOT {"volume":"vol-b-47597","bucket":"buc-a-06236","snapshotName":"snapshot-a-6-40246","Transaction":"1167"} | ret=SUCCESS |  
2025-10-20 19:51:37,795 [om1-OMStateMachineApplyTransactionThread - 0] INFO  snapshot.OMSnapshotCreateRequest (OMSnapshotCreateRequest.java:validateAndUpdateCache(228)) - Created snapshot: 'snapshot-a-6-47100' with snapshotId: '27eba23e-0e8b-4b24-a7d4-bf800b4fb1e3' under path 'vol-b-47597/buc-b-16885'
2025-10-20 19:51:37,796 | INFO  | OMAudit | user=runner | ip=127.0.0.1 | op=CREATE_SNAPSHOT {"volume":"vol-b-47597","bucket":"buc-b-16885","snapshotName":"snapshot-a-6-47100","Transaction":"1168"} | ret=SUCCESS |  
2025-10-20 19:51:37,798 [om1-OMStateMachineApplyTransactionThread - 0] INFO  snapshot.OMSnapshotCreateRequest (OMSnapshotCreateRequest.java:validateAndUpdateCache(228)) - Created snapshot: 'snapshot-a-7-34892' with snapshotId: 'f31697ad-6b73-410f-978f-f3a90d67cadc' under path 'vol-a-65386/buc-a-06236'
2025-10-20 19:51:37,798 | INFO  | OMAudit | user=runner | ip=127.0.0.1 | op=CREATE_SNAPSHOT {"volume":"vol-a-65386","bucket":"buc-a-06236","snapshotName":"snapshot-a-7-34892","Transaction":"1169"} | ret=SUCCESS |  
2025-10-20 19:51:37,800 [om1-OMStateMachineApplyTransactionThread - 0] INFO  snapshot.OMSnapshotCreateRequest (OMSnapshotCreateRequest.java:validateAndUpdateCache(228)) - Created snapshot: 'snapshot-a-7-52379' with snapshotId: '4900c3d4-5ade-4c5a-87c1-2565f78b5a08' under path 'vol-a-65386/buc-b-16885'
2025-10-20 19:51:37,800 | INFO  | OMAudit | user=runner | ip=127.0.0.1 | op=CREATE_SNAPSHOT {"volume":"vol-a-65386","bucket":"buc-b-16885","snapshotName":"snapshot-a-7-52379","Transaction":"1170"} | ret=SUCCESS |  
2025-10-20 19:51:37,802 [om1-OMStateMachineApplyTransactionThread - 0] INFO  snapshot.OMSnapshotCreateRequest (OMSnapshotCreateRequest.java:validateAndUpdateCache(228)) - Created snapshot: 'snapshot-a-7-53527' with snapshotId: '1a0cc01a-8c3a-412c-aac8-5f6f2917c7ef' under path 'vol-b-47597/buc-a-06236'
2025-10-20 19:51:37,802 | INFO  | OMAudit | user=runner | ip=127.0.0.1 | op=CREATE_SNAPSHOT {"volume":"vol-b-47597","bucket":"buc-a-06236","snapshotName":"snapshot-a-7-53527","Transaction":"1171"} | ret=SUCCESS |  
2025-10-20 19:51:37,804 [om1-OMStateMachineApplyTransactionThread - 0] INFO  snapshot.OMSnapshotCreateRequest (OMSnapshotCreateRequest.java:validateAndUpdateCache(228)) - Created snapshot: 'snapshot-a-7-85954' with snapshotId: '1c8c8f14-e541-423d-96e7-e5191df02058' under path 'vol-b-47597/buc-b-16885'
2025-10-20 19:51:37,804 | INFO  | OMAudit | user=runner | ip=127.0.0.1 | op=CREATE_SNAPSHOT {"volume":"vol-b-47597","bucket":"buc-b-16885","snapshotName":"snapshot-a-7-85954","Transaction":"1172"} | ret=SUCCESS |  
2025-10-20 19:51:37,807 [om1-OMStateMachineApplyTransactionThread - 0] INFO  snapshot.OMSnapshotCreateRequest (OMSnapshotCreateRequest.java:validateAndUpdateCache(228)) - Created snapshot: 'snapshot-a-8-77874' with snapshotId: '71cd12b7-5520-4566-a942-6e5a05911590' under path 'vol-a-65386/buc-a-06236'
2025-10-20 19:51:37,807 | INFO  | OMAudit | user=runner | ip=127.0.0.1 | op=CREATE_SNAPSHOT {"volume":"vol-a-65386","bucket":"buc-a-06236","snapshotName":"snapshot-a-8-77874","Transaction":"1173"} | ret=SUCCESS |  
2025-10-20 19:51:37,810 [om1-OMStateMachineApplyTransactionThread - 0] INFO  snapshot.OMSnapshotCreateRequest (OMSnapshotCreateRequest.java:validateAndUpdateCache(228)) - Created snapshot: 'snapshot-a-8-89361' with snapshotId: '54a17732-6592-4be0-b2a0-6b2cdd618f6c' under path 'vol-a-65386/buc-b-16885'
2025-10-20 19:51:37,810 | INFO  | OMAudit | user=runner | ip=127.0.0.1 | op=CREATE_SNAPSHOT {"volume":"vol-a-65386","bucket":"buc-b-16885","snapshotName":"snapshot-a-8-89361","Transaction":"1174"} | ret=SUCCESS |  
2025-10-20 19:51:37,813 [om1-OMStateMachineApplyTransactionThread - 0] INFO  snapshot.OMSnapshotCreateRequest (OMSnapshotCreateRequest.java:validateAndUpdateCache(228)) - Created snapshot: 'snapshot-a-8-77124' with snapshotId: 'b4985788-d0f0-4647-97f1-c74959ec4275' under path 'vol-b-47597/buc-a-06236'
2025-10-20 19:51:37,814 | INFO  | OMAudit | user=runner | ip=127.0.0.1 | op=CREATE_SNAPSHOT {"volume":"vol-b-47597","bucket":"buc-a-06236","snapshotName":"snapshot-a-8-77124","Transaction":"1175"} | ret=SUCCESS |  
2025-10-20 19:51:37,816 [om1-OMStateMachineApplyTransactionThread - 0] INFO  snapshot.OMSnapshotCreateRequest (OMSnapshotCreateRequest.java:validateAndUpdateCache(228)) - Created snapshot: 'snapshot-a-8-00989' with snapshotId: 'f15b5333-ed31-47da-8cc5-ea49f1555e68' under path 'vol-b-47597/buc-b-16885'
2025-10-20 19:51:37,816 | INFO  | OMAudit | user=runner | ip=127.0.0.1 | op=CREATE_SNAPSHOT {"volume":"vol-b-47597","bucket":"buc-b-16885","snapshotName":"snapshot-a-8-00989","Transaction":"1176"} | ret=SUCCESS |  
2025-10-20 19:51:37,816 [om1-OMDoubleBufferFlushThread] INFO  om.OmSnapshotManager (OmSnapshotManager.java:createOmSnapshotCheckpoint(545)) - Created checkpoint: /home/runner/work/ozone/ozone/hadoop-ozone/integration-test/target/test-dir/MiniOzoneClusterImpl-6935df51-69ff-4c35-8bd4-ed2b81d70e54/om/data/db.snapshots/checkpointState/om.db-fd6c5a0d-9c3d-4744-8090-40218e6deb02 for snapshot /vol-a-65386/buc-a-06236/snapshot-a-0-80598
2025-10-20 19:51:37,821 [om1-OMStateMachineApplyTransactionThread - 0] INFO  snapshot.OMSnapshotCreateRequest (OMSnapshotCreateRequest.java:validateAndUpdateCache(228)) - Created snapshot: 'snapshot-a-9-00412' with snapshotId: 'b322135d-c1b2-415a-9c03-cbcde04cf763' under path 'vol-a-65386/buc-a-06236'
2025-10-20 19:51:37,821 | INFO  | OMAudit | user=runner | ip=127.0.0.1 | op=CREATE_SNAPSHOT {"volume":"vol-a-65386","bucket":"buc-a-06236","snapshotName":"snapshot-a-9-00412","Transaction":"1177"} | ret=SUCCESS |  
2025-10-20 19:51:37,823 [om1-OMStateMachineApplyTransactionThread - 0] INFO  snapshot.OMSnapshotCreateRequest (OMSnapshotCreateRequest.java:validateAndUpdateCache(228)) - Created snapshot: 'snapshot-a-9-80654' with snapshotId: 'f311479d-b4dc-42a1-9467-8ea9ff05dde7' under path 'vol-a-65386/buc-b-16885'
2025-10-20 19:51:37,823 | INFO  | OMAudit | user=runner | ip=127.0.0.1 | op=CREATE_SNAPSHOT {"volume":"vol-a-65386","bucket":"buc-b-16885","snapshotName":"snapshot-a-9-80654","Transaction":"1178"} | ret=SUCCESS |  
2025-10-20 19:51:37,826 [om1-OMStateMachineApplyTransactionThread - 0] INFO  snapshot.OMSnapshotCreateRequest (OMSnapshotCreateRequest.java:validateAndUpdateCache(228)) - Created snapshot: 'snapshot-a-9-45675' with snapshotId: '14c89324-a1e8-4177-99b0-567579c571a6' under path 'vol-b-47597/buc-a-06236'
2025-10-20 19:51:37,826 | INFO  | OMAudit | user=runner | ip=127.0.0.1 | op=CREATE_SNAPSHOT {"volume":"vol-b-47597","bucket":"buc-a-06236","snapshotName":"snapshot-a-9-45675","Transaction":"1179"} | ret=SUCCESS |  
2025-10-20 19:51:37,827 [om1-OMStateMachineApplyTransactionThread - 0] INFO  snapshot.OMSnapshotCreateRequest (OMSnapshotCreateRequest.java:validateAndUpdateCache(228)) - Created snapshot: 'snapshot-a-9-21199' with snapshotId: '3e86dc5a-3895-49ab-bd72-33eea8e1c73b' under path 'vol-b-47597/buc-b-16885'
2025-10-20 19:51:37,828 | INFO  | OMAudit | user=runner | ip=127.0.0.1 | op=CREATE_SNAPSHOT {"volume":"vol-b-47597","bucket":"buc-b-16885","snapshotName":"snapshot-a-9-21199","Transaction":"1180"} | ret=SUCCESS |  
2025-10-20 19:51:37,829 [om1-OMStateMachineApplyTransactionThread - 0] INFO  snapshot.OMSnapshotCreateRequest (OMSnapshotCreateRequest.java:validateAndUpdateCache(228)) - Created snapshot: 'snapshot-b-0-28253' with snapshotId: '31195d6f-c10c-40c3-b137-d7c959f4fe30' under path 'vol-a-65386/buc-a-06236'
2025-10-20 19:51:37,829 | INFO  | OMAudit | user=runner | ip=127.0.0.1 | op=CREATE_SNAPSHOT {"volume":"vol-a-65386","bucket":"buc-a-06236","snapshotName":"snapshot-b-0-28253","Transaction":"1181"} | ret=SUCCESS |  
2025-10-20 19:51:37,832 [om1-OMStateMachineApplyTransactionThread - 0] INFO  snapshot.OMSnapshotCreateRequest (OMSnapshotCreateRequest.java:validateAndUpdateCache(228)) - Created snapshot: 'snapshot-b-0-19532' with snapshotId: '108ba47c-99db-442a-aea7-9ee8909bee54' under path 'vol-a-65386/buc-b-16885'
2025-10-20 19:51:37,832 | INFO  | OMAudit | user=runner | ip=127.0.0.1 | op=CREATE_SNAPSHOT {"volume":"vol-a-65386","bucket":"buc-b-16885","snapshotName":"snapshot-b-0-19532","Transaction":"1182"} | ret=SUCCESS |  
2025-10-20 19:51:37,834 [om1-OMStateMachineApplyTransactionThread - 0] INFO  snapshot.OMSnapshotCreateRequest (OMSnapshotCreateRequest.java:validateAndUpdateCache(228)) - Created snapshot: 'snapshot-b-0-05200' with snapshotId: '0fb7881e-8b46-4189-8eef-1fb42beebf94' under path 'vol-b-47597/buc-a-06236'
2025-10-20 19:51:37,834 | INFO  | OMAudit | user=runner | ip=127.0.0.1 | op=CREATE_SNAPSHOT {"volume":"vol-b-47597","bucket":"buc-a-06236","snapshotName":"snapshot-b-0-05200","Transaction":"1183"} | ret=SUCCESS |  
2025-10-20 19:51:37,836 [om1-OMStateMachineApplyTransactionThread - 0] INFO  snapshot.OMSnapshotCreateRequest (OMSnapshotCreateRequest.java:validateAndUpdateCache(228)) - Created snapshot: 'snapshot-b-0-02396' with snapshotId: '484b84de-652c-45b9-8c9b-542ac1249f52' under path 'vol-b-47597/buc-b-16885'
2025-10-20 19:51:37,836 | INFO  | OMAudit | user=runner | ip=127.0.0.1 | op=CREATE_SNAPSHOT {"volume":"vol-b-47597","bucket":"buc-b-16885","snapshotName":"snapshot-b-0-02396","Transaction":"1184"} | ret=SUCCESS |  
2025-10-20 19:51:37,839 [om1-OMStateMachineApplyTransactionThread - 0] INFO  snapshot.OMSnapshotCreateRequest (OMSnapshotCreateRequest.java:validateAndUpdateCache(228)) - Created snapshot: 'snapshot-b-1-26698' with snapshotId: '9cb78bb6-8750-41c4-860a-b362562caa65' under path 'vol-a-65386/buc-a-06236'
2025-10-20 19:51:37,839 | INFO  | OMAudit | user=runner | ip=127.0.0.1 | op=CREATE_SNAPSHOT {"volume":"vol-a-65386","bucket":"buc-a-06236","snapshotName":"snapshot-b-1-26698","Transaction":"1185"} | ret=SUCCESS |  
2025-10-20 19:51:37,842 [om1-OMStateMachineApplyTransactionThread - 0] INFO  snapshot.OMSnapshotCreateRequest (OMSnapshotCreateRequest.java:validateAndUpdateCache(228)) - Created snapshot: 'snapshot-b-1-11432' with snapshotId: 'd35892d7-197a-4268-9837-4b69bb40dea7' under path 'vol-a-65386/buc-b-16885'
2025-10-20 19:51:37,843 | INFO  | OMAudit | user=runner | ip=127.0.0.1 | op=CREATE_SNAPSHOT {"volume":"vol-a-65386","bucket":"buc-b-16885","snapshotName":"snapshot-b-1-11432","Transaction":"1186"} | ret=SUCCESS |  
2025-10-20 19:51:37,845 | INFO  | SCMAudit | user=runner | ip=127.0.0.1 | op=SEND_HEARTBEAT {"datanodeUUID":"d7d8cf72-b9f6-4979-9c53-007dd6e6e48a","term":"2","command":"[]"} | ret=SUCCESS |  
2025-10-20 19:51:37,846 [om1-OMStateMachineApplyTransactionThread - 0] INFO  snapshot.OMSnapshotCreateRequest (OMSnapshotCreateRequest.java:validateAndUpdateCache(228)) - Created snapshot: 'snapshot-b-1-85529' with snapshotId: '77b74280-2d23-4d1c-abc0-f018913e6e2d' under path 'vol-b-47597/buc-a-06236'
2025-10-20 19:51:37,846 | INFO  | OMAudit | user=runner | ip=127.0.0.1 | op=CREATE_SNAPSHOT {"volume":"vol-b-47597","bucket":"buc-a-06236","snapshotName":"snapshot-b-1-85529","Transaction":"1187"} | ret=SUCCESS |  
2025-10-20 19:51:37,849 [om1-OMStateMachineApplyTransactionThread - 0] INFO  snapshot.OMSnapshotCreateRequest (OMSnapshotCreateRequest.java:validateAndUpdateCache(228)) - Created snapshot: 'snapshot-b-1-39868' with snapshotId: '2f34eee7-648c-4d98-97a9-260f0703f1d6' under path 'vol-b-47597/buc-b-16885'
2025-10-20 19:51:37,849 | INFO  | OMAudit | user=runner | ip=127.0.0.1 | op=CREATE_SNAPSHOT {"volume":"vol-b-47597","bucket":"buc-b-16885","snapshotName":"snapshot-b-1-39868","Transaction":"1188"} | ret=SUCCESS |  
2025-10-20 19:51:37,851 [om1-OMStateMachineApplyTransactionThread - 0] INFO  snapshot.OMSnapshotCreateRequest (OMSnapshotCreateRequest.java:validateAndUpdateCache(228)) - Created snapshot: 'snapshot-b-2-83036' with snapshotId: '2a1cbfcb-6886-4a08-82ff-5949625a5a13' under path 'vol-a-65386/buc-a-06236'
2025-10-20 19:51:37,851 | INFO  | OMAudit | user=runner | ip=127.0.0.1 | op=CREATE_SNAPSHOT {"volume":"vol-a-65386","bucket":"buc-a-06236","snapshotName":"snapshot-b-2-83036","Transaction":"1189"} | ret=SUCCESS |  
2025-10-20 19:51:37,853 [om1-OMStateMachineApplyTransactionThread - 0] INFO  snapshot.OMSnapshotCreateRequest (OMSnapshotCreateRequest.java:validateAndUpdateCache(228)) - Created snapshot: 'snapshot-b-2-05529' with snapshotId: '12172ca4-943e-4a8a-964f-af9dd33998e5' under path 'vol-a-65386/buc-b-16885'
2025-10-20 19:51:37,853 | INFO  | OMAudit | user=runner | ip=127.0.0.1 | op=CREATE_SNAPSHOT {"volume":"vol-a-65386","bucket":"buc-b-16885","snapshotName":"snapshot-b-2-05529","Transaction":"1190"} | ret=SUCCESS |  
2025-10-20 19:51:37,856 [om1-OMStateMachineApplyTransactionThread - 0] INFO  snapshot.OMSnapshotCreateRequest (OMSnapshotCreateRequest.java:validateAndUpdateCache(228)) - Created snapshot: 'snapshot-b-2-62667' with snapshotId: 'cfdcc98d-2338-471d-8fc1-aa4fb896af22' under path 'vol-b-47597/buc-a-06236'
2025-10-20 19:51:37,856 | INFO  | OMAudit | user=runner | ip=127.0.0.1 | op=CREATE_SNAPSHOT {"volume":"vol-b-47597","bucket":"buc-a-06236","snapshotName":"snapshot-b-2-62667","Transaction":"1191"} | ret=SUCCESS |  
2025-10-20 19:51:37,858 [om1-OMStateMachineApplyTransactionThread - 0] INFO  snapshot.OMSnapshotCreateRequest (OMSnapshotCreateRequest.java:validateAndUpdateCache(228)) - Created snapshot: 'snapshot-b-2-47157' with snapshotId: '045b939a-3c3e-48d9-9503-4804886ff3e9' under path 'vol-b-47597/buc-b-16885'
2025-10-20 19:51:37,858 | INFO  | OMAudit | user=runner | ip=127.0.0.1 | op=CREATE_SNAPSHOT {"volume":"vol-b-47597","bucket":"buc-b-16885","snapshotName":"snapshot-b-2-47157","Transaction":"1192"} | ret=SUCCESS |  
2025-10-20 19:51:37,860 [om1-OMStateMachineApplyTransactionThread - 0] INFO  snapshot.OMSnapshotCreateRequest (OMSnapshotCreateRequest.java:validateAndUpdateCache(228)) - Created snapshot: 'snapshot-b-3-71718' with snapshotId: 'ea842623-291c-464e-b8d1-a3e1f33979a2' under path 'vol-a-65386/buc-a-06236'
2025-10-20 19:51:37,860 | INFO  | OMAudit | user=runner | ip=127.0.0.1 | op=CREATE_SNAPSHOT {"volume":"vol-a-65386","bucket":"buc-a-06236","snapshotName":"snapshot-b-3-71718","Transaction":"1193"} | ret=SUCCESS |  
2025-10-20 19:51:37,860 [om1-OMDoubleBufferFlushThread] INFO  db.RDBCheckpointManager (RDBCheckpointManager.java:createCheckpoint(87)) - Created checkpoint in rocksDB at /home/runner/work/ozone/ozone/hadoop-ozone/integration-test/target/test-dir/MiniOzoneClusterImpl-6935df51-69ff-4c35-8bd4-ed2b81d70e54/om/data/db.snapshots/checkpointState/om.db-db063c49-b9c6-4ff1-984e-13b794c9a00c in 42 milliseconds
2025-10-20 19:51:37,862 [om1-OMStateMachineApplyTransactionThread - 0] INFO  snapshot.OMSnapshotCreateRequest (OMSnapshotCreateRequest.java:validateAndUpdateCache(228)) - Created snapshot: 'snapshot-b-3-70590' with snapshotId: '0c3d0e7c-133f-4011-9c96-91045a7bdad0' under path 'vol-a-65386/buc-b-16885'
2025-10-20 19:51:37,862 | INFO  | OMAudit | user=runner | ip=127.0.0.1 | op=CREATE_SNAPSHOT {"volume":"vol-a-65386","bucket":"buc-b-16885","snapshotName":"snapshot-b-3-70590","Transaction":"1194"} | ret=SUCCESS |  
2025-10-20 19:51:37,864 [om1-OMStateMachineApplyTransactionThread - 0] INFO  snapshot.OMSnapshotCreateRequest (OMSnapshotCreateRequest.java:validateAndUpdateCache(228)) - Created snapshot: 'snapshot-b-3-89237' with snapshotId: 'd98210aa-7fc2-431b-8503-248d218a5238' under path 'vol-b-47597/buc-a-06236'
2025-10-20 19:51:37,864 | INFO  | OMAudit | user=runner | ip=127.0.0.1 | op=CREATE_SNAPSHOT {"volume":"vol-b-47597","bucket":"buc-a-06236","snapshotName":"snapshot-b-3-89237","Transaction":"1195"} | ret=SUCCESS |  
2025-10-20 19:51:37,866 [om1-OMStateMachineApplyTransactionThread - 0] INFO  snapshot.OMSnapshotCreateRequest (OMSnapshotCreateRequest.java:validateAndUpdateCache(228)) - Created snapshot: 'snapshot-b-3-30892' with snapshotId: '69e08d27-955e-4f0e-826a-ed4c4bf5d302' under path 'vol-b-47597/buc-b-16885'
2025-10-20 19:51:37,866 | INFO  | OMAudit | user=runner | ip=127.0.0.1 | op=CREATE_SNAPSHOT {"volume":"vol-b-47597","bucket":"buc-b-16885","snapshotName":"snapshot-b-3-30892","Transaction":"1196"} | ret=SUCCESS |  
2025-10-20 19:51:37,869 [om1-OMStateMachineApplyTransactionThread - 0] INFO  snapshot.OMSnapshotCreateRequest (OMSnapshotCreateRequest.java:validateAndUpdateCache(228)) - Created snapshot: 'snapshot-b-4-84934' with snapshotId: '1defbad6-84d7-4048-974f-7be1410d0b3e' under path 'vol-a-65386/buc-a-06236'
2025-10-20 19:51:37,869 | INFO  | OMAudit | user=runner | ip=127.0.0.1 | op=CREATE_SNAPSHOT {"volume":"vol-a-65386","bucket":"buc-a-06236","snapshotName":"snapshot-b-4-84934","Transaction":"1197"} | ret=SUCCESS |  
2025-10-20 19:51:37,871 [om1-OMStateMachineApplyTransactionThread - 0] INFO  snapshot.OMSnapshotCreateRequest (OMSnapshotCreateRequest.java:validateAndUpdateCache(228)) - Created snapshot: 'snapshot-b-4-27089' with snapshotId: '034bdb0d-0b98-4fda-8640-ab0cbecfbad7' under path 'vol-a-65386/buc-b-16885'
2025-10-20 19:51:37,871 | INFO  | OMAudit | user=runner | ip=127.0.0.1 | op=CREATE_SNAPSHOT {"volume":"vol-a-65386","bucket":"buc-b-16885","snapshotName":"snapshot-b-4-27089","Transaction":"1198"} | ret=SUCCESS |  
2025-10-20 19:51:37,873 [om1-OMStateMachineApplyTransactionThread - 0] INFO  snapshot.OMSnapshotCreateRequest (OMSnapshotCreateRequest.java:validateAndUpdateCache(228)) - Created snapshot: 'snapshot-b-4-58076' with snapshotId: 'de69bf9c-0a1e-4dae-bf22-0c2e6aa589df' under path 'vol-b-47597/buc-a-06236'
2025-10-20 19:51:37,873 | INFO  | OMAudit | user=runner | ip=127.0.0.1 | op=CREATE_SNAPSHOT {"volume":"vol-b-47597","bucket":"buc-a-06236","snapshotName":"snapshot-b-4-58076","Transaction":"1199"} | ret=SUCCESS |  
2025-10-20 19:51:37,875 [om1-OMStateMachineApplyTransactionThread - 0] INFO  snapshot.OMSnapshotCreateRequest (OMSnapshotCreateRequest.java:validateAndUpdateCache(228)) - Created snapshot: 'snapshot-b-4-32509' with snapshotId: '7407cf92-764a-4dbb-ba1e-5a8545973ec2' under path 'vol-b-47597/buc-b-16885'
2025-10-20 19:51:37,875 | INFO  | OMAudit | user=runner | ip=127.0.0.1 | op=CREATE_SNAPSHOT {"volume":"vol-b-47597","bucket":"buc-b-16885","snapshotName":"snapshot-b-4-32509","Transaction":"1200"} | ret=SUCCESS |  
2025-10-20 19:51:37,877 [om1-OMDoubleBufferFlushThread] INFO  om.OmSnapshotManager (OmSnapshotManager.java:createOmSnapshotCheckpoint(545)) - Created checkpoint: /home/runner/work/ozone/ozone/hadoop-ozone/integration-test/target/test-dir/MiniOzoneClusterImpl-6935df51-69ff-4c35-8bd4-ed2b81d70e54/om/data/db.snapshots/checkpointState/om.db-db063c49-b9c6-4ff1-984e-13b794c9a00c for snapshot /vol-a-65386/buc-b-16885/snapshot-a-0-87738
2025-10-20 19:51:37,879 [om1-OMStateMachineApplyTransactionThread - 0] INFO  snapshot.OMSnapshotCreateRequest (OMSnapshotCreateRequest.java:validateAndUpdateCache(228)) - Created snapshot: 'snapshot-b-5-93446' with snapshotId: 'c68a8c37-390c-4deb-bc90-6523687aa172' under path 'vol-a-65386/buc-a-06236'
2025-10-20 19:51:37,879 | INFO  | OMAudit | user=runner | ip=127.0.0.1 | op=CREATE_SNAPSHOT {"volume":"vol-a-65386","bucket":"buc-a-06236","snapshotName":"snapshot-b-5-93446","Transaction":"1201"} | ret=SUCCESS |  
2025-10-20 19:51:37,883 [om1-OMStateMachineApplyTransactionThread - 0] INFO  snapshot.OMSnapshotCreateRequest (OMSnapshotCreateRequest.java:validateAndUpdateCache(228)) - Created snapshot: 'snapshot-b-5-70066' with snapshotId: '5790cfc0-ae32-4176-9cd5-29ca912fa9d9' under path 'vol-a-65386/buc-b-16885'
2025-10-20 19:51:37,883 | INFO  | OMAudit | user=runner | ip=127.0.0.1 | op=CREATE_SNAPSHOT {"volume":"vol-a-65386","bucket":"buc-b-16885","snapshotName":"snapshot-b-5-70066","Transaction":"1202"} | ret=SUCCESS |  
2025-10-20 19:51:37,886 [om1-OMStateMachineApplyTransactionThread - 0] INFO  snapshot.OMSnapshotCreateRequest (OMSnapshotCreateRequest.java:validateAndUpdateCache(228)) - Created snapshot: 'snapshot-b-5-19593' with snapshotId: '4f572f2b-123d-4c35-9d73-8e929c6cdb9b' under path 'vol-b-47597/buc-a-06236'
2025-10-20 19:51:37,886 | INFO  | OMAudit | user=runner | ip=127.0.0.1 | op=CREATE_SNAPSHOT {"volume":"vol-b-47597","bucket":"buc-a-06236","snapshotName":"snapshot-b-5-19593","Transaction":"1203"} | ret=SUCCESS |  
2025-10-20 19:51:37,888 [om1-OMStateMachineApplyTransactionThread - 0] INFO  snapshot.OMSnapshotCreateRequest (OMSnapshotCreateRequest.java:validateAndUpdateCache(228)) - Created snapshot: 'snapshot-b-5-57967' with snapshotId: '6ab49e4b-9daf-4d11-b6a2-2409b5ccb31b' under path 'vol-b-47597/buc-b-16885'
2025-10-20 19:51:37,888 | INFO  | OMAudit | user=runner | ip=127.0.0.1 | op=CREATE_SNAPSHOT {"volume":"vol-b-47597","bucket":"buc-b-16885","snapshotName":"snapshot-b-5-57967","Transaction":"1204"} | ret=SUCCESS |  
2025-10-20 19:51:37,892 [om1-OMStateMachineApplyTransactionThread - 0] INFO  snapshot.OMSnapshotCreateRequest (OMSnapshotCreateRequest.java:validateAndUpdateCache(228)) - Created snapshot: 'snapshot-b-6-41983' with snapshotId: '597e0906-99d0-463c-a5f3-b4b2b359fd3b' under path 'vol-a-65386/buc-a-06236'
2025-10-20 19:51:37,892 | INFO  | OMAudit | user=runner | ip=127.0.0.1 | op=CREATE_SNAPSHOT {"volume":"vol-a-65386","bucket":"buc-a-06236","snapshotName":"snapshot-b-6-41983","Transaction":"1205"} | ret=SUCCESS |  
2025-10-20 19:51:37,894 [om1-OMStateMachineApplyTransactionThread - 0] INFO  snapshot.OMSnapshotCreateRequest (OMSnapshotCreateRequest.java:validateAndUpdateCache(228)) - Created snapshot: 'snapshot-b-6-65024' with snapshotId: 'e2a82eb8-906a-4e0f-bdbe-7665cdf6da47' under path 'vol-a-65386/buc-b-16885'
2025-10-20 19:51:37,895 | INFO  | OMAudit | user=runner | ip=127.0.0.1 | op=CREATE_SNAPSHOT {"volume":"vol-a-65386","bucket":"buc-b-16885","snapshotName":"snapshot-b-6-65024","Transaction":"1206"} | ret=SUCCESS |  
2025-10-20 19:51:37,897 [om1-OMStateMachineApplyTransactionThread - 0] INFO  snapshot.OMSnapshotCreateRequest (OMSnapshotCreateRequest.java:validateAndUpdateCache(228)) - Created snapshot: 'snapshot-b-6-10522' with snapshotId: 'ff68ecc6-f874-4631-8ab1-a68f4bcbbd4c' under path 'vol-b-47597/buc-a-06236'
2025-10-20 19:51:37,897 | INFO  | OMAudit | user=runner | ip=127.0.0.1 | op=CREATE_SNAPSHOT {"volume":"vol-b-47597","bucket":"buc-a-06236","snapshotName":"snapshot-b-6-10522","Transaction":"1207"} | ret=SUCCESS |  
2025-10-20 19:51:37,899 [om1-OMStateMachineApplyTransactionThread - 0] INFO  snapshot.OMSnapshotCreateRequest (OMSnapshotCreateRequest.java:validateAndUpdateCache(228)) - Created snapshot: 'snapshot-b-6-63251' with snapshotId: '3c46cb8c-1616-44be-ae3d-b25c0a99113c' under path 'vol-b-47597/buc-b-16885'
2025-10-20 19:51:37,899 | INFO  | OMAudit | user=runner | ip=127.0.0.1 | op=CREATE_SNAPSHOT {"volume":"vol-b-47597","bucket":"buc-b-16885","snapshotName":"snapshot-b-6-63251","Transaction":"1208"} | ret=SUCCESS |  
2025-10-20 19:51:37,901 [om1-OMStateMachineApplyTransactionThread - 0] INFO  snapshot.OMSnapshotCreateRequest (OMSnapshotCreateRequest.java:validateAndUpdateCache(228)) - Created snapshot: 'snapshot-b-7-77365' with snapshotId: '0dddb77b-514e-4a3e-b363-75479765b6dc' under path 'vol-a-65386/buc-a-06236'
2025-10-20 19:51:37,901 | INFO  | OMAudit | user=runner | ip=127.0.0.1 | op=CREATE_SNAPSHOT {"volume":"vol-a-65386","bucket":"buc-a-06236","snapshotName":"snapshot-b-7-77365","Transaction":"1209"} | ret=SUCCESS |  
2025-10-20 19:51:37,903 [om1-OMStateMachineApplyTransactionThread - 0] INFO  snapshot.OMSnapshotCreateRequest (OMSnapshotCreateRequest.java:validateAndUpdateCache(228)) - Created snapshot: 'snapshot-b-7-98945' with snapshotId: 'e72b56b4-5b5e-41a3-be45-9cafae72e0e7' under path 'vol-a-65386/buc-b-16885'
2025-10-20 19:51:37,903 | INFO  | OMAudit | user=runner | ip=127.0.0.1 | op=CREATE_SNAPSHOT {"volume":"vol-a-65386","bucket":"buc-b-16885","snapshotName":"snapshot-b-7-98945","Transaction":"1210"} | ret=SUCCESS |  
2025-10-20 19:51:37,906 [om1-OMStateMachineApplyTransactionThread - 0] INFO  snapshot.OMSnapshotCreateRequest (OMSnapshotCreateRequest.java:validateAndUpdateCache(228)) - Created snapshot: 'snapshot-b-7-24255' with snapshotId: '9eeae278-e25c-40e0-a427-67fda8545904' under path 'vol-b-47597/buc-a-06236'
2025-10-20 19:51:37,906 | INFO  | OMAudit | user=runner | ip=127.0.0.1 | op=CREATE_SNAPSHOT {"volume":"vol-b-47597","bucket":"buc-a-06236","snapshotName":"snapshot-b-7-24255","Transaction":"1211"} | ret=SUCCESS |  
2025-10-20 19:51:37,908 [om1-OMStateMachineApplyTransactionThread - 0] INFO  snapshot.OMSnapshotCreateRequest (OMSnapshotCreateRequest.java:validateAndUpdateCache(228)) - Created snapshot: 'snapshot-b-7-02584' with snapshotId: '95f774bf-7a66-4f3c-be9e-c3ff0ebaadf2' under path 'vol-b-47597/buc-b-16885'
2025-10-20 19:51:37,908 | INFO  | OMAudit | user=runner | ip=127.0.0.1 | op=CREATE_SNAPSHOT {"volume":"vol-b-47597","bucket":"buc-b-16885","snapshotName":"snapshot-b-7-02584","Transaction":"1212"} | ret=SUCCESS |  
2025-10-20 19:51:37,910 [om1-OMStateMachineApplyTransactionThread - 0] INFO  snapshot.OMSnapshotCreateRequest (OMSnapshotCreateRequest.java:validateAndUpdateCache(228)) - Created snapshot: 'snapshot-b-8-73978' with snapshotId: 'ed6b9f99-a33a-4730-b222-78dc71433f71' under path 'vol-a-65386/buc-a-06236'
2025-10-20 19:51:37,910 | INFO  | OMAudit | user=runner | ip=127.0.0.1 | op=CREATE_SNAPSHOT {"volume":"vol-a-65386","bucket":"buc-a-06236","snapshotName":"snapshot-b-8-73978","Transaction":"1213"} | ret=SUCCESS |  
2025-10-20 19:51:37,912 [om1-OMStateMachineApplyTransactionThread - 0] INFO  snapshot.OMSnapshotCreateRequest (OMSnapshotCreateRequest.java:validateAndUpdateCache(228)) - Created snapshot: 'snapshot-b-8-07870' with snapshotId: '448155d0-9968-4718-868e-de0f5f302166' under path 'vol-a-65386/buc-b-16885'
2025-10-20 19:51:37,912 | INFO  | OMAudit | user=runner | ip=127.0.0.1 | op=CREATE_SNAPSHOT {"volume":"vol-a-65386","bucket":"buc-b-16885","snapshotName":"snapshot-b-8-07870","Transaction":"1214"} | ret=SUCCESS |  
2025-10-20 19:51:37,914 [om1-OMStateMachineApplyTransactionThread - 0] INFO  snapshot.OMSnapshotCreateRequest (OMSnapshotCreateRequest.java:validateAndUpdateCache(228)) - Created snapshot: 'snapshot-b-8-48028' with snapshotId: 'c8abbed8-78c6-4215-9ed2-b018cf1a25b8' under path 'vol-b-47597/buc-a-06236'
2025-10-20 19:51:37,914 | INFO  | OMAudit | user=runner | ip=127.0.0.1 | op=CREATE_SNAPSHOT {"volume":"vol-b-47597","bucket":"buc-a-06236","snapshotName":"snapshot-b-8-48028","Transaction":"1215"} | ret=SUCCESS |  
2025-10-20 19:51:37,916 [om1-OMStateMachineApplyTransactionThread - 0] INFO  snapshot.OMSnapshotCreateRequest (OMSnapshotCreateRequest.java:validateAndUpdateCache(228)) - Created snapshot: 'snapshot-b-8-59764' with snapshotId: 'fa691dd1-12ae-42a3-8be6-260092135dc6' under path 'vol-b-47597/buc-b-16885'
2025-10-20 19:51:37,916 | INFO  | OMAudit | user=runner | ip=127.0.0.1 | op=CREATE_SNAPSHOT {"volume":"vol-b-47597","bucket":"buc-b-16885","snapshotName":"snapshot-b-8-59764","Transaction":"1216"} | ret=SUCCESS |  
2025-10-20 19:51:37,917 [om1-OMDoubleBufferFlushThread] INFO  db.RDBCheckpointManager (RDBCheckpointManager.java:createCheckpoint(87)) - Created checkpoint in rocksDB at /home/runner/work/ozone/ozone/hadoop-ozone/integration-test/target/test-dir/MiniOzoneClusterImpl-6935df51-69ff-4c35-8bd4-ed2b81d70e54/om/data/db.snapshots/checkpointState/om.db-15287920-f90b-459f-90af-f8c6a69d4069 in 38 milliseconds
2025-10-20 19:51:37,917 [om1-OMStateMachineApplyTransactionThread - 0] INFO  snapshot.OMSnapshotCreateRequest (OMSnapshotCreateRequest.java:validateAndUpdateCache(228)) - Created snapshot: 'snapshot-b-9-10362' with snapshotId: 'f033b9f3-5b8d-4bd0-b084-2d1a1411239f' under path 'vol-a-65386/buc-a-06236'
2025-10-20 19:51:37,917 | INFO  | OMAudit | user=runner | ip=127.0.0.1 | op=CREATE_SNAPSHOT {"volume":"vol-a-65386","bucket":"buc-a-06236","snapshotName":"snapshot-b-9-10362","Transaction":"1217"} | ret=SUCCESS |  
2025-10-20 19:51:37,919 [om1-OMStateMachineApplyTransactionThread - 0] INFO  snapshot.OMSnapshotCreateRequest (OMSnapshotCreateRequest.java:validateAndUpdateCache(228)) - Created snapshot: 'snapshot-b-9-48178' with snapshotId: '9e6d68b3-89b7-41d7-a2ed-3508bdb72e89' under path 'vol-a-65386/buc-b-16885'
2025-10-20 19:51:37,919 | INFO  | OMAudit | user=runner | ip=127.0.0.1 | op=CREATE_SNAPSHOT {"volume":"vol-a-65386","bucket":"buc-b-16885","snapshotName":"snapshot-b-9-48178","Transaction":"1218"} | ret=SUCCESS |  
2025-10-20 19:51:37,921 [om1-OMStateMachineApplyTransactionThread - 0] INFO  snapshot.OMSnapshotCreateRequest (OMSnapshotCreateRequest.java:validateAndUpdateCache(228)) - Created snapshot: 'snapshot-b-9-32013' with snapshotId: '18d9b063-0f8d-4038-bae0-663ce846b145' under path 'vol-b-47597/buc-a-06236'
2025-10-20 19:51:37,921 | INFO  | OMAudit | user=runner | ip=127.0.0.1 | op=CREATE_SNAPSHOT {"volume":"vol-b-47597","bucket":"buc-a-06236","snapshotName":"snapshot-b-9-32013","Transaction":"1219"} | ret=SUCCESS |  
2025-10-20 19:51:37,923 [om1-OMStateMachineApplyTransactionThread - 0] INFO  snapshot.OMSnapshotCreateRequest (OMSnapshotCreateRequest.java:validateAndUpdateCache(228)) - Created snapshot: 'snapshot-b-9-80118' with snapshotId: '2eeb2f6a-3cea-4908-927e-6182cb826dd9' under path 'vol-b-47597/buc-b-16885'
2025-10-20 19:51:37,923 | INFO  | OMAudit | user=runner | ip=127.0.0.1 | op=CREATE_SNAPSHOT {"volume":"vol-b-47597","bucket":"buc-b-16885","snapshotName":"snapshot-b-9-80118","Transaction":"1220"} | ret=SUCCESS |  
2025-10-20 19:51:37,930 | INFO  | OMAudit | user=runner | ip=127.0.0.1 | op=LIST_SNAPSHOT {"volume":"vol-a-65386","bucket":"buc-a-06236"} | ret=SUCCESS |  
2025-10-20 19:51:37,937 [om1-OMDoubleBufferFlushThread] INFO  om.OmSnapshotManager (OmSnapshotManager.java:createOmSnapshotCheckpoint(545)) - Created checkpoint: /home/runner/work/ozone/ozone/hadoop-ozone/integration-test/target/test-dir/MiniOzoneClusterImpl-6935df51-69ff-4c35-8bd4-ed2b81d70e54/om/data/db.snapshots/checkpointState/om.db-15287920-f90b-459f-90af-f8c6a69d4069 for snapshot /vol-b-47597/buc-a-06236/snapshot-a-0-47145
2025-10-20 19:51:37,938 | INFO  | OMAudit | user=runner | ip=127.0.0.1 | op=LIST_SNAPSHOT {"volume":"vol-a-65386","bucket":"buc-b-16885"} | ret=SUCCESS |  
2025-10-20 19:51:37,940 | INFO  | OMAudit | user=runner | ip=127.0.0.1 | op=LIST_SNAPSHOT {"volume":"vol-b-47597","bucket":"buc-a-06236"} | ret=SUCCESS |  
2025-10-20 19:51:37,943 | INFO  | OMAudit | user=runner | ip=127.0.0.1 | op=LIST_SNAPSHOT {"volume":"vol-b-47597","bucket":"buc-b-16885"} | ret=SUCCESS |  
2025-10-20 19:51:37,946 | INFO  | OMAudit | user=runner | ip=127.0.0.1 | op=LIST_SNAPSHOT {"volume":"vol-a-65386","bucket":"buc-a-06236"} | ret=SUCCESS |  
]]></system-out>
  </testcase>
  <testcase name="testListVolume" classname="org.apache.hadoop.ozone.client.rpc.TestSecureOzoneRpcClient" time="0.059">
    <system-out><![CDATA[2025-10-20 19:51:37,948 [ForkJoinPool-1-worker-1] INFO  rpc.RpcClient (RpcClient.java:createVolume(461)) - Creating Volume: vol-list-a-0-05469, with runner as owner and space quota set to -1 bytes, counts quota set to -1
2025-10-20 19:51:37,950 [om1-OMStateMachineApplyTransactionThread - 0] INFO  volume.OMVolumeCreateRequest (OMVolumeCreateRequest.java:validateAndUpdateCache(213)) - created volume:vol-list-a-0-05469 for user:runner
2025-10-20 19:51:37,950 | INFO  | OMAudit | user=runner | ip=127.0.0.1 | op=CREATE_VOLUME {"admin":"runner","owner":"runner","volume":"vol-list-a-0-05469","creationTime":"1760989897949","modificationTime":"1760989897949","quotaInBytes":"-1","quotaInNamespace":"-1","usedNamespace":"0","objectID":"-9223372036854463232","updateID":"1221","Transaction":"1221"} | ret=SUCCESS |  
2025-10-20 19:51:37,951 [ForkJoinPool-1-worker-1] INFO  rpc.RpcClient (RpcClient.java:createVolume(461)) - Creating Volume: vol-list-a-1-03439, with runner as owner and space quota set to -1 bytes, counts quota set to -1
2025-10-20 19:51:37,952 [om1-OMStateMachineApplyTransactionThread - 0] INFO  volume.OMVolumeCreateRequest (OMVolumeCreateRequest.java:validateAndUpdateCache(213)) - created volume:vol-list-a-1-03439 for user:runner
2025-10-20 19:51:37,952 | INFO  | OMAudit | user=runner | ip=127.0.0.1 | op=CREATE_VOLUME {"admin":"runner","owner":"runner","volume":"vol-list-a-1-03439","creationTime":"1760989897951","modificationTime":"1760989897951","quotaInBytes":"-1","quotaInNamespace":"-1","usedNamespace":"0","objectID":"-9223372036854462976","updateID":"1222","Transaction":"1222"} | ret=SUCCESS |  
2025-10-20 19:51:37,953 [ForkJoinPool-1-worker-1] INFO  rpc.RpcClient (RpcClient.java:createVolume(461)) - Creating Volume: vol-list-a-2-16065, with runner as owner and space quota set to -1 bytes, counts quota set to -1
2025-10-20 19:51:37,954 [om1-OMStateMachineApplyTransactionThread - 0] INFO  volume.OMVolumeCreateRequest (OMVolumeCreateRequest.java:validateAndUpdateCache(213)) - created volume:vol-list-a-2-16065 for user:runner
2025-10-20 19:51:37,954 | INFO  | OMAudit | user=runner | ip=127.0.0.1 | op=CREATE_VOLUME {"admin":"runner","owner":"runner","volume":"vol-list-a-2-16065","creationTime":"1760989897953","modificationTime":"1760989897953","quotaInBytes":"-1","quotaInNamespace":"-1","usedNamespace":"0","objectID":"-9223372036854462720","updateID":"1223","Transaction":"1223"} | ret=SUCCESS |  
2025-10-20 19:51:37,955 [ForkJoinPool-1-worker-1] INFO  rpc.RpcClient (RpcClient.java:createVolume(461)) - Creating Volume: vol-list-a-3-71848, with runner as owner and space quota set to -1 bytes, counts quota set to -1
2025-10-20 19:51:37,956 [om1-OMStateMachineApplyTransactionThread - 0] INFO  volume.OMVolumeCreateRequest (OMVolumeCreateRequest.java:validateAndUpdateCache(213)) - created volume:vol-list-a-3-71848 for user:runner
2025-10-20 19:51:37,956 | INFO  | OMAudit | user=runner | ip=127.0.0.1 | op=CREATE_VOLUME {"admin":"runner","owner":"runner","volume":"vol-list-a-3-71848","creationTime":"1760989897955","modificationTime":"1760989897955","quotaInBytes":"-1","quotaInNamespace":"-1","usedNamespace":"0","objectID":"-9223372036854462464","updateID":"1224","Transaction":"1224"} | ret=SUCCESS |  
2025-10-20 19:51:37,956 [ForkJoinPool-1-worker-1] INFO  rpc.RpcClient (RpcClient.java:createVolume(461)) - Creating Volume: vol-list-a-4-19247, with runner as owner and space quota set to -1 bytes, counts quota set to -1
2025-10-20 19:51:37,957 [om1-OMStateMachineApplyTransactionThread - 0] INFO  volume.OMVolumeCreateRequest (OMVolumeCreateRequest.java:validateAndUpdateCache(213)) - created volume:vol-list-a-4-19247 for user:runner
2025-10-20 19:51:37,957 | INFO  | OMAudit | user=runner | ip=127.0.0.1 | op=CREATE_VOLUME {"admin":"runner","owner":"runner","volume":"vol-list-a-4-19247","creationTime":"1760989897957","modificationTime":"1760989897957","quotaInBytes":"-1","quotaInNamespace":"-1","usedNamespace":"0","objectID":"-9223372036854462208","updateID":"1225","Transaction":"1225"} | ret=SUCCESS |  
2025-10-20 19:51:37,958 [ForkJoinPool-1-worker-1] INFO  rpc.RpcClient (RpcClient.java:createVolume(461)) - Creating Volume: vol-list-a-5-60723, with runner as owner and space quota set to -1 bytes, counts quota set to -1
2025-10-20 19:51:37,959 [om1-OMStateMachineApplyTransactionThread - 0] INFO  volume.OMVolumeCreateRequest (OMVolumeCreateRequest.java:validateAndUpdateCache(213)) - created volume:vol-list-a-5-60723 for user:runner
2025-10-20 19:51:37,959 | INFO  | OMAudit | user=runner | ip=127.0.0.1 | op=CREATE_VOLUME {"admin":"runner","owner":"runner","volume":"vol-list-a-5-60723","creationTime":"1760989897958","modificationTime":"1760989897958","quotaInBytes":"-1","quotaInNamespace":"-1","usedNamespace":"0","objectID":"-9223372036854461952","updateID":"1226","Transaction":"1226"} | ret=SUCCESS |  
2025-10-20 19:51:37,959 [ForkJoinPool-1-worker-1] INFO  rpc.RpcClient (RpcClient.java:createVolume(461)) - Creating Volume: vol-list-a-6-80392, with runner as owner and space quota set to -1 bytes, counts quota set to -1
2025-10-20 19:51:37,960 [om1-OMStateMachineApplyTransactionThread - 0] INFO  volume.OMVolumeCreateRequest (OMVolumeCreateRequest.java:validateAndUpdateCache(213)) - created volume:vol-list-a-6-80392 for user:runner
2025-10-20 19:51:37,960 | INFO  | OMAudit | user=runner | ip=127.0.0.1 | op=CREATE_VOLUME {"admin":"runner","owner":"runner","volume":"vol-list-a-6-80392","creationTime":"1760989897960","modificationTime":"1760989897960","quotaInBytes":"-1","quotaInNamespace":"-1","usedNamespace":"0","objectID":"-9223372036854461696","updateID":"1227","Transaction":"1227"} | ret=SUCCESS |  
2025-10-20 19:51:37,961 [ForkJoinPool-1-worker-1] INFO  rpc.RpcClient (RpcClient.java:createVolume(461)) - Creating Volume: vol-list-a-7-17204, with runner as owner and space quota set to -1 bytes, counts quota set to -1
2025-10-20 19:51:37,962 [om1-OMStateMachineApplyTransactionThread - 0] INFO  volume.OMVolumeCreateRequest (OMVolumeCreateRequest.java:validateAndUpdateCache(213)) - created volume:vol-list-a-7-17204 for user:runner
2025-10-20 19:51:37,962 | INFO  | OMAudit | user=runner | ip=127.0.0.1 | op=CREATE_VOLUME {"admin":"runner","owner":"runner","volume":"vol-list-a-7-17204","creationTime":"1760989897961","modificationTime":"1760989897961","quotaInBytes":"-1","quotaInNamespace":"-1","usedNamespace":"0","objectID":"-9223372036854461440","updateID":"1228","Transaction":"1228"} | ret=SUCCESS |  
2025-10-20 19:51:37,962 [ForkJoinPool-1-worker-1] INFO  rpc.RpcClient (RpcClient.java:createVolume(461)) - Creating Volume: vol-list-a-8-77638, with runner as owner and space quota set to -1 bytes, counts quota set to -1
2025-10-20 19:51:37,963 [om1-OMStateMachineApplyTransactionThread - 0] INFO  volume.OMVolumeCreateRequest (OMVolumeCreateRequest.java:validateAndUpdateCache(213)) - created volume:vol-list-a-8-77638 for user:runner
2025-10-20 19:51:37,964 | INFO  | OMAudit | user=runner | ip=127.0.0.1 | op=CREATE_VOLUME {"admin":"runner","owner":"runner","volume":"vol-list-a-8-77638","creationTime":"1760989897963","modificationTime":"1760989897963","quotaInBytes":"-1","quotaInNamespace":"-1","usedNamespace":"0","objectID":"-9223372036854461184","updateID":"1229","Transaction":"1229"} | ret=SUCCESS |  
2025-10-20 19:51:37,964 [ForkJoinPool-1-worker-1] INFO  rpc.RpcClient (RpcClient.java:createVolume(461)) - Creating Volume: vol-list-a-9-15766, with runner as owner and space quota set to -1 bytes, counts quota set to -1
2025-10-20 19:51:37,965 [om1-OMStateMachineApplyTransactionThread - 0] INFO  volume.OMVolumeCreateRequest (OMVolumeCreateRequest.java:validateAndUpdateCache(213)) - created volume:vol-list-a-9-15766 for user:runner
2025-10-20 19:51:37,965 | INFO  | OMAudit | user=runner | ip=127.0.0.1 | op=CREATE_VOLUME {"admin":"runner","owner":"runner","volume":"vol-list-a-9-15766","creationTime":"1760989897965","modificationTime":"1760989897965","quotaInBytes":"-1","quotaInNamespace":"-1","usedNamespace":"0","objectID":"-9223372036854460928","updateID":"1230","Transaction":"1230"} | ret=SUCCESS |  
2025-10-20 19:51:37,966 [om1-OMDoubleBufferFlushThread] INFO  db.RDBCheckpointManager (RDBCheckpointManager.java:createCheckpoint(87)) - Created checkpoint in rocksDB at /home/runner/work/ozone/ozone/hadoop-ozone/integration-test/target/test-dir/MiniOzoneClusterImpl-6935df51-69ff-4c35-8bd4-ed2b81d70e54/om/data/db.snapshots/checkpointState/om.db-b6f40146-6fd0-4554-9606-e74e45e01ffc in 27 milliseconds
2025-10-20 19:51:37,966 [ForkJoinPool-1-worker-1] INFO  rpc.RpcClient (RpcClient.java:createVolume(461)) - Creating Volume: vol-list-b-0-73649, with runner as owner and space quota set to -1 bytes, counts quota set to -1
2025-10-20 19:51:37,967 [om1-OMStateMachineApplyTransactionThread - 0] INFO  volume.OMVolumeCreateRequest (OMVolumeCreateRequest.java:validateAndUpdateCache(213)) - created volume:vol-list-b-0-73649 for user:runner
2025-10-20 19:51:37,967 | INFO  | OMAudit | user=runner | ip=127.0.0.1 | op=CREATE_VOLUME {"admin":"runner","owner":"runner","volume":"vol-list-b-0-73649","creationTime":"1760989897966","modificationTime":"1760989897966","quotaInBytes":"-1","quotaInNamespace":"-1","usedNamespace":"0","objectID":"-9223372036854460672","updateID":"1231","Transaction":"1231"} | ret=SUCCESS |  
2025-10-20 19:51:37,968 [ForkJoinPool-1-worker-1] INFO  rpc.RpcClient (RpcClient.java:createVolume(461)) - Creating Volume: vol-list-b-1-45578, with runner as owner and space quota set to -1 bytes, counts quota set to -1
2025-10-20 19:51:37,969 [om1-OMStateMachineApplyTransactionThread - 0] INFO  volume.OMVolumeCreateRequest (OMVolumeCreateRequest.java:validateAndUpdateCache(213)) - created volume:vol-list-b-1-45578 for user:runner
2025-10-20 19:51:37,969 | INFO  | OMAudit | user=runner | ip=127.0.0.1 | op=CREATE_VOLUME {"admin":"runner","owner":"runner","volume":"vol-list-b-1-45578","creationTime":"1760989897968","modificationTime":"1760989897968","quotaInBytes":"-1","quotaInNamespace":"-1","usedNamespace":"0","objectID":"-9223372036854460416","updateID":"1232","Transaction":"1232"} | ret=SUCCESS |  
2025-10-20 19:51:37,970 [ForkJoinPool-1-worker-1] INFO  rpc.RpcClient (RpcClient.java:createVolume(461)) - Creating Volume: vol-list-b-2-81052, with runner as owner and space quota set to -1 bytes, counts quota set to -1
2025-10-20 19:51:37,971 [om1-OMStateMachineApplyTransactionThread - 0] INFO  volume.OMVolumeCreateRequest (OMVolumeCreateRequest.java:validateAndUpdateCache(213)) - created volume:vol-list-b-2-81052 for user:runner
2025-10-20 19:51:37,971 | INFO  | OMAudit | user=runner | ip=127.0.0.1 | op=CREATE_VOLUME {"admin":"runner","owner":"runner","volume":"vol-list-b-2-81052","creationTime":"1760989897970","modificationTime":"1760989897970","quotaInBytes":"-1","quotaInNamespace":"-1","usedNamespace":"0","objectID":"-9223372036854460160","updateID":"1233","Transaction":"1233"} | ret=SUCCESS |  
2025-10-20 19:51:37,972 [ForkJoinPool-1-worker-1] INFO  rpc.RpcClient (RpcClient.java:createVolume(461)) - Creating Volume: vol-list-b-3-00127, with runner as owner and space quota set to -1 bytes, counts quota set to -1
2025-10-20 19:51:37,974 [om1-OMStateMachineApplyTransactionThread - 0] INFO  volume.OMVolumeCreateRequest (OMVolumeCreateRequest.java:validateAndUpdateCache(213)) - created volume:vol-list-b-3-00127 for user:runner
2025-10-20 19:51:37,974 | INFO  | OMAudit | user=runner | ip=127.0.0.1 | op=CREATE_VOLUME {"admin":"runner","owner":"runner","volume":"vol-list-b-3-00127","creationTime":"1760989897973","modificationTime":"1760989897973","quotaInBytes":"-1","quotaInNamespace":"-1","usedNamespace":"0","objectID":"-9223372036854459904","updateID":"1234","Transaction":"1234"} | ret=SUCCESS |  
2025-10-20 19:51:37,975 [ForkJoinPool-1-worker-1] INFO  rpc.RpcClient (RpcClient.java:createVolume(461)) - Creating Volume: vol-list-b-4-06693, with runner as owner and space quota set to -1 bytes, counts quota set to -1
2025-10-20 19:51:37,978 [om1-OMStateMachineApplyTransactionThread - 0] INFO  volume.OMVolumeCreateRequest (OMVolumeCreateRequest.java:validateAndUpdateCache(213)) - created volume:vol-list-b-4-06693 for user:runner
2025-10-20 19:51:37,978 | INFO  | OMAudit | user=runner | ip=127.0.0.1 | op=CREATE_VOLUME {"admin":"runner","owner":"runner","volume":"vol-list-b-4-06693","creationTime":"1760989897977","modificationTime":"1760989897977","quotaInBytes":"-1","quotaInNamespace":"-1","usedNamespace":"0","objectID":"-9223372036854459648","updateID":"1235","Transaction":"1235"} | ret=SUCCESS |  
2025-10-20 19:51:37,979 [ForkJoinPool-1-worker-1] INFO  rpc.RpcClient (RpcClient.java:createVolume(461)) - Creating Volume: vol-list-b-5-88412, with runner as owner and space quota set to -1 bytes, counts quota set to -1
2025-10-20 19:51:37,981 [om1-OMStateMachineApplyTransactionThread - 0] INFO  volume.OMVolumeCreateRequest (OMVolumeCreateRequest.java:validateAndUpdateCache(213)) - created volume:vol-list-b-5-88412 for user:runner
2025-10-20 19:51:37,981 | INFO  | OMAudit | user=runner | ip=127.0.0.1 | op=CREATE_VOLUME {"admin":"runner","owner":"runner","volume":"vol-list-b-5-88412","creationTime":"1760989897980","modificationTime":"1760989897980","quotaInBytes":"-1","quotaInNamespace":"-1","usedNamespace":"0","objectID":"-9223372036854459392","updateID":"1236","Transaction":"1236"} | ret=SUCCESS |  
2025-10-20 19:51:37,982 [ForkJoinPool-1-worker-1] INFO  rpc.RpcClient (RpcClient.java:createVolume(461)) - Creating Volume: vol-list-b-6-62448, with runner as owner and space quota set to -1 bytes, counts quota set to -1
2025-10-20 19:51:37,985 [om1-OMStateMachineApplyTransactionThread - 0] INFO  volume.OMVolumeCreateRequest (OMVolumeCreateRequest.java:validateAndUpdateCache(213)) - created volume:vol-list-b-6-62448 for user:runner
2025-10-20 19:51:37,985 | INFO  | OMAudit | user=runner | ip=127.0.0.1 | op=CREATE_VOLUME {"admin":"runner","owner":"runner","volume":"vol-list-b-6-62448","creationTime":"1760989897983","modificationTime":"1760989897983","quotaInBytes":"-1","quotaInNamespace":"-1","usedNamespace":"0","objectID":"-9223372036854459136","updateID":"1237","Transaction":"1237"} | ret=SUCCESS |  
2025-10-20 19:51:37,985 [ForkJoinPool-1-worker-1] INFO  rpc.RpcClient (RpcClient.java:createVolume(461)) - Creating Volume: vol-list-b-7-47625, with runner as owner and space quota set to -1 bytes, counts quota set to -1
2025-10-20 19:51:37,987 [om1-OMStateMachineApplyTransactionThread - 0] INFO  volume.OMVolumeCreateRequest (OMVolumeCreateRequest.java:validateAndUpdateCache(213)) - created volume:vol-list-b-7-47625 for user:runner
2025-10-20 19:51:37,987 | INFO  | OMAudit | user=runner | ip=127.0.0.1 | op=CREATE_VOLUME {"admin":"runner","owner":"runner","volume":"vol-list-b-7-47625","creationTime":"1760989897986","modificationTime":"1760989897986","quotaInBytes":"-1","quotaInNamespace":"-1","usedNamespace":"0","objectID":"-9223372036854458880","updateID":"1238","Transaction":"1238"} | ret=SUCCESS |  
2025-10-20 19:51:37,988 [ForkJoinPool-1-worker-1] INFO  rpc.RpcClient (RpcClient.java:createVolume(461)) - Creating Volume: vol-list-b-8-73048, with runner as owner and space quota set to -1 bytes, counts quota set to -1
2025-10-20 19:51:37,990 [om1-OMStateMachineApplyTransactionThread - 0] INFO  volume.OMVolumeCreateRequest (OMVolumeCreateRequest.java:validateAndUpdateCache(213)) - created volume:vol-list-b-8-73048 for user:runner
2025-10-20 19:51:37,990 | INFO  | OMAudit | user=runner | ip=127.0.0.1 | op=CREATE_VOLUME {"admin":"runner","owner":"runner","volume":"vol-list-b-8-73048","creationTime":"1760989897989","modificationTime":"1760989897989","quotaInBytes":"-1","quotaInNamespace":"-1","usedNamespace":"0","objectID":"-9223372036854458624","updateID":"1239","Transaction":"1239"} | ret=SUCCESS |  
2025-10-20 19:51:37,990 [om1-OMDoubleBufferFlushThread] INFO  om.OmSnapshotManager (OmSnapshotManager.java:createOmSnapshotCheckpoint(545)) - Created checkpoint: /home/runner/work/ozone/ozone/hadoop-ozone/integration-test/target/test-dir/MiniOzoneClusterImpl-6935df51-69ff-4c35-8bd4-ed2b81d70e54/om/data/db.snapshots/checkpointState/om.db-b6f40146-6fd0-4554-9606-e74e45e01ffc for snapshot /vol-b-47597/buc-b-16885/snapshot-a-0-88039
2025-10-20 19:51:37,991 [ForkJoinPool-1-worker-1] INFO  rpc.RpcClient (RpcClient.java:createVolume(461)) - Creating Volume: vol-list-b-9-20358, with runner as owner and space quota set to -1 bytes, counts quota set to -1
2025-10-20 19:51:37,993 [om1-OMStateMachineApplyTransactionThread - 0] INFO  volume.OMVolumeCreateRequest (OMVolumeCreateRequest.java:validateAndUpdateCache(213)) - created volume:vol-list-b-9-20358 for user:runner
2025-10-20 19:51:37,993 | INFO  | OMAudit | user=runner | ip=127.0.0.1 | op=CREATE_VOLUME {"admin":"runner","owner":"runner","volume":"vol-list-b-9-20358","creationTime":"1760989897992","modificationTime":"1760989897992","quotaInBytes":"-1","quotaInNamespace":"-1","usedNamespace":"0","objectID":"-9223372036854458368","updateID":"1240","Transaction":"1240"} | ret=SUCCESS |  
2025-10-20 19:51:37,998 | INFO  | OMAudit | user=runner | ip=127.0.0.1 | op=LIST_VOLUMES {"prevKey":"","prefix":"vol-list-","maxKeys":"1000","username":null} | ret=SUCCESS |  
2025-10-20 19:51:38,000 | INFO  | OMAudit | user=runner | ip=127.0.0.1 | op=LIST_VOLUMES {"prevKey":"vol-list-b-9-20358","prefix":"vol-list-","maxKeys":"1000","username":null} | ret=SUCCESS |  
2025-10-20 19:51:38,001 | INFO  | OMAudit | user=runner | ip=127.0.0.1 | op=LIST_VOLUMES {"prevKey":"","prefix":"vol-list-a-","maxKeys":"1000","username":null} | ret=SUCCESS |  
2025-10-20 19:51:38,002 | INFO  | OMAudit | user=runner | ip=127.0.0.1 | op=LIST_VOLUMES {"prevKey":"vol-list-a-9-15766","prefix":"vol-list-a-","maxKeys":"1000","username":null} | ret=SUCCESS |  
2025-10-20 19:51:38,003 | INFO  | OMAudit | user=runner | ip=127.0.0.1 | op=LIST_VOLUMES {"prevKey":"","prefix":"vol-list-b-","maxKeys":"1000","username":null} | ret=SUCCESS |  
2025-10-20 19:51:38,004 | INFO  | OMAudit | user=runner | ip=127.0.0.1 | op=LIST_VOLUMES {"prevKey":"vol-list-b-9-20358","prefix":"vol-list-b-","maxKeys":"1000","username":null} | ret=SUCCESS |  
2025-10-20 19:51:38,004 | INFO  | OMAudit | user=runner | ip=127.0.0.1 | op=LIST_VOLUMES {"prevKey":"","prefix":"vol-list-a-1-","maxKeys":"1000","username":null} | ret=SUCCESS |  
2025-10-20 19:51:38,005 | INFO  | OMAudit | user=runner | ip=127.0.0.1 | op=LIST_VOLUMES {"prevKey":"vol-list-a-1-03439","prefix":"vol-list-a-1-","maxKeys":"1000","username":null} | ret=SUCCESS |  
]]></system-out>
  </testcase>
  <testcase name="testMissingParentBucketUsedNamespace(BucketLayout)[1]" classname="org.apache.hadoop.ozone.client.rpc.TestSecureOzoneRpcClient" time="0.02">
    <system-out><![CDATA[2025-10-20 19:51:38,009 [ForkJoinPool-1-worker-1] INFO  rpc.RpcClient (RpcClient.java:createVolume(461)) - Creating Volume: 859730c5-0ee7-444e-b66e-28ac7d5e6837, with runner as owner and space quota set to -1 bytes, counts quota set to -1
2025-10-20 19:51:38,011 [om1-OMStateMachineApplyTransactionThread - 0] INFO  volume.OMVolumeCreateRequest (OMVolumeCreateRequest.java:validateAndUpdateCache(213)) - created volume:859730c5-0ee7-444e-b66e-28ac7d5e6837 for user:runner
2025-10-20 19:51:38,011 | INFO  | OMAudit | user=runner | ip=127.0.0.1 | op=CREATE_VOLUME {"admin":"runner","owner":"runner","volume":"859730c5-0ee7-444e-b66e-28ac7d5e6837","creationTime":"1760989898010","modificationTime":"1760989898010","quotaInBytes":"-1","quotaInNamespace":"-1","usedNamespace":"0","objectID":"-9223372036854458112","updateID":"1241","Transaction":"1241"} | ret=SUCCESS |  
2025-10-20 19:51:38,012 | INFO  | OMAudit | user=runner | ip=127.0.0.1 | op=READ_VOLUME {"volume":"859730c5-0ee7-444e-b66e-28ac7d5e6837"} | ret=SUCCESS |  
2025-10-20 19:51:38,012 [ForkJoinPool-1-worker-1] INFO  rpc.RpcClient (RpcClient.java:createBucket(686)) - Creating Bucket: 859730c5-0ee7-444e-b66e-28ac7d5e6837/47aaf50d-ef44-4fe7-9692-f407a5a6251f, with bucket layout OBJECT_STORE, runner as owner, Versioning false, Storage Type set to DISK and Encryption set to false, Replication Type set to server-side default replication type, Namespace Quota set to -1, Space Quota set to -1 
2025-10-20 19:51:38,014 [om1-OMStateMachineApplyTransactionThread - 0] INFO  bucket.OMBucketCreateRequest (OMBucketCreateRequest.java:validateAndUpdateCache(303)) - created bucket: 47aaf50d-ef44-4fe7-9692-f407a5a6251f of layout OBJECT_STORE in volume: 859730c5-0ee7-444e-b66e-28ac7d5e6837
2025-10-20 19:51:38,014 | INFO  | OMAudit | user=runner | ip=127.0.0.1 | op=CREATE_BUCKET {"volume":"859730c5-0ee7-444e-b66e-28ac7d5e6837","bucket":"47aaf50d-ef44-4fe7-9692-f407a5a6251f","bucketLayout":"OBJECT_STORE","gdprEnabled":null,"acls":"[user:runner:a[ACCESS], group:runner:rl[ACCESS]]","isVersionEnabled":"false","storageType":"DISK","creationTime":"1760989898013","bucketEncryptionKey":null,"modificationTime":"1760989898013","usedBytes":"0","usedNamespace":"0","snapshotUsedBytes":"0","snapshotUsedNamespace":"0","owner":"runner","replicationType":null,"replicationConfig":null,"quotaInBytes":"-1","quotaInNamespace":"-1","Transaction":"1242"} | ret=SUCCESS |  
2025-10-20 19:51:38,015 | INFO  | OMAudit | user=runner | ip=127.0.0.1 | op=READ_BUCKET {"volume":"859730c5-0ee7-444e-b66e-28ac7d5e6837","bucket":"47aaf50d-ef44-4fe7-9692-f407a5a6251f"} | ret=SUCCESS |  
2025-10-20 19:51:38,016 | INFO  | OMAudit | user=runner | ip=127.0.0.1 | op=READ_BUCKET {"volume":"859730c5-0ee7-444e-b66e-28ac7d5e6837","bucket":"47aaf50d-ef44-4fe7-9692-f407a5a6251f"} | ret=SUCCESS |  
2025-10-20 19:51:38,016 | INFO  | SCMAudit | user=runner | ip=127.0.0.1 | op=ALLOCATE_BLOCK {"replication":"RATIS/ONE","owner":"omServiceIdDefault","size":"4194304","sampleBlocks":"[conID: 6 locID: 115816896921600328]","num":"1","client":"","allocated":"1"} | ret=SUCCESS |  
2025-10-20 19:51:38,018 | INFO  | OMAudit | user=runner | ip=127.0.0.1 | op=ALLOCATE_KEY {"volume":"859730c5-0ee7-444e-b66e-28ac7d5e6837","bucket":"47aaf50d-ef44-4fe7-9692-f407a5a6251f","key":"dir1/dir2/dir3/file1","dataSize":"12","replicationType":"RATIS","replicationFactor":"ONE","Transaction":"1243"} | ret=SUCCESS |  
2025-10-20 19:51:38,022 [om1-OMDoubleBufferFlushThread] INFO  db.RDBCheckpointManager (RDBCheckpointManager.java:createCheckpoint(87)) - Created checkpoint in rocksDB at /home/runner/work/ozone/ozone/hadoop-ozone/integration-test/target/test-dir/MiniOzoneClusterImpl-6935df51-69ff-4c35-8bd4-ed2b81d70e54/om/data/db.snapshots/checkpointState/om.db-61fe6dd5-ada0-45e4-b0a8-ec729e7bac72 in 28 milliseconds
2025-10-20 19:51:38,026 | INFO  | OMAudit | user=runner | ip=127.0.0.1 | op=COMMIT_KEY {"volume":"859730c5-0ee7-444e-b66e-28ac7d5e6837","bucket":"47aaf50d-ef44-4fe7-9692-f407a5a6251f","key":"dir1/dir2/dir3/file1","dataSize":"12","replicationType":"RATIS","replicationFactor":"ONE","Transaction":"1244"} | ret=SUCCESS |  
2025-10-20 19:51:38,027 | INFO  | OMAudit | user=runner | ip=127.0.0.1 | op=READ_VOLUME {"volume":"859730c5-0ee7-444e-b66e-28ac7d5e6837"} | ret=SUCCESS |  
2025-10-20 19:51:38,027 | INFO  | OMAudit | user=runner | ip=127.0.0.1 | op=READ_BUCKET {"volume":"859730c5-0ee7-444e-b66e-28ac7d5e6837","bucket":"47aaf50d-ef44-4fe7-9692-f407a5a6251f"} | ret=SUCCESS |  
]]></system-out>
  </testcase>
  <testcase name="testMissingParentBucketUsedNamespace(BucketLayout)[2]" classname="org.apache.hadoop.ozone.client.rpc.TestSecureOzoneRpcClient" time="0.022">
    <system-out><![CDATA[2025-10-20 19:51:38,030 [ForkJoinPool-1-worker-1] INFO  rpc.RpcClient (RpcClient.java:createVolume(461)) - Creating Volume: 8e035b3c-5b4e-405b-b68d-c7713277dcfa, with runner as owner and space quota set to -1 bytes, counts quota set to -1
2025-10-20 19:51:38,032 [om1-OMStateMachineApplyTransactionThread - 0] INFO  volume.OMVolumeCreateRequest (OMVolumeCreateRequest.java:validateAndUpdateCache(213)) - created volume:8e035b3c-5b4e-405b-b68d-c7713277dcfa for user:runner
2025-10-20 19:51:38,032 | INFO  | OMAudit | user=runner | ip=127.0.0.1 | op=CREATE_VOLUME {"admin":"runner","owner":"runner","volume":"8e035b3c-5b4e-405b-b68d-c7713277dcfa","creationTime":"1760989898031","modificationTime":"1760989898031","quotaInBytes":"-1","quotaInNamespace":"-1","usedNamespace":"0","objectID":"-9223372036854457088","updateID":"1245","Transaction":"1245"} | ret=SUCCESS |  
2025-10-20 19:51:38,033 | INFO  | OMAudit | user=runner | ip=127.0.0.1 | op=READ_VOLUME {"volume":"8e035b3c-5b4e-405b-b68d-c7713277dcfa"} | ret=SUCCESS |  
2025-10-20 19:51:38,033 [ForkJoinPool-1-worker-1] INFO  rpc.RpcClient (RpcClient.java:createBucket(686)) - Creating Bucket: 8e035b3c-5b4e-405b-b68d-c7713277dcfa/0d7af0c2-7078-450d-9728-e9964fb7bfe2, with bucket layout LEGACY, runner as owner, Versioning false, Storage Type set to DISK and Encryption set to false, Replication Type set to server-side default replication type, Namespace Quota set to -1, Space Quota set to -1 
2025-10-20 19:51:38,035 [om1-OMStateMachineApplyTransactionThread - 0] INFO  bucket.OMBucketCreateRequest (OMBucketCreateRequest.java:validateAndUpdateCache(303)) - created bucket: 0d7af0c2-7078-450d-9728-e9964fb7bfe2 of layout LEGACY in volume: 8e035b3c-5b4e-405b-b68d-c7713277dcfa
2025-10-20 19:51:38,035 | INFO  | OMAudit | user=runner | ip=127.0.0.1 | op=CREATE_BUCKET {"volume":"8e035b3c-5b4e-405b-b68d-c7713277dcfa","bucket":"0d7af0c2-7078-450d-9728-e9964fb7bfe2","bucketLayout":"LEGACY","gdprEnabled":null,"acls":"[user:runner:a[ACCESS], group:runner:rl[ACCESS]]","isVersionEnabled":"false","storageType":"DISK","creationTime":"1760989898034","bucketEncryptionKey":null,"modificationTime":"1760989898034","usedBytes":"0","usedNamespace":"0","snapshotUsedBytes":"0","snapshotUsedNamespace":"0","owner":"runner","replicationType":null,"replicationConfig":null,"quotaInBytes":"-1","quotaInNamespace":"-1","Transaction":"1246"} | ret=SUCCESS |  
2025-10-20 19:51:38,036 | INFO  | OMAudit | user=runner | ip=127.0.0.1 | op=READ_BUCKET {"volume":"8e035b3c-5b4e-405b-b68d-c7713277dcfa","bucket":"0d7af0c2-7078-450d-9728-e9964fb7bfe2"} | ret=SUCCESS |  
2025-10-20 19:51:38,037 | INFO  | OMAudit | user=runner | ip=127.0.0.1 | op=READ_BUCKET {"volume":"8e035b3c-5b4e-405b-b68d-c7713277dcfa","bucket":"0d7af0c2-7078-450d-9728-e9964fb7bfe2"} | ret=SUCCESS |  
2025-10-20 19:51:38,037 | INFO  | SCMAudit | user=runner | ip=127.0.0.1 | op=ALLOCATE_BLOCK {"replication":"RATIS/ONE","owner":"omServiceIdDefault","size":"4194304","sampleBlocks":"[conID: 12 locID: 115816896921600329]","num":"1","client":"","allocated":"1"} | ret=SUCCESS |  
2025-10-20 19:51:38,040 | INFO  | OMAudit | user=runner | ip=127.0.0.1 | op=ALLOCATE_KEY {"volume":"8e035b3c-5b4e-405b-b68d-c7713277dcfa","bucket":"0d7af0c2-7078-450d-9728-e9964fb7bfe2","key":"dir1/dir2/dir3/file1","dataSize":"12","replicationType":"RATIS","replicationFactor":"ONE","Transaction":"1247"} | ret=SUCCESS |  
2025-10-20 19:51:38,042 [om1-OMDoubleBufferFlushThread] INFO  om.OmSnapshotManager (OmSnapshotManager.java:createOmSnapshotCheckpoint(545)) - Created checkpoint: /home/runner/work/ozone/ozone/hadoop-ozone/integration-test/target/test-dir/MiniOzoneClusterImpl-6935df51-69ff-4c35-8bd4-ed2b81d70e54/om/data/db.snapshots/checkpointState/om.db-61fe6dd5-ada0-45e4-b0a8-ec729e7bac72 for snapshot /vol-a-65386/buc-a-06236/snapshot-a-1-45474
2025-10-20 19:51:38,047 | INFO  | OMAudit | user=runner | ip=127.0.0.1 | op=COMMIT_KEY {"volume":"8e035b3c-5b4e-405b-b68d-c7713277dcfa","bucket":"0d7af0c2-7078-450d-9728-e9964fb7bfe2","key":"dir1/dir2/dir3/file1","dataSize":"12","replicationType":"RATIS","replicationFactor":"ONE","Transaction":"1248"} | ret=SUCCESS |  
2025-10-20 19:51:38,049 | INFO  | OMAudit | user=runner | ip=127.0.0.1 | op=READ_VOLUME {"volume":"8e035b3c-5b4e-405b-b68d-c7713277dcfa"} | ret=SUCCESS |  
2025-10-20 19:51:38,050 | INFO  | OMAudit | user=runner | ip=127.0.0.1 | op=READ_BUCKET {"volume":"8e035b3c-5b4e-405b-b68d-c7713277dcfa","bucket":"0d7af0c2-7078-450d-9728-e9964fb7bfe2"} | ret=SUCCESS |  
]]></system-out>
  </testcase>
  <testcase name="testMissingParentBucketUsedNamespace(BucketLayout)[3]" classname="org.apache.hadoop.ozone.client.rpc.TestSecureOzoneRpcClient" time="0.022">
    <system-out><![CDATA[2025-10-20 19:51:38,053 [ForkJoinPool-1-worker-1] INFO  rpc.RpcClient (RpcClient.java:createVolume(461)) - Creating Volume: c55c4827-f408-4550-88d1-7220fea724b3, with runner as owner and space quota set to -1 bytes, counts quota set to -1
2025-10-20 19:51:38,055 [om1-OMStateMachineApplyTransactionThread - 0] INFO  volume.OMVolumeCreateRequest (OMVolumeCreateRequest.java:validateAndUpdateCache(213)) - created volume:c55c4827-f408-4550-88d1-7220fea724b3 for user:runner
2025-10-20 19:51:38,055 | INFO  | OMAudit | user=runner | ip=127.0.0.1 | op=CREATE_VOLUME {"admin":"runner","owner":"runner","volume":"c55c4827-f408-4550-88d1-7220fea724b3","creationTime":"1760989898053","modificationTime":"1760989898053","quotaInBytes":"-1","quotaInNamespace":"-1","usedNamespace":"0","objectID":"-9223372036854456064","updateID":"1249","Transaction":"1249"} | ret=SUCCESS |  
2025-10-20 19:51:38,056 | INFO  | OMAudit | user=runner | ip=127.0.0.1 | op=READ_VOLUME {"volume":"c55c4827-f408-4550-88d1-7220fea724b3"} | ret=SUCCESS |  
2025-10-20 19:51:38,057 [ForkJoinPool-1-worker-1] INFO  rpc.RpcClient (RpcClient.java:createBucket(686)) - Creating Bucket: c55c4827-f408-4550-88d1-7220fea724b3/6eb54c30-63ad-4fc0-9687-12af5db9469d, with bucket layout FILE_SYSTEM_OPTIMIZED, runner as owner, Versioning false, Storage Type set to DISK and Encryption set to false, Replication Type set to server-side default replication type, Namespace Quota set to -1, Space Quota set to -1 
2025-10-20 19:51:38,059 [om1-OMStateMachineApplyTransactionThread - 0] INFO  bucket.OMBucketCreateRequest (OMBucketCreateRequest.java:validateAndUpdateCache(303)) - created bucket: 6eb54c30-63ad-4fc0-9687-12af5db9469d of layout FILE_SYSTEM_OPTIMIZED in volume: c55c4827-f408-4550-88d1-7220fea724b3
2025-10-20 19:51:38,059 | INFO  | OMAudit | user=runner | ip=127.0.0.1 | op=CREATE_BUCKET {"volume":"c55c4827-f408-4550-88d1-7220fea724b3","bucket":"6eb54c30-63ad-4fc0-9687-12af5db9469d","bucketLayout":"FILE_SYSTEM_OPTIMIZED","gdprEnabled":null,"acls":"[user:runner:a[ACCESS], group:runner:rl[ACCESS]]","isVersionEnabled":"false","storageType":"DISK","creationTime":"1760989898058","bucketEncryptionKey":null,"modificationTime":"1760989898058","usedBytes":"0","usedNamespace":"0","snapshotUsedBytes":"0","snapshotUsedNamespace":"0","owner":"runner","replicationType":null,"replicationConfig":null,"quotaInBytes":"-1","quotaInNamespace":"-1","Transaction":"1250"} | ret=SUCCESS |  
2025-10-20 19:51:38,060 | INFO  | OMAudit | user=runner | ip=127.0.0.1 | op=READ_BUCKET {"volume":"c55c4827-f408-4550-88d1-7220fea724b3","bucket":"6eb54c30-63ad-4fc0-9687-12af5db9469d"} | ret=SUCCESS |  
2025-10-20 19:51:38,061 | INFO  | OMAudit | user=runner | ip=127.0.0.1 | op=READ_BUCKET {"volume":"c55c4827-f408-4550-88d1-7220fea724b3","bucket":"6eb54c30-63ad-4fc0-9687-12af5db9469d"} | ret=SUCCESS |  
2025-10-20 19:51:38,062 | INFO  | SCMAudit | user=runner | ip=127.0.0.1 | op=ALLOCATE_BLOCK {"replication":"RATIS/ONE","owner":"omServiceIdDefault","size":"4194304","sampleBlocks":"[conID: 27 locID: 115816896921600330]","num":"1","client":"","allocated":"1"} | ret=SUCCESS |  
2025-10-20 19:51:38,064 | INFO  | OMAudit | user=runner | ip=127.0.0.1 | op=ALLOCATE_KEY {"volume":"c55c4827-f408-4550-88d1-7220fea724b3","bucket":"6eb54c30-63ad-4fc0-9687-12af5db9469d","key":"dir1/dir2/dir3/file1","dataSize":"12","replicationType":"RATIS","replicationFactor":"ONE","Transaction":"1251"} | ret=SUCCESS |  
2025-10-20 19:51:38,071 | INFO  | OMAudit | user=runner | ip=127.0.0.1 | op=COMMIT_KEY {"volume":"c55c4827-f408-4550-88d1-7220fea724b3","bucket":"6eb54c30-63ad-4fc0-9687-12af5db9469d","key":"dir1/dir2/dir3/file1","dataSize":"12","replicationType":"RATIS","replicationFactor":"ONE","Transaction":"1252"} | ret=SUCCESS |  
2025-10-20 19:51:38,072 | INFO  | OMAudit | user=runner | ip=127.0.0.1 | op=READ_VOLUME {"volume":"c55c4827-f408-4550-88d1-7220fea724b3"} | ret=SUCCESS |  
2025-10-20 19:51:38,073 | INFO  | OMAudit | user=runner | ip=127.0.0.1 | op=READ_BUCKET {"volume":"c55c4827-f408-4550-88d1-7220fea724b3","bucket":"6eb54c30-63ad-4fc0-9687-12af5db9469d"} | ret=SUCCESS |  
]]></system-out>
  </testcase>
  <testcase name="testMultiPartUploadWithStream(ReplicationConfig)[1]" classname="org.apache.hadoop.ozone.client.rpc.TestSecureOzoneRpcClient" time="0.159">
    <system-out><![CDATA[2025-10-20 19:51:38,076 [ForkJoinPool-1-worker-1] INFO  rpc.RpcClient (RpcClient.java:createVolume(461)) - Creating Volume: 1c2f307b-eb67-4707-a7a6-f1fbba607c78, with runner as owner and space quota set to -1 bytes, counts quota set to -1
2025-10-20 19:51:38,078 [om1-OMStateMachineApplyTransactionThread - 0] INFO  volume.OMVolumeCreateRequest (OMVolumeCreateRequest.java:validateAndUpdateCache(213)) - created volume:1c2f307b-eb67-4707-a7a6-f1fbba607c78 for user:runner
2025-10-20 19:51:38,078 | INFO  | OMAudit | user=runner | ip=127.0.0.1 | op=CREATE_VOLUME {"admin":"runner","owner":"runner","volume":"1c2f307b-eb67-4707-a7a6-f1fbba607c78","creationTime":"1760989898077","modificationTime":"1760989898077","quotaInBytes":"-1","quotaInNamespace":"-1","usedNamespace":"0","objectID":"-9223372036854455040","updateID":"1253","Transaction":"1253"} | ret=SUCCESS |  
2025-10-20 19:51:38,078 [om1-OMDoubleBufferFlushThread] INFO  db.RDBCheckpointManager (RDBCheckpointManager.java:createCheckpoint(87)) - Created checkpoint in rocksDB at /home/runner/work/ozone/ozone/hadoop-ozone/integration-test/target/test-dir/MiniOzoneClusterImpl-6935df51-69ff-4c35-8bd4-ed2b81d70e54/om/data/db.snapshots/checkpointState/om.db-5e0fa939-dae7-4182-be2c-5d0d7e0eaaca in 34 milliseconds
2025-10-20 19:51:38,079 | INFO  | OMAudit | user=runner | ip=127.0.0.1 | op=READ_VOLUME {"volume":"1c2f307b-eb67-4707-a7a6-f1fbba607c78"} | ret=SUCCESS |  
2025-10-20 19:51:38,079 [ForkJoinPool-1-worker-1] INFO  rpc.RpcClient (RpcClient.java:createBucket(686)) - Creating Bucket: 1c2f307b-eb67-4707-a7a6-f1fbba607c78/ratis-bucket, with server-side default bucket layout, runner as owner, Versioning false, Storage Type set to DISK and Encryption set to false, Replication Type set to server-side default replication type, Namespace Quota set to -1, Space Quota set to -1 
2025-10-20 19:51:38,080 [om1-OMStateMachineApplyTransactionThread - 0] INFO  bucket.OMBucketCreateRequest (OMBucketCreateRequest.java:validateAndUpdateCache(303)) - created bucket: ratis-bucket of layout FILE_SYSTEM_OPTIMIZED in volume: 1c2f307b-eb67-4707-a7a6-f1fbba607c78
2025-10-20 19:51:38,080 | INFO  | OMAudit | user=runner | ip=127.0.0.1 | op=CREATE_BUCKET {"volume":"1c2f307b-eb67-4707-a7a6-f1fbba607c78","bucket":"ratis-bucket","bucketLayout":"FILE_SYSTEM_OPTIMIZED","gdprEnabled":null,"acls":"[user:runner:a[ACCESS], group:runner:rl[ACCESS]]","isVersionEnabled":"false","storageType":"DISK","creationTime":"1760989898080","bucketEncryptionKey":null,"modificationTime":"1760989898080","usedBytes":"0","usedNamespace":"0","snapshotUsedBytes":"0","snapshotUsedNamespace":"0","owner":"runner","replicationType":null,"replicationConfig":null,"quotaInBytes":"-1","quotaInNamespace":"-1","Transaction":"1254"} | ret=SUCCESS |  
2025-10-20 19:51:38,081 | INFO  | OMAudit | user=runner | ip=127.0.0.1 | op=READ_BUCKET {"volume":"1c2f307b-eb67-4707-a7a6-f1fbba607c78","bucket":"ratis-bucket"} | ret=SUCCESS |  
2025-10-20 19:51:38,083 | INFO  | OMAudit | user=runner | ip=127.0.0.1 | op=INITIATE_MULTIPART_UPLOAD {"volume":"1c2f307b-eb67-4707-a7a6-f1fbba607c78","bucket":"ratis-bucket","key":"ONE","dataSize":"0","replicationType":"RATIS","replicationFactor":"ONE","uploadID":"019a032d-6562-7c0d-8f18-9acb409a6d10-115408233960702251","Transaction":"1255"} | ret=SUCCESS |  
2025-10-20 19:51:38,087 | INFO  | OMAudit | user=runner | ip=127.0.0.1 | op=ALLOCATE_KEY {"volume":"1c2f307b-eb67-4707-a7a6-f1fbba607c78","bucket":"ratis-bucket","key":"ONE","dataSize":"8192","Transaction":"1256"} | ret=SUCCESS |  
2025-10-20 19:51:38,094 | INFO  | SCMAudit | user=runner | ip=127.0.0.1 | op=ALLOCATE_BLOCK {"replication":"RATIS/ONE","owner":"omServiceIdDefault","size":"4194304","sampleBlocks":"[conID: 9 locID: 115816896921600331]","num":"1","client":"127.0.0.1","allocated":"1"} | ret=SUCCESS |  
2025-10-20 19:51:38,097 | INFO  | OMAudit | user=runner | ip=127.0.0.1 | op=ALLOCATE_BLOCK {"volume":"1c2f307b-eb67-4707-a7a6-f1fbba607c78","bucket":"ratis-bucket","key":"ONE","dataSize":"8192","replicationType":"RATIS","replicationFactor":"ONE","clientID":"115408233960964396","Transaction":"1257"} | ret=SUCCESS |  
2025-10-20 19:51:38,103 [om1-OMDoubleBufferFlushThread] INFO  om.OmSnapshotManager (OmSnapshotManager.java:createOmSnapshotCheckpoint(545)) - Created checkpoint: /home/runner/work/ozone/ozone/hadoop-ozone/integration-test/target/test-dir/MiniOzoneClusterImpl-6935df51-69ff-4c35-8bd4-ed2b81d70e54/om/data/db.snapshots/checkpointState/om.db-5e0fa939-dae7-4182-be2c-5d0d7e0eaaca for snapshot /vol-a-65386/buc-b-16885/snapshot-a-1-41508
2025-10-20 19:51:38,111 [ForkJoinPool-1-worker-1] INFO  netty.NettyConfigKeys$DataStream (ConfUtils.java:logGet(62)) - raft.netty.dataStream.client.worker-group.share = true (default)
2025-10-20 19:51:38,112 [ForkJoinPool-1-worker-1] INFO  netty.NettyConfigKeys$DataStream (ConfUtils.java:logGet(62)) - raft.netty.dataStream.client.worker-group.size = 8 (default)
2025-10-20 19:51:38,112 [ForkJoinPool-1-worker-1] INFO  netty.NettyConfigKeys$DataStream (ConfUtils.java:logGet(62)) - raft.netty.dataStream.client.use-epoll = true (default)
2025-10-20 19:51:38,112 [ForkJoinPool-1-worker-1] INFO  netty.NettyUtils (NettyUtils.java:newEventLoopGroup(74)) - Create EpollEventLoopGroup for NettyClientStreamRpc-workerGroup; Thread size is 8.
2025-10-20 19:51:38,117 [ForkJoinPool-1-worker-1] INFO  impl.DataStreamClientImpl (ConfUtils.java:logGet(62)) - raft.datastream.skip.send-forward = false (default)
2025-10-20 19:51:38,137 [om1-OMDoubleBufferFlushThread] INFO  db.RDBCheckpointManager (RDBCheckpointManager.java:createCheckpoint(87)) - Created checkpoint in rocksDB at /home/runner/work/ozone/ozone/hadoop-ozone/integration-test/target/test-dir/MiniOzoneClusterImpl-6935df51-69ff-4c35-8bd4-ed2b81d70e54/om/data/db.snapshots/checkpointState/om.db-ed1f9e6e-1af8-4137-8293-d2e4045d7813 in 33 milliseconds
2025-10-20 19:51:38,152 [e05592a5-d00f-4fc1-9e39-a968c1ecb04e-NettyServerStreamRpc-bossGroup--thread1] INFO  logging.LoggingHandler (AbstractInternalLogger.java:log(148)) - [id: 0x7eacb082, L:/0.0.0.0:15016] READ: [id: 0xe1a8d74e, L:/127.0.0.1:15016 - R:/127.0.0.1:38376]
2025-10-20 19:51:38,153 [e05592a5-d00f-4fc1-9e39-a968c1ecb04e-NettyServerStreamRpc-bossGroup--thread1] INFO  logging.LoggingHandler (AbstractInternalLogger.java:log(148)) - [id: 0x7eacb082, L:/0.0.0.0:15016] READ COMPLETE
2025-10-20 19:51:38,161 [om1-OMDoubleBufferFlushThread] INFO  om.OmSnapshotManager (OmSnapshotManager.java:createOmSnapshotCheckpoint(545)) - Created checkpoint: /home/runner/work/ozone/ozone/hadoop-ozone/integration-test/target/test-dir/MiniOzoneClusterImpl-6935df51-69ff-4c35-8bd4-ed2b81d70e54/om/data/db.snapshots/checkpointState/om.db-ed1f9e6e-1af8-4137-8293-d2e4045d7813 for snapshot /vol-b-47597/buc-a-06236/snapshot-a-1-30612
2025-10-20 19:51:38,175 | INFO  | SCMAudit | user=runner | ip=127.0.0.1 | op=SEND_HEARTBEAT {"datanodeUUID":"ef67b0a7-5b27-496d-9f38-ab804a28e500","term":"2","command":"[]"} | ret=SUCCESS |  
2025-10-20 19:51:38,180 | INFO  | SCMAudit | user=runner | ip=127.0.0.1 | op=SEND_HEARTBEAT {"datanodeUUID":"7bb0e7f0-2b36-4ec0-8a09-ceac75d91a36","term":"2","command":"[]"} | ret=SUCCESS |  
2025-10-20 19:51:38,196 [om1-OMDoubleBufferFlushThread] INFO  db.RDBCheckpointManager (RDBCheckpointManager.java:createCheckpoint(87)) - Created checkpoint in rocksDB at /home/runner/work/ozone/ozone/hadoop-ozone/integration-test/target/test-dir/MiniOzoneClusterImpl-6935df51-69ff-4c35-8bd4-ed2b81d70e54/om/data/db.snapshots/checkpointState/om.db-e778eb2f-cc8e-43a1-95fd-3be71090d0c9 in 33 milliseconds
2025-10-20 19:51:38,220 [om1-OMDoubleBufferFlushThread] INFO  om.OmSnapshotManager (OmSnapshotManager.java:createOmSnapshotCheckpoint(545)) - Created checkpoint: /home/runner/work/ozone/ozone/hadoop-ozone/integration-test/target/test-dir/MiniOzoneClusterImpl-6935df51-69ff-4c35-8bd4-ed2b81d70e54/om/data/db.snapshots/checkpointState/om.db-e778eb2f-cc8e-43a1-95fd-3be71090d0c9 for snapshot /vol-b-47597/buc-b-16885/snapshot-a-1-87712
2025-10-20 19:51:38,232 | INFO  | OMAudit | user=runner | ip=127.0.0.1 | op=COMMIT_MULTIPART_UPLOAD_PARTKEY {"volume":"1c2f307b-eb67-4707-a7a6-f1fbba607c78","bucket":"ratis-bucket","key":"ONE","dataSize":"8192","ETag":"0829f71740aab1ab98b33eae21dee122","uploadID":"019a032d-6562-7c0d-8f18-9acb409a6d10-115408233960702251","partNumber":"1","partName":"/1c2f307b-eb67-4707-a7a6-f1fbba607c78/ratis-bucket/ONE-019a032d-6562-7c0d-8f18-9acb409a6d10-115408233960702251-1","Transaction":"1258"} | ret=SUCCESS |  
2025-10-20 19:51:38,234 | INFO  | OMAudit | user=runner | ip=127.0.0.1 | op=LIST_MULTIPART_UPLOAD_PARTS {"volume":"1c2f307b-eb67-4707-a7a6-f1fbba607c78","bucket":"ratis-bucket","key":"ONE","uploadID":"019a032d-6562-7c0d-8f18-9acb409a6d10-115408233960702251","partNumberMarker":"0","maxParts":"1"} | ret=SUCCESS |  
]]></system-out>
  </testcase>
  <testcase name="testMultiPartUploadWithStream(ReplicationConfig)[2]" classname="org.apache.hadoop.ozone.client.rpc.TestSecureOzoneRpcClient" time="0.105">
    <system-out><![CDATA[2025-10-20 19:51:38,239 [ForkJoinPool-1-worker-1] INFO  rpc.RpcClient (RpcClient.java:createVolume(461)) - Creating Volume: 017d5c25-49f7-4572-8379-976ddcecd8f8, with runner as owner and space quota set to -1 bytes, counts quota set to -1
2025-10-20 19:51:38,242 [om1-OMStateMachineApplyTransactionThread - 0] INFO  volume.OMVolumeCreateRequest (OMVolumeCreateRequest.java:validateAndUpdateCache(213)) - created volume:017d5c25-49f7-4572-8379-976ddcecd8f8 for user:runner
2025-10-20 19:51:38,242 | INFO  | OMAudit | user=runner | ip=127.0.0.1 | op=CREATE_VOLUME {"admin":"runner","owner":"runner","volume":"017d5c25-49f7-4572-8379-976ddcecd8f8","creationTime":"1760989898241","modificationTime":"1760989898241","quotaInBytes":"-1","quotaInNamespace":"-1","usedNamespace":"0","objectID":"-9223372036854453504","updateID":"1259","Transaction":"1259"} | ret=SUCCESS |  
2025-10-20 19:51:38,244 | INFO  | OMAudit | user=runner | ip=127.0.0.1 | op=READ_VOLUME {"volume":"017d5c25-49f7-4572-8379-976ddcecd8f8"} | ret=SUCCESS |  
2025-10-20 19:51:38,244 [ForkJoinPool-1-worker-1] INFO  rpc.RpcClient (RpcClient.java:createBucket(686)) - Creating Bucket: 017d5c25-49f7-4572-8379-976ddcecd8f8/ratis-bucket, with server-side default bucket layout, runner as owner, Versioning false, Storage Type set to DISK and Encryption set to false, Replication Type set to server-side default replication type, Namespace Quota set to -1, Space Quota set to -1 
2025-10-20 19:51:38,247 [om1-OMStateMachineApplyTransactionThread - 0] INFO  bucket.OMBucketCreateRequest (OMBucketCreateRequest.java:validateAndUpdateCache(303)) - created bucket: ratis-bucket of layout FILE_SYSTEM_OPTIMIZED in volume: 017d5c25-49f7-4572-8379-976ddcecd8f8
2025-10-20 19:51:38,247 | INFO  | OMAudit | user=runner | ip=127.0.0.1 | op=CREATE_BUCKET {"volume":"017d5c25-49f7-4572-8379-976ddcecd8f8","bucket":"ratis-bucket","bucketLayout":"FILE_SYSTEM_OPTIMIZED","gdprEnabled":null,"acls":"[user:runner:a[ACCESS], group:runner:rl[ACCESS]]","isVersionEnabled":"false","storageType":"DISK","creationTime":"1760989898246","bucketEncryptionKey":null,"modificationTime":"1760989898246","usedBytes":"0","usedNamespace":"0","snapshotUsedBytes":"0","snapshotUsedNamespace":"0","owner":"runner","replicationType":null,"replicationConfig":null,"quotaInBytes":"-1","quotaInNamespace":"-1","Transaction":"1260"} | ret=SUCCESS |  
2025-10-20 19:51:38,248 | INFO  | OMAudit | user=runner | ip=127.0.0.1 | op=READ_BUCKET {"volume":"017d5c25-49f7-4572-8379-976ddcecd8f8","bucket":"ratis-bucket"} | ret=SUCCESS |  
2025-10-20 19:51:38,250 | INFO  | OMAudit | user=runner | ip=127.0.0.1 | op=INITIATE_MULTIPART_UPLOAD {"volume":"017d5c25-49f7-4572-8379-976ddcecd8f8","bucket":"ratis-bucket","key":"THREE","dataSize":"0","replicationType":"RATIS","replicationFactor":"THREE","uploadID":"019a032d-6609-7519-b1e6-56f350310178-115408233971646765","Transaction":"1261"} | ret=SUCCESS |  
2025-10-20 19:51:38,255 | INFO  | OMAudit | user=runner | ip=127.0.0.1 | op=ALLOCATE_KEY {"volume":"017d5c25-49f7-4572-8379-976ddcecd8f8","bucket":"ratis-bucket","key":"THREE","dataSize":"8192","Transaction":"1262"} | ret=SUCCESS |  
2025-10-20 19:51:38,258 | INFO  | SCMAudit | user=runner | ip=127.0.0.1 | op=ALLOCATE_BLOCK {"replication":"RATIS/THREE","owner":"omServiceIdDefault","size":"4194304","sampleBlocks":"[conID: 14 locID: 115816896921600332]","num":"1","client":"127.0.0.1","allocated":"1"} | ret=SUCCESS |  
2025-10-20 19:51:38,261 | INFO  | OMAudit | user=runner | ip=127.0.0.1 | op=ALLOCATE_BLOCK {"volume":"017d5c25-49f7-4572-8379-976ddcecd8f8","bucket":"ratis-bucket","key":"THREE","dataSize":"8192","replicationType":"RATIS","replicationFactor":"THREE","clientID":"115408233971843374","Transaction":"1263"} | ret=SUCCESS |  
2025-10-20 19:51:38,266 | INFO  | SCMAudit | user=runner | ip=127.0.0.1 | op=SEND_HEARTBEAT {"datanodeUUID":"af0e5da1-57af-45e9-9aca-fa0798d05628","term":"2","command":"[]"} | ret=SUCCESS |  
2025-10-20 19:51:38,274 [om1-OMDoubleBufferFlushThread] INFO  db.RDBCheckpointManager (RDBCheckpointManager.java:createCheckpoint(87)) - Created checkpoint in rocksDB at /home/runner/work/ozone/ozone/hadoop-ozone/integration-test/target/test-dir/MiniOzoneClusterImpl-6935df51-69ff-4c35-8bd4-ed2b81d70e54/om/data/db.snapshots/checkpointState/om.db-03fe7d94-f2c9-4256-9514-7bc9a31853a8 in 52 milliseconds
2025-10-20 19:51:38,281 [ef67b0a7-5b27-496d-9f38-ab804a28e500-NettyServerStreamRpc-bossGroup--thread1] INFO  logging.LoggingHandler (AbstractInternalLogger.java:log(148)) - [id: 0xdb1bcbfc, L:/0.0.0.0:15024] READ: [id: 0x6943df27, L:/127.0.0.1:15024 - R:/127.0.0.1:45770]
2025-10-20 19:51:38,282 [ef67b0a7-5b27-496d-9f38-ab804a28e500-NettyServerStreamRpc-bossGroup--thread1] INFO  logging.LoggingHandler (AbstractInternalLogger.java:log(148)) - [id: 0xdb1bcbfc, L:/0.0.0.0:15024] READ COMPLETE
2025-10-20 19:51:38,287 [361055de-215b-4c6c-94c2-be1c1da118d1-NettyServerStreamRpc-bossGroup--thread1] INFO  logging.LoggingHandler (AbstractInternalLogger.java:log(148)) - [id: 0x98c66843, L:/0.0.0.0:15032] READ: [id: 0x29eac3f5, L:/127.0.0.1:15032 - R:/127.0.0.1:41738]
2025-10-20 19:51:38,288 [361055de-215b-4c6c-94c2-be1c1da118d1-NettyServerStreamRpc-bossGroup--thread1] INFO  logging.LoggingHandler (AbstractInternalLogger.java:log(148)) - [id: 0x98c66843, L:/0.0.0.0:15032] READ COMPLETE
2025-10-20 19:51:38,296 [e05592a5-d00f-4fc1-9e39-a968c1ecb04e-NettyServerStreamRpc-bossGroup--thread1] INFO  logging.LoggingHandler (AbstractInternalLogger.java:log(148)) - [id: 0x7eacb082, L:/0.0.0.0:15016] READ: [id: 0xc6bb8252, L:/127.0.0.1:15016 - R:/127.0.0.1:38384]
2025-10-20 19:51:38,296 [e05592a5-d00f-4fc1-9e39-a968c1ecb04e-NettyServerStreamRpc-bossGroup--thread1] INFO  logging.LoggingHandler (AbstractInternalLogger.java:log(148)) - [id: 0x7eacb082, L:/0.0.0.0:15016] READ COMPLETE
2025-10-20 19:51:38,307 [om1-OMDoubleBufferFlushThread] INFO  om.OmSnapshotManager (OmSnapshotManager.java:createOmSnapshotCheckpoint(545)) - Created checkpoint: /home/runner/work/ozone/ozone/hadoop-ozone/integration-test/target/test-dir/MiniOzoneClusterImpl-6935df51-69ff-4c35-8bd4-ed2b81d70e54/om/data/db.snapshots/checkpointState/om.db-03fe7d94-f2c9-4256-9514-7bc9a31853a8 for snapshot /vol-a-65386/buc-a-06236/snapshot-a-2-23292
2025-10-20 19:51:38,337 | INFO  | OMAudit | user=runner | ip=127.0.0.1 | op=COMMIT_MULTIPART_UPLOAD_PARTKEY {"volume":"017d5c25-49f7-4572-8379-976ddcecd8f8","bucket":"ratis-bucket","key":"THREE","dataSize":"8192","ETag":"0829f71740aab1ab98b33eae21dee122","uploadID":"019a032d-6609-7519-b1e6-56f350310178-115408233971646765","partNumber":"1","partName":"/017d5c25-49f7-4572-8379-976ddcecd8f8/ratis-bucket/THREE-019a032d-6609-7519-b1e6-56f350310178-115408233971646765-1","Transaction":"1264"} | ret=SUCCESS |  
2025-10-20 19:51:38,340 | INFO  | OMAudit | user=runner | ip=127.0.0.1 | op=LIST_MULTIPART_UPLOAD_PARTS {"volume":"017d5c25-49f7-4572-8379-976ddcecd8f8","bucket":"ratis-bucket","key":"THREE","uploadID":"019a032d-6609-7519-b1e6-56f350310178-115408233971646765","partNumberMarker":"0","maxParts":"1"} | ret=SUCCESS |  
]]></system-out>
  </testcase>
  <testcase name="testMultiPartUploadWithStream(ReplicationConfig)[3]" classname="org.apache.hadoop.ozone.client.rpc.TestSecureOzoneRpcClient" time="0.04">
    <system-out><![CDATA[2025-10-20 19:51:38,344 [ForkJoinPool-1-worker-1] INFO  rpc.RpcClient (RpcClient.java:createVolume(461)) - Creating Volume: 83f49bb1-b3cb-4d9b-aff3-b4ab456ce439, with runner as owner and space quota set to -1 bytes, counts quota set to -1
2025-10-20 19:51:38,347 [om1-OMStateMachineApplyTransactionThread - 0] INFO  volume.OMVolumeCreateRequest (OMVolumeCreateRequest.java:validateAndUpdateCache(213)) - created volume:83f49bb1-b3cb-4d9b-aff3-b4ab456ce439 for user:runner
2025-10-20 19:51:38,348 | INFO  | OMAudit | user=runner | ip=127.0.0.1 | op=CREATE_VOLUME {"admin":"runner","owner":"runner","volume":"83f49bb1-b3cb-4d9b-aff3-b4ab456ce439","creationTime":"1760989898346","modificationTime":"1760989898346","quotaInBytes":"-1","quotaInNamespace":"-1","usedNamespace":"0","objectID":"-9223372036854451968","updateID":"1265","Transaction":"1265"} | ret=SUCCESS |  
2025-10-20 19:51:38,350 | INFO  | OMAudit | user=runner | ip=127.0.0.1 | op=READ_VOLUME {"volume":"83f49bb1-b3cb-4d9b-aff3-b4ab456ce439"} | ret=SUCCESS |  
2025-10-20 19:51:38,351 [ForkJoinPool-1-worker-1] INFO  rpc.RpcClient (RpcClient.java:createBucket(686)) - Creating Bucket: 83f49bb1-b3cb-4d9b-aff3-b4ab456ce439/ec-bucket, with server-side default bucket layout, runner as owner, Versioning false, Storage Type set to DISK and Encryption set to false, Replication Type set to server-side default replication type, Namespace Quota set to -1, Space Quota set to -1 
2025-10-20 19:51:38,353 [om1-OMStateMachineApplyTransactionThread - 0] INFO  bucket.OMBucketCreateRequest (OMBucketCreateRequest.java:validateAndUpdateCache(303)) - created bucket: ec-bucket of layout FILE_SYSTEM_OPTIMIZED in volume: 83f49bb1-b3cb-4d9b-aff3-b4ab456ce439
2025-10-20 19:51:38,353 | INFO  | OMAudit | user=runner | ip=127.0.0.1 | op=CREATE_BUCKET {"volume":"83f49bb1-b3cb-4d9b-aff3-b4ab456ce439","bucket":"ec-bucket","bucketLayout":"FILE_SYSTEM_OPTIMIZED","gdprEnabled":null,"acls":"[user:runner:a[ACCESS], group:runner:rl[ACCESS]]","isVersionEnabled":"false","storageType":"DISK","creationTime":"1760989898352","bucketEncryptionKey":null,"modificationTime":"1760989898352","usedBytes":"0","usedNamespace":"0","snapshotUsedBytes":"0","snapshotUsedNamespace":"0","owner":"runner","replicationType":null,"replicationConfig":null,"quotaInBytes":"-1","quotaInNamespace":"-1","Transaction":"1266"} | ret=SUCCESS |  
2025-10-20 19:51:38,356 | INFO  | OMAudit | user=runner | ip=127.0.0.1 | op=READ_BUCKET {"volume":"83f49bb1-b3cb-4d9b-aff3-b4ab456ce439","bucket":"ec-bucket"} | ret=SUCCESS |  
2025-10-20 19:51:38,359 | INFO  | OMAudit | user=runner | ip=127.0.0.1 | op=INITIATE_MULTIPART_UPLOAD {"volume":"83f49bb1-b3cb-4d9b-aff3-b4ab456ce439","bucket":"ec-bucket","key":"rs-3-2-1024k","dataSize":"0","replicationType":"EC","replicationConfig":"rs-3-2-1048576","uploadID":"019a032d-6675-7b4c-86f6-3019270e9caf-115408233978724655","Transaction":"1267"} | ret=SUCCESS |  
2025-10-20 19:51:38,361 | INFO  | OMAudit | user=runner | ip=127.0.0.1 | op=ALLOCATE_KEY {"volume":"83f49bb1-b3cb-4d9b-aff3-b4ab456ce439","bucket":"ec-bucket","key":"rs-3-2-1024k","dataSize":"8192","Transaction":"1268"} | ret=SUCCESS |  
2025-10-20 19:51:38,365 | INFO  | SCMAudit | user=runner | ip=127.0.0.1 | op=ALLOCATE_BLOCK {"replication":"EC{rs-3-2-1024k}","owner":"omServiceIdDefault","size":"4194304","sampleBlocks":"[conID: 26 locID: 115816896921600333]","num":"1","client":"","allocated":"1"} | ret=SUCCESS |  
2025-10-20 19:51:38,367 | INFO  | OMAudit | user=runner | ip=127.0.0.1 | op=ALLOCATE_BLOCK {"volume":"83f49bb1-b3cb-4d9b-aff3-b4ab456ce439","bucket":"ec-bucket","key":"rs-3-2-1024k","dataSize":"8192","replicationType":"EC","replicationConfig":"rs-3-2-1048576","clientID":"115408233978921264","Transaction":"1269"} | ret=SUCCESS |  
2025-10-20 19:51:38,372 [om1-OMDoubleBufferFlushThread] INFO  db.RDBCheckpointManager (RDBCheckpointManager.java:createCheckpoint(87)) - Created checkpoint in rocksDB at /home/runner/work/ozone/ozone/hadoop-ozone/integration-test/target/test-dir/MiniOzoneClusterImpl-6935df51-69ff-4c35-8bd4-ed2b81d70e54/om/data/db.snapshots/checkpointState/om.db-93080a93-fbc1-4a3a-a636-353529011d03 in 63 milliseconds
2025-10-20 19:51:38,380 | INFO  | OMAudit | user=runner | ip=127.0.0.1 | op=COMMIT_MULTIPART_UPLOAD_PARTKEY {"volume":"83f49bb1-b3cb-4d9b-aff3-b4ab456ce439","bucket":"ec-bucket","key":"rs-3-2-1024k","dataSize":"8192","ETag":"0829f71740aab1ab98b33eae21dee122","uploadID":"019a032d-6675-7b4c-86f6-3019270e9caf-115408233978724655","partNumber":"1","partName":"/83f49bb1-b3cb-4d9b-aff3-b4ab456ce439/ec-bucket/rs-3-2-1024k-019a032d-6675-7b4c-86f6-3019270e9caf-115408233978724655-1","Transaction":"1270"} | ret=SUCCESS |  
2025-10-20 19:51:38,382 | INFO  | OMAudit | user=runner | ip=127.0.0.1 | op=LIST_MULTIPART_UPLOAD_PARTS {"volume":"83f49bb1-b3cb-4d9b-aff3-b4ab456ce439","bucket":"ec-bucket","key":"rs-3-2-1024k","uploadID":"019a032d-6675-7b4c-86f6-3019270e9caf-115408233978724655","partNumberMarker":"0","maxParts":"1"} | ret=SUCCESS |  
]]></system-out>
  </testcase>
  <testcase name="testMultipartPartNumberExceedingAllowedRange" classname="org.apache.hadoop.ozone.client.rpc.TestSecureOzoneRpcClient" time="0.027">
    <system-out><![CDATA[2025-10-20 19:51:38,385 [ForkJoinPool-1-worker-1] INFO  rpc.RpcClient (RpcClient.java:createVolume(461)) - Creating Volume: da5b312e-9016-476a-8656-bc7e90212767, with runner as owner and space quota set to -1 bytes, counts quota set to -1
2025-10-20 19:51:38,387 [om1-OMStateMachineApplyTransactionThread - 0] INFO  volume.OMVolumeCreateRequest (OMVolumeCreateRequest.java:validateAndUpdateCache(213)) - created volume:da5b312e-9016-476a-8656-bc7e90212767 for user:runner
2025-10-20 19:51:38,388 | INFO  | OMAudit | user=runner | ip=127.0.0.1 | op=CREATE_VOLUME {"admin":"runner","owner":"runner","volume":"da5b312e-9016-476a-8656-bc7e90212767","creationTime":"1760989898386","modificationTime":"1760989898386","quotaInBytes":"-1","quotaInNamespace":"-1","usedNamespace":"0","objectID":"-9223372036854450432","updateID":"1271","Transaction":"1271"} | ret=SUCCESS |  
2025-10-20 19:51:38,389 | INFO  | OMAudit | user=runner | ip=127.0.0.1 | op=READ_VOLUME {"volume":"da5b312e-9016-476a-8656-bc7e90212767"} | ret=SUCCESS |  
2025-10-20 19:51:38,389 [ForkJoinPool-1-worker-1] INFO  rpc.RpcClient (RpcClient.java:createBucket(686)) - Creating Bucket: da5b312e-9016-476a-8656-bc7e90212767/3c6f1b22-3401-46ad-ad45-3db76769e3af, with server-side default bucket layout, runner as owner, Versioning false, Storage Type set to DISK and Encryption set to false, Replication Type set to server-side default replication type, Namespace Quota set to -1, Space Quota set to -1 
2025-10-20 19:51:38,391 [om1-OMStateMachineApplyTransactionThread - 0] INFO  bucket.OMBucketCreateRequest (OMBucketCreateRequest.java:validateAndUpdateCache(303)) - created bucket: 3c6f1b22-3401-46ad-ad45-3db76769e3af of layout FILE_SYSTEM_OPTIMIZED in volume: da5b312e-9016-476a-8656-bc7e90212767
2025-10-20 19:51:38,392 | INFO  | OMAudit | user=runner | ip=127.0.0.1 | op=CREATE_BUCKET {"volume":"da5b312e-9016-476a-8656-bc7e90212767","bucket":"3c6f1b22-3401-46ad-ad45-3db76769e3af","bucketLayout":"FILE_SYSTEM_OPTIMIZED","gdprEnabled":null,"acls":"[user:runner:a[ACCESS], group:runner:rl[ACCESS]]","isVersionEnabled":"false","storageType":"DISK","creationTime":"1760989898390","bucketEncryptionKey":null,"modificationTime":"1760989898390","usedBytes":"0","usedNamespace":"0","snapshotUsedBytes":"0","snapshotUsedNamespace":"0","owner":"runner","replicationType":null,"replicationConfig":null,"quotaInBytes":"-1","quotaInNamespace":"-1","Transaction":"1272"} | ret=SUCCESS |  
2025-10-20 19:51:38,393 | INFO  | OMAudit | user=runner | ip=127.0.0.1 | op=READ_BUCKET {"volume":"da5b312e-9016-476a-8656-bc7e90212767","bucket":"3c6f1b22-3401-46ad-ad45-3db76769e3af"} | ret=SUCCESS |  
2025-10-20 19:51:38,395 [om1-OMDoubleBufferFlushThread] INFO  om.OmSnapshotManager (OmSnapshotManager.java:createOmSnapshotCheckpoint(545)) - Created checkpoint: /home/runner/work/ozone/ozone/hadoop-ozone/integration-test/target/test-dir/MiniOzoneClusterImpl-6935df51-69ff-4c35-8bd4-ed2b81d70e54/om/data/db.snapshots/checkpointState/om.db-93080a93-fbc1-4a3a-a636-353529011d03 for snapshot /vol-a-65386/buc-b-16885/snapshot-a-2-30005
2025-10-20 19:51:38,396 | INFO  | OMAudit | user=runner | ip=127.0.0.1 | op=INITIATE_MULTIPART_UPLOAD {"volume":"da5b312e-9016-476a-8656-bc7e90212767","bucket":"3c6f1b22-3401-46ad-ad45-3db76769e3af","key":"a1b252a3-c2f9-4f85-8104-0a91a623a030","dataSize":"0","uploadID":"019a032d-669a-75bb-92ad-601e630ae9af-115408233981149489","Transaction":"1273"} | ret=SUCCESS |  
2025-10-20 19:51:38,400 | INFO  | OMAudit | user=runner | ip=127.0.0.1 | op=ALLOCATE_KEY {"volume":"da5b312e-9016-476a-8656-bc7e90212767","bucket":"3c6f1b22-3401-46ad-ad45-3db76769e3af","key":"a1b252a3-c2f9-4f85-8104-0a91a623a030","dataSize":"12","Transaction":"1274"} | ret=SUCCESS |  
2025-10-20 19:51:38,404 | INFO  | OMAudit | user=runner | ip=127.0.0.1 | op=ALLOCATE_KEY {"volume":"da5b312e-9016-476a-8656-bc7e90212767","bucket":"3c6f1b22-3401-46ad-ad45-3db76769e3af","key":"a1b252a3-c2f9-4f85-8104-0a91a623a030","dataSize":"12","Transaction":"1275"} | ret=SUCCESS |  
2025-10-20 19:51:38,409 | INFO  | OMAudit | user=runner | ip=127.0.0.1 | op=ALLOCATE_KEY {"volume":"da5b312e-9016-476a-8656-bc7e90212767","bucket":"3c6f1b22-3401-46ad-ad45-3db76769e3af","key":"a1b252a3-c2f9-4f85-8104-0a91a623a030","dataSize":"12","Transaction":"1276"} | ret=SUCCESS |  
]]></system-out>
  </testcase>
  <testcase name="testMultipartUploadOverride(ReplicationConfig)[1]" classname="org.apache.hadoop.ozone.client.rpc.TestSecureOzoneRpcClient" time="0.494">
    <system-out><![CDATA[2025-10-20 19:51:38,415 [ForkJoinPool-1-worker-1] INFO  rpc.RpcClient (RpcClient.java:createVolume(461)) - Creating Volume: 0b1127d1-f2a5-4591-b5d7-8895df63f038, with runner as owner and space quota set to -1 bytes, counts quota set to -1
2025-10-20 19:51:38,418 [om1-OMStateMachineApplyTransactionThread - 0] INFO  volume.OMVolumeCreateRequest (OMVolumeCreateRequest.java:validateAndUpdateCache(213)) - created volume:0b1127d1-f2a5-4591-b5d7-8895df63f038 for user:runner
2025-10-20 19:51:38,418 | INFO  | OMAudit | user=runner | ip=127.0.0.1 | op=CREATE_VOLUME {"admin":"runner","owner":"runner","volume":"0b1127d1-f2a5-4591-b5d7-8895df63f038","creationTime":"1760989898417","modificationTime":"1760989898417","quotaInBytes":"-1","quotaInNamespace":"-1","usedNamespace":"0","objectID":"-9223372036854448896","updateID":"1277","Transaction":"1277"} | ret=SUCCESS |  
2025-10-20 19:51:38,421 | INFO  | OMAudit | user=runner | ip=127.0.0.1 | op=READ_VOLUME {"volume":"0b1127d1-f2a5-4591-b5d7-8895df63f038"} | ret=SUCCESS |  
2025-10-20 19:51:38,422 [ForkJoinPool-1-worker-1] INFO  rpc.RpcClient (RpcClient.java:createBucket(686)) - Creating Bucket: 0b1127d1-f2a5-4591-b5d7-8895df63f038/73cd074c-0e8c-431a-9da5-9b68564fe739, with server-side default bucket layout, runner as owner, Versioning false, Storage Type set to DISK and Encryption set to false, Replication Type set to server-side default replication type, Namespace Quota set to -1, Space Quota set to -1 
2025-10-20 19:51:38,424 [om1-OMStateMachineApplyTransactionThread - 0] INFO  bucket.OMBucketCreateRequest (OMBucketCreateRequest.java:validateAndUpdateCache(303)) - created bucket: 73cd074c-0e8c-431a-9da5-9b68564fe739 of layout FILE_SYSTEM_OPTIMIZED in volume: 0b1127d1-f2a5-4591-b5d7-8895df63f038
2025-10-20 19:51:38,424 | INFO  | OMAudit | user=runner | ip=127.0.0.1 | op=CREATE_BUCKET {"volume":"0b1127d1-f2a5-4591-b5d7-8895df63f038","bucket":"73cd074c-0e8c-431a-9da5-9b68564fe739","bucketLayout":"FILE_SYSTEM_OPTIMIZED","gdprEnabled":null,"acls":"[user:runner:a[ACCESS], group:runner:rl[ACCESS]]","isVersionEnabled":"false","storageType":"DISK","creationTime":"1760989898423","bucketEncryptionKey":null,"modificationTime":"1760989898423","usedBytes":"0","usedNamespace":"0","snapshotUsedBytes":"0","snapshotUsedNamespace":"0","owner":"runner","replicationType":null,"replicationConfig":null,"quotaInBytes":"-1","quotaInNamespace":"-1","Transaction":"1278"} | ret=SUCCESS |  
2025-10-20 19:51:38,426 | INFO  | OMAudit | user=runner | ip=127.0.0.1 | op=READ_BUCKET {"volume":"0b1127d1-f2a5-4591-b5d7-8895df63f038","bucket":"73cd074c-0e8c-431a-9da5-9b68564fe739"} | ret=SUCCESS |  
2025-10-20 19:51:38,429 | INFO  | OMAudit | user=runner | ip=127.0.0.1 | op=INITIATE_MULTIPART_UPLOAD {"volume":"0b1127d1-f2a5-4591-b5d7-8895df63f038","bucket":"73cd074c-0e8c-431a-9da5-9b68564fe739","key":"2fdf9bea-1c1d-43e3-9e01-4874dd4325db","dataSize":"0","replicationType":"RATIS","replicationFactor":"ONE","uploadID":"019a032d-66bb-7104-95ad-8315d04a3095-115408233983312181","Transaction":"1279"} | ret=SUCCESS |  
2025-10-20 19:51:38,434 | INFO  | OMAudit | user=runner | ip=127.0.0.1 | op=ALLOCATE_KEY {"volume":"0b1127d1-f2a5-4591-b5d7-8895df63f038","bucket":"73cd074c-0e8c-431a-9da5-9b68564fe739","key":"2fdf9bea-1c1d-43e3-9e01-4874dd4325db","dataSize":"5242880","Transaction":"1280"} | ret=SUCCESS |  
2025-10-20 19:51:38,438 | INFO  | SCMAudit | user=runner | ip=127.0.0.1 | op=ALLOCATE_BLOCK {"replication":"RATIS/ONE","owner":"omServiceIdDefault","size":"4194304","sampleBlocks":"[conID: 12 locID: 115816896921600334]","num":"1","client":"","allocated":"1"} | ret=SUCCESS |  
2025-10-20 19:51:38,441 | INFO  | OMAudit | user=runner | ip=127.0.0.1 | op=ALLOCATE_BLOCK {"volume":"0b1127d1-f2a5-4591-b5d7-8895df63f038","bucket":"73cd074c-0e8c-431a-9da5-9b68564fe739","key":"2fdf9bea-1c1d-43e3-9e01-4874dd4325db","dataSize":"5242880","replicationType":"RATIS","replicationFactor":"ONE","clientID":"115408233983639862","Transaction":"1281"} | ret=SUCCESS |  
2025-10-20 19:51:38,442 [om1-OMDoubleBufferFlushThread] INFO  db.RDBCheckpointManager (RDBCheckpointManager.java:createCheckpoint(87)) - Created checkpoint in rocksDB at /home/runner/work/ozone/ozone/hadoop-ozone/integration-test/target/test-dir/MiniOzoneClusterImpl-6935df51-69ff-4c35-8bd4-ed2b81d70e54/om/data/db.snapshots/checkpointState/om.db-f75581d4-092e-40b6-89f4-9a6e48aa78a3 in 45 milliseconds
2025-10-20 19:51:38,445 | INFO  | SCMAudit | user=runner | ip=127.0.0.1 | op=SEND_HEARTBEAT {"datanodeUUID":"b614738c-cdff-4f09-bf59-ed5bb75d51be","term":"2","command":"[]"} | ret=SUCCESS |  
2025-10-20 19:51:38,447 | INFO  | SCMAudit | user=runner | ip=127.0.0.1 | op=SEND_HEARTBEAT {"datanodeUUID":"361055de-215b-4c6c-94c2-be1c1da118d1","term":"2","command":"[]"} | ret=SUCCESS |  
2025-10-20 19:51:38,448 | INFO  | SCMAudit | user=runner | ip=127.0.0.1 | op=SEND_HEARTBEAT {"datanodeUUID":"38991c48-ffb3-4453-b758-77d6b4ebc62b","term":"2","command":"[]"} | ret=SUCCESS |  
2025-10-20 19:51:38,452 | INFO  | SCMAudit | user=runner | ip=127.0.0.1 | op=SEND_HEARTBEAT {"datanodeUUID":"c90bff1f-5a1f-42c6-8fca-9533d718c79a","term":"2","command":"[]"} | ret=SUCCESS |  
2025-10-20 19:51:38,478 | INFO  | SCMAudit | user=runner | ip=127.0.0.1 | op=ALLOCATE_BLOCK {"replication":"RATIS/ONE","owner":"omServiceIdDefault","size":"4194304","sampleBlocks":"[conID: 7 locID: 115816896921600335]","num":"1","client":"","allocated":"1"} | ret=SUCCESS |  
2025-10-20 19:51:38,479 [om1-OMDoubleBufferFlushThread] INFO  om.OmSnapshotManager (OmSnapshotManager.java:createOmSnapshotCheckpoint(545)) - Created checkpoint: /home/runner/work/ozone/ozone/hadoop-ozone/integration-test/target/test-dir/MiniOzoneClusterImpl-6935df51-69ff-4c35-8bd4-ed2b81d70e54/om/data/db.snapshots/checkpointState/om.db-f75581d4-092e-40b6-89f4-9a6e48aa78a3 for snapshot /vol-b-47597/buc-a-06236/snapshot-a-2-02040
2025-10-20 19:51:38,481 | INFO  | OMAudit | user=runner | ip=127.0.0.1 | op=ALLOCATE_BLOCK {"volume":"0b1127d1-f2a5-4591-b5d7-8895df63f038","bucket":"73cd074c-0e8c-431a-9da5-9b68564fe739","key":"2fdf9bea-1c1d-43e3-9e01-4874dd4325db","dataSize":"5242880","replicationType":"RATIS","replicationFactor":"ONE","clientID":"115408233983639862","Transaction":"1282"} | ret=SUCCESS |  
2025-10-20 19:51:38,498 | INFO  | OMAudit | user=runner | ip=127.0.0.1 | op=COMMIT_MULTIPART_UPLOAD_PARTKEY {"volume":"0b1127d1-f2a5-4591-b5d7-8895df63f038","bucket":"73cd074c-0e8c-431a-9da5-9b68564fe739","key":"2fdf9bea-1c1d-43e3-9e01-4874dd4325db","dataSize":"5242880","ETag":"5ec9ae7549d12b830c2796d79d95cb39","uploadID":"019a032d-66bb-7104-95ad-8315d04a3095-115408233983312181","partNumber":"1","partName":"/0b1127d1-f2a5-4591-b5d7-8895df63f038/73cd074c-0e8c-431a-9da5-9b68564fe739/2fdf9bea-1c1d-43e3-9e01-4874dd4325db-019a032d-66bb-7104-95ad-8315d04a3095-115408233983312181-1","Transaction":"1283"} | ret=SUCCESS |  
2025-10-20 19:51:38,501 | INFO  | OMAudit | user=runner | ip=127.0.0.1 | op=ALLOCATE_KEY {"volume":"0b1127d1-f2a5-4591-b5d7-8895df63f038","bucket":"73cd074c-0e8c-431a-9da5-9b68564fe739","key":"2fdf9bea-1c1d-43e3-9e01-4874dd4325db","dataSize":"5242880","Transaction":"1284"} | ret=SUCCESS |  
2025-10-20 19:51:38,503 | INFO  | SCMAudit | user=runner | ip=127.0.0.1 | op=ALLOCATE_BLOCK {"replication":"RATIS/ONE","owner":"omServiceIdDefault","size":"4194304","sampleBlocks":"[conID: 4 locID: 115816896921600336]","num":"1","client":"","allocated":"1"} | ret=SUCCESS |  
2025-10-20 19:51:38,506 | INFO  | OMAudit | user=runner | ip=127.0.0.1 | op=ALLOCATE_BLOCK {"volume":"0b1127d1-f2a5-4591-b5d7-8895df63f038","bucket":"73cd074c-0e8c-431a-9da5-9b68564fe739","key":"2fdf9bea-1c1d-43e3-9e01-4874dd4325db","dataSize":"5242880","replicationType":"RATIS","replicationFactor":"ONE","clientID":"115408233988096311","Transaction":"1285"} | ret=SUCCESS |  
2025-10-20 19:51:38,528 [om1-OMDoubleBufferFlushThread] INFO  db.RDBCheckpointManager (RDBCheckpointManager.java:createCheckpoint(87)) - Created checkpoint in rocksDB at /home/runner/work/ozone/ozone/hadoop-ozone/integration-test/target/test-dir/MiniOzoneClusterImpl-6935df51-69ff-4c35-8bd4-ed2b81d70e54/om/data/db.snapshots/checkpointState/om.db-9b179ea0-4b7c-4678-a6f4-87b3e790ead6 in 48 milliseconds
2025-10-20 19:51:38,534 | INFO  | SCMAudit | user=runner | ip=127.0.0.1 | op=ALLOCATE_BLOCK {"replication":"RATIS/ONE","owner":"omServiceIdDefault","size":"4194304","sampleBlocks":"[conID: 2 locID: 115816896921600337]","num":"1","client":"","allocated":"1"} | ret=SUCCESS |  
2025-10-20 19:51:38,537 | INFO  | OMAudit | user=runner | ip=127.0.0.1 | op=ALLOCATE_BLOCK {"volume":"0b1127d1-f2a5-4591-b5d7-8895df63f038","bucket":"73cd074c-0e8c-431a-9da5-9b68564fe739","key":"2fdf9bea-1c1d-43e3-9e01-4874dd4325db","dataSize":"5242880","replicationType":"RATIS","replicationFactor":"ONE","clientID":"115408233988096311","Transaction":"1286"} | ret=SUCCESS |  
2025-10-20 19:51:38,549 [om1-OMDoubleBufferFlushThread] INFO  om.OmSnapshotManager (OmSnapshotManager.java:createOmSnapshotCheckpoint(545)) - Created checkpoint: /home/runner/work/ozone/ozone/hadoop-ozone/integration-test/target/test-dir/MiniOzoneClusterImpl-6935df51-69ff-4c35-8bd4-ed2b81d70e54/om/data/db.snapshots/checkpointState/om.db-9b179ea0-4b7c-4678-a6f4-87b3e790ead6 for snapshot /vol-b-47597/buc-b-16885/snapshot-a-2-97035
2025-10-20 19:51:38,552 | INFO  | OMAudit | user=runner | ip=127.0.0.1 | op=COMMIT_MULTIPART_UPLOAD_PARTKEY {"volume":"0b1127d1-f2a5-4591-b5d7-8895df63f038","bucket":"73cd074c-0e8c-431a-9da5-9b68564fe739","key":"2fdf9bea-1c1d-43e3-9e01-4874dd4325db","dataSize":"5242880","ETag":"5ec9ae7549d12b830c2796d79d95cb39","uploadID":"019a032d-66bb-7104-95ad-8315d04a3095-115408233983312181","partNumber":"2","partName":"/0b1127d1-f2a5-4591-b5d7-8895df63f038/73cd074c-0e8c-431a-9da5-9b68564fe739/2fdf9bea-1c1d-43e3-9e01-4874dd4325db-019a032d-66bb-7104-95ad-8315d04a3095-115408233983312181-2","Transaction":"1287"} | ret=SUCCESS |  
2025-10-20 19:51:38,555 | INFO  | OMAudit | user=runner | ip=127.0.0.1 | op=ALLOCATE_KEY {"volume":"0b1127d1-f2a5-4591-b5d7-8895df63f038","bucket":"73cd074c-0e8c-431a-9da5-9b68564fe739","key":"2fdf9bea-1c1d-43e3-9e01-4874dd4325db","dataSize":"36","Transaction":"1288"} | ret=SUCCESS |  
2025-10-20 19:51:38,557 | INFO  | SCMAudit | user=runner | ip=127.0.0.1 | op=ALLOCATE_BLOCK {"replication":"RATIS/ONE","owner":"omServiceIdDefault","size":"4194304","sampleBlocks":"[conID: 12 locID: 115816896921600338]","num":"1","client":"","allocated":"1"} | ret=SUCCESS |  
2025-10-20 19:51:38,560 | INFO  | OMAudit | user=runner | ip=127.0.0.1 | op=ALLOCATE_BLOCK {"volume":"0b1127d1-f2a5-4591-b5d7-8895df63f038","bucket":"73cd074c-0e8c-431a-9da5-9b68564fe739","key":"2fdf9bea-1c1d-43e3-9e01-4874dd4325db","dataSize":"36","replicationType":"RATIS","replicationFactor":"ONE","clientID":"115408233991635256","Transaction":"1289"} | ret=SUCCESS |  
2025-10-20 19:51:38,570 | INFO  | OMAudit | user=runner | ip=127.0.0.1 | op=COMMIT_MULTIPART_UPLOAD_PARTKEY {"volume":"0b1127d1-f2a5-4591-b5d7-8895df63f038","bucket":"73cd074c-0e8c-431a-9da5-9b68564fe739","key":"2fdf9bea-1c1d-43e3-9e01-4874dd4325db","dataSize":"36","ETag":"16fbe0466f21a36f7464b9041951203b","uploadID":"019a032d-66bb-7104-95ad-8315d04a3095-115408233983312181","partNumber":"3","partName":"/0b1127d1-f2a5-4591-b5d7-8895df63f038/73cd074c-0e8c-431a-9da5-9b68564fe739/2fdf9bea-1c1d-43e3-9e01-4874dd4325db-019a032d-66bb-7104-95ad-8315d04a3095-115408233983312181-3","Transaction":"1290"} | ret=SUCCESS |  
2025-10-20 19:51:38,574 | INFO  | OMAudit | user=runner | ip=127.0.0.1 | op=COMPLETE_MULTIPART_UPLOAD {"volume":"0b1127d1-f2a5-4591-b5d7-8895df63f038","bucket":"73cd074c-0e8c-431a-9da5-9b68564fe739","key":"2fdf9bea-1c1d-43e3-9e01-4874dd4325db","dataSize":"0","uploadID":"019a032d-66bb-7104-95ad-8315d04a3095-115408233983312181","multipartList":"[partNumber: 1 partName: \"5ec9ae7549d12b830c2796d79d95cb39\" eTag: \"5ec9ae7549d12b830c2796d79d95cb39\" , partNumber: 2 partName: \"5ec9ae7549d12b830c2796d79d95cb39\" eTag: \"5ec9ae7549d12b830c2796d79d95cb39\" , partNumber: 3 partName: \"16fbe0466f21a36f7464b9041951203b\" eTag: \"16fbe0466f21a36f7464b9041951203b\" ]","Transaction":"1291"} | ret=SUCCESS |  
2025-10-20 19:51:38,577 | INFO  | OMAudit | user=runner | ip=127.0.0.1 | op=READ_KEY {"volume":"0b1127d1-f2a5-4591-b5d7-8895df63f038","bucket":"73cd074c-0e8c-431a-9da5-9b68564fe739","key":"2fdf9bea-1c1d-43e3-9e01-4874dd4325db","owner":null,"dataSize":"0","replicationConfig":null} | ret=SUCCESS |  
2025-10-20 19:51:38,601 [om1-OMDoubleBufferFlushThread] INFO  db.RDBCheckpointManager (RDBCheckpointManager.java:createCheckpoint(87)) - Created checkpoint in rocksDB at /home/runner/work/ozone/ozone/hadoop-ozone/integration-test/target/test-dir/MiniOzoneClusterImpl-6935df51-69ff-4c35-8bd4-ed2b81d70e54/om/data/db.snapshots/checkpointState/om.db-aca0c771-bf8d-403d-ab06-d1fd1d2dabd7 in 51 milliseconds
2025-10-20 19:51:38,628 [om1-OMDoubleBufferFlushThread] INFO  om.OmSnapshotManager (OmSnapshotManager.java:createOmSnapshotCheckpoint(545)) - Created checkpoint: /home/runner/work/ozone/ozone/hadoop-ozone/integration-test/target/test-dir/MiniOzoneClusterImpl-6935df51-69ff-4c35-8bd4-ed2b81d70e54/om/data/db.snapshots/checkpointState/om.db-aca0c771-bf8d-403d-ab06-d1fd1d2dabd7 for snapshot /vol-a-65386/buc-a-06236/snapshot-a-3-14008
2025-10-20 19:51:38,649 | INFO  | SCMAudit | user=runner | ip=127.0.0.1 | op=SEND_HEARTBEAT {"datanodeUUID":"4f2bb3f5-0e03-4f1b-bb4c-79c91b98c7da","term":"2","command":"[]"} | ret=SUCCESS |  
2025-10-20 19:51:38,649 | INFO  | SCMAudit | user=runner | ip=127.0.0.1 | op=SEND_HEARTBEAT {"datanodeUUID":"cc7fbe85-1d98-437b-84f9-04213fee10f0","term":"2","command":"[]"} | ret=SUCCESS |  
2025-10-20 19:51:38,650 | INFO  | SCMAudit | user=runner | ip=127.0.0.1 | op=SEND_HEARTBEAT {"datanodeUUID":"605be85e-a7f4-44d7-8cfd-f53001b990b0","term":"2","command":"[]"} | ret=SUCCESS |  
2025-10-20 19:51:38,665 | INFO  | SCMAudit | user=runner | ip=127.0.0.1 | op=GET_CONTAINER_WITH_PIPELINE_BATCH {"containerIDs":"#2,#4,#7,#12,"} | ret=SUCCESS |  
2025-10-20 19:51:38,668 | INFO  | OMAudit | user=null | ip= | op=READ_KEY {"volume":"0b1127d1-f2a5-4591-b5d7-8895df63f038","bucket":"73cd074c-0e8c-431a-9da5-9b68564fe739","key":"2fdf9bea-1c1d-43e3-9e01-4874dd4325db","owner":null,"dataSize":"0","replicationConfig":null} | ret=SUCCESS |  
2025-10-20 19:51:38,669 | INFO  | SCMAudit | user=runner | ip=127.0.0.1 | op=GET_CONTAINER {"containerID":"12"} | ret=SUCCESS |  
2025-10-20 19:51:38,670 | INFO  | SCMAudit | user=runner | ip=127.0.0.1 | op=GET_CONTAINER {"containerID":"7"} | ret=SUCCESS |  
2025-10-20 19:51:38,671 | INFO  | SCMAudit | user=runner | ip=127.0.0.1 | op=GET_CONTAINER {"containerID":"4"} | ret=SUCCESS |  
2025-10-20 19:51:38,672 | INFO  | SCMAudit | user=runner | ip=127.0.0.1 | op=GET_CONTAINER {"containerID":"2"} | ret=SUCCESS |  
2025-10-20 19:51:38,672 | INFO  | SCMAudit | user=runner | ip=127.0.0.1 | op=GET_CONTAINER {"containerID":"12"} | ret=SUCCESS |  
2025-10-20 19:51:38,674 [om1-OMDoubleBufferFlushThread] INFO  db.RDBCheckpointManager (RDBCheckpointManager.java:createCheckpoint(87)) - Created checkpoint in rocksDB at /home/runner/work/ozone/ozone/hadoop-ozone/integration-test/target/test-dir/MiniOzoneClusterImpl-6935df51-69ff-4c35-8bd4-ed2b81d70e54/om/data/db.snapshots/checkpointState/om.db-f801f511-6fd0-47fd-8f61-1ee83a77aa4c in 44 milliseconds
2025-10-20 19:51:38,687 | INFO  | OMAudit | user=runner | ip=127.0.0.1 | op=INITIATE_MULTIPART_UPLOAD {"volume":"0b1127d1-f2a5-4591-b5d7-8895df63f038","bucket":"73cd074c-0e8c-431a-9da5-9b68564fe739","key":"2fdf9bea-1c1d-43e3-9e01-4874dd4325db","dataSize":"0","replicationType":"RATIS","replicationFactor":"ONE","uploadID":"019a032d-67bd-7d8e-909c-a7007b78ff56-115408234000220473","Transaction":"1292"} | ret=SUCCESS |  
2025-10-20 19:51:38,691 | INFO  | OMAudit | user=runner | ip=127.0.0.1 | op=ALLOCATE_KEY {"volume":"0b1127d1-f2a5-4591-b5d7-8895df63f038","bucket":"73cd074c-0e8c-431a-9da5-9b68564fe739","key":"2fdf9bea-1c1d-43e3-9e01-4874dd4325db","dataSize":"5242880","Transaction":"1293"} | ret=SUCCESS |  
2025-10-20 19:51:38,693 | INFO  | SCMAudit | user=runner | ip=127.0.0.1 | op=ALLOCATE_BLOCK {"replication":"RATIS/ONE","owner":"omServiceIdDefault","size":"4194304","sampleBlocks":"[conID: 27 locID: 115816896921600339]","num":"1","client":"","allocated":"1"} | ret=SUCCESS |  
2025-10-20 19:51:38,694 | INFO  | OMAudit | user=runner | ip=127.0.0.1 | op=ALLOCATE_BLOCK {"volume":"0b1127d1-f2a5-4591-b5d7-8895df63f038","bucket":"73cd074c-0e8c-431a-9da5-9b68564fe739","key":"2fdf9bea-1c1d-43e3-9e01-4874dd4325db","dataSize":"5242880","replicationType":"RATIS","replicationFactor":"ONE","clientID":"115408234000548154","Transaction":"1294"} | ret=SUCCESS |  
2025-10-20 19:51:38,696 [om1-OMDoubleBufferFlushThread] INFO  om.OmSnapshotManager (OmSnapshotManager.java:createOmSnapshotCheckpoint(545)) - Created checkpoint: /home/runner/work/ozone/ozone/hadoop-ozone/integration-test/target/test-dir/MiniOzoneClusterImpl-6935df51-69ff-4c35-8bd4-ed2b81d70e54/om/data/db.snapshots/checkpointState/om.db-f801f511-6fd0-47fd-8f61-1ee83a77aa4c for snapshot /vol-a-65386/buc-b-16885/snapshot-a-3-23434
2025-10-20 19:51:38,712 | INFO  | SCMAudit | user=runner | ip=127.0.0.1 | op=ALLOCATE_BLOCK {"replication":"RATIS/ONE","owner":"omServiceIdDefault","size":"4194304","sampleBlocks":"[conID: 11 locID: 115816896921600340]","num":"1","client":"","allocated":"1"} | ret=SUCCESS |  
2025-10-20 19:51:38,715 | INFO  | OMAudit | user=runner | ip=127.0.0.1 | op=ALLOCATE_BLOCK {"volume":"0b1127d1-f2a5-4591-b5d7-8895df63f038","bucket":"73cd074c-0e8c-431a-9da5-9b68564fe739","key":"2fdf9bea-1c1d-43e3-9e01-4874dd4325db","dataSize":"5242880","replicationType":"RATIS","replicationFactor":"ONE","clientID":"115408234000548154","Transaction":"1295"} | ret=SUCCESS |  
2025-10-20 19:51:38,729 | INFO  | SCMAudit | user=runner | ip=127.0.0.1 | op=SEND_HEARTBEAT {"datanodeUUID":"feb39a1c-80cb-4714-ab06-a361236e3029","term":"2","command":"[]"} | ret=SUCCESS |  
2025-10-20 19:51:38,734 | INFO  | OMAudit | user=runner | ip=127.0.0.1 | op=COMMIT_MULTIPART_UPLOAD_PARTKEY {"volume":"0b1127d1-f2a5-4591-b5d7-8895df63f038","bucket":"73cd074c-0e8c-431a-9da5-9b68564fe739","key":"2fdf9bea-1c1d-43e3-9e01-4874dd4325db","dataSize":"5242880","ETag":"79b281060d337b9b2b84ccf390adcf74","uploadID":"019a032d-67bd-7d8e-909c-a7007b78ff56-115408234000220473","partNumber":"1","partName":"/0b1127d1-f2a5-4591-b5d7-8895df63f038/73cd074c-0e8c-431a-9da5-9b68564fe739/2fdf9bea-1c1d-43e3-9e01-4874dd4325db-019a032d-67bd-7d8e-909c-a7007b78ff56-115408234000220473-1","Transaction":"1296"} | ret=SUCCESS |  
2025-10-20 19:51:38,737 [om1-OMDoubleBufferFlushThread] INFO  db.RDBCheckpointManager (RDBCheckpointManager.java:createCheckpoint(87)) - Created checkpoint in rocksDB at /home/runner/work/ozone/ozone/hadoop-ozone/integration-test/target/test-dir/MiniOzoneClusterImpl-6935df51-69ff-4c35-8bd4-ed2b81d70e54/om/data/db.snapshots/checkpointState/om.db-3e01baff-d35a-47bc-a3c1-a84bf186ea26 in 39 milliseconds
2025-10-20 19:51:38,737 | INFO  | OMAudit | user=runner | ip=127.0.0.1 | op=ALLOCATE_KEY {"volume":"0b1127d1-f2a5-4591-b5d7-8895df63f038","bucket":"73cd074c-0e8c-431a-9da5-9b68564fe739","key":"2fdf9bea-1c1d-43e3-9e01-4874dd4325db","dataSize":"5242880","Transaction":"1297"} | ret=SUCCESS |  
2025-10-20 19:51:38,739 | INFO  | SCMAudit | user=runner | ip=127.0.0.1 | op=ALLOCATE_BLOCK {"replication":"RATIS/ONE","owner":"omServiceIdDefault","size":"4194304","sampleBlocks":"[conID: 8 locID: 115816896921600341]","num":"1","client":"","allocated":"1"} | ret=SUCCESS |  
2025-10-20 19:51:38,740 | INFO  | OMAudit | user=runner | ip=127.0.0.1 | op=ALLOCATE_BLOCK {"volume":"0b1127d1-f2a5-4591-b5d7-8895df63f038","bucket":"73cd074c-0e8c-431a-9da5-9b68564fe739","key":"2fdf9bea-1c1d-43e3-9e01-4874dd4325db","dataSize":"5242880","replicationType":"RATIS","replicationFactor":"ONE","clientID":"115408234003562811","Transaction":"1298"} | ret=SUCCESS |  
2025-10-20 19:51:38,742 | INFO  | SCMAudit | user=runner | ip=127.0.0.1 | op=SEND_HEARTBEAT {"datanodeUUID":"e05592a5-d00f-4fc1-9e39-a968c1ecb04e","term":"2","command":"[]"} | ret=SUCCESS |  
2025-10-20 19:51:38,744 | INFO  | SCMAudit | user=runner | ip=127.0.0.1 | op=SEND_HEARTBEAT {"datanodeUUID":"33f74daf-be7a-4306-b2af-53e409c4cb93","term":"2","command":"[]"} | ret=SUCCESS |  
2025-10-20 19:51:38,763 | INFO  | SCMAudit | user=runner | ip=127.0.0.1 | op=ALLOCATE_BLOCK {"replication":"RATIS/ONE","owner":"omServiceIdDefault","size":"4194304","sampleBlocks":"[conID: 11 locID: 115816896921600342]","num":"1","client":"","allocated":"1"} | ret=SUCCESS |  
2025-10-20 19:51:38,763 [om1-OMDoubleBufferFlushThread] INFO  om.OmSnapshotManager (OmSnapshotManager.java:createOmSnapshotCheckpoint(545)) - Created checkpoint: /home/runner/work/ozone/ozone/hadoop-ozone/integration-test/target/test-dir/MiniOzoneClusterImpl-6935df51-69ff-4c35-8bd4-ed2b81d70e54/om/data/db.snapshots/checkpointState/om.db-3e01baff-d35a-47bc-a3c1-a84bf186ea26 for snapshot /vol-b-47597/buc-a-06236/snapshot-a-3-38836
2025-10-20 19:51:38,766 | INFO  | OMAudit | user=runner | ip=127.0.0.1 | op=ALLOCATE_BLOCK {"volume":"0b1127d1-f2a5-4591-b5d7-8895df63f038","bucket":"73cd074c-0e8c-431a-9da5-9b68564fe739","key":"2fdf9bea-1c1d-43e3-9e01-4874dd4325db","dataSize":"5242880","replicationType":"RATIS","replicationFactor":"ONE","clientID":"115408234003562811","Transaction":"1299"} | ret=SUCCESS |  
2025-10-20 19:51:38,783 | INFO  | OMAudit | user=runner | ip=127.0.0.1 | op=COMMIT_MULTIPART_UPLOAD_PARTKEY {"volume":"0b1127d1-f2a5-4591-b5d7-8895df63f038","bucket":"73cd074c-0e8c-431a-9da5-9b68564fe739","key":"2fdf9bea-1c1d-43e3-9e01-4874dd4325db","dataSize":"5242880","ETag":"79b281060d337b9b2b84ccf390adcf74","uploadID":"019a032d-67bd-7d8e-909c-a7007b78ff56-115408234000220473","partNumber":"2","partName":"/0b1127d1-f2a5-4591-b5d7-8895df63f038/73cd074c-0e8c-431a-9da5-9b68564fe739/2fdf9bea-1c1d-43e3-9e01-4874dd4325db-019a032d-67bd-7d8e-909c-a7007b78ff56-115408234000220473-2","Transaction":"1300"} | ret=SUCCESS |  
2025-10-20 19:51:38,787 | INFO  | OMAudit | user=runner | ip=127.0.0.1 | op=ALLOCATE_KEY {"volume":"0b1127d1-f2a5-4591-b5d7-8895df63f038","bucket":"73cd074c-0e8c-431a-9da5-9b68564fe739","key":"2fdf9bea-1c1d-43e3-9e01-4874dd4325db","dataSize":"36","Transaction":"1301"} | ret=SUCCESS |  
2025-10-20 19:51:38,789 | INFO  | SCMAudit | user=runner | ip=127.0.0.1 | op=ALLOCATE_BLOCK {"replication":"RATIS/ONE","owner":"omServiceIdDefault","size":"4194304","sampleBlocks":"[conID: 3 locID: 115816896921600343]","num":"1","client":"","allocated":"1"} | ret=SUCCESS |  
2025-10-20 19:51:38,791 | INFO  | OMAudit | user=runner | ip=127.0.0.1 | op=ALLOCATE_BLOCK {"volume":"0b1127d1-f2a5-4591-b5d7-8895df63f038","bucket":"73cd074c-0e8c-431a-9da5-9b68564fe739","key":"2fdf9bea-1c1d-43e3-9e01-4874dd4325db","dataSize":"36","replicationType":"RATIS","replicationFactor":"ONE","clientID":"115408234006774076","Transaction":"1302"} | ret=SUCCESS |  
2025-10-20 19:51:38,799 | INFO  | OMAudit | user=runner | ip=127.0.0.1 | op=COMMIT_MULTIPART_UPLOAD_PARTKEY {"volume":"0b1127d1-f2a5-4591-b5d7-8895df63f038","bucket":"73cd074c-0e8c-431a-9da5-9b68564fe739","key":"2fdf9bea-1c1d-43e3-9e01-4874dd4325db","dataSize":"36","ETag":"9f9ab06ccbc750781f745fad3b06cfe0","uploadID":"019a032d-67bd-7d8e-909c-a7007b78ff56-115408234000220473","partNumber":"3","partName":"/0b1127d1-f2a5-4591-b5d7-8895df63f038/73cd074c-0e8c-431a-9da5-9b68564fe739/2fdf9bea-1c1d-43e3-9e01-4874dd4325db-019a032d-67bd-7d8e-909c-a7007b78ff56-115408234000220473-3","Transaction":"1303"} | ret=SUCCESS |  
2025-10-20 19:51:38,806 | INFO  | OMAudit | user=runner | ip=127.0.0.1 | op=COMPLETE_MULTIPART_UPLOAD {"volume":"0b1127d1-f2a5-4591-b5d7-8895df63f038","bucket":"73cd074c-0e8c-431a-9da5-9b68564fe739","key":"2fdf9bea-1c1d-43e3-9e01-4874dd4325db","dataSize":"0","uploadID":"019a032d-67bd-7d8e-909c-a7007b78ff56-115408234000220473","multipartList":"[partNumber: 1 partName: \"79b281060d337b9b2b84ccf390adcf74\" eTag: \"79b281060d337b9b2b84ccf390adcf74\" , partNumber: 2 partName: \"79b281060d337b9b2b84ccf390adcf74\" eTag: \"79b281060d337b9b2b84ccf390adcf74\" , partNumber: 3 partName: \"9f9ab06ccbc750781f745fad3b06cfe0\" eTag: \"9f9ab06ccbc750781f745fad3b06cfe0\" ]","Transaction":"1304"} | ret=SUCCESS |  
2025-10-20 19:51:38,807 [om1-OMDoubleBufferFlushThread] INFO  db.RDBCheckpointManager (RDBCheckpointManager.java:createCheckpoint(87)) - Created checkpoint in rocksDB at /home/runner/work/ozone/ozone/hadoop-ozone/integration-test/target/test-dir/MiniOzoneClusterImpl-6935df51-69ff-4c35-8bd4-ed2b81d70e54/om/data/db.snapshots/checkpointState/om.db-f4303d87-6b2e-485f-ae05-c2e75e863038 in 41 milliseconds
2025-10-20 19:51:38,809 | INFO  | OMAudit | user=runner | ip=127.0.0.1 | op=READ_KEY {"volume":"0b1127d1-f2a5-4591-b5d7-8895df63f038","bucket":"73cd074c-0e8c-431a-9da5-9b68564fe739","key":"2fdf9bea-1c1d-43e3-9e01-4874dd4325db","owner":null,"dataSize":"0","replicationConfig":null} | ret=SUCCESS |  
2025-10-20 19:51:38,831 [om1-OMDoubleBufferFlushThread] INFO  om.OmSnapshotManager (OmSnapshotManager.java:createOmSnapshotCheckpoint(545)) - Created checkpoint: /home/runner/work/ozone/ozone/hadoop-ozone/integration-test/target/test-dir/MiniOzoneClusterImpl-6935df51-69ff-4c35-8bd4-ed2b81d70e54/om/data/db.snapshots/checkpointState/om.db-f4303d87-6b2e-485f-ae05-c2e75e863038 for snapshot /vol-b-47597/buc-b-16885/snapshot-a-3-69081
2025-10-20 19:51:38,847 | INFO  | SCMAudit | user=runner | ip=127.0.0.1 | op=SEND_HEARTBEAT {"datanodeUUID":"d7d8cf72-b9f6-4979-9c53-007dd6e6e48a","term":"2","command":"[]"} | ret=SUCCESS |  
2025-10-20 19:51:38,881 [om1-OMDoubleBufferFlushThread] INFO  db.RDBCheckpointManager (RDBCheckpointManager.java:createCheckpoint(87)) - Created checkpoint in rocksDB at /home/runner/work/ozone/ozone/hadoop-ozone/integration-test/target/test-dir/MiniOzoneClusterImpl-6935df51-69ff-4c35-8bd4-ed2b81d70e54/om/data/db.snapshots/checkpointState/om.db-007494d9-8993-4db5-96d5-2713809ce3cb in 47 milliseconds
2025-10-20 19:51:38,888 | INFO  | SCMAudit | user=runner | ip=127.0.0.1 | op=GET_CONTAINER_WITH_PIPELINE_BATCH {"containerIDs":"#3,#8,#27,#11,"} | ret=SUCCESS |  
2025-10-20 19:51:38,890 | INFO  | OMAudit | user=null | ip= | op=READ_KEY {"volume":"0b1127d1-f2a5-4591-b5d7-8895df63f038","bucket":"73cd074c-0e8c-431a-9da5-9b68564fe739","key":"2fdf9bea-1c1d-43e3-9e01-4874dd4325db","owner":null,"dataSize":"0","replicationConfig":null} | ret=SUCCESS |  
2025-10-20 19:51:38,890 | INFO  | SCMAudit | user=runner | ip=127.0.0.1 | op=GET_CONTAINER {"containerID":"27"} | ret=SUCCESS |  
2025-10-20 19:51:38,891 | INFO  | SCMAudit | user=runner | ip=127.0.0.1 | op=GET_CONTAINER {"containerID":"11"} | ret=SUCCESS |  
2025-10-20 19:51:38,892 | INFO  | SCMAudit | user=runner | ip=127.0.0.1 | op=GET_CONTAINER {"containerID":"8"} | ret=SUCCESS |  
2025-10-20 19:51:38,893 | INFO  | SCMAudit | user=runner | ip=127.0.0.1 | op=GET_CONTAINER {"containerID":"11"} | ret=SUCCESS |  
2025-10-20 19:51:38,893 | INFO  | SCMAudit | user=runner | ip=127.0.0.1 | op=GET_CONTAINER {"containerID":"3"} | ret=SUCCESS |  
2025-10-20 19:51:38,904 [om1-OMDoubleBufferFlushThread] INFO  om.OmSnapshotManager (OmSnapshotManager.java:createOmSnapshotCheckpoint(545)) - Created checkpoint: /home/runner/work/ozone/ozone/hadoop-ozone/integration-test/target/test-dir/MiniOzoneClusterImpl-6935df51-69ff-4c35-8bd4-ed2b81d70e54/om/data/db.snapshots/checkpointState/om.db-007494d9-8993-4db5-96d5-2713809ce3cb for snapshot /vol-a-65386/buc-a-06236/snapshot-a-4-41951
]]></system-out>
  </testcase>
  <testcase name="testMultipartUploadOverride(ReplicationConfig)[2]" classname="org.apache.hadoop.ozone.client.rpc.TestSecureOzoneRpcClient" time="0.754">
    <system-out><![CDATA[2025-10-20 19:51:38,909 [ForkJoinPool-1-worker-1] INFO  rpc.RpcClient (RpcClient.java:createVolume(461)) - Creating Volume: 45d841fd-806c-4d6e-ab53-cfba45ff507f, with runner as owner and space quota set to -1 bytes, counts quota set to -1
2025-10-20 19:51:38,911 [om1-OMStateMachineApplyTransactionThread - 0] INFO  volume.OMVolumeCreateRequest (OMVolumeCreateRequest.java:validateAndUpdateCache(213)) - created volume:45d841fd-806c-4d6e-ab53-cfba45ff507f for user:runner
2025-10-20 19:51:38,911 | INFO  | OMAudit | user=runner | ip=127.0.0.1 | op=CREATE_VOLUME {"admin":"runner","owner":"runner","volume":"45d841fd-806c-4d6e-ab53-cfba45ff507f","creationTime":"1760989898910","modificationTime":"1760989898910","quotaInBytes":"-1","quotaInNamespace":"-1","usedNamespace":"0","objectID":"-9223372036854441728","updateID":"1305","Transaction":"1305"} | ret=SUCCESS |  
2025-10-20 19:51:38,913 | INFO  | OMAudit | user=runner | ip=127.0.0.1 | op=READ_VOLUME {"volume":"45d841fd-806c-4d6e-ab53-cfba45ff507f"} | ret=SUCCESS |  
2025-10-20 19:51:38,913 [ForkJoinPool-1-worker-1] INFO  rpc.RpcClient (RpcClient.java:createBucket(686)) - Creating Bucket: 45d841fd-806c-4d6e-ab53-cfba45ff507f/e8ff62f8-0aec-4ac9-95ac-4b24c8fb1510, with server-side default bucket layout, runner as owner, Versioning false, Storage Type set to DISK and Encryption set to false, Replication Type set to server-side default replication type, Namespace Quota set to -1, Space Quota set to -1 
2025-10-20 19:51:38,916 [om1-OMStateMachineApplyTransactionThread - 0] INFO  bucket.OMBucketCreateRequest (OMBucketCreateRequest.java:validateAndUpdateCache(303)) - created bucket: e8ff62f8-0aec-4ac9-95ac-4b24c8fb1510 of layout FILE_SYSTEM_OPTIMIZED in volume: 45d841fd-806c-4d6e-ab53-cfba45ff507f
2025-10-20 19:51:38,916 | INFO  | OMAudit | user=runner | ip=127.0.0.1 | op=CREATE_BUCKET {"volume":"45d841fd-806c-4d6e-ab53-cfba45ff507f","bucket":"e8ff62f8-0aec-4ac9-95ac-4b24c8fb1510","bucketLayout":"FILE_SYSTEM_OPTIMIZED","gdprEnabled":null,"acls":"[user:runner:a[ACCESS], group:runner:rl[ACCESS]]","isVersionEnabled":"false","storageType":"DISK","creationTime":"1760989898915","bucketEncryptionKey":null,"modificationTime":"1760989898915","usedBytes":"0","usedNamespace":"0","snapshotUsedBytes":"0","snapshotUsedNamespace":"0","owner":"runner","replicationType":null,"replicationConfig":null,"quotaInBytes":"-1","quotaInNamespace":"-1","Transaction":"1306"} | ret=SUCCESS |  
2025-10-20 19:51:38,918 | INFO  | OMAudit | user=runner | ip=127.0.0.1 | op=READ_BUCKET {"volume":"45d841fd-806c-4d6e-ab53-cfba45ff507f","bucket":"e8ff62f8-0aec-4ac9-95ac-4b24c8fb1510"} | ret=SUCCESS |  
2025-10-20 19:51:38,922 | INFO  | OMAudit | user=runner | ip=127.0.0.1 | op=INITIATE_MULTIPART_UPLOAD {"volume":"45d841fd-806c-4d6e-ab53-cfba45ff507f","bucket":"e8ff62f8-0aec-4ac9-95ac-4b24c8fb1510","key":"c23cd91c-b75e-42c6-852c-3bf71b10b655","dataSize":"0","replicationType":"RATIS","replicationFactor":"THREE","uploadID":"019a032d-68a8-73d3-83c7-a8d22b3a06af-115408234015621437","Transaction":"1307"} | ret=SUCCESS |  
2025-10-20 19:51:38,927 | INFO  | OMAudit | user=runner | ip=127.0.0.1 | op=ALLOCATE_KEY {"volume":"45d841fd-806c-4d6e-ab53-cfba45ff507f","bucket":"e8ff62f8-0aec-4ac9-95ac-4b24c8fb1510","key":"c23cd91c-b75e-42c6-852c-3bf71b10b655","dataSize":"5242880","Transaction":"1308"} | ret=SUCCESS |  
2025-10-20 19:51:38,930 | INFO  | SCMAudit | user=runner | ip=127.0.0.1 | op=ALLOCATE_BLOCK {"replication":"RATIS/THREE","owner":"omServiceIdDefault","size":"4194304","sampleBlocks":"[conID: 15 locID: 115816896921600344]","num":"1","client":"","allocated":"1"} | ret=SUCCESS |  
2025-10-20 19:51:38,932 | INFO  | OMAudit | user=runner | ip=127.0.0.1 | op=ALLOCATE_BLOCK {"volume":"45d841fd-806c-4d6e-ab53-cfba45ff507f","bucket":"e8ff62f8-0aec-4ac9-95ac-4b24c8fb1510","key":"c23cd91c-b75e-42c6-852c-3bf71b10b655","dataSize":"5242880","replicationType":"RATIS","replicationFactor":"THREE","clientID":"115408234016014654","Transaction":"1309"} | ret=SUCCESS |  
2025-10-20 19:51:38,959 [om1-OMDoubleBufferFlushThread] INFO  db.RDBCheckpointManager (RDBCheckpointManager.java:createCheckpoint(87)) - Created checkpoint in rocksDB at /home/runner/work/ozone/ozone/hadoop-ozone/integration-test/target/test-dir/MiniOzoneClusterImpl-6935df51-69ff-4c35-8bd4-ed2b81d70e54/om/data/db.snapshots/checkpointState/om.db-aa258f75-1ef5-4090-ab9d-c1696f17b361 in 53 milliseconds
2025-10-20 19:51:38,998 | INFO  | SCMAudit | user=runner | ip=127.0.0.1 | op=ALLOCATE_BLOCK {"replication":"RATIS/THREE","owner":"omServiceIdDefault","size":"4194304","sampleBlocks":"[conID: 18 locID: 115816896921600345]","num":"1","client":"","allocated":"1"} | ret=SUCCESS |  
2025-10-20 19:51:39,002 | INFO  | OMAudit | user=runner | ip=127.0.0.1 | op=ALLOCATE_BLOCK {"volume":"45d841fd-806c-4d6e-ab53-cfba45ff507f","bucket":"e8ff62f8-0aec-4ac9-95ac-4b24c8fb1510","key":"c23cd91c-b75e-42c6-852c-3bf71b10b655","dataSize":"5242880","replicationType":"RATIS","replicationFactor":"THREE","clientID":"115408234016014654","Transaction":"1310"} | ret=SUCCESS |  
2025-10-20 19:51:39,020 [om1-OMDoubleBufferFlushThread] INFO  om.OmSnapshotManager (OmSnapshotManager.java:createOmSnapshotCheckpoint(545)) - Created checkpoint: /home/runner/work/ozone/ozone/hadoop-ozone/integration-test/target/test-dir/MiniOzoneClusterImpl-6935df51-69ff-4c35-8bd4-ed2b81d70e54/om/data/db.snapshots/checkpointState/om.db-aa258f75-1ef5-4090-ab9d-c1696f17b361 for snapshot /vol-a-65386/buc-b-16885/snapshot-a-4-97811
2025-10-20 19:51:39,029 | INFO  | OMAudit | user=runner | ip=127.0.0.1 | op=COMMIT_MULTIPART_UPLOAD_PARTKEY {"volume":"45d841fd-806c-4d6e-ab53-cfba45ff507f","bucket":"e8ff62f8-0aec-4ac9-95ac-4b24c8fb1510","key":"c23cd91c-b75e-42c6-852c-3bf71b10b655","dataSize":"5242880","ETag":"5ec9ae7549d12b830c2796d79d95cb39","uploadID":"019a032d-68a8-73d3-83c7-a8d22b3a06af-115408234015621437","partNumber":"1","partName":"/45d841fd-806c-4d6e-ab53-cfba45ff507f/e8ff62f8-0aec-4ac9-95ac-4b24c8fb1510/c23cd91c-b75e-42c6-852c-3bf71b10b655-019a032d-68a8-73d3-83c7-a8d22b3a06af-115408234015621437-1","Transaction":"1311"} | ret=SUCCESS |  
2025-10-20 19:51:39,033 | INFO  | OMAudit | user=runner | ip=127.0.0.1 | op=ALLOCATE_KEY {"volume":"45d841fd-806c-4d6e-ab53-cfba45ff507f","bucket":"e8ff62f8-0aec-4ac9-95ac-4b24c8fb1510","key":"c23cd91c-b75e-42c6-852c-3bf71b10b655","dataSize":"5242880","Transaction":"1312"} | ret=SUCCESS |  
2025-10-20 19:51:39,036 | INFO  | SCMAudit | user=runner | ip=127.0.0.1 | op=ALLOCATE_BLOCK {"replication":"RATIS/THREE","owner":"omServiceIdDefault","size":"4194304","sampleBlocks":"[conID: 21 locID: 115816896921600346]","num":"1","client":"","allocated":"1"} | ret=SUCCESS |  
2025-10-20 19:51:39,038 | INFO  | OMAudit | user=runner | ip=127.0.0.1 | op=ALLOCATE_BLOCK {"volume":"45d841fd-806c-4d6e-ab53-cfba45ff507f","bucket":"e8ff62f8-0aec-4ac9-95ac-4b24c8fb1510","key":"c23cd91c-b75e-42c6-852c-3bf71b10b655","dataSize":"5242880","replicationType":"RATIS","replicationFactor":"THREE","clientID":"115408234022895935","Transaction":"1313"} | ret=SUCCESS |  
2025-10-20 19:51:39,067 [om1-OMDoubleBufferFlushThread] INFO  db.RDBCheckpointManager (RDBCheckpointManager.java:createCheckpoint(87)) - Created checkpoint in rocksDB at /home/runner/work/ozone/ozone/hadoop-ozone/integration-test/target/test-dir/MiniOzoneClusterImpl-6935df51-69ff-4c35-8bd4-ed2b81d70e54/om/data/db.snapshots/checkpointState/om.db-95b91162-541f-417f-a7e6-9e1402b2ee3f in 45 milliseconds
2025-10-20 19:51:39,104 [om1-OMDoubleBufferFlushThread] INFO  om.OmSnapshotManager (OmSnapshotManager.java:createOmSnapshotCheckpoint(545)) - Created checkpoint: /home/runner/work/ozone/ozone/hadoop-ozone/integration-test/target/test-dir/MiniOzoneClusterImpl-6935df51-69ff-4c35-8bd4-ed2b81d70e54/om/data/db.snapshots/checkpointState/om.db-95b91162-541f-417f-a7e6-9e1402b2ee3f for snapshot /vol-b-47597/buc-a-06236/snapshot-a-4-94332
2025-10-20 19:51:39,111 | INFO  | SCMAudit | user=runner | ip=127.0.0.1 | op=ALLOCATE_BLOCK {"replication":"RATIS/THREE","owner":"omServiceIdDefault","size":"4194304","sampleBlocks":"[conID: 17 locID: 115816896921600347]","num":"1","client":"","allocated":"1"} | ret=SUCCESS |  
2025-10-20 19:51:39,120 | INFO  | OMAudit | user=runner | ip=127.0.0.1 | op=ALLOCATE_BLOCK {"volume":"45d841fd-806c-4d6e-ab53-cfba45ff507f","bucket":"e8ff62f8-0aec-4ac9-95ac-4b24c8fb1510","key":"c23cd91c-b75e-42c6-852c-3bf71b10b655","dataSize":"5242880","replicationType":"RATIS","replicationFactor":"THREE","clientID":"115408234022895935","Transaction":"1314"} | ret=SUCCESS |  
2025-10-20 19:51:39,164 | INFO  | OMAudit | user=runner | ip=127.0.0.1 | op=COMMIT_MULTIPART_UPLOAD_PARTKEY {"volume":"45d841fd-806c-4d6e-ab53-cfba45ff507f","bucket":"e8ff62f8-0aec-4ac9-95ac-4b24c8fb1510","key":"c23cd91c-b75e-42c6-852c-3bf71b10b655","dataSize":"5242880","ETag":"5ec9ae7549d12b830c2796d79d95cb39","uploadID":"019a032d-68a8-73d3-83c7-a8d22b3a06af-115408234015621437","partNumber":"2","partName":"/45d841fd-806c-4d6e-ab53-cfba45ff507f/e8ff62f8-0aec-4ac9-95ac-4b24c8fb1510/c23cd91c-b75e-42c6-852c-3bf71b10b655-019a032d-68a8-73d3-83c7-a8d22b3a06af-115408234015621437-2","Transaction":"1315"} | ret=SUCCESS |  
2025-10-20 19:51:39,165 [om1-OMDoubleBufferFlushThread] INFO  db.RDBCheckpointManager (RDBCheckpointManager.java:createCheckpoint(87)) - Created checkpoint in rocksDB at /home/runner/work/ozone/ozone/hadoop-ozone/integration-test/target/test-dir/MiniOzoneClusterImpl-6935df51-69ff-4c35-8bd4-ed2b81d70e54/om/data/db.snapshots/checkpointState/om.db-d99311da-cbca-4cc7-b7f2-f730d30cbdcc in 58 milliseconds
2025-10-20 19:51:39,169 | INFO  | OMAudit | user=runner | ip=127.0.0.1 | op=ALLOCATE_KEY {"volume":"45d841fd-806c-4d6e-ab53-cfba45ff507f","bucket":"e8ff62f8-0aec-4ac9-95ac-4b24c8fb1510","key":"c23cd91c-b75e-42c6-852c-3bf71b10b655","dataSize":"36","Transaction":"1316"} | ret=SUCCESS |  
2025-10-20 19:51:39,172 | INFO  | SCMAudit | user=runner | ip=127.0.0.1 | op=ALLOCATE_BLOCK {"replication":"RATIS/THREE","owner":"omServiceIdDefault","size":"4194304","sampleBlocks":"[conID: 20 locID: 115816896921600348]","num":"1","client":"","allocated":"1"} | ret=SUCCESS |  
2025-10-20 19:51:39,175 | INFO  | SCMAudit | user=runner | ip=127.0.0.1 | op=SEND_HEARTBEAT {"datanodeUUID":"ef67b0a7-5b27-496d-9f38-ab804a28e500","term":"2","command":"[]"} | ret=SUCCESS |  
2025-10-20 19:51:39,176 | INFO  | OMAudit | user=runner | ip=127.0.0.1 | op=ALLOCATE_BLOCK {"volume":"45d841fd-806c-4d6e-ab53-cfba45ff507f","bucket":"e8ff62f8-0aec-4ac9-95ac-4b24c8fb1510","key":"c23cd91c-b75e-42c6-852c-3bf71b10b655","dataSize":"36","replicationType":"RATIS","replicationFactor":"THREE","clientID":"115408234031874368","Transaction":"1317"} | ret=SUCCESS |  
2025-10-20 19:51:39,178 | INFO  | SCMAudit | user=runner | ip=127.0.0.1 | op=SEND_HEARTBEAT {"datanodeUUID":"7bb0e7f0-2b36-4ec0-8a09-ceac75d91a36","term":"2","command":"[]"} | ret=SUCCESS |  
2025-10-20 19:51:39,190 [om1-OMDoubleBufferFlushThread] INFO  om.OmSnapshotManager (OmSnapshotManager.java:createOmSnapshotCheckpoint(545)) - Created checkpoint: /home/runner/work/ozone/ozone/hadoop-ozone/integration-test/target/test-dir/MiniOzoneClusterImpl-6935df51-69ff-4c35-8bd4-ed2b81d70e54/om/data/db.snapshots/checkpointState/om.db-d99311da-cbca-4cc7-b7f2-f730d30cbdcc for snapshot /vol-b-47597/buc-b-16885/snapshot-a-4-12797
2025-10-20 19:51:39,199 | INFO  | OMAudit | user=runner | ip=127.0.0.1 | op=COMMIT_MULTIPART_UPLOAD_PARTKEY {"volume":"45d841fd-806c-4d6e-ab53-cfba45ff507f","bucket":"e8ff62f8-0aec-4ac9-95ac-4b24c8fb1510","key":"c23cd91c-b75e-42c6-852c-3bf71b10b655","dataSize":"36","ETag":"bdf6c949e0f508fd013e81442b4a2893","uploadID":"019a032d-68a8-73d3-83c7-a8d22b3a06af-115408234015621437","partNumber":"3","partName":"/45d841fd-806c-4d6e-ab53-cfba45ff507f/e8ff62f8-0aec-4ac9-95ac-4b24c8fb1510/c23cd91c-b75e-42c6-852c-3bf71b10b655-019a032d-68a8-73d3-83c7-a8d22b3a06af-115408234015621437-3","Transaction":"1318"} | ret=SUCCESS |  
2025-10-20 19:51:39,202 | INFO  | OMAudit | user=runner | ip=127.0.0.1 | op=COMPLETE_MULTIPART_UPLOAD {"volume":"45d841fd-806c-4d6e-ab53-cfba45ff507f","bucket":"e8ff62f8-0aec-4ac9-95ac-4b24c8fb1510","key":"c23cd91c-b75e-42c6-852c-3bf71b10b655","dataSize":"0","uploadID":"019a032d-68a8-73d3-83c7-a8d22b3a06af-115408234015621437","multipartList":"[partNumber: 1 partName: \"5ec9ae7549d12b830c2796d79d95cb39\" eTag: \"5ec9ae7549d12b830c2796d79d95cb39\" , partNumber: 2 partName: \"5ec9ae7549d12b830c2796d79d95cb39\" eTag: \"5ec9ae7549d12b830c2796d79d95cb39\" , partNumber: 3 partName: \"bdf6c949e0f508fd013e81442b4a2893\" eTag: \"bdf6c949e0f508fd013e81442b4a2893\" ]","Transaction":"1319"} | ret=SUCCESS |  
2025-10-20 19:51:39,205 | INFO  | SCMAudit | user=runner | ip=127.0.0.1 | op=GET_CONTAINER_WITH_PIPELINE_BATCH {"containerIDs":"#17,#18,#20,#21,#15,"} | ret=SUCCESS |  
2025-10-20 19:51:39,207 | INFO  | OMAudit | user=runner | ip=127.0.0.1 | op=READ_KEY {"volume":"45d841fd-806c-4d6e-ab53-cfba45ff507f","bucket":"e8ff62f8-0aec-4ac9-95ac-4b24c8fb1510","key":"c23cd91c-b75e-42c6-852c-3bf71b10b655","owner":null,"dataSize":"0","replicationConfig":null} | ret=SUCCESS |  
2025-10-20 19:51:39,241 [om1-OMDoubleBufferFlushThread] INFO  db.RDBCheckpointManager (RDBCheckpointManager.java:createCheckpoint(87)) - Created checkpoint in rocksDB at /home/runner/work/ozone/ozone/hadoop-ozone/integration-test/target/test-dir/MiniOzoneClusterImpl-6935df51-69ff-4c35-8bd4-ed2b81d70e54/om/data/db.snapshots/checkpointState/om.db-2bd5a464-f192-492c-8aad-f387bd6eb59f in 48 milliseconds
2025-10-20 19:51:39,267 | INFO  | SCMAudit | user=runner | ip=127.0.0.1 | op=SEND_HEARTBEAT {"datanodeUUID":"af0e5da1-57af-45e9-9aca-fa0798d05628","term":"2","command":"[]"} | ret=SUCCESS |  
2025-10-20 19:51:39,281 [om1-OMDoubleBufferFlushThread] INFO  om.OmSnapshotManager (OmSnapshotManager.java:createOmSnapshotCheckpoint(545)) - Created checkpoint: /home/runner/work/ozone/ozone/hadoop-ozone/integration-test/target/test-dir/MiniOzoneClusterImpl-6935df51-69ff-4c35-8bd4-ed2b81d70e54/om/data/db.snapshots/checkpointState/om.db-2bd5a464-f192-492c-8aad-f387bd6eb59f for snapshot /vol-a-65386/buc-a-06236/snapshot-a-5-64399
2025-10-20 19:51:39,327 | INFO  | SCMAudit | user=runner | ip=127.0.0.1 | op=GET_CONTAINER_WITH_PIPELINE_BATCH {"containerIDs":"#17,#18,#20,#21,#15,"} | ret=SUCCESS |  
2025-10-20 19:51:39,329 | INFO  | OMAudit | user=null | ip= | op=READ_KEY {"volume":"45d841fd-806c-4d6e-ab53-cfba45ff507f","bucket":"e8ff62f8-0aec-4ac9-95ac-4b24c8fb1510","key":"c23cd91c-b75e-42c6-852c-3bf71b10b655","owner":null,"dataSize":"0","replicationConfig":null} | ret=SUCCESS |  
2025-10-20 19:51:39,331 | INFO  | SCMAudit | user=runner | ip=127.0.0.1 | op=GET_CONTAINER {"containerID":"15"} | ret=SUCCESS |  
2025-10-20 19:51:39,332 | INFO  | SCMAudit | user=runner | ip=127.0.0.1 | op=GET_CONTAINER {"containerID":"18"} | ret=SUCCESS |  
2025-10-20 19:51:39,332 [om1-OMDoubleBufferFlushThread] INFO  db.RDBCheckpointManager (RDBCheckpointManager.java:createCheckpoint(87)) - Created checkpoint in rocksDB at /home/runner/work/ozone/ozone/hadoop-ozone/integration-test/target/test-dir/MiniOzoneClusterImpl-6935df51-69ff-4c35-8bd4-ed2b81d70e54/om/data/db.snapshots/checkpointState/om.db-5655daac-bad2-4a90-bdea-42c94093b0b5 in 50 milliseconds
2025-10-20 19:51:39,334 | INFO  | SCMAudit | user=runner | ip=127.0.0.1 | op=GET_CONTAINER {"containerID":"21"} | ret=SUCCESS |  
2025-10-20 19:51:39,334 | INFO  | SCMAudit | user=runner | ip=127.0.0.1 | op=GET_CONTAINER {"containerID":"17"} | ret=SUCCESS |  
2025-10-20 19:51:39,335 | INFO  | SCMAudit | user=runner | ip=127.0.0.1 | op=GET_CONTAINER {"containerID":"20"} | ret=SUCCESS |  
2025-10-20 19:51:39,368 [om1-OMDoubleBufferFlushThread] INFO  om.OmSnapshotManager (OmSnapshotManager.java:createOmSnapshotCheckpoint(545)) - Created checkpoint: /home/runner/work/ozone/ozone/hadoop-ozone/integration-test/target/test-dir/MiniOzoneClusterImpl-6935df51-69ff-4c35-8bd4-ed2b81d70e54/om/data/db.snapshots/checkpointState/om.db-5655daac-bad2-4a90-bdea-42c94093b0b5 for snapshot /vol-a-65386/buc-b-16885/snapshot-a-5-97235
2025-10-20 19:51:39,373 | INFO  | OMAudit | user=runner | ip=127.0.0.1 | op=INITIATE_MULTIPART_UPLOAD {"volume":"45d841fd-806c-4d6e-ab53-cfba45ff507f","bucket":"e8ff62f8-0aec-4ac9-95ac-4b24c8fb1510","key":"c23cd91c-b75e-42c6-852c-3bf71b10b655","dataSize":"0","replicationType":"RATIS","replicationFactor":"THREE","uploadID":"019a032d-6a68-78e1-9bcc-1371328f55b0-115408234044981569","Transaction":"1320"} | ret=SUCCESS |  
2025-10-20 19:51:39,378 | INFO  | OMAudit | user=runner | ip=127.0.0.1 | op=ALLOCATE_KEY {"volume":"45d841fd-806c-4d6e-ab53-cfba45ff507f","bucket":"e8ff62f8-0aec-4ac9-95ac-4b24c8fb1510","key":"c23cd91c-b75e-42c6-852c-3bf71b10b655","dataSize":"5242880","Transaction":"1321"} | ret=SUCCESS |  
2025-10-20 19:51:39,381 | INFO  | SCMAudit | user=runner | ip=127.0.0.1 | op=ALLOCATE_BLOCK {"replication":"RATIS/THREE","owner":"omServiceIdDefault","size":"4194304","sampleBlocks":"[conID: 17 locID: 115816896921600349]","num":"1","client":"","allocated":"1"} | ret=SUCCESS |  
2025-10-20 19:51:39,384 | INFO  | OMAudit | user=runner | ip=127.0.0.1 | op=ALLOCATE_BLOCK {"volume":"45d841fd-806c-4d6e-ab53-cfba45ff507f","bucket":"e8ff62f8-0aec-4ac9-95ac-4b24c8fb1510","key":"c23cd91c-b75e-42c6-852c-3bf71b10b655","dataSize":"5242880","replicationType":"RATIS","replicationFactor":"THREE","clientID":"115408234045505858","Transaction":"1322"} | ret=SUCCESS |  
2025-10-20 19:51:39,417 [om1-OMDoubleBufferFlushThread] INFO  db.RDBCheckpointManager (RDBCheckpointManager.java:createCheckpoint(87)) - Created checkpoint in rocksDB at /home/runner/work/ozone/ozone/hadoop-ozone/integration-test/target/test-dir/MiniOzoneClusterImpl-6935df51-69ff-4c35-8bd4-ed2b81d70e54/om/data/db.snapshots/checkpointState/om.db-87a9d168-9ecc-409d-a3f3-59f4b8f1815e in 45 milliseconds
2025-10-20 19:51:39,436 | INFO  | SCMAudit | user=runner | ip=127.0.0.1 | op=ALLOCATE_BLOCK {"replication":"RATIS/THREE","owner":"omServiceIdDefault","size":"4194304","sampleBlocks":"[conID: 21 locID: 115816896921600350]","num":"1","client":"","allocated":"1"} | ret=SUCCESS |  
2025-10-20 19:51:39,441 | INFO  | OMAudit | user=runner | ip=127.0.0.1 | op=ALLOCATE_BLOCK {"volume":"45d841fd-806c-4d6e-ab53-cfba45ff507f","bucket":"e8ff62f8-0aec-4ac9-95ac-4b24c8fb1510","key":"c23cd91c-b75e-42c6-852c-3bf71b10b655","dataSize":"5242880","replicationType":"RATIS","replicationFactor":"THREE","clientID":"115408234045505858","Transaction":"1323"} | ret=SUCCESS |  
2025-10-20 19:51:39,447 | INFO  | SCMAudit | user=runner | ip=127.0.0.1 | op=SEND_HEARTBEAT {"datanodeUUID":"b614738c-cdff-4f09-bf59-ed5bb75d51be","term":"2","command":"[]"} | ret=SUCCESS |  
2025-10-20 19:51:39,450 | INFO  | SCMAudit | user=runner | ip=127.0.0.1 | op=SEND_HEARTBEAT {"datanodeUUID":"361055de-215b-4c6c-94c2-be1c1da118d1","term":"2","command":"[]"} | ret=SUCCESS |  
2025-10-20 19:51:39,452 | INFO  | SCMAudit | user=runner | ip=127.0.0.1 | op=SEND_HEARTBEAT {"datanodeUUID":"38991c48-ffb3-4453-b758-77d6b4ebc62b","term":"2","command":"[]"} | ret=SUCCESS |  
2025-10-20 19:51:39,452 | INFO  | SCMAudit | user=runner | ip=127.0.0.1 | op=SEND_HEARTBEAT {"datanodeUUID":"c90bff1f-5a1f-42c6-8fca-9533d718c79a","term":"2","command":"[]"} | ret=SUCCESS |  
2025-10-20 19:51:39,458 [om1-OMDoubleBufferFlushThread] INFO  om.OmSnapshotManager (OmSnapshotManager.java:createOmSnapshotCheckpoint(545)) - Created checkpoint: /home/runner/work/ozone/ozone/hadoop-ozone/integration-test/target/test-dir/MiniOzoneClusterImpl-6935df51-69ff-4c35-8bd4-ed2b81d70e54/om/data/db.snapshots/checkpointState/om.db-87a9d168-9ecc-409d-a3f3-59f4b8f1815e for snapshot /vol-b-47597/buc-a-06236/snapshot-a-5-57738
2025-10-20 19:51:39,478 | INFO  | OMAudit | user=runner | ip=127.0.0.1 | op=COMMIT_MULTIPART_UPLOAD_PARTKEY {"volume":"45d841fd-806c-4d6e-ab53-cfba45ff507f","bucket":"e8ff62f8-0aec-4ac9-95ac-4b24c8fb1510","key":"c23cd91c-b75e-42c6-852c-3bf71b10b655","dataSize":"5242880","ETag":"79b281060d337b9b2b84ccf390adcf74","uploadID":"019a032d-6a68-78e1-9bcc-1371328f55b0-115408234044981569","partNumber":"1","partName":"/45d841fd-806c-4d6e-ab53-cfba45ff507f/e8ff62f8-0aec-4ac9-95ac-4b24c8fb1510/c23cd91c-b75e-42c6-852c-3bf71b10b655-019a032d-6a68-78e1-9bcc-1371328f55b0-115408234044981569-1","Transaction":"1324"} | ret=SUCCESS |  
2025-10-20 19:51:39,481 | INFO  | OMAudit | user=runner | ip=127.0.0.1 | op=ALLOCATE_KEY {"volume":"45d841fd-806c-4d6e-ab53-cfba45ff507f","bucket":"e8ff62f8-0aec-4ac9-95ac-4b24c8fb1510","key":"c23cd91c-b75e-42c6-852c-3bf71b10b655","dataSize":"5242880","Transaction":"1325"} | ret=SUCCESS |  
2025-10-20 19:51:39,483 | INFO  | SCMAudit | user=runner | ip=127.0.0.1 | op=ALLOCATE_BLOCK {"replication":"RATIS/THREE","owner":"omServiceIdDefault","size":"4194304","sampleBlocks":"[conID: 21 locID: 115816896921600351]","num":"1","client":"","allocated":"1"} | ret=SUCCESS |  
2025-10-20 19:51:39,484 | INFO  | OMAudit | user=runner | ip=127.0.0.1 | op=ALLOCATE_BLOCK {"volume":"45d841fd-806c-4d6e-ab53-cfba45ff507f","bucket":"e8ff62f8-0aec-4ac9-95ac-4b24c8fb1510","key":"c23cd91c-b75e-42c6-852c-3bf71b10b655","dataSize":"5242880","replicationType":"RATIS","replicationFactor":"THREE","clientID":"115408234052321603","Transaction":"1326"} | ret=SUCCESS |  
2025-10-20 19:51:39,515 [om1-OMDoubleBufferFlushThread] INFO  db.RDBCheckpointManager (RDBCheckpointManager.java:createCheckpoint(87)) - Created checkpoint in rocksDB at /home/runner/work/ozone/ozone/hadoop-ozone/integration-test/target/test-dir/MiniOzoneClusterImpl-6935df51-69ff-4c35-8bd4-ed2b81d70e54/om/data/db.snapshots/checkpointState/om.db-9062eed2-ebd6-4f41-8dfe-e9dc39673e1c in 54 milliseconds
2025-10-20 19:51:39,521 | INFO  | SCMAudit | user=runner | ip=127.0.0.1 | op=ALLOCATE_BLOCK {"replication":"RATIS/THREE","owner":"omServiceIdDefault","size":"4194304","sampleBlocks":"[conID: 16 locID: 115816896921600352]","num":"1","client":"","allocated":"1"} | ret=SUCCESS |  
2025-10-20 19:51:39,526 | INFO  | OMAudit | user=runner | ip=127.0.0.1 | op=ALLOCATE_BLOCK {"volume":"45d841fd-806c-4d6e-ab53-cfba45ff507f","bucket":"e8ff62f8-0aec-4ac9-95ac-4b24c8fb1510","key":"c23cd91c-b75e-42c6-852c-3bf71b10b655","dataSize":"5242880","replicationType":"RATIS","replicationFactor":"THREE","clientID":"115408234052321603","Transaction":"1327"} | ret=SUCCESS |  
2025-10-20 19:51:39,543 [om1-OMDoubleBufferFlushThread] INFO  om.OmSnapshotManager (OmSnapshotManager.java:createOmSnapshotCheckpoint(545)) - Created checkpoint: /home/runner/work/ozone/ozone/hadoop-ozone/integration-test/target/test-dir/MiniOzoneClusterImpl-6935df51-69ff-4c35-8bd4-ed2b81d70e54/om/data/db.snapshots/checkpointState/om.db-9062eed2-ebd6-4f41-8dfe-e9dc39673e1c for snapshot /vol-b-47597/buc-b-16885/snapshot-a-5-10204
2025-10-20 19:51:39,552 | INFO  | OMAudit | user=runner | ip=127.0.0.1 | op=COMMIT_MULTIPART_UPLOAD_PARTKEY {"volume":"45d841fd-806c-4d6e-ab53-cfba45ff507f","bucket":"e8ff62f8-0aec-4ac9-95ac-4b24c8fb1510","key":"c23cd91c-b75e-42c6-852c-3bf71b10b655","dataSize":"5242880","ETag":"79b281060d337b9b2b84ccf390adcf74","uploadID":"019a032d-6a68-78e1-9bcc-1371328f55b0-115408234044981569","partNumber":"2","partName":"/45d841fd-806c-4d6e-ab53-cfba45ff507f/e8ff62f8-0aec-4ac9-95ac-4b24c8fb1510/c23cd91c-b75e-42c6-852c-3bf71b10b655-019a032d-6a68-78e1-9bcc-1371328f55b0-115408234044981569-2","Transaction":"1328"} | ret=SUCCESS |  
2025-10-20 19:51:39,556 | INFO  | OMAudit | user=runner | ip=127.0.0.1 | op=ALLOCATE_KEY {"volume":"45d841fd-806c-4d6e-ab53-cfba45ff507f","bucket":"e8ff62f8-0aec-4ac9-95ac-4b24c8fb1510","key":"c23cd91c-b75e-42c6-852c-3bf71b10b655","dataSize":"36","Transaction":"1329"} | ret=SUCCESS |  
2025-10-20 19:51:39,558 | INFO  | SCMAudit | user=runner | ip=127.0.0.1 | op=ALLOCATE_BLOCK {"replication":"RATIS/THREE","owner":"omServiceIdDefault","size":"4194304","sampleBlocks":"[conID: 21 locID: 115816896921600353]","num":"1","client":"","allocated":"1"} | ret=SUCCESS |  
2025-10-20 19:51:39,561 | INFO  | OMAudit | user=runner | ip=127.0.0.1 | op=ALLOCATE_BLOCK {"volume":"45d841fd-806c-4d6e-ab53-cfba45ff507f","bucket":"e8ff62f8-0aec-4ac9-95ac-4b24c8fb1510","key":"c23cd91c-b75e-42c6-852c-3bf71b10b655","dataSize":"36","replicationType":"RATIS","replicationFactor":"THREE","clientID":"115408234057171268","Transaction":"1330"} | ret=SUCCESS |  
2025-10-20 19:51:39,571 | INFO  | OMAudit | user=runner | ip=127.0.0.1 | op=COMMIT_MULTIPART_UPLOAD_PARTKEY {"volume":"45d841fd-806c-4d6e-ab53-cfba45ff507f","bucket":"e8ff62f8-0aec-4ac9-95ac-4b24c8fb1510","key":"c23cd91c-b75e-42c6-852c-3bf71b10b655","dataSize":"36","ETag":"5ee9aac7271281b5d22a8d0da7b351b8","uploadID":"019a032d-6a68-78e1-9bcc-1371328f55b0-115408234044981569","partNumber":"3","partName":"/45d841fd-806c-4d6e-ab53-cfba45ff507f/e8ff62f8-0aec-4ac9-95ac-4b24c8fb1510/c23cd91c-b75e-42c6-852c-3bf71b10b655-019a032d-6a68-78e1-9bcc-1371328f55b0-115408234044981569-3","Transaction":"1331"} | ret=SUCCESS |  
2025-10-20 19:51:39,575 | INFO  | OMAudit | user=runner | ip=127.0.0.1 | op=COMPLETE_MULTIPART_UPLOAD {"volume":"45d841fd-806c-4d6e-ab53-cfba45ff507f","bucket":"e8ff62f8-0aec-4ac9-95ac-4b24c8fb1510","key":"c23cd91c-b75e-42c6-852c-3bf71b10b655","dataSize":"0","uploadID":"019a032d-6a68-78e1-9bcc-1371328f55b0-115408234044981569","multipartList":"[partNumber: 1 partName: \"79b281060d337b9b2b84ccf390adcf74\" eTag: \"79b281060d337b9b2b84ccf390adcf74\" , partNumber: 2 partName: \"79b281060d337b9b2b84ccf390adcf74\" eTag: \"79b281060d337b9b2b84ccf390adcf74\" , partNumber: 3 partName: \"5ee9aac7271281b5d22a8d0da7b351b8\" eTag: \"5ee9aac7271281b5d22a8d0da7b351b8\" ]","Transaction":"1332"} | ret=SUCCESS |  
2025-10-20 19:51:39,580 | INFO  | SCMAudit | user=runner | ip=127.0.0.1 | op=GET_CONTAINER_WITH_PIPELINE_BATCH {"containerIDs":"#16,"} | ret=SUCCESS |  
2025-10-20 19:51:39,582 | INFO  | OMAudit | user=runner | ip=127.0.0.1 | op=READ_KEY {"volume":"45d841fd-806c-4d6e-ab53-cfba45ff507f","bucket":"e8ff62f8-0aec-4ac9-95ac-4b24c8fb1510","key":"c23cd91c-b75e-42c6-852c-3bf71b10b655","owner":null,"dataSize":"0","replicationConfig":null} | ret=SUCCESS |  
2025-10-20 19:51:39,583 [om1-OMDoubleBufferFlushThread] INFO  db.RDBCheckpointManager (RDBCheckpointManager.java:createCheckpoint(87)) - Created checkpoint in rocksDB at /home/runner/work/ozone/ozone/hadoop-ozone/integration-test/target/test-dir/MiniOzoneClusterImpl-6935df51-69ff-4c35-8bd4-ed2b81d70e54/om/data/db.snapshots/checkpointState/om.db-c53aeddd-c791-4f9b-9def-c60ce8854d40 in 36 milliseconds
2025-10-20 19:51:39,609 [om1-OMDoubleBufferFlushThread] INFO  om.OmSnapshotManager (OmSnapshotManager.java:createOmSnapshotCheckpoint(545)) - Created checkpoint: /home/runner/work/ozone/ozone/hadoop-ozone/integration-test/target/test-dir/MiniOzoneClusterImpl-6935df51-69ff-4c35-8bd4-ed2b81d70e54/om/data/db.snapshots/checkpointState/om.db-c53aeddd-c791-4f9b-9def-c60ce8854d40 for snapshot /vol-a-65386/buc-a-06236/snapshot-a-6-66775
2025-10-20 19:51:39,646 | INFO  | SCMAudit | user=runner | ip=127.0.0.1 | op=GET_CONTAINER_WITH_PIPELINE_BATCH {"containerIDs":"#16,#17,#21,"} | ret=SUCCESS |  
2025-10-20 19:51:39,646 | INFO  | OMAudit | user=null | ip= | op=READ_KEY {"volume":"45d841fd-806c-4d6e-ab53-cfba45ff507f","bucket":"e8ff62f8-0aec-4ac9-95ac-4b24c8fb1510","key":"c23cd91c-b75e-42c6-852c-3bf71b10b655","owner":null,"dataSize":"0","replicationConfig":null} | ret=SUCCESS |  
2025-10-20 19:51:39,647 | INFO  | SCMAudit | user=runner | ip=127.0.0.1 | op=GET_CONTAINER {"containerID":"17"} | ret=SUCCESS |  
2025-10-20 19:51:39,648 | INFO  | SCMAudit | user=runner | ip=127.0.0.1 | op=SEND_HEARTBEAT {"datanodeUUID":"cc7fbe85-1d98-437b-84f9-04213fee10f0","term":"2","command":"[]"} | ret=SUCCESS |  
2025-10-20 19:51:39,648 | INFO  | SCMAudit | user=runner | ip=127.0.0.1 | op=GET_CONTAINER {"containerID":"21"} | ret=SUCCESS |  
2025-10-20 19:51:39,648 | INFO  | SCMAudit | user=runner | ip=127.0.0.1 | op=SEND_HEARTBEAT {"datanodeUUID":"4f2bb3f5-0e03-4f1b-bb4c-79c91b98c7da","term":"2","command":"[]"} | ret=SUCCESS |  
2025-10-20 19:51:39,648 [om1-OMDoubleBufferFlushThread] INFO  db.RDBCheckpointManager (RDBCheckpointManager.java:createCheckpoint(87)) - Created checkpoint in rocksDB at /home/runner/work/ozone/ozone/hadoop-ozone/integration-test/target/test-dir/MiniOzoneClusterImpl-6935df51-69ff-4c35-8bd4-ed2b81d70e54/om/data/db.snapshots/checkpointState/om.db-d4918ec9-d360-4cd4-9130-6941ad53a0cc in 37 milliseconds
2025-10-20 19:51:39,649 | INFO  | SCMAudit | user=runner | ip=127.0.0.1 | op=GET_CONTAINER {"containerID":"21"} | ret=SUCCESS |  
2025-10-20 19:51:39,650 | INFO  | SCMAudit | user=runner | ip=127.0.0.1 | op=GET_CONTAINER {"containerID":"16"} | ret=SUCCESS |  
2025-10-20 19:51:39,650 | INFO  | SCMAudit | user=runner | ip=127.0.0.1 | op=GET_CONTAINER {"containerID":"21"} | ret=SUCCESS |  
2025-10-20 19:51:39,650 | INFO  | SCMAudit | user=runner | ip=127.0.0.1 | op=SEND_HEARTBEAT {"datanodeUUID":"605be85e-a7f4-44d7-8cfd-f53001b990b0","term":"2","command":"[]"} | ret=SUCCESS |  
]]></system-out>
  </testcase>
  <testcase name="testMultipartUploadOverride(ReplicationConfig)[3]" classname="org.apache.hadoop.ozone.client.rpc.TestSecureOzoneRpcClient" time="0.488">
    <system-out><![CDATA[2025-10-20 19:51:39,665 [ForkJoinPool-1-worker-1] INFO  rpc.RpcClient (RpcClient.java:createVolume(461)) - Creating Volume: 25280abb-2ed1-47c0-bc52-06295e566563, with runner as owner and space quota set to -1 bytes, counts quota set to -1
2025-10-20 19:51:39,667 [om1-OMStateMachineApplyTransactionThread - 0] INFO  volume.OMVolumeCreateRequest (OMVolumeCreateRequest.java:validateAndUpdateCache(213)) - created volume:25280abb-2ed1-47c0-bc52-06295e566563 for user:runner
2025-10-20 19:51:39,667 | INFO  | OMAudit | user=runner | ip=127.0.0.1 | op=CREATE_VOLUME {"admin":"runner","owner":"runner","volume":"25280abb-2ed1-47c0-bc52-06295e566563","creationTime":"1760989899666","modificationTime":"1760989899666","quotaInBytes":"-1","quotaInNamespace":"-1","usedNamespace":"0","objectID":"-9223372036854434560","updateID":"1333","Transaction":"1333"} | ret=SUCCESS |  
2025-10-20 19:51:39,668 | INFO  | OMAudit | user=runner | ip=127.0.0.1 | op=READ_VOLUME {"volume":"25280abb-2ed1-47c0-bc52-06295e566563"} | ret=SUCCESS |  
2025-10-20 19:51:39,669 [ForkJoinPool-1-worker-1] INFO  rpc.RpcClient (RpcClient.java:createBucket(686)) - Creating Bucket: 25280abb-2ed1-47c0-bc52-06295e566563/1dbe9348-7c9c-4f2f-888a-57dfd52e0478, with server-side default bucket layout, runner as owner, Versioning false, Storage Type set to DISK and Encryption set to false, Replication Type set to server-side default replication type, Namespace Quota set to -1, Space Quota set to -1 
2025-10-20 19:51:39,671 [om1-OMStateMachineApplyTransactionThread - 0] INFO  bucket.OMBucketCreateRequest (OMBucketCreateRequest.java:validateAndUpdateCache(303)) - created bucket: 1dbe9348-7c9c-4f2f-888a-57dfd52e0478 of layout FILE_SYSTEM_OPTIMIZED in volume: 25280abb-2ed1-47c0-bc52-06295e566563
2025-10-20 19:51:39,671 | INFO  | OMAudit | user=runner | ip=127.0.0.1 | op=CREATE_BUCKET {"volume":"25280abb-2ed1-47c0-bc52-06295e566563","bucket":"1dbe9348-7c9c-4f2f-888a-57dfd52e0478","bucketLayout":"FILE_SYSTEM_OPTIMIZED","gdprEnabled":null,"acls":"[user:runner:a[ACCESS], group:runner:rl[ACCESS]]","isVersionEnabled":"false","storageType":"DISK","creationTime":"1760989899670","bucketEncryptionKey":null,"modificationTime":"1760989899670","usedBytes":"0","usedNamespace":"0","snapshotUsedBytes":"0","snapshotUsedNamespace":"0","owner":"runner","replicationType":null,"replicationConfig":null,"quotaInBytes":"-1","quotaInNamespace":"-1","Transaction":"1334"} | ret=SUCCESS |  
2025-10-20 19:51:39,672 | INFO  | OMAudit | user=runner | ip=127.0.0.1 | op=READ_BUCKET {"volume":"25280abb-2ed1-47c0-bc52-06295e566563","bucket":"1dbe9348-7c9c-4f2f-888a-57dfd52e0478"} | ret=SUCCESS |  
2025-10-20 19:51:39,675 | INFO  | OMAudit | user=runner | ip=127.0.0.1 | op=INITIATE_MULTIPART_UPLOAD {"volume":"25280abb-2ed1-47c0-bc52-06295e566563","bucket":"1dbe9348-7c9c-4f2f-888a-57dfd52e0478","key":"dd20f03b-e3a9-4660-962a-f245a03b3805","dataSize":"0","replicationType":"EC","replicationConfig":"rs-3-2-1048576","uploadID":"019a032d-6b99-7c4c-aa00-ffe7677633e7-115408234064970053","Transaction":"1335"} | ret=SUCCESS |  
2025-10-20 19:51:39,678 | INFO  | OMAudit | user=runner | ip=127.0.0.1 | op=ALLOCATE_KEY {"volume":"25280abb-2ed1-47c0-bc52-06295e566563","bucket":"1dbe9348-7c9c-4f2f-888a-57dfd52e0478","key":"dd20f03b-e3a9-4660-962a-f245a03b3805","dataSize":"5242880","Transaction":"1336"} | ret=SUCCESS |  
2025-10-20 19:51:39,689 [om1-OMDoubleBufferFlushThread] INFO  om.OmSnapshotManager (OmSnapshotManager.java:createOmSnapshotCheckpoint(545)) - Created checkpoint: /home/runner/work/ozone/ozone/hadoop-ozone/integration-test/target/test-dir/MiniOzoneClusterImpl-6935df51-69ff-4c35-8bd4-ed2b81d70e54/om/data/db.snapshots/checkpointState/om.db-d4918ec9-d360-4cd4-9130-6941ad53a0cc for snapshot /vol-a-65386/buc-b-16885/snapshot-a-6-38386
2025-10-20 19:51:39,691 | INFO  | SCMAudit | user=runner | ip=127.0.0.1 | op=ALLOCATE_BLOCK {"replication":"EC{rs-3-2-1024k}","owner":"omServiceIdDefault","size":"4194304","sampleBlocks":"[conID: 25 locID: 115816896921600354]","num":"1","client":"","allocated":"1"} | ret=SUCCESS |  
2025-10-20 19:51:39,695 | INFO  | OMAudit | user=runner | ip=127.0.0.1 | op=ALLOCATE_BLOCK {"volume":"25280abb-2ed1-47c0-bc52-06295e566563","bucket":"1dbe9348-7c9c-4f2f-888a-57dfd52e0478","key":"dd20f03b-e3a9-4660-962a-f245a03b3805","dataSize":"5242880","replicationType":"EC","replicationConfig":"rs-3-2-1048576","clientID":"115408234065232198","Transaction":"1337"} | ret=SUCCESS |  
2025-10-20 19:51:39,731 | INFO  | SCMAudit | user=runner | ip=127.0.0.1 | op=SEND_HEARTBEAT {"datanodeUUID":"feb39a1c-80cb-4714-ab06-a361236e3029","term":"2","command":"[]"} | ret=SUCCESS |  
2025-10-20 19:51:39,743 | INFO  | SCMAudit | user=runner | ip=127.0.0.1 | op=SEND_HEARTBEAT {"datanodeUUID":"e05592a5-d00f-4fc1-9e39-a968c1ecb04e","term":"2","command":"[]"} | ret=SUCCESS |  
2025-10-20 19:51:39,745 | INFO  | SCMAudit | user=runner | ip=127.0.0.1 | op=SEND_HEARTBEAT {"datanodeUUID":"33f74daf-be7a-4306-b2af-53e409c4cb93","term":"2","command":"[]"} | ret=SUCCESS |  
2025-10-20 19:51:39,754 | INFO  | OMAudit | user=runner | ip=127.0.0.1 | op=COMMIT_MULTIPART_UPLOAD_PARTKEY {"volume":"25280abb-2ed1-47c0-bc52-06295e566563","bucket":"1dbe9348-7c9c-4f2f-888a-57dfd52e0478","key":"dd20f03b-e3a9-4660-962a-f245a03b3805","dataSize":"5242880","ETag":"5ec9ae7549d12b830c2796d79d95cb39","uploadID":"019a032d-6b99-7c4c-aa00-ffe7677633e7-115408234064970053","partNumber":"1","partName":"/25280abb-2ed1-47c0-bc52-06295e566563/1dbe9348-7c9c-4f2f-888a-57dfd52e0478/dd20f03b-e3a9-4660-962a-f245a03b3805-019a032d-6b99-7c4c-aa00-ffe7677633e7-115408234064970053-1","Transaction":"1338"} | ret=SUCCESS |  
2025-10-20 19:51:39,758 | INFO  | OMAudit | user=runner | ip=127.0.0.1 | op=ALLOCATE_KEY {"volume":"25280abb-2ed1-47c0-bc52-06295e566563","bucket":"1dbe9348-7c9c-4f2f-888a-57dfd52e0478","key":"dd20f03b-e3a9-4660-962a-f245a03b3805","dataSize":"5242880","Transaction":"1339"} | ret=SUCCESS |  
2025-10-20 19:51:39,767 [om1-OMDoubleBufferFlushThread] INFO  db.RDBCheckpointManager (RDBCheckpointManager.java:createCheckpoint(87)) - Created checkpoint in rocksDB at /home/runner/work/ozone/ozone/hadoop-ozone/integration-test/target/test-dir/MiniOzoneClusterImpl-6935df51-69ff-4c35-8bd4-ed2b81d70e54/om/data/db.snapshots/checkpointState/om.db-f0931211-7240-4172-9b1f-f8a5d28f4fb9 in 73 milliseconds
2025-10-20 19:51:39,769 | INFO  | SCMAudit | user=runner | ip=127.0.0.1 | op=ALLOCATE_BLOCK {"replication":"EC{rs-3-2-1024k}","owner":"omServiceIdDefault","size":"4194304","sampleBlocks":"[conID: 23 locID: 115816896921600355]","num":"1","client":"","allocated":"1"} | ret=SUCCESS |  
2025-10-20 19:51:39,773 | INFO  | OMAudit | user=runner | ip=127.0.0.1 | op=ALLOCATE_BLOCK {"volume":"25280abb-2ed1-47c0-bc52-06295e566563","bucket":"1dbe9348-7c9c-4f2f-888a-57dfd52e0478","key":"dd20f03b-e3a9-4660-962a-f245a03b3805","dataSize":"5242880","replicationType":"EC","replicationConfig":"rs-3-2-1048576","clientID":"115408234070409543","Transaction":"1340"} | ret=SUCCESS |  
2025-10-20 19:51:39,802 [om1-OMDoubleBufferFlushThread] INFO  om.OmSnapshotManager (OmSnapshotManager.java:createOmSnapshotCheckpoint(545)) - Created checkpoint: /home/runner/work/ozone/ozone/hadoop-ozone/integration-test/target/test-dir/MiniOzoneClusterImpl-6935df51-69ff-4c35-8bd4-ed2b81d70e54/om/data/db.snapshots/checkpointState/om.db-f0931211-7240-4172-9b1f-f8a5d28f4fb9 for snapshot /vol-b-47597/buc-a-06236/snapshot-a-6-40246
2025-10-20 19:51:39,806 | INFO  | OMAudit | user=runner | ip=127.0.0.1 | op=COMMIT_MULTIPART_UPLOAD_PARTKEY {"volume":"25280abb-2ed1-47c0-bc52-06295e566563","bucket":"1dbe9348-7c9c-4f2f-888a-57dfd52e0478","key":"dd20f03b-e3a9-4660-962a-f245a03b3805","dataSize":"5242880","ETag":"5ec9ae7549d12b830c2796d79d95cb39","uploadID":"019a032d-6b99-7c4c-aa00-ffe7677633e7-115408234064970053","partNumber":"2","partName":"/25280abb-2ed1-47c0-bc52-06295e566563/1dbe9348-7c9c-4f2f-888a-57dfd52e0478/dd20f03b-e3a9-4660-962a-f245a03b3805-019a032d-6b99-7c4c-aa00-ffe7677633e7-115408234064970053-2","Transaction":"1341"} | ret=SUCCESS |  
2025-10-20 19:51:39,810 | INFO  | OMAudit | user=runner | ip=127.0.0.1 | op=ALLOCATE_KEY {"volume":"25280abb-2ed1-47c0-bc52-06295e566563","bucket":"1dbe9348-7c9c-4f2f-888a-57dfd52e0478","key":"dd20f03b-e3a9-4660-962a-f245a03b3805","dataSize":"36","Transaction":"1342"} | ret=SUCCESS |  
2025-10-20 19:51:39,813 | INFO  | SCMAudit | user=runner | ip=127.0.0.1 | op=ALLOCATE_BLOCK {"replication":"EC{rs-3-2-1024k}","owner":"omServiceIdDefault","size":"4194304","sampleBlocks":"[conID: 26 locID: 115816896921600356]","num":"1","client":"","allocated":"1"} | ret=SUCCESS |  
2025-10-20 19:51:39,816 | INFO  | OMAudit | user=runner | ip=127.0.0.1 | op=ALLOCATE_BLOCK {"volume":"25280abb-2ed1-47c0-bc52-06295e566563","bucket":"1dbe9348-7c9c-4f2f-888a-57dfd52e0478","key":"dd20f03b-e3a9-4660-962a-f245a03b3805","dataSize":"36","replicationType":"EC","replicationConfig":"rs-3-2-1048576","clientID":"115408234073882952","Transaction":"1343"} | ret=SUCCESS |  
2025-10-20 19:51:39,826 | INFO  | OMAudit | user=runner | ip=127.0.0.1 | op=COMMIT_MULTIPART_UPLOAD_PARTKEY {"volume":"25280abb-2ed1-47c0-bc52-06295e566563","bucket":"1dbe9348-7c9c-4f2f-888a-57dfd52e0478","key":"dd20f03b-e3a9-4660-962a-f245a03b3805","dataSize":"36","ETag":"95fa8c39ce5074bc6a85d1f04bc5bf0d","uploadID":"019a032d-6b99-7c4c-aa00-ffe7677633e7-115408234064970053","partNumber":"3","partName":"/25280abb-2ed1-47c0-bc52-06295e566563/1dbe9348-7c9c-4f2f-888a-57dfd52e0478/dd20f03b-e3a9-4660-962a-f245a03b3805-019a032d-6b99-7c4c-aa00-ffe7677633e7-115408234064970053-3","Transaction":"1344"} | ret=SUCCESS |  
2025-10-20 19:51:39,828 | INFO  | OMAudit | user=runner | ip=127.0.0.1 | op=COMPLETE_MULTIPART_UPLOAD {"volume":"25280abb-2ed1-47c0-bc52-06295e566563","bucket":"1dbe9348-7c9c-4f2f-888a-57dfd52e0478","key":"dd20f03b-e3a9-4660-962a-f245a03b3805","dataSize":"0","uploadID":"019a032d-6b99-7c4c-aa00-ffe7677633e7-115408234064970053","multipartList":"[partNumber: 1 partName: \"5ec9ae7549d12b830c2796d79d95cb39\" eTag: \"5ec9ae7549d12b830c2796d79d95cb39\" , partNumber: 2 partName: \"5ec9ae7549d12b830c2796d79d95cb39\" eTag: \"5ec9ae7549d12b830c2796d79d95cb39\" , partNumber: 3 partName: \"95fa8c39ce5074bc6a85d1f04bc5bf0d\" eTag: \"95fa8c39ce5074bc6a85d1f04bc5bf0d\" ]","Transaction":"1345"} | ret=SUCCESS |  
2025-10-20 19:51:39,831 | INFO  | SCMAudit | user=runner | ip=127.0.0.1 | op=GET_CONTAINER_WITH_PIPELINE_BATCH {"containerIDs":"#23,#25,#26,"} | ret=SUCCESS |  
2025-10-20 19:51:39,833 | INFO  | OMAudit | user=runner | ip=127.0.0.1 | op=READ_KEY {"volume":"25280abb-2ed1-47c0-bc52-06295e566563","bucket":"1dbe9348-7c9c-4f2f-888a-57dfd52e0478","key":"dd20f03b-e3a9-4660-962a-f245a03b3805","owner":null,"dataSize":"0","replicationConfig":null} | ret=SUCCESS |  
2025-10-20 19:51:39,842 [om1-OMDoubleBufferFlushThread] INFO  db.RDBCheckpointManager (RDBCheckpointManager.java:createCheckpoint(87)) - Created checkpoint in rocksDB at /home/runner/work/ozone/ozone/hadoop-ozone/integration-test/target/test-dir/MiniOzoneClusterImpl-6935df51-69ff-4c35-8bd4-ed2b81d70e54/om/data/db.snapshots/checkpointState/om.db-27eba23e-0e8b-4b24-a7d4-bf800b4fb1e3 in 38 milliseconds
2025-10-20 19:51:39,846 | INFO  | SCMAudit | user=runner | ip=127.0.0.1 | op=SEND_HEARTBEAT {"datanodeUUID":"d7d8cf72-b9f6-4979-9c53-007dd6e6e48a","term":"2","command":"[]"} | ret=SUCCESS |  
2025-10-20 19:51:39,868 [om1-OMDoubleBufferFlushThread] INFO  om.OmSnapshotManager (OmSnapshotManager.java:createOmSnapshotCheckpoint(545)) - Created checkpoint: /home/runner/work/ozone/ozone/hadoop-ozone/integration-test/target/test-dir/MiniOzoneClusterImpl-6935df51-69ff-4c35-8bd4-ed2b81d70e54/om/data/db.snapshots/checkpointState/om.db-27eba23e-0e8b-4b24-a7d4-bf800b4fb1e3 for snapshot /vol-b-47597/buc-b-16885/snapshot-a-6-47100
2025-10-20 19:51:39,922 [om1-OMDoubleBufferFlushThread] INFO  db.RDBCheckpointManager (RDBCheckpointManager.java:createCheckpoint(87)) - Created checkpoint in rocksDB at /home/runner/work/ozone/ozone/hadoop-ozone/integration-test/target/test-dir/MiniOzoneClusterImpl-6935df51-69ff-4c35-8bd4-ed2b81d70e54/om/data/db.snapshots/checkpointState/om.db-f31697ad-6b73-410f-978f-f3a90d67cadc in 52 milliseconds
2025-10-20 19:51:39,942 | INFO  | SCMAudit | user=runner | ip=127.0.0.1 | op=GET_CONTAINER_WITH_PIPELINE_BATCH {"containerIDs":"#23,#25,#26,"} | ret=SUCCESS |  
2025-10-20 19:51:39,942 [om1-OMDoubleBufferFlushThread] INFO  om.OmSnapshotManager (OmSnapshotManager.java:createOmSnapshotCheckpoint(545)) - Created checkpoint: /home/runner/work/ozone/ozone/hadoop-ozone/integration-test/target/test-dir/MiniOzoneClusterImpl-6935df51-69ff-4c35-8bd4-ed2b81d70e54/om/data/db.snapshots/checkpointState/om.db-f31697ad-6b73-410f-978f-f3a90d67cadc for snapshot /vol-a-65386/buc-a-06236/snapshot-a-7-34892
2025-10-20 19:51:39,943 | INFO  | OMAudit | user=null | ip= | op=READ_KEY {"volume":"25280abb-2ed1-47c0-bc52-06295e566563","bucket":"1dbe9348-7c9c-4f2f-888a-57dfd52e0478","key":"dd20f03b-e3a9-4660-962a-f245a03b3805","owner":null,"dataSize":"0","replicationConfig":null} | ret=SUCCESS |  
2025-10-20 19:51:39,944 | INFO  | SCMAudit | user=runner | ip=127.0.0.1 | op=GET_CONTAINER {"containerID":"25"} | ret=SUCCESS |  
2025-10-20 19:51:39,947 | INFO  | SCMAudit | user=runner | ip=127.0.0.1 | op=GET_CONTAINER {"containerID":"23"} | ret=SUCCESS |  
2025-10-20 19:51:39,948 | INFO  | SCMAudit | user=runner | ip=127.0.0.1 | op=GET_CONTAINER {"containerID":"26"} | ret=SUCCESS |  
2025-10-20 19:51:39,963 | INFO  | OMAudit | user=runner | ip=127.0.0.1 | op=INITIATE_MULTIPART_UPLOAD {"volume":"25280abb-2ed1-47c0-bc52-06295e566563","bucket":"1dbe9348-7c9c-4f2f-888a-57dfd52e0478","key":"dd20f03b-e3a9-4660-962a-f245a03b3805","dataSize":"0","replicationType":"EC","replicationConfig":"rs-3-2-1048576","uploadID":"019a032d-6cb9-775c-9168-03e43c2e7910-115408234083844425","Transaction":"1346"} | ret=SUCCESS |  
2025-10-20 19:51:39,969 | INFO  | OMAudit | user=runner | ip=127.0.0.1 | op=ALLOCATE_KEY {"volume":"25280abb-2ed1-47c0-bc52-06295e566563","bucket":"1dbe9348-7c9c-4f2f-888a-57dfd52e0478","key":"dd20f03b-e3a9-4660-962a-f245a03b3805","dataSize":"5242880","Transaction":"1347"} | ret=SUCCESS |  
2025-10-20 19:51:39,977 [om1-OMDoubleBufferFlushThread] INFO  db.RDBCheckpointManager (RDBCheckpointManager.java:createCheckpoint(87)) - Created checkpoint in rocksDB at /home/runner/work/ozone/ozone/hadoop-ozone/integration-test/target/test-dir/MiniOzoneClusterImpl-6935df51-69ff-4c35-8bd4-ed2b81d70e54/om/data/db.snapshots/checkpointState/om.db-4900c3d4-5ade-4c5a-87c1-2565f78b5a08 in 33 milliseconds
2025-10-20 19:51:39,978 | INFO  | SCMAudit | user=runner | ip=127.0.0.1 | op=ALLOCATE_BLOCK {"replication":"EC{rs-3-2-1024k}","owner":"omServiceIdDefault","size":"4194304","sampleBlocks":"[conID: 22 locID: 115816896921600357]","num":"1","client":"","allocated":"1"} | ret=SUCCESS |  
2025-10-20 19:51:39,981 | INFO  | OMAudit | user=runner | ip=127.0.0.1 | op=ALLOCATE_BLOCK {"volume":"25280abb-2ed1-47c0-bc52-06295e566563","bucket":"1dbe9348-7c9c-4f2f-888a-57dfd52e0478","key":"dd20f03b-e3a9-4660-962a-f245a03b3805","dataSize":"5242880","replicationType":"EC","replicationConfig":"rs-3-2-1048576","clientID":"115408234084172106","Transaction":"1348"} | ret=SUCCESS |  
2025-10-20 19:51:40,010 [om1-OMDoubleBufferFlushThread] INFO  om.OmSnapshotManager (OmSnapshotManager.java:createOmSnapshotCheckpoint(545)) - Created checkpoint: /home/runner/work/ozone/ozone/hadoop-ozone/integration-test/target/test-dir/MiniOzoneClusterImpl-6935df51-69ff-4c35-8bd4-ed2b81d70e54/om/data/db.snapshots/checkpointState/om.db-4900c3d4-5ade-4c5a-87c1-2565f78b5a08 for snapshot /vol-a-65386/buc-b-16885/snapshot-a-7-52379
2025-10-20 19:51:40,011 | INFO  | OMAudit | user=runner | ip=127.0.0.1 | op=COMMIT_MULTIPART_UPLOAD_PARTKEY {"volume":"25280abb-2ed1-47c0-bc52-06295e566563","bucket":"1dbe9348-7c9c-4f2f-888a-57dfd52e0478","key":"dd20f03b-e3a9-4660-962a-f245a03b3805","dataSize":"5242880","ETag":"79b281060d337b9b2b84ccf390adcf74","uploadID":"019a032d-6cb9-775c-9168-03e43c2e7910-115408234083844425","partNumber":"1","partName":"/25280abb-2ed1-47c0-bc52-06295e566563/1dbe9348-7c9c-4f2f-888a-57dfd52e0478/dd20f03b-e3a9-4660-962a-f245a03b3805-019a032d-6cb9-775c-9168-03e43c2e7910-115408234083844425-1","Transaction":"1349"} | ret=SUCCESS |  
2025-10-20 19:51:40,014 | INFO  | OMAudit | user=runner | ip=127.0.0.1 | op=ALLOCATE_KEY {"volume":"25280abb-2ed1-47c0-bc52-06295e566563","bucket":"1dbe9348-7c9c-4f2f-888a-57dfd52e0478","key":"dd20f03b-e3a9-4660-962a-f245a03b3805","dataSize":"5242880","Transaction":"1350"} | ret=SUCCESS |  
2025-10-20 19:51:40,022 | INFO  | SCMAudit | user=runner | ip=127.0.0.1 | op=ALLOCATE_BLOCK {"replication":"EC{rs-3-2-1024k}","owner":"omServiceIdDefault","size":"4194304","sampleBlocks":"[conID: 23 locID: 115816896921600358]","num":"1","client":"","allocated":"1"} | ret=SUCCESS |  
2025-10-20 19:51:40,025 | INFO  | OMAudit | user=runner | ip=127.0.0.1 | op=ALLOCATE_BLOCK {"volume":"25280abb-2ed1-47c0-bc52-06295e566563","bucket":"1dbe9348-7c9c-4f2f-888a-57dfd52e0478","key":"dd20f03b-e3a9-4660-962a-f245a03b3805","dataSize":"5242880","replicationType":"EC","replicationConfig":"rs-3-2-1048576","clientID":"115408234087252299","Transaction":"1351"} | ret=SUCCESS |  
2025-10-20 19:51:40,055 | INFO  | OMAudit | user=runner | ip=127.0.0.1 | op=COMMIT_MULTIPART_UPLOAD_PARTKEY {"volume":"25280abb-2ed1-47c0-bc52-06295e566563","bucket":"1dbe9348-7c9c-4f2f-888a-57dfd52e0478","key":"dd20f03b-e3a9-4660-962a-f245a03b3805","dataSize":"5242880","ETag":"79b281060d337b9b2b84ccf390adcf74","uploadID":"019a032d-6cb9-775c-9168-03e43c2e7910-115408234083844425","partNumber":"2","partName":"/25280abb-2ed1-47c0-bc52-06295e566563/1dbe9348-7c9c-4f2f-888a-57dfd52e0478/dd20f03b-e3a9-4660-962a-f245a03b3805-019a032d-6cb9-775c-9168-03e43c2e7910-115408234083844425-2","Transaction":"1352"} | ret=SUCCESS |  
2025-10-20 19:51:40,057 | INFO  | OMAudit | user=runner | ip=127.0.0.1 | op=ALLOCATE_KEY {"volume":"25280abb-2ed1-47c0-bc52-06295e566563","bucket":"1dbe9348-7c9c-4f2f-888a-57dfd52e0478","key":"dd20f03b-e3a9-4660-962a-f245a03b3805","dataSize":"36","Transaction":"1353"} | ret=SUCCESS |  
2025-10-20 19:51:40,058 [om1-OMDoubleBufferFlushThread] INFO  db.RDBCheckpointManager (RDBCheckpointManager.java:createCheckpoint(87)) - Created checkpoint in rocksDB at /home/runner/work/ozone/ozone/hadoop-ozone/integration-test/target/test-dir/MiniOzoneClusterImpl-6935df51-69ff-4c35-8bd4-ed2b81d70e54/om/data/db.snapshots/checkpointState/om.db-1a0cc01a-8c3a-412c-aac8-5f6f2917c7ef in 45 milliseconds
2025-10-20 19:51:40,059 | INFO  | SCMAudit | user=runner | ip=127.0.0.1 | op=ALLOCATE_BLOCK {"replication":"EC{rs-3-2-1024k}","owner":"omServiceIdDefault","size":"4194304","sampleBlocks":"[conID: 26 locID: 115816896921600359]","num":"1","client":"","allocated":"1"} | ret=SUCCESS |  
2025-10-20 19:51:40,061 | INFO  | OMAudit | user=runner | ip=127.0.0.1 | op=ALLOCATE_BLOCK {"volume":"25280abb-2ed1-47c0-bc52-06295e566563","bucket":"1dbe9348-7c9c-4f2f-888a-57dfd52e0478","key":"dd20f03b-e3a9-4660-962a-f245a03b3805","dataSize":"36","replicationType":"EC","replicationConfig":"rs-3-2-1048576","clientID":"115408234090135884","Transaction":"1354"} | ret=SUCCESS |  
2025-10-20 19:51:40,072 | INFO  | OMAudit | user=runner | ip=127.0.0.1 | op=COMMIT_MULTIPART_UPLOAD_PARTKEY {"volume":"25280abb-2ed1-47c0-bc52-06295e566563","bucket":"1dbe9348-7c9c-4f2f-888a-57dfd52e0478","key":"dd20f03b-e3a9-4660-962a-f245a03b3805","dataSize":"36","ETag":"0e127122792dc7984240960f9edd2184","uploadID":"019a032d-6cb9-775c-9168-03e43c2e7910-115408234083844425","partNumber":"3","partName":"/25280abb-2ed1-47c0-bc52-06295e566563/1dbe9348-7c9c-4f2f-888a-57dfd52e0478/dd20f03b-e3a9-4660-962a-f245a03b3805-019a032d-6cb9-775c-9168-03e43c2e7910-115408234083844425-3","Transaction":"1355"} | ret=SUCCESS |  
2025-10-20 19:51:40,075 | INFO  | OMAudit | user=runner | ip=127.0.0.1 | op=COMPLETE_MULTIPART_UPLOAD {"volume":"25280abb-2ed1-47c0-bc52-06295e566563","bucket":"1dbe9348-7c9c-4f2f-888a-57dfd52e0478","key":"dd20f03b-e3a9-4660-962a-f245a03b3805","dataSize":"0","uploadID":"019a032d-6cb9-775c-9168-03e43c2e7910-115408234083844425","multipartList":"[partNumber: 1 partName: \"79b281060d337b9b2b84ccf390adcf74\" eTag: \"79b281060d337b9b2b84ccf390adcf74\" , partNumber: 2 partName: \"79b281060d337b9b2b84ccf390adcf74\" eTag: \"79b281060d337b9b2b84ccf390adcf74\" , partNumber: 3 partName: \"0e127122792dc7984240960f9edd2184\" eTag: \"0e127122792dc7984240960f9edd2184\" ]","Transaction":"1356"} | ret=SUCCESS |  
2025-10-20 19:51:40,078 | INFO  | SCMAudit | user=runner | ip=127.0.0.1 | op=GET_CONTAINER_WITH_PIPELINE_BATCH {"containerIDs":"#22,"} | ret=SUCCESS |  
2025-10-20 19:51:40,078 | INFO  | OMAudit | user=runner | ip=127.0.0.1 | op=READ_KEY {"volume":"25280abb-2ed1-47c0-bc52-06295e566563","bucket":"1dbe9348-7c9c-4f2f-888a-57dfd52e0478","key":"dd20f03b-e3a9-4660-962a-f245a03b3805","owner":null,"dataSize":"0","replicationConfig":null} | ret=SUCCESS |  
2025-10-20 19:51:40,081 [om1-OMDoubleBufferFlushThread] INFO  om.OmSnapshotManager (OmSnapshotManager.java:createOmSnapshotCheckpoint(545)) - Created checkpoint: /home/runner/work/ozone/ozone/hadoop-ozone/integration-test/target/test-dir/MiniOzoneClusterImpl-6935df51-69ff-4c35-8bd4-ed2b81d70e54/om/data/db.snapshots/checkpointState/om.db-1a0cc01a-8c3a-412c-aac8-5f6f2917c7ef for snapshot /vol-b-47597/buc-a-06236/snapshot-a-7-53527
2025-10-20 19:51:40,121 [om1-OMDoubleBufferFlushThread] INFO  db.RDBCheckpointManager (RDBCheckpointManager.java:createCheckpoint(87)) - Created checkpoint in rocksDB at /home/runner/work/ozone/ozone/hadoop-ozone/integration-test/target/test-dir/MiniOzoneClusterImpl-6935df51-69ff-4c35-8bd4-ed2b81d70e54/om/data/db.snapshots/checkpointState/om.db-1c8c8f14-e541-423d-96e7-e5191df02058 in 38 milliseconds
2025-10-20 19:51:40,136 | INFO  | SCMAudit | user=runner | ip=127.0.0.1 | op=GET_CONTAINER_WITH_PIPELINE_BATCH {"containerIDs":"#22,#23,#26,"} | ret=SUCCESS |  
2025-10-20 19:51:40,137 | INFO  | OMAudit | user=null | ip= | op=READ_KEY {"volume":"25280abb-2ed1-47c0-bc52-06295e566563","bucket":"1dbe9348-7c9c-4f2f-888a-57dfd52e0478","key":"dd20f03b-e3a9-4660-962a-f245a03b3805","owner":null,"dataSize":"0","replicationConfig":null} | ret=SUCCESS |  
2025-10-20 19:51:40,137 | INFO  | SCMAudit | user=runner | ip=127.0.0.1 | op=GET_CONTAINER {"containerID":"22"} | ret=SUCCESS |  
2025-10-20 19:51:40,138 | INFO  | SCMAudit | user=runner | ip=127.0.0.1 | op=GET_CONTAINER {"containerID":"23"} | ret=SUCCESS |  
2025-10-20 19:51:40,139 | INFO  | SCMAudit | user=runner | ip=127.0.0.1 | op=GET_CONTAINER {"containerID":"26"} | ret=SUCCESS |  
2025-10-20 19:51:40,142 [om1-OMDoubleBufferFlushThread] INFO  om.OmSnapshotManager (OmSnapshotManager.java:createOmSnapshotCheckpoint(545)) - Created checkpoint: /home/runner/work/ozone/ozone/hadoop-ozone/integration-test/target/test-dir/MiniOzoneClusterImpl-6935df51-69ff-4c35-8bd4-ed2b81d70e54/om/data/db.snapshots/checkpointState/om.db-1c8c8f14-e541-423d-96e7-e5191df02058 for snapshot /vol-b-47597/buc-b-16885/snapshot-a-7-85954
]]></system-out>
  </testcase>
  <testcase name="testMultipartUploadOwner" classname="org.apache.hadoop.ozone.client.rpc.TestSecureOzoneRpcClient" time="0.788">
    <system-out><![CDATA[2025-10-20 19:51:40,154 [ForkJoinPool-1-worker-1] INFO  rpc.RpcClient (RpcClient.java:createVolume(461)) - Creating Volume: 66799435-e6ec-4867-85a2-e690443de682, with runner as owner and space quota set to -1 bytes, counts quota set to -1
2025-10-20 19:51:40,156 [om1-OMStateMachineApplyTransactionThread - 0] INFO  volume.OMVolumeCreateRequest (OMVolumeCreateRequest.java:validateAndUpdateCache(213)) - created volume:66799435-e6ec-4867-85a2-e690443de682 for user:runner
2025-10-20 19:51:40,157 | INFO  | OMAudit | user=runner | ip=127.0.0.1 | op=CREATE_VOLUME {"admin":"runner","owner":"runner","volume":"66799435-e6ec-4867-85a2-e690443de682","creationTime":"1760989900155","modificationTime":"1760989900155","quotaInBytes":"-1","quotaInNamespace":"-1","usedNamespace":"0","objectID":"-9223372036854428416","updateID":"1357","Transaction":"1357"} | ret=SUCCESS |  
2025-10-20 19:51:40,158 | INFO  | OMAudit | user=runner | ip=127.0.0.1 | op=READ_VOLUME {"volume":"66799435-e6ec-4867-85a2-e690443de682"} | ret=SUCCESS |  
2025-10-20 19:51:40,159 [ForkJoinPool-1-worker-1] INFO  rpc.RpcClient (RpcClient.java:createBucket(686)) - Creating Bucket: 66799435-e6ec-4867-85a2-e690443de682/fe996f60-89c7-4eed-992f-55092f2d876f, with server-side default bucket layout, runner as owner, Versioning false, Storage Type set to DISK and Encryption set to false, Replication Type set to server-side default replication type, Namespace Quota set to -1, Space Quota set to -1 
2025-10-20 19:51:40,161 [om1-OMStateMachineApplyTransactionThread - 0] INFO  bucket.OMBucketCreateRequest (OMBucketCreateRequest.java:validateAndUpdateCache(303)) - created bucket: fe996f60-89c7-4eed-992f-55092f2d876f of layout FILE_SYSTEM_OPTIMIZED in volume: 66799435-e6ec-4867-85a2-e690443de682
2025-10-20 19:51:40,161 | INFO  | OMAudit | user=runner | ip=127.0.0.1 | op=CREATE_BUCKET {"volume":"66799435-e6ec-4867-85a2-e690443de682","bucket":"fe996f60-89c7-4eed-992f-55092f2d876f","bucketLayout":"FILE_SYSTEM_OPTIMIZED","gdprEnabled":null,"acls":"[user:runner:a[ACCESS], group:runner:rl[ACCESS]]","isVersionEnabled":"false","storageType":"DISK","creationTime":"1760989900160","bucketEncryptionKey":null,"modificationTime":"1760989900160","usedBytes":"0","usedNamespace":"0","snapshotUsedBytes":"0","snapshotUsedNamespace":"0","owner":"runner","replicationType":null,"replicationConfig":null,"quotaInBytes":"-1","quotaInNamespace":"-1","Transaction":"1358"} | ret=SUCCESS |  
2025-10-20 19:51:40,163 | INFO  | OMAudit | user=runner | ip=127.0.0.1 | op=ADD_ACL {"resourceType":"volume","storageType":"ozone","volume":"66799435-e6ec-4867-85a2-e690443de682","bucket":null,"key":null,"acl":"[user:user1:a[ACCESS]]","Transaction":"1359"} | ret=SUCCESS |  
2025-10-20 19:51:40,164 | INFO  | OMAudit | user=runner | ip=127.0.0.1 | op=ADD_ACL {"resourceType":"volume","storageType":"ozone","volume":"66799435-e6ec-4867-85a2-e690443de682","bucket":null,"key":null,"acl":"[user:awsUser1:a[ACCESS]]","Transaction":"1360"} | ret=SUCCESS |  
2025-10-20 19:51:40,166 | INFO  | OMAudit | user=runner | ip=127.0.0.1 | op=ADD_ACL {"resourceType":"bucket","storageType":"ozone","volume":"66799435-e6ec-4867-85a2-e690443de682","bucket":"fe996f60-89c7-4eed-992f-55092f2d876f","key":null,"acl":"[user:user1:a[ACCESS]]","Transaction":"1361"} | ret=SUCCESS |  
2025-10-20 19:51:40,167 | INFO  | OMAudit | user=runner | ip=127.0.0.1 | op=ADD_ACL {"resourceType":"bucket","storageType":"ozone","volume":"66799435-e6ec-4867-85a2-e690443de682","bucket":"fe996f60-89c7-4eed-992f-55092f2d876f","key":null,"acl":"[user:awsUser1:a[ACCESS]]","Transaction":"1362"} | ret=SUCCESS |  
2025-10-20 19:51:40,171 | INFO  | OMAudit | user=user1 | ip=127.0.0.1 | op=GET_SERVICE_LIST {} | ret=SUCCESS |  
2025-10-20 19:51:40,173 | INFO  | OMAudit | user=user1 | ip=127.0.0.1 | op=READ_VOLUME {"volume":"66799435-e6ec-4867-85a2-e690443de682"} | ret=SUCCESS |  
2025-10-20 19:51:40,174 | INFO  | OMAudit | user=user1 | ip=127.0.0.1 | op=READ_BUCKET {"volume":"66799435-e6ec-4867-85a2-e690443de682","bucket":"fe996f60-89c7-4eed-992f-55092f2d876f"} | ret=SUCCESS |  
2025-10-20 19:51:40,174 | INFO  | SCMAudit | user=runner | ip=127.0.0.1 | op=SEND_HEARTBEAT {"datanodeUUID":"ef67b0a7-5b27-496d-9f38-ab804a28e500","term":"2","command":"[]"} | ret=SUCCESS |  
2025-10-20 19:51:40,176 [om1-OMDoubleBufferFlushThread] INFO  db.RDBCheckpointManager (RDBCheckpointManager.java:createCheckpoint(87)) - Created checkpoint in rocksDB at /home/runner/work/ozone/ozone/hadoop-ozone/integration-test/target/test-dir/MiniOzoneClusterImpl-6935df51-69ff-4c35-8bd4-ed2b81d70e54/om/data/db.snapshots/checkpointState/om.db-71cd12b7-5520-4566-a942-6e5a05911590 in 32 milliseconds
2025-10-20 19:51:40,176 | INFO  | OMAudit | user=user1 | ip=127.0.0.1 | op=INITIATE_MULTIPART_UPLOAD {"volume":"66799435-e6ec-4867-85a2-e690443de682","bucket":"fe996f60-89c7-4eed-992f-55092f2d876f","key":"736ff0e4-ff76-4379-bd76-9278ae26c757","dataSize":"0","replicationType":"RATIS","replicationFactor":"THREE","uploadID":"019a032d-6d8f-7748-a593-6e95b7dc5055-115408234097869133","Transaction":"1363"} | ret=SUCCESS |  
2025-10-20 19:51:40,178 | INFO  | SCMAudit | user=runner | ip=127.0.0.1 | op=SEND_HEARTBEAT {"datanodeUUID":"7bb0e7f0-2b36-4ec0-8a09-ceac75d91a36","term":"2","command":"[]"} | ret=SUCCESS |  
2025-10-20 19:51:40,179 | INFO  | OMAudit | user=user1 | ip=127.0.0.1 | op=ALLOCATE_KEY {"volume":"66799435-e6ec-4867-85a2-e690443de682","bucket":"fe996f60-89c7-4eed-992f-55092f2d876f","key":"736ff0e4-ff76-4379-bd76-9278ae26c757","dataSize":"5242880","Transaction":"1364"} | ret=SUCCESS |  
2025-10-20 19:51:40,181 | INFO  | SCMAudit | user=runner | ip=127.0.0.1 | op=ALLOCATE_BLOCK {"replication":"RATIS/THREE","owner":"omServiceIdDefault","size":"4194304","sampleBlocks":"[conID: 16 locID: 115816896921600360]","num":"1","client":"","allocated":"1"} | ret=SUCCESS |  
2025-10-20 19:51:40,183 | INFO  | OMAudit | user=user1 | ip=127.0.0.1 | op=ALLOCATE_BLOCK {"volume":"66799435-e6ec-4867-85a2-e690443de682","bucket":"fe996f60-89c7-4eed-992f-55092f2d876f","key":"736ff0e4-ff76-4379-bd76-9278ae26c757","dataSize":"5242880","replicationType":"RATIS","replicationFactor":"THREE","clientID":"115408234098065742","Transaction":"1365"} | ret=SUCCESS |  
2025-10-20 19:51:40,200 [om1-OMDoubleBufferFlushThread] INFO  om.OmSnapshotManager (OmSnapshotManager.java:createOmSnapshotCheckpoint(545)) - Created checkpoint: /home/runner/work/ozone/ozone/hadoop-ozone/integration-test/target/test-dir/MiniOzoneClusterImpl-6935df51-69ff-4c35-8bd4-ed2b81d70e54/om/data/db.snapshots/checkpointState/om.db-71cd12b7-5520-4566-a942-6e5a05911590 for snapshot /vol-a-65386/buc-a-06236/snapshot-a-8-77874
2025-10-20 19:51:40,229 | INFO  | SCMAudit | user=runner | ip=127.0.0.1 | op=ALLOCATE_BLOCK {"replication":"RATIS/THREE","owner":"omServiceIdDefault","size":"4194304","sampleBlocks":"[conID: 21 locID: 115816896921600361]","num":"1","client":"","allocated":"1"} | ret=SUCCESS |  
2025-10-20 19:51:40,234 | INFO  | OMAudit | user=user1 | ip=127.0.0.1 | op=ALLOCATE_BLOCK {"volume":"66799435-e6ec-4867-85a2-e690443de682","bucket":"fe996f60-89c7-4eed-992f-55092f2d876f","key":"736ff0e4-ff76-4379-bd76-9278ae26c757","dataSize":"5242880","replicationType":"RATIS","replicationFactor":"THREE","clientID":"115408234098065742","Transaction":"1366"} | ret=SUCCESS |  
2025-10-20 19:51:40,251 [om1-OMDoubleBufferFlushThread] INFO  db.RDBCheckpointManager (RDBCheckpointManager.java:createCheckpoint(87)) - Created checkpoint in rocksDB at /home/runner/work/ozone/ozone/hadoop-ozone/integration-test/target/test-dir/MiniOzoneClusterImpl-6935df51-69ff-4c35-8bd4-ed2b81d70e54/om/data/db.snapshots/checkpointState/om.db-54a17732-6592-4be0-b2a0-6b2cdd618f6c in 47 milliseconds
2025-10-20 19:51:40,262 | INFO  | OMAudit | user=user1 | ip=127.0.0.1 | op=COMMIT_MULTIPART_UPLOAD_PARTKEY {"volume":"66799435-e6ec-4867-85a2-e690443de682","bucket":"fe996f60-89c7-4eed-992f-55092f2d876f","key":"736ff0e4-ff76-4379-bd76-9278ae26c757","dataSize":"5242880","ETag":"5ec9ae7549d12b830c2796d79d95cb39","uploadID":"019a032d-6d8f-7748-a593-6e95b7dc5055-115408234097869133","partNumber":"1","partName":"/66799435-e6ec-4867-85a2-e690443de682/fe996f60-89c7-4eed-992f-55092f2d876f/736ff0e4-ff76-4379-bd76-9278ae26c757-019a032d-6d8f-7748-a593-6e95b7dc5055-115408234097869133-1","Transaction":"1367"} | ret=SUCCESS |  
2025-10-20 19:51:40,265 | INFO  | SCMAudit | user=runner | ip=127.0.0.1 | op=SEND_HEARTBEAT {"datanodeUUID":"af0e5da1-57af-45e9-9aca-fa0798d05628","term":"2","command":"[]"} | ret=SUCCESS |  
2025-10-20 19:51:40,266 | INFO  | OMAudit | user=user1 | ip=127.0.0.1 | op=ALLOCATE_KEY {"volume":"66799435-e6ec-4867-85a2-e690443de682","bucket":"fe996f60-89c7-4eed-992f-55092f2d876f","key":"736ff0e4-ff76-4379-bd76-9278ae26c757","dataSize":"5242880","Transaction":"1368"} | ret=SUCCESS |  
2025-10-20 19:51:40,268 | INFO  | SCMAudit | user=runner | ip=127.0.0.1 | op=ALLOCATE_BLOCK {"replication":"RATIS/THREE","owner":"omServiceIdDefault","size":"4194304","sampleBlocks":"[conID: 17 locID: 115816896921600362]","num":"1","client":"","allocated":"1"} | ret=SUCCESS |  
2025-10-20 19:51:40,270 | INFO  | OMAudit | user=user1 | ip=127.0.0.1 | op=ALLOCATE_BLOCK {"volume":"66799435-e6ec-4867-85a2-e690443de682","bucket":"fe996f60-89c7-4eed-992f-55092f2d876f","key":"736ff0e4-ff76-4379-bd76-9278ae26c757","dataSize":"5242880","replicationType":"RATIS","replicationFactor":"THREE","clientID":"115408234103767375","Transaction":"1369"} | ret=SUCCESS |  
2025-10-20 19:51:40,275 [om1-OMDoubleBufferFlushThread] INFO  om.OmSnapshotManager (OmSnapshotManager.java:createOmSnapshotCheckpoint(545)) - Created checkpoint: /home/runner/work/ozone/ozone/hadoop-ozone/integration-test/target/test-dir/MiniOzoneClusterImpl-6935df51-69ff-4c35-8bd4-ed2b81d70e54/om/data/db.snapshots/checkpointState/om.db-54a17732-6592-4be0-b2a0-6b2cdd618f6c for snapshot /vol-a-65386/buc-b-16885/snapshot-a-8-89361
2025-10-20 19:51:40,312 | INFO  | SCMAudit | user=runner | ip=127.0.0.1 | op=ALLOCATE_BLOCK {"replication":"RATIS/THREE","owner":"omServiceIdDefault","size":"4194304","sampleBlocks":"[conID: 19 locID: 115816896921600363]","num":"1","client":"","allocated":"1"} | ret=SUCCESS |  
2025-10-20 19:51:40,314 | INFO  | OMAudit | user=user1 | ip=127.0.0.1 | op=ALLOCATE_BLOCK {"volume":"66799435-e6ec-4867-85a2-e690443de682","bucket":"fe996f60-89c7-4eed-992f-55092f2d876f","key":"736ff0e4-ff76-4379-bd76-9278ae26c757","dataSize":"5242880","replicationType":"RATIS","replicationFactor":"THREE","clientID":"115408234103767375","Transaction":"1370"} | ret=SUCCESS |  
2025-10-20 19:51:40,330 [om1-OMDoubleBufferFlushThread] INFO  db.RDBCheckpointManager (RDBCheckpointManager.java:createCheckpoint(87)) - Created checkpoint in rocksDB at /home/runner/work/ozone/ozone/hadoop-ozone/integration-test/target/test-dir/MiniOzoneClusterImpl-6935df51-69ff-4c35-8bd4-ed2b81d70e54/om/data/db.snapshots/checkpointState/om.db-b4985788-d0f0-4647-97f1-c74959ec4275 in 53 milliseconds
2025-10-20 19:51:40,346 | INFO  | OMAudit | user=user1 | ip=127.0.0.1 | op=COMMIT_MULTIPART_UPLOAD_PARTKEY {"volume":"66799435-e6ec-4867-85a2-e690443de682","bucket":"fe996f60-89c7-4eed-992f-55092f2d876f","key":"736ff0e4-ff76-4379-bd76-9278ae26c757","dataSize":"5242880","ETag":"5ec9ae7549d12b830c2796d79d95cb39","uploadID":"019a032d-6d8f-7748-a593-6e95b7dc5055-115408234097869133","partNumber":"2","partName":"/66799435-e6ec-4867-85a2-e690443de682/fe996f60-89c7-4eed-992f-55092f2d876f/736ff0e4-ff76-4379-bd76-9278ae26c757-019a032d-6d8f-7748-a593-6e95b7dc5055-115408234097869133-2","Transaction":"1371"} | ret=SUCCESS |  
2025-10-20 19:51:40,350 | INFO  | OMAudit | user=user1 | ip=127.0.0.1 | op=ALLOCATE_KEY {"volume":"66799435-e6ec-4867-85a2-e690443de682","bucket":"fe996f60-89c7-4eed-992f-55092f2d876f","key":"736ff0e4-ff76-4379-bd76-9278ae26c757","dataSize":"36","Transaction":"1372"} | ret=SUCCESS |  
2025-10-20 19:51:40,352 | INFO  | SCMAudit | user=runner | ip=127.0.0.1 | op=ALLOCATE_BLOCK {"replication":"RATIS/THREE","owner":"omServiceIdDefault","size":"4194304","sampleBlocks":"[conID: 16 locID: 115816896921600364]","num":"1","client":"","allocated":"1"} | ret=SUCCESS |  
2025-10-20 19:51:40,354 [om1-OMDoubleBufferFlushThread] INFO  om.OmSnapshotManager (OmSnapshotManager.java:createOmSnapshotCheckpoint(545)) - Created checkpoint: /home/runner/work/ozone/ozone/hadoop-ozone/integration-test/target/test-dir/MiniOzoneClusterImpl-6935df51-69ff-4c35-8bd4-ed2b81d70e54/om/data/db.snapshots/checkpointState/om.db-b4985788-d0f0-4647-97f1-c74959ec4275 for snapshot /vol-b-47597/buc-a-06236/snapshot-a-8-77124
2025-10-20 19:51:40,355 | INFO  | OMAudit | user=user1 | ip=127.0.0.1 | op=ALLOCATE_BLOCK {"volume":"66799435-e6ec-4867-85a2-e690443de682","bucket":"fe996f60-89c7-4eed-992f-55092f2d876f","key":"736ff0e4-ff76-4379-bd76-9278ae26c757","dataSize":"36","replicationType":"RATIS","replicationFactor":"THREE","clientID":"115408234109272400","Transaction":"1373"} | ret=SUCCESS |  
2025-10-20 19:51:40,365 | INFO  | OMAudit | user=user1 | ip=127.0.0.1 | op=COMMIT_MULTIPART_UPLOAD_PARTKEY {"volume":"66799435-e6ec-4867-85a2-e690443de682","bucket":"fe996f60-89c7-4eed-992f-55092f2d876f","key":"736ff0e4-ff76-4379-bd76-9278ae26c757","dataSize":"36","ETag":"bdbb0a842203398c75a4d47411785ab7","uploadID":"019a032d-6d8f-7748-a593-6e95b7dc5055-115408234097869133","partNumber":"3","partName":"/66799435-e6ec-4867-85a2-e690443de682/fe996f60-89c7-4eed-992f-55092f2d876f/736ff0e4-ff76-4379-bd76-9278ae26c757-019a032d-6d8f-7748-a593-6e95b7dc5055-115408234097869133-3","Transaction":"1374"} | ret=SUCCESS |  
2025-10-20 19:51:40,369 | INFO  | OMAudit | user=user1 | ip=127.0.0.1 | op=COMPLETE_MULTIPART_UPLOAD {"volume":"66799435-e6ec-4867-85a2-e690443de682","bucket":"fe996f60-89c7-4eed-992f-55092f2d876f","key":"736ff0e4-ff76-4379-bd76-9278ae26c757","dataSize":"0","uploadID":"019a032d-6d8f-7748-a593-6e95b7dc5055-115408234097869133","multipartList":"[partNumber: 1 partName: \"5ec9ae7549d12b830c2796d79d95cb39\" eTag: \"5ec9ae7549d12b830c2796d79d95cb39\" , partNumber: 2 partName: \"5ec9ae7549d12b830c2796d79d95cb39\" eTag: \"5ec9ae7549d12b830c2796d79d95cb39\" , partNumber: 3 partName: \"bdbb0a842203398c75a4d47411785ab7\" eTag: \"bdbb0a842203398c75a4d47411785ab7\" ]","Transaction":"1375"} | ret=SUCCESS |  
2025-10-20 19:51:40,373 | INFO  | SCMAudit | user=runner | ip=127.0.0.1 | op=GET_CONTAINER_WITH_PIPELINE_BATCH {"containerIDs":"#19,"} | ret=SUCCESS |  
2025-10-20 19:51:40,374 | INFO  | OMAudit | user=user1 | ip=127.0.0.1 | op=READ_KEY {"volume":"66799435-e6ec-4867-85a2-e690443de682","bucket":"fe996f60-89c7-4eed-992f-55092f2d876f","key":"736ff0e4-ff76-4379-bd76-9278ae26c757","owner":null,"dataSize":"0","replicationConfig":null} | ret=SUCCESS |  
2025-10-20 19:51:40,395 [om1-OMDoubleBufferFlushThread] INFO  db.RDBCheckpointManager (RDBCheckpointManager.java:createCheckpoint(87)) - Created checkpoint in rocksDB at /home/runner/work/ozone/ozone/hadoop-ozone/integration-test/target/test-dir/MiniOzoneClusterImpl-6935df51-69ff-4c35-8bd4-ed2b81d70e54/om/data/db.snapshots/checkpointState/om.db-f15b5333-ed31-47da-8cc5-ea49f1555e68 in 39 milliseconds
2025-10-20 19:51:40,415 [om1-OMDoubleBufferFlushThread] INFO  om.OmSnapshotManager (OmSnapshotManager.java:createOmSnapshotCheckpoint(545)) - Created checkpoint: /home/runner/work/ozone/ozone/hadoop-ozone/integration-test/target/test-dir/MiniOzoneClusterImpl-6935df51-69ff-4c35-8bd4-ed2b81d70e54/om/data/db.snapshots/checkpointState/om.db-f15b5333-ed31-47da-8cc5-ea49f1555e68 for snapshot /vol-b-47597/buc-b-16885/snapshot-a-8-00989
2025-10-20 19:51:40,436 | INFO  | SCMAudit | user=runner | ip=127.0.0.1 | op=GET_CONTAINER_WITH_PIPELINE_BATCH {"containerIDs":"#16,#17,#19,#21,"} | ret=SUCCESS |  
2025-10-20 19:51:40,437 | INFO  | OMAudit | user=null | ip= | op=READ_KEY {"volume":"66799435-e6ec-4867-85a2-e690443de682","bucket":"fe996f60-89c7-4eed-992f-55092f2d876f","key":"736ff0e4-ff76-4379-bd76-9278ae26c757","owner":null,"dataSize":"0","replicationConfig":null} | ret=SUCCESS |  
2025-10-20 19:51:40,437 | INFO  | SCMAudit | user=runner | ip=127.0.0.1 | op=GET_CONTAINER {"containerID":"16"} | ret=SUCCESS |  
2025-10-20 19:51:40,438 | INFO  | SCMAudit | user=runner | ip=127.0.0.1 | op=GET_CONTAINER {"containerID":"21"} | ret=SUCCESS |  
2025-10-20 19:51:40,438 | INFO  | SCMAudit | user=runner | ip=127.0.0.1 | op=GET_CONTAINER {"containerID":"17"} | ret=SUCCESS |  
2025-10-20 19:51:40,439 | INFO  | SCMAudit | user=runner | ip=127.0.0.1 | op=GET_CONTAINER {"containerID":"19"} | ret=SUCCESS |  
2025-10-20 19:51:40,440 | INFO  | SCMAudit | user=runner | ip=127.0.0.1 | op=GET_CONTAINER {"containerID":"16"} | ret=SUCCESS |  
2025-10-20 19:51:40,444 | INFO  | SCMAudit | user=runner | ip=127.0.0.1 | op=SEND_HEARTBEAT {"datanodeUUID":"b614738c-cdff-4f09-bf59-ed5bb75d51be","term":"2","command":"[]"} | ret=SUCCESS |  
2025-10-20 19:51:40,448 | INFO  | SCMAudit | user=runner | ip=127.0.0.1 | op=SEND_HEARTBEAT {"datanodeUUID":"361055de-215b-4c6c-94c2-be1c1da118d1","term":"2","command":"[]"} | ret=SUCCESS |  
2025-10-20 19:51:40,451 [om1-OMDoubleBufferFlushThread] INFO  db.RDBCheckpointManager (RDBCheckpointManager.java:createCheckpoint(87)) - Created checkpoint in rocksDB at /home/runner/work/ozone/ozone/hadoop-ozone/integration-test/target/test-dir/MiniOzoneClusterImpl-6935df51-69ff-4c35-8bd4-ed2b81d70e54/om/data/db.snapshots/checkpointState/om.db-b322135d-c1b2-415a-9c03-cbcde04cf763 in 34 milliseconds
2025-10-20 19:51:40,451 | INFO  | SCMAudit | user=runner | ip=127.0.0.1 | op=SEND_HEARTBEAT {"datanodeUUID":"38991c48-ffb3-4453-b758-77d6b4ebc62b","term":"2","command":"[]"} | ret=SUCCESS |  
2025-10-20 19:51:40,453 | INFO  | SCMAudit | user=runner | ip=127.0.0.1 | op=SEND_HEARTBEAT {"datanodeUUID":"c90bff1f-5a1f-42c6-8fca-9533d718c79a","term":"2","command":"[]"} | ret=SUCCESS |  
2025-10-20 19:51:40,454 | INFO  | OMAudit | user=user1 | ip=127.0.0.1 | op=READ_KEY {"volume":"66799435-e6ec-4867-85a2-e690443de682","bucket":"fe996f60-89c7-4eed-992f-55092f2d876f","key":"736ff0e4-ff76-4379-bd76-9278ae26c757","owner":null,"dataSize":"0","replicationConfig":null} | ret=SUCCESS |  
2025-10-20 19:51:40,457 [ForkJoinPool-1-worker-1] INFO  om.S3SecretManager (S3SecretManager.java:updateCache(103)) - Updating cache for accessId/user: awsUser1.
2025-10-20 19:51:40,461 | INFO  | OMAudit | user=user1 | ip=127.0.0.1 | op=GET_SERVICE_LIST {} | ret=SUCCESS |  
2025-10-20 19:51:40,478 [om1-OMDoubleBufferFlushThread] INFO  om.OmSnapshotManager (OmSnapshotManager.java:createOmSnapshotCheckpoint(545)) - Created checkpoint: /home/runner/work/ozone/ozone/hadoop-ozone/integration-test/target/test-dir/MiniOzoneClusterImpl-6935df51-69ff-4c35-8bd4-ed2b81d70e54/om/data/db.snapshots/checkpointState/om.db-b322135d-c1b2-415a-9c03-cbcde04cf763 for snapshot /vol-a-65386/buc-a-06236/snapshot-a-9-00412
2025-10-20 19:51:40,490 | INFO  | OMAudit | user=user1 | ip=127.0.0.1 | op=READ_VOLUME {"volume":"66799435-e6ec-4867-85a2-e690443de682"} | ret=SUCCESS |  
2025-10-20 19:51:40,492 | INFO  | OMAudit | user=user1 | ip=127.0.0.1 | op=READ_BUCKET {"volume":"66799435-e6ec-4867-85a2-e690443de682","bucket":"fe996f60-89c7-4eed-992f-55092f2d876f"} | ret=SUCCESS |  
2025-10-20 19:51:40,496 | INFO  | OMAudit | user=awsUser1 | ip=127.0.0.1 | op=INITIATE_MULTIPART_UPLOAD {"volume":"66799435-e6ec-4867-85a2-e690443de682","bucket":"fe996f60-89c7-4eed-992f-55092f2d876f","key":"7ef73c4d-3ba2-45c8-82af-88f0ac9bd82d","dataSize":"0","replicationType":"RATIS","replicationFactor":"THREE","uploadID":"019a032d-6ecf-7ad5-8752-d46b36f4204f-115408234118840657","Transaction":"1376"} | ret=SUCCESS |  
2025-10-20 19:51:40,502 | INFO  | OMAudit | user=awsUser1 | ip=127.0.0.1 | op=ALLOCATE_KEY {"volume":"66799435-e6ec-4867-85a2-e690443de682","bucket":"fe996f60-89c7-4eed-992f-55092f2d876f","key":"7ef73c4d-3ba2-45c8-82af-88f0ac9bd82d","dataSize":"5242880","Transaction":"1377"} | ret=SUCCESS |  
2025-10-20 19:51:40,504 | INFO  | SCMAudit | user=runner | ip=127.0.0.1 | op=ALLOCATE_BLOCK {"replication":"RATIS/THREE","owner":"omServiceIdDefault","size":"4194304","sampleBlocks":"[conID: 20 locID: 115816896921600365]","num":"1","client":"","allocated":"1"} | ret=SUCCESS |  
2025-10-20 19:51:40,506 | INFO  | OMAudit | user=awsUser1 | ip=127.0.0.1 | op=ALLOCATE_BLOCK {"volume":"66799435-e6ec-4867-85a2-e690443de682","bucket":"fe996f60-89c7-4eed-992f-55092f2d876f","key":"7ef73c4d-3ba2-45c8-82af-88f0ac9bd82d","dataSize":"5242880","replicationType":"RATIS","replicationFactor":"THREE","clientID":"115408234119168338","Transaction":"1378"} | ret=SUCCESS |  
2025-10-20 19:51:40,577 [om1-OMDoubleBufferFlushThread] INFO  db.RDBCheckpointManager (RDBCheckpointManager.java:createCheckpoint(87)) - Created checkpoint in rocksDB at /home/runner/work/ozone/ozone/hadoop-ozone/integration-test/target/test-dir/MiniOzoneClusterImpl-6935df51-69ff-4c35-8bd4-ed2b81d70e54/om/data/db.snapshots/checkpointState/om.db-f311479d-b4dc-42a1-9467-8ea9ff05dde7 in 94 milliseconds
2025-10-20 19:51:40,587 | INFO  | SCMAudit | user=runner | ip=127.0.0.1 | op=ALLOCATE_BLOCK {"replication":"RATIS/THREE","owner":"omServiceIdDefault","size":"4194304","sampleBlocks":"[conID: 16 locID: 115816896921600366]","num":"1","client":"","allocated":"1"} | ret=SUCCESS |  
2025-10-20 19:51:40,590 | INFO  | OMAudit | user=awsUser1 | ip=127.0.0.1 | op=ALLOCATE_BLOCK {"volume":"66799435-e6ec-4867-85a2-e690443de682","bucket":"fe996f60-89c7-4eed-992f-55092f2d876f","key":"7ef73c4d-3ba2-45c8-82af-88f0ac9bd82d","dataSize":"5242880","replicationType":"RATIS","replicationFactor":"THREE","clientID":"115408234119168338","Transaction":"1379"} | ret=SUCCESS |  
2025-10-20 19:51:40,607 [om1-OMDoubleBufferFlushThread] INFO  om.OmSnapshotManager (OmSnapshotManager.java:createOmSnapshotCheckpoint(545)) - Created checkpoint: /home/runner/work/ozone/ozone/hadoop-ozone/integration-test/target/test-dir/MiniOzoneClusterImpl-6935df51-69ff-4c35-8bd4-ed2b81d70e54/om/data/db.snapshots/checkpointState/om.db-f311479d-b4dc-42a1-9467-8ea9ff05dde7 for snapshot /vol-a-65386/buc-b-16885/snapshot-a-9-80654
2025-10-20 19:51:40,621 | INFO  | OMAudit | user=awsUser1 | ip=127.0.0.1 | op=COMMIT_MULTIPART_UPLOAD_PARTKEY {"volume":"66799435-e6ec-4867-85a2-e690443de682","bucket":"fe996f60-89c7-4eed-992f-55092f2d876f","key":"7ef73c4d-3ba2-45c8-82af-88f0ac9bd82d","dataSize":"5242880","ETag":"5ec9ae7549d12b830c2796d79d95cb39","uploadID":"019a032d-6ecf-7ad5-8752-d46b36f4204f-115408234118840657","partNumber":"1","partName":"/66799435-e6ec-4867-85a2-e690443de682/fe996f60-89c7-4eed-992f-55092f2d876f/7ef73c4d-3ba2-45c8-82af-88f0ac9bd82d-019a032d-6ecf-7ad5-8752-d46b36f4204f-115408234118840657-1","Transaction":"1380"} | ret=SUCCESS |  
2025-10-20 19:51:40,625 | INFO  | OMAudit | user=awsUser1 | ip=127.0.0.1 | op=ALLOCATE_KEY {"volume":"66799435-e6ec-4867-85a2-e690443de682","bucket":"fe996f60-89c7-4eed-992f-55092f2d876f","key":"7ef73c4d-3ba2-45c8-82af-88f0ac9bd82d","dataSize":"5242880","Transaction":"1381"} | ret=SUCCESS |  
2025-10-20 19:51:40,628 | INFO  | SCMAudit | user=runner | ip=127.0.0.1 | op=ALLOCATE_BLOCK {"replication":"RATIS/THREE","owner":"omServiceIdDefault","size":"4194304","sampleBlocks":"[conID: 18 locID: 115816896921600367]","num":"1","client":"","allocated":"1"} | ret=SUCCESS |  
2025-10-20 19:51:40,630 | INFO  | OMAudit | user=awsUser1 | ip=127.0.0.1 | op=ALLOCATE_BLOCK {"volume":"66799435-e6ec-4867-85a2-e690443de682","bucket":"fe996f60-89c7-4eed-992f-55092f2d876f","key":"7ef73c4d-3ba2-45c8-82af-88f0ac9bd82d","dataSize":"5242880","replicationType":"RATIS","replicationFactor":"THREE","clientID":"115408234127229267","Transaction":"1382"} | ret=SUCCESS |  
2025-10-20 19:51:40,650 | INFO  | SCMAudit | user=runner | ip=127.0.0.1 | op=SEND_HEARTBEAT {"datanodeUUID":"4f2bb3f5-0e03-4f1b-bb4c-79c91b98c7da","term":"2","command":"[]"} | ret=SUCCESS |  
2025-10-20 19:51:40,650 | INFO  | SCMAudit | user=runner | ip=127.0.0.1 | op=SEND_HEARTBEAT {"datanodeUUID":"cc7fbe85-1d98-437b-84f9-04213fee10f0","term":"2","command":"[]"} | ret=SUCCESS |  
2025-10-20 19:51:40,651 | INFO  | SCMAudit | user=runner | ip=127.0.0.1 | op=SEND_HEARTBEAT {"datanodeUUID":"605be85e-a7f4-44d7-8cfd-f53001b990b0","term":"2","command":"[]"} | ret=SUCCESS |  
2025-10-20 19:51:40,668 [om1-OMDoubleBufferFlushThread] INFO  db.RDBCheckpointManager (RDBCheckpointManager.java:createCheckpoint(87)) - Created checkpoint in rocksDB at /home/runner/work/ozone/ozone/hadoop-ozone/integration-test/target/test-dir/MiniOzoneClusterImpl-6935df51-69ff-4c35-8bd4-ed2b81d70e54/om/data/db.snapshots/checkpointState/om.db-14c89324-a1e8-4177-99b0-567579c571a6 in 58 milliseconds
2025-10-20 19:51:40,692 | INFO  | SCMAudit | user=runner | ip=127.0.0.1 | op=ALLOCATE_BLOCK {"replication":"RATIS/THREE","owner":"omServiceIdDefault","size":"4194304","sampleBlocks":"[conID: 17 locID: 115816896921600368]","num":"1","client":"","allocated":"1"} | ret=SUCCESS |  
2025-10-20 19:51:40,694 | INFO  | OMAudit | user=awsUser1 | ip=127.0.0.1 | op=ALLOCATE_BLOCK {"volume":"66799435-e6ec-4867-85a2-e690443de682","bucket":"fe996f60-89c7-4eed-992f-55092f2d876f","key":"7ef73c4d-3ba2-45c8-82af-88f0ac9bd82d","dataSize":"5242880","replicationType":"RATIS","replicationFactor":"THREE","clientID":"115408234127229267","Transaction":"1383"} | ret=SUCCESS |  
2025-10-20 19:51:40,705 [om1-OMDoubleBufferFlushThread] INFO  om.OmSnapshotManager (OmSnapshotManager.java:createOmSnapshotCheckpoint(545)) - Created checkpoint: /home/runner/work/ozone/ozone/hadoop-ozone/integration-test/target/test-dir/MiniOzoneClusterImpl-6935df51-69ff-4c35-8bd4-ed2b81d70e54/om/data/db.snapshots/checkpointState/om.db-14c89324-a1e8-4177-99b0-567579c571a6 for snapshot /vol-b-47597/buc-a-06236/snapshot-a-9-45675
2025-10-20 19:51:40,724 | INFO  | OMAudit | user=awsUser1 | ip=127.0.0.1 | op=COMMIT_MULTIPART_UPLOAD_PARTKEY {"volume":"66799435-e6ec-4867-85a2-e690443de682","bucket":"fe996f60-89c7-4eed-992f-55092f2d876f","key":"7ef73c4d-3ba2-45c8-82af-88f0ac9bd82d","dataSize":"5242880","ETag":"5ec9ae7549d12b830c2796d79d95cb39","uploadID":"019a032d-6ecf-7ad5-8752-d46b36f4204f-115408234118840657","partNumber":"2","partName":"/66799435-e6ec-4867-85a2-e690443de682/fe996f60-89c7-4eed-992f-55092f2d876f/7ef73c4d-3ba2-45c8-82af-88f0ac9bd82d-019a032d-6ecf-7ad5-8752-d46b36f4204f-115408234118840657-2","Transaction":"1384"} | ret=SUCCESS |  
2025-10-20 19:51:40,728 | INFO  | OMAudit | user=awsUser1 | ip=127.0.0.1 | op=ALLOCATE_KEY {"volume":"66799435-e6ec-4867-85a2-e690443de682","bucket":"fe996f60-89c7-4eed-992f-55092f2d876f","key":"7ef73c4d-3ba2-45c8-82af-88f0ac9bd82d","dataSize":"36","Transaction":"1385"} | ret=SUCCESS |  
2025-10-20 19:51:40,731 | INFO  | SCMAudit | user=runner | ip=127.0.0.1 | op=ALLOCATE_BLOCK {"replication":"RATIS/THREE","owner":"omServiceIdDefault","size":"4194304","sampleBlocks":"[conID: 17 locID: 115816896921600369]","num":"1","client":"","allocated":"1"} | ret=SUCCESS |  
2025-10-20 19:51:40,732 | INFO  | SCMAudit | user=runner | ip=127.0.0.1 | op=SEND_HEARTBEAT {"datanodeUUID":"feb39a1c-80cb-4714-ab06-a361236e3029","term":"2","command":"[]"} | ret=SUCCESS |  
2025-10-20 19:51:40,734 | INFO  | OMAudit | user=awsUser1 | ip=127.0.0.1 | op=ALLOCATE_BLOCK {"volume":"66799435-e6ec-4867-85a2-e690443de682","bucket":"fe996f60-89c7-4eed-992f-55092f2d876f","key":"7ef73c4d-3ba2-45c8-82af-88f0ac9bd82d","dataSize":"36","replicationType":"RATIS","replicationFactor":"THREE","clientID":"115408234134045012","Transaction":"1386"} | ret=SUCCESS |  
2025-10-20 19:51:40,743 | INFO  | SCMAudit | user=runner | ip=127.0.0.1 | op=SEND_HEARTBEAT {"datanodeUUID":"e05592a5-d00f-4fc1-9e39-a968c1ecb04e","term":"2","command":"[]"} | ret=SUCCESS |  
2025-10-20 19:51:40,745 | INFO  | SCMAudit | user=runner | ip=127.0.0.1 | op=SEND_HEARTBEAT {"datanodeUUID":"33f74daf-be7a-4306-b2af-53e409c4cb93","term":"2","command":"[]"} | ret=SUCCESS |  
2025-10-20 19:51:40,748 | INFO  | OMAudit | user=awsUser1 | ip=127.0.0.1 | op=COMMIT_MULTIPART_UPLOAD_PARTKEY {"volume":"66799435-e6ec-4867-85a2-e690443de682","bucket":"fe996f60-89c7-4eed-992f-55092f2d876f","key":"7ef73c4d-3ba2-45c8-82af-88f0ac9bd82d","dataSize":"36","ETag":"ca20d6e0ec01efb70cb3b19ac8797898","uploadID":"019a032d-6ecf-7ad5-8752-d46b36f4204f-115408234118840657","partNumber":"3","partName":"/66799435-e6ec-4867-85a2-e690443de682/fe996f60-89c7-4eed-992f-55092f2d876f/7ef73c4d-3ba2-45c8-82af-88f0ac9bd82d-019a032d-6ecf-7ad5-8752-d46b36f4204f-115408234118840657-3","Transaction":"1387"} | ret=SUCCESS |  
2025-10-20 19:51:40,752 | INFO  | OMAudit | user=awsUser1 | ip=127.0.0.1 | op=COMPLETE_MULTIPART_UPLOAD {"volume":"66799435-e6ec-4867-85a2-e690443de682","bucket":"fe996f60-89c7-4eed-992f-55092f2d876f","key":"7ef73c4d-3ba2-45c8-82af-88f0ac9bd82d","dataSize":"0","uploadID":"019a032d-6ecf-7ad5-8752-d46b36f4204f-115408234118840657","multipartList":"[partNumber: 1 partName: \"5ec9ae7549d12b830c2796d79d95cb39\" eTag: \"5ec9ae7549d12b830c2796d79d95cb39\" , partNumber: 2 partName: \"5ec9ae7549d12b830c2796d79d95cb39\" eTag: \"5ec9ae7549d12b830c2796d79d95cb39\" , partNumber: 3 partName: \"ca20d6e0ec01efb70cb3b19ac8797898\" eTag: \"ca20d6e0ec01efb70cb3b19ac8797898\" ]","Transaction":"1388"} | ret=SUCCESS |  
2025-10-20 19:51:40,767 [om1-OMDoubleBufferFlushThread] INFO  db.RDBCheckpointManager (RDBCheckpointManager.java:createCheckpoint(87)) - Created checkpoint in rocksDB at /home/runner/work/ozone/ozone/hadoop-ozone/integration-test/target/test-dir/MiniOzoneClusterImpl-6935df51-69ff-4c35-8bd4-ed2b81d70e54/om/data/db.snapshots/checkpointState/om.db-3e86dc5a-3895-49ab-bd72-33eea8e1c73b in 60 milliseconds
2025-10-20 19:51:40,775 | INFO  | OMAudit | user=user1 | ip=127.0.0.1 | op=READ_KEY {"volume":"66799435-e6ec-4867-85a2-e690443de682","bucket":"fe996f60-89c7-4eed-992f-55092f2d876f","key":"7ef73c4d-3ba2-45c8-82af-88f0ac9bd82d","owner":null,"dataSize":"0","replicationConfig":null} | ret=SUCCESS |  
2025-10-20 19:51:40,822 [om1-OMDoubleBufferFlushThread] INFO  om.OmSnapshotManager (OmSnapshotManager.java:createOmSnapshotCheckpoint(545)) - Created checkpoint: /home/runner/work/ozone/ozone/hadoop-ozone/integration-test/target/test-dir/MiniOzoneClusterImpl-6935df51-69ff-4c35-8bd4-ed2b81d70e54/om/data/db.snapshots/checkpointState/om.db-3e86dc5a-3895-49ab-bd72-33eea8e1c73b for snapshot /vol-b-47597/buc-b-16885/snapshot-a-9-21199
2025-10-20 19:51:40,850 | INFO  | SCMAudit | user=runner | ip=127.0.0.1 | op=SEND_HEARTBEAT {"datanodeUUID":"d7d8cf72-b9f6-4979-9c53-007dd6e6e48a","term":"2","command":"[]"} | ret=SUCCESS |  
2025-10-20 19:51:40,893 [om1-OMDoubleBufferFlushThread] INFO  db.RDBCheckpointManager (RDBCheckpointManager.java:createCheckpoint(87)) - Created checkpoint in rocksDB at /home/runner/work/ozone/ozone/hadoop-ozone/integration-test/target/test-dir/MiniOzoneClusterImpl-6935df51-69ff-4c35-8bd4-ed2b81d70e54/om/data/db.snapshots/checkpointState/om.db-31195d6f-c10c-40c3-b137-d7c959f4fe30 in 69 milliseconds
2025-10-20 19:51:40,895 | INFO  | SCMAudit | user=runner | ip=127.0.0.1 | op=GET_CONTAINER_WITH_PIPELINE_BATCH {"containerIDs":"#16,#17,#18,#20,"} | ret=SUCCESS |  
2025-10-20 19:51:40,897 | INFO  | OMAudit | user=null | ip= | op=READ_KEY {"volume":"66799435-e6ec-4867-85a2-e690443de682","bucket":"fe996f60-89c7-4eed-992f-55092f2d876f","key":"7ef73c4d-3ba2-45c8-82af-88f0ac9bd82d","owner":null,"dataSize":"0","replicationConfig":null} | ret=SUCCESS |  
2025-10-20 19:51:40,899 | INFO  | SCMAudit | user=runner | ip=127.0.0.1 | op=GET_CONTAINER {"containerID":"20"} | ret=SUCCESS |  
2025-10-20 19:51:40,901 | INFO  | SCMAudit | user=runner | ip=127.0.0.1 | op=GET_CONTAINER {"containerID":"16"} | ret=SUCCESS |  
2025-10-20 19:51:40,902 | INFO  | SCMAudit | user=runner | ip=127.0.0.1 | op=GET_CONTAINER {"containerID":"18"} | ret=SUCCESS |  
2025-10-20 19:51:40,903 | INFO  | SCMAudit | user=runner | ip=127.0.0.1 | op=GET_CONTAINER {"containerID":"17"} | ret=SUCCESS |  
2025-10-20 19:51:40,904 | INFO  | SCMAudit | user=runner | ip=127.0.0.1 | op=GET_CONTAINER {"containerID":"17"} | ret=SUCCESS |  
2025-10-20 19:51:40,931 | INFO  | OMAudit | user=user1 | ip=127.0.0.1 | op=READ_KEY {"volume":"66799435-e6ec-4867-85a2-e690443de682","bucket":"fe996f60-89c7-4eed-992f-55092f2d876f","key":"7ef73c4d-3ba2-45c8-82af-88f0ac9bd82d","owner":null,"dataSize":"0","replicationConfig":null} | ret=SUCCESS |  
2025-10-20 19:51:40,937 [om1-OMDoubleBufferFlushThread] INFO  om.OmSnapshotManager (OmSnapshotManager.java:createOmSnapshotCheckpoint(545)) - Created checkpoint: /home/runner/work/ozone/ozone/hadoop-ozone/integration-test/target/test-dir/MiniOzoneClusterImpl-6935df51-69ff-4c35-8bd4-ed2b81d70e54/om/data/db.snapshots/checkpointState/om.db-31195d6f-c10c-40c3-b137-d7c959f4fe30 for snapshot /vol-a-65386/buc-a-06236/snapshot-b-0-28253
2025-10-20 19:51:40,938 | INFO  | OMAudit | user=runner | ip=127.0.0.1 | op=GET_SERVICE_LIST {} | ret=SUCCESS |  
]]></system-out>
  </testcase>
  <testcase name="testMultipartUploadWithACL" classname="org.apache.hadoop.ozone.client.rpc.TestSecureOzoneRpcClient" time="0.467">
    <system-out><![CDATA[2025-10-20 19:51:40,943 [ForkJoinPool-1-worker-1] INFO  rpc.RpcClient (RpcClient.java:createVolume(461)) - Creating Volume: 4df95b36-d9a9-413c-8975-2f4539695d5e, with runner as owner and space quota set to -1 bytes, counts quota set to -1
2025-10-20 19:51:40,949 [om1-OMStateMachineApplyTransactionThread - 0] INFO  volume.OMVolumeCreateRequest (OMVolumeCreateRequest.java:validateAndUpdateCache(213)) - created volume:4df95b36-d9a9-413c-8975-2f4539695d5e for user:runner
2025-10-20 19:51:40,949 | INFO  | OMAudit | user=runner | ip=127.0.0.1 | op=CREATE_VOLUME {"admin":"runner","owner":"runner","volume":"4df95b36-d9a9-413c-8975-2f4539695d5e","creationTime":"1760989900946","modificationTime":"1760989900946","quotaInBytes":"-1","quotaInNamespace":"-1","usedNamespace":"0","objectID":"-9223372036854420224","updateID":"1389","Transaction":"1389"} | ret=SUCCESS |  
2025-10-20 19:51:40,952 | INFO  | OMAudit | user=runner | ip=127.0.0.1 | op=READ_VOLUME {"volume":"4df95b36-d9a9-413c-8975-2f4539695d5e"} | ret=SUCCESS |  
2025-10-20 19:51:40,954 [ForkJoinPool-1-worker-1] INFO  rpc.RpcClient (RpcClient.java:createBucket(686)) - Creating Bucket: 4df95b36-d9a9-413c-8975-2f4539695d5e/274fc4cf-81cc-49a4-8470-359802b19fe5, with bucket layout OBJECT_STORE, runner as owner, Versioning false, Storage Type set to DISK and Encryption set to false, Replication Type set to server-side default replication type, Namespace Quota set to -1, Space Quota set to -1 
2025-10-20 19:51:40,957 [om1-OMStateMachineApplyTransactionThread - 0] INFO  bucket.OMBucketCreateRequest (OMBucketCreateRequest.java:validateAndUpdateCache(303)) - created bucket: 274fc4cf-81cc-49a4-8470-359802b19fe5 of layout OBJECT_STORE in volume: 4df95b36-d9a9-413c-8975-2f4539695d5e
2025-10-20 19:51:40,957 | INFO  | OMAudit | user=runner | ip=127.0.0.1 | op=CREATE_BUCKET {"volume":"4df95b36-d9a9-413c-8975-2f4539695d5e","bucket":"274fc4cf-81cc-49a4-8470-359802b19fe5","bucketLayout":"OBJECT_STORE","gdprEnabled":null,"acls":"[user:runner:a[ACCESS], group:runner:rl[ACCESS]]","isVersionEnabled":"false","storageType":"DISK","creationTime":"1760989900956","bucketEncryptionKey":null,"modificationTime":"1760989900956","usedBytes":"0","usedNamespace":"0","snapshotUsedBytes":"0","snapshotUsedNamespace":"0","owner":"runner","replicationType":null,"replicationConfig":null,"quotaInBytes":"-1","quotaInNamespace":"-1","Transaction":"1390"} | ret=SUCCESS |  
2025-10-20 19:51:40,959 | INFO  | OMAudit | user=runner | ip=127.0.0.1 | op=READ_BUCKET {"volume":"4df95b36-d9a9-413c-8975-2f4539695d5e","bucket":"274fc4cf-81cc-49a4-8470-359802b19fe5"} | ret=SUCCESS |  
2025-10-20 19:51:40,962 | INFO  | OMAudit | user=runner | ip=127.0.0.1 | op=ADD_ACL {"resourceType":"bucket","storageType":"ozone","volume":"4df95b36-d9a9-413c-8975-2f4539695d5e","bucket":"274fc4cf-81cc-49a4-8470-359802b19fe5","key":null,"acl":"[user:Monday:a[DEFAULT]]","Transaction":"1391"} | ret=SUCCESS |  
2025-10-20 19:51:40,964 | INFO  | OMAudit | user=runner | ip=127.0.0.1 | op=ADD_ACL {"resourceType":"bucket","storageType":"ozone","volume":"4df95b36-d9a9-413c-8975-2f4539695d5e","bucket":"274fc4cf-81cc-49a4-8470-359802b19fe5","key":null,"acl":"[user:Friday:a[DEFAULT]]","Transaction":"1392"} | ret=SUCCESS |  
2025-10-20 19:51:40,966 | INFO  | OMAudit | user=runner | ip=127.0.0.1 | op=ADD_ACL {"resourceType":"bucket","storageType":"ozone","volume":"4df95b36-d9a9-413c-8975-2f4539695d5e","bucket":"274fc4cf-81cc-49a4-8470-359802b19fe5","key":null,"acl":"[user:Jan:a[ACCESS]]","Transaction":"1393"} | ret=SUCCESS |  
2025-10-20 19:51:40,968 | INFO  | OMAudit | user=runner | ip=127.0.0.1 | op=ADD_ACL {"resourceType":"bucket","storageType":"ozone","volume":"4df95b36-d9a9-413c-8975-2f4539695d5e","bucket":"274fc4cf-81cc-49a4-8470-359802b19fe5","key":null,"acl":"[user:Feb:a[ACCESS]]","Transaction":"1394"} | ret=SUCCESS |  
2025-10-20 19:51:40,973 | INFO  | OMAudit | user=runner | ip=127.0.0.1 | op=INITIATE_MULTIPART_UPLOAD {"volume":"4df95b36-d9a9-413c-8975-2f4539695d5e","bucket":"274fc4cf-81cc-49a4-8470-359802b19fe5","key":"dc4535b2-900f-4917-88a3-b2a9634b3c85","dataSize":"0","replicationType":"RATIS","replicationFactor":"ONE","uploadID":"019a032d-70ab-71b4-8622-0e76cca0f594-115408234150035797","Transaction":"1395"} | ret=SUCCESS |  
2025-10-20 19:51:40,982 | INFO  | OMAudit | user=runner | ip=127.0.0.1 | op=ALLOCATE_KEY {"volume":"4df95b36-d9a9-413c-8975-2f4539695d5e","bucket":"274fc4cf-81cc-49a4-8470-359802b19fe5","key":"dc4535b2-900f-4917-88a3-b2a9634b3c85","dataSize":"5242880","Transaction":"1396"} | ret=SUCCESS |  
2025-10-20 19:51:40,985 | INFO  | SCMAudit | user=runner | ip=127.0.0.1 | op=ALLOCATE_BLOCK {"replication":"RATIS/ONE","owner":"omServiceIdDefault","size":"4194304","sampleBlocks":"[conID: 13 locID: 115816896921600370]","num":"1","client":"","allocated":"1"} | ret=SUCCESS |  
2025-10-20 19:51:40,988 | INFO  | OMAudit | user=runner | ip=127.0.0.1 | op=ALLOCATE_BLOCK {"volume":"4df95b36-d9a9-413c-8975-2f4539695d5e","bucket":"274fc4cf-81cc-49a4-8470-359802b19fe5","key":"dc4535b2-900f-4917-88a3-b2a9634b3c85","dataSize":"5242880","replicationType":"RATIS","replicationFactor":"ONE","clientID":"115408234150625622","Transaction":"1397"} | ret=SUCCESS |  
2025-10-20 19:51:40,992 [om1-OMDoubleBufferFlushThread] INFO  db.RDBCheckpointManager (RDBCheckpointManager.java:createCheckpoint(87)) - Created checkpoint in rocksDB at /home/runner/work/ozone/ozone/hadoop-ozone/integration-test/target/test-dir/MiniOzoneClusterImpl-6935df51-69ff-4c35-8bd4-ed2b81d70e54/om/data/db.snapshots/checkpointState/om.db-108ba47c-99db-442a-aea7-9ee8909bee54 in 53 milliseconds
2025-10-20 19:51:41,038 | INFO  | SCMAudit | user=runner | ip=127.0.0.1 | op=ALLOCATE_BLOCK {"replication":"RATIS/ONE","owner":"omServiceIdDefault","size":"4194304","sampleBlocks":"[conID: 4 locID: 115816896921600371]","num":"1","client":"","allocated":"1"} | ret=SUCCESS |  
2025-10-20 19:51:41,040 [om1-OMDoubleBufferFlushThread] INFO  om.OmSnapshotManager (OmSnapshotManager.java:createOmSnapshotCheckpoint(545)) - Created checkpoint: /home/runner/work/ozone/ozone/hadoop-ozone/integration-test/target/test-dir/MiniOzoneClusterImpl-6935df51-69ff-4c35-8bd4-ed2b81d70e54/om/data/db.snapshots/checkpointState/om.db-108ba47c-99db-442a-aea7-9ee8909bee54 for snapshot /vol-a-65386/buc-b-16885/snapshot-b-0-19532
2025-10-20 19:51:41,047 | INFO  | OMAudit | user=runner | ip=127.0.0.1 | op=ALLOCATE_BLOCK {"volume":"4df95b36-d9a9-413c-8975-2f4539695d5e","bucket":"274fc4cf-81cc-49a4-8470-359802b19fe5","key":"dc4535b2-900f-4917-88a3-b2a9634b3c85","dataSize":"5242880","replicationType":"RATIS","replicationFactor":"ONE","clientID":"115408234150625622","Transaction":"1398"} | ret=SUCCESS |  
2025-10-20 19:51:41,081 | INFO  | OMAudit | user=runner | ip=127.0.0.1 | op=COMMIT_MULTIPART_UPLOAD_PARTKEY {"volume":"4df95b36-d9a9-413c-8975-2f4539695d5e","bucket":"274fc4cf-81cc-49a4-8470-359802b19fe5","key":"dc4535b2-900f-4917-88a3-b2a9634b3c85","dataSize":"5242880","ETag":"74843a3ab193a389bced899402d99d5f","uploadID":"019a032d-70ab-71b4-8622-0e76cca0f594-115408234150035797","partNumber":"1","partName":"/4df95b36-d9a9-413c-8975-2f4539695d5e/274fc4cf-81cc-49a4-8470-359802b19fe5/dc4535b2-900f-4917-88a3-b2a9634b3c85-019a032d-70ab-71b4-8622-0e76cca0f594-115408234150035797-1","Transaction":"1399"} | ret=SUCCESS |  
2025-10-20 19:51:41,086 | INFO  | OMAudit | user=runner | ip=127.0.0.1 | op=ALLOCATE_KEY {"volume":"4df95b36-d9a9-413c-8975-2f4539695d5e","bucket":"274fc4cf-81cc-49a4-8470-359802b19fe5","key":"dc4535b2-900f-4917-88a3-b2a9634b3c85","dataSize":"5242880","Transaction":"1400"} | ret=SUCCESS |  
2025-10-20 19:51:41,089 | INFO  | SCMAudit | user=runner | ip=127.0.0.1 | op=ALLOCATE_BLOCK {"replication":"RATIS/ONE","owner":"omServiceIdDefault","size":"4194304","sampleBlocks":"[conID: 11 locID: 115816896921600372]","num":"1","client":"","allocated":"1"} | ret=SUCCESS |  
2025-10-20 19:51:41,090 | INFO  | OMAudit | user=runner | ip=127.0.0.1 | op=ALLOCATE_BLOCK {"volume":"4df95b36-d9a9-413c-8975-2f4539695d5e","bucket":"274fc4cf-81cc-49a4-8470-359802b19fe5","key":"dc4535b2-900f-4917-88a3-b2a9634b3c85","dataSize":"5242880","replicationType":"RATIS","replicationFactor":"ONE","clientID":"115408234157441367","Transaction":"1401"} | ret=SUCCESS |  
2025-10-20 19:51:41,093 [om1-OMDoubleBufferFlushThread] INFO  db.RDBCheckpointManager (RDBCheckpointManager.java:createCheckpoint(87)) - Created checkpoint in rocksDB at /home/runner/work/ozone/ozone/hadoop-ozone/integration-test/target/test-dir/MiniOzoneClusterImpl-6935df51-69ff-4c35-8bd4-ed2b81d70e54/om/data/db.snapshots/checkpointState/om.db-0fb7881e-8b46-4189-8eef-1fb42beebf94 in 50 milliseconds
2025-10-20 19:51:41,125 | INFO  | SCMAudit | user=runner | ip=127.0.0.1 | op=ALLOCATE_BLOCK {"replication":"RATIS/ONE","owner":"omServiceIdDefault","size":"4194304","sampleBlocks":"[conID: 3 locID: 115816896921600373]","num":"1","client":"","allocated":"1"} | ret=SUCCESS |  
2025-10-20 19:51:41,127 [om1-OMDoubleBufferFlushThread] INFO  om.OmSnapshotManager (OmSnapshotManager.java:createOmSnapshotCheckpoint(545)) - Created checkpoint: /home/runner/work/ozone/ozone/hadoop-ozone/integration-test/target/test-dir/MiniOzoneClusterImpl-6935df51-69ff-4c35-8bd4-ed2b81d70e54/om/data/db.snapshots/checkpointState/om.db-0fb7881e-8b46-4189-8eef-1fb42beebf94 for snapshot /vol-b-47597/buc-a-06236/snapshot-b-0-05200
2025-10-20 19:51:41,129 | INFO  | OMAudit | user=runner | ip=127.0.0.1 | op=ALLOCATE_BLOCK {"volume":"4df95b36-d9a9-413c-8975-2f4539695d5e","bucket":"274fc4cf-81cc-49a4-8470-359802b19fe5","key":"dc4535b2-900f-4917-88a3-b2a9634b3c85","dataSize":"5242880","replicationType":"RATIS","replicationFactor":"ONE","clientID":"115408234157441367","Transaction":"1402"} | ret=SUCCESS |  
2025-10-20 19:51:41,159 | INFO  | OMAudit | user=runner | ip=127.0.0.1 | op=COMMIT_MULTIPART_UPLOAD_PARTKEY {"volume":"4df95b36-d9a9-413c-8975-2f4539695d5e","bucket":"274fc4cf-81cc-49a4-8470-359802b19fe5","key":"dc4535b2-900f-4917-88a3-b2a9634b3c85","dataSize":"5242880","ETag":"74843a3ab193a389bced899402d99d5f","uploadID":"019a032d-70ab-71b4-8622-0e76cca0f594-115408234150035797","partNumber":"2","partName":"/4df95b36-d9a9-413c-8975-2f4539695d5e/274fc4cf-81cc-49a4-8470-359802b19fe5/dc4535b2-900f-4917-88a3-b2a9634b3c85-019a032d-70ab-71b4-8622-0e76cca0f594-115408234150035797-2","Transaction":"1403"} | ret=SUCCESS |  
2025-10-20 19:51:41,161 | INFO  | OMAudit | user=runner | ip=127.0.0.1 | op=ALLOCATE_KEY {"volume":"4df95b36-d9a9-413c-8975-2f4539695d5e","bucket":"274fc4cf-81cc-49a4-8470-359802b19fe5","key":"dc4535b2-900f-4917-88a3-b2a9634b3c85","dataSize":"36","Transaction":"1404"} | ret=SUCCESS |  
2025-10-20 19:51:41,167 | INFO  | SCMAudit | user=runner | ip=127.0.0.1 | op=ALLOCATE_BLOCK {"replication":"RATIS/ONE","owner":"omServiceIdDefault","size":"4194304","sampleBlocks":"[conID: 6 locID: 115816896921600374]","num":"1","client":"","allocated":"1"} | ret=SUCCESS |  
2025-10-20 19:51:41,169 | INFO  | OMAudit | user=runner | ip=127.0.0.1 | op=ALLOCATE_BLOCK {"volume":"4df95b36-d9a9-413c-8975-2f4539695d5e","bucket":"274fc4cf-81cc-49a4-8470-359802b19fe5","key":"dc4535b2-900f-4917-88a3-b2a9634b3c85","dataSize":"36","replicationType":"RATIS","replicationFactor":"ONE","clientID":"115408234162422104","Transaction":"1405"} | ret=SUCCESS |  
2025-10-20 19:51:41,177 | INFO  | SCMAudit | user=runner | ip=127.0.0.1 | op=SEND_HEARTBEAT {"datanodeUUID":"ef67b0a7-5b27-496d-9f38-ab804a28e500","term":"2","command":"[]"} | ret=SUCCESS |  
2025-10-20 19:51:41,178 | INFO  | SCMAudit | user=runner | ip=127.0.0.1 | op=SEND_HEARTBEAT {"datanodeUUID":"7bb0e7f0-2b36-4ec0-8a09-ceac75d91a36","term":"2","command":"[]"} | ret=SUCCESS |  
2025-10-20 19:51:41,182 [om1-OMDoubleBufferFlushThread] INFO  db.RDBCheckpointManager (RDBCheckpointManager.java:createCheckpoint(87)) - Created checkpoint in rocksDB at /home/runner/work/ozone/ozone/hadoop-ozone/integration-test/target/test-dir/MiniOzoneClusterImpl-6935df51-69ff-4c35-8bd4-ed2b81d70e54/om/data/db.snapshots/checkpointState/om.db-484b84de-652c-45b9-8c9b-542ac1249f52 in 53 milliseconds
2025-10-20 19:51:41,183 | INFO  | OMAudit | user=runner | ip=127.0.0.1 | op=COMMIT_MULTIPART_UPLOAD_PARTKEY {"volume":"4df95b36-d9a9-413c-8975-2f4539695d5e","bucket":"274fc4cf-81cc-49a4-8470-359802b19fe5","key":"dc4535b2-900f-4917-88a3-b2a9634b3c85","dataSize":"36","ETag":"8cd2c48e4b973ab1fd70ad0b304069ad","uploadID":"019a032d-70ab-71b4-8622-0e76cca0f594-115408234150035797","partNumber":"3","partName":"/4df95b36-d9a9-413c-8975-2f4539695d5e/274fc4cf-81cc-49a4-8470-359802b19fe5/dc4535b2-900f-4917-88a3-b2a9634b3c85-019a032d-70ab-71b4-8622-0e76cca0f594-115408234150035797-3","Transaction":"1406"} | ret=SUCCESS |  
2025-10-20 19:51:41,188 | INFO  | OMAudit | user=runner | ip=127.0.0.1 | op=COMPLETE_MULTIPART_UPLOAD {"volume":"4df95b36-d9a9-413c-8975-2f4539695d5e","bucket":"274fc4cf-81cc-49a4-8470-359802b19fe5","key":"dc4535b2-900f-4917-88a3-b2a9634b3c85","dataSize":"0","uploadID":"019a032d-70ab-71b4-8622-0e76cca0f594-115408234150035797","multipartList":"[partNumber: 1 partName: \"74843a3ab193a389bced899402d99d5f\" eTag: \"74843a3ab193a389bced899402d99d5f\" , partNumber: 2 partName: \"74843a3ab193a389bced899402d99d5f\" eTag: \"74843a3ab193a389bced899402d99d5f\" , partNumber: 3 partName: \"8cd2c48e4b973ab1fd70ad0b304069ad\" eTag: \"8cd2c48e4b973ab1fd70ad0b304069ad\" ]","Transaction":"1407"} | ret=SUCCESS |  
2025-10-20 19:51:41,191 | INFO  | OMAudit | user=runner | ip=127.0.0.1 | op=READ_KEY {"volume":"4df95b36-d9a9-413c-8975-2f4539695d5e","bucket":"274fc4cf-81cc-49a4-8470-359802b19fe5","key":"dc4535b2-900f-4917-88a3-b2a9634b3c85","owner":null,"dataSize":"0","replicationConfig":null} | ret=SUCCESS |  
2025-10-20 19:51:41,206 [om1-OMDoubleBufferFlushThread] INFO  om.OmSnapshotManager (OmSnapshotManager.java:createOmSnapshotCheckpoint(545)) - Created checkpoint: /home/runner/work/ozone/ozone/hadoop-ozone/integration-test/target/test-dir/MiniOzoneClusterImpl-6935df51-69ff-4c35-8bd4-ed2b81d70e54/om/data/db.snapshots/checkpointState/om.db-484b84de-652c-45b9-8c9b-542ac1249f52 for snapshot /vol-b-47597/buc-b-16885/snapshot-b-0-02396
2025-10-20 19:51:41,249 [om1-OMDoubleBufferFlushThread] INFO  db.RDBCheckpointManager (RDBCheckpointManager.java:createCheckpoint(87)) - Created checkpoint in rocksDB at /home/runner/work/ozone/ozone/hadoop-ozone/integration-test/target/test-dir/MiniOzoneClusterImpl-6935df51-69ff-4c35-8bd4-ed2b81d70e54/om/data/db.snapshots/checkpointState/om.db-9cb78bb6-8750-41c4-860a-b362562caa65 in 41 milliseconds
2025-10-20 19:51:41,264 | INFO  | SCMAudit | user=runner | ip=127.0.0.1 | op=GET_CONTAINER_WITH_PIPELINE_BATCH {"containerIDs":"#3,#4,#6,#11,#13,"} | ret=SUCCESS |  
2025-10-20 19:51:41,266 | INFO  | SCMAudit | user=runner | ip=127.0.0.1 | op=SEND_HEARTBEAT {"datanodeUUID":"af0e5da1-57af-45e9-9aca-fa0798d05628","term":"2","command":"[]"} | ret=SUCCESS |  
2025-10-20 19:51:41,267 | INFO  | OMAudit | user=null | ip= | op=READ_KEY {"volume":"4df95b36-d9a9-413c-8975-2f4539695d5e","bucket":"274fc4cf-81cc-49a4-8470-359802b19fe5","key":"dc4535b2-900f-4917-88a3-b2a9634b3c85","owner":null,"dataSize":"0","replicationConfig":null} | ret=SUCCESS |  
2025-10-20 19:51:41,268 | INFO  | SCMAudit | user=runner | ip=127.0.0.1 | op=GET_CONTAINER {"containerID":"13"} | ret=SUCCESS |  
2025-10-20 19:51:41,269 | INFO  | SCMAudit | user=runner | ip=127.0.0.1 | op=GET_CONTAINER {"containerID":"4"} | ret=SUCCESS |  
2025-10-20 19:51:41,270 | INFO  | SCMAudit | user=runner | ip=127.0.0.1 | op=GET_CONTAINER {"containerID":"11"} | ret=SUCCESS |  
2025-10-20 19:51:41,271 | INFO  | SCMAudit | user=runner | ip=127.0.0.1 | op=GET_CONTAINER {"containerID":"3"} | ret=SUCCESS |  
2025-10-20 19:51:41,272 [om1-OMDoubleBufferFlushThread] INFO  om.OmSnapshotManager (OmSnapshotManager.java:createOmSnapshotCheckpoint(545)) - Created checkpoint: /home/runner/work/ozone/ozone/hadoop-ozone/integration-test/target/test-dir/MiniOzoneClusterImpl-6935df51-69ff-4c35-8bd4-ed2b81d70e54/om/data/db.snapshots/checkpointState/om.db-9cb78bb6-8750-41c4-860a-b362562caa65 for snapshot /vol-a-65386/buc-a-06236/snapshot-b-1-26698
2025-10-20 19:51:41,273 | INFO  | SCMAudit | user=runner | ip=127.0.0.1 | op=GET_CONTAINER {"containerID":"6"} | ret=SUCCESS |  
2025-10-20 19:51:41,287 | INFO  | OMAudit | user=runner | ip=127.0.0.1 | op=GET_ACL {"resourceType":"key","storageType":"ozone","volume":"4df95b36-d9a9-413c-8975-2f4539695d5e","bucket":"274fc4cf-81cc-49a4-8470-359802b19fe5","key":"dc4535b2-900f-4917-88a3-b2a9634b3c85"} | ret=SUCCESS |  
2025-10-20 19:51:41,295 | INFO  | OMAudit | user=test-user | ip=127.0.0.1 | op=GET_SERVICE_LIST {} | ret=SUCCESS |  
2025-10-20 19:51:41,298 | INFO  | OMAudit | user=runner | ip=127.0.0.1 | op=ADD_ACL {"resourceType":"volume","storageType":"ozone","volume":"4df95b36-d9a9-413c-8975-2f4539695d5e","bucket":null,"key":null,"acl":"[user:test-user:r[DEFAULT]]","Transaction":"1408"} | ret=SUCCESS |  
2025-10-20 19:51:41,301 | INFO  | OMAudit | user=runner | ip=127.0.0.1 | op=ADD_ACL {"resourceType":"volume","storageType":"ozone","volume":"4df95b36-d9a9-413c-8975-2f4539695d5e","bucket":null,"key":null,"acl":"[user:test-user:r[ACCESS]]","Transaction":"1409"} | ret=SUCCESS |  
2025-10-20 19:51:41,304 | INFO  | OMAudit | user=runner | ip=127.0.0.1 | op=ADD_ACL {"resourceType":"bucket","storageType":"ozone","volume":"4df95b36-d9a9-413c-8975-2f4539695d5e","bucket":"274fc4cf-81cc-49a4-8470-359802b19fe5","key":null,"acl":"[user:test-user:r[DEFAULT]]","Transaction":"1410"} | ret=SUCCESS |  
2025-10-20 19:51:41,306 | INFO  | OMAudit | user=runner | ip=127.0.0.1 | op=ADD_ACL {"resourceType":"bucket","storageType":"ozone","volume":"4df95b36-d9a9-413c-8975-2f4539695d5e","bucket":"274fc4cf-81cc-49a4-8470-359802b19fe5","key":null,"acl":"[user:test-user:r[ACCESS]]","Transaction":"1411"} | ret=SUCCESS |  
2025-10-20 19:51:41,319 [om1-OMDoubleBufferFlushThread] INFO  db.RDBCheckpointManager (RDBCheckpointManager.java:createCheckpoint(87)) - Created checkpoint in rocksDB at /home/runner/work/ozone/ozone/hadoop-ozone/integration-test/target/test-dir/MiniOzoneClusterImpl-6935df51-69ff-4c35-8bd4-ed2b81d70e54/om/data/db.snapshots/checkpointState/om.db-d35892d7-197a-4268-9837-4b69bb40dea7 in 44 milliseconds
2025-10-20 19:51:41,322 | INFO  | OMAudit | user=test-user | ip=127.0.0.1 | op=READ_VOLUME {"volume":"4df95b36-d9a9-413c-8975-2f4539695d5e"} | ret=SUCCESS |  
2025-10-20 19:51:41,325 | INFO  | OMAudit | user=test-user | ip=127.0.0.1 | op=READ_BUCKET {"volume":"4df95b36-d9a9-413c-8975-2f4539695d5e","bucket":"274fc4cf-81cc-49a4-8470-359802b19fe5"} | ret=SUCCESS |  
2025-10-20 19:51:41,328 [IPC Server handler 16 on default port 15006] WARN  om.OzoneManager (OmMetadataReader.java:checkAcls(595)) - User test-user doesn't have CREATE permission to access key Volume:4df95b36-d9a9-413c-8975-2f4539695d5e Bucket:274fc4cf-81cc-49a4-8470-359802b19fe5 Key:8f639e0e-7f8c-4ad0-b8cc-51be2afd126c
2025-10-20 19:51:41,330 | INFO  | OMAudit | user=runner | ip=127.0.0.1 | op=ADD_ACL {"resourceType":"volume","storageType":"ozone","volume":"4df95b36-d9a9-413c-8975-2f4539695d5e","bucket":null,"key":null,"acl":"[user:test-user:c[DEFAULT]]","Transaction":"1412"} | ret=SUCCESS |  
2025-10-20 19:51:41,332 | INFO  | OMAudit | user=runner | ip=127.0.0.1 | op=ADD_ACL {"resourceType":"volume","storageType":"ozone","volume":"4df95b36-d9a9-413c-8975-2f4539695d5e","bucket":null,"key":null,"acl":"[user:test-user:c[ACCESS]]","Transaction":"1413"} | ret=SUCCESS |  
2025-10-20 19:51:41,333 | INFO  | OMAudit | user=runner | ip=127.0.0.1 | op=ADD_ACL {"resourceType":"volume","storageType":"ozone","volume":"4df95b36-d9a9-413c-8975-2f4539695d5e","bucket":null,"key":null,"acl":"[user:test-user:w[DEFAULT]]","Transaction":"1414"} | ret=SUCCESS |  
2025-10-20 19:51:41,335 | INFO  | OMAudit | user=runner | ip=127.0.0.1 | op=ADD_ACL {"resourceType":"volume","storageType":"ozone","volume":"4df95b36-d9a9-413c-8975-2f4539695d5e","bucket":null,"key":null,"acl":"[user:test-user:w[ACCESS]]","Transaction":"1415"} | ret=SUCCESS |  
2025-10-20 19:51:41,336 | INFO  | OMAudit | user=runner | ip=127.0.0.1 | op=ADD_ACL {"resourceType":"bucket","storageType":"ozone","volume":"4df95b36-d9a9-413c-8975-2f4539695d5e","bucket":"274fc4cf-81cc-49a4-8470-359802b19fe5","key":null,"acl":"[user:test-user:c[DEFAULT]]","Transaction":"1416"} | ret=SUCCESS |  
2025-10-20 19:51:41,340 | INFO  | OMAudit | user=runner | ip=127.0.0.1 | op=ADD_ACL {"resourceType":"bucket","storageType":"ozone","volume":"4df95b36-d9a9-413c-8975-2f4539695d5e","bucket":"274fc4cf-81cc-49a4-8470-359802b19fe5","key":null,"acl":"[user:test-user:c[ACCESS]]","Transaction":"1417"} | ret=SUCCESS |  
2025-10-20 19:51:41,341 [om1-OMDoubleBufferFlushThread] INFO  om.OmSnapshotManager (OmSnapshotManager.java:createOmSnapshotCheckpoint(545)) - Created checkpoint: /home/runner/work/ozone/ozone/hadoop-ozone/integration-test/target/test-dir/MiniOzoneClusterImpl-6935df51-69ff-4c35-8bd4-ed2b81d70e54/om/data/db.snapshots/checkpointState/om.db-d35892d7-197a-4268-9837-4b69bb40dea7 for snapshot /vol-a-65386/buc-b-16885/snapshot-b-1-11432
2025-10-20 19:51:41,342 | INFO  | OMAudit | user=runner | ip=127.0.0.1 | op=ADD_ACL {"resourceType":"bucket","storageType":"ozone","volume":"4df95b36-d9a9-413c-8975-2f4539695d5e","bucket":"274fc4cf-81cc-49a4-8470-359802b19fe5","key":null,"acl":"[user:test-user:w[DEFAULT]]","Transaction":"1418"} | ret=SUCCESS |  
2025-10-20 19:51:41,344 | INFO  | OMAudit | user=runner | ip=127.0.0.1 | op=ADD_ACL {"resourceType":"bucket","storageType":"ozone","volume":"4df95b36-d9a9-413c-8975-2f4539695d5e","bucket":"274fc4cf-81cc-49a4-8470-359802b19fe5","key":null,"acl":"[user:test-user:w[ACCESS]]","Transaction":"1419"} | ret=SUCCESS |  
2025-10-20 19:51:41,347 [om1-OMStateMachineApplyTransactionThread - 0] WARN  helpers.OzoneAclUtil (OzoneAclUtil.java:getDefaultAclList(68)) - Failed to get primary group from user test-user (auth:SIMPLE)
2025-10-20 19:51:41,348 | INFO  | OMAudit | user=test-user | ip=127.0.0.1 | op=INITIATE_MULTIPART_UPLOAD {"volume":"4df95b36-d9a9-413c-8975-2f4539695d5e","bucket":"274fc4cf-81cc-49a4-8470-359802b19fe5","key":"8f639e0e-7f8c-4ad0-b8cc-51be2afd126c","dataSize":"0","replicationType":"RATIS","replicationFactor":"ONE","uploadID":"019a032d-7222-75fc-9c32-ba0951a7692b-115408234174611802","Transaction":"1420"} | ret=SUCCESS |  
2025-10-20 19:51:41,354 | INFO  | OMAudit | user=runner | ip=127.0.0.1 | op=ALLOCATE_KEY {"volume":"4df95b36-d9a9-413c-8975-2f4539695d5e","bucket":"274fc4cf-81cc-49a4-8470-359802b19fe5","key":"8f639e0e-7f8c-4ad0-b8cc-51be2afd126c","dataSize":"5242880","Transaction":"1421"} | ret=SUCCESS |  
2025-10-20 19:51:41,356 | INFO  | SCMAudit | user=runner | ip=127.0.0.1 | op=ALLOCATE_BLOCK {"replication":"RATIS/ONE","owner":"omServiceIdDefault","size":"4194304","sampleBlocks":"[conID: 10 locID: 115816896921600375]","num":"1","client":"","allocated":"1"} | ret=SUCCESS |  
2025-10-20 19:51:41,359 | INFO  | OMAudit | user=runner | ip=127.0.0.1 | op=ALLOCATE_BLOCK {"volume":"4df95b36-d9a9-413c-8975-2f4539695d5e","bucket":"274fc4cf-81cc-49a4-8470-359802b19fe5","key":"8f639e0e-7f8c-4ad0-b8cc-51be2afd126c","dataSize":"5242880","replicationType":"RATIS","replicationFactor":"ONE","clientID":"115408234174873947","Transaction":"1422"} | ret=SUCCESS |  
2025-10-20 19:51:41,381 | INFO  | SCMAudit | user=runner | ip=127.0.0.1 | op=ALLOCATE_BLOCK {"replication":"RATIS/ONE","owner":"omServiceIdDefault","size":"4194304","sampleBlocks":"[conID: 5 locID: 115816896921600376]","num":"1","client":"","allocated":"1"} | ret=SUCCESS |  
2025-10-20 19:51:41,382 [om1-OMDoubleBufferFlushThread] INFO  db.RDBCheckpointManager (RDBCheckpointManager.java:createCheckpoint(87)) - Created checkpoint in rocksDB at /home/runner/work/ozone/ozone/hadoop-ozone/integration-test/target/test-dir/MiniOzoneClusterImpl-6935df51-69ff-4c35-8bd4-ed2b81d70e54/om/data/db.snapshots/checkpointState/om.db-77b74280-2d23-4d1c-abc0-f018913e6e2d in 39 milliseconds
2025-10-20 19:51:41,383 | INFO  | OMAudit | user=runner | ip=127.0.0.1 | op=ALLOCATE_BLOCK {"volume":"4df95b36-d9a9-413c-8975-2f4539695d5e","bucket":"274fc4cf-81cc-49a4-8470-359802b19fe5","key":"8f639e0e-7f8c-4ad0-b8cc-51be2afd126c","dataSize":"5242880","replicationType":"RATIS","replicationFactor":"ONE","clientID":"115408234174873947","Transaction":"1423"} | ret=SUCCESS |  
2025-10-20 19:51:41,403 | INFO  | OMAudit | user=runner | ip=127.0.0.1 | op=COMMIT_MULTIPART_UPLOAD_PARTKEY {"volume":"4df95b36-d9a9-413c-8975-2f4539695d5e","bucket":"274fc4cf-81cc-49a4-8470-359802b19fe5","key":"8f639e0e-7f8c-4ad0-b8cc-51be2afd126c","dataSize":"5242880","ETag":"08b46181d7094b5ece88bb389c7499af","uploadID":"019a032d-7222-75fc-9c32-ba0951a7692b-115408234174611802","partNumber":"1","partName":"/4df95b36-d9a9-413c-8975-2f4539695d5e/274fc4cf-81cc-49a4-8470-359802b19fe5/8f639e0e-7f8c-4ad0-b8cc-51be2afd126c-019a032d-7222-75fc-9c32-ba0951a7692b-115408234174611802-1","Transaction":"1424"} | ret=SUCCESS |  
2025-10-20 19:51:41,405 [om1-OMStateMachineApplyTransactionThread - 0] WARN  helpers.OzoneAclUtil (OzoneAclUtil.java:getDefaultAclList(68)) - Failed to get primary group from user test-user (auth:SIMPLE)
2025-10-20 19:51:41,406 | INFO  | OMAudit | user=test-user | ip=127.0.0.1 | op=COMPLETE_MULTIPART_UPLOAD {"volume":"4df95b36-d9a9-413c-8975-2f4539695d5e","bucket":"274fc4cf-81cc-49a4-8470-359802b19fe5","key":"8f639e0e-7f8c-4ad0-b8cc-51be2afd126c","dataSize":"0","uploadID":"019a032d-7222-75fc-9c32-ba0951a7692b-115408234174611802","multipartList":"[partNumber: 1 partName: \"08b46181d7094b5ece88bb389c7499af\" eTag: \"08b46181d7094b5ece88bb389c7499af\" ]","Transaction":"1425"} | ret=SUCCESS |  
2025-10-20 19:51:41,408 [IPC Server handler 2 on default port 15006] WARN  om.OzoneManager (OmMetadataReader.java:checkAcls(595)) - User test-user doesn't have READ permission to access key Volume:4df95b36-d9a9-413c-8975-2f4539695d5e Bucket:274fc4cf-81cc-49a4-8470-359802b19fe5 Key:dc4535b2-900f-4917-88a3-b2a9634b3c85
2025-10-20 19:51:41,408 | ERROR | OMAudit | user=test-user | ip=127.0.0.1 | op=READ_KEY {"volume":"4df95b36-d9a9-413c-8975-2f4539695d5e","bucket":"274fc4cf-81cc-49a4-8470-359802b19fe5","key":"dc4535b2-900f-4917-88a3-b2a9634b3c85","owner":null,"dataSize":"0","replicationConfig":null} | ret=FAILURE | 
org.apache.hadoop.ozone.om.exceptions.OMException: User test-user doesn't have READ permission to access key Volume:4df95b36-d9a9-413c-8975-2f4539695d5e Bucket:274fc4cf-81cc-49a4-8470-359802b19fe5 Key:dc4535b2-900f-4917-88a3-b2a9634b3c85
	at org.apache.hadoop.ozone.om.OmMetadataReader.checkAcls(OmMetadataReader.java:598)
	at org.apache.hadoop.ozone.om.OmMetadataReader.checkAcls(OmMetadataReader.java:573)
 
]]></system-out>
  </testcase>
  <testcase name="testMultipartUploadWithCustomMetadata(ReplicationConfig)[1]" classname="org.apache.hadoop.ozone.client.rpc.TestSecureOzoneRpcClient" time="0.235">
    <system-out><![CDATA[2025-10-20 19:51:41,414 [ForkJoinPool-1-worker-1] INFO  rpc.RpcClient (RpcClient.java:createVolume(461)) - Creating Volume: 258a026b-33ad-4317-96cb-a9c198e13d79, with runner as owner and space quota set to -1 bytes, counts quota set to -1
2025-10-20 19:51:41,416 [om1-OMDoubleBufferFlushThread] INFO  om.OmSnapshotManager (OmSnapshotManager.java:createOmSnapshotCheckpoint(545)) - Created checkpoint: /home/runner/work/ozone/ozone/hadoop-ozone/integration-test/target/test-dir/MiniOzoneClusterImpl-6935df51-69ff-4c35-8bd4-ed2b81d70e54/om/data/db.snapshots/checkpointState/om.db-77b74280-2d23-4d1c-abc0-f018913e6e2d for snapshot /vol-b-47597/buc-a-06236/snapshot-b-1-85529
2025-10-20 19:51:41,417 [om1-OMStateMachineApplyTransactionThread - 0] INFO  volume.OMVolumeCreateRequest (OMVolumeCreateRequest.java:validateAndUpdateCache(213)) - created volume:258a026b-33ad-4317-96cb-a9c198e13d79 for user:runner
2025-10-20 19:51:41,417 | INFO  | OMAudit | user=runner | ip=127.0.0.1 | op=CREATE_VOLUME {"admin":"runner","owner":"runner","volume":"258a026b-33ad-4317-96cb-a9c198e13d79","creationTime":"1760989901415","modificationTime":"1760989901415","quotaInBytes":"-1","quotaInNamespace":"-1","usedNamespace":"0","objectID":"-9223372036854410752","updateID":"1426","Transaction":"1426"} | ret=SUCCESS |  
2025-10-20 19:51:41,418 | INFO  | OMAudit | user=runner | ip=127.0.0.1 | op=READ_VOLUME {"volume":"258a026b-33ad-4317-96cb-a9c198e13d79"} | ret=SUCCESS |  
2025-10-20 19:51:41,418 [ForkJoinPool-1-worker-1] INFO  rpc.RpcClient (RpcClient.java:createBucket(686)) - Creating Bucket: 258a026b-33ad-4317-96cb-a9c198e13d79/4c522520-2efe-4866-b58e-a524db6f666b, with server-side default bucket layout, runner as owner, Versioning false, Storage Type set to DISK and Encryption set to false, Replication Type set to server-side default replication type, Namespace Quota set to -1, Space Quota set to -1 
2025-10-20 19:51:41,420 [om1-OMStateMachineApplyTransactionThread - 0] INFO  bucket.OMBucketCreateRequest (OMBucketCreateRequest.java:validateAndUpdateCache(303)) - created bucket: 4c522520-2efe-4866-b58e-a524db6f666b of layout FILE_SYSTEM_OPTIMIZED in volume: 258a026b-33ad-4317-96cb-a9c198e13d79
2025-10-20 19:51:41,420 | INFO  | OMAudit | user=runner | ip=127.0.0.1 | op=CREATE_BUCKET {"volume":"258a026b-33ad-4317-96cb-a9c198e13d79","bucket":"4c522520-2efe-4866-b58e-a524db6f666b","bucketLayout":"FILE_SYSTEM_OPTIMIZED","gdprEnabled":null,"acls":"[user:runner:a[ACCESS], group:runner:rl[ACCESS]]","isVersionEnabled":"false","storageType":"DISK","creationTime":"1760989901419","bucketEncryptionKey":null,"modificationTime":"1760989901419","usedBytes":"0","usedNamespace":"0","snapshotUsedBytes":"0","snapshotUsedNamespace":"0","owner":"runner","replicationType":null,"replicationConfig":null,"quotaInBytes":"-1","quotaInNamespace":"-1","Transaction":"1427"} | ret=SUCCESS |  
2025-10-20 19:51:41,422 | INFO  | OMAudit | user=runner | ip=127.0.0.1 | op=READ_BUCKET {"volume":"258a026b-33ad-4317-96cb-a9c198e13d79","bucket":"4c522520-2efe-4866-b58e-a524db6f666b"} | ret=SUCCESS |  
2025-10-20 19:51:41,424 | INFO  | OMAudit | user=runner | ip=127.0.0.1 | op=INITIATE_MULTIPART_UPLOAD {"volume":"258a026b-33ad-4317-96cb-a9c198e13d79","bucket":"4c522520-2efe-4866-b58e-a524db6f666b","key":"ef256e98-e1de-4e9e-81a3-bdd31c13cd35","dataSize":"0","replicationType":"RATIS","replicationFactor":"ONE","uploadID":"019a032d-726f-74e6-b066-adcccefa7507-115408234179658076","Transaction":"1428"} | ret=SUCCESS |  
2025-10-20 19:51:41,429 | INFO  | OMAudit | user=runner | ip=127.0.0.1 | op=ALLOCATE_KEY {"volume":"258a026b-33ad-4317-96cb-a9c198e13d79","bucket":"4c522520-2efe-4866-b58e-a524db6f666b","key":"ef256e98-e1de-4e9e-81a3-bdd31c13cd35","dataSize":"5242880","Transaction":"1429"} | ret=SUCCESS |  
2025-10-20 19:51:41,431 | INFO  | SCMAudit | user=runner | ip=127.0.0.1 | op=ALLOCATE_BLOCK {"replication":"RATIS/ONE","owner":"omServiceIdDefault","size":"4194304","sampleBlocks":"[conID: 4 locID: 115816896921600377]","num":"1","client":"","allocated":"1"} | ret=SUCCESS |  
2025-10-20 19:51:41,433 | INFO  | OMAudit | user=runner | ip=127.0.0.1 | op=ALLOCATE_BLOCK {"volume":"258a026b-33ad-4317-96cb-a9c198e13d79","bucket":"4c522520-2efe-4866-b58e-a524db6f666b","key":"ef256e98-e1de-4e9e-81a3-bdd31c13cd35","dataSize":"5242880","replicationType":"RATIS","replicationFactor":"ONE","clientID":"115408234179920221","Transaction":"1430"} | ret=SUCCESS |  
2025-10-20 19:51:41,447 | INFO  | SCMAudit | user=runner | ip=127.0.0.1 | op=SEND_HEARTBEAT {"datanodeUUID":"361055de-215b-4c6c-94c2-be1c1da118d1","term":"2","command":"[]"} | ret=SUCCESS |  
2025-10-20 19:51:41,447 | INFO  | SCMAudit | user=runner | ip=127.0.0.1 | op=SEND_HEARTBEAT {"datanodeUUID":"b614738c-cdff-4f09-bf59-ed5bb75d51be","term":"2","command":"[]"} | ret=SUCCESS |  
2025-10-20 19:51:41,451 | INFO  | SCMAudit | user=runner | ip=127.0.0.1 | op=SEND_HEARTBEAT {"datanodeUUID":"38991c48-ffb3-4453-b758-77d6b4ebc62b","term":"2","command":"[]"} | ret=SUCCESS |  
2025-10-20 19:51:41,453 | INFO  | SCMAudit | user=runner | ip=127.0.0.1 | op=SEND_HEARTBEAT {"datanodeUUID":"c90bff1f-5a1f-42c6-8fca-9533d718c79a","term":"2","command":"[]"} | ret=SUCCESS |  
2025-10-20 19:51:41,454 | INFO  | SCMAudit | user=runner | ip=127.0.0.1 | op=ALLOCATE_BLOCK {"replication":"RATIS/ONE","owner":"omServiceIdDefault","size":"4194304","sampleBlocks":"[conID: 11 locID: 115816896921600378]","num":"1","client":"","allocated":"1"} | ret=SUCCESS |  
2025-10-20 19:51:41,456 | INFO  | OMAudit | user=runner | ip=127.0.0.1 | op=ALLOCATE_BLOCK {"volume":"258a026b-33ad-4317-96cb-a9c198e13d79","bucket":"4c522520-2efe-4866-b58e-a524db6f666b","key":"ef256e98-e1de-4e9e-81a3-bdd31c13cd35","dataSize":"5242880","replicationType":"RATIS","replicationFactor":"ONE","clientID":"115408234179920221","Transaction":"1431"} | ret=SUCCESS |  
2025-10-20 19:51:41,466 [om1-OMDoubleBufferFlushThread] INFO  db.RDBCheckpointManager (RDBCheckpointManager.java:createCheckpoint(87)) - Created checkpoint in rocksDB at /home/runner/work/ozone/ozone/hadoop-ozone/integration-test/target/test-dir/MiniOzoneClusterImpl-6935df51-69ff-4c35-8bd4-ed2b81d70e54/om/data/db.snapshots/checkpointState/om.db-2f34eee7-648c-4d98-97a9-260f0703f1d6 in 46 milliseconds
2025-10-20 19:51:41,482 | INFO  | OMAudit | user=runner | ip=127.0.0.1 | op=COMMIT_MULTIPART_UPLOAD_PARTKEY {"volume":"258a026b-33ad-4317-96cb-a9c198e13d79","bucket":"4c522520-2efe-4866-b58e-a524db6f666b","key":"ef256e98-e1de-4e9e-81a3-bdd31c13cd35","dataSize":"5242880","ETag":"74843a3ab193a389bced899402d99d5f","uploadID":"019a032d-726f-74e6-b066-adcccefa7507-115408234179658076","partNumber":"1","partName":"/258a026b-33ad-4317-96cb-a9c198e13d79/4c522520-2efe-4866-b58e-a524db6f666b/ef256e98-e1de-4e9e-81a3-bdd31c13cd35-019a032d-726f-74e6-b066-adcccefa7507-115408234179658076-1","Transaction":"1432"} | ret=SUCCESS |  
2025-10-20 19:51:41,488 | INFO  | OMAudit | user=runner | ip=127.0.0.1 | op=ALLOCATE_KEY {"volume":"258a026b-33ad-4317-96cb-a9c198e13d79","bucket":"4c522520-2efe-4866-b58e-a524db6f666b","key":"ef256e98-e1de-4e9e-81a3-bdd31c13cd35","dataSize":"5242880","Transaction":"1433"} | ret=SUCCESS |  
2025-10-20 19:51:41,490 | INFO  | SCMAudit | user=runner | ip=127.0.0.1 | op=ALLOCATE_BLOCK {"replication":"RATIS/ONE","owner":"omServiceIdDefault","size":"4194304","sampleBlocks":"[conID: 4 locID: 115816896921600379]","num":"1","client":"","allocated":"1"} | ret=SUCCESS |  
2025-10-20 19:51:41,493 | INFO  | OMAudit | user=runner | ip=127.0.0.1 | op=ALLOCATE_BLOCK {"volume":"258a026b-33ad-4317-96cb-a9c198e13d79","bucket":"4c522520-2efe-4866-b58e-a524db6f666b","key":"ef256e98-e1de-4e9e-81a3-bdd31c13cd35","dataSize":"5242880","replicationType":"RATIS","replicationFactor":"ONE","clientID":"115408234183655774","Transaction":"1434"} | ret=SUCCESS |  
2025-10-20 19:51:41,497 [om1-OMDoubleBufferFlushThread] INFO  om.OmSnapshotManager (OmSnapshotManager.java:createOmSnapshotCheckpoint(545)) - Created checkpoint: /home/runner/work/ozone/ozone/hadoop-ozone/integration-test/target/test-dir/MiniOzoneClusterImpl-6935df51-69ff-4c35-8bd4-ed2b81d70e54/om/data/db.snapshots/checkpointState/om.db-2f34eee7-648c-4d98-97a9-260f0703f1d6 for snapshot /vol-b-47597/buc-b-16885/snapshot-b-1-39868
2025-10-20 19:51:41,514 | INFO  | SCMAudit | user=runner | ip=127.0.0.1 | op=ALLOCATE_BLOCK {"replication":"RATIS/ONE","owner":"omServiceIdDefault","size":"4194304","sampleBlocks":"[conID: 5 locID: 115816896921600380]","num":"1","client":"","allocated":"1"} | ret=SUCCESS |  
2025-10-20 19:51:41,516 | INFO  | OMAudit | user=runner | ip=127.0.0.1 | op=ALLOCATE_BLOCK {"volume":"258a026b-33ad-4317-96cb-a9c198e13d79","bucket":"4c522520-2efe-4866-b58e-a524db6f666b","key":"ef256e98-e1de-4e9e-81a3-bdd31c13cd35","dataSize":"5242880","replicationType":"RATIS","replicationFactor":"ONE","clientID":"115408234183655774","Transaction":"1435"} | ret=SUCCESS |  
2025-10-20 19:51:41,531 | INFO  | OMAudit | user=runner | ip=127.0.0.1 | op=COMMIT_MULTIPART_UPLOAD_PARTKEY {"volume":"258a026b-33ad-4317-96cb-a9c198e13d79","bucket":"4c522520-2efe-4866-b58e-a524db6f666b","key":"ef256e98-e1de-4e9e-81a3-bdd31c13cd35","dataSize":"5242880","ETag":"74843a3ab193a389bced899402d99d5f","uploadID":"019a032d-726f-74e6-b066-adcccefa7507-115408234179658076","partNumber":"2","partName":"/258a026b-33ad-4317-96cb-a9c198e13d79/4c522520-2efe-4866-b58e-a524db6f666b/ef256e98-e1de-4e9e-81a3-bdd31c13cd35-019a032d-726f-74e6-b066-adcccefa7507-115408234179658076-2","Transaction":"1436"} | ret=SUCCESS |  
2025-10-20 19:51:41,534 | INFO  | OMAudit | user=runner | ip=127.0.0.1 | op=ALLOCATE_KEY {"volume":"258a026b-33ad-4317-96cb-a9c198e13d79","bucket":"4c522520-2efe-4866-b58e-a524db6f666b","key":"ef256e98-e1de-4e9e-81a3-bdd31c13cd35","dataSize":"36","Transaction":"1437"} | ret=SUCCESS |  
2025-10-20 19:51:41,537 | INFO  | SCMAudit | user=runner | ip=127.0.0.1 | op=ALLOCATE_BLOCK {"replication":"RATIS/ONE","owner":"omServiceIdDefault","size":"4194304","sampleBlocks":"[conID: 7 locID: 115816896921600381]","num":"1","client":"","allocated":"1"} | ret=SUCCESS |  
2025-10-20 19:51:41,540 | INFO  | OMAudit | user=runner | ip=127.0.0.1 | op=ALLOCATE_BLOCK {"volume":"258a026b-33ad-4317-96cb-a9c198e13d79","bucket":"4c522520-2efe-4866-b58e-a524db6f666b","key":"ef256e98-e1de-4e9e-81a3-bdd31c13cd35","dataSize":"36","replicationType":"RATIS","replicationFactor":"ONE","clientID":"115408234186867039","Transaction":"1438"} | ret=SUCCESS |  
2025-10-20 19:51:41,555 | INFO  | OMAudit | user=runner | ip=127.0.0.1 | op=COMMIT_MULTIPART_UPLOAD_PARTKEY {"volume":"258a026b-33ad-4317-96cb-a9c198e13d79","bucket":"4c522520-2efe-4866-b58e-a524db6f666b","key":"ef256e98-e1de-4e9e-81a3-bdd31c13cd35","dataSize":"36","ETag":"a9e7ff4bfdb963111037f73b5ac211e3","uploadID":"019a032d-726f-74e6-b066-adcccefa7507-115408234179658076","partNumber":"3","partName":"/258a026b-33ad-4317-96cb-a9c198e13d79/4c522520-2efe-4866-b58e-a524db6f666b/ef256e98-e1de-4e9e-81a3-bdd31c13cd35-019a032d-726f-74e6-b066-adcccefa7507-115408234179658076-3","Transaction":"1439"} | ret=SUCCESS |  
2025-10-20 19:51:41,556 [om1-OMDoubleBufferFlushThread] INFO  db.RDBCheckpointManager (RDBCheckpointManager.java:createCheckpoint(87)) - Created checkpoint in rocksDB at /home/runner/work/ozone/ozone/hadoop-ozone/integration-test/target/test-dir/MiniOzoneClusterImpl-6935df51-69ff-4c35-8bd4-ed2b81d70e54/om/data/db.snapshots/checkpointState/om.db-2a1cbfcb-6886-4a08-82ff-5949625a5a13 in 57 milliseconds
2025-10-20 19:51:41,560 | INFO  | OMAudit | user=runner | ip=127.0.0.1 | op=COMPLETE_MULTIPART_UPLOAD {"volume":"258a026b-33ad-4317-96cb-a9c198e13d79","bucket":"4c522520-2efe-4866-b58e-a524db6f666b","key":"ef256e98-e1de-4e9e-81a3-bdd31c13cd35","dataSize":"0","uploadID":"019a032d-726f-74e6-b066-adcccefa7507-115408234179658076","multipartList":"[partNumber: 1 partName: \"74843a3ab193a389bced899402d99d5f\" eTag: \"74843a3ab193a389bced899402d99d5f\" , partNumber: 2 partName: \"74843a3ab193a389bced899402d99d5f\" eTag: \"74843a3ab193a389bced899402d99d5f\" , partNumber: 3 partName: \"a9e7ff4bfdb963111037f73b5ac211e3\" eTag: \"a9e7ff4bfdb963111037f73b5ac211e3\" ]","Transaction":"1440"} | ret=SUCCESS |  
2025-10-20 19:51:41,563 | INFO  | OMAudit | user=runner | ip=127.0.0.1 | op=READ_KEY {"volume":"258a026b-33ad-4317-96cb-a9c198e13d79","bucket":"4c522520-2efe-4866-b58e-a524db6f666b","key":"ef256e98-e1de-4e9e-81a3-bdd31c13cd35","owner":null,"dataSize":"0","replicationConfig":null} | ret=SUCCESS |  
2025-10-20 19:51:41,583 [om1-OMDoubleBufferFlushThread] INFO  om.OmSnapshotManager (OmSnapshotManager.java:createOmSnapshotCheckpoint(545)) - Created checkpoint: /home/runner/work/ozone/ozone/hadoop-ozone/integration-test/target/test-dir/MiniOzoneClusterImpl-6935df51-69ff-4c35-8bd4-ed2b81d70e54/om/data/db.snapshots/checkpointState/om.db-2a1cbfcb-6886-4a08-82ff-5949625a5a13 for snapshot /vol-a-65386/buc-a-06236/snapshot-b-2-83036
2025-10-20 19:51:41,627 | INFO  | SCMAudit | user=runner | ip=127.0.0.1 | op=GET_CONTAINER_WITH_PIPELINE_BATCH {"containerIDs":"#4,#5,#7,#11,"} | ret=SUCCESS |  
2025-10-20 19:51:41,628 | INFO  | OMAudit | user=null | ip= | op=READ_KEY {"volume":"258a026b-33ad-4317-96cb-a9c198e13d79","bucket":"4c522520-2efe-4866-b58e-a524db6f666b","key":"ef256e98-e1de-4e9e-81a3-bdd31c13cd35","owner":null,"dataSize":"0","replicationConfig":null} | ret=SUCCESS |  
2025-10-20 19:51:41,629 | INFO  | SCMAudit | user=runner | ip=127.0.0.1 | op=GET_CONTAINER {"containerID":"4"} | ret=SUCCESS |  
2025-10-20 19:51:41,629 [om1-OMDoubleBufferFlushThread] INFO  db.RDBCheckpointManager (RDBCheckpointManager.java:createCheckpoint(87)) - Created checkpoint in rocksDB at /home/runner/work/ozone/ozone/hadoop-ozone/integration-test/target/test-dir/MiniOzoneClusterImpl-6935df51-69ff-4c35-8bd4-ed2b81d70e54/om/data/db.snapshots/checkpointState/om.db-12172ca4-943e-4a8a-964f-af9dd33998e5 in 44 milliseconds
2025-10-20 19:51:41,630 | INFO  | SCMAudit | user=runner | ip=127.0.0.1 | op=GET_CONTAINER {"containerID":"11"} | ret=SUCCESS |  
2025-10-20 19:51:41,631 | INFO  | SCMAudit | user=runner | ip=127.0.0.1 | op=GET_CONTAINER {"containerID":"4"} | ret=SUCCESS |  
2025-10-20 19:51:41,634 | INFO  | SCMAudit | user=runner | ip=127.0.0.1 | op=GET_CONTAINER {"containerID":"5"} | ret=SUCCESS |  
2025-10-20 19:51:41,635 | INFO  | SCMAudit | user=runner | ip=127.0.0.1 | op=GET_CONTAINER {"containerID":"7"} | ret=SUCCESS |  
]]></system-out>
  </testcase>
  <testcase name="testMultipartUploadWithCustomMetadata(ReplicationConfig)[2]" classname="org.apache.hadoop.ozone.client.rpc.TestSecureOzoneRpcClient" time="0.343">
    <system-out><![CDATA[2025-10-20 19:51:41,649 | INFO  | SCMAudit | user=runner | ip=127.0.0.1 | op=SEND_HEARTBEAT {"datanodeUUID":"4f2bb3f5-0e03-4f1b-bb4c-79c91b98c7da","term":"2","command":"[]"} | ret=SUCCESS |  
2025-10-20 19:51:41,650 [om1-OMDoubleBufferFlushThread] INFO  om.OmSnapshotManager (OmSnapshotManager.java:createOmSnapshotCheckpoint(545)) - Created checkpoint: /home/runner/work/ozone/ozone/hadoop-ozone/integration-test/target/test-dir/MiniOzoneClusterImpl-6935df51-69ff-4c35-8bd4-ed2b81d70e54/om/data/db.snapshots/checkpointState/om.db-12172ca4-943e-4a8a-964f-af9dd33998e5 for snapshot /vol-a-65386/buc-b-16885/snapshot-b-2-05529
2025-10-20 19:51:41,651 [ForkJoinPool-1-worker-1] INFO  rpc.RpcClient (RpcClient.java:createVolume(461)) - Creating Volume: 4417cd5f-b68f-4b20-b713-6590825141e8, with runner as owner and space quota set to -1 bytes, counts quota set to -1
2025-10-20 19:51:41,651 | INFO  | SCMAudit | user=runner | ip=127.0.0.1 | op=SEND_HEARTBEAT {"datanodeUUID":"cc7fbe85-1d98-437b-84f9-04213fee10f0","term":"2","command":"[]"} | ret=SUCCESS |  
2025-10-20 19:51:41,651 | INFO  | SCMAudit | user=runner | ip=127.0.0.1 | op=SEND_HEARTBEAT {"datanodeUUID":"605be85e-a7f4-44d7-8cfd-f53001b990b0","term":"2","command":"[]"} | ret=SUCCESS |  
2025-10-20 19:51:41,654 [om1-OMStateMachineApplyTransactionThread - 0] INFO  volume.OMVolumeCreateRequest (OMVolumeCreateRequest.java:validateAndUpdateCache(213)) - created volume:4417cd5f-b68f-4b20-b713-6590825141e8 for user:runner
2025-10-20 19:51:41,655 | INFO  | OMAudit | user=runner | ip=127.0.0.1 | op=CREATE_VOLUME {"admin":"runner","owner":"runner","volume":"4417cd5f-b68f-4b20-b713-6590825141e8","creationTime":"1760989901653","modificationTime":"1760989901653","quotaInBytes":"-1","quotaInNamespace":"-1","usedNamespace":"0","objectID":"-9223372036854406912","updateID":"1441","Transaction":"1441"} | ret=SUCCESS |  
2025-10-20 19:51:41,656 | INFO  | OMAudit | user=runner | ip=127.0.0.1 | op=READ_VOLUME {"volume":"4417cd5f-b68f-4b20-b713-6590825141e8"} | ret=SUCCESS |  
2025-10-20 19:51:41,657 [ForkJoinPool-1-worker-1] INFO  rpc.RpcClient (RpcClient.java:createBucket(686)) - Creating Bucket: 4417cd5f-b68f-4b20-b713-6590825141e8/c5626e3d-8d0e-485f-b657-da8924321090, with server-side default bucket layout, runner as owner, Versioning false, Storage Type set to DISK and Encryption set to false, Replication Type set to server-side default replication type, Namespace Quota set to -1, Space Quota set to -1 
2025-10-20 19:51:41,658 [om1-OMStateMachineApplyTransactionThread - 0] INFO  bucket.OMBucketCreateRequest (OMBucketCreateRequest.java:validateAndUpdateCache(303)) - created bucket: c5626e3d-8d0e-485f-b657-da8924321090 of layout FILE_SYSTEM_OPTIMIZED in volume: 4417cd5f-b68f-4b20-b713-6590825141e8
2025-10-20 19:51:41,658 | INFO  | OMAudit | user=runner | ip=127.0.0.1 | op=CREATE_BUCKET {"volume":"4417cd5f-b68f-4b20-b713-6590825141e8","bucket":"c5626e3d-8d0e-485f-b657-da8924321090","bucketLayout":"FILE_SYSTEM_OPTIMIZED","gdprEnabled":null,"acls":"[user:runner:a[ACCESS], group:runner:rl[ACCESS]]","isVersionEnabled":"false","storageType":"DISK","creationTime":"1760989901658","bucketEncryptionKey":null,"modificationTime":"1760989901658","usedBytes":"0","usedNamespace":"0","snapshotUsedBytes":"0","snapshotUsedNamespace":"0","owner":"runner","replicationType":null,"replicationConfig":null,"quotaInBytes":"-1","quotaInNamespace":"-1","Transaction":"1442"} | ret=SUCCESS |  
2025-10-20 19:51:41,659 | INFO  | OMAudit | user=runner | ip=127.0.0.1 | op=READ_BUCKET {"volume":"4417cd5f-b68f-4b20-b713-6590825141e8","bucket":"c5626e3d-8d0e-485f-b657-da8924321090"} | ret=SUCCESS |  
2025-10-20 19:51:41,662 | INFO  | OMAudit | user=runner | ip=127.0.0.1 | op=INITIATE_MULTIPART_UPLOAD {"volume":"4417cd5f-b68f-4b20-b713-6590825141e8","bucket":"c5626e3d-8d0e-485f-b657-da8924321090","key":"03375962-32ac-48fa-a487-b203f13fc011","dataSize":"0","replicationType":"RATIS","replicationFactor":"THREE","uploadID":"019a032d-735c-7c8c-960f-d932a7a0ebc2-115408234195190112","Transaction":"1443"} | ret=SUCCESS |  
2025-10-20 19:51:41,666 | INFO  | OMAudit | user=runner | ip=127.0.0.1 | op=ALLOCATE_KEY {"volume":"4417cd5f-b68f-4b20-b713-6590825141e8","bucket":"c5626e3d-8d0e-485f-b657-da8924321090","key":"03375962-32ac-48fa-a487-b203f13fc011","dataSize":"5242880","Transaction":"1444"} | ret=SUCCESS |  
2025-10-20 19:51:41,669 | INFO  | SCMAudit | user=runner | ip=127.0.0.1 | op=ALLOCATE_BLOCK {"replication":"RATIS/THREE","owner":"omServiceIdDefault","size":"4194304","sampleBlocks":"[conID: 14 locID: 115816896921600382]","num":"1","client":"","allocated":"1"} | ret=SUCCESS |  
2025-10-20 19:51:41,670 | INFO  | OMAudit | user=runner | ip=127.0.0.1 | op=ALLOCATE_BLOCK {"volume":"4417cd5f-b68f-4b20-b713-6590825141e8","bucket":"c5626e3d-8d0e-485f-b657-da8924321090","key":"03375962-32ac-48fa-a487-b203f13fc011","dataSize":"5242880","replicationType":"RATIS","replicationFactor":"THREE","clientID":"115408234195517793","Transaction":"1445"} | ret=SUCCESS |  
2025-10-20 19:51:41,698 [om1-OMDoubleBufferFlushThread] INFO  db.RDBCheckpointManager (RDBCheckpointManager.java:createCheckpoint(87)) - Created checkpoint in rocksDB at /home/runner/work/ozone/ozone/hadoop-ozone/integration-test/target/test-dir/MiniOzoneClusterImpl-6935df51-69ff-4c35-8bd4-ed2b81d70e54/om/data/db.snapshots/checkpointState/om.db-cfdcc98d-2338-471d-8fc1-aa4fb896af22 in 46 milliseconds
2025-10-20 19:51:41,711 | INFO  | SCMAudit | user=runner | ip=127.0.0.1 | op=ALLOCATE_BLOCK {"replication":"RATIS/THREE","owner":"omServiceIdDefault","size":"4194304","sampleBlocks":"[conID: 15 locID: 115816896921600383]","num":"1","client":"","allocated":"1"} | ret=SUCCESS |  
2025-10-20 19:51:41,714 | INFO  | OMAudit | user=runner | ip=127.0.0.1 | op=ALLOCATE_BLOCK {"volume":"4417cd5f-b68f-4b20-b713-6590825141e8","bucket":"c5626e3d-8d0e-485f-b657-da8924321090","key":"03375962-32ac-48fa-a487-b203f13fc011","dataSize":"5242880","replicationType":"RATIS","replicationFactor":"THREE","clientID":"115408234195517793","Transaction":"1446"} | ret=SUCCESS |  
2025-10-20 19:51:41,731 | INFO  | SCMAudit | user=runner | ip=127.0.0.1 | op=SEND_HEARTBEAT {"datanodeUUID":"feb39a1c-80cb-4714-ab06-a361236e3029","term":"2","command":"[]"} | ret=SUCCESS |  
2025-10-20 19:51:41,732 [om1-OMDoubleBufferFlushThread] INFO  om.OmSnapshotManager (OmSnapshotManager.java:createOmSnapshotCheckpoint(545)) - Created checkpoint: /home/runner/work/ozone/ozone/hadoop-ozone/integration-test/target/test-dir/MiniOzoneClusterImpl-6935df51-69ff-4c35-8bd4-ed2b81d70e54/om/data/db.snapshots/checkpointState/om.db-cfdcc98d-2338-471d-8fc1-aa4fb896af22 for snapshot /vol-b-47597/buc-a-06236/snapshot-b-2-62667
2025-10-20 19:51:41,742 | INFO  | SCMAudit | user=runner | ip=127.0.0.1 | op=SEND_HEARTBEAT {"datanodeUUID":"e05592a5-d00f-4fc1-9e39-a968c1ecb04e","term":"2","command":"[]"} | ret=SUCCESS |  
2025-10-20 19:51:41,744 | INFO  | SCMAudit | user=runner | ip=127.0.0.1 | op=SEND_HEARTBEAT {"datanodeUUID":"33f74daf-be7a-4306-b2af-53e409c4cb93","term":"2","command":"[]"} | ret=SUCCESS |  
2025-10-20 19:51:41,748 | INFO  | OMAudit | user=runner | ip=127.0.0.1 | op=COMMIT_MULTIPART_UPLOAD_PARTKEY {"volume":"4417cd5f-b68f-4b20-b713-6590825141e8","bucket":"c5626e3d-8d0e-485f-b657-da8924321090","key":"03375962-32ac-48fa-a487-b203f13fc011","dataSize":"5242880","ETag":"74843a3ab193a389bced899402d99d5f","uploadID":"019a032d-735c-7c8c-960f-d932a7a0ebc2-115408234195190112","partNumber":"1","partName":"/4417cd5f-b68f-4b20-b713-6590825141e8/c5626e3d-8d0e-485f-b657-da8924321090/03375962-32ac-48fa-a487-b203f13fc011-019a032d-735c-7c8c-960f-d932a7a0ebc2-115408234195190112-1","Transaction":"1447"} | ret=SUCCESS |  
2025-10-20 19:51:41,752 | INFO  | OMAudit | user=runner | ip=127.0.0.1 | op=ALLOCATE_KEY {"volume":"4417cd5f-b68f-4b20-b713-6590825141e8","bucket":"c5626e3d-8d0e-485f-b657-da8924321090","key":"03375962-32ac-48fa-a487-b203f13fc011","dataSize":"5242880","Transaction":"1448"} | ret=SUCCESS |  
2025-10-20 19:51:41,755 | INFO  | SCMAudit | user=runner | ip=127.0.0.1 | op=ALLOCATE_BLOCK {"replication":"RATIS/THREE","owner":"omServiceIdDefault","size":"4194304","sampleBlocks":"[conID: 19 locID: 115816896921600384]","num":"1","client":"","allocated":"1"} | ret=SUCCESS |  
2025-10-20 19:51:41,759 | INFO  | OMAudit | user=runner | ip=127.0.0.1 | op=ALLOCATE_BLOCK {"volume":"4417cd5f-b68f-4b20-b713-6590825141e8","bucket":"c5626e3d-8d0e-485f-b657-da8924321090","key":"03375962-32ac-48fa-a487-b203f13fc011","dataSize":"5242880","replicationType":"RATIS","replicationFactor":"THREE","clientID":"115408234201088354","Transaction":"1449"} | ret=SUCCESS |  
2025-10-20 19:51:41,788 [om1-OMDoubleBufferFlushThread] INFO  db.RDBCheckpointManager (RDBCheckpointManager.java:createCheckpoint(87)) - Created checkpoint in rocksDB at /home/runner/work/ozone/ozone/hadoop-ozone/integration-test/target/test-dir/MiniOzoneClusterImpl-6935df51-69ff-4c35-8bd4-ed2b81d70e54/om/data/db.snapshots/checkpointState/om.db-045b939a-3c3e-48d9-9503-4804886ff3e9 in 52 milliseconds
2025-10-20 19:51:41,811 | INFO  | SCMAudit | user=runner | ip=127.0.0.1 | op=ALLOCATE_BLOCK {"replication":"RATIS/THREE","owner":"omServiceIdDefault","size":"4194304","sampleBlocks":"[conID: 21 locID: 115816896921600385]","num":"1","client":"","allocated":"1"} | ret=SUCCESS |  
2025-10-20 19:51:41,813 | INFO  | OMAudit | user=runner | ip=127.0.0.1 | op=ALLOCATE_BLOCK {"volume":"4417cd5f-b68f-4b20-b713-6590825141e8","bucket":"c5626e3d-8d0e-485f-b657-da8924321090","key":"03375962-32ac-48fa-a487-b203f13fc011","dataSize":"5242880","replicationType":"RATIS","replicationFactor":"THREE","clientID":"115408234201088354","Transaction":"1450"} | ret=SUCCESS |  
2025-10-20 19:51:41,820 [om1-OMDoubleBufferFlushThread] INFO  om.OmSnapshotManager (OmSnapshotManager.java:createOmSnapshotCheckpoint(545)) - Created checkpoint: /home/runner/work/ozone/ozone/hadoop-ozone/integration-test/target/test-dir/MiniOzoneClusterImpl-6935df51-69ff-4c35-8bd4-ed2b81d70e54/om/data/db.snapshots/checkpointState/om.db-045b939a-3c3e-48d9-9503-4804886ff3e9 for snapshot /vol-b-47597/buc-b-16885/snapshot-b-2-47157
2025-10-20 19:51:41,845 | INFO  | OMAudit | user=runner | ip=127.0.0.1 | op=COMMIT_MULTIPART_UPLOAD_PARTKEY {"volume":"4417cd5f-b68f-4b20-b713-6590825141e8","bucket":"c5626e3d-8d0e-485f-b657-da8924321090","key":"03375962-32ac-48fa-a487-b203f13fc011","dataSize":"5242880","ETag":"74843a3ab193a389bced899402d99d5f","uploadID":"019a032d-735c-7c8c-960f-d932a7a0ebc2-115408234195190112","partNumber":"2","partName":"/4417cd5f-b68f-4b20-b713-6590825141e8/c5626e3d-8d0e-485f-b657-da8924321090/03375962-32ac-48fa-a487-b203f13fc011-019a032d-735c-7c8c-960f-d932a7a0ebc2-115408234195190112-2","Transaction":"1451"} | ret=SUCCESS |  
2025-10-20 19:51:41,847 | INFO  | SCMAudit | user=runner | ip=127.0.0.1 | op=SEND_HEARTBEAT {"datanodeUUID":"d7d8cf72-b9f6-4979-9c53-007dd6e6e48a","term":"2","command":"[]"} | ret=SUCCESS |  
2025-10-20 19:51:41,850 | INFO  | OMAudit | user=runner | ip=127.0.0.1 | op=ALLOCATE_KEY {"volume":"4417cd5f-b68f-4b20-b713-6590825141e8","bucket":"c5626e3d-8d0e-485f-b657-da8924321090","key":"03375962-32ac-48fa-a487-b203f13fc011","dataSize":"36","Transaction":"1452"} | ret=SUCCESS |  
2025-10-20 19:51:41,852 | INFO  | SCMAudit | user=runner | ip=127.0.0.1 | op=ALLOCATE_BLOCK {"replication":"RATIS/THREE","owner":"omServiceIdDefault","size":"4194304","sampleBlocks":"[conID: 20 locID: 115816896921600386]","num":"1","client":"","allocated":"1"} | ret=SUCCESS |  
2025-10-20 19:51:41,853 | INFO  | OMAudit | user=runner | ip=127.0.0.1 | op=ALLOCATE_BLOCK {"volume":"4417cd5f-b68f-4b20-b713-6590825141e8","bucket":"c5626e3d-8d0e-485f-b657-da8924321090","key":"03375962-32ac-48fa-a487-b203f13fc011","dataSize":"36","replicationType":"RATIS","replicationFactor":"THREE","clientID":"115408234207510883","Transaction":"1453"} | ret=SUCCESS |  
2025-10-20 19:51:41,877 | INFO  | OMAudit | user=runner | ip=127.0.0.1 | op=COMMIT_MULTIPART_UPLOAD_PARTKEY {"volume":"4417cd5f-b68f-4b20-b713-6590825141e8","bucket":"c5626e3d-8d0e-485f-b657-da8924321090","key":"03375962-32ac-48fa-a487-b203f13fc011","dataSize":"36","ETag":"66d41b39ec86217e5aad25c53d734457","uploadID":"019a032d-735c-7c8c-960f-d932a7a0ebc2-115408234195190112","partNumber":"3","partName":"/4417cd5f-b68f-4b20-b713-6590825141e8/c5626e3d-8d0e-485f-b657-da8924321090/03375962-32ac-48fa-a487-b203f13fc011-019a032d-735c-7c8c-960f-d932a7a0ebc2-115408234195190112-3","Transaction":"1454"} | ret=SUCCESS |  
2025-10-20 19:51:41,880 [om1-OMDoubleBufferFlushThread] INFO  db.RDBCheckpointManager (RDBCheckpointManager.java:createCheckpoint(87)) - Created checkpoint in rocksDB at /home/runner/work/ozone/ozone/hadoop-ozone/integration-test/target/test-dir/MiniOzoneClusterImpl-6935df51-69ff-4c35-8bd4-ed2b81d70e54/om/data/db.snapshots/checkpointState/om.db-ea842623-291c-464e-b8d1-a3e1f33979a2 in 57 milliseconds
2025-10-20 19:51:41,883 | INFO  | OMAudit | user=runner | ip=127.0.0.1 | op=COMPLETE_MULTIPART_UPLOAD {"volume":"4417cd5f-b68f-4b20-b713-6590825141e8","bucket":"c5626e3d-8d0e-485f-b657-da8924321090","key":"03375962-32ac-48fa-a487-b203f13fc011","dataSize":"0","uploadID":"019a032d-735c-7c8c-960f-d932a7a0ebc2-115408234195190112","multipartList":"[partNumber: 1 partName: \"74843a3ab193a389bced899402d99d5f\" eTag: \"74843a3ab193a389bced899402d99d5f\" , partNumber: 2 partName: \"74843a3ab193a389bced899402d99d5f\" eTag: \"74843a3ab193a389bced899402d99d5f\" , partNumber: 3 partName: \"66d41b39ec86217e5aad25c53d734457\" eTag: \"66d41b39ec86217e5aad25c53d734457\" ]","Transaction":"1455"} | ret=SUCCESS |  
2025-10-20 19:51:41,887 | INFO  | OMAudit | user=runner | ip=127.0.0.1 | op=READ_KEY {"volume":"4417cd5f-b68f-4b20-b713-6590825141e8","bucket":"c5626e3d-8d0e-485f-b657-da8924321090","key":"03375962-32ac-48fa-a487-b203f13fc011","owner":null,"dataSize":"0","replicationConfig":null} | ret=SUCCESS |  
2025-10-20 19:51:41,904 [om1-OMDoubleBufferFlushThread] INFO  om.OmSnapshotManager (OmSnapshotManager.java:createOmSnapshotCheckpoint(545)) - Created checkpoint: /home/runner/work/ozone/ozone/hadoop-ozone/integration-test/target/test-dir/MiniOzoneClusterImpl-6935df51-69ff-4c35-8bd4-ed2b81d70e54/om/data/db.snapshots/checkpointState/om.db-ea842623-291c-464e-b8d1-a3e1f33979a2 for snapshot /vol-a-65386/buc-a-06236/snapshot-b-3-71718
2025-10-20 19:51:41,953 [om1-OMDoubleBufferFlushThread] INFO  db.RDBCheckpointManager (RDBCheckpointManager.java:createCheckpoint(87)) - Created checkpoint in rocksDB at /home/runner/work/ozone/ozone/hadoop-ozone/integration-test/target/test-dir/MiniOzoneClusterImpl-6935df51-69ff-4c35-8bd4-ed2b81d70e54/om/data/db.snapshots/checkpointState/om.db-0c3d0e7c-133f-4011-9c96-91045a7bdad0 in 47 milliseconds
2025-10-20 19:51:41,971 | INFO  | SCMAudit | user=runner | ip=127.0.0.1 | op=GET_CONTAINER_WITH_PIPELINE_BATCH {"containerIDs":"#19,#20,#21,#14,#15,"} | ret=SUCCESS |  
2025-10-20 19:51:41,973 | INFO  | OMAudit | user=null | ip= | op=READ_KEY {"volume":"4417cd5f-b68f-4b20-b713-6590825141e8","bucket":"c5626e3d-8d0e-485f-b657-da8924321090","key":"03375962-32ac-48fa-a487-b203f13fc011","owner":null,"dataSize":"0","replicationConfig":null} | ret=SUCCESS |  
2025-10-20 19:51:41,974 | INFO  | SCMAudit | user=runner | ip=127.0.0.1 | op=GET_CONTAINER {"containerID":"14"} | ret=SUCCESS |  
2025-10-20 19:51:41,975 | INFO  | SCMAudit | user=runner | ip=127.0.0.1 | op=GET_CONTAINER {"containerID":"15"} | ret=SUCCESS |  
2025-10-20 19:51:41,976 | INFO  | SCMAudit | user=runner | ip=127.0.0.1 | op=GET_CONTAINER {"containerID":"19"} | ret=SUCCESS |  
2025-10-20 19:51:41,976 | INFO  | SCMAudit | user=runner | ip=127.0.0.1 | op=GET_CONTAINER {"containerID":"21"} | ret=SUCCESS |  
2025-10-20 19:51:41,978 | INFO  | SCMAudit | user=runner | ip=127.0.0.1 | op=GET_CONTAINER {"containerID":"20"} | ret=SUCCESS |  
2025-10-20 19:51:41,979 [om1-OMDoubleBufferFlushThread] INFO  om.OmSnapshotManager (OmSnapshotManager.java:createOmSnapshotCheckpoint(545)) - Created checkpoint: /home/runner/work/ozone/ozone/hadoop-ozone/integration-test/target/test-dir/MiniOzoneClusterImpl-6935df51-69ff-4c35-8bd4-ed2b81d70e54/om/data/db.snapshots/checkpointState/om.db-0c3d0e7c-133f-4011-9c96-91045a7bdad0 for snapshot /vol-a-65386/buc-b-16885/snapshot-b-3-70590
]]></system-out>
  </testcase>
  <testcase name="testMultipartUploadWithCustomMetadata(ReplicationConfig)[3]" classname="org.apache.hadoop.ozone.client.rpc.TestSecureOzoneRpcClient" time="0.263">
    <system-out><![CDATA[2025-10-20 19:51:41,994 [ForkJoinPool-1-worker-1] INFO  rpc.RpcClient (RpcClient.java:createVolume(461)) - Creating Volume: e4004965-ca39-47be-8fd3-4d15e3be79eb, with runner as owner and space quota set to -1 bytes, counts quota set to -1
2025-10-20 19:51:41,996 [om1-OMStateMachineApplyTransactionThread - 0] INFO  volume.OMVolumeCreateRequest (OMVolumeCreateRequest.java:validateAndUpdateCache(213)) - created volume:e4004965-ca39-47be-8fd3-4d15e3be79eb for user:runner
2025-10-20 19:51:41,996 | INFO  | OMAudit | user=runner | ip=127.0.0.1 | op=CREATE_VOLUME {"admin":"runner","owner":"runner","volume":"e4004965-ca39-47be-8fd3-4d15e3be79eb","creationTime":"1760989901995","modificationTime":"1760989901995","quotaInBytes":"-1","quotaInNamespace":"-1","usedNamespace":"0","objectID":"-9223372036854403072","updateID":"1456","Transaction":"1456"} | ret=SUCCESS |  
2025-10-20 19:51:41,997 | INFO  | OMAudit | user=runner | ip=127.0.0.1 | op=READ_VOLUME {"volume":"e4004965-ca39-47be-8fd3-4d15e3be79eb"} | ret=SUCCESS |  
2025-10-20 19:51:41,998 [ForkJoinPool-1-worker-1] INFO  rpc.RpcClient (RpcClient.java:createBucket(686)) - Creating Bucket: e4004965-ca39-47be-8fd3-4d15e3be79eb/3e2a871c-04b1-4e17-8f5e-894dc6d7d11c, with server-side default bucket layout, runner as owner, Versioning false, Storage Type set to DISK and Encryption set to false, Replication Type set to server-side default replication type, Namespace Quota set to -1, Space Quota set to -1 
2025-10-20 19:51:41,999 [om1-OMStateMachineApplyTransactionThread - 0] INFO  bucket.OMBucketCreateRequest (OMBucketCreateRequest.java:validateAndUpdateCache(303)) - created bucket: 3e2a871c-04b1-4e17-8f5e-894dc6d7d11c of layout FILE_SYSTEM_OPTIMIZED in volume: e4004965-ca39-47be-8fd3-4d15e3be79eb
2025-10-20 19:51:41,999 | INFO  | OMAudit | user=runner | ip=127.0.0.1 | op=CREATE_BUCKET {"volume":"e4004965-ca39-47be-8fd3-4d15e3be79eb","bucket":"3e2a871c-04b1-4e17-8f5e-894dc6d7d11c","bucketLayout":"FILE_SYSTEM_OPTIMIZED","gdprEnabled":null,"acls":"[user:runner:a[ACCESS], group:runner:rl[ACCESS]]","isVersionEnabled":"false","storageType":"DISK","creationTime":"1760989901998","bucketEncryptionKey":null,"modificationTime":"1760989901998","usedBytes":"0","usedNamespace":"0","snapshotUsedBytes":"0","snapshotUsedNamespace":"0","owner":"runner","replicationType":null,"replicationConfig":null,"quotaInBytes":"-1","quotaInNamespace":"-1","Transaction":"1457"} | ret=SUCCESS |  
2025-10-20 19:51:42,000 | INFO  | OMAudit | user=runner | ip=127.0.0.1 | op=READ_BUCKET {"volume":"e4004965-ca39-47be-8fd3-4d15e3be79eb","bucket":"3e2a871c-04b1-4e17-8f5e-894dc6d7d11c"} | ret=SUCCESS |  
2025-10-20 19:51:42,003 | INFO  | OMAudit | user=runner | ip=127.0.0.1 | op=INITIATE_MULTIPART_UPLOAD {"volume":"e4004965-ca39-47be-8fd3-4d15e3be79eb","bucket":"3e2a871c-04b1-4e17-8f5e-894dc6d7d11c","key":"3e7143cd-85ba-4cee-844b-5472bc0cff59","dataSize":"0","replicationType":"EC","replicationConfig":"rs-3-2-1048576","uploadID":"019a032d-74b1-7a87-9b69-5d35697a7d15-115408234217537892","Transaction":"1458"} | ret=SUCCESS |  
2025-10-20 19:51:42,008 | INFO  | OMAudit | user=runner | ip=127.0.0.1 | op=ALLOCATE_KEY {"volume":"e4004965-ca39-47be-8fd3-4d15e3be79eb","bucket":"3e2a871c-04b1-4e17-8f5e-894dc6d7d11c","key":"3e7143cd-85ba-4cee-844b-5472bc0cff59","dataSize":"5242880","Transaction":"1459"} | ret=SUCCESS |  
2025-10-20 19:51:42,017 [om1-OMDoubleBufferFlushThread] INFO  db.RDBCheckpointManager (RDBCheckpointManager.java:createCheckpoint(87)) - Created checkpoint in rocksDB at /home/runner/work/ozone/ozone/hadoop-ozone/integration-test/target/test-dir/MiniOzoneClusterImpl-6935df51-69ff-4c35-8bd4-ed2b81d70e54/om/data/db.snapshots/checkpointState/om.db-d98210aa-7fc2-431b-8503-248d218a5238 in 36 milliseconds
2025-10-20 19:51:42,018 | INFO  | SCMAudit | user=runner | ip=127.0.0.1 | op=ALLOCATE_BLOCK {"replication":"EC{rs-3-2-1024k}","owner":"omServiceIdDefault","size":"4194304","sampleBlocks":"[conID: 25 locID: 115816896921600387]","num":"1","client":"","allocated":"1"} | ret=SUCCESS |  
2025-10-20 19:51:42,020 | INFO  | OMAudit | user=runner | ip=127.0.0.1 | op=ALLOCATE_BLOCK {"volume":"e4004965-ca39-47be-8fd3-4d15e3be79eb","bucket":"3e2a871c-04b1-4e17-8f5e-894dc6d7d11c","key":"3e7143cd-85ba-4cee-844b-5472bc0cff59","dataSize":"5242880","replicationType":"EC","replicationConfig":"rs-3-2-1048576","clientID":"115408234217865573","Transaction":"1460"} | ret=SUCCESS |  
2025-10-20 19:51:42,059 [om1-OMDoubleBufferFlushThread] INFO  om.OmSnapshotManager (OmSnapshotManager.java:createOmSnapshotCheckpoint(545)) - Created checkpoint: /home/runner/work/ozone/ozone/hadoop-ozone/integration-test/target/test-dir/MiniOzoneClusterImpl-6935df51-69ff-4c35-8bd4-ed2b81d70e54/om/data/db.snapshots/checkpointState/om.db-d98210aa-7fc2-431b-8503-248d218a5238 for snapshot /vol-b-47597/buc-a-06236/snapshot-b-3-89237
2025-10-20 19:51:42,070 | INFO  | OMAudit | user=runner | ip=127.0.0.1 | op=COMMIT_MULTIPART_UPLOAD_PARTKEY {"volume":"e4004965-ca39-47be-8fd3-4d15e3be79eb","bucket":"3e2a871c-04b1-4e17-8f5e-894dc6d7d11c","key":"3e7143cd-85ba-4cee-844b-5472bc0cff59","dataSize":"5242880","ETag":"74843a3ab193a389bced899402d99d5f","uploadID":"019a032d-74b1-7a87-9b69-5d35697a7d15-115408234217537892","partNumber":"1","partName":"/e4004965-ca39-47be-8fd3-4d15e3be79eb/3e2a871c-04b1-4e17-8f5e-894dc6d7d11c/3e7143cd-85ba-4cee-844b-5472bc0cff59-019a032d-74b1-7a87-9b69-5d35697a7d15-115408234217537892-1","Transaction":"1461"} | ret=SUCCESS |  
2025-10-20 19:51:42,075 | INFO  | OMAudit | user=runner | ip=127.0.0.1 | op=ALLOCATE_KEY {"volume":"e4004965-ca39-47be-8fd3-4d15e3be79eb","bucket":"3e2a871c-04b1-4e17-8f5e-894dc6d7d11c","key":"3e7143cd-85ba-4cee-844b-5472bc0cff59","dataSize":"5242880","Transaction":"1462"} | ret=SUCCESS |  
2025-10-20 19:51:42,087 | INFO  | SCMAudit | user=runner | ip=127.0.0.1 | op=ALLOCATE_BLOCK {"replication":"EC{rs-3-2-1024k}","owner":"omServiceIdDefault","size":"4194304","sampleBlocks":"[conID: 24 locID: 115816896921600388]","num":"1","client":"","allocated":"1"} | ret=SUCCESS |  
2025-10-20 19:51:42,089 | INFO  | OMAudit | user=runner | ip=127.0.0.1 | op=ALLOCATE_BLOCK {"volume":"e4004965-ca39-47be-8fd3-4d15e3be79eb","bucket":"3e2a871c-04b1-4e17-8f5e-894dc6d7d11c","key":"3e7143cd-85ba-4cee-844b-5472bc0cff59","dataSize":"5242880","replicationType":"EC","replicationConfig":"rs-3-2-1048576","clientID":"115408234222256486","Transaction":"1463"} | ret=SUCCESS |  
2025-10-20 19:51:42,100 [om1-OMDoubleBufferFlushThread] INFO  db.RDBCheckpointManager (RDBCheckpointManager.java:createCheckpoint(87)) - Created checkpoint in rocksDB at /home/runner/work/ozone/ozone/hadoop-ozone/integration-test/target/test-dir/MiniOzoneClusterImpl-6935df51-69ff-4c35-8bd4-ed2b81d70e54/om/data/db.snapshots/checkpointState/om.db-69e08d27-955e-4f0e-826a-ed4c4bf5d302 in 39 milliseconds
2025-10-20 19:51:42,128 | INFO  | OMAudit | user=runner | ip=127.0.0.1 | op=COMMIT_MULTIPART_UPLOAD_PARTKEY {"volume":"e4004965-ca39-47be-8fd3-4d15e3be79eb","bucket":"3e2a871c-04b1-4e17-8f5e-894dc6d7d11c","key":"3e7143cd-85ba-4cee-844b-5472bc0cff59","dataSize":"5242880","ETag":"74843a3ab193a389bced899402d99d5f","uploadID":"019a032d-74b1-7a87-9b69-5d35697a7d15-115408234217537892","partNumber":"2","partName":"/e4004965-ca39-47be-8fd3-4d15e3be79eb/3e2a871c-04b1-4e17-8f5e-894dc6d7d11c/3e7143cd-85ba-4cee-844b-5472bc0cff59-019a032d-74b1-7a87-9b69-5d35697a7d15-115408234217537892-2","Transaction":"1464"} | ret=SUCCESS |  
2025-10-20 19:51:42,130 [om1-OMDoubleBufferFlushThread] INFO  om.OmSnapshotManager (OmSnapshotManager.java:createOmSnapshotCheckpoint(545)) - Created checkpoint: /home/runner/work/ozone/ozone/hadoop-ozone/integration-test/target/test-dir/MiniOzoneClusterImpl-6935df51-69ff-4c35-8bd4-ed2b81d70e54/om/data/db.snapshots/checkpointState/om.db-69e08d27-955e-4f0e-826a-ed4c4bf5d302 for snapshot /vol-b-47597/buc-b-16885/snapshot-b-3-30892
2025-10-20 19:51:42,131 | INFO  | OMAudit | user=runner | ip=127.0.0.1 | op=ALLOCATE_KEY {"volume":"e4004965-ca39-47be-8fd3-4d15e3be79eb","bucket":"3e2a871c-04b1-4e17-8f5e-894dc6d7d11c","key":"3e7143cd-85ba-4cee-844b-5472bc0cff59","dataSize":"36","Transaction":"1465"} | ret=SUCCESS |  
2025-10-20 19:51:42,133 | INFO  | SCMAudit | user=runner | ip=127.0.0.1 | op=ALLOCATE_BLOCK {"replication":"EC{rs-3-2-1024k}","owner":"omServiceIdDefault","size":"4194304","sampleBlocks":"[conID: 25 locID: 115816896921600389]","num":"1","client":"","allocated":"1"} | ret=SUCCESS |  
2025-10-20 19:51:42,135 | INFO  | OMAudit | user=runner | ip=127.0.0.1 | op=ALLOCATE_BLOCK {"volume":"e4004965-ca39-47be-8fd3-4d15e3be79eb","bucket":"3e2a871c-04b1-4e17-8f5e-894dc6d7d11c","key":"3e7143cd-85ba-4cee-844b-5472bc0cff59","dataSize":"36","replicationType":"EC","replicationConfig":"rs-3-2-1048576","clientID":"115408234225992039","Transaction":"1466"} | ret=SUCCESS |  
2025-10-20 19:51:42,145 | INFO  | OMAudit | user=runner | ip=127.0.0.1 | op=COMMIT_MULTIPART_UPLOAD_PARTKEY {"volume":"e4004965-ca39-47be-8fd3-4d15e3be79eb","bucket":"3e2a871c-04b1-4e17-8f5e-894dc6d7d11c","key":"3e7143cd-85ba-4cee-844b-5472bc0cff59","dataSize":"36","ETag":"72f66878fd84208231f3349fa4ae2fae","uploadID":"019a032d-74b1-7a87-9b69-5d35697a7d15-115408234217537892","partNumber":"3","partName":"/e4004965-ca39-47be-8fd3-4d15e3be79eb/3e2a871c-04b1-4e17-8f5e-894dc6d7d11c/3e7143cd-85ba-4cee-844b-5472bc0cff59-019a032d-74b1-7a87-9b69-5d35697a7d15-115408234217537892-3","Transaction":"1467"} | ret=SUCCESS |  
2025-10-20 19:51:42,150 | INFO  | OMAudit | user=runner | ip=127.0.0.1 | op=COMPLETE_MULTIPART_UPLOAD {"volume":"e4004965-ca39-47be-8fd3-4d15e3be79eb","bucket":"3e2a871c-04b1-4e17-8f5e-894dc6d7d11c","key":"3e7143cd-85ba-4cee-844b-5472bc0cff59","dataSize":"0","uploadID":"019a032d-74b1-7a87-9b69-5d35697a7d15-115408234217537892","multipartList":"[partNumber: 1 partName: \"74843a3ab193a389bced899402d99d5f\" eTag: \"74843a3ab193a389bced899402d99d5f\" , partNumber: 2 partName: \"74843a3ab193a389bced899402d99d5f\" eTag: \"74843a3ab193a389bced899402d99d5f\" , partNumber: 3 partName: \"72f66878fd84208231f3349fa4ae2fae\" eTag: \"72f66878fd84208231f3349fa4ae2fae\" ]","Transaction":"1468"} | ret=SUCCESS |  
2025-10-20 19:51:42,154 | INFO  | SCMAudit | user=runner | ip=127.0.0.1 | op=GET_CONTAINER_WITH_PIPELINE_BATCH {"containerIDs":"#24,"} | ret=SUCCESS |  
2025-10-20 19:51:42,156 | INFO  | OMAudit | user=runner | ip=127.0.0.1 | op=READ_KEY {"volume":"e4004965-ca39-47be-8fd3-4d15e3be79eb","bucket":"3e2a871c-04b1-4e17-8f5e-894dc6d7d11c","key":"3e7143cd-85ba-4cee-844b-5472bc0cff59","owner":null,"dataSize":"0","replicationConfig":null} | ret=SUCCESS |  
2025-10-20 19:51:42,175 | INFO  | SCMAudit | user=runner | ip=127.0.0.1 | op=SEND_HEARTBEAT {"datanodeUUID":"ef67b0a7-5b27-496d-9f38-ab804a28e500","term":"2","command":"[]"} | ret=SUCCESS |  
2025-10-20 19:51:42,179 | INFO  | SCMAudit | user=runner | ip=127.0.0.1 | op=SEND_HEARTBEAT {"datanodeUUID":"7bb0e7f0-2b36-4ec0-8a09-ceac75d91a36","term":"2","command":"[]"} | ret=SUCCESS |  
2025-10-20 19:51:42,180 [om1-OMDoubleBufferFlushThread] INFO  db.RDBCheckpointManager (RDBCheckpointManager.java:createCheckpoint(87)) - Created checkpoint in rocksDB at /home/runner/work/ozone/ozone/hadoop-ozone/integration-test/target/test-dir/MiniOzoneClusterImpl-6935df51-69ff-4c35-8bd4-ed2b81d70e54/om/data/db.snapshots/checkpointState/om.db-1defbad6-84d7-4048-974f-7be1410d0b3e in 48 milliseconds
2025-10-20 19:51:42,208 [om1-OMDoubleBufferFlushThread] INFO  om.OmSnapshotManager (OmSnapshotManager.java:createOmSnapshotCheckpoint(545)) - Created checkpoint: /home/runner/work/ozone/ozone/hadoop-ozone/integration-test/target/test-dir/MiniOzoneClusterImpl-6935df51-69ff-4c35-8bd4-ed2b81d70e54/om/data/db.snapshots/checkpointState/om.db-1defbad6-84d7-4048-974f-7be1410d0b3e for snapshot /vol-a-65386/buc-a-06236/snapshot-b-4-84934
2025-10-20 19:51:42,241 | INFO  | SCMAudit | user=runner | ip=127.0.0.1 | op=GET_CONTAINER_WITH_PIPELINE_BATCH {"containerIDs":"#24,#25,"} | ret=SUCCESS |  
2025-10-20 19:51:42,242 | INFO  | OMAudit | user=null | ip= | op=READ_KEY {"volume":"e4004965-ca39-47be-8fd3-4d15e3be79eb","bucket":"3e2a871c-04b1-4e17-8f5e-894dc6d7d11c","key":"3e7143cd-85ba-4cee-844b-5472bc0cff59","owner":null,"dataSize":"0","replicationConfig":null} | ret=SUCCESS |  
2025-10-20 19:51:42,243 | INFO  | SCMAudit | user=runner | ip=127.0.0.1 | op=GET_CONTAINER {"containerID":"25"} | ret=SUCCESS |  
2025-10-20 19:51:42,244 | INFO  | SCMAudit | user=runner | ip=127.0.0.1 | op=GET_CONTAINER {"containerID":"24"} | ret=SUCCESS |  
2025-10-20 19:51:42,245 | INFO  | SCMAudit | user=runner | ip=127.0.0.1 | op=GET_CONTAINER {"containerID":"25"} | ret=SUCCESS |  
2025-10-20 19:51:42,254 [om1-OMDoubleBufferFlushThread] INFO  db.RDBCheckpointManager (RDBCheckpointManager.java:createCheckpoint(87)) - Created checkpoint in rocksDB at /home/runner/work/ozone/ozone/hadoop-ozone/integration-test/target/test-dir/MiniOzoneClusterImpl-6935df51-69ff-4c35-8bd4-ed2b81d70e54/om/data/db.snapshots/checkpointState/om.db-034bdb0d-0b98-4fda-8640-ab0cbecfbad7 in 44 milliseconds
]]></system-out>
  </testcase>
  <testcase name="testMultipartUploadWithMissingParts" classname="org.apache.hadoop.ozone.client.rpc.TestSecureOzoneRpcClient" time="0.03">
    <system-out><![CDATA[2025-10-20 19:51:42,258 [ForkJoinPool-1-worker-1] INFO  rpc.RpcClient (RpcClient.java:createVolume(461)) - Creating Volume: a74da5c9-7565-4d4e-b5c0-b540936a56e6, with runner as owner and space quota set to -1 bytes, counts quota set to -1
2025-10-20 19:51:42,260 [om1-OMStateMachineApplyTransactionThread - 0] INFO  volume.OMVolumeCreateRequest (OMVolumeCreateRequest.java:validateAndUpdateCache(213)) - created volume:a74da5c9-7565-4d4e-b5c0-b540936a56e6 for user:runner
2025-10-20 19:51:42,260 | INFO  | OMAudit | user=runner | ip=127.0.0.1 | op=CREATE_VOLUME {"admin":"runner","owner":"runner","volume":"a74da5c9-7565-4d4e-b5c0-b540936a56e6","creationTime":"1760989902259","modificationTime":"1760989902259","quotaInBytes":"-1","quotaInNamespace":"-1","usedNamespace":"0","objectID":"-9223372036854399744","updateID":"1469","Transaction":"1469"} | ret=SUCCESS |  
2025-10-20 19:51:42,262 | INFO  | OMAudit | user=runner | ip=127.0.0.1 | op=READ_VOLUME {"volume":"a74da5c9-7565-4d4e-b5c0-b540936a56e6"} | ret=SUCCESS |  
2025-10-20 19:51:42,262 [ForkJoinPool-1-worker-1] INFO  rpc.RpcClient (RpcClient.java:createBucket(686)) - Creating Bucket: a74da5c9-7565-4d4e-b5c0-b540936a56e6/7bf1b402-14f6-4903-8f19-d5c6c71575af, with server-side default bucket layout, runner as owner, Versioning false, Storage Type set to DISK and Encryption set to false, Replication Type set to server-side default replication type, Namespace Quota set to -1, Space Quota set to -1 
2025-10-20 19:51:42,265 [om1-OMStateMachineApplyTransactionThread - 0] INFO  bucket.OMBucketCreateRequest (OMBucketCreateRequest.java:validateAndUpdateCache(303)) - created bucket: 7bf1b402-14f6-4903-8f19-d5c6c71575af of layout FILE_SYSTEM_OPTIMIZED in volume: a74da5c9-7565-4d4e-b5c0-b540936a56e6
2025-10-20 19:51:42,265 | INFO  | OMAudit | user=runner | ip=127.0.0.1 | op=CREATE_BUCKET {"volume":"a74da5c9-7565-4d4e-b5c0-b540936a56e6","bucket":"7bf1b402-14f6-4903-8f19-d5c6c71575af","bucketLayout":"FILE_SYSTEM_OPTIMIZED","gdprEnabled":null,"acls":"[user:runner:a[ACCESS], group:runner:rl[ACCESS]]","isVersionEnabled":"false","storageType":"DISK","creationTime":"1760989902264","bucketEncryptionKey":null,"modificationTime":"1760989902264","usedBytes":"0","usedNamespace":"0","snapshotUsedBytes":"0","snapshotUsedNamespace":"0","owner":"runner","replicationType":null,"replicationConfig":null,"quotaInBytes":"-1","quotaInNamespace":"-1","Transaction":"1470"} | ret=SUCCESS |  
2025-10-20 19:51:42,266 | INFO  | OMAudit | user=runner | ip=127.0.0.1 | op=READ_BUCKET {"volume":"a74da5c9-7565-4d4e-b5c0-b540936a56e6","bucket":"7bf1b402-14f6-4903-8f19-d5c6c71575af"} | ret=SUCCESS |  
2025-10-20 19:51:42,266 | INFO  | SCMAudit | user=runner | ip=127.0.0.1 | op=SEND_HEARTBEAT {"datanodeUUID":"af0e5da1-57af-45e9-9aca-fa0798d05628","term":"2","command":"[]"} | ret=SUCCESS |  
2025-10-20 19:51:42,268 | INFO  | OMAudit | user=runner | ip=127.0.0.1 | op=INITIATE_MULTIPART_UPLOAD {"volume":"a74da5c9-7565-4d4e-b5c0-b540936a56e6","bucket":"7bf1b402-14f6-4903-8f19-d5c6c71575af","key":"07aff33b-7ec9-489e-a4bf-c4ccaed25647","dataSize":"0","replicationType":"RATIS","replicationFactor":"ONE","uploadID":"019a032d-75bb-71aa-b280-e7e7fe0964d4-115408234234970472","Transaction":"1471"} | ret=SUCCESS |  
2025-10-20 19:51:42,270 | INFO  | OMAudit | user=runner | ip=127.0.0.1 | op=ALLOCATE_KEY {"volume":"a74da5c9-7565-4d4e-b5c0-b540936a56e6","bucket":"7bf1b402-14f6-4903-8f19-d5c6c71575af","key":"07aff33b-7ec9-489e-a4bf-c4ccaed25647","dataSize":"4","Transaction":"1472"} | ret=SUCCESS |  
2025-10-20 19:51:42,272 | INFO  | SCMAudit | user=runner | ip=127.0.0.1 | op=ALLOCATE_BLOCK {"replication":"RATIS/ONE","owner":"omServiceIdDefault","size":"4194304","sampleBlocks":"[conID: 9 locID: 115816896921600390]","num":"1","client":"","allocated":"1"} | ret=SUCCESS |  
2025-10-20 19:51:42,273 | INFO  | OMAudit | user=runner | ip=127.0.0.1 | op=ALLOCATE_BLOCK {"volume":"a74da5c9-7565-4d4e-b5c0-b540936a56e6","bucket":"7bf1b402-14f6-4903-8f19-d5c6c71575af","key":"07aff33b-7ec9-489e-a4bf-c4ccaed25647","dataSize":"4","replicationType":"RATIS","replicationFactor":"ONE","clientID":"115408234235101545","Transaction":"1473"} | ret=SUCCESS |  
2025-10-20 19:51:42,273 [om1-OMDoubleBufferFlushThread] INFO  om.OmSnapshotManager (OmSnapshotManager.java:createOmSnapshotCheckpoint(545)) - Created checkpoint: /home/runner/work/ozone/ozone/hadoop-ozone/integration-test/target/test-dir/MiniOzoneClusterImpl-6935df51-69ff-4c35-8bd4-ed2b81d70e54/om/data/db.snapshots/checkpointState/om.db-034bdb0d-0b98-4fda-8640-ab0cbecfbad7 for snapshot /vol-a-65386/buc-b-16885/snapshot-b-4-27089
2025-10-20 19:51:42,282 | INFO  | OMAudit | user=runner | ip=127.0.0.1 | op=COMMIT_MULTIPART_UPLOAD_PARTKEY {"volume":"a74da5c9-7565-4d4e-b5c0-b540936a56e6","bucket":"7bf1b402-14f6-4903-8f19-d5c6c71575af","key":"07aff33b-7ec9-489e-a4bf-c4ccaed25647","dataSize":"4","ETag":"8d777f385d3dfec8815d20f7496026dc","uploadID":"019a032d-75bb-71aa-b280-e7e7fe0964d4-115408234234970472","partNumber":"1","partName":"/a74da5c9-7565-4d4e-b5c0-b540936a56e6/7bf1b402-14f6-4903-8f19-d5c6c71575af/07aff33b-7ec9-489e-a4bf-c4ccaed25647-019a032d-75bb-71aa-b280-e7e7fe0964d4-115408234234970472-1","Transaction":"1474"} | ret=SUCCESS |  
2025-10-20 19:51:42,285 [om1-OMStateMachineApplyTransactionThread - 0] ERROR multipart.S3MultipartUploadCompleteRequest (S3MultipartUploadCompleteRequest.java:logResult(444)) - MultipartUpload Complete request failed for Key: 07aff33b-7ec9-489e-a4bf-c4ccaed25647 in Volume/Bucket a74da5c9-7565-4d4e-b5c0-b540936a56e6/7bf1b402-14f6-4903-8f19-d5c6c71575af
INVALID_PART org.apache.hadoop.ozone.om.exceptions.OMException: Complete Multipart Upload Failed: volume: a74da5c9-7565-4d4e-b5c0-b540936a56e6 bucket: 7bf1b402-14f6-4903-8f19-d5c6c71575af key: 07aff33b-7ec9-489e-a4bf-c4ccaed25647. Provided Part info is { 7ddf32e17a6ac5ce04a8ecbf782ca509, 3}, whereas OM has eTag null
	at org.apache.hadoop.ozone.om.request.s3.multipart.S3MultipartUploadCompleteRequest.getMultipartDataSize(S3MultipartUploadCompleteRequest.java:625)
	at org.apache.hadoop.ozone.om.request.s3.multipart.S3MultipartUploadCompleteRequest.validateAndUpdateCache(S3MultipartUploadCompleteRequest.java:289)
	at org.apache.hadoop.ozone.protocolPB.OzoneManagerRequestHandler.lambda$0(OzoneManagerRequestHandler.java:418)
	at org.apache.hadoop.ozone.util.MetricUtil.captureLatencyNs(MetricUtil.java:45)
	at org.apache.hadoop.ozone.protocolPB.OzoneManagerRequestHandler.handleWriteRequestImpl(OzoneManagerRequestHandler.java:416)
	at org.apache.hadoop.ozone.protocolPB.RequestHandler.handleWriteRequest(RequestHandler.java:62)
	at org.apache.hadoop.ozone.om.ratis.OzoneManagerStateMachine.runCommand(OzoneManagerStateMachine.java:599)
	at org.apache.hadoop.ozone.om.ratis.OzoneManagerStateMachine.lambda$3(OzoneManagerStateMachine.java:415)
	at java.base/java.util.concurrent.CompletableFuture$AsyncSupply.run(CompletableFuture.java:1768)
	at java.base/java.util.concurrent.ThreadPoolExecutor.runWorker(ThreadPoolExecutor.java:1144)
	at java.base/java.util.concurrent.ThreadPoolExecutor$Worker.run(ThreadPoolExecutor.java:642)
	at java.base/java.lang.Thread.run(Thread.java:1583)
2025-10-20 19:51:42,285 | ERROR | OMAudit | user=runner | ip=127.0.0.1 | op=COMPLETE_MULTIPART_UPLOAD {"volume":"a74da5c9-7565-4d4e-b5c0-b540936a56e6","bucket":"7bf1b402-14f6-4903-8f19-d5c6c71575af","key":"07aff33b-7ec9-489e-a4bf-c4ccaed25647","dataSize":"0","uploadID":"019a032d-75bb-71aa-b280-e7e7fe0964d4-115408234234970472","multipartList":"[partNumber: 3 partName: \"7ddf32e17a6ac5ce04a8ecbf782ca509\" eTag: \"7ddf32e17a6ac5ce04a8ecbf782ca509\" ]","Transaction":"1475"} | ret=FAILURE | 
org.apache.hadoop.ozone.om.exceptions.OMException: Complete Multipart Upload Failed: volume: a74da5c9-7565-4d4e-b5c0-b540936a56e6 bucket: 7bf1b402-14f6-4903-8f19-d5c6c71575af key: 07aff33b-7ec9-489e-a4bf-c4ccaed25647. Provided Part info is { 7ddf32e17a6ac5ce04a8ecbf782ca509, 3}, whereas OM has eTag null
	at org.apache.hadoop.ozone.om.request.s3.multipart.S3MultipartUploadCompleteRequest.getMultipartDataSize(S3MultipartUploadCompleteRequest.java:625)
	at org.apache.hadoop.ozone.om.request.s3.multipart.S3MultipartUploadCompleteRequest.validateAndUpdateCache(S3MultipartUploadCompleteRequest.java:289)
 
]]></system-out>
  </testcase>
  <testcase name="testMultipartUploadWithPartsLessThanMinSize" classname="org.apache.hadoop.ozone.client.rpc.TestSecureOzoneRpcClient" time="0.05">
    <system-out><![CDATA[2025-10-20 19:51:42,289 [ForkJoinPool-1-worker-1] INFO  rpc.RpcClient (RpcClient.java:createVolume(461)) - Creating Volume: 4d66515f-ade4-4658-90bc-400a55f60560, with runner as owner and space quota set to -1 bytes, counts quota set to -1
2025-10-20 19:51:42,291 [om1-OMStateMachineApplyTransactionThread - 0] INFO  volume.OMVolumeCreateRequest (OMVolumeCreateRequest.java:validateAndUpdateCache(213)) - created volume:4d66515f-ade4-4658-90bc-400a55f60560 for user:runner
2025-10-20 19:51:42,291 | INFO  | OMAudit | user=runner | ip=127.0.0.1 | op=CREATE_VOLUME {"admin":"runner","owner":"runner","volume":"4d66515f-ade4-4658-90bc-400a55f60560","creationTime":"1760989902290","modificationTime":"1760989902290","quotaInBytes":"-1","quotaInNamespace":"-1","usedNamespace":"0","objectID":"-9223372036854397952","updateID":"1476","Transaction":"1476"} | ret=SUCCESS |  
2025-10-20 19:51:42,292 | INFO  | OMAudit | user=runner | ip=127.0.0.1 | op=READ_VOLUME {"volume":"4d66515f-ade4-4658-90bc-400a55f60560"} | ret=SUCCESS |  
2025-10-20 19:51:42,293 [ForkJoinPool-1-worker-1] INFO  rpc.RpcClient (RpcClient.java:createBucket(686)) - Creating Bucket: 4d66515f-ade4-4658-90bc-400a55f60560/40575e87-fab7-4ca6-b754-3d4b865c4b01, with server-side default bucket layout, runner as owner, Versioning false, Storage Type set to DISK and Encryption set to false, Replication Type set to server-side default replication type, Namespace Quota set to -1, Space Quota set to -1 
2025-10-20 19:51:42,294 [om1-OMStateMachineApplyTransactionThread - 0] INFO  bucket.OMBucketCreateRequest (OMBucketCreateRequest.java:validateAndUpdateCache(303)) - created bucket: 40575e87-fab7-4ca6-b754-3d4b865c4b01 of layout FILE_SYSTEM_OPTIMIZED in volume: 4d66515f-ade4-4658-90bc-400a55f60560
2025-10-20 19:51:42,294 | INFO  | OMAudit | user=runner | ip=127.0.0.1 | op=CREATE_BUCKET {"volume":"4d66515f-ade4-4658-90bc-400a55f60560","bucket":"40575e87-fab7-4ca6-b754-3d4b865c4b01","bucketLayout":"FILE_SYSTEM_OPTIMIZED","gdprEnabled":null,"acls":"[user:runner:a[ACCESS], group:runner:rl[ACCESS]]","isVersionEnabled":"false","storageType":"DISK","creationTime":"1760989902293","bucketEncryptionKey":null,"modificationTime":"1760989902293","usedBytes":"0","usedNamespace":"0","snapshotUsedBytes":"0","snapshotUsedNamespace":"0","owner":"runner","replicationType":null,"replicationConfig":null,"quotaInBytes":"-1","quotaInNamespace":"-1","Transaction":"1477"} | ret=SUCCESS |  
2025-10-20 19:51:42,295 | INFO  | OMAudit | user=runner | ip=127.0.0.1 | op=READ_BUCKET {"volume":"4d66515f-ade4-4658-90bc-400a55f60560","bucket":"40575e87-fab7-4ca6-b754-3d4b865c4b01"} | ret=SUCCESS |  
2025-10-20 19:51:42,297 | INFO  | OMAudit | user=runner | ip=127.0.0.1 | op=INITIATE_MULTIPART_UPLOAD {"volume":"4d66515f-ade4-4658-90bc-400a55f60560","bucket":"40575e87-fab7-4ca6-b754-3d4b865c4b01","key":"309e4c75-91a2-4733-9095-a1326fae5219","dataSize":"0","replicationType":"RATIS","replicationFactor":"ONE","uploadID":"019a032d-75d8-742f-a0e6-1b6c1d0fee80-115408234236871018","Transaction":"1478"} | ret=SUCCESS |  
2025-10-20 19:51:42,301 | INFO  | OMAudit | user=runner | ip=127.0.0.1 | op=ALLOCATE_KEY {"volume":"4d66515f-ade4-4658-90bc-400a55f60560","bucket":"40575e87-fab7-4ca6-b754-3d4b865c4b01","key":"309e4c75-91a2-4733-9095-a1326fae5219","dataSize":"4","Transaction":"1479"} | ret=SUCCESS |  
2025-10-20 19:51:42,304 | INFO  | SCMAudit | user=runner | ip=127.0.0.1 | op=ALLOCATE_BLOCK {"replication":"RATIS/ONE","owner":"omServiceIdDefault","size":"4194304","sampleBlocks":"[conID: 8 locID: 115816896921600391]","num":"1","client":"","allocated":"1"} | ret=SUCCESS |  
2025-10-20 19:51:42,308 | INFO  | OMAudit | user=runner | ip=127.0.0.1 | op=ALLOCATE_BLOCK {"volume":"4d66515f-ade4-4658-90bc-400a55f60560","bucket":"40575e87-fab7-4ca6-b754-3d4b865c4b01","key":"309e4c75-91a2-4733-9095-a1326fae5219","dataSize":"4","replicationType":"RATIS","replicationFactor":"ONE","clientID":"115408234237133163","Transaction":"1480"} | ret=SUCCESS |  
2025-10-20 19:51:42,315 [om1-OMDoubleBufferFlushThread] INFO  db.RDBCheckpointManager (RDBCheckpointManager.java:createCheckpoint(87)) - Created checkpoint in rocksDB at /home/runner/work/ozone/ozone/hadoop-ozone/integration-test/target/test-dir/MiniOzoneClusterImpl-6935df51-69ff-4c35-8bd4-ed2b81d70e54/om/data/db.snapshots/checkpointState/om.db-de69bf9c-0a1e-4dae-bf22-0c2e6aa589df in 40 milliseconds
2025-10-20 19:51:42,319 | INFO  | OMAudit | user=runner | ip=127.0.0.1 | op=COMMIT_MULTIPART_UPLOAD_PARTKEY {"volume":"4d66515f-ade4-4658-90bc-400a55f60560","bucket":"40575e87-fab7-4ca6-b754-3d4b865c4b01","key":"309e4c75-91a2-4733-9095-a1326fae5219","dataSize":"4","ETag":"8d777f385d3dfec8815d20f7496026dc","uploadID":"019a032d-75d8-742f-a0e6-1b6c1d0fee80-115408234236871018","partNumber":"1","partName":"/4d66515f-ade4-4658-90bc-400a55f60560/40575e87-fab7-4ca6-b754-3d4b865c4b01/309e4c75-91a2-4733-9095-a1326fae5219-019a032d-75d8-742f-a0e6-1b6c1d0fee80-115408234236871018-1","Transaction":"1481"} | ret=SUCCESS |  
2025-10-20 19:51:42,322 | INFO  | OMAudit | user=runner | ip=127.0.0.1 | op=ALLOCATE_KEY {"volume":"4d66515f-ade4-4658-90bc-400a55f60560","bucket":"40575e87-fab7-4ca6-b754-3d4b865c4b01","key":"309e4c75-91a2-4733-9095-a1326fae5219","dataSize":"4","Transaction":"1482"} | ret=SUCCESS |  
2025-10-20 19:51:42,324 | INFO  | SCMAudit | user=runner | ip=127.0.0.1 | op=ALLOCATE_BLOCK {"replication":"RATIS/ONE","owner":"omServiceIdDefault","size":"4194304","sampleBlocks":"[conID: 6 locID: 115816896921600392]","num":"1","client":"","allocated":"1"} | ret=SUCCESS |  
2025-10-20 19:51:42,326 | INFO  | OMAudit | user=runner | ip=127.0.0.1 | op=ALLOCATE_BLOCK {"volume":"4d66515f-ade4-4658-90bc-400a55f60560","bucket":"40575e87-fab7-4ca6-b754-3d4b865c4b01","key":"309e4c75-91a2-4733-9095-a1326fae5219","dataSize":"4","replicationType":"RATIS","replicationFactor":"ONE","clientID":"115408234238443884","Transaction":"1483"} | ret=SUCCESS |  
2025-10-20 19:51:42,333 | INFO  | OMAudit | user=runner | ip=127.0.0.1 | op=COMMIT_MULTIPART_UPLOAD_PARTKEY {"volume":"4d66515f-ade4-4658-90bc-400a55f60560","bucket":"40575e87-fab7-4ca6-b754-3d4b865c4b01","key":"309e4c75-91a2-4733-9095-a1326fae5219","dataSize":"4","ETag":"8d777f385d3dfec8815d20f7496026dc","uploadID":"019a032d-75d8-742f-a0e6-1b6c1d0fee80-115408234236871018","partNumber":"2","partName":"/4d66515f-ade4-4658-90bc-400a55f60560/40575e87-fab7-4ca6-b754-3d4b865c4b01/309e4c75-91a2-4733-9095-a1326fae5219-019a032d-75d8-742f-a0e6-1b6c1d0fee80-115408234236871018-2","Transaction":"1484"} | ret=SUCCESS |  
2025-10-20 19:51:42,336 [om1-OMDoubleBufferFlushThread] INFO  om.OmSnapshotManager (OmSnapshotManager.java:createOmSnapshotCheckpoint(545)) - Created checkpoint: /home/runner/work/ozone/ozone/hadoop-ozone/integration-test/target/test-dir/MiniOzoneClusterImpl-6935df51-69ff-4c35-8bd4-ed2b81d70e54/om/data/db.snapshots/checkpointState/om.db-de69bf9c-0a1e-4dae-bf22-0c2e6aa589df for snapshot /vol-b-47597/buc-a-06236/snapshot-b-4-58076
2025-10-20 19:51:42,336 [om1-OMStateMachineApplyTransactionThread - 0] ERROR multipart.S3MultipartUploadCompleteRequest (S3MultipartUploadCompleteRequest.java:getMultipartDataSize(638)) - MultipartUpload: /4d66515f-ade4-4658-90bc-400a55f60560/40575e87-fab7-4ca6-b754-3d4b865c4b01/309e4c75-91a2-4733-9095-a1326fae5219 Part number: 1 size 4  is less than minimum part size 5242880
2025-10-20 19:51:42,336 [om1-OMStateMachineApplyTransactionThread - 0] ERROR multipart.S3MultipartUploadCompleteRequest (S3MultipartUploadCompleteRequest.java:logResult(444)) - MultipartUpload Complete request failed for Key: 309e4c75-91a2-4733-9095-a1326fae5219 in Volume/Bucket 4d66515f-ade4-4658-90bc-400a55f60560/40575e87-fab7-4ca6-b754-3d4b865c4b01
ENTITY_TOO_SMALL org.apache.hadoop.ozone.om.exceptions.OMException: Complete Multipart Upload Failed: volume: 4d66515f-ade4-4658-90bc-400a55f60560 bucket: 40575e87-fab7-4ca6-b754-3d4b865c4b01 key: 309e4c75-91a2-4733-9095-a1326fae5219. Entity too small.
	at org.apache.hadoop.ozone.om.request.s3.multipart.S3MultipartUploadCompleteRequest.getMultipartDataSize(S3MultipartUploadCompleteRequest.java:642)
	at org.apache.hadoop.ozone.om.request.s3.multipart.S3MultipartUploadCompleteRequest.validateAndUpdateCache(S3MultipartUploadCompleteRequest.java:289)
	at org.apache.hadoop.ozone.protocolPB.OzoneManagerRequestHandler.lambda$0(OzoneManagerRequestHandler.java:418)
	at org.apache.hadoop.ozone.util.MetricUtil.captureLatencyNs(MetricUtil.java:45)
	at org.apache.hadoop.ozone.protocolPB.OzoneManagerRequestHandler.handleWriteRequestImpl(OzoneManagerRequestHandler.java:416)
	at org.apache.hadoop.ozone.protocolPB.RequestHandler.handleWriteRequest(RequestHandler.java:62)
	at org.apache.hadoop.ozone.om.ratis.OzoneManagerStateMachine.runCommand(OzoneManagerStateMachine.java:599)
	at org.apache.hadoop.ozone.om.ratis.OzoneManagerStateMachine.lambda$3(OzoneManagerStateMachine.java:415)
	at java.base/java.util.concurrent.CompletableFuture$AsyncSupply.run(CompletableFuture.java:1768)
	at java.base/java.util.concurrent.ThreadPoolExecutor.runWorker(ThreadPoolExecutor.java:1144)
	at java.base/java.util.concurrent.ThreadPoolExecutor$Worker.run(ThreadPoolExecutor.java:642)
	at java.base/java.lang.Thread.run(Thread.java:1583)
2025-10-20 19:51:42,337 | ERROR | OMAudit | user=runner | ip=127.0.0.1 | op=COMPLETE_MULTIPART_UPLOAD {"volume":"4d66515f-ade4-4658-90bc-400a55f60560","bucket":"40575e87-fab7-4ca6-b754-3d4b865c4b01","key":"309e4c75-91a2-4733-9095-a1326fae5219","dataSize":"0","uploadID":"019a032d-75d8-742f-a0e6-1b6c1d0fee80-115408234236871018","multipartList":"[partNumber: 1 partName: \"8d777f385d3dfec8815d20f7496026dc\" eTag: \"8d777f385d3dfec8815d20f7496026dc\" , partNumber: 2 partName: \"8d777f385d3dfec8815d20f7496026dc\" eTag: \"8d777f385d3dfec8815d20f7496026dc\" ]","Transaction":"1485"} | ret=FAILURE | 
org.apache.hadoop.ozone.om.exceptions.OMException: Complete Multipart Upload Failed: volume: 4d66515f-ade4-4658-90bc-400a55f60560 bucket: 40575e87-fab7-4ca6-b754-3d4b865c4b01 key: 309e4c75-91a2-4733-9095-a1326fae5219. Entity too small.
	at org.apache.hadoop.ozone.om.request.s3.multipart.S3MultipartUploadCompleteRequest.getMultipartDataSize(S3MultipartUploadCompleteRequest.java:642)
	at org.apache.hadoop.ozone.om.request.s3.multipart.S3MultipartUploadCompleteRequest.validateAndUpdateCache(S3MultipartUploadCompleteRequest.java:289)
 
]]></system-out>
  </testcase>
  <testcase name="testMultipartUploadWithPartsMisMatchWithIncorrectPartName" classname="org.apache.hadoop.ozone.client.rpc.TestSecureOzoneRpcClient" time="0.031">
    <system-out><![CDATA[2025-10-20 19:51:42,339 [ForkJoinPool-1-worker-1] INFO  rpc.RpcClient (RpcClient.java:createVolume(461)) - Creating Volume: f0c8788f-dbff-49d7-b055-2031c87c9cfb, with runner as owner and space quota set to -1 bytes, counts quota set to -1
2025-10-20 19:51:42,340 [om1-OMStateMachineApplyTransactionThread - 0] INFO  volume.OMVolumeCreateRequest (OMVolumeCreateRequest.java:validateAndUpdateCache(213)) - created volume:f0c8788f-dbff-49d7-b055-2031c87c9cfb for user:runner
2025-10-20 19:51:42,340 | INFO  | OMAudit | user=runner | ip=127.0.0.1 | op=CREATE_VOLUME {"admin":"runner","owner":"runner","volume":"f0c8788f-dbff-49d7-b055-2031c87c9cfb","creationTime":"1760989902340","modificationTime":"1760989902340","quotaInBytes":"-1","quotaInNamespace":"-1","usedNamespace":"0","objectID":"-9223372036854395392","updateID":"1486","Transaction":"1486"} | ret=SUCCESS |  
2025-10-20 19:51:42,341 | INFO  | OMAudit | user=runner | ip=127.0.0.1 | op=READ_VOLUME {"volume":"f0c8788f-dbff-49d7-b055-2031c87c9cfb"} | ret=SUCCESS |  
2025-10-20 19:51:42,342 [ForkJoinPool-1-worker-1] INFO  rpc.RpcClient (RpcClient.java:createBucket(686)) - Creating Bucket: f0c8788f-dbff-49d7-b055-2031c87c9cfb/b54082cb-9ac1-4587-8c7b-23fadc8df7aa, with server-side default bucket layout, runner as owner, Versioning false, Storage Type set to DISK and Encryption set to false, Replication Type set to server-side default replication type, Namespace Quota set to -1, Space Quota set to -1 
2025-10-20 19:51:42,343 [om1-OMStateMachineApplyTransactionThread - 0] INFO  bucket.OMBucketCreateRequest (OMBucketCreateRequest.java:validateAndUpdateCache(303)) - created bucket: b54082cb-9ac1-4587-8c7b-23fadc8df7aa of layout FILE_SYSTEM_OPTIMIZED in volume: f0c8788f-dbff-49d7-b055-2031c87c9cfb
2025-10-20 19:51:42,343 | INFO  | OMAudit | user=runner | ip=127.0.0.1 | op=CREATE_BUCKET {"volume":"f0c8788f-dbff-49d7-b055-2031c87c9cfb","bucket":"b54082cb-9ac1-4587-8c7b-23fadc8df7aa","bucketLayout":"FILE_SYSTEM_OPTIMIZED","gdprEnabled":null,"acls":"[user:runner:a[ACCESS], group:runner:rl[ACCESS]]","isVersionEnabled":"false","storageType":"DISK","creationTime":"1760989902342","bucketEncryptionKey":null,"modificationTime":"1760989902342","usedBytes":"0","usedNamespace":"0","snapshotUsedBytes":"0","snapshotUsedNamespace":"0","owner":"runner","replicationType":null,"replicationConfig":null,"quotaInBytes":"-1","quotaInNamespace":"-1","Transaction":"1487"} | ret=SUCCESS |  
2025-10-20 19:51:42,344 | INFO  | OMAudit | user=runner | ip=127.0.0.1 | op=READ_BUCKET {"volume":"f0c8788f-dbff-49d7-b055-2031c87c9cfb","bucket":"b54082cb-9ac1-4587-8c7b-23fadc8df7aa"} | ret=SUCCESS |  
2025-10-20 19:51:42,347 | INFO  | OMAudit | user=runner | ip=127.0.0.1 | op=INITIATE_MULTIPART_UPLOAD {"volume":"f0c8788f-dbff-49d7-b055-2031c87c9cfb","bucket":"b54082cb-9ac1-4587-8c7b-23fadc8df7aa","key":"4afc1561-165e-4bac-9d45-8b7aa72feab8","dataSize":"0","replicationType":"RATIS","replicationFactor":"ONE","uploadID":"019a032d-7609-7194-a7ed-648718e8b190-115408234240082285","Transaction":"1488"} | ret=SUCCESS |  
2025-10-20 19:51:42,350 | INFO  | OMAudit | user=runner | ip=127.0.0.1 | op=ALLOCATE_KEY {"volume":"f0c8788f-dbff-49d7-b055-2031c87c9cfb","bucket":"b54082cb-9ac1-4587-8c7b-23fadc8df7aa","key":"4afc1561-165e-4bac-9d45-8b7aa72feab8","dataSize":"4","Transaction":"1489"} | ret=SUCCESS |  
2025-10-20 19:51:42,354 | INFO  | SCMAudit | user=runner | ip=127.0.0.1 | op=ALLOCATE_BLOCK {"replication":"RATIS/ONE","owner":"omServiceIdDefault","size":"4194304","sampleBlocks":"[conID: 6 locID: 115816896921600393]","num":"1","client":"","allocated":"1"} | ret=SUCCESS |  
2025-10-20 19:51:42,355 | INFO  | OMAudit | user=runner | ip=127.0.0.1 | op=ALLOCATE_BLOCK {"volume":"f0c8788f-dbff-49d7-b055-2031c87c9cfb","bucket":"b54082cb-9ac1-4587-8c7b-23fadc8df7aa","key":"4afc1561-165e-4bac-9d45-8b7aa72feab8","dataSize":"4","replicationType":"RATIS","replicationFactor":"ONE","clientID":"115408234240278894","Transaction":"1490"} | ret=SUCCESS |  
2025-10-20 19:51:42,363 | INFO  | OMAudit | user=runner | ip=127.0.0.1 | op=COMMIT_MULTIPART_UPLOAD_PARTKEY {"volume":"f0c8788f-dbff-49d7-b055-2031c87c9cfb","bucket":"b54082cb-9ac1-4587-8c7b-23fadc8df7aa","key":"4afc1561-165e-4bac-9d45-8b7aa72feab8","dataSize":"4","ETag":"8d777f385d3dfec8815d20f7496026dc","uploadID":"019a032d-7609-7194-a7ed-648718e8b190-115408234240082285","partNumber":"1","partName":"/f0c8788f-dbff-49d7-b055-2031c87c9cfb/b54082cb-9ac1-4587-8c7b-23fadc8df7aa/4afc1561-165e-4bac-9d45-8b7aa72feab8-019a032d-7609-7194-a7ed-648718e8b190-115408234240082285-1","Transaction":"1491"} | ret=SUCCESS |  
2025-10-20 19:51:42,368 [om1-OMStateMachineApplyTransactionThread - 0] ERROR multipart.S3MultipartUploadCompleteRequest (S3MultipartUploadCompleteRequest.java:logResult(444)) - MultipartUpload Complete request failed for Key: 4afc1561-165e-4bac-9d45-8b7aa72feab8 in Volume/Bucket f0c8788f-dbff-49d7-b055-2031c87c9cfb/b54082cb-9ac1-4587-8c7b-23fadc8df7aa
INVALID_PART org.apache.hadoop.ozone.om.exceptions.OMException: Complete Multipart Upload Failed: volume: f0c8788f-dbff-49d7-b055-2031c87c9cfb bucket: b54082cb-9ac1-4587-8c7b-23fadc8df7aa key: 4afc1561-165e-4bac-9d45-8b7aa72feab8. Provided Part info is { a3fdf6806ee2c2f2a811f41db0570a0e, 1}, whereas OM has eTag 8d777f385d3dfec8815d20f7496026dc
	at org.apache.hadoop.ozone.om.request.s3.multipart.S3MultipartUploadCompleteRequest.getMultipartDataSize(S3MultipartUploadCompleteRequest.java:625)
	at org.apache.hadoop.ozone.om.request.s3.multipart.S3MultipartUploadCompleteRequest.validateAndUpdateCache(S3MultipartUploadCompleteRequest.java:289)
	at org.apache.hadoop.ozone.protocolPB.OzoneManagerRequestHandler.lambda$0(OzoneManagerRequestHandler.java:418)
	at org.apache.hadoop.ozone.util.MetricUtil.captureLatencyNs(MetricUtil.java:45)
	at org.apache.hadoop.ozone.protocolPB.OzoneManagerRequestHandler.handleWriteRequestImpl(OzoneManagerRequestHandler.java:416)
	at org.apache.hadoop.ozone.protocolPB.RequestHandler.handleWriteRequest(RequestHandler.java:62)
	at org.apache.hadoop.ozone.om.ratis.OzoneManagerStateMachine.runCommand(OzoneManagerStateMachine.java:599)
	at org.apache.hadoop.ozone.om.ratis.OzoneManagerStateMachine.lambda$3(OzoneManagerStateMachine.java:415)
	at java.base/java.util.concurrent.CompletableFuture$AsyncSupply.run(CompletableFuture.java:1768)
	at java.base/java.util.concurrent.ThreadPoolExecutor.runWorker(ThreadPoolExecutor.java:1144)
	at java.base/java.util.concurrent.ThreadPoolExecutor$Worker.run(ThreadPoolExecutor.java:642)
	at java.base/java.lang.Thread.run(Thread.java:1583)
2025-10-20 19:51:42,368 | ERROR | OMAudit | user=runner | ip=127.0.0.1 | op=COMPLETE_MULTIPART_UPLOAD {"volume":"f0c8788f-dbff-49d7-b055-2031c87c9cfb","bucket":"b54082cb-9ac1-4587-8c7b-23fadc8df7aa","key":"4afc1561-165e-4bac-9d45-8b7aa72feab8","dataSize":"0","uploadID":"019a032d-7609-7194-a7ed-648718e8b190-115408234240082285","multipartList":"[partNumber: 1 partName: \"a3fdf6806ee2c2f2a811f41db0570a0e\" eTag: \"a3fdf6806ee2c2f2a811f41db0570a0e\" ]","Transaction":"1492"} | ret=FAILURE | 
org.apache.hadoop.ozone.om.exceptions.OMException: Complete Multipart Upload Failed: volume: f0c8788f-dbff-49d7-b055-2031c87c9cfb bucket: b54082cb-9ac1-4587-8c7b-23fadc8df7aa key: 4afc1561-165e-4bac-9d45-8b7aa72feab8. Provided Part info is { a3fdf6806ee2c2f2a811f41db0570a0e, 1}, whereas OM has eTag 8d777f385d3dfec8815d20f7496026dc
	at org.apache.hadoop.ozone.om.request.s3.multipart.S3MultipartUploadCompleteRequest.getMultipartDataSize(S3MultipartUploadCompleteRequest.java:625)
	at org.apache.hadoop.ozone.om.request.s3.multipart.S3MultipartUploadCompleteRequest.validateAndUpdateCache(S3MultipartUploadCompleteRequest.java:289)
 
]]></system-out>
  </testcase>
  <testcase name="testMultipartUploadWithPartsMisMatchWithListSizeDifferent" classname="org.apache.hadoop.ozone.client.rpc.TestSecureOzoneRpcClient" time="0.011">
    <system-out><![CDATA[2025-10-20 19:51:42,371 [ForkJoinPool-1-worker-1] INFO  rpc.RpcClient (RpcClient.java:createVolume(461)) - Creating Volume: 878af31c-a29b-4f60-a446-25ed949fe600, with runner as owner and space quota set to -1 bytes, counts quota set to -1
2025-10-20 19:51:42,372 [om1-OMStateMachineApplyTransactionThread - 0] INFO  volume.OMVolumeCreateRequest (OMVolumeCreateRequest.java:validateAndUpdateCache(213)) - created volume:878af31c-a29b-4f60-a446-25ed949fe600 for user:runner
2025-10-20 19:51:42,373 | INFO  | OMAudit | user=runner | ip=127.0.0.1 | op=CREATE_VOLUME {"admin":"runner","owner":"runner","volume":"878af31c-a29b-4f60-a446-25ed949fe600","creationTime":"1760989902372","modificationTime":"1760989902372","quotaInBytes":"-1","quotaInNamespace":"-1","usedNamespace":"0","objectID":"-9223372036854393600","updateID":"1493","Transaction":"1493"} | ret=SUCCESS |  
2025-10-20 19:51:42,374 | INFO  | OMAudit | user=runner | ip=127.0.0.1 | op=READ_VOLUME {"volume":"878af31c-a29b-4f60-a446-25ed949fe600"} | ret=SUCCESS |  
2025-10-20 19:51:42,374 [ForkJoinPool-1-worker-1] INFO  rpc.RpcClient (RpcClient.java:createBucket(686)) - Creating Bucket: 878af31c-a29b-4f60-a446-25ed949fe600/4edbd86f-14d6-454a-9c03-a08fcd6c8da9, with server-side default bucket layout, runner as owner, Versioning false, Storage Type set to DISK and Encryption set to false, Replication Type set to server-side default replication type, Namespace Quota set to -1, Space Quota set to -1 
2025-10-20 19:51:42,375 [om1-OMStateMachineApplyTransactionThread - 0] INFO  bucket.OMBucketCreateRequest (OMBucketCreateRequest.java:validateAndUpdateCache(303)) - created bucket: 4edbd86f-14d6-454a-9c03-a08fcd6c8da9 of layout FILE_SYSTEM_OPTIMIZED in volume: 878af31c-a29b-4f60-a446-25ed949fe600
2025-10-20 19:51:42,375 | INFO  | OMAudit | user=runner | ip=127.0.0.1 | op=CREATE_BUCKET {"volume":"878af31c-a29b-4f60-a446-25ed949fe600","bucket":"4edbd86f-14d6-454a-9c03-a08fcd6c8da9","bucketLayout":"FILE_SYSTEM_OPTIMIZED","gdprEnabled":null,"acls":"[user:runner:a[ACCESS], group:runner:rl[ACCESS]]","isVersionEnabled":"false","storageType":"DISK","creationTime":"1760989902375","bucketEncryptionKey":null,"modificationTime":"1760989902375","usedBytes":"0","usedNamespace":"0","snapshotUsedBytes":"0","snapshotUsedNamespace":"0","owner":"runner","replicationType":null,"replicationConfig":null,"quotaInBytes":"-1","quotaInNamespace":"-1","Transaction":"1494"} | ret=SUCCESS |  
2025-10-20 19:51:42,376 [om1-OMDoubleBufferFlushThread] INFO  db.RDBCheckpointManager (RDBCheckpointManager.java:createCheckpoint(87)) - Created checkpoint in rocksDB at /home/runner/work/ozone/ozone/hadoop-ozone/integration-test/target/test-dir/MiniOzoneClusterImpl-6935df51-69ff-4c35-8bd4-ed2b81d70e54/om/data/db.snapshots/checkpointState/om.db-7407cf92-764a-4dbb-ba1e-5a8545973ec2 in 39 milliseconds
2025-10-20 19:51:42,376 | INFO  | OMAudit | user=runner | ip=127.0.0.1 | op=READ_BUCKET {"volume":"878af31c-a29b-4f60-a446-25ed949fe600","bucket":"4edbd86f-14d6-454a-9c03-a08fcd6c8da9"} | ret=SUCCESS |  
2025-10-20 19:51:42,378 | INFO  | OMAudit | user=runner | ip=127.0.0.1 | op=INITIATE_MULTIPART_UPLOAD {"volume":"878af31c-a29b-4f60-a446-25ed949fe600","bucket":"4edbd86f-14d6-454a-9c03-a08fcd6c8da9","key":"7930d8a4-daf4-494d-99f5-6931fb8d979e","dataSize":"0","replicationType":"RATIS","replicationFactor":"ONE","uploadID":"019a032d-7629-7e74-907c-65c7e7ee6ed5-115408234242179439","Transaction":"1495"} | ret=SUCCESS |  
2025-10-20 19:51:42,380 [om1-OMStateMachineApplyTransactionThread - 0] ERROR multipart.S3MultipartUploadCompleteRequest (S3MultipartUploadCompleteRequest.java:validateAndUpdateCache(275)) - Complete MultipartUpload failed for key /878af31c-a29b-4f60-a446-25ed949fe600/4edbd86f-14d6-454a-9c03-a08fcd6c8da9/7930d8a4-daf4-494d-99f5-6931fb8d979e , MPU Key has no parts in OM, parts given to upload are [partNumber: 1
partName: "c0ee42eb-7fe7-4a0d-a058-f1f30edf1d21"
eTag: "c0ee42eb-7fe7-4a0d-a058-f1f30edf1d21"
]
2025-10-20 19:51:42,380 [om1-OMStateMachineApplyTransactionThread - 0] ERROR multipart.S3MultipartUploadCompleteRequest (S3MultipartUploadCompleteRequest.java:logResult(444)) - MultipartUpload Complete request failed for Key: 7930d8a4-daf4-494d-99f5-6931fb8d979e in Volume/Bucket 878af31c-a29b-4f60-a446-25ed949fe600/4edbd86f-14d6-454a-9c03-a08fcd6c8da9
INVALID_PART org.apache.hadoop.ozone.om.exceptions.OMException: Complete Multipart Upload Failed: volume: 878af31c-a29b-4f60-a446-25ed949fe600 bucket: 4edbd86f-14d6-454a-9c03-a08fcd6c8da9 key: 7930d8a4-daf4-494d-99f5-6931fb8d979e
	at org.apache.hadoop.ozone.om.request.s3.multipart.S3MultipartUploadCompleteRequest.validateAndUpdateCache(S3MultipartUploadCompleteRequest.java:278)
	at org.apache.hadoop.ozone.protocolPB.OzoneManagerRequestHandler.lambda$0(OzoneManagerRequestHandler.java:418)
	at org.apache.hadoop.ozone.util.MetricUtil.captureLatencyNs(MetricUtil.java:45)
	at org.apache.hadoop.ozone.protocolPB.OzoneManagerRequestHandler.handleWriteRequestImpl(OzoneManagerRequestHandler.java:416)
	at org.apache.hadoop.ozone.protocolPB.RequestHandler.handleWriteRequest(RequestHandler.java:62)
	at org.apache.hadoop.ozone.om.ratis.OzoneManagerStateMachine.runCommand(OzoneManagerStateMachine.java:599)
	at org.apache.hadoop.ozone.om.ratis.OzoneManagerStateMachine.lambda$3(OzoneManagerStateMachine.java:415)
	at java.base/java.util.concurrent.CompletableFuture$AsyncSupply.run(CompletableFuture.java:1768)
	at java.base/java.util.concurrent.ThreadPoolExecutor.runWorker(ThreadPoolExecutor.java:1144)
	at java.base/java.util.concurrent.ThreadPoolExecutor$Worker.run(ThreadPoolExecutor.java:642)
	at java.base/java.lang.Thread.run(Thread.java:1583)
2025-10-20 19:51:42,381 | ERROR | OMAudit | user=runner | ip=127.0.0.1 | op=COMPLETE_MULTIPART_UPLOAD {"volume":"878af31c-a29b-4f60-a446-25ed949fe600","bucket":"4edbd86f-14d6-454a-9c03-a08fcd6c8da9","key":"7930d8a4-daf4-494d-99f5-6931fb8d979e","dataSize":"0","uploadID":"019a032d-7629-7e74-907c-65c7e7ee6ed5-115408234242179439","multipartList":"[partNumber: 1 partName: \"c0ee42eb-7fe7-4a0d-a058-f1f30edf1d21\" eTag: \"c0ee42eb-7fe7-4a0d-a058-f1f30edf1d21\" ]","Transaction":"1496"} | ret=FAILURE | 
org.apache.hadoop.ozone.om.exceptions.OMException: Complete Multipart Upload Failed: volume: 878af31c-a29b-4f60-a446-25ed949fe600 bucket: 4edbd86f-14d6-454a-9c03-a08fcd6c8da9 key: 7930d8a4-daf4-494d-99f5-6931fb8d979e
	at org.apache.hadoop.ozone.om.request.s3.multipart.S3MultipartUploadCompleteRequest.validateAndUpdateCache(S3MultipartUploadCompleteRequest.java:278)
	at org.apache.hadoop.ozone.protocolPB.OzoneManagerRequestHandler.lambda$0(OzoneManagerRequestHandler.java:418)
 
]]></system-out>
  </testcase>
  <testcase name="testMultipartUploadWithTags(ReplicationConfig)[1]" classname="org.apache.hadoop.ozone.client.rpc.TestSecureOzoneRpcClient" time="0.221">
    <system-out><![CDATA[2025-10-20 19:51:42,384 [ForkJoinPool-1-worker-1] INFO  rpc.RpcClient (RpcClient.java:createVolume(461)) - Creating Volume: 46bbf618-da4f-43c8-807b-2716913952d4, with runner as owner and space quota set to -1 bytes, counts quota set to -1
2025-10-20 19:51:42,386 [om1-OMStateMachineApplyTransactionThread - 0] INFO  volume.OMVolumeCreateRequest (OMVolumeCreateRequest.java:validateAndUpdateCache(213)) - created volume:46bbf618-da4f-43c8-807b-2716913952d4 for user:runner
2025-10-20 19:51:42,386 | INFO  | OMAudit | user=runner | ip=127.0.0.1 | op=CREATE_VOLUME {"admin":"runner","owner":"runner","volume":"46bbf618-da4f-43c8-807b-2716913952d4","creationTime":"1760989902385","modificationTime":"1760989902385","quotaInBytes":"-1","quotaInNamespace":"-1","usedNamespace":"0","objectID":"-9223372036854392576","updateID":"1497","Transaction":"1497"} | ret=SUCCESS |  
2025-10-20 19:51:42,387 | INFO  | OMAudit | user=runner | ip=127.0.0.1 | op=READ_VOLUME {"volume":"46bbf618-da4f-43c8-807b-2716913952d4"} | ret=SUCCESS |  
2025-10-20 19:51:42,388 [ForkJoinPool-1-worker-1] INFO  rpc.RpcClient (RpcClient.java:createBucket(686)) - Creating Bucket: 46bbf618-da4f-43c8-807b-2716913952d4/b8989276-2d30-43cc-b600-a6ed4516fb83, with bucket layout OBJECT_STORE, runner as owner, Versioning false, Storage Type set to DISK and Encryption set to false, Replication Type set to server-side default replication type, Namespace Quota set to -1, Space Quota set to -1 
2025-10-20 19:51:42,389 [om1-OMStateMachineApplyTransactionThread - 0] INFO  bucket.OMBucketCreateRequest (OMBucketCreateRequest.java:validateAndUpdateCache(303)) - created bucket: b8989276-2d30-43cc-b600-a6ed4516fb83 of layout OBJECT_STORE in volume: 46bbf618-da4f-43c8-807b-2716913952d4
2025-10-20 19:51:42,389 | INFO  | OMAudit | user=runner | ip=127.0.0.1 | op=CREATE_BUCKET {"volume":"46bbf618-da4f-43c8-807b-2716913952d4","bucket":"b8989276-2d30-43cc-b600-a6ed4516fb83","bucketLayout":"OBJECT_STORE","gdprEnabled":null,"acls":"[user:runner:a[ACCESS], group:runner:rl[ACCESS]]","isVersionEnabled":"false","storageType":"DISK","creationTime":"1760989902388","bucketEncryptionKey":null,"modificationTime":"1760989902388","usedBytes":"0","usedNamespace":"0","snapshotUsedBytes":"0","snapshotUsedNamespace":"0","owner":"runner","replicationType":null,"replicationConfig":null,"quotaInBytes":"-1","quotaInNamespace":"-1","Transaction":"1498"} | ret=SUCCESS |  
2025-10-20 19:51:42,390 | INFO  | OMAudit | user=runner | ip=127.0.0.1 | op=READ_BUCKET {"volume":"46bbf618-da4f-43c8-807b-2716913952d4","bucket":"b8989276-2d30-43cc-b600-a6ed4516fb83"} | ret=SUCCESS |  
2025-10-20 19:51:42,392 | INFO  | OMAudit | user=runner | ip=127.0.0.1 | op=INITIATE_MULTIPART_UPLOAD {"volume":"46bbf618-da4f-43c8-807b-2716913952d4","bucket":"b8989276-2d30-43cc-b600-a6ed4516fb83","key":"223d188a-fce4-4405-b48f-689ad27d48d8","dataSize":"0","replicationType":"RATIS","replicationFactor":"ONE","uploadID":"019a032d-7637-7803-9569-6bfb4e440cac-115408234243096944","Transaction":"1499"} | ret=SUCCESS |  
2025-10-20 19:51:42,398 | INFO  | OMAudit | user=runner | ip=127.0.0.1 | op=ALLOCATE_KEY {"volume":"46bbf618-da4f-43c8-807b-2716913952d4","bucket":"b8989276-2d30-43cc-b600-a6ed4516fb83","key":"223d188a-fce4-4405-b48f-689ad27d48d8","dataSize":"5242880","Transaction":"1500"} | ret=SUCCESS |  
2025-10-20 19:51:42,400 | INFO  | SCMAudit | user=runner | ip=127.0.0.1 | op=ALLOCATE_BLOCK {"replication":"RATIS/ONE","owner":"omServiceIdDefault","size":"4194304","sampleBlocks":"[conID: 7 locID: 115816896921600394]","num":"1","client":"","allocated":"1"} | ret=SUCCESS |  
2025-10-20 19:51:42,402 | INFO  | OMAudit | user=runner | ip=127.0.0.1 | op=ALLOCATE_BLOCK {"volume":"46bbf618-da4f-43c8-807b-2716913952d4","bucket":"b8989276-2d30-43cc-b600-a6ed4516fb83","key":"223d188a-fce4-4405-b48f-689ad27d48d8","dataSize":"5242880","replicationType":"RATIS","replicationFactor":"ONE","clientID":"115408234243424625","Transaction":"1501"} | ret=SUCCESS |  
2025-10-20 19:51:42,403 [om1-OMDoubleBufferFlushThread] INFO  om.OmSnapshotManager (OmSnapshotManager.java:createOmSnapshotCheckpoint(545)) - Created checkpoint: /home/runner/work/ozone/ozone/hadoop-ozone/integration-test/target/test-dir/MiniOzoneClusterImpl-6935df51-69ff-4c35-8bd4-ed2b81d70e54/om/data/db.snapshots/checkpointState/om.db-7407cf92-764a-4dbb-ba1e-5a8545973ec2 for snapshot /vol-b-47597/buc-b-16885/snapshot-b-4-32509
2025-10-20 19:51:42,424 | INFO  | SCMAudit | user=runner | ip=127.0.0.1 | op=ALLOCATE_BLOCK {"replication":"RATIS/ONE","owner":"omServiceIdDefault","size":"4194304","sampleBlocks":"[conID: 2 locID: 115816896921600395]","num":"1","client":"","allocated":"1"} | ret=SUCCESS |  
2025-10-20 19:51:42,427 | INFO  | OMAudit | user=runner | ip=127.0.0.1 | op=ALLOCATE_BLOCK {"volume":"46bbf618-da4f-43c8-807b-2716913952d4","bucket":"b8989276-2d30-43cc-b600-a6ed4516fb83","key":"223d188a-fce4-4405-b48f-689ad27d48d8","dataSize":"5242880","replicationType":"RATIS","replicationFactor":"ONE","clientID":"115408234243424625","Transaction":"1502"} | ret=SUCCESS |  
2025-10-20 19:51:42,445 | INFO  | SCMAudit | user=runner | ip=127.0.0.1 | op=SEND_HEARTBEAT {"datanodeUUID":"b614738c-cdff-4f09-bf59-ed5bb75d51be","term":"2","command":"[]"} | ret=SUCCESS |  
2025-10-20 19:51:42,446 | INFO  | OMAudit | user=runner | ip=127.0.0.1 | op=COMMIT_MULTIPART_UPLOAD_PARTKEY {"volume":"46bbf618-da4f-43c8-807b-2716913952d4","bucket":"b8989276-2d30-43cc-b600-a6ed4516fb83","key":"223d188a-fce4-4405-b48f-689ad27d48d8","dataSize":"5242880","ETag":"5ec9ae7549d12b830c2796d79d95cb39","uploadID":"019a032d-7637-7803-9569-6bfb4e440cac-115408234243096944","partNumber":"1","partName":"/46bbf618-da4f-43c8-807b-2716913952d4/b8989276-2d30-43cc-b600-a6ed4516fb83/223d188a-fce4-4405-b48f-689ad27d48d8-019a032d-7637-7803-9569-6bfb4e440cac-115408234243096944-1","Transaction":"1503"} | ret=SUCCESS |  
2025-10-20 19:51:42,447 | INFO  | SCMAudit | user=runner | ip=127.0.0.1 | op=SEND_HEARTBEAT {"datanodeUUID":"361055de-215b-4c6c-94c2-be1c1da118d1","term":"2","command":"[]"} | ret=SUCCESS |  
2025-10-20 19:51:42,449 | INFO  | OMAudit | user=runner | ip=127.0.0.1 | op=ALLOCATE_KEY {"volume":"46bbf618-da4f-43c8-807b-2716913952d4","bucket":"b8989276-2d30-43cc-b600-a6ed4516fb83","key":"223d188a-fce4-4405-b48f-689ad27d48d8","dataSize":"5242880","Transaction":"1504"} | ret=SUCCESS |  
2025-10-20 19:51:42,451 | INFO  | SCMAudit | user=runner | ip=127.0.0.1 | op=ALLOCATE_BLOCK {"replication":"RATIS/ONE","owner":"omServiceIdDefault","size":"4194304","sampleBlocks":"[conID: 11 locID: 115816896921600396]","num":"1","client":"","allocated":"1"} | ret=SUCCESS |  
2025-10-20 19:51:42,452 | INFO  | SCMAudit | user=runner | ip=127.0.0.1 | op=SEND_HEARTBEAT {"datanodeUUID":"38991c48-ffb3-4453-b758-77d6b4ebc62b","term":"2","command":"[]"} | ret=SUCCESS |  
2025-10-20 19:51:42,452 | INFO  | SCMAudit | user=runner | ip=127.0.0.1 | op=SEND_HEARTBEAT {"datanodeUUID":"c90bff1f-5a1f-42c6-8fca-9533d718c79a","term":"2","command":"[]"} | ret=SUCCESS |  
2025-10-20 19:51:42,453 | INFO  | OMAudit | user=runner | ip=127.0.0.1 | op=ALLOCATE_BLOCK {"volume":"46bbf618-da4f-43c8-807b-2716913952d4","bucket":"b8989276-2d30-43cc-b600-a6ed4516fb83","key":"223d188a-fce4-4405-b48f-689ad27d48d8","dataSize":"5242880","replicationType":"RATIS","replicationFactor":"ONE","clientID":"115408234246832498","Transaction":"1505"} | ret=SUCCESS |  
2025-10-20 19:51:42,455 [om1-OMDoubleBufferFlushThread] INFO  db.RDBCheckpointManager (RDBCheckpointManager.java:createCheckpoint(87)) - Created checkpoint in rocksDB at /home/runner/work/ozone/ozone/hadoop-ozone/integration-test/target/test-dir/MiniOzoneClusterImpl-6935df51-69ff-4c35-8bd4-ed2b81d70e54/om/data/db.snapshots/checkpointState/om.db-c68a8c37-390c-4deb-bc90-6523687aa172 in 49 milliseconds
2025-10-20 19:51:42,480 | INFO  | SCMAudit | user=runner | ip=127.0.0.1 | op=ALLOCATE_BLOCK {"replication":"RATIS/ONE","owner":"omServiceIdDefault","size":"4194304","sampleBlocks":"[conID: 12 locID: 115816896921600397]","num":"1","client":"","allocated":"1"} | ret=SUCCESS |  
2025-10-20 19:51:42,484 | INFO  | OMAudit | user=runner | ip=127.0.0.1 | op=ALLOCATE_BLOCK {"volume":"46bbf618-da4f-43c8-807b-2716913952d4","bucket":"b8989276-2d30-43cc-b600-a6ed4516fb83","key":"223d188a-fce4-4405-b48f-689ad27d48d8","dataSize":"5242880","replicationType":"RATIS","replicationFactor":"ONE","clientID":"115408234246832498","Transaction":"1506"} | ret=SUCCESS |  
2025-10-20 19:51:42,485 [om1-OMDoubleBufferFlushThread] INFO  om.OmSnapshotManager (OmSnapshotManager.java:createOmSnapshotCheckpoint(545)) - Created checkpoint: /home/runner/work/ozone/ozone/hadoop-ozone/integration-test/target/test-dir/MiniOzoneClusterImpl-6935df51-69ff-4c35-8bd4-ed2b81d70e54/om/data/db.snapshots/checkpointState/om.db-c68a8c37-390c-4deb-bc90-6523687aa172 for snapshot /vol-a-65386/buc-a-06236/snapshot-b-5-93446
2025-10-20 19:51:42,506 | INFO  | OMAudit | user=runner | ip=127.0.0.1 | op=COMMIT_MULTIPART_UPLOAD_PARTKEY {"volume":"46bbf618-da4f-43c8-807b-2716913952d4","bucket":"b8989276-2d30-43cc-b600-a6ed4516fb83","key":"223d188a-fce4-4405-b48f-689ad27d48d8","dataSize":"5242880","ETag":"5ec9ae7549d12b830c2796d79d95cb39","uploadID":"019a032d-7637-7803-9569-6bfb4e440cac-115408234243096944","partNumber":"2","partName":"/46bbf618-da4f-43c8-807b-2716913952d4/b8989276-2d30-43cc-b600-a6ed4516fb83/223d188a-fce4-4405-b48f-689ad27d48d8-019a032d-7637-7803-9569-6bfb4e440cac-115408234243096944-2","Transaction":"1507"} | ret=SUCCESS |  
2025-10-20 19:51:42,509 | INFO  | OMAudit | user=runner | ip=127.0.0.1 | op=ALLOCATE_KEY {"volume":"46bbf618-da4f-43c8-807b-2716913952d4","bucket":"b8989276-2d30-43cc-b600-a6ed4516fb83","key":"223d188a-fce4-4405-b48f-689ad27d48d8","dataSize":"36","Transaction":"1508"} | ret=SUCCESS |  
2025-10-20 19:51:42,511 | INFO  | SCMAudit | user=runner | ip=127.0.0.1 | op=ALLOCATE_BLOCK {"replication":"RATIS/ONE","owner":"omServiceIdDefault","size":"4194304","sampleBlocks":"[conID: 13 locID: 115816896921600398]","num":"1","client":"","allocated":"1"} | ret=SUCCESS |  
2025-10-20 19:51:42,513 | INFO  | OMAudit | user=runner | ip=127.0.0.1 | op=ALLOCATE_BLOCK {"volume":"46bbf618-da4f-43c8-807b-2716913952d4","bucket":"b8989276-2d30-43cc-b600-a6ed4516fb83","key":"223d188a-fce4-4405-b48f-689ad27d48d8","dataSize":"36","replicationType":"RATIS","replicationFactor":"ONE","clientID":"115408234250764659","Transaction":"1509"} | ret=SUCCESS |  
2025-10-20 19:51:42,521 | INFO  | OMAudit | user=runner | ip=127.0.0.1 | op=COMMIT_MULTIPART_UPLOAD_PARTKEY {"volume":"46bbf618-da4f-43c8-807b-2716913952d4","bucket":"b8989276-2d30-43cc-b600-a6ed4516fb83","key":"223d188a-fce4-4405-b48f-689ad27d48d8","dataSize":"36","ETag":"bf4820808797aa842790d8fa5c73f289","uploadID":"019a032d-7637-7803-9569-6bfb4e440cac-115408234243096944","partNumber":"3","partName":"/46bbf618-da4f-43c8-807b-2716913952d4/b8989276-2d30-43cc-b600-a6ed4516fb83/223d188a-fce4-4405-b48f-689ad27d48d8-019a032d-7637-7803-9569-6bfb4e440cac-115408234243096944-3","Transaction":"1510"} | ret=SUCCESS |  
2025-10-20 19:51:42,525 | INFO  | OMAudit | user=runner | ip=127.0.0.1 | op=COMPLETE_MULTIPART_UPLOAD {"volume":"46bbf618-da4f-43c8-807b-2716913952d4","bucket":"b8989276-2d30-43cc-b600-a6ed4516fb83","key":"223d188a-fce4-4405-b48f-689ad27d48d8","dataSize":"0","uploadID":"019a032d-7637-7803-9569-6bfb4e440cac-115408234243096944","multipartList":"[partNumber: 1 partName: \"5ec9ae7549d12b830c2796d79d95cb39\" eTag: \"5ec9ae7549d12b830c2796d79d95cb39\" , partNumber: 2 partName: \"5ec9ae7549d12b830c2796d79d95cb39\" eTag: \"5ec9ae7549d12b830c2796d79d95cb39\" , partNumber: 3 partName: \"bf4820808797aa842790d8fa5c73f289\" eTag: \"bf4820808797aa842790d8fa5c73f289\" ]","Transaction":"1511"} | ret=SUCCESS |  
2025-10-20 19:51:42,528 | INFO  | OMAudit | user=runner | ip=127.0.0.1 | op=READ_KEY {"volume":"46bbf618-da4f-43c8-807b-2716913952d4","bucket":"b8989276-2d30-43cc-b600-a6ed4516fb83","key":"223d188a-fce4-4405-b48f-689ad27d48d8","owner":null,"dataSize":"0","replicationConfig":null} | ret=SUCCESS |  
2025-10-20 19:51:42,535 [om1-OMDoubleBufferFlushThread] INFO  db.RDBCheckpointManager (RDBCheckpointManager.java:createCheckpoint(87)) - Created checkpoint in rocksDB at /home/runner/work/ozone/ozone/hadoop-ozone/integration-test/target/test-dir/MiniOzoneClusterImpl-6935df51-69ff-4c35-8bd4-ed2b81d70e54/om/data/db.snapshots/checkpointState/om.db-5790cfc0-ae32-4176-9cd5-29ca912fa9d9 in 46 milliseconds
2025-10-20 19:51:42,559 [om1-OMDoubleBufferFlushThread] INFO  om.OmSnapshotManager (OmSnapshotManager.java:createOmSnapshotCheckpoint(545)) - Created checkpoint: /home/runner/work/ozone/ozone/hadoop-ozone/integration-test/target/test-dir/MiniOzoneClusterImpl-6935df51-69ff-4c35-8bd4-ed2b81d70e54/om/data/db.snapshots/checkpointState/om.db-5790cfc0-ae32-4176-9cd5-29ca912fa9d9 for snapshot /vol-a-65386/buc-b-16885/snapshot-b-5-70066
2025-10-20 19:51:42,583 | INFO  | SCMAudit | user=runner | ip=127.0.0.1 | op=GET_CONTAINER_WITH_PIPELINE_BATCH {"containerIDs":"#2,#7,#11,#12,#13,"} | ret=SUCCESS |  
2025-10-20 19:51:42,584 | INFO  | OMAudit | user=null | ip= | op=READ_KEY {"volume":"46bbf618-da4f-43c8-807b-2716913952d4","bucket":"b8989276-2d30-43cc-b600-a6ed4516fb83","key":"223d188a-fce4-4405-b48f-689ad27d48d8","owner":null,"dataSize":"0","replicationConfig":null} | ret=SUCCESS |  
2025-10-20 19:51:42,585 | INFO  | SCMAudit | user=runner | ip=127.0.0.1 | op=GET_CONTAINER {"containerID":"7"} | ret=SUCCESS |  
2025-10-20 19:51:42,588 | INFO  | SCMAudit | user=runner | ip=127.0.0.1 | op=GET_CONTAINER {"containerID":"2"} | ret=SUCCESS |  
2025-10-20 19:51:42,590 | INFO  | SCMAudit | user=runner | ip=127.0.0.1 | op=GET_CONTAINER {"containerID":"11"} | ret=SUCCESS |  
2025-10-20 19:51:42,591 | INFO  | SCMAudit | user=runner | ip=127.0.0.1 | op=GET_CONTAINER {"containerID":"12"} | ret=SUCCESS |  
2025-10-20 19:51:42,592 | INFO  | SCMAudit | user=runner | ip=127.0.0.1 | op=GET_CONTAINER {"containerID":"13"} | ret=SUCCESS |  
2025-10-20 19:51:42,597 [om1-OMDoubleBufferFlushThread] INFO  db.RDBCheckpointManager (RDBCheckpointManager.java:createCheckpoint(87)) - Created checkpoint in rocksDB at /home/runner/work/ozone/ozone/hadoop-ozone/integration-test/target/test-dir/MiniOzoneClusterImpl-6935df51-69ff-4c35-8bd4-ed2b81d70e54/om/data/db.snapshots/checkpointState/om.db-4f572f2b-123d-4c35-9d73-8e929c6cdb9b in 35 milliseconds
]]></system-out>
  </testcase>
  <testcase name="testMultipartUploadWithTags(ReplicationConfig)[2]" classname="org.apache.hadoop.ozone.client.rpc.TestSecureOzoneRpcClient" time="0.256">
    <system-out><![CDATA[2025-10-20 19:51:42,606 [ForkJoinPool-1-worker-1] INFO  rpc.RpcClient (RpcClient.java:createVolume(461)) - Creating Volume: 69cf57fa-20cf-4c6a-96d1-98acbc7541b0, with runner as owner and space quota set to -1 bytes, counts quota set to -1
2025-10-20 19:51:42,608 [om1-OMStateMachineApplyTransactionThread - 0] INFO  volume.OMVolumeCreateRequest (OMVolumeCreateRequest.java:validateAndUpdateCache(213)) - created volume:69cf57fa-20cf-4c6a-96d1-98acbc7541b0 for user:runner
2025-10-20 19:51:42,608 | INFO  | OMAudit | user=runner | ip=127.0.0.1 | op=CREATE_VOLUME {"admin":"runner","owner":"runner","volume":"69cf57fa-20cf-4c6a-96d1-98acbc7541b0","creationTime":"1760989902607","modificationTime":"1760989902607","quotaInBytes":"-1","quotaInNamespace":"-1","usedNamespace":"0","objectID":"-9223372036854388736","updateID":"1512","Transaction":"1512"} | ret=SUCCESS |  
2025-10-20 19:51:42,609 | INFO  | OMAudit | user=runner | ip=127.0.0.1 | op=READ_VOLUME {"volume":"69cf57fa-20cf-4c6a-96d1-98acbc7541b0"} | ret=SUCCESS |  
2025-10-20 19:51:42,610 [ForkJoinPool-1-worker-1] INFO  rpc.RpcClient (RpcClient.java:createBucket(686)) - Creating Bucket: 69cf57fa-20cf-4c6a-96d1-98acbc7541b0/c86ca6e5-70d6-44cd-99ab-9f30ecec37a1, with bucket layout OBJECT_STORE, runner as owner, Versioning false, Storage Type set to DISK and Encryption set to false, Replication Type set to server-side default replication type, Namespace Quota set to -1, Space Quota set to -1 
2025-10-20 19:51:42,611 [om1-OMStateMachineApplyTransactionThread - 0] INFO  bucket.OMBucketCreateRequest (OMBucketCreateRequest.java:validateAndUpdateCache(303)) - created bucket: c86ca6e5-70d6-44cd-99ab-9f30ecec37a1 of layout OBJECT_STORE in volume: 69cf57fa-20cf-4c6a-96d1-98acbc7541b0
2025-10-20 19:51:42,611 | INFO  | OMAudit | user=runner | ip=127.0.0.1 | op=CREATE_BUCKET {"volume":"69cf57fa-20cf-4c6a-96d1-98acbc7541b0","bucket":"c86ca6e5-70d6-44cd-99ab-9f30ecec37a1","bucketLayout":"OBJECT_STORE","gdprEnabled":null,"acls":"[user:runner:a[ACCESS], group:runner:rl[ACCESS]]","isVersionEnabled":"false","storageType":"DISK","creationTime":"1760989902610","bucketEncryptionKey":null,"modificationTime":"1760989902610","usedBytes":"0","usedNamespace":"0","snapshotUsedBytes":"0","snapshotUsedNamespace":"0","owner":"runner","replicationType":null,"replicationConfig":null,"quotaInBytes":"-1","quotaInNamespace":"-1","Transaction":"1513"} | ret=SUCCESS |  
2025-10-20 19:51:42,612 | INFO  | OMAudit | user=runner | ip=127.0.0.1 | op=READ_BUCKET {"volume":"69cf57fa-20cf-4c6a-96d1-98acbc7541b0","bucket":"c86ca6e5-70d6-44cd-99ab-9f30ecec37a1"} | ret=SUCCESS |  
2025-10-20 19:51:42,614 | INFO  | OMAudit | user=runner | ip=127.0.0.1 | op=INITIATE_MULTIPART_UPLOAD {"volume":"69cf57fa-20cf-4c6a-96d1-98acbc7541b0","bucket":"c86ca6e5-70d6-44cd-99ab-9f30ecec37a1","key":"42ca2159-03e7-4d20-ba1b-e40b7cea82f2","dataSize":"0","replicationType":"RATIS","replicationFactor":"THREE","uploadID":"019a032d-7715-7fdc-a639-5bbd2ed8e39d-115408234257645940","Transaction":"1514"} | ret=SUCCESS |  
2025-10-20 19:51:42,618 | INFO  | OMAudit | user=runner | ip=127.0.0.1 | op=ALLOCATE_KEY {"volume":"69cf57fa-20cf-4c6a-96d1-98acbc7541b0","bucket":"c86ca6e5-70d6-44cd-99ab-9f30ecec37a1","key":"42ca2159-03e7-4d20-ba1b-e40b7cea82f2","dataSize":"5242880","Transaction":"1515"} | ret=SUCCESS |  
2025-10-20 19:51:42,619 [om1-OMDoubleBufferFlushThread] INFO  om.OmSnapshotManager (OmSnapshotManager.java:createOmSnapshotCheckpoint(545)) - Created checkpoint: /home/runner/work/ozone/ozone/hadoop-ozone/integration-test/target/test-dir/MiniOzoneClusterImpl-6935df51-69ff-4c35-8bd4-ed2b81d70e54/om/data/db.snapshots/checkpointState/om.db-4f572f2b-123d-4c35-9d73-8e929c6cdb9b for snapshot /vol-b-47597/buc-a-06236/snapshot-b-5-19593
2025-10-20 19:51:42,621 | INFO  | SCMAudit | user=runner | ip=127.0.0.1 | op=ALLOCATE_BLOCK {"replication":"RATIS/THREE","owner":"omServiceIdDefault","size":"4194304","sampleBlocks":"[conID: 16 locID: 115816896921600399]","num":"1","client":"","allocated":"1"} | ret=SUCCESS |  
2025-10-20 19:51:42,622 | INFO  | OMAudit | user=runner | ip=127.0.0.1 | op=ALLOCATE_BLOCK {"volume":"69cf57fa-20cf-4c6a-96d1-98acbc7541b0","bucket":"c86ca6e5-70d6-44cd-99ab-9f30ecec37a1","key":"42ca2159-03e7-4d20-ba1b-e40b7cea82f2","dataSize":"5242880","replicationType":"RATIS","replicationFactor":"THREE","clientID":"115408234257842549","Transaction":"1516"} | ret=SUCCESS |  
2025-10-20 19:51:42,651 | INFO  | SCMAudit | user=runner | ip=127.0.0.1 | op=SEND_HEARTBEAT {"datanodeUUID":"605be85e-a7f4-44d7-8cfd-f53001b990b0","term":"2","command":"[]"} | ret=SUCCESS |  
2025-10-20 19:51:42,652 | INFO  | SCMAudit | user=runner | ip=127.0.0.1 | op=SEND_HEARTBEAT {"datanodeUUID":"cc7fbe85-1d98-437b-84f9-04213fee10f0","term":"2","command":"[]"} | ret=SUCCESS |  
2025-10-20 19:51:42,652 | INFO  | SCMAudit | user=runner | ip=127.0.0.1 | op=SEND_HEARTBEAT {"datanodeUUID":"4f2bb3f5-0e03-4f1b-bb4c-79c91b98c7da","term":"2","command":"[]"} | ret=SUCCESS |  
2025-10-20 19:51:42,665 [om1-OMDoubleBufferFlushThread] INFO  db.RDBCheckpointManager (RDBCheckpointManager.java:createCheckpoint(87)) - Created checkpoint in rocksDB at /home/runner/work/ozone/ozone/hadoop-ozone/integration-test/target/test-dir/MiniOzoneClusterImpl-6935df51-69ff-4c35-8bd4-ed2b81d70e54/om/data/db.snapshots/checkpointState/om.db-6ab49e4b-9daf-4d11-b6a2-2409b5ccb31b in 44 milliseconds
2025-10-20 19:51:42,668 | INFO  | SCMAudit | user=runner | ip=127.0.0.1 | op=ALLOCATE_BLOCK {"replication":"RATIS/THREE","owner":"omServiceIdDefault","size":"4194304","sampleBlocks":"[conID: 20 locID: 115816896921600400]","num":"1","client":"","allocated":"1"} | ret=SUCCESS |  
2025-10-20 19:51:42,671 | INFO  | OMAudit | user=runner | ip=127.0.0.1 | op=ALLOCATE_BLOCK {"volume":"69cf57fa-20cf-4c6a-96d1-98acbc7541b0","bucket":"c86ca6e5-70d6-44cd-99ab-9f30ecec37a1","key":"42ca2159-03e7-4d20-ba1b-e40b7cea82f2","dataSize":"5242880","replicationType":"RATIS","replicationFactor":"THREE","clientID":"115408234257842549","Transaction":"1517"} | ret=SUCCESS |  
2025-10-20 19:51:42,692 | INFO  | OMAudit | user=runner | ip=127.0.0.1 | op=COMMIT_MULTIPART_UPLOAD_PARTKEY {"volume":"69cf57fa-20cf-4c6a-96d1-98acbc7541b0","bucket":"c86ca6e5-70d6-44cd-99ab-9f30ecec37a1","key":"42ca2159-03e7-4d20-ba1b-e40b7cea82f2","dataSize":"5242880","ETag":"5ec9ae7549d12b830c2796d79d95cb39","uploadID":"019a032d-7715-7fdc-a639-5bbd2ed8e39d-115408234257645940","partNumber":"1","partName":"/69cf57fa-20cf-4c6a-96d1-98acbc7541b0/c86ca6e5-70d6-44cd-99ab-9f30ecec37a1/42ca2159-03e7-4d20-ba1b-e40b7cea82f2-019a032d-7715-7fdc-a639-5bbd2ed8e39d-115408234257645940-1","Transaction":"1518"} | ret=SUCCESS |  
2025-10-20 19:51:42,695 [om1-OMDoubleBufferFlushThread] INFO  om.OmSnapshotManager (OmSnapshotManager.java:createOmSnapshotCheckpoint(545)) - Created checkpoint: /home/runner/work/ozone/ozone/hadoop-ozone/integration-test/target/test-dir/MiniOzoneClusterImpl-6935df51-69ff-4c35-8bd4-ed2b81d70e54/om/data/db.snapshots/checkpointState/om.db-6ab49e4b-9daf-4d11-b6a2-2409b5ccb31b for snapshot /vol-b-47597/buc-b-16885/snapshot-b-5-57967
2025-10-20 19:51:42,696 | INFO  | OMAudit | user=runner | ip=127.0.0.1 | op=ALLOCATE_KEY {"volume":"69cf57fa-20cf-4c6a-96d1-98acbc7541b0","bucket":"c86ca6e5-70d6-44cd-99ab-9f30ecec37a1","key":"42ca2159-03e7-4d20-ba1b-e40b7cea82f2","dataSize":"5242880","Transaction":"1519"} | ret=SUCCESS |  
2025-10-20 19:51:42,698 | INFO  | SCMAudit | user=runner | ip=127.0.0.1 | op=ALLOCATE_BLOCK {"replication":"RATIS/THREE","owner":"omServiceIdDefault","size":"4194304","sampleBlocks":"[conID: 14 locID: 115816896921600401]","num":"1","client":"","allocated":"1"} | ret=SUCCESS |  
2025-10-20 19:51:42,699 | INFO  | OMAudit | user=runner | ip=127.0.0.1 | op=ALLOCATE_BLOCK {"volume":"69cf57fa-20cf-4c6a-96d1-98acbc7541b0","bucket":"c86ca6e5-70d6-44cd-99ab-9f30ecec37a1","key":"42ca2159-03e7-4d20-ba1b-e40b7cea82f2","dataSize":"5242880","replicationType":"RATIS","replicationFactor":"THREE","clientID":"115408234262954358","Transaction":"1520"} | ret=SUCCESS |  
2025-10-20 19:51:42,731 | INFO  | SCMAudit | user=runner | ip=127.0.0.1 | op=SEND_HEARTBEAT {"datanodeUUID":"feb39a1c-80cb-4714-ab06-a361236e3029","term":"2","command":"[]"} | ret=SUCCESS |  
2025-10-20 19:51:42,738 | INFO  | SCMAudit | user=runner | ip=127.0.0.1 | op=ALLOCATE_BLOCK {"replication":"RATIS/THREE","owner":"omServiceIdDefault","size":"4194304","sampleBlocks":"[conID: 18 locID: 115816896921600402]","num":"1","client":"","allocated":"1"} | ret=SUCCESS |  
2025-10-20 19:51:42,740 | INFO  | OMAudit | user=runner | ip=127.0.0.1 | op=ALLOCATE_BLOCK {"volume":"69cf57fa-20cf-4c6a-96d1-98acbc7541b0","bucket":"c86ca6e5-70d6-44cd-99ab-9f30ecec37a1","key":"42ca2159-03e7-4d20-ba1b-e40b7cea82f2","dataSize":"5242880","replicationType":"RATIS","replicationFactor":"THREE","clientID":"115408234262954358","Transaction":"1521"} | ret=SUCCESS |  
2025-10-20 19:51:42,742 | INFO  | SCMAudit | user=runner | ip=127.0.0.1 | op=SEND_HEARTBEAT {"datanodeUUID":"e05592a5-d00f-4fc1-9e39-a968c1ecb04e","term":"2","command":"[]"} | ret=SUCCESS |  
2025-10-20 19:51:42,744 | INFO  | SCMAudit | user=runner | ip=127.0.0.1 | op=SEND_HEARTBEAT {"datanodeUUID":"33f74daf-be7a-4306-b2af-53e409c4cb93","term":"2","command":"[]"} | ret=SUCCESS |  
2025-10-20 19:51:42,748 [om1-OMDoubleBufferFlushThread] INFO  db.RDBCheckpointManager (RDBCheckpointManager.java:createCheckpoint(87)) - Created checkpoint in rocksDB at /home/runner/work/ozone/ozone/hadoop-ozone/integration-test/target/test-dir/MiniOzoneClusterImpl-6935df51-69ff-4c35-8bd4-ed2b81d70e54/om/data/db.snapshots/checkpointState/om.db-597e0906-99d0-463c-a5f3-b4b2b359fd3b in 50 milliseconds
2025-10-20 19:51:42,763 | INFO  | OMAudit | user=runner | ip=127.0.0.1 | op=COMMIT_MULTIPART_UPLOAD_PARTKEY {"volume":"69cf57fa-20cf-4c6a-96d1-98acbc7541b0","bucket":"c86ca6e5-70d6-44cd-99ab-9f30ecec37a1","key":"42ca2159-03e7-4d20-ba1b-e40b7cea82f2","dataSize":"5242880","ETag":"5ec9ae7549d12b830c2796d79d95cb39","uploadID":"019a032d-7715-7fdc-a639-5bbd2ed8e39d-115408234257645940","partNumber":"2","partName":"/69cf57fa-20cf-4c6a-96d1-98acbc7541b0/c86ca6e5-70d6-44cd-99ab-9f30ecec37a1/42ca2159-03e7-4d20-ba1b-e40b7cea82f2-019a032d-7715-7fdc-a639-5bbd2ed8e39d-115408234257645940-2","Transaction":"1522"} | ret=SUCCESS |  
2025-10-20 19:51:42,768 | INFO  | OMAudit | user=runner | ip=127.0.0.1 | op=ALLOCATE_KEY {"volume":"69cf57fa-20cf-4c6a-96d1-98acbc7541b0","bucket":"c86ca6e5-70d6-44cd-99ab-9f30ecec37a1","key":"42ca2159-03e7-4d20-ba1b-e40b7cea82f2","dataSize":"36","Transaction":"1523"} | ret=SUCCESS |  
2025-10-20 19:51:42,770 | INFO  | SCMAudit | user=runner | ip=127.0.0.1 | op=ALLOCATE_BLOCK {"replication":"RATIS/THREE","owner":"omServiceIdDefault","size":"4194304","sampleBlocks":"[conID: 14 locID: 115816896921600403]","num":"1","client":"","allocated":"1"} | ret=SUCCESS |  
2025-10-20 19:51:42,772 | INFO  | OMAudit | user=runner | ip=127.0.0.1 | op=ALLOCATE_BLOCK {"volume":"69cf57fa-20cf-4c6a-96d1-98acbc7541b0","bucket":"c86ca6e5-70d6-44cd-99ab-9f30ecec37a1","key":"42ca2159-03e7-4d20-ba1b-e40b7cea82f2","dataSize":"36","replicationType":"RATIS","replicationFactor":"THREE","clientID":"115408234267672951","Transaction":"1524"} | ret=SUCCESS |  
2025-10-20 19:51:42,783 [om1-OMDoubleBufferFlushThread] INFO  om.OmSnapshotManager (OmSnapshotManager.java:createOmSnapshotCheckpoint(545)) - Created checkpoint: /home/runner/work/ozone/ozone/hadoop-ozone/integration-test/target/test-dir/MiniOzoneClusterImpl-6935df51-69ff-4c35-8bd4-ed2b81d70e54/om/data/db.snapshots/checkpointState/om.db-597e0906-99d0-463c-a5f3-b4b2b359fd3b for snapshot /vol-a-65386/buc-a-06236/snapshot-b-6-41983
2025-10-20 19:51:42,783 | INFO  | OMAudit | user=runner | ip=127.0.0.1 | op=COMMIT_MULTIPART_UPLOAD_PARTKEY {"volume":"69cf57fa-20cf-4c6a-96d1-98acbc7541b0","bucket":"c86ca6e5-70d6-44cd-99ab-9f30ecec37a1","key":"42ca2159-03e7-4d20-ba1b-e40b7cea82f2","dataSize":"36","ETag":"a9ad8c17c80b16edca3cd6b3dcc5e1df","uploadID":"019a032d-7715-7fdc-a639-5bbd2ed8e39d-115408234257645940","partNumber":"3","partName":"/69cf57fa-20cf-4c6a-96d1-98acbc7541b0/c86ca6e5-70d6-44cd-99ab-9f30ecec37a1/42ca2159-03e7-4d20-ba1b-e40b7cea82f2-019a032d-7715-7fdc-a639-5bbd2ed8e39d-115408234257645940-3","Transaction":"1525"} | ret=SUCCESS |  
2025-10-20 19:51:42,787 | INFO  | OMAudit | user=runner | ip=127.0.0.1 | op=COMPLETE_MULTIPART_UPLOAD {"volume":"69cf57fa-20cf-4c6a-96d1-98acbc7541b0","bucket":"c86ca6e5-70d6-44cd-99ab-9f30ecec37a1","key":"42ca2159-03e7-4d20-ba1b-e40b7cea82f2","dataSize":"0","uploadID":"019a032d-7715-7fdc-a639-5bbd2ed8e39d-115408234257645940","multipartList":"[partNumber: 1 partName: \"5ec9ae7549d12b830c2796d79d95cb39\" eTag: \"5ec9ae7549d12b830c2796d79d95cb39\" , partNumber: 2 partName: \"5ec9ae7549d12b830c2796d79d95cb39\" eTag: \"5ec9ae7549d12b830c2796d79d95cb39\" , partNumber: 3 partName: \"a9ad8c17c80b16edca3cd6b3dcc5e1df\" eTag: \"a9ad8c17c80b16edca3cd6b3dcc5e1df\" ]","Transaction":"1526"} | ret=SUCCESS |  
2025-10-20 19:51:42,791 | INFO  | OMAudit | user=runner | ip=127.0.0.1 | op=READ_KEY {"volume":"69cf57fa-20cf-4c6a-96d1-98acbc7541b0","bucket":"c86ca6e5-70d6-44cd-99ab-9f30ecec37a1","key":"42ca2159-03e7-4d20-ba1b-e40b7cea82f2","owner":null,"dataSize":"0","replicationConfig":null} | ret=SUCCESS |  
2025-10-20 19:51:42,825 [om1-OMDoubleBufferFlushThread] INFO  db.RDBCheckpointManager (RDBCheckpointManager.java:createCheckpoint(87)) - Created checkpoint in rocksDB at /home/runner/work/ozone/ozone/hadoop-ozone/integration-test/target/test-dir/MiniOzoneClusterImpl-6935df51-69ff-4c35-8bd4-ed2b81d70e54/om/data/db.snapshots/checkpointState/om.db-e2a82eb8-906a-4e0f-bdbe-7665cdf6da47 in 40 milliseconds
2025-10-20 19:51:42,844 | INFO  | SCMAudit | user=runner | ip=127.0.0.1 | op=GET_CONTAINER_WITH_PIPELINE_BATCH {"containerIDs":"#16,#18,#20,#14,"} | ret=SUCCESS |  
2025-10-20 19:51:42,845 | INFO  | OMAudit | user=null | ip= | op=READ_KEY {"volume":"69cf57fa-20cf-4c6a-96d1-98acbc7541b0","bucket":"c86ca6e5-70d6-44cd-99ab-9f30ecec37a1","key":"42ca2159-03e7-4d20-ba1b-e40b7cea82f2","owner":null,"dataSize":"0","replicationConfig":null} | ret=SUCCESS |  
2025-10-20 19:51:42,846 | INFO  | SCMAudit | user=runner | ip=127.0.0.1 | op=GET_CONTAINER {"containerID":"16"} | ret=SUCCESS |  
2025-10-20 19:51:42,846 | INFO  | SCMAudit | user=runner | ip=127.0.0.1 | op=SEND_HEARTBEAT {"datanodeUUID":"d7d8cf72-b9f6-4979-9c53-007dd6e6e48a","term":"2","command":"[]"} | ret=SUCCESS |  
2025-10-20 19:51:42,847 | INFO  | SCMAudit | user=runner | ip=127.0.0.1 | op=GET_CONTAINER {"containerID":"20"} | ret=SUCCESS |  
2025-10-20 19:51:42,848 | INFO  | SCMAudit | user=runner | ip=127.0.0.1 | op=GET_CONTAINER {"containerID":"14"} | ret=SUCCESS |  
2025-10-20 19:51:42,848 | INFO  | SCMAudit | user=runner | ip=127.0.0.1 | op=GET_CONTAINER {"containerID":"18"} | ret=SUCCESS |  
2025-10-20 19:51:42,849 | INFO  | SCMAudit | user=runner | ip=127.0.0.1 | op=GET_CONTAINER {"containerID":"14"} | ret=SUCCESS |  
2025-10-20 19:51:42,850 [om1-OMDoubleBufferFlushThread] INFO  om.OmSnapshotManager (OmSnapshotManager.java:createOmSnapshotCheckpoint(545)) - Created checkpoint: /home/runner/work/ozone/ozone/hadoop-ozone/integration-test/target/test-dir/MiniOzoneClusterImpl-6935df51-69ff-4c35-8bd4-ed2b81d70e54/om/data/db.snapshots/checkpointState/om.db-e2a82eb8-906a-4e0f-bdbe-7665cdf6da47 for snapshot /vol-a-65386/buc-b-16885/snapshot-b-6-65024
]]></system-out>
  </testcase>
  <testcase name="testMultipartUploadWithTags(ReplicationConfig)[3]" classname="org.apache.hadoop.ozone.client.rpc.TestSecureOzoneRpcClient" time="0.27">
    <system-out><![CDATA[2025-10-20 19:51:42,864 [ForkJoinPool-1-worker-1] INFO  rpc.RpcClient (RpcClient.java:createVolume(461)) - Creating Volume: f72fa92c-3871-4544-9589-e21438303d07, with runner as owner and space quota set to -1 bytes, counts quota set to -1
2025-10-20 19:51:42,866 [om1-OMStateMachineApplyTransactionThread - 0] INFO  volume.OMVolumeCreateRequest (OMVolumeCreateRequest.java:validateAndUpdateCache(213)) - created volume:f72fa92c-3871-4544-9589-e21438303d07 for user:runner
2025-10-20 19:51:42,867 | INFO  | OMAudit | user=runner | ip=127.0.0.1 | op=CREATE_VOLUME {"admin":"runner","owner":"runner","volume":"f72fa92c-3871-4544-9589-e21438303d07","creationTime":"1760989902865","modificationTime":"1760989902865","quotaInBytes":"-1","quotaInNamespace":"-1","usedNamespace":"0","objectID":"-9223372036854384896","updateID":"1527","Transaction":"1527"} | ret=SUCCESS |  
2025-10-20 19:51:42,868 | INFO  | OMAudit | user=runner | ip=127.0.0.1 | op=READ_VOLUME {"volume":"f72fa92c-3871-4544-9589-e21438303d07"} | ret=SUCCESS |  
2025-10-20 19:51:42,869 [ForkJoinPool-1-worker-1] INFO  rpc.RpcClient (RpcClient.java:createBucket(686)) - Creating Bucket: f72fa92c-3871-4544-9589-e21438303d07/25745f69-271b-467f-a701-960b47168b5d, with bucket layout OBJECT_STORE, runner as owner, Versioning false, Storage Type set to DISK and Encryption set to false, Replication Type set to server-side default replication type, Namespace Quota set to -1, Space Quota set to -1 
2025-10-20 19:51:42,871 [om1-OMStateMachineApplyTransactionThread - 0] INFO  bucket.OMBucketCreateRequest (OMBucketCreateRequest.java:validateAndUpdateCache(303)) - created bucket: 25745f69-271b-467f-a701-960b47168b5d of layout OBJECT_STORE in volume: f72fa92c-3871-4544-9589-e21438303d07
2025-10-20 19:51:42,871 | INFO  | OMAudit | user=runner | ip=127.0.0.1 | op=CREATE_BUCKET {"volume":"f72fa92c-3871-4544-9589-e21438303d07","bucket":"25745f69-271b-467f-a701-960b47168b5d","bucketLayout":"OBJECT_STORE","gdprEnabled":null,"acls":"[user:runner:a[ACCESS], group:runner:rl[ACCESS]]","isVersionEnabled":"false","storageType":"DISK","creationTime":"1760989902870","bucketEncryptionKey":null,"modificationTime":"1760989902870","usedBytes":"0","usedNamespace":"0","snapshotUsedBytes":"0","snapshotUsedNamespace":"0","owner":"runner","replicationType":null,"replicationConfig":null,"quotaInBytes":"-1","quotaInNamespace":"-1","Transaction":"1528"} | ret=SUCCESS |  
2025-10-20 19:51:42,872 | INFO  | OMAudit | user=runner | ip=127.0.0.1 | op=READ_BUCKET {"volume":"f72fa92c-3871-4544-9589-e21438303d07","bucket":"25745f69-271b-467f-a701-960b47168b5d"} | ret=SUCCESS |  
2025-10-20 19:51:42,875 | INFO  | OMAudit | user=runner | ip=127.0.0.1 | op=INITIATE_MULTIPART_UPLOAD {"volume":"f72fa92c-3871-4544-9589-e21438303d07","bucket":"25745f69-271b-467f-a701-960b47168b5d","key":"ea404e68-fbd4-4efc-9499-7c89f373ac72","dataSize":"0","replicationType":"EC","replicationConfig":"rs-3-2-1048576","uploadID":"019a032d-781a-7b9e-b287-2bede1ceb47b-115408234274750840","Transaction":"1529"} | ret=SUCCESS |  
2025-10-20 19:51:42,880 | INFO  | OMAudit | user=runner | ip=127.0.0.1 | op=ALLOCATE_KEY {"volume":"f72fa92c-3871-4544-9589-e21438303d07","bucket":"25745f69-271b-467f-a701-960b47168b5d","key":"ea404e68-fbd4-4efc-9499-7c89f373ac72","dataSize":"5242880","Transaction":"1530"} | ret=SUCCESS |  
2025-10-20 19:51:42,885 [om1-OMDoubleBufferFlushThread] INFO  db.RDBCheckpointManager (RDBCheckpointManager.java:createCheckpoint(87)) - Created checkpoint in rocksDB at /home/runner/work/ozone/ozone/hadoop-ozone/integration-test/target/test-dir/MiniOzoneClusterImpl-6935df51-69ff-4c35-8bd4-ed2b81d70e54/om/data/db.snapshots/checkpointState/om.db-ff68ecc6-f874-4631-8ab1-a68f4bcbbd4c in 33 milliseconds
2025-10-20 19:51:42,889 | INFO  | SCMAudit | user=runner | ip=127.0.0.1 | op=ALLOCATE_BLOCK {"replication":"EC{rs-3-2-1024k}","owner":"omServiceIdDefault","size":"4194304","sampleBlocks":"[conID: 25 locID: 115816896921600404]","num":"1","client":"","allocated":"1"} | ret=SUCCESS |  
2025-10-20 19:51:42,891 | INFO  | OMAudit | user=runner | ip=127.0.0.1 | op=ALLOCATE_BLOCK {"volume":"f72fa92c-3871-4544-9589-e21438303d07","bucket":"25745f69-271b-467f-a701-960b47168b5d","key":"ea404e68-fbd4-4efc-9499-7c89f373ac72","dataSize":"5242880","replicationType":"EC","replicationConfig":"rs-3-2-1048576","clientID":"115408234275078521","Transaction":"1531"} | ret=SUCCESS |  
2025-10-20 19:51:42,918 [om1-OMDoubleBufferFlushThread] INFO  om.OmSnapshotManager (OmSnapshotManager.java:createOmSnapshotCheckpoint(545)) - Created checkpoint: /home/runner/work/ozone/ozone/hadoop-ozone/integration-test/target/test-dir/MiniOzoneClusterImpl-6935df51-69ff-4c35-8bd4-ed2b81d70e54/om/data/db.snapshots/checkpointState/om.db-ff68ecc6-f874-4631-8ab1-a68f4bcbbd4c for snapshot /vol-b-47597/buc-a-06236/snapshot-b-6-10522
2025-10-20 19:51:42,924 | INFO  | OMAudit | user=runner | ip=127.0.0.1 | op=COMMIT_MULTIPART_UPLOAD_PARTKEY {"volume":"f72fa92c-3871-4544-9589-e21438303d07","bucket":"25745f69-271b-467f-a701-960b47168b5d","key":"ea404e68-fbd4-4efc-9499-7c89f373ac72","dataSize":"5242880","ETag":"5ec9ae7549d12b830c2796d79d95cb39","uploadID":"019a032d-781a-7b9e-b287-2bede1ceb47b-115408234274750840","partNumber":"1","partName":"/f72fa92c-3871-4544-9589-e21438303d07/25745f69-271b-467f-a701-960b47168b5d/ea404e68-fbd4-4efc-9499-7c89f373ac72-019a032d-781a-7b9e-b287-2bede1ceb47b-115408234274750840-1","Transaction":"1532"} | ret=SUCCESS |  
2025-10-20 19:51:42,929 | INFO  | OMAudit | user=runner | ip=127.0.0.1 | op=ALLOCATE_KEY {"volume":"f72fa92c-3871-4544-9589-e21438303d07","bucket":"25745f69-271b-467f-a701-960b47168b5d","key":"ea404e68-fbd4-4efc-9499-7c89f373ac72","dataSize":"5242880","Transaction":"1533"} | ret=SUCCESS |  
2025-10-20 19:51:42,941 | INFO  | SCMAudit | user=runner | ip=127.0.0.1 | op=ALLOCATE_BLOCK {"replication":"EC{rs-3-2-1024k}","owner":"omServiceIdDefault","size":"4194304","sampleBlocks":"[conID: 24 locID: 115816896921600405]","num":"1","client":"","allocated":"1"} | ret=SUCCESS |  
2025-10-20 19:51:42,946 | INFO  | OMAudit | user=runner | ip=127.0.0.1 | op=ALLOCATE_BLOCK {"volume":"f72fa92c-3871-4544-9589-e21438303d07","bucket":"25745f69-271b-467f-a701-960b47168b5d","key":"ea404e68-fbd4-4efc-9499-7c89f373ac72","dataSize":"5242880","replicationType":"EC","replicationConfig":"rs-3-2-1048576","clientID":"115408234278158714","Transaction":"1534"} | ret=SUCCESS |  
2025-10-20 19:51:42,954 [om1-OMDoubleBufferFlushThread] INFO  db.RDBCheckpointManager (RDBCheckpointManager.java:createCheckpoint(87)) - Created checkpoint in rocksDB at /home/runner/work/ozone/ozone/hadoop-ozone/integration-test/target/test-dir/MiniOzoneClusterImpl-6935df51-69ff-4c35-8bd4-ed2b81d70e54/om/data/db.snapshots/checkpointState/om.db-3c46cb8c-1616-44be-ae3d-b25c0a99113c in 34 milliseconds
2025-10-20 19:51:42,979 | INFO  | OMAudit | user=runner | ip=127.0.0.1 | op=COMMIT_MULTIPART_UPLOAD_PARTKEY {"volume":"f72fa92c-3871-4544-9589-e21438303d07","bucket":"25745f69-271b-467f-a701-960b47168b5d","key":"ea404e68-fbd4-4efc-9499-7c89f373ac72","dataSize":"5242880","ETag":"5ec9ae7549d12b830c2796d79d95cb39","uploadID":"019a032d-781a-7b9e-b287-2bede1ceb47b-115408234274750840","partNumber":"2","partName":"/f72fa92c-3871-4544-9589-e21438303d07/25745f69-271b-467f-a701-960b47168b5d/ea404e68-fbd4-4efc-9499-7c89f373ac72-019a032d-781a-7b9e-b287-2bede1ceb47b-115408234274750840-2","Transaction":"1535"} | ret=SUCCESS |  
2025-10-20 19:51:42,982 | INFO  | OMAudit | user=runner | ip=127.0.0.1 | op=ALLOCATE_KEY {"volume":"f72fa92c-3871-4544-9589-e21438303d07","bucket":"25745f69-271b-467f-a701-960b47168b5d","key":"ea404e68-fbd4-4efc-9499-7c89f373ac72","dataSize":"36","Transaction":"1536"} | ret=SUCCESS |  
2025-10-20 19:51:42,985 | INFO  | SCMAudit | user=runner | ip=127.0.0.1 | op=ALLOCATE_BLOCK {"replication":"EC{rs-3-2-1024k}","owner":"omServiceIdDefault","size":"4194304","sampleBlocks":"[conID: 26 locID: 115816896921600406]","num":"1","client":"","allocated":"1"} | ret=SUCCESS |  
2025-10-20 19:51:42,987 | INFO  | OMAudit | user=runner | ip=127.0.0.1 | op=ALLOCATE_BLOCK {"volume":"f72fa92c-3871-4544-9589-e21438303d07","bucket":"25745f69-271b-467f-a701-960b47168b5d","key":"ea404e68-fbd4-4efc-9499-7c89f373ac72","dataSize":"36","replicationType":"EC","replicationConfig":"rs-3-2-1048576","clientID":"115408234281763195","Transaction":"1537"} | ret=SUCCESS |  
2025-10-20 19:51:42,990 [om1-OMDoubleBufferFlushThread] INFO  om.OmSnapshotManager (OmSnapshotManager.java:createOmSnapshotCheckpoint(545)) - Created checkpoint: /home/runner/work/ozone/ozone/hadoop-ozone/integration-test/target/test-dir/MiniOzoneClusterImpl-6935df51-69ff-4c35-8bd4-ed2b81d70e54/om/data/db.snapshots/checkpointState/om.db-3c46cb8c-1616-44be-ae3d-b25c0a99113c for snapshot /vol-b-47597/buc-b-16885/snapshot-b-6-63251
2025-10-20 19:51:43,005 | INFO  | OMAudit | user=runner | ip=127.0.0.1 | op=COMMIT_MULTIPART_UPLOAD_PARTKEY {"volume":"f72fa92c-3871-4544-9589-e21438303d07","bucket":"25745f69-271b-467f-a701-960b47168b5d","key":"ea404e68-fbd4-4efc-9499-7c89f373ac72","dataSize":"36","ETag":"f9a0c9a36bbb1c31c90e0b07dca1143b","uploadID":"019a032d-781a-7b9e-b287-2bede1ceb47b-115408234274750840","partNumber":"3","partName":"/f72fa92c-3871-4544-9589-e21438303d07/25745f69-271b-467f-a701-960b47168b5d/ea404e68-fbd4-4efc-9499-7c89f373ac72-019a032d-781a-7b9e-b287-2bede1ceb47b-115408234274750840-3","Transaction":"1538"} | ret=SUCCESS |  
2025-10-20 19:51:43,011 | INFO  | OMAudit | user=runner | ip=127.0.0.1 | op=COMPLETE_MULTIPART_UPLOAD {"volume":"f72fa92c-3871-4544-9589-e21438303d07","bucket":"25745f69-271b-467f-a701-960b47168b5d","key":"ea404e68-fbd4-4efc-9499-7c89f373ac72","dataSize":"0","uploadID":"019a032d-781a-7b9e-b287-2bede1ceb47b-115408234274750840","multipartList":"[partNumber: 1 partName: \"5ec9ae7549d12b830c2796d79d95cb39\" eTag: \"5ec9ae7549d12b830c2796d79d95cb39\" , partNumber: 2 partName: \"5ec9ae7549d12b830c2796d79d95cb39\" eTag: \"5ec9ae7549d12b830c2796d79d95cb39\" , partNumber: 3 partName: \"f9a0c9a36bbb1c31c90e0b07dca1143b\" eTag: \"f9a0c9a36bbb1c31c90e0b07dca1143b\" ]","Transaction":"1539"} | ret=SUCCESS |  
2025-10-20 19:51:43,013 | INFO  | OMAudit | user=runner | ip=127.0.0.1 | op=READ_KEY {"volume":"f72fa92c-3871-4544-9589-e21438303d07","bucket":"25745f69-271b-467f-a701-960b47168b5d","key":"ea404e68-fbd4-4efc-9499-7c89f373ac72","owner":null,"dataSize":"0","replicationConfig":null} | ret=SUCCESS |  
2025-10-20 19:51:43,043 [om1-OMDoubleBufferFlushThread] INFO  db.RDBCheckpointManager (RDBCheckpointManager.java:createCheckpoint(87)) - Created checkpoint in rocksDB at /home/runner/work/ozone/ozone/hadoop-ozone/integration-test/target/test-dir/MiniOzoneClusterImpl-6935df51-69ff-4c35-8bd4-ed2b81d70e54/om/data/db.snapshots/checkpointState/om.db-0dddb77b-514e-4a3e-b363-75479765b6dc in 51 milliseconds
2025-10-20 19:51:43,088 [om1-OMDoubleBufferFlushThread] INFO  om.OmSnapshotManager (OmSnapshotManager.java:createOmSnapshotCheckpoint(545)) - Created checkpoint: /home/runner/work/ozone/ozone/hadoop-ozone/integration-test/target/test-dir/MiniOzoneClusterImpl-6935df51-69ff-4c35-8bd4-ed2b81d70e54/om/data/db.snapshots/checkpointState/om.db-0dddb77b-514e-4a3e-b363-75479765b6dc for snapshot /vol-a-65386/buc-a-06236/snapshot-b-7-77365
2025-10-20 19:51:43,115 | INFO  | SCMAudit | user=runner | ip=127.0.0.1 | op=GET_CONTAINER_WITH_PIPELINE_BATCH {"containerIDs":"#24,#25,#26,"} | ret=SUCCESS |  
2025-10-20 19:51:43,117 | INFO  | OMAudit | user=null | ip= | op=READ_KEY {"volume":"f72fa92c-3871-4544-9589-e21438303d07","bucket":"25745f69-271b-467f-a701-960b47168b5d","key":"ea404e68-fbd4-4efc-9499-7c89f373ac72","owner":null,"dataSize":"0","replicationConfig":null} | ret=SUCCESS |  
2025-10-20 19:51:43,118 | INFO  | SCMAudit | user=runner | ip=127.0.0.1 | op=GET_CONTAINER {"containerID":"25"} | ret=SUCCESS |  
2025-10-20 19:51:43,119 | INFO  | SCMAudit | user=runner | ip=127.0.0.1 | op=GET_CONTAINER {"containerID":"24"} | ret=SUCCESS |  
2025-10-20 19:51:43,120 | INFO  | SCMAudit | user=runner | ip=127.0.0.1 | op=GET_CONTAINER {"containerID":"26"} | ret=SUCCESS |  
2025-10-20 19:51:43,131 [om1-OMDoubleBufferFlushThread] INFO  db.RDBCheckpointManager (RDBCheckpointManager.java:createCheckpoint(87)) - Created checkpoint in rocksDB at /home/runner/work/ozone/ozone/hadoop-ozone/integration-test/target/test-dir/MiniOzoneClusterImpl-6935df51-69ff-4c35-8bd4-ed2b81d70e54/om/data/db.snapshots/checkpointState/om.db-e72b56b4-5b5e-41a3-be45-9cafae72e0e7 in 40 milliseconds
]]></system-out>
  </testcase>
  <testcase name="testMultipartUploadWithTags(BucketLayout)[1]" classname="org.apache.hadoop.ozone.client.rpc.TestSecureOzoneRpcClient" time="0.307">
    <system-out><![CDATA[2025-10-20 19:51:43,136 [ForkJoinPool-1-worker-1] INFO  rpc.RpcClient (RpcClient.java:createVolume(461)) - Creating Volume: f17aa830-7009-4b5d-a539-397905e94fc1, with runner as owner and space quota set to -1 bytes, counts quota set to -1
2025-10-20 19:51:43,139 [om1-OMStateMachineApplyTransactionThread - 0] INFO  volume.OMVolumeCreateRequest (OMVolumeCreateRequest.java:validateAndUpdateCache(213)) - created volume:f17aa830-7009-4b5d-a539-397905e94fc1 for user:runner
2025-10-20 19:51:43,139 | INFO  | OMAudit | user=runner | ip=127.0.0.1 | op=CREATE_VOLUME {"admin":"runner","owner":"runner","volume":"f17aa830-7009-4b5d-a539-397905e94fc1","creationTime":"1760989903137","modificationTime":"1760989903137","quotaInBytes":"-1","quotaInNamespace":"-1","usedNamespace":"0","objectID":"-9223372036854381568","updateID":"1540","Transaction":"1540"} | ret=SUCCESS |  
2025-10-20 19:51:43,140 | INFO  | OMAudit | user=runner | ip=127.0.0.1 | op=READ_VOLUME {"volume":"f17aa830-7009-4b5d-a539-397905e94fc1"} | ret=SUCCESS |  
2025-10-20 19:51:43,141 [ForkJoinPool-1-worker-1] INFO  rpc.RpcClient (RpcClient.java:createBucket(686)) - Creating Bucket: f17aa830-7009-4b5d-a539-397905e94fc1/4b1bd626-42fd-4201-9b3c-8c92d7fab1da, with bucket layout OBJECT_STORE, runner as owner, Versioning false, Storage Type set to DISK and Encryption set to false, Replication Type set to server-side default replication type, Namespace Quota set to -1, Space Quota set to -1 
2025-10-20 19:51:43,143 [om1-OMStateMachineApplyTransactionThread - 0] INFO  bucket.OMBucketCreateRequest (OMBucketCreateRequest.java:validateAndUpdateCache(303)) - created bucket: 4b1bd626-42fd-4201-9b3c-8c92d7fab1da of layout OBJECT_STORE in volume: f17aa830-7009-4b5d-a539-397905e94fc1
2025-10-20 19:51:43,143 | INFO  | OMAudit | user=runner | ip=127.0.0.1 | op=CREATE_BUCKET {"volume":"f17aa830-7009-4b5d-a539-397905e94fc1","bucket":"4b1bd626-42fd-4201-9b3c-8c92d7fab1da","bucketLayout":"OBJECT_STORE","gdprEnabled":null,"acls":"[user:runner:a[ACCESS], group:runner:rl[ACCESS]]","isVersionEnabled":"false","storageType":"DISK","creationTime":"1760989903142","bucketEncryptionKey":null,"modificationTime":"1760989903142","usedBytes":"0","usedNamespace":"0","snapshotUsedBytes":"0","snapshotUsedNamespace":"0","owner":"runner","replicationType":null,"replicationConfig":null,"quotaInBytes":"-1","quotaInNamespace":"-1","Transaction":"1541"} | ret=SUCCESS |  
2025-10-20 19:51:43,145 | INFO  | OMAudit | user=runner | ip=127.0.0.1 | op=READ_BUCKET {"volume":"f17aa830-7009-4b5d-a539-397905e94fc1","bucket":"4b1bd626-42fd-4201-9b3c-8c92d7fab1da"} | ret=SUCCESS |  
2025-10-20 19:51:43,147 | INFO  | OMAudit | user=runner | ip=127.0.0.1 | op=INITIATE_MULTIPART_UPLOAD {"volume":"f17aa830-7009-4b5d-a539-397905e94fc1","bucket":"4b1bd626-42fd-4201-9b3c-8c92d7fab1da","key":"06103bb1-ad5a-4079-99aa-6b80e9b5c5d8","dataSize":"0","replicationType":"RATIS","replicationFactor":"THREE","uploadID":"019a032d-792a-772f-bcd9-5321cd390b02-115408234292576636","Transaction":"1542"} | ret=SUCCESS |  
2025-10-20 19:51:43,151 | INFO  | OMAudit | user=runner | ip=127.0.0.1 | op=ALLOCATE_KEY {"volume":"f17aa830-7009-4b5d-a539-397905e94fc1","bucket":"4b1bd626-42fd-4201-9b3c-8c92d7fab1da","key":"06103bb1-ad5a-4079-99aa-6b80e9b5c5d8","dataSize":"5242880","Transaction":"1543"} | ret=SUCCESS |  
2025-10-20 19:51:43,152 | INFO  | SCMAudit | user=runner | ip=127.0.0.1 | op=ALLOCATE_BLOCK {"replication":"RATIS/THREE","owner":"omServiceIdDefault","size":"4194304","sampleBlocks":"[conID: 20 locID: 115816896921600407]","num":"1","client":"","allocated":"1"} | ret=SUCCESS |  
2025-10-20 19:51:43,154 | INFO  | OMAudit | user=runner | ip=127.0.0.1 | op=ALLOCATE_BLOCK {"volume":"f17aa830-7009-4b5d-a539-397905e94fc1","bucket":"4b1bd626-42fd-4201-9b3c-8c92d7fab1da","key":"06103bb1-ad5a-4079-99aa-6b80e9b5c5d8","dataSize":"5242880","replicationType":"RATIS","replicationFactor":"THREE","clientID":"115408234292773245","Transaction":"1544"} | ret=SUCCESS |  
2025-10-20 19:51:43,159 [om1-OMDoubleBufferFlushThread] INFO  om.OmSnapshotManager (OmSnapshotManager.java:createOmSnapshotCheckpoint(545)) - Created checkpoint: /home/runner/work/ozone/ozone/hadoop-ozone/integration-test/target/test-dir/MiniOzoneClusterImpl-6935df51-69ff-4c35-8bd4-ed2b81d70e54/om/data/db.snapshots/checkpointState/om.db-e72b56b4-5b5e-41a3-be45-9cafae72e0e7 for snapshot /vol-a-65386/buc-b-16885/snapshot-b-7-98945
2025-10-20 19:51:43,175 | INFO  | SCMAudit | user=runner | ip=127.0.0.1 | op=SEND_HEARTBEAT {"datanodeUUID":"ef67b0a7-5b27-496d-9f38-ab804a28e500","term":"2","command":"[]"} | ret=SUCCESS |  
2025-10-20 19:51:43,180 | INFO  | SCMAudit | user=runner | ip=127.0.0.1 | op=SEND_HEARTBEAT {"datanodeUUID":"7bb0e7f0-2b36-4ec0-8a09-ceac75d91a36","term":"2","command":"[]"} | ret=SUCCESS |  
2025-10-20 19:51:43,200 | INFO  | SCMAudit | user=runner | ip=127.0.0.1 | op=ALLOCATE_BLOCK {"replication":"RATIS/THREE","owner":"omServiceIdDefault","size":"4194304","sampleBlocks":"[conID: 16 locID: 115816896921600408]","num":"1","client":"","allocated":"1"} | ret=SUCCESS |  
2025-10-20 19:51:43,202 | INFO  | OMAudit | user=runner | ip=127.0.0.1 | op=ALLOCATE_BLOCK {"volume":"f17aa830-7009-4b5d-a539-397905e94fc1","bucket":"4b1bd626-42fd-4201-9b3c-8c92d7fab1da","key":"06103bb1-ad5a-4079-99aa-6b80e9b5c5d8","dataSize":"5242880","replicationType":"RATIS","replicationFactor":"THREE","clientID":"115408234292773245","Transaction":"1545"} | ret=SUCCESS |  
2025-10-20 19:51:43,213 [om1-OMDoubleBufferFlushThread] INFO  db.RDBCheckpointManager (RDBCheckpointManager.java:createCheckpoint(87)) - Created checkpoint in rocksDB at /home/runner/work/ozone/ozone/hadoop-ozone/integration-test/target/test-dir/MiniOzoneClusterImpl-6935df51-69ff-4c35-8bd4-ed2b81d70e54/om/data/db.snapshots/checkpointState/om.db-9eeae278-e25c-40e0-a427-67fda8545904 in 51 milliseconds
2025-10-20 19:51:43,224 | INFO  | OMAudit | user=runner | ip=127.0.0.1 | op=COMMIT_MULTIPART_UPLOAD_PARTKEY {"volume":"f17aa830-7009-4b5d-a539-397905e94fc1","bucket":"4b1bd626-42fd-4201-9b3c-8c92d7fab1da","key":"06103bb1-ad5a-4079-99aa-6b80e9b5c5d8","dataSize":"5242880","ETag":"5ec9ae7549d12b830c2796d79d95cb39","uploadID":"019a032d-792a-772f-bcd9-5321cd390b02-115408234292576636","partNumber":"1","partName":"/f17aa830-7009-4b5d-a539-397905e94fc1/4b1bd626-42fd-4201-9b3c-8c92d7fab1da/06103bb1-ad5a-4079-99aa-6b80e9b5c5d8-019a032d-792a-772f-bcd9-5321cd390b02-115408234292576636-1","Transaction":"1546"} | ret=SUCCESS |  
2025-10-20 19:51:43,229 | INFO  | OMAudit | user=runner | ip=127.0.0.1 | op=ALLOCATE_KEY {"volume":"f17aa830-7009-4b5d-a539-397905e94fc1","bucket":"4b1bd626-42fd-4201-9b3c-8c92d7fab1da","key":"06103bb1-ad5a-4079-99aa-6b80e9b5c5d8","dataSize":"5242880","Transaction":"1547"} | ret=SUCCESS |  
2025-10-20 19:51:43,231 | INFO  | SCMAudit | user=runner | ip=127.0.0.1 | op=ALLOCATE_BLOCK {"replication":"RATIS/THREE","owner":"omServiceIdDefault","size":"4194304","sampleBlocks":"[conID: 16 locID: 115816896921600409]","num":"1","client":"","allocated":"1"} | ret=SUCCESS |  
2025-10-20 19:51:43,232 | INFO  | OMAudit | user=runner | ip=127.0.0.1 | op=ALLOCATE_BLOCK {"volume":"f17aa830-7009-4b5d-a539-397905e94fc1","bucket":"4b1bd626-42fd-4201-9b3c-8c92d7fab1da","key":"06103bb1-ad5a-4079-99aa-6b80e9b5c5d8","dataSize":"5242880","replicationType":"RATIS","replicationFactor":"THREE","clientID":"115408234297885054","Transaction":"1548"} | ret=SUCCESS |  
2025-10-20 19:51:43,251 [om1-OMDoubleBufferFlushThread] INFO  om.OmSnapshotManager (OmSnapshotManager.java:createOmSnapshotCheckpoint(545)) - Created checkpoint: /home/runner/work/ozone/ozone/hadoop-ozone/integration-test/target/test-dir/MiniOzoneClusterImpl-6935df51-69ff-4c35-8bd4-ed2b81d70e54/om/data/db.snapshots/checkpointState/om.db-9eeae278-e25c-40e0-a427-67fda8545904 for snapshot /vol-b-47597/buc-a-06236/snapshot-b-7-24255
2025-10-20 19:51:43,268 | INFO  | SCMAudit | user=runner | ip=127.0.0.1 | op=SEND_HEARTBEAT {"datanodeUUID":"af0e5da1-57af-45e9-9aca-fa0798d05628","term":"2","command":"[]"} | ret=SUCCESS |  
2025-10-20 19:51:43,281 | INFO  | SCMAudit | user=runner | ip=127.0.0.1 | op=ALLOCATE_BLOCK {"replication":"RATIS/THREE","owner":"omServiceIdDefault","size":"4194304","sampleBlocks":"[conID: 20 locID: 115816896921600410]","num":"1","client":"","allocated":"1"} | ret=SUCCESS |  
2025-10-20 19:51:43,284 | INFO  | OMAudit | user=runner | ip=127.0.0.1 | op=ALLOCATE_BLOCK {"volume":"f17aa830-7009-4b5d-a539-397905e94fc1","bucket":"4b1bd626-42fd-4201-9b3c-8c92d7fab1da","key":"06103bb1-ad5a-4079-99aa-6b80e9b5c5d8","dataSize":"5242880","replicationType":"RATIS","replicationFactor":"THREE","clientID":"115408234297885054","Transaction":"1549"} | ret=SUCCESS |  
2025-10-20 19:51:43,308 | INFO  | OMAudit | user=runner | ip=127.0.0.1 | op=COMMIT_MULTIPART_UPLOAD_PARTKEY {"volume":"f17aa830-7009-4b5d-a539-397905e94fc1","bucket":"4b1bd626-42fd-4201-9b3c-8c92d7fab1da","key":"06103bb1-ad5a-4079-99aa-6b80e9b5c5d8","dataSize":"5242880","ETag":"5ec9ae7549d12b830c2796d79d95cb39","uploadID":"019a032d-792a-772f-bcd9-5321cd390b02-115408234292576636","partNumber":"2","partName":"/f17aa830-7009-4b5d-a539-397905e94fc1/4b1bd626-42fd-4201-9b3c-8c92d7fab1da/06103bb1-ad5a-4079-99aa-6b80e9b5c5d8-019a032d-792a-772f-bcd9-5321cd390b02-115408234292576636-2","Transaction":"1550"} | ret=SUCCESS |  
2025-10-20 19:51:43,311 | INFO  | OMAudit | user=runner | ip=127.0.0.1 | op=ALLOCATE_KEY {"volume":"f17aa830-7009-4b5d-a539-397905e94fc1","bucket":"4b1bd626-42fd-4201-9b3c-8c92d7fab1da","key":"06103bb1-ad5a-4079-99aa-6b80e9b5c5d8","dataSize":"36","Transaction":"1551"} | ret=SUCCESS |  
2025-10-20 19:51:43,313 | INFO  | SCMAudit | user=runner | ip=127.0.0.1 | op=ALLOCATE_BLOCK {"replication":"RATIS/THREE","owner":"omServiceIdDefault","size":"4194304","sampleBlocks":"[conID: 16 locID: 115816896921600411]","num":"1","client":"","allocated":"1"} | ret=SUCCESS |  
2025-10-20 19:51:43,314 [om1-OMDoubleBufferFlushThread] INFO  db.RDBCheckpointManager (RDBCheckpointManager.java:createCheckpoint(87)) - Created checkpoint in rocksDB at /home/runner/work/ozone/ozone/hadoop-ozone/integration-test/target/test-dir/MiniOzoneClusterImpl-6935df51-69ff-4c35-8bd4-ed2b81d70e54/om/data/db.snapshots/checkpointState/om.db-95f774bf-7a66-4f3c-be9e-c3ff0ebaadf2 in 60 milliseconds
2025-10-20 19:51:43,314 | INFO  | OMAudit | user=runner | ip=127.0.0.1 | op=ALLOCATE_BLOCK {"volume":"f17aa830-7009-4b5d-a539-397905e94fc1","bucket":"4b1bd626-42fd-4201-9b3c-8c92d7fab1da","key":"06103bb1-ad5a-4079-99aa-6b80e9b5c5d8","dataSize":"36","replicationType":"RATIS","replicationFactor":"THREE","clientID":"115408234303324543","Transaction":"1552"} | ret=SUCCESS |  
2025-10-20 19:51:43,325 | INFO  | OMAudit | user=runner | ip=127.0.0.1 | op=COMMIT_MULTIPART_UPLOAD_PARTKEY {"volume":"f17aa830-7009-4b5d-a539-397905e94fc1","bucket":"4b1bd626-42fd-4201-9b3c-8c92d7fab1da","key":"06103bb1-ad5a-4079-99aa-6b80e9b5c5d8","dataSize":"36","ETag":"c5313d275529205f388dab709601e917","uploadID":"019a032d-792a-772f-bcd9-5321cd390b02-115408234292576636","partNumber":"3","partName":"/f17aa830-7009-4b5d-a539-397905e94fc1/4b1bd626-42fd-4201-9b3c-8c92d7fab1da/06103bb1-ad5a-4079-99aa-6b80e9b5c5d8-019a032d-792a-772f-bcd9-5321cd390b02-115408234292576636-3","Transaction":"1553"} | ret=SUCCESS |  
2025-10-20 19:51:43,331 | INFO  | OMAudit | user=runner | ip=127.0.0.1 | op=COMPLETE_MULTIPART_UPLOAD {"volume":"f17aa830-7009-4b5d-a539-397905e94fc1","bucket":"4b1bd626-42fd-4201-9b3c-8c92d7fab1da","key":"06103bb1-ad5a-4079-99aa-6b80e9b5c5d8","dataSize":"0","uploadID":"019a032d-792a-772f-bcd9-5321cd390b02-115408234292576636","multipartList":"[partNumber: 1 partName: \"5ec9ae7549d12b830c2796d79d95cb39\" eTag: \"5ec9ae7549d12b830c2796d79d95cb39\" , partNumber: 2 partName: \"5ec9ae7549d12b830c2796d79d95cb39\" eTag: \"5ec9ae7549d12b830c2796d79d95cb39\" , partNumber: 3 partName: \"c5313d275529205f388dab709601e917\" eTag: \"c5313d275529205f388dab709601e917\" ]","Transaction":"1554"} | ret=SUCCESS |  
2025-10-20 19:51:43,335 | INFO  | OMAudit | user=runner | ip=127.0.0.1 | op=READ_KEY {"volume":"f17aa830-7009-4b5d-a539-397905e94fc1","bucket":"4b1bd626-42fd-4201-9b3c-8c92d7fab1da","key":"06103bb1-ad5a-4079-99aa-6b80e9b5c5d8","owner":null,"dataSize":"0","replicationConfig":null} | ret=SUCCESS |  
2025-10-20 19:51:43,339 [om1-OMDoubleBufferFlushThread] INFO  om.OmSnapshotManager (OmSnapshotManager.java:createOmSnapshotCheckpoint(545)) - Created checkpoint: /home/runner/work/ozone/ozone/hadoop-ozone/integration-test/target/test-dir/MiniOzoneClusterImpl-6935df51-69ff-4c35-8bd4-ed2b81d70e54/om/data/db.snapshots/checkpointState/om.db-95f774bf-7a66-4f3c-be9e-c3ff0ebaadf2 for snapshot /vol-b-47597/buc-b-16885/snapshot-b-7-02584
2025-10-20 19:51:43,391 [om1-OMDoubleBufferFlushThread] INFO  db.RDBCheckpointManager (RDBCheckpointManager.java:createCheckpoint(87)) - Created checkpoint in rocksDB at /home/runner/work/ozone/ozone/hadoop-ozone/integration-test/target/test-dir/MiniOzoneClusterImpl-6935df51-69ff-4c35-8bd4-ed2b81d70e54/om/data/db.snapshots/checkpointState/om.db-ed6b9f99-a33a-4730-b222-78dc71433f71 in 50 milliseconds
2025-10-20 19:51:43,407 | INFO  | SCMAudit | user=runner | ip=127.0.0.1 | op=GET_CONTAINER_WITH_PIPELINE_BATCH {"containerIDs":"#16,#20,"} | ret=SUCCESS |  
2025-10-20 19:51:43,408 | INFO  | OMAudit | user=null | ip= | op=READ_KEY {"volume":"f17aa830-7009-4b5d-a539-397905e94fc1","bucket":"4b1bd626-42fd-4201-9b3c-8c92d7fab1da","key":"06103bb1-ad5a-4079-99aa-6b80e9b5c5d8","owner":null,"dataSize":"0","replicationConfig":null} | ret=SUCCESS |  
2025-10-20 19:51:43,410 | INFO  | SCMAudit | user=runner | ip=127.0.0.1 | op=GET_CONTAINER {"containerID":"20"} | ret=SUCCESS |  
2025-10-20 19:51:43,411 | INFO  | SCMAudit | user=runner | ip=127.0.0.1 | op=GET_CONTAINER {"containerID":"16"} | ret=SUCCESS |  
2025-10-20 19:51:43,411 | INFO  | SCMAudit | user=runner | ip=127.0.0.1 | op=GET_CONTAINER {"containerID":"16"} | ret=SUCCESS |  
2025-10-20 19:51:43,412 | INFO  | SCMAudit | user=runner | ip=127.0.0.1 | op=GET_CONTAINER {"containerID":"20"} | ret=SUCCESS |  
2025-10-20 19:51:43,412 [om1-OMDoubleBufferFlushThread] INFO  om.OmSnapshotManager (OmSnapshotManager.java:createOmSnapshotCheckpoint(545)) - Created checkpoint: /home/runner/work/ozone/ozone/hadoop-ozone/integration-test/target/test-dir/MiniOzoneClusterImpl-6935df51-69ff-4c35-8bd4-ed2b81d70e54/om/data/db.snapshots/checkpointState/om.db-ed6b9f99-a33a-4730-b222-78dc71433f71 for snapshot /vol-a-65386/buc-a-06236/snapshot-b-8-73978
2025-10-20 19:51:43,412 | INFO  | SCMAudit | user=runner | ip=127.0.0.1 | op=GET_CONTAINER {"containerID":"16"} | ret=SUCCESS |  
]]></system-out>
  </testcase>
  <testcase name="testMultipartUploadWithTags(BucketLayout)[2]" classname="org.apache.hadoop.ozone.client.rpc.TestSecureOzoneRpcClient" time="0.336">
    <system-out><![CDATA[2025-10-20 19:51:43,444 [ForkJoinPool-1-worker-1] INFO  rpc.RpcClient (RpcClient.java:createVolume(461)) - Creating Volume: 1c577ce3-4f47-4d63-9835-7631e79cef25, with runner as owner and space quota set to -1 bytes, counts quota set to -1
2025-10-20 19:51:43,448 | INFO  | SCMAudit | user=runner | ip=127.0.0.1 | op=SEND_HEARTBEAT {"datanodeUUID":"b614738c-cdff-4f09-bf59-ed5bb75d51be","term":"2","command":"[]"} | ret=SUCCESS |  
2025-10-20 19:51:43,450 | INFO  | SCMAudit | user=runner | ip=127.0.0.1 | op=SEND_HEARTBEAT {"datanodeUUID":"361055de-215b-4c6c-94c2-be1c1da118d1","term":"2","command":"[]"} | ret=SUCCESS |  
2025-10-20 19:51:43,451 | INFO  | SCMAudit | user=runner | ip=127.0.0.1 | op=SEND_HEARTBEAT {"datanodeUUID":"38991c48-ffb3-4453-b758-77d6b4ebc62b","term":"2","command":"[]"} | ret=SUCCESS |  
2025-10-20 19:51:43,452 | INFO  | SCMAudit | user=runner | ip=127.0.0.1 | op=SEND_HEARTBEAT {"datanodeUUID":"c90bff1f-5a1f-42c6-8fca-9533d718c79a","term":"2","command":"[]"} | ret=SUCCESS |  
2025-10-20 19:51:43,455 [om1-OMStateMachineApplyTransactionThread - 0] INFO  volume.OMVolumeCreateRequest (OMVolumeCreateRequest.java:validateAndUpdateCache(213)) - created volume:1c577ce3-4f47-4d63-9835-7631e79cef25 for user:runner
2025-10-20 19:51:43,455 | INFO  | OMAudit | user=runner | ip=127.0.0.1 | op=CREATE_VOLUME {"admin":"runner","owner":"runner","volume":"1c577ce3-4f47-4d63-9835-7631e79cef25","creationTime":"1760989903451","modificationTime":"1760989903451","quotaInBytes":"-1","quotaInNamespace":"-1","usedNamespace":"0","objectID":"-9223372036854377728","updateID":"1555","Transaction":"1555"} | ret=SUCCESS |  
2025-10-20 19:51:43,459 | INFO  | OMAudit | user=runner | ip=127.0.0.1 | op=READ_VOLUME {"volume":"1c577ce3-4f47-4d63-9835-7631e79cef25"} | ret=SUCCESS |  
2025-10-20 19:51:43,460 [ForkJoinPool-1-worker-1] INFO  rpc.RpcClient (RpcClient.java:createBucket(686)) - Creating Bucket: 1c577ce3-4f47-4d63-9835-7631e79cef25/5e8ba41d-bf93-4ce7-8088-f8f7859553b9, with bucket layout LEGACY, runner as owner, Versioning false, Storage Type set to DISK and Encryption set to false, Replication Type set to server-side default replication type, Namespace Quota set to -1, Space Quota set to -1 
2025-10-20 19:51:43,462 [om1-OMStateMachineApplyTransactionThread - 0] INFO  bucket.OMBucketCreateRequest (OMBucketCreateRequest.java:validateAndUpdateCache(303)) - created bucket: 5e8ba41d-bf93-4ce7-8088-f8f7859553b9 of layout LEGACY in volume: 1c577ce3-4f47-4d63-9835-7631e79cef25
2025-10-20 19:51:43,463 | INFO  | OMAudit | user=runner | ip=127.0.0.1 | op=CREATE_BUCKET {"volume":"1c577ce3-4f47-4d63-9835-7631e79cef25","bucket":"5e8ba41d-bf93-4ce7-8088-f8f7859553b9","bucketLayout":"LEGACY","gdprEnabled":null,"acls":"[user:runner:a[ACCESS], group:runner:rl[ACCESS]]","isVersionEnabled":"false","storageType":"DISK","creationTime":"1760989903461","bucketEncryptionKey":null,"modificationTime":"1760989903461","usedBytes":"0","usedNamespace":"0","snapshotUsedBytes":"0","snapshotUsedNamespace":"0","owner":"runner","replicationType":null,"replicationConfig":null,"quotaInBytes":"-1","quotaInNamespace":"-1","Transaction":"1556"} | ret=SUCCESS |  
2025-10-20 19:51:43,464 | INFO  | OMAudit | user=runner | ip=127.0.0.1 | op=READ_BUCKET {"volume":"1c577ce3-4f47-4d63-9835-7631e79cef25","bucket":"5e8ba41d-bf93-4ce7-8088-f8f7859553b9"} | ret=SUCCESS |  
2025-10-20 19:51:43,468 | INFO  | OMAudit | user=runner | ip=127.0.0.1 | op=INITIATE_MULTIPART_UPLOAD {"volume":"1c577ce3-4f47-4d63-9835-7631e79cef25","bucket":"5e8ba41d-bf93-4ce7-8088-f8f7859553b9","key":"046c796f-141d-4fb2-bb7f-595a8a4761a1","dataSize":"0","replicationType":"RATIS","replicationFactor":"THREE","uploadID":"019a032d-7a6a-7cc5-96f7-8098b09566b3-115408234313548160","Transaction":"1557"} | ret=SUCCESS |  
2025-10-20 19:51:43,468 [om1-OMDoubleBufferFlushThread] INFO  db.RDBCheckpointManager (RDBCheckpointManager.java:createCheckpoint(87)) - Created checkpoint in rocksDB at /home/runner/work/ozone/ozone/hadoop-ozone/integration-test/target/test-dir/MiniOzoneClusterImpl-6935df51-69ff-4c35-8bd4-ed2b81d70e54/om/data/db.snapshots/checkpointState/om.db-448155d0-9968-4718-868e-de0f5f302166 in 37 milliseconds
2025-10-20 19:51:43,476 | INFO  | OMAudit | user=runner | ip=127.0.0.1 | op=ALLOCATE_KEY {"volume":"1c577ce3-4f47-4d63-9835-7631e79cef25","bucket":"5e8ba41d-bf93-4ce7-8088-f8f7859553b9","key":"046c796f-141d-4fb2-bb7f-595a8a4761a1","dataSize":"5242880","Transaction":"1558"} | ret=SUCCESS |  
2025-10-20 19:51:43,480 | INFO  | SCMAudit | user=runner | ip=127.0.0.1 | op=ALLOCATE_BLOCK {"replication":"RATIS/THREE","owner":"omServiceIdDefault","size":"4194304","sampleBlocks":"[conID: 20 locID: 115816896921600412]","num":"1","client":"","allocated":"1"} | ret=SUCCESS |  
2025-10-20 19:51:43,483 | INFO  | OMAudit | user=runner | ip=127.0.0.1 | op=ALLOCATE_BLOCK {"volume":"1c577ce3-4f47-4d63-9835-7631e79cef25","bucket":"5e8ba41d-bf93-4ce7-8088-f8f7859553b9","key":"046c796f-141d-4fb2-bb7f-595a8a4761a1","dataSize":"5242880","replicationType":"RATIS","replicationFactor":"THREE","clientID":"115408234313875841","Transaction":"1559"} | ret=SUCCESS |  
2025-10-20 19:51:43,498 [om1-OMDoubleBufferFlushThread] INFO  om.OmSnapshotManager (OmSnapshotManager.java:createOmSnapshotCheckpoint(545)) - Created checkpoint: /home/runner/work/ozone/ozone/hadoop-ozone/integration-test/target/test-dir/MiniOzoneClusterImpl-6935df51-69ff-4c35-8bd4-ed2b81d70e54/om/data/db.snapshots/checkpointState/om.db-448155d0-9968-4718-868e-de0f5f302166 for snapshot /vol-a-65386/buc-b-16885/snapshot-b-8-07870
2025-10-20 19:51:43,528 | INFO  | SCMAudit | user=runner | ip=127.0.0.1 | op=ALLOCATE_BLOCK {"replication":"RATIS/THREE","owner":"omServiceIdDefault","size":"4194304","sampleBlocks":"[conID: 18 locID: 115816896921600413]","num":"1","client":"","allocated":"1"} | ret=SUCCESS |  
2025-10-20 19:51:43,530 | INFO  | OMAudit | user=runner | ip=127.0.0.1 | op=ALLOCATE_BLOCK {"volume":"1c577ce3-4f47-4d63-9835-7631e79cef25","bucket":"5e8ba41d-bf93-4ce7-8088-f8f7859553b9","key":"046c796f-141d-4fb2-bb7f-595a8a4761a1","dataSize":"5242880","replicationType":"RATIS","replicationFactor":"THREE","clientID":"115408234313875841","Transaction":"1560"} | ret=SUCCESS |  
2025-10-20 19:51:43,553 [om1-OMDoubleBufferFlushThread] INFO  db.RDBCheckpointManager (RDBCheckpointManager.java:createCheckpoint(87)) - Created checkpoint in rocksDB at /home/runner/work/ozone/ozone/hadoop-ozone/integration-test/target/test-dir/MiniOzoneClusterImpl-6935df51-69ff-4c35-8bd4-ed2b81d70e54/om/data/db.snapshots/checkpointState/om.db-c8abbed8-78c6-4215-9ed2-b018cf1a25b8 in 51 milliseconds
2025-10-20 19:51:43,559 | INFO  | OMAudit | user=runner | ip=127.0.0.1 | op=COMMIT_MULTIPART_UPLOAD_PARTKEY {"volume":"1c577ce3-4f47-4d63-9835-7631e79cef25","bucket":"5e8ba41d-bf93-4ce7-8088-f8f7859553b9","key":"046c796f-141d-4fb2-bb7f-595a8a4761a1","dataSize":"5242880","ETag":"5ec9ae7549d12b830c2796d79d95cb39","uploadID":"019a032d-7a6a-7cc5-96f7-8098b09566b3-115408234313548160","partNumber":"1","partName":"/1c577ce3-4f47-4d63-9835-7631e79cef25/5e8ba41d-bf93-4ce7-8088-f8f7859553b9/046c796f-141d-4fb2-bb7f-595a8a4761a1-019a032d-7a6a-7cc5-96f7-8098b09566b3-115408234313548160-1","Transaction":"1561"} | ret=SUCCESS |  
2025-10-20 19:51:43,564 | INFO  | OMAudit | user=runner | ip=127.0.0.1 | op=ALLOCATE_KEY {"volume":"1c577ce3-4f47-4d63-9835-7631e79cef25","bucket":"5e8ba41d-bf93-4ce7-8088-f8f7859553b9","key":"046c796f-141d-4fb2-bb7f-595a8a4761a1","dataSize":"5242880","Transaction":"1562"} | ret=SUCCESS |  
2025-10-20 19:51:43,567 | INFO  | SCMAudit | user=runner | ip=127.0.0.1 | op=ALLOCATE_BLOCK {"replication":"RATIS/THREE","owner":"omServiceIdDefault","size":"4194304","sampleBlocks":"[conID: 18 locID: 115816896921600414]","num":"1","client":"","allocated":"1"} | ret=SUCCESS |  
2025-10-20 19:51:43,569 | INFO  | OMAudit | user=runner | ip=127.0.0.1 | op=ALLOCATE_BLOCK {"volume":"1c577ce3-4f47-4d63-9835-7631e79cef25","bucket":"5e8ba41d-bf93-4ce7-8088-f8f7859553b9","key":"046c796f-141d-4fb2-bb7f-595a8a4761a1","dataSize":"5242880","replicationType":"RATIS","replicationFactor":"THREE","clientID":"115408234319774082","Transaction":"1563"} | ret=SUCCESS |  
2025-10-20 19:51:43,592 [om1-OMDoubleBufferFlushThread] INFO  om.OmSnapshotManager (OmSnapshotManager.java:createOmSnapshotCheckpoint(545)) - Created checkpoint: /home/runner/work/ozone/ozone/hadoop-ozone/integration-test/target/test-dir/MiniOzoneClusterImpl-6935df51-69ff-4c35-8bd4-ed2b81d70e54/om/data/db.snapshots/checkpointState/om.db-c8abbed8-78c6-4215-9ed2-b018cf1a25b8 for snapshot /vol-b-47597/buc-a-06236/snapshot-b-8-48028
2025-10-20 19:51:43,621 | INFO  | SCMAudit | user=runner | ip=127.0.0.1 | op=ALLOCATE_BLOCK {"replication":"RATIS/THREE","owner":"omServiceIdDefault","size":"4194304","sampleBlocks":"[conID: 18 locID: 115816896921600415]","num":"1","client":"","allocated":"1"} | ret=SUCCESS |  
2025-10-20 19:51:43,624 | INFO  | OMAudit | user=runner | ip=127.0.0.1 | op=ALLOCATE_BLOCK {"volume":"1c577ce3-4f47-4d63-9835-7631e79cef25","bucket":"5e8ba41d-bf93-4ce7-8088-f8f7859553b9","key":"046c796f-141d-4fb2-bb7f-595a8a4761a1","dataSize":"5242880","replicationType":"RATIS","replicationFactor":"THREE","clientID":"115408234319774082","Transaction":"1564"} | ret=SUCCESS |  
2025-10-20 19:51:43,648 | INFO  | OMAudit | user=runner | ip=127.0.0.1 | op=COMMIT_MULTIPART_UPLOAD_PARTKEY {"volume":"1c577ce3-4f47-4d63-9835-7631e79cef25","bucket":"5e8ba41d-bf93-4ce7-8088-f8f7859553b9","key":"046c796f-141d-4fb2-bb7f-595a8a4761a1","dataSize":"5242880","ETag":"5ec9ae7549d12b830c2796d79d95cb39","uploadID":"019a032d-7a6a-7cc5-96f7-8098b09566b3-115408234313548160","partNumber":"2","partName":"/1c577ce3-4f47-4d63-9835-7631e79cef25/5e8ba41d-bf93-4ce7-8088-f8f7859553b9/046c796f-141d-4fb2-bb7f-595a8a4761a1-019a032d-7a6a-7cc5-96f7-8098b09566b3-115408234313548160-2","Transaction":"1565"} | ret=SUCCESS |  
2025-10-20 19:51:43,650 | INFO  | SCMAudit | user=runner | ip=127.0.0.1 | op=SEND_HEARTBEAT {"datanodeUUID":"4f2bb3f5-0e03-4f1b-bb4c-79c91b98c7da","term":"2","command":"[]"} | ret=SUCCESS |  
2025-10-20 19:51:43,651 | INFO  | SCMAudit | user=runner | ip=127.0.0.1 | op=SEND_HEARTBEAT {"datanodeUUID":"cc7fbe85-1d98-437b-84f9-04213fee10f0","term":"2","command":"[]"} | ret=SUCCESS |  
2025-10-20 19:51:43,651 | INFO  | SCMAudit | user=runner | ip=127.0.0.1 | op=SEND_HEARTBEAT {"datanodeUUID":"605be85e-a7f4-44d7-8cfd-f53001b990b0","term":"2","command":"[]"} | ret=SUCCESS |  
2025-10-20 19:51:43,652 [om1-OMDoubleBufferFlushThread] INFO  db.RDBCheckpointManager (RDBCheckpointManager.java:createCheckpoint(87)) - Created checkpoint in rocksDB at /home/runner/work/ozone/ozone/hadoop-ozone/integration-test/target/test-dir/MiniOzoneClusterImpl-6935df51-69ff-4c35-8bd4-ed2b81d70e54/om/data/db.snapshots/checkpointState/om.db-fa691dd1-12ae-42a3-8be6-260092135dc6 in 56 milliseconds
2025-10-20 19:51:43,652 | INFO  | OMAudit | user=runner | ip=127.0.0.1 | op=ALLOCATE_KEY {"volume":"1c577ce3-4f47-4d63-9835-7631e79cef25","bucket":"5e8ba41d-bf93-4ce7-8088-f8f7859553b9","key":"046c796f-141d-4fb2-bb7f-595a8a4761a1","dataSize":"36","Transaction":"1566"} | ret=SUCCESS |  
2025-10-20 19:51:43,655 | INFO  | SCMAudit | user=runner | ip=127.0.0.1 | op=ALLOCATE_BLOCK {"replication":"RATIS/THREE","owner":"omServiceIdDefault","size":"4194304","sampleBlocks":"[conID: 16 locID: 115816896921600416]","num":"1","client":"","allocated":"1"} | ret=SUCCESS |  
2025-10-20 19:51:43,657 | INFO  | OMAudit | user=runner | ip=127.0.0.1 | op=ALLOCATE_BLOCK {"volume":"1c577ce3-4f47-4d63-9835-7631e79cef25","bucket":"5e8ba41d-bf93-4ce7-8088-f8f7859553b9","key":"046c796f-141d-4fb2-bb7f-595a8a4761a1","dataSize":"36","replicationType":"RATIS","replicationFactor":"THREE","clientID":"115408234325606787","Transaction":"1567"} | ret=SUCCESS |  
2025-10-20 19:51:43,668 | INFO  | OMAudit | user=runner | ip=127.0.0.1 | op=COMMIT_MULTIPART_UPLOAD_PARTKEY {"volume":"1c577ce3-4f47-4d63-9835-7631e79cef25","bucket":"5e8ba41d-bf93-4ce7-8088-f8f7859553b9","key":"046c796f-141d-4fb2-bb7f-595a8a4761a1","dataSize":"36","ETag":"3624e4bb57d3a52ba9c0cd6bb1a37829","uploadID":"019a032d-7a6a-7cc5-96f7-8098b09566b3-115408234313548160","partNumber":"3","partName":"/1c577ce3-4f47-4d63-9835-7631e79cef25/5e8ba41d-bf93-4ce7-8088-f8f7859553b9/046c796f-141d-4fb2-bb7f-595a8a4761a1-019a032d-7a6a-7cc5-96f7-8098b09566b3-115408234313548160-3","Transaction":"1568"} | ret=SUCCESS |  
2025-10-20 19:51:43,671 | INFO  | OMAudit | user=runner | ip=127.0.0.1 | op=COMPLETE_MULTIPART_UPLOAD {"volume":"1c577ce3-4f47-4d63-9835-7631e79cef25","bucket":"5e8ba41d-bf93-4ce7-8088-f8f7859553b9","key":"046c796f-141d-4fb2-bb7f-595a8a4761a1","dataSize":"0","uploadID":"019a032d-7a6a-7cc5-96f7-8098b09566b3-115408234313548160","multipartList":"[partNumber: 1 partName: \"5ec9ae7549d12b830c2796d79d95cb39\" eTag: \"5ec9ae7549d12b830c2796d79d95cb39\" , partNumber: 2 partName: \"5ec9ae7549d12b830c2796d79d95cb39\" eTag: \"5ec9ae7549d12b830c2796d79d95cb39\" , partNumber: 3 partName: \"3624e4bb57d3a52ba9c0cd6bb1a37829\" eTag: \"3624e4bb57d3a52ba9c0cd6bb1a37829\" ]","Transaction":"1569"} | ret=SUCCESS |  
2025-10-20 19:51:43,674 | INFO  | OMAudit | user=runner | ip=127.0.0.1 | op=READ_KEY {"volume":"1c577ce3-4f47-4d63-9835-7631e79cef25","bucket":"5e8ba41d-bf93-4ce7-8088-f8f7859553b9","key":"046c796f-141d-4fb2-bb7f-595a8a4761a1","owner":null,"dataSize":"0","replicationConfig":null} | ret=SUCCESS |  
2025-10-20 19:51:43,679 [om1-OMDoubleBufferFlushThread] INFO  om.OmSnapshotManager (OmSnapshotManager.java:createOmSnapshotCheckpoint(545)) - Created checkpoint: /home/runner/work/ozone/ozone/hadoop-ozone/integration-test/target/test-dir/MiniOzoneClusterImpl-6935df51-69ff-4c35-8bd4-ed2b81d70e54/om/data/db.snapshots/checkpointState/om.db-fa691dd1-12ae-42a3-8be6-260092135dc6 for snapshot /vol-b-47597/buc-b-16885/snapshot-b-8-59764
2025-10-20 19:51:43,733 | INFO  | SCMAudit | user=runner | ip=127.0.0.1 | op=SEND_HEARTBEAT {"datanodeUUID":"feb39a1c-80cb-4714-ab06-a361236e3029","term":"2","command":"[]"} | ret=SUCCESS |  
2025-10-20 19:51:43,735 [om1-OMDoubleBufferFlushThread] INFO  db.RDBCheckpointManager (RDBCheckpointManager.java:createCheckpoint(87)) - Created checkpoint in rocksDB at /home/runner/work/ozone/ozone/hadoop-ozone/integration-test/target/test-dir/MiniOzoneClusterImpl-6935df51-69ff-4c35-8bd4-ed2b81d70e54/om/data/db.snapshots/checkpointState/om.db-f033b9f3-5b8d-4bd0-b084-2d1a1411239f in 55 milliseconds
2025-10-20 19:51:43,744 | INFO  | SCMAudit | user=runner | ip=127.0.0.1 | op=SEND_HEARTBEAT {"datanodeUUID":"e05592a5-d00f-4fc1-9e39-a968c1ecb04e","term":"2","command":"[]"} | ret=SUCCESS |  
2025-10-20 19:51:43,744 | INFO  | SCMAudit | user=runner | ip=127.0.0.1 | op=SEND_HEARTBEAT {"datanodeUUID":"33f74daf-be7a-4306-b2af-53e409c4cb93","term":"2","command":"[]"} | ret=SUCCESS |  
2025-10-20 19:51:43,760 | INFO  | SCMAudit | user=runner | ip=127.0.0.1 | op=GET_CONTAINER_WITH_PIPELINE_BATCH {"containerIDs":"#16,#18,#20,"} | ret=SUCCESS |  
2025-10-20 19:51:43,762 | INFO  | OMAudit | user=null | ip= | op=READ_KEY {"volume":"1c577ce3-4f47-4d63-9835-7631e79cef25","bucket":"5e8ba41d-bf93-4ce7-8088-f8f7859553b9","key":"046c796f-141d-4fb2-bb7f-595a8a4761a1","owner":null,"dataSize":"0","replicationConfig":null} | ret=SUCCESS |  
2025-10-20 19:51:43,763 | INFO  | SCMAudit | user=runner | ip=127.0.0.1 | op=GET_CONTAINER {"containerID":"20"} | ret=SUCCESS |  
2025-10-20 19:51:43,764 | INFO  | SCMAudit | user=runner | ip=127.0.0.1 | op=GET_CONTAINER {"containerID":"18"} | ret=SUCCESS |  
2025-10-20 19:51:43,765 | INFO  | SCMAudit | user=runner | ip=127.0.0.1 | op=GET_CONTAINER {"containerID":"18"} | ret=SUCCESS |  
2025-10-20 19:51:43,766 [om1-OMDoubleBufferFlushThread] INFO  om.OmSnapshotManager (OmSnapshotManager.java:createOmSnapshotCheckpoint(545)) - Created checkpoint: /home/runner/work/ozone/ozone/hadoop-ozone/integration-test/target/test-dir/MiniOzoneClusterImpl-6935df51-69ff-4c35-8bd4-ed2b81d70e54/om/data/db.snapshots/checkpointState/om.db-f033b9f3-5b8d-4bd0-b084-2d1a1411239f for snapshot /vol-a-65386/buc-a-06236/snapshot-b-9-10362
2025-10-20 19:51:43,766 | INFO  | SCMAudit | user=runner | ip=127.0.0.1 | op=GET_CONTAINER {"containerID":"18"} | ret=SUCCESS |  
2025-10-20 19:51:43,767 | INFO  | SCMAudit | user=runner | ip=127.0.0.1 | op=GET_CONTAINER {"containerID":"16"} | ret=SUCCESS |  
]]></system-out>
  </testcase>
  <testcase name="testMultipartUploadWithTags(BucketLayout)[3]" classname="org.apache.hadoop.ozone.client.rpc.TestSecureOzoneRpcClient" time="0.256">
    <system-out><![CDATA[2025-10-20 19:51:43,782 [ForkJoinPool-1-worker-1] INFO  rpc.RpcClient (RpcClient.java:createVolume(461)) - Creating Volume: e3e0548d-0170-43db-a2a8-0d6df969f1d5, with runner as owner and space quota set to -1 bytes, counts quota set to -1
2025-10-20 19:51:43,788 [om1-OMStateMachineApplyTransactionThread - 0] INFO  volume.OMVolumeCreateRequest (OMVolumeCreateRequest.java:validateAndUpdateCache(213)) - created volume:e3e0548d-0170-43db-a2a8-0d6df969f1d5 for user:runner
2025-10-20 19:51:43,788 | INFO  | OMAudit | user=runner | ip=127.0.0.1 | op=CREATE_VOLUME {"admin":"runner","owner":"runner","volume":"e3e0548d-0170-43db-a2a8-0d6df969f1d5","creationTime":"1760989903785","modificationTime":"1760989903785","quotaInBytes":"-1","quotaInNamespace":"-1","usedNamespace":"0","objectID":"-9223372036854373888","updateID":"1570","Transaction":"1570"} | ret=SUCCESS |  
2025-10-20 19:51:43,792 | INFO  | OMAudit | user=runner | ip=127.0.0.1 | op=READ_VOLUME {"volume":"e3e0548d-0170-43db-a2a8-0d6df969f1d5"} | ret=SUCCESS |  
2025-10-20 19:51:43,793 [ForkJoinPool-1-worker-1] INFO  rpc.RpcClient (RpcClient.java:createBucket(686)) - Creating Bucket: e3e0548d-0170-43db-a2a8-0d6df969f1d5/040de10e-034b-40e7-b3b8-5d61c72d86d0, with bucket layout FILE_SYSTEM_OPTIMIZED, runner as owner, Versioning false, Storage Type set to DISK and Encryption set to false, Replication Type set to server-side default replication type, Namespace Quota set to -1, Space Quota set to -1 
2025-10-20 19:51:43,796 [om1-OMStateMachineApplyTransactionThread - 0] INFO  bucket.OMBucketCreateRequest (OMBucketCreateRequest.java:validateAndUpdateCache(303)) - created bucket: 040de10e-034b-40e7-b3b8-5d61c72d86d0 of layout FILE_SYSTEM_OPTIMIZED in volume: e3e0548d-0170-43db-a2a8-0d6df969f1d5
2025-10-20 19:51:43,796 | INFO  | OMAudit | user=runner | ip=127.0.0.1 | op=CREATE_BUCKET {"volume":"e3e0548d-0170-43db-a2a8-0d6df969f1d5","bucket":"040de10e-034b-40e7-b3b8-5d61c72d86d0","bucketLayout":"FILE_SYSTEM_OPTIMIZED","gdprEnabled":null,"acls":"[user:runner:a[ACCESS], group:runner:rl[ACCESS]]","isVersionEnabled":"false","storageType":"DISK","creationTime":"1760989903794","bucketEncryptionKey":null,"modificationTime":"1760989903794","usedBytes":"0","usedNamespace":"0","snapshotUsedBytes":"0","snapshotUsedNamespace":"0","owner":"runner","replicationType":null,"replicationConfig":null,"quotaInBytes":"-1","quotaInNamespace":"-1","Transaction":"1571"} | ret=SUCCESS |  
2025-10-20 19:51:43,797 | INFO  | OMAudit | user=runner | ip=127.0.0.1 | op=READ_BUCKET {"volume":"e3e0548d-0170-43db-a2a8-0d6df969f1d5","bucket":"040de10e-034b-40e7-b3b8-5d61c72d86d0"} | ret=SUCCESS |  
2025-10-20 19:51:43,801 | INFO  | OMAudit | user=runner | ip=127.0.0.1 | op=INITIATE_MULTIPART_UPLOAD {"volume":"e3e0548d-0170-43db-a2a8-0d6df969f1d5","bucket":"040de10e-034b-40e7-b3b8-5d61c72d86d0","key":"c3787385-0ae8-4371-8740-22e8cce6dffa","dataSize":"0","replicationType":"RATIS","replicationFactor":"THREE","uploadID":"019a032d-7bb7-76ed-8c47-5eb66d1115c2-115408234335371652","Transaction":"1572"} | ret=SUCCESS |  
2025-10-20 19:51:43,805 | INFO  | OMAudit | user=runner | ip=127.0.0.1 | op=ALLOCATE_KEY {"volume":"e3e0548d-0170-43db-a2a8-0d6df969f1d5","bucket":"040de10e-034b-40e7-b3b8-5d61c72d86d0","key":"c3787385-0ae8-4371-8740-22e8cce6dffa","dataSize":"5242880","Transaction":"1573"} | ret=SUCCESS |  
2025-10-20 19:51:43,805 [om1-OMDoubleBufferFlushThread] INFO  db.RDBCheckpointManager (RDBCheckpointManager.java:createCheckpoint(87)) - Created checkpoint in rocksDB at /home/runner/work/ozone/ozone/hadoop-ozone/integration-test/target/test-dir/MiniOzoneClusterImpl-6935df51-69ff-4c35-8bd4-ed2b81d70e54/om/data/db.snapshots/checkpointState/om.db-9e6d68b3-89b7-41d7-a2ed-3508bdb72e89 in 37 milliseconds
2025-10-20 19:51:43,808 | INFO  | SCMAudit | user=runner | ip=127.0.0.1 | op=ALLOCATE_BLOCK {"replication":"RATIS/THREE","owner":"omServiceIdDefault","size":"4194304","sampleBlocks":"[conID: 14 locID: 115816896921600417]","num":"1","client":"","allocated":"1"} | ret=SUCCESS |  
2025-10-20 19:51:43,811 | INFO  | OMAudit | user=runner | ip=127.0.0.1 | op=ALLOCATE_BLOCK {"volume":"e3e0548d-0170-43db-a2a8-0d6df969f1d5","bucket":"040de10e-034b-40e7-b3b8-5d61c72d86d0","key":"c3787385-0ae8-4371-8740-22e8cce6dffa","dataSize":"5242880","replicationType":"RATIS","replicationFactor":"THREE","clientID":"115408234335699333","Transaction":"1574"} | ret=SUCCESS |  
2025-10-20 19:51:43,835 [om1-OMDoubleBufferFlushThread] INFO  om.OmSnapshotManager (OmSnapshotManager.java:createOmSnapshotCheckpoint(545)) - Created checkpoint: /home/runner/work/ozone/ozone/hadoop-ozone/integration-test/target/test-dir/MiniOzoneClusterImpl-6935df51-69ff-4c35-8bd4-ed2b81d70e54/om/data/db.snapshots/checkpointState/om.db-9e6d68b3-89b7-41d7-a2ed-3508bdb72e89 for snapshot /vol-a-65386/buc-b-16885/snapshot-b-9-48178
2025-10-20 19:51:43,846 | INFO  | SCMAudit | user=runner | ip=127.0.0.1 | op=SEND_HEARTBEAT {"datanodeUUID":"d7d8cf72-b9f6-4979-9c53-007dd6e6e48a","term":"2","command":"[]"} | ret=SUCCESS |  
2025-10-20 19:51:43,847 | INFO  | SCMAudit | user=runner | ip=127.0.0.1 | op=ALLOCATE_BLOCK {"replication":"RATIS/THREE","owner":"omServiceIdDefault","size":"4194304","sampleBlocks":"[conID: 21 locID: 115816896921600418]","num":"1","client":"","allocated":"1"} | ret=SUCCESS |  
2025-10-20 19:51:43,848 | INFO  | OMAudit | user=runner | ip=127.0.0.1 | op=ALLOCATE_BLOCK {"volume":"e3e0548d-0170-43db-a2a8-0d6df969f1d5","bucket":"040de10e-034b-40e7-b3b8-5d61c72d86d0","key":"c3787385-0ae8-4371-8740-22e8cce6dffa","dataSize":"5242880","replicationType":"RATIS","replicationFactor":"THREE","clientID":"115408234335699333","Transaction":"1575"} | ret=SUCCESS |  
2025-10-20 19:51:43,867 | INFO  | OMAudit | user=runner | ip=127.0.0.1 | op=COMMIT_MULTIPART_UPLOAD_PARTKEY {"volume":"e3e0548d-0170-43db-a2a8-0d6df969f1d5","bucket":"040de10e-034b-40e7-b3b8-5d61c72d86d0","key":"c3787385-0ae8-4371-8740-22e8cce6dffa","dataSize":"5242880","ETag":"5ec9ae7549d12b830c2796d79d95cb39","uploadID":"019a032d-7bb7-76ed-8c47-5eb66d1115c2-115408234335371652","partNumber":"1","partName":"/e3e0548d-0170-43db-a2a8-0d6df969f1d5/040de10e-034b-40e7-b3b8-5d61c72d86d0/c3787385-0ae8-4371-8740-22e8cce6dffa-019a032d-7bb7-76ed-8c47-5eb66d1115c2-115408234335371652-1","Transaction":"1576"} | ret=SUCCESS |  
2025-10-20 19:51:43,871 | INFO  | OMAudit | user=runner | ip=127.0.0.1 | op=ALLOCATE_KEY {"volume":"e3e0548d-0170-43db-a2a8-0d6df969f1d5","bucket":"040de10e-034b-40e7-b3b8-5d61c72d86d0","key":"c3787385-0ae8-4371-8740-22e8cce6dffa","dataSize":"5242880","Transaction":"1577"} | ret=SUCCESS |  
2025-10-20 19:51:43,872 | INFO  | SCMAudit | user=runner | ip=127.0.0.1 | op=ALLOCATE_BLOCK {"replication":"RATIS/THREE","owner":"omServiceIdDefault","size":"4194304","sampleBlocks":"[conID: 20 locID: 115816896921600419]","num":"1","client":"","allocated":"1"} | ret=SUCCESS |  
2025-10-20 19:51:43,874 | INFO  | OMAudit | user=runner | ip=127.0.0.1 | op=ALLOCATE_BLOCK {"volume":"e3e0548d-0170-43db-a2a8-0d6df969f1d5","bucket":"040de10e-034b-40e7-b3b8-5d61c72d86d0","key":"c3787385-0ae8-4371-8740-22e8cce6dffa","dataSize":"5242880","replicationType":"RATIS","replicationFactor":"THREE","clientID":"115408234339959174","Transaction":"1578"} | ret=SUCCESS |  
2025-10-20 19:51:43,876 [om1-OMDoubleBufferFlushThread] INFO  db.RDBCheckpointManager (RDBCheckpointManager.java:createCheckpoint(87)) - Created checkpoint in rocksDB at /home/runner/work/ozone/ozone/hadoop-ozone/integration-test/target/test-dir/MiniOzoneClusterImpl-6935df51-69ff-4c35-8bd4-ed2b81d70e54/om/data/db.snapshots/checkpointState/om.db-18d9b063-0f8d-4038-bae0-663ce846b145 in 39 milliseconds
2025-10-20 19:51:43,905 | INFO  | SCMAudit | user=runner | ip=127.0.0.1 | op=ALLOCATE_BLOCK {"replication":"RATIS/THREE","owner":"omServiceIdDefault","size":"4194304","sampleBlocks":"[conID: 16 locID: 115816896921600420]","num":"1","client":"","allocated":"1"} | ret=SUCCESS |  
2025-10-20 19:51:43,907 | INFO  | OMAudit | user=runner | ip=127.0.0.1 | op=ALLOCATE_BLOCK {"volume":"e3e0548d-0170-43db-a2a8-0d6df969f1d5","bucket":"040de10e-034b-40e7-b3b8-5d61c72d86d0","key":"c3787385-0ae8-4371-8740-22e8cce6dffa","dataSize":"5242880","replicationType":"RATIS","replicationFactor":"THREE","clientID":"115408234339959174","Transaction":"1579"} | ret=SUCCESS |  
2025-10-20 19:51:43,909 [om1-OMDoubleBufferFlushThread] INFO  om.OmSnapshotManager (OmSnapshotManager.java:createOmSnapshotCheckpoint(545)) - Created checkpoint: /home/runner/work/ozone/ozone/hadoop-ozone/integration-test/target/test-dir/MiniOzoneClusterImpl-6935df51-69ff-4c35-8bd4-ed2b81d70e54/om/data/db.snapshots/checkpointState/om.db-18d9b063-0f8d-4038-bae0-663ce846b145 for snapshot /vol-b-47597/buc-a-06236/snapshot-b-9-32013
2025-10-20 19:51:43,928 | INFO  | OMAudit | user=runner | ip=127.0.0.1 | op=COMMIT_MULTIPART_UPLOAD_PARTKEY {"volume":"e3e0548d-0170-43db-a2a8-0d6df969f1d5","bucket":"040de10e-034b-40e7-b3b8-5d61c72d86d0","key":"c3787385-0ae8-4371-8740-22e8cce6dffa","dataSize":"5242880","ETag":"5ec9ae7549d12b830c2796d79d95cb39","uploadID":"019a032d-7bb7-76ed-8c47-5eb66d1115c2-115408234335371652","partNumber":"2","partName":"/e3e0548d-0170-43db-a2a8-0d6df969f1d5/040de10e-034b-40e7-b3b8-5d61c72d86d0/c3787385-0ae8-4371-8740-22e8cce6dffa-019a032d-7bb7-76ed-8c47-5eb66d1115c2-115408234335371652-2","Transaction":"1580"} | ret=SUCCESS |  
2025-10-20 19:51:43,931 | INFO  | OMAudit | user=runner | ip=127.0.0.1 | op=ALLOCATE_KEY {"volume":"e3e0548d-0170-43db-a2a8-0d6df969f1d5","bucket":"040de10e-034b-40e7-b3b8-5d61c72d86d0","key":"c3787385-0ae8-4371-8740-22e8cce6dffa","dataSize":"36","Transaction":"1581"} | ret=SUCCESS |  
2025-10-20 19:51:43,933 | INFO  | SCMAudit | user=runner | ip=127.0.0.1 | op=ALLOCATE_BLOCK {"replication":"RATIS/THREE","owner":"omServiceIdDefault","size":"4194304","sampleBlocks":"[conID: 21 locID: 115816896921600421]","num":"1","client":"","allocated":"1"} | ret=SUCCESS |  
2025-10-20 19:51:43,935 | INFO  | OMAudit | user=runner | ip=127.0.0.1 | op=ALLOCATE_BLOCK {"volume":"e3e0548d-0170-43db-a2a8-0d6df969f1d5","bucket":"040de10e-034b-40e7-b3b8-5d61c72d86d0","key":"c3787385-0ae8-4371-8740-22e8cce6dffa","dataSize":"36","replicationType":"RATIS","replicationFactor":"THREE","clientID":"115408234343891335","Transaction":"1582"} | ret=SUCCESS |  
2025-10-20 19:51:43,949 | INFO  | OMAudit | user=runner | ip=127.0.0.1 | op=COMMIT_MULTIPART_UPLOAD_PARTKEY {"volume":"e3e0548d-0170-43db-a2a8-0d6df969f1d5","bucket":"040de10e-034b-40e7-b3b8-5d61c72d86d0","key":"c3787385-0ae8-4371-8740-22e8cce6dffa","dataSize":"36","ETag":"5a1bad2aec924c68b84dda3c41238fe9","uploadID":"019a032d-7bb7-76ed-8c47-5eb66d1115c2-115408234335371652","partNumber":"3","partName":"/e3e0548d-0170-43db-a2a8-0d6df969f1d5/040de10e-034b-40e7-b3b8-5d61c72d86d0/c3787385-0ae8-4371-8740-22e8cce6dffa-019a032d-7bb7-76ed-8c47-5eb66d1115c2-115408234335371652-3","Transaction":"1583"} | ret=SUCCESS |  
2025-10-20 19:51:43,953 | INFO  | OMAudit | user=runner | ip=127.0.0.1 | op=COMPLETE_MULTIPART_UPLOAD {"volume":"e3e0548d-0170-43db-a2a8-0d6df969f1d5","bucket":"040de10e-034b-40e7-b3b8-5d61c72d86d0","key":"c3787385-0ae8-4371-8740-22e8cce6dffa","dataSize":"0","uploadID":"019a032d-7bb7-76ed-8c47-5eb66d1115c2-115408234335371652","multipartList":"[partNumber: 1 partName: \"5ec9ae7549d12b830c2796d79d95cb39\" eTag: \"5ec9ae7549d12b830c2796d79d95cb39\" , partNumber: 2 partName: \"5ec9ae7549d12b830c2796d79d95cb39\" eTag: \"5ec9ae7549d12b830c2796d79d95cb39\" , partNumber: 3 partName: \"5a1bad2aec924c68b84dda3c41238fe9\" eTag: \"5a1bad2aec924c68b84dda3c41238fe9\" ]","Transaction":"1584"} | ret=SUCCESS |  
2025-10-20 19:51:43,956 [om1-OMDoubleBufferFlushThread] INFO  db.RDBCheckpointManager (RDBCheckpointManager.java:createCheckpoint(87)) - Created checkpoint in rocksDB at /home/runner/work/ozone/ozone/hadoop-ozone/integration-test/target/test-dir/MiniOzoneClusterImpl-6935df51-69ff-4c35-8bd4-ed2b81d70e54/om/data/db.snapshots/checkpointState/om.db-2eeb2f6a-3cea-4908-927e-6182cb826dd9 in 45 milliseconds
2025-10-20 19:51:43,957 | INFO  | OMAudit | user=runner | ip=127.0.0.1 | op=READ_KEY {"volume":"e3e0548d-0170-43db-a2a8-0d6df969f1d5","bucket":"040de10e-034b-40e7-b3b8-5d61c72d86d0","key":"c3787385-0ae8-4371-8740-22e8cce6dffa","owner":null,"dataSize":"0","replicationConfig":null} | ret=SUCCESS |  
2025-10-20 19:51:43,989 [om1-OMDoubleBufferFlushThread] INFO  om.OmSnapshotManager (OmSnapshotManager.java:createOmSnapshotCheckpoint(545)) - Created checkpoint: /home/runner/work/ozone/ozone/hadoop-ozone/integration-test/target/test-dir/MiniOzoneClusterImpl-6935df51-69ff-4c35-8bd4-ed2b81d70e54/om/data/db.snapshots/checkpointState/om.db-2eeb2f6a-3cea-4908-927e-6182cb826dd9 for snapshot /vol-b-47597/buc-b-16885/snapshot-b-9-80118
2025-10-20 19:51:44,018 | INFO  | SCMAudit | user=runner | ip=127.0.0.1 | op=GET_CONTAINER_WITH_PIPELINE_BATCH {"containerIDs":"#16,#20,#21,#14,"} | ret=SUCCESS |  
2025-10-20 19:51:44,020 | INFO  | OMAudit | user=null | ip= | op=READ_KEY {"volume":"e3e0548d-0170-43db-a2a8-0d6df969f1d5","bucket":"040de10e-034b-40e7-b3b8-5d61c72d86d0","key":"c3787385-0ae8-4371-8740-22e8cce6dffa","owner":null,"dataSize":"0","replicationConfig":null} | ret=SUCCESS |  
2025-10-20 19:51:44,021 | INFO  | SCMAudit | user=runner | ip=127.0.0.1 | op=GET_CONTAINER {"containerID":"14"} | ret=SUCCESS |  
2025-10-20 19:51:44,021 | INFO  | SCMAudit | user=runner | ip=127.0.0.1 | op=GET_CONTAINER {"containerID":"21"} | ret=SUCCESS |  
2025-10-20 19:51:44,023 | INFO  | SCMAudit | user=runner | ip=127.0.0.1 | op=GET_CONTAINER {"containerID":"20"} | ret=SUCCESS |  
2025-10-20 19:51:44,024 | INFO  | SCMAudit | user=runner | ip=127.0.0.1 | op=GET_CONTAINER {"containerID":"16"} | ret=SUCCESS |  
2025-10-20 19:51:44,024 | INFO  | SCMAudit | user=runner | ip=127.0.0.1 | op=GET_CONTAINER {"containerID":"21"} | ret=SUCCESS |  
]]></system-out>
  </testcase>
  <testcase name="testNativeAclsForBucket" classname="org.apache.hadoop.ozone.client.rpc.TestSecureOzoneRpcClient" time="0.089">
    <system-out><![CDATA[2025-10-20 19:51:44,041 [ForkJoinPool-1-worker-1] INFO  rpc.RpcClient (RpcClient.java:createVolume(461)) - Creating Volume: bd8f4566-06cf-42df-9190-2c05b9ec2411, with runner as owner and space quota set to -1 bytes, counts quota set to -1
2025-10-20 19:51:44,043 [om1-OMStateMachineApplyTransactionThread - 0] INFO  volume.OMVolumeCreateRequest (OMVolumeCreateRequest.java:validateAndUpdateCache(213)) - created volume:bd8f4566-06cf-42df-9190-2c05b9ec2411 for user:runner
2025-10-20 19:51:44,043 | INFO  | OMAudit | user=runner | ip=127.0.0.1 | op=CREATE_VOLUME {"admin":"runner","owner":"runner","volume":"bd8f4566-06cf-42df-9190-2c05b9ec2411","creationTime":"1760989904042","modificationTime":"1760989904042","quotaInBytes":"-1","quotaInNamespace":"-1","usedNamespace":"0","objectID":"-9223372036854370048","updateID":"1585","Transaction":"1585"} | ret=SUCCESS |  
2025-10-20 19:51:44,044 | INFO  | OMAudit | user=runner | ip=127.0.0.1 | op=READ_VOLUME {"volume":"bd8f4566-06cf-42df-9190-2c05b9ec2411"} | ret=SUCCESS |  
2025-10-20 19:51:44,045 [ForkJoinPool-1-worker-1] INFO  rpc.RpcClient (RpcClient.java:createBucket(686)) - Creating Bucket: bd8f4566-06cf-42df-9190-2c05b9ec2411/52fcc576-5663-4077-a0d2-bf9c365e3241, with server-side default bucket layout, runner as owner, Versioning false, Storage Type set to DISK and Encryption set to false, Replication Type set to server-side default replication type, Namespace Quota set to -1, Space Quota set to -1 
2025-10-20 19:51:44,046 [om1-OMStateMachineApplyTransactionThread - 0] INFO  bucket.OMBucketCreateRequest (OMBucketCreateRequest.java:validateAndUpdateCache(303)) - created bucket: 52fcc576-5663-4077-a0d2-bf9c365e3241 of layout FILE_SYSTEM_OPTIMIZED in volume: bd8f4566-06cf-42df-9190-2c05b9ec2411
2025-10-20 19:51:44,046 | INFO  | OMAudit | user=runner | ip=127.0.0.1 | op=CREATE_BUCKET {"volume":"bd8f4566-06cf-42df-9190-2c05b9ec2411","bucket":"52fcc576-5663-4077-a0d2-bf9c365e3241","bucketLayout":"FILE_SYSTEM_OPTIMIZED","gdprEnabled":null,"acls":"[user:runner:a[ACCESS], group:runner:rl[ACCESS]]","isVersionEnabled":"false","storageType":"DISK","creationTime":"1760989904045","bucketEncryptionKey":null,"modificationTime":"1760989904045","usedBytes":"0","usedNamespace":"0","snapshotUsedBytes":"0","snapshotUsedNamespace":"0","owner":"runner","replicationType":null,"replicationConfig":null,"quotaInBytes":"-1","quotaInNamespace":"-1","Transaction":"1586"} | ret=SUCCESS |  
2025-10-20 19:51:44,047 | INFO  | OMAudit | user=runner | ip=127.0.0.1 | op=READ_BUCKET {"volume":"bd8f4566-06cf-42df-9190-2c05b9ec2411","bucket":"52fcc576-5663-4077-a0d2-bf9c365e3241"} | ret=SUCCESS |  
2025-10-20 19:51:44,079 | INFO  | OMAudit | user=runner | ip=127.0.0.1 | op=ADD_ACL {"resourceType":"bucket","storageType":"ozone","volume":"bd8f4566-06cf-42df-9190-2c05b9ec2411","bucket":"52fcc576-5663-4077-a0d2-bf9c365e3241","key":null,"acl":"[user:runner:x[ACCESS]]","Transaction":"1587"} | ret=SUCCESS |  
2025-10-20 19:51:44,081 | INFO  | OMAudit | user=runner | ip=127.0.0.1 | op=GET_ACL {"resourceType":"bucket","storageType":"ozone","volume":"bd8f4566-06cf-42df-9190-2c05b9ec2411","bucket":"52fcc576-5663-4077-a0d2-bf9c365e3241","key":null} | ret=SUCCESS |  
2025-10-20 19:51:44,082 | INFO  | OMAudit | user=runner | ip=127.0.0.1 | op=GET_ACL {"resourceType":"bucket","storageType":"ozone","volume":"bd8f4566-06cf-42df-9190-2c05b9ec2411","bucket":"52fcc576-5663-4077-a0d2-bf9c365e3241","key":null} | ret=SUCCESS |  
2025-10-20 19:51:44,090 | INFO  | OMAudit | user=runner | ip=127.0.0.1 | op=REMOVE_ACL {"resourceType":"bucket","storageType":"ozone","volume":"bd8f4566-06cf-42df-9190-2c05b9ec2411","bucket":"52fcc576-5663-4077-a0d2-bf9c365e3241","key":null,"acl":"[user:runner:x[ACCESS]]","Transaction":"1588"} | ret=SUCCESS |  
2025-10-20 19:51:44,091 | INFO  | OMAudit | user=runner | ip=127.0.0.1 | op=GET_ACL {"resourceType":"bucket","storageType":"ozone","volume":"bd8f4566-06cf-42df-9190-2c05b9ec2411","bucket":"52fcc576-5663-4077-a0d2-bf9c365e3241","key":null} | ret=SUCCESS |  
2025-10-20 19:51:44,092 | INFO  | OMAudit | user=runner | ip=127.0.0.1 | op=GET_ACL {"resourceType":"bucket","storageType":"ozone","volume":"bd8f4566-06cf-42df-9190-2c05b9ec2411","bucket":"52fcc576-5663-4077-a0d2-bf9c365e3241","key":null} | ret=SUCCESS |  
2025-10-20 19:51:44,093 | INFO  | OMAudit | user=runner | ip=127.0.0.1 | op=GET_ACL {"resourceType":"bucket","storageType":"ozone","volume":"bd8f4566-06cf-42df-9190-2c05b9ec2411","bucket":"52fcc576-5663-4077-a0d2-bf9c365e3241","key":null} | ret=SUCCESS |  
2025-10-20 19:51:44,095 | INFO  | OMAudit | user=runner | ip=127.0.0.1 | op=REMOVE_ACL {"resourceType":"bucket","storageType":"ozone","volume":"bd8f4566-06cf-42df-9190-2c05b9ec2411","bucket":"52fcc576-5663-4077-a0d2-bf9c365e3241","key":null,"acl":"[user:runner:a[ACCESS]]","Transaction":"1589"} | ret=SUCCESS |  
2025-10-20 19:51:44,097 | INFO  | OMAudit | user=runner | ip=127.0.0.1 | op=REMOVE_ACL {"resourceType":"bucket","storageType":"ozone","volume":"bd8f4566-06cf-42df-9190-2c05b9ec2411","bucket":"52fcc576-5663-4077-a0d2-bf9c365e3241","key":null,"acl":"[group:runner:rl[ACCESS]]","Transaction":"1590"} | ret=SUCCESS |  
2025-10-20 19:51:44,098 | INFO  | OMAudit | user=runner | ip=127.0.0.1 | op=GET_ACL {"resourceType":"bucket","storageType":"ozone","volume":"bd8f4566-06cf-42df-9190-2c05b9ec2411","bucket":"52fcc576-5663-4077-a0d2-bf9c365e3241","key":null} | ret=SUCCESS |  
2025-10-20 19:51:44,099 | INFO  | OMAudit | user=runner | ip=127.0.0.1 | op=ADD_ACL {"resourceType":"bucket","storageType":"ozone","volume":"bd8f4566-06cf-42df-9190-2c05b9ec2411","bucket":"52fcc576-5663-4077-a0d2-bf9c365e3241","key":null,"acl":"[user:runner:a[ACCESS]]","Transaction":"1591"} | ret=SUCCESS |  
2025-10-20 19:51:44,101 | INFO  | OMAudit | user=runner | ip=127.0.0.1 | op=GET_ACL {"resourceType":"bucket","storageType":"ozone","volume":"bd8f4566-06cf-42df-9190-2c05b9ec2411","bucket":"52fcc576-5663-4077-a0d2-bf9c365e3241","key":null} | ret=SUCCESS |  
2025-10-20 19:51:44,104 | INFO  | OMAudit | user=runner | ip=127.0.0.1 | op=ADD_ACL {"resourceType":"bucket","storageType":"ozone","volume":"bd8f4566-06cf-42df-9190-2c05b9ec2411","bucket":"52fcc576-5663-4077-a0d2-bf9c365e3241","key":null,"acl":"[group:runner:rl[ACCESS]]","Transaction":"1592"} | ret=SUCCESS |  
2025-10-20 19:51:44,106 | INFO  | OMAudit | user=runner | ip=127.0.0.1 | op=GET_ACL {"resourceType":"bucket","storageType":"ozone","volume":"bd8f4566-06cf-42df-9190-2c05b9ec2411","bucket":"52fcc576-5663-4077-a0d2-bf9c365e3241","key":null} | ret=SUCCESS |  
2025-10-20 19:51:44,107 | INFO  | OMAudit | user=runner | ip=127.0.0.1 | op=GET_ACL {"resourceType":"bucket","storageType":"ozone","volume":"bd8f4566-06cf-42df-9190-2c05b9ec2411","bucket":"52fcc576-5663-4077-a0d2-bf9c365e3241","key":null} | ret=SUCCESS |  
2025-10-20 19:51:44,114 | INFO  | OMAudit | user=runner | ip=127.0.0.1 | op=SET_ACL {"resourceType":"bucket","storageType":"ozone","volume":"bd8f4566-06cf-42df-9190-2c05b9ec2411","bucket":"52fcc576-5663-4077-a0d2-bf9c365e3241","key":null,"acl":"[user:userx:x[ACCESS], group:userx:a[ACCESS]]","Transaction":"1593"} | ret=SUCCESS |  
2025-10-20 19:51:44,116 | INFO  | OMAudit | user=runner | ip=127.0.0.1 | op=GET_ACL {"resourceType":"bucket","storageType":"ozone","volume":"bd8f4566-06cf-42df-9190-2c05b9ec2411","bucket":"52fcc576-5663-4077-a0d2-bf9c365e3241","key":null} | ret=SUCCESS |  
2025-10-20 19:51:44,118 | INFO  | OMAudit | user=runner | ip=127.0.0.1 | op=ADD_ACL {"resourceType":"volume","storageType":"ozone","volume":"bd8f4566-06cf-42df-9190-2c05b9ec2411","bucket":null,"key":null,"acl":"[user:remoteUser:r[DEFAULT]]","Transaction":"1594"} | ret=SUCCESS |  
2025-10-20 19:51:44,120 | INFO  | OMAudit | user=runner | ip=127.0.0.1 | op=ADD_ACL {"resourceType":"volume","storageType":"ozone","volume":"bd8f4566-06cf-42df-9190-2c05b9ec2411","bucket":null,"key":null,"acl":"[group:remoteGroup:r[DEFAULT]]","Transaction":"1595"} | ret=SUCCESS |  
2025-10-20 19:51:44,123 | INFO  | OMAudit | user=runner | ip=127.0.0.1 | op=DELETE_BUCKET {"volume":"bd8f4566-06cf-42df-9190-2c05b9ec2411","bucket":"52fcc576-5663-4077-a0d2-bf9c365e3241","Transaction":"1596"} | ret=SUCCESS |  
2025-10-20 19:51:44,124 [ForkJoinPool-1-worker-1] INFO  rpc.RpcClient (RpcClient.java:createBucket(686)) - Creating Bucket: bd8f4566-06cf-42df-9190-2c05b9ec2411/52fcc576-5663-4077-a0d2-bf9c365e3241, with server-side default bucket layout, runner as owner, Versioning false, Storage Type set to DISK and Encryption set to false, Replication Type set to server-side default replication type, Namespace Quota set to -1, Space Quota set to -1 
2025-10-20 19:51:44,125 [om1-OMStateMachineApplyTransactionThread - 0] INFO  bucket.OMBucketCreateRequest (OMBucketCreateRequest.java:validateAndUpdateCache(303)) - created bucket: 52fcc576-5663-4077-a0d2-bf9c365e3241 of layout FILE_SYSTEM_OPTIMIZED in volume: bd8f4566-06cf-42df-9190-2c05b9ec2411
2025-10-20 19:51:44,125 | INFO  | OMAudit | user=runner | ip=127.0.0.1 | op=CREATE_BUCKET {"volume":"bd8f4566-06cf-42df-9190-2c05b9ec2411","bucket":"52fcc576-5663-4077-a0d2-bf9c365e3241","bucketLayout":"FILE_SYSTEM_OPTIMIZED","gdprEnabled":null,"acls":"[user:runner:a[ACCESS], group:runner:rl[ACCESS], user:remoteUser:r[ACCESS], group:remoteGroup:r[ACCESS]]","isVersionEnabled":"false","storageType":"DISK","creationTime":"1760989904125","bucketEncryptionKey":null,"modificationTime":"1760989904125","usedBytes":"0","usedNamespace":"0","snapshotUsedBytes":"0","snapshotUsedNamespace":"0","owner":"runner","replicationType":null,"replicationConfig":null,"quotaInBytes":"-1","quotaInNamespace":"-1","Transaction":"1597"} | ret=SUCCESS |  
2025-10-20 19:51:44,127 | INFO  | OMAudit | user=runner | ip=127.0.0.1 | op=GET_ACL {"resourceType":"volume","storageType":"ozone","volume":"bd8f4566-06cf-42df-9190-2c05b9ec2411","bucket":null,"key":null} | ret=SUCCESS |  
2025-10-20 19:51:44,128 | INFO  | OMAudit | user=runner | ip=127.0.0.1 | op=GET_ACL {"resourceType":"bucket","storageType":"ozone","volume":"bd8f4566-06cf-42df-9190-2c05b9ec2411","bucket":"52fcc576-5663-4077-a0d2-bf9c365e3241","key":null} | ret=SUCCESS |  
]]></system-out>
  </testcase>
  <testcase name="testNativeAclsForKey" classname="org.apache.hadoop.ozone.client.rpc.TestSecureOzoneRpcClient" time="0.176">
    <system-out><![CDATA[2025-10-20 19:51:44,130 [ForkJoinPool-1-worker-1] INFO  rpc.RpcClient (RpcClient.java:createVolume(461)) - Creating Volume: 4bc154fa-ce28-40d4-a159-5d848d8e8594, with runner as owner and space quota set to -1 bytes, counts quota set to -1
2025-10-20 19:51:44,131 [om1-OMStateMachineApplyTransactionThread - 0] INFO  volume.OMVolumeCreateRequest (OMVolumeCreateRequest.java:validateAndUpdateCache(213)) - created volume:4bc154fa-ce28-40d4-a159-5d848d8e8594 for user:runner
2025-10-20 19:51:44,132 | INFO  | OMAudit | user=runner | ip=127.0.0.1 | op=CREATE_VOLUME {"admin":"runner","owner":"runner","volume":"4bc154fa-ce28-40d4-a159-5d848d8e8594","creationTime":"1760989904131","modificationTime":"1760989904131","quotaInBytes":"-1","quotaInNamespace":"-1","usedNamespace":"0","objectID":"-9223372036854366720","updateID":"1598","Transaction":"1598"} | ret=SUCCESS |  
2025-10-20 19:51:44,133 | INFO  | OMAudit | user=runner | ip=127.0.0.1 | op=READ_VOLUME {"volume":"4bc154fa-ce28-40d4-a159-5d848d8e8594"} | ret=SUCCESS |  
2025-10-20 19:51:44,133 [ForkJoinPool-1-worker-1] INFO  rpc.RpcClient (RpcClient.java:createBucket(686)) - Creating Bucket: 4bc154fa-ce28-40d4-a159-5d848d8e8594/251f91e4-b0dc-40e7-bb58-1485b171e0ba, with server-side default bucket layout, runner as owner, Versioning false, Storage Type set to DISK and Encryption set to false, Replication Type set to server-side default replication type, Namespace Quota set to -1, Space Quota set to -1 
2025-10-20 19:51:44,135 [om1-OMStateMachineApplyTransactionThread - 0] INFO  bucket.OMBucketCreateRequest (OMBucketCreateRequest.java:validateAndUpdateCache(303)) - created bucket: 251f91e4-b0dc-40e7-bb58-1485b171e0ba of layout FILE_SYSTEM_OPTIMIZED in volume: 4bc154fa-ce28-40d4-a159-5d848d8e8594
2025-10-20 19:51:44,135 | INFO  | OMAudit | user=runner | ip=127.0.0.1 | op=CREATE_BUCKET {"volume":"4bc154fa-ce28-40d4-a159-5d848d8e8594","bucket":"251f91e4-b0dc-40e7-bb58-1485b171e0ba","bucketLayout":"FILE_SYSTEM_OPTIMIZED","gdprEnabled":null,"acls":"[user:runner:a[ACCESS], group:runner:rl[ACCESS]]","isVersionEnabled":"false","storageType":"DISK","creationTime":"1760989904134","bucketEncryptionKey":null,"modificationTime":"1760989904134","usedBytes":"0","usedNamespace":"0","snapshotUsedBytes":"0","snapshotUsedNamespace":"0","owner":"runner","replicationType":null,"replicationConfig":null,"quotaInBytes":"-1","quotaInNamespace":"-1","Transaction":"1599"} | ret=SUCCESS |  
2025-10-20 19:51:44,136 | INFO  | OMAudit | user=runner | ip=127.0.0.1 | op=READ_BUCKET {"volume":"4bc154fa-ce28-40d4-a159-5d848d8e8594","bucket":"251f91e4-b0dc-40e7-bb58-1485b171e0ba"} | ret=SUCCESS |  
2025-10-20 19:51:44,139 | INFO  | OMAudit | user=runner | ip=127.0.0.1 | op=READ_BUCKET {"volume":"4bc154fa-ce28-40d4-a159-5d848d8e8594","bucket":"251f91e4-b0dc-40e7-bb58-1485b171e0ba"} | ret=SUCCESS |  
2025-10-20 19:51:44,140 | INFO  | SCMAudit | user=runner | ip=127.0.0.1 | op=ALLOCATE_BLOCK {"replication":"RATIS/ONE","owner":"omServiceIdDefault","size":"4194304","sampleBlocks":"[conID: 13 locID: 115816896921600422]","num":"1","client":"","allocated":"1"} | ret=SUCCESS |  
2025-10-20 19:51:44,142 | INFO  | OMAudit | user=runner | ip=127.0.0.1 | op=ALLOCATE_KEY {"volume":"4bc154fa-ce28-40d4-a159-5d848d8e8594","bucket":"251f91e4-b0dc-40e7-bb58-1485b171e0ba","key":"dir1/dir24f9be5a4-139e-4aa8-94dd-29d3677dcb68","dataSize":"2262","replicationType":"RATIS","replicationFactor":"ONE","Transaction":"1600"} | ret=SUCCESS |  
2025-10-20 19:51:44,149 | INFO  | OMAudit | user=runner | ip=127.0.0.1 | op=COMMIT_KEY {"volume":"4bc154fa-ce28-40d4-a159-5d848d8e8594","bucket":"251f91e4-b0dc-40e7-bb58-1485b171e0ba","key":"dir1/dir24f9be5a4-139e-4aa8-94dd-29d3677dcb68","dataSize":"2262","replicationType":"RATIS","replicationFactor":"ONE","Transaction":"1601"} | ret=SUCCESS |  
2025-10-20 19:51:44,153 | INFO  | OMAudit | user=runner | ip=127.0.0.1 | op=READ_BUCKET {"volume":"4bc154fa-ce28-40d4-a159-5d848d8e8594","bucket":"251f91e4-b0dc-40e7-bb58-1485b171e0ba"} | ret=SUCCESS |  
2025-10-20 19:51:44,155 | INFO  | SCMAudit | user=runner | ip=127.0.0.1 | op=ALLOCATE_BLOCK {"replication":"RATIS/ONE","owner":"omServiceIdDefault","size":"4194304","sampleBlocks":"[conID: 1 locID: 115816896921600423]","num":"1","client":"","allocated":"1"} | ret=SUCCESS |  
2025-10-20 19:51:44,157 [om1-KeyDeletingService#7] INFO  service.KeyDeletingService (KeyDeletingService.java:processKeyDeletes(151)) - Send 3 key(s) to SCM, first 3 keys: [PurgedKey{blockGroup=BlockGroup[groupID='/45d841fd-806c-4d6e-ab53-cfba45ff507f/e8ff62f8-0aec-4ac9-95ac-4b24c8fb1510/c23cd91c-b75e-42c6-852c-3bf71b10b655/019a032d-6a68-78e1-9bcc-1371328f55b0-115408234044981569/-9223372036854441215/0', blockIDs=[conID: 15 locID: 115816896921600344 bcsId: 0 replicaIndex: null, conID: 18 locID: 115816896921600345 bcsId: 0 replicaIndex: null, conID: 21 locID: 115816896921600346 bcsId: 0 replicaIndex: null, conID: 17 locID: 115816896921600347 bcsId: 0 replicaIndex: null, conID: 20 locID: 115816896921600348 bcsId: 0 replicaIndex: null]], volume='45d841fd-806c-4d6e-ab53-cfba45ff507f', bucket='e8ff62f8-0aec-4ac9-95ac-4b24c8fb1510', bucketId=-9223372036854441472, purgedBytes=31457388, isCommittedKey=false, deleteKeyName='/45d841fd-806c-4d6e-ab53-cfba45ff507f/e8ff62f8-0aec-4ac9-95ac-4b24c8fb1510/c23cd91c-b75e-42c6-852c-3bf71b10b655/019a032d-6a68-78e1-9bcc-1371328f55b0-115408234044981569/-9223372036854441215'}, PurgedKey{blockGroup=BlockGroup[groupID='/0b1127d1-f2a5-4591-b5d7-8895df63f038/73cd074c-0e8c-431a-9da5-9b68564fe739/2fdf9bea-1c1d-43e3-9e01-4874dd4325db/019a032d-67bd-7d8e-909c-a7007b78ff56-115408234000220473/-9223372036854448383/0', blockIDs=[conID: 12 locID: 115816896921600334 bcsId: 0 replicaIndex: null, conID: 7 locID: 115816896921600335 bcsId: 0 replicaIndex: null, conID: 4 locID: 115816896921600336 bcsId: 0 replicaIndex: null, conID: 2 locID: 115816896921600337 bcsId: 0 replicaIndex: null, conID: 12 locID: 115816896921600338 bcsId: 0 replicaIndex: null]], volume='0b1127d1-f2a5-4591-b5d7-8895df63f038', bucket='73cd074c-0e8c-431a-9da5-9b68564fe739', bucketId=-9223372036854448640, purgedBytes=10485796, isCommittedKey=false, deleteKeyName='/0b1127d1-f2a5-4591-b5d7-8895df63f038/73cd074c-0e8c-431a-9da5-9b68564fe739/2fdf9bea-1c1d-43e3-9e01-4874dd4325db/019a032d-67bd-7d8e-909c-a7007b78ff56-115408234000220473/-9223372036854448383'}, PurgedKey{blockGroup=BlockGroup[groupID='/25280abb-2ed1-47c0-bc52-06295e566563/1dbe9348-7c9c-4f2f-888a-57dfd52e0478/dd20f03b-e3a9-4660-962a-f245a03b3805/019a032d-6cb9-775c-9168-03e43c2e7910-115408234083844425/-9223372036854434047/0', blockIDs=[conID: 25 locID: 115816896921600354 bcsId: 0 replicaIndex: null, conID: 23 locID: 115816896921600355 bcsId: 0 replicaIndex: null, conID: 26 locID: 115816896921600356 bcsId: 0 replicaIndex: null]], volume='25280abb-2ed1-47c0-bc52-06295e566563', bucket='1dbe9348-7c9c-4f2f-888a-57dfd52e0478', bucketId=-9223372036854434304, purgedBytes=18874476, isCommittedKey=false, deleteKeyName='/25280abb-2ed1-47c0-bc52-06295e566563/1dbe9348-7c9c-4f2f-888a-57dfd52e0478/dd20f03b-e3a9-4660-962a-f245a03b3805/019a032d-6cb9-775c-9168-03e43c2e7910-115408234083844425/-9223372036854434047'}]
2025-10-20 19:51:44,159 | INFO  | OMAudit | user=runner | ip=127.0.0.1 | op=ALLOCATE_KEY {"volume":"4bc154fa-ce28-40d4-a159-5d848d8e8594","bucket":"251f91e4-b0dc-40e7-bb58-1485b171e0ba","key":"dir1/dir224368307-ccf5-4c7e-8c63-8cd52e1c698d","dataSize":"2280","replicationType":"RATIS","replicationFactor":"ONE","Transaction":"1602"} | ret=SUCCESS |  
2025-10-20 19:51:44,163 | INFO  | SCMAudit | user=runner | ip=127.0.0.1 | op=DELETE_KEY_BLOCK {"KeyBlockToDelete":"[BlockGroup[groupID='/25280abb-2ed1-47c0-bc52-06295e566563/1dbe9348-7c9c-4f2f-888a-57dfd52e0478/dd20f03b-e3a9-4660-962a-f245a03b3805/019a032d-6cb9-775c-9168-03e43c2e7910-115408234083844425/-9223372036854434047/0', blockIDs=[conID: 25 locID: 115816896921600354 bcsId: 0 replicaIndex: null, conID: 23 locID: 115816896921600355 bcsId: 0 replicaIndex: null, conID: 26 locID: 115816896921600356 bcsId: 0 replicaIndex: null]], BlockGroup[groupID='/45d841fd-806c-4d6e-ab53-cfba45ff507f/e8ff62f8-0aec-4ac9-95ac-4b24c8fb1510/c23cd91c-b75e-42c6-852c-3bf71b10b655/019a032d-6a68-78e1-9bcc-1371328f55b0-115408234044981569/-9223372036854441215/0', blockIDs=[conID: 15 locID: 115816896921600344 bcsId: 0 replicaIndex: null, conID: 18 locID: 115816896921600345 bcsId: 0 replicaIndex: null, conID: 21 locID: 115816896921600346 bcsId: 0 replicaIndex: null, conID: 17 locID: 115816896921600347 bcsId: 0 replicaIndex: null, conID: 20 locID: 115816896921600348 bcsId: 0 replicaIndex: null]], BlockGroup[groupID='/0b1127d1-f2a5-4591-b5d7-8895df63f038/73cd074c-0e8c-431a-9da5-9b68564fe739/2fdf9bea-1c1d-43e3-9e01-4874dd4325db/019a032d-67bd-7d8e-909c-a7007b78ff56-115408234000220473/-9223372036854448383/0', blockIDs=[conID: 12 locID: 115816896921600334 bcsId: 0 replicaIndex: null, conID: 7 locID: 115816896921600335 bcsId: 0 replicaIndex: null, conID: 4 locID: 115816896921600336 bcsId: 0 replicaIndex: null, conID: 2 locID: 115816896921600337 bcsId: 0 replicaIndex: null, conID: 12 locID: 115816896921600338 bcsId: 0 replicaIndex: null]]]"} | ret=SUCCESS |  
2025-10-20 19:51:44,164 [om1-KeyDeletingService#7] INFO  service.KeyDeletingService (KeyDeletingService.java:processKeyDeletes(158)) - 3 BlockGroup deletion are acked by SCM in 7 ms
2025-10-20 19:51:44,167 [om1-KeyDeletingService#7] INFO  service.KeyDeletingService (KeyDeletingService.java:processKeyDeletes(166)) - Blocks for 3 (out of 3) keys are deleted from DB in 3 ms. Limit per task is 50000.
2025-10-20 19:51:44,173 | INFO  | OMAudit | user=runner | ip=127.0.0.1 | op=COMMIT_KEY {"volume":"4bc154fa-ce28-40d4-a159-5d848d8e8594","bucket":"251f91e4-b0dc-40e7-bb58-1485b171e0ba","key":"dir1/dir224368307-ccf5-4c7e-8c63-8cd52e1c698d","dataSize":"2280","replicationType":"RATIS","replicationFactor":"ONE","Transaction":"1604"} | ret=SUCCESS |  
2025-10-20 19:51:44,176 | INFO  | SCMAudit | user=runner | ip=127.0.0.1 | op=SEND_HEARTBEAT {"datanodeUUID":"ef67b0a7-5b27-496d-9f38-ab804a28e500","term":"2","command":"[]"} | ret=SUCCESS |  
2025-10-20 19:51:44,180 | INFO  | SCMAudit | user=runner | ip=127.0.0.1 | op=SEND_HEARTBEAT {"datanodeUUID":"7bb0e7f0-2b36-4ec0-8a09-ceac75d91a36","term":"2","command":"[]"} | ret=SUCCESS |  
2025-10-20 19:51:44,198 | INFO  | OMAudit | user=runner | ip=127.0.0.1 | op=ADD_ACL {"resourceType":"key","storageType":"ozone","volume":"4bc154fa-ce28-40d4-a159-5d848d8e8594","bucket":"251f91e4-b0dc-40e7-bb58-1485b171e0ba","key":"dir1/dir24f9be5a4-139e-4aa8-94dd-29d3677dcb68","acl":"[user:runner:x[ACCESS]]","Transaction":"1605"} | ret=SUCCESS |  
2025-10-20 19:51:44,201 | INFO  | OMAudit | user=runner | ip=127.0.0.1 | op=GET_ACL {"resourceType":"key","storageType":"ozone","volume":"4bc154fa-ce28-40d4-a159-5d848d8e8594","bucket":"251f91e4-b0dc-40e7-bb58-1485b171e0ba","key":"dir1/dir24f9be5a4-139e-4aa8-94dd-29d3677dcb68"} | ret=SUCCESS |  
2025-10-20 19:51:44,203 | INFO  | OMAudit | user=runner | ip=127.0.0.1 | op=GET_ACL {"resourceType":"key","storageType":"ozone","volume":"4bc154fa-ce28-40d4-a159-5d848d8e8594","bucket":"251f91e4-b0dc-40e7-bb58-1485b171e0ba","key":"dir1/dir24f9be5a4-139e-4aa8-94dd-29d3677dcb68"} | ret=SUCCESS |  
2025-10-20 19:51:44,208 | INFO  | OMAudit | user=runner | ip=127.0.0.1 | op=REMOVE_ACL {"resourceType":"key","storageType":"ozone","volume":"4bc154fa-ce28-40d4-a159-5d848d8e8594","bucket":"251f91e4-b0dc-40e7-bb58-1485b171e0ba","key":"dir1/dir24f9be5a4-139e-4aa8-94dd-29d3677dcb68","acl":"[user:runner:x[ACCESS]]","Transaction":"1606"} | ret=SUCCESS |  
2025-10-20 19:51:44,209 | INFO  | OMAudit | user=runner | ip=127.0.0.1 | op=GET_ACL {"resourceType":"key","storageType":"ozone","volume":"4bc154fa-ce28-40d4-a159-5d848d8e8594","bucket":"251f91e4-b0dc-40e7-bb58-1485b171e0ba","key":"dir1/dir24f9be5a4-139e-4aa8-94dd-29d3677dcb68"} | ret=SUCCESS |  
2025-10-20 19:51:44,211 | INFO  | OMAudit | user=runner | ip=127.0.0.1 | op=GET_ACL {"resourceType":"key","storageType":"ozone","volume":"4bc154fa-ce28-40d4-a159-5d848d8e8594","bucket":"251f91e4-b0dc-40e7-bb58-1485b171e0ba","key":"dir1/dir24f9be5a4-139e-4aa8-94dd-29d3677dcb68"} | ret=SUCCESS |  
2025-10-20 19:51:44,212 | INFO  | OMAudit | user=runner | ip=127.0.0.1 | op=GET_ACL {"resourceType":"key","storageType":"ozone","volume":"4bc154fa-ce28-40d4-a159-5d848d8e8594","bucket":"251f91e4-b0dc-40e7-bb58-1485b171e0ba","key":"dir1/dir24f9be5a4-139e-4aa8-94dd-29d3677dcb68"} | ret=SUCCESS |  
2025-10-20 19:51:44,214 | INFO  | OMAudit | user=runner | ip=127.0.0.1 | op=REMOVE_ACL {"resourceType":"key","storageType":"ozone","volume":"4bc154fa-ce28-40d4-a159-5d848d8e8594","bucket":"251f91e4-b0dc-40e7-bb58-1485b171e0ba","key":"dir1/dir24f9be5a4-139e-4aa8-94dd-29d3677dcb68","acl":"[user:runner:a[ACCESS]]","Transaction":"1607"} | ret=SUCCESS |  
2025-10-20 19:51:44,217 | INFO  | OMAudit | user=runner | ip=127.0.0.1 | op=REMOVE_ACL {"resourceType":"key","storageType":"ozone","volume":"4bc154fa-ce28-40d4-a159-5d848d8e8594","bucket":"251f91e4-b0dc-40e7-bb58-1485b171e0ba","key":"dir1/dir24f9be5a4-139e-4aa8-94dd-29d3677dcb68","acl":"[group:runner:rl[ACCESS]]","Transaction":"1608"} | ret=SUCCESS |  
2025-10-20 19:51:44,218 | INFO  | OMAudit | user=runner | ip=127.0.0.1 | op=GET_ACL {"resourceType":"key","storageType":"ozone","volume":"4bc154fa-ce28-40d4-a159-5d848d8e8594","bucket":"251f91e4-b0dc-40e7-bb58-1485b171e0ba","key":"dir1/dir24f9be5a4-139e-4aa8-94dd-29d3677dcb68"} | ret=SUCCESS |  
2025-10-20 19:51:44,221 | INFO  | OMAudit | user=runner | ip=127.0.0.1 | op=ADD_ACL {"resourceType":"key","storageType":"ozone","volume":"4bc154fa-ce28-40d4-a159-5d848d8e8594","bucket":"251f91e4-b0dc-40e7-bb58-1485b171e0ba","key":"dir1/dir24f9be5a4-139e-4aa8-94dd-29d3677dcb68","acl":"[user:runner:a[ACCESS]]","Transaction":"1609"} | ret=SUCCESS |  
2025-10-20 19:51:44,222 | INFO  | OMAudit | user=runner | ip=127.0.0.1 | op=GET_ACL {"resourceType":"key","storageType":"ozone","volume":"4bc154fa-ce28-40d4-a159-5d848d8e8594","bucket":"251f91e4-b0dc-40e7-bb58-1485b171e0ba","key":"dir1/dir24f9be5a4-139e-4aa8-94dd-29d3677dcb68"} | ret=SUCCESS |  
2025-10-20 19:51:44,225 | INFO  | OMAudit | user=runner | ip=127.0.0.1 | op=ADD_ACL {"resourceType":"key","storageType":"ozone","volume":"4bc154fa-ce28-40d4-a159-5d848d8e8594","bucket":"251f91e4-b0dc-40e7-bb58-1485b171e0ba","key":"dir1/dir24f9be5a4-139e-4aa8-94dd-29d3677dcb68","acl":"[group:runner:rl[ACCESS]]","Transaction":"1610"} | ret=SUCCESS |  
2025-10-20 19:51:44,226 | INFO  | OMAudit | user=runner | ip=127.0.0.1 | op=GET_ACL {"resourceType":"key","storageType":"ozone","volume":"4bc154fa-ce28-40d4-a159-5d848d8e8594","bucket":"251f91e4-b0dc-40e7-bb58-1485b171e0ba","key":"dir1/dir24f9be5a4-139e-4aa8-94dd-29d3677dcb68"} | ret=SUCCESS |  
2025-10-20 19:51:44,227 | INFO  | OMAudit | user=runner | ip=127.0.0.1 | op=GET_ACL {"resourceType":"key","storageType":"ozone","volume":"4bc154fa-ce28-40d4-a159-5d848d8e8594","bucket":"251f91e4-b0dc-40e7-bb58-1485b171e0ba","key":"dir1/dir24f9be5a4-139e-4aa8-94dd-29d3677dcb68"} | ret=SUCCESS |  
2025-10-20 19:51:44,230 | INFO  | OMAudit | user=runner | ip=127.0.0.1 | op=SET_ACL {"resourceType":"key","storageType":"ozone","volume":"4bc154fa-ce28-40d4-a159-5d848d8e8594","bucket":"251f91e4-b0dc-40e7-bb58-1485b171e0ba","key":"dir1/dir24f9be5a4-139e-4aa8-94dd-29d3677dcb68","acl":"[user:userx:x[ACCESS], group:userx:a[ACCESS]]","Transaction":"1611"} | ret=SUCCESS |  
2025-10-20 19:51:44,231 | INFO  | OMAudit | user=runner | ip=127.0.0.1 | op=GET_ACL {"resourceType":"key","storageType":"ozone","volume":"4bc154fa-ce28-40d4-a159-5d848d8e8594","bucket":"251f91e4-b0dc-40e7-bb58-1485b171e0ba","key":"dir1/dir24f9be5a4-139e-4aa8-94dd-29d3677dcb68"} | ret=SUCCESS |  
2025-10-20 19:51:44,232 | INFO  | OMAudit | user=runner | ip=127.0.0.1 | op=ADD_ACL {"resourceType":"bucket","storageType":"ozone","volume":"4bc154fa-ce28-40d4-a159-5d848d8e8594","bucket":"251f91e4-b0dc-40e7-bb58-1485b171e0ba","key":null,"acl":"[user:remoteUser:r[DEFAULT]]","Transaction":"1612"} | ret=SUCCESS |  
2025-10-20 19:51:44,234 | INFO  | OMAudit | user=runner | ip=127.0.0.1 | op=ADD_ACL {"resourceType":"bucket","storageType":"ozone","volume":"4bc154fa-ce28-40d4-a159-5d848d8e8594","bucket":"251f91e4-b0dc-40e7-bb58-1485b171e0ba","key":null,"acl":"[group:remoteGroup:r[DEFAULT]]","Transaction":"1613"} | ret=SUCCESS |  
2025-10-20 19:51:44,237 | INFO  | OMAudit | user=runner | ip=127.0.0.1 | op=DELETE_KEY {"volume":"4bc154fa-ce28-40d4-a159-5d848d8e8594","bucket":"251f91e4-b0dc-40e7-bb58-1485b171e0ba","key":"dir1/dir24f9be5a4-139e-4aa8-94dd-29d3677dcb68","dataSize":"2262","replicationConfig":"RATIS/ONE","Transaction":"1614"} | ret=SUCCESS |  
2025-10-20 19:51:44,240 | INFO  | OMAudit | user=runner | ip=127.0.0.1 | op=READ_BUCKET {"volume":"4bc154fa-ce28-40d4-a159-5d848d8e8594","bucket":"251f91e4-b0dc-40e7-bb58-1485b171e0ba"} | ret=SUCCESS |  
2025-10-20 19:51:44,241 | INFO  | SCMAudit | user=runner | ip=127.0.0.1 | op=ALLOCATE_BLOCK {"replication":"RATIS/ONE","owner":"omServiceIdDefault","size":"4194304","sampleBlocks":"[conID: 5 locID: 115816896921600424]","num":"1","client":"","allocated":"1"} | ret=SUCCESS |  
2025-10-20 19:51:44,243 | INFO  | OMAudit | user=runner | ip=127.0.0.1 | op=ALLOCATE_KEY {"volume":"4bc154fa-ce28-40d4-a159-5d848d8e8594","bucket":"251f91e4-b0dc-40e7-bb58-1485b171e0ba","key":"dir1/dir24f9be5a4-139e-4aa8-94dd-29d3677dcb68","dataSize":"2301","replicationType":"RATIS","replicationFactor":"ONE","Transaction":"1615"} | ret=SUCCESS |  
2025-10-20 19:51:44,252 | INFO  | OMAudit | user=runner | ip=127.0.0.1 | op=COMMIT_KEY {"volume":"4bc154fa-ce28-40d4-a159-5d848d8e8594","bucket":"251f91e4-b0dc-40e7-bb58-1485b171e0ba","key":"dir1/dir24f9be5a4-139e-4aa8-94dd-29d3677dcb68","dataSize":"2301","replicationType":"RATIS","replicationFactor":"ONE","Transaction":"1616"} | ret=SUCCESS |  
2025-10-20 19:51:44,253 | INFO  | OMAudit | user=runner | ip=127.0.0.1 | op=GET_ACL {"resourceType":"bucket","storageType":"ozone","volume":"4bc154fa-ce28-40d4-a159-5d848d8e8594","bucket":"251f91e4-b0dc-40e7-bb58-1485b171e0ba","key":null} | ret=SUCCESS |  
2025-10-20 19:51:44,255 | INFO  | OMAudit | user=runner | ip=127.0.0.1 | op=GET_ACL {"resourceType":"key","storageType":"ozone","volume":"4bc154fa-ce28-40d4-a159-5d848d8e8594","bucket":"251f91e4-b0dc-40e7-bb58-1485b171e0ba","key":"dir1/dir24f9be5a4-139e-4aa8-94dd-29d3677dcb68"} | ret=SUCCESS |  
2025-10-20 19:51:44,267 | INFO  | SCMAudit | user=runner | ip=127.0.0.1 | op=SEND_HEARTBEAT {"datanodeUUID":"af0e5da1-57af-45e9-9aca-fa0798d05628","term":"2","command":"[]"} | ret=SUCCESS |  
2025-10-20 19:51:44,279 | INFO  | OMAudit | user=runner | ip=127.0.0.1 | op=SET_ACL {"resourceType":"prefix","storageType":"ozone","volume":"4bc154fa-ce28-40d4-a159-5d848d8e8594","bucket":"251f91e4-b0dc-40e7-bb58-1485b171e0ba","key":"dir1/","acl":"[user:runner:a[ACCESS], group:runner:rl[ACCESS]]","Transaction":"1617"} | ret=SUCCESS |  
2025-10-20 19:51:44,281 | INFO  | OMAudit | user=runner | ip=127.0.0.1 | op=GET_ACL {"resourceType":"prefix","storageType":"ozone","volume":"4bc154fa-ce28-40d4-a159-5d848d8e8594","bucket":"251f91e4-b0dc-40e7-bb58-1485b171e0ba","key":"dir1/"} | ret=SUCCESS |  
2025-10-20 19:51:44,282 | INFO  | OMAudit | user=runner | ip=127.0.0.1 | op=REMOVE_ACL {"resourceType":"prefix","storageType":"ozone","volume":"4bc154fa-ce28-40d4-a159-5d848d8e8594","bucket":"251f91e4-b0dc-40e7-bb58-1485b171e0ba","key":"dir1/","acl":"[user:remoteUser:r[ACCESS]]","Transaction":"1618"} | ret=SUCCESS |  
2025-10-20 19:51:44,284 | INFO  | OMAudit | user=runner | ip=127.0.0.1 | op=REMOVE_ACL {"resourceType":"prefix","storageType":"ozone","volume":"4bc154fa-ce28-40d4-a159-5d848d8e8594","bucket":"251f91e4-b0dc-40e7-bb58-1485b171e0ba","key":"dir1/","acl":"[group:remoteGroup:r[ACCESS]]","Transaction":"1619"} | ret=SUCCESS |  
2025-10-20 19:51:44,286 | INFO  | OMAudit | user=runner | ip=127.0.0.1 | op=ADD_ACL {"resourceType":"prefix","storageType":"ozone","volume":"4bc154fa-ce28-40d4-a159-5d848d8e8594","bucket":"251f91e4-b0dc-40e7-bb58-1485b171e0ba","key":"dir1/","acl":"user:remoteUser:r[DEFAULT]","Transaction":"1620"} | ret=SUCCESS |  
2025-10-20 19:51:44,287 | INFO  | OMAudit | user=runner | ip=127.0.0.1 | op=ADD_ACL {"resourceType":"prefix","storageType":"ozone","volume":"4bc154fa-ce28-40d4-a159-5d848d8e8594","bucket":"251f91e4-b0dc-40e7-bb58-1485b171e0ba","key":"dir1/","acl":"group:remoteGroup:r[DEFAULT]","Transaction":"1621"} | ret=SUCCESS |  
2025-10-20 19:51:44,289 | INFO  | OMAudit | user=runner | ip=127.0.0.1 | op=DELETE_KEY {"volume":"4bc154fa-ce28-40d4-a159-5d848d8e8594","bucket":"251f91e4-b0dc-40e7-bb58-1485b171e0ba","key":"dir1/dir24f9be5a4-139e-4aa8-94dd-29d3677dcb68","dataSize":"2301","replicationConfig":"RATIS/ONE","Transaction":"1622"} | ret=SUCCESS |  
2025-10-20 19:51:44,292 | INFO  | OMAudit | user=runner | ip=127.0.0.1 | op=READ_BUCKET {"volume":"4bc154fa-ce28-40d4-a159-5d848d8e8594","bucket":"251f91e4-b0dc-40e7-bb58-1485b171e0ba"} | ret=SUCCESS |  
2025-10-20 19:51:44,292 | INFO  | SCMAudit | user=runner | ip=127.0.0.1 | op=ALLOCATE_BLOCK {"replication":"RATIS/ONE","owner":"omServiceIdDefault","size":"4194304","sampleBlocks":"[conID: 3 locID: 115816896921600425]","num":"1","client":"","allocated":"1"} | ret=SUCCESS |  
2025-10-20 19:51:44,295 | INFO  | OMAudit | user=runner | ip=127.0.0.1 | op=ALLOCATE_KEY {"volume":"4bc154fa-ce28-40d4-a159-5d848d8e8594","bucket":"251f91e4-b0dc-40e7-bb58-1485b171e0ba","key":"dir1/dir24f9be5a4-139e-4aa8-94dd-29d3677dcb68","dataSize":"2268","replicationType":"RATIS","replicationFactor":"ONE","Transaction":"1623"} | ret=SUCCESS |  
2025-10-20 19:51:44,302 | INFO  | OMAudit | user=runner | ip=127.0.0.1 | op=COMMIT_KEY {"volume":"4bc154fa-ce28-40d4-a159-5d848d8e8594","bucket":"251f91e4-b0dc-40e7-bb58-1485b171e0ba","key":"dir1/dir24f9be5a4-139e-4aa8-94dd-29d3677dcb68","dataSize":"2268","replicationType":"RATIS","replicationFactor":"ONE","Transaction":"1624"} | ret=SUCCESS |  
2025-10-20 19:51:44,303 | INFO  | OMAudit | user=runner | ip=127.0.0.1 | op=GET_ACL {"resourceType":"prefix","storageType":"ozone","volume":"4bc154fa-ce28-40d4-a159-5d848d8e8594","bucket":"251f91e4-b0dc-40e7-bb58-1485b171e0ba","key":"dir1/"} | ret=SUCCESS |  
2025-10-20 19:51:44,304 | INFO  | OMAudit | user=runner | ip=127.0.0.1 | op=GET_ACL {"resourceType":"key","storageType":"ozone","volume":"4bc154fa-ce28-40d4-a159-5d848d8e8594","bucket":"251f91e4-b0dc-40e7-bb58-1485b171e0ba","key":"dir1/dir24f9be5a4-139e-4aa8-94dd-29d3677dcb68"} | ret=SUCCESS |  
]]></system-out>
  </testcase>
  <testcase name="testNativeAclsForPrefix" classname="org.apache.hadoop.ozone.client.rpc.TestSecureOzoneRpcClient" time="0.086">
    <system-out><![CDATA[2025-10-20 19:51:44,306 [ForkJoinPool-1-worker-1] INFO  rpc.RpcClient (RpcClient.java:createVolume(461)) - Creating Volume: 8478d588-08e1-4ece-8a52-2176172315f0, with runner as owner and space quota set to -1 bytes, counts quota set to -1
2025-10-20 19:51:44,307 [om1-OMStateMachineApplyTransactionThread - 0] INFO  volume.OMVolumeCreateRequest (OMVolumeCreateRequest.java:validateAndUpdateCache(213)) - created volume:8478d588-08e1-4ece-8a52-2176172315f0 for user:runner
2025-10-20 19:51:44,308 | INFO  | OMAudit | user=runner | ip=127.0.0.1 | op=CREATE_VOLUME {"admin":"runner","owner":"runner","volume":"8478d588-08e1-4ece-8a52-2176172315f0","creationTime":"1760989904306","modificationTime":"1760989904306","quotaInBytes":"-1","quotaInNamespace":"-1","usedNamespace":"0","objectID":"-9223372036854359808","updateID":"1625","Transaction":"1625"} | ret=SUCCESS |  
2025-10-20 19:51:44,309 | INFO  | OMAudit | user=runner | ip=127.0.0.1 | op=READ_VOLUME {"volume":"8478d588-08e1-4ece-8a52-2176172315f0"} | ret=SUCCESS |  
2025-10-20 19:51:44,310 [ForkJoinPool-1-worker-1] INFO  rpc.RpcClient (RpcClient.java:createBucket(686)) - Creating Bucket: 8478d588-08e1-4ece-8a52-2176172315f0/8cf9fb65-d852-4fb1-898a-ce2ffdc543df, with server-side default bucket layout, runner as owner, Versioning false, Storage Type set to DISK and Encryption set to false, Replication Type set to server-side default replication type, Namespace Quota set to -1, Space Quota set to -1 
2025-10-20 19:51:44,311 [om1-OMStateMachineApplyTransactionThread - 0] INFO  bucket.OMBucketCreateRequest (OMBucketCreateRequest.java:validateAndUpdateCache(303)) - created bucket: 8cf9fb65-d852-4fb1-898a-ce2ffdc543df of layout FILE_SYSTEM_OPTIMIZED in volume: 8478d588-08e1-4ece-8a52-2176172315f0
2025-10-20 19:51:44,311 | INFO  | OMAudit | user=runner | ip=127.0.0.1 | op=CREATE_BUCKET {"volume":"8478d588-08e1-4ece-8a52-2176172315f0","bucket":"8cf9fb65-d852-4fb1-898a-ce2ffdc543df","bucketLayout":"FILE_SYSTEM_OPTIMIZED","gdprEnabled":null,"acls":"[user:runner:a[ACCESS], group:runner:rl[ACCESS]]","isVersionEnabled":"false","storageType":"DISK","creationTime":"1760989904311","bucketEncryptionKey":null,"modificationTime":"1760989904311","usedBytes":"0","usedNamespace":"0","snapshotUsedBytes":"0","snapshotUsedNamespace":"0","owner":"runner","replicationType":null,"replicationConfig":null,"quotaInBytes":"-1","quotaInNamespace":"-1","Transaction":"1626"} | ret=SUCCESS |  
2025-10-20 19:51:44,312 | INFO  | OMAudit | user=runner | ip=127.0.0.1 | op=READ_BUCKET {"volume":"8478d588-08e1-4ece-8a52-2176172315f0","bucket":"8cf9fb65-d852-4fb1-898a-ce2ffdc543df"} | ret=SUCCESS |  
2025-10-20 19:51:44,314 | INFO  | OMAudit | user=runner | ip=127.0.0.1 | op=READ_BUCKET {"volume":"8478d588-08e1-4ece-8a52-2176172315f0","bucket":"8cf9fb65-d852-4fb1-898a-ce2ffdc543df"} | ret=SUCCESS |  
2025-10-20 19:51:44,314 | INFO  | SCMAudit | user=runner | ip=127.0.0.1 | op=ALLOCATE_BLOCK {"replication":"RATIS/ONE","owner":"omServiceIdDefault","size":"4194304","sampleBlocks":"[conID: 10 locID: 115816896921600426]","num":"1","client":"","allocated":"1"} | ret=SUCCESS |  
2025-10-20 19:51:44,316 | INFO  | OMAudit | user=runner | ip=127.0.0.1 | op=ALLOCATE_KEY {"volume":"8478d588-08e1-4ece-8a52-2176172315f0","bucket":"8cf9fb65-d852-4fb1-898a-ce2ffdc543df","key":"PF60841cfe-b9cc-4f56-9b64-2ebb9fef05d9/KEYbc5813ba-2763-49cc-8acf-838feec22e54","dataSize":"2273","replicationType":"RATIS","replicationFactor":"ONE","Transaction":"1627"} | ret=SUCCESS |  
2025-10-20 19:51:44,321 | INFO  | OMAudit | user=runner | ip=127.0.0.1 | op=COMMIT_KEY {"volume":"8478d588-08e1-4ece-8a52-2176172315f0","bucket":"8cf9fb65-d852-4fb1-898a-ce2ffdc543df","key":"PF60841cfe-b9cc-4f56-9b64-2ebb9fef05d9/KEYbc5813ba-2763-49cc-8acf-838feec22e54","dataSize":"2273","replicationType":"RATIS","replicationFactor":"ONE","Transaction":"1628"} | ret=SUCCESS |  
2025-10-20 19:51:44,323 | INFO  | OMAudit | user=runner | ip=127.0.0.1 | op=READ_BUCKET {"volume":"8478d588-08e1-4ece-8a52-2176172315f0","bucket":"8cf9fb65-d852-4fb1-898a-ce2ffdc543df"} | ret=SUCCESS |  
2025-10-20 19:51:44,324 | INFO  | SCMAudit | user=runner | ip=127.0.0.1 | op=ALLOCATE_BLOCK {"replication":"RATIS/ONE","owner":"omServiceIdDefault","size":"4194304","sampleBlocks":"[conID: 6 locID: 115816896921600427]","num":"1","client":"","allocated":"1"} | ret=SUCCESS |  
2025-10-20 19:51:44,325 | INFO  | OMAudit | user=runner | ip=127.0.0.1 | op=ALLOCATE_KEY {"volume":"8478d588-08e1-4ece-8a52-2176172315f0","bucket":"8cf9fb65-d852-4fb1-898a-ce2ffdc543df","key":"PFa59053e9-f380-4a5c-a59f-6bd4a47a407d/KEY53d2d9bf-ba45-4083-bc8d-d37343fdc612","dataSize":"2273","replicationType":"RATIS","replicationFactor":"ONE","Transaction":"1629"} | ret=SUCCESS |  
2025-10-20 19:51:44,331 | INFO  | OMAudit | user=runner | ip=127.0.0.1 | op=COMMIT_KEY {"volume":"8478d588-08e1-4ece-8a52-2176172315f0","bucket":"8cf9fb65-d852-4fb1-898a-ce2ffdc543df","key":"PFa59053e9-f380-4a5c-a59f-6bd4a47a407d/KEY53d2d9bf-ba45-4083-bc8d-d37343fdc612","dataSize":"2273","replicationType":"RATIS","replicationFactor":"ONE","Transaction":"1630"} | ret=SUCCESS |  
2025-10-20 19:51:44,333 | INFO  | OMAudit | user=runner | ip=127.0.0.1 | op=ADD_ACL {"resourceType":"prefix","storageType":"ozone","volume":"8478d588-08e1-4ece-8a52-2176172315f0","bucket":"8cf9fb65-d852-4fb1-898a-ce2ffdc543df","key":"PF60841cfe-b9cc-4f56-9b64-2ebb9fef05d9/","acl":"user:user1:r[ACCESS]","Transaction":"1631"} | ret=SUCCESS |  
2025-10-20 19:51:44,334 | INFO  | OMAudit | user=runner | ip=127.0.0.1 | op=GET_ACL {"resourceType":"prefix","storageType":"ozone","volume":"8478d588-08e1-4ece-8a52-2176172315f0","bucket":"8cf9fb65-d852-4fb1-898a-ce2ffdc543df","key":"PF60841cfe-b9cc-4f56-9b64-2ebb9fef05d9/"} | ret=SUCCESS |  
2025-10-20 19:51:44,336 | INFO  | OMAudit | user=runner | ip=127.0.0.1 | op=REMOVE_ACL {"resourceType":"prefix","storageType":"ozone","volume":"8478d588-08e1-4ece-8a52-2176172315f0","bucket":"8cf9fb65-d852-4fb1-898a-ce2ffdc543df","key":"PF60841cfe-b9cc-4f56-9b64-2ebb9fef05d9/","acl":"[user:user1:r[ACCESS]]","Transaction":"1632"} | ret=SUCCESS |  
2025-10-20 19:51:44,336 | INFO  | OMAudit | user=runner | ip=127.0.0.1 | op=GET_ACL {"resourceType":"prefix","storageType":"ozone","volume":"8478d588-08e1-4ece-8a52-2176172315f0","bucket":"8cf9fb65-d852-4fb1-898a-ce2ffdc543df","key":"PF60841cfe-b9cc-4f56-9b64-2ebb9fef05d9/"} | ret=SUCCESS |  
2025-10-20 19:51:44,338 | INFO  | OMAudit | user=runner | ip=127.0.0.1 | op=SET_ACL {"resourceType":"prefix","storageType":"ozone","volume":"8478d588-08e1-4ece-8a52-2176172315f0","bucket":"8cf9fb65-d852-4fb1-898a-ce2ffdc543df","key":"PF60841cfe-b9cc-4f56-9b64-2ebb9fef05d9/","acl":"[user:user1:r[ACCESS], group:group1:a[ACCESS]]","Transaction":"1633"} | ret=SUCCESS |  
2025-10-20 19:51:44,339 | INFO  | OMAudit | user=runner | ip=127.0.0.1 | op=GET_ACL {"resourceType":"prefix","storageType":"ozone","volume":"8478d588-08e1-4ece-8a52-2176172315f0","bucket":"8cf9fb65-d852-4fb1-898a-ce2ffdc543df","key":"PF60841cfe-b9cc-4f56-9b64-2ebb9fef05d9/"} | ret=SUCCESS |  
2025-10-20 19:51:44,341 | INFO  | OMAudit | user=runner | ip=127.0.0.1 | op=ADD_ACL {"resourceType":"prefix","storageType":"ozone","volume":"8478d588-08e1-4ece-8a52-2176172315f0","bucket":"8cf9fb65-d852-4fb1-898a-ce2ffdc543df","key":"PF60841cfe-b9cc-4f56-9b64-2ebb9fef05d9/","acl":"user:remoteUser:r[DEFAULT]","Transaction":"1634"} | ret=SUCCESS |  
2025-10-20 19:51:44,343 | INFO  | OMAudit | user=runner | ip=127.0.0.1 | op=ADD_ACL {"resourceType":"prefix","storageType":"ozone","volume":"8478d588-08e1-4ece-8a52-2176172315f0","bucket":"8cf9fb65-d852-4fb1-898a-ce2ffdc543df","key":"PF60841cfe-b9cc-4f56-9b64-2ebb9fef05d9/","acl":"group:remoteGroup:r[DEFAULT]","Transaction":"1635"} | ret=SUCCESS |  
2025-10-20 19:51:44,346 | INFO  | OMAudit | user=runner | ip=127.0.0.1 | op=DELETE_KEY {"volume":"8478d588-08e1-4ece-8a52-2176172315f0","bucket":"8cf9fb65-d852-4fb1-898a-ce2ffdc543df","key":"PF60841cfe-b9cc-4f56-9b64-2ebb9fef05d9/KEYbc5813ba-2763-49cc-8acf-838feec22e54","dataSize":"2273","replicationConfig":"RATIS/ONE","Transaction":"1636"} | ret=SUCCESS |  
2025-10-20 19:51:44,348 | INFO  | OMAudit | user=runner | ip=127.0.0.1 | op=READ_BUCKET {"volume":"8478d588-08e1-4ece-8a52-2176172315f0","bucket":"8cf9fb65-d852-4fb1-898a-ce2ffdc543df"} | ret=SUCCESS |  
2025-10-20 19:51:44,349 | INFO  | SCMAudit | user=runner | ip=127.0.0.1 | op=ALLOCATE_BLOCK {"replication":"RATIS/ONE","owner":"omServiceIdDefault","size":"4194304","sampleBlocks":"[conID: 27 locID: 115816896921600428]","num":"1","client":"","allocated":"1"} | ret=SUCCESS |  
2025-10-20 19:51:44,352 | INFO  | OMAudit | user=runner | ip=127.0.0.1 | op=ALLOCATE_KEY {"volume":"8478d588-08e1-4ece-8a52-2176172315f0","bucket":"8cf9fb65-d852-4fb1-898a-ce2ffdc543df","key":"PF60841cfe-b9cc-4f56-9b64-2ebb9fef05d9/KEYbc5813ba-2763-49cc-8acf-838feec22e54","dataSize":"2263","replicationType":"RATIS","replicationFactor":"ONE","Transaction":"1637"} | ret=SUCCESS |  
2025-10-20 19:51:44,363 | INFO  | OMAudit | user=runner | ip=127.0.0.1 | op=COMMIT_KEY {"volume":"8478d588-08e1-4ece-8a52-2176172315f0","bucket":"8cf9fb65-d852-4fb1-898a-ce2ffdc543df","key":"PF60841cfe-b9cc-4f56-9b64-2ebb9fef05d9/KEYbc5813ba-2763-49cc-8acf-838feec22e54","dataSize":"2263","replicationType":"RATIS","replicationFactor":"ONE","Transaction":"1638"} | ret=SUCCESS |  
2025-10-20 19:51:44,365 | INFO  | OMAudit | user=runner | ip=127.0.0.1 | op=GET_ACL {"resourceType":"prefix","storageType":"ozone","volume":"8478d588-08e1-4ece-8a52-2176172315f0","bucket":"8cf9fb65-d852-4fb1-898a-ce2ffdc543df","key":"PF60841cfe-b9cc-4f56-9b64-2ebb9fef05d9/"} | ret=SUCCESS |  
2025-10-20 19:51:44,367 | INFO  | OMAudit | user=runner | ip=127.0.0.1 | op=GET_ACL {"resourceType":"key","storageType":"ozone","volume":"8478d588-08e1-4ece-8a52-2176172315f0","bucket":"8cf9fb65-d852-4fb1-898a-ce2ffdc543df","key":"PF60841cfe-b9cc-4f56-9b64-2ebb9fef05d9/KEYbc5813ba-2763-49cc-8acf-838feec22e54"} | ret=SUCCESS |  
2025-10-20 19:51:44,369 | INFO  | OMAudit | user=runner | ip=127.0.0.1 | op=ADD_ACL {"resourceType":"prefix","storageType":"ozone","volume":"8478d588-08e1-4ece-8a52-2176172315f0","bucket":"8cf9fb65-d852-4fb1-898a-ce2ffdc543df","key":"PFa59053e9-f380-4a5c-a59f-6bd4a47a407d/","acl":"user:remoteUser:r[DEFAULT]","Transaction":"1639"} | ret=SUCCESS |  
2025-10-20 19:51:44,371 | INFO  | OMAudit | user=runner | ip=127.0.0.1 | op=ADD_ACL {"resourceType":"prefix","storageType":"ozone","volume":"8478d588-08e1-4ece-8a52-2176172315f0","bucket":"8cf9fb65-d852-4fb1-898a-ce2ffdc543df","key":"PFa59053e9-f380-4a5c-a59f-6bd4a47a407d/","acl":"group:remoteGroup:r[DEFAULT]","Transaction":"1640"} | ret=SUCCESS |  
2025-10-20 19:51:44,374 | INFO  | OMAudit | user=runner | ip=127.0.0.1 | op=DELETE_KEY {"volume":"8478d588-08e1-4ece-8a52-2176172315f0","bucket":"8cf9fb65-d852-4fb1-898a-ce2ffdc543df","key":"PF60841cfe-b9cc-4f56-9b64-2ebb9fef05d9/KEYbc5813ba-2763-49cc-8acf-838feec22e54","dataSize":"2263","replicationConfig":"RATIS/ONE","Transaction":"1641"} | ret=SUCCESS |  
2025-10-20 19:51:44,377 | INFO  | OMAudit | user=runner | ip=127.0.0.1 | op=READ_BUCKET {"volume":"8478d588-08e1-4ece-8a52-2176172315f0","bucket":"8cf9fb65-d852-4fb1-898a-ce2ffdc543df"} | ret=SUCCESS |  
2025-10-20 19:51:44,378 | INFO  | SCMAudit | user=runner | ip=127.0.0.1 | op=ALLOCATE_BLOCK {"replication":"RATIS/ONE","owner":"omServiceIdDefault","size":"4194304","sampleBlocks":"[conID: 10 locID: 115816896921600429]","num":"1","client":"","allocated":"1"} | ret=SUCCESS |  
2025-10-20 19:51:44,380 | INFO  | OMAudit | user=runner | ip=127.0.0.1 | op=ALLOCATE_KEY {"volume":"8478d588-08e1-4ece-8a52-2176172315f0","bucket":"8cf9fb65-d852-4fb1-898a-ce2ffdc543df","key":"PF60841cfe-b9cc-4f56-9b64-2ebb9fef05d9/KEYbc5813ba-2763-49cc-8acf-838feec22e54","dataSize":"2305","replicationType":"RATIS","replicationFactor":"ONE","Transaction":"1642"} | ret=SUCCESS |  
2025-10-20 19:51:44,387 | INFO  | OMAudit | user=runner | ip=127.0.0.1 | op=COMMIT_KEY {"volume":"8478d588-08e1-4ece-8a52-2176172315f0","bucket":"8cf9fb65-d852-4fb1-898a-ce2ffdc543df","key":"PF60841cfe-b9cc-4f56-9b64-2ebb9fef05d9/KEYbc5813ba-2763-49cc-8acf-838feec22e54","dataSize":"2305","replicationType":"RATIS","replicationFactor":"ONE","Transaction":"1643"} | ret=SUCCESS |  
2025-10-20 19:51:44,389 | INFO  | OMAudit | user=runner | ip=127.0.0.1 | op=GET_ACL {"resourceType":"prefix","storageType":"ozone","volume":"8478d588-08e1-4ece-8a52-2176172315f0","bucket":"8cf9fb65-d852-4fb1-898a-ce2ffdc543df","key":"PFa59053e9-f380-4a5c-a59f-6bd4a47a407d/"} | ret=SUCCESS |  
2025-10-20 19:51:44,390 | INFO  | OMAudit | user=runner | ip=127.0.0.1 | op=GET_ACL {"resourceType":"key","storageType":"ozone","volume":"8478d588-08e1-4ece-8a52-2176172315f0","bucket":"8cf9fb65-d852-4fb1-898a-ce2ffdc543df","key":"PF60841cfe-b9cc-4f56-9b64-2ebb9fef05d9/KEYbc5813ba-2763-49cc-8acf-838feec22e54"} | ret=SUCCESS |  
]]></system-out>
  </testcase>
  <testcase name="testNativeAclsForVolume" classname="org.apache.hadoop.ozone.client.rpc.TestSecureOzoneRpcClient" time="0.037">
    <system-out><![CDATA[2025-10-20 19:51:44,392 [ForkJoinPool-1-worker-1] INFO  rpc.RpcClient (RpcClient.java:createVolume(461)) - Creating Volume: 40996294-7345-465b-8f7f-e5bbbec2f40e, with runner as owner and space quota set to -1 bytes, counts quota set to -1
2025-10-20 19:51:44,394 [om1-OMStateMachineApplyTransactionThread - 0] INFO  volume.OMVolumeCreateRequest (OMVolumeCreateRequest.java:validateAndUpdateCache(213)) - created volume:40996294-7345-465b-8f7f-e5bbbec2f40e for user:runner
2025-10-20 19:51:44,394 | INFO  | OMAudit | user=runner | ip=127.0.0.1 | op=CREATE_VOLUME {"admin":"runner","owner":"runner","volume":"40996294-7345-465b-8f7f-e5bbbec2f40e","creationTime":"1760989904393","modificationTime":"1760989904393","quotaInBytes":"-1","quotaInNamespace":"-1","usedNamespace":"0","objectID":"-9223372036854354944","updateID":"1644","Transaction":"1644"} | ret=SUCCESS |  
2025-10-20 19:51:44,410 | INFO  | OMAudit | user=runner | ip=127.0.0.1 | op=ADD_ACL {"resourceType":"volume","storageType":"ozone","volume":"40996294-7345-465b-8f7f-e5bbbec2f40e","bucket":null,"key":null,"acl":"[user:runner:x[ACCESS]]","Transaction":"1645"} | ret=SUCCESS |  
2025-10-20 19:51:44,411 | INFO  | OMAudit | user=runner | ip=127.0.0.1 | op=GET_ACL {"resourceType":"volume","storageType":"ozone","volume":"40996294-7345-465b-8f7f-e5bbbec2f40e","bucket":null,"key":null} | ret=SUCCESS |  
2025-10-20 19:51:44,412 | INFO  | OMAudit | user=runner | ip=127.0.0.1 | op=GET_ACL {"resourceType":"volume","storageType":"ozone","volume":"40996294-7345-465b-8f7f-e5bbbec2f40e","bucket":null,"key":null} | ret=SUCCESS |  
2025-10-20 19:51:44,414 | INFO  | OMAudit | user=runner | ip=127.0.0.1 | op=REMOVE_ACL {"resourceType":"volume","storageType":"ozone","volume":"40996294-7345-465b-8f7f-e5bbbec2f40e","bucket":null,"key":null,"acl":"[user:runner:x[ACCESS]]","Transaction":"1646"} | ret=SUCCESS |  
2025-10-20 19:51:44,415 | INFO  | OMAudit | user=runner | ip=127.0.0.1 | op=GET_ACL {"resourceType":"volume","storageType":"ozone","volume":"40996294-7345-465b-8f7f-e5bbbec2f40e","bucket":null,"key":null} | ret=SUCCESS |  
2025-10-20 19:51:44,416 | INFO  | OMAudit | user=runner | ip=127.0.0.1 | op=GET_ACL {"resourceType":"volume","storageType":"ozone","volume":"40996294-7345-465b-8f7f-e5bbbec2f40e","bucket":null,"key":null} | ret=SUCCESS |  
2025-10-20 19:51:44,416 | INFO  | OMAudit | user=runner | ip=127.0.0.1 | op=GET_ACL {"resourceType":"volume","storageType":"ozone","volume":"40996294-7345-465b-8f7f-e5bbbec2f40e","bucket":null,"key":null} | ret=SUCCESS |  
2025-10-20 19:51:44,418 | INFO  | OMAudit | user=runner | ip=127.0.0.1 | op=REMOVE_ACL {"resourceType":"volume","storageType":"ozone","volume":"40996294-7345-465b-8f7f-e5bbbec2f40e","bucket":null,"key":null,"acl":"[user:runner:a[ACCESS]]","Transaction":"1647"} | ret=SUCCESS |  
2025-10-20 19:51:44,419 | INFO  | OMAudit | user=runner | ip=127.0.0.1 | op=REMOVE_ACL {"resourceType":"volume","storageType":"ozone","volume":"40996294-7345-465b-8f7f-e5bbbec2f40e","bucket":null,"key":null,"acl":"[group:runner:rl[ACCESS]]","Transaction":"1648"} | ret=SUCCESS |  
2025-10-20 19:51:44,420 | INFO  | OMAudit | user=runner | ip=127.0.0.1 | op=GET_ACL {"resourceType":"volume","storageType":"ozone","volume":"40996294-7345-465b-8f7f-e5bbbec2f40e","bucket":null,"key":null} | ret=SUCCESS |  
2025-10-20 19:51:44,421 | INFO  | OMAudit | user=runner | ip=127.0.0.1 | op=ADD_ACL {"resourceType":"volume","storageType":"ozone","volume":"40996294-7345-465b-8f7f-e5bbbec2f40e","bucket":null,"key":null,"acl":"[user:runner:a[ACCESS]]","Transaction":"1649"} | ret=SUCCESS |  
2025-10-20 19:51:44,422 | INFO  | OMAudit | user=runner | ip=127.0.0.1 | op=GET_ACL {"resourceType":"volume","storageType":"ozone","volume":"40996294-7345-465b-8f7f-e5bbbec2f40e","bucket":null,"key":null} | ret=SUCCESS |  
2025-10-20 19:51:44,424 | INFO  | OMAudit | user=runner | ip=127.0.0.1 | op=ADD_ACL {"resourceType":"volume","storageType":"ozone","volume":"40996294-7345-465b-8f7f-e5bbbec2f40e","bucket":null,"key":null,"acl":"[group:runner:rl[ACCESS]]","Transaction":"1650"} | ret=SUCCESS |  
2025-10-20 19:51:44,424 | INFO  | OMAudit | user=runner | ip=127.0.0.1 | op=GET_ACL {"resourceType":"volume","storageType":"ozone","volume":"40996294-7345-465b-8f7f-e5bbbec2f40e","bucket":null,"key":null} | ret=SUCCESS |  
2025-10-20 19:51:44,425 | INFO  | OMAudit | user=runner | ip=127.0.0.1 | op=GET_ACL {"resourceType":"volume","storageType":"ozone","volume":"40996294-7345-465b-8f7f-e5bbbec2f40e","bucket":null,"key":null} | ret=SUCCESS |  
2025-10-20 19:51:44,427 | INFO  | OMAudit | user=runner | ip=127.0.0.1 | op=SET_ACL {"resourceType":"volume","storageType":"ozone","volume":"40996294-7345-465b-8f7f-e5bbbec2f40e","bucket":null,"key":null,"acl":"[user:userx:x[ACCESS], group:userx:a[ACCESS]]","Transaction":"1651"} | ret=SUCCESS |  
2025-10-20 19:51:44,428 | INFO  | OMAudit | user=runner | ip=127.0.0.1 | op=GET_ACL {"resourceType":"volume","storageType":"ozone","volume":"40996294-7345-465b-8f7f-e5bbbec2f40e","bucket":null,"key":null} | ret=SUCCESS |  
]]></system-out>
  </testcase>
  <testcase name="testNoSuchUploadError" classname="org.apache.hadoop.ozone.client.rpc.TestSecureOzoneRpcClient" time="0.01">
    <system-out><![CDATA[2025-10-20 19:51:44,430 [ForkJoinPool-1-worker-1] INFO  rpc.RpcClient (RpcClient.java:createVolume(461)) - Creating Volume: 8f1bce83-1452-4f84-962f-fa752c96cc7e, with runner as owner and space quota set to -1 bytes, counts quota set to -1
2025-10-20 19:51:44,431 [om1-OMStateMachineApplyTransactionThread - 0] INFO  volume.OMVolumeCreateRequest (OMVolumeCreateRequest.java:validateAndUpdateCache(213)) - created volume:8f1bce83-1452-4f84-962f-fa752c96cc7e for user:runner
2025-10-20 19:51:44,431 | INFO  | OMAudit | user=runner | ip=127.0.0.1 | op=CREATE_VOLUME {"admin":"runner","owner":"runner","volume":"8f1bce83-1452-4f84-962f-fa752c96cc7e","creationTime":"1760989904430","modificationTime":"1760989904430","quotaInBytes":"-1","quotaInNamespace":"-1","usedNamespace":"0","objectID":"-9223372036854352896","updateID":"1652","Transaction":"1652"} | ret=SUCCESS |  
2025-10-20 19:51:44,432 | INFO  | OMAudit | user=runner | ip=127.0.0.1 | op=READ_VOLUME {"volume":"8f1bce83-1452-4f84-962f-fa752c96cc7e"} | ret=SUCCESS |  
2025-10-20 19:51:44,433 [ForkJoinPool-1-worker-1] INFO  rpc.RpcClient (RpcClient.java:createBucket(686)) - Creating Bucket: 8f1bce83-1452-4f84-962f-fa752c96cc7e/db822f42-e7ae-4581-ad7a-bead0e7fbcec, with server-side default bucket layout, runner as owner, Versioning false, Storage Type set to DISK and Encryption set to false, Replication Type set to server-side default replication type, Namespace Quota set to -1, Space Quota set to -1 
2025-10-20 19:51:44,434 [om1-OMStateMachineApplyTransactionThread - 0] INFO  bucket.OMBucketCreateRequest (OMBucketCreateRequest.java:validateAndUpdateCache(303)) - created bucket: db822f42-e7ae-4581-ad7a-bead0e7fbcec of layout FILE_SYSTEM_OPTIMIZED in volume: 8f1bce83-1452-4f84-962f-fa752c96cc7e
2025-10-20 19:51:44,434 | INFO  | OMAudit | user=runner | ip=127.0.0.1 | op=CREATE_BUCKET {"volume":"8f1bce83-1452-4f84-962f-fa752c96cc7e","bucket":"db822f42-e7ae-4581-ad7a-bead0e7fbcec","bucketLayout":"FILE_SYSTEM_OPTIMIZED","gdprEnabled":null,"acls":"[user:runner:a[ACCESS], group:runner:rl[ACCESS]]","isVersionEnabled":"false","storageType":"DISK","creationTime":"1760989904433","bucketEncryptionKey":null,"modificationTime":"1760989904433","usedBytes":"0","usedNamespace":"0","snapshotUsedBytes":"0","snapshotUsedNamespace":"0","owner":"runner","replicationType":null,"replicationConfig":null,"quotaInBytes":"-1","quotaInNamespace":"-1","Transaction":"1653"} | ret=SUCCESS |  
2025-10-20 19:51:44,435 | INFO  | OMAudit | user=runner | ip=127.0.0.1 | op=READ_BUCKET {"volume":"8f1bce83-1452-4f84-962f-fa752c96cc7e","bucket":"db822f42-e7ae-4581-ad7a-bead0e7fbcec"} | ret=SUCCESS |  
2025-10-20 19:51:44,437 [IPC Server handler 19 on default port 15006] WARN  key.OMKeyRequest (OMKeyRequest.java:getFileEncryptionInfoForMpuKey(805)) - omKeyInfo not found. Key: /-9223372036854352896/-9223372036854352640/-9223372036854352640/068d5c5e-e9bb-4dc1-8d5e-c2e37c6d432f/random. The upload id random may be invalid.
2025-10-20 19:51:44,438 [om1-OMStateMachineApplyTransactionThread - 0] ERROR key.OMKeyCreateRequest (OMKeyCreateRequest.java:logResult(400)) - Key creation failed. Volume:8f1bce83-1452-4f84-962f-fa752c96cc7e, Bucket:db822f42-e7ae-4581-ad7a-bead0e7fbcec, Key:068d5c5e-e9bb-4dc1-8d5e-c2e37c6d432f. 
NO_SUCH_MULTIPART_UPLOAD_ERROR org.apache.hadoop.ozone.om.exceptions.OMException: No such Multipart upload is with specified uploadId random
	at org.apache.hadoop.ozone.om.request.key.OMKeyRequest.prepareMultipartFileInfo(OMKeyRequest.java:1102)
	at org.apache.hadoop.ozone.om.request.key.OMKeyRequest.prepareFileInfo(OMKeyRequest.java:961)
	at org.apache.hadoop.ozone.om.request.key.OMKeyCreateRequestWithFSO.validateAndUpdateCache(OMKeyCreateRequestWithFSO.java:154)
	at org.apache.hadoop.ozone.protocolPB.OzoneManagerRequestHandler.lambda$0(OzoneManagerRequestHandler.java:418)
	at org.apache.hadoop.ozone.util.MetricUtil.captureLatencyNs(MetricUtil.java:45)
	at org.apache.hadoop.ozone.protocolPB.OzoneManagerRequestHandler.handleWriteRequestImpl(OzoneManagerRequestHandler.java:416)
	at org.apache.hadoop.ozone.protocolPB.RequestHandler.handleWriteRequest(RequestHandler.java:62)
	at org.apache.hadoop.ozone.om.ratis.OzoneManagerStateMachine.runCommand(OzoneManagerStateMachine.java:599)
	at org.apache.hadoop.ozone.om.ratis.OzoneManagerStateMachine.lambda$3(OzoneManagerStateMachine.java:415)
	at java.base/java.util.concurrent.CompletableFuture$AsyncSupply.run(CompletableFuture.java:1768)
	at java.base/java.util.concurrent.ThreadPoolExecutor.runWorker(ThreadPoolExecutor.java:1144)
	at java.base/java.util.concurrent.ThreadPoolExecutor$Worker.run(ThreadPoolExecutor.java:642)
	at java.base/java.lang.Thread.run(Thread.java:1583)
2025-10-20 19:51:44,438 | ERROR | OMAudit | user=runner | ip=127.0.0.1 | op=ALLOCATE_KEY {"volume":"8f1bce83-1452-4f84-962f-fa752c96cc7e","bucket":"db822f42-e7ae-4581-ad7a-bead0e7fbcec","key":"068d5c5e-e9bb-4dc1-8d5e-c2e37c6d432f","dataSize":"12","Transaction":"1654"} | ret=FAILURE | 
org.apache.hadoop.ozone.om.exceptions.OMException: No such Multipart upload is with specified uploadId random
	at org.apache.hadoop.ozone.om.request.key.OMKeyRequest.prepareMultipartFileInfo(OMKeyRequest.java:1102)
	at org.apache.hadoop.ozone.om.request.key.OMKeyRequest.prepareFileInfo(OMKeyRequest.java:961)
 
]]></system-out>
  </testcase>
  <testcase name="testOMClientProxyProvider" classname="org.apache.hadoop.ozone.client.rpc.TestSecureOzoneRpcClient" time="0.001"/>
  <testcase name="testOverWriteKeyWithAndWithOutVersioning" classname="org.apache.hadoop.ozone.client.rpc.TestSecureOzoneRpcClient" time="0.726">
    <failure message="&#10;Expecting actual:&#10;  0&#10;to be greater than:&#10;  0&#10;" type="java.lang.AssertionError"><![CDATA[java.lang.AssertionError: 

Expecting actual:
  0
to be greater than:
  0

	at org.apache.hadoop.ozone.client.rpc.OzoneRpcClientTests.checkExceptedResultForVersioningTest(OzoneRpcClientTests.java:4659)
	at org.apache.hadoop.ozone.client.rpc.OzoneRpcClientTests.testOverWriteKeyWithAndWithOutVersioning(OzoneRpcClientTests.java:4682)
	at java.base/java.lang.reflect.Method.invoke(Method.java:580)
	at java.base/java.util.concurrent.ForkJoinTask.doExec(ForkJoinTask.java:387)
	at java.base/java.util.concurrent.ForkJoinPool$WorkQueue.topLevelExec(ForkJoinPool.java:1312)
	at java.base/java.util.concurrent.ForkJoinPool.scan(ForkJoinPool.java:1843)
	at java.base/java.util.concurrent.ForkJoinPool.runWorker(ForkJoinPool.java:1808)
	at java.base/java.util.concurrent.ForkJoinWorkerThread.run(ForkJoinWorkerThread.java:188)
]]></failure>
    <system-out><![CDATA[2025-10-20 19:51:44,441 [ForkJoinPool-1-worker-1] INFO  rpc.RpcClient (RpcClient.java:createVolume(461)) - Creating Volume: 9a95dcf5-fbf9-4b42-a893-adfaaacda160, with runner as owner and space quota set to -1 bytes, counts quota set to -1
2025-10-20 19:51:44,443 [om1-OMStateMachineApplyTransactionThread - 0] INFO  volume.OMVolumeCreateRequest (OMVolumeCreateRequest.java:validateAndUpdateCache(213)) - created volume:9a95dcf5-fbf9-4b42-a893-adfaaacda160 for user:runner
2025-10-20 19:51:44,443 | INFO  | OMAudit | user=runner | ip=127.0.0.1 | op=CREATE_VOLUME {"admin":"runner","owner":"runner","volume":"9a95dcf5-fbf9-4b42-a893-adfaaacda160","creationTime":"1760989904442","modificationTime":"1760989904442","quotaInBytes":"-1","quotaInNamespace":"-1","usedNamespace":"0","objectID":"-9223372036854352128","updateID":"1655","Transaction":"1655"} | ret=SUCCESS |  
2025-10-20 19:51:44,443 | INFO  | OMAudit | user=runner | ip=127.0.0.1 | op=READ_VOLUME {"volume":"9a95dcf5-fbf9-4b42-a893-adfaaacda160"} | ret=SUCCESS |  
2025-10-20 19:51:44,444 [ForkJoinPool-1-worker-1] INFO  rpc.RpcClient (RpcClient.java:createBucket(686)) - Creating Bucket: 9a95dcf5-fbf9-4b42-a893-adfaaacda160/2515bc3b-49d4-43e8-bf6f-76eed639184f, with bucket layout OBJECT_STORE, runner as owner, Versioning false, Storage Type set to DISK and Encryption set to false, Replication Type set to server-side default replication type, Namespace Quota set to -1, Space Quota set to -1 
2025-10-20 19:51:44,445 [om1-OMStateMachineApplyTransactionThread - 0] INFO  bucket.OMBucketCreateRequest (OMBucketCreateRequest.java:validateAndUpdateCache(303)) - created bucket: 2515bc3b-49d4-43e8-bf6f-76eed639184f of layout OBJECT_STORE in volume: 9a95dcf5-fbf9-4b42-a893-adfaaacda160
2025-10-20 19:51:44,446 | INFO  | OMAudit | user=runner | ip=127.0.0.1 | op=CREATE_BUCKET {"volume":"9a95dcf5-fbf9-4b42-a893-adfaaacda160","bucket":"2515bc3b-49d4-43e8-bf6f-76eed639184f","bucketLayout":"OBJECT_STORE","gdprEnabled":null,"acls":"[user:runner:a[ACCESS], group:runner:rl[ACCESS]]","isVersionEnabled":"false","storageType":"DISK","creationTime":"1760989904445","bucketEncryptionKey":null,"modificationTime":"1760989904445","usedBytes":"0","usedNamespace":"0","snapshotUsedBytes":"0","snapshotUsedNamespace":"0","owner":"runner","replicationType":null,"replicationConfig":null,"quotaInBytes":"-1","quotaInNamespace":"-1","Transaction":"1656"} | ret=SUCCESS |  
2025-10-20 19:51:44,446 | INFO  | OMAudit | user=runner | ip=127.0.0.1 | op=READ_BUCKET {"volume":"9a95dcf5-fbf9-4b42-a893-adfaaacda160","bucket":"2515bc3b-49d4-43e8-bf6f-76eed639184f"} | ret=SUCCESS |  
2025-10-20 19:51:44,447 | INFO  | SCMAudit | user=runner | ip=127.0.0.1 | op=SEND_HEARTBEAT {"datanodeUUID":"b614738c-cdff-4f09-bf59-ed5bb75d51be","term":"2","command":"[]"} | ret=SUCCESS |  
2025-10-20 19:51:44,447 | INFO  | OMAudit | user=runner | ip=127.0.0.1 | op=READ_BUCKET {"volume":"9a95dcf5-fbf9-4b42-a893-adfaaacda160","bucket":"2515bc3b-49d4-43e8-bf6f-76eed639184f"} | ret=SUCCESS |  
2025-10-20 19:51:44,448 | INFO  | SCMAudit | user=runner | ip=127.0.0.1 | op=ALLOCATE_BLOCK {"replication":"RATIS/THREE","owner":"omServiceIdDefault","size":"4194304","sampleBlocks":"[conID: 15 locID: 115816896921600430]","num":"1","client":"","allocated":"1"} | ret=SUCCESS |  
2025-10-20 19:51:44,449 | INFO  | SCMAudit | user=runner | ip=127.0.0.1 | op=SEND_HEARTBEAT {"datanodeUUID":"361055de-215b-4c6c-94c2-be1c1da118d1","term":"2","command":"[]"} | ret=SUCCESS |  
2025-10-20 19:51:44,450 | INFO  | OMAudit | user=runner | ip=127.0.0.1 | op=ALLOCATE_KEY {"volume":"9a95dcf5-fbf9-4b42-a893-adfaaacda160","bucket":"2515bc3b-49d4-43e8-bf6f-76eed639184f","key":"bbd3eead-5d77-43b6-ae0e-063d58ce724c","dataSize":"12","replicationType":"RATIS","replicationFactor":"THREE","Transaction":"1657"} | ret=SUCCESS |  
2025-10-20 19:51:44,451 | INFO  | SCMAudit | user=runner | ip=127.0.0.1 | op=SEND_HEARTBEAT {"datanodeUUID":"38991c48-ffb3-4453-b758-77d6b4ebc62b","term":"2","command":"[]"} | ret=SUCCESS |  
2025-10-20 19:51:44,452 | INFO  | SCMAudit | user=runner | ip=127.0.0.1 | op=SEND_HEARTBEAT {"datanodeUUID":"c90bff1f-5a1f-42c6-8fca-9533d718c79a","term":"2","command":"[]"} | ret=SUCCESS |  
2025-10-20 19:51:44,458 | INFO  | OMAudit | user=runner | ip=127.0.0.1 | op=COMMIT_KEY {"volume":"9a95dcf5-fbf9-4b42-a893-adfaaacda160","bucket":"2515bc3b-49d4-43e8-bf6f-76eed639184f","key":"bbd3eead-5d77-43b6-ae0e-063d58ce724c","dataSize":"12","replicationType":"RATIS","replicationFactor":"THREE","Transaction":"1658"} | ret=SUCCESS |  
2025-10-20 19:51:44,460 | INFO  | OMAudit | user=runner | ip=127.0.0.1 | op=READ_BUCKET {"volume":"9a95dcf5-fbf9-4b42-a893-adfaaacda160","bucket":"2515bc3b-49d4-43e8-bf6f-76eed639184f"} | ret=SUCCESS |  
2025-10-20 19:51:44,460 | INFO  | SCMAudit | user=runner | ip=127.0.0.1 | op=ALLOCATE_BLOCK {"replication":"RATIS/THREE","owner":"omServiceIdDefault","size":"4194304","sampleBlocks":"[conID: 14 locID: 115816896921600431]","num":"1","client":"","allocated":"1"} | ret=SUCCESS |  
2025-10-20 19:51:44,463 | INFO  | OMAudit | user=runner | ip=127.0.0.1 | op=ALLOCATE_KEY {"volume":"9a95dcf5-fbf9-4b42-a893-adfaaacda160","bucket":"2515bc3b-49d4-43e8-bf6f-76eed639184f","key":"bbd3eead-5d77-43b6-ae0e-063d58ce724c","dataSize":"12","replicationType":"RATIS","replicationFactor":"THREE","Transaction":"1659"} | ret=SUCCESS |  
2025-10-20 19:51:44,481 | INFO  | OMAudit | user=runner | ip=127.0.0.1 | op=COMMIT_KEY {"volume":"9a95dcf5-fbf9-4b42-a893-adfaaacda160","bucket":"2515bc3b-49d4-43e8-bf6f-76eed639184f","key":"bbd3eead-5d77-43b6-ae0e-063d58ce724c","dataSize":"12","replicationType":"RATIS","replicationFactor":"THREE","Transaction":"1660"} | ret=SUCCESS |  
2025-10-20 19:51:44,650 | INFO  | SCMAudit | user=runner | ip=127.0.0.1 | op=SEND_HEARTBEAT {"datanodeUUID":"4f2bb3f5-0e03-4f1b-bb4c-79c91b98c7da","term":"2","command":"[]"} | ret=SUCCESS |  
2025-10-20 19:51:44,651 | INFO  | SCMAudit | user=runner | ip=127.0.0.1 | op=SEND_HEARTBEAT {"datanodeUUID":"605be85e-a7f4-44d7-8cfd-f53001b990b0","term":"2","command":"[]"} | ret=SUCCESS |  
2025-10-20 19:51:44,651 | INFO  | SCMAudit | user=runner | ip=127.0.0.1 | op=SEND_HEARTBEAT {"datanodeUUID":"cc7fbe85-1d98-437b-84f9-04213fee10f0","term":"2","command":"[]"} | ret=SUCCESS |  
2025-10-20 19:51:44,732 | INFO  | SCMAudit | user=runner | ip=127.0.0.1 | op=SEND_HEARTBEAT {"datanodeUUID":"feb39a1c-80cb-4714-ab06-a361236e3029","term":"2","command":"[]"} | ret=SUCCESS |  
2025-10-20 19:51:44,742 | INFO  | SCMAudit | user=runner | ip=127.0.0.1 | op=SEND_HEARTBEAT {"datanodeUUID":"e05592a5-d00f-4fc1-9e39-a968c1ecb04e","term":"2","command":"[]"} | ret=SUCCESS |  
2025-10-20 19:51:44,744 | INFO  | SCMAudit | user=runner | ip=127.0.0.1 | op=SEND_HEARTBEAT {"datanodeUUID":"33f74daf-be7a-4306-b2af-53e409c4cb93","term":"2","command":"[]"} | ret=SUCCESS |  
2025-10-20 19:51:44,846 | INFO  | SCMAudit | user=runner | ip=127.0.0.1 | op=SEND_HEARTBEAT {"datanodeUUID":"d7d8cf72-b9f6-4979-9c53-007dd6e6e48a","term":"2","command":"[]"} | ret=SUCCESS |  
2025-10-20 19:51:45,155 [om1-KeyDeletingService#8] INFO  service.KeyDeletingService (KeyDeletingService.java:processKeyDeletes(151)) - Send 5 key(s) to SCM, first 5 keys: [PurgedKey{blockGroup=BlockGroup[groupID='/4bc154fa-ce28-40d4-a159-5d848d8e8594/251f91e4-b0dc-40e7-bb58-1485b171e0ba/dir1/dir24f9be5a4-139e-4aa8-94dd-29d3677dcb68/-9223372036854366206/0', blockIDs=[conID: 13 locID: 115816896921600422 bcsId: 0 replicaIndex: null]], volume='4bc154fa-ce28-40d4-a159-5d848d8e8594', bucket='251f91e4-b0dc-40e7-bb58-1485b171e0ba', bucketId=-9223372036854366464, purgedBytes=2262, isCommittedKey=true, deleteKeyName='/4bc154fa-ce28-40d4-a159-5d848d8e8594/251f91e4-b0dc-40e7-bb58-1485b171e0ba/dir1/dir24f9be5a4-139e-4aa8-94dd-29d3677dcb68/-9223372036854366206'}, PurgedKey{blockGroup=BlockGroup[groupID='/4bc154fa-ce28-40d4-a159-5d848d8e8594/251f91e4-b0dc-40e7-bb58-1485b171e0ba/dir1/dir24f9be5a4-139e-4aa8-94dd-29d3677dcb68/-9223372036854362367/0', blockIDs=[conID: 5 locID: 115816896921600424 bcsId: 0 replicaIndex: null]], volume='4bc154fa-ce28-40d4-a159-5d848d8e8594', bucket='251f91e4-b0dc-40e7-bb58-1485b171e0ba', bucketId=-9223372036854366464, purgedBytes=2301, isCommittedKey=true, deleteKeyName='/4bc154fa-ce28-40d4-a159-5d848d8e8594/251f91e4-b0dc-40e7-bb58-1485b171e0ba/dir1/dir24f9be5a4-139e-4aa8-94dd-29d3677dcb68/-9223372036854362367'}, PurgedKey{blockGroup=BlockGroup[groupID='/9a95dcf5-fbf9-4b42-a893-adfaaacda160/2515bc3b-49d4-43e8-bf6f-76eed639184f/bbd3eead-5d77-43b6-ae0e-063d58ce724c/-9223372036854350848/0', blockIDs=[conID: 15 locID: 115816896921600430 bcsId: 0 replicaIndex: null]], volume='9a95dcf5-fbf9-4b42-a893-adfaaacda160', bucket='2515bc3b-49d4-43e8-bf6f-76eed639184f', bucketId=-9223372036854351872, purgedBytes=36, isCommittedKey=true, deleteKeyName='/9a95dcf5-fbf9-4b42-a893-adfaaacda160/2515bc3b-49d4-43e8-bf6f-76eed639184f/bbd3eead-5d77-43b6-ae0e-063d58ce724c/-9223372036854350848'}, PurgedKey{blockGroup=BlockGroup[groupID='/8478d588-08e1-4ece-8a52-2176172315f0/8cf9fb65-d852-4fb1-898a-ce2ffdc543df/PF60841cfe-b9cc-4f56-9b64-2ebb9fef05d9/KEYbc5813ba-2763-49cc-8acf-838feec22e54/-9223372036854359294/0', blockIDs=[conID: 10 locID: 115816896921600426 bcsId: 0 replicaIndex: null]], volume='8478d588-08e1-4ece-8a52-2176172315f0', bucket='8cf9fb65-d852-4fb1-898a-ce2ffdc543df', bucketId=-9223372036854359552, purgedBytes=2273, isCommittedKey=true, deleteKeyName='/8478d588-08e1-4ece-8a52-2176172315f0/8cf9fb65-d852-4fb1-898a-ce2ffdc543df/PF60841cfe-b9cc-4f56-9b64-2ebb9fef05d9/KEYbc5813ba-2763-49cc-8acf-838feec22e54/-9223372036854359294'}, PurgedKey{blockGroup=BlockGroup[groupID='/8478d588-08e1-4ece-8a52-2176172315f0/8cf9fb65-d852-4fb1-898a-ce2ffdc543df/PF60841cfe-b9cc-4f56-9b64-2ebb9fef05d9/KEYbc5813ba-2763-49cc-8acf-838feec22e54/-9223372036854356735/0', blockIDs=[conID: 27 locID: 115816896921600428 bcsId: 0 replicaIndex: null]], volume='8478d588-08e1-4ece-8a52-2176172315f0', bucket='8cf9fb65-d852-4fb1-898a-ce2ffdc543df', bucketId=-9223372036854359552, purgedBytes=2263, isCommittedKey=true, deleteKeyName='/8478d588-08e1-4ece-8a52-2176172315f0/8cf9fb65-d852-4fb1-898a-ce2ffdc543df/PF60841cfe-b9cc-4f56-9b64-2ebb9fef05d9/KEYbc5813ba-2763-49cc-8acf-838feec22e54/-9223372036854356735'}]
2025-10-20 19:51:45,157 | INFO  | SCMAudit | user=runner | ip=127.0.0.1 | op=DELETE_KEY_BLOCK {"KeyBlockToDelete":"[BlockGroup[groupID='/8478d588-08e1-4ece-8a52-2176172315f0/8cf9fb65-d852-4fb1-898a-ce2ffdc543df/PF60841cfe-b9cc-4f56-9b64-2ebb9fef05d9/KEYbc5813ba-2763-49cc-8acf-838feec22e54/-9223372036854359294/0', blockIDs=[conID: 10 locID: 115816896921600426 bcsId: 0 replicaIndex: null]], BlockGroup[groupID='/4bc154fa-ce28-40d4-a159-5d848d8e8594/251f91e4-b0dc-40e7-bb58-1485b171e0ba/dir1/dir24f9be5a4-139e-4aa8-94dd-29d3677dcb68/-9223372036854366206/0', blockIDs=[conID: 13 locID: 115816896921600422 bcsId: 0 replicaIndex: null]], BlockGroup[groupID='/9a95dcf5-fbf9-4b42-a893-adfaaacda160/2515bc3b-49d4-43e8-bf6f-76eed639184f/bbd3eead-5d77-43b6-ae0e-063d58ce724c/-9223372036854350848/0', blockIDs=[conID: 15 locID: 115816896921600430 bcsId: 0 replicaIndex: null]], BlockGroup[groupID='/4bc154fa-ce28-40d4-a159-5d848d8e8594/251f91e4-b0dc-40e7-bb58-1485b171e0ba/dir1/dir24f9be5a4-139e-4aa8-94dd-29d3677dcb68/-9223372036854362367/0', blockIDs=[conID: 5 locID: 115816896921600424 bcsId: 0 replicaIndex: null]], BlockGroup[groupID='/8478d588-08e1-4ece-8a52-2176172315f0/8cf9fb65-d852-4fb1-898a-ce2ffdc543df/PF60841cfe-b9cc-4f56-9b64-2ebb9fef05d9/KEYbc5813ba-2763-49cc-8acf-838feec22e54/-9223372036854356735/0', blockIDs=[conID: 27 locID: 115816896921600428 bcsId: 0 replicaIndex: null]]]"} | ret=SUCCESS |  
2025-10-20 19:51:45,158 [om1-KeyDeletingService#8] INFO  service.KeyDeletingService (KeyDeletingService.java:processKeyDeletes(158)) - 5 BlockGroup deletion are acked by SCM in 2 ms
2025-10-20 19:51:45,159 [om1-KeyDeletingService#8] INFO  service.KeyDeletingService (KeyDeletingService.java:processKeyDeletes(166)) - Blocks for 5 (out of 5) keys are deleted from DB in 2 ms. Limit per task is 50000.
]]></system-out>
  </testcase>
  <testcase name="testPreallocateFileRecovery(long)[1]" classname="org.apache.hadoop.ozone.client.rpc.TestSecureOzoneRpcClient" time="0.396">
    <system-out><![CDATA[2025-10-20 19:51:45,177 | INFO  | SCMAudit | user=runner | ip=127.0.0.1 | op=SEND_HEARTBEAT {"datanodeUUID":"ef67b0a7-5b27-496d-9f38-ab804a28e500","term":"2","command":"[]"} | ret=SUCCESS |  
2025-10-20 19:51:45,179 | INFO  | SCMAudit | user=runner | ip=127.0.0.1 | op=SEND_HEARTBEAT {"datanodeUUID":"7bb0e7f0-2b36-4ec0-8a09-ceac75d91a36","term":"2","command":"[]"} | ret=SUCCESS |  
2025-10-20 19:51:45,227 [ForkJoinPool-1-worker-1] INFO  rpc.RpcClient (RpcClient.java:createVolume(461)) - Creating Volume: 78cd85ae-2c22-48f7-a31c-c3abc07d6e35, with runner as owner and space quota set to -1 bytes, counts quota set to -1
2025-10-20 19:51:45,229 [om1-OMStateMachineApplyTransactionThread - 0] INFO  volume.OMVolumeCreateRequest (OMVolumeCreateRequest.java:validateAndUpdateCache(213)) - created volume:78cd85ae-2c22-48f7-a31c-c3abc07d6e35 for user:runner
2025-10-20 19:51:45,229 | INFO  | OMAudit | user=runner | ip=127.0.0.1 | op=CREATE_VOLUME {"admin":"runner","owner":"runner","volume":"78cd85ae-2c22-48f7-a31c-c3abc07d6e35","creationTime":"1760989905228","modificationTime":"1760989905228","quotaInBytes":"-1","quotaInNamespace":"-1","usedNamespace":"0","objectID":"-9223372036854350336","updateID":"1662","Transaction":"1662"} | ret=SUCCESS |  
2025-10-20 19:51:45,231 | INFO  | OMAudit | user=runner | ip=127.0.0.1 | op=READ_VOLUME {"volume":"78cd85ae-2c22-48f7-a31c-c3abc07d6e35"} | ret=SUCCESS |  
2025-10-20 19:51:45,231 [ForkJoinPool-1-worker-1] INFO  rpc.RpcClient (RpcClient.java:createBucket(686)) - Creating Bucket: 78cd85ae-2c22-48f7-a31c-c3abc07d6e35/facfb10b-8dcb-41cf-916b-faf89bf6ba01, with bucket layout FILE_SYSTEM_OPTIMIZED, runner as owner, Versioning false, Storage Type set to DISK and Encryption set to false, Replication Type set to server-side default replication type, Namespace Quota set to 100, Space Quota set to 1073741824 
2025-10-20 19:51:45,235 [om1-OMStateMachineApplyTransactionThread - 0] INFO  bucket.OMBucketCreateRequest (OMBucketCreateRequest.java:validateAndUpdateCache(303)) - created bucket: facfb10b-8dcb-41cf-916b-faf89bf6ba01 of layout FILE_SYSTEM_OPTIMIZED in volume: 78cd85ae-2c22-48f7-a31c-c3abc07d6e35
2025-10-20 19:51:45,235 | INFO  | OMAudit | user=runner | ip=127.0.0.1 | op=CREATE_BUCKET {"volume":"78cd85ae-2c22-48f7-a31c-c3abc07d6e35","bucket":"facfb10b-8dcb-41cf-916b-faf89bf6ba01","bucketLayout":"FILE_SYSTEM_OPTIMIZED","gdprEnabled":null,"acls":"[user:runner:a[ACCESS], group:runner:rl[ACCESS]]","isVersionEnabled":"false","storageType":"DISK","creationTime":"1760989905233","bucketEncryptionKey":null,"modificationTime":"1760989905233","usedBytes":"0","usedNamespace":"0","snapshotUsedBytes":"0","snapshotUsedNamespace":"0","owner":"runner","replicationType":null,"replicationConfig":null,"quotaInBytes":"1073741824","quotaInNamespace":"100","Transaction":"1663"} | ret=SUCCESS |  
2025-10-20 19:51:45,236 | INFO  | OMAudit | user=runner | ip=127.0.0.1 | op=READ_BUCKET {"volume":"78cd85ae-2c22-48f7-a31c-c3abc07d6e35","bucket":"facfb10b-8dcb-41cf-916b-faf89bf6ba01"} | ret=SUCCESS |  
2025-10-20 19:51:45,241 | INFO  | OMAudit | user=runner | ip=127.0.0.1 | op=GET_SERVICE_LIST {} | ret=SUCCESS |  
2025-10-20 19:51:45,244 | INFO  | OMAudit | user=runner | ip=127.0.0.1 | op=READ_BUCKET {"volume":"78cd85ae-2c22-48f7-a31c-c3abc07d6e35","bucket":"facfb10b-8dcb-41cf-916b-faf89bf6ba01"} | ret=SUCCESS |  
2025-10-20 19:51:45,245 | INFO  | SCMAudit | user=runner | ip=127.0.0.1 | op=ALLOCATE_BLOCK {"replication":"RATIS/THREE","owner":"omServiceIdDefault","size":"4194304","sampleBlocks":"[conID: 20 locID: 115816896921600432, conID: 16 locID: 115816896921600433, conID: 14 locID: 115816896921600434, conID: 15 locID: 115816896921600435, conID: 18 locID: 115816896921600436, conID: 19 locID: 115816896921600437, conID: 15 locID: 115816896921600438, conID: 20 locID: 115816896921600439, conID: 19 locID: 115816896921600440, conID: 14 locID: 115816896921600441]","num":"10","client":"","allocated":"10"} | ret=SUCCESS |  
2025-10-20 19:51:45,248 | INFO  | OMAudit | user=runner | ip=127.0.0.1 | op=ALLOCATE_KEY {"volume":"78cd85ae-2c22-48f7-a31c-c3abc07d6e35","bucket":"facfb10b-8dcb-41cf-916b-faf89bf6ba01","key":"48912c5d-f0b2-4ba3-ac46-8df8154003db","dataSize":"41943040","replicationType":"RATIS","replicationFactor":"THREE","Transaction":"1664"} | ret=SUCCESS |  
2025-10-20 19:51:45,249 | INFO  | OMAudit | user=runner | ip=127.0.0.1 | op=READ_BUCKET {"volume":"78cd85ae-2c22-48f7-a31c-c3abc07d6e35","bucket":"facfb10b-8dcb-41cf-916b-faf89bf6ba01"} | ret=SUCCESS |  
2025-10-20 19:51:45,266 | INFO  | SCMAudit | user=runner | ip=127.0.0.1 | op=SEND_HEARTBEAT {"datanodeUUID":"af0e5da1-57af-45e9-9aca-fa0798d05628","term":"2","command":"[]"} | ret=SUCCESS |  
2025-10-20 19:51:45,371 | INFO  | OMAudit | user=runner | ip=127.0.0.1 | op=READ_BUCKET {"volume":"78cd85ae-2c22-48f7-a31c-c3abc07d6e35","bucket":"facfb10b-8dcb-41cf-916b-faf89bf6ba01"} | ret=SUCCESS |  
2025-10-20 19:51:45,374 | INFO  | SCMAudit | user=runner | ip=127.0.0.1 | op=GET_CONTAINER_WITH_PIPELINE {"containerID":"#15"} | ret=SUCCESS |  
2025-10-20 19:51:45,375 | INFO  | SCMAudit | user=runner | ip=127.0.0.1 | op=GET_CONTAINER_WITH_PIPELINE {"containerID":"#14"} | ret=SUCCESS |  
2025-10-20 19:51:45,376 | INFO  | SCMAudit | user=runner | ip=127.0.0.1 | op=GET_CONTAINER_WITH_PIPELINE {"containerID":"#19"} | ret=SUCCESS |  
2025-10-20 19:51:45,376 | INFO  | OMAudit | user=runner | ip=127.0.0.1 | op=RECOVER_LEASE {"volume":"78cd85ae-2c22-48f7-a31c-c3abc07d6e35","bucket":"facfb10b-8dcb-41cf-916b-faf89bf6ba01","key":"48912c5d-f0b2-4ba3-ac46-8df8154003db","Transaction":"1666"} | ret=SUCCESS |  
2025-10-20 19:51:45,386 [361055de-215b-4c6c-94c2-be1c1da118d1-ContainerOp-0b8c5e6b-69eb-484b-887e-939de61e1e74-7] INFO  keyvalue.KeyValueHandler (KeyValueHandler.java:handleFinalizeBlock(714)) - Finalized Block request received conID: 14 locID: 115816896921600441 bcsId: 0 replicaIndex: null 
2025-10-20 19:51:45,386 [361055de-215b-4c6c-94c2-be1c1da118d1-ContainerOp-0b8c5e6b-69eb-484b-887e-939de61e1e74-7] WARN  keyvalue.KeyValueHandler (ContainerUtils.java:logAndReturnError(94)) - Operation: FinalizeBlock , Trace ID:  , Message: Unable to find the block. BlockID : conID: 14 locID: 115816896921600441 bcsId: 0 replicaIndex: null , Result: NO_SUCH_BLOCK , StorageContainerException Occurred.
org.apache.hadoop.hdds.scm.container.common.helpers.StorageContainerException: Unable to find the block. BlockID : conID: 14 locID: 115816896921600441 bcsId: 0 replicaIndex: null
	at org.apache.hadoop.ozone.container.metadata.DatanodeStoreWithIncrementalChunkList.getCompleteBlockData(DatanodeStoreWithIncrementalChunkList.java:67)
	at org.apache.hadoop.ozone.container.metadata.DatanodeStore.getBlockByID(DatanodeStore.java:90)
	at org.apache.hadoop.ozone.container.keyvalue.impl.BlockManagerImpl.getBlockByID(BlockManagerImpl.java:462)
	at org.apache.hadoop.ozone.container.keyvalue.impl.BlockManagerImpl.getBlock(BlockManagerImpl.java:347)
	at org.apache.hadoop.ozone.container.keyvalue.KeyValueHandler.handleFinalizeBlock(KeyValueHandler.java:716)
	at org.apache.hadoop.ozone.container.keyvalue.KeyValueHandler.dispatchRequest(KeyValueHandler.java:357)
	at org.apache.hadoop.ozone.container.keyvalue.KeyValueHandler.handle(KeyValueHandler.java:293)
	at org.apache.hadoop.ozone.container.common.impl.HddsDispatcher.dispatchRequest(HddsDispatcher.java:365)
	at org.apache.hadoop.ozone.container.common.impl.HddsDispatcher.lambda$dispatch$1(HddsDispatcher.java:190)
	at org.apache.hadoop.hdds.server.OzoneProtocolMessageDispatcher.processRequest(OzoneProtocolMessageDispatcher.java:89)
	at org.apache.hadoop.ozone.container.common.impl.HddsDispatcher.dispatch(HddsDispatcher.java:189)
	at org.apache.hadoop.ozone.container.common.transport.server.ratis.ContainerStateMachine.dispatchCommand(ContainerStateMachine.java:567)
	at org.apache.hadoop.ozone.container.common.transport.server.ratis.ContainerStateMachine.lambda$applyTransaction$8(ContainerStateMachine.java:1061)
	at org.apache.ratis.util.TaskQueue.lambda$submit$0(TaskQueue.java:121)
	at org.apache.ratis.util.LogUtils.runAndLog(LogUtils.java:38)
	at org.apache.ratis.util.LogUtils$1.run(LogUtils.java:78)
	at java.base/java.util.concurrent.Executors$RunnableAdapter.call(Executors.java:572)
	at java.base/java.util.concurrent.FutureTask.run(FutureTask.java:317)
	at java.base/java.util.concurrent.ThreadPoolExecutor.runWorker(ThreadPoolExecutor.java:1144)
	at java.base/java.util.concurrent.ThreadPoolExecutor$Worker.run(ThreadPoolExecutor.java:642)
	at java.base/java.lang.Thread.run(Thread.java:1583)
2025-10-20 19:51:45,388 [ef67b0a7-5b27-496d-9f38-ab804a28e500-ContainerOp-0b8c5e6b-69eb-484b-887e-939de61e1e74-8] INFO  keyvalue.KeyValueHandler (KeyValueHandler.java:handleFinalizeBlock(714)) - Finalized Block request received conID: 14 locID: 115816896921600441 bcsId: 0 replicaIndex: null 
2025-10-20 19:51:45,388 [ef67b0a7-5b27-496d-9f38-ab804a28e500-ContainerOp-0b8c5e6b-69eb-484b-887e-939de61e1e74-8] WARN  keyvalue.KeyValueHandler (ContainerUtils.java:logAndReturnError(94)) - Operation: FinalizeBlock , Trace ID:  , Message: Unable to find the block. BlockID : conID: 14 locID: 115816896921600441 bcsId: 0 replicaIndex: null , Result: NO_SUCH_BLOCK , StorageContainerException Occurred.
org.apache.hadoop.hdds.scm.container.common.helpers.StorageContainerException: Unable to find the block. BlockID : conID: 14 locID: 115816896921600441 bcsId: 0 replicaIndex: null
	at org.apache.hadoop.ozone.container.metadata.DatanodeStoreWithIncrementalChunkList.getCompleteBlockData(DatanodeStoreWithIncrementalChunkList.java:67)
	at org.apache.hadoop.ozone.container.metadata.DatanodeStore.getBlockByID(DatanodeStore.java:90)
	at org.apache.hadoop.ozone.container.keyvalue.impl.BlockManagerImpl.getBlockByID(BlockManagerImpl.java:462)
	at org.apache.hadoop.ozone.container.keyvalue.impl.BlockManagerImpl.getBlock(BlockManagerImpl.java:347)
	at org.apache.hadoop.ozone.container.keyvalue.KeyValueHandler.handleFinalizeBlock(KeyValueHandler.java:716)
	at org.apache.hadoop.ozone.container.keyvalue.KeyValueHandler.dispatchRequest(KeyValueHandler.java:357)
	at org.apache.hadoop.ozone.container.keyvalue.KeyValueHandler.handle(KeyValueHandler.java:293)
	at org.apache.hadoop.ozone.container.common.impl.HddsDispatcher.dispatchRequest(HddsDispatcher.java:365)
	at org.apache.hadoop.ozone.container.common.impl.HddsDispatcher.lambda$dispatch$1(HddsDispatcher.java:190)
	at org.apache.hadoop.hdds.server.OzoneProtocolMessageDispatcher.processRequest(OzoneProtocolMessageDispatcher.java:89)
	at org.apache.hadoop.ozone.container.common.impl.HddsDispatcher.dispatch(HddsDispatcher.java:189)
	at org.apache.hadoop.ozone.container.common.transport.server.ratis.ContainerStateMachine.dispatchCommand(ContainerStateMachine.java:567)
	at org.apache.hadoop.ozone.container.common.transport.server.ratis.ContainerStateMachine.lambda$applyTransaction$8(ContainerStateMachine.java:1061)
	at org.apache.ratis.util.TaskQueue.lambda$submit$0(TaskQueue.java:121)
	at org.apache.ratis.util.LogUtils.runAndLog(LogUtils.java:38)
	at org.apache.ratis.util.LogUtils$1.run(LogUtils.java:78)
	at java.base/java.util.concurrent.Executors$RunnableAdapter.call(Executors.java:572)
	at java.base/java.util.concurrent.FutureTask.run(FutureTask.java:317)
	at java.base/java.util.concurrent.ThreadPoolExecutor.runWorker(ThreadPoolExecutor.java:1144)
	at java.base/java.util.concurrent.ThreadPoolExecutor$Worker.run(ThreadPoolExecutor.java:642)
	at java.base/java.lang.Thread.run(Thread.java:1583)
2025-10-20 19:51:45,389 [e05592a5-d00f-4fc1-9e39-a968c1ecb04e-ContainerOp-0b8c5e6b-69eb-484b-887e-939de61e1e74-5] INFO  keyvalue.KeyValueHandler (KeyValueHandler.java:handleFinalizeBlock(714)) - Finalized Block request received conID: 14 locID: 115816896921600441 bcsId: 0 replicaIndex: null 
2025-10-20 19:51:45,389 [e05592a5-d00f-4fc1-9e39-a968c1ecb04e-ContainerOp-0b8c5e6b-69eb-484b-887e-939de61e1e74-5] WARN  keyvalue.KeyValueHandler (ContainerUtils.java:logAndReturnError(94)) - Operation: FinalizeBlock , Trace ID:  , Message: Unable to find the block. BlockID : conID: 14 locID: 115816896921600441 bcsId: 0 replicaIndex: null , Result: NO_SUCH_BLOCK , StorageContainerException Occurred.
org.apache.hadoop.hdds.scm.container.common.helpers.StorageContainerException: Unable to find the block. BlockID : conID: 14 locID: 115816896921600441 bcsId: 0 replicaIndex: null
	at org.apache.hadoop.ozone.container.metadata.DatanodeStoreWithIncrementalChunkList.getCompleteBlockData(DatanodeStoreWithIncrementalChunkList.java:67)
	at org.apache.hadoop.ozone.container.metadata.DatanodeStore.getBlockByID(DatanodeStore.java:90)
	at org.apache.hadoop.ozone.container.keyvalue.impl.BlockManagerImpl.getBlockByID(BlockManagerImpl.java:462)
	at org.apache.hadoop.ozone.container.keyvalue.impl.BlockManagerImpl.getBlock(BlockManagerImpl.java:347)
	at org.apache.hadoop.ozone.container.keyvalue.KeyValueHandler.handleFinalizeBlock(KeyValueHandler.java:716)
	at org.apache.hadoop.ozone.container.keyvalue.KeyValueHandler.dispatchRequest(KeyValueHandler.java:357)
	at org.apache.hadoop.ozone.container.keyvalue.KeyValueHandler.handle(KeyValueHandler.java:293)
	at org.apache.hadoop.ozone.container.common.impl.HddsDispatcher.dispatchRequest(HddsDispatcher.java:365)
	at org.apache.hadoop.ozone.container.common.impl.HddsDispatcher.lambda$dispatch$1(HddsDispatcher.java:190)
	at org.apache.hadoop.hdds.server.OzoneProtocolMessageDispatcher.processRequest(OzoneProtocolMessageDispatcher.java:89)
	at org.apache.hadoop.ozone.container.common.impl.HddsDispatcher.dispatch(HddsDispatcher.java:189)
	at org.apache.hadoop.ozone.container.common.transport.server.ratis.ContainerStateMachine.dispatchCommand(ContainerStateMachine.java:567)
	at org.apache.hadoop.ozone.container.common.transport.server.ratis.ContainerStateMachine.lambda$applyTransaction$8(ContainerStateMachine.java:1061)
	at org.apache.ratis.util.TaskQueue.lambda$submit$0(TaskQueue.java:121)
	at org.apache.ratis.util.LogUtils.runAndLog(LogUtils.java:38)
	at org.apache.ratis.util.LogUtils$1.run(LogUtils.java:78)
	at java.base/java.util.concurrent.Executors$RunnableAdapter.call(Executors.java:572)
	at java.base/java.util.concurrent.FutureTask.run(FutureTask.java:317)
	at java.base/java.util.concurrent.ThreadPoolExecutor.runWorker(ThreadPoolExecutor.java:1144)
	at java.base/java.util.concurrent.ThreadPoolExecutor$Worker.run(ThreadPoolExecutor.java:642)
	at java.base/java.lang.Thread.run(Thread.java:1583)
2025-10-20 19:51:45,397 [ef67b0a7-5b27-496d-9f38-ab804a28e500-ContainerOp-0b8c5e6b-69eb-484b-887e-939de61e1e74-8] WARN  keyvalue.KeyValueContainer (KeyValueContainer.java:markContainerUnhealthy(397)) - Marked container UNHEALTHY from OPEN: KeyValueContainerData #14 (UNHEALTHY, non-empty, ri=0, origin=[dn_ef67b0a7-5b27-496d-9f38-ab804a28e500, pipeline_0b8c5e6b-69eb-484b-887e-939de61e1e74])
2025-10-20 19:51:45,398 [e05592a5-d00f-4fc1-9e39-a968c1ecb04e-ContainerOp-0b8c5e6b-69eb-484b-887e-939de61e1e74-5] WARN  keyvalue.KeyValueContainer (KeyValueContainer.java:markContainerUnhealthy(397)) - Marked container UNHEALTHY from OPEN: KeyValueContainerData #14 (UNHEALTHY, non-empty, ri=0, origin=[dn_e05592a5-d00f-4fc1-9e39-a968c1ecb04e, pipeline_0b8c5e6b-69eb-484b-887e-939de61e1e74])
2025-10-20 19:51:45,398 [361055de-215b-4c6c-94c2-be1c1da118d1-ContainerOp-0b8c5e6b-69eb-484b-887e-939de61e1e74-7] WARN  keyvalue.KeyValueContainer (KeyValueContainer.java:markContainerUnhealthy(397)) - Marked container UNHEALTHY from OPEN: KeyValueContainerData #14 (UNHEALTHY, non-empty, ri=0, origin=[dn_361055de-215b-4c6c-94c2-be1c1da118d1, pipeline_0b8c5e6b-69eb-484b-887e-939de61e1e74])
2025-10-20 19:51:45,440 | ERROR | ContainerLog | ID=14 | Index=0 | BCSID=105 | State=UNHEALTHY | Volume=/home/runner/work/ozone/ozone/hadoop-ozone/integration-test/target/test-dir/MiniOzoneClusterImpl-6935df51-69ff-4c35-8bd4-ed2b81d70e54/ozone-metadata/datanode-2/data-0/hdds | DataChecksum=ed7a0f6e | Container has 1 error: WRITE_FAILURE for file /home/runner/work/ozone/ozone/hadoop-ozone/integration-test/target/test-dir/MiniOzoneClusterImpl-6935df51-69ff-4c35-8bd4-ed2b81d70e54/ozone-metadata/datanode-2/data-0/hdds/6935df51-69ff-4c35-8bd4-ed2b81d70e54/current/containerDir0/14 with exception: org.apache.hadoop.hdds.scm.container.common.helpers.StorageContainerException |  
2025-10-20 19:51:45,440 | ERROR | ContainerLog | ID=14 | Index=0 | BCSID=105 | State=UNHEALTHY | Volume=/home/runner/work/ozone/ozone/hadoop-ozone/integration-test/target/test-dir/MiniOzoneClusterImpl-6935df51-69ff-4c35-8bd4-ed2b81d70e54/ozone-metadata/datanode-3/data-0/hdds | DataChecksum=ed7a0f6e | Container has 1 error: WRITE_FAILURE for file /home/runner/work/ozone/ozone/hadoop-ozone/integration-test/target/test-dir/MiniOzoneClusterImpl-6935df51-69ff-4c35-8bd4-ed2b81d70e54/ozone-metadata/datanode-3/data-0/hdds/6935df51-69ff-4c35-8bd4-ed2b81d70e54/current/containerDir0/14 with exception: org.apache.hadoop.hdds.scm.container.common.helpers.StorageContainerException |  
2025-10-20 19:51:45,442 | ERROR | ContainerLog | ID=14 | Index=0 | BCSID=105 | State=UNHEALTHY | Volume=/home/runner/work/ozone/ozone/hadoop-ozone/integration-test/target/test-dir/MiniOzoneClusterImpl-6935df51-69ff-4c35-8bd4-ed2b81d70e54/ozone-metadata/datanode-1/data-0/hdds | DataChecksum=ed7a0f6e | Container has 1 error: WRITE_FAILURE for file /home/runner/work/ozone/ozone/hadoop-ozone/integration-test/target/test-dir/MiniOzoneClusterImpl-6935df51-69ff-4c35-8bd4-ed2b81d70e54/ozone-metadata/datanode-1/data-0/hdds/6935df51-69ff-4c35-8bd4-ed2b81d70e54/current/containerDir0/14 with exception: org.apache.hadoop.hdds.scm.container.common.helpers.StorageContainerException |  
2025-10-20 19:51:45,444 | INFO  | SCMAudit | user=runner | ip=127.0.0.1 | op=SEND_HEARTBEAT {"datanodeUUID":"ef67b0a7-5b27-496d-9f38-ab804a28e500","term":"2","command":"[]"} | ret=SUCCESS |  
2025-10-20 19:51:45,444 [FixedThreadPoolWithAffinityExecutor-8-0] INFO  container.IncrementalContainerReportHandler (AbstractContainerReportHandler.java:updateContainerState(253)) - FINALIZE (i.e. CLOSING) Container #14 (OPEN, sid=0) r0 (UNHEALTHY, bcsid=105, origin=ef67b0a7-5b27-496d-9f38-ab804a28e500, non-empty) from dn ef67b0a7-5b27-496d-9f38-ab804a28e500(localhost/127.0.0.1)
2025-10-20 19:51:45,445 | INFO  | SCMAudit | user=runner | ip=127.0.0.1 | op=SEND_HEARTBEAT {"datanodeUUID":"e05592a5-d00f-4fc1-9e39-a968c1ecb04e","term":"2","command":"[]"} | ret=SUCCESS |  
2025-10-20 19:51:45,445 | INFO  | SCMAudit | user=runner | ip=127.0.0.1 | op=SEND_HEARTBEAT {"datanodeUUID":"361055de-215b-4c6c-94c2-be1c1da118d1","term":"2","command":"[]"} | ret=SUCCESS |  
2025-10-20 19:51:45,446 [ef67b0a7-5b27-496d-9f38-ab804a28e500-ContainerOp-0b8c5e6b-69eb-484b-887e-939de61e1e74-8] INFO  impl.HddsDispatcher (HddsDispatcher.java:dispatchRequest(412)) - Marked Container UNHEALTHY, ContainerID: 14
2025-10-20 19:51:45,447 [e05592a5-d00f-4fc1-9e39-a968c1ecb04e-ContainerOp-0b8c5e6b-69eb-484b-887e-939de61e1e74-5] INFO  impl.HddsDispatcher (HddsDispatcher.java:dispatchRequest(412)) - Marked Container UNHEALTHY, ContainerID: 14
2025-10-20 19:51:45,449 [361055de-215b-4c6c-94c2-be1c1da118d1-ContainerOp-0b8c5e6b-69eb-484b-887e-939de61e1e74-7] INFO  impl.HddsDispatcher (HddsDispatcher.java:dispatchRequest(412)) - Marked Container UNHEALTHY, ContainerID: 14
2025-10-20 19:51:45,450 | INFO  | SCMAudit | user=runner | ip=127.0.0.1 | op=SEND_HEARTBEAT {"datanodeUUID":"b614738c-cdff-4f09-bf59-ed5bb75d51be","term":"2","command":"[]"} | ret=SUCCESS |  
2025-10-20 19:51:45,452 | INFO  | SCMAudit | user=runner | ip=127.0.0.1 | op=SEND_HEARTBEAT {"datanodeUUID":"38991c48-ffb3-4453-b758-77d6b4ebc62b","term":"2","command":"[]"} | ret=SUCCESS |  
2025-10-20 19:51:45,455 | INFO  | SCMAudit | user=runner | ip=127.0.0.1 | op=SEND_HEARTBEAT {"datanodeUUID":"c90bff1f-5a1f-42c6-8fca-9533d718c79a","term":"2","command":"[]"} | ret=SUCCESS |  
2025-10-20 19:51:45,457 | ERROR | DNAudit | user=null | ip=null | op=FINALIZE_BLOCK {"blockData":"conID: 14 locID: 115816896921600441 bcsId: 0 replicaIndex: null"} | ret=FAILURE | 
java.lang.Exception: Unable to find the block. BlockID : conID: 14 locID: 115816896921600441 bcsId: 0 replicaIndex: null
	at org.apache.hadoop.ozone.container.common.impl.HddsDispatcher.dispatchRequest(HddsDispatcher.java:440)
	at org.apache.hadoop.ozone.container.common.impl.HddsDispatcher.lambda$dispatch$1(HddsDispatcher.java:190)
 
2025-10-20 19:51:45,456 | ERROR | DNAudit | user=null | ip=null | op=FINALIZE_BLOCK {"blockData":"conID: 14 locID: 115816896921600441 bcsId: 0 replicaIndex: null"} | ret=FAILURE | 
java.lang.Exception: Unable to find the block. BlockID : conID: 14 locID: 115816896921600441 bcsId: 0 replicaIndex: null
	at org.apache.hadoop.ozone.container.common.impl.HddsDispatcher.dispatchRequest(HddsDispatcher.java:440)
	at org.apache.hadoop.ozone.container.common.impl.HddsDispatcher.lambda$dispatch$1(HddsDispatcher.java:190)
 
2025-10-20 19:51:45,458 | INFO  | SCMAudit | user=runner | ip=127.0.0.1 | op=SEND_HEARTBEAT {"datanodeUUID":"ef67b0a7-5b27-496d-9f38-ab804a28e500","term":"2","command":"[]"} | ret=SUCCESS |  
2025-10-20 19:51:45,456 | ERROR | DNAudit | user=null | ip=null | op=FINALIZE_BLOCK {"blockData":"conID: 14 locID: 115816896921600441 bcsId: 0 replicaIndex: null"} | ret=FAILURE | 
java.lang.Exception: Unable to find the block. BlockID : conID: 14 locID: 115816896921600441 bcsId: 0 replicaIndex: null
	at org.apache.hadoop.ozone.container.common.impl.HddsDispatcher.dispatchRequest(HddsDispatcher.java:440)
	at org.apache.hadoop.ozone.container.common.impl.HddsDispatcher.lambda$dispatch$1(HddsDispatcher.java:190)
 
2025-10-20 19:51:45,459 [ef67b0a7-5b27-496d-9f38-ab804a28e500-ContainerOp-0b8c5e6b-69eb-484b-887e-939de61e1e74-8] ERROR ratis.ContainerStateMachine (ContainerStateMachine.java:lambda$applyTransaction$11(1163)) - gid group-939DE61E1E74 : ApplyTransaction failed. cmd FinalizeBlock logIndex 108 msg : Unable to find the block. BlockID : conID: 14 locID: 115816896921600441 bcsId: 0 replicaIndex: null Container Result: NO_SUCH_BLOCK
2025-10-20 19:51:45,459 | INFO  | SCMAudit | user=runner | ip=127.0.0.1 | op=SEND_HEARTBEAT {"datanodeUUID":"e05592a5-d00f-4fc1-9e39-a968c1ecb04e","term":"2","command":"[]"} | ret=SUCCESS |  
2025-10-20 19:51:45,457 | INFO  | SCMAudit | user=runner | ip=127.0.0.1 | op=SEND_HEARTBEAT {"datanodeUUID":"361055de-215b-4c6c-94c2-be1c1da118d1","term":"2","command":"[]"} | ret=SUCCESS |  
2025-10-20 19:51:45,460 [ef67b0a7-5b27-496d-9f38-ab804a28e500-ContainerOp-0b8c5e6b-69eb-484b-887e-939de61e1e74-8] ERROR impl.StateMachineUpdater (StateMachineUpdater.java:lambda$applyLog$3(259)) - Exception while ef67b0a7-5b27-496d-9f38-ab804a28e500@group-939DE61E1E74-StateMachineUpdater: applying txn index=108, nextLog=(t:1, i:108), STATEMACHINELOGENTRY, WRITE: logData.size=104, stateMachineData.size=0, logEntryProtoSerializedSize=0
java.util.concurrent.CompletionException: org.apache.hadoop.hdds.scm.container.common.helpers.StorageContainerException: Unable to find the block. BlockID : conID: 14 locID: 115816896921600441 bcsId: 0 replicaIndex: null
	at java.base/java.util.concurrent.CompletableFuture.encodeThrowable(CompletableFuture.java:332)
	at java.base/java.util.concurrent.CompletableFuture.completeThrowable(CompletableFuture.java:347)
	at java.base/java.util.concurrent.CompletableFuture.uniWhenComplete(CompletableFuture.java:874)
	at java.base/java.util.concurrent.CompletableFuture$UniWhenComplete.tryFire(CompletableFuture.java:841)
	at java.base/java.util.concurrent.CompletableFuture.postComplete(CompletableFuture.java:510)
	at java.base/java.util.concurrent.CompletableFuture.completeExceptionally(CompletableFuture.java:2194)
	at org.apache.hadoop.ozone.container.common.transport.server.ratis.ContainerStateMachine.lambda$applyTransaction$11(ContainerStateMachine.java:1172)
	at java.base/java.util.concurrent.CompletableFuture$UniApply.tryFire(CompletableFuture.java:646)
	at java.base/java.util.concurrent.CompletableFuture.postComplete(CompletableFuture.java:510)
	at java.base/java.util.concurrent.CompletableFuture.complete(CompletableFuture.java:2179)
	at org.apache.ratis.util.TaskQueue.lambda$submit$0(TaskQueue.java:133)
	at org.apache.ratis.util.LogUtils.runAndLog(LogUtils.java:38)
	at org.apache.ratis.util.LogUtils$1.run(LogUtils.java:78)
	at java.base/java.util.concurrent.Executors$RunnableAdapter.call(Executors.java:572)
	at java.base/java.util.concurrent.FutureTask.run(FutureTask.java:317)
	at java.base/java.util.concurrent.ThreadPoolExecutor.runWorker(ThreadPoolExecutor.java:1144)
	at java.base/java.util.concurrent.ThreadPoolExecutor$Worker.run(ThreadPoolExecutor.java:642)
	at java.base/java.lang.Thread.run(Thread.java:1583)
Caused by: org.apache.hadoop.hdds.scm.container.common.helpers.StorageContainerException: Unable to find the block. BlockID : conID: 14 locID: 115816896921600441 bcsId: 0 replicaIndex: null
	at org.apache.hadoop.ozone.container.common.transport.server.ratis.ContainerStateMachine.lambda$applyTransaction$11(ContainerStateMachine.java:1162)
	... 11 more
2025-10-20 19:51:45,459 [361055de-215b-4c6c-94c2-be1c1da118d1-ContainerOp-0b8c5e6b-69eb-484b-887e-939de61e1e74-7] ERROR ratis.ContainerStateMachine (ContainerStateMachine.java:lambda$applyTransaction$11(1163)) - gid group-939DE61E1E74 : ApplyTransaction failed. cmd FinalizeBlock logIndex 108 msg : Unable to find the block. BlockID : conID: 14 locID: 115816896921600441 bcsId: 0 replicaIndex: null Container Result: NO_SUCH_BLOCK
2025-10-20 19:51:45,459 [e05592a5-d00f-4fc1-9e39-a968c1ecb04e-ContainerOp-0b8c5e6b-69eb-484b-887e-939de61e1e74-5] ERROR ratis.ContainerStateMachine (ContainerStateMachine.java:lambda$applyTransaction$11(1163)) - gid group-939DE61E1E74 : ApplyTransaction failed. cmd FinalizeBlock logIndex 108 msg : Unable to find the block. BlockID : conID: 14 locID: 115816896921600441 bcsId: 0 replicaIndex: null Container Result: NO_SUCH_BLOCK
2025-10-20 19:51:45,461 [361055de-215b-4c6c-94c2-be1c1da118d1-ContainerOp-0b8c5e6b-69eb-484b-887e-939de61e1e74-7] ERROR impl.StateMachineUpdater (StateMachineUpdater.java:lambda$applyLog$3(259)) - Exception while 361055de-215b-4c6c-94c2-be1c1da118d1@group-939DE61E1E74-StateMachineUpdater: applying txn index=108, nextLog=(t:1, i:108), STATEMACHINELOGENTRY, WRITE: logData.size=104, stateMachineData.size=0, logEntryProtoSerializedSize=0
java.util.concurrent.CompletionException: org.apache.hadoop.hdds.scm.container.common.helpers.StorageContainerException: Unable to find the block. BlockID : conID: 14 locID: 115816896921600441 bcsId: 0 replicaIndex: null
	at java.base/java.util.concurrent.CompletableFuture.encodeThrowable(CompletableFuture.java:332)
	at java.base/java.util.concurrent.CompletableFuture.completeThrowable(CompletableFuture.java:347)
	at java.base/java.util.concurrent.CompletableFuture.uniWhenComplete(CompletableFuture.java:874)
	at java.base/java.util.concurrent.CompletableFuture$UniWhenComplete.tryFire(CompletableFuture.java:841)
	at java.base/java.util.concurrent.CompletableFuture.postComplete(CompletableFuture.java:510)
	at java.base/java.util.concurrent.CompletableFuture.completeExceptionally(CompletableFuture.java:2194)
	at org.apache.hadoop.ozone.container.common.transport.server.ratis.ContainerStateMachine.lambda$applyTransaction$11(ContainerStateMachine.java:1172)
	at java.base/java.util.concurrent.CompletableFuture$UniApply.tryFire(CompletableFuture.java:646)
	at java.base/java.util.concurrent.CompletableFuture.postComplete(CompletableFuture.java:510)
	at java.base/java.util.concurrent.CompletableFuture.complete(CompletableFuture.java:2179)
	at org.apache.ratis.util.TaskQueue.lambda$submit$0(TaskQueue.java:133)
	at org.apache.ratis.util.LogUtils.runAndLog(LogUtils.java:38)
	at org.apache.ratis.util.LogUtils$1.run(LogUtils.java:78)
	at java.base/java.util.concurrent.Executors$RunnableAdapter.call(Executors.java:572)
	at java.base/java.util.concurrent.FutureTask.run(FutureTask.java:317)
	at java.base/java.util.concurrent.ThreadPoolExecutor.runWorker(ThreadPoolExecutor.java:1144)
	at java.base/java.util.concurrent.ThreadPoolExecutor$Worker.run(ThreadPoolExecutor.java:642)
	at java.base/java.lang.Thread.run(Thread.java:1583)
Caused by: org.apache.hadoop.hdds.scm.container.common.helpers.StorageContainerException: Unable to find the block. BlockID : conID: 14 locID: 115816896921600441 bcsId: 0 replicaIndex: null
	at org.apache.hadoop.ozone.container.common.transport.server.ratis.ContainerStateMachine.lambda$applyTransaction$11(ContainerStateMachine.java:1162)
	... 11 more
2025-10-20 19:51:45,461 [e05592a5-d00f-4fc1-9e39-a968c1ecb04e-ContainerOp-0b8c5e6b-69eb-484b-887e-939de61e1e74-5] ERROR impl.StateMachineUpdater (StateMachineUpdater.java:lambda$applyLog$3(259)) - Exception while e05592a5-d00f-4fc1-9e39-a968c1ecb04e@group-939DE61E1E74-StateMachineUpdater: applying txn index=108, nextLog=(t:1, i:108), STATEMACHINELOGENTRY, WRITE: logData.size=104, stateMachineData.size=0, logEntryProtoSerializedSize=0
java.util.concurrent.CompletionException: org.apache.hadoop.hdds.scm.container.common.helpers.StorageContainerException: Unable to find the block. BlockID : conID: 14 locID: 115816896921600441 bcsId: 0 replicaIndex: null
	at java.base/java.util.concurrent.CompletableFuture.encodeThrowable(CompletableFuture.java:332)
	at java.base/java.util.concurrent.CompletableFuture.completeThrowable(CompletableFuture.java:347)
	at java.base/java.util.concurrent.CompletableFuture.uniWhenComplete(CompletableFuture.java:874)
	at java.base/java.util.concurrent.CompletableFuture$UniWhenComplete.tryFire(CompletableFuture.java:841)
	at java.base/java.util.concurrent.CompletableFuture.postComplete(CompletableFuture.java:510)
	at java.base/java.util.concurrent.CompletableFuture.completeExceptionally(CompletableFuture.java:2194)
	at org.apache.hadoop.ozone.container.common.transport.server.ratis.ContainerStateMachine.lambda$applyTransaction$11(ContainerStateMachine.java:1172)
	at java.base/java.util.concurrent.CompletableFuture$UniApply.tryFire(CompletableFuture.java:646)
	at java.base/java.util.concurrent.CompletableFuture.postComplete(CompletableFuture.java:510)
	at java.base/java.util.concurrent.CompletableFuture.complete(CompletableFuture.java:2179)
	at org.apache.ratis.util.TaskQueue.lambda$submit$0(TaskQueue.java:133)
	at org.apache.ratis.util.LogUtils.runAndLog(LogUtils.java:38)
	at org.apache.ratis.util.LogUtils$1.run(LogUtils.java:78)
	at java.base/java.util.concurrent.Executors$RunnableAdapter.call(Executors.java:572)
	at java.base/java.util.concurrent.FutureTask.run(FutureTask.java:317)
	at java.base/java.util.concurrent.ThreadPoolExecutor.runWorker(ThreadPoolExecutor.java:1144)
	at java.base/java.util.concurrent.ThreadPoolExecutor$Worker.run(ThreadPoolExecutor.java:642)
	at java.base/java.lang.Thread.run(Thread.java:1583)
Caused by: org.apache.hadoop.hdds.scm.container.common.helpers.StorageContainerException: Unable to find the block. BlockID : conID: 14 locID: 115816896921600441 bcsId: 0 replicaIndex: null
	at org.apache.hadoop.ozone.container.common.transport.server.ratis.ContainerStateMachine.lambda$applyTransaction$11(ContainerStateMachine.java:1162)
	... 11 more
2025-10-20 19:51:45,461 [EventQueue-CloseContainerForCloseContainerEventHandler] INFO  container.CloseContainerEventHandler (CloseContainerEventHandler.java:onMessage(88)) - Close container Event triggered for container : #14, current state: CLOSING
2025-10-20 19:51:45,471 [grpc-default-executor-7] ERROR impl.OrderedAsync (OrderedAsync.java:lambda$send$4(181)) - Failed to send request, message=cmdType: FinalizeBlock traceID: "" containerID: 14 datanodeUuid: "ef67b0a7-5b27-496d-9f38-ab804a28e500" encodedToken: "VAoGcnVubmVyEiNjb25JRDogMTQgbG9jSUQ6IDExNTgxNjg5NjkyMTYwMDQ0MRjeu8_CoDMoASgCMICAgAI6FQiMhvXspbPauxgQu-Ce3fTuw-KxASAd7ly1gYzK90HJOpoNii-1LxYf2YwGNJMfhS5nRFS5sBBIRERTX0JMT0NLX1RPS0VOJmNvbklEOiAxNCBsb2NJRDogMTE1ODE2ODk2OTIxNjAwNDQxAAAA" version: 3 finalizeBlock { blockID { containerID: 14 localID: 115816896921600441 blockCommitSequenceId: 0 } }, data.size=0
java.util.concurrent.CompletionException: org.apache.ratis.protocol.exceptions.StateMachineException: org.apache.hadoop.hdds.scm.container.common.helpers.StorageContainerException: Unable to find the block. BlockID : conID: 14 locID: 115816896921600441 bcsId: 0 replicaIndex: null
	at org.apache.ratis.client.impl.RaftClientImpl.handleRaftException(RaftClientImpl.java:373)
	at org.apache.ratis.client.impl.OrderedAsync.lambda$send$3(OrderedAsync.java:175)
	at java.base/java.util.concurrent.CompletableFuture$UniApply.tryFire(CompletableFuture.java:646)
	at java.base/java.util.concurrent.CompletableFuture.postComplete(CompletableFuture.java:510)
	at java.base/java.util.concurrent.CompletableFuture.complete(CompletableFuture.java:2179)
	at org.apache.ratis.client.impl.OrderedAsync$PendingOrderedRequest.setReply(OrderedAsync.java:105)
	at org.apache.ratis.client.impl.OrderedAsync$PendingOrderedRequest.setReply(OrderedAsync.java:66)
	at org.apache.ratis.util.SlidingWindow$RequestMap.setReply(SlidingWindow.java:147)
	at org.apache.ratis.util.SlidingWindow$Client.receiveReply(SlidingWindow.java:351)
	at org.apache.ratis.client.impl.OrderedAsync.lambda$sendRequestWithRetry$5(OrderedAsync.java:210)
	at java.base/java.util.concurrent.CompletableFuture$UniAccept.tryFire(CompletableFuture.java:718)
	at java.base/java.util.concurrent.CompletableFuture.postComplete(CompletableFuture.java:510)
	at java.base/java.util.concurrent.CompletableFuture.complete(CompletableFuture.java:2179)
	at org.apache.ratis.grpc.client.GrpcClientProtocolClient$AsyncStreamObservers$1.lambda$onNext$0(GrpcClientProtocolClient.java:325)
	at java.base/java.util.Optional.ifPresent(Optional.java:178)
	at org.apache.ratis.grpc.client.GrpcClientProtocolClient$AsyncStreamObservers.handleReplyFuture(GrpcClientProtocolClient.java:381)
	at org.apache.ratis.grpc.client.GrpcClientProtocolClient$AsyncStreamObservers.access$100(GrpcClientProtocolClient.java:303)
	at org.apache.ratis.grpc.client.GrpcClientProtocolClient$AsyncStreamObservers$1.onNext(GrpcClientProtocolClient.java:325)
	at org.apache.ratis.grpc.client.GrpcClientProtocolClient$AsyncStreamObservers$1.onNext(GrpcClientProtocolClient.java:308)
	at org.apache.ratis.thirdparty.io.grpc.stub.ClientCalls$StreamObserverToCallListenerAdapter.onMessage(ClientCalls.java:551)
	at org.apache.ratis.thirdparty.io.grpc.ForwardingClientCallListener.onMessage(ForwardingClientCallListener.java:33)
	at org.apache.ratis.thirdparty.io.grpc.internal.ClientCallImpl$ClientStreamListenerImpl$1MessagesAvailable.runInternal(ClientCallImpl.java:661)
	at org.apache.ratis.thirdparty.io.grpc.internal.ClientCallImpl$ClientStreamListenerImpl$1MessagesAvailable.runInContext(ClientCallImpl.java:648)
	at org.apache.ratis.thirdparty.io.grpc.internal.ContextRunnable.run(ContextRunnable.java:37)
	at org.apache.ratis.thirdparty.io.grpc.internal.SerializingExecutor.run(SerializingExecutor.java:133)
	at java.base/java.util.concurrent.ThreadPoolExecutor.runWorker(ThreadPoolExecutor.java:1144)
	at java.base/java.util.concurrent.ThreadPoolExecutor$Worker.run(ThreadPoolExecutor.java:642)
	at java.base/java.lang.Thread.run(Thread.java:1583)
Caused by: org.apache.ratis.protocol.exceptions.StateMachineException: org.apache.hadoop.hdds.scm.container.common.helpers.StorageContainerException: Unable to find the block. BlockID : conID: 14 locID: 115816896921600441 bcsId: 0 replicaIndex: null
	at org.apache.hadoop.ozone.container.common.transport.server.ratis.ContainerStateMachine.lambda$applyTransaction$11(ContainerStateMachine.java:1162)
	at java.base/java.util.concurrent.CompletableFuture$UniApply.tryFire(CompletableFuture.java:646)
	at java.base/java.util.concurrent.CompletableFuture.postComplete(CompletableFuture.java:510)
	at java.base/java.util.concurrent.CompletableFuture.complete(CompletableFuture.java:2179)
	at org.apache.ratis.util.TaskQueue.lambda$submit$0(TaskQueue.java:133)
	at org.apache.ratis.util.LogUtils.runAndLog(LogUtils.java:38)
	at org.apache.ratis.util.LogUtils$1.run(LogUtils.java:78)
	at java.base/java.util.concurrent.Executors$RunnableAdapter.call(Executors.java:572)
	at java.base/java.util.concurrent.FutureTask.run(FutureTask.java:317)
	... 3 more
2025-10-20 19:51:45,480 [ForkJoinPool-1-worker-1] WARN  ozone.BasicRootedOzoneClientAdapterImpl (BasicRootedOzoneClientAdapterImpl.java:finalizeBlock(1489)) - Failed to execute finalizeBlock command
java.io.IOException: Failed to execute command cmdType: FinalizeBlock containerID: 14 datanodeUuid: "ef67b0a7-5b27-496d-9f38-ab804a28e500" encodedToken: "VAoGcnVubmVyEiNjb25JRDogMTQgbG9jSUQ6IDExNTgxNjg5NjkyMTYwMDQ0MRjeu8_CoDMoASgCMICAgAI6FQiMhvXspbPauxgQu-Ce3fTuw-KxASAd7ly1gYzK90HJOpoNii-1LxYf2YwGNJMfhS5nRFS5sBBIRERTX0JMT0NLX1RPS0VOJmNvbklEOiAxNCBsb2NJRDogMTE1ODE2ODk2OTIxNjAwNDQxAAAA" finalizeBlock { blockID { containerID: 14 localID: 115816896921600441 blockCommitSequenceId: 0 } }
	at org.apache.hadoop.hdds.scm.XceiverClientSpi.getIOExceptionForSendCommand(XceiverClientSpi.java:150)
	at org.apache.hadoop.hdds.scm.XceiverClientSpi.sendCommand(XceiverClientSpi.java:143)
	at org.apache.hadoop.hdds.scm.storage.ContainerProtocolCalls.finalizeBlock(ContainerProtocolCalls.java:322)
	at org.apache.hadoop.fs.ozone.BasicRootedOzoneClientAdapterImpl.finalizeBlock(BasicRootedOzoneClientAdapterImpl.java:1484)
	at org.apache.hadoop.fs.ozone.LeaseRecoveryClientDNHandler.getOmKeyLocationInfos(LeaseRecoveryClientDNHandler.java:81)
	at org.apache.hadoop.fs.ozone.RootedOzoneFileSystem.recoverLeaseTraced(RootedOzoneFileSystem.java:165)
	at org.apache.hadoop.fs.ozone.RootedOzoneFileSystem.lambda$recoverLease$0(RootedOzoneFileSystem.java:143)
	at org.apache.hadoop.hdds.tracing.TracingUtil.executeInSpan(TracingUtil.java:205)
	at org.apache.hadoop.hdds.tracing.TracingUtil.executeInNewSpan(TracingUtil.java:195)
	at org.apache.hadoop.fs.ozone.RootedOzoneFileSystem.recoverLease(RootedOzoneFileSystem.java:142)
	at org.apache.hadoop.ozone.client.rpc.TestSecureOzoneRpcClient.testPreallocateFileRecovery(TestSecureOzoneRpcClient.java:305)
	at java.base/jdk.internal.reflect.DirectMethodHandleAccessor.invoke(DirectMethodHandleAccessor.java:103)
	at java.base/java.lang.reflect.Method.invoke(Method.java:580)
	at org.junit.platform.commons.util.ReflectionUtils.invokeMethod(ReflectionUtils.java:786)
	at org.junit.platform.commons.support.ReflectionSupport.invokeMethod(ReflectionSupport.java:514)
	at org.junit.jupiter.engine.execution.MethodInvocation.proceed(MethodInvocation.java:60)
	at org.junit.jupiter.engine.execution.InvocationInterceptorChain$ValidatingInvocation.proceed(InvocationInterceptorChain.java:131)
	at org.junit.jupiter.engine.extension.SameThreadTimeoutInvocation.proceed(SameThreadTimeoutInvocation.java:49)
	at org.junit.jupiter.engine.extension.TimeoutExtension.intercept(TimeoutExtension.java:161)
	at org.junit.jupiter.engine.extension.TimeoutExtension.interceptTestableMethod(TimeoutExtension.java:152)
	at org.junit.jupiter.engine.extension.TimeoutExtension.interceptTestTemplateMethod(TimeoutExtension.java:99)
	at org.junit.jupiter.engine.execution.InterceptingExecutableInvoker$ReflectiveInterceptorCall.lambda$ofVoidMethod$0(InterceptingExecutableInvoker.java:112)
	at org.junit.jupiter.engine.execution.InterceptingExecutableInvoker.lambda$invoke$0(InterceptingExecutableInvoker.java:94)
	at org.junit.jupiter.engine.execution.InvocationInterceptorChain$InterceptedInvocation.proceed(InvocationInterceptorChain.java:106)
	at org.junit.jupiter.engine.execution.InvocationInterceptorChain.proceed(InvocationInterceptorChain.java:64)
	at org.junit.jupiter.engine.execution.InvocationInterceptorChain.chainAndInvoke(InvocationInterceptorChain.java:45)
	at org.junit.jupiter.engine.execution.InvocationInterceptorChain.invoke(InvocationInterceptorChain.java:37)
	at org.junit.jupiter.engine.execution.InterceptingExecutableInvoker.invoke(InterceptingExecutableInvoker.java:93)
	at org.junit.jupiter.engine.execution.InterceptingExecutableInvoker.invoke(InterceptingExecutableInvoker.java:87)
	at org.junit.jupiter.engine.descriptor.TestMethodTestDescriptor.lambda$invokeTestMethod$4(TestMethodTestDescriptor.java:221)
	at org.junit.platform.engine.support.hierarchical.ThrowableCollector.execute(ThrowableCollector.java:73)
	at org.junit.jupiter.engine.descriptor.TestMethodTestDescriptor.invokeTestMethod(TestMethodTestDescriptor.java:217)
	at org.junit.jupiter.engine.descriptor.TestMethodTestDescriptor.execute(TestMethodTestDescriptor.java:159)
	at org.junit.jupiter.engine.descriptor.TestMethodTestDescriptor.execute(TestMethodTestDescriptor.java:70)
	at org.junit.platform.engine.support.hierarchical.NodeTestTask.lambda$executeRecursively$6(NodeTestTask.java:157)
	at org.junit.platform.engine.support.hierarchical.ThrowableCollector.execute(ThrowableCollector.java:73)
	at org.junit.platform.engine.support.hierarchical.NodeTestTask.lambda$executeRecursively$8(NodeTestTask.java:147)
	at org.junit.platform.engine.support.hierarchical.Node.around(Node.java:137)
	at org.junit.platform.engine.support.hierarchical.NodeTestTask.lambda$executeRecursively$9(NodeTestTask.java:145)
	at org.junit.platform.engine.support.hierarchical.ThrowableCollector.execute(ThrowableCollector.java:73)
	at org.junit.platform.engine.support.hierarchical.NodeTestTask.executeRecursively(NodeTestTask.java:144)
	at org.junit.platform.engine.support.hierarchical.NodeTestTask.execute(NodeTestTask.java:101)
	at org.junit.platform.engine.support.hierarchical.ForkJoinPoolHierarchicalTestExecutorService$ExclusiveTask.exec(ForkJoinPoolHierarchicalTestExecutorService.java:274)
	at org.junit.platform.engine.support.hierarchical.ForkJoinPoolHierarchicalTestExecutorService$ExclusiveTask.execSync(ForkJoinPoolHierarchicalTestExecutorService.java:247)
	at org.junit.platform.engine.support.hierarchical.ForkJoinPoolHierarchicalTestExecutorService.submit(ForkJoinPoolHierarchicalTestExecutorService.java:148)
	at org.junit.platform.engine.support.hierarchical.NodeTestTask$DefaultDynamicTestExecutor.execute(NodeTestTask.java:232)
	at org.junit.platform.engine.support.hierarchical.NodeTestTask$DefaultDynamicTestExecutor.execute(NodeTestTask.java:210)
	at org.junit.jupiter.engine.descriptor.TemplateExecutor.execute(TemplateExecutor.java:98)
	at org.junit.jupiter.engine.descriptor.TemplateExecutor.lambda$executeForProvider$0(TemplateExecutor.java:61)
	at java.base/java.util.Optional.ifPresent(Optional.java:178)
	at org.junit.jupiter.engine.descriptor.TemplateExecutor.lambda$executeForProvider$1(TemplateExecutor.java:61)
	at java.base/java.util.stream.ForEachOps$ForEachOp$OfRef.accept(ForEachOps.java:184)
	at java.base/java.util.stream.ReferencePipeline$3$1.accept(ReferencePipeline.java:197)
	at java.base/java.util.stream.ForEachOps$ForEachOp$OfRef.accept(ForEachOps.java:184)
	at java.base/java.util.stream.ForEachOps$ForEachOp$OfRef.accept(ForEachOps.java:184)
	at java.base/java.util.stream.ReferencePipeline$3$1.accept(ReferencePipeline.java:197)
	at java.base/java.util.Spliterators$ArraySpliterator.forEachRemaining(Spliterators.java:1024)
	at java.base/java.util.stream.AbstractPipeline.copyInto(AbstractPipeline.java:509)
	at java.base/java.util.stream.AbstractPipeline.wrapAndCopyInto(AbstractPipeline.java:499)
	at java.base/java.util.stream.ForEachOps$ForEachOp.evaluateSequential(ForEachOps.java:151)
	at java.base/java.util.stream.ForEachOps$ForEachOp$OfRef.evaluateSequential(ForEachOps.java:174)
	at java.base/java.util.stream.AbstractPipeline.evaluate(AbstractPipeline.java:234)
	at java.base/java.util.stream.ReferencePipeline.forEach(ReferencePipeline.java:596)
	at java.base/java.util.stream.ReferencePipeline$7$1.accept(ReferencePipeline.java:276)
	at java.base/java.util.ArrayList$ArrayListSpliterator.forEachRemaining(ArrayList.java:1708)
	at java.base/java.util.stream.AbstractPipeline.copyInto(AbstractPipeline.java:509)
	at java.base/java.util.stream.AbstractPipeline.wrapAndCopyInto(AbstractPipeline.java:499)
	at java.base/java.util.stream.ForEachOps$ForEachOp.evaluateSequential(ForEachOps.java:151)
	at java.base/java.util.stream.ForEachOps$ForEachOp$OfRef.evaluateSequential(ForEachOps.java:174)
	at java.base/java.util.stream.AbstractPipeline.evaluate(AbstractPipeline.java:234)
	at java.base/java.util.stream.ReferencePipeline.forEach(ReferencePipeline.java:596)
	at java.base/java.util.stream.ReferencePipeline$7$1.accept(ReferencePipeline.java:276)
	at java.base/java.util.stream.ReferencePipeline$3$1.accept(ReferencePipeline.java:197)
	at java.base/java.util.stream.ReferencePipeline$3$1.accept(ReferencePipeline.java:197)
	at java.base/java.util.stream.ReferencePipeline$3$1.accept(ReferencePipeline.java:197)
	at java.base/java.util.ArrayList$ArrayListSpliterator.forEachRemaining(ArrayList.java:1708)
	at java.base/java.util.stream.AbstractPipeline.copyInto(AbstractPipeline.java:509)
	at java.base/java.util.stream.AbstractPipeline.wrapAndCopyInto(AbstractPipeline.java:499)
	at java.base/java.util.stream.ForEachOps$ForEachOp.evaluateSequential(ForEachOps.java:151)
	at java.base/java.util.stream.ForEachOps$ForEachOp$OfRef.evaluateSequential(ForEachOps.java:174)
	at java.base/java.util.stream.AbstractPipeline.evaluate(AbstractPipeline.java:234)
	at java.base/java.util.stream.ReferencePipeline.forEach(ReferencePipeline.java:596)
	at org.junit.jupiter.engine.descriptor.TemplateExecutor.executeForProvider(TemplateExecutor.java:59)
	at org.junit.jupiter.engine.descriptor.TemplateExecutor.execute(TemplateExecutor.java:48)
	at org.junit.jupiter.engine.descriptor.TestTemplateTestDescriptor.execute(TestTemplateTestDescriptor.java:112)
	at org.junit.jupiter.engine.descriptor.TestTemplateTestDescriptor.execute(TestTemplateTestDescriptor.java:40)
	at org.junit.platform.engine.support.hierarchical.NodeTestTask.lambda$executeRecursively$6(NodeTestTask.java:157)
	at org.junit.platform.engine.support.hierarchical.ThrowableCollector.execute(ThrowableCollector.java:73)
	at org.junit.platform.engine.support.hierarchical.NodeTestTask.lambda$executeRecursively$8(NodeTestTask.java:147)
	at org.junit.platform.engine.support.hierarchical.Node.around(Node.java:137)
	at org.junit.platform.engine.support.hierarchical.NodeTestTask.lambda$executeRecursively$9(NodeTestTask.java:145)
	at org.junit.platform.engine.support.hierarchical.ThrowableCollector.execute(ThrowableCollector.java:73)
	at org.junit.platform.engine.support.hierarchical.NodeTestTask.executeRecursively(NodeTestTask.java:144)
	at org.junit.platform.engine.support.hierarchical.NodeTestTask.execute(NodeTestTask.java:101)
	at org.junit.platform.engine.support.hierarchical.ForkJoinPoolHierarchicalTestExecutorService$ExclusiveTask.exec(ForkJoinPoolHierarchicalTestExecutorService.java:274)
	at org.junit.platform.engine.support.hierarchical.ForkJoinPoolHierarchicalTestExecutorService$ExclusiveTask.execSync(ForkJoinPoolHierarchicalTestExecutorService.java:247)
	at org.junit.platform.engine.support.hierarchical.ForkJoinPoolHierarchicalTestExecutorService.executeSync(ForkJoinPoolHierarchicalTestExecutorService.java:194)
	at org.junit.platform.engine.support.hierarchical.ForkJoinPoolHierarchicalTestExecutorService.invokeAll(ForkJoinPoolHierarchicalTestExecutorService.java:166)
	at org.junit.platform.engine.support.hierarchical.NodeTestTask.lambda$executeRecursively$6(NodeTestTask.java:161)
	at org.junit.platform.engine.support.hierarchical.ThrowableCollector.execute(ThrowableCollector.java:73)
	at org.junit.platform.engine.support.hierarchical.NodeTestTask.lambda$executeRecursively$8(NodeTestTask.java:147)
	at org.junit.platform.engine.support.hierarchical.Node.around(Node.java:137)
	at org.junit.platform.engine.support.hierarchical.NodeTestTask.lambda$executeRecursively$9(NodeTestTask.java:145)
	at org.junit.platform.engine.support.hierarchical.ThrowableCollector.execute(ThrowableCollector.java:73)
	at org.junit.platform.engine.support.hierarchical.NodeTestTask.executeRecursively(NodeTestTask.java:144)
	at org.junit.platform.engine.support.hierarchical.NodeTestTask.execute(NodeTestTask.java:101)
	at org.junit.platform.engine.support.hierarchical.ForkJoinPoolHierarchicalTestExecutorService$ExclusiveTask.exec(ForkJoinPoolHierarchicalTestExecutorService.java:274)
	at org.junit.platform.engine.support.hierarchical.ForkJoinPoolHierarchicalTestExecutorService$ExclusiveTask.execSync(ForkJoinPoolHierarchicalTestExecutorService.java:247)
	at org.junit.platform.engine.support.hierarchical.ForkJoinPoolHierarchicalTestExecutorService.invokeAll(ForkJoinPoolHierarchicalTestExecutorService.java:159)
	at org.junit.platform.engine.support.hierarchical.NodeTestTask.lambda$executeRecursively$6(NodeTestTask.java:161)
	at org.junit.platform.engine.support.hierarchical.ThrowableCollector.execute(ThrowableCollector.java:73)
	at org.junit.platform.engine.support.hierarchical.NodeTestTask.lambda$executeRecursively$8(NodeTestTask.java:147)
	at org.junit.platform.engine.support.hierarchical.Node.around(Node.java:137)
	at org.junit.platform.engine.support.hierarchical.NodeTestTask.lambda$executeRecursively$9(NodeTestTask.java:145)
	at org.junit.platform.engine.support.hierarchical.ThrowableCollector.execute(ThrowableCollector.java:73)
	at org.junit.platform.engine.support.hierarchical.NodeTestTask.executeRecursively(NodeTestTask.java:144)
	at org.junit.platform.engine.support.hierarchical.NodeTestTask.execute(NodeTestTask.java:101)
	at org.junit.platform.engine.support.hierarchical.ForkJoinPoolHierarchicalTestExecutorService$ExclusiveTask.exec(ForkJoinPoolHierarchicalTestExecutorService.java:274)
	at java.base/java.util.concurrent.ForkJoinTask.doExec(ForkJoinTask.java:387)
	at java.base/java.util.concurrent.ForkJoinPool$WorkQueue.topLevelExec(ForkJoinPool.java:1312)
	at java.base/java.util.concurrent.ForkJoinPool.scan(ForkJoinPool.java:1843)
	at java.base/java.util.concurrent.ForkJoinPool.runWorker(ForkJoinPool.java:1808)
	at java.base/java.util.concurrent.ForkJoinWorkerThread.run(ForkJoinWorkerThread.java:188)
Caused by: java.util.concurrent.ExecutionException: org.apache.ratis.protocol.exceptions.StateMachineException: org.apache.hadoop.hdds.scm.container.common.helpers.StorageContainerException: Unable to find the block. BlockID : conID: 14 locID: 115816896921600441 bcsId: 0 replicaIndex: null
	at java.base/java.util.concurrent.CompletableFuture.reportGet(CompletableFuture.java:396)
	at java.base/java.util.concurrent.CompletableFuture.get(CompletableFuture.java:2073)
	at org.apache.hadoop.hdds.scm.XceiverClientSpi.sendCommand(XceiverClientSpi.java:133)
	... 121 more
Caused by: org.apache.ratis.protocol.exceptions.StateMachineException: org.apache.hadoop.hdds.scm.container.common.helpers.StorageContainerException: Unable to find the block. BlockID : conID: 14 locID: 115816896921600441 bcsId: 0 replicaIndex: null
	at org.apache.hadoop.ozone.container.common.transport.server.ratis.ContainerStateMachine.lambda$applyTransaction$11(ContainerStateMachine.java:1162)
	at java.base/java.util.concurrent.CompletableFuture$UniApply.tryFire(CompletableFuture.java:646)
	at java.base/java.util.concurrent.CompletableFuture.postComplete(CompletableFuture.java:510)
	at java.base/java.util.concurrent.CompletableFuture.complete(CompletableFuture.java:2179)
	at org.apache.ratis.util.TaskQueue.lambda$submit$0(TaskQueue.java:133)
	at org.apache.ratis.util.LogUtils.runAndLog(LogUtils.java:38)
	at org.apache.ratis.util.LogUtils$1.run(LogUtils.java:78)
	at java.base/java.util.concurrent.Executors$RunnableAdapter.call(Executors.java:572)
	at java.base/java.util.concurrent.FutureTask.run(FutureTask.java:317)
	at java.base/java.util.concurrent.ThreadPoolExecutor.runWorker(ThreadPoolExecutor.java:1144)
	at java.base/java.util.concurrent.ThreadPoolExecutor$Worker.run(ThreadPoolExecutor.java:642)
	at java.base/java.lang.Thread.run(Thread.java:1583)
2025-10-20 19:51:45,495 [EventQueue-CloseContainerForCloseContainerEventHandler] INFO  container.CloseContainerEventHandler (CloseContainerEventHandler.java:onMessage(88)) - Close container Event triggered for container : #14, current state: CLOSING
2025-10-20 19:51:45,496 [EventQueue-CloseContainerForCloseContainerEventHandler] INFO  container.CloseContainerEventHandler (CloseContainerEventHandler.java:onMessage(88)) - Close container Event triggered for container : #14, current state: CLOSING
2025-10-20 19:51:45,499 [361055de-215b-4c6c-94c2-be1c1da118d1-ContainerOp-0b8c5e6b-69eb-484b-887e-939de61e1e74-7] WARN  ratis.XceiverServerRatis (XceiverServerRatis.java:triggerPipelineClose(767)) - pipeline Action CLOSE on pipeline Pipeline-0b8c5e6b-69eb-484b-887e-939de61e1e74.Reason : Ratis Transaction failure in datanode 361055de-215b-4c6c-94c2-be1c1da118d1 with role LEADER .Triggering pipeline close action.
2025-10-20 19:51:45,500 [e05592a5-d00f-4fc1-9e39-a968c1ecb04e-ContainerOp-0b8c5e6b-69eb-484b-887e-939de61e1e74-5] WARN  ratis.XceiverServerRatis (XceiverServerRatis.java:triggerPipelineClose(767)) - pipeline Action CLOSE on pipeline Pipeline-0b8c5e6b-69eb-484b-887e-939de61e1e74.Reason : Ratis Transaction failure in datanode e05592a5-d00f-4fc1-9e39-a968c1ecb04e with role FOLLOWER .Triggering pipeline close action.
2025-10-20 19:51:45,500 [ef67b0a7-5b27-496d-9f38-ab804a28e500-ContainerOp-0b8c5e6b-69eb-484b-887e-939de61e1e74-8] WARN  ratis.XceiverServerRatis (XceiverServerRatis.java:triggerPipelineClose(767)) - pipeline Action CLOSE on pipeline Pipeline-0b8c5e6b-69eb-484b-887e-939de61e1e74.Reason : Ratis Transaction failure in datanode ef67b0a7-5b27-496d-9f38-ab804a28e500 with role FOLLOWER .Triggering pipeline close action.
2025-10-20 19:51:45,503 | INFO  | SCMAudit | user=runner | ip=127.0.0.1 | op=SEND_HEARTBEAT {"datanodeUUID":"361055de-215b-4c6c-94c2-be1c1da118d1","term":"2","command":"[]"} | ret=SUCCESS |  
2025-10-20 19:51:45,504 | INFO  | SCMAudit | user=runner | ip=127.0.0.1 | op=SEND_HEARTBEAT {"datanodeUUID":"ef67b0a7-5b27-496d-9f38-ab804a28e500","term":"2","command":"[]"} | ret=SUCCESS |  
2025-10-20 19:51:45,505 | INFO  | SCMAudit | user=runner | ip=127.0.0.1 | op=SEND_HEARTBEAT {"datanodeUUID":"e05592a5-d00f-4fc1-9e39-a968c1ecb04e","term":"2","command":"[]"} | ret=SUCCESS |  
2025-10-20 19:51:45,503 [ef67b0a7-5b27-496d-9f38-ab804a28e500-ChunkReader-9] WARN  keyvalue.KeyValueHandler (ContainerUtils.java:logAndReturnError(94)) - Operation: GetCommittedBlockLength , Trace ID:  , Message: Unable to find the block. BlockID : conID: 14 locID: 115816896921600441 bcsId: 0 replicaIndex: null , Result: NO_SUCH_BLOCK , StorageContainerException Occurred.
org.apache.hadoop.hdds.scm.container.common.helpers.StorageContainerException: Unable to find the block. BlockID : conID: 14 locID: 115816896921600441 bcsId: 0 replicaIndex: null
	at org.apache.hadoop.ozone.container.metadata.DatanodeStoreWithIncrementalChunkList.getCompleteBlockData(DatanodeStoreWithIncrementalChunkList.java:67)
	at org.apache.hadoop.ozone.container.metadata.DatanodeStore.getBlockByID(DatanodeStore.java:90)
	at org.apache.hadoop.ozone.container.keyvalue.impl.BlockManagerImpl.getBlockByID(BlockManagerImpl.java:462)
	at org.apache.hadoop.ozone.container.keyvalue.impl.BlockManagerImpl.getCommittedBlockLength(BlockManagerImpl.java:367)
	at org.apache.hadoop.ozone.container.keyvalue.KeyValueHandler.handleGetCommittedBlockLength(KeyValueHandler.java:860)
	at org.apache.hadoop.ozone.container.keyvalue.KeyValueHandler.dispatchRequest(KeyValueHandler.java:355)
	at org.apache.hadoop.ozone.container.keyvalue.KeyValueHandler.handle(KeyValueHandler.java:293)
	at org.apache.hadoop.ozone.container.common.impl.HddsDispatcher.dispatchRequest(HddsDispatcher.java:365)
	at org.apache.hadoop.ozone.container.common.impl.HddsDispatcher.lambda$dispatch$1(HddsDispatcher.java:190)
	at org.apache.hadoop.hdds.server.OzoneProtocolMessageDispatcher.processRequest(OzoneProtocolMessageDispatcher.java:89)
	at org.apache.hadoop.ozone.container.common.impl.HddsDispatcher.dispatch(HddsDispatcher.java:189)
	at org.apache.hadoop.ozone.container.common.transport.server.GrpcXceiverService$1.onNext(GrpcXceiverService.java:107)
	at org.apache.hadoop.ozone.container.common.transport.server.GrpcXceiverService$1.onNext(GrpcXceiverService.java:96)
	at org.apache.ratis.thirdparty.io.grpc.stub.ServerCalls$StreamingServerCallHandler$StreamingServerCallListener.onMessage(ServerCalls.java:262)
	at org.apache.ratis.thirdparty.io.grpc.ForwardingServerCallListener.onMessage(ForwardingServerCallListener.java:33)
	at org.apache.hadoop.hdds.tracing.GrpcServerInterceptor$1.onMessage(GrpcServerInterceptor.java:49)
	at org.apache.ratis.thirdparty.io.grpc.internal.ServerCallImpl$ServerStreamListenerImpl.messagesAvailableInternal(ServerCallImpl.java:334)
	at org.apache.ratis.thirdparty.io.grpc.internal.ServerCallImpl$ServerStreamListenerImpl.messagesAvailable(ServerCallImpl.java:319)
	at org.apache.ratis.thirdparty.io.grpc.internal.ServerImpl$JumpToApplicationThreadServerStreamListener$1MessagesAvailable.runInContext(ServerImpl.java:834)
	at org.apache.ratis.thirdparty.io.grpc.internal.ContextRunnable.run(ContextRunnable.java:37)
	at org.apache.ratis.thirdparty.io.grpc.internal.SerializingExecutor.run(SerializingExecutor.java:133)
	at java.base/java.util.concurrent.ThreadPoolExecutor.runWorker(ThreadPoolExecutor.java:1144)
	at java.base/java.util.concurrent.ThreadPoolExecutor$Worker.run(ThreadPoolExecutor.java:642)
	at java.base/java.lang.Thread.run(Thread.java:1583)
2025-10-20 19:51:45,505 | ERROR | DNAudit | user=null | ip=null | op=GET_COMMITTED_BLOCK_LENGTH {"blockData":"conID: 14 locID: 115816896921600441 bcsId: 0 replicaIndex: null"} | ret=FAILURE | 
java.lang.Exception: Unable to find the block. BlockID : conID: 14 locID: 115816896921600441 bcsId: 0 replicaIndex: null
	at org.apache.hadoop.ozone.container.common.impl.HddsDispatcher.dispatchRequest(HddsDispatcher.java:440)
	at org.apache.hadoop.ozone.container.common.impl.HddsDispatcher.lambda$dispatch$1(HddsDispatcher.java:190)
 
2025-10-20 19:51:45,505 [EventQueue-PipelineActionsForPipelineActionHandler] INFO  pipeline.PipelineActionHandler (PipelineActionHandler.java:processPipelineAction(89)) - Received pipeline action CLOSE for Pipeline-0b8c5e6b-69eb-484b-887e-939de61e1e74 from datanode e05592a5-d00f-4fc1-9e39-a968c1ecb04e(localhost/127.0.0.1). Reason : Ratis Transaction failure in datanode e05592a5-d00f-4fc1-9e39-a968c1ecb04e with role FOLLOWER .Triggering pipeline close action.
2025-10-20 19:51:45,508 [EventQueue-PipelineActionsForPipelineActionHandler] INFO  pipeline.PipelineManagerImpl (PipelineManagerImpl.java:closePipeline(511)) - Pipeline Pipeline-0b8c5e6b-69eb-484b-887e-939de61e1e74 moved to CLOSED state
2025-10-20 19:51:45,509 [EventQueue-PipelineActionsForPipelineActionHandler] INFO  pipeline.PipelineActionHandler (PipelineActionHandler.java:processPipelineAction(89)) - Received pipeline action CLOSE for Pipeline-0b8c5e6b-69eb-484b-887e-939de61e1e74 from datanode 361055de-215b-4c6c-94c2-be1c1da118d1(localhost/127.0.0.1). Reason : Ratis Transaction failure in datanode 361055de-215b-4c6c-94c2-be1c1da118d1 with role LEADER .Triggering pipeline close action.
2025-10-20 19:51:45,509 [EventQueue-PipelineActionsForPipelineActionHandler] INFO  pipeline.PipelineActionHandler (PipelineActionHandler.java:processPipelineAction(89)) - Received pipeline action CLOSE for Pipeline-0b8c5e6b-69eb-484b-887e-939de61e1e74 from datanode ef67b0a7-5b27-496d-9f38-ab804a28e500(localhost/127.0.0.1). Reason : Ratis Transaction failure in datanode ef67b0a7-5b27-496d-9f38-ab804a28e500 with role FOLLOWER .Triggering pipeline close action.
2025-10-20 19:51:45,514 [e05592a5-d00f-4fc1-9e39-a968c1ecb04e-ChunkReader-3] WARN  keyvalue.KeyValueHandler (ContainerUtils.java:logAndReturnError(94)) - Operation: GetCommittedBlockLength , Trace ID:  , Message: Unable to find the block. BlockID : conID: 14 locID: 115816896921600441 bcsId: 0 replicaIndex: null , Result: NO_SUCH_BLOCK , StorageContainerException Occurred.
org.apache.hadoop.hdds.scm.container.common.helpers.StorageContainerException: Unable to find the block. BlockID : conID: 14 locID: 115816896921600441 bcsId: 0 replicaIndex: null
	at org.apache.hadoop.ozone.container.metadata.DatanodeStoreWithIncrementalChunkList.getCompleteBlockData(DatanodeStoreWithIncrementalChunkList.java:67)
	at org.apache.hadoop.ozone.container.metadata.DatanodeStore.getBlockByID(DatanodeStore.java:90)
	at org.apache.hadoop.ozone.container.keyvalue.impl.BlockManagerImpl.getBlockByID(BlockManagerImpl.java:462)
	at org.apache.hadoop.ozone.container.keyvalue.impl.BlockManagerImpl.getCommittedBlockLength(BlockManagerImpl.java:367)
	at org.apache.hadoop.ozone.container.keyvalue.KeyValueHandler.handleGetCommittedBlockLength(KeyValueHandler.java:860)
	at org.apache.hadoop.ozone.container.keyvalue.KeyValueHandler.dispatchRequest(KeyValueHandler.java:355)
	at org.apache.hadoop.ozone.container.keyvalue.KeyValueHandler.handle(KeyValueHandler.java:293)
	at org.apache.hadoop.ozone.container.common.impl.HddsDispatcher.dispatchRequest(HddsDispatcher.java:365)
	at org.apache.hadoop.ozone.container.common.impl.HddsDispatcher.lambda$dispatch$1(HddsDispatcher.java:190)
	at org.apache.hadoop.hdds.server.OzoneProtocolMessageDispatcher.processRequest(OzoneProtocolMessageDispatcher.java:89)
	at org.apache.hadoop.ozone.container.common.impl.HddsDispatcher.dispatch(HddsDispatcher.java:189)
	at org.apache.hadoop.ozone.container.common.transport.server.GrpcXceiverService$1.onNext(GrpcXceiverService.java:107)
	at org.apache.hadoop.ozone.container.common.transport.server.GrpcXceiverService$1.onNext(GrpcXceiverService.java:96)
	at org.apache.ratis.thirdparty.io.grpc.stub.ServerCalls$StreamingServerCallHandler$StreamingServerCallListener.onMessage(ServerCalls.java:262)
	at org.apache.ratis.thirdparty.io.grpc.ForwardingServerCallListener.onMessage(ForwardingServerCallListener.java:33)
	at org.apache.hadoop.hdds.tracing.GrpcServerInterceptor$1.onMessage(GrpcServerInterceptor.java:49)
	at org.apache.ratis.thirdparty.io.grpc.internal.ServerCallImpl$ServerStreamListenerImpl.messagesAvailableInternal(ServerCallImpl.java:334)
	at org.apache.ratis.thirdparty.io.grpc.internal.ServerCallImpl$ServerStreamListenerImpl.messagesAvailable(ServerCallImpl.java:319)
	at org.apache.ratis.thirdparty.io.grpc.internal.ServerImpl$JumpToApplicationThreadServerStreamListener$1MessagesAvailable.runInContext(ServerImpl.java:834)
	at org.apache.ratis.thirdparty.io.grpc.internal.ContextRunnable.run(ContextRunnable.java:37)
	at org.apache.ratis.thirdparty.io.grpc.internal.SerializingExecutor.run(SerializingExecutor.java:133)
	at java.base/java.util.concurrent.ThreadPoolExecutor.runWorker(ThreadPoolExecutor.java:1144)
	at java.base/java.util.concurrent.ThreadPoolExecutor$Worker.run(ThreadPoolExecutor.java:642)
	at java.base/java.lang.Thread.run(Thread.java:1583)
2025-10-20 19:51:45,514 | ERROR | DNAudit | user=null | ip=null | op=GET_COMMITTED_BLOCK_LENGTH {"blockData":"conID: 14 locID: 115816896921600441 bcsId: 0 replicaIndex: null"} | ret=FAILURE | 
java.lang.Exception: Unable to find the block. BlockID : conID: 14 locID: 115816896921600441 bcsId: 0 replicaIndex: null
	at org.apache.hadoop.ozone.container.common.impl.HddsDispatcher.dispatchRequest(HddsDispatcher.java:440)
	at org.apache.hadoop.ozone.container.common.impl.HddsDispatcher.lambda$dispatch$1(HddsDispatcher.java:190)
 
2025-10-20 19:51:45,521 [361055de-215b-4c6c-94c2-be1c1da118d1-ChunkReader-3] WARN  keyvalue.KeyValueHandler (ContainerUtils.java:logAndReturnError(94)) - Operation: GetCommittedBlockLength , Trace ID:  , Message: Unable to find the block. BlockID : conID: 14 locID: 115816896921600441 bcsId: 0 replicaIndex: null , Result: NO_SUCH_BLOCK , StorageContainerException Occurred.
org.apache.hadoop.hdds.scm.container.common.helpers.StorageContainerException: Unable to find the block. BlockID : conID: 14 locID: 115816896921600441 bcsId: 0 replicaIndex: null
	at org.apache.hadoop.ozone.container.metadata.DatanodeStoreWithIncrementalChunkList.getCompleteBlockData(DatanodeStoreWithIncrementalChunkList.java:67)
	at org.apache.hadoop.ozone.container.metadata.DatanodeStore.getBlockByID(DatanodeStore.java:90)
	at org.apache.hadoop.ozone.container.keyvalue.impl.BlockManagerImpl.getBlockByID(BlockManagerImpl.java:462)
	at org.apache.hadoop.ozone.container.keyvalue.impl.BlockManagerImpl.getCommittedBlockLength(BlockManagerImpl.java:367)
	at org.apache.hadoop.ozone.container.keyvalue.KeyValueHandler.handleGetCommittedBlockLength(KeyValueHandler.java:860)
	at org.apache.hadoop.ozone.container.keyvalue.KeyValueHandler.dispatchRequest(KeyValueHandler.java:355)
	at org.apache.hadoop.ozone.container.keyvalue.KeyValueHandler.handle(KeyValueHandler.java:293)
	at org.apache.hadoop.ozone.container.common.impl.HddsDispatcher.dispatchRequest(HddsDispatcher.java:365)
	at org.apache.hadoop.ozone.container.common.impl.HddsDispatcher.lambda$dispatch$1(HddsDispatcher.java:190)
	at org.apache.hadoop.hdds.server.OzoneProtocolMessageDispatcher.processRequest(OzoneProtocolMessageDispatcher.java:89)
	at org.apache.hadoop.ozone.container.common.impl.HddsDispatcher.dispatch(HddsDispatcher.java:189)
	at org.apache.hadoop.ozone.container.common.transport.server.GrpcXceiverService$1.onNext(GrpcXceiverService.java:107)
	at org.apache.hadoop.ozone.container.common.transport.server.GrpcXceiverService$1.onNext(GrpcXceiverService.java:96)
	at org.apache.ratis.thirdparty.io.grpc.stub.ServerCalls$StreamingServerCallHandler$StreamingServerCallListener.onMessage(ServerCalls.java:262)
	at org.apache.ratis.thirdparty.io.grpc.ForwardingServerCallListener.onMessage(ForwardingServerCallListener.java:33)
	at org.apache.hadoop.hdds.tracing.GrpcServerInterceptor$1.onMessage(GrpcServerInterceptor.java:49)
	at org.apache.ratis.thirdparty.io.grpc.internal.ServerCallImpl$ServerStreamListenerImpl.messagesAvailableInternal(ServerCallImpl.java:334)
	at org.apache.ratis.thirdparty.io.grpc.internal.ServerCallImpl$ServerStreamListenerImpl.messagesAvailable(ServerCallImpl.java:319)
	at org.apache.ratis.thirdparty.io.grpc.internal.ServerImpl$JumpToApplicationThreadServerStreamListener$1MessagesAvailable.runInContext(ServerImpl.java:834)
	at org.apache.ratis.thirdparty.io.grpc.internal.ContextRunnable.run(ContextRunnable.java:37)
	at org.apache.ratis.thirdparty.io.grpc.internal.SerializingExecutor.run(SerializingExecutor.java:133)
	at java.base/java.util.concurrent.ThreadPoolExecutor.runWorker(ThreadPoolExecutor.java:1144)
	at java.base/java.util.concurrent.ThreadPoolExecutor$Worker.run(ThreadPoolExecutor.java:642)
	at java.base/java.lang.Thread.run(Thread.java:1583)
2025-10-20 19:51:45,524 | ERROR | DNAudit | user=null | ip=null | op=GET_COMMITTED_BLOCK_LENGTH {"blockData":"conID: 14 locID: 115816896921600441 bcsId: 0 replicaIndex: null"} | ret=FAILURE | 
java.lang.Exception: Unable to find the block. BlockID : conID: 14 locID: 115816896921600441 bcsId: 0 replicaIndex: null
	at org.apache.hadoop.ozone.container.common.impl.HddsDispatcher.dispatchRequest(HddsDispatcher.java:440)
	at org.apache.hadoop.ozone.container.common.impl.HddsDispatcher.lambda$dispatch$1(HddsDispatcher.java:190)
 
2025-10-20 19:51:45,524 [ForkJoinPool-1-worker-1] WARN  scm.XceiverClientGrpc (XceiverClientGrpc.java:sendCommandWithRetry(500)) - Failed to execute command GetCommittedBlockLength on the pipeline Pipeline{ Id: f5680765-92b4-4b28-96fe-86a86d43d526, Nodes: [ {ef67b0a7-5b27-496d-9f38-ab804a28e500(localhost/127.0.0.1), ReplicaIndex: 0}, {361055de-215b-4c6c-94c2-be1c1da118d1(localhost/127.0.0.1), ReplicaIndex: 0}, {e05592a5-d00f-4fc1-9e39-a968c1ecb04e(localhost/127.0.0.1), ReplicaIndex: 0},], ReplicationConfig: STANDALONE/THREE, State:OPEN, leaderId:, CreationTimestamp2025-10-20T19:51:45.484252672Z[Etc/UTC]}.
2025-10-20 19:51:45,526 [ForkJoinPool-1-worker-1] WARN  ozone.LeaseRecoveryClientDNHandler (LeaseRecoveryClientDNHandler.java:getOmKeyLocationInfos(114)) - Failed to finalize block. Continue to recover the file since OZONE.CLIENT.RECOVER.LEASE.FORCE is enabled.
org.apache.hadoop.hdds.scm.container.common.helpers.StorageContainerException: Unable to find the block. BlockID : conID: 14 locID: 115816896921600441 bcsId: 0 replicaIndex: null
	at org.apache.hadoop.hdds.scm.storage.ContainerProtocolCalls.validateContainerResponse(ContainerProtocolCalls.java:822)
	at org.apache.hadoop.hdds.scm.storage.ContainerProtocolCalls.lambda$createValidators$4(ContainerProtocolCalls.java:831)
	at org.apache.hadoop.hdds.scm.XceiverClientGrpc.sendCommandWithRetry(XceiverClientGrpc.java:457)
	at org.apache.hadoop.hdds.scm.XceiverClientGrpc.lambda$sendCommandWithTraceIDAndRetry$1(XceiverClientGrpc.java:383)
	at org.apache.hadoop.hdds.tracing.TracingUtil.executeInSpan(TracingUtil.java:205)
	at org.apache.hadoop.hdds.tracing.TracingUtil.executeInNewSpan(TracingUtil.java:195)
	at org.apache.hadoop.hdds.scm.XceiverClientGrpc.sendCommandWithTraceIDAndRetry(XceiverClientGrpc.java:375)
	at org.apache.hadoop.hdds.scm.XceiverClientGrpc.sendCommand(XceiverClientGrpc.java:356)
	at org.apache.hadoop.hdds.scm.storage.ContainerProtocolCalls.getCommittedBlockLength(ContainerProtocolCalls.java:272)
	at org.apache.hadoop.fs.ozone.BasicRootedOzoneClientAdapterImpl.finalizeBlock(BasicRootedOzoneClientAdapterImpl.java:1509)
	at org.apache.hadoop.fs.ozone.LeaseRecoveryClientDNHandler.getOmKeyLocationInfos(LeaseRecoveryClientDNHandler.java:81)
	at org.apache.hadoop.fs.ozone.RootedOzoneFileSystem.recoverLeaseTraced(RootedOzoneFileSystem.java:165)
	at org.apache.hadoop.fs.ozone.RootedOzoneFileSystem.lambda$recoverLease$0(RootedOzoneFileSystem.java:143)
	at org.apache.hadoop.hdds.tracing.TracingUtil.executeInSpan(TracingUtil.java:205)
	at org.apache.hadoop.hdds.tracing.TracingUtil.executeInNewSpan(TracingUtil.java:195)
	at org.apache.hadoop.fs.ozone.RootedOzoneFileSystem.recoverLease(RootedOzoneFileSystem.java:142)
	at org.apache.hadoop.ozone.client.rpc.TestSecureOzoneRpcClient.testPreallocateFileRecovery(TestSecureOzoneRpcClient.java:305)
	at java.base/jdk.internal.reflect.DirectMethodHandleAccessor.invoke(DirectMethodHandleAccessor.java:103)
	at java.base/java.lang.reflect.Method.invoke(Method.java:580)
	at org.junit.platform.commons.util.ReflectionUtils.invokeMethod(ReflectionUtils.java:786)
	at org.junit.platform.commons.support.ReflectionSupport.invokeMethod(ReflectionSupport.java:514)
	at org.junit.jupiter.engine.execution.MethodInvocation.proceed(MethodInvocation.java:60)
	at org.junit.jupiter.engine.execution.InvocationInterceptorChain$ValidatingInvocation.proceed(InvocationInterceptorChain.java:131)
	at org.junit.jupiter.engine.extension.SameThreadTimeoutInvocation.proceed(SameThreadTimeoutInvocation.java:49)
	at org.junit.jupiter.engine.extension.TimeoutExtension.intercept(TimeoutExtension.java:161)
	at org.junit.jupiter.engine.extension.TimeoutExtension.interceptTestableMethod(TimeoutExtension.java:152)
	at org.junit.jupiter.engine.extension.TimeoutExtension.interceptTestTemplateMethod(TimeoutExtension.java:99)
	at org.junit.jupiter.engine.execution.InterceptingExecutableInvoker$ReflectiveInterceptorCall.lambda$ofVoidMethod$0(InterceptingExecutableInvoker.java:112)
	at org.junit.jupiter.engine.execution.InterceptingExecutableInvoker.lambda$invoke$0(InterceptingExecutableInvoker.java:94)
	at org.junit.jupiter.engine.execution.InvocationInterceptorChain$InterceptedInvocation.proceed(InvocationInterceptorChain.java:106)
	at org.junit.jupiter.engine.execution.InvocationInterceptorChain.proceed(InvocationInterceptorChain.java:64)
	at org.junit.jupiter.engine.execution.InvocationInterceptorChain.chainAndInvoke(InvocationInterceptorChain.java:45)
	at org.junit.jupiter.engine.execution.InvocationInterceptorChain.invoke(InvocationInterceptorChain.java:37)
	at org.junit.jupiter.engine.execution.InterceptingExecutableInvoker.invoke(InterceptingExecutableInvoker.java:93)
	at org.junit.jupiter.engine.execution.InterceptingExecutableInvoker.invoke(InterceptingExecutableInvoker.java:87)
	at org.junit.jupiter.engine.descriptor.TestMethodTestDescriptor.lambda$invokeTestMethod$4(TestMethodTestDescriptor.java:221)
	at org.junit.platform.engine.support.hierarchical.ThrowableCollector.execute(ThrowableCollector.java:73)
	at org.junit.jupiter.engine.descriptor.TestMethodTestDescriptor.invokeTestMethod(TestMethodTestDescriptor.java:217)
	at org.junit.jupiter.engine.descriptor.TestMethodTestDescriptor.execute(TestMethodTestDescriptor.java:159)
	at org.junit.jupiter.engine.descriptor.TestMethodTestDescriptor.execute(TestMethodTestDescriptor.java:70)
	at org.junit.platform.engine.support.hierarchical.NodeTestTask.lambda$executeRecursively$6(NodeTestTask.java:157)
	at org.junit.platform.engine.support.hierarchical.ThrowableCollector.execute(ThrowableCollector.java:73)
	at org.junit.platform.engine.support.hierarchical.NodeTestTask.lambda$executeRecursively$8(NodeTestTask.java:147)
	at org.junit.platform.engine.support.hierarchical.Node.around(Node.java:137)
	at org.junit.platform.engine.support.hierarchical.NodeTestTask.lambda$executeRecursively$9(NodeTestTask.java:145)
	at org.junit.platform.engine.support.hierarchical.ThrowableCollector.execute(ThrowableCollector.java:73)
	at org.junit.platform.engine.support.hierarchical.NodeTestTask.executeRecursively(NodeTestTask.java:144)
	at org.junit.platform.engine.support.hierarchical.NodeTestTask.execute(NodeTestTask.java:101)
	at org.junit.platform.engine.support.hierarchical.ForkJoinPoolHierarchicalTestExecutorService$ExclusiveTask.exec(ForkJoinPoolHierarchicalTestExecutorService.java:274)
	at org.junit.platform.engine.support.hierarchical.ForkJoinPoolHierarchicalTestExecutorService$ExclusiveTask.execSync(ForkJoinPoolHierarchicalTestExecutorService.java:247)
	at org.junit.platform.engine.support.hierarchical.ForkJoinPoolHierarchicalTestExecutorService.submit(ForkJoinPoolHierarchicalTestExecutorService.java:148)
	at org.junit.platform.engine.support.hierarchical.NodeTestTask$DefaultDynamicTestExecutor.execute(NodeTestTask.java:232)
	at org.junit.platform.engine.support.hierarchical.NodeTestTask$DefaultDynamicTestExecutor.execute(NodeTestTask.java:210)
	at org.junit.jupiter.engine.descriptor.TemplateExecutor.execute(TemplateExecutor.java:98)
	at org.junit.jupiter.engine.descriptor.TemplateExecutor.lambda$executeForProvider$0(TemplateExecutor.java:61)
	at java.base/java.util.Optional.ifPresent(Optional.java:178)
	at org.junit.jupiter.engine.descriptor.TemplateExecutor.lambda$executeForProvider$1(TemplateExecutor.java:61)
	at java.base/java.util.stream.ForEachOps$ForEachOp$OfRef.accept(ForEachOps.java:184)
	at java.base/java.util.stream.ReferencePipeline$3$1.accept(ReferencePipeline.java:197)
	at java.base/java.util.stream.ForEachOps$ForEachOp$OfRef.accept(ForEachOps.java:184)
	at java.base/java.util.stream.ForEachOps$ForEachOp$OfRef.accept(ForEachOps.java:184)
	at java.base/java.util.stream.ReferencePipeline$3$1.accept(ReferencePipeline.java:197)
	at java.base/java.util.Spliterators$ArraySpliterator.forEachRemaining(Spliterators.java:1024)
	at java.base/java.util.stream.AbstractPipeline.copyInto(AbstractPipeline.java:509)
	at java.base/java.util.stream.AbstractPipeline.wrapAndCopyInto(AbstractPipeline.java:499)
	at java.base/java.util.stream.ForEachOps$ForEachOp.evaluateSequential(ForEachOps.java:151)
	at java.base/java.util.stream.ForEachOps$ForEachOp$OfRef.evaluateSequential(ForEachOps.java:174)
	at java.base/java.util.stream.AbstractPipeline.evaluate(AbstractPipeline.java:234)
	at java.base/java.util.stream.ReferencePipeline.forEach(ReferencePipeline.java:596)
	at java.base/java.util.stream.ReferencePipeline$7$1.accept(ReferencePipeline.java:276)
	at java.base/java.util.ArrayList$ArrayListSpliterator.forEachRemaining(ArrayList.java:1708)
	at java.base/java.util.stream.AbstractPipeline.copyInto(AbstractPipeline.java:509)
	at java.base/java.util.stream.AbstractPipeline.wrapAndCopyInto(AbstractPipeline.java:499)
	at java.base/java.util.stream.ForEachOps$ForEachOp.evaluateSequential(ForEachOps.java:151)
	at java.base/java.util.stream.ForEachOps$ForEachOp$OfRef.evaluateSequential(ForEachOps.java:174)
	at java.base/java.util.stream.AbstractPipeline.evaluate(AbstractPipeline.java:234)
	at java.base/java.util.stream.ReferencePipeline.forEach(ReferencePipeline.java:596)
	at java.base/java.util.stream.ReferencePipeline$7$1.accept(ReferencePipeline.java:276)
	at java.base/java.util.stream.ReferencePipeline$3$1.accept(ReferencePipeline.java:197)
	at java.base/java.util.stream.ReferencePipeline$3$1.accept(ReferencePipeline.java:197)
	at java.base/java.util.stream.ReferencePipeline$3$1.accept(ReferencePipeline.java:197)
	at java.base/java.util.ArrayList$ArrayListSpliterator.forEachRemaining(ArrayList.java:1708)
	at java.base/java.util.stream.AbstractPipeline.copyInto(AbstractPipeline.java:509)
	at java.base/java.util.stream.AbstractPipeline.wrapAndCopyInto(AbstractPipeline.java:499)
	at java.base/java.util.stream.ForEachOps$ForEachOp.evaluateSequential(ForEachOps.java:151)
	at java.base/java.util.stream.ForEachOps$ForEachOp$OfRef.evaluateSequential(ForEachOps.java:174)
	at java.base/java.util.stream.AbstractPipeline.evaluate(AbstractPipeline.java:234)
	at java.base/java.util.stream.ReferencePipeline.forEach(ReferencePipeline.java:596)
	at org.junit.jupiter.engine.descriptor.TemplateExecutor.executeForProvider(TemplateExecutor.java:59)
	at org.junit.jupiter.engine.descriptor.TemplateExecutor.execute(TemplateExecutor.java:48)
	at org.junit.jupiter.engine.descriptor.TestTemplateTestDescriptor.execute(TestTemplateTestDescriptor.java:112)
	at org.junit.jupiter.engine.descriptor.TestTemplateTestDescriptor.execute(TestTemplateTestDescriptor.java:40)
	at org.junit.platform.engine.support.hierarchical.NodeTestTask.lambda$executeRecursively$6(NodeTestTask.java:157)
	at org.junit.platform.engine.support.hierarchical.ThrowableCollector.execute(ThrowableCollector.java:73)
	at org.junit.platform.engine.support.hierarchical.NodeTestTask.lambda$executeRecursively$8(NodeTestTask.java:147)
	at org.junit.platform.engine.support.hierarchical.Node.around(Node.java:137)
	at org.junit.platform.engine.support.hierarchical.NodeTestTask.lambda$executeRecursively$9(NodeTestTask.java:145)
	at org.junit.platform.engine.support.hierarchical.ThrowableCollector.execute(ThrowableCollector.java:73)
	at org.junit.platform.engine.support.hierarchical.NodeTestTask.executeRecursively(NodeTestTask.java:144)
	at org.junit.platform.engine.support.hierarchical.NodeTestTask.execute(NodeTestTask.java:101)
	at org.junit.platform.engine.support.hierarchical.ForkJoinPoolHierarchicalTestExecutorService$ExclusiveTask.exec(ForkJoinPoolHierarchicalTestExecutorService.java:274)
	at org.junit.platform.engine.support.hierarchical.ForkJoinPoolHierarchicalTestExecutorService$ExclusiveTask.execSync(ForkJoinPoolHierarchicalTestExecutorService.java:247)
	at org.junit.platform.engine.support.hierarchical.ForkJoinPoolHierarchicalTestExecutorService.executeSync(ForkJoinPoolHierarchicalTestExecutorService.java:194)
	at org.junit.platform.engine.support.hierarchical.ForkJoinPoolHierarchicalTestExecutorService.invokeAll(ForkJoinPoolHierarchicalTestExecutorService.java:166)
	at org.junit.platform.engine.support.hierarchical.NodeTestTask.lambda$executeRecursively$6(NodeTestTask.java:161)
	at org.junit.platform.engine.support.hierarchical.ThrowableCollector.execute(ThrowableCollector.java:73)
	at org.junit.platform.engine.support.hierarchical.NodeTestTask.lambda$executeRecursively$8(NodeTestTask.java:147)
	at org.junit.platform.engine.support.hierarchical.Node.around(Node.java:137)
	at org.junit.platform.engine.support.hierarchical.NodeTestTask.lambda$executeRecursively$9(NodeTestTask.java:145)
	at org.junit.platform.engine.support.hierarchical.ThrowableCollector.execute(ThrowableCollector.java:73)
	at org.junit.platform.engine.support.hierarchical.NodeTestTask.executeRecursively(NodeTestTask.java:144)
	at org.junit.platform.engine.support.hierarchical.NodeTestTask.execute(NodeTestTask.java:101)
	at org.junit.platform.engine.support.hierarchical.ForkJoinPoolHierarchicalTestExecutorService$ExclusiveTask.exec(ForkJoinPoolHierarchicalTestExecutorService.java:274)
	at org.junit.platform.engine.support.hierarchical.ForkJoinPoolHierarchicalTestExecutorService$ExclusiveTask.execSync(ForkJoinPoolHierarchicalTestExecutorService.java:247)
	at org.junit.platform.engine.support.hierarchical.ForkJoinPoolHierarchicalTestExecutorService.invokeAll(ForkJoinPoolHierarchicalTestExecutorService.java:159)
	at org.junit.platform.engine.support.hierarchical.NodeTestTask.lambda$executeRecursively$6(NodeTestTask.java:161)
	at org.junit.platform.engine.support.hierarchical.ThrowableCollector.execute(ThrowableCollector.java:73)
	at org.junit.platform.engine.support.hierarchical.NodeTestTask.lambda$executeRecursively$8(NodeTestTask.java:147)
	at org.junit.platform.engine.support.hierarchical.Node.around(Node.java:137)
	at org.junit.platform.engine.support.hierarchical.NodeTestTask.lambda$executeRecursively$9(NodeTestTask.java:145)
	at org.junit.platform.engine.support.hierarchical.ThrowableCollector.execute(ThrowableCollector.java:73)
	at org.junit.platform.engine.support.hierarchical.NodeTestTask.executeRecursively(NodeTestTask.java:144)
	at org.junit.platform.engine.support.hierarchical.NodeTestTask.execute(NodeTestTask.java:101)
	at org.junit.platform.engine.support.hierarchical.ForkJoinPoolHierarchicalTestExecutorService$ExclusiveTask.exec(ForkJoinPoolHierarchicalTestExecutorService.java:274)
	at java.base/java.util.concurrent.ForkJoinTask.doExec(ForkJoinTask.java:387)
	at java.base/java.util.concurrent.ForkJoinPool$WorkQueue.topLevelExec(ForkJoinPool.java:1312)
	at java.base/java.util.concurrent.ForkJoinPool.scan(ForkJoinPool.java:1843)
	at java.base/java.util.concurrent.ForkJoinPool.runWorker(ForkJoinPool.java:1808)
	at java.base/java.util.concurrent.ForkJoinWorkerThread.run(ForkJoinWorkerThread.java:188)
2025-10-20 19:51:45,534 | INFO  | OMAudit | user=runner | ip=127.0.0.1 | op=COMMIT_KEY {"volume":"78cd85ae-2c22-48f7-a31c-c3abc07d6e35","bucket":"facfb10b-8dcb-41cf-916b-faf89bf6ba01","key":"48912c5d-f0b2-4ba3-ac46-8df8154003db","dataSize":"16777216","replicationType":"RATIS","replicationFactor":"THREE","Transaction":"1667"} | ret=SUCCESS |  
2025-10-20 19:51:45,537 | INFO  | OMAudit | user=runner | ip=127.0.0.1 | op=READ_BUCKET {"volume":"78cd85ae-2c22-48f7-a31c-c3abc07d6e35","bucket":"facfb10b-8dcb-41cf-916b-faf89bf6ba01"} | ret=SUCCESS |  
2025-10-20 19:51:45,540 | INFO  | SCMAudit | user=runner | ip=127.0.0.1 | op=GET_CONTAINER_WITH_PIPELINE_BATCH {"containerIDs":"#16,#20,#14,#15,"} | ret=SUCCESS |  
2025-10-20 19:51:45,542 | INFO  | OMAudit | user=runner | ip=127.0.0.1 | op=GET_FILE_STATUS {"volume":"78cd85ae-2c22-48f7-a31c-c3abc07d6e35","bucket":"facfb10b-8dcb-41cf-916b-faf89bf6ba01","key":"48912c5d-f0b2-4ba3-ac46-8df8154003db","owner":null,"dataSize":"0","replicationConfig":null} | ret=SUCCESS |  
2025-10-20 19:51:45,550 | INFO  | OMAudit | user=runner | ip=127.0.0.1 | op=READ_BUCKET {"volume":"78cd85ae-2c22-48f7-a31c-c3abc07d6e35","bucket":"facfb10b-8dcb-41cf-916b-faf89bf6ba01"} | ret=SUCCESS |  
2025-10-20 19:51:45,553 | INFO  | OMAudit | user=runner | ip=127.0.0.1 | op=READ_BUCKET {"volume":"78cd85ae-2c22-48f7-a31c-c3abc07d6e35","bucket":"facfb10b-8dcb-41cf-916b-faf89bf6ba01"} | ret=SUCCESS |  
2025-10-20 19:51:45,562 [om1-OMStateMachineApplyTransactionThread - 0] ERROR key.OMKeyCommitRequest (OMKeyCommitRequest.java:processResult(486)) - Key committed failed. Volume:78cd85ae-2c22-48f7-a31c-c3abc07d6e35, Bucket:facfb10b-8dcb-41cf-916b-faf89bf6ba01, Key:48912c5d-f0b2-4ba3-ac46-8df8154003db. Exception:{}
KEY_NOT_FOUND org.apache.hadoop.ozone.om.exceptions.OMException: Failed to commit key, as /-9223372036854350336/-9223372036854350080/-9223372036854350080/48912c5d-f0b2-4ba3-ac46-8df8154003db/115408234430202259 entry is not found in the OpenKey table
	at org.apache.hadoop.ozone.om.request.key.OMKeyCommitRequestWithFSO.validateAndUpdateCache(OMKeyCommitRequestWithFSO.java:181)
	at org.apache.hadoop.ozone.protocolPB.OzoneManagerRequestHandler.lambda$0(OzoneManagerRequestHandler.java:418)
	at org.apache.hadoop.ozone.util.MetricUtil.captureLatencyNs(MetricUtil.java:45)
	at org.apache.hadoop.ozone.protocolPB.OzoneManagerRequestHandler.handleWriteRequestImpl(OzoneManagerRequestHandler.java:416)
	at org.apache.hadoop.ozone.protocolPB.RequestHandler.handleWriteRequest(RequestHandler.java:62)
	at org.apache.hadoop.ozone.om.ratis.OzoneManagerStateMachine.runCommand(OzoneManagerStateMachine.java:599)
	at org.apache.hadoop.ozone.om.ratis.OzoneManagerStateMachine.lambda$3(OzoneManagerStateMachine.java:415)
	at java.base/java.util.concurrent.CompletableFuture$AsyncSupply.run(CompletableFuture.java:1768)
	at java.base/java.util.concurrent.ThreadPoolExecutor.runWorker(ThreadPoolExecutor.java:1144)
	at java.base/java.util.concurrent.ThreadPoolExecutor$Worker.run(ThreadPoolExecutor.java:642)
	at java.base/java.lang.Thread.run(Thread.java:1583)
2025-10-20 19:51:45,563 | ERROR | OMAudit | user=runner | ip=127.0.0.1 | op=COMMIT_KEY {"volume":"78cd85ae-2c22-48f7-a31c-c3abc07d6e35","bucket":"facfb10b-8dcb-41cf-916b-faf89bf6ba01","key":"48912c5d-f0b2-4ba3-ac46-8df8154003db","dataSize":"16777216","replicationType":"RATIS","replicationFactor":"THREE","Transaction":"1668"} | ret=FAILURE | 
org.apache.hadoop.ozone.om.exceptions.OMException: Failed to commit key, as /-9223372036854350336/-9223372036854350080/-9223372036854350080/48912c5d-f0b2-4ba3-ac46-8df8154003db/115408234430202259 entry is not found in the OpenKey table
	at org.apache.hadoop.ozone.om.request.key.OMKeyCommitRequestWithFSO.validateAndUpdateCache(OMKeyCommitRequestWithFSO.java:181)
	at org.apache.hadoop.ozone.protocolPB.OzoneManagerRequestHandler.lambda$0(OzoneManagerRequestHandler.java:418)
 
]]></system-out>
  </testcase>
  <testcase name="testPreallocateFileRecovery(long)[2]" classname="org.apache.hadoop.ozone.client.rpc.TestSecureOzoneRpcClient" time="0.287">
    <system-out><![CDATA[2025-10-20 19:51:45,606 [ForkJoinPool-1-worker-1] INFO  rpc.RpcClient (RpcClient.java:createVolume(461)) - Creating Volume: b31c592a-92e0-4acd-b772-a9a4dc78c9dc, with runner as owner and space quota set to -1 bytes, counts quota set to -1
2025-10-20 19:51:45,607 [om1-OMStateMachineApplyTransactionThread - 0] INFO  volume.OMVolumeCreateRequest (OMVolumeCreateRequest.java:validateAndUpdateCache(213)) - created volume:b31c592a-92e0-4acd-b772-a9a4dc78c9dc for user:runner
2025-10-20 19:51:45,608 | INFO  | OMAudit | user=runner | ip=127.0.0.1 | op=CREATE_VOLUME {"admin":"runner","owner":"runner","volume":"b31c592a-92e0-4acd-b772-a9a4dc78c9dc","creationTime":"1760989905607","modificationTime":"1760989905607","quotaInBytes":"-1","quotaInNamespace":"-1","usedNamespace":"0","objectID":"-9223372036854348544","updateID":"1669","Transaction":"1669"} | ret=SUCCESS |  
2025-10-20 19:51:45,610 | INFO  | OMAudit | user=runner | ip=127.0.0.1 | op=READ_VOLUME {"volume":"b31c592a-92e0-4acd-b772-a9a4dc78c9dc"} | ret=SUCCESS |  
2025-10-20 19:51:45,611 [ForkJoinPool-1-worker-1] INFO  rpc.RpcClient (RpcClient.java:createBucket(686)) - Creating Bucket: b31c592a-92e0-4acd-b772-a9a4dc78c9dc/a90af50a-1bb4-4f0d-97b4-69c47211799b, with bucket layout FILE_SYSTEM_OPTIMIZED, runner as owner, Versioning false, Storage Type set to DISK and Encryption set to false, Replication Type set to server-side default replication type, Namespace Quota set to 100, Space Quota set to 1073741824 
2025-10-20 19:51:45,613 [om1-OMStateMachineApplyTransactionThread - 0] INFO  bucket.OMBucketCreateRequest (OMBucketCreateRequest.java:validateAndUpdateCache(303)) - created bucket: a90af50a-1bb4-4f0d-97b4-69c47211799b of layout FILE_SYSTEM_OPTIMIZED in volume: b31c592a-92e0-4acd-b772-a9a4dc78c9dc
2025-10-20 19:51:45,613 | INFO  | OMAudit | user=runner | ip=127.0.0.1 | op=CREATE_BUCKET {"volume":"b31c592a-92e0-4acd-b772-a9a4dc78c9dc","bucket":"a90af50a-1bb4-4f0d-97b4-69c47211799b","bucketLayout":"FILE_SYSTEM_OPTIMIZED","gdprEnabled":null,"acls":"[user:runner:a[ACCESS], group:runner:rl[ACCESS]]","isVersionEnabled":"false","storageType":"DISK","creationTime":"1760989905612","bucketEncryptionKey":null,"modificationTime":"1760989905612","usedBytes":"0","usedNamespace":"0","snapshotUsedBytes":"0","snapshotUsedNamespace":"0","owner":"runner","replicationType":null,"replicationConfig":null,"quotaInBytes":"1073741824","quotaInNamespace":"100","Transaction":"1670"} | ret=SUCCESS |  
2025-10-20 19:51:45,614 | INFO  | OMAudit | user=runner | ip=127.0.0.1 | op=READ_BUCKET {"volume":"b31c592a-92e0-4acd-b772-a9a4dc78c9dc","bucket":"a90af50a-1bb4-4f0d-97b4-69c47211799b"} | ret=SUCCESS |  
2025-10-20 19:51:45,618 | INFO  | OMAudit | user=runner | ip=127.0.0.1 | op=GET_SERVICE_LIST {} | ret=SUCCESS |  
2025-10-20 19:51:45,620 | INFO  | OMAudit | user=runner | ip=127.0.0.1 | op=READ_BUCKET {"volume":"b31c592a-92e0-4acd-b772-a9a4dc78c9dc","bucket":"a90af50a-1bb4-4f0d-97b4-69c47211799b"} | ret=SUCCESS |  
2025-10-20 19:51:45,621 | INFO  | SCMAudit | user=runner | ip=127.0.0.1 | op=ALLOCATE_BLOCK {"replication":"RATIS/THREE","owner":"omServiceIdDefault","size":"4194304","sampleBlocks":"[conID: 18 locID: 115816896921600442, conID: 18 locID: 115816896921600443, conID: 21 locID: 115816896921600444, conID: 20 locID: 115816896921600445, conID: 19 locID: 115816896921600446, conID: 18 locID: 115816896921600447, conID: 20 locID: 115816896921600448, conID: 21 locID: 115816896921600449, conID: 19 locID: 115816896921600450, conID: 15 locID: 115816896921600451]","num":"10","client":"","allocated":"10"} | ret=SUCCESS |  
2025-10-20 19:51:45,625 | INFO  | OMAudit | user=runner | ip=127.0.0.1 | op=ALLOCATE_KEY {"volume":"b31c592a-92e0-4acd-b772-a9a4dc78c9dc","bucket":"a90af50a-1bb4-4f0d-97b4-69c47211799b","key":"7a5bdc64-2a95-4f76-890f-f28c67285899","dataSize":"41943040","replicationType":"RATIS","replicationFactor":"THREE","Transaction":"1671"} | ret=SUCCESS |  
2025-10-20 19:51:45,629 | INFO  | OMAudit | user=runner | ip=127.0.0.1 | op=READ_BUCKET {"volume":"b31c592a-92e0-4acd-b772-a9a4dc78c9dc","bucket":"a90af50a-1bb4-4f0d-97b4-69c47211799b"} | ret=SUCCESS |  
2025-10-20 19:51:45,652 | INFO  | SCMAudit | user=runner | ip=127.0.0.1 | op=SEND_HEARTBEAT {"datanodeUUID":"cc7fbe85-1d98-437b-84f9-04213fee10f0","term":"2","command":"[]"} | ret=SUCCESS |  
2025-10-20 19:51:45,652 | INFO  | SCMAudit | user=runner | ip=127.0.0.1 | op=SEND_HEARTBEAT {"datanodeUUID":"4f2bb3f5-0e03-4f1b-bb4c-79c91b98c7da","term":"2","command":"[]"} | ret=SUCCESS |  
2025-10-20 19:51:45,652 | INFO  | SCMAudit | user=runner | ip=127.0.0.1 | op=SEND_HEARTBEAT {"datanodeUUID":"605be85e-a7f4-44d7-8cfd-f53001b990b0","term":"2","command":"[]"} | ret=SUCCESS |  
2025-10-20 19:51:45,732 | INFO  | SCMAudit | user=runner | ip=127.0.0.1 | op=SEND_HEARTBEAT {"datanodeUUID":"feb39a1c-80cb-4714-ab06-a361236e3029","term":"2","command":"[]"} | ret=SUCCESS |  
2025-10-20 19:51:45,745 | INFO  | SCMAudit | user=runner | ip=127.0.0.1 | op=SEND_HEARTBEAT {"datanodeUUID":"33f74daf-be7a-4306-b2af-53e409c4cb93","term":"2","command":"[]"} | ret=SUCCESS |  
2025-10-20 19:51:45,783 | INFO  | OMAudit | user=runner | ip=127.0.0.1 | op=READ_BUCKET {"volume":"b31c592a-92e0-4acd-b772-a9a4dc78c9dc","bucket":"a90af50a-1bb4-4f0d-97b4-69c47211799b"} | ret=SUCCESS |  
2025-10-20 19:51:45,785 | INFO  | SCMAudit | user=runner | ip=127.0.0.1 | op=GET_CONTAINER_WITH_PIPELINE {"containerID":"#19"} | ret=SUCCESS |  
2025-10-20 19:51:45,786 | INFO  | SCMAudit | user=runner | ip=127.0.0.1 | op=GET_CONTAINER_WITH_PIPELINE {"containerID":"#15"} | ret=SUCCESS |  
2025-10-20 19:51:45,787 | INFO  | SCMAudit | user=runner | ip=127.0.0.1 | op=GET_CONTAINER_WITH_PIPELINE {"containerID":"#19"} | ret=SUCCESS |  
2025-10-20 19:51:45,787 | INFO  | OMAudit | user=runner | ip=127.0.0.1 | op=RECOVER_LEASE {"volume":"b31c592a-92e0-4acd-b772-a9a4dc78c9dc","bucket":"a90af50a-1bb4-4f0d-97b4-69c47211799b","key":"7a5bdc64-2a95-4f76-890f-f28c67285899","Transaction":"1673"} | ret=SUCCESS |  
2025-10-20 19:51:45,795 [af0e5da1-57af-45e9-9aca-fa0798d05628-ContainerOp-ba8f49ac-c35b-4342-9840-c8b3a767d7cd-9] INFO  keyvalue.KeyValueHandler (KeyValueHandler.java:handleFinalizeBlock(714)) - Finalized Block request received conID: 15 locID: 115816896921600451 bcsId: 0 replicaIndex: null 
2025-10-20 19:51:45,795 [af0e5da1-57af-45e9-9aca-fa0798d05628-ContainerOp-ba8f49ac-c35b-4342-9840-c8b3a767d7cd-9] WARN  keyvalue.KeyValueHandler (ContainerUtils.java:logAndReturnError(94)) - Operation: FinalizeBlock , Trace ID:  , Message: Unable to find the block. BlockID : conID: 15 locID: 115816896921600451 bcsId: 0 replicaIndex: null , Result: NO_SUCH_BLOCK , StorageContainerException Occurred.
org.apache.hadoop.hdds.scm.container.common.helpers.StorageContainerException: Unable to find the block. BlockID : conID: 15 locID: 115816896921600451 bcsId: 0 replicaIndex: null
	at org.apache.hadoop.ozone.container.metadata.DatanodeStoreWithIncrementalChunkList.getCompleteBlockData(DatanodeStoreWithIncrementalChunkList.java:67)
	at org.apache.hadoop.ozone.container.metadata.DatanodeStore.getBlockByID(DatanodeStore.java:90)
	at org.apache.hadoop.ozone.container.keyvalue.impl.BlockManagerImpl.getBlockByID(BlockManagerImpl.java:462)
	at org.apache.hadoop.ozone.container.keyvalue.impl.BlockManagerImpl.getBlock(BlockManagerImpl.java:347)
	at org.apache.hadoop.ozone.container.keyvalue.KeyValueHandler.handleFinalizeBlock(KeyValueHandler.java:716)
	at org.apache.hadoop.ozone.container.keyvalue.KeyValueHandler.dispatchRequest(KeyValueHandler.java:357)
	at org.apache.hadoop.ozone.container.keyvalue.KeyValueHandler.handle(KeyValueHandler.java:293)
	at org.apache.hadoop.ozone.container.common.impl.HddsDispatcher.dispatchRequest(HddsDispatcher.java:365)
	at org.apache.hadoop.ozone.container.common.impl.HddsDispatcher.lambda$dispatch$1(HddsDispatcher.java:190)
	at org.apache.hadoop.hdds.server.OzoneProtocolMessageDispatcher.processRequest(OzoneProtocolMessageDispatcher.java:89)
	at org.apache.hadoop.ozone.container.common.impl.HddsDispatcher.dispatch(HddsDispatcher.java:189)
	at org.apache.hadoop.ozone.container.common.transport.server.ratis.ContainerStateMachine.dispatchCommand(ContainerStateMachine.java:567)
	at org.apache.hadoop.ozone.container.common.transport.server.ratis.ContainerStateMachine.lambda$applyTransaction$8(ContainerStateMachine.java:1061)
	at org.apache.ratis.util.TaskQueue.lambda$submit$0(TaskQueue.java:121)
	at org.apache.ratis.util.LogUtils.runAndLog(LogUtils.java:38)
	at org.apache.ratis.util.LogUtils$1.run(LogUtils.java:78)
	at java.base/java.util.concurrent.Executors$RunnableAdapter.call(Executors.java:572)
	at java.base/java.util.concurrent.FutureTask.run(FutureTask.java:317)
	at java.base/java.util.concurrent.ThreadPoolExecutor.runWorker(ThreadPoolExecutor.java:1144)
	at java.base/java.util.concurrent.ThreadPoolExecutor$Worker.run(ThreadPoolExecutor.java:642)
	at java.base/java.lang.Thread.run(Thread.java:1583)
2025-10-20 19:51:45,797 [c90bff1f-5a1f-42c6-8fca-9533d718c79a-ContainerOp-ba8f49ac-c35b-4342-9840-c8b3a767d7cd-2] INFO  keyvalue.KeyValueHandler (KeyValueHandler.java:handleFinalizeBlock(714)) - Finalized Block request received conID: 15 locID: 115816896921600451 bcsId: 0 replicaIndex: null 
2025-10-20 19:51:45,798 [c90bff1f-5a1f-42c6-8fca-9533d718c79a-ContainerOp-ba8f49ac-c35b-4342-9840-c8b3a767d7cd-2] WARN  keyvalue.KeyValueHandler (ContainerUtils.java:logAndReturnError(94)) - Operation: FinalizeBlock , Trace ID:  , Message: Unable to find the block. BlockID : conID: 15 locID: 115816896921600451 bcsId: 0 replicaIndex: null , Result: NO_SUCH_BLOCK , StorageContainerException Occurred.
org.apache.hadoop.hdds.scm.container.common.helpers.StorageContainerException: Unable to find the block. BlockID : conID: 15 locID: 115816896921600451 bcsId: 0 replicaIndex: null
	at org.apache.hadoop.ozone.container.metadata.DatanodeStoreWithIncrementalChunkList.getCompleteBlockData(DatanodeStoreWithIncrementalChunkList.java:67)
	at org.apache.hadoop.ozone.container.metadata.DatanodeStore.getBlockByID(DatanodeStore.java:90)
	at org.apache.hadoop.ozone.container.keyvalue.impl.BlockManagerImpl.getBlockByID(BlockManagerImpl.java:462)
	at org.apache.hadoop.ozone.container.keyvalue.impl.BlockManagerImpl.getBlock(BlockManagerImpl.java:347)
	at org.apache.hadoop.ozone.container.keyvalue.KeyValueHandler.handleFinalizeBlock(KeyValueHandler.java:716)
	at org.apache.hadoop.ozone.container.keyvalue.KeyValueHandler.dispatchRequest(KeyValueHandler.java:357)
	at org.apache.hadoop.ozone.container.keyvalue.KeyValueHandler.handle(KeyValueHandler.java:293)
	at org.apache.hadoop.ozone.container.common.impl.HddsDispatcher.dispatchRequest(HddsDispatcher.java:365)
	at org.apache.hadoop.ozone.container.common.impl.HddsDispatcher.lambda$dispatch$1(HddsDispatcher.java:190)
	at org.apache.hadoop.hdds.server.OzoneProtocolMessageDispatcher.processRequest(OzoneProtocolMessageDispatcher.java:89)
	at org.apache.hadoop.ozone.container.common.impl.HddsDispatcher.dispatch(HddsDispatcher.java:189)
	at org.apache.hadoop.ozone.container.common.transport.server.ratis.ContainerStateMachine.dispatchCommand(ContainerStateMachine.java:567)
	at org.apache.hadoop.ozone.container.common.transport.server.ratis.ContainerStateMachine.lambda$applyTransaction$8(ContainerStateMachine.java:1061)
	at org.apache.ratis.util.TaskQueue.lambda$submit$0(TaskQueue.java:121)
	at org.apache.ratis.util.LogUtils.runAndLog(LogUtils.java:38)
	at org.apache.ratis.util.LogUtils$1.run(LogUtils.java:78)
	at java.base/java.util.concurrent.Executors$RunnableAdapter.call(Executors.java:572)
	at java.base/java.util.concurrent.FutureTask.run(FutureTask.java:317)
	at java.base/java.util.concurrent.ThreadPoolExecutor.runWorker(ThreadPoolExecutor.java:1144)
	at java.base/java.util.concurrent.ThreadPoolExecutor$Worker.run(ThreadPoolExecutor.java:642)
	at java.base/java.lang.Thread.run(Thread.java:1583)
2025-10-20 19:51:45,798 [b614738c-cdff-4f09-bf59-ed5bb75d51be-ContainerOp-ba8f49ac-c35b-4342-9840-c8b3a767d7cd-7] INFO  keyvalue.KeyValueHandler (KeyValueHandler.java:handleFinalizeBlock(714)) - Finalized Block request received conID: 15 locID: 115816896921600451 bcsId: 0 replicaIndex: null 
2025-10-20 19:51:45,799 [b614738c-cdff-4f09-bf59-ed5bb75d51be-ContainerOp-ba8f49ac-c35b-4342-9840-c8b3a767d7cd-7] WARN  keyvalue.KeyValueHandler (ContainerUtils.java:logAndReturnError(94)) - Operation: FinalizeBlock , Trace ID:  , Message: Unable to find the block. BlockID : conID: 15 locID: 115816896921600451 bcsId: 0 replicaIndex: null , Result: NO_SUCH_BLOCK , StorageContainerException Occurred.
org.apache.hadoop.hdds.scm.container.common.helpers.StorageContainerException: Unable to find the block. BlockID : conID: 15 locID: 115816896921600451 bcsId: 0 replicaIndex: null
	at org.apache.hadoop.ozone.container.metadata.DatanodeStoreWithIncrementalChunkList.getCompleteBlockData(DatanodeStoreWithIncrementalChunkList.java:67)
	at org.apache.hadoop.ozone.container.metadata.DatanodeStore.getBlockByID(DatanodeStore.java:90)
	at org.apache.hadoop.ozone.container.keyvalue.impl.BlockManagerImpl.getBlockByID(BlockManagerImpl.java:462)
	at org.apache.hadoop.ozone.container.keyvalue.impl.BlockManagerImpl.getBlock(BlockManagerImpl.java:347)
	at org.apache.hadoop.ozone.container.keyvalue.KeyValueHandler.handleFinalizeBlock(KeyValueHandler.java:716)
	at org.apache.hadoop.ozone.container.keyvalue.KeyValueHandler.dispatchRequest(KeyValueHandler.java:357)
	at org.apache.hadoop.ozone.container.keyvalue.KeyValueHandler.handle(KeyValueHandler.java:293)
	at org.apache.hadoop.ozone.container.common.impl.HddsDispatcher.dispatchRequest(HddsDispatcher.java:365)
	at org.apache.hadoop.ozone.container.common.impl.HddsDispatcher.lambda$dispatch$1(HddsDispatcher.java:190)
	at org.apache.hadoop.hdds.server.OzoneProtocolMessageDispatcher.processRequest(OzoneProtocolMessageDispatcher.java:89)
	at org.apache.hadoop.ozone.container.common.impl.HddsDispatcher.dispatch(HddsDispatcher.java:189)
	at org.apache.hadoop.ozone.container.common.transport.server.ratis.ContainerStateMachine.dispatchCommand(ContainerStateMachine.java:567)
	at org.apache.hadoop.ozone.container.common.transport.server.ratis.ContainerStateMachine.lambda$applyTransaction$8(ContainerStateMachine.java:1061)
	at org.apache.ratis.util.TaskQueue.lambda$submit$0(TaskQueue.java:121)
	at org.apache.ratis.util.LogUtils.runAndLog(LogUtils.java:38)
	at org.apache.ratis.util.LogUtils$1.run(LogUtils.java:78)
	at java.base/java.util.concurrent.Executors$RunnableAdapter.call(Executors.java:572)
	at java.base/java.util.concurrent.FutureTask.run(FutureTask.java:317)
	at java.base/java.util.concurrent.ThreadPoolExecutor.runWorker(ThreadPoolExecutor.java:1144)
	at java.base/java.util.concurrent.ThreadPoolExecutor$Worker.run(ThreadPoolExecutor.java:642)
	at java.base/java.lang.Thread.run(Thread.java:1583)
2025-10-20 19:51:45,800 [af0e5da1-57af-45e9-9aca-fa0798d05628-ContainerOp-ba8f49ac-c35b-4342-9840-c8b3a767d7cd-9] WARN  keyvalue.KeyValueContainer (KeyValueContainer.java:markContainerUnhealthy(397)) - Marked container UNHEALTHY from OPEN: KeyValueContainerData #15 (UNHEALTHY, non-empty, ri=0, origin=[dn_af0e5da1-57af-45e9-9aca-fa0798d05628, pipeline_ba8f49ac-c35b-4342-9840-c8b3a767d7cd])
2025-10-20 19:51:45,803 [b614738c-cdff-4f09-bf59-ed5bb75d51be-ContainerOp-ba8f49ac-c35b-4342-9840-c8b3a767d7cd-7] WARN  keyvalue.KeyValueContainer (KeyValueContainer.java:markContainerUnhealthy(397)) - Marked container UNHEALTHY from OPEN: KeyValueContainerData #15 (UNHEALTHY, non-empty, ri=0, origin=[dn_b614738c-cdff-4f09-bf59-ed5bb75d51be, pipeline_ba8f49ac-c35b-4342-9840-c8b3a767d7cd])
2025-10-20 19:51:45,803 [c90bff1f-5a1f-42c6-8fca-9533d718c79a-ContainerOp-ba8f49ac-c35b-4342-9840-c8b3a767d7cd-2] WARN  keyvalue.KeyValueContainer (KeyValueContainer.java:markContainerUnhealthy(397)) - Marked container UNHEALTHY from OPEN: KeyValueContainerData #15 (UNHEALTHY, non-empty, ri=0, origin=[dn_c90bff1f-5a1f-42c6-8fca-9533d718c79a, pipeline_ba8f49ac-c35b-4342-9840-c8b3a767d7cd])
2025-10-20 19:51:45,805 | ERROR | ContainerLog | ID=15 | Index=0 | BCSID=123 | State=UNHEALTHY | Volume=/home/runner/work/ozone/ozone/hadoop-ozone/integration-test/target/test-dir/MiniOzoneClusterImpl-6935df51-69ff-4c35-8bd4-ed2b81d70e54/ozone-metadata/datanode-5/data-0/hdds | DataChecksum=a8cec950 | Container has 1 error: WRITE_FAILURE for file /home/runner/work/ozone/ozone/hadoop-ozone/integration-test/target/test-dir/MiniOzoneClusterImpl-6935df51-69ff-4c35-8bd4-ed2b81d70e54/ozone-metadata/datanode-5/data-0/hdds/6935df51-69ff-4c35-8bd4-ed2b81d70e54/current/containerDir0/15 with exception: org.apache.hadoop.hdds.scm.container.common.helpers.StorageContainerException |  
2025-10-20 19:51:45,806 | ERROR | ContainerLog | ID=15 | Index=0 | BCSID=123 | State=UNHEALTHY | Volume=/home/runner/work/ozone/ozone/hadoop-ozone/integration-test/target/test-dir/MiniOzoneClusterImpl-6935df51-69ff-4c35-8bd4-ed2b81d70e54/ozone-metadata/datanode-4/data-0/hdds | DataChecksum=a8cec950 | Container has 1 error: WRITE_FAILURE for file /home/runner/work/ozone/ozone/hadoop-ozone/integration-test/target/test-dir/MiniOzoneClusterImpl-6935df51-69ff-4c35-8bd4-ed2b81d70e54/ozone-metadata/datanode-4/data-0/hdds/6935df51-69ff-4c35-8bd4-ed2b81d70e54/current/containerDir0/15 with exception: org.apache.hadoop.hdds.scm.container.common.helpers.StorageContainerException |  
2025-10-20 19:51:45,806 [af0e5da1-57af-45e9-9aca-fa0798d05628-ContainerOp-ba8f49ac-c35b-4342-9840-c8b3a767d7cd-9] INFO  impl.HddsDispatcher (HddsDispatcher.java:dispatchRequest(412)) - Marked Container UNHEALTHY, ContainerID: 15
2025-10-20 19:51:45,806 | ERROR | DNAudit | user=null | ip=null | op=FINALIZE_BLOCK {"blockData":"conID: 15 locID: 115816896921600451 bcsId: 0 replicaIndex: null"} | ret=FAILURE | 
java.lang.Exception: Unable to find the block. BlockID : conID: 15 locID: 115816896921600451 bcsId: 0 replicaIndex: null
	at org.apache.hadoop.ozone.container.common.impl.HddsDispatcher.dispatchRequest(HddsDispatcher.java:440)
	at org.apache.hadoop.ozone.container.common.impl.HddsDispatcher.lambda$dispatch$1(HddsDispatcher.java:190)
 
2025-10-20 19:51:45,807 [af0e5da1-57af-45e9-9aca-fa0798d05628-ContainerOp-ba8f49ac-c35b-4342-9840-c8b3a767d7cd-9] ERROR ratis.ContainerStateMachine (ContainerStateMachine.java:lambda$applyTransaction$11(1163)) - gid group-C8B3A767D7CD : ApplyTransaction failed. cmd FinalizeBlock logIndex 127 msg : Unable to find the block. BlockID : conID: 15 locID: 115816896921600451 bcsId: 0 replicaIndex: null Container Result: NO_SUCH_BLOCK
2025-10-20 19:51:45,807 [af0e5da1-57af-45e9-9aca-fa0798d05628-ContainerOp-ba8f49ac-c35b-4342-9840-c8b3a767d7cd-9] ERROR impl.StateMachineUpdater (StateMachineUpdater.java:lambda$applyLog$3(259)) - Exception while af0e5da1-57af-45e9-9aca-fa0798d05628@group-C8B3A767D7CD-StateMachineUpdater: applying txn index=127, nextLog=(t:1, i:127), STATEMACHINELOGENTRY, WRITE: logData.size=104, stateMachineData.size=0, logEntryProtoSerializedSize=0
java.util.concurrent.CompletionException: org.apache.hadoop.hdds.scm.container.common.helpers.StorageContainerException: Unable to find the block. BlockID : conID: 15 locID: 115816896921600451 bcsId: 0 replicaIndex: null
	at java.base/java.util.concurrent.CompletableFuture.encodeThrowable(CompletableFuture.java:332)
	at java.base/java.util.concurrent.CompletableFuture.completeThrowable(CompletableFuture.java:347)
	at java.base/java.util.concurrent.CompletableFuture.uniWhenComplete(CompletableFuture.java:874)
	at java.base/java.util.concurrent.CompletableFuture$UniWhenComplete.tryFire(CompletableFuture.java:841)
	at java.base/java.util.concurrent.CompletableFuture.postComplete(CompletableFuture.java:510)
	at java.base/java.util.concurrent.CompletableFuture.completeExceptionally(CompletableFuture.java:2194)
	at org.apache.hadoop.ozone.container.common.transport.server.ratis.ContainerStateMachine.lambda$applyTransaction$11(ContainerStateMachine.java:1172)
	at java.base/java.util.concurrent.CompletableFuture$UniApply.tryFire(CompletableFuture.java:646)
	at java.base/java.util.concurrent.CompletableFuture.postComplete(CompletableFuture.java:510)
	at java.base/java.util.concurrent.CompletableFuture.complete(CompletableFuture.java:2179)
	at org.apache.ratis.util.TaskQueue.lambda$submit$0(TaskQueue.java:133)
	at org.apache.ratis.util.LogUtils.runAndLog(LogUtils.java:38)
	at org.apache.ratis.util.LogUtils$1.run(LogUtils.java:78)
	at java.base/java.util.concurrent.Executors$RunnableAdapter.call(Executors.java:572)
	at java.base/java.util.concurrent.FutureTask.run(FutureTask.java:317)
	at java.base/java.util.concurrent.ThreadPoolExecutor.runWorker(ThreadPoolExecutor.java:1144)
	at java.base/java.util.concurrent.ThreadPoolExecutor$Worker.run(ThreadPoolExecutor.java:642)
	at java.base/java.lang.Thread.run(Thread.java:1583)
Caused by: org.apache.hadoop.hdds.scm.container.common.helpers.StorageContainerException: Unable to find the block. BlockID : conID: 15 locID: 115816896921600451 bcsId: 0 replicaIndex: null
	at org.apache.hadoop.ozone.container.common.transport.server.ratis.ContainerStateMachine.lambda$applyTransaction$11(ContainerStateMachine.java:1162)
	... 11 more
2025-10-20 19:51:45,807 [af0e5da1-57af-45e9-9aca-fa0798d05628-ContainerOp-ba8f49ac-c35b-4342-9840-c8b3a767d7cd-9] WARN  ratis.XceiverServerRatis (XceiverServerRatis.java:triggerPipelineClose(767)) - pipeline Action CLOSE on pipeline Pipeline-ba8f49ac-c35b-4342-9840-c8b3a767d7cd.Reason : Ratis Transaction failure in datanode af0e5da1-57af-45e9-9aca-fa0798d05628 with role LEADER .Triggering pipeline close action.
2025-10-20 19:51:45,807 [c90bff1f-5a1f-42c6-8fca-9533d718c79a-ContainerOp-ba8f49ac-c35b-4342-9840-c8b3a767d7cd-2] INFO  impl.HddsDispatcher (HddsDispatcher.java:dispatchRequest(412)) - Marked Container UNHEALTHY, ContainerID: 15
2025-10-20 19:51:45,808 | ERROR | DNAudit | user=null | ip=null | op=FINALIZE_BLOCK {"blockData":"conID: 15 locID: 115816896921600451 bcsId: 0 replicaIndex: null"} | ret=FAILURE | 
java.lang.Exception: Unable to find the block. BlockID : conID: 15 locID: 115816896921600451 bcsId: 0 replicaIndex: null
	at org.apache.hadoop.ozone.container.common.impl.HddsDispatcher.dispatchRequest(HddsDispatcher.java:440)
	at org.apache.hadoop.ozone.container.common.impl.HddsDispatcher.lambda$dispatch$1(HddsDispatcher.java:190)
 
2025-10-20 19:51:45,808 [FixedThreadPoolWithAffinityExecutor-1-0] INFO  container.IncrementalContainerReportHandler (AbstractContainerReportHandler.java:updateContainerState(253)) - FINALIZE (i.e. CLOSING) Container #15 (OPEN, sid=0) r0 (UNHEALTHY, bcsid=123, origin=af0e5da1-57af-45e9-9aca-fa0798d05628, non-empty) from dn af0e5da1-57af-45e9-9aca-fa0798d05628(localhost/127.0.0.1)
2025-10-20 19:51:45,808 [c90bff1f-5a1f-42c6-8fca-9533d718c79a-ContainerOp-ba8f49ac-c35b-4342-9840-c8b3a767d7cd-2] ERROR ratis.ContainerStateMachine (ContainerStateMachine.java:lambda$applyTransaction$11(1163)) - gid group-C8B3A767D7CD : ApplyTransaction failed. cmd FinalizeBlock logIndex 127 msg : Unable to find the block. BlockID : conID: 15 locID: 115816896921600451 bcsId: 0 replicaIndex: null Container Result: NO_SUCH_BLOCK
2025-10-20 19:51:45,808 [c90bff1f-5a1f-42c6-8fca-9533d718c79a-ContainerOp-ba8f49ac-c35b-4342-9840-c8b3a767d7cd-2] ERROR impl.StateMachineUpdater (StateMachineUpdater.java:lambda$applyLog$3(259)) - Exception while c90bff1f-5a1f-42c6-8fca-9533d718c79a@group-C8B3A767D7CD-StateMachineUpdater: applying txn index=127, nextLog=(t:1, i:127), STATEMACHINELOGENTRY, WRITE: logData.size=104, stateMachineData.size=0, logEntryProtoSerializedSize=0
java.util.concurrent.CompletionException: org.apache.hadoop.hdds.scm.container.common.helpers.StorageContainerException: Unable to find the block. BlockID : conID: 15 locID: 115816896921600451 bcsId: 0 replicaIndex: null
	at java.base/java.util.concurrent.CompletableFuture.encodeThrowable(CompletableFuture.java:332)
	at java.base/java.util.concurrent.CompletableFuture.completeThrowable(CompletableFuture.java:347)
	at java.base/java.util.concurrent.CompletableFuture.uniWhenComplete(CompletableFuture.java:874)
	at java.base/java.util.concurrent.CompletableFuture$UniWhenComplete.tryFire(CompletableFuture.java:841)
	at java.base/java.util.concurrent.CompletableFuture.postComplete(CompletableFuture.java:510)
	at java.base/java.util.concurrent.CompletableFuture.completeExceptionally(CompletableFuture.java:2194)
	at org.apache.hadoop.ozone.container.common.transport.server.ratis.ContainerStateMachine.lambda$applyTransaction$11(ContainerStateMachine.java:1172)
	at java.base/java.util.concurrent.CompletableFuture$UniApply.tryFire(CompletableFuture.java:646)
	at java.base/java.util.concurrent.CompletableFuture.postComplete(CompletableFuture.java:510)
	at java.base/java.util.concurrent.CompletableFuture.complete(CompletableFuture.java:2179)
	at org.apache.ratis.util.TaskQueue.lambda$submit$0(TaskQueue.java:133)
	at org.apache.ratis.util.LogUtils.runAndLog(LogUtils.java:38)
	at org.apache.ratis.util.LogUtils$1.run(LogUtils.java:78)
	at java.base/java.util.concurrent.Executors$RunnableAdapter.call(Executors.java:572)
	at java.base/java.util.concurrent.FutureTask.run(FutureTask.java:317)
	at java.base/java.util.concurrent.ThreadPoolExecutor.runWorker(ThreadPoolExecutor.java:1144)
	at java.base/java.util.concurrent.ThreadPoolExecutor$Worker.run(ThreadPoolExecutor.java:642)
	at java.base/java.lang.Thread.run(Thread.java:1583)
Caused by: org.apache.hadoop.hdds.scm.container.common.helpers.StorageContainerException: Unable to find the block. BlockID : conID: 15 locID: 115816896921600451 bcsId: 0 replicaIndex: null
	at org.apache.hadoop.ozone.container.common.transport.server.ratis.ContainerStateMachine.lambda$applyTransaction$11(ContainerStateMachine.java:1162)
	... 11 more
2025-10-20 19:51:45,808 [c90bff1f-5a1f-42c6-8fca-9533d718c79a-ContainerOp-ba8f49ac-c35b-4342-9840-c8b3a767d7cd-2] WARN  ratis.XceiverServerRatis (XceiverServerRatis.java:triggerPipelineClose(767)) - pipeline Action CLOSE on pipeline Pipeline-ba8f49ac-c35b-4342-9840-c8b3a767d7cd.Reason : Ratis Transaction failure in datanode c90bff1f-5a1f-42c6-8fca-9533d718c79a with role FOLLOWER .Triggering pipeline close action.
2025-10-20 19:51:45,809 | INFO  | SCMAudit | user=runner | ip=127.0.0.1 | op=SEND_HEARTBEAT {"datanodeUUID":"af0e5da1-57af-45e9-9aca-fa0798d05628","term":"2","command":"[]"} | ret=SUCCESS |  
2025-10-20 19:51:45,809 | INFO  | SCMAudit | user=runner | ip=127.0.0.1 | op=SEND_HEARTBEAT {"datanodeUUID":"c90bff1f-5a1f-42c6-8fca-9533d718c79a","term":"2","command":"[]"} | ret=SUCCESS |  
2025-10-20 19:51:45,810 | ERROR | ContainerLog | ID=15 | Index=0 | BCSID=123 | State=UNHEALTHY | Volume=/home/runner/work/ozone/ozone/hadoop-ozone/integration-test/target/test-dir/MiniOzoneClusterImpl-6935df51-69ff-4c35-8bd4-ed2b81d70e54/ozone-metadata/datanode-6/data-0/hdds | DataChecksum=a8cec950 | Container has 1 error: WRITE_FAILURE for file /home/runner/work/ozone/ozone/hadoop-ozone/integration-test/target/test-dir/MiniOzoneClusterImpl-6935df51-69ff-4c35-8bd4-ed2b81d70e54/ozone-metadata/datanode-6/data-0/hdds/6935df51-69ff-4c35-8bd4-ed2b81d70e54/current/containerDir0/15 with exception: org.apache.hadoop.hdds.scm.container.common.helpers.StorageContainerException |  
2025-10-20 19:51:45,810 [b614738c-cdff-4f09-bf59-ed5bb75d51be-ContainerOp-ba8f49ac-c35b-4342-9840-c8b3a767d7cd-7] INFO  impl.HddsDispatcher (HddsDispatcher.java:dispatchRequest(412)) - Marked Container UNHEALTHY, ContainerID: 15
2025-10-20 19:51:45,810 | ERROR | DNAudit | user=null | ip=null | op=FINALIZE_BLOCK {"blockData":"conID: 15 locID: 115816896921600451 bcsId: 0 replicaIndex: null"} | ret=FAILURE | 
java.lang.Exception: Unable to find the block. BlockID : conID: 15 locID: 115816896921600451 bcsId: 0 replicaIndex: null
	at org.apache.hadoop.ozone.container.common.impl.HddsDispatcher.dispatchRequest(HddsDispatcher.java:440)
	at org.apache.hadoop.ozone.container.common.impl.HddsDispatcher.lambda$dispatch$1(HddsDispatcher.java:190)
 
2025-10-20 19:51:45,811 | INFO  | SCMAudit | user=runner | ip=127.0.0.1 | op=SEND_HEARTBEAT {"datanodeUUID":"c90bff1f-5a1f-42c6-8fca-9533d718c79a","term":"2","command":"[]"} | ret=SUCCESS |  
2025-10-20 19:51:45,811 [EventQueue-PipelineActionsForPipelineActionHandler] INFO  pipeline.PipelineActionHandler (PipelineActionHandler.java:processPipelineAction(89)) - Received pipeline action CLOSE for Pipeline-ba8f49ac-c35b-4342-9840-c8b3a767d7cd from datanode c90bff1f-5a1f-42c6-8fca-9533d718c79a(localhost/127.0.0.1). Reason : Ratis Transaction failure in datanode c90bff1f-5a1f-42c6-8fca-9533d718c79a with role FOLLOWER .Triggering pipeline close action.
2025-10-20 19:51:45,811 [b614738c-cdff-4f09-bf59-ed5bb75d51be-ContainerOp-ba8f49ac-c35b-4342-9840-c8b3a767d7cd-7] ERROR ratis.ContainerStateMachine (ContainerStateMachine.java:lambda$applyTransaction$11(1163)) - gid group-C8B3A767D7CD : ApplyTransaction failed. cmd FinalizeBlock logIndex 127 msg : Unable to find the block. BlockID : conID: 15 locID: 115816896921600451 bcsId: 0 replicaIndex: null Container Result: NO_SUCH_BLOCK
2025-10-20 19:51:45,812 | INFO  | SCMAudit | user=runner | ip=127.0.0.1 | op=SEND_HEARTBEAT {"datanodeUUID":"b614738c-cdff-4f09-bf59-ed5bb75d51be","term":"2","command":"[]"} | ret=SUCCESS |  
2025-10-20 19:51:45,812 [b614738c-cdff-4f09-bf59-ed5bb75d51be-ContainerOp-ba8f49ac-c35b-4342-9840-c8b3a767d7cd-7] ERROR impl.StateMachineUpdater (StateMachineUpdater.java:lambda$applyLog$3(259)) - Exception while b614738c-cdff-4f09-bf59-ed5bb75d51be@group-C8B3A767D7CD-StateMachineUpdater: applying txn index=127, nextLog=(t:1, i:127), STATEMACHINELOGENTRY, WRITE: logData.size=104, stateMachineData.size=0, logEntryProtoSerializedSize=0
java.util.concurrent.CompletionException: org.apache.hadoop.hdds.scm.container.common.helpers.StorageContainerException: Unable to find the block. BlockID : conID: 15 locID: 115816896921600451 bcsId: 0 replicaIndex: null
	at java.base/java.util.concurrent.CompletableFuture.encodeThrowable(CompletableFuture.java:332)
	at java.base/java.util.concurrent.CompletableFuture.completeThrowable(CompletableFuture.java:347)
	at java.base/java.util.concurrent.CompletableFuture.uniWhenComplete(CompletableFuture.java:874)
	at java.base/java.util.concurrent.CompletableFuture$UniWhenComplete.tryFire(CompletableFuture.java:841)
	at java.base/java.util.concurrent.CompletableFuture.postComplete(CompletableFuture.java:510)
	at java.base/java.util.concurrent.CompletableFuture.completeExceptionally(CompletableFuture.java:2194)
	at org.apache.hadoop.ozone.container.common.transport.server.ratis.ContainerStateMachine.lambda$applyTransaction$11(ContainerStateMachine.java:1172)
	at java.base/java.util.concurrent.CompletableFuture$UniApply.tryFire(CompletableFuture.java:646)
	at java.base/java.util.concurrent.CompletableFuture.postComplete(CompletableFuture.java:510)
	at java.base/java.util.concurrent.CompletableFuture.complete(CompletableFuture.java:2179)
	at org.apache.ratis.util.TaskQueue.lambda$submit$0(TaskQueue.java:133)
	at org.apache.ratis.util.LogUtils.runAndLog(LogUtils.java:38)
	at org.apache.ratis.util.LogUtils$1.run(LogUtils.java:78)
	at java.base/java.util.concurrent.Executors$RunnableAdapter.call(Executors.java:572)
	at java.base/java.util.concurrent.FutureTask.run(FutureTask.java:317)
	at java.base/java.util.concurrent.ThreadPoolExecutor.runWorker(ThreadPoolExecutor.java:1144)
	at java.base/java.util.concurrent.ThreadPoolExecutor$Worker.run(ThreadPoolExecutor.java:642)
	at java.base/java.lang.Thread.run(Thread.java:1583)
Caused by: org.apache.hadoop.hdds.scm.container.common.helpers.StorageContainerException: Unable to find the block. BlockID : conID: 15 locID: 115816896921600451 bcsId: 0 replicaIndex: null
	at org.apache.hadoop.ozone.container.common.transport.server.ratis.ContainerStateMachine.lambda$applyTransaction$11(ContainerStateMachine.java:1162)
	... 11 more
2025-10-20 19:51:45,814 [b614738c-cdff-4f09-bf59-ed5bb75d51be-ContainerOp-ba8f49ac-c35b-4342-9840-c8b3a767d7cd-7] WARN  ratis.XceiverServerRatis (XceiverServerRatis.java:triggerPipelineClose(767)) - pipeline Action CLOSE on pipeline Pipeline-ba8f49ac-c35b-4342-9840-c8b3a767d7cd.Reason : Ratis Transaction failure in datanode b614738c-cdff-4f09-bf59-ed5bb75d51be with role FOLLOWER .Triggering pipeline close action.
2025-10-20 19:51:45,811 [EventQueue-CloseContainerForCloseContainerEventHandler] INFO  container.CloseContainerEventHandler (CloseContainerEventHandler.java:onMessage(88)) - Close container Event triggered for container : #15, current state: CLOSING
2025-10-20 19:51:45,814 [EventQueue-CloseContainerForCloseContainerEventHandler] INFO  container.CloseContainerEventHandler (CloseContainerEventHandler.java:onMessage(88)) - Close container Event triggered for container : #15, current state: CLOSING
2025-10-20 19:51:45,814 [EventQueue-CloseContainerForCloseContainerEventHandler] INFO  container.CloseContainerEventHandler (CloseContainerEventHandler.java:onMessage(88)) - Close container Event triggered for container : #15, current state: CLOSING
2025-10-20 19:51:45,814 | INFO  | SCMAudit | user=runner | ip=127.0.0.1 | op=SEND_HEARTBEAT {"datanodeUUID":"b614738c-cdff-4f09-bf59-ed5bb75d51be","term":"2","command":"[]"} | ret=SUCCESS |  
2025-10-20 19:51:45,813 [grpc-default-executor-5] ERROR impl.OrderedAsync (OrderedAsync.java:lambda$send$4(181)) - Failed to send request, message=cmdType: FinalizeBlock traceID: "" containerID: 15 datanodeUuid: "af0e5da1-57af-45e9-9aca-fa0798d05628" encodedToken: "VAoGcnVubmVyEiNjb25JRDogMTUgbG9jSUQ6IDExNTgxNjg5NjkyMTYwMDQ1MRj6vs_CoDMoASgCMICAgAI6FQiMhvXspbPauxgQu-Ce3fTuw-KxASB-g4rD9CLSzzbyM9C2jR53PtmFhm8HcBfwVKDZzSzLZBBIRERTX0JMT0NLX1RPS0VOJmNvbklEOiAxNSBsb2NJRDogMTE1ODE2ODk2OTIxNjAwNDUxAAAA" version: 3 finalizeBlock { blockID { containerID: 15 localID: 115816896921600451 blockCommitSequenceId: 0 } }, data.size=0
java.util.concurrent.CompletionException: org.apache.ratis.protocol.exceptions.StateMachineException: org.apache.hadoop.hdds.scm.container.common.helpers.StorageContainerException: Unable to find the block. BlockID : conID: 15 locID: 115816896921600451 bcsId: 0 replicaIndex: null
	at org.apache.ratis.client.impl.RaftClientImpl.handleRaftException(RaftClientImpl.java:373)
	at org.apache.ratis.client.impl.OrderedAsync.lambda$send$3(OrderedAsync.java:175)
	at java.base/java.util.concurrent.CompletableFuture$UniApply.tryFire(CompletableFuture.java:646)
	at java.base/java.util.concurrent.CompletableFuture.postComplete(CompletableFuture.java:510)
	at java.base/java.util.concurrent.CompletableFuture.complete(CompletableFuture.java:2179)
	at org.apache.ratis.client.impl.OrderedAsync$PendingOrderedRequest.setReply(OrderedAsync.java:105)
	at org.apache.ratis.client.impl.OrderedAsync$PendingOrderedRequest.setReply(OrderedAsync.java:66)
	at org.apache.ratis.util.SlidingWindow$RequestMap.setReply(SlidingWindow.java:147)
	at org.apache.ratis.util.SlidingWindow$Client.receiveReply(SlidingWindow.java:351)
	at org.apache.ratis.client.impl.OrderedAsync.lambda$sendRequestWithRetry$5(OrderedAsync.java:210)
	at java.base/java.util.concurrent.CompletableFuture$UniAccept.tryFire(CompletableFuture.java:718)
	at java.base/java.util.concurrent.CompletableFuture.postComplete(CompletableFuture.java:510)
	at java.base/java.util.concurrent.CompletableFuture.complete(CompletableFuture.java:2179)
	at org.apache.ratis.grpc.client.GrpcClientProtocolClient$AsyncStreamObservers$1.lambda$onNext$0(GrpcClientProtocolClient.java:325)
	at java.base/java.util.Optional.ifPresent(Optional.java:178)
	at org.apache.ratis.grpc.client.GrpcClientProtocolClient$AsyncStreamObservers.handleReplyFuture(GrpcClientProtocolClient.java:381)
	at org.apache.ratis.grpc.client.GrpcClientProtocolClient$AsyncStreamObservers.access$100(GrpcClientProtocolClient.java:303)
	at org.apache.ratis.grpc.client.GrpcClientProtocolClient$AsyncStreamObservers$1.onNext(GrpcClientProtocolClient.java:325)
	at org.apache.ratis.grpc.client.GrpcClientProtocolClient$AsyncStreamObservers$1.onNext(GrpcClientProtocolClient.java:308)
	at org.apache.ratis.thirdparty.io.grpc.stub.ClientCalls$StreamObserverToCallListenerAdapter.onMessage(ClientCalls.java:551)
	at org.apache.ratis.thirdparty.io.grpc.ForwardingClientCallListener.onMessage(ForwardingClientCallListener.java:33)
	at org.apache.ratis.thirdparty.io.grpc.internal.ClientCallImpl$ClientStreamListenerImpl$1MessagesAvailable.runInternal(ClientCallImpl.java:661)
	at org.apache.ratis.thirdparty.io.grpc.internal.ClientCallImpl$ClientStreamListenerImpl$1MessagesAvailable.runInContext(ClientCallImpl.java:648)
	at org.apache.ratis.thirdparty.io.grpc.internal.ContextRunnable.run(ContextRunnable.java:37)
	at org.apache.ratis.thirdparty.io.grpc.internal.SerializingExecutor.run(SerializingExecutor.java:133)
	at java.base/java.util.concurrent.ThreadPoolExecutor.runWorker(ThreadPoolExecutor.java:1144)
	at java.base/java.util.concurrent.ThreadPoolExecutor$Worker.run(ThreadPoolExecutor.java:642)
	at java.base/java.lang.Thread.run(Thread.java:1583)
Caused by: org.apache.ratis.protocol.exceptions.StateMachineException: org.apache.hadoop.hdds.scm.container.common.helpers.StorageContainerException: Unable to find the block. BlockID : conID: 15 locID: 115816896921600451 bcsId: 0 replicaIndex: null
	at org.apache.hadoop.ozone.container.common.transport.server.ratis.ContainerStateMachine.lambda$applyTransaction$11(ContainerStateMachine.java:1162)
	at java.base/java.util.concurrent.CompletableFuture$UniApply.tryFire(CompletableFuture.java:646)
	at java.base/java.util.concurrent.CompletableFuture.postComplete(CompletableFuture.java:510)
	at java.base/java.util.concurrent.CompletableFuture.complete(CompletableFuture.java:2179)
	at org.apache.ratis.util.TaskQueue.lambda$submit$0(TaskQueue.java:133)
	at org.apache.ratis.util.LogUtils.runAndLog(LogUtils.java:38)
	at org.apache.ratis.util.LogUtils$1.run(LogUtils.java:78)
	at java.base/java.util.concurrent.Executors$RunnableAdapter.call(Executors.java:572)
	at java.base/java.util.concurrent.FutureTask.run(FutureTask.java:317)
	... 3 more
2025-10-20 19:51:45,816 | INFO  | SCMAudit | user=runner | ip=127.0.0.1 | op=SEND_HEARTBEAT {"datanodeUUID":"af0e5da1-57af-45e9-9aca-fa0798d05628","term":"2","command":"[]"} | ret=SUCCESS |  
2025-10-20 19:51:45,815 [ForkJoinPool-1-worker-1] WARN  ozone.BasicRootedOzoneClientAdapterImpl (BasicRootedOzoneClientAdapterImpl.java:finalizeBlock(1489)) - Failed to execute finalizeBlock command
java.io.IOException: Failed to execute command cmdType: FinalizeBlock containerID: 15 datanodeUuid: "af0e5da1-57af-45e9-9aca-fa0798d05628" encodedToken: "VAoGcnVubmVyEiNjb25JRDogMTUgbG9jSUQ6IDExNTgxNjg5NjkyMTYwMDQ1MRj6vs_CoDMoASgCMICAgAI6FQiMhvXspbPauxgQu-Ce3fTuw-KxASB-g4rD9CLSzzbyM9C2jR53PtmFhm8HcBfwVKDZzSzLZBBIRERTX0JMT0NLX1RPS0VOJmNvbklEOiAxNSBsb2NJRDogMTE1ODE2ODk2OTIxNjAwNDUxAAAA" finalizeBlock { blockID { containerID: 15 localID: 115816896921600451 blockCommitSequenceId: 0 } }
	at org.apache.hadoop.hdds.scm.XceiverClientSpi.getIOExceptionForSendCommand(XceiverClientSpi.java:150)
	at org.apache.hadoop.hdds.scm.XceiverClientSpi.sendCommand(XceiverClientSpi.java:143)
	at org.apache.hadoop.hdds.scm.storage.ContainerProtocolCalls.finalizeBlock(ContainerProtocolCalls.java:322)
	at org.apache.hadoop.fs.ozone.BasicRootedOzoneClientAdapterImpl.finalizeBlock(BasicRootedOzoneClientAdapterImpl.java:1484)
	at org.apache.hadoop.fs.ozone.LeaseRecoveryClientDNHandler.getOmKeyLocationInfos(LeaseRecoveryClientDNHandler.java:81)
	at org.apache.hadoop.fs.ozone.RootedOzoneFileSystem.recoverLeaseTraced(RootedOzoneFileSystem.java:165)
	at org.apache.hadoop.fs.ozone.RootedOzoneFileSystem.lambda$recoverLease$0(RootedOzoneFileSystem.java:143)
	at org.apache.hadoop.hdds.tracing.TracingUtil.executeInSpan(TracingUtil.java:205)
	at org.apache.hadoop.hdds.tracing.TracingUtil.executeInNewSpan(TracingUtil.java:195)
	at org.apache.hadoop.fs.ozone.RootedOzoneFileSystem.recoverLease(RootedOzoneFileSystem.java:142)
	at org.apache.hadoop.ozone.client.rpc.TestSecureOzoneRpcClient.testPreallocateFileRecovery(TestSecureOzoneRpcClient.java:305)
	at java.base/jdk.internal.reflect.DirectMethodHandleAccessor.invoke(DirectMethodHandleAccessor.java:103)
	at java.base/java.lang.reflect.Method.invoke(Method.java:580)
	at org.junit.platform.commons.util.ReflectionUtils.invokeMethod(ReflectionUtils.java:786)
	at org.junit.platform.commons.support.ReflectionSupport.invokeMethod(ReflectionSupport.java:514)
	at org.junit.jupiter.engine.execution.MethodInvocation.proceed(MethodInvocation.java:60)
	at org.junit.jupiter.engine.execution.InvocationInterceptorChain$ValidatingInvocation.proceed(InvocationInterceptorChain.java:131)
	at org.junit.jupiter.engine.extension.SameThreadTimeoutInvocation.proceed(SameThreadTimeoutInvocation.java:49)
	at org.junit.jupiter.engine.extension.TimeoutExtension.intercept(TimeoutExtension.java:161)
	at org.junit.jupiter.engine.extension.TimeoutExtension.interceptTestableMethod(TimeoutExtension.java:152)
	at org.junit.jupiter.engine.extension.TimeoutExtension.interceptTestTemplateMethod(TimeoutExtension.java:99)
	at org.junit.jupiter.engine.execution.InterceptingExecutableInvoker$ReflectiveInterceptorCall.lambda$ofVoidMethod$0(InterceptingExecutableInvoker.java:112)
	at org.junit.jupiter.engine.execution.InterceptingExecutableInvoker.lambda$invoke$0(InterceptingExecutableInvoker.java:94)
	at org.junit.jupiter.engine.execution.InvocationInterceptorChain$InterceptedInvocation.proceed(InvocationInterceptorChain.java:106)
	at org.junit.jupiter.engine.execution.InvocationInterceptorChain.proceed(InvocationInterceptorChain.java:64)
	at org.junit.jupiter.engine.execution.InvocationInterceptorChain.chainAndInvoke(InvocationInterceptorChain.java:45)
	at org.junit.jupiter.engine.execution.InvocationInterceptorChain.invoke(InvocationInterceptorChain.java:37)
	at org.junit.jupiter.engine.execution.InterceptingExecutableInvoker.invoke(InterceptingExecutableInvoker.java:93)
	at org.junit.jupiter.engine.execution.InterceptingExecutableInvoker.invoke(InterceptingExecutableInvoker.java:87)
	at org.junit.jupiter.engine.descriptor.TestMethodTestDescriptor.lambda$invokeTestMethod$4(TestMethodTestDescriptor.java:221)
	at org.junit.platform.engine.support.hierarchical.ThrowableCollector.execute(ThrowableCollector.java:73)
	at org.junit.jupiter.engine.descriptor.TestMethodTestDescriptor.invokeTestMethod(TestMethodTestDescriptor.java:217)
	at org.junit.jupiter.engine.descriptor.TestMethodTestDescriptor.execute(TestMethodTestDescriptor.java:159)
	at org.junit.jupiter.engine.descriptor.TestMethodTestDescriptor.execute(TestMethodTestDescriptor.java:70)
	at org.junit.platform.engine.support.hierarchical.NodeTestTask.lambda$executeRecursively$6(NodeTestTask.java:157)
	at org.junit.platform.engine.support.hierarchical.ThrowableCollector.execute(ThrowableCollector.java:73)
	at org.junit.platform.engine.support.hierarchical.NodeTestTask.lambda$executeRecursively$8(NodeTestTask.java:147)
	at org.junit.platform.engine.support.hierarchical.Node.around(Node.java:137)
	at org.junit.platform.engine.support.hierarchical.NodeTestTask.lambda$executeRecursively$9(NodeTestTask.java:145)
	at org.junit.platform.engine.support.hierarchical.ThrowableCollector.execute(ThrowableCollector.java:73)
	at org.junit.platform.engine.support.hierarchical.NodeTestTask.executeRecursively(NodeTestTask.java:144)
	at org.junit.platform.engine.support.hierarchical.NodeTestTask.execute(NodeTestTask.java:101)
	at org.junit.platform.engine.support.hierarchical.ForkJoinPoolHierarchicalTestExecutorService$ExclusiveTask.exec(ForkJoinPoolHierarchicalTestExecutorService.java:274)
	at org.junit.platform.engine.support.hierarchical.ForkJoinPoolHierarchicalTestExecutorService$ExclusiveTask.execSync(ForkJoinPoolHierarchicalTestExecutorService.java:247)
	at org.junit.platform.engine.support.hierarchical.ForkJoinPoolHierarchicalTestExecutorService.submit(ForkJoinPoolHierarchicalTestExecutorService.java:148)
	at org.junit.platform.engine.support.hierarchical.NodeTestTask$DefaultDynamicTestExecutor.execute(NodeTestTask.java:232)
	at org.junit.platform.engine.support.hierarchical.NodeTestTask$DefaultDynamicTestExecutor.execute(NodeTestTask.java:210)
	at org.junit.jupiter.engine.descriptor.TemplateExecutor.execute(TemplateExecutor.java:98)
	at org.junit.jupiter.engine.descriptor.TemplateExecutor.lambda$executeForProvider$0(TemplateExecutor.java:61)
	at java.base/java.util.Optional.ifPresent(Optional.java:178)
	at org.junit.jupiter.engine.descriptor.TemplateExecutor.lambda$executeForProvider$1(TemplateExecutor.java:61)
	at java.base/java.util.stream.ForEachOps$ForEachOp$OfRef.accept(ForEachOps.java:184)
	at java.base/java.util.stream.ReferencePipeline$3$1.accept(ReferencePipeline.java:197)
	at java.base/java.util.stream.ForEachOps$ForEachOp$OfRef.accept(ForEachOps.java:184)
	at java.base/java.util.stream.ForEachOps$ForEachOp$OfRef.accept(ForEachOps.java:184)
	at java.base/java.util.stream.ReferencePipeline$3$1.accept(ReferencePipeline.java:197)
	at java.base/java.util.Spliterators$ArraySpliterator.forEachRemaining(Spliterators.java:1024)
	at java.base/java.util.stream.AbstractPipeline.copyInto(AbstractPipeline.java:509)
	at java.base/java.util.stream.AbstractPipeline.wrapAndCopyInto(AbstractPipeline.java:499)
	at java.base/java.util.stream.ForEachOps$ForEachOp.evaluateSequential(ForEachOps.java:151)
	at java.base/java.util.stream.ForEachOps$ForEachOp$OfRef.evaluateSequential(ForEachOps.java:174)
	at java.base/java.util.stream.AbstractPipeline.evaluate(AbstractPipeline.java:234)
	at java.base/java.util.stream.ReferencePipeline.forEach(ReferencePipeline.java:596)
	at java.base/java.util.stream.ReferencePipeline$7$1.accept(ReferencePipeline.java:276)
	at java.base/java.util.ArrayList$ArrayListSpliterator.forEachRemaining(ArrayList.java:1708)
	at java.base/java.util.stream.AbstractPipeline.copyInto(AbstractPipeline.java:509)
	at java.base/java.util.stream.AbstractPipeline.wrapAndCopyInto(AbstractPipeline.java:499)
	at java.base/java.util.stream.ForEachOps$ForEachOp.evaluateSequential(ForEachOps.java:151)
	at java.base/java.util.stream.ForEachOps$ForEachOp$OfRef.evaluateSequential(ForEachOps.java:174)
	at java.base/java.util.stream.AbstractPipeline.evaluate(AbstractPipeline.java:234)
	at java.base/java.util.stream.ReferencePipeline.forEach(ReferencePipeline.java:596)
	at java.base/java.util.stream.ReferencePipeline$7$1.accept(ReferencePipeline.java:276)
	at java.base/java.util.stream.ReferencePipeline$3$1.accept(ReferencePipeline.java:197)
	at java.base/java.util.stream.ReferencePipeline$3$1.accept(ReferencePipeline.java:197)
	at java.base/java.util.stream.ReferencePipeline$3$1.accept(ReferencePipeline.java:197)
	at java.base/java.util.ArrayList$ArrayListSpliterator.forEachRemaining(ArrayList.java:1708)
	at java.base/java.util.stream.AbstractPipeline.copyInto(AbstractPipeline.java:509)
	at java.base/java.util.stream.AbstractPipeline.wrapAndCopyInto(AbstractPipeline.java:499)
	at java.base/java.util.stream.ForEachOps$ForEachOp.evaluateSequential(ForEachOps.java:151)
	at java.base/java.util.stream.ForEachOps$ForEachOp$OfRef.evaluateSequential(ForEachOps.java:174)
	at java.base/java.util.stream.AbstractPipeline.evaluate(AbstractPipeline.java:234)
	at java.base/java.util.stream.ReferencePipeline.forEach(ReferencePipeline.java:596)
	at org.junit.jupiter.engine.descriptor.TemplateExecutor.executeForProvider(TemplateExecutor.java:59)
	at org.junit.jupiter.engine.descriptor.TemplateExecutor.execute(TemplateExecutor.java:48)
	at org.junit.jupiter.engine.descriptor.TestTemplateTestDescriptor.execute(TestTemplateTestDescriptor.java:112)
	at org.junit.jupiter.engine.descriptor.TestTemplateTestDescriptor.execute(TestTemplateTestDescriptor.java:40)
	at org.junit.platform.engine.support.hierarchical.NodeTestTask.lambda$executeRecursively$6(NodeTestTask.java:157)
	at org.junit.platform.engine.support.hierarchical.ThrowableCollector.execute(ThrowableCollector.java:73)
	at org.junit.platform.engine.support.hierarchical.NodeTestTask.lambda$executeRecursively$8(NodeTestTask.java:147)
	at org.junit.platform.engine.support.hierarchical.Node.around(Node.java:137)
	at org.junit.platform.engine.support.hierarchical.NodeTestTask.lambda$executeRecursively$9(NodeTestTask.java:145)
	at org.junit.platform.engine.support.hierarchical.ThrowableCollector.execute(ThrowableCollector.java:73)
	at org.junit.platform.engine.support.hierarchical.NodeTestTask.executeRecursively(NodeTestTask.java:144)
	at org.junit.platform.engine.support.hierarchical.NodeTestTask.execute(NodeTestTask.java:101)
	at org.junit.platform.engine.support.hierarchical.ForkJoinPoolHierarchicalTestExecutorService$ExclusiveTask.exec(ForkJoinPoolHierarchicalTestExecutorService.java:274)
	at org.junit.platform.engine.support.hierarchical.ForkJoinPoolHierarchicalTestExecutorService$ExclusiveTask.execSync(ForkJoinPoolHierarchicalTestExecutorService.java:247)
	at org.junit.platform.engine.support.hierarchical.ForkJoinPoolHierarchicalTestExecutorService.executeSync(ForkJoinPoolHierarchicalTestExecutorService.java:194)
	at org.junit.platform.engine.support.hierarchical.ForkJoinPoolHierarchicalTestExecutorService.invokeAll(ForkJoinPoolHierarchicalTestExecutorService.java:166)
	at org.junit.platform.engine.support.hierarchical.NodeTestTask.lambda$executeRecursively$6(NodeTestTask.java:161)
	at org.junit.platform.engine.support.hierarchical.ThrowableCollector.execute(ThrowableCollector.java:73)
	at org.junit.platform.engine.support.hierarchical.NodeTestTask.lambda$executeRecursively$8(NodeTestTask.java:147)
	at org.junit.platform.engine.support.hierarchical.Node.around(Node.java:137)
	at org.junit.platform.engine.support.hierarchical.NodeTestTask.lambda$executeRecursively$9(NodeTestTask.java:145)
	at org.junit.platform.engine.support.hierarchical.ThrowableCollector.execute(ThrowableCollector.java:73)
	at org.junit.platform.engine.support.hierarchical.NodeTestTask.executeRecursively(NodeTestTask.java:144)
	at org.junit.platform.engine.support.hierarchical.NodeTestTask.execute(NodeTestTask.java:101)
	at org.junit.platform.engine.support.hierarchical.ForkJoinPoolHierarchicalTestExecutorService$ExclusiveTask.exec(ForkJoinPoolHierarchicalTestExecutorService.java:274)
	at org.junit.platform.engine.support.hierarchical.ForkJoinPoolHierarchicalTestExecutorService$ExclusiveTask.execSync(ForkJoinPoolHierarchicalTestExecutorService.java:247)
	at org.junit.platform.engine.support.hierarchical.ForkJoinPoolHierarchicalTestExecutorService.invokeAll(ForkJoinPoolHierarchicalTestExecutorService.java:159)
	at org.junit.platform.engine.support.hierarchical.NodeTestTask.lambda$executeRecursively$6(NodeTestTask.java:161)
	at org.junit.platform.engine.support.hierarchical.ThrowableCollector.execute(ThrowableCollector.java:73)
	at org.junit.platform.engine.support.hierarchical.NodeTestTask.lambda$executeRecursively$8(NodeTestTask.java:147)
	at org.junit.platform.engine.support.hierarchical.Node.around(Node.java:137)
	at org.junit.platform.engine.support.hierarchical.NodeTestTask.lambda$executeRecursively$9(NodeTestTask.java:145)
	at org.junit.platform.engine.support.hierarchical.ThrowableCollector.execute(ThrowableCollector.java:73)
	at org.junit.platform.engine.support.hierarchical.NodeTestTask.executeRecursively(NodeTestTask.java:144)
	at org.junit.platform.engine.support.hierarchical.NodeTestTask.execute(NodeTestTask.java:101)
	at org.junit.platform.engine.support.hierarchical.ForkJoinPoolHierarchicalTestExecutorService$ExclusiveTask.exec(ForkJoinPoolHierarchicalTestExecutorService.java:274)
	at java.base/java.util.concurrent.ForkJoinTask.doExec(ForkJoinTask.java:387)
	at java.base/java.util.concurrent.ForkJoinPool$WorkQueue.topLevelExec(ForkJoinPool.java:1312)
	at java.base/java.util.concurrent.ForkJoinPool.scan(ForkJoinPool.java:1843)
	at java.base/java.util.concurrent.ForkJoinPool.runWorker(ForkJoinPool.java:1808)
	at java.base/java.util.concurrent.ForkJoinWorkerThread.run(ForkJoinWorkerThread.java:188)
Caused by: java.util.concurrent.ExecutionException: org.apache.ratis.protocol.exceptions.StateMachineException: org.apache.hadoop.hdds.scm.container.common.helpers.StorageContainerException: Unable to find the block. BlockID : conID: 15 locID: 115816896921600451 bcsId: 0 replicaIndex: null
	at java.base/java.util.concurrent.CompletableFuture.reportGet(CompletableFuture.java:396)
	at java.base/java.util.concurrent.CompletableFuture.get(CompletableFuture.java:2073)
	at org.apache.hadoop.hdds.scm.XceiverClientSpi.sendCommand(XceiverClientSpi.java:133)
	... 121 more
Caused by: org.apache.ratis.protocol.exceptions.StateMachineException: org.apache.hadoop.hdds.scm.container.common.helpers.StorageContainerException: Unable to find the block. BlockID : conID: 15 locID: 115816896921600451 bcsId: 0 replicaIndex: null
	at org.apache.hadoop.ozone.container.common.transport.server.ratis.ContainerStateMachine.lambda$applyTransaction$11(ContainerStateMachine.java:1162)
	at java.base/java.util.concurrent.CompletableFuture$UniApply.tryFire(CompletableFuture.java:646)
	at java.base/java.util.concurrent.CompletableFuture.postComplete(CompletableFuture.java:510)
	at java.base/java.util.concurrent.CompletableFuture.complete(CompletableFuture.java:2179)
	at org.apache.ratis.util.TaskQueue.lambda$submit$0(TaskQueue.java:133)
	at org.apache.ratis.util.LogUtils.runAndLog(LogUtils.java:38)
	at org.apache.ratis.util.LogUtils$1.run(LogUtils.java:78)
	at java.base/java.util.concurrent.Executors$RunnableAdapter.call(Executors.java:572)
	at java.base/java.util.concurrent.FutureTask.run(FutureTask.java:317)
	at java.base/java.util.concurrent.ThreadPoolExecutor.runWorker(ThreadPoolExecutor.java:1144)
	at java.base/java.util.concurrent.ThreadPoolExecutor$Worker.run(ThreadPoolExecutor.java:642)
	at java.base/java.lang.Thread.run(Thread.java:1583)
2025-10-20 19:51:45,817 | INFO  | SCMAudit | user=runner | ip=127.0.0.1 | op=SEND_HEARTBEAT {"datanodeUUID":"af0e5da1-57af-45e9-9aca-fa0798d05628","term":"2","command":"[]"} | ret=SUCCESS |  
2025-10-20 19:51:45,818 [EventQueue-PipelineActionsForPipelineActionHandler] INFO  pipeline.PipelineManagerImpl (PipelineManagerImpl.java:closePipeline(511)) - Pipeline Pipeline-ba8f49ac-c35b-4342-9840-c8b3a767d7cd moved to CLOSED state
2025-10-20 19:51:45,818 [EventQueue-PipelineActionsForPipelineActionHandler] INFO  pipeline.PipelineActionHandler (PipelineActionHandler.java:processPipelineAction(89)) - Received pipeline action CLOSE for Pipeline-ba8f49ac-c35b-4342-9840-c8b3a767d7cd from datanode b614738c-cdff-4f09-bf59-ed5bb75d51be(localhost/127.0.0.1). Reason : Ratis Transaction failure in datanode b614738c-cdff-4f09-bf59-ed5bb75d51be with role FOLLOWER .Triggering pipeline close action.
2025-10-20 19:51:45,818 [EventQueue-PipelineActionsForPipelineActionHandler] INFO  pipeline.PipelineActionHandler (PipelineActionHandler.java:processPipelineAction(89)) - Received pipeline action CLOSE for Pipeline-ba8f49ac-c35b-4342-9840-c8b3a767d7cd from datanode af0e5da1-57af-45e9-9aca-fa0798d05628(localhost/127.0.0.1). Reason : Ratis Transaction failure in datanode af0e5da1-57af-45e9-9aca-fa0798d05628 with role LEADER .Triggering pipeline close action.
2025-10-20 19:51:45,818 [EventQueue-PipelineActionsForPipelineActionHandler] INFO  pipeline.PipelineActionHandler (PipelineActionHandler.java:processPipelineAction(89)) - Received pipeline action CLOSE for Pipeline-ba8f49ac-c35b-4342-9840-c8b3a767d7cd from datanode af0e5da1-57af-45e9-9aca-fa0798d05628(localhost/127.0.0.1). Reason : Ratis Transaction failure in datanode af0e5da1-57af-45e9-9aca-fa0798d05628 with role LEADER .Triggering pipeline close action.
2025-10-20 19:51:45,823 [af0e5da1-57af-45e9-9aca-fa0798d05628-ChunkReader-4] WARN  keyvalue.KeyValueHandler (ContainerUtils.java:logAndReturnError(94)) - Operation: GetCommittedBlockLength , Trace ID:  , Message: Unable to find the block. BlockID : conID: 15 locID: 115816896921600451 bcsId: 0 replicaIndex: null , Result: NO_SUCH_BLOCK , StorageContainerException Occurred.
org.apache.hadoop.hdds.scm.container.common.helpers.StorageContainerException: Unable to find the block. BlockID : conID: 15 locID: 115816896921600451 bcsId: 0 replicaIndex: null
	at org.apache.hadoop.ozone.container.metadata.DatanodeStoreWithIncrementalChunkList.getCompleteBlockData(DatanodeStoreWithIncrementalChunkList.java:67)
	at org.apache.hadoop.ozone.container.metadata.DatanodeStore.getBlockByID(DatanodeStore.java:90)
	at org.apache.hadoop.ozone.container.keyvalue.impl.BlockManagerImpl.getBlockByID(BlockManagerImpl.java:462)
	at org.apache.hadoop.ozone.container.keyvalue.impl.BlockManagerImpl.getCommittedBlockLength(BlockManagerImpl.java:367)
	at org.apache.hadoop.ozone.container.keyvalue.KeyValueHandler.handleGetCommittedBlockLength(KeyValueHandler.java:860)
	at org.apache.hadoop.ozone.container.keyvalue.KeyValueHandler.dispatchRequest(KeyValueHandler.java:355)
	at org.apache.hadoop.ozone.container.keyvalue.KeyValueHandler.handle(KeyValueHandler.java:293)
	at org.apache.hadoop.ozone.container.common.impl.HddsDispatcher.dispatchRequest(HddsDispatcher.java:365)
	at org.apache.hadoop.ozone.container.common.impl.HddsDispatcher.lambda$dispatch$1(HddsDispatcher.java:190)
	at org.apache.hadoop.hdds.server.OzoneProtocolMessageDispatcher.processRequest(OzoneProtocolMessageDispatcher.java:89)
	at org.apache.hadoop.ozone.container.common.impl.HddsDispatcher.dispatch(HddsDispatcher.java:189)
	at org.apache.hadoop.ozone.container.common.transport.server.GrpcXceiverService$1.onNext(GrpcXceiverService.java:107)
	at org.apache.hadoop.ozone.container.common.transport.server.GrpcXceiverService$1.onNext(GrpcXceiverService.java:96)
	at org.apache.ratis.thirdparty.io.grpc.stub.ServerCalls$StreamingServerCallHandler$StreamingServerCallListener.onMessage(ServerCalls.java:262)
	at org.apache.ratis.thirdparty.io.grpc.ForwardingServerCallListener.onMessage(ForwardingServerCallListener.java:33)
	at org.apache.hadoop.hdds.tracing.GrpcServerInterceptor$1.onMessage(GrpcServerInterceptor.java:49)
	at org.apache.ratis.thirdparty.io.grpc.internal.ServerCallImpl$ServerStreamListenerImpl.messagesAvailableInternal(ServerCallImpl.java:334)
	at org.apache.ratis.thirdparty.io.grpc.internal.ServerCallImpl$ServerStreamListenerImpl.messagesAvailable(ServerCallImpl.java:319)
	at org.apache.ratis.thirdparty.io.grpc.internal.ServerImpl$JumpToApplicationThreadServerStreamListener$1MessagesAvailable.runInContext(ServerImpl.java:834)
	at org.apache.ratis.thirdparty.io.grpc.internal.ContextRunnable.run(ContextRunnable.java:37)
	at org.apache.ratis.thirdparty.io.grpc.internal.SerializingExecutor.run(SerializingExecutor.java:133)
	at java.base/java.util.concurrent.ThreadPoolExecutor.runWorker(ThreadPoolExecutor.java:1144)
	at java.base/java.util.concurrent.ThreadPoolExecutor$Worker.run(ThreadPoolExecutor.java:642)
	at java.base/java.lang.Thread.run(Thread.java:1583)
2025-10-20 19:51:45,823 | ERROR | DNAudit | user=null | ip=null | op=GET_COMMITTED_BLOCK_LENGTH {"blockData":"conID: 15 locID: 115816896921600451 bcsId: 0 replicaIndex: null"} | ret=FAILURE | 
java.lang.Exception: Unable to find the block. BlockID : conID: 15 locID: 115816896921600451 bcsId: 0 replicaIndex: null
	at org.apache.hadoop.ozone.container.common.impl.HddsDispatcher.dispatchRequest(HddsDispatcher.java:440)
	at org.apache.hadoop.ozone.container.common.impl.HddsDispatcher.lambda$dispatch$1(HddsDispatcher.java:190)
 
2025-10-20 19:51:45,826 [b614738c-cdff-4f09-bf59-ed5bb75d51be-ChunkReader-6] WARN  keyvalue.KeyValueHandler (ContainerUtils.java:logAndReturnError(94)) - Operation: GetCommittedBlockLength , Trace ID:  , Message: Unable to find the block. BlockID : conID: 15 locID: 115816896921600451 bcsId: 0 replicaIndex: null , Result: NO_SUCH_BLOCK , StorageContainerException Occurred.
org.apache.hadoop.hdds.scm.container.common.helpers.StorageContainerException: Unable to find the block. BlockID : conID: 15 locID: 115816896921600451 bcsId: 0 replicaIndex: null
	at org.apache.hadoop.ozone.container.metadata.DatanodeStoreWithIncrementalChunkList.getCompleteBlockData(DatanodeStoreWithIncrementalChunkList.java:67)
	at org.apache.hadoop.ozone.container.metadata.DatanodeStore.getBlockByID(DatanodeStore.java:90)
	at org.apache.hadoop.ozone.container.keyvalue.impl.BlockManagerImpl.getBlockByID(BlockManagerImpl.java:462)
	at org.apache.hadoop.ozone.container.keyvalue.impl.BlockManagerImpl.getCommittedBlockLength(BlockManagerImpl.java:367)
	at org.apache.hadoop.ozone.container.keyvalue.KeyValueHandler.handleGetCommittedBlockLength(KeyValueHandler.java:860)
	at org.apache.hadoop.ozone.container.keyvalue.KeyValueHandler.dispatchRequest(KeyValueHandler.java:355)
	at org.apache.hadoop.ozone.container.keyvalue.KeyValueHandler.handle(KeyValueHandler.java:293)
	at org.apache.hadoop.ozone.container.common.impl.HddsDispatcher.dispatchRequest(HddsDispatcher.java:365)
	at org.apache.hadoop.ozone.container.common.impl.HddsDispatcher.lambda$dispatch$1(HddsDispatcher.java:190)
	at org.apache.hadoop.hdds.server.OzoneProtocolMessageDispatcher.processRequest(OzoneProtocolMessageDispatcher.java:89)
	at org.apache.hadoop.ozone.container.common.impl.HddsDispatcher.dispatch(HddsDispatcher.java:189)
	at org.apache.hadoop.ozone.container.common.transport.server.GrpcXceiverService$1.onNext(GrpcXceiverService.java:107)
	at org.apache.hadoop.ozone.container.common.transport.server.GrpcXceiverService$1.onNext(GrpcXceiverService.java:96)
	at org.apache.ratis.thirdparty.io.grpc.stub.ServerCalls$StreamingServerCallHandler$StreamingServerCallListener.onMessage(ServerCalls.java:262)
	at org.apache.ratis.thirdparty.io.grpc.ForwardingServerCallListener.onMessage(ForwardingServerCallListener.java:33)
	at org.apache.hadoop.hdds.tracing.GrpcServerInterceptor$1.onMessage(GrpcServerInterceptor.java:49)
	at org.apache.ratis.thirdparty.io.grpc.internal.ServerCallImpl$ServerStreamListenerImpl.messagesAvailableInternal(ServerCallImpl.java:334)
	at org.apache.ratis.thirdparty.io.grpc.internal.ServerCallImpl$ServerStreamListenerImpl.messagesAvailable(ServerCallImpl.java:319)
	at org.apache.ratis.thirdparty.io.grpc.internal.ServerImpl$JumpToApplicationThreadServerStreamListener$1MessagesAvailable.runInContext(ServerImpl.java:834)
	at org.apache.ratis.thirdparty.io.grpc.internal.ContextRunnable.run(ContextRunnable.java:37)
	at org.apache.ratis.thirdparty.io.grpc.internal.SerializingExecutor.run(SerializingExecutor.java:133)
	at java.base/java.util.concurrent.ThreadPoolExecutor.runWorker(ThreadPoolExecutor.java:1144)
	at java.base/java.util.concurrent.ThreadPoolExecutor$Worker.run(ThreadPoolExecutor.java:642)
	at java.base/java.lang.Thread.run(Thread.java:1583)
2025-10-20 19:51:45,827 | ERROR | DNAudit | user=null | ip=null | op=GET_COMMITTED_BLOCK_LENGTH {"blockData":"conID: 15 locID: 115816896921600451 bcsId: 0 replicaIndex: null"} | ret=FAILURE | 
java.lang.Exception: Unable to find the block. BlockID : conID: 15 locID: 115816896921600451 bcsId: 0 replicaIndex: null
	at org.apache.hadoop.ozone.container.common.impl.HddsDispatcher.dispatchRequest(HddsDispatcher.java:440)
	at org.apache.hadoop.ozone.container.common.impl.HddsDispatcher.lambda$dispatch$1(HddsDispatcher.java:190)
 
2025-10-20 19:51:45,830 [c90bff1f-5a1f-42c6-8fca-9533d718c79a-ChunkReader-1] WARN  keyvalue.KeyValueHandler (ContainerUtils.java:logAndReturnError(94)) - Operation: GetCommittedBlockLength , Trace ID:  , Message: Unable to find the block. BlockID : conID: 15 locID: 115816896921600451 bcsId: 0 replicaIndex: null , Result: NO_SUCH_BLOCK , StorageContainerException Occurred.
org.apache.hadoop.hdds.scm.container.common.helpers.StorageContainerException: Unable to find the block. BlockID : conID: 15 locID: 115816896921600451 bcsId: 0 replicaIndex: null
	at org.apache.hadoop.ozone.container.metadata.DatanodeStoreWithIncrementalChunkList.getCompleteBlockData(DatanodeStoreWithIncrementalChunkList.java:67)
	at org.apache.hadoop.ozone.container.metadata.DatanodeStore.getBlockByID(DatanodeStore.java:90)
	at org.apache.hadoop.ozone.container.keyvalue.impl.BlockManagerImpl.getBlockByID(BlockManagerImpl.java:462)
	at org.apache.hadoop.ozone.container.keyvalue.impl.BlockManagerImpl.getCommittedBlockLength(BlockManagerImpl.java:367)
	at org.apache.hadoop.ozone.container.keyvalue.KeyValueHandler.handleGetCommittedBlockLength(KeyValueHandler.java:860)
	at org.apache.hadoop.ozone.container.keyvalue.KeyValueHandler.dispatchRequest(KeyValueHandler.java:355)
	at org.apache.hadoop.ozone.container.keyvalue.KeyValueHandler.handle(KeyValueHandler.java:293)
	at org.apache.hadoop.ozone.container.common.impl.HddsDispatcher.dispatchRequest(HddsDispatcher.java:365)
	at org.apache.hadoop.ozone.container.common.impl.HddsDispatcher.lambda$dispatch$1(HddsDispatcher.java:190)
	at org.apache.hadoop.hdds.server.OzoneProtocolMessageDispatcher.processRequest(OzoneProtocolMessageDispatcher.java:89)
	at org.apache.hadoop.ozone.container.common.impl.HddsDispatcher.dispatch(HddsDispatcher.java:189)
	at org.apache.hadoop.ozone.container.common.transport.server.GrpcXceiverService$1.onNext(GrpcXceiverService.java:107)
	at org.apache.hadoop.ozone.container.common.transport.server.GrpcXceiverService$1.onNext(GrpcXceiverService.java:96)
	at org.apache.ratis.thirdparty.io.grpc.stub.ServerCalls$StreamingServerCallHandler$StreamingServerCallListener.onMessage(ServerCalls.java:262)
	at org.apache.ratis.thirdparty.io.grpc.ForwardingServerCallListener.onMessage(ForwardingServerCallListener.java:33)
	at org.apache.hadoop.hdds.tracing.GrpcServerInterceptor$1.onMessage(GrpcServerInterceptor.java:49)
	at org.apache.ratis.thirdparty.io.grpc.internal.ServerCallImpl$ServerStreamListenerImpl.messagesAvailableInternal(ServerCallImpl.java:334)
	at org.apache.ratis.thirdparty.io.grpc.internal.ServerCallImpl$ServerStreamListenerImpl.messagesAvailable(ServerCallImpl.java:319)
	at org.apache.ratis.thirdparty.io.grpc.internal.ServerImpl$JumpToApplicationThreadServerStreamListener$1MessagesAvailable.runInContext(ServerImpl.java:834)
	at org.apache.ratis.thirdparty.io.grpc.internal.ContextRunnable.run(ContextRunnable.java:37)
	at org.apache.ratis.thirdparty.io.grpc.internal.SerializingExecutor.run(SerializingExecutor.java:133)
	at java.base/java.util.concurrent.ThreadPoolExecutor.runWorker(ThreadPoolExecutor.java:1144)
	at java.base/java.util.concurrent.ThreadPoolExecutor$Worker.run(ThreadPoolExecutor.java:642)
	at java.base/java.lang.Thread.run(Thread.java:1583)
2025-10-20 19:51:45,831 | ERROR | DNAudit | user=null | ip=null | op=GET_COMMITTED_BLOCK_LENGTH {"blockData":"conID: 15 locID: 115816896921600451 bcsId: 0 replicaIndex: null"} | ret=FAILURE | 
java.lang.Exception: Unable to find the block. BlockID : conID: 15 locID: 115816896921600451 bcsId: 0 replicaIndex: null
	at org.apache.hadoop.ozone.container.common.impl.HddsDispatcher.dispatchRequest(HddsDispatcher.java:440)
	at org.apache.hadoop.ozone.container.common.impl.HddsDispatcher.lambda$dispatch$1(HddsDispatcher.java:190)
 
2025-10-20 19:51:45,832 [ForkJoinPool-1-worker-1] WARN  scm.XceiverClientGrpc (XceiverClientGrpc.java:sendCommandWithRetry(500)) - Failed to execute command GetCommittedBlockLength on the pipeline Pipeline{ Id: f9a002ec-4b95-42a1-b48e-8576131fb588, Nodes: [ {af0e5da1-57af-45e9-9aca-fa0798d05628(localhost/127.0.0.1), ReplicaIndex: 0}, {b614738c-cdff-4f09-bf59-ed5bb75d51be(localhost/127.0.0.1), ReplicaIndex: 0}, {c90bff1f-5a1f-42c6-8fca-9533d718c79a(localhost/127.0.0.1), ReplicaIndex: 0},], ReplicationConfig: STANDALONE/THREE, State:OPEN, leaderId:, CreationTimestamp2025-10-20T19:51:45.816810175Z[Etc/UTC]}.
2025-10-20 19:51:45,832 [ForkJoinPool-1-worker-1] WARN  ozone.LeaseRecoveryClientDNHandler (LeaseRecoveryClientDNHandler.java:getOmKeyLocationInfos(114)) - Failed to finalize block. Continue to recover the file since OZONE.CLIENT.RECOVER.LEASE.FORCE is enabled.
org.apache.hadoop.hdds.scm.container.common.helpers.StorageContainerException: Unable to find the block. BlockID : conID: 15 locID: 115816896921600451 bcsId: 0 replicaIndex: null
	at org.apache.hadoop.hdds.scm.storage.ContainerProtocolCalls.validateContainerResponse(ContainerProtocolCalls.java:822)
	at org.apache.hadoop.hdds.scm.storage.ContainerProtocolCalls.lambda$createValidators$4(ContainerProtocolCalls.java:831)
	at org.apache.hadoop.hdds.scm.XceiverClientGrpc.sendCommandWithRetry(XceiverClientGrpc.java:457)
	at org.apache.hadoop.hdds.scm.XceiverClientGrpc.lambda$sendCommandWithTraceIDAndRetry$1(XceiverClientGrpc.java:383)
	at org.apache.hadoop.hdds.tracing.TracingUtil.executeInSpan(TracingUtil.java:205)
	at org.apache.hadoop.hdds.tracing.TracingUtil.executeInNewSpan(TracingUtil.java:195)
	at org.apache.hadoop.hdds.scm.XceiverClientGrpc.sendCommandWithTraceIDAndRetry(XceiverClientGrpc.java:375)
	at org.apache.hadoop.hdds.scm.XceiverClientGrpc.sendCommand(XceiverClientGrpc.java:356)
	at org.apache.hadoop.hdds.scm.storage.ContainerProtocolCalls.getCommittedBlockLength(ContainerProtocolCalls.java:272)
	at org.apache.hadoop.fs.ozone.BasicRootedOzoneClientAdapterImpl.finalizeBlock(BasicRootedOzoneClientAdapterImpl.java:1509)
	at org.apache.hadoop.fs.ozone.LeaseRecoveryClientDNHandler.getOmKeyLocationInfos(LeaseRecoveryClientDNHandler.java:81)
	at org.apache.hadoop.fs.ozone.RootedOzoneFileSystem.recoverLeaseTraced(RootedOzoneFileSystem.java:165)
	at org.apache.hadoop.fs.ozone.RootedOzoneFileSystem.lambda$recoverLease$0(RootedOzoneFileSystem.java:143)
	at org.apache.hadoop.hdds.tracing.TracingUtil.executeInSpan(TracingUtil.java:205)
	at org.apache.hadoop.hdds.tracing.TracingUtil.executeInNewSpan(TracingUtil.java:195)
	at org.apache.hadoop.fs.ozone.RootedOzoneFileSystem.recoverLease(RootedOzoneFileSystem.java:142)
	at org.apache.hadoop.ozone.client.rpc.TestSecureOzoneRpcClient.testPreallocateFileRecovery(TestSecureOzoneRpcClient.java:305)
	at java.base/jdk.internal.reflect.DirectMethodHandleAccessor.invoke(DirectMethodHandleAccessor.java:103)
	at java.base/java.lang.reflect.Method.invoke(Method.java:580)
	at org.junit.platform.commons.util.ReflectionUtils.invokeMethod(ReflectionUtils.java:786)
	at org.junit.platform.commons.support.ReflectionSupport.invokeMethod(ReflectionSupport.java:514)
	at org.junit.jupiter.engine.execution.MethodInvocation.proceed(MethodInvocation.java:60)
	at org.junit.jupiter.engine.execution.InvocationInterceptorChain$ValidatingInvocation.proceed(InvocationInterceptorChain.java:131)
	at org.junit.jupiter.engine.extension.SameThreadTimeoutInvocation.proceed(SameThreadTimeoutInvocation.java:49)
	at org.junit.jupiter.engine.extension.TimeoutExtension.intercept(TimeoutExtension.java:161)
	at org.junit.jupiter.engine.extension.TimeoutExtension.interceptTestableMethod(TimeoutExtension.java:152)
	at org.junit.jupiter.engine.extension.TimeoutExtension.interceptTestTemplateMethod(TimeoutExtension.java:99)
	at org.junit.jupiter.engine.execution.InterceptingExecutableInvoker$ReflectiveInterceptorCall.lambda$ofVoidMethod$0(InterceptingExecutableInvoker.java:112)
	at org.junit.jupiter.engine.execution.InterceptingExecutableInvoker.lambda$invoke$0(InterceptingExecutableInvoker.java:94)
	at org.junit.jupiter.engine.execution.InvocationInterceptorChain$InterceptedInvocation.proceed(InvocationInterceptorChain.java:106)
	at org.junit.jupiter.engine.execution.InvocationInterceptorChain.proceed(InvocationInterceptorChain.java:64)
	at org.junit.jupiter.engine.execution.InvocationInterceptorChain.chainAndInvoke(InvocationInterceptorChain.java:45)
	at org.junit.jupiter.engine.execution.InvocationInterceptorChain.invoke(InvocationInterceptorChain.java:37)
	at org.junit.jupiter.engine.execution.InterceptingExecutableInvoker.invoke(InterceptingExecutableInvoker.java:93)
	at org.junit.jupiter.engine.execution.InterceptingExecutableInvoker.invoke(InterceptingExecutableInvoker.java:87)
	at org.junit.jupiter.engine.descriptor.TestMethodTestDescriptor.lambda$invokeTestMethod$4(TestMethodTestDescriptor.java:221)
	at org.junit.platform.engine.support.hierarchical.ThrowableCollector.execute(ThrowableCollector.java:73)
	at org.junit.jupiter.engine.descriptor.TestMethodTestDescriptor.invokeTestMethod(TestMethodTestDescriptor.java:217)
	at org.junit.jupiter.engine.descriptor.TestMethodTestDescriptor.execute(TestMethodTestDescriptor.java:159)
	at org.junit.jupiter.engine.descriptor.TestMethodTestDescriptor.execute(TestMethodTestDescriptor.java:70)
	at org.junit.platform.engine.support.hierarchical.NodeTestTask.lambda$executeRecursively$6(NodeTestTask.java:157)
	at org.junit.platform.engine.support.hierarchical.ThrowableCollector.execute(ThrowableCollector.java:73)
	at org.junit.platform.engine.support.hierarchical.NodeTestTask.lambda$executeRecursively$8(NodeTestTask.java:147)
	at org.junit.platform.engine.support.hierarchical.Node.around(Node.java:137)
	at org.junit.platform.engine.support.hierarchical.NodeTestTask.lambda$executeRecursively$9(NodeTestTask.java:145)
	at org.junit.platform.engine.support.hierarchical.ThrowableCollector.execute(ThrowableCollector.java:73)
	at org.junit.platform.engine.support.hierarchical.NodeTestTask.executeRecursively(NodeTestTask.java:144)
	at org.junit.platform.engine.support.hierarchical.NodeTestTask.execute(NodeTestTask.java:101)
	at org.junit.platform.engine.support.hierarchical.ForkJoinPoolHierarchicalTestExecutorService$ExclusiveTask.exec(ForkJoinPoolHierarchicalTestExecutorService.java:274)
	at org.junit.platform.engine.support.hierarchical.ForkJoinPoolHierarchicalTestExecutorService$ExclusiveTask.execSync(ForkJoinPoolHierarchicalTestExecutorService.java:247)
	at org.junit.platform.engine.support.hierarchical.ForkJoinPoolHierarchicalTestExecutorService.submit(ForkJoinPoolHierarchicalTestExecutorService.java:148)
	at org.junit.platform.engine.support.hierarchical.NodeTestTask$DefaultDynamicTestExecutor.execute(NodeTestTask.java:232)
	at org.junit.platform.engine.support.hierarchical.NodeTestTask$DefaultDynamicTestExecutor.execute(NodeTestTask.java:210)
	at org.junit.jupiter.engine.descriptor.TemplateExecutor.execute(TemplateExecutor.java:98)
	at org.junit.jupiter.engine.descriptor.TemplateExecutor.lambda$executeForProvider$0(TemplateExecutor.java:61)
	at java.base/java.util.Optional.ifPresent(Optional.java:178)
	at org.junit.jupiter.engine.descriptor.TemplateExecutor.lambda$executeForProvider$1(TemplateExecutor.java:61)
	at java.base/java.util.stream.ForEachOps$ForEachOp$OfRef.accept(ForEachOps.java:184)
	at java.base/java.util.stream.ReferencePipeline$3$1.accept(ReferencePipeline.java:197)
	at java.base/java.util.stream.ForEachOps$ForEachOp$OfRef.accept(ForEachOps.java:184)
	at java.base/java.util.stream.ForEachOps$ForEachOp$OfRef.accept(ForEachOps.java:184)
	at java.base/java.util.stream.ReferencePipeline$3$1.accept(ReferencePipeline.java:197)
	at java.base/java.util.Spliterators$ArraySpliterator.forEachRemaining(Spliterators.java:1024)
	at java.base/java.util.stream.AbstractPipeline.copyInto(AbstractPipeline.java:509)
	at java.base/java.util.stream.AbstractPipeline.wrapAndCopyInto(AbstractPipeline.java:499)
	at java.base/java.util.stream.ForEachOps$ForEachOp.evaluateSequential(ForEachOps.java:151)
	at java.base/java.util.stream.ForEachOps$ForEachOp$OfRef.evaluateSequential(ForEachOps.java:174)
	at java.base/java.util.stream.AbstractPipeline.evaluate(AbstractPipeline.java:234)
	at java.base/java.util.stream.ReferencePipeline.forEach(ReferencePipeline.java:596)
	at java.base/java.util.stream.ReferencePipeline$7$1.accept(ReferencePipeline.java:276)
	at java.base/java.util.ArrayList$ArrayListSpliterator.forEachRemaining(ArrayList.java:1708)
	at java.base/java.util.stream.AbstractPipeline.copyInto(AbstractPipeline.java:509)
	at java.base/java.util.stream.AbstractPipeline.wrapAndCopyInto(AbstractPipeline.java:499)
	at java.base/java.util.stream.ForEachOps$ForEachOp.evaluateSequential(ForEachOps.java:151)
	at java.base/java.util.stream.ForEachOps$ForEachOp$OfRef.evaluateSequential(ForEachOps.java:174)
	at java.base/java.util.stream.AbstractPipeline.evaluate(AbstractPipeline.java:234)
	at java.base/java.util.stream.ReferencePipeline.forEach(ReferencePipeline.java:596)
	at java.base/java.util.stream.ReferencePipeline$7$1.accept(ReferencePipeline.java:276)
	at java.base/java.util.stream.ReferencePipeline$3$1.accept(ReferencePipeline.java:197)
	at java.base/java.util.stream.ReferencePipeline$3$1.accept(ReferencePipeline.java:197)
	at java.base/java.util.stream.ReferencePipeline$3$1.accept(ReferencePipeline.java:197)
	at java.base/java.util.ArrayList$ArrayListSpliterator.forEachRemaining(ArrayList.java:1708)
	at java.base/java.util.stream.AbstractPipeline.copyInto(AbstractPipeline.java:509)
	at java.base/java.util.stream.AbstractPipeline.wrapAndCopyInto(AbstractPipeline.java:499)
	at java.base/java.util.stream.ForEachOps$ForEachOp.evaluateSequential(ForEachOps.java:151)
	at java.base/java.util.stream.ForEachOps$ForEachOp$OfRef.evaluateSequential(ForEachOps.java:174)
	at java.base/java.util.stream.AbstractPipeline.evaluate(AbstractPipeline.java:234)
	at java.base/java.util.stream.ReferencePipeline.forEach(ReferencePipeline.java:596)
	at org.junit.jupiter.engine.descriptor.TemplateExecutor.executeForProvider(TemplateExecutor.java:59)
	at org.junit.jupiter.engine.descriptor.TemplateExecutor.execute(TemplateExecutor.java:48)
	at org.junit.jupiter.engine.descriptor.TestTemplateTestDescriptor.execute(TestTemplateTestDescriptor.java:112)
	at org.junit.jupiter.engine.descriptor.TestTemplateTestDescriptor.execute(TestTemplateTestDescriptor.java:40)
	at org.junit.platform.engine.support.hierarchical.NodeTestTask.lambda$executeRecursively$6(NodeTestTask.java:157)
	at org.junit.platform.engine.support.hierarchical.ThrowableCollector.execute(ThrowableCollector.java:73)
	at org.junit.platform.engine.support.hierarchical.NodeTestTask.lambda$executeRecursively$8(NodeTestTask.java:147)
	at org.junit.platform.engine.support.hierarchical.Node.around(Node.java:137)
	at org.junit.platform.engine.support.hierarchical.NodeTestTask.lambda$executeRecursively$9(NodeTestTask.java:145)
	at org.junit.platform.engine.support.hierarchical.ThrowableCollector.execute(ThrowableCollector.java:73)
	at org.junit.platform.engine.support.hierarchical.NodeTestTask.executeRecursively(NodeTestTask.java:144)
	at org.junit.platform.engine.support.hierarchical.NodeTestTask.execute(NodeTestTask.java:101)
	at org.junit.platform.engine.support.hierarchical.ForkJoinPoolHierarchicalTestExecutorService$ExclusiveTask.exec(ForkJoinPoolHierarchicalTestExecutorService.java:274)
	at org.junit.platform.engine.support.hierarchical.ForkJoinPoolHierarchicalTestExecutorService$ExclusiveTask.execSync(ForkJoinPoolHierarchicalTestExecutorService.java:247)
	at org.junit.platform.engine.support.hierarchical.ForkJoinPoolHierarchicalTestExecutorService.executeSync(ForkJoinPoolHierarchicalTestExecutorService.java:194)
	at org.junit.platform.engine.support.hierarchical.ForkJoinPoolHierarchicalTestExecutorService.invokeAll(ForkJoinPoolHierarchicalTestExecutorService.java:166)
	at org.junit.platform.engine.support.hierarchical.NodeTestTask.lambda$executeRecursively$6(NodeTestTask.java:161)
	at org.junit.platform.engine.support.hierarchical.ThrowableCollector.execute(ThrowableCollector.java:73)
	at org.junit.platform.engine.support.hierarchical.NodeTestTask.lambda$executeRecursively$8(NodeTestTask.java:147)
	at org.junit.platform.engine.support.hierarchical.Node.around(Node.java:137)
	at org.junit.platform.engine.support.hierarchical.NodeTestTask.lambda$executeRecursively$9(NodeTestTask.java:145)
	at org.junit.platform.engine.support.hierarchical.ThrowableCollector.execute(ThrowableCollector.java:73)
	at org.junit.platform.engine.support.hierarchical.NodeTestTask.executeRecursively(NodeTestTask.java:144)
	at org.junit.platform.engine.support.hierarchical.NodeTestTask.execute(NodeTestTask.java:101)
	at org.junit.platform.engine.support.hierarchical.ForkJoinPoolHierarchicalTestExecutorService$ExclusiveTask.exec(ForkJoinPoolHierarchicalTestExecutorService.java:274)
	at org.junit.platform.engine.support.hierarchical.ForkJoinPoolHierarchicalTestExecutorService$ExclusiveTask.execSync(ForkJoinPoolHierarchicalTestExecutorService.java:247)
	at org.junit.platform.engine.support.hierarchical.ForkJoinPoolHierarchicalTestExecutorService.invokeAll(ForkJoinPoolHierarchicalTestExecutorService.java:159)
	at org.junit.platform.engine.support.hierarchical.NodeTestTask.lambda$executeRecursively$6(NodeTestTask.java:161)
	at org.junit.platform.engine.support.hierarchical.ThrowableCollector.execute(ThrowableCollector.java:73)
	at org.junit.platform.engine.support.hierarchical.NodeTestTask.lambda$executeRecursively$8(NodeTestTask.java:147)
	at org.junit.platform.engine.support.hierarchical.Node.around(Node.java:137)
	at org.junit.platform.engine.support.hierarchical.NodeTestTask.lambda$executeRecursively$9(NodeTestTask.java:145)
	at org.junit.platform.engine.support.hierarchical.ThrowableCollector.execute(ThrowableCollector.java:73)
	at org.junit.platform.engine.support.hierarchical.NodeTestTask.executeRecursively(NodeTestTask.java:144)
	at org.junit.platform.engine.support.hierarchical.NodeTestTask.execute(NodeTestTask.java:101)
	at org.junit.platform.engine.support.hierarchical.ForkJoinPoolHierarchicalTestExecutorService$ExclusiveTask.exec(ForkJoinPoolHierarchicalTestExecutorService.java:274)
	at java.base/java.util.concurrent.ForkJoinTask.doExec(ForkJoinTask.java:387)
	at java.base/java.util.concurrent.ForkJoinPool$WorkQueue.topLevelExec(ForkJoinPool.java:1312)
	at java.base/java.util.concurrent.ForkJoinPool.scan(ForkJoinPool.java:1843)
	at java.base/java.util.concurrent.ForkJoinPool.runWorker(ForkJoinPool.java:1808)
	at java.base/java.util.concurrent.ForkJoinWorkerThread.run(ForkJoinWorkerThread.java:188)
2025-10-20 19:51:45,837 | INFO  | OMAudit | user=runner | ip=127.0.0.1 | op=COMMIT_KEY {"volume":"b31c592a-92e0-4acd-b772-a9a4dc78c9dc","bucket":"a90af50a-1bb4-4f0d-97b4-69c47211799b","key":"7a5bdc64-2a95-4f76-890f-f28c67285899","dataSize":"16777217","replicationType":"RATIS","replicationFactor":"THREE","Transaction":"1674"} | ret=SUCCESS |  
2025-10-20 19:51:45,838 | INFO  | OMAudit | user=runner | ip=127.0.0.1 | op=READ_BUCKET {"volume":"b31c592a-92e0-4acd-b772-a9a4dc78c9dc","bucket":"a90af50a-1bb4-4f0d-97b4-69c47211799b"} | ret=SUCCESS |  
2025-10-20 19:51:45,840 | INFO  | SCMAudit | user=runner | ip=127.0.0.1 | op=GET_CONTAINER_WITH_PIPELINE_BATCH {"containerIDs":"#18,#19,#20,#21,"} | ret=SUCCESS |  
2025-10-20 19:51:45,841 | INFO  | OMAudit | user=runner | ip=127.0.0.1 | op=GET_FILE_STATUS {"volume":"b31c592a-92e0-4acd-b772-a9a4dc78c9dc","bucket":"a90af50a-1bb4-4f0d-97b4-69c47211799b","key":"7a5bdc64-2a95-4f76-890f-f28c67285899","owner":null,"dataSize":"0","replicationConfig":null} | ret=SUCCESS |  
2025-10-20 19:51:45,842 | INFO  | OMAudit | user=runner | ip=127.0.0.1 | op=READ_BUCKET {"volume":"b31c592a-92e0-4acd-b772-a9a4dc78c9dc","bucket":"a90af50a-1bb4-4f0d-97b4-69c47211799b"} | ret=SUCCESS |  
2025-10-20 19:51:45,843 | INFO  | OMAudit | user=runner | ip=127.0.0.1 | op=READ_BUCKET {"volume":"b31c592a-92e0-4acd-b772-a9a4dc78c9dc","bucket":"a90af50a-1bb4-4f0d-97b4-69c47211799b"} | ret=SUCCESS |  
2025-10-20 19:51:45,847 | INFO  | SCMAudit | user=runner | ip=127.0.0.1 | op=SEND_HEARTBEAT {"datanodeUUID":"d7d8cf72-b9f6-4979-9c53-007dd6e6e48a","term":"2","command":"[]"} | ret=SUCCESS |  
2025-10-20 19:51:45,851 [om1-OMStateMachineApplyTransactionThread - 0] ERROR key.OMKeyCommitRequest (OMKeyCommitRequest.java:processResult(486)) - Key committed failed. Volume:b31c592a-92e0-4acd-b772-a9a4dc78c9dc, Bucket:a90af50a-1bb4-4f0d-97b4-69c47211799b, Key:7a5bdc64-2a95-4f76-890f-f28c67285899. Exception:{}
KEY_NOT_FOUND org.apache.hadoop.ozone.om.exceptions.OMException: Failed to commit key, as /-9223372036854348544/-9223372036854348288/-9223372036854348288/7a5bdc64-2a95-4f76-890f-f28c67285899/115408234454909332 entry is not found in the OpenKey table
	at org.apache.hadoop.ozone.om.request.key.OMKeyCommitRequestWithFSO.validateAndUpdateCache(OMKeyCommitRequestWithFSO.java:181)
	at org.apache.hadoop.ozone.protocolPB.OzoneManagerRequestHandler.lambda$0(OzoneManagerRequestHandler.java:418)
	at org.apache.hadoop.ozone.util.MetricUtil.captureLatencyNs(MetricUtil.java:45)
	at org.apache.hadoop.ozone.protocolPB.OzoneManagerRequestHandler.handleWriteRequestImpl(OzoneManagerRequestHandler.java:416)
	at org.apache.hadoop.ozone.protocolPB.RequestHandler.handleWriteRequest(RequestHandler.java:62)
	at org.apache.hadoop.ozone.om.ratis.OzoneManagerStateMachine.runCommand(OzoneManagerStateMachine.java:599)
	at org.apache.hadoop.ozone.om.ratis.OzoneManagerStateMachine.lambda$3(OzoneManagerStateMachine.java:415)
	at java.base/java.util.concurrent.CompletableFuture$AsyncSupply.run(CompletableFuture.java:1768)
	at java.base/java.util.concurrent.ThreadPoolExecutor.runWorker(ThreadPoolExecutor.java:1144)
	at java.base/java.util.concurrent.ThreadPoolExecutor$Worker.run(ThreadPoolExecutor.java:642)
	at java.base/java.lang.Thread.run(Thread.java:1583)
2025-10-20 19:51:45,851 | ERROR | OMAudit | user=runner | ip=127.0.0.1 | op=COMMIT_KEY {"volume":"b31c592a-92e0-4acd-b772-a9a4dc78c9dc","bucket":"a90af50a-1bb4-4f0d-97b4-69c47211799b","key":"7a5bdc64-2a95-4f76-890f-f28c67285899","dataSize":"16777217","replicationType":"RATIS","replicationFactor":"THREE","Transaction":"1675"} | ret=FAILURE | 
org.apache.hadoop.ozone.om.exceptions.OMException: Failed to commit key, as /-9223372036854348544/-9223372036854348288/-9223372036854348288/7a5bdc64-2a95-4f76-890f-f28c67285899/115408234454909332 entry is not found in the OpenKey table
	at org.apache.hadoop.ozone.om.request.key.OMKeyCommitRequestWithFSO.validateAndUpdateCache(OMKeyCommitRequestWithFSO.java:181)
	at org.apache.hadoop.ozone.protocolPB.OzoneManagerRequestHandler.lambda$0(OzoneManagerRequestHandler.java:418)
 
]]></system-out>
  </testcase>
  <testcase name="testPreallocateFileRecovery(long)[3]" classname="org.apache.hadoop.ozone.client.rpc.TestSecureOzoneRpcClient" time="0.315">
    <system-out><![CDATA[2025-10-20 19:51:45,914 [ForkJoinPool-1-worker-1] INFO  rpc.RpcClient (RpcClient.java:createVolume(461)) - Creating Volume: 4f9a378f-df96-4a61-a3ff-576c18ca534e, with runner as owner and space quota set to -1 bytes, counts quota set to -1
2025-10-20 19:51:45,916 [om1-OMStateMachineApplyTransactionThread - 0] INFO  volume.OMVolumeCreateRequest (OMVolumeCreateRequest.java:validateAndUpdateCache(213)) - created volume:4f9a378f-df96-4a61-a3ff-576c18ca534e for user:runner
2025-10-20 19:51:45,916 | INFO  | OMAudit | user=runner | ip=127.0.0.1 | op=CREATE_VOLUME {"admin":"runner","owner":"runner","volume":"4f9a378f-df96-4a61-a3ff-576c18ca534e","creationTime":"1760989905915","modificationTime":"1760989905915","quotaInBytes":"-1","quotaInNamespace":"-1","usedNamespace":"0","objectID":"-9223372036854346752","updateID":"1676","Transaction":"1676"} | ret=SUCCESS |  
2025-10-20 19:51:45,917 | INFO  | OMAudit | user=runner | ip=127.0.0.1 | op=READ_VOLUME {"volume":"4f9a378f-df96-4a61-a3ff-576c18ca534e"} | ret=SUCCESS |  
2025-10-20 19:51:45,917 [ForkJoinPool-1-worker-1] INFO  rpc.RpcClient (RpcClient.java:createBucket(686)) - Creating Bucket: 4f9a378f-df96-4a61-a3ff-576c18ca534e/7cbc80c0-901a-4164-9767-603ffad74dcf, with bucket layout FILE_SYSTEM_OPTIMIZED, runner as owner, Versioning false, Storage Type set to DISK and Encryption set to false, Replication Type set to server-side default replication type, Namespace Quota set to 100, Space Quota set to 1073741824 
2025-10-20 19:51:45,919 [om1-OMStateMachineApplyTransactionThread - 0] INFO  bucket.OMBucketCreateRequest (OMBucketCreateRequest.java:validateAndUpdateCache(303)) - created bucket: 7cbc80c0-901a-4164-9767-603ffad74dcf of layout FILE_SYSTEM_OPTIMIZED in volume: 4f9a378f-df96-4a61-a3ff-576c18ca534e
2025-10-20 19:51:45,919 | INFO  | OMAudit | user=runner | ip=127.0.0.1 | op=CREATE_BUCKET {"volume":"4f9a378f-df96-4a61-a3ff-576c18ca534e","bucket":"7cbc80c0-901a-4164-9767-603ffad74dcf","bucketLayout":"FILE_SYSTEM_OPTIMIZED","gdprEnabled":null,"acls":"[user:runner:a[ACCESS], group:runner:rl[ACCESS]]","isVersionEnabled":"false","storageType":"DISK","creationTime":"1760989905918","bucketEncryptionKey":null,"modificationTime":"1760989905918","usedBytes":"0","usedNamespace":"0","snapshotUsedBytes":"0","snapshotUsedNamespace":"0","owner":"runner","replicationType":null,"replicationConfig":null,"quotaInBytes":"1073741824","quotaInNamespace":"100","Transaction":"1677"} | ret=SUCCESS |  
2025-10-20 19:51:45,920 | INFO  | OMAudit | user=runner | ip=127.0.0.1 | op=READ_BUCKET {"volume":"4f9a378f-df96-4a61-a3ff-576c18ca534e","bucket":"7cbc80c0-901a-4164-9767-603ffad74dcf"} | ret=SUCCESS |  
2025-10-20 19:51:45,923 | INFO  | OMAudit | user=runner | ip=127.0.0.1 | op=GET_SERVICE_LIST {} | ret=SUCCESS |  
2025-10-20 19:51:45,924 | INFO  | OMAudit | user=runner | ip=127.0.0.1 | op=READ_BUCKET {"volume":"4f9a378f-df96-4a61-a3ff-576c18ca534e","bucket":"7cbc80c0-901a-4164-9767-603ffad74dcf"} | ret=SUCCESS |  
2025-10-20 19:51:45,925 | INFO  | SCMAudit | user=runner | ip=127.0.0.1 | op=ALLOCATE_BLOCK {"replication":"RATIS/THREE","owner":"omServiceIdDefault","size":"4194304","sampleBlocks":"[conID: 19 locID: 115816896921600452, conID: 20 locID: 115816896921600453, conID: 19 locID: 115816896921600454, conID: 16 locID: 115816896921600455, conID: 18 locID: 115816896921600456, conID: 17 locID: 115816896921600457, conID: 18 locID: 115816896921600458, conID: 17 locID: 115816896921600459, conID: 20 locID: 115816896921600460, conID: 16 locID: 115816896921600461]","num":"10","client":"","allocated":"10"} | ret=SUCCESS |  
2025-10-20 19:51:45,929 | INFO  | OMAudit | user=runner | ip=127.0.0.1 | op=ALLOCATE_KEY {"volume":"4f9a378f-df96-4a61-a3ff-576c18ca534e","bucket":"7cbc80c0-901a-4164-9767-603ffad74dcf","key":"abb0a065-b487-42fc-80df-f6de48bac903","dataSize":"41943040","replicationType":"RATIS","replicationFactor":"THREE","Transaction":"1678"} | ret=SUCCESS |  
2025-10-20 19:51:45,931 | INFO  | OMAudit | user=runner | ip=127.0.0.1 | op=READ_BUCKET {"volume":"4f9a378f-df96-4a61-a3ff-576c18ca534e","bucket":"7cbc80c0-901a-4164-9767-603ffad74dcf"} | ret=SUCCESS |  
2025-10-20 19:51:46,093 | INFO  | OMAudit | user=runner | ip=127.0.0.1 | op=READ_BUCKET {"volume":"4f9a378f-df96-4a61-a3ff-576c18ca534e","bucket":"7cbc80c0-901a-4164-9767-603ffad74dcf"} | ret=SUCCESS |  
2025-10-20 19:51:46,096 | INFO  | SCMAudit | user=runner | ip=127.0.0.1 | op=GET_CONTAINER_WITH_PIPELINE {"containerID":"#16"} | ret=SUCCESS |  
2025-10-20 19:51:46,097 | INFO  | SCMAudit | user=runner | ip=127.0.0.1 | op=GET_CONTAINER_WITH_PIPELINE {"containerID":"#16"} | ret=SUCCESS |  
2025-10-20 19:51:46,099 | INFO  | SCMAudit | user=runner | ip=127.0.0.1 | op=GET_CONTAINER_WITH_PIPELINE {"containerID":"#20"} | ret=SUCCESS |  
2025-10-20 19:51:46,099 | INFO  | OMAudit | user=runner | ip=127.0.0.1 | op=RECOVER_LEASE {"volume":"4f9a378f-df96-4a61-a3ff-576c18ca534e","bucket":"7cbc80c0-901a-4164-9767-603ffad74dcf","key":"abb0a065-b487-42fc-80df-f6de48bac903","Transaction":"1680"} | ret=SUCCESS |  
2025-10-20 19:51:46,111 [ef67b0a7-5b27-496d-9f38-ab804a28e500-ContainerOp-aabd30cf-05b8-4e3b-b15e-1aa5f909702d-7] INFO  keyvalue.KeyValueHandler (KeyValueHandler.java:handleFinalizeBlock(714)) - Finalized Block request received conID: 16 locID: 115816896921600461 bcsId: 0 replicaIndex: null 
2025-10-20 19:51:46,112 [ef67b0a7-5b27-496d-9f38-ab804a28e500-ContainerOp-aabd30cf-05b8-4e3b-b15e-1aa5f909702d-7] WARN  keyvalue.KeyValueHandler (ContainerUtils.java:logAndReturnError(94)) - Operation: FinalizeBlock , Trace ID:  , Message: Unable to find the block. BlockID : conID: 16 locID: 115816896921600461 bcsId: 0 replicaIndex: null , Result: NO_SUCH_BLOCK , StorageContainerException Occurred.
org.apache.hadoop.hdds.scm.container.common.helpers.StorageContainerException: Unable to find the block. BlockID : conID: 16 locID: 115816896921600461 bcsId: 0 replicaIndex: null
	at org.apache.hadoop.ozone.container.metadata.DatanodeStoreWithIncrementalChunkList.getCompleteBlockData(DatanodeStoreWithIncrementalChunkList.java:67)
	at org.apache.hadoop.ozone.container.metadata.DatanodeStore.getBlockByID(DatanodeStore.java:90)
	at org.apache.hadoop.ozone.container.keyvalue.impl.BlockManagerImpl.getBlockByID(BlockManagerImpl.java:462)
	at org.apache.hadoop.ozone.container.keyvalue.impl.BlockManagerImpl.getBlock(BlockManagerImpl.java:347)
	at org.apache.hadoop.ozone.container.keyvalue.KeyValueHandler.handleFinalizeBlock(KeyValueHandler.java:716)
	at org.apache.hadoop.ozone.container.keyvalue.KeyValueHandler.dispatchRequest(KeyValueHandler.java:357)
	at org.apache.hadoop.ozone.container.keyvalue.KeyValueHandler.handle(KeyValueHandler.java:293)
	at org.apache.hadoop.ozone.container.common.impl.HddsDispatcher.dispatchRequest(HddsDispatcher.java:365)
	at org.apache.hadoop.ozone.container.common.impl.HddsDispatcher.lambda$dispatch$1(HddsDispatcher.java:190)
	at org.apache.hadoop.hdds.server.OzoneProtocolMessageDispatcher.processRequest(OzoneProtocolMessageDispatcher.java:89)
	at org.apache.hadoop.ozone.container.common.impl.HddsDispatcher.dispatch(HddsDispatcher.java:189)
	at org.apache.hadoop.ozone.container.common.transport.server.ratis.ContainerStateMachine.dispatchCommand(ContainerStateMachine.java:567)
	at org.apache.hadoop.ozone.container.common.transport.server.ratis.ContainerStateMachine.lambda$applyTransaction$8(ContainerStateMachine.java:1061)
	at org.apache.ratis.util.TaskQueue.lambda$submit$0(TaskQueue.java:121)
	at org.apache.ratis.util.LogUtils.runAndLog(LogUtils.java:38)
	at org.apache.ratis.util.LogUtils$1.run(LogUtils.java:78)
	at java.base/java.util.concurrent.Executors$RunnableAdapter.call(Executors.java:572)
	at java.base/java.util.concurrent.FutureTask.run(FutureTask.java:317)
	at java.base/java.util.concurrent.ThreadPoolExecutor.runWorker(ThreadPoolExecutor.java:1144)
	at java.base/java.util.concurrent.ThreadPoolExecutor$Worker.run(ThreadPoolExecutor.java:642)
	at java.base/java.lang.Thread.run(Thread.java:1583)
2025-10-20 19:51:46,112 [e05592a5-d00f-4fc1-9e39-a968c1ecb04e-ContainerOp-aabd30cf-05b8-4e3b-b15e-1aa5f909702d-8] INFO  keyvalue.KeyValueHandler (KeyValueHandler.java:handleFinalizeBlock(714)) - Finalized Block request received conID: 16 locID: 115816896921600461 bcsId: 0 replicaIndex: null 
2025-10-20 19:51:46,113 [e05592a5-d00f-4fc1-9e39-a968c1ecb04e-ContainerOp-aabd30cf-05b8-4e3b-b15e-1aa5f909702d-8] WARN  keyvalue.KeyValueHandler (ContainerUtils.java:logAndReturnError(94)) - Operation: FinalizeBlock , Trace ID:  , Message: Unable to find the block. BlockID : conID: 16 locID: 115816896921600461 bcsId: 0 replicaIndex: null , Result: NO_SUCH_BLOCK , StorageContainerException Occurred.
org.apache.hadoop.hdds.scm.container.common.helpers.StorageContainerException: Unable to find the block. BlockID : conID: 16 locID: 115816896921600461 bcsId: 0 replicaIndex: null
	at org.apache.hadoop.ozone.container.metadata.DatanodeStoreWithIncrementalChunkList.getCompleteBlockData(DatanodeStoreWithIncrementalChunkList.java:67)
	at org.apache.hadoop.ozone.container.metadata.DatanodeStore.getBlockByID(DatanodeStore.java:90)
	at org.apache.hadoop.ozone.container.keyvalue.impl.BlockManagerImpl.getBlockByID(BlockManagerImpl.java:462)
	at org.apache.hadoop.ozone.container.keyvalue.impl.BlockManagerImpl.getBlock(BlockManagerImpl.java:347)
	at org.apache.hadoop.ozone.container.keyvalue.KeyValueHandler.handleFinalizeBlock(KeyValueHandler.java:716)
	at org.apache.hadoop.ozone.container.keyvalue.KeyValueHandler.dispatchRequest(KeyValueHandler.java:357)
	at org.apache.hadoop.ozone.container.keyvalue.KeyValueHandler.handle(KeyValueHandler.java:293)
	at org.apache.hadoop.ozone.container.common.impl.HddsDispatcher.dispatchRequest(HddsDispatcher.java:365)
	at org.apache.hadoop.ozone.container.common.impl.HddsDispatcher.lambda$dispatch$1(HddsDispatcher.java:190)
	at org.apache.hadoop.hdds.server.OzoneProtocolMessageDispatcher.processRequest(OzoneProtocolMessageDispatcher.java:89)
	at org.apache.hadoop.ozone.container.common.impl.HddsDispatcher.dispatch(HddsDispatcher.java:189)
	at org.apache.hadoop.ozone.container.common.transport.server.ratis.ContainerStateMachine.dispatchCommand(ContainerStateMachine.java:567)
	at org.apache.hadoop.ozone.container.common.transport.server.ratis.ContainerStateMachine.lambda$applyTransaction$8(ContainerStateMachine.java:1061)
	at org.apache.ratis.util.TaskQueue.lambda$submit$0(TaskQueue.java:121)
	at org.apache.ratis.util.LogUtils.runAndLog(LogUtils.java:38)
	at org.apache.ratis.util.LogUtils$1.run(LogUtils.java:78)
	at java.base/java.util.concurrent.Executors$RunnableAdapter.call(Executors.java:572)
	at java.base/java.util.concurrent.FutureTask.run(FutureTask.java:317)
	at java.base/java.util.concurrent.ThreadPoolExecutor.runWorker(ThreadPoolExecutor.java:1144)
	at java.base/java.util.concurrent.ThreadPoolExecutor$Worker.run(ThreadPoolExecutor.java:642)
	at java.base/java.lang.Thread.run(Thread.java:1583)
2025-10-20 19:51:46,114 [361055de-215b-4c6c-94c2-be1c1da118d1-ContainerOp-aabd30cf-05b8-4e3b-b15e-1aa5f909702d-8] INFO  keyvalue.KeyValueHandler (KeyValueHandler.java:handleFinalizeBlock(714)) - Finalized Block request received conID: 16 locID: 115816896921600461 bcsId: 0 replicaIndex: null 
2025-10-20 19:51:46,114 [361055de-215b-4c6c-94c2-be1c1da118d1-ContainerOp-aabd30cf-05b8-4e3b-b15e-1aa5f909702d-8] WARN  keyvalue.KeyValueHandler (ContainerUtils.java:logAndReturnError(94)) - Operation: FinalizeBlock , Trace ID:  , Message: Unable to find the block. BlockID : conID: 16 locID: 115816896921600461 bcsId: 0 replicaIndex: null , Result: NO_SUCH_BLOCK , StorageContainerException Occurred.
org.apache.hadoop.hdds.scm.container.common.helpers.StorageContainerException: Unable to find the block. BlockID : conID: 16 locID: 115816896921600461 bcsId: 0 replicaIndex: null
	at org.apache.hadoop.ozone.container.metadata.DatanodeStoreWithIncrementalChunkList.getCompleteBlockData(DatanodeStoreWithIncrementalChunkList.java:67)
	at org.apache.hadoop.ozone.container.metadata.DatanodeStore.getBlockByID(DatanodeStore.java:90)
	at org.apache.hadoop.ozone.container.keyvalue.impl.BlockManagerImpl.getBlockByID(BlockManagerImpl.java:462)
	at org.apache.hadoop.ozone.container.keyvalue.impl.BlockManagerImpl.getBlock(BlockManagerImpl.java:347)
	at org.apache.hadoop.ozone.container.keyvalue.KeyValueHandler.handleFinalizeBlock(KeyValueHandler.java:716)
	at org.apache.hadoop.ozone.container.keyvalue.KeyValueHandler.dispatchRequest(KeyValueHandler.java:357)
	at org.apache.hadoop.ozone.container.keyvalue.KeyValueHandler.handle(KeyValueHandler.java:293)
	at org.apache.hadoop.ozone.container.common.impl.HddsDispatcher.dispatchRequest(HddsDispatcher.java:365)
	at org.apache.hadoop.ozone.container.common.impl.HddsDispatcher.lambda$dispatch$1(HddsDispatcher.java:190)
	at org.apache.hadoop.hdds.server.OzoneProtocolMessageDispatcher.processRequest(OzoneProtocolMessageDispatcher.java:89)
	at org.apache.hadoop.ozone.container.common.impl.HddsDispatcher.dispatch(HddsDispatcher.java:189)
	at org.apache.hadoop.ozone.container.common.transport.server.ratis.ContainerStateMachine.dispatchCommand(ContainerStateMachine.java:567)
	at org.apache.hadoop.ozone.container.common.transport.server.ratis.ContainerStateMachine.lambda$applyTransaction$8(ContainerStateMachine.java:1061)
	at org.apache.ratis.util.TaskQueue.lambda$submit$0(TaskQueue.java:121)
	at org.apache.ratis.util.LogUtils.runAndLog(LogUtils.java:38)
	at org.apache.ratis.util.LogUtils$1.run(LogUtils.java:78)
	at java.base/java.util.concurrent.Executors$RunnableAdapter.call(Executors.java:572)
	at java.base/java.util.concurrent.FutureTask.run(FutureTask.java:317)
	at java.base/java.util.concurrent.ThreadPoolExecutor.runWorker(ThreadPoolExecutor.java:1144)
	at java.base/java.util.concurrent.ThreadPoolExecutor$Worker.run(ThreadPoolExecutor.java:642)
	at java.base/java.lang.Thread.run(Thread.java:1583)
2025-10-20 19:51:46,115 [e05592a5-d00f-4fc1-9e39-a968c1ecb04e-ContainerOp-aabd30cf-05b8-4e3b-b15e-1aa5f909702d-8] WARN  keyvalue.KeyValueContainer (KeyValueContainer.java:markContainerUnhealthy(397)) - Marked container UNHEALTHY from OPEN: KeyValueContainerData #16 (UNHEALTHY, non-empty, ri=0, origin=[dn_e05592a5-d00f-4fc1-9e39-a968c1ecb04e, pipeline_aabd30cf-05b8-4e3b-b15e-1aa5f909702d])
2025-10-20 19:51:46,116 [ef67b0a7-5b27-496d-9f38-ab804a28e500-ContainerOp-aabd30cf-05b8-4e3b-b15e-1aa5f909702d-7] WARN  keyvalue.KeyValueContainer (KeyValueContainer.java:markContainerUnhealthy(397)) - Marked container UNHEALTHY from OPEN: KeyValueContainerData #16 (UNHEALTHY, non-empty, ri=0, origin=[dn_ef67b0a7-5b27-496d-9f38-ab804a28e500, pipeline_aabd30cf-05b8-4e3b-b15e-1aa5f909702d])
2025-10-20 19:51:46,118 [361055de-215b-4c6c-94c2-be1c1da118d1-ContainerOp-aabd30cf-05b8-4e3b-b15e-1aa5f909702d-8] WARN  keyvalue.KeyValueContainer (KeyValueContainer.java:markContainerUnhealthy(397)) - Marked container UNHEALTHY from OPEN: KeyValueContainerData #16 (UNHEALTHY, non-empty, ri=0, origin=[dn_361055de-215b-4c6c-94c2-be1c1da118d1, pipeline_aabd30cf-05b8-4e3b-b15e-1aa5f909702d])
2025-10-20 19:51:46,119 | ERROR | ContainerLog | ID=16 | Index=0 | BCSID=165 | State=UNHEALTHY | Volume=/home/runner/work/ozone/ozone/hadoop-ozone/integration-test/target/test-dir/MiniOzoneClusterImpl-6935df51-69ff-4c35-8bd4-ed2b81d70e54/ozone-metadata/datanode-1/data-0/hdds | DataChecksum=6d634216 | Container has 1 error: WRITE_FAILURE for file /home/runner/work/ozone/ozone/hadoop-ozone/integration-test/target/test-dir/MiniOzoneClusterImpl-6935df51-69ff-4c35-8bd4-ed2b81d70e54/ozone-metadata/datanode-1/data-0/hdds/6935df51-69ff-4c35-8bd4-ed2b81d70e54/current/containerDir0/16 with exception: org.apache.hadoop.hdds.scm.container.common.helpers.StorageContainerException |  
2025-10-20 19:51:46,121 | ERROR | ContainerLog | ID=16 | Index=0 | BCSID=165 | State=UNHEALTHY | Volume=/home/runner/work/ozone/ozone/hadoop-ozone/integration-test/target/test-dir/MiniOzoneClusterImpl-6935df51-69ff-4c35-8bd4-ed2b81d70e54/ozone-metadata/datanode-2/data-0/hdds | DataChecksum=6d634216 | Container has 1 error: WRITE_FAILURE for file /home/runner/work/ozone/ozone/hadoop-ozone/integration-test/target/test-dir/MiniOzoneClusterImpl-6935df51-69ff-4c35-8bd4-ed2b81d70e54/ozone-metadata/datanode-2/data-0/hdds/6935df51-69ff-4c35-8bd4-ed2b81d70e54/current/containerDir0/16 with exception: org.apache.hadoop.hdds.scm.container.common.helpers.StorageContainerException |  
2025-10-20 19:51:46,123 [FixedThreadPoolWithAffinityExecutor-8-0] INFO  container.IncrementalContainerReportHandler (AbstractContainerReportHandler.java:updateContainerState(253)) - FINALIZE (i.e. CLOSING) Container #16 (OPEN, sid=0) r0 (UNHEALTHY, bcsid=165, origin=ef67b0a7-5b27-496d-9f38-ab804a28e500, non-empty) from dn ef67b0a7-5b27-496d-9f38-ab804a28e500(localhost/127.0.0.1)
2025-10-20 19:51:46,123 [EventQueue-PipelineActionsForPipelineActionHandler] INFO  pipeline.PipelineActionHandler (PipelineActionHandler.java:processPipelineAction(89)) - Received pipeline action CLOSE for Pipeline-0b8c5e6b-69eb-484b-887e-939de61e1e74 from datanode ef67b0a7-5b27-496d-9f38-ab804a28e500(localhost/127.0.0.1). Reason : Ratis Transaction failure in datanode ef67b0a7-5b27-496d-9f38-ab804a28e500 with role FOLLOWER .Triggering pipeline close action.
2025-10-20 19:51:46,123 | INFO  | SCMAudit | user=runner | ip=127.0.0.1 | op=SEND_HEARTBEAT {"datanodeUUID":"ef67b0a7-5b27-496d-9f38-ab804a28e500","term":"2","command":"[]"} | ret=SUCCESS |  
2025-10-20 19:51:46,122 | ERROR | ContainerLog | ID=16 | Index=0 | BCSID=165 | State=UNHEALTHY | Volume=/home/runner/work/ozone/ozone/hadoop-ozone/integration-test/target/test-dir/MiniOzoneClusterImpl-6935df51-69ff-4c35-8bd4-ed2b81d70e54/ozone-metadata/datanode-3/data-0/hdds | DataChecksum=6d634216 | Container has 1 error: WRITE_FAILURE for file /home/runner/work/ozone/ozone/hadoop-ozone/integration-test/target/test-dir/MiniOzoneClusterImpl-6935df51-69ff-4c35-8bd4-ed2b81d70e54/ozone-metadata/datanode-3/data-0/hdds/6935df51-69ff-4c35-8bd4-ed2b81d70e54/current/containerDir0/16 with exception: org.apache.hadoop.hdds.scm.container.common.helpers.StorageContainerException |  
2025-10-20 19:51:46,124 [e05592a5-d00f-4fc1-9e39-a968c1ecb04e-ContainerOp-aabd30cf-05b8-4e3b-b15e-1aa5f909702d-8] INFO  impl.HddsDispatcher (HddsDispatcher.java:dispatchRequest(412)) - Marked Container UNHEALTHY, ContainerID: 16
2025-10-20 19:51:46,125 | ERROR | DNAudit | user=null | ip=null | op=FINALIZE_BLOCK {"blockData":"conID: 16 locID: 115816896921600461 bcsId: 0 replicaIndex: null"} | ret=FAILURE | 
java.lang.Exception: Unable to find the block. BlockID : conID: 16 locID: 115816896921600461 bcsId: 0 replicaIndex: null
	at org.apache.hadoop.ozone.container.common.impl.HddsDispatcher.dispatchRequest(HddsDispatcher.java:440)
	at org.apache.hadoop.ozone.container.common.impl.HddsDispatcher.lambda$dispatch$1(HddsDispatcher.java:190)
 
2025-10-20 19:51:46,125 [ef67b0a7-5b27-496d-9f38-ab804a28e500-ContainerOp-aabd30cf-05b8-4e3b-b15e-1aa5f909702d-7] INFO  impl.HddsDispatcher (HddsDispatcher.java:dispatchRequest(412)) - Marked Container UNHEALTHY, ContainerID: 16
2025-10-20 19:51:46,125 | ERROR | DNAudit | user=null | ip=null | op=FINALIZE_BLOCK {"blockData":"conID: 16 locID: 115816896921600461 bcsId: 0 replicaIndex: null"} | ret=FAILURE | 
java.lang.Exception: Unable to find the block. BlockID : conID: 16 locID: 115816896921600461 bcsId: 0 replicaIndex: null
	at org.apache.hadoop.ozone.container.common.impl.HddsDispatcher.dispatchRequest(HddsDispatcher.java:440)
	at org.apache.hadoop.ozone.container.common.impl.HddsDispatcher.lambda$dispatch$1(HddsDispatcher.java:190)
 
2025-10-20 19:51:46,125 [e05592a5-d00f-4fc1-9e39-a968c1ecb04e-ContainerOp-aabd30cf-05b8-4e3b-b15e-1aa5f909702d-8] ERROR ratis.ContainerStateMachine (ContainerStateMachine.java:lambda$applyTransaction$11(1163)) - gid group-1AA5F909702D : ApplyTransaction failed. cmd FinalizeBlock logIndex 169 msg : Unable to find the block. BlockID : conID: 16 locID: 115816896921600461 bcsId: 0 replicaIndex: null Container Result: NO_SUCH_BLOCK
2025-10-20 19:51:46,125 [361055de-215b-4c6c-94c2-be1c1da118d1-ContainerOp-aabd30cf-05b8-4e3b-b15e-1aa5f909702d-8] INFO  impl.HddsDispatcher (HddsDispatcher.java:dispatchRequest(412)) - Marked Container UNHEALTHY, ContainerID: 16
2025-10-20 19:51:46,125 | ERROR | DNAudit | user=null | ip=null | op=FINALIZE_BLOCK {"blockData":"conID: 16 locID: 115816896921600461 bcsId: 0 replicaIndex: null"} | ret=FAILURE | 
java.lang.Exception: Unable to find the block. BlockID : conID: 16 locID: 115816896921600461 bcsId: 0 replicaIndex: null
	at org.apache.hadoop.ozone.container.common.impl.HddsDispatcher.dispatchRequest(HddsDispatcher.java:440)
	at org.apache.hadoop.ozone.container.common.impl.HddsDispatcher.lambda$dispatch$1(HddsDispatcher.java:190)
 
2025-10-20 19:51:46,125 [EventQueue-PipelineActionsForPipelineActionHandler] INFO  pipeline.PipelineActionHandler (PipelineActionHandler.java:processPipelineAction(89)) - Received pipeline action CLOSE for Pipeline-0b8c5e6b-69eb-484b-887e-939de61e1e74 from datanode 361055de-215b-4c6c-94c2-be1c1da118d1(localhost/127.0.0.1). Reason : Ratis Transaction failure in datanode 361055de-215b-4c6c-94c2-be1c1da118d1 with role LEADER .Triggering pipeline close action.
2025-10-20 19:51:46,126 [361055de-215b-4c6c-94c2-be1c1da118d1-ContainerOp-aabd30cf-05b8-4e3b-b15e-1aa5f909702d-8] ERROR ratis.ContainerStateMachine (ContainerStateMachine.java:lambda$applyTransaction$11(1163)) - gid group-1AA5F909702D : ApplyTransaction failed. cmd FinalizeBlock logIndex 169 msg : Unable to find the block. BlockID : conID: 16 locID: 115816896921600461 bcsId: 0 replicaIndex: null Container Result: NO_SUCH_BLOCK
2025-10-20 19:51:46,126 | INFO  | SCMAudit | user=runner | ip=127.0.0.1 | op=SEND_HEARTBEAT {"datanodeUUID":"361055de-215b-4c6c-94c2-be1c1da118d1","term":"2","command":"[]"} | ret=SUCCESS |  
2025-10-20 19:51:46,126 [361055de-215b-4c6c-94c2-be1c1da118d1-ContainerOp-aabd30cf-05b8-4e3b-b15e-1aa5f909702d-8] ERROR impl.StateMachineUpdater (StateMachineUpdater.java:lambda$applyLog$3(259)) - Exception while 361055de-215b-4c6c-94c2-be1c1da118d1@group-1AA5F909702D-StateMachineUpdater: applying txn index=169, nextLog=(t:1, i:169), STATEMACHINELOGENTRY, WRITE: logData.size=104, stateMachineData.size=0, logEntryProtoSerializedSize=0
java.util.concurrent.CompletionException: org.apache.hadoop.hdds.scm.container.common.helpers.StorageContainerException: Unable to find the block. BlockID : conID: 16 locID: 115816896921600461 bcsId: 0 replicaIndex: null
	at java.base/java.util.concurrent.CompletableFuture.encodeThrowable(CompletableFuture.java:332)
	at java.base/java.util.concurrent.CompletableFuture.completeThrowable(CompletableFuture.java:347)
	at java.base/java.util.concurrent.CompletableFuture.uniWhenComplete(CompletableFuture.java:874)
	at java.base/java.util.concurrent.CompletableFuture$UniWhenComplete.tryFire(CompletableFuture.java:841)
	at java.base/java.util.concurrent.CompletableFuture.postComplete(CompletableFuture.java:510)
	at java.base/java.util.concurrent.CompletableFuture.completeExceptionally(CompletableFuture.java:2194)
	at org.apache.hadoop.ozone.container.common.transport.server.ratis.ContainerStateMachine.lambda$applyTransaction$11(ContainerStateMachine.java:1172)
	at java.base/java.util.concurrent.CompletableFuture$UniApply.tryFire(CompletableFuture.java:646)
	at java.base/java.util.concurrent.CompletableFuture.postComplete(CompletableFuture.java:510)
	at java.base/java.util.concurrent.CompletableFuture.complete(CompletableFuture.java:2179)
	at org.apache.ratis.util.TaskQueue.lambda$submit$0(TaskQueue.java:133)
	at org.apache.ratis.util.LogUtils.runAndLog(LogUtils.java:38)
	at org.apache.ratis.util.LogUtils$1.run(LogUtils.java:78)
	at java.base/java.util.concurrent.Executors$RunnableAdapter.call(Executors.java:572)
	at java.base/java.util.concurrent.FutureTask.run(FutureTask.java:317)
	at java.base/java.util.concurrent.ThreadPoolExecutor.runWorker(ThreadPoolExecutor.java:1144)
	at java.base/java.util.concurrent.ThreadPoolExecutor$Worker.run(ThreadPoolExecutor.java:642)
	at java.base/java.lang.Thread.run(Thread.java:1583)
Caused by: org.apache.hadoop.hdds.scm.container.common.helpers.StorageContainerException: Unable to find the block. BlockID : conID: 16 locID: 115816896921600461 bcsId: 0 replicaIndex: null
	at org.apache.hadoop.ozone.container.common.transport.server.ratis.ContainerStateMachine.lambda$applyTransaction$11(ContainerStateMachine.java:1162)
	... 11 more
2025-10-20 19:51:46,126 | INFO  | SCMAudit | user=runner | ip=127.0.0.1 | op=SEND_HEARTBEAT {"datanodeUUID":"e05592a5-d00f-4fc1-9e39-a968c1ecb04e","term":"2","command":"[]"} | ret=SUCCESS |  
2025-10-20 19:51:46,126 [e05592a5-d00f-4fc1-9e39-a968c1ecb04e-ContainerOp-aabd30cf-05b8-4e3b-b15e-1aa5f909702d-8] ERROR impl.StateMachineUpdater (StateMachineUpdater.java:lambda$applyLog$3(259)) - Exception while e05592a5-d00f-4fc1-9e39-a968c1ecb04e@group-1AA5F909702D-StateMachineUpdater: applying txn index=169, nextLog=(t:1, i:169), STATEMACHINELOGENTRY, WRITE: logData.size=104, stateMachineData.size=0, logEntryProtoSerializedSize=0
java.util.concurrent.CompletionException: org.apache.hadoop.hdds.scm.container.common.helpers.StorageContainerException: Unable to find the block. BlockID : conID: 16 locID: 115816896921600461 bcsId: 0 replicaIndex: null
	at java.base/java.util.concurrent.CompletableFuture.encodeThrowable(CompletableFuture.java:332)
	at java.base/java.util.concurrent.CompletableFuture.completeThrowable(CompletableFuture.java:347)
	at java.base/java.util.concurrent.CompletableFuture.uniWhenComplete(CompletableFuture.java:874)
	at java.base/java.util.concurrent.CompletableFuture$UniWhenComplete.tryFire(CompletableFuture.java:841)
	at java.base/java.util.concurrent.CompletableFuture.postComplete(CompletableFuture.java:510)
	at java.base/java.util.concurrent.CompletableFuture.completeExceptionally(CompletableFuture.java:2194)
	at org.apache.hadoop.ozone.container.common.transport.server.ratis.ContainerStateMachine.lambda$applyTransaction$11(ContainerStateMachine.java:1172)
	at java.base/java.util.concurrent.CompletableFuture$UniApply.tryFire(CompletableFuture.java:646)
	at java.base/java.util.concurrent.CompletableFuture.postComplete(CompletableFuture.java:510)
	at java.base/java.util.concurrent.CompletableFuture.complete(CompletableFuture.java:2179)
	at org.apache.ratis.util.TaskQueue.lambda$submit$0(TaskQueue.java:133)
	at org.apache.ratis.util.LogUtils.runAndLog(LogUtils.java:38)
	at org.apache.ratis.util.LogUtils$1.run(LogUtils.java:78)
	at java.base/java.util.concurrent.Executors$RunnableAdapter.call(Executors.java:572)
	at java.base/java.util.concurrent.FutureTask.run(FutureTask.java:317)
	at java.base/java.util.concurrent.ThreadPoolExecutor.runWorker(ThreadPoolExecutor.java:1144)
	at java.base/java.util.concurrent.ThreadPoolExecutor$Worker.run(ThreadPoolExecutor.java:642)
	at java.base/java.lang.Thread.run(Thread.java:1583)
Caused by: org.apache.hadoop.hdds.scm.container.common.helpers.StorageContainerException: Unable to find the block. BlockID : conID: 16 locID: 115816896921600461 bcsId: 0 replicaIndex: null
	at org.apache.hadoop.ozone.container.common.transport.server.ratis.ContainerStateMachine.lambda$applyTransaction$11(ContainerStateMachine.java:1162)
	... 11 more
2025-10-20 19:51:46,126 [EventQueue-PipelineActionsForPipelineActionHandler] INFO  pipeline.PipelineActionHandler (PipelineActionHandler.java:processPipelineAction(89)) - Received pipeline action CLOSE for Pipeline-0b8c5e6b-69eb-484b-887e-939de61e1e74 from datanode e05592a5-d00f-4fc1-9e39-a968c1ecb04e(localhost/127.0.0.1). Reason : Ratis Transaction failure in datanode e05592a5-d00f-4fc1-9e39-a968c1ecb04e with role FOLLOWER .Triggering pipeline close action.
2025-10-20 19:51:46,127 [e05592a5-d00f-4fc1-9e39-a968c1ecb04e-ContainerOp-aabd30cf-05b8-4e3b-b15e-1aa5f909702d-8] WARN  ratis.XceiverServerRatis (XceiverServerRatis.java:triggerPipelineClose(767)) - pipeline Action CLOSE on pipeline Pipeline-aabd30cf-05b8-4e3b-b15e-1aa5f909702d.Reason : Ratis Transaction failure in datanode e05592a5-d00f-4fc1-9e39-a968c1ecb04e with role FOLLOWER .Triggering pipeline close action.
2025-10-20 19:51:46,127 [361055de-215b-4c6c-94c2-be1c1da118d1-ContainerOp-aabd30cf-05b8-4e3b-b15e-1aa5f909702d-8] WARN  ratis.XceiverServerRatis (XceiverServerRatis.java:triggerPipelineClose(767)) - pipeline Action CLOSE on pipeline Pipeline-aabd30cf-05b8-4e3b-b15e-1aa5f909702d.Reason : Ratis Transaction failure in datanode 361055de-215b-4c6c-94c2-be1c1da118d1 with role FOLLOWER .Triggering pipeline close action.
2025-10-20 19:51:46,127 [ef67b0a7-5b27-496d-9f38-ab804a28e500-ContainerOp-aabd30cf-05b8-4e3b-b15e-1aa5f909702d-7] ERROR ratis.ContainerStateMachine (ContainerStateMachine.java:lambda$applyTransaction$11(1163)) - gid group-1AA5F909702D : ApplyTransaction failed. cmd FinalizeBlock logIndex 169 msg : Unable to find the block. BlockID : conID: 16 locID: 115816896921600461 bcsId: 0 replicaIndex: null Container Result: NO_SUCH_BLOCK
2025-10-20 19:51:46,127 [EventQueue-CloseContainerForCloseContainerEventHandler] INFO  container.CloseContainerEventHandler (CloseContainerEventHandler.java:onMessage(88)) - Close container Event triggered for container : #16, current state: CLOSING
2025-10-20 19:51:46,127 | INFO  | SCMAudit | user=runner | ip=127.0.0.1 | op=SEND_HEARTBEAT {"datanodeUUID":"361055de-215b-4c6c-94c2-be1c1da118d1","term":"2","command":"[]"} | ret=SUCCESS |  
2025-10-20 19:51:46,127 [EventQueue-PipelineActionsForPipelineActionHandler] INFO  pipeline.PipelineActionHandler (PipelineActionHandler.java:processPipelineAction(89)) - Received pipeline action CLOSE for Pipeline-0b8c5e6b-69eb-484b-887e-939de61e1e74 from datanode 361055de-215b-4c6c-94c2-be1c1da118d1(localhost/127.0.0.1). Reason : Ratis Transaction failure in datanode 361055de-215b-4c6c-94c2-be1c1da118d1 with role LEADER .Triggering pipeline close action.
2025-10-20 19:51:46,128 [EventQueue-PipelineActionsForPipelineActionHandler] INFO  pipeline.PipelineActionHandler (PipelineActionHandler.java:processPipelineAction(89)) - Received pipeline action CLOSE for Pipeline-0b8c5e6b-69eb-484b-887e-939de61e1e74 from datanode e05592a5-d00f-4fc1-9e39-a968c1ecb04e(localhost/127.0.0.1). Reason : Ratis Transaction failure in datanode e05592a5-d00f-4fc1-9e39-a968c1ecb04e with role FOLLOWER .Triggering pipeline close action.
2025-10-20 19:51:46,128 [EventQueue-PipelineActionsForPipelineActionHandler] INFO  pipeline.PipelineActionHandler (PipelineActionHandler.java:processPipelineAction(89)) - Received pipeline action CLOSE for Pipeline-aabd30cf-05b8-4e3b-b15e-1aa5f909702d from datanode e05592a5-d00f-4fc1-9e39-a968c1ecb04e(localhost/127.0.0.1). Reason : Ratis Transaction failure in datanode e05592a5-d00f-4fc1-9e39-a968c1ecb04e with role FOLLOWER .Triggering pipeline close action.
2025-10-20 19:51:46,128 | INFO  | SCMAudit | user=runner | ip=127.0.0.1 | op=SEND_HEARTBEAT {"datanodeUUID":"e05592a5-d00f-4fc1-9e39-a968c1ecb04e","term":"2","command":"[]"} | ret=SUCCESS |  
2025-10-20 19:51:46,128 | INFO  | SCMAudit | user=runner | ip=127.0.0.1 | op=SEND_HEARTBEAT {"datanodeUUID":"361055de-215b-4c6c-94c2-be1c1da118d1","term":"2","command":"[]"} | ret=SUCCESS |  
2025-10-20 19:51:46,128 [EventQueue-CloseContainerForCloseContainerEventHandler] INFO  container.CloseContainerEventHandler (CloseContainerEventHandler.java:onMessage(88)) - Close container Event triggered for container : #16, current state: CLOSING
2025-10-20 19:51:46,128 [EventQueue-CloseContainerForCloseContainerEventHandler] INFO  container.CloseContainerEventHandler (CloseContainerEventHandler.java:onMessage(88)) - Close container Event triggered for container : #16, current state: CLOSING
2025-10-20 19:51:46,129 | INFO  | SCMAudit | user=runner | ip=127.0.0.1 | op=SEND_HEARTBEAT {"datanodeUUID":"ef67b0a7-5b27-496d-9f38-ab804a28e500","term":"2","command":"[]"} | ret=SUCCESS |  
2025-10-20 19:51:46,129 | INFO  | SCMAudit | user=runner | ip=127.0.0.1 | op=SEND_HEARTBEAT {"datanodeUUID":"e05592a5-d00f-4fc1-9e39-a968c1ecb04e","term":"2","command":"[]"} | ret=SUCCESS |  
2025-10-20 19:51:46,130 [ef67b0a7-5b27-496d-9f38-ab804a28e500-ContainerOp-aabd30cf-05b8-4e3b-b15e-1aa5f909702d-7] ERROR impl.StateMachineUpdater (StateMachineUpdater.java:lambda$applyLog$3(259)) - Exception while ef67b0a7-5b27-496d-9f38-ab804a28e500@group-1AA5F909702D-StateMachineUpdater: applying txn index=169, nextLog=(t:1, i:169), STATEMACHINELOGENTRY, WRITE: logData.size=104, stateMachineData.size=0, logEntryProtoSerializedSize=0
java.util.concurrent.CompletionException: org.apache.hadoop.hdds.scm.container.common.helpers.StorageContainerException: Unable to find the block. BlockID : conID: 16 locID: 115816896921600461 bcsId: 0 replicaIndex: null
	at java.base/java.util.concurrent.CompletableFuture.encodeThrowable(CompletableFuture.java:332)
	at java.base/java.util.concurrent.CompletableFuture.completeThrowable(CompletableFuture.java:347)
	at java.base/java.util.concurrent.CompletableFuture.uniWhenComplete(CompletableFuture.java:874)
	at java.base/java.util.concurrent.CompletableFuture$UniWhenComplete.tryFire(CompletableFuture.java:841)
	at java.base/java.util.concurrent.CompletableFuture.postComplete(CompletableFuture.java:510)
	at java.base/java.util.concurrent.CompletableFuture.completeExceptionally(CompletableFuture.java:2194)
	at org.apache.hadoop.ozone.container.common.transport.server.ratis.ContainerStateMachine.lambda$applyTransaction$11(ContainerStateMachine.java:1172)
	at java.base/java.util.concurrent.CompletableFuture$UniApply.tryFire(CompletableFuture.java:646)
	at java.base/java.util.concurrent.CompletableFuture.postComplete(CompletableFuture.java:510)
	at java.base/java.util.concurrent.CompletableFuture.complete(CompletableFuture.java:2179)
	at org.apache.ratis.util.TaskQueue.lambda$submit$0(TaskQueue.java:133)
	at org.apache.ratis.util.LogUtils.runAndLog(LogUtils.java:38)
	at org.apache.ratis.util.LogUtils$1.run(LogUtils.java:78)
	at java.base/java.util.concurrent.Executors$RunnableAdapter.call(Executors.java:572)
	at java.base/java.util.concurrent.FutureTask.run(FutureTask.java:317)
	at java.base/java.util.concurrent.ThreadPoolExecutor.runWorker(ThreadPoolExecutor.java:1144)
	at java.base/java.util.concurrent.ThreadPoolExecutor$Worker.run(ThreadPoolExecutor.java:642)
	at java.base/java.lang.Thread.run(Thread.java:1583)
Caused by: org.apache.hadoop.hdds.scm.container.common.helpers.StorageContainerException: Unable to find the block. BlockID : conID: 16 locID: 115816896921600461 bcsId: 0 replicaIndex: null
	at org.apache.hadoop.ozone.container.common.transport.server.ratis.ContainerStateMachine.lambda$applyTransaction$11(ContainerStateMachine.java:1162)
	... 11 more
2025-10-20 19:51:46,130 [ef67b0a7-5b27-496d-9f38-ab804a28e500-ContainerOp-aabd30cf-05b8-4e3b-b15e-1aa5f909702d-7] WARN  ratis.XceiverServerRatis (XceiverServerRatis.java:triggerPipelineClose(767)) - pipeline Action CLOSE on pipeline Pipeline-aabd30cf-05b8-4e3b-b15e-1aa5f909702d.Reason : Ratis Transaction failure in datanode ef67b0a7-5b27-496d-9f38-ab804a28e500 with role LEADER .Triggering pipeline close action.
2025-10-20 19:51:46,130 [EventQueue-PipelineActionsForPipelineActionHandler] INFO  pipeline.PipelineManagerImpl (PipelineManagerImpl.java:closePipeline(511)) - Pipeline Pipeline-aabd30cf-05b8-4e3b-b15e-1aa5f909702d moved to CLOSED state
2025-10-20 19:51:46,130 [EventQueue-PipelineActionsForPipelineActionHandler] INFO  pipeline.PipelineActionHandler (PipelineActionHandler.java:processPipelineAction(89)) - Received pipeline action CLOSE for Pipeline-0b8c5e6b-69eb-484b-887e-939de61e1e74 from datanode 361055de-215b-4c6c-94c2-be1c1da118d1(localhost/127.0.0.1). Reason : Ratis Transaction failure in datanode 361055de-215b-4c6c-94c2-be1c1da118d1 with role LEADER .Triggering pipeline close action.
2025-10-20 19:51:46,130 [EventQueue-PipelineActionsForPipelineActionHandler] INFO  pipeline.PipelineActionHandler (PipelineActionHandler.java:processPipelineAction(89)) - Received pipeline action CLOSE for Pipeline-aabd30cf-05b8-4e3b-b15e-1aa5f909702d from datanode 361055de-215b-4c6c-94c2-be1c1da118d1(localhost/127.0.0.1). Reason : Ratis Transaction failure in datanode 361055de-215b-4c6c-94c2-be1c1da118d1 with role FOLLOWER .Triggering pipeline close action.
2025-10-20 19:51:46,130 [EventQueue-PipelineActionsForPipelineActionHandler] INFO  pipeline.PipelineActionHandler (PipelineActionHandler.java:processPipelineAction(89)) - Received pipeline action CLOSE for Pipeline-0b8c5e6b-69eb-484b-887e-939de61e1e74 from datanode ef67b0a7-5b27-496d-9f38-ab804a28e500(localhost/127.0.0.1). Reason : Ratis Transaction failure in datanode ef67b0a7-5b27-496d-9f38-ab804a28e500 with role FOLLOWER .Triggering pipeline close action.
2025-10-20 19:51:46,130 [EventQueue-PipelineActionsForPipelineActionHandler] INFO  pipeline.PipelineActionHandler (PipelineActionHandler.java:processPipelineAction(89)) - Received pipeline action CLOSE for Pipeline-0b8c5e6b-69eb-484b-887e-939de61e1e74 from datanode e05592a5-d00f-4fc1-9e39-a968c1ecb04e(localhost/127.0.0.1). Reason : Ratis Transaction failure in datanode e05592a5-d00f-4fc1-9e39-a968c1ecb04e with role FOLLOWER .Triggering pipeline close action.
2025-10-20 19:51:46,130 [EventQueue-PipelineActionsForPipelineActionHandler] INFO  pipeline.PipelineActionHandler (PipelineActionHandler.java:processPipelineAction(89)) - Received pipeline action CLOSE for Pipeline-aabd30cf-05b8-4e3b-b15e-1aa5f909702d from datanode e05592a5-d00f-4fc1-9e39-a968c1ecb04e(localhost/127.0.0.1). Reason : Ratis Transaction failure in datanode e05592a5-d00f-4fc1-9e39-a968c1ecb04e with role FOLLOWER .Triggering pipeline close action.
2025-10-20 19:51:46,130 | INFO  | SCMAudit | user=runner | ip=127.0.0.1 | op=SEND_HEARTBEAT {"datanodeUUID":"ef67b0a7-5b27-496d-9f38-ab804a28e500","term":"2","command":"[]"} | ret=SUCCESS |  
2025-10-20 19:51:46,130 [EventQueue-PipelineActionsForPipelineActionHandler] INFO  pipeline.PipelineActionHandler (PipelineActionHandler.java:processPipelineAction(89)) - Received pipeline action CLOSE for Pipeline-0b8c5e6b-69eb-484b-887e-939de61e1e74 from datanode ef67b0a7-5b27-496d-9f38-ab804a28e500(localhost/127.0.0.1). Reason : Ratis Transaction failure in datanode ef67b0a7-5b27-496d-9f38-ab804a28e500 with role FOLLOWER .Triggering pipeline close action.
2025-10-20 19:51:46,131 [EventQueue-PipelineActionsForPipelineActionHandler] INFO  pipeline.PipelineActionHandler (PipelineActionHandler.java:processPipelineAction(89)) - Received pipeline action CLOSE for Pipeline-aabd30cf-05b8-4e3b-b15e-1aa5f909702d from datanode ef67b0a7-5b27-496d-9f38-ab804a28e500(localhost/127.0.0.1). Reason : Ratis Transaction failure in datanode ef67b0a7-5b27-496d-9f38-ab804a28e500 with role LEADER .Triggering pipeline close action.
2025-10-20 19:51:46,132 [grpc-default-executor-5] ERROR impl.OrderedAsync (OrderedAsync.java:lambda$send$4(181)) - Failed to send request, message=cmdType: FinalizeBlock traceID: "" containerID: 16 datanodeUuid: "ef67b0a7-5b27-496d-9f38-ab804a28e500" encodedToken: "VAoGcnVubmVyEiNjb25JRDogMTYgbG9jSUQ6IDExNTgxNjg5NjkyMTYwMDQ2MRixwc_CoDMoASgCMICAgAI6FQiMhvXspbPauxgQu-Ce3fTuw-KxASA4eE0J38bLKtjcoprYl2HcBgELOMLJtepKpHWI4HOyPhBIRERTX0JMT0NLX1RPS0VOJmNvbklEOiAxNiBsb2NJRDogMTE1ODE2ODk2OTIxNjAwNDYxAAAA" version: 3 finalizeBlock { blockID { containerID: 16 localID: 115816896921600461 blockCommitSequenceId: 0 } }, data.size=0
java.util.concurrent.CompletionException: org.apache.ratis.protocol.exceptions.StateMachineException: org.apache.hadoop.hdds.scm.container.common.helpers.StorageContainerException: Unable to find the block. BlockID : conID: 16 locID: 115816896921600461 bcsId: 0 replicaIndex: null
	at org.apache.ratis.client.impl.RaftClientImpl.handleRaftException(RaftClientImpl.java:373)
	at org.apache.ratis.client.impl.OrderedAsync.lambda$send$3(OrderedAsync.java:175)
	at java.base/java.util.concurrent.CompletableFuture$UniApply.tryFire(CompletableFuture.java:646)
	at java.base/java.util.concurrent.CompletableFuture.postComplete(CompletableFuture.java:510)
	at java.base/java.util.concurrent.CompletableFuture.complete(CompletableFuture.java:2179)
	at org.apache.ratis.client.impl.OrderedAsync$PendingOrderedRequest.setReply(OrderedAsync.java:105)
	at org.apache.ratis.client.impl.OrderedAsync$PendingOrderedRequest.setReply(OrderedAsync.java:66)
	at org.apache.ratis.util.SlidingWindow$RequestMap.setReply(SlidingWindow.java:147)
	at org.apache.ratis.util.SlidingWindow$Client.receiveReply(SlidingWindow.java:351)
	at org.apache.ratis.client.impl.OrderedAsync.lambda$sendRequestWithRetry$5(OrderedAsync.java:210)
	at java.base/java.util.concurrent.CompletableFuture$UniAccept.tryFire(CompletableFuture.java:718)
	at java.base/java.util.concurrent.CompletableFuture.postComplete(CompletableFuture.java:510)
	at java.base/java.util.concurrent.CompletableFuture.complete(CompletableFuture.java:2179)
	at org.apache.ratis.grpc.client.GrpcClientProtocolClient$AsyncStreamObservers$1.lambda$onNext$0(GrpcClientProtocolClient.java:325)
	at java.base/java.util.Optional.ifPresent(Optional.java:178)
	at org.apache.ratis.grpc.client.GrpcClientProtocolClient$AsyncStreamObservers.handleReplyFuture(GrpcClientProtocolClient.java:381)
	at org.apache.ratis.grpc.client.GrpcClientProtocolClient$AsyncStreamObservers.access$100(GrpcClientProtocolClient.java:303)
	at org.apache.ratis.grpc.client.GrpcClientProtocolClient$AsyncStreamObservers$1.onNext(GrpcClientProtocolClient.java:325)
	at org.apache.ratis.grpc.client.GrpcClientProtocolClient$AsyncStreamObservers$1.onNext(GrpcClientProtocolClient.java:308)
	at org.apache.ratis.thirdparty.io.grpc.stub.ClientCalls$StreamObserverToCallListenerAdapter.onMessage(ClientCalls.java:551)
	at org.apache.ratis.thirdparty.io.grpc.ForwardingClientCallListener.onMessage(ForwardingClientCallListener.java:33)
	at org.apache.ratis.thirdparty.io.grpc.internal.DelayedClientCall$DelayedListener.onMessage(DelayedClientCall.java:473)
	at org.apache.ratis.thirdparty.io.grpc.internal.ClientCallImpl$ClientStreamListenerImpl$1MessagesAvailable.runInternal(ClientCallImpl.java:661)
	at org.apache.ratis.thirdparty.io.grpc.internal.ClientCallImpl$ClientStreamListenerImpl$1MessagesAvailable.runInContext(ClientCallImpl.java:648)
	at org.apache.ratis.thirdparty.io.grpc.internal.ContextRunnable.run(ContextRunnable.java:37)
	at org.apache.ratis.thirdparty.io.grpc.internal.SerializingExecutor.run(SerializingExecutor.java:133)
	at java.base/java.util.concurrent.ThreadPoolExecutor.runWorker(ThreadPoolExecutor.java:1144)
	at java.base/java.util.concurrent.ThreadPoolExecutor$Worker.run(ThreadPoolExecutor.java:642)
	at java.base/java.lang.Thread.run(Thread.java:1583)
Caused by: org.apache.ratis.protocol.exceptions.StateMachineException: org.apache.hadoop.hdds.scm.container.common.helpers.StorageContainerException: Unable to find the block. BlockID : conID: 16 locID: 115816896921600461 bcsId: 0 replicaIndex: null
	at org.apache.hadoop.ozone.container.common.transport.server.ratis.ContainerStateMachine.lambda$applyTransaction$11(ContainerStateMachine.java:1162)
	at java.base/java.util.concurrent.CompletableFuture$UniApply.tryFire(CompletableFuture.java:646)
	at java.base/java.util.concurrent.CompletableFuture.postComplete(CompletableFuture.java:510)
	at java.base/java.util.concurrent.CompletableFuture.complete(CompletableFuture.java:2179)
	at org.apache.ratis.util.TaskQueue.lambda$submit$0(TaskQueue.java:133)
	at org.apache.ratis.util.LogUtils.runAndLog(LogUtils.java:38)
	at org.apache.ratis.util.LogUtils$1.run(LogUtils.java:78)
	at java.base/java.util.concurrent.Executors$RunnableAdapter.call(Executors.java:572)
	at java.base/java.util.concurrent.FutureTask.run(FutureTask.java:317)
	... 3 more
2025-10-20 19:51:46,133 [ForkJoinPool-1-worker-1] WARN  ozone.BasicRootedOzoneClientAdapterImpl (BasicRootedOzoneClientAdapterImpl.java:finalizeBlock(1489)) - Failed to execute finalizeBlock command
java.io.IOException: Failed to execute command cmdType: FinalizeBlock containerID: 16 datanodeUuid: "ef67b0a7-5b27-496d-9f38-ab804a28e500" encodedToken: "VAoGcnVubmVyEiNjb25JRDogMTYgbG9jSUQ6IDExNTgxNjg5NjkyMTYwMDQ2MRixwc_CoDMoASgCMICAgAI6FQiMhvXspbPauxgQu-Ce3fTuw-KxASA4eE0J38bLKtjcoprYl2HcBgELOMLJtepKpHWI4HOyPhBIRERTX0JMT0NLX1RPS0VOJmNvbklEOiAxNiBsb2NJRDogMTE1ODE2ODk2OTIxNjAwNDYxAAAA" finalizeBlock { blockID { containerID: 16 localID: 115816896921600461 blockCommitSequenceId: 0 } }
	at org.apache.hadoop.hdds.scm.XceiverClientSpi.getIOExceptionForSendCommand(XceiverClientSpi.java:150)
	at org.apache.hadoop.hdds.scm.XceiverClientSpi.sendCommand(XceiverClientSpi.java:143)
	at org.apache.hadoop.hdds.scm.storage.ContainerProtocolCalls.finalizeBlock(ContainerProtocolCalls.java:322)
	at org.apache.hadoop.fs.ozone.BasicRootedOzoneClientAdapterImpl.finalizeBlock(BasicRootedOzoneClientAdapterImpl.java:1484)
	at org.apache.hadoop.fs.ozone.LeaseRecoveryClientDNHandler.getOmKeyLocationInfos(LeaseRecoveryClientDNHandler.java:81)
	at org.apache.hadoop.fs.ozone.RootedOzoneFileSystem.recoverLeaseTraced(RootedOzoneFileSystem.java:165)
	at org.apache.hadoop.fs.ozone.RootedOzoneFileSystem.lambda$recoverLease$0(RootedOzoneFileSystem.java:143)
	at org.apache.hadoop.hdds.tracing.TracingUtil.executeInSpan(TracingUtil.java:205)
	at org.apache.hadoop.hdds.tracing.TracingUtil.executeInNewSpan(TracingUtil.java:195)
	at org.apache.hadoop.fs.ozone.RootedOzoneFileSystem.recoverLease(RootedOzoneFileSystem.java:142)
	at org.apache.hadoop.ozone.client.rpc.TestSecureOzoneRpcClient.testPreallocateFileRecovery(TestSecureOzoneRpcClient.java:305)
	at java.base/jdk.internal.reflect.DirectMethodHandleAccessor.invoke(DirectMethodHandleAccessor.java:103)
	at java.base/java.lang.reflect.Method.invoke(Method.java:580)
	at org.junit.platform.commons.util.ReflectionUtils.invokeMethod(ReflectionUtils.java:786)
	at org.junit.platform.commons.support.ReflectionSupport.invokeMethod(ReflectionSupport.java:514)
	at org.junit.jupiter.engine.execution.MethodInvocation.proceed(MethodInvocation.java:60)
	at org.junit.jupiter.engine.execution.InvocationInterceptorChain$ValidatingInvocation.proceed(InvocationInterceptorChain.java:131)
	at org.junit.jupiter.engine.extension.SameThreadTimeoutInvocation.proceed(SameThreadTimeoutInvocation.java:49)
	at org.junit.jupiter.engine.extension.TimeoutExtension.intercept(TimeoutExtension.java:161)
	at org.junit.jupiter.engine.extension.TimeoutExtension.interceptTestableMethod(TimeoutExtension.java:152)
	at org.junit.jupiter.engine.extension.TimeoutExtension.interceptTestTemplateMethod(TimeoutExtension.java:99)
	at org.junit.jupiter.engine.execution.InterceptingExecutableInvoker$ReflectiveInterceptorCall.lambda$ofVoidMethod$0(InterceptingExecutableInvoker.java:112)
	at org.junit.jupiter.engine.execution.InterceptingExecutableInvoker.lambda$invoke$0(InterceptingExecutableInvoker.java:94)
	at org.junit.jupiter.engine.execution.InvocationInterceptorChain$InterceptedInvocation.proceed(InvocationInterceptorChain.java:106)
	at org.junit.jupiter.engine.execution.InvocationInterceptorChain.proceed(InvocationInterceptorChain.java:64)
	at org.junit.jupiter.engine.execution.InvocationInterceptorChain.chainAndInvoke(InvocationInterceptorChain.java:45)
	at org.junit.jupiter.engine.execution.InvocationInterceptorChain.invoke(InvocationInterceptorChain.java:37)
	at org.junit.jupiter.engine.execution.InterceptingExecutableInvoker.invoke(InterceptingExecutableInvoker.java:93)
	at org.junit.jupiter.engine.execution.InterceptingExecutableInvoker.invoke(InterceptingExecutableInvoker.java:87)
	at org.junit.jupiter.engine.descriptor.TestMethodTestDescriptor.lambda$invokeTestMethod$4(TestMethodTestDescriptor.java:221)
	at org.junit.platform.engine.support.hierarchical.ThrowableCollector.execute(ThrowableCollector.java:73)
	at org.junit.jupiter.engine.descriptor.TestMethodTestDescriptor.invokeTestMethod(TestMethodTestDescriptor.java:217)
	at org.junit.jupiter.engine.descriptor.TestMethodTestDescriptor.execute(TestMethodTestDescriptor.java:159)
	at org.junit.jupiter.engine.descriptor.TestMethodTestDescriptor.execute(TestMethodTestDescriptor.java:70)
	at org.junit.platform.engine.support.hierarchical.NodeTestTask.lambda$executeRecursively$6(NodeTestTask.java:157)
	at org.junit.platform.engine.support.hierarchical.ThrowableCollector.execute(ThrowableCollector.java:73)
	at org.junit.platform.engine.support.hierarchical.NodeTestTask.lambda$executeRecursively$8(NodeTestTask.java:147)
	at org.junit.platform.engine.support.hierarchical.Node.around(Node.java:137)
	at org.junit.platform.engine.support.hierarchical.NodeTestTask.lambda$executeRecursively$9(NodeTestTask.java:145)
	at org.junit.platform.engine.support.hierarchical.ThrowableCollector.execute(ThrowableCollector.java:73)
	at org.junit.platform.engine.support.hierarchical.NodeTestTask.executeRecursively(NodeTestTask.java:144)
	at org.junit.platform.engine.support.hierarchical.NodeTestTask.execute(NodeTestTask.java:101)
	at org.junit.platform.engine.support.hierarchical.ForkJoinPoolHierarchicalTestExecutorService$ExclusiveTask.exec(ForkJoinPoolHierarchicalTestExecutorService.java:274)
	at org.junit.platform.engine.support.hierarchical.ForkJoinPoolHierarchicalTestExecutorService$ExclusiveTask.execSync(ForkJoinPoolHierarchicalTestExecutorService.java:247)
	at org.junit.platform.engine.support.hierarchical.ForkJoinPoolHierarchicalTestExecutorService.submit(ForkJoinPoolHierarchicalTestExecutorService.java:148)
	at org.junit.platform.engine.support.hierarchical.NodeTestTask$DefaultDynamicTestExecutor.execute(NodeTestTask.java:232)
	at org.junit.platform.engine.support.hierarchical.NodeTestTask$DefaultDynamicTestExecutor.execute(NodeTestTask.java:210)
	at org.junit.jupiter.engine.descriptor.TemplateExecutor.execute(TemplateExecutor.java:98)
	at org.junit.jupiter.engine.descriptor.TemplateExecutor.lambda$executeForProvider$0(TemplateExecutor.java:61)
	at java.base/java.util.Optional.ifPresent(Optional.java:178)
	at org.junit.jupiter.engine.descriptor.TemplateExecutor.lambda$executeForProvider$1(TemplateExecutor.java:61)
	at java.base/java.util.stream.ForEachOps$ForEachOp$OfRef.accept(ForEachOps.java:184)
	at java.base/java.util.stream.ReferencePipeline$3$1.accept(ReferencePipeline.java:197)
	at java.base/java.util.stream.ForEachOps$ForEachOp$OfRef.accept(ForEachOps.java:184)
	at java.base/java.util.stream.ForEachOps$ForEachOp$OfRef.accept(ForEachOps.java:184)
	at java.base/java.util.stream.ReferencePipeline$3$1.accept(ReferencePipeline.java:197)
	at java.base/java.util.Spliterators$ArraySpliterator.forEachRemaining(Spliterators.java:1024)
	at java.base/java.util.stream.AbstractPipeline.copyInto(AbstractPipeline.java:509)
	at java.base/java.util.stream.AbstractPipeline.wrapAndCopyInto(AbstractPipeline.java:499)
	at java.base/java.util.stream.ForEachOps$ForEachOp.evaluateSequential(ForEachOps.java:151)
	at java.base/java.util.stream.ForEachOps$ForEachOp$OfRef.evaluateSequential(ForEachOps.java:174)
	at java.base/java.util.stream.AbstractPipeline.evaluate(AbstractPipeline.java:234)
	at java.base/java.util.stream.ReferencePipeline.forEach(ReferencePipeline.java:596)
	at java.base/java.util.stream.ReferencePipeline$7$1.accept(ReferencePipeline.java:276)
	at java.base/java.util.ArrayList$ArrayListSpliterator.forEachRemaining(ArrayList.java:1708)
	at java.base/java.util.stream.AbstractPipeline.copyInto(AbstractPipeline.java:509)
	at java.base/java.util.stream.AbstractPipeline.wrapAndCopyInto(AbstractPipeline.java:499)
	at java.base/java.util.stream.ForEachOps$ForEachOp.evaluateSequential(ForEachOps.java:151)
	at java.base/java.util.stream.ForEachOps$ForEachOp$OfRef.evaluateSequential(ForEachOps.java:174)
	at java.base/java.util.stream.AbstractPipeline.evaluate(AbstractPipeline.java:234)
	at java.base/java.util.stream.ReferencePipeline.forEach(ReferencePipeline.java:596)
	at java.base/java.util.stream.ReferencePipeline$7$1.accept(ReferencePipeline.java:276)
	at java.base/java.util.stream.ReferencePipeline$3$1.accept(ReferencePipeline.java:197)
	at java.base/java.util.stream.ReferencePipeline$3$1.accept(ReferencePipeline.java:197)
	at java.base/java.util.stream.ReferencePipeline$3$1.accept(ReferencePipeline.java:197)
	at java.base/java.util.ArrayList$ArrayListSpliterator.forEachRemaining(ArrayList.java:1708)
	at java.base/java.util.stream.AbstractPipeline.copyInto(AbstractPipeline.java:509)
	at java.base/java.util.stream.AbstractPipeline.wrapAndCopyInto(AbstractPipeline.java:499)
	at java.base/java.util.stream.ForEachOps$ForEachOp.evaluateSequential(ForEachOps.java:151)
	at java.base/java.util.stream.ForEachOps$ForEachOp$OfRef.evaluateSequential(ForEachOps.java:174)
	at java.base/java.util.stream.AbstractPipeline.evaluate(AbstractPipeline.java:234)
	at java.base/java.util.stream.ReferencePipeline.forEach(ReferencePipeline.java:596)
	at org.junit.jupiter.engine.descriptor.TemplateExecutor.executeForProvider(TemplateExecutor.java:59)
	at org.junit.jupiter.engine.descriptor.TemplateExecutor.execute(TemplateExecutor.java:48)
	at org.junit.jupiter.engine.descriptor.TestTemplateTestDescriptor.execute(TestTemplateTestDescriptor.java:112)
	at org.junit.jupiter.engine.descriptor.TestTemplateTestDescriptor.execute(TestTemplateTestDescriptor.java:40)
	at org.junit.platform.engine.support.hierarchical.NodeTestTask.lambda$executeRecursively$6(NodeTestTask.java:157)
	at org.junit.platform.engine.support.hierarchical.ThrowableCollector.execute(ThrowableCollector.java:73)
	at org.junit.platform.engine.support.hierarchical.NodeTestTask.lambda$executeRecursively$8(NodeTestTask.java:147)
	at org.junit.platform.engine.support.hierarchical.Node.around(Node.java:137)
	at org.junit.platform.engine.support.hierarchical.NodeTestTask.lambda$executeRecursively$9(NodeTestTask.java:145)
	at org.junit.platform.engine.support.hierarchical.ThrowableCollector.execute(ThrowableCollector.java:73)
	at org.junit.platform.engine.support.hierarchical.NodeTestTask.executeRecursively(NodeTestTask.java:144)
	at org.junit.platform.engine.support.hierarchical.NodeTestTask.execute(NodeTestTask.java:101)
	at org.junit.platform.engine.support.hierarchical.ForkJoinPoolHierarchicalTestExecutorService$ExclusiveTask.exec(ForkJoinPoolHierarchicalTestExecutorService.java:274)
	at org.junit.platform.engine.support.hierarchical.ForkJoinPoolHierarchicalTestExecutorService$ExclusiveTask.execSync(ForkJoinPoolHierarchicalTestExecutorService.java:247)
	at org.junit.platform.engine.support.hierarchical.ForkJoinPoolHierarchicalTestExecutorService.executeSync(ForkJoinPoolHierarchicalTestExecutorService.java:194)
	at org.junit.platform.engine.support.hierarchical.ForkJoinPoolHierarchicalTestExecutorService.invokeAll(ForkJoinPoolHierarchicalTestExecutorService.java:166)
	at org.junit.platform.engine.support.hierarchical.NodeTestTask.lambda$executeRecursively$6(NodeTestTask.java:161)
	at org.junit.platform.engine.support.hierarchical.ThrowableCollector.execute(ThrowableCollector.java:73)
	at org.junit.platform.engine.support.hierarchical.NodeTestTask.lambda$executeRecursively$8(NodeTestTask.java:147)
	at org.junit.platform.engine.support.hierarchical.Node.around(Node.java:137)
	at org.junit.platform.engine.support.hierarchical.NodeTestTask.lambda$executeRecursively$9(NodeTestTask.java:145)
	at org.junit.platform.engine.support.hierarchical.ThrowableCollector.execute(ThrowableCollector.java:73)
	at org.junit.platform.engine.support.hierarchical.NodeTestTask.executeRecursively(NodeTestTask.java:144)
	at org.junit.platform.engine.support.hierarchical.NodeTestTask.execute(NodeTestTask.java:101)
	at org.junit.platform.engine.support.hierarchical.ForkJoinPoolHierarchicalTestExecutorService$ExclusiveTask.exec(ForkJoinPoolHierarchicalTestExecutorService.java:274)
	at org.junit.platform.engine.support.hierarchical.ForkJoinPoolHierarchicalTestExecutorService$ExclusiveTask.execSync(ForkJoinPoolHierarchicalTestExecutorService.java:247)
	at org.junit.platform.engine.support.hierarchical.ForkJoinPoolHierarchicalTestExecutorService.invokeAll(ForkJoinPoolHierarchicalTestExecutorService.java:159)
	at org.junit.platform.engine.support.hierarchical.NodeTestTask.lambda$executeRecursively$6(NodeTestTask.java:161)
	at org.junit.platform.engine.support.hierarchical.ThrowableCollector.execute(ThrowableCollector.java:73)
	at org.junit.platform.engine.support.hierarchical.NodeTestTask.lambda$executeRecursively$8(NodeTestTask.java:147)
	at org.junit.platform.engine.support.hierarchical.Node.around(Node.java:137)
	at org.junit.platform.engine.support.hierarchical.NodeTestTask.lambda$executeRecursively$9(NodeTestTask.java:145)
	at org.junit.platform.engine.support.hierarchical.ThrowableCollector.execute(ThrowableCollector.java:73)
	at org.junit.platform.engine.support.hierarchical.NodeTestTask.executeRecursively(NodeTestTask.java:144)
	at org.junit.platform.engine.support.hierarchical.NodeTestTask.execute(NodeTestTask.java:101)
	at org.junit.platform.engine.support.hierarchical.ForkJoinPoolHierarchicalTestExecutorService$ExclusiveTask.exec(ForkJoinPoolHierarchicalTestExecutorService.java:274)
	at java.base/java.util.concurrent.ForkJoinTask.doExec(ForkJoinTask.java:387)
	at java.base/java.util.concurrent.ForkJoinPool$WorkQueue.topLevelExec(ForkJoinPool.java:1312)
	at java.base/java.util.concurrent.ForkJoinPool.scan(ForkJoinPool.java:1843)
	at java.base/java.util.concurrent.ForkJoinPool.runWorker(ForkJoinPool.java:1808)
	at java.base/java.util.concurrent.ForkJoinWorkerThread.run(ForkJoinWorkerThread.java:188)
Caused by: java.util.concurrent.ExecutionException: org.apache.ratis.protocol.exceptions.StateMachineException: org.apache.hadoop.hdds.scm.container.common.helpers.StorageContainerException: Unable to find the block. BlockID : conID: 16 locID: 115816896921600461 bcsId: 0 replicaIndex: null
	at java.base/java.util.concurrent.CompletableFuture.reportGet(CompletableFuture.java:396)
	at java.base/java.util.concurrent.CompletableFuture.get(CompletableFuture.java:2073)
	at org.apache.hadoop.hdds.scm.XceiverClientSpi.sendCommand(XceiverClientSpi.java:133)
	... 121 more
Caused by: org.apache.ratis.protocol.exceptions.StateMachineException: org.apache.hadoop.hdds.scm.container.common.helpers.StorageContainerException: Unable to find the block. BlockID : conID: 16 locID: 115816896921600461 bcsId: 0 replicaIndex: null
	at org.apache.hadoop.ozone.container.common.transport.server.ratis.ContainerStateMachine.lambda$applyTransaction$11(ContainerStateMachine.java:1162)
	at java.base/java.util.concurrent.CompletableFuture$UniApply.tryFire(CompletableFuture.java:646)
	at java.base/java.util.concurrent.CompletableFuture.postComplete(CompletableFuture.java:510)
	at java.base/java.util.concurrent.CompletableFuture.complete(CompletableFuture.java:2179)
	at org.apache.ratis.util.TaskQueue.lambda$submit$0(TaskQueue.java:133)
	at org.apache.ratis.util.LogUtils.runAndLog(LogUtils.java:38)
	at org.apache.ratis.util.LogUtils$1.run(LogUtils.java:78)
	at java.base/java.util.concurrent.Executors$RunnableAdapter.call(Executors.java:572)
	at java.base/java.util.concurrent.FutureTask.run(FutureTask.java:317)
	at java.base/java.util.concurrent.ThreadPoolExecutor.runWorker(ThreadPoolExecutor.java:1144)
	at java.base/java.util.concurrent.ThreadPoolExecutor$Worker.run(ThreadPoolExecutor.java:642)
	at java.base/java.lang.Thread.run(Thread.java:1583)
2025-10-20 19:51:46,139 [361055de-215b-4c6c-94c2-be1c1da118d1-ChunkReader-7] WARN  keyvalue.KeyValueHandler (ContainerUtils.java:logAndReturnError(94)) - Operation: GetCommittedBlockLength , Trace ID:  , Message: Unable to find the block. BlockID : conID: 16 locID: 115816896921600461 bcsId: 0 replicaIndex: null , Result: NO_SUCH_BLOCK , StorageContainerException Occurred.
org.apache.hadoop.hdds.scm.container.common.helpers.StorageContainerException: Unable to find the block. BlockID : conID: 16 locID: 115816896921600461 bcsId: 0 replicaIndex: null
	at org.apache.hadoop.ozone.container.metadata.DatanodeStoreWithIncrementalChunkList.getCompleteBlockData(DatanodeStoreWithIncrementalChunkList.java:67)
	at org.apache.hadoop.ozone.container.metadata.DatanodeStore.getBlockByID(DatanodeStore.java:90)
	at org.apache.hadoop.ozone.container.keyvalue.impl.BlockManagerImpl.getBlockByID(BlockManagerImpl.java:462)
	at org.apache.hadoop.ozone.container.keyvalue.impl.BlockManagerImpl.getCommittedBlockLength(BlockManagerImpl.java:367)
	at org.apache.hadoop.ozone.container.keyvalue.KeyValueHandler.handleGetCommittedBlockLength(KeyValueHandler.java:860)
	at org.apache.hadoop.ozone.container.keyvalue.KeyValueHandler.dispatchRequest(KeyValueHandler.java:355)
	at org.apache.hadoop.ozone.container.keyvalue.KeyValueHandler.handle(KeyValueHandler.java:293)
	at org.apache.hadoop.ozone.container.common.impl.HddsDispatcher.dispatchRequest(HddsDispatcher.java:365)
	at org.apache.hadoop.ozone.container.common.impl.HddsDispatcher.lambda$dispatch$1(HddsDispatcher.java:190)
	at org.apache.hadoop.hdds.server.OzoneProtocolMessageDispatcher.processRequest(OzoneProtocolMessageDispatcher.java:89)
	at org.apache.hadoop.ozone.container.common.impl.HddsDispatcher.dispatch(HddsDispatcher.java:189)
	at org.apache.hadoop.ozone.container.common.transport.server.GrpcXceiverService$1.onNext(GrpcXceiverService.java:107)
	at org.apache.hadoop.ozone.container.common.transport.server.GrpcXceiverService$1.onNext(GrpcXceiverService.java:96)
	at org.apache.ratis.thirdparty.io.grpc.stub.ServerCalls$StreamingServerCallHandler$StreamingServerCallListener.onMessage(ServerCalls.java:262)
	at org.apache.ratis.thirdparty.io.grpc.ForwardingServerCallListener.onMessage(ForwardingServerCallListener.java:33)
	at org.apache.hadoop.hdds.tracing.GrpcServerInterceptor$1.onMessage(GrpcServerInterceptor.java:49)
	at org.apache.ratis.thirdparty.io.grpc.internal.ServerCallImpl$ServerStreamListenerImpl.messagesAvailableInternal(ServerCallImpl.java:334)
	at org.apache.ratis.thirdparty.io.grpc.internal.ServerCallImpl$ServerStreamListenerImpl.messagesAvailable(ServerCallImpl.java:319)
	at org.apache.ratis.thirdparty.io.grpc.internal.ServerImpl$JumpToApplicationThreadServerStreamListener$1MessagesAvailable.runInContext(ServerImpl.java:834)
	at org.apache.ratis.thirdparty.io.grpc.internal.ContextRunnable.run(ContextRunnable.java:37)
	at org.apache.ratis.thirdparty.io.grpc.internal.SerializingExecutor.run(SerializingExecutor.java:133)
	at java.base/java.util.concurrent.ThreadPoolExecutor.runWorker(ThreadPoolExecutor.java:1144)
	at java.base/java.util.concurrent.ThreadPoolExecutor$Worker.run(ThreadPoolExecutor.java:642)
	at java.base/java.lang.Thread.run(Thread.java:1583)
2025-10-20 19:51:46,140 | ERROR | DNAudit | user=null | ip=null | op=GET_COMMITTED_BLOCK_LENGTH {"blockData":"conID: 16 locID: 115816896921600461 bcsId: 0 replicaIndex: null"} | ret=FAILURE | 
java.lang.Exception: Unable to find the block. BlockID : conID: 16 locID: 115816896921600461 bcsId: 0 replicaIndex: null
	at org.apache.hadoop.ozone.container.common.impl.HddsDispatcher.dispatchRequest(HddsDispatcher.java:440)
	at org.apache.hadoop.ozone.container.common.impl.HddsDispatcher.lambda$dispatch$1(HddsDispatcher.java:190)
 
2025-10-20 19:51:46,143 [ef67b0a7-5b27-496d-9f38-ab804a28e500-ChunkReader-1] WARN  keyvalue.KeyValueHandler (ContainerUtils.java:logAndReturnError(94)) - Operation: GetCommittedBlockLength , Trace ID:  , Message: Unable to find the block. BlockID : conID: 16 locID: 115816896921600461 bcsId: 0 replicaIndex: null , Result: NO_SUCH_BLOCK , StorageContainerException Occurred.
org.apache.hadoop.hdds.scm.container.common.helpers.StorageContainerException: Unable to find the block. BlockID : conID: 16 locID: 115816896921600461 bcsId: 0 replicaIndex: null
	at org.apache.hadoop.ozone.container.metadata.DatanodeStoreWithIncrementalChunkList.getCompleteBlockData(DatanodeStoreWithIncrementalChunkList.java:67)
	at org.apache.hadoop.ozone.container.metadata.DatanodeStore.getBlockByID(DatanodeStore.java:90)
	at org.apache.hadoop.ozone.container.keyvalue.impl.BlockManagerImpl.getBlockByID(BlockManagerImpl.java:462)
	at org.apache.hadoop.ozone.container.keyvalue.impl.BlockManagerImpl.getCommittedBlockLength(BlockManagerImpl.java:367)
	at org.apache.hadoop.ozone.container.keyvalue.KeyValueHandler.handleGetCommittedBlockLength(KeyValueHandler.java:860)
	at org.apache.hadoop.ozone.container.keyvalue.KeyValueHandler.dispatchRequest(KeyValueHandler.java:355)
	at org.apache.hadoop.ozone.container.keyvalue.KeyValueHandler.handle(KeyValueHandler.java:293)
	at org.apache.hadoop.ozone.container.common.impl.HddsDispatcher.dispatchRequest(HddsDispatcher.java:365)
	at org.apache.hadoop.ozone.container.common.impl.HddsDispatcher.lambda$dispatch$1(HddsDispatcher.java:190)
	at org.apache.hadoop.hdds.server.OzoneProtocolMessageDispatcher.processRequest(OzoneProtocolMessageDispatcher.java:89)
	at org.apache.hadoop.ozone.container.common.impl.HddsDispatcher.dispatch(HddsDispatcher.java:189)
	at org.apache.hadoop.ozone.container.common.transport.server.GrpcXceiverService$1.onNext(GrpcXceiverService.java:107)
	at org.apache.hadoop.ozone.container.common.transport.server.GrpcXceiverService$1.onNext(GrpcXceiverService.java:96)
	at org.apache.ratis.thirdparty.io.grpc.stub.ServerCalls$StreamingServerCallHandler$StreamingServerCallListener.onMessage(ServerCalls.java:262)
	at org.apache.ratis.thirdparty.io.grpc.ForwardingServerCallListener.onMessage(ForwardingServerCallListener.java:33)
	at org.apache.hadoop.hdds.tracing.GrpcServerInterceptor$1.onMessage(GrpcServerInterceptor.java:49)
	at org.apache.ratis.thirdparty.io.grpc.internal.ServerCallImpl$ServerStreamListenerImpl.messagesAvailableInternal(ServerCallImpl.java:334)
	at org.apache.ratis.thirdparty.io.grpc.internal.ServerCallImpl$ServerStreamListenerImpl.messagesAvailable(ServerCallImpl.java:319)
	at org.apache.ratis.thirdparty.io.grpc.internal.ServerImpl$JumpToApplicationThreadServerStreamListener$1MessagesAvailable.runInContext(ServerImpl.java:834)
	at org.apache.ratis.thirdparty.io.grpc.internal.ContextRunnable.run(ContextRunnable.java:37)
	at org.apache.ratis.thirdparty.io.grpc.internal.SerializingExecutor.run(SerializingExecutor.java:133)
	at java.base/java.util.concurrent.ThreadPoolExecutor.runWorker(ThreadPoolExecutor.java:1144)
	at java.base/java.util.concurrent.ThreadPoolExecutor$Worker.run(ThreadPoolExecutor.java:642)
	at java.base/java.lang.Thread.run(Thread.java:1583)
2025-10-20 19:51:46,144 | ERROR | DNAudit | user=null | ip=null | op=GET_COMMITTED_BLOCK_LENGTH {"blockData":"conID: 16 locID: 115816896921600461 bcsId: 0 replicaIndex: null"} | ret=FAILURE | 
java.lang.Exception: Unable to find the block. BlockID : conID: 16 locID: 115816896921600461 bcsId: 0 replicaIndex: null
	at org.apache.hadoop.ozone.container.common.impl.HddsDispatcher.dispatchRequest(HddsDispatcher.java:440)
	at org.apache.hadoop.ozone.container.common.impl.HddsDispatcher.lambda$dispatch$1(HddsDispatcher.java:190)
 
2025-10-20 19:51:46,147 [e05592a5-d00f-4fc1-9e39-a968c1ecb04e-ChunkReader-5] WARN  keyvalue.KeyValueHandler (ContainerUtils.java:logAndReturnError(94)) - Operation: GetCommittedBlockLength , Trace ID:  , Message: Unable to find the block. BlockID : conID: 16 locID: 115816896921600461 bcsId: 0 replicaIndex: null , Result: NO_SUCH_BLOCK , StorageContainerException Occurred.
org.apache.hadoop.hdds.scm.container.common.helpers.StorageContainerException: Unable to find the block. BlockID : conID: 16 locID: 115816896921600461 bcsId: 0 replicaIndex: null
	at org.apache.hadoop.ozone.container.metadata.DatanodeStoreWithIncrementalChunkList.getCompleteBlockData(DatanodeStoreWithIncrementalChunkList.java:67)
	at org.apache.hadoop.ozone.container.metadata.DatanodeStore.getBlockByID(DatanodeStore.java:90)
	at org.apache.hadoop.ozone.container.keyvalue.impl.BlockManagerImpl.getBlockByID(BlockManagerImpl.java:462)
	at org.apache.hadoop.ozone.container.keyvalue.impl.BlockManagerImpl.getCommittedBlockLength(BlockManagerImpl.java:367)
	at org.apache.hadoop.ozone.container.keyvalue.KeyValueHandler.handleGetCommittedBlockLength(KeyValueHandler.java:860)
	at org.apache.hadoop.ozone.container.keyvalue.KeyValueHandler.dispatchRequest(KeyValueHandler.java:355)
	at org.apache.hadoop.ozone.container.keyvalue.KeyValueHandler.handle(KeyValueHandler.java:293)
	at org.apache.hadoop.ozone.container.common.impl.HddsDispatcher.dispatchRequest(HddsDispatcher.java:365)
	at org.apache.hadoop.ozone.container.common.impl.HddsDispatcher.lambda$dispatch$1(HddsDispatcher.java:190)
	at org.apache.hadoop.hdds.server.OzoneProtocolMessageDispatcher.processRequest(OzoneProtocolMessageDispatcher.java:89)
	at org.apache.hadoop.ozone.container.common.impl.HddsDispatcher.dispatch(HddsDispatcher.java:189)
	at org.apache.hadoop.ozone.container.common.transport.server.GrpcXceiverService$1.onNext(GrpcXceiverService.java:107)
	at org.apache.hadoop.ozone.container.common.transport.server.GrpcXceiverService$1.onNext(GrpcXceiverService.java:96)
	at org.apache.ratis.thirdparty.io.grpc.stub.ServerCalls$StreamingServerCallHandler$StreamingServerCallListener.onMessage(ServerCalls.java:262)
	at org.apache.ratis.thirdparty.io.grpc.ForwardingServerCallListener.onMessage(ForwardingServerCallListener.java:33)
	at org.apache.hadoop.hdds.tracing.GrpcServerInterceptor$1.onMessage(GrpcServerInterceptor.java:49)
	at org.apache.ratis.thirdparty.io.grpc.internal.ServerCallImpl$ServerStreamListenerImpl.messagesAvailableInternal(ServerCallImpl.java:334)
	at org.apache.ratis.thirdparty.io.grpc.internal.ServerCallImpl$ServerStreamListenerImpl.messagesAvailable(ServerCallImpl.java:319)
	at org.apache.ratis.thirdparty.io.grpc.internal.ServerImpl$JumpToApplicationThreadServerStreamListener$1MessagesAvailable.runInContext(ServerImpl.java:834)
	at org.apache.ratis.thirdparty.io.grpc.internal.ContextRunnable.run(ContextRunnable.java:37)
	at org.apache.ratis.thirdparty.io.grpc.internal.SerializingExecutor.run(SerializingExecutor.java:133)
	at java.base/java.util.concurrent.ThreadPoolExecutor.runWorker(ThreadPoolExecutor.java:1144)
	at java.base/java.util.concurrent.ThreadPoolExecutor$Worker.run(ThreadPoolExecutor.java:642)
	at java.base/java.lang.Thread.run(Thread.java:1583)
2025-10-20 19:51:46,147 | ERROR | DNAudit | user=null | ip=null | op=GET_COMMITTED_BLOCK_LENGTH {"blockData":"conID: 16 locID: 115816896921600461 bcsId: 0 replicaIndex: null"} | ret=FAILURE | 
java.lang.Exception: Unable to find the block. BlockID : conID: 16 locID: 115816896921600461 bcsId: 0 replicaIndex: null
	at org.apache.hadoop.ozone.container.common.impl.HddsDispatcher.dispatchRequest(HddsDispatcher.java:440)
	at org.apache.hadoop.ozone.container.common.impl.HddsDispatcher.lambda$dispatch$1(HddsDispatcher.java:190)
 
2025-10-20 19:51:46,148 [ForkJoinPool-1-worker-1] WARN  scm.XceiverClientGrpc (XceiverClientGrpc.java:sendCommandWithRetry(500)) - Failed to execute command GetCommittedBlockLength on the pipeline Pipeline{ Id: ee8e1904-b189-4abd-82fe-31e2d09bbdc8, Nodes: [ {ef67b0a7-5b27-496d-9f38-ab804a28e500(localhost/127.0.0.1), ReplicaIndex: 0}, {e05592a5-d00f-4fc1-9e39-a968c1ecb04e(localhost/127.0.0.1), ReplicaIndex: 0}, {361055de-215b-4c6c-94c2-be1c1da118d1(localhost/127.0.0.1), ReplicaIndex: 0},], ReplicationConfig: STANDALONE/THREE, State:OPEN, leaderId:, CreationTimestamp2025-10-20T19:51:46.135289913Z[Etc/UTC]}.
2025-10-20 19:51:46,148 [ForkJoinPool-1-worker-1] WARN  ozone.LeaseRecoveryClientDNHandler (LeaseRecoveryClientDNHandler.java:getOmKeyLocationInfos(114)) - Failed to finalize block. Continue to recover the file since OZONE.CLIENT.RECOVER.LEASE.FORCE is enabled.
org.apache.hadoop.hdds.scm.container.common.helpers.StorageContainerException: Unable to find the block. BlockID : conID: 16 locID: 115816896921600461 bcsId: 0 replicaIndex: null
	at org.apache.hadoop.hdds.scm.storage.ContainerProtocolCalls.validateContainerResponse(ContainerProtocolCalls.java:822)
	at org.apache.hadoop.hdds.scm.storage.ContainerProtocolCalls.lambda$createValidators$4(ContainerProtocolCalls.java:831)
	at org.apache.hadoop.hdds.scm.XceiverClientGrpc.sendCommandWithRetry(XceiverClientGrpc.java:457)
	at org.apache.hadoop.hdds.scm.XceiverClientGrpc.lambda$sendCommandWithTraceIDAndRetry$1(XceiverClientGrpc.java:383)
	at org.apache.hadoop.hdds.tracing.TracingUtil.executeInSpan(TracingUtil.java:205)
	at org.apache.hadoop.hdds.tracing.TracingUtil.executeInNewSpan(TracingUtil.java:195)
	at org.apache.hadoop.hdds.scm.XceiverClientGrpc.sendCommandWithTraceIDAndRetry(XceiverClientGrpc.java:375)
	at org.apache.hadoop.hdds.scm.XceiverClientGrpc.sendCommand(XceiverClientGrpc.java:356)
	at org.apache.hadoop.hdds.scm.storage.ContainerProtocolCalls.getCommittedBlockLength(ContainerProtocolCalls.java:272)
	at org.apache.hadoop.fs.ozone.BasicRootedOzoneClientAdapterImpl.finalizeBlock(BasicRootedOzoneClientAdapterImpl.java:1509)
	at org.apache.hadoop.fs.ozone.LeaseRecoveryClientDNHandler.getOmKeyLocationInfos(LeaseRecoveryClientDNHandler.java:81)
	at org.apache.hadoop.fs.ozone.RootedOzoneFileSystem.recoverLeaseTraced(RootedOzoneFileSystem.java:165)
	at org.apache.hadoop.fs.ozone.RootedOzoneFileSystem.lambda$recoverLease$0(RootedOzoneFileSystem.java:143)
	at org.apache.hadoop.hdds.tracing.TracingUtil.executeInSpan(TracingUtil.java:205)
	at org.apache.hadoop.hdds.tracing.TracingUtil.executeInNewSpan(TracingUtil.java:195)
	at org.apache.hadoop.fs.ozone.RootedOzoneFileSystem.recoverLease(RootedOzoneFileSystem.java:142)
	at org.apache.hadoop.ozone.client.rpc.TestSecureOzoneRpcClient.testPreallocateFileRecovery(TestSecureOzoneRpcClient.java:305)
	at java.base/jdk.internal.reflect.DirectMethodHandleAccessor.invoke(DirectMethodHandleAccessor.java:103)
	at java.base/java.lang.reflect.Method.invoke(Method.java:580)
	at org.junit.platform.commons.util.ReflectionUtils.invokeMethod(ReflectionUtils.java:786)
	at org.junit.platform.commons.support.ReflectionSupport.invokeMethod(ReflectionSupport.java:514)
	at org.junit.jupiter.engine.execution.MethodInvocation.proceed(MethodInvocation.java:60)
	at org.junit.jupiter.engine.execution.InvocationInterceptorChain$ValidatingInvocation.proceed(InvocationInterceptorChain.java:131)
	at org.junit.jupiter.engine.extension.SameThreadTimeoutInvocation.proceed(SameThreadTimeoutInvocation.java:49)
	at org.junit.jupiter.engine.extension.TimeoutExtension.intercept(TimeoutExtension.java:161)
	at org.junit.jupiter.engine.extension.TimeoutExtension.interceptTestableMethod(TimeoutExtension.java:152)
	at org.junit.jupiter.engine.extension.TimeoutExtension.interceptTestTemplateMethod(TimeoutExtension.java:99)
	at org.junit.jupiter.engine.execution.InterceptingExecutableInvoker$ReflectiveInterceptorCall.lambda$ofVoidMethod$0(InterceptingExecutableInvoker.java:112)
	at org.junit.jupiter.engine.execution.InterceptingExecutableInvoker.lambda$invoke$0(InterceptingExecutableInvoker.java:94)
	at org.junit.jupiter.engine.execution.InvocationInterceptorChain$InterceptedInvocation.proceed(InvocationInterceptorChain.java:106)
	at org.junit.jupiter.engine.execution.InvocationInterceptorChain.proceed(InvocationInterceptorChain.java:64)
	at org.junit.jupiter.engine.execution.InvocationInterceptorChain.chainAndInvoke(InvocationInterceptorChain.java:45)
	at org.junit.jupiter.engine.execution.InvocationInterceptorChain.invoke(InvocationInterceptorChain.java:37)
	at org.junit.jupiter.engine.execution.InterceptingExecutableInvoker.invoke(InterceptingExecutableInvoker.java:93)
	at org.junit.jupiter.engine.execution.InterceptingExecutableInvoker.invoke(InterceptingExecutableInvoker.java:87)
	at org.junit.jupiter.engine.descriptor.TestMethodTestDescriptor.lambda$invokeTestMethod$4(TestMethodTestDescriptor.java:221)
	at org.junit.platform.engine.support.hierarchical.ThrowableCollector.execute(ThrowableCollector.java:73)
	at org.junit.jupiter.engine.descriptor.TestMethodTestDescriptor.invokeTestMethod(TestMethodTestDescriptor.java:217)
	at org.junit.jupiter.engine.descriptor.TestMethodTestDescriptor.execute(TestMethodTestDescriptor.java:159)
	at org.junit.jupiter.engine.descriptor.TestMethodTestDescriptor.execute(TestMethodTestDescriptor.java:70)
	at org.junit.platform.engine.support.hierarchical.NodeTestTask.lambda$executeRecursively$6(NodeTestTask.java:157)
	at org.junit.platform.engine.support.hierarchical.ThrowableCollector.execute(ThrowableCollector.java:73)
	at org.junit.platform.engine.support.hierarchical.NodeTestTask.lambda$executeRecursively$8(NodeTestTask.java:147)
	at org.junit.platform.engine.support.hierarchical.Node.around(Node.java:137)
	at org.junit.platform.engine.support.hierarchical.NodeTestTask.lambda$executeRecursively$9(NodeTestTask.java:145)
	at org.junit.platform.engine.support.hierarchical.ThrowableCollector.execute(ThrowableCollector.java:73)
	at org.junit.platform.engine.support.hierarchical.NodeTestTask.executeRecursively(NodeTestTask.java:144)
	at org.junit.platform.engine.support.hierarchical.NodeTestTask.execute(NodeTestTask.java:101)
	at org.junit.platform.engine.support.hierarchical.ForkJoinPoolHierarchicalTestExecutorService$ExclusiveTask.exec(ForkJoinPoolHierarchicalTestExecutorService.java:274)
	at org.junit.platform.engine.support.hierarchical.ForkJoinPoolHierarchicalTestExecutorService$ExclusiveTask.execSync(ForkJoinPoolHierarchicalTestExecutorService.java:247)
	at org.junit.platform.engine.support.hierarchical.ForkJoinPoolHierarchicalTestExecutorService.submit(ForkJoinPoolHierarchicalTestExecutorService.java:148)
	at org.junit.platform.engine.support.hierarchical.NodeTestTask$DefaultDynamicTestExecutor.execute(NodeTestTask.java:232)
	at org.junit.platform.engine.support.hierarchical.NodeTestTask$DefaultDynamicTestExecutor.execute(NodeTestTask.java:210)
	at org.junit.jupiter.engine.descriptor.TemplateExecutor.execute(TemplateExecutor.java:98)
	at org.junit.jupiter.engine.descriptor.TemplateExecutor.lambda$executeForProvider$0(TemplateExecutor.java:61)
	at java.base/java.util.Optional.ifPresent(Optional.java:178)
	at org.junit.jupiter.engine.descriptor.TemplateExecutor.lambda$executeForProvider$1(TemplateExecutor.java:61)
	at java.base/java.util.stream.ForEachOps$ForEachOp$OfRef.accept(ForEachOps.java:184)
	at java.base/java.util.stream.ReferencePipeline$3$1.accept(ReferencePipeline.java:197)
	at java.base/java.util.stream.ForEachOps$ForEachOp$OfRef.accept(ForEachOps.java:184)
	at java.base/java.util.stream.ForEachOps$ForEachOp$OfRef.accept(ForEachOps.java:184)
	at java.base/java.util.stream.ReferencePipeline$3$1.accept(ReferencePipeline.java:197)
	at java.base/java.util.Spliterators$ArraySpliterator.forEachRemaining(Spliterators.java:1024)
	at java.base/java.util.stream.AbstractPipeline.copyInto(AbstractPipeline.java:509)
	at java.base/java.util.stream.AbstractPipeline.wrapAndCopyInto(AbstractPipeline.java:499)
	at java.base/java.util.stream.ForEachOps$ForEachOp.evaluateSequential(ForEachOps.java:151)
	at java.base/java.util.stream.ForEachOps$ForEachOp$OfRef.evaluateSequential(ForEachOps.java:174)
	at java.base/java.util.stream.AbstractPipeline.evaluate(AbstractPipeline.java:234)
	at java.base/java.util.stream.ReferencePipeline.forEach(ReferencePipeline.java:596)
	at java.base/java.util.stream.ReferencePipeline$7$1.accept(ReferencePipeline.java:276)
	at java.base/java.util.ArrayList$ArrayListSpliterator.forEachRemaining(ArrayList.java:1708)
	at java.base/java.util.stream.AbstractPipeline.copyInto(AbstractPipeline.java:509)
	at java.base/java.util.stream.AbstractPipeline.wrapAndCopyInto(AbstractPipeline.java:499)
	at java.base/java.util.stream.ForEachOps$ForEachOp.evaluateSequential(ForEachOps.java:151)
	at java.base/java.util.stream.ForEachOps$ForEachOp$OfRef.evaluateSequential(ForEachOps.java:174)
	at java.base/java.util.stream.AbstractPipeline.evaluate(AbstractPipeline.java:234)
	at java.base/java.util.stream.ReferencePipeline.forEach(ReferencePipeline.java:596)
	at java.base/java.util.stream.ReferencePipeline$7$1.accept(ReferencePipeline.java:276)
	at java.base/java.util.stream.ReferencePipeline$3$1.accept(ReferencePipeline.java:197)
	at java.base/java.util.stream.ReferencePipeline$3$1.accept(ReferencePipeline.java:197)
	at java.base/java.util.stream.ReferencePipeline$3$1.accept(ReferencePipeline.java:197)
	at java.base/java.util.ArrayList$ArrayListSpliterator.forEachRemaining(ArrayList.java:1708)
	at java.base/java.util.stream.AbstractPipeline.copyInto(AbstractPipeline.java:509)
	at java.base/java.util.stream.AbstractPipeline.wrapAndCopyInto(AbstractPipeline.java:499)
	at java.base/java.util.stream.ForEachOps$ForEachOp.evaluateSequential(ForEachOps.java:151)
	at java.base/java.util.stream.ForEachOps$ForEachOp$OfRef.evaluateSequential(ForEachOps.java:174)
	at java.base/java.util.stream.AbstractPipeline.evaluate(AbstractPipeline.java:234)
	at java.base/java.util.stream.ReferencePipeline.forEach(ReferencePipeline.java:596)
	at org.junit.jupiter.engine.descriptor.TemplateExecutor.executeForProvider(TemplateExecutor.java:59)
	at org.junit.jupiter.engine.descriptor.TemplateExecutor.execute(TemplateExecutor.java:48)
	at org.junit.jupiter.engine.descriptor.TestTemplateTestDescriptor.execute(TestTemplateTestDescriptor.java:112)
	at org.junit.jupiter.engine.descriptor.TestTemplateTestDescriptor.execute(TestTemplateTestDescriptor.java:40)
	at org.junit.platform.engine.support.hierarchical.NodeTestTask.lambda$executeRecursively$6(NodeTestTask.java:157)
	at org.junit.platform.engine.support.hierarchical.ThrowableCollector.execute(ThrowableCollector.java:73)
	at org.junit.platform.engine.support.hierarchical.NodeTestTask.lambda$executeRecursively$8(NodeTestTask.java:147)
	at org.junit.platform.engine.support.hierarchical.Node.around(Node.java:137)
	at org.junit.platform.engine.support.hierarchical.NodeTestTask.lambda$executeRecursively$9(NodeTestTask.java:145)
	at org.junit.platform.engine.support.hierarchical.ThrowableCollector.execute(ThrowableCollector.java:73)
	at org.junit.platform.engine.support.hierarchical.NodeTestTask.executeRecursively(NodeTestTask.java:144)
	at org.junit.platform.engine.support.hierarchical.NodeTestTask.execute(NodeTestTask.java:101)
	at org.junit.platform.engine.support.hierarchical.ForkJoinPoolHierarchicalTestExecutorService$ExclusiveTask.exec(ForkJoinPoolHierarchicalTestExecutorService.java:274)
	at org.junit.platform.engine.support.hierarchical.ForkJoinPoolHierarchicalTestExecutorService$ExclusiveTask.execSync(ForkJoinPoolHierarchicalTestExecutorService.java:247)
	at org.junit.platform.engine.support.hierarchical.ForkJoinPoolHierarchicalTestExecutorService.executeSync(ForkJoinPoolHierarchicalTestExecutorService.java:194)
	at org.junit.platform.engine.support.hierarchical.ForkJoinPoolHierarchicalTestExecutorService.invokeAll(ForkJoinPoolHierarchicalTestExecutorService.java:166)
	at org.junit.platform.engine.support.hierarchical.NodeTestTask.lambda$executeRecursively$6(NodeTestTask.java:161)
	at org.junit.platform.engine.support.hierarchical.ThrowableCollector.execute(ThrowableCollector.java:73)
	at org.junit.platform.engine.support.hierarchical.NodeTestTask.lambda$executeRecursively$8(NodeTestTask.java:147)
	at org.junit.platform.engine.support.hierarchical.Node.around(Node.java:137)
	at org.junit.platform.engine.support.hierarchical.NodeTestTask.lambda$executeRecursively$9(NodeTestTask.java:145)
	at org.junit.platform.engine.support.hierarchical.ThrowableCollector.execute(ThrowableCollector.java:73)
	at org.junit.platform.engine.support.hierarchical.NodeTestTask.executeRecursively(NodeTestTask.java:144)
	at org.junit.platform.engine.support.hierarchical.NodeTestTask.execute(NodeTestTask.java:101)
	at org.junit.platform.engine.support.hierarchical.ForkJoinPoolHierarchicalTestExecutorService$ExclusiveTask.exec(ForkJoinPoolHierarchicalTestExecutorService.java:274)
	at org.junit.platform.engine.support.hierarchical.ForkJoinPoolHierarchicalTestExecutorService$ExclusiveTask.execSync(ForkJoinPoolHierarchicalTestExecutorService.java:247)
	at org.junit.platform.engine.support.hierarchical.ForkJoinPoolHierarchicalTestExecutorService.invokeAll(ForkJoinPoolHierarchicalTestExecutorService.java:159)
	at org.junit.platform.engine.support.hierarchical.NodeTestTask.lambda$executeRecursively$6(NodeTestTask.java:161)
	at org.junit.platform.engine.support.hierarchical.ThrowableCollector.execute(ThrowableCollector.java:73)
	at org.junit.platform.engine.support.hierarchical.NodeTestTask.lambda$executeRecursively$8(NodeTestTask.java:147)
	at org.junit.platform.engine.support.hierarchical.Node.around(Node.java:137)
	at org.junit.platform.engine.support.hierarchical.NodeTestTask.lambda$executeRecursively$9(NodeTestTask.java:145)
	at org.junit.platform.engine.support.hierarchical.ThrowableCollector.execute(ThrowableCollector.java:73)
	at org.junit.platform.engine.support.hierarchical.NodeTestTask.executeRecursively(NodeTestTask.java:144)
	at org.junit.platform.engine.support.hierarchical.NodeTestTask.execute(NodeTestTask.java:101)
	at org.junit.platform.engine.support.hierarchical.ForkJoinPoolHierarchicalTestExecutorService$ExclusiveTask.exec(ForkJoinPoolHierarchicalTestExecutorService.java:274)
	at java.base/java.util.concurrent.ForkJoinTask.doExec(ForkJoinTask.java:387)
	at java.base/java.util.concurrent.ForkJoinPool$WorkQueue.topLevelExec(ForkJoinPool.java:1312)
	at java.base/java.util.concurrent.ForkJoinPool.scan(ForkJoinPool.java:1843)
	at java.base/java.util.concurrent.ForkJoinPool.runWorker(ForkJoinPool.java:1808)
	at java.base/java.util.concurrent.ForkJoinWorkerThread.run(ForkJoinWorkerThread.java:188)
2025-10-20 19:51:46,152 | INFO  | OMAudit | user=runner | ip=127.0.0.1 | op=COMMIT_KEY {"volume":"4f9a378f-df96-4a61-a3ff-576c18ca534e","bucket":"7cbc80c0-901a-4164-9767-603ffad74dcf","key":"abb0a065-b487-42fc-80df-f6de48bac903","dataSize":"16777215","replicationType":"RATIS","replicationFactor":"THREE","Transaction":"1681"} | ret=SUCCESS |  
2025-10-20 19:51:46,153 | INFO  | OMAudit | user=runner | ip=127.0.0.1 | op=READ_BUCKET {"volume":"4f9a378f-df96-4a61-a3ff-576c18ca534e","bucket":"7cbc80c0-901a-4164-9767-603ffad74dcf"} | ret=SUCCESS |  
2025-10-20 19:51:46,155 | INFO  | SCMAudit | user=runner | ip=127.0.0.1 | op=GET_CONTAINER_WITH_PIPELINE_BATCH {"containerIDs":"#16,#19,#20,"} | ret=SUCCESS |  
2025-10-20 19:51:46,155 [om1-KeyDeletingService#9] INFO  service.KeyDeletingService (KeyDeletingService.java:processKeyDeletes(151)) - Send 1 key(s) to SCM, first 1 keys: [PurgedKey{blockGroup=BlockGroup[groupID='/4f9a378f-df96-4a61-a3ff-576c18ca534e/7cbc80c0-901a-4164-9767-603ffad74dcf/abb0a065-b487-42fc-80df-f6de48bac903/-9223372036854345472/0', blockIDs=[conID: 16 locID: 115816896921600461 bcsId: 0 replicaIndex: null, conID: 18 locID: 115816896921600458 bcsId: 0 replicaIndex: null, conID: 17 locID: 115816896921600457 bcsId: 0 replicaIndex: null, conID: 20 locID: 115816896921600460 bcsId: 0 replicaIndex: null, conID: 18 locID: 115816896921600456 bcsId: 0 replicaIndex: null, conID: 17 locID: 115816896921600459 bcsId: 0 replicaIndex: null]], volume='4f9a378f-df96-4a61-a3ff-576c18ca534e', bucket='7cbc80c0-901a-4164-9767-603ffad74dcf', bucketId=-9223372036854346496, purgedBytes=75497472, isCommittedKey=false, deleteKeyName='/4f9a378f-df96-4a61-a3ff-576c18ca534e/7cbc80c0-901a-4164-9767-603ffad74dcf/abb0a065-b487-42fc-80df-f6de48bac903/-9223372036854345472'}]
2025-10-20 19:51:46,156 | INFO  | OMAudit | user=runner | ip=127.0.0.1 | op=GET_FILE_STATUS {"volume":"4f9a378f-df96-4a61-a3ff-576c18ca534e","bucket":"7cbc80c0-901a-4164-9767-603ffad74dcf","key":"abb0a065-b487-42fc-80df-f6de48bac903","owner":null,"dataSize":"0","replicationConfig":null} | ret=SUCCESS |  
2025-10-20 19:51:46,158 | INFO  | OMAudit | user=runner | ip=127.0.0.1 | op=READ_BUCKET {"volume":"4f9a378f-df96-4a61-a3ff-576c18ca534e","bucket":"7cbc80c0-901a-4164-9767-603ffad74dcf"} | ret=SUCCESS |  
2025-10-20 19:51:46,159 | INFO  | OMAudit | user=runner | ip=127.0.0.1 | op=READ_BUCKET {"volume":"4f9a378f-df96-4a61-a3ff-576c18ca534e","bucket":"7cbc80c0-901a-4164-9767-603ffad74dcf"} | ret=SUCCESS |  
2025-10-20 19:51:46,160 | INFO  | SCMAudit | user=runner | ip=127.0.0.1 | op=DELETE_KEY_BLOCK {"KeyBlockToDelete":"[BlockGroup[groupID='/4f9a378f-df96-4a61-a3ff-576c18ca534e/7cbc80c0-901a-4164-9767-603ffad74dcf/abb0a065-b487-42fc-80df-f6de48bac903/-9223372036854345472/0', blockIDs=[conID: 16 locID: 115816896921600461 bcsId: 0 replicaIndex: null, conID: 18 locID: 115816896921600458 bcsId: 0 replicaIndex: null, conID: 17 locID: 115816896921600457 bcsId: 0 replicaIndex: null, conID: 20 locID: 115816896921600460 bcsId: 0 replicaIndex: null, conID: 18 locID: 115816896921600456 bcsId: 0 replicaIndex: null, conID: 17 locID: 115816896921600459 bcsId: 0 replicaIndex: null]]]"} | ret=SUCCESS |  
2025-10-20 19:51:46,161 [om1-KeyDeletingService#9] INFO  service.KeyDeletingService (KeyDeletingService.java:processKeyDeletes(158)) - 1 BlockGroup deletion are acked by SCM in 6 ms
2025-10-20 19:51:46,162 [om1-KeyDeletingService#9] INFO  service.KeyDeletingService (KeyDeletingService.java:processKeyDeletes(166)) - Blocks for 1 (out of 1) keys are deleted from DB in 1 ms. Limit per task is 50000.
2025-10-20 19:51:46,162 | ERROR | DNAudit | user=null | ip=null | op=PUT_BLOCK {"blockData":"[blockId=conID: 16 locID: 115816896921600455 bcsId: 0 replicaIndex: null, size=4194303]"} | ret=FAILURE | 
org.apache.hadoop.hdds.scm.container.common.helpers.ContainerNotOpenException: Container 16 in UNHEALTHY state
	at org.apache.hadoop.ozone.container.common.impl.HddsDispatcher.validateContainerCommand(HddsDispatcher.java:581)
	at org.apache.hadoop.ozone.container.common.transport.server.ratis.ContainerStateMachine.startTransaction(ContainerStateMachine.java:488)
 
2025-10-20 19:51:46,164 [grpc-default-executor-7] ERROR impl.OrderedAsync (OrderedAsync.java:lambda$send$4(181)) - Failed to send request, message=cmdType: PutBlock traceID: "" containerID: 16 datanodeUuid: "ef67b0a7-5b27-496d-9f38-ab804a28e500" putBlock { blockData { blockID { containerID: 16 localID: 115816896921600455 blockCommitSequenceId: 0 } metadata { key: "TYPE" value: "KEY" } chunks { chunkName: "115816896921600455_chunk_1" offset: 0 len: 1048576 } chunks { chunkName: "115816896921600455_chunk_2" offset: 1048576 len: 1048576 } chunks { chunkName: "115816896921600455_chunk_3" offset: 2097152 len: 1048576 } chunks { chunkName: "115816896921600455_chunk_4" offset: 3145728 len: 1048575 } } eof: true } encodedToken: "VAoGcnVubmVyEiNjb25JRDogMTYgbG9jSUQ6IDExNTgxNjg5NjkyMTYwMDQ1NRiGwM_CoDMoASgCMICAgAI6FQiMhvXspbPauxgQu-Ce3fTuw-KxASD9MZBqllzMRxu1Ei_unZYYyv-Lpi_jHzy8dDIW7KW-DhBIRERTX0JMT0NLX1RPS0VOKWNvbklEOiAxNiBsb2NJRDogMTE1ODE2ODk2OTIxNjAwNDU1AAAAAAAA" version: 3, data.size=0
java.util.concurrent.CompletionException: org.apache.ratis.protocol.exceptions.StateMachineException: org.apache.hadoop.hdds.scm.container.common.helpers.ContainerNotOpenException from Server ef67b0a7-5b27-496d-9f38-ab804a28e500@group-1AA5F909702D: Container 16 in UNHEALTHY state
	at org.apache.ratis.client.impl.RaftClientImpl.handleRaftException(RaftClientImpl.java:373)
	at org.apache.ratis.client.impl.OrderedAsync.lambda$send$3(OrderedAsync.java:175)
	at java.base/java.util.concurrent.CompletableFuture$UniApply.tryFire(CompletableFuture.java:646)
	at java.base/java.util.concurrent.CompletableFuture.postComplete(CompletableFuture.java:510)
	at java.base/java.util.concurrent.CompletableFuture.complete(CompletableFuture.java:2179)
	at org.apache.ratis.client.impl.OrderedAsync$PendingOrderedRequest.setReply(OrderedAsync.java:105)
	at org.apache.ratis.client.impl.OrderedAsync$PendingOrderedRequest.setReply(OrderedAsync.java:66)
	at org.apache.ratis.util.SlidingWindow$RequestMap.setReply(SlidingWindow.java:147)
	at org.apache.ratis.util.SlidingWindow$Client.receiveReply(SlidingWindow.java:351)
	at org.apache.ratis.client.impl.OrderedAsync.lambda$sendRequestWithRetry$5(OrderedAsync.java:210)
	at java.base/java.util.concurrent.CompletableFuture$UniAccept.tryFire(CompletableFuture.java:718)
	at java.base/java.util.concurrent.CompletableFuture.postComplete(CompletableFuture.java:510)
	at java.base/java.util.concurrent.CompletableFuture.complete(CompletableFuture.java:2179)
	at org.apache.ratis.grpc.client.GrpcClientProtocolClient$AsyncStreamObservers$1.lambda$onNext$0(GrpcClientProtocolClient.java:325)
	at java.base/java.util.Optional.ifPresent(Optional.java:178)
	at org.apache.ratis.grpc.client.GrpcClientProtocolClient$AsyncStreamObservers.handleReplyFuture(GrpcClientProtocolClient.java:381)
	at org.apache.ratis.grpc.client.GrpcClientProtocolClient$AsyncStreamObservers.access$100(GrpcClientProtocolClient.java:303)
	at org.apache.ratis.grpc.client.GrpcClientProtocolClient$AsyncStreamObservers$1.onNext(GrpcClientProtocolClient.java:325)
	at org.apache.ratis.grpc.client.GrpcClientProtocolClient$AsyncStreamObservers$1.onNext(GrpcClientProtocolClient.java:308)
	at org.apache.ratis.thirdparty.io.grpc.stub.ClientCalls$StreamObserverToCallListenerAdapter.onMessage(ClientCalls.java:551)
	at org.apache.ratis.thirdparty.io.grpc.ForwardingClientCallListener.onMessage(ForwardingClientCallListener.java:33)
	at org.apache.ratis.thirdparty.io.grpc.internal.ClientCallImpl$ClientStreamListenerImpl$1MessagesAvailable.runInternal(ClientCallImpl.java:661)
	at org.apache.ratis.thirdparty.io.grpc.internal.ClientCallImpl$ClientStreamListenerImpl$1MessagesAvailable.runInContext(ClientCallImpl.java:648)
	at org.apache.ratis.thirdparty.io.grpc.internal.ContextRunnable.run(ContextRunnable.java:37)
	at org.apache.ratis.thirdparty.io.grpc.internal.SerializingExecutor.run(SerializingExecutor.java:133)
	at java.base/java.util.concurrent.ThreadPoolExecutor.runWorker(ThreadPoolExecutor.java:1144)
	at java.base/java.util.concurrent.ThreadPoolExecutor$Worker.run(ThreadPoolExecutor.java:642)
	at java.base/java.lang.Thread.run(Thread.java:1583)
Caused by: org.apache.ratis.protocol.exceptions.StateMachineException: org.apache.hadoop.hdds.scm.container.common.helpers.ContainerNotOpenException from Server ef67b0a7-5b27-496d-9f38-ab804a28e500@group-1AA5F909702D: Container 16 in UNHEALTHY state
	at org.apache.hadoop.ozone.container.common.impl.HddsDispatcher.validateContainerCommand(HddsDispatcher.java:581)
	at org.apache.hadoop.ozone.container.common.transport.server.ratis.ContainerStateMachine.startTransaction(ContainerStateMachine.java:488)
	at org.apache.ratis.server.impl.RaftServerImpl.writeAsyncImpl(RaftServerImpl.java:987)
	at org.apache.ratis.server.impl.RaftServerImpl.writeAsync(RaftServerImpl.java:960)
	at org.apache.ratis.server.impl.RaftServerImpl.replyFuture(RaftServerImpl.java:953)
	at org.apache.ratis.server.impl.RaftServerImpl.submitClientRequestAsync(RaftServerImpl.java:930)
	at org.apache.ratis.server.impl.RaftServerImpl.lambda$null$11(RaftServerImpl.java:919)
	at org.apache.ratis.util.JavaUtils.callAsUnchecked(JavaUtils.java:118)
	at org.apache.ratis.server.impl.RaftServerImpl.lambda$executeSubmitClientRequestAsync$12(RaftServerImpl.java:919)
	at java.base/java.util.concurrent.CompletableFuture$AsyncSupply.run(CompletableFuture.java:1768)
	... 3 more
Caused by: org.apache.hadoop.hdds.scm.container.common.helpers.ContainerNotOpenException: Container 16 in UNHEALTHY state
	at java.base/jdk.internal.reflect.DirectConstructorHandleAccessor.newInstance(DirectConstructorHandleAccessor.java:62)
	at java.base/java.lang.reflect.Constructor.newInstanceWithCaller(Constructor.java:502)
	at java.base/java.lang.reflect.Constructor.newInstance(Constructor.java:486)
	at org.apache.ratis.util.ReflectionUtils.instantiateException(ReflectionUtils.java:265)
	at org.apache.ratis.client.impl.ClientProtoUtils.toStateMachineException(ClientProtoUtils.java:455)
	at org.apache.ratis.client.impl.ClientProtoUtils.toStateMachineException(ClientProtoUtils.java:441)
	at org.apache.ratis.client.impl.ClientProtoUtils.toRaftClientReply(ClientProtoUtils.java:408)
	at org.apache.ratis.grpc.client.GrpcClientProtocolClient$AsyncStreamObservers$1.onNext(GrpcClientProtocolClient.java:313)
	at org.apache.ratis.grpc.client.GrpcClientProtocolClient$AsyncStreamObservers$1.onNext(GrpcClientProtocolClient.java:308)
	at org.apache.ratis.thirdparty.io.grpc.stub.ClientCalls$StreamObserverToCallListenerAdapter.onMessage(ClientCalls.java:551)
	at org.apache.ratis.thirdparty.io.grpc.ForwardingClientCallListener.onMessage(ForwardingClientCallListener.java:33)
	at org.apache.ratis.thirdparty.io.grpc.internal.ClientCallImpl$ClientStreamListenerImpl$1MessagesAvailable.runInternal(ClientCallImpl.java:661)
	at org.apache.ratis.thirdparty.io.grpc.internal.ClientCallImpl$ClientStreamListenerImpl$1MessagesAvailable.runInContext(ClientCallImpl.java:648)
	at org.apache.ratis.thirdparty.io.grpc.internal.ContextRunnable.run(ContextRunnable.java:37)
	at org.apache.ratis.thirdparty.io.grpc.internal.SerializingExecutor.run(SerializingExecutor.java:133)
	... 3 more
2025-10-20 19:51:46,165 [ForkJoinPool-1-worker-1] INFO  io.BlockOutputStreamEntry (BlockOutputStreamEntry.java:finishRetryHandling(141)) - BlockOutputStreamEntry:abb0a065-b487-42fc-80df-f6de48bac903 conID: 16 locID: 115816896921600455 bcsId: 165 replicaIndex: null: Exiting retry handling mode
2025-10-20 19:51:46,168 [om1-OMStateMachineApplyTransactionThread - 0] ERROR key.OMKeyCommitRequest (OMKeyCommitRequest.java:processResult(486)) - Key committed failed. Volume:4f9a378f-df96-4a61-a3ff-576c18ca534e, Bucket:7cbc80c0-901a-4164-9767-603ffad74dcf, Key:abb0a065-b487-42fc-80df-f6de48bac903. Exception:{}
KEY_NOT_FOUND org.apache.hadoop.ozone.om.exceptions.OMException: Failed to commit key, as /-9223372036854346752/-9223372036854346496/-9223372036854346496/abb0a065-b487-42fc-80df-f6de48bac903/115408234474832277 entry is not found in the OpenKey table
	at org.apache.hadoop.ozone.om.request.key.OMKeyCommitRequestWithFSO.validateAndUpdateCache(OMKeyCommitRequestWithFSO.java:181)
	at org.apache.hadoop.ozone.protocolPB.OzoneManagerRequestHandler.lambda$0(OzoneManagerRequestHandler.java:418)
	at org.apache.hadoop.ozone.util.MetricUtil.captureLatencyNs(MetricUtil.java:45)
	at org.apache.hadoop.ozone.protocolPB.OzoneManagerRequestHandler.handleWriteRequestImpl(OzoneManagerRequestHandler.java:416)
	at org.apache.hadoop.ozone.protocolPB.RequestHandler.handleWriteRequest(RequestHandler.java:62)
	at org.apache.hadoop.ozone.om.ratis.OzoneManagerStateMachine.runCommand(OzoneManagerStateMachine.java:599)
	at org.apache.hadoop.ozone.om.ratis.OzoneManagerStateMachine.lambda$3(OzoneManagerStateMachine.java:415)
	at java.base/java.util.concurrent.CompletableFuture$AsyncSupply.run(CompletableFuture.java:1768)
	at java.base/java.util.concurrent.ThreadPoolExecutor.runWorker(ThreadPoolExecutor.java:1144)
	at java.base/java.util.concurrent.ThreadPoolExecutor$Worker.run(ThreadPoolExecutor.java:642)
	at java.base/java.lang.Thread.run(Thread.java:1583)
2025-10-20 19:51:46,168 | ERROR | OMAudit | user=runner | ip=127.0.0.1 | op=COMMIT_KEY {"volume":"4f9a378f-df96-4a61-a3ff-576c18ca534e","bucket":"7cbc80c0-901a-4164-9767-603ffad74dcf","key":"abb0a065-b487-42fc-80df-f6de48bac903","dataSize":"16777215","replicationType":"RATIS","replicationFactor":"THREE","Transaction":"1683"} | ret=FAILURE | 
org.apache.hadoop.ozone.om.exceptions.OMException: Failed to commit key, as /-9223372036854346752/-9223372036854346496/-9223372036854346496/abb0a065-b487-42fc-80df-f6de48bac903/115408234474832277 entry is not found in the OpenKey table
	at org.apache.hadoop.ozone.om.request.key.OMKeyCommitRequestWithFSO.validateAndUpdateCache(OMKeyCommitRequestWithFSO.java:181)
	at org.apache.hadoop.ozone.protocolPB.OzoneManagerRequestHandler.lambda$0(OzoneManagerRequestHandler.java:418)
 
]]></system-out>
  </testcase>
  <testcase name="testPutKey" classname="org.apache.hadoop.ozone.client.rpc.TestSecureOzoneRpcClient" time="0.194">
    <system-out><![CDATA[2025-10-20 19:51:46,173 [ForkJoinPool-1-worker-1] INFO  rpc.RpcClient (RpcClient.java:createVolume(461)) - Creating Volume: c0584ad3-d4fd-485e-ba1f-8038e9becfdf, with runner as owner and space quota set to -1 bytes, counts quota set to -1
2025-10-20 19:51:46,175 [om1-OMStateMachineApplyTransactionThread - 0] INFO  volume.OMVolumeCreateRequest (OMVolumeCreateRequest.java:validateAndUpdateCache(213)) - created volume:c0584ad3-d4fd-485e-ba1f-8038e9becfdf for user:runner
2025-10-20 19:51:46,175 | INFO  | OMAudit | user=runner | ip=127.0.0.1 | op=CREATE_VOLUME {"admin":"runner","owner":"runner","volume":"c0584ad3-d4fd-485e-ba1f-8038e9becfdf","creationTime":"1760989906174","modificationTime":"1760989906174","quotaInBytes":"-1","quotaInNamespace":"-1","usedNamespace":"0","objectID":"-9223372036854344704","updateID":"1684","Transaction":"1684"} | ret=SUCCESS |  
2025-10-20 19:51:46,176 | INFO  | OMAudit | user=runner | ip=127.0.0.1 | op=READ_VOLUME {"volume":"c0584ad3-d4fd-485e-ba1f-8038e9becfdf"} | ret=SUCCESS |  
2025-10-20 19:51:46,177 [ForkJoinPool-1-worker-1] INFO  rpc.RpcClient (RpcClient.java:createBucket(686)) - Creating Bucket: c0584ad3-d4fd-485e-ba1f-8038e9becfdf/b019f6bc-60fc-4cf3-8305-00bb28ce9ffb, with server-side default bucket layout, runner as owner, Versioning false, Storage Type set to DISK and Encryption set to false, Replication Type set to server-side default replication type, Namespace Quota set to -1, Space Quota set to -1 
2025-10-20 19:51:46,178 [om1-OMStateMachineApplyTransactionThread - 0] INFO  bucket.OMBucketCreateRequest (OMBucketCreateRequest.java:validateAndUpdateCache(303)) - created bucket: b019f6bc-60fc-4cf3-8305-00bb28ce9ffb of layout FILE_SYSTEM_OPTIMIZED in volume: c0584ad3-d4fd-485e-ba1f-8038e9becfdf
2025-10-20 19:51:46,178 | INFO  | OMAudit | user=runner | ip=127.0.0.1 | op=CREATE_BUCKET {"volume":"c0584ad3-d4fd-485e-ba1f-8038e9becfdf","bucket":"b019f6bc-60fc-4cf3-8305-00bb28ce9ffb","bucketLayout":"FILE_SYSTEM_OPTIMIZED","gdprEnabled":null,"acls":"[user:runner:a[ACCESS], group:runner:rl[ACCESS]]","isVersionEnabled":"false","storageType":"DISK","creationTime":"1760989906177","bucketEncryptionKey":null,"modificationTime":"1760989906177","usedBytes":"0","usedNamespace":"0","snapshotUsedBytes":"0","snapshotUsedNamespace":"0","owner":"runner","replicationType":null,"replicationConfig":null,"quotaInBytes":"-1","quotaInNamespace":"-1","Transaction":"1685"} | ret=SUCCESS |  
2025-10-20 19:51:46,179 | INFO  | SCMAudit | user=runner | ip=127.0.0.1 | op=SEND_HEARTBEAT {"datanodeUUID":"7bb0e7f0-2b36-4ec0-8a09-ceac75d91a36","term":"2","command":"[]"} | ret=SUCCESS |  
2025-10-20 19:51:46,180 | INFO  | OMAudit | user=runner | ip=127.0.0.1 | op=READ_BUCKET {"volume":"c0584ad3-d4fd-485e-ba1f-8038e9becfdf","bucket":"b019f6bc-60fc-4cf3-8305-00bb28ce9ffb"} | ret=SUCCESS |  
2025-10-20 19:51:46,181 | INFO  | OMAudit | user=runner | ip=127.0.0.1 | op=READ_BUCKET {"volume":"c0584ad3-d4fd-485e-ba1f-8038e9becfdf","bucket":"b019f6bc-60fc-4cf3-8305-00bb28ce9ffb"} | ret=SUCCESS |  
2025-10-20 19:51:46,182 | INFO  | SCMAudit | user=runner | ip=127.0.0.1 | op=ALLOCATE_BLOCK {"replication":"RATIS/ONE","owner":"omServiceIdDefault","size":"4194304","sampleBlocks":"[conID: 12 locID: 115816896921600462]","num":"1","client":"","allocated":"1"} | ret=SUCCESS |  
2025-10-20 19:51:46,183 | INFO  | OMAudit | user=runner | ip=127.0.0.1 | op=ALLOCATE_KEY {"volume":"c0584ad3-d4fd-485e-ba1f-8038e9becfdf","bucket":"b019f6bc-60fc-4cf3-8305-00bb28ce9ffb","key":"6916c1ac-0ee5-4274-a557-d77a4936d551","dataSize":"12","replicationType":"RATIS","replicationFactor":"ONE","Transaction":"1686"} | ret=SUCCESS |  
2025-10-20 19:51:46,190 | INFO  | OMAudit | user=runner | ip=127.0.0.1 | op=COMMIT_KEY {"volume":"c0584ad3-d4fd-485e-ba1f-8038e9becfdf","bucket":"b019f6bc-60fc-4cf3-8305-00bb28ce9ffb","key":"6916c1ac-0ee5-4274-a557-d77a4936d551","dataSize":"12","replicationType":"RATIS","replicationFactor":"ONE","Transaction":"1687"} | ret=SUCCESS |  
2025-10-20 19:51:46,192 | INFO  | OMAudit | user=runner | ip=127.0.0.1 | op=READ_KEY {"volume":"c0584ad3-d4fd-485e-ba1f-8038e9becfdf","bucket":"b019f6bc-60fc-4cf3-8305-00bb28ce9ffb","key":"6916c1ac-0ee5-4274-a557-d77a4936d551","owner":null,"dataSize":"0","replicationConfig":null} | ret=SUCCESS |  
2025-10-20 19:51:46,194 | INFO  | OMAudit | user=runner | ip=127.0.0.1 | op=READ_KEY {"volume":"c0584ad3-d4fd-485e-ba1f-8038e9becfdf","bucket":"b019f6bc-60fc-4cf3-8305-00bb28ce9ffb","key":"6916c1ac-0ee5-4274-a557-d77a4936d551","owner":null,"dataSize":"0","replicationConfig":null} | ret=SUCCESS |  
2025-10-20 19:51:46,199 | INFO  | SCMAudit | user=runner | ip=127.0.0.1 | op=GET_CONTAINER_WITH_PIPELINE_BATCH {"containerIDs":"#12,"} | ret=SUCCESS |  
2025-10-20 19:51:46,199 | INFO  | OMAudit | user=null | ip= | op=READ_KEY {"volume":"c0584ad3-d4fd-485e-ba1f-8038e9becfdf","bucket":"b019f6bc-60fc-4cf3-8305-00bb28ce9ffb","key":"6916c1ac-0ee5-4274-a557-d77a4936d551","owner":null,"dataSize":"0","replicationConfig":null} | ret=SUCCESS |  
2025-10-20 19:51:46,200 | INFO  | SCMAudit | user=runner | ip=127.0.0.1 | op=GET_CONTAINER {"containerID":"12"} | ret=SUCCESS |  
2025-10-20 19:51:46,201 | INFO  | OMAudit | user=runner | ip=127.0.0.1 | op=READ_BUCKET {"volume":"c0584ad3-d4fd-485e-ba1f-8038e9becfdf","bucket":"b019f6bc-60fc-4cf3-8305-00bb28ce9ffb"} | ret=SUCCESS |  
2025-10-20 19:51:46,202 | INFO  | SCMAudit | user=runner | ip=127.0.0.1 | op=ALLOCATE_BLOCK {"replication":"RATIS/ONE","owner":"omServiceIdDefault","size":"4194304","sampleBlocks":"[conID: 7 locID: 115816896921600463]","num":"1","client":"","allocated":"1"} | ret=SUCCESS |  
2025-10-20 19:51:46,204 | INFO  | OMAudit | user=runner | ip=127.0.0.1 | op=ALLOCATE_KEY {"volume":"c0584ad3-d4fd-485e-ba1f-8038e9becfdf","bucket":"b019f6bc-60fc-4cf3-8305-00bb28ce9ffb","key":"24105421-e5a3-48da-9daa-8ff64d5249aa","dataSize":"12","replicationType":"RATIS","replicationFactor":"ONE","Transaction":"1688"} | ret=SUCCESS |  
2025-10-20 19:51:46,210 | INFO  | OMAudit | user=runner | ip=127.0.0.1 | op=COMMIT_KEY {"volume":"c0584ad3-d4fd-485e-ba1f-8038e9becfdf","bucket":"b019f6bc-60fc-4cf3-8305-00bb28ce9ffb","key":"24105421-e5a3-48da-9daa-8ff64d5249aa","dataSize":"12","replicationType":"RATIS","replicationFactor":"ONE","Transaction":"1689"} | ret=SUCCESS |  
2025-10-20 19:51:46,212 | INFO  | OMAudit | user=runner | ip=127.0.0.1 | op=READ_KEY {"volume":"c0584ad3-d4fd-485e-ba1f-8038e9becfdf","bucket":"b019f6bc-60fc-4cf3-8305-00bb28ce9ffb","key":"24105421-e5a3-48da-9daa-8ff64d5249aa","owner":null,"dataSize":"0","replicationConfig":null} | ret=SUCCESS |  
2025-10-20 19:51:46,213 | INFO  | OMAudit | user=runner | ip=127.0.0.1 | op=READ_KEY {"volume":"c0584ad3-d4fd-485e-ba1f-8038e9becfdf","bucket":"b019f6bc-60fc-4cf3-8305-00bb28ce9ffb","key":"24105421-e5a3-48da-9daa-8ff64d5249aa","owner":null,"dataSize":"0","replicationConfig":null} | ret=SUCCESS |  
2025-10-20 19:51:46,219 | INFO  | SCMAudit | user=runner | ip=127.0.0.1 | op=GET_CONTAINER_WITH_PIPELINE_BATCH {"containerIDs":"#7,"} | ret=SUCCESS |  
2025-10-20 19:51:46,219 | INFO  | OMAudit | user=null | ip= | op=READ_KEY {"volume":"c0584ad3-d4fd-485e-ba1f-8038e9becfdf","bucket":"b019f6bc-60fc-4cf3-8305-00bb28ce9ffb","key":"24105421-e5a3-48da-9daa-8ff64d5249aa","owner":null,"dataSize":"0","replicationConfig":null} | ret=SUCCESS |  
2025-10-20 19:51:46,220 | INFO  | SCMAudit | user=runner | ip=127.0.0.1 | op=GET_CONTAINER {"containerID":"7"} | ret=SUCCESS |  
2025-10-20 19:51:46,221 | INFO  | OMAudit | user=runner | ip=127.0.0.1 | op=READ_BUCKET {"volume":"c0584ad3-d4fd-485e-ba1f-8038e9becfdf","bucket":"b019f6bc-60fc-4cf3-8305-00bb28ce9ffb"} | ret=SUCCESS |  
2025-10-20 19:51:46,222 | INFO  | SCMAudit | user=runner | ip=127.0.0.1 | op=ALLOCATE_BLOCK {"replication":"RATIS/ONE","owner":"omServiceIdDefault","size":"4194304","sampleBlocks":"[conID: 13 locID: 115816896921600464]","num":"1","client":"","allocated":"1"} | ret=SUCCESS |  
2025-10-20 19:51:46,224 | INFO  | OMAudit | user=runner | ip=127.0.0.1 | op=ALLOCATE_KEY {"volume":"c0584ad3-d4fd-485e-ba1f-8038e9becfdf","bucket":"b019f6bc-60fc-4cf3-8305-00bb28ce9ffb","key":"13e8bf3d-7770-4165-a85b-66034fc5509a","dataSize":"12","replicationType":"RATIS","replicationFactor":"ONE","Transaction":"1690"} | ret=SUCCESS |  
2025-10-20 19:51:46,230 | INFO  | OMAudit | user=runner | ip=127.0.0.1 | op=COMMIT_KEY {"volume":"c0584ad3-d4fd-485e-ba1f-8038e9becfdf","bucket":"b019f6bc-60fc-4cf3-8305-00bb28ce9ffb","key":"13e8bf3d-7770-4165-a85b-66034fc5509a","dataSize":"12","replicationType":"RATIS","replicationFactor":"ONE","Transaction":"1691"} | ret=SUCCESS |  
2025-10-20 19:51:46,231 | INFO  | OMAudit | user=runner | ip=127.0.0.1 | op=READ_KEY {"volume":"c0584ad3-d4fd-485e-ba1f-8038e9becfdf","bucket":"b019f6bc-60fc-4cf3-8305-00bb28ce9ffb","key":"13e8bf3d-7770-4165-a85b-66034fc5509a","owner":null,"dataSize":"0","replicationConfig":null} | ret=SUCCESS |  
2025-10-20 19:51:46,233 | INFO  | OMAudit | user=runner | ip=127.0.0.1 | op=READ_KEY {"volume":"c0584ad3-d4fd-485e-ba1f-8038e9becfdf","bucket":"b019f6bc-60fc-4cf3-8305-00bb28ce9ffb","key":"13e8bf3d-7770-4165-a85b-66034fc5509a","owner":null,"dataSize":"0","replicationConfig":null} | ret=SUCCESS |  
2025-10-20 19:51:46,237 | INFO  | SCMAudit | user=runner | ip=127.0.0.1 | op=GET_CONTAINER_WITH_PIPELINE_BATCH {"containerIDs":"#13,"} | ret=SUCCESS |  
2025-10-20 19:51:46,238 | INFO  | OMAudit | user=null | ip= | op=READ_KEY {"volume":"c0584ad3-d4fd-485e-ba1f-8038e9becfdf","bucket":"b019f6bc-60fc-4cf3-8305-00bb28ce9ffb","key":"13e8bf3d-7770-4165-a85b-66034fc5509a","owner":null,"dataSize":"0","replicationConfig":null} | ret=SUCCESS |  
2025-10-20 19:51:46,239 | INFO  | SCMAudit | user=runner | ip=127.0.0.1 | op=GET_CONTAINER {"containerID":"13"} | ret=SUCCESS |  
2025-10-20 19:51:46,240 | INFO  | OMAudit | user=runner | ip=127.0.0.1 | op=READ_BUCKET {"volume":"c0584ad3-d4fd-485e-ba1f-8038e9becfdf","bucket":"b019f6bc-60fc-4cf3-8305-00bb28ce9ffb"} | ret=SUCCESS |  
2025-10-20 19:51:46,240 | INFO  | SCMAudit | user=runner | ip=127.0.0.1 | op=ALLOCATE_BLOCK {"replication":"RATIS/ONE","owner":"omServiceIdDefault","size":"4194304","sampleBlocks":"[conID: 9 locID: 115816896921600465]","num":"1","client":"","allocated":"1"} | ret=SUCCESS |  
2025-10-20 19:51:46,242 | INFO  | OMAudit | user=runner | ip=127.0.0.1 | op=ALLOCATE_KEY {"volume":"c0584ad3-d4fd-485e-ba1f-8038e9becfdf","bucket":"b019f6bc-60fc-4cf3-8305-00bb28ce9ffb","key":"e36cc7da-6738-420c-ba80-d452b6d14bdd","dataSize":"12","replicationType":"RATIS","replicationFactor":"ONE","Transaction":"1692"} | ret=SUCCESS |  
2025-10-20 19:51:46,249 | INFO  | OMAudit | user=runner | ip=127.0.0.1 | op=COMMIT_KEY {"volume":"c0584ad3-d4fd-485e-ba1f-8038e9becfdf","bucket":"b019f6bc-60fc-4cf3-8305-00bb28ce9ffb","key":"e36cc7da-6738-420c-ba80-d452b6d14bdd","dataSize":"12","replicationType":"RATIS","replicationFactor":"ONE","Transaction":"1693"} | ret=SUCCESS |  
2025-10-20 19:51:46,251 | INFO  | OMAudit | user=runner | ip=127.0.0.1 | op=READ_KEY {"volume":"c0584ad3-d4fd-485e-ba1f-8038e9becfdf","bucket":"b019f6bc-60fc-4cf3-8305-00bb28ce9ffb","key":"e36cc7da-6738-420c-ba80-d452b6d14bdd","owner":null,"dataSize":"0","replicationConfig":null} | ret=SUCCESS |  
2025-10-20 19:51:46,252 | INFO  | OMAudit | user=runner | ip=127.0.0.1 | op=READ_KEY {"volume":"c0584ad3-d4fd-485e-ba1f-8038e9becfdf","bucket":"b019f6bc-60fc-4cf3-8305-00bb28ce9ffb","key":"e36cc7da-6738-420c-ba80-d452b6d14bdd","owner":null,"dataSize":"0","replicationConfig":null} | ret=SUCCESS |  
2025-10-20 19:51:46,259 | INFO  | SCMAudit | user=runner | ip=127.0.0.1 | op=GET_CONTAINER_WITH_PIPELINE_BATCH {"containerIDs":"#9,"} | ret=SUCCESS |  
2025-10-20 19:51:46,260 | INFO  | OMAudit | user=null | ip= | op=READ_KEY {"volume":"c0584ad3-d4fd-485e-ba1f-8038e9becfdf","bucket":"b019f6bc-60fc-4cf3-8305-00bb28ce9ffb","key":"e36cc7da-6738-420c-ba80-d452b6d14bdd","owner":null,"dataSize":"0","replicationConfig":null} | ret=SUCCESS |  
2025-10-20 19:51:46,260 | INFO  | SCMAudit | user=runner | ip=127.0.0.1 | op=GET_CONTAINER {"containerID":"9"} | ret=SUCCESS |  
2025-10-20 19:51:46,261 | INFO  | OMAudit | user=runner | ip=127.0.0.1 | op=READ_BUCKET {"volume":"c0584ad3-d4fd-485e-ba1f-8038e9becfdf","bucket":"b019f6bc-60fc-4cf3-8305-00bb28ce9ffb"} | ret=SUCCESS |  
2025-10-20 19:51:46,262 | INFO  | SCMAudit | user=runner | ip=127.0.0.1 | op=ALLOCATE_BLOCK {"replication":"RATIS/ONE","owner":"omServiceIdDefault","size":"4194304","sampleBlocks":"[conID: 27 locID: 115816896921600466]","num":"1","client":"","allocated":"1"} | ret=SUCCESS |  
2025-10-20 19:51:46,264 | INFO  | OMAudit | user=runner | ip=127.0.0.1 | op=ALLOCATE_KEY {"volume":"c0584ad3-d4fd-485e-ba1f-8038e9becfdf","bucket":"b019f6bc-60fc-4cf3-8305-00bb28ce9ffb","key":"b762d8a5-dc4f-4026-83bf-639285f72a92","dataSize":"12","replicationType":"RATIS","replicationFactor":"ONE","Transaction":"1694"} | ret=SUCCESS |  
2025-10-20 19:51:46,269 | INFO  | OMAudit | user=runner | ip=127.0.0.1 | op=COMMIT_KEY {"volume":"c0584ad3-d4fd-485e-ba1f-8038e9becfdf","bucket":"b019f6bc-60fc-4cf3-8305-00bb28ce9ffb","key":"b762d8a5-dc4f-4026-83bf-639285f72a92","dataSize":"12","replicationType":"RATIS","replicationFactor":"ONE","Transaction":"1695"} | ret=SUCCESS |  
2025-10-20 19:51:46,270 | INFO  | OMAudit | user=runner | ip=127.0.0.1 | op=READ_KEY {"volume":"c0584ad3-d4fd-485e-ba1f-8038e9becfdf","bucket":"b019f6bc-60fc-4cf3-8305-00bb28ce9ffb","key":"b762d8a5-dc4f-4026-83bf-639285f72a92","owner":null,"dataSize":"0","replicationConfig":null} | ret=SUCCESS |  
2025-10-20 19:51:46,271 | INFO  | OMAudit | user=runner | ip=127.0.0.1 | op=READ_KEY {"volume":"c0584ad3-d4fd-485e-ba1f-8038e9becfdf","bucket":"b019f6bc-60fc-4cf3-8305-00bb28ce9ffb","key":"b762d8a5-dc4f-4026-83bf-639285f72a92","owner":null,"dataSize":"0","replicationConfig":null} | ret=SUCCESS |  
2025-10-20 19:51:46,277 | INFO  | SCMAudit | user=runner | ip=127.0.0.1 | op=GET_CONTAINER_WITH_PIPELINE_BATCH {"containerIDs":"#27,"} | ret=SUCCESS |  
2025-10-20 19:51:46,277 | INFO  | OMAudit | user=null | ip= | op=READ_KEY {"volume":"c0584ad3-d4fd-485e-ba1f-8038e9becfdf","bucket":"b019f6bc-60fc-4cf3-8305-00bb28ce9ffb","key":"b762d8a5-dc4f-4026-83bf-639285f72a92","owner":null,"dataSize":"0","replicationConfig":null} | ret=SUCCESS |  
2025-10-20 19:51:46,278 | INFO  | SCMAudit | user=runner | ip=127.0.0.1 | op=GET_CONTAINER {"containerID":"27"} | ret=SUCCESS |  
2025-10-20 19:51:46,279 | INFO  | OMAudit | user=runner | ip=127.0.0.1 | op=READ_BUCKET {"volume":"c0584ad3-d4fd-485e-ba1f-8038e9becfdf","bucket":"b019f6bc-60fc-4cf3-8305-00bb28ce9ffb"} | ret=SUCCESS |  
2025-10-20 19:51:46,279 | INFO  | SCMAudit | user=runner | ip=127.0.0.1 | op=ALLOCATE_BLOCK {"replication":"RATIS/ONE","owner":"omServiceIdDefault","size":"4194304","sampleBlocks":"[conID: 27 locID: 115816896921600467]","num":"1","client":"","allocated":"1"} | ret=SUCCESS |  
2025-10-20 19:51:46,281 | INFO  | OMAudit | user=runner | ip=127.0.0.1 | op=ALLOCATE_KEY {"volume":"c0584ad3-d4fd-485e-ba1f-8038e9becfdf","bucket":"b019f6bc-60fc-4cf3-8305-00bb28ce9ffb","key":"139ca52f-51c0-4f3e-a7f2-e70c707be39c","dataSize":"12","replicationType":"RATIS","replicationFactor":"ONE","Transaction":"1696"} | ret=SUCCESS |  
2025-10-20 19:51:46,286 | INFO  | OMAudit | user=runner | ip=127.0.0.1 | op=COMMIT_KEY {"volume":"c0584ad3-d4fd-485e-ba1f-8038e9becfdf","bucket":"b019f6bc-60fc-4cf3-8305-00bb28ce9ffb","key":"139ca52f-51c0-4f3e-a7f2-e70c707be39c","dataSize":"12","replicationType":"RATIS","replicationFactor":"ONE","Transaction":"1697"} | ret=SUCCESS |  
2025-10-20 19:51:46,289 | INFO  | OMAudit | user=runner | ip=127.0.0.1 | op=READ_KEY {"volume":"c0584ad3-d4fd-485e-ba1f-8038e9becfdf","bucket":"b019f6bc-60fc-4cf3-8305-00bb28ce9ffb","key":"139ca52f-51c0-4f3e-a7f2-e70c707be39c","owner":null,"dataSize":"0","replicationConfig":null} | ret=SUCCESS |  
2025-10-20 19:51:46,290 | INFO  | OMAudit | user=runner | ip=127.0.0.1 | op=READ_KEY {"volume":"c0584ad3-d4fd-485e-ba1f-8038e9becfdf","bucket":"b019f6bc-60fc-4cf3-8305-00bb28ce9ffb","key":"139ca52f-51c0-4f3e-a7f2-e70c707be39c","owner":null,"dataSize":"0","replicationConfig":null} | ret=SUCCESS |  
2025-10-20 19:51:46,294 | INFO  | SCMAudit | user=runner | ip=127.0.0.1 | op=GET_CONTAINER_WITH_PIPELINE_BATCH {"containerIDs":"#27,"} | ret=SUCCESS |  
2025-10-20 19:51:46,295 | INFO  | OMAudit | user=null | ip= | op=READ_KEY {"volume":"c0584ad3-d4fd-485e-ba1f-8038e9becfdf","bucket":"b019f6bc-60fc-4cf3-8305-00bb28ce9ffb","key":"139ca52f-51c0-4f3e-a7f2-e70c707be39c","owner":null,"dataSize":"0","replicationConfig":null} | ret=SUCCESS |  
2025-10-20 19:51:46,295 | INFO  | SCMAudit | user=runner | ip=127.0.0.1 | op=GET_CONTAINER {"containerID":"27"} | ret=SUCCESS |  
2025-10-20 19:51:46,296 | INFO  | OMAudit | user=runner | ip=127.0.0.1 | op=READ_BUCKET {"volume":"c0584ad3-d4fd-485e-ba1f-8038e9becfdf","bucket":"b019f6bc-60fc-4cf3-8305-00bb28ce9ffb"} | ret=SUCCESS |  
2025-10-20 19:51:46,297 | INFO  | SCMAudit | user=runner | ip=127.0.0.1 | op=ALLOCATE_BLOCK {"replication":"RATIS/ONE","owner":"omServiceIdDefault","size":"4194304","sampleBlocks":"[conID: 12 locID: 115816896921600468]","num":"1","client":"","allocated":"1"} | ret=SUCCESS |  
2025-10-20 19:51:46,299 | INFO  | OMAudit | user=runner | ip=127.0.0.1 | op=ALLOCATE_KEY {"volume":"c0584ad3-d4fd-485e-ba1f-8038e9becfdf","bucket":"b019f6bc-60fc-4cf3-8305-00bb28ce9ffb","key":"86ccf959-4de5-468f-b8ab-e66bf4588e10","dataSize":"12","replicationType":"RATIS","replicationFactor":"ONE","Transaction":"1698"} | ret=SUCCESS |  
2025-10-20 19:51:46,304 | INFO  | OMAudit | user=runner | ip=127.0.0.1 | op=COMMIT_KEY {"volume":"c0584ad3-d4fd-485e-ba1f-8038e9becfdf","bucket":"b019f6bc-60fc-4cf3-8305-00bb28ce9ffb","key":"86ccf959-4de5-468f-b8ab-e66bf4588e10","dataSize":"12","replicationType":"RATIS","replicationFactor":"ONE","Transaction":"1699"} | ret=SUCCESS |  
2025-10-20 19:51:46,306 | INFO  | OMAudit | user=runner | ip=127.0.0.1 | op=READ_KEY {"volume":"c0584ad3-d4fd-485e-ba1f-8038e9becfdf","bucket":"b019f6bc-60fc-4cf3-8305-00bb28ce9ffb","key":"86ccf959-4de5-468f-b8ab-e66bf4588e10","owner":null,"dataSize":"0","replicationConfig":null} | ret=SUCCESS |  
2025-10-20 19:51:46,308 | INFO  | OMAudit | user=runner | ip=127.0.0.1 | op=READ_KEY {"volume":"c0584ad3-d4fd-485e-ba1f-8038e9becfdf","bucket":"b019f6bc-60fc-4cf3-8305-00bb28ce9ffb","key":"86ccf959-4de5-468f-b8ab-e66bf4588e10","owner":null,"dataSize":"0","replicationConfig":null} | ret=SUCCESS |  
2025-10-20 19:51:46,313 | INFO  | SCMAudit | user=runner | ip=127.0.0.1 | op=GET_CONTAINER_WITH_PIPELINE_BATCH {"containerIDs":"#12,"} | ret=SUCCESS |  
2025-10-20 19:51:46,314 | INFO  | OMAudit | user=null | ip= | op=READ_KEY {"volume":"c0584ad3-d4fd-485e-ba1f-8038e9becfdf","bucket":"b019f6bc-60fc-4cf3-8305-00bb28ce9ffb","key":"86ccf959-4de5-468f-b8ab-e66bf4588e10","owner":null,"dataSize":"0","replicationConfig":null} | ret=SUCCESS |  
2025-10-20 19:51:46,314 | INFO  | SCMAudit | user=runner | ip=127.0.0.1 | op=GET_CONTAINER {"containerID":"12"} | ret=SUCCESS |  
2025-10-20 19:51:46,315 | INFO  | OMAudit | user=runner | ip=127.0.0.1 | op=READ_BUCKET {"volume":"c0584ad3-d4fd-485e-ba1f-8038e9becfdf","bucket":"b019f6bc-60fc-4cf3-8305-00bb28ce9ffb"} | ret=SUCCESS |  
2025-10-20 19:51:46,316 | INFO  | SCMAudit | user=runner | ip=127.0.0.1 | op=ALLOCATE_BLOCK {"replication":"RATIS/ONE","owner":"omServiceIdDefault","size":"4194304","sampleBlocks":"[conID: 6 locID: 115816896921600469]","num":"1","client":"","allocated":"1"} | ret=SUCCESS |  
2025-10-20 19:51:46,318 | INFO  | OMAudit | user=runner | ip=127.0.0.1 | op=ALLOCATE_KEY {"volume":"c0584ad3-d4fd-485e-ba1f-8038e9becfdf","bucket":"b019f6bc-60fc-4cf3-8305-00bb28ce9ffb","key":"459ad403-eb69-4a07-bf97-e496706d42a4","dataSize":"12","replicationType":"RATIS","replicationFactor":"ONE","Transaction":"1700"} | ret=SUCCESS |  
2025-10-20 19:51:46,323 | INFO  | OMAudit | user=runner | ip=127.0.0.1 | op=COMMIT_KEY {"volume":"c0584ad3-d4fd-485e-ba1f-8038e9becfdf","bucket":"b019f6bc-60fc-4cf3-8305-00bb28ce9ffb","key":"459ad403-eb69-4a07-bf97-e496706d42a4","dataSize":"12","replicationType":"RATIS","replicationFactor":"ONE","Transaction":"1701"} | ret=SUCCESS |  
2025-10-20 19:51:46,325 | INFO  | OMAudit | user=runner | ip=127.0.0.1 | op=READ_KEY {"volume":"c0584ad3-d4fd-485e-ba1f-8038e9becfdf","bucket":"b019f6bc-60fc-4cf3-8305-00bb28ce9ffb","key":"459ad403-eb69-4a07-bf97-e496706d42a4","owner":null,"dataSize":"0","replicationConfig":null} | ret=SUCCESS |  
2025-10-20 19:51:46,326 | INFO  | OMAudit | user=runner | ip=127.0.0.1 | op=READ_KEY {"volume":"c0584ad3-d4fd-485e-ba1f-8038e9becfdf","bucket":"b019f6bc-60fc-4cf3-8305-00bb28ce9ffb","key":"459ad403-eb69-4a07-bf97-e496706d42a4","owner":null,"dataSize":"0","replicationConfig":null} | ret=SUCCESS |  
2025-10-20 19:51:46,329 | INFO  | SCMAudit | user=runner | ip=127.0.0.1 | op=GET_CONTAINER_WITH_PIPELINE_BATCH {"containerIDs":"#6,"} | ret=SUCCESS |  
2025-10-20 19:51:46,330 | INFO  | OMAudit | user=null | ip= | op=READ_KEY {"volume":"c0584ad3-d4fd-485e-ba1f-8038e9becfdf","bucket":"b019f6bc-60fc-4cf3-8305-00bb28ce9ffb","key":"459ad403-eb69-4a07-bf97-e496706d42a4","owner":null,"dataSize":"0","replicationConfig":null} | ret=SUCCESS |  
2025-10-20 19:51:46,330 | INFO  | SCMAudit | user=runner | ip=127.0.0.1 | op=GET_CONTAINER {"containerID":"6"} | ret=SUCCESS |  
2025-10-20 19:51:46,331 | INFO  | OMAudit | user=runner | ip=127.0.0.1 | op=READ_BUCKET {"volume":"c0584ad3-d4fd-485e-ba1f-8038e9becfdf","bucket":"b019f6bc-60fc-4cf3-8305-00bb28ce9ffb"} | ret=SUCCESS |  
2025-10-20 19:51:46,332 | INFO  | SCMAudit | user=runner | ip=127.0.0.1 | op=ALLOCATE_BLOCK {"replication":"RATIS/ONE","owner":"omServiceIdDefault","size":"4194304","sampleBlocks":"[conID: 27 locID: 115816896921600470]","num":"1","client":"","allocated":"1"} | ret=SUCCESS |  
2025-10-20 19:51:46,334 | INFO  | OMAudit | user=runner | ip=127.0.0.1 | op=ALLOCATE_KEY {"volume":"c0584ad3-d4fd-485e-ba1f-8038e9becfdf","bucket":"b019f6bc-60fc-4cf3-8305-00bb28ce9ffb","key":"1c150cc8-7b14-4ce2-aac1-b81da1c1a8cd","dataSize":"12","replicationType":"RATIS","replicationFactor":"ONE","Transaction":"1702"} | ret=SUCCESS |  
2025-10-20 19:51:46,340 | INFO  | OMAudit | user=runner | ip=127.0.0.1 | op=COMMIT_KEY {"volume":"c0584ad3-d4fd-485e-ba1f-8038e9becfdf","bucket":"b019f6bc-60fc-4cf3-8305-00bb28ce9ffb","key":"1c150cc8-7b14-4ce2-aac1-b81da1c1a8cd","dataSize":"12","replicationType":"RATIS","replicationFactor":"ONE","Transaction":"1703"} | ret=SUCCESS |  
2025-10-20 19:51:46,341 | INFO  | OMAudit | user=runner | ip=127.0.0.1 | op=READ_KEY {"volume":"c0584ad3-d4fd-485e-ba1f-8038e9becfdf","bucket":"b019f6bc-60fc-4cf3-8305-00bb28ce9ffb","key":"1c150cc8-7b14-4ce2-aac1-b81da1c1a8cd","owner":null,"dataSize":"0","replicationConfig":null} | ret=SUCCESS |  
2025-10-20 19:51:46,343 | INFO  | OMAudit | user=runner | ip=127.0.0.1 | op=READ_KEY {"volume":"c0584ad3-d4fd-485e-ba1f-8038e9becfdf","bucket":"b019f6bc-60fc-4cf3-8305-00bb28ce9ffb","key":"1c150cc8-7b14-4ce2-aac1-b81da1c1a8cd","owner":null,"dataSize":"0","replicationConfig":null} | ret=SUCCESS |  
2025-10-20 19:51:46,347 | INFO  | SCMAudit | user=runner | ip=127.0.0.1 | op=GET_CONTAINER_WITH_PIPELINE_BATCH {"containerIDs":"#27,"} | ret=SUCCESS |  
2025-10-20 19:51:46,348 | INFO  | OMAudit | user=null | ip= | op=READ_KEY {"volume":"c0584ad3-d4fd-485e-ba1f-8038e9becfdf","bucket":"b019f6bc-60fc-4cf3-8305-00bb28ce9ffb","key":"1c150cc8-7b14-4ce2-aac1-b81da1c1a8cd","owner":null,"dataSize":"0","replicationConfig":null} | ret=SUCCESS |  
2025-10-20 19:51:46,348 | INFO  | SCMAudit | user=runner | ip=127.0.0.1 | op=GET_CONTAINER {"containerID":"27"} | ret=SUCCESS |  
2025-10-20 19:51:46,349 | INFO  | OMAudit | user=runner | ip=127.0.0.1 | op=READ_BUCKET {"volume":"c0584ad3-d4fd-485e-ba1f-8038e9becfdf","bucket":"b019f6bc-60fc-4cf3-8305-00bb28ce9ffb"} | ret=SUCCESS |  
2025-10-20 19:51:46,350 | INFO  | SCMAudit | user=runner | ip=127.0.0.1 | op=ALLOCATE_BLOCK {"replication":"RATIS/ONE","owner":"omServiceIdDefault","size":"4194304","sampleBlocks":"[conID: 1 locID: 115816896921600471]","num":"1","client":"","allocated":"1"} | ret=SUCCESS |  
2025-10-20 19:51:46,352 | INFO  | OMAudit | user=runner | ip=127.0.0.1 | op=ALLOCATE_KEY {"volume":"c0584ad3-d4fd-485e-ba1f-8038e9becfdf","bucket":"b019f6bc-60fc-4cf3-8305-00bb28ce9ffb","key":"6c748b37-0eb6-4e4a-8cc2-04bb22ae7c09","dataSize":"12","replicationType":"RATIS","replicationFactor":"ONE","Transaction":"1704"} | ret=SUCCESS |  
2025-10-20 19:51:46,357 | INFO  | OMAudit | user=runner | ip=127.0.0.1 | op=COMMIT_KEY {"volume":"c0584ad3-d4fd-485e-ba1f-8038e9becfdf","bucket":"b019f6bc-60fc-4cf3-8305-00bb28ce9ffb","key":"6c748b37-0eb6-4e4a-8cc2-04bb22ae7c09","dataSize":"12","replicationType":"RATIS","replicationFactor":"ONE","Transaction":"1705"} | ret=SUCCESS |  
2025-10-20 19:51:46,358 | INFO  | OMAudit | user=runner | ip=127.0.0.1 | op=READ_KEY {"volume":"c0584ad3-d4fd-485e-ba1f-8038e9becfdf","bucket":"b019f6bc-60fc-4cf3-8305-00bb28ce9ffb","key":"6c748b37-0eb6-4e4a-8cc2-04bb22ae7c09","owner":null,"dataSize":"0","replicationConfig":null} | ret=SUCCESS |  
2025-10-20 19:51:46,359 | INFO  | OMAudit | user=runner | ip=127.0.0.1 | op=READ_KEY {"volume":"c0584ad3-d4fd-485e-ba1f-8038e9becfdf","bucket":"b019f6bc-60fc-4cf3-8305-00bb28ce9ffb","key":"6c748b37-0eb6-4e4a-8cc2-04bb22ae7c09","owner":null,"dataSize":"0","replicationConfig":null} | ret=SUCCESS |  
2025-10-20 19:51:46,364 | INFO  | SCMAudit | user=runner | ip=127.0.0.1 | op=GET_CONTAINER_WITH_PIPELINE_BATCH {"containerIDs":"#1,"} | ret=SUCCESS |  
2025-10-20 19:51:46,365 | INFO  | OMAudit | user=null | ip= | op=READ_KEY {"volume":"c0584ad3-d4fd-485e-ba1f-8038e9becfdf","bucket":"b019f6bc-60fc-4cf3-8305-00bb28ce9ffb","key":"6c748b37-0eb6-4e4a-8cc2-04bb22ae7c09","owner":null,"dataSize":"0","replicationConfig":null} | ret=SUCCESS |  
2025-10-20 19:51:46,365 | INFO  | SCMAudit | user=runner | ip=127.0.0.1 | op=GET_CONTAINER {"containerID":"1"} | ret=SUCCESS |  
]]></system-out>
  </testcase>
  <testcase name="testPutKeyRatisOneNode" classname="org.apache.hadoop.ozone.client.rpc.TestSecureOzoneRpcClient" time="0.206">
    <system-out><![CDATA[2025-10-20 19:51:46,367 [ForkJoinPool-1-worker-1] INFO  rpc.RpcClient (RpcClient.java:createVolume(461)) - Creating Volume: 20119fe4-2963-4c5f-9319-06d8c20f22a7, with runner as owner and space quota set to -1 bytes, counts quota set to -1
2025-10-20 19:51:46,369 [om1-OMStateMachineApplyTransactionThread - 0] INFO  volume.OMVolumeCreateRequest (OMVolumeCreateRequest.java:validateAndUpdateCache(213)) - created volume:20119fe4-2963-4c5f-9319-06d8c20f22a7 for user:runner
2025-10-20 19:51:46,369 | INFO  | OMAudit | user=runner | ip=127.0.0.1 | op=CREATE_VOLUME {"admin":"runner","owner":"runner","volume":"20119fe4-2963-4c5f-9319-06d8c20f22a7","creationTime":"1760989906368","modificationTime":"1760989906368","quotaInBytes":"-1","quotaInNamespace":"-1","usedNamespace":"0","objectID":"-9223372036854339072","updateID":"1706","Transaction":"1706"} | ret=SUCCESS |  
2025-10-20 19:51:46,370 | INFO  | OMAudit | user=runner | ip=127.0.0.1 | op=READ_VOLUME {"volume":"20119fe4-2963-4c5f-9319-06d8c20f22a7"} | ret=SUCCESS |  
2025-10-20 19:51:46,371 [ForkJoinPool-1-worker-1] INFO  rpc.RpcClient (RpcClient.java:createBucket(686)) - Creating Bucket: 20119fe4-2963-4c5f-9319-06d8c20f22a7/ab8c4ec8-fcc1-4e4d-af61-711c1d284985, with server-side default bucket layout, runner as owner, Versioning false, Storage Type set to DISK and Encryption set to false, Replication Type set to server-side default replication type, Namespace Quota set to -1, Space Quota set to -1 
2025-10-20 19:51:46,372 [om1-OMStateMachineApplyTransactionThread - 0] INFO  bucket.OMBucketCreateRequest (OMBucketCreateRequest.java:validateAndUpdateCache(303)) - created bucket: ab8c4ec8-fcc1-4e4d-af61-711c1d284985 of layout FILE_SYSTEM_OPTIMIZED in volume: 20119fe4-2963-4c5f-9319-06d8c20f22a7
2025-10-20 19:51:46,372 | INFO  | OMAudit | user=runner | ip=127.0.0.1 | op=CREATE_BUCKET {"volume":"20119fe4-2963-4c5f-9319-06d8c20f22a7","bucket":"ab8c4ec8-fcc1-4e4d-af61-711c1d284985","bucketLayout":"FILE_SYSTEM_OPTIMIZED","gdprEnabled":null,"acls":"[user:runner:a[ACCESS], group:runner:rl[ACCESS]]","isVersionEnabled":"false","storageType":"DISK","creationTime":"1760989906371","bucketEncryptionKey":null,"modificationTime":"1760989906371","usedBytes":"0","usedNamespace":"0","snapshotUsedBytes":"0","snapshotUsedNamespace":"0","owner":"runner","replicationType":null,"replicationConfig":null,"quotaInBytes":"-1","quotaInNamespace":"-1","Transaction":"1707"} | ret=SUCCESS |  
2025-10-20 19:51:46,373 | INFO  | OMAudit | user=runner | ip=127.0.0.1 | op=READ_BUCKET {"volume":"20119fe4-2963-4c5f-9319-06d8c20f22a7","bucket":"ab8c4ec8-fcc1-4e4d-af61-711c1d284985"} | ret=SUCCESS |  
2025-10-20 19:51:46,374 | INFO  | OMAudit | user=runner | ip=127.0.0.1 | op=READ_BUCKET {"volume":"20119fe4-2963-4c5f-9319-06d8c20f22a7","bucket":"ab8c4ec8-fcc1-4e4d-af61-711c1d284985"} | ret=SUCCESS |  
2025-10-20 19:51:46,375 | INFO  | SCMAudit | user=runner | ip=127.0.0.1 | op=ALLOCATE_BLOCK {"replication":"RATIS/ONE","owner":"omServiceIdDefault","size":"4194304","sampleBlocks":"[conID: 1 locID: 115816896921600472]","num":"1","client":"","allocated":"1"} | ret=SUCCESS |  
2025-10-20 19:51:46,377 | INFO  | OMAudit | user=runner | ip=127.0.0.1 | op=ALLOCATE_KEY {"volume":"20119fe4-2963-4c5f-9319-06d8c20f22a7","bucket":"ab8c4ec8-fcc1-4e4d-af61-711c1d284985","key":"9047c4b1-dbd6-4df7-b87f-e207d04ced82","dataSize":"12","replicationType":"RATIS","replicationFactor":"ONE","Transaction":"1708"} | ret=SUCCESS |  
2025-10-20 19:51:46,383 | INFO  | OMAudit | user=runner | ip=127.0.0.1 | op=COMMIT_KEY {"volume":"20119fe4-2963-4c5f-9319-06d8c20f22a7","bucket":"ab8c4ec8-fcc1-4e4d-af61-711c1d284985","key":"9047c4b1-dbd6-4df7-b87f-e207d04ced82","dataSize":"12","replicationType":"RATIS","replicationFactor":"ONE","Transaction":"1709"} | ret=SUCCESS |  
2025-10-20 19:51:46,385 | INFO  | OMAudit | user=runner | ip=127.0.0.1 | op=READ_KEY {"volume":"20119fe4-2963-4c5f-9319-06d8c20f22a7","bucket":"ab8c4ec8-fcc1-4e4d-af61-711c1d284985","key":"9047c4b1-dbd6-4df7-b87f-e207d04ced82","owner":null,"dataSize":"0","replicationConfig":null} | ret=SUCCESS |  
2025-10-20 19:51:46,386 | INFO  | OMAudit | user=runner | ip=127.0.0.1 | op=READ_KEY {"volume":"20119fe4-2963-4c5f-9319-06d8c20f22a7","bucket":"ab8c4ec8-fcc1-4e4d-af61-711c1d284985","key":"9047c4b1-dbd6-4df7-b87f-e207d04ced82","owner":null,"dataSize":"0","replicationConfig":null} | ret=SUCCESS |  
2025-10-20 19:51:46,391 | INFO  | SCMAudit | user=runner | ip=127.0.0.1 | op=GET_CONTAINER_WITH_PIPELINE_BATCH {"containerIDs":"#1,"} | ret=SUCCESS |  
2025-10-20 19:51:46,392 | INFO  | OMAudit | user=null | ip= | op=READ_KEY {"volume":"20119fe4-2963-4c5f-9319-06d8c20f22a7","bucket":"ab8c4ec8-fcc1-4e4d-af61-711c1d284985","key":"9047c4b1-dbd6-4df7-b87f-e207d04ced82","owner":null,"dataSize":"0","replicationConfig":null} | ret=SUCCESS |  
2025-10-20 19:51:46,393 | INFO  | SCMAudit | user=runner | ip=127.0.0.1 | op=GET_CONTAINER {"containerID":"1"} | ret=SUCCESS |  
2025-10-20 19:51:46,394 | INFO  | OMAudit | user=runner | ip=127.0.0.1 | op=READ_BUCKET {"volume":"20119fe4-2963-4c5f-9319-06d8c20f22a7","bucket":"ab8c4ec8-fcc1-4e4d-af61-711c1d284985"} | ret=SUCCESS |  
2025-10-20 19:51:46,395 | INFO  | SCMAudit | user=runner | ip=127.0.0.1 | op=ALLOCATE_BLOCK {"replication":"RATIS/ONE","owner":"omServiceIdDefault","size":"4194304","sampleBlocks":"[conID: 13 locID: 115816896921600473]","num":"1","client":"","allocated":"1"} | ret=SUCCESS |  
2025-10-20 19:51:46,398 | INFO  | OMAudit | user=runner | ip=127.0.0.1 | op=ALLOCATE_KEY {"volume":"20119fe4-2963-4c5f-9319-06d8c20f22a7","bucket":"ab8c4ec8-fcc1-4e4d-af61-711c1d284985","key":"46c4b159-399d-4ac7-b559-3fa9f49934b9","dataSize":"12","replicationType":"RATIS","replicationFactor":"ONE","Transaction":"1710"} | ret=SUCCESS |  
2025-10-20 19:51:46,404 | INFO  | OMAudit | user=runner | ip=127.0.0.1 | op=COMMIT_KEY {"volume":"20119fe4-2963-4c5f-9319-06d8c20f22a7","bucket":"ab8c4ec8-fcc1-4e4d-af61-711c1d284985","key":"46c4b159-399d-4ac7-b559-3fa9f49934b9","dataSize":"12","replicationType":"RATIS","replicationFactor":"ONE","Transaction":"1711"} | ret=SUCCESS |  
2025-10-20 19:51:46,407 | INFO  | OMAudit | user=runner | ip=127.0.0.1 | op=READ_KEY {"volume":"20119fe4-2963-4c5f-9319-06d8c20f22a7","bucket":"ab8c4ec8-fcc1-4e4d-af61-711c1d284985","key":"46c4b159-399d-4ac7-b559-3fa9f49934b9","owner":null,"dataSize":"0","replicationConfig":null} | ret=SUCCESS |  
2025-10-20 19:51:46,408 | INFO  | OMAudit | user=runner | ip=127.0.0.1 | op=READ_KEY {"volume":"20119fe4-2963-4c5f-9319-06d8c20f22a7","bucket":"ab8c4ec8-fcc1-4e4d-af61-711c1d284985","key":"46c4b159-399d-4ac7-b559-3fa9f49934b9","owner":null,"dataSize":"0","replicationConfig":null} | ret=SUCCESS |  
2025-10-20 19:51:46,413 | INFO  | SCMAudit | user=runner | ip=127.0.0.1 | op=GET_CONTAINER_WITH_PIPELINE_BATCH {"containerIDs":"#13,"} | ret=SUCCESS |  
2025-10-20 19:51:46,414 | INFO  | OMAudit | user=null | ip= | op=READ_KEY {"volume":"20119fe4-2963-4c5f-9319-06d8c20f22a7","bucket":"ab8c4ec8-fcc1-4e4d-af61-711c1d284985","key":"46c4b159-399d-4ac7-b559-3fa9f49934b9","owner":null,"dataSize":"0","replicationConfig":null} | ret=SUCCESS |  
2025-10-20 19:51:46,415 | INFO  | SCMAudit | user=runner | ip=127.0.0.1 | op=GET_CONTAINER {"containerID":"13"} | ret=SUCCESS |  
2025-10-20 19:51:46,416 | INFO  | OMAudit | user=runner | ip=127.0.0.1 | op=READ_BUCKET {"volume":"20119fe4-2963-4c5f-9319-06d8c20f22a7","bucket":"ab8c4ec8-fcc1-4e4d-af61-711c1d284985"} | ret=SUCCESS |  
2025-10-20 19:51:46,417 | INFO  | SCMAudit | user=runner | ip=127.0.0.1 | op=ALLOCATE_BLOCK {"replication":"RATIS/ONE","owner":"omServiceIdDefault","size":"4194304","sampleBlocks":"[conID: 8 locID: 115816896921600474]","num":"1","client":"","allocated":"1"} | ret=SUCCESS |  
2025-10-20 19:51:46,418 | INFO  | OMAudit | user=runner | ip=127.0.0.1 | op=ALLOCATE_KEY {"volume":"20119fe4-2963-4c5f-9319-06d8c20f22a7","bucket":"ab8c4ec8-fcc1-4e4d-af61-711c1d284985","key":"d29541c9-2695-406b-ab82-fd42ff69146c","dataSize":"12","replicationType":"RATIS","replicationFactor":"ONE","Transaction":"1712"} | ret=SUCCESS |  
2025-10-20 19:51:46,424 | INFO  | OMAudit | user=runner | ip=127.0.0.1 | op=COMMIT_KEY {"volume":"20119fe4-2963-4c5f-9319-06d8c20f22a7","bucket":"ab8c4ec8-fcc1-4e4d-af61-711c1d284985","key":"d29541c9-2695-406b-ab82-fd42ff69146c","dataSize":"12","replicationType":"RATIS","replicationFactor":"ONE","Transaction":"1713"} | ret=SUCCESS |  
2025-10-20 19:51:46,426 | INFO  | OMAudit | user=runner | ip=127.0.0.1 | op=READ_KEY {"volume":"20119fe4-2963-4c5f-9319-06d8c20f22a7","bucket":"ab8c4ec8-fcc1-4e4d-af61-711c1d284985","key":"d29541c9-2695-406b-ab82-fd42ff69146c","owner":null,"dataSize":"0","replicationConfig":null} | ret=SUCCESS |  
2025-10-20 19:51:46,427 | INFO  | OMAudit | user=runner | ip=127.0.0.1 | op=READ_KEY {"volume":"20119fe4-2963-4c5f-9319-06d8c20f22a7","bucket":"ab8c4ec8-fcc1-4e4d-af61-711c1d284985","key":"d29541c9-2695-406b-ab82-fd42ff69146c","owner":null,"dataSize":"0","replicationConfig":null} | ret=SUCCESS |  
2025-10-20 19:51:46,434 | INFO  | SCMAudit | user=runner | ip=127.0.0.1 | op=GET_CONTAINER_WITH_PIPELINE_BATCH {"containerIDs":"#8,"} | ret=SUCCESS |  
2025-10-20 19:51:46,435 | INFO  | OMAudit | user=null | ip= | op=READ_KEY {"volume":"20119fe4-2963-4c5f-9319-06d8c20f22a7","bucket":"ab8c4ec8-fcc1-4e4d-af61-711c1d284985","key":"d29541c9-2695-406b-ab82-fd42ff69146c","owner":null,"dataSize":"0","replicationConfig":null} | ret=SUCCESS |  
2025-10-20 19:51:46,436 | INFO  | SCMAudit | user=runner | ip=127.0.0.1 | op=GET_CONTAINER {"containerID":"8"} | ret=SUCCESS |  
2025-10-20 19:51:46,437 | INFO  | OMAudit | user=runner | ip=127.0.0.1 | op=READ_BUCKET {"volume":"20119fe4-2963-4c5f-9319-06d8c20f22a7","bucket":"ab8c4ec8-fcc1-4e4d-af61-711c1d284985"} | ret=SUCCESS |  
2025-10-20 19:51:46,437 | INFO  | SCMAudit | user=runner | ip=127.0.0.1 | op=ALLOCATE_BLOCK {"replication":"RATIS/ONE","owner":"omServiceIdDefault","size":"4194304","sampleBlocks":"[conID: 2 locID: 115816896921600475]","num":"1","client":"","allocated":"1"} | ret=SUCCESS |  
2025-10-20 19:51:46,439 | INFO  | OMAudit | user=runner | ip=127.0.0.1 | op=ALLOCATE_KEY {"volume":"20119fe4-2963-4c5f-9319-06d8c20f22a7","bucket":"ab8c4ec8-fcc1-4e4d-af61-711c1d284985","key":"3a6136a6-f218-4d3e-a73d-16c279efc1df","dataSize":"12","replicationType":"RATIS","replicationFactor":"ONE","Transaction":"1714"} | ret=SUCCESS |  
2025-10-20 19:51:46,445 | INFO  | OMAudit | user=runner | ip=127.0.0.1 | op=COMMIT_KEY {"volume":"20119fe4-2963-4c5f-9319-06d8c20f22a7","bucket":"ab8c4ec8-fcc1-4e4d-af61-711c1d284985","key":"3a6136a6-f218-4d3e-a73d-16c279efc1df","dataSize":"12","replicationType":"RATIS","replicationFactor":"ONE","Transaction":"1715"} | ret=SUCCESS |  
2025-10-20 19:51:46,447 | INFO  | OMAudit | user=runner | ip=127.0.0.1 | op=READ_KEY {"volume":"20119fe4-2963-4c5f-9319-06d8c20f22a7","bucket":"ab8c4ec8-fcc1-4e4d-af61-711c1d284985","key":"3a6136a6-f218-4d3e-a73d-16c279efc1df","owner":null,"dataSize":"0","replicationConfig":null} | ret=SUCCESS |  
2025-10-20 19:51:46,448 | INFO  | OMAudit | user=runner | ip=127.0.0.1 | op=READ_KEY {"volume":"20119fe4-2963-4c5f-9319-06d8c20f22a7","bucket":"ab8c4ec8-fcc1-4e4d-af61-711c1d284985","key":"3a6136a6-f218-4d3e-a73d-16c279efc1df","owner":null,"dataSize":"0","replicationConfig":null} | ret=SUCCESS |  
2025-10-20 19:51:46,451 | INFO  | SCMAudit | user=runner | ip=127.0.0.1 | op=SEND_HEARTBEAT {"datanodeUUID":"38991c48-ffb3-4453-b758-77d6b4ebc62b","term":"2","command":"[]"} | ret=SUCCESS |  
2025-10-20 19:51:46,453 | INFO  | SCMAudit | user=runner | ip=127.0.0.1 | op=GET_CONTAINER_WITH_PIPELINE_BATCH {"containerIDs":"#2,"} | ret=SUCCESS |  
2025-10-20 19:51:46,454 | INFO  | OMAudit | user=null | ip= | op=READ_KEY {"volume":"20119fe4-2963-4c5f-9319-06d8c20f22a7","bucket":"ab8c4ec8-fcc1-4e4d-af61-711c1d284985","key":"3a6136a6-f218-4d3e-a73d-16c279efc1df","owner":null,"dataSize":"0","replicationConfig":null} | ret=SUCCESS |  
2025-10-20 19:51:46,455 | INFO  | SCMAudit | user=runner | ip=127.0.0.1 | op=GET_CONTAINER {"containerID":"2"} | ret=SUCCESS |  
2025-10-20 19:51:46,456 | INFO  | OMAudit | user=runner | ip=127.0.0.1 | op=READ_BUCKET {"volume":"20119fe4-2963-4c5f-9319-06d8c20f22a7","bucket":"ab8c4ec8-fcc1-4e4d-af61-711c1d284985"} | ret=SUCCESS |  
2025-10-20 19:51:46,456 | INFO  | SCMAudit | user=runner | ip=127.0.0.1 | op=ALLOCATE_BLOCK {"replication":"RATIS/ONE","owner":"omServiceIdDefault","size":"4194304","sampleBlocks":"[conID: 8 locID: 115816896921600476]","num":"1","client":"","allocated":"1"} | ret=SUCCESS |  
2025-10-20 19:51:46,458 | INFO  | OMAudit | user=runner | ip=127.0.0.1 | op=ALLOCATE_KEY {"volume":"20119fe4-2963-4c5f-9319-06d8c20f22a7","bucket":"ab8c4ec8-fcc1-4e4d-af61-711c1d284985","key":"666a1896-9ac5-4b4b-b3d2-0b4a4ae84d61","dataSize":"12","replicationType":"RATIS","replicationFactor":"ONE","Transaction":"1716"} | ret=SUCCESS |  
2025-10-20 19:51:46,464 | INFO  | OMAudit | user=runner | ip=127.0.0.1 | op=COMMIT_KEY {"volume":"20119fe4-2963-4c5f-9319-06d8c20f22a7","bucket":"ab8c4ec8-fcc1-4e4d-af61-711c1d284985","key":"666a1896-9ac5-4b4b-b3d2-0b4a4ae84d61","dataSize":"12","replicationType":"RATIS","replicationFactor":"ONE","Transaction":"1717"} | ret=SUCCESS |  
2025-10-20 19:51:46,465 | INFO  | OMAudit | user=runner | ip=127.0.0.1 | op=READ_KEY {"volume":"20119fe4-2963-4c5f-9319-06d8c20f22a7","bucket":"ab8c4ec8-fcc1-4e4d-af61-711c1d284985","key":"666a1896-9ac5-4b4b-b3d2-0b4a4ae84d61","owner":null,"dataSize":"0","replicationConfig":null} | ret=SUCCESS |  
2025-10-20 19:51:46,467 | INFO  | OMAudit | user=runner | ip=127.0.0.1 | op=READ_KEY {"volume":"20119fe4-2963-4c5f-9319-06d8c20f22a7","bucket":"ab8c4ec8-fcc1-4e4d-af61-711c1d284985","key":"666a1896-9ac5-4b4b-b3d2-0b4a4ae84d61","owner":null,"dataSize":"0","replicationConfig":null} | ret=SUCCESS |  
2025-10-20 19:51:46,473 | INFO  | SCMAudit | user=runner | ip=127.0.0.1 | op=GET_CONTAINER_WITH_PIPELINE_BATCH {"containerIDs":"#8,"} | ret=SUCCESS |  
2025-10-20 19:51:46,473 | INFO  | OMAudit | user=null | ip= | op=READ_KEY {"volume":"20119fe4-2963-4c5f-9319-06d8c20f22a7","bucket":"ab8c4ec8-fcc1-4e4d-af61-711c1d284985","key":"666a1896-9ac5-4b4b-b3d2-0b4a4ae84d61","owner":null,"dataSize":"0","replicationConfig":null} | ret=SUCCESS |  
2025-10-20 19:51:46,474 | INFO  | SCMAudit | user=runner | ip=127.0.0.1 | op=GET_CONTAINER {"containerID":"8"} | ret=SUCCESS |  
2025-10-20 19:51:46,475 | INFO  | OMAudit | user=runner | ip=127.0.0.1 | op=READ_BUCKET {"volume":"20119fe4-2963-4c5f-9319-06d8c20f22a7","bucket":"ab8c4ec8-fcc1-4e4d-af61-711c1d284985"} | ret=SUCCESS |  
2025-10-20 19:51:46,477 | INFO  | SCMAudit | user=runner | ip=127.0.0.1 | op=ALLOCATE_BLOCK {"replication":"RATIS/ONE","owner":"omServiceIdDefault","size":"4194304","sampleBlocks":"[conID: 8 locID: 115816896921600477]","num":"1","client":"","allocated":"1"} | ret=SUCCESS |  
2025-10-20 19:51:46,479 | INFO  | OMAudit | user=runner | ip=127.0.0.1 | op=ALLOCATE_KEY {"volume":"20119fe4-2963-4c5f-9319-06d8c20f22a7","bucket":"ab8c4ec8-fcc1-4e4d-af61-711c1d284985","key":"0a08e33a-5d44-4be9-b81d-3ea5cbb18a6e","dataSize":"12","replicationType":"RATIS","replicationFactor":"ONE","Transaction":"1718"} | ret=SUCCESS |  
2025-10-20 19:51:46,487 | INFO  | OMAudit | user=runner | ip=127.0.0.1 | op=COMMIT_KEY {"volume":"20119fe4-2963-4c5f-9319-06d8c20f22a7","bucket":"ab8c4ec8-fcc1-4e4d-af61-711c1d284985","key":"0a08e33a-5d44-4be9-b81d-3ea5cbb18a6e","dataSize":"12","replicationType":"RATIS","replicationFactor":"ONE","Transaction":"1719"} | ret=SUCCESS |  
2025-10-20 19:51:46,489 | INFO  | OMAudit | user=runner | ip=127.0.0.1 | op=READ_KEY {"volume":"20119fe4-2963-4c5f-9319-06d8c20f22a7","bucket":"ab8c4ec8-fcc1-4e4d-af61-711c1d284985","key":"0a08e33a-5d44-4be9-b81d-3ea5cbb18a6e","owner":null,"dataSize":"0","replicationConfig":null} | ret=SUCCESS |  
2025-10-20 19:51:46,490 | INFO  | OMAudit | user=runner | ip=127.0.0.1 | op=READ_KEY {"volume":"20119fe4-2963-4c5f-9319-06d8c20f22a7","bucket":"ab8c4ec8-fcc1-4e4d-af61-711c1d284985","key":"0a08e33a-5d44-4be9-b81d-3ea5cbb18a6e","owner":null,"dataSize":"0","replicationConfig":null} | ret=SUCCESS |  
2025-10-20 19:51:46,495 | INFO  | SCMAudit | user=runner | ip=127.0.0.1 | op=GET_CONTAINER_WITH_PIPELINE_BATCH {"containerIDs":"#8,"} | ret=SUCCESS |  
2025-10-20 19:51:46,496 | INFO  | OMAudit | user=null | ip= | op=READ_KEY {"volume":"20119fe4-2963-4c5f-9319-06d8c20f22a7","bucket":"ab8c4ec8-fcc1-4e4d-af61-711c1d284985","key":"0a08e33a-5d44-4be9-b81d-3ea5cbb18a6e","owner":null,"dataSize":"0","replicationConfig":null} | ret=SUCCESS |  
2025-10-20 19:51:46,497 | INFO  | SCMAudit | user=runner | ip=127.0.0.1 | op=GET_CONTAINER {"containerID":"8"} | ret=SUCCESS |  
2025-10-20 19:51:46,498 | INFO  | OMAudit | user=runner | ip=127.0.0.1 | op=READ_BUCKET {"volume":"20119fe4-2963-4c5f-9319-06d8c20f22a7","bucket":"ab8c4ec8-fcc1-4e4d-af61-711c1d284985"} | ret=SUCCESS |  
2025-10-20 19:51:46,499 | INFO  | SCMAudit | user=runner | ip=127.0.0.1 | op=ALLOCATE_BLOCK {"replication":"RATIS/ONE","owner":"omServiceIdDefault","size":"4194304","sampleBlocks":"[conID: 10 locID: 115816896921600478]","num":"1","client":"","allocated":"1"} | ret=SUCCESS |  
2025-10-20 19:51:46,501 | INFO  | OMAudit | user=runner | ip=127.0.0.1 | op=ALLOCATE_KEY {"volume":"20119fe4-2963-4c5f-9319-06d8c20f22a7","bucket":"ab8c4ec8-fcc1-4e4d-af61-711c1d284985","key":"b6cd7692-1839-465e-94c1-ba902c489cc1","dataSize":"12","replicationType":"RATIS","replicationFactor":"ONE","Transaction":"1720"} | ret=SUCCESS |  
2025-10-20 19:51:46,507 | INFO  | OMAudit | user=runner | ip=127.0.0.1 | op=COMMIT_KEY {"volume":"20119fe4-2963-4c5f-9319-06d8c20f22a7","bucket":"ab8c4ec8-fcc1-4e4d-af61-711c1d284985","key":"b6cd7692-1839-465e-94c1-ba902c489cc1","dataSize":"12","replicationType":"RATIS","replicationFactor":"ONE","Transaction":"1721"} | ret=SUCCESS |  
2025-10-20 19:51:46,509 | INFO  | OMAudit | user=runner | ip=127.0.0.1 | op=READ_KEY {"volume":"20119fe4-2963-4c5f-9319-06d8c20f22a7","bucket":"ab8c4ec8-fcc1-4e4d-af61-711c1d284985","key":"b6cd7692-1839-465e-94c1-ba902c489cc1","owner":null,"dataSize":"0","replicationConfig":null} | ret=SUCCESS |  
2025-10-20 19:51:46,511 | INFO  | OMAudit | user=runner | ip=127.0.0.1 | op=READ_KEY {"volume":"20119fe4-2963-4c5f-9319-06d8c20f22a7","bucket":"ab8c4ec8-fcc1-4e4d-af61-711c1d284985","key":"b6cd7692-1839-465e-94c1-ba902c489cc1","owner":null,"dataSize":"0","replicationConfig":null} | ret=SUCCESS |  
2025-10-20 19:51:46,518 | INFO  | SCMAudit | user=runner | ip=127.0.0.1 | op=GET_CONTAINER_WITH_PIPELINE_BATCH {"containerIDs":"#10,"} | ret=SUCCESS |  
2025-10-20 19:51:46,519 | INFO  | OMAudit | user=null | ip= | op=READ_KEY {"volume":"20119fe4-2963-4c5f-9319-06d8c20f22a7","bucket":"ab8c4ec8-fcc1-4e4d-af61-711c1d284985","key":"b6cd7692-1839-465e-94c1-ba902c489cc1","owner":null,"dataSize":"0","replicationConfig":null} | ret=SUCCESS |  
2025-10-20 19:51:46,520 | INFO  | SCMAudit | user=runner | ip=127.0.0.1 | op=GET_CONTAINER {"containerID":"10"} | ret=SUCCESS |  
2025-10-20 19:51:46,521 | INFO  | OMAudit | user=runner | ip=127.0.0.1 | op=READ_BUCKET {"volume":"20119fe4-2963-4c5f-9319-06d8c20f22a7","bucket":"ab8c4ec8-fcc1-4e4d-af61-711c1d284985"} | ret=SUCCESS |  
2025-10-20 19:51:46,521 | INFO  | SCMAudit | user=runner | ip=127.0.0.1 | op=ALLOCATE_BLOCK {"replication":"RATIS/ONE","owner":"omServiceIdDefault","size":"4194304","sampleBlocks":"[conID: 6 locID: 115816896921600479]","num":"1","client":"","allocated":"1"} | ret=SUCCESS |  
2025-10-20 19:51:46,523 | INFO  | OMAudit | user=runner | ip=127.0.0.1 | op=ALLOCATE_KEY {"volume":"20119fe4-2963-4c5f-9319-06d8c20f22a7","bucket":"ab8c4ec8-fcc1-4e4d-af61-711c1d284985","key":"91732a36-0ec6-4402-afde-7b2f081aea1a","dataSize":"12","replicationType":"RATIS","replicationFactor":"ONE","Transaction":"1722"} | ret=SUCCESS |  
2025-10-20 19:51:46,530 | INFO  | OMAudit | user=runner | ip=127.0.0.1 | op=COMMIT_KEY {"volume":"20119fe4-2963-4c5f-9319-06d8c20f22a7","bucket":"ab8c4ec8-fcc1-4e4d-af61-711c1d284985","key":"91732a36-0ec6-4402-afde-7b2f081aea1a","dataSize":"12","replicationType":"RATIS","replicationFactor":"ONE","Transaction":"1723"} | ret=SUCCESS |  
2025-10-20 19:51:46,532 | INFO  | OMAudit | user=runner | ip=127.0.0.1 | op=READ_KEY {"volume":"20119fe4-2963-4c5f-9319-06d8c20f22a7","bucket":"ab8c4ec8-fcc1-4e4d-af61-711c1d284985","key":"91732a36-0ec6-4402-afde-7b2f081aea1a","owner":null,"dataSize":"0","replicationConfig":null} | ret=SUCCESS |  
2025-10-20 19:51:46,533 | INFO  | OMAudit | user=runner | ip=127.0.0.1 | op=READ_KEY {"volume":"20119fe4-2963-4c5f-9319-06d8c20f22a7","bucket":"ab8c4ec8-fcc1-4e4d-af61-711c1d284985","key":"91732a36-0ec6-4402-afde-7b2f081aea1a","owner":null,"dataSize":"0","replicationConfig":null} | ret=SUCCESS |  
2025-10-20 19:51:46,538 | INFO  | SCMAudit | user=runner | ip=127.0.0.1 | op=GET_CONTAINER_WITH_PIPELINE_BATCH {"containerIDs":"#6,"} | ret=SUCCESS |  
2025-10-20 19:51:46,538 | INFO  | OMAudit | user=null | ip= | op=READ_KEY {"volume":"20119fe4-2963-4c5f-9319-06d8c20f22a7","bucket":"ab8c4ec8-fcc1-4e4d-af61-711c1d284985","key":"91732a36-0ec6-4402-afde-7b2f081aea1a","owner":null,"dataSize":"0","replicationConfig":null} | ret=SUCCESS |  
2025-10-20 19:51:46,539 | INFO  | SCMAudit | user=runner | ip=127.0.0.1 | op=GET_CONTAINER {"containerID":"6"} | ret=SUCCESS |  
2025-10-20 19:51:46,540 | INFO  | OMAudit | user=runner | ip=127.0.0.1 | op=READ_BUCKET {"volume":"20119fe4-2963-4c5f-9319-06d8c20f22a7","bucket":"ab8c4ec8-fcc1-4e4d-af61-711c1d284985"} | ret=SUCCESS |  
2025-10-20 19:51:46,541 | INFO  | SCMAudit | user=runner | ip=127.0.0.1 | op=ALLOCATE_BLOCK {"replication":"RATIS/ONE","owner":"omServiceIdDefault","size":"4194304","sampleBlocks":"[conID: 9 locID: 115816896921600480]","num":"1","client":"","allocated":"1"} | ret=SUCCESS |  
2025-10-20 19:51:46,543 | INFO  | OMAudit | user=runner | ip=127.0.0.1 | op=ALLOCATE_KEY {"volume":"20119fe4-2963-4c5f-9319-06d8c20f22a7","bucket":"ab8c4ec8-fcc1-4e4d-af61-711c1d284985","key":"4f6ad35c-0758-43d3-aac4-fd3b09dbe006","dataSize":"12","replicationType":"RATIS","replicationFactor":"ONE","Transaction":"1724"} | ret=SUCCESS |  
2025-10-20 19:51:46,549 | INFO  | OMAudit | user=runner | ip=127.0.0.1 | op=COMMIT_KEY {"volume":"20119fe4-2963-4c5f-9319-06d8c20f22a7","bucket":"ab8c4ec8-fcc1-4e4d-af61-711c1d284985","key":"4f6ad35c-0758-43d3-aac4-fd3b09dbe006","dataSize":"12","replicationType":"RATIS","replicationFactor":"ONE","Transaction":"1725"} | ret=SUCCESS |  
2025-10-20 19:51:46,550 | INFO  | OMAudit | user=runner | ip=127.0.0.1 | op=READ_KEY {"volume":"20119fe4-2963-4c5f-9319-06d8c20f22a7","bucket":"ab8c4ec8-fcc1-4e4d-af61-711c1d284985","key":"4f6ad35c-0758-43d3-aac4-fd3b09dbe006","owner":null,"dataSize":"0","replicationConfig":null} | ret=SUCCESS |  
2025-10-20 19:51:46,552 | INFO  | OMAudit | user=runner | ip=127.0.0.1 | op=READ_KEY {"volume":"20119fe4-2963-4c5f-9319-06d8c20f22a7","bucket":"ab8c4ec8-fcc1-4e4d-af61-711c1d284985","key":"4f6ad35c-0758-43d3-aac4-fd3b09dbe006","owner":null,"dataSize":"0","replicationConfig":null} | ret=SUCCESS |  
2025-10-20 19:51:46,556 | INFO  | SCMAudit | user=runner | ip=127.0.0.1 | op=GET_CONTAINER_WITH_PIPELINE_BATCH {"containerIDs":"#9,"} | ret=SUCCESS |  
2025-10-20 19:51:46,557 | INFO  | OMAudit | user=null | ip= | op=READ_KEY {"volume":"20119fe4-2963-4c5f-9319-06d8c20f22a7","bucket":"ab8c4ec8-fcc1-4e4d-af61-711c1d284985","key":"4f6ad35c-0758-43d3-aac4-fd3b09dbe006","owner":null,"dataSize":"0","replicationConfig":null} | ret=SUCCESS |  
2025-10-20 19:51:46,557 | INFO  | SCMAudit | user=runner | ip=127.0.0.1 | op=GET_CONTAINER {"containerID":"9"} | ret=SUCCESS |  
2025-10-20 19:51:46,558 | INFO  | OMAudit | user=runner | ip=127.0.0.1 | op=READ_BUCKET {"volume":"20119fe4-2963-4c5f-9319-06d8c20f22a7","bucket":"ab8c4ec8-fcc1-4e4d-af61-711c1d284985"} | ret=SUCCESS |  
2025-10-20 19:51:46,559 | INFO  | SCMAudit | user=runner | ip=127.0.0.1 | op=ALLOCATE_BLOCK {"replication":"RATIS/ONE","owner":"omServiceIdDefault","size":"4194304","sampleBlocks":"[conID: 9 locID: 115816896921600481]","num":"1","client":"","allocated":"1"} | ret=SUCCESS |  
2025-10-20 19:51:46,561 | INFO  | OMAudit | user=runner | ip=127.0.0.1 | op=ALLOCATE_KEY {"volume":"20119fe4-2963-4c5f-9319-06d8c20f22a7","bucket":"ab8c4ec8-fcc1-4e4d-af61-711c1d284985","key":"2333f752-937a-461b-bc89-ab8c6fe2ab1f","dataSize":"12","replicationType":"RATIS","replicationFactor":"ONE","Transaction":"1726"} | ret=SUCCESS |  
2025-10-20 19:51:46,566 | INFO  | OMAudit | user=runner | ip=127.0.0.1 | op=COMMIT_KEY {"volume":"20119fe4-2963-4c5f-9319-06d8c20f22a7","bucket":"ab8c4ec8-fcc1-4e4d-af61-711c1d284985","key":"2333f752-937a-461b-bc89-ab8c6fe2ab1f","dataSize":"12","replicationType":"RATIS","replicationFactor":"ONE","Transaction":"1727"} | ret=SUCCESS |  
2025-10-20 19:51:46,567 | INFO  | OMAudit | user=runner | ip=127.0.0.1 | op=READ_KEY {"volume":"20119fe4-2963-4c5f-9319-06d8c20f22a7","bucket":"ab8c4ec8-fcc1-4e4d-af61-711c1d284985","key":"2333f752-937a-461b-bc89-ab8c6fe2ab1f","owner":null,"dataSize":"0","replicationConfig":null} | ret=SUCCESS |  
2025-10-20 19:51:46,568 | INFO  | OMAudit | user=runner | ip=127.0.0.1 | op=READ_KEY {"volume":"20119fe4-2963-4c5f-9319-06d8c20f22a7","bucket":"ab8c4ec8-fcc1-4e4d-af61-711c1d284985","key":"2333f752-937a-461b-bc89-ab8c6fe2ab1f","owner":null,"dataSize":"0","replicationConfig":null} | ret=SUCCESS |  
2025-10-20 19:51:46,572 | INFO  | SCMAudit | user=runner | ip=127.0.0.1 | op=GET_CONTAINER_WITH_PIPELINE_BATCH {"containerIDs":"#9,"} | ret=SUCCESS |  
2025-10-20 19:51:46,572 | INFO  | OMAudit | user=null | ip= | op=READ_KEY {"volume":"20119fe4-2963-4c5f-9319-06d8c20f22a7","bucket":"ab8c4ec8-fcc1-4e4d-af61-711c1d284985","key":"2333f752-937a-461b-bc89-ab8c6fe2ab1f","owner":null,"dataSize":"0","replicationConfig":null} | ret=SUCCESS |  
2025-10-20 19:51:46,572 | INFO  | SCMAudit | user=runner | ip=127.0.0.1 | op=GET_CONTAINER {"containerID":"9"} | ret=SUCCESS |  
]]></system-out>
  </testcase>
  <testcase name="testPutKeyRatisThreeNodes" classname="org.apache.hadoop.ozone.client.rpc.TestSecureOzoneRpcClient" time="0.261">
    <system-out><![CDATA[2025-10-20 19:51:46,574 [ForkJoinPool-1-worker-1] INFO  rpc.RpcClient (RpcClient.java:createVolume(461)) - Creating Volume: 2199ff54-ad83-462b-b567-59fa0a882b05, with runner as owner and space quota set to -1 bytes, counts quota set to -1
2025-10-20 19:51:46,575 [om1-OMStateMachineApplyTransactionThread - 0] INFO  volume.OMVolumeCreateRequest (OMVolumeCreateRequest.java:validateAndUpdateCache(213)) - created volume:2199ff54-ad83-462b-b567-59fa0a882b05 for user:runner
2025-10-20 19:51:46,575 | INFO  | OMAudit | user=runner | ip=127.0.0.1 | op=CREATE_VOLUME {"admin":"runner","owner":"runner","volume":"2199ff54-ad83-462b-b567-59fa0a882b05","creationTime":"1760989906574","modificationTime":"1760989906574","quotaInBytes":"-1","quotaInNamespace":"-1","usedNamespace":"0","objectID":"-9223372036854333440","updateID":"1728","Transaction":"1728"} | ret=SUCCESS |  
2025-10-20 19:51:46,576 | INFO  | OMAudit | user=runner | ip=127.0.0.1 | op=READ_VOLUME {"volume":"2199ff54-ad83-462b-b567-59fa0a882b05"} | ret=SUCCESS |  
2025-10-20 19:51:46,576 [ForkJoinPool-1-worker-1] INFO  rpc.RpcClient (RpcClient.java:createBucket(686)) - Creating Bucket: 2199ff54-ad83-462b-b567-59fa0a882b05/06407c72-3735-461c-8964-aa60aba9bf26, with server-side default bucket layout, runner as owner, Versioning false, Storage Type set to DISK and Encryption set to false, Replication Type set to server-side default replication type, Namespace Quota set to -1, Space Quota set to -1 
2025-10-20 19:51:46,577 [om1-OMStateMachineApplyTransactionThread - 0] INFO  bucket.OMBucketCreateRequest (OMBucketCreateRequest.java:validateAndUpdateCache(303)) - created bucket: 06407c72-3735-461c-8964-aa60aba9bf26 of layout FILE_SYSTEM_OPTIMIZED in volume: 2199ff54-ad83-462b-b567-59fa0a882b05
2025-10-20 19:51:46,577 | INFO  | OMAudit | user=runner | ip=127.0.0.1 | op=CREATE_BUCKET {"volume":"2199ff54-ad83-462b-b567-59fa0a882b05","bucket":"06407c72-3735-461c-8964-aa60aba9bf26","bucketLayout":"FILE_SYSTEM_OPTIMIZED","gdprEnabled":null,"acls":"[user:runner:a[ACCESS], group:runner:rl[ACCESS]]","isVersionEnabled":"false","storageType":"DISK","creationTime":"1760989906577","bucketEncryptionKey":null,"modificationTime":"1760989906577","usedBytes":"0","usedNamespace":"0","snapshotUsedBytes":"0","snapshotUsedNamespace":"0","owner":"runner","replicationType":null,"replicationConfig":null,"quotaInBytes":"-1","quotaInNamespace":"-1","Transaction":"1729"} | ret=SUCCESS |  
2025-10-20 19:51:46,578 | INFO  | OMAudit | user=runner | ip=127.0.0.1 | op=READ_BUCKET {"volume":"2199ff54-ad83-462b-b567-59fa0a882b05","bucket":"06407c72-3735-461c-8964-aa60aba9bf26"} | ret=SUCCESS |  
2025-10-20 19:51:46,579 | INFO  | OMAudit | user=runner | ip=127.0.0.1 | op=READ_BUCKET {"volume":"2199ff54-ad83-462b-b567-59fa0a882b05","bucket":"06407c72-3735-461c-8964-aa60aba9bf26"} | ret=SUCCESS |  
2025-10-20 19:51:46,579 | INFO  | SCMAudit | user=runner | ip=127.0.0.1 | op=ALLOCATE_BLOCK {"replication":"RATIS/THREE","owner":"omServiceIdDefault","size":"4194304","sampleBlocks":"[conID: 17 locID: 115816896921600482]","num":"1","client":"","allocated":"1"} | ret=SUCCESS |  
2025-10-20 19:51:46,582 | INFO  | OMAudit | user=runner | ip=127.0.0.1 | op=ALLOCATE_KEY {"volume":"2199ff54-ad83-462b-b567-59fa0a882b05","bucket":"06407c72-3735-461c-8964-aa60aba9bf26","key":"19f7e5c4-4d7f-4dc0-aff9-abaa3bbc1c1c","dataSize":"12","replicationType":"RATIS","replicationFactor":"THREE","Transaction":"1730"} | ret=SUCCESS |  
2025-10-20 19:51:46,593 | INFO  | OMAudit | user=runner | ip=127.0.0.1 | op=COMMIT_KEY {"volume":"2199ff54-ad83-462b-b567-59fa0a882b05","bucket":"06407c72-3735-461c-8964-aa60aba9bf26","key":"19f7e5c4-4d7f-4dc0-aff9-abaa3bbc1c1c","dataSize":"12","replicationType":"RATIS","replicationFactor":"THREE","Transaction":"1731"} | ret=SUCCESS |  
2025-10-20 19:51:46,594 | INFO  | OMAudit | user=runner | ip=127.0.0.1 | op=READ_KEY {"volume":"2199ff54-ad83-462b-b567-59fa0a882b05","bucket":"06407c72-3735-461c-8964-aa60aba9bf26","key":"19f7e5c4-4d7f-4dc0-aff9-abaa3bbc1c1c","owner":null,"dataSize":"0","replicationConfig":null} | ret=SUCCESS |  
2025-10-20 19:51:46,596 | INFO  | OMAudit | user=runner | ip=127.0.0.1 | op=READ_KEY {"volume":"2199ff54-ad83-462b-b567-59fa0a882b05","bucket":"06407c72-3735-461c-8964-aa60aba9bf26","key":"19f7e5c4-4d7f-4dc0-aff9-abaa3bbc1c1c","owner":null,"dataSize":"0","replicationConfig":null} | ret=SUCCESS |  
2025-10-20 19:51:46,602 | INFO  | SCMAudit | user=runner | ip=127.0.0.1 | op=GET_CONTAINER_WITH_PIPELINE_BATCH {"containerIDs":"#17,"} | ret=SUCCESS |  
2025-10-20 19:51:46,603 | INFO  | OMAudit | user=null | ip= | op=READ_KEY {"volume":"2199ff54-ad83-462b-b567-59fa0a882b05","bucket":"06407c72-3735-461c-8964-aa60aba9bf26","key":"19f7e5c4-4d7f-4dc0-aff9-abaa3bbc1c1c","owner":null,"dataSize":"0","replicationConfig":null} | ret=SUCCESS |  
2025-10-20 19:51:46,604 | INFO  | SCMAudit | user=runner | ip=127.0.0.1 | op=GET_CONTAINER {"containerID":"17"} | ret=SUCCESS |  
2025-10-20 19:51:46,604 | INFO  | OMAudit | user=runner | ip=127.0.0.1 | op=READ_BUCKET {"volume":"2199ff54-ad83-462b-b567-59fa0a882b05","bucket":"06407c72-3735-461c-8964-aa60aba9bf26"} | ret=SUCCESS |  
2025-10-20 19:51:46,605 | INFO  | SCMAudit | user=runner | ip=127.0.0.1 | op=ALLOCATE_BLOCK {"replication":"RATIS/THREE","owner":"omServiceIdDefault","size":"4194304","sampleBlocks":"[conID: 18 locID: 115816896921600483]","num":"1","client":"","allocated":"1"} | ret=SUCCESS |  
2025-10-20 19:51:46,607 | INFO  | OMAudit | user=runner | ip=127.0.0.1 | op=ALLOCATE_KEY {"volume":"2199ff54-ad83-462b-b567-59fa0a882b05","bucket":"06407c72-3735-461c-8964-aa60aba9bf26","key":"b3e1a112-c745-45a9-ab0a-5846516ee72a","dataSize":"12","replicationType":"RATIS","replicationFactor":"THREE","Transaction":"1732"} | ret=SUCCESS |  
2025-10-20 19:51:46,618 | INFO  | OMAudit | user=runner | ip=127.0.0.1 | op=COMMIT_KEY {"volume":"2199ff54-ad83-462b-b567-59fa0a882b05","bucket":"06407c72-3735-461c-8964-aa60aba9bf26","key":"b3e1a112-c745-45a9-ab0a-5846516ee72a","dataSize":"12","replicationType":"RATIS","replicationFactor":"THREE","Transaction":"1733"} | ret=SUCCESS |  
2025-10-20 19:51:46,621 | INFO  | OMAudit | user=runner | ip=127.0.0.1 | op=READ_KEY {"volume":"2199ff54-ad83-462b-b567-59fa0a882b05","bucket":"06407c72-3735-461c-8964-aa60aba9bf26","key":"b3e1a112-c745-45a9-ab0a-5846516ee72a","owner":null,"dataSize":"0","replicationConfig":null} | ret=SUCCESS |  
2025-10-20 19:51:46,624 | INFO  | OMAudit | user=runner | ip=127.0.0.1 | op=READ_KEY {"volume":"2199ff54-ad83-462b-b567-59fa0a882b05","bucket":"06407c72-3735-461c-8964-aa60aba9bf26","key":"b3e1a112-c745-45a9-ab0a-5846516ee72a","owner":null,"dataSize":"0","replicationConfig":null} | ret=SUCCESS |  
2025-10-20 19:51:46,630 | INFO  | SCMAudit | user=runner | ip=127.0.0.1 | op=GET_CONTAINER_WITH_PIPELINE_BATCH {"containerIDs":"#18,"} | ret=SUCCESS |  
2025-10-20 19:51:46,630 | INFO  | OMAudit | user=null | ip= | op=READ_KEY {"volume":"2199ff54-ad83-462b-b567-59fa0a882b05","bucket":"06407c72-3735-461c-8964-aa60aba9bf26","key":"b3e1a112-c745-45a9-ab0a-5846516ee72a","owner":null,"dataSize":"0","replicationConfig":null} | ret=SUCCESS |  
2025-10-20 19:51:46,631 | INFO  | SCMAudit | user=runner | ip=127.0.0.1 | op=GET_CONTAINER {"containerID":"18"} | ret=SUCCESS |  
2025-10-20 19:51:46,632 | INFO  | OMAudit | user=runner | ip=127.0.0.1 | op=READ_BUCKET {"volume":"2199ff54-ad83-462b-b567-59fa0a882b05","bucket":"06407c72-3735-461c-8964-aa60aba9bf26"} | ret=SUCCESS |  
2025-10-20 19:51:46,633 | INFO  | SCMAudit | user=runner | ip=127.0.0.1 | op=ALLOCATE_BLOCK {"replication":"RATIS/THREE","owner":"omServiceIdDefault","size":"4194304","sampleBlocks":"[conID: 20 locID: 115816896921600484]","num":"1","client":"","allocated":"1"} | ret=SUCCESS |  
2025-10-20 19:51:46,635 | INFO  | OMAudit | user=runner | ip=127.0.0.1 | op=ALLOCATE_KEY {"volume":"2199ff54-ad83-462b-b567-59fa0a882b05","bucket":"06407c72-3735-461c-8964-aa60aba9bf26","key":"c53a11d9-0351-4eac-9d25-e1a5e698cfbd","dataSize":"12","replicationType":"RATIS","replicationFactor":"THREE","Transaction":"1734"} | ret=SUCCESS |  
2025-10-20 19:51:46,645 | INFO  | OMAudit | user=runner | ip=127.0.0.1 | op=COMMIT_KEY {"volume":"2199ff54-ad83-462b-b567-59fa0a882b05","bucket":"06407c72-3735-461c-8964-aa60aba9bf26","key":"c53a11d9-0351-4eac-9d25-e1a5e698cfbd","dataSize":"12","replicationType":"RATIS","replicationFactor":"THREE","Transaction":"1735"} | ret=SUCCESS |  
2025-10-20 19:51:46,647 | INFO  | OMAudit | user=runner | ip=127.0.0.1 | op=READ_KEY {"volume":"2199ff54-ad83-462b-b567-59fa0a882b05","bucket":"06407c72-3735-461c-8964-aa60aba9bf26","key":"c53a11d9-0351-4eac-9d25-e1a5e698cfbd","owner":null,"dataSize":"0","replicationConfig":null} | ret=SUCCESS |  
2025-10-20 19:51:46,648 | INFO  | OMAudit | user=runner | ip=127.0.0.1 | op=READ_KEY {"volume":"2199ff54-ad83-462b-b567-59fa0a882b05","bucket":"06407c72-3735-461c-8964-aa60aba9bf26","key":"c53a11d9-0351-4eac-9d25-e1a5e698cfbd","owner":null,"dataSize":"0","replicationConfig":null} | ret=SUCCESS |  
2025-10-20 19:51:46,650 | INFO  | SCMAudit | user=runner | ip=127.0.0.1 | op=SEND_HEARTBEAT {"datanodeUUID":"4f2bb3f5-0e03-4f1b-bb4c-79c91b98c7da","term":"2","command":"[]"} | ret=SUCCESS |  
2025-10-20 19:51:46,652 | INFO  | SCMAudit | user=runner | ip=127.0.0.1 | op=SEND_HEARTBEAT {"datanodeUUID":"605be85e-a7f4-44d7-8cfd-f53001b990b0","term":"2","command":"[]"} | ret=SUCCESS |  
2025-10-20 19:51:46,653 | INFO  | SCMAudit | user=runner | ip=127.0.0.1 | op=SEND_HEARTBEAT {"datanodeUUID":"cc7fbe85-1d98-437b-84f9-04213fee10f0","term":"2","command":"[]"} | ret=SUCCESS |  
2025-10-20 19:51:46,655 | INFO  | SCMAudit | user=runner | ip=127.0.0.1 | op=GET_CONTAINER_WITH_PIPELINE_BATCH {"containerIDs":"#20,"} | ret=SUCCESS |  
2025-10-20 19:51:46,656 | INFO  | OMAudit | user=null | ip= | op=READ_KEY {"volume":"2199ff54-ad83-462b-b567-59fa0a882b05","bucket":"06407c72-3735-461c-8964-aa60aba9bf26","key":"c53a11d9-0351-4eac-9d25-e1a5e698cfbd","owner":null,"dataSize":"0","replicationConfig":null} | ret=SUCCESS |  
2025-10-20 19:51:46,657 | INFO  | SCMAudit | user=runner | ip=127.0.0.1 | op=GET_CONTAINER {"containerID":"20"} | ret=SUCCESS |  
2025-10-20 19:51:46,658 | INFO  | OMAudit | user=runner | ip=127.0.0.1 | op=READ_BUCKET {"volume":"2199ff54-ad83-462b-b567-59fa0a882b05","bucket":"06407c72-3735-461c-8964-aa60aba9bf26"} | ret=SUCCESS |  
2025-10-20 19:51:46,659 | INFO  | SCMAudit | user=runner | ip=127.0.0.1 | op=ALLOCATE_BLOCK {"replication":"RATIS/THREE","owner":"omServiceIdDefault","size":"4194304","sampleBlocks":"[conID: 21 locID: 115816896921600485]","num":"1","client":"","allocated":"1"} | ret=SUCCESS |  
2025-10-20 19:51:46,660 | INFO  | OMAudit | user=runner | ip=127.0.0.1 | op=ALLOCATE_KEY {"volume":"2199ff54-ad83-462b-b567-59fa0a882b05","bucket":"06407c72-3735-461c-8964-aa60aba9bf26","key":"39fff1f1-04c7-40d0-b9d2-f5d8beadd3ff","dataSize":"12","replicationType":"RATIS","replicationFactor":"THREE","Transaction":"1736"} | ret=SUCCESS |  
2025-10-20 19:51:46,671 | INFO  | OMAudit | user=runner | ip=127.0.0.1 | op=COMMIT_KEY {"volume":"2199ff54-ad83-462b-b567-59fa0a882b05","bucket":"06407c72-3735-461c-8964-aa60aba9bf26","key":"39fff1f1-04c7-40d0-b9d2-f5d8beadd3ff","dataSize":"12","replicationType":"RATIS","replicationFactor":"THREE","Transaction":"1737"} | ret=SUCCESS |  
2025-10-20 19:51:46,673 | INFO  | OMAudit | user=runner | ip=127.0.0.1 | op=READ_KEY {"volume":"2199ff54-ad83-462b-b567-59fa0a882b05","bucket":"06407c72-3735-461c-8964-aa60aba9bf26","key":"39fff1f1-04c7-40d0-b9d2-f5d8beadd3ff","owner":null,"dataSize":"0","replicationConfig":null} | ret=SUCCESS |  
2025-10-20 19:51:46,675 | INFO  | OMAudit | user=runner | ip=127.0.0.1 | op=READ_KEY {"volume":"2199ff54-ad83-462b-b567-59fa0a882b05","bucket":"06407c72-3735-461c-8964-aa60aba9bf26","key":"39fff1f1-04c7-40d0-b9d2-f5d8beadd3ff","owner":null,"dataSize":"0","replicationConfig":null} | ret=SUCCESS |  
2025-10-20 19:51:46,680 | INFO  | SCMAudit | user=runner | ip=127.0.0.1 | op=GET_CONTAINER_WITH_PIPELINE_BATCH {"containerIDs":"#21,"} | ret=SUCCESS |  
2025-10-20 19:51:46,681 | INFO  | OMAudit | user=null | ip= | op=READ_KEY {"volume":"2199ff54-ad83-462b-b567-59fa0a882b05","bucket":"06407c72-3735-461c-8964-aa60aba9bf26","key":"39fff1f1-04c7-40d0-b9d2-f5d8beadd3ff","owner":null,"dataSize":"0","replicationConfig":null} | ret=SUCCESS |  
2025-10-20 19:51:46,682 | INFO  | SCMAudit | user=runner | ip=127.0.0.1 | op=GET_CONTAINER {"containerID":"21"} | ret=SUCCESS |  
2025-10-20 19:51:46,683 | INFO  | OMAudit | user=runner | ip=127.0.0.1 | op=READ_BUCKET {"volume":"2199ff54-ad83-462b-b567-59fa0a882b05","bucket":"06407c72-3735-461c-8964-aa60aba9bf26"} | ret=SUCCESS |  
2025-10-20 19:51:46,684 | INFO  | SCMAudit | user=runner | ip=127.0.0.1 | op=ALLOCATE_BLOCK {"replication":"RATIS/THREE","owner":"omServiceIdDefault","size":"4194304","sampleBlocks":"[conID: 18 locID: 115816896921600486]","num":"1","client":"","allocated":"1"} | ret=SUCCESS |  
2025-10-20 19:51:46,686 | INFO  | OMAudit | user=runner | ip=127.0.0.1 | op=ALLOCATE_KEY {"volume":"2199ff54-ad83-462b-b567-59fa0a882b05","bucket":"06407c72-3735-461c-8964-aa60aba9bf26","key":"2497f674-0dea-4965-a222-e17a1d7da4d2","dataSize":"12","replicationType":"RATIS","replicationFactor":"THREE","Transaction":"1738"} | ret=SUCCESS |  
2025-10-20 19:51:46,697 | INFO  | OMAudit | user=runner | ip=127.0.0.1 | op=COMMIT_KEY {"volume":"2199ff54-ad83-462b-b567-59fa0a882b05","bucket":"06407c72-3735-461c-8964-aa60aba9bf26","key":"2497f674-0dea-4965-a222-e17a1d7da4d2","dataSize":"12","replicationType":"RATIS","replicationFactor":"THREE","Transaction":"1739"} | ret=SUCCESS |  
2025-10-20 19:51:46,699 | INFO  | OMAudit | user=runner | ip=127.0.0.1 | op=READ_KEY {"volume":"2199ff54-ad83-462b-b567-59fa0a882b05","bucket":"06407c72-3735-461c-8964-aa60aba9bf26","key":"2497f674-0dea-4965-a222-e17a1d7da4d2","owner":null,"dataSize":"0","replicationConfig":null} | ret=SUCCESS |  
2025-10-20 19:51:46,700 | INFO  | OMAudit | user=runner | ip=127.0.0.1 | op=READ_KEY {"volume":"2199ff54-ad83-462b-b567-59fa0a882b05","bucket":"06407c72-3735-461c-8964-aa60aba9bf26","key":"2497f674-0dea-4965-a222-e17a1d7da4d2","owner":null,"dataSize":"0","replicationConfig":null} | ret=SUCCESS |  
2025-10-20 19:51:46,704 | INFO  | SCMAudit | user=runner | ip=127.0.0.1 | op=GET_CONTAINER_WITH_PIPELINE_BATCH {"containerIDs":"#18,"} | ret=SUCCESS |  
2025-10-20 19:51:46,705 | INFO  | OMAudit | user=null | ip= | op=READ_KEY {"volume":"2199ff54-ad83-462b-b567-59fa0a882b05","bucket":"06407c72-3735-461c-8964-aa60aba9bf26","key":"2497f674-0dea-4965-a222-e17a1d7da4d2","owner":null,"dataSize":"0","replicationConfig":null} | ret=SUCCESS |  
2025-10-20 19:51:46,705 | INFO  | SCMAudit | user=runner | ip=127.0.0.1 | op=GET_CONTAINER {"containerID":"18"} | ret=SUCCESS |  
2025-10-20 19:51:46,706 | INFO  | OMAudit | user=runner | ip=127.0.0.1 | op=READ_BUCKET {"volume":"2199ff54-ad83-462b-b567-59fa0a882b05","bucket":"06407c72-3735-461c-8964-aa60aba9bf26"} | ret=SUCCESS |  
2025-10-20 19:51:46,707 | INFO  | SCMAudit | user=runner | ip=127.0.0.1 | op=ALLOCATE_BLOCK {"replication":"RATIS/THREE","owner":"omServiceIdDefault","size":"4194304","sampleBlocks":"[conID: 17 locID: 115816896921600487]","num":"1","client":"","allocated":"1"} | ret=SUCCESS |  
2025-10-20 19:51:46,709 | INFO  | OMAudit | user=runner | ip=127.0.0.1 | op=ALLOCATE_KEY {"volume":"2199ff54-ad83-462b-b567-59fa0a882b05","bucket":"06407c72-3735-461c-8964-aa60aba9bf26","key":"b9d0511c-4f7a-4336-b169-b7ef636262f2","dataSize":"12","replicationType":"RATIS","replicationFactor":"THREE","Transaction":"1740"} | ret=SUCCESS |  
2025-10-20 19:51:46,719 | INFO  | OMAudit | user=runner | ip=127.0.0.1 | op=COMMIT_KEY {"volume":"2199ff54-ad83-462b-b567-59fa0a882b05","bucket":"06407c72-3735-461c-8964-aa60aba9bf26","key":"b9d0511c-4f7a-4336-b169-b7ef636262f2","dataSize":"12","replicationType":"RATIS","replicationFactor":"THREE","Transaction":"1741"} | ret=SUCCESS |  
2025-10-20 19:51:46,720 | INFO  | OMAudit | user=runner | ip=127.0.0.1 | op=READ_KEY {"volume":"2199ff54-ad83-462b-b567-59fa0a882b05","bucket":"06407c72-3735-461c-8964-aa60aba9bf26","key":"b9d0511c-4f7a-4336-b169-b7ef636262f2","owner":null,"dataSize":"0","replicationConfig":null} | ret=SUCCESS |  
2025-10-20 19:51:46,722 | INFO  | OMAudit | user=runner | ip=127.0.0.1 | op=READ_KEY {"volume":"2199ff54-ad83-462b-b567-59fa0a882b05","bucket":"06407c72-3735-461c-8964-aa60aba9bf26","key":"b9d0511c-4f7a-4336-b169-b7ef636262f2","owner":null,"dataSize":"0","replicationConfig":null} | ret=SUCCESS |  
2025-10-20 19:51:46,729 | INFO  | SCMAudit | user=runner | ip=127.0.0.1 | op=GET_CONTAINER_WITH_PIPELINE_BATCH {"containerIDs":"#17,"} | ret=SUCCESS |  
2025-10-20 19:51:46,730 | INFO  | OMAudit | user=null | ip= | op=READ_KEY {"volume":"2199ff54-ad83-462b-b567-59fa0a882b05","bucket":"06407c72-3735-461c-8964-aa60aba9bf26","key":"b9d0511c-4f7a-4336-b169-b7ef636262f2","owner":null,"dataSize":"0","replicationConfig":null} | ret=SUCCESS |  
2025-10-20 19:51:46,731 | INFO  | SCMAudit | user=runner | ip=127.0.0.1 | op=GET_CONTAINER {"containerID":"17"} | ret=SUCCESS |  
2025-10-20 19:51:46,733 | INFO  | OMAudit | user=runner | ip=127.0.0.1 | op=READ_BUCKET {"volume":"2199ff54-ad83-462b-b567-59fa0a882b05","bucket":"06407c72-3735-461c-8964-aa60aba9bf26"} | ret=SUCCESS |  
2025-10-20 19:51:46,733 | INFO  | SCMAudit | user=runner | ip=127.0.0.1 | op=SEND_HEARTBEAT {"datanodeUUID":"feb39a1c-80cb-4714-ab06-a361236e3029","term":"2","command":"[]"} | ret=SUCCESS |  
2025-10-20 19:51:46,736 | INFO  | SCMAudit | user=runner | ip=127.0.0.1 | op=ALLOCATE_BLOCK {"replication":"RATIS/THREE","owner":"omServiceIdDefault","size":"4194304","sampleBlocks":"[conID: 20 locID: 115816896921600488]","num":"1","client":"","allocated":"1"} | ret=SUCCESS |  
2025-10-20 19:51:46,742 | INFO  | OMAudit | user=runner | ip=127.0.0.1 | op=ALLOCATE_KEY {"volume":"2199ff54-ad83-462b-b567-59fa0a882b05","bucket":"06407c72-3735-461c-8964-aa60aba9bf26","key":"4df4515c-7201-4a59-977e-b25bf3e644c8","dataSize":"12","replicationType":"RATIS","replicationFactor":"THREE","Transaction":"1742"} | ret=SUCCESS |  
2025-10-20 19:51:46,745 | INFO  | SCMAudit | user=runner | ip=127.0.0.1 | op=SEND_HEARTBEAT {"datanodeUUID":"33f74daf-be7a-4306-b2af-53e409c4cb93","term":"2","command":"[]"} | ret=SUCCESS |  
2025-10-20 19:51:46,757 | INFO  | OMAudit | user=runner | ip=127.0.0.1 | op=COMMIT_KEY {"volume":"2199ff54-ad83-462b-b567-59fa0a882b05","bucket":"06407c72-3735-461c-8964-aa60aba9bf26","key":"4df4515c-7201-4a59-977e-b25bf3e644c8","dataSize":"12","replicationType":"RATIS","replicationFactor":"THREE","Transaction":"1743"} | ret=SUCCESS |  
2025-10-20 19:51:46,759 | INFO  | OMAudit | user=runner | ip=127.0.0.1 | op=READ_KEY {"volume":"2199ff54-ad83-462b-b567-59fa0a882b05","bucket":"06407c72-3735-461c-8964-aa60aba9bf26","key":"4df4515c-7201-4a59-977e-b25bf3e644c8","owner":null,"dataSize":"0","replicationConfig":null} | ret=SUCCESS |  
2025-10-20 19:51:46,760 | INFO  | OMAudit | user=runner | ip=127.0.0.1 | op=READ_KEY {"volume":"2199ff54-ad83-462b-b567-59fa0a882b05","bucket":"06407c72-3735-461c-8964-aa60aba9bf26","key":"4df4515c-7201-4a59-977e-b25bf3e644c8","owner":null,"dataSize":"0","replicationConfig":null} | ret=SUCCESS |  
2025-10-20 19:51:46,765 | INFO  | SCMAudit | user=runner | ip=127.0.0.1 | op=GET_CONTAINER_WITH_PIPELINE_BATCH {"containerIDs":"#20,"} | ret=SUCCESS |  
2025-10-20 19:51:46,765 | INFO  | OMAudit | user=null | ip= | op=READ_KEY {"volume":"2199ff54-ad83-462b-b567-59fa0a882b05","bucket":"06407c72-3735-461c-8964-aa60aba9bf26","key":"4df4515c-7201-4a59-977e-b25bf3e644c8","owner":null,"dataSize":"0","replicationConfig":null} | ret=SUCCESS |  
2025-10-20 19:51:46,766 | INFO  | SCMAudit | user=runner | ip=127.0.0.1 | op=GET_CONTAINER {"containerID":"20"} | ret=SUCCESS |  
2025-10-20 19:51:46,767 | INFO  | OMAudit | user=runner | ip=127.0.0.1 | op=READ_BUCKET {"volume":"2199ff54-ad83-462b-b567-59fa0a882b05","bucket":"06407c72-3735-461c-8964-aa60aba9bf26"} | ret=SUCCESS |  
2025-10-20 19:51:46,768 | INFO  | SCMAudit | user=runner | ip=127.0.0.1 | op=ALLOCATE_BLOCK {"replication":"RATIS/THREE","owner":"omServiceIdDefault","size":"4194304","sampleBlocks":"[conID: 17 locID: 115816896921600489]","num":"1","client":"","allocated":"1"} | ret=SUCCESS |  
2025-10-20 19:51:46,770 | INFO  | OMAudit | user=runner | ip=127.0.0.1 | op=ALLOCATE_KEY {"volume":"2199ff54-ad83-462b-b567-59fa0a882b05","bucket":"06407c72-3735-461c-8964-aa60aba9bf26","key":"ac77ca00-942b-4998-8649-3a1eb0da21fb","dataSize":"12","replicationType":"RATIS","replicationFactor":"THREE","Transaction":"1744"} | ret=SUCCESS |  
2025-10-20 19:51:46,778 | INFO  | OMAudit | user=runner | ip=127.0.0.1 | op=COMMIT_KEY {"volume":"2199ff54-ad83-462b-b567-59fa0a882b05","bucket":"06407c72-3735-461c-8964-aa60aba9bf26","key":"ac77ca00-942b-4998-8649-3a1eb0da21fb","dataSize":"12","replicationType":"RATIS","replicationFactor":"THREE","Transaction":"1745"} | ret=SUCCESS |  
2025-10-20 19:51:46,780 | INFO  | OMAudit | user=runner | ip=127.0.0.1 | op=READ_KEY {"volume":"2199ff54-ad83-462b-b567-59fa0a882b05","bucket":"06407c72-3735-461c-8964-aa60aba9bf26","key":"ac77ca00-942b-4998-8649-3a1eb0da21fb","owner":null,"dataSize":"0","replicationConfig":null} | ret=SUCCESS |  
2025-10-20 19:51:46,781 | INFO  | OMAudit | user=runner | ip=127.0.0.1 | op=READ_KEY {"volume":"2199ff54-ad83-462b-b567-59fa0a882b05","bucket":"06407c72-3735-461c-8964-aa60aba9bf26","key":"ac77ca00-942b-4998-8649-3a1eb0da21fb","owner":null,"dataSize":"0","replicationConfig":null} | ret=SUCCESS |  
2025-10-20 19:51:46,785 | INFO  | SCMAudit | user=runner | ip=127.0.0.1 | op=GET_CONTAINER_WITH_PIPELINE_BATCH {"containerIDs":"#17,"} | ret=SUCCESS |  
2025-10-20 19:51:46,786 | INFO  | OMAudit | user=null | ip= | op=READ_KEY {"volume":"2199ff54-ad83-462b-b567-59fa0a882b05","bucket":"06407c72-3735-461c-8964-aa60aba9bf26","key":"ac77ca00-942b-4998-8649-3a1eb0da21fb","owner":null,"dataSize":"0","replicationConfig":null} | ret=SUCCESS |  
2025-10-20 19:51:46,786 | INFO  | SCMAudit | user=runner | ip=127.0.0.1 | op=GET_CONTAINER {"containerID":"17"} | ret=SUCCESS |  
2025-10-20 19:51:46,787 | INFO  | OMAudit | user=runner | ip=127.0.0.1 | op=READ_BUCKET {"volume":"2199ff54-ad83-462b-b567-59fa0a882b05","bucket":"06407c72-3735-461c-8964-aa60aba9bf26"} | ret=SUCCESS |  
2025-10-20 19:51:46,788 | INFO  | SCMAudit | user=runner | ip=127.0.0.1 | op=ALLOCATE_BLOCK {"replication":"RATIS/THREE","owner":"omServiceIdDefault","size":"4194304","sampleBlocks":"[conID: 20 locID: 115816896921600490]","num":"1","client":"","allocated":"1"} | ret=SUCCESS |  
2025-10-20 19:51:46,789 | INFO  | OMAudit | user=runner | ip=127.0.0.1 | op=ALLOCATE_KEY {"volume":"2199ff54-ad83-462b-b567-59fa0a882b05","bucket":"06407c72-3735-461c-8964-aa60aba9bf26","key":"6547f285-c113-4d88-8ada-4425131c3087","dataSize":"12","replicationType":"RATIS","replicationFactor":"THREE","Transaction":"1746"} | ret=SUCCESS |  
2025-10-20 19:51:46,798 | INFO  | OMAudit | user=runner | ip=127.0.0.1 | op=COMMIT_KEY {"volume":"2199ff54-ad83-462b-b567-59fa0a882b05","bucket":"06407c72-3735-461c-8964-aa60aba9bf26","key":"6547f285-c113-4d88-8ada-4425131c3087","dataSize":"12","replicationType":"RATIS","replicationFactor":"THREE","Transaction":"1747"} | ret=SUCCESS |  
2025-10-20 19:51:46,800 | INFO  | OMAudit | user=runner | ip=127.0.0.1 | op=READ_KEY {"volume":"2199ff54-ad83-462b-b567-59fa0a882b05","bucket":"06407c72-3735-461c-8964-aa60aba9bf26","key":"6547f285-c113-4d88-8ada-4425131c3087","owner":null,"dataSize":"0","replicationConfig":null} | ret=SUCCESS |  
2025-10-20 19:51:46,802 | INFO  | OMAudit | user=runner | ip=127.0.0.1 | op=READ_KEY {"volume":"2199ff54-ad83-462b-b567-59fa0a882b05","bucket":"06407c72-3735-461c-8964-aa60aba9bf26","key":"6547f285-c113-4d88-8ada-4425131c3087","owner":null,"dataSize":"0","replicationConfig":null} | ret=SUCCESS |  
2025-10-20 19:51:46,807 | INFO  | SCMAudit | user=runner | ip=127.0.0.1 | op=GET_CONTAINER_WITH_PIPELINE_BATCH {"containerIDs":"#20,"} | ret=SUCCESS |  
2025-10-20 19:51:46,808 | INFO  | OMAudit | user=null | ip= | op=READ_KEY {"volume":"2199ff54-ad83-462b-b567-59fa0a882b05","bucket":"06407c72-3735-461c-8964-aa60aba9bf26","key":"6547f285-c113-4d88-8ada-4425131c3087","owner":null,"dataSize":"0","replicationConfig":null} | ret=SUCCESS |  
2025-10-20 19:51:46,808 | INFO  | SCMAudit | user=runner | ip=127.0.0.1 | op=SEND_HEARTBEAT {"datanodeUUID":"af0e5da1-57af-45e9-9aca-fa0798d05628","term":"2","command":"[]"} | ret=SUCCESS |  
2025-10-20 19:51:46,808 [EventQueue-PipelineActionsForPipelineActionHandler] INFO  pipeline.PipelineActionHandler (PipelineActionHandler.java:processPipelineAction(89)) - Received pipeline action CLOSE for Pipeline-ba8f49ac-c35b-4342-9840-c8b3a767d7cd from datanode af0e5da1-57af-45e9-9aca-fa0798d05628(localhost/127.0.0.1). Reason : Ratis Transaction failure in datanode af0e5da1-57af-45e9-9aca-fa0798d05628 with role LEADER .Triggering pipeline close action.
2025-10-20 19:51:46,809 | INFO  | SCMAudit | user=runner | ip=127.0.0.1 | op=SEND_HEARTBEAT {"datanodeUUID":"c90bff1f-5a1f-42c6-8fca-9533d718c79a","term":"2","command":"[]"} | ret=SUCCESS |  
2025-10-20 19:51:46,809 | INFO  | SCMAudit | user=runner | ip=127.0.0.1 | op=GET_CONTAINER {"containerID":"20"} | ret=SUCCESS |  
2025-10-20 19:51:46,809 [EventQueue-PipelineActionsForPipelineActionHandler] INFO  pipeline.PipelineActionHandler (PipelineActionHandler.java:processPipelineAction(89)) - Received pipeline action CLOSE for Pipeline-ba8f49ac-c35b-4342-9840-c8b3a767d7cd from datanode c90bff1f-5a1f-42c6-8fca-9533d718c79a(localhost/127.0.0.1). Reason : Ratis Transaction failure in datanode c90bff1f-5a1f-42c6-8fca-9533d718c79a with role FOLLOWER .Triggering pipeline close action.
2025-10-20 19:51:46,810 | INFO  | OMAudit | user=runner | ip=127.0.0.1 | op=READ_BUCKET {"volume":"2199ff54-ad83-462b-b567-59fa0a882b05","bucket":"06407c72-3735-461c-8964-aa60aba9bf26"} | ret=SUCCESS |  
2025-10-20 19:51:46,811 | INFO  | SCMAudit | user=runner | ip=127.0.0.1 | op=ALLOCATE_BLOCK {"replication":"RATIS/THREE","owner":"omServiceIdDefault","size":"4194304","sampleBlocks":"[conID: 17 locID: 115816896921600491]","num":"1","client":"","allocated":"1"} | ret=SUCCESS |  
2025-10-20 19:51:46,814 | INFO  | SCMAudit | user=runner | ip=127.0.0.1 | op=SEND_HEARTBEAT {"datanodeUUID":"b614738c-cdff-4f09-bf59-ed5bb75d51be","term":"2","command":"[]"} | ret=SUCCESS |  
2025-10-20 19:51:46,814 [EventQueue-PipelineActionsForPipelineActionHandler] INFO  pipeline.PipelineActionHandler (PipelineActionHandler.java:processPipelineAction(89)) - Received pipeline action CLOSE for Pipeline-ba8f49ac-c35b-4342-9840-c8b3a767d7cd from datanode b614738c-cdff-4f09-bf59-ed5bb75d51be(localhost/127.0.0.1). Reason : Ratis Transaction failure in datanode b614738c-cdff-4f09-bf59-ed5bb75d51be with role FOLLOWER .Triggering pipeline close action.
2025-10-20 19:51:46,814 | INFO  | OMAudit | user=runner | ip=127.0.0.1 | op=ALLOCATE_KEY {"volume":"2199ff54-ad83-462b-b567-59fa0a882b05","bucket":"06407c72-3735-461c-8964-aa60aba9bf26","key":"fbc5ccad-1d71-48d9-8365-57767cbdb4b9","dataSize":"12","replicationType":"RATIS","replicationFactor":"THREE","Transaction":"1748"} | ret=SUCCESS |  
2025-10-20 19:51:46,824 | INFO  | OMAudit | user=runner | ip=127.0.0.1 | op=COMMIT_KEY {"volume":"2199ff54-ad83-462b-b567-59fa0a882b05","bucket":"06407c72-3735-461c-8964-aa60aba9bf26","key":"fbc5ccad-1d71-48d9-8365-57767cbdb4b9","dataSize":"12","replicationType":"RATIS","replicationFactor":"THREE","Transaction":"1749"} | ret=SUCCESS |  
2025-10-20 19:51:46,826 | INFO  | OMAudit | user=runner | ip=127.0.0.1 | op=READ_KEY {"volume":"2199ff54-ad83-462b-b567-59fa0a882b05","bucket":"06407c72-3735-461c-8964-aa60aba9bf26","key":"fbc5ccad-1d71-48d9-8365-57767cbdb4b9","owner":null,"dataSize":"0","replicationConfig":null} | ret=SUCCESS |  
2025-10-20 19:51:46,828 | INFO  | OMAudit | user=runner | ip=127.0.0.1 | op=READ_KEY {"volume":"2199ff54-ad83-462b-b567-59fa0a882b05","bucket":"06407c72-3735-461c-8964-aa60aba9bf26","key":"fbc5ccad-1d71-48d9-8365-57767cbdb4b9","owner":null,"dataSize":"0","replicationConfig":null} | ret=SUCCESS |  
2025-10-20 19:51:46,832 | INFO  | SCMAudit | user=runner | ip=127.0.0.1 | op=GET_CONTAINER_WITH_PIPELINE_BATCH {"containerIDs":"#17,"} | ret=SUCCESS |  
2025-10-20 19:51:46,833 | INFO  | OMAudit | user=null | ip= | op=READ_KEY {"volume":"2199ff54-ad83-462b-b567-59fa0a882b05","bucket":"06407c72-3735-461c-8964-aa60aba9bf26","key":"fbc5ccad-1d71-48d9-8365-57767cbdb4b9","owner":null,"dataSize":"0","replicationConfig":null} | ret=SUCCESS |  
2025-10-20 19:51:46,833 | INFO  | SCMAudit | user=runner | ip=127.0.0.1 | op=GET_CONTAINER {"containerID":"17"} | ret=SUCCESS |  
]]></system-out>
  </testcase>
  <testcase name="testPutKeySuccessWithBlockToken" classname="org.apache.hadoop.ozone.client.rpc.TestSecureOzoneRpcClient" time="0.411">
    <system-out><![CDATA[2025-10-20 19:51:46,835 [ForkJoinPool-1-worker-1] INFO  rpc.RpcClient (RpcClient.java:createVolume(461)) - Creating Volume: 30da2429-53d0-4be4-bbb2-133f16b3fc38, with runner as owner and space quota set to -1 bytes, counts quota set to -1
2025-10-20 19:51:46,837 [om1-OMStateMachineApplyTransactionThread - 0] INFO  volume.OMVolumeCreateRequest (OMVolumeCreateRequest.java:validateAndUpdateCache(213)) - created volume:30da2429-53d0-4be4-bbb2-133f16b3fc38 for user:runner
2025-10-20 19:51:46,837 | INFO  | OMAudit | user=runner | ip=127.0.0.1 | op=CREATE_VOLUME {"admin":"runner","owner":"runner","volume":"30da2429-53d0-4be4-bbb2-133f16b3fc38","creationTime":"1760989906836","modificationTime":"1760989906836","quotaInBytes":"-1","quotaInNamespace":"-1","usedNamespace":"0","objectID":"-9223372036854327808","updateID":"1750","Transaction":"1750"} | ret=SUCCESS |  
2025-10-20 19:51:46,838 | INFO  | OMAudit | user=runner | ip=127.0.0.1 | op=READ_VOLUME {"volume":"30da2429-53d0-4be4-bbb2-133f16b3fc38"} | ret=SUCCESS |  
2025-10-20 19:51:46,838 [ForkJoinPool-1-worker-1] INFO  rpc.RpcClient (RpcClient.java:createBucket(686)) - Creating Bucket: 30da2429-53d0-4be4-bbb2-133f16b3fc38/514c105a-edf5-4bdd-8bb2-841088d3f5d0, with bucket layout OBJECT_STORE, runner as owner, Versioning false, Storage Type set to DISK and Encryption set to false, Replication Type set to server-side default replication type, Namespace Quota set to -1, Space Quota set to -1 
2025-10-20 19:51:46,840 [om1-OMStateMachineApplyTransactionThread - 0] INFO  bucket.OMBucketCreateRequest (OMBucketCreateRequest.java:validateAndUpdateCache(303)) - created bucket: 514c105a-edf5-4bdd-8bb2-841088d3f5d0 of layout OBJECT_STORE in volume: 30da2429-53d0-4be4-bbb2-133f16b3fc38
2025-10-20 19:51:46,840 | INFO  | OMAudit | user=runner | ip=127.0.0.1 | op=CREATE_BUCKET {"volume":"30da2429-53d0-4be4-bbb2-133f16b3fc38","bucket":"514c105a-edf5-4bdd-8bb2-841088d3f5d0","bucketLayout":"OBJECT_STORE","gdprEnabled":null,"acls":"[user:runner:a[ACCESS], group:runner:rl[ACCESS]]","isVersionEnabled":"false","storageType":"DISK","creationTime":"1760989906839","bucketEncryptionKey":null,"modificationTime":"1760989906839","usedBytes":"0","usedNamespace":"0","snapshotUsedBytes":"0","snapshotUsedNamespace":"0","owner":"runner","replicationType":null,"replicationConfig":null,"quotaInBytes":"-1","quotaInNamespace":"-1","Transaction":"1751"} | ret=SUCCESS |  
2025-10-20 19:51:46,841 | INFO  | OMAudit | user=runner | ip=127.0.0.1 | op=READ_BUCKET {"volume":"30da2429-53d0-4be4-bbb2-133f16b3fc38","bucket":"514c105a-edf5-4bdd-8bb2-841088d3f5d0"} | ret=SUCCESS |  
2025-10-20 19:51:46,842 | INFO  | OMAudit | user=runner | ip=127.0.0.1 | op=READ_BUCKET {"volume":"30da2429-53d0-4be4-bbb2-133f16b3fc38","bucket":"514c105a-edf5-4bdd-8bb2-841088d3f5d0"} | ret=SUCCESS |  
2025-10-20 19:51:46,842 | INFO  | SCMAudit | user=runner | ip=127.0.0.1 | op=ALLOCATE_BLOCK {"replication":"RATIS/ONE","owner":"omServiceIdDefault","size":"4194304","sampleBlocks":"[conID: 12 locID: 115816896921600492]","num":"1","client":"","allocated":"1"} | ret=SUCCESS |  
2025-10-20 19:51:46,844 | INFO  | OMAudit | user=runner | ip=127.0.0.1 | op=ALLOCATE_KEY {"volume":"30da2429-53d0-4be4-bbb2-133f16b3fc38","bucket":"514c105a-edf5-4bdd-8bb2-841088d3f5d0","key":"b6bf6e4d-1b30-4dd2-a8fa-c7f67ca24b7d","dataSize":"12","replicationType":"RATIS","replicationFactor":"ONE","Transaction":"1752"} | ret=SUCCESS |  
2025-10-20 19:51:46,846 | INFO  | SCMAudit | user=runner | ip=127.0.0.1 | op=SEND_HEARTBEAT {"datanodeUUID":"d7d8cf72-b9f6-4979-9c53-007dd6e6e48a","term":"2","command":"[]"} | ret=SUCCESS |  
2025-10-20 19:51:46,850 | INFO  | OMAudit | user=runner | ip=127.0.0.1 | op=COMMIT_KEY {"volume":"30da2429-53d0-4be4-bbb2-133f16b3fc38","bucket":"514c105a-edf5-4bdd-8bb2-841088d3f5d0","key":"b6bf6e4d-1b30-4dd2-a8fa-c7f67ca24b7d","dataSize":"12","replicationType":"RATIS","replicationFactor":"ONE","Transaction":"1753"} | ret=SUCCESS |  
2025-10-20 19:51:46,852 | INFO  | OMAudit | user=runner | ip=127.0.0.1 | op=READ_KEY {"volume":"30da2429-53d0-4be4-bbb2-133f16b3fc38","bucket":"514c105a-edf5-4bdd-8bb2-841088d3f5d0","key":"b6bf6e4d-1b30-4dd2-a8fa-c7f67ca24b7d","owner":null,"dataSize":"0","replicationConfig":null} | ret=SUCCESS |  
2025-10-20 19:51:46,853 | INFO  | OMAudit | user=runner | ip=127.0.0.1 | op=READ_KEY {"volume":"30da2429-53d0-4be4-bbb2-133f16b3fc38","bucket":"514c105a-edf5-4bdd-8bb2-841088d3f5d0","key":"b6bf6e4d-1b30-4dd2-a8fa-c7f67ca24b7d","owner":null,"dataSize":"0","replicationConfig":null} | ret=SUCCESS |  
2025-10-20 19:51:46,859 | INFO  | SCMAudit | user=runner | ip=127.0.0.1 | op=GET_CONTAINER_WITH_PIPELINE_BATCH {"containerIDs":"#12,"} | ret=SUCCESS |  
2025-10-20 19:51:46,860 | INFO  | OMAudit | user=null | ip= | op=READ_KEY {"volume":"30da2429-53d0-4be4-bbb2-133f16b3fc38","bucket":"514c105a-edf5-4bdd-8bb2-841088d3f5d0","key":"b6bf6e4d-1b30-4dd2-a8fa-c7f67ca24b7d","owner":null,"dataSize":"0","replicationConfig":null} | ret=SUCCESS |  
2025-10-20 19:51:46,860 | INFO  | SCMAudit | user=runner | ip=127.0.0.1 | op=GET_CONTAINER {"containerID":"12"} | ret=SUCCESS |  
2025-10-20 19:51:46,862 | INFO  | OMAudit | user=runner | ip=127.0.0.1 | op=READ_BUCKET {"volume":"30da2429-53d0-4be4-bbb2-133f16b3fc38","bucket":"514c105a-edf5-4bdd-8bb2-841088d3f5d0"} | ret=SUCCESS |  
2025-10-20 19:51:46,863 | INFO  | SCMAudit | user=runner | ip=127.0.0.1 | op=ALLOCATE_BLOCK {"replication":"RATIS/ONE","owner":"omServiceIdDefault","size":"4194304","sampleBlocks":"[conID: 27 locID: 115816896921600493]","num":"1","client":"","allocated":"1"} | ret=SUCCESS |  
2025-10-20 19:51:46,865 | INFO  | OMAudit | user=runner | ip=127.0.0.1 | op=ALLOCATE_KEY {"volume":"30da2429-53d0-4be4-bbb2-133f16b3fc38","bucket":"514c105a-edf5-4bdd-8bb2-841088d3f5d0","key":"235a7ae6-eaf7-44ae-8e99-afb0f0efac41","dataSize":"12","replicationType":"RATIS","replicationFactor":"ONE","Transaction":"1754"} | ret=SUCCESS |  
2025-10-20 19:51:46,871 | INFO  | OMAudit | user=runner | ip=127.0.0.1 | op=COMMIT_KEY {"volume":"30da2429-53d0-4be4-bbb2-133f16b3fc38","bucket":"514c105a-edf5-4bdd-8bb2-841088d3f5d0","key":"235a7ae6-eaf7-44ae-8e99-afb0f0efac41","dataSize":"12","replicationType":"RATIS","replicationFactor":"ONE","Transaction":"1755"} | ret=SUCCESS |  
2025-10-20 19:51:46,873 | INFO  | OMAudit | user=runner | ip=127.0.0.1 | op=READ_KEY {"volume":"30da2429-53d0-4be4-bbb2-133f16b3fc38","bucket":"514c105a-edf5-4bdd-8bb2-841088d3f5d0","key":"235a7ae6-eaf7-44ae-8e99-afb0f0efac41","owner":null,"dataSize":"0","replicationConfig":null} | ret=SUCCESS |  
2025-10-20 19:51:46,874 | INFO  | OMAudit | user=runner | ip=127.0.0.1 | op=READ_KEY {"volume":"30da2429-53d0-4be4-bbb2-133f16b3fc38","bucket":"514c105a-edf5-4bdd-8bb2-841088d3f5d0","key":"235a7ae6-eaf7-44ae-8e99-afb0f0efac41","owner":null,"dataSize":"0","replicationConfig":null} | ret=SUCCESS |  
2025-10-20 19:51:46,879 | INFO  | SCMAudit | user=runner | ip=127.0.0.1 | op=GET_CONTAINER_WITH_PIPELINE_BATCH {"containerIDs":"#27,"} | ret=SUCCESS |  
2025-10-20 19:51:46,880 | INFO  | OMAudit | user=null | ip= | op=READ_KEY {"volume":"30da2429-53d0-4be4-bbb2-133f16b3fc38","bucket":"514c105a-edf5-4bdd-8bb2-841088d3f5d0","key":"235a7ae6-eaf7-44ae-8e99-afb0f0efac41","owner":null,"dataSize":"0","replicationConfig":null} | ret=SUCCESS |  
2025-10-20 19:51:46,881 | INFO  | SCMAudit | user=runner | ip=127.0.0.1 | op=GET_CONTAINER {"containerID":"27"} | ret=SUCCESS |  
2025-10-20 19:51:46,882 | INFO  | OMAudit | user=runner | ip=127.0.0.1 | op=READ_BUCKET {"volume":"30da2429-53d0-4be4-bbb2-133f16b3fc38","bucket":"514c105a-edf5-4bdd-8bb2-841088d3f5d0"} | ret=SUCCESS |  
2025-10-20 19:51:46,883 | INFO  | SCMAudit | user=runner | ip=127.0.0.1 | op=ALLOCATE_BLOCK {"replication":"RATIS/ONE","owner":"omServiceIdDefault","size":"4194304","sampleBlocks":"[conID: 13 locID: 115816896921600494]","num":"1","client":"","allocated":"1"} | ret=SUCCESS |  
2025-10-20 19:51:46,885 | INFO  | OMAudit | user=runner | ip=127.0.0.1 | op=ALLOCATE_KEY {"volume":"30da2429-53d0-4be4-bbb2-133f16b3fc38","bucket":"514c105a-edf5-4bdd-8bb2-841088d3f5d0","key":"7a4ada7f-9cec-4b3c-8e49-74a2410a7ca1","dataSize":"12","replicationType":"RATIS","replicationFactor":"ONE","Transaction":"1756"} | ret=SUCCESS |  
2025-10-20 19:51:46,891 | INFO  | OMAudit | user=runner | ip=127.0.0.1 | op=COMMIT_KEY {"volume":"30da2429-53d0-4be4-bbb2-133f16b3fc38","bucket":"514c105a-edf5-4bdd-8bb2-841088d3f5d0","key":"7a4ada7f-9cec-4b3c-8e49-74a2410a7ca1","dataSize":"12","replicationType":"RATIS","replicationFactor":"ONE","Transaction":"1757"} | ret=SUCCESS |  
2025-10-20 19:51:46,892 | INFO  | OMAudit | user=runner | ip=127.0.0.1 | op=READ_KEY {"volume":"30da2429-53d0-4be4-bbb2-133f16b3fc38","bucket":"514c105a-edf5-4bdd-8bb2-841088d3f5d0","key":"7a4ada7f-9cec-4b3c-8e49-74a2410a7ca1","owner":null,"dataSize":"0","replicationConfig":null} | ret=SUCCESS |  
2025-10-20 19:51:46,894 | INFO  | OMAudit | user=runner | ip=127.0.0.1 | op=READ_KEY {"volume":"30da2429-53d0-4be4-bbb2-133f16b3fc38","bucket":"514c105a-edf5-4bdd-8bb2-841088d3f5d0","key":"7a4ada7f-9cec-4b3c-8e49-74a2410a7ca1","owner":null,"dataSize":"0","replicationConfig":null} | ret=SUCCESS |  
2025-10-20 19:51:46,899 | INFO  | SCMAudit | user=runner | ip=127.0.0.1 | op=GET_CONTAINER_WITH_PIPELINE_BATCH {"containerIDs":"#13,"} | ret=SUCCESS |  
2025-10-20 19:51:46,899 | INFO  | OMAudit | user=null | ip= | op=READ_KEY {"volume":"30da2429-53d0-4be4-bbb2-133f16b3fc38","bucket":"514c105a-edf5-4bdd-8bb2-841088d3f5d0","key":"7a4ada7f-9cec-4b3c-8e49-74a2410a7ca1","owner":null,"dataSize":"0","replicationConfig":null} | ret=SUCCESS |  
2025-10-20 19:51:46,900 | INFO  | SCMAudit | user=runner | ip=127.0.0.1 | op=GET_CONTAINER {"containerID":"13"} | ret=SUCCESS |  
2025-10-20 19:51:46,901 | INFO  | OMAudit | user=runner | ip=127.0.0.1 | op=READ_BUCKET {"volume":"30da2429-53d0-4be4-bbb2-133f16b3fc38","bucket":"514c105a-edf5-4bdd-8bb2-841088d3f5d0"} | ret=SUCCESS |  
2025-10-20 19:51:46,902 | INFO  | SCMAudit | user=runner | ip=127.0.0.1 | op=ALLOCATE_BLOCK {"replication":"RATIS/ONE","owner":"omServiceIdDefault","size":"4194304","sampleBlocks":"[conID: 1 locID: 115816896921600495]","num":"1","client":"","allocated":"1"} | ret=SUCCESS |  
2025-10-20 19:51:46,904 | INFO  | OMAudit | user=runner | ip=127.0.0.1 | op=ALLOCATE_KEY {"volume":"30da2429-53d0-4be4-bbb2-133f16b3fc38","bucket":"514c105a-edf5-4bdd-8bb2-841088d3f5d0","key":"4bf7c804-a359-4fba-a897-05b88595c19b","dataSize":"12","replicationType":"RATIS","replicationFactor":"ONE","Transaction":"1758"} | ret=SUCCESS |  
2025-10-20 19:51:46,910 | INFO  | OMAudit | user=runner | ip=127.0.0.1 | op=COMMIT_KEY {"volume":"30da2429-53d0-4be4-bbb2-133f16b3fc38","bucket":"514c105a-edf5-4bdd-8bb2-841088d3f5d0","key":"4bf7c804-a359-4fba-a897-05b88595c19b","dataSize":"12","replicationType":"RATIS","replicationFactor":"ONE","Transaction":"1759"} | ret=SUCCESS |  
2025-10-20 19:51:46,912 | INFO  | OMAudit | user=runner | ip=127.0.0.1 | op=READ_KEY {"volume":"30da2429-53d0-4be4-bbb2-133f16b3fc38","bucket":"514c105a-edf5-4bdd-8bb2-841088d3f5d0","key":"4bf7c804-a359-4fba-a897-05b88595c19b","owner":null,"dataSize":"0","replicationConfig":null} | ret=SUCCESS |  
2025-10-20 19:51:46,913 | INFO  | OMAudit | user=runner | ip=127.0.0.1 | op=READ_KEY {"volume":"30da2429-53d0-4be4-bbb2-133f16b3fc38","bucket":"514c105a-edf5-4bdd-8bb2-841088d3f5d0","key":"4bf7c804-a359-4fba-a897-05b88595c19b","owner":null,"dataSize":"0","replicationConfig":null} | ret=SUCCESS |  
2025-10-20 19:51:46,918 | INFO  | SCMAudit | user=runner | ip=127.0.0.1 | op=GET_CONTAINER_WITH_PIPELINE_BATCH {"containerIDs":"#1,"} | ret=SUCCESS |  
2025-10-20 19:51:46,919 | INFO  | OMAudit | user=null | ip= | op=READ_KEY {"volume":"30da2429-53d0-4be4-bbb2-133f16b3fc38","bucket":"514c105a-edf5-4bdd-8bb2-841088d3f5d0","key":"4bf7c804-a359-4fba-a897-05b88595c19b","owner":null,"dataSize":"0","replicationConfig":null} | ret=SUCCESS |  
2025-10-20 19:51:46,919 | INFO  | SCMAudit | user=runner | ip=127.0.0.1 | op=GET_CONTAINER {"containerID":"1"} | ret=SUCCESS |  
2025-10-20 19:51:46,920 | INFO  | OMAudit | user=runner | ip=127.0.0.1 | op=READ_BUCKET {"volume":"30da2429-53d0-4be4-bbb2-133f16b3fc38","bucket":"514c105a-edf5-4bdd-8bb2-841088d3f5d0"} | ret=SUCCESS |  
2025-10-20 19:51:46,921 | INFO  | SCMAudit | user=runner | ip=127.0.0.1 | op=ALLOCATE_BLOCK {"replication":"RATIS/ONE","owner":"omServiceIdDefault","size":"4194304","sampleBlocks":"[conID: 7 locID: 115816896921600496]","num":"1","client":"","allocated":"1"} | ret=SUCCESS |  
2025-10-20 19:51:46,923 | INFO  | OMAudit | user=runner | ip=127.0.0.1 | op=ALLOCATE_KEY {"volume":"30da2429-53d0-4be4-bbb2-133f16b3fc38","bucket":"514c105a-edf5-4bdd-8bb2-841088d3f5d0","key":"8fb84e9d-54f8-4721-b607-0788ef6afc02","dataSize":"12","replicationType":"RATIS","replicationFactor":"ONE","Transaction":"1760"} | ret=SUCCESS |  
2025-10-20 19:51:46,929 | INFO  | OMAudit | user=runner | ip=127.0.0.1 | op=COMMIT_KEY {"volume":"30da2429-53d0-4be4-bbb2-133f16b3fc38","bucket":"514c105a-edf5-4bdd-8bb2-841088d3f5d0","key":"8fb84e9d-54f8-4721-b607-0788ef6afc02","dataSize":"12","replicationType":"RATIS","replicationFactor":"ONE","Transaction":"1761"} | ret=SUCCESS |  
2025-10-20 19:51:46,931 | INFO  | OMAudit | user=runner | ip=127.0.0.1 | op=READ_KEY {"volume":"30da2429-53d0-4be4-bbb2-133f16b3fc38","bucket":"514c105a-edf5-4bdd-8bb2-841088d3f5d0","key":"8fb84e9d-54f8-4721-b607-0788ef6afc02","owner":null,"dataSize":"0","replicationConfig":null} | ret=SUCCESS |  
2025-10-20 19:51:46,933 | INFO  | OMAudit | user=runner | ip=127.0.0.1 | op=READ_KEY {"volume":"30da2429-53d0-4be4-bbb2-133f16b3fc38","bucket":"514c105a-edf5-4bdd-8bb2-841088d3f5d0","key":"8fb84e9d-54f8-4721-b607-0788ef6afc02","owner":null,"dataSize":"0","replicationConfig":null} | ret=SUCCESS |  
2025-10-20 19:51:46,939 | INFO  | SCMAudit | user=runner | ip=127.0.0.1 | op=GET_CONTAINER_WITH_PIPELINE_BATCH {"containerIDs":"#7,"} | ret=SUCCESS |  
2025-10-20 19:51:46,939 | INFO  | OMAudit | user=null | ip= | op=READ_KEY {"volume":"30da2429-53d0-4be4-bbb2-133f16b3fc38","bucket":"514c105a-edf5-4bdd-8bb2-841088d3f5d0","key":"8fb84e9d-54f8-4721-b607-0788ef6afc02","owner":null,"dataSize":"0","replicationConfig":null} | ret=SUCCESS |  
2025-10-20 19:51:46,940 | INFO  | SCMAudit | user=runner | ip=127.0.0.1 | op=GET_CONTAINER {"containerID":"7"} | ret=SUCCESS |  
2025-10-20 19:51:46,942 | INFO  | OMAudit | user=runner | ip=127.0.0.1 | op=READ_BUCKET {"volume":"30da2429-53d0-4be4-bbb2-133f16b3fc38","bucket":"514c105a-edf5-4bdd-8bb2-841088d3f5d0"} | ret=SUCCESS |  
2025-10-20 19:51:46,943 | INFO  | SCMAudit | user=runner | ip=127.0.0.1 | op=ALLOCATE_BLOCK {"replication":"RATIS/ONE","owner":"omServiceIdDefault","size":"4194304","sampleBlocks":"[conID: 7 locID: 115816896921600497]","num":"1","client":"","allocated":"1"} | ret=SUCCESS |  
2025-10-20 19:51:46,945 | INFO  | OMAudit | user=runner | ip=127.0.0.1 | op=ALLOCATE_KEY {"volume":"30da2429-53d0-4be4-bbb2-133f16b3fc38","bucket":"514c105a-edf5-4bdd-8bb2-841088d3f5d0","key":"051e4b63-4110-4080-ba7a-333474f92174","dataSize":"12","replicationType":"RATIS","replicationFactor":"ONE","Transaction":"1762"} | ret=SUCCESS |  
2025-10-20 19:51:46,952 | INFO  | OMAudit | user=runner | ip=127.0.0.1 | op=COMMIT_KEY {"volume":"30da2429-53d0-4be4-bbb2-133f16b3fc38","bucket":"514c105a-edf5-4bdd-8bb2-841088d3f5d0","key":"051e4b63-4110-4080-ba7a-333474f92174","dataSize":"12","replicationType":"RATIS","replicationFactor":"ONE","Transaction":"1763"} | ret=SUCCESS |  
2025-10-20 19:51:46,953 | INFO  | OMAudit | user=runner | ip=127.0.0.1 | op=READ_KEY {"volume":"30da2429-53d0-4be4-bbb2-133f16b3fc38","bucket":"514c105a-edf5-4bdd-8bb2-841088d3f5d0","key":"051e4b63-4110-4080-ba7a-333474f92174","owner":null,"dataSize":"0","replicationConfig":null} | ret=SUCCESS |  
2025-10-20 19:51:46,954 | INFO  | OMAudit | user=runner | ip=127.0.0.1 | op=READ_KEY {"volume":"30da2429-53d0-4be4-bbb2-133f16b3fc38","bucket":"514c105a-edf5-4bdd-8bb2-841088d3f5d0","key":"051e4b63-4110-4080-ba7a-333474f92174","owner":null,"dataSize":"0","replicationConfig":null} | ret=SUCCESS |  
2025-10-20 19:51:46,959 | INFO  | SCMAudit | user=runner | ip=127.0.0.1 | op=GET_CONTAINER_WITH_PIPELINE_BATCH {"containerIDs":"#7,"} | ret=SUCCESS |  
2025-10-20 19:51:46,959 | INFO  | OMAudit | user=null | ip= | op=READ_KEY {"volume":"30da2429-53d0-4be4-bbb2-133f16b3fc38","bucket":"514c105a-edf5-4bdd-8bb2-841088d3f5d0","key":"051e4b63-4110-4080-ba7a-333474f92174","owner":null,"dataSize":"0","replicationConfig":null} | ret=SUCCESS |  
2025-10-20 19:51:46,960 | INFO  | SCMAudit | user=runner | ip=127.0.0.1 | op=GET_CONTAINER {"containerID":"7"} | ret=SUCCESS |  
2025-10-20 19:51:46,961 | INFO  | OMAudit | user=runner | ip=127.0.0.1 | op=READ_BUCKET {"volume":"30da2429-53d0-4be4-bbb2-133f16b3fc38","bucket":"514c105a-edf5-4bdd-8bb2-841088d3f5d0"} | ret=SUCCESS |  
2025-10-20 19:51:46,962 | INFO  | SCMAudit | user=runner | ip=127.0.0.1 | op=ALLOCATE_BLOCK {"replication":"RATIS/ONE","owner":"omServiceIdDefault","size":"4194304","sampleBlocks":"[conID: 27 locID: 115816896921600498]","num":"1","client":"","allocated":"1"} | ret=SUCCESS |  
2025-10-20 19:51:46,963 | INFO  | OMAudit | user=runner | ip=127.0.0.1 | op=ALLOCATE_KEY {"volume":"30da2429-53d0-4be4-bbb2-133f16b3fc38","bucket":"514c105a-edf5-4bdd-8bb2-841088d3f5d0","key":"8bc0de50-8d3d-479d-9aa0-48197c356255","dataSize":"12","replicationType":"RATIS","replicationFactor":"ONE","Transaction":"1764"} | ret=SUCCESS |  
2025-10-20 19:51:46,968 | INFO  | OMAudit | user=runner | ip=127.0.0.1 | op=COMMIT_KEY {"volume":"30da2429-53d0-4be4-bbb2-133f16b3fc38","bucket":"514c105a-edf5-4bdd-8bb2-841088d3f5d0","key":"8bc0de50-8d3d-479d-9aa0-48197c356255","dataSize":"12","replicationType":"RATIS","replicationFactor":"ONE","Transaction":"1765"} | ret=SUCCESS |  
2025-10-20 19:51:46,969 | INFO  | OMAudit | user=runner | ip=127.0.0.1 | op=READ_KEY {"volume":"30da2429-53d0-4be4-bbb2-133f16b3fc38","bucket":"514c105a-edf5-4bdd-8bb2-841088d3f5d0","key":"8bc0de50-8d3d-479d-9aa0-48197c356255","owner":null,"dataSize":"0","replicationConfig":null} | ret=SUCCESS |  
2025-10-20 19:51:46,970 | INFO  | OMAudit | user=runner | ip=127.0.0.1 | op=READ_KEY {"volume":"30da2429-53d0-4be4-bbb2-133f16b3fc38","bucket":"514c105a-edf5-4bdd-8bb2-841088d3f5d0","key":"8bc0de50-8d3d-479d-9aa0-48197c356255","owner":null,"dataSize":"0","replicationConfig":null} | ret=SUCCESS |  
2025-10-20 19:51:46,974 | INFO  | SCMAudit | user=runner | ip=127.0.0.1 | op=GET_CONTAINER_WITH_PIPELINE_BATCH {"containerIDs":"#27,"} | ret=SUCCESS |  
2025-10-20 19:51:46,974 | INFO  | OMAudit | user=null | ip= | op=READ_KEY {"volume":"30da2429-53d0-4be4-bbb2-133f16b3fc38","bucket":"514c105a-edf5-4bdd-8bb2-841088d3f5d0","key":"8bc0de50-8d3d-479d-9aa0-48197c356255","owner":null,"dataSize":"0","replicationConfig":null} | ret=SUCCESS |  
2025-10-20 19:51:46,975 | INFO  | SCMAudit | user=runner | ip=127.0.0.1 | op=GET_CONTAINER {"containerID":"27"} | ret=SUCCESS |  
2025-10-20 19:51:46,975 | INFO  | OMAudit | user=runner | ip=127.0.0.1 | op=READ_BUCKET {"volume":"30da2429-53d0-4be4-bbb2-133f16b3fc38","bucket":"514c105a-edf5-4bdd-8bb2-841088d3f5d0"} | ret=SUCCESS |  
2025-10-20 19:51:46,976 | INFO  | SCMAudit | user=runner | ip=127.0.0.1 | op=ALLOCATE_BLOCK {"replication":"RATIS/ONE","owner":"omServiceIdDefault","size":"4194304","sampleBlocks":"[conID: 6 locID: 115816896921600499]","num":"1","client":"","allocated":"1"} | ret=SUCCESS |  
2025-10-20 19:51:46,978 | INFO  | OMAudit | user=runner | ip=127.0.0.1 | op=ALLOCATE_KEY {"volume":"30da2429-53d0-4be4-bbb2-133f16b3fc38","bucket":"514c105a-edf5-4bdd-8bb2-841088d3f5d0","key":"2c835ff5-787d-40d3-bd58-c2506aae4efc","dataSize":"12","replicationType":"RATIS","replicationFactor":"ONE","Transaction":"1766"} | ret=SUCCESS |  
2025-10-20 19:51:46,984 | INFO  | OMAudit | user=runner | ip=127.0.0.1 | op=COMMIT_KEY {"volume":"30da2429-53d0-4be4-bbb2-133f16b3fc38","bucket":"514c105a-edf5-4bdd-8bb2-841088d3f5d0","key":"2c835ff5-787d-40d3-bd58-c2506aae4efc","dataSize":"12","replicationType":"RATIS","replicationFactor":"ONE","Transaction":"1767"} | ret=SUCCESS |  
2025-10-20 19:51:46,985 | INFO  | OMAudit | user=runner | ip=127.0.0.1 | op=READ_KEY {"volume":"30da2429-53d0-4be4-bbb2-133f16b3fc38","bucket":"514c105a-edf5-4bdd-8bb2-841088d3f5d0","key":"2c835ff5-787d-40d3-bd58-c2506aae4efc","owner":null,"dataSize":"0","replicationConfig":null} | ret=SUCCESS |  
2025-10-20 19:51:46,987 | INFO  | OMAudit | user=runner | ip=127.0.0.1 | op=READ_KEY {"volume":"30da2429-53d0-4be4-bbb2-133f16b3fc38","bucket":"514c105a-edf5-4bdd-8bb2-841088d3f5d0","key":"2c835ff5-787d-40d3-bd58-c2506aae4efc","owner":null,"dataSize":"0","replicationConfig":null} | ret=SUCCESS |  
2025-10-20 19:51:46,990 | INFO  | SCMAudit | user=runner | ip=127.0.0.1 | op=GET_CONTAINER_WITH_PIPELINE_BATCH {"containerIDs":"#6,"} | ret=SUCCESS |  
2025-10-20 19:51:46,991 | INFO  | OMAudit | user=null | ip= | op=READ_KEY {"volume":"30da2429-53d0-4be4-bbb2-133f16b3fc38","bucket":"514c105a-edf5-4bdd-8bb2-841088d3f5d0","key":"2c835ff5-787d-40d3-bd58-c2506aae4efc","owner":null,"dataSize":"0","replicationConfig":null} | ret=SUCCESS |  
2025-10-20 19:51:46,991 | INFO  | SCMAudit | user=runner | ip=127.0.0.1 | op=GET_CONTAINER {"containerID":"6"} | ret=SUCCESS |  
2025-10-20 19:51:46,992 | INFO  | OMAudit | user=runner | ip=127.0.0.1 | op=READ_BUCKET {"volume":"30da2429-53d0-4be4-bbb2-133f16b3fc38","bucket":"514c105a-edf5-4bdd-8bb2-841088d3f5d0"} | ret=SUCCESS |  
2025-10-20 19:51:46,993 | INFO  | SCMAudit | user=runner | ip=127.0.0.1 | op=ALLOCATE_BLOCK {"replication":"RATIS/ONE","owner":"omServiceIdDefault","size":"4194304","sampleBlocks":"[conID: 8 locID: 115816896921600500]","num":"1","client":"","allocated":"1"} | ret=SUCCESS |  
2025-10-20 19:51:46,995 | INFO  | OMAudit | user=runner | ip=127.0.0.1 | op=ALLOCATE_KEY {"volume":"30da2429-53d0-4be4-bbb2-133f16b3fc38","bucket":"514c105a-edf5-4bdd-8bb2-841088d3f5d0","key":"1d9b821e-e13a-4fc0-b814-befac8d178fe","dataSize":"12","replicationType":"RATIS","replicationFactor":"ONE","Transaction":"1768"} | ret=SUCCESS |  
2025-10-20 19:51:47,000 | INFO  | OMAudit | user=runner | ip=127.0.0.1 | op=COMMIT_KEY {"volume":"30da2429-53d0-4be4-bbb2-133f16b3fc38","bucket":"514c105a-edf5-4bdd-8bb2-841088d3f5d0","key":"1d9b821e-e13a-4fc0-b814-befac8d178fe","dataSize":"12","replicationType":"RATIS","replicationFactor":"ONE","Transaction":"1769"} | ret=SUCCESS |  
2025-10-20 19:51:47,001 | INFO  | OMAudit | user=runner | ip=127.0.0.1 | op=READ_KEY {"volume":"30da2429-53d0-4be4-bbb2-133f16b3fc38","bucket":"514c105a-edf5-4bdd-8bb2-841088d3f5d0","key":"1d9b821e-e13a-4fc0-b814-befac8d178fe","owner":null,"dataSize":"0","replicationConfig":null} | ret=SUCCESS |  
2025-10-20 19:51:47,002 | INFO  | OMAudit | user=runner | ip=127.0.0.1 | op=READ_KEY {"volume":"30da2429-53d0-4be4-bbb2-133f16b3fc38","bucket":"514c105a-edf5-4bdd-8bb2-841088d3f5d0","key":"1d9b821e-e13a-4fc0-b814-befac8d178fe","owner":null,"dataSize":"0","replicationConfig":null} | ret=SUCCESS |  
2025-10-20 19:51:47,006 | INFO  | SCMAudit | user=runner | ip=127.0.0.1 | op=GET_CONTAINER_WITH_PIPELINE_BATCH {"containerIDs":"#8,"} | ret=SUCCESS |  
2025-10-20 19:51:47,007 | INFO  | OMAudit | user=null | ip= | op=READ_KEY {"volume":"30da2429-53d0-4be4-bbb2-133f16b3fc38","bucket":"514c105a-edf5-4bdd-8bb2-841088d3f5d0","key":"1d9b821e-e13a-4fc0-b814-befac8d178fe","owner":null,"dataSize":"0","replicationConfig":null} | ret=SUCCESS |  
2025-10-20 19:51:47,007 | INFO  | SCMAudit | user=runner | ip=127.0.0.1 | op=GET_CONTAINER {"containerID":"8"} | ret=SUCCESS |  
2025-10-20 19:51:47,008 | INFO  | OMAudit | user=runner | ip=127.0.0.1 | op=READ_BUCKET {"volume":"30da2429-53d0-4be4-bbb2-133f16b3fc38","bucket":"514c105a-edf5-4bdd-8bb2-841088d3f5d0"} | ret=SUCCESS |  
2025-10-20 19:51:47,009 | INFO  | SCMAudit | user=runner | ip=127.0.0.1 | op=ALLOCATE_BLOCK {"replication":"RATIS/ONE","owner":"omServiceIdDefault","size":"4194304","sampleBlocks":"[conID: 10 locID: 115816896921600501]","num":"1","client":"","allocated":"1"} | ret=SUCCESS |  
2025-10-20 19:51:47,010 | INFO  | OMAudit | user=runner | ip=127.0.0.1 | op=ALLOCATE_KEY {"volume":"30da2429-53d0-4be4-bbb2-133f16b3fc38","bucket":"514c105a-edf5-4bdd-8bb2-841088d3f5d0","key":"f4335f30-ecb3-492b-9b15-78607ce2479c","dataSize":"12","replicationType":"RATIS","replicationFactor":"ONE","Transaction":"1770"} | ret=SUCCESS |  
2025-10-20 19:51:47,017 | INFO  | OMAudit | user=runner | ip=127.0.0.1 | op=COMMIT_KEY {"volume":"30da2429-53d0-4be4-bbb2-133f16b3fc38","bucket":"514c105a-edf5-4bdd-8bb2-841088d3f5d0","key":"f4335f30-ecb3-492b-9b15-78607ce2479c","dataSize":"12","replicationType":"RATIS","replicationFactor":"ONE","Transaction":"1771"} | ret=SUCCESS |  
2025-10-20 19:51:47,019 | INFO  | OMAudit | user=runner | ip=127.0.0.1 | op=READ_KEY {"volume":"30da2429-53d0-4be4-bbb2-133f16b3fc38","bucket":"514c105a-edf5-4bdd-8bb2-841088d3f5d0","key":"f4335f30-ecb3-492b-9b15-78607ce2479c","owner":null,"dataSize":"0","replicationConfig":null} | ret=SUCCESS |  
2025-10-20 19:51:47,021 | INFO  | OMAudit | user=runner | ip=127.0.0.1 | op=READ_KEY {"volume":"30da2429-53d0-4be4-bbb2-133f16b3fc38","bucket":"514c105a-edf5-4bdd-8bb2-841088d3f5d0","key":"f4335f30-ecb3-492b-9b15-78607ce2479c","owner":null,"dataSize":"0","replicationConfig":null} | ret=SUCCESS |  
2025-10-20 19:51:47,025 | INFO  | SCMAudit | user=runner | ip=127.0.0.1 | op=GET_CONTAINER_WITH_PIPELINE_BATCH {"containerIDs":"#10,"} | ret=SUCCESS |  
2025-10-20 19:51:47,025 | INFO  | OMAudit | user=null | ip= | op=READ_KEY {"volume":"30da2429-53d0-4be4-bbb2-133f16b3fc38","bucket":"514c105a-edf5-4bdd-8bb2-841088d3f5d0","key":"f4335f30-ecb3-492b-9b15-78607ce2479c","owner":null,"dataSize":"0","replicationConfig":null} | ret=SUCCESS |  
2025-10-20 19:51:47,026 | INFO  | SCMAudit | user=runner | ip=127.0.0.1 | op=GET_CONTAINER {"containerID":"10"} | ret=SUCCESS |  
2025-10-20 19:51:47,027 [ForkJoinPool-1-worker-1] INFO  rpc.RpcClient (RpcClient.java:createVolume(461)) - Creating Volume: 95ef41e3-ddbc-49cd-bbfb-2a14725ba653, with runner as owner and space quota set to -1 bytes, counts quota set to -1
2025-10-20 19:51:47,028 [om1-OMStateMachineApplyTransactionThread - 0] INFO  volume.OMVolumeCreateRequest (OMVolumeCreateRequest.java:validateAndUpdateCache(213)) - created volume:95ef41e3-ddbc-49cd-bbfb-2a14725ba653 for user:runner
2025-10-20 19:51:47,028 | INFO  | OMAudit | user=runner | ip=127.0.0.1 | op=CREATE_VOLUME {"admin":"runner","owner":"runner","volume":"95ef41e3-ddbc-49cd-bbfb-2a14725ba653","creationTime":"1760989907027","modificationTime":"1760989907027","quotaInBytes":"-1","quotaInNamespace":"-1","usedNamespace":"0","objectID":"-9223372036854322176","updateID":"1772","Transaction":"1772"} | ret=SUCCESS |  
2025-10-20 19:51:47,031 | INFO  | OMAudit | user=runner | ip=127.0.0.1 | op=READ_VOLUME {"volume":"95ef41e3-ddbc-49cd-bbfb-2a14725ba653"} | ret=SUCCESS |  
2025-10-20 19:51:47,031 [ForkJoinPool-1-worker-1] INFO  rpc.RpcClient (RpcClient.java:createBucket(686)) - Creating Bucket: 95ef41e3-ddbc-49cd-bbfb-2a14725ba653/48fa455e-102c-45e4-b2ab-48b5ec8381c6, with bucket layout FILE_SYSTEM_OPTIMIZED, runner as owner, Versioning false, Storage Type set to DISK and Encryption set to false, Replication Type set to server-side default replication type, Namespace Quota set to -1, Space Quota set to -1 
2025-10-20 19:51:47,032 [om1-OMStateMachineApplyTransactionThread - 0] INFO  bucket.OMBucketCreateRequest (OMBucketCreateRequest.java:validateAndUpdateCache(303)) - created bucket: 48fa455e-102c-45e4-b2ab-48b5ec8381c6 of layout FILE_SYSTEM_OPTIMIZED in volume: 95ef41e3-ddbc-49cd-bbfb-2a14725ba653
2025-10-20 19:51:47,032 | INFO  | OMAudit | user=runner | ip=127.0.0.1 | op=CREATE_BUCKET {"volume":"95ef41e3-ddbc-49cd-bbfb-2a14725ba653","bucket":"48fa455e-102c-45e4-b2ab-48b5ec8381c6","bucketLayout":"FILE_SYSTEM_OPTIMIZED","gdprEnabled":null,"acls":"[user:runner:a[ACCESS], group:runner:rl[ACCESS]]","isVersionEnabled":"false","storageType":"DISK","creationTime":"1760989907032","bucketEncryptionKey":null,"modificationTime":"1760989907032","usedBytes":"0","usedNamespace":"0","snapshotUsedBytes":"0","snapshotUsedNamespace":"0","owner":"runner","replicationType":null,"replicationConfig":null,"quotaInBytes":"-1","quotaInNamespace":"-1","Transaction":"1773"} | ret=SUCCESS |  
2025-10-20 19:51:47,033 | INFO  | OMAudit | user=runner | ip=127.0.0.1 | op=READ_BUCKET {"volume":"95ef41e3-ddbc-49cd-bbfb-2a14725ba653","bucket":"48fa455e-102c-45e4-b2ab-48b5ec8381c6"} | ret=SUCCESS |  
2025-10-20 19:51:47,034 | INFO  | OMAudit | user=runner | ip=127.0.0.1 | op=READ_BUCKET {"volume":"95ef41e3-ddbc-49cd-bbfb-2a14725ba653","bucket":"48fa455e-102c-45e4-b2ab-48b5ec8381c6"} | ret=SUCCESS |  
2025-10-20 19:51:47,035 | INFO  | SCMAudit | user=runner | ip=127.0.0.1 | op=ALLOCATE_BLOCK {"replication":"RATIS/ONE","owner":"omServiceIdDefault","size":"4194304","sampleBlocks":"[conID: 8 locID: 115816896921600502]","num":"1","client":"","allocated":"1"} | ret=SUCCESS |  
2025-10-20 19:51:47,036 | INFO  | OMAudit | user=runner | ip=127.0.0.1 | op=ALLOCATE_KEY {"volume":"95ef41e3-ddbc-49cd-bbfb-2a14725ba653","bucket":"48fa455e-102c-45e4-b2ab-48b5ec8381c6","key":"9f3ca3ba-8c18-47f4-a88c-a093b90b31f1","dataSize":"12","replicationType":"RATIS","replicationFactor":"ONE","Transaction":"1774"} | ret=SUCCESS |  
2025-10-20 19:51:47,041 | INFO  | OMAudit | user=runner | ip=127.0.0.1 | op=COMMIT_KEY {"volume":"95ef41e3-ddbc-49cd-bbfb-2a14725ba653","bucket":"48fa455e-102c-45e4-b2ab-48b5ec8381c6","key":"9f3ca3ba-8c18-47f4-a88c-a093b90b31f1","dataSize":"12","replicationType":"RATIS","replicationFactor":"ONE","Transaction":"1775"} | ret=SUCCESS |  
2025-10-20 19:51:47,043 | INFO  | OMAudit | user=runner | ip=127.0.0.1 | op=READ_KEY {"volume":"95ef41e3-ddbc-49cd-bbfb-2a14725ba653","bucket":"48fa455e-102c-45e4-b2ab-48b5ec8381c6","key":"9f3ca3ba-8c18-47f4-a88c-a093b90b31f1","owner":null,"dataSize":"0","replicationConfig":null} | ret=SUCCESS |  
2025-10-20 19:51:47,044 | INFO  | OMAudit | user=runner | ip=127.0.0.1 | op=READ_KEY {"volume":"95ef41e3-ddbc-49cd-bbfb-2a14725ba653","bucket":"48fa455e-102c-45e4-b2ab-48b5ec8381c6","key":"9f3ca3ba-8c18-47f4-a88c-a093b90b31f1","owner":null,"dataSize":"0","replicationConfig":null} | ret=SUCCESS |  
2025-10-20 19:51:47,048 | INFO  | SCMAudit | user=runner | ip=127.0.0.1 | op=GET_CONTAINER_WITH_PIPELINE_BATCH {"containerIDs":"#8,"} | ret=SUCCESS |  
2025-10-20 19:51:47,048 | INFO  | OMAudit | user=null | ip= | op=READ_KEY {"volume":"95ef41e3-ddbc-49cd-bbfb-2a14725ba653","bucket":"48fa455e-102c-45e4-b2ab-48b5ec8381c6","key":"9f3ca3ba-8c18-47f4-a88c-a093b90b31f1","owner":null,"dataSize":"0","replicationConfig":null} | ret=SUCCESS |  
2025-10-20 19:51:47,049 | INFO  | SCMAudit | user=runner | ip=127.0.0.1 | op=GET_CONTAINER {"containerID":"8"} | ret=SUCCESS |  
2025-10-20 19:51:47,049 | INFO  | OMAudit | user=runner | ip=127.0.0.1 | op=READ_BUCKET {"volume":"95ef41e3-ddbc-49cd-bbfb-2a14725ba653","bucket":"48fa455e-102c-45e4-b2ab-48b5ec8381c6"} | ret=SUCCESS |  
2025-10-20 19:51:47,050 | INFO  | SCMAudit | user=runner | ip=127.0.0.1 | op=ALLOCATE_BLOCK {"replication":"RATIS/ONE","owner":"omServiceIdDefault","size":"4194304","sampleBlocks":"[conID: 12 locID: 115816896921600503]","num":"1","client":"","allocated":"1"} | ret=SUCCESS |  
2025-10-20 19:51:47,052 | INFO  | OMAudit | user=runner | ip=127.0.0.1 | op=ALLOCATE_KEY {"volume":"95ef41e3-ddbc-49cd-bbfb-2a14725ba653","bucket":"48fa455e-102c-45e4-b2ab-48b5ec8381c6","key":"cfc899cc-2e69-4fe3-b3f5-39c867648c64","dataSize":"12","replicationType":"RATIS","replicationFactor":"ONE","Transaction":"1776"} | ret=SUCCESS |  
2025-10-20 19:51:47,056 | INFO  | OMAudit | user=runner | ip=127.0.0.1 | op=COMMIT_KEY {"volume":"95ef41e3-ddbc-49cd-bbfb-2a14725ba653","bucket":"48fa455e-102c-45e4-b2ab-48b5ec8381c6","key":"cfc899cc-2e69-4fe3-b3f5-39c867648c64","dataSize":"12","replicationType":"RATIS","replicationFactor":"ONE","Transaction":"1777"} | ret=SUCCESS |  
2025-10-20 19:51:47,058 | INFO  | OMAudit | user=runner | ip=127.0.0.1 | op=READ_KEY {"volume":"95ef41e3-ddbc-49cd-bbfb-2a14725ba653","bucket":"48fa455e-102c-45e4-b2ab-48b5ec8381c6","key":"cfc899cc-2e69-4fe3-b3f5-39c867648c64","owner":null,"dataSize":"0","replicationConfig":null} | ret=SUCCESS |  
2025-10-20 19:51:47,059 | INFO  | OMAudit | user=runner | ip=127.0.0.1 | op=READ_KEY {"volume":"95ef41e3-ddbc-49cd-bbfb-2a14725ba653","bucket":"48fa455e-102c-45e4-b2ab-48b5ec8381c6","key":"cfc899cc-2e69-4fe3-b3f5-39c867648c64","owner":null,"dataSize":"0","replicationConfig":null} | ret=SUCCESS |  
2025-10-20 19:51:47,064 | INFO  | SCMAudit | user=runner | ip=127.0.0.1 | op=GET_CONTAINER_WITH_PIPELINE_BATCH {"containerIDs":"#12,"} | ret=SUCCESS |  
2025-10-20 19:51:47,065 | INFO  | OMAudit | user=null | ip= | op=READ_KEY {"volume":"95ef41e3-ddbc-49cd-bbfb-2a14725ba653","bucket":"48fa455e-102c-45e4-b2ab-48b5ec8381c6","key":"cfc899cc-2e69-4fe3-b3f5-39c867648c64","owner":null,"dataSize":"0","replicationConfig":null} | ret=SUCCESS |  
2025-10-20 19:51:47,066 | INFO  | SCMAudit | user=runner | ip=127.0.0.1 | op=GET_CONTAINER {"containerID":"12"} | ret=SUCCESS |  
2025-10-20 19:51:47,068 | INFO  | OMAudit | user=runner | ip=127.0.0.1 | op=READ_BUCKET {"volume":"95ef41e3-ddbc-49cd-bbfb-2a14725ba653","bucket":"48fa455e-102c-45e4-b2ab-48b5ec8381c6"} | ret=SUCCESS |  
2025-10-20 19:51:47,069 | INFO  | SCMAudit | user=runner | ip=127.0.0.1 | op=ALLOCATE_BLOCK {"replication":"RATIS/ONE","owner":"omServiceIdDefault","size":"4194304","sampleBlocks":"[conID: 11 locID: 115816896921600504]","num":"1","client":"","allocated":"1"} | ret=SUCCESS |  
2025-10-20 19:51:47,071 | INFO  | OMAudit | user=runner | ip=127.0.0.1 | op=ALLOCATE_KEY {"volume":"95ef41e3-ddbc-49cd-bbfb-2a14725ba653","bucket":"48fa455e-102c-45e4-b2ab-48b5ec8381c6","key":"ce67d3a4-cc02-4789-8b4a-d2fd2978aa50","dataSize":"12","replicationType":"RATIS","replicationFactor":"ONE","Transaction":"1778"} | ret=SUCCESS |  
2025-10-20 19:51:47,076 | INFO  | OMAudit | user=runner | ip=127.0.0.1 | op=COMMIT_KEY {"volume":"95ef41e3-ddbc-49cd-bbfb-2a14725ba653","bucket":"48fa455e-102c-45e4-b2ab-48b5ec8381c6","key":"ce67d3a4-cc02-4789-8b4a-d2fd2978aa50","dataSize":"12","replicationType":"RATIS","replicationFactor":"ONE","Transaction":"1779"} | ret=SUCCESS |  
2025-10-20 19:51:47,078 | INFO  | OMAudit | user=runner | ip=127.0.0.1 | op=READ_KEY {"volume":"95ef41e3-ddbc-49cd-bbfb-2a14725ba653","bucket":"48fa455e-102c-45e4-b2ab-48b5ec8381c6","key":"ce67d3a4-cc02-4789-8b4a-d2fd2978aa50","owner":null,"dataSize":"0","replicationConfig":null} | ret=SUCCESS |  
2025-10-20 19:51:47,079 | INFO  | OMAudit | user=runner | ip=127.0.0.1 | op=READ_KEY {"volume":"95ef41e3-ddbc-49cd-bbfb-2a14725ba653","bucket":"48fa455e-102c-45e4-b2ab-48b5ec8381c6","key":"ce67d3a4-cc02-4789-8b4a-d2fd2978aa50","owner":null,"dataSize":"0","replicationConfig":null} | ret=SUCCESS |  
2025-10-20 19:51:47,084 | INFO  | SCMAudit | user=runner | ip=127.0.0.1 | op=GET_CONTAINER_WITH_PIPELINE_BATCH {"containerIDs":"#11,"} | ret=SUCCESS |  
2025-10-20 19:51:47,084 | INFO  | OMAudit | user=null | ip= | op=READ_KEY {"volume":"95ef41e3-ddbc-49cd-bbfb-2a14725ba653","bucket":"48fa455e-102c-45e4-b2ab-48b5ec8381c6","key":"ce67d3a4-cc02-4789-8b4a-d2fd2978aa50","owner":null,"dataSize":"0","replicationConfig":null} | ret=SUCCESS |  
2025-10-20 19:51:47,085 | INFO  | SCMAudit | user=runner | ip=127.0.0.1 | op=GET_CONTAINER {"containerID":"11"} | ret=SUCCESS |  
2025-10-20 19:51:47,086 | INFO  | OMAudit | user=runner | ip=127.0.0.1 | op=READ_BUCKET {"volume":"95ef41e3-ddbc-49cd-bbfb-2a14725ba653","bucket":"48fa455e-102c-45e4-b2ab-48b5ec8381c6"} | ret=SUCCESS |  
2025-10-20 19:51:47,087 | INFO  | SCMAudit | user=runner | ip=127.0.0.1 | op=ALLOCATE_BLOCK {"replication":"RATIS/ONE","owner":"omServiceIdDefault","size":"4194304","sampleBlocks":"[conID: 4 locID: 115816896921600505]","num":"1","client":"","allocated":"1"} | ret=SUCCESS |  
2025-10-20 19:51:47,089 | INFO  | OMAudit | user=runner | ip=127.0.0.1 | op=ALLOCATE_KEY {"volume":"95ef41e3-ddbc-49cd-bbfb-2a14725ba653","bucket":"48fa455e-102c-45e4-b2ab-48b5ec8381c6","key":"69ffbb32-8fad-4d50-896a-2d3e365d0893","dataSize":"12","replicationType":"RATIS","replicationFactor":"ONE","Transaction":"1780"} | ret=SUCCESS |  
2025-10-20 19:51:47,094 | INFO  | OMAudit | user=runner | ip=127.0.0.1 | op=COMMIT_KEY {"volume":"95ef41e3-ddbc-49cd-bbfb-2a14725ba653","bucket":"48fa455e-102c-45e4-b2ab-48b5ec8381c6","key":"69ffbb32-8fad-4d50-896a-2d3e365d0893","dataSize":"12","replicationType":"RATIS","replicationFactor":"ONE","Transaction":"1781"} | ret=SUCCESS |  
2025-10-20 19:51:47,095 | INFO  | OMAudit | user=runner | ip=127.0.0.1 | op=READ_KEY {"volume":"95ef41e3-ddbc-49cd-bbfb-2a14725ba653","bucket":"48fa455e-102c-45e4-b2ab-48b5ec8381c6","key":"69ffbb32-8fad-4d50-896a-2d3e365d0893","owner":null,"dataSize":"0","replicationConfig":null} | ret=SUCCESS |  
2025-10-20 19:51:47,096 | INFO  | OMAudit | user=runner | ip=127.0.0.1 | op=READ_KEY {"volume":"95ef41e3-ddbc-49cd-bbfb-2a14725ba653","bucket":"48fa455e-102c-45e4-b2ab-48b5ec8381c6","key":"69ffbb32-8fad-4d50-896a-2d3e365d0893","owner":null,"dataSize":"0","replicationConfig":null} | ret=SUCCESS |  
2025-10-20 19:51:47,101 | INFO  | SCMAudit | user=runner | ip=127.0.0.1 | op=GET_CONTAINER_WITH_PIPELINE_BATCH {"containerIDs":"#4,"} | ret=SUCCESS |  
2025-10-20 19:51:47,102 | INFO  | OMAudit | user=null | ip= | op=READ_KEY {"volume":"95ef41e3-ddbc-49cd-bbfb-2a14725ba653","bucket":"48fa455e-102c-45e4-b2ab-48b5ec8381c6","key":"69ffbb32-8fad-4d50-896a-2d3e365d0893","owner":null,"dataSize":"0","replicationConfig":null} | ret=SUCCESS |  
2025-10-20 19:51:47,103 | INFO  | SCMAudit | user=runner | ip=127.0.0.1 | op=GET_CONTAINER {"containerID":"4"} | ret=SUCCESS |  
2025-10-20 19:51:47,103 | INFO  | OMAudit | user=runner | ip=127.0.0.1 | op=READ_BUCKET {"volume":"95ef41e3-ddbc-49cd-bbfb-2a14725ba653","bucket":"48fa455e-102c-45e4-b2ab-48b5ec8381c6"} | ret=SUCCESS |  
2025-10-20 19:51:47,104 | INFO  | SCMAudit | user=runner | ip=127.0.0.1 | op=ALLOCATE_BLOCK {"replication":"RATIS/ONE","owner":"omServiceIdDefault","size":"4194304","sampleBlocks":"[conID: 12 locID: 115816896921600506]","num":"1","client":"","allocated":"1"} | ret=SUCCESS |  
2025-10-20 19:51:47,106 | INFO  | OMAudit | user=runner | ip=127.0.0.1 | op=ALLOCATE_KEY {"volume":"95ef41e3-ddbc-49cd-bbfb-2a14725ba653","bucket":"48fa455e-102c-45e4-b2ab-48b5ec8381c6","key":"c8820c55-e642-415d-9d31-1c7b5d15eb1c","dataSize":"12","replicationType":"RATIS","replicationFactor":"ONE","Transaction":"1782"} | ret=SUCCESS |  
2025-10-20 19:51:47,112 | INFO  | OMAudit | user=runner | ip=127.0.0.1 | op=COMMIT_KEY {"volume":"95ef41e3-ddbc-49cd-bbfb-2a14725ba653","bucket":"48fa455e-102c-45e4-b2ab-48b5ec8381c6","key":"c8820c55-e642-415d-9d31-1c7b5d15eb1c","dataSize":"12","replicationType":"RATIS","replicationFactor":"ONE","Transaction":"1783"} | ret=SUCCESS |  
2025-10-20 19:51:47,113 | INFO  | OMAudit | user=runner | ip=127.0.0.1 | op=READ_KEY {"volume":"95ef41e3-ddbc-49cd-bbfb-2a14725ba653","bucket":"48fa455e-102c-45e4-b2ab-48b5ec8381c6","key":"c8820c55-e642-415d-9d31-1c7b5d15eb1c","owner":null,"dataSize":"0","replicationConfig":null} | ret=SUCCESS |  
2025-10-20 19:51:47,115 | INFO  | OMAudit | user=runner | ip=127.0.0.1 | op=READ_KEY {"volume":"95ef41e3-ddbc-49cd-bbfb-2a14725ba653","bucket":"48fa455e-102c-45e4-b2ab-48b5ec8381c6","key":"c8820c55-e642-415d-9d31-1c7b5d15eb1c","owner":null,"dataSize":"0","replicationConfig":null} | ret=SUCCESS |  
2025-10-20 19:51:47,120 | INFO  | SCMAudit | user=runner | ip=127.0.0.1 | op=GET_CONTAINER_WITH_PIPELINE_BATCH {"containerIDs":"#12,"} | ret=SUCCESS |  
2025-10-20 19:51:47,120 | INFO  | OMAudit | user=null | ip= | op=READ_KEY {"volume":"95ef41e3-ddbc-49cd-bbfb-2a14725ba653","bucket":"48fa455e-102c-45e4-b2ab-48b5ec8381c6","key":"c8820c55-e642-415d-9d31-1c7b5d15eb1c","owner":null,"dataSize":"0","replicationConfig":null} | ret=SUCCESS |  
2025-10-20 19:51:47,121 | INFO  | SCMAudit | user=runner | ip=127.0.0.1 | op=GET_CONTAINER {"containerID":"12"} | ret=SUCCESS |  
2025-10-20 19:51:47,122 | INFO  | OMAudit | user=runner | ip=127.0.0.1 | op=READ_BUCKET {"volume":"95ef41e3-ddbc-49cd-bbfb-2a14725ba653","bucket":"48fa455e-102c-45e4-b2ab-48b5ec8381c6"} | ret=SUCCESS |  
2025-10-20 19:51:47,123 | INFO  | SCMAudit | user=runner | ip=127.0.0.1 | op=ALLOCATE_BLOCK {"replication":"RATIS/ONE","owner":"omServiceIdDefault","size":"4194304","sampleBlocks":"[conID: 2 locID: 115816896921600507]","num":"1","client":"","allocated":"1"} | ret=SUCCESS |  
2025-10-20 19:51:47,125 | INFO  | OMAudit | user=runner | ip=127.0.0.1 | op=ALLOCATE_KEY {"volume":"95ef41e3-ddbc-49cd-bbfb-2a14725ba653","bucket":"48fa455e-102c-45e4-b2ab-48b5ec8381c6","key":"712a9879-9d07-4b68-b1e9-81c8a3829ec2","dataSize":"12","replicationType":"RATIS","replicationFactor":"ONE","Transaction":"1784"} | ret=SUCCESS |  
2025-10-20 19:51:47,128 [EventQueue-PipelineActionsForPipelineActionHandler] INFO  pipeline.PipelineActionHandler (PipelineActionHandler.java:processPipelineAction(89)) - Received pipeline action CLOSE for Pipeline-0b8c5e6b-69eb-484b-887e-939de61e1e74 from datanode e05592a5-d00f-4fc1-9e39-a968c1ecb04e(localhost/127.0.0.1). Reason : Ratis Transaction failure in datanode e05592a5-d00f-4fc1-9e39-a968c1ecb04e with role FOLLOWER .Triggering pipeline close action.
2025-10-20 19:51:47,128 [EventQueue-PipelineActionsForPipelineActionHandler] INFO  pipeline.PipelineActionHandler (PipelineActionHandler.java:processPipelineAction(89)) - Received pipeline action CLOSE for Pipeline-aabd30cf-05b8-4e3b-b15e-1aa5f909702d from datanode e05592a5-d00f-4fc1-9e39-a968c1ecb04e(localhost/127.0.0.1). Reason : Ratis Transaction failure in datanode e05592a5-d00f-4fc1-9e39-a968c1ecb04e with role FOLLOWER .Triggering pipeline close action.
2025-10-20 19:51:47,129 | INFO  | SCMAudit | user=runner | ip=127.0.0.1 | op=SEND_HEARTBEAT {"datanodeUUID":"e05592a5-d00f-4fc1-9e39-a968c1ecb04e","term":"2","command":"[commandType: closeContainerCommand closeContainerCommandProto { containerID: 14 pipelineID { id: \"0b8c5e6b-69eb-484b-887e-939de61e1e74\" uuid128 { mostSigBits: 832143846588237899 leastSigBits: -8611283131105927564 } } cmdId: 14 force: false } term: 2 encodedToken: \"\" deadlineMsSinceEpoch: 0]"} | ret=SUCCESS |  
2025-10-20 19:51:47,130 [EventQueue-PipelineActionsForPipelineActionHandler] INFO  pipeline.PipelineActionHandler (PipelineActionHandler.java:processPipelineAction(89)) - Received pipeline action CLOSE for Pipeline-0b8c5e6b-69eb-484b-887e-939de61e1e74 from datanode 361055de-215b-4c6c-94c2-be1c1da118d1(localhost/127.0.0.1). Reason : Ratis Transaction failure in datanode 361055de-215b-4c6c-94c2-be1c1da118d1 with role LEADER .Triggering pipeline close action.
2025-10-20 19:51:47,131 [EventQueue-PipelineActionsForPipelineActionHandler] INFO  pipeline.PipelineActionHandler (PipelineActionHandler.java:processPipelineAction(89)) - Received pipeline action CLOSE for Pipeline-aabd30cf-05b8-4e3b-b15e-1aa5f909702d from datanode 361055de-215b-4c6c-94c2-be1c1da118d1(localhost/127.0.0.1). Reason : Ratis Transaction failure in datanode 361055de-215b-4c6c-94c2-be1c1da118d1 with role FOLLOWER .Triggering pipeline close action.
2025-10-20 19:51:47,131 [EventQueue-PipelineActionsForPipelineActionHandler] INFO  pipeline.PipelineActionHandler (PipelineActionHandler.java:processPipelineAction(89)) - Received pipeline action CLOSE for Pipeline-0b8c5e6b-69eb-484b-887e-939de61e1e74 from datanode ef67b0a7-5b27-496d-9f38-ab804a28e500(localhost/127.0.0.1). Reason : Ratis Transaction failure in datanode ef67b0a7-5b27-496d-9f38-ab804a28e500 with role FOLLOWER .Triggering pipeline close action.
2025-10-20 19:51:47,131 [EventQueue-PipelineActionsForPipelineActionHandler] INFO  pipeline.PipelineActionHandler (PipelineActionHandler.java:processPipelineAction(89)) - Received pipeline action CLOSE for Pipeline-aabd30cf-05b8-4e3b-b15e-1aa5f909702d from datanode ef67b0a7-5b27-496d-9f38-ab804a28e500(localhost/127.0.0.1). Reason : Ratis Transaction failure in datanode ef67b0a7-5b27-496d-9f38-ab804a28e500 with role LEADER .Triggering pipeline close action.
2025-10-20 19:51:47,131 | INFO  | SCMAudit | user=runner | ip=127.0.0.1 | op=SEND_HEARTBEAT {"datanodeUUID":"ef67b0a7-5b27-496d-9f38-ab804a28e500","term":"2","command":"[commandType: closeContainerCommand closeContainerCommandProto { containerID: 14 pipelineID { id: \"0b8c5e6b-69eb-484b-887e-939de61e1e74\" uuid128 { mostSigBits: 832143846588237899 leastSigBits: -8611283131105927564 } } cmdId: 14 force: false } term: 2 encodedToken: \"\" deadlineMsSinceEpoch: 0, commandType: closeContainerCommand closeContainerCommandProto { containerID: 16 pipelineID { id: \"aabd30cf-05b8-4e3b-b15e-1aa5f909702d\" uuid128 { mostSigBits: -6143700650951160261 leastSigBits: -5666061981035433939 } } cmdId: 16 force: false } term: 2 encodedToken: \"\" deadlineMsSinceEpoch: 0]"} | ret=SUCCESS |  
2025-10-20 19:51:47,130 | INFO  | SCMAudit | user=runner | ip=127.0.0.1 | op=SEND_HEARTBEAT {"datanodeUUID":"361055de-215b-4c6c-94c2-be1c1da118d1","term":"2","command":"[commandType: closeContainerCommand closeContainerCommandProto { containerID: 14 pipelineID { id: \"0b8c5e6b-69eb-484b-887e-939de61e1e74\" uuid128 { mostSigBits: 832143846588237899 leastSigBits: -8611283131105927564 } } cmdId: 14 force: false } term: 2 encodedToken: \"\" deadlineMsSinceEpoch: 0]"} | ret=SUCCESS |  
2025-10-20 19:51:47,133 | INFO  | OMAudit | user=runner | ip=127.0.0.1 | op=COMMIT_KEY {"volume":"95ef41e3-ddbc-49cd-bbfb-2a14725ba653","bucket":"48fa455e-102c-45e4-b2ab-48b5ec8381c6","key":"712a9879-9d07-4b68-b1e9-81c8a3829ec2","dataSize":"12","replicationType":"RATIS","replicationFactor":"ONE","Transaction":"1785"} | ret=SUCCESS |  
2025-10-20 19:51:47,136 | INFO  | OMAudit | user=runner | ip=127.0.0.1 | op=READ_KEY {"volume":"95ef41e3-ddbc-49cd-bbfb-2a14725ba653","bucket":"48fa455e-102c-45e4-b2ab-48b5ec8381c6","key":"712a9879-9d07-4b68-b1e9-81c8a3829ec2","owner":null,"dataSize":"0","replicationConfig":null} | ret=SUCCESS |  
2025-10-20 19:51:47,138 | INFO  | OMAudit | user=runner | ip=127.0.0.1 | op=READ_KEY {"volume":"95ef41e3-ddbc-49cd-bbfb-2a14725ba653","bucket":"48fa455e-102c-45e4-b2ab-48b5ec8381c6","key":"712a9879-9d07-4b68-b1e9-81c8a3829ec2","owner":null,"dataSize":"0","replicationConfig":null} | ret=SUCCESS |  
2025-10-20 19:51:47,143 | INFO  | SCMAudit | user=runner | ip=127.0.0.1 | op=GET_CONTAINER_WITH_PIPELINE_BATCH {"containerIDs":"#2,"} | ret=SUCCESS |  
2025-10-20 19:51:47,144 | INFO  | OMAudit | user=null | ip= | op=READ_KEY {"volume":"95ef41e3-ddbc-49cd-bbfb-2a14725ba653","bucket":"48fa455e-102c-45e4-b2ab-48b5ec8381c6","key":"712a9879-9d07-4b68-b1e9-81c8a3829ec2","owner":null,"dataSize":"0","replicationConfig":null} | ret=SUCCESS |  
2025-10-20 19:51:47,144 | INFO  | SCMAudit | user=runner | ip=127.0.0.1 | op=GET_CONTAINER {"containerID":"2"} | ret=SUCCESS |  
2025-10-20 19:51:47,146 | INFO  | OMAudit | user=runner | ip=127.0.0.1 | op=READ_BUCKET {"volume":"95ef41e3-ddbc-49cd-bbfb-2a14725ba653","bucket":"48fa455e-102c-45e4-b2ab-48b5ec8381c6"} | ret=SUCCESS |  
2025-10-20 19:51:47,147 | INFO  | SCMAudit | user=runner | ip=127.0.0.1 | op=ALLOCATE_BLOCK {"replication":"RATIS/ONE","owner":"omServiceIdDefault","size":"4194304","sampleBlocks":"[conID: 7 locID: 115816896921600508]","num":"1","client":"","allocated":"1"} | ret=SUCCESS |  
2025-10-20 19:51:47,151 | INFO  | OMAudit | user=runner | ip=127.0.0.1 | op=ALLOCATE_KEY {"volume":"95ef41e3-ddbc-49cd-bbfb-2a14725ba653","bucket":"48fa455e-102c-45e4-b2ab-48b5ec8381c6","key":"327e584e-a84c-42ea-9e74-fc183df55819","dataSize":"12","replicationType":"RATIS","replicationFactor":"ONE","Transaction":"1786"} | ret=SUCCESS |  
2025-10-20 19:51:47,159 | INFO  | OMAudit | user=runner | ip=127.0.0.1 | op=COMMIT_KEY {"volume":"95ef41e3-ddbc-49cd-bbfb-2a14725ba653","bucket":"48fa455e-102c-45e4-b2ab-48b5ec8381c6","key":"327e584e-a84c-42ea-9e74-fc183df55819","dataSize":"12","replicationType":"RATIS","replicationFactor":"ONE","Transaction":"1787"} | ret=SUCCESS |  
2025-10-20 19:51:47,162 | INFO  | OMAudit | user=runner | ip=127.0.0.1 | op=READ_KEY {"volume":"95ef41e3-ddbc-49cd-bbfb-2a14725ba653","bucket":"48fa455e-102c-45e4-b2ab-48b5ec8381c6","key":"327e584e-a84c-42ea-9e74-fc183df55819","owner":null,"dataSize":"0","replicationConfig":null} | ret=SUCCESS |  
2025-10-20 19:51:47,163 | INFO  | OMAudit | user=runner | ip=127.0.0.1 | op=READ_KEY {"volume":"95ef41e3-ddbc-49cd-bbfb-2a14725ba653","bucket":"48fa455e-102c-45e4-b2ab-48b5ec8381c6","key":"327e584e-a84c-42ea-9e74-fc183df55819","owner":null,"dataSize":"0","replicationConfig":null} | ret=SUCCESS |  
2025-10-20 19:51:47,168 | INFO  | SCMAudit | user=runner | ip=127.0.0.1 | op=GET_CONTAINER_WITH_PIPELINE_BATCH {"containerIDs":"#7,"} | ret=SUCCESS |  
2025-10-20 19:51:47,169 | INFO  | OMAudit | user=null | ip= | op=READ_KEY {"volume":"95ef41e3-ddbc-49cd-bbfb-2a14725ba653","bucket":"48fa455e-102c-45e4-b2ab-48b5ec8381c6","key":"327e584e-a84c-42ea-9e74-fc183df55819","owner":null,"dataSize":"0","replicationConfig":null} | ret=SUCCESS |  
2025-10-20 19:51:47,170 | INFO  | SCMAudit | user=runner | ip=127.0.0.1 | op=GET_CONTAINER {"containerID":"7"} | ret=SUCCESS |  
2025-10-20 19:51:47,171 | INFO  | OMAudit | user=runner | ip=127.0.0.1 | op=READ_BUCKET {"volume":"95ef41e3-ddbc-49cd-bbfb-2a14725ba653","bucket":"48fa455e-102c-45e4-b2ab-48b5ec8381c6"} | ret=SUCCESS |  
2025-10-20 19:51:47,171 | INFO  | SCMAudit | user=runner | ip=127.0.0.1 | op=ALLOCATE_BLOCK {"replication":"RATIS/ONE","owner":"omServiceIdDefault","size":"4194304","sampleBlocks":"[conID: 3 locID: 115816896921600509]","num":"1","client":"","allocated":"1"} | ret=SUCCESS |  
2025-10-20 19:51:47,173 | INFO  | OMAudit | user=runner | ip=127.0.0.1 | op=ALLOCATE_KEY {"volume":"95ef41e3-ddbc-49cd-bbfb-2a14725ba653","bucket":"48fa455e-102c-45e4-b2ab-48b5ec8381c6","key":"00b27129-8359-4e44-b0d8-6eee486356ce","dataSize":"12","replicationType":"RATIS","replicationFactor":"ONE","Transaction":"1788"} | ret=SUCCESS |  
2025-10-20 19:51:47,179 | INFO  | SCMAudit | user=runner | ip=127.0.0.1 | op=SEND_HEARTBEAT {"datanodeUUID":"7bb0e7f0-2b36-4ec0-8a09-ceac75d91a36","term":"2","command":"[]"} | ret=SUCCESS |  
2025-10-20 19:51:47,180 | INFO  | OMAudit | user=runner | ip=127.0.0.1 | op=COMMIT_KEY {"volume":"95ef41e3-ddbc-49cd-bbfb-2a14725ba653","bucket":"48fa455e-102c-45e4-b2ab-48b5ec8381c6","key":"00b27129-8359-4e44-b0d8-6eee486356ce","dataSize":"12","replicationType":"RATIS","replicationFactor":"ONE","Transaction":"1789"} | ret=SUCCESS |  
2025-10-20 19:51:47,182 | INFO  | OMAudit | user=runner | ip=127.0.0.1 | op=READ_KEY {"volume":"95ef41e3-ddbc-49cd-bbfb-2a14725ba653","bucket":"48fa455e-102c-45e4-b2ab-48b5ec8381c6","key":"00b27129-8359-4e44-b0d8-6eee486356ce","owner":null,"dataSize":"0","replicationConfig":null} | ret=SUCCESS |  
2025-10-20 19:51:47,184 | INFO  | OMAudit | user=runner | ip=127.0.0.1 | op=READ_KEY {"volume":"95ef41e3-ddbc-49cd-bbfb-2a14725ba653","bucket":"48fa455e-102c-45e4-b2ab-48b5ec8381c6","key":"00b27129-8359-4e44-b0d8-6eee486356ce","owner":null,"dataSize":"0","replicationConfig":null} | ret=SUCCESS |  
2025-10-20 19:51:47,189 | INFO  | SCMAudit | user=runner | ip=127.0.0.1 | op=GET_CONTAINER_WITH_PIPELINE_BATCH {"containerIDs":"#3,"} | ret=SUCCESS |  
2025-10-20 19:51:47,190 | INFO  | OMAudit | user=null | ip= | op=READ_KEY {"volume":"95ef41e3-ddbc-49cd-bbfb-2a14725ba653","bucket":"48fa455e-102c-45e4-b2ab-48b5ec8381c6","key":"00b27129-8359-4e44-b0d8-6eee486356ce","owner":null,"dataSize":"0","replicationConfig":null} | ret=SUCCESS |  
2025-10-20 19:51:47,191 | INFO  | SCMAudit | user=runner | ip=127.0.0.1 | op=GET_CONTAINER {"containerID":"3"} | ret=SUCCESS |  
2025-10-20 19:51:47,192 | INFO  | OMAudit | user=runner | ip=127.0.0.1 | op=READ_BUCKET {"volume":"95ef41e3-ddbc-49cd-bbfb-2a14725ba653","bucket":"48fa455e-102c-45e4-b2ab-48b5ec8381c6"} | ret=SUCCESS |  
2025-10-20 19:51:47,193 | INFO  | SCMAudit | user=runner | ip=127.0.0.1 | op=ALLOCATE_BLOCK {"replication":"RATIS/ONE","owner":"omServiceIdDefault","size":"4194304","sampleBlocks":"[conID: 7 locID: 115816896921600510]","num":"1","client":"","allocated":"1"} | ret=SUCCESS |  
2025-10-20 19:51:47,195 | INFO  | OMAudit | user=runner | ip=127.0.0.1 | op=ALLOCATE_KEY {"volume":"95ef41e3-ddbc-49cd-bbfb-2a14725ba653","bucket":"48fa455e-102c-45e4-b2ab-48b5ec8381c6","key":"9a169877-1ad0-4c1f-98e9-e54560645b2a","dataSize":"12","replicationType":"RATIS","replicationFactor":"ONE","Transaction":"1790"} | ret=SUCCESS |  
2025-10-20 19:51:47,202 | INFO  | OMAudit | user=runner | ip=127.0.0.1 | op=COMMIT_KEY {"volume":"95ef41e3-ddbc-49cd-bbfb-2a14725ba653","bucket":"48fa455e-102c-45e4-b2ab-48b5ec8381c6","key":"9a169877-1ad0-4c1f-98e9-e54560645b2a","dataSize":"12","replicationType":"RATIS","replicationFactor":"ONE","Transaction":"1791"} | ret=SUCCESS |  
2025-10-20 19:51:47,204 | INFO  | OMAudit | user=runner | ip=127.0.0.1 | op=READ_KEY {"volume":"95ef41e3-ddbc-49cd-bbfb-2a14725ba653","bucket":"48fa455e-102c-45e4-b2ab-48b5ec8381c6","key":"9a169877-1ad0-4c1f-98e9-e54560645b2a","owner":null,"dataSize":"0","replicationConfig":null} | ret=SUCCESS |  
2025-10-20 19:51:47,205 | INFO  | OMAudit | user=runner | ip=127.0.0.1 | op=READ_KEY {"volume":"95ef41e3-ddbc-49cd-bbfb-2a14725ba653","bucket":"48fa455e-102c-45e4-b2ab-48b5ec8381c6","key":"9a169877-1ad0-4c1f-98e9-e54560645b2a","owner":null,"dataSize":"0","replicationConfig":null} | ret=SUCCESS |  
2025-10-20 19:51:47,216 | INFO  | SCMAudit | user=runner | ip=127.0.0.1 | op=GET_CONTAINER_WITH_PIPELINE_BATCH {"containerIDs":"#7,"} | ret=SUCCESS |  
2025-10-20 19:51:47,217 | INFO  | OMAudit | user=null | ip= | op=READ_KEY {"volume":"95ef41e3-ddbc-49cd-bbfb-2a14725ba653","bucket":"48fa455e-102c-45e4-b2ab-48b5ec8381c6","key":"9a169877-1ad0-4c1f-98e9-e54560645b2a","owner":null,"dataSize":"0","replicationConfig":null} | ret=SUCCESS |  
2025-10-20 19:51:47,218 | INFO  | SCMAudit | user=runner | ip=127.0.0.1 | op=GET_CONTAINER {"containerID":"7"} | ret=SUCCESS |  
2025-10-20 19:51:47,219 | INFO  | OMAudit | user=runner | ip=127.0.0.1 | op=READ_BUCKET {"volume":"95ef41e3-ddbc-49cd-bbfb-2a14725ba653","bucket":"48fa455e-102c-45e4-b2ab-48b5ec8381c6"} | ret=SUCCESS |  
2025-10-20 19:51:47,220 | INFO  | SCMAudit | user=runner | ip=127.0.0.1 | op=ALLOCATE_BLOCK {"replication":"RATIS/ONE","owner":"omServiceIdDefault","size":"4194304","sampleBlocks":"[conID: 7 locID: 115816896921600511]","num":"1","client":"","allocated":"1"} | ret=SUCCESS |  
2025-10-20 19:51:47,222 | INFO  | OMAudit | user=runner | ip=127.0.0.1 | op=ALLOCATE_KEY {"volume":"95ef41e3-ddbc-49cd-bbfb-2a14725ba653","bucket":"48fa455e-102c-45e4-b2ab-48b5ec8381c6","key":"3b43b3c1-3249-47df-907b-036ec17ae07e","dataSize":"12","replicationType":"RATIS","replicationFactor":"ONE","Transaction":"1792"} | ret=SUCCESS |  
2025-10-20 19:51:47,231 | INFO  | OMAudit | user=runner | ip=127.0.0.1 | op=COMMIT_KEY {"volume":"95ef41e3-ddbc-49cd-bbfb-2a14725ba653","bucket":"48fa455e-102c-45e4-b2ab-48b5ec8381c6","key":"3b43b3c1-3249-47df-907b-036ec17ae07e","dataSize":"12","replicationType":"RATIS","replicationFactor":"ONE","Transaction":"1793"} | ret=SUCCESS |  
2025-10-20 19:51:47,234 | INFO  | OMAudit | user=runner | ip=127.0.0.1 | op=READ_KEY {"volume":"95ef41e3-ddbc-49cd-bbfb-2a14725ba653","bucket":"48fa455e-102c-45e4-b2ab-48b5ec8381c6","key":"3b43b3c1-3249-47df-907b-036ec17ae07e","owner":null,"dataSize":"0","replicationConfig":null} | ret=SUCCESS |  
2025-10-20 19:51:47,236 | INFO  | OMAudit | user=runner | ip=127.0.0.1 | op=READ_KEY {"volume":"95ef41e3-ddbc-49cd-bbfb-2a14725ba653","bucket":"48fa455e-102c-45e4-b2ab-48b5ec8381c6","key":"3b43b3c1-3249-47df-907b-036ec17ae07e","owner":null,"dataSize":"0","replicationConfig":null} | ret=SUCCESS |  
2025-10-20 19:51:47,242 | INFO  | SCMAudit | user=runner | ip=127.0.0.1 | op=GET_CONTAINER_WITH_PIPELINE_BATCH {"containerIDs":"#7,"} | ret=SUCCESS |  
2025-10-20 19:51:47,243 | INFO  | OMAudit | user=null | ip= | op=READ_KEY {"volume":"95ef41e3-ddbc-49cd-bbfb-2a14725ba653","bucket":"48fa455e-102c-45e4-b2ab-48b5ec8381c6","key":"3b43b3c1-3249-47df-907b-036ec17ae07e","owner":null,"dataSize":"0","replicationConfig":null} | ret=SUCCESS |  
2025-10-20 19:51:47,244 | INFO  | SCMAudit | user=runner | ip=127.0.0.1 | op=GET_CONTAINER {"containerID":"7"} | ret=SUCCESS |  
]]></system-out>
  </testcase>
  <testcase name="testPutKeyWithReplicationConfig(String, boolean)[1]" classname="org.apache.hadoop.ozone.client.rpc.TestSecureOzoneRpcClient" time="0.009">
    <system-out><![CDATA[2025-10-20 19:51:47,250 [ForkJoinPool-1-worker-1] INFO  rpc.RpcClient (RpcClient.java:createVolume(461)) - Creating Volume: 6cc13b69-8779-4f2c-8752-f989b9b5a042, with runner as owner and space quota set to -1 bytes, counts quota set to -1
2025-10-20 19:51:47,252 [om1-OMStateMachineApplyTransactionThread - 0] INFO  volume.OMVolumeCreateRequest (OMVolumeCreateRequest.java:validateAndUpdateCache(213)) - created volume:6cc13b69-8779-4f2c-8752-f989b9b5a042 for user:runner
2025-10-20 19:51:47,253 | INFO  | OMAudit | user=runner | ip=127.0.0.1 | op=CREATE_VOLUME {"admin":"runner","owner":"runner","volume":"6cc13b69-8779-4f2c-8752-f989b9b5a042","creationTime":"1760989907251","modificationTime":"1760989907251","quotaInBytes":"-1","quotaInNamespace":"-1","usedNamespace":"0","objectID":"-9223372036854316544","updateID":"1794","Transaction":"1794"} | ret=SUCCESS |  
2025-10-20 19:51:47,254 | INFO  | OMAudit | user=runner | ip=127.0.0.1 | op=READ_VOLUME {"volume":"6cc13b69-8779-4f2c-8752-f989b9b5a042"} | ret=SUCCESS |  
2025-10-20 19:51:47,254 [ForkJoinPool-1-worker-1] INFO  rpc.RpcClient (RpcClient.java:createBucket(686)) - Creating Bucket: 6cc13b69-8779-4f2c-8752-f989b9b5a042/24f670c4-0175-41f7-8b3c-1018e2327371, with server-side default bucket layout, runner as owner, Versioning false, Storage Type set to DISK and Encryption set to false, Replication Type set to server-side default replication type, Namespace Quota set to -1, Space Quota set to -1 
2025-10-20 19:51:47,256 [om1-OMStateMachineApplyTransactionThread - 0] INFO  bucket.OMBucketCreateRequest (OMBucketCreateRequest.java:validateAndUpdateCache(303)) - created bucket: 24f670c4-0175-41f7-8b3c-1018e2327371 of layout FILE_SYSTEM_OPTIMIZED in volume: 6cc13b69-8779-4f2c-8752-f989b9b5a042
2025-10-20 19:51:47,256 | INFO  | OMAudit | user=runner | ip=127.0.0.1 | op=CREATE_BUCKET {"volume":"6cc13b69-8779-4f2c-8752-f989b9b5a042","bucket":"24f670c4-0175-41f7-8b3c-1018e2327371","bucketLayout":"FILE_SYSTEM_OPTIMIZED","gdprEnabled":null,"acls":"[user:runner:a[ACCESS], group:runner:rl[ACCESS]]","isVersionEnabled":"false","storageType":"DISK","creationTime":"1760989907255","bucketEncryptionKey":null,"modificationTime":"1760989907255","usedBytes":"0","usedNamespace":"0","snapshotUsedBytes":"0","snapshotUsedNamespace":"0","owner":"runner","replicationType":null,"replicationConfig":null,"quotaInBytes":"-1","quotaInNamespace":"-1","Transaction":"1795"} | ret=SUCCESS |  
2025-10-20 19:51:47,257 | INFO  | OMAudit | user=runner | ip=127.0.0.1 | op=READ_BUCKET {"volume":"6cc13b69-8779-4f2c-8752-f989b9b5a042","bucket":"24f670c4-0175-41f7-8b3c-1018e2327371"} | ret=SUCCESS |  
]]></system-out>
  </testcase>
  <testcase name="testPutKeyWithReplicationConfig(String, boolean)[2]" classname="org.apache.hadoop.ozone.client.rpc.TestSecureOzoneRpcClient" time="0.006">
    <system-out><![CDATA[2025-10-20 19:51:47,259 [ForkJoinPool-1-worker-1] INFO  rpc.RpcClient (RpcClient.java:createVolume(461)) - Creating Volume: a41ffa05-592a-42e9-8e6e-2ef932606167, with runner as owner and space quota set to -1 bytes, counts quota set to -1
2025-10-20 19:51:47,261 [om1-OMStateMachineApplyTransactionThread - 0] INFO  volume.OMVolumeCreateRequest (OMVolumeCreateRequest.java:validateAndUpdateCache(213)) - created volume:a41ffa05-592a-42e9-8e6e-2ef932606167 for user:runner
2025-10-20 19:51:47,261 | INFO  | OMAudit | user=runner | ip=127.0.0.1 | op=CREATE_VOLUME {"admin":"runner","owner":"runner","volume":"a41ffa05-592a-42e9-8e6e-2ef932606167","creationTime":"1760989907260","modificationTime":"1760989907260","quotaInBytes":"-1","quotaInNamespace":"-1","usedNamespace":"0","objectID":"-9223372036854316032","updateID":"1796","Transaction":"1796"} | ret=SUCCESS |  
2025-10-20 19:51:47,262 | INFO  | OMAudit | user=runner | ip=127.0.0.1 | op=READ_VOLUME {"volume":"a41ffa05-592a-42e9-8e6e-2ef932606167"} | ret=SUCCESS |  
2025-10-20 19:51:47,262 [ForkJoinPool-1-worker-1] INFO  rpc.RpcClient (RpcClient.java:createBucket(686)) - Creating Bucket: a41ffa05-592a-42e9-8e6e-2ef932606167/188be4f7-cc36-479f-890f-c13ff54949dc, with server-side default bucket layout, runner as owner, Versioning false, Storage Type set to DISK and Encryption set to false, Replication Type set to server-side default replication type, Namespace Quota set to -1, Space Quota set to -1 
2025-10-20 19:51:47,264 [om1-OMStateMachineApplyTransactionThread - 0] INFO  bucket.OMBucketCreateRequest (OMBucketCreateRequest.java:validateAndUpdateCache(303)) - created bucket: 188be4f7-cc36-479f-890f-c13ff54949dc of layout FILE_SYSTEM_OPTIMIZED in volume: a41ffa05-592a-42e9-8e6e-2ef932606167
2025-10-20 19:51:47,264 | INFO  | OMAudit | user=runner | ip=127.0.0.1 | op=CREATE_BUCKET {"volume":"a41ffa05-592a-42e9-8e6e-2ef932606167","bucket":"188be4f7-cc36-479f-890f-c13ff54949dc","bucketLayout":"FILE_SYSTEM_OPTIMIZED","gdprEnabled":null,"acls":"[user:runner:a[ACCESS], group:runner:rl[ACCESS]]","isVersionEnabled":"false","storageType":"DISK","creationTime":"1760989907263","bucketEncryptionKey":null,"modificationTime":"1760989907263","usedBytes":"0","usedNamespace":"0","snapshotUsedBytes":"0","snapshotUsedNamespace":"0","owner":"runner","replicationType":null,"replicationConfig":null,"quotaInBytes":"-1","quotaInNamespace":"-1","Transaction":"1797"} | ret=SUCCESS |  
2025-10-20 19:51:47,265 | INFO  | OMAudit | user=runner | ip=127.0.0.1 | op=READ_BUCKET {"volume":"a41ffa05-592a-42e9-8e6e-2ef932606167","bucket":"188be4f7-cc36-479f-890f-c13ff54949dc"} | ret=SUCCESS |  
]]></system-out>
  </testcase>
  <testcase name="testPutKeyWithReplicationConfig(String, boolean)[3]" classname="org.apache.hadoop.ozone.client.rpc.TestSecureOzoneRpcClient" time="0.027">
    <system-out><![CDATA[2025-10-20 19:51:47,267 [ForkJoinPool-1-worker-1] INFO  rpc.RpcClient (RpcClient.java:createVolume(461)) - Creating Volume: ac55e165-e3cf-418f-8f12-af77f29593f0, with runner as owner and space quota set to -1 bytes, counts quota set to -1
2025-10-20 19:51:47,268 [om1-OMStateMachineApplyTransactionThread - 0] INFO  volume.OMVolumeCreateRequest (OMVolumeCreateRequest.java:validateAndUpdateCache(213)) - created volume:ac55e165-e3cf-418f-8f12-af77f29593f0 for user:runner
2025-10-20 19:51:47,268 | INFO  | OMAudit | user=runner | ip=127.0.0.1 | op=CREATE_VOLUME {"admin":"runner","owner":"runner","volume":"ac55e165-e3cf-418f-8f12-af77f29593f0","creationTime":"1760989907267","modificationTime":"1760989907267","quotaInBytes":"-1","quotaInNamespace":"-1","usedNamespace":"0","objectID":"-9223372036854315520","updateID":"1798","Transaction":"1798"} | ret=SUCCESS |  
2025-10-20 19:51:47,269 | INFO  | OMAudit | user=runner | ip=127.0.0.1 | op=READ_VOLUME {"volume":"ac55e165-e3cf-418f-8f12-af77f29593f0"} | ret=SUCCESS |  
2025-10-20 19:51:47,269 [ForkJoinPool-1-worker-1] INFO  rpc.RpcClient (RpcClient.java:createBucket(686)) - Creating Bucket: ac55e165-e3cf-418f-8f12-af77f29593f0/2f372069-0cf6-4f4c-b205-3916dee914f8, with server-side default bucket layout, runner as owner, Versioning false, Storage Type set to DISK and Encryption set to false, Replication Type set to server-side default replication type, Namespace Quota set to -1, Space Quota set to -1 
2025-10-20 19:51:47,271 [om1-OMStateMachineApplyTransactionThread - 0] INFO  bucket.OMBucketCreateRequest (OMBucketCreateRequest.java:validateAndUpdateCache(303)) - created bucket: 2f372069-0cf6-4f4c-b205-3916dee914f8 of layout FILE_SYSTEM_OPTIMIZED in volume: ac55e165-e3cf-418f-8f12-af77f29593f0
2025-10-20 19:51:47,271 | INFO  | OMAudit | user=runner | ip=127.0.0.1 | op=CREATE_BUCKET {"volume":"ac55e165-e3cf-418f-8f12-af77f29593f0","bucket":"2f372069-0cf6-4f4c-b205-3916dee914f8","bucketLayout":"FILE_SYSTEM_OPTIMIZED","gdprEnabled":null,"acls":"[user:runner:a[ACCESS], group:runner:rl[ACCESS]]","isVersionEnabled":"false","storageType":"DISK","creationTime":"1760989907270","bucketEncryptionKey":null,"modificationTime":"1760989907270","usedBytes":"0","usedNamespace":"0","snapshotUsedBytes":"0","snapshotUsedNamespace":"0","owner":"runner","replicationType":null,"replicationConfig":null,"quotaInBytes":"-1","quotaInNamespace":"-1","Transaction":"1799"} | ret=SUCCESS |  
2025-10-20 19:51:47,271 | INFO  | OMAudit | user=runner | ip=127.0.0.1 | op=READ_BUCKET {"volume":"ac55e165-e3cf-418f-8f12-af77f29593f0","bucket":"2f372069-0cf6-4f4c-b205-3916dee914f8"} | ret=SUCCESS |  
2025-10-20 19:51:47,272 | INFO  | OMAudit | user=runner | ip=127.0.0.1 | op=READ_BUCKET {"volume":"ac55e165-e3cf-418f-8f12-af77f29593f0","bucket":"2f372069-0cf6-4f4c-b205-3916dee914f8"} | ret=SUCCESS |  
2025-10-20 19:51:47,273 | INFO  | SCMAudit | user=runner | ip=127.0.0.1 | op=ALLOCATE_BLOCK {"replication":"EC{rs-3-2-1024k}","owner":"omServiceIdDefault","size":"4194304","sampleBlocks":"[conID: 25 locID: 115816896921600512]","num":"1","client":"","allocated":"1"} | ret=SUCCESS |  
2025-10-20 19:51:47,275 | INFO  | OMAudit | user=runner | ip=127.0.0.1 | op=ALLOCATE_KEY {"volume":"ac55e165-e3cf-418f-8f12-af77f29593f0","bucket":"2f372069-0cf6-4f4c-b205-3916dee914f8","key":"b5e3483c-0d60-4cf2-9999-ebd55baf101a","dataSize":"36","replicationType":"EC","replicationConfig":"rs-3-2-1048576","Transaction":"1800"} | ret=SUCCESS |  
2025-10-20 19:51:47,285 | INFO  | OMAudit | user=runner | ip=127.0.0.1 | op=COMMIT_KEY {"volume":"ac55e165-e3cf-418f-8f12-af77f29593f0","bucket":"2f372069-0cf6-4f4c-b205-3916dee914f8","key":"b5e3483c-0d60-4cf2-9999-ebd55baf101a","dataSize":"36","replicationType":"EC","replicationConfig":"rs-3-2-1048576","Transaction":"1801"} | ret=SUCCESS |  
2025-10-20 19:51:47,287 | INFO  | OMAudit | user=runner | ip=127.0.0.1 | op=READ_KEY {"volume":"ac55e165-e3cf-418f-8f12-af77f29593f0","bucket":"2f372069-0cf6-4f4c-b205-3916dee914f8","key":"b5e3483c-0d60-4cf2-9999-ebd55baf101a","owner":null,"dataSize":"0","replicationConfig":null} | ret=SUCCESS |  
2025-10-20 19:51:47,289 | INFO  | OMAudit | user=runner | ip=127.0.0.1 | op=READ_KEY {"volume":"ac55e165-e3cf-418f-8f12-af77f29593f0","bucket":"2f372069-0cf6-4f4c-b205-3916dee914f8","key":"b5e3483c-0d60-4cf2-9999-ebd55baf101a","owner":null,"dataSize":"0","replicationConfig":null} | ret=SUCCESS |  
]]></system-out>
  </testcase>
  <testcase name="testPutKeyWithReplicationConfig(String, boolean)[4]" classname="org.apache.hadoop.ozone.client.rpc.TestSecureOzoneRpcClient" time="0.073">
    <system-out><![CDATA[2025-10-20 19:51:47,295 [ForkJoinPool-1-worker-1] INFO  rpc.RpcClient (RpcClient.java:createVolume(461)) - Creating Volume: d43a62b2-5562-4b12-bfa2-c7cee75f56d7, with runner as owner and space quota set to -1 bytes, counts quota set to -1
2025-10-20 19:51:47,297 [om1-OMStateMachineApplyTransactionThread - 0] INFO  volume.OMVolumeCreateRequest (OMVolumeCreateRequest.java:validateAndUpdateCache(213)) - created volume:d43a62b2-5562-4b12-bfa2-c7cee75f56d7 for user:runner
2025-10-20 19:51:47,298 | INFO  | OMAudit | user=runner | ip=127.0.0.1 | op=CREATE_VOLUME {"admin":"runner","owner":"runner","volume":"d43a62b2-5562-4b12-bfa2-c7cee75f56d7","creationTime":"1760989907296","modificationTime":"1760989907296","quotaInBytes":"-1","quotaInNamespace":"-1","usedNamespace":"0","objectID":"-9223372036854314496","updateID":"1802","Transaction":"1802"} | ret=SUCCESS |  
2025-10-20 19:51:47,299 | INFO  | OMAudit | user=runner | ip=127.0.0.1 | op=READ_VOLUME {"volume":"d43a62b2-5562-4b12-bfa2-c7cee75f56d7"} | ret=SUCCESS |  
2025-10-20 19:51:47,300 [ForkJoinPool-1-worker-1] INFO  rpc.RpcClient (RpcClient.java:createBucket(686)) - Creating Bucket: d43a62b2-5562-4b12-bfa2-c7cee75f56d7/ed8d1583-08c4-4d19-8189-19e2909e8076, with server-side default bucket layout, runner as owner, Versioning false, Storage Type set to DISK and Encryption set to false, Replication Type set to server-side default replication type, Namespace Quota set to -1, Space Quota set to -1 
2025-10-20 19:51:47,302 [om1-OMStateMachineApplyTransactionThread - 0] INFO  bucket.OMBucketCreateRequest (OMBucketCreateRequest.java:validateAndUpdateCache(303)) - created bucket: ed8d1583-08c4-4d19-8189-19e2909e8076 of layout FILE_SYSTEM_OPTIMIZED in volume: d43a62b2-5562-4b12-bfa2-c7cee75f56d7
2025-10-20 19:51:47,302 | INFO  | OMAudit | user=runner | ip=127.0.0.1 | op=CREATE_BUCKET {"volume":"d43a62b2-5562-4b12-bfa2-c7cee75f56d7","bucket":"ed8d1583-08c4-4d19-8189-19e2909e8076","bucketLayout":"FILE_SYSTEM_OPTIMIZED","gdprEnabled":null,"acls":"[user:runner:a[ACCESS], group:runner:rl[ACCESS]]","isVersionEnabled":"false","storageType":"DISK","creationTime":"1760989907301","bucketEncryptionKey":null,"modificationTime":"1760989907301","usedBytes":"0","usedNamespace":"0","snapshotUsedBytes":"0","snapshotUsedNamespace":"0","owner":"runner","replicationType":null,"replicationConfig":null,"quotaInBytes":"-1","quotaInNamespace":"-1","Transaction":"1803"} | ret=SUCCESS |  
2025-10-20 19:51:47,303 | INFO  | OMAudit | user=runner | ip=127.0.0.1 | op=READ_BUCKET {"volume":"d43a62b2-5562-4b12-bfa2-c7cee75f56d7","bucket":"ed8d1583-08c4-4d19-8189-19e2909e8076"} | ret=SUCCESS |  
2025-10-20 19:51:47,304 | INFO  | OMAudit | user=runner | ip=127.0.0.1 | op=READ_BUCKET {"volume":"d43a62b2-5562-4b12-bfa2-c7cee75f56d7","bucket":"ed8d1583-08c4-4d19-8189-19e2909e8076"} | ret=SUCCESS |  
2025-10-20 19:51:47,306 [IPC Server handler 71 on default port 15001] INFO  algorithms.SCMContainerPlacementRackScatter (SCMContainerPlacementRackScatter.java:chooseDatanodesInternal(369)) - Chosen nodes: [e05592a5-d00f-4fc1-9e39-a968c1ecb04e(localhost/127.0.0.1), 38991c48-ffb3-4453-b758-77d6b4ebc62b(localhost/127.0.0.1), d7d8cf72-b9f6-4979-9c53-007dd6e6e48a(localhost/127.0.0.1), 605be85e-a7f4-44d7-8cfd-f53001b990b0(localhost/127.0.0.1), feb39a1c-80cb-4714-ab06-a361236e3029(localhost/127.0.0.1), b614738c-cdff-4f09-bf59-ed5bb75d51be(localhost/127.0.0.1), ef67b0a7-5b27-496d-9f38-ab804a28e500(localhost/127.0.0.1), 33f74daf-be7a-4306-b2af-53e409c4cb93(localhost/127.0.0.1), 7bb0e7f0-2b36-4ec0-8a09-ceac75d91a36(localhost/127.0.0.1)]. isPolicySatisfied: true.
2025-10-20 19:51:47,310 [IPC Server handler 71 on default port 15001] INFO  pipeline.WritableECContainerProvider (WritableECContainerProvider.java:allocateContainer(215)) - Created and opened new pipeline Pipeline{ Id: a97c60a3-9496-41af-a16e-6ee84d4fe9f6, Nodes: [ {e05592a5-d00f-4fc1-9e39-a968c1ecb04e(localhost/127.0.0.1), ReplicaIndex: 1}, {38991c48-ffb3-4453-b758-77d6b4ebc62b(localhost/127.0.0.1), ReplicaIndex: 2}, {d7d8cf72-b9f6-4979-9c53-007dd6e6e48a(localhost/127.0.0.1), ReplicaIndex: 3}, {605be85e-a7f4-44d7-8cfd-f53001b990b0(localhost/127.0.0.1), ReplicaIndex: 4}, {feb39a1c-80cb-4714-ab06-a361236e3029(localhost/127.0.0.1), ReplicaIndex: 5}, {b614738c-cdff-4f09-bf59-ed5bb75d51be(localhost/127.0.0.1), ReplicaIndex: 6}, {ef67b0a7-5b27-496d-9f38-ab804a28e500(localhost/127.0.0.1), ReplicaIndex: 7}, {33f74daf-be7a-4306-b2af-53e409c4cb93(localhost/127.0.0.1), ReplicaIndex: 8}, {7bb0e7f0-2b36-4ec0-8a09-ceac75d91a36(localhost/127.0.0.1), ReplicaIndex: 9},], ReplicationConfig: EC{rs-6-3-1024k}, State:ALLOCATED, leaderId:, CreationTimestamp2025-10-20T19:51:47.307017370Z[Etc/UTC]}
2025-10-20 19:51:47,310 | INFO  | SCMAudit | user=runner | ip=127.0.0.1 | op=ALLOCATE_BLOCK {"replication":"EC{rs-6-3-1024k}","owner":"omServiceIdDefault","size":"4194304","sampleBlocks":"[conID: 28 locID: 115816896921600513]","num":"1","client":"","allocated":"1"} | ret=SUCCESS |  
2025-10-20 19:51:47,312 | INFO  | OMAudit | user=runner | ip=127.0.0.1 | op=ALLOCATE_KEY {"volume":"d43a62b2-5562-4b12-bfa2-c7cee75f56d7","bucket":"ed8d1583-08c4-4d19-8189-19e2909e8076","key":"45309ccc-a27c-40d1-aa5c-31199f090513","dataSize":"36","replicationType":"EC","replicationConfig":"rs-6-3-1048576","Transaction":"1804"} | ret=SUCCESS |  
2025-10-20 19:51:47,329 | INFO  | ContainerLog | ID=28 | Index=8 | BCSID=0 | State=OPEN | Volume=/home/runner/work/ozone/ozone/hadoop-ozone/integration-test/target/test-dir/MiniOzoneClusterImpl-6935df51-69ff-4c35-8bd4-ed2b81d70e54/ozone-metadata/datanode-10/data-0/hdds | DataChecksum=0 |  
2025-10-20 19:51:47,330 | INFO  | ContainerLog | ID=28 | Index=7 | BCSID=0 | State=OPEN | Volume=/home/runner/work/ozone/ozone/hadoop-ozone/integration-test/target/test-dir/MiniOzoneClusterImpl-6935df51-69ff-4c35-8bd4-ed2b81d70e54/ozone-metadata/datanode-2/data-0/hdds | DataChecksum=0 |  
2025-10-20 19:51:47,330 | INFO  | SCMAudit | user=runner | ip=127.0.0.1 | op=SEND_HEARTBEAT {"datanodeUUID":"33f74daf-be7a-4306-b2af-53e409c4cb93","term":"2","command":"[]"} | ret=SUCCESS |  
2025-10-20 19:51:47,331 | INFO  | ContainerLog | ID=28 | Index=1 | BCSID=0 | State=OPEN | Volume=/home/runner/work/ozone/ozone/hadoop-ozone/integration-test/target/test-dir/MiniOzoneClusterImpl-6935df51-69ff-4c35-8bd4-ed2b81d70e54/ozone-metadata/datanode-1/data-0/hdds | DataChecksum=0 |  
2025-10-20 19:51:47,332 | INFO  | ContainerLog | ID=28 | Index=9 | BCSID=0 | State=OPEN | Volume=/home/runner/work/ozone/ozone/hadoop-ozone/integration-test/target/test-dir/MiniOzoneClusterImpl-6935df51-69ff-4c35-8bd4-ed2b81d70e54/ozone-metadata/datanode-8/data-0/hdds | DataChecksum=0 |  
2025-10-20 19:51:47,333 | INFO  | SCMAudit | user=runner | ip=127.0.0.1 | op=SEND_HEARTBEAT {"datanodeUUID":"ef67b0a7-5b27-496d-9f38-ab804a28e500","term":"2","command":"[]"} | ret=SUCCESS |  
2025-10-20 19:51:47,333 | INFO  | SCMAudit | user=runner | ip=127.0.0.1 | op=SEND_HEARTBEAT {"datanodeUUID":"e05592a5-d00f-4fc1-9e39-a968c1ecb04e","term":"2","command":"[commandType: closeContainerCommand closeContainerCommandProto { containerID: 16 pipelineID { id: \"aabd30cf-05b8-4e3b-b15e-1aa5f909702d\" uuid128 { mostSigBits: -6143700650951160261 leastSigBits: -5666061981035433939 } } cmdId: 16 force: false } term: 2 encodedToken: \"\" deadlineMsSinceEpoch: 0]"} | ret=SUCCESS |  
2025-10-20 19:51:47,333 [EventQueue-PipelineActionsForPipelineActionHandler] INFO  pipeline.PipelineActionHandler (PipelineActionHandler.java:processPipelineAction(89)) - Received pipeline action CLOSE for Pipeline-0b8c5e6b-69eb-484b-887e-939de61e1e74 from datanode e05592a5-d00f-4fc1-9e39-a968c1ecb04e(localhost/127.0.0.1). Reason : Ratis Transaction failure in datanode e05592a5-d00f-4fc1-9e39-a968c1ecb04e with role FOLLOWER .Triggering pipeline close action.
2025-10-20 19:51:47,334 [EventQueue-PipelineActionsForPipelineActionHandler] INFO  pipeline.PipelineActionHandler (PipelineActionHandler.java:processPipelineAction(89)) - Received pipeline action CLOSE for Pipeline-aabd30cf-05b8-4e3b-b15e-1aa5f909702d from datanode e05592a5-d00f-4fc1-9e39-a968c1ecb04e(localhost/127.0.0.1). Reason : Ratis Transaction failure in datanode e05592a5-d00f-4fc1-9e39-a968c1ecb04e with role FOLLOWER .Triggering pipeline close action.
2025-10-20 19:51:47,336 [EventQueue-PipelineActionsForPipelineActionHandler] INFO  pipeline.PipelineActionHandler (PipelineActionHandler.java:processPipelineAction(89)) - Received pipeline action CLOSE for Pipeline-0b8c5e6b-69eb-484b-887e-939de61e1e74 from datanode ef67b0a7-5b27-496d-9f38-ab804a28e500(localhost/127.0.0.1). Reason : Ratis Transaction failure in datanode ef67b0a7-5b27-496d-9f38-ab804a28e500 with role FOLLOWER .Triggering pipeline close action.
2025-10-20 19:51:47,337 | INFO  | SCMAudit | user=runner | ip=127.0.0.1 | op=SEND_HEARTBEAT {"datanodeUUID":"7bb0e7f0-2b36-4ec0-8a09-ceac75d91a36","term":"2","command":"[]"} | ret=SUCCESS |  
2025-10-20 19:51:47,336 [EventQueue-PipelineActionsForPipelineActionHandler] INFO  pipeline.PipelineActionHandler (PipelineActionHandler.java:processPipelineAction(89)) - Received pipeline action CLOSE for Pipeline-aabd30cf-05b8-4e3b-b15e-1aa5f909702d from datanode ef67b0a7-5b27-496d-9f38-ab804a28e500(localhost/127.0.0.1). Reason : Ratis Transaction failure in datanode ef67b0a7-5b27-496d-9f38-ab804a28e500 with role LEADER .Triggering pipeline close action.
2025-10-20 19:51:47,344 | INFO  | ContainerLog | ID=28 | Index=5 | BCSID=0 | State=OPEN | Volume=/home/runner/work/ozone/ozone/hadoop-ozone/integration-test/target/test-dir/MiniOzoneClusterImpl-6935df51-69ff-4c35-8bd4-ed2b81d70e54/ozone-metadata/datanode-13/data-0/hdds | DataChecksum=0 |  
2025-10-20 19:51:47,346 | INFO  | SCMAudit | user=runner | ip=127.0.0.1 | op=SEND_HEARTBEAT {"datanodeUUID":"feb39a1c-80cb-4714-ab06-a361236e3029","term":"2","command":"[]"} | ret=SUCCESS |  
2025-10-20 19:51:47,346 | INFO  | ContainerLog | ID=28 | Index=6 | BCSID=0 | State=OPEN | Volume=/home/runner/work/ozone/ozone/hadoop-ozone/integration-test/target/test-dir/MiniOzoneClusterImpl-6935df51-69ff-4c35-8bd4-ed2b81d70e54/ozone-metadata/datanode-6/data-0/hdds | DataChecksum=0 |  
2025-10-20 19:51:47,349 [EventQueue-PipelineActionsForPipelineActionHandler] INFO  pipeline.PipelineActionHandler (PipelineActionHandler.java:processPipelineAction(89)) - Received pipeline action CLOSE for Pipeline-ba8f49ac-c35b-4342-9840-c8b3a767d7cd from datanode b614738c-cdff-4f09-bf59-ed5bb75d51be(localhost/127.0.0.1). Reason : Ratis Transaction failure in datanode b614738c-cdff-4f09-bf59-ed5bb75d51be with role FOLLOWER .Triggering pipeline close action.
2025-10-20 19:51:47,349 | INFO  | SCMAudit | user=runner | ip=127.0.0.1 | op=SEND_HEARTBEAT {"datanodeUUID":"b614738c-cdff-4f09-bf59-ed5bb75d51be","term":"2","command":"[commandType: closeContainerCommand closeContainerCommandProto { containerID: 15 pipelineID { id: \"ba8f49ac-c35b-4342-9840-c8b3a767d7cd\" uuid128 { mostSigBits: -5003699654624591038 leastSigBits: -7475754707501721651 } } cmdId: 15 force: false } term: 2 encodedToken: \"\" deadlineMsSinceEpoch: 0]"} | ret=SUCCESS |  
2025-10-20 19:51:47,349 | INFO  | ContainerLog | ID=28 | Index=4 | BCSID=0 | State=OPEN | Volume=/home/runner/work/ozone/ozone/hadoop-ozone/integration-test/target/test-dir/MiniOzoneClusterImpl-6935df51-69ff-4c35-8bd4-ed2b81d70e54/ozone-metadata/datanode-9/data-0/hdds | DataChecksum=0 |  
2025-10-20 19:51:47,349 | INFO  | ContainerLog | ID=28 | Index=3 | BCSID=0 | State=OPEN | Volume=/home/runner/work/ozone/ozone/hadoop-ozone/integration-test/target/test-dir/MiniOzoneClusterImpl-6935df51-69ff-4c35-8bd4-ed2b81d70e54/ozone-metadata/datanode-12/data-0/hdds | DataChecksum=0 |  
2025-10-20 19:51:47,350 | INFO  | ContainerLog | ID=28 | Index=2 | BCSID=0 | State=OPEN | Volume=/home/runner/work/ozone/ozone/hadoop-ozone/integration-test/target/test-dir/MiniOzoneClusterImpl-6935df51-69ff-4c35-8bd4-ed2b81d70e54/ozone-metadata/datanode-14/data-0/hdds | DataChecksum=0 |  
2025-10-20 19:51:47,350 | INFO  | SCMAudit | user=runner | ip=127.0.0.1 | op=SEND_HEARTBEAT {"datanodeUUID":"605be85e-a7f4-44d7-8cfd-f53001b990b0","term":"2","command":"[]"} | ret=SUCCESS |  
2025-10-20 19:51:47,351 | INFO  | SCMAudit | user=runner | ip=127.0.0.1 | op=SEND_HEARTBEAT {"datanodeUUID":"38991c48-ffb3-4453-b758-77d6b4ebc62b","term":"2","command":"[]"} | ret=SUCCESS |  
2025-10-20 19:51:47,352 | INFO  | SCMAudit | user=runner | ip=127.0.0.1 | op=SEND_HEARTBEAT {"datanodeUUID":"d7d8cf72-b9f6-4979-9c53-007dd6e6e48a","term":"2","command":"[]"} | ret=SUCCESS |  
2025-10-20 19:51:47,356 | INFO  | OMAudit | user=runner | ip=127.0.0.1 | op=COMMIT_KEY {"volume":"d43a62b2-5562-4b12-bfa2-c7cee75f56d7","bucket":"ed8d1583-08c4-4d19-8189-19e2909e8076","key":"45309ccc-a27c-40d1-aa5c-31199f090513","dataSize":"36","replicationType":"EC","replicationConfig":"rs-6-3-1048576","Transaction":"1805"} | ret=SUCCESS |  
2025-10-20 19:51:47,359 | INFO  | SCMAudit | user=runner | ip=127.0.0.1 | op=GET_CONTAINER_WITH_PIPELINE_BATCH {"containerIDs":"#28,"} | ret=SUCCESS |  
2025-10-20 19:51:47,360 | INFO  | OMAudit | user=runner | ip=127.0.0.1 | op=READ_KEY {"volume":"d43a62b2-5562-4b12-bfa2-c7cee75f56d7","bucket":"ed8d1583-08c4-4d19-8189-19e2909e8076","key":"45309ccc-a27c-40d1-aa5c-31199f090513","owner":null,"dataSize":"0","replicationConfig":null} | ret=SUCCESS |  
2025-10-20 19:51:47,362 | INFO  | OMAudit | user=runner | ip=127.0.0.1 | op=READ_KEY {"volume":"d43a62b2-5562-4b12-bfa2-c7cee75f56d7","bucket":"ed8d1583-08c4-4d19-8189-19e2909e8076","key":"45309ccc-a27c-40d1-aa5c-31199f090513","owner":null,"dataSize":"0","replicationConfig":null} | ret=SUCCESS |  
]]></system-out>
  </testcase>
  <testcase name="testPutKeyWithReplicationConfig(String, boolean)[5]" classname="org.apache.hadoop.ozone.client.rpc.TestSecureOzoneRpcClient" time="0.09">
    <system-out><![CDATA[2025-10-20 19:51:47,368 [ForkJoinPool-1-worker-1] INFO  rpc.RpcClient (RpcClient.java:createVolume(461)) - Creating Volume: 598a24c1-b16c-4da9-b570-6f48300d22d4, with runner as owner and space quota set to -1 bytes, counts quota set to -1
2025-10-20 19:51:47,372 [om1-OMStateMachineApplyTransactionThread - 0] INFO  volume.OMVolumeCreateRequest (OMVolumeCreateRequest.java:validateAndUpdateCache(213)) - created volume:598a24c1-b16c-4da9-b570-6f48300d22d4 for user:runner
2025-10-20 19:51:47,372 | INFO  | OMAudit | user=runner | ip=127.0.0.1 | op=CREATE_VOLUME {"admin":"runner","owner":"runner","volume":"598a24c1-b16c-4da9-b570-6f48300d22d4","creationTime":"1760989907370","modificationTime":"1760989907370","quotaInBytes":"-1","quotaInNamespace":"-1","usedNamespace":"0","objectID":"-9223372036854313472","updateID":"1806","Transaction":"1806"} | ret=SUCCESS |  
2025-10-20 19:51:47,373 | INFO  | OMAudit | user=runner | ip=127.0.0.1 | op=READ_VOLUME {"volume":"598a24c1-b16c-4da9-b570-6f48300d22d4"} | ret=SUCCESS |  
2025-10-20 19:51:47,374 [ForkJoinPool-1-worker-1] INFO  rpc.RpcClient (RpcClient.java:createBucket(686)) - Creating Bucket: 598a24c1-b16c-4da9-b570-6f48300d22d4/5ab66137-e496-4b20-a00f-213cf698f5c2, with server-side default bucket layout, runner as owner, Versioning false, Storage Type set to DISK and Encryption set to false, Replication Type set to server-side default replication type, Namespace Quota set to -1, Space Quota set to -1 
2025-10-20 19:51:47,375 [om1-OMStateMachineApplyTransactionThread - 0] INFO  bucket.OMBucketCreateRequest (OMBucketCreateRequest.java:validateAndUpdateCache(303)) - created bucket: 5ab66137-e496-4b20-a00f-213cf698f5c2 of layout FILE_SYSTEM_OPTIMIZED in volume: 598a24c1-b16c-4da9-b570-6f48300d22d4
2025-10-20 19:51:47,376 | INFO  | OMAudit | user=runner | ip=127.0.0.1 | op=CREATE_BUCKET {"volume":"598a24c1-b16c-4da9-b570-6f48300d22d4","bucket":"5ab66137-e496-4b20-a00f-213cf698f5c2","bucketLayout":"FILE_SYSTEM_OPTIMIZED","gdprEnabled":null,"acls":"[user:runner:a[ACCESS], group:runner:rl[ACCESS]]","isVersionEnabled":"false","storageType":"DISK","creationTime":"1760989907375","bucketEncryptionKey":null,"modificationTime":"1760989907375","usedBytes":"0","usedNamespace":"0","snapshotUsedBytes":"0","snapshotUsedNamespace":"0","owner":"runner","replicationType":null,"replicationConfig":null,"quotaInBytes":"-1","quotaInNamespace":"-1","Transaction":"1807"} | ret=SUCCESS |  
2025-10-20 19:51:47,377 | INFO  | OMAudit | user=runner | ip=127.0.0.1 | op=READ_BUCKET {"volume":"598a24c1-b16c-4da9-b570-6f48300d22d4","bucket":"5ab66137-e496-4b20-a00f-213cf698f5c2"} | ret=SUCCESS |  
2025-10-20 19:51:47,378 | INFO  | OMAudit | user=runner | ip=127.0.0.1 | op=READ_BUCKET {"volume":"598a24c1-b16c-4da9-b570-6f48300d22d4","bucket":"5ab66137-e496-4b20-a00f-213cf698f5c2"} | ret=SUCCESS |  
2025-10-20 19:51:47,381 [IPC Server handler 91 on default port 15001] INFO  algorithms.SCMContainerPlacementRackScatter (SCMContainerPlacementRackScatter.java:chooseDatanodesInternal(369)) - Chosen nodes: [ef67b0a7-5b27-496d-9f38-ab804a28e500(localhost/127.0.0.1), af0e5da1-57af-45e9-9aca-fa0798d05628(localhost/127.0.0.1), feb39a1c-80cb-4714-ab06-a361236e3029(localhost/127.0.0.1), e05592a5-d00f-4fc1-9e39-a968c1ecb04e(localhost/127.0.0.1), 605be85e-a7f4-44d7-8cfd-f53001b990b0(localhost/127.0.0.1), 38991c48-ffb3-4453-b758-77d6b4ebc62b(localhost/127.0.0.1), d7d8cf72-b9f6-4979-9c53-007dd6e6e48a(localhost/127.0.0.1), 33f74daf-be7a-4306-b2af-53e409c4cb93(localhost/127.0.0.1), 4f2bb3f5-0e03-4f1b-bb4c-79c91b98c7da(localhost/127.0.0.1), cc7fbe85-1d98-437b-84f9-04213fee10f0(localhost/127.0.0.1), c90bff1f-5a1f-42c6-8fca-9533d718c79a(localhost/127.0.0.1), 361055de-215b-4c6c-94c2-be1c1da118d1(localhost/127.0.0.1), 7bb0e7f0-2b36-4ec0-8a09-ceac75d91a36(localhost/127.0.0.1), b614738c-cdff-4f09-bf59-ed5bb75d51be(localhost/127.0.0.1)]. isPolicySatisfied: true.
2025-10-20 19:51:47,384 [IPC Server handler 91 on default port 15001] INFO  pipeline.WritableECContainerProvider (WritableECContainerProvider.java:allocateContainer(215)) - Created and opened new pipeline Pipeline{ Id: 6e402a46-4054-4ece-a8bc-d22f3dbf17e0, Nodes: [ {ef67b0a7-5b27-496d-9f38-ab804a28e500(localhost/127.0.0.1), ReplicaIndex: 1}, {af0e5da1-57af-45e9-9aca-fa0798d05628(localhost/127.0.0.1), ReplicaIndex: 2}, {feb39a1c-80cb-4714-ab06-a361236e3029(localhost/127.0.0.1), ReplicaIndex: 3}, {e05592a5-d00f-4fc1-9e39-a968c1ecb04e(localhost/127.0.0.1), ReplicaIndex: 4}, {605be85e-a7f4-44d7-8cfd-f53001b990b0(localhost/127.0.0.1), ReplicaIndex: 5}, {38991c48-ffb3-4453-b758-77d6b4ebc62b(localhost/127.0.0.1), ReplicaIndex: 6}, {d7d8cf72-b9f6-4979-9c53-007dd6e6e48a(localhost/127.0.0.1), ReplicaIndex: 7}, {33f74daf-be7a-4306-b2af-53e409c4cb93(localhost/127.0.0.1), ReplicaIndex: 8}, {4f2bb3f5-0e03-4f1b-bb4c-79c91b98c7da(localhost/127.0.0.1), ReplicaIndex: 9}, {cc7fbe85-1d98-437b-84f9-04213fee10f0(localhost/127.0.0.1), ReplicaIndex: 10}, {c90bff1f-5a1f-42c6-8fca-9533d718c79a(localhost/127.0.0.1), ReplicaIndex: 11}, {361055de-215b-4c6c-94c2-be1c1da118d1(localhost/127.0.0.1), ReplicaIndex: 12}, {7bb0e7f0-2b36-4ec0-8a09-ceac75d91a36(localhost/127.0.0.1), ReplicaIndex: 13}, {b614738c-cdff-4f09-bf59-ed5bb75d51be(localhost/127.0.0.1), ReplicaIndex: 14},], ReplicationConfig: EC{rs-10-4-1024k}, State:ALLOCATED, leaderId:, CreationTimestamp2025-10-20T19:51:47.381650383Z[Etc/UTC]}
2025-10-20 19:51:47,384 | INFO  | SCMAudit | user=runner | ip=127.0.0.1 | op=ALLOCATE_BLOCK {"replication":"EC{rs-10-4-1024k}","owner":"omServiceIdDefault","size":"4194304","sampleBlocks":"[conID: 29 locID: 115816896921600514]","num":"1","client":"","allocated":"1"} | ret=SUCCESS |  
2025-10-20 19:51:47,387 | INFO  | OMAudit | user=runner | ip=127.0.0.1 | op=ALLOCATE_KEY {"volume":"598a24c1-b16c-4da9-b570-6f48300d22d4","bucket":"5ab66137-e496-4b20-a00f-213cf698f5c2","key":"1b9bde5d-00c4-4d5d-af0e-aba3226fc4fb","dataSize":"36","replicationType":"EC","replicationConfig":"rs-10-4-1048576","Transaction":"1808"} | ret=SUCCESS |  
2025-10-20 19:51:47,399 | INFO  | ContainerLog | ID=29 | Index=14 | BCSID=0 | State=OPEN | Volume=/home/runner/work/ozone/ozone/hadoop-ozone/integration-test/target/test-dir/MiniOzoneClusterImpl-6935df51-69ff-4c35-8bd4-ed2b81d70e54/ozone-metadata/datanode-6/data-0/hdds | DataChecksum=0 |  
2025-10-20 19:51:47,400 | INFO  | ContainerLog | ID=29 | Index=12 | BCSID=0 | State=OPEN | Volume=/home/runner/work/ozone/ozone/hadoop-ozone/integration-test/target/test-dir/MiniOzoneClusterImpl-6935df51-69ff-4c35-8bd4-ed2b81d70e54/ozone-metadata/datanode-3/data-0/hdds | DataChecksum=0 |  
2025-10-20 19:51:47,400 | INFO  | SCMAudit | user=runner | ip=127.0.0.1 | op=SEND_HEARTBEAT {"datanodeUUID":"b614738c-cdff-4f09-bf59-ed5bb75d51be","term":"2","command":"[]"} | ret=SUCCESS |  
2025-10-20 19:51:47,401 | INFO  | ContainerLog | ID=29 | Index=1 | BCSID=0 | State=OPEN | Volume=/home/runner/work/ozone/ozone/hadoop-ozone/integration-test/target/test-dir/MiniOzoneClusterImpl-6935df51-69ff-4c35-8bd4-ed2b81d70e54/ozone-metadata/datanode-2/data-0/hdds | DataChecksum=0 |  
2025-10-20 19:51:47,401 [EventQueue-PipelineActionsForPipelineActionHandler] INFO  pipeline.PipelineActionHandler (PipelineActionHandler.java:processPipelineAction(89)) - Received pipeline action CLOSE for Pipeline-ba8f49ac-c35b-4342-9840-c8b3a767d7cd from datanode b614738c-cdff-4f09-bf59-ed5bb75d51be(localhost/127.0.0.1). Reason : Ratis Transaction failure in datanode b614738c-cdff-4f09-bf59-ed5bb75d51be with role FOLLOWER .Triggering pipeline close action.
2025-10-20 19:51:47,402 | INFO  | ContainerLog | ID=29 | Index=13 | BCSID=0 | State=OPEN | Volume=/home/runner/work/ozone/ozone/hadoop-ozone/integration-test/target/test-dir/MiniOzoneClusterImpl-6935df51-69ff-4c35-8bd4-ed2b81d70e54/ozone-metadata/datanode-8/data-0/hdds | DataChecksum=0 |  
2025-10-20 19:51:47,403 | INFO  | SCMAudit | user=runner | ip=127.0.0.1 | op=SEND_HEARTBEAT {"datanodeUUID":"361055de-215b-4c6c-94c2-be1c1da118d1","term":"2","command":"[commandType: closeContainerCommand closeContainerCommandProto { containerID: 16 pipelineID { id: \"aabd30cf-05b8-4e3b-b15e-1aa5f909702d\" uuid128 { mostSigBits: -6143700650951160261 leastSigBits: -5666061981035433939 } } cmdId: 16 force: false } term: 2 encodedToken: \"\" deadlineMsSinceEpoch: 0]"} | ret=SUCCESS |  
2025-10-20 19:51:47,403 [EventQueue-PipelineActionsForPipelineActionHandler] INFO  pipeline.PipelineActionHandler (PipelineActionHandler.java:processPipelineAction(89)) - Received pipeline action CLOSE for Pipeline-0b8c5e6b-69eb-484b-887e-939de61e1e74 from datanode 361055de-215b-4c6c-94c2-be1c1da118d1(localhost/127.0.0.1). Reason : Ratis Transaction failure in datanode 361055de-215b-4c6c-94c2-be1c1da118d1 with role LEADER .Triggering pipeline close action.
2025-10-20 19:51:47,403 [EventQueue-PipelineActionsForPipelineActionHandler] INFO  pipeline.PipelineActionHandler (PipelineActionHandler.java:processPipelineAction(89)) - Received pipeline action CLOSE for Pipeline-aabd30cf-05b8-4e3b-b15e-1aa5f909702d from datanode 361055de-215b-4c6c-94c2-be1c1da118d1(localhost/127.0.0.1). Reason : Ratis Transaction failure in datanode 361055de-215b-4c6c-94c2-be1c1da118d1 with role FOLLOWER .Triggering pipeline close action.
2025-10-20 19:51:47,404 | INFO  | ContainerLog | ID=29 | Index=11 | BCSID=0 | State=OPEN | Volume=/home/runner/work/ozone/ozone/hadoop-ozone/integration-test/target/test-dir/MiniOzoneClusterImpl-6935df51-69ff-4c35-8bd4-ed2b81d70e54/ozone-metadata/datanode-4/data-0/hdds | DataChecksum=0 |  
2025-10-20 19:51:47,404 | INFO  | SCMAudit | user=runner | ip=127.0.0.1 | op=SEND_HEARTBEAT {"datanodeUUID":"ef67b0a7-5b27-496d-9f38-ab804a28e500","term":"2","command":"[]"} | ret=SUCCESS |  
2025-10-20 19:51:47,404 [EventQueue-PipelineActionsForPipelineActionHandler] INFO  pipeline.PipelineActionHandler (PipelineActionHandler.java:processPipelineAction(89)) - Received pipeline action CLOSE for Pipeline-0b8c5e6b-69eb-484b-887e-939de61e1e74 from datanode ef67b0a7-5b27-496d-9f38-ab804a28e500(localhost/127.0.0.1). Reason : Ratis Transaction failure in datanode ef67b0a7-5b27-496d-9f38-ab804a28e500 with role FOLLOWER .Triggering pipeline close action.
2025-10-20 19:51:47,404 [EventQueue-PipelineActionsForPipelineActionHandler] INFO  pipeline.PipelineActionHandler (PipelineActionHandler.java:processPipelineAction(89)) - Received pipeline action CLOSE for Pipeline-aabd30cf-05b8-4e3b-b15e-1aa5f909702d from datanode ef67b0a7-5b27-496d-9f38-ab804a28e500(localhost/127.0.0.1). Reason : Ratis Transaction failure in datanode ef67b0a7-5b27-496d-9f38-ab804a28e500 with role LEADER .Triggering pipeline close action.
2025-10-20 19:51:47,405 | INFO  | SCMAudit | user=runner | ip=127.0.0.1 | op=SEND_HEARTBEAT {"datanodeUUID":"7bb0e7f0-2b36-4ec0-8a09-ceac75d91a36","term":"2","command":"[]"} | ret=SUCCESS |  
2025-10-20 19:51:47,405 [EventQueue-PipelineActionsForPipelineActionHandler] INFO  pipeline.PipelineActionHandler (PipelineActionHandler.java:processPipelineAction(89)) - Received pipeline action CLOSE for Pipeline-ba8f49ac-c35b-4342-9840-c8b3a767d7cd from datanode c90bff1f-5a1f-42c6-8fca-9533d718c79a(localhost/127.0.0.1). Reason : Ratis Transaction failure in datanode c90bff1f-5a1f-42c6-8fca-9533d718c79a with role FOLLOWER .Triggering pipeline close action.
2025-10-20 19:51:47,405 | INFO  | SCMAudit | user=runner | ip=127.0.0.1 | op=SEND_HEARTBEAT {"datanodeUUID":"c90bff1f-5a1f-42c6-8fca-9533d718c79a","term":"2","command":"[commandType: closeContainerCommand closeContainerCommandProto { containerID: 15 pipelineID { id: \"ba8f49ac-c35b-4342-9840-c8b3a767d7cd\" uuid128 { mostSigBits: -5003699654624591038 leastSigBits: -7475754707501721651 } } cmdId: 15 force: false } term: 2 encodedToken: \"\" deadlineMsSinceEpoch: 0]"} | ret=SUCCESS |  
2025-10-20 19:51:47,422 | INFO  | ContainerLog | ID=29 | Index=9 | BCSID=0 | State=OPEN | Volume=/home/runner/work/ozone/ozone/hadoop-ozone/integration-test/target/test-dir/MiniOzoneClusterImpl-6935df51-69ff-4c35-8bd4-ed2b81d70e54/ozone-metadata/datanode-11/data-0/hdds | DataChecksum=0 |  
2025-10-20 19:51:47,423 | INFO  | ContainerLog | ID=29 | Index=6 | BCSID=0 | State=OPEN | Volume=/home/runner/work/ozone/ozone/hadoop-ozone/integration-test/target/test-dir/MiniOzoneClusterImpl-6935df51-69ff-4c35-8bd4-ed2b81d70e54/ozone-metadata/datanode-14/data-0/hdds | DataChecksum=0 |  
2025-10-20 19:51:47,425 | INFO  | SCMAudit | user=runner | ip=127.0.0.1 | op=SEND_HEARTBEAT {"datanodeUUID":"38991c48-ffb3-4453-b758-77d6b4ebc62b","term":"2","command":"[]"} | ret=SUCCESS |  
2025-10-20 19:51:47,427 | INFO  | ContainerLog | ID=29 | Index=4 | BCSID=0 | State=OPEN | Volume=/home/runner/work/ozone/ozone/hadoop-ozone/integration-test/target/test-dir/MiniOzoneClusterImpl-6935df51-69ff-4c35-8bd4-ed2b81d70e54/ozone-metadata/datanode-1/data-0/hdds | DataChecksum=0 |  
2025-10-20 19:51:47,427 | INFO  | ContainerLog | ID=29 | Index=5 | BCSID=0 | State=OPEN | Volume=/home/runner/work/ozone/ozone/hadoop-ozone/integration-test/target/test-dir/MiniOzoneClusterImpl-6935df51-69ff-4c35-8bd4-ed2b81d70e54/ozone-metadata/datanode-9/data-0/hdds | DataChecksum=0 |  
2025-10-20 19:51:47,427 | INFO  | SCMAudit | user=runner | ip=127.0.0.1 | op=SEND_HEARTBEAT {"datanodeUUID":"4f2bb3f5-0e03-4f1b-bb4c-79c91b98c7da","term":"2","command":"[]"} | ret=SUCCESS |  
2025-10-20 19:51:47,431 | INFO  | SCMAudit | user=runner | ip=127.0.0.1 | op=SEND_HEARTBEAT {"datanodeUUID":"e05592a5-d00f-4fc1-9e39-a968c1ecb04e","term":"2","command":"[]"} | ret=SUCCESS |  
2025-10-20 19:51:47,433 | INFO  | SCMAudit | user=runner | ip=127.0.0.1 | op=SEND_HEARTBEAT {"datanodeUUID":"605be85e-a7f4-44d7-8cfd-f53001b990b0","term":"2","command":"[]"} | ret=SUCCESS |  
2025-10-20 19:51:47,434 | INFO  | ContainerLog | ID=29 | Index=8 | BCSID=0 | State=OPEN | Volume=/home/runner/work/ozone/ozone/hadoop-ozone/integration-test/target/test-dir/MiniOzoneClusterImpl-6935df51-69ff-4c35-8bd4-ed2b81d70e54/ozone-metadata/datanode-10/data-0/hdds | DataChecksum=0 |  
2025-10-20 19:51:47,434 [EventQueue-PipelineActionsForPipelineActionHandler] INFO  pipeline.PipelineActionHandler (PipelineActionHandler.java:processPipelineAction(89)) - Received pipeline action CLOSE for Pipeline-0b8c5e6b-69eb-484b-887e-939de61e1e74 from datanode e05592a5-d00f-4fc1-9e39-a968c1ecb04e(localhost/127.0.0.1). Reason : Ratis Transaction failure in datanode e05592a5-d00f-4fc1-9e39-a968c1ecb04e with role FOLLOWER .Triggering pipeline close action.
2025-10-20 19:51:47,434 [EventQueue-PipelineActionsForPipelineActionHandler] INFO  pipeline.PipelineActionHandler (PipelineActionHandler.java:processPipelineAction(89)) - Received pipeline action CLOSE for Pipeline-aabd30cf-05b8-4e3b-b15e-1aa5f909702d from datanode e05592a5-d00f-4fc1-9e39-a968c1ecb04e(localhost/127.0.0.1). Reason : Ratis Transaction failure in datanode e05592a5-d00f-4fc1-9e39-a968c1ecb04e with role FOLLOWER .Triggering pipeline close action.
2025-10-20 19:51:47,434 | INFO  | ContainerLog | ID=29 | Index=2 | BCSID=0 | State=OPEN | Volume=/home/runner/work/ozone/ozone/hadoop-ozone/integration-test/target/test-dir/MiniOzoneClusterImpl-6935df51-69ff-4c35-8bd4-ed2b81d70e54/ozone-metadata/datanode-5/data-0/hdds | DataChecksum=0 |  
2025-10-20 19:51:47,436 | INFO  | ContainerLog | ID=29 | Index=7 | BCSID=0 | State=OPEN | Volume=/home/runner/work/ozone/ozone/hadoop-ozone/integration-test/target/test-dir/MiniOzoneClusterImpl-6935df51-69ff-4c35-8bd4-ed2b81d70e54/ozone-metadata/datanode-12/data-0/hdds | DataChecksum=0 |  
2025-10-20 19:51:47,437 | INFO  | ContainerLog | ID=29 | Index=10 | BCSID=0 | State=OPEN | Volume=/home/runner/work/ozone/ozone/hadoop-ozone/integration-test/target/test-dir/MiniOzoneClusterImpl-6935df51-69ff-4c35-8bd4-ed2b81d70e54/ozone-metadata/datanode-7/data-0/hdds | DataChecksum=0 |  
2025-10-20 19:51:47,437 | INFO  | SCMAudit | user=runner | ip=127.0.0.1 | op=SEND_HEARTBEAT {"datanodeUUID":"33f74daf-be7a-4306-b2af-53e409c4cb93","term":"2","command":"[]"} | ret=SUCCESS |  
2025-10-20 19:51:47,438 [EventQueue-PipelineActionsForPipelineActionHandler] INFO  pipeline.PipelineActionHandler (PipelineActionHandler.java:processPipelineAction(89)) - Received pipeline action CLOSE for Pipeline-ba8f49ac-c35b-4342-9840-c8b3a767d7cd from datanode af0e5da1-57af-45e9-9aca-fa0798d05628(localhost/127.0.0.1). Reason : Ratis Transaction failure in datanode af0e5da1-57af-45e9-9aca-fa0798d05628 with role LEADER .Triggering pipeline close action.
2025-10-20 19:51:47,438 | INFO  | SCMAudit | user=runner | ip=127.0.0.1 | op=SEND_HEARTBEAT {"datanodeUUID":"af0e5da1-57af-45e9-9aca-fa0798d05628","term":"2","command":"[commandType: closeContainerCommand closeContainerCommandProto { containerID: 15 pipelineID { id: \"ba8f49ac-c35b-4342-9840-c8b3a767d7cd\" uuid128 { mostSigBits: -5003699654624591038 leastSigBits: -7475754707501721651 } } cmdId: 15 force: false } term: 2 encodedToken: \"\" deadlineMsSinceEpoch: 0]"} | ret=SUCCESS |  
2025-10-20 19:51:47,439 | INFO  | SCMAudit | user=runner | ip=127.0.0.1 | op=SEND_HEARTBEAT {"datanodeUUID":"d7d8cf72-b9f6-4979-9c53-007dd6e6e48a","term":"2","command":"[]"} | ret=SUCCESS |  
2025-10-20 19:51:47,441 | INFO  | SCMAudit | user=runner | ip=127.0.0.1 | op=SEND_HEARTBEAT {"datanodeUUID":"cc7fbe85-1d98-437b-84f9-04213fee10f0","term":"2","command":"[]"} | ret=SUCCESS |  
2025-10-20 19:51:47,442 | INFO  | ContainerLog | ID=29 | Index=3 | BCSID=0 | State=OPEN | Volume=/home/runner/work/ozone/ozone/hadoop-ozone/integration-test/target/test-dir/MiniOzoneClusterImpl-6935df51-69ff-4c35-8bd4-ed2b81d70e54/ozone-metadata/datanode-13/data-0/hdds | DataChecksum=0 |  
2025-10-20 19:51:47,443 | INFO  | SCMAudit | user=runner | ip=127.0.0.1 | op=SEND_HEARTBEAT {"datanodeUUID":"feb39a1c-80cb-4714-ab06-a361236e3029","term":"2","command":"[]"} | ret=SUCCESS |  
2025-10-20 19:51:47,447 | INFO  | OMAudit | user=runner | ip=127.0.0.1 | op=COMMIT_KEY {"volume":"598a24c1-b16c-4da9-b570-6f48300d22d4","bucket":"5ab66137-e496-4b20-a00f-213cf698f5c2","key":"1b9bde5d-00c4-4d5d-af0e-aba3226fc4fb","dataSize":"36","replicationType":"EC","replicationConfig":"rs-10-4-1048576","Transaction":"1809"} | ret=SUCCESS |  
2025-10-20 19:51:47,449 | INFO  | SCMAudit | user=runner | ip=127.0.0.1 | op=GET_CONTAINER_WITH_PIPELINE_BATCH {"containerIDs":"#29,"} | ret=SUCCESS |  
2025-10-20 19:51:47,450 | INFO  | OMAudit | user=runner | ip=127.0.0.1 | op=READ_KEY {"volume":"598a24c1-b16c-4da9-b570-6f48300d22d4","bucket":"5ab66137-e496-4b20-a00f-213cf698f5c2","key":"1b9bde5d-00c4-4d5d-af0e-aba3226fc4fb","owner":null,"dataSize":"0","replicationConfig":null} | ret=SUCCESS |  
2025-10-20 19:51:47,452 | INFO  | OMAudit | user=runner | ip=127.0.0.1 | op=READ_KEY {"volume":"598a24c1-b16c-4da9-b570-6f48300d22d4","bucket":"5ab66137-e496-4b20-a00f-213cf698f5c2","key":"1b9bde5d-00c4-4d5d-af0e-aba3226fc4fb","owner":null,"dataSize":"0","replicationConfig":null} | ret=SUCCESS |  
]]></system-out>
  </testcase>
  <testcase name="testPutObjectTagging(BucketLayout)[1]" classname="org.apache.hadoop.ozone.client.rpc.TestSecureOzoneRpcClient" time="0.044">
    <system-out><![CDATA[2025-10-20 19:51:47,461 [ForkJoinPool-1-worker-1] INFO  rpc.RpcClient (RpcClient.java:createVolume(461)) - Creating Volume: 034aa76c-adbe-44cb-a9bc-20e350c8832a, with runner as owner and space quota set to -1 bytes, counts quota set to -1
2025-10-20 19:51:47,464 [om1-OMStateMachineApplyTransactionThread - 0] INFO  volume.OMVolumeCreateRequest (OMVolumeCreateRequest.java:validateAndUpdateCache(213)) - created volume:034aa76c-adbe-44cb-a9bc-20e350c8832a for user:runner
2025-10-20 19:51:47,464 | INFO  | OMAudit | user=runner | ip=127.0.0.1 | op=CREATE_VOLUME {"admin":"runner","owner":"runner","volume":"034aa76c-adbe-44cb-a9bc-20e350c8832a","creationTime":"1760989907463","modificationTime":"1760989907463","quotaInBytes":"-1","quotaInNamespace":"-1","usedNamespace":"0","objectID":"-9223372036854312448","updateID":"1810","Transaction":"1810"} | ret=SUCCESS |  
2025-10-20 19:51:47,465 | INFO  | OMAudit | user=runner | ip=127.0.0.1 | op=READ_VOLUME {"volume":"034aa76c-adbe-44cb-a9bc-20e350c8832a"} | ret=SUCCESS |  
2025-10-20 19:51:47,466 [ForkJoinPool-1-worker-1] INFO  rpc.RpcClient (RpcClient.java:createBucket(686)) - Creating Bucket: 034aa76c-adbe-44cb-a9bc-20e350c8832a/5aafdeaa-510f-4583-9a70-1439b13ee804, with bucket layout OBJECT_STORE, runner as owner, Versioning false, Storage Type set to DISK and Encryption set to false, Replication Type set to server-side default replication type, Namespace Quota set to -1, Space Quota set to -1 
2025-10-20 19:51:47,468 [om1-OMStateMachineApplyTransactionThread - 0] INFO  bucket.OMBucketCreateRequest (OMBucketCreateRequest.java:validateAndUpdateCache(303)) - created bucket: 5aafdeaa-510f-4583-9a70-1439b13ee804 of layout OBJECT_STORE in volume: 034aa76c-adbe-44cb-a9bc-20e350c8832a
2025-10-20 19:51:47,468 | INFO  | OMAudit | user=runner | ip=127.0.0.1 | op=CREATE_BUCKET {"volume":"034aa76c-adbe-44cb-a9bc-20e350c8832a","bucket":"5aafdeaa-510f-4583-9a70-1439b13ee804","bucketLayout":"OBJECT_STORE","gdprEnabled":null,"acls":"[user:runner:a[ACCESS], group:runner:rl[ACCESS]]","isVersionEnabled":"false","storageType":"DISK","creationTime":"1760989907467","bucketEncryptionKey":null,"modificationTime":"1760989907467","usedBytes":"0","usedNamespace":"0","snapshotUsedBytes":"0","snapshotUsedNamespace":"0","owner":"runner","replicationType":null,"replicationConfig":null,"quotaInBytes":"-1","quotaInNamespace":"-1","Transaction":"1811"} | ret=SUCCESS |  
2025-10-20 19:51:47,474 | INFO  | OMAudit | user=runner | ip=127.0.0.1 | op=READ_BUCKET {"volume":"034aa76c-adbe-44cb-a9bc-20e350c8832a","bucket":"5aafdeaa-510f-4583-9a70-1439b13ee804"} | ret=SUCCESS |  
2025-10-20 19:51:47,478 | INFO  | OMAudit | user=runner | ip=127.0.0.1 | op=READ_BUCKET {"volume":"034aa76c-adbe-44cb-a9bc-20e350c8832a","bucket":"5aafdeaa-510f-4583-9a70-1439b13ee804"} | ret=SUCCESS |  
2025-10-20 19:51:47,479 | INFO  | SCMAudit | user=runner | ip=127.0.0.1 | op=ALLOCATE_BLOCK {"replication":"RATIS/ONE","owner":"omServiceIdDefault","size":"4194304","sampleBlocks":"[conID: 11 locID: 115816896921600515]","num":"1","client":"","allocated":"1"} | ret=SUCCESS |  
2025-10-20 19:51:47,482 | INFO  | OMAudit | user=runner | ip=127.0.0.1 | op=ALLOCATE_KEY {"volume":"034aa76c-adbe-44cb-a9bc-20e350c8832a","bucket":"5aafdeaa-510f-4583-9a70-1439b13ee804","key":"58fe3d5e-460c-48cc-b20b-6f5efabde4b3","dataSize":"12","replicationType":"RATIS","replicationFactor":"ONE","Transaction":"1812"} | ret=SUCCESS |  
2025-10-20 19:51:47,492 | INFO  | OMAudit | user=runner | ip=127.0.0.1 | op=COMMIT_KEY {"volume":"034aa76c-adbe-44cb-a9bc-20e350c8832a","bucket":"5aafdeaa-510f-4583-9a70-1439b13ee804","key":"58fe3d5e-460c-48cc-b20b-6f5efabde4b3","dataSize":"12","replicationType":"RATIS","replicationFactor":"ONE","Transaction":"1813"} | ret=SUCCESS |  
2025-10-20 19:51:47,494 | INFO  | OMAudit | user=runner | ip=127.0.0.1 | op=READ_KEY {"volume":"034aa76c-adbe-44cb-a9bc-20e350c8832a","bucket":"5aafdeaa-510f-4583-9a70-1439b13ee804","key":"58fe3d5e-460c-48cc-b20b-6f5efabde4b3","owner":null,"dataSize":"0","replicationConfig":null} | ret=SUCCESS |  
2025-10-20 19:51:47,499 | INFO  | OMAudit | user=runner | ip=127.0.0.1 | op=PUT_OBJECT_TAGGING {"volume":"034aa76c-adbe-44cb-a9bc-20e350c8832a","bucket":"5aafdeaa-510f-4583-9a70-1439b13ee804","key":"58fe3d5e-460c-48cc-b20b-6f5efabde4b3","dataSize":"0","Transaction":"1814"} | ret=SUCCESS |  
2025-10-20 19:51:47,501 | INFO  | OMAudit | user=runner | ip=127.0.0.1 | op=READ_KEY {"volume":"034aa76c-adbe-44cb-a9bc-20e350c8832a","bucket":"5aafdeaa-510f-4583-9a70-1439b13ee804","key":"58fe3d5e-460c-48cc-b20b-6f5efabde4b3","owner":null,"dataSize":"0","replicationConfig":null} | ret=SUCCESS |  
2025-10-20 19:51:47,503 | INFO  | OMAudit | user=runner | ip=127.0.0.1 | op=PUT_OBJECT_TAGGING {"volume":"034aa76c-adbe-44cb-a9bc-20e350c8832a","bucket":"5aafdeaa-510f-4583-9a70-1439b13ee804","key":"58fe3d5e-460c-48cc-b20b-6f5efabde4b3","dataSize":"0","Transaction":"1815"} | ret=SUCCESS |  
2025-10-20 19:51:47,504 | INFO  | OMAudit | user=runner | ip=127.0.0.1 | op=READ_KEY {"volume":"034aa76c-adbe-44cb-a9bc-20e350c8832a","bucket":"5aafdeaa-510f-4583-9a70-1439b13ee804","key":"58fe3d5e-460c-48cc-b20b-6f5efabde4b3","owner":null,"dataSize":"0","replicationConfig":null} | ret=SUCCESS |  
]]></system-out>
  </testcase>
  <testcase name="testPutObjectTagging(BucketLayout)[2]" classname="org.apache.hadoop.ozone.client.rpc.TestSecureOzoneRpcClient" time="0.027">
    <system-out><![CDATA[2025-10-20 19:51:47,506 [ForkJoinPool-1-worker-1] INFO  rpc.RpcClient (RpcClient.java:createVolume(461)) - Creating Volume: edb6af41-cbff-43be-8d3b-22471ef26961, with runner as owner and space quota set to -1 bytes, counts quota set to -1
2025-10-20 19:51:47,508 [om1-OMStateMachineApplyTransactionThread - 0] INFO  volume.OMVolumeCreateRequest (OMVolumeCreateRequest.java:validateAndUpdateCache(213)) - created volume:edb6af41-cbff-43be-8d3b-22471ef26961 for user:runner
2025-10-20 19:51:47,508 | INFO  | OMAudit | user=runner | ip=127.0.0.1 | op=CREATE_VOLUME {"admin":"runner","owner":"runner","volume":"edb6af41-cbff-43be-8d3b-22471ef26961","creationTime":"1760989907507","modificationTime":"1760989907507","quotaInBytes":"-1","quotaInNamespace":"-1","usedNamespace":"0","objectID":"-9223372036854310912","updateID":"1816","Transaction":"1816"} | ret=SUCCESS |  
2025-10-20 19:51:47,509 | INFO  | OMAudit | user=runner | ip=127.0.0.1 | op=READ_VOLUME {"volume":"edb6af41-cbff-43be-8d3b-22471ef26961"} | ret=SUCCESS |  
2025-10-20 19:51:47,510 [ForkJoinPool-1-worker-1] INFO  rpc.RpcClient (RpcClient.java:createBucket(686)) - Creating Bucket: edb6af41-cbff-43be-8d3b-22471ef26961/f7f4be4f-a5d8-4b93-873d-1bddf12fe8be, with bucket layout LEGACY, runner as owner, Versioning false, Storage Type set to DISK and Encryption set to false, Replication Type set to server-side default replication type, Namespace Quota set to -1, Space Quota set to -1 
2025-10-20 19:51:47,511 [om1-OMStateMachineApplyTransactionThread - 0] INFO  bucket.OMBucketCreateRequest (OMBucketCreateRequest.java:validateAndUpdateCache(303)) - created bucket: f7f4be4f-a5d8-4b93-873d-1bddf12fe8be of layout LEGACY in volume: edb6af41-cbff-43be-8d3b-22471ef26961
2025-10-20 19:51:47,511 | INFO  | OMAudit | user=runner | ip=127.0.0.1 | op=CREATE_BUCKET {"volume":"edb6af41-cbff-43be-8d3b-22471ef26961","bucket":"f7f4be4f-a5d8-4b93-873d-1bddf12fe8be","bucketLayout":"LEGACY","gdprEnabled":null,"acls":"[user:runner:a[ACCESS], group:runner:rl[ACCESS]]","isVersionEnabled":"false","storageType":"DISK","creationTime":"1760989907510","bucketEncryptionKey":null,"modificationTime":"1760989907510","usedBytes":"0","usedNamespace":"0","snapshotUsedBytes":"0","snapshotUsedNamespace":"0","owner":"runner","replicationType":null,"replicationConfig":null,"quotaInBytes":"-1","quotaInNamespace":"-1","Transaction":"1817"} | ret=SUCCESS |  
2025-10-20 19:51:47,512 | INFO  | OMAudit | user=runner | ip=127.0.0.1 | op=READ_BUCKET {"volume":"edb6af41-cbff-43be-8d3b-22471ef26961","bucket":"f7f4be4f-a5d8-4b93-873d-1bddf12fe8be"} | ret=SUCCESS |  
2025-10-20 19:51:47,513 | INFO  | OMAudit | user=runner | ip=127.0.0.1 | op=READ_BUCKET {"volume":"edb6af41-cbff-43be-8d3b-22471ef26961","bucket":"f7f4be4f-a5d8-4b93-873d-1bddf12fe8be"} | ret=SUCCESS |  
2025-10-20 19:51:47,514 | INFO  | SCMAudit | user=runner | ip=127.0.0.1 | op=ALLOCATE_BLOCK {"replication":"RATIS/ONE","owner":"omServiceIdDefault","size":"4194304","sampleBlocks":"[conID: 3 locID: 115816896921600516]","num":"1","client":"","allocated":"1"} | ret=SUCCESS |  
2025-10-20 19:51:47,516 | INFO  | OMAudit | user=runner | ip=127.0.0.1 | op=ALLOCATE_KEY {"volume":"edb6af41-cbff-43be-8d3b-22471ef26961","bucket":"f7f4be4f-a5d8-4b93-873d-1bddf12fe8be","key":"36c22616-cfdc-4160-a2ae-7784593a2119","dataSize":"12","replicationType":"RATIS","replicationFactor":"ONE","Transaction":"1818"} | ret=SUCCESS |  
2025-10-20 19:51:47,522 | INFO  | OMAudit | user=runner | ip=127.0.0.1 | op=COMMIT_KEY {"volume":"edb6af41-cbff-43be-8d3b-22471ef26961","bucket":"f7f4be4f-a5d8-4b93-873d-1bddf12fe8be","key":"36c22616-cfdc-4160-a2ae-7784593a2119","dataSize":"12","replicationType":"RATIS","replicationFactor":"ONE","Transaction":"1819"} | ret=SUCCESS |  
2025-10-20 19:51:47,523 | INFO  | OMAudit | user=runner | ip=127.0.0.1 | op=READ_KEY {"volume":"edb6af41-cbff-43be-8d3b-22471ef26961","bucket":"f7f4be4f-a5d8-4b93-873d-1bddf12fe8be","key":"36c22616-cfdc-4160-a2ae-7784593a2119","owner":null,"dataSize":"0","replicationConfig":null} | ret=SUCCESS |  
2025-10-20 19:51:47,525 | INFO  | OMAudit | user=runner | ip=127.0.0.1 | op=PUT_OBJECT_TAGGING {"volume":"edb6af41-cbff-43be-8d3b-22471ef26961","bucket":"f7f4be4f-a5d8-4b93-873d-1bddf12fe8be","key":"36c22616-cfdc-4160-a2ae-7784593a2119","dataSize":"0","Transaction":"1820"} | ret=SUCCESS |  
2025-10-20 19:51:47,527 | INFO  | OMAudit | user=runner | ip=127.0.0.1 | op=READ_KEY {"volume":"edb6af41-cbff-43be-8d3b-22471ef26961","bucket":"f7f4be4f-a5d8-4b93-873d-1bddf12fe8be","key":"36c22616-cfdc-4160-a2ae-7784593a2119","owner":null,"dataSize":"0","replicationConfig":null} | ret=SUCCESS |  
2025-10-20 19:51:47,530 | INFO  | OMAudit | user=runner | ip=127.0.0.1 | op=PUT_OBJECT_TAGGING {"volume":"edb6af41-cbff-43be-8d3b-22471ef26961","bucket":"f7f4be4f-a5d8-4b93-873d-1bddf12fe8be","key":"36c22616-cfdc-4160-a2ae-7784593a2119","dataSize":"0","Transaction":"1821"} | ret=SUCCESS |  
2025-10-20 19:51:47,532 | INFO  | OMAudit | user=runner | ip=127.0.0.1 | op=READ_KEY {"volume":"edb6af41-cbff-43be-8d3b-22471ef26961","bucket":"f7f4be4f-a5d8-4b93-873d-1bddf12fe8be","key":"36c22616-cfdc-4160-a2ae-7784593a2119","owner":null,"dataSize":"0","replicationConfig":null} | ret=SUCCESS |  
]]></system-out>
  </testcase>
  <testcase name="testPutObjectTagging(BucketLayout)[3]" classname="org.apache.hadoop.ozone.client.rpc.TestSecureOzoneRpcClient" time="0.05">
    <system-out><![CDATA[2025-10-20 19:51:47,534 [ForkJoinPool-1-worker-1] INFO  rpc.RpcClient (RpcClient.java:createVolume(461)) - Creating Volume: a33d1c6f-f9f6-40f4-94f2-331f0857a224, with runner as owner and space quota set to -1 bytes, counts quota set to -1
2025-10-20 19:51:47,537 [om1-OMStateMachineApplyTransactionThread - 0] INFO  volume.OMVolumeCreateRequest (OMVolumeCreateRequest.java:validateAndUpdateCache(213)) - created volume:a33d1c6f-f9f6-40f4-94f2-331f0857a224 for user:runner
2025-10-20 19:51:47,537 | INFO  | OMAudit | user=runner | ip=127.0.0.1 | op=CREATE_VOLUME {"admin":"runner","owner":"runner","volume":"a33d1c6f-f9f6-40f4-94f2-331f0857a224","creationTime":"1760989907536","modificationTime":"1760989907536","quotaInBytes":"-1","quotaInNamespace":"-1","usedNamespace":"0","objectID":"-9223372036854309376","updateID":"1822","Transaction":"1822"} | ret=SUCCESS |  
2025-10-20 19:51:47,541 | INFO  | OMAudit | user=runner | ip=127.0.0.1 | op=READ_VOLUME {"volume":"a33d1c6f-f9f6-40f4-94f2-331f0857a224"} | ret=SUCCESS |  
2025-10-20 19:51:47,542 [ForkJoinPool-1-worker-1] INFO  rpc.RpcClient (RpcClient.java:createBucket(686)) - Creating Bucket: a33d1c6f-f9f6-40f4-94f2-331f0857a224/6373e1ad-2f32-4c79-b301-978c7c26036f, with bucket layout FILE_SYSTEM_OPTIMIZED, runner as owner, Versioning false, Storage Type set to DISK and Encryption set to false, Replication Type set to server-side default replication type, Namespace Quota set to -1, Space Quota set to -1 
2025-10-20 19:51:47,545 [om1-OMStateMachineApplyTransactionThread - 0] INFO  bucket.OMBucketCreateRequest (OMBucketCreateRequest.java:validateAndUpdateCache(303)) - created bucket: 6373e1ad-2f32-4c79-b301-978c7c26036f of layout FILE_SYSTEM_OPTIMIZED in volume: a33d1c6f-f9f6-40f4-94f2-331f0857a224
2025-10-20 19:51:47,545 | INFO  | OMAudit | user=runner | ip=127.0.0.1 | op=CREATE_BUCKET {"volume":"a33d1c6f-f9f6-40f4-94f2-331f0857a224","bucket":"6373e1ad-2f32-4c79-b301-978c7c26036f","bucketLayout":"FILE_SYSTEM_OPTIMIZED","gdprEnabled":null,"acls":"[user:runner:a[ACCESS], group:runner:rl[ACCESS]]","isVersionEnabled":"false","storageType":"DISK","creationTime":"1760989907543","bucketEncryptionKey":null,"modificationTime":"1760989907543","usedBytes":"0","usedNamespace":"0","snapshotUsedBytes":"0","snapshotUsedNamespace":"0","owner":"runner","replicationType":null,"replicationConfig":null,"quotaInBytes":"-1","quotaInNamespace":"-1","Transaction":"1823"} | ret=SUCCESS |  
2025-10-20 19:51:47,548 | INFO  | OMAudit | user=runner | ip=127.0.0.1 | op=READ_BUCKET {"volume":"a33d1c6f-f9f6-40f4-94f2-331f0857a224","bucket":"6373e1ad-2f32-4c79-b301-978c7c26036f"} | ret=SUCCESS |  
2025-10-20 19:51:47,549 | INFO  | OMAudit | user=runner | ip=127.0.0.1 | op=READ_BUCKET {"volume":"a33d1c6f-f9f6-40f4-94f2-331f0857a224","bucket":"6373e1ad-2f32-4c79-b301-978c7c26036f"} | ret=SUCCESS |  
2025-10-20 19:51:47,550 | INFO  | SCMAudit | user=runner | ip=127.0.0.1 | op=ALLOCATE_BLOCK {"replication":"RATIS/ONE","owner":"omServiceIdDefault","size":"4194304","sampleBlocks":"[conID: 13 locID: 115816896921600517]","num":"1","client":"","allocated":"1"} | ret=SUCCESS |  
2025-10-20 19:51:47,552 | INFO  | OMAudit | user=runner | ip=127.0.0.1 | op=ALLOCATE_KEY {"volume":"a33d1c6f-f9f6-40f4-94f2-331f0857a224","bucket":"6373e1ad-2f32-4c79-b301-978c7c26036f","key":"1534478f-2b38-4229-ace6-3e8219328537","dataSize":"12","replicationType":"RATIS","replicationFactor":"ONE","Transaction":"1824"} | ret=SUCCESS |  
2025-10-20 19:51:47,561 | INFO  | OMAudit | user=runner | ip=127.0.0.1 | op=COMMIT_KEY {"volume":"a33d1c6f-f9f6-40f4-94f2-331f0857a224","bucket":"6373e1ad-2f32-4c79-b301-978c7c26036f","key":"1534478f-2b38-4229-ace6-3e8219328537","dataSize":"12","replicationType":"RATIS","replicationFactor":"ONE","Transaction":"1825"} | ret=SUCCESS |  
2025-10-20 19:51:47,564 | INFO  | OMAudit | user=runner | ip=127.0.0.1 | op=READ_KEY {"volume":"a33d1c6f-f9f6-40f4-94f2-331f0857a224","bucket":"6373e1ad-2f32-4c79-b301-978c7c26036f","key":"1534478f-2b38-4229-ace6-3e8219328537","owner":null,"dataSize":"0","replicationConfig":null} | ret=SUCCESS |  
2025-10-20 19:51:47,570 | INFO  | OMAudit | user=runner | ip=127.0.0.1 | op=READ_KEY {"volume":"a33d1c6f-f9f6-40f4-94f2-331f0857a224","bucket":"6373e1ad-2f32-4c79-b301-978c7c26036f","key":"1534478f-2b38-4229-ace6-3e8219328537","owner":null,"dataSize":"0","replicationConfig":null} | ret=SUCCESS |  
2025-10-20 19:51:47,574 | INFO  | OMAudit | user=runner | ip=127.0.0.1 | op=READ_KEY {"volume":"a33d1c6f-f9f6-40f4-94f2-331f0857a224","bucket":"6373e1ad-2f32-4c79-b301-978c7c26036f","key":"1534478f-2b38-4229-ace6-3e8219328537","owner":null,"dataSize":"0","replicationConfig":null} | ret=SUCCESS |  
2025-10-20 19:51:47,577 | INFO  | OMAudit | user=runner | ip=127.0.0.1 | op=CREATE_DIRECTORY {"volume":"a33d1c6f-f9f6-40f4-94f2-331f0857a224","bucket":"6373e1ad-2f32-4c79-b301-978c7c26036f","key":"dir1/","dataSize":"0","Transaction":"1828"} | ret=SUCCESS |  
2025-10-20 19:51:47,582 [om1-OMStateMachineApplyTransactionThread - 0] ERROR tagging.S3PutObjectTaggingRequestWithFSO (S3PutObjectTaggingRequestWithFSO.java:validateAndUpdateCache(164)) - Put object tagging failed. Volume:a33d1c6f-f9f6-40f4-94f2-331f0857a224, Bucket:6373e1ad-2f32-4c79-b301-978c7c26036f, Key:dir1.
NOT_SUPPORTED_OPERATION org.apache.hadoop.ozone.om.exceptions.OMException: PutObjectTagging is not currently supported for FSO directory
	at org.apache.hadoop.ozone.om.request.s3.tagging.S3PutObjectTaggingRequestWithFSO.validateAndUpdateCache(S3PutObjectTaggingRequestWithFSO.java:106)
	at org.apache.hadoop.ozone.protocolPB.OzoneManagerRequestHandler.lambda$0(OzoneManagerRequestHandler.java:418)
	at org.apache.hadoop.ozone.util.MetricUtil.captureLatencyNs(MetricUtil.java:45)
	at org.apache.hadoop.ozone.protocolPB.OzoneManagerRequestHandler.handleWriteRequestImpl(OzoneManagerRequestHandler.java:416)
	at org.apache.hadoop.ozone.protocolPB.RequestHandler.handleWriteRequest(RequestHandler.java:62)
	at org.apache.hadoop.ozone.om.ratis.OzoneManagerStateMachine.runCommand(OzoneManagerStateMachine.java:599)
	at org.apache.hadoop.ozone.om.ratis.OzoneManagerStateMachine.lambda$3(OzoneManagerStateMachine.java:415)
	at java.base/java.util.concurrent.CompletableFuture$AsyncSupply.run(CompletableFuture.java:1768)
	at java.base/java.util.concurrent.ThreadPoolExecutor.runWorker(ThreadPoolExecutor.java:1144)
	at java.base/java.util.concurrent.ThreadPoolExecutor$Worker.run(ThreadPoolExecutor.java:642)
	at java.base/java.lang.Thread.run(Thread.java:1583)
]]></system-out>
  </testcase>
  <testcase name="testReadKeyWithCorruptedData" classname="org.apache.hadoop.ozone.client.rpc.TestSecureOzoneRpcClient" time="2.056">
    <system-out><![CDATA[2025-10-20 19:51:47,585 [ForkJoinPool-1-worker-1] INFO  rpc.RpcClient (RpcClient.java:createVolume(461)) - Creating Volume: 965d9f49-35d8-4239-9f7f-06dc483c0eb1, with runner as owner and space quota set to -1 bytes, counts quota set to -1
2025-10-20 19:51:47,588 [om1-OMStateMachineApplyTransactionThread - 0] INFO  volume.OMVolumeCreateRequest (OMVolumeCreateRequest.java:validateAndUpdateCache(213)) - created volume:965d9f49-35d8-4239-9f7f-06dc483c0eb1 for user:runner
2025-10-20 19:51:47,588 | INFO  | OMAudit | user=runner | ip=127.0.0.1 | op=CREATE_VOLUME {"admin":"runner","owner":"runner","volume":"965d9f49-35d8-4239-9f7f-06dc483c0eb1","creationTime":"1760989907586","modificationTime":"1760989907586","quotaInBytes":"-1","quotaInNamespace":"-1","usedNamespace":"0","objectID":"-9223372036854307328","updateID":"1830","Transaction":"1830"} | ret=SUCCESS |  
2025-10-20 19:51:47,590 | INFO  | OMAudit | user=runner | ip=127.0.0.1 | op=READ_VOLUME {"volume":"965d9f49-35d8-4239-9f7f-06dc483c0eb1"} | ret=SUCCESS |  
2025-10-20 19:51:47,590 [ForkJoinPool-1-worker-1] INFO  rpc.RpcClient (RpcClient.java:createBucket(686)) - Creating Bucket: 965d9f49-35d8-4239-9f7f-06dc483c0eb1/4647ad2e-72ab-4274-84cb-23b6c785e070, with server-side default bucket layout, runner as owner, Versioning false, Storage Type set to DISK and Encryption set to false, Replication Type set to server-side default replication type, Namespace Quota set to -1, Space Quota set to -1 
2025-10-20 19:51:47,593 [om1-OMStateMachineApplyTransactionThread - 0] INFO  bucket.OMBucketCreateRequest (OMBucketCreateRequest.java:validateAndUpdateCache(303)) - created bucket: 4647ad2e-72ab-4274-84cb-23b6c785e070 of layout FILE_SYSTEM_OPTIMIZED in volume: 965d9f49-35d8-4239-9f7f-06dc483c0eb1
2025-10-20 19:51:47,594 | INFO  | OMAudit | user=runner | ip=127.0.0.1 | op=CREATE_BUCKET {"volume":"965d9f49-35d8-4239-9f7f-06dc483c0eb1","bucket":"4647ad2e-72ab-4274-84cb-23b6c785e070","bucketLayout":"FILE_SYSTEM_OPTIMIZED","gdprEnabled":null,"acls":"[user:runner:a[ACCESS], group:runner:rl[ACCESS]]","isVersionEnabled":"false","storageType":"DISK","creationTime":"1760989907593","bucketEncryptionKey":null,"modificationTime":"1760989907593","usedBytes":"0","usedNamespace":"0","snapshotUsedBytes":"0","snapshotUsedNamespace":"0","owner":"runner","replicationType":null,"replicationConfig":null,"quotaInBytes":"-1","quotaInNamespace":"-1","Transaction":"1831"} | ret=SUCCESS |  
2025-10-20 19:51:47,598 | INFO  | OMAudit | user=runner | ip=127.0.0.1 | op=READ_BUCKET {"volume":"965d9f49-35d8-4239-9f7f-06dc483c0eb1","bucket":"4647ad2e-72ab-4274-84cb-23b6c785e070"} | ret=SUCCESS |  
2025-10-20 19:51:47,599 | INFO  | OMAudit | user=runner | ip=127.0.0.1 | op=READ_BUCKET {"volume":"965d9f49-35d8-4239-9f7f-06dc483c0eb1","bucket":"4647ad2e-72ab-4274-84cb-23b6c785e070"} | ret=SUCCESS |  
2025-10-20 19:51:47,602 | INFO  | SCMAudit | user=runner | ip=127.0.0.1 | op=ALLOCATE_BLOCK {"replication":"RATIS/ONE","owner":"omServiceIdDefault","size":"4194304","sampleBlocks":"[conID: 4 locID: 115816896921600518]","num":"1","client":"","allocated":"1"} | ret=SUCCESS |  
2025-10-20 19:51:47,605 | INFO  | OMAudit | user=runner | ip=127.0.0.1 | op=ALLOCATE_KEY {"volume":"965d9f49-35d8-4239-9f7f-06dc483c0eb1","bucket":"4647ad2e-72ab-4274-84cb-23b6c785e070","key":"4b2c181a-df2e-4416-86f4-806302ad57d9","dataSize":"12","replicationType":"RATIS","replicationFactor":"ONE","Transaction":"1832"} | ret=SUCCESS |  
2025-10-20 19:51:47,612 | INFO  | OMAudit | user=runner | ip=127.0.0.1 | op=COMMIT_KEY {"volume":"965d9f49-35d8-4239-9f7f-06dc483c0eb1","bucket":"4647ad2e-72ab-4274-84cb-23b6c785e070","key":"4b2c181a-df2e-4416-86f4-806302ad57d9","dataSize":"12","replicationType":"RATIS","replicationFactor":"ONE","Transaction":"1833"} | ret=SUCCESS |  
2025-10-20 19:51:47,614 | INFO  | OMAudit | user=runner | ip=127.0.0.1 | op=READ_KEY {"volume":"965d9f49-35d8-4239-9f7f-06dc483c0eb1","bucket":"4647ad2e-72ab-4274-84cb-23b6c785e070","key":"4b2c181a-df2e-4416-86f4-806302ad57d9","owner":null,"dataSize":"0","replicationConfig":null} | ret=SUCCESS |  
2025-10-20 19:51:47,616 | INFO  | SCMAudit | user=null | ip=null | op=GET_SCM_INFO {} | ret=SUCCESS |  
2025-10-20 19:51:47,631 | INFO  | OMAudit | user=runner | ip=127.0.0.1 | op=READ_KEY {"volume":"965d9f49-35d8-4239-9f7f-06dc483c0eb1","bucket":"4647ad2e-72ab-4274-84cb-23b6c785e070","key":"4b2c181a-df2e-4416-86f4-806302ad57d9","owner":null,"dataSize":"0","replicationConfig":null} | ret=SUCCESS |  
2025-10-20 19:51:47,635 [ForkJoinPool-1-worker-1] WARN  scm.XceiverClientGrpc (XceiverClientGrpc.java:sendCommandWithRetry(500)) - Failed to execute command ReadChunk on the pipeline Pipeline{ Id: 065e8a82-a0e8-459a-9388-6a52cfb43cb2, Nodes: [ {feb39a1c-80cb-4714-ab06-a361236e3029(localhost/127.0.0.1), ReplicaIndex: 0},], ReplicationConfig: STANDALONE/ONE, State:OPEN, leaderId:feb39a1c-80cb-4714-ab06-a361236e3029, CreationTimestamp2025-10-20T19:49:56.733Z[Etc/UTC]}.
2025-10-20 19:51:48,401 | INFO  | SCMAudit | user=runner | ip=127.0.0.1 | op=SEND_HEARTBEAT {"datanodeUUID":"b614738c-cdff-4f09-bf59-ed5bb75d51be","term":"2","command":"[]"} | ret=SUCCESS |  
2025-10-20 19:51:48,401 [EventQueue-PipelineActionsForPipelineActionHandler] INFO  pipeline.PipelineActionHandler (PipelineActionHandler.java:processPipelineAction(89)) - Received pipeline action CLOSE for Pipeline-ba8f49ac-c35b-4342-9840-c8b3a767d7cd from datanode b614738c-cdff-4f09-bf59-ed5bb75d51be(localhost/127.0.0.1). Reason : Ratis Transaction failure in datanode b614738c-cdff-4f09-bf59-ed5bb75d51be with role FOLLOWER .Triggering pipeline close action.
2025-10-20 19:51:48,401 | INFO  | SCMAudit | user=runner | ip=127.0.0.1 | op=SEND_HEARTBEAT {"datanodeUUID":"361055de-215b-4c6c-94c2-be1c1da118d1","term":"2","command":"[]"} | ret=SUCCESS |  
2025-10-20 19:51:48,401 [EventQueue-PipelineActionsForPipelineActionHandler] INFO  pipeline.PipelineActionHandler (PipelineActionHandler.java:processPipelineAction(89)) - Received pipeline action CLOSE for Pipeline-0b8c5e6b-69eb-484b-887e-939de61e1e74 from datanode 361055de-215b-4c6c-94c2-be1c1da118d1(localhost/127.0.0.1). Reason : Ratis Transaction failure in datanode 361055de-215b-4c6c-94c2-be1c1da118d1 with role LEADER .Triggering pipeline close action.
2025-10-20 19:51:48,401 | INFO  | SCMAudit | user=runner | ip=127.0.0.1 | op=SEND_HEARTBEAT {"datanodeUUID":"ef67b0a7-5b27-496d-9f38-ab804a28e500","term":"2","command":"[]"} | ret=SUCCESS |  
2025-10-20 19:51:48,401 [EventQueue-PipelineActionsForPipelineActionHandler] INFO  pipeline.PipelineActionHandler (PipelineActionHandler.java:processPipelineAction(89)) - Received pipeline action CLOSE for Pipeline-aabd30cf-05b8-4e3b-b15e-1aa5f909702d from datanode 361055de-215b-4c6c-94c2-be1c1da118d1(localhost/127.0.0.1). Reason : Ratis Transaction failure in datanode 361055de-215b-4c6c-94c2-be1c1da118d1 with role FOLLOWER .Triggering pipeline close action.
2025-10-20 19:51:48,401 [EventQueue-PipelineActionsForPipelineActionHandler] INFO  pipeline.PipelineActionHandler (PipelineActionHandler.java:processPipelineAction(89)) - Received pipeline action CLOSE for Pipeline-0b8c5e6b-69eb-484b-887e-939de61e1e74 from datanode ef67b0a7-5b27-496d-9f38-ab804a28e500(localhost/127.0.0.1). Reason : Ratis Transaction failure in datanode ef67b0a7-5b27-496d-9f38-ab804a28e500 with role FOLLOWER .Triggering pipeline close action.
2025-10-20 19:51:48,401 [EventQueue-PipelineActionsForPipelineActionHandler] INFO  pipeline.PipelineActionHandler (PipelineActionHandler.java:processPipelineAction(89)) - Received pipeline action CLOSE for Pipeline-aabd30cf-05b8-4e3b-b15e-1aa5f909702d from datanode ef67b0a7-5b27-496d-9f38-ab804a28e500(localhost/127.0.0.1). Reason : Ratis Transaction failure in datanode ef67b0a7-5b27-496d-9f38-ab804a28e500 with role LEADER .Triggering pipeline close action.
2025-10-20 19:51:48,402 | INFO  | SCMAudit | user=runner | ip=127.0.0.1 | op=SEND_HEARTBEAT {"datanodeUUID":"7bb0e7f0-2b36-4ec0-8a09-ceac75d91a36","term":"2","command":"[]"} | ret=SUCCESS |  
2025-10-20 19:51:48,404 | INFO  | SCMAudit | user=runner | ip=127.0.0.1 | op=SEND_HEARTBEAT {"datanodeUUID":"c90bff1f-5a1f-42c6-8fca-9533d718c79a","term":"2","command":"[]"} | ret=SUCCESS |  
2025-10-20 19:51:48,404 [EventQueue-PipelineActionsForPipelineActionHandler] INFO  pipeline.PipelineActionHandler (PipelineActionHandler.java:processPipelineAction(89)) - Received pipeline action CLOSE for Pipeline-ba8f49ac-c35b-4342-9840-c8b3a767d7cd from datanode c90bff1f-5a1f-42c6-8fca-9533d718c79a(localhost/127.0.0.1). Reason : Ratis Transaction failure in datanode c90bff1f-5a1f-42c6-8fca-9533d718c79a with role FOLLOWER .Triggering pipeline close action.
2025-10-20 19:51:48,423 | INFO  | SCMAudit | user=runner | ip=127.0.0.1 | op=SEND_HEARTBEAT {"datanodeUUID":"38991c48-ffb3-4453-b758-77d6b4ebc62b","term":"2","command":"[]"} | ret=SUCCESS |  
2025-10-20 19:51:48,424 | INFO  | SCMAudit | user=runner | ip=127.0.0.1 | op=SEND_HEARTBEAT {"datanodeUUID":"4f2bb3f5-0e03-4f1b-bb4c-79c91b98c7da","term":"2","command":"[]"} | ret=SUCCESS |  
2025-10-20 19:51:48,427 | INFO  | SCMAudit | user=runner | ip=127.0.0.1 | op=SEND_HEARTBEAT {"datanodeUUID":"e05592a5-d00f-4fc1-9e39-a968c1ecb04e","term":"2","command":"[]"} | ret=SUCCESS |  
2025-10-20 19:51:48,427 [EventQueue-PipelineActionsForPipelineActionHandler] INFO  pipeline.PipelineActionHandler (PipelineActionHandler.java:processPipelineAction(89)) - Received pipeline action CLOSE for Pipeline-0b8c5e6b-69eb-484b-887e-939de61e1e74 from datanode e05592a5-d00f-4fc1-9e39-a968c1ecb04e(localhost/127.0.0.1). Reason : Ratis Transaction failure in datanode e05592a5-d00f-4fc1-9e39-a968c1ecb04e with role FOLLOWER .Triggering pipeline close action.
2025-10-20 19:51:48,427 [EventQueue-PipelineActionsForPipelineActionHandler] INFO  pipeline.PipelineActionHandler (PipelineActionHandler.java:processPipelineAction(89)) - Received pipeline action CLOSE for Pipeline-aabd30cf-05b8-4e3b-b15e-1aa5f909702d from datanode e05592a5-d00f-4fc1-9e39-a968c1ecb04e(localhost/127.0.0.1). Reason : Ratis Transaction failure in datanode e05592a5-d00f-4fc1-9e39-a968c1ecb04e with role FOLLOWER .Triggering pipeline close action.
2025-10-20 19:51:48,430 | INFO  | SCMAudit | user=runner | ip=127.0.0.1 | op=SEND_HEARTBEAT {"datanodeUUID":"605be85e-a7f4-44d7-8cfd-f53001b990b0","term":"2","command":"[]"} | ret=SUCCESS |  
2025-10-20 19:51:48,434 | INFO  | SCMAudit | user=runner | ip=127.0.0.1 | op=SEND_HEARTBEAT {"datanodeUUID":"33f74daf-be7a-4306-b2af-53e409c4cb93","term":"2","command":"[]"} | ret=SUCCESS |  
2025-10-20 19:51:48,435 | INFO  | SCMAudit | user=runner | ip=127.0.0.1 | op=SEND_HEARTBEAT {"datanodeUUID":"af0e5da1-57af-45e9-9aca-fa0798d05628","term":"2","command":"[]"} | ret=SUCCESS |  
2025-10-20 19:51:48,435 [EventQueue-PipelineActionsForPipelineActionHandler] INFO  pipeline.PipelineActionHandler (PipelineActionHandler.java:processPipelineAction(89)) - Received pipeline action CLOSE for Pipeline-ba8f49ac-c35b-4342-9840-c8b3a767d7cd from datanode af0e5da1-57af-45e9-9aca-fa0798d05628(localhost/127.0.0.1). Reason : Ratis Transaction failure in datanode af0e5da1-57af-45e9-9aca-fa0798d05628 with role LEADER .Triggering pipeline close action.
2025-10-20 19:51:48,438 | INFO  | SCMAudit | user=runner | ip=127.0.0.1 | op=SEND_HEARTBEAT {"datanodeUUID":"cc7fbe85-1d98-437b-84f9-04213fee10f0","term":"2","command":"[]"} | ret=SUCCESS |  
2025-10-20 19:51:48,439 | INFO  | SCMAudit | user=runner | ip=127.0.0.1 | op=SEND_HEARTBEAT {"datanodeUUID":"d7d8cf72-b9f6-4979-9c53-007dd6e6e48a","term":"2","command":"[]"} | ret=SUCCESS |  
2025-10-20 19:51:48,443 | INFO  | SCMAudit | user=runner | ip=127.0.0.1 | op=SEND_HEARTBEAT {"datanodeUUID":"feb39a1c-80cb-4714-ab06-a361236e3029","term":"2","command":"[]"} | ret=SUCCESS |  
2025-10-20 19:51:48,638 [ForkJoinPool-1-worker-1] WARN  scm.XceiverClientGrpc (XceiverClientGrpc.java:sendCommandWithRetry(500)) - Failed to execute command ReadChunk on the pipeline Pipeline{ Id: 065e8a82-a0e8-459a-9388-6a52cfb43cb2, Nodes: [ {feb39a1c-80cb-4714-ab06-a361236e3029(localhost/127.0.0.1), ReplicaIndex: 0},], ReplicationConfig: STANDALONE/ONE, State:OPEN, leaderId:feb39a1c-80cb-4714-ab06-a361236e3029, CreationTimestamp2025-10-20T19:49:56.733Z[Etc/UTC]}.
2025-10-20 19:51:49,400 | INFO  | SCMAudit | user=runner | ip=127.0.0.1 | op=SEND_HEARTBEAT {"datanodeUUID":"b614738c-cdff-4f09-bf59-ed5bb75d51be","term":"2","command":"[]"} | ret=SUCCESS |  
2025-10-20 19:51:49,400 [EventQueue-PipelineActionsForPipelineActionHandler] INFO  pipeline.PipelineActionHandler (PipelineActionHandler.java:processPipelineAction(89)) - Received pipeline action CLOSE for Pipeline-ba8f49ac-c35b-4342-9840-c8b3a767d7cd from datanode b614738c-cdff-4f09-bf59-ed5bb75d51be(localhost/127.0.0.1). Reason : Ratis Transaction failure in datanode b614738c-cdff-4f09-bf59-ed5bb75d51be with role FOLLOWER .Triggering pipeline close action.
2025-10-20 19:51:49,401 | INFO  | SCMAudit | user=runner | ip=127.0.0.1 | op=SEND_HEARTBEAT {"datanodeUUID":"361055de-215b-4c6c-94c2-be1c1da118d1","term":"2","command":"[]"} | ret=SUCCESS |  
2025-10-20 19:51:49,401 | INFO  | SCMAudit | user=runner | ip=127.0.0.1 | op=SEND_HEARTBEAT {"datanodeUUID":"ef67b0a7-5b27-496d-9f38-ab804a28e500","term":"2","command":"[]"} | ret=SUCCESS |  
2025-10-20 19:51:49,401 [EventQueue-PipelineActionsForPipelineActionHandler] INFO  pipeline.PipelineActionHandler (PipelineActionHandler.java:processPipelineAction(89)) - Received pipeline action CLOSE for Pipeline-0b8c5e6b-69eb-484b-887e-939de61e1e74 from datanode ef67b0a7-5b27-496d-9f38-ab804a28e500(localhost/127.0.0.1). Reason : Ratis Transaction failure in datanode ef67b0a7-5b27-496d-9f38-ab804a28e500 with role FOLLOWER .Triggering pipeline close action.
2025-10-20 19:51:49,401 [EventQueue-PipelineActionsForPipelineActionHandler] INFO  pipeline.PipelineActionHandler (PipelineActionHandler.java:processPipelineAction(89)) - Received pipeline action CLOSE for Pipeline-aabd30cf-05b8-4e3b-b15e-1aa5f909702d from datanode ef67b0a7-5b27-496d-9f38-ab804a28e500(localhost/127.0.0.1). Reason : Ratis Transaction failure in datanode ef67b0a7-5b27-496d-9f38-ab804a28e500 with role LEADER .Triggering pipeline close action.
2025-10-20 19:51:49,401 [EventQueue-PipelineActionsForPipelineActionHandler] INFO  pipeline.PipelineActionHandler (PipelineActionHandler.java:processPipelineAction(89)) - Received pipeline action CLOSE for Pipeline-0b8c5e6b-69eb-484b-887e-939de61e1e74 from datanode 361055de-215b-4c6c-94c2-be1c1da118d1(localhost/127.0.0.1). Reason : Ratis Transaction failure in datanode 361055de-215b-4c6c-94c2-be1c1da118d1 with role LEADER .Triggering pipeline close action.
2025-10-20 19:51:49,401 [EventQueue-PipelineActionsForPipelineActionHandler] INFO  pipeline.PipelineActionHandler (PipelineActionHandler.java:processPipelineAction(89)) - Received pipeline action CLOSE for Pipeline-aabd30cf-05b8-4e3b-b15e-1aa5f909702d from datanode 361055de-215b-4c6c-94c2-be1c1da118d1(localhost/127.0.0.1). Reason : Ratis Transaction failure in datanode 361055de-215b-4c6c-94c2-be1c1da118d1 with role FOLLOWER .Triggering pipeline close action.
2025-10-20 19:51:49,403 | INFO  | SCMAudit | user=runner | ip=127.0.0.1 | op=SEND_HEARTBEAT {"datanodeUUID":"7bb0e7f0-2b36-4ec0-8a09-ceac75d91a36","term":"2","command":"[]"} | ret=SUCCESS |  
2025-10-20 19:51:49,404 | INFO  | SCMAudit | user=runner | ip=127.0.0.1 | op=SEND_HEARTBEAT {"datanodeUUID":"c90bff1f-5a1f-42c6-8fca-9533d718c79a","term":"2","command":"[]"} | ret=SUCCESS |  
2025-10-20 19:51:49,404 [EventQueue-PipelineActionsForPipelineActionHandler] INFO  pipeline.PipelineActionHandler (PipelineActionHandler.java:processPipelineAction(89)) - Received pipeline action CLOSE for Pipeline-ba8f49ac-c35b-4342-9840-c8b3a767d7cd from datanode c90bff1f-5a1f-42c6-8fca-9533d718c79a(localhost/127.0.0.1). Reason : Ratis Transaction failure in datanode c90bff1f-5a1f-42c6-8fca-9533d718c79a with role FOLLOWER .Triggering pipeline close action.
2025-10-20 19:51:49,423 | INFO  | SCMAudit | user=runner | ip=127.0.0.1 | op=SEND_HEARTBEAT {"datanodeUUID":"38991c48-ffb3-4453-b758-77d6b4ebc62b","term":"2","command":"[]"} | ret=SUCCESS |  
2025-10-20 19:51:49,424 | INFO  | SCMAudit | user=runner | ip=127.0.0.1 | op=SEND_HEARTBEAT {"datanodeUUID":"4f2bb3f5-0e03-4f1b-bb4c-79c91b98c7da","term":"2","command":"[]"} | ret=SUCCESS |  
2025-10-20 19:51:49,427 | INFO  | SCMAudit | user=runner | ip=127.0.0.1 | op=SEND_HEARTBEAT {"datanodeUUID":"e05592a5-d00f-4fc1-9e39-a968c1ecb04e","term":"2","command":"[]"} | ret=SUCCESS |  
2025-10-20 19:51:49,427 [EventQueue-PipelineActionsForPipelineActionHandler] INFO  pipeline.PipelineActionHandler (PipelineActionHandler.java:processPipelineAction(89)) - Received pipeline action CLOSE for Pipeline-0b8c5e6b-69eb-484b-887e-939de61e1e74 from datanode e05592a5-d00f-4fc1-9e39-a968c1ecb04e(localhost/127.0.0.1). Reason : Ratis Transaction failure in datanode e05592a5-d00f-4fc1-9e39-a968c1ecb04e with role FOLLOWER .Triggering pipeline close action.
2025-10-20 19:51:49,427 [EventQueue-PipelineActionsForPipelineActionHandler] INFO  pipeline.PipelineActionHandler (PipelineActionHandler.java:processPipelineAction(89)) - Received pipeline action CLOSE for Pipeline-aabd30cf-05b8-4e3b-b15e-1aa5f909702d from datanode e05592a5-d00f-4fc1-9e39-a968c1ecb04e(localhost/127.0.0.1). Reason : Ratis Transaction failure in datanode e05592a5-d00f-4fc1-9e39-a968c1ecb04e with role FOLLOWER .Triggering pipeline close action.
2025-10-20 19:51:49,430 | INFO  | SCMAudit | user=runner | ip=127.0.0.1 | op=SEND_HEARTBEAT {"datanodeUUID":"605be85e-a7f4-44d7-8cfd-f53001b990b0","term":"2","command":"[]"} | ret=SUCCESS |  
2025-10-20 19:51:49,434 | INFO  | SCMAudit | user=runner | ip=127.0.0.1 | op=SEND_HEARTBEAT {"datanodeUUID":"33f74daf-be7a-4306-b2af-53e409c4cb93","term":"2","command":"[]"} | ret=SUCCESS |  
2025-10-20 19:51:49,435 | INFO  | SCMAudit | user=runner | ip=127.0.0.1 | op=SEND_HEARTBEAT {"datanodeUUID":"af0e5da1-57af-45e9-9aca-fa0798d05628","term":"2","command":"[]"} | ret=SUCCESS |  
2025-10-20 19:51:49,435 [EventQueue-PipelineActionsForPipelineActionHandler] INFO  pipeline.PipelineActionHandler (PipelineActionHandler.java:processPipelineAction(89)) - Received pipeline action CLOSE for Pipeline-ba8f49ac-c35b-4342-9840-c8b3a767d7cd from datanode af0e5da1-57af-45e9-9aca-fa0798d05628(localhost/127.0.0.1). Reason : Ratis Transaction failure in datanode af0e5da1-57af-45e9-9aca-fa0798d05628 with role LEADER .Triggering pipeline close action.
2025-10-20 19:51:49,438 | INFO  | SCMAudit | user=runner | ip=127.0.0.1 | op=SEND_HEARTBEAT {"datanodeUUID":"cc7fbe85-1d98-437b-84f9-04213fee10f0","term":"2","command":"[]"} | ret=SUCCESS |  
2025-10-20 19:51:49,439 | INFO  | SCMAudit | user=runner | ip=127.0.0.1 | op=SEND_HEARTBEAT {"datanodeUUID":"d7d8cf72-b9f6-4979-9c53-007dd6e6e48a","term":"2","command":"[]"} | ret=SUCCESS |  
2025-10-20 19:51:49,443 | INFO  | SCMAudit | user=runner | ip=127.0.0.1 | op=SEND_HEARTBEAT {"datanodeUUID":"feb39a1c-80cb-4714-ab06-a361236e3029","term":"2","command":"[]"} | ret=SUCCESS |  
2025-10-20 19:51:49,610 [206580cc-82ee-4213-b95b-59cb1d300b36-server-thread1] INFO  server.RaftServer$Division (RaftServerImpl.java:takeSnapshotAsync(1241)) - 206580cc-82ee-4213-b95b-59cb1d300b36@group-ED2B81D70E54: takeSnapshotAsync SnapshotManagementRequest:client-8064AD067262->206580cc-82ee-4213-b95b-59cb1d300b36@group-ED2B81D70E54, cid=170, seq=null, RO, null, Create:
2025-10-20 19:51:49,610 [206580cc-82ee-4213-b95b-59cb1d300b36-server-thread1] INFO  server.RaftServerConfigKeys (ConfUtils.java:logGet(62)) - raft.server.snapshot.creation.gap = 1024 (default)
2025-10-20 19:51:49,640 [ForkJoinPool-1-worker-1] WARN  scm.XceiverClientGrpc (XceiverClientGrpc.java:sendCommandWithRetry(500)) - Failed to execute command ReadChunk on the pipeline Pipeline{ Id: 065e8a82-a0e8-459a-9388-6a52cfb43cb2, Nodes: [ {feb39a1c-80cb-4714-ab06-a361236e3029(localhost/127.0.0.1), ReplicaIndex: 0},], ReplicationConfig: STANDALONE/ONE, State:OPEN, leaderId:feb39a1c-80cb-4714-ab06-a361236e3029, CreationTimestamp2025-10-20T19:49:56.733Z[Etc/UTC]}.
]]></system-out>
  </testcase>
  <testcase name="testReadKeyWithCorruptedDataWithMutiNodes" classname="org.apache.hadoop.ozone.client.rpc.TestSecureOzoneRpcClient" time="2.135">
    <system-out><![CDATA[2025-10-20 19:51:49,642 [ForkJoinPool-1-worker-1] INFO  rpc.RpcClient (RpcClient.java:createVolume(461)) - Creating Volume: 85b7ed61-3d59-481c-b45b-53c7dfac8a98, with runner as owner and space quota set to -1 bytes, counts quota set to -1
2025-10-20 19:51:49,643 [om1-OMStateMachineApplyTransactionThread - 0] INFO  volume.OMVolumeCreateRequest (OMVolumeCreateRequest.java:validateAndUpdateCache(213)) - created volume:85b7ed61-3d59-481c-b45b-53c7dfac8a98 for user:runner
2025-10-20 19:51:49,644 | INFO  | OMAudit | user=runner | ip=127.0.0.1 | op=CREATE_VOLUME {"admin":"runner","owner":"runner","volume":"85b7ed61-3d59-481c-b45b-53c7dfac8a98","creationTime":"1760989909642","modificationTime":"1760989909642","quotaInBytes":"-1","quotaInNamespace":"-1","usedNamespace":"0","objectID":"-9223372036854306304","updateID":"1834","Transaction":"1834"} | ret=SUCCESS |  
2025-10-20 19:51:49,645 | INFO  | OMAudit | user=runner | ip=127.0.0.1 | op=READ_VOLUME {"volume":"85b7ed61-3d59-481c-b45b-53c7dfac8a98"} | ret=SUCCESS |  
2025-10-20 19:51:49,646 [ForkJoinPool-1-worker-1] INFO  rpc.RpcClient (RpcClient.java:createBucket(686)) - Creating Bucket: 85b7ed61-3d59-481c-b45b-53c7dfac8a98/8a013236-91a2-438f-b9de-5ff9a54f9c29, with server-side default bucket layout, runner as owner, Versioning false, Storage Type set to DISK and Encryption set to false, Replication Type set to server-side default replication type, Namespace Quota set to -1, Space Quota set to -1 
2025-10-20 19:51:49,653 [om1-OMStateMachineApplyTransactionThread - 0] INFO  bucket.OMBucketCreateRequest (OMBucketCreateRequest.java:validateAndUpdateCache(303)) - created bucket: 8a013236-91a2-438f-b9de-5ff9a54f9c29 of layout FILE_SYSTEM_OPTIMIZED in volume: 85b7ed61-3d59-481c-b45b-53c7dfac8a98
2025-10-20 19:51:49,653 | INFO  | OMAudit | user=runner | ip=127.0.0.1 | op=CREATE_BUCKET {"volume":"85b7ed61-3d59-481c-b45b-53c7dfac8a98","bucket":"8a013236-91a2-438f-b9de-5ff9a54f9c29","bucketLayout":"FILE_SYSTEM_OPTIMIZED","gdprEnabled":null,"acls":"[user:runner:a[ACCESS], group:runner:rl[ACCESS]]","isVersionEnabled":"false","storageType":"DISK","creationTime":"1760989909649","bucketEncryptionKey":null,"modificationTime":"1760989909649","usedBytes":"0","usedNamespace":"0","snapshotUsedBytes":"0","snapshotUsedNamespace":"0","owner":"runner","replicationType":null,"replicationConfig":null,"quotaInBytes":"-1","quotaInNamespace":"-1","Transaction":"1835"} | ret=SUCCESS |  
2025-10-20 19:51:49,655 | INFO  | OMAudit | user=runner | ip=127.0.0.1 | op=READ_BUCKET {"volume":"85b7ed61-3d59-481c-b45b-53c7dfac8a98","bucket":"8a013236-91a2-438f-b9de-5ff9a54f9c29"} | ret=SUCCESS |  
2025-10-20 19:51:49,658 | INFO  | OMAudit | user=runner | ip=127.0.0.1 | op=READ_BUCKET {"volume":"85b7ed61-3d59-481c-b45b-53c7dfac8a98","bucket":"8a013236-91a2-438f-b9de-5ff9a54f9c29"} | ret=SUCCESS |  
2025-10-20 19:51:49,660 | INFO  | SCMAudit | user=runner | ip=127.0.0.1 | op=ALLOCATE_BLOCK {"replication":"RATIS/THREE","owner":"omServiceIdDefault","size":"4194304","sampleBlocks":"[conID: 21 locID: 115816896921600519]","num":"1","client":"","allocated":"1"} | ret=SUCCESS |  
2025-10-20 19:51:49,667 | INFO  | OMAudit | user=runner | ip=127.0.0.1 | op=ALLOCATE_KEY {"volume":"85b7ed61-3d59-481c-b45b-53c7dfac8a98","bucket":"8a013236-91a2-438f-b9de-5ff9a54f9c29","key":"ca225c94-7ce8-4fd4-bea6-4bc9a1bf16eb","dataSize":"12","replicationType":"RATIS","replicationFactor":"THREE","Transaction":"1836"} | ret=SUCCESS |  
2025-10-20 19:51:49,696 | INFO  | OMAudit | user=runner | ip=127.0.0.1 | op=COMMIT_KEY {"volume":"85b7ed61-3d59-481c-b45b-53c7dfac8a98","bucket":"8a013236-91a2-438f-b9de-5ff9a54f9c29","key":"ca225c94-7ce8-4fd4-bea6-4bc9a1bf16eb","dataSize":"12","replicationType":"RATIS","replicationFactor":"THREE","Transaction":"1837"} | ret=SUCCESS |  
2025-10-20 19:51:49,699 | INFO  | OMAudit | user=runner | ip=127.0.0.1 | op=READ_KEY {"volume":"85b7ed61-3d59-481c-b45b-53c7dfac8a98","bucket":"8a013236-91a2-438f-b9de-5ff9a54f9c29","key":"ca225c94-7ce8-4fd4-bea6-4bc9a1bf16eb","owner":null,"dataSize":"0","replicationConfig":null} | ret=SUCCESS |  
2025-10-20 19:51:49,703 | INFO  | SCMAudit | user=null | ip=null | op=GET_SCM_INFO {} | ret=SUCCESS |  
2025-10-20 19:51:49,712 | INFO  | OMAudit | user=runner | ip=127.0.0.1 | op=READ_KEY {"volume":"85b7ed61-3d59-481c-b45b-53c7dfac8a98","bucket":"8a013236-91a2-438f-b9de-5ff9a54f9c29","key":"ca225c94-7ce8-4fd4-bea6-4bc9a1bf16eb","owner":null,"dataSize":"0","replicationConfig":null} | ret=SUCCESS |  
2025-10-20 19:51:49,719 | INFO  | SCMAudit | user=null | ip=null | op=GET_SCM_INFO {} | ret=SUCCESS |  
2025-10-20 19:51:49,729 | INFO  | OMAudit | user=runner | ip=127.0.0.1 | op=READ_KEY {"volume":"85b7ed61-3d59-481c-b45b-53c7dfac8a98","bucket":"8a013236-91a2-438f-b9de-5ff9a54f9c29","key":"ca225c94-7ce8-4fd4-bea6-4bc9a1bf16eb","owner":null,"dataSize":"0","replicationConfig":null} | ret=SUCCESS |  
2025-10-20 19:51:49,735 | INFO  | SCMAudit | user=null | ip=null | op=GET_SCM_INFO {} | ret=SUCCESS |  
2025-10-20 19:51:49,744 | INFO  | OMAudit | user=runner | ip=127.0.0.1 | op=READ_KEY {"volume":"85b7ed61-3d59-481c-b45b-53c7dfac8a98","bucket":"8a013236-91a2-438f-b9de-5ff9a54f9c29","key":"ca225c94-7ce8-4fd4-bea6-4bc9a1bf16eb","owner":null,"dataSize":"0","replicationConfig":null} | ret=SUCCESS |  
2025-10-20 19:51:49,751 [ForkJoinPool-1-worker-1] WARN  scm.XceiverClientGrpc (XceiverClientGrpc.java:sendCommandWithRetry(500)) - Failed to execute command ReadChunk on the pipeline Pipeline{ Id: b9872faf-8f47-436e-820e-e9f55728802d, Nodes: [ {7bb0e7f0-2b36-4ec0-8a09-ceac75d91a36(localhost/127.0.0.1), ReplicaIndex: 0}, {605be85e-a7f4-44d7-8cfd-f53001b990b0(localhost/127.0.0.1), ReplicaIndex: 0}, {cc7fbe85-1d98-437b-84f9-04213fee10f0(localhost/127.0.0.1), ReplicaIndex: 0},], ReplicationConfig: STANDALONE/THREE, State:OPEN, leaderId:605be85e-a7f4-44d7-8cfd-f53001b990b0, CreationTimestamp2025-10-20T19:49:55.856Z[Etc/UTC]}.
2025-10-20 19:51:49,752 [ForkJoinPool-1-worker-1] WARN  storage.ContainerProtocolCalls (ContainerProtocolCalls.java:tryEachDatanode(169)) - Failed to read chunk 115816896921600519_chunk_1 (len=12) containerID: 21
localID: 115816896921600519
blockCommitSequenceId: 142
 from 7bb0e7f0-2b36-4ec0-8a09-ceac75d91a36(localhost/127.0.0.1); will try another datanode.
org.apache.hadoop.ozone.common.OzoneChecksumException: Checksum mismatched: this.checksums(0) != that.checksums(0), thisStartIndex=0, this=ChecksumData{CRC32, bytesPerChecksum=16384, checksums=[EF D2 EC 2F]}, that=ChecksumData{CRC32, bytesPerChecksum=16384, checksums=[B5 48 85 73]}
	at org.apache.hadoop.ozone.common.ChecksumData.verifyChecksumDataMatches(ChecksumData.java:127)
	at org.apache.hadoop.ozone.common.Checksum.verifyChecksum(Checksum.java:306)
	at org.apache.hadoop.ozone.common.Checksum.verifyChecksum(Checksum.java:282)
	at org.apache.hadoop.ozone.common.Checksum.verifyChecksum(Checksum.java:330)
	at org.apache.hadoop.hdds.scm.storage.ChunkInputStream.validateChunk(ChunkInputStream.java:500)
	at org.apache.hadoop.hdds.scm.XceiverClientGrpc.sendCommandWithRetry(XceiverClientGrpc.java:457)
	at org.apache.hadoop.hdds.scm.XceiverClientGrpc.lambda$sendCommandWithTraceIDAndRetry$1(XceiverClientGrpc.java:383)
	at org.apache.hadoop.hdds.tracing.TracingUtil.executeInSpan(TracingUtil.java:205)
	at org.apache.hadoop.hdds.tracing.TracingUtil.executeInNewSpan(TracingUtil.java:195)
	at org.apache.hadoop.hdds.scm.XceiverClientGrpc.sendCommandWithTraceIDAndRetry(XceiverClientGrpc.java:375)
	at org.apache.hadoop.hdds.scm.XceiverClientGrpc.sendCommand(XceiverClientGrpc.java:356)
	at org.apache.hadoop.hdds.scm.storage.ContainerProtocolCalls.readChunk(ContainerProtocolCalls.java:397)
	at org.apache.hadoop.hdds.scm.storage.ContainerProtocolCalls.lambda$readChunk$2(ContainerProtocolCalls.java:379)
	at org.apache.hadoop.hdds.scm.storage.ContainerProtocolCalls.tryEachDatanode(ContainerProtocolCalls.java:154)
	at org.apache.hadoop.hdds.scm.storage.ContainerProtocolCalls.readChunk(ContainerProtocolCalls.java:378)
	at org.apache.hadoop.hdds.scm.storage.ChunkInputStream.readChunk(ChunkInputStream.java:440)
	at org.apache.hadoop.hdds.scm.storage.ChunkInputStream.readChunkDataIntoBuffers(ChunkInputStream.java:417)
	at org.apache.hadoop.hdds.scm.storage.ChunkInputStream.readChunkFromContainer(ChunkInputStream.java:402)
	at org.apache.hadoop.hdds.scm.storage.ChunkInputStream.prepareRead(ChunkInputStream.java:344)
	at org.apache.hadoop.hdds.scm.storage.ChunkInputStream.read(ChunkInputStream.java:174)
	at org.apache.hadoop.hdds.scm.storage.ByteArrayReader.readFromBlock(ByteArrayReader.java:51)
	at org.apache.hadoop.hdds.scm.storage.BlockInputStream.readWithStrategy(BlockInputStream.java:376)
	at org.apache.hadoop.hdds.scm.storage.ExtendedInputStream.read(ExtendedInputStream.java:55)
	at org.apache.hadoop.hdds.scm.storage.ByteArrayReader.readFromBlock(ByteArrayReader.java:51)
	at org.apache.hadoop.hdds.scm.storage.MultipartInputStream.readWithStrategy(MultipartInputStream.java:96)
	at org.apache.hadoop.hdds.scm.storage.ExtendedInputStream.read(ExtendedInputStream.java:55)
	at org.apache.hadoop.ozone.client.io.OzoneInputStream.read(OzoneInputStream.java:56)
	at org.apache.commons.io.IOUtils.read(IOUtils.java:1955)
	at org.apache.commons.io.IOUtils.read(IOUtils.java:1931)
	at org.apache.commons.io.IOUtils.readFully(IOUtils.java:2075)
	at org.apache.commons.io.IOUtils.readFully(IOUtils.java:2053)
	at org.apache.hadoop.ozone.client.rpc.OzoneRpcClientTests.lambda$testReadKeyWithCorruptedDataWithMutiNodes$55(OzoneRpcClientTests.java:2539)
	at org.junit.jupiter.api.AssertThrows.assertThrows(AssertThrows.java:53)
	at org.junit.jupiter.api.AssertThrows.assertThrows(AssertThrows.java:35)
	at org.junit.jupiter.api.Assertions.assertThrows(Assertions.java:3128)
	at org.apache.hadoop.ozone.client.rpc.OzoneRpcClientTests.testReadKeyWithCorruptedDataWithMutiNodes(OzoneRpcClientTests.java:2536)
	at java.base/jdk.internal.reflect.DirectMethodHandleAccessor.invoke(DirectMethodHandleAccessor.java:103)
	at java.base/java.lang.reflect.Method.invoke(Method.java:580)
	at org.junit.platform.commons.util.ReflectionUtils.invokeMethod(ReflectionUtils.java:786)
	at org.junit.platform.commons.support.ReflectionSupport.invokeMethod(ReflectionSupport.java:514)
	at org.junit.jupiter.engine.execution.MethodInvocation.proceed(MethodInvocation.java:60)
	at org.junit.jupiter.engine.execution.InvocationInterceptorChain$ValidatingInvocation.proceed(InvocationInterceptorChain.java:131)
	at org.junit.jupiter.engine.extension.SameThreadTimeoutInvocation.proceed(SameThreadTimeoutInvocation.java:49)
	at org.junit.jupiter.engine.extension.TimeoutExtension.intercept(TimeoutExtension.java:161)
	at org.junit.jupiter.engine.extension.TimeoutExtension.interceptTestableMethod(TimeoutExtension.java:152)
	at org.junit.jupiter.engine.extension.TimeoutExtension.interceptTestMethod(TimeoutExtension.java:91)
	at org.junit.jupiter.engine.execution.InterceptingExecutableInvoker$ReflectiveInterceptorCall.lambda$ofVoidMethod$0(InterceptingExecutableInvoker.java:112)
	at org.junit.jupiter.engine.execution.InterceptingExecutableInvoker.lambda$invoke$0(InterceptingExecutableInvoker.java:94)
	at org.junit.jupiter.engine.execution.InvocationInterceptorChain$InterceptedInvocation.proceed(InvocationInterceptorChain.java:106)
	at org.junit.jupiter.engine.execution.InvocationInterceptorChain.proceed(InvocationInterceptorChain.java:64)
	at org.junit.jupiter.engine.execution.InvocationInterceptorChain.chainAndInvoke(InvocationInterceptorChain.java:45)
	at org.junit.jupiter.engine.execution.InvocationInterceptorChain.invoke(InvocationInterceptorChain.java:37)
	at org.junit.jupiter.engine.execution.InterceptingExecutableInvoker.invoke(InterceptingExecutableInvoker.java:93)
	at org.junit.jupiter.engine.execution.InterceptingExecutableInvoker.invoke(InterceptingExecutableInvoker.java:87)
	at org.junit.jupiter.engine.descriptor.TestMethodTestDescriptor.lambda$invokeTestMethod$4(TestMethodTestDescriptor.java:221)
	at org.junit.platform.engine.support.hierarchical.ThrowableCollector.execute(ThrowableCollector.java:73)
	at org.junit.jupiter.engine.descriptor.TestMethodTestDescriptor.invokeTestMethod(TestMethodTestDescriptor.java:217)
	at org.junit.jupiter.engine.descriptor.TestMethodTestDescriptor.execute(TestMethodTestDescriptor.java:159)
	at org.junit.jupiter.engine.descriptor.TestMethodTestDescriptor.execute(TestMethodTestDescriptor.java:70)
	at org.junit.platform.engine.support.hierarchical.NodeTestTask.lambda$executeRecursively$6(NodeTestTask.java:157)
	at org.junit.platform.engine.support.hierarchical.ThrowableCollector.execute(ThrowableCollector.java:73)
	at org.junit.platform.engine.support.hierarchical.NodeTestTask.lambda$executeRecursively$8(NodeTestTask.java:147)
	at org.junit.platform.engine.support.hierarchical.Node.around(Node.java:137)
	at org.junit.platform.engine.support.hierarchical.NodeTestTask.lambda$executeRecursively$9(NodeTestTask.java:145)
	at org.junit.platform.engine.support.hierarchical.ThrowableCollector.execute(ThrowableCollector.java:73)
	at org.junit.platform.engine.support.hierarchical.NodeTestTask.executeRecursively(NodeTestTask.java:144)
	at org.junit.platform.engine.support.hierarchical.NodeTestTask.execute(NodeTestTask.java:101)
	at org.junit.platform.engine.support.hierarchical.ForkJoinPoolHierarchicalTestExecutorService$ExclusiveTask.exec(ForkJoinPoolHierarchicalTestExecutorService.java:274)
	at org.junit.platform.engine.support.hierarchical.ForkJoinPoolHierarchicalTestExecutorService$ExclusiveTask.execSync(ForkJoinPoolHierarchicalTestExecutorService.java:247)
	at org.junit.platform.engine.support.hierarchical.ForkJoinPoolHierarchicalTestExecutorService.executeSync(ForkJoinPoolHierarchicalTestExecutorService.java:194)
	at org.junit.platform.engine.support.hierarchical.ForkJoinPoolHierarchicalTestExecutorService.invokeAll(ForkJoinPoolHierarchicalTestExecutorService.java:166)
	at org.junit.platform.engine.support.hierarchical.NodeTestTask.lambda$executeRecursively$6(NodeTestTask.java:161)
	at org.junit.platform.engine.support.hierarchical.ThrowableCollector.execute(ThrowableCollector.java:73)
	at org.junit.platform.engine.support.hierarchical.NodeTestTask.lambda$executeRecursively$8(NodeTestTask.java:147)
	at org.junit.platform.engine.support.hierarchical.Node.around(Node.java:137)
	at org.junit.platform.engine.support.hierarchical.NodeTestTask.lambda$executeRecursively$9(NodeTestTask.java:145)
	at org.junit.platform.engine.support.hierarchical.ThrowableCollector.execute(ThrowableCollector.java:73)
	at org.junit.platform.engine.support.hierarchical.NodeTestTask.executeRecursively(NodeTestTask.java:144)
	at org.junit.platform.engine.support.hierarchical.NodeTestTask.execute(NodeTestTask.java:101)
	at org.junit.platform.engine.support.hierarchical.ForkJoinPoolHierarchicalTestExecutorService$ExclusiveTask.exec(ForkJoinPoolHierarchicalTestExecutorService.java:274)
	at org.junit.platform.engine.support.hierarchical.ForkJoinPoolHierarchicalTestExecutorService$ExclusiveTask.execSync(ForkJoinPoolHierarchicalTestExecutorService.java:247)
	at org.junit.platform.engine.support.hierarchical.ForkJoinPoolHierarchicalTestExecutorService.invokeAll(ForkJoinPoolHierarchicalTestExecutorService.java:159)
	at org.junit.platform.engine.support.hierarchical.NodeTestTask.lambda$executeRecursively$6(NodeTestTask.java:161)
	at org.junit.platform.engine.support.hierarchical.ThrowableCollector.execute(ThrowableCollector.java:73)
	at org.junit.platform.engine.support.hierarchical.NodeTestTask.lambda$executeRecursively$8(NodeTestTask.java:147)
	at org.junit.platform.engine.support.hierarchical.Node.around(Node.java:137)
	at org.junit.platform.engine.support.hierarchical.NodeTestTask.lambda$executeRecursively$9(NodeTestTask.java:145)
	at org.junit.platform.engine.support.hierarchical.ThrowableCollector.execute(ThrowableCollector.java:73)
	at org.junit.platform.engine.support.hierarchical.NodeTestTask.executeRecursively(NodeTestTask.java:144)
	at org.junit.platform.engine.support.hierarchical.NodeTestTask.execute(NodeTestTask.java:101)
	at org.junit.platform.engine.support.hierarchical.ForkJoinPoolHierarchicalTestExecutorService$ExclusiveTask.exec(ForkJoinPoolHierarchicalTestExecutorService.java:274)
	at java.base/java.util.concurrent.ForkJoinTask.doExec(ForkJoinTask.java:387)
	at java.base/java.util.concurrent.ForkJoinPool$WorkQueue.topLevelExec(ForkJoinPool.java:1312)
	at java.base/java.util.concurrent.ForkJoinPool.scan(ForkJoinPool.java:1843)
	at java.base/java.util.concurrent.ForkJoinPool.runWorker(ForkJoinPool.java:1808)
	at java.base/java.util.concurrent.ForkJoinWorkerThread.run(ForkJoinWorkerThread.java:188)
2025-10-20 19:51:49,755 [ForkJoinPool-1-worker-1] WARN  scm.XceiverClientGrpc (XceiverClientGrpc.java:sendCommandWithRetry(500)) - Failed to execute command ReadChunk on the pipeline Pipeline{ Id: b9872faf-8f47-436e-820e-e9f55728802d, Nodes: [ {7bb0e7f0-2b36-4ec0-8a09-ceac75d91a36(localhost/127.0.0.1), ReplicaIndex: 0}, {605be85e-a7f4-44d7-8cfd-f53001b990b0(localhost/127.0.0.1), ReplicaIndex: 0}, {cc7fbe85-1d98-437b-84f9-04213fee10f0(localhost/127.0.0.1), ReplicaIndex: 0},], ReplicationConfig: STANDALONE/THREE, State:OPEN, leaderId:605be85e-a7f4-44d7-8cfd-f53001b990b0, CreationTimestamp2025-10-20T19:49:55.856Z[Etc/UTC]}.
2025-10-20 19:51:49,755 [ForkJoinPool-1-worker-1] WARN  storage.ContainerProtocolCalls (ContainerProtocolCalls.java:tryEachDatanode(169)) - Failed to read chunk 115816896921600519_chunk_1 (len=12) containerID: 21
localID: 115816896921600519
blockCommitSequenceId: 142
 from 605be85e-a7f4-44d7-8cfd-f53001b990b0(localhost/127.0.0.1); will try another datanode.
org.apache.hadoop.ozone.common.OzoneChecksumException: Checksum mismatched: this.checksums(0) != that.checksums(0), thisStartIndex=0, this=ChecksumData{CRC32, bytesPerChecksum=16384, checksums=[EF D2 EC 2F]}, that=ChecksumData{CRC32, bytesPerChecksum=16384, checksums=[B5 48 85 73]}
	at org.apache.hadoop.ozone.common.ChecksumData.verifyChecksumDataMatches(ChecksumData.java:127)
	at org.apache.hadoop.ozone.common.Checksum.verifyChecksum(Checksum.java:306)
	at org.apache.hadoop.ozone.common.Checksum.verifyChecksum(Checksum.java:282)
	at org.apache.hadoop.ozone.common.Checksum.verifyChecksum(Checksum.java:330)
	at org.apache.hadoop.hdds.scm.storage.ChunkInputStream.validateChunk(ChunkInputStream.java:500)
	at org.apache.hadoop.hdds.scm.XceiverClientGrpc.sendCommandWithRetry(XceiverClientGrpc.java:457)
	at org.apache.hadoop.hdds.scm.XceiverClientGrpc.lambda$sendCommandWithTraceIDAndRetry$1(XceiverClientGrpc.java:383)
	at org.apache.hadoop.hdds.tracing.TracingUtil.executeInSpan(TracingUtil.java:205)
	at org.apache.hadoop.hdds.tracing.TracingUtil.executeInNewSpan(TracingUtil.java:195)
	at org.apache.hadoop.hdds.scm.XceiverClientGrpc.sendCommandWithTraceIDAndRetry(XceiverClientGrpc.java:375)
	at org.apache.hadoop.hdds.scm.XceiverClientGrpc.sendCommand(XceiverClientGrpc.java:356)
	at org.apache.hadoop.hdds.scm.storage.ContainerProtocolCalls.readChunk(ContainerProtocolCalls.java:397)
	at org.apache.hadoop.hdds.scm.storage.ContainerProtocolCalls.lambda$readChunk$2(ContainerProtocolCalls.java:379)
	at org.apache.hadoop.hdds.scm.storage.ContainerProtocolCalls.tryEachDatanode(ContainerProtocolCalls.java:154)
	at org.apache.hadoop.hdds.scm.storage.ContainerProtocolCalls.readChunk(ContainerProtocolCalls.java:378)
	at org.apache.hadoop.hdds.scm.storage.ChunkInputStream.readChunk(ChunkInputStream.java:440)
	at org.apache.hadoop.hdds.scm.storage.ChunkInputStream.readChunkDataIntoBuffers(ChunkInputStream.java:417)
	at org.apache.hadoop.hdds.scm.storage.ChunkInputStream.readChunkFromContainer(ChunkInputStream.java:402)
	at org.apache.hadoop.hdds.scm.storage.ChunkInputStream.prepareRead(ChunkInputStream.java:344)
	at org.apache.hadoop.hdds.scm.storage.ChunkInputStream.read(ChunkInputStream.java:174)
	at org.apache.hadoop.hdds.scm.storage.ByteArrayReader.readFromBlock(ByteArrayReader.java:51)
	at org.apache.hadoop.hdds.scm.storage.BlockInputStream.readWithStrategy(BlockInputStream.java:376)
	at org.apache.hadoop.hdds.scm.storage.ExtendedInputStream.read(ExtendedInputStream.java:55)
	at org.apache.hadoop.hdds.scm.storage.ByteArrayReader.readFromBlock(ByteArrayReader.java:51)
	at org.apache.hadoop.hdds.scm.storage.MultipartInputStream.readWithStrategy(MultipartInputStream.java:96)
	at org.apache.hadoop.hdds.scm.storage.ExtendedInputStream.read(ExtendedInputStream.java:55)
	at org.apache.hadoop.ozone.client.io.OzoneInputStream.read(OzoneInputStream.java:56)
	at org.apache.commons.io.IOUtils.read(IOUtils.java:1955)
	at org.apache.commons.io.IOUtils.read(IOUtils.java:1931)
	at org.apache.commons.io.IOUtils.readFully(IOUtils.java:2075)
	at org.apache.commons.io.IOUtils.readFully(IOUtils.java:2053)
	at org.apache.hadoop.ozone.client.rpc.OzoneRpcClientTests.lambda$testReadKeyWithCorruptedDataWithMutiNodes$55(OzoneRpcClientTests.java:2539)
	at org.junit.jupiter.api.AssertThrows.assertThrows(AssertThrows.java:53)
	at org.junit.jupiter.api.AssertThrows.assertThrows(AssertThrows.java:35)
	at org.junit.jupiter.api.Assertions.assertThrows(Assertions.java:3128)
	at org.apache.hadoop.ozone.client.rpc.OzoneRpcClientTests.testReadKeyWithCorruptedDataWithMutiNodes(OzoneRpcClientTests.java:2536)
	at java.base/jdk.internal.reflect.DirectMethodHandleAccessor.invoke(DirectMethodHandleAccessor.java:103)
	at java.base/java.lang.reflect.Method.invoke(Method.java:580)
	at org.junit.platform.commons.util.ReflectionUtils.invokeMethod(ReflectionUtils.java:786)
	at org.junit.platform.commons.support.ReflectionSupport.invokeMethod(ReflectionSupport.java:514)
	at org.junit.jupiter.engine.execution.MethodInvocation.proceed(MethodInvocation.java:60)
	at org.junit.jupiter.engine.execution.InvocationInterceptorChain$ValidatingInvocation.proceed(InvocationInterceptorChain.java:131)
	at org.junit.jupiter.engine.extension.SameThreadTimeoutInvocation.proceed(SameThreadTimeoutInvocation.java:49)
	at org.junit.jupiter.engine.extension.TimeoutExtension.intercept(TimeoutExtension.java:161)
	at org.junit.jupiter.engine.extension.TimeoutExtension.interceptTestableMethod(TimeoutExtension.java:152)
	at org.junit.jupiter.engine.extension.TimeoutExtension.interceptTestMethod(TimeoutExtension.java:91)
	at org.junit.jupiter.engine.execution.InterceptingExecutableInvoker$ReflectiveInterceptorCall.lambda$ofVoidMethod$0(InterceptingExecutableInvoker.java:112)
	at org.junit.jupiter.engine.execution.InterceptingExecutableInvoker.lambda$invoke$0(InterceptingExecutableInvoker.java:94)
	at org.junit.jupiter.engine.execution.InvocationInterceptorChain$InterceptedInvocation.proceed(InvocationInterceptorChain.java:106)
	at org.junit.jupiter.engine.execution.InvocationInterceptorChain.proceed(InvocationInterceptorChain.java:64)
	at org.junit.jupiter.engine.execution.InvocationInterceptorChain.chainAndInvoke(InvocationInterceptorChain.java:45)
	at org.junit.jupiter.engine.execution.InvocationInterceptorChain.invoke(InvocationInterceptorChain.java:37)
	at org.junit.jupiter.engine.execution.InterceptingExecutableInvoker.invoke(InterceptingExecutableInvoker.java:93)
	at org.junit.jupiter.engine.execution.InterceptingExecutableInvoker.invoke(InterceptingExecutableInvoker.java:87)
	at org.junit.jupiter.engine.descriptor.TestMethodTestDescriptor.lambda$invokeTestMethod$4(TestMethodTestDescriptor.java:221)
	at org.junit.platform.engine.support.hierarchical.ThrowableCollector.execute(ThrowableCollector.java:73)
	at org.junit.jupiter.engine.descriptor.TestMethodTestDescriptor.invokeTestMethod(TestMethodTestDescriptor.java:217)
	at org.junit.jupiter.engine.descriptor.TestMethodTestDescriptor.execute(TestMethodTestDescriptor.java:159)
	at org.junit.jupiter.engine.descriptor.TestMethodTestDescriptor.execute(TestMethodTestDescriptor.java:70)
	at org.junit.platform.engine.support.hierarchical.NodeTestTask.lambda$executeRecursively$6(NodeTestTask.java:157)
	at org.junit.platform.engine.support.hierarchical.ThrowableCollector.execute(ThrowableCollector.java:73)
	at org.junit.platform.engine.support.hierarchical.NodeTestTask.lambda$executeRecursively$8(NodeTestTask.java:147)
	at org.junit.platform.engine.support.hierarchical.Node.around(Node.java:137)
	at org.junit.platform.engine.support.hierarchical.NodeTestTask.lambda$executeRecursively$9(NodeTestTask.java:145)
	at org.junit.platform.engine.support.hierarchical.ThrowableCollector.execute(ThrowableCollector.java:73)
	at org.junit.platform.engine.support.hierarchical.NodeTestTask.executeRecursively(NodeTestTask.java:144)
	at org.junit.platform.engine.support.hierarchical.NodeTestTask.execute(NodeTestTask.java:101)
	at org.junit.platform.engine.support.hierarchical.ForkJoinPoolHierarchicalTestExecutorService$ExclusiveTask.exec(ForkJoinPoolHierarchicalTestExecutorService.java:274)
	at org.junit.platform.engine.support.hierarchical.ForkJoinPoolHierarchicalTestExecutorService$ExclusiveTask.execSync(ForkJoinPoolHierarchicalTestExecutorService.java:247)
	at org.junit.platform.engine.support.hierarchical.ForkJoinPoolHierarchicalTestExecutorService.executeSync(ForkJoinPoolHierarchicalTestExecutorService.java:194)
	at org.junit.platform.engine.support.hierarchical.ForkJoinPoolHierarchicalTestExecutorService.invokeAll(ForkJoinPoolHierarchicalTestExecutorService.java:166)
	at org.junit.platform.engine.support.hierarchical.NodeTestTask.lambda$executeRecursively$6(NodeTestTask.java:161)
	at org.junit.platform.engine.support.hierarchical.ThrowableCollector.execute(ThrowableCollector.java:73)
	at org.junit.platform.engine.support.hierarchical.NodeTestTask.lambda$executeRecursively$8(NodeTestTask.java:147)
	at org.junit.platform.engine.support.hierarchical.Node.around(Node.java:137)
	at org.junit.platform.engine.support.hierarchical.NodeTestTask.lambda$executeRecursively$9(NodeTestTask.java:145)
	at org.junit.platform.engine.support.hierarchical.ThrowableCollector.execute(ThrowableCollector.java:73)
	at org.junit.platform.engine.support.hierarchical.NodeTestTask.executeRecursively(NodeTestTask.java:144)
	at org.junit.platform.engine.support.hierarchical.NodeTestTask.execute(NodeTestTask.java:101)
	at org.junit.platform.engine.support.hierarchical.ForkJoinPoolHierarchicalTestExecutorService$ExclusiveTask.exec(ForkJoinPoolHierarchicalTestExecutorService.java:274)
	at org.junit.platform.engine.support.hierarchical.ForkJoinPoolHierarchicalTestExecutorService$ExclusiveTask.execSync(ForkJoinPoolHierarchicalTestExecutorService.java:247)
	at org.junit.platform.engine.support.hierarchical.ForkJoinPoolHierarchicalTestExecutorService.invokeAll(ForkJoinPoolHierarchicalTestExecutorService.java:159)
	at org.junit.platform.engine.support.hierarchical.NodeTestTask.lambda$executeRecursively$6(NodeTestTask.java:161)
	at org.junit.platform.engine.support.hierarchical.ThrowableCollector.execute(ThrowableCollector.java:73)
	at org.junit.platform.engine.support.hierarchical.NodeTestTask.lambda$executeRecursively$8(NodeTestTask.java:147)
	at org.junit.platform.engine.support.hierarchical.Node.around(Node.java:137)
	at org.junit.platform.engine.support.hierarchical.NodeTestTask.lambda$executeRecursively$9(NodeTestTask.java:145)
	at org.junit.platform.engine.support.hierarchical.ThrowableCollector.execute(ThrowableCollector.java:73)
	at org.junit.platform.engine.support.hierarchical.NodeTestTask.executeRecursively(NodeTestTask.java:144)
	at org.junit.platform.engine.support.hierarchical.NodeTestTask.execute(NodeTestTask.java:101)
	at org.junit.platform.engine.support.hierarchical.ForkJoinPoolHierarchicalTestExecutorService$ExclusiveTask.exec(ForkJoinPoolHierarchicalTestExecutorService.java:274)
	at java.base/java.util.concurrent.ForkJoinTask.doExec(ForkJoinTask.java:387)
	at java.base/java.util.concurrent.ForkJoinPool$WorkQueue.topLevelExec(ForkJoinPool.java:1312)
	at java.base/java.util.concurrent.ForkJoinPool.scan(ForkJoinPool.java:1843)
	at java.base/java.util.concurrent.ForkJoinPool.runWorker(ForkJoinPool.java:1808)
	at java.base/java.util.concurrent.ForkJoinWorkerThread.run(ForkJoinWorkerThread.java:188)
2025-10-20 19:51:49,758 [ForkJoinPool-1-worker-1] WARN  scm.XceiverClientGrpc (XceiverClientGrpc.java:sendCommandWithRetry(500)) - Failed to execute command ReadChunk on the pipeline Pipeline{ Id: b9872faf-8f47-436e-820e-e9f55728802d, Nodes: [ {7bb0e7f0-2b36-4ec0-8a09-ceac75d91a36(localhost/127.0.0.1), ReplicaIndex: 0}, {605be85e-a7f4-44d7-8cfd-f53001b990b0(localhost/127.0.0.1), ReplicaIndex: 0}, {cc7fbe85-1d98-437b-84f9-04213fee10f0(localhost/127.0.0.1), ReplicaIndex: 0},], ReplicationConfig: STANDALONE/THREE, State:OPEN, leaderId:605be85e-a7f4-44d7-8cfd-f53001b990b0, CreationTimestamp2025-10-20T19:49:55.856Z[Etc/UTC]}.
2025-10-20 19:51:50,400 | INFO  | SCMAudit | user=runner | ip=127.0.0.1 | op=SEND_HEARTBEAT {"datanodeUUID":"b614738c-cdff-4f09-bf59-ed5bb75d51be","term":"2","command":"[]"} | ret=SUCCESS |  
2025-10-20 19:51:50,400 [EventQueue-PipelineActionsForPipelineActionHandler] INFO  pipeline.PipelineActionHandler (PipelineActionHandler.java:processPipelineAction(89)) - Received pipeline action CLOSE for Pipeline-ba8f49ac-c35b-4342-9840-c8b3a767d7cd from datanode b614738c-cdff-4f09-bf59-ed5bb75d51be(localhost/127.0.0.1). Reason : Ratis Transaction failure in datanode b614738c-cdff-4f09-bf59-ed5bb75d51be with role FOLLOWER .Triggering pipeline close action.
2025-10-20 19:51:50,401 | INFO  | SCMAudit | user=runner | ip=127.0.0.1 | op=SEND_HEARTBEAT {"datanodeUUID":"361055de-215b-4c6c-94c2-be1c1da118d1","term":"2","command":"[]"} | ret=SUCCESS |  
2025-10-20 19:51:50,401 [EventQueue-PipelineActionsForPipelineActionHandler] INFO  pipeline.PipelineActionHandler (PipelineActionHandler.java:processPipelineAction(89)) - Received pipeline action CLOSE for Pipeline-0b8c5e6b-69eb-484b-887e-939de61e1e74 from datanode 361055de-215b-4c6c-94c2-be1c1da118d1(localhost/127.0.0.1). Reason : Ratis Transaction failure in datanode 361055de-215b-4c6c-94c2-be1c1da118d1 with role LEADER .Triggering pipeline close action.
2025-10-20 19:51:50,401 [EventQueue-PipelineActionsForPipelineActionHandler] INFO  pipeline.PipelineActionHandler (PipelineActionHandler.java:processPipelineAction(89)) - Received pipeline action CLOSE for Pipeline-aabd30cf-05b8-4e3b-b15e-1aa5f909702d from datanode 361055de-215b-4c6c-94c2-be1c1da118d1(localhost/127.0.0.1). Reason : Ratis Transaction failure in datanode 361055de-215b-4c6c-94c2-be1c1da118d1 with role FOLLOWER .Triggering pipeline close action.
2025-10-20 19:51:50,401 | INFO  | SCMAudit | user=runner | ip=127.0.0.1 | op=SEND_HEARTBEAT {"datanodeUUID":"ef67b0a7-5b27-496d-9f38-ab804a28e500","term":"2","command":"[]"} | ret=SUCCESS |  
2025-10-20 19:51:50,401 [EventQueue-PipelineActionsForPipelineActionHandler] INFO  pipeline.PipelineActionHandler (PipelineActionHandler.java:processPipelineAction(89)) - Received pipeline action CLOSE for Pipeline-0b8c5e6b-69eb-484b-887e-939de61e1e74 from datanode ef67b0a7-5b27-496d-9f38-ab804a28e500(localhost/127.0.0.1). Reason : Ratis Transaction failure in datanode ef67b0a7-5b27-496d-9f38-ab804a28e500 with role FOLLOWER .Triggering pipeline close action.
2025-10-20 19:51:50,402 [EventQueue-PipelineActionsForPipelineActionHandler] INFO  pipeline.PipelineActionHandler (PipelineActionHandler.java:processPipelineAction(89)) - Received pipeline action CLOSE for Pipeline-aabd30cf-05b8-4e3b-b15e-1aa5f909702d from datanode ef67b0a7-5b27-496d-9f38-ab804a28e500(localhost/127.0.0.1). Reason : Ratis Transaction failure in datanode ef67b0a7-5b27-496d-9f38-ab804a28e500 with role LEADER .Triggering pipeline close action.
2025-10-20 19:51:50,403 | INFO  | SCMAudit | user=runner | ip=127.0.0.1 | op=SEND_HEARTBEAT {"datanodeUUID":"7bb0e7f0-2b36-4ec0-8a09-ceac75d91a36","term":"2","command":"[]"} | ret=SUCCESS |  
2025-10-20 19:51:50,403 | INFO  | SCMAudit | user=runner | ip=127.0.0.1 | op=SEND_HEARTBEAT {"datanodeUUID":"c90bff1f-5a1f-42c6-8fca-9533d718c79a","term":"2","command":"[]"} | ret=SUCCESS |  
2025-10-20 19:51:50,403 [EventQueue-PipelineActionsForPipelineActionHandler] INFO  pipeline.PipelineActionHandler (PipelineActionHandler.java:processPipelineAction(89)) - Received pipeline action CLOSE for Pipeline-ba8f49ac-c35b-4342-9840-c8b3a767d7cd from datanode c90bff1f-5a1f-42c6-8fca-9533d718c79a(localhost/127.0.0.1). Reason : Ratis Transaction failure in datanode c90bff1f-5a1f-42c6-8fca-9533d718c79a with role FOLLOWER .Triggering pipeline close action.
2025-10-20 19:51:50,423 | INFO  | SCMAudit | user=runner | ip=127.0.0.1 | op=SEND_HEARTBEAT {"datanodeUUID":"38991c48-ffb3-4453-b758-77d6b4ebc62b","term":"2","command":"[]"} | ret=SUCCESS |  
2025-10-20 19:51:50,424 | INFO  | SCMAudit | user=runner | ip=127.0.0.1 | op=SEND_HEARTBEAT {"datanodeUUID":"4f2bb3f5-0e03-4f1b-bb4c-79c91b98c7da","term":"2","command":"[]"} | ret=SUCCESS |  
2025-10-20 19:51:50,427 | INFO  | SCMAudit | user=runner | ip=127.0.0.1 | op=SEND_HEARTBEAT {"datanodeUUID":"e05592a5-d00f-4fc1-9e39-a968c1ecb04e","term":"2","command":"[]"} | ret=SUCCESS |  
2025-10-20 19:51:50,427 [EventQueue-PipelineActionsForPipelineActionHandler] INFO  pipeline.PipelineActionHandler (PipelineActionHandler.java:processPipelineAction(89)) - Received pipeline action CLOSE for Pipeline-0b8c5e6b-69eb-484b-887e-939de61e1e74 from datanode e05592a5-d00f-4fc1-9e39-a968c1ecb04e(localhost/127.0.0.1). Reason : Ratis Transaction failure in datanode e05592a5-d00f-4fc1-9e39-a968c1ecb04e with role FOLLOWER .Triggering pipeline close action.
2025-10-20 19:51:50,427 [EventQueue-PipelineActionsForPipelineActionHandler] INFO  pipeline.PipelineActionHandler (PipelineActionHandler.java:processPipelineAction(89)) - Received pipeline action CLOSE for Pipeline-aabd30cf-05b8-4e3b-b15e-1aa5f909702d from datanode e05592a5-d00f-4fc1-9e39-a968c1ecb04e(localhost/127.0.0.1). Reason : Ratis Transaction failure in datanode e05592a5-d00f-4fc1-9e39-a968c1ecb04e with role FOLLOWER .Triggering pipeline close action.
2025-10-20 19:51:50,431 | INFO  | SCMAudit | user=runner | ip=127.0.0.1 | op=SEND_HEARTBEAT {"datanodeUUID":"605be85e-a7f4-44d7-8cfd-f53001b990b0","term":"2","command":"[]"} | ret=SUCCESS |  
2025-10-20 19:51:50,434 | INFO  | SCMAudit | user=runner | ip=127.0.0.1 | op=SEND_HEARTBEAT {"datanodeUUID":"33f74daf-be7a-4306-b2af-53e409c4cb93","term":"2","command":"[]"} | ret=SUCCESS |  
2025-10-20 19:51:50,435 | INFO  | SCMAudit | user=runner | ip=127.0.0.1 | op=SEND_HEARTBEAT {"datanodeUUID":"af0e5da1-57af-45e9-9aca-fa0798d05628","term":"2","command":"[]"} | ret=SUCCESS |  
2025-10-20 19:51:50,435 [EventQueue-PipelineActionsForPipelineActionHandler] INFO  pipeline.PipelineActionHandler (PipelineActionHandler.java:processPipelineAction(89)) - Received pipeline action CLOSE for Pipeline-ba8f49ac-c35b-4342-9840-c8b3a767d7cd from datanode af0e5da1-57af-45e9-9aca-fa0798d05628(localhost/127.0.0.1). Reason : Ratis Transaction failure in datanode af0e5da1-57af-45e9-9aca-fa0798d05628 with role LEADER .Triggering pipeline close action.
2025-10-20 19:51:50,437 | INFO  | SCMAudit | user=runner | ip=127.0.0.1 | op=SEND_HEARTBEAT {"datanodeUUID":"cc7fbe85-1d98-437b-84f9-04213fee10f0","term":"2","command":"[]"} | ret=SUCCESS |  
2025-10-20 19:51:50,439 | INFO  | SCMAudit | user=runner | ip=127.0.0.1 | op=SEND_HEARTBEAT {"datanodeUUID":"d7d8cf72-b9f6-4979-9c53-007dd6e6e48a","term":"2","command":"[]"} | ret=SUCCESS |  
2025-10-20 19:51:50,443 | INFO  | SCMAudit | user=runner | ip=127.0.0.1 | op=SEND_HEARTBEAT {"datanodeUUID":"feb39a1c-80cb-4714-ab06-a361236e3029","term":"2","command":"[]"} | ret=SUCCESS |  
2025-10-20 19:51:50,761 [ForkJoinPool-1-worker-1] WARN  scm.XceiverClientGrpc (XceiverClientGrpc.java:sendCommandWithRetry(500)) - Failed to execute command ReadChunk on the pipeline Pipeline{ Id: b9872faf-8f47-436e-820e-e9f55728802d, Nodes: [ {7bb0e7f0-2b36-4ec0-8a09-ceac75d91a36(localhost/127.0.0.1), ReplicaIndex: 0}, {605be85e-a7f4-44d7-8cfd-f53001b990b0(localhost/127.0.0.1), ReplicaIndex: 0}, {cc7fbe85-1d98-437b-84f9-04213fee10f0(localhost/127.0.0.1), ReplicaIndex: 0},], ReplicationConfig: STANDALONE/THREE, State:OPEN, leaderId:605be85e-a7f4-44d7-8cfd-f53001b990b0, CreationTimestamp2025-10-20T19:49:55.856Z[Etc/UTC]}.
2025-10-20 19:51:50,761 [ForkJoinPool-1-worker-1] WARN  storage.ContainerProtocolCalls (ContainerProtocolCalls.java:tryEachDatanode(169)) - Failed to read chunk 115816896921600519_chunk_1 (len=12) containerID: 21
localID: 115816896921600519
blockCommitSequenceId: 142
 from 7bb0e7f0-2b36-4ec0-8a09-ceac75d91a36(localhost/127.0.0.1); will try another datanode.
org.apache.hadoop.ozone.common.OzoneChecksumException: Checksum mismatched: this.checksums(0) != that.checksums(0), thisStartIndex=0, this=ChecksumData{CRC32, bytesPerChecksum=16384, checksums=[EF D2 EC 2F]}, that=ChecksumData{CRC32, bytesPerChecksum=16384, checksums=[B5 48 85 73]}
	at org.apache.hadoop.ozone.common.ChecksumData.verifyChecksumDataMatches(ChecksumData.java:127)
	at org.apache.hadoop.ozone.common.Checksum.verifyChecksum(Checksum.java:306)
	at org.apache.hadoop.ozone.common.Checksum.verifyChecksum(Checksum.java:282)
	at org.apache.hadoop.ozone.common.Checksum.verifyChecksum(Checksum.java:330)
	at org.apache.hadoop.hdds.scm.storage.ChunkInputStream.validateChunk(ChunkInputStream.java:500)
	at org.apache.hadoop.hdds.scm.XceiverClientGrpc.sendCommandWithRetry(XceiverClientGrpc.java:457)
	at org.apache.hadoop.hdds.scm.XceiverClientGrpc.lambda$sendCommandWithTraceIDAndRetry$1(XceiverClientGrpc.java:383)
	at org.apache.hadoop.hdds.tracing.TracingUtil.executeInSpan(TracingUtil.java:205)
	at org.apache.hadoop.hdds.tracing.TracingUtil.executeInNewSpan(TracingUtil.java:195)
	at org.apache.hadoop.hdds.scm.XceiverClientGrpc.sendCommandWithTraceIDAndRetry(XceiverClientGrpc.java:375)
	at org.apache.hadoop.hdds.scm.XceiverClientGrpc.sendCommand(XceiverClientGrpc.java:356)
	at org.apache.hadoop.hdds.scm.storage.ContainerProtocolCalls.readChunk(ContainerProtocolCalls.java:397)
	at org.apache.hadoop.hdds.scm.storage.ContainerProtocolCalls.lambda$readChunk$2(ContainerProtocolCalls.java:379)
	at org.apache.hadoop.hdds.scm.storage.ContainerProtocolCalls.tryEachDatanode(ContainerProtocolCalls.java:154)
	at org.apache.hadoop.hdds.scm.storage.ContainerProtocolCalls.readChunk(ContainerProtocolCalls.java:378)
	at org.apache.hadoop.hdds.scm.storage.ChunkInputStream.readChunk(ChunkInputStream.java:440)
	at org.apache.hadoop.hdds.scm.storage.ChunkInputStream.readChunkDataIntoBuffers(ChunkInputStream.java:417)
	at org.apache.hadoop.hdds.scm.storage.ChunkInputStream.readChunkFromContainer(ChunkInputStream.java:402)
	at org.apache.hadoop.hdds.scm.storage.ChunkInputStream.prepareRead(ChunkInputStream.java:334)
	at org.apache.hadoop.hdds.scm.storage.ChunkInputStream.read(ChunkInputStream.java:174)
	at org.apache.hadoop.hdds.scm.storage.ByteArrayReader.readFromBlock(ByteArrayReader.java:51)
	at org.apache.hadoop.hdds.scm.storage.BlockInputStream.readWithStrategy(BlockInputStream.java:376)
	at org.apache.hadoop.hdds.scm.storage.ExtendedInputStream.read(ExtendedInputStream.java:55)
	at org.apache.hadoop.hdds.scm.storage.ByteArrayReader.readFromBlock(ByteArrayReader.java:51)
	at org.apache.hadoop.hdds.scm.storage.MultipartInputStream.readWithStrategy(MultipartInputStream.java:96)
	at org.apache.hadoop.hdds.scm.storage.ExtendedInputStream.read(ExtendedInputStream.java:55)
	at org.apache.hadoop.ozone.client.io.OzoneInputStream.read(OzoneInputStream.java:56)
	at org.apache.commons.io.IOUtils.read(IOUtils.java:1955)
	at org.apache.commons.io.IOUtils.read(IOUtils.java:1931)
	at org.apache.commons.io.IOUtils.readFully(IOUtils.java:2075)
	at org.apache.commons.io.IOUtils.readFully(IOUtils.java:2053)
	at org.apache.hadoop.ozone.client.rpc.OzoneRpcClientTests.lambda$testReadKeyWithCorruptedDataWithMutiNodes$55(OzoneRpcClientTests.java:2539)
	at org.junit.jupiter.api.AssertThrows.assertThrows(AssertThrows.java:53)
	at org.junit.jupiter.api.AssertThrows.assertThrows(AssertThrows.java:35)
	at org.junit.jupiter.api.Assertions.assertThrows(Assertions.java:3128)
	at org.apache.hadoop.ozone.client.rpc.OzoneRpcClientTests.testReadKeyWithCorruptedDataWithMutiNodes(OzoneRpcClientTests.java:2536)
	at java.base/jdk.internal.reflect.DirectMethodHandleAccessor.invoke(DirectMethodHandleAccessor.java:103)
	at java.base/java.lang.reflect.Method.invoke(Method.java:580)
	at org.junit.platform.commons.util.ReflectionUtils.invokeMethod(ReflectionUtils.java:786)
	at org.junit.platform.commons.support.ReflectionSupport.invokeMethod(ReflectionSupport.java:514)
	at org.junit.jupiter.engine.execution.MethodInvocation.proceed(MethodInvocation.java:60)
	at org.junit.jupiter.engine.execution.InvocationInterceptorChain$ValidatingInvocation.proceed(InvocationInterceptorChain.java:131)
	at org.junit.jupiter.engine.extension.SameThreadTimeoutInvocation.proceed(SameThreadTimeoutInvocation.java:49)
	at org.junit.jupiter.engine.extension.TimeoutExtension.intercept(TimeoutExtension.java:161)
	at org.junit.jupiter.engine.extension.TimeoutExtension.interceptTestableMethod(TimeoutExtension.java:152)
	at org.junit.jupiter.engine.extension.TimeoutExtension.interceptTestMethod(TimeoutExtension.java:91)
	at org.junit.jupiter.engine.execution.InterceptingExecutableInvoker$ReflectiveInterceptorCall.lambda$ofVoidMethod$0(InterceptingExecutableInvoker.java:112)
	at org.junit.jupiter.engine.execution.InterceptingExecutableInvoker.lambda$invoke$0(InterceptingExecutableInvoker.java:94)
	at org.junit.jupiter.engine.execution.InvocationInterceptorChain$InterceptedInvocation.proceed(InvocationInterceptorChain.java:106)
	at org.junit.jupiter.engine.execution.InvocationInterceptorChain.proceed(InvocationInterceptorChain.java:64)
	at org.junit.jupiter.engine.execution.InvocationInterceptorChain.chainAndInvoke(InvocationInterceptorChain.java:45)
	at org.junit.jupiter.engine.execution.InvocationInterceptorChain.invoke(InvocationInterceptorChain.java:37)
	at org.junit.jupiter.engine.execution.InterceptingExecutableInvoker.invoke(InterceptingExecutableInvoker.java:93)
	at org.junit.jupiter.engine.execution.InterceptingExecutableInvoker.invoke(InterceptingExecutableInvoker.java:87)
	at org.junit.jupiter.engine.descriptor.TestMethodTestDescriptor.lambda$invokeTestMethod$4(TestMethodTestDescriptor.java:221)
	at org.junit.platform.engine.support.hierarchical.ThrowableCollector.execute(ThrowableCollector.java:73)
	at org.junit.jupiter.engine.descriptor.TestMethodTestDescriptor.invokeTestMethod(TestMethodTestDescriptor.java:217)
	at org.junit.jupiter.engine.descriptor.TestMethodTestDescriptor.execute(TestMethodTestDescriptor.java:159)
	at org.junit.jupiter.engine.descriptor.TestMethodTestDescriptor.execute(TestMethodTestDescriptor.java:70)
	at org.junit.platform.engine.support.hierarchical.NodeTestTask.lambda$executeRecursively$6(NodeTestTask.java:157)
	at org.junit.platform.engine.support.hierarchical.ThrowableCollector.execute(ThrowableCollector.java:73)
	at org.junit.platform.engine.support.hierarchical.NodeTestTask.lambda$executeRecursively$8(NodeTestTask.java:147)
	at org.junit.platform.engine.support.hierarchical.Node.around(Node.java:137)
	at org.junit.platform.engine.support.hierarchical.NodeTestTask.lambda$executeRecursively$9(NodeTestTask.java:145)
	at org.junit.platform.engine.support.hierarchical.ThrowableCollector.execute(ThrowableCollector.java:73)
	at org.junit.platform.engine.support.hierarchical.NodeTestTask.executeRecursively(NodeTestTask.java:144)
	at org.junit.platform.engine.support.hierarchical.NodeTestTask.execute(NodeTestTask.java:101)
	at org.junit.platform.engine.support.hierarchical.ForkJoinPoolHierarchicalTestExecutorService$ExclusiveTask.exec(ForkJoinPoolHierarchicalTestExecutorService.java:274)
	at org.junit.platform.engine.support.hierarchical.ForkJoinPoolHierarchicalTestExecutorService$ExclusiveTask.execSync(ForkJoinPoolHierarchicalTestExecutorService.java:247)
	at org.junit.platform.engine.support.hierarchical.ForkJoinPoolHierarchicalTestExecutorService.executeSync(ForkJoinPoolHierarchicalTestExecutorService.java:194)
	at org.junit.platform.engine.support.hierarchical.ForkJoinPoolHierarchicalTestExecutorService.invokeAll(ForkJoinPoolHierarchicalTestExecutorService.java:166)
	at org.junit.platform.engine.support.hierarchical.NodeTestTask.lambda$executeRecursively$6(NodeTestTask.java:161)
	at org.junit.platform.engine.support.hierarchical.ThrowableCollector.execute(ThrowableCollector.java:73)
	at org.junit.platform.engine.support.hierarchical.NodeTestTask.lambda$executeRecursively$8(NodeTestTask.java:147)
	at org.junit.platform.engine.support.hierarchical.Node.around(Node.java:137)
	at org.junit.platform.engine.support.hierarchical.NodeTestTask.lambda$executeRecursively$9(NodeTestTask.java:145)
	at org.junit.platform.engine.support.hierarchical.ThrowableCollector.execute(ThrowableCollector.java:73)
	at org.junit.platform.engine.support.hierarchical.NodeTestTask.executeRecursively(NodeTestTask.java:144)
	at org.junit.platform.engine.support.hierarchical.NodeTestTask.execute(NodeTestTask.java:101)
	at org.junit.platform.engine.support.hierarchical.ForkJoinPoolHierarchicalTestExecutorService$ExclusiveTask.exec(ForkJoinPoolHierarchicalTestExecutorService.java:274)
	at org.junit.platform.engine.support.hierarchical.ForkJoinPoolHierarchicalTestExecutorService$ExclusiveTask.execSync(ForkJoinPoolHierarchicalTestExecutorService.java:247)
	at org.junit.platform.engine.support.hierarchical.ForkJoinPoolHierarchicalTestExecutorService.invokeAll(ForkJoinPoolHierarchicalTestExecutorService.java:159)
	at org.junit.platform.engine.support.hierarchical.NodeTestTask.lambda$executeRecursively$6(NodeTestTask.java:161)
	at org.junit.platform.engine.support.hierarchical.ThrowableCollector.execute(ThrowableCollector.java:73)
	at org.junit.platform.engine.support.hierarchical.NodeTestTask.lambda$executeRecursively$8(NodeTestTask.java:147)
	at org.junit.platform.engine.support.hierarchical.Node.around(Node.java:137)
	at org.junit.platform.engine.support.hierarchical.NodeTestTask.lambda$executeRecursively$9(NodeTestTask.java:145)
	at org.junit.platform.engine.support.hierarchical.ThrowableCollector.execute(ThrowableCollector.java:73)
	at org.junit.platform.engine.support.hierarchical.NodeTestTask.executeRecursively(NodeTestTask.java:144)
	at org.junit.platform.engine.support.hierarchical.NodeTestTask.execute(NodeTestTask.java:101)
	at org.junit.platform.engine.support.hierarchical.ForkJoinPoolHierarchicalTestExecutorService$ExclusiveTask.exec(ForkJoinPoolHierarchicalTestExecutorService.java:274)
	at java.base/java.util.concurrent.ForkJoinTask.doExec(ForkJoinTask.java:387)
	at java.base/java.util.concurrent.ForkJoinPool$WorkQueue.topLevelExec(ForkJoinPool.java:1312)
	at java.base/java.util.concurrent.ForkJoinPool.scan(ForkJoinPool.java:1843)
	at java.base/java.util.concurrent.ForkJoinPool.runWorker(ForkJoinPool.java:1808)
	at java.base/java.util.concurrent.ForkJoinWorkerThread.run(ForkJoinWorkerThread.java:188)
2025-10-20 19:51:50,764 [ForkJoinPool-1-worker-1] WARN  scm.XceiverClientGrpc (XceiverClientGrpc.java:sendCommandWithRetry(500)) - Failed to execute command ReadChunk on the pipeline Pipeline{ Id: b9872faf-8f47-436e-820e-e9f55728802d, Nodes: [ {7bb0e7f0-2b36-4ec0-8a09-ceac75d91a36(localhost/127.0.0.1), ReplicaIndex: 0}, {605be85e-a7f4-44d7-8cfd-f53001b990b0(localhost/127.0.0.1), ReplicaIndex: 0}, {cc7fbe85-1d98-437b-84f9-04213fee10f0(localhost/127.0.0.1), ReplicaIndex: 0},], ReplicationConfig: STANDALONE/THREE, State:OPEN, leaderId:605be85e-a7f4-44d7-8cfd-f53001b990b0, CreationTimestamp2025-10-20T19:49:55.856Z[Etc/UTC]}.
2025-10-20 19:51:50,764 [ForkJoinPool-1-worker-1] WARN  storage.ContainerProtocolCalls (ContainerProtocolCalls.java:tryEachDatanode(169)) - Failed to read chunk 115816896921600519_chunk_1 (len=12) containerID: 21
localID: 115816896921600519
blockCommitSequenceId: 142
 from 605be85e-a7f4-44d7-8cfd-f53001b990b0(localhost/127.0.0.1); will try another datanode.
org.apache.hadoop.ozone.common.OzoneChecksumException: Checksum mismatched: this.checksums(0) != that.checksums(0), thisStartIndex=0, this=ChecksumData{CRC32, bytesPerChecksum=16384, checksums=[EF D2 EC 2F]}, that=ChecksumData{CRC32, bytesPerChecksum=16384, checksums=[B5 48 85 73]}
	at org.apache.hadoop.ozone.common.ChecksumData.verifyChecksumDataMatches(ChecksumData.java:127)
	at org.apache.hadoop.ozone.common.Checksum.verifyChecksum(Checksum.java:306)
	at org.apache.hadoop.ozone.common.Checksum.verifyChecksum(Checksum.java:282)
	at org.apache.hadoop.ozone.common.Checksum.verifyChecksum(Checksum.java:330)
	at org.apache.hadoop.hdds.scm.storage.ChunkInputStream.validateChunk(ChunkInputStream.java:500)
	at org.apache.hadoop.hdds.scm.XceiverClientGrpc.sendCommandWithRetry(XceiverClientGrpc.java:457)
	at org.apache.hadoop.hdds.scm.XceiverClientGrpc.lambda$sendCommandWithTraceIDAndRetry$1(XceiverClientGrpc.java:383)
	at org.apache.hadoop.hdds.tracing.TracingUtil.executeInSpan(TracingUtil.java:205)
	at org.apache.hadoop.hdds.tracing.TracingUtil.executeInNewSpan(TracingUtil.java:195)
	at org.apache.hadoop.hdds.scm.XceiverClientGrpc.sendCommandWithTraceIDAndRetry(XceiverClientGrpc.java:375)
	at org.apache.hadoop.hdds.scm.XceiverClientGrpc.sendCommand(XceiverClientGrpc.java:356)
	at org.apache.hadoop.hdds.scm.storage.ContainerProtocolCalls.readChunk(ContainerProtocolCalls.java:397)
	at org.apache.hadoop.hdds.scm.storage.ContainerProtocolCalls.lambda$readChunk$2(ContainerProtocolCalls.java:379)
	at org.apache.hadoop.hdds.scm.storage.ContainerProtocolCalls.tryEachDatanode(ContainerProtocolCalls.java:154)
	at org.apache.hadoop.hdds.scm.storage.ContainerProtocolCalls.readChunk(ContainerProtocolCalls.java:378)
	at org.apache.hadoop.hdds.scm.storage.ChunkInputStream.readChunk(ChunkInputStream.java:440)
	at org.apache.hadoop.hdds.scm.storage.ChunkInputStream.readChunkDataIntoBuffers(ChunkInputStream.java:417)
	at org.apache.hadoop.hdds.scm.storage.ChunkInputStream.readChunkFromContainer(ChunkInputStream.java:402)
	at org.apache.hadoop.hdds.scm.storage.ChunkInputStream.prepareRead(ChunkInputStream.java:334)
	at org.apache.hadoop.hdds.scm.storage.ChunkInputStream.read(ChunkInputStream.java:174)
	at org.apache.hadoop.hdds.scm.storage.ByteArrayReader.readFromBlock(ByteArrayReader.java:51)
	at org.apache.hadoop.hdds.scm.storage.BlockInputStream.readWithStrategy(BlockInputStream.java:376)
	at org.apache.hadoop.hdds.scm.storage.ExtendedInputStream.read(ExtendedInputStream.java:55)
	at org.apache.hadoop.hdds.scm.storage.ByteArrayReader.readFromBlock(ByteArrayReader.java:51)
	at org.apache.hadoop.hdds.scm.storage.MultipartInputStream.readWithStrategy(MultipartInputStream.java:96)
	at org.apache.hadoop.hdds.scm.storage.ExtendedInputStream.read(ExtendedInputStream.java:55)
	at org.apache.hadoop.ozone.client.io.OzoneInputStream.read(OzoneInputStream.java:56)
	at org.apache.commons.io.IOUtils.read(IOUtils.java:1955)
	at org.apache.commons.io.IOUtils.read(IOUtils.java:1931)
	at org.apache.commons.io.IOUtils.readFully(IOUtils.java:2075)
	at org.apache.commons.io.IOUtils.readFully(IOUtils.java:2053)
	at org.apache.hadoop.ozone.client.rpc.OzoneRpcClientTests.lambda$testReadKeyWithCorruptedDataWithMutiNodes$55(OzoneRpcClientTests.java:2539)
	at org.junit.jupiter.api.AssertThrows.assertThrows(AssertThrows.java:53)
	at org.junit.jupiter.api.AssertThrows.assertThrows(AssertThrows.java:35)
	at org.junit.jupiter.api.Assertions.assertThrows(Assertions.java:3128)
	at org.apache.hadoop.ozone.client.rpc.OzoneRpcClientTests.testReadKeyWithCorruptedDataWithMutiNodes(OzoneRpcClientTests.java:2536)
	at java.base/jdk.internal.reflect.DirectMethodHandleAccessor.invoke(DirectMethodHandleAccessor.java:103)
	at java.base/java.lang.reflect.Method.invoke(Method.java:580)
	at org.junit.platform.commons.util.ReflectionUtils.invokeMethod(ReflectionUtils.java:786)
	at org.junit.platform.commons.support.ReflectionSupport.invokeMethod(ReflectionSupport.java:514)
	at org.junit.jupiter.engine.execution.MethodInvocation.proceed(MethodInvocation.java:60)
	at org.junit.jupiter.engine.execution.InvocationInterceptorChain$ValidatingInvocation.proceed(InvocationInterceptorChain.java:131)
	at org.junit.jupiter.engine.extension.SameThreadTimeoutInvocation.proceed(SameThreadTimeoutInvocation.java:49)
	at org.junit.jupiter.engine.extension.TimeoutExtension.intercept(TimeoutExtension.java:161)
	at org.junit.jupiter.engine.extension.TimeoutExtension.interceptTestableMethod(TimeoutExtension.java:152)
	at org.junit.jupiter.engine.extension.TimeoutExtension.interceptTestMethod(TimeoutExtension.java:91)
	at org.junit.jupiter.engine.execution.InterceptingExecutableInvoker$ReflectiveInterceptorCall.lambda$ofVoidMethod$0(InterceptingExecutableInvoker.java:112)
	at org.junit.jupiter.engine.execution.InterceptingExecutableInvoker.lambda$invoke$0(InterceptingExecutableInvoker.java:94)
	at org.junit.jupiter.engine.execution.InvocationInterceptorChain$InterceptedInvocation.proceed(InvocationInterceptorChain.java:106)
	at org.junit.jupiter.engine.execution.InvocationInterceptorChain.proceed(InvocationInterceptorChain.java:64)
	at org.junit.jupiter.engine.execution.InvocationInterceptorChain.chainAndInvoke(InvocationInterceptorChain.java:45)
	at org.junit.jupiter.engine.execution.InvocationInterceptorChain.invoke(InvocationInterceptorChain.java:37)
	at org.junit.jupiter.engine.execution.InterceptingExecutableInvoker.invoke(InterceptingExecutableInvoker.java:93)
	at org.junit.jupiter.engine.execution.InterceptingExecutableInvoker.invoke(InterceptingExecutableInvoker.java:87)
	at org.junit.jupiter.engine.descriptor.TestMethodTestDescriptor.lambda$invokeTestMethod$4(TestMethodTestDescriptor.java:221)
	at org.junit.platform.engine.support.hierarchical.ThrowableCollector.execute(ThrowableCollector.java:73)
	at org.junit.jupiter.engine.descriptor.TestMethodTestDescriptor.invokeTestMethod(TestMethodTestDescriptor.java:217)
	at org.junit.jupiter.engine.descriptor.TestMethodTestDescriptor.execute(TestMethodTestDescriptor.java:159)
	at org.junit.jupiter.engine.descriptor.TestMethodTestDescriptor.execute(TestMethodTestDescriptor.java:70)
	at org.junit.platform.engine.support.hierarchical.NodeTestTask.lambda$executeRecursively$6(NodeTestTask.java:157)
	at org.junit.platform.engine.support.hierarchical.ThrowableCollector.execute(ThrowableCollector.java:73)
	at org.junit.platform.engine.support.hierarchical.NodeTestTask.lambda$executeRecursively$8(NodeTestTask.java:147)
	at org.junit.platform.engine.support.hierarchical.Node.around(Node.java:137)
	at org.junit.platform.engine.support.hierarchical.NodeTestTask.lambda$executeRecursively$9(NodeTestTask.java:145)
	at org.junit.platform.engine.support.hierarchical.ThrowableCollector.execute(ThrowableCollector.java:73)
	at org.junit.platform.engine.support.hierarchical.NodeTestTask.executeRecursively(NodeTestTask.java:144)
	at org.junit.platform.engine.support.hierarchical.NodeTestTask.execute(NodeTestTask.java:101)
	at org.junit.platform.engine.support.hierarchical.ForkJoinPoolHierarchicalTestExecutorService$ExclusiveTask.exec(ForkJoinPoolHierarchicalTestExecutorService.java:274)
	at org.junit.platform.engine.support.hierarchical.ForkJoinPoolHierarchicalTestExecutorService$ExclusiveTask.execSync(ForkJoinPoolHierarchicalTestExecutorService.java:247)
	at org.junit.platform.engine.support.hierarchical.ForkJoinPoolHierarchicalTestExecutorService.executeSync(ForkJoinPoolHierarchicalTestExecutorService.java:194)
	at org.junit.platform.engine.support.hierarchical.ForkJoinPoolHierarchicalTestExecutorService.invokeAll(ForkJoinPoolHierarchicalTestExecutorService.java:166)
	at org.junit.platform.engine.support.hierarchical.NodeTestTask.lambda$executeRecursively$6(NodeTestTask.java:161)
	at org.junit.platform.engine.support.hierarchical.ThrowableCollector.execute(ThrowableCollector.java:73)
	at org.junit.platform.engine.support.hierarchical.NodeTestTask.lambda$executeRecursively$8(NodeTestTask.java:147)
	at org.junit.platform.engine.support.hierarchical.Node.around(Node.java:137)
	at org.junit.platform.engine.support.hierarchical.NodeTestTask.lambda$executeRecursively$9(NodeTestTask.java:145)
	at org.junit.platform.engine.support.hierarchical.ThrowableCollector.execute(ThrowableCollector.java:73)
	at org.junit.platform.engine.support.hierarchical.NodeTestTask.executeRecursively(NodeTestTask.java:144)
	at org.junit.platform.engine.support.hierarchical.NodeTestTask.execute(NodeTestTask.java:101)
	at org.junit.platform.engine.support.hierarchical.ForkJoinPoolHierarchicalTestExecutorService$ExclusiveTask.exec(ForkJoinPoolHierarchicalTestExecutorService.java:274)
	at org.junit.platform.engine.support.hierarchical.ForkJoinPoolHierarchicalTestExecutorService$ExclusiveTask.execSync(ForkJoinPoolHierarchicalTestExecutorService.java:247)
	at org.junit.platform.engine.support.hierarchical.ForkJoinPoolHierarchicalTestExecutorService.invokeAll(ForkJoinPoolHierarchicalTestExecutorService.java:159)
	at org.junit.platform.engine.support.hierarchical.NodeTestTask.lambda$executeRecursively$6(NodeTestTask.java:161)
	at org.junit.platform.engine.support.hierarchical.ThrowableCollector.execute(ThrowableCollector.java:73)
	at org.junit.platform.engine.support.hierarchical.NodeTestTask.lambda$executeRecursively$8(NodeTestTask.java:147)
	at org.junit.platform.engine.support.hierarchical.Node.around(Node.java:137)
	at org.junit.platform.engine.support.hierarchical.NodeTestTask.lambda$executeRecursively$9(NodeTestTask.java:145)
	at org.junit.platform.engine.support.hierarchical.ThrowableCollector.execute(ThrowableCollector.java:73)
	at org.junit.platform.engine.support.hierarchical.NodeTestTask.executeRecursively(NodeTestTask.java:144)
	at org.junit.platform.engine.support.hierarchical.NodeTestTask.execute(NodeTestTask.java:101)
	at org.junit.platform.engine.support.hierarchical.ForkJoinPoolHierarchicalTestExecutorService$ExclusiveTask.exec(ForkJoinPoolHierarchicalTestExecutorService.java:274)
	at java.base/java.util.concurrent.ForkJoinTask.doExec(ForkJoinTask.java:387)
	at java.base/java.util.concurrent.ForkJoinPool$WorkQueue.topLevelExec(ForkJoinPool.java:1312)
	at java.base/java.util.concurrent.ForkJoinPool.scan(ForkJoinPool.java:1843)
	at java.base/java.util.concurrent.ForkJoinPool.runWorker(ForkJoinPool.java:1808)
	at java.base/java.util.concurrent.ForkJoinWorkerThread.run(ForkJoinWorkerThread.java:188)
2025-10-20 19:51:50,766 [ForkJoinPool-1-worker-1] WARN  scm.XceiverClientGrpc (XceiverClientGrpc.java:sendCommandWithRetry(500)) - Failed to execute command ReadChunk on the pipeline Pipeline{ Id: b9872faf-8f47-436e-820e-e9f55728802d, Nodes: [ {7bb0e7f0-2b36-4ec0-8a09-ceac75d91a36(localhost/127.0.0.1), ReplicaIndex: 0}, {605be85e-a7f4-44d7-8cfd-f53001b990b0(localhost/127.0.0.1), ReplicaIndex: 0}, {cc7fbe85-1d98-437b-84f9-04213fee10f0(localhost/127.0.0.1), ReplicaIndex: 0},], ReplicationConfig: STANDALONE/THREE, State:OPEN, leaderId:605be85e-a7f4-44d7-8cfd-f53001b990b0, CreationTimestamp2025-10-20T19:49:55.856Z[Etc/UTC]}.
2025-10-20 19:51:51,400 | INFO  | SCMAudit | user=runner | ip=127.0.0.1 | op=SEND_HEARTBEAT {"datanodeUUID":"b614738c-cdff-4f09-bf59-ed5bb75d51be","term":"2","command":"[]"} | ret=SUCCESS |  
2025-10-20 19:51:51,400 [EventQueue-PipelineActionsForPipelineActionHandler] INFO  pipeline.PipelineActionHandler (PipelineActionHandler.java:processPipelineAction(89)) - Received pipeline action CLOSE for Pipeline-ba8f49ac-c35b-4342-9840-c8b3a767d7cd from datanode b614738c-cdff-4f09-bf59-ed5bb75d51be(localhost/127.0.0.1). Reason : Ratis Transaction failure in datanode b614738c-cdff-4f09-bf59-ed5bb75d51be with role FOLLOWER .Triggering pipeline close action.
2025-10-20 19:51:51,402 | INFO  | SCMAudit | user=runner | ip=127.0.0.1 | op=SEND_HEARTBEAT {"datanodeUUID":"361055de-215b-4c6c-94c2-be1c1da118d1","term":"2","command":"[]"} | ret=SUCCESS |  
2025-10-20 19:51:51,402 [EventQueue-PipelineActionsForPipelineActionHandler] INFO  pipeline.PipelineActionHandler (PipelineActionHandler.java:processPipelineAction(89)) - Received pipeline action CLOSE for Pipeline-0b8c5e6b-69eb-484b-887e-939de61e1e74 from datanode 361055de-215b-4c6c-94c2-be1c1da118d1(localhost/127.0.0.1). Reason : Ratis Transaction failure in datanode 361055de-215b-4c6c-94c2-be1c1da118d1 with role LEADER .Triggering pipeline close action.
2025-10-20 19:51:51,402 [EventQueue-PipelineActionsForPipelineActionHandler] INFO  pipeline.PipelineActionHandler (PipelineActionHandler.java:processPipelineAction(89)) - Received pipeline action CLOSE for Pipeline-aabd30cf-05b8-4e3b-b15e-1aa5f909702d from datanode 361055de-215b-4c6c-94c2-be1c1da118d1(localhost/127.0.0.1). Reason : Ratis Transaction failure in datanode 361055de-215b-4c6c-94c2-be1c1da118d1 with role FOLLOWER .Triggering pipeline close action.
2025-10-20 19:51:51,402 | INFO  | SCMAudit | user=runner | ip=127.0.0.1 | op=SEND_HEARTBEAT {"datanodeUUID":"ef67b0a7-5b27-496d-9f38-ab804a28e500","term":"2","command":"[]"} | ret=SUCCESS |  
2025-10-20 19:51:51,402 [EventQueue-PipelineActionsForPipelineActionHandler] INFO  pipeline.PipelineActionHandler (PipelineActionHandler.java:processPipelineAction(89)) - Received pipeline action CLOSE for Pipeline-0b8c5e6b-69eb-484b-887e-939de61e1e74 from datanode ef67b0a7-5b27-496d-9f38-ab804a28e500(localhost/127.0.0.1). Reason : Ratis Transaction failure in datanode ef67b0a7-5b27-496d-9f38-ab804a28e500 with role FOLLOWER .Triggering pipeline close action.
2025-10-20 19:51:51,402 [EventQueue-PipelineActionsForPipelineActionHandler] INFO  pipeline.PipelineActionHandler (PipelineActionHandler.java:processPipelineAction(89)) - Received pipeline action CLOSE for Pipeline-aabd30cf-05b8-4e3b-b15e-1aa5f909702d from datanode ef67b0a7-5b27-496d-9f38-ab804a28e500(localhost/127.0.0.1). Reason : Ratis Transaction failure in datanode ef67b0a7-5b27-496d-9f38-ab804a28e500 with role LEADER .Triggering pipeline close action.
2025-10-20 19:51:51,403 | INFO  | SCMAudit | user=runner | ip=127.0.0.1 | op=SEND_HEARTBEAT {"datanodeUUID":"7bb0e7f0-2b36-4ec0-8a09-ceac75d91a36","term":"2","command":"[]"} | ret=SUCCESS |  
2025-10-20 19:51:51,404 | INFO  | SCMAudit | user=runner | ip=127.0.0.1 | op=SEND_HEARTBEAT {"datanodeUUID":"c90bff1f-5a1f-42c6-8fca-9533d718c79a","term":"2","command":"[]"} | ret=SUCCESS |  
2025-10-20 19:51:51,404 [EventQueue-PipelineActionsForPipelineActionHandler] INFO  pipeline.PipelineActionHandler (PipelineActionHandler.java:processPipelineAction(89)) - Received pipeline action CLOSE for Pipeline-ba8f49ac-c35b-4342-9840-c8b3a767d7cd from datanode c90bff1f-5a1f-42c6-8fca-9533d718c79a(localhost/127.0.0.1). Reason : Ratis Transaction failure in datanode c90bff1f-5a1f-42c6-8fca-9533d718c79a with role FOLLOWER .Triggering pipeline close action.
2025-10-20 19:51:51,423 | INFO  | SCMAudit | user=runner | ip=127.0.0.1 | op=SEND_HEARTBEAT {"datanodeUUID":"38991c48-ffb3-4453-b758-77d6b4ebc62b","term":"2","command":"[]"} | ret=SUCCESS |  
2025-10-20 19:51:51,424 | INFO  | SCMAudit | user=runner | ip=127.0.0.1 | op=SEND_HEARTBEAT {"datanodeUUID":"4f2bb3f5-0e03-4f1b-bb4c-79c91b98c7da","term":"2","command":"[]"} | ret=SUCCESS |  
2025-10-20 19:51:51,427 | INFO  | SCMAudit | user=runner | ip=127.0.0.1 | op=SEND_HEARTBEAT {"datanodeUUID":"e05592a5-d00f-4fc1-9e39-a968c1ecb04e","term":"2","command":"[]"} | ret=SUCCESS |  
2025-10-20 19:51:51,427 [EventQueue-PipelineActionsForPipelineActionHandler] INFO  pipeline.PipelineActionHandler (PipelineActionHandler.java:processPipelineAction(89)) - Received pipeline action CLOSE for Pipeline-0b8c5e6b-69eb-484b-887e-939de61e1e74 from datanode e05592a5-d00f-4fc1-9e39-a968c1ecb04e(localhost/127.0.0.1). Reason : Ratis Transaction failure in datanode e05592a5-d00f-4fc1-9e39-a968c1ecb04e with role FOLLOWER .Triggering pipeline close action.
2025-10-20 19:51:51,428 [EventQueue-PipelineActionsForPipelineActionHandler] INFO  pipeline.PipelineActionHandler (PipelineActionHandler.java:processPipelineAction(89)) - Received pipeline action CLOSE for Pipeline-aabd30cf-05b8-4e3b-b15e-1aa5f909702d from datanode e05592a5-d00f-4fc1-9e39-a968c1ecb04e(localhost/127.0.0.1). Reason : Ratis Transaction failure in datanode e05592a5-d00f-4fc1-9e39-a968c1ecb04e with role FOLLOWER .Triggering pipeline close action.
2025-10-20 19:51:51,431 | INFO  | SCMAudit | user=runner | ip=127.0.0.1 | op=SEND_HEARTBEAT {"datanodeUUID":"605be85e-a7f4-44d7-8cfd-f53001b990b0","term":"2","command":"[]"} | ret=SUCCESS |  
2025-10-20 19:51:51,434 | INFO  | SCMAudit | user=runner | ip=127.0.0.1 | op=SEND_HEARTBEAT {"datanodeUUID":"33f74daf-be7a-4306-b2af-53e409c4cb93","term":"2","command":"[]"} | ret=SUCCESS |  
2025-10-20 19:51:51,436 | INFO  | SCMAudit | user=runner | ip=127.0.0.1 | op=SEND_HEARTBEAT {"datanodeUUID":"af0e5da1-57af-45e9-9aca-fa0798d05628","term":"2","command":"[]"} | ret=SUCCESS |  
2025-10-20 19:51:51,436 [EventQueue-PipelineActionsForPipelineActionHandler] INFO  pipeline.PipelineActionHandler (PipelineActionHandler.java:processPipelineAction(89)) - Received pipeline action CLOSE for Pipeline-ba8f49ac-c35b-4342-9840-c8b3a767d7cd from datanode af0e5da1-57af-45e9-9aca-fa0798d05628(localhost/127.0.0.1). Reason : Ratis Transaction failure in datanode af0e5da1-57af-45e9-9aca-fa0798d05628 with role LEADER .Triggering pipeline close action.
2025-10-20 19:51:51,438 | INFO  | SCMAudit | user=runner | ip=127.0.0.1 | op=SEND_HEARTBEAT {"datanodeUUID":"cc7fbe85-1d98-437b-84f9-04213fee10f0","term":"2","command":"[]"} | ret=SUCCESS |  
2025-10-20 19:51:51,439 | INFO  | SCMAudit | user=runner | ip=127.0.0.1 | op=SEND_HEARTBEAT {"datanodeUUID":"d7d8cf72-b9f6-4979-9c53-007dd6e6e48a","term":"2","command":"[]"} | ret=SUCCESS |  
2025-10-20 19:51:51,443 | INFO  | SCMAudit | user=runner | ip=127.0.0.1 | op=SEND_HEARTBEAT {"datanodeUUID":"feb39a1c-80cb-4714-ab06-a361236e3029","term":"2","command":"[]"} | ret=SUCCESS |  
2025-10-20 19:51:51,770 [ForkJoinPool-1-worker-1] WARN  scm.XceiverClientGrpc (XceiverClientGrpc.java:sendCommandWithRetry(500)) - Failed to execute command ReadChunk on the pipeline Pipeline{ Id: b9872faf-8f47-436e-820e-e9f55728802d, Nodes: [ {7bb0e7f0-2b36-4ec0-8a09-ceac75d91a36(localhost/127.0.0.1), ReplicaIndex: 0}, {605be85e-a7f4-44d7-8cfd-f53001b990b0(localhost/127.0.0.1), ReplicaIndex: 0}, {cc7fbe85-1d98-437b-84f9-04213fee10f0(localhost/127.0.0.1), ReplicaIndex: 0},], ReplicationConfig: STANDALONE/THREE, State:OPEN, leaderId:605be85e-a7f4-44d7-8cfd-f53001b990b0, CreationTimestamp2025-10-20T19:49:55.856Z[Etc/UTC]}.
2025-10-20 19:51:51,770 [ForkJoinPool-1-worker-1] WARN  storage.ContainerProtocolCalls (ContainerProtocolCalls.java:tryEachDatanode(169)) - Failed to read chunk 115816896921600519_chunk_1 (len=12) containerID: 21
localID: 115816896921600519
blockCommitSequenceId: 142
 from 7bb0e7f0-2b36-4ec0-8a09-ceac75d91a36(localhost/127.0.0.1); will try another datanode.
org.apache.hadoop.ozone.common.OzoneChecksumException: Checksum mismatched: this.checksums(0) != that.checksums(0), thisStartIndex=0, this=ChecksumData{CRC32, bytesPerChecksum=16384, checksums=[EF D2 EC 2F]}, that=ChecksumData{CRC32, bytesPerChecksum=16384, checksums=[B5 48 85 73]}
	at org.apache.hadoop.ozone.common.ChecksumData.verifyChecksumDataMatches(ChecksumData.java:127)
	at org.apache.hadoop.ozone.common.Checksum.verifyChecksum(Checksum.java:306)
	at org.apache.hadoop.ozone.common.Checksum.verifyChecksum(Checksum.java:282)
	at org.apache.hadoop.ozone.common.Checksum.verifyChecksum(Checksum.java:330)
	at org.apache.hadoop.hdds.scm.storage.ChunkInputStream.validateChunk(ChunkInputStream.java:500)
	at org.apache.hadoop.hdds.scm.XceiverClientGrpc.sendCommandWithRetry(XceiverClientGrpc.java:457)
	at org.apache.hadoop.hdds.scm.XceiverClientGrpc.lambda$sendCommandWithTraceIDAndRetry$1(XceiverClientGrpc.java:383)
	at org.apache.hadoop.hdds.tracing.TracingUtil.executeInSpan(TracingUtil.java:205)
	at org.apache.hadoop.hdds.tracing.TracingUtil.executeInNewSpan(TracingUtil.java:195)
	at org.apache.hadoop.hdds.scm.XceiverClientGrpc.sendCommandWithTraceIDAndRetry(XceiverClientGrpc.java:375)
	at org.apache.hadoop.hdds.scm.XceiverClientGrpc.sendCommand(XceiverClientGrpc.java:356)
	at org.apache.hadoop.hdds.scm.storage.ContainerProtocolCalls.readChunk(ContainerProtocolCalls.java:397)
	at org.apache.hadoop.hdds.scm.storage.ContainerProtocolCalls.lambda$readChunk$2(ContainerProtocolCalls.java:379)
	at org.apache.hadoop.hdds.scm.storage.ContainerProtocolCalls.tryEachDatanode(ContainerProtocolCalls.java:154)
	at org.apache.hadoop.hdds.scm.storage.ContainerProtocolCalls.readChunk(ContainerProtocolCalls.java:378)
	at org.apache.hadoop.hdds.scm.storage.ChunkInputStream.readChunk(ChunkInputStream.java:440)
	at org.apache.hadoop.hdds.scm.storage.ChunkInputStream.readChunkDataIntoBuffers(ChunkInputStream.java:417)
	at org.apache.hadoop.hdds.scm.storage.ChunkInputStream.readChunkFromContainer(ChunkInputStream.java:402)
	at org.apache.hadoop.hdds.scm.storage.ChunkInputStream.prepareRead(ChunkInputStream.java:334)
	at org.apache.hadoop.hdds.scm.storage.ChunkInputStream.read(ChunkInputStream.java:174)
	at org.apache.hadoop.hdds.scm.storage.ByteArrayReader.readFromBlock(ByteArrayReader.java:51)
	at org.apache.hadoop.hdds.scm.storage.BlockInputStream.readWithStrategy(BlockInputStream.java:376)
	at org.apache.hadoop.hdds.scm.storage.ExtendedInputStream.read(ExtendedInputStream.java:55)
	at org.apache.hadoop.hdds.scm.storage.ByteArrayReader.readFromBlock(ByteArrayReader.java:51)
	at org.apache.hadoop.hdds.scm.storage.MultipartInputStream.readWithStrategy(MultipartInputStream.java:96)
	at org.apache.hadoop.hdds.scm.storage.ExtendedInputStream.read(ExtendedInputStream.java:55)
	at org.apache.hadoop.ozone.client.io.OzoneInputStream.read(OzoneInputStream.java:56)
	at org.apache.commons.io.IOUtils.read(IOUtils.java:1955)
	at org.apache.commons.io.IOUtils.read(IOUtils.java:1931)
	at org.apache.commons.io.IOUtils.readFully(IOUtils.java:2075)
	at org.apache.commons.io.IOUtils.readFully(IOUtils.java:2053)
	at org.apache.hadoop.ozone.client.rpc.OzoneRpcClientTests.lambda$testReadKeyWithCorruptedDataWithMutiNodes$55(OzoneRpcClientTests.java:2539)
	at org.junit.jupiter.api.AssertThrows.assertThrows(AssertThrows.java:53)
	at org.junit.jupiter.api.AssertThrows.assertThrows(AssertThrows.java:35)
	at org.junit.jupiter.api.Assertions.assertThrows(Assertions.java:3128)
	at org.apache.hadoop.ozone.client.rpc.OzoneRpcClientTests.testReadKeyWithCorruptedDataWithMutiNodes(OzoneRpcClientTests.java:2536)
	at java.base/jdk.internal.reflect.DirectMethodHandleAccessor.invoke(DirectMethodHandleAccessor.java:103)
	at java.base/java.lang.reflect.Method.invoke(Method.java:580)
	at org.junit.platform.commons.util.ReflectionUtils.invokeMethod(ReflectionUtils.java:786)
	at org.junit.platform.commons.support.ReflectionSupport.invokeMethod(ReflectionSupport.java:514)
	at org.junit.jupiter.engine.execution.MethodInvocation.proceed(MethodInvocation.java:60)
	at org.junit.jupiter.engine.execution.InvocationInterceptorChain$ValidatingInvocation.proceed(InvocationInterceptorChain.java:131)
	at org.junit.jupiter.engine.extension.SameThreadTimeoutInvocation.proceed(SameThreadTimeoutInvocation.java:49)
	at org.junit.jupiter.engine.extension.TimeoutExtension.intercept(TimeoutExtension.java:161)
	at org.junit.jupiter.engine.extension.TimeoutExtension.interceptTestableMethod(TimeoutExtension.java:152)
	at org.junit.jupiter.engine.extension.TimeoutExtension.interceptTestMethod(TimeoutExtension.java:91)
	at org.junit.jupiter.engine.execution.InterceptingExecutableInvoker$ReflectiveInterceptorCall.lambda$ofVoidMethod$0(InterceptingExecutableInvoker.java:112)
	at org.junit.jupiter.engine.execution.InterceptingExecutableInvoker.lambda$invoke$0(InterceptingExecutableInvoker.java:94)
	at org.junit.jupiter.engine.execution.InvocationInterceptorChain$InterceptedInvocation.proceed(InvocationInterceptorChain.java:106)
	at org.junit.jupiter.engine.execution.InvocationInterceptorChain.proceed(InvocationInterceptorChain.java:64)
	at org.junit.jupiter.engine.execution.InvocationInterceptorChain.chainAndInvoke(InvocationInterceptorChain.java:45)
	at org.junit.jupiter.engine.execution.InvocationInterceptorChain.invoke(InvocationInterceptorChain.java:37)
	at org.junit.jupiter.engine.execution.InterceptingExecutableInvoker.invoke(InterceptingExecutableInvoker.java:93)
	at org.junit.jupiter.engine.execution.InterceptingExecutableInvoker.invoke(InterceptingExecutableInvoker.java:87)
	at org.junit.jupiter.engine.descriptor.TestMethodTestDescriptor.lambda$invokeTestMethod$4(TestMethodTestDescriptor.java:221)
	at org.junit.platform.engine.support.hierarchical.ThrowableCollector.execute(ThrowableCollector.java:73)
	at org.junit.jupiter.engine.descriptor.TestMethodTestDescriptor.invokeTestMethod(TestMethodTestDescriptor.java:217)
	at org.junit.jupiter.engine.descriptor.TestMethodTestDescriptor.execute(TestMethodTestDescriptor.java:159)
	at org.junit.jupiter.engine.descriptor.TestMethodTestDescriptor.execute(TestMethodTestDescriptor.java:70)
	at org.junit.platform.engine.support.hierarchical.NodeTestTask.lambda$executeRecursively$6(NodeTestTask.java:157)
	at org.junit.platform.engine.support.hierarchical.ThrowableCollector.execute(ThrowableCollector.java:73)
	at org.junit.platform.engine.support.hierarchical.NodeTestTask.lambda$executeRecursively$8(NodeTestTask.java:147)
	at org.junit.platform.engine.support.hierarchical.Node.around(Node.java:137)
	at org.junit.platform.engine.support.hierarchical.NodeTestTask.lambda$executeRecursively$9(NodeTestTask.java:145)
	at org.junit.platform.engine.support.hierarchical.ThrowableCollector.execute(ThrowableCollector.java:73)
	at org.junit.platform.engine.support.hierarchical.NodeTestTask.executeRecursively(NodeTestTask.java:144)
	at org.junit.platform.engine.support.hierarchical.NodeTestTask.execute(NodeTestTask.java:101)
	at org.junit.platform.engine.support.hierarchical.ForkJoinPoolHierarchicalTestExecutorService$ExclusiveTask.exec(ForkJoinPoolHierarchicalTestExecutorService.java:274)
	at org.junit.platform.engine.support.hierarchical.ForkJoinPoolHierarchicalTestExecutorService$ExclusiveTask.execSync(ForkJoinPoolHierarchicalTestExecutorService.java:247)
	at org.junit.platform.engine.support.hierarchical.ForkJoinPoolHierarchicalTestExecutorService.executeSync(ForkJoinPoolHierarchicalTestExecutorService.java:194)
	at org.junit.platform.engine.support.hierarchical.ForkJoinPoolHierarchicalTestExecutorService.invokeAll(ForkJoinPoolHierarchicalTestExecutorService.java:166)
	at org.junit.platform.engine.support.hierarchical.NodeTestTask.lambda$executeRecursively$6(NodeTestTask.java:161)
	at org.junit.platform.engine.support.hierarchical.ThrowableCollector.execute(ThrowableCollector.java:73)
	at org.junit.platform.engine.support.hierarchical.NodeTestTask.lambda$executeRecursively$8(NodeTestTask.java:147)
	at org.junit.platform.engine.support.hierarchical.Node.around(Node.java:137)
	at org.junit.platform.engine.support.hierarchical.NodeTestTask.lambda$executeRecursively$9(NodeTestTask.java:145)
	at org.junit.platform.engine.support.hierarchical.ThrowableCollector.execute(ThrowableCollector.java:73)
	at org.junit.platform.engine.support.hierarchical.NodeTestTask.executeRecursively(NodeTestTask.java:144)
	at org.junit.platform.engine.support.hierarchical.NodeTestTask.execute(NodeTestTask.java:101)
	at org.junit.platform.engine.support.hierarchical.ForkJoinPoolHierarchicalTestExecutorService$ExclusiveTask.exec(ForkJoinPoolHierarchicalTestExecutorService.java:274)
	at org.junit.platform.engine.support.hierarchical.ForkJoinPoolHierarchicalTestExecutorService$ExclusiveTask.execSync(ForkJoinPoolHierarchicalTestExecutorService.java:247)
	at org.junit.platform.engine.support.hierarchical.ForkJoinPoolHierarchicalTestExecutorService.invokeAll(ForkJoinPoolHierarchicalTestExecutorService.java:159)
	at org.junit.platform.engine.support.hierarchical.NodeTestTask.lambda$executeRecursively$6(NodeTestTask.java:161)
	at org.junit.platform.engine.support.hierarchical.ThrowableCollector.execute(ThrowableCollector.java:73)
	at org.junit.platform.engine.support.hierarchical.NodeTestTask.lambda$executeRecursively$8(NodeTestTask.java:147)
	at org.junit.platform.engine.support.hierarchical.Node.around(Node.java:137)
	at org.junit.platform.engine.support.hierarchical.NodeTestTask.lambda$executeRecursively$9(NodeTestTask.java:145)
	at org.junit.platform.engine.support.hierarchical.ThrowableCollector.execute(ThrowableCollector.java:73)
	at org.junit.platform.engine.support.hierarchical.NodeTestTask.executeRecursively(NodeTestTask.java:144)
	at org.junit.platform.engine.support.hierarchical.NodeTestTask.execute(NodeTestTask.java:101)
	at org.junit.platform.engine.support.hierarchical.ForkJoinPoolHierarchicalTestExecutorService$ExclusiveTask.exec(ForkJoinPoolHierarchicalTestExecutorService.java:274)
	at java.base/java.util.concurrent.ForkJoinTask.doExec(ForkJoinTask.java:387)
	at java.base/java.util.concurrent.ForkJoinPool$WorkQueue.topLevelExec(ForkJoinPool.java:1312)
	at java.base/java.util.concurrent.ForkJoinPool.scan(ForkJoinPool.java:1843)
	at java.base/java.util.concurrent.ForkJoinPool.runWorker(ForkJoinPool.java:1808)
	at java.base/java.util.concurrent.ForkJoinWorkerThread.run(ForkJoinWorkerThread.java:188)
2025-10-20 19:51:51,772 [ForkJoinPool-1-worker-1] WARN  scm.XceiverClientGrpc (XceiverClientGrpc.java:sendCommandWithRetry(500)) - Failed to execute command ReadChunk on the pipeline Pipeline{ Id: b9872faf-8f47-436e-820e-e9f55728802d, Nodes: [ {7bb0e7f0-2b36-4ec0-8a09-ceac75d91a36(localhost/127.0.0.1), ReplicaIndex: 0}, {605be85e-a7f4-44d7-8cfd-f53001b990b0(localhost/127.0.0.1), ReplicaIndex: 0}, {cc7fbe85-1d98-437b-84f9-04213fee10f0(localhost/127.0.0.1), ReplicaIndex: 0},], ReplicationConfig: STANDALONE/THREE, State:OPEN, leaderId:605be85e-a7f4-44d7-8cfd-f53001b990b0, CreationTimestamp2025-10-20T19:49:55.856Z[Etc/UTC]}.
2025-10-20 19:51:51,773 [ForkJoinPool-1-worker-1] WARN  storage.ContainerProtocolCalls (ContainerProtocolCalls.java:tryEachDatanode(169)) - Failed to read chunk 115816896921600519_chunk_1 (len=12) containerID: 21
localID: 115816896921600519
blockCommitSequenceId: 142
 from 605be85e-a7f4-44d7-8cfd-f53001b990b0(localhost/127.0.0.1); will try another datanode.
org.apache.hadoop.ozone.common.OzoneChecksumException: Checksum mismatched: this.checksums(0) != that.checksums(0), thisStartIndex=0, this=ChecksumData{CRC32, bytesPerChecksum=16384, checksums=[EF D2 EC 2F]}, that=ChecksumData{CRC32, bytesPerChecksum=16384, checksums=[B5 48 85 73]}
	at org.apache.hadoop.ozone.common.ChecksumData.verifyChecksumDataMatches(ChecksumData.java:127)
	at org.apache.hadoop.ozone.common.Checksum.verifyChecksum(Checksum.java:306)
	at org.apache.hadoop.ozone.common.Checksum.verifyChecksum(Checksum.java:282)
	at org.apache.hadoop.ozone.common.Checksum.verifyChecksum(Checksum.java:330)
	at org.apache.hadoop.hdds.scm.storage.ChunkInputStream.validateChunk(ChunkInputStream.java:500)
	at org.apache.hadoop.hdds.scm.XceiverClientGrpc.sendCommandWithRetry(XceiverClientGrpc.java:457)
	at org.apache.hadoop.hdds.scm.XceiverClientGrpc.lambda$sendCommandWithTraceIDAndRetry$1(XceiverClientGrpc.java:383)
	at org.apache.hadoop.hdds.tracing.TracingUtil.executeInSpan(TracingUtil.java:205)
	at org.apache.hadoop.hdds.tracing.TracingUtil.executeInNewSpan(TracingUtil.java:195)
	at org.apache.hadoop.hdds.scm.XceiverClientGrpc.sendCommandWithTraceIDAndRetry(XceiverClientGrpc.java:375)
	at org.apache.hadoop.hdds.scm.XceiverClientGrpc.sendCommand(XceiverClientGrpc.java:356)
	at org.apache.hadoop.hdds.scm.storage.ContainerProtocolCalls.readChunk(ContainerProtocolCalls.java:397)
	at org.apache.hadoop.hdds.scm.storage.ContainerProtocolCalls.lambda$readChunk$2(ContainerProtocolCalls.java:379)
	at org.apache.hadoop.hdds.scm.storage.ContainerProtocolCalls.tryEachDatanode(ContainerProtocolCalls.java:154)
	at org.apache.hadoop.hdds.scm.storage.ContainerProtocolCalls.readChunk(ContainerProtocolCalls.java:378)
	at org.apache.hadoop.hdds.scm.storage.ChunkInputStream.readChunk(ChunkInputStream.java:440)
	at org.apache.hadoop.hdds.scm.storage.ChunkInputStream.readChunkDataIntoBuffers(ChunkInputStream.java:417)
	at org.apache.hadoop.hdds.scm.storage.ChunkInputStream.readChunkFromContainer(ChunkInputStream.java:402)
	at org.apache.hadoop.hdds.scm.storage.ChunkInputStream.prepareRead(ChunkInputStream.java:334)
	at org.apache.hadoop.hdds.scm.storage.ChunkInputStream.read(ChunkInputStream.java:174)
	at org.apache.hadoop.hdds.scm.storage.ByteArrayReader.readFromBlock(ByteArrayReader.java:51)
	at org.apache.hadoop.hdds.scm.storage.BlockInputStream.readWithStrategy(BlockInputStream.java:376)
	at org.apache.hadoop.hdds.scm.storage.ExtendedInputStream.read(ExtendedInputStream.java:55)
	at org.apache.hadoop.hdds.scm.storage.ByteArrayReader.readFromBlock(ByteArrayReader.java:51)
	at org.apache.hadoop.hdds.scm.storage.MultipartInputStream.readWithStrategy(MultipartInputStream.java:96)
	at org.apache.hadoop.hdds.scm.storage.ExtendedInputStream.read(ExtendedInputStream.java:55)
	at org.apache.hadoop.ozone.client.io.OzoneInputStream.read(OzoneInputStream.java:56)
	at org.apache.commons.io.IOUtils.read(IOUtils.java:1955)
	at org.apache.commons.io.IOUtils.read(IOUtils.java:1931)
	at org.apache.commons.io.IOUtils.readFully(IOUtils.java:2075)
	at org.apache.commons.io.IOUtils.readFully(IOUtils.java:2053)
	at org.apache.hadoop.ozone.client.rpc.OzoneRpcClientTests.lambda$testReadKeyWithCorruptedDataWithMutiNodes$55(OzoneRpcClientTests.java:2539)
	at org.junit.jupiter.api.AssertThrows.assertThrows(AssertThrows.java:53)
	at org.junit.jupiter.api.AssertThrows.assertThrows(AssertThrows.java:35)
	at org.junit.jupiter.api.Assertions.assertThrows(Assertions.java:3128)
	at org.apache.hadoop.ozone.client.rpc.OzoneRpcClientTests.testReadKeyWithCorruptedDataWithMutiNodes(OzoneRpcClientTests.java:2536)
	at java.base/jdk.internal.reflect.DirectMethodHandleAccessor.invoke(DirectMethodHandleAccessor.java:103)
	at java.base/java.lang.reflect.Method.invoke(Method.java:580)
	at org.junit.platform.commons.util.ReflectionUtils.invokeMethod(ReflectionUtils.java:786)
	at org.junit.platform.commons.support.ReflectionSupport.invokeMethod(ReflectionSupport.java:514)
	at org.junit.jupiter.engine.execution.MethodInvocation.proceed(MethodInvocation.java:60)
	at org.junit.jupiter.engine.execution.InvocationInterceptorChain$ValidatingInvocation.proceed(InvocationInterceptorChain.java:131)
	at org.junit.jupiter.engine.extension.SameThreadTimeoutInvocation.proceed(SameThreadTimeoutInvocation.java:49)
	at org.junit.jupiter.engine.extension.TimeoutExtension.intercept(TimeoutExtension.java:161)
	at org.junit.jupiter.engine.extension.TimeoutExtension.interceptTestableMethod(TimeoutExtension.java:152)
	at org.junit.jupiter.engine.extension.TimeoutExtension.interceptTestMethod(TimeoutExtension.java:91)
	at org.junit.jupiter.engine.execution.InterceptingExecutableInvoker$ReflectiveInterceptorCall.lambda$ofVoidMethod$0(InterceptingExecutableInvoker.java:112)
	at org.junit.jupiter.engine.execution.InterceptingExecutableInvoker.lambda$invoke$0(InterceptingExecutableInvoker.java:94)
	at org.junit.jupiter.engine.execution.InvocationInterceptorChain$InterceptedInvocation.proceed(InvocationInterceptorChain.java:106)
	at org.junit.jupiter.engine.execution.InvocationInterceptorChain.proceed(InvocationInterceptorChain.java:64)
	at org.junit.jupiter.engine.execution.InvocationInterceptorChain.chainAndInvoke(InvocationInterceptorChain.java:45)
	at org.junit.jupiter.engine.execution.InvocationInterceptorChain.invoke(InvocationInterceptorChain.java:37)
	at org.junit.jupiter.engine.execution.InterceptingExecutableInvoker.invoke(InterceptingExecutableInvoker.java:93)
	at org.junit.jupiter.engine.execution.InterceptingExecutableInvoker.invoke(InterceptingExecutableInvoker.java:87)
	at org.junit.jupiter.engine.descriptor.TestMethodTestDescriptor.lambda$invokeTestMethod$4(TestMethodTestDescriptor.java:221)
	at org.junit.platform.engine.support.hierarchical.ThrowableCollector.execute(ThrowableCollector.java:73)
	at org.junit.jupiter.engine.descriptor.TestMethodTestDescriptor.invokeTestMethod(TestMethodTestDescriptor.java:217)
	at org.junit.jupiter.engine.descriptor.TestMethodTestDescriptor.execute(TestMethodTestDescriptor.java:159)
	at org.junit.jupiter.engine.descriptor.TestMethodTestDescriptor.execute(TestMethodTestDescriptor.java:70)
	at org.junit.platform.engine.support.hierarchical.NodeTestTask.lambda$executeRecursively$6(NodeTestTask.java:157)
	at org.junit.platform.engine.support.hierarchical.ThrowableCollector.execute(ThrowableCollector.java:73)
	at org.junit.platform.engine.support.hierarchical.NodeTestTask.lambda$executeRecursively$8(NodeTestTask.java:147)
	at org.junit.platform.engine.support.hierarchical.Node.around(Node.java:137)
	at org.junit.platform.engine.support.hierarchical.NodeTestTask.lambda$executeRecursively$9(NodeTestTask.java:145)
	at org.junit.platform.engine.support.hierarchical.ThrowableCollector.execute(ThrowableCollector.java:73)
	at org.junit.platform.engine.support.hierarchical.NodeTestTask.executeRecursively(NodeTestTask.java:144)
	at org.junit.platform.engine.support.hierarchical.NodeTestTask.execute(NodeTestTask.java:101)
	at org.junit.platform.engine.support.hierarchical.ForkJoinPoolHierarchicalTestExecutorService$ExclusiveTask.exec(ForkJoinPoolHierarchicalTestExecutorService.java:274)
	at org.junit.platform.engine.support.hierarchical.ForkJoinPoolHierarchicalTestExecutorService$ExclusiveTask.execSync(ForkJoinPoolHierarchicalTestExecutorService.java:247)
	at org.junit.platform.engine.support.hierarchical.ForkJoinPoolHierarchicalTestExecutorService.executeSync(ForkJoinPoolHierarchicalTestExecutorService.java:194)
	at org.junit.platform.engine.support.hierarchical.ForkJoinPoolHierarchicalTestExecutorService.invokeAll(ForkJoinPoolHierarchicalTestExecutorService.java:166)
	at org.junit.platform.engine.support.hierarchical.NodeTestTask.lambda$executeRecursively$6(NodeTestTask.java:161)
	at org.junit.platform.engine.support.hierarchical.ThrowableCollector.execute(ThrowableCollector.java:73)
	at org.junit.platform.engine.support.hierarchical.NodeTestTask.lambda$executeRecursively$8(NodeTestTask.java:147)
	at org.junit.platform.engine.support.hierarchical.Node.around(Node.java:137)
	at org.junit.platform.engine.support.hierarchical.NodeTestTask.lambda$executeRecursively$9(NodeTestTask.java:145)
	at org.junit.platform.engine.support.hierarchical.ThrowableCollector.execute(ThrowableCollector.java:73)
	at org.junit.platform.engine.support.hierarchical.NodeTestTask.executeRecursively(NodeTestTask.java:144)
	at org.junit.platform.engine.support.hierarchical.NodeTestTask.execute(NodeTestTask.java:101)
	at org.junit.platform.engine.support.hierarchical.ForkJoinPoolHierarchicalTestExecutorService$ExclusiveTask.exec(ForkJoinPoolHierarchicalTestExecutorService.java:274)
	at org.junit.platform.engine.support.hierarchical.ForkJoinPoolHierarchicalTestExecutorService$ExclusiveTask.execSync(ForkJoinPoolHierarchicalTestExecutorService.java:247)
	at org.junit.platform.engine.support.hierarchical.ForkJoinPoolHierarchicalTestExecutorService.invokeAll(ForkJoinPoolHierarchicalTestExecutorService.java:159)
	at org.junit.platform.engine.support.hierarchical.NodeTestTask.lambda$executeRecursively$6(NodeTestTask.java:161)
	at org.junit.platform.engine.support.hierarchical.ThrowableCollector.execute(ThrowableCollector.java:73)
	at org.junit.platform.engine.support.hierarchical.NodeTestTask.lambda$executeRecursively$8(NodeTestTask.java:147)
	at org.junit.platform.engine.support.hierarchical.Node.around(Node.java:137)
	at org.junit.platform.engine.support.hierarchical.NodeTestTask.lambda$executeRecursively$9(NodeTestTask.java:145)
	at org.junit.platform.engine.support.hierarchical.ThrowableCollector.execute(ThrowableCollector.java:73)
	at org.junit.platform.engine.support.hierarchical.NodeTestTask.executeRecursively(NodeTestTask.java:144)
	at org.junit.platform.engine.support.hierarchical.NodeTestTask.execute(NodeTestTask.java:101)
	at org.junit.platform.engine.support.hierarchical.ForkJoinPoolHierarchicalTestExecutorService$ExclusiveTask.exec(ForkJoinPoolHierarchicalTestExecutorService.java:274)
	at java.base/java.util.concurrent.ForkJoinTask.doExec(ForkJoinTask.java:387)
	at java.base/java.util.concurrent.ForkJoinPool$WorkQueue.topLevelExec(ForkJoinPool.java:1312)
	at java.base/java.util.concurrent.ForkJoinPool.scan(ForkJoinPool.java:1843)
	at java.base/java.util.concurrent.ForkJoinPool.runWorker(ForkJoinPool.java:1808)
	at java.base/java.util.concurrent.ForkJoinWorkerThread.run(ForkJoinWorkerThread.java:188)
2025-10-20 19:51:51,775 [ForkJoinPool-1-worker-1] WARN  scm.XceiverClientGrpc (XceiverClientGrpc.java:sendCommandWithRetry(500)) - Failed to execute command ReadChunk on the pipeline Pipeline{ Id: b9872faf-8f47-436e-820e-e9f55728802d, Nodes: [ {7bb0e7f0-2b36-4ec0-8a09-ceac75d91a36(localhost/127.0.0.1), ReplicaIndex: 0}, {605be85e-a7f4-44d7-8cfd-f53001b990b0(localhost/127.0.0.1), ReplicaIndex: 0}, {cc7fbe85-1d98-437b-84f9-04213fee10f0(localhost/127.0.0.1), ReplicaIndex: 0},], ReplicationConfig: STANDALONE/THREE, State:OPEN, leaderId:605be85e-a7f4-44d7-8cfd-f53001b990b0, CreationTimestamp2025-10-20T19:49:55.856Z[Etc/UTC]}.
]]></system-out>
  </testcase>
  <testcase name="testReadKeyWithVerifyChecksumFlagDisable" classname="org.apache.hadoop.ozone.client.rpc.TestSecureOzoneRpcClient" time="0.032">
    <system-out><![CDATA[2025-10-20 19:51:51,777 [ForkJoinPool-1-worker-1] INFO  rpc.RpcClient (RpcClient.java:createVolume(461)) - Creating Volume: 7001db68-9591-4954-a4a8-a74ca6de5b8e, with runner as owner and space quota set to -1 bytes, counts quota set to -1
2025-10-20 19:51:51,779 [om1-OMStateMachineApplyTransactionThread - 0] INFO  volume.OMVolumeCreateRequest (OMVolumeCreateRequest.java:validateAndUpdateCache(213)) - created volume:7001db68-9591-4954-a4a8-a74ca6de5b8e for user:runner
2025-10-20 19:51:51,779 | INFO  | OMAudit | user=runner | ip=127.0.0.1 | op=CREATE_VOLUME {"admin":"runner","owner":"runner","volume":"7001db68-9591-4954-a4a8-a74ca6de5b8e","creationTime":"1760989911778","modificationTime":"1760989911778","quotaInBytes":"-1","quotaInNamespace":"-1","usedNamespace":"0","objectID":"-9223372036854305280","updateID":"1838","Transaction":"1838"} | ret=SUCCESS |  
2025-10-20 19:51:51,780 | INFO  | OMAudit | user=runner | ip=127.0.0.1 | op=READ_VOLUME {"volume":"7001db68-9591-4954-a4a8-a74ca6de5b8e"} | ret=SUCCESS |  
2025-10-20 19:51:51,780 [ForkJoinPool-1-worker-1] INFO  rpc.RpcClient (RpcClient.java:createBucket(686)) - Creating Bucket: 7001db68-9591-4954-a4a8-a74ca6de5b8e/d34b6bb6-2818-4bcf-be04-191c89ed616c, with server-side default bucket layout, runner as owner, Versioning false, Storage Type set to DISK and Encryption set to false, Replication Type set to server-side default replication type, Namespace Quota set to -1, Space Quota set to -1 
2025-10-20 19:51:51,781 [om1-OMStateMachineApplyTransactionThread - 0] INFO  bucket.OMBucketCreateRequest (OMBucketCreateRequest.java:validateAndUpdateCache(303)) - created bucket: d34b6bb6-2818-4bcf-be04-191c89ed616c of layout FILE_SYSTEM_OPTIMIZED in volume: 7001db68-9591-4954-a4a8-a74ca6de5b8e
2025-10-20 19:51:51,781 | INFO  | OMAudit | user=runner | ip=127.0.0.1 | op=CREATE_BUCKET {"volume":"7001db68-9591-4954-a4a8-a74ca6de5b8e","bucket":"d34b6bb6-2818-4bcf-be04-191c89ed616c","bucketLayout":"FILE_SYSTEM_OPTIMIZED","gdprEnabled":null,"acls":"[user:runner:a[ACCESS], group:runner:rl[ACCESS]]","isVersionEnabled":"false","storageType":"DISK","creationTime":"1760989911781","bucketEncryptionKey":null,"modificationTime":"1760989911781","usedBytes":"0","usedNamespace":"0","snapshotUsedBytes":"0","snapshotUsedNamespace":"0","owner":"runner","replicationType":null,"replicationConfig":null,"quotaInBytes":"-1","quotaInNamespace":"-1","Transaction":"1839"} | ret=SUCCESS |  
2025-10-20 19:51:51,782 | INFO  | OMAudit | user=runner | ip=127.0.0.1 | op=READ_BUCKET {"volume":"7001db68-9591-4954-a4a8-a74ca6de5b8e","bucket":"d34b6bb6-2818-4bcf-be04-191c89ed616c"} | ret=SUCCESS |  
2025-10-20 19:51:51,783 | INFO  | OMAudit | user=runner | ip=127.0.0.1 | op=READ_BUCKET {"volume":"7001db68-9591-4954-a4a8-a74ca6de5b8e","bucket":"d34b6bb6-2818-4bcf-be04-191c89ed616c"} | ret=SUCCESS |  
2025-10-20 19:51:51,783 | INFO  | SCMAudit | user=runner | ip=127.0.0.1 | op=ALLOCATE_BLOCK {"replication":"RATIS/ONE","owner":"omServiceIdDefault","size":"4194304","sampleBlocks":"[conID: 10 locID: 115816896921600520]","num":"1","client":"","allocated":"1"} | ret=SUCCESS |  
2025-10-20 19:51:51,785 | INFO  | OMAudit | user=runner | ip=127.0.0.1 | op=ALLOCATE_KEY {"volume":"7001db68-9591-4954-a4a8-a74ca6de5b8e","bucket":"d34b6bb6-2818-4bcf-be04-191c89ed616c","key":"a993a7e0-9ad0-4def-8866-46be27fcf24e","dataSize":"12","replicationType":"RATIS","replicationFactor":"ONE","Transaction":"1840"} | ret=SUCCESS |  
2025-10-20 19:51:51,789 | INFO  | OMAudit | user=runner | ip=127.0.0.1 | op=COMMIT_KEY {"volume":"7001db68-9591-4954-a4a8-a74ca6de5b8e","bucket":"d34b6bb6-2818-4bcf-be04-191c89ed616c","key":"a993a7e0-9ad0-4def-8866-46be27fcf24e","dataSize":"12","replicationType":"RATIS","replicationFactor":"ONE","Transaction":"1841"} | ret=SUCCESS |  
2025-10-20 19:51:51,791 | INFO  | OMAudit | user=runner | ip=127.0.0.1 | op=READ_KEY {"volume":"7001db68-9591-4954-a4a8-a74ca6de5b8e","bucket":"d34b6bb6-2818-4bcf-be04-191c89ed616c","key":"a993a7e0-9ad0-4def-8866-46be27fcf24e","owner":null,"dataSize":"0","replicationConfig":null} | ret=SUCCESS |  
2025-10-20 19:51:51,791 | INFO  | SCMAudit | user=null | ip=null | op=GET_SCM_INFO {} | ret=SUCCESS |  
2025-10-20 19:51:51,797 | INFO  | OMAudit | user=runner | ip=127.0.0.1 | op=GET_SERVICE_LIST {} | ret=SUCCESS |  
2025-10-20 19:51:51,799 | INFO  | OMAudit | user=runner | ip=127.0.0.1 | op=READ_KEY {"volume":"7001db68-9591-4954-a4a8-a74ca6de5b8e","bucket":"d34b6bb6-2818-4bcf-be04-191c89ed616c","key":"a993a7e0-9ad0-4def-8866-46be27fcf24e","owner":null,"dataSize":"0","replicationConfig":null} | ret=SUCCESS |  
2025-10-20 19:51:51,800 | INFO  | OMAudit | user=runner | ip=127.0.0.1 | op=READ_KEY {"volume":"7001db68-9591-4954-a4a8-a74ca6de5b8e","bucket":"d34b6bb6-2818-4bcf-be04-191c89ed616c","key":"a993a7e0-9ad0-4def-8866-46be27fcf24e","owner":null,"dataSize":"0","replicationConfig":null} | ret=SUCCESS |  
]]></system-out>
  </testcase>
  <testcase name="testReadKeyWithVerifyChecksumFlagEnable" classname="org.apache.hadoop.ozone.client.rpc.TestSecureOzoneRpcClient" time="2.037">
    <system-out><![CDATA[2025-10-20 19:51:51,809 [ForkJoinPool-1-worker-1] INFO  rpc.RpcClient (RpcClient.java:createVolume(461)) - Creating Volume: 94238b35-5583-4187-9004-5b42ab054b43, with runner as owner and space quota set to -1 bytes, counts quota set to -1
2025-10-20 19:51:51,811 [om1-OMStateMachineApplyTransactionThread - 0] INFO  volume.OMVolumeCreateRequest (OMVolumeCreateRequest.java:validateAndUpdateCache(213)) - created volume:94238b35-5583-4187-9004-5b42ab054b43 for user:runner
2025-10-20 19:51:51,812 | INFO  | OMAudit | user=runner | ip=127.0.0.1 | op=CREATE_VOLUME {"admin":"runner","owner":"runner","volume":"94238b35-5583-4187-9004-5b42ab054b43","creationTime":"1760989911810","modificationTime":"1760989911810","quotaInBytes":"-1","quotaInNamespace":"-1","usedNamespace":"0","objectID":"-9223372036854304256","updateID":"1842","Transaction":"1842"} | ret=SUCCESS |  
2025-10-20 19:51:51,813 | INFO  | OMAudit | user=runner | ip=127.0.0.1 | op=READ_VOLUME {"volume":"94238b35-5583-4187-9004-5b42ab054b43"} | ret=SUCCESS |  
2025-10-20 19:51:51,814 [ForkJoinPool-1-worker-1] INFO  rpc.RpcClient (RpcClient.java:createBucket(686)) - Creating Bucket: 94238b35-5583-4187-9004-5b42ab054b43/106eb3bf-6a33-4489-83f8-682461e82351, with server-side default bucket layout, runner as owner, Versioning false, Storage Type set to DISK and Encryption set to false, Replication Type set to server-side default replication type, Namespace Quota set to -1, Space Quota set to -1 
2025-10-20 19:51:51,815 [om1-OMStateMachineApplyTransactionThread - 0] INFO  bucket.OMBucketCreateRequest (OMBucketCreateRequest.java:validateAndUpdateCache(303)) - created bucket: 106eb3bf-6a33-4489-83f8-682461e82351 of layout FILE_SYSTEM_OPTIMIZED in volume: 94238b35-5583-4187-9004-5b42ab054b43
2025-10-20 19:51:51,815 | INFO  | OMAudit | user=runner | ip=127.0.0.1 | op=CREATE_BUCKET {"volume":"94238b35-5583-4187-9004-5b42ab054b43","bucket":"106eb3bf-6a33-4489-83f8-682461e82351","bucketLayout":"FILE_SYSTEM_OPTIMIZED","gdprEnabled":null,"acls":"[user:runner:a[ACCESS], group:runner:rl[ACCESS]]","isVersionEnabled":"false","storageType":"DISK","creationTime":"1760989911815","bucketEncryptionKey":null,"modificationTime":"1760989911815","usedBytes":"0","usedNamespace":"0","snapshotUsedBytes":"0","snapshotUsedNamespace":"0","owner":"runner","replicationType":null,"replicationConfig":null,"quotaInBytes":"-1","quotaInNamespace":"-1","Transaction":"1843"} | ret=SUCCESS |  
2025-10-20 19:51:51,816 | INFO  | OMAudit | user=runner | ip=127.0.0.1 | op=READ_BUCKET {"volume":"94238b35-5583-4187-9004-5b42ab054b43","bucket":"106eb3bf-6a33-4489-83f8-682461e82351"} | ret=SUCCESS |  
2025-10-20 19:51:51,817 | INFO  | OMAudit | user=runner | ip=127.0.0.1 | op=READ_BUCKET {"volume":"94238b35-5583-4187-9004-5b42ab054b43","bucket":"106eb3bf-6a33-4489-83f8-682461e82351"} | ret=SUCCESS |  
2025-10-20 19:51:51,818 | INFO  | SCMAudit | user=runner | ip=127.0.0.1 | op=ALLOCATE_BLOCK {"replication":"RATIS/ONE","owner":"omServiceIdDefault","size":"4194304","sampleBlocks":"[conID: 10 locID: 115816896921600521]","num":"1","client":"","allocated":"1"} | ret=SUCCESS |  
2025-10-20 19:51:51,819 | INFO  | OMAudit | user=runner | ip=127.0.0.1 | op=ALLOCATE_KEY {"volume":"94238b35-5583-4187-9004-5b42ab054b43","bucket":"106eb3bf-6a33-4489-83f8-682461e82351","key":"640f9aa7-f1de-436c-a3e2-7b6754f4a104","dataSize":"12","replicationType":"RATIS","replicationFactor":"ONE","Transaction":"1844"} | ret=SUCCESS |  
2025-10-20 19:51:51,825 | INFO  | OMAudit | user=runner | ip=127.0.0.1 | op=COMMIT_KEY {"volume":"94238b35-5583-4187-9004-5b42ab054b43","bucket":"106eb3bf-6a33-4489-83f8-682461e82351","key":"640f9aa7-f1de-436c-a3e2-7b6754f4a104","dataSize":"12","replicationType":"RATIS","replicationFactor":"ONE","Transaction":"1845"} | ret=SUCCESS |  
2025-10-20 19:51:51,827 | INFO  | OMAudit | user=runner | ip=127.0.0.1 | op=READ_KEY {"volume":"94238b35-5583-4187-9004-5b42ab054b43","bucket":"106eb3bf-6a33-4489-83f8-682461e82351","key":"640f9aa7-f1de-436c-a3e2-7b6754f4a104","owner":null,"dataSize":"0","replicationConfig":null} | ret=SUCCESS |  
2025-10-20 19:51:51,828 | INFO  | SCMAudit | user=null | ip=null | op=GET_SCM_INFO {} | ret=SUCCESS |  
2025-10-20 19:51:51,832 | INFO  | OMAudit | user=runner | ip=127.0.0.1 | op=GET_SERVICE_LIST {} | ret=SUCCESS |  
2025-10-20 19:51:51,834 | INFO  | OMAudit | user=runner | ip=127.0.0.1 | op=READ_KEY {"volume":"94238b35-5583-4187-9004-5b42ab054b43","bucket":"106eb3bf-6a33-4489-83f8-682461e82351","key":"640f9aa7-f1de-436c-a3e2-7b6754f4a104","owner":null,"dataSize":"0","replicationConfig":null} | ret=SUCCESS |  
2025-10-20 19:51:51,836 | INFO  | OMAudit | user=runner | ip=127.0.0.1 | op=READ_KEY {"volume":"94238b35-5583-4187-9004-5b42ab054b43","bucket":"106eb3bf-6a33-4489-83f8-682461e82351","key":"640f9aa7-f1de-436c-a3e2-7b6754f4a104","owner":null,"dataSize":"0","replicationConfig":null} | ret=SUCCESS |  
2025-10-20 19:51:51,840 [ForkJoinPool-1-worker-1] WARN  scm.XceiverClientGrpc (XceiverClientGrpc.java:sendCommandWithRetry(500)) - Failed to execute command ReadChunk on the pipeline Pipeline{ Id: 6f0420ee-085e-4e22-8eb9-dadc204fe0de, Nodes: [ {361055de-215b-4c6c-94c2-be1c1da118d1(localhost/127.0.0.1), ReplicaIndex: 0},], ReplicationConfig: STANDALONE/ONE, State:OPEN, leaderId:361055de-215b-4c6c-94c2-be1c1da118d1, CreationTimestamp2025-10-20T19:49:54.295Z[Etc/UTC]}.
2025-10-20 19:51:52,130 [om1-SstFilteringService#0] INFO  snapshot.SnapshotCache (SnapshotCache.java:lambda$3(220)) - Loading SnapshotId: 'edf8886f-34c3-4a5f-8b6e-5c857afcb3e3'
2025-10-20 19:51:52,182 [om1-SstFilteringService#0] INFO  audit.AuditLogger (AuditLogger.java:refreshDebugCmdSet(133)) - Refresh DebugCmdSet for OMAudit to [].
2025-10-20 19:51:52,182 [om1-SstFilteringService#0] INFO  acl.OzoneAuthorizerFactory (OzoneAuthorizerFactory.java:create(69)) - om1: Authorizer for Snapshot is class org.apache.hadoop.ozone.security.acl.OzoneNativeAuthorizer
2025-10-20 19:51:52,187 [om1-SstFilteringService#0] INFO  snapshot.SnapshotCache (SnapshotCache.java:lambda$3(220)) - Loading SnapshotId: 'bdc5124c-31fe-4565-98ff-9024731edc02'
2025-10-20 19:51:52,212 [om1-SstFilteringService#0] INFO  acl.OzoneAuthorizerFactory (OzoneAuthorizerFactory.java:create(69)) - om1: Authorizer for Snapshot is class org.apache.hadoop.ozone.security.acl.OzoneNativeAuthorizer
2025-10-20 19:51:52,401 | INFO  | SCMAudit | user=runner | ip=127.0.0.1 | op=SEND_HEARTBEAT {"datanodeUUID":"b614738c-cdff-4f09-bf59-ed5bb75d51be","term":"2","command":"[]"} | ret=SUCCESS |  
2025-10-20 19:51:52,401 [EventQueue-PipelineActionsForPipelineActionHandler] INFO  pipeline.PipelineActionHandler (PipelineActionHandler.java:processPipelineAction(89)) - Received pipeline action CLOSE for Pipeline-ba8f49ac-c35b-4342-9840-c8b3a767d7cd from datanode b614738c-cdff-4f09-bf59-ed5bb75d51be(localhost/127.0.0.1). Reason : Ratis Transaction failure in datanode b614738c-cdff-4f09-bf59-ed5bb75d51be with role FOLLOWER .Triggering pipeline close action.
2025-10-20 19:51:52,401 | INFO  | SCMAudit | user=runner | ip=127.0.0.1 | op=SEND_HEARTBEAT {"datanodeUUID":"361055de-215b-4c6c-94c2-be1c1da118d1","term":"2","command":"[]"} | ret=SUCCESS |  
2025-10-20 19:51:52,401 [EventQueue-PipelineActionsForPipelineActionHandler] INFO  pipeline.PipelineActionHandler (PipelineActionHandler.java:processPipelineAction(89)) - Received pipeline action CLOSE for Pipeline-0b8c5e6b-69eb-484b-887e-939de61e1e74 from datanode 361055de-215b-4c6c-94c2-be1c1da118d1(localhost/127.0.0.1). Reason : Ratis Transaction failure in datanode 361055de-215b-4c6c-94c2-be1c1da118d1 with role LEADER .Triggering pipeline close action.
2025-10-20 19:51:52,401 [EventQueue-PipelineActionsForPipelineActionHandler] INFO  pipeline.PipelineActionHandler (PipelineActionHandler.java:processPipelineAction(89)) - Received pipeline action CLOSE for Pipeline-aabd30cf-05b8-4e3b-b15e-1aa5f909702d from datanode 361055de-215b-4c6c-94c2-be1c1da118d1(localhost/127.0.0.1). Reason : Ratis Transaction failure in datanode 361055de-215b-4c6c-94c2-be1c1da118d1 with role FOLLOWER .Triggering pipeline close action.
2025-10-20 19:51:52,402 | INFO  | SCMAudit | user=runner | ip=127.0.0.1 | op=SEND_HEARTBEAT {"datanodeUUID":"ef67b0a7-5b27-496d-9f38-ab804a28e500","term":"2","command":"[]"} | ret=SUCCESS |  
2025-10-20 19:51:52,402 [EventQueue-PipelineActionsForPipelineActionHandler] INFO  pipeline.PipelineActionHandler (PipelineActionHandler.java:processPipelineAction(89)) - Received pipeline action CLOSE for Pipeline-0b8c5e6b-69eb-484b-887e-939de61e1e74 from datanode ef67b0a7-5b27-496d-9f38-ab804a28e500(localhost/127.0.0.1). Reason : Ratis Transaction failure in datanode ef67b0a7-5b27-496d-9f38-ab804a28e500 with role FOLLOWER .Triggering pipeline close action.
2025-10-20 19:51:52,402 [EventQueue-PipelineActionsForPipelineActionHandler] INFO  pipeline.PipelineActionHandler (PipelineActionHandler.java:processPipelineAction(89)) - Received pipeline action CLOSE for Pipeline-aabd30cf-05b8-4e3b-b15e-1aa5f909702d from datanode ef67b0a7-5b27-496d-9f38-ab804a28e500(localhost/127.0.0.1). Reason : Ratis Transaction failure in datanode ef67b0a7-5b27-496d-9f38-ab804a28e500 with role LEADER .Triggering pipeline close action.
2025-10-20 19:51:52,403 | INFO  | SCMAudit | user=runner | ip=127.0.0.1 | op=SEND_HEARTBEAT {"datanodeUUID":"7bb0e7f0-2b36-4ec0-8a09-ceac75d91a36","term":"2","command":"[]"} | ret=SUCCESS |  
2025-10-20 19:51:52,404 | INFO  | SCMAudit | user=runner | ip=127.0.0.1 | op=SEND_HEARTBEAT {"datanodeUUID":"c90bff1f-5a1f-42c6-8fca-9533d718c79a","term":"2","command":"[]"} | ret=SUCCESS |  
2025-10-20 19:51:52,404 [EventQueue-PipelineActionsForPipelineActionHandler] INFO  pipeline.PipelineActionHandler (PipelineActionHandler.java:processPipelineAction(89)) - Received pipeline action CLOSE for Pipeline-ba8f49ac-c35b-4342-9840-c8b3a767d7cd from datanode c90bff1f-5a1f-42c6-8fca-9533d718c79a(localhost/127.0.0.1). Reason : Ratis Transaction failure in datanode c90bff1f-5a1f-42c6-8fca-9533d718c79a with role FOLLOWER .Triggering pipeline close action.
2025-10-20 19:51:52,423 | INFO  | SCMAudit | user=runner | ip=127.0.0.1 | op=SEND_HEARTBEAT {"datanodeUUID":"38991c48-ffb3-4453-b758-77d6b4ebc62b","term":"2","command":"[]"} | ret=SUCCESS |  
2025-10-20 19:51:52,423 | INFO  | SCMAudit | user=runner | ip=127.0.0.1 | op=SEND_HEARTBEAT {"datanodeUUID":"4f2bb3f5-0e03-4f1b-bb4c-79c91b98c7da","term":"2","command":"[]"} | ret=SUCCESS |  
2025-10-20 19:51:52,428 | INFO  | SCMAudit | user=runner | ip=127.0.0.1 | op=SEND_HEARTBEAT {"datanodeUUID":"e05592a5-d00f-4fc1-9e39-a968c1ecb04e","term":"2","command":"[]"} | ret=SUCCESS |  
2025-10-20 19:51:52,428 [EventQueue-PipelineActionsForPipelineActionHandler] INFO  pipeline.PipelineActionHandler (PipelineActionHandler.java:processPipelineAction(89)) - Received pipeline action CLOSE for Pipeline-0b8c5e6b-69eb-484b-887e-939de61e1e74 from datanode e05592a5-d00f-4fc1-9e39-a968c1ecb04e(localhost/127.0.0.1). Reason : Ratis Transaction failure in datanode e05592a5-d00f-4fc1-9e39-a968c1ecb04e with role FOLLOWER .Triggering pipeline close action.
2025-10-20 19:51:52,428 [EventQueue-PipelineActionsForPipelineActionHandler] INFO  pipeline.PipelineActionHandler (PipelineActionHandler.java:processPipelineAction(89)) - Received pipeline action CLOSE for Pipeline-aabd30cf-05b8-4e3b-b15e-1aa5f909702d from datanode e05592a5-d00f-4fc1-9e39-a968c1ecb04e(localhost/127.0.0.1). Reason : Ratis Transaction failure in datanode e05592a5-d00f-4fc1-9e39-a968c1ecb04e with role FOLLOWER .Triggering pipeline close action.
2025-10-20 19:51:52,431 | INFO  | SCMAudit | user=runner | ip=127.0.0.1 | op=SEND_HEARTBEAT {"datanodeUUID":"605be85e-a7f4-44d7-8cfd-f53001b990b0","term":"2","command":"[]"} | ret=SUCCESS |  
2025-10-20 19:51:52,434 | INFO  | SCMAudit | user=runner | ip=127.0.0.1 | op=SEND_HEARTBEAT {"datanodeUUID":"33f74daf-be7a-4306-b2af-53e409c4cb93","term":"2","command":"[]"} | ret=SUCCESS |  
2025-10-20 19:51:52,436 | INFO  | SCMAudit | user=runner | ip=127.0.0.1 | op=SEND_HEARTBEAT {"datanodeUUID":"af0e5da1-57af-45e9-9aca-fa0798d05628","term":"2","command":"[]"} | ret=SUCCESS |  
2025-10-20 19:51:52,436 [EventQueue-PipelineActionsForPipelineActionHandler] INFO  pipeline.PipelineActionHandler (PipelineActionHandler.java:processPipelineAction(89)) - Received pipeline action CLOSE for Pipeline-ba8f49ac-c35b-4342-9840-c8b3a767d7cd from datanode af0e5da1-57af-45e9-9aca-fa0798d05628(localhost/127.0.0.1). Reason : Ratis Transaction failure in datanode af0e5da1-57af-45e9-9aca-fa0798d05628 with role LEADER .Triggering pipeline close action.
2025-10-20 19:51:52,437 | INFO  | SCMAudit | user=runner | ip=127.0.0.1 | op=SEND_HEARTBEAT {"datanodeUUID":"cc7fbe85-1d98-437b-84f9-04213fee10f0","term":"2","command":"[]"} | ret=SUCCESS |  
2025-10-20 19:51:52,439 | INFO  | SCMAudit | user=runner | ip=127.0.0.1 | op=SEND_HEARTBEAT {"datanodeUUID":"d7d8cf72-b9f6-4979-9c53-007dd6e6e48a","term":"2","command":"[]"} | ret=SUCCESS |  
2025-10-20 19:51:52,444 | INFO  | SCMAudit | user=runner | ip=127.0.0.1 | op=SEND_HEARTBEAT {"datanodeUUID":"feb39a1c-80cb-4714-ab06-a361236e3029","term":"2","command":"[]"} | ret=SUCCESS |  
2025-10-20 19:51:52,842 [ForkJoinPool-1-worker-1] WARN  scm.XceiverClientGrpc (XceiverClientGrpc.java:sendCommandWithRetry(500)) - Failed to execute command ReadChunk on the pipeline Pipeline{ Id: 6f0420ee-085e-4e22-8eb9-dadc204fe0de, Nodes: [ {361055de-215b-4c6c-94c2-be1c1da118d1(localhost/127.0.0.1), ReplicaIndex: 0},], ReplicationConfig: STANDALONE/ONE, State:OPEN, leaderId:361055de-215b-4c6c-94c2-be1c1da118d1, CreationTimestamp2025-10-20T19:49:54.295Z[Etc/UTC]}.
2025-10-20 19:51:53,401 | INFO  | SCMAudit | user=runner | ip=127.0.0.1 | op=SEND_HEARTBEAT {"datanodeUUID":"b614738c-cdff-4f09-bf59-ed5bb75d51be","term":"2","command":"[]"} | ret=SUCCESS |  
2025-10-20 19:51:53,401 [EventQueue-PipelineActionsForPipelineActionHandler] INFO  pipeline.PipelineActionHandler (PipelineActionHandler.java:processPipelineAction(89)) - Received pipeline action CLOSE for Pipeline-ba8f49ac-c35b-4342-9840-c8b3a767d7cd from datanode b614738c-cdff-4f09-bf59-ed5bb75d51be(localhost/127.0.0.1). Reason : Ratis Transaction failure in datanode b614738c-cdff-4f09-bf59-ed5bb75d51be with role FOLLOWER .Triggering pipeline close action.
2025-10-20 19:51:53,401 | INFO  | SCMAudit | user=runner | ip=127.0.0.1 | op=SEND_HEARTBEAT {"datanodeUUID":"361055de-215b-4c6c-94c2-be1c1da118d1","term":"2","command":"[]"} | ret=SUCCESS |  
2025-10-20 19:51:53,401 [EventQueue-PipelineActionsForPipelineActionHandler] INFO  pipeline.PipelineActionHandler (PipelineActionHandler.java:processPipelineAction(89)) - Received pipeline action CLOSE for Pipeline-0b8c5e6b-69eb-484b-887e-939de61e1e74 from datanode 361055de-215b-4c6c-94c2-be1c1da118d1(localhost/127.0.0.1). Reason : Ratis Transaction failure in datanode 361055de-215b-4c6c-94c2-be1c1da118d1 with role LEADER .Triggering pipeline close action.
2025-10-20 19:51:53,401 [EventQueue-PipelineActionsForPipelineActionHandler] INFO  pipeline.PipelineActionHandler (PipelineActionHandler.java:processPipelineAction(89)) - Received pipeline action CLOSE for Pipeline-aabd30cf-05b8-4e3b-b15e-1aa5f909702d from datanode 361055de-215b-4c6c-94c2-be1c1da118d1(localhost/127.0.0.1). Reason : Ratis Transaction failure in datanode 361055de-215b-4c6c-94c2-be1c1da118d1 with role FOLLOWER .Triggering pipeline close action.
2025-10-20 19:51:53,403 | INFO  | SCMAudit | user=runner | ip=127.0.0.1 | op=SEND_HEARTBEAT {"datanodeUUID":"ef67b0a7-5b27-496d-9f38-ab804a28e500","term":"2","command":"[]"} | ret=SUCCESS |  
2025-10-20 19:51:53,403 [EventQueue-PipelineActionsForPipelineActionHandler] INFO  pipeline.PipelineActionHandler (PipelineActionHandler.java:processPipelineAction(89)) - Received pipeline action CLOSE for Pipeline-0b8c5e6b-69eb-484b-887e-939de61e1e74 from datanode ef67b0a7-5b27-496d-9f38-ab804a28e500(localhost/127.0.0.1). Reason : Ratis Transaction failure in datanode ef67b0a7-5b27-496d-9f38-ab804a28e500 with role FOLLOWER .Triggering pipeline close action.
2025-10-20 19:51:53,403 [EventQueue-PipelineActionsForPipelineActionHandler] INFO  pipeline.PipelineActionHandler (PipelineActionHandler.java:processPipelineAction(89)) - Received pipeline action CLOSE for Pipeline-aabd30cf-05b8-4e3b-b15e-1aa5f909702d from datanode ef67b0a7-5b27-496d-9f38-ab804a28e500(localhost/127.0.0.1). Reason : Ratis Transaction failure in datanode ef67b0a7-5b27-496d-9f38-ab804a28e500 with role LEADER .Triggering pipeline close action.
2025-10-20 19:51:53,403 | INFO  | SCMAudit | user=runner | ip=127.0.0.1 | op=SEND_HEARTBEAT {"datanodeUUID":"7bb0e7f0-2b36-4ec0-8a09-ceac75d91a36","term":"2","command":"[]"} | ret=SUCCESS |  
2025-10-20 19:51:53,404 | INFO  | SCMAudit | user=runner | ip=127.0.0.1 | op=SEND_HEARTBEAT {"datanodeUUID":"c90bff1f-5a1f-42c6-8fca-9533d718c79a","term":"2","command":"[]"} | ret=SUCCESS |  
2025-10-20 19:51:53,404 [EventQueue-PipelineActionsForPipelineActionHandler] INFO  pipeline.PipelineActionHandler (PipelineActionHandler.java:processPipelineAction(89)) - Received pipeline action CLOSE for Pipeline-ba8f49ac-c35b-4342-9840-c8b3a767d7cd from datanode c90bff1f-5a1f-42c6-8fca-9533d718c79a(localhost/127.0.0.1). Reason : Ratis Transaction failure in datanode c90bff1f-5a1f-42c6-8fca-9533d718c79a with role FOLLOWER .Triggering pipeline close action.
2025-10-20 19:51:53,423 | INFO  | SCMAudit | user=runner | ip=127.0.0.1 | op=SEND_HEARTBEAT {"datanodeUUID":"38991c48-ffb3-4453-b758-77d6b4ebc62b","term":"2","command":"[]"} | ret=SUCCESS |  
2025-10-20 19:51:53,424 | INFO  | SCMAudit | user=runner | ip=127.0.0.1 | op=SEND_HEARTBEAT {"datanodeUUID":"4f2bb3f5-0e03-4f1b-bb4c-79c91b98c7da","term":"2","command":"[]"} | ret=SUCCESS |  
2025-10-20 19:51:53,428 | INFO  | SCMAudit | user=runner | ip=127.0.0.1 | op=SEND_HEARTBEAT {"datanodeUUID":"e05592a5-d00f-4fc1-9e39-a968c1ecb04e","term":"2","command":"[]"} | ret=SUCCESS |  
2025-10-20 19:51:53,428 [EventQueue-PipelineActionsForPipelineActionHandler] INFO  pipeline.PipelineActionHandler (PipelineActionHandler.java:processPipelineAction(89)) - Received pipeline action CLOSE for Pipeline-0b8c5e6b-69eb-484b-887e-939de61e1e74 from datanode e05592a5-d00f-4fc1-9e39-a968c1ecb04e(localhost/127.0.0.1). Reason : Ratis Transaction failure in datanode e05592a5-d00f-4fc1-9e39-a968c1ecb04e with role FOLLOWER .Triggering pipeline close action.
2025-10-20 19:51:53,428 [EventQueue-PipelineActionsForPipelineActionHandler] INFO  pipeline.PipelineActionHandler (PipelineActionHandler.java:processPipelineAction(89)) - Received pipeline action CLOSE for Pipeline-aabd30cf-05b8-4e3b-b15e-1aa5f909702d from datanode e05592a5-d00f-4fc1-9e39-a968c1ecb04e(localhost/127.0.0.1). Reason : Ratis Transaction failure in datanode e05592a5-d00f-4fc1-9e39-a968c1ecb04e with role FOLLOWER .Triggering pipeline close action.
2025-10-20 19:51:53,431 | INFO  | SCMAudit | user=runner | ip=127.0.0.1 | op=SEND_HEARTBEAT {"datanodeUUID":"605be85e-a7f4-44d7-8cfd-f53001b990b0","term":"2","command":"[]"} | ret=SUCCESS |  
2025-10-20 19:51:53,435 | INFO  | SCMAudit | user=runner | ip=127.0.0.1 | op=SEND_HEARTBEAT {"datanodeUUID":"33f74daf-be7a-4306-b2af-53e409c4cb93","term":"2","command":"[]"} | ret=SUCCESS |  
2025-10-20 19:51:53,436 | INFO  | SCMAudit | user=runner | ip=127.0.0.1 | op=SEND_HEARTBEAT {"datanodeUUID":"af0e5da1-57af-45e9-9aca-fa0798d05628","term":"2","command":"[]"} | ret=SUCCESS |  
2025-10-20 19:51:53,436 [EventQueue-PipelineActionsForPipelineActionHandler] INFO  pipeline.PipelineActionHandler (PipelineActionHandler.java:processPipelineAction(89)) - Received pipeline action CLOSE for Pipeline-ba8f49ac-c35b-4342-9840-c8b3a767d7cd from datanode af0e5da1-57af-45e9-9aca-fa0798d05628(localhost/127.0.0.1). Reason : Ratis Transaction failure in datanode af0e5da1-57af-45e9-9aca-fa0798d05628 with role LEADER .Triggering pipeline close action.
2025-10-20 19:51:53,438 | INFO  | SCMAudit | user=runner | ip=127.0.0.1 | op=SEND_HEARTBEAT {"datanodeUUID":"cc7fbe85-1d98-437b-84f9-04213fee10f0","term":"2","command":"[]"} | ret=SUCCESS |  
2025-10-20 19:51:53,439 | INFO  | SCMAudit | user=runner | ip=127.0.0.1 | op=SEND_HEARTBEAT {"datanodeUUID":"d7d8cf72-b9f6-4979-9c53-007dd6e6e48a","term":"2","command":"[]"} | ret=SUCCESS |  
2025-10-20 19:51:53,444 | INFO  | SCMAudit | user=runner | ip=127.0.0.1 | op=SEND_HEARTBEAT {"datanodeUUID":"feb39a1c-80cb-4714-ab06-a361236e3029","term":"2","command":"[]"} | ret=SUCCESS |  
2025-10-20 19:51:53,844 [ForkJoinPool-1-worker-1] WARN  scm.XceiverClientGrpc (XceiverClientGrpc.java:sendCommandWithRetry(500)) - Failed to execute command ReadChunk on the pipeline Pipeline{ Id: 6f0420ee-085e-4e22-8eb9-dadc204fe0de, Nodes: [ {361055de-215b-4c6c-94c2-be1c1da118d1(localhost/127.0.0.1), ReplicaIndex: 0},], ReplicationConfig: STANDALONE/ONE, State:OPEN, leaderId:361055de-215b-4c6c-94c2-be1c1da118d1, CreationTimestamp2025-10-20T19:49:54.295Z[Etc/UTC]}.
]]></system-out>
  </testcase>
  <testcase name="testRemoteException" classname="org.apache.hadoop.ozone.client.rpc.TestSecureOzoneRpcClient" time="0.035">
    <system-out><![CDATA[2025-10-20 19:51:53,871 [Socket Reader #8 for port 15006] INFO  ipc.Server (Server.java:authorizeConnection(3032)) - Connection from 127.0.0.1:35000 for protocol org.apache.hadoop.ozone.om.protocol.OzoneManagerProtocol is unauthorized for user user (auth:PROXY) via realUser (auth:SIMPLE)
2025-10-20 19:51:53,879 [ForkJoinPool-1-worker-1] ERROR client.OzoneClientFactory (OzoneClientFactory.java:getClientProtocol(261)) - Couldn't create RpcClient protocol exception: 
org.apache.hadoop.ipc.RemoteException(org.apache.hadoop.security.authorize.AuthorizationException): User: realUser is not allowed to impersonate user
	at org.apache.hadoop.ipc.Client.getRpcResponse(Client.java:1584)
	at org.apache.hadoop.ipc.Client.call(Client.java:1529)
	at org.apache.hadoop.ipc.Client.call(Client.java:1426)
	at org.apache.hadoop.ipc.ProtobufRpcEngine$Invoker.invoke(ProtobufRpcEngine.java:250)
	at org.apache.hadoop.ipc.ProtobufRpcEngine$Invoker.invoke(ProtobufRpcEngine.java:132)
	at jdk.proxy2/jdk.proxy2.$Proxy84.submitRequest(Unknown Source)
	at java.base/jdk.internal.reflect.DirectMethodHandleAccessor.invoke(DirectMethodHandleAccessor.java:103)
	at java.base/java.lang.reflect.Method.invoke(Method.java:580)
	at org.apache.hadoop.io.retry.RetryInvocationHandler.invokeMethod(RetryInvocationHandler.java:437)
	at org.apache.hadoop.io.retry.RetryInvocationHandler$Call.invokeMethod(RetryInvocationHandler.java:170)
	at org.apache.hadoop.io.retry.RetryInvocationHandler$Call.invoke(RetryInvocationHandler.java:162)
	at org.apache.hadoop.io.retry.RetryInvocationHandler$Call.invokeOnce(RetryInvocationHandler.java:100)
	at org.apache.hadoop.io.retry.RetryInvocationHandler.invoke(RetryInvocationHandler.java:366)
	at jdk.proxy2/jdk.proxy2.$Proxy84.submitRequest(Unknown Source)
	at org.apache.hadoop.ozone.om.protocolPB.Hadoop3OmTransport.submitRequest(Hadoop3OmTransport.java:73)
	at org.apache.hadoop.ozone.om.protocolPB.OzoneManagerProtocolClientSideTranslatorPB.submitRequest(OzoneManagerProtocolClientSideTranslatorPB.java:340)
	at org.apache.hadoop.ozone.om.protocolPB.OzoneManagerProtocolClientSideTranslatorPB.getServiceInfo(OzoneManagerProtocolClientSideTranslatorPB.java:1865)
	at org.apache.hadoop.ozone.client.rpc.RpcClient.<init>(RpcClient.java:260)
	at org.apache.hadoop.ozone.client.OzoneClientFactory.getClientProtocol(OzoneClientFactory.java:258)
	at org.apache.hadoop.ozone.client.OzoneClientFactory.getClientProtocol(OzoneClientFactory.java:241)
	at org.apache.hadoop.ozone.client.OzoneClientFactory.getRpcClient(OzoneClientFactory.java:161)
	at org.apache.hadoop.ozone.client.rpc.TestSecureOzoneRpcClient.lambda$testRemoteException$6(TestSecureOzoneRpcClient.java:442)
	at java.base/java.security.AccessController.doPrivileged(AccessController.java:714)
	at java.base/javax.security.auth.Subject.doAs(Subject.java:525)
	at org.apache.hadoop.security.UserGroupInformation.doAs(UserGroupInformation.java:1953)
	at org.apache.hadoop.ozone.client.rpc.TestSecureOzoneRpcClient.lambda$testRemoteException$7(TestSecureOzoneRpcClient.java:441)
	at org.junit.jupiter.api.AssertThrows.assertThrows(AssertThrows.java:53)
	at org.junit.jupiter.api.AssertThrows.assertThrows(AssertThrows.java:35)
	at org.junit.jupiter.api.Assertions.assertThrows(Assertions.java:3128)
	at org.apache.hadoop.ozone.client.rpc.TestSecureOzoneRpcClient.testRemoteException(TestSecureOzoneRpcClient.java:440)
	at java.base/jdk.internal.reflect.DirectMethodHandleAccessor.invoke(DirectMethodHandleAccessor.java:103)
	at java.base/java.lang.reflect.Method.invoke(Method.java:580)
	at org.junit.platform.commons.util.ReflectionUtils.invokeMethod(ReflectionUtils.java:786)
	at org.junit.platform.commons.support.ReflectionSupport.invokeMethod(ReflectionSupport.java:514)
	at org.junit.jupiter.engine.execution.MethodInvocation.proceed(MethodInvocation.java:60)
	at org.junit.jupiter.engine.execution.InvocationInterceptorChain$ValidatingInvocation.proceed(InvocationInterceptorChain.java:131)
	at org.junit.jupiter.engine.extension.SameThreadTimeoutInvocation.proceed(SameThreadTimeoutInvocation.java:49)
	at org.junit.jupiter.engine.extension.TimeoutExtension.intercept(TimeoutExtension.java:161)
	at org.junit.jupiter.engine.extension.TimeoutExtension.interceptTestableMethod(TimeoutExtension.java:152)
	at org.junit.jupiter.engine.extension.TimeoutExtension.interceptTestMethod(TimeoutExtension.java:91)
	at org.junit.jupiter.engine.execution.InterceptingExecutableInvoker$ReflectiveInterceptorCall.lambda$ofVoidMethod$0(InterceptingExecutableInvoker.java:112)
	at org.junit.jupiter.engine.execution.InterceptingExecutableInvoker.lambda$invoke$0(InterceptingExecutableInvoker.java:94)
	at org.junit.jupiter.engine.execution.InvocationInterceptorChain$InterceptedInvocation.proceed(InvocationInterceptorChain.java:106)
	at org.junit.jupiter.engine.execution.InvocationInterceptorChain.proceed(InvocationInterceptorChain.java:64)
	at org.junit.jupiter.engine.execution.InvocationInterceptorChain.chainAndInvoke(InvocationInterceptorChain.java:45)
	at org.junit.jupiter.engine.execution.InvocationInterceptorChain.invoke(InvocationInterceptorChain.java:37)
	at org.junit.jupiter.engine.execution.InterceptingExecutableInvoker.invoke(InterceptingExecutableInvoker.java:93)
	at org.junit.jupiter.engine.execution.InterceptingExecutableInvoker.invoke(InterceptingExecutableInvoker.java:87)
	at org.junit.jupiter.engine.descriptor.TestMethodTestDescriptor.lambda$invokeTestMethod$4(TestMethodTestDescriptor.java:221)
	at org.junit.platform.engine.support.hierarchical.ThrowableCollector.execute(ThrowableCollector.java:73)
	at org.junit.jupiter.engine.descriptor.TestMethodTestDescriptor.invokeTestMethod(TestMethodTestDescriptor.java:217)
	at org.junit.jupiter.engine.descriptor.TestMethodTestDescriptor.execute(TestMethodTestDescriptor.java:159)
	at org.junit.jupiter.engine.descriptor.TestMethodTestDescriptor.execute(TestMethodTestDescriptor.java:70)
	at org.junit.platform.engine.support.hierarchical.NodeTestTask.lambda$executeRecursively$6(NodeTestTask.java:157)
	at org.junit.platform.engine.support.hierarchical.ThrowableCollector.execute(ThrowableCollector.java:73)
	at org.junit.platform.engine.support.hierarchical.NodeTestTask.lambda$executeRecursively$8(NodeTestTask.java:147)
	at org.junit.platform.engine.support.hierarchical.Node.around(Node.java:137)
	at org.junit.platform.engine.support.hierarchical.NodeTestTask.lambda$executeRecursively$9(NodeTestTask.java:145)
	at org.junit.platform.engine.support.hierarchical.ThrowableCollector.execute(ThrowableCollector.java:73)
	at org.junit.platform.engine.support.hierarchical.NodeTestTask.executeRecursively(NodeTestTask.java:144)
	at org.junit.platform.engine.support.hierarchical.NodeTestTask.execute(NodeTestTask.java:101)
	at org.junit.platform.engine.support.hierarchical.ForkJoinPoolHierarchicalTestExecutorService$ExclusiveTask.exec(ForkJoinPoolHierarchicalTestExecutorService.java:274)
	at org.junit.platform.engine.support.hierarchical.ForkJoinPoolHierarchicalTestExecutorService$ExclusiveTask.execSync(ForkJoinPoolHierarchicalTestExecutorService.java:247)
	at org.junit.platform.engine.support.hierarchical.ForkJoinPoolHierarchicalTestExecutorService.executeSync(ForkJoinPoolHierarchicalTestExecutorService.java:194)
	at org.junit.platform.engine.support.hierarchical.ForkJoinPoolHierarchicalTestExecutorService.invokeAll(ForkJoinPoolHierarchicalTestExecutorService.java:166)
	at org.junit.platform.engine.support.hierarchical.NodeTestTask.lambda$executeRecursively$6(NodeTestTask.java:161)
	at org.junit.platform.engine.support.hierarchical.ThrowableCollector.execute(ThrowableCollector.java:73)
	at org.junit.platform.engine.support.hierarchical.NodeTestTask.lambda$executeRecursively$8(NodeTestTask.java:147)
	at org.junit.platform.engine.support.hierarchical.Node.around(Node.java:137)
	at org.junit.platform.engine.support.hierarchical.NodeTestTask.lambda$executeRecursively$9(NodeTestTask.java:145)
	at org.junit.platform.engine.support.hierarchical.ThrowableCollector.execute(ThrowableCollector.java:73)
	at org.junit.platform.engine.support.hierarchical.NodeTestTask.executeRecursively(NodeTestTask.java:144)
	at org.junit.platform.engine.support.hierarchical.NodeTestTask.execute(NodeTestTask.java:101)
	at org.junit.platform.engine.support.hierarchical.ForkJoinPoolHierarchicalTestExecutorService$ExclusiveTask.exec(ForkJoinPoolHierarchicalTestExecutorService.java:274)
	at org.junit.platform.engine.support.hierarchical.ForkJoinPoolHierarchicalTestExecutorService$ExclusiveTask.execSync(ForkJoinPoolHierarchicalTestExecutorService.java:247)
	at org.junit.platform.engine.support.hierarchical.ForkJoinPoolHierarchicalTestExecutorService.invokeAll(ForkJoinPoolHierarchicalTestExecutorService.java:159)
	at org.junit.platform.engine.support.hierarchical.NodeTestTask.lambda$executeRecursively$6(NodeTestTask.java:161)
	at org.junit.platform.engine.support.hierarchical.ThrowableCollector.execute(ThrowableCollector.java:73)
	at org.junit.platform.engine.support.hierarchical.NodeTestTask.lambda$executeRecursively$8(NodeTestTask.java:147)
	at org.junit.platform.engine.support.hierarchical.Node.around(Node.java:137)
	at org.junit.platform.engine.support.hierarchical.NodeTestTask.lambda$executeRecursively$9(NodeTestTask.java:145)
	at org.junit.platform.engine.support.hierarchical.ThrowableCollector.execute(ThrowableCollector.java:73)
	at org.junit.platform.engine.support.hierarchical.NodeTestTask.executeRecursively(NodeTestTask.java:144)
	at org.junit.platform.engine.support.hierarchical.NodeTestTask.execute(NodeTestTask.java:101)
	at org.junit.platform.engine.support.hierarchical.ForkJoinPoolHierarchicalTestExecutorService$ExclusiveTask.exec(ForkJoinPoolHierarchicalTestExecutorService.java:274)
	at java.base/java.util.concurrent.ForkJoinTask.doExec(ForkJoinTask.java:387)
	at java.base/java.util.concurrent.ForkJoinPool$WorkQueue.topLevelExec(ForkJoinPool.java:1312)
	at java.base/java.util.concurrent.ForkJoinPool.scan(ForkJoinPool.java:1843)
	at java.base/java.util.concurrent.ForkJoinPool.runWorker(ForkJoinPool.java:1808)
	at java.base/java.util.concurrent.ForkJoinWorkerThread.run(ForkJoinWorkerThread.java:188)
]]></system-out>
  </testcase>
  <testcase name="testRemoveBucketAcl" classname="org.apache.hadoop.ozone.client.rpc.TestSecureOzoneRpcClient" time="0.009">
    <system-out><![CDATA[2025-10-20 19:51:53,881 [ForkJoinPool-1-worker-1] INFO  rpc.RpcClient (RpcClient.java:createVolume(461)) - Creating Volume: 41d2e431-ce37-451b-a147-54257e2cc9a2, with runner as owner and space quota set to -1 bytes, counts quota set to -1
2025-10-20 19:51:53,883 [om1-OMStateMachineApplyTransactionThread - 0] INFO  volume.OMVolumeCreateRequest (OMVolumeCreateRequest.java:validateAndUpdateCache(213)) - created volume:41d2e431-ce37-451b-a147-54257e2cc9a2 for user:runner
2025-10-20 19:51:53,883 | INFO  | OMAudit | user=runner | ip=127.0.0.1 | op=CREATE_VOLUME {"admin":"runner","owner":"runner","volume":"41d2e431-ce37-451b-a147-54257e2cc9a2","creationTime":"1760989913882","modificationTime":"1760989913882","quotaInBytes":"-1","quotaInNamespace":"-1","usedNamespace":"0","objectID":"-9223372036854303232","updateID":"1846","Transaction":"1846"} | ret=SUCCESS |  
2025-10-20 19:51:53,884 | INFO  | OMAudit | user=runner | ip=127.0.0.1 | op=READ_VOLUME {"volume":"41d2e431-ce37-451b-a147-54257e2cc9a2"} | ret=SUCCESS |  
2025-10-20 19:51:53,884 [ForkJoinPool-1-worker-1] INFO  rpc.RpcClient (RpcClient.java:createBucket(686)) - Creating Bucket: 41d2e431-ce37-451b-a147-54257e2cc9a2/be2f0d51-68fe-4048-9512-143aa69b60cd, with server-side default bucket layout, runner as owner, Versioning false, Storage Type set to DISK and Encryption set to false, Replication Type set to server-side default replication type, Namespace Quota set to -1, Space Quota set to -1 
2025-10-20 19:51:53,886 [om1-OMStateMachineApplyTransactionThread - 0] INFO  bucket.OMBucketCreateRequest (OMBucketCreateRequest.java:validateAndUpdateCache(303)) - created bucket: be2f0d51-68fe-4048-9512-143aa69b60cd of layout FILE_SYSTEM_OPTIMIZED in volume: 41d2e431-ce37-451b-a147-54257e2cc9a2
2025-10-20 19:51:53,886 | INFO  | OMAudit | user=runner | ip=127.0.0.1 | op=CREATE_BUCKET {"volume":"41d2e431-ce37-451b-a147-54257e2cc9a2","bucket":"be2f0d51-68fe-4048-9512-143aa69b60cd","bucketLayout":"FILE_SYSTEM_OPTIMIZED","gdprEnabled":null,"acls":"[user:runner:a[ACCESS], group:runner:rl[ACCESS], user:test:a[ACCESS]]","isVersionEnabled":"false","storageType":"DISK","creationTime":"1760989913885","bucketEncryptionKey":null,"modificationTime":"1760989913885","usedBytes":"0","usedNamespace":"0","snapshotUsedBytes":"0","snapshotUsedNamespace":"0","owner":"runner","replicationType":null,"replicationConfig":null,"quotaInBytes":"-1","quotaInNamespace":"-1","Transaction":"1847"} | ret=SUCCESS |  
2025-10-20 19:51:53,886 | INFO  | OMAudit | user=runner | ip=127.0.0.1 | op=READ_BUCKET {"volume":"41d2e431-ce37-451b-a147-54257e2cc9a2","bucket":"be2f0d51-68fe-4048-9512-143aa69b60cd"} | ret=SUCCESS |  
2025-10-20 19:51:53,888 | INFO  | OMAudit | user=runner | ip=127.0.0.1 | op=REMOVE_ACL {"resourceType":"bucket","storageType":"ozone","volume":"41d2e431-ce37-451b-a147-54257e2cc9a2","bucket":"be2f0d51-68fe-4048-9512-143aa69b60cd","key":null,"acl":"[user:test:a[ACCESS]]","Transaction":"1848"} | ret=SUCCESS |  
2025-10-20 19:51:53,889 | INFO  | OMAudit | user=runner | ip=127.0.0.1 | op=READ_BUCKET {"volume":"41d2e431-ce37-451b-a147-54257e2cc9a2","bucket":"be2f0d51-68fe-4048-9512-143aa69b60cd"} | ret=SUCCESS |  
2025-10-20 19:51:53,889 | INFO  | OMAudit | user=runner | ip=127.0.0.1 | op=GET_ACL {"resourceType":"bucket","storageType":"ozone","volume":"41d2e431-ce37-451b-a147-54257e2cc9a2","bucket":"be2f0d51-68fe-4048-9512-143aa69b60cd","key":null} | ret=SUCCESS |  
]]></system-out>
  </testcase>
  <testcase name="testRemoveBucketAclUsingRpcClientRemoveAcl" classname="org.apache.hadoop.ozone.client.rpc.TestSecureOzoneRpcClient" time="0.011">
    <system-out><![CDATA[2025-10-20 19:51:53,891 [ForkJoinPool-1-worker-1] INFO  rpc.RpcClient (RpcClient.java:createVolume(461)) - Creating Volume: d5aebb73-6834-4e90-bc6f-18e4938d0725, with runner as owner and space quota set to -1 bytes, counts quota set to -1
2025-10-20 19:51:53,892 [om1-OMStateMachineApplyTransactionThread - 0] INFO  volume.OMVolumeCreateRequest (OMVolumeCreateRequest.java:validateAndUpdateCache(213)) - created volume:d5aebb73-6834-4e90-bc6f-18e4938d0725 for user:runner
2025-10-20 19:51:53,892 | INFO  | OMAudit | user=runner | ip=127.0.0.1 | op=CREATE_VOLUME {"admin":"runner","owner":"runner","volume":"d5aebb73-6834-4e90-bc6f-18e4938d0725","creationTime":"1760989913891","modificationTime":"1760989913891","quotaInBytes":"-1","quotaInNamespace":"-1","usedNamespace":"0","objectID":"-9223372036854302464","updateID":"1849","Transaction":"1849"} | ret=SUCCESS |  
2025-10-20 19:51:53,893 | INFO  | OMAudit | user=runner | ip=127.0.0.1 | op=READ_VOLUME {"volume":"d5aebb73-6834-4e90-bc6f-18e4938d0725"} | ret=SUCCESS |  
2025-10-20 19:51:53,893 [ForkJoinPool-1-worker-1] INFO  rpc.RpcClient (RpcClient.java:createBucket(686)) - Creating Bucket: d5aebb73-6834-4e90-bc6f-18e4938d0725/70e08095-4c91-4787-9a1e-330e2b53ccf8, with server-side default bucket layout, runner as owner, Versioning false, Storage Type set to DISK and Encryption set to false, Replication Type set to server-side default replication type, Namespace Quota set to -1, Space Quota set to -1 
2025-10-20 19:51:53,894 [om1-OMStateMachineApplyTransactionThread - 0] INFO  bucket.OMBucketCreateRequest (OMBucketCreateRequest.java:validateAndUpdateCache(303)) - created bucket: 70e08095-4c91-4787-9a1e-330e2b53ccf8 of layout FILE_SYSTEM_OPTIMIZED in volume: d5aebb73-6834-4e90-bc6f-18e4938d0725
2025-10-20 19:51:53,895 | INFO  | OMAudit | user=runner | ip=127.0.0.1 | op=CREATE_BUCKET {"volume":"d5aebb73-6834-4e90-bc6f-18e4938d0725","bucket":"70e08095-4c91-4787-9a1e-330e2b53ccf8","bucketLayout":"FILE_SYSTEM_OPTIMIZED","gdprEnabled":null,"acls":"[user:runner:a[ACCESS], group:runner:rl[ACCESS], user:test:a[ACCESS], user:test1:a[ACCESS]]","isVersionEnabled":"false","storageType":"DISK","creationTime":"1760989913894","bucketEncryptionKey":null,"modificationTime":"1760989913894","usedBytes":"0","usedNamespace":"0","snapshotUsedBytes":"0","snapshotUsedNamespace":"0","owner":"runner","replicationType":null,"replicationConfig":null,"quotaInBytes":"-1","quotaInNamespace":"-1","Transaction":"1850"} | ret=SUCCESS |  
2025-10-20 19:51:53,896 | INFO  | OMAudit | user=runner | ip=127.0.0.1 | op=REMOVE_ACL {"resourceType":"bucket","storageType":"ozone","volume":"d5aebb73-6834-4e90-bc6f-18e4938d0725","bucket":"70e08095-4c91-4787-9a1e-330e2b53ccf8","key":null,"acl":"[user:test1:a[ACCESS]]","Transaction":"1851"} | ret=SUCCESS |  
2025-10-20 19:51:53,897 | INFO  | OMAudit | user=runner | ip=127.0.0.1 | op=GET_ACL {"resourceType":"bucket","storageType":"ozone","volume":"d5aebb73-6834-4e90-bc6f-18e4938d0725","bucket":"70e08095-4c91-4787-9a1e-330e2b53ccf8","key":null} | ret=SUCCESS |  
2025-10-20 19:51:53,899 | INFO  | OMAudit | user=runner | ip=127.0.0.1 | op=REMOVE_ACL {"resourceType":"bucket","storageType":"ozone","volume":"d5aebb73-6834-4e90-bc6f-18e4938d0725","bucket":"70e08095-4c91-4787-9a1e-330e2b53ccf8","key":null,"acl":"[user:test:a[ACCESS]]","Transaction":"1852"} | ret=SUCCESS |  
2025-10-20 19:51:53,900 | INFO  | OMAudit | user=runner | ip=127.0.0.1 | op=GET_ACL {"resourceType":"bucket","storageType":"ozone","volume":"d5aebb73-6834-4e90-bc6f-18e4938d0725","bucket":"70e08095-4c91-4787-9a1e-330e2b53ccf8","key":null} | ret=SUCCESS |  
]]></system-out>
  </testcase>
  <testcase name="testRenameKey" classname="org.apache.hadoop.ozone.client.rpc.TestSecureOzoneRpcClient" time="0.025">
    <system-out><![CDATA[2025-10-20 19:51:53,902 [ForkJoinPool-1-worker-1] INFO  rpc.RpcClient (RpcClient.java:createVolume(461)) - Creating Volume: 4088ef53-e622-4fdd-9cbe-3b4ab92b38ff, with runner as owner and space quota set to -1 bytes, counts quota set to -1
2025-10-20 19:51:53,903 [om1-OMStateMachineApplyTransactionThread - 0] INFO  volume.OMVolumeCreateRequest (OMVolumeCreateRequest.java:validateAndUpdateCache(213)) - created volume:4088ef53-e622-4fdd-9cbe-3b4ab92b38ff for user:runner
2025-10-20 19:51:53,903 | INFO  | OMAudit | user=runner | ip=127.0.0.1 | op=CREATE_VOLUME {"admin":"runner","owner":"runner","volume":"4088ef53-e622-4fdd-9cbe-3b4ab92b38ff","creationTime":"1760989913902","modificationTime":"1760989913902","quotaInBytes":"-1","quotaInNamespace":"-1","usedNamespace":"0","objectID":"-9223372036854301440","updateID":"1853","Transaction":"1853"} | ret=SUCCESS |  
2025-10-20 19:51:53,904 | INFO  | OMAudit | user=runner | ip=127.0.0.1 | op=READ_VOLUME {"volume":"4088ef53-e622-4fdd-9cbe-3b4ab92b38ff"} | ret=SUCCESS |  
2025-10-20 19:51:53,904 [ForkJoinPool-1-worker-1] INFO  rpc.RpcClient (RpcClient.java:createBucket(686)) - Creating Bucket: 4088ef53-e622-4fdd-9cbe-3b4ab92b38ff/146ccca7-4b14-412b-887a-347764eef763, with server-side default bucket layout, runner as owner, Versioning false, Storage Type set to DISK and Encryption set to false, Replication Type set to server-side default replication type, Namespace Quota set to -1, Space Quota set to -1 
2025-10-20 19:51:53,905 [om1-OMStateMachineApplyTransactionThread - 0] INFO  bucket.OMBucketCreateRequest (OMBucketCreateRequest.java:validateAndUpdateCache(303)) - created bucket: 146ccca7-4b14-412b-887a-347764eef763 of layout FILE_SYSTEM_OPTIMIZED in volume: 4088ef53-e622-4fdd-9cbe-3b4ab92b38ff
2025-10-20 19:51:53,905 | INFO  | OMAudit | user=runner | ip=127.0.0.1 | op=CREATE_BUCKET {"volume":"4088ef53-e622-4fdd-9cbe-3b4ab92b38ff","bucket":"146ccca7-4b14-412b-887a-347764eef763","bucketLayout":"FILE_SYSTEM_OPTIMIZED","gdprEnabled":null,"acls":"[user:runner:a[ACCESS], group:runner:rl[ACCESS]]","isVersionEnabled":"false","storageType":"DISK","creationTime":"1760989913905","bucketEncryptionKey":null,"modificationTime":"1760989913905","usedBytes":"0","usedNamespace":"0","snapshotUsedBytes":"0","snapshotUsedNamespace":"0","owner":"runner","replicationType":null,"replicationConfig":null,"quotaInBytes":"-1","quotaInNamespace":"-1","Transaction":"1854"} | ret=SUCCESS |  
2025-10-20 19:51:53,906 | INFO  | OMAudit | user=runner | ip=127.0.0.1 | op=READ_BUCKET {"volume":"4088ef53-e622-4fdd-9cbe-3b4ab92b38ff","bucket":"146ccca7-4b14-412b-887a-347764eef763"} | ret=SUCCESS |  
2025-10-20 19:51:53,907 | INFO  | OMAudit | user=runner | ip=127.0.0.1 | op=READ_BUCKET {"volume":"4088ef53-e622-4fdd-9cbe-3b4ab92b38ff","bucket":"146ccca7-4b14-412b-887a-347764eef763"} | ret=SUCCESS |  
2025-10-20 19:51:53,908 | INFO  | SCMAudit | user=runner | ip=127.0.0.1 | op=ALLOCATE_BLOCK {"replication":"RATIS/ONE","owner":"omServiceIdDefault","size":"4194304","sampleBlocks":"[conID: 7 locID: 115816896921600522]","num":"1","client":"","allocated":"1"} | ret=SUCCESS |  
2025-10-20 19:51:53,910 | INFO  | OMAudit | user=runner | ip=127.0.0.1 | op=ALLOCATE_KEY {"volume":"4088ef53-e622-4fdd-9cbe-3b4ab92b38ff","bucket":"146ccca7-4b14-412b-887a-347764eef763","key":"36aadcd3-dacb-4399-8315-9f10fd41ea82","dataSize":"12","replicationType":"RATIS","replicationFactor":"ONE","Transaction":"1855"} | ret=SUCCESS |  
2025-10-20 19:51:53,915 | INFO  | OMAudit | user=runner | ip=127.0.0.1 | op=COMMIT_KEY {"volume":"4088ef53-e622-4fdd-9cbe-3b4ab92b38ff","bucket":"146ccca7-4b14-412b-887a-347764eef763","key":"36aadcd3-dacb-4399-8315-9f10fd41ea82","dataSize":"12","replicationType":"RATIS","replicationFactor":"ONE","Transaction":"1856"} | ret=SUCCESS |  
2025-10-20 19:51:53,916 | INFO  | OMAudit | user=runner | ip=127.0.0.1 | op=READ_KEY {"volume":"4088ef53-e622-4fdd-9cbe-3b4ab92b38ff","bucket":"146ccca7-4b14-412b-887a-347764eef763","key":"36aadcd3-dacb-4399-8315-9f10fd41ea82","owner":null,"dataSize":"0","replicationConfig":null} | ret=SUCCESS |  
2025-10-20 19:51:53,919 | INFO  | OMAudit | user=runner | ip=127.0.0.1 | op=RENAME_KEY {"volume":"4088ef53-e622-4fdd-9cbe-3b4ab92b38ff","bucket":"146ccca7-4b14-412b-887a-347764eef763","dataSize":"0","srcKey":"36aadcd3-dacb-4399-8315-9f10fd41ea82","dstKey":"","Transaction":"1857"} | ret=SUCCESS |  
2025-10-20 19:51:53,920 | INFO  | OMAudit | user=runner | ip=127.0.0.1 | op=READ_KEY {"volume":"4088ef53-e622-4fdd-9cbe-3b4ab92b38ff","bucket":"146ccca7-4b14-412b-887a-347764eef763","key":"36aadcd3-dacb-4399-8315-9f10fd41ea82","owner":null,"dataSize":"0","replicationConfig":null} | ret=SUCCESS |  
2025-10-20 19:51:53,922 | INFO  | OMAudit | user=runner | ip=127.0.0.1 | op=RENAME_KEY {"volume":"4088ef53-e622-4fdd-9cbe-3b4ab92b38ff","bucket":"146ccca7-4b14-412b-887a-347764eef763","dataSize":"0","srcKey":"36aadcd3-dacb-4399-8315-9f10fd41ea82","dstKey":"09a3cc9d-220d-41e4-89b8-abc9633cc6e3","Transaction":"1858"} | ret=SUCCESS |  
2025-10-20 19:51:53,924 | ERROR | OMAudit | user=runner | ip=127.0.0.1 | op=READ_KEY {"volume":"4088ef53-e622-4fdd-9cbe-3b4ab92b38ff","bucket":"146ccca7-4b14-412b-887a-347764eef763","key":"36aadcd3-dacb-4399-8315-9f10fd41ea82","owner":null,"dataSize":"0","replicationConfig":null} | ret=FAILURE | 
org.apache.hadoop.ozone.om.exceptions.OMException: Key:36aadcd3-dacb-4399-8315-9f10fd41ea82 not found
	at org.apache.hadoop.ozone.om.KeyManagerImpl.readKeyInfo(KeyManagerImpl.java:614)
	at org.apache.hadoop.ozone.om.KeyManagerImpl.lambda$22(KeyManagerImpl.java:2340)
 
2025-10-20 19:51:53,925 | INFO  | OMAudit | user=runner | ip=127.0.0.1 | op=READ_KEY {"volume":"4088ef53-e622-4fdd-9cbe-3b4ab92b38ff","bucket":"146ccca7-4b14-412b-887a-347764eef763","key":"09a3cc9d-220d-41e4-89b8-abc9633cc6e3","owner":null,"dataSize":"0","replicationConfig":null} | ret=SUCCESS |  
]]></system-out>
  </testcase>
  <testcase name="testS3Auth" classname="org.apache.hadoop.ozone.client.rpc.TestSecureOzoneRpcClient" time="0.007">
    <system-out><![CDATA[2025-10-20 19:51:53,927 [ForkJoinPool-1-worker-1] INFO  om.S3SecretManager (S3SecretManager.java:updateCache(103)) - Updating cache for accessId/user: runner.
2025-10-20 19:51:53,929 [om1-OMStateMachineApplyTransactionThread - 0] INFO  volume.OMVolumeCreateRequest (OMVolumeCreateRequest.java:validateAndUpdateCache(213)) - created volume:de307d20-3f77-4fa6-8caa-9adc1a2a72cb for user:runner
2025-10-20 19:51:53,929 | INFO  | OMAudit | user=runner | ip= | op=CREATE_VOLUME {"admin":"runner","owner":"runner","volume":"de307d20-3f77-4fa6-8caa-9adc1a2a72cb","creationTime":"1760989913928","modificationTime":"1760989913928","quotaInBytes":"0","quotaInNamespace":"-2","usedNamespace":"0","objectID":"-9223372036854299904","updateID":"1859","Transaction":"1859"} | ret=SUCCESS |  
2025-10-20 19:51:53,930 | INFO  | OMAudit | user=null | ip= | op=READ_VOLUME {"volume":"de307d20-3f77-4fa6-8caa-9adc1a2a72cb"} | ret=SUCCESS |  
2025-10-20 19:51:53,931 [ForkJoinPool-1-worker-1] INFO  om.S3SecretManager (S3SecretManager.java:updateCache(103)) - Updating cache for accessId/user: runner.
2025-10-20 19:51:53,931 [ForkJoinPool-1-worker-1] ERROR protocolPB.OzoneManagerProtocolServerSideTranslatorPB (S3SecurityUtil.java:validateS3Credential(70)) - signatures do NOT match for S3 identifier:OzoneToken owner=runner, renewer=, realUser=, issueDate=1970-01-01T00:00:00Z, maxDate=1970-01-01T00:00:00Z, sequenceNumber=0, masterKeyId=0, strToSign=AWS4-HMAC-SHA256
20150830T123600Z
20150830/us-east-1/iam/aws4_request
f536975d06c0309214f805bb90ccff089219ecd68b2577efef23edd43b7e1a59, signature=5d672d79c15b13162d9279b0855cfba6789a8edb4c82c400e06b5924a6f2b5d7, awsAccessKeyId=runner, omServiceId=null, omCertSerialId=null, secretKeyId=null
org.apache.hadoop.security.token.SecretManager$InvalidToken: Invalid S3 identifier:OzoneToken owner=runner, renewer=, realUser=, issueDate=1970-01-01T00:00:00Z, maxDate=1970-01-01T00:00:00Z, sequenceNumber=0, masterKeyId=0, strToSign=AWS4-HMAC-SHA256
20150830T123600Z
20150830/us-east-1/iam/aws4_request
f536975d06c0309214f805bb90ccff089219ecd68b2577efef23edd43b7e1a59, signature=5d672d79c15b13162d9279b0855cfba6789a8edb4c82c400e06b5924a6f2b5d7, awsAccessKeyId=runner, omServiceId=null, omCertSerialId=null, secretKeyId=null
	at org.apache.hadoop.ozone.security.OzoneDelegationTokenSecretManager.validateS3AuthInfo(OzoneDelegationTokenSecretManager.java:502)
	at org.apache.hadoop.ozone.security.OzoneDelegationTokenSecretManager.retrievePassword(OzoneDelegationTokenSecretManager.java:375)
	at org.apache.hadoop.ozone.security.S3SecurityUtil.validateS3Credential(S3SecurityUtil.java:61)
	at org.apache.hadoop.ozone.protocolPB.OzoneManagerProtocolServerSideTranslatorPB.internalProcessRequest(OzoneManagerProtocolServerSideTranslatorPB.java:151)
	at org.apache.hadoop.ozone.protocolPB.OzoneManagerProtocolServerSideTranslatorPB.processRequest(OzoneManagerProtocolServerSideTranslatorPB.java:124)
	at org.apache.hadoop.hdds.server.OzoneProtocolMessageDispatcher.processRequest(OzoneProtocolMessageDispatcher.java:89)
	at org.apache.hadoop.ozone.protocolPB.OzoneManagerProtocolServerSideTranslatorPB.submitRequest(OzoneManagerProtocolServerSideTranslatorPB.java:115)
	at org.apache.hadoop.ozone.client.rpc.TestSecureOzoneRpcClient.testS3Auth(TestSecureOzoneRpcClient.java:426)
	at java.base/jdk.internal.reflect.DirectMethodHandleAccessor.invoke(DirectMethodHandleAccessor.java:103)
	at java.base/java.lang.reflect.Method.invoke(Method.java:580)
	at org.junit.platform.commons.util.ReflectionUtils.invokeMethod(ReflectionUtils.java:786)
	at org.junit.platform.commons.support.ReflectionSupport.invokeMethod(ReflectionSupport.java:514)
	at org.junit.jupiter.engine.execution.MethodInvocation.proceed(MethodInvocation.java:60)
	at org.junit.jupiter.engine.execution.InvocationInterceptorChain$ValidatingInvocation.proceed(InvocationInterceptorChain.java:131)
	at org.junit.jupiter.engine.extension.SameThreadTimeoutInvocation.proceed(SameThreadTimeoutInvocation.java:49)
	at org.junit.jupiter.engine.extension.TimeoutExtension.intercept(TimeoutExtension.java:161)
	at org.junit.jupiter.engine.extension.TimeoutExtension.interceptTestableMethod(TimeoutExtension.java:152)
	at org.junit.jupiter.engine.extension.TimeoutExtension.interceptTestMethod(TimeoutExtension.java:91)
	at org.junit.jupiter.engine.execution.InterceptingExecutableInvoker$ReflectiveInterceptorCall.lambda$ofVoidMethod$0(InterceptingExecutableInvoker.java:112)
	at org.junit.jupiter.engine.execution.InterceptingExecutableInvoker.lambda$invoke$0(InterceptingExecutableInvoker.java:94)
	at org.junit.jupiter.engine.execution.InvocationInterceptorChain$InterceptedInvocation.proceed(InvocationInterceptorChain.java:106)
	at org.junit.jupiter.engine.execution.InvocationInterceptorChain.proceed(InvocationInterceptorChain.java:64)
	at org.junit.jupiter.engine.execution.InvocationInterceptorChain.chainAndInvoke(InvocationInterceptorChain.java:45)
	at org.junit.jupiter.engine.execution.InvocationInterceptorChain.invoke(InvocationInterceptorChain.java:37)
	at org.junit.jupiter.engine.execution.InterceptingExecutableInvoker.invoke(InterceptingExecutableInvoker.java:93)
	at org.junit.jupiter.engine.execution.InterceptingExecutableInvoker.invoke(InterceptingExecutableInvoker.java:87)
	at org.junit.jupiter.engine.descriptor.TestMethodTestDescriptor.lambda$invokeTestMethod$4(TestMethodTestDescriptor.java:221)
	at org.junit.platform.engine.support.hierarchical.ThrowableCollector.execute(ThrowableCollector.java:73)
	at org.junit.jupiter.engine.descriptor.TestMethodTestDescriptor.invokeTestMethod(TestMethodTestDescriptor.java:217)
	at org.junit.jupiter.engine.descriptor.TestMethodTestDescriptor.execute(TestMethodTestDescriptor.java:159)
	at org.junit.jupiter.engine.descriptor.TestMethodTestDescriptor.execute(TestMethodTestDescriptor.java:70)
	at org.junit.platform.engine.support.hierarchical.NodeTestTask.lambda$executeRecursively$6(NodeTestTask.java:157)
	at org.junit.platform.engine.support.hierarchical.ThrowableCollector.execute(ThrowableCollector.java:73)
	at org.junit.platform.engine.support.hierarchical.NodeTestTask.lambda$executeRecursively$8(NodeTestTask.java:147)
	at org.junit.platform.engine.support.hierarchical.Node.around(Node.java:137)
	at org.junit.platform.engine.support.hierarchical.NodeTestTask.lambda$executeRecursively$9(NodeTestTask.java:145)
	at org.junit.platform.engine.support.hierarchical.ThrowableCollector.execute(ThrowableCollector.java:73)
	at org.junit.platform.engine.support.hierarchical.NodeTestTask.executeRecursively(NodeTestTask.java:144)
	at org.junit.platform.engine.support.hierarchical.NodeTestTask.execute(NodeTestTask.java:101)
	at org.junit.platform.engine.support.hierarchical.ForkJoinPoolHierarchicalTestExecutorService$ExclusiveTask.exec(ForkJoinPoolHierarchicalTestExecutorService.java:274)
	at org.junit.platform.engine.support.hierarchical.ForkJoinPoolHierarchicalTestExecutorService$ExclusiveTask.execSync(ForkJoinPoolHierarchicalTestExecutorService.java:247)
	at org.junit.platform.engine.support.hierarchical.ForkJoinPoolHierarchicalTestExecutorService.executeSync(ForkJoinPoolHierarchicalTestExecutorService.java:194)
	at org.junit.platform.engine.support.hierarchical.ForkJoinPoolHierarchicalTestExecutorService.invokeAll(ForkJoinPoolHierarchicalTestExecutorService.java:166)
	at org.junit.platform.engine.support.hierarchical.NodeTestTask.lambda$executeRecursively$6(NodeTestTask.java:161)
	at org.junit.platform.engine.support.hierarchical.ThrowableCollector.execute(ThrowableCollector.java:73)
	at org.junit.platform.engine.support.hierarchical.NodeTestTask.lambda$executeRecursively$8(NodeTestTask.java:147)
	at org.junit.platform.engine.support.hierarchical.Node.around(Node.java:137)
	at org.junit.platform.engine.support.hierarchical.NodeTestTask.lambda$executeRecursively$9(NodeTestTask.java:145)
	at org.junit.platform.engine.support.hierarchical.ThrowableCollector.execute(ThrowableCollector.java:73)
	at org.junit.platform.engine.support.hierarchical.NodeTestTask.executeRecursively(NodeTestTask.java:144)
	at org.junit.platform.engine.support.hierarchical.NodeTestTask.execute(NodeTestTask.java:101)
	at org.junit.platform.engine.support.hierarchical.ForkJoinPoolHierarchicalTestExecutorService$ExclusiveTask.exec(ForkJoinPoolHierarchicalTestExecutorService.java:274)
	at org.junit.platform.engine.support.hierarchical.ForkJoinPoolHierarchicalTestExecutorService$ExclusiveTask.execSync(ForkJoinPoolHierarchicalTestExecutorService.java:247)
	at org.junit.platform.engine.support.hierarchical.ForkJoinPoolHierarchicalTestExecutorService.invokeAll(ForkJoinPoolHierarchicalTestExecutorService.java:159)
	at org.junit.platform.engine.support.hierarchical.NodeTestTask.lambda$executeRecursively$6(NodeTestTask.java:161)
	at org.junit.platform.engine.support.hierarchical.ThrowableCollector.execute(ThrowableCollector.java:73)
	at org.junit.platform.engine.support.hierarchical.NodeTestTask.lambda$executeRecursively$8(NodeTestTask.java:147)
	at org.junit.platform.engine.support.hierarchical.Node.around(Node.java:137)
	at org.junit.platform.engine.support.hierarchical.NodeTestTask.lambda$executeRecursively$9(NodeTestTask.java:145)
	at org.junit.platform.engine.support.hierarchical.ThrowableCollector.execute(ThrowableCollector.java:73)
	at org.junit.platform.engine.support.hierarchical.NodeTestTask.executeRecursively(NodeTestTask.java:144)
	at org.junit.platform.engine.support.hierarchical.NodeTestTask.execute(NodeTestTask.java:101)
	at org.junit.platform.engine.support.hierarchical.ForkJoinPoolHierarchicalTestExecutorService$ExclusiveTask.exec(ForkJoinPoolHierarchicalTestExecutorService.java:274)
	at java.base/java.util.concurrent.ForkJoinTask.doExec(ForkJoinTask.java:387)
	at java.base/java.util.concurrent.ForkJoinPool$WorkQueue.topLevelExec(ForkJoinPool.java:1312)
	at java.base/java.util.concurrent.ForkJoinPool.scan(ForkJoinPool.java:1843)
	at java.base/java.util.concurrent.ForkJoinPool.runWorker(ForkJoinPool.java:1808)
	at java.base/java.util.concurrent.ForkJoinWorkerThread.run(ForkJoinWorkerThread.java:188)
2025-10-20 19:51:53,932 [ForkJoinPool-1-worker-1] ERROR protocolPB.OzoneManagerProtocolServerSideTranslatorPB (S3SecurityUtil.java:validateS3Credential(70)) - signatures do NOT match for S3 identifier:OzoneToken owner=runner, renewer=, realUser=, issueDate=1970-01-01T00:00:00Z, maxDate=1970-01-01T00:00:00Z, sequenceNumber=0, masterKeyId=0, strToSign=AWS4-HMAC-SHA256
20150830T123600Z
20150830/us-east-1/iam/aws4_request
f536975d06c0309214f805bb90ccff089219ecd68b2577efef23edd43b7e1a59, signature=5d672d79c15b13162d9279b0855cfba6789a8edb4c82c400e06b5924a6f2b5d7, awsAccessKeyId=runner, omServiceId=null, omCertSerialId=null, secretKeyId=null
org.apache.hadoop.security.token.SecretManager$InvalidToken: Invalid S3 identifier:OzoneToken owner=runner, renewer=, realUser=, issueDate=1970-01-01T00:00:00Z, maxDate=1970-01-01T00:00:00Z, sequenceNumber=0, masterKeyId=0, strToSign=AWS4-HMAC-SHA256
20150830T123600Z
20150830/us-east-1/iam/aws4_request
f536975d06c0309214f805bb90ccff089219ecd68b2577efef23edd43b7e1a59, signature=5d672d79c15b13162d9279b0855cfba6789a8edb4c82c400e06b5924a6f2b5d7, awsAccessKeyId=runner, omServiceId=null, omCertSerialId=null, secretKeyId=null
	at org.apache.hadoop.ozone.security.OzoneDelegationTokenSecretManager.validateS3AuthInfo(OzoneDelegationTokenSecretManager.java:502)
	at org.apache.hadoop.ozone.security.OzoneDelegationTokenSecretManager.retrievePassword(OzoneDelegationTokenSecretManager.java:375)
	at org.apache.hadoop.ozone.security.S3SecurityUtil.validateS3Credential(S3SecurityUtil.java:61)
	at org.apache.hadoop.ozone.protocolPB.OzoneManagerProtocolServerSideTranslatorPB.internalProcessRequest(OzoneManagerProtocolServerSideTranslatorPB.java:151)
	at org.apache.hadoop.ozone.protocolPB.OzoneManagerProtocolServerSideTranslatorPB.processRequest(OzoneManagerProtocolServerSideTranslatorPB.java:124)
	at org.apache.hadoop.hdds.server.OzoneProtocolMessageDispatcher.processRequest(OzoneProtocolMessageDispatcher.java:89)
	at org.apache.hadoop.ozone.protocolPB.OzoneManagerProtocolServerSideTranslatorPB.submitRequest(OzoneManagerProtocolServerSideTranslatorPB.java:115)
	at org.apache.hadoop.ozone.client.rpc.TestSecureOzoneRpcClient.testS3Auth(TestSecureOzoneRpcClient.java:431)
	at java.base/jdk.internal.reflect.DirectMethodHandleAccessor.invoke(DirectMethodHandleAccessor.java:103)
	at java.base/java.lang.reflect.Method.invoke(Method.java:580)
	at org.junit.platform.commons.util.ReflectionUtils.invokeMethod(ReflectionUtils.java:786)
	at org.junit.platform.commons.support.ReflectionSupport.invokeMethod(ReflectionSupport.java:514)
	at org.junit.jupiter.engine.execution.MethodInvocation.proceed(MethodInvocation.java:60)
	at org.junit.jupiter.engine.execution.InvocationInterceptorChain$ValidatingInvocation.proceed(InvocationInterceptorChain.java:131)
	at org.junit.jupiter.engine.extension.SameThreadTimeoutInvocation.proceed(SameThreadTimeoutInvocation.java:49)
	at org.junit.jupiter.engine.extension.TimeoutExtension.intercept(TimeoutExtension.java:161)
	at org.junit.jupiter.engine.extension.TimeoutExtension.interceptTestableMethod(TimeoutExtension.java:152)
	at org.junit.jupiter.engine.extension.TimeoutExtension.interceptTestMethod(TimeoutExtension.java:91)
	at org.junit.jupiter.engine.execution.InterceptingExecutableInvoker$ReflectiveInterceptorCall.lambda$ofVoidMethod$0(InterceptingExecutableInvoker.java:112)
	at org.junit.jupiter.engine.execution.InterceptingExecutableInvoker.lambda$invoke$0(InterceptingExecutableInvoker.java:94)
	at org.junit.jupiter.engine.execution.InvocationInterceptorChain$InterceptedInvocation.proceed(InvocationInterceptorChain.java:106)
	at org.junit.jupiter.engine.execution.InvocationInterceptorChain.proceed(InvocationInterceptorChain.java:64)
	at org.junit.jupiter.engine.execution.InvocationInterceptorChain.chainAndInvoke(InvocationInterceptorChain.java:45)
	at org.junit.jupiter.engine.execution.InvocationInterceptorChain.invoke(InvocationInterceptorChain.java:37)
	at org.junit.jupiter.engine.execution.InterceptingExecutableInvoker.invoke(InterceptingExecutableInvoker.java:93)
	at org.junit.jupiter.engine.execution.InterceptingExecutableInvoker.invoke(InterceptingExecutableInvoker.java:87)
	at org.junit.jupiter.engine.descriptor.TestMethodTestDescriptor.lambda$invokeTestMethod$4(TestMethodTestDescriptor.java:221)
	at org.junit.platform.engine.support.hierarchical.ThrowableCollector.execute(ThrowableCollector.java:73)
	at org.junit.jupiter.engine.descriptor.TestMethodTestDescriptor.invokeTestMethod(TestMethodTestDescriptor.java:217)
	at org.junit.jupiter.engine.descriptor.TestMethodTestDescriptor.execute(TestMethodTestDescriptor.java:159)
	at org.junit.jupiter.engine.descriptor.TestMethodTestDescriptor.execute(TestMethodTestDescriptor.java:70)
	at org.junit.platform.engine.support.hierarchical.NodeTestTask.lambda$executeRecursively$6(NodeTestTask.java:157)
	at org.junit.platform.engine.support.hierarchical.ThrowableCollector.execute(ThrowableCollector.java:73)
	at org.junit.platform.engine.support.hierarchical.NodeTestTask.lambda$executeRecursively$8(NodeTestTask.java:147)
	at org.junit.platform.engine.support.hierarchical.Node.around(Node.java:137)
	at org.junit.platform.engine.support.hierarchical.NodeTestTask.lambda$executeRecursively$9(NodeTestTask.java:145)
	at org.junit.platform.engine.support.hierarchical.ThrowableCollector.execute(ThrowableCollector.java:73)
	at org.junit.platform.engine.support.hierarchical.NodeTestTask.executeRecursively(NodeTestTask.java:144)
	at org.junit.platform.engine.support.hierarchical.NodeTestTask.execute(NodeTestTask.java:101)
	at org.junit.platform.engine.support.hierarchical.ForkJoinPoolHierarchicalTestExecutorService$ExclusiveTask.exec(ForkJoinPoolHierarchicalTestExecutorService.java:274)
	at org.junit.platform.engine.support.hierarchical.ForkJoinPoolHierarchicalTestExecutorService$ExclusiveTask.execSync(ForkJoinPoolHierarchicalTestExecutorService.java:247)
	at org.junit.platform.engine.support.hierarchical.ForkJoinPoolHierarchicalTestExecutorService.executeSync(ForkJoinPoolHierarchicalTestExecutorService.java:194)
	at org.junit.platform.engine.support.hierarchical.ForkJoinPoolHierarchicalTestExecutorService.invokeAll(ForkJoinPoolHierarchicalTestExecutorService.java:166)
	at org.junit.platform.engine.support.hierarchical.NodeTestTask.lambda$executeRecursively$6(NodeTestTask.java:161)
	at org.junit.platform.engine.support.hierarchical.ThrowableCollector.execute(ThrowableCollector.java:73)
	at org.junit.platform.engine.support.hierarchical.NodeTestTask.lambda$executeRecursively$8(NodeTestTask.java:147)
	at org.junit.platform.engine.support.hierarchical.Node.around(Node.java:137)
	at org.junit.platform.engine.support.hierarchical.NodeTestTask.lambda$executeRecursively$9(NodeTestTask.java:145)
	at org.junit.platform.engine.support.hierarchical.ThrowableCollector.execute(ThrowableCollector.java:73)
	at org.junit.platform.engine.support.hierarchical.NodeTestTask.executeRecursively(NodeTestTask.java:144)
	at org.junit.platform.engine.support.hierarchical.NodeTestTask.execute(NodeTestTask.java:101)
	at org.junit.platform.engine.support.hierarchical.ForkJoinPoolHierarchicalTestExecutorService$ExclusiveTask.exec(ForkJoinPoolHierarchicalTestExecutorService.java:274)
	at org.junit.platform.engine.support.hierarchical.ForkJoinPoolHierarchicalTestExecutorService$ExclusiveTask.execSync(ForkJoinPoolHierarchicalTestExecutorService.java:247)
	at org.junit.platform.engine.support.hierarchical.ForkJoinPoolHierarchicalTestExecutorService.invokeAll(ForkJoinPoolHierarchicalTestExecutorService.java:159)
	at org.junit.platform.engine.support.hierarchical.NodeTestTask.lambda$executeRecursively$6(NodeTestTask.java:161)
	at org.junit.platform.engine.support.hierarchical.ThrowableCollector.execute(ThrowableCollector.java:73)
	at org.junit.platform.engine.support.hierarchical.NodeTestTask.lambda$executeRecursively$8(NodeTestTask.java:147)
	at org.junit.platform.engine.support.hierarchical.Node.around(Node.java:137)
	at org.junit.platform.engine.support.hierarchical.NodeTestTask.lambda$executeRecursively$9(NodeTestTask.java:145)
	at org.junit.platform.engine.support.hierarchical.ThrowableCollector.execute(ThrowableCollector.java:73)
	at org.junit.platform.engine.support.hierarchical.NodeTestTask.executeRecursively(NodeTestTask.java:144)
	at org.junit.platform.engine.support.hierarchical.NodeTestTask.execute(NodeTestTask.java:101)
	at org.junit.platform.engine.support.hierarchical.ForkJoinPoolHierarchicalTestExecutorService$ExclusiveTask.exec(ForkJoinPoolHierarchicalTestExecutorService.java:274)
	at java.base/java.util.concurrent.ForkJoinTask.doExec(ForkJoinTask.java:387)
	at java.base/java.util.concurrent.ForkJoinPool$WorkQueue.topLevelExec(ForkJoinPool.java:1312)
	at java.base/java.util.concurrent.ForkJoinPool.scan(ForkJoinPool.java:1843)
	at java.base/java.util.concurrent.ForkJoinPool.runWorker(ForkJoinPool.java:1808)
	at java.base/java.util.concurrent.ForkJoinWorkerThread.run(ForkJoinWorkerThread.java:188)
]]></system-out>
  </testcase>
  <testcase name="testSetAndClrQuota" classname="org.apache.hadoop.ozone.client.rpc.TestSecureOzoneRpcClient" time="0.064">
    <system-out><![CDATA[2025-10-20 19:51:53,933 [ForkJoinPool-1-worker-1] INFO  rpc.RpcClient (RpcClient.java:createVolume(461)) - Creating Volume: ebc49c30-7a91-469c-8dda-fc52218d3c96, with runner as owner and space quota set to -1 bytes, counts quota set to -1
2025-10-20 19:51:53,935 [om1-OMStateMachineApplyTransactionThread - 0] INFO  volume.OMVolumeCreateRequest (OMVolumeCreateRequest.java:validateAndUpdateCache(213)) - created volume:ebc49c30-7a91-469c-8dda-fc52218d3c96 for user:runner
2025-10-20 19:51:53,936 | INFO  | OMAudit | user=runner | ip=127.0.0.1 | op=CREATE_VOLUME {"admin":"runner","owner":"runner","volume":"ebc49c30-7a91-469c-8dda-fc52218d3c96","creationTime":"1760989913934","modificationTime":"1760989913934","quotaInBytes":"-1","quotaInNamespace":"-1","usedNamespace":"0","objectID":"-9223372036854299648","updateID":"1860","Transaction":"1860"} | ret=SUCCESS |  
2025-10-20 19:51:53,937 | INFO  | OMAudit | user=runner | ip=127.0.0.1 | op=READ_VOLUME {"volume":"ebc49c30-7a91-469c-8dda-fc52218d3c96"} | ret=SUCCESS |  
2025-10-20 19:51:53,937 [ForkJoinPool-1-worker-1] INFO  rpc.RpcClient (RpcClient.java:createBucket(686)) - Creating Bucket: ebc49c30-7a91-469c-8dda-fc52218d3c96/0298d9a6-6abb-43fc-a26d-ea06317a6e76, with server-side default bucket layout, runner as owner, Versioning false, Storage Type set to DISK and Encryption set to false, Replication Type set to server-side default replication type, Namespace Quota set to -1, Space Quota set to -1 
2025-10-20 19:51:53,938 [om1-OMStateMachineApplyTransactionThread - 0] INFO  bucket.OMBucketCreateRequest (OMBucketCreateRequest.java:validateAndUpdateCache(303)) - created bucket: 0298d9a6-6abb-43fc-a26d-ea06317a6e76 of layout FILE_SYSTEM_OPTIMIZED in volume: ebc49c30-7a91-469c-8dda-fc52218d3c96
2025-10-20 19:51:53,939 | INFO  | OMAudit | user=runner | ip=127.0.0.1 | op=CREATE_BUCKET {"volume":"ebc49c30-7a91-469c-8dda-fc52218d3c96","bucket":"0298d9a6-6abb-43fc-a26d-ea06317a6e76","bucketLayout":"FILE_SYSTEM_OPTIMIZED","gdprEnabled":null,"acls":"[user:runner:a[ACCESS], group:runner:rl[ACCESS]]","isVersionEnabled":"false","storageType":"DISK","creationTime":"1760989913938","bucketEncryptionKey":null,"modificationTime":"1760989913938","usedBytes":"0","usedNamespace":"0","snapshotUsedBytes":"0","snapshotUsedNamespace":"0","owner":"runner","replicationType":null,"replicationConfig":null,"quotaInBytes":"-1","quotaInNamespace":"-1","Transaction":"1861"} | ret=SUCCESS |  
2025-10-20 19:51:53,940 | INFO  | OMAudit | user=runner | ip=127.0.0.1 | op=READ_VOLUME {"volume":"ebc49c30-7a91-469c-8dda-fc52218d3c96"} | ret=SUCCESS |  
2025-10-20 19:51:53,940 | INFO  | OMAudit | user=runner | ip=127.0.0.1 | op=READ_BUCKET {"volume":"ebc49c30-7a91-469c-8dda-fc52218d3c96","bucket":"0298d9a6-6abb-43fc-a26d-ea06317a6e76"} | ret=SUCCESS |  
2025-10-20 19:51:53,941 | INFO  | OMAudit | user=runner | ip=127.0.0.1 | op=READ_VOLUME {"volume":"ebc49c30-7a91-469c-8dda-fc52218d3c96"} | ret=SUCCESS |  
2025-10-20 19:51:53,942 | INFO  | OMAudit | user=runner | ip=127.0.0.1 | op=READ_BUCKET {"volume":"ebc49c30-7a91-469c-8dda-fc52218d3c96","bucket":"0298d9a6-6abb-43fc-a26d-ea06317a6e76"} | ret=SUCCESS |  
2025-10-20 19:51:53,942 | INFO  | OMAudit | user=runner | ip=127.0.0.1 | op=READ_BUCKET {"volume":"ebc49c30-7a91-469c-8dda-fc52218d3c96","bucket":"0298d9a6-6abb-43fc-a26d-ea06317a6e76"} | ret=SUCCESS |  
2025-10-20 19:51:53,944 | INFO  | OMAudit | user=runner | ip=127.0.0.1 | op=UPDATE_BUCKET {"volume":"ebc49c30-7a91-469c-8dda-fc52218d3c96","bucket":"0298d9a6-6abb-43fc-a26d-ea06317a6e76","gdprEnabled":null,"isVersionEnabled":"null","quotaInBytes":"1073741824","quotaInNamespace":"1000","Transaction":"1862"} | ret=SUCCESS |  
2025-10-20 19:51:53,945 | INFO  | OMAudit | user=runner | ip=127.0.0.1 | op=READ_VOLUME {"volume":"ebc49c30-7a91-469c-8dda-fc52218d3c96"} | ret=SUCCESS |  
2025-10-20 19:51:53,945 | INFO  | OMAudit | user=runner | ip=127.0.0.1 | op=READ_BUCKET {"volume":"ebc49c30-7a91-469c-8dda-fc52218d3c96","bucket":"0298d9a6-6abb-43fc-a26d-ea06317a6e76"} | ret=SUCCESS |  
2025-10-20 19:51:53,946 | INFO  | OMAudit | user=runner | ip=127.0.0.1 | op=READ_VOLUME {"volume":"ebc49c30-7a91-469c-8dda-fc52218d3c96"} | ret=SUCCESS |  
2025-10-20 19:51:53,947 [ForkJoinPool-1-worker-1] INFO  rpc.RpcClient (RpcClient.java:createBucket(686)) - Creating Bucket: ebc49c30-7a91-469c-8dda-fc52218d3c96/3c9933e9-1b99-430f-8351-c6009c3e0836, with server-side default bucket layout, runner as owner, Versioning false, Storage Type set to DISK and Encryption set to false, Replication Type set to server-side default replication type, Namespace Quota set to -1, Space Quota set to -1 
2025-10-20 19:51:53,948 [om1-OMStateMachineApplyTransactionThread - 0] INFO  bucket.OMBucketCreateRequest (OMBucketCreateRequest.java:validateAndUpdateCache(303)) - created bucket: 3c9933e9-1b99-430f-8351-c6009c3e0836 of layout FILE_SYSTEM_OPTIMIZED in volume: ebc49c30-7a91-469c-8dda-fc52218d3c96
2025-10-20 19:51:53,948 | INFO  | OMAudit | user=runner | ip=127.0.0.1 | op=CREATE_BUCKET {"volume":"ebc49c30-7a91-469c-8dda-fc52218d3c96","bucket":"3c9933e9-1b99-430f-8351-c6009c3e0836","bucketLayout":"FILE_SYSTEM_OPTIMIZED","gdprEnabled":null,"acls":"[user:runner:a[ACCESS], group:runner:rl[ACCESS]]","isVersionEnabled":"false","storageType":"DISK","creationTime":"1760989913947","bucketEncryptionKey":null,"modificationTime":"1760989913947","usedBytes":"0","usedNamespace":"0","snapshotUsedBytes":"0","snapshotUsedNamespace":"0","owner":"runner","replicationType":null,"replicationConfig":null,"quotaInBytes":"-1","quotaInNamespace":"-1","Transaction":"1863"} | ret=SUCCESS |  
2025-10-20 19:51:53,949 | INFO  | OMAudit | user=runner | ip=127.0.0.1 | op=READ_VOLUME {"volume":"ebc49c30-7a91-469c-8dda-fc52218d3c96"} | ret=SUCCESS |  
2025-10-20 19:51:53,950 | INFO  | OMAudit | user=runner | ip=127.0.0.1 | op=READ_BUCKET {"volume":"ebc49c30-7a91-469c-8dda-fc52218d3c96","bucket":"3c9933e9-1b99-430f-8351-c6009c3e0836"} | ret=SUCCESS |  
2025-10-20 19:51:53,951 | INFO  | OMAudit | user=runner | ip=127.0.0.1 | op=READ_BUCKET {"volume":"ebc49c30-7a91-469c-8dda-fc52218d3c96","bucket":"3c9933e9-1b99-430f-8351-c6009c3e0836"} | ret=SUCCESS |  
2025-10-20 19:51:53,952 | INFO  | OMAudit | user=runner | ip=127.0.0.1 | op=UPDATE_BUCKET {"volume":"ebc49c30-7a91-469c-8dda-fc52218d3c96","bucket":"3c9933e9-1b99-430f-8351-c6009c3e0836","gdprEnabled":null,"isVersionEnabled":"null","quotaInBytes":"1024","quotaInNamespace":"1000","Transaction":"1864"} | ret=SUCCESS |  
2025-10-20 19:51:53,953 | INFO  | OMAudit | user=runner | ip=127.0.0.1 | op=READ_VOLUME {"volume":"ebc49c30-7a91-469c-8dda-fc52218d3c96"} | ret=SUCCESS |  
2025-10-20 19:51:53,953 | INFO  | OMAudit | user=runner | ip=127.0.0.1 | op=READ_BUCKET {"volume":"ebc49c30-7a91-469c-8dda-fc52218d3c96","bucket":"3c9933e9-1b99-430f-8351-c6009c3e0836"} | ret=SUCCESS |  
2025-10-20 19:51:53,954 | INFO  | OMAudit | user=runner | ip=127.0.0.1 | op=READ_VOLUME {"volume":"ebc49c30-7a91-469c-8dda-fc52218d3c96"} | ret=SUCCESS |  
2025-10-20 19:51:53,955 | INFO  | OMAudit | user=runner | ip=127.0.0.1 | op=READ_VOLUME {"volume":"ebc49c30-7a91-469c-8dda-fc52218d3c96"} | ret=SUCCESS |  
2025-10-20 19:51:53,956 | INFO  | OMAudit | user=runner | ip=127.0.0.1 | op=SET_QUOTA {"volume":"ebc49c30-7a91-469c-8dda-fc52218d3c96","quotaInBytes":"10737418240","Transaction":"1865"} | ret=SUCCESS |  
2025-10-20 19:51:53,957 | INFO  | OMAudit | user=runner | ip=127.0.0.1 | op=READ_VOLUME {"volume":"ebc49c30-7a91-469c-8dda-fc52218d3c96"} | ret=SUCCESS |  
2025-10-20 19:51:53,958 | INFO  | OMAudit | user=runner | ip=127.0.0.1 | op=READ_BUCKET {"volume":"ebc49c30-7a91-469c-8dda-fc52218d3c96","bucket":"0298d9a6-6abb-43fc-a26d-ea06317a6e76"} | ret=SUCCESS |  
2025-10-20 19:51:53,958 | INFO  | OMAudit | user=runner | ip=127.0.0.1 | op=READ_BUCKET {"volume":"ebc49c30-7a91-469c-8dda-fc52218d3c96","bucket":"0298d9a6-6abb-43fc-a26d-ea06317a6e76"} | ret=SUCCESS |  
2025-10-20 19:51:53,959 [om1-OMStateMachineApplyTransactionThread - 0] ERROR bucket.OMBucketSetPropertyRequest (OMBucketSetPropertyRequest.java:validateAndUpdateCache(244)) - Setting bucket property failed for bucket:0298d9a6-6abb-43fc-a26d-ea06317a6e76 in volume:ebc49c30-7a91-469c-8dda-fc52218d3c96
QUOTA_ERROR org.apache.hadoop.ozone.om.exceptions.OMException: Can not clear bucket spaceQuota because volume spaceQuota is not cleared.
	at org.apache.hadoop.ozone.om.request.bucket.OMBucketSetPropertyRequest.checkQuotaBytesValid(OMBucketSetPropertyRequest.java:284)
	at org.apache.hadoop.ozone.om.request.bucket.OMBucketSetPropertyRequest.validateAndUpdateCache(OMBucketSetPropertyRequest.java:187)
	at org.apache.hadoop.ozone.protocolPB.OzoneManagerRequestHandler.lambda$0(OzoneManagerRequestHandler.java:418)
	at org.apache.hadoop.ozone.util.MetricUtil.captureLatencyNs(MetricUtil.java:45)
	at org.apache.hadoop.ozone.protocolPB.OzoneManagerRequestHandler.handleWriteRequestImpl(OzoneManagerRequestHandler.java:416)
	at org.apache.hadoop.ozone.protocolPB.RequestHandler.handleWriteRequest(RequestHandler.java:62)
	at org.apache.hadoop.ozone.om.ratis.OzoneManagerStateMachine.runCommand(OzoneManagerStateMachine.java:599)
	at org.apache.hadoop.ozone.om.ratis.OzoneManagerStateMachine.lambda$3(OzoneManagerStateMachine.java:415)
	at java.base/java.util.concurrent.CompletableFuture$AsyncSupply.run(CompletableFuture.java:1768)
	at java.base/java.util.concurrent.ThreadPoolExecutor.runWorker(ThreadPoolExecutor.java:1144)
	at java.base/java.util.concurrent.ThreadPoolExecutor$Worker.run(ThreadPoolExecutor.java:642)
	at java.base/java.lang.Thread.run(Thread.java:1583)
2025-10-20 19:51:53,960 | ERROR | OMAudit | user=runner | ip=127.0.0.1 | op=UPDATE_BUCKET {"volume":"ebc49c30-7a91-469c-8dda-fc52218d3c96","bucket":"0298d9a6-6abb-43fc-a26d-ea06317a6e76","gdprEnabled":null,"isVersionEnabled":"null","quotaInNamespace":"1000","Transaction":"1866"} | ret=FAILURE | 
org.apache.hadoop.ozone.om.exceptions.OMException: Can not clear bucket spaceQuota because volume spaceQuota is not cleared.
	at org.apache.hadoop.ozone.om.request.bucket.OMBucketSetPropertyRequest.checkQuotaBytesValid(OMBucketSetPropertyRequest.java:284)
	at org.apache.hadoop.ozone.om.request.bucket.OMBucketSetPropertyRequest.validateAndUpdateCache(OMBucketSetPropertyRequest.java:187)
 
2025-10-20 19:51:53,961 | INFO  | OMAudit | user=runner | ip=127.0.0.1 | op=READ_BUCKET {"volume":"ebc49c30-7a91-469c-8dda-fc52218d3c96","bucket":"0298d9a6-6abb-43fc-a26d-ea06317a6e76"} | ret=SUCCESS |  
2025-10-20 19:51:53,962 | INFO  | SCMAudit | user=runner | ip=127.0.0.1 | op=ALLOCATE_BLOCK {"replication":"RATIS/ONE","owner":"omServiceIdDefault","size":"4194304","sampleBlocks":"[conID: 3 locID: 115816896921600523]","num":"1","client":"","allocated":"1"} | ret=SUCCESS |  
2025-10-20 19:51:53,963 | INFO  | OMAudit | user=runner | ip=127.0.0.1 | op=ALLOCATE_KEY {"volume":"ebc49c30-7a91-469c-8dda-fc52218d3c96","bucket":"0298d9a6-6abb-43fc-a26d-ea06317a6e76","key":"9bedfe0a-d0e2-473d-9048-f36c9ae001fb","dataSize":"12","replicationType":"RATIS","replicationFactor":"ONE","Transaction":"1867"} | ret=SUCCESS |  
2025-10-20 19:51:53,969 | INFO  | OMAudit | user=runner | ip=127.0.0.1 | op=COMMIT_KEY {"volume":"ebc49c30-7a91-469c-8dda-fc52218d3c96","bucket":"0298d9a6-6abb-43fc-a26d-ea06317a6e76","key":"9bedfe0a-d0e2-473d-9048-f36c9ae001fb","dataSize":"12","replicationType":"RATIS","replicationFactor":"ONE","Transaction":"1868"} | ret=SUCCESS |  
2025-10-20 19:51:53,972 | INFO  | OMAudit | user=runner | ip=127.0.0.1 | op=READ_VOLUME {"volume":"ebc49c30-7a91-469c-8dda-fc52218d3c96"} | ret=SUCCESS |  
2025-10-20 19:51:53,973 | INFO  | OMAudit | user=runner | ip=127.0.0.1 | op=READ_BUCKET {"volume":"ebc49c30-7a91-469c-8dda-fc52218d3c96","bucket":"0298d9a6-6abb-43fc-a26d-ea06317a6e76"} | ret=SUCCESS |  
2025-10-20 19:51:53,974 | INFO  | OMAudit | user=runner | ip=127.0.0.1 | op=READ_VOLUME {"volume":"ebc49c30-7a91-469c-8dda-fc52218d3c96"} | ret=SUCCESS |  
2025-10-20 19:51:53,975 | INFO  | OMAudit | user=runner | ip=127.0.0.1 | op=READ_BUCKET {"volume":"ebc49c30-7a91-469c-8dda-fc52218d3c96","bucket":"0298d9a6-6abb-43fc-a26d-ea06317a6e76"} | ret=SUCCESS |  
2025-10-20 19:51:53,976 | INFO  | OMAudit | user=runner | ip=127.0.0.1 | op=READ_VOLUME {"volume":"ebc49c30-7a91-469c-8dda-fc52218d3c96"} | ret=SUCCESS |  
2025-10-20 19:51:53,976 | INFO  | OMAudit | user=runner | ip=127.0.0.1 | op=READ_VOLUME {"volume":"ebc49c30-7a91-469c-8dda-fc52218d3c96"} | ret=SUCCESS |  
2025-10-20 19:51:53,977 | INFO  | OMAudit | user=runner | ip=127.0.0.1 | op=READ_VOLUME {"volume":"ebc49c30-7a91-469c-8dda-fc52218d3c96"} | ret=SUCCESS |  
2025-10-20 19:51:53,978 | INFO  | OMAudit | user=runner | ip=127.0.0.1 | op=READ_VOLUME {"volume":"ebc49c30-7a91-469c-8dda-fc52218d3c96"} | ret=SUCCESS |  
2025-10-20 19:51:53,979 | INFO  | OMAudit | user=runner | ip=127.0.0.1 | op=SET_QUOTA {"volume":"ebc49c30-7a91-469c-8dda-fc52218d3c96","quotaInBytes":"-1","Transaction":"1869"} | ret=SUCCESS |  
2025-10-20 19:51:53,980 | INFO  | OMAudit | user=runner | ip=127.0.0.1 | op=READ_VOLUME {"volume":"ebc49c30-7a91-469c-8dda-fc52218d3c96"} | ret=SUCCESS |  
2025-10-20 19:51:53,981 | INFO  | OMAudit | user=runner | ip=127.0.0.1 | op=READ_VOLUME {"volume":"ebc49c30-7a91-469c-8dda-fc52218d3c96"} | ret=SUCCESS |  
2025-10-20 19:51:53,982 | INFO  | OMAudit | user=runner | ip=127.0.0.1 | op=READ_VOLUME {"volume":"ebc49c30-7a91-469c-8dda-fc52218d3c96"} | ret=SUCCESS |  
2025-10-20 19:51:53,983 | INFO  | OMAudit | user=runner | ip=127.0.0.1 | op=SET_QUOTA {"volume":"ebc49c30-7a91-469c-8dda-fc52218d3c96","quotaInBytes":"-1","Transaction":"1870"} | ret=SUCCESS |  
2025-10-20 19:51:53,984 | INFO  | OMAudit | user=runner | ip=127.0.0.1 | op=READ_VOLUME {"volume":"ebc49c30-7a91-469c-8dda-fc52218d3c96"} | ret=SUCCESS |  
2025-10-20 19:51:53,985 | INFO  | OMAudit | user=runner | ip=127.0.0.1 | op=READ_BUCKET {"volume":"ebc49c30-7a91-469c-8dda-fc52218d3c96","bucket":"0298d9a6-6abb-43fc-a26d-ea06317a6e76"} | ret=SUCCESS |  
2025-10-20 19:51:53,986 | INFO  | OMAudit | user=runner | ip=127.0.0.1 | op=READ_BUCKET {"volume":"ebc49c30-7a91-469c-8dda-fc52218d3c96","bucket":"0298d9a6-6abb-43fc-a26d-ea06317a6e76"} | ret=SUCCESS |  
2025-10-20 19:51:53,987 | INFO  | OMAudit | user=runner | ip=127.0.0.1 | op=UPDATE_BUCKET {"volume":"ebc49c30-7a91-469c-8dda-fc52218d3c96","bucket":"0298d9a6-6abb-43fc-a26d-ea06317a6e76","gdprEnabled":null,"isVersionEnabled":"null","quotaInNamespace":"1000","Transaction":"1871"} | ret=SUCCESS |  
2025-10-20 19:51:53,988 | INFO  | OMAudit | user=runner | ip=127.0.0.1 | op=READ_BUCKET {"volume":"ebc49c30-7a91-469c-8dda-fc52218d3c96","bucket":"0298d9a6-6abb-43fc-a26d-ea06317a6e76"} | ret=SUCCESS |  
2025-10-20 19:51:53,989 | INFO  | OMAudit | user=runner | ip=127.0.0.1 | op=READ_BUCKET {"volume":"ebc49c30-7a91-469c-8dda-fc52218d3c96","bucket":"0298d9a6-6abb-43fc-a26d-ea06317a6e76"} | ret=SUCCESS |  
2025-10-20 19:51:53,991 | INFO  | OMAudit | user=runner | ip=127.0.0.1 | op=UPDATE_BUCKET {"volume":"ebc49c30-7a91-469c-8dda-fc52218d3c96","bucket":"0298d9a6-6abb-43fc-a26d-ea06317a6e76","gdprEnabled":null,"isVersionEnabled":"null","Transaction":"1872"} | ret=SUCCESS |  
2025-10-20 19:51:53,992 | INFO  | OMAudit | user=runner | ip=127.0.0.1 | op=READ_VOLUME {"volume":"ebc49c30-7a91-469c-8dda-fc52218d3c96"} | ret=SUCCESS |  
2025-10-20 19:51:53,993 | INFO  | OMAudit | user=runner | ip=127.0.0.1 | op=READ_BUCKET {"volume":"ebc49c30-7a91-469c-8dda-fc52218d3c96","bucket":"0298d9a6-6abb-43fc-a26d-ea06317a6e76"} | ret=SUCCESS |  
2025-10-20 19:51:53,994 | INFO  | OMAudit | user=runner | ip=127.0.0.1 | op=READ_VOLUME {"volume":"ebc49c30-7a91-469c-8dda-fc52218d3c96"} | ret=SUCCESS |  
2025-10-20 19:51:53,995 | INFO  | OMAudit | user=runner | ip=127.0.0.1 | op=READ_BUCKET {"volume":"ebc49c30-7a91-469c-8dda-fc52218d3c96","bucket":"0298d9a6-6abb-43fc-a26d-ea06317a6e76"} | ret=SUCCESS |  
2025-10-20 19:51:53,995 | INFO  | OMAudit | user=runner | ip=127.0.0.1 | op=READ_VOLUME {"volume":"ebc49c30-7a91-469c-8dda-fc52218d3c96"} | ret=SUCCESS |  
2025-10-20 19:51:53,996 | INFO  | OMAudit | user=runner | ip=127.0.0.1 | op=READ_BUCKET {"volume":"ebc49c30-7a91-469c-8dda-fc52218d3c96","bucket":"0298d9a6-6abb-43fc-a26d-ea06317a6e76"} | ret=SUCCESS |  
2025-10-20 19:51:53,997 | INFO  | OMAudit | user=runner | ip=127.0.0.1 | op=READ_VOLUME {"volume":"ebc49c30-7a91-469c-8dda-fc52218d3c96"} | ret=SUCCESS |  
]]></system-out>
  </testcase>
  <testcase name="testSetBucketQuotaIllegal" classname="org.apache.hadoop.ozone.client.rpc.TestSecureOzoneRpcClient" time="0.016">
    <system-out><![CDATA[2025-10-20 19:51:53,998 [ForkJoinPool-1-worker-1] INFO  rpc.RpcClient (RpcClient.java:createVolume(461)) - Creating Volume: 00da0dbb-9a30-4046-be25-f23c8efc9c5b, with runner as owner and space quota set to -1 bytes, counts quota set to -1
2025-10-20 19:51:53,999 [om1-OMStateMachineApplyTransactionThread - 0] INFO  volume.OMVolumeCreateRequest (OMVolumeCreateRequest.java:validateAndUpdateCache(213)) - created volume:00da0dbb-9a30-4046-be25-f23c8efc9c5b for user:runner
2025-10-20 19:51:53,999 | INFO  | OMAudit | user=runner | ip=127.0.0.1 | op=CREATE_VOLUME {"admin":"runner","owner":"runner","volume":"00da0dbb-9a30-4046-be25-f23c8efc9c5b","creationTime":"1760989913999","modificationTime":"1760989913999","quotaInBytes":"-1","quotaInNamespace":"-1","usedNamespace":"0","objectID":"-9223372036854296320","updateID":"1873","Transaction":"1873"} | ret=SUCCESS |  
2025-10-20 19:51:54,000 | INFO  | OMAudit | user=runner | ip=127.0.0.1 | op=READ_VOLUME {"volume":"00da0dbb-9a30-4046-be25-f23c8efc9c5b"} | ret=SUCCESS |  
2025-10-20 19:51:54,001 [ForkJoinPool-1-worker-1] INFO  rpc.RpcClient (RpcClient.java:createBucket(686)) - Creating Bucket: 00da0dbb-9a30-4046-be25-f23c8efc9c5b/54054129-87dd-4c07-b009-198704988b05, with server-side default bucket layout, runner as owner, Versioning false, Storage Type set to DISK and Encryption set to false, Replication Type set to server-side default replication type, Namespace Quota set to -1, Space Quota set to -1 
2025-10-20 19:51:54,002 [om1-OMStateMachineApplyTransactionThread - 0] INFO  bucket.OMBucketCreateRequest (OMBucketCreateRequest.java:validateAndUpdateCache(303)) - created bucket: 54054129-87dd-4c07-b009-198704988b05 of layout FILE_SYSTEM_OPTIMIZED in volume: 00da0dbb-9a30-4046-be25-f23c8efc9c5b
2025-10-20 19:51:54,002 | INFO  | OMAudit | user=runner | ip=127.0.0.1 | op=CREATE_BUCKET {"volume":"00da0dbb-9a30-4046-be25-f23c8efc9c5b","bucket":"54054129-87dd-4c07-b009-198704988b05","bucketLayout":"FILE_SYSTEM_OPTIMIZED","gdprEnabled":null,"acls":"[user:runner:a[ACCESS], group:runner:rl[ACCESS]]","isVersionEnabled":"false","storageType":"DISK","creationTime":"1760989914001","bucketEncryptionKey":null,"modificationTime":"1760989914001","usedBytes":"0","usedNamespace":"0","snapshotUsedBytes":"0","snapshotUsedNamespace":"0","owner":"runner","replicationType":null,"replicationConfig":null,"quotaInBytes":"-1","quotaInNamespace":"-1","Transaction":"1874"} | ret=SUCCESS |  
2025-10-20 19:51:54,003 | INFO  | OMAudit | user=runner | ip=127.0.0.1 | op=READ_VOLUME {"volume":"00da0dbb-9a30-4046-be25-f23c8efc9c5b"} | ret=SUCCESS |  
2025-10-20 19:51:54,004 | INFO  | OMAudit | user=runner | ip=127.0.0.1 | op=READ_BUCKET {"volume":"00da0dbb-9a30-4046-be25-f23c8efc9c5b","bucket":"54054129-87dd-4c07-b009-198704988b05"} | ret=SUCCESS |  
2025-10-20 19:51:54,005 | INFO  | OMAudit | user=runner | ip=127.0.0.1 | op=READ_VOLUME {"volume":"00da0dbb-9a30-4046-be25-f23c8efc9c5b"} | ret=SUCCESS |  
2025-10-20 19:51:54,005 | INFO  | OMAudit | user=runner | ip=127.0.0.1 | op=READ_BUCKET {"volume":"00da0dbb-9a30-4046-be25-f23c8efc9c5b","bucket":"54054129-87dd-4c07-b009-198704988b05"} | ret=SUCCESS |  
2025-10-20 19:51:54,006 | INFO  | OMAudit | user=runner | ip=127.0.0.1 | op=READ_VOLUME {"volume":"00da0dbb-9a30-4046-be25-f23c8efc9c5b"} | ret=SUCCESS |  
2025-10-20 19:51:54,007 | INFO  | OMAudit | user=runner | ip=127.0.0.1 | op=READ_BUCKET {"volume":"00da0dbb-9a30-4046-be25-f23c8efc9c5b","bucket":"54054129-87dd-4c07-b009-198704988b05"} | ret=SUCCESS |  
2025-10-20 19:51:54,008 | INFO  | OMAudit | user=runner | ip=127.0.0.1 | op=READ_VOLUME {"volume":"00da0dbb-9a30-4046-be25-f23c8efc9c5b"} | ret=SUCCESS |  
2025-10-20 19:51:54,008 | INFO  | OMAudit | user=runner | ip=127.0.0.1 | op=READ_BUCKET {"volume":"00da0dbb-9a30-4046-be25-f23c8efc9c5b","bucket":"54054129-87dd-4c07-b009-198704988b05"} | ret=SUCCESS |  
2025-10-20 19:51:54,009 | INFO  | OMAudit | user=runner | ip=127.0.0.1 | op=READ_VOLUME {"volume":"00da0dbb-9a30-4046-be25-f23c8efc9c5b"} | ret=SUCCESS |  
2025-10-20 19:51:54,010 | INFO  | OMAudit | user=runner | ip=127.0.0.1 | op=READ_BUCKET {"volume":"00da0dbb-9a30-4046-be25-f23c8efc9c5b","bucket":"54054129-87dd-4c07-b009-198704988b05"} | ret=SUCCESS |  
2025-10-20 19:51:54,011 | INFO  | OMAudit | user=runner | ip=127.0.0.1 | op=READ_VOLUME {"volume":"00da0dbb-9a30-4046-be25-f23c8efc9c5b"} | ret=SUCCESS |  
2025-10-20 19:51:54,012 | INFO  | OMAudit | user=runner | ip=127.0.0.1 | op=READ_BUCKET {"volume":"00da0dbb-9a30-4046-be25-f23c8efc9c5b","bucket":"54054129-87dd-4c07-b009-198704988b05"} | ret=SUCCESS |  
]]></system-out>
  </testcase>
  <testcase name="testSetBucketStorageType" classname="org.apache.hadoop.ozone.client.rpc.TestSecureOzoneRpcClient" time="0.009">
    <system-out><![CDATA[2025-10-20 19:51:54,014 [ForkJoinPool-1-worker-1] INFO  rpc.RpcClient (RpcClient.java:createVolume(461)) - Creating Volume: d4740586-ec2f-4d1f-9f5b-a960851c0faa, with runner as owner and space quota set to -1 bytes, counts quota set to -1
2025-10-20 19:51:54,016 [om1-OMStateMachineApplyTransactionThread - 0] INFO  volume.OMVolumeCreateRequest (OMVolumeCreateRequest.java:validateAndUpdateCache(213)) - created volume:d4740586-ec2f-4d1f-9f5b-a960851c0faa for user:runner
2025-10-20 19:51:54,016 | INFO  | OMAudit | user=runner | ip=127.0.0.1 | op=CREATE_VOLUME {"admin":"runner","owner":"runner","volume":"d4740586-ec2f-4d1f-9f5b-a960851c0faa","creationTime":"1760989914015","modificationTime":"1760989914015","quotaInBytes":"-1","quotaInNamespace":"-1","usedNamespace":"0","objectID":"-9223372036854295808","updateID":"1875","Transaction":"1875"} | ret=SUCCESS |  
2025-10-20 19:51:54,017 | INFO  | OMAudit | user=runner | ip=127.0.0.1 | op=READ_VOLUME {"volume":"d4740586-ec2f-4d1f-9f5b-a960851c0faa"} | ret=SUCCESS |  
2025-10-20 19:51:54,017 [ForkJoinPool-1-worker-1] INFO  rpc.RpcClient (RpcClient.java:createBucket(686)) - Creating Bucket: d4740586-ec2f-4d1f-9f5b-a960851c0faa/7b96588d-8320-477b-b608-c487f0f3b2e9, with server-side default bucket layout, runner as owner, Versioning false, Storage Type set to DISK and Encryption set to false, Replication Type set to server-side default replication type, Namespace Quota set to -1, Space Quota set to -1 
2025-10-20 19:51:54,018 [om1-OMStateMachineApplyTransactionThread - 0] INFO  bucket.OMBucketCreateRequest (OMBucketCreateRequest.java:validateAndUpdateCache(303)) - created bucket: 7b96588d-8320-477b-b608-c487f0f3b2e9 of layout FILE_SYSTEM_OPTIMIZED in volume: d4740586-ec2f-4d1f-9f5b-a960851c0faa
2025-10-20 19:51:54,018 | INFO  | OMAudit | user=runner | ip=127.0.0.1 | op=CREATE_BUCKET {"volume":"d4740586-ec2f-4d1f-9f5b-a960851c0faa","bucket":"7b96588d-8320-477b-b608-c487f0f3b2e9","bucketLayout":"FILE_SYSTEM_OPTIMIZED","gdprEnabled":null,"acls":"[user:runner:a[ACCESS], group:runner:rl[ACCESS]]","isVersionEnabled":"false","storageType":"DISK","creationTime":"1760989914018","bucketEncryptionKey":null,"modificationTime":"1760989914018","usedBytes":"0","usedNamespace":"0","snapshotUsedBytes":"0","snapshotUsedNamespace":"0","owner":"runner","replicationType":null,"replicationConfig":null,"quotaInBytes":"-1","quotaInNamespace":"-1","Transaction":"1876"} | ret=SUCCESS |  
2025-10-20 19:51:54,019 | INFO  | OMAudit | user=runner | ip=127.0.0.1 | op=READ_BUCKET {"volume":"d4740586-ec2f-4d1f-9f5b-a960851c0faa","bucket":"7b96588d-8320-477b-b608-c487f0f3b2e9"} | ret=SUCCESS |  
2025-10-20 19:51:54,021 | INFO  | OMAudit | user=runner | ip=127.0.0.1 | op=UPDATE_BUCKET {"volume":"d4740586-ec2f-4d1f-9f5b-a960851c0faa","bucket":"7b96588d-8320-477b-b608-c487f0f3b2e9","gdprEnabled":null,"isVersionEnabled":"null","storageType":"SSD","Transaction":"1877"} | ret=SUCCESS |  
2025-10-20 19:51:54,021 | INFO  | OMAudit | user=runner | ip=127.0.0.1 | op=READ_BUCKET {"volume":"d4740586-ec2f-4d1f-9f5b-a960851c0faa","bucket":"7b96588d-8320-477b-b608-c487f0f3b2e9"} | ret=SUCCESS |  
]]></system-out>
  </testcase>
  <testcase name="testSetBucketVersioning" classname="org.apache.hadoop.ozone.client.rpc.TestSecureOzoneRpcClient" time="0.009">
    <system-out><![CDATA[2025-10-20 19:51:54,023 [ForkJoinPool-1-worker-1] INFO  rpc.RpcClient (RpcClient.java:createVolume(461)) - Creating Volume: 7838fcc9-421f-45bd-815c-84006b8c9212, with runner as owner and space quota set to -1 bytes, counts quota set to -1
2025-10-20 19:51:54,024 [om1-OMStateMachineApplyTransactionThread - 0] INFO  volume.OMVolumeCreateRequest (OMVolumeCreateRequest.java:validateAndUpdateCache(213)) - created volume:7838fcc9-421f-45bd-815c-84006b8c9212 for user:runner
2025-10-20 19:51:54,024 | INFO  | OMAudit | user=runner | ip=127.0.0.1 | op=CREATE_VOLUME {"admin":"runner","owner":"runner","volume":"7838fcc9-421f-45bd-815c-84006b8c9212","creationTime":"1760989914023","modificationTime":"1760989914023","quotaInBytes":"-1","quotaInNamespace":"-1","usedNamespace":"0","objectID":"-9223372036854295040","updateID":"1878","Transaction":"1878"} | ret=SUCCESS |  
2025-10-20 19:51:54,025 | INFO  | OMAudit | user=runner | ip=127.0.0.1 | op=READ_VOLUME {"volume":"7838fcc9-421f-45bd-815c-84006b8c9212"} | ret=SUCCESS |  
2025-10-20 19:51:54,025 [ForkJoinPool-1-worker-1] INFO  rpc.RpcClient (RpcClient.java:createBucket(686)) - Creating Bucket: 7838fcc9-421f-45bd-815c-84006b8c9212/1c14d97d-eb40-4c72-a69c-cc1a4d225ecc, with server-side default bucket layout, runner as owner, Versioning false, Storage Type set to DISK and Encryption set to false, Replication Type set to server-side default replication type, Namespace Quota set to -1, Space Quota set to -1 
2025-10-20 19:51:54,026 [om1-OMStateMachineApplyTransactionThread - 0] INFO  bucket.OMBucketCreateRequest (OMBucketCreateRequest.java:validateAndUpdateCache(303)) - created bucket: 1c14d97d-eb40-4c72-a69c-cc1a4d225ecc of layout FILE_SYSTEM_OPTIMIZED in volume: 7838fcc9-421f-45bd-815c-84006b8c9212
2025-10-20 19:51:54,026 | INFO  | OMAudit | user=runner | ip=127.0.0.1 | op=CREATE_BUCKET {"volume":"7838fcc9-421f-45bd-815c-84006b8c9212","bucket":"1c14d97d-eb40-4c72-a69c-cc1a4d225ecc","bucketLayout":"FILE_SYSTEM_OPTIMIZED","gdprEnabled":null,"acls":"[user:runner:a[ACCESS], group:runner:rl[ACCESS]]","isVersionEnabled":"false","storageType":"DISK","creationTime":"1760989914026","bucketEncryptionKey":null,"modificationTime":"1760989914026","usedBytes":"0","usedNamespace":"0","snapshotUsedBytes":"0","snapshotUsedNamespace":"0","owner":"runner","replicationType":null,"replicationConfig":null,"quotaInBytes":"-1","quotaInNamespace":"-1","Transaction":"1879"} | ret=SUCCESS |  
2025-10-20 19:51:54,027 | INFO  | OMAudit | user=runner | ip=127.0.0.1 | op=READ_BUCKET {"volume":"7838fcc9-421f-45bd-815c-84006b8c9212","bucket":"1c14d97d-eb40-4c72-a69c-cc1a4d225ecc"} | ret=SUCCESS |  
2025-10-20 19:51:54,030 | INFO  | OMAudit | user=runner | ip=127.0.0.1 | op=UPDATE_BUCKET {"volume":"7838fcc9-421f-45bd-815c-84006b8c9212","bucket":"1c14d97d-eb40-4c72-a69c-cc1a4d225ecc","gdprEnabled":null,"isVersionEnabled":"true","Transaction":"1880"} | ret=SUCCESS |  
2025-10-20 19:51:54,031 | INFO  | OMAudit | user=runner | ip=127.0.0.1 | op=READ_BUCKET {"volume":"7838fcc9-421f-45bd-815c-84006b8c9212","bucket":"1c14d97d-eb40-4c72-a69c-cc1a4d225ecc"} | ret=SUCCESS |  
]]></system-out>
  </testcase>
  <testcase name="testSetECReplicationConfigOnBucket" classname="org.apache.hadoop.ozone.client.rpc.TestSecureOzoneRpcClient" time="0.015">
    <system-out><![CDATA[2025-10-20 19:51:54,032 [ForkJoinPool-1-worker-1] INFO  rpc.RpcClient (RpcClient.java:createVolume(461)) - Creating Volume: c8f071b8-b241-4f3c-b713-88cb18f4f63a, with runner as owner and space quota set to -1 bytes, counts quota set to -1
2025-10-20 19:51:54,034 [om1-OMStateMachineApplyTransactionThread - 0] INFO  volume.OMVolumeCreateRequest (OMVolumeCreateRequest.java:validateAndUpdateCache(213)) - created volume:c8f071b8-b241-4f3c-b713-88cb18f4f63a for user:runner
2025-10-20 19:51:54,035 | INFO  | OMAudit | user=runner | ip=127.0.0.1 | op=CREATE_VOLUME {"admin":"runner","owner":"runner","volume":"c8f071b8-b241-4f3c-b713-88cb18f4f63a","creationTime":"1760989914033","modificationTime":"1760989914033","quotaInBytes":"-1","quotaInNamespace":"-1","usedNamespace":"0","objectID":"-9223372036854294272","updateID":"1881","Transaction":"1881"} | ret=SUCCESS |  
2025-10-20 19:51:54,036 | INFO  | OMAudit | user=runner | ip=127.0.0.1 | op=READ_VOLUME {"volume":"c8f071b8-b241-4f3c-b713-88cb18f4f63a"} | ret=SUCCESS |  
2025-10-20 19:51:54,037 [ForkJoinPool-1-worker-1] INFO  rpc.RpcClient (RpcClient.java:createBucket(686)) - Creating Bucket: c8f071b8-b241-4f3c-b713-88cb18f4f63a/9f995c90-d6ef-4fdd-8902-f90690eae2ed, with server-side default bucket layout, runner as owner, Versioning true, Storage Type set to DISK and Encryption set to false, Replication Type set to STAND_ALONE, Namespace Quota set to -1, Space Quota set to -1 
2025-10-20 19:51:54,039 [om1-OMStateMachineApplyTransactionThread - 0] INFO  bucket.OMBucketCreateRequest (OMBucketCreateRequest.java:validateAndUpdateCache(303)) - created bucket: 9f995c90-d6ef-4fdd-8902-f90690eae2ed of layout FILE_SYSTEM_OPTIMIZED in volume: c8f071b8-b241-4f3c-b713-88cb18f4f63a
2025-10-20 19:51:54,039 | INFO  | OMAudit | user=runner | ip=127.0.0.1 | op=CREATE_BUCKET {"volume":"c8f071b8-b241-4f3c-b713-88cb18f4f63a","bucket":"9f995c90-d6ef-4fdd-8902-f90690eae2ed","bucketLayout":"FILE_SYSTEM_OPTIMIZED","gdprEnabled":null,"acls":"[user:runner:a[ACCESS], group:runner:rl[ACCESS]]","isVersionEnabled":"true","storageType":"DISK","creationTime":"1760989914038","bucketEncryptionKey":null,"modificationTime":"1760989914038","usedBytes":"0","usedNamespace":"0","snapshotUsedBytes":"0","snapshotUsedNamespace":"0","owner":"runner","replicationType":"STAND_ALONE","replicationConfig":"ONE","quotaInBytes":"-1","quotaInNamespace":"-1","Transaction":"1882"} | ret=SUCCESS |  
2025-10-20 19:51:54,040 | INFO  | OMAudit | user=runner | ip=127.0.0.1 | op=READ_BUCKET {"volume":"c8f071b8-b241-4f3c-b713-88cb18f4f63a","bucket":"9f995c90-d6ef-4fdd-8902-f90690eae2ed"} | ret=SUCCESS |  
2025-10-20 19:51:54,041 | INFO  | OMAudit | user=runner | ip=127.0.0.1 | op=UPDATE_BUCKET {"volume":"c8f071b8-b241-4f3c-b713-88cb18f4f63a","bucket":"9f995c90-d6ef-4fdd-8902-f90690eae2ed","gdprEnabled":null,"isVersionEnabled":"null","replicationType":"EC","replicationConfig":"rs-3-2-1024k","Transaction":"1883"} | ret=SUCCESS |  
2025-10-20 19:51:54,042 | INFO  | OMAudit | user=runner | ip=127.0.0.1 | op=READ_BUCKET {"volume":"c8f071b8-b241-4f3c-b713-88cb18f4f63a","bucket":"9f995c90-d6ef-4fdd-8902-f90690eae2ed"} | ret=SUCCESS |  
2025-10-20 19:51:54,044 | INFO  | OMAudit | user=runner | ip=127.0.0.1 | op=UPDATE_BUCKET {"volume":"c8f071b8-b241-4f3c-b713-88cb18f4f63a","bucket":"9f995c90-d6ef-4fdd-8902-f90690eae2ed","gdprEnabled":null,"isVersionEnabled":"null","replicationType":"RATIS","replicationConfig":"THREE","Transaction":"1884"} | ret=SUCCESS |  
2025-10-20 19:51:54,045 | INFO  | OMAudit | user=runner | ip=127.0.0.1 | op=READ_BUCKET {"volume":"c8f071b8-b241-4f3c-b713-88cb18f4f63a","bucket":"9f995c90-d6ef-4fdd-8902-f90690eae2ed"} | ret=SUCCESS |  
2025-10-20 19:51:54,046 | INFO  | OMAudit | user=runner | ip=127.0.0.1 | op=UPDATE_BUCKET {"volume":"c8f071b8-b241-4f3c-b713-88cb18f4f63a","bucket":"9f995c90-d6ef-4fdd-8902-f90690eae2ed","gdprEnabled":null,"isVersionEnabled":"null","replicationType":"STAND_ALONE","replicationConfig":"ONE","Transaction":"1885"} | ret=SUCCESS |  
]]></system-out>
  </testcase>
  <testcase name="testSetS3VolumeAcl" classname="org.apache.hadoop.ozone.client.rpc.TestSecureOzoneRpcClient" time="0.003">
    <system-out><![CDATA[2025-10-20 19:51:54,049 | INFO  | OMAudit | user=runner | ip=127.0.0.1 | op=ADD_ACL {"resourceType":"volume","storageType":"ozone","volume":"s3v","bucket":null,"key":null,"acl":"[user:remoteUser:w[DEFAULT]]","Transaction":"1886"} | ret=SUCCESS |  
2025-10-20 19:51:54,050 | INFO  | OMAudit | user=runner | ip=127.0.0.1 | op=GET_ACL {"resourceType":"volume","storageType":"ozone","volume":"s3v","bucket":null,"key":null} | ret=SUCCESS |  
]]></system-out>
  </testcase>
  <testcase name="testSetVolumeQuota" classname="org.apache.hadoop.ozone.client.rpc.TestSecureOzoneRpcClient" time="0.007">
    <system-out><![CDATA[2025-10-20 19:51:54,051 [ForkJoinPool-1-worker-1] INFO  rpc.RpcClient (RpcClient.java:createVolume(461)) - Creating Volume: 10440eea-a758-4380-b066-5df67f31ac3b, with runner as owner and space quota set to -1 bytes, counts quota set to -1
2025-10-20 19:51:54,052 [om1-OMStateMachineApplyTransactionThread - 0] INFO  volume.OMVolumeCreateRequest (OMVolumeCreateRequest.java:validateAndUpdateCache(213)) - created volume:10440eea-a758-4380-b066-5df67f31ac3b for user:runner
2025-10-20 19:51:54,052 | INFO  | OMAudit | user=runner | ip=127.0.0.1 | op=CREATE_VOLUME {"admin":"runner","owner":"runner","volume":"10440eea-a758-4380-b066-5df67f31ac3b","creationTime":"1760989914052","modificationTime":"1760989914052","quotaInBytes":"-1","quotaInNamespace":"-1","usedNamespace":"0","objectID":"-9223372036854292736","updateID":"1887","Transaction":"1887"} | ret=SUCCESS |  
2025-10-20 19:51:54,053 | INFO  | OMAudit | user=runner | ip=127.0.0.1 | op=READ_VOLUME {"volume":"10440eea-a758-4380-b066-5df67f31ac3b"} | ret=SUCCESS |  
2025-10-20 19:51:54,054 | INFO  | OMAudit | user=runner | ip=127.0.0.1 | op=READ_VOLUME {"volume":"10440eea-a758-4380-b066-5df67f31ac3b"} | ret=SUCCESS |  
2025-10-20 19:51:54,054 | INFO  | OMAudit | user=runner | ip=127.0.0.1 | op=READ_VOLUME {"volume":"10440eea-a758-4380-b066-5df67f31ac3b"} | ret=SUCCESS |  
2025-10-20 19:51:54,055 | INFO  | OMAudit | user=runner | ip=127.0.0.1 | op=READ_VOLUME {"volume":"10440eea-a758-4380-b066-5df67f31ac3b"} | ret=SUCCESS |  
2025-10-20 19:51:54,057 | INFO  | OMAudit | user=runner | ip=127.0.0.1 | op=SET_QUOTA {"volume":"10440eea-a758-4380-b066-5df67f31ac3b","quotaInBytes":"1073741824","Transaction":"1888"} | ret=SUCCESS |  
2025-10-20 19:51:54,058 | INFO  | OMAudit | user=runner | ip=127.0.0.1 | op=READ_VOLUME {"volume":"10440eea-a758-4380-b066-5df67f31ac3b"} | ret=SUCCESS |  
]]></system-out>
  </testcase>
  <testcase name="testSetVolumeQuotaIllegal" classname="org.apache.hadoop.ozone.client.rpc.TestSecureOzoneRpcClient" time="0.009">
    <system-out><![CDATA[2025-10-20 19:51:54,060 [ForkJoinPool-1-worker-1] INFO  rpc.RpcClient (RpcClient.java:createVolume(461)) - Creating Volume: d0decc16-ac3c-4925-ac73-42a9abdf094a, with runner as owner and space quota set to -1 bytes, counts quota set to -1
2025-10-20 19:51:54,062 [om1-OMStateMachineApplyTransactionThread - 0] INFO  volume.OMVolumeCreateRequest (OMVolumeCreateRequest.java:validateAndUpdateCache(213)) - created volume:d0decc16-ac3c-4925-ac73-42a9abdf094a for user:runner
2025-10-20 19:51:54,062 | INFO  | OMAudit | user=runner | ip=127.0.0.1 | op=CREATE_VOLUME {"admin":"runner","owner":"runner","volume":"d0decc16-ac3c-4925-ac73-42a9abdf094a","creationTime":"1760989914061","modificationTime":"1760989914061","quotaInBytes":"-1","quotaInNamespace":"-1","usedNamespace":"0","objectID":"-9223372036854292224","updateID":"1889","Transaction":"1889"} | ret=SUCCESS |  
2025-10-20 19:51:54,063 | INFO  | OMAudit | user=runner | ip=127.0.0.1 | op=READ_VOLUME {"volume":"d0decc16-ac3c-4925-ac73-42a9abdf094a"} | ret=SUCCESS |  
2025-10-20 19:51:54,064 | INFO  | OMAudit | user=runner | ip=127.0.0.1 | op=READ_VOLUME {"volume":"d0decc16-ac3c-4925-ac73-42a9abdf094a"} | ret=SUCCESS |  
2025-10-20 19:51:54,065 | INFO  | OMAudit | user=runner | ip=127.0.0.1 | op=READ_VOLUME {"volume":"d0decc16-ac3c-4925-ac73-42a9abdf094a"} | ret=SUCCESS |  
2025-10-20 19:51:54,066 | INFO  | OMAudit | user=runner | ip=127.0.0.1 | op=READ_VOLUME {"volume":"d0decc16-ac3c-4925-ac73-42a9abdf094a"} | ret=SUCCESS |  
2025-10-20 19:51:54,067 | INFO  | OMAudit | user=runner | ip=127.0.0.1 | op=READ_VOLUME {"volume":"d0decc16-ac3c-4925-ac73-42a9abdf094a"} | ret=SUCCESS |  
]]></system-out>
  </testcase>
  <testcase name="testUploadPartOverride(ReplicationConfig)[1]" classname="org.apache.hadoop.ozone.client.rpc.TestSecureOzoneRpcClient" time="0.032">
    <system-out><![CDATA[2025-10-20 19:51:54,071 [ForkJoinPool-1-worker-1] INFO  rpc.RpcClient (RpcClient.java:createVolume(461)) - Creating Volume: 10f3e451-e8b6-4674-bcfb-029abeefb063, with runner as owner and space quota set to -1 bytes, counts quota set to -1
2025-10-20 19:51:54,073 [om1-OMStateMachineApplyTransactionThread - 0] INFO  volume.OMVolumeCreateRequest (OMVolumeCreateRequest.java:validateAndUpdateCache(213)) - created volume:10f3e451-e8b6-4674-bcfb-029abeefb063 for user:runner
2025-10-20 19:51:54,073 | INFO  | OMAudit | user=runner | ip=127.0.0.1 | op=CREATE_VOLUME {"admin":"runner","owner":"runner","volume":"10f3e451-e8b6-4674-bcfb-029abeefb063","creationTime":"1760989914072","modificationTime":"1760989914072","quotaInBytes":"-1","quotaInNamespace":"-1","usedNamespace":"0","objectID":"-9223372036854291968","updateID":"1890","Transaction":"1890"} | ret=SUCCESS |  
2025-10-20 19:51:54,074 | INFO  | OMAudit | user=runner | ip=127.0.0.1 | op=READ_VOLUME {"volume":"10f3e451-e8b6-4674-bcfb-029abeefb063"} | ret=SUCCESS |  
2025-10-20 19:51:54,075 [ForkJoinPool-1-worker-1] INFO  rpc.RpcClient (RpcClient.java:createBucket(686)) - Creating Bucket: 10f3e451-e8b6-4674-bcfb-029abeefb063/f7841eb4-3e94-4b3b-88bf-001c984c291f, with server-side default bucket layout, runner as owner, Versioning false, Storage Type set to DISK and Encryption set to false, Replication Type set to server-side default replication type, Namespace Quota set to -1, Space Quota set to -1 
2025-10-20 19:51:54,076 [om1-OMStateMachineApplyTransactionThread - 0] INFO  bucket.OMBucketCreateRequest (OMBucketCreateRequest.java:validateAndUpdateCache(303)) - created bucket: f7841eb4-3e94-4b3b-88bf-001c984c291f of layout FILE_SYSTEM_OPTIMIZED in volume: 10f3e451-e8b6-4674-bcfb-029abeefb063
2025-10-20 19:51:54,076 | INFO  | OMAudit | user=runner | ip=127.0.0.1 | op=CREATE_BUCKET {"volume":"10f3e451-e8b6-4674-bcfb-029abeefb063","bucket":"f7841eb4-3e94-4b3b-88bf-001c984c291f","bucketLayout":"FILE_SYSTEM_OPTIMIZED","gdprEnabled":null,"acls":"[user:runner:a[ACCESS], group:runner:rl[ACCESS]]","isVersionEnabled":"false","storageType":"DISK","creationTime":"1760989914075","bucketEncryptionKey":null,"modificationTime":"1760989914075","usedBytes":"0","usedNamespace":"0","snapshotUsedBytes":"0","snapshotUsedNamespace":"0","owner":"runner","replicationType":null,"replicationConfig":null,"quotaInBytes":"-1","quotaInNamespace":"-1","Transaction":"1891"} | ret=SUCCESS |  
2025-10-20 19:51:54,077 | INFO  | OMAudit | user=runner | ip=127.0.0.1 | op=READ_BUCKET {"volume":"10f3e451-e8b6-4674-bcfb-029abeefb063","bucket":"f7841eb4-3e94-4b3b-88bf-001c984c291f"} | ret=SUCCESS |  
2025-10-20 19:51:54,079 | INFO  | OMAudit | user=runner | ip=127.0.0.1 | op=INITIATE_MULTIPART_UPLOAD {"volume":"10f3e451-e8b6-4674-bcfb-029abeefb063","bucket":"f7841eb4-3e94-4b3b-88bf-001c984c291f","key":"f36e9598-a256-4fcb-b226-d677be4c5da5","dataSize":"0","replicationType":"RATIS","replicationFactor":"ONE","uploadID":"019a032d-a3de-71ae-b409-4687b40331e0-115408235009016276","Transaction":"1892"} | ret=SUCCESS |  
2025-10-20 19:51:54,082 | INFO  | OMAudit | user=runner | ip=127.0.0.1 | op=ALLOCATE_KEY {"volume":"10f3e451-e8b6-4674-bcfb-029abeefb063","bucket":"f7841eb4-3e94-4b3b-88bf-001c984c291f","key":"f36e9598-a256-4fcb-b226-d677be4c5da5","dataSize":"12","Transaction":"1893"} | ret=SUCCESS |  
2025-10-20 19:51:54,084 | INFO  | SCMAudit | user=runner | ip=127.0.0.1 | op=ALLOCATE_BLOCK {"replication":"RATIS/ONE","owner":"omServiceIdDefault","size":"4194304","sampleBlocks":"[conID: 9 locID: 115816896921600524]","num":"1","client":"","allocated":"1"} | ret=SUCCESS |  
2025-10-20 19:51:54,086 | INFO  | OMAudit | user=runner | ip=127.0.0.1 | op=ALLOCATE_BLOCK {"volume":"10f3e451-e8b6-4674-bcfb-029abeefb063","bucket":"f7841eb4-3e94-4b3b-88bf-001c984c291f","key":"f36e9598-a256-4fcb-b226-d677be4c5da5","dataSize":"12","replicationType":"RATIS","replicationFactor":"ONE","clientID":"115408235009212885","Transaction":"1894"} | ret=SUCCESS |  
2025-10-20 19:51:54,092 | INFO  | OMAudit | user=runner | ip=127.0.0.1 | op=COMMIT_MULTIPART_UPLOAD_PARTKEY {"volume":"10f3e451-e8b6-4674-bcfb-029abeefb063","bucket":"f7841eb4-3e94-4b3b-88bf-001c984c291f","key":"f36e9598-a256-4fcb-b226-d677be4c5da5","dataSize":"12","ETag":"1f8d5e1785e8ff978c10fa408d915c7e","uploadID":"019a032d-a3de-71ae-b409-4687b40331e0-115408235009016276","partNumber":"1","partName":"/10f3e451-e8b6-4674-bcfb-029abeefb063/f7841eb4-3e94-4b3b-88bf-001c984c291f/f36e9598-a256-4fcb-b226-d677be4c5da5-019a032d-a3de-71ae-b409-4687b40331e0-115408235009016276-1","Transaction":"1895"} | ret=SUCCESS |  
2025-10-20 19:51:54,094 | INFO  | OMAudit | user=runner | ip=127.0.0.1 | op=ALLOCATE_KEY {"volume":"10f3e451-e8b6-4674-bcfb-029abeefb063","bucket":"f7841eb4-3e94-4b3b-88bf-001c984c291f","key":"f36e9598-a256-4fcb-b226-d677be4c5da5","dataSize":"19","Transaction":"1896"} | ret=SUCCESS |  
2025-10-20 19:51:54,096 | INFO  | SCMAudit | user=runner | ip=127.0.0.1 | op=ALLOCATE_BLOCK {"replication":"RATIS/ONE","owner":"omServiceIdDefault","size":"4194304","sampleBlocks":"[conID: 10 locID: 115816896921600525]","num":"1","client":"","allocated":"1"} | ret=SUCCESS |  
2025-10-20 19:51:54,097 | INFO  | OMAudit | user=runner | ip=127.0.0.1 | op=ALLOCATE_BLOCK {"volume":"10f3e451-e8b6-4674-bcfb-029abeefb063","bucket":"f7841eb4-3e94-4b3b-88bf-001c984c291f","key":"f36e9598-a256-4fcb-b226-d677be4c5da5","dataSize":"19","replicationType":"RATIS","replicationFactor":"ONE","clientID":"115408235009999318","Transaction":"1897"} | ret=SUCCESS |  
2025-10-20 19:51:54,101 | INFO  | OMAudit | user=runner | ip=127.0.0.1 | op=COMMIT_MULTIPART_UPLOAD_PARTKEY {"volume":"10f3e451-e8b6-4674-bcfb-029abeefb063","bucket":"f7841eb4-3e94-4b3b-88bf-001c984c291f","key":"f36e9598-a256-4fcb-b226-d677be4c5da5","dataSize":"4","ETag":"e12719338b2ff7c1f1e2c73fda9b6a17","uploadID":"019a032d-a3de-71ae-b409-4687b40331e0-115408235009016276","partNumber":"1","partName":"/10f3e451-e8b6-4674-bcfb-029abeefb063/f7841eb4-3e94-4b3b-88bf-001c984c291f/f36e9598-a256-4fcb-b226-d677be4c5da5-019a032d-a3de-71ae-b409-4687b40331e0-115408235009016276-1","Transaction":"1898"} | ret=SUCCESS |  
]]></system-out>
  </testcase>
  <testcase name="testUploadPartOverride(ReplicationConfig)[2]" classname="org.apache.hadoop.ozone.client.rpc.TestSecureOzoneRpcClient" time="0.04">
    <system-out><![CDATA[2025-10-20 19:51:54,103 [ForkJoinPool-1-worker-1] INFO  rpc.RpcClient (RpcClient.java:createVolume(461)) - Creating Volume: 441d9bfd-7409-484a-8851-86e1b535a589, with runner as owner and space quota set to -1 bytes, counts quota set to -1
2025-10-20 19:51:54,105 [om1-OMStateMachineApplyTransactionThread - 0] INFO  volume.OMVolumeCreateRequest (OMVolumeCreateRequest.java:validateAndUpdateCache(213)) - created volume:441d9bfd-7409-484a-8851-86e1b535a589 for user:runner
2025-10-20 19:51:54,105 | INFO  | OMAudit | user=runner | ip=127.0.0.1 | op=CREATE_VOLUME {"admin":"runner","owner":"runner","volume":"441d9bfd-7409-484a-8851-86e1b535a589","creationTime":"1760989914104","modificationTime":"1760989914104","quotaInBytes":"-1","quotaInNamespace":"-1","usedNamespace":"0","objectID":"-9223372036854289664","updateID":"1899","Transaction":"1899"} | ret=SUCCESS |  
2025-10-20 19:51:54,106 | INFO  | OMAudit | user=runner | ip=127.0.0.1 | op=READ_VOLUME {"volume":"441d9bfd-7409-484a-8851-86e1b535a589"} | ret=SUCCESS |  
2025-10-20 19:51:54,106 [ForkJoinPool-1-worker-1] INFO  rpc.RpcClient (RpcClient.java:createBucket(686)) - Creating Bucket: 441d9bfd-7409-484a-8851-86e1b535a589/d3f7ec83-bcde-4db3-af90-f21681c11d5c, with server-side default bucket layout, runner as owner, Versioning false, Storage Type set to DISK and Encryption set to false, Replication Type set to server-side default replication type, Namespace Quota set to -1, Space Quota set to -1 
2025-10-20 19:51:54,107 [om1-OMStateMachineApplyTransactionThread - 0] INFO  bucket.OMBucketCreateRequest (OMBucketCreateRequest.java:validateAndUpdateCache(303)) - created bucket: d3f7ec83-bcde-4db3-af90-f21681c11d5c of layout FILE_SYSTEM_OPTIMIZED in volume: 441d9bfd-7409-484a-8851-86e1b535a589
2025-10-20 19:51:54,107 | INFO  | OMAudit | user=runner | ip=127.0.0.1 | op=CREATE_BUCKET {"volume":"441d9bfd-7409-484a-8851-86e1b535a589","bucket":"d3f7ec83-bcde-4db3-af90-f21681c11d5c","bucketLayout":"FILE_SYSTEM_OPTIMIZED","gdprEnabled":null,"acls":"[user:runner:a[ACCESS], group:runner:rl[ACCESS]]","isVersionEnabled":"false","storageType":"DISK","creationTime":"1760989914107","bucketEncryptionKey":null,"modificationTime":"1760989914107","usedBytes":"0","usedNamespace":"0","snapshotUsedBytes":"0","snapshotUsedNamespace":"0","owner":"runner","replicationType":null,"replicationConfig":null,"quotaInBytes":"-1","quotaInNamespace":"-1","Transaction":"1900"} | ret=SUCCESS |  
2025-10-20 19:51:54,108 | INFO  | OMAudit | user=runner | ip=127.0.0.1 | op=READ_BUCKET {"volume":"441d9bfd-7409-484a-8851-86e1b535a589","bucket":"d3f7ec83-bcde-4db3-af90-f21681c11d5c"} | ret=SUCCESS |  
2025-10-20 19:51:54,111 | INFO  | OMAudit | user=runner | ip=127.0.0.1 | op=INITIATE_MULTIPART_UPLOAD {"volume":"441d9bfd-7409-484a-8851-86e1b535a589","bucket":"d3f7ec83-bcde-4db3-af90-f21681c11d5c","key":"74b0cb6e-8d1a-4480-bed4-a5ef11128638","dataSize":"0","replicationType":"RATIS","replicationFactor":"THREE","uploadID":"019a032d-a3fd-7cbc-8d9c-926f8f96efbe-115408235011047895","Transaction":"1901"} | ret=SUCCESS |  
2025-10-20 19:51:54,113 | INFO  | OMAudit | user=runner | ip=127.0.0.1 | op=ALLOCATE_KEY {"volume":"441d9bfd-7409-484a-8851-86e1b535a589","bucket":"d3f7ec83-bcde-4db3-af90-f21681c11d5c","key":"74b0cb6e-8d1a-4480-bed4-a5ef11128638","dataSize":"12","Transaction":"1902"} | ret=SUCCESS |  
2025-10-20 19:51:54,115 | INFO  | SCMAudit | user=runner | ip=127.0.0.1 | op=ALLOCATE_BLOCK {"replication":"RATIS/THREE","owner":"omServiceIdDefault","size":"4194304","sampleBlocks":"[conID: 19 locID: 115816896921600526]","num":"1","client":"","allocated":"1"} | ret=SUCCESS |  
2025-10-20 19:51:54,116 | INFO  | OMAudit | user=runner | ip=127.0.0.1 | op=ALLOCATE_BLOCK {"volume":"441d9bfd-7409-484a-8851-86e1b535a589","bucket":"d3f7ec83-bcde-4db3-af90-f21681c11d5c","key":"74b0cb6e-8d1a-4480-bed4-a5ef11128638","dataSize":"12","replicationType":"RATIS","replicationFactor":"THREE","clientID":"115408235011244504","Transaction":"1903"} | ret=SUCCESS |  
2025-10-20 19:51:54,124 | INFO  | OMAudit | user=runner | ip=127.0.0.1 | op=COMMIT_MULTIPART_UPLOAD_PARTKEY {"volume":"441d9bfd-7409-484a-8851-86e1b535a589","bucket":"d3f7ec83-bcde-4db3-af90-f21681c11d5c","key":"74b0cb6e-8d1a-4480-bed4-a5ef11128638","dataSize":"12","ETag":"1f8d5e1785e8ff978c10fa408d915c7e","uploadID":"019a032d-a3fd-7cbc-8d9c-926f8f96efbe-115408235011047895","partNumber":"1","partName":"/441d9bfd-7409-484a-8851-86e1b535a589/d3f7ec83-bcde-4db3-af90-f21681c11d5c/74b0cb6e-8d1a-4480-bed4-a5ef11128638-019a032d-a3fd-7cbc-8d9c-926f8f96efbe-115408235011047895-1","Transaction":"1904"} | ret=SUCCESS |  
2025-10-20 19:51:54,128 | INFO  | OMAudit | user=runner | ip=127.0.0.1 | op=ALLOCATE_KEY {"volume":"441d9bfd-7409-484a-8851-86e1b535a589","bucket":"d3f7ec83-bcde-4db3-af90-f21681c11d5c","key":"74b0cb6e-8d1a-4480-bed4-a5ef11128638","dataSize":"19","Transaction":"1905"} | ret=SUCCESS |  
2025-10-20 19:51:54,130 | INFO  | SCMAudit | user=runner | ip=127.0.0.1 | op=ALLOCATE_BLOCK {"replication":"RATIS/THREE","owner":"omServiceIdDefault","size":"4194304","sampleBlocks":"[conID: 19 locID: 115816896921600527]","num":"1","client":"","allocated":"1"} | ret=SUCCESS |  
2025-10-20 19:51:54,132 | INFO  | OMAudit | user=runner | ip=127.0.0.1 | op=ALLOCATE_BLOCK {"volume":"441d9bfd-7409-484a-8851-86e1b535a589","bucket":"d3f7ec83-bcde-4db3-af90-f21681c11d5c","key":"74b0cb6e-8d1a-4480-bed4-a5ef11128638","dataSize":"19","replicationType":"RATIS","replicationFactor":"THREE","clientID":"115408235012227545","Transaction":"1906"} | ret=SUCCESS |  
2025-10-20 19:51:54,142 | INFO  | OMAudit | user=runner | ip=127.0.0.1 | op=COMMIT_MULTIPART_UPLOAD_PARTKEY {"volume":"441d9bfd-7409-484a-8851-86e1b535a589","bucket":"d3f7ec83-bcde-4db3-af90-f21681c11d5c","key":"74b0cb6e-8d1a-4480-bed4-a5ef11128638","dataSize":"4","ETag":"e12719338b2ff7c1f1e2c73fda9b6a17","uploadID":"019a032d-a3fd-7cbc-8d9c-926f8f96efbe-115408235011047895","partNumber":"1","partName":"/441d9bfd-7409-484a-8851-86e1b535a589/d3f7ec83-bcde-4db3-af90-f21681c11d5c/74b0cb6e-8d1a-4480-bed4-a5ef11128638-019a032d-a3fd-7cbc-8d9c-926f8f96efbe-115408235011047895-1","Transaction":"1907"} | ret=SUCCESS |  
]]></system-out>
  </testcase>
  <testcase name="testUploadPartOverride(ReplicationConfig)[3]" classname="org.apache.hadoop.ozone.client.rpc.TestSecureOzoneRpcClient" time="0.066">
    <system-out><![CDATA[2025-10-20 19:51:54,145 [ForkJoinPool-1-worker-1] INFO  rpc.RpcClient (RpcClient.java:createVolume(461)) - Creating Volume: 6f30ea22-77d0-4c26-ac75-ca2444cf18d5, with runner as owner and space quota set to -1 bytes, counts quota set to -1
2025-10-20 19:51:54,147 [om1-OMStateMachineApplyTransactionThread - 0] INFO  volume.OMVolumeCreateRequest (OMVolumeCreateRequest.java:validateAndUpdateCache(213)) - created volume:6f30ea22-77d0-4c26-ac75-ca2444cf18d5 for user:runner
2025-10-20 19:51:54,147 | INFO  | OMAudit | user=runner | ip=127.0.0.1 | op=CREATE_VOLUME {"admin":"runner","owner":"runner","volume":"6f30ea22-77d0-4c26-ac75-ca2444cf18d5","creationTime":"1760989914146","modificationTime":"1760989914146","quotaInBytes":"-1","quotaInNamespace":"-1","usedNamespace":"0","objectID":"-9223372036854287360","updateID":"1908","Transaction":"1908"} | ret=SUCCESS |  
2025-10-20 19:51:54,148 | INFO  | OMAudit | user=runner | ip=127.0.0.1 | op=READ_VOLUME {"volume":"6f30ea22-77d0-4c26-ac75-ca2444cf18d5"} | ret=SUCCESS |  
2025-10-20 19:51:54,148 [ForkJoinPool-1-worker-1] INFO  rpc.RpcClient (RpcClient.java:createBucket(686)) - Creating Bucket: 6f30ea22-77d0-4c26-ac75-ca2444cf18d5/fd48cd45-88b4-4141-9459-0e7ea50ecb25, with server-side default bucket layout, runner as owner, Versioning false, Storage Type set to DISK and Encryption set to false, Replication Type set to server-side default replication type, Namespace Quota set to -1, Space Quota set to -1 
2025-10-20 19:51:54,150 [om1-OMStateMachineApplyTransactionThread - 0] INFO  bucket.OMBucketCreateRequest (OMBucketCreateRequest.java:validateAndUpdateCache(303)) - created bucket: fd48cd45-88b4-4141-9459-0e7ea50ecb25 of layout FILE_SYSTEM_OPTIMIZED in volume: 6f30ea22-77d0-4c26-ac75-ca2444cf18d5
2025-10-20 19:51:54,150 | INFO  | OMAudit | user=runner | ip=127.0.0.1 | op=CREATE_BUCKET {"volume":"6f30ea22-77d0-4c26-ac75-ca2444cf18d5","bucket":"fd48cd45-88b4-4141-9459-0e7ea50ecb25","bucketLayout":"FILE_SYSTEM_OPTIMIZED","gdprEnabled":null,"acls":"[user:runner:a[ACCESS], group:runner:rl[ACCESS]]","isVersionEnabled":"false","storageType":"DISK","creationTime":"1760989914149","bucketEncryptionKey":null,"modificationTime":"1760989914149","usedBytes":"0","usedNamespace":"0","snapshotUsedBytes":"0","snapshotUsedNamespace":"0","owner":"runner","replicationType":null,"replicationConfig":null,"quotaInBytes":"-1","quotaInNamespace":"-1","Transaction":"1909"} | ret=SUCCESS |  
2025-10-20 19:51:54,151 | INFO  | OMAudit | user=runner | ip=127.0.0.1 | op=READ_BUCKET {"volume":"6f30ea22-77d0-4c26-ac75-ca2444cf18d5","bucket":"fd48cd45-88b4-4141-9459-0e7ea50ecb25"} | ret=SUCCESS |  
2025-10-20 19:51:54,153 | INFO  | OMAudit | user=runner | ip=127.0.0.1 | op=INITIATE_MULTIPART_UPLOAD {"volume":"6f30ea22-77d0-4c26-ac75-ca2444cf18d5","bucket":"fd48cd45-88b4-4141-9459-0e7ea50ecb25","key":"6803019c-e8f5-423f-ac49-e8ee662a694f","dataSize":"0","replicationType":"EC","replicationConfig":"rs-3-2-1048576","uploadID":"019a032d-a428-74b2-b3b0-7304cb47d76f-115408235013865946","Transaction":"1910"} | ret=SUCCESS |  
2025-10-20 19:51:54,156 [om1-KeyDeletingService#0] INFO  service.KeyDeletingService (KeyDeletingService.java:processKeyDeletes(151)) - Send 2 key(s) to SCM, first 2 keys: [PurgedKey{blockGroup=BlockGroup[groupID='/441d9bfd-7409-484a-8851-86e1b535a589/d3f7ec83-bcde-4db3-af90-f21681c11d5c/74b0cb6e-8d1a-4480-bed4-a5ef11128638/019a032d-a3fd-7cbc-8d9c-926f8f96efbe-115408235011047895/-9223372036854288895/0', blockIDs=[conID: 19 locID: 115816896921600526 bcsId: 0 replicaIndex: null]], volume='441d9bfd-7409-484a-8851-86e1b535a589', bucket='d3f7ec83-bcde-4db3-af90-f21681c11d5c', bucketId=-9223372036854289408, purgedBytes=36, isCommittedKey=false, deleteKeyName='/441d9bfd-7409-484a-8851-86e1b535a589/d3f7ec83-bcde-4db3-af90-f21681c11d5c/74b0cb6e-8d1a-4480-bed4-a5ef11128638/019a032d-a3fd-7cbc-8d9c-926f8f96efbe-115408235011047895/-9223372036854288895'}, PurgedKey{blockGroup=BlockGroup[groupID='/10f3e451-e8b6-4674-bcfb-029abeefb063/f7841eb4-3e94-4b3b-88bf-001c984c291f/f36e9598-a256-4fcb-b226-d677be4c5da5/019a032d-a3de-71ae-b409-4687b40331e0-115408235009016276/-9223372036854291199/0', blockIDs=[conID: 9 locID: 115816896921600524 bcsId: 0 replicaIndex: null]], volume='10f3e451-e8b6-4674-bcfb-029abeefb063', bucket='f7841eb4-3e94-4b3b-88bf-001c984c291f', bucketId=-9223372036854291712, purgedBytes=12, isCommittedKey=false, deleteKeyName='/10f3e451-e8b6-4674-bcfb-029abeefb063/f7841eb4-3e94-4b3b-88bf-001c984c291f/f36e9598-a256-4fcb-b226-d677be4c5da5/019a032d-a3de-71ae-b409-4687b40331e0-115408235009016276/-9223372036854291199'}]
2025-10-20 19:51:54,157 | INFO  | OMAudit | user=runner | ip=127.0.0.1 | op=ALLOCATE_KEY {"volume":"6f30ea22-77d0-4c26-ac75-ca2444cf18d5","bucket":"fd48cd45-88b4-4141-9459-0e7ea50ecb25","key":"6803019c-e8f5-423f-ac49-e8ee662a694f","dataSize":"12","Transaction":"1911"} | ret=SUCCESS |  
2025-10-20 19:51:54,158 | INFO  | SCMAudit | user=runner | ip=127.0.0.1 | op=DELETE_KEY_BLOCK {"KeyBlockToDelete":"[BlockGroup[groupID='/10f3e451-e8b6-4674-bcfb-029abeefb063/f7841eb4-3e94-4b3b-88bf-001c984c291f/f36e9598-a256-4fcb-b226-d677be4c5da5/019a032d-a3de-71ae-b409-4687b40331e0-115408235009016276/-9223372036854291199/0', blockIDs=[conID: 9 locID: 115816896921600524 bcsId: 0 replicaIndex: null]], BlockGroup[groupID='/441d9bfd-7409-484a-8851-86e1b535a589/d3f7ec83-bcde-4db3-af90-f21681c11d5c/74b0cb6e-8d1a-4480-bed4-a5ef11128638/019a032d-a3fd-7cbc-8d9c-926f8f96efbe-115408235011047895/-9223372036854288895/0', blockIDs=[conID: 19 locID: 115816896921600526 bcsId: 0 replicaIndex: null]]]"} | ret=SUCCESS |  
2025-10-20 19:51:54,159 [om1-KeyDeletingService#0] INFO  service.KeyDeletingService (KeyDeletingService.java:processKeyDeletes(158)) - 2 BlockGroup deletion are acked by SCM in 2 ms
2025-10-20 19:51:54,160 [om1-KeyDeletingService#0] INFO  service.KeyDeletingService (KeyDeletingService.java:processKeyDeletes(166)) - Blocks for 2 (out of 2) keys are deleted from DB in 1 ms. Limit per task is 50000.
2025-10-20 19:51:54,160 | INFO  | SCMAudit | user=runner | ip=127.0.0.1 | op=ALLOCATE_BLOCK {"replication":"EC{rs-3-2-1024k}","owner":"omServiceIdDefault","size":"4194304","sampleBlocks":"[conID: 24 locID: 115816896921600528]","num":"1","client":"","allocated":"1"} | ret=SUCCESS |  
2025-10-20 19:51:54,163 | INFO  | OMAudit | user=runner | ip=127.0.0.1 | op=ALLOCATE_BLOCK {"volume":"6f30ea22-77d0-4c26-ac75-ca2444cf18d5","bucket":"fd48cd45-88b4-4141-9459-0e7ea50ecb25","key":"6803019c-e8f5-423f-ac49-e8ee662a694f","dataSize":"12","replicationType":"EC","replicationConfig":"rs-3-2-1048576","clientID":"115408235014062555","Transaction":"1913"} | ret=SUCCESS |  
2025-10-20 19:51:54,185 | INFO  | OMAudit | user=runner | ip=127.0.0.1 | op=COMMIT_MULTIPART_UPLOAD_PARTKEY {"volume":"6f30ea22-77d0-4c26-ac75-ca2444cf18d5","bucket":"fd48cd45-88b4-4141-9459-0e7ea50ecb25","key":"6803019c-e8f5-423f-ac49-e8ee662a694f","dataSize":"12","ETag":"1f8d5e1785e8ff978c10fa408d915c7e","uploadID":"019a032d-a428-74b2-b3b0-7304cb47d76f-115408235013865946","partNumber":"1","partName":"/6f30ea22-77d0-4c26-ac75-ca2444cf18d5/fd48cd45-88b4-4141-9459-0e7ea50ecb25/6803019c-e8f5-423f-ac49-e8ee662a694f-019a032d-a428-74b2-b3b0-7304cb47d76f-115408235013865946-1","Transaction":"1914"} | ret=SUCCESS |  
2025-10-20 19:51:54,188 | INFO  | OMAudit | user=runner | ip=127.0.0.1 | op=ALLOCATE_KEY {"volume":"6f30ea22-77d0-4c26-ac75-ca2444cf18d5","bucket":"fd48cd45-88b4-4141-9459-0e7ea50ecb25","key":"6803019c-e8f5-423f-ac49-e8ee662a694f","dataSize":"19","Transaction":"1915"} | ret=SUCCESS |  
2025-10-20 19:51:54,191 | INFO  | SCMAudit | user=runner | ip=127.0.0.1 | op=ALLOCATE_BLOCK {"replication":"EC{rs-3-2-1024k}","owner":"omServiceIdDefault","size":"4194304","sampleBlocks":"[conID: 26 locID: 115816896921600529]","num":"1","client":"","allocated":"1"} | ret=SUCCESS |  
2025-10-20 19:51:54,192 | INFO  | OMAudit | user=runner | ip=127.0.0.1 | op=ALLOCATE_BLOCK {"volume":"6f30ea22-77d0-4c26-ac75-ca2444cf18d5","bucket":"fd48cd45-88b4-4141-9459-0e7ea50ecb25","key":"6803019c-e8f5-423f-ac49-e8ee662a694f","dataSize":"19","replicationType":"EC","replicationConfig":"rs-3-2-1048576","clientID":"115408235016159708","Transaction":"1916"} | ret=SUCCESS |  
2025-10-20 19:51:54,208 | INFO  | OMAudit | user=runner | ip=127.0.0.1 | op=COMMIT_MULTIPART_UPLOAD_PARTKEY {"volume":"6f30ea22-77d0-4c26-ac75-ca2444cf18d5","bucket":"fd48cd45-88b4-4141-9459-0e7ea50ecb25","key":"6803019c-e8f5-423f-ac49-e8ee662a694f","dataSize":"4","ETag":"e12719338b2ff7c1f1e2c73fda9b6a17","uploadID":"019a032d-a428-74b2-b3b0-7304cb47d76f-115408235013865946","partNumber":"1","partName":"/6f30ea22-77d0-4c26-ac75-ca2444cf18d5/fd48cd45-88b4-4141-9459-0e7ea50ecb25/6803019c-e8f5-423f-ac49-e8ee662a694f-019a032d-a428-74b2-b3b0-7304cb47d76f-115408235013865946-1","Transaction":"1917"} | ret=SUCCESS |  
]]></system-out>
  </testcase>
  <testcase name="testUploadPartWithNoOverride(ReplicationConfig)[1]" classname="org.apache.hadoop.ozone.client.rpc.TestSecureOzoneRpcClient" time="0.024">
    <system-out><![CDATA[2025-10-20 19:51:54,213 [ForkJoinPool-1-worker-1] INFO  rpc.RpcClient (RpcClient.java:createVolume(461)) - Creating Volume: 717aed0b-e08c-4560-982b-50fcc4a276a9, with runner as owner and space quota set to -1 bytes, counts quota set to -1
2025-10-20 19:51:54,215 [om1-OMStateMachineApplyTransactionThread - 0] INFO  volume.OMVolumeCreateRequest (OMVolumeCreateRequest.java:validateAndUpdateCache(213)) - created volume:717aed0b-e08c-4560-982b-50fcc4a276a9 for user:runner
2025-10-20 19:51:54,215 | INFO  | OMAudit | user=runner | ip=127.0.0.1 | op=CREATE_VOLUME {"admin":"runner","owner":"runner","volume":"717aed0b-e08c-4560-982b-50fcc4a276a9","creationTime":"1760989914214","modificationTime":"1760989914214","quotaInBytes":"-1","quotaInNamespace":"-1","usedNamespace":"0","objectID":"-9223372036854284800","updateID":"1918","Transaction":"1918"} | ret=SUCCESS |  
2025-10-20 19:51:54,216 | INFO  | OMAudit | user=runner | ip=127.0.0.1 | op=READ_VOLUME {"volume":"717aed0b-e08c-4560-982b-50fcc4a276a9"} | ret=SUCCESS |  
2025-10-20 19:51:54,217 [ForkJoinPool-1-worker-1] INFO  rpc.RpcClient (RpcClient.java:createBucket(686)) - Creating Bucket: 717aed0b-e08c-4560-982b-50fcc4a276a9/3a7674a8-1c0b-4998-aac4-5e1363d16cf6, with server-side default bucket layout, runner as owner, Versioning false, Storage Type set to DISK and Encryption set to false, Replication Type set to server-side default replication type, Namespace Quota set to -1, Space Quota set to -1 
2025-10-20 19:51:54,218 [om1-OMStateMachineApplyTransactionThread - 0] INFO  bucket.OMBucketCreateRequest (OMBucketCreateRequest.java:validateAndUpdateCache(303)) - created bucket: 3a7674a8-1c0b-4998-aac4-5e1363d16cf6 of layout FILE_SYSTEM_OPTIMIZED in volume: 717aed0b-e08c-4560-982b-50fcc4a276a9
2025-10-20 19:51:54,218 | INFO  | OMAudit | user=runner | ip=127.0.0.1 | op=CREATE_BUCKET {"volume":"717aed0b-e08c-4560-982b-50fcc4a276a9","bucket":"3a7674a8-1c0b-4998-aac4-5e1363d16cf6","bucketLayout":"FILE_SYSTEM_OPTIMIZED","gdprEnabled":null,"acls":"[user:runner:a[ACCESS], group:runner:rl[ACCESS]]","isVersionEnabled":"false","storageType":"DISK","creationTime":"1760989914217","bucketEncryptionKey":null,"modificationTime":"1760989914217","usedBytes":"0","usedNamespace":"0","snapshotUsedBytes":"0","snapshotUsedNamespace":"0","owner":"runner","replicationType":null,"replicationConfig":null,"quotaInBytes":"-1","quotaInNamespace":"-1","Transaction":"1919"} | ret=SUCCESS |  
2025-10-20 19:51:54,219 | INFO  | OMAudit | user=runner | ip=127.0.0.1 | op=READ_BUCKET {"volume":"717aed0b-e08c-4560-982b-50fcc4a276a9","bucket":"3a7674a8-1c0b-4998-aac4-5e1363d16cf6"} | ret=SUCCESS |  
2025-10-20 19:51:54,222 | INFO  | OMAudit | user=runner | ip=127.0.0.1 | op=INITIATE_MULTIPART_UPLOAD {"volume":"717aed0b-e08c-4560-982b-50fcc4a276a9","bucket":"3a7674a8-1c0b-4998-aac4-5e1363d16cf6","key":"eb4dc8e5-8de7-47fc-bbef-7e30b38857d6","dataSize":"0","replicationType":"RATIS","replicationFactor":"ONE","uploadID":"019a032d-a46c-7d46-8c2a-a62dde9d14b9-115408235018322397","Transaction":"1920"} | ret=SUCCESS |  
2025-10-20 19:51:54,225 | INFO  | OMAudit | user=runner | ip=127.0.0.1 | op=ALLOCATE_KEY {"volume":"717aed0b-e08c-4560-982b-50fcc4a276a9","bucket":"3a7674a8-1c0b-4998-aac4-5e1363d16cf6","key":"eb4dc8e5-8de7-47fc-bbef-7e30b38857d6","dataSize":"12","Transaction":"1921"} | ret=SUCCESS |  
2025-10-20 19:51:54,227 | INFO  | SCMAudit | user=runner | ip=127.0.0.1 | op=ALLOCATE_BLOCK {"replication":"RATIS/ONE","owner":"omServiceIdDefault","size":"4194304","sampleBlocks":"[conID: 27 locID: 115816896921600530]","num":"1","client":"","allocated":"1"} | ret=SUCCESS |  
2025-10-20 19:51:54,229 | INFO  | OMAudit | user=runner | ip=127.0.0.1 | op=ALLOCATE_BLOCK {"volume":"717aed0b-e08c-4560-982b-50fcc4a276a9","bucket":"3a7674a8-1c0b-4998-aac4-5e1363d16cf6","key":"eb4dc8e5-8de7-47fc-bbef-7e30b38857d6","dataSize":"12","replicationType":"RATIS","replicationFactor":"ONE","clientID":"115408235018584542","Transaction":"1922"} | ret=SUCCESS |  
2025-10-20 19:51:54,236 | INFO  | OMAudit | user=runner | ip=127.0.0.1 | op=COMMIT_MULTIPART_UPLOAD_PARTKEY {"volume":"717aed0b-e08c-4560-982b-50fcc4a276a9","bucket":"3a7674a8-1c0b-4998-aac4-5e1363d16cf6","key":"eb4dc8e5-8de7-47fc-bbef-7e30b38857d6","dataSize":"12","ETag":"1f8d5e1785e8ff978c10fa408d915c7e","uploadID":"019a032d-a46c-7d46-8c2a-a62dde9d14b9-115408235018322397","partNumber":"1","partName":"/717aed0b-e08c-4560-982b-50fcc4a276a9/3a7674a8-1c0b-4998-aac4-5e1363d16cf6/eb4dc8e5-8de7-47fc-bbef-7e30b38857d6-019a032d-a46c-7d46-8c2a-a62dde9d14b9-115408235018322397-1","Transaction":"1923"} | ret=SUCCESS |  
]]></system-out>
  </testcase>
  <testcase name="testUploadPartWithNoOverride(ReplicationConfig)[2]" classname="org.apache.hadoop.ozone.client.rpc.TestSecureOzoneRpcClient" time="0.028">
    <system-out><![CDATA[2025-10-20 19:51:54,239 [ForkJoinPool-1-worker-1] INFO  rpc.RpcClient (RpcClient.java:createVolume(461)) - Creating Volume: b6be902c-800b-4011-8bc4-7f0ffd1bd0a5, with runner as owner and space quota set to -1 bytes, counts quota set to -1
2025-10-20 19:51:54,240 [om1-OMStateMachineApplyTransactionThread - 0] INFO  volume.OMVolumeCreateRequest (OMVolumeCreateRequest.java:validateAndUpdateCache(213)) - created volume:b6be902c-800b-4011-8bc4-7f0ffd1bd0a5 for user:runner
2025-10-20 19:51:54,240 | INFO  | OMAudit | user=runner | ip=127.0.0.1 | op=CREATE_VOLUME {"admin":"runner","owner":"runner","volume":"b6be902c-800b-4011-8bc4-7f0ffd1bd0a5","creationTime":"1760989914240","modificationTime":"1760989914240","quotaInBytes":"-1","quotaInNamespace":"-1","usedNamespace":"0","objectID":"-9223372036854283264","updateID":"1924","Transaction":"1924"} | ret=SUCCESS |  
2025-10-20 19:51:54,241 | INFO  | OMAudit | user=runner | ip=127.0.0.1 | op=READ_VOLUME {"volume":"b6be902c-800b-4011-8bc4-7f0ffd1bd0a5"} | ret=SUCCESS |  
2025-10-20 19:51:54,242 [ForkJoinPool-1-worker-1] INFO  rpc.RpcClient (RpcClient.java:createBucket(686)) - Creating Bucket: b6be902c-800b-4011-8bc4-7f0ffd1bd0a5/98635eae-fe98-4bad-a199-72e3a0ba5d6f, with server-side default bucket layout, runner as owner, Versioning false, Storage Type set to DISK and Encryption set to false, Replication Type set to server-side default replication type, Namespace Quota set to -1, Space Quota set to -1 
2025-10-20 19:51:54,244 [om1-OMStateMachineApplyTransactionThread - 0] INFO  bucket.OMBucketCreateRequest (OMBucketCreateRequest.java:validateAndUpdateCache(303)) - created bucket: 98635eae-fe98-4bad-a199-72e3a0ba5d6f of layout FILE_SYSTEM_OPTIMIZED in volume: b6be902c-800b-4011-8bc4-7f0ffd1bd0a5
2025-10-20 19:51:54,244 | INFO  | OMAudit | user=runner | ip=127.0.0.1 | op=CREATE_BUCKET {"volume":"b6be902c-800b-4011-8bc4-7f0ffd1bd0a5","bucket":"98635eae-fe98-4bad-a199-72e3a0ba5d6f","bucketLayout":"FILE_SYSTEM_OPTIMIZED","gdprEnabled":null,"acls":"[user:runner:a[ACCESS], group:runner:rl[ACCESS]]","isVersionEnabled":"false","storageType":"DISK","creationTime":"1760989914243","bucketEncryptionKey":null,"modificationTime":"1760989914243","usedBytes":"0","usedNamespace":"0","snapshotUsedBytes":"0","snapshotUsedNamespace":"0","owner":"runner","replicationType":null,"replicationConfig":null,"quotaInBytes":"-1","quotaInNamespace":"-1","Transaction":"1925"} | ret=SUCCESS |  
2025-10-20 19:51:54,245 | INFO  | OMAudit | user=runner | ip=127.0.0.1 | op=READ_BUCKET {"volume":"b6be902c-800b-4011-8bc4-7f0ffd1bd0a5","bucket":"98635eae-fe98-4bad-a199-72e3a0ba5d6f"} | ret=SUCCESS |  
2025-10-20 19:51:54,247 | INFO  | OMAudit | user=runner | ip=127.0.0.1 | op=INITIATE_MULTIPART_UPLOAD {"volume":"b6be902c-800b-4011-8bc4-7f0ffd1bd0a5","bucket":"98635eae-fe98-4bad-a199-72e3a0ba5d6f","key":"52247ac7-331d-450e-8ab5-afe2948daec4","dataSize":"0","replicationType":"RATIS","replicationFactor":"THREE","uploadID":"019a032d-a486-7e27-ba44-0576a0bec380-115408235020026335","Transaction":"1926"} | ret=SUCCESS |  
2025-10-20 19:51:54,250 | INFO  | OMAudit | user=runner | ip=127.0.0.1 | op=ALLOCATE_KEY {"volume":"b6be902c-800b-4011-8bc4-7f0ffd1bd0a5","bucket":"98635eae-fe98-4bad-a199-72e3a0ba5d6f","key":"52247ac7-331d-450e-8ab5-afe2948daec4","dataSize":"12","Transaction":"1927"} | ret=SUCCESS |  
2025-10-20 19:51:54,252 | INFO  | SCMAudit | user=runner | ip=127.0.0.1 | op=ALLOCATE_BLOCK {"replication":"RATIS/THREE","owner":"omServiceIdDefault","size":"4194304","sampleBlocks":"[conID: 19 locID: 115816896921600531]","num":"1","client":"","allocated":"1"} | ret=SUCCESS |  
2025-10-20 19:51:54,253 | INFO  | OMAudit | user=runner | ip=127.0.0.1 | op=ALLOCATE_BLOCK {"volume":"b6be902c-800b-4011-8bc4-7f0ffd1bd0a5","bucket":"98635eae-fe98-4bad-a199-72e3a0ba5d6f","key":"52247ac7-331d-450e-8ab5-afe2948daec4","dataSize":"12","replicationType":"RATIS","replicationFactor":"THREE","clientID":"115408235020222944","Transaction":"1928"} | ret=SUCCESS |  
2025-10-20 19:51:54,265 | INFO  | OMAudit | user=runner | ip=127.0.0.1 | op=COMMIT_MULTIPART_UPLOAD_PARTKEY {"volume":"b6be902c-800b-4011-8bc4-7f0ffd1bd0a5","bucket":"98635eae-fe98-4bad-a199-72e3a0ba5d6f","key":"52247ac7-331d-450e-8ab5-afe2948daec4","dataSize":"12","ETag":"1f8d5e1785e8ff978c10fa408d915c7e","uploadID":"019a032d-a486-7e27-ba44-0576a0bec380-115408235020026335","partNumber":"1","partName":"/b6be902c-800b-4011-8bc4-7f0ffd1bd0a5/98635eae-fe98-4bad-a199-72e3a0ba5d6f/52247ac7-331d-450e-8ab5-afe2948daec4-019a032d-a486-7e27-ba44-0576a0bec380-115408235020026335-1","Transaction":"1929"} | ret=SUCCESS |  
]]></system-out>
  </testcase>
  <testcase name="testUploadPartWithNoOverride(ReplicationConfig)[3]" classname="org.apache.hadoop.ozone.client.rpc.TestSecureOzoneRpcClient" time="0.031">
    <system-out><![CDATA[2025-10-20 19:51:54,268 [ForkJoinPool-1-worker-1] INFO  rpc.RpcClient (RpcClient.java:createVolume(461)) - Creating Volume: 3011cc37-e5ea-4d95-aadc-37a52cea335a, with runner as owner and space quota set to -1 bytes, counts quota set to -1
2025-10-20 19:51:54,270 [om1-OMStateMachineApplyTransactionThread - 0] INFO  volume.OMVolumeCreateRequest (OMVolumeCreateRequest.java:validateAndUpdateCache(213)) - created volume:3011cc37-e5ea-4d95-aadc-37a52cea335a for user:runner
2025-10-20 19:51:54,270 | INFO  | OMAudit | user=runner | ip=127.0.0.1 | op=CREATE_VOLUME {"admin":"runner","owner":"runner","volume":"3011cc37-e5ea-4d95-aadc-37a52cea335a","creationTime":"1760989914269","modificationTime":"1760989914269","quotaInBytes":"-1","quotaInNamespace":"-1","usedNamespace":"0","objectID":"-9223372036854281728","updateID":"1930","Transaction":"1930"} | ret=SUCCESS |  
2025-10-20 19:51:54,271 | INFO  | OMAudit | user=runner | ip=127.0.0.1 | op=READ_VOLUME {"volume":"3011cc37-e5ea-4d95-aadc-37a52cea335a"} | ret=SUCCESS |  
2025-10-20 19:51:54,272 [ForkJoinPool-1-worker-1] INFO  rpc.RpcClient (RpcClient.java:createBucket(686)) - Creating Bucket: 3011cc37-e5ea-4d95-aadc-37a52cea335a/02f2b248-692c-47b9-8927-b85c5fe44bc8, with server-side default bucket layout, runner as owner, Versioning false, Storage Type set to DISK and Encryption set to false, Replication Type set to server-side default replication type, Namespace Quota set to -1, Space Quota set to -1 
2025-10-20 19:51:54,273 [om1-OMStateMachineApplyTransactionThread - 0] INFO  bucket.OMBucketCreateRequest (OMBucketCreateRequest.java:validateAndUpdateCache(303)) - created bucket: 02f2b248-692c-47b9-8927-b85c5fe44bc8 of layout FILE_SYSTEM_OPTIMIZED in volume: 3011cc37-e5ea-4d95-aadc-37a52cea335a
2025-10-20 19:51:54,273 | INFO  | OMAudit | user=runner | ip=127.0.0.1 | op=CREATE_BUCKET {"volume":"3011cc37-e5ea-4d95-aadc-37a52cea335a","bucket":"02f2b248-692c-47b9-8927-b85c5fe44bc8","bucketLayout":"FILE_SYSTEM_OPTIMIZED","gdprEnabled":null,"acls":"[user:runner:a[ACCESS], group:runner:rl[ACCESS]]","isVersionEnabled":"false","storageType":"DISK","creationTime":"1760989914272","bucketEncryptionKey":null,"modificationTime":"1760989914272","usedBytes":"0","usedNamespace":"0","snapshotUsedBytes":"0","snapshotUsedNamespace":"0","owner":"runner","replicationType":null,"replicationConfig":null,"quotaInBytes":"-1","quotaInNamespace":"-1","Transaction":"1931"} | ret=SUCCESS |  
2025-10-20 19:51:54,274 | INFO  | OMAudit | user=runner | ip=127.0.0.1 | op=READ_BUCKET {"volume":"3011cc37-e5ea-4d95-aadc-37a52cea335a","bucket":"02f2b248-692c-47b9-8927-b85c5fe44bc8"} | ret=SUCCESS |  
2025-10-20 19:51:54,276 | INFO  | OMAudit | user=runner | ip=127.0.0.1 | op=INITIATE_MULTIPART_UPLOAD {"volume":"3011cc37-e5ea-4d95-aadc-37a52cea335a","bucket":"02f2b248-692c-47b9-8927-b85c5fe44bc8","key":"ca6d7811-c463-4352-9063-130168db3973","dataSize":"0","replicationType":"EC","replicationConfig":"rs-3-2-1048576","uploadID":"019a032d-a4a3-7b46-8030-2ee0040594a1-115408235021926881","Transaction":"1932"} | ret=SUCCESS |  
2025-10-20 19:51:54,279 | INFO  | OMAudit | user=runner | ip=127.0.0.1 | op=ALLOCATE_KEY {"volume":"3011cc37-e5ea-4d95-aadc-37a52cea335a","bucket":"02f2b248-692c-47b9-8927-b85c5fe44bc8","key":"ca6d7811-c463-4352-9063-130168db3973","dataSize":"12","Transaction":"1933"} | ret=SUCCESS |  
2025-10-20 19:51:54,281 | INFO  | SCMAudit | user=runner | ip=127.0.0.1 | op=ALLOCATE_BLOCK {"replication":"EC{rs-3-2-1024k}","owner":"omServiceIdDefault","size":"4194304","sampleBlocks":"[conID: 23 locID: 115816896921600532]","num":"1","client":"","allocated":"1"} | ret=SUCCESS |  
2025-10-20 19:51:54,283 | INFO  | OMAudit | user=runner | ip=127.0.0.1 | op=ALLOCATE_BLOCK {"volume":"3011cc37-e5ea-4d95-aadc-37a52cea335a","bucket":"02f2b248-692c-47b9-8927-b85c5fe44bc8","key":"ca6d7811-c463-4352-9063-130168db3973","dataSize":"12","replicationType":"EC","replicationConfig":"rs-3-2-1048576","clientID":"115408235022123490","Transaction":"1934"} | ret=SUCCESS |  
2025-10-20 19:51:54,296 | INFO  | OMAudit | user=runner | ip=127.0.0.1 | op=COMMIT_MULTIPART_UPLOAD_PARTKEY {"volume":"3011cc37-e5ea-4d95-aadc-37a52cea335a","bucket":"02f2b248-692c-47b9-8927-b85c5fe44bc8","key":"ca6d7811-c463-4352-9063-130168db3973","dataSize":"12","ETag":"1f8d5e1785e8ff978c10fa408d915c7e","uploadID":"019a032d-a4a3-7b46-8030-2ee0040594a1-115408235021926881","partNumber":"1","partName":"/3011cc37-e5ea-4d95-aadc-37a52cea335a/02f2b248-692c-47b9-8927-b85c5fe44bc8/ca6d7811-c463-4352-9063-130168db3973-019a032d-a4a3-7b46-8030-2ee0040594a1-115408235021926881-1","Transaction":"1935"} | ret=SUCCESS |  
]]></system-out>
  </testcase>
  <testcase name="testUploadWithStreamAndMemoryMappedBuffer(Path)" classname="org.apache.hadoop.ozone.client.rpc.TestSecureOzoneRpcClient" time="0.068">
    <system-out><![CDATA[2025-10-20 19:51:54,301 [ForkJoinPool-1-worker-1] INFO  rpc.RpcClient (RpcClient.java:createVolume(461)) - Creating Volume: vol-e222a2e2-2288-460e-85c5-3611510550e5, with runner as owner and space quota set to -1 bytes, counts quota set to -1
2025-10-20 19:51:54,303 [om1-OMStateMachineApplyTransactionThread - 0] INFO  volume.OMVolumeCreateRequest (OMVolumeCreateRequest.java:validateAndUpdateCache(213)) - created volume:vol-e222a2e2-2288-460e-85c5-3611510550e5 for user:runner
2025-10-20 19:51:54,303 | INFO  | OMAudit | user=runner | ip=127.0.0.1 | op=CREATE_VOLUME {"admin":"runner","owner":"runner","volume":"vol-e222a2e2-2288-460e-85c5-3611510550e5","creationTime":"1760989914302","modificationTime":"1760989914302","quotaInBytes":"-1","quotaInNamespace":"-1","usedNamespace":"0","objectID":"-9223372036854280192","updateID":"1936","Transaction":"1936"} | ret=SUCCESS |  
2025-10-20 19:51:54,305 | INFO  | OMAudit | user=runner | ip=127.0.0.1 | op=READ_VOLUME {"volume":"vol-e222a2e2-2288-460e-85c5-3611510550e5"} | ret=SUCCESS |  
2025-10-20 19:51:54,305 [ForkJoinPool-1-worker-1] INFO  rpc.RpcClient (RpcClient.java:createBucket(686)) - Creating Bucket: vol-e222a2e2-2288-460e-85c5-3611510550e5/buck-ab9238f9-9dd3-4b08-a42f-61c3ddc04f4f, with server-side default bucket layout, runner as owner, Versioning false, Storage Type set to DISK and Encryption set to false, Replication Type set to RATIS, Namespace Quota set to -1, Space Quota set to -1 
2025-10-20 19:51:54,307 [om1-OMStateMachineApplyTransactionThread - 0] INFO  bucket.OMBucketCreateRequest (OMBucketCreateRequest.java:validateAndUpdateCache(303)) - created bucket: buck-ab9238f9-9dd3-4b08-a42f-61c3ddc04f4f of layout FILE_SYSTEM_OPTIMIZED in volume: vol-e222a2e2-2288-460e-85c5-3611510550e5
2025-10-20 19:51:54,307 | INFO  | OMAudit | user=runner | ip=127.0.0.1 | op=CREATE_BUCKET {"volume":"vol-e222a2e2-2288-460e-85c5-3611510550e5","bucket":"buck-ab9238f9-9dd3-4b08-a42f-61c3ddc04f4f","bucketLayout":"FILE_SYSTEM_OPTIMIZED","gdprEnabled":null,"acls":"[user:runner:a[ACCESS], group:runner:rl[ACCESS]]","isVersionEnabled":"false","storageType":"DISK","creationTime":"1760989914306","bucketEncryptionKey":null,"modificationTime":"1760989914306","usedBytes":"0","usedNamespace":"0","snapshotUsedBytes":"0","snapshotUsedNamespace":"0","owner":"runner","replicationType":"RATIS","replicationConfig":"THREE","quotaInBytes":"-1","quotaInNamespace":"-1","Transaction":"1937"} | ret=SUCCESS |  
2025-10-20 19:51:54,308 | INFO  | OMAudit | user=runner | ip=127.0.0.1 | op=READ_BUCKET {"volume":"vol-e222a2e2-2288-460e-85c5-3611510550e5","bucket":"buck-ab9238f9-9dd3-4b08-a42f-61c3ddc04f4f"} | ret=SUCCESS |  
2025-10-20 19:51:54,309 | INFO  | OMAudit | user=runner | ip=127.0.0.1 | op=READ_BUCKET {"volume":"vol-e222a2e2-2288-460e-85c5-3611510550e5","bucket":"buck-ab9238f9-9dd3-4b08-a42f-61c3ddc04f4f"} | ret=SUCCESS |  
2025-10-20 19:51:54,310 | INFO  | SCMAudit | user=runner | ip=127.0.0.1 | op=ALLOCATE_BLOCK {"replication":"RATIS/THREE","owner":"omServiceIdDefault","size":"4194304","sampleBlocks":"[conID: 19 locID: 115816896921600533]","num":"1","client":"127.0.0.1","allocated":"1"} | ret=SUCCESS |  
2025-10-20 19:51:54,312 | INFO  | OMAudit | user=runner | ip=127.0.0.1 | op=ALLOCATE_KEY {"volume":"vol-e222a2e2-2288-460e-85c5-3611510550e5","bucket":"buck-ab9238f9-9dd3-4b08-a42f-61c3ddc04f4f","key":"key-7c5b9997-f517-485a-834d-2316cf5f41c8","dataSize":"8192","replicationType":"RATIS","replicationFactor":"THREE","Transaction":"1938"} | ret=SUCCESS |  
2025-10-20 19:51:54,320 [4f2bb3f5-0e03-4f1b-bb4c-79c91b98c7da-NettyServerStreamRpc-bossGroup--thread1] INFO  logging.LoggingHandler (AbstractInternalLogger.java:log(148)) - [id: 0x911cc183, L:/0.0.0.0:15096] READ: [id: 0x8eb00bfa, L:/127.0.0.1:15096 - R:/127.0.0.1:40920]
2025-10-20 19:51:54,321 [4f2bb3f5-0e03-4f1b-bb4c-79c91b98c7da-NettyServerStreamRpc-bossGroup--thread1] INFO  logging.LoggingHandler (AbstractInternalLogger.java:log(148)) - [id: 0x911cc183, L:/0.0.0.0:15096] READ COMPLETE
2025-10-20 19:51:54,325 [33f74daf-be7a-4306-b2af-53e409c4cb93-NettyServerStreamRpc-bossGroup--thread1] INFO  logging.LoggingHandler (AbstractInternalLogger.java:log(148)) - [id: 0x2ba86a54, L:/0.0.0.0:15088] READ: [id: 0xdf51d704, L:/127.0.0.1:15088 - R:/127.0.0.1:42900]
2025-10-20 19:51:54,326 [33f74daf-be7a-4306-b2af-53e409c4cb93-NettyServerStreamRpc-bossGroup--thread1] INFO  logging.LoggingHandler (AbstractInternalLogger.java:log(148)) - [id: 0x2ba86a54, L:/0.0.0.0:15088] READ COMPLETE
2025-10-20 19:51:54,329 [d7d8cf72-b9f6-4979-9c53-007dd6e6e48a-NettyServerStreamRpc-bossGroup--thread1] INFO  logging.LoggingHandler (AbstractInternalLogger.java:log(148)) - [id: 0xff0692e1, L:/0.0.0.0:15104] READ: [id: 0x031302af, L:/127.0.0.1:15104 - R:/127.0.0.1:56686]
2025-10-20 19:51:54,330 [d7d8cf72-b9f6-4979-9c53-007dd6e6e48a-NettyServerStreamRpc-bossGroup--thread1] INFO  logging.LoggingHandler (AbstractInternalLogger.java:log(148)) - [id: 0xff0692e1, L:/0.0.0.0:15104] READ COMPLETE
2025-10-20 19:51:54,354 | INFO  | OMAudit | user=runner | ip=127.0.0.1 | op=COMMIT_KEY {"volume":"vol-e222a2e2-2288-460e-85c5-3611510550e5","bucket":"buck-ab9238f9-9dd3-4b08-a42f-61c3ddc04f4f","key":"key-7c5b9997-f517-485a-834d-2316cf5f41c8","dataSize":"8192","replicationType":"RATIS","replicationFactor":"THREE","Transaction":"1939"} | ret=SUCCESS |  
2025-10-20 19:51:54,355 | INFO  | OMAudit | user=runner | ip=127.0.0.1 | op=READ_KEY {"volume":"vol-e222a2e2-2288-460e-85c5-3611510550e5","bucket":"buck-ab9238f9-9dd3-4b08-a42f-61c3ddc04f4f","key":"key-7c5b9997-f517-485a-834d-2316cf5f41c8","owner":null,"dataSize":"0","replicationConfig":null} | ret=SUCCESS |  
]]></system-out>
  </testcase>
  <testcase name="testUsedBytesWithUploadPart" classname="org.apache.hadoop.ozone.client.rpc.TestSecureOzoneRpcClient" time="0.257">
    <system-out><![CDATA[2025-10-20 19:51:54,400 | INFO  | SCMAudit | user=runner | ip=127.0.0.1 | op=SEND_HEARTBEAT {"datanodeUUID":"b614738c-cdff-4f09-bf59-ed5bb75d51be","term":"2","command":"[]"} | ret=SUCCESS |  
2025-10-20 19:51:54,400 [EventQueue-PipelineActionsForPipelineActionHandler] INFO  pipeline.PipelineActionHandler (PipelineActionHandler.java:processPipelineAction(89)) - Received pipeline action CLOSE for Pipeline-ba8f49ac-c35b-4342-9840-c8b3a767d7cd from datanode b614738c-cdff-4f09-bf59-ed5bb75d51be(localhost/127.0.0.1). Reason : Ratis Transaction failure in datanode b614738c-cdff-4f09-bf59-ed5bb75d51be with role FOLLOWER .Triggering pipeline close action.
2025-10-20 19:51:54,402 | INFO  | SCMAudit | user=runner | ip=127.0.0.1 | op=SEND_HEARTBEAT {"datanodeUUID":"361055de-215b-4c6c-94c2-be1c1da118d1","term":"2","command":"[]"} | ret=SUCCESS |  
2025-10-20 19:51:54,402 [EventQueue-PipelineActionsForPipelineActionHandler] INFO  pipeline.PipelineActionHandler (PipelineActionHandler.java:processPipelineAction(89)) - Received pipeline action CLOSE for Pipeline-0b8c5e6b-69eb-484b-887e-939de61e1e74 from datanode 361055de-215b-4c6c-94c2-be1c1da118d1(localhost/127.0.0.1). Reason : Ratis Transaction failure in datanode 361055de-215b-4c6c-94c2-be1c1da118d1 with role LEADER .Triggering pipeline close action.
2025-10-20 19:51:54,402 [EventQueue-PipelineActionsForPipelineActionHandler] INFO  pipeline.PipelineActionHandler (PipelineActionHandler.java:processPipelineAction(89)) - Received pipeline action CLOSE for Pipeline-aabd30cf-05b8-4e3b-b15e-1aa5f909702d from datanode 361055de-215b-4c6c-94c2-be1c1da118d1(localhost/127.0.0.1). Reason : Ratis Transaction failure in datanode 361055de-215b-4c6c-94c2-be1c1da118d1 with role FOLLOWER .Triggering pipeline close action.
2025-10-20 19:51:54,403 | INFO  | SCMAudit | user=runner | ip=127.0.0.1 | op=SEND_HEARTBEAT {"datanodeUUID":"ef67b0a7-5b27-496d-9f38-ab804a28e500","term":"2","command":"[]"} | ret=SUCCESS |  
2025-10-20 19:51:54,403 [EventQueue-PipelineActionsForPipelineActionHandler] INFO  pipeline.PipelineActionHandler (PipelineActionHandler.java:processPipelineAction(89)) - Received pipeline action CLOSE for Pipeline-0b8c5e6b-69eb-484b-887e-939de61e1e74 from datanode ef67b0a7-5b27-496d-9f38-ab804a28e500(localhost/127.0.0.1). Reason : Ratis Transaction failure in datanode ef67b0a7-5b27-496d-9f38-ab804a28e500 with role FOLLOWER .Triggering pipeline close action.
2025-10-20 19:51:54,404 [EventQueue-PipelineActionsForPipelineActionHandler] INFO  pipeline.PipelineActionHandler (PipelineActionHandler.java:processPipelineAction(89)) - Received pipeline action CLOSE for Pipeline-aabd30cf-05b8-4e3b-b15e-1aa5f909702d from datanode ef67b0a7-5b27-496d-9f38-ab804a28e500(localhost/127.0.0.1). Reason : Ratis Transaction failure in datanode ef67b0a7-5b27-496d-9f38-ab804a28e500 with role LEADER .Triggering pipeline close action.
2025-10-20 19:51:54,405 | INFO  | SCMAudit | user=runner | ip=127.0.0.1 | op=SEND_HEARTBEAT {"datanodeUUID":"7bb0e7f0-2b36-4ec0-8a09-ceac75d91a36","term":"2","command":"[]"} | ret=SUCCESS |  
2025-10-20 19:51:54,406 | INFO  | SCMAudit | user=runner | ip=127.0.0.1 | op=SEND_HEARTBEAT {"datanodeUUID":"c90bff1f-5a1f-42c6-8fca-9533d718c79a","term":"2","command":"[]"} | ret=SUCCESS |  
2025-10-20 19:51:54,406 [EventQueue-PipelineActionsForPipelineActionHandler] INFO  pipeline.PipelineActionHandler (PipelineActionHandler.java:processPipelineAction(89)) - Received pipeline action CLOSE for Pipeline-ba8f49ac-c35b-4342-9840-c8b3a767d7cd from datanode c90bff1f-5a1f-42c6-8fca-9533d718c79a(localhost/127.0.0.1). Reason : Ratis Transaction failure in datanode c90bff1f-5a1f-42c6-8fca-9533d718c79a with role FOLLOWER .Triggering pipeline close action.
2025-10-20 19:51:54,424 | INFO  | SCMAudit | user=runner | ip=127.0.0.1 | op=SEND_HEARTBEAT {"datanodeUUID":"38991c48-ffb3-4453-b758-77d6b4ebc62b","term":"2","command":"[]"} | ret=SUCCESS |  
2025-10-20 19:51:54,424 | INFO  | SCMAudit | user=runner | ip=127.0.0.1 | op=SEND_HEARTBEAT {"datanodeUUID":"4f2bb3f5-0e03-4f1b-bb4c-79c91b98c7da","term":"2","command":"[]"} | ret=SUCCESS |  
2025-10-20 19:51:54,429 | INFO  | SCMAudit | user=runner | ip=127.0.0.1 | op=SEND_HEARTBEAT {"datanodeUUID":"e05592a5-d00f-4fc1-9e39-a968c1ecb04e","term":"2","command":"[]"} | ret=SUCCESS |  
2025-10-20 19:51:54,429 [EventQueue-PipelineActionsForPipelineActionHandler] INFO  pipeline.PipelineActionHandler (PipelineActionHandler.java:processPipelineAction(89)) - Received pipeline action CLOSE for Pipeline-0b8c5e6b-69eb-484b-887e-939de61e1e74 from datanode e05592a5-d00f-4fc1-9e39-a968c1ecb04e(localhost/127.0.0.1). Reason : Ratis Transaction failure in datanode e05592a5-d00f-4fc1-9e39-a968c1ecb04e with role FOLLOWER .Triggering pipeline close action.
2025-10-20 19:51:54,429 [EventQueue-PipelineActionsForPipelineActionHandler] INFO  pipeline.PipelineActionHandler (PipelineActionHandler.java:processPipelineAction(89)) - Received pipeline action CLOSE for Pipeline-aabd30cf-05b8-4e3b-b15e-1aa5f909702d from datanode e05592a5-d00f-4fc1-9e39-a968c1ecb04e(localhost/127.0.0.1). Reason : Ratis Transaction failure in datanode e05592a5-d00f-4fc1-9e39-a968c1ecb04e with role FOLLOWER .Triggering pipeline close action.
2025-10-20 19:51:54,431 | INFO  | SCMAudit | user=runner | ip=127.0.0.1 | op=SEND_HEARTBEAT {"datanodeUUID":"605be85e-a7f4-44d7-8cfd-f53001b990b0","term":"2","command":"[]"} | ret=SUCCESS |  
2025-10-20 19:51:54,435 | INFO  | SCMAudit | user=runner | ip=127.0.0.1 | op=SEND_HEARTBEAT {"datanodeUUID":"33f74daf-be7a-4306-b2af-53e409c4cb93","term":"2","command":"[]"} | ret=SUCCESS |  
2025-10-20 19:51:54,436 | INFO  | SCMAudit | user=runner | ip=127.0.0.1 | op=SEND_HEARTBEAT {"datanodeUUID":"af0e5da1-57af-45e9-9aca-fa0798d05628","term":"2","command":"[]"} | ret=SUCCESS |  
2025-10-20 19:51:54,436 [EventQueue-PipelineActionsForPipelineActionHandler] INFO  pipeline.PipelineActionHandler (PipelineActionHandler.java:processPipelineAction(89)) - Received pipeline action CLOSE for Pipeline-ba8f49ac-c35b-4342-9840-c8b3a767d7cd from datanode af0e5da1-57af-45e9-9aca-fa0798d05628(localhost/127.0.0.1). Reason : Ratis Transaction failure in datanode af0e5da1-57af-45e9-9aca-fa0798d05628 with role LEADER .Triggering pipeline close action.
2025-10-20 19:51:54,438 | INFO  | SCMAudit | user=runner | ip=127.0.0.1 | op=SEND_HEARTBEAT {"datanodeUUID":"cc7fbe85-1d98-437b-84f9-04213fee10f0","term":"2","command":"[]"} | ret=SUCCESS |  
2025-10-20 19:51:54,439 | INFO  | SCMAudit | user=runner | ip=127.0.0.1 | op=SEND_HEARTBEAT {"datanodeUUID":"d7d8cf72-b9f6-4979-9c53-007dd6e6e48a","term":"2","command":"[]"} | ret=SUCCESS |  
2025-10-20 19:51:54,444 | INFO  | SCMAudit | user=runner | ip=127.0.0.1 | op=SEND_HEARTBEAT {"datanodeUUID":"feb39a1c-80cb-4714-ab06-a361236e3029","term":"2","command":"[]"} | ret=SUCCESS |  
2025-10-20 19:51:54,475 [ForkJoinPool-1-worker-1] INFO  rpc.RpcClient (RpcClient.java:createVolume(461)) - Creating Volume: 0daa89d3-8878-4833-854e-bb9fbdd44ddb, with runner as owner and space quota set to -1 bytes, counts quota set to -1
2025-10-20 19:51:54,477 [om1-OMStateMachineApplyTransactionThread - 0] INFO  volume.OMVolumeCreateRequest (OMVolumeCreateRequest.java:validateAndUpdateCache(213)) - created volume:0daa89d3-8878-4833-854e-bb9fbdd44ddb for user:runner
2025-10-20 19:51:54,477 | INFO  | OMAudit | user=runner | ip=127.0.0.1 | op=CREATE_VOLUME {"admin":"runner","owner":"runner","volume":"0daa89d3-8878-4833-854e-bb9fbdd44ddb","creationTime":"1760989914476","modificationTime":"1760989914476","quotaInBytes":"-1","quotaInNamespace":"-1","usedNamespace":"0","objectID":"-9223372036854279168","updateID":"1940","Transaction":"1940"} | ret=SUCCESS |  
2025-10-20 19:51:54,479 | INFO  | OMAudit | user=runner | ip=127.0.0.1 | op=READ_VOLUME {"volume":"0daa89d3-8878-4833-854e-bb9fbdd44ddb"} | ret=SUCCESS |  
2025-10-20 19:51:54,479 [ForkJoinPool-1-worker-1] INFO  rpc.RpcClient (RpcClient.java:createBucket(686)) - Creating Bucket: 0daa89d3-8878-4833-854e-bb9fbdd44ddb/6c8dfe8a-31d6-4243-9846-74a912793b57, with server-side default bucket layout, runner as owner, Versioning false, Storage Type set to DISK and Encryption set to false, Replication Type set to server-side default replication type, Namespace Quota set to -1, Space Quota set to -1 
2025-10-20 19:51:54,481 [om1-OMStateMachineApplyTransactionThread - 0] INFO  bucket.OMBucketCreateRequest (OMBucketCreateRequest.java:validateAndUpdateCache(303)) - created bucket: 6c8dfe8a-31d6-4243-9846-74a912793b57 of layout FILE_SYSTEM_OPTIMIZED in volume: 0daa89d3-8878-4833-854e-bb9fbdd44ddb
2025-10-20 19:51:54,481 | INFO  | OMAudit | user=runner | ip=127.0.0.1 | op=CREATE_BUCKET {"volume":"0daa89d3-8878-4833-854e-bb9fbdd44ddb","bucket":"6c8dfe8a-31d6-4243-9846-74a912793b57","bucketLayout":"FILE_SYSTEM_OPTIMIZED","gdprEnabled":null,"acls":"[user:runner:a[ACCESS], group:runner:rl[ACCESS]]","isVersionEnabled":"false","storageType":"DISK","creationTime":"1760989914480","bucketEncryptionKey":null,"modificationTime":"1760989914480","usedBytes":"0","usedNamespace":"0","snapshotUsedBytes":"0","snapshotUsedNamespace":"0","owner":"runner","replicationType":null,"replicationConfig":null,"quotaInBytes":"-1","quotaInNamespace":"-1","Transaction":"1941"} | ret=SUCCESS |  
2025-10-20 19:51:54,482 | INFO  | OMAudit | user=runner | ip=127.0.0.1 | op=READ_BUCKET {"volume":"0daa89d3-8878-4833-854e-bb9fbdd44ddb","bucket":"6c8dfe8a-31d6-4243-9846-74a912793b57"} | ret=SUCCESS |  
2025-10-20 19:51:54,483 | INFO  | OMAudit | user=runner | ip=127.0.0.1 | op=INITIATE_MULTIPART_UPLOAD {"volume":"0daa89d3-8878-4833-854e-bb9fbdd44ddb","bucket":"6c8dfe8a-31d6-4243-9846-74a912793b57","key":"7f99bf05-b176-4199-bcdc-978e7bea82ef","dataSize":"0","replicationType":"RATIS","replicationFactor":"ONE","uploadID":"019a032d-a573-7464-b48b-8a91552aa8a4-115408235035558372","Transaction":"1942"} | ret=SUCCESS |  
2025-10-20 19:51:54,486 | INFO  | OMAudit | user=runner | ip=127.0.0.1 | op=ALLOCATE_KEY {"volume":"0daa89d3-8878-4833-854e-bb9fbdd44ddb","bucket":"6c8dfe8a-31d6-4243-9846-74a912793b57","key":"7f99bf05-b176-4199-bcdc-978e7bea82ef","dataSize":"20972020","Transaction":"1943"} | ret=SUCCESS |  
2025-10-20 19:51:54,493 | INFO  | SCMAudit | user=runner | ip=127.0.0.1 | op=ALLOCATE_BLOCK {"replication":"RATIS/ONE","owner":"omServiceIdDefault","size":"4194304","sampleBlocks":"[conID: 13 locID: 115816896921600534]","num":"1","client":"","allocated":"1"} | ret=SUCCESS |  
2025-10-20 19:51:54,494 | INFO  | OMAudit | user=runner | ip=127.0.0.1 | op=ALLOCATE_BLOCK {"volume":"0daa89d3-8878-4833-854e-bb9fbdd44ddb","bucket":"6c8dfe8a-31d6-4243-9846-74a912793b57","key":"7f99bf05-b176-4199-bcdc-978e7bea82ef","dataSize":"20972020","replicationType":"RATIS","replicationFactor":"ONE","clientID":"115408235035689445","Transaction":"1944"} | ret=SUCCESS |  
2025-10-20 19:51:54,509 | INFO  | SCMAudit | user=runner | ip=127.0.0.1 | op=ALLOCATE_BLOCK {"replication":"RATIS/ONE","owner":"omServiceIdDefault","size":"4194304","sampleBlocks":"[conID: 7 locID: 115816896921600535]","num":"1","client":"","allocated":"1"} | ret=SUCCESS |  
2025-10-20 19:51:54,511 | INFO  | OMAudit | user=runner | ip=127.0.0.1 | op=ALLOCATE_BLOCK {"volume":"0daa89d3-8878-4833-854e-bb9fbdd44ddb","bucket":"6c8dfe8a-31d6-4243-9846-74a912793b57","key":"7f99bf05-b176-4199-bcdc-978e7bea82ef","dataSize":"20972020","replicationType":"RATIS","replicationFactor":"ONE","clientID":"115408235035689445","Transaction":"1945"} | ret=SUCCESS |  
2025-10-20 19:51:54,523 | INFO  | SCMAudit | user=runner | ip=127.0.0.1 | op=ALLOCATE_BLOCK {"replication":"RATIS/ONE","owner":"omServiceIdDefault","size":"4194304","sampleBlocks":"[conID: 7 locID: 115816896921600536]","num":"1","client":"","allocated":"1"} | ret=SUCCESS |  
2025-10-20 19:51:54,525 | INFO  | OMAudit | user=runner | ip=127.0.0.1 | op=ALLOCATE_BLOCK {"volume":"0daa89d3-8878-4833-854e-bb9fbdd44ddb","bucket":"6c8dfe8a-31d6-4243-9846-74a912793b57","key":"7f99bf05-b176-4199-bcdc-978e7bea82ef","dataSize":"20972020","replicationType":"RATIS","replicationFactor":"ONE","clientID":"115408235035689445","Transaction":"1946"} | ret=SUCCESS |  
2025-10-20 19:51:54,539 | INFO  | SCMAudit | user=runner | ip=127.0.0.1 | op=ALLOCATE_BLOCK {"replication":"RATIS/ONE","owner":"omServiceIdDefault","size":"4194304","sampleBlocks":"[conID: 5 locID: 115816896921600537]","num":"1","client":"","allocated":"1"} | ret=SUCCESS |  
2025-10-20 19:51:54,540 | INFO  | OMAudit | user=runner | ip=127.0.0.1 | op=ALLOCATE_BLOCK {"volume":"0daa89d3-8878-4833-854e-bb9fbdd44ddb","bucket":"6c8dfe8a-31d6-4243-9846-74a912793b57","key":"7f99bf05-b176-4199-bcdc-978e7bea82ef","dataSize":"20972020","replicationType":"RATIS","replicationFactor":"ONE","clientID":"115408235035689445","Transaction":"1947"} | ret=SUCCESS |  
2025-10-20 19:51:54,560 | INFO  | SCMAudit | user=runner | ip=127.0.0.1 | op=ALLOCATE_BLOCK {"replication":"RATIS/ONE","owner":"omServiceIdDefault","size":"4194304","sampleBlocks":"[conID: 3 locID: 115816896921600538]","num":"1","client":"","allocated":"1"} | ret=SUCCESS |  
2025-10-20 19:51:54,562 | INFO  | OMAudit | user=runner | ip=127.0.0.1 | op=ALLOCATE_BLOCK {"volume":"0daa89d3-8878-4833-854e-bb9fbdd44ddb","bucket":"6c8dfe8a-31d6-4243-9846-74a912793b57","key":"7f99bf05-b176-4199-bcdc-978e7bea82ef","dataSize":"20972020","replicationType":"RATIS","replicationFactor":"ONE","clientID":"115408235035689445","Transaction":"1948"} | ret=SUCCESS |  
2025-10-20 19:51:54,576 | INFO  | SCMAudit | user=runner | ip=127.0.0.1 | op=ALLOCATE_BLOCK {"replication":"RATIS/ONE","owner":"omServiceIdDefault","size":"4194304","sampleBlocks":"[conID: 12 locID: 115816896921600539]","num":"1","client":"","allocated":"1"} | ret=SUCCESS |  
2025-10-20 19:51:54,578 | INFO  | OMAudit | user=runner | ip=127.0.0.1 | op=ALLOCATE_BLOCK {"volume":"0daa89d3-8878-4833-854e-bb9fbdd44ddb","bucket":"6c8dfe8a-31d6-4243-9846-74a912793b57","key":"7f99bf05-b176-4199-bcdc-978e7bea82ef","dataSize":"20972020","replicationType":"RATIS","replicationFactor":"ONE","clientID":"115408235035689445","Transaction":"1949"} | ret=SUCCESS |  
2025-10-20 19:51:54,618 | INFO  | OMAudit | user=runner | ip=127.0.0.1 | op=COMMIT_MULTIPART_UPLOAD_PARTKEY {"volume":"0daa89d3-8878-4833-854e-bb9fbdd44ddb","bucket":"6c8dfe8a-31d6-4243-9846-74a912793b57","key":"7f99bf05-b176-4199-bcdc-978e7bea82ef","dataSize":"20972020","ETag":"d0adda52b005f6a98ccf18b0e514e093","uploadID":"019a032d-a573-7464-b48b-8a91552aa8a4-115408235035558372","partNumber":"1","partName":"/0daa89d3-8878-4833-854e-bb9fbdd44ddb/6c8dfe8a-31d6-4243-9846-74a912793b57/7f99bf05-b176-4199-bcdc-978e7bea82ef-019a032d-a573-7464-b48b-8a91552aa8a4-115408235035558372-1","Transaction":"1950"} | ret=SUCCESS |  
2025-10-20 19:51:54,619 | INFO  | OMAudit | user=runner | ip=127.0.0.1 | op=READ_VOLUME {"volume":"0daa89d3-8878-4833-854e-bb9fbdd44ddb"} | ret=SUCCESS |  
2025-10-20 19:51:54,620 | INFO  | OMAudit | user=runner | ip=127.0.0.1 | op=READ_BUCKET {"volume":"0daa89d3-8878-4833-854e-bb9fbdd44ddb","bucket":"6c8dfe8a-31d6-4243-9846-74a912793b57"} | ret=SUCCESS |  
2025-10-20 19:51:54,622 [om1-OMStateMachineApplyTransactionThread - 0] DEBUG db.CodecBuffer (CodecBuffer.java:setCapacity(331)) - setCapacity: 4096 -> 4253, max=2147483647
2025-10-20 19:51:54,622 | INFO  | OMAudit | user=runner | ip=127.0.0.1 | op=ABORT_MULTIPART_UPLOAD {"volume":"0daa89d3-8878-4833-854e-bb9fbdd44ddb","bucket":"6c8dfe8a-31d6-4243-9846-74a912793b57","key":"7f99bf05-b176-4199-bcdc-978e7bea82ef","dataSize":"0","uploadID":"019a032d-a573-7464-b48b-8a91552aa8a4-115408235035558372","Transaction":"1951"} | ret=SUCCESS |  
2025-10-20 19:51:54,623 | INFO  | OMAudit | user=runner | ip=127.0.0.1 | op=READ_VOLUME {"volume":"0daa89d3-8878-4833-854e-bb9fbdd44ddb"} | ret=SUCCESS |  
2025-10-20 19:51:54,624 | INFO  | OMAudit | user=runner | ip=127.0.0.1 | op=READ_BUCKET {"volume":"0daa89d3-8878-4833-854e-bb9fbdd44ddb","bucket":"6c8dfe8a-31d6-4243-9846-74a912793b57"} | ret=SUCCESS |  
]]></system-out>
  </testcase>
  <testcase name="testValidateBlockLengthWithCommitKey" classname="org.apache.hadoop.ozone.client.rpc.TestSecureOzoneRpcClient" time="0.017">
    <system-out><![CDATA[2025-10-20 19:51:54,626 [ForkJoinPool-1-worker-1] INFO  rpc.RpcClient (RpcClient.java:createVolume(461)) - Creating Volume: baf29761-d67a-446a-b111-f2b74220e76c, with runner as owner and space quota set to -1 bytes, counts quota set to -1
2025-10-20 19:51:54,627 [om1-OMStateMachineApplyTransactionThread - 0] INFO  volume.OMVolumeCreateRequest (OMVolumeCreateRequest.java:validateAndUpdateCache(213)) - created volume:baf29761-d67a-446a-b111-f2b74220e76c for user:runner
2025-10-20 19:51:54,627 | INFO  | OMAudit | user=runner | ip=127.0.0.1 | op=CREATE_VOLUME {"admin":"runner","owner":"runner","volume":"baf29761-d67a-446a-b111-f2b74220e76c","creationTime":"1760989914627","modificationTime":"1760989914627","quotaInBytes":"-1","quotaInNamespace":"-1","usedNamespace":"0","objectID":"-9223372036854276096","updateID":"1952","Transaction":"1952"} | ret=SUCCESS |  
2025-10-20 19:51:54,629 | INFO  | OMAudit | user=runner | ip=127.0.0.1 | op=READ_VOLUME {"volume":"baf29761-d67a-446a-b111-f2b74220e76c"} | ret=SUCCESS |  
2025-10-20 19:51:54,629 [ForkJoinPool-1-worker-1] INFO  rpc.RpcClient (RpcClient.java:createBucket(686)) - Creating Bucket: baf29761-d67a-446a-b111-f2b74220e76c/9676dd19-5292-416c-a8aa-94c0ed569105, with server-side default bucket layout, runner as owner, Versioning false, Storage Type set to DISK and Encryption set to false, Replication Type set to server-side default replication type, Namespace Quota set to -1, Space Quota set to -1 
2025-10-20 19:51:54,630 [om1-OMStateMachineApplyTransactionThread - 0] INFO  bucket.OMBucketCreateRequest (OMBucketCreateRequest.java:validateAndUpdateCache(303)) - created bucket: 9676dd19-5292-416c-a8aa-94c0ed569105 of layout FILE_SYSTEM_OPTIMIZED in volume: baf29761-d67a-446a-b111-f2b74220e76c
2025-10-20 19:51:54,630 | INFO  | OMAudit | user=runner | ip=127.0.0.1 | op=CREATE_BUCKET {"volume":"baf29761-d67a-446a-b111-f2b74220e76c","bucket":"9676dd19-5292-416c-a8aa-94c0ed569105","bucketLayout":"FILE_SYSTEM_OPTIMIZED","gdprEnabled":null,"acls":"[user:runner:a[ACCESS], group:runner:rl[ACCESS]]","isVersionEnabled":"false","storageType":"DISK","creationTime":"1760989914630","bucketEncryptionKey":null,"modificationTime":"1760989914630","usedBytes":"0","usedNamespace":"0","snapshotUsedBytes":"0","snapshotUsedNamespace":"0","owner":"runner","replicationType":null,"replicationConfig":null,"quotaInBytes":"-1","quotaInNamespace":"-1","Transaction":"1953"} | ret=SUCCESS |  
2025-10-20 19:51:54,631 | INFO  | OMAudit | user=runner | ip=127.0.0.1 | op=READ_BUCKET {"volume":"baf29761-d67a-446a-b111-f2b74220e76c","bucket":"9676dd19-5292-416c-a8aa-94c0ed569105"} | ret=SUCCESS |  
2025-10-20 19:51:54,632 | INFO  | OMAudit | user=runner | ip=127.0.0.1 | op=READ_BUCKET {"volume":"baf29761-d67a-446a-b111-f2b74220e76c","bucket":"9676dd19-5292-416c-a8aa-94c0ed569105"} | ret=SUCCESS |  
2025-10-20 19:51:54,633 | INFO  | SCMAudit | user=runner | ip=127.0.0.1 | op=ALLOCATE_BLOCK {"replication":"RATIS/ONE","owner":"omServiceIdDefault","size":"4194304","sampleBlocks":"[conID: 11 locID: 115816896921600540]","num":"1","client":"","allocated":"1"} | ret=SUCCESS |  
2025-10-20 19:51:54,634 | INFO  | OMAudit | user=runner | ip=127.0.0.1 | op=ALLOCATE_KEY {"volume":"baf29761-d67a-446a-b111-f2b74220e76c","bucket":"9676dd19-5292-416c-a8aa-94c0ed569105","key":"40177854-71de-49eb-816c-52891e631d02","dataSize":"339","replicationType":"RATIS","replicationFactor":"ONE","Transaction":"1954"} | ret=SUCCESS |  
2025-10-20 19:51:54,639 | INFO  | OMAudit | user=runner | ip=127.0.0.1 | op=COMMIT_KEY {"volume":"baf29761-d67a-446a-b111-f2b74220e76c","bucket":"9676dd19-5292-416c-a8aa-94c0ed569105","key":"40177854-71de-49eb-816c-52891e631d02","dataSize":"339","replicationType":"RATIS","replicationFactor":"ONE","Transaction":"1955"} | ret=SUCCESS |  
2025-10-20 19:51:54,641 | INFO  | SCMAudit | user=runner | ip=127.0.0.1 | op=GET_CONTAINER_WITH_PIPELINE_BATCH {"containerIDs":"#11,"} | ret=SUCCESS |  
2025-10-20 19:51:54,641 | INFO  | OMAudit | user=null | ip= | op=READ_KEY {"volume":"baf29761-d67a-446a-b111-f2b74220e76c","bucket":"9676dd19-5292-416c-a8aa-94c0ed569105","key":"40177854-71de-49eb-816c-52891e631d02","owner":null,"dataSize":"0","replicationConfig":null} | ret=SUCCESS |  
]]></system-out>
  </testcase>
  <testcase name="testVolumeSetOwner" classname="org.apache.hadoop.ozone.client.rpc.TestSecureOzoneRpcClient" time="0.008">
    <system-out><![CDATA[2025-10-20 19:51:54,643 [ForkJoinPool-1-worker-1] INFO  rpc.RpcClient (RpcClient.java:createVolume(461)) - Creating Volume: 45b71f7a-6769-4c20-89a4-02e6abfa6512, with runner as owner and space quota set to -1 bytes, counts quota set to -1
2025-10-20 19:51:54,644 [om1-OMStateMachineApplyTransactionThread - 0] INFO  volume.OMVolumeCreateRequest (OMVolumeCreateRequest.java:validateAndUpdateCache(213)) - created volume:45b71f7a-6769-4c20-89a4-02e6abfa6512 for user:runner
2025-10-20 19:51:54,644 | INFO  | OMAudit | user=runner | ip=127.0.0.1 | op=CREATE_VOLUME {"admin":"runner","owner":"runner","volume":"45b71f7a-6769-4c20-89a4-02e6abfa6512","creationTime":"1760989914643","modificationTime":"1760989914643","quotaInBytes":"-1","quotaInNamespace":"-1","usedNamespace":"0","objectID":"-9223372036854275072","updateID":"1956","Transaction":"1956"} | ret=SUCCESS |  
2025-10-20 19:51:54,648 | INFO  | OMAudit | user=runner | ip=127.0.0.1 | op=SET_OWNER {"volume":"45b71f7a-6769-4c20-89a4-02e6abfa6512","owner":"someRandomUser1","Transaction":"1957"} | ret=SUCCESS |  
2025-10-20 19:51:54,649 [om1-OMStateMachineApplyTransactionThread - 0] WARN  volume.OMVolumeSetOwnerRequest (OMVolumeSetOwnerRequest.java:validateAndUpdateCache(131)) - Volume '45b71f7a-6769-4c20-89a4-02e6abfa6512' owner is already user 'someRandomUser1'.
]]></system-out>
  </testcase>
  <testcase name="testVolumeUsedNamespace" classname="org.apache.hadoop.ozone.client.rpc.TestSecureOzoneRpcClient" time="0.022">
    <system-out><![CDATA[2025-10-20 19:51:54,650 [ForkJoinPool-1-worker-1] INFO  rpc.RpcClient (RpcClient.java:createVolume(461)) - Creating Volume: 4bd1a4e0-ceec-4d93-860e-bb6e233b4d5f, with runner as owner and space quota set to -1 bytes, counts quota set to 1
2025-10-20 19:51:54,652 [om1-OMStateMachineApplyTransactionThread - 0] INFO  volume.OMVolumeCreateRequest (OMVolumeCreateRequest.java:validateAndUpdateCache(213)) - created volume:4bd1a4e0-ceec-4d93-860e-bb6e233b4d5f for user:runner
2025-10-20 19:51:54,652 | INFO  | OMAudit | user=runner | ip=127.0.0.1 | op=CREATE_VOLUME {"admin":"runner","owner":"runner","volume":"4bd1a4e0-ceec-4d93-860e-bb6e233b4d5f","creationTime":"1760989914651","modificationTime":"1760989914651","quotaInBytes":"-1","quotaInNamespace":"1","usedNamespace":"0","objectID":"-9223372036854274304","updateID":"1959","Transaction":"1959"} | ret=SUCCESS |  
2025-10-20 19:51:54,653 | INFO  | OMAudit | user=runner | ip=127.0.0.1 | op=READ_VOLUME {"volume":"4bd1a4e0-ceec-4d93-860e-bb6e233b4d5f"} | ret=SUCCESS |  
2025-10-20 19:51:54,653 [ForkJoinPool-1-worker-1] INFO  rpc.RpcClient (RpcClient.java:createBucket(686)) - Creating Bucket: 4bd1a4e0-ceec-4d93-860e-bb6e233b4d5f/c36739a0-a6ee-4318-a92d-45804fb438bf, with server-side default bucket layout, runner as owner, Versioning false, Storage Type set to DISK and Encryption set to false, Replication Type set to server-side default replication type, Namespace Quota set to -1, Space Quota set to -1 
2025-10-20 19:51:54,654 [om1-OMStateMachineApplyTransactionThread - 0] INFO  bucket.OMBucketCreateRequest (OMBucketCreateRequest.java:validateAndUpdateCache(303)) - created bucket: c36739a0-a6ee-4318-a92d-45804fb438bf of layout FILE_SYSTEM_OPTIMIZED in volume: 4bd1a4e0-ceec-4d93-860e-bb6e233b4d5f
2025-10-20 19:51:54,654 | INFO  | OMAudit | user=runner | ip=127.0.0.1 | op=CREATE_BUCKET {"volume":"4bd1a4e0-ceec-4d93-860e-bb6e233b4d5f","bucket":"c36739a0-a6ee-4318-a92d-45804fb438bf","bucketLayout":"FILE_SYSTEM_OPTIMIZED","gdprEnabled":null,"acls":"[user:runner:a[ACCESS], group:runner:rl[ACCESS]]","isVersionEnabled":"false","storageType":"DISK","creationTime":"1760989914654","bucketEncryptionKey":null,"modificationTime":"1760989914654","usedBytes":"0","usedNamespace":"0","snapshotUsedBytes":"0","snapshotUsedNamespace":"0","owner":"runner","replicationType":null,"replicationConfig":null,"quotaInBytes":"-1","quotaInNamespace":"-1","Transaction":"1960"} | ret=SUCCESS |  
2025-10-20 19:51:54,655 | INFO  | OMAudit | user=runner | ip=127.0.0.1 | op=READ_VOLUME {"volume":"4bd1a4e0-ceec-4d93-860e-bb6e233b4d5f"} | ret=SUCCESS |  
2025-10-20 19:51:54,656 [ForkJoinPool-1-worker-1] INFO  rpc.RpcClient (RpcClient.java:createBucket(686)) - Creating Bucket: 4bd1a4e0-ceec-4d93-860e-bb6e233b4d5f/8c5c3791-fdc8-45fb-9325-d2729eb70739, with server-side default bucket layout, runner as owner, Versioning false, Storage Type set to DISK and Encryption set to false, Replication Type set to server-side default replication type, Namespace Quota set to -1, Space Quota set to -1 
2025-10-20 19:51:54,657 [om1-OMStateMachineApplyTransactionThread - 0] ERROR bucket.OMBucketCreateRequest (OMBucketCreateRequest.java:validateAndUpdateCache(315)) - Bucket creation failed for bucket:8c5c3791-fdc8-45fb-9325-d2729eb70739 in volume:4bd1a4e0-ceec-4d93-860e-bb6e233b4d5f
QUOTA_EXCEEDED org.apache.hadoop.ozone.om.exceptions.OMException: The namespace quota of Volume:4bd1a4e0-ceec-4d93-860e-bb6e233b4d5f exceeded: quotaInNamespace: 1 but namespace consumed: 2.
	at org.apache.hadoop.ozone.om.request.bucket.OMBucketCreateRequest.checkQuotaInNamespace(OMBucketCreateRequest.java:361)
	at org.apache.hadoop.ozone.om.request.bucket.OMBucketCreateRequest.validateAndUpdateCache(OMBucketCreateRequest.java:263)
	at org.apache.hadoop.ozone.protocolPB.OzoneManagerRequestHandler.lambda$0(OzoneManagerRequestHandler.java:418)
	at org.apache.hadoop.ozone.util.MetricUtil.captureLatencyNs(MetricUtil.java:45)
	at org.apache.hadoop.ozone.protocolPB.OzoneManagerRequestHandler.handleWriteRequestImpl(OzoneManagerRequestHandler.java:416)
	at org.apache.hadoop.ozone.protocolPB.RequestHandler.handleWriteRequest(RequestHandler.java:62)
	at org.apache.hadoop.ozone.om.ratis.OzoneManagerStateMachine.runCommand(OzoneManagerStateMachine.java:599)
	at org.apache.hadoop.ozone.om.ratis.OzoneManagerStateMachine.lambda$3(OzoneManagerStateMachine.java:415)
	at java.base/java.util.concurrent.CompletableFuture$AsyncSupply.run(CompletableFuture.java:1768)
	at java.base/java.util.concurrent.ThreadPoolExecutor.runWorker(ThreadPoolExecutor.java:1144)
	at java.base/java.util.concurrent.ThreadPoolExecutor$Worker.run(ThreadPoolExecutor.java:642)
	at java.base/java.lang.Thread.run(Thread.java:1583)
2025-10-20 19:51:54,657 | ERROR | OMAudit | user=runner | ip=127.0.0.1 | op=CREATE_BUCKET {"volume":"4bd1a4e0-ceec-4d93-860e-bb6e233b4d5f","bucket":"8c5c3791-fdc8-45fb-9325-d2729eb70739","bucketLayout":"FILE_SYSTEM_OPTIMIZED","gdprEnabled":null,"acls":"[user:runner:a[ACCESS], group:runner:rl[ACCESS]]","isVersionEnabled":"false","storageType":"DISK","creationTime":"1760989914656","bucketEncryptionKey":null,"modificationTime":"1760989914656","usedBytes":"0","usedNamespace":"0","snapshotUsedBytes":"0","snapshotUsedNamespace":"0","owner":"runner","replicationType":null,"replicationConfig":null,"quotaInBytes":"-1","quotaInNamespace":"-1","Transaction":"1961"} | ret=FAILURE | 
org.apache.hadoop.ozone.om.exceptions.OMException: The namespace quota of Volume:4bd1a4e0-ceec-4d93-860e-bb6e233b4d5f exceeded: quotaInNamespace: 1 but namespace consumed: 2.
	at org.apache.hadoop.ozone.om.request.bucket.OMBucketCreateRequest.checkQuotaInNamespace(OMBucketCreateRequest.java:361)
	at org.apache.hadoop.ozone.om.request.bucket.OMBucketCreateRequest.validateAndUpdateCache(OMBucketCreateRequest.java:263)
 
2025-10-20 19:51:54,658 [ForkJoinPool-1-worker-1] INFO  rpc.RpcClient (RpcClient.java:createVolume(461)) - Creating Volume: 09dfb6e2-f8c2-41ae-b92d-44bdb2382e2b, with runner as owner and space quota set to -1 bytes, counts quota set to -1
2025-10-20 19:51:54,659 [om1-OMStateMachineApplyTransactionThread - 0] INFO  volume.OMVolumeCreateRequest (OMVolumeCreateRequest.java:validateAndUpdateCache(213)) - created volume:09dfb6e2-f8c2-41ae-b92d-44bdb2382e2b for user:runner
2025-10-20 19:51:54,659 | INFO  | OMAudit | user=runner | ip=127.0.0.1 | op=CREATE_VOLUME {"admin":"runner","owner":"runner","volume":"09dfb6e2-f8c2-41ae-b92d-44bdb2382e2b","creationTime":"1760989914659","modificationTime":"1760989914659","quotaInBytes":"-1","quotaInNamespace":"-1","usedNamespace":"0","objectID":"-9223372036854273536","updateID":"1962","Transaction":"1962"} | ret=SUCCESS |  
2025-10-20 19:51:54,660 | INFO  | OMAudit | user=runner | ip=127.0.0.1 | op=READ_VOLUME {"volume":"09dfb6e2-f8c2-41ae-b92d-44bdb2382e2b"} | ret=SUCCESS |  
2025-10-20 19:51:54,661 [ForkJoinPool-1-worker-1] INFO  rpc.RpcClient (RpcClient.java:createBucket(686)) - Creating Bucket: 09dfb6e2-f8c2-41ae-b92d-44bdb2382e2b/a7d2d20a-af8d-455d-9f9a-ff77eb186419, with server-side default bucket layout, runner as owner, Versioning false, Storage Type set to DISK and Encryption set to false, Replication Type set to server-side default replication type, Namespace Quota set to -1, Space Quota set to -1 
2025-10-20 19:51:54,662 [om1-OMStateMachineApplyTransactionThread - 0] INFO  bucket.OMBucketCreateRequest (OMBucketCreateRequest.java:validateAndUpdateCache(303)) - created bucket: a7d2d20a-af8d-455d-9f9a-ff77eb186419 of layout FILE_SYSTEM_OPTIMIZED in volume: 09dfb6e2-f8c2-41ae-b92d-44bdb2382e2b
2025-10-20 19:51:54,662 | INFO  | OMAudit | user=runner | ip=127.0.0.1 | op=CREATE_BUCKET {"volume":"09dfb6e2-f8c2-41ae-b92d-44bdb2382e2b","bucket":"a7d2d20a-af8d-455d-9f9a-ff77eb186419","bucketLayout":"FILE_SYSTEM_OPTIMIZED","gdprEnabled":null,"acls":"[user:runner:a[ACCESS], group:runner:rl[ACCESS], world:WORLD:rw[ACCESS]]","isVersionEnabled":"false","storageType":"DISK","creationTime":"1760989914662","bucketEncryptionKey":null,"modificationTime":"1760989914662","sourceVolume":"4bd1a4e0-ceec-4d93-860e-bb6e233b4d5f","sourceBucket":"c36739a0-a6ee-4318-a92d-45804fb438bf","usedBytes":"0","usedNamespace":"0","snapshotUsedBytes":"0","snapshotUsedNamespace":"0","owner":"runner","replicationType":null,"replicationConfig":null,"quotaInBytes":"-1","quotaInNamespace":"-1","Transaction":"1963"} | ret=SUCCESS |  
2025-10-20 19:51:54,664 | INFO  | OMAudit | user=runner | ip=127.0.0.1 | op=READ_VOLUME {"volume":"4bd1a4e0-ceec-4d93-860e-bb6e233b4d5f"} | ret=SUCCESS |  
2025-10-20 19:51:54,665 | INFO  | OMAudit | user=runner | ip=127.0.0.1 | op=READ_VOLUME {"volume":"4bd1a4e0-ceec-4d93-860e-bb6e233b4d5f"} | ret=SUCCESS |  
2025-10-20 19:51:54,666 | INFO  | OMAudit | user=runner | ip=127.0.0.1 | op=SET_QUOTA {"volume":"4bd1a4e0-ceec-4d93-860e-bb6e233b4d5f","quotaInBytes":"-1","Transaction":"1964"} | ret=SUCCESS |  
2025-10-20 19:51:54,667 | INFO  | OMAudit | user=runner | ip=127.0.0.1 | op=READ_VOLUME {"volume":"4bd1a4e0-ceec-4d93-860e-bb6e233b4d5f"} | ret=SUCCESS |  
2025-10-20 19:51:54,670 | INFO  | OMAudit | user=runner | ip=127.0.0.1 | op=DELETE_BUCKET {"volume":"4bd1a4e0-ceec-4d93-860e-bb6e233b4d5f","bucket":"c36739a0-a6ee-4318-a92d-45804fb438bf","Transaction":"1965"} | ret=SUCCESS |  
2025-10-20 19:51:54,671 | INFO  | OMAudit | user=runner | ip=127.0.0.1 | op=READ_VOLUME {"volume":"4bd1a4e0-ceec-4d93-860e-bb6e233b4d5f"} | ret=SUCCESS |  
]]></system-out>
  </testcase>
  <testcase name="testZReadKeyWithUnhealthyContainerReplica" classname="org.apache.hadoop.ozone.client.rpc.TestSecureOzoneRpcClient" time="0.0"/>
</testsuite>