<?xml version="1.0" encoding="UTF-8"?>
<testsuite xmlns:xsi="http://www.w3.org/2001/XMLSchema-instance" xsi:noNamespaceSchemaLocation="https://maven.apache.org/surefire/maven-surefire-plugin/xsd/surefire-test-report.xsd" name="org.apache.hadoop.ozone.client.rpc.TestBlockOutputStreamWithFailures" time="876.29" tests="8" errors="1" skipped="0" failures="0">
  <properties>
    <property name="awt.toolkit" value="sun.awt.X11.XToolkit"/>
    <property name="file.encoding.pkg" value="sun.io"/>
    <property name="java.specification.version" value="1.8"/>
    <property name="sun.cpu.isalist" value=""/>
    <property name="sun.jnu.encoding" value="UTF-8"/>
    <property name="java.class.path" value="/home/runner/work/ozone/ozone/hadoop-ozone/integration-test/target/test-classes:/home/runner/work/ozone/ozone/hadoop-ozone/integration-test/target/classes:/home/runner/.m2/repository/org/apache/ozone/ozone-common/1.2.0-SNAPSHOT/ozone-common-1.2.0-SNAPSHOT.jar:/home/runner/.m2/repository/org/apache/commons/commons-compress/1.20/commons-compress-1.20.jar:/home/runner/.m2/repository/org/apache/ozone/hdds-common/1.2.0-SNAPSHOT/hdds-common-1.2.0-SNAPSHOT.jar:/home/runner/.m2/repository/org/apache/ozone/hdds-client/1.2.0-SNAPSHOT/hdds-client-1.2.0-SNAPSHOT.jar:/home/runner/.m2/repository/org/apache/ozone/ozone-interface-client/1.2.0-SNAPSHOT/ozone-interface-client-1.2.0-SNAPSHOT.jar:/home/runner/.m2/repository/org/apache/ozone/hdds-server-framework/1.2.0-SNAPSHOT/hdds-server-framework-1.2.0-SNAPSHOT.jar:/home/runner/.m2/repository/org/apache/ozone/hdds-interface-server/1.2.0-SNAPSHOT/hdds-interface-server-1.2.0-SNAPSHOT.jar:/home/runner/.m2/repository/org/eclipse/jetty/jetty-servlet/9.4.43.v20210629/jetty-servlet-9.4.43.v20210629.jar:/home/runner/.m2/repository/org/eclipse/jetty/jetty-security/9.4.43.v20210629/jetty-security-9.4.43.v20210629.jar:/home/runner/.m2/repository/org/rocksdb/rocksdbjni/6.20.3/rocksdbjni-6.20.3.jar:/home/runner/.m2/repository/io/prometheus/simpleclient_dropwizard/0.7.0/simpleclient_dropwizard-0.7.0.jar:/home/runner/.m2/repository/io/prometheus/simpleclient/0.7.0/simpleclient-0.7.0.jar:/home/runner/.m2/repository/io/prometheus/simpleclient_common/0.7.0/simpleclient_common-0.7.0.jar:/home/runner/.m2/repository/com/fasterxml/jackson/datatype/jackson-datatype-jsr310/2.12.1/jackson-datatype-jsr310-2.12.1.jar:/home/runner/.m2/repository/org/apache/ozone/hdds-test-utils/1.2.0-SNAPSHOT/hdds-test-utils-1.2.0-SNAPSHOT.jar:/home/runner/.m2/repository/com/google/guava/guava/30.1.1-jre/guava-30.1.1-jre.jar:/home/runner/.m2/repository/com/google/guava/failureaccess/1.0.1/failureaccess-1.0.1.jar:/home/runner/.m2/repository/com/google/guava/listenablefuture/9999.0-empty-to-avoid-conflict-with-guava/listenablefuture-9999.0-empty-to-avoid-conflict-with-guava.jar:/home/runner/.m2/repository/com/google/code/findbugs/jsr305/3.0.0/jsr305-3.0.0.jar:/home/runner/.m2/repository/org/checkerframework/checker-qual/3.8.0/checker-qual-3.8.0.jar:/home/runner/.m2/repository/com/google/errorprone/error_prone_annotations/2.2.0/error_prone_annotations-2.2.0.jar:/home/runner/.m2/repository/com/google/j2objc/j2objc-annotations/1.3/j2objc-annotations-1.3.jar:/home/runner/.m2/repository/commons-io/commons-io/2.8.0/commons-io-2.8.0.jar:/home/runner/.m2/repository/commons-logging/commons-logging/1.2/commons-logging-1.2.jar:/home/runner/.m2/repository/log4j/log4j/1.2.17/log4j-1.2.17.jar:/home/runner/.m2/repository/org/slf4j/slf4j-api/1.7.30/slf4j-api-1.7.30.jar:/home/runner/.m2/repository/org/apache/ozone/hdds-server-scm/1.2.0-SNAPSHOT/hdds-server-scm-1.2.0-SNAPSHOT.jar:/home/runner/.m2/repository/org/apache/ozone/hdds-container-service/1.2.0-SNAPSHOT/hdds-container-service-1.2.0-SNAPSHOT.jar:/home/runner/.m2/repository/org/apache/ozone/hdds-hadoop-dependency-server/1.2.0-SNAPSHOT/hdds-hadoop-dependency-server-1.2.0-SNAPSHOT.jar:/home/runner/.m2/repository/org/apache/hadoop/hadoop-hdfs/3.3.1/hadoop-hdfs-3.3.1.jar:/home/runner/.m2/repository/io/dropwizard/metrics/metrics-core/3.2.4/metrics-core-3.2.4.jar:/home/runner/.m2/repository/org/apache/hadoop/hadoop-hdfs-client/3.3.1/hadoop-hdfs-client-3.3.1.jar:/home/runner/.m2/repository/org/bouncycastle/bcprov-jdk15on/1.67/bcprov-jdk15on-1.67.jar:/home/runner/.m2/repository/com/google/protobuf/protobuf-java/2.5.0/protobuf-java-2.5.0.jar:/home/runner/.m2/repository/org/apache/ozone/ozone-manager/1.2.0-SNAPSHOT/ozone-manager-1.2.0-SNAPSHOT.jar:/home/runner/.m2/repository/org/aspectj/aspectjrt/1.8.9/aspectjrt-1.8.9.jar:/home/runner/.m2/repository/org/aspectj/aspectjweaver/1.8.9/aspectjweaver-1.8.9.jar:/home/runner/.m2/repository/org/apache/ozone/hdds-interface-client/1.2.0-SNAPSHOT/hdds-interface-client-1.2.0-SNAPSHOT.jar:/home/runner/.m2/repository/org/apache/hadoop/thirdparty/hadoop-shaded-protobuf_3_7/1.1.1/hadoop-shaded-protobuf_3_7-1.1.1.jar:/home/runner/.m2/repository/org/apache/ozone/ozone-interface-storage/1.2.0-SNAPSHOT/ozone-interface-storage-1.2.0-SNAPSHOT.jar:/home/runner/.m2/repository/org/reflections/reflections/0.9.11/reflections-0.9.11.jar:/home/runner/.m2/repository/org/apache/hadoop/hadoop-minikdc/3.3.1/hadoop-minikdc-3.3.1.jar:/home/runner/.m2/repository/org/apache/kerby/kerb-simplekdc/1.0.1/kerb-simplekdc-1.0.1.jar:/home/runner/.m2/repository/org/apache/kerby/kerb-client/1.0.1/kerb-client-1.0.1.jar:/home/runner/.m2/repository/org/apache/kerby/kerby-config/1.0.1/kerby-config-1.0.1.jar:/home/runner/.m2/repository/org/apache/kerby/kerb-common/1.0.1/kerb-common-1.0.1.jar:/home/runner/.m2/repository/org/apache/kerby/kerb-crypto/1.0.1/kerb-crypto-1.0.1.jar:/home/runner/.m2/repository/org/apache/kerby/kerb-util/1.0.1/kerb-util-1.0.1.jar:/home/runner/.m2/repository/org/apache/kerby/token-provider/1.0.1/token-provider-1.0.1.jar:/home/runner/.m2/repository/org/apache/kerby/kerb-admin/1.0.1/kerb-admin-1.0.1.jar:/home/runner/.m2/repository/org/apache/kerby/kerb-server/1.0.1/kerb-server-1.0.1.jar:/home/runner/.m2/repository/org/apache/kerby/kerb-identity/1.0.1/kerb-identity-1.0.1.jar:/home/runner/.m2/repository/org/apache/kerby/kerby-xdr/1.0.1/kerby-xdr-1.0.1.jar:/home/runner/.m2/repository/org/slf4j/slf4j-log4j12/1.7.30/slf4j-log4j12-1.7.30.jar:/home/runner/.m2/repository/org/apache/ozone/ozone-s3gateway/1.2.0-SNAPSHOT/ozone-s3gateway-1.2.0-SNAPSHOT.jar:/home/runner/.m2/repository/org/javassist/javassist/3.21.0-GA/javassist-3.21.0-GA.jar:/home/runner/.m2/repository/org/jboss/weld/servlet/weld-servlet/2.4.7.Final/weld-servlet-2.4.7.Final.jar:/home/runner/.m2/repository/org/glassfish/jersey/containers/jersey-container-servlet-core/2.33/jersey-container-servlet-core-2.33.jar:/home/runner/.m2/repository/org/glassfish/hk2/external/jakarta.inject/2.6.1/jakarta.inject-2.6.1.jar:/home/runner/.m2/repository/org/glassfish/jersey/core/jersey-common/2.33/jersey-common-2.33.jar:/home/runner/.m2/repository/jakarta/ws/rs/jakarta.ws.rs-api/2.1.6/jakarta.ws.rs-api-2.1.6.jar:/home/runner/.m2/repository/org/glassfish/jersey/ext/cdi/jersey-cdi1x/2.33/jersey-cdi1x-2.33.jar:/home/runner/.m2/repository/org/glassfish/jersey/inject/jersey-hk2/2.33/jersey-hk2-2.33.jar:/home/runner/.m2/repository/org/glassfish/hk2/hk2-locator/2.6.1/hk2-locator-2.6.1.jar:/home/runner/.m2/repository/org/glassfish/jersey/media/jersey-media-jaxb/2.33/jersey-media-jaxb-2.33.jar:/home/runner/.m2/repository/org/glassfish/hk2/osgi-resource-locator/1.0.3/osgi-resource-locator-1.0.3.jar:/home/runner/.m2/repository/org/glassfish/hk2/hk2-api/2.5.0/hk2-api-2.5.0.jar:/home/runner/.m2/repository/org/glassfish/hk2/hk2-utils/2.5.0/hk2-utils-2.5.0.jar:/home/runner/.m2/repository/org/glassfish/hk2/external/aopalliance-repackaged/2.5.0/aopalliance-repackaged-2.5.0.jar:/home/runner/.m2/repository/com/fasterxml/jackson/dataformat/jackson-dataformat-xml/2.12.1/jackson-dataformat-xml-2.12.1.jar:/home/runner/.m2/repository/com/fasterxml/jackson/core/jackson-core/2.12.1/jackson-core-2.12.1.jar:/home/runner/.m2/repository/com/fasterxml/jackson/module/jackson-module-jaxb-annotations/2.12.1/jackson-module-jaxb-annotations-2.12.1.jar:/home/runner/.m2/repository/jakarta/xml/bind/jakarta.xml.bind-api/2.3.2/jakarta.xml.bind-api-2.3.2.jar:/home/runner/.m2/repository/org/codehaus/woodstox/stax2-api/3.1.4/stax2-api-3.1.4.jar:/home/runner/.m2/repository/com/fasterxml/woodstox/woodstox-core/5.0.3/woodstox-core-5.0.3.jar:/home/runner/.m2/repository/javax/enterprise/cdi-api/1.2/cdi-api-1.2.jar:/home/runner/.m2/repository/javax/el/javax.el-api/3.0.0/javax.el-api-3.0.0.jar:/home/runner/.m2/repository/javax/interceptor/javax.interceptor-api/1.2/javax.interceptor-api-1.2.jar:/home/runner/.m2/repository/javax/inject/javax.inject/1/javax.inject-1.jar:/home/runner/.m2/repository/javax/xml/bind/jaxb-api/2.3.0/jaxb-api-2.3.0.jar:/home/runner/.m2/repository/org/glassfish/jaxb/jaxb-runtime/2.3.0.1/jaxb-runtime-2.3.0.1.jar:/home/runner/.m2/repository/org/glassfish/jaxb/jaxb-core/2.3.0.1/jaxb-core-2.3.0.1.jar:/home/runner/.m2/repository/org/glassfish/jaxb/txw2/2.3.0.1/txw2-2.3.0.1.jar:/home/runner/.m2/repository/com/sun/istack/istack-commons-runtime/3.0.5/istack-commons-runtime-3.0.5.jar:/home/runner/.m2/repository/org/jvnet/staxex/stax-ex/1.7.8/stax-ex-1.7.8.jar:/home/runner/.m2/repository/com/sun/xml/fastinfoset/FastInfoset/1.2.13/FastInfoset-1.2.13.jar:/home/runner/.m2/repository/javax/activation/activation/1.1.1/activation-1.1.1.jar:/home/runner/.m2/repository/org/apache/ozone/ozone-csi/1.2.0-SNAPSHOT/ozone-csi-1.2.0-SNAPSHOT.jar:/home/runner/.m2/repository/com/google/protobuf/protobuf-java-util/3.12.0/protobuf-java-util-3.12.0.jar:/home/runner/.m2/repository/com/google/code/gson/gson/2.2.4/gson-2.2.4.jar:/home/runner/.m2/repository/org/apache/ozone/hdds-config/1.2.0-SNAPSHOT/hdds-config-1.2.0-SNAPSHOT.jar:/home/runner/.m2/repository/io/grpc/grpc-netty/1.33.0/grpc-netty-1.33.0.jar:/home/runner/.m2/repository/io/grpc/grpc-core/1.33.0/grpc-core-1.33.0.jar:/home/runner/.m2/repository/com/google/android/annotations/4.1.1.4/annotations-4.1.1.4.jar:/home/runner/.m2/repository/io/netty/netty-codec-http2/4.1.63.Final/netty-codec-http2-4.1.63.Final.jar:/home/runner/.m2/repository/io/netty/netty-codec-http/4.1.63.Final/netty-codec-http-4.1.63.Final.jar:/home/runner/.m2/repository/io/netty/netty-handler-proxy/4.1.63.Final/netty-handler-proxy-4.1.63.Final.jar:/home/runner/.m2/repository/io/netty/netty-codec-socks/4.1.63.Final/netty-codec-socks-4.1.63.Final.jar:/home/runner/.m2/repository/io/perfmark/perfmark-api/0.19.0/perfmark-api-0.19.0.jar:/home/runner/.m2/repository/org/codehaus/mojo/animal-sniffer-annotations/1.18/animal-sniffer-annotations-1.18.jar:/home/runner/.m2/repository/io/netty/netty-transport-native-epoll/4.1.63.Final/netty-transport-native-epoll-4.1.63.Final.jar:/home/runner/.m2/repository/io/netty/netty-common/4.1.63.Final/netty-common-4.1.63.Final.jar:/home/runner/.m2/repository/io/netty/netty-buffer/4.1.63.Final/netty-buffer-4.1.63.Final.jar:/home/runner/.m2/repository/io/netty/netty-transport-native-unix-common/4.1.63.Final/netty-transport-native-unix-common-4.1.63.Final.jar:/home/runner/.m2/repository/io/grpc/grpc-protobuf/1.33.0/grpc-protobuf-1.33.0.jar:/home/runner/.m2/repository/io/grpc/grpc-api/1.33.0/grpc-api-1.33.0.jar:/home/runner/.m2/repository/io/grpc/grpc-context/1.33.0/grpc-context-1.33.0.jar:/home/runner/.m2/repository/com/google/api/grpc/proto-google-common-protos/1.17.0/proto-google-common-protos-1.17.0.jar:/home/runner/.m2/repository/io/grpc/grpc-protobuf-lite/1.33.0/grpc-protobuf-lite-1.33.0.jar:/home/runner/.m2/repository/io/grpc/grpc-stub/1.33.0/grpc-stub-1.33.0.jar:/home/runner/.m2/repository/org/apache/ozone/ozone-recon/1.2.0-SNAPSHOT/ozone-recon-1.2.0-SNAPSHOT.jar:/home/runner/.m2/repository/org/apache/ozone/ozone-reconcodegen/1.2.0-SNAPSHOT/ozone-reconcodegen-1.2.0-SNAPSHOT.jar:/home/runner/.m2/repository/com/google/inject/extensions/guice-multibindings/4.0/guice-multibindings-4.0.jar:/home/runner/.m2/repository/com/google/inject/guice/4.0/guice-4.0.jar:/home/runner/.m2/repository/aopalliance/aopalliance/1.0/aopalliance-1.0.jar:/home/runner/.m2/repository/com/google/inject/extensions/guice-assistedinject/4.0/guice-assistedinject-4.0.jar:/home/runner/.m2/repository/com/google/inject/extensions/guice-servlet/4.0/guice-servlet-4.0.jar:/home/runner/.m2/repository/org/glassfish/jersey/containers/jersey-container-servlet/2.33/jersey-container-servlet-2.33.jar:/home/runner/.m2/repository/org/glassfish/hk2/guice-bridge/2.5.0/guice-bridge-2.5.0.jar:/home/runner/.m2/repository/org/glassfish/jersey/core/jersey-server/2.33/jersey-server-2.33.jar:/home/runner/.m2/repository/org/glassfish/jersey/core/jersey-client/2.33/jersey-client-2.33.jar:/home/runner/.m2/repository/jakarta/annotation/jakarta.annotation-api/1.3.5/jakarta.annotation-api-1.3.5.jar:/home/runner/.m2/repository/jakarta/validation/jakarta.validation-api/2.0.2/jakarta.validation-api-2.0.2.jar:/home/runner/.m2/repository/org/glassfish/jersey/media/jersey-media-json-jackson/2.33/jersey-media-json-jackson-2.33.jar:/home/runner/.m2/repository/org/glassfish/jersey/ext/jersey-entity-filtering/2.33/jersey-entity-filtering-2.33.jar:/home/runner/.m2/repository/org/jooq/jooq/3.11.10/jooq-3.11.10.jar:/home/runner/.m2/repository/org/jooq/jooq-meta/3.11.10/jooq-meta-3.11.10.jar:/home/runner/.m2/repository/org/jooq/jooq-codegen/3.11.10/jooq-codegen-3.11.10.jar:/home/runner/.m2/repository/com/jolbox/bonecp/0.8.0.RELEASE/bonecp-0.8.0.RELEASE.jar:/home/runner/.m2/repository/org/apache/derby/derby/10.14.2.0/derby-10.14.2.0.jar:/home/runner/.m2/repository/org/xerial/sqlite-jdbc/3.25.2/sqlite-jdbc-3.25.2.jar:/home/runner/.m2/repository/org/springframework/spring-jdbc/5.2.11.RELEASE/spring-jdbc-5.2.11.RELEASE.jar:/home/runner/.m2/repository/org/springframework/spring-beans/5.2.11.RELEASE/spring-beans-5.2.11.RELEASE.jar:/home/runner/.m2/repository/org/springframework/spring-core/5.2.11.RELEASE/spring-core-5.2.11.RELEASE.jar:/home/runner/.m2/repository/org/springframework/spring-jcl/5.2.11.RELEASE/spring-jcl-5.2.11.RELEASE.jar:/home/runner/.m2/repository/org/springframework/spring-tx/5.2.11.RELEASE/spring-tx-5.2.11.RELEASE.jar:/home/runner/.m2/repository/org/apache/ozone/ozone-client/1.2.0-SNAPSHOT/ozone-client-1.2.0-SNAPSHOT.jar:/home/runner/.m2/repository/org/apache/ozone/ozone-filesystem/1.2.0-SNAPSHOT/ozone-filesystem-1.2.0-SNAPSHOT.jar:/home/runner/.m2/repository/org/apache/ozone/ozone-filesystem-common/1.2.0-SNAPSHOT/ozone-filesystem-common-1.2.0-SNAPSHOT.jar:/home/runner/.m2/repository/org/apache/ozone/ozone-tools/1.2.0-SNAPSHOT/ozone-tools-1.2.0-SNAPSHOT.jar:/home/runner/.m2/repository/org/apache/ratis/ratis-tools/2.1.0-03f3b68-SNAPSHOT/ratis-tools-2.1.0-03f3b68-SNAPSHOT.jar:/home/runner/.m2/repository/com/amazonaws/aws-java-sdk-core/1.11.901/aws-java-sdk-core-1.11.901.jar:/home/runner/.m2/repository/org/apache/httpcomponents/httpclient/4.5.13/httpclient-4.5.13.jar:/home/runner/.m2/repository/org/apache/httpcomponents/httpcore/4.4.13/httpcore-4.4.13.jar:/home/runner/.m2/repository/software/amazon/ion/ion-java/1.0.2/ion-java-1.0.2.jar:/home/runner/.m2/repository/com/fasterxml/jackson/dataformat/jackson-dataformat-cbor/2.12.1/jackson-dataformat-cbor-2.12.1.jar:/home/runner/.m2/repository/joda-time/joda-time/2.8.1/joda-time-2.8.1.jar:/home/runner/.m2/repository/com/amazonaws/aws-java-sdk-s3/1.11.901/aws-java-sdk-s3-1.11.901.jar:/home/runner/.m2/repository/com/amazonaws/aws-java-sdk-kms/1.11.901/aws-java-sdk-kms-1.11.901.jar:/home/runner/.m2/repository/com/amazonaws/jmespath-java/1.11.901/jmespath-java-1.11.901.jar:/home/runner/.m2/repository/org/kohsuke/metainf-services/metainf-services/1.8/metainf-services-1.8.jar:/home/runner/.m2/repository/org/apache/ozone/hdds-tools/1.2.0-SNAPSHOT/hdds-tools-1.2.0-SNAPSHOT.jar:/home/runner/.m2/repository/commons-cli/commons-cli/1.2/commons-cli-1.2.jar:/home/runner/.m2/repository/org/apache/commons/commons-lang3/3.7/commons-lang3-3.7.jar:/home/runner/.m2/repository/org/apache/ozone/ozone-manager/1.2.0-SNAPSHOT/ozone-manager-1.2.0-SNAPSHOT-tests.jar:/home/runner/.m2/repository/org/apache/ozone/hdds-common/1.2.0-SNAPSHOT/hdds-common-1.2.0-SNAPSHOT-tests.jar:/home/runner/.m2/repository/org/apache/ozone/hdds-hadoop-dependency-client/1.2.0-SNAPSHOT/hdds-hadoop-dependency-client-1.2.0-SNAPSHOT.jar:/home/runner/.m2/repository/info/picocli/picocli/4.4.0/picocli-4.4.0.jar:/home/runner/.m2/repository/com/fasterxml/jackson/core/jackson-annotations/2.12.1/jackson-annotations-2.12.1.jar:/home/runner/.m2/repository/javax/annotation/javax.annotation-api/1.2/javax.annotation-api-1.2.jar:/home/runner/.m2/repository/org/apache/ratis/ratis-server/2.1.0-03f3b68-SNAPSHOT/ratis-server-2.1.0-03f3b68-SNAPSHOT.jar:/home/runner/.m2/repository/org/apache/ratis/ratis-client/2.1.0-03f3b68-SNAPSHOT/ratis-client-2.1.0-03f3b68-SNAPSHOT.jar:/home/runner/.m2/repository/org/apache/ratis/ratis-server-api/2.1.0-03f3b68-SNAPSHOT/ratis-server-api-2.1.0-03f3b68-SNAPSHOT.jar:/home/runner/.m2/repository/org/apache/ratis/ratis-metrics/2.1.0-03f3b68-SNAPSHOT/ratis-metrics-2.1.0-03f3b68-SNAPSHOT.jar:/home/runner/.m2/repository/org/apache/ratis/ratis-netty/2.1.0-03f3b68-SNAPSHOT/ratis-netty-2.1.0-03f3b68-SNAPSHOT.jar:/home/runner/.m2/repository/org/apache/ratis/ratis-grpc/2.1.0-03f3b68-SNAPSHOT/ratis-grpc-2.1.0-03f3b68-SNAPSHOT.jar:/home/runner/.m2/repository/org/apache/logging/log4j/log4j-api/2.13.3/log4j-api-2.13.3.jar:/home/runner/.m2/repository/org/apache/logging/log4j/log4j-core/2.13.3/log4j-core-2.13.3.jar:/home/runner/.m2/repository/com/lmax/disruptor/3.4.2/disruptor-3.4.2.jar:/home/runner/.m2/repository/org/apache/commons/commons-pool2/2.6.0/commons-pool2-2.6.0.jar:/home/runner/.m2/repository/org/bouncycastle/bcpkix-jdk15on/1.67/bcpkix-jdk15on-1.67.jar:/home/runner/.m2/repository/commons-validator/commons-validator/1.6/commons-validator-1.6.jar:/home/runner/.m2/repository/commons-beanutils/commons-beanutils/1.9.4/commons-beanutils-1.9.4.jar:/home/runner/.m2/repository/commons-digester/commons-digester/1.8.1/commons-digester-1.8.1.jar:/home/runner/.m2/repository/commons-collections/commons-collections/3.2.2/commons-collections-3.2.2.jar:/home/runner/.m2/repository/io/jaegertracing/jaeger-client/1.6.0/jaeger-client-1.6.0.jar:/home/runner/.m2/repository/io/jaegertracing/jaeger-thrift/1.6.0/jaeger-thrift-1.6.0.jar:/home/runner/.m2/repository/org/apache/thrift/libthrift/0.14.1/libthrift-0.14.1.jar:/home/runner/.m2/repository/com/squareup/okhttp3/okhttp/4.9.0/okhttp-4.9.0.jar:/home/runner/.m2/repository/com/squareup/okio/okio/2.8.0/okio-2.8.0.jar:/home/runner/.m2/repository/io/jaegertracing/jaeger-core/1.6.0/jaeger-core-1.6.0.jar:/home/runner/.m2/repository/io/jaegertracing/jaeger-tracerresolver/1.6.0/jaeger-tracerresolver-1.6.0.jar:/home/runner/.m2/repository/io/opentracing/contrib/opentracing-tracerresolver/0.1.8/opentracing-tracerresolver-0.1.8.jar:/home/runner/.m2/repository/org/jetbrains/kotlin/kotlin-stdlib/1.4.31/kotlin-stdlib-1.4.31.jar:/home/runner/.m2/repository/org/jetbrains/kotlin/kotlin-stdlib-common/1.4.31/kotlin-stdlib-common-1.4.31.jar:/home/runner/.m2/repository/org/jetbrains/annotations/13.0/annotations-13.0.jar:/home/runner/.m2/repository/io/opentracing/opentracing-util/0.33.0/opentracing-util-0.33.0.jar:/home/runner/.m2/repository/io/opentracing/opentracing-api/0.33.0/opentracing-api-0.33.0.jar:/home/runner/.m2/repository/io/opentracing/opentracing-noop/0.33.0/opentracing-noop-0.33.0.jar:/home/runner/.m2/repository/org/yaml/snakeyaml/1.26/snakeyaml-1.26.jar:/home/runner/.m2/repository/org/apache/ozone/hdds-interface-admin/1.2.0-SNAPSHOT/hdds-interface-admin-1.2.0-SNAPSHOT.jar:/home/runner/.m2/repository/junit/junit/4.13.1/junit-4.13.1.jar:/home/runner/.m2/repository/org/hamcrest/hamcrest-core/1.3/hamcrest-core-1.3.jar:/home/runner/.m2/repository/org/junit/jupiter/junit-jupiter-api/5.7.0/junit-jupiter-api-5.7.0.jar:/home/runner/.m2/repository/org/apiguardian/apiguardian-api/1.1.0/apiguardian-api-1.1.0.jar:/home/runner/.m2/repository/org/opentest4j/opentest4j/1.2.0/opentest4j-1.2.0.jar:/home/runner/.m2/repository/org/junit/platform/junit-platform-commons/1.7.0/junit-platform-commons-1.7.0.jar:/home/runner/.m2/repository/org/junit/jupiter/junit-jupiter-engine/5.7.0/junit-jupiter-engine-5.7.0.jar:/home/runner/.m2/repository/org/junit/platform/junit-platform-engine/1.7.0/junit-platform-engine-1.7.0.jar:/home/runner/.m2/repository/org/junit/vintage/junit-vintage-engine/5.7.0/junit-vintage-engine-5.7.0.jar:/home/runner/.m2/repository/org/junit/platform/junit-platform-launcher/1.7.0/junit-platform-launcher-1.7.0.jar:/home/runner/.m2/repository/org/openjdk/jmh/jmh-core/1.19/jmh-core-1.19.jar:/home/runner/.m2/repository/net/sf/jopt-simple/jopt-simple/4.6/jopt-simple-4.6.jar:/home/runner/.m2/repository/org/apache/commons/commons-math3/3.1.1/commons-math3-3.1.1.jar:/home/runner/.m2/repository/org/openjdk/jmh/jmh-generator-annprocess/1.19/jmh-generator-annprocess-1.19.jar:/home/runner/.m2/repository/org/mockito/mockito-core/2.28.2/mockito-core-2.28.2.jar:/home/runner/.m2/repository/net/bytebuddy/byte-buddy/1.9.10/byte-buddy-1.9.10.jar:/home/runner/.m2/repository/net/bytebuddy/byte-buddy-agent/1.9.10/byte-buddy-agent-1.9.10.jar:/home/runner/.m2/repository/org/objenesis/objenesis/1.0/objenesis-1.0.jar:/home/runner/.m2/repository/org/apache/hadoop/hadoop-kms/3.3.1/hadoop-kms-3.3.1.jar:/home/runner/.m2/repository/org/apache/hadoop/hadoop-auth/3.3.1/hadoop-auth-3.3.1.jar:/home/runner/.m2/repository/com/nimbusds/nimbus-jose-jwt/7.9/nimbus-jose-jwt-7.9.jar:/home/runner/.m2/repository/com/github/stephenc/jcip/jcip-annotations/1.0-1/jcip-annotations-1.0-1.jar:/home/runner/.m2/repository/net/minidev/json-smart/2.3/json-smart-2.3.jar:/home/runner/.m2/repository/net/minidev/accessors-smart/1.2/accessors-smart-1.2.jar:/home/runner/.m2/repository/org/ow2/asm/asm/5.0.4/asm-5.0.4.jar:/home/runner/.m2/repository/org/apache/zookeeper/zookeeper/3.5.6/zookeeper-3.5.6.jar:/home/runner/.m2/repository/org/apache/zookeeper/zookeeper-jute/3.5.6/zookeeper-jute-3.5.6.jar:/home/runner/.m2/repository/org/apache/yetus/audience-annotations/0.5.0/audience-annotations-0.5.0.jar:/home/runner/.m2/repository/org/apache/curator/curator-framework/4.2.0/curator-framework-4.2.0.jar:/home/runner/.m2/repository/org/apache/hadoop/thirdparty/hadoop-shaded-guava/1.1.1/hadoop-shaded-guava-1.1.1.jar:/home/runner/.m2/repository/com/sun/jersey/jersey-core/1.19/jersey-core-1.19.jar:/home/runner/.m2/repository/javax/ws/rs/jsr311-api/1.1.1/jsr311-api-1.1.1.jar:/home/runner/.m2/repository/com/sun/jersey/jersey-server/1.19/jersey-server-1.19.jar:/home/runner/.m2/repository/javax/servlet/javax.servlet-api/3.1.0/javax.servlet-api-3.1.0.jar:/home/runner/.m2/repository/org/eclipse/jetty/jetty-server/9.4.43.v20210629/jetty-server-9.4.43.v20210629.jar:/home/runner/.m2/repository/org/eclipse/jetty/jetty-http/9.4.43.v20210629/jetty-http-9.4.43.v20210629.jar:/home/runner/.m2/repository/org/eclipse/jetty/jetty-io/9.4.43.v20210629/jetty-io-9.4.43.v20210629.jar:/home/runner/.m2/repository/org/eclipse/jetty/jetty-webapp/9.4.43.v20210629/jetty-webapp-9.4.43.v20210629.jar:/home/runner/.m2/repository/org/eclipse/jetty/jetty-xml/9.4.43.v20210629/jetty-xml-9.4.43.v20210629.jar:/home/runner/.m2/repository/org/apache/hadoop/hadoop-common/3.3.1/hadoop-common-3.3.1.jar:/home/runner/.m2/repository/commons-net/commons-net/3.6/commons-net-3.6.jar:/home/runner/.m2/repository/jakarta/activation/jakarta.activation-api/1.2.1/jakarta.activation-api-1.2.1.jar:/home/runner/.m2/repository/com/sun/jersey/jersey-servlet/1.19/jersey-servlet-1.19.jar:/home/runner/.m2/repository/com/sun/jersey/jersey-json/1.19/jersey-json-1.19.jar:/home/runner/.m2/repository/org/codehaus/jettison/jettison/1.1/jettison-1.1.jar:/home/runner/.m2/repository/com/sun/xml/bind/jaxb-impl/2.2.3-1/jaxb-impl-2.2.3-1.jar:/home/runner/.m2/repository/org/codehaus/jackson/jackson-jaxrs/1.9.2/jackson-jaxrs-1.9.2.jar:/home/runner/.m2/repository/org/codehaus/jackson/jackson-xc/1.9.2/jackson-xc-1.9.2.jar:/home/runner/.m2/repository/org/apache/commons/commons-configuration2/2.1.1/commons-configuration2-2.1.1.jar:/home/runner/.m2/repository/org/apache/commons/commons-text/1.4/commons-text-1.4.jar:/home/runner/.m2/repository/com/google/re2j/re2j/1.1/re2j-1.1.jar:/home/runner/.m2/repository/com/jcraft/jsch/0.1.54/jsch-0.1.54.jar:/home/runner/.m2/repository/org/apache/curator/curator-client/4.2.0/curator-client-4.2.0.jar:/home/runner/.m2/repository/org/apache/curator/curator-recipes/4.2.0/curator-recipes-4.2.0.jar:/home/runner/.m2/repository/org/apache/kerby/kerb-core/1.0.1/kerb-core-1.0.1.jar:/home/runner/.m2/repository/org/apache/kerby/kerby-pkix/1.0.1/kerby-pkix-1.0.1.jar:/home/runner/.m2/repository/org/apache/kerby/kerby-asn1/1.0.1/kerby-asn1-1.0.1.jar:/home/runner/.m2/repository/org/apache/kerby/kerby-util/1.0.1/kerby-util-1.0.1.jar:/home/runner/.m2/repository/dnsjava/dnsjava/2.1.7/dnsjava-2.1.7.jar:/home/runner/.m2/repository/org/xerial/snappy/snappy-java/1.1.8.2/snappy-java-1.1.8.2.jar:/home/runner/.m2/repository/org/slf4j/jul-to-slf4j/1.7.30/jul-to-slf4j-1.7.30.jar:/home/runner/.m2/repository/org/eclipse/jetty/jetty-util/9.4.43.v20210629/jetty-util-9.4.43.v20210629.jar:/home/runner/.m2/repository/com/fasterxml/jackson/core/jackson-databind/2.12.1/jackson-databind-2.12.1.jar:/home/runner/.m2/repository/org/apache/hadoop/hadoop-kms/3.3.1/hadoop-kms-3.3.1-tests.jar:/home/runner/.m2/repository/org/apache/ozone/hdds-server-scm/1.2.0-SNAPSHOT/hdds-server-scm-1.2.0-SNAPSHOT-tests.jar:/home/runner/.m2/repository/org/apache/ozone/hdds-container-service/1.2.0-SNAPSHOT/hdds-container-service-1.2.0-SNAPSHOT-tests.jar:/home/runner/.m2/repository/commons-codec/commons-codec/1.11/commons-codec-1.11.jar:/home/runner/.m2/repository/io/netty/netty-transport/4.1.63.Final/netty-transport-4.1.63.Final.jar:/home/runner/.m2/repository/io/netty/netty-resolver/4.1.63.Final/netty-resolver-4.1.63.Final.jar:/home/runner/.m2/repository/io/netty/netty-codec/4.1.63.Final/netty-codec-4.1.63.Final.jar:/home/runner/.m2/repository/io/netty/netty-handler/4.1.63.Final/netty-handler-4.1.63.Final.jar:/home/runner/.m2/repository/org/apache/ozone/hdds-hadoop-dependency-test/1.2.0-SNAPSHOT/hdds-hadoop-dependency-test-1.2.0-SNAPSHOT.jar:/home/runner/.m2/repository/org/apache/hadoop/hadoop-common/3.3.1/hadoop-common-3.3.1-tests.jar:/home/runner/.m2/repository/org/assertj/assertj-core/3.12.2/assertj-core-3.12.2.jar:/home/runner/.m2/repository/org/apache/hadoop/hadoop-hdfs/3.3.1/hadoop-hdfs-3.3.1-tests.jar:/home/runner/.m2/repository/org/eclipse/jetty/jetty-util-ajax/9.4.43.v20210629/jetty-util-ajax-9.4.43.v20210629.jar:/home/runner/.m2/repository/commons-daemon/commons-daemon/1.0.13/commons-daemon-1.0.13.jar:/home/runner/.m2/repository/io/netty/netty/3.10.6.Final/netty-3.10.6.Final.jar:/home/runner/.m2/repository/io/netty/netty-all/4.1.63.Final/netty-all-4.1.63.Final.jar:/home/runner/.m2/repository/org/apache/htrace/htrace-core4/4.1.0-incubating/htrace-core4-4.1.0-incubating.jar:/home/runner/.m2/repository/org/fusesource/leveldbjni/leveldbjni-all/1.8/leveldbjni-all-1.8.jar:/home/runner/.m2/repository/org/apache/hadoop/hadoop-distcp/3.3.1/hadoop-distcp-3.3.1.jar:/home/runner/.m2/repository/org/apache/hadoop/hadoop-mapreduce-client-jobclient/3.3.1/hadoop-mapreduce-client-jobclient-3.3.1.jar:/home/runner/.m2/repository/org/apache/hadoop/hadoop-mapreduce-client-common/3.3.1/hadoop-mapreduce-client-common-3.3.1.jar:/home/runner/.m2/repository/org/apache/hadoop/hadoop-yarn-common/3.3.1/hadoop-yarn-common-3.3.1.jar:/home/runner/.m2/repository/org/apache/hadoop/hadoop-yarn-api/3.3.1/hadoop-yarn-api-3.3.1.jar:/home/runner/.m2/repository/com/sun/jersey/jersey-client/1.19/jersey-client-1.19.jar:/home/runner/.m2/repository/com/sun/jersey/contribs/jersey-guice/1.19/jersey-guice-1.19.jar:/home/runner/.m2/repository/com/fasterxml/jackson/jaxrs/jackson-jaxrs-json-provider/2.12.1/jackson-jaxrs-json-provider-2.12.1.jar:/home/runner/.m2/repository/com/fasterxml/jackson/jaxrs/jackson-jaxrs-base/2.12.1/jackson-jaxrs-base-2.12.1.jar:/home/runner/.m2/repository/org/apache/hadoop/hadoop-yarn-client/3.3.1/hadoop-yarn-client-3.3.1.jar:/home/runner/.m2/repository/org/eclipse/jetty/websocket/websocket-client/9.4.40.v20210413/websocket-client-9.4.40.v20210413.jar:/home/runner/.m2/repository/org/eclipse/jetty/jetty-client/9.4.40.v20210413/jetty-client-9.4.40.v20210413.jar:/home/runner/.m2/repository/org/eclipse/jetty/websocket/websocket-common/9.4.40.v20210413/websocket-common-9.4.40.v20210413.jar:/home/runner/.m2/repository/org/eclipse/jetty/websocket/websocket-api/9.4.40.v20210413/websocket-api-9.4.40.v20210413.jar:/home/runner/.m2/repository/org/jline/jline/3.9.0/jline-3.9.0.jar:/home/runner/.m2/repository/org/apache/hadoop/hadoop-mapreduce-client-core/3.3.1/hadoop-mapreduce-client-core-3.3.1.jar:/home/runner/.m2/repository/org/apache/avro/avro/1.7.7/avro-1.7.7.jar:/home/runner/.m2/repository/org/codehaus/jackson/jackson-core-asl/1.9.13/jackson-core-asl-1.9.13.jar:/home/runner/.m2/repository/org/codehaus/jackson/jackson-mapper-asl/1.9.13/jackson-mapper-asl-1.9.13.jar:/home/runner/.m2/repository/com/thoughtworks/paranamer/paranamer/2.3/paranamer-2.3.jar:/home/runner/.m2/repository/org/apache/hadoop/hadoop-annotations/3.3.1/hadoop-annotations-3.3.1.jar:/usr/lib/jvm/adoptopenjdk-8-hotspot-amd64/jre/../lib/tools.jar:/home/runner/.m2/repository/org/apache/hadoop/hadoop-distcp/3.3.1/hadoop-distcp-3.3.1-tests.jar:/home/runner/.m2/repository/org/apache/ratis/ratis-common/2.1.0-03f3b68-SNAPSHOT/ratis-common-2.1.0-03f3b68-SNAPSHOT.jar:/home/runner/.m2/repository/org/apache/ratis/ratis-thirdparty-misc/0.7.0/ratis-thirdparty-misc-0.7.0.jar:/home/runner/.m2/repository/org/apache/ratis/ratis-proto/2.1.0-03f3b68-SNAPSHOT/ratis-proto-2.1.0-03f3b68-SNAPSHOT.jar:"/>
    <property name="java.vm.vendor" value="AdoptOpenJDK"/>
    <property name="sun.arch.data.model" value="64"/>
    <property name="test.build.dir" value="/home/runner/work/ozone/ozone/hadoop-ozone/integration-test/target/test-dir"/>
    <property name="test.cache.data" value=""/>
    <property name="java.vendor.url" value="https://adoptopenjdk.net/"/>
    <property name="user.timezone" value=""/>
    <property name="java.vm.specification.version" value="1.8"/>
    <property name="os.name" value="Linux"/>
    <property name="test.build.data" value="/home/runner/work/ozone/ozone/hadoop-ozone/integration-test/target/test-dir"/>
    <property name="sun.java.launcher" value="SUN_STANDARD"/>
    <property name="sun.boot.library.path" value="/usr/lib/jvm/adoptopenjdk-8-hotspot-amd64/jre/lib/amd64"/>
    <property name="sun.java.command" value="/home/runner/work/ozone/ozone/hadoop-ozone/integration-test/target/surefire/surefirebooter6106449600878142053.jar /home/runner/work/ozone/ozone/hadoop-ozone/integration-test/target/surefire 2021-08-26T18-23-06_125-jvmRun1 surefire2281996326035055145tmp surefire_57217603129146809931tmp"/>
    <property name="surefire.test.class.path" value="/home/runner/work/ozone/ozone/hadoop-ozone/integration-test/target/test-classes:/home/runner/work/ozone/ozone/hadoop-ozone/integration-test/target/classes:/home/runner/.m2/repository/org/apache/ozone/ozone-common/1.2.0-SNAPSHOT/ozone-common-1.2.0-SNAPSHOT.jar:/home/runner/.m2/repository/org/apache/commons/commons-compress/1.20/commons-compress-1.20.jar:/home/runner/.m2/repository/org/apache/ozone/hdds-common/1.2.0-SNAPSHOT/hdds-common-1.2.0-SNAPSHOT.jar:/home/runner/.m2/repository/org/apache/ozone/hdds-client/1.2.0-SNAPSHOT/hdds-client-1.2.0-SNAPSHOT.jar:/home/runner/.m2/repository/org/apache/ozone/ozone-interface-client/1.2.0-SNAPSHOT/ozone-interface-client-1.2.0-SNAPSHOT.jar:/home/runner/.m2/repository/org/apache/ozone/hdds-server-framework/1.2.0-SNAPSHOT/hdds-server-framework-1.2.0-SNAPSHOT.jar:/home/runner/.m2/repository/org/apache/ozone/hdds-interface-server/1.2.0-SNAPSHOT/hdds-interface-server-1.2.0-SNAPSHOT.jar:/home/runner/.m2/repository/org/eclipse/jetty/jetty-servlet/9.4.43.v20210629/jetty-servlet-9.4.43.v20210629.jar:/home/runner/.m2/repository/org/eclipse/jetty/jetty-security/9.4.43.v20210629/jetty-security-9.4.43.v20210629.jar:/home/runner/.m2/repository/org/rocksdb/rocksdbjni/6.20.3/rocksdbjni-6.20.3.jar:/home/runner/.m2/repository/io/prometheus/simpleclient_dropwizard/0.7.0/simpleclient_dropwizard-0.7.0.jar:/home/runner/.m2/repository/io/prometheus/simpleclient/0.7.0/simpleclient-0.7.0.jar:/home/runner/.m2/repository/io/prometheus/simpleclient_common/0.7.0/simpleclient_common-0.7.0.jar:/home/runner/.m2/repository/com/fasterxml/jackson/datatype/jackson-datatype-jsr310/2.12.1/jackson-datatype-jsr310-2.12.1.jar:/home/runner/.m2/repository/org/apache/ozone/hdds-test-utils/1.2.0-SNAPSHOT/hdds-test-utils-1.2.0-SNAPSHOT.jar:/home/runner/.m2/repository/com/google/guava/guava/30.1.1-jre/guava-30.1.1-jre.jar:/home/runner/.m2/repository/com/google/guava/failureaccess/1.0.1/failureaccess-1.0.1.jar:/home/runner/.m2/repository/com/google/guava/listenablefuture/9999.0-empty-to-avoid-conflict-with-guava/listenablefuture-9999.0-empty-to-avoid-conflict-with-guava.jar:/home/runner/.m2/repository/com/google/code/findbugs/jsr305/3.0.0/jsr305-3.0.0.jar:/home/runner/.m2/repository/org/checkerframework/checker-qual/3.8.0/checker-qual-3.8.0.jar:/home/runner/.m2/repository/com/google/errorprone/error_prone_annotations/2.2.0/error_prone_annotations-2.2.0.jar:/home/runner/.m2/repository/com/google/j2objc/j2objc-annotations/1.3/j2objc-annotations-1.3.jar:/home/runner/.m2/repository/commons-io/commons-io/2.8.0/commons-io-2.8.0.jar:/home/runner/.m2/repository/commons-logging/commons-logging/1.2/commons-logging-1.2.jar:/home/runner/.m2/repository/log4j/log4j/1.2.17/log4j-1.2.17.jar:/home/runner/.m2/repository/org/slf4j/slf4j-api/1.7.30/slf4j-api-1.7.30.jar:/home/runner/.m2/repository/org/apache/ozone/hdds-server-scm/1.2.0-SNAPSHOT/hdds-server-scm-1.2.0-SNAPSHOT.jar:/home/runner/.m2/repository/org/apache/ozone/hdds-container-service/1.2.0-SNAPSHOT/hdds-container-service-1.2.0-SNAPSHOT.jar:/home/runner/.m2/repository/org/apache/ozone/hdds-hadoop-dependency-server/1.2.0-SNAPSHOT/hdds-hadoop-dependency-server-1.2.0-SNAPSHOT.jar:/home/runner/.m2/repository/org/apache/hadoop/hadoop-hdfs/3.3.1/hadoop-hdfs-3.3.1.jar:/home/runner/.m2/repository/io/dropwizard/metrics/metrics-core/3.2.4/metrics-core-3.2.4.jar:/home/runner/.m2/repository/org/apache/hadoop/hadoop-hdfs-client/3.3.1/hadoop-hdfs-client-3.3.1.jar:/home/runner/.m2/repository/org/bouncycastle/bcprov-jdk15on/1.67/bcprov-jdk15on-1.67.jar:/home/runner/.m2/repository/com/google/protobuf/protobuf-java/2.5.0/protobuf-java-2.5.0.jar:/home/runner/.m2/repository/org/apache/ozone/ozone-manager/1.2.0-SNAPSHOT/ozone-manager-1.2.0-SNAPSHOT.jar:/home/runner/.m2/repository/org/aspectj/aspectjrt/1.8.9/aspectjrt-1.8.9.jar:/home/runner/.m2/repository/org/aspectj/aspectjweaver/1.8.9/aspectjweaver-1.8.9.jar:/home/runner/.m2/repository/org/apache/ozone/hdds-interface-client/1.2.0-SNAPSHOT/hdds-interface-client-1.2.0-SNAPSHOT.jar:/home/runner/.m2/repository/org/apache/hadoop/thirdparty/hadoop-shaded-protobuf_3_7/1.1.1/hadoop-shaded-protobuf_3_7-1.1.1.jar:/home/runner/.m2/repository/org/apache/ozone/ozone-interface-storage/1.2.0-SNAPSHOT/ozone-interface-storage-1.2.0-SNAPSHOT.jar:/home/runner/.m2/repository/org/reflections/reflections/0.9.11/reflections-0.9.11.jar:/home/runner/.m2/repository/org/apache/hadoop/hadoop-minikdc/3.3.1/hadoop-minikdc-3.3.1.jar:/home/runner/.m2/repository/org/apache/kerby/kerb-simplekdc/1.0.1/kerb-simplekdc-1.0.1.jar:/home/runner/.m2/repository/org/apache/kerby/kerb-client/1.0.1/kerb-client-1.0.1.jar:/home/runner/.m2/repository/org/apache/kerby/kerby-config/1.0.1/kerby-config-1.0.1.jar:/home/runner/.m2/repository/org/apache/kerby/kerb-common/1.0.1/kerb-common-1.0.1.jar:/home/runner/.m2/repository/org/apache/kerby/kerb-crypto/1.0.1/kerb-crypto-1.0.1.jar:/home/runner/.m2/repository/org/apache/kerby/kerb-util/1.0.1/kerb-util-1.0.1.jar:/home/runner/.m2/repository/org/apache/kerby/token-provider/1.0.1/token-provider-1.0.1.jar:/home/runner/.m2/repository/org/apache/kerby/kerb-admin/1.0.1/kerb-admin-1.0.1.jar:/home/runner/.m2/repository/org/apache/kerby/kerb-server/1.0.1/kerb-server-1.0.1.jar:/home/runner/.m2/repository/org/apache/kerby/kerb-identity/1.0.1/kerb-identity-1.0.1.jar:/home/runner/.m2/repository/org/apache/kerby/kerby-xdr/1.0.1/kerby-xdr-1.0.1.jar:/home/runner/.m2/repository/org/slf4j/slf4j-log4j12/1.7.30/slf4j-log4j12-1.7.30.jar:/home/runner/.m2/repository/org/apache/ozone/ozone-s3gateway/1.2.0-SNAPSHOT/ozone-s3gateway-1.2.0-SNAPSHOT.jar:/home/runner/.m2/repository/org/javassist/javassist/3.21.0-GA/javassist-3.21.0-GA.jar:/home/runner/.m2/repository/org/jboss/weld/servlet/weld-servlet/2.4.7.Final/weld-servlet-2.4.7.Final.jar:/home/runner/.m2/repository/org/glassfish/jersey/containers/jersey-container-servlet-core/2.33/jersey-container-servlet-core-2.33.jar:/home/runner/.m2/repository/org/glassfish/hk2/external/jakarta.inject/2.6.1/jakarta.inject-2.6.1.jar:/home/runner/.m2/repository/org/glassfish/jersey/core/jersey-common/2.33/jersey-common-2.33.jar:/home/runner/.m2/repository/jakarta/ws/rs/jakarta.ws.rs-api/2.1.6/jakarta.ws.rs-api-2.1.6.jar:/home/runner/.m2/repository/org/glassfish/jersey/ext/cdi/jersey-cdi1x/2.33/jersey-cdi1x-2.33.jar:/home/runner/.m2/repository/org/glassfish/jersey/inject/jersey-hk2/2.33/jersey-hk2-2.33.jar:/home/runner/.m2/repository/org/glassfish/hk2/hk2-locator/2.6.1/hk2-locator-2.6.1.jar:/home/runner/.m2/repository/org/glassfish/jersey/media/jersey-media-jaxb/2.33/jersey-media-jaxb-2.33.jar:/home/runner/.m2/repository/org/glassfish/hk2/osgi-resource-locator/1.0.3/osgi-resource-locator-1.0.3.jar:/home/runner/.m2/repository/org/glassfish/hk2/hk2-api/2.5.0/hk2-api-2.5.0.jar:/home/runner/.m2/repository/org/glassfish/hk2/hk2-utils/2.5.0/hk2-utils-2.5.0.jar:/home/runner/.m2/repository/org/glassfish/hk2/external/aopalliance-repackaged/2.5.0/aopalliance-repackaged-2.5.0.jar:/home/runner/.m2/repository/com/fasterxml/jackson/dataformat/jackson-dataformat-xml/2.12.1/jackson-dataformat-xml-2.12.1.jar:/home/runner/.m2/repository/com/fasterxml/jackson/core/jackson-core/2.12.1/jackson-core-2.12.1.jar:/home/runner/.m2/repository/com/fasterxml/jackson/module/jackson-module-jaxb-annotations/2.12.1/jackson-module-jaxb-annotations-2.12.1.jar:/home/runner/.m2/repository/jakarta/xml/bind/jakarta.xml.bind-api/2.3.2/jakarta.xml.bind-api-2.3.2.jar:/home/runner/.m2/repository/org/codehaus/woodstox/stax2-api/3.1.4/stax2-api-3.1.4.jar:/home/runner/.m2/repository/com/fasterxml/woodstox/woodstox-core/5.0.3/woodstox-core-5.0.3.jar:/home/runner/.m2/repository/javax/enterprise/cdi-api/1.2/cdi-api-1.2.jar:/home/runner/.m2/repository/javax/el/javax.el-api/3.0.0/javax.el-api-3.0.0.jar:/home/runner/.m2/repository/javax/interceptor/javax.interceptor-api/1.2/javax.interceptor-api-1.2.jar:/home/runner/.m2/repository/javax/inject/javax.inject/1/javax.inject-1.jar:/home/runner/.m2/repository/javax/xml/bind/jaxb-api/2.3.0/jaxb-api-2.3.0.jar:/home/runner/.m2/repository/org/glassfish/jaxb/jaxb-runtime/2.3.0.1/jaxb-runtime-2.3.0.1.jar:/home/runner/.m2/repository/org/glassfish/jaxb/jaxb-core/2.3.0.1/jaxb-core-2.3.0.1.jar:/home/runner/.m2/repository/org/glassfish/jaxb/txw2/2.3.0.1/txw2-2.3.0.1.jar:/home/runner/.m2/repository/com/sun/istack/istack-commons-runtime/3.0.5/istack-commons-runtime-3.0.5.jar:/home/runner/.m2/repository/org/jvnet/staxex/stax-ex/1.7.8/stax-ex-1.7.8.jar:/home/runner/.m2/repository/com/sun/xml/fastinfoset/FastInfoset/1.2.13/FastInfoset-1.2.13.jar:/home/runner/.m2/repository/javax/activation/activation/1.1.1/activation-1.1.1.jar:/home/runner/.m2/repository/org/apache/ozone/ozone-csi/1.2.0-SNAPSHOT/ozone-csi-1.2.0-SNAPSHOT.jar:/home/runner/.m2/repository/com/google/protobuf/protobuf-java-util/3.12.0/protobuf-java-util-3.12.0.jar:/home/runner/.m2/repository/com/google/code/gson/gson/2.2.4/gson-2.2.4.jar:/home/runner/.m2/repository/org/apache/ozone/hdds-config/1.2.0-SNAPSHOT/hdds-config-1.2.0-SNAPSHOT.jar:/home/runner/.m2/repository/io/grpc/grpc-netty/1.33.0/grpc-netty-1.33.0.jar:/home/runner/.m2/repository/io/grpc/grpc-core/1.33.0/grpc-core-1.33.0.jar:/home/runner/.m2/repository/com/google/android/annotations/4.1.1.4/annotations-4.1.1.4.jar:/home/runner/.m2/repository/io/netty/netty-codec-http2/4.1.63.Final/netty-codec-http2-4.1.63.Final.jar:/home/runner/.m2/repository/io/netty/netty-codec-http/4.1.63.Final/netty-codec-http-4.1.63.Final.jar:/home/runner/.m2/repository/io/netty/netty-handler-proxy/4.1.63.Final/netty-handler-proxy-4.1.63.Final.jar:/home/runner/.m2/repository/io/netty/netty-codec-socks/4.1.63.Final/netty-codec-socks-4.1.63.Final.jar:/home/runner/.m2/repository/io/perfmark/perfmark-api/0.19.0/perfmark-api-0.19.0.jar:/home/runner/.m2/repository/org/codehaus/mojo/animal-sniffer-annotations/1.18/animal-sniffer-annotations-1.18.jar:/home/runner/.m2/repository/io/netty/netty-transport-native-epoll/4.1.63.Final/netty-transport-native-epoll-4.1.63.Final.jar:/home/runner/.m2/repository/io/netty/netty-common/4.1.63.Final/netty-common-4.1.63.Final.jar:/home/runner/.m2/repository/io/netty/netty-buffer/4.1.63.Final/netty-buffer-4.1.63.Final.jar:/home/runner/.m2/repository/io/netty/netty-transport-native-unix-common/4.1.63.Final/netty-transport-native-unix-common-4.1.63.Final.jar:/home/runner/.m2/repository/io/grpc/grpc-protobuf/1.33.0/grpc-protobuf-1.33.0.jar:/home/runner/.m2/repository/io/grpc/grpc-api/1.33.0/grpc-api-1.33.0.jar:/home/runner/.m2/repository/io/grpc/grpc-context/1.33.0/grpc-context-1.33.0.jar:/home/runner/.m2/repository/com/google/api/grpc/proto-google-common-protos/1.17.0/proto-google-common-protos-1.17.0.jar:/home/runner/.m2/repository/io/grpc/grpc-protobuf-lite/1.33.0/grpc-protobuf-lite-1.33.0.jar:/home/runner/.m2/repository/io/grpc/grpc-stub/1.33.0/grpc-stub-1.33.0.jar:/home/runner/.m2/repository/org/apache/ozone/ozone-recon/1.2.0-SNAPSHOT/ozone-recon-1.2.0-SNAPSHOT.jar:/home/runner/.m2/repository/org/apache/ozone/ozone-reconcodegen/1.2.0-SNAPSHOT/ozone-reconcodegen-1.2.0-SNAPSHOT.jar:/home/runner/.m2/repository/com/google/inject/extensions/guice-multibindings/4.0/guice-multibindings-4.0.jar:/home/runner/.m2/repository/com/google/inject/guice/4.0/guice-4.0.jar:/home/runner/.m2/repository/aopalliance/aopalliance/1.0/aopalliance-1.0.jar:/home/runner/.m2/repository/com/google/inject/extensions/guice-assistedinject/4.0/guice-assistedinject-4.0.jar:/home/runner/.m2/repository/com/google/inject/extensions/guice-servlet/4.0/guice-servlet-4.0.jar:/home/runner/.m2/repository/org/glassfish/jersey/containers/jersey-container-servlet/2.33/jersey-container-servlet-2.33.jar:/home/runner/.m2/repository/org/glassfish/hk2/guice-bridge/2.5.0/guice-bridge-2.5.0.jar:/home/runner/.m2/repository/org/glassfish/jersey/core/jersey-server/2.33/jersey-server-2.33.jar:/home/runner/.m2/repository/org/glassfish/jersey/core/jersey-client/2.33/jersey-client-2.33.jar:/home/runner/.m2/repository/jakarta/annotation/jakarta.annotation-api/1.3.5/jakarta.annotation-api-1.3.5.jar:/home/runner/.m2/repository/jakarta/validation/jakarta.validation-api/2.0.2/jakarta.validation-api-2.0.2.jar:/home/runner/.m2/repository/org/glassfish/jersey/media/jersey-media-json-jackson/2.33/jersey-media-json-jackson-2.33.jar:/home/runner/.m2/repository/org/glassfish/jersey/ext/jersey-entity-filtering/2.33/jersey-entity-filtering-2.33.jar:/home/runner/.m2/repository/org/jooq/jooq/3.11.10/jooq-3.11.10.jar:/home/runner/.m2/repository/org/jooq/jooq-meta/3.11.10/jooq-meta-3.11.10.jar:/home/runner/.m2/repository/org/jooq/jooq-codegen/3.11.10/jooq-codegen-3.11.10.jar:/home/runner/.m2/repository/com/jolbox/bonecp/0.8.0.RELEASE/bonecp-0.8.0.RELEASE.jar:/home/runner/.m2/repository/org/apache/derby/derby/10.14.2.0/derby-10.14.2.0.jar:/home/runner/.m2/repository/org/xerial/sqlite-jdbc/3.25.2/sqlite-jdbc-3.25.2.jar:/home/runner/.m2/repository/org/springframework/spring-jdbc/5.2.11.RELEASE/spring-jdbc-5.2.11.RELEASE.jar:/home/runner/.m2/repository/org/springframework/spring-beans/5.2.11.RELEASE/spring-beans-5.2.11.RELEASE.jar:/home/runner/.m2/repository/org/springframework/spring-core/5.2.11.RELEASE/spring-core-5.2.11.RELEASE.jar:/home/runner/.m2/repository/org/springframework/spring-jcl/5.2.11.RELEASE/spring-jcl-5.2.11.RELEASE.jar:/home/runner/.m2/repository/org/springframework/spring-tx/5.2.11.RELEASE/spring-tx-5.2.11.RELEASE.jar:/home/runner/.m2/repository/org/apache/ozone/ozone-client/1.2.0-SNAPSHOT/ozone-client-1.2.0-SNAPSHOT.jar:/home/runner/.m2/repository/org/apache/ozone/ozone-filesystem/1.2.0-SNAPSHOT/ozone-filesystem-1.2.0-SNAPSHOT.jar:/home/runner/.m2/repository/org/apache/ozone/ozone-filesystem-common/1.2.0-SNAPSHOT/ozone-filesystem-common-1.2.0-SNAPSHOT.jar:/home/runner/.m2/repository/org/apache/ozone/ozone-tools/1.2.0-SNAPSHOT/ozone-tools-1.2.0-SNAPSHOT.jar:/home/runner/.m2/repository/org/apache/ratis/ratis-tools/2.1.0-03f3b68-SNAPSHOT/ratis-tools-2.1.0-03f3b68-SNAPSHOT.jar:/home/runner/.m2/repository/com/amazonaws/aws-java-sdk-core/1.11.901/aws-java-sdk-core-1.11.901.jar:/home/runner/.m2/repository/org/apache/httpcomponents/httpclient/4.5.13/httpclient-4.5.13.jar:/home/runner/.m2/repository/org/apache/httpcomponents/httpcore/4.4.13/httpcore-4.4.13.jar:/home/runner/.m2/repository/software/amazon/ion/ion-java/1.0.2/ion-java-1.0.2.jar:/home/runner/.m2/repository/com/fasterxml/jackson/dataformat/jackson-dataformat-cbor/2.12.1/jackson-dataformat-cbor-2.12.1.jar:/home/runner/.m2/repository/joda-time/joda-time/2.8.1/joda-time-2.8.1.jar:/home/runner/.m2/repository/com/amazonaws/aws-java-sdk-s3/1.11.901/aws-java-sdk-s3-1.11.901.jar:/home/runner/.m2/repository/com/amazonaws/aws-java-sdk-kms/1.11.901/aws-java-sdk-kms-1.11.901.jar:/home/runner/.m2/repository/com/amazonaws/jmespath-java/1.11.901/jmespath-java-1.11.901.jar:/home/runner/.m2/repository/org/kohsuke/metainf-services/metainf-services/1.8/metainf-services-1.8.jar:/home/runner/.m2/repository/org/apache/ozone/hdds-tools/1.2.0-SNAPSHOT/hdds-tools-1.2.0-SNAPSHOT.jar:/home/runner/.m2/repository/commons-cli/commons-cli/1.2/commons-cli-1.2.jar:/home/runner/.m2/repository/org/apache/commons/commons-lang3/3.7/commons-lang3-3.7.jar:/home/runner/.m2/repository/org/apache/ozone/ozone-manager/1.2.0-SNAPSHOT/ozone-manager-1.2.0-SNAPSHOT-tests.jar:/home/runner/.m2/repository/org/apache/ozone/hdds-common/1.2.0-SNAPSHOT/hdds-common-1.2.0-SNAPSHOT-tests.jar:/home/runner/.m2/repository/org/apache/ozone/hdds-hadoop-dependency-client/1.2.0-SNAPSHOT/hdds-hadoop-dependency-client-1.2.0-SNAPSHOT.jar:/home/runner/.m2/repository/info/picocli/picocli/4.4.0/picocli-4.4.0.jar:/home/runner/.m2/repository/com/fasterxml/jackson/core/jackson-annotations/2.12.1/jackson-annotations-2.12.1.jar:/home/runner/.m2/repository/javax/annotation/javax.annotation-api/1.2/javax.annotation-api-1.2.jar:/home/runner/.m2/repository/org/apache/ratis/ratis-server/2.1.0-03f3b68-SNAPSHOT/ratis-server-2.1.0-03f3b68-SNAPSHOT.jar:/home/runner/.m2/repository/org/apache/ratis/ratis-client/2.1.0-03f3b68-SNAPSHOT/ratis-client-2.1.0-03f3b68-SNAPSHOT.jar:/home/runner/.m2/repository/org/apache/ratis/ratis-server-api/2.1.0-03f3b68-SNAPSHOT/ratis-server-api-2.1.0-03f3b68-SNAPSHOT.jar:/home/runner/.m2/repository/org/apache/ratis/ratis-metrics/2.1.0-03f3b68-SNAPSHOT/ratis-metrics-2.1.0-03f3b68-SNAPSHOT.jar:/home/runner/.m2/repository/org/apache/ratis/ratis-netty/2.1.0-03f3b68-SNAPSHOT/ratis-netty-2.1.0-03f3b68-SNAPSHOT.jar:/home/runner/.m2/repository/org/apache/ratis/ratis-grpc/2.1.0-03f3b68-SNAPSHOT/ratis-grpc-2.1.0-03f3b68-SNAPSHOT.jar:/home/runner/.m2/repository/org/apache/logging/log4j/log4j-api/2.13.3/log4j-api-2.13.3.jar:/home/runner/.m2/repository/org/apache/logging/log4j/log4j-core/2.13.3/log4j-core-2.13.3.jar:/home/runner/.m2/repository/com/lmax/disruptor/3.4.2/disruptor-3.4.2.jar:/home/runner/.m2/repository/org/apache/commons/commons-pool2/2.6.0/commons-pool2-2.6.0.jar:/home/runner/.m2/repository/org/bouncycastle/bcpkix-jdk15on/1.67/bcpkix-jdk15on-1.67.jar:/home/runner/.m2/repository/commons-validator/commons-validator/1.6/commons-validator-1.6.jar:/home/runner/.m2/repository/commons-beanutils/commons-beanutils/1.9.4/commons-beanutils-1.9.4.jar:/home/runner/.m2/repository/commons-digester/commons-digester/1.8.1/commons-digester-1.8.1.jar:/home/runner/.m2/repository/commons-collections/commons-collections/3.2.2/commons-collections-3.2.2.jar:/home/runner/.m2/repository/io/jaegertracing/jaeger-client/1.6.0/jaeger-client-1.6.0.jar:/home/runner/.m2/repository/io/jaegertracing/jaeger-thrift/1.6.0/jaeger-thrift-1.6.0.jar:/home/runner/.m2/repository/org/apache/thrift/libthrift/0.14.1/libthrift-0.14.1.jar:/home/runner/.m2/repository/com/squareup/okhttp3/okhttp/4.9.0/okhttp-4.9.0.jar:/home/runner/.m2/repository/com/squareup/okio/okio/2.8.0/okio-2.8.0.jar:/home/runner/.m2/repository/io/jaegertracing/jaeger-core/1.6.0/jaeger-core-1.6.0.jar:/home/runner/.m2/repository/io/jaegertracing/jaeger-tracerresolver/1.6.0/jaeger-tracerresolver-1.6.0.jar:/home/runner/.m2/repository/io/opentracing/contrib/opentracing-tracerresolver/0.1.8/opentracing-tracerresolver-0.1.8.jar:/home/runner/.m2/repository/org/jetbrains/kotlin/kotlin-stdlib/1.4.31/kotlin-stdlib-1.4.31.jar:/home/runner/.m2/repository/org/jetbrains/kotlin/kotlin-stdlib-common/1.4.31/kotlin-stdlib-common-1.4.31.jar:/home/runner/.m2/repository/org/jetbrains/annotations/13.0/annotations-13.0.jar:/home/runner/.m2/repository/io/opentracing/opentracing-util/0.33.0/opentracing-util-0.33.0.jar:/home/runner/.m2/repository/io/opentracing/opentracing-api/0.33.0/opentracing-api-0.33.0.jar:/home/runner/.m2/repository/io/opentracing/opentracing-noop/0.33.0/opentracing-noop-0.33.0.jar:/home/runner/.m2/repository/org/yaml/snakeyaml/1.26/snakeyaml-1.26.jar:/home/runner/.m2/repository/org/apache/ozone/hdds-interface-admin/1.2.0-SNAPSHOT/hdds-interface-admin-1.2.0-SNAPSHOT.jar:/home/runner/.m2/repository/junit/junit/4.13.1/junit-4.13.1.jar:/home/runner/.m2/repository/org/hamcrest/hamcrest-core/1.3/hamcrest-core-1.3.jar:/home/runner/.m2/repository/org/junit/jupiter/junit-jupiter-api/5.7.0/junit-jupiter-api-5.7.0.jar:/home/runner/.m2/repository/org/apiguardian/apiguardian-api/1.1.0/apiguardian-api-1.1.0.jar:/home/runner/.m2/repository/org/opentest4j/opentest4j/1.2.0/opentest4j-1.2.0.jar:/home/runner/.m2/repository/org/junit/platform/junit-platform-commons/1.7.0/junit-platform-commons-1.7.0.jar:/home/runner/.m2/repository/org/junit/jupiter/junit-jupiter-engine/5.7.0/junit-jupiter-engine-5.7.0.jar:/home/runner/.m2/repository/org/junit/platform/junit-platform-engine/1.7.0/junit-platform-engine-1.7.0.jar:/home/runner/.m2/repository/org/junit/vintage/junit-vintage-engine/5.7.0/junit-vintage-engine-5.7.0.jar:/home/runner/.m2/repository/org/junit/platform/junit-platform-launcher/1.7.0/junit-platform-launcher-1.7.0.jar:/home/runner/.m2/repository/org/openjdk/jmh/jmh-core/1.19/jmh-core-1.19.jar:/home/runner/.m2/repository/net/sf/jopt-simple/jopt-simple/4.6/jopt-simple-4.6.jar:/home/runner/.m2/repository/org/apache/commons/commons-math3/3.1.1/commons-math3-3.1.1.jar:/home/runner/.m2/repository/org/openjdk/jmh/jmh-generator-annprocess/1.19/jmh-generator-annprocess-1.19.jar:/home/runner/.m2/repository/org/mockito/mockito-core/2.28.2/mockito-core-2.28.2.jar:/home/runner/.m2/repository/net/bytebuddy/byte-buddy/1.9.10/byte-buddy-1.9.10.jar:/home/runner/.m2/repository/net/bytebuddy/byte-buddy-agent/1.9.10/byte-buddy-agent-1.9.10.jar:/home/runner/.m2/repository/org/objenesis/objenesis/1.0/objenesis-1.0.jar:/home/runner/.m2/repository/org/apache/hadoop/hadoop-kms/3.3.1/hadoop-kms-3.3.1.jar:/home/runner/.m2/repository/org/apache/hadoop/hadoop-auth/3.3.1/hadoop-auth-3.3.1.jar:/home/runner/.m2/repository/com/nimbusds/nimbus-jose-jwt/7.9/nimbus-jose-jwt-7.9.jar:/home/runner/.m2/repository/com/github/stephenc/jcip/jcip-annotations/1.0-1/jcip-annotations-1.0-1.jar:/home/runner/.m2/repository/net/minidev/json-smart/2.3/json-smart-2.3.jar:/home/runner/.m2/repository/net/minidev/accessors-smart/1.2/accessors-smart-1.2.jar:/home/runner/.m2/repository/org/ow2/asm/asm/5.0.4/asm-5.0.4.jar:/home/runner/.m2/repository/org/apache/zookeeper/zookeeper/3.5.6/zookeeper-3.5.6.jar:/home/runner/.m2/repository/org/apache/zookeeper/zookeeper-jute/3.5.6/zookeeper-jute-3.5.6.jar:/home/runner/.m2/repository/org/apache/yetus/audience-annotations/0.5.0/audience-annotations-0.5.0.jar:/home/runner/.m2/repository/org/apache/curator/curator-framework/4.2.0/curator-framework-4.2.0.jar:/home/runner/.m2/repository/org/apache/hadoop/thirdparty/hadoop-shaded-guava/1.1.1/hadoop-shaded-guava-1.1.1.jar:/home/runner/.m2/repository/com/sun/jersey/jersey-core/1.19/jersey-core-1.19.jar:/home/runner/.m2/repository/javax/ws/rs/jsr311-api/1.1.1/jsr311-api-1.1.1.jar:/home/runner/.m2/repository/com/sun/jersey/jersey-server/1.19/jersey-server-1.19.jar:/home/runner/.m2/repository/javax/servlet/javax.servlet-api/3.1.0/javax.servlet-api-3.1.0.jar:/home/runner/.m2/repository/org/eclipse/jetty/jetty-server/9.4.43.v20210629/jetty-server-9.4.43.v20210629.jar:/home/runner/.m2/repository/org/eclipse/jetty/jetty-http/9.4.43.v20210629/jetty-http-9.4.43.v20210629.jar:/home/runner/.m2/repository/org/eclipse/jetty/jetty-io/9.4.43.v20210629/jetty-io-9.4.43.v20210629.jar:/home/runner/.m2/repository/org/eclipse/jetty/jetty-webapp/9.4.43.v20210629/jetty-webapp-9.4.43.v20210629.jar:/home/runner/.m2/repository/org/eclipse/jetty/jetty-xml/9.4.43.v20210629/jetty-xml-9.4.43.v20210629.jar:/home/runner/.m2/repository/org/apache/hadoop/hadoop-common/3.3.1/hadoop-common-3.3.1.jar:/home/runner/.m2/repository/commons-net/commons-net/3.6/commons-net-3.6.jar:/home/runner/.m2/repository/jakarta/activation/jakarta.activation-api/1.2.1/jakarta.activation-api-1.2.1.jar:/home/runner/.m2/repository/com/sun/jersey/jersey-servlet/1.19/jersey-servlet-1.19.jar:/home/runner/.m2/repository/com/sun/jersey/jersey-json/1.19/jersey-json-1.19.jar:/home/runner/.m2/repository/org/codehaus/jettison/jettison/1.1/jettison-1.1.jar:/home/runner/.m2/repository/com/sun/xml/bind/jaxb-impl/2.2.3-1/jaxb-impl-2.2.3-1.jar:/home/runner/.m2/repository/org/codehaus/jackson/jackson-jaxrs/1.9.2/jackson-jaxrs-1.9.2.jar:/home/runner/.m2/repository/org/codehaus/jackson/jackson-xc/1.9.2/jackson-xc-1.9.2.jar:/home/runner/.m2/repository/org/apache/commons/commons-configuration2/2.1.1/commons-configuration2-2.1.1.jar:/home/runner/.m2/repository/org/apache/commons/commons-text/1.4/commons-text-1.4.jar:/home/runner/.m2/repository/com/google/re2j/re2j/1.1/re2j-1.1.jar:/home/runner/.m2/repository/com/jcraft/jsch/0.1.54/jsch-0.1.54.jar:/home/runner/.m2/repository/org/apache/curator/curator-client/4.2.0/curator-client-4.2.0.jar:/home/runner/.m2/repository/org/apache/curator/curator-recipes/4.2.0/curator-recipes-4.2.0.jar:/home/runner/.m2/repository/org/apache/kerby/kerb-core/1.0.1/kerb-core-1.0.1.jar:/home/runner/.m2/repository/org/apache/kerby/kerby-pkix/1.0.1/kerby-pkix-1.0.1.jar:/home/runner/.m2/repository/org/apache/kerby/kerby-asn1/1.0.1/kerby-asn1-1.0.1.jar:/home/runner/.m2/repository/org/apache/kerby/kerby-util/1.0.1/kerby-util-1.0.1.jar:/home/runner/.m2/repository/dnsjava/dnsjava/2.1.7/dnsjava-2.1.7.jar:/home/runner/.m2/repository/org/xerial/snappy/snappy-java/1.1.8.2/snappy-java-1.1.8.2.jar:/home/runner/.m2/repository/org/slf4j/jul-to-slf4j/1.7.30/jul-to-slf4j-1.7.30.jar:/home/runner/.m2/repository/org/eclipse/jetty/jetty-util/9.4.43.v20210629/jetty-util-9.4.43.v20210629.jar:/home/runner/.m2/repository/com/fasterxml/jackson/core/jackson-databind/2.12.1/jackson-databind-2.12.1.jar:/home/runner/.m2/repository/org/apache/hadoop/hadoop-kms/3.3.1/hadoop-kms-3.3.1-tests.jar:/home/runner/.m2/repository/org/apache/ozone/hdds-server-scm/1.2.0-SNAPSHOT/hdds-server-scm-1.2.0-SNAPSHOT-tests.jar:/home/runner/.m2/repository/org/apache/ozone/hdds-container-service/1.2.0-SNAPSHOT/hdds-container-service-1.2.0-SNAPSHOT-tests.jar:/home/runner/.m2/repository/commons-codec/commons-codec/1.11/commons-codec-1.11.jar:/home/runner/.m2/repository/io/netty/netty-transport/4.1.63.Final/netty-transport-4.1.63.Final.jar:/home/runner/.m2/repository/io/netty/netty-resolver/4.1.63.Final/netty-resolver-4.1.63.Final.jar:/home/runner/.m2/repository/io/netty/netty-codec/4.1.63.Final/netty-codec-4.1.63.Final.jar:/home/runner/.m2/repository/io/netty/netty-handler/4.1.63.Final/netty-handler-4.1.63.Final.jar:/home/runner/.m2/repository/org/apache/ozone/hdds-hadoop-dependency-test/1.2.0-SNAPSHOT/hdds-hadoop-dependency-test-1.2.0-SNAPSHOT.jar:/home/runner/.m2/repository/org/apache/hadoop/hadoop-common/3.3.1/hadoop-common-3.3.1-tests.jar:/home/runner/.m2/repository/org/assertj/assertj-core/3.12.2/assertj-core-3.12.2.jar:/home/runner/.m2/repository/org/apache/hadoop/hadoop-hdfs/3.3.1/hadoop-hdfs-3.3.1-tests.jar:/home/runner/.m2/repository/org/eclipse/jetty/jetty-util-ajax/9.4.43.v20210629/jetty-util-ajax-9.4.43.v20210629.jar:/home/runner/.m2/repository/commons-daemon/commons-daemon/1.0.13/commons-daemon-1.0.13.jar:/home/runner/.m2/repository/io/netty/netty/3.10.6.Final/netty-3.10.6.Final.jar:/home/runner/.m2/repository/io/netty/netty-all/4.1.63.Final/netty-all-4.1.63.Final.jar:/home/runner/.m2/repository/org/apache/htrace/htrace-core4/4.1.0-incubating/htrace-core4-4.1.0-incubating.jar:/home/runner/.m2/repository/org/fusesource/leveldbjni/leveldbjni-all/1.8/leveldbjni-all-1.8.jar:/home/runner/.m2/repository/org/apache/hadoop/hadoop-distcp/3.3.1/hadoop-distcp-3.3.1.jar:/home/runner/.m2/repository/org/apache/hadoop/hadoop-mapreduce-client-jobclient/3.3.1/hadoop-mapreduce-client-jobclient-3.3.1.jar:/home/runner/.m2/repository/org/apache/hadoop/hadoop-mapreduce-client-common/3.3.1/hadoop-mapreduce-client-common-3.3.1.jar:/home/runner/.m2/repository/org/apache/hadoop/hadoop-yarn-common/3.3.1/hadoop-yarn-common-3.3.1.jar:/home/runner/.m2/repository/org/apache/hadoop/hadoop-yarn-api/3.3.1/hadoop-yarn-api-3.3.1.jar:/home/runner/.m2/repository/com/sun/jersey/jersey-client/1.19/jersey-client-1.19.jar:/home/runner/.m2/repository/com/sun/jersey/contribs/jersey-guice/1.19/jersey-guice-1.19.jar:/home/runner/.m2/repository/com/fasterxml/jackson/jaxrs/jackson-jaxrs-json-provider/2.12.1/jackson-jaxrs-json-provider-2.12.1.jar:/home/runner/.m2/repository/com/fasterxml/jackson/jaxrs/jackson-jaxrs-base/2.12.1/jackson-jaxrs-base-2.12.1.jar:/home/runner/.m2/repository/org/apache/hadoop/hadoop-yarn-client/3.3.1/hadoop-yarn-client-3.3.1.jar:/home/runner/.m2/repository/org/eclipse/jetty/websocket/websocket-client/9.4.40.v20210413/websocket-client-9.4.40.v20210413.jar:/home/runner/.m2/repository/org/eclipse/jetty/jetty-client/9.4.40.v20210413/jetty-client-9.4.40.v20210413.jar:/home/runner/.m2/repository/org/eclipse/jetty/websocket/websocket-common/9.4.40.v20210413/websocket-common-9.4.40.v20210413.jar:/home/runner/.m2/repository/org/eclipse/jetty/websocket/websocket-api/9.4.40.v20210413/websocket-api-9.4.40.v20210413.jar:/home/runner/.m2/repository/org/jline/jline/3.9.0/jline-3.9.0.jar:/home/runner/.m2/repository/org/apache/hadoop/hadoop-mapreduce-client-core/3.3.1/hadoop-mapreduce-client-core-3.3.1.jar:/home/runner/.m2/repository/org/apache/avro/avro/1.7.7/avro-1.7.7.jar:/home/runner/.m2/repository/org/codehaus/jackson/jackson-core-asl/1.9.13/jackson-core-asl-1.9.13.jar:/home/runner/.m2/repository/org/codehaus/jackson/jackson-mapper-asl/1.9.13/jackson-mapper-asl-1.9.13.jar:/home/runner/.m2/repository/com/thoughtworks/paranamer/paranamer/2.3/paranamer-2.3.jar:/home/runner/.m2/repository/org/apache/hadoop/hadoop-annotations/3.3.1/hadoop-annotations-3.3.1.jar:/usr/lib/jvm/adoptopenjdk-8-hotspot-amd64/jre/../lib/tools.jar:/home/runner/.m2/repository/org/apache/hadoop/hadoop-distcp/3.3.1/hadoop-distcp-3.3.1-tests.jar:/home/runner/.m2/repository/org/apache/ratis/ratis-common/2.1.0-03f3b68-SNAPSHOT/ratis-common-2.1.0-03f3b68-SNAPSHOT.jar:/home/runner/.m2/repository/org/apache/ratis/ratis-thirdparty-misc/0.7.0/ratis-thirdparty-misc-0.7.0.jar:/home/runner/.m2/repository/org/apache/ratis/ratis-proto/2.1.0-03f3b68-SNAPSHOT/ratis-proto-2.1.0-03f3b68-SNAPSHOT.jar:"/>
    <property name="sun.cpu.endian" value="little"/>
    <property name="user.home" value="/home/runner"/>
    <property name="user.language" value="en"/>
    <property name="java.specification.vendor" value="Oracle Corporation"/>
    <property name="java.home" value="/usr/lib/jvm/adoptopenjdk-8-hotspot-amd64/jre"/>
    <property name="java.security.krb5.conf" value="/home/runner/work/ozone/ozone/hadoop-ozone/integration-test/target/test-classes/krb5.conf"/>
    <property name="basedir" value="/home/runner/work/ozone/ozone/hadoop-ozone/integration-test"/>
    <property name="file.separator" value="/"/>
    <property name="line.separator" value="&#10;"/>
    <property name="java.vm.specification.vendor" value="Oracle Corporation"/>
    <property name="java.specification.name" value="Java Platform API Specification"/>
    <property name="java.awt.graphicsenv" value="sun.awt.X11GraphicsEnvironment"/>
    <property name="skip.installnpx" value="true"/>
    <property name="surefire.real.class.path" value="/home/runner/work/ozone/ozone/hadoop-ozone/integration-test/target/surefire/surefirebooter6106449600878142053.jar:/home/runner/.m2/repository/org/jacoco/org.jacoco.agent/0.8.5/org.jacoco.agent-0.8.5-runtime.jar"/>
    <property name="hadoop.log.dir" value="/home/runner/work/ozone/ozone/hadoop-ozone/integration-test/target/log"/>
    <property name="sun.boot.class.path" value="/usr/lib/jvm/adoptopenjdk-8-hotspot-amd64/jre/lib/resources.jar:/usr/lib/jvm/adoptopenjdk-8-hotspot-amd64/jre/lib/rt.jar:/usr/lib/jvm/adoptopenjdk-8-hotspot-amd64/jre/lib/sunrsasign.jar:/usr/lib/jvm/adoptopenjdk-8-hotspot-amd64/jre/lib/jsse.jar:/usr/lib/jvm/adoptopenjdk-8-hotspot-amd64/jre/lib/jce.jar:/usr/lib/jvm/adoptopenjdk-8-hotspot-amd64/jre/lib/charsets.jar:/usr/lib/jvm/adoptopenjdk-8-hotspot-amd64/jre/lib/jfr.jar:/usr/lib/jvm/adoptopenjdk-8-hotspot-amd64/jre/classes"/>
    <property name="sun.management.compiler" value="HotSpot 64-Bit Tiered Compilers"/>
    <property name="skip.npx" value="true"/>
    <property name="java.runtime.version" value="1.8.0_292-b10"/>
    <property name="java.net.preferIPv4Stack" value="true"/>
    <property name="user.name" value="runner"/>
    <property name="path.separator" value=":"/>
    <property name="java.security.egd" value="file:///dev/urandom"/>
    <property name="os.version" value="5.4.0-1055-azure"/>
    <property name="java.endorsed.dirs" value="/usr/lib/jvm/adoptopenjdk-8-hotspot-amd64/jre/lib/endorsed"/>
    <property name="java.runtime.name" value="OpenJDK Runtime Environment"/>
    <property name="file.encoding" value="UTF-8"/>
    <property name="java.vm.name" value="OpenJDK 64-Bit Server VM"/>
    <property name="test.build.webapps" value=""/>
    <property name="localRepository" value="/home/runner/.m2/repository"/>
    <property name="java.vendor.url.bug" value="https://github.com/AdoptOpenJDK/openjdk-support/issues"/>
    <property name="java.io.tmpdir" value="/tmp"/>
    <property name="require.test.libhadoop" value=""/>
    <property name="java.version" value="1.8.0_292"/>
    <property name="user.dir" value="/home/runner/work/ozone/ozone/hadoop-ozone/integration-test"/>
    <property name="os.arch" value="amd64"/>
    <property name="java.vm.specification.name" value="Java Virtual Machine Specification"/>
    <property name="test.build.classes" value="/home/runner/work/ozone/ozone/hadoop-ozone/integration-test/target/test-classes"/>
    <property name="java.awt.printerjob" value="sun.print.PSPrinterJob"/>
    <property name="sun.os.patch.level" value="unknown"/>
    <property name="hadoop.tmp.dir" value="/home/runner/work/ozone/ozone/hadoop-ozone/integration-test/target/tmp"/>
    <property name="java.library.path" value="/usr/java/packages/lib/amd64:/usr/lib64:/lib64:/lib:/usr/lib"/>
    <property name="java.vm.info" value="mixed mode"/>
    <property name="java.vendor" value="AdoptOpenJDK"/>
    <property name="java.vm.version" value="25.292-b10"/>
    <property name="java.ext.dirs" value="/usr/lib/jvm/adoptopenjdk-8-hotspot-amd64/jre/lib/ext:/usr/java/packages/lib/ext"/>
    <property name="sun.io.unicode.encoding" value="UnicodeLittle"/>
    <property name="java.class.version" value="52.0"/>
  </properties>
  <testcase name="test2DatanodesFailure" classname="org.apache.hadoop.ozone.client.rpc.TestBlockOutputStreamWithFailures" time="61.676"/>
  <testcase name="testDatanodeFailureWithPreAllocation" classname="org.apache.hadoop.ozone.client.rpc.TestBlockOutputStreamWithFailures" time="102.461"/>
  <testcase name="testDatanodeFailureWithSingleNodeRatis" classname="org.apache.hadoop.ozone.client.rpc.TestBlockOutputStreamWithFailures" time="300.013">
    <error message="test timed out after 300 seconds" type="org.junit.runners.model.TestTimedOutException">org.junit.runners.model.TestTimedOutException: test timed out after 300 seconds
	at java.lang.Object.wait(Native Method)
	at java.util.concurrent.ForkJoinTask.externalAwaitDone(ForkJoinTask.java:334)
	at java.util.concurrent.ForkJoinTask.doInvoke(ForkJoinTask.java:405)
	at java.util.concurrent.ForkJoinTask.invoke(ForkJoinTask.java:734)
	at java.util.stream.ForEachOps$ForEachOp.evaluateParallel(ForEachOps.java:159)
	at java.util.stream.ForEachOps$ForEachOp$OfRef.evaluateParallel(ForEachOps.java:173)
	at java.util.stream.AbstractPipeline.evaluate(AbstractPipeline.java:233)
	at java.util.stream.ReferencePipeline.forEach(ReferencePipeline.java:485)
	at java.util.stream.ReferencePipeline$Head.forEach(ReferencePipeline.java:650)
	at org.apache.hadoop.ozone.MiniOzoneClusterImpl.stopDatanodes(MiniOzoneClusterImpl.java:529)
	at org.apache.hadoop.ozone.MiniOzoneClusterImpl.stop(MiniOzoneClusterImpl.java:470)
	at org.apache.hadoop.ozone.MiniOzoneClusterImpl.shutdown(MiniOzoneClusterImpl.java:457)
	at org.apache.hadoop.ozone.client.rpc.TestBlockOutputStreamWithFailures.shutdown(TestBlockOutputStreamWithFailures.java:159)
	at sun.reflect.NativeMethodAccessorImpl.invoke0(Native Method)
	at sun.reflect.NativeMethodAccessorImpl.invoke(NativeMethodAccessorImpl.java:62)
	at sun.reflect.DelegatingMethodAccessorImpl.invoke(DelegatingMethodAccessorImpl.java:43)
	at java.lang.reflect.Method.invoke(Method.java:498)
	at org.junit.runners.model.FrameworkMethod$1.runReflectiveCall(FrameworkMethod.java:59)
	at org.junit.internal.runners.model.ReflectiveCallable.run(ReflectiveCallable.java:12)
	at org.junit.runners.model.FrameworkMethod.invokeExplosively(FrameworkMethod.java:56)
	at org.junit.internal.runners.statements.RunAfters.invokeMethod(RunAfters.java:46)
	at org.junit.internal.runners.statements.RunAfters.evaluate(RunAfters.java:33)
	at org.junit.internal.runners.statements.FailOnTimeout$CallableStatement.call(FailOnTimeout.java:288)
	at org.junit.internal.runners.statements.FailOnTimeout$CallableStatement.call(FailOnTimeout.java:282)
	at java.util.concurrent.FutureTask.run(FutureTask.java:266)
	at java.lang.Thread.run(Thread.java:748)
</error>
    <system-out><![CDATA[2021-08-26 18:39:43,317 [Time-limited test] WARN  server.ServerUtils (ServerUtils.java:getScmDbDir(148)) - ozone.scm.db.dirs is not configured. We recommend adding this setting. Falling back to ozone.metadata.dirs instead.
2021-08-26 18:39:43,325 [Time-limited test] INFO  ha.SCMHANodeDetails (SCMHANodeDetails.java:loadSCMHAConfig(157)) - ServiceID for StorageContainerManager is null
2021-08-26 18:39:43,325 [Time-limited test] INFO  ha.SCMHANodeDetails (SCMHANodeDetails.java:loadSCMHAConfig(162)) - ozone.scm.default.service.id is not defined, falling back to ozone.scm.service.ids to find serviceID for StorageContainerManager if it is HA enabled cluster
2021-08-26 18:39:43,326 [Time-limited test] WARN  server.ServerUtils (ServerUtils.java:getScmDbDir(148)) - ozone.scm.db.dirs is not configured. We recommend adding this setting. Falling back to ozone.metadata.dirs instead.
2021-08-26 18:39:43,326 [Time-limited test] INFO  upgrade.AbstractLayoutVersionManager (AbstractLayoutVersionManager.java:init(70)) - Initializing Layout version manager with metadata layout = SCM_HA (version = 2), software layout = SCM_HA (version = 2)
2021-08-26 18:39:43,406 [Time-limited test] INFO  reflections.Reflections (Reflections.java:scan(232)) - Reflections took 79 ms to scan 7 urls, producing 120 keys and 275 values 
2021-08-26 18:39:43,424 [Time-limited test] WARN  utils.HAUtils (HAUtils.java:getMetaDir(342)) - ozone.scm.db.dirs is not configured. We recommend adding this setting. Falling back to ozone.metadata.dirs instead.
2021-08-26 18:39:43,425 [Time-limited test] WARN  db.DBStoreBuilder (DBStoreBuilder.java:applyDBDefinition(145)) - ozone.scm.db.dirs is not configured. We recommend adding this setting. Falling back to ozone.metadata.dirs instead.
2021-08-26 18:39:43,752 [Time-limited test] INFO  net.NodeSchemaLoader (NodeSchemaLoader.java:loadSchemaFromFile(129)) - Loading schema from [jar:file:/home/runner/.m2/repository/org/apache/ozone/hdds-common/1.2.0-SNAPSHOT/hdds-common-1.2.0-SNAPSHOT.jar!/network-topology-default.xml]
2021-08-26 18:39:43,753 [Time-limited test] INFO  net.NodeSchemaLoader (NodeSchemaLoader.java:loadSchema(176)) - Loading network topology layer schema file
2021-08-26 18:39:43,756 [Time-limited test] INFO  ha.SequenceIdGenerator (SequenceIdGenerator.java:upgradeToSequenceId(327)) - upgrade localId to 107544261427200000
2021-08-26 18:39:43,756 [Time-limited test] INFO  ha.SequenceIdGenerator (SequenceIdGenerator.java:upgradeToSequenceId(337)) - upgrade delTxnId to 0
2021-08-26 18:39:43,756 [Time-limited test] INFO  ha.SequenceIdGenerator (SequenceIdGenerator.java:upgradeToSequenceId(351)) - upgrade containerId to 0
2021-08-26 18:39:43,756 [Time-limited test] INFO  ha.SequenceIdGenerator (SequenceIdGenerator.java:<init>(217)) - Init the HA SequenceIdGenerator.
2021-08-26 18:39:43,756 [Time-limited test] WARN  server.ServerUtils (ServerUtils.java:sanitizeUserArgs(67)) - ozone.scm.dead.node.interval value = 10000 is smaller than min = 20000 based on the key value of ozone.scm.stale.node.interval, reset to the min value 20000.
2021-08-26 18:39:43,791 [Time-limited test] INFO  node.SCMNodeManager (SCMNodeManager.java:<init>(145)) - Entering startup safe mode.
2021-08-26 18:39:43,791 [Time-limited test] INFO  algorithms.ContainerPlacementPolicyFactory (ContainerPlacementPolicyFactory.java:getPolicy(60)) - Create container placement policy of type org.apache.hadoop.hdds.scm.container.placement.algorithms.SCMContainerPlacementRandom
2021-08-26 18:39:43,791 [Time-limited test] INFO  pipeline.PipelineStateManager (PipelineStateManagerV2Impl.java:initialize(78)) - No pipeline exists in current db
2021-08-26 18:39:43,792 [Time-limited test] INFO  algorithms.LeaderChoosePolicyFactory (LeaderChoosePolicyFactory.java:getPolicy(57)) - Create leader choose policy of type org.apache.hadoop.hdds.scm.pipeline.leader.choose.algorithms.MinLeaderCountChoosePolicy
2021-08-26 18:39:43,792 [Time-limited test] INFO  ha.SCMServiceManager (SCMServiceManager.java:register(43)) - Registering service BackgroundPipelineCreator.
2021-08-26 18:39:43,792 [Time-limited test] INFO  pipeline.BackgroundPipelineCreator (BackgroundPipelineCreatorV2.java:start(130)) - Starting RatisPipelineUtilsThread.
2021-08-26 18:39:43,796 [Time-limited test] INFO  algorithms.PipelineChoosePolicyFactory (PipelineChoosePolicyFactory.java:createPipelineChoosePolicyFromClass(73)) - Create pipeline choose policy of type org.apache.hadoop.hdds.scm.pipeline.choose.algorithms.RandomPipelineChoosePolicy
2021-08-26 18:39:43,797 [Time-limited test] INFO  ha.SCMServiceManager (SCMServiceManager.java:register(43)) - Registering service SCMBlockDeletingService.
2021-08-26 18:39:43,797 [Time-limited test] INFO  ha.SCMServiceManager (SCMServiceManager.java:register(43)) - Registering service ReplicationManager.
2021-08-26 18:39:43,797 [Time-limited test] INFO  container.ReplicationManager (ReplicationManager.java:start(307)) - Starting Replication Monitor Thread.
2021-08-26 18:39:43,821 [Time-limited test] INFO  safemode.ContainerSafeModeRule (ContainerSafeModeRule.java:<init>(89)) - containers with one replica threshold count 0
2021-08-26 18:39:43,821 [Time-limited test] INFO  safemode.HealthyPipelineSafeModeRule (HealthyPipelineSafeModeRule.java:initializeRule(156)) - Total pipeline count is 0, healthy pipeline threshold count is 1
2021-08-26 18:39:43,822 [Time-limited test] INFO  safemode.OneReplicaPipelineSafeModeRule (OneReplicaPipelineSafeModeRule.java:initializeRule(180)) - Total pipeline count is 0, pipeline's with at least one datanode reported threshold count is 0
2021-08-26 18:39:43,831 [Time-limited test] INFO  ipc.CallQueueManager (CallQueueManager.java:<init>(90)) - Using callQueue: class java.util.concurrent.LinkedBlockingQueue, queueCapacity: 2000, scheduler: class org.apache.hadoop.ipc.DefaultRpcScheduler, ipcBackoff: false.
2021-08-26 18:39:43,832 [Socket Reader #1 for port 0] INFO  ipc.Server (Server.java:run(1265)) - Starting Socket Reader #1 for port 0
2021-08-26 18:39:43,832 [Listener at 0.0.0.0/36131] INFO  ipc.CallQueueManager (CallQueueManager.java:<init>(90)) - Using callQueue: class java.util.concurrent.LinkedBlockingQueue, queueCapacity: 2000, scheduler: class org.apache.hadoop.ipc.DefaultRpcScheduler, ipcBackoff: false.
2021-08-26 18:39:43,833 [Socket Reader #1 for port 0] INFO  ipc.Server (Server.java:run(1265)) - Starting Socket Reader #1 for port 0
2021-08-26 18:39:43,833 [Listener at 0.0.0.0/41639] INFO  ipc.CallQueueManager (CallQueueManager.java:<init>(90)) - Using callQueue: class java.util.concurrent.LinkedBlockingQueue, queueCapacity: 2000, scheduler: class org.apache.hadoop.ipc.DefaultRpcScheduler, ipcBackoff: false.
2021-08-26 18:39:43,834 [Socket Reader #1 for port 0] INFO  ipc.Server (Server.java:run(1265)) - Starting Socket Reader #1 for port 0
2021-08-26 18:39:43,841 [ReplicationMonitor] INFO  container.ReplicationManager (ReplicationManager.java:processAll(359)) - Replication Monitor Thread took 0 milliseconds for processing 0 containers.
2021-08-26 18:39:43,905 [Listener at 0.0.0.0/34361] INFO  algorithms.ContainerPlacementPolicyFactory (ContainerPlacementPolicyFactory.java:getPolicy(60)) - Create container placement policy of type org.apache.hadoop.hdds.scm.container.placement.algorithms.SCMContainerPlacementRandom
2021-08-26 18:39:43,905 [Listener at 0.0.0.0/34361] INFO  server.StorageContainerManager (StorageContainerManager.java:<init>(387)) - 
Container Balancer status:
Key                            Value
Running                        false
Container Balancer Configuration values:
Key                                                Value
Threshold                                          0.1
Max Datanodes to Involve per Iteration(ratio)      0.5
Max Size to Move per Iteration                     10737418240B

2021-08-26 18:39:43,905 [Listener at 0.0.0.0/34361] WARN  events.EventQueue (EventQueue.java:fireEvent(194)) - No event handler registered for event TypedEvent{payloadType=SafeModeStatus, name='Safe mode status'}
2021-08-26 18:39:43,905 [Listener at 0.0.0.0/34361] INFO  ha.SCMContext (SCMContext.java:updateSafeModeStatus(205)) - Update SafeModeStatus from SafeModeStatus{safeModeStatus=true, preCheckPassed=false} to SafeModeStatus{safeModeStatus=true, preCheckPassed=false}.
2021-08-26 18:39:43,906 [Listener at 0.0.0.0/34361] INFO  server.StorageContainerManager (StorageContainerManager.java:start(1255)) - StorageContainerLocationProtocol RPC server is listening at /0.0.0.0:34361
2021-08-26 18:39:43,907 [Listener at 0.0.0.0/34361] WARN  impl.MetricsConfig (MetricsConfig.java:loadFirst(136)) - Cannot locate configuration: tried hadoop-metrics2-storagecontainermanager.properties,hadoop-metrics2.properties
2021-08-26 18:39:43,972 [Listener at 0.0.0.0/34361] INFO  impl.MetricsSystemImpl (MetricsSystemImpl.java:startTimer(378)) - Scheduled Metric snapshot period at 10 second(s).
2021-08-26 18:39:43,972 [Listener at 0.0.0.0/34361] INFO  impl.MetricsSystemImpl (MetricsSystemImpl.java:start(191)) - StorageContainerManager metrics system started
2021-08-26 18:39:44,091 [Listener at 0.0.0.0/34361] INFO  impl.MetricsSinkAdapter (MetricsSinkAdapter.java:start(204)) - Sink prometheus started
2021-08-26 18:39:44,092 [Listener at 0.0.0.0/34361] INFO  impl.MetricsSystemImpl (MetricsSystemImpl.java:registerSink(305)) - Registered sink prometheus
2021-08-26 18:39:44,111 [Listener at 0.0.0.0/34361] WARN  impl.MetricRegistriesImpl (MetricRegistriesImpl.java:addReporterRegistration(111)) - New reporters are added after registries were created. Some metrics will be missing from the reporter. Please add reporter before adding any new registry.
2021-08-26 18:39:44,111 [Listener at 0.0.0.0/34361] WARN  impl.MetricRegistriesImpl (MetricRegistriesImpl.java:addReporterRegistration(111)) - New reporters are added after registries were created. Some metrics will be missing from the reporter. Please add reporter before adding any new registry.
2021-08-26 18:39:44,112 [Listener at 0.0.0.0/34361] INFO  server.SCMClientProtocolServer (SCMClientProtocolServer.java:start(164)) - RPC server for Client  is listening at /0.0.0.0:34361
2021-08-26 18:39:44,112 [IPC Server Responder] INFO  ipc.Server (Server.java:run(1507)) - IPC Server Responder: starting
2021-08-26 18:39:44,113 [IPC Server listener on 0] INFO  ipc.Server (Server.java:run(1344)) - IPC Server listener on 0: starting
2021-08-26 18:39:44,193 [Listener at 0.0.0.0/34361] INFO  server.StorageContainerManager (StorageContainerManager.java:start(1272)) - ScmBlockLocationProtocol RPC server is listening at /0.0.0.0:41639
2021-08-26 18:39:44,193 [Listener at 0.0.0.0/34361] INFO  server.SCMBlockProtocolServer (SCMBlockProtocolServer.java:start(151)) - RPC server for Block Protocol is listening at /0.0.0.0:41639
2021-08-26 18:39:44,207 [IPC Server Responder] INFO  ipc.Server (Server.java:run(1507)) - IPC Server Responder: starting
2021-08-26 18:39:44,231 [IPC Server listener on 0] INFO  ipc.Server (Server.java:run(1344)) - IPC Server listener on 0: starting
2021-08-26 18:39:44,253 [Listener at 0.0.0.0/34361] INFO  server.StorageContainerManager (StorageContainerManager.java:start(1278)) - ScmDatanodeProtocl RPC server is listening at /0.0.0.0:36131
2021-08-26 18:39:44,253 [Listener at 0.0.0.0/34361] INFO  server.SCMDatanodeProtocolServer (SCMDatanodeProtocolServer.java:start(181)) - RPC server for DataNodes is listening at /0.0.0.0:36131
2021-08-26 18:39:44,253 [IPC Server Responder] INFO  ipc.Server (Server.java:run(1507)) - IPC Server Responder: starting
2021-08-26 18:39:44,254 [IPC Server listener on 0] INFO  ipc.Server (Server.java:run(1344)) - IPC Server listener on 0: starting
2021-08-26 18:39:44,319 [Listener at 0.0.0.0/34361] INFO  http.BaseHttpServer (BaseHttpServer.java:newHttpServer2BuilderForOzone(209)) - Starting Web-server for scm at: http://0.0.0.0:0
2021-08-26 18:39:44,319 [Listener at 0.0.0.0/34361] INFO  http.BaseHttpServer (BaseHttpServer.java:<init>(107)) - Hadoop Security Enabled: false Ozone Security Enabled: false Ozone HTTP Security Enabled: false 
2021-08-26 18:39:44,320 [Listener at 0.0.0.0/34361] INFO  server.AuthenticationFilter (AuthenticationFilter.java:constructSecretProvider(240)) - Unable to initialize FileSignerSecretProvider, falling back to use random secrets.
2021-08-26 18:39:44,358 [org.apache.hadoop.util.JvmPauseMonitor$Monitor@1fd71ec0] INFO  util.JvmPauseMonitor (JvmPauseMonitor.java:run(188)) - Starting JVM pause monitor
2021-08-26 18:39:44,363 [Listener at 0.0.0.0/34361] WARN  http.HttpRequestLog (HttpRequestLog.java:getRequestLog(103)) - Jetty request log can only be enabled using Log4j
2021-08-26 18:39:44,364 [Listener at 0.0.0.0/34361] INFO  http.HttpServer2 (HttpServer2.java:addGlobalFilter(1030)) - Added global filter 'safety' (class=org.apache.hadoop.hdds.server.http.HttpServer2$QuotingInputFilter)
2021-08-26 18:39:44,364 [Listener at 0.0.0.0/34361] INFO  http.HttpServer2 (HttpServer2.java:addFilter(1006)) - Added filter static_user_filter (class=org.apache.hadoop.http.lib.StaticUserWebFilter$StaticUserFilter) to context scm
2021-08-26 18:39:44,364 [Listener at 0.0.0.0/34361] INFO  http.HttpServer2 (HttpServer2.java:addFilter(1014)) - Added filter static_user_filter (class=org.apache.hadoop.http.lib.StaticUserWebFilter$StaticUserFilter) to context static
2021-08-26 18:39:44,364 [Listener at 0.0.0.0/34361] INFO  http.HttpServer2 (HttpServer2.java:addFilter(1014)) - Added filter static_user_filter (class=org.apache.hadoop.http.lib.StaticUserWebFilter$StaticUserFilter) to context logs
2021-08-26 18:39:44,364 [Listener at 0.0.0.0/34361] INFO  http.HttpServer2 (HttpServer2.java:bindListener(1249)) - Jetty bound to port 35649
2021-08-26 18:39:44,365 [Listener at 0.0.0.0/34361] INFO  server.Server (Server.java:doStart(375)) - jetty-9.4.43.v20210629; built: 2021-06-30T11:07:22.254Z; git: 526006ecfa3af7f1a27ef3a288e2bef7ea9dd7e8; jvm 1.8.0_292-b10
2021-08-26 18:39:44,372 [Listener at 0.0.0.0/34361] INFO  server.session (DefaultSessionIdManager.java:doStart(334)) - DefaultSessionIdManager workerName=node0
2021-08-26 18:39:44,372 [Listener at 0.0.0.0/34361] INFO  server.session (DefaultSessionIdManager.java:doStart(339)) - No SessionScavenger set, using defaults
2021-08-26 18:39:44,373 [Listener at 0.0.0.0/34361] INFO  server.session (HouseKeeper.java:startScavenging(132)) - node0 Scavenging every 600000ms
2021-08-26 18:39:44,373 [Listener at 0.0.0.0/34361] INFO  handler.ContextHandler (ContextHandler.java:doStart(915)) - Started o.e.j.s.ServletContextHandler@28377188{logs,/logs,file:///home/runner/work/ozone/ozone/hadoop-ozone/integration-test/target/log,AVAILABLE}
2021-08-26 18:39:44,373 [Listener at 0.0.0.0/34361] INFO  handler.ContextHandler (ContextHandler.java:doStart(915)) - Started o.e.j.s.ServletContextHandler@782f8dcf{static,/static,file:///home/runner/work/ozone/ozone/hadoop-ozone/integration-test/target/test-classes/webapps/static,AVAILABLE}
2021-08-26 18:39:44,376 [Listener at 0.0.0.0/34361] INFO  handler.ContextHandler (ContextHandler.java:doStart(915)) - Started o.e.j.w.WebAppContext@30f6787b{scm,/,file:///home/runner/work/ozone/ozone/hadoop-ozone/integration-test/target/test-classes/webapps/scm/,AVAILABLE}{file:/home/runner/work/ozone/ozone/hadoop-ozone/integration-test/target/test-classes/webapps/scm}
2021-08-26 18:39:44,395 [Listener at 0.0.0.0/34361] INFO  server.AbstractConnector (AbstractConnector.java:doStart(331)) - Started ServerConnector@406a685{HTTP/1.1, (http/1.1)}{0.0.0.0:35649}
2021-08-26 18:39:44,395 [Listener at 0.0.0.0/34361] INFO  server.Server (Server.java:doStart(415)) - Started @166174ms
2021-08-26 18:39:44,395 [Listener at 0.0.0.0/34361] WARN  impl.MetricsSystemImpl (MetricsSystemImpl.java:register(279)) - Sink prometheus already exists!
2021-08-26 18:39:44,396 [Listener at 0.0.0.0/34361] INFO  http.BaseHttpServer (BaseHttpServer.java:updateConnectorAddress(329)) - HTTP server of scm listening at http://0.0.0.0:35649
2021-08-26 18:39:44,396 [Listener at 0.0.0.0/34361] WARN  server.ServerUtils (ServerUtils.java:getDBPath(225)) - ozone.om.db.dirs is not configured. We recommend adding this setting. Falling back to ozone.metadata.dirs instead.
2021-08-26 18:39:44,407 [Listener at 0.0.0.0/34361] INFO  ha.OMHANodeDetails (OMHANodeDetails.java:loadOMHAConfig(112)) - ozone.om.internal.service.id is not defined, falling back to ozone.om.service.ids to find serviceID for OzoneManager if it is HA enabled cluster
2021-08-26 18:39:44,407 [Listener at 0.0.0.0/34361] INFO  ha.OMHANodeDetails (OMHANodeDetails.java:loadOMHAConfig(219)) - Configuration does not have ozone.om.address set. Falling back to the default OM address /127.0.0.1:0
2021-08-26 18:39:44,407 [Listener at 0.0.0.0/34361] INFO  ha.OMHANodeDetails (OMHANodeDetails.java:getOMNodeDetails(247)) - OM Service ID is not set. Setting it to the default ID: omServiceIdDefault
2021-08-26 18:39:44,407 [Listener at 0.0.0.0/34361] INFO  ha.OMHANodeDetails (OMHANodeDetails.java:getOMNodeDetails(254)) - OM Node ID is not set. Setting it to the default ID: om1
2021-08-26 18:39:44,407 [Listener at 0.0.0.0/34361] WARN  server.ServerUtils (ServerUtils.java:getDBPath(225)) - ozone.om.db.dirs is not configured. We recommend adding this setting. Falling back to ozone.metadata.dirs instead.
2021-08-26 18:39:44,407 [Listener at 0.0.0.0/34361] INFO  upgrade.AbstractLayoutVersionManager (AbstractLayoutVersionManager.java:init(70)) - Initializing Layout version manager with metadata layout = INITIAL_VERSION (version = 0), software layout = INITIAL_VERSION (version = 0)
2021-08-26 18:39:44,568 [Listener at 0.0.0.0/34361] INFO  reflections.Reflections (Reflections.java:scan(232)) - Reflections took 160 ms to scan 2 urls, producing 131 keys and 342 values [using 2 cores]
2021-08-26 18:39:44,568 [Listener at 0.0.0.0/34361] INFO  upgrade.OMLayoutVersionManager (OMLayoutVersionManager.java:lambda$0(116)) - Skipping Upgrade Action MockOmUpgradeAction since it has been finalized.
2021-08-26 18:39:44,568 [Listener at 0.0.0.0/34361] WARN  server.ServerUtils (ServerUtils.java:getDBPath(225)) - ozone.om.db.dirs is not configured. We recommend adding this setting. Falling back to ozone.metadata.dirs instead.
2021-08-26 18:39:44,631 [Listener at 0.0.0.0/34361] WARN  server.ServerUtils (ServerUtils.java:getDBPath(225)) - ozone.om.db.dirs is not configured. We recommend adding this setting. Falling back to ozone.metadata.dirs instead.
2021-08-26 18:39:44,632 [Listener at 0.0.0.0/34361] INFO  codec.OmKeyInfoCodec (OmKeyInfoCodec.java:<init>(51)) - OmKeyInfoCodec ignorePipeline = true
2021-08-26 18:39:44,632 [Listener at 0.0.0.0/34361] INFO  codec.RepeatedOmKeyInfoCodec (RepeatedOmKeyInfoCodec.java:<init>(42)) - RepeatedOmKeyInfoCodec ignorePipeline = true
2021-08-26 18:39:45,103 [Listener at 0.0.0.0/34361] INFO  om.OzoneManager (OzoneManager.java:addS3GVolumeToDB(4115)) - Created Volume s3v With Owner runner required for S3Gateway operations.
2021-08-26 18:39:45,118 [Listener at 0.0.0.0/34361] WARN  server.ServerUtils (ServerUtils.java:getDefaultRatisDirectory(237)) - Storage directory for Ratis is not configured. It is a good idea to map this to an SSD disk. Falling back to ozone.metadata.dirs
2021-08-26 18:39:45,118 [Listener at 0.0.0.0/34361] WARN  utils.OzoneManagerRatisUtils (OzoneManagerRatisUtils.java:getOMRatisSnapshotDirectory(391)) - ozone.om.ratis.snapshot.dir is not configured. Falling back to ozone.metadata.dirs config
2021-08-26 18:39:45,127 [Listener at 0.0.0.0/34361] WARN  impl.MetricRegistriesImpl (MetricRegistriesImpl.java:addReporterRegistration(111)) - New reporters are added after registries were created. Some metrics will be missing from the reporter. Please add reporter before adding any new registry.
2021-08-26 18:39:45,128 [Listener at 0.0.0.0/34361] WARN  impl.MetricRegistriesImpl (MetricRegistriesImpl.java:addReporterRegistration(111)) - New reporters are added after registries were created. Some metrics will be missing from the reporter. Please add reporter before adding any new registry.
2021-08-26 18:39:45,128 [Listener at 0.0.0.0/34361] WARN  server.ServerUtils (ServerUtils.java:getDefaultRatisDirectory(237)) - Storage directory for Ratis is not configured. It is a good idea to map this to an SSD disk. Falling back to ozone.metadata.dirs
2021-08-26 18:39:45,128 [Listener at 0.0.0.0/34361] INFO  ratis.OzoneManagerRatisServer (OzoneManagerRatisServer.java:<init>(158)) - Instantiating OM Ratis server with groupID: omServiceIdDefault and peers: localhost:9872
2021-08-26 18:39:45,143 [Listener at 0.0.0.0/34361] INFO  ratis.OzoneManagerStateMachine (OzoneManagerStateMachine.java:loadSnapshotInfoFromDB(605)) - LastAppliedIndex is set from TransactionInfo from OM DB as (t:0, i:~)
2021-08-26 18:39:45,143 [Listener at 0.0.0.0/34361] INFO  server.RaftServer (ConfUtils.java:logGet(44)) - raft.rpc.type = GRPC (default)
2021-08-26 18:39:45,144 [Listener at 0.0.0.0/34361] INFO  grpc.GrpcFactory (GrpcFactory.java:checkPooledByteBufAllocatorUseCacheForAllThreads(48)) - PERFORMANCE WARNING: useCacheForAllThreads is true that may cause Netty to create a lot garbage objects and, as a result, trigger GC.
	It is recommended to disable useCacheForAllThreads by setting -Dorg.apache.ratis.thirdparty.io.netty.allocator.useCacheForAllThreads=false in command line.
2021-08-26 18:39:45,156 [Listener at 0.0.0.0/34361] INFO  grpc.GrpcConfigKeys (ConfUtils.java:logGet(44)) - raft.grpc.admin.port = -1 (default)
2021-08-26 18:39:45,156 [Listener at 0.0.0.0/34361] INFO  grpc.GrpcConfigKeys (ConfUtils.java:logGet(44)) - raft.grpc.server.port = 9872 (custom)
2021-08-26 18:39:45,156 [Listener at 0.0.0.0/34361] INFO  grpc.GrpcConfigKeys (ConfUtils.java:logGet(44)) - raft.grpc.client.port = -1 (default)
2021-08-26 18:39:45,156 [Listener at 0.0.0.0/34361] INFO  grpc.GrpcConfigKeys (ConfUtils.java:logGet(44)) - raft.grpc.server.port = 9872 (custom)
2021-08-26 18:39:45,156 [Listener at 0.0.0.0/34361] INFO  grpc.GrpcConfigKeys (ConfUtils.java:logGet(44)) - raft.grpc.server.port = 9872 (custom)
2021-08-26 18:39:45,156 [Listener at 0.0.0.0/34361] INFO  server.GrpcService (ConfUtils.java:logGet(44)) - raft.grpc.message.size.max = 33554432 (custom)
2021-08-26 18:39:45,156 [Listener at 0.0.0.0/34361] INFO  server.RaftServerConfigKeys (ConfUtils.java:logGet(44)) - raft.server.log.appender.buffer.byte-limit = 33554432 (custom)
2021-08-26 18:39:45,156 [Listener at 0.0.0.0/34361] INFO  server.GrpcService (ConfUtils.java:logGet(44)) - raft.grpc.flow.control.window = 1MB (=1048576) (default)
2021-08-26 18:39:45,157 [Listener at 0.0.0.0/34361] INFO  server.RaftServerConfigKeys (ConfUtils.java:logGet(44)) - raft.server.rpc.request.timeout = 3000ms (default)
2021-08-26 18:39:45,158 [Listener at 0.0.0.0/34361] INFO  impl.DataStreamServerImpl (ConfUtils.java:logGet(44)) - raft.datastream.type = DISABLED (default)
2021-08-26 18:39:45,163 [Listener at 0.0.0.0/34361] INFO  server.RaftServerConfigKeys (ConfUtils.java:logGet(44)) - raft.server.rpc.slowness.timeout = 120s (custom)
2021-08-26 18:39:45,163 [Listener at 0.0.0.0/34361] INFO  server.RaftServerConfigKeys (ConfUtils.java:logGet(44)) - raft.server.leaderelection.leader.step-down.wait-time = 10s (default)
2021-08-26 18:39:45,163 [Listener at 0.0.0.0/34361] INFO  server.RaftServerConfigKeys (ConfUtils.java:logGet(44)) - raft.server.storage.dir = [/home/runner/work/ozone/ozone/hadoop-ozone/integration-test/target/test-dir/MiniOzoneClusterImpl-7287d2d4-454f-4da5-bbdc-7dc3b2fb158b/ozone-meta/ratis] (custom)
2021-08-26 18:39:45,166 [Listener at 0.0.0.0/34361] INFO  server.RaftServer (RaftServerProxy.java:addNew(95)) - om1: addNew group-C5BA1605619E:[om1|rpc:localhost:9872|priority:0] returns group-C5BA1605619E:java.util.concurrent.CompletableFuture@168914fa[Not completed]
2021-08-26 18:39:45,166 [Listener at 0.0.0.0/34361] INFO  om.OzoneManager (OzoneManager.java:initializeRatisServer(1573)) - OzoneManager Ratis server initialized at port 9872
2021-08-26 18:39:45,167 [Listener at 0.0.0.0/34361] INFO  ipc.CallQueueManager (CallQueueManager.java:<init>(90)) - Using callQueue: class java.util.concurrent.LinkedBlockingQueue, queueCapacity: 2000, scheduler: class org.apache.hadoop.ipc.DefaultRpcScheduler, ipcBackoff: false.
2021-08-26 18:39:45,167 [pool-484-thread-1] INFO  server.RaftServer$Division (RaftServerImpl.java:<init>(181)) - om1: new RaftServerImpl for group-C5BA1605619E:[om1|rpc:localhost:9872|priority:0] with OzoneManagerStateMachine:uninitialized
2021-08-26 18:39:45,181 [Socket Reader #1 for port 0] INFO  ipc.Server (Server.java:run(1265)) - Starting Socket Reader #1 for port 0
2021-08-26 18:39:45,207 [pool-484-thread-1] INFO  server.RaftServerConfigKeys (ConfUtils.java:logGet(44)) - raft.server.rpc.timeout.min = 1s (custom)
2021-08-26 18:39:45,207 [pool-484-thread-1] INFO  server.RaftServerConfigKeys (ConfUtils.java:logGet(44)) - raft.server.rpc.timeout.max = 1200ms (custom)
2021-08-26 18:39:45,207 [pool-484-thread-1] INFO  server.RaftServerConfigKeys (ConfUtils.java:logGet(44)) - raft.server.rpc.sleep.time = 25ms (default)
2021-08-26 18:39:45,207 [pool-484-thread-1] INFO  server.RaftServerConfigKeys (ConfUtils.java:logGet(44)) - raft.server.rpc.slowness.timeout = 120s (custom)
2021-08-26 18:39:45,207 [pool-484-thread-1] INFO  server.RaftServerConfigKeys (ConfUtils.java:logGet(44)) - raft.server.leaderelection.leader.step-down.wait-time = 10s (default)
2021-08-26 18:39:45,207 [pool-484-thread-1] INFO  server.RaftServerConfigKeys (ConfUtils.java:logGet(44)) - raft.server.sleep.deviation.threshold = 300ms (default)
2021-08-26 18:39:45,207 [pool-484-thread-1] INFO  server.RaftServerConfigKeys (ConfUtils.java:logGet(44)) - raft.server.log.appender.install.snapshot.enabled = false (custom)
2021-08-26 18:39:45,225 [Listener at 127.0.0.1/40319] INFO  om.OzoneManager (OzoneManager.java:initFSOLayout(4321)) - Configured ozone.om.metadata.layout=SIMPLE and disabled optimized OM FS operations
2021-08-26 18:39:45,231 [pool-484-thread-1] INFO  server.RaftServer$Division (ServerState.java:<init>(105)) - om1@group-C5BA1605619E: ConfigurationManager, init=-1: [om1|rpc:localhost:9872|priority:0], old=null, confs=<EMPTY_MAP>
2021-08-26 18:39:45,239 [pool-484-thread-1] INFO  server.RaftServerConfigKeys (ConfUtils.java:logGet(44)) - raft.server.storage.dir = [/home/runner/work/ozone/ozone/hadoop-ozone/integration-test/target/test-dir/MiniOzoneClusterImpl-7287d2d4-454f-4da5-bbdc-7dc3b2fb158b/ozone-meta/ratis] (custom)
2021-08-26 18:39:45,239 [pool-484-thread-1] INFO  server.RaftServerConfigKeys (ConfUtils.java:logGet(44)) - raft.server.log.corruption.policy = EXCEPTION (default)
2021-08-26 18:39:45,239 [Listener at 127.0.0.1/40319] INFO  impl.MetricsSystemImpl (MetricsSystemImpl.java:init(158)) - OzoneManager metrics system started (again)
2021-08-26 18:39:45,239 [pool-484-thread-1] INFO  server.RaftServerConfigKeys (ConfUtils.java:logGet(44)) - raft.server.storage.free-space.min = 0MB (=0) (default)
2021-08-26 18:39:45,240 [pool-484-thread-1] INFO  storage.RaftStorageDirectory (RaftStorageDirectoryImpl.java:analyzeStorage(135)) - The storage directory /home/runner/work/ozone/ozone/hadoop-ozone/integration-test/target/test-dir/MiniOzoneClusterImpl-7287d2d4-454f-4da5-bbdc-7dc3b2fb158b/ozone-meta/ratis/bf265839-605b-3f16-9796-c5ba1605619e does not exist. Creating ...
2021-08-26 18:39:45,241 [pool-484-thread-1] INFO  storage.RaftStorageDirectory (RaftStorageDirectoryImpl.java:tryLock(230)) - Lock on /home/runner/work/ozone/ozone/hadoop-ozone/integration-test/target/test-dir/MiniOzoneClusterImpl-7287d2d4-454f-4da5-bbdc-7dc3b2fb158b/ozone-meta/ratis/bf265839-605b-3f16-9796-c5ba1605619e/in_use.lock acquired by nodename 22608@fv-az184-233
2021-08-26 18:39:45,254 [pool-484-thread-1] INFO  storage.RaftStorage (RaftStorageImpl.java:format(89)) - Storage directory /home/runner/work/ozone/ozone/hadoop-ozone/integration-test/target/test-dir/MiniOzoneClusterImpl-7287d2d4-454f-4da5-bbdc-7dc3b2fb158b/ozone-meta/ratis/bf265839-605b-3f16-9796-c5ba1605619e has been successfully formatted.
2021-08-26 18:39:45,254 [pool-484-thread-1] INFO  server.RaftServerConfigKeys (ConfUtils.java:logGet(44)) - raft.server.notification.no-leader.timeout = 120s (custom)
2021-08-26 18:39:45,255 [pool-484-thread-1] INFO  server.RaftServerConfigKeys (ConfUtils.java:logGet(44)) - raft.server.log.use.memory = false (default)
2021-08-26 18:39:45,255 [pool-484-thread-1] INFO  server.RaftServerConfigKeys (ConfUtils.java:logGet(44)) - raft.server.log.purge.gap = 1000000 (custom)
2021-08-26 18:39:45,255 [pool-484-thread-1] INFO  server.RaftServerConfigKeys (ConfUtils.java:logGet(44)) - raft.server.log.appender.buffer.byte-limit = 33554432 (custom)
2021-08-26 18:39:45,255 [pool-484-thread-1] INFO  server.RaftServerConfigKeys (ConfUtils.java:logGet(44)) - raft.server.log.segment.size.max = 4194304 (custom)
2021-08-26 18:39:45,255 [pool-484-thread-1] INFO  server.RaftServerConfigKeys (ConfUtils.java:logGet(44)) - raft.server.log.segment.cache.num.max = 2 (custom)
2021-08-26 18:39:45,255 [pool-484-thread-1] INFO  server.RaftServerConfigKeys (ConfUtils.java:logGet(44)) - raft.server.log.segment.cache.size.max = 200MB (=209715200) (default)
2021-08-26 18:39:45,255 [pool-484-thread-1] INFO  segmented.SegmentedRaftLogWorker (SegmentedRaftLogWorker.java:<init>(182)) - new om1@group-C5BA1605619E-SegmentedRaftLogWorker for RaftStorageImpl:Storage Directory /home/runner/work/ozone/ozone/hadoop-ozone/integration-test/target/test-dir/MiniOzoneClusterImpl-7287d2d4-454f-4da5-bbdc-7dc3b2fb158b/ozone-meta/ratis/bf265839-605b-3f16-9796-c5ba1605619e
2021-08-26 18:39:45,255 [pool-484-thread-1] INFO  server.RaftServerConfigKeys (ConfUtils.java:logGet(44)) - raft.server.log.queue.byte-limit = 64MB (=67108864) (default)
2021-08-26 18:39:45,255 [pool-484-thread-1] INFO  server.RaftServerConfigKeys (ConfUtils.java:logGet(44)) - raft.server.log.queue.element-limit = 4096 (default)
2021-08-26 18:39:45,255 [pool-484-thread-1] INFO  server.RaftServerConfigKeys (ConfUtils.java:logGet(44)) - raft.server.log.segment.size.max = 4194304 (custom)
2021-08-26 18:39:45,255 [pool-484-thread-1] INFO  server.RaftServerConfigKeys (ConfUtils.java:logGet(44)) - raft.server.log.preallocated.size = 4194304 (custom)
2021-08-26 18:39:45,256 [pool-484-thread-1] INFO  server.RaftServerConfigKeys (ConfUtils.java:logGet(44)) - raft.server.log.force.sync.num = 128 (default)
2021-08-26 18:39:45,256 [pool-484-thread-1] INFO  server.RaftServerConfigKeys (ConfUtils.java:logGet(44)) - raft.server.log.statemachine.data.sync = true (default)
2021-08-26 18:39:45,256 [pool-484-thread-1] INFO  server.RaftServerConfigKeys (ConfUtils.java:logGet(44)) - raft.server.log.statemachine.data.sync.timeout = 10s (default)
2021-08-26 18:39:45,256 [pool-484-thread-1] INFO  server.RaftServerConfigKeys (ConfUtils.java:logGet(44)) - raft.server.log.statemachine.data.sync.timeout.retry = -1 (default)
2021-08-26 18:39:45,256 [pool-484-thread-1] INFO  server.RaftServerConfigKeys (ConfUtils.java:logGet(44)) - raft.server.log.write.buffer.size = 64KB (=65536) (default)
2021-08-26 18:39:45,256 [pool-484-thread-1] INFO  server.RaftServerConfigKeys (ConfUtils.java:logGet(44)) - raft.server.log.statemachine.data.caching.enabled = false (default)
2021-08-26 18:39:45,257 [pool-484-thread-1] INFO  segmented.SegmentedRaftLogWorker (SegmentedRaftLogWorker.java:lambda$new$0(133)) - om1@group-C5BA1605619E-SegmentedRaftLogWorker: flushIndex: setUnconditionally 0 -> -1
2021-08-26 18:39:45,257 [pool-484-thread-1] INFO  segmented.SegmentedRaftLogWorker (SegmentedRaftLogWorker.java:lambda$new$0(133)) - om1@group-C5BA1605619E-SegmentedRaftLogWorker: safeCacheEvictIndex: setUnconditionally 0 -> -1
2021-08-26 18:39:45,259 [pool-484-thread-1] INFO  server.RaftServerConfigKeys (ConfUtils.java:logGet(44)) - raft.server.snapshot.auto.trigger.enabled = true (custom)
2021-08-26 18:39:45,259 [pool-484-thread-1] INFO  server.RaftServerConfigKeys (ConfUtils.java:logGet(44)) - raft.server.snapshot.auto.trigger.threshold = 400000 (default)
2021-08-26 18:39:45,259 [pool-484-thread-1] INFO  server.RaftServerConfigKeys (ConfUtils.java:logGet(44)) - raft.server.snapshot.retention.file.num = -1 (default)
2021-08-26 18:39:45,259 [pool-484-thread-1] INFO  server.RaftServerConfigKeys (ConfUtils.java:logGet(44)) - raft.server.log.purge.upto.snapshot.index = true (custom)
2021-08-26 18:39:45,259 [pool-484-thread-1] INFO  server.RaftServerConfigKeys (ConfUtils.java:logGet(44)) - raft.server.retrycache.expirytime = 300s (custom)
2021-08-26 18:39:45,259 [pool-484-thread-1] INFO  server.RaftServerConfigKeys (ConfUtils.java:logGet(44)) - raft.server.retrycache.statistics.expirytime = 100μs (default)
2021-08-26 18:39:45,307 [Listener at 127.0.0.1/40319] INFO  om.OzoneManager (OzoneManager.java:start(1270)) - OzoneManager RPC server is listening at localhost/127.0.0.1:40319
2021-08-26 18:39:45,315 [Listener at 127.0.0.1/40319] INFO  ratis.OzoneManagerRatisServer (OzoneManagerRatisServer.java:start(516)) - Starting OzoneManagerRatisServer om1 at port 9872
2021-08-26 18:39:45,315 [Listener at 127.0.0.1/40319] INFO  server.RaftServer$Division (RaftServerImpl.java:start(296)) - om1@group-C5BA1605619E: start as a follower, conf=-1: [om1|rpc:localhost:9872|priority:0], old=null
2021-08-26 18:39:45,315 [Listener at 127.0.0.1/40319] INFO  server.RaftServer$Division (RaftServerImpl.java:setRole(285)) - om1@group-C5BA1605619E: changes role from      null to FOLLOWER at term 0 for startAsFollower
2021-08-26 18:39:45,316 [Listener at 127.0.0.1/40319] INFO  impl.RoleInfo (RoleInfo.java:updateAndGet(130)) - om1: start om1@group-C5BA1605619E-FollowerState
2021-08-26 18:39:45,316 [Listener at 127.0.0.1/40319] INFO  util.JmxRegister (JmxRegister.java:tryRegister(44)) - Successfully registered JMX Bean with object name Ratis:service=RaftServer,group=group-C5BA1605619E,id=om1
2021-08-26 18:39:45,316 [Listener at 127.0.0.1/40319] INFO  server.RaftServer (RaftServerProxy.java:lambda$start$5(374)) - om1: start RPC server
2021-08-26 18:39:45,318 [Listener at 127.0.0.1/40319] INFO  server.GrpcService (GrpcService.java:startImpl(253)) - om1: GrpcService started, listening on 9872
2021-08-26 18:39:45,319 [Listener at 127.0.0.1/40319] INFO  om.OzoneManager (OzoneManager.java:start(1288)) - Version File has different layout version (0) than OM DB (null). That is expected if this OM has never been finalized to a newer layout version.
2021-08-26 18:39:45,319 [org.apache.ratis.util.JvmPauseMonitor$$Lambda$531/1778678572@48517ddc] INFO  util.JvmPauseMonitor (JvmPauseMonitor.java:run(103)) - JvmPauseMonitor-om1: Started
2021-08-26 18:39:45,327 [Listener at 127.0.0.1/40319] INFO  http.BaseHttpServer (BaseHttpServer.java:newHttpServer2BuilderForOzone(209)) - Starting Web-server for ozoneManager at: http://0.0.0.0:0
2021-08-26 18:39:45,327 [Listener at 127.0.0.1/40319] INFO  http.BaseHttpServer (BaseHttpServer.java:<init>(107)) - Hadoop Security Enabled: false Ozone Security Enabled: false Ozone HTTP Security Enabled: false 
2021-08-26 18:39:45,332 [Listener at 127.0.0.1/40319] INFO  server.AuthenticationFilter (AuthenticationFilter.java:constructSecretProvider(240)) - Unable to initialize FileSignerSecretProvider, falling back to use random secrets.
2021-08-26 18:39:45,333 [Listener at 127.0.0.1/40319] WARN  http.HttpRequestLog (HttpRequestLog.java:getRequestLog(103)) - Jetty request log can only be enabled using Log4j
2021-08-26 18:39:45,334 [Listener at 127.0.0.1/40319] INFO  http.HttpServer2 (HttpServer2.java:addGlobalFilter(1030)) - Added global filter 'safety' (class=org.apache.hadoop.hdds.server.http.HttpServer2$QuotingInputFilter)
2021-08-26 18:39:45,334 [Listener at 127.0.0.1/40319] INFO  http.HttpServer2 (HttpServer2.java:addFilter(1006)) - Added filter static_user_filter (class=org.apache.hadoop.http.lib.StaticUserWebFilter$StaticUserFilter) to context ozoneManager
2021-08-26 18:39:45,335 [Listener at 127.0.0.1/40319] INFO  http.HttpServer2 (HttpServer2.java:addFilter(1014)) - Added filter static_user_filter (class=org.apache.hadoop.http.lib.StaticUserWebFilter$StaticUserFilter) to context logs
2021-08-26 18:39:45,335 [Listener at 127.0.0.1/40319] INFO  http.HttpServer2 (HttpServer2.java:addFilter(1014)) - Added filter static_user_filter (class=org.apache.hadoop.http.lib.StaticUserWebFilter$StaticUserFilter) to context static
2021-08-26 18:39:45,335 [Listener at 127.0.0.1/40319] INFO  http.HttpServer2 (HttpServer2.java:bindListener(1249)) - Jetty bound to port 40021
2021-08-26 18:39:45,335 [Listener at 127.0.0.1/40319] INFO  server.Server (Server.java:doStart(375)) - jetty-9.4.43.v20210629; built: 2021-06-30T11:07:22.254Z; git: 526006ecfa3af7f1a27ef3a288e2bef7ea9dd7e8; jvm 1.8.0_292-b10
2021-08-26 18:39:45,337 [Listener at 127.0.0.1/40319] INFO  server.session (DefaultSessionIdManager.java:doStart(334)) - DefaultSessionIdManager workerName=node0
2021-08-26 18:39:45,337 [Listener at 127.0.0.1/40319] INFO  server.session (DefaultSessionIdManager.java:doStart(339)) - No SessionScavenger set, using defaults
2021-08-26 18:39:45,340 [Listener at 127.0.0.1/40319] INFO  server.session (HouseKeeper.java:startScavenging(132)) - node0 Scavenging every 660000ms
2021-08-26 18:39:45,340 [Listener at 127.0.0.1/40319] INFO  handler.ContextHandler (ContextHandler.java:doStart(915)) - Started o.e.j.s.ServletContextHandler@66c76083{logs,/logs,file:///home/runner/work/ozone/ozone/hadoop-ozone/integration-test/target/log,AVAILABLE}
2021-08-26 18:39:45,340 [Listener at 127.0.0.1/40319] INFO  handler.ContextHandler (ContextHandler.java:doStart(915)) - Started o.e.j.s.ServletContextHandler@44024b0d{static,/static,file:///home/runner/work/ozone/ozone/hadoop-ozone/integration-test/target/test-classes/webapps/static,AVAILABLE}
2021-08-26 18:39:45,353 [Listener at 127.0.0.1/40319] INFO  handler.ContextHandler (ContextHandler.java:doStart(915)) - Started o.e.j.w.WebAppContext@75cc0bf1{ozoneManager,/,file:///home/runner/work/ozone/ozone/hadoop-ozone/integration-test/target/test-classes/webapps/ozoneManager/,AVAILABLE}{file:/home/runner/work/ozone/ozone/hadoop-ozone/integration-test/target/test-classes/webapps/ozoneManager}
2021-08-26 18:39:45,383 [Listener at 127.0.0.1/40319] INFO  server.AbstractConnector (AbstractConnector.java:doStart(331)) - Started ServerConnector@a01414{HTTP/1.1, (http/1.1)}{0.0.0.0:40021}
2021-08-26 18:39:45,383 [Listener at 127.0.0.1/40319] INFO  server.Server (Server.java:doStart(415)) - Started @167162ms
2021-08-26 18:39:45,383 [Listener at 127.0.0.1/40319] WARN  impl.MetricsSystemImpl (MetricsSystemImpl.java:register(279)) - Sink prometheus already exists!
2021-08-26 18:39:45,384 [Listener at 127.0.0.1/40319] INFO  http.BaseHttpServer (BaseHttpServer.java:updateConnectorAddress(329)) - HTTP server of ozoneManager listening at http://0.0.0.0:40021
2021-08-26 18:39:45,384 [IPC Server Responder] INFO  ipc.Server (Server.java:run(1507)) - IPC Server Responder: starting
2021-08-26 18:39:45,384 [IPC Server listener on 0] INFO  ipc.Server (Server.java:run(1344)) - IPC Server listener on 0: starting
2021-08-26 18:39:45,387 [Listener at 127.0.0.1/40319] INFO  om.OzoneManager (OzoneManager.java:startTrashEmptier(1531)) - Trash Interval set to 0. Files deleted will not move to trash
2021-08-26 18:39:45,438 [Listener at 127.0.0.1/40319] WARN  impl.MetricRegistriesImpl (MetricRegistriesImpl.java:addReporterRegistration(111)) - New reporters are added after registries were created. Some metrics will be missing from the reporter. Please add reporter before adding any new registry.
2021-08-26 18:39:45,447 [org.apache.hadoop.util.JvmPauseMonitor$Monitor@35719c56] INFO  util.JvmPauseMonitor (JvmPauseMonitor.java:run(188)) - Starting JVM pause monitor
2021-08-26 18:39:45,447 [Listener at 127.0.0.1/40319] WARN  impl.MetricRegistriesImpl (MetricRegistriesImpl.java:addReporterRegistration(111)) - New reporters are added after registries were created. Some metrics will be missing from the reporter. Please add reporter before adding any new registry.
2021-08-26 18:39:45,447 [Listener at 127.0.0.1/40319] INFO  impl.MetricsSystemImpl (MetricsSystemImpl.java:init(158)) - HddsDatanode metrics system started (again)
2021-08-26 18:39:45,508 [Listener at 127.0.0.1/40319] INFO  ozone.HddsDatanodeService (HddsDatanodeService.java:start(234)) - HddsDatanodeService host:fv-az184-233.3ow45vhwbzuu5incsxmygykede.cx.internal.cloudapp.net ip:10.1.0.63
2021-08-26 18:39:45,576 [Listener at 127.0.0.1/40319] INFO  upgrade.AbstractLayoutVersionManager (AbstractLayoutVersionManager.java:init(70)) - Initializing Layout version manager with metadata layout = SCM_HA (version = 2), software layout = SCM_HA (version = 2)
2021-08-26 18:39:45,798 [Listener at 127.0.0.1/40319] INFO  reflections.Reflections (Reflections.java:scan(232)) - Reflections took 220 ms to scan 7 urls, producing 120 keys and 275 values 
2021-08-26 18:39:45,800 [Listener at 127.0.0.1/40319] INFO  volume.HddsVolume (HddsVolume.java:<init>(120)) - Creating HddsVolume: /home/runner/work/ozone/ozone/hadoop-ozone/integration-test/target/test-dir/MiniOzoneClusterImpl-7287d2d4-454f-4da5-bbdc-7dc3b2fb158b/datanode-0/data-0/containers/hdds of storage type : DISK capacity : 9223372036854775807
2021-08-26 18:39:45,804 [Listener at 127.0.0.1/40319] INFO  volume.MutableVolumeSet (MutableVolumeSet.java:initializeVolumeSet(181)) - Added Volume : /home/runner/work/ozone/ozone/hadoop-ozone/integration-test/target/test-dir/MiniOzoneClusterImpl-7287d2d4-454f-4da5-bbdc-7dc3b2fb158b/datanode-0/data-0/containers/hdds to VolumeSet
2021-08-26 18:39:45,806 [Listener at 127.0.0.1/40319] INFO  volume.ThrottledAsyncChecker (ThrottledAsyncChecker.java:schedule(141)) - Scheduling a check for /home/runner/work/ozone/ozone/hadoop-ozone/integration-test/target/test-dir/MiniOzoneClusterImpl-7287d2d4-454f-4da5-bbdc-7dc3b2fb158b/datanode-0/data-0/containers/hdds
2021-08-26 18:39:45,831 [Listener at 127.0.0.1/40319] INFO  volume.StorageVolumeChecker (StorageVolumeChecker.java:checkAllVolumes(202)) - Scheduled health check for volume /home/runner/work/ozone/ozone/hadoop-ozone/integration-test/target/test-dir/MiniOzoneClusterImpl-7287d2d4-454f-4da5-bbdc-7dc3b2fb158b/datanode-0/data-0/containers/hdds
2021-08-26 18:39:45,887 [Listener at 127.0.0.1/40319] INFO  volume.MutableVolumeSet (MutableVolumeSet.java:initializeVolumeSet(181)) - Added Volume : /home/runner/work/ozone/ozone/hadoop-ozone/integration-test/target/test-dir/MiniOzoneClusterImpl-7287d2d4-454f-4da5-bbdc-7dc3b2fb158b/datanode-0/data/ratis to VolumeSet
2021-08-26 18:39:45,887 [Listener at 127.0.0.1/40319] INFO  volume.ThrottledAsyncChecker (ThrottledAsyncChecker.java:schedule(141)) - Scheduling a check for /home/runner/work/ozone/ozone/hadoop-ozone/integration-test/target/test-dir/MiniOzoneClusterImpl-7287d2d4-454f-4da5-bbdc-7dc3b2fb158b/datanode-0/data/ratis
2021-08-26 18:39:45,959 [Listener at 127.0.0.1/40319] INFO  volume.StorageVolumeChecker (StorageVolumeChecker.java:checkAllVolumes(202)) - Scheduled health check for volume /home/runner/work/ozone/ozone/hadoop-ozone/integration-test/target/test-dir/MiniOzoneClusterImpl-7287d2d4-454f-4da5-bbdc-7dc3b2fb158b/datanode-0/data/ratis
2021-08-26 18:39:45,974 [Listener at 127.0.0.1/40319] INFO  ozoneimpl.ContainerReader (ContainerReader.java:<init>(98)) - Running in upgrade mode:true
2021-08-26 18:39:45,994 [Thread-1360] INFO  ozoneimpl.ContainerReader (ContainerReader.java:readVolume(142)) - Start to verify containers on volume /home/runner/work/ozone/ozone/hadoop-ozone/integration-test/target/test-dir/MiniOzoneClusterImpl-7287d2d4-454f-4da5-bbdc-7dc3b2fb158b/datanode-0/data-0/containers/hdds
2021-08-26 18:39:45,994 [Thread-1360] INFO  ozoneimpl.ContainerReader (ContainerReader.java:readVolume(174)) - Finish verifying containers on volume /home/runner/work/ozone/ozone/hadoop-ozone/integration-test/target/test-dir/MiniOzoneClusterImpl-7287d2d4-454f-4da5-bbdc-7dc3b2fb158b/datanode-0/data-0/containers/hdds
2021-08-26 18:39:45,994 [Listener at 127.0.0.1/40319] INFO  ozoneimpl.OzoneContainer (OzoneContainer.java:buildContainerSet(237)) - Build ContainerSet costs 0s
2021-08-26 18:39:46,014 [Listener at 127.0.0.1/40319] INFO  server.RaftServer (ConfUtils.java:logGet(44)) - raft.rpc.type = GRPC (default)
2021-08-26 18:39:46,015 [Listener at 127.0.0.1/40319] INFO  grpc.GrpcFactory (GrpcFactory.java:checkPooledByteBufAllocatorUseCacheForAllThreads(48)) - PERFORMANCE WARNING: useCacheForAllThreads is true that may cause Netty to create a lot garbage objects and, as a result, trigger GC.
	It is recommended to disable useCacheForAllThreads by setting -Dorg.apache.ratis.thirdparty.io.netty.allocator.useCacheForAllThreads=false in command line.
2021-08-26 18:39:46,015 [Listener at 127.0.0.1/40319] INFO  grpc.GrpcConfigKeys (ConfUtils.java:logGet(44)) - raft.grpc.admin.port = 0 (custom)
2021-08-26 18:39:46,015 [Listener at 127.0.0.1/40319] INFO  grpc.GrpcConfigKeys (ConfUtils.java:logGet(44)) - raft.grpc.client.port = 0 (custom)
2021-08-26 18:39:46,015 [Listener at 127.0.0.1/40319] INFO  grpc.GrpcConfigKeys (ConfUtils.java:logGet(44)) - raft.grpc.server.port = 0 (default)
2021-08-26 18:39:46,015 [Listener at 127.0.0.1/40319] INFO  server.GrpcService (ConfUtils.java:logGet(44)) - raft.grpc.message.size.max = 32MB (=33554432) (custom)
2021-08-26 18:39:46,015 [Listener at 127.0.0.1/40319] INFO  server.RaftServerConfigKeys (ConfUtils.java:logGet(44)) - raft.server.log.appender.buffer.byte-limit = 33554432 (custom)
2021-08-26 18:39:46,015 [Listener at 127.0.0.1/40319] INFO  server.GrpcService (ConfUtils.java:logGet(44)) - raft.grpc.flow.control.window = 5MB (=5242880) (custom)
2021-08-26 18:39:46,015 [Listener at 127.0.0.1/40319] INFO  server.RaftServerConfigKeys (ConfUtils.java:logGet(44)) - raft.server.rpc.request.timeout = 3000ms (default)
2021-08-26 18:39:46,016 [Listener at 127.0.0.1/40319] INFO  impl.DataStreamServerImpl (ConfUtils.java:logGet(44)) - raft.datastream.type = DISABLED (default)
2021-08-26 18:39:46,016 [Listener at 127.0.0.1/40319] INFO  server.RaftServerConfigKeys (ConfUtils.java:logGet(44)) - raft.server.rpc.slowness.timeout = 300000ms (custom)
2021-08-26 18:39:46,016 [Listener at 127.0.0.1/40319] INFO  server.RaftServerConfigKeys (ConfUtils.java:logGet(44)) - raft.server.leaderelection.leader.step-down.wait-time = 10s (default)
2021-08-26 18:39:46,016 [Listener at 127.0.0.1/40319] INFO  server.RaftServerConfigKeys (ConfUtils.java:logGet(44)) - raft.server.storage.dir = [/home/runner/work/ozone/ozone/hadoop-ozone/integration-test/target/test-dir/MiniOzoneClusterImpl-7287d2d4-454f-4da5-bbdc-7dc3b2fb158b/datanode-0/data/ratis] (custom)
2021-08-26 18:39:46,036 [Listener at 127.0.0.1/40319] INFO  http.BaseHttpServer (BaseHttpServer.java:newHttpServer2BuilderForOzone(209)) - Starting Web-server for hddsDatanode at: http://0.0.0.0:0
2021-08-26 18:39:46,037 [Listener at 127.0.0.1/40319] INFO  http.BaseHttpServer (BaseHttpServer.java:<init>(107)) - Hadoop Security Enabled: false Ozone Security Enabled: false Ozone HTTP Security Enabled: false 
2021-08-26 18:39:46,037 [Listener at 127.0.0.1/40319] INFO  server.AuthenticationFilter (AuthenticationFilter.java:constructSecretProvider(240)) - Unable to initialize FileSignerSecretProvider, falling back to use random secrets.
2021-08-26 18:39:46,038 [Listener at 127.0.0.1/40319] WARN  http.HttpRequestLog (HttpRequestLog.java:getRequestLog(103)) - Jetty request log can only be enabled using Log4j
2021-08-26 18:39:46,038 [Listener at 127.0.0.1/40319] INFO  http.HttpServer2 (HttpServer2.java:addGlobalFilter(1030)) - Added global filter 'safety' (class=org.apache.hadoop.hdds.server.http.HttpServer2$QuotingInputFilter)
2021-08-26 18:39:46,039 [Listener at 127.0.0.1/40319] INFO  http.HttpServer2 (HttpServer2.java:addFilter(1006)) - Added filter static_user_filter (class=org.apache.hadoop.http.lib.StaticUserWebFilter$StaticUserFilter) to context hddsDatanode
2021-08-26 18:39:46,039 [Listener at 127.0.0.1/40319] INFO  http.HttpServer2 (HttpServer2.java:addFilter(1014)) - Added filter static_user_filter (class=org.apache.hadoop.http.lib.StaticUserWebFilter$StaticUserFilter) to context static
2021-08-26 18:39:46,039 [Listener at 127.0.0.1/40319] INFO  http.HttpServer2 (HttpServer2.java:addFilter(1014)) - Added filter static_user_filter (class=org.apache.hadoop.http.lib.StaticUserWebFilter$StaticUserFilter) to context logs
2021-08-26 18:39:46,039 [Listener at 127.0.0.1/40319] INFO  http.HttpServer2 (HttpServer2.java:bindListener(1249)) - Jetty bound to port 33909
2021-08-26 18:39:46,040 [Listener at 127.0.0.1/40319] INFO  server.Server (Server.java:doStart(375)) - jetty-9.4.43.v20210629; built: 2021-06-30T11:07:22.254Z; git: 526006ecfa3af7f1a27ef3a288e2bef7ea9dd7e8; jvm 1.8.0_292-b10
2021-08-26 18:39:46,041 [Listener at 127.0.0.1/40319] INFO  server.session (DefaultSessionIdManager.java:doStart(334)) - DefaultSessionIdManager workerName=node0
2021-08-26 18:39:46,041 [Listener at 127.0.0.1/40319] INFO  server.session (DefaultSessionIdManager.java:doStart(339)) - No SessionScavenger set, using defaults
2021-08-26 18:39:46,041 [Listener at 127.0.0.1/40319] INFO  server.session (HouseKeeper.java:startScavenging(132)) - node0 Scavenging every 600000ms
2021-08-26 18:39:46,051 [Listener at 127.0.0.1/40319] INFO  handler.ContextHandler (ContextHandler.java:doStart(915)) - Started o.e.j.s.ServletContextHandler@4084235e{logs,/logs,file:///home/runner/work/ozone/ozone/hadoop-ozone/integration-test/target/log,AVAILABLE}
2021-08-26 18:39:46,051 [Listener at 127.0.0.1/40319] INFO  handler.ContextHandler (ContextHandler.java:doStart(915)) - Started o.e.j.s.ServletContextHandler@4f79d008{static,/static,jar:file:/home/runner/.m2/repository/org/apache/ozone/hdds-container-service/1.2.0-SNAPSHOT/hdds-container-service-1.2.0-SNAPSHOT.jar!/webapps/static,AVAILABLE}
2021-08-26 18:39:46,268 [Listener at 127.0.0.1/40319] INFO  handler.ContextHandler (ContextHandler.java:doStart(915)) - Started o.e.j.w.WebAppContext@5ea242{hddsDatanode,/,file:///tmp/jetty-0_0_0_0-33909-hdds-container-service-1_2_0-SNAPSHOT_jar-_-any-7365984794375878972/webapp/,AVAILABLE}{jar:file:/home/runner/.m2/repository/org/apache/ozone/hdds-container-service/1.2.0-SNAPSHOT/hdds-container-service-1.2.0-SNAPSHOT.jar!/webapps/hddsDatanode}
2021-08-26 18:39:46,316 [Listener at 127.0.0.1/40319] INFO  server.AbstractConnector (AbstractConnector.java:doStart(331)) - Started ServerConnector@897500d{HTTP/1.1, (http/1.1)}{0.0.0.0:33909}
2021-08-26 18:39:46,316 [Listener at 127.0.0.1/40319] INFO  server.Server (Server.java:doStart(415)) - Started @168095ms
2021-08-26 18:39:46,316 [Listener at 127.0.0.1/40319] WARN  impl.MetricsSystemImpl (MetricsSystemImpl.java:register(279)) - Sink prometheus already exists!
2021-08-26 18:39:46,317 [Listener at 127.0.0.1/40319] INFO  http.BaseHttpServer (BaseHttpServer.java:updateConnectorAddress(329)) - HTTP server of hddsDatanode listening at http://0.0.0.0:33909
2021-08-26 18:39:46,359 [org.apache.hadoop.util.JvmPauseMonitor$Monitor@62aad2f0] INFO  util.JvmPauseMonitor (JvmPauseMonitor.java:run(188)) - Starting JVM pause monitor
2021-08-26 18:39:46,367 [Listener at 127.0.0.1/40319] WARN  impl.MetricRegistriesImpl (MetricRegistriesImpl.java:addReporterRegistration(111)) - New reporters are added after registries were created. Some metrics will be missing from the reporter. Please add reporter before adding any new registry.
2021-08-26 18:39:46,367 [Listener at 127.0.0.1/40319] WARN  impl.MetricRegistriesImpl (MetricRegistriesImpl.java:addReporterRegistration(111)) - New reporters are added after registries were created. Some metrics will be missing from the reporter. Please add reporter before adding any new registry.
2021-08-26 18:39:46,367 [Listener at 127.0.0.1/40319] INFO  impl.MetricsSystemImpl (MetricsSystemImpl.java:init(158)) - HddsDatanode metrics system started (again)
2021-08-26 18:39:46,404 [Datanode State Machine Task Thread - 0] INFO  datanode.InitDatanodeState (InitDatanodeState.java:persistContainerDatanodeDetails(145)) - DatanodeDetails is persisted to /home/runner/work/ozone/ozone/hadoop-ozone/integration-test/target/test-dir/MiniOzoneClusterImpl-7287d2d4-454f-4da5-bbdc-7dc3b2fb158b/datanode-0/meta/datanode.id
2021-08-26 18:39:46,507 [om1@group-C5BA1605619E-FollowerState] INFO  impl.FollowerState (FollowerState.java:run(134)) - om1@group-C5BA1605619E-FollowerState: change to CANDIDATE, lastRpcElapsedTime:1190998433ns, electionTimeout:1190ms
2021-08-26 18:39:46,507 [om1@group-C5BA1605619E-FollowerState] INFO  impl.RoleInfo (RoleInfo.java:shutdownFollowerState(108)) - om1: shutdown om1@group-C5BA1605619E-FollowerState
2021-08-26 18:39:46,507 [om1@group-C5BA1605619E-FollowerState] INFO  server.RaftServer$Division (RaftServerImpl.java:setRole(285)) - om1@group-C5BA1605619E: changes role from  FOLLOWER to CANDIDATE at term 0 for changeToCandidate
2021-08-26 18:39:46,507 [om1@group-C5BA1605619E-FollowerState] INFO  server.RaftServerConfigKeys (ConfUtils.java:logGet(44)) - raft.server.leaderelection.pre-vote = false (custom)
2021-08-26 18:39:46,507 [om1@group-C5BA1605619E-FollowerState] INFO  impl.RoleInfo (RoleInfo.java:updateAndGet(130)) - om1: start om1@group-C5BA1605619E-LeaderElection64
2021-08-26 18:39:46,507 [Listener at 127.0.0.1/40319] INFO  ozone.HddsDatanodeService (HddsDatanodeService.java:start(234)) - HddsDatanodeService host:fv-az184-233.3ow45vhwbzuu5incsxmygykede.cx.internal.cloudapp.net ip:10.1.0.63
2021-08-26 18:39:46,552 [om1@group-C5BA1605619E-LeaderElection64] INFO  impl.LeaderElection (LeaderElection.java:askForVotes(306)) - om1@group-C5BA1605619E-LeaderElection64 ELECTION round 0: submit vote requests at term 1 for -1: [om1|rpc:localhost:9872|priority:0], old=null
2021-08-26 18:39:46,552 [om1@group-C5BA1605619E-LeaderElection64] INFO  impl.LeaderElection (LeaderElection.java:askForVotes(308)) - om1@group-C5BA1605619E-LeaderElection64 ELECTION round 0: result PASSED (term=1)
2021-08-26 18:39:46,552 [om1@group-C5BA1605619E-LeaderElection64] INFO  impl.RoleInfo (RoleInfo.java:shutdownLeaderElection(121)) - om1: shutdown om1@group-C5BA1605619E-LeaderElection64
2021-08-26 18:39:46,553 [om1@group-C5BA1605619E-LeaderElection64] INFO  server.RaftServer$Division (RaftServerImpl.java:setRole(285)) - om1@group-C5BA1605619E: changes role from CANDIDATE to LEADER at term 1 for changeToLeader
2021-08-26 18:39:46,553 [om1@group-C5BA1605619E-LeaderElection64] INFO  server.RaftServer$Division (ServerState.java:setLeader(285)) - om1@group-C5BA1605619E: change Leader from null to om1 at term 1 for becomeLeader, leader elected after 1298ms
2021-08-26 18:39:46,553 [om1@group-C5BA1605619E-LeaderElection64] INFO  server.RaftServerConfigKeys (ConfUtils.java:logGet(44)) - raft.server.staging.catchup.gap = 1000 (default)
2021-08-26 18:39:46,553 [om1@group-C5BA1605619E-LeaderElection64] INFO  server.RaftServerConfigKeys (ConfUtils.java:logGet(44)) - raft.server.write.element-limit = 4096 (default)
2021-08-26 18:39:46,553 [om1@group-C5BA1605619E-LeaderElection64] INFO  server.RaftServerConfigKeys (ConfUtils.java:logGet(44)) - raft.server.write.byte-limit = 64MB (=67108864) (default)
2021-08-26 18:39:46,553 [om1@group-C5BA1605619E-LeaderElection64] INFO  server.RaftServerConfigKeys (ConfUtils.java:logGet(44)) - raft.server.watch.timeout = 10s (default)
2021-08-26 18:39:46,553 [om1@group-C5BA1605619E-LeaderElection64] INFO  server.RaftServerConfigKeys (ConfUtils.java:logGet(44)) - raft.server.watch.timeout.denomination = 1s (default)
2021-08-26 18:39:46,554 [om1@group-C5BA1605619E-LeaderElection64] INFO  server.RaftServerConfigKeys (ConfUtils.java:logGet(44)) - raft.server.watch.element-limit = 65536 (default)
2021-08-26 18:39:46,554 [om1@group-C5BA1605619E-LeaderElection64] INFO  impl.RoleInfo (RoleInfo.java:updateAndGet(130)) - om1: start om1@group-C5BA1605619E-LeaderStateImpl
2021-08-26 18:39:46,554 [om1@group-C5BA1605619E-LeaderElection64] INFO  segmented.SegmentedRaftLogWorker (SegmentedRaftLogWorker.java:startLogSegment(394)) - om1@group-C5BA1605619E-SegmentedRaftLogWorker: Starting segment from index:0
2021-08-26 18:39:46,559 [om1@group-C5BA1605619E-LeaderElection64] INFO  server.RaftServer$Division (ServerState.java:setRaftConf(387)) - om1@group-C5BA1605619E: set configuration 0: [om1|rpc:localhost:9872|admin:|client:|dataStream:|priority:0], old=null
2021-08-26 18:39:46,603 [om1@group-C5BA1605619E-SegmentedRaftLogWorker] INFO  segmented.SegmentedRaftLogWorker (SegmentedRaftLogWorker.java:execute(601)) - om1@group-C5BA1605619E-SegmentedRaftLogWorker: created new log segment /home/runner/work/ozone/ozone/hadoop-ozone/integration-test/target/test-dir/MiniOzoneClusterImpl-7287d2d4-454f-4da5-bbdc-7dc3b2fb158b/ozone-meta/ratis/bf265839-605b-3f16-9796-c5ba1605619e/current/log_inprogress_0
2021-08-26 18:39:46,614 [om1@group-C5BA1605619E-StateMachineUpdater] INFO  ratis.OzoneManagerStateMachine (OzoneManagerStateMachine.java:notifyConfigurationChanged(188)) - Received Configuration change notification from Ratis. New Peer list:
[id: "om1"
address: "localhost:9872"
]
2021-08-26 18:39:46,656 [Listener at 127.0.0.1/40319] INFO  upgrade.AbstractLayoutVersionManager (AbstractLayoutVersionManager.java:init(70)) - Initializing Layout version manager with metadata layout = SCM_HA (version = 2), software layout = SCM_HA (version = 2)
2021-08-26 18:39:46,811 [Listener at 127.0.0.1/40319] INFO  reflections.Reflections (Reflections.java:scan(232)) - Reflections took 153 ms to scan 7 urls, producing 120 keys and 275 values 
2021-08-26 18:39:46,839 [Listener at 127.0.0.1/40319] INFO  volume.HddsVolume (HddsVolume.java:<init>(120)) - Creating HddsVolume: /home/runner/work/ozone/ozone/hadoop-ozone/integration-test/target/test-dir/MiniOzoneClusterImpl-7287d2d4-454f-4da5-bbdc-7dc3b2fb158b/datanode-1/data-0/containers/hdds of storage type : DISK capacity : 9223372036854775807
2021-08-26 18:39:46,840 [Listener at 127.0.0.1/40319] INFO  volume.MutableVolumeSet (MutableVolumeSet.java:initializeVolumeSet(181)) - Added Volume : /home/runner/work/ozone/ozone/hadoop-ozone/integration-test/target/test-dir/MiniOzoneClusterImpl-7287d2d4-454f-4da5-bbdc-7dc3b2fb158b/datanode-1/data-0/containers/hdds to VolumeSet
2021-08-26 18:39:46,840 [Listener at 127.0.0.1/40319] INFO  volume.ThrottledAsyncChecker (ThrottledAsyncChecker.java:schedule(141)) - Scheduling a check for /home/runner/work/ozone/ozone/hadoop-ozone/integration-test/target/test-dir/MiniOzoneClusterImpl-7287d2d4-454f-4da5-bbdc-7dc3b2fb158b/datanode-1/data-0/containers/hdds
2021-08-26 18:39:46,862 [Listener at 127.0.0.1/40319] INFO  volume.StorageVolumeChecker (StorageVolumeChecker.java:checkAllVolumes(202)) - Scheduled health check for volume /home/runner/work/ozone/ozone/hadoop-ozone/integration-test/target/test-dir/MiniOzoneClusterImpl-7287d2d4-454f-4da5-bbdc-7dc3b2fb158b/datanode-1/data-0/containers/hdds
2021-08-26 18:39:46,892 [Listener at 127.0.0.1/40319] INFO  volume.MutableVolumeSet (MutableVolumeSet.java:initializeVolumeSet(181)) - Added Volume : /home/runner/work/ozone/ozone/hadoop-ozone/integration-test/target/test-dir/MiniOzoneClusterImpl-7287d2d4-454f-4da5-bbdc-7dc3b2fb158b/datanode-1/data/ratis to VolumeSet
2021-08-26 18:39:46,894 [Listener at 127.0.0.1/40319] INFO  volume.ThrottledAsyncChecker (ThrottledAsyncChecker.java:schedule(141)) - Scheduling a check for /home/runner/work/ozone/ozone/hadoop-ozone/integration-test/target/test-dir/MiniOzoneClusterImpl-7287d2d4-454f-4da5-bbdc-7dc3b2fb158b/datanode-1/data/ratis
2021-08-26 18:39:46,895 [Listener at 127.0.0.1/40319] INFO  volume.StorageVolumeChecker (StorageVolumeChecker.java:checkAllVolumes(202)) - Scheduled health check for volume /home/runner/work/ozone/ozone/hadoop-ozone/integration-test/target/test-dir/MiniOzoneClusterImpl-7287d2d4-454f-4da5-bbdc-7dc3b2fb158b/datanode-1/data/ratis
2021-08-26 18:39:46,931 [Listener at 127.0.0.1/40319] INFO  ozoneimpl.ContainerReader (ContainerReader.java:<init>(98)) - Running in upgrade mode:true
2021-08-26 18:39:46,937 [Thread-1374] INFO  ozoneimpl.ContainerReader (ContainerReader.java:readVolume(142)) - Start to verify containers on volume /home/runner/work/ozone/ozone/hadoop-ozone/integration-test/target/test-dir/MiniOzoneClusterImpl-7287d2d4-454f-4da5-bbdc-7dc3b2fb158b/datanode-1/data-0/containers/hdds
2021-08-26 18:39:46,938 [Thread-1374] INFO  ozoneimpl.ContainerReader (ContainerReader.java:readVolume(174)) - Finish verifying containers on volume /home/runner/work/ozone/ozone/hadoop-ozone/integration-test/target/test-dir/MiniOzoneClusterImpl-7287d2d4-454f-4da5-bbdc-7dc3b2fb158b/datanode-1/data-0/containers/hdds
2021-08-26 18:39:46,938 [Listener at 127.0.0.1/40319] INFO  ozoneimpl.OzoneContainer (OzoneContainer.java:buildContainerSet(237)) - Build ContainerSet costs 0s
2021-08-26 18:39:46,939 [Listener at 127.0.0.1/40319] INFO  server.RaftServer (ConfUtils.java:logGet(44)) - raft.rpc.type = GRPC (default)
2021-08-26 18:39:46,939 [Listener at 127.0.0.1/40319] INFO  grpc.GrpcFactory (GrpcFactory.java:checkPooledByteBufAllocatorUseCacheForAllThreads(48)) - PERFORMANCE WARNING: useCacheForAllThreads is true that may cause Netty to create a lot garbage objects and, as a result, trigger GC.
	It is recommended to disable useCacheForAllThreads by setting -Dorg.apache.ratis.thirdparty.io.netty.allocator.useCacheForAllThreads=false in command line.
2021-08-26 18:39:46,939 [Listener at 127.0.0.1/40319] INFO  grpc.GrpcConfigKeys (ConfUtils.java:logGet(44)) - raft.grpc.admin.port = 0 (custom)
2021-08-26 18:39:46,939 [Listener at 127.0.0.1/40319] INFO  grpc.GrpcConfigKeys (ConfUtils.java:logGet(44)) - raft.grpc.client.port = 0 (custom)
2021-08-26 18:39:46,940 [Listener at 127.0.0.1/40319] INFO  grpc.GrpcConfigKeys (ConfUtils.java:logGet(44)) - raft.grpc.server.port = 0 (default)
2021-08-26 18:39:46,940 [Listener at 127.0.0.1/40319] INFO  server.GrpcService (ConfUtils.java:logGet(44)) - raft.grpc.message.size.max = 32MB (=33554432) (custom)
2021-08-26 18:39:46,940 [Listener at 127.0.0.1/40319] INFO  server.RaftServerConfigKeys (ConfUtils.java:logGet(44)) - raft.server.log.appender.buffer.byte-limit = 33554432 (custom)
2021-08-26 18:39:46,940 [Listener at 127.0.0.1/40319] INFO  server.GrpcService (ConfUtils.java:logGet(44)) - raft.grpc.flow.control.window = 5MB (=5242880) (custom)
2021-08-26 18:39:46,940 [Listener at 127.0.0.1/40319] INFO  server.RaftServerConfigKeys (ConfUtils.java:logGet(44)) - raft.server.rpc.request.timeout = 3000ms (default)
2021-08-26 18:39:46,941 [Listener at 127.0.0.1/40319] INFO  impl.DataStreamServerImpl (ConfUtils.java:logGet(44)) - raft.datastream.type = DISABLED (default)
2021-08-26 18:39:46,941 [Listener at 127.0.0.1/40319] INFO  server.RaftServerConfigKeys (ConfUtils.java:logGet(44)) - raft.server.rpc.slowness.timeout = 300000ms (custom)
2021-08-26 18:39:46,941 [Listener at 127.0.0.1/40319] INFO  server.RaftServerConfigKeys (ConfUtils.java:logGet(44)) - raft.server.leaderelection.leader.step-down.wait-time = 10s (default)
2021-08-26 18:39:46,941 [Listener at 127.0.0.1/40319] INFO  server.RaftServerConfigKeys (ConfUtils.java:logGet(44)) - raft.server.storage.dir = [/home/runner/work/ozone/ozone/hadoop-ozone/integration-test/target/test-dir/MiniOzoneClusterImpl-7287d2d4-454f-4da5-bbdc-7dc3b2fb158b/datanode-1/data/ratis] (custom)
2021-08-26 18:39:46,948 [Listener at 127.0.0.1/40319] INFO  http.BaseHttpServer (BaseHttpServer.java:newHttpServer2BuilderForOzone(209)) - Starting Web-server for hddsDatanode at: http://0.0.0.0:0
2021-08-26 18:39:46,948 [Listener at 127.0.0.1/40319] INFO  http.BaseHttpServer (BaseHttpServer.java:<init>(107)) - Hadoop Security Enabled: false Ozone Security Enabled: false Ozone HTTP Security Enabled: false 
2021-08-26 18:39:46,949 [Listener at 127.0.0.1/40319] INFO  server.AuthenticationFilter (AuthenticationFilter.java:constructSecretProvider(240)) - Unable to initialize FileSignerSecretProvider, falling back to use random secrets.
2021-08-26 18:39:46,949 [Listener at 127.0.0.1/40319] WARN  http.HttpRequestLog (HttpRequestLog.java:getRequestLog(103)) - Jetty request log can only be enabled using Log4j
2021-08-26 18:39:46,950 [Listener at 127.0.0.1/40319] INFO  http.HttpServer2 (HttpServer2.java:addGlobalFilter(1030)) - Added global filter 'safety' (class=org.apache.hadoop.hdds.server.http.HttpServer2$QuotingInputFilter)
2021-08-26 18:39:46,950 [Listener at 127.0.0.1/40319] INFO  http.HttpServer2 (HttpServer2.java:addFilter(1006)) - Added filter static_user_filter (class=org.apache.hadoop.http.lib.StaticUserWebFilter$StaticUserFilter) to context hddsDatanode
2021-08-26 18:39:46,950 [Listener at 127.0.0.1/40319] INFO  http.HttpServer2 (HttpServer2.java:addFilter(1014)) - Added filter static_user_filter (class=org.apache.hadoop.http.lib.StaticUserWebFilter$StaticUserFilter) to context logs
2021-08-26 18:39:46,950 [Listener at 127.0.0.1/40319] INFO  http.HttpServer2 (HttpServer2.java:addFilter(1014)) - Added filter static_user_filter (class=org.apache.hadoop.http.lib.StaticUserWebFilter$StaticUserFilter) to context static
2021-08-26 18:39:46,950 [Listener at 127.0.0.1/40319] INFO  http.HttpServer2 (HttpServer2.java:bindListener(1249)) - Jetty bound to port 41297
2021-08-26 18:39:46,950 [Listener at 127.0.0.1/40319] INFO  server.Server (Server.java:doStart(375)) - jetty-9.4.43.v20210629; built: 2021-06-30T11:07:22.254Z; git: 526006ecfa3af7f1a27ef3a288e2bef7ea9dd7e8; jvm 1.8.0_292-b10
2021-08-26 18:39:46,952 [Listener at 127.0.0.1/40319] INFO  server.session (DefaultSessionIdManager.java:doStart(334)) - DefaultSessionIdManager workerName=node0
2021-08-26 18:39:46,952 [Listener at 127.0.0.1/40319] INFO  server.session (DefaultSessionIdManager.java:doStart(339)) - No SessionScavenger set, using defaults
2021-08-26 18:39:46,952 [Listener at 127.0.0.1/40319] INFO  server.session (HouseKeeper.java:startScavenging(132)) - node0 Scavenging every 660000ms
2021-08-26 18:39:46,952 [Listener at 127.0.0.1/40319] INFO  handler.ContextHandler (ContextHandler.java:doStart(915)) - Started o.e.j.s.ServletContextHandler@140559c3{logs,/logs,file:///home/runner/work/ozone/ozone/hadoop-ozone/integration-test/target/log,AVAILABLE}
2021-08-26 18:39:46,953 [Listener at 127.0.0.1/40319] INFO  handler.ContextHandler (ContextHandler.java:doStart(915)) - Started o.e.j.s.ServletContextHandler@7273eee8{static,/static,jar:file:/home/runner/.m2/repository/org/apache/ozone/hdds-container-service/1.2.0-SNAPSHOT/hdds-container-service-1.2.0-SNAPSHOT.jar!/webapps/static,AVAILABLE}
2021-08-26 18:39:47,113 [Listener at 127.0.0.1/40319] INFO  handler.ContextHandler (ContextHandler.java:doStart(915)) - Started o.e.j.w.WebAppContext@68829998{hddsDatanode,/,file:///tmp/jetty-0_0_0_0-41297-hdds-container-service-1_2_0-SNAPSHOT_jar-_-any-2197922588104659334/webapp/,AVAILABLE}{jar:file:/home/runner/.m2/repository/org/apache/ozone/hdds-container-service/1.2.0-SNAPSHOT/hdds-container-service-1.2.0-SNAPSHOT.jar!/webapps/hddsDatanode}
2021-08-26 18:39:47,122 [Listener at 127.0.0.1/40319] INFO  server.AbstractConnector (AbstractConnector.java:doStart(331)) - Started ServerConnector@795b323e{HTTP/1.1, (http/1.1)}{0.0.0.0:41297}
2021-08-26 18:39:47,122 [Listener at 127.0.0.1/40319] INFO  server.Server (Server.java:doStart(415)) - Started @168901ms
2021-08-26 18:39:47,122 [Listener at 127.0.0.1/40319] WARN  impl.MetricsSystemImpl (MetricsSystemImpl.java:register(279)) - Sink prometheus already exists!
2021-08-26 18:39:47,123 [Listener at 127.0.0.1/40319] INFO  http.BaseHttpServer (BaseHttpServer.java:updateConnectorAddress(329)) - HTTP server of hddsDatanode listening at http://0.0.0.0:41297
2021-08-26 18:39:47,131 [Listener at 127.0.0.1/40319] WARN  impl.MetricRegistriesImpl (MetricRegistriesImpl.java:addReporterRegistration(111)) - New reporters are added after registries were created. Some metrics will be missing from the reporter. Please add reporter before adding any new registry.
2021-08-26 18:39:47,131 [Listener at 127.0.0.1/40319] WARN  impl.MetricRegistriesImpl (MetricRegistriesImpl.java:addReporterRegistration(111)) - New reporters are added after registries were created. Some metrics will be missing from the reporter. Please add reporter before adding any new registry.
2021-08-26 18:39:47,131 [Listener at 127.0.0.1/40319] INFO  impl.MetricsSystemImpl (MetricsSystemImpl.java:init(158)) - HddsDatanode metrics system started (again)
2021-08-26 18:39:47,143 [Listener at 127.0.0.1/40319] INFO  ozone.HddsDatanodeService (HddsDatanodeService.java:start(234)) - HddsDatanodeService host:fv-az184-233.3ow45vhwbzuu5incsxmygykede.cx.internal.cloudapp.net ip:10.1.0.63
2021-08-26 18:39:47,183 [org.apache.hadoop.util.JvmPauseMonitor$Monitor@5586e30b] INFO  util.JvmPauseMonitor (JvmPauseMonitor.java:run(188)) - Starting JVM pause monitor
2021-08-26 18:39:47,260 [Datanode State Machine Task Thread - 0] INFO  datanode.InitDatanodeState (InitDatanodeState.java:persistContainerDatanodeDetails(145)) - DatanodeDetails is persisted to /home/runner/work/ozone/ozone/hadoop-ozone/integration-test/target/test-dir/MiniOzoneClusterImpl-7287d2d4-454f-4da5-bbdc-7dc3b2fb158b/datanode-1/meta/datanode.id
2021-08-26 18:39:47,293 [Listener at 127.0.0.1/40319] INFO  upgrade.AbstractLayoutVersionManager (AbstractLayoutVersionManager.java:init(70)) - Initializing Layout version manager with metadata layout = SCM_HA (version = 2), software layout = SCM_HA (version = 2)
2021-08-26 18:39:47,417 [Listener at 127.0.0.1/40319] INFO  reflections.Reflections (Reflections.java:scan(232)) - Reflections took 123 ms to scan 7 urls, producing 120 keys and 275 values 
2021-08-26 18:39:47,463 [Listener at 127.0.0.1/40319] INFO  volume.HddsVolume (HddsVolume.java:<init>(120)) - Creating HddsVolume: /home/runner/work/ozone/ozone/hadoop-ozone/integration-test/target/test-dir/MiniOzoneClusterImpl-7287d2d4-454f-4da5-bbdc-7dc3b2fb158b/datanode-2/data-0/containers/hdds of storage type : DISK capacity : 9223372036854775807
2021-08-26 18:39:47,464 [Listener at 127.0.0.1/40319] INFO  volume.MutableVolumeSet (MutableVolumeSet.java:initializeVolumeSet(181)) - Added Volume : /home/runner/work/ozone/ozone/hadoop-ozone/integration-test/target/test-dir/MiniOzoneClusterImpl-7287d2d4-454f-4da5-bbdc-7dc3b2fb158b/datanode-2/data-0/containers/hdds to VolumeSet
2021-08-26 18:39:47,464 [Listener at 127.0.0.1/40319] INFO  volume.ThrottledAsyncChecker (ThrottledAsyncChecker.java:schedule(141)) - Scheduling a check for /home/runner/work/ozone/ozone/hadoop-ozone/integration-test/target/test-dir/MiniOzoneClusterImpl-7287d2d4-454f-4da5-bbdc-7dc3b2fb158b/datanode-2/data-0/containers/hdds
2021-08-26 18:39:47,476 [Listener at 127.0.0.1/40319] INFO  volume.StorageVolumeChecker (StorageVolumeChecker.java:checkAllVolumes(202)) - Scheduled health check for volume /home/runner/work/ozone/ozone/hadoop-ozone/integration-test/target/test-dir/MiniOzoneClusterImpl-7287d2d4-454f-4da5-bbdc-7dc3b2fb158b/datanode-2/data-0/containers/hdds
2021-08-26 18:39:47,495 [Listener at 127.0.0.1/40319] INFO  volume.MutableVolumeSet (MutableVolumeSet.java:initializeVolumeSet(181)) - Added Volume : /home/runner/work/ozone/ozone/hadoop-ozone/integration-test/target/test-dir/MiniOzoneClusterImpl-7287d2d4-454f-4da5-bbdc-7dc3b2fb158b/datanode-2/data/ratis to VolumeSet
2021-08-26 18:39:47,511 [Listener at 127.0.0.1/40319] INFO  volume.ThrottledAsyncChecker (ThrottledAsyncChecker.java:schedule(141)) - Scheduling a check for /home/runner/work/ozone/ozone/hadoop-ozone/integration-test/target/test-dir/MiniOzoneClusterImpl-7287d2d4-454f-4da5-bbdc-7dc3b2fb158b/datanode-2/data/ratis
2021-08-26 18:39:47,511 [Listener at 127.0.0.1/40319] INFO  volume.StorageVolumeChecker (StorageVolumeChecker.java:checkAllVolumes(202)) - Scheduled health check for volume /home/runner/work/ozone/ozone/hadoop-ozone/integration-test/target/test-dir/MiniOzoneClusterImpl-7287d2d4-454f-4da5-bbdc-7dc3b2fb158b/datanode-2/data/ratis
2021-08-26 18:39:47,549 [Listener at 127.0.0.1/40319] INFO  ozoneimpl.ContainerReader (ContainerReader.java:<init>(98)) - Running in upgrade mode:true
2021-08-26 18:39:47,549 [Thread-1386] INFO  ozoneimpl.ContainerReader (ContainerReader.java:readVolume(142)) - Start to verify containers on volume /home/runner/work/ozone/ozone/hadoop-ozone/integration-test/target/test-dir/MiniOzoneClusterImpl-7287d2d4-454f-4da5-bbdc-7dc3b2fb158b/datanode-2/data-0/containers/hdds
2021-08-26 18:39:47,549 [Thread-1386] INFO  ozoneimpl.ContainerReader (ContainerReader.java:readVolume(174)) - Finish verifying containers on volume /home/runner/work/ozone/ozone/hadoop-ozone/integration-test/target/test-dir/MiniOzoneClusterImpl-7287d2d4-454f-4da5-bbdc-7dc3b2fb158b/datanode-2/data-0/containers/hdds
2021-08-26 18:39:47,549 [Listener at 127.0.0.1/40319] INFO  ozoneimpl.OzoneContainer (OzoneContainer.java:buildContainerSet(237)) - Build ContainerSet costs 0s
2021-08-26 18:39:47,550 [Listener at 127.0.0.1/40319] INFO  server.RaftServer (ConfUtils.java:logGet(44)) - raft.rpc.type = GRPC (default)
2021-08-26 18:39:47,551 [Listener at 127.0.0.1/40319] INFO  grpc.GrpcFactory (GrpcFactory.java:checkPooledByteBufAllocatorUseCacheForAllThreads(48)) - PERFORMANCE WARNING: useCacheForAllThreads is true that may cause Netty to create a lot garbage objects and, as a result, trigger GC.
	It is recommended to disable useCacheForAllThreads by setting -Dorg.apache.ratis.thirdparty.io.netty.allocator.useCacheForAllThreads=false in command line.
2021-08-26 18:39:47,551 [Listener at 127.0.0.1/40319] INFO  grpc.GrpcConfigKeys (ConfUtils.java:logGet(44)) - raft.grpc.admin.port = 0 (custom)
2021-08-26 18:39:47,555 [Listener at 127.0.0.1/40319] INFO  grpc.GrpcConfigKeys (ConfUtils.java:logGet(44)) - raft.grpc.client.port = 0 (custom)
2021-08-26 18:39:47,555 [Listener at 127.0.0.1/40319] INFO  grpc.GrpcConfigKeys (ConfUtils.java:logGet(44)) - raft.grpc.server.port = 0 (default)
2021-08-26 18:39:47,555 [Listener at 127.0.0.1/40319] INFO  server.GrpcService (ConfUtils.java:logGet(44)) - raft.grpc.message.size.max = 32MB (=33554432) (custom)
2021-08-26 18:39:47,555 [Listener at 127.0.0.1/40319] INFO  server.RaftServerConfigKeys (ConfUtils.java:logGet(44)) - raft.server.log.appender.buffer.byte-limit = 33554432 (custom)
2021-08-26 18:39:47,555 [Listener at 127.0.0.1/40319] INFO  server.GrpcService (ConfUtils.java:logGet(44)) - raft.grpc.flow.control.window = 5MB (=5242880) (custom)
2021-08-26 18:39:47,555 [Listener at 127.0.0.1/40319] INFO  server.RaftServerConfigKeys (ConfUtils.java:logGet(44)) - raft.server.rpc.request.timeout = 3000ms (default)
2021-08-26 18:39:47,557 [Listener at 127.0.0.1/40319] INFO  impl.DataStreamServerImpl (ConfUtils.java:logGet(44)) - raft.datastream.type = DISABLED (default)
2021-08-26 18:39:47,557 [Listener at 127.0.0.1/40319] INFO  server.RaftServerConfigKeys (ConfUtils.java:logGet(44)) - raft.server.rpc.slowness.timeout = 300000ms (custom)
2021-08-26 18:39:47,557 [Listener at 127.0.0.1/40319] INFO  server.RaftServerConfigKeys (ConfUtils.java:logGet(44)) - raft.server.leaderelection.leader.step-down.wait-time = 10s (default)
2021-08-26 18:39:47,557 [Listener at 127.0.0.1/40319] INFO  server.RaftServerConfigKeys (ConfUtils.java:logGet(44)) - raft.server.storage.dir = [/home/runner/work/ozone/ozone/hadoop-ozone/integration-test/target/test-dir/MiniOzoneClusterImpl-7287d2d4-454f-4da5-bbdc-7dc3b2fb158b/datanode-2/data/ratis] (custom)
2021-08-26 18:39:47,595 [Listener at 127.0.0.1/40319] INFO  http.BaseHttpServer (BaseHttpServer.java:newHttpServer2BuilderForOzone(209)) - Starting Web-server for hddsDatanode at: http://0.0.0.0:0
2021-08-26 18:39:47,596 [Listener at 127.0.0.1/40319] INFO  http.BaseHttpServer (BaseHttpServer.java:<init>(107)) - Hadoop Security Enabled: false Ozone Security Enabled: false Ozone HTTP Security Enabled: false 
2021-08-26 18:39:47,596 [Listener at 127.0.0.1/40319] INFO  server.AuthenticationFilter (AuthenticationFilter.java:constructSecretProvider(240)) - Unable to initialize FileSignerSecretProvider, falling back to use random secrets.
2021-08-26 18:39:47,607 [Listener at 127.0.0.1/40319] WARN  http.HttpRequestLog (HttpRequestLog.java:getRequestLog(103)) - Jetty request log can only be enabled using Log4j
2021-08-26 18:39:47,607 [Listener at 127.0.0.1/40319] INFO  http.HttpServer2 (HttpServer2.java:addGlobalFilter(1030)) - Added global filter 'safety' (class=org.apache.hadoop.hdds.server.http.HttpServer2$QuotingInputFilter)
2021-08-26 18:39:47,608 [Listener at 127.0.0.1/40319] INFO  http.HttpServer2 (HttpServer2.java:addFilter(1006)) - Added filter static_user_filter (class=org.apache.hadoop.http.lib.StaticUserWebFilter$StaticUserFilter) to context hddsDatanode
2021-08-26 18:39:47,608 [Listener at 127.0.0.1/40319] INFO  http.HttpServer2 (HttpServer2.java:addFilter(1014)) - Added filter static_user_filter (class=org.apache.hadoop.http.lib.StaticUserWebFilter$StaticUserFilter) to context logs
2021-08-26 18:39:47,608 [Listener at 127.0.0.1/40319] INFO  http.HttpServer2 (HttpServer2.java:addFilter(1014)) - Added filter static_user_filter (class=org.apache.hadoop.http.lib.StaticUserWebFilter$StaticUserFilter) to context static
2021-08-26 18:39:47,608 [Listener at 127.0.0.1/40319] INFO  http.HttpServer2 (HttpServer2.java:bindListener(1249)) - Jetty bound to port 45893
2021-08-26 18:39:47,608 [Listener at 127.0.0.1/40319] INFO  server.Server (Server.java:doStart(375)) - jetty-9.4.43.v20210629; built: 2021-06-30T11:07:22.254Z; git: 526006ecfa3af7f1a27ef3a288e2bef7ea9dd7e8; jvm 1.8.0_292-b10
2021-08-26 18:39:47,654 [Listener at 127.0.0.1/40319] INFO  server.session (DefaultSessionIdManager.java:doStart(334)) - DefaultSessionIdManager workerName=node0
2021-08-26 18:39:47,654 [Listener at 127.0.0.1/40319] INFO  server.session (DefaultSessionIdManager.java:doStart(339)) - No SessionScavenger set, using defaults
2021-08-26 18:39:47,654 [Listener at 127.0.0.1/40319] INFO  server.session (HouseKeeper.java:startScavenging(132)) - node0 Scavenging every 660000ms
2021-08-26 18:39:47,655 [Listener at 127.0.0.1/40319] INFO  handler.ContextHandler (ContextHandler.java:doStart(915)) - Started o.e.j.s.ServletContextHandler@3eeb6e50{logs,/logs,file:///home/runner/work/ozone/ozone/hadoop-ozone/integration-test/target/log,AVAILABLE}
2021-08-26 18:39:47,655 [Listener at 127.0.0.1/40319] INFO  handler.ContextHandler (ContextHandler.java:doStart(915)) - Started o.e.j.s.ServletContextHandler@2284e149{static,/static,jar:file:/home/runner/.m2/repository/org/apache/ozone/hdds-container-service/1.2.0-SNAPSHOT/hdds-container-service-1.2.0-SNAPSHOT.jar!/webapps/static,AVAILABLE}
2021-08-26 18:39:47,752 [Listener at 127.0.0.1/40319] INFO  handler.ContextHandler (ContextHandler.java:doStart(915)) - Started o.e.j.w.WebAppContext@5339e54f{hddsDatanode,/,file:///tmp/jetty-0_0_0_0-45893-hdds-container-service-1_2_0-SNAPSHOT_jar-_-any-8636069036474465879/webapp/,AVAILABLE}{jar:file:/home/runner/.m2/repository/org/apache/ozone/hdds-container-service/1.2.0-SNAPSHOT/hdds-container-service-1.2.0-SNAPSHOT.jar!/webapps/hddsDatanode}
2021-08-26 18:39:47,779 [Listener at 127.0.0.1/40319] INFO  server.AbstractConnector (AbstractConnector.java:doStart(331)) - Started ServerConnector@7a6b47cb{HTTP/1.1, (http/1.1)}{0.0.0.0:45893}
2021-08-26 18:39:47,779 [Listener at 127.0.0.1/40319] INFO  server.Server (Server.java:doStart(415)) - Started @169558ms
2021-08-26 18:39:47,779 [Listener at 127.0.0.1/40319] WARN  impl.MetricsSystemImpl (MetricsSystemImpl.java:register(279)) - Sink prometheus already exists!
2021-08-26 18:39:47,780 [Listener at 127.0.0.1/40319] INFO  http.BaseHttpServer (BaseHttpServer.java:updateConnectorAddress(329)) - HTTP server of hddsDatanode listening at http://0.0.0.0:45893
2021-08-26 18:39:47,789 [Listener at 127.0.0.1/40319] WARN  impl.MetricRegistriesImpl (MetricRegistriesImpl.java:addReporterRegistration(111)) - New reporters are added after registries were created. Some metrics will be missing from the reporter. Please add reporter before adding any new registry.
2021-08-26 18:39:47,789 [Listener at 127.0.0.1/40319] WARN  impl.MetricRegistriesImpl (MetricRegistriesImpl.java:addReporterRegistration(111)) - New reporters are added after registries were created. Some metrics will be missing from the reporter. Please add reporter before adding any new registry.
2021-08-26 18:39:47,789 [Listener at 127.0.0.1/40319] INFO  impl.MetricsSystemImpl (MetricsSystemImpl.java:init(158)) - HddsDatanode metrics system started (again)
2021-08-26 18:39:47,847 [Listener at 127.0.0.1/40319] INFO  ozone.HddsDatanodeService (HddsDatanodeService.java:start(234)) - HddsDatanodeService host:fv-az184-233.3ow45vhwbzuu5incsxmygykede.cx.internal.cloudapp.net ip:10.1.0.63
2021-08-26 18:39:47,859 [org.apache.hadoop.util.JvmPauseMonitor$Monitor@2f09702f] INFO  util.JvmPauseMonitor (JvmPauseMonitor.java:run(188)) - Starting JVM pause monitor
2021-08-26 18:39:47,886 [Datanode State Machine Task Thread - 0] INFO  datanode.InitDatanodeState (InitDatanodeState.java:persistContainerDatanodeDetails(145)) - DatanodeDetails is persisted to /home/runner/work/ozone/ozone/hadoop-ozone/integration-test/target/test-dir/MiniOzoneClusterImpl-7287d2d4-454f-4da5-bbdc-7dc3b2fb158b/datanode-2/meta/datanode.id
2021-08-26 18:39:47,934 [Listener at 127.0.0.1/40319] INFO  upgrade.AbstractLayoutVersionManager (AbstractLayoutVersionManager.java:init(70)) - Initializing Layout version manager with metadata layout = SCM_HA (version = 2), software layout = SCM_HA (version = 2)
2021-08-26 18:39:48,010 [Listener at 127.0.0.1/40319] INFO  reflections.Reflections (Reflections.java:scan(232)) - Reflections took 74 ms to scan 7 urls, producing 120 keys and 275 values 
2021-08-26 18:39:48,029 [Listener at 127.0.0.1/40319] INFO  volume.HddsVolume (HddsVolume.java:<init>(120)) - Creating HddsVolume: /home/runner/work/ozone/ozone/hadoop-ozone/integration-test/target/test-dir/MiniOzoneClusterImpl-7287d2d4-454f-4da5-bbdc-7dc3b2fb158b/datanode-3/data-0/containers/hdds of storage type : DISK capacity : 9223372036854775807
2021-08-26 18:39:48,029 [Listener at 127.0.0.1/40319] INFO  volume.MutableVolumeSet (MutableVolumeSet.java:initializeVolumeSet(181)) - Added Volume : /home/runner/work/ozone/ozone/hadoop-ozone/integration-test/target/test-dir/MiniOzoneClusterImpl-7287d2d4-454f-4da5-bbdc-7dc3b2fb158b/datanode-3/data-0/containers/hdds to VolumeSet
2021-08-26 18:39:48,029 [Listener at 127.0.0.1/40319] INFO  volume.ThrottledAsyncChecker (ThrottledAsyncChecker.java:schedule(141)) - Scheduling a check for /home/runner/work/ozone/ozone/hadoop-ozone/integration-test/target/test-dir/MiniOzoneClusterImpl-7287d2d4-454f-4da5-bbdc-7dc3b2fb158b/datanode-3/data-0/containers/hdds
2021-08-26 18:39:48,054 [Listener at 127.0.0.1/40319] INFO  volume.StorageVolumeChecker (StorageVolumeChecker.java:checkAllVolumes(202)) - Scheduled health check for volume /home/runner/work/ozone/ozone/hadoop-ozone/integration-test/target/test-dir/MiniOzoneClusterImpl-7287d2d4-454f-4da5-bbdc-7dc3b2fb158b/datanode-3/data-0/containers/hdds
2021-08-26 18:39:48,066 [Listener at 127.0.0.1/40319] INFO  volume.MutableVolumeSet (MutableVolumeSet.java:initializeVolumeSet(181)) - Added Volume : /home/runner/work/ozone/ozone/hadoop-ozone/integration-test/target/test-dir/MiniOzoneClusterImpl-7287d2d4-454f-4da5-bbdc-7dc3b2fb158b/datanode-3/data/ratis to VolumeSet
2021-08-26 18:39:48,067 [Listener at 127.0.0.1/40319] INFO  volume.ThrottledAsyncChecker (ThrottledAsyncChecker.java:schedule(141)) - Scheduling a check for /home/runner/work/ozone/ozone/hadoop-ozone/integration-test/target/test-dir/MiniOzoneClusterImpl-7287d2d4-454f-4da5-bbdc-7dc3b2fb158b/datanode-3/data/ratis
2021-08-26 18:39:48,074 [Listener at 127.0.0.1/40319] INFO  volume.StorageVolumeChecker (StorageVolumeChecker.java:checkAllVolumes(202)) - Scheduled health check for volume /home/runner/work/ozone/ozone/hadoop-ozone/integration-test/target/test-dir/MiniOzoneClusterImpl-7287d2d4-454f-4da5-bbdc-7dc3b2fb158b/datanode-3/data/ratis
2021-08-26 18:39:48,096 [Listener at 127.0.0.1/40319] INFO  ozoneimpl.ContainerReader (ContainerReader.java:<init>(98)) - Running in upgrade mode:true
2021-08-26 18:39:48,096 [Thread-1398] INFO  ozoneimpl.ContainerReader (ContainerReader.java:readVolume(142)) - Start to verify containers on volume /home/runner/work/ozone/ozone/hadoop-ozone/integration-test/target/test-dir/MiniOzoneClusterImpl-7287d2d4-454f-4da5-bbdc-7dc3b2fb158b/datanode-3/data-0/containers/hdds
2021-08-26 18:39:48,096 [Thread-1398] INFO  ozoneimpl.ContainerReader (ContainerReader.java:readVolume(174)) - Finish verifying containers on volume /home/runner/work/ozone/ozone/hadoop-ozone/integration-test/target/test-dir/MiniOzoneClusterImpl-7287d2d4-454f-4da5-bbdc-7dc3b2fb158b/datanode-3/data-0/containers/hdds
2021-08-26 18:39:48,096 [Listener at 127.0.0.1/40319] INFO  ozoneimpl.OzoneContainer (OzoneContainer.java:buildContainerSet(237)) - Build ContainerSet costs 0s
2021-08-26 18:39:48,098 [Listener at 127.0.0.1/40319] INFO  server.RaftServer (ConfUtils.java:logGet(44)) - raft.rpc.type = GRPC (default)
2021-08-26 18:39:48,098 [Listener at 127.0.0.1/40319] INFO  grpc.GrpcFactory (GrpcFactory.java:checkPooledByteBufAllocatorUseCacheForAllThreads(48)) - PERFORMANCE WARNING: useCacheForAllThreads is true that may cause Netty to create a lot garbage objects and, as a result, trigger GC.
	It is recommended to disable useCacheForAllThreads by setting -Dorg.apache.ratis.thirdparty.io.netty.allocator.useCacheForAllThreads=false in command line.
2021-08-26 18:39:48,098 [Listener at 127.0.0.1/40319] INFO  grpc.GrpcConfigKeys (ConfUtils.java:logGet(44)) - raft.grpc.admin.port = 0 (custom)
2021-08-26 18:39:48,098 [Listener at 127.0.0.1/40319] INFO  grpc.GrpcConfigKeys (ConfUtils.java:logGet(44)) - raft.grpc.client.port = 0 (custom)
2021-08-26 18:39:48,098 [Listener at 127.0.0.1/40319] INFO  grpc.GrpcConfigKeys (ConfUtils.java:logGet(44)) - raft.grpc.server.port = 0 (default)
2021-08-26 18:39:48,098 [Listener at 127.0.0.1/40319] INFO  server.GrpcService (ConfUtils.java:logGet(44)) - raft.grpc.message.size.max = 32MB (=33554432) (custom)
2021-08-26 18:39:48,098 [Listener at 127.0.0.1/40319] INFO  server.RaftServerConfigKeys (ConfUtils.java:logGet(44)) - raft.server.log.appender.buffer.byte-limit = 33554432 (custom)
2021-08-26 18:39:48,099 [Listener at 127.0.0.1/40319] INFO  server.GrpcService (ConfUtils.java:logGet(44)) - raft.grpc.flow.control.window = 5MB (=5242880) (custom)
2021-08-26 18:39:48,099 [Listener at 127.0.0.1/40319] INFO  server.RaftServerConfigKeys (ConfUtils.java:logGet(44)) - raft.server.rpc.request.timeout = 3000ms (default)
2021-08-26 18:39:48,099 [Listener at 127.0.0.1/40319] INFO  impl.DataStreamServerImpl (ConfUtils.java:logGet(44)) - raft.datastream.type = DISABLED (default)
2021-08-26 18:39:48,100 [Listener at 127.0.0.1/40319] INFO  server.RaftServerConfigKeys (ConfUtils.java:logGet(44)) - raft.server.rpc.slowness.timeout = 300000ms (custom)
2021-08-26 18:39:48,100 [Listener at 127.0.0.1/40319] INFO  server.RaftServerConfigKeys (ConfUtils.java:logGet(44)) - raft.server.leaderelection.leader.step-down.wait-time = 10s (default)
2021-08-26 18:39:48,100 [Listener at 127.0.0.1/40319] INFO  server.RaftServerConfigKeys (ConfUtils.java:logGet(44)) - raft.server.storage.dir = [/home/runner/work/ozone/ozone/hadoop-ozone/integration-test/target/test-dir/MiniOzoneClusterImpl-7287d2d4-454f-4da5-bbdc-7dc3b2fb158b/datanode-3/data/ratis] (custom)
2021-08-26 18:39:48,106 [Listener at 127.0.0.1/40319] INFO  http.BaseHttpServer (BaseHttpServer.java:newHttpServer2BuilderForOzone(209)) - Starting Web-server for hddsDatanode at: http://0.0.0.0:0
2021-08-26 18:39:48,106 [Listener at 127.0.0.1/40319] INFO  http.BaseHttpServer (BaseHttpServer.java:<init>(107)) - Hadoop Security Enabled: false Ozone Security Enabled: false Ozone HTTP Security Enabled: false 
2021-08-26 18:39:48,107 [Listener at 127.0.0.1/40319] INFO  server.AuthenticationFilter (AuthenticationFilter.java:constructSecretProvider(240)) - Unable to initialize FileSignerSecretProvider, falling back to use random secrets.
2021-08-26 18:39:48,116 [Listener at 127.0.0.1/40319] WARN  http.HttpRequestLog (HttpRequestLog.java:getRequestLog(103)) - Jetty request log can only be enabled using Log4j
2021-08-26 18:39:48,117 [Listener at 127.0.0.1/40319] INFO  http.HttpServer2 (HttpServer2.java:addGlobalFilter(1030)) - Added global filter 'safety' (class=org.apache.hadoop.hdds.server.http.HttpServer2$QuotingInputFilter)
2021-08-26 18:39:48,117 [Listener at 127.0.0.1/40319] INFO  http.HttpServer2 (HttpServer2.java:addFilter(1006)) - Added filter static_user_filter (class=org.apache.hadoop.http.lib.StaticUserWebFilter$StaticUserFilter) to context hddsDatanode
2021-08-26 18:39:48,117 [Listener at 127.0.0.1/40319] INFO  http.HttpServer2 (HttpServer2.java:addFilter(1014)) - Added filter static_user_filter (class=org.apache.hadoop.http.lib.StaticUserWebFilter$StaticUserFilter) to context static
2021-08-26 18:39:48,117 [Listener at 127.0.0.1/40319] INFO  http.HttpServer2 (HttpServer2.java:addFilter(1014)) - Added filter static_user_filter (class=org.apache.hadoop.http.lib.StaticUserWebFilter$StaticUserFilter) to context logs
2021-08-26 18:39:48,118 [Listener at 127.0.0.1/40319] INFO  http.HttpServer2 (HttpServer2.java:bindListener(1249)) - Jetty bound to port 37293
2021-08-26 18:39:48,118 [Listener at 127.0.0.1/40319] INFO  server.Server (Server.java:doStart(375)) - jetty-9.4.43.v20210629; built: 2021-06-30T11:07:22.254Z; git: 526006ecfa3af7f1a27ef3a288e2bef7ea9dd7e8; jvm 1.8.0_292-b10
2021-08-26 18:39:48,204 [Listener at 127.0.0.1/40319] INFO  server.session (DefaultSessionIdManager.java:doStart(334)) - DefaultSessionIdManager workerName=node0
2021-08-26 18:39:48,204 [Listener at 127.0.0.1/40319] INFO  server.session (DefaultSessionIdManager.java:doStart(339)) - No SessionScavenger set, using defaults
2021-08-26 18:39:48,204 [Listener at 127.0.0.1/40319] INFO  server.session (HouseKeeper.java:startScavenging(132)) - node0 Scavenging every 660000ms
2021-08-26 18:39:48,205 [Listener at 127.0.0.1/40319] INFO  handler.ContextHandler (ContextHandler.java:doStart(915)) - Started o.e.j.s.ServletContextHandler@3c140fbb{logs,/logs,file:///home/runner/work/ozone/ozone/hadoop-ozone/integration-test/target/log,AVAILABLE}
2021-08-26 18:39:48,206 [Listener at 127.0.0.1/40319] INFO  handler.ContextHandler (ContextHandler.java:doStart(915)) - Started o.e.j.s.ServletContextHandler@3758263d{static,/static,jar:file:/home/runner/.m2/repository/org/apache/ozone/hdds-container-service/1.2.0-SNAPSHOT/hdds-container-service-1.2.0-SNAPSHOT.jar!/webapps/static,AVAILABLE}
2021-08-26 18:39:48,322 [Listener at 127.0.0.1/40319] INFO  handler.ContextHandler (ContextHandler.java:doStart(915)) - Started o.e.j.w.WebAppContext@78d3f3b3{hddsDatanode,/,file:///tmp/jetty-0_0_0_0-37293-hdds-container-service-1_2_0-SNAPSHOT_jar-_-any-6495380544380433099/webapp/,AVAILABLE}{jar:file:/home/runner/.m2/repository/org/apache/ozone/hdds-container-service/1.2.0-SNAPSHOT/hdds-container-service-1.2.0-SNAPSHOT.jar!/webapps/hddsDatanode}
2021-08-26 18:39:48,387 [Listener at 127.0.0.1/40319] INFO  server.AbstractConnector (AbstractConnector.java:doStart(331)) - Started ServerConnector@729c47b3{HTTP/1.1, (http/1.1)}{0.0.0.0:37293}
2021-08-26 18:39:48,387 [Listener at 127.0.0.1/40319] INFO  server.Server (Server.java:doStart(415)) - Started @170166ms
2021-08-26 18:39:48,387 [Listener at 127.0.0.1/40319] WARN  impl.MetricsSystemImpl (MetricsSystemImpl.java:register(279)) - Sink prometheus already exists!
2021-08-26 18:39:48,388 [Listener at 127.0.0.1/40319] INFO  http.BaseHttpServer (BaseHttpServer.java:updateConnectorAddress(329)) - HTTP server of hddsDatanode listening at http://0.0.0.0:37293
2021-08-26 18:39:48,391 [Listener at 127.0.0.1/40319] WARN  impl.MetricRegistriesImpl (MetricRegistriesImpl.java:addReporterRegistration(111)) - New reporters are added after registries were created. Some metrics will be missing from the reporter. Please add reporter before adding any new registry.
2021-08-26 18:39:48,391 [Listener at 127.0.0.1/40319] WARN  impl.MetricRegistriesImpl (MetricRegistriesImpl.java:addReporterRegistration(111)) - New reporters are added after registries were created. Some metrics will be missing from the reporter. Please add reporter before adding any new registry.
2021-08-26 18:39:48,391 [Listener at 127.0.0.1/40319] INFO  impl.MetricsSystemImpl (MetricsSystemImpl.java:init(158)) - HddsDatanode metrics system started (again)
2021-08-26 18:39:48,435 [org.apache.hadoop.util.JvmPauseMonitor$Monitor@3431d398] INFO  util.JvmPauseMonitor (JvmPauseMonitor.java:run(188)) - Starting JVM pause monitor
2021-08-26 18:39:48,450 [Datanode State Machine Task Thread - 0] INFO  datanode.InitDatanodeState (InitDatanodeState.java:persistContainerDatanodeDetails(145)) - DatanodeDetails is persisted to /home/runner/work/ozone/ozone/hadoop-ozone/integration-test/target/test-dir/MiniOzoneClusterImpl-7287d2d4-454f-4da5-bbdc-7dc3b2fb158b/datanode-3/meta/datanode.id
2021-08-26 18:39:48,465 [EndpointStateMachine task thread for /0.0.0.0:36131 - 0 ] INFO  ozoneimpl.OzoneContainer (OzoneContainer.java:start(305)) - Attempting to start container services.
2021-08-26 18:39:48,466 [EndpointStateMachine task thread for /0.0.0.0:36131 - 0 ] INFO  ozoneimpl.OzoneContainer (OzoneContainer.java:startContainerScrub(250)) - Background container scanner has been disabled.
2021-08-26 18:39:48,469 [EndpointStateMachine task thread for /0.0.0.0:36131 - 0 ] INFO  replication.ReplicationServer (ReplicationServer.java:start(107)) - ReplicationServer is started using port 38487
2021-08-26 18:39:48,470 [EndpointStateMachine task thread for /0.0.0.0:36131 - 0 ] INFO  ratis.XceiverServerRatis (XceiverServerRatis.java:start(482)) - Starting XceiverServerRatis b0d4646c-0fcd-42fc-b255-eb3c3c8c3636
2021-08-26 18:39:48,475 [EndpointStateMachine task thread for /0.0.0.0:36131 - 0 ] INFO  server.RaftServer (RaftServerProxy.java:lambda$start$5(374)) - b0d4646c-0fcd-42fc-b255-eb3c3c8c3636: start RPC server
2021-08-26 18:39:48,479 [EndpointStateMachine task thread for /0.0.0.0:36131 - 0 ] INFO  server.GrpcService (GrpcService.java:startImpl(253)) - b0d4646c-0fcd-42fc-b255-eb3c3c8c3636: GrpcService started, listening on 45237
2021-08-26 18:39:48,483 [EndpointStateMachine task thread for /0.0.0.0:36131 - 0 ] INFO  ratis.XceiverServerRatis (XceiverServerRatis.java:getRealPort(503)) - XceiverServerRatis b0d4646c-0fcd-42fc-b255-eb3c3c8c3636 is started using port 45237 for RATIS
2021-08-26 18:39:48,483 [EndpointStateMachine task thread for /0.0.0.0:36131 - 0 ] INFO  ratis.XceiverServerRatis (XceiverServerRatis.java:getRealPort(503)) - XceiverServerRatis b0d4646c-0fcd-42fc-b255-eb3c3c8c3636 is started using port 45237 for RATIS_ADMIN
2021-08-26 18:39:48,483 [EndpointStateMachine task thread for /0.0.0.0:36131 - 0 ] INFO  ratis.XceiverServerRatis (XceiverServerRatis.java:getRealPort(503)) - XceiverServerRatis b0d4646c-0fcd-42fc-b255-eb3c3c8c3636 is started using port 45237 for RATIS_SERVER
2021-08-26 18:39:48,483 [EndpointStateMachine task thread for /0.0.0.0:36131 - 0 ] INFO  server.XceiverServerGrpc (XceiverServerGrpc.java:start(135)) - XceiverServerGrpc b0d4646c-0fcd-42fc-b255-eb3c3c8c3636 is started using port 33471
2021-08-26 18:39:48,489 [Listener at 127.0.0.1/40319] INFO  ozone.HddsDatanodeService (HddsDatanodeService.java:start(234)) - HddsDatanodeService host:fv-az184-233.3ow45vhwbzuu5incsxmygykede.cx.internal.cloudapp.net ip:10.1.0.63
2021-08-26 18:39:48,503 [org.apache.ratis.util.JvmPauseMonitor$$Lambda$531/1778678572@1484a73] INFO  util.JvmPauseMonitor (JvmPauseMonitor.java:run(103)) - JvmPauseMonitor-b0d4646c-0fcd-42fc-b255-eb3c3c8c3636: Started
2021-08-26 18:39:48,578 [Listener at 127.0.0.1/40319] INFO  upgrade.AbstractLayoutVersionManager (AbstractLayoutVersionManager.java:init(70)) - Initializing Layout version manager with metadata layout = SCM_HA (version = 2), software layout = SCM_HA (version = 2)
2021-08-26 18:39:48,695 [Listener at 127.0.0.1/40319] INFO  reflections.Reflections (Reflections.java:scan(232)) - Reflections took 112 ms to scan 7 urls, producing 120 keys and 275 values 
2021-08-26 18:39:48,713 [Listener at 127.0.0.1/40319] INFO  volume.HddsVolume (HddsVolume.java:<init>(120)) - Creating HddsVolume: /home/runner/work/ozone/ozone/hadoop-ozone/integration-test/target/test-dir/MiniOzoneClusterImpl-7287d2d4-454f-4da5-bbdc-7dc3b2fb158b/datanode-4/data-0/containers/hdds of storage type : DISK capacity : 9223372036854775807
2021-08-26 18:39:48,713 [Listener at 127.0.0.1/40319] INFO  volume.MutableVolumeSet (MutableVolumeSet.java:initializeVolumeSet(181)) - Added Volume : /home/runner/work/ozone/ozone/hadoop-ozone/integration-test/target/test-dir/MiniOzoneClusterImpl-7287d2d4-454f-4da5-bbdc-7dc3b2fb158b/datanode-4/data-0/containers/hdds to VolumeSet
2021-08-26 18:39:48,713 [Listener at 127.0.0.1/40319] INFO  volume.ThrottledAsyncChecker (ThrottledAsyncChecker.java:schedule(141)) - Scheduling a check for /home/runner/work/ozone/ozone/hadoop-ozone/integration-test/target/test-dir/MiniOzoneClusterImpl-7287d2d4-454f-4da5-bbdc-7dc3b2fb158b/datanode-4/data-0/containers/hdds
2021-08-26 18:39:48,725 [Listener at 127.0.0.1/40319] INFO  volume.StorageVolumeChecker (StorageVolumeChecker.java:checkAllVolumes(202)) - Scheduled health check for volume /home/runner/work/ozone/ozone/hadoop-ozone/integration-test/target/test-dir/MiniOzoneClusterImpl-7287d2d4-454f-4da5-bbdc-7dc3b2fb158b/datanode-4/data-0/containers/hdds
2021-08-26 18:39:48,793 [Listener at 127.0.0.1/40319] INFO  volume.MutableVolumeSet (MutableVolumeSet.java:initializeVolumeSet(181)) - Added Volume : /home/runner/work/ozone/ozone/hadoop-ozone/integration-test/target/test-dir/MiniOzoneClusterImpl-7287d2d4-454f-4da5-bbdc-7dc3b2fb158b/datanode-4/data/ratis to VolumeSet
2021-08-26 18:39:48,814 [Listener at 127.0.0.1/40319] INFO  volume.ThrottledAsyncChecker (ThrottledAsyncChecker.java:schedule(141)) - Scheduling a check for /home/runner/work/ozone/ozone/hadoop-ozone/integration-test/target/test-dir/MiniOzoneClusterImpl-7287d2d4-454f-4da5-bbdc-7dc3b2fb158b/datanode-4/data/ratis
2021-08-26 18:39:48,814 [Listener at 127.0.0.1/40319] INFO  volume.StorageVolumeChecker (StorageVolumeChecker.java:checkAllVolumes(202)) - Scheduled health check for volume /home/runner/work/ozone/ozone/hadoop-ozone/integration-test/target/test-dir/MiniOzoneClusterImpl-7287d2d4-454f-4da5-bbdc-7dc3b2fb158b/datanode-4/data/ratis
2021-08-26 18:39:48,865 [Listener at 127.0.0.1/40319] INFO  ozoneimpl.ContainerReader (ContainerReader.java:<init>(98)) - Running in upgrade mode:true
2021-08-26 18:39:48,899 [Thread-1414] INFO  ozoneimpl.ContainerReader (ContainerReader.java:readVolume(142)) - Start to verify containers on volume /home/runner/work/ozone/ozone/hadoop-ozone/integration-test/target/test-dir/MiniOzoneClusterImpl-7287d2d4-454f-4da5-bbdc-7dc3b2fb158b/datanode-4/data-0/containers/hdds
2021-08-26 18:39:48,899 [Thread-1414] INFO  ozoneimpl.ContainerReader (ContainerReader.java:readVolume(174)) - Finish verifying containers on volume /home/runner/work/ozone/ozone/hadoop-ozone/integration-test/target/test-dir/MiniOzoneClusterImpl-7287d2d4-454f-4da5-bbdc-7dc3b2fb158b/datanode-4/data-0/containers/hdds
2021-08-26 18:39:48,899 [Listener at 127.0.0.1/40319] INFO  ozoneimpl.OzoneContainer (OzoneContainer.java:buildContainerSet(237)) - Build ContainerSet costs 0s
2021-08-26 18:39:48,900 [Listener at 127.0.0.1/40319] INFO  server.RaftServer (ConfUtils.java:logGet(44)) - raft.rpc.type = GRPC (default)
2021-08-26 18:39:48,900 [Listener at 127.0.0.1/40319] INFO  grpc.GrpcFactory (GrpcFactory.java:checkPooledByteBufAllocatorUseCacheForAllThreads(48)) - PERFORMANCE WARNING: useCacheForAllThreads is true that may cause Netty to create a lot garbage objects and, as a result, trigger GC.
	It is recommended to disable useCacheForAllThreads by setting -Dorg.apache.ratis.thirdparty.io.netty.allocator.useCacheForAllThreads=false in command line.
2021-08-26 18:39:48,901 [Listener at 127.0.0.1/40319] INFO  grpc.GrpcConfigKeys (ConfUtils.java:logGet(44)) - raft.grpc.admin.port = 0 (custom)
2021-08-26 18:39:48,901 [Listener at 127.0.0.1/40319] INFO  grpc.GrpcConfigKeys (ConfUtils.java:logGet(44)) - raft.grpc.client.port = 0 (custom)
2021-08-26 18:39:48,901 [Listener at 127.0.0.1/40319] INFO  grpc.GrpcConfigKeys (ConfUtils.java:logGet(44)) - raft.grpc.server.port = 0 (default)
2021-08-26 18:39:48,901 [Listener at 127.0.0.1/40319] INFO  server.GrpcService (ConfUtils.java:logGet(44)) - raft.grpc.message.size.max = 32MB (=33554432) (custom)
2021-08-26 18:39:48,901 [Listener at 127.0.0.1/40319] INFO  server.RaftServerConfigKeys (ConfUtils.java:logGet(44)) - raft.server.log.appender.buffer.byte-limit = 33554432 (custom)
2021-08-26 18:39:48,901 [Listener at 127.0.0.1/40319] INFO  server.GrpcService (ConfUtils.java:logGet(44)) - raft.grpc.flow.control.window = 5MB (=5242880) (custom)
2021-08-26 18:39:48,901 [Listener at 127.0.0.1/40319] INFO  server.RaftServerConfigKeys (ConfUtils.java:logGet(44)) - raft.server.rpc.request.timeout = 3000ms (default)
2021-08-26 18:39:48,902 [Listener at 127.0.0.1/40319] INFO  impl.DataStreamServerImpl (ConfUtils.java:logGet(44)) - raft.datastream.type = DISABLED (default)
2021-08-26 18:39:48,902 [Listener at 127.0.0.1/40319] INFO  server.RaftServerConfigKeys (ConfUtils.java:logGet(44)) - raft.server.rpc.slowness.timeout = 300000ms (custom)
2021-08-26 18:39:48,902 [Listener at 127.0.0.1/40319] INFO  server.RaftServerConfigKeys (ConfUtils.java:logGet(44)) - raft.server.leaderelection.leader.step-down.wait-time = 10s (default)
2021-08-26 18:39:48,902 [Listener at 127.0.0.1/40319] INFO  server.RaftServerConfigKeys (ConfUtils.java:logGet(44)) - raft.server.storage.dir = [/home/runner/work/ozone/ozone/hadoop-ozone/integration-test/target/test-dir/MiniOzoneClusterImpl-7287d2d4-454f-4da5-bbdc-7dc3b2fb158b/datanode-4/data/ratis] (custom)
2021-08-26 18:39:48,905 [Listener at 127.0.0.1/40319] INFO  http.BaseHttpServer (BaseHttpServer.java:newHttpServer2BuilderForOzone(209)) - Starting Web-server for hddsDatanode at: http://0.0.0.0:0
2021-08-26 18:39:48,905 [Listener at 127.0.0.1/40319] INFO  http.BaseHttpServer (BaseHttpServer.java:<init>(107)) - Hadoop Security Enabled: false Ozone Security Enabled: false Ozone HTTP Security Enabled: false 
2021-08-26 18:39:48,906 [Listener at 127.0.0.1/40319] INFO  server.AuthenticationFilter (AuthenticationFilter.java:constructSecretProvider(240)) - Unable to initialize FileSignerSecretProvider, falling back to use random secrets.
2021-08-26 18:39:48,906 [Listener at 127.0.0.1/40319] WARN  http.HttpRequestLog (HttpRequestLog.java:getRequestLog(103)) - Jetty request log can only be enabled using Log4j
2021-08-26 18:39:48,910 [Listener at 127.0.0.1/40319] INFO  http.HttpServer2 (HttpServer2.java:addGlobalFilter(1030)) - Added global filter 'safety' (class=org.apache.hadoop.hdds.server.http.HttpServer2$QuotingInputFilter)
2021-08-26 18:39:48,911 [Listener at 127.0.0.1/40319] INFO  http.HttpServer2 (HttpServer2.java:addFilter(1006)) - Added filter static_user_filter (class=org.apache.hadoop.http.lib.StaticUserWebFilter$StaticUserFilter) to context hddsDatanode
2021-08-26 18:39:48,911 [Listener at 127.0.0.1/40319] INFO  http.HttpServer2 (HttpServer2.java:addFilter(1014)) - Added filter static_user_filter (class=org.apache.hadoop.http.lib.StaticUserWebFilter$StaticUserFilter) to context logs
2021-08-26 18:39:48,911 [Listener at 127.0.0.1/40319] INFO  http.HttpServer2 (HttpServer2.java:addFilter(1014)) - Added filter static_user_filter (class=org.apache.hadoop.http.lib.StaticUserWebFilter$StaticUserFilter) to context static
2021-08-26 18:39:48,911 [Listener at 127.0.0.1/40319] INFO  http.HttpServer2 (HttpServer2.java:bindListener(1249)) - Jetty bound to port 40865
2021-08-26 18:39:48,912 [Listener at 127.0.0.1/40319] INFO  server.Server (Server.java:doStart(375)) - jetty-9.4.43.v20210629; built: 2021-06-30T11:07:22.254Z; git: 526006ecfa3af7f1a27ef3a288e2bef7ea9dd7e8; jvm 1.8.0_292-b10
2021-08-26 18:39:48,913 [Listener at 127.0.0.1/40319] INFO  server.session (DefaultSessionIdManager.java:doStart(334)) - DefaultSessionIdManager workerName=node0
2021-08-26 18:39:48,913 [Listener at 127.0.0.1/40319] INFO  server.session (DefaultSessionIdManager.java:doStart(339)) - No SessionScavenger set, using defaults
2021-08-26 18:39:48,913 [Listener at 127.0.0.1/40319] INFO  server.session (HouseKeeper.java:startScavenging(132)) - node0 Scavenging every 600000ms
2021-08-26 18:39:48,919 [Listener at 127.0.0.1/40319] INFO  handler.ContextHandler (ContextHandler.java:doStart(915)) - Started o.e.j.s.ServletContextHandler@69ecb40f{logs,/logs,file:///home/runner/work/ozone/ozone/hadoop-ozone/integration-test/target/log,AVAILABLE}
2021-08-26 18:39:48,919 [Listener at 127.0.0.1/40319] INFO  handler.ContextHandler (ContextHandler.java:doStart(915)) - Started o.e.j.s.ServletContextHandler@2ab6e21d{static,/static,jar:file:/home/runner/.m2/repository/org/apache/ozone/hdds-container-service/1.2.0-SNAPSHOT/hdds-container-service-1.2.0-SNAPSHOT.jar!/webapps/static,AVAILABLE}
2021-08-26 18:39:49,048 [Listener at 127.0.0.1/40319] INFO  handler.ContextHandler (ContextHandler.java:doStart(915)) - Started o.e.j.w.WebAppContext@76eb7c7{hddsDatanode,/,file:///tmp/jetty-0_0_0_0-40865-hdds-container-service-1_2_0-SNAPSHOT_jar-_-any-334333931784848368/webapp/,AVAILABLE}{jar:file:/home/runner/.m2/repository/org/apache/ozone/hdds-container-service/1.2.0-SNAPSHOT/hdds-container-service-1.2.0-SNAPSHOT.jar!/webapps/hddsDatanode}
2021-08-26 18:39:49,079 [Listener at 127.0.0.1/40319] INFO  server.AbstractConnector (AbstractConnector.java:doStart(331)) - Started ServerConnector@73c35e66{HTTP/1.1, (http/1.1)}{0.0.0.0:40865}
2021-08-26 18:39:49,079 [Listener at 127.0.0.1/40319] INFO  server.Server (Server.java:doStart(415)) - Started @170858ms
2021-08-26 18:39:49,079 [Listener at 127.0.0.1/40319] WARN  impl.MetricsSystemImpl (MetricsSystemImpl.java:register(279)) - Sink prometheus already exists!
2021-08-26 18:39:49,081 [Listener at 127.0.0.1/40319] INFO  http.BaseHttpServer (BaseHttpServer.java:updateConnectorAddress(329)) - HTTP server of hddsDatanode listening at http://0.0.0.0:40865
2021-08-26 18:39:49,105 [Listener at 127.0.0.1/40319] WARN  impl.MetricRegistriesImpl (MetricRegistriesImpl.java:addReporterRegistration(111)) - New reporters are added after registries were created. Some metrics will be missing from the reporter. Please add reporter before adding any new registry.
2021-08-26 18:39:49,105 [Listener at 127.0.0.1/40319] WARN  impl.MetricRegistriesImpl (MetricRegistriesImpl.java:addReporterRegistration(111)) - New reporters are added after registries were created. Some metrics will be missing from the reporter. Please add reporter before adding any new registry.
2021-08-26 18:39:49,105 [Listener at 127.0.0.1/40319] INFO  impl.MetricsSystemImpl (MetricsSystemImpl.java:init(158)) - HddsDatanode metrics system started (again)
2021-08-26 18:39:49,140 [Listener at 127.0.0.1/40319] INFO  ozone.HddsDatanodeService (HddsDatanodeService.java:start(234)) - HddsDatanodeService host:fv-az184-233.3ow45vhwbzuu5incsxmygykede.cx.internal.cloudapp.net ip:10.1.0.63
2021-08-26 18:39:49,218 [org.apache.hadoop.util.JvmPauseMonitor$Monitor@22521240] INFO  util.JvmPauseMonitor (JvmPauseMonitor.java:run(188)) - Starting JVM pause monitor
2021-08-26 18:39:49,230 [Datanode State Machine Task Thread - 0] INFO  datanode.InitDatanodeState (InitDatanodeState.java:persistContainerDatanodeDetails(145)) - DatanodeDetails is persisted to /home/runner/work/ozone/ozone/hadoop-ozone/integration-test/target/test-dir/MiniOzoneClusterImpl-7287d2d4-454f-4da5-bbdc-7dc3b2fb158b/datanode-4/meta/datanode.id
2021-08-26 18:39:49,256 [EndpointStateMachine task thread for /0.0.0.0:36131 - 0 ] INFO  ozoneimpl.OzoneContainer (OzoneContainer.java:start(305)) - Attempting to start container services.
2021-08-26 18:39:49,256 [EndpointStateMachine task thread for /0.0.0.0:36131 - 0 ] INFO  ozoneimpl.OzoneContainer (OzoneContainer.java:startContainerScrub(250)) - Background container scanner has been disabled.
2021-08-26 18:39:49,257 [EndpointStateMachine task thread for /0.0.0.0:36131 - 0 ] INFO  replication.ReplicationServer (ReplicationServer.java:start(107)) - ReplicationServer is started using port 40843
2021-08-26 18:39:49,282 [Listener at 127.0.0.1/40319] INFO  upgrade.AbstractLayoutVersionManager (AbstractLayoutVersionManager.java:init(70)) - Initializing Layout version manager with metadata layout = SCM_HA (version = 2), software layout = SCM_HA (version = 2)
2021-08-26 18:39:49,287 [EndpointStateMachine task thread for /0.0.0.0:36131 - 0 ] INFO  ratis.XceiverServerRatis (XceiverServerRatis.java:start(482)) - Starting XceiverServerRatis feac8f5a-1b39-4e45-882b-39b2a71e70b7
2021-08-26 18:39:49,343 [EndpointStateMachine task thread for /0.0.0.0:36131 - 0 ] INFO  server.RaftServer (RaftServerProxy.java:lambda$start$5(374)) - feac8f5a-1b39-4e45-882b-39b2a71e70b7: start RPC server
2021-08-26 18:39:49,346 [EndpointStateMachine task thread for /0.0.0.0:36131 - 0 ] INFO  server.GrpcService (GrpcService.java:startImpl(253)) - feac8f5a-1b39-4e45-882b-39b2a71e70b7: GrpcService started, listening on 43083
2021-08-26 18:39:49,349 [EndpointStateMachine task thread for /0.0.0.0:36131 - 0 ] INFO  ratis.XceiverServerRatis (XceiverServerRatis.java:getRealPort(503)) - XceiverServerRatis feac8f5a-1b39-4e45-882b-39b2a71e70b7 is started using port 43083 for RATIS
2021-08-26 18:39:49,349 [EndpointStateMachine task thread for /0.0.0.0:36131 - 0 ] INFO  ratis.XceiverServerRatis (XceiverServerRatis.java:getRealPort(503)) - XceiverServerRatis feac8f5a-1b39-4e45-882b-39b2a71e70b7 is started using port 43083 for RATIS_ADMIN
2021-08-26 18:39:49,349 [EndpointStateMachine task thread for /0.0.0.0:36131 - 0 ] INFO  ratis.XceiverServerRatis (XceiverServerRatis.java:getRealPort(503)) - XceiverServerRatis feac8f5a-1b39-4e45-882b-39b2a71e70b7 is started using port 43083 for RATIS_SERVER
2021-08-26 18:39:49,349 [EndpointStateMachine task thread for /0.0.0.0:36131 - 0 ] INFO  server.XceiverServerGrpc (XceiverServerGrpc.java:start(135)) - XceiverServerGrpc feac8f5a-1b39-4e45-882b-39b2a71e70b7 is started using port 44649
2021-08-26 18:39:49,378 [org.apache.ratis.util.JvmPauseMonitor$$Lambda$531/1778678572@18505138] INFO  util.JvmPauseMonitor (JvmPauseMonitor.java:run(103)) - JvmPauseMonitor-feac8f5a-1b39-4e45-882b-39b2a71e70b7: Started
2021-08-26 18:39:49,419 [Listener at 127.0.0.1/40319] INFO  reflections.Reflections (Reflections.java:scan(232)) - Reflections took 134 ms to scan 7 urls, producing 120 keys and 275 values 
2021-08-26 18:39:49,435 [Listener at 127.0.0.1/40319] INFO  volume.HddsVolume (HddsVolume.java:<init>(120)) - Creating HddsVolume: /home/runner/work/ozone/ozone/hadoop-ozone/integration-test/target/test-dir/MiniOzoneClusterImpl-7287d2d4-454f-4da5-bbdc-7dc3b2fb158b/datanode-5/data-0/containers/hdds of storage type : DISK capacity : 9223372036854775807
2021-08-26 18:39:49,435 [Listener at 127.0.0.1/40319] INFO  volume.MutableVolumeSet (MutableVolumeSet.java:initializeVolumeSet(181)) - Added Volume : /home/runner/work/ozone/ozone/hadoop-ozone/integration-test/target/test-dir/MiniOzoneClusterImpl-7287d2d4-454f-4da5-bbdc-7dc3b2fb158b/datanode-5/data-0/containers/hdds to VolumeSet
2021-08-26 18:39:49,436 [Listener at 127.0.0.1/40319] INFO  volume.ThrottledAsyncChecker (ThrottledAsyncChecker.java:schedule(141)) - Scheduling a check for /home/runner/work/ozone/ozone/hadoop-ozone/integration-test/target/test-dir/MiniOzoneClusterImpl-7287d2d4-454f-4da5-bbdc-7dc3b2fb158b/datanode-5/data-0/containers/hdds
2021-08-26 18:39:49,460 [Listener at 127.0.0.1/40319] INFO  volume.StorageVolumeChecker (StorageVolumeChecker.java:checkAllVolumes(202)) - Scheduled health check for volume /home/runner/work/ozone/ozone/hadoop-ozone/integration-test/target/test-dir/MiniOzoneClusterImpl-7287d2d4-454f-4da5-bbdc-7dc3b2fb158b/datanode-5/data-0/containers/hdds
2021-08-26 18:39:49,492 [Listener at 127.0.0.1/40319] INFO  volume.MutableVolumeSet (MutableVolumeSet.java:initializeVolumeSet(181)) - Added Volume : /home/runner/work/ozone/ozone/hadoop-ozone/integration-test/target/test-dir/MiniOzoneClusterImpl-7287d2d4-454f-4da5-bbdc-7dc3b2fb158b/datanode-5/data/ratis to VolumeSet
2021-08-26 18:39:49,493 [Listener at 127.0.0.1/40319] INFO  volume.ThrottledAsyncChecker (ThrottledAsyncChecker.java:schedule(141)) - Scheduling a check for /home/runner/work/ozone/ozone/hadoop-ozone/integration-test/target/test-dir/MiniOzoneClusterImpl-7287d2d4-454f-4da5-bbdc-7dc3b2fb158b/datanode-5/data/ratis
2021-08-26 18:39:49,493 [Listener at 127.0.0.1/40319] INFO  volume.StorageVolumeChecker (StorageVolumeChecker.java:checkAllVolumes(202)) - Scheduled health check for volume /home/runner/work/ozone/ozone/hadoop-ozone/integration-test/target/test-dir/MiniOzoneClusterImpl-7287d2d4-454f-4da5-bbdc-7dc3b2fb158b/datanode-5/data/ratis
2021-08-26 18:39:49,521 [Listener at 127.0.0.1/40319] INFO  ozoneimpl.ContainerReader (ContainerReader.java:<init>(98)) - Running in upgrade mode:true
2021-08-26 18:39:49,521 [Thread-1429] INFO  ozoneimpl.ContainerReader (ContainerReader.java:readVolume(142)) - Start to verify containers on volume /home/runner/work/ozone/ozone/hadoop-ozone/integration-test/target/test-dir/MiniOzoneClusterImpl-7287d2d4-454f-4da5-bbdc-7dc3b2fb158b/datanode-5/data-0/containers/hdds
2021-08-26 18:39:49,521 [Thread-1429] INFO  ozoneimpl.ContainerReader (ContainerReader.java:readVolume(174)) - Finish verifying containers on volume /home/runner/work/ozone/ozone/hadoop-ozone/integration-test/target/test-dir/MiniOzoneClusterImpl-7287d2d4-454f-4da5-bbdc-7dc3b2fb158b/datanode-5/data-0/containers/hdds
2021-08-26 18:39:49,521 [Listener at 127.0.0.1/40319] INFO  ozoneimpl.OzoneContainer (OzoneContainer.java:buildContainerSet(237)) - Build ContainerSet costs 0s
2021-08-26 18:39:49,523 [Listener at 127.0.0.1/40319] INFO  server.RaftServer (ConfUtils.java:logGet(44)) - raft.rpc.type = GRPC (default)
2021-08-26 18:39:49,523 [Listener at 127.0.0.1/40319] INFO  grpc.GrpcFactory (GrpcFactory.java:checkPooledByteBufAllocatorUseCacheForAllThreads(48)) - PERFORMANCE WARNING: useCacheForAllThreads is true that may cause Netty to create a lot garbage objects and, as a result, trigger GC.
	It is recommended to disable useCacheForAllThreads by setting -Dorg.apache.ratis.thirdparty.io.netty.allocator.useCacheForAllThreads=false in command line.
2021-08-26 18:39:49,523 [Listener at 127.0.0.1/40319] INFO  grpc.GrpcConfigKeys (ConfUtils.java:logGet(44)) - raft.grpc.admin.port = 0 (custom)
2021-08-26 18:39:49,523 [Listener at 127.0.0.1/40319] INFO  grpc.GrpcConfigKeys (ConfUtils.java:logGet(44)) - raft.grpc.client.port = 0 (custom)
2021-08-26 18:39:49,523 [Listener at 127.0.0.1/40319] INFO  grpc.GrpcConfigKeys (ConfUtils.java:logGet(44)) - raft.grpc.server.port = 0 (default)
2021-08-26 18:39:49,523 [Listener at 127.0.0.1/40319] INFO  server.GrpcService (ConfUtils.java:logGet(44)) - raft.grpc.message.size.max = 32MB (=33554432) (custom)
2021-08-26 18:39:49,523 [Listener at 127.0.0.1/40319] INFO  server.RaftServerConfigKeys (ConfUtils.java:logGet(44)) - raft.server.log.appender.buffer.byte-limit = 33554432 (custom)
2021-08-26 18:39:49,523 [Listener at 127.0.0.1/40319] INFO  server.GrpcService (ConfUtils.java:logGet(44)) - raft.grpc.flow.control.window = 5MB (=5242880) (custom)
2021-08-26 18:39:49,523 [Listener at 127.0.0.1/40319] INFO  server.RaftServerConfigKeys (ConfUtils.java:logGet(44)) - raft.server.rpc.request.timeout = 3000ms (default)
2021-08-26 18:39:49,524 [Listener at 127.0.0.1/40319] INFO  impl.DataStreamServerImpl (ConfUtils.java:logGet(44)) - raft.datastream.type = DISABLED (default)
2021-08-26 18:39:49,524 [Listener at 127.0.0.1/40319] INFO  server.RaftServerConfigKeys (ConfUtils.java:logGet(44)) - raft.server.rpc.slowness.timeout = 300000ms (custom)
2021-08-26 18:39:49,524 [Listener at 127.0.0.1/40319] INFO  server.RaftServerConfigKeys (ConfUtils.java:logGet(44)) - raft.server.leaderelection.leader.step-down.wait-time = 10s (default)
2021-08-26 18:39:49,525 [Listener at 127.0.0.1/40319] INFO  server.RaftServerConfigKeys (ConfUtils.java:logGet(44)) - raft.server.storage.dir = [/home/runner/work/ozone/ozone/hadoop-ozone/integration-test/target/test-dir/MiniOzoneClusterImpl-7287d2d4-454f-4da5-bbdc-7dc3b2fb158b/datanode-5/data/ratis] (custom)
2021-08-26 18:39:49,527 [Listener at 127.0.0.1/40319] INFO  http.BaseHttpServer (BaseHttpServer.java:newHttpServer2BuilderForOzone(209)) - Starting Web-server for hddsDatanode at: http://0.0.0.0:0
2021-08-26 18:39:49,527 [Listener at 127.0.0.1/40319] INFO  http.BaseHttpServer (BaseHttpServer.java:<init>(107)) - Hadoop Security Enabled: false Ozone Security Enabled: false Ozone HTTP Security Enabled: false 
2021-08-26 18:39:49,528 [Listener at 127.0.0.1/40319] INFO  server.AuthenticationFilter (AuthenticationFilter.java:constructSecretProvider(240)) - Unable to initialize FileSignerSecretProvider, falling back to use random secrets.
2021-08-26 18:39:49,528 [Listener at 127.0.0.1/40319] WARN  http.HttpRequestLog (HttpRequestLog.java:getRequestLog(103)) - Jetty request log can only be enabled using Log4j
2021-08-26 18:39:49,529 [Listener at 127.0.0.1/40319] INFO  http.HttpServer2 (HttpServer2.java:addGlobalFilter(1030)) - Added global filter 'safety' (class=org.apache.hadoop.hdds.server.http.HttpServer2$QuotingInputFilter)
2021-08-26 18:39:49,529 [Listener at 127.0.0.1/40319] INFO  http.HttpServer2 (HttpServer2.java:addFilter(1006)) - Added filter static_user_filter (class=org.apache.hadoop.http.lib.StaticUserWebFilter$StaticUserFilter) to context hddsDatanode
2021-08-26 18:39:49,529 [Listener at 127.0.0.1/40319] INFO  http.HttpServer2 (HttpServer2.java:addFilter(1014)) - Added filter static_user_filter (class=org.apache.hadoop.http.lib.StaticUserWebFilter$StaticUserFilter) to context logs
2021-08-26 18:39:49,529 [Listener at 127.0.0.1/40319] INFO  http.HttpServer2 (HttpServer2.java:addFilter(1014)) - Added filter static_user_filter (class=org.apache.hadoop.http.lib.StaticUserWebFilter$StaticUserFilter) to context static
2021-08-26 18:39:49,530 [Listener at 127.0.0.1/40319] INFO  http.HttpServer2 (HttpServer2.java:bindListener(1249)) - Jetty bound to port 41121
2021-08-26 18:39:49,530 [Listener at 127.0.0.1/40319] INFO  server.Server (Server.java:doStart(375)) - jetty-9.4.43.v20210629; built: 2021-06-30T11:07:22.254Z; git: 526006ecfa3af7f1a27ef3a288e2bef7ea9dd7e8; jvm 1.8.0_292-b10
2021-08-26 18:39:49,546 [Listener at 127.0.0.1/40319] INFO  server.session (DefaultSessionIdManager.java:doStart(334)) - DefaultSessionIdManager workerName=node0
2021-08-26 18:39:49,546 [Listener at 127.0.0.1/40319] INFO  server.session (DefaultSessionIdManager.java:doStart(339)) - No SessionScavenger set, using defaults
2021-08-26 18:39:49,546 [Listener at 127.0.0.1/40319] INFO  server.session (HouseKeeper.java:startScavenging(132)) - node0 Scavenging every 660000ms
2021-08-26 18:39:49,546 [Listener at 127.0.0.1/40319] INFO  handler.ContextHandler (ContextHandler.java:doStart(915)) - Started o.e.j.s.ServletContextHandler@4f99a938{logs,/logs,file:///home/runner/work/ozone/ozone/hadoop-ozone/integration-test/target/log,AVAILABLE}
2021-08-26 18:39:49,547 [Listener at 127.0.0.1/40319] INFO  handler.ContextHandler (ContextHandler.java:doStart(915)) - Started o.e.j.s.ServletContextHandler@1d25dd14{static,/static,jar:file:/home/runner/.m2/repository/org/apache/ozone/hdds-container-service/1.2.0-SNAPSHOT/hdds-container-service-1.2.0-SNAPSHOT.jar!/webapps/static,AVAILABLE}
2021-08-26 18:39:49,608 [Listener at 127.0.0.1/40319] INFO  handler.ContextHandler (ContextHandler.java:doStart(915)) - Started o.e.j.w.WebAppContext@66c50c1d{hddsDatanode,/,file:///tmp/jetty-0_0_0_0-41121-hdds-container-service-1_2_0-SNAPSHOT_jar-_-any-8078719769679128992/webapp/,AVAILABLE}{jar:file:/home/runner/.m2/repository/org/apache/ozone/hdds-container-service/1.2.0-SNAPSHOT/hdds-container-service-1.2.0-SNAPSHOT.jar!/webapps/hddsDatanode}
2021-08-26 18:39:49,644 [Listener at 127.0.0.1/40319] INFO  server.AbstractConnector (AbstractConnector.java:doStart(331)) - Started ServerConnector@43aa29b2{HTTP/1.1, (http/1.1)}{0.0.0.0:41121}
2021-08-26 18:39:49,645 [Listener at 127.0.0.1/40319] INFO  server.Server (Server.java:doStart(415)) - Started @171423ms
2021-08-26 18:39:49,645 [Listener at 127.0.0.1/40319] WARN  impl.MetricsSystemImpl (MetricsSystemImpl.java:register(279)) - Sink prometheus already exists!
2021-08-26 18:39:49,645 [Listener at 127.0.0.1/40319] INFO  http.BaseHttpServer (BaseHttpServer.java:updateConnectorAddress(329)) - HTTP server of hddsDatanode listening at http://0.0.0.0:41121
2021-08-26 18:39:49,656 [Listener at 127.0.0.1/40319] WARN  impl.MetricRegistriesImpl (MetricRegistriesImpl.java:addReporterRegistration(111)) - New reporters are added after registries were created. Some metrics will be missing from the reporter. Please add reporter before adding any new registry.
2021-08-26 18:39:49,656 [Listener at 127.0.0.1/40319] WARN  impl.MetricRegistriesImpl (MetricRegistriesImpl.java:addReporterRegistration(111)) - New reporters are added after registries were created. Some metrics will be missing from the reporter. Please add reporter before adding any new registry.
2021-08-26 18:39:49,656 [Listener at 127.0.0.1/40319] INFO  impl.MetricsSystemImpl (MetricsSystemImpl.java:init(158)) - HddsDatanode metrics system started (again)
2021-08-26 18:39:49,694 [Listener at 127.0.0.1/40319] INFO  ozone.HddsDatanodeService (HddsDatanodeService.java:start(234)) - HddsDatanodeService host:fv-az184-233.3ow45vhwbzuu5incsxmygykede.cx.internal.cloudapp.net ip:10.1.0.63
2021-08-26 18:39:49,734 [org.apache.hadoop.util.JvmPauseMonitor$Monitor@5a889018] INFO  util.JvmPauseMonitor (JvmPauseMonitor.java:run(188)) - Starting JVM pause monitor
2021-08-26 18:39:49,741 [Listener at 127.0.0.1/40319] INFO  upgrade.AbstractLayoutVersionManager (AbstractLayoutVersionManager.java:init(70)) - Initializing Layout version manager with metadata layout = SCM_HA (version = 2), software layout = SCM_HA (version = 2)
2021-08-26 18:39:49,796 [Datanode State Machine Task Thread - 0] INFO  datanode.InitDatanodeState (InitDatanodeState.java:persistContainerDatanodeDetails(145)) - DatanodeDetails is persisted to /home/runner/work/ozone/ozone/hadoop-ozone/integration-test/target/test-dir/MiniOzoneClusterImpl-7287d2d4-454f-4da5-bbdc-7dc3b2fb158b/datanode-5/meta/datanode.id
2021-08-26 18:39:49,865 [Listener at 127.0.0.1/40319] INFO  reflections.Reflections (Reflections.java:scan(232)) - Reflections took 97 ms to scan 7 urls, producing 120 keys and 275 values 
2021-08-26 18:39:49,874 [Listener at 127.0.0.1/40319] INFO  volume.HddsVolume (HddsVolume.java:<init>(120)) - Creating HddsVolume: /home/runner/work/ozone/ozone/hadoop-ozone/integration-test/target/test-dir/MiniOzoneClusterImpl-7287d2d4-454f-4da5-bbdc-7dc3b2fb158b/datanode-6/data-0/containers/hdds of storage type : DISK capacity : 9223372036854775807
2021-08-26 18:39:49,875 [Listener at 127.0.0.1/40319] INFO  volume.MutableVolumeSet (MutableVolumeSet.java:initializeVolumeSet(181)) - Added Volume : /home/runner/work/ozone/ozone/hadoop-ozone/integration-test/target/test-dir/MiniOzoneClusterImpl-7287d2d4-454f-4da5-bbdc-7dc3b2fb158b/datanode-6/data-0/containers/hdds to VolumeSet
2021-08-26 18:39:49,875 [Listener at 127.0.0.1/40319] INFO  volume.ThrottledAsyncChecker (ThrottledAsyncChecker.java:schedule(141)) - Scheduling a check for /home/runner/work/ozone/ozone/hadoop-ozone/integration-test/target/test-dir/MiniOzoneClusterImpl-7287d2d4-454f-4da5-bbdc-7dc3b2fb158b/datanode-6/data-0/containers/hdds
2021-08-26 18:39:49,875 [Listener at 127.0.0.1/40319] INFO  volume.StorageVolumeChecker (StorageVolumeChecker.java:checkAllVolumes(202)) - Scheduled health check for volume /home/runner/work/ozone/ozone/hadoop-ozone/integration-test/target/test-dir/MiniOzoneClusterImpl-7287d2d4-454f-4da5-bbdc-7dc3b2fb158b/datanode-6/data-0/containers/hdds
2021-08-26 18:39:49,883 [EndpointStateMachine task thread for /0.0.0.0:36131 - 0 ] INFO  ozoneimpl.OzoneContainer (OzoneContainer.java:start(305)) - Attempting to start container services.
2021-08-26 18:39:49,883 [EndpointStateMachine task thread for /0.0.0.0:36131 - 0 ] INFO  ozoneimpl.OzoneContainer (OzoneContainer.java:startContainerScrub(250)) - Background container scanner has been disabled.
2021-08-26 18:39:49,884 [EndpointStateMachine task thread for /0.0.0.0:36131 - 0 ] INFO  replication.ReplicationServer (ReplicationServer.java:start(107)) - ReplicationServer is started using port 41467
2021-08-26 18:39:49,884 [EndpointStateMachine task thread for /0.0.0.0:36131 - 0 ] INFO  ratis.XceiverServerRatis (XceiverServerRatis.java:start(482)) - Starting XceiverServerRatis 87f05fb4-46b8-4bb5-a197-7bc4b26914eb
2021-08-26 18:39:49,887 [EndpointStateMachine task thread for /0.0.0.0:36131 - 0 ] INFO  server.RaftServer (RaftServerProxy.java:lambda$start$5(374)) - 87f05fb4-46b8-4bb5-a197-7bc4b26914eb: start RPC server
2021-08-26 18:39:49,908 [EndpointStateMachine task thread for /0.0.0.0:36131 - 0 ] INFO  server.GrpcService (GrpcService.java:startImpl(253)) - 87f05fb4-46b8-4bb5-a197-7bc4b26914eb: GrpcService started, listening on 44187
2021-08-26 18:39:49,910 [Listener at 127.0.0.1/40319] INFO  volume.MutableVolumeSet (MutableVolumeSet.java:initializeVolumeSet(181)) - Added Volume : /home/runner/work/ozone/ozone/hadoop-ozone/integration-test/target/test-dir/MiniOzoneClusterImpl-7287d2d4-454f-4da5-bbdc-7dc3b2fb158b/datanode-6/data/ratis to VolumeSet
2021-08-26 18:39:49,910 [Listener at 127.0.0.1/40319] INFO  volume.ThrottledAsyncChecker (ThrottledAsyncChecker.java:schedule(141)) - Scheduling a check for /home/runner/work/ozone/ozone/hadoop-ozone/integration-test/target/test-dir/MiniOzoneClusterImpl-7287d2d4-454f-4da5-bbdc-7dc3b2fb158b/datanode-6/data/ratis
2021-08-26 18:39:49,910 [EndpointStateMachine task thread for /0.0.0.0:36131 - 0 ] INFO  ratis.XceiverServerRatis (XceiverServerRatis.java:getRealPort(503)) - XceiverServerRatis 87f05fb4-46b8-4bb5-a197-7bc4b26914eb is started using port 44187 for RATIS
2021-08-26 18:39:49,910 [Listener at 127.0.0.1/40319] INFO  volume.StorageVolumeChecker (StorageVolumeChecker.java:checkAllVolumes(202)) - Scheduled health check for volume /home/runner/work/ozone/ozone/hadoop-ozone/integration-test/target/test-dir/MiniOzoneClusterImpl-7287d2d4-454f-4da5-bbdc-7dc3b2fb158b/datanode-6/data/ratis
2021-08-26 18:39:49,910 [EndpointStateMachine task thread for /0.0.0.0:36131 - 0 ] INFO  ratis.XceiverServerRatis (XceiverServerRatis.java:getRealPort(503)) - XceiverServerRatis 87f05fb4-46b8-4bb5-a197-7bc4b26914eb is started using port 44187 for RATIS_ADMIN
2021-08-26 18:39:49,943 [EndpointStateMachine task thread for /0.0.0.0:36131 - 0 ] INFO  ratis.XceiverServerRatis (XceiverServerRatis.java:getRealPort(503)) - XceiverServerRatis 87f05fb4-46b8-4bb5-a197-7bc4b26914eb is started using port 44187 for RATIS_SERVER
2021-08-26 18:39:49,943 [EndpointStateMachine task thread for /0.0.0.0:36131 - 0 ] INFO  server.XceiverServerGrpc (XceiverServerGrpc.java:start(135)) - XceiverServerGrpc 87f05fb4-46b8-4bb5-a197-7bc4b26914eb is started using port 44877
2021-08-26 18:39:49,946 [org.apache.ratis.util.JvmPauseMonitor$$Lambda$531/1778678572@3c2eebba] INFO  util.JvmPauseMonitor (JvmPauseMonitor.java:run(103)) - JvmPauseMonitor-87f05fb4-46b8-4bb5-a197-7bc4b26914eb: Started
2021-08-26 18:39:49,978 [Listener at 127.0.0.1/40319] INFO  ozoneimpl.ContainerReader (ContainerReader.java:<init>(98)) - Running in upgrade mode:true
2021-08-26 18:39:49,979 [Thread-1444] INFO  ozoneimpl.ContainerReader (ContainerReader.java:readVolume(142)) - Start to verify containers on volume /home/runner/work/ozone/ozone/hadoop-ozone/integration-test/target/test-dir/MiniOzoneClusterImpl-7287d2d4-454f-4da5-bbdc-7dc3b2fb158b/datanode-6/data-0/containers/hdds
2021-08-26 18:39:49,979 [Thread-1444] INFO  ozoneimpl.ContainerReader (ContainerReader.java:readVolume(174)) - Finish verifying containers on volume /home/runner/work/ozone/ozone/hadoop-ozone/integration-test/target/test-dir/MiniOzoneClusterImpl-7287d2d4-454f-4da5-bbdc-7dc3b2fb158b/datanode-6/data-0/containers/hdds
2021-08-26 18:39:49,979 [Listener at 127.0.0.1/40319] INFO  ozoneimpl.OzoneContainer (OzoneContainer.java:buildContainerSet(237)) - Build ContainerSet costs 0s
2021-08-26 18:39:49,980 [Listener at 127.0.0.1/40319] INFO  server.RaftServer (ConfUtils.java:logGet(44)) - raft.rpc.type = GRPC (default)
2021-08-26 18:39:49,981 [Listener at 127.0.0.1/40319] INFO  grpc.GrpcFactory (GrpcFactory.java:checkPooledByteBufAllocatorUseCacheForAllThreads(48)) - PERFORMANCE WARNING: useCacheForAllThreads is true that may cause Netty to create a lot garbage objects and, as a result, trigger GC.
	It is recommended to disable useCacheForAllThreads by setting -Dorg.apache.ratis.thirdparty.io.netty.allocator.useCacheForAllThreads=false in command line.
2021-08-26 18:39:49,981 [Listener at 127.0.0.1/40319] INFO  grpc.GrpcConfigKeys (ConfUtils.java:logGet(44)) - raft.grpc.admin.port = 0 (custom)
2021-08-26 18:39:49,981 [Listener at 127.0.0.1/40319] INFO  grpc.GrpcConfigKeys (ConfUtils.java:logGet(44)) - raft.grpc.client.port = 0 (custom)
2021-08-26 18:39:49,981 [Listener at 127.0.0.1/40319] INFO  grpc.GrpcConfigKeys (ConfUtils.java:logGet(44)) - raft.grpc.server.port = 0 (default)
2021-08-26 18:39:49,981 [Listener at 127.0.0.1/40319] INFO  server.GrpcService (ConfUtils.java:logGet(44)) - raft.grpc.message.size.max = 32MB (=33554432) (custom)
2021-08-26 18:39:49,981 [Listener at 127.0.0.1/40319] INFO  server.RaftServerConfigKeys (ConfUtils.java:logGet(44)) - raft.server.log.appender.buffer.byte-limit = 33554432 (custom)
2021-08-26 18:39:49,982 [Listener at 127.0.0.1/40319] INFO  server.GrpcService (ConfUtils.java:logGet(44)) - raft.grpc.flow.control.window = 5MB (=5242880) (custom)
2021-08-26 18:39:49,982 [Listener at 127.0.0.1/40319] INFO  server.RaftServerConfigKeys (ConfUtils.java:logGet(44)) - raft.server.rpc.request.timeout = 3000ms (default)
2021-08-26 18:39:49,983 [Listener at 127.0.0.1/40319] INFO  impl.DataStreamServerImpl (ConfUtils.java:logGet(44)) - raft.datastream.type = DISABLED (default)
2021-08-26 18:39:49,983 [Listener at 127.0.0.1/40319] INFO  server.RaftServerConfigKeys (ConfUtils.java:logGet(44)) - raft.server.rpc.slowness.timeout = 300000ms (custom)
2021-08-26 18:39:49,983 [Listener at 127.0.0.1/40319] INFO  server.RaftServerConfigKeys (ConfUtils.java:logGet(44)) - raft.server.leaderelection.leader.step-down.wait-time = 10s (default)
2021-08-26 18:39:49,983 [Listener at 127.0.0.1/40319] INFO  server.RaftServerConfigKeys (ConfUtils.java:logGet(44)) - raft.server.storage.dir = [/home/runner/work/ozone/ozone/hadoop-ozone/integration-test/target/test-dir/MiniOzoneClusterImpl-7287d2d4-454f-4da5-bbdc-7dc3b2fb158b/datanode-6/data/ratis] (custom)
2021-08-26 18:39:49,986 [Listener at 127.0.0.1/40319] INFO  http.BaseHttpServer (BaseHttpServer.java:newHttpServer2BuilderForOzone(209)) - Starting Web-server for hddsDatanode at: http://0.0.0.0:0
2021-08-26 18:39:50,030 [Listener at 127.0.0.1/40319] INFO  http.BaseHttpServer (BaseHttpServer.java:<init>(107)) - Hadoop Security Enabled: false Ozone Security Enabled: false Ozone HTTP Security Enabled: false 
2021-08-26 18:39:50,032 [Listener at 127.0.0.1/40319] INFO  server.AuthenticationFilter (AuthenticationFilter.java:constructSecretProvider(240)) - Unable to initialize FileSignerSecretProvider, falling back to use random secrets.
2021-08-26 18:39:50,036 [Listener at 127.0.0.1/40319] WARN  http.HttpRequestLog (HttpRequestLog.java:getRequestLog(103)) - Jetty request log can only be enabled using Log4j
2021-08-26 18:39:50,037 [Listener at 127.0.0.1/40319] INFO  http.HttpServer2 (HttpServer2.java:addGlobalFilter(1030)) - Added global filter 'safety' (class=org.apache.hadoop.hdds.server.http.HttpServer2$QuotingInputFilter)
2021-08-26 18:39:50,037 [Listener at 127.0.0.1/40319] INFO  http.HttpServer2 (HttpServer2.java:addFilter(1006)) - Added filter static_user_filter (class=org.apache.hadoop.http.lib.StaticUserWebFilter$StaticUserFilter) to context hddsDatanode
2021-08-26 18:39:50,037 [Listener at 127.0.0.1/40319] INFO  http.HttpServer2 (HttpServer2.java:addFilter(1014)) - Added filter static_user_filter (class=org.apache.hadoop.http.lib.StaticUserWebFilter$StaticUserFilter) to context static
2021-08-26 18:39:50,037 [Listener at 127.0.0.1/40319] INFO  http.HttpServer2 (HttpServer2.java:addFilter(1014)) - Added filter static_user_filter (class=org.apache.hadoop.http.lib.StaticUserWebFilter$StaticUserFilter) to context logs
2021-08-26 18:39:50,038 [Listener at 127.0.0.1/40319] INFO  http.HttpServer2 (HttpServer2.java:bindListener(1249)) - Jetty bound to port 42523
2021-08-26 18:39:50,038 [Listener at 127.0.0.1/40319] INFO  server.Server (Server.java:doStart(375)) - jetty-9.4.43.v20210629; built: 2021-06-30T11:07:22.254Z; git: 526006ecfa3af7f1a27ef3a288e2bef7ea9dd7e8; jvm 1.8.0_292-b10
2021-08-26 18:39:50,049 [Listener at 127.0.0.1/40319] INFO  server.session (DefaultSessionIdManager.java:doStart(334)) - DefaultSessionIdManager workerName=node0
2021-08-26 18:39:50,049 [Listener at 127.0.0.1/40319] INFO  server.session (DefaultSessionIdManager.java:doStart(339)) - No SessionScavenger set, using defaults
2021-08-26 18:39:50,050 [Listener at 127.0.0.1/40319] INFO  server.session (HouseKeeper.java:startScavenging(132)) - node0 Scavenging every 660000ms
2021-08-26 18:39:50,050 [Listener at 127.0.0.1/40319] INFO  handler.ContextHandler (ContextHandler.java:doStart(915)) - Started o.e.j.s.ServletContextHandler@73f9b11d{logs,/logs,file:///home/runner/work/ozone/ozone/hadoop-ozone/integration-test/target/log,AVAILABLE}
2021-08-26 18:39:50,051 [Listener at 127.0.0.1/40319] INFO  handler.ContextHandler (ContextHandler.java:doStart(915)) - Started o.e.j.s.ServletContextHandler@59c6d8a5{static,/static,jar:file:/home/runner/.m2/repository/org/apache/ozone/hdds-container-service/1.2.0-SNAPSHOT/hdds-container-service-1.2.0-SNAPSHOT.jar!/webapps/static,AVAILABLE}
2021-08-26 18:39:50,180 [Listener at 127.0.0.1/40319] INFO  handler.ContextHandler (ContextHandler.java:doStart(915)) - Started o.e.j.w.WebAppContext@710cb4f1{hddsDatanode,/,file:///tmp/jetty-0_0_0_0-42523-hdds-container-service-1_2_0-SNAPSHOT_jar-_-any-6027091665790009094/webapp/,AVAILABLE}{jar:file:/home/runner/.m2/repository/org/apache/ozone/hdds-container-service/1.2.0-SNAPSHOT/hdds-container-service-1.2.0-SNAPSHOT.jar!/webapps/hddsDatanode}
2021-08-26 18:39:50,207 [Listener at 127.0.0.1/40319] INFO  server.AbstractConnector (AbstractConnector.java:doStart(331)) - Started ServerConnector@12e8d602{HTTP/1.1, (http/1.1)}{0.0.0.0:42523}
2021-08-26 18:39:50,207 [Listener at 127.0.0.1/40319] INFO  server.Server (Server.java:doStart(415)) - Started @171986ms
2021-08-26 18:39:50,207 [Listener at 127.0.0.1/40319] WARN  impl.MetricsSystemImpl (MetricsSystemImpl.java:register(279)) - Sink prometheus already exists!
2021-08-26 18:39:50,215 [Listener at 127.0.0.1/40319] INFO  http.BaseHttpServer (BaseHttpServer.java:updateConnectorAddress(329)) - HTTP server of hddsDatanode listening at http://0.0.0.0:42523
2021-08-26 18:39:50,222 [Listener at 127.0.0.1/40319] INFO  ozone.MiniOzoneClusterImpl (MiniOzoneClusterImpl.java:lambda$waitForClusterToBeReady$0(235)) - Waiting for nodes to be ready. Got 0 of 7 DN Heartbeats.
2021-08-26 18:39:50,222 [Listener at 127.0.0.1/40319] INFO  ozone.MiniOzoneClusterImpl (MiniOzoneClusterImpl.java:lambda$waitForClusterToBeReady$0(238)) - Waiting for cluster to exit safe mode
2021-08-26 18:39:50,222 [Listener at 127.0.0.1/40319] INFO  ozone.MiniOzoneClusterImpl (MiniOzoneClusterImpl.java:lambda$waitForClusterToBeReady$0(240)) - SCM became leader
2021-08-26 18:39:50,267 [org.apache.hadoop.util.JvmPauseMonitor$Monitor@73af640c] INFO  util.JvmPauseMonitor (JvmPauseMonitor.java:run(188)) - Starting JVM pause monitor
2021-08-26 18:39:50,274 [Datanode State Machine Task Thread - 0] INFO  datanode.InitDatanodeState (InitDatanodeState.java:persistContainerDatanodeDetails(145)) - DatanodeDetails is persisted to /home/runner/work/ozone/ozone/hadoop-ozone/integration-test/target/test-dir/MiniOzoneClusterImpl-7287d2d4-454f-4da5-bbdc-7dc3b2fb158b/datanode-6/meta/datanode.id
2021-08-26 18:39:50,360 [IPC Server handler 8 on default port 36131] INFO  net.NetworkTopologyImpl (NetworkTopologyImpl.java:add(112)) - Added a new node: /default-rack/b0d4646c-0fcd-42fc-b255-eb3c3c8c3636
2021-08-26 18:39:50,361 [IPC Server handler 8 on default port 36131] INFO  node.SCMNodeManager (SCMNodeManager.java:register(390)) - Registered Data node : b0d4646c-0fcd-42fc-b255-eb3c3c8c3636{ip: 10.1.0.63, host: fv-az184-233.3ow45vhwbzuu5incsxmygykede.cx.internal.cloudapp.net, ports: [REPLICATION=38487, RATIS=45237, RATIS_ADMIN=45237, RATIS_SERVER=45237, STANDALONE=33471], networkLocation: /default-rack, certSerialId: null, persistedOpState: null, persistedOpStateExpiryEpochSec: 0}
2021-08-26 18:39:50,362 [EventQueue-NodeRegistrationContainerReportForContainerSafeModeRule] INFO  safemode.SCMSafeModeManager (SCMSafeModeManager.java:validateSafeModeExitRules(204)) - ContainerSafeModeRule rule is successfully validated
2021-08-26 18:39:50,363 [EventQueue-NodeRegistrationContainerReportForDataNodeSafeModeRule] INFO  safemode.SCMSafeModeManager (DataNodeSafeModeRule.java:process(71)) - SCM in safe mode. 1 DataNodes registered, 3 required.
2021-08-26 18:39:50,388 [EventQueue-NewNodeForNewNodeHandler] INFO  pipeline.BackgroundPipelineCreator (BackgroundPipelineCreatorV2.java:notifyEventTriggered(285)) - trigger a one-shot run on RatisPipelineUtilsThread.
2021-08-26 18:39:50,388 [RatisPipelineUtilsThread - 0] INFO  pipeline.RatisPipelineProvider (RatisPipelineProvider.java:lambda$create$0(183)) - Sending CreatePipelineCommand for pipeline:PipelineID=f60b2554-eed1-4952-8c74-377879bf8640 to datanode:b0d4646c-0fcd-42fc-b255-eb3c3c8c3636
2021-08-26 18:39:50,390 [RatisPipelineUtilsThread - 0] INFO  pipeline.PipelineStateManager (PipelineStateManagerV2Impl.java:addPipeline(101)) - Created pipeline Pipeline[ Id: f60b2554-eed1-4952-8c74-377879bf8640, Nodes: b0d4646c-0fcd-42fc-b255-eb3c3c8c3636{ip: 10.1.0.63, host: fv-az184-233.3ow45vhwbzuu5incsxmygykede.cx.internal.cloudapp.net, ports: [REPLICATION=38487, RATIS=45237, RATIS_ADMIN=45237, RATIS_SERVER=45237, STANDALONE=33471], networkLocation: /default-rack, certSerialId: null, persistedOpState: IN_SERVICE, persistedOpStateExpiryEpochSec: 0}, ReplicationConfig: RATIS/ONE, State:ALLOCATED, leaderId:, CreationTimestamp2021-08-26T18:39:50.388Z[Etc/UTC]].
2021-08-26 18:39:50,407 [EventQueue-PipelineReportForOneReplicaPipelineSafeModeRule] INFO  safemode.SCMSafeModeManager (SCMSafeModeManager.java:validateSafeModeExitRules(204)) - AtleastOneDatanodeReportedRule rule is successfully validated
2021-08-26 18:39:50,472 [EndpointStateMachine task thread for /0.0.0.0:36131 - 0 ] INFO  ozoneimpl.OzoneContainer (OzoneContainer.java:start(305)) - Attempting to start container services.
2021-08-26 18:39:50,472 [EndpointStateMachine task thread for /0.0.0.0:36131 - 0 ] INFO  ozoneimpl.OzoneContainer (OzoneContainer.java:startContainerScrub(250)) - Background container scanner has been disabled.
2021-08-26 18:39:50,473 [EndpointStateMachine task thread for /0.0.0.0:36131 - 0 ] INFO  replication.ReplicationServer (ReplicationServer.java:start(107)) - ReplicationServer is started using port 44839
2021-08-26 18:39:50,503 [EndpointStateMachine task thread for /0.0.0.0:36131 - 0 ] INFO  ratis.XceiverServerRatis (XceiverServerRatis.java:start(482)) - Starting XceiverServerRatis 95edf07e-7fec-45a0-b357-ea2c9e88c813
2021-08-26 18:39:50,511 [EndpointStateMachine task thread for /0.0.0.0:36131 - 0 ] INFO  server.RaftServer (RaftServerProxy.java:lambda$start$5(374)) - 95edf07e-7fec-45a0-b357-ea2c9e88c813: start RPC server
2021-08-26 18:39:50,512 [EndpointStateMachine task thread for /0.0.0.0:36131 - 0 ] INFO  server.GrpcService (GrpcService.java:startImpl(253)) - 95edf07e-7fec-45a0-b357-ea2c9e88c813: GrpcService started, listening on 34053
2021-08-26 18:39:50,547 [EndpointStateMachine task thread for /0.0.0.0:36131 - 0 ] INFO  ratis.XceiverServerRatis (XceiverServerRatis.java:getRealPort(503)) - XceiverServerRatis 95edf07e-7fec-45a0-b357-ea2c9e88c813 is started using port 34053 for RATIS
2021-08-26 18:39:50,547 [EndpointStateMachine task thread for /0.0.0.0:36131 - 0 ] INFO  ratis.XceiverServerRatis (XceiverServerRatis.java:getRealPort(503)) - XceiverServerRatis 95edf07e-7fec-45a0-b357-ea2c9e88c813 is started using port 34053 for RATIS_ADMIN
2021-08-26 18:39:50,547 [EndpointStateMachine task thread for /0.0.0.0:36131 - 0 ] INFO  ratis.XceiverServerRatis (XceiverServerRatis.java:getRealPort(503)) - XceiverServerRatis 95edf07e-7fec-45a0-b357-ea2c9e88c813 is started using port 34053 for RATIS_SERVER
2021-08-26 18:39:50,547 [org.apache.ratis.util.JvmPauseMonitor$$Lambda$531/1778678572@2788ce] INFO  util.JvmPauseMonitor (JvmPauseMonitor.java:run(103)) - JvmPauseMonitor-95edf07e-7fec-45a0-b357-ea2c9e88c813: Started
2021-08-26 18:39:50,547 [EndpointStateMachine task thread for /0.0.0.0:36131 - 0 ] INFO  server.XceiverServerGrpc (XceiverServerGrpc.java:start(135)) - XceiverServerGrpc 95edf07e-7fec-45a0-b357-ea2c9e88c813 is started using port 33691
2021-08-26 18:39:51,185 [IPC Server handler 9 on default port 36131] INFO  net.NetworkTopologyImpl (NetworkTopologyImpl.java:add(112)) - Added a new node: /default-rack/feac8f5a-1b39-4e45-882b-39b2a71e70b7
2021-08-26 18:39:51,185 [IPC Server handler 9 on default port 36131] INFO  node.SCMNodeManager (SCMNodeManager.java:register(390)) - Registered Data node : feac8f5a-1b39-4e45-882b-39b2a71e70b7{ip: 10.1.0.63, host: fv-az184-233.3ow45vhwbzuu5incsxmygykede.cx.internal.cloudapp.net, ports: [REPLICATION=40843, RATIS=43083, RATIS_ADMIN=43083, RATIS_SERVER=43083, STANDALONE=44649], networkLocation: /default-rack, certSerialId: null, persistedOpState: null, persistedOpStateExpiryEpochSec: 0}
2021-08-26 18:39:51,186 [EventQueue-NewNodeForNewNodeHandler] INFO  pipeline.BackgroundPipelineCreator (BackgroundPipelineCreatorV2.java:notifyEventTriggered(285)) - trigger a one-shot run on RatisPipelineUtilsThread.
2021-08-26 18:39:51,193 [EventQueue-NodeRegistrationContainerReportForDataNodeSafeModeRule] INFO  safemode.SCMSafeModeManager (DataNodeSafeModeRule.java:process(71)) - SCM in safe mode. 2 DataNodes registered, 3 required.
2021-08-26 18:39:51,194 [RatisPipelineUtilsThread - 0] INFO  pipeline.RatisPipelineProvider (RatisPipelineProvider.java:lambda$create$0(183)) - Sending CreatePipelineCommand for pipeline:PipelineID=fb683fb8-b5e1-4085-a398-644aceff5726 to datanode:feac8f5a-1b39-4e45-882b-39b2a71e70b7
2021-08-26 18:39:51,194 [RatisPipelineUtilsThread - 0] INFO  pipeline.PipelineStateManager (PipelineStateManagerV2Impl.java:addPipeline(101)) - Created pipeline Pipeline[ Id: fb683fb8-b5e1-4085-a398-644aceff5726, Nodes: feac8f5a-1b39-4e45-882b-39b2a71e70b7{ip: 10.1.0.63, host: fv-az184-233.3ow45vhwbzuu5incsxmygykede.cx.internal.cloudapp.net, ports: [REPLICATION=40843, RATIS=43083, RATIS_ADMIN=43083, RATIS_SERVER=43083, STANDALONE=44649], networkLocation: /default-rack, certSerialId: null, persistedOpState: IN_SERVICE, persistedOpStateExpiryEpochSec: 0}, ReplicationConfig: RATIS/ONE, State:ALLOCATED, leaderId:, CreationTimestamp2021-08-26T18:39:51.194Z[Etc/UTC]].
2021-08-26 18:39:51,222 [Listener at 127.0.0.1/40319] INFO  ozone.MiniOzoneClusterImpl (MiniOzoneClusterImpl.java:lambda$waitForClusterToBeReady$0(235)) - Waiting for nodes to be ready. Got 2 of 7 DN Heartbeats.
2021-08-26 18:39:51,223 [Listener at 127.0.0.1/40319] INFO  ozone.MiniOzoneClusterImpl (MiniOzoneClusterImpl.java:lambda$waitForClusterToBeReady$0(238)) - Waiting for cluster to exit safe mode
2021-08-26 18:39:51,223 [Listener at 127.0.0.1/40319] INFO  ozone.MiniOzoneClusterImpl (MiniOzoneClusterImpl.java:lambda$waitForClusterToBeReady$0(240)) - SCM became leader
2021-08-26 18:39:51,279 [EndpointStateMachine task thread for /0.0.0.0:36131 - 0 ] INFO  ozoneimpl.OzoneContainer (OzoneContainer.java:start(305)) - Attempting to start container services.
2021-08-26 18:39:51,279 [EndpointStateMachine task thread for /0.0.0.0:36131 - 0 ] INFO  ozoneimpl.OzoneContainer (OzoneContainer.java:startContainerScrub(250)) - Background container scanner has been disabled.
2021-08-26 18:39:51,280 [EndpointStateMachine task thread for /0.0.0.0:36131 - 0 ] INFO  replication.ReplicationServer (ReplicationServer.java:start(107)) - ReplicationServer is started using port 45503
2021-08-26 18:39:51,281 [EndpointStateMachine task thread for /0.0.0.0:36131 - 0 ] INFO  ratis.XceiverServerRatis (XceiverServerRatis.java:start(482)) - Starting XceiverServerRatis 88d9c6ea-d0be-4004-8450-128776760c0b
2021-08-26 18:39:51,281 [EndpointStateMachine task thread for /0.0.0.0:36131 - 0 ] INFO  server.RaftServer (RaftServerProxy.java:lambda$start$5(374)) - 88d9c6ea-d0be-4004-8450-128776760c0b: start RPC server
2021-08-26 18:39:51,291 [EndpointStateMachine task thread for /0.0.0.0:36131 - 0 ] INFO  server.GrpcService (GrpcService.java:startImpl(253)) - 88d9c6ea-d0be-4004-8450-128776760c0b: GrpcService started, listening on 32927
2021-08-26 18:39:51,310 [EndpointStateMachine task thread for /0.0.0.0:36131 - 0 ] INFO  ratis.XceiverServerRatis (XceiverServerRatis.java:getRealPort(503)) - XceiverServerRatis 88d9c6ea-d0be-4004-8450-128776760c0b is started using port 32927 for RATIS
2021-08-26 18:39:51,310 [EndpointStateMachine task thread for /0.0.0.0:36131 - 0 ] INFO  ratis.XceiverServerRatis (XceiverServerRatis.java:getRealPort(503)) - XceiverServerRatis 88d9c6ea-d0be-4004-8450-128776760c0b is started using port 32927 for RATIS_ADMIN
2021-08-26 18:39:51,310 [EndpointStateMachine task thread for /0.0.0.0:36131 - 0 ] INFO  ratis.XceiverServerRatis (XceiverServerRatis.java:getRealPort(503)) - XceiverServerRatis 88d9c6ea-d0be-4004-8450-128776760c0b is started using port 32927 for RATIS_SERVER
2021-08-26 18:39:51,319 [EndpointStateMachine task thread for /0.0.0.0:36131 - 0 ] INFO  server.XceiverServerGrpc (XceiverServerGrpc.java:start(135)) - XceiverServerGrpc 88d9c6ea-d0be-4004-8450-128776760c0b is started using port 46325
2021-08-26 18:39:51,339 [org.apache.ratis.util.JvmPauseMonitor$$Lambda$531/1778678572@59938b8c] INFO  util.JvmPauseMonitor (JvmPauseMonitor.java:run(103)) - JvmPauseMonitor-88d9c6ea-d0be-4004-8450-128776760c0b: Started
2021-08-26 18:39:51,761 [EndpointStateMachine task thread for /0.0.0.0:36131 - 0 ] INFO  ozoneimpl.OzoneContainer (OzoneContainer.java:start(305)) - Attempting to start container services.
2021-08-26 18:39:51,761 [EndpointStateMachine task thread for /0.0.0.0:36131 - 0 ] INFO  ozoneimpl.OzoneContainer (OzoneContainer.java:startContainerScrub(250)) - Background container scanner has been disabled.
2021-08-26 18:39:51,762 [EndpointStateMachine task thread for /0.0.0.0:36131 - 0 ] INFO  replication.ReplicationServer (ReplicationServer.java:start(107)) - ReplicationServer is started using port 33211
2021-08-26 18:39:51,785 [EndpointStateMachine task thread for /0.0.0.0:36131 - 0 ] INFO  ratis.XceiverServerRatis (XceiverServerRatis.java:start(482)) - Starting XceiverServerRatis 134e4cc8-3e2d-4572-98bc-d75f353c351b
2021-08-26 18:39:51,787 [EndpointStateMachine task thread for /0.0.0.0:36131 - 0 ] INFO  server.RaftServer (RaftServerProxy.java:lambda$start$5(374)) - 134e4cc8-3e2d-4572-98bc-d75f353c351b: start RPC server
2021-08-26 18:39:51,787 [EndpointStateMachine task thread for /0.0.0.0:36131 - 0 ] INFO  server.GrpcService (GrpcService.java:startImpl(253)) - 134e4cc8-3e2d-4572-98bc-d75f353c351b: GrpcService started, listening on 40073
2021-08-26 18:39:51,787 [EndpointStateMachine task thread for /0.0.0.0:36131 - 0 ] INFO  ratis.XceiverServerRatis (XceiverServerRatis.java:getRealPort(503)) - XceiverServerRatis 134e4cc8-3e2d-4572-98bc-d75f353c351b is started using port 40073 for RATIS
2021-08-26 18:39:51,787 [EndpointStateMachine task thread for /0.0.0.0:36131 - 0 ] INFO  ratis.XceiverServerRatis (XceiverServerRatis.java:getRealPort(503)) - XceiverServerRatis 134e4cc8-3e2d-4572-98bc-d75f353c351b is started using port 40073 for RATIS_ADMIN
2021-08-26 18:39:51,787 [EndpointStateMachine task thread for /0.0.0.0:36131 - 0 ] INFO  ratis.XceiverServerRatis (XceiverServerRatis.java:getRealPort(503)) - XceiverServerRatis 134e4cc8-3e2d-4572-98bc-d75f353c351b is started using port 40073 for RATIS_SERVER
2021-08-26 18:39:51,788 [EndpointStateMachine task thread for /0.0.0.0:36131 - 0 ] INFO  server.XceiverServerGrpc (XceiverServerGrpc.java:start(135)) - XceiverServerGrpc 134e4cc8-3e2d-4572-98bc-d75f353c351b is started using port 44329
2021-08-26 18:39:51,815 [org.apache.ratis.util.JvmPauseMonitor$$Lambda$531/1778678572@377b48b3] INFO  util.JvmPauseMonitor (JvmPauseMonitor.java:run(103)) - JvmPauseMonitor-134e4cc8-3e2d-4572-98bc-d75f353c351b: Started
2021-08-26 18:39:51,860 [IPC Server handler 2 on default port 36131] INFO  net.NetworkTopologyImpl (NetworkTopologyImpl.java:add(112)) - Added a new node: /default-rack/87f05fb4-46b8-4bb5-a197-7bc4b26914eb
2021-08-26 18:39:51,860 [IPC Server handler 2 on default port 36131] INFO  node.SCMNodeManager (SCMNodeManager.java:register(390)) - Registered Data node : 87f05fb4-46b8-4bb5-a197-7bc4b26914eb{ip: 10.1.0.63, host: fv-az184-233.3ow45vhwbzuu5incsxmygykede.cx.internal.cloudapp.net, ports: [REPLICATION=41467, RATIS=44187, RATIS_ADMIN=44187, RATIS_SERVER=44187, STANDALONE=44877], networkLocation: /default-rack, certSerialId: null, persistedOpState: null, persistedOpStateExpiryEpochSec: 0}
2021-08-26 18:39:51,861 [EventQueue-NewNodeForNewNodeHandler] INFO  pipeline.BackgroundPipelineCreator (BackgroundPipelineCreatorV2.java:notifyEventTriggered(285)) - trigger a one-shot run on RatisPipelineUtilsThread.
2021-08-26 18:39:51,899 [RatisPipelineUtilsThread - 0] INFO  pipeline.RatisPipelineProvider (RatisPipelineProvider.java:lambda$create$0(183)) - Sending CreatePipelineCommand for pipeline:PipelineID=86756c3f-7a7e-4c6c-bac6-59b82285053d to datanode:87f05fb4-46b8-4bb5-a197-7bc4b26914eb
2021-08-26 18:39:51,900 [RatisPipelineUtilsThread - 0] INFO  pipeline.PipelineStateManager (PipelineStateManagerV2Impl.java:addPipeline(101)) - Created pipeline Pipeline[ Id: 86756c3f-7a7e-4c6c-bac6-59b82285053d, Nodes: 87f05fb4-46b8-4bb5-a197-7bc4b26914eb{ip: 10.1.0.63, host: fv-az184-233.3ow45vhwbzuu5incsxmygykede.cx.internal.cloudapp.net, ports: [REPLICATION=41467, RATIS=44187, RATIS_ADMIN=44187, RATIS_SERVER=44187, STANDALONE=44877], networkLocation: /default-rack, certSerialId: null, persistedOpState: IN_SERVICE, persistedOpStateExpiryEpochSec: 0}, ReplicationConfig: RATIS/ONE, State:ALLOCATED, leaderId:, CreationTimestamp2021-08-26T18:39:51.899Z[Etc/UTC]].
2021-08-26 18:39:51,900 [EventQueue-NodeRegistrationContainerReportForDataNodeSafeModeRule] INFO  safemode.SCMSafeModeManager (DataNodeSafeModeRule.java:process(71)) - SCM in safe mode. 3 DataNodes registered, 3 required.
2021-08-26 18:39:51,900 [EventQueue-NodeRegistrationContainerReportForDataNodeSafeModeRule] INFO  safemode.SCMSafeModeManager (SCMSafeModeManager.java:validateSafeModeExitRules(204)) - DataNodeSafeModeRule rule is successfully validated
2021-08-26 18:39:51,900 [EventQueue-NodeRegistrationContainerReportForDataNodeSafeModeRule] INFO  safemode.SCMSafeModeManager (SCMSafeModeManager.java:completePreCheck(233)) - All SCM safe mode pre check rules have passed
2021-08-26 18:39:51,900 [EventQueue-NodeRegistrationContainerReportForDataNodeSafeModeRule] WARN  events.EventQueue (EventQueue.java:fireEvent(194)) - No event handler registered for event TypedEvent{payloadType=SafeModeStatus, name='Safe mode status'}
2021-08-26 18:39:51,900 [EventQueue-NodeRegistrationContainerReportForDataNodeSafeModeRule] INFO  ha.SCMContext (SCMContext.java:updateSafeModeStatus(205)) - Update SafeModeStatus from SafeModeStatus{safeModeStatus=true, preCheckPassed=false} to SafeModeStatus{safeModeStatus=true, preCheckPassed=true}.
2021-08-26 18:39:51,900 [EventQueue-NodeRegistrationContainerReportForDataNodeSafeModeRule] INFO  pipeline.BackgroundPipelineCreator (BackgroundPipelineCreatorV2.java:notifyEventTriggered(285)) - trigger a one-shot run on RatisPipelineUtilsThread.
2021-08-26 18:39:51,903 [RatisPipelineUtilsThread - 0] INFO  pipeline.RatisPipelineProvider (RatisPipelineProvider.java:lambda$create$0(183)) - Sending CreatePipelineCommand for pipeline:PipelineID=2466034c-f8ae-4bff-8a7c-d2d68e1c8e59 to datanode:feac8f5a-1b39-4e45-882b-39b2a71e70b7
2021-08-26 18:39:51,906 [RatisPipelineUtilsThread - 0] INFO  pipeline.RatisPipelineProvider (RatisPipelineProvider.java:lambda$create$0(183)) - Sending CreatePipelineCommand for pipeline:PipelineID=2466034c-f8ae-4bff-8a7c-d2d68e1c8e59 to datanode:87f05fb4-46b8-4bb5-a197-7bc4b26914eb
2021-08-26 18:39:51,906 [RatisPipelineUtilsThread - 0] INFO  pipeline.RatisPipelineProvider (RatisPipelineProvider.java:lambda$create$0(183)) - Sending CreatePipelineCommand for pipeline:PipelineID=2466034c-f8ae-4bff-8a7c-d2d68e1c8e59 to datanode:b0d4646c-0fcd-42fc-b255-eb3c3c8c3636
2021-08-26 18:39:51,907 [RatisPipelineUtilsThread - 0] INFO  pipeline.PipelineStateManager (PipelineStateManagerV2Impl.java:addPipeline(101)) - Created pipeline Pipeline[ Id: 2466034c-f8ae-4bff-8a7c-d2d68e1c8e59, Nodes: feac8f5a-1b39-4e45-882b-39b2a71e70b7{ip: 10.1.0.63, host: fv-az184-233.3ow45vhwbzuu5incsxmygykede.cx.internal.cloudapp.net, ports: [REPLICATION=40843, RATIS=43083, RATIS_ADMIN=43083, RATIS_SERVER=43083, STANDALONE=44649], networkLocation: /default-rack, certSerialId: null, persistedOpState: IN_SERVICE, persistedOpStateExpiryEpochSec: 0}87f05fb4-46b8-4bb5-a197-7bc4b26914eb{ip: 10.1.0.63, host: fv-az184-233.3ow45vhwbzuu5incsxmygykede.cx.internal.cloudapp.net, ports: [REPLICATION=41467, RATIS=44187, RATIS_ADMIN=44187, RATIS_SERVER=44187, STANDALONE=44877], networkLocation: /default-rack, certSerialId: null, persistedOpState: IN_SERVICE, persistedOpStateExpiryEpochSec: 0}b0d4646c-0fcd-42fc-b255-eb3c3c8c3636{ip: 10.1.0.63, host: fv-az184-233.3ow45vhwbzuu5incsxmygykede.cx.internal.cloudapp.net, ports: [REPLICATION=38487, RATIS=45237, RATIS_ADMIN=45237, RATIS_SERVER=45237, STANDALONE=33471], networkLocation: /default-rack, certSerialId: null, persistedOpState: IN_SERVICE, persistedOpStateExpiryEpochSec: 0}, ReplicationConfig: RATIS/THREE, State:ALLOCATED, leaderId:, CreationTimestamp2021-08-26T18:39:51.903Z[Etc/UTC]].
2021-08-26 18:39:51,907 [RatisPipelineUtilsThread - 0] INFO  pipeline.RatisPipelineProvider (RatisPipelineProvider.java:lambda$create$0(183)) - Sending CreatePipelineCommand for pipeline:PipelineID=add1658b-e2b5-4f06-8c7a-d6cbffe24189 to datanode:87f05fb4-46b8-4bb5-a197-7bc4b26914eb
2021-08-26 18:39:51,908 [RatisPipelineUtilsThread - 0] INFO  pipeline.RatisPipelineProvider (RatisPipelineProvider.java:lambda$create$0(183)) - Sending CreatePipelineCommand for pipeline:PipelineID=add1658b-e2b5-4f06-8c7a-d6cbffe24189 to datanode:b0d4646c-0fcd-42fc-b255-eb3c3c8c3636
2021-08-26 18:39:51,908 [RatisPipelineUtilsThread - 0] INFO  pipeline.RatisPipelineProvider (RatisPipelineProvider.java:lambda$create$0(183)) - Sending CreatePipelineCommand for pipeline:PipelineID=add1658b-e2b5-4f06-8c7a-d6cbffe24189 to datanode:feac8f5a-1b39-4e45-882b-39b2a71e70b7
2021-08-26 18:39:51,908 [RatisPipelineUtilsThread - 0] INFO  pipeline.PipelineStateManager (PipelineStateManagerV2Impl.java:addPipeline(101)) - Created pipeline Pipeline[ Id: add1658b-e2b5-4f06-8c7a-d6cbffe24189, Nodes: 87f05fb4-46b8-4bb5-a197-7bc4b26914eb{ip: 10.1.0.63, host: fv-az184-233.3ow45vhwbzuu5incsxmygykede.cx.internal.cloudapp.net, ports: [REPLICATION=41467, RATIS=44187, RATIS_ADMIN=44187, RATIS_SERVER=44187, STANDALONE=44877], networkLocation: /default-rack, certSerialId: null, persistedOpState: IN_SERVICE, persistedOpStateExpiryEpochSec: 0}b0d4646c-0fcd-42fc-b255-eb3c3c8c3636{ip: 10.1.0.63, host: fv-az184-233.3ow45vhwbzuu5incsxmygykede.cx.internal.cloudapp.net, ports: [REPLICATION=38487, RATIS=45237, RATIS_ADMIN=45237, RATIS_SERVER=45237, STANDALONE=33471], networkLocation: /default-rack, certSerialId: null, persistedOpState: IN_SERVICE, persistedOpStateExpiryEpochSec: 0}feac8f5a-1b39-4e45-882b-39b2a71e70b7{ip: 10.1.0.63, host: fv-az184-233.3ow45vhwbzuu5incsxmygykede.cx.internal.cloudapp.net, ports: [REPLICATION=40843, RATIS=43083, RATIS_ADMIN=43083, RATIS_SERVER=43083, STANDALONE=44649], networkLocation: /default-rack, certSerialId: null, persistedOpState: IN_SERVICE, persistedOpStateExpiryEpochSec: 0}, ReplicationConfig: RATIS/THREE, State:ALLOCATED, leaderId:, CreationTimestamp2021-08-26T18:39:51.907Z[Etc/UTC]].
2021-08-26 18:39:51,908 [RatisPipelineUtilsThread - 0] INFO  pipeline.PipelineManagerImpl (PipelineManagerImpl.java:recordMetricsForPipeline(613)) - Pipeline: PipelineID=add1658b-e2b5-4f06-8c7a-d6cbffe24189 contains same datanodes as previous pipelines: PipelineID=2466034c-f8ae-4bff-8a7c-d2d68e1c8e59 nodeIds: 87f05fb4-46b8-4bb5-a197-7bc4b26914eb, b0d4646c-0fcd-42fc-b255-eb3c3c8c3636, feac8f5a-1b39-4e45-882b-39b2a71e70b7
2021-08-26 18:39:52,223 [Listener at 127.0.0.1/40319] INFO  ozone.MiniOzoneClusterImpl (MiniOzoneClusterImpl.java:lambda$waitForClusterToBeReady$0(235)) - Waiting for nodes to be ready. Got 3 of 7 DN Heartbeats.
2021-08-26 18:39:52,223 [Listener at 127.0.0.1/40319] INFO  ozone.MiniOzoneClusterImpl (MiniOzoneClusterImpl.java:lambda$waitForClusterToBeReady$0(238)) - Waiting for cluster to exit safe mode
2021-08-26 18:39:52,223 [Listener at 127.0.0.1/40319] INFO  ozone.MiniOzoneClusterImpl (MiniOzoneClusterImpl.java:lambda$waitForClusterToBeReady$0(240)) - SCM became leader
2021-08-26 18:39:52,303 [EndpointStateMachine task thread for /0.0.0.0:36131 - 0 ] INFO  ozoneimpl.OzoneContainer (OzoneContainer.java:start(305)) - Attempting to start container services.
2021-08-26 18:39:52,303 [EndpointStateMachine task thread for /0.0.0.0:36131 - 0 ] INFO  ozoneimpl.OzoneContainer (OzoneContainer.java:startContainerScrub(250)) - Background container scanner has been disabled.
2021-08-26 18:39:52,306 [EndpointStateMachine task thread for /0.0.0.0:36131 - 0 ] INFO  replication.ReplicationServer (ReplicationServer.java:start(107)) - ReplicationServer is started using port 40157
2021-08-26 18:39:52,306 [EndpointStateMachine task thread for /0.0.0.0:36131 - 0 ] INFO  ratis.XceiverServerRatis (XceiverServerRatis.java:start(482)) - Starting XceiverServerRatis 7a21a715-39a0-4b71-a267-c33797e0d730
2021-08-26 18:39:52,359 [EndpointStateMachine task thread for /0.0.0.0:36131 - 0 ] INFO  server.RaftServer (RaftServerProxy.java:lambda$start$5(374)) - 7a21a715-39a0-4b71-a267-c33797e0d730: start RPC server
2021-08-26 18:39:52,362 [EndpointStateMachine task thread for /0.0.0.0:36131 - 0 ] INFO  server.GrpcService (GrpcService.java:startImpl(253)) - 7a21a715-39a0-4b71-a267-c33797e0d730: GrpcService started, listening on 34101
2021-08-26 18:39:52,364 [EndpointStateMachine task thread for /0.0.0.0:36131 - 0 ] INFO  ratis.XceiverServerRatis (XceiverServerRatis.java:getRealPort(503)) - XceiverServerRatis 7a21a715-39a0-4b71-a267-c33797e0d730 is started using port 34101 for RATIS
2021-08-26 18:39:52,364 [EndpointStateMachine task thread for /0.0.0.0:36131 - 0 ] INFO  ratis.XceiverServerRatis (XceiverServerRatis.java:getRealPort(503)) - XceiverServerRatis 7a21a715-39a0-4b71-a267-c33797e0d730 is started using port 34101 for RATIS_ADMIN
2021-08-26 18:39:52,364 [EndpointStateMachine task thread for /0.0.0.0:36131 - 0 ] INFO  ratis.XceiverServerRatis (XceiverServerRatis.java:getRealPort(503)) - XceiverServerRatis 7a21a715-39a0-4b71-a267-c33797e0d730 is started using port 34101 for RATIS_SERVER
2021-08-26 18:39:52,364 [EndpointStateMachine task thread for /0.0.0.0:36131 - 0 ] INFO  server.XceiverServerGrpc (XceiverServerGrpc.java:start(135)) - XceiverServerGrpc 7a21a715-39a0-4b71-a267-c33797e0d730 is started using port 46661
2021-08-26 18:39:52,365 [org.apache.ratis.util.JvmPauseMonitor$$Lambda$531/1778678572@1652e8c2] INFO  util.JvmPauseMonitor (JvmPauseMonitor.java:run(103)) - JvmPauseMonitor-7a21a715-39a0-4b71-a267-c33797e0d730: Started
2021-08-26 18:39:52,436 [IPC Server handler 7 on default port 36131] INFO  net.NetworkTopologyImpl (NetworkTopologyImpl.java:add(112)) - Added a new node: /default-rack/95edf07e-7fec-45a0-b357-ea2c9e88c813
2021-08-26 18:39:52,436 [IPC Server handler 7 on default port 36131] INFO  node.SCMNodeManager (SCMNodeManager.java:register(390)) - Registered Data node : 95edf07e-7fec-45a0-b357-ea2c9e88c813{ip: 10.1.0.63, host: fv-az184-233.3ow45vhwbzuu5incsxmygykede.cx.internal.cloudapp.net, ports: [REPLICATION=44839, RATIS=34053, RATIS_ADMIN=34053, RATIS_SERVER=34053, STANDALONE=33691], networkLocation: /default-rack, certSerialId: null, persistedOpState: null, persistedOpStateExpiryEpochSec: 0}
2021-08-26 18:39:52,437 [EventQueue-NewNodeForNewNodeHandler] INFO  pipeline.BackgroundPipelineCreator (BackgroundPipelineCreatorV2.java:notifyEventTriggered(285)) - trigger a one-shot run on RatisPipelineUtilsThread.
2021-08-26 18:39:52,437 [RatisPipelineUtilsThread - 0] INFO  pipeline.RatisPipelineProvider (RatisPipelineProvider.java:lambda$create$0(183)) - Sending CreatePipelineCommand for pipeline:PipelineID=7289ab97-fa1c-4d0d-91ad-9527d44623bc to datanode:95edf07e-7fec-45a0-b357-ea2c9e88c813
2021-08-26 18:39:52,438 [RatisPipelineUtilsThread - 0] INFO  pipeline.PipelineStateManager (PipelineStateManagerV2Impl.java:addPipeline(101)) - Created pipeline Pipeline[ Id: 7289ab97-fa1c-4d0d-91ad-9527d44623bc, Nodes: 95edf07e-7fec-45a0-b357-ea2c9e88c813{ip: 10.1.0.63, host: fv-az184-233.3ow45vhwbzuu5incsxmygykede.cx.internal.cloudapp.net, ports: [REPLICATION=44839, RATIS=34053, RATIS_ADMIN=34053, RATIS_SERVER=34053, STANDALONE=33691], networkLocation: /default-rack, certSerialId: null, persistedOpState: IN_SERVICE, persistedOpStateExpiryEpochSec: 0}, ReplicationConfig: RATIS/ONE, State:ALLOCATED, leaderId:, CreationTimestamp2021-08-26T18:39:52.437Z[Etc/UTC]].
2021-08-26 18:39:53,223 [Listener at 127.0.0.1/40319] INFO  ozone.MiniOzoneClusterImpl (MiniOzoneClusterImpl.java:lambda$waitForClusterToBeReady$0(235)) - Waiting for nodes to be ready. Got 4 of 7 DN Heartbeats.
2021-08-26 18:39:53,223 [Listener at 127.0.0.1/40319] INFO  ozone.MiniOzoneClusterImpl (MiniOzoneClusterImpl.java:lambda$waitForClusterToBeReady$0(238)) - Waiting for cluster to exit safe mode
2021-08-26 18:39:53,223 [Listener at 127.0.0.1/40319] INFO  ozone.MiniOzoneClusterImpl (MiniOzoneClusterImpl.java:lambda$waitForClusterToBeReady$0(240)) - SCM became leader
2021-08-26 18:39:53,228 [IPC Server handler 1 on default port 36131] INFO  net.NetworkTopologyImpl (NetworkTopologyImpl.java:add(112)) - Added a new node: /default-rack/88d9c6ea-d0be-4004-8450-128776760c0b
2021-08-26 18:39:53,229 [IPC Server handler 1 on default port 36131] INFO  node.SCMNodeManager (SCMNodeManager.java:register(390)) - Registered Data node : 88d9c6ea-d0be-4004-8450-128776760c0b{ip: 10.1.0.63, host: fv-az184-233.3ow45vhwbzuu5incsxmygykede.cx.internal.cloudapp.net, ports: [REPLICATION=45503, RATIS=32927, RATIS_ADMIN=32927, RATIS_SERVER=32927, STANDALONE=46325], networkLocation: /default-rack, certSerialId: null, persistedOpState: null, persistedOpStateExpiryEpochSec: 0}
2021-08-26 18:39:53,229 [EventQueue-NewNodeForNewNodeHandler] INFO  pipeline.BackgroundPipelineCreator (BackgroundPipelineCreatorV2.java:notifyEventTriggered(285)) - trigger a one-shot run on RatisPipelineUtilsThread.
2021-08-26 18:39:53,229 [RatisPipelineUtilsThread - 0] INFO  pipeline.RatisPipelineProvider (RatisPipelineProvider.java:lambda$create$0(183)) - Sending CreatePipelineCommand for pipeline:PipelineID=b0338b3d-1533-48ab-b957-361f1e6f84bc to datanode:88d9c6ea-d0be-4004-8450-128776760c0b
2021-08-26 18:39:53,230 [RatisPipelineUtilsThread - 0] INFO  pipeline.PipelineStateManager (PipelineStateManagerV2Impl.java:addPipeline(101)) - Created pipeline Pipeline[ Id: b0338b3d-1533-48ab-b957-361f1e6f84bc, Nodes: 88d9c6ea-d0be-4004-8450-128776760c0b{ip: 10.1.0.63, host: fv-az184-233.3ow45vhwbzuu5incsxmygykede.cx.internal.cloudapp.net, ports: [REPLICATION=45503, RATIS=32927, RATIS_ADMIN=32927, RATIS_SERVER=32927, STANDALONE=46325], networkLocation: /default-rack, certSerialId: null, persistedOpState: IN_SERVICE, persistedOpStateExpiryEpochSec: 0}, ReplicationConfig: RATIS/ONE, State:ALLOCATED, leaderId:, CreationTimestamp2021-08-26T18:39:53.229Z[Etc/UTC]].
2021-08-26 18:39:53,361 [Command processor thread] INFO  server.RaftServer (RaftServerProxy.java:addNew(95)) - b0d4646c-0fcd-42fc-b255-eb3c3c8c3636: addNew group-377879BF8640:[b0d4646c-0fcd-42fc-b255-eb3c3c8c3636|rpc:10.1.0.63:45237|priority:1] returns group-377879BF8640:java.util.concurrent.CompletableFuture@64886813[Not completed]
2021-08-26 18:39:53,396 [pool-497-thread-1] INFO  server.RaftServer$Division (RaftServerImpl.java:<init>(181)) - b0d4646c-0fcd-42fc-b255-eb3c3c8c3636: new RaftServerImpl for group-377879BF8640:[b0d4646c-0fcd-42fc-b255-eb3c3c8c3636|rpc:10.1.0.63:45237|priority:1] with ContainerStateMachine:uninitialized
2021-08-26 18:39:53,434 [pool-497-thread-1] INFO  server.RaftServerConfigKeys (ConfUtils.java:logGet(44)) - raft.server.rpc.timeout.min = 5s (custom)
2021-08-26 18:39:53,434 [pool-497-thread-1] INFO  server.RaftServerConfigKeys (ConfUtils.java:logGet(44)) - raft.server.rpc.timeout.max = 5200ms (custom)
2021-08-26 18:39:53,434 [pool-497-thread-1] INFO  server.RaftServerConfigKeys (ConfUtils.java:logGet(44)) - raft.server.rpc.sleep.time = 25ms (default)
2021-08-26 18:39:53,434 [pool-497-thread-1] INFO  server.RaftServerConfigKeys (ConfUtils.java:logGet(44)) - raft.server.rpc.slowness.timeout = 300000ms (custom)
2021-08-26 18:39:53,434 [pool-497-thread-1] INFO  server.RaftServerConfigKeys (ConfUtils.java:logGet(44)) - raft.server.leaderelection.leader.step-down.wait-time = 10s (default)
2021-08-26 18:39:53,434 [pool-497-thread-1] INFO  server.RaftServerConfigKeys (ConfUtils.java:logGet(44)) - raft.server.sleep.deviation.threshold = 300ms (default)
2021-08-26 18:39:53,434 [pool-497-thread-1] INFO  server.RaftServerConfigKeys (ConfUtils.java:logGet(44)) - raft.server.log.appender.install.snapshot.enabled = false (custom)
2021-08-26 18:39:53,434 [pool-497-thread-1] INFO  server.RaftServer$Division (ServerState.java:<init>(105)) - b0d4646c-0fcd-42fc-b255-eb3c3c8c3636@group-377879BF8640: ConfigurationManager, init=-1: [b0d4646c-0fcd-42fc-b255-eb3c3c8c3636|rpc:10.1.0.63:45237|priority:1], old=null, confs=<EMPTY_MAP>
2021-08-26 18:39:53,434 [pool-497-thread-1] INFO  server.RaftServerConfigKeys (ConfUtils.java:logGet(44)) - raft.server.storage.dir = [/home/runner/work/ozone/ozone/hadoop-ozone/integration-test/target/test-dir/MiniOzoneClusterImpl-7287d2d4-454f-4da5-bbdc-7dc3b2fb158b/datanode-0/data/ratis] (custom)
2021-08-26 18:39:53,435 [pool-497-thread-1] INFO  server.RaftServerConfigKeys (ConfUtils.java:logGet(44)) - raft.server.log.corruption.policy = EXCEPTION (default)
2021-08-26 18:39:53,435 [pool-497-thread-1] INFO  server.RaftServerConfigKeys (ConfUtils.java:logGet(44)) - raft.server.storage.free-space.min = 0MB (=0) (default)
2021-08-26 18:39:53,435 [pool-497-thread-1] INFO  storage.RaftStorageDirectory (RaftStorageDirectoryImpl.java:analyzeStorage(135)) - The storage directory /home/runner/work/ozone/ozone/hadoop-ozone/integration-test/target/test-dir/MiniOzoneClusterImpl-7287d2d4-454f-4da5-bbdc-7dc3b2fb158b/datanode-0/data/ratis/f60b2554-eed1-4952-8c74-377879bf8640 does not exist. Creating ...
2021-08-26 18:39:53,444 [pool-497-thread-1] INFO  storage.RaftStorageDirectory (RaftStorageDirectoryImpl.java:tryLock(230)) - Lock on /home/runner/work/ozone/ozone/hadoop-ozone/integration-test/target/test-dir/MiniOzoneClusterImpl-7287d2d4-454f-4da5-bbdc-7dc3b2fb158b/datanode-0/data/ratis/f60b2554-eed1-4952-8c74-377879bf8640/in_use.lock acquired by nodename 22608@fv-az184-233
2021-08-26 18:39:53,457 [pool-497-thread-1] INFO  storage.RaftStorage (RaftStorageImpl.java:format(89)) - Storage directory /home/runner/work/ozone/ozone/hadoop-ozone/integration-test/target/test-dir/MiniOzoneClusterImpl-7287d2d4-454f-4da5-bbdc-7dc3b2fb158b/datanode-0/data/ratis/f60b2554-eed1-4952-8c74-377879bf8640 has been successfully formatted.
2021-08-26 18:39:53,457 [pool-497-thread-1] INFO  ratis.ContainerStateMachine (ContainerStateMachine.java:loadSnapshot(224)) - group-377879BF8640: The snapshot info is null. Setting the last applied indexto:(t:0, i:~)
2021-08-26 18:39:53,457 [Datanode State Machine Thread - 0] WARN  statemachine.StateContext (StateContext.java:execute(621)) - No available thread in pool for past 1 seconds.
2021-08-26 18:39:53,458 [pool-497-thread-1] INFO  server.RaftServerConfigKeys (ConfUtils.java:logGet(44)) - raft.server.notification.no-leader.timeout = 300000ms (custom)
2021-08-26 18:39:53,458 [pool-497-thread-1] INFO  server.RaftServerConfigKeys (ConfUtils.java:logGet(44)) - raft.server.log.use.memory = false (default)
2021-08-26 18:39:53,458 [pool-497-thread-1] INFO  server.RaftServerConfigKeys (ConfUtils.java:logGet(44)) - raft.server.log.purge.gap = 1000000 (custom)
2021-08-26 18:39:53,458 [pool-497-thread-1] INFO  server.RaftServerConfigKeys (ConfUtils.java:logGet(44)) - raft.server.log.appender.buffer.byte-limit = 33554432 (custom)
2021-08-26 18:39:53,458 [pool-497-thread-1] INFO  server.RaftServerConfigKeys (ConfUtils.java:logGet(44)) - raft.server.log.segment.size.max = 1048576 (custom)
2021-08-26 18:39:53,458 [pool-497-thread-1] INFO  server.RaftServerConfigKeys (ConfUtils.java:logGet(44)) - raft.server.log.segment.cache.num.max = 2 (custom)
2021-08-26 18:39:53,458 [pool-497-thread-1] INFO  server.RaftServerConfigKeys (ConfUtils.java:logGet(44)) - raft.server.log.segment.cache.size.max = 200MB (=209715200) (default)
2021-08-26 18:39:53,458 [pool-497-thread-1] INFO  segmented.SegmentedRaftLogWorker (SegmentedRaftLogWorker.java:<init>(182)) - new b0d4646c-0fcd-42fc-b255-eb3c3c8c3636@group-377879BF8640-SegmentedRaftLogWorker for RaftStorageImpl:Storage Directory /home/runner/work/ozone/ozone/hadoop-ozone/integration-test/target/test-dir/MiniOzoneClusterImpl-7287d2d4-454f-4da5-bbdc-7dc3b2fb158b/datanode-0/data/ratis/f60b2554-eed1-4952-8c74-377879bf8640
2021-08-26 18:39:53,459 [pool-497-thread-1] INFO  server.RaftServerConfigKeys (ConfUtils.java:logGet(44)) - raft.server.log.queue.byte-limit = 2147483647 (custom)
2021-08-26 18:39:53,459 [pool-497-thread-1] INFO  server.RaftServerConfigKeys (ConfUtils.java:logGet(44)) - raft.server.log.queue.element-limit = 1024 (custom)
2021-08-26 18:39:53,459 [pool-497-thread-1] INFO  server.RaftServerConfigKeys (ConfUtils.java:logGet(44)) - raft.server.log.segment.size.max = 1048576 (custom)
2021-08-26 18:39:53,459 [pool-497-thread-1] INFO  server.RaftServerConfigKeys (ConfUtils.java:logGet(44)) - raft.server.log.preallocated.size = 16384 (custom)
2021-08-26 18:39:53,459 [pool-497-thread-1] INFO  server.RaftServerConfigKeys (ConfUtils.java:logGet(44)) - raft.server.log.force.sync.num = 128 (default)
2021-08-26 18:39:53,459 [pool-497-thread-1] INFO  server.RaftServerConfigKeys (ConfUtils.java:logGet(44)) - raft.server.log.statemachine.data.sync = true (default)
2021-08-26 18:39:53,459 [pool-497-thread-1] INFO  server.RaftServerConfigKeys (ConfUtils.java:logGet(44)) - raft.server.log.statemachine.data.sync.timeout = 10s (default)
2021-08-26 18:39:53,459 [pool-497-thread-1] INFO  server.RaftServerConfigKeys (ConfUtils.java:logGet(44)) - raft.server.log.statemachine.data.sync.timeout.retry = -1 (default)
2021-08-26 18:39:53,459 [EventQueue-PipelineReportForPipelineReportHandler] INFO  pipeline.PipelineManagerImpl (PipelineManagerImpl.java:openPipeline(282)) - Pipeline Pipeline[ Id: f60b2554-eed1-4952-8c74-377879bf8640, Nodes: b0d4646c-0fcd-42fc-b255-eb3c3c8c3636{ip: 10.1.0.63, host: fv-az184-233.3ow45vhwbzuu5incsxmygykede.cx.internal.cloudapp.net, ports: [REPLICATION=38487, RATIS=45237, RATIS_ADMIN=45237, RATIS_SERVER=45237, STANDALONE=33471], networkLocation: /default-rack, certSerialId: null, persistedOpState: IN_SERVICE, persistedOpStateExpiryEpochSec: 0}, ReplicationConfig: RATIS/ONE, State:ALLOCATED, leaderId:b0d4646c-0fcd-42fc-b255-eb3c3c8c3636, CreationTimestamp2021-08-26T18:39:50.388Z[Etc/UTC]] moved to OPEN state
2021-08-26 18:39:53,483 [pool-497-thread-1] INFO  server.RaftServerConfigKeys (ConfUtils.java:logGet(44)) - raft.server.log.write.buffer.size = 1048576 (custom)
2021-08-26 18:39:53,483 [pool-497-thread-1] INFO  server.RaftServerConfigKeys (ConfUtils.java:logGet(44)) - raft.server.log.statemachine.data.caching.enabled = true (custom)
2021-08-26 18:39:53,483 [pool-497-thread-1] INFO  segmented.SegmentedRaftLogWorker (SegmentedRaftLogWorker.java:lambda$new$0(133)) - b0d4646c-0fcd-42fc-b255-eb3c3c8c3636@group-377879BF8640-SegmentedRaftLogWorker: flushIndex: setUnconditionally 0 -> -1
2021-08-26 18:39:53,483 [pool-497-thread-1] INFO  segmented.SegmentedRaftLogWorker (SegmentedRaftLogWorker.java:lambda$new$0(133)) - b0d4646c-0fcd-42fc-b255-eb3c3c8c3636@group-377879BF8640-SegmentedRaftLogWorker: safeCacheEvictIndex: setUnconditionally 0 -> -1
2021-08-26 18:39:53,496 [pool-497-thread-1] INFO  server.RaftServerConfigKeys (ConfUtils.java:logGet(44)) - raft.server.snapshot.auto.trigger.enabled = true (custom)
2021-08-26 18:39:53,497 [pool-497-thread-1] INFO  server.RaftServerConfigKeys (ConfUtils.java:logGet(44)) - raft.server.snapshot.auto.trigger.threshold = 10000 (custom)
2021-08-26 18:39:53,497 [pool-497-thread-1] INFO  server.RaftServerConfigKeys (ConfUtils.java:logGet(44)) - raft.server.snapshot.retention.file.num = 5 (custom)
2021-08-26 18:39:53,497 [pool-497-thread-1] INFO  server.RaftServerConfigKeys (ConfUtils.java:logGet(44)) - raft.server.log.purge.upto.snapshot.index = false (default)
2021-08-26 18:39:53,497 [pool-497-thread-1] INFO  server.RaftServerConfigKeys (ConfUtils.java:logGet(44)) - raft.server.retrycache.expirytime = 600000ms (custom)
2021-08-26 18:39:53,497 [pool-497-thread-1] INFO  server.RaftServerConfigKeys (ConfUtils.java:logGet(44)) - raft.server.retrycache.statistics.expirytime = 100μs (default)
2021-08-26 18:39:53,520 [pool-497-thread-1] INFO  server.RaftServer$Division (RaftServerImpl.java:start(296)) - b0d4646c-0fcd-42fc-b255-eb3c3c8c3636@group-377879BF8640: start as a follower, conf=-1: [b0d4646c-0fcd-42fc-b255-eb3c3c8c3636|rpc:10.1.0.63:45237|priority:1], old=null
2021-08-26 18:39:53,522 [pool-497-thread-1] INFO  server.RaftServer$Division (RaftServerImpl.java:setRole(285)) - b0d4646c-0fcd-42fc-b255-eb3c3c8c3636@group-377879BF8640: changes role from      null to FOLLOWER at term 0 for startAsFollower
2021-08-26 18:39:53,522 [pool-497-thread-1] INFO  impl.RoleInfo (RoleInfo.java:updateAndGet(130)) - b0d4646c-0fcd-42fc-b255-eb3c3c8c3636: start b0d4646c-0fcd-42fc-b255-eb3c3c8c3636@group-377879BF8640-FollowerState
2021-08-26 18:39:53,523 [EventQueue-OpenPipelineForHealthyPipelineSafeModeRule] INFO  safemode.SCMSafeModeManager (HealthyPipelineSafeModeRule.java:process(124)) - SCM in safe mode. Healthy pipelines reported count is 0, required healthy pipeline reported count is 1
2021-08-26 18:39:53,536 [pool-497-thread-1] INFO  util.JmxRegister (JmxRegister.java:tryRegister(44)) - Successfully registered JMX Bean with object name Ratis:service=RaftServer,group=group-377879BF8640,id=b0d4646c-0fcd-42fc-b255-eb3c3c8c3636
2021-08-26 18:39:53,539 [Command processor thread] INFO  ratis.XceiverServerRatis (XceiverServerRatis.java:addGroup(763)) - Created group PipelineID=f60b2554-eed1-4952-8c74-377879bf8640
2021-08-26 18:39:53,539 [Command processor thread] INFO  commandhandler.CreatePipelineCommandHandler (CreatePipelineCommandHandler.java:handle(106)) - Created Pipeline RATIS ONE PipelineID=f60b2554-eed1-4952-8c74-377879bf8640.
2021-08-26 18:39:53,540 [Command processor thread] INFO  server.RaftServer (RaftServerProxy.java:addNew(95)) - b0d4646c-0fcd-42fc-b255-eb3c3c8c3636: addNew group-D2D68E1C8E59:[feac8f5a-1b39-4e45-882b-39b2a71e70b7|rpc:10.1.0.63:43083|priority:0, 87f05fb4-46b8-4bb5-a197-7bc4b26914eb|rpc:10.1.0.63:44187|priority:1, b0d4646c-0fcd-42fc-b255-eb3c3c8c3636|rpc:10.1.0.63:45237|priority:0] returns group-D2D68E1C8E59:java.util.concurrent.CompletableFuture@60b7f05a[Not completed]
2021-08-26 18:39:53,540 [pool-497-thread-1] INFO  server.RaftServer$Division (RaftServerImpl.java:<init>(181)) - b0d4646c-0fcd-42fc-b255-eb3c3c8c3636: new RaftServerImpl for group-D2D68E1C8E59:[feac8f5a-1b39-4e45-882b-39b2a71e70b7|rpc:10.1.0.63:43083|priority:0, 87f05fb4-46b8-4bb5-a197-7bc4b26914eb|rpc:10.1.0.63:44187|priority:1, b0d4646c-0fcd-42fc-b255-eb3c3c8c3636|rpc:10.1.0.63:45237|priority:0] with ContainerStateMachine:uninitialized
2021-08-26 18:39:53,540 [pool-497-thread-1] INFO  server.RaftServerConfigKeys (ConfUtils.java:logGet(44)) - raft.server.rpc.timeout.min = 5s (custom)
2021-08-26 18:39:53,540 [pool-497-thread-1] INFO  server.RaftServerConfigKeys (ConfUtils.java:logGet(44)) - raft.server.rpc.timeout.max = 5200ms (custom)
2021-08-26 18:39:53,540 [pool-497-thread-1] INFO  server.RaftServerConfigKeys (ConfUtils.java:logGet(44)) - raft.server.rpc.sleep.time = 25ms (default)
2021-08-26 18:39:53,540 [pool-497-thread-1] INFO  server.RaftServerConfigKeys (ConfUtils.java:logGet(44)) - raft.server.rpc.slowness.timeout = 300000ms (custom)
2021-08-26 18:39:53,540 [pool-497-thread-1] INFO  server.RaftServerConfigKeys (ConfUtils.java:logGet(44)) - raft.server.leaderelection.leader.step-down.wait-time = 10s (default)
2021-08-26 18:39:53,541 [pool-497-thread-1] INFO  server.RaftServerConfigKeys (ConfUtils.java:logGet(44)) - raft.server.sleep.deviation.threshold = 300ms (default)
2021-08-26 18:39:53,541 [pool-497-thread-1] INFO  server.RaftServerConfigKeys (ConfUtils.java:logGet(44)) - raft.server.log.appender.install.snapshot.enabled = false (custom)
2021-08-26 18:39:53,541 [pool-497-thread-1] INFO  server.RaftServer$Division (ServerState.java:<init>(105)) - b0d4646c-0fcd-42fc-b255-eb3c3c8c3636@group-D2D68E1C8E59: ConfigurationManager, init=-1: [feac8f5a-1b39-4e45-882b-39b2a71e70b7|rpc:10.1.0.63:43083|priority:0, 87f05fb4-46b8-4bb5-a197-7bc4b26914eb|rpc:10.1.0.63:44187|priority:1, b0d4646c-0fcd-42fc-b255-eb3c3c8c3636|rpc:10.1.0.63:45237|priority:0], old=null, confs=<EMPTY_MAP>
2021-08-26 18:39:53,541 [pool-497-thread-1] INFO  server.RaftServerConfigKeys (ConfUtils.java:logGet(44)) - raft.server.storage.dir = [/home/runner/work/ozone/ozone/hadoop-ozone/integration-test/target/test-dir/MiniOzoneClusterImpl-7287d2d4-454f-4da5-bbdc-7dc3b2fb158b/datanode-0/data/ratis] (custom)
2021-08-26 18:39:53,541 [pool-497-thread-1] INFO  server.RaftServerConfigKeys (ConfUtils.java:logGet(44)) - raft.server.log.corruption.policy = EXCEPTION (default)
2021-08-26 18:39:53,541 [pool-497-thread-1] INFO  server.RaftServerConfigKeys (ConfUtils.java:logGet(44)) - raft.server.storage.free-space.min = 0MB (=0) (default)
2021-08-26 18:39:53,541 [pool-497-thread-1] INFO  storage.RaftStorageDirectory (RaftStorageDirectoryImpl.java:analyzeStorage(135)) - The storage directory /home/runner/work/ozone/ozone/hadoop-ozone/integration-test/target/test-dir/MiniOzoneClusterImpl-7287d2d4-454f-4da5-bbdc-7dc3b2fb158b/datanode-0/data/ratis/2466034c-f8ae-4bff-8a7c-d2d68e1c8e59 does not exist. Creating ...
2021-08-26 18:39:53,542 [pool-497-thread-1] INFO  storage.RaftStorageDirectory (RaftStorageDirectoryImpl.java:tryLock(230)) - Lock on /home/runner/work/ozone/ozone/hadoop-ozone/integration-test/target/test-dir/MiniOzoneClusterImpl-7287d2d4-454f-4da5-bbdc-7dc3b2fb158b/datanode-0/data/ratis/2466034c-f8ae-4bff-8a7c-d2d68e1c8e59/in_use.lock acquired by nodename 22608@fv-az184-233
2021-08-26 18:39:53,543 [pool-497-thread-1] INFO  storage.RaftStorage (RaftStorageImpl.java:format(89)) - Storage directory /home/runner/work/ozone/ozone/hadoop-ozone/integration-test/target/test-dir/MiniOzoneClusterImpl-7287d2d4-454f-4da5-bbdc-7dc3b2fb158b/datanode-0/data/ratis/2466034c-f8ae-4bff-8a7c-d2d68e1c8e59 has been successfully formatted.
2021-08-26 18:39:53,544 [pool-497-thread-1] INFO  ratis.ContainerStateMachine (ContainerStateMachine.java:loadSnapshot(224)) - group-D2D68E1C8E59: The snapshot info is null. Setting the last applied indexto:(t:0, i:~)
2021-08-26 18:39:53,544 [pool-497-thread-1] INFO  server.RaftServerConfigKeys (ConfUtils.java:logGet(44)) - raft.server.notification.no-leader.timeout = 300000ms (custom)
2021-08-26 18:39:53,544 [pool-497-thread-1] INFO  server.RaftServerConfigKeys (ConfUtils.java:logGet(44)) - raft.server.log.use.memory = false (default)
2021-08-26 18:39:53,544 [pool-497-thread-1] INFO  server.RaftServerConfigKeys (ConfUtils.java:logGet(44)) - raft.server.log.purge.gap = 1000000 (custom)
2021-08-26 18:39:53,544 [pool-497-thread-1] INFO  server.RaftServerConfigKeys (ConfUtils.java:logGet(44)) - raft.server.log.appender.buffer.byte-limit = 33554432 (custom)
2021-08-26 18:39:53,544 [pool-497-thread-1] INFO  server.RaftServerConfigKeys (ConfUtils.java:logGet(44)) - raft.server.log.segment.size.max = 1048576 (custom)
2021-08-26 18:39:53,545 [pool-497-thread-1] INFO  server.RaftServerConfigKeys (ConfUtils.java:logGet(44)) - raft.server.log.segment.cache.num.max = 2 (custom)
2021-08-26 18:39:53,545 [pool-497-thread-1] INFO  server.RaftServerConfigKeys (ConfUtils.java:logGet(44)) - raft.server.log.segment.cache.size.max = 200MB (=209715200) (default)
2021-08-26 18:39:53,545 [pool-497-thread-1] INFO  segmented.SegmentedRaftLogWorker (SegmentedRaftLogWorker.java:<init>(182)) - new b0d4646c-0fcd-42fc-b255-eb3c3c8c3636@group-D2D68E1C8E59-SegmentedRaftLogWorker for RaftStorageImpl:Storage Directory /home/runner/work/ozone/ozone/hadoop-ozone/integration-test/target/test-dir/MiniOzoneClusterImpl-7287d2d4-454f-4da5-bbdc-7dc3b2fb158b/datanode-0/data/ratis/2466034c-f8ae-4bff-8a7c-d2d68e1c8e59
2021-08-26 18:39:53,545 [pool-497-thread-1] INFO  server.RaftServerConfigKeys (ConfUtils.java:logGet(44)) - raft.server.log.queue.byte-limit = 2147483647 (custom)
2021-08-26 18:39:53,545 [pool-497-thread-1] INFO  server.RaftServerConfigKeys (ConfUtils.java:logGet(44)) - raft.server.log.queue.element-limit = 1024 (custom)
2021-08-26 18:39:53,545 [pool-497-thread-1] INFO  server.RaftServerConfigKeys (ConfUtils.java:logGet(44)) - raft.server.log.segment.size.max = 1048576 (custom)
2021-08-26 18:39:53,545 [pool-497-thread-1] INFO  server.RaftServerConfigKeys (ConfUtils.java:logGet(44)) - raft.server.log.preallocated.size = 16384 (custom)
2021-08-26 18:39:53,545 [pool-497-thread-1] INFO  server.RaftServerConfigKeys (ConfUtils.java:logGet(44)) - raft.server.log.force.sync.num = 128 (default)
2021-08-26 18:39:53,545 [pool-497-thread-1] INFO  server.RaftServerConfigKeys (ConfUtils.java:logGet(44)) - raft.server.log.statemachine.data.sync = true (default)
2021-08-26 18:39:53,545 [pool-497-thread-1] INFO  server.RaftServerConfigKeys (ConfUtils.java:logGet(44)) - raft.server.log.statemachine.data.sync.timeout = 10s (default)
2021-08-26 18:39:53,545 [pool-497-thread-1] INFO  server.RaftServerConfigKeys (ConfUtils.java:logGet(44)) - raft.server.log.statemachine.data.sync.timeout.retry = -1 (default)
2021-08-26 18:39:53,546 [Datanode State Machine Thread - 0] WARN  statemachine.StateContext (StateContext.java:execute(621)) - No available thread in pool for past 1 seconds.
2021-08-26 18:39:53,547 [EventQueue-OpenPipelineForHealthyPipelineSafeModeRule] INFO  safemode.SCMSafeModeManager (HealthyPipelineSafeModeRule.java:process(124)) - SCM in safe mode. Healthy pipelines reported count is 0, required healthy pipeline reported count is 1
2021-08-26 18:39:53,556 [pool-497-thread-1] INFO  server.RaftServerConfigKeys (ConfUtils.java:logGet(44)) - raft.server.log.write.buffer.size = 1048576 (custom)
2021-08-26 18:39:53,556 [pool-497-thread-1] INFO  server.RaftServerConfigKeys (ConfUtils.java:logGet(44)) - raft.server.log.statemachine.data.caching.enabled = true (custom)
2021-08-26 18:39:53,559 [pool-497-thread-1] INFO  segmented.SegmentedRaftLogWorker (SegmentedRaftLogWorker.java:lambda$new$0(133)) - b0d4646c-0fcd-42fc-b255-eb3c3c8c3636@group-D2D68E1C8E59-SegmentedRaftLogWorker: flushIndex: setUnconditionally 0 -> -1
2021-08-26 18:39:53,559 [pool-497-thread-1] INFO  segmented.SegmentedRaftLogWorker (SegmentedRaftLogWorker.java:lambda$new$0(133)) - b0d4646c-0fcd-42fc-b255-eb3c3c8c3636@group-D2D68E1C8E59-SegmentedRaftLogWorker: safeCacheEvictIndex: setUnconditionally 0 -> -1
2021-08-26 18:39:53,575 [pool-497-thread-1] INFO  server.RaftServerConfigKeys (ConfUtils.java:logGet(44)) - raft.server.snapshot.auto.trigger.enabled = true (custom)
2021-08-26 18:39:53,575 [pool-497-thread-1] INFO  server.RaftServerConfigKeys (ConfUtils.java:logGet(44)) - raft.server.snapshot.auto.trigger.threshold = 10000 (custom)
2021-08-26 18:39:53,575 [pool-497-thread-1] INFO  server.RaftServerConfigKeys (ConfUtils.java:logGet(44)) - raft.server.snapshot.retention.file.num = 5 (custom)
2021-08-26 18:39:53,575 [pool-497-thread-1] INFO  server.RaftServerConfigKeys (ConfUtils.java:logGet(44)) - raft.server.log.purge.upto.snapshot.index = false (default)
2021-08-26 18:39:53,575 [pool-497-thread-1] INFO  server.RaftServerConfigKeys (ConfUtils.java:logGet(44)) - raft.server.retrycache.expirytime = 600000ms (custom)
2021-08-26 18:39:53,575 [pool-497-thread-1] INFO  server.RaftServerConfigKeys (ConfUtils.java:logGet(44)) - raft.server.retrycache.statistics.expirytime = 100μs (default)
2021-08-26 18:39:53,577 [pool-497-thread-1] INFO  server.RaftServer$Division (RaftServerImpl.java:start(296)) - b0d4646c-0fcd-42fc-b255-eb3c3c8c3636@group-D2D68E1C8E59: start as a follower, conf=-1: [feac8f5a-1b39-4e45-882b-39b2a71e70b7|rpc:10.1.0.63:43083|priority:0, 87f05fb4-46b8-4bb5-a197-7bc4b26914eb|rpc:10.1.0.63:44187|priority:1, b0d4646c-0fcd-42fc-b255-eb3c3c8c3636|rpc:10.1.0.63:45237|priority:0], old=null
2021-08-26 18:39:53,577 [pool-497-thread-1] INFO  server.RaftServer$Division (RaftServerImpl.java:setRole(285)) - b0d4646c-0fcd-42fc-b255-eb3c3c8c3636@group-D2D68E1C8E59: changes role from      null to FOLLOWER at term 0 for startAsFollower
2021-08-26 18:39:53,577 [pool-497-thread-1] INFO  impl.RoleInfo (RoleInfo.java:updateAndGet(130)) - b0d4646c-0fcd-42fc-b255-eb3c3c8c3636: start b0d4646c-0fcd-42fc-b255-eb3c3c8c3636@group-D2D68E1C8E59-FollowerState
2021-08-26 18:39:53,603 [pool-497-thread-1] INFO  util.JmxRegister (JmxRegister.java:tryRegister(44)) - Successfully registered JMX Bean with object name Ratis:service=RaftServer,group=group-D2D68E1C8E59,id=b0d4646c-0fcd-42fc-b255-eb3c3c8c3636
2021-08-26 18:39:53,626 [Command processor thread] INFO  ratis.XceiverServerRatis (XceiverServerRatis.java:addGroup(763)) - Created group PipelineID=2466034c-f8ae-4bff-8a7c-d2d68e1c8e59
2021-08-26 18:39:53,644 [grpc-default-executor-2] INFO  server.RaftServer (RaftServerProxy.java:addNew(95)) - feac8f5a-1b39-4e45-882b-39b2a71e70b7: addNew group-D2D68E1C8E59:[feac8f5a-1b39-4e45-882b-39b2a71e70b7|rpc:10.1.0.63:43083|dataStream:|priority:0, 87f05fb4-46b8-4bb5-a197-7bc4b26914eb|rpc:10.1.0.63:44187|dataStream:|priority:1, b0d4646c-0fcd-42fc-b255-eb3c3c8c3636|rpc:10.1.0.63:45237|dataStream:|priority:0] returns group-D2D68E1C8E59:java.util.concurrent.CompletableFuture@35ef3c04[Not completed]
2021-08-26 18:39:53,663 [pool-516-thread-1] INFO  server.RaftServer$Division (RaftServerImpl.java:<init>(181)) - feac8f5a-1b39-4e45-882b-39b2a71e70b7: new RaftServerImpl for group-D2D68E1C8E59:[feac8f5a-1b39-4e45-882b-39b2a71e70b7|rpc:10.1.0.63:43083|dataStream:|priority:0, 87f05fb4-46b8-4bb5-a197-7bc4b26914eb|rpc:10.1.0.63:44187|dataStream:|priority:1, b0d4646c-0fcd-42fc-b255-eb3c3c8c3636|rpc:10.1.0.63:45237|dataStream:|priority:0] with ContainerStateMachine:uninitialized
2021-08-26 18:39:53,663 [pool-516-thread-1] INFO  server.RaftServerConfigKeys (ConfUtils.java:logGet(44)) - raft.server.rpc.timeout.min = 5s (custom)
2021-08-26 18:39:53,664 [pool-516-thread-1] INFO  server.RaftServerConfigKeys (ConfUtils.java:logGet(44)) - raft.server.rpc.timeout.max = 5200ms (custom)
2021-08-26 18:39:53,664 [pool-516-thread-1] INFO  server.RaftServerConfigKeys (ConfUtils.java:logGet(44)) - raft.server.rpc.sleep.time = 25ms (default)
2021-08-26 18:39:53,664 [pool-516-thread-1] INFO  server.RaftServerConfigKeys (ConfUtils.java:logGet(44)) - raft.server.rpc.slowness.timeout = 300000ms (custom)
2021-08-26 18:39:53,664 [pool-516-thread-1] INFO  server.RaftServerConfigKeys (ConfUtils.java:logGet(44)) - raft.server.leaderelection.leader.step-down.wait-time = 10s (default)
2021-08-26 18:39:53,664 [pool-516-thread-1] INFO  server.RaftServerConfigKeys (ConfUtils.java:logGet(44)) - raft.server.sleep.deviation.threshold = 300ms (default)
2021-08-26 18:39:53,664 [pool-516-thread-1] INFO  server.RaftServerConfigKeys (ConfUtils.java:logGet(44)) - raft.server.log.appender.install.snapshot.enabled = false (custom)
2021-08-26 18:39:53,664 [pool-516-thread-1] INFO  server.RaftServer$Division (ServerState.java:<init>(105)) - feac8f5a-1b39-4e45-882b-39b2a71e70b7@group-D2D68E1C8E59: ConfigurationManager, init=-1: [feac8f5a-1b39-4e45-882b-39b2a71e70b7|rpc:10.1.0.63:43083|dataStream:|priority:0, 87f05fb4-46b8-4bb5-a197-7bc4b26914eb|rpc:10.1.0.63:44187|dataStream:|priority:1, b0d4646c-0fcd-42fc-b255-eb3c3c8c3636|rpc:10.1.0.63:45237|dataStream:|priority:0], old=null, confs=<EMPTY_MAP>
2021-08-26 18:39:53,664 [pool-516-thread-1] INFO  server.RaftServerConfigKeys (ConfUtils.java:logGet(44)) - raft.server.storage.dir = [/home/runner/work/ozone/ozone/hadoop-ozone/integration-test/target/test-dir/MiniOzoneClusterImpl-7287d2d4-454f-4da5-bbdc-7dc3b2fb158b/datanode-1/data/ratis] (custom)
2021-08-26 18:39:53,664 [pool-516-thread-1] INFO  server.RaftServerConfigKeys (ConfUtils.java:logGet(44)) - raft.server.log.corruption.policy = EXCEPTION (default)
2021-08-26 18:39:53,664 [pool-516-thread-1] INFO  server.RaftServerConfigKeys (ConfUtils.java:logGet(44)) - raft.server.storage.free-space.min = 0MB (=0) (default)
2021-08-26 18:39:53,664 [pool-516-thread-1] INFO  storage.RaftStorageDirectory (RaftStorageDirectoryImpl.java:analyzeStorage(135)) - The storage directory /home/runner/work/ozone/ozone/hadoop-ozone/integration-test/target/test-dir/MiniOzoneClusterImpl-7287d2d4-454f-4da5-bbdc-7dc3b2fb158b/datanode-1/data/ratis/2466034c-f8ae-4bff-8a7c-d2d68e1c8e59 does not exist. Creating ...
2021-08-26 18:39:53,716 [pool-516-thread-1] INFO  storage.RaftStorageDirectory (RaftStorageDirectoryImpl.java:tryLock(230)) - Lock on /home/runner/work/ozone/ozone/hadoop-ozone/integration-test/target/test-dir/MiniOzoneClusterImpl-7287d2d4-454f-4da5-bbdc-7dc3b2fb158b/datanode-1/data/ratis/2466034c-f8ae-4bff-8a7c-d2d68e1c8e59/in_use.lock acquired by nodename 22608@fv-az184-233
2021-08-26 18:39:53,737 [IPC Server handler 0 on default port 36131] INFO  net.NetworkTopologyImpl (NetworkTopologyImpl.java:add(112)) - Added a new node: /default-rack/134e4cc8-3e2d-4572-98bc-d75f353c351b
2021-08-26 18:39:53,738 [IPC Server handler 0 on default port 36131] INFO  node.SCMNodeManager (SCMNodeManager.java:register(390)) - Registered Data node : 134e4cc8-3e2d-4572-98bc-d75f353c351b{ip: 10.1.0.63, host: fv-az184-233.3ow45vhwbzuu5incsxmygykede.cx.internal.cloudapp.net, ports: [REPLICATION=33211, RATIS=40073, RATIS_ADMIN=40073, RATIS_SERVER=40073, STANDALONE=44329], networkLocation: /default-rack, certSerialId: null, persistedOpState: null, persistedOpStateExpiryEpochSec: 0}
2021-08-26 18:39:53,738 [EventQueue-NewNodeForNewNodeHandler] INFO  pipeline.BackgroundPipelineCreator (BackgroundPipelineCreatorV2.java:notifyEventTriggered(285)) - trigger a one-shot run on RatisPipelineUtilsThread.
2021-08-26 18:39:53,738 [RatisPipelineUtilsThread - 0] INFO  pipeline.RatisPipelineProvider (RatisPipelineProvider.java:lambda$create$0(183)) - Sending CreatePipelineCommand for pipeline:PipelineID=167a2d77-85a1-4800-9a55-5a6a83044a6c to datanode:134e4cc8-3e2d-4572-98bc-d75f353c351b
2021-08-26 18:39:53,739 [RatisPipelineUtilsThread - 0] INFO  pipeline.PipelineStateManager (PipelineStateManagerV2Impl.java:addPipeline(101)) - Created pipeline Pipeline[ Id: 167a2d77-85a1-4800-9a55-5a6a83044a6c, Nodes: 134e4cc8-3e2d-4572-98bc-d75f353c351b{ip: 10.1.0.63, host: fv-az184-233.3ow45vhwbzuu5incsxmygykede.cx.internal.cloudapp.net, ports: [REPLICATION=33211, RATIS=40073, RATIS_ADMIN=40073, RATIS_SERVER=40073, STANDALONE=44329], networkLocation: /default-rack, certSerialId: null, persistedOpState: IN_SERVICE, persistedOpStateExpiryEpochSec: 0}, ReplicationConfig: RATIS/ONE, State:ALLOCATED, leaderId:, CreationTimestamp2021-08-26T18:39:53.738Z[Etc/UTC]].
2021-08-26 18:39:53,739 [RatisPipelineUtilsThread - 0] INFO  pipeline.RatisPipelineProvider (RatisPipelineProvider.java:lambda$create$0(183)) - Sending CreatePipelineCommand for pipeline:PipelineID=216adb88-0bda-436d-9886-5443d1ad4915 to datanode:134e4cc8-3e2d-4572-98bc-d75f353c351b
2021-08-26 18:39:53,745 [RatisPipelineUtilsThread - 0] INFO  pipeline.RatisPipelineProvider (RatisPipelineProvider.java:lambda$create$0(183)) - Sending CreatePipelineCommand for pipeline:PipelineID=216adb88-0bda-436d-9886-5443d1ad4915 to datanode:88d9c6ea-d0be-4004-8450-128776760c0b
2021-08-26 18:39:53,745 [RatisPipelineUtilsThread - 0] INFO  pipeline.RatisPipelineProvider (RatisPipelineProvider.java:lambda$create$0(183)) - Sending CreatePipelineCommand for pipeline:PipelineID=216adb88-0bda-436d-9886-5443d1ad4915 to datanode:95edf07e-7fec-45a0-b357-ea2c9e88c813
2021-08-26 18:39:53,747 [RatisPipelineUtilsThread - 0] INFO  pipeline.PipelineStateManager (PipelineStateManagerV2Impl.java:addPipeline(101)) - Created pipeline Pipeline[ Id: 216adb88-0bda-436d-9886-5443d1ad4915, Nodes: 134e4cc8-3e2d-4572-98bc-d75f353c351b{ip: 10.1.0.63, host: fv-az184-233.3ow45vhwbzuu5incsxmygykede.cx.internal.cloudapp.net, ports: [REPLICATION=33211, RATIS=40073, RATIS_ADMIN=40073, RATIS_SERVER=40073, STANDALONE=44329], networkLocation: /default-rack, certSerialId: null, persistedOpState: IN_SERVICE, persistedOpStateExpiryEpochSec: 0}88d9c6ea-d0be-4004-8450-128776760c0b{ip: 10.1.0.63, host: fv-az184-233.3ow45vhwbzuu5incsxmygykede.cx.internal.cloudapp.net, ports: [REPLICATION=45503, RATIS=32927, RATIS_ADMIN=32927, RATIS_SERVER=32927, STANDALONE=46325], networkLocation: /default-rack, certSerialId: null, persistedOpState: IN_SERVICE, persistedOpStateExpiryEpochSec: 0}95edf07e-7fec-45a0-b357-ea2c9e88c813{ip: 10.1.0.63, host: fv-az184-233.3ow45vhwbzuu5incsxmygykede.cx.internal.cloudapp.net, ports: [REPLICATION=44839, RATIS=34053, RATIS_ADMIN=34053, RATIS_SERVER=34053, STANDALONE=33691], networkLocation: /default-rack, certSerialId: null, persistedOpState: IN_SERVICE, persistedOpStateExpiryEpochSec: 0}, ReplicationConfig: RATIS/THREE, State:ALLOCATED, leaderId:, CreationTimestamp2021-08-26T18:39:53.739Z[Etc/UTC]].
2021-08-26 18:39:53,747 [RatisPipelineUtilsThread - 0] INFO  pipeline.RatisPipelineProvider (RatisPipelineProvider.java:lambda$create$0(183)) - Sending CreatePipelineCommand for pipeline:PipelineID=4c5cff93-0f15-4bcb-87ad-0ee0e6a225ec to datanode:95edf07e-7fec-45a0-b357-ea2c9e88c813
2021-08-26 18:39:53,747 [RatisPipelineUtilsThread - 0] INFO  pipeline.RatisPipelineProvider (RatisPipelineProvider.java:lambda$create$0(183)) - Sending CreatePipelineCommand for pipeline:PipelineID=4c5cff93-0f15-4bcb-87ad-0ee0e6a225ec to datanode:88d9c6ea-d0be-4004-8450-128776760c0b
2021-08-26 18:39:53,747 [RatisPipelineUtilsThread - 0] INFO  pipeline.RatisPipelineProvider (RatisPipelineProvider.java:lambda$create$0(183)) - Sending CreatePipelineCommand for pipeline:PipelineID=4c5cff93-0f15-4bcb-87ad-0ee0e6a225ec to datanode:134e4cc8-3e2d-4572-98bc-d75f353c351b
2021-08-26 18:39:53,748 [RatisPipelineUtilsThread - 0] INFO  pipeline.PipelineStateManager (PipelineStateManagerV2Impl.java:addPipeline(101)) - Created pipeline Pipeline[ Id: 4c5cff93-0f15-4bcb-87ad-0ee0e6a225ec, Nodes: 95edf07e-7fec-45a0-b357-ea2c9e88c813{ip: 10.1.0.63, host: fv-az184-233.3ow45vhwbzuu5incsxmygykede.cx.internal.cloudapp.net, ports: [REPLICATION=44839, RATIS=34053, RATIS_ADMIN=34053, RATIS_SERVER=34053, STANDALONE=33691], networkLocation: /default-rack, certSerialId: null, persistedOpState: IN_SERVICE, persistedOpStateExpiryEpochSec: 0}88d9c6ea-d0be-4004-8450-128776760c0b{ip: 10.1.0.63, host: fv-az184-233.3ow45vhwbzuu5incsxmygykede.cx.internal.cloudapp.net, ports: [REPLICATION=45503, RATIS=32927, RATIS_ADMIN=32927, RATIS_SERVER=32927, STANDALONE=46325], networkLocation: /default-rack, certSerialId: null, persistedOpState: IN_SERVICE, persistedOpStateExpiryEpochSec: 0}134e4cc8-3e2d-4572-98bc-d75f353c351b{ip: 10.1.0.63, host: fv-az184-233.3ow45vhwbzuu5incsxmygykede.cx.internal.cloudapp.net, ports: [REPLICATION=33211, RATIS=40073, RATIS_ADMIN=40073, RATIS_SERVER=40073, STANDALONE=44329], networkLocation: /default-rack, certSerialId: null, persistedOpState: IN_SERVICE, persistedOpStateExpiryEpochSec: 0}, ReplicationConfig: RATIS/THREE, State:ALLOCATED, leaderId:, CreationTimestamp2021-08-26T18:39:53.747Z[Etc/UTC]].
2021-08-26 18:39:53,748 [RatisPipelineUtilsThread - 0] INFO  pipeline.PipelineManagerImpl (PipelineManagerImpl.java:recordMetricsForPipeline(613)) - Pipeline: PipelineID=4c5cff93-0f15-4bcb-87ad-0ee0e6a225ec contains same datanodes as previous pipelines: PipelineID=216adb88-0bda-436d-9886-5443d1ad4915 nodeIds: 95edf07e-7fec-45a0-b357-ea2c9e88c813, 88d9c6ea-d0be-4004-8450-128776760c0b, 134e4cc8-3e2d-4572-98bc-d75f353c351b
2021-08-26 18:39:53,751 [pool-516-thread-1] INFO  storage.RaftStorage (RaftStorageImpl.java:format(89)) - Storage directory /home/runner/work/ozone/ozone/hadoop-ozone/integration-test/target/test-dir/MiniOzoneClusterImpl-7287d2d4-454f-4da5-bbdc-7dc3b2fb158b/datanode-1/data/ratis/2466034c-f8ae-4bff-8a7c-d2d68e1c8e59 has been successfully formatted.
2021-08-26 18:39:53,766 [pool-516-thread-1] INFO  ratis.ContainerStateMachine (ContainerStateMachine.java:loadSnapshot(224)) - group-D2D68E1C8E59: The snapshot info is null. Setting the last applied indexto:(t:0, i:~)
2021-08-26 18:39:53,766 [pool-516-thread-1] INFO  server.RaftServerConfigKeys (ConfUtils.java:logGet(44)) - raft.server.notification.no-leader.timeout = 300000ms (custom)
2021-08-26 18:39:53,766 [pool-516-thread-1] INFO  server.RaftServerConfigKeys (ConfUtils.java:logGet(44)) - raft.server.log.use.memory = false (default)
2021-08-26 18:39:53,766 [pool-516-thread-1] INFO  server.RaftServerConfigKeys (ConfUtils.java:logGet(44)) - raft.server.log.purge.gap = 1000000 (custom)
2021-08-26 18:39:53,766 [pool-516-thread-1] INFO  server.RaftServerConfigKeys (ConfUtils.java:logGet(44)) - raft.server.log.appender.buffer.byte-limit = 33554432 (custom)
2021-08-26 18:39:53,766 [pool-516-thread-1] INFO  server.RaftServerConfigKeys (ConfUtils.java:logGet(44)) - raft.server.log.segment.size.max = 1048576 (custom)
2021-08-26 18:39:53,767 [pool-516-thread-1] INFO  server.RaftServerConfigKeys (ConfUtils.java:logGet(44)) - raft.server.log.segment.cache.num.max = 2 (custom)
2021-08-26 18:39:53,767 [pool-516-thread-1] INFO  server.RaftServerConfigKeys (ConfUtils.java:logGet(44)) - raft.server.log.segment.cache.size.max = 200MB (=209715200) (default)
2021-08-26 18:39:53,767 [pool-516-thread-1] INFO  segmented.SegmentedRaftLogWorker (SegmentedRaftLogWorker.java:<init>(182)) - new feac8f5a-1b39-4e45-882b-39b2a71e70b7@group-D2D68E1C8E59-SegmentedRaftLogWorker for RaftStorageImpl:Storage Directory /home/runner/work/ozone/ozone/hadoop-ozone/integration-test/target/test-dir/MiniOzoneClusterImpl-7287d2d4-454f-4da5-bbdc-7dc3b2fb158b/datanode-1/data/ratis/2466034c-f8ae-4bff-8a7c-d2d68e1c8e59
2021-08-26 18:39:53,767 [pool-516-thread-1] INFO  server.RaftServerConfigKeys (ConfUtils.java:logGet(44)) - raft.server.log.queue.byte-limit = 2147483647 (custom)
2021-08-26 18:39:53,767 [pool-516-thread-1] INFO  server.RaftServerConfigKeys (ConfUtils.java:logGet(44)) - raft.server.log.queue.element-limit = 1024 (custom)
2021-08-26 18:39:53,767 [pool-516-thread-1] INFO  server.RaftServerConfigKeys (ConfUtils.java:logGet(44)) - raft.server.log.segment.size.max = 1048576 (custom)
2021-08-26 18:39:53,767 [pool-516-thread-1] INFO  server.RaftServerConfigKeys (ConfUtils.java:logGet(44)) - raft.server.log.preallocated.size = 16384 (custom)
2021-08-26 18:39:53,767 [pool-516-thread-1] INFO  server.RaftServerConfigKeys (ConfUtils.java:logGet(44)) - raft.server.log.force.sync.num = 128 (default)
2021-08-26 18:39:53,767 [pool-516-thread-1] INFO  server.RaftServerConfigKeys (ConfUtils.java:logGet(44)) - raft.server.log.statemachine.data.sync = true (default)
2021-08-26 18:39:53,767 [pool-516-thread-1] INFO  server.RaftServerConfigKeys (ConfUtils.java:logGet(44)) - raft.server.log.statemachine.data.sync.timeout = 10s (default)
2021-08-26 18:39:53,767 [pool-516-thread-1] INFO  server.RaftServerConfigKeys (ConfUtils.java:logGet(44)) - raft.server.log.statemachine.data.sync.timeout.retry = -1 (default)
2021-08-26 18:39:53,768 [pool-516-thread-1] INFO  server.RaftServerConfigKeys (ConfUtils.java:logGet(44)) - raft.server.log.write.buffer.size = 1048576 (custom)
2021-08-26 18:39:53,769 [pool-516-thread-1] INFO  server.RaftServerConfigKeys (ConfUtils.java:logGet(44)) - raft.server.log.statemachine.data.caching.enabled = true (custom)
2021-08-26 18:39:53,769 [pool-516-thread-1] INFO  segmented.SegmentedRaftLogWorker (SegmentedRaftLogWorker.java:lambda$new$0(133)) - feac8f5a-1b39-4e45-882b-39b2a71e70b7@group-D2D68E1C8E59-SegmentedRaftLogWorker: flushIndex: setUnconditionally 0 -> -1
2021-08-26 18:39:53,769 [pool-516-thread-1] INFO  segmented.SegmentedRaftLogWorker (SegmentedRaftLogWorker.java:lambda$new$0(133)) - feac8f5a-1b39-4e45-882b-39b2a71e70b7@group-D2D68E1C8E59-SegmentedRaftLogWorker: safeCacheEvictIndex: setUnconditionally 0 -> -1
2021-08-26 18:39:53,769 [pool-516-thread-1] INFO  server.RaftServerConfigKeys (ConfUtils.java:logGet(44)) - raft.server.snapshot.auto.trigger.enabled = true (custom)
2021-08-26 18:39:53,770 [pool-516-thread-1] INFO  server.RaftServerConfigKeys (ConfUtils.java:logGet(44)) - raft.server.snapshot.auto.trigger.threshold = 10000 (custom)
2021-08-26 18:39:53,770 [pool-516-thread-1] INFO  server.RaftServerConfigKeys (ConfUtils.java:logGet(44)) - raft.server.snapshot.retention.file.num = 5 (custom)
2021-08-26 18:39:53,770 [pool-516-thread-1] INFO  server.RaftServerConfigKeys (ConfUtils.java:logGet(44)) - raft.server.log.purge.upto.snapshot.index = false (default)
2021-08-26 18:39:53,770 [pool-516-thread-1] INFO  server.RaftServerConfigKeys (ConfUtils.java:logGet(44)) - raft.server.retrycache.expirytime = 600000ms (custom)
2021-08-26 18:39:53,770 [pool-516-thread-1] INFO  server.RaftServerConfigKeys (ConfUtils.java:logGet(44)) - raft.server.retrycache.statistics.expirytime = 100μs (default)
2021-08-26 18:39:53,774 [pool-516-thread-1] INFO  server.RaftServer$Division (RaftServerImpl.java:start(296)) - feac8f5a-1b39-4e45-882b-39b2a71e70b7@group-D2D68E1C8E59: start as a follower, conf=-1: [feac8f5a-1b39-4e45-882b-39b2a71e70b7|rpc:10.1.0.63:43083|dataStream:|priority:0, 87f05fb4-46b8-4bb5-a197-7bc4b26914eb|rpc:10.1.0.63:44187|dataStream:|priority:1, b0d4646c-0fcd-42fc-b255-eb3c3c8c3636|rpc:10.1.0.63:45237|dataStream:|priority:0], old=null
2021-08-26 18:39:53,774 [pool-516-thread-1] INFO  server.RaftServer$Division (RaftServerImpl.java:setRole(285)) - feac8f5a-1b39-4e45-882b-39b2a71e70b7@group-D2D68E1C8E59: changes role from      null to FOLLOWER at term 0 for startAsFollower
2021-08-26 18:39:53,774 [pool-516-thread-1] INFO  impl.RoleInfo (RoleInfo.java:updateAndGet(130)) - feac8f5a-1b39-4e45-882b-39b2a71e70b7: start feac8f5a-1b39-4e45-882b-39b2a71e70b7@group-D2D68E1C8E59-FollowerState
2021-08-26 18:39:53,781 [pool-516-thread-1] INFO  util.JmxRegister (JmxRegister.java:tryRegister(44)) - Successfully registered JMX Bean with object name Ratis:service=RaftServer,group=group-D2D68E1C8E59,id=feac8f5a-1b39-4e45-882b-39b2a71e70b7
2021-08-26 18:39:53,795 [Datanode State Machine Thread - 0] WARN  statemachine.StateContext (StateContext.java:execute(621)) - No available thread in pool for past 1 seconds.
2021-08-26 18:39:53,822 [grpc-default-executor-2] INFO  server.RaftServer (RaftServerProxy.java:addNew(95)) - 87f05fb4-46b8-4bb5-a197-7bc4b26914eb: addNew group-D2D68E1C8E59:[feac8f5a-1b39-4e45-882b-39b2a71e70b7|rpc:10.1.0.63:43083|dataStream:|priority:0, 87f05fb4-46b8-4bb5-a197-7bc4b26914eb|rpc:10.1.0.63:44187|dataStream:|priority:1, b0d4646c-0fcd-42fc-b255-eb3c3c8c3636|rpc:10.1.0.63:45237|dataStream:|priority:0] returns group-D2D68E1C8E59:java.util.concurrent.CompletableFuture@611bd643[Not completed]
2021-08-26 18:39:53,823 [pool-535-thread-1] INFO  server.RaftServer$Division (RaftServerImpl.java:<init>(181)) - 87f05fb4-46b8-4bb5-a197-7bc4b26914eb: new RaftServerImpl for group-D2D68E1C8E59:[feac8f5a-1b39-4e45-882b-39b2a71e70b7|rpc:10.1.0.63:43083|dataStream:|priority:0, 87f05fb4-46b8-4bb5-a197-7bc4b26914eb|rpc:10.1.0.63:44187|dataStream:|priority:1, b0d4646c-0fcd-42fc-b255-eb3c3c8c3636|rpc:10.1.0.63:45237|dataStream:|priority:0] with ContainerStateMachine:uninitialized
2021-08-26 18:39:53,823 [pool-535-thread-1] INFO  server.RaftServerConfigKeys (ConfUtils.java:logGet(44)) - raft.server.rpc.timeout.min = 5s (custom)
2021-08-26 18:39:53,823 [pool-535-thread-1] INFO  server.RaftServerConfigKeys (ConfUtils.java:logGet(44)) - raft.server.rpc.timeout.max = 5200ms (custom)
2021-08-26 18:39:53,823 [pool-535-thread-1] INFO  server.RaftServerConfigKeys (ConfUtils.java:logGet(44)) - raft.server.rpc.sleep.time = 25ms (default)
2021-08-26 18:39:53,823 [pool-535-thread-1] INFO  server.RaftServerConfigKeys (ConfUtils.java:logGet(44)) - raft.server.rpc.slowness.timeout = 300000ms (custom)
2021-08-26 18:39:53,823 [pool-535-thread-1] INFO  server.RaftServerConfigKeys (ConfUtils.java:logGet(44)) - raft.server.leaderelection.leader.step-down.wait-time = 10s (default)
2021-08-26 18:39:53,823 [pool-535-thread-1] INFO  server.RaftServerConfigKeys (ConfUtils.java:logGet(44)) - raft.server.sleep.deviation.threshold = 300ms (default)
2021-08-26 18:39:53,823 [pool-535-thread-1] INFO  server.RaftServerConfigKeys (ConfUtils.java:logGet(44)) - raft.server.log.appender.install.snapshot.enabled = false (custom)
2021-08-26 18:39:53,823 [pool-535-thread-1] INFO  server.RaftServer$Division (ServerState.java:<init>(105)) - 87f05fb4-46b8-4bb5-a197-7bc4b26914eb@group-D2D68E1C8E59: ConfigurationManager, init=-1: [feac8f5a-1b39-4e45-882b-39b2a71e70b7|rpc:10.1.0.63:43083|dataStream:|priority:0, 87f05fb4-46b8-4bb5-a197-7bc4b26914eb|rpc:10.1.0.63:44187|dataStream:|priority:1, b0d4646c-0fcd-42fc-b255-eb3c3c8c3636|rpc:10.1.0.63:45237|dataStream:|priority:0], old=null, confs=<EMPTY_MAP>
2021-08-26 18:39:53,823 [pool-535-thread-1] INFO  server.RaftServerConfigKeys (ConfUtils.java:logGet(44)) - raft.server.storage.dir = [/home/runner/work/ozone/ozone/hadoop-ozone/integration-test/target/test-dir/MiniOzoneClusterImpl-7287d2d4-454f-4da5-bbdc-7dc3b2fb158b/datanode-2/data/ratis] (custom)
2021-08-26 18:39:53,824 [pool-535-thread-1] INFO  server.RaftServerConfigKeys (ConfUtils.java:logGet(44)) - raft.server.log.corruption.policy = EXCEPTION (default)
2021-08-26 18:39:53,824 [pool-535-thread-1] INFO  server.RaftServerConfigKeys (ConfUtils.java:logGet(44)) - raft.server.storage.free-space.min = 0MB (=0) (default)
2021-08-26 18:39:53,824 [pool-535-thread-1] INFO  storage.RaftStorageDirectory (RaftStorageDirectoryImpl.java:analyzeStorage(135)) - The storage directory /home/runner/work/ozone/ozone/hadoop-ozone/integration-test/target/test-dir/MiniOzoneClusterImpl-7287d2d4-454f-4da5-bbdc-7dc3b2fb158b/datanode-2/data/ratis/2466034c-f8ae-4bff-8a7c-d2d68e1c8e59 does not exist. Creating ...
2021-08-26 18:39:53,845 [pool-535-thread-1] INFO  storage.RaftStorageDirectory (RaftStorageDirectoryImpl.java:tryLock(230)) - Lock on /home/runner/work/ozone/ozone/hadoop-ozone/integration-test/target/test-dir/MiniOzoneClusterImpl-7287d2d4-454f-4da5-bbdc-7dc3b2fb158b/datanode-2/data/ratis/2466034c-f8ae-4bff-8a7c-d2d68e1c8e59/in_use.lock acquired by nodename 22608@fv-az184-233
2021-08-26 18:39:53,853 [pool-535-thread-1] INFO  storage.RaftStorage (RaftStorageImpl.java:format(89)) - Storage directory /home/runner/work/ozone/ozone/hadoop-ozone/integration-test/target/test-dir/MiniOzoneClusterImpl-7287d2d4-454f-4da5-bbdc-7dc3b2fb158b/datanode-2/data/ratis/2466034c-f8ae-4bff-8a7c-d2d68e1c8e59 has been successfully formatted.
2021-08-26 18:39:53,853 [pool-535-thread-1] INFO  ratis.ContainerStateMachine (ContainerStateMachine.java:loadSnapshot(224)) - group-D2D68E1C8E59: The snapshot info is null. Setting the last applied indexto:(t:0, i:~)
2021-08-26 18:39:53,853 [pool-535-thread-1] INFO  server.RaftServerConfigKeys (ConfUtils.java:logGet(44)) - raft.server.notification.no-leader.timeout = 300000ms (custom)
2021-08-26 18:39:53,853 [pool-535-thread-1] INFO  server.RaftServerConfigKeys (ConfUtils.java:logGet(44)) - raft.server.log.use.memory = false (default)
2021-08-26 18:39:53,853 [pool-535-thread-1] INFO  server.RaftServerConfigKeys (ConfUtils.java:logGet(44)) - raft.server.log.purge.gap = 1000000 (custom)
2021-08-26 18:39:53,853 [pool-535-thread-1] INFO  server.RaftServerConfigKeys (ConfUtils.java:logGet(44)) - raft.server.log.appender.buffer.byte-limit = 33554432 (custom)
2021-08-26 18:39:53,853 [pool-535-thread-1] INFO  server.RaftServerConfigKeys (ConfUtils.java:logGet(44)) - raft.server.log.segment.size.max = 1048576 (custom)
2021-08-26 18:39:53,854 [pool-535-thread-1] INFO  server.RaftServerConfigKeys (ConfUtils.java:logGet(44)) - raft.server.log.segment.cache.num.max = 2 (custom)
2021-08-26 18:39:53,854 [pool-535-thread-1] INFO  server.RaftServerConfigKeys (ConfUtils.java:logGet(44)) - raft.server.log.segment.cache.size.max = 200MB (=209715200) (default)
2021-08-26 18:39:53,854 [pool-535-thread-1] INFO  segmented.SegmentedRaftLogWorker (SegmentedRaftLogWorker.java:<init>(182)) - new 87f05fb4-46b8-4bb5-a197-7bc4b26914eb@group-D2D68E1C8E59-SegmentedRaftLogWorker for RaftStorageImpl:Storage Directory /home/runner/work/ozone/ozone/hadoop-ozone/integration-test/target/test-dir/MiniOzoneClusterImpl-7287d2d4-454f-4da5-bbdc-7dc3b2fb158b/datanode-2/data/ratis/2466034c-f8ae-4bff-8a7c-d2d68e1c8e59
2021-08-26 18:39:53,854 [pool-535-thread-1] INFO  server.RaftServerConfigKeys (ConfUtils.java:logGet(44)) - raft.server.log.queue.byte-limit = 2147483647 (custom)
2021-08-26 18:39:53,854 [pool-535-thread-1] INFO  server.RaftServerConfigKeys (ConfUtils.java:logGet(44)) - raft.server.log.queue.element-limit = 1024 (custom)
2021-08-26 18:39:53,854 [pool-535-thread-1] INFO  server.RaftServerConfigKeys (ConfUtils.java:logGet(44)) - raft.server.log.segment.size.max = 1048576 (custom)
2021-08-26 18:39:53,854 [pool-535-thread-1] INFO  server.RaftServerConfigKeys (ConfUtils.java:logGet(44)) - raft.server.log.preallocated.size = 16384 (custom)
2021-08-26 18:39:53,854 [pool-535-thread-1] INFO  server.RaftServerConfigKeys (ConfUtils.java:logGet(44)) - raft.server.log.force.sync.num = 128 (default)
2021-08-26 18:39:53,854 [pool-535-thread-1] INFO  server.RaftServerConfigKeys (ConfUtils.java:logGet(44)) - raft.server.log.statemachine.data.sync = true (default)
2021-08-26 18:39:53,854 [pool-535-thread-1] INFO  server.RaftServerConfigKeys (ConfUtils.java:logGet(44)) - raft.server.log.statemachine.data.sync.timeout = 10s (default)
2021-08-26 18:39:53,854 [pool-535-thread-1] INFO  server.RaftServerConfigKeys (ConfUtils.java:logGet(44)) - raft.server.log.statemachine.data.sync.timeout.retry = -1 (default)
2021-08-26 18:39:53,873 [pool-535-thread-1] INFO  server.RaftServerConfigKeys (ConfUtils.java:logGet(44)) - raft.server.log.write.buffer.size = 1048576 (custom)
2021-08-26 18:39:53,873 [pool-535-thread-1] INFO  server.RaftServerConfigKeys (ConfUtils.java:logGet(44)) - raft.server.log.statemachine.data.caching.enabled = true (custom)
2021-08-26 18:39:53,873 [pool-535-thread-1] INFO  segmented.SegmentedRaftLogWorker (SegmentedRaftLogWorker.java:lambda$new$0(133)) - 87f05fb4-46b8-4bb5-a197-7bc4b26914eb@group-D2D68E1C8E59-SegmentedRaftLogWorker: flushIndex: setUnconditionally 0 -> -1
2021-08-26 18:39:53,873 [pool-535-thread-1] INFO  segmented.SegmentedRaftLogWorker (SegmentedRaftLogWorker.java:lambda$new$0(133)) - 87f05fb4-46b8-4bb5-a197-7bc4b26914eb@group-D2D68E1C8E59-SegmentedRaftLogWorker: safeCacheEvictIndex: setUnconditionally 0 -> -1
2021-08-26 18:39:53,891 [pool-535-thread-1] INFO  server.RaftServerConfigKeys (ConfUtils.java:logGet(44)) - raft.server.snapshot.auto.trigger.enabled = true (custom)
2021-08-26 18:39:53,891 [pool-535-thread-1] INFO  server.RaftServerConfigKeys (ConfUtils.java:logGet(44)) - raft.server.snapshot.auto.trigger.threshold = 10000 (custom)
2021-08-26 18:39:53,891 [pool-535-thread-1] INFO  server.RaftServerConfigKeys (ConfUtils.java:logGet(44)) - raft.server.snapshot.retention.file.num = 5 (custom)
2021-08-26 18:39:53,891 [pool-535-thread-1] INFO  server.RaftServerConfigKeys (ConfUtils.java:logGet(44)) - raft.server.log.purge.upto.snapshot.index = false (default)
2021-08-26 18:39:53,891 [pool-535-thread-1] INFO  server.RaftServerConfigKeys (ConfUtils.java:logGet(44)) - raft.server.retrycache.expirytime = 600000ms (custom)
2021-08-26 18:39:53,892 [pool-535-thread-1] INFO  server.RaftServerConfigKeys (ConfUtils.java:logGet(44)) - raft.server.retrycache.statistics.expirytime = 100μs (default)
2021-08-26 18:39:53,893 [pool-535-thread-1] INFO  server.RaftServer$Division (RaftServerImpl.java:start(296)) - 87f05fb4-46b8-4bb5-a197-7bc4b26914eb@group-D2D68E1C8E59: start as a follower, conf=-1: [feac8f5a-1b39-4e45-882b-39b2a71e70b7|rpc:10.1.0.63:43083|dataStream:|priority:0, 87f05fb4-46b8-4bb5-a197-7bc4b26914eb|rpc:10.1.0.63:44187|dataStream:|priority:1, b0d4646c-0fcd-42fc-b255-eb3c3c8c3636|rpc:10.1.0.63:45237|dataStream:|priority:0], old=null
2021-08-26 18:39:53,893 [pool-535-thread-1] INFO  server.RaftServer$Division (RaftServerImpl.java:setRole(285)) - 87f05fb4-46b8-4bb5-a197-7bc4b26914eb@group-D2D68E1C8E59: changes role from      null to FOLLOWER at term 0 for startAsFollower
2021-08-26 18:39:53,893 [pool-535-thread-1] INFO  impl.RoleInfo (RoleInfo.java:updateAndGet(130)) - 87f05fb4-46b8-4bb5-a197-7bc4b26914eb: start 87f05fb4-46b8-4bb5-a197-7bc4b26914eb@group-D2D68E1C8E59-FollowerState
2021-08-26 18:39:53,903 [pool-535-thread-1] INFO  util.JmxRegister (JmxRegister.java:tryRegister(44)) - Successfully registered JMX Bean with object name Ratis:service=RaftServer,group=group-D2D68E1C8E59,id=87f05fb4-46b8-4bb5-a197-7bc4b26914eb
2021-08-26 18:39:53,941 [Command processor thread] INFO  commandhandler.CreatePipelineCommandHandler (CreatePipelineCommandHandler.java:handle(106)) - Created Pipeline RATIS THREE PipelineID=2466034c-f8ae-4bff-8a7c-d2d68e1c8e59.
2021-08-26 18:39:53,976 [Command processor thread] INFO  server.RaftServer (RaftServerProxy.java:addNew(95)) - b0d4646c-0fcd-42fc-b255-eb3c3c8c3636: addNew group-D6CBFFE24189:[feac8f5a-1b39-4e45-882b-39b2a71e70b7|rpc:10.1.0.63:43083|priority:0, 87f05fb4-46b8-4bb5-a197-7bc4b26914eb|rpc:10.1.0.63:44187|priority:0, b0d4646c-0fcd-42fc-b255-eb3c3c8c3636|rpc:10.1.0.63:45237|priority:1] returns group-D6CBFFE24189:java.util.concurrent.CompletableFuture@745dd547[Not completed]
2021-08-26 18:39:54,119 [pool-497-thread-1] INFO  server.RaftServer$Division (RaftServerImpl.java:<init>(181)) - b0d4646c-0fcd-42fc-b255-eb3c3c8c3636: new RaftServerImpl for group-D6CBFFE24189:[feac8f5a-1b39-4e45-882b-39b2a71e70b7|rpc:10.1.0.63:43083|priority:0, 87f05fb4-46b8-4bb5-a197-7bc4b26914eb|rpc:10.1.0.63:44187|priority:0, b0d4646c-0fcd-42fc-b255-eb3c3c8c3636|rpc:10.1.0.63:45237|priority:1] with ContainerStateMachine:uninitialized
2021-08-26 18:39:54,120 [pool-497-thread-1] INFO  server.RaftServerConfigKeys (ConfUtils.java:logGet(44)) - raft.server.rpc.timeout.min = 5s (custom)
2021-08-26 18:39:54,120 [pool-497-thread-1] INFO  server.RaftServerConfigKeys (ConfUtils.java:logGet(44)) - raft.server.rpc.timeout.max = 5200ms (custom)
2021-08-26 18:39:54,120 [pool-497-thread-1] INFO  server.RaftServerConfigKeys (ConfUtils.java:logGet(44)) - raft.server.rpc.sleep.time = 25ms (default)
2021-08-26 18:39:54,120 [pool-497-thread-1] INFO  server.RaftServerConfigKeys (ConfUtils.java:logGet(44)) - raft.server.rpc.slowness.timeout = 300000ms (custom)
2021-08-26 18:39:54,120 [pool-497-thread-1] INFO  server.RaftServerConfigKeys (ConfUtils.java:logGet(44)) - raft.server.leaderelection.leader.step-down.wait-time = 10s (default)
2021-08-26 18:39:54,120 [pool-497-thread-1] INFO  server.RaftServerConfigKeys (ConfUtils.java:logGet(44)) - raft.server.sleep.deviation.threshold = 300ms (default)
2021-08-26 18:39:54,120 [pool-497-thread-1] INFO  server.RaftServerConfigKeys (ConfUtils.java:logGet(44)) - raft.server.log.appender.install.snapshot.enabled = false (custom)
2021-08-26 18:39:54,120 [pool-497-thread-1] INFO  server.RaftServer$Division (ServerState.java:<init>(105)) - b0d4646c-0fcd-42fc-b255-eb3c3c8c3636@group-D6CBFFE24189: ConfigurationManager, init=-1: [feac8f5a-1b39-4e45-882b-39b2a71e70b7|rpc:10.1.0.63:43083|priority:0, 87f05fb4-46b8-4bb5-a197-7bc4b26914eb|rpc:10.1.0.63:44187|priority:0, b0d4646c-0fcd-42fc-b255-eb3c3c8c3636|rpc:10.1.0.63:45237|priority:1], old=null, confs=<EMPTY_MAP>
2021-08-26 18:39:54,120 [pool-497-thread-1] INFO  server.RaftServerConfigKeys (ConfUtils.java:logGet(44)) - raft.server.storage.dir = [/home/runner/work/ozone/ozone/hadoop-ozone/integration-test/target/test-dir/MiniOzoneClusterImpl-7287d2d4-454f-4da5-bbdc-7dc3b2fb158b/datanode-0/data/ratis] (custom)
2021-08-26 18:39:54,120 [pool-497-thread-1] INFO  server.RaftServerConfigKeys (ConfUtils.java:logGet(44)) - raft.server.log.corruption.policy = EXCEPTION (default)
2021-08-26 18:39:54,120 [pool-497-thread-1] INFO  server.RaftServerConfigKeys (ConfUtils.java:logGet(44)) - raft.server.storage.free-space.min = 0MB (=0) (default)
2021-08-26 18:39:54,121 [pool-497-thread-1] INFO  storage.RaftStorageDirectory (RaftStorageDirectoryImpl.java:analyzeStorage(135)) - The storage directory /home/runner/work/ozone/ozone/hadoop-ozone/integration-test/target/test-dir/MiniOzoneClusterImpl-7287d2d4-454f-4da5-bbdc-7dc3b2fb158b/datanode-0/data/ratis/add1658b-e2b5-4f06-8c7a-d6cbffe24189 does not exist. Creating ...
2021-08-26 18:39:54,163 [pool-497-thread-1] INFO  storage.RaftStorageDirectory (RaftStorageDirectoryImpl.java:tryLock(230)) - Lock on /home/runner/work/ozone/ozone/hadoop-ozone/integration-test/target/test-dir/MiniOzoneClusterImpl-7287d2d4-454f-4da5-bbdc-7dc3b2fb158b/datanode-0/data/ratis/add1658b-e2b5-4f06-8c7a-d6cbffe24189/in_use.lock acquired by nodename 22608@fv-az184-233
2021-08-26 18:39:54,176 [pool-497-thread-1] INFO  storage.RaftStorage (RaftStorageImpl.java:format(89)) - Storage directory /home/runner/work/ozone/ozone/hadoop-ozone/integration-test/target/test-dir/MiniOzoneClusterImpl-7287d2d4-454f-4da5-bbdc-7dc3b2fb158b/datanode-0/data/ratis/add1658b-e2b5-4f06-8c7a-d6cbffe24189 has been successfully formatted.
2021-08-26 18:39:54,177 [pool-497-thread-1] INFO  ratis.ContainerStateMachine (ContainerStateMachine.java:loadSnapshot(224)) - group-D6CBFFE24189: The snapshot info is null. Setting the last applied indexto:(t:0, i:~)
2021-08-26 18:39:54,177 [pool-497-thread-1] INFO  server.RaftServerConfigKeys (ConfUtils.java:logGet(44)) - raft.server.notification.no-leader.timeout = 300000ms (custom)
2021-08-26 18:39:54,177 [pool-497-thread-1] INFO  server.RaftServerConfigKeys (ConfUtils.java:logGet(44)) - raft.server.log.use.memory = false (default)
2021-08-26 18:39:54,177 [pool-497-thread-1] INFO  server.RaftServerConfigKeys (ConfUtils.java:logGet(44)) - raft.server.log.purge.gap = 1000000 (custom)
2021-08-26 18:39:54,177 [pool-497-thread-1] INFO  server.RaftServerConfigKeys (ConfUtils.java:logGet(44)) - raft.server.log.appender.buffer.byte-limit = 33554432 (custom)
2021-08-26 18:39:54,177 [pool-497-thread-1] INFO  server.RaftServerConfigKeys (ConfUtils.java:logGet(44)) - raft.server.log.segment.size.max = 1048576 (custom)
2021-08-26 18:39:54,178 [pool-497-thread-1] INFO  server.RaftServerConfigKeys (ConfUtils.java:logGet(44)) - raft.server.log.segment.cache.num.max = 2 (custom)
2021-08-26 18:39:54,178 [pool-497-thread-1] INFO  server.RaftServerConfigKeys (ConfUtils.java:logGet(44)) - raft.server.log.segment.cache.size.max = 200MB (=209715200) (default)
2021-08-26 18:39:54,178 [pool-497-thread-1] INFO  segmented.SegmentedRaftLogWorker (SegmentedRaftLogWorker.java:<init>(182)) - new b0d4646c-0fcd-42fc-b255-eb3c3c8c3636@group-D6CBFFE24189-SegmentedRaftLogWorker for RaftStorageImpl:Storage Directory /home/runner/work/ozone/ozone/hadoop-ozone/integration-test/target/test-dir/MiniOzoneClusterImpl-7287d2d4-454f-4da5-bbdc-7dc3b2fb158b/datanode-0/data/ratis/add1658b-e2b5-4f06-8c7a-d6cbffe24189
2021-08-26 18:39:54,178 [pool-497-thread-1] INFO  server.RaftServerConfigKeys (ConfUtils.java:logGet(44)) - raft.server.log.queue.byte-limit = 2147483647 (custom)
2021-08-26 18:39:54,178 [pool-497-thread-1] INFO  server.RaftServerConfigKeys (ConfUtils.java:logGet(44)) - raft.server.log.queue.element-limit = 1024 (custom)
2021-08-26 18:39:54,178 [pool-497-thread-1] INFO  server.RaftServerConfigKeys (ConfUtils.java:logGet(44)) - raft.server.log.segment.size.max = 1048576 (custom)
2021-08-26 18:39:54,178 [pool-497-thread-1] INFO  server.RaftServerConfigKeys (ConfUtils.java:logGet(44)) - raft.server.log.preallocated.size = 16384 (custom)
2021-08-26 18:39:54,178 [pool-497-thread-1] INFO  server.RaftServerConfigKeys (ConfUtils.java:logGet(44)) - raft.server.log.force.sync.num = 128 (default)
2021-08-26 18:39:54,178 [pool-497-thread-1] INFO  server.RaftServerConfigKeys (ConfUtils.java:logGet(44)) - raft.server.log.statemachine.data.sync = true (default)
2021-08-26 18:39:54,178 [pool-497-thread-1] INFO  server.RaftServerConfigKeys (ConfUtils.java:logGet(44)) - raft.server.log.statemachine.data.sync.timeout = 10s (default)
2021-08-26 18:39:54,178 [pool-497-thread-1] INFO  server.RaftServerConfigKeys (ConfUtils.java:logGet(44)) - raft.server.log.statemachine.data.sync.timeout.retry = -1 (default)
2021-08-26 18:39:54,178 [Datanode State Machine Thread - 0] WARN  statemachine.StateContext (StateContext.java:execute(621)) - No available thread in pool for past 1 seconds.
2021-08-26 18:39:54,179 [EventQueue-OpenPipelineForHealthyPipelineSafeModeRule] INFO  safemode.SCMSafeModeManager (HealthyPipelineSafeModeRule.java:process(124)) - SCM in safe mode. Healthy pipelines reported count is 0, required healthy pipeline reported count is 1
2021-08-26 18:39:54,180 [pool-497-thread-1] INFO  server.RaftServerConfigKeys (ConfUtils.java:logGet(44)) - raft.server.log.write.buffer.size = 1048576 (custom)
2021-08-26 18:39:54,181 [pool-497-thread-1] INFO  server.RaftServerConfigKeys (ConfUtils.java:logGet(44)) - raft.server.log.statemachine.data.caching.enabled = true (custom)
2021-08-26 18:39:54,181 [pool-497-thread-1] INFO  segmented.SegmentedRaftLogWorker (SegmentedRaftLogWorker.java:lambda$new$0(133)) - b0d4646c-0fcd-42fc-b255-eb3c3c8c3636@group-D6CBFFE24189-SegmentedRaftLogWorker: flushIndex: setUnconditionally 0 -> -1
2021-08-26 18:39:54,181 [pool-497-thread-1] INFO  segmented.SegmentedRaftLogWorker (SegmentedRaftLogWorker.java:lambda$new$0(133)) - b0d4646c-0fcd-42fc-b255-eb3c3c8c3636@group-D6CBFFE24189-SegmentedRaftLogWorker: safeCacheEvictIndex: setUnconditionally 0 -> -1
2021-08-26 18:39:54,187 [Command processor thread] INFO  server.RaftServer (RaftServerProxy.java:addNew(95)) - feac8f5a-1b39-4e45-882b-39b2a71e70b7: addNew group-644ACEFF5726:[feac8f5a-1b39-4e45-882b-39b2a71e70b7|rpc:10.1.0.63:43083|priority:1] returns group-644ACEFF5726:java.util.concurrent.CompletableFuture@13988d13[Not completed]
2021-08-26 18:39:54,187 [pool-497-thread-1] INFO  server.RaftServerConfigKeys (ConfUtils.java:logGet(44)) - raft.server.snapshot.auto.trigger.enabled = true (custom)
2021-08-26 18:39:54,187 [pool-497-thread-1] INFO  server.RaftServerConfigKeys (ConfUtils.java:logGet(44)) - raft.server.snapshot.auto.trigger.threshold = 10000 (custom)
2021-08-26 18:39:54,187 [pool-497-thread-1] INFO  server.RaftServerConfigKeys (ConfUtils.java:logGet(44)) - raft.server.snapshot.retention.file.num = 5 (custom)
2021-08-26 18:39:54,187 [pool-497-thread-1] INFO  server.RaftServerConfigKeys (ConfUtils.java:logGet(44)) - raft.server.log.purge.upto.snapshot.index = false (default)
2021-08-26 18:39:54,187 [pool-497-thread-1] INFO  server.RaftServerConfigKeys (ConfUtils.java:logGet(44)) - raft.server.retrycache.expirytime = 600000ms (custom)
2021-08-26 18:39:54,187 [pool-497-thread-1] INFO  server.RaftServerConfigKeys (ConfUtils.java:logGet(44)) - raft.server.retrycache.statistics.expirytime = 100μs (default)
2021-08-26 18:39:54,187 [pool-516-thread-1] INFO  server.RaftServer$Division (RaftServerImpl.java:<init>(181)) - feac8f5a-1b39-4e45-882b-39b2a71e70b7: new RaftServerImpl for group-644ACEFF5726:[feac8f5a-1b39-4e45-882b-39b2a71e70b7|rpc:10.1.0.63:43083|priority:1] with ContainerStateMachine:uninitialized
2021-08-26 18:39:54,187 [pool-516-thread-1] INFO  server.RaftServerConfigKeys (ConfUtils.java:logGet(44)) - raft.server.rpc.timeout.min = 5s (custom)
2021-08-26 18:39:54,187 [pool-516-thread-1] INFO  server.RaftServerConfigKeys (ConfUtils.java:logGet(44)) - raft.server.rpc.timeout.max = 5200ms (custom)
2021-08-26 18:39:54,187 [pool-516-thread-1] INFO  server.RaftServerConfigKeys (ConfUtils.java:logGet(44)) - raft.server.rpc.sleep.time = 25ms (default)
2021-08-26 18:39:54,187 [pool-516-thread-1] INFO  server.RaftServerConfigKeys (ConfUtils.java:logGet(44)) - raft.server.rpc.slowness.timeout = 300000ms (custom)
2021-08-26 18:39:54,188 [pool-516-thread-1] INFO  server.RaftServerConfigKeys (ConfUtils.java:logGet(44)) - raft.server.leaderelection.leader.step-down.wait-time = 10s (default)
2021-08-26 18:39:54,188 [pool-516-thread-1] INFO  server.RaftServerConfigKeys (ConfUtils.java:logGet(44)) - raft.server.sleep.deviation.threshold = 300ms (default)
2021-08-26 18:39:54,188 [pool-516-thread-1] INFO  server.RaftServerConfigKeys (ConfUtils.java:logGet(44)) - raft.server.log.appender.install.snapshot.enabled = false (custom)
2021-08-26 18:39:54,188 [pool-516-thread-1] INFO  server.RaftServer$Division (ServerState.java:<init>(105)) - feac8f5a-1b39-4e45-882b-39b2a71e70b7@group-644ACEFF5726: ConfigurationManager, init=-1: [feac8f5a-1b39-4e45-882b-39b2a71e70b7|rpc:10.1.0.63:43083|priority:1], old=null, confs=<EMPTY_MAP>
2021-08-26 18:39:54,188 [pool-516-thread-1] INFO  server.RaftServerConfigKeys (ConfUtils.java:logGet(44)) - raft.server.storage.dir = [/home/runner/work/ozone/ozone/hadoop-ozone/integration-test/target/test-dir/MiniOzoneClusterImpl-7287d2d4-454f-4da5-bbdc-7dc3b2fb158b/datanode-1/data/ratis] (custom)
2021-08-26 18:39:54,188 [pool-516-thread-1] INFO  server.RaftServerConfigKeys (ConfUtils.java:logGet(44)) - raft.server.log.corruption.policy = EXCEPTION (default)
2021-08-26 18:39:54,188 [pool-516-thread-1] INFO  server.RaftServerConfigKeys (ConfUtils.java:logGet(44)) - raft.server.storage.free-space.min = 0MB (=0) (default)
2021-08-26 18:39:54,188 [pool-516-thread-1] INFO  storage.RaftStorageDirectory (RaftStorageDirectoryImpl.java:analyzeStorage(135)) - The storage directory /home/runner/work/ozone/ozone/hadoop-ozone/integration-test/target/test-dir/MiniOzoneClusterImpl-7287d2d4-454f-4da5-bbdc-7dc3b2fb158b/datanode-1/data/ratis/fb683fb8-b5e1-4085-a398-644aceff5726 does not exist. Creating ...
2021-08-26 18:39:54,190 [pool-497-thread-1] INFO  server.RaftServer$Division (RaftServerImpl.java:start(296)) - b0d4646c-0fcd-42fc-b255-eb3c3c8c3636@group-D6CBFFE24189: start as a follower, conf=-1: [feac8f5a-1b39-4e45-882b-39b2a71e70b7|rpc:10.1.0.63:43083|priority:0, 87f05fb4-46b8-4bb5-a197-7bc4b26914eb|rpc:10.1.0.63:44187|priority:0, b0d4646c-0fcd-42fc-b255-eb3c3c8c3636|rpc:10.1.0.63:45237|priority:1], old=null
2021-08-26 18:39:54,190 [pool-497-thread-1] INFO  server.RaftServer$Division (RaftServerImpl.java:setRole(285)) - b0d4646c-0fcd-42fc-b255-eb3c3c8c3636@group-D6CBFFE24189: changes role from      null to FOLLOWER at term 0 for startAsFollower
2021-08-26 18:39:54,190 [pool-497-thread-1] INFO  impl.RoleInfo (RoleInfo.java:updateAndGet(130)) - b0d4646c-0fcd-42fc-b255-eb3c3c8c3636: start b0d4646c-0fcd-42fc-b255-eb3c3c8c3636@group-D6CBFFE24189-FollowerState
2021-08-26 18:39:54,191 [pool-497-thread-1] INFO  util.JmxRegister (JmxRegister.java:tryRegister(44)) - Successfully registered JMX Bean with object name Ratis:service=RaftServer,group=group-D6CBFFE24189,id=b0d4646c-0fcd-42fc-b255-eb3c3c8c3636
2021-08-26 18:39:54,194 [pool-516-thread-1] INFO  storage.RaftStorageDirectory (RaftStorageDirectoryImpl.java:tryLock(230)) - Lock on /home/runner/work/ozone/ozone/hadoop-ozone/integration-test/target/test-dir/MiniOzoneClusterImpl-7287d2d4-454f-4da5-bbdc-7dc3b2fb158b/datanode-1/data/ratis/fb683fb8-b5e1-4085-a398-644aceff5726/in_use.lock acquired by nodename 22608@fv-az184-233
2021-08-26 18:39:54,195 [Command processor thread] INFO  ratis.XceiverServerRatis (XceiverServerRatis.java:addGroup(763)) - Created group PipelineID=add1658b-e2b5-4f06-8c7a-d6cbffe24189
2021-08-26 18:39:54,201 [pool-516-thread-1] INFO  storage.RaftStorage (RaftStorageImpl.java:format(89)) - Storage directory /home/runner/work/ozone/ozone/hadoop-ozone/integration-test/target/test-dir/MiniOzoneClusterImpl-7287d2d4-454f-4da5-bbdc-7dc3b2fb158b/datanode-1/data/ratis/fb683fb8-b5e1-4085-a398-644aceff5726 has been successfully formatted.
2021-08-26 18:39:54,202 [pool-516-thread-1] INFO  ratis.ContainerStateMachine (ContainerStateMachine.java:loadSnapshot(224)) - group-644ACEFF5726: The snapshot info is null. Setting the last applied indexto:(t:0, i:~)
2021-08-26 18:39:54,202 [pool-516-thread-1] INFO  server.RaftServerConfigKeys (ConfUtils.java:logGet(44)) - raft.server.notification.no-leader.timeout = 300000ms (custom)
2021-08-26 18:39:54,202 [pool-516-thread-1] INFO  server.RaftServerConfigKeys (ConfUtils.java:logGet(44)) - raft.server.log.use.memory = false (default)
2021-08-26 18:39:54,202 [pool-516-thread-1] INFO  server.RaftServerConfigKeys (ConfUtils.java:logGet(44)) - raft.server.log.purge.gap = 1000000 (custom)
2021-08-26 18:39:54,202 [pool-516-thread-1] INFO  server.RaftServerConfigKeys (ConfUtils.java:logGet(44)) - raft.server.log.appender.buffer.byte-limit = 33554432 (custom)
2021-08-26 18:39:54,202 [pool-516-thread-1] INFO  server.RaftServerConfigKeys (ConfUtils.java:logGet(44)) - raft.server.log.segment.size.max = 1048576 (custom)
2021-08-26 18:39:54,236 [pool-516-thread-1] INFO  server.RaftServerConfigKeys (ConfUtils.java:logGet(44)) - raft.server.log.segment.cache.num.max = 2 (custom)
2021-08-26 18:39:54,236 [pool-516-thread-1] INFO  server.RaftServerConfigKeys (ConfUtils.java:logGet(44)) - raft.server.log.segment.cache.size.max = 200MB (=209715200) (default)
2021-08-26 18:39:54,236 [pool-516-thread-1] INFO  segmented.SegmentedRaftLogWorker (SegmentedRaftLogWorker.java:<init>(182)) - new feac8f5a-1b39-4e45-882b-39b2a71e70b7@group-644ACEFF5726-SegmentedRaftLogWorker for RaftStorageImpl:Storage Directory /home/runner/work/ozone/ozone/hadoop-ozone/integration-test/target/test-dir/MiniOzoneClusterImpl-7287d2d4-454f-4da5-bbdc-7dc3b2fb158b/datanode-1/data/ratis/fb683fb8-b5e1-4085-a398-644aceff5726
2021-08-26 18:39:54,236 [pool-516-thread-1] INFO  server.RaftServerConfigKeys (ConfUtils.java:logGet(44)) - raft.server.log.queue.byte-limit = 2147483647 (custom)
2021-08-26 18:39:54,236 [pool-516-thread-1] INFO  server.RaftServerConfigKeys (ConfUtils.java:logGet(44)) - raft.server.log.queue.element-limit = 1024 (custom)
2021-08-26 18:39:54,236 [pool-516-thread-1] INFO  server.RaftServerConfigKeys (ConfUtils.java:logGet(44)) - raft.server.log.segment.size.max = 1048576 (custom)
2021-08-26 18:39:54,236 [pool-516-thread-1] INFO  server.RaftServerConfigKeys (ConfUtils.java:logGet(44)) - raft.server.log.preallocated.size = 16384 (custom)
2021-08-26 18:39:54,236 [pool-516-thread-1] INFO  server.RaftServerConfigKeys (ConfUtils.java:logGet(44)) - raft.server.log.force.sync.num = 128 (default)
2021-08-26 18:39:54,236 [pool-516-thread-1] INFO  server.RaftServerConfigKeys (ConfUtils.java:logGet(44)) - raft.server.log.statemachine.data.sync = true (default)
2021-08-26 18:39:54,236 [pool-516-thread-1] INFO  server.RaftServerConfigKeys (ConfUtils.java:logGet(44)) - raft.server.log.statemachine.data.sync.timeout = 10s (default)
2021-08-26 18:39:54,236 [pool-516-thread-1] INFO  server.RaftServerConfigKeys (ConfUtils.java:logGet(44)) - raft.server.log.statemachine.data.sync.timeout.retry = -1 (default)
2021-08-26 18:39:54,237 [pool-516-thread-1] INFO  server.RaftServerConfigKeys (ConfUtils.java:logGet(44)) - raft.server.log.write.buffer.size = 1048576 (custom)
2021-08-26 18:39:54,238 [pool-516-thread-1] INFO  server.RaftServerConfigKeys (ConfUtils.java:logGet(44)) - raft.server.log.statemachine.data.caching.enabled = true (custom)
2021-08-26 18:39:54,238 [pool-516-thread-1] INFO  segmented.SegmentedRaftLogWorker (SegmentedRaftLogWorker.java:lambda$new$0(133)) - feac8f5a-1b39-4e45-882b-39b2a71e70b7@group-644ACEFF5726-SegmentedRaftLogWorker: flushIndex: setUnconditionally 0 -> -1
2021-08-26 18:39:54,238 [pool-516-thread-1] INFO  segmented.SegmentedRaftLogWorker (SegmentedRaftLogWorker.java:lambda$new$0(133)) - feac8f5a-1b39-4e45-882b-39b2a71e70b7@group-644ACEFF5726-SegmentedRaftLogWorker: safeCacheEvictIndex: setUnconditionally 0 -> -1
2021-08-26 18:39:54,235 [Datanode State Machine Thread - 0] WARN  statemachine.StateContext (StateContext.java:execute(621)) - No available thread in pool for past 1 seconds.
2021-08-26 18:39:54,239 [EventQueue-PipelineReportForPipelineReportHandler] INFO  pipeline.PipelineManagerImpl (PipelineManagerImpl.java:openPipeline(282)) - Pipeline Pipeline[ Id: fb683fb8-b5e1-4085-a398-644aceff5726, Nodes: feac8f5a-1b39-4e45-882b-39b2a71e70b7{ip: 10.1.0.63, host: fv-az184-233.3ow45vhwbzuu5incsxmygykede.cx.internal.cloudapp.net, ports: [REPLICATION=40843, RATIS=43083, RATIS_ADMIN=43083, RATIS_SERVER=43083, STANDALONE=44649], networkLocation: /default-rack, certSerialId: null, persistedOpState: IN_SERVICE, persistedOpStateExpiryEpochSec: 0}, ReplicationConfig: RATIS/ONE, State:ALLOCATED, leaderId:feac8f5a-1b39-4e45-882b-39b2a71e70b7, CreationTimestamp2021-08-26T18:39:51.194Z[Etc/UTC]] moved to OPEN state
2021-08-26 18:39:54,239 [EventQueue-OpenPipelineForHealthyPipelineSafeModeRule] INFO  safemode.SCMSafeModeManager (HealthyPipelineSafeModeRule.java:process(124)) - SCM in safe mode. Healthy pipelines reported count is 0, required healthy pipeline reported count is 1
2021-08-26 18:39:54,224 [Listener at 127.0.0.1/40319] INFO  ozone.MiniOzoneClusterImpl (MiniOzoneClusterImpl.java:lambda$waitForClusterToBeReady$0(235)) - Waiting for nodes to be ready. Got 6 of 7 DN Heartbeats.
2021-08-26 18:39:54,240 [Listener at 127.0.0.1/40319] INFO  ozone.MiniOzoneClusterImpl (MiniOzoneClusterImpl.java:lambda$waitForClusterToBeReady$0(238)) - Waiting for cluster to exit safe mode
2021-08-26 18:39:54,240 [Listener at 127.0.0.1/40319] INFO  ozone.MiniOzoneClusterImpl (MiniOzoneClusterImpl.java:lambda$waitForClusterToBeReady$0(240)) - SCM became leader
2021-08-26 18:39:54,243 [pool-516-thread-1] INFO  server.RaftServerConfigKeys (ConfUtils.java:logGet(44)) - raft.server.snapshot.auto.trigger.enabled = true (custom)
2021-08-26 18:39:54,243 [pool-516-thread-1] INFO  server.RaftServerConfigKeys (ConfUtils.java:logGet(44)) - raft.server.snapshot.auto.trigger.threshold = 10000 (custom)
2021-08-26 18:39:54,243 [pool-516-thread-1] INFO  server.RaftServerConfigKeys (ConfUtils.java:logGet(44)) - raft.server.snapshot.retention.file.num = 5 (custom)
2021-08-26 18:39:54,243 [pool-516-thread-1] INFO  server.RaftServerConfigKeys (ConfUtils.java:logGet(44)) - raft.server.log.purge.upto.snapshot.index = false (default)
2021-08-26 18:39:54,243 [pool-516-thread-1] INFO  server.RaftServerConfigKeys (ConfUtils.java:logGet(44)) - raft.server.retrycache.expirytime = 600000ms (custom)
2021-08-26 18:39:54,243 [pool-516-thread-1] INFO  server.RaftServerConfigKeys (ConfUtils.java:logGet(44)) - raft.server.retrycache.statistics.expirytime = 100μs (default)
2021-08-26 18:39:54,245 [pool-516-thread-1] INFO  server.RaftServer$Division (RaftServerImpl.java:start(296)) - feac8f5a-1b39-4e45-882b-39b2a71e70b7@group-644ACEFF5726: start as a follower, conf=-1: [feac8f5a-1b39-4e45-882b-39b2a71e70b7|rpc:10.1.0.63:43083|priority:1], old=null
2021-08-26 18:39:54,245 [pool-516-thread-1] INFO  server.RaftServer$Division (RaftServerImpl.java:setRole(285)) - feac8f5a-1b39-4e45-882b-39b2a71e70b7@group-644ACEFF5726: changes role from      null to FOLLOWER at term 0 for startAsFollower
2021-08-26 18:39:54,245 [pool-516-thread-1] INFO  impl.RoleInfo (RoleInfo.java:updateAndGet(130)) - feac8f5a-1b39-4e45-882b-39b2a71e70b7: start feac8f5a-1b39-4e45-882b-39b2a71e70b7@group-644ACEFF5726-FollowerState
2021-08-26 18:39:54,245 [pool-516-thread-1] INFO  util.JmxRegister (JmxRegister.java:tryRegister(44)) - Successfully registered JMX Bean with object name Ratis:service=RaftServer,group=group-644ACEFF5726,id=feac8f5a-1b39-4e45-882b-39b2a71e70b7
2021-08-26 18:39:54,263 [Command processor thread] INFO  ratis.XceiverServerRatis (XceiverServerRatis.java:addGroup(763)) - Created group PipelineID=fb683fb8-b5e1-4085-a398-644aceff5726
2021-08-26 18:39:54,263 [Command processor thread] INFO  commandhandler.CreatePipelineCommandHandler (CreatePipelineCommandHandler.java:handle(106)) - Created Pipeline RATIS ONE PipelineID=fb683fb8-b5e1-4085-a398-644aceff5726.
2021-08-26 18:39:54,263 [Command processor thread] INFO  server.RaftServer (RaftServerProxy.java:addNew(95)) - feac8f5a-1b39-4e45-882b-39b2a71e70b7: addNew group-D6CBFFE24189:[feac8f5a-1b39-4e45-882b-39b2a71e70b7|rpc:10.1.0.63:43083|priority:0, 87f05fb4-46b8-4bb5-a197-7bc4b26914eb|rpc:10.1.0.63:44187|priority:0, b0d4646c-0fcd-42fc-b255-eb3c3c8c3636|rpc:10.1.0.63:45237|priority:1] returns group-D6CBFFE24189:java.util.concurrent.CompletableFuture@1d5f7110[Not completed]
2021-08-26 18:39:54,264 [pool-535-thread-1] INFO  server.RaftServer$Division (RaftServerImpl.java:<init>(181)) - 87f05fb4-46b8-4bb5-a197-7bc4b26914eb: new RaftServerImpl for group-D6CBFFE24189:[feac8f5a-1b39-4e45-882b-39b2a71e70b7|rpc:10.1.0.63:43083|dataStream:|priority:0, 87f05fb4-46b8-4bb5-a197-7bc4b26914eb|rpc:10.1.0.63:44187|dataStream:|priority:0, b0d4646c-0fcd-42fc-b255-eb3c3c8c3636|rpc:10.1.0.63:45237|dataStream:|priority:1] with ContainerStateMachine:uninitialized
2021-08-26 18:39:54,264 [pool-535-thread-1] INFO  server.RaftServerConfigKeys (ConfUtils.java:logGet(44)) - raft.server.rpc.timeout.min = 5s (custom)
2021-08-26 18:39:54,264 [pool-535-thread-1] INFO  server.RaftServerConfigKeys (ConfUtils.java:logGet(44)) - raft.server.rpc.timeout.max = 5200ms (custom)
2021-08-26 18:39:54,264 [pool-535-thread-1] INFO  server.RaftServerConfigKeys (ConfUtils.java:logGet(44)) - raft.server.rpc.sleep.time = 25ms (default)
2021-08-26 18:39:54,264 [pool-535-thread-1] INFO  server.RaftServerConfigKeys (ConfUtils.java:logGet(44)) - raft.server.rpc.slowness.timeout = 300000ms (custom)
2021-08-26 18:39:54,264 [pool-535-thread-1] INFO  server.RaftServerConfigKeys (ConfUtils.java:logGet(44)) - raft.server.leaderelection.leader.step-down.wait-time = 10s (default)
2021-08-26 18:39:54,264 [pool-535-thread-1] INFO  server.RaftServerConfigKeys (ConfUtils.java:logGet(44)) - raft.server.sleep.deviation.threshold = 300ms (default)
2021-08-26 18:39:54,264 [pool-535-thread-1] INFO  server.RaftServerConfigKeys (ConfUtils.java:logGet(44)) - raft.server.log.appender.install.snapshot.enabled = false (custom)
2021-08-26 18:39:54,264 [pool-535-thread-1] INFO  server.RaftServer$Division (ServerState.java:<init>(105)) - 87f05fb4-46b8-4bb5-a197-7bc4b26914eb@group-D6CBFFE24189: ConfigurationManager, init=-1: [feac8f5a-1b39-4e45-882b-39b2a71e70b7|rpc:10.1.0.63:43083|dataStream:|priority:0, 87f05fb4-46b8-4bb5-a197-7bc4b26914eb|rpc:10.1.0.63:44187|dataStream:|priority:0, b0d4646c-0fcd-42fc-b255-eb3c3c8c3636|rpc:10.1.0.63:45237|dataStream:|priority:1], old=null, confs=<EMPTY_MAP>
2021-08-26 18:39:54,264 [pool-535-thread-1] INFO  server.RaftServerConfigKeys (ConfUtils.java:logGet(44)) - raft.server.storage.dir = [/home/runner/work/ozone/ozone/hadoop-ozone/integration-test/target/test-dir/MiniOzoneClusterImpl-7287d2d4-454f-4da5-bbdc-7dc3b2fb158b/datanode-2/data/ratis] (custom)
2021-08-26 18:39:54,264 [pool-535-thread-1] INFO  server.RaftServerConfigKeys (ConfUtils.java:logGet(44)) - raft.server.log.corruption.policy = EXCEPTION (default)
2021-08-26 18:39:54,264 [pool-535-thread-1] INFO  server.RaftServerConfigKeys (ConfUtils.java:logGet(44)) - raft.server.storage.free-space.min = 0MB (=0) (default)
2021-08-26 18:39:54,264 [pool-535-thread-1] INFO  storage.RaftStorageDirectory (RaftStorageDirectoryImpl.java:analyzeStorage(135)) - The storage directory /home/runner/work/ozone/ozone/hadoop-ozone/integration-test/target/test-dir/MiniOzoneClusterImpl-7287d2d4-454f-4da5-bbdc-7dc3b2fb158b/datanode-2/data/ratis/add1658b-e2b5-4f06-8c7a-d6cbffe24189 does not exist. Creating ...
2021-08-26 18:39:54,263 [grpc-default-executor-2] INFO  server.RaftServer (RaftServerProxy.java:addNew(95)) - 87f05fb4-46b8-4bb5-a197-7bc4b26914eb: addNew group-D6CBFFE24189:[feac8f5a-1b39-4e45-882b-39b2a71e70b7|rpc:10.1.0.63:43083|dataStream:|priority:0, 87f05fb4-46b8-4bb5-a197-7bc4b26914eb|rpc:10.1.0.63:44187|dataStream:|priority:0, b0d4646c-0fcd-42fc-b255-eb3c3c8c3636|rpc:10.1.0.63:45237|dataStream:|priority:1] returns group-D6CBFFE24189:java.util.concurrent.CompletableFuture@32a9280e[Not completed]
2021-08-26 18:39:54,271 [pool-516-thread-1] INFO  server.RaftServer$Division (RaftServerImpl.java:<init>(181)) - feac8f5a-1b39-4e45-882b-39b2a71e70b7: new RaftServerImpl for group-D6CBFFE24189:[feac8f5a-1b39-4e45-882b-39b2a71e70b7|rpc:10.1.0.63:43083|priority:0, 87f05fb4-46b8-4bb5-a197-7bc4b26914eb|rpc:10.1.0.63:44187|priority:0, b0d4646c-0fcd-42fc-b255-eb3c3c8c3636|rpc:10.1.0.63:45237|priority:1] with ContainerStateMachine:uninitialized
2021-08-26 18:39:54,272 [pool-516-thread-1] INFO  server.RaftServerConfigKeys (ConfUtils.java:logGet(44)) - raft.server.rpc.timeout.min = 5s (custom)
2021-08-26 18:39:54,272 [pool-516-thread-1] INFO  server.RaftServerConfigKeys (ConfUtils.java:logGet(44)) - raft.server.rpc.timeout.max = 5200ms (custom)
2021-08-26 18:39:54,272 [pool-516-thread-1] INFO  server.RaftServerConfigKeys (ConfUtils.java:logGet(44)) - raft.server.rpc.sleep.time = 25ms (default)
2021-08-26 18:39:54,272 [pool-516-thread-1] INFO  server.RaftServerConfigKeys (ConfUtils.java:logGet(44)) - raft.server.rpc.slowness.timeout = 300000ms (custom)
2021-08-26 18:39:54,272 [pool-516-thread-1] INFO  server.RaftServerConfigKeys (ConfUtils.java:logGet(44)) - raft.server.leaderelection.leader.step-down.wait-time = 10s (default)
2021-08-26 18:39:54,272 [pool-516-thread-1] INFO  server.RaftServerConfigKeys (ConfUtils.java:logGet(44)) - raft.server.sleep.deviation.threshold = 300ms (default)
2021-08-26 18:39:54,272 [pool-516-thread-1] INFO  server.RaftServerConfigKeys (ConfUtils.java:logGet(44)) - raft.server.log.appender.install.snapshot.enabled = false (custom)
2021-08-26 18:39:54,272 [pool-516-thread-1] INFO  server.RaftServer$Division (ServerState.java:<init>(105)) - feac8f5a-1b39-4e45-882b-39b2a71e70b7@group-D6CBFFE24189: ConfigurationManager, init=-1: [feac8f5a-1b39-4e45-882b-39b2a71e70b7|rpc:10.1.0.63:43083|priority:0, 87f05fb4-46b8-4bb5-a197-7bc4b26914eb|rpc:10.1.0.63:44187|priority:0, b0d4646c-0fcd-42fc-b255-eb3c3c8c3636|rpc:10.1.0.63:45237|priority:1], old=null, confs=<EMPTY_MAP>
2021-08-26 18:39:54,272 [pool-516-thread-1] INFO  server.RaftServerConfigKeys (ConfUtils.java:logGet(44)) - raft.server.storage.dir = [/home/runner/work/ozone/ozone/hadoop-ozone/integration-test/target/test-dir/MiniOzoneClusterImpl-7287d2d4-454f-4da5-bbdc-7dc3b2fb158b/datanode-1/data/ratis] (custom)
2021-08-26 18:39:54,272 [pool-516-thread-1] INFO  server.RaftServerConfigKeys (ConfUtils.java:logGet(44)) - raft.server.log.corruption.policy = EXCEPTION (default)
2021-08-26 18:39:54,272 [pool-516-thread-1] INFO  server.RaftServerConfigKeys (ConfUtils.java:logGet(44)) - raft.server.storage.free-space.min = 0MB (=0) (default)
2021-08-26 18:39:54,272 [pool-516-thread-1] INFO  storage.RaftStorageDirectory (RaftStorageDirectoryImpl.java:analyzeStorage(135)) - The storage directory /home/runner/work/ozone/ozone/hadoop-ozone/integration-test/target/test-dir/MiniOzoneClusterImpl-7287d2d4-454f-4da5-bbdc-7dc3b2fb158b/datanode-1/data/ratis/add1658b-e2b5-4f06-8c7a-d6cbffe24189 does not exist. Creating ...
2021-08-26 18:39:54,274 [IPC Server handler 10 on default port 36131] INFO  net.NetworkTopologyImpl (NetworkTopologyImpl.java:add(112)) - Added a new node: /default-rack/7a21a715-39a0-4b71-a267-c33797e0d730
2021-08-26 18:39:54,274 [IPC Server handler 10 on default port 36131] INFO  node.SCMNodeManager (SCMNodeManager.java:register(390)) - Registered Data node : 7a21a715-39a0-4b71-a267-c33797e0d730{ip: 10.1.0.63, host: fv-az184-233.3ow45vhwbzuu5incsxmygykede.cx.internal.cloudapp.net, ports: [REPLICATION=40157, RATIS=34101, RATIS_ADMIN=34101, RATIS_SERVER=34101, STANDALONE=46661], networkLocation: /default-rack, certSerialId: null, persistedOpState: null, persistedOpStateExpiryEpochSec: 0}
2021-08-26 18:39:54,274 [EventQueue-NewNodeForNewNodeHandler] INFO  pipeline.BackgroundPipelineCreator (BackgroundPipelineCreatorV2.java:notifyEventTriggered(285)) - trigger a one-shot run on RatisPipelineUtilsThread.
2021-08-26 18:39:54,274 [pool-535-thread-1] INFO  storage.RaftStorageDirectory (RaftStorageDirectoryImpl.java:tryLock(230)) - Lock on /home/runner/work/ozone/ozone/hadoop-ozone/integration-test/target/test-dir/MiniOzoneClusterImpl-7287d2d4-454f-4da5-bbdc-7dc3b2fb158b/datanode-2/data/ratis/add1658b-e2b5-4f06-8c7a-d6cbffe24189/in_use.lock acquired by nodename 22608@fv-az184-233
2021-08-26 18:39:54,275 [pool-516-thread-1] INFO  storage.RaftStorageDirectory (RaftStorageDirectoryImpl.java:tryLock(230)) - Lock on /home/runner/work/ozone/ozone/hadoop-ozone/integration-test/target/test-dir/MiniOzoneClusterImpl-7287d2d4-454f-4da5-bbdc-7dc3b2fb158b/datanode-1/data/ratis/add1658b-e2b5-4f06-8c7a-d6cbffe24189/in_use.lock acquired by nodename 22608@fv-az184-233
2021-08-26 18:39:54,283 [pool-516-thread-1] INFO  storage.RaftStorage (RaftStorageImpl.java:format(89)) - Storage directory /home/runner/work/ozone/ozone/hadoop-ozone/integration-test/target/test-dir/MiniOzoneClusterImpl-7287d2d4-454f-4da5-bbdc-7dc3b2fb158b/datanode-1/data/ratis/add1658b-e2b5-4f06-8c7a-d6cbffe24189 has been successfully formatted.
2021-08-26 18:39:54,284 [Datanode State Machine Thread - 0] WARN  statemachine.StateContext (StateContext.java:execute(621)) - No available thread in pool for past 1 seconds.
2021-08-26 18:39:54,285 [pool-516-thread-1] INFO  ratis.ContainerStateMachine (ContainerStateMachine.java:loadSnapshot(224)) - group-D6CBFFE24189: The snapshot info is null. Setting the last applied indexto:(t:0, i:~)
2021-08-26 18:39:54,337 [pool-516-thread-1] INFO  server.RaftServerConfigKeys (ConfUtils.java:logGet(44)) - raft.server.notification.no-leader.timeout = 300000ms (custom)
2021-08-26 18:39:54,337 [pool-516-thread-1] INFO  server.RaftServerConfigKeys (ConfUtils.java:logGet(44)) - raft.server.log.use.memory = false (default)
2021-08-26 18:39:54,337 [pool-516-thread-1] INFO  server.RaftServerConfigKeys (ConfUtils.java:logGet(44)) - raft.server.log.purge.gap = 1000000 (custom)
2021-08-26 18:39:54,337 [pool-516-thread-1] INFO  server.RaftServerConfigKeys (ConfUtils.java:logGet(44)) - raft.server.log.appender.buffer.byte-limit = 33554432 (custom)
2021-08-26 18:39:54,338 [pool-516-thread-1] INFO  server.RaftServerConfigKeys (ConfUtils.java:logGet(44)) - raft.server.log.segment.size.max = 1048576 (custom)
2021-08-26 18:39:54,338 [pool-516-thread-1] INFO  server.RaftServerConfigKeys (ConfUtils.java:logGet(44)) - raft.server.log.segment.cache.num.max = 2 (custom)
2021-08-26 18:39:54,338 [pool-516-thread-1] INFO  server.RaftServerConfigKeys (ConfUtils.java:logGet(44)) - raft.server.log.segment.cache.size.max = 200MB (=209715200) (default)
2021-08-26 18:39:54,338 [pool-516-thread-1] INFO  segmented.SegmentedRaftLogWorker (SegmentedRaftLogWorker.java:<init>(182)) - new feac8f5a-1b39-4e45-882b-39b2a71e70b7@group-D6CBFFE24189-SegmentedRaftLogWorker for RaftStorageImpl:Storage Directory /home/runner/work/ozone/ozone/hadoop-ozone/integration-test/target/test-dir/MiniOzoneClusterImpl-7287d2d4-454f-4da5-bbdc-7dc3b2fb158b/datanode-1/data/ratis/add1658b-e2b5-4f06-8c7a-d6cbffe24189
2021-08-26 18:39:54,338 [pool-516-thread-1] INFO  server.RaftServerConfigKeys (ConfUtils.java:logGet(44)) - raft.server.log.queue.byte-limit = 2147483647 (custom)
2021-08-26 18:39:54,338 [pool-516-thread-1] INFO  server.RaftServerConfigKeys (ConfUtils.java:logGet(44)) - raft.server.log.queue.element-limit = 1024 (custom)
2021-08-26 18:39:54,338 [pool-516-thread-1] INFO  server.RaftServerConfigKeys (ConfUtils.java:logGet(44)) - raft.server.log.segment.size.max = 1048576 (custom)
2021-08-26 18:39:54,338 [pool-516-thread-1] INFO  server.RaftServerConfigKeys (ConfUtils.java:logGet(44)) - raft.server.log.preallocated.size = 16384 (custom)
2021-08-26 18:39:54,338 [pool-516-thread-1] INFO  server.RaftServerConfigKeys (ConfUtils.java:logGet(44)) - raft.server.log.force.sync.num = 128 (default)
2021-08-26 18:39:54,338 [pool-516-thread-1] INFO  server.RaftServerConfigKeys (ConfUtils.java:logGet(44)) - raft.server.log.statemachine.data.sync = true (default)
2021-08-26 18:39:54,339 [pool-516-thread-1] INFO  server.RaftServerConfigKeys (ConfUtils.java:logGet(44)) - raft.server.log.statemachine.data.sync.timeout = 10s (default)
2021-08-26 18:39:54,339 [pool-516-thread-1] INFO  server.RaftServerConfigKeys (ConfUtils.java:logGet(44)) - raft.server.log.statemachine.data.sync.timeout.retry = -1 (default)
2021-08-26 18:39:54,307 [EventQueue-OpenPipelineForHealthyPipelineSafeModeRule] INFO  safemode.SCMSafeModeManager (HealthyPipelineSafeModeRule.java:process(124)) - SCM in safe mode. Healthy pipelines reported count is 0, required healthy pipeline reported count is 1
2021-08-26 18:39:54,286 [RatisPipelineUtilsThread - 0] INFO  pipeline.RatisPipelineProvider (RatisPipelineProvider.java:lambda$create$0(183)) - Sending CreatePipelineCommand for pipeline:PipelineID=99c967c8-256d-430e-a39a-ed1163f076c5 to datanode:7a21a715-39a0-4b71-a267-c33797e0d730
2021-08-26 18:39:54,340 [RatisPipelineUtilsThread - 0] INFO  pipeline.PipelineStateManager (PipelineStateManagerV2Impl.java:addPipeline(101)) - Created pipeline Pipeline[ Id: 99c967c8-256d-430e-a39a-ed1163f076c5, Nodes: 7a21a715-39a0-4b71-a267-c33797e0d730{ip: 10.1.0.63, host: fv-az184-233.3ow45vhwbzuu5incsxmygykede.cx.internal.cloudapp.net, ports: [REPLICATION=40157, RATIS=34101, RATIS_ADMIN=34101, RATIS_SERVER=34101, STANDALONE=46661], networkLocation: /default-rack, certSerialId: null, persistedOpState: IN_SERVICE, persistedOpStateExpiryEpochSec: 0}, ReplicationConfig: RATIS/ONE, State:ALLOCATED, leaderId:, CreationTimestamp2021-08-26T18:39:54.286Z[Etc/UTC]].
2021-08-26 18:39:54,342 [pool-535-thread-1] INFO  storage.RaftStorage (RaftStorageImpl.java:format(89)) - Storage directory /home/runner/work/ozone/ozone/hadoop-ozone/integration-test/target/test-dir/MiniOzoneClusterImpl-7287d2d4-454f-4da5-bbdc-7dc3b2fb158b/datanode-2/data/ratis/add1658b-e2b5-4f06-8c7a-d6cbffe24189 has been successfully formatted.
2021-08-26 18:39:54,342 [pool-535-thread-1] INFO  ratis.ContainerStateMachine (ContainerStateMachine.java:loadSnapshot(224)) - group-D6CBFFE24189: The snapshot info is null. Setting the last applied indexto:(t:0, i:~)
2021-08-26 18:39:54,342 [pool-535-thread-1] INFO  server.RaftServerConfigKeys (ConfUtils.java:logGet(44)) - raft.server.notification.no-leader.timeout = 300000ms (custom)
2021-08-26 18:39:54,343 [pool-535-thread-1] INFO  server.RaftServerConfigKeys (ConfUtils.java:logGet(44)) - raft.server.log.use.memory = false (default)
2021-08-26 18:39:54,343 [pool-535-thread-1] INFO  server.RaftServerConfigKeys (ConfUtils.java:logGet(44)) - raft.server.log.purge.gap = 1000000 (custom)
2021-08-26 18:39:54,343 [pool-535-thread-1] INFO  server.RaftServerConfigKeys (ConfUtils.java:logGet(44)) - raft.server.log.appender.buffer.byte-limit = 33554432 (custom)
2021-08-26 18:39:54,343 [pool-535-thread-1] INFO  server.RaftServerConfigKeys (ConfUtils.java:logGet(44)) - raft.server.log.segment.size.max = 1048576 (custom)
2021-08-26 18:39:54,343 [Datanode State Machine Thread - 0] WARN  statemachine.StateContext (StateContext.java:execute(621)) - No available thread in pool for past 1 seconds.
2021-08-26 18:39:54,349 [pool-516-thread-1] INFO  server.RaftServerConfigKeys (ConfUtils.java:logGet(44)) - raft.server.log.write.buffer.size = 1048576 (custom)
2021-08-26 18:39:54,350 [pool-516-thread-1] INFO  server.RaftServerConfigKeys (ConfUtils.java:logGet(44)) - raft.server.log.statemachine.data.caching.enabled = true (custom)
2021-08-26 18:39:54,349 [pool-535-thread-1] INFO  server.RaftServerConfigKeys (ConfUtils.java:logGet(44)) - raft.server.log.segment.cache.num.max = 2 (custom)
2021-08-26 18:39:54,350 [pool-535-thread-1] INFO  server.RaftServerConfigKeys (ConfUtils.java:logGet(44)) - raft.server.log.segment.cache.size.max = 200MB (=209715200) (default)
2021-08-26 18:39:54,350 [pool-535-thread-1] INFO  segmented.SegmentedRaftLogWorker (SegmentedRaftLogWorker.java:<init>(182)) - new 87f05fb4-46b8-4bb5-a197-7bc4b26914eb@group-D6CBFFE24189-SegmentedRaftLogWorker for RaftStorageImpl:Storage Directory /home/runner/work/ozone/ozone/hadoop-ozone/integration-test/target/test-dir/MiniOzoneClusterImpl-7287d2d4-454f-4da5-bbdc-7dc3b2fb158b/datanode-2/data/ratis/add1658b-e2b5-4f06-8c7a-d6cbffe24189
2021-08-26 18:39:54,350 [pool-535-thread-1] INFO  server.RaftServerConfigKeys (ConfUtils.java:logGet(44)) - raft.server.log.queue.byte-limit = 2147483647 (custom)
2021-08-26 18:39:54,350 [pool-535-thread-1] INFO  server.RaftServerConfigKeys (ConfUtils.java:logGet(44)) - raft.server.log.queue.element-limit = 1024 (custom)
2021-08-26 18:39:54,350 [pool-535-thread-1] INFO  server.RaftServerConfigKeys (ConfUtils.java:logGet(44)) - raft.server.log.segment.size.max = 1048576 (custom)
2021-08-26 18:39:54,350 [pool-535-thread-1] INFO  server.RaftServerConfigKeys (ConfUtils.java:logGet(44)) - raft.server.log.preallocated.size = 16384 (custom)
2021-08-26 18:39:54,350 [pool-535-thread-1] INFO  server.RaftServerConfigKeys (ConfUtils.java:logGet(44)) - raft.server.log.force.sync.num = 128 (default)
2021-08-26 18:39:54,350 [pool-535-thread-1] INFO  server.RaftServerConfigKeys (ConfUtils.java:logGet(44)) - raft.server.log.statemachine.data.sync = true (default)
2021-08-26 18:39:54,350 [pool-535-thread-1] INFO  server.RaftServerConfigKeys (ConfUtils.java:logGet(44)) - raft.server.log.statemachine.data.sync.timeout = 10s (default)
2021-08-26 18:39:54,350 [pool-535-thread-1] INFO  server.RaftServerConfigKeys (ConfUtils.java:logGet(44)) - raft.server.log.statemachine.data.sync.timeout.retry = -1 (default)
2021-08-26 18:39:54,352 [pool-535-thread-1] INFO  server.RaftServerConfigKeys (ConfUtils.java:logGet(44)) - raft.server.log.write.buffer.size = 1048576 (custom)
2021-08-26 18:39:54,352 [pool-535-thread-1] INFO  server.RaftServerConfigKeys (ConfUtils.java:logGet(44)) - raft.server.log.statemachine.data.caching.enabled = true (custom)
2021-08-26 18:39:54,352 [pool-535-thread-1] INFO  segmented.SegmentedRaftLogWorker (SegmentedRaftLogWorker.java:lambda$new$0(133)) - 87f05fb4-46b8-4bb5-a197-7bc4b26914eb@group-D6CBFFE24189-SegmentedRaftLogWorker: flushIndex: setUnconditionally 0 -> -1
2021-08-26 18:39:54,352 [pool-535-thread-1] INFO  segmented.SegmentedRaftLogWorker (SegmentedRaftLogWorker.java:lambda$new$0(133)) - 87f05fb4-46b8-4bb5-a197-7bc4b26914eb@group-D6CBFFE24189-SegmentedRaftLogWorker: safeCacheEvictIndex: setUnconditionally 0 -> -1
2021-08-26 18:39:54,352 [pool-516-thread-1] INFO  segmented.SegmentedRaftLogWorker (SegmentedRaftLogWorker.java:lambda$new$0(133)) - feac8f5a-1b39-4e45-882b-39b2a71e70b7@group-D6CBFFE24189-SegmentedRaftLogWorker: flushIndex: setUnconditionally 0 -> -1
2021-08-26 18:39:54,356 [pool-516-thread-1] INFO  segmented.SegmentedRaftLogWorker (SegmentedRaftLogWorker.java:lambda$new$0(133)) - feac8f5a-1b39-4e45-882b-39b2a71e70b7@group-D6CBFFE24189-SegmentedRaftLogWorker: safeCacheEvictIndex: setUnconditionally 0 -> -1
2021-08-26 18:39:54,366 [pool-535-thread-1] INFO  server.RaftServerConfigKeys (ConfUtils.java:logGet(44)) - raft.server.snapshot.auto.trigger.enabled = true (custom)
2021-08-26 18:39:54,366 [pool-535-thread-1] INFO  server.RaftServerConfigKeys (ConfUtils.java:logGet(44)) - raft.server.snapshot.auto.trigger.threshold = 10000 (custom)
2021-08-26 18:39:54,366 [pool-535-thread-1] INFO  server.RaftServerConfigKeys (ConfUtils.java:logGet(44)) - raft.server.snapshot.retention.file.num = 5 (custom)
2021-08-26 18:39:54,366 [pool-535-thread-1] INFO  server.RaftServerConfigKeys (ConfUtils.java:logGet(44)) - raft.server.log.purge.upto.snapshot.index = false (default)
2021-08-26 18:39:54,366 [pool-535-thread-1] INFO  server.RaftServerConfigKeys (ConfUtils.java:logGet(44)) - raft.server.retrycache.expirytime = 600000ms (custom)
2021-08-26 18:39:54,366 [pool-535-thread-1] INFO  server.RaftServerConfigKeys (ConfUtils.java:logGet(44)) - raft.server.retrycache.statistics.expirytime = 100μs (default)
2021-08-26 18:39:54,367 [pool-535-thread-1] INFO  server.RaftServer$Division (RaftServerImpl.java:start(296)) - 87f05fb4-46b8-4bb5-a197-7bc4b26914eb@group-D6CBFFE24189: start as a follower, conf=-1: [feac8f5a-1b39-4e45-882b-39b2a71e70b7|rpc:10.1.0.63:43083|dataStream:|priority:0, 87f05fb4-46b8-4bb5-a197-7bc4b26914eb|rpc:10.1.0.63:44187|dataStream:|priority:0, b0d4646c-0fcd-42fc-b255-eb3c3c8c3636|rpc:10.1.0.63:45237|dataStream:|priority:1], old=null
2021-08-26 18:39:54,368 [pool-535-thread-1] INFO  server.RaftServer$Division (RaftServerImpl.java:setRole(285)) - 87f05fb4-46b8-4bb5-a197-7bc4b26914eb@group-D6CBFFE24189: changes role from      null to FOLLOWER at term 0 for startAsFollower
2021-08-26 18:39:54,368 [pool-535-thread-1] INFO  impl.RoleInfo (RoleInfo.java:updateAndGet(130)) - 87f05fb4-46b8-4bb5-a197-7bc4b26914eb: start 87f05fb4-46b8-4bb5-a197-7bc4b26914eb@group-D6CBFFE24189-FollowerState
2021-08-26 18:39:54,368 [pool-535-thread-1] INFO  util.JmxRegister (JmxRegister.java:tryRegister(44)) - Successfully registered JMX Bean with object name Ratis:service=RaftServer,group=group-D6CBFFE24189,id=87f05fb4-46b8-4bb5-a197-7bc4b26914eb
2021-08-26 18:39:54,386 [pool-516-thread-1] INFO  server.RaftServerConfigKeys (ConfUtils.java:logGet(44)) - raft.server.snapshot.auto.trigger.enabled = true (custom)
2021-08-26 18:39:54,386 [pool-516-thread-1] INFO  server.RaftServerConfigKeys (ConfUtils.java:logGet(44)) - raft.server.snapshot.auto.trigger.threshold = 10000 (custom)
2021-08-26 18:39:54,386 [pool-516-thread-1] INFO  server.RaftServerConfigKeys (ConfUtils.java:logGet(44)) - raft.server.snapshot.retention.file.num = 5 (custom)
2021-08-26 18:39:54,386 [pool-516-thread-1] INFO  server.RaftServerConfigKeys (ConfUtils.java:logGet(44)) - raft.server.log.purge.upto.snapshot.index = false (default)
2021-08-26 18:39:54,386 [pool-516-thread-1] INFO  server.RaftServerConfigKeys (ConfUtils.java:logGet(44)) - raft.server.retrycache.expirytime = 600000ms (custom)
2021-08-26 18:39:54,386 [pool-516-thread-1] INFO  server.RaftServerConfigKeys (ConfUtils.java:logGet(44)) - raft.server.retrycache.statistics.expirytime = 100μs (default)
2021-08-26 18:39:54,388 [pool-516-thread-1] INFO  server.RaftServer$Division (RaftServerImpl.java:start(296)) - feac8f5a-1b39-4e45-882b-39b2a71e70b7@group-D6CBFFE24189: start as a follower, conf=-1: [feac8f5a-1b39-4e45-882b-39b2a71e70b7|rpc:10.1.0.63:43083|priority:0, 87f05fb4-46b8-4bb5-a197-7bc4b26914eb|rpc:10.1.0.63:44187|priority:0, b0d4646c-0fcd-42fc-b255-eb3c3c8c3636|rpc:10.1.0.63:45237|priority:1], old=null
2021-08-26 18:39:54,388 [pool-516-thread-1] INFO  server.RaftServer$Division (RaftServerImpl.java:setRole(285)) - feac8f5a-1b39-4e45-882b-39b2a71e70b7@group-D6CBFFE24189: changes role from      null to FOLLOWER at term 0 for startAsFollower
2021-08-26 18:39:54,388 [pool-516-thread-1] INFO  impl.RoleInfo (RoleInfo.java:updateAndGet(130)) - feac8f5a-1b39-4e45-882b-39b2a71e70b7: start feac8f5a-1b39-4e45-882b-39b2a71e70b7@group-D6CBFFE24189-FollowerState
2021-08-26 18:39:54,399 [pool-516-thread-1] INFO  util.JmxRegister (JmxRegister.java:tryRegister(44)) - Successfully registered JMX Bean with object name Ratis:service=RaftServer,group=group-D6CBFFE24189,id=feac8f5a-1b39-4e45-882b-39b2a71e70b7
2021-08-26 18:39:54,435 [Command processor thread] INFO  ratis.XceiverServerRatis (XceiverServerRatis.java:addGroup(763)) - Created group PipelineID=add1658b-e2b5-4f06-8c7a-d6cbffe24189
2021-08-26 18:39:54,467 [Command processor thread] INFO  commandhandler.CreatePipelineCommandHandler (CreatePipelineCommandHandler.java:handle(106)) - Created Pipeline RATIS THREE PipelineID=add1658b-e2b5-4f06-8c7a-d6cbffe24189.
2021-08-26 18:39:54,543 [Command processor thread] INFO  commandhandler.CreatePipelineCommandHandler (CreatePipelineCommandHandler.java:handle(106)) - Created Pipeline RATIS THREE PipelineID=add1658b-e2b5-4f06-8c7a-d6cbffe24189.
2021-08-26 18:39:54,860 [Command processor thread] INFO  server.RaftServer (RaftServerProxy.java:addNew(95)) - 87f05fb4-46b8-4bb5-a197-7bc4b26914eb: addNew group-59B82285053D:[87f05fb4-46b8-4bb5-a197-7bc4b26914eb|rpc:10.1.0.63:44187|priority:1] returns group-59B82285053D:java.util.concurrent.CompletableFuture@1382067f[Not completed]
2021-08-26 18:39:54,860 [pool-535-thread-1] INFO  server.RaftServer$Division (RaftServerImpl.java:<init>(181)) - 87f05fb4-46b8-4bb5-a197-7bc4b26914eb: new RaftServerImpl for group-59B82285053D:[87f05fb4-46b8-4bb5-a197-7bc4b26914eb|rpc:10.1.0.63:44187|priority:1] with ContainerStateMachine:uninitialized
2021-08-26 18:39:54,860 [pool-535-thread-1] INFO  server.RaftServerConfigKeys (ConfUtils.java:logGet(44)) - raft.server.rpc.timeout.min = 5s (custom)
2021-08-26 18:39:54,860 [pool-535-thread-1] INFO  server.RaftServerConfigKeys (ConfUtils.java:logGet(44)) - raft.server.rpc.timeout.max = 5200ms (custom)
2021-08-26 18:39:54,861 [pool-535-thread-1] INFO  server.RaftServerConfigKeys (ConfUtils.java:logGet(44)) - raft.server.rpc.sleep.time = 25ms (default)
2021-08-26 18:39:54,861 [pool-535-thread-1] INFO  server.RaftServerConfigKeys (ConfUtils.java:logGet(44)) - raft.server.rpc.slowness.timeout = 300000ms (custom)
2021-08-26 18:39:54,861 [pool-535-thread-1] INFO  server.RaftServerConfigKeys (ConfUtils.java:logGet(44)) - raft.server.leaderelection.leader.step-down.wait-time = 10s (default)
2021-08-26 18:39:54,861 [pool-535-thread-1] INFO  server.RaftServerConfigKeys (ConfUtils.java:logGet(44)) - raft.server.sleep.deviation.threshold = 300ms (default)
2021-08-26 18:39:54,861 [pool-535-thread-1] INFO  server.RaftServerConfigKeys (ConfUtils.java:logGet(44)) - raft.server.log.appender.install.snapshot.enabled = false (custom)
2021-08-26 18:39:54,861 [pool-535-thread-1] INFO  server.RaftServer$Division (ServerState.java:<init>(105)) - 87f05fb4-46b8-4bb5-a197-7bc4b26914eb@group-59B82285053D: ConfigurationManager, init=-1: [87f05fb4-46b8-4bb5-a197-7bc4b26914eb|rpc:10.1.0.63:44187|priority:1], old=null, confs=<EMPTY_MAP>
2021-08-26 18:39:54,861 [pool-535-thread-1] INFO  server.RaftServerConfigKeys (ConfUtils.java:logGet(44)) - raft.server.storage.dir = [/home/runner/work/ozone/ozone/hadoop-ozone/integration-test/target/test-dir/MiniOzoneClusterImpl-7287d2d4-454f-4da5-bbdc-7dc3b2fb158b/datanode-2/data/ratis] (custom)
2021-08-26 18:39:54,861 [pool-535-thread-1] INFO  server.RaftServerConfigKeys (ConfUtils.java:logGet(44)) - raft.server.log.corruption.policy = EXCEPTION (default)
2021-08-26 18:39:54,861 [pool-535-thread-1] INFO  server.RaftServerConfigKeys (ConfUtils.java:logGet(44)) - raft.server.storage.free-space.min = 0MB (=0) (default)
2021-08-26 18:39:54,861 [pool-535-thread-1] INFO  storage.RaftStorageDirectory (RaftStorageDirectoryImpl.java:analyzeStorage(135)) - The storage directory /home/runner/work/ozone/ozone/hadoop-ozone/integration-test/target/test-dir/MiniOzoneClusterImpl-7287d2d4-454f-4da5-bbdc-7dc3b2fb158b/datanode-2/data/ratis/86756c3f-7a7e-4c6c-bac6-59b82285053d does not exist. Creating ...
2021-08-26 18:39:54,867 [pool-535-thread-1] INFO  storage.RaftStorageDirectory (RaftStorageDirectoryImpl.java:tryLock(230)) - Lock on /home/runner/work/ozone/ozone/hadoop-ozone/integration-test/target/test-dir/MiniOzoneClusterImpl-7287d2d4-454f-4da5-bbdc-7dc3b2fb158b/datanode-2/data/ratis/86756c3f-7a7e-4c6c-bac6-59b82285053d/in_use.lock acquired by nodename 22608@fv-az184-233
2021-08-26 18:39:54,876 [pool-535-thread-1] INFO  storage.RaftStorage (RaftStorageImpl.java:format(89)) - Storage directory /home/runner/work/ozone/ozone/hadoop-ozone/integration-test/target/test-dir/MiniOzoneClusterImpl-7287d2d4-454f-4da5-bbdc-7dc3b2fb158b/datanode-2/data/ratis/86756c3f-7a7e-4c6c-bac6-59b82285053d has been successfully formatted.
2021-08-26 18:39:54,876 [pool-535-thread-1] INFO  ratis.ContainerStateMachine (ContainerStateMachine.java:loadSnapshot(224)) - group-59B82285053D: The snapshot info is null. Setting the last applied indexto:(t:0, i:~)
2021-08-26 18:39:54,876 [pool-535-thread-1] INFO  server.RaftServerConfigKeys (ConfUtils.java:logGet(44)) - raft.server.notification.no-leader.timeout = 300000ms (custom)
2021-08-26 18:39:54,876 [pool-535-thread-1] INFO  server.RaftServerConfigKeys (ConfUtils.java:logGet(44)) - raft.server.log.use.memory = false (default)
2021-08-26 18:39:54,876 [pool-535-thread-1] INFO  server.RaftServerConfigKeys (ConfUtils.java:logGet(44)) - raft.server.log.purge.gap = 1000000 (custom)
2021-08-26 18:39:54,876 [pool-535-thread-1] INFO  server.RaftServerConfigKeys (ConfUtils.java:logGet(44)) - raft.server.log.appender.buffer.byte-limit = 33554432 (custom)
2021-08-26 18:39:54,876 [pool-535-thread-1] INFO  server.RaftServerConfigKeys (ConfUtils.java:logGet(44)) - raft.server.log.segment.size.max = 1048576 (custom)
2021-08-26 18:39:54,877 [pool-535-thread-1] INFO  server.RaftServerConfigKeys (ConfUtils.java:logGet(44)) - raft.server.log.segment.cache.num.max = 2 (custom)
2021-08-26 18:39:54,877 [pool-535-thread-1] INFO  server.RaftServerConfigKeys (ConfUtils.java:logGet(44)) - raft.server.log.segment.cache.size.max = 200MB (=209715200) (default)
2021-08-26 18:39:54,877 [pool-535-thread-1] INFO  segmented.SegmentedRaftLogWorker (SegmentedRaftLogWorker.java:<init>(182)) - new 87f05fb4-46b8-4bb5-a197-7bc4b26914eb@group-59B82285053D-SegmentedRaftLogWorker for RaftStorageImpl:Storage Directory /home/runner/work/ozone/ozone/hadoop-ozone/integration-test/target/test-dir/MiniOzoneClusterImpl-7287d2d4-454f-4da5-bbdc-7dc3b2fb158b/datanode-2/data/ratis/86756c3f-7a7e-4c6c-bac6-59b82285053d
2021-08-26 18:39:54,877 [pool-535-thread-1] INFO  server.RaftServerConfigKeys (ConfUtils.java:logGet(44)) - raft.server.log.queue.byte-limit = 2147483647 (custom)
2021-08-26 18:39:54,877 [Datanode State Machine Thread - 0] WARN  statemachine.StateContext (StateContext.java:execute(621)) - No available thread in pool for past 1 seconds.
2021-08-26 18:39:54,877 [pool-535-thread-1] INFO  server.RaftServerConfigKeys (ConfUtils.java:logGet(44)) - raft.server.log.queue.element-limit = 1024 (custom)
2021-08-26 18:39:54,878 [pool-535-thread-1] INFO  server.RaftServerConfigKeys (ConfUtils.java:logGet(44)) - raft.server.log.segment.size.max = 1048576 (custom)
2021-08-26 18:39:54,878 [pool-535-thread-1] INFO  server.RaftServerConfigKeys (ConfUtils.java:logGet(44)) - raft.server.log.preallocated.size = 16384 (custom)
2021-08-26 18:39:54,878 [pool-535-thread-1] INFO  server.RaftServerConfigKeys (ConfUtils.java:logGet(44)) - raft.server.log.force.sync.num = 128 (default)
2021-08-26 18:39:54,879 [pool-535-thread-1] INFO  server.RaftServerConfigKeys (ConfUtils.java:logGet(44)) - raft.server.log.statemachine.data.sync = true (default)
2021-08-26 18:39:54,879 [pool-535-thread-1] INFO  server.RaftServerConfigKeys (ConfUtils.java:logGet(44)) - raft.server.log.statemachine.data.sync.timeout = 10s (default)
2021-08-26 18:39:54,879 [pool-535-thread-1] INFO  server.RaftServerConfigKeys (ConfUtils.java:logGet(44)) - raft.server.log.statemachine.data.sync.timeout.retry = -1 (default)
2021-08-26 18:39:54,882 [pool-535-thread-1] INFO  server.RaftServerConfigKeys (ConfUtils.java:logGet(44)) - raft.server.log.write.buffer.size = 1048576 (custom)
2021-08-26 18:39:54,882 [EventQueue-PipelineReportForPipelineReportHandler] INFO  pipeline.PipelineManagerImpl (PipelineManagerImpl.java:openPipeline(282)) - Pipeline Pipeline[ Id: 86756c3f-7a7e-4c6c-bac6-59b82285053d, Nodes: 87f05fb4-46b8-4bb5-a197-7bc4b26914eb{ip: 10.1.0.63, host: fv-az184-233.3ow45vhwbzuu5incsxmygykede.cx.internal.cloudapp.net, ports: [REPLICATION=41467, RATIS=44187, RATIS_ADMIN=44187, RATIS_SERVER=44187, STANDALONE=44877], networkLocation: /default-rack, certSerialId: null, persistedOpState: IN_SERVICE, persistedOpStateExpiryEpochSec: 0}, ReplicationConfig: RATIS/ONE, State:ALLOCATED, leaderId:87f05fb4-46b8-4bb5-a197-7bc4b26914eb, CreationTimestamp2021-08-26T18:39:51.899Z[Etc/UTC]] moved to OPEN state
2021-08-26 18:39:54,882 [pool-535-thread-1] INFO  server.RaftServerConfigKeys (ConfUtils.java:logGet(44)) - raft.server.log.statemachine.data.caching.enabled = true (custom)
2021-08-26 18:39:54,882 [pool-535-thread-1] INFO  segmented.SegmentedRaftLogWorker (SegmentedRaftLogWorker.java:lambda$new$0(133)) - 87f05fb4-46b8-4bb5-a197-7bc4b26914eb@group-59B82285053D-SegmentedRaftLogWorker: flushIndex: setUnconditionally 0 -> -1
2021-08-26 18:39:54,882 [pool-535-thread-1] INFO  segmented.SegmentedRaftLogWorker (SegmentedRaftLogWorker.java:lambda$new$0(133)) - 87f05fb4-46b8-4bb5-a197-7bc4b26914eb@group-59B82285053D-SegmentedRaftLogWorker: safeCacheEvictIndex: setUnconditionally 0 -> -1
2021-08-26 18:39:54,882 [EventQueue-OpenPipelineForHealthyPipelineSafeModeRule] INFO  safemode.SCMSafeModeManager (HealthyPipelineSafeModeRule.java:process(124)) - SCM in safe mode. Healthy pipelines reported count is 0, required healthy pipeline reported count is 1
2021-08-26 18:39:54,883 [pool-535-thread-1] INFO  server.RaftServerConfigKeys (ConfUtils.java:logGet(44)) - raft.server.snapshot.auto.trigger.enabled = true (custom)
2021-08-26 18:39:54,883 [pool-535-thread-1] INFO  server.RaftServerConfigKeys (ConfUtils.java:logGet(44)) - raft.server.snapshot.auto.trigger.threshold = 10000 (custom)
2021-08-26 18:39:54,883 [pool-535-thread-1] INFO  server.RaftServerConfigKeys (ConfUtils.java:logGet(44)) - raft.server.snapshot.retention.file.num = 5 (custom)
2021-08-26 18:39:54,884 [pool-535-thread-1] INFO  server.RaftServerConfigKeys (ConfUtils.java:logGet(44)) - raft.server.log.purge.upto.snapshot.index = false (default)
2021-08-26 18:39:54,884 [pool-535-thread-1] INFO  server.RaftServerConfigKeys (ConfUtils.java:logGet(44)) - raft.server.retrycache.expirytime = 600000ms (custom)
2021-08-26 18:39:54,884 [pool-535-thread-1] INFO  server.RaftServerConfigKeys (ConfUtils.java:logGet(44)) - raft.server.retrycache.statistics.expirytime = 100μs (default)
2021-08-26 18:39:54,885 [pool-535-thread-1] INFO  server.RaftServer$Division (RaftServerImpl.java:start(296)) - 87f05fb4-46b8-4bb5-a197-7bc4b26914eb@group-59B82285053D: start as a follower, conf=-1: [87f05fb4-46b8-4bb5-a197-7bc4b26914eb|rpc:10.1.0.63:44187|priority:1], old=null
2021-08-26 18:39:54,885 [pool-535-thread-1] INFO  server.RaftServer$Division (RaftServerImpl.java:setRole(285)) - 87f05fb4-46b8-4bb5-a197-7bc4b26914eb@group-59B82285053D: changes role from      null to FOLLOWER at term 0 for startAsFollower
2021-08-26 18:39:54,885 [pool-535-thread-1] INFO  impl.RoleInfo (RoleInfo.java:updateAndGet(130)) - 87f05fb4-46b8-4bb5-a197-7bc4b26914eb: start 87f05fb4-46b8-4bb5-a197-7bc4b26914eb@group-59B82285053D-FollowerState
2021-08-26 18:39:54,885 [pool-535-thread-1] INFO  util.JmxRegister (JmxRegister.java:tryRegister(44)) - Successfully registered JMX Bean with object name Ratis:service=RaftServer,group=group-59B82285053D,id=87f05fb4-46b8-4bb5-a197-7bc4b26914eb
2021-08-26 18:39:54,886 [Command processor thread] INFO  ratis.XceiverServerRatis (XceiverServerRatis.java:addGroup(763)) - Created group PipelineID=86756c3f-7a7e-4c6c-bac6-59b82285053d
2021-08-26 18:39:54,886 [Command processor thread] INFO  commandhandler.CreatePipelineCommandHandler (CreatePipelineCommandHandler.java:handle(106)) - Created Pipeline RATIS ONE PipelineID=86756c3f-7a7e-4c6c-bac6-59b82285053d.
2021-08-26 18:39:55,240 [Listener at 127.0.0.1/40319] INFO  ozone.MiniOzoneClusterImpl (MiniOzoneClusterImpl.java:lambda$waitForClusterToBeReady$0(235)) - Nodes are ready. Got 7 of 7 DN Heartbeats.
2021-08-26 18:39:55,240 [Listener at 127.0.0.1/40319] INFO  ozone.MiniOzoneClusterImpl (MiniOzoneClusterImpl.java:lambda$waitForClusterToBeReady$0(238)) - Waiting for cluster to exit safe mode
2021-08-26 18:39:55,240 [Listener at 127.0.0.1/40319] INFO  ozone.MiniOzoneClusterImpl (MiniOzoneClusterImpl.java:lambda$waitForClusterToBeReady$0(240)) - SCM became leader
2021-08-26 18:39:55,440 [Command processor thread] INFO  server.RaftServer (RaftServerProxy.java:addNew(95)) - 95edf07e-7fec-45a0-b357-ea2c9e88c813: addNew group-9527D44623BC:[95edf07e-7fec-45a0-b357-ea2c9e88c813|rpc:10.1.0.63:34053|priority:1] returns group-9527D44623BC:java.util.concurrent.CompletableFuture@16ccaf94[Not completed]
2021-08-26 18:39:55,459 [pool-554-thread-1] INFO  server.RaftServer$Division (RaftServerImpl.java:<init>(181)) - 95edf07e-7fec-45a0-b357-ea2c9e88c813: new RaftServerImpl for group-9527D44623BC:[95edf07e-7fec-45a0-b357-ea2c9e88c813|rpc:10.1.0.63:34053|priority:1] with ContainerStateMachine:uninitialized
2021-08-26 18:39:55,469 [pool-554-thread-1] INFO  server.RaftServerConfigKeys (ConfUtils.java:logGet(44)) - raft.server.rpc.timeout.min = 5s (custom)
2021-08-26 18:39:55,469 [pool-554-thread-1] INFO  server.RaftServerConfigKeys (ConfUtils.java:logGet(44)) - raft.server.rpc.timeout.max = 5200ms (custom)
2021-08-26 18:39:55,470 [pool-554-thread-1] INFO  server.RaftServerConfigKeys (ConfUtils.java:logGet(44)) - raft.server.rpc.sleep.time = 25ms (default)
2021-08-26 18:39:55,470 [pool-554-thread-1] INFO  server.RaftServerConfigKeys (ConfUtils.java:logGet(44)) - raft.server.rpc.slowness.timeout = 300000ms (custom)
2021-08-26 18:39:55,470 [pool-554-thread-1] INFO  server.RaftServerConfigKeys (ConfUtils.java:logGet(44)) - raft.server.leaderelection.leader.step-down.wait-time = 10s (default)
2021-08-26 18:39:55,470 [pool-554-thread-1] INFO  server.RaftServerConfigKeys (ConfUtils.java:logGet(44)) - raft.server.sleep.deviation.threshold = 300ms (default)
2021-08-26 18:39:55,471 [pool-554-thread-1] INFO  server.RaftServerConfigKeys (ConfUtils.java:logGet(44)) - raft.server.log.appender.install.snapshot.enabled = false (custom)
2021-08-26 18:39:55,471 [pool-554-thread-1] INFO  server.RaftServer$Division (ServerState.java:<init>(105)) - 95edf07e-7fec-45a0-b357-ea2c9e88c813@group-9527D44623BC: ConfigurationManager, init=-1: [95edf07e-7fec-45a0-b357-ea2c9e88c813|rpc:10.1.0.63:34053|priority:1], old=null, confs=<EMPTY_MAP>
2021-08-26 18:39:55,471 [pool-554-thread-1] INFO  server.RaftServerConfigKeys (ConfUtils.java:logGet(44)) - raft.server.storage.dir = [/home/runner/work/ozone/ozone/hadoop-ozone/integration-test/target/test-dir/MiniOzoneClusterImpl-7287d2d4-454f-4da5-bbdc-7dc3b2fb158b/datanode-3/data/ratis] (custom)
2021-08-26 18:39:55,471 [pool-554-thread-1] INFO  server.RaftServerConfigKeys (ConfUtils.java:logGet(44)) - raft.server.log.corruption.policy = EXCEPTION (default)
2021-08-26 18:39:55,471 [pool-554-thread-1] INFO  server.RaftServerConfigKeys (ConfUtils.java:logGet(44)) - raft.server.storage.free-space.min = 0MB (=0) (default)
2021-08-26 18:39:55,471 [pool-554-thread-1] INFO  storage.RaftStorageDirectory (RaftStorageDirectoryImpl.java:analyzeStorage(135)) - The storage directory /home/runner/work/ozone/ozone/hadoop-ozone/integration-test/target/test-dir/MiniOzoneClusterImpl-7287d2d4-454f-4da5-bbdc-7dc3b2fb158b/datanode-3/data/ratis/7289ab97-fa1c-4d0d-91ad-9527d44623bc does not exist. Creating ...
2021-08-26 18:39:55,486 [pool-554-thread-1] INFO  storage.RaftStorageDirectory (RaftStorageDirectoryImpl.java:tryLock(230)) - Lock on /home/runner/work/ozone/ozone/hadoop-ozone/integration-test/target/test-dir/MiniOzoneClusterImpl-7287d2d4-454f-4da5-bbdc-7dc3b2fb158b/datanode-3/data/ratis/7289ab97-fa1c-4d0d-91ad-9527d44623bc/in_use.lock acquired by nodename 22608@fv-az184-233
2021-08-26 18:39:55,499 [pool-554-thread-1] INFO  storage.RaftStorage (RaftStorageImpl.java:format(89)) - Storage directory /home/runner/work/ozone/ozone/hadoop-ozone/integration-test/target/test-dir/MiniOzoneClusterImpl-7287d2d4-454f-4da5-bbdc-7dc3b2fb158b/datanode-3/data/ratis/7289ab97-fa1c-4d0d-91ad-9527d44623bc has been successfully formatted.
2021-08-26 18:39:55,519 [pool-554-thread-1] INFO  ratis.ContainerStateMachine (ContainerStateMachine.java:loadSnapshot(224)) - group-9527D44623BC: The snapshot info is null. Setting the last applied indexto:(t:0, i:~)
2021-08-26 18:39:55,519 [Datanode State Machine Thread - 0] WARN  statemachine.StateContext (StateContext.java:execute(621)) - No available thread in pool for past 1 seconds.
2021-08-26 18:39:55,519 [pool-554-thread-1] INFO  server.RaftServerConfigKeys (ConfUtils.java:logGet(44)) - raft.server.notification.no-leader.timeout = 300000ms (custom)
2021-08-26 18:39:55,519 [pool-554-thread-1] INFO  server.RaftServerConfigKeys (ConfUtils.java:logGet(44)) - raft.server.log.use.memory = false (default)
2021-08-26 18:39:55,519 [pool-554-thread-1] INFO  server.RaftServerConfigKeys (ConfUtils.java:logGet(44)) - raft.server.log.purge.gap = 1000000 (custom)
2021-08-26 18:39:55,519 [pool-554-thread-1] INFO  server.RaftServerConfigKeys (ConfUtils.java:logGet(44)) - raft.server.log.appender.buffer.byte-limit = 33554432 (custom)
2021-08-26 18:39:55,519 [pool-554-thread-1] INFO  server.RaftServerConfigKeys (ConfUtils.java:logGet(44)) - raft.server.log.segment.size.max = 1048576 (custom)
2021-08-26 18:39:55,520 [pool-554-thread-1] INFO  server.RaftServerConfigKeys (ConfUtils.java:logGet(44)) - raft.server.log.segment.cache.num.max = 2 (custom)
2021-08-26 18:39:55,520 [pool-554-thread-1] INFO  server.RaftServerConfigKeys (ConfUtils.java:logGet(44)) - raft.server.log.segment.cache.size.max = 200MB (=209715200) (default)
2021-08-26 18:39:55,520 [pool-554-thread-1] INFO  segmented.SegmentedRaftLogWorker (SegmentedRaftLogWorker.java:<init>(182)) - new 95edf07e-7fec-45a0-b357-ea2c9e88c813@group-9527D44623BC-SegmentedRaftLogWorker for RaftStorageImpl:Storage Directory /home/runner/work/ozone/ozone/hadoop-ozone/integration-test/target/test-dir/MiniOzoneClusterImpl-7287d2d4-454f-4da5-bbdc-7dc3b2fb158b/datanode-3/data/ratis/7289ab97-fa1c-4d0d-91ad-9527d44623bc
2021-08-26 18:39:55,520 [pool-554-thread-1] INFO  server.RaftServerConfigKeys (ConfUtils.java:logGet(44)) - raft.server.log.queue.byte-limit = 2147483647 (custom)
2021-08-26 18:39:55,520 [pool-554-thread-1] INFO  server.RaftServerConfigKeys (ConfUtils.java:logGet(44)) - raft.server.log.queue.element-limit = 1024 (custom)
2021-08-26 18:39:55,520 [pool-554-thread-1] INFO  server.RaftServerConfigKeys (ConfUtils.java:logGet(44)) - raft.server.log.segment.size.max = 1048576 (custom)
2021-08-26 18:39:55,520 [pool-554-thread-1] INFO  server.RaftServerConfigKeys (ConfUtils.java:logGet(44)) - raft.server.log.preallocated.size = 16384 (custom)
2021-08-26 18:39:55,520 [pool-554-thread-1] INFO  server.RaftServerConfigKeys (ConfUtils.java:logGet(44)) - raft.server.log.force.sync.num = 128 (default)
2021-08-26 18:39:55,520 [pool-554-thread-1] INFO  server.RaftServerConfigKeys (ConfUtils.java:logGet(44)) - raft.server.log.statemachine.data.sync = true (default)
2021-08-26 18:39:55,520 [pool-554-thread-1] INFO  server.RaftServerConfigKeys (ConfUtils.java:logGet(44)) - raft.server.log.statemachine.data.sync.timeout = 10s (default)
2021-08-26 18:39:55,520 [pool-554-thread-1] INFO  server.RaftServerConfigKeys (ConfUtils.java:logGet(44)) - raft.server.log.statemachine.data.sync.timeout.retry = -1 (default)
2021-08-26 18:39:55,521 [pool-554-thread-1] INFO  server.RaftServerConfigKeys (ConfUtils.java:logGet(44)) - raft.server.log.write.buffer.size = 1048576 (custom)
2021-08-26 18:39:55,522 [pool-554-thread-1] INFO  server.RaftServerConfigKeys (ConfUtils.java:logGet(44)) - raft.server.log.statemachine.data.caching.enabled = true (custom)
2021-08-26 18:39:55,522 [pool-554-thread-1] INFO  segmented.SegmentedRaftLogWorker (SegmentedRaftLogWorker.java:lambda$new$0(133)) - 95edf07e-7fec-45a0-b357-ea2c9e88c813@group-9527D44623BC-SegmentedRaftLogWorker: flushIndex: setUnconditionally 0 -> -1
2021-08-26 18:39:55,522 [pool-554-thread-1] INFO  segmented.SegmentedRaftLogWorker (SegmentedRaftLogWorker.java:lambda$new$0(133)) - 95edf07e-7fec-45a0-b357-ea2c9e88c813@group-9527D44623BC-SegmentedRaftLogWorker: safeCacheEvictIndex: setUnconditionally 0 -> -1
2021-08-26 18:39:55,523 [EventQueue-PipelineReportForPipelineReportHandler] INFO  pipeline.PipelineManagerImpl (PipelineManagerImpl.java:openPipeline(282)) - Pipeline Pipeline[ Id: 7289ab97-fa1c-4d0d-91ad-9527d44623bc, Nodes: 95edf07e-7fec-45a0-b357-ea2c9e88c813{ip: 10.1.0.63, host: fv-az184-233.3ow45vhwbzuu5incsxmygykede.cx.internal.cloudapp.net, ports: [REPLICATION=44839, RATIS=34053, RATIS_ADMIN=34053, RATIS_SERVER=34053, STANDALONE=33691], networkLocation: /default-rack, certSerialId: null, persistedOpState: IN_SERVICE, persistedOpStateExpiryEpochSec: 0}, ReplicationConfig: RATIS/ONE, State:ALLOCATED, leaderId:95edf07e-7fec-45a0-b357-ea2c9e88c813, CreationTimestamp2021-08-26T18:39:52.437Z[Etc/UTC]] moved to OPEN state
2021-08-26 18:39:55,523 [EventQueue-OpenPipelineForHealthyPipelineSafeModeRule] INFO  safemode.SCMSafeModeManager (HealthyPipelineSafeModeRule.java:process(124)) - SCM in safe mode. Healthy pipelines reported count is 0, required healthy pipeline reported count is 1
2021-08-26 18:39:55,535 [pool-554-thread-1] INFO  server.RaftServerConfigKeys (ConfUtils.java:logGet(44)) - raft.server.snapshot.auto.trigger.enabled = true (custom)
2021-08-26 18:39:55,535 [pool-554-thread-1] INFO  server.RaftServerConfigKeys (ConfUtils.java:logGet(44)) - raft.server.snapshot.auto.trigger.threshold = 10000 (custom)
2021-08-26 18:39:55,535 [pool-554-thread-1] INFO  server.RaftServerConfigKeys (ConfUtils.java:logGet(44)) - raft.server.snapshot.retention.file.num = 5 (custom)
2021-08-26 18:39:55,535 [pool-554-thread-1] INFO  server.RaftServerConfigKeys (ConfUtils.java:logGet(44)) - raft.server.log.purge.upto.snapshot.index = false (default)
2021-08-26 18:39:55,535 [pool-554-thread-1] INFO  server.RaftServerConfigKeys (ConfUtils.java:logGet(44)) - raft.server.retrycache.expirytime = 600000ms (custom)
2021-08-26 18:39:55,535 [pool-554-thread-1] INFO  server.RaftServerConfigKeys (ConfUtils.java:logGet(44)) - raft.server.retrycache.statistics.expirytime = 100μs (default)
2021-08-26 18:39:55,537 [pool-554-thread-1] INFO  server.RaftServer$Division (RaftServerImpl.java:start(296)) - 95edf07e-7fec-45a0-b357-ea2c9e88c813@group-9527D44623BC: start as a follower, conf=-1: [95edf07e-7fec-45a0-b357-ea2c9e88c813|rpc:10.1.0.63:34053|priority:1], old=null
2021-08-26 18:39:55,537 [pool-554-thread-1] INFO  server.RaftServer$Division (RaftServerImpl.java:setRole(285)) - 95edf07e-7fec-45a0-b357-ea2c9e88c813@group-9527D44623BC: changes role from      null to FOLLOWER at term 0 for startAsFollower
2021-08-26 18:39:55,537 [pool-554-thread-1] INFO  impl.RoleInfo (RoleInfo.java:updateAndGet(130)) - 95edf07e-7fec-45a0-b357-ea2c9e88c813: start 95edf07e-7fec-45a0-b357-ea2c9e88c813@group-9527D44623BC-FollowerState
2021-08-26 18:39:55,538 [pool-554-thread-1] INFO  util.JmxRegister (JmxRegister.java:tryRegister(44)) - Successfully registered JMX Bean with object name Ratis:service=RaftServer,group=group-9527D44623BC,id=95edf07e-7fec-45a0-b357-ea2c9e88c813
2021-08-26 18:39:55,549 [Command processor thread] INFO  ratis.XceiverServerRatis (XceiverServerRatis.java:addGroup(763)) - Created group PipelineID=7289ab97-fa1c-4d0d-91ad-9527d44623bc
2021-08-26 18:39:55,549 [Command processor thread] INFO  commandhandler.CreatePipelineCommandHandler (CreatePipelineCommandHandler.java:handle(106)) - Created Pipeline RATIS ONE PipelineID=7289ab97-fa1c-4d0d-91ad-9527d44623bc.
2021-08-26 18:39:55,550 [Command processor thread] INFO  server.RaftServer (RaftServerProxy.java:addNew(95)) - 95edf07e-7fec-45a0-b357-ea2c9e88c813: addNew group-5443D1AD4915:[88d9c6ea-d0be-4004-8450-128776760c0b|rpc:10.1.0.63:32927|priority:1, 95edf07e-7fec-45a0-b357-ea2c9e88c813|rpc:10.1.0.63:34053|priority:0, 134e4cc8-3e2d-4572-98bc-d75f353c351b|rpc:10.1.0.63:40073|priority:0] returns group-5443D1AD4915:java.util.concurrent.CompletableFuture@12f33995[Not completed]
2021-08-26 18:39:55,550 [pool-554-thread-1] INFO  server.RaftServer$Division (RaftServerImpl.java:<init>(181)) - 95edf07e-7fec-45a0-b357-ea2c9e88c813: new RaftServerImpl for group-5443D1AD4915:[88d9c6ea-d0be-4004-8450-128776760c0b|rpc:10.1.0.63:32927|priority:1, 95edf07e-7fec-45a0-b357-ea2c9e88c813|rpc:10.1.0.63:34053|priority:0, 134e4cc8-3e2d-4572-98bc-d75f353c351b|rpc:10.1.0.63:40073|priority:0] with ContainerStateMachine:uninitialized
2021-08-26 18:39:55,550 [pool-554-thread-1] INFO  server.RaftServerConfigKeys (ConfUtils.java:logGet(44)) - raft.server.rpc.timeout.min = 5s (custom)
2021-08-26 18:39:55,550 [pool-554-thread-1] INFO  server.RaftServerConfigKeys (ConfUtils.java:logGet(44)) - raft.server.rpc.timeout.max = 5200ms (custom)
2021-08-26 18:39:55,550 [pool-554-thread-1] INFO  server.RaftServerConfigKeys (ConfUtils.java:logGet(44)) - raft.server.rpc.sleep.time = 25ms (default)
2021-08-26 18:39:55,550 [pool-554-thread-1] INFO  server.RaftServerConfigKeys (ConfUtils.java:logGet(44)) - raft.server.rpc.slowness.timeout = 300000ms (custom)
2021-08-26 18:39:55,550 [pool-554-thread-1] INFO  server.RaftServerConfigKeys (ConfUtils.java:logGet(44)) - raft.server.leaderelection.leader.step-down.wait-time = 10s (default)
2021-08-26 18:39:55,550 [pool-554-thread-1] INFO  server.RaftServerConfigKeys (ConfUtils.java:logGet(44)) - raft.server.sleep.deviation.threshold = 300ms (default)
2021-08-26 18:39:55,550 [pool-554-thread-1] INFO  server.RaftServerConfigKeys (ConfUtils.java:logGet(44)) - raft.server.log.appender.install.snapshot.enabled = false (custom)
2021-08-26 18:39:55,551 [pool-554-thread-1] INFO  server.RaftServer$Division (ServerState.java:<init>(105)) - 95edf07e-7fec-45a0-b357-ea2c9e88c813@group-5443D1AD4915: ConfigurationManager, init=-1: [88d9c6ea-d0be-4004-8450-128776760c0b|rpc:10.1.0.63:32927|priority:1, 95edf07e-7fec-45a0-b357-ea2c9e88c813|rpc:10.1.0.63:34053|priority:0, 134e4cc8-3e2d-4572-98bc-d75f353c351b|rpc:10.1.0.63:40073|priority:0], old=null, confs=<EMPTY_MAP>
2021-08-26 18:39:55,551 [pool-554-thread-1] INFO  server.RaftServerConfigKeys (ConfUtils.java:logGet(44)) - raft.server.storage.dir = [/home/runner/work/ozone/ozone/hadoop-ozone/integration-test/target/test-dir/MiniOzoneClusterImpl-7287d2d4-454f-4da5-bbdc-7dc3b2fb158b/datanode-3/data/ratis] (custom)
2021-08-26 18:39:55,551 [pool-554-thread-1] INFO  server.RaftServerConfigKeys (ConfUtils.java:logGet(44)) - raft.server.log.corruption.policy = EXCEPTION (default)
2021-08-26 18:39:55,551 [pool-554-thread-1] INFO  server.RaftServerConfigKeys (ConfUtils.java:logGet(44)) - raft.server.storage.free-space.min = 0MB (=0) (default)
2021-08-26 18:39:55,551 [pool-554-thread-1] INFO  storage.RaftStorageDirectory (RaftStorageDirectoryImpl.java:analyzeStorage(135)) - The storage directory /home/runner/work/ozone/ozone/hadoop-ozone/integration-test/target/test-dir/MiniOzoneClusterImpl-7287d2d4-454f-4da5-bbdc-7dc3b2fb158b/datanode-3/data/ratis/216adb88-0bda-436d-9886-5443d1ad4915 does not exist. Creating ...
2021-08-26 18:39:55,559 [pool-554-thread-1] INFO  storage.RaftStorageDirectory (RaftStorageDirectoryImpl.java:tryLock(230)) - Lock on /home/runner/work/ozone/ozone/hadoop-ozone/integration-test/target/test-dir/MiniOzoneClusterImpl-7287d2d4-454f-4da5-bbdc-7dc3b2fb158b/datanode-3/data/ratis/216adb88-0bda-436d-9886-5443d1ad4915/in_use.lock acquired by nodename 22608@fv-az184-233
2021-08-26 18:39:55,564 [pool-554-thread-1] INFO  storage.RaftStorage (RaftStorageImpl.java:format(89)) - Storage directory /home/runner/work/ozone/ozone/hadoop-ozone/integration-test/target/test-dir/MiniOzoneClusterImpl-7287d2d4-454f-4da5-bbdc-7dc3b2fb158b/datanode-3/data/ratis/216adb88-0bda-436d-9886-5443d1ad4915 has been successfully formatted.
2021-08-26 18:39:55,564 [pool-554-thread-1] INFO  ratis.ContainerStateMachine (ContainerStateMachine.java:loadSnapshot(224)) - group-5443D1AD4915: The snapshot info is null. Setting the last applied indexto:(t:0, i:~)
2021-08-26 18:39:55,564 [pool-554-thread-1] INFO  server.RaftServerConfigKeys (ConfUtils.java:logGet(44)) - raft.server.notification.no-leader.timeout = 300000ms (custom)
2021-08-26 18:39:55,564 [pool-554-thread-1] INFO  server.RaftServerConfigKeys (ConfUtils.java:logGet(44)) - raft.server.log.use.memory = false (default)
2021-08-26 18:39:55,564 [pool-554-thread-1] INFO  server.RaftServerConfigKeys (ConfUtils.java:logGet(44)) - raft.server.log.purge.gap = 1000000 (custom)
2021-08-26 18:39:55,564 [pool-554-thread-1] INFO  server.RaftServerConfigKeys (ConfUtils.java:logGet(44)) - raft.server.log.appender.buffer.byte-limit = 33554432 (custom)
2021-08-26 18:39:55,564 [pool-554-thread-1] INFO  server.RaftServerConfigKeys (ConfUtils.java:logGet(44)) - raft.server.log.segment.size.max = 1048576 (custom)
2021-08-26 18:39:55,565 [pool-554-thread-1] INFO  server.RaftServerConfigKeys (ConfUtils.java:logGet(44)) - raft.server.log.segment.cache.num.max = 2 (custom)
2021-08-26 18:39:55,565 [pool-554-thread-1] INFO  server.RaftServerConfigKeys (ConfUtils.java:logGet(44)) - raft.server.log.segment.cache.size.max = 200MB (=209715200) (default)
2021-08-26 18:39:55,565 [pool-554-thread-1] INFO  segmented.SegmentedRaftLogWorker (SegmentedRaftLogWorker.java:<init>(182)) - new 95edf07e-7fec-45a0-b357-ea2c9e88c813@group-5443D1AD4915-SegmentedRaftLogWorker for RaftStorageImpl:Storage Directory /home/runner/work/ozone/ozone/hadoop-ozone/integration-test/target/test-dir/MiniOzoneClusterImpl-7287d2d4-454f-4da5-bbdc-7dc3b2fb158b/datanode-3/data/ratis/216adb88-0bda-436d-9886-5443d1ad4915
2021-08-26 18:39:55,565 [pool-554-thread-1] INFO  server.RaftServerConfigKeys (ConfUtils.java:logGet(44)) - raft.server.log.queue.byte-limit = 2147483647 (custom)
2021-08-26 18:39:55,565 [pool-554-thread-1] INFO  server.RaftServerConfigKeys (ConfUtils.java:logGet(44)) - raft.server.log.queue.element-limit = 1024 (custom)
2021-08-26 18:39:55,565 [pool-554-thread-1] INFO  server.RaftServerConfigKeys (ConfUtils.java:logGet(44)) - raft.server.log.segment.size.max = 1048576 (custom)
2021-08-26 18:39:55,565 [pool-554-thread-1] INFO  server.RaftServerConfigKeys (ConfUtils.java:logGet(44)) - raft.server.log.preallocated.size = 16384 (custom)
2021-08-26 18:39:55,565 [pool-554-thread-1] INFO  server.RaftServerConfigKeys (ConfUtils.java:logGet(44)) - raft.server.log.force.sync.num = 128 (default)
2021-08-26 18:39:55,565 [pool-554-thread-1] INFO  server.RaftServerConfigKeys (ConfUtils.java:logGet(44)) - raft.server.log.statemachine.data.sync = true (default)
2021-08-26 18:39:55,565 [pool-554-thread-1] INFO  server.RaftServerConfigKeys (ConfUtils.java:logGet(44)) - raft.server.log.statemachine.data.sync.timeout = 10s (default)
2021-08-26 18:39:55,565 [pool-554-thread-1] INFO  server.RaftServerConfigKeys (ConfUtils.java:logGet(44)) - raft.server.log.statemachine.data.sync.timeout.retry = -1 (default)
2021-08-26 18:39:55,566 [pool-554-thread-1] INFO  server.RaftServerConfigKeys (ConfUtils.java:logGet(44)) - raft.server.log.write.buffer.size = 1048576 (custom)
2021-08-26 18:39:55,567 [Datanode State Machine Thread - 0] WARN  statemachine.StateContext (StateContext.java:execute(621)) - No available thread in pool for past 1 seconds.
2021-08-26 18:39:55,571 [pool-554-thread-1] INFO  server.RaftServerConfigKeys (ConfUtils.java:logGet(44)) - raft.server.log.statemachine.data.caching.enabled = true (custom)
2021-08-26 18:39:55,572 [pool-554-thread-1] INFO  segmented.SegmentedRaftLogWorker (SegmentedRaftLogWorker.java:lambda$new$0(133)) - 95edf07e-7fec-45a0-b357-ea2c9e88c813@group-5443D1AD4915-SegmentedRaftLogWorker: flushIndex: setUnconditionally 0 -> -1
2021-08-26 18:39:55,572 [pool-554-thread-1] INFO  segmented.SegmentedRaftLogWorker (SegmentedRaftLogWorker.java:lambda$new$0(133)) - 95edf07e-7fec-45a0-b357-ea2c9e88c813@group-5443D1AD4915-SegmentedRaftLogWorker: safeCacheEvictIndex: setUnconditionally 0 -> -1
2021-08-26 18:39:55,572 [EventQueue-OpenPipelineForHealthyPipelineSafeModeRule] INFO  safemode.SCMSafeModeManager (HealthyPipelineSafeModeRule.java:process(124)) - SCM in safe mode. Healthy pipelines reported count is 0, required healthy pipeline reported count is 1
2021-08-26 18:39:55,610 [pool-554-thread-1] INFO  server.RaftServerConfigKeys (ConfUtils.java:logGet(44)) - raft.server.snapshot.auto.trigger.enabled = true (custom)
2021-08-26 18:39:55,610 [pool-554-thread-1] INFO  server.RaftServerConfigKeys (ConfUtils.java:logGet(44)) - raft.server.snapshot.auto.trigger.threshold = 10000 (custom)
2021-08-26 18:39:55,610 [pool-554-thread-1] INFO  server.RaftServerConfigKeys (ConfUtils.java:logGet(44)) - raft.server.snapshot.retention.file.num = 5 (custom)
2021-08-26 18:39:55,610 [pool-554-thread-1] INFO  server.RaftServerConfigKeys (ConfUtils.java:logGet(44)) - raft.server.log.purge.upto.snapshot.index = false (default)
2021-08-26 18:39:55,610 [pool-554-thread-1] INFO  server.RaftServerConfigKeys (ConfUtils.java:logGet(44)) - raft.server.retrycache.expirytime = 600000ms (custom)
2021-08-26 18:39:55,611 [pool-554-thread-1] INFO  server.RaftServerConfigKeys (ConfUtils.java:logGet(44)) - raft.server.retrycache.statistics.expirytime = 100μs (default)
2021-08-26 18:39:55,612 [pool-554-thread-1] INFO  server.RaftServer$Division (RaftServerImpl.java:start(296)) - 95edf07e-7fec-45a0-b357-ea2c9e88c813@group-5443D1AD4915: start as a follower, conf=-1: [88d9c6ea-d0be-4004-8450-128776760c0b|rpc:10.1.0.63:32927|priority:1, 95edf07e-7fec-45a0-b357-ea2c9e88c813|rpc:10.1.0.63:34053|priority:0, 134e4cc8-3e2d-4572-98bc-d75f353c351b|rpc:10.1.0.63:40073|priority:0], old=null
2021-08-26 18:39:55,612 [pool-554-thread-1] INFO  server.RaftServer$Division (RaftServerImpl.java:setRole(285)) - 95edf07e-7fec-45a0-b357-ea2c9e88c813@group-5443D1AD4915: changes role from      null to FOLLOWER at term 0 for startAsFollower
2021-08-26 18:39:55,612 [pool-554-thread-1] INFO  impl.RoleInfo (RoleInfo.java:updateAndGet(130)) - 95edf07e-7fec-45a0-b357-ea2c9e88c813: start 95edf07e-7fec-45a0-b357-ea2c9e88c813@group-5443D1AD4915-FollowerState
2021-08-26 18:39:55,612 [pool-554-thread-1] INFO  util.JmxRegister (JmxRegister.java:tryRegister(44)) - Successfully registered JMX Bean with object name Ratis:service=RaftServer,group=group-5443D1AD4915,id=95edf07e-7fec-45a0-b357-ea2c9e88c813
2021-08-26 18:39:55,623 [Command processor thread] INFO  ratis.XceiverServerRatis (XceiverServerRatis.java:addGroup(763)) - Created group PipelineID=216adb88-0bda-436d-9886-5443d1ad4915
2021-08-26 18:39:55,631 [grpc-default-executor-2] INFO  server.RaftServer (RaftServerProxy.java:addNew(95)) - 134e4cc8-3e2d-4572-98bc-d75f353c351b: addNew group-5443D1AD4915:[88d9c6ea-d0be-4004-8450-128776760c0b|rpc:10.1.0.63:32927|dataStream:|priority:1, 95edf07e-7fec-45a0-b357-ea2c9e88c813|rpc:10.1.0.63:34053|dataStream:|priority:0, 134e4cc8-3e2d-4572-98bc-d75f353c351b|rpc:10.1.0.63:40073|dataStream:|priority:0] returns group-5443D1AD4915:java.util.concurrent.CompletableFuture@603fb9b4[Not completed]
2021-08-26 18:39:55,637 [pool-592-thread-1] INFO  server.RaftServer$Division (RaftServerImpl.java:<init>(181)) - 134e4cc8-3e2d-4572-98bc-d75f353c351b: new RaftServerImpl for group-5443D1AD4915:[88d9c6ea-d0be-4004-8450-128776760c0b|rpc:10.1.0.63:32927|dataStream:|priority:1, 95edf07e-7fec-45a0-b357-ea2c9e88c813|rpc:10.1.0.63:34053|dataStream:|priority:0, 134e4cc8-3e2d-4572-98bc-d75f353c351b|rpc:10.1.0.63:40073|dataStream:|priority:0] with ContainerStateMachine:uninitialized
2021-08-26 18:39:55,638 [pool-592-thread-1] INFO  server.RaftServerConfigKeys (ConfUtils.java:logGet(44)) - raft.server.rpc.timeout.min = 5s (custom)
2021-08-26 18:39:55,638 [pool-592-thread-1] INFO  server.RaftServerConfigKeys (ConfUtils.java:logGet(44)) - raft.server.rpc.timeout.max = 5200ms (custom)
2021-08-26 18:39:55,638 [pool-592-thread-1] INFO  server.RaftServerConfigKeys (ConfUtils.java:logGet(44)) - raft.server.rpc.sleep.time = 25ms (default)
2021-08-26 18:39:55,638 [pool-592-thread-1] INFO  server.RaftServerConfigKeys (ConfUtils.java:logGet(44)) - raft.server.rpc.slowness.timeout = 300000ms (custom)
2021-08-26 18:39:55,638 [pool-592-thread-1] INFO  server.RaftServerConfigKeys (ConfUtils.java:logGet(44)) - raft.server.leaderelection.leader.step-down.wait-time = 10s (default)
2021-08-26 18:39:55,638 [pool-592-thread-1] INFO  server.RaftServerConfigKeys (ConfUtils.java:logGet(44)) - raft.server.sleep.deviation.threshold = 300ms (default)
2021-08-26 18:39:55,638 [pool-592-thread-1] INFO  server.RaftServerConfigKeys (ConfUtils.java:logGet(44)) - raft.server.log.appender.install.snapshot.enabled = false (custom)
2021-08-26 18:39:55,638 [pool-592-thread-1] INFO  server.RaftServer$Division (ServerState.java:<init>(105)) - 134e4cc8-3e2d-4572-98bc-d75f353c351b@group-5443D1AD4915: ConfigurationManager, init=-1: [88d9c6ea-d0be-4004-8450-128776760c0b|rpc:10.1.0.63:32927|dataStream:|priority:1, 95edf07e-7fec-45a0-b357-ea2c9e88c813|rpc:10.1.0.63:34053|dataStream:|priority:0, 134e4cc8-3e2d-4572-98bc-d75f353c351b|rpc:10.1.0.63:40073|dataStream:|priority:0], old=null, confs=<EMPTY_MAP>
2021-08-26 18:39:55,638 [pool-592-thread-1] INFO  server.RaftServerConfigKeys (ConfUtils.java:logGet(44)) - raft.server.storage.dir = [/home/runner/work/ozone/ozone/hadoop-ozone/integration-test/target/test-dir/MiniOzoneClusterImpl-7287d2d4-454f-4da5-bbdc-7dc3b2fb158b/datanode-5/data/ratis] (custom)
2021-08-26 18:39:55,638 [pool-592-thread-1] INFO  server.RaftServerConfigKeys (ConfUtils.java:logGet(44)) - raft.server.log.corruption.policy = EXCEPTION (default)
2021-08-26 18:39:55,638 [pool-592-thread-1] INFO  server.RaftServerConfigKeys (ConfUtils.java:logGet(44)) - raft.server.storage.free-space.min = 0MB (=0) (default)
2021-08-26 18:39:55,638 [pool-592-thread-1] INFO  storage.RaftStorageDirectory (RaftStorageDirectoryImpl.java:analyzeStorage(135)) - The storage directory /home/runner/work/ozone/ozone/hadoop-ozone/integration-test/target/test-dir/MiniOzoneClusterImpl-7287d2d4-454f-4da5-bbdc-7dc3b2fb158b/datanode-5/data/ratis/216adb88-0bda-436d-9886-5443d1ad4915 does not exist. Creating ...
2021-08-26 18:39:55,666 [pool-592-thread-1] INFO  storage.RaftStorageDirectory (RaftStorageDirectoryImpl.java:tryLock(230)) - Lock on /home/runner/work/ozone/ozone/hadoop-ozone/integration-test/target/test-dir/MiniOzoneClusterImpl-7287d2d4-454f-4da5-bbdc-7dc3b2fb158b/datanode-5/data/ratis/216adb88-0bda-436d-9886-5443d1ad4915/in_use.lock acquired by nodename 22608@fv-az184-233
2021-08-26 18:39:55,673 [pool-592-thread-1] INFO  storage.RaftStorage (RaftStorageImpl.java:format(89)) - Storage directory /home/runner/work/ozone/ozone/hadoop-ozone/integration-test/target/test-dir/MiniOzoneClusterImpl-7287d2d4-454f-4da5-bbdc-7dc3b2fb158b/datanode-5/data/ratis/216adb88-0bda-436d-9886-5443d1ad4915 has been successfully formatted.
2021-08-26 18:39:55,687 [pool-592-thread-1] INFO  ratis.ContainerStateMachine (ContainerStateMachine.java:loadSnapshot(224)) - group-5443D1AD4915: The snapshot info is null. Setting the last applied indexto:(t:0, i:~)
2021-08-26 18:39:55,687 [pool-592-thread-1] INFO  server.RaftServerConfigKeys (ConfUtils.java:logGet(44)) - raft.server.notification.no-leader.timeout = 300000ms (custom)
2021-08-26 18:39:55,687 [pool-592-thread-1] INFO  server.RaftServerConfigKeys (ConfUtils.java:logGet(44)) - raft.server.log.use.memory = false (default)
2021-08-26 18:39:55,687 [pool-592-thread-1] INFO  server.RaftServerConfigKeys (ConfUtils.java:logGet(44)) - raft.server.log.purge.gap = 1000000 (custom)
2021-08-26 18:39:55,687 [pool-592-thread-1] INFO  server.RaftServerConfigKeys (ConfUtils.java:logGet(44)) - raft.server.log.appender.buffer.byte-limit = 33554432 (custom)
2021-08-26 18:39:55,687 [pool-592-thread-1] INFO  server.RaftServerConfigKeys (ConfUtils.java:logGet(44)) - raft.server.log.segment.size.max = 1048576 (custom)
2021-08-26 18:39:55,688 [pool-592-thread-1] INFO  server.RaftServerConfigKeys (ConfUtils.java:logGet(44)) - raft.server.log.segment.cache.num.max = 2 (custom)
2021-08-26 18:39:55,688 [pool-592-thread-1] INFO  server.RaftServerConfigKeys (ConfUtils.java:logGet(44)) - raft.server.log.segment.cache.size.max = 200MB (=209715200) (default)
2021-08-26 18:39:55,688 [pool-592-thread-1] INFO  segmented.SegmentedRaftLogWorker (SegmentedRaftLogWorker.java:<init>(182)) - new 134e4cc8-3e2d-4572-98bc-d75f353c351b@group-5443D1AD4915-SegmentedRaftLogWorker for RaftStorageImpl:Storage Directory /home/runner/work/ozone/ozone/hadoop-ozone/integration-test/target/test-dir/MiniOzoneClusterImpl-7287d2d4-454f-4da5-bbdc-7dc3b2fb158b/datanode-5/data/ratis/216adb88-0bda-436d-9886-5443d1ad4915
2021-08-26 18:39:55,688 [pool-592-thread-1] INFO  server.RaftServerConfigKeys (ConfUtils.java:logGet(44)) - raft.server.log.queue.byte-limit = 2147483647 (custom)
2021-08-26 18:39:55,688 [pool-592-thread-1] INFO  server.RaftServerConfigKeys (ConfUtils.java:logGet(44)) - raft.server.log.queue.element-limit = 1024 (custom)
2021-08-26 18:39:55,688 [pool-592-thread-1] INFO  server.RaftServerConfigKeys (ConfUtils.java:logGet(44)) - raft.server.log.segment.size.max = 1048576 (custom)
2021-08-26 18:39:55,688 [pool-592-thread-1] INFO  server.RaftServerConfigKeys (ConfUtils.java:logGet(44)) - raft.server.log.preallocated.size = 16384 (custom)
2021-08-26 18:39:55,688 [pool-592-thread-1] INFO  server.RaftServerConfigKeys (ConfUtils.java:logGet(44)) - raft.server.log.force.sync.num = 128 (default)
2021-08-26 18:39:55,688 [pool-592-thread-1] INFO  server.RaftServerConfigKeys (ConfUtils.java:logGet(44)) - raft.server.log.statemachine.data.sync = true (default)
2021-08-26 18:39:55,688 [pool-592-thread-1] INFO  server.RaftServerConfigKeys (ConfUtils.java:logGet(44)) - raft.server.log.statemachine.data.sync.timeout = 10s (default)
2021-08-26 18:39:55,688 [pool-592-thread-1] INFO  server.RaftServerConfigKeys (ConfUtils.java:logGet(44)) - raft.server.log.statemachine.data.sync.timeout.retry = -1 (default)
2021-08-26 18:39:55,689 [pool-592-thread-1] INFO  server.RaftServerConfigKeys (ConfUtils.java:logGet(44)) - raft.server.log.write.buffer.size = 1048576 (custom)
2021-08-26 18:39:55,690 [pool-592-thread-1] INFO  server.RaftServerConfigKeys (ConfUtils.java:logGet(44)) - raft.server.log.statemachine.data.caching.enabled = true (custom)
2021-08-26 18:39:55,690 [pool-592-thread-1] INFO  segmented.SegmentedRaftLogWorker (SegmentedRaftLogWorker.java:lambda$new$0(133)) - 134e4cc8-3e2d-4572-98bc-d75f353c351b@group-5443D1AD4915-SegmentedRaftLogWorker: flushIndex: setUnconditionally 0 -> -1
2021-08-26 18:39:55,690 [pool-592-thread-1] INFO  segmented.SegmentedRaftLogWorker (SegmentedRaftLogWorker.java:lambda$new$0(133)) - 134e4cc8-3e2d-4572-98bc-d75f353c351b@group-5443D1AD4915-SegmentedRaftLogWorker: safeCacheEvictIndex: setUnconditionally 0 -> -1
2021-08-26 18:39:55,690 [Datanode State Machine Thread - 0] WARN  statemachine.StateContext (StateContext.java:execute(621)) - No available thread in pool for past 1 seconds.
2021-08-26 18:39:55,703 [pool-592-thread-1] INFO  server.RaftServerConfigKeys (ConfUtils.java:logGet(44)) - raft.server.snapshot.auto.trigger.enabled = true (custom)
2021-08-26 18:39:55,703 [pool-592-thread-1] INFO  server.RaftServerConfigKeys (ConfUtils.java:logGet(44)) - raft.server.snapshot.auto.trigger.threshold = 10000 (custom)
2021-08-26 18:39:55,703 [pool-592-thread-1] INFO  server.RaftServerConfigKeys (ConfUtils.java:logGet(44)) - raft.server.snapshot.retention.file.num = 5 (custom)
2021-08-26 18:39:55,703 [pool-592-thread-1] INFO  server.RaftServerConfigKeys (ConfUtils.java:logGet(44)) - raft.server.log.purge.upto.snapshot.index = false (default)
2021-08-26 18:39:55,703 [pool-592-thread-1] INFO  server.RaftServerConfigKeys (ConfUtils.java:logGet(44)) - raft.server.retrycache.expirytime = 600000ms (custom)
2021-08-26 18:39:55,703 [pool-592-thread-1] INFO  server.RaftServerConfigKeys (ConfUtils.java:logGet(44)) - raft.server.retrycache.statistics.expirytime = 100μs (default)
2021-08-26 18:39:55,705 [pool-592-thread-1] INFO  server.RaftServer$Division (RaftServerImpl.java:start(296)) - 134e4cc8-3e2d-4572-98bc-d75f353c351b@group-5443D1AD4915: start as a follower, conf=-1: [88d9c6ea-d0be-4004-8450-128776760c0b|rpc:10.1.0.63:32927|dataStream:|priority:1, 95edf07e-7fec-45a0-b357-ea2c9e88c813|rpc:10.1.0.63:34053|dataStream:|priority:0, 134e4cc8-3e2d-4572-98bc-d75f353c351b|rpc:10.1.0.63:40073|dataStream:|priority:0], old=null
2021-08-26 18:39:55,705 [pool-592-thread-1] INFO  server.RaftServer$Division (RaftServerImpl.java:setRole(285)) - 134e4cc8-3e2d-4572-98bc-d75f353c351b@group-5443D1AD4915: changes role from      null to FOLLOWER at term 0 for startAsFollower
2021-08-26 18:39:55,705 [pool-592-thread-1] INFO  impl.RoleInfo (RoleInfo.java:updateAndGet(130)) - 134e4cc8-3e2d-4572-98bc-d75f353c351b: start 134e4cc8-3e2d-4572-98bc-d75f353c351b@group-5443D1AD4915-FollowerState
2021-08-26 18:39:55,713 [pool-592-thread-1] INFO  util.JmxRegister (JmxRegister.java:tryRegister(44)) - Successfully registered JMX Bean with object name Ratis:service=RaftServer,group=group-5443D1AD4915,id=134e4cc8-3e2d-4572-98bc-d75f353c351b
2021-08-26 18:39:55,839 [grpc-default-executor-2] INFO  server.RaftServer (RaftServerProxy.java:addNew(95)) - 88d9c6ea-d0be-4004-8450-128776760c0b: addNew group-5443D1AD4915:[88d9c6ea-d0be-4004-8450-128776760c0b|rpc:10.1.0.63:32927|dataStream:|priority:1, 95edf07e-7fec-45a0-b357-ea2c9e88c813|rpc:10.1.0.63:34053|dataStream:|priority:0, 134e4cc8-3e2d-4572-98bc-d75f353c351b|rpc:10.1.0.63:40073|dataStream:|priority:0] returns group-5443D1AD4915:java.util.concurrent.CompletableFuture@81891e6[Not completed]
2021-08-26 18:39:55,839 [pool-573-thread-1] INFO  server.RaftServer$Division (RaftServerImpl.java:<init>(181)) - 88d9c6ea-d0be-4004-8450-128776760c0b: new RaftServerImpl for group-5443D1AD4915:[88d9c6ea-d0be-4004-8450-128776760c0b|rpc:10.1.0.63:32927|dataStream:|priority:1, 95edf07e-7fec-45a0-b357-ea2c9e88c813|rpc:10.1.0.63:34053|dataStream:|priority:0, 134e4cc8-3e2d-4572-98bc-d75f353c351b|rpc:10.1.0.63:40073|dataStream:|priority:0] with ContainerStateMachine:uninitialized
2021-08-26 18:39:55,839 [pool-573-thread-1] INFO  server.RaftServerConfigKeys (ConfUtils.java:logGet(44)) - raft.server.rpc.timeout.min = 5s (custom)
2021-08-26 18:39:55,840 [pool-573-thread-1] INFO  server.RaftServerConfigKeys (ConfUtils.java:logGet(44)) - raft.server.rpc.timeout.max = 5200ms (custom)
2021-08-26 18:39:55,840 [pool-573-thread-1] INFO  server.RaftServerConfigKeys (ConfUtils.java:logGet(44)) - raft.server.rpc.sleep.time = 25ms (default)
2021-08-26 18:39:55,840 [pool-573-thread-1] INFO  server.RaftServerConfigKeys (ConfUtils.java:logGet(44)) - raft.server.rpc.slowness.timeout = 300000ms (custom)
2021-08-26 18:39:55,840 [pool-573-thread-1] INFO  server.RaftServerConfigKeys (ConfUtils.java:logGet(44)) - raft.server.leaderelection.leader.step-down.wait-time = 10s (default)
2021-08-26 18:39:55,840 [pool-573-thread-1] INFO  server.RaftServerConfigKeys (ConfUtils.java:logGet(44)) - raft.server.sleep.deviation.threshold = 300ms (default)
2021-08-26 18:39:55,840 [pool-573-thread-1] INFO  server.RaftServerConfigKeys (ConfUtils.java:logGet(44)) - raft.server.log.appender.install.snapshot.enabled = false (custom)
2021-08-26 18:39:55,840 [pool-573-thread-1] INFO  server.RaftServer$Division (ServerState.java:<init>(105)) - 88d9c6ea-d0be-4004-8450-128776760c0b@group-5443D1AD4915: ConfigurationManager, init=-1: [88d9c6ea-d0be-4004-8450-128776760c0b|rpc:10.1.0.63:32927|dataStream:|priority:1, 95edf07e-7fec-45a0-b357-ea2c9e88c813|rpc:10.1.0.63:34053|dataStream:|priority:0, 134e4cc8-3e2d-4572-98bc-d75f353c351b|rpc:10.1.0.63:40073|dataStream:|priority:0], old=null, confs=<EMPTY_MAP>
2021-08-26 18:39:55,840 [pool-573-thread-1] INFO  server.RaftServerConfigKeys (ConfUtils.java:logGet(44)) - raft.server.storage.dir = [/home/runner/work/ozone/ozone/hadoop-ozone/integration-test/target/test-dir/MiniOzoneClusterImpl-7287d2d4-454f-4da5-bbdc-7dc3b2fb158b/datanode-4/data/ratis] (custom)
2021-08-26 18:39:55,840 [pool-573-thread-1] INFO  server.RaftServerConfigKeys (ConfUtils.java:logGet(44)) - raft.server.log.corruption.policy = EXCEPTION (default)
2021-08-26 18:39:55,840 [pool-573-thread-1] INFO  server.RaftServerConfigKeys (ConfUtils.java:logGet(44)) - raft.server.storage.free-space.min = 0MB (=0) (default)
2021-08-26 18:39:55,840 [pool-573-thread-1] INFO  storage.RaftStorageDirectory (RaftStorageDirectoryImpl.java:analyzeStorage(135)) - The storage directory /home/runner/work/ozone/ozone/hadoop-ozone/integration-test/target/test-dir/MiniOzoneClusterImpl-7287d2d4-454f-4da5-bbdc-7dc3b2fb158b/datanode-4/data/ratis/216adb88-0bda-436d-9886-5443d1ad4915 does not exist. Creating ...
2021-08-26 18:39:55,857 [pool-573-thread-1] INFO  storage.RaftStorageDirectory (RaftStorageDirectoryImpl.java:tryLock(230)) - Lock on /home/runner/work/ozone/ozone/hadoop-ozone/integration-test/target/test-dir/MiniOzoneClusterImpl-7287d2d4-454f-4da5-bbdc-7dc3b2fb158b/datanode-4/data/ratis/216adb88-0bda-436d-9886-5443d1ad4915/in_use.lock acquired by nodename 22608@fv-az184-233
2021-08-26 18:39:55,874 [pool-573-thread-1] INFO  storage.RaftStorage (RaftStorageImpl.java:format(89)) - Storage directory /home/runner/work/ozone/ozone/hadoop-ozone/integration-test/target/test-dir/MiniOzoneClusterImpl-7287d2d4-454f-4da5-bbdc-7dc3b2fb158b/datanode-4/data/ratis/216adb88-0bda-436d-9886-5443d1ad4915 has been successfully formatted.
2021-08-26 18:39:55,900 [pool-573-thread-1] INFO  ratis.ContainerStateMachine (ContainerStateMachine.java:loadSnapshot(224)) - group-5443D1AD4915: The snapshot info is null. Setting the last applied indexto:(t:0, i:~)
2021-08-26 18:39:55,900 [Datanode State Machine Thread - 0] WARN  statemachine.StateContext (StateContext.java:execute(621)) - No available thread in pool for past 1 seconds.
2021-08-26 18:39:55,900 [pool-573-thread-1] INFO  server.RaftServerConfigKeys (ConfUtils.java:logGet(44)) - raft.server.notification.no-leader.timeout = 300000ms (custom)
2021-08-26 18:39:55,900 [pool-573-thread-1] INFO  server.RaftServerConfigKeys (ConfUtils.java:logGet(44)) - raft.server.log.use.memory = false (default)
2021-08-26 18:39:55,900 [pool-573-thread-1] INFO  server.RaftServerConfigKeys (ConfUtils.java:logGet(44)) - raft.server.log.purge.gap = 1000000 (custom)
2021-08-26 18:39:55,900 [pool-573-thread-1] INFO  server.RaftServerConfigKeys (ConfUtils.java:logGet(44)) - raft.server.log.appender.buffer.byte-limit = 33554432 (custom)
2021-08-26 18:39:55,900 [pool-573-thread-1] INFO  server.RaftServerConfigKeys (ConfUtils.java:logGet(44)) - raft.server.log.segment.size.max = 1048576 (custom)
2021-08-26 18:39:55,901 [pool-573-thread-1] INFO  server.RaftServerConfigKeys (ConfUtils.java:logGet(44)) - raft.server.log.segment.cache.num.max = 2 (custom)
2021-08-26 18:39:55,901 [pool-573-thread-1] INFO  server.RaftServerConfigKeys (ConfUtils.java:logGet(44)) - raft.server.log.segment.cache.size.max = 200MB (=209715200) (default)
2021-08-26 18:39:55,901 [pool-573-thread-1] INFO  segmented.SegmentedRaftLogWorker (SegmentedRaftLogWorker.java:<init>(182)) - new 88d9c6ea-d0be-4004-8450-128776760c0b@group-5443D1AD4915-SegmentedRaftLogWorker for RaftStorageImpl:Storage Directory /home/runner/work/ozone/ozone/hadoop-ozone/integration-test/target/test-dir/MiniOzoneClusterImpl-7287d2d4-454f-4da5-bbdc-7dc3b2fb158b/datanode-4/data/ratis/216adb88-0bda-436d-9886-5443d1ad4915
2021-08-26 18:39:55,901 [pool-573-thread-1] INFO  server.RaftServerConfigKeys (ConfUtils.java:logGet(44)) - raft.server.log.queue.byte-limit = 2147483647 (custom)
2021-08-26 18:39:55,901 [pool-573-thread-1] INFO  server.RaftServerConfigKeys (ConfUtils.java:logGet(44)) - raft.server.log.queue.element-limit = 1024 (custom)
2021-08-26 18:39:55,901 [pool-573-thread-1] INFO  server.RaftServerConfigKeys (ConfUtils.java:logGet(44)) - raft.server.log.segment.size.max = 1048576 (custom)
2021-08-26 18:39:55,901 [pool-573-thread-1] INFO  server.RaftServerConfigKeys (ConfUtils.java:logGet(44)) - raft.server.log.preallocated.size = 16384 (custom)
2021-08-26 18:39:55,901 [pool-573-thread-1] INFO  server.RaftServerConfigKeys (ConfUtils.java:logGet(44)) - raft.server.log.force.sync.num = 128 (default)
2021-08-26 18:39:55,901 [pool-573-thread-1] INFO  server.RaftServerConfigKeys (ConfUtils.java:logGet(44)) - raft.server.log.statemachine.data.sync = true (default)
2021-08-26 18:39:55,901 [pool-573-thread-1] INFO  server.RaftServerConfigKeys (ConfUtils.java:logGet(44)) - raft.server.log.statemachine.data.sync.timeout = 10s (default)
2021-08-26 18:39:55,901 [pool-573-thread-1] INFO  server.RaftServerConfigKeys (ConfUtils.java:logGet(44)) - raft.server.log.statemachine.data.sync.timeout.retry = -1 (default)
2021-08-26 18:39:55,902 [pool-573-thread-1] INFO  server.RaftServerConfigKeys (ConfUtils.java:logGet(44)) - raft.server.log.write.buffer.size = 1048576 (custom)
2021-08-26 18:39:55,903 [pool-573-thread-1] INFO  server.RaftServerConfigKeys (ConfUtils.java:logGet(44)) - raft.server.log.statemachine.data.caching.enabled = true (custom)
2021-08-26 18:39:55,903 [pool-573-thread-1] INFO  segmented.SegmentedRaftLogWorker (SegmentedRaftLogWorker.java:lambda$new$0(133)) - 88d9c6ea-d0be-4004-8450-128776760c0b@group-5443D1AD4915-SegmentedRaftLogWorker: flushIndex: setUnconditionally 0 -> -1
2021-08-26 18:39:55,903 [pool-573-thread-1] INFO  segmented.SegmentedRaftLogWorker (SegmentedRaftLogWorker.java:lambda$new$0(133)) - 88d9c6ea-d0be-4004-8450-128776760c0b@group-5443D1AD4915-SegmentedRaftLogWorker: safeCacheEvictIndex: setUnconditionally 0 -> -1
2021-08-26 18:39:55,915 [pool-573-thread-1] INFO  server.RaftServerConfigKeys (ConfUtils.java:logGet(44)) - raft.server.snapshot.auto.trigger.enabled = true (custom)
2021-08-26 18:39:55,915 [pool-573-thread-1] INFO  server.RaftServerConfigKeys (ConfUtils.java:logGet(44)) - raft.server.snapshot.auto.trigger.threshold = 10000 (custom)
2021-08-26 18:39:55,915 [pool-573-thread-1] INFO  server.RaftServerConfigKeys (ConfUtils.java:logGet(44)) - raft.server.snapshot.retention.file.num = 5 (custom)
2021-08-26 18:39:55,915 [pool-573-thread-1] INFO  server.RaftServerConfigKeys (ConfUtils.java:logGet(44)) - raft.server.log.purge.upto.snapshot.index = false (default)
2021-08-26 18:39:55,915 [pool-573-thread-1] INFO  server.RaftServerConfigKeys (ConfUtils.java:logGet(44)) - raft.server.retrycache.expirytime = 600000ms (custom)
2021-08-26 18:39:55,915 [pool-573-thread-1] INFO  server.RaftServerConfigKeys (ConfUtils.java:logGet(44)) - raft.server.retrycache.statistics.expirytime = 100μs (default)
2021-08-26 18:39:55,916 [pool-573-thread-1] INFO  server.RaftServer$Division (RaftServerImpl.java:start(296)) - 88d9c6ea-d0be-4004-8450-128776760c0b@group-5443D1AD4915: start as a follower, conf=-1: [88d9c6ea-d0be-4004-8450-128776760c0b|rpc:10.1.0.63:32927|dataStream:|priority:1, 95edf07e-7fec-45a0-b357-ea2c9e88c813|rpc:10.1.0.63:34053|dataStream:|priority:0, 134e4cc8-3e2d-4572-98bc-d75f353c351b|rpc:10.1.0.63:40073|dataStream:|priority:0], old=null
2021-08-26 18:39:55,916 [pool-573-thread-1] INFO  server.RaftServer$Division (RaftServerImpl.java:setRole(285)) - 88d9c6ea-d0be-4004-8450-128776760c0b@group-5443D1AD4915: changes role from      null to FOLLOWER at term 0 for startAsFollower
2021-08-26 18:39:55,916 [pool-573-thread-1] INFO  impl.RoleInfo (RoleInfo.java:updateAndGet(130)) - 88d9c6ea-d0be-4004-8450-128776760c0b: start 88d9c6ea-d0be-4004-8450-128776760c0b@group-5443D1AD4915-FollowerState
2021-08-26 18:39:55,918 [pool-573-thread-1] INFO  util.JmxRegister (JmxRegister.java:tryRegister(44)) - Successfully registered JMX Bean with object name Ratis:service=RaftServer,group=group-5443D1AD4915,id=88d9c6ea-d0be-4004-8450-128776760c0b
2021-08-26 18:39:55,964 [Command processor thread] INFO  commandhandler.CreatePipelineCommandHandler (CreatePipelineCommandHandler.java:handle(106)) - Created Pipeline RATIS THREE PipelineID=216adb88-0bda-436d-9886-5443d1ad4915.
2021-08-26 18:39:55,964 [Command processor thread] INFO  server.RaftServer (RaftServerProxy.java:addNew(95)) - 95edf07e-7fec-45a0-b357-ea2c9e88c813: addNew group-0EE0E6A225EC:[95edf07e-7fec-45a0-b357-ea2c9e88c813|rpc:10.1.0.63:34053|priority:0, 88d9c6ea-d0be-4004-8450-128776760c0b|rpc:10.1.0.63:32927|priority:0, 134e4cc8-3e2d-4572-98bc-d75f353c351b|rpc:10.1.0.63:40073|priority:1] returns group-0EE0E6A225EC:java.util.concurrent.CompletableFuture@53a42173[Not completed]
2021-08-26 18:39:55,965 [pool-554-thread-1] INFO  server.RaftServer$Division (RaftServerImpl.java:<init>(181)) - 95edf07e-7fec-45a0-b357-ea2c9e88c813: new RaftServerImpl for group-0EE0E6A225EC:[95edf07e-7fec-45a0-b357-ea2c9e88c813|rpc:10.1.0.63:34053|priority:0, 88d9c6ea-d0be-4004-8450-128776760c0b|rpc:10.1.0.63:32927|priority:0, 134e4cc8-3e2d-4572-98bc-d75f353c351b|rpc:10.1.0.63:40073|priority:1] with ContainerStateMachine:uninitialized
2021-08-26 18:39:55,965 [pool-554-thread-1] INFO  server.RaftServerConfigKeys (ConfUtils.java:logGet(44)) - raft.server.rpc.timeout.min = 5s (custom)
2021-08-26 18:39:55,965 [pool-554-thread-1] INFO  server.RaftServerConfigKeys (ConfUtils.java:logGet(44)) - raft.server.rpc.timeout.max = 5200ms (custom)
2021-08-26 18:39:55,965 [pool-554-thread-1] INFO  server.RaftServerConfigKeys (ConfUtils.java:logGet(44)) - raft.server.rpc.sleep.time = 25ms (default)
2021-08-26 18:39:55,965 [pool-554-thread-1] INFO  server.RaftServerConfigKeys (ConfUtils.java:logGet(44)) - raft.server.rpc.slowness.timeout = 300000ms (custom)
2021-08-26 18:39:55,965 [pool-554-thread-1] INFO  server.RaftServerConfigKeys (ConfUtils.java:logGet(44)) - raft.server.leaderelection.leader.step-down.wait-time = 10s (default)
2021-08-26 18:39:55,965 [pool-554-thread-1] INFO  server.RaftServerConfigKeys (ConfUtils.java:logGet(44)) - raft.server.sleep.deviation.threshold = 300ms (default)
2021-08-26 18:39:55,965 [pool-554-thread-1] INFO  server.RaftServerConfigKeys (ConfUtils.java:logGet(44)) - raft.server.log.appender.install.snapshot.enabled = false (custom)
2021-08-26 18:39:55,965 [pool-554-thread-1] INFO  server.RaftServer$Division (ServerState.java:<init>(105)) - 95edf07e-7fec-45a0-b357-ea2c9e88c813@group-0EE0E6A225EC: ConfigurationManager, init=-1: [95edf07e-7fec-45a0-b357-ea2c9e88c813|rpc:10.1.0.63:34053|priority:0, 88d9c6ea-d0be-4004-8450-128776760c0b|rpc:10.1.0.63:32927|priority:0, 134e4cc8-3e2d-4572-98bc-d75f353c351b|rpc:10.1.0.63:40073|priority:1], old=null, confs=<EMPTY_MAP>
2021-08-26 18:39:55,965 [pool-554-thread-1] INFO  server.RaftServerConfigKeys (ConfUtils.java:logGet(44)) - raft.server.storage.dir = [/home/runner/work/ozone/ozone/hadoop-ozone/integration-test/target/test-dir/MiniOzoneClusterImpl-7287d2d4-454f-4da5-bbdc-7dc3b2fb158b/datanode-3/data/ratis] (custom)
2021-08-26 18:39:55,965 [pool-554-thread-1] INFO  server.RaftServerConfigKeys (ConfUtils.java:logGet(44)) - raft.server.log.corruption.policy = EXCEPTION (default)
2021-08-26 18:39:55,965 [pool-554-thread-1] INFO  server.RaftServerConfigKeys (ConfUtils.java:logGet(44)) - raft.server.storage.free-space.min = 0MB (=0) (default)
2021-08-26 18:39:55,965 [pool-554-thread-1] INFO  storage.RaftStorageDirectory (RaftStorageDirectoryImpl.java:analyzeStorage(135)) - The storage directory /home/runner/work/ozone/ozone/hadoop-ozone/integration-test/target/test-dir/MiniOzoneClusterImpl-7287d2d4-454f-4da5-bbdc-7dc3b2fb158b/datanode-3/data/ratis/4c5cff93-0f15-4bcb-87ad-0ee0e6a225ec does not exist. Creating ...
2021-08-26 18:39:55,974 [pool-554-thread-1] INFO  storage.RaftStorageDirectory (RaftStorageDirectoryImpl.java:tryLock(230)) - Lock on /home/runner/work/ozone/ozone/hadoop-ozone/integration-test/target/test-dir/MiniOzoneClusterImpl-7287d2d4-454f-4da5-bbdc-7dc3b2fb158b/datanode-3/data/ratis/4c5cff93-0f15-4bcb-87ad-0ee0e6a225ec/in_use.lock acquired by nodename 22608@fv-az184-233
2021-08-26 18:39:55,978 [pool-554-thread-1] INFO  storage.RaftStorage (RaftStorageImpl.java:format(89)) - Storage directory /home/runner/work/ozone/ozone/hadoop-ozone/integration-test/target/test-dir/MiniOzoneClusterImpl-7287d2d4-454f-4da5-bbdc-7dc3b2fb158b/datanode-3/data/ratis/4c5cff93-0f15-4bcb-87ad-0ee0e6a225ec has been successfully formatted.
2021-08-26 18:39:55,978 [pool-554-thread-1] INFO  ratis.ContainerStateMachine (ContainerStateMachine.java:loadSnapshot(224)) - group-0EE0E6A225EC: The snapshot info is null. Setting the last applied indexto:(t:0, i:~)
2021-08-26 18:39:55,978 [pool-554-thread-1] INFO  server.RaftServerConfigKeys (ConfUtils.java:logGet(44)) - raft.server.notification.no-leader.timeout = 300000ms (custom)
2021-08-26 18:39:55,978 [pool-554-thread-1] INFO  server.RaftServerConfigKeys (ConfUtils.java:logGet(44)) - raft.server.log.use.memory = false (default)
2021-08-26 18:39:55,979 [pool-554-thread-1] INFO  server.RaftServerConfigKeys (ConfUtils.java:logGet(44)) - raft.server.log.purge.gap = 1000000 (custom)
2021-08-26 18:39:55,979 [pool-554-thread-1] INFO  server.RaftServerConfigKeys (ConfUtils.java:logGet(44)) - raft.server.log.appender.buffer.byte-limit = 33554432 (custom)
2021-08-26 18:39:55,979 [pool-554-thread-1] INFO  server.RaftServerConfigKeys (ConfUtils.java:logGet(44)) - raft.server.log.segment.size.max = 1048576 (custom)
2021-08-26 18:39:55,979 [pool-554-thread-1] INFO  server.RaftServerConfigKeys (ConfUtils.java:logGet(44)) - raft.server.log.segment.cache.num.max = 2 (custom)
2021-08-26 18:39:55,979 [pool-554-thread-1] INFO  server.RaftServerConfigKeys (ConfUtils.java:logGet(44)) - raft.server.log.segment.cache.size.max = 200MB (=209715200) (default)
2021-08-26 18:39:55,979 [pool-554-thread-1] INFO  segmented.SegmentedRaftLogWorker (SegmentedRaftLogWorker.java:<init>(182)) - new 95edf07e-7fec-45a0-b357-ea2c9e88c813@group-0EE0E6A225EC-SegmentedRaftLogWorker for RaftStorageImpl:Storage Directory /home/runner/work/ozone/ozone/hadoop-ozone/integration-test/target/test-dir/MiniOzoneClusterImpl-7287d2d4-454f-4da5-bbdc-7dc3b2fb158b/datanode-3/data/ratis/4c5cff93-0f15-4bcb-87ad-0ee0e6a225ec
2021-08-26 18:39:55,980 [pool-554-thread-1] INFO  server.RaftServerConfigKeys (ConfUtils.java:logGet(44)) - raft.server.log.queue.byte-limit = 2147483647 (custom)
2021-08-26 18:39:55,980 [pool-554-thread-1] INFO  server.RaftServerConfigKeys (ConfUtils.java:logGet(44)) - raft.server.log.queue.element-limit = 1024 (custom)
2021-08-26 18:39:55,980 [pool-554-thread-1] INFO  server.RaftServerConfigKeys (ConfUtils.java:logGet(44)) - raft.server.log.segment.size.max = 1048576 (custom)
2021-08-26 18:39:55,980 [pool-554-thread-1] INFO  server.RaftServerConfigKeys (ConfUtils.java:logGet(44)) - raft.server.log.preallocated.size = 16384 (custom)
2021-08-26 18:39:55,980 [pool-554-thread-1] INFO  server.RaftServerConfigKeys (ConfUtils.java:logGet(44)) - raft.server.log.force.sync.num = 128 (default)
2021-08-26 18:39:55,980 [pool-554-thread-1] INFO  server.RaftServerConfigKeys (ConfUtils.java:logGet(44)) - raft.server.log.statemachine.data.sync = true (default)
2021-08-26 18:39:55,980 [pool-554-thread-1] INFO  server.RaftServerConfigKeys (ConfUtils.java:logGet(44)) - raft.server.log.statemachine.data.sync.timeout = 10s (default)
2021-08-26 18:39:55,980 [pool-554-thread-1] INFO  server.RaftServerConfigKeys (ConfUtils.java:logGet(44)) - raft.server.log.statemachine.data.sync.timeout.retry = -1 (default)
2021-08-26 18:39:55,981 [pool-554-thread-1] INFO  server.RaftServerConfigKeys (ConfUtils.java:logGet(44)) - raft.server.log.write.buffer.size = 1048576 (custom)
2021-08-26 18:39:55,982 [pool-554-thread-1] INFO  server.RaftServerConfigKeys (ConfUtils.java:logGet(44)) - raft.server.log.statemachine.data.caching.enabled = true (custom)
2021-08-26 18:39:55,982 [pool-554-thread-1] INFO  segmented.SegmentedRaftLogWorker (SegmentedRaftLogWorker.java:lambda$new$0(133)) - 95edf07e-7fec-45a0-b357-ea2c9e88c813@group-0EE0E6A225EC-SegmentedRaftLogWorker: flushIndex: setUnconditionally 0 -> -1
2021-08-26 18:39:55,982 [pool-554-thread-1] INFO  segmented.SegmentedRaftLogWorker (SegmentedRaftLogWorker.java:lambda$new$0(133)) - 95edf07e-7fec-45a0-b357-ea2c9e88c813@group-0EE0E6A225EC-SegmentedRaftLogWorker: safeCacheEvictIndex: setUnconditionally 0 -> -1
2021-08-26 18:39:55,983 [EventQueue-OpenPipelineForHealthyPipelineSafeModeRule] INFO  safemode.SCMSafeModeManager (HealthyPipelineSafeModeRule.java:process(124)) - SCM in safe mode. Healthy pipelines reported count is 0, required healthy pipeline reported count is 1
2021-08-26 18:39:55,984 [pool-554-thread-1] INFO  server.RaftServerConfigKeys (ConfUtils.java:logGet(44)) - raft.server.snapshot.auto.trigger.enabled = true (custom)
2021-08-26 18:39:55,984 [pool-554-thread-1] INFO  server.RaftServerConfigKeys (ConfUtils.java:logGet(44)) - raft.server.snapshot.auto.trigger.threshold = 10000 (custom)
2021-08-26 18:39:55,984 [pool-554-thread-1] INFO  server.RaftServerConfigKeys (ConfUtils.java:logGet(44)) - raft.server.snapshot.retention.file.num = 5 (custom)
2021-08-26 18:39:55,984 [pool-554-thread-1] INFO  server.RaftServerConfigKeys (ConfUtils.java:logGet(44)) - raft.server.log.purge.upto.snapshot.index = false (default)
2021-08-26 18:39:55,985 [pool-554-thread-1] INFO  server.RaftServerConfigKeys (ConfUtils.java:logGet(44)) - raft.server.retrycache.expirytime = 600000ms (custom)
2021-08-26 18:39:55,985 [pool-554-thread-1] INFO  server.RaftServerConfigKeys (ConfUtils.java:logGet(44)) - raft.server.retrycache.statistics.expirytime = 100μs (default)
2021-08-26 18:39:55,986 [pool-554-thread-1] INFO  server.RaftServer$Division (RaftServerImpl.java:start(296)) - 95edf07e-7fec-45a0-b357-ea2c9e88c813@group-0EE0E6A225EC: start as a follower, conf=-1: [95edf07e-7fec-45a0-b357-ea2c9e88c813|rpc:10.1.0.63:34053|priority:0, 88d9c6ea-d0be-4004-8450-128776760c0b|rpc:10.1.0.63:32927|priority:0, 134e4cc8-3e2d-4572-98bc-d75f353c351b|rpc:10.1.0.63:40073|priority:1], old=null
2021-08-26 18:39:55,988 [pool-554-thread-1] INFO  server.RaftServer$Division (RaftServerImpl.java:setRole(285)) - 95edf07e-7fec-45a0-b357-ea2c9e88c813@group-0EE0E6A225EC: changes role from      null to FOLLOWER at term 0 for startAsFollower
2021-08-26 18:39:55,988 [pool-554-thread-1] INFO  impl.RoleInfo (RoleInfo.java:updateAndGet(130)) - 95edf07e-7fec-45a0-b357-ea2c9e88c813: start 95edf07e-7fec-45a0-b357-ea2c9e88c813@group-0EE0E6A225EC-FollowerState
2021-08-26 18:39:55,988 [pool-554-thread-1] INFO  util.JmxRegister (JmxRegister.java:tryRegister(44)) - Successfully registered JMX Bean with object name Ratis:service=RaftServer,group=group-0EE0E6A225EC,id=95edf07e-7fec-45a0-b357-ea2c9e88c813
2021-08-26 18:39:55,994 [Command processor thread] INFO  ratis.XceiverServerRatis (XceiverServerRatis.java:addGroup(763)) - Created group PipelineID=4c5cff93-0f15-4bcb-87ad-0ee0e6a225ec
2021-08-26 18:39:56,004 [grpc-default-executor-2] INFO  server.RaftServer (RaftServerProxy.java:addNew(95)) - 88d9c6ea-d0be-4004-8450-128776760c0b: addNew group-0EE0E6A225EC:[95edf07e-7fec-45a0-b357-ea2c9e88c813|rpc:10.1.0.63:34053|dataStream:|priority:0, 88d9c6ea-d0be-4004-8450-128776760c0b|rpc:10.1.0.63:32927|dataStream:|priority:0, 134e4cc8-3e2d-4572-98bc-d75f353c351b|rpc:10.1.0.63:40073|dataStream:|priority:1] returns group-0EE0E6A225EC:java.util.concurrent.CompletableFuture@9f915bd[Not completed]
2021-08-26 18:39:56,006 [pool-573-thread-1] INFO  server.RaftServer$Division (RaftServerImpl.java:<init>(181)) - 88d9c6ea-d0be-4004-8450-128776760c0b: new RaftServerImpl for group-0EE0E6A225EC:[95edf07e-7fec-45a0-b357-ea2c9e88c813|rpc:10.1.0.63:34053|dataStream:|priority:0, 88d9c6ea-d0be-4004-8450-128776760c0b|rpc:10.1.0.63:32927|dataStream:|priority:0, 134e4cc8-3e2d-4572-98bc-d75f353c351b|rpc:10.1.0.63:40073|dataStream:|priority:1] with ContainerStateMachine:uninitialized
2021-08-26 18:39:56,007 [pool-573-thread-1] INFO  server.RaftServerConfigKeys (ConfUtils.java:logGet(44)) - raft.server.rpc.timeout.min = 5s (custom)
2021-08-26 18:39:56,007 [pool-573-thread-1] INFO  server.RaftServerConfigKeys (ConfUtils.java:logGet(44)) - raft.server.rpc.timeout.max = 5200ms (custom)
2021-08-26 18:39:56,007 [pool-573-thread-1] INFO  server.RaftServerConfigKeys (ConfUtils.java:logGet(44)) - raft.server.rpc.sleep.time = 25ms (default)
2021-08-26 18:39:56,007 [pool-573-thread-1] INFO  server.RaftServerConfigKeys (ConfUtils.java:logGet(44)) - raft.server.rpc.slowness.timeout = 300000ms (custom)
2021-08-26 18:39:56,007 [pool-573-thread-1] INFO  server.RaftServerConfigKeys (ConfUtils.java:logGet(44)) - raft.server.leaderelection.leader.step-down.wait-time = 10s (default)
2021-08-26 18:39:56,007 [pool-573-thread-1] INFO  server.RaftServerConfigKeys (ConfUtils.java:logGet(44)) - raft.server.sleep.deviation.threshold = 300ms (default)
2021-08-26 18:39:56,007 [pool-573-thread-1] INFO  server.RaftServerConfigKeys (ConfUtils.java:logGet(44)) - raft.server.log.appender.install.snapshot.enabled = false (custom)
2021-08-26 18:39:56,007 [pool-573-thread-1] INFO  server.RaftServer$Division (ServerState.java:<init>(105)) - 88d9c6ea-d0be-4004-8450-128776760c0b@group-0EE0E6A225EC: ConfigurationManager, init=-1: [95edf07e-7fec-45a0-b357-ea2c9e88c813|rpc:10.1.0.63:34053|dataStream:|priority:0, 88d9c6ea-d0be-4004-8450-128776760c0b|rpc:10.1.0.63:32927|dataStream:|priority:0, 134e4cc8-3e2d-4572-98bc-d75f353c351b|rpc:10.1.0.63:40073|dataStream:|priority:1], old=null, confs=<EMPTY_MAP>
2021-08-26 18:39:56,007 [pool-573-thread-1] INFO  server.RaftServerConfigKeys (ConfUtils.java:logGet(44)) - raft.server.storage.dir = [/home/runner/work/ozone/ozone/hadoop-ozone/integration-test/target/test-dir/MiniOzoneClusterImpl-7287d2d4-454f-4da5-bbdc-7dc3b2fb158b/datanode-4/data/ratis] (custom)
2021-08-26 18:39:56,007 [pool-573-thread-1] INFO  server.RaftServerConfigKeys (ConfUtils.java:logGet(44)) - raft.server.log.corruption.policy = EXCEPTION (default)
2021-08-26 18:39:56,007 [pool-573-thread-1] INFO  server.RaftServerConfigKeys (ConfUtils.java:logGet(44)) - raft.server.storage.free-space.min = 0MB (=0) (default)
2021-08-26 18:39:56,007 [pool-573-thread-1] INFO  storage.RaftStorageDirectory (RaftStorageDirectoryImpl.java:analyzeStorage(135)) - The storage directory /home/runner/work/ozone/ozone/hadoop-ozone/integration-test/target/test-dir/MiniOzoneClusterImpl-7287d2d4-454f-4da5-bbdc-7dc3b2fb158b/datanode-4/data/ratis/4c5cff93-0f15-4bcb-87ad-0ee0e6a225ec does not exist. Creating ...
2021-08-26 18:39:56,018 [pool-573-thread-1] INFO  storage.RaftStorageDirectory (RaftStorageDirectoryImpl.java:tryLock(230)) - Lock on /home/runner/work/ozone/ozone/hadoop-ozone/integration-test/target/test-dir/MiniOzoneClusterImpl-7287d2d4-454f-4da5-bbdc-7dc3b2fb158b/datanode-4/data/ratis/4c5cff93-0f15-4bcb-87ad-0ee0e6a225ec/in_use.lock acquired by nodename 22608@fv-az184-233
2021-08-26 18:39:56,028 [pool-573-thread-1] INFO  storage.RaftStorage (RaftStorageImpl.java:format(89)) - Storage directory /home/runner/work/ozone/ozone/hadoop-ozone/integration-test/target/test-dir/MiniOzoneClusterImpl-7287d2d4-454f-4da5-bbdc-7dc3b2fb158b/datanode-4/data/ratis/4c5cff93-0f15-4bcb-87ad-0ee0e6a225ec has been successfully formatted.
2021-08-26 18:39:56,028 [pool-573-thread-1] INFO  ratis.ContainerStateMachine (ContainerStateMachine.java:loadSnapshot(224)) - group-0EE0E6A225EC: The snapshot info is null. Setting the last applied indexto:(t:0, i:~)
2021-08-26 18:39:56,028 [pool-573-thread-1] INFO  server.RaftServerConfigKeys (ConfUtils.java:logGet(44)) - raft.server.notification.no-leader.timeout = 300000ms (custom)
2021-08-26 18:39:56,028 [pool-573-thread-1] INFO  server.RaftServerConfigKeys (ConfUtils.java:logGet(44)) - raft.server.log.use.memory = false (default)
2021-08-26 18:39:56,028 [pool-573-thread-1] INFO  server.RaftServerConfigKeys (ConfUtils.java:logGet(44)) - raft.server.log.purge.gap = 1000000 (custom)
2021-08-26 18:39:56,028 [pool-573-thread-1] INFO  server.RaftServerConfigKeys (ConfUtils.java:logGet(44)) - raft.server.log.appender.buffer.byte-limit = 33554432 (custom)
2021-08-26 18:39:56,029 [pool-573-thread-1] INFO  server.RaftServerConfigKeys (ConfUtils.java:logGet(44)) - raft.server.log.segment.size.max = 1048576 (custom)
2021-08-26 18:39:56,029 [pool-573-thread-1] INFO  server.RaftServerConfigKeys (ConfUtils.java:logGet(44)) - raft.server.log.segment.cache.num.max = 2 (custom)
2021-08-26 18:39:56,029 [pool-573-thread-1] INFO  server.RaftServerConfigKeys (ConfUtils.java:logGet(44)) - raft.server.log.segment.cache.size.max = 200MB (=209715200) (default)
2021-08-26 18:39:56,029 [pool-573-thread-1] INFO  segmented.SegmentedRaftLogWorker (SegmentedRaftLogWorker.java:<init>(182)) - new 88d9c6ea-d0be-4004-8450-128776760c0b@group-0EE0E6A225EC-SegmentedRaftLogWorker for RaftStorageImpl:Storage Directory /home/runner/work/ozone/ozone/hadoop-ozone/integration-test/target/test-dir/MiniOzoneClusterImpl-7287d2d4-454f-4da5-bbdc-7dc3b2fb158b/datanode-4/data/ratis/4c5cff93-0f15-4bcb-87ad-0ee0e6a225ec
2021-08-26 18:39:56,029 [pool-573-thread-1] INFO  server.RaftServerConfigKeys (ConfUtils.java:logGet(44)) - raft.server.log.queue.byte-limit = 2147483647 (custom)
2021-08-26 18:39:56,029 [pool-573-thread-1] INFO  server.RaftServerConfigKeys (ConfUtils.java:logGet(44)) - raft.server.log.queue.element-limit = 1024 (custom)
2021-08-26 18:39:56,029 [pool-573-thread-1] INFO  server.RaftServerConfigKeys (ConfUtils.java:logGet(44)) - raft.server.log.segment.size.max = 1048576 (custom)
2021-08-26 18:39:56,029 [pool-573-thread-1] INFO  server.RaftServerConfigKeys (ConfUtils.java:logGet(44)) - raft.server.log.preallocated.size = 16384 (custom)
2021-08-26 18:39:56,029 [pool-573-thread-1] INFO  server.RaftServerConfigKeys (ConfUtils.java:logGet(44)) - raft.server.log.force.sync.num = 128 (default)
2021-08-26 18:39:56,029 [pool-573-thread-1] INFO  server.RaftServerConfigKeys (ConfUtils.java:logGet(44)) - raft.server.log.statemachine.data.sync = true (default)
2021-08-26 18:39:56,029 [pool-573-thread-1] INFO  server.RaftServerConfigKeys (ConfUtils.java:logGet(44)) - raft.server.log.statemachine.data.sync.timeout = 10s (default)
2021-08-26 18:39:56,030 [pool-573-thread-1] INFO  server.RaftServerConfigKeys (ConfUtils.java:logGet(44)) - raft.server.log.statemachine.data.sync.timeout.retry = -1 (default)
2021-08-26 18:39:56,031 [pool-573-thread-1] INFO  server.RaftServerConfigKeys (ConfUtils.java:logGet(44)) - raft.server.log.write.buffer.size = 1048576 (custom)
2021-08-26 18:39:56,031 [Datanode State Machine Thread - 0] WARN  statemachine.StateContext (StateContext.java:execute(621)) - No available thread in pool for past 1 seconds.
2021-08-26 18:39:56,047 [pool-573-thread-1] INFO  server.RaftServerConfigKeys (ConfUtils.java:logGet(44)) - raft.server.log.statemachine.data.caching.enabled = true (custom)
2021-08-26 18:39:56,047 [pool-573-thread-1] INFO  segmented.SegmentedRaftLogWorker (SegmentedRaftLogWorker.java:lambda$new$0(133)) - 88d9c6ea-d0be-4004-8450-128776760c0b@group-0EE0E6A225EC-SegmentedRaftLogWorker: flushIndex: setUnconditionally 0 -> -1
2021-08-26 18:39:56,047 [pool-573-thread-1] INFO  segmented.SegmentedRaftLogWorker (SegmentedRaftLogWorker.java:lambda$new$0(133)) - 88d9c6ea-d0be-4004-8450-128776760c0b@group-0EE0E6A225EC-SegmentedRaftLogWorker: safeCacheEvictIndex: setUnconditionally 0 -> -1
2021-08-26 18:39:56,060 [pool-573-thread-1] INFO  server.RaftServerConfigKeys (ConfUtils.java:logGet(44)) - raft.server.snapshot.auto.trigger.enabled = true (custom)
2021-08-26 18:39:56,060 [pool-573-thread-1] INFO  server.RaftServerConfigKeys (ConfUtils.java:logGet(44)) - raft.server.snapshot.auto.trigger.threshold = 10000 (custom)
2021-08-26 18:39:56,060 [pool-573-thread-1] INFO  server.RaftServerConfigKeys (ConfUtils.java:logGet(44)) - raft.server.snapshot.retention.file.num = 5 (custom)
2021-08-26 18:39:56,060 [pool-573-thread-1] INFO  server.RaftServerConfigKeys (ConfUtils.java:logGet(44)) - raft.server.log.purge.upto.snapshot.index = false (default)
2021-08-26 18:39:56,060 [pool-573-thread-1] INFO  server.RaftServerConfigKeys (ConfUtils.java:logGet(44)) - raft.server.retrycache.expirytime = 600000ms (custom)
2021-08-26 18:39:56,060 [pool-573-thread-1] INFO  server.RaftServerConfigKeys (ConfUtils.java:logGet(44)) - raft.server.retrycache.statistics.expirytime = 100μs (default)
2021-08-26 18:39:56,061 [pool-573-thread-1] INFO  server.RaftServer$Division (RaftServerImpl.java:start(296)) - 88d9c6ea-d0be-4004-8450-128776760c0b@group-0EE0E6A225EC: start as a follower, conf=-1: [95edf07e-7fec-45a0-b357-ea2c9e88c813|rpc:10.1.0.63:34053|dataStream:|priority:0, 88d9c6ea-d0be-4004-8450-128776760c0b|rpc:10.1.0.63:32927|dataStream:|priority:0, 134e4cc8-3e2d-4572-98bc-d75f353c351b|rpc:10.1.0.63:40073|dataStream:|priority:1], old=null
2021-08-26 18:39:56,061 [pool-573-thread-1] INFO  server.RaftServer$Division (RaftServerImpl.java:setRole(285)) - 88d9c6ea-d0be-4004-8450-128776760c0b@group-0EE0E6A225EC: changes role from      null to FOLLOWER at term 0 for startAsFollower
2021-08-26 18:39:56,061 [pool-573-thread-1] INFO  impl.RoleInfo (RoleInfo.java:updateAndGet(130)) - 88d9c6ea-d0be-4004-8450-128776760c0b: start 88d9c6ea-d0be-4004-8450-128776760c0b@group-0EE0E6A225EC-FollowerState
2021-08-26 18:39:56,075 [pool-573-thread-1] INFO  util.JmxRegister (JmxRegister.java:tryRegister(44)) - Successfully registered JMX Bean with object name Ratis:service=RaftServer,group=group-0EE0E6A225EC,id=88d9c6ea-d0be-4004-8450-128776760c0b
2021-08-26 18:39:56,158 [grpc-default-executor-2] INFO  server.RaftServer (RaftServerProxy.java:addNew(95)) - 134e4cc8-3e2d-4572-98bc-d75f353c351b: addNew group-0EE0E6A225EC:[95edf07e-7fec-45a0-b357-ea2c9e88c813|rpc:10.1.0.63:34053|dataStream:|priority:0, 88d9c6ea-d0be-4004-8450-128776760c0b|rpc:10.1.0.63:32927|dataStream:|priority:0, 134e4cc8-3e2d-4572-98bc-d75f353c351b|rpc:10.1.0.63:40073|dataStream:|priority:1] returns group-0EE0E6A225EC:java.util.concurrent.CompletableFuture@59a1871[Not completed]
2021-08-26 18:39:56,159 [pool-592-thread-1] INFO  server.RaftServer$Division (RaftServerImpl.java:<init>(181)) - 134e4cc8-3e2d-4572-98bc-d75f353c351b: new RaftServerImpl for group-0EE0E6A225EC:[95edf07e-7fec-45a0-b357-ea2c9e88c813|rpc:10.1.0.63:34053|dataStream:|priority:0, 88d9c6ea-d0be-4004-8450-128776760c0b|rpc:10.1.0.63:32927|dataStream:|priority:0, 134e4cc8-3e2d-4572-98bc-d75f353c351b|rpc:10.1.0.63:40073|dataStream:|priority:1] with ContainerStateMachine:uninitialized
2021-08-26 18:39:56,159 [pool-592-thread-1] INFO  server.RaftServerConfigKeys (ConfUtils.java:logGet(44)) - raft.server.rpc.timeout.min = 5s (custom)
2021-08-26 18:39:56,159 [pool-592-thread-1] INFO  server.RaftServerConfigKeys (ConfUtils.java:logGet(44)) - raft.server.rpc.timeout.max = 5200ms (custom)
2021-08-26 18:39:56,159 [pool-592-thread-1] INFO  server.RaftServerConfigKeys (ConfUtils.java:logGet(44)) - raft.server.rpc.sleep.time = 25ms (default)
2021-08-26 18:39:56,159 [pool-592-thread-1] INFO  server.RaftServerConfigKeys (ConfUtils.java:logGet(44)) - raft.server.rpc.slowness.timeout = 300000ms (custom)
2021-08-26 18:39:56,159 [pool-592-thread-1] INFO  server.RaftServerConfigKeys (ConfUtils.java:logGet(44)) - raft.server.leaderelection.leader.step-down.wait-time = 10s (default)
2021-08-26 18:39:56,159 [pool-592-thread-1] INFO  server.RaftServerConfigKeys (ConfUtils.java:logGet(44)) - raft.server.sleep.deviation.threshold = 300ms (default)
2021-08-26 18:39:56,159 [pool-592-thread-1] INFO  server.RaftServerConfigKeys (ConfUtils.java:logGet(44)) - raft.server.log.appender.install.snapshot.enabled = false (custom)
2021-08-26 18:39:56,159 [pool-592-thread-1] INFO  server.RaftServer$Division (ServerState.java:<init>(105)) - 134e4cc8-3e2d-4572-98bc-d75f353c351b@group-0EE0E6A225EC: ConfigurationManager, init=-1: [95edf07e-7fec-45a0-b357-ea2c9e88c813|rpc:10.1.0.63:34053|dataStream:|priority:0, 88d9c6ea-d0be-4004-8450-128776760c0b|rpc:10.1.0.63:32927|dataStream:|priority:0, 134e4cc8-3e2d-4572-98bc-d75f353c351b|rpc:10.1.0.63:40073|dataStream:|priority:1], old=null, confs=<EMPTY_MAP>
2021-08-26 18:39:56,159 [pool-592-thread-1] INFO  server.RaftServerConfigKeys (ConfUtils.java:logGet(44)) - raft.server.storage.dir = [/home/runner/work/ozone/ozone/hadoop-ozone/integration-test/target/test-dir/MiniOzoneClusterImpl-7287d2d4-454f-4da5-bbdc-7dc3b2fb158b/datanode-5/data/ratis] (custom)
2021-08-26 18:39:56,160 [pool-592-thread-1] INFO  server.RaftServerConfigKeys (ConfUtils.java:logGet(44)) - raft.server.log.corruption.policy = EXCEPTION (default)
2021-08-26 18:39:56,160 [pool-592-thread-1] INFO  server.RaftServerConfigKeys (ConfUtils.java:logGet(44)) - raft.server.storage.free-space.min = 0MB (=0) (default)
2021-08-26 18:39:56,160 [pool-592-thread-1] INFO  storage.RaftStorageDirectory (RaftStorageDirectoryImpl.java:analyzeStorage(135)) - The storage directory /home/runner/work/ozone/ozone/hadoop-ozone/integration-test/target/test-dir/MiniOzoneClusterImpl-7287d2d4-454f-4da5-bbdc-7dc3b2fb158b/datanode-5/data/ratis/4c5cff93-0f15-4bcb-87ad-0ee0e6a225ec does not exist. Creating ...
2021-08-26 18:39:56,170 [pool-592-thread-1] INFO  storage.RaftStorageDirectory (RaftStorageDirectoryImpl.java:tryLock(230)) - Lock on /home/runner/work/ozone/ozone/hadoop-ozone/integration-test/target/test-dir/MiniOzoneClusterImpl-7287d2d4-454f-4da5-bbdc-7dc3b2fb158b/datanode-5/data/ratis/4c5cff93-0f15-4bcb-87ad-0ee0e6a225ec/in_use.lock acquired by nodename 22608@fv-az184-233
2021-08-26 18:39:56,173 [pool-592-thread-1] INFO  storage.RaftStorage (RaftStorageImpl.java:format(89)) - Storage directory /home/runner/work/ozone/ozone/hadoop-ozone/integration-test/target/test-dir/MiniOzoneClusterImpl-7287d2d4-454f-4da5-bbdc-7dc3b2fb158b/datanode-5/data/ratis/4c5cff93-0f15-4bcb-87ad-0ee0e6a225ec has been successfully formatted.
2021-08-26 18:39:56,174 [pool-592-thread-1] INFO  ratis.ContainerStateMachine (ContainerStateMachine.java:loadSnapshot(224)) - group-0EE0E6A225EC: The snapshot info is null. Setting the last applied indexto:(t:0, i:~)
2021-08-26 18:39:56,183 [Datanode State Machine Thread - 0] WARN  statemachine.StateContext (StateContext.java:execute(621)) - No available thread in pool for past 1 seconds.
2021-08-26 18:39:56,195 [pool-592-thread-1] INFO  server.RaftServerConfigKeys (ConfUtils.java:logGet(44)) - raft.server.notification.no-leader.timeout = 300000ms (custom)
2021-08-26 18:39:56,195 [pool-592-thread-1] INFO  server.RaftServerConfigKeys (ConfUtils.java:logGet(44)) - raft.server.log.use.memory = false (default)
2021-08-26 18:39:56,195 [pool-592-thread-1] INFO  server.RaftServerConfigKeys (ConfUtils.java:logGet(44)) - raft.server.log.purge.gap = 1000000 (custom)
2021-08-26 18:39:56,195 [pool-592-thread-1] INFO  server.RaftServerConfigKeys (ConfUtils.java:logGet(44)) - raft.server.log.appender.buffer.byte-limit = 33554432 (custom)
2021-08-26 18:39:56,195 [pool-592-thread-1] INFO  server.RaftServerConfigKeys (ConfUtils.java:logGet(44)) - raft.server.log.segment.size.max = 1048576 (custom)
2021-08-26 18:39:56,196 [pool-592-thread-1] INFO  server.RaftServerConfigKeys (ConfUtils.java:logGet(44)) - raft.server.log.segment.cache.num.max = 2 (custom)
2021-08-26 18:39:56,196 [pool-592-thread-1] INFO  server.RaftServerConfigKeys (ConfUtils.java:logGet(44)) - raft.server.log.segment.cache.size.max = 200MB (=209715200) (default)
2021-08-26 18:39:56,196 [pool-592-thread-1] INFO  segmented.SegmentedRaftLogWorker (SegmentedRaftLogWorker.java:<init>(182)) - new 134e4cc8-3e2d-4572-98bc-d75f353c351b@group-0EE0E6A225EC-SegmentedRaftLogWorker for RaftStorageImpl:Storage Directory /home/runner/work/ozone/ozone/hadoop-ozone/integration-test/target/test-dir/MiniOzoneClusterImpl-7287d2d4-454f-4da5-bbdc-7dc3b2fb158b/datanode-5/data/ratis/4c5cff93-0f15-4bcb-87ad-0ee0e6a225ec
2021-08-26 18:39:56,196 [pool-592-thread-1] INFO  server.RaftServerConfigKeys (ConfUtils.java:logGet(44)) - raft.server.log.queue.byte-limit = 2147483647 (custom)
2021-08-26 18:39:56,196 [pool-592-thread-1] INFO  server.RaftServerConfigKeys (ConfUtils.java:logGet(44)) - raft.server.log.queue.element-limit = 1024 (custom)
2021-08-26 18:39:56,196 [pool-592-thread-1] INFO  server.RaftServerConfigKeys (ConfUtils.java:logGet(44)) - raft.server.log.segment.size.max = 1048576 (custom)
2021-08-26 18:39:56,196 [pool-592-thread-1] INFO  server.RaftServerConfigKeys (ConfUtils.java:logGet(44)) - raft.server.log.preallocated.size = 16384 (custom)
2021-08-26 18:39:56,196 [pool-592-thread-1] INFO  server.RaftServerConfigKeys (ConfUtils.java:logGet(44)) - raft.server.log.force.sync.num = 128 (default)
2021-08-26 18:39:56,196 [pool-592-thread-1] INFO  server.RaftServerConfigKeys (ConfUtils.java:logGet(44)) - raft.server.log.statemachine.data.sync = true (default)
2021-08-26 18:39:56,196 [pool-592-thread-1] INFO  server.RaftServerConfigKeys (ConfUtils.java:logGet(44)) - raft.server.log.statemachine.data.sync.timeout = 10s (default)
2021-08-26 18:39:56,196 [pool-592-thread-1] INFO  server.RaftServerConfigKeys (ConfUtils.java:logGet(44)) - raft.server.log.statemachine.data.sync.timeout.retry = -1 (default)
2021-08-26 18:39:56,197 [pool-592-thread-1] INFO  server.RaftServerConfigKeys (ConfUtils.java:logGet(44)) - raft.server.log.write.buffer.size = 1048576 (custom)
2021-08-26 18:39:56,197 [pool-592-thread-1] INFO  server.RaftServerConfigKeys (ConfUtils.java:logGet(44)) - raft.server.log.statemachine.data.caching.enabled = true (custom)
2021-08-26 18:39:56,197 [pool-592-thread-1] INFO  segmented.SegmentedRaftLogWorker (SegmentedRaftLogWorker.java:lambda$new$0(133)) - 134e4cc8-3e2d-4572-98bc-d75f353c351b@group-0EE0E6A225EC-SegmentedRaftLogWorker: flushIndex: setUnconditionally 0 -> -1
2021-08-26 18:39:56,198 [pool-592-thread-1] INFO  segmented.SegmentedRaftLogWorker (SegmentedRaftLogWorker.java:lambda$new$0(133)) - 134e4cc8-3e2d-4572-98bc-d75f353c351b@group-0EE0E6A225EC-SegmentedRaftLogWorker: safeCacheEvictIndex: setUnconditionally 0 -> -1
2021-08-26 18:39:56,200 [pool-592-thread-1] INFO  server.RaftServerConfigKeys (ConfUtils.java:logGet(44)) - raft.server.snapshot.auto.trigger.enabled = true (custom)
2021-08-26 18:39:56,200 [pool-592-thread-1] INFO  server.RaftServerConfigKeys (ConfUtils.java:logGet(44)) - raft.server.snapshot.auto.trigger.threshold = 10000 (custom)
2021-08-26 18:39:56,200 [pool-592-thread-1] INFO  server.RaftServerConfigKeys (ConfUtils.java:logGet(44)) - raft.server.snapshot.retention.file.num = 5 (custom)
2021-08-26 18:39:56,200 [pool-592-thread-1] INFO  server.RaftServerConfigKeys (ConfUtils.java:logGet(44)) - raft.server.log.purge.upto.snapshot.index = false (default)
2021-08-26 18:39:56,200 [pool-592-thread-1] INFO  server.RaftServerConfigKeys (ConfUtils.java:logGet(44)) - raft.server.retrycache.expirytime = 600000ms (custom)
2021-08-26 18:39:56,200 [pool-592-thread-1] INFO  server.RaftServerConfigKeys (ConfUtils.java:logGet(44)) - raft.server.retrycache.statistics.expirytime = 100μs (default)
2021-08-26 18:39:56,201 [pool-592-thread-1] INFO  server.RaftServer$Division (RaftServerImpl.java:start(296)) - 134e4cc8-3e2d-4572-98bc-d75f353c351b@group-0EE0E6A225EC: start as a follower, conf=-1: [95edf07e-7fec-45a0-b357-ea2c9e88c813|rpc:10.1.0.63:34053|dataStream:|priority:0, 88d9c6ea-d0be-4004-8450-128776760c0b|rpc:10.1.0.63:32927|dataStream:|priority:0, 134e4cc8-3e2d-4572-98bc-d75f353c351b|rpc:10.1.0.63:40073|dataStream:|priority:1], old=null
2021-08-26 18:39:56,202 [pool-592-thread-1] INFO  server.RaftServer$Division (RaftServerImpl.java:setRole(285)) - 134e4cc8-3e2d-4572-98bc-d75f353c351b@group-0EE0E6A225EC: changes role from      null to FOLLOWER at term 0 for startAsFollower
2021-08-26 18:39:56,202 [pool-592-thread-1] INFO  impl.RoleInfo (RoleInfo.java:updateAndGet(130)) - 134e4cc8-3e2d-4572-98bc-d75f353c351b: start 134e4cc8-3e2d-4572-98bc-d75f353c351b@group-0EE0E6A225EC-FollowerState
2021-08-26 18:39:56,202 [pool-592-thread-1] INFO  util.JmxRegister (JmxRegister.java:tryRegister(44)) - Successfully registered JMX Bean with object name Ratis:service=RaftServer,group=group-0EE0E6A225EC,id=134e4cc8-3e2d-4572-98bc-d75f353c351b
2021-08-26 18:39:56,222 [Command processor thread] INFO  server.RaftServer (RaftServerProxy.java:addNew(95)) - 88d9c6ea-d0be-4004-8450-128776760c0b: addNew group-361F1E6F84BC:[88d9c6ea-d0be-4004-8450-128776760c0b|rpc:10.1.0.63:32927|priority:1] returns group-361F1E6F84BC:java.util.concurrent.CompletableFuture@6f18b90d[Not completed]
2021-08-26 18:39:56,222 [pool-573-thread-1] INFO  server.RaftServer$Division (RaftServerImpl.java:<init>(181)) - 88d9c6ea-d0be-4004-8450-128776760c0b: new RaftServerImpl for group-361F1E6F84BC:[88d9c6ea-d0be-4004-8450-128776760c0b|rpc:10.1.0.63:32927|priority:1] with ContainerStateMachine:uninitialized
2021-08-26 18:39:56,222 [pool-573-thread-1] INFO  server.RaftServerConfigKeys (ConfUtils.java:logGet(44)) - raft.server.rpc.timeout.min = 5s (custom)
2021-08-26 18:39:56,222 [pool-573-thread-1] INFO  server.RaftServerConfigKeys (ConfUtils.java:logGet(44)) - raft.server.rpc.timeout.max = 5200ms (custom)
2021-08-26 18:39:56,222 [pool-573-thread-1] INFO  server.RaftServerConfigKeys (ConfUtils.java:logGet(44)) - raft.server.rpc.sleep.time = 25ms (default)
2021-08-26 18:39:56,222 [pool-573-thread-1] INFO  server.RaftServerConfigKeys (ConfUtils.java:logGet(44)) - raft.server.rpc.slowness.timeout = 300000ms (custom)
2021-08-26 18:39:56,222 [pool-573-thread-1] INFO  server.RaftServerConfigKeys (ConfUtils.java:logGet(44)) - raft.server.leaderelection.leader.step-down.wait-time = 10s (default)
2021-08-26 18:39:56,222 [pool-573-thread-1] INFO  server.RaftServerConfigKeys (ConfUtils.java:logGet(44)) - raft.server.sleep.deviation.threshold = 300ms (default)
2021-08-26 18:39:56,222 [pool-573-thread-1] INFO  server.RaftServerConfigKeys (ConfUtils.java:logGet(44)) - raft.server.log.appender.install.snapshot.enabled = false (custom)
2021-08-26 18:39:56,223 [pool-573-thread-1] INFO  server.RaftServer$Division (ServerState.java:<init>(105)) - 88d9c6ea-d0be-4004-8450-128776760c0b@group-361F1E6F84BC: ConfigurationManager, init=-1: [88d9c6ea-d0be-4004-8450-128776760c0b|rpc:10.1.0.63:32927|priority:1], old=null, confs=<EMPTY_MAP>
2021-08-26 18:39:56,223 [pool-573-thread-1] INFO  server.RaftServerConfigKeys (ConfUtils.java:logGet(44)) - raft.server.storage.dir = [/home/runner/work/ozone/ozone/hadoop-ozone/integration-test/target/test-dir/MiniOzoneClusterImpl-7287d2d4-454f-4da5-bbdc-7dc3b2fb158b/datanode-4/data/ratis] (custom)
2021-08-26 18:39:56,223 [pool-573-thread-1] INFO  server.RaftServerConfigKeys (ConfUtils.java:logGet(44)) - raft.server.log.corruption.policy = EXCEPTION (default)
2021-08-26 18:39:56,223 [pool-573-thread-1] INFO  server.RaftServerConfigKeys (ConfUtils.java:logGet(44)) - raft.server.storage.free-space.min = 0MB (=0) (default)
2021-08-26 18:39:56,223 [pool-573-thread-1] INFO  storage.RaftStorageDirectory (RaftStorageDirectoryImpl.java:analyzeStorage(135)) - The storage directory /home/runner/work/ozone/ozone/hadoop-ozone/integration-test/target/test-dir/MiniOzoneClusterImpl-7287d2d4-454f-4da5-bbdc-7dc3b2fb158b/datanode-4/data/ratis/b0338b3d-1533-48ab-b957-361f1e6f84bc does not exist. Creating ...
2021-08-26 18:39:56,230 [pool-573-thread-1] INFO  storage.RaftStorageDirectory (RaftStorageDirectoryImpl.java:tryLock(230)) - Lock on /home/runner/work/ozone/ozone/hadoop-ozone/integration-test/target/test-dir/MiniOzoneClusterImpl-7287d2d4-454f-4da5-bbdc-7dc3b2fb158b/datanode-4/data/ratis/b0338b3d-1533-48ab-b957-361f1e6f84bc/in_use.lock acquired by nodename 22608@fv-az184-233
2021-08-26 18:39:56,236 [pool-573-thread-1] INFO  storage.RaftStorage (RaftStorageImpl.java:format(89)) - Storage directory /home/runner/work/ozone/ozone/hadoop-ozone/integration-test/target/test-dir/MiniOzoneClusterImpl-7287d2d4-454f-4da5-bbdc-7dc3b2fb158b/datanode-4/data/ratis/b0338b3d-1533-48ab-b957-361f1e6f84bc has been successfully formatted.
2021-08-26 18:39:56,236 [Datanode State Machine Thread - 0] WARN  statemachine.StateContext (StateContext.java:execute(621)) - No available thread in pool for past 1 seconds.
2021-08-26 18:39:56,238 [EventQueue-PipelineReportForPipelineReportHandler] INFO  pipeline.PipelineManagerImpl (PipelineManagerImpl.java:openPipeline(282)) - Pipeline Pipeline[ Id: b0338b3d-1533-48ab-b957-361f1e6f84bc, Nodes: 88d9c6ea-d0be-4004-8450-128776760c0b{ip: 10.1.0.63, host: fv-az184-233.3ow45vhwbzuu5incsxmygykede.cx.internal.cloudapp.net, ports: [REPLICATION=45503, RATIS=32927, RATIS_ADMIN=32927, RATIS_SERVER=32927, STANDALONE=46325], networkLocation: /default-rack, certSerialId: null, persistedOpState: IN_SERVICE, persistedOpStateExpiryEpochSec: 0}, ReplicationConfig: RATIS/ONE, State:ALLOCATED, leaderId:88d9c6ea-d0be-4004-8450-128776760c0b, CreationTimestamp2021-08-26T18:39:53.229Z[Etc/UTC]] moved to OPEN state
2021-08-26 18:39:56,238 [EventQueue-OpenPipelineForHealthyPipelineSafeModeRule] INFO  safemode.SCMSafeModeManager (HealthyPipelineSafeModeRule.java:process(124)) - SCM in safe mode. Healthy pipelines reported count is 0, required healthy pipeline reported count is 1
2021-08-26 18:39:56,240 [Command processor thread] INFO  commandhandler.CreatePipelineCommandHandler (CreatePipelineCommandHandler.java:handle(106)) - Created Pipeline RATIS THREE PipelineID=4c5cff93-0f15-4bcb-87ad-0ee0e6a225ec.
2021-08-26 18:39:56,240 [Listener at 127.0.0.1/40319] INFO  ozone.MiniOzoneClusterImpl (MiniOzoneClusterImpl.java:lambda$waitForClusterToBeReady$0(235)) - Nodes are ready. Got 7 of 7 DN Heartbeats.
2021-08-26 18:39:56,240 [Listener at 127.0.0.1/40319] INFO  ozone.MiniOzoneClusterImpl (MiniOzoneClusterImpl.java:lambda$waitForClusterToBeReady$0(238)) - Waiting for cluster to exit safe mode
2021-08-26 18:39:56,240 [Listener at 127.0.0.1/40319] INFO  ozone.MiniOzoneClusterImpl (MiniOzoneClusterImpl.java:lambda$waitForClusterToBeReady$0(240)) - SCM became leader
2021-08-26 18:39:56,275 [pool-573-thread-1] INFO  ratis.ContainerStateMachine (ContainerStateMachine.java:loadSnapshot(224)) - group-361F1E6F84BC: The snapshot info is null. Setting the last applied indexto:(t:0, i:~)
2021-08-26 18:39:56,275 [pool-573-thread-1] INFO  server.RaftServerConfigKeys (ConfUtils.java:logGet(44)) - raft.server.notification.no-leader.timeout = 300000ms (custom)
2021-08-26 18:39:56,275 [pool-573-thread-1] INFO  server.RaftServerConfigKeys (ConfUtils.java:logGet(44)) - raft.server.log.use.memory = false (default)
2021-08-26 18:39:56,275 [pool-573-thread-1] INFO  server.RaftServerConfigKeys (ConfUtils.java:logGet(44)) - raft.server.log.purge.gap = 1000000 (custom)
2021-08-26 18:39:56,275 [pool-573-thread-1] INFO  server.RaftServerConfigKeys (ConfUtils.java:logGet(44)) - raft.server.log.appender.buffer.byte-limit = 33554432 (custom)
2021-08-26 18:39:56,275 [pool-573-thread-1] INFO  server.RaftServerConfigKeys (ConfUtils.java:logGet(44)) - raft.server.log.segment.size.max = 1048576 (custom)
2021-08-26 18:39:56,276 [pool-573-thread-1] INFO  server.RaftServerConfigKeys (ConfUtils.java:logGet(44)) - raft.server.log.segment.cache.num.max = 2 (custom)
2021-08-26 18:39:56,276 [pool-573-thread-1] INFO  server.RaftServerConfigKeys (ConfUtils.java:logGet(44)) - raft.server.log.segment.cache.size.max = 200MB (=209715200) (default)
2021-08-26 18:39:56,276 [pool-573-thread-1] INFO  segmented.SegmentedRaftLogWorker (SegmentedRaftLogWorker.java:<init>(182)) - new 88d9c6ea-d0be-4004-8450-128776760c0b@group-361F1E6F84BC-SegmentedRaftLogWorker for RaftStorageImpl:Storage Directory /home/runner/work/ozone/ozone/hadoop-ozone/integration-test/target/test-dir/MiniOzoneClusterImpl-7287d2d4-454f-4da5-bbdc-7dc3b2fb158b/datanode-4/data/ratis/b0338b3d-1533-48ab-b957-361f1e6f84bc
2021-08-26 18:39:56,276 [pool-573-thread-1] INFO  server.RaftServerConfigKeys (ConfUtils.java:logGet(44)) - raft.server.log.queue.byte-limit = 2147483647 (custom)
2021-08-26 18:39:56,276 [pool-573-thread-1] INFO  server.RaftServerConfigKeys (ConfUtils.java:logGet(44)) - raft.server.log.queue.element-limit = 1024 (custom)
2021-08-26 18:39:56,276 [pool-573-thread-1] INFO  server.RaftServerConfigKeys (ConfUtils.java:logGet(44)) - raft.server.log.segment.size.max = 1048576 (custom)
2021-08-26 18:39:56,276 [pool-573-thread-1] INFO  server.RaftServerConfigKeys (ConfUtils.java:logGet(44)) - raft.server.log.preallocated.size = 16384 (custom)
2021-08-26 18:39:56,276 [pool-573-thread-1] INFO  server.RaftServerConfigKeys (ConfUtils.java:logGet(44)) - raft.server.log.force.sync.num = 128 (default)
2021-08-26 18:39:56,276 [pool-573-thread-1] INFO  server.RaftServerConfigKeys (ConfUtils.java:logGet(44)) - raft.server.log.statemachine.data.sync = true (default)
2021-08-26 18:39:56,276 [pool-573-thread-1] INFO  server.RaftServerConfigKeys (ConfUtils.java:logGet(44)) - raft.server.log.statemachine.data.sync.timeout = 10s (default)
2021-08-26 18:39:56,276 [pool-573-thread-1] INFO  server.RaftServerConfigKeys (ConfUtils.java:logGet(44)) - raft.server.log.statemachine.data.sync.timeout.retry = -1 (default)
2021-08-26 18:39:56,277 [pool-573-thread-1] INFO  server.RaftServerConfigKeys (ConfUtils.java:logGet(44)) - raft.server.log.write.buffer.size = 1048576 (custom)
2021-08-26 18:39:56,278 [pool-573-thread-1] INFO  server.RaftServerConfigKeys (ConfUtils.java:logGet(44)) - raft.server.log.statemachine.data.caching.enabled = true (custom)
2021-08-26 18:39:56,278 [pool-573-thread-1] INFO  segmented.SegmentedRaftLogWorker (SegmentedRaftLogWorker.java:lambda$new$0(133)) - 88d9c6ea-d0be-4004-8450-128776760c0b@group-361F1E6F84BC-SegmentedRaftLogWorker: flushIndex: setUnconditionally 0 -> -1
2021-08-26 18:39:56,278 [pool-573-thread-1] INFO  segmented.SegmentedRaftLogWorker (SegmentedRaftLogWorker.java:lambda$new$0(133)) - 88d9c6ea-d0be-4004-8450-128776760c0b@group-361F1E6F84BC-SegmentedRaftLogWorker: safeCacheEvictIndex: setUnconditionally 0 -> -1
2021-08-26 18:39:56,285 [pool-573-thread-1] INFO  server.RaftServerConfigKeys (ConfUtils.java:logGet(44)) - raft.server.snapshot.auto.trigger.enabled = true (custom)
2021-08-26 18:39:56,285 [pool-573-thread-1] INFO  server.RaftServerConfigKeys (ConfUtils.java:logGet(44)) - raft.server.snapshot.auto.trigger.threshold = 10000 (custom)
2021-08-26 18:39:56,285 [pool-573-thread-1] INFO  server.RaftServerConfigKeys (ConfUtils.java:logGet(44)) - raft.server.snapshot.retention.file.num = 5 (custom)
2021-08-26 18:39:56,285 [pool-573-thread-1] INFO  server.RaftServerConfigKeys (ConfUtils.java:logGet(44)) - raft.server.log.purge.upto.snapshot.index = false (default)
2021-08-26 18:39:56,285 [pool-573-thread-1] INFO  server.RaftServerConfigKeys (ConfUtils.java:logGet(44)) - raft.server.retrycache.expirytime = 600000ms (custom)
2021-08-26 18:39:56,285 [pool-573-thread-1] INFO  server.RaftServerConfigKeys (ConfUtils.java:logGet(44)) - raft.server.retrycache.statistics.expirytime = 100μs (default)
2021-08-26 18:39:56,286 [pool-573-thread-1] INFO  server.RaftServer$Division (RaftServerImpl.java:start(296)) - 88d9c6ea-d0be-4004-8450-128776760c0b@group-361F1E6F84BC: start as a follower, conf=-1: [88d9c6ea-d0be-4004-8450-128776760c0b|rpc:10.1.0.63:32927|priority:1], old=null
2021-08-26 18:39:56,286 [pool-573-thread-1] INFO  server.RaftServer$Division (RaftServerImpl.java:setRole(285)) - 88d9c6ea-d0be-4004-8450-128776760c0b@group-361F1E6F84BC: changes role from      null to FOLLOWER at term 0 for startAsFollower
2021-08-26 18:39:56,286 [pool-573-thread-1] INFO  impl.RoleInfo (RoleInfo.java:updateAndGet(130)) - 88d9c6ea-d0be-4004-8450-128776760c0b: start 88d9c6ea-d0be-4004-8450-128776760c0b@group-361F1E6F84BC-FollowerState
2021-08-26 18:39:56,293 [pool-573-thread-1] INFO  util.JmxRegister (JmxRegister.java:tryRegister(44)) - Successfully registered JMX Bean with object name Ratis:service=RaftServer,group=group-361F1E6F84BC,id=88d9c6ea-d0be-4004-8450-128776760c0b
2021-08-26 18:39:56,295 [Command processor thread] INFO  ratis.XceiverServerRatis (XceiverServerRatis.java:addGroup(763)) - Created group PipelineID=b0338b3d-1533-48ab-b957-361f1e6f84bc
2021-08-26 18:39:56,295 [Command processor thread] INFO  commandhandler.CreatePipelineCommandHandler (CreatePipelineCommandHandler.java:handle(106)) - Created Pipeline RATIS ONE PipelineID=b0338b3d-1533-48ab-b957-361f1e6f84bc.
2021-08-26 18:39:56,734 [Command processor thread] INFO  server.RaftServer (RaftServerProxy.java:addNew(95)) - 134e4cc8-3e2d-4572-98bc-d75f353c351b: addNew group-5A6A83044A6C:[134e4cc8-3e2d-4572-98bc-d75f353c351b|rpc:10.1.0.63:40073|priority:1] returns group-5A6A83044A6C:java.util.concurrent.CompletableFuture@76ec3dd[Not completed]
2021-08-26 18:39:56,735 [pool-592-thread-1] INFO  server.RaftServer$Division (RaftServerImpl.java:<init>(181)) - 134e4cc8-3e2d-4572-98bc-d75f353c351b: new RaftServerImpl for group-5A6A83044A6C:[134e4cc8-3e2d-4572-98bc-d75f353c351b|rpc:10.1.0.63:40073|priority:1] with ContainerStateMachine:uninitialized
2021-08-26 18:39:56,735 [pool-592-thread-1] INFO  server.RaftServerConfigKeys (ConfUtils.java:logGet(44)) - raft.server.rpc.timeout.min = 5s (custom)
2021-08-26 18:39:56,735 [pool-592-thread-1] INFO  server.RaftServerConfigKeys (ConfUtils.java:logGet(44)) - raft.server.rpc.timeout.max = 5200ms (custom)
2021-08-26 18:39:56,735 [pool-592-thread-1] INFO  server.RaftServerConfigKeys (ConfUtils.java:logGet(44)) - raft.server.rpc.sleep.time = 25ms (default)
2021-08-26 18:39:56,735 [pool-592-thread-1] INFO  server.RaftServerConfigKeys (ConfUtils.java:logGet(44)) - raft.server.rpc.slowness.timeout = 300000ms (custom)
2021-08-26 18:39:56,735 [pool-592-thread-1] INFO  server.RaftServerConfigKeys (ConfUtils.java:logGet(44)) - raft.server.leaderelection.leader.step-down.wait-time = 10s (default)
2021-08-26 18:39:56,735 [pool-592-thread-1] INFO  server.RaftServerConfigKeys (ConfUtils.java:logGet(44)) - raft.server.sleep.deviation.threshold = 300ms (default)
2021-08-26 18:39:56,735 [pool-592-thread-1] INFO  server.RaftServerConfigKeys (ConfUtils.java:logGet(44)) - raft.server.log.appender.install.snapshot.enabled = false (custom)
2021-08-26 18:39:56,735 [pool-592-thread-1] INFO  server.RaftServer$Division (ServerState.java:<init>(105)) - 134e4cc8-3e2d-4572-98bc-d75f353c351b@group-5A6A83044A6C: ConfigurationManager, init=-1: [134e4cc8-3e2d-4572-98bc-d75f353c351b|rpc:10.1.0.63:40073|priority:1], old=null, confs=<EMPTY_MAP>
2021-08-26 18:39:56,735 [pool-592-thread-1] INFO  server.RaftServerConfigKeys (ConfUtils.java:logGet(44)) - raft.server.storage.dir = [/home/runner/work/ozone/ozone/hadoop-ozone/integration-test/target/test-dir/MiniOzoneClusterImpl-7287d2d4-454f-4da5-bbdc-7dc3b2fb158b/datanode-5/data/ratis] (custom)
2021-08-26 18:39:56,735 [pool-592-thread-1] INFO  server.RaftServerConfigKeys (ConfUtils.java:logGet(44)) - raft.server.log.corruption.policy = EXCEPTION (default)
2021-08-26 18:39:56,735 [pool-592-thread-1] INFO  server.RaftServerConfigKeys (ConfUtils.java:logGet(44)) - raft.server.storage.free-space.min = 0MB (=0) (default)
2021-08-26 18:39:56,736 [pool-592-thread-1] INFO  storage.RaftStorageDirectory (RaftStorageDirectoryImpl.java:analyzeStorage(135)) - The storage directory /home/runner/work/ozone/ozone/hadoop-ozone/integration-test/target/test-dir/MiniOzoneClusterImpl-7287d2d4-454f-4da5-bbdc-7dc3b2fb158b/datanode-5/data/ratis/167a2d77-85a1-4800-9a55-5a6a83044a6c does not exist. Creating ...
2021-08-26 18:39:56,737 [pool-592-thread-1] INFO  storage.RaftStorageDirectory (RaftStorageDirectoryImpl.java:tryLock(230)) - Lock on /home/runner/work/ozone/ozone/hadoop-ozone/integration-test/target/test-dir/MiniOzoneClusterImpl-7287d2d4-454f-4da5-bbdc-7dc3b2fb158b/datanode-5/data/ratis/167a2d77-85a1-4800-9a55-5a6a83044a6c/in_use.lock acquired by nodename 22608@fv-az184-233
2021-08-26 18:39:56,738 [pool-592-thread-1] INFO  storage.RaftStorage (RaftStorageImpl.java:format(89)) - Storage directory /home/runner/work/ozone/ozone/hadoop-ozone/integration-test/target/test-dir/MiniOzoneClusterImpl-7287d2d4-454f-4da5-bbdc-7dc3b2fb158b/datanode-5/data/ratis/167a2d77-85a1-4800-9a55-5a6a83044a6c has been successfully formatted.
2021-08-26 18:39:56,738 [Datanode State Machine Thread - 0] WARN  statemachine.StateContext (StateContext.java:execute(621)) - No available thread in pool for past 1 seconds.
2021-08-26 18:39:56,738 [pool-592-thread-1] INFO  ratis.ContainerStateMachine (ContainerStateMachine.java:loadSnapshot(224)) - group-5A6A83044A6C: The snapshot info is null. Setting the last applied indexto:(t:0, i:~)
2021-08-26 18:39:56,738 [pool-592-thread-1] INFO  server.RaftServerConfigKeys (ConfUtils.java:logGet(44)) - raft.server.notification.no-leader.timeout = 300000ms (custom)
2021-08-26 18:39:56,738 [pool-592-thread-1] INFO  server.RaftServerConfigKeys (ConfUtils.java:logGet(44)) - raft.server.log.use.memory = false (default)
2021-08-26 18:39:56,738 [pool-592-thread-1] INFO  server.RaftServerConfigKeys (ConfUtils.java:logGet(44)) - raft.server.log.purge.gap = 1000000 (custom)
2021-08-26 18:39:56,739 [pool-592-thread-1] INFO  server.RaftServerConfigKeys (ConfUtils.java:logGet(44)) - raft.server.log.appender.buffer.byte-limit = 33554432 (custom)
2021-08-26 18:39:56,739 [pool-592-thread-1] INFO  server.RaftServerConfigKeys (ConfUtils.java:logGet(44)) - raft.server.log.segment.size.max = 1048576 (custom)
2021-08-26 18:39:56,742 [EventQueue-PipelineReportForPipelineReportHandler] INFO  pipeline.PipelineManagerImpl (PipelineManagerImpl.java:openPipeline(282)) - Pipeline Pipeline[ Id: 167a2d77-85a1-4800-9a55-5a6a83044a6c, Nodes: 134e4cc8-3e2d-4572-98bc-d75f353c351b{ip: 10.1.0.63, host: fv-az184-233.3ow45vhwbzuu5incsxmygykede.cx.internal.cloudapp.net, ports: [REPLICATION=33211, RATIS=40073, RATIS_ADMIN=40073, RATIS_SERVER=40073, STANDALONE=44329], networkLocation: /default-rack, certSerialId: null, persistedOpState: IN_SERVICE, persistedOpStateExpiryEpochSec: 0}, ReplicationConfig: RATIS/ONE, State:ALLOCATED, leaderId:134e4cc8-3e2d-4572-98bc-d75f353c351b, CreationTimestamp2021-08-26T18:39:53.738Z[Etc/UTC]] moved to OPEN state
2021-08-26 18:39:56,742 [EventQueue-OpenPipelineForHealthyPipelineSafeModeRule] INFO  safemode.SCMSafeModeManager (HealthyPipelineSafeModeRule.java:process(124)) - SCM in safe mode. Healthy pipelines reported count is 0, required healthy pipeline reported count is 1
2021-08-26 18:39:56,746 [pool-592-thread-1] INFO  server.RaftServerConfigKeys (ConfUtils.java:logGet(44)) - raft.server.log.segment.cache.num.max = 2 (custom)
2021-08-26 18:39:56,746 [pool-592-thread-1] INFO  server.RaftServerConfigKeys (ConfUtils.java:logGet(44)) - raft.server.log.segment.cache.size.max = 200MB (=209715200) (default)
2021-08-26 18:39:56,746 [pool-592-thread-1] INFO  segmented.SegmentedRaftLogWorker (SegmentedRaftLogWorker.java:<init>(182)) - new 134e4cc8-3e2d-4572-98bc-d75f353c351b@group-5A6A83044A6C-SegmentedRaftLogWorker for RaftStorageImpl:Storage Directory /home/runner/work/ozone/ozone/hadoop-ozone/integration-test/target/test-dir/MiniOzoneClusterImpl-7287d2d4-454f-4da5-bbdc-7dc3b2fb158b/datanode-5/data/ratis/167a2d77-85a1-4800-9a55-5a6a83044a6c
2021-08-26 18:39:56,747 [pool-592-thread-1] INFO  server.RaftServerConfigKeys (ConfUtils.java:logGet(44)) - raft.server.log.queue.byte-limit = 2147483647 (custom)
2021-08-26 18:39:56,747 [pool-592-thread-1] INFO  server.RaftServerConfigKeys (ConfUtils.java:logGet(44)) - raft.server.log.queue.element-limit = 1024 (custom)
2021-08-26 18:39:56,747 [pool-592-thread-1] INFO  server.RaftServerConfigKeys (ConfUtils.java:logGet(44)) - raft.server.log.segment.size.max = 1048576 (custom)
2021-08-26 18:39:56,747 [pool-592-thread-1] INFO  server.RaftServerConfigKeys (ConfUtils.java:logGet(44)) - raft.server.log.preallocated.size = 16384 (custom)
2021-08-26 18:39:56,747 [pool-592-thread-1] INFO  server.RaftServerConfigKeys (ConfUtils.java:logGet(44)) - raft.server.log.force.sync.num = 128 (default)
2021-08-26 18:39:56,747 [pool-592-thread-1] INFO  server.RaftServerConfigKeys (ConfUtils.java:logGet(44)) - raft.server.log.statemachine.data.sync = true (default)
2021-08-26 18:39:56,747 [pool-592-thread-1] INFO  server.RaftServerConfigKeys (ConfUtils.java:logGet(44)) - raft.server.log.statemachine.data.sync.timeout = 10s (default)
2021-08-26 18:39:56,747 [pool-592-thread-1] INFO  server.RaftServerConfigKeys (ConfUtils.java:logGet(44)) - raft.server.log.statemachine.data.sync.timeout.retry = -1 (default)
2021-08-26 18:39:56,748 [pool-592-thread-1] INFO  server.RaftServerConfigKeys (ConfUtils.java:logGet(44)) - raft.server.log.write.buffer.size = 1048576 (custom)
2021-08-26 18:39:56,749 [pool-592-thread-1] INFO  server.RaftServerConfigKeys (ConfUtils.java:logGet(44)) - raft.server.log.statemachine.data.caching.enabled = true (custom)
2021-08-26 18:39:56,749 [pool-592-thread-1] INFO  segmented.SegmentedRaftLogWorker (SegmentedRaftLogWorker.java:lambda$new$0(133)) - 134e4cc8-3e2d-4572-98bc-d75f353c351b@group-5A6A83044A6C-SegmentedRaftLogWorker: flushIndex: setUnconditionally 0 -> -1
2021-08-26 18:39:56,749 [pool-592-thread-1] INFO  segmented.SegmentedRaftLogWorker (SegmentedRaftLogWorker.java:lambda$new$0(133)) - 134e4cc8-3e2d-4572-98bc-d75f353c351b@group-5A6A83044A6C-SegmentedRaftLogWorker: safeCacheEvictIndex: setUnconditionally 0 -> -1
2021-08-26 18:39:56,749 [pool-592-thread-1] INFO  server.RaftServerConfigKeys (ConfUtils.java:logGet(44)) - raft.server.snapshot.auto.trigger.enabled = true (custom)
2021-08-26 18:39:56,749 [pool-592-thread-1] INFO  server.RaftServerConfigKeys (ConfUtils.java:logGet(44)) - raft.server.snapshot.auto.trigger.threshold = 10000 (custom)
2021-08-26 18:39:56,749 [pool-592-thread-1] INFO  server.RaftServerConfigKeys (ConfUtils.java:logGet(44)) - raft.server.snapshot.retention.file.num = 5 (custom)
2021-08-26 18:39:56,749 [pool-592-thread-1] INFO  server.RaftServerConfigKeys (ConfUtils.java:logGet(44)) - raft.server.log.purge.upto.snapshot.index = false (default)
2021-08-26 18:39:56,749 [pool-592-thread-1] INFO  server.RaftServerConfigKeys (ConfUtils.java:logGet(44)) - raft.server.retrycache.expirytime = 600000ms (custom)
2021-08-26 18:39:56,749 [pool-592-thread-1] INFO  server.RaftServerConfigKeys (ConfUtils.java:logGet(44)) - raft.server.retrycache.statistics.expirytime = 100μs (default)
2021-08-26 18:39:56,751 [pool-592-thread-1] INFO  server.RaftServer$Division (RaftServerImpl.java:start(296)) - 134e4cc8-3e2d-4572-98bc-d75f353c351b@group-5A6A83044A6C: start as a follower, conf=-1: [134e4cc8-3e2d-4572-98bc-d75f353c351b|rpc:10.1.0.63:40073|priority:1], old=null
2021-08-26 18:39:56,751 [pool-592-thread-1] INFO  server.RaftServer$Division (RaftServerImpl.java:setRole(285)) - 134e4cc8-3e2d-4572-98bc-d75f353c351b@group-5A6A83044A6C: changes role from      null to FOLLOWER at term 0 for startAsFollower
2021-08-26 18:39:56,751 [pool-592-thread-1] INFO  impl.RoleInfo (RoleInfo.java:updateAndGet(130)) - 134e4cc8-3e2d-4572-98bc-d75f353c351b: start 134e4cc8-3e2d-4572-98bc-d75f353c351b@group-5A6A83044A6C-FollowerState
2021-08-26 18:39:56,751 [pool-592-thread-1] INFO  util.JmxRegister (JmxRegister.java:tryRegister(44)) - Successfully registered JMX Bean with object name Ratis:service=RaftServer,group=group-5A6A83044A6C,id=134e4cc8-3e2d-4572-98bc-d75f353c351b
2021-08-26 18:39:56,752 [Command processor thread] INFO  ratis.XceiverServerRatis (XceiverServerRatis.java:addGroup(763)) - Created group PipelineID=167a2d77-85a1-4800-9a55-5a6a83044a6c
2021-08-26 18:39:56,752 [Command processor thread] INFO  commandhandler.CreatePipelineCommandHandler (CreatePipelineCommandHandler.java:handle(106)) - Created Pipeline RATIS ONE PipelineID=167a2d77-85a1-4800-9a55-5a6a83044a6c.
2021-08-26 18:39:57,241 [Listener at 127.0.0.1/40319] INFO  ozone.MiniOzoneClusterImpl (MiniOzoneClusterImpl.java:lambda$waitForClusterToBeReady$0(235)) - Nodes are ready. Got 7 of 7 DN Heartbeats.
2021-08-26 18:39:57,241 [Listener at 127.0.0.1/40319] INFO  ozone.MiniOzoneClusterImpl (MiniOzoneClusterImpl.java:lambda$waitForClusterToBeReady$0(238)) - Waiting for cluster to exit safe mode
2021-08-26 18:39:57,241 [Listener at 127.0.0.1/40319] INFO  ozone.MiniOzoneClusterImpl (MiniOzoneClusterImpl.java:lambda$waitForClusterToBeReady$0(240)) - SCM became leader
2021-08-26 18:39:57,272 [Command processor thread] INFO  server.RaftServer (RaftServerProxy.java:addNew(95)) - 7a21a715-39a0-4b71-a267-c33797e0d730: addNew group-ED1163F076C5:[7a21a715-39a0-4b71-a267-c33797e0d730|rpc:10.1.0.63:34101|priority:1] returns group-ED1163F076C5:java.util.concurrent.CompletableFuture@27875929[Not completed]
2021-08-26 18:39:57,273 [pool-611-thread-1] INFO  server.RaftServer$Division (RaftServerImpl.java:<init>(181)) - 7a21a715-39a0-4b71-a267-c33797e0d730: new RaftServerImpl for group-ED1163F076C5:[7a21a715-39a0-4b71-a267-c33797e0d730|rpc:10.1.0.63:34101|priority:1] with ContainerStateMachine:uninitialized
2021-08-26 18:39:57,273 [pool-611-thread-1] INFO  server.RaftServerConfigKeys (ConfUtils.java:logGet(44)) - raft.server.rpc.timeout.min = 5s (custom)
2021-08-26 18:39:57,273 [pool-611-thread-1] INFO  server.RaftServerConfigKeys (ConfUtils.java:logGet(44)) - raft.server.rpc.timeout.max = 5200ms (custom)
2021-08-26 18:39:57,273 [pool-611-thread-1] INFO  server.RaftServerConfigKeys (ConfUtils.java:logGet(44)) - raft.server.rpc.sleep.time = 25ms (default)
2021-08-26 18:39:57,273 [pool-611-thread-1] INFO  server.RaftServerConfigKeys (ConfUtils.java:logGet(44)) - raft.server.rpc.slowness.timeout = 300000ms (custom)
2021-08-26 18:39:57,273 [pool-611-thread-1] INFO  server.RaftServerConfigKeys (ConfUtils.java:logGet(44)) - raft.server.leaderelection.leader.step-down.wait-time = 10s (default)
2021-08-26 18:39:57,274 [pool-611-thread-1] INFO  server.RaftServerConfigKeys (ConfUtils.java:logGet(44)) - raft.server.sleep.deviation.threshold = 300ms (default)
2021-08-26 18:39:57,274 [pool-611-thread-1] INFO  server.RaftServerConfigKeys (ConfUtils.java:logGet(44)) - raft.server.log.appender.install.snapshot.enabled = false (custom)
2021-08-26 18:39:57,274 [pool-611-thread-1] INFO  server.RaftServer$Division (ServerState.java:<init>(105)) - 7a21a715-39a0-4b71-a267-c33797e0d730@group-ED1163F076C5: ConfigurationManager, init=-1: [7a21a715-39a0-4b71-a267-c33797e0d730|rpc:10.1.0.63:34101|priority:1], old=null, confs=<EMPTY_MAP>
2021-08-26 18:39:57,274 [pool-611-thread-1] INFO  server.RaftServerConfigKeys (ConfUtils.java:logGet(44)) - raft.server.storage.dir = [/home/runner/work/ozone/ozone/hadoop-ozone/integration-test/target/test-dir/MiniOzoneClusterImpl-7287d2d4-454f-4da5-bbdc-7dc3b2fb158b/datanode-6/data/ratis] (custom)
2021-08-26 18:39:57,274 [pool-611-thread-1] INFO  server.RaftServerConfigKeys (ConfUtils.java:logGet(44)) - raft.server.log.corruption.policy = EXCEPTION (default)
2021-08-26 18:39:57,343 [pool-611-thread-1] INFO  server.RaftServerConfigKeys (ConfUtils.java:logGet(44)) - raft.server.storage.free-space.min = 0MB (=0) (default)
2021-08-26 18:39:57,343 [pool-611-thread-1] INFO  storage.RaftStorageDirectory (RaftStorageDirectoryImpl.java:analyzeStorage(135)) - The storage directory /home/runner/work/ozone/ozone/hadoop-ozone/integration-test/target/test-dir/MiniOzoneClusterImpl-7287d2d4-454f-4da5-bbdc-7dc3b2fb158b/datanode-6/data/ratis/99c967c8-256d-430e-a39a-ed1163f076c5 does not exist. Creating ...
2021-08-26 18:39:57,350 [pool-611-thread-1] INFO  storage.RaftStorageDirectory (RaftStorageDirectoryImpl.java:tryLock(230)) - Lock on /home/runner/work/ozone/ozone/hadoop-ozone/integration-test/target/test-dir/MiniOzoneClusterImpl-7287d2d4-454f-4da5-bbdc-7dc3b2fb158b/datanode-6/data/ratis/99c967c8-256d-430e-a39a-ed1163f076c5/in_use.lock acquired by nodename 22608@fv-az184-233
2021-08-26 18:39:57,361 [pool-611-thread-1] INFO  storage.RaftStorage (RaftStorageImpl.java:format(89)) - Storage directory /home/runner/work/ozone/ozone/hadoop-ozone/integration-test/target/test-dir/MiniOzoneClusterImpl-7287d2d4-454f-4da5-bbdc-7dc3b2fb158b/datanode-6/data/ratis/99c967c8-256d-430e-a39a-ed1163f076c5 has been successfully formatted.
2021-08-26 18:39:57,388 [pool-611-thread-1] INFO  ratis.ContainerStateMachine (ContainerStateMachine.java:loadSnapshot(224)) - group-ED1163F076C5: The snapshot info is null. Setting the last applied indexto:(t:0, i:~)
2021-08-26 18:39:57,388 [pool-611-thread-1] INFO  server.RaftServerConfigKeys (ConfUtils.java:logGet(44)) - raft.server.notification.no-leader.timeout = 300000ms (custom)
2021-08-26 18:39:57,388 [pool-611-thread-1] INFO  server.RaftServerConfigKeys (ConfUtils.java:logGet(44)) - raft.server.log.use.memory = false (default)
2021-08-26 18:39:57,388 [pool-611-thread-1] INFO  server.RaftServerConfigKeys (ConfUtils.java:logGet(44)) - raft.server.log.purge.gap = 1000000 (custom)
2021-08-26 18:39:57,388 [pool-611-thread-1] INFO  server.RaftServerConfigKeys (ConfUtils.java:logGet(44)) - raft.server.log.appender.buffer.byte-limit = 33554432 (custom)
2021-08-26 18:39:57,389 [pool-611-thread-1] INFO  server.RaftServerConfigKeys (ConfUtils.java:logGet(44)) - raft.server.log.segment.size.max = 1048576 (custom)
2021-08-26 18:39:57,389 [pool-611-thread-1] INFO  server.RaftServerConfigKeys (ConfUtils.java:logGet(44)) - raft.server.log.segment.cache.num.max = 2 (custom)
2021-08-26 18:39:57,389 [pool-611-thread-1] INFO  server.RaftServerConfigKeys (ConfUtils.java:logGet(44)) - raft.server.log.segment.cache.size.max = 200MB (=209715200) (default)
2021-08-26 18:39:57,389 [pool-611-thread-1] INFO  segmented.SegmentedRaftLogWorker (SegmentedRaftLogWorker.java:<init>(182)) - new 7a21a715-39a0-4b71-a267-c33797e0d730@group-ED1163F076C5-SegmentedRaftLogWorker for RaftStorageImpl:Storage Directory /home/runner/work/ozone/ozone/hadoop-ozone/integration-test/target/test-dir/MiniOzoneClusterImpl-7287d2d4-454f-4da5-bbdc-7dc3b2fb158b/datanode-6/data/ratis/99c967c8-256d-430e-a39a-ed1163f076c5
2021-08-26 18:39:57,389 [pool-611-thread-1] INFO  server.RaftServerConfigKeys (ConfUtils.java:logGet(44)) - raft.server.log.queue.byte-limit = 2147483647 (custom)
2021-08-26 18:39:57,389 [pool-611-thread-1] INFO  server.RaftServerConfigKeys (ConfUtils.java:logGet(44)) - raft.server.log.queue.element-limit = 1024 (custom)
2021-08-26 18:39:57,389 [pool-611-thread-1] INFO  server.RaftServerConfigKeys (ConfUtils.java:logGet(44)) - raft.server.log.segment.size.max = 1048576 (custom)
2021-08-26 18:39:57,389 [pool-611-thread-1] INFO  server.RaftServerConfigKeys (ConfUtils.java:logGet(44)) - raft.server.log.preallocated.size = 16384 (custom)
2021-08-26 18:39:57,390 [pool-611-thread-1] INFO  server.RaftServerConfigKeys (ConfUtils.java:logGet(44)) - raft.server.log.force.sync.num = 128 (default)
2021-08-26 18:39:57,390 [pool-611-thread-1] INFO  server.RaftServerConfigKeys (ConfUtils.java:logGet(44)) - raft.server.log.statemachine.data.sync = true (default)
2021-08-26 18:39:57,390 [pool-611-thread-1] INFO  server.RaftServerConfigKeys (ConfUtils.java:logGet(44)) - raft.server.log.statemachine.data.sync.timeout = 10s (default)
2021-08-26 18:39:57,390 [pool-611-thread-1] INFO  server.RaftServerConfigKeys (ConfUtils.java:logGet(44)) - raft.server.log.statemachine.data.sync.timeout.retry = -1 (default)
2021-08-26 18:39:57,392 [EventQueue-PipelineReportForPipelineReportHandler] INFO  pipeline.PipelineManagerImpl (PipelineManagerImpl.java:openPipeline(282)) - Pipeline Pipeline[ Id: 99c967c8-256d-430e-a39a-ed1163f076c5, Nodes: 7a21a715-39a0-4b71-a267-c33797e0d730{ip: 10.1.0.63, host: fv-az184-233.3ow45vhwbzuu5incsxmygykede.cx.internal.cloudapp.net, ports: [REPLICATION=40157, RATIS=34101, RATIS_ADMIN=34101, RATIS_SERVER=34101, STANDALONE=46661], networkLocation: /default-rack, certSerialId: null, persistedOpState: IN_SERVICE, persistedOpStateExpiryEpochSec: 0}, ReplicationConfig: RATIS/ONE, State:ALLOCATED, leaderId:7a21a715-39a0-4b71-a267-c33797e0d730, CreationTimestamp2021-08-26T18:39:54.286Z[Etc/UTC]] moved to OPEN state
2021-08-26 18:39:57,392 [EventQueue-OpenPipelineForHealthyPipelineSafeModeRule] INFO  safemode.SCMSafeModeManager (HealthyPipelineSafeModeRule.java:process(124)) - SCM in safe mode. Healthy pipelines reported count is 0, required healthy pipeline reported count is 1
2021-08-26 18:39:57,396 [pool-611-thread-1] INFO  server.RaftServerConfigKeys (ConfUtils.java:logGet(44)) - raft.server.log.write.buffer.size = 1048576 (custom)
2021-08-26 18:39:57,397 [pool-611-thread-1] INFO  server.RaftServerConfigKeys (ConfUtils.java:logGet(44)) - raft.server.log.statemachine.data.caching.enabled = true (custom)
2021-08-26 18:39:57,397 [pool-611-thread-1] INFO  segmented.SegmentedRaftLogWorker (SegmentedRaftLogWorker.java:lambda$new$0(133)) - 7a21a715-39a0-4b71-a267-c33797e0d730@group-ED1163F076C5-SegmentedRaftLogWorker: flushIndex: setUnconditionally 0 -> -1
2021-08-26 18:39:57,397 [pool-611-thread-1] INFO  segmented.SegmentedRaftLogWorker (SegmentedRaftLogWorker.java:lambda$new$0(133)) - 7a21a715-39a0-4b71-a267-c33797e0d730@group-ED1163F076C5-SegmentedRaftLogWorker: safeCacheEvictIndex: setUnconditionally 0 -> -1
2021-08-26 18:39:57,399 [pool-611-thread-1] INFO  server.RaftServerConfigKeys (ConfUtils.java:logGet(44)) - raft.server.snapshot.auto.trigger.enabled = true (custom)
2021-08-26 18:39:57,399 [pool-611-thread-1] INFO  server.RaftServerConfigKeys (ConfUtils.java:logGet(44)) - raft.server.snapshot.auto.trigger.threshold = 10000 (custom)
2021-08-26 18:39:57,399 [pool-611-thread-1] INFO  server.RaftServerConfigKeys (ConfUtils.java:logGet(44)) - raft.server.snapshot.retention.file.num = 5 (custom)
2021-08-26 18:39:57,399 [pool-611-thread-1] INFO  server.RaftServerConfigKeys (ConfUtils.java:logGet(44)) - raft.server.log.purge.upto.snapshot.index = false (default)
2021-08-26 18:39:57,400 [pool-611-thread-1] INFO  server.RaftServerConfigKeys (ConfUtils.java:logGet(44)) - raft.server.retrycache.expirytime = 600000ms (custom)
2021-08-26 18:39:57,400 [pool-611-thread-1] INFO  server.RaftServerConfigKeys (ConfUtils.java:logGet(44)) - raft.server.retrycache.statistics.expirytime = 100μs (default)
2021-08-26 18:39:57,401 [pool-611-thread-1] INFO  server.RaftServer$Division (RaftServerImpl.java:start(296)) - 7a21a715-39a0-4b71-a267-c33797e0d730@group-ED1163F076C5: start as a follower, conf=-1: [7a21a715-39a0-4b71-a267-c33797e0d730|rpc:10.1.0.63:34101|priority:1], old=null
2021-08-26 18:39:57,401 [pool-611-thread-1] INFO  server.RaftServer$Division (RaftServerImpl.java:setRole(285)) - 7a21a715-39a0-4b71-a267-c33797e0d730@group-ED1163F076C5: changes role from      null to FOLLOWER at term 0 for startAsFollower
2021-08-26 18:39:57,401 [pool-611-thread-1] INFO  impl.RoleInfo (RoleInfo.java:updateAndGet(130)) - 7a21a715-39a0-4b71-a267-c33797e0d730: start 7a21a715-39a0-4b71-a267-c33797e0d730@group-ED1163F076C5-FollowerState
2021-08-26 18:39:57,427 [pool-611-thread-1] INFO  util.JmxRegister (JmxRegister.java:tryRegister(44)) - Successfully registered JMX Bean with object name Ratis:service=RaftServer,group=group-ED1163F076C5,id=7a21a715-39a0-4b71-a267-c33797e0d730
2021-08-26 18:39:57,435 [Command processor thread] INFO  ratis.XceiverServerRatis (XceiverServerRatis.java:addGroup(763)) - Created group PipelineID=99c967c8-256d-430e-a39a-ed1163f076c5
2021-08-26 18:39:57,435 [Command processor thread] INFO  commandhandler.CreatePipelineCommandHandler (CreatePipelineCommandHandler.java:handle(106)) - Created Pipeline RATIS ONE PipelineID=99c967c8-256d-430e-a39a-ed1163f076c5.
2021-08-26 18:39:58,241 [Listener at 127.0.0.1/40319] INFO  ozone.MiniOzoneClusterImpl (MiniOzoneClusterImpl.java:lambda$waitForClusterToBeReady$0(235)) - Nodes are ready. Got 7 of 7 DN Heartbeats.
2021-08-26 18:39:58,241 [Listener at 127.0.0.1/40319] INFO  ozone.MiniOzoneClusterImpl (MiniOzoneClusterImpl.java:lambda$waitForClusterToBeReady$0(238)) - Waiting for cluster to exit safe mode
2021-08-26 18:39:58,241 [Listener at 127.0.0.1/40319] INFO  ozone.MiniOzoneClusterImpl (MiniOzoneClusterImpl.java:lambda$waitForClusterToBeReady$0(240)) - SCM became leader
2021-08-26 18:39:58,700 [b0d4646c-0fcd-42fc-b255-eb3c3c8c3636@group-D2D68E1C8E59-FollowerState] INFO  impl.FollowerState (FollowerState.java:run(134)) - b0d4646c-0fcd-42fc-b255-eb3c3c8c3636@group-D2D68E1C8E59-FollowerState: change to CANDIDATE, lastRpcElapsedTime:5122761787ns, electionTimeout:5085ms
2021-08-26 18:39:58,700 [b0d4646c-0fcd-42fc-b255-eb3c3c8c3636@group-D2D68E1C8E59-FollowerState] INFO  impl.RoleInfo (RoleInfo.java:shutdownFollowerState(108)) - b0d4646c-0fcd-42fc-b255-eb3c3c8c3636: shutdown b0d4646c-0fcd-42fc-b255-eb3c3c8c3636@group-D2D68E1C8E59-FollowerState
2021-08-26 18:39:58,700 [b0d4646c-0fcd-42fc-b255-eb3c3c8c3636@group-D2D68E1C8E59-FollowerState] INFO  server.RaftServer$Division (RaftServerImpl.java:setRole(285)) - b0d4646c-0fcd-42fc-b255-eb3c3c8c3636@group-D2D68E1C8E59: changes role from  FOLLOWER to CANDIDATE at term 0 for changeToCandidate
2021-08-26 18:39:58,702 [b0d4646c-0fcd-42fc-b255-eb3c3c8c3636@group-D2D68E1C8E59-FollowerState] INFO  server.RaftServerConfigKeys (ConfUtils.java:logGet(44)) - raft.server.leaderelection.pre-vote = false (custom)
2021-08-26 18:39:58,702 [b0d4646c-0fcd-42fc-b255-eb3c3c8c3636@group-D2D68E1C8E59-FollowerState] INFO  impl.RoleInfo (RoleInfo.java:updateAndGet(130)) - b0d4646c-0fcd-42fc-b255-eb3c3c8c3636: start b0d4646c-0fcd-42fc-b255-eb3c3c8c3636@group-D2D68E1C8E59-LeaderElection65
2021-08-26 18:39:58,704 [b0d4646c-0fcd-42fc-b255-eb3c3c8c3636@group-377879BF8640-FollowerState] INFO  impl.FollowerState (FollowerState.java:run(134)) - b0d4646c-0fcd-42fc-b255-eb3c3c8c3636@group-377879BF8640-FollowerState: change to CANDIDATE, lastRpcElapsedTime:5181675327ns, electionTimeout:5167ms
2021-08-26 18:39:58,704 [b0d4646c-0fcd-42fc-b255-eb3c3c8c3636@group-377879BF8640-FollowerState] INFO  impl.RoleInfo (RoleInfo.java:shutdownFollowerState(108)) - b0d4646c-0fcd-42fc-b255-eb3c3c8c3636: shutdown b0d4646c-0fcd-42fc-b255-eb3c3c8c3636@group-377879BF8640-FollowerState
2021-08-26 18:39:58,704 [b0d4646c-0fcd-42fc-b255-eb3c3c8c3636@group-377879BF8640-FollowerState] INFO  server.RaftServer$Division (RaftServerImpl.java:setRole(285)) - b0d4646c-0fcd-42fc-b255-eb3c3c8c3636@group-377879BF8640: changes role from  FOLLOWER to CANDIDATE at term 0 for changeToCandidate
2021-08-26 18:39:58,704 [b0d4646c-0fcd-42fc-b255-eb3c3c8c3636@group-377879BF8640-FollowerState] INFO  server.RaftServerConfigKeys (ConfUtils.java:logGet(44)) - raft.server.leaderelection.pre-vote = false (custom)
2021-08-26 18:39:58,704 [b0d4646c-0fcd-42fc-b255-eb3c3c8c3636@group-377879BF8640-FollowerState] INFO  impl.RoleInfo (RoleInfo.java:updateAndGet(130)) - b0d4646c-0fcd-42fc-b255-eb3c3c8c3636: start b0d4646c-0fcd-42fc-b255-eb3c3c8c3636@group-377879BF8640-LeaderElection66
2021-08-26 18:39:58,739 [b0d4646c-0fcd-42fc-b255-eb3c3c8c3636@group-377879BF8640-LeaderElection66] INFO  impl.LeaderElection (LeaderElection.java:askForVotes(306)) - b0d4646c-0fcd-42fc-b255-eb3c3c8c3636@group-377879BF8640-LeaderElection66 ELECTION round 0: submit vote requests at term 1 for -1: [b0d4646c-0fcd-42fc-b255-eb3c3c8c3636|rpc:10.1.0.63:45237|priority:1], old=null
2021-08-26 18:39:58,739 [b0d4646c-0fcd-42fc-b255-eb3c3c8c3636@group-377879BF8640-LeaderElection66] INFO  impl.LeaderElection (LeaderElection.java:askForVotes(308)) - b0d4646c-0fcd-42fc-b255-eb3c3c8c3636@group-377879BF8640-LeaderElection66 ELECTION round 0: result PASSED (term=1)
2021-08-26 18:39:58,739 [b0d4646c-0fcd-42fc-b255-eb3c3c8c3636@group-377879BF8640-LeaderElection66] INFO  impl.RoleInfo (RoleInfo.java:shutdownLeaderElection(121)) - b0d4646c-0fcd-42fc-b255-eb3c3c8c3636: shutdown b0d4646c-0fcd-42fc-b255-eb3c3c8c3636@group-377879BF8640-LeaderElection66
2021-08-26 18:39:58,739 [b0d4646c-0fcd-42fc-b255-eb3c3c8c3636@group-377879BF8640-LeaderElection66] INFO  server.RaftServer$Division (RaftServerImpl.java:setRole(285)) - b0d4646c-0fcd-42fc-b255-eb3c3c8c3636@group-377879BF8640: changes role from CANDIDATE to LEADER at term 1 for changeToLeader
2021-08-26 18:39:58,739 [b0d4646c-0fcd-42fc-b255-eb3c3c8c3636@group-377879BF8640-LeaderElection66] INFO  ratis.XceiverServerRatis (XceiverServerRatis.java:handleLeaderChangedNotification(861)) - Leader change notification received for group: group-377879BF8640 with new leaderId: b0d4646c-0fcd-42fc-b255-eb3c3c8c3636
2021-08-26 18:39:58,739 [b0d4646c-0fcd-42fc-b255-eb3c3c8c3636@group-377879BF8640-LeaderElection66] INFO  server.RaftServer$Division (ServerState.java:setLeader(285)) - b0d4646c-0fcd-42fc-b255-eb3c3c8c3636@group-377879BF8640: change Leader from null to b0d4646c-0fcd-42fc-b255-eb3c3c8c3636 at term 1 for becomeLeader, leader elected after 5281ms
2021-08-26 18:39:58,739 [b0d4646c-0fcd-42fc-b255-eb3c3c8c3636@group-377879BF8640-LeaderElection66] INFO  server.RaftServerConfigKeys (ConfUtils.java:logGet(44)) - raft.server.staging.catchup.gap = 1000 (default)
2021-08-26 18:39:58,739 [b0d4646c-0fcd-42fc-b255-eb3c3c8c3636@group-D2D68E1C8E59-LeaderElection65] INFO  impl.LeaderElection (LeaderElection.java:askForVotes(306)) - b0d4646c-0fcd-42fc-b255-eb3c3c8c3636@group-D2D68E1C8E59-LeaderElection65 ELECTION round 0: submit vote requests at term 1 for -1: [feac8f5a-1b39-4e45-882b-39b2a71e70b7|rpc:10.1.0.63:43083|priority:0, 87f05fb4-46b8-4bb5-a197-7bc4b26914eb|rpc:10.1.0.63:44187|priority:1, b0d4646c-0fcd-42fc-b255-eb3c3c8c3636|rpc:10.1.0.63:45237|priority:0], old=null
2021-08-26 18:39:58,739 [b0d4646c-0fcd-42fc-b255-eb3c3c8c3636@group-377879BF8640-LeaderElection66] INFO  server.RaftServerConfigKeys (ConfUtils.java:logGet(44)) - raft.server.write.element-limit = 1024 (custom)
2021-08-26 18:39:58,739 [b0d4646c-0fcd-42fc-b255-eb3c3c8c3636@group-377879BF8640-LeaderElection66] INFO  server.RaftServerConfigKeys (ConfUtils.java:logGet(44)) - raft.server.write.byte-limit = 1024 M (=1073741824) (custom)
2021-08-26 18:39:58,740 [b0d4646c-0fcd-42fc-b255-eb3c3c8c3636@group-377879BF8640-LeaderElection66] INFO  server.RaftServerConfigKeys (ConfUtils.java:logGet(44)) - raft.server.watch.timeout = 3000ms (custom)
2021-08-26 18:39:58,740 [b0d4646c-0fcd-42fc-b255-eb3c3c8c3636@group-377879BF8640-LeaderElection66] INFO  server.RaftServerConfigKeys (ConfUtils.java:logGet(44)) - raft.server.watch.timeout.denomination = 1s (default)
2021-08-26 18:39:58,740 [b0d4646c-0fcd-42fc-b255-eb3c3c8c3636@group-377879BF8640-LeaderElection66] INFO  server.RaftServerConfigKeys (ConfUtils.java:logGet(44)) - raft.server.watch.element-limit = 65536 (default)
2021-08-26 18:39:58,740 [b0d4646c-0fcd-42fc-b255-eb3c3c8c3636@group-377879BF8640-LeaderElection66] INFO  impl.RoleInfo (RoleInfo.java:updateAndGet(130)) - b0d4646c-0fcd-42fc-b255-eb3c3c8c3636: start b0d4646c-0fcd-42fc-b255-eb3c3c8c3636@group-377879BF8640-LeaderStateImpl
2021-08-26 18:39:58,740 [b0d4646c-0fcd-42fc-b255-eb3c3c8c3636@group-377879BF8640-LeaderElection66] INFO  segmented.SegmentedRaftLogWorker (SegmentedRaftLogWorker.java:startLogSegment(394)) - b0d4646c-0fcd-42fc-b255-eb3c3c8c3636@group-377879BF8640-SegmentedRaftLogWorker: Starting segment from index:0
2021-08-26 18:39:58,740 [Datanode State Machine Thread - 0] WARN  statemachine.StateContext (StateContext.java:execute(621)) - No available thread in pool for past 1 seconds.
2021-08-26 18:39:58,751 [EventQueue-OpenPipelineForHealthyPipelineSafeModeRule] INFO  safemode.SCMSafeModeManager (HealthyPipelineSafeModeRule.java:process(124)) - SCM in safe mode. Healthy pipelines reported count is 0, required healthy pipeline reported count is 1
2021-08-26 18:39:58,772 [b0d4646c-0fcd-42fc-b255-eb3c3c8c3636@group-377879BF8640-LeaderElection66] INFO  server.RaftServer$Division (ServerState.java:setRaftConf(387)) - b0d4646c-0fcd-42fc-b255-eb3c3c8c3636@group-377879BF8640: set configuration 0: [b0d4646c-0fcd-42fc-b255-eb3c3c8c3636|rpc:10.1.0.63:45237|dataStream:|priority:1], old=null
2021-08-26 18:39:58,791 [b0d4646c-0fcd-42fc-b255-eb3c3c8c3636@group-377879BF8640-SegmentedRaftLogWorker] INFO  segmented.SegmentedRaftLogWorker (SegmentedRaftLogWorker.java:execute(601)) - b0d4646c-0fcd-42fc-b255-eb3c3c8c3636@group-377879BF8640-SegmentedRaftLogWorker: created new log segment /home/runner/work/ozone/ozone/hadoop-ozone/integration-test/target/test-dir/MiniOzoneClusterImpl-7287d2d4-454f-4da5-bbdc-7dc3b2fb158b/datanode-0/data/ratis/f60b2554-eed1-4952-8c74-377879bf8640/current/log_inprogress_0
2021-08-26 18:39:58,807 [grpc-default-executor-2] INFO  server.RaftServer$Division (RaftServerImpl.java:requestVote(1043)) - feac8f5a-1b39-4e45-882b-39b2a71e70b7@group-D2D68E1C8E59: receive requestVote(ELECTION, b0d4646c-0fcd-42fc-b255-eb3c3c8c3636, group-D2D68E1C8E59, 1, (t:0, i:0))
2021-08-26 18:39:58,807 [grpc-default-executor-2] INFO  impl.VoteContext (VoteContext.java:log(48)) - feac8f5a-1b39-4e45-882b-39b2a71e70b7@group-D2D68E1C8E59-FOLLOWER: accept ELECTION from b0d4646c-0fcd-42fc-b255-eb3c3c8c3636: our priority 0 <= candidate's priority 0
2021-08-26 18:39:58,807 [grpc-default-executor-2] INFO  server.RaftServer$Division (RaftServerImpl.java:setRole(285)) - feac8f5a-1b39-4e45-882b-39b2a71e70b7@group-D2D68E1C8E59: changes role from  FOLLOWER to FOLLOWER at term 1 for candidate:b0d4646c-0fcd-42fc-b255-eb3c3c8c3636
2021-08-26 18:39:58,807 [grpc-default-executor-2] INFO  impl.RoleInfo (RoleInfo.java:shutdownFollowerState(108)) - feac8f5a-1b39-4e45-882b-39b2a71e70b7: shutdown feac8f5a-1b39-4e45-882b-39b2a71e70b7@group-D2D68E1C8E59-FollowerState
2021-08-26 18:39:58,807 [grpc-default-executor-2] INFO  impl.RoleInfo (RoleInfo.java:updateAndGet(130)) - feac8f5a-1b39-4e45-882b-39b2a71e70b7: start feac8f5a-1b39-4e45-882b-39b2a71e70b7@group-D2D68E1C8E59-FollowerState
2021-08-26 18:39:58,807 [feac8f5a-1b39-4e45-882b-39b2a71e70b7@group-D2D68E1C8E59-FollowerState] INFO  impl.FollowerState (FollowerState.java:run(143)) - feac8f5a-1b39-4e45-882b-39b2a71e70b7@group-D2D68E1C8E59-FollowerState was interrupted: {}
java.lang.InterruptedException: sleep interrupted
	at java.lang.Thread.sleep(Native Method)
	at java.lang.Thread.sleep(Thread.java:340)
	at java.util.concurrent.TimeUnit.sleep(TimeUnit.java:386)
	at org.apache.ratis.util.TimeDuration.sleep(TimeDuration.java:324)
	at org.apache.ratis.util.TimeDuration.sleep(TimeDuration.java:309)
	at org.apache.ratis.server.impl.FollowerState.run(FollowerState.java:118)
2021-08-26 18:39:58,843 [grpc-default-executor-0] INFO  server.RaftServer$Division (RaftServerImpl.java:requestVote(1043)) - 87f05fb4-46b8-4bb5-a197-7bc4b26914eb@group-D2D68E1C8E59: receive requestVote(ELECTION, b0d4646c-0fcd-42fc-b255-eb3c3c8c3636, group-D2D68E1C8E59, 1, (t:0, i:0))
2021-08-26 18:39:58,843 [grpc-default-executor-0] INFO  impl.VoteContext (VoteContext.java:log(48)) - 87f05fb4-46b8-4bb5-a197-7bc4b26914eb@group-D2D68E1C8E59-FOLLOWER: reject ELECTION from b0d4646c-0fcd-42fc-b255-eb3c3c8c3636: our priority 1 > candidate's priority 0
2021-08-26 18:39:58,843 [grpc-default-executor-0] INFO  server.RaftServer$Division (RaftServerImpl.java:setRole(285)) - 87f05fb4-46b8-4bb5-a197-7bc4b26914eb@group-D2D68E1C8E59: changes role from  FOLLOWER to FOLLOWER at term 1 for candidate:b0d4646c-0fcd-42fc-b255-eb3c3c8c3636
2021-08-26 18:39:58,843 [grpc-default-executor-0] INFO  impl.RoleInfo (RoleInfo.java:shutdownFollowerState(108)) - 87f05fb4-46b8-4bb5-a197-7bc4b26914eb: shutdown 87f05fb4-46b8-4bb5-a197-7bc4b26914eb@group-D2D68E1C8E59-FollowerState
2021-08-26 18:39:58,843 [grpc-default-executor-0] INFO  impl.RoleInfo (RoleInfo.java:updateAndGet(130)) - 87f05fb4-46b8-4bb5-a197-7bc4b26914eb: start 87f05fb4-46b8-4bb5-a197-7bc4b26914eb@group-D2D68E1C8E59-FollowerState
2021-08-26 18:39:58,844 [87f05fb4-46b8-4bb5-a197-7bc4b26914eb@group-D2D68E1C8E59-FollowerState] INFO  impl.FollowerState (FollowerState.java:run(143)) - 87f05fb4-46b8-4bb5-a197-7bc4b26914eb@group-D2D68E1C8E59-FollowerState was interrupted: {}
java.lang.InterruptedException: sleep interrupted
	at java.lang.Thread.sleep(Native Method)
	at java.lang.Thread.sleep(Thread.java:340)
	at java.util.concurrent.TimeUnit.sleep(TimeUnit.java:386)
	at org.apache.ratis.util.TimeDuration.sleep(TimeDuration.java:324)
	at org.apache.ratis.util.TimeDuration.sleep(TimeDuration.java:309)
	at org.apache.ratis.server.impl.FollowerState.run(FollowerState.java:118)
2021-08-26 18:39:58,844 [grpc-default-executor-2] INFO  server.RaftServer$Division (RaftServerImpl.java:requestVote(1075)) - feac8f5a-1b39-4e45-882b-39b2a71e70b7@group-D2D68E1C8E59 replies to ELECTION vote request: b0d4646c-0fcd-42fc-b255-eb3c3c8c3636<-feac8f5a-1b39-4e45-882b-39b2a71e70b7#0:OK-t1. Peer's state: feac8f5a-1b39-4e45-882b-39b2a71e70b7@group-D2D68E1C8E59:t1, leader=null, voted=b0d4646c-0fcd-42fc-b255-eb3c3c8c3636, raftlog=feac8f5a-1b39-4e45-882b-39b2a71e70b7@group-D2D68E1C8E59-SegmentedRaftLog:OPENED:c-1,f-1,i0, conf=-1: [feac8f5a-1b39-4e45-882b-39b2a71e70b7|rpc:10.1.0.63:43083|dataStream:|priority:0, 87f05fb4-46b8-4bb5-a197-7bc4b26914eb|rpc:10.1.0.63:44187|dataStream:|priority:1, b0d4646c-0fcd-42fc-b255-eb3c3c8c3636|rpc:10.1.0.63:45237|dataStream:|priority:0], old=null
2021-08-26 18:39:58,853 [grpc-default-executor-0] INFO  server.RaftServer$Division (RaftServerImpl.java:requestVote(1075)) - 87f05fb4-46b8-4bb5-a197-7bc4b26914eb@group-D2D68E1C8E59 replies to ELECTION vote request: b0d4646c-0fcd-42fc-b255-eb3c3c8c3636<-87f05fb4-46b8-4bb5-a197-7bc4b26914eb#0:FAIL-t1. Peer's state: 87f05fb4-46b8-4bb5-a197-7bc4b26914eb@group-D2D68E1C8E59:t1, leader=null, voted=null, raftlog=87f05fb4-46b8-4bb5-a197-7bc4b26914eb@group-D2D68E1C8E59-SegmentedRaftLog:OPENED:c-1,f-1,i0, conf=-1: [feac8f5a-1b39-4e45-882b-39b2a71e70b7|rpc:10.1.0.63:43083|dataStream:|priority:0, 87f05fb4-46b8-4bb5-a197-7bc4b26914eb|rpc:10.1.0.63:44187|dataStream:|priority:1, b0d4646c-0fcd-42fc-b255-eb3c3c8c3636|rpc:10.1.0.63:45237|dataStream:|priority:0], old=null
2021-08-26 18:39:58,854 [b0d4646c-0fcd-42fc-b255-eb3c3c8c3636@group-D2D68E1C8E59-LeaderElection65] INFO  impl.LeaderElection (LeaderElection.java:logAndReturn(89)) - b0d4646c-0fcd-42fc-b255-eb3c3c8c3636@group-D2D68E1C8E59-LeaderElection65: ELECTION REJECTED received 2 response(s) and 0 exception(s):
2021-08-26 18:39:58,854 [b0d4646c-0fcd-42fc-b255-eb3c3c8c3636@group-D2D68E1C8E59-LeaderElection65] INFO  impl.LeaderElection (LeaderElection.java:logAndReturn(93)) -   Response 0: b0d4646c-0fcd-42fc-b255-eb3c3c8c3636<-feac8f5a-1b39-4e45-882b-39b2a71e70b7#0:OK-t1
2021-08-26 18:39:58,854 [b0d4646c-0fcd-42fc-b255-eb3c3c8c3636@group-D2D68E1C8E59-LeaderElection65] INFO  impl.LeaderElection (LeaderElection.java:logAndReturn(93)) -   Response 1: b0d4646c-0fcd-42fc-b255-eb3c3c8c3636<-87f05fb4-46b8-4bb5-a197-7bc4b26914eb#0:FAIL-t1
2021-08-26 18:39:58,855 [b0d4646c-0fcd-42fc-b255-eb3c3c8c3636@group-D2D68E1C8E59-LeaderElection65] INFO  impl.LeaderElection (LeaderElection.java:askForVotes(308)) - b0d4646c-0fcd-42fc-b255-eb3c3c8c3636@group-D2D68E1C8E59-LeaderElection65 ELECTION round 0: result REJECTED
2021-08-26 18:39:58,855 [b0d4646c-0fcd-42fc-b255-eb3c3c8c3636@group-D2D68E1C8E59-LeaderElection65] INFO  server.RaftServer$Division (RaftServerImpl.java:setRole(285)) - b0d4646c-0fcd-42fc-b255-eb3c3c8c3636@group-D2D68E1C8E59: changes role from CANDIDATE to FOLLOWER at term 1 for REJECTED
2021-08-26 18:39:58,855 [b0d4646c-0fcd-42fc-b255-eb3c3c8c3636@group-D2D68E1C8E59-LeaderElection65] INFO  impl.RoleInfo (RoleInfo.java:shutdownLeaderElection(121)) - b0d4646c-0fcd-42fc-b255-eb3c3c8c3636: shutdown b0d4646c-0fcd-42fc-b255-eb3c3c8c3636@group-D2D68E1C8E59-LeaderElection65
2021-08-26 18:39:58,855 [b0d4646c-0fcd-42fc-b255-eb3c3c8c3636@group-D2D68E1C8E59-LeaderElection65] INFO  impl.RoleInfo (RoleInfo.java:updateAndGet(130)) - b0d4646c-0fcd-42fc-b255-eb3c3c8c3636: start b0d4646c-0fcd-42fc-b255-eb3c3c8c3636@group-D2D68E1C8E59-FollowerState
2021-08-26 18:39:59,224 [b0d4646c-0fcd-42fc-b255-eb3c3c8c3636@group-D6CBFFE24189-FollowerState] INFO  impl.FollowerState (FollowerState.java:run(134)) - b0d4646c-0fcd-42fc-b255-eb3c3c8c3636@group-D6CBFFE24189-FollowerState: change to CANDIDATE, lastRpcElapsedTime:5033987276ns, electionTimeout:5033ms
2021-08-26 18:39:59,225 [b0d4646c-0fcd-42fc-b255-eb3c3c8c3636@group-D6CBFFE24189-FollowerState] INFO  impl.RoleInfo (RoleInfo.java:shutdownFollowerState(108)) - b0d4646c-0fcd-42fc-b255-eb3c3c8c3636: shutdown b0d4646c-0fcd-42fc-b255-eb3c3c8c3636@group-D6CBFFE24189-FollowerState
2021-08-26 18:39:59,225 [b0d4646c-0fcd-42fc-b255-eb3c3c8c3636@group-D6CBFFE24189-FollowerState] INFO  server.RaftServer$Division (RaftServerImpl.java:setRole(285)) - b0d4646c-0fcd-42fc-b255-eb3c3c8c3636@group-D6CBFFE24189: changes role from  FOLLOWER to CANDIDATE at term 0 for changeToCandidate
2021-08-26 18:39:59,225 [b0d4646c-0fcd-42fc-b255-eb3c3c8c3636@group-D6CBFFE24189-FollowerState] INFO  server.RaftServerConfigKeys (ConfUtils.java:logGet(44)) - raft.server.leaderelection.pre-vote = false (custom)
2021-08-26 18:39:59,225 [b0d4646c-0fcd-42fc-b255-eb3c3c8c3636@group-D6CBFFE24189-FollowerState] INFO  impl.RoleInfo (RoleInfo.java:updateAndGet(130)) - b0d4646c-0fcd-42fc-b255-eb3c3c8c3636: start b0d4646c-0fcd-42fc-b255-eb3c3c8c3636@group-D6CBFFE24189-LeaderElection67
2021-08-26 18:39:59,243 [Listener at 127.0.0.1/40319] INFO  ozone.MiniOzoneClusterImpl (MiniOzoneClusterImpl.java:lambda$waitForClusterToBeReady$0(235)) - Nodes are ready. Got 7 of 7 DN Heartbeats.
2021-08-26 18:39:59,243 [Listener at 127.0.0.1/40319] INFO  ozone.MiniOzoneClusterImpl (MiniOzoneClusterImpl.java:lambda$waitForClusterToBeReady$0(238)) - Waiting for cluster to exit safe mode
2021-08-26 18:39:59,243 [Listener at 127.0.0.1/40319] INFO  ozone.MiniOzoneClusterImpl (MiniOzoneClusterImpl.java:lambda$waitForClusterToBeReady$0(240)) - SCM became leader
2021-08-26 18:39:59,248 [b0d4646c-0fcd-42fc-b255-eb3c3c8c3636@group-D6CBFFE24189-LeaderElection67] INFO  impl.LeaderElection (LeaderElection.java:askForVotes(306)) - b0d4646c-0fcd-42fc-b255-eb3c3c8c3636@group-D6CBFFE24189-LeaderElection67 ELECTION round 0: submit vote requests at term 1 for -1: [feac8f5a-1b39-4e45-882b-39b2a71e70b7|rpc:10.1.0.63:43083|priority:0, 87f05fb4-46b8-4bb5-a197-7bc4b26914eb|rpc:10.1.0.63:44187|priority:0, b0d4646c-0fcd-42fc-b255-eb3c3c8c3636|rpc:10.1.0.63:45237|priority:1], old=null
2021-08-26 18:39:59,250 [grpc-default-executor-0] INFO  server.RaftServer$Division (RaftServerImpl.java:requestVote(1043)) - feac8f5a-1b39-4e45-882b-39b2a71e70b7@group-D6CBFFE24189: receive requestVote(ELECTION, b0d4646c-0fcd-42fc-b255-eb3c3c8c3636, group-D6CBFFE24189, 1, (t:0, i:0))
2021-08-26 18:39:59,250 [grpc-default-executor-0] INFO  impl.VoteContext (VoteContext.java:log(48)) - feac8f5a-1b39-4e45-882b-39b2a71e70b7@group-D6CBFFE24189-FOLLOWER: accept ELECTION from b0d4646c-0fcd-42fc-b255-eb3c3c8c3636: our priority 0 <= candidate's priority 1
2021-08-26 18:39:59,250 [grpc-default-executor-0] INFO  server.RaftServer$Division (RaftServerImpl.java:setRole(285)) - feac8f5a-1b39-4e45-882b-39b2a71e70b7@group-D6CBFFE24189: changes role from  FOLLOWER to FOLLOWER at term 1 for candidate:b0d4646c-0fcd-42fc-b255-eb3c3c8c3636
2021-08-26 18:39:59,251 [grpc-default-executor-0] INFO  impl.RoleInfo (RoleInfo.java:shutdownFollowerState(108)) - feac8f5a-1b39-4e45-882b-39b2a71e70b7: shutdown feac8f5a-1b39-4e45-882b-39b2a71e70b7@group-D6CBFFE24189-FollowerState
2021-08-26 18:39:59,251 [grpc-default-executor-0] INFO  impl.RoleInfo (RoleInfo.java:updateAndGet(130)) - feac8f5a-1b39-4e45-882b-39b2a71e70b7: start feac8f5a-1b39-4e45-882b-39b2a71e70b7@group-D6CBFFE24189-FollowerState
2021-08-26 18:39:59,251 [feac8f5a-1b39-4e45-882b-39b2a71e70b7@group-D6CBFFE24189-FollowerState] INFO  impl.FollowerState (FollowerState.java:run(143)) - feac8f5a-1b39-4e45-882b-39b2a71e70b7@group-D6CBFFE24189-FollowerState was interrupted: {}
java.lang.InterruptedException: sleep interrupted
	at java.lang.Thread.sleep(Native Method)
	at java.lang.Thread.sleep(Thread.java:340)
	at java.util.concurrent.TimeUnit.sleep(TimeUnit.java:386)
	at org.apache.ratis.util.TimeDuration.sleep(TimeDuration.java:324)
	at org.apache.ratis.util.TimeDuration.sleep(TimeDuration.java:309)
	at org.apache.ratis.server.impl.FollowerState.run(FollowerState.java:118)
2021-08-26 18:39:59,251 [grpc-default-executor-2] INFO  server.RaftServer$Division (RaftServerImpl.java:requestVote(1043)) - 87f05fb4-46b8-4bb5-a197-7bc4b26914eb@group-D6CBFFE24189: receive requestVote(ELECTION, b0d4646c-0fcd-42fc-b255-eb3c3c8c3636, group-D6CBFFE24189, 1, (t:0, i:0))
2021-08-26 18:39:59,252 [grpc-default-executor-2] INFO  impl.VoteContext (VoteContext.java:log(48)) - 87f05fb4-46b8-4bb5-a197-7bc4b26914eb@group-D6CBFFE24189-FOLLOWER: accept ELECTION from b0d4646c-0fcd-42fc-b255-eb3c3c8c3636: our priority 0 <= candidate's priority 1
2021-08-26 18:39:59,252 [grpc-default-executor-2] INFO  server.RaftServer$Division (RaftServerImpl.java:setRole(285)) - 87f05fb4-46b8-4bb5-a197-7bc4b26914eb@group-D6CBFFE24189: changes role from  FOLLOWER to FOLLOWER at term 1 for candidate:b0d4646c-0fcd-42fc-b255-eb3c3c8c3636
2021-08-26 18:39:59,252 [grpc-default-executor-2] INFO  impl.RoleInfo (RoleInfo.java:shutdownFollowerState(108)) - 87f05fb4-46b8-4bb5-a197-7bc4b26914eb: shutdown 87f05fb4-46b8-4bb5-a197-7bc4b26914eb@group-D6CBFFE24189-FollowerState
2021-08-26 18:39:59,254 [grpc-default-executor-0] INFO  server.RaftServer$Division (RaftServerImpl.java:requestVote(1075)) - feac8f5a-1b39-4e45-882b-39b2a71e70b7@group-D6CBFFE24189 replies to ELECTION vote request: b0d4646c-0fcd-42fc-b255-eb3c3c8c3636<-feac8f5a-1b39-4e45-882b-39b2a71e70b7#0:OK-t1. Peer's state: feac8f5a-1b39-4e45-882b-39b2a71e70b7@group-D6CBFFE24189:t1, leader=null, voted=b0d4646c-0fcd-42fc-b255-eb3c3c8c3636, raftlog=feac8f5a-1b39-4e45-882b-39b2a71e70b7@group-D6CBFFE24189-SegmentedRaftLog:OPENED:c-1,f-1,i0, conf=-1: [feac8f5a-1b39-4e45-882b-39b2a71e70b7|rpc:10.1.0.63:43083|priority:0, 87f05fb4-46b8-4bb5-a197-7bc4b26914eb|rpc:10.1.0.63:44187|priority:0, b0d4646c-0fcd-42fc-b255-eb3c3c8c3636|rpc:10.1.0.63:45237|priority:1], old=null
2021-08-26 18:39:59,259 [b0d4646c-0fcd-42fc-b255-eb3c3c8c3636@group-D6CBFFE24189-LeaderElection67] INFO  impl.LeaderElection (LeaderElection.java:logAndReturn(89)) - b0d4646c-0fcd-42fc-b255-eb3c3c8c3636@group-D6CBFFE24189-LeaderElection67: ELECTION PASSED received 1 response(s) and 0 exception(s):
2021-08-26 18:39:59,259 [b0d4646c-0fcd-42fc-b255-eb3c3c8c3636@group-D6CBFFE24189-LeaderElection67] INFO  impl.LeaderElection (LeaderElection.java:logAndReturn(93)) -   Response 0: b0d4646c-0fcd-42fc-b255-eb3c3c8c3636<-feac8f5a-1b39-4e45-882b-39b2a71e70b7#0:OK-t1
2021-08-26 18:39:59,259 [b0d4646c-0fcd-42fc-b255-eb3c3c8c3636@group-D6CBFFE24189-LeaderElection67] INFO  impl.LeaderElection (LeaderElection.java:askForVotes(308)) - b0d4646c-0fcd-42fc-b255-eb3c3c8c3636@group-D6CBFFE24189-LeaderElection67 ELECTION round 0: result PASSED
2021-08-26 18:39:59,259 [b0d4646c-0fcd-42fc-b255-eb3c3c8c3636@group-D6CBFFE24189-LeaderElection67] INFO  impl.RoleInfo (RoleInfo.java:shutdownLeaderElection(121)) - b0d4646c-0fcd-42fc-b255-eb3c3c8c3636: shutdown b0d4646c-0fcd-42fc-b255-eb3c3c8c3636@group-D6CBFFE24189-LeaderElection67
2021-08-26 18:39:59,259 [b0d4646c-0fcd-42fc-b255-eb3c3c8c3636@group-D6CBFFE24189-LeaderElection67] INFO  server.RaftServer$Division (RaftServerImpl.java:setRole(285)) - b0d4646c-0fcd-42fc-b255-eb3c3c8c3636@group-D6CBFFE24189: changes role from CANDIDATE to LEADER at term 1 for changeToLeader
2021-08-26 18:39:59,259 [b0d4646c-0fcd-42fc-b255-eb3c3c8c3636@group-D6CBFFE24189-LeaderElection67] INFO  ratis.XceiverServerRatis (XceiverServerRatis.java:handleLeaderChangedNotification(861)) - Leader change notification received for group: group-D6CBFFE24189 with new leaderId: b0d4646c-0fcd-42fc-b255-eb3c3c8c3636
2021-08-26 18:39:59,259 [b0d4646c-0fcd-42fc-b255-eb3c3c8c3636@group-D6CBFFE24189-LeaderElection67] INFO  server.RaftServer$Division (ServerState.java:setLeader(285)) - b0d4646c-0fcd-42fc-b255-eb3c3c8c3636@group-D6CBFFE24189: change Leader from null to b0d4646c-0fcd-42fc-b255-eb3c3c8c3636 at term 1 for becomeLeader, leader elected after 5082ms
2021-08-26 18:39:59,259 [b0d4646c-0fcd-42fc-b255-eb3c3c8c3636@group-D6CBFFE24189-LeaderElection67] INFO  server.RaftServerConfigKeys (ConfUtils.java:logGet(44)) - raft.server.staging.catchup.gap = 1000 (default)
2021-08-26 18:39:59,259 [Datanode State Machine Thread - 0] WARN  statemachine.StateContext (StateContext.java:execute(621)) - No available thread in pool for past 1 seconds.
2021-08-26 18:39:59,259 [b0d4646c-0fcd-42fc-b255-eb3c3c8c3636@group-D6CBFFE24189-LeaderElection67] INFO  server.RaftServerConfigKeys (ConfUtils.java:logGet(44)) - raft.server.write.element-limit = 1024 (custom)
2021-08-26 18:39:59,260 [b0d4646c-0fcd-42fc-b255-eb3c3c8c3636@group-D6CBFFE24189-LeaderElection67] INFO  server.RaftServerConfigKeys (ConfUtils.java:logGet(44)) - raft.server.write.byte-limit = 1024 M (=1073741824) (custom)
2021-08-26 18:39:59,260 [b0d4646c-0fcd-42fc-b255-eb3c3c8c3636@group-D6CBFFE24189-LeaderElection67] INFO  server.RaftServerConfigKeys (ConfUtils.java:logGet(44)) - raft.server.watch.timeout = 3000ms (custom)
2021-08-26 18:39:59,260 [b0d4646c-0fcd-42fc-b255-eb3c3c8c3636@group-D6CBFFE24189-LeaderElection67] INFO  server.RaftServerConfigKeys (ConfUtils.java:logGet(44)) - raft.server.watch.timeout.denomination = 1s (default)
2021-08-26 18:39:59,260 [b0d4646c-0fcd-42fc-b255-eb3c3c8c3636@group-D6CBFFE24189-LeaderElection67] INFO  server.RaftServerConfigKeys (ConfUtils.java:logGet(44)) - raft.server.watch.element-limit = 65536 (default)
2021-08-26 18:39:59,260 [b0d4646c-0fcd-42fc-b255-eb3c3c8c3636@group-D6CBFFE24189-LeaderElection67] INFO  server.RaftServerConfigKeys (ConfUtils.java:logGet(44)) - raft.server.log.appender.snapshot.chunk.size.max = 16MB (=16777216) (default)
2021-08-26 18:39:59,260 [b0d4646c-0fcd-42fc-b255-eb3c3c8c3636@group-D6CBFFE24189-LeaderElection67] INFO  server.RaftServerConfigKeys (ConfUtils.java:logGet(44)) - raft.server.log.appender.buffer.byte-limit = 33554432 (custom)
2021-08-26 18:39:59,260 [b0d4646c-0fcd-42fc-b255-eb3c3c8c3636@group-D6CBFFE24189-LeaderElection67] INFO  server.RaftServerConfigKeys (ConfUtils.java:logGet(44)) - raft.server.log.appender.buffer.element-limit = 1 (custom)
2021-08-26 18:39:59,260 [b0d4646c-0fcd-42fc-b255-eb3c3c8c3636@group-D6CBFFE24189-LeaderElection67] INFO  grpc.GrpcConfigKeys (ConfUtils.java:logGet(44)) - raft.grpc.server.leader.outstanding.appends.max = 128 (default)
2021-08-26 18:39:59,260 [b0d4646c-0fcd-42fc-b255-eb3c3c8c3636@group-D6CBFFE24189-LeaderElection67] INFO  server.RaftServerConfigKeys (ConfUtils.java:logGet(44)) - raft.server.rpc.request.timeout = 3000ms (default)
2021-08-26 18:39:59,260 [b0d4646c-0fcd-42fc-b255-eb3c3c8c3636@group-D6CBFFE24189-LeaderElection67] INFO  server.RaftServerConfigKeys (ConfUtils.java:logGet(44)) - raft.server.log.appender.install.snapshot.enabled = false (custom)
2021-08-26 18:39:59,262 [b0d4646c-0fcd-42fc-b255-eb3c3c8c3636@group-D6CBFFE24189-LeaderElection67] INFO  server.RaftServerConfigKeys (ConfUtils.java:logGet(44)) - raft.server.log.appender.snapshot.chunk.size.max = 16MB (=16777216) (default)
2021-08-26 18:39:59,262 [b0d4646c-0fcd-42fc-b255-eb3c3c8c3636@group-D6CBFFE24189-LeaderElection67] INFO  server.RaftServerConfigKeys (ConfUtils.java:logGet(44)) - raft.server.log.appender.buffer.byte-limit = 33554432 (custom)
2021-08-26 18:39:59,263 [b0d4646c-0fcd-42fc-b255-eb3c3c8c3636@group-D6CBFFE24189-LeaderElection67] INFO  server.RaftServerConfigKeys (ConfUtils.java:logGet(44)) - raft.server.log.appender.buffer.element-limit = 1 (custom)
2021-08-26 18:39:59,263 [b0d4646c-0fcd-42fc-b255-eb3c3c8c3636@group-D6CBFFE24189-LeaderElection67] INFO  grpc.GrpcConfigKeys (ConfUtils.java:logGet(44)) - raft.grpc.server.leader.outstanding.appends.max = 128 (default)
2021-08-26 18:39:59,263 [b0d4646c-0fcd-42fc-b255-eb3c3c8c3636@group-D6CBFFE24189-LeaderElection67] INFO  server.RaftServerConfigKeys (ConfUtils.java:logGet(44)) - raft.server.rpc.request.timeout = 3000ms (default)
2021-08-26 18:39:59,263 [EventQueue-PipelineReportForPipelineReportHandler] INFO  pipeline.PipelineManagerImpl (PipelineManagerImpl.java:openPipeline(282)) - Pipeline Pipeline[ Id: add1658b-e2b5-4f06-8c7a-d6cbffe24189, Nodes: 87f05fb4-46b8-4bb5-a197-7bc4b26914eb{ip: 10.1.0.63, host: fv-az184-233.3ow45vhwbzuu5incsxmygykede.cx.internal.cloudapp.net, ports: [REPLICATION=41467, RATIS=44187, RATIS_ADMIN=44187, RATIS_SERVER=44187, STANDALONE=44877], networkLocation: /default-rack, certSerialId: null, persistedOpState: IN_SERVICE, persistedOpStateExpiryEpochSec: 0}b0d4646c-0fcd-42fc-b255-eb3c3c8c3636{ip: 10.1.0.63, host: fv-az184-233.3ow45vhwbzuu5incsxmygykede.cx.internal.cloudapp.net, ports: [REPLICATION=38487, RATIS=45237, RATIS_ADMIN=45237, RATIS_SERVER=45237, STANDALONE=33471], networkLocation: /default-rack, certSerialId: null, persistedOpState: IN_SERVICE, persistedOpStateExpiryEpochSec: 0}feac8f5a-1b39-4e45-882b-39b2a71e70b7{ip: 10.1.0.63, host: fv-az184-233.3ow45vhwbzuu5incsxmygykede.cx.internal.cloudapp.net, ports: [REPLICATION=40843, RATIS=43083, RATIS_ADMIN=43083, RATIS_SERVER=43083, STANDALONE=44649], networkLocation: /default-rack, certSerialId: null, persistedOpState: IN_SERVICE, persistedOpStateExpiryEpochSec: 0}, ReplicationConfig: RATIS/THREE, State:ALLOCATED, leaderId:b0d4646c-0fcd-42fc-b255-eb3c3c8c3636, CreationTimestamp2021-08-26T18:39:51.907Z[Etc/UTC]] moved to OPEN state
2021-08-26 18:39:59,264 [EventQueue-OpenPipelineForHealthyPipelineSafeModeRule] INFO  safemode.SCMSafeModeManager (HealthyPipelineSafeModeRule.java:process(124)) - SCM in safe mode. Healthy pipelines reported count is 1, required healthy pipeline reported count is 1
2021-08-26 18:39:59,264 [EventQueue-OpenPipelineForHealthyPipelineSafeModeRule] INFO  safemode.SCMSafeModeManager (SCMSafeModeManager.java:validateSafeModeExitRules(204)) - HealthyPipelineSafeModeRule rule is successfully validated
2021-08-26 18:39:59,264 [EventQueue-OpenPipelineForHealthyPipelineSafeModeRule] INFO  safemode.SCMSafeModeManager (SCMSafeModeManager.java:validateSafeModeExitRules(219)) - ScmSafeModeManager, all rules are successfully validated
2021-08-26 18:39:59,264 [EventQueue-OpenPipelineForHealthyPipelineSafeModeRule] INFO  safemode.SCMSafeModeManager (SCMSafeModeManager.java:exitSafeMode(248)) - SCM exiting safe mode.
2021-08-26 18:39:59,264 [EventQueue-OpenPipelineForHealthyPipelineSafeModeRule] WARN  events.EventQueue (EventQueue.java:fireEvent(194)) - No event handler registered for event TypedEvent{payloadType=SafeModeStatus, name='Safe mode status'}
2021-08-26 18:39:59,264 [EventQueue-OpenPipelineForHealthyPipelineSafeModeRule] INFO  ha.SCMContext (SCMContext.java:updateSafeModeStatus(205)) - Update SafeModeStatus from SafeModeStatus{safeModeStatus=true, preCheckPassed=true} to SafeModeStatus{safeModeStatus=false, preCheckPassed=true}.
2021-08-26 18:39:59,264 [EventQueue-OpenPipelineForHealthyPipelineSafeModeRule] INFO  pipeline.BackgroundPipelineCreator (BackgroundPipelineCreatorV2.java:notifyStatusChanged(264)) - Service BackgroundPipelineCreator transitions to RUNNING.
2021-08-26 18:39:59,264 [EventQueue-OpenPipelineForHealthyPipelineSafeModeRule] INFO  container.ReplicationManager (ReplicationManager.java:notifyStatusChanged(1722)) - Service ReplicationManager transitions to RUNNING.
2021-08-26 18:39:59,264 [b0d4646c-0fcd-42fc-b255-eb3c3c8c3636@group-D6CBFFE24189-LeaderElection67] INFO  server.RaftServerConfigKeys (ConfUtils.java:logGet(44)) - raft.server.log.appender.install.snapshot.enabled = false (custom)
2021-08-26 18:39:59,265 [b0d4646c-0fcd-42fc-b255-eb3c3c8c3636@group-D6CBFFE24189-LeaderElection67] INFO  impl.RoleInfo (RoleInfo.java:updateAndGet(130)) - b0d4646c-0fcd-42fc-b255-eb3c3c8c3636: start b0d4646c-0fcd-42fc-b255-eb3c3c8c3636@group-D6CBFFE24189-LeaderStateImpl
2021-08-26 18:39:59,266 [b0d4646c-0fcd-42fc-b255-eb3c3c8c3636@group-D6CBFFE24189-LeaderElection67] INFO  segmented.SegmentedRaftLogWorker (SegmentedRaftLogWorker.java:startLogSegment(394)) - b0d4646c-0fcd-42fc-b255-eb3c3c8c3636@group-D6CBFFE24189-SegmentedRaftLogWorker: Starting segment from index:0
2021-08-26 18:39:59,287 [b0d4646c-0fcd-42fc-b255-eb3c3c8c3636@group-D6CBFFE24189-SegmentedRaftLogWorker] INFO  segmented.SegmentedRaftLogWorker (SegmentedRaftLogWorker.java:execute(601)) - b0d4646c-0fcd-42fc-b255-eb3c3c8c3636@group-D6CBFFE24189-SegmentedRaftLogWorker: created new log segment /home/runner/work/ozone/ozone/hadoop-ozone/integration-test/target/test-dir/MiniOzoneClusterImpl-7287d2d4-454f-4da5-bbdc-7dc3b2fb158b/datanode-0/data/ratis/add1658b-e2b5-4f06-8c7a-d6cbffe24189/current/log_inprogress_0
2021-08-26 18:39:59,305 [grpc-default-executor-4] INFO  ratis.XceiverServerRatis (XceiverServerRatis.java:handleLeaderChangedNotification(861)) - Leader change notification received for group: group-D6CBFFE24189 with new leaderId: b0d4646c-0fcd-42fc-b255-eb3c3c8c3636
2021-08-26 18:39:59,305 [grpc-default-executor-4] INFO  server.RaftServer$Division (ServerState.java:setLeader(285)) - feac8f5a-1b39-4e45-882b-39b2a71e70b7@group-D6CBFFE24189: change Leader from null to b0d4646c-0fcd-42fc-b255-eb3c3c8c3636 at term 1 for appendEntries, leader elected after 4967ms
2021-08-26 18:39:59,326 [b0d4646c-0fcd-42fc-b255-eb3c3c8c3636@group-D6CBFFE24189-LeaderElection67] INFO  server.RaftServer$Division (ServerState.java:setRaftConf(387)) - b0d4646c-0fcd-42fc-b255-eb3c3c8c3636@group-D6CBFFE24189: set configuration 0: [feac8f5a-1b39-4e45-882b-39b2a71e70b7|rpc:10.1.0.63:43083|dataStream:|priority:0, 87f05fb4-46b8-4bb5-a197-7bc4b26914eb|rpc:10.1.0.63:44187|dataStream:|priority:0, b0d4646c-0fcd-42fc-b255-eb3c3c8c3636|rpc:10.1.0.63:45237|dataStream:|priority:1], old=null
2021-08-26 18:39:59,335 [grpc-default-executor-2] INFO  impl.RoleInfo (RoleInfo.java:updateAndGet(130)) - 87f05fb4-46b8-4bb5-a197-7bc4b26914eb: start 87f05fb4-46b8-4bb5-a197-7bc4b26914eb@group-D6CBFFE24189-FollowerState
2021-08-26 18:39:59,335 [87f05fb4-46b8-4bb5-a197-7bc4b26914eb@group-D6CBFFE24189-FollowerState] INFO  impl.FollowerState (FollowerState.java:run(143)) - 87f05fb4-46b8-4bb5-a197-7bc4b26914eb@group-D6CBFFE24189-FollowerState was interrupted: {}
java.lang.InterruptedException: sleep interrupted
	at java.lang.Thread.sleep(Native Method)
	at java.lang.Thread.sleep(Thread.java:340)
	at java.util.concurrent.TimeUnit.sleep(TimeUnit.java:386)
	at org.apache.ratis.util.TimeDuration.sleep(TimeDuration.java:324)
	at org.apache.ratis.util.TimeDuration.sleep(TimeDuration.java:309)
	at org.apache.ratis.server.impl.FollowerState.run(FollowerState.java:118)
2021-08-26 18:39:59,380 [grpc-default-executor-2] INFO  server.RaftServer$Division (RaftServerImpl.java:requestVote(1075)) - 87f05fb4-46b8-4bb5-a197-7bc4b26914eb@group-D6CBFFE24189 replies to ELECTION vote request: b0d4646c-0fcd-42fc-b255-eb3c3c8c3636<-87f05fb4-46b8-4bb5-a197-7bc4b26914eb#0:OK-t1. Peer's state: 87f05fb4-46b8-4bb5-a197-7bc4b26914eb@group-D6CBFFE24189:t1, leader=null, voted=b0d4646c-0fcd-42fc-b255-eb3c3c8c3636, raftlog=87f05fb4-46b8-4bb5-a197-7bc4b26914eb@group-D6CBFFE24189-SegmentedRaftLog:OPENED:c-1,f-1,i0, conf=-1: [feac8f5a-1b39-4e45-882b-39b2a71e70b7|rpc:10.1.0.63:43083|dataStream:|priority:0, 87f05fb4-46b8-4bb5-a197-7bc4b26914eb|rpc:10.1.0.63:44187|dataStream:|priority:0, b0d4646c-0fcd-42fc-b255-eb3c3c8c3636|rpc:10.1.0.63:45237|dataStream:|priority:1], old=null
2021-08-26 18:39:59,381 [grpc-default-executor-3] INFO  ratis.XceiverServerRatis (XceiverServerRatis.java:handleLeaderChangedNotification(861)) - Leader change notification received for group: group-D6CBFFE24189 with new leaderId: b0d4646c-0fcd-42fc-b255-eb3c3c8c3636
2021-08-26 18:39:59,381 [grpc-default-executor-3] INFO  server.RaftServer$Division (ServerState.java:setLeader(285)) - 87f05fb4-46b8-4bb5-a197-7bc4b26914eb@group-D6CBFFE24189: change Leader from null to b0d4646c-0fcd-42fc-b255-eb3c3c8c3636 at term 1 for appendEntries, leader elected after 5038ms
2021-08-26 18:39:59,391 [feac8f5a-1b39-4e45-882b-39b2a71e70b7@group-644ACEFF5726-FollowerState] INFO  impl.FollowerState (FollowerState.java:run(134)) - feac8f5a-1b39-4e45-882b-39b2a71e70b7@group-644ACEFF5726-FollowerState: change to CANDIDATE, lastRpcElapsedTime:5146029542ns, electionTimeout:5097ms
2021-08-26 18:39:59,391 [feac8f5a-1b39-4e45-882b-39b2a71e70b7@group-644ACEFF5726-FollowerState] INFO  impl.RoleInfo (RoleInfo.java:shutdownFollowerState(108)) - feac8f5a-1b39-4e45-882b-39b2a71e70b7: shutdown feac8f5a-1b39-4e45-882b-39b2a71e70b7@group-644ACEFF5726-FollowerState
2021-08-26 18:39:59,391 [feac8f5a-1b39-4e45-882b-39b2a71e70b7@group-644ACEFF5726-FollowerState] INFO  server.RaftServer$Division (RaftServerImpl.java:setRole(285)) - feac8f5a-1b39-4e45-882b-39b2a71e70b7@group-644ACEFF5726: changes role from  FOLLOWER to CANDIDATE at term 0 for changeToCandidate
2021-08-26 18:39:59,394 [grpc-default-executor-2] INFO  server.RaftServer$Division (ServerState.java:setRaftConf(387)) - feac8f5a-1b39-4e45-882b-39b2a71e70b7@group-D6CBFFE24189: set configuration 0: [feac8f5a-1b39-4e45-882b-39b2a71e70b7|rpc:10.1.0.63:43083|dataStream:|priority:0, 87f05fb4-46b8-4bb5-a197-7bc4b26914eb|rpc:10.1.0.63:44187|dataStream:|priority:0, b0d4646c-0fcd-42fc-b255-eb3c3c8c3636|rpc:10.1.0.63:45237|dataStream:|priority:1], old=null
2021-08-26 18:39:59,394 [grpc-default-executor-2] INFO  segmented.SegmentedRaftLogWorker (SegmentedRaftLogWorker.java:startLogSegment(394)) - feac8f5a-1b39-4e45-882b-39b2a71e70b7@group-D6CBFFE24189-SegmentedRaftLogWorker: Starting segment from index:0
2021-08-26 18:39:59,395 [feac8f5a-1b39-4e45-882b-39b2a71e70b7@group-644ACEFF5726-FollowerState] INFO  server.RaftServerConfigKeys (ConfUtils.java:logGet(44)) - raft.server.leaderelection.pre-vote = false (custom)
2021-08-26 18:39:59,395 [feac8f5a-1b39-4e45-882b-39b2a71e70b7@group-644ACEFF5726-FollowerState] INFO  impl.RoleInfo (RoleInfo.java:updateAndGet(130)) - feac8f5a-1b39-4e45-882b-39b2a71e70b7: start feac8f5a-1b39-4e45-882b-39b2a71e70b7@group-644ACEFF5726-LeaderElection68
2021-08-26 18:39:59,421 [feac8f5a-1b39-4e45-882b-39b2a71e70b7@group-D6CBFFE24189-SegmentedRaftLogWorker] INFO  segmented.SegmentedRaftLogWorker (SegmentedRaftLogWorker.java:execute(601)) - feac8f5a-1b39-4e45-882b-39b2a71e70b7@group-D6CBFFE24189-SegmentedRaftLogWorker: created new log segment /home/runner/work/ozone/ozone/hadoop-ozone/integration-test/target/test-dir/MiniOzoneClusterImpl-7287d2d4-454f-4da5-bbdc-7dc3b2fb158b/datanode-1/data/ratis/add1658b-e2b5-4f06-8c7a-d6cbffe24189/current/log_inprogress_0
2021-08-26 18:39:59,424 [grpc-default-executor-4] INFO  server.RaftServer$Division (ServerState.java:setRaftConf(387)) - 87f05fb4-46b8-4bb5-a197-7bc4b26914eb@group-D6CBFFE24189: set configuration 0: [feac8f5a-1b39-4e45-882b-39b2a71e70b7|rpc:10.1.0.63:43083|dataStream:|priority:0, 87f05fb4-46b8-4bb5-a197-7bc4b26914eb|rpc:10.1.0.63:44187|dataStream:|priority:0, b0d4646c-0fcd-42fc-b255-eb3c3c8c3636|rpc:10.1.0.63:45237|dataStream:|priority:1], old=null
2021-08-26 18:39:59,424 [grpc-default-executor-4] INFO  segmented.SegmentedRaftLogWorker (SegmentedRaftLogWorker.java:startLogSegment(394)) - 87f05fb4-46b8-4bb5-a197-7bc4b26914eb@group-D6CBFFE24189-SegmentedRaftLogWorker: Starting segment from index:0
2021-08-26 18:39:59,425 [87f05fb4-46b8-4bb5-a197-7bc4b26914eb@group-D6CBFFE24189-SegmentedRaftLogWorker] INFO  segmented.SegmentedRaftLogWorker (SegmentedRaftLogWorker.java:execute(601)) - 87f05fb4-46b8-4bb5-a197-7bc4b26914eb@group-D6CBFFE24189-SegmentedRaftLogWorker: created new log segment /home/runner/work/ozone/ozone/hadoop-ozone/integration-test/target/test-dir/MiniOzoneClusterImpl-7287d2d4-454f-4da5-bbdc-7dc3b2fb158b/datanode-2/data/ratis/add1658b-e2b5-4f06-8c7a-d6cbffe24189/current/log_inprogress_0
2021-08-26 18:39:59,456 [feac8f5a-1b39-4e45-882b-39b2a71e70b7@group-644ACEFF5726-LeaderElection68] INFO  impl.LeaderElection (LeaderElection.java:askForVotes(306)) - feac8f5a-1b39-4e45-882b-39b2a71e70b7@group-644ACEFF5726-LeaderElection68 ELECTION round 0: submit vote requests at term 1 for -1: [feac8f5a-1b39-4e45-882b-39b2a71e70b7|rpc:10.1.0.63:43083|priority:1], old=null
2021-08-26 18:39:59,456 [feac8f5a-1b39-4e45-882b-39b2a71e70b7@group-644ACEFF5726-LeaderElection68] INFO  impl.LeaderElection (LeaderElection.java:askForVotes(308)) - feac8f5a-1b39-4e45-882b-39b2a71e70b7@group-644ACEFF5726-LeaderElection68 ELECTION round 0: result PASSED (term=1)
2021-08-26 18:39:59,456 [feac8f5a-1b39-4e45-882b-39b2a71e70b7@group-644ACEFF5726-LeaderElection68] INFO  impl.RoleInfo (RoleInfo.java:shutdownLeaderElection(121)) - feac8f5a-1b39-4e45-882b-39b2a71e70b7: shutdown feac8f5a-1b39-4e45-882b-39b2a71e70b7@group-644ACEFF5726-LeaderElection68
2021-08-26 18:39:59,456 [feac8f5a-1b39-4e45-882b-39b2a71e70b7@group-644ACEFF5726-LeaderElection68] INFO  server.RaftServer$Division (RaftServerImpl.java:setRole(285)) - feac8f5a-1b39-4e45-882b-39b2a71e70b7@group-644ACEFF5726: changes role from CANDIDATE to LEADER at term 1 for changeToLeader
2021-08-26 18:39:59,456 [feac8f5a-1b39-4e45-882b-39b2a71e70b7@group-644ACEFF5726-LeaderElection68] INFO  ratis.XceiverServerRatis (XceiverServerRatis.java:handleLeaderChangedNotification(861)) - Leader change notification received for group: group-644ACEFF5726 with new leaderId: feac8f5a-1b39-4e45-882b-39b2a71e70b7
2021-08-26 18:39:59,456 [feac8f5a-1b39-4e45-882b-39b2a71e70b7@group-644ACEFF5726-LeaderElection68] INFO  server.RaftServer$Division (ServerState.java:setLeader(285)) - feac8f5a-1b39-4e45-882b-39b2a71e70b7@group-644ACEFF5726: change Leader from null to feac8f5a-1b39-4e45-882b-39b2a71e70b7 at term 1 for becomeLeader, leader elected after 5254ms
2021-08-26 18:39:59,457 [feac8f5a-1b39-4e45-882b-39b2a71e70b7@group-644ACEFF5726-LeaderElection68] INFO  server.RaftServerConfigKeys (ConfUtils.java:logGet(44)) - raft.server.staging.catchup.gap = 1000 (default)
2021-08-26 18:39:59,457 [feac8f5a-1b39-4e45-882b-39b2a71e70b7@group-644ACEFF5726-LeaderElection68] INFO  server.RaftServerConfigKeys (ConfUtils.java:logGet(44)) - raft.server.write.element-limit = 1024 (custom)
2021-08-26 18:39:59,457 [feac8f5a-1b39-4e45-882b-39b2a71e70b7@group-644ACEFF5726-LeaderElection68] INFO  server.RaftServerConfigKeys (ConfUtils.java:logGet(44)) - raft.server.write.byte-limit = 1024 M (=1073741824) (custom)
2021-08-26 18:39:59,457 [feac8f5a-1b39-4e45-882b-39b2a71e70b7@group-644ACEFF5726-LeaderElection68] INFO  server.RaftServerConfigKeys (ConfUtils.java:logGet(44)) - raft.server.watch.timeout = 3000ms (custom)
2021-08-26 18:39:59,457 [feac8f5a-1b39-4e45-882b-39b2a71e70b7@group-644ACEFF5726-LeaderElection68] INFO  server.RaftServerConfigKeys (ConfUtils.java:logGet(44)) - raft.server.watch.timeout.denomination = 1s (default)
2021-08-26 18:39:59,457 [feac8f5a-1b39-4e45-882b-39b2a71e70b7@group-644ACEFF5726-LeaderElection68] INFO  server.RaftServerConfigKeys (ConfUtils.java:logGet(44)) - raft.server.watch.element-limit = 65536 (default)
2021-08-26 18:39:59,457 [feac8f5a-1b39-4e45-882b-39b2a71e70b7@group-644ACEFF5726-LeaderElection68] INFO  impl.RoleInfo (RoleInfo.java:updateAndGet(130)) - feac8f5a-1b39-4e45-882b-39b2a71e70b7: start feac8f5a-1b39-4e45-882b-39b2a71e70b7@group-644ACEFF5726-LeaderStateImpl
2021-08-26 18:39:59,458 [feac8f5a-1b39-4e45-882b-39b2a71e70b7@group-644ACEFF5726-LeaderElection68] INFO  segmented.SegmentedRaftLogWorker (SegmentedRaftLogWorker.java:startLogSegment(394)) - feac8f5a-1b39-4e45-882b-39b2a71e70b7@group-644ACEFF5726-SegmentedRaftLogWorker: Starting segment from index:0
2021-08-26 18:39:59,458 [Datanode State Machine Thread - 0] WARN  statemachine.StateContext (StateContext.java:execute(621)) - No available thread in pool for past 1 seconds.
2021-08-26 18:39:59,466 [feac8f5a-1b39-4e45-882b-39b2a71e70b7@group-644ACEFF5726-SegmentedRaftLogWorker] INFO  segmented.SegmentedRaftLogWorker (SegmentedRaftLogWorker.java:execute(601)) - feac8f5a-1b39-4e45-882b-39b2a71e70b7@group-644ACEFF5726-SegmentedRaftLogWorker: created new log segment /home/runner/work/ozone/ozone/hadoop-ozone/integration-test/target/test-dir/MiniOzoneClusterImpl-7287d2d4-454f-4da5-bbdc-7dc3b2fb158b/datanode-1/data/ratis/fb683fb8-b5e1-4085-a398-644aceff5726/current/log_inprogress_0
2021-08-26 18:39:59,515 [feac8f5a-1b39-4e45-882b-39b2a71e70b7@group-644ACEFF5726-LeaderElection68] INFO  server.RaftServer$Division (ServerState.java:setRaftConf(387)) - feac8f5a-1b39-4e45-882b-39b2a71e70b7@group-644ACEFF5726: set configuration 0: [feac8f5a-1b39-4e45-882b-39b2a71e70b7|rpc:10.1.0.63:43083|dataStream:|priority:1], old=null
2021-08-26 18:39:59,994 [87f05fb4-46b8-4bb5-a197-7bc4b26914eb@group-59B82285053D-FollowerState] INFO  impl.FollowerState (FollowerState.java:run(134)) - 87f05fb4-46b8-4bb5-a197-7bc4b26914eb@group-59B82285053D-FollowerState: change to CANDIDATE, lastRpcElapsedTime:5108856054ns, electionTimeout:5108ms
2021-08-26 18:39:59,994 [87f05fb4-46b8-4bb5-a197-7bc4b26914eb@group-59B82285053D-FollowerState] INFO  impl.RoleInfo (RoleInfo.java:shutdownFollowerState(108)) - 87f05fb4-46b8-4bb5-a197-7bc4b26914eb: shutdown 87f05fb4-46b8-4bb5-a197-7bc4b26914eb@group-59B82285053D-FollowerState
2021-08-26 18:39:59,994 [87f05fb4-46b8-4bb5-a197-7bc4b26914eb@group-59B82285053D-FollowerState] INFO  server.RaftServer$Division (RaftServerImpl.java:setRole(285)) - 87f05fb4-46b8-4bb5-a197-7bc4b26914eb@group-59B82285053D: changes role from  FOLLOWER to CANDIDATE at term 0 for changeToCandidate
2021-08-26 18:39:59,995 [87f05fb4-46b8-4bb5-a197-7bc4b26914eb@group-59B82285053D-FollowerState] INFO  server.RaftServerConfigKeys (ConfUtils.java:logGet(44)) - raft.server.leaderelection.pre-vote = false (custom)
2021-08-26 18:39:59,996 [87f05fb4-46b8-4bb5-a197-7bc4b26914eb@group-59B82285053D-FollowerState] INFO  impl.RoleInfo (RoleInfo.java:updateAndGet(130)) - 87f05fb4-46b8-4bb5-a197-7bc4b26914eb: start 87f05fb4-46b8-4bb5-a197-7bc4b26914eb@group-59B82285053D-LeaderElection69
2021-08-26 18:40:00,039 [87f05fb4-46b8-4bb5-a197-7bc4b26914eb@group-59B82285053D-LeaderElection69] INFO  impl.LeaderElection (LeaderElection.java:askForVotes(306)) - 87f05fb4-46b8-4bb5-a197-7bc4b26914eb@group-59B82285053D-LeaderElection69 ELECTION round 0: submit vote requests at term 1 for -1: [87f05fb4-46b8-4bb5-a197-7bc4b26914eb|rpc:10.1.0.63:44187|priority:1], old=null
2021-08-26 18:40:00,039 [87f05fb4-46b8-4bb5-a197-7bc4b26914eb@group-59B82285053D-LeaderElection69] INFO  impl.LeaderElection (LeaderElection.java:askForVotes(308)) - 87f05fb4-46b8-4bb5-a197-7bc4b26914eb@group-59B82285053D-LeaderElection69 ELECTION round 0: result PASSED (term=1)
2021-08-26 18:40:00,039 [87f05fb4-46b8-4bb5-a197-7bc4b26914eb@group-59B82285053D-LeaderElection69] INFO  impl.RoleInfo (RoleInfo.java:shutdownLeaderElection(121)) - 87f05fb4-46b8-4bb5-a197-7bc4b26914eb: shutdown 87f05fb4-46b8-4bb5-a197-7bc4b26914eb@group-59B82285053D-LeaderElection69
2021-08-26 18:40:00,039 [87f05fb4-46b8-4bb5-a197-7bc4b26914eb@group-59B82285053D-LeaderElection69] INFO  server.RaftServer$Division (RaftServerImpl.java:setRole(285)) - 87f05fb4-46b8-4bb5-a197-7bc4b26914eb@group-59B82285053D: changes role from CANDIDATE to LEADER at term 1 for changeToLeader
2021-08-26 18:40:00,039 [87f05fb4-46b8-4bb5-a197-7bc4b26914eb@group-59B82285053D-LeaderElection69] INFO  ratis.XceiverServerRatis (XceiverServerRatis.java:handleLeaderChangedNotification(861)) - Leader change notification received for group: group-59B82285053D with new leaderId: 87f05fb4-46b8-4bb5-a197-7bc4b26914eb
2021-08-26 18:40:00,039 [87f05fb4-46b8-4bb5-a197-7bc4b26914eb@group-59B82285053D-LeaderElection69] INFO  server.RaftServer$Division (ServerState.java:setLeader(285)) - 87f05fb4-46b8-4bb5-a197-7bc4b26914eb@group-59B82285053D: change Leader from null to 87f05fb4-46b8-4bb5-a197-7bc4b26914eb at term 1 for becomeLeader, leader elected after 5162ms
2021-08-26 18:40:00,039 [87f05fb4-46b8-4bb5-a197-7bc4b26914eb@group-59B82285053D-LeaderElection69] INFO  server.RaftServerConfigKeys (ConfUtils.java:logGet(44)) - raft.server.staging.catchup.gap = 1000 (default)
2021-08-26 18:40:00,039 [87f05fb4-46b8-4bb5-a197-7bc4b26914eb@group-59B82285053D-LeaderElection69] INFO  server.RaftServerConfigKeys (ConfUtils.java:logGet(44)) - raft.server.write.element-limit = 1024 (custom)
2021-08-26 18:40:00,039 [87f05fb4-46b8-4bb5-a197-7bc4b26914eb@group-59B82285053D-LeaderElection69] INFO  server.RaftServerConfigKeys (ConfUtils.java:logGet(44)) - raft.server.write.byte-limit = 1024 M (=1073741824) (custom)
2021-08-26 18:40:00,040 [87f05fb4-46b8-4bb5-a197-7bc4b26914eb@group-59B82285053D-LeaderElection69] INFO  server.RaftServerConfigKeys (ConfUtils.java:logGet(44)) - raft.server.watch.timeout = 3000ms (custom)
2021-08-26 18:40:00,040 [87f05fb4-46b8-4bb5-a197-7bc4b26914eb@group-59B82285053D-LeaderElection69] INFO  server.RaftServerConfigKeys (ConfUtils.java:logGet(44)) - raft.server.watch.timeout.denomination = 1s (default)
2021-08-26 18:40:00,040 [87f05fb4-46b8-4bb5-a197-7bc4b26914eb@group-59B82285053D-LeaderElection69] INFO  server.RaftServerConfigKeys (ConfUtils.java:logGet(44)) - raft.server.watch.element-limit = 65536 (default)
2021-08-26 18:40:00,040 [87f05fb4-46b8-4bb5-a197-7bc4b26914eb@group-59B82285053D-LeaderElection69] INFO  impl.RoleInfo (RoleInfo.java:updateAndGet(130)) - 87f05fb4-46b8-4bb5-a197-7bc4b26914eb: start 87f05fb4-46b8-4bb5-a197-7bc4b26914eb@group-59B82285053D-LeaderStateImpl
2021-08-26 18:40:00,040 [87f05fb4-46b8-4bb5-a197-7bc4b26914eb@group-59B82285053D-LeaderElection69] INFO  segmented.SegmentedRaftLogWorker (SegmentedRaftLogWorker.java:startLogSegment(394)) - 87f05fb4-46b8-4bb5-a197-7bc4b26914eb@group-59B82285053D-SegmentedRaftLogWorker: Starting segment from index:0
2021-08-26 18:40:00,040 [Datanode State Machine Thread - 0] WARN  statemachine.StateContext (StateContext.java:execute(621)) - No available thread in pool for past 1 seconds.
2021-08-26 18:40:00,049 [87f05fb4-46b8-4bb5-a197-7bc4b26914eb@group-59B82285053D-LeaderElection69] INFO  server.RaftServer$Division (ServerState.java:setRaftConf(387)) - 87f05fb4-46b8-4bb5-a197-7bc4b26914eb@group-59B82285053D: set configuration 0: [87f05fb4-46b8-4bb5-a197-7bc4b26914eb|rpc:10.1.0.63:44187|dataStream:|priority:1], old=null
2021-08-26 18:40:00,050 [87f05fb4-46b8-4bb5-a197-7bc4b26914eb@group-59B82285053D-SegmentedRaftLogWorker] INFO  segmented.SegmentedRaftLogWorker (SegmentedRaftLogWorker.java:execute(601)) - 87f05fb4-46b8-4bb5-a197-7bc4b26914eb@group-59B82285053D-SegmentedRaftLogWorker: created new log segment /home/runner/work/ozone/ozone/hadoop-ozone/integration-test/target/test-dir/MiniOzoneClusterImpl-7287d2d4-454f-4da5-bbdc-7dc3b2fb158b/datanode-2/data/ratis/86756c3f-7a7e-4c6c-bac6-59b82285053d/current/log_inprogress_0
2021-08-26 18:40:00,243 [Listener at 127.0.0.1/40319] INFO  ozone.MiniOzoneClusterImpl (MiniOzoneClusterImpl.java:lambda$waitForClusterToBeReady$0(235)) - Nodes are ready. Got 7 of 7 DN Heartbeats.
2021-08-26 18:40:00,243 [Listener at 127.0.0.1/40319] INFO  ozone.MiniOzoneClusterImpl (MiniOzoneClusterImpl.java:lambda$waitForClusterToBeReady$0(238)) - Cluster exits safe mode
2021-08-26 18:40:00,244 [Listener at 127.0.0.1/40319] INFO  ozone.MiniOzoneClusterImpl (MiniOzoneClusterImpl.java:lambda$waitForClusterToBeReady$0(240)) - SCM became leader
2021-08-26 18:40:00,283 [Listener at 127.0.0.1/40319] INFO  rpc.RpcClient (RpcClient.java:createVolume(342)) - Creating Volume: testblockoutputstream, with runner as owner and space quota set to -1 bytes, counts quota set to -1
2021-08-26 18:40:00,341 [OM StateMachine ApplyTransaction Thread - 0] INFO  volume.OMVolumeCreateRequest (OMVolumeCreateRequest.java:validateAndUpdateCache(195)) - created volume:testblockoutputstream for user:runner
2021-08-26 18:40:00,358 [Listener at 127.0.0.1/40319] INFO  rpc.RpcClient (RpcClient.java:createBucket(502)) - Creating Bucket: testblockoutputstream/testblockoutputstream, with Versioning false and Storage Type set to DISK and Encryption set to false 
2021-08-26 18:40:00,439 [IPC Server handler 0 on default port 41639] INFO  ha.SequenceIdGenerator (SequenceIdGenerator.java:getNextId(127)) - Allocate a batch for containerId, change lastId from 0 to 1000.
2021-08-26 18:40:00,440 [IPC Server handler 0 on default port 41639] WARN  ha.SequenceIdGenerator (SequenceIdGenerator.java:allocateBatch(234)) - Failed to allocate a batch for localId, expected lastId is 0, actual lastId is 107544261427200000.
2021-08-26 18:40:00,440 [IPC Server handler 0 on default port 41639] INFO  ha.SequenceIdGenerator (SequenceIdGenerator.java:getNextId(127)) - Allocate a batch for localId, change lastId from 107544261427200000 to 107544261427201000.
2021-08-26 18:40:00,613 [Datanode State Machine Thread - 0] WARN  statemachine.StateContext (StateContext.java:execute(621)) - No available thread in pool for past 1 seconds.
2021-08-26 18:40:00,653 [95edf07e-7fec-45a0-b357-ea2c9e88c813@group-9527D44623BC-FollowerState] INFO  impl.FollowerState (FollowerState.java:run(134)) - 95edf07e-7fec-45a0-b357-ea2c9e88c813@group-9527D44623BC-FollowerState: change to CANDIDATE, lastRpcElapsedTime:5116393072ns, electionTimeout:5114ms
2021-08-26 18:40:00,653 [95edf07e-7fec-45a0-b357-ea2c9e88c813@group-9527D44623BC-FollowerState] INFO  impl.RoleInfo (RoleInfo.java:shutdownFollowerState(108)) - 95edf07e-7fec-45a0-b357-ea2c9e88c813: shutdown 95edf07e-7fec-45a0-b357-ea2c9e88c813@group-9527D44623BC-FollowerState
2021-08-26 18:40:00,654 [95edf07e-7fec-45a0-b357-ea2c9e88c813@group-9527D44623BC-FollowerState] INFO  server.RaftServer$Division (RaftServerImpl.java:setRole(285)) - 95edf07e-7fec-45a0-b357-ea2c9e88c813@group-9527D44623BC: changes role from  FOLLOWER to CANDIDATE at term 0 for changeToCandidate
2021-08-26 18:40:00,671 [95edf07e-7fec-45a0-b357-ea2c9e88c813@group-9527D44623BC-FollowerState] INFO  server.RaftServerConfigKeys (ConfUtils.java:logGet(44)) - raft.server.leaderelection.pre-vote = false (custom)
2021-08-26 18:40:00,671 [95edf07e-7fec-45a0-b357-ea2c9e88c813@group-9527D44623BC-FollowerState] INFO  impl.RoleInfo (RoleInfo.java:updateAndGet(130)) - 95edf07e-7fec-45a0-b357-ea2c9e88c813: start 95edf07e-7fec-45a0-b357-ea2c9e88c813@group-9527D44623BC-LeaderElection70
2021-08-26 18:40:00,705 [95edf07e-7fec-45a0-b357-ea2c9e88c813@group-9527D44623BC-LeaderElection70] INFO  impl.LeaderElection (LeaderElection.java:askForVotes(306)) - 95edf07e-7fec-45a0-b357-ea2c9e88c813@group-9527D44623BC-LeaderElection70 ELECTION round 0: submit vote requests at term 1 for -1: [95edf07e-7fec-45a0-b357-ea2c9e88c813|rpc:10.1.0.63:34053|priority:1], old=null
2021-08-26 18:40:00,705 [95edf07e-7fec-45a0-b357-ea2c9e88c813@group-9527D44623BC-LeaderElection70] INFO  impl.LeaderElection (LeaderElection.java:askForVotes(308)) - 95edf07e-7fec-45a0-b357-ea2c9e88c813@group-9527D44623BC-LeaderElection70 ELECTION round 0: result PASSED (term=1)
2021-08-26 18:40:00,705 [95edf07e-7fec-45a0-b357-ea2c9e88c813@group-9527D44623BC-LeaderElection70] INFO  impl.RoleInfo (RoleInfo.java:shutdownLeaderElection(121)) - 95edf07e-7fec-45a0-b357-ea2c9e88c813: shutdown 95edf07e-7fec-45a0-b357-ea2c9e88c813@group-9527D44623BC-LeaderElection70
2021-08-26 18:40:00,705 [95edf07e-7fec-45a0-b357-ea2c9e88c813@group-9527D44623BC-LeaderElection70] INFO  server.RaftServer$Division (RaftServerImpl.java:setRole(285)) - 95edf07e-7fec-45a0-b357-ea2c9e88c813@group-9527D44623BC: changes role from CANDIDATE to LEADER at term 1 for changeToLeader
2021-08-26 18:40:00,705 [95edf07e-7fec-45a0-b357-ea2c9e88c813@group-9527D44623BC-LeaderElection70] INFO  ratis.XceiverServerRatis (XceiverServerRatis.java:handleLeaderChangedNotification(861)) - Leader change notification received for group: group-9527D44623BC with new leaderId: 95edf07e-7fec-45a0-b357-ea2c9e88c813
2021-08-26 18:40:00,731 [95edf07e-7fec-45a0-b357-ea2c9e88c813@group-9527D44623BC-LeaderElection70] INFO  server.RaftServer$Division (ServerState.java:setLeader(285)) - 95edf07e-7fec-45a0-b357-ea2c9e88c813@group-9527D44623BC: change Leader from null to 95edf07e-7fec-45a0-b357-ea2c9e88c813 at term 1 for becomeLeader, leader elected after 5186ms
2021-08-26 18:40:00,731 [95edf07e-7fec-45a0-b357-ea2c9e88c813@group-9527D44623BC-LeaderElection70] INFO  server.RaftServerConfigKeys (ConfUtils.java:logGet(44)) - raft.server.staging.catchup.gap = 1000 (default)
2021-08-26 18:40:00,731 [Datanode State Machine Thread - 0] WARN  statemachine.StateContext (StateContext.java:execute(621)) - No available thread in pool for past 1 seconds.
2021-08-26 18:40:00,731 [95edf07e-7fec-45a0-b357-ea2c9e88c813@group-9527D44623BC-LeaderElection70] INFO  server.RaftServerConfigKeys (ConfUtils.java:logGet(44)) - raft.server.write.element-limit = 1024 (custom)
2021-08-26 18:40:00,731 [95edf07e-7fec-45a0-b357-ea2c9e88c813@group-9527D44623BC-LeaderElection70] INFO  server.RaftServerConfigKeys (ConfUtils.java:logGet(44)) - raft.server.write.byte-limit = 1024 M (=1073741824) (custom)
2021-08-26 18:40:00,732 [95edf07e-7fec-45a0-b357-ea2c9e88c813@group-9527D44623BC-LeaderElection70] INFO  server.RaftServerConfigKeys (ConfUtils.java:logGet(44)) - raft.server.watch.timeout = 3000ms (custom)
2021-08-26 18:40:00,732 [95edf07e-7fec-45a0-b357-ea2c9e88c813@group-9527D44623BC-LeaderElection70] INFO  server.RaftServerConfigKeys (ConfUtils.java:logGet(44)) - raft.server.watch.timeout.denomination = 1s (default)
2021-08-26 18:40:00,732 [95edf07e-7fec-45a0-b357-ea2c9e88c813@group-9527D44623BC-LeaderElection70] INFO  server.RaftServerConfigKeys (ConfUtils.java:logGet(44)) - raft.server.watch.element-limit = 65536 (default)
2021-08-26 18:40:00,732 [95edf07e-7fec-45a0-b357-ea2c9e88c813@group-9527D44623BC-LeaderElection70] INFO  impl.RoleInfo (RoleInfo.java:updateAndGet(130)) - 95edf07e-7fec-45a0-b357-ea2c9e88c813: start 95edf07e-7fec-45a0-b357-ea2c9e88c813@group-9527D44623BC-LeaderStateImpl
2021-08-26 18:40:00,732 [95edf07e-7fec-45a0-b357-ea2c9e88c813@group-9527D44623BC-LeaderElection70] INFO  segmented.SegmentedRaftLogWorker (SegmentedRaftLogWorker.java:startLogSegment(394)) - 95edf07e-7fec-45a0-b357-ea2c9e88c813@group-9527D44623BC-SegmentedRaftLogWorker: Starting segment from index:0
2021-08-26 18:40:00,745 [95edf07e-7fec-45a0-b357-ea2c9e88c813@group-9527D44623BC-SegmentedRaftLogWorker] INFO  segmented.SegmentedRaftLogWorker (SegmentedRaftLogWorker.java:execute(601)) - 95edf07e-7fec-45a0-b357-ea2c9e88c813@group-9527D44623BC-SegmentedRaftLogWorker: created new log segment /home/runner/work/ozone/ozone/hadoop-ozone/integration-test/target/test-dir/MiniOzoneClusterImpl-7287d2d4-454f-4da5-bbdc-7dc3b2fb158b/datanode-3/data/ratis/7289ab97-fa1c-4d0d-91ad-9527d44623bc/current/log_inprogress_0
2021-08-26 18:40:00,747 [95edf07e-7fec-45a0-b357-ea2c9e88c813@group-5443D1AD4915-FollowerState] INFO  impl.FollowerState (FollowerState.java:run(134)) - 95edf07e-7fec-45a0-b357-ea2c9e88c813@group-5443D1AD4915-FollowerState: change to CANDIDATE, lastRpcElapsedTime:5135132817ns, electionTimeout:5124ms
2021-08-26 18:40:00,747 [95edf07e-7fec-45a0-b357-ea2c9e88c813@group-5443D1AD4915-FollowerState] INFO  impl.RoleInfo (RoleInfo.java:shutdownFollowerState(108)) - 95edf07e-7fec-45a0-b357-ea2c9e88c813: shutdown 95edf07e-7fec-45a0-b357-ea2c9e88c813@group-5443D1AD4915-FollowerState
2021-08-26 18:40:00,747 [95edf07e-7fec-45a0-b357-ea2c9e88c813@group-5443D1AD4915-FollowerState] INFO  server.RaftServer$Division (RaftServerImpl.java:setRole(285)) - 95edf07e-7fec-45a0-b357-ea2c9e88c813@group-5443D1AD4915: changes role from  FOLLOWER to CANDIDATE at term 0 for changeToCandidate
2021-08-26 18:40:00,788 [95edf07e-7fec-45a0-b357-ea2c9e88c813@group-9527D44623BC-LeaderElection70] INFO  server.RaftServer$Division (ServerState.java:setRaftConf(387)) - 95edf07e-7fec-45a0-b357-ea2c9e88c813@group-9527D44623BC: set configuration 0: [95edf07e-7fec-45a0-b357-ea2c9e88c813|rpc:10.1.0.63:34053|dataStream:|priority:1], old=null
2021-08-26 18:40:00,788 [95edf07e-7fec-45a0-b357-ea2c9e88c813@group-5443D1AD4915-FollowerState] INFO  server.RaftServerConfigKeys (ConfUtils.java:logGet(44)) - raft.server.leaderelection.pre-vote = false (custom)
2021-08-26 18:40:00,788 [95edf07e-7fec-45a0-b357-ea2c9e88c813@group-5443D1AD4915-FollowerState] INFO  impl.RoleInfo (RoleInfo.java:updateAndGet(130)) - 95edf07e-7fec-45a0-b357-ea2c9e88c813: start 95edf07e-7fec-45a0-b357-ea2c9e88c813@group-5443D1AD4915-LeaderElection71
2021-08-26 18:40:00,816 [134e4cc8-3e2d-4572-98bc-d75f353c351b@group-5443D1AD4915-FollowerState] INFO  impl.FollowerState (FollowerState.java:run(134)) - 134e4cc8-3e2d-4572-98bc-d75f353c351b@group-5443D1AD4915-FollowerState: change to CANDIDATE, lastRpcElapsedTime:5110937758ns, electionTimeout:5078ms
2021-08-26 18:40:00,816 [134e4cc8-3e2d-4572-98bc-d75f353c351b@group-5443D1AD4915-FollowerState] INFO  impl.RoleInfo (RoleInfo.java:shutdownFollowerState(108)) - 134e4cc8-3e2d-4572-98bc-d75f353c351b: shutdown 134e4cc8-3e2d-4572-98bc-d75f353c351b@group-5443D1AD4915-FollowerState
2021-08-26 18:40:00,816 [134e4cc8-3e2d-4572-98bc-d75f353c351b@group-5443D1AD4915-FollowerState] INFO  server.RaftServer$Division (RaftServerImpl.java:setRole(285)) - 134e4cc8-3e2d-4572-98bc-d75f353c351b@group-5443D1AD4915: changes role from  FOLLOWER to CANDIDATE at term 0 for changeToCandidate
2021-08-26 18:40:00,817 [95edf07e-7fec-45a0-b357-ea2c9e88c813@group-5443D1AD4915-LeaderElection71] INFO  impl.LeaderElection (LeaderElection.java:askForVotes(306)) - 95edf07e-7fec-45a0-b357-ea2c9e88c813@group-5443D1AD4915-LeaderElection71 ELECTION round 0: submit vote requests at term 1 for -1: [88d9c6ea-d0be-4004-8450-128776760c0b|rpc:10.1.0.63:32927|priority:1, 95edf07e-7fec-45a0-b357-ea2c9e88c813|rpc:10.1.0.63:34053|priority:0, 134e4cc8-3e2d-4572-98bc-d75f353c351b|rpc:10.1.0.63:40073|priority:0], old=null
2021-08-26 18:40:00,874 [134e4cc8-3e2d-4572-98bc-d75f353c351b@group-5443D1AD4915-FollowerState] INFO  server.RaftServerConfigKeys (ConfUtils.java:logGet(44)) - raft.server.leaderelection.pre-vote = false (custom)
2021-08-26 18:40:00,874 [134e4cc8-3e2d-4572-98bc-d75f353c351b@group-5443D1AD4915-FollowerState] INFO  impl.RoleInfo (RoleInfo.java:updateAndGet(130)) - 134e4cc8-3e2d-4572-98bc-d75f353c351b: start 134e4cc8-3e2d-4572-98bc-d75f353c351b@group-5443D1AD4915-LeaderElection72
2021-08-26 18:40:00,904 [grpc-default-executor-4] INFO  server.RaftServer$Division (RaftServerImpl.java:requestVote(1043)) - 134e4cc8-3e2d-4572-98bc-d75f353c351b@group-5443D1AD4915: receive requestVote(ELECTION, 95edf07e-7fec-45a0-b357-ea2c9e88c813, group-5443D1AD4915, 1, (t:0, i:0))
2021-08-26 18:40:00,904 [grpc-default-executor-4] INFO  impl.VoteContext (VoteContext.java:log(48)) - 134e4cc8-3e2d-4572-98bc-d75f353c351b@group-5443D1AD4915-CANDIDATE: accept ELECTION from 95edf07e-7fec-45a0-b357-ea2c9e88c813: our priority 0 <= candidate's priority 0
2021-08-26 18:40:00,904 [grpc-default-executor-4] INFO  server.RaftServer$Division (RaftServerImpl.java:setRole(285)) - 134e4cc8-3e2d-4572-98bc-d75f353c351b@group-5443D1AD4915: changes role from CANDIDATE to FOLLOWER at term 1 for candidate:95edf07e-7fec-45a0-b357-ea2c9e88c813
2021-08-26 18:40:00,905 [grpc-default-executor-4] INFO  impl.RoleInfo (RoleInfo.java:shutdownLeaderElection(121)) - 134e4cc8-3e2d-4572-98bc-d75f353c351b: shutdown 134e4cc8-3e2d-4572-98bc-d75f353c351b@group-5443D1AD4915-LeaderElection72
2021-08-26 18:40:00,905 [grpc-default-executor-4] INFO  impl.RoleInfo (RoleInfo.java:updateAndGet(130)) - 134e4cc8-3e2d-4572-98bc-d75f353c351b: start 134e4cc8-3e2d-4572-98bc-d75f353c351b@group-5443D1AD4915-FollowerState
2021-08-26 18:40:00,924 [134e4cc8-3e2d-4572-98bc-d75f353c351b@group-5443D1AD4915-LeaderElection72] INFO  impl.LeaderElection (LeaderElection.java:run(230)) - 134e4cc8-3e2d-4572-98bc-d75f353c351b@group-5443D1AD4915-LeaderElection72: skip running since this is already CLOSING
2021-08-26 18:40:00,924 [grpc-default-executor-4] INFO  server.RaftServer$Division (RaftServerImpl.java:requestVote(1075)) - 134e4cc8-3e2d-4572-98bc-d75f353c351b@group-5443D1AD4915 replies to ELECTION vote request: 95edf07e-7fec-45a0-b357-ea2c9e88c813<-134e4cc8-3e2d-4572-98bc-d75f353c351b#0:OK-t1. Peer's state: 134e4cc8-3e2d-4572-98bc-d75f353c351b@group-5443D1AD4915:t1, leader=null, voted=95edf07e-7fec-45a0-b357-ea2c9e88c813, raftlog=134e4cc8-3e2d-4572-98bc-d75f353c351b@group-5443D1AD4915-SegmentedRaftLog:OPENED:c-1,f-1,i0, conf=-1: [88d9c6ea-d0be-4004-8450-128776760c0b|rpc:10.1.0.63:32927|dataStream:|priority:1, 95edf07e-7fec-45a0-b357-ea2c9e88c813|rpc:10.1.0.63:34053|dataStream:|priority:0, 134e4cc8-3e2d-4572-98bc-d75f353c351b|rpc:10.1.0.63:40073|dataStream:|priority:0], old=null
2021-08-26 18:40:00,956 [grpc-default-executor-4] INFO  server.RaftServer$Division (RaftServerImpl.java:requestVote(1043)) - 88d9c6ea-d0be-4004-8450-128776760c0b@group-5443D1AD4915: receive requestVote(ELECTION, 95edf07e-7fec-45a0-b357-ea2c9e88c813, group-5443D1AD4915, 1, (t:0, i:0))
2021-08-26 18:40:00,956 [grpc-default-executor-4] INFO  impl.VoteContext (VoteContext.java:log(48)) - 88d9c6ea-d0be-4004-8450-128776760c0b@group-5443D1AD4915-FOLLOWER: reject ELECTION from 95edf07e-7fec-45a0-b357-ea2c9e88c813: our priority 1 > candidate's priority 0
2021-08-26 18:40:00,956 [grpc-default-executor-4] INFO  server.RaftServer$Division (RaftServerImpl.java:setRole(285)) - 88d9c6ea-d0be-4004-8450-128776760c0b@group-5443D1AD4915: changes role from  FOLLOWER to FOLLOWER at term 1 for candidate:95edf07e-7fec-45a0-b357-ea2c9e88c813
2021-08-26 18:40:00,956 [grpc-default-executor-4] INFO  impl.RoleInfo (RoleInfo.java:shutdownFollowerState(108)) - 88d9c6ea-d0be-4004-8450-128776760c0b: shutdown 88d9c6ea-d0be-4004-8450-128776760c0b@group-5443D1AD4915-FollowerState
2021-08-26 18:40:00,956 [grpc-default-executor-4] INFO  impl.RoleInfo (RoleInfo.java:updateAndGet(130)) - 88d9c6ea-d0be-4004-8450-128776760c0b: start 88d9c6ea-d0be-4004-8450-128776760c0b@group-5443D1AD4915-FollowerState
2021-08-26 18:40:00,956 [88d9c6ea-d0be-4004-8450-128776760c0b@group-5443D1AD4915-FollowerState] INFO  impl.FollowerState (FollowerState.java:run(143)) - 88d9c6ea-d0be-4004-8450-128776760c0b@group-5443D1AD4915-FollowerState was interrupted: {}
java.lang.InterruptedException: sleep interrupted
	at java.lang.Thread.sleep(Native Method)
	at java.lang.Thread.sleep(Thread.java:340)
	at java.util.concurrent.TimeUnit.sleep(TimeUnit.java:386)
	at org.apache.ratis.util.TimeDuration.sleep(TimeDuration.java:324)
	at org.apache.ratis.util.TimeDuration.sleep(TimeDuration.java:309)
	at org.apache.ratis.server.impl.FollowerState.run(FollowerState.java:118)
2021-08-26 18:40:00,979 [grpc-default-executor-4] INFO  server.RaftServer$Division (RaftServerImpl.java:requestVote(1075)) - 88d9c6ea-d0be-4004-8450-128776760c0b@group-5443D1AD4915 replies to ELECTION vote request: 95edf07e-7fec-45a0-b357-ea2c9e88c813<-88d9c6ea-d0be-4004-8450-128776760c0b#0:FAIL-t1. Peer's state: 88d9c6ea-d0be-4004-8450-128776760c0b@group-5443D1AD4915:t1, leader=null, voted=null, raftlog=88d9c6ea-d0be-4004-8450-128776760c0b@group-5443D1AD4915-SegmentedRaftLog:OPENED:c-1,f-1,i0, conf=-1: [88d9c6ea-d0be-4004-8450-128776760c0b|rpc:10.1.0.63:32927|dataStream:|priority:1, 95edf07e-7fec-45a0-b357-ea2c9e88c813|rpc:10.1.0.63:34053|dataStream:|priority:0, 134e4cc8-3e2d-4572-98bc-d75f353c351b|rpc:10.1.0.63:40073|dataStream:|priority:0], old=null
2021-08-26 18:40:01,014 [95edf07e-7fec-45a0-b357-ea2c9e88c813@group-5443D1AD4915-LeaderElection71] INFO  impl.LeaderElection (LeaderElection.java:logAndReturn(89)) - 95edf07e-7fec-45a0-b357-ea2c9e88c813@group-5443D1AD4915-LeaderElection71: ELECTION REJECTED received 2 response(s) and 0 exception(s):
2021-08-26 18:40:01,014 [95edf07e-7fec-45a0-b357-ea2c9e88c813@group-5443D1AD4915-LeaderElection71] INFO  impl.LeaderElection (LeaderElection.java:logAndReturn(93)) -   Response 0: 95edf07e-7fec-45a0-b357-ea2c9e88c813<-88d9c6ea-d0be-4004-8450-128776760c0b#0:FAIL-t1
2021-08-26 18:40:01,014 [95edf07e-7fec-45a0-b357-ea2c9e88c813@group-5443D1AD4915-LeaderElection71] INFO  impl.LeaderElection (LeaderElection.java:logAndReturn(93)) -   Response 1: 95edf07e-7fec-45a0-b357-ea2c9e88c813<-134e4cc8-3e2d-4572-98bc-d75f353c351b#0:OK-t1
2021-08-26 18:40:01,014 [95edf07e-7fec-45a0-b357-ea2c9e88c813@group-5443D1AD4915-LeaderElection71] INFO  impl.LeaderElection (LeaderElection.java:askForVotes(308)) - 95edf07e-7fec-45a0-b357-ea2c9e88c813@group-5443D1AD4915-LeaderElection71 ELECTION round 0: result REJECTED
2021-08-26 18:40:01,014 [95edf07e-7fec-45a0-b357-ea2c9e88c813@group-5443D1AD4915-LeaderElection71] INFO  server.RaftServer$Division (RaftServerImpl.java:setRole(285)) - 95edf07e-7fec-45a0-b357-ea2c9e88c813@group-5443D1AD4915: changes role from CANDIDATE to FOLLOWER at term 1 for REJECTED
2021-08-26 18:40:01,014 [95edf07e-7fec-45a0-b357-ea2c9e88c813@group-5443D1AD4915-LeaderElection71] INFO  impl.RoleInfo (RoleInfo.java:shutdownLeaderElection(121)) - 95edf07e-7fec-45a0-b357-ea2c9e88c813: shutdown 95edf07e-7fec-45a0-b357-ea2c9e88c813@group-5443D1AD4915-LeaderElection71
2021-08-26 18:40:01,014 [95edf07e-7fec-45a0-b357-ea2c9e88c813@group-5443D1AD4915-LeaderElection71] INFO  impl.RoleInfo (RoleInfo.java:updateAndGet(130)) - 95edf07e-7fec-45a0-b357-ea2c9e88c813: start 95edf07e-7fec-45a0-b357-ea2c9e88c813@group-5443D1AD4915-FollowerState
2021-08-26 18:40:01,137 [95edf07e-7fec-45a0-b357-ea2c9e88c813@group-0EE0E6A225EC-FollowerState] INFO  impl.FollowerState (FollowerState.java:run(134)) - 95edf07e-7fec-45a0-b357-ea2c9e88c813@group-0EE0E6A225EC-FollowerState: change to CANDIDATE, lastRpcElapsedTime:5148957149ns, electionTimeout:5148ms
2021-08-26 18:40:01,137 [95edf07e-7fec-45a0-b357-ea2c9e88c813@group-0EE0E6A225EC-FollowerState] INFO  impl.RoleInfo (RoleInfo.java:shutdownFollowerState(108)) - 95edf07e-7fec-45a0-b357-ea2c9e88c813: shutdown 95edf07e-7fec-45a0-b357-ea2c9e88c813@group-0EE0E6A225EC-FollowerState
2021-08-26 18:40:01,137 [95edf07e-7fec-45a0-b357-ea2c9e88c813@group-0EE0E6A225EC-FollowerState] INFO  server.RaftServer$Division (RaftServerImpl.java:setRole(285)) - 95edf07e-7fec-45a0-b357-ea2c9e88c813@group-0EE0E6A225EC: changes role from  FOLLOWER to CANDIDATE at term 0 for changeToCandidate
2021-08-26 18:40:01,137 [95edf07e-7fec-45a0-b357-ea2c9e88c813@group-0EE0E6A225EC-FollowerState] INFO  server.RaftServerConfigKeys (ConfUtils.java:logGet(44)) - raft.server.leaderelection.pre-vote = false (custom)
2021-08-26 18:40:01,137 [95edf07e-7fec-45a0-b357-ea2c9e88c813@group-0EE0E6A225EC-FollowerState] INFO  impl.RoleInfo (RoleInfo.java:updateAndGet(130)) - 95edf07e-7fec-45a0-b357-ea2c9e88c813: start 95edf07e-7fec-45a0-b357-ea2c9e88c813@group-0EE0E6A225EC-LeaderElection73
2021-08-26 18:40:01,166 [95edf07e-7fec-45a0-b357-ea2c9e88c813@group-0EE0E6A225EC-LeaderElection73] INFO  impl.LeaderElection (LeaderElection.java:askForVotes(306)) - 95edf07e-7fec-45a0-b357-ea2c9e88c813@group-0EE0E6A225EC-LeaderElection73 ELECTION round 0: submit vote requests at term 1 for -1: [95edf07e-7fec-45a0-b357-ea2c9e88c813|rpc:10.1.0.63:34053|priority:0, 88d9c6ea-d0be-4004-8450-128776760c0b|rpc:10.1.0.63:32927|priority:0, 134e4cc8-3e2d-4572-98bc-d75f353c351b|rpc:10.1.0.63:40073|priority:1], old=null
2021-08-26 18:40:01,187 [grpc-default-executor-4] INFO  server.RaftServer$Division (RaftServerImpl.java:requestVote(1043)) - 88d9c6ea-d0be-4004-8450-128776760c0b@group-0EE0E6A225EC: receive requestVote(ELECTION, 95edf07e-7fec-45a0-b357-ea2c9e88c813, group-0EE0E6A225EC, 1, (t:0, i:0))
2021-08-26 18:40:01,187 [grpc-default-executor-4] INFO  impl.VoteContext (VoteContext.java:log(48)) - 88d9c6ea-d0be-4004-8450-128776760c0b@group-0EE0E6A225EC-FOLLOWER: accept ELECTION from 95edf07e-7fec-45a0-b357-ea2c9e88c813: our priority 0 <= candidate's priority 0
2021-08-26 18:40:01,187 [grpc-default-executor-4] INFO  server.RaftServer$Division (RaftServerImpl.java:setRole(285)) - 88d9c6ea-d0be-4004-8450-128776760c0b@group-0EE0E6A225EC: changes role from  FOLLOWER to FOLLOWER at term 1 for candidate:95edf07e-7fec-45a0-b357-ea2c9e88c813
2021-08-26 18:40:01,187 [grpc-default-executor-4] INFO  impl.RoleInfo (RoleInfo.java:shutdownFollowerState(108)) - 88d9c6ea-d0be-4004-8450-128776760c0b: shutdown 88d9c6ea-d0be-4004-8450-128776760c0b@group-0EE0E6A225EC-FollowerState
2021-08-26 18:40:01,196 [grpc-default-executor-4] INFO  impl.RoleInfo (RoleInfo.java:updateAndGet(130)) - 88d9c6ea-d0be-4004-8450-128776760c0b: start 88d9c6ea-d0be-4004-8450-128776760c0b@group-0EE0E6A225EC-FollowerState
2021-08-26 18:40:01,196 [88d9c6ea-d0be-4004-8450-128776760c0b@group-0EE0E6A225EC-FollowerState] INFO  impl.FollowerState (FollowerState.java:run(143)) - 88d9c6ea-d0be-4004-8450-128776760c0b@group-0EE0E6A225EC-FollowerState was interrupted: {}
java.lang.InterruptedException: sleep interrupted
	at java.lang.Thread.sleep(Native Method)
	at java.lang.Thread.sleep(Thread.java:340)
	at java.util.concurrent.TimeUnit.sleep(TimeUnit.java:386)
	at org.apache.ratis.util.TimeDuration.sleep(TimeDuration.java:324)
	at org.apache.ratis.util.TimeDuration.sleep(TimeDuration.java:309)
	at org.apache.ratis.server.impl.FollowerState.run(FollowerState.java:118)
2021-08-26 18:40:01,200 [grpc-default-executor-3] INFO  server.RaftServer$Division (RaftServerImpl.java:requestVote(1043)) - 134e4cc8-3e2d-4572-98bc-d75f353c351b@group-0EE0E6A225EC: receive requestVote(ELECTION, 95edf07e-7fec-45a0-b357-ea2c9e88c813, group-0EE0E6A225EC, 1, (t:0, i:0))
2021-08-26 18:40:01,200 [grpc-default-executor-3] INFO  impl.VoteContext (VoteContext.java:log(48)) - 134e4cc8-3e2d-4572-98bc-d75f353c351b@group-0EE0E6A225EC-FOLLOWER: reject ELECTION from 95edf07e-7fec-45a0-b357-ea2c9e88c813: our priority 1 > candidate's priority 0
2021-08-26 18:40:01,200 [grpc-default-executor-3] INFO  server.RaftServer$Division (RaftServerImpl.java:setRole(285)) - 134e4cc8-3e2d-4572-98bc-d75f353c351b@group-0EE0E6A225EC: changes role from  FOLLOWER to FOLLOWER at term 1 for candidate:95edf07e-7fec-45a0-b357-ea2c9e88c813
2021-08-26 18:40:01,200 [grpc-default-executor-3] INFO  impl.RoleInfo (RoleInfo.java:shutdownFollowerState(108)) - 134e4cc8-3e2d-4572-98bc-d75f353c351b: shutdown 134e4cc8-3e2d-4572-98bc-d75f353c351b@group-0EE0E6A225EC-FollowerState
2021-08-26 18:40:01,206 [grpc-default-executor-4] INFO  server.RaftServer$Division (RaftServerImpl.java:requestVote(1075)) - 88d9c6ea-d0be-4004-8450-128776760c0b@group-0EE0E6A225EC replies to ELECTION vote request: 95edf07e-7fec-45a0-b357-ea2c9e88c813<-88d9c6ea-d0be-4004-8450-128776760c0b#0:OK-t1. Peer's state: 88d9c6ea-d0be-4004-8450-128776760c0b@group-0EE0E6A225EC:t1, leader=null, voted=95edf07e-7fec-45a0-b357-ea2c9e88c813, raftlog=88d9c6ea-d0be-4004-8450-128776760c0b@group-0EE0E6A225EC-SegmentedRaftLog:OPENED:c-1,f-1,i0, conf=-1: [95edf07e-7fec-45a0-b357-ea2c9e88c813|rpc:10.1.0.63:34053|dataStream:|priority:0, 88d9c6ea-d0be-4004-8450-128776760c0b|rpc:10.1.0.63:32927|dataStream:|priority:0, 134e4cc8-3e2d-4572-98bc-d75f353c351b|rpc:10.1.0.63:40073|dataStream:|priority:1], old=null
2021-08-26 18:40:01,233 [grpc-default-executor-3] INFO  impl.RoleInfo (RoleInfo.java:updateAndGet(130)) - 134e4cc8-3e2d-4572-98bc-d75f353c351b: start 134e4cc8-3e2d-4572-98bc-d75f353c351b@group-0EE0E6A225EC-FollowerState
2021-08-26 18:40:01,238 [134e4cc8-3e2d-4572-98bc-d75f353c351b@group-0EE0E6A225EC-FollowerState] INFO  impl.FollowerState (FollowerState.java:run(143)) - 134e4cc8-3e2d-4572-98bc-d75f353c351b@group-0EE0E6A225EC-FollowerState was interrupted: {}
java.lang.InterruptedException: sleep interrupted
	at java.lang.Thread.sleep(Native Method)
	at java.lang.Thread.sleep(Thread.java:340)
	at java.util.concurrent.TimeUnit.sleep(TimeUnit.java:386)
	at org.apache.ratis.util.TimeDuration.sleep(TimeDuration.java:324)
	at org.apache.ratis.util.TimeDuration.sleep(TimeDuration.java:309)
	at org.apache.ratis.server.impl.FollowerState.run(FollowerState.java:118)
2021-08-26 18:40:01,244 [grpc-default-executor-3] INFO  server.RaftServer$Division (RaftServerImpl.java:requestVote(1075)) - 134e4cc8-3e2d-4572-98bc-d75f353c351b@group-0EE0E6A225EC replies to ELECTION vote request: 95edf07e-7fec-45a0-b357-ea2c9e88c813<-134e4cc8-3e2d-4572-98bc-d75f353c351b#0:FAIL-t1. Peer's state: 134e4cc8-3e2d-4572-98bc-d75f353c351b@group-0EE0E6A225EC:t1, leader=null, voted=null, raftlog=134e4cc8-3e2d-4572-98bc-d75f353c351b@group-0EE0E6A225EC-SegmentedRaftLog:OPENED:c-1,f-1,i0, conf=-1: [95edf07e-7fec-45a0-b357-ea2c9e88c813|rpc:10.1.0.63:34053|dataStream:|priority:0, 88d9c6ea-d0be-4004-8450-128776760c0b|rpc:10.1.0.63:32927|dataStream:|priority:0, 134e4cc8-3e2d-4572-98bc-d75f353c351b|rpc:10.1.0.63:40073|dataStream:|priority:1], old=null
2021-08-26 18:40:01,245 [95edf07e-7fec-45a0-b357-ea2c9e88c813@group-0EE0E6A225EC-LeaderElection73] INFO  impl.LeaderElection (LeaderElection.java:logAndReturn(89)) - 95edf07e-7fec-45a0-b357-ea2c9e88c813@group-0EE0E6A225EC-LeaderElection73: ELECTION REJECTED received 2 response(s) and 0 exception(s):
2021-08-26 18:40:01,245 [95edf07e-7fec-45a0-b357-ea2c9e88c813@group-0EE0E6A225EC-LeaderElection73] INFO  impl.LeaderElection (LeaderElection.java:logAndReturn(93)) -   Response 0: 95edf07e-7fec-45a0-b357-ea2c9e88c813<-88d9c6ea-d0be-4004-8450-128776760c0b#0:OK-t1
2021-08-26 18:40:01,245 [95edf07e-7fec-45a0-b357-ea2c9e88c813@group-0EE0E6A225EC-LeaderElection73] INFO  impl.LeaderElection (LeaderElection.java:logAndReturn(93)) -   Response 1: 95edf07e-7fec-45a0-b357-ea2c9e88c813<-134e4cc8-3e2d-4572-98bc-d75f353c351b#0:FAIL-t1
2021-08-26 18:40:01,245 [95edf07e-7fec-45a0-b357-ea2c9e88c813@group-0EE0E6A225EC-LeaderElection73] INFO  impl.LeaderElection (LeaderElection.java:askForVotes(308)) - 95edf07e-7fec-45a0-b357-ea2c9e88c813@group-0EE0E6A225EC-LeaderElection73 ELECTION round 0: result REJECTED
2021-08-26 18:40:01,245 [95edf07e-7fec-45a0-b357-ea2c9e88c813@group-0EE0E6A225EC-LeaderElection73] INFO  server.RaftServer$Division (RaftServerImpl.java:setRole(285)) - 95edf07e-7fec-45a0-b357-ea2c9e88c813@group-0EE0E6A225EC: changes role from CANDIDATE to FOLLOWER at term 1 for REJECTED
2021-08-26 18:40:01,245 [95edf07e-7fec-45a0-b357-ea2c9e88c813@group-0EE0E6A225EC-LeaderElection73] INFO  impl.RoleInfo (RoleInfo.java:shutdownLeaderElection(121)) - 95edf07e-7fec-45a0-b357-ea2c9e88c813: shutdown 95edf07e-7fec-45a0-b357-ea2c9e88c813@group-0EE0E6A225EC-LeaderElection73
2021-08-26 18:40:01,245 [95edf07e-7fec-45a0-b357-ea2c9e88c813@group-0EE0E6A225EC-LeaderElection73] INFO  impl.RoleInfo (RoleInfo.java:updateAndGet(130)) - 95edf07e-7fec-45a0-b357-ea2c9e88c813: start 95edf07e-7fec-45a0-b357-ea2c9e88c813@group-0EE0E6A225EC-FollowerState
2021-08-26 18:40:01,468 [88d9c6ea-d0be-4004-8450-128776760c0b@group-361F1E6F84BC-FollowerState] INFO  impl.FollowerState (FollowerState.java:run(134)) - 88d9c6ea-d0be-4004-8450-128776760c0b@group-361F1E6F84BC-FollowerState: change to CANDIDATE, lastRpcElapsedTime:5181657427ns, electionTimeout:5145ms
2021-08-26 18:40:01,468 [88d9c6ea-d0be-4004-8450-128776760c0b@group-361F1E6F84BC-FollowerState] INFO  impl.RoleInfo (RoleInfo.java:shutdownFollowerState(108)) - 88d9c6ea-d0be-4004-8450-128776760c0b: shutdown 88d9c6ea-d0be-4004-8450-128776760c0b@group-361F1E6F84BC-FollowerState
2021-08-26 18:40:01,468 [88d9c6ea-d0be-4004-8450-128776760c0b@group-361F1E6F84BC-FollowerState] INFO  server.RaftServer$Division (RaftServerImpl.java:setRole(285)) - 88d9c6ea-d0be-4004-8450-128776760c0b@group-361F1E6F84BC: changes role from  FOLLOWER to CANDIDATE at term 0 for changeToCandidate
2021-08-26 18:40:01,470 [88d9c6ea-d0be-4004-8450-128776760c0b@group-361F1E6F84BC-FollowerState] INFO  server.RaftServerConfigKeys (ConfUtils.java:logGet(44)) - raft.server.leaderelection.pre-vote = false (custom)
2021-08-26 18:40:01,470 [88d9c6ea-d0be-4004-8450-128776760c0b@group-361F1E6F84BC-FollowerState] INFO  impl.RoleInfo (RoleInfo.java:updateAndGet(130)) - 88d9c6ea-d0be-4004-8450-128776760c0b: start 88d9c6ea-d0be-4004-8450-128776760c0b@group-361F1E6F84BC-LeaderElection74
2021-08-26 18:40:01,503 [88d9c6ea-d0be-4004-8450-128776760c0b@group-361F1E6F84BC-LeaderElection74] INFO  impl.LeaderElection (LeaderElection.java:askForVotes(306)) - 88d9c6ea-d0be-4004-8450-128776760c0b@group-361F1E6F84BC-LeaderElection74 ELECTION round 0: submit vote requests at term 1 for -1: [88d9c6ea-d0be-4004-8450-128776760c0b|rpc:10.1.0.63:32927|priority:1], old=null
2021-08-26 18:40:01,503 [88d9c6ea-d0be-4004-8450-128776760c0b@group-361F1E6F84BC-LeaderElection74] INFO  impl.LeaderElection (LeaderElection.java:askForVotes(308)) - 88d9c6ea-d0be-4004-8450-128776760c0b@group-361F1E6F84BC-LeaderElection74 ELECTION round 0: result PASSED (term=1)
2021-08-26 18:40:01,503 [88d9c6ea-d0be-4004-8450-128776760c0b@group-361F1E6F84BC-LeaderElection74] INFO  impl.RoleInfo (RoleInfo.java:shutdownLeaderElection(121)) - 88d9c6ea-d0be-4004-8450-128776760c0b: shutdown 88d9c6ea-d0be-4004-8450-128776760c0b@group-361F1E6F84BC-LeaderElection74
2021-08-26 18:40:01,503 [88d9c6ea-d0be-4004-8450-128776760c0b@group-361F1E6F84BC-LeaderElection74] INFO  server.RaftServer$Division (RaftServerImpl.java:setRole(285)) - 88d9c6ea-d0be-4004-8450-128776760c0b@group-361F1E6F84BC: changes role from CANDIDATE to LEADER at term 1 for changeToLeader
2021-08-26 18:40:01,503 [88d9c6ea-d0be-4004-8450-128776760c0b@group-361F1E6F84BC-LeaderElection74] INFO  ratis.XceiverServerRatis (XceiverServerRatis.java:handleLeaderChangedNotification(861)) - Leader change notification received for group: group-361F1E6F84BC with new leaderId: 88d9c6ea-d0be-4004-8450-128776760c0b
2021-08-26 18:40:01,503 [88d9c6ea-d0be-4004-8450-128776760c0b@group-361F1E6F84BC-LeaderElection74] INFO  server.RaftServer$Division (ServerState.java:setLeader(285)) - 88d9c6ea-d0be-4004-8450-128776760c0b@group-361F1E6F84BC: change Leader from null to 88d9c6ea-d0be-4004-8450-128776760c0b at term 1 for becomeLeader, leader elected after 5227ms
2021-08-26 18:40:01,503 [88d9c6ea-d0be-4004-8450-128776760c0b@group-361F1E6F84BC-LeaderElection74] INFO  server.RaftServerConfigKeys (ConfUtils.java:logGet(44)) - raft.server.staging.catchup.gap = 1000 (default)
2021-08-26 18:40:01,503 [88d9c6ea-d0be-4004-8450-128776760c0b@group-361F1E6F84BC-LeaderElection74] INFO  server.RaftServerConfigKeys (ConfUtils.java:logGet(44)) - raft.server.write.element-limit = 1024 (custom)
2021-08-26 18:40:01,504 [88d9c6ea-d0be-4004-8450-128776760c0b@group-361F1E6F84BC-LeaderElection74] INFO  server.RaftServerConfigKeys (ConfUtils.java:logGet(44)) - raft.server.write.byte-limit = 1024 M (=1073741824) (custom)
2021-08-26 18:40:01,504 [88d9c6ea-d0be-4004-8450-128776760c0b@group-361F1E6F84BC-LeaderElection74] INFO  server.RaftServerConfigKeys (ConfUtils.java:logGet(44)) - raft.server.watch.timeout = 3000ms (custom)
2021-08-26 18:40:01,504 [88d9c6ea-d0be-4004-8450-128776760c0b@group-361F1E6F84BC-LeaderElection74] INFO  server.RaftServerConfigKeys (ConfUtils.java:logGet(44)) - raft.server.watch.timeout.denomination = 1s (default)
2021-08-26 18:40:01,504 [88d9c6ea-d0be-4004-8450-128776760c0b@group-361F1E6F84BC-LeaderElection74] INFO  server.RaftServerConfigKeys (ConfUtils.java:logGet(44)) - raft.server.watch.element-limit = 65536 (default)
2021-08-26 18:40:01,504 [88d9c6ea-d0be-4004-8450-128776760c0b@group-361F1E6F84BC-LeaderElection74] INFO  impl.RoleInfo (RoleInfo.java:updateAndGet(130)) - 88d9c6ea-d0be-4004-8450-128776760c0b: start 88d9c6ea-d0be-4004-8450-128776760c0b@group-361F1E6F84BC-LeaderStateImpl
2021-08-26 18:40:01,505 [88d9c6ea-d0be-4004-8450-128776760c0b@group-361F1E6F84BC-LeaderElection74] INFO  segmented.SegmentedRaftLogWorker (SegmentedRaftLogWorker.java:startLogSegment(394)) - 88d9c6ea-d0be-4004-8450-128776760c0b@group-361F1E6F84BC-SegmentedRaftLogWorker: Starting segment from index:0
2021-08-26 18:40:01,508 [88d9c6ea-d0be-4004-8450-128776760c0b@group-361F1E6F84BC-SegmentedRaftLogWorker] INFO  segmented.SegmentedRaftLogWorker (SegmentedRaftLogWorker.java:execute(601)) - 88d9c6ea-d0be-4004-8450-128776760c0b@group-361F1E6F84BC-SegmentedRaftLogWorker: created new log segment /home/runner/work/ozone/ozone/hadoop-ozone/integration-test/target/test-dir/MiniOzoneClusterImpl-7287d2d4-454f-4da5-bbdc-7dc3b2fb158b/datanode-4/data/ratis/b0338b3d-1533-48ab-b957-361f1e6f84bc/current/log_inprogress_0
2021-08-26 18:40:01,515 [88d9c6ea-d0be-4004-8450-128776760c0b@group-361F1E6F84BC-LeaderElection74] INFO  server.RaftServer$Division (ServerState.java:setRaftConf(387)) - 88d9c6ea-d0be-4004-8450-128776760c0b@group-361F1E6F84BC: set configuration 0: [88d9c6ea-d0be-4004-8450-128776760c0b|rpc:10.1.0.63:32927|dataStream:|priority:1], old=null
2021-08-26 18:40:01,523 [Datanode State Machine Thread - 0] WARN  statemachine.StateContext (StateContext.java:execute(621)) - No available thread in pool for past 1 seconds.
2021-08-26 18:40:01,613 [Datanode State Machine Thread - 0] INFO  statemachine.DatanodeStateMachine (DatanodeStateMachine.java:lambda$startDaemon$0(457)) - Ozone container server started.
2021-08-26 18:40:01,851 [134e4cc8-3e2d-4572-98bc-d75f353c351b@group-5A6A83044A6C-FollowerState] INFO  impl.FollowerState (FollowerState.java:run(134)) - 134e4cc8-3e2d-4572-98bc-d75f353c351b@group-5A6A83044A6C-FollowerState: change to CANDIDATE, lastRpcElapsedTime:5100082933ns, electionTimeout:5099ms
2021-08-26 18:40:01,851 [134e4cc8-3e2d-4572-98bc-d75f353c351b@group-5A6A83044A6C-FollowerState] INFO  impl.RoleInfo (RoleInfo.java:shutdownFollowerState(108)) - 134e4cc8-3e2d-4572-98bc-d75f353c351b: shutdown 134e4cc8-3e2d-4572-98bc-d75f353c351b@group-5A6A83044A6C-FollowerState
2021-08-26 18:40:01,851 [134e4cc8-3e2d-4572-98bc-d75f353c351b@group-5A6A83044A6C-FollowerState] INFO  server.RaftServer$Division (RaftServerImpl.java:setRole(285)) - 134e4cc8-3e2d-4572-98bc-d75f353c351b@group-5A6A83044A6C: changes role from  FOLLOWER to CANDIDATE at term 0 for changeToCandidate
2021-08-26 18:40:01,851 [134e4cc8-3e2d-4572-98bc-d75f353c351b@group-5A6A83044A6C-FollowerState] INFO  server.RaftServerConfigKeys (ConfUtils.java:logGet(44)) - raft.server.leaderelection.pre-vote = false (custom)
2021-08-26 18:40:01,851 [134e4cc8-3e2d-4572-98bc-d75f353c351b@group-5A6A83044A6C-FollowerState] INFO  impl.RoleInfo (RoleInfo.java:updateAndGet(130)) - 134e4cc8-3e2d-4572-98bc-d75f353c351b: start 134e4cc8-3e2d-4572-98bc-d75f353c351b@group-5A6A83044A6C-LeaderElection75
2021-08-26 18:40:01,895 [134e4cc8-3e2d-4572-98bc-d75f353c351b@group-5A6A83044A6C-LeaderElection75] INFO  impl.LeaderElection (LeaderElection.java:askForVotes(306)) - 134e4cc8-3e2d-4572-98bc-d75f353c351b@group-5A6A83044A6C-LeaderElection75 ELECTION round 0: submit vote requests at term 1 for -1: [134e4cc8-3e2d-4572-98bc-d75f353c351b|rpc:10.1.0.63:40073|priority:1], old=null
2021-08-26 18:40:01,895 [134e4cc8-3e2d-4572-98bc-d75f353c351b@group-5A6A83044A6C-LeaderElection75] INFO  impl.LeaderElection (LeaderElection.java:askForVotes(308)) - 134e4cc8-3e2d-4572-98bc-d75f353c351b@group-5A6A83044A6C-LeaderElection75 ELECTION round 0: result PASSED (term=1)
2021-08-26 18:40:01,895 [134e4cc8-3e2d-4572-98bc-d75f353c351b@group-5A6A83044A6C-LeaderElection75] INFO  impl.RoleInfo (RoleInfo.java:shutdownLeaderElection(121)) - 134e4cc8-3e2d-4572-98bc-d75f353c351b: shutdown 134e4cc8-3e2d-4572-98bc-d75f353c351b@group-5A6A83044A6C-LeaderElection75
2021-08-26 18:40:01,895 [134e4cc8-3e2d-4572-98bc-d75f353c351b@group-5A6A83044A6C-LeaderElection75] INFO  server.RaftServer$Division (RaftServerImpl.java:setRole(285)) - 134e4cc8-3e2d-4572-98bc-d75f353c351b@group-5A6A83044A6C: changes role from CANDIDATE to LEADER at term 1 for changeToLeader
2021-08-26 18:40:01,895 [134e4cc8-3e2d-4572-98bc-d75f353c351b@group-5A6A83044A6C-LeaderElection75] INFO  ratis.XceiverServerRatis (XceiverServerRatis.java:handleLeaderChangedNotification(861)) - Leader change notification received for group: group-5A6A83044A6C with new leaderId: 134e4cc8-3e2d-4572-98bc-d75f353c351b
2021-08-26 18:40:01,895 [134e4cc8-3e2d-4572-98bc-d75f353c351b@group-5A6A83044A6C-LeaderElection75] INFO  server.RaftServer$Division (ServerState.java:setLeader(285)) - 134e4cc8-3e2d-4572-98bc-d75f353c351b@group-5A6A83044A6C: change Leader from null to 134e4cc8-3e2d-4572-98bc-d75f353c351b at term 1 for becomeLeader, leader elected after 5156ms
2021-08-26 18:40:01,895 [134e4cc8-3e2d-4572-98bc-d75f353c351b@group-5A6A83044A6C-LeaderElection75] INFO  server.RaftServerConfigKeys (ConfUtils.java:logGet(44)) - raft.server.staging.catchup.gap = 1000 (default)
2021-08-26 18:40:01,896 [134e4cc8-3e2d-4572-98bc-d75f353c351b@group-5A6A83044A6C-LeaderElection75] INFO  server.RaftServerConfigKeys (ConfUtils.java:logGet(44)) - raft.server.write.element-limit = 1024 (custom)
2021-08-26 18:40:01,896 [134e4cc8-3e2d-4572-98bc-d75f353c351b@group-5A6A83044A6C-LeaderElection75] INFO  server.RaftServerConfigKeys (ConfUtils.java:logGet(44)) - raft.server.write.byte-limit = 1024 M (=1073741824) (custom)
2021-08-26 18:40:01,896 [134e4cc8-3e2d-4572-98bc-d75f353c351b@group-5A6A83044A6C-LeaderElection75] INFO  server.RaftServerConfigKeys (ConfUtils.java:logGet(44)) - raft.server.watch.timeout = 3000ms (custom)
2021-08-26 18:40:01,896 [134e4cc8-3e2d-4572-98bc-d75f353c351b@group-5A6A83044A6C-LeaderElection75] INFO  server.RaftServerConfigKeys (ConfUtils.java:logGet(44)) - raft.server.watch.timeout.denomination = 1s (default)
2021-08-26 18:40:01,896 [134e4cc8-3e2d-4572-98bc-d75f353c351b@group-5A6A83044A6C-LeaderElection75] INFO  server.RaftServerConfigKeys (ConfUtils.java:logGet(44)) - raft.server.watch.element-limit = 65536 (default)
2021-08-26 18:40:01,896 [134e4cc8-3e2d-4572-98bc-d75f353c351b@group-5A6A83044A6C-LeaderElection75] INFO  impl.RoleInfo (RoleInfo.java:updateAndGet(130)) - 134e4cc8-3e2d-4572-98bc-d75f353c351b: start 134e4cc8-3e2d-4572-98bc-d75f353c351b@group-5A6A83044A6C-LeaderStateImpl
2021-08-26 18:40:01,896 [134e4cc8-3e2d-4572-98bc-d75f353c351b@group-5A6A83044A6C-LeaderElection75] INFO  segmented.SegmentedRaftLogWorker (SegmentedRaftLogWorker.java:startLogSegment(394)) - 134e4cc8-3e2d-4572-98bc-d75f353c351b@group-5A6A83044A6C-SegmentedRaftLogWorker: Starting segment from index:0
2021-08-26 18:40:01,900 [134e4cc8-3e2d-4572-98bc-d75f353c351b@group-5A6A83044A6C-SegmentedRaftLogWorker] INFO  segmented.SegmentedRaftLogWorker (SegmentedRaftLogWorker.java:execute(601)) - 134e4cc8-3e2d-4572-98bc-d75f353c351b@group-5A6A83044A6C-SegmentedRaftLogWorker: created new log segment /home/runner/work/ozone/ozone/hadoop-ozone/integration-test/target/test-dir/MiniOzoneClusterImpl-7287d2d4-454f-4da5-bbdc-7dc3b2fb158b/datanode-5/data/ratis/167a2d77-85a1-4800-9a55-5a6a83044a6c/current/log_inprogress_0
2021-08-26 18:40:01,922 [134e4cc8-3e2d-4572-98bc-d75f353c351b@group-5A6A83044A6C-LeaderElection75] INFO  server.RaftServer$Division (ServerState.java:setRaftConf(387)) - 134e4cc8-3e2d-4572-98bc-d75f353c351b@group-5A6A83044A6C: set configuration 0: [134e4cc8-3e2d-4572-98bc-d75f353c351b|rpc:10.1.0.63:40073|dataStream:|priority:1], old=null
2021-08-26 18:40:02,567 [7a21a715-39a0-4b71-a267-c33797e0d730@group-ED1163F076C5-FollowerState] INFO  impl.FollowerState (FollowerState.java:run(134)) - 7a21a715-39a0-4b71-a267-c33797e0d730@group-ED1163F076C5-FollowerState: change to CANDIDATE, lastRpcElapsedTime:5165421588ns, electionTimeout:5139ms
2021-08-26 18:40:02,567 [7a21a715-39a0-4b71-a267-c33797e0d730@group-ED1163F076C5-FollowerState] INFO  impl.RoleInfo (RoleInfo.java:shutdownFollowerState(108)) - 7a21a715-39a0-4b71-a267-c33797e0d730: shutdown 7a21a715-39a0-4b71-a267-c33797e0d730@group-ED1163F076C5-FollowerState
2021-08-26 18:40:02,567 [7a21a715-39a0-4b71-a267-c33797e0d730@group-ED1163F076C5-FollowerState] INFO  server.RaftServer$Division (RaftServerImpl.java:setRole(285)) - 7a21a715-39a0-4b71-a267-c33797e0d730@group-ED1163F076C5: changes role from  FOLLOWER to CANDIDATE at term 0 for changeToCandidate
2021-08-26 18:40:02,568 [7a21a715-39a0-4b71-a267-c33797e0d730@group-ED1163F076C5-FollowerState] INFO  server.RaftServerConfigKeys (ConfUtils.java:logGet(44)) - raft.server.leaderelection.pre-vote = false (custom)
2021-08-26 18:40:02,568 [7a21a715-39a0-4b71-a267-c33797e0d730@group-ED1163F076C5-FollowerState] INFO  impl.RoleInfo (RoleInfo.java:updateAndGet(130)) - 7a21a715-39a0-4b71-a267-c33797e0d730: start 7a21a715-39a0-4b71-a267-c33797e0d730@group-ED1163F076C5-LeaderElection76
2021-08-26 18:40:02,610 [7a21a715-39a0-4b71-a267-c33797e0d730@group-ED1163F076C5-LeaderElection76] INFO  impl.LeaderElection (LeaderElection.java:askForVotes(306)) - 7a21a715-39a0-4b71-a267-c33797e0d730@group-ED1163F076C5-LeaderElection76 ELECTION round 0: submit vote requests at term 1 for -1: [7a21a715-39a0-4b71-a267-c33797e0d730|rpc:10.1.0.63:34101|priority:1], old=null
2021-08-26 18:40:02,610 [7a21a715-39a0-4b71-a267-c33797e0d730@group-ED1163F076C5-LeaderElection76] INFO  impl.LeaderElection (LeaderElection.java:askForVotes(308)) - 7a21a715-39a0-4b71-a267-c33797e0d730@group-ED1163F076C5-LeaderElection76 ELECTION round 0: result PASSED (term=1)
2021-08-26 18:40:02,610 [7a21a715-39a0-4b71-a267-c33797e0d730@group-ED1163F076C5-LeaderElection76] INFO  impl.RoleInfo (RoleInfo.java:shutdownLeaderElection(121)) - 7a21a715-39a0-4b71-a267-c33797e0d730: shutdown 7a21a715-39a0-4b71-a267-c33797e0d730@group-ED1163F076C5-LeaderElection76
2021-08-26 18:40:02,610 [7a21a715-39a0-4b71-a267-c33797e0d730@group-ED1163F076C5-LeaderElection76] INFO  server.RaftServer$Division (RaftServerImpl.java:setRole(285)) - 7a21a715-39a0-4b71-a267-c33797e0d730@group-ED1163F076C5: changes role from CANDIDATE to LEADER at term 1 for changeToLeader
2021-08-26 18:40:02,610 [7a21a715-39a0-4b71-a267-c33797e0d730@group-ED1163F076C5-LeaderElection76] INFO  ratis.XceiverServerRatis (XceiverServerRatis.java:handleLeaderChangedNotification(861)) - Leader change notification received for group: group-ED1163F076C5 with new leaderId: 7a21a715-39a0-4b71-a267-c33797e0d730
2021-08-26 18:40:02,611 [7a21a715-39a0-4b71-a267-c33797e0d730@group-ED1163F076C5-LeaderElection76] INFO  server.RaftServer$Division (ServerState.java:setLeader(285)) - 7a21a715-39a0-4b71-a267-c33797e0d730@group-ED1163F076C5: change Leader from null to 7a21a715-39a0-4b71-a267-c33797e0d730 at term 1 for becomeLeader, leader elected after 5222ms
2021-08-26 18:40:02,612 [7a21a715-39a0-4b71-a267-c33797e0d730@group-ED1163F076C5-LeaderElection76] INFO  server.RaftServerConfigKeys (ConfUtils.java:logGet(44)) - raft.server.staging.catchup.gap = 1000 (default)
2021-08-26 18:40:02,612 [7a21a715-39a0-4b71-a267-c33797e0d730@group-ED1163F076C5-LeaderElection76] INFO  server.RaftServerConfigKeys (ConfUtils.java:logGet(44)) - raft.server.write.element-limit = 1024 (custom)
2021-08-26 18:40:02,612 [7a21a715-39a0-4b71-a267-c33797e0d730@group-ED1163F076C5-LeaderElection76] INFO  server.RaftServerConfigKeys (ConfUtils.java:logGet(44)) - raft.server.write.byte-limit = 1024 M (=1073741824) (custom)
2021-08-26 18:40:02,613 [7a21a715-39a0-4b71-a267-c33797e0d730@group-ED1163F076C5-LeaderElection76] INFO  server.RaftServerConfigKeys (ConfUtils.java:logGet(44)) - raft.server.watch.timeout = 3000ms (custom)
2021-08-26 18:40:02,613 [7a21a715-39a0-4b71-a267-c33797e0d730@group-ED1163F076C5-LeaderElection76] INFO  server.RaftServerConfigKeys (ConfUtils.java:logGet(44)) - raft.server.watch.timeout.denomination = 1s (default)
2021-08-26 18:40:02,613 [7a21a715-39a0-4b71-a267-c33797e0d730@group-ED1163F076C5-LeaderElection76] INFO  server.RaftServerConfigKeys (ConfUtils.java:logGet(44)) - raft.server.watch.element-limit = 65536 (default)
2021-08-26 18:40:02,613 [7a21a715-39a0-4b71-a267-c33797e0d730@group-ED1163F076C5-LeaderElection76] INFO  impl.RoleInfo (RoleInfo.java:updateAndGet(130)) - 7a21a715-39a0-4b71-a267-c33797e0d730: start 7a21a715-39a0-4b71-a267-c33797e0d730@group-ED1163F076C5-LeaderStateImpl
2021-08-26 18:40:02,614 [7a21a715-39a0-4b71-a267-c33797e0d730@group-ED1163F076C5-LeaderElection76] INFO  segmented.SegmentedRaftLogWorker (SegmentedRaftLogWorker.java:startLogSegment(394)) - 7a21a715-39a0-4b71-a267-c33797e0d730@group-ED1163F076C5-SegmentedRaftLogWorker: Starting segment from index:0
2021-08-26 18:40:02,618 [7a21a715-39a0-4b71-a267-c33797e0d730@group-ED1163F076C5-LeaderElection76] INFO  server.RaftServer$Division (ServerState.java:setRaftConf(387)) - 7a21a715-39a0-4b71-a267-c33797e0d730@group-ED1163F076C5: set configuration 0: [7a21a715-39a0-4b71-a267-c33797e0d730|rpc:10.1.0.63:34101|dataStream:|priority:1], old=null
2021-08-26 18:40:02,634 [7a21a715-39a0-4b71-a267-c33797e0d730@group-ED1163F076C5-SegmentedRaftLogWorker] INFO  segmented.SegmentedRaftLogWorker (SegmentedRaftLogWorker.java:execute(601)) - 7a21a715-39a0-4b71-a267-c33797e0d730@group-ED1163F076C5-SegmentedRaftLogWorker: created new log segment /home/runner/work/ozone/ozone/hadoop-ozone/integration-test/target/test-dir/MiniOzoneClusterImpl-7287d2d4-454f-4da5-bbdc-7dc3b2fb158b/datanode-6/data/ratis/99c967c8-256d-430e-a39a-ed1163f076c5/current/log_inprogress_0
2021-08-26 18:40:04,006 [87f05fb4-46b8-4bb5-a197-7bc4b26914eb@group-D2D68E1C8E59-FollowerState] INFO  impl.FollowerState (FollowerState.java:run(134)) - 87f05fb4-46b8-4bb5-a197-7bc4b26914eb@group-D2D68E1C8E59-FollowerState: change to CANDIDATE, lastRpcElapsedTime:5162133181ns, electionTimeout:5160ms
2021-08-26 18:40:04,006 [87f05fb4-46b8-4bb5-a197-7bc4b26914eb@group-D2D68E1C8E59-FollowerState] INFO  impl.RoleInfo (RoleInfo.java:shutdownFollowerState(108)) - 87f05fb4-46b8-4bb5-a197-7bc4b26914eb: shutdown 87f05fb4-46b8-4bb5-a197-7bc4b26914eb@group-D2D68E1C8E59-FollowerState
2021-08-26 18:40:04,006 [87f05fb4-46b8-4bb5-a197-7bc4b26914eb@group-D2D68E1C8E59-FollowerState] INFO  server.RaftServer$Division (RaftServerImpl.java:setRole(285)) - 87f05fb4-46b8-4bb5-a197-7bc4b26914eb@group-D2D68E1C8E59: changes role from  FOLLOWER to CANDIDATE at term 1 for changeToCandidate
2021-08-26 18:40:04,006 [87f05fb4-46b8-4bb5-a197-7bc4b26914eb@group-D2D68E1C8E59-FollowerState] INFO  server.RaftServerConfigKeys (ConfUtils.java:logGet(44)) - raft.server.leaderelection.pre-vote = false (custom)
2021-08-26 18:40:04,006 [87f05fb4-46b8-4bb5-a197-7bc4b26914eb@group-D2D68E1C8E59-FollowerState] INFO  impl.RoleInfo (RoleInfo.java:updateAndGet(130)) - 87f05fb4-46b8-4bb5-a197-7bc4b26914eb: start 87f05fb4-46b8-4bb5-a197-7bc4b26914eb@group-D2D68E1C8E59-LeaderElection77
2021-08-26 18:40:04,043 [b0d4646c-0fcd-42fc-b255-eb3c3c8c3636@group-D2D68E1C8E59-FollowerState] INFO  impl.FollowerState (FollowerState.java:run(134)) - b0d4646c-0fcd-42fc-b255-eb3c3c8c3636@group-D2D68E1C8E59-FollowerState: change to CANDIDATE, lastRpcElapsedTime:5188101842ns, electionTimeout:5182ms
2021-08-26 18:40:04,043 [b0d4646c-0fcd-42fc-b255-eb3c3c8c3636@group-D2D68E1C8E59-FollowerState] INFO  impl.RoleInfo (RoleInfo.java:shutdownFollowerState(108)) - b0d4646c-0fcd-42fc-b255-eb3c3c8c3636: shutdown b0d4646c-0fcd-42fc-b255-eb3c3c8c3636@group-D2D68E1C8E59-FollowerState
2021-08-26 18:40:04,044 [b0d4646c-0fcd-42fc-b255-eb3c3c8c3636@group-D2D68E1C8E59-FollowerState] INFO  server.RaftServer$Division (RaftServerImpl.java:setRole(285)) - b0d4646c-0fcd-42fc-b255-eb3c3c8c3636@group-D2D68E1C8E59: changes role from  FOLLOWER to CANDIDATE at term 1 for changeToCandidate
2021-08-26 18:40:04,083 [b0d4646c-0fcd-42fc-b255-eb3c3c8c3636@group-D2D68E1C8E59-FollowerState] INFO  server.RaftServerConfigKeys (ConfUtils.java:logGet(44)) - raft.server.leaderelection.pre-vote = false (custom)
2021-08-26 18:40:04,083 [b0d4646c-0fcd-42fc-b255-eb3c3c8c3636@group-D2D68E1C8E59-FollowerState] INFO  impl.RoleInfo (RoleInfo.java:updateAndGet(130)) - b0d4646c-0fcd-42fc-b255-eb3c3c8c3636: start b0d4646c-0fcd-42fc-b255-eb3c3c8c3636@group-D2D68E1C8E59-LeaderElection78
2021-08-26 18:40:04,089 [87f05fb4-46b8-4bb5-a197-7bc4b26914eb@group-D2D68E1C8E59-LeaderElection77] INFO  impl.LeaderElection (LeaderElection.java:askForVotes(306)) - 87f05fb4-46b8-4bb5-a197-7bc4b26914eb@group-D2D68E1C8E59-LeaderElection77 ELECTION round 0: submit vote requests at term 2 for -1: [feac8f5a-1b39-4e45-882b-39b2a71e70b7|rpc:10.1.0.63:43083|dataStream:|priority:0, 87f05fb4-46b8-4bb5-a197-7bc4b26914eb|rpc:10.1.0.63:44187|dataStream:|priority:1, b0d4646c-0fcd-42fc-b255-eb3c3c8c3636|rpc:10.1.0.63:45237|dataStream:|priority:0], old=null
2021-08-26 18:40:04,100 [grpc-default-executor-3] INFO  server.RaftServer$Division (RaftServerImpl.java:requestVote(1043)) - feac8f5a-1b39-4e45-882b-39b2a71e70b7@group-D2D68E1C8E59: receive requestVote(ELECTION, 87f05fb4-46b8-4bb5-a197-7bc4b26914eb, group-D2D68E1C8E59, 2, (t:0, i:0))
2021-08-26 18:40:04,100 [grpc-default-executor-3] INFO  impl.VoteContext (VoteContext.java:log(48)) - feac8f5a-1b39-4e45-882b-39b2a71e70b7@group-D2D68E1C8E59-FOLLOWER: accept ELECTION from 87f05fb4-46b8-4bb5-a197-7bc4b26914eb: our priority 0 <= candidate's priority 1
2021-08-26 18:40:04,100 [grpc-default-executor-3] INFO  server.RaftServer$Division (RaftServerImpl.java:setRole(285)) - feac8f5a-1b39-4e45-882b-39b2a71e70b7@group-D2D68E1C8E59: changes role from  FOLLOWER to FOLLOWER at term 2 for candidate:87f05fb4-46b8-4bb5-a197-7bc4b26914eb
2021-08-26 18:40:04,100 [grpc-default-executor-3] INFO  impl.RoleInfo (RoleInfo.java:shutdownFollowerState(108)) - feac8f5a-1b39-4e45-882b-39b2a71e70b7: shutdown feac8f5a-1b39-4e45-882b-39b2a71e70b7@group-D2D68E1C8E59-FollowerState
2021-08-26 18:40:04,100 [grpc-default-executor-3] INFO  impl.RoleInfo (RoleInfo.java:updateAndGet(130)) - feac8f5a-1b39-4e45-882b-39b2a71e70b7: start feac8f5a-1b39-4e45-882b-39b2a71e70b7@group-D2D68E1C8E59-FollowerState
2021-08-26 18:40:04,100 [feac8f5a-1b39-4e45-882b-39b2a71e70b7@group-D2D68E1C8E59-FollowerState] INFO  impl.FollowerState (FollowerState.java:run(143)) - feac8f5a-1b39-4e45-882b-39b2a71e70b7@group-D2D68E1C8E59-FollowerState was interrupted: {}
java.lang.InterruptedException: sleep interrupted
	at java.lang.Thread.sleep(Native Method)
	at java.lang.Thread.sleep(Thread.java:340)
	at java.util.concurrent.TimeUnit.sleep(TimeUnit.java:386)
	at org.apache.ratis.util.TimeDuration.sleep(TimeDuration.java:324)
	at org.apache.ratis.util.TimeDuration.sleep(TimeDuration.java:309)
	at org.apache.ratis.server.impl.FollowerState.run(FollowerState.java:118)
2021-08-26 18:40:04,102 [grpc-default-executor-3] INFO  server.RaftServer$Division (RaftServerImpl.java:requestVote(1075)) - feac8f5a-1b39-4e45-882b-39b2a71e70b7@group-D2D68E1C8E59 replies to ELECTION vote request: 87f05fb4-46b8-4bb5-a197-7bc4b26914eb<-feac8f5a-1b39-4e45-882b-39b2a71e70b7#0:OK-t2. Peer's state: feac8f5a-1b39-4e45-882b-39b2a71e70b7@group-D2D68E1C8E59:t2, leader=null, voted=87f05fb4-46b8-4bb5-a197-7bc4b26914eb, raftlog=feac8f5a-1b39-4e45-882b-39b2a71e70b7@group-D2D68E1C8E59-SegmentedRaftLog:OPENED:c-1,f-1,i0, conf=-1: [feac8f5a-1b39-4e45-882b-39b2a71e70b7|rpc:10.1.0.63:43083|dataStream:|priority:0, 87f05fb4-46b8-4bb5-a197-7bc4b26914eb|rpc:10.1.0.63:44187|dataStream:|priority:1, b0d4646c-0fcd-42fc-b255-eb3c3c8c3636|rpc:10.1.0.63:45237|dataStream:|priority:0], old=null
2021-08-26 18:40:04,115 [b0d4646c-0fcd-42fc-b255-eb3c3c8c3636@group-D2D68E1C8E59-LeaderElection78] INFO  impl.LeaderElection (LeaderElection.java:askForVotes(306)) - b0d4646c-0fcd-42fc-b255-eb3c3c8c3636@group-D2D68E1C8E59-LeaderElection78 ELECTION round 0: submit vote requests at term 2 for -1: [feac8f5a-1b39-4e45-882b-39b2a71e70b7|rpc:10.1.0.63:43083|priority:0, 87f05fb4-46b8-4bb5-a197-7bc4b26914eb|rpc:10.1.0.63:44187|priority:1, b0d4646c-0fcd-42fc-b255-eb3c3c8c3636|rpc:10.1.0.63:45237|priority:0], old=null
2021-08-26 18:40:04,117 [grpc-default-executor-3] INFO  server.RaftServer$Division (RaftServerImpl.java:requestVote(1043)) - feac8f5a-1b39-4e45-882b-39b2a71e70b7@group-D2D68E1C8E59: receive requestVote(ELECTION, b0d4646c-0fcd-42fc-b255-eb3c3c8c3636, group-D2D68E1C8E59, 2, (t:0, i:0))
2021-08-26 18:40:04,117 [grpc-default-executor-3] INFO  impl.VoteContext (VoteContext.java:log(48)) - feac8f5a-1b39-4e45-882b-39b2a71e70b7@group-D2D68E1C8E59-FOLLOWER: reject ELECTION from b0d4646c-0fcd-42fc-b255-eb3c3c8c3636: already has voted for 87f05fb4-46b8-4bb5-a197-7bc4b26914eb at current term 2
2021-08-26 18:40:04,117 [grpc-default-executor-3] INFO  server.RaftServer$Division (RaftServerImpl.java:requestVote(1075)) - feac8f5a-1b39-4e45-882b-39b2a71e70b7@group-D2D68E1C8E59 replies to ELECTION vote request: b0d4646c-0fcd-42fc-b255-eb3c3c8c3636<-feac8f5a-1b39-4e45-882b-39b2a71e70b7#0:FAIL-t2. Peer's state: feac8f5a-1b39-4e45-882b-39b2a71e70b7@group-D2D68E1C8E59:t2, leader=null, voted=87f05fb4-46b8-4bb5-a197-7bc4b26914eb, raftlog=feac8f5a-1b39-4e45-882b-39b2a71e70b7@group-D2D68E1C8E59-SegmentedRaftLog:OPENED:c-1,f-1,i0, conf=-1: [feac8f5a-1b39-4e45-882b-39b2a71e70b7|rpc:10.1.0.63:43083|dataStream:|priority:0, 87f05fb4-46b8-4bb5-a197-7bc4b26914eb|rpc:10.1.0.63:44187|dataStream:|priority:1, b0d4646c-0fcd-42fc-b255-eb3c3c8c3636|rpc:10.1.0.63:45237|dataStream:|priority:0], old=null
2021-08-26 18:40:04,127 [grpc-default-executor-4] INFO  server.RaftServer$Division (RaftServerImpl.java:requestVote(1043)) - 87f05fb4-46b8-4bb5-a197-7bc4b26914eb@group-D2D68E1C8E59: receive requestVote(ELECTION, b0d4646c-0fcd-42fc-b255-eb3c3c8c3636, group-D2D68E1C8E59, 2, (t:0, i:0))
2021-08-26 18:40:04,127 [grpc-default-executor-4] INFO  impl.VoteContext (VoteContext.java:log(48)) - 87f05fb4-46b8-4bb5-a197-7bc4b26914eb@group-D2D68E1C8E59-CANDIDATE: reject ELECTION from b0d4646c-0fcd-42fc-b255-eb3c3c8c3636: already has voted for 87f05fb4-46b8-4bb5-a197-7bc4b26914eb at current term 2
2021-08-26 18:40:04,127 [grpc-default-executor-4] INFO  server.RaftServer$Division (RaftServerImpl.java:requestVote(1075)) - 87f05fb4-46b8-4bb5-a197-7bc4b26914eb@group-D2D68E1C8E59 replies to ELECTION vote request: b0d4646c-0fcd-42fc-b255-eb3c3c8c3636<-87f05fb4-46b8-4bb5-a197-7bc4b26914eb#0:FAIL-t2. Peer's state: 87f05fb4-46b8-4bb5-a197-7bc4b26914eb@group-D2D68E1C8E59:t2, leader=null, voted=87f05fb4-46b8-4bb5-a197-7bc4b26914eb, raftlog=87f05fb4-46b8-4bb5-a197-7bc4b26914eb@group-D2D68E1C8E59-SegmentedRaftLog:OPENED:c-1,f-1,i0, conf=-1: [feac8f5a-1b39-4e45-882b-39b2a71e70b7|rpc:10.1.0.63:43083|dataStream:|priority:0, 87f05fb4-46b8-4bb5-a197-7bc4b26914eb|rpc:10.1.0.63:44187|dataStream:|priority:1, b0d4646c-0fcd-42fc-b255-eb3c3c8c3636|rpc:10.1.0.63:45237|dataStream:|priority:0], old=null
2021-08-26 18:40:04,133 [b0d4646c-0fcd-42fc-b255-eb3c3c8c3636@group-D2D68E1C8E59-LeaderElection78] INFO  impl.LeaderElection (LeaderElection.java:logAndReturn(89)) - b0d4646c-0fcd-42fc-b255-eb3c3c8c3636@group-D2D68E1C8E59-LeaderElection78: ELECTION REJECTED received 2 response(s) and 0 exception(s):
2021-08-26 18:40:04,133 [b0d4646c-0fcd-42fc-b255-eb3c3c8c3636@group-D2D68E1C8E59-LeaderElection78] INFO  impl.LeaderElection (LeaderElection.java:logAndReturn(93)) -   Response 0: b0d4646c-0fcd-42fc-b255-eb3c3c8c3636<-feac8f5a-1b39-4e45-882b-39b2a71e70b7#0:FAIL-t2
2021-08-26 18:40:04,133 [b0d4646c-0fcd-42fc-b255-eb3c3c8c3636@group-D2D68E1C8E59-LeaderElection78] INFO  impl.LeaderElection (LeaderElection.java:logAndReturn(93)) -   Response 1: b0d4646c-0fcd-42fc-b255-eb3c3c8c3636<-87f05fb4-46b8-4bb5-a197-7bc4b26914eb#0:FAIL-t2
2021-08-26 18:40:04,133 [b0d4646c-0fcd-42fc-b255-eb3c3c8c3636@group-D2D68E1C8E59-LeaderElection78] INFO  impl.LeaderElection (LeaderElection.java:askForVotes(308)) - b0d4646c-0fcd-42fc-b255-eb3c3c8c3636@group-D2D68E1C8E59-LeaderElection78 ELECTION round 0: result REJECTED
2021-08-26 18:40:04,133 [b0d4646c-0fcd-42fc-b255-eb3c3c8c3636@group-D2D68E1C8E59-LeaderElection78] INFO  server.RaftServer$Division (RaftServerImpl.java:setRole(285)) - b0d4646c-0fcd-42fc-b255-eb3c3c8c3636@group-D2D68E1C8E59: changes role from CANDIDATE to FOLLOWER at term 2 for REJECTED
2021-08-26 18:40:04,133 [b0d4646c-0fcd-42fc-b255-eb3c3c8c3636@group-D2D68E1C8E59-LeaderElection78] INFO  impl.RoleInfo (RoleInfo.java:shutdownLeaderElection(121)) - b0d4646c-0fcd-42fc-b255-eb3c3c8c3636: shutdown b0d4646c-0fcd-42fc-b255-eb3c3c8c3636@group-D2D68E1C8E59-LeaderElection78
2021-08-26 18:40:04,133 [b0d4646c-0fcd-42fc-b255-eb3c3c8c3636@group-D2D68E1C8E59-LeaderElection78] INFO  impl.RoleInfo (RoleInfo.java:updateAndGet(130)) - b0d4646c-0fcd-42fc-b255-eb3c3c8c3636: start b0d4646c-0fcd-42fc-b255-eb3c3c8c3636@group-D2D68E1C8E59-FollowerState
2021-08-26 18:40:04,135 [87f05fb4-46b8-4bb5-a197-7bc4b26914eb@group-D2D68E1C8E59-LeaderElection77] INFO  impl.LeaderElection (LeaderElection.java:logAndReturn(89)) - 87f05fb4-46b8-4bb5-a197-7bc4b26914eb@group-D2D68E1C8E59-LeaderElection77: ELECTION PASSED received 1 response(s) and 0 exception(s):
2021-08-26 18:40:04,135 [87f05fb4-46b8-4bb5-a197-7bc4b26914eb@group-D2D68E1C8E59-LeaderElection77] INFO  impl.LeaderElection (LeaderElection.java:logAndReturn(93)) -   Response 0: 87f05fb4-46b8-4bb5-a197-7bc4b26914eb<-feac8f5a-1b39-4e45-882b-39b2a71e70b7#0:OK-t2
2021-08-26 18:40:04,135 [87f05fb4-46b8-4bb5-a197-7bc4b26914eb@group-D2D68E1C8E59-LeaderElection77] INFO  impl.LeaderElection (LeaderElection.java:askForVotes(308)) - 87f05fb4-46b8-4bb5-a197-7bc4b26914eb@group-D2D68E1C8E59-LeaderElection77 ELECTION round 0: result PASSED
2021-08-26 18:40:04,135 [87f05fb4-46b8-4bb5-a197-7bc4b26914eb@group-D2D68E1C8E59-LeaderElection77] INFO  impl.RoleInfo (RoleInfo.java:shutdownLeaderElection(121)) - 87f05fb4-46b8-4bb5-a197-7bc4b26914eb: shutdown 87f05fb4-46b8-4bb5-a197-7bc4b26914eb@group-D2D68E1C8E59-LeaderElection77
2021-08-26 18:40:04,135 [87f05fb4-46b8-4bb5-a197-7bc4b26914eb@group-D2D68E1C8E59-LeaderElection77] INFO  server.RaftServer$Division (RaftServerImpl.java:setRole(285)) - 87f05fb4-46b8-4bb5-a197-7bc4b26914eb@group-D2D68E1C8E59: changes role from CANDIDATE to LEADER at term 2 for changeToLeader
2021-08-26 18:40:04,135 [87f05fb4-46b8-4bb5-a197-7bc4b26914eb@group-D2D68E1C8E59-LeaderElection77] INFO  ratis.XceiverServerRatis (XceiverServerRatis.java:handleLeaderChangedNotification(861)) - Leader change notification received for group: group-D2D68E1C8E59 with new leaderId: 87f05fb4-46b8-4bb5-a197-7bc4b26914eb
2021-08-26 18:40:04,136 [87f05fb4-46b8-4bb5-a197-7bc4b26914eb@group-D2D68E1C8E59-LeaderElection77] INFO  server.RaftServer$Division (ServerState.java:setLeader(285)) - 87f05fb4-46b8-4bb5-a197-7bc4b26914eb@group-D2D68E1C8E59: change Leader from null to 87f05fb4-46b8-4bb5-a197-7bc4b26914eb at term 2 for becomeLeader, leader elected after 10282ms
2021-08-26 18:40:04,136 [87f05fb4-46b8-4bb5-a197-7bc4b26914eb@group-D2D68E1C8E59-LeaderElection77] INFO  server.RaftServerConfigKeys (ConfUtils.java:logGet(44)) - raft.server.staging.catchup.gap = 1000 (default)
2021-08-26 18:40:04,136 [87f05fb4-46b8-4bb5-a197-7bc4b26914eb@group-D2D68E1C8E59-LeaderElection77] INFO  server.RaftServerConfigKeys (ConfUtils.java:logGet(44)) - raft.server.write.element-limit = 1024 (custom)
2021-08-26 18:40:04,136 [87f05fb4-46b8-4bb5-a197-7bc4b26914eb@group-D2D68E1C8E59-LeaderElection77] INFO  server.RaftServerConfigKeys (ConfUtils.java:logGet(44)) - raft.server.write.byte-limit = 1024 M (=1073741824) (custom)
2021-08-26 18:40:04,136 [87f05fb4-46b8-4bb5-a197-7bc4b26914eb@group-D2D68E1C8E59-LeaderElection77] INFO  server.RaftServerConfigKeys (ConfUtils.java:logGet(44)) - raft.server.watch.timeout = 3000ms (custom)
2021-08-26 18:40:04,136 [87f05fb4-46b8-4bb5-a197-7bc4b26914eb@group-D2D68E1C8E59-LeaderElection77] INFO  server.RaftServerConfigKeys (ConfUtils.java:logGet(44)) - raft.server.watch.timeout.denomination = 1s (default)
2021-08-26 18:40:04,136 [87f05fb4-46b8-4bb5-a197-7bc4b26914eb@group-D2D68E1C8E59-LeaderElection77] INFO  server.RaftServerConfigKeys (ConfUtils.java:logGet(44)) - raft.server.watch.element-limit = 65536 (default)
2021-08-26 18:40:04,137 [87f05fb4-46b8-4bb5-a197-7bc4b26914eb@group-D2D68E1C8E59-LeaderElection77] INFO  server.RaftServerConfigKeys (ConfUtils.java:logGet(44)) - raft.server.log.appender.snapshot.chunk.size.max = 16MB (=16777216) (default)
2021-08-26 18:40:04,137 [87f05fb4-46b8-4bb5-a197-7bc4b26914eb@group-D2D68E1C8E59-LeaderElection77] INFO  server.RaftServerConfigKeys (ConfUtils.java:logGet(44)) - raft.server.log.appender.buffer.byte-limit = 33554432 (custom)
2021-08-26 18:40:04,137 [87f05fb4-46b8-4bb5-a197-7bc4b26914eb@group-D2D68E1C8E59-LeaderElection77] INFO  server.RaftServerConfigKeys (ConfUtils.java:logGet(44)) - raft.server.log.appender.buffer.element-limit = 1 (custom)
2021-08-26 18:40:04,137 [87f05fb4-46b8-4bb5-a197-7bc4b26914eb@group-D2D68E1C8E59-LeaderElection77] INFO  grpc.GrpcConfigKeys (ConfUtils.java:logGet(44)) - raft.grpc.server.leader.outstanding.appends.max = 128 (default)
2021-08-26 18:40:04,137 [87f05fb4-46b8-4bb5-a197-7bc4b26914eb@group-D2D68E1C8E59-LeaderElection77] INFO  server.RaftServerConfigKeys (ConfUtils.java:logGet(44)) - raft.server.rpc.request.timeout = 3000ms (default)
2021-08-26 18:40:04,137 [87f05fb4-46b8-4bb5-a197-7bc4b26914eb@group-D2D68E1C8E59-LeaderElection77] INFO  server.RaftServerConfigKeys (ConfUtils.java:logGet(44)) - raft.server.log.appender.install.snapshot.enabled = false (custom)
2021-08-26 18:40:04,138 [87f05fb4-46b8-4bb5-a197-7bc4b26914eb@group-D2D68E1C8E59-LeaderElection77] INFO  server.RaftServerConfigKeys (ConfUtils.java:logGet(44)) - raft.server.log.appender.snapshot.chunk.size.max = 16MB (=16777216) (default)
2021-08-26 18:40:04,138 [87f05fb4-46b8-4bb5-a197-7bc4b26914eb@group-D2D68E1C8E59-LeaderElection77] INFO  server.RaftServerConfigKeys (ConfUtils.java:logGet(44)) - raft.server.log.appender.buffer.byte-limit = 33554432 (custom)
2021-08-26 18:40:04,138 [87f05fb4-46b8-4bb5-a197-7bc4b26914eb@group-D2D68E1C8E59-LeaderElection77] INFO  server.RaftServerConfigKeys (ConfUtils.java:logGet(44)) - raft.server.log.appender.buffer.element-limit = 1 (custom)
2021-08-26 18:40:04,138 [87f05fb4-46b8-4bb5-a197-7bc4b26914eb@group-D2D68E1C8E59-LeaderElection77] INFO  grpc.GrpcConfigKeys (ConfUtils.java:logGet(44)) - raft.grpc.server.leader.outstanding.appends.max = 128 (default)
2021-08-26 18:40:04,138 [87f05fb4-46b8-4bb5-a197-7bc4b26914eb@group-D2D68E1C8E59-LeaderElection77] INFO  server.RaftServerConfigKeys (ConfUtils.java:logGet(44)) - raft.server.rpc.request.timeout = 3000ms (default)
2021-08-26 18:40:04,138 [87f05fb4-46b8-4bb5-a197-7bc4b26914eb@group-D2D68E1C8E59-LeaderElection77] INFO  server.RaftServerConfigKeys (ConfUtils.java:logGet(44)) - raft.server.log.appender.install.snapshot.enabled = false (custom)
2021-08-26 18:40:04,139 [Datanode State Machine Thread - 0] WARN  statemachine.StateContext (StateContext.java:execute(621)) - No available thread in pool for past 1 seconds.
2021-08-26 18:40:04,143 [EventQueue-PipelineReportForPipelineReportHandler] INFO  pipeline.PipelineManagerImpl (PipelineManagerImpl.java:openPipeline(282)) - Pipeline Pipeline[ Id: 2466034c-f8ae-4bff-8a7c-d2d68e1c8e59, Nodes: feac8f5a-1b39-4e45-882b-39b2a71e70b7{ip: 10.1.0.63, host: fv-az184-233.3ow45vhwbzuu5incsxmygykede.cx.internal.cloudapp.net, ports: [REPLICATION=40843, RATIS=43083, RATIS_ADMIN=43083, RATIS_SERVER=43083, STANDALONE=44649], networkLocation: /default-rack, certSerialId: null, persistedOpState: IN_SERVICE, persistedOpStateExpiryEpochSec: 0}87f05fb4-46b8-4bb5-a197-7bc4b26914eb{ip: 10.1.0.63, host: fv-az184-233.3ow45vhwbzuu5incsxmygykede.cx.internal.cloudapp.net, ports: [REPLICATION=41467, RATIS=44187, RATIS_ADMIN=44187, RATIS_SERVER=44187, STANDALONE=44877], networkLocation: /default-rack, certSerialId: null, persistedOpState: IN_SERVICE, persistedOpStateExpiryEpochSec: 0}b0d4646c-0fcd-42fc-b255-eb3c3c8c3636{ip: 10.1.0.63, host: fv-az184-233.3ow45vhwbzuu5incsxmygykede.cx.internal.cloudapp.net, ports: [REPLICATION=38487, RATIS=45237, RATIS_ADMIN=45237, RATIS_SERVER=45237, STANDALONE=33471], networkLocation: /default-rack, certSerialId: null, persistedOpState: IN_SERVICE, persistedOpStateExpiryEpochSec: 0}, ReplicationConfig: RATIS/THREE, State:ALLOCATED, leaderId:87f05fb4-46b8-4bb5-a197-7bc4b26914eb, CreationTimestamp2021-08-26T18:39:51.903Z[Etc/UTC]] moved to OPEN state
2021-08-26 18:40:04,155 [grpc-default-executor-4] INFO  server.RaftServer$Division (RaftServerImpl.java:requestVote(1043)) - b0d4646c-0fcd-42fc-b255-eb3c3c8c3636@group-D2D68E1C8E59: receive requestVote(ELECTION, 87f05fb4-46b8-4bb5-a197-7bc4b26914eb, group-D2D68E1C8E59, 2, (t:0, i:0))
2021-08-26 18:40:04,155 [grpc-default-executor-4] INFO  impl.VoteContext (VoteContext.java:log(48)) - b0d4646c-0fcd-42fc-b255-eb3c3c8c3636@group-D2D68E1C8E59-FOLLOWER: reject ELECTION from 87f05fb4-46b8-4bb5-a197-7bc4b26914eb: already has voted for b0d4646c-0fcd-42fc-b255-eb3c3c8c3636 at current term 2
2021-08-26 18:40:04,155 [grpc-default-executor-4] INFO  server.RaftServer$Division (RaftServerImpl.java:requestVote(1075)) - b0d4646c-0fcd-42fc-b255-eb3c3c8c3636@group-D2D68E1C8E59 replies to ELECTION vote request: 87f05fb4-46b8-4bb5-a197-7bc4b26914eb<-b0d4646c-0fcd-42fc-b255-eb3c3c8c3636#0:FAIL-t2. Peer's state: b0d4646c-0fcd-42fc-b255-eb3c3c8c3636@group-D2D68E1C8E59:t2, leader=null, voted=b0d4646c-0fcd-42fc-b255-eb3c3c8c3636, raftlog=b0d4646c-0fcd-42fc-b255-eb3c3c8c3636@group-D2D68E1C8E59-SegmentedRaftLog:OPENED:c-1,f-1,i0, conf=-1: [feac8f5a-1b39-4e45-882b-39b2a71e70b7|rpc:10.1.0.63:43083|priority:0, 87f05fb4-46b8-4bb5-a197-7bc4b26914eb|rpc:10.1.0.63:44187|priority:1, b0d4646c-0fcd-42fc-b255-eb3c3c8c3636|rpc:10.1.0.63:45237|priority:0], old=null
2021-08-26 18:40:04,168 [87f05fb4-46b8-4bb5-a197-7bc4b26914eb@group-D2D68E1C8E59-LeaderElection77] INFO  impl.RoleInfo (RoleInfo.java:updateAndGet(130)) - 87f05fb4-46b8-4bb5-a197-7bc4b26914eb: start 87f05fb4-46b8-4bb5-a197-7bc4b26914eb@group-D2D68E1C8E59-LeaderStateImpl
2021-08-26 18:40:04,168 [87f05fb4-46b8-4bb5-a197-7bc4b26914eb@group-D2D68E1C8E59-LeaderElection77] INFO  segmented.SegmentedRaftLogWorker (SegmentedRaftLogWorker.java:startLogSegment(394)) - 87f05fb4-46b8-4bb5-a197-7bc4b26914eb@group-D2D68E1C8E59-SegmentedRaftLogWorker: Starting segment from index:0
2021-08-26 18:40:04,172 [87f05fb4-46b8-4bb5-a197-7bc4b26914eb@group-D2D68E1C8E59-SegmentedRaftLogWorker] INFO  segmented.SegmentedRaftLogWorker (SegmentedRaftLogWorker.java:execute(601)) - 87f05fb4-46b8-4bb5-a197-7bc4b26914eb@group-D2D68E1C8E59-SegmentedRaftLogWorker: created new log segment /home/runner/work/ozone/ozone/hadoop-ozone/integration-test/target/test-dir/MiniOzoneClusterImpl-7287d2d4-454f-4da5-bbdc-7dc3b2fb158b/datanode-2/data/ratis/2466034c-f8ae-4bff-8a7c-d2d68e1c8e59/current/log_inprogress_0
2021-08-26 18:40:04,180 [87f05fb4-46b8-4bb5-a197-7bc4b26914eb@group-D2D68E1C8E59-LeaderElection77] INFO  server.RaftServer$Division (ServerState.java:setRaftConf(387)) - 87f05fb4-46b8-4bb5-a197-7bc4b26914eb@group-D2D68E1C8E59: set configuration 0: [feac8f5a-1b39-4e45-882b-39b2a71e70b7|rpc:10.1.0.63:43083|dataStream:|priority:0, 87f05fb4-46b8-4bb5-a197-7bc4b26914eb|rpc:10.1.0.63:44187|dataStream:|priority:1, b0d4646c-0fcd-42fc-b255-eb3c3c8c3636|rpc:10.1.0.63:45237|dataStream:|priority:0], old=null
2021-08-26 18:40:04,255 [grpc-default-executor-3] INFO  ratis.XceiverServerRatis (XceiverServerRatis.java:handleLeaderChangedNotification(861)) - Leader change notification received for group: group-D2D68E1C8E59 with new leaderId: 87f05fb4-46b8-4bb5-a197-7bc4b26914eb
2021-08-26 18:40:04,255 [grpc-default-executor-3] INFO  server.RaftServer$Division (ServerState.java:setLeader(285)) - feac8f5a-1b39-4e45-882b-39b2a71e70b7@group-D2D68E1C8E59: change Leader from null to 87f05fb4-46b8-4bb5-a197-7bc4b26914eb at term 2 for appendEntries, leader elected after 10488ms
2021-08-26 18:40:04,259 [grpc-default-executor-0] INFO  ratis.XceiverServerRatis (XceiverServerRatis.java:handleLeaderChangedNotification(861)) - Leader change notification received for group: group-D2D68E1C8E59 with new leaderId: 87f05fb4-46b8-4bb5-a197-7bc4b26914eb
2021-08-26 18:40:04,260 [grpc-default-executor-0] INFO  server.RaftServer$Division (ServerState.java:setLeader(285)) - b0d4646c-0fcd-42fc-b255-eb3c3c8c3636@group-D2D68E1C8E59: change Leader from null to 87f05fb4-46b8-4bb5-a197-7bc4b26914eb at term 2 for appendEntries, leader elected after 10715ms
2021-08-26 18:40:04,279 [grpc-default-executor-3] INFO  server.RaftServer$Division (ServerState.java:setRaftConf(387)) - feac8f5a-1b39-4e45-882b-39b2a71e70b7@group-D2D68E1C8E59: set configuration 0: [feac8f5a-1b39-4e45-882b-39b2a71e70b7|rpc:10.1.0.63:43083|dataStream:|priority:0, 87f05fb4-46b8-4bb5-a197-7bc4b26914eb|rpc:10.1.0.63:44187|dataStream:|priority:1, b0d4646c-0fcd-42fc-b255-eb3c3c8c3636|rpc:10.1.0.63:45237|dataStream:|priority:0], old=null
2021-08-26 18:40:04,279 [grpc-default-executor-3] INFO  segmented.SegmentedRaftLogWorker (SegmentedRaftLogWorker.java:startLogSegment(394)) - feac8f5a-1b39-4e45-882b-39b2a71e70b7@group-D2D68E1C8E59-SegmentedRaftLogWorker: Starting segment from index:0
2021-08-26 18:40:04,281 [feac8f5a-1b39-4e45-882b-39b2a71e70b7@group-D2D68E1C8E59-SegmentedRaftLogWorker] INFO  segmented.SegmentedRaftLogWorker (SegmentedRaftLogWorker.java:execute(601)) - feac8f5a-1b39-4e45-882b-39b2a71e70b7@group-D2D68E1C8E59-SegmentedRaftLogWorker: created new log segment /home/runner/work/ozone/ozone/hadoop-ozone/integration-test/target/test-dir/MiniOzoneClusterImpl-7287d2d4-454f-4da5-bbdc-7dc3b2fb158b/datanode-1/data/ratis/2466034c-f8ae-4bff-8a7c-d2d68e1c8e59/current/log_inprogress_0
2021-08-26 18:40:04,290 [grpc-default-executor-0] INFO  server.RaftServer$Division (ServerState.java:setRaftConf(387)) - b0d4646c-0fcd-42fc-b255-eb3c3c8c3636@group-D2D68E1C8E59: set configuration 0: [feac8f5a-1b39-4e45-882b-39b2a71e70b7|rpc:10.1.0.63:43083|dataStream:|priority:0, 87f05fb4-46b8-4bb5-a197-7bc4b26914eb|rpc:10.1.0.63:44187|dataStream:|priority:1, b0d4646c-0fcd-42fc-b255-eb3c3c8c3636|rpc:10.1.0.63:45237|dataStream:|priority:0], old=null
2021-08-26 18:40:04,290 [grpc-default-executor-0] INFO  segmented.SegmentedRaftLogWorker (SegmentedRaftLogWorker.java:startLogSegment(394)) - b0d4646c-0fcd-42fc-b255-eb3c3c8c3636@group-D2D68E1C8E59-SegmentedRaftLogWorker: Starting segment from index:0
2021-08-26 18:40:04,299 [b0d4646c-0fcd-42fc-b255-eb3c3c8c3636@group-D2D68E1C8E59-SegmentedRaftLogWorker] INFO  segmented.SegmentedRaftLogWorker (SegmentedRaftLogWorker.java:execute(601)) - b0d4646c-0fcd-42fc-b255-eb3c3c8c3636@group-D2D68E1C8E59-SegmentedRaftLogWorker: created new log segment /home/runner/work/ozone/ozone/hadoop-ozone/integration-test/target/test-dir/MiniOzoneClusterImpl-7287d2d4-454f-4da5-bbdc-7dc3b2fb158b/datanode-0/data/ratis/2466034c-f8ae-4bff-8a7c-d2d68e1c8e59/current/log_inprogress_0
2021-08-26 18:40:06,052 [88d9c6ea-d0be-4004-8450-128776760c0b@group-5443D1AD4915-FollowerState] INFO  impl.FollowerState (FollowerState.java:run(134)) - 88d9c6ea-d0be-4004-8450-128776760c0b@group-5443D1AD4915-FollowerState: change to CANDIDATE, lastRpcElapsedTime:5095402222ns, electionTimeout:5062ms
2021-08-26 18:40:06,052 [88d9c6ea-d0be-4004-8450-128776760c0b@group-5443D1AD4915-FollowerState] INFO  impl.RoleInfo (RoleInfo.java:shutdownFollowerState(108)) - 88d9c6ea-d0be-4004-8450-128776760c0b: shutdown 88d9c6ea-d0be-4004-8450-128776760c0b@group-5443D1AD4915-FollowerState
2021-08-26 18:40:06,052 [88d9c6ea-d0be-4004-8450-128776760c0b@group-5443D1AD4915-FollowerState] INFO  server.RaftServer$Division (RaftServerImpl.java:setRole(285)) - 88d9c6ea-d0be-4004-8450-128776760c0b@group-5443D1AD4915: changes role from  FOLLOWER to CANDIDATE at term 1 for changeToCandidate
2021-08-26 18:40:06,052 [88d9c6ea-d0be-4004-8450-128776760c0b@group-5443D1AD4915-FollowerState] INFO  server.RaftServerConfigKeys (ConfUtils.java:logGet(44)) - raft.server.leaderelection.pre-vote = false (custom)
2021-08-26 18:40:06,052 [88d9c6ea-d0be-4004-8450-128776760c0b@group-5443D1AD4915-FollowerState] INFO  impl.RoleInfo (RoleInfo.java:updateAndGet(130)) - 88d9c6ea-d0be-4004-8450-128776760c0b: start 88d9c6ea-d0be-4004-8450-128776760c0b@group-5443D1AD4915-LeaderElection79
2021-08-26 18:40:06,071 [88d9c6ea-d0be-4004-8450-128776760c0b@group-5443D1AD4915-LeaderElection79] INFO  impl.LeaderElection (LeaderElection.java:askForVotes(306)) - 88d9c6ea-d0be-4004-8450-128776760c0b@group-5443D1AD4915-LeaderElection79 ELECTION round 0: submit vote requests at term 2 for -1: [88d9c6ea-d0be-4004-8450-128776760c0b|rpc:10.1.0.63:32927|dataStream:|priority:1, 95edf07e-7fec-45a0-b357-ea2c9e88c813|rpc:10.1.0.63:34053|dataStream:|priority:0, 134e4cc8-3e2d-4572-98bc-d75f353c351b|rpc:10.1.0.63:40073|dataStream:|priority:0], old=null
2021-08-26 18:40:06,085 [95edf07e-7fec-45a0-b357-ea2c9e88c813@group-5443D1AD4915-FollowerState] INFO  impl.FollowerState (FollowerState.java:run(134)) - 95edf07e-7fec-45a0-b357-ea2c9e88c813@group-5443D1AD4915-FollowerState: change to CANDIDATE, lastRpcElapsedTime:5071042464ns, electionTimeout:5051ms
2021-08-26 18:40:06,085 [95edf07e-7fec-45a0-b357-ea2c9e88c813@group-5443D1AD4915-FollowerState] INFO  impl.RoleInfo (RoleInfo.java:shutdownFollowerState(108)) - 95edf07e-7fec-45a0-b357-ea2c9e88c813: shutdown 95edf07e-7fec-45a0-b357-ea2c9e88c813@group-5443D1AD4915-FollowerState
2021-08-26 18:40:06,085 [95edf07e-7fec-45a0-b357-ea2c9e88c813@group-5443D1AD4915-FollowerState] INFO  server.RaftServer$Division (RaftServerImpl.java:setRole(285)) - 95edf07e-7fec-45a0-b357-ea2c9e88c813@group-5443D1AD4915: changes role from  FOLLOWER to CANDIDATE at term 1 for changeToCandidate
2021-08-26 18:40:06,120 [95edf07e-7fec-45a0-b357-ea2c9e88c813@group-5443D1AD4915-FollowerState] INFO  server.RaftServerConfigKeys (ConfUtils.java:logGet(44)) - raft.server.leaderelection.pre-vote = false (custom)
2021-08-26 18:40:06,120 [95edf07e-7fec-45a0-b357-ea2c9e88c813@group-5443D1AD4915-FollowerState] INFO  impl.RoleInfo (RoleInfo.java:updateAndGet(130)) - 95edf07e-7fec-45a0-b357-ea2c9e88c813: start 95edf07e-7fec-45a0-b357-ea2c9e88c813@group-5443D1AD4915-LeaderElection80
2021-08-26 18:40:06,132 [Listener at 127.0.0.1/40319] INFO  ozoneimpl.OzoneContainer (OzoneContainer.java:stop(326)) - Attempting to stop container services.
2021-08-26 18:40:06,167 [Listener at 127.0.0.1/40319] INFO  server.RaftServer (RaftServerProxy.java:lambda$close$6(391)) - b0d4646c-0fcd-42fc-b255-eb3c3c8c3636: close
2021-08-26 18:40:06,169 [Listener at 127.0.0.1/40319] INFO  server.RaftServer$Division (RaftServerImpl.java:lambda$close$4(407)) - b0d4646c-0fcd-42fc-b255-eb3c3c8c3636@group-D6CBFFE24189: shutdown
2021-08-26 18:40:06,169 [Listener at 127.0.0.1/40319] INFO  util.JmxRegister (JmxRegister.java:unregister(73)) - Successfully un-registered JMX Bean with object name Ratis:service=RaftServer,group=group-D6CBFFE24189,id=b0d4646c-0fcd-42fc-b255-eb3c3c8c3636
2021-08-26 18:40:06,169 [Listener at 127.0.0.1/40319] INFO  impl.RoleInfo (RoleInfo.java:shutdownLeaderState(91)) - b0d4646c-0fcd-42fc-b255-eb3c3c8c3636: shutdown b0d4646c-0fcd-42fc-b255-eb3c3c8c3636@group-D6CBFFE24189-LeaderStateImpl
2021-08-26 18:40:06,170 [b0d4646c-0fcd-42fc-b255-eb3c3c8c3636@group-D6CBFFE24189->87f05fb4-46b8-4bb5-a197-7bc4b26914eb-GrpcLogAppender-LogAppenderDaemon] WARN  server.GrpcLogAppender (GrpcLogAppender.java:mayWait(175)) - b0d4646c-0fcd-42fc-b255-eb3c3c8c3636@group-D6CBFFE24189->87f05fb4-46b8-4bb5-a197-7bc4b26914eb-GrpcLogAppender: Wait interrupted by java.lang.InterruptedException
2021-08-26 18:40:06,170 [Listener at 127.0.0.1/40319] INFO  impl.PendingRequests (PendingRequests.java:sendNotLeaderResponses(282)) - b0d4646c-0fcd-42fc-b255-eb3c3c8c3636@group-D6CBFFE24189-PendingRequests: sendNotLeaderResponses
2021-08-26 18:40:06,170 [Listener at 127.0.0.1/40319] INFO  impl.StateMachineUpdater (StateMachineUpdater.java:stopAndJoin(149)) - b0d4646c-0fcd-42fc-b255-eb3c3c8c3636@group-D6CBFFE24189-StateMachineUpdater: set stopIndex = 0
2021-08-26 18:40:06,171 [b0d4646c-0fcd-42fc-b255-eb3c3c8c3636@group-D6CBFFE24189->feac8f5a-1b39-4e45-882b-39b2a71e70b7-GrpcLogAppender-LogAppenderDaemon] WARN  server.GrpcLogAppender (GrpcLogAppender.java:mayWait(175)) - b0d4646c-0fcd-42fc-b255-eb3c3c8c3636@group-D6CBFFE24189->feac8f5a-1b39-4e45-882b-39b2a71e70b7-GrpcLogAppender: Wait interrupted by java.lang.InterruptedException
2021-08-26 18:40:06,172 [grpc-default-executor-3] INFO  server.GrpcServerProtocolService (GrpcServerProtocolService.java:onCompleted(140)) - 87f05fb4-46b8-4bb5-a197-7bc4b26914eb: Completed APPEND_ENTRIES, lastRequest: b0d4646c-0fcd-42fc-b255-eb3c3c8c3636->87f05fb4-46b8-4bb5-a197-7bc4b26914eb#1-t1,previous=(t:0, i:0),leaderCommit=0,initializing? true,entries: size=1, first=(t:1, i:0), CONFIGURATIONENTRY
2021-08-26 18:40:06,172 [grpc-default-executor-4] INFO  server.GrpcServerProtocolService (GrpcServerProtocolService.java:onCompleted(140)) - feac8f5a-1b39-4e45-882b-39b2a71e70b7: Completed APPEND_ENTRIES, lastRequest: b0d4646c-0fcd-42fc-b255-eb3c3c8c3636->feac8f5a-1b39-4e45-882b-39b2a71e70b7#1-t1,previous=(t:0, i:0),leaderCommit=0,initializing? true,entries: size=1, first=(t:1, i:0), CONFIGURATIONENTRY
2021-08-26 18:40:06,174 [b0d4646c-0fcd-42fc-b255-eb3c3c8c3636@group-D6CBFFE24189-StateMachineUpdater] INFO  ratis.ContainerStateMachine (ContainerStateMachine.java:takeSnapshot(292)) - group-D6CBFFE24189: Taking a snapshot at:(t:1, i:0) file /home/runner/work/ozone/ozone/hadoop-ozone/integration-test/target/test-dir/MiniOzoneClusterImpl-7287d2d4-454f-4da5-bbdc-7dc3b2fb158b/datanode-0/data/ratis/add1658b-e2b5-4f06-8c7a-d6cbffe24189/sm/snapshot.1_0
2021-08-26 18:40:06,176 [grpc-default-executor-2] INFO  server.GrpcLogAppender (GrpcLogAppender.java:onCompleted(344)) - b0d4646c-0fcd-42fc-b255-eb3c3c8c3636@group-D6CBFFE24189->87f05fb4-46b8-4bb5-a197-7bc4b26914eb-AppendLogResponseHandler: follower responses appendEntries COMPLETED
2021-08-26 18:40:06,176 [grpc-default-executor-2] INFO  leader.FollowerInfo (FollowerInfoImpl.java:lambda$new$0(46)) - b0d4646c-0fcd-42fc-b255-eb3c3c8c3636@group-D6CBFFE24189->87f05fb4-46b8-4bb5-a197-7bc4b26914eb: nextIndex: updateUnconditionally 1 -> 0
2021-08-26 18:40:06,176 [grpc-default-executor-1] INFO  server.GrpcLogAppender (GrpcLogAppender.java:onCompleted(344)) - b0d4646c-0fcd-42fc-b255-eb3c3c8c3636@group-D6CBFFE24189->feac8f5a-1b39-4e45-882b-39b2a71e70b7-AppendLogResponseHandler: follower responses appendEntries COMPLETED
2021-08-26 18:40:06,176 [grpc-default-executor-1] INFO  leader.FollowerInfo (FollowerInfoImpl.java:lambda$new$0(46)) - b0d4646c-0fcd-42fc-b255-eb3c3c8c3636@group-D6CBFFE24189->feac8f5a-1b39-4e45-882b-39b2a71e70b7: nextIndex: updateUnconditionally 1 -> 0
2021-08-26 18:40:06,176 [grpc-default-executor-0] INFO  server.RaftServer$Division (RaftServerImpl.java:requestVote(1043)) - 95edf07e-7fec-45a0-b357-ea2c9e88c813@group-5443D1AD4915: receive requestVote(ELECTION, 88d9c6ea-d0be-4004-8450-128776760c0b, group-5443D1AD4915, 2, (t:0, i:0))
2021-08-26 18:40:06,176 [95edf07e-7fec-45a0-b357-ea2c9e88c813@group-5443D1AD4915-LeaderElection80] INFO  impl.LeaderElection (LeaderElection.java:askForVotes(306)) - 95edf07e-7fec-45a0-b357-ea2c9e88c813@group-5443D1AD4915-LeaderElection80 ELECTION round 0: submit vote requests at term 2 for -1: [88d9c6ea-d0be-4004-8450-128776760c0b|rpc:10.1.0.63:32927|priority:1, 95edf07e-7fec-45a0-b357-ea2c9e88c813|rpc:10.1.0.63:34053|priority:0, 134e4cc8-3e2d-4572-98bc-d75f353c351b|rpc:10.1.0.63:40073|priority:0], old=null
2021-08-26 18:40:06,177 [grpc-default-executor-0] INFO  impl.VoteContext (VoteContext.java:log(48)) - 95edf07e-7fec-45a0-b357-ea2c9e88c813@group-5443D1AD4915-CANDIDATE: reject ELECTION from 88d9c6ea-d0be-4004-8450-128776760c0b: already has voted for 95edf07e-7fec-45a0-b357-ea2c9e88c813 at current term 2
2021-08-26 18:40:06,177 [b0d4646c-0fcd-42fc-b255-eb3c3c8c3636@group-D6CBFFE24189-StateMachineUpdater] INFO  ratis.ContainerStateMachine (ContainerStateMachine.java:takeSnapshot(303)) - group-D6CBFFE24189: Finished taking a snapshot at:(t:1, i:0) file:/home/runner/work/ozone/ozone/hadoop-ozone/integration-test/target/test-dir/MiniOzoneClusterImpl-7287d2d4-454f-4da5-bbdc-7dc3b2fb158b/datanode-0/data/ratis/add1658b-e2b5-4f06-8c7a-d6cbffe24189/sm/snapshot.1_0 took: 3 ms
2021-08-26 18:40:06,177 [b0d4646c-0fcd-42fc-b255-eb3c3c8c3636@group-D6CBFFE24189-StateMachineUpdater] INFO  impl.StateMachineUpdater (StateMachineUpdater.java:takeSnapshot(281)) - b0d4646c-0fcd-42fc-b255-eb3c3c8c3636@group-D6CBFFE24189-StateMachineUpdater: Took a snapshot at index 0
2021-08-26 18:40:06,177 [b0d4646c-0fcd-42fc-b255-eb3c3c8c3636@group-D6CBFFE24189-StateMachineUpdater] INFO  impl.StateMachineUpdater (StateMachineUpdater.java:lambda$new$0(89)) - b0d4646c-0fcd-42fc-b255-eb3c3c8c3636@group-D6CBFFE24189-StateMachineUpdater: snapshotIndex: updateIncreasingly -1 -> 0
2021-08-26 18:40:06,179 [grpc-default-executor-0] INFO  server.RaftServer$Division (RaftServerImpl.java:requestVote(1075)) - 95edf07e-7fec-45a0-b357-ea2c9e88c813@group-5443D1AD4915 replies to ELECTION vote request: 88d9c6ea-d0be-4004-8450-128776760c0b<-95edf07e-7fec-45a0-b357-ea2c9e88c813#0:FAIL-t2. Peer's state: 95edf07e-7fec-45a0-b357-ea2c9e88c813@group-5443D1AD4915:t2, leader=null, voted=95edf07e-7fec-45a0-b357-ea2c9e88c813, raftlog=95edf07e-7fec-45a0-b357-ea2c9e88c813@group-5443D1AD4915-SegmentedRaftLog:OPENED:c-1,f-1,i0, conf=-1: [88d9c6ea-d0be-4004-8450-128776760c0b|rpc:10.1.0.63:32927|priority:1, 95edf07e-7fec-45a0-b357-ea2c9e88c813|rpc:10.1.0.63:34053|priority:0, 134e4cc8-3e2d-4572-98bc-d75f353c351b|rpc:10.1.0.63:40073|priority:0], old=null
2021-08-26 18:40:06,180 [Listener at 127.0.0.1/40319] INFO  server.RaftServer$Division (ServerState.java:close(419)) - b0d4646c-0fcd-42fc-b255-eb3c3c8c3636@group-D6CBFFE24189: closes. applyIndex: 0
2021-08-26 18:40:06,182 [grpc-default-executor-0] INFO  server.RaftServer$Division (RaftServerImpl.java:requestVote(1043)) - 134e4cc8-3e2d-4572-98bc-d75f353c351b@group-5443D1AD4915: receive requestVote(ELECTION, 88d9c6ea-d0be-4004-8450-128776760c0b, group-5443D1AD4915, 2, (t:0, i:0))
2021-08-26 18:40:06,182 [grpc-default-executor-0] INFO  impl.VoteContext (VoteContext.java:log(48)) - 134e4cc8-3e2d-4572-98bc-d75f353c351b@group-5443D1AD4915-FOLLOWER: accept ELECTION from 88d9c6ea-d0be-4004-8450-128776760c0b: our priority 0 <= candidate's priority 1
2021-08-26 18:40:06,182 [grpc-default-executor-0] INFO  server.RaftServer$Division (RaftServerImpl.java:setRole(285)) - 134e4cc8-3e2d-4572-98bc-d75f353c351b@group-5443D1AD4915: changes role from  FOLLOWER to FOLLOWER at term 2 for candidate:88d9c6ea-d0be-4004-8450-128776760c0b
2021-08-26 18:40:06,182 [grpc-default-executor-0] INFO  impl.RoleInfo (RoleInfo.java:shutdownFollowerState(108)) - 134e4cc8-3e2d-4572-98bc-d75f353c351b: shutdown 134e4cc8-3e2d-4572-98bc-d75f353c351b@group-5443D1AD4915-FollowerState
2021-08-26 18:40:06,188 [ForkJoinPool.commonPool-worker-0] INFO  server.RaftServer$Division (RaftServerImpl.java:lambda$close$4(407)) - b0d4646c-0fcd-42fc-b255-eb3c3c8c3636@group-377879BF8640: shutdown
2021-08-26 18:40:06,188 [ForkJoinPool.commonPool-worker-0] INFO  util.JmxRegister (JmxRegister.java:unregister(73)) - Successfully un-registered JMX Bean with object name Ratis:service=RaftServer,group=group-377879BF8640,id=b0d4646c-0fcd-42fc-b255-eb3c3c8c3636
2021-08-26 18:40:06,188 [ForkJoinPool.commonPool-worker-0] INFO  impl.RoleInfo (RoleInfo.java:shutdownLeaderState(91)) - b0d4646c-0fcd-42fc-b255-eb3c3c8c3636: shutdown b0d4646c-0fcd-42fc-b255-eb3c3c8c3636@group-377879BF8640-LeaderStateImpl
2021-08-26 18:40:06,188 [ForkJoinPool.commonPool-worker-0] INFO  impl.PendingRequests (PendingRequests.java:sendNotLeaderResponses(282)) - b0d4646c-0fcd-42fc-b255-eb3c3c8c3636@group-377879BF8640-PendingRequests: sendNotLeaderResponses
2021-08-26 18:40:06,190 [grpc-default-executor-3] INFO  server.RaftServer$Division (RaftServerImpl.java:requestVote(1043)) - 88d9c6ea-d0be-4004-8450-128776760c0b@group-5443D1AD4915: receive requestVote(ELECTION, 95edf07e-7fec-45a0-b357-ea2c9e88c813, group-5443D1AD4915, 2, (t:0, i:0))
2021-08-26 18:40:06,190 [grpc-default-executor-3] INFO  impl.VoteContext (VoteContext.java:log(48)) - 88d9c6ea-d0be-4004-8450-128776760c0b@group-5443D1AD4915-CANDIDATE: reject ELECTION from 95edf07e-7fec-45a0-b357-ea2c9e88c813: already has voted for 88d9c6ea-d0be-4004-8450-128776760c0b at current term 2
2021-08-26 18:40:06,190 [grpc-default-executor-3] INFO  server.RaftServer$Division (RaftServerImpl.java:requestVote(1075)) - 88d9c6ea-d0be-4004-8450-128776760c0b@group-5443D1AD4915 replies to ELECTION vote request: 95edf07e-7fec-45a0-b357-ea2c9e88c813<-88d9c6ea-d0be-4004-8450-128776760c0b#0:FAIL-t2. Peer's state: 88d9c6ea-d0be-4004-8450-128776760c0b@group-5443D1AD4915:t2, leader=null, voted=88d9c6ea-d0be-4004-8450-128776760c0b, raftlog=88d9c6ea-d0be-4004-8450-128776760c0b@group-5443D1AD4915-SegmentedRaftLog:OPENED:c-1,f-1,i0, conf=-1: [88d9c6ea-d0be-4004-8450-128776760c0b|rpc:10.1.0.63:32927|dataStream:|priority:1, 95edf07e-7fec-45a0-b357-ea2c9e88c813|rpc:10.1.0.63:34053|dataStream:|priority:0, 134e4cc8-3e2d-4572-98bc-d75f353c351b|rpc:10.1.0.63:40073|dataStream:|priority:0], old=null
2021-08-26 18:40:06,191 [95edf07e-7fec-45a0-b357-ea2c9e88c813@group-5443D1AD4915-LeaderElection80] INFO  impl.LeaderElection (LeaderElection.java:logAndReturn(89)) - 95edf07e-7fec-45a0-b357-ea2c9e88c813@group-5443D1AD4915-LeaderElection80: ELECTION REJECTED received 1 response(s) and 0 exception(s):
2021-08-26 18:40:06,191 [95edf07e-7fec-45a0-b357-ea2c9e88c813@group-5443D1AD4915-LeaderElection80] INFO  impl.LeaderElection (LeaderElection.java:logAndReturn(93)) -   Response 0: 95edf07e-7fec-45a0-b357-ea2c9e88c813<-88d9c6ea-d0be-4004-8450-128776760c0b#0:FAIL-t2
2021-08-26 18:40:06,191 [95edf07e-7fec-45a0-b357-ea2c9e88c813@group-5443D1AD4915-LeaderElection80] INFO  impl.LeaderElection (LeaderElection.java:askForVotes(308)) - 95edf07e-7fec-45a0-b357-ea2c9e88c813@group-5443D1AD4915-LeaderElection80 ELECTION round 0: result REJECTED
2021-08-26 18:40:06,191 [95edf07e-7fec-45a0-b357-ea2c9e88c813@group-5443D1AD4915-LeaderElection80] INFO  server.RaftServer$Division (RaftServerImpl.java:setRole(285)) - 95edf07e-7fec-45a0-b357-ea2c9e88c813@group-5443D1AD4915: changes role from CANDIDATE to FOLLOWER at term 2 for REJECTED
2021-08-26 18:40:06,191 [95edf07e-7fec-45a0-b357-ea2c9e88c813@group-5443D1AD4915-LeaderElection80] INFO  impl.RoleInfo (RoleInfo.java:shutdownLeaderElection(121)) - 95edf07e-7fec-45a0-b357-ea2c9e88c813: shutdown 95edf07e-7fec-45a0-b357-ea2c9e88c813@group-5443D1AD4915-LeaderElection80
2021-08-26 18:40:06,191 [95edf07e-7fec-45a0-b357-ea2c9e88c813@group-5443D1AD4915-LeaderElection80] INFO  impl.RoleInfo (RoleInfo.java:updateAndGet(130)) - 95edf07e-7fec-45a0-b357-ea2c9e88c813: start 95edf07e-7fec-45a0-b357-ea2c9e88c813@group-5443D1AD4915-FollowerState
2021-08-26 18:40:06,192 [grpc-default-executor-3] INFO  server.RaftServer$Division (RaftServerImpl.java:requestVote(1043)) - 134e4cc8-3e2d-4572-98bc-d75f353c351b@group-5443D1AD4915: receive requestVote(ELECTION, 95edf07e-7fec-45a0-b357-ea2c9e88c813, group-5443D1AD4915, 2, (t:0, i:0))
2021-08-26 18:40:06,208 [grpc-default-executor-0] INFO  impl.RoleInfo (RoleInfo.java:updateAndGet(130)) - 134e4cc8-3e2d-4572-98bc-d75f353c351b: start 134e4cc8-3e2d-4572-98bc-d75f353c351b@group-5443D1AD4915-FollowerState
2021-08-26 18:40:06,208 [b0d4646c-0fcd-42fc-b255-eb3c3c8c3636@group-D6CBFFE24189-SegmentedRaftLogWorker] INFO  segmented.SegmentedRaftLogWorker (SegmentedRaftLogWorker.java:run(327)) - b0d4646c-0fcd-42fc-b255-eb3c3c8c3636@group-D6CBFFE24189-SegmentedRaftLogWorker was interrupted, exiting. There are 0 tasks remaining in the queue.
2021-08-26 18:40:06,208 [134e4cc8-3e2d-4572-98bc-d75f353c351b@group-5443D1AD4915-FollowerState] INFO  impl.FollowerState (FollowerState.java:run(143)) - 134e4cc8-3e2d-4572-98bc-d75f353c351b@group-5443D1AD4915-FollowerState was interrupted: {}
java.lang.InterruptedException: sleep interrupted
	at java.lang.Thread.sleep(Native Method)
	at java.lang.Thread.sleep(Thread.java:340)
	at java.util.concurrent.TimeUnit.sleep(TimeUnit.java:386)
	at org.apache.ratis.util.TimeDuration.sleep(TimeDuration.java:324)
	at org.apache.ratis.util.TimeDuration.sleep(TimeDuration.java:309)
	at org.apache.ratis.server.impl.FollowerState.run(FollowerState.java:118)
2021-08-26 18:40:06,209 [Listener at 127.0.0.1/40319] INFO  segmented.SegmentedRaftLogWorker (SegmentedRaftLogWorker.java:close(237)) - b0d4646c-0fcd-42fc-b255-eb3c3c8c3636@group-D6CBFFE24189-SegmentedRaftLogWorker close()
2021-08-26 18:40:06,210 [Listener at 127.0.0.1/40319] INFO  server.RaftServer$Division (RaftServerImpl.java:lambda$close$4(407)) - b0d4646c-0fcd-42fc-b255-eb3c3c8c3636@group-D2D68E1C8E59: shutdown
2021-08-26 18:40:06,210 [Listener at 127.0.0.1/40319] INFO  util.JmxRegister (JmxRegister.java:unregister(73)) - Successfully un-registered JMX Bean with object name Ratis:service=RaftServer,group=group-D2D68E1C8E59,id=b0d4646c-0fcd-42fc-b255-eb3c3c8c3636
2021-08-26 18:40:06,211 [Listener at 127.0.0.1/40319] INFO  impl.RoleInfo (RoleInfo.java:shutdownFollowerState(108)) - b0d4646c-0fcd-42fc-b255-eb3c3c8c3636: shutdown b0d4646c-0fcd-42fc-b255-eb3c3c8c3636@group-D2D68E1C8E59-FollowerState
2021-08-26 18:40:06,211 [Listener at 127.0.0.1/40319] INFO  impl.StateMachineUpdater (StateMachineUpdater.java:stopAndJoin(149)) - b0d4646c-0fcd-42fc-b255-eb3c3c8c3636@group-D2D68E1C8E59-StateMachineUpdater: set stopIndex = 0
2021-08-26 18:40:06,211 [b0d4646c-0fcd-42fc-b255-eb3c3c8c3636@group-D2D68E1C8E59-StateMachineUpdater] INFO  ratis.ContainerStateMachine (ContainerStateMachine.java:takeSnapshot(292)) - group-D2D68E1C8E59: Taking a snapshot at:(t:2, i:0) file /home/runner/work/ozone/ozone/hadoop-ozone/integration-test/target/test-dir/MiniOzoneClusterImpl-7287d2d4-454f-4da5-bbdc-7dc3b2fb158b/datanode-0/data/ratis/2466034c-f8ae-4bff-8a7c-d2d68e1c8e59/sm/snapshot.2_0
2021-08-26 18:40:06,235 [b0d4646c-0fcd-42fc-b255-eb3c3c8c3636@group-D2D68E1C8E59-StateMachineUpdater] INFO  ratis.ContainerStateMachine (ContainerStateMachine.java:takeSnapshot(303)) - group-D2D68E1C8E59: Finished taking a snapshot at:(t:2, i:0) file:/home/runner/work/ozone/ozone/hadoop-ozone/integration-test/target/test-dir/MiniOzoneClusterImpl-7287d2d4-454f-4da5-bbdc-7dc3b2fb158b/datanode-0/data/ratis/2466034c-f8ae-4bff-8a7c-d2d68e1c8e59/sm/snapshot.2_0 took: 24 ms
2021-08-26 18:40:06,235 [b0d4646c-0fcd-42fc-b255-eb3c3c8c3636@group-D2D68E1C8E59-StateMachineUpdater] INFO  impl.StateMachineUpdater (StateMachineUpdater.java:takeSnapshot(281)) - b0d4646c-0fcd-42fc-b255-eb3c3c8c3636@group-D2D68E1C8E59-StateMachineUpdater: Took a snapshot at index 0
2021-08-26 18:40:06,235 [b0d4646c-0fcd-42fc-b255-eb3c3c8c3636@group-D2D68E1C8E59-StateMachineUpdater] INFO  impl.StateMachineUpdater (StateMachineUpdater.java:lambda$new$0(89)) - b0d4646c-0fcd-42fc-b255-eb3c3c8c3636@group-D2D68E1C8E59-StateMachineUpdater: snapshotIndex: updateIncreasingly -1 -> 0
2021-08-26 18:40:06,235 [Listener at 127.0.0.1/40319] INFO  server.RaftServer$Division (ServerState.java:close(419)) - b0d4646c-0fcd-42fc-b255-eb3c3c8c3636@group-D2D68E1C8E59: closes. applyIndex: 0
2021-08-26 18:40:06,235 [b0d4646c-0fcd-42fc-b255-eb3c3c8c3636@group-D2D68E1C8E59-SegmentedRaftLogWorker] INFO  segmented.SegmentedRaftLogWorker (SegmentedRaftLogWorker.java:run(327)) - b0d4646c-0fcd-42fc-b255-eb3c3c8c3636@group-D2D68E1C8E59-SegmentedRaftLogWorker was interrupted, exiting. There are 0 tasks remaining in the queue.
2021-08-26 18:40:06,236 [ForkJoinPool.commonPool-worker-0] INFO  impl.StateMachineUpdater (StateMachineUpdater.java:stopAndJoin(149)) - b0d4646c-0fcd-42fc-b255-eb3c3c8c3636@group-377879BF8640-StateMachineUpdater: set stopIndex = 10
2021-08-26 18:40:06,237 [b0d4646c-0fcd-42fc-b255-eb3c3c8c3636@group-377879BF8640-StateMachineUpdater] INFO  ratis.ContainerStateMachine (ContainerStateMachine.java:takeSnapshot(292)) - group-377879BF8640: Taking a snapshot at:(t:1, i:10) file /home/runner/work/ozone/ozone/hadoop-ozone/integration-test/target/test-dir/MiniOzoneClusterImpl-7287d2d4-454f-4da5-bbdc-7dc3b2fb158b/datanode-0/data/ratis/f60b2554-eed1-4952-8c74-377879bf8640/sm/snapshot.1_10
2021-08-26 18:40:06,237 [b0d4646c-0fcd-42fc-b255-eb3c3c8c3636@group-D2D68E1C8E59-FollowerState] INFO  impl.FollowerState (FollowerState.java:run(143)) - b0d4646c-0fcd-42fc-b255-eb3c3c8c3636@group-D2D68E1C8E59-FollowerState was interrupted: {}
java.lang.InterruptedException: sleep interrupted
	at java.lang.Thread.sleep(Native Method)
	at java.lang.Thread.sleep(Thread.java:340)
	at java.util.concurrent.TimeUnit.sleep(TimeUnit.java:386)
	at org.apache.ratis.util.TimeDuration.sleep(TimeDuration.java:324)
	at org.apache.ratis.util.TimeDuration.sleep(TimeDuration.java:309)
	at org.apache.ratis.server.impl.FollowerState.run(FollowerState.java:118)
2021-08-26 18:40:06,247 [Listener at 127.0.0.1/40319] INFO  segmented.SegmentedRaftLogWorker (SegmentedRaftLogWorker.java:close(237)) - b0d4646c-0fcd-42fc-b255-eb3c3c8c3636@group-D2D68E1C8E59-SegmentedRaftLogWorker close()
2021-08-26 18:40:06,254 [88d9c6ea-d0be-4004-8450-128776760c0b@group-0EE0E6A225EC-FollowerState] INFO  impl.FollowerState (FollowerState.java:run(134)) - 88d9c6ea-d0be-4004-8450-128776760c0b@group-0EE0E6A225EC-FollowerState: change to CANDIDATE, lastRpcElapsedTime:5047694808ns, electionTimeout:5017ms
2021-08-26 18:40:06,254 [88d9c6ea-d0be-4004-8450-128776760c0b@group-0EE0E6A225EC-FollowerState] INFO  impl.RoleInfo (RoleInfo.java:shutdownFollowerState(108)) - 88d9c6ea-d0be-4004-8450-128776760c0b: shutdown 88d9c6ea-d0be-4004-8450-128776760c0b@group-0EE0E6A225EC-FollowerState
2021-08-26 18:40:06,254 [88d9c6ea-d0be-4004-8450-128776760c0b@group-0EE0E6A225EC-FollowerState] INFO  server.RaftServer$Division (RaftServerImpl.java:setRole(285)) - 88d9c6ea-d0be-4004-8450-128776760c0b@group-0EE0E6A225EC: changes role from  FOLLOWER to CANDIDATE at term 1 for changeToCandidate
2021-08-26 18:40:06,254 [88d9c6ea-d0be-4004-8450-128776760c0b@group-0EE0E6A225EC-FollowerState] INFO  server.RaftServerConfigKeys (ConfUtils.java:logGet(44)) - raft.server.leaderelection.pre-vote = false (custom)
2021-08-26 18:40:06,254 [88d9c6ea-d0be-4004-8450-128776760c0b@group-0EE0E6A225EC-FollowerState] INFO  impl.RoleInfo (RoleInfo.java:updateAndGet(130)) - 88d9c6ea-d0be-4004-8450-128776760c0b: start 88d9c6ea-d0be-4004-8450-128776760c0b@group-0EE0E6A225EC-LeaderElection81
2021-08-26 18:40:06,265 [grpc-default-executor-0] INFO  server.RaftServer$Division (RaftServerImpl.java:requestVote(1075)) - 134e4cc8-3e2d-4572-98bc-d75f353c351b@group-5443D1AD4915 replies to ELECTION vote request: 88d9c6ea-d0be-4004-8450-128776760c0b<-134e4cc8-3e2d-4572-98bc-d75f353c351b#0:OK-t2. Peer's state: 134e4cc8-3e2d-4572-98bc-d75f353c351b@group-5443D1AD4915:t2, leader=null, voted=88d9c6ea-d0be-4004-8450-128776760c0b, raftlog=134e4cc8-3e2d-4572-98bc-d75f353c351b@group-5443D1AD4915-SegmentedRaftLog:OPENED:c-1,f-1,i0, conf=-1: [88d9c6ea-d0be-4004-8450-128776760c0b|rpc:10.1.0.63:32927|dataStream:|priority:1, 95edf07e-7fec-45a0-b357-ea2c9e88c813|rpc:10.1.0.63:34053|dataStream:|priority:0, 134e4cc8-3e2d-4572-98bc-d75f353c351b|rpc:10.1.0.63:40073|dataStream:|priority:0], old=null
2021-08-26 18:40:06,266 [b0d4646c-0fcd-42fc-b255-eb3c3c8c3636@group-377879BF8640-StateMachineUpdater] INFO  ratis.ContainerStateMachine (ContainerStateMachine.java:takeSnapshot(303)) - group-377879BF8640: Finished taking a snapshot at:(t:1, i:10) file:/home/runner/work/ozone/ozone/hadoop-ozone/integration-test/target/test-dir/MiniOzoneClusterImpl-7287d2d4-454f-4da5-bbdc-7dc3b2fb158b/datanode-0/data/ratis/f60b2554-eed1-4952-8c74-377879bf8640/sm/snapshot.1_10 took: 29 ms
2021-08-26 18:40:06,266 [b0d4646c-0fcd-42fc-b255-eb3c3c8c3636@group-377879BF8640-StateMachineUpdater] INFO  impl.StateMachineUpdater (StateMachineUpdater.java:takeSnapshot(281)) - b0d4646c-0fcd-42fc-b255-eb3c3c8c3636@group-377879BF8640-StateMachineUpdater: Took a snapshot at index 10
2021-08-26 18:40:06,266 [b0d4646c-0fcd-42fc-b255-eb3c3c8c3636@group-377879BF8640-StateMachineUpdater] INFO  impl.StateMachineUpdater (StateMachineUpdater.java:lambda$new$0(89)) - b0d4646c-0fcd-42fc-b255-eb3c3c8c3636@group-377879BF8640-StateMachineUpdater: snapshotIndex: updateIncreasingly -1 -> 10
2021-08-26 18:40:06,267 [ForkJoinPool.commonPool-worker-0] INFO  server.RaftServer$Division (ServerState.java:close(419)) - b0d4646c-0fcd-42fc-b255-eb3c3c8c3636@group-377879BF8640: closes. applyIndex: 10
2021-08-26 18:40:06,267 [b0d4646c-0fcd-42fc-b255-eb3c3c8c3636@group-377879BF8640-SegmentedRaftLogWorker] INFO  segmented.SegmentedRaftLogWorker (SegmentedRaftLogWorker.java:run(327)) - b0d4646c-0fcd-42fc-b255-eb3c3c8c3636@group-377879BF8640-SegmentedRaftLogWorker was interrupted, exiting. There are 0 tasks remaining in the queue.
2021-08-26 18:40:06,267 [grpc-default-executor-3] INFO  impl.VoteContext (VoteContext.java:log(48)) - 134e4cc8-3e2d-4572-98bc-d75f353c351b@group-5443D1AD4915-FOLLOWER: reject ELECTION from 95edf07e-7fec-45a0-b357-ea2c9e88c813: already has voted for 88d9c6ea-d0be-4004-8450-128776760c0b at current term 2
2021-08-26 18:40:06,267 [grpc-default-executor-3] INFO  server.RaftServer$Division (RaftServerImpl.java:requestVote(1075)) - 134e4cc8-3e2d-4572-98bc-d75f353c351b@group-5443D1AD4915 replies to ELECTION vote request: 95edf07e-7fec-45a0-b357-ea2c9e88c813<-134e4cc8-3e2d-4572-98bc-d75f353c351b#0:FAIL-t2. Peer's state: 134e4cc8-3e2d-4572-98bc-d75f353c351b@group-5443D1AD4915:t2, leader=null, voted=88d9c6ea-d0be-4004-8450-128776760c0b, raftlog=134e4cc8-3e2d-4572-98bc-d75f353c351b@group-5443D1AD4915-SegmentedRaftLog:OPENED:c-1,f-1,i0, conf=-1: [88d9c6ea-d0be-4004-8450-128776760c0b|rpc:10.1.0.63:32927|dataStream:|priority:1, 95edf07e-7fec-45a0-b357-ea2c9e88c813|rpc:10.1.0.63:34053|dataStream:|priority:0, 134e4cc8-3e2d-4572-98bc-d75f353c351b|rpc:10.1.0.63:40073|dataStream:|priority:0], old=null
2021-08-26 18:40:06,271 [88d9c6ea-d0be-4004-8450-128776760c0b@group-0EE0E6A225EC-LeaderElection81] INFO  impl.LeaderElection (LeaderElection.java:askForVotes(306)) - 88d9c6ea-d0be-4004-8450-128776760c0b@group-0EE0E6A225EC-LeaderElection81 ELECTION round 0: submit vote requests at term 2 for -1: [95edf07e-7fec-45a0-b357-ea2c9e88c813|rpc:10.1.0.63:34053|dataStream:|priority:0, 88d9c6ea-d0be-4004-8450-128776760c0b|rpc:10.1.0.63:32927|dataStream:|priority:0, 134e4cc8-3e2d-4572-98bc-d75f353c351b|rpc:10.1.0.63:40073|dataStream:|priority:1], old=null
2021-08-26 18:40:06,276 [grpc-default-executor-0] INFO  server.RaftServer$Division (RaftServerImpl.java:requestVote(1043)) - 95edf07e-7fec-45a0-b357-ea2c9e88c813@group-0EE0E6A225EC: receive requestVote(ELECTION, 88d9c6ea-d0be-4004-8450-128776760c0b, group-0EE0E6A225EC, 2, (t:0, i:0))
2021-08-26 18:40:06,276 [grpc-default-executor-0] INFO  impl.VoteContext (VoteContext.java:log(48)) - 95edf07e-7fec-45a0-b357-ea2c9e88c813@group-0EE0E6A225EC-FOLLOWER: accept ELECTION from 88d9c6ea-d0be-4004-8450-128776760c0b: our priority 0 <= candidate's priority 0
2021-08-26 18:40:06,276 [grpc-default-executor-0] INFO  server.RaftServer$Division (RaftServerImpl.java:setRole(285)) - 95edf07e-7fec-45a0-b357-ea2c9e88c813@group-0EE0E6A225EC: changes role from  FOLLOWER to FOLLOWER at term 2 for candidate:88d9c6ea-d0be-4004-8450-128776760c0b
2021-08-26 18:40:06,276 [grpc-default-executor-0] INFO  impl.RoleInfo (RoleInfo.java:shutdownFollowerState(108)) - 95edf07e-7fec-45a0-b357-ea2c9e88c813: shutdown 95edf07e-7fec-45a0-b357-ea2c9e88c813@group-0EE0E6A225EC-FollowerState
2021-08-26 18:40:06,280 [grpc-default-executor-3] INFO  server.RaftServer$Division (RaftServerImpl.java:requestVote(1043)) - 134e4cc8-3e2d-4572-98bc-d75f353c351b@group-0EE0E6A225EC: receive requestVote(ELECTION, 88d9c6ea-d0be-4004-8450-128776760c0b, group-0EE0E6A225EC, 2, (t:0, i:0))
2021-08-26 18:40:06,280 [grpc-default-executor-3] INFO  impl.VoteContext (VoteContext.java:log(48)) - 134e4cc8-3e2d-4572-98bc-d75f353c351b@group-0EE0E6A225EC-FOLLOWER: reject ELECTION from 88d9c6ea-d0be-4004-8450-128776760c0b: our priority 1 > candidate's priority 0
2021-08-26 18:40:06,280 [grpc-default-executor-3] INFO  server.RaftServer$Division (RaftServerImpl.java:setRole(285)) - 134e4cc8-3e2d-4572-98bc-d75f353c351b@group-0EE0E6A225EC: changes role from  FOLLOWER to FOLLOWER at term 2 for candidate:88d9c6ea-d0be-4004-8450-128776760c0b
2021-08-26 18:40:06,280 [grpc-default-executor-3] INFO  impl.RoleInfo (RoleInfo.java:shutdownFollowerState(108)) - 134e4cc8-3e2d-4572-98bc-d75f353c351b: shutdown 134e4cc8-3e2d-4572-98bc-d75f353c351b@group-0EE0E6A225EC-FollowerState
2021-08-26 18:40:06,280 [grpc-default-executor-3] INFO  impl.RoleInfo (RoleInfo.java:updateAndGet(130)) - 134e4cc8-3e2d-4572-98bc-d75f353c351b: start 134e4cc8-3e2d-4572-98bc-d75f353c351b@group-0EE0E6A225EC-FollowerState
2021-08-26 18:40:06,280 [134e4cc8-3e2d-4572-98bc-d75f353c351b@group-0EE0E6A225EC-FollowerState] INFO  impl.FollowerState (FollowerState.java:run(143)) - 134e4cc8-3e2d-4572-98bc-d75f353c351b@group-0EE0E6A225EC-FollowerState was interrupted: {}
java.lang.InterruptedException: sleep interrupted
	at java.lang.Thread.sleep(Native Method)
	at java.lang.Thread.sleep(Thread.java:340)
	at java.util.concurrent.TimeUnit.sleep(TimeUnit.java:386)
	at org.apache.ratis.util.TimeDuration.sleep(TimeDuration.java:324)
	at org.apache.ratis.util.TimeDuration.sleep(TimeDuration.java:309)
	at org.apache.ratis.server.impl.FollowerState.run(FollowerState.java:118)
2021-08-26 18:40:06,291 [88d9c6ea-d0be-4004-8450-128776760c0b@group-5443D1AD4915-LeaderElection79] INFO  impl.LeaderElection (LeaderElection.java:logAndReturn(89)) - 88d9c6ea-d0be-4004-8450-128776760c0b@group-5443D1AD4915-LeaderElection79: ELECTION PASSED received 2 response(s) and 0 exception(s):
2021-08-26 18:40:06,322 [88d9c6ea-d0be-4004-8450-128776760c0b@group-5443D1AD4915-LeaderElection79] INFO  impl.LeaderElection (LeaderElection.java:logAndReturn(93)) -   Response 0: 88d9c6ea-d0be-4004-8450-128776760c0b<-95edf07e-7fec-45a0-b357-ea2c9e88c813#0:FAIL-t2
2021-08-26 18:40:06,322 [88d9c6ea-d0be-4004-8450-128776760c0b@group-5443D1AD4915-LeaderElection79] INFO  impl.LeaderElection (LeaderElection.java:logAndReturn(93)) -   Response 1: 88d9c6ea-d0be-4004-8450-128776760c0b<-134e4cc8-3e2d-4572-98bc-d75f353c351b#0:OK-t2
2021-08-26 18:40:06,322 [88d9c6ea-d0be-4004-8450-128776760c0b@group-5443D1AD4915-LeaderElection79] INFO  impl.LeaderElection (LeaderElection.java:askForVotes(308)) - 88d9c6ea-d0be-4004-8450-128776760c0b@group-5443D1AD4915-LeaderElection79 ELECTION round 0: result PASSED
2021-08-26 18:40:06,322 [88d9c6ea-d0be-4004-8450-128776760c0b@group-5443D1AD4915-LeaderElection79] INFO  impl.RoleInfo (RoleInfo.java:shutdownLeaderElection(121)) - 88d9c6ea-d0be-4004-8450-128776760c0b: shutdown 88d9c6ea-d0be-4004-8450-128776760c0b@group-5443D1AD4915-LeaderElection79
2021-08-26 18:40:06,322 [88d9c6ea-d0be-4004-8450-128776760c0b@group-5443D1AD4915-LeaderElection79] INFO  server.RaftServer$Division (RaftServerImpl.java:setRole(285)) - 88d9c6ea-d0be-4004-8450-128776760c0b@group-5443D1AD4915: changes role from CANDIDATE to LEADER at term 2 for changeToLeader
2021-08-26 18:40:06,323 [88d9c6ea-d0be-4004-8450-128776760c0b@group-5443D1AD4915-LeaderElection79] INFO  ratis.XceiverServerRatis (XceiverServerRatis.java:handleLeaderChangedNotification(861)) - Leader change notification received for group: group-5443D1AD4915 with new leaderId: 88d9c6ea-d0be-4004-8450-128776760c0b
2021-08-26 18:40:06,323 [88d9c6ea-d0be-4004-8450-128776760c0b@group-5443D1AD4915-LeaderElection79] INFO  server.RaftServer$Division (ServerState.java:setLeader(285)) - 88d9c6ea-d0be-4004-8450-128776760c0b@group-5443D1AD4915: change Leader from null to 88d9c6ea-d0be-4004-8450-128776760c0b at term 2 for becomeLeader, leader elected after 10422ms
2021-08-26 18:40:06,291 [ForkJoinPool.commonPool-worker-0] INFO  segmented.SegmentedRaftLogWorker (SegmentedRaftLogWorker.java:close(237)) - b0d4646c-0fcd-42fc-b255-eb3c3c8c3636@group-377879BF8640-SegmentedRaftLogWorker close()
2021-08-26 18:40:06,291 [95edf07e-7fec-45a0-b357-ea2c9e88c813@group-0EE0E6A225EC-FollowerState] INFO  impl.FollowerState (FollowerState.java:run(143)) - 95edf07e-7fec-45a0-b357-ea2c9e88c813@group-0EE0E6A225EC-FollowerState was interrupted: {}
java.lang.InterruptedException: sleep interrupted
	at java.lang.Thread.sleep(Native Method)
	at java.lang.Thread.sleep(Thread.java:340)
	at java.util.concurrent.TimeUnit.sleep(TimeUnit.java:386)
	at org.apache.ratis.util.TimeDuration.sleep(TimeDuration.java:324)
	at org.apache.ratis.util.TimeDuration.sleep(TimeDuration.java:309)
	at org.apache.ratis.server.impl.FollowerState.run(FollowerState.java:118)
2021-08-26 18:40:06,291 [grpc-default-executor-0] INFO  impl.RoleInfo (RoleInfo.java:updateAndGet(130)) - 95edf07e-7fec-45a0-b357-ea2c9e88c813: start 95edf07e-7fec-45a0-b357-ea2c9e88c813@group-0EE0E6A225EC-FollowerState
2021-08-26 18:40:06,323 [88d9c6ea-d0be-4004-8450-128776760c0b@group-5443D1AD4915-LeaderElection79] INFO  server.RaftServerConfigKeys (ConfUtils.java:logGet(44)) - raft.server.staging.catchup.gap = 1000 (default)
2021-08-26 18:40:06,323 [Datanode State Machine Thread - 0] WARN  statemachine.StateContext (StateContext.java:execute(621)) - No available thread in pool for past 1 seconds.
2021-08-26 18:40:06,322 [grpc-default-executor-3] INFO  server.RaftServer$Division (RaftServerImpl.java:requestVote(1075)) - 134e4cc8-3e2d-4572-98bc-d75f353c351b@group-0EE0E6A225EC replies to ELECTION vote request: 88d9c6ea-d0be-4004-8450-128776760c0b<-134e4cc8-3e2d-4572-98bc-d75f353c351b#0:FAIL-t2. Peer's state: 134e4cc8-3e2d-4572-98bc-d75f353c351b@group-0EE0E6A225EC:t2, leader=null, voted=null, raftlog=134e4cc8-3e2d-4572-98bc-d75f353c351b@group-0EE0E6A225EC-SegmentedRaftLog:OPENED:c-1,f-1,i0, conf=-1: [95edf07e-7fec-45a0-b357-ea2c9e88c813|rpc:10.1.0.63:34053|dataStream:|priority:0, 88d9c6ea-d0be-4004-8450-128776760c0b|rpc:10.1.0.63:32927|dataStream:|priority:0, 134e4cc8-3e2d-4572-98bc-d75f353c351b|rpc:10.1.0.63:40073|dataStream:|priority:1], old=null
2021-08-26 18:40:06,324 [EventQueue-PipelineReportForPipelineReportHandler] INFO  pipeline.PipelineManagerImpl (PipelineManagerImpl.java:openPipeline(282)) - Pipeline Pipeline[ Id: 216adb88-0bda-436d-9886-5443d1ad4915, Nodes: 134e4cc8-3e2d-4572-98bc-d75f353c351b{ip: 10.1.0.63, host: fv-az184-233.3ow45vhwbzuu5incsxmygykede.cx.internal.cloudapp.net, ports: [REPLICATION=33211, RATIS=40073, RATIS_ADMIN=40073, RATIS_SERVER=40073, STANDALONE=44329], networkLocation: /default-rack, certSerialId: null, persistedOpState: IN_SERVICE, persistedOpStateExpiryEpochSec: 0}88d9c6ea-d0be-4004-8450-128776760c0b{ip: 10.1.0.63, host: fv-az184-233.3ow45vhwbzuu5incsxmygykede.cx.internal.cloudapp.net, ports: [REPLICATION=45503, RATIS=32927, RATIS_ADMIN=32927, RATIS_SERVER=32927, STANDALONE=46325], networkLocation: /default-rack, certSerialId: null, persistedOpState: IN_SERVICE, persistedOpStateExpiryEpochSec: 0}95edf07e-7fec-45a0-b357-ea2c9e88c813{ip: 10.1.0.63, host: fv-az184-233.3ow45vhwbzuu5incsxmygykede.cx.internal.cloudapp.net, ports: [REPLICATION=44839, RATIS=34053, RATIS_ADMIN=34053, RATIS_SERVER=34053, STANDALONE=33691], networkLocation: /default-rack, certSerialId: null, persistedOpState: IN_SERVICE, persistedOpStateExpiryEpochSec: 0}, ReplicationConfig: RATIS/THREE, State:ALLOCATED, leaderId:88d9c6ea-d0be-4004-8450-128776760c0b, CreationTimestamp2021-08-26T18:39:53.739Z[Etc/UTC]] moved to OPEN state
2021-08-26 18:40:06,343 [88d9c6ea-d0be-4004-8450-128776760c0b@group-5443D1AD4915-LeaderElection79] INFO  server.RaftServerConfigKeys (ConfUtils.java:logGet(44)) - raft.server.write.element-limit = 1024 (custom)
2021-08-26 18:40:06,343 [88d9c6ea-d0be-4004-8450-128776760c0b@group-5443D1AD4915-LeaderElection79] INFO  server.RaftServerConfigKeys (ConfUtils.java:logGet(44)) - raft.server.write.byte-limit = 1024 M (=1073741824) (custom)
2021-08-26 18:40:06,344 [88d9c6ea-d0be-4004-8450-128776760c0b@group-5443D1AD4915-LeaderElection79] INFO  server.RaftServerConfigKeys (ConfUtils.java:logGet(44)) - raft.server.watch.timeout = 3000ms (custom)
2021-08-26 18:40:06,344 [88d9c6ea-d0be-4004-8450-128776760c0b@group-5443D1AD4915-LeaderElection79] INFO  server.RaftServerConfigKeys (ConfUtils.java:logGet(44)) - raft.server.watch.timeout.denomination = 1s (default)
2021-08-26 18:40:06,344 [88d9c6ea-d0be-4004-8450-128776760c0b@group-5443D1AD4915-LeaderElection79] INFO  server.RaftServerConfigKeys (ConfUtils.java:logGet(44)) - raft.server.watch.element-limit = 65536 (default)
2021-08-26 18:40:06,344 [88d9c6ea-d0be-4004-8450-128776760c0b@group-5443D1AD4915-LeaderElection79] INFO  server.RaftServerConfigKeys (ConfUtils.java:logGet(44)) - raft.server.log.appender.snapshot.chunk.size.max = 16MB (=16777216) (default)
2021-08-26 18:40:06,344 [88d9c6ea-d0be-4004-8450-128776760c0b@group-5443D1AD4915-LeaderElection79] INFO  server.RaftServerConfigKeys (ConfUtils.java:logGet(44)) - raft.server.log.appender.buffer.byte-limit = 33554432 (custom)
2021-08-26 18:40:06,344 [88d9c6ea-d0be-4004-8450-128776760c0b@group-5443D1AD4915-LeaderElection79] INFO  server.RaftServerConfigKeys (ConfUtils.java:logGet(44)) - raft.server.log.appender.buffer.element-limit = 1 (custom)
2021-08-26 18:40:06,346 [88d9c6ea-d0be-4004-8450-128776760c0b@group-5443D1AD4915-LeaderElection79] INFO  grpc.GrpcConfigKeys (ConfUtils.java:logGet(44)) - raft.grpc.server.leader.outstanding.appends.max = 128 (default)
2021-08-26 18:40:06,347 [88d9c6ea-d0be-4004-8450-128776760c0b@group-5443D1AD4915-LeaderElection79] INFO  server.RaftServerConfigKeys (ConfUtils.java:logGet(44)) - raft.server.rpc.request.timeout = 3000ms (default)
2021-08-26 18:40:06,347 [88d9c6ea-d0be-4004-8450-128776760c0b@group-5443D1AD4915-LeaderElection79] INFO  server.RaftServerConfigKeys (ConfUtils.java:logGet(44)) - raft.server.log.appender.install.snapshot.enabled = false (custom)
2021-08-26 18:40:06,347 [88d9c6ea-d0be-4004-8450-128776760c0b@group-0EE0E6A225EC-LeaderElection81] INFO  impl.LeaderElection (LeaderElection.java:logAndReturn(89)) - 88d9c6ea-d0be-4004-8450-128776760c0b@group-0EE0E6A225EC-LeaderElection81: ELECTION REJECTED received 1 response(s) and 0 exception(s):
2021-08-26 18:40:06,347 [88d9c6ea-d0be-4004-8450-128776760c0b@group-0EE0E6A225EC-LeaderElection81] INFO  impl.LeaderElection (LeaderElection.java:logAndReturn(93)) -   Response 0: 88d9c6ea-d0be-4004-8450-128776760c0b<-134e4cc8-3e2d-4572-98bc-d75f353c351b#0:FAIL-t2
2021-08-26 18:40:06,347 [88d9c6ea-d0be-4004-8450-128776760c0b@group-0EE0E6A225EC-LeaderElection81] INFO  impl.LeaderElection (LeaderElection.java:askForVotes(308)) - 88d9c6ea-d0be-4004-8450-128776760c0b@group-0EE0E6A225EC-LeaderElection81 ELECTION round 0: result REJECTED
2021-08-26 18:40:06,347 [88d9c6ea-d0be-4004-8450-128776760c0b@group-0EE0E6A225EC-LeaderElection81] INFO  server.RaftServer$Division (RaftServerImpl.java:setRole(285)) - 88d9c6ea-d0be-4004-8450-128776760c0b@group-0EE0E6A225EC: changes role from CANDIDATE to FOLLOWER at term 2 for REJECTED
2021-08-26 18:40:06,347 [88d9c6ea-d0be-4004-8450-128776760c0b@group-0EE0E6A225EC-LeaderElection81] INFO  impl.RoleInfo (RoleInfo.java:shutdownLeaderElection(121)) - 88d9c6ea-d0be-4004-8450-128776760c0b: shutdown 88d9c6ea-d0be-4004-8450-128776760c0b@group-0EE0E6A225EC-LeaderElection81
2021-08-26 18:40:06,347 [88d9c6ea-d0be-4004-8450-128776760c0b@group-0EE0E6A225EC-LeaderElection81] INFO  impl.RoleInfo (RoleInfo.java:updateAndGet(130)) - 88d9c6ea-d0be-4004-8450-128776760c0b: start 88d9c6ea-d0be-4004-8450-128776760c0b@group-0EE0E6A225EC-FollowerState
2021-08-26 18:40:06,348 [88d9c6ea-d0be-4004-8450-128776760c0b@group-5443D1AD4915-LeaderElection79] INFO  server.RaftServerConfigKeys (ConfUtils.java:logGet(44)) - raft.server.log.appender.snapshot.chunk.size.max = 16MB (=16777216) (default)
2021-08-26 18:40:06,348 [88d9c6ea-d0be-4004-8450-128776760c0b@group-5443D1AD4915-LeaderElection79] INFO  server.RaftServerConfigKeys (ConfUtils.java:logGet(44)) - raft.server.log.appender.buffer.byte-limit = 33554432 (custom)
2021-08-26 18:40:06,348 [88d9c6ea-d0be-4004-8450-128776760c0b@group-5443D1AD4915-LeaderElection79] INFO  server.RaftServerConfigKeys (ConfUtils.java:logGet(44)) - raft.server.log.appender.buffer.element-limit = 1 (custom)
2021-08-26 18:40:06,346 [grpc-default-executor-0] INFO  server.RaftServer$Division (RaftServerImpl.java:requestVote(1075)) - 95edf07e-7fec-45a0-b357-ea2c9e88c813@group-0EE0E6A225EC replies to ELECTION vote request: 88d9c6ea-d0be-4004-8450-128776760c0b<-95edf07e-7fec-45a0-b357-ea2c9e88c813#0:OK-t2. Peer's state: 95edf07e-7fec-45a0-b357-ea2c9e88c813@group-0EE0E6A225EC:t2, leader=null, voted=88d9c6ea-d0be-4004-8450-128776760c0b, raftlog=95edf07e-7fec-45a0-b357-ea2c9e88c813@group-0EE0E6A225EC-SegmentedRaftLog:OPENED:c-1,f-1,i0, conf=-1: [95edf07e-7fec-45a0-b357-ea2c9e88c813|rpc:10.1.0.63:34053|priority:0, 88d9c6ea-d0be-4004-8450-128776760c0b|rpc:10.1.0.63:32927|priority:0, 134e4cc8-3e2d-4572-98bc-d75f353c351b|rpc:10.1.0.63:40073|priority:1], old=null
2021-08-26 18:40:06,384 [Listener at 127.0.0.1/40319] INFO  server.GrpcService (GrpcService.java:closeImpl(262)) - b0d4646c-0fcd-42fc-b255-eb3c3c8c3636: shutdown server with port 45237 now
2021-08-26 18:40:06,384 [88d9c6ea-d0be-4004-8450-128776760c0b@group-5443D1AD4915-LeaderElection79] INFO  grpc.GrpcConfigKeys (ConfUtils.java:logGet(44)) - raft.grpc.server.leader.outstanding.appends.max = 128 (default)
2021-08-26 18:40:06,384 [88d9c6ea-d0be-4004-8450-128776760c0b@group-5443D1AD4915-LeaderElection79] INFO  server.RaftServerConfigKeys (ConfUtils.java:logGet(44)) - raft.server.rpc.request.timeout = 3000ms (default)
2021-08-26 18:40:06,384 [88d9c6ea-d0be-4004-8450-128776760c0b@group-5443D1AD4915-LeaderElection79] INFO  server.RaftServerConfigKeys (ConfUtils.java:logGet(44)) - raft.server.log.appender.install.snapshot.enabled = false (custom)
2021-08-26 18:40:06,385 [88d9c6ea-d0be-4004-8450-128776760c0b@group-5443D1AD4915-LeaderElection79] INFO  impl.RoleInfo (RoleInfo.java:updateAndGet(130)) - 88d9c6ea-d0be-4004-8450-128776760c0b: start 88d9c6ea-d0be-4004-8450-128776760c0b@group-5443D1AD4915-LeaderStateImpl
2021-08-26 18:40:06,385 [88d9c6ea-d0be-4004-8450-128776760c0b@group-5443D1AD4915-LeaderElection79] INFO  segmented.SegmentedRaftLogWorker (SegmentedRaftLogWorker.java:startLogSegment(394)) - 88d9c6ea-d0be-4004-8450-128776760c0b@group-5443D1AD4915-SegmentedRaftLogWorker: Starting segment from index:0
2021-08-26 18:40:06,388 [grpc-default-executor-3] INFO  ratis.XceiverServerRatis (XceiverServerRatis.java:handleLeaderChangedNotification(861)) - Leader change notification received for group: group-5443D1AD4915 with new leaderId: 88d9c6ea-d0be-4004-8450-128776760c0b
2021-08-26 18:40:06,388 [grpc-default-executor-3] INFO  server.RaftServer$Division (ServerState.java:setLeader(285)) - 95edf07e-7fec-45a0-b357-ea2c9e88c813@group-5443D1AD4915: change Leader from null to 88d9c6ea-d0be-4004-8450-128776760c0b at term 2 for appendEntries, leader elected after 10824ms
2021-08-26 18:40:06,390 [88d9c6ea-d0be-4004-8450-128776760c0b@group-5443D1AD4915-SegmentedRaftLogWorker] INFO  segmented.SegmentedRaftLogWorker (SegmentedRaftLogWorker.java:execute(601)) - 88d9c6ea-d0be-4004-8450-128776760c0b@group-5443D1AD4915-SegmentedRaftLogWorker: created new log segment /home/runner/work/ozone/ozone/hadoop-ozone/integration-test/target/test-dir/MiniOzoneClusterImpl-7287d2d4-454f-4da5-bbdc-7dc3b2fb158b/datanode-4/data/ratis/216adb88-0bda-436d-9886-5443d1ad4915/current/log_inprogress_0
2021-08-26 18:40:06,392 [grpc-default-executor-0] INFO  ratis.XceiverServerRatis (XceiverServerRatis.java:handleLeaderChangedNotification(861)) - Leader change notification received for group: group-5443D1AD4915 with new leaderId: 88d9c6ea-d0be-4004-8450-128776760c0b
2021-08-26 18:40:06,392 [grpc-default-executor-0] INFO  server.RaftServer$Division (ServerState.java:setLeader(285)) - 134e4cc8-3e2d-4572-98bc-d75f353c351b@group-5443D1AD4915: change Leader from null to 88d9c6ea-d0be-4004-8450-128776760c0b at term 2 for appendEntries, leader elected after 10704ms
2021-08-26 18:40:06,454 [grpc-default-executor-3] INFO  server.RaftServer$Division (ServerState.java:setRaftConf(387)) - 95edf07e-7fec-45a0-b357-ea2c9e88c813@group-5443D1AD4915: set configuration 0: [88d9c6ea-d0be-4004-8450-128776760c0b|rpc:10.1.0.63:32927|dataStream:|priority:1, 95edf07e-7fec-45a0-b357-ea2c9e88c813|rpc:10.1.0.63:34053|dataStream:|priority:0, 134e4cc8-3e2d-4572-98bc-d75f353c351b|rpc:10.1.0.63:40073|dataStream:|priority:0], old=null
2021-08-26 18:40:06,454 [grpc-default-executor-3] INFO  segmented.SegmentedRaftLogWorker (SegmentedRaftLogWorker.java:startLogSegment(394)) - 95edf07e-7fec-45a0-b357-ea2c9e88c813@group-5443D1AD4915-SegmentedRaftLogWorker: Starting segment from index:0
2021-08-26 18:40:06,455 [88d9c6ea-d0be-4004-8450-128776760c0b@group-5443D1AD4915-LeaderElection79] INFO  server.RaftServer$Division (ServerState.java:setRaftConf(387)) - 88d9c6ea-d0be-4004-8450-128776760c0b@group-5443D1AD4915: set configuration 0: [88d9c6ea-d0be-4004-8450-128776760c0b|rpc:10.1.0.63:32927|dataStream:|priority:1, 95edf07e-7fec-45a0-b357-ea2c9e88c813|rpc:10.1.0.63:34053|dataStream:|priority:0, 134e4cc8-3e2d-4572-98bc-d75f353c351b|rpc:10.1.0.63:40073|dataStream:|priority:0], old=null
2021-08-26 18:40:06,455 [grpc-default-executor-2] WARN  server.GrpcLogAppender (LogUtils.java:warn(122)) - 87f05fb4-46b8-4bb5-a197-7bc4b26914eb@group-D2D68E1C8E59->b0d4646c-0fcd-42fc-b255-eb3c3c8c3636-AppendLogResponseHandler: Failed appendEntries: org.apache.ratis.thirdparty.io.grpc.StatusRuntimeException: CANCELLED: HTTP/2 error code: CANCEL
Received Rst Stream
2021-08-26 18:40:06,455 [grpc-default-executor-0] INFO  server.RaftServer$Division (ServerState.java:setRaftConf(387)) - 134e4cc8-3e2d-4572-98bc-d75f353c351b@group-5443D1AD4915: set configuration 0: [88d9c6ea-d0be-4004-8450-128776760c0b|rpc:10.1.0.63:32927|dataStream:|priority:1, 95edf07e-7fec-45a0-b357-ea2c9e88c813|rpc:10.1.0.63:34053|dataStream:|priority:0, 134e4cc8-3e2d-4572-98bc-d75f353c351b|rpc:10.1.0.63:40073|dataStream:|priority:0], old=null
2021-08-26 18:40:06,459 [grpc-default-executor-4] WARN  server.GrpcServerProtocolService (LogUtils.java:warn(122)) - b0d4646c-0fcd-42fc-b255-eb3c3c8c3636: installSnapshot onError, lastRequest: 87f05fb4-46b8-4bb5-a197-7bc4b26914eb->b0d4646c-0fcd-42fc-b255-eb3c3c8c3636#1-t2,previous=(t:0, i:0),leaderCommit=0,initializing? true,entries: size=1, first=(t:2, i:0), CONFIGURATIONENTRY: org.apache.ratis.thirdparty.io.grpc.StatusRuntimeException: CANCELLED: client cancelled
2021-08-26 18:40:06,464 [grpc-default-executor-2] WARN  server.GrpcLogAppender (GrpcLogAppender.java:resetClient(111)) - 87f05fb4-46b8-4bb5-a197-7bc4b26914eb@group-D2D68E1C8E59->b0d4646c-0fcd-42fc-b255-eb3c3c8c3636-GrpcLogAppender: Leader has not got in touch with Follower 87f05fb4-46b8-4bb5-a197-7bc4b26914eb@group-D2D68E1C8E59->b0d4646c-0fcd-42fc-b255-eb3c3c8c3636(c0,m0,n1, attendVote=true, lastRpcSendTime=2186, lastRpcResponseTime=2121) yet, just keep nextIndex unchanged and retry.
2021-08-26 18:40:06,465 [grpc-default-executor-0] INFO  segmented.SegmentedRaftLogWorker (SegmentedRaftLogWorker.java:startLogSegment(394)) - 134e4cc8-3e2d-4572-98bc-d75f353c351b@group-5443D1AD4915-SegmentedRaftLogWorker: Starting segment from index:0
2021-08-26 18:40:06,470 [134e4cc8-3e2d-4572-98bc-d75f353c351b@group-5443D1AD4915-SegmentedRaftLogWorker] INFO  segmented.SegmentedRaftLogWorker (SegmentedRaftLogWorker.java:execute(601)) - 134e4cc8-3e2d-4572-98bc-d75f353c351b@group-5443D1AD4915-SegmentedRaftLogWorker: created new log segment /home/runner/work/ozone/ozone/hadoop-ozone/integration-test/target/test-dir/MiniOzoneClusterImpl-7287d2d4-454f-4da5-bbdc-7dc3b2fb158b/datanode-5/data/ratis/216adb88-0bda-436d-9886-5443d1ad4915/current/log_inprogress_0
2021-08-26 18:40:06,471 [95edf07e-7fec-45a0-b357-ea2c9e88c813@group-5443D1AD4915-SegmentedRaftLogWorker] INFO  segmented.SegmentedRaftLogWorker (SegmentedRaftLogWorker.java:execute(601)) - 95edf07e-7fec-45a0-b357-ea2c9e88c813@group-5443D1AD4915-SegmentedRaftLogWorker: created new log segment /home/runner/work/ozone/ozone/hadoop-ozone/integration-test/target/test-dir/MiniOzoneClusterImpl-7287d2d4-454f-4da5-bbdc-7dc3b2fb158b/datanode-3/data/ratis/216adb88-0bda-436d-9886-5443d1ad4915/current/log_inprogress_0
2021-08-26 18:40:06,525 [Listener at 127.0.0.1/40319] INFO  server.GrpcService (GrpcService.java:closeImpl(271)) - b0d4646c-0fcd-42fc-b255-eb3c3c8c3636: shutdown server with port 45237 successfully
2021-08-26 18:40:06,525 [org.apache.ratis.util.JvmPauseMonitor$$Lambda$531/1778678572@1484a73] INFO  util.JvmPauseMonitor (JvmPauseMonitor.java:run(109)) - JvmPauseMonitor-b0d4646c-0fcd-42fc-b255-eb3c3c8c3636: Stopped
2021-08-26 18:40:06,526 [Listener at 127.0.0.1/40319] INFO  utils.BackgroundService (BackgroundService.java:shutdown(132)) - Shutting down service BlockDeletingService
2021-08-26 18:40:06,871 [grpc-default-executor-0] WARN  server.GrpcLogAppender (LogUtils.java:warn(122)) - 87f05fb4-46b8-4bb5-a197-7bc4b26914eb@group-D2D68E1C8E59->b0d4646c-0fcd-42fc-b255-eb3c3c8c3636-AppendLogResponseHandler: Failed appendEntries: org.apache.ratis.thirdparty.io.grpc.StatusRuntimeException: UNAVAILABLE: io exception
2021-08-26 18:40:06,872 [grpc-default-executor-0] WARN  server.GrpcLogAppender (GrpcLogAppender.java:resetClient(111)) - 87f05fb4-46b8-4bb5-a197-7bc4b26914eb@group-D2D68E1C8E59->b0d4646c-0fcd-42fc-b255-eb3c3c8c3636-GrpcLogAppender: Leader has not got in touch with Follower 87f05fb4-46b8-4bb5-a197-7bc4b26914eb@group-D2D68E1C8E59->b0d4646c-0fcd-42fc-b255-eb3c3c8c3636(c0,m0,n1, attendVote=true, lastRpcSendTime=2593, lastRpcResponseTime=2528) yet, just keep nextIndex unchanged and retry.
2021-08-26 18:40:09,373 [grpc-default-executor-0] WARN  server.GrpcLogAppender (LogUtils.java:warn(122)) - 87f05fb4-46b8-4bb5-a197-7bc4b26914eb@group-D2D68E1C8E59->b0d4646c-0fcd-42fc-b255-eb3c3c8c3636-AppendLogResponseHandler: Failed appendEntries: org.apache.ratis.thirdparty.io.grpc.StatusRuntimeException: UNAVAILABLE: io exception
2021-08-26 18:40:09,374 [grpc-default-executor-0] WARN  server.GrpcLogAppender (GrpcLogAppender.java:resetClient(111)) - 87f05fb4-46b8-4bb5-a197-7bc4b26914eb@group-D2D68E1C8E59->b0d4646c-0fcd-42fc-b255-eb3c3c8c3636-GrpcLogAppender: Leader has not got in touch with Follower 87f05fb4-46b8-4bb5-a197-7bc4b26914eb@group-D2D68E1C8E59->b0d4646c-0fcd-42fc-b255-eb3c3c8c3636(c0,m0,n1, attendVote=true, lastRpcSendTime=2500, lastRpcResponseTime=5030) yet, just keep nextIndex unchanged and retry.
2021-08-26 18:40:09,529 [Listener at 127.0.0.1/40319] INFO  statemachine.DatanodeStateMachine (DatanodeStateMachine.java:stopDaemon(515)) - Ozone container server stopped.
2021-08-26 18:40:09,529 [Listener at 127.0.0.1/40319] INFO  handler.ContextHandler (ContextHandler.java:doStop(1153)) - Stopped o.e.j.w.WebAppContext@5ea242{hddsDatanode,/,null,STOPPED}{jar:file:/home/runner/.m2/repository/org/apache/ozone/hdds-container-service/1.2.0-SNAPSHOT/hdds-container-service-1.2.0-SNAPSHOT.jar!/webapps/hddsDatanode}
2021-08-26 18:40:09,531 [Listener at 127.0.0.1/40319] INFO  server.AbstractConnector (AbstractConnector.java:doStop(381)) - Stopped ServerConnector@897500d{HTTP/1.1, (http/1.1)}{0.0.0.0:0}
2021-08-26 18:40:09,531 [Listener at 127.0.0.1/40319] INFO  server.session (HouseKeeper.java:stopScavenging(149)) - node0 Stopped scavenging
2021-08-26 18:40:09,531 [Listener at 127.0.0.1/40319] INFO  handler.ContextHandler (ContextHandler.java:doStop(1153)) - Stopped o.e.j.s.ServletContextHandler@4f79d008{static,/static,jar:file:/home/runner/.m2/repository/org/apache/ozone/hdds-container-service/1.2.0-SNAPSHOT/hdds-container-service-1.2.0-SNAPSHOT.jar!/webapps/static,STOPPED}
2021-08-26 18:40:09,531 [Listener at 127.0.0.1/40319] INFO  handler.ContextHandler (ContextHandler.java:doStop(1153)) - Stopped o.e.j.s.ServletContextHandler@4084235e{logs,/logs,file:///home/runner/work/ozone/ozone/hadoop-ozone/integration-test/target/log,STOPPED}
2021-08-26 18:40:09,711 [87f05fb4-46b8-4bb5-a197-7bc4b26914eb@group-D6CBFFE24189-FollowerState] INFO  impl.FollowerState (FollowerState.java:run(134)) - 87f05fb4-46b8-4bb5-a197-7bc4b26914eb@group-D6CBFFE24189-FollowerState: change to CANDIDATE, lastRpcElapsedTime:5219885718ns, electionTimeout:5142ms
2021-08-26 18:40:09,711 [87f05fb4-46b8-4bb5-a197-7bc4b26914eb@group-D6CBFFE24189-FollowerState] INFO  impl.RoleInfo (RoleInfo.java:shutdownFollowerState(108)) - 87f05fb4-46b8-4bb5-a197-7bc4b26914eb: shutdown 87f05fb4-46b8-4bb5-a197-7bc4b26914eb@group-D6CBFFE24189-FollowerState
2021-08-26 18:40:09,711 [87f05fb4-46b8-4bb5-a197-7bc4b26914eb@group-D6CBFFE24189-FollowerState] INFO  server.RaftServer$Division (RaftServerImpl.java:setRole(285)) - 87f05fb4-46b8-4bb5-a197-7bc4b26914eb@group-D6CBFFE24189: changes role from  FOLLOWER to CANDIDATE at term 1 for changeToCandidate
2021-08-26 18:40:09,711 [87f05fb4-46b8-4bb5-a197-7bc4b26914eb@group-D6CBFFE24189-FollowerState] INFO  server.RaftServerConfigKeys (ConfUtils.java:logGet(44)) - raft.server.leaderelection.pre-vote = false (custom)
2021-08-26 18:40:09,711 [87f05fb4-46b8-4bb5-a197-7bc4b26914eb@group-D6CBFFE24189-FollowerState] INFO  impl.RoleInfo (RoleInfo.java:updateAndGet(130)) - 87f05fb4-46b8-4bb5-a197-7bc4b26914eb: start 87f05fb4-46b8-4bb5-a197-7bc4b26914eb@group-D6CBFFE24189-LeaderElection82
2021-08-26 18:40:09,727 [87f05fb4-46b8-4bb5-a197-7bc4b26914eb@group-D6CBFFE24189-LeaderElection82] INFO  server.RaftServer$Division (ServerState.java:setLeader(285)) - 87f05fb4-46b8-4bb5-a197-7bc4b26914eb@group-D6CBFFE24189: change Leader from b0d4646c-0fcd-42fc-b255-eb3c3c8c3636 to null at term 1 for ELECTION
2021-08-26 18:40:09,760 [87f05fb4-46b8-4bb5-a197-7bc4b26914eb@group-D6CBFFE24189-LeaderElection82] INFO  impl.LeaderElection (LeaderElection.java:askForVotes(306)) - 87f05fb4-46b8-4bb5-a197-7bc4b26914eb@group-D6CBFFE24189-LeaderElection82 ELECTION round 0: submit vote requests at term 2 for 0: [feac8f5a-1b39-4e45-882b-39b2a71e70b7|rpc:10.1.0.63:43083|dataStream:|priority:0, 87f05fb4-46b8-4bb5-a197-7bc4b26914eb|rpc:10.1.0.63:44187|dataStream:|priority:0, b0d4646c-0fcd-42fc-b255-eb3c3c8c3636|rpc:10.1.0.63:45237|dataStream:|priority:1], old=null
2021-08-26 18:40:09,800 [grpc-default-executor-0] INFO  server.RaftServer$Division (RaftServerImpl.java:requestVote(1043)) - feac8f5a-1b39-4e45-882b-39b2a71e70b7@group-D6CBFFE24189: receive requestVote(ELECTION, 87f05fb4-46b8-4bb5-a197-7bc4b26914eb, group-D6CBFFE24189, 2, (t:1, i:0))
2021-08-26 18:40:09,800 [grpc-default-executor-0] INFO  impl.VoteContext (VoteContext.java:log(48)) - feac8f5a-1b39-4e45-882b-39b2a71e70b7@group-D6CBFFE24189-FOLLOWER: accept ELECTION from 87f05fb4-46b8-4bb5-a197-7bc4b26914eb: our priority 0 <= candidate's priority 0
2021-08-26 18:40:09,800 [grpc-default-executor-0] INFO  server.RaftServer$Division (ServerState.java:setLeader(285)) - feac8f5a-1b39-4e45-882b-39b2a71e70b7@group-D6CBFFE24189: change Leader from b0d4646c-0fcd-42fc-b255-eb3c3c8c3636 to null at term 2 for updateCurrentTerm
2021-08-26 18:40:09,800 [grpc-default-executor-0] INFO  server.RaftServer$Division (RaftServerImpl.java:setRole(285)) - feac8f5a-1b39-4e45-882b-39b2a71e70b7@group-D6CBFFE24189: changes role from  FOLLOWER to FOLLOWER at term 2 for candidate:87f05fb4-46b8-4bb5-a197-7bc4b26914eb
2021-08-26 18:40:09,800 [grpc-default-executor-0] INFO  impl.RoleInfo (RoleInfo.java:shutdownFollowerState(108)) - feac8f5a-1b39-4e45-882b-39b2a71e70b7: shutdown feac8f5a-1b39-4e45-882b-39b2a71e70b7@group-D6CBFFE24189-FollowerState
2021-08-26 18:40:09,804 [grpc-default-executor-0] INFO  impl.RoleInfo (RoleInfo.java:updateAndGet(130)) - feac8f5a-1b39-4e45-882b-39b2a71e70b7: start feac8f5a-1b39-4e45-882b-39b2a71e70b7@group-D6CBFFE24189-FollowerState
2021-08-26 18:40:09,804 [feac8f5a-1b39-4e45-882b-39b2a71e70b7@group-D6CBFFE24189-FollowerState] INFO  impl.FollowerState (FollowerState.java:run(143)) - feac8f5a-1b39-4e45-882b-39b2a71e70b7@group-D6CBFFE24189-FollowerState was interrupted: {}
java.lang.InterruptedException: sleep interrupted
	at java.lang.Thread.sleep(Native Method)
	at java.lang.Thread.sleep(Thread.java:340)
	at java.util.concurrent.TimeUnit.sleep(TimeUnit.java:386)
	at org.apache.ratis.util.TimeDuration.sleep(TimeDuration.java:324)
	at org.apache.ratis.util.TimeDuration.sleep(TimeDuration.java:309)
	at org.apache.ratis.server.impl.FollowerState.run(FollowerState.java:118)
2021-08-26 18:40:09,837 [87f05fb4-46b8-4bb5-a197-7bc4b26914eb@group-D6CBFFE24189-LeaderElection82] INFO  impl.LeaderElection (LogUtils.java:infoOrTrace(137)) - 87f05fb4-46b8-4bb5-a197-7bc4b26914eb@group-D6CBFFE24189-LeaderElection82 got exception when requesting votes: java.util.concurrent.ExecutionException: org.apache.ratis.thirdparty.io.grpc.StatusRuntimeException: UNAVAILABLE: io exception
2021-08-26 18:40:09,849 [grpc-default-executor-0] INFO  server.RaftServer$Division (RaftServerImpl.java:requestVote(1075)) - feac8f5a-1b39-4e45-882b-39b2a71e70b7@group-D6CBFFE24189 replies to ELECTION vote request: 87f05fb4-46b8-4bb5-a197-7bc4b26914eb<-feac8f5a-1b39-4e45-882b-39b2a71e70b7#0:OK-t2. Peer's state: feac8f5a-1b39-4e45-882b-39b2a71e70b7@group-D6CBFFE24189:t2, leader=null, voted=87f05fb4-46b8-4bb5-a197-7bc4b26914eb, raftlog=feac8f5a-1b39-4e45-882b-39b2a71e70b7@group-D6CBFFE24189-SegmentedRaftLog:OPENED:c0,f0,i0, conf=0: [feac8f5a-1b39-4e45-882b-39b2a71e70b7|rpc:10.1.0.63:43083|dataStream:|priority:0, 87f05fb4-46b8-4bb5-a197-7bc4b26914eb|rpc:10.1.0.63:44187|dataStream:|priority:0, b0d4646c-0fcd-42fc-b255-eb3c3c8c3636|rpc:10.1.0.63:45237|dataStream:|priority:1], old=null
2021-08-26 18:40:09,851 [87f05fb4-46b8-4bb5-a197-7bc4b26914eb@group-D6CBFFE24189-LeaderElection82] INFO  impl.LeaderElection (LeaderElection.java:logAndReturn(89)) - 87f05fb4-46b8-4bb5-a197-7bc4b26914eb@group-D6CBFFE24189-LeaderElection82: ELECTION PASSED received 1 response(s) and 1 exception(s):
2021-08-26 18:40:09,852 [87f05fb4-46b8-4bb5-a197-7bc4b26914eb@group-D6CBFFE24189-LeaderElection82] INFO  impl.LeaderElection (LeaderElection.java:logAndReturn(93)) -   Response 0: 87f05fb4-46b8-4bb5-a197-7bc4b26914eb<-feac8f5a-1b39-4e45-882b-39b2a71e70b7#0:OK-t2
2021-08-26 18:40:09,852 [87f05fb4-46b8-4bb5-a197-7bc4b26914eb@group-D6CBFFE24189-LeaderElection82] INFO  impl.LeaderElection (LogUtils.java:infoOrTrace(137)) -   Exception 1: java.util.concurrent.ExecutionException: org.apache.ratis.thirdparty.io.grpc.StatusRuntimeException: UNAVAILABLE: io exception
2021-08-26 18:40:09,852 [87f05fb4-46b8-4bb5-a197-7bc4b26914eb@group-D6CBFFE24189-LeaderElection82] INFO  impl.LeaderElection (LeaderElection.java:askForVotes(308)) - 87f05fb4-46b8-4bb5-a197-7bc4b26914eb@group-D6CBFFE24189-LeaderElection82 ELECTION round 0: result PASSED
2021-08-26 18:40:09,852 [87f05fb4-46b8-4bb5-a197-7bc4b26914eb@group-D6CBFFE24189-LeaderElection82] INFO  impl.RoleInfo (RoleInfo.java:shutdownLeaderElection(121)) - 87f05fb4-46b8-4bb5-a197-7bc4b26914eb: shutdown 87f05fb4-46b8-4bb5-a197-7bc4b26914eb@group-D6CBFFE24189-LeaderElection82
2021-08-26 18:40:09,852 [87f05fb4-46b8-4bb5-a197-7bc4b26914eb@group-D6CBFFE24189-LeaderElection82] INFO  server.RaftServer$Division (RaftServerImpl.java:setRole(285)) - 87f05fb4-46b8-4bb5-a197-7bc4b26914eb@group-D6CBFFE24189: changes role from CANDIDATE to LEADER at term 2 for changeToLeader
2021-08-26 18:40:09,852 [87f05fb4-46b8-4bb5-a197-7bc4b26914eb@group-D6CBFFE24189-LeaderElection82] INFO  ratis.XceiverServerRatis (XceiverServerRatis.java:handleLeaderChangedNotification(861)) - Leader change notification received for group: group-D6CBFFE24189 with new leaderId: 87f05fb4-46b8-4bb5-a197-7bc4b26914eb
2021-08-26 18:40:09,852 [87f05fb4-46b8-4bb5-a197-7bc4b26914eb@group-D6CBFFE24189-LeaderElection82] INFO  server.RaftServer$Division (ServerState.java:setLeader(285)) - 87f05fb4-46b8-4bb5-a197-7bc4b26914eb@group-D6CBFFE24189: change Leader from null to 87f05fb4-46b8-4bb5-a197-7bc4b26914eb at term 2 for becomeLeader, leader elected after 124ms
2021-08-26 18:40:09,852 [87f05fb4-46b8-4bb5-a197-7bc4b26914eb@group-D6CBFFE24189-LeaderElection82] INFO  server.RaftServerConfigKeys (ConfUtils.java:logGet(44)) - raft.server.staging.catchup.gap = 1000 (default)
2021-08-26 18:40:09,852 [87f05fb4-46b8-4bb5-a197-7bc4b26914eb@group-D6CBFFE24189-LeaderElection82] INFO  server.RaftServerConfigKeys (ConfUtils.java:logGet(44)) - raft.server.write.element-limit = 1024 (custom)
2021-08-26 18:40:09,852 [87f05fb4-46b8-4bb5-a197-7bc4b26914eb@group-D6CBFFE24189-LeaderElection82] INFO  server.RaftServerConfigKeys (ConfUtils.java:logGet(44)) - raft.server.write.byte-limit = 1024 M (=1073741824) (custom)
2021-08-26 18:40:09,853 [87f05fb4-46b8-4bb5-a197-7bc4b26914eb@group-D6CBFFE24189-LeaderElection82] INFO  server.RaftServerConfigKeys (ConfUtils.java:logGet(44)) - raft.server.watch.timeout = 3000ms (custom)
2021-08-26 18:40:09,853 [87f05fb4-46b8-4bb5-a197-7bc4b26914eb@group-D6CBFFE24189-LeaderElection82] INFO  server.RaftServerConfigKeys (ConfUtils.java:logGet(44)) - raft.server.watch.timeout.denomination = 1s (default)
2021-08-26 18:40:09,853 [87f05fb4-46b8-4bb5-a197-7bc4b26914eb@group-D6CBFFE24189-LeaderElection82] INFO  server.RaftServerConfigKeys (ConfUtils.java:logGet(44)) - raft.server.watch.element-limit = 65536 (default)
2021-08-26 18:40:09,853 [87f05fb4-46b8-4bb5-a197-7bc4b26914eb@group-D6CBFFE24189-LeaderElection82] INFO  server.RaftServerConfigKeys (ConfUtils.java:logGet(44)) - raft.server.log.appender.snapshot.chunk.size.max = 16MB (=16777216) (default)
2021-08-26 18:40:09,853 [87f05fb4-46b8-4bb5-a197-7bc4b26914eb@group-D6CBFFE24189-LeaderElection82] INFO  server.RaftServerConfigKeys (ConfUtils.java:logGet(44)) - raft.server.log.appender.buffer.byte-limit = 33554432 (custom)
2021-08-26 18:40:09,853 [87f05fb4-46b8-4bb5-a197-7bc4b26914eb@group-D6CBFFE24189-LeaderElection82] INFO  server.RaftServerConfigKeys (ConfUtils.java:logGet(44)) - raft.server.log.appender.buffer.element-limit = 1 (custom)
2021-08-26 18:40:09,853 [87f05fb4-46b8-4bb5-a197-7bc4b26914eb@group-D6CBFFE24189-LeaderElection82] INFO  grpc.GrpcConfigKeys (ConfUtils.java:logGet(44)) - raft.grpc.server.leader.outstanding.appends.max = 128 (default)
2021-08-26 18:40:09,853 [87f05fb4-46b8-4bb5-a197-7bc4b26914eb@group-D6CBFFE24189-LeaderElection82] INFO  server.RaftServerConfigKeys (ConfUtils.java:logGet(44)) - raft.server.rpc.request.timeout = 3000ms (default)
2021-08-26 18:40:09,853 [87f05fb4-46b8-4bb5-a197-7bc4b26914eb@group-D6CBFFE24189-LeaderElection82] INFO  server.RaftServerConfigKeys (ConfUtils.java:logGet(44)) - raft.server.log.appender.install.snapshot.enabled = false (custom)
2021-08-26 18:40:09,854 [87f05fb4-46b8-4bb5-a197-7bc4b26914eb@group-D6CBFFE24189-LeaderElection82] INFO  server.RaftServerConfigKeys (ConfUtils.java:logGet(44)) - raft.server.log.appender.snapshot.chunk.size.max = 16MB (=16777216) (default)
2021-08-26 18:40:09,854 [87f05fb4-46b8-4bb5-a197-7bc4b26914eb@group-D6CBFFE24189-LeaderElection82] INFO  server.RaftServerConfigKeys (ConfUtils.java:logGet(44)) - raft.server.log.appender.buffer.byte-limit = 33554432 (custom)
2021-08-26 18:40:09,854 [87f05fb4-46b8-4bb5-a197-7bc4b26914eb@group-D6CBFFE24189-LeaderElection82] INFO  server.RaftServerConfigKeys (ConfUtils.java:logGet(44)) - raft.server.log.appender.buffer.element-limit = 1 (custom)
2021-08-26 18:40:09,855 [87f05fb4-46b8-4bb5-a197-7bc4b26914eb@group-D6CBFFE24189-LeaderElection82] INFO  grpc.GrpcConfigKeys (ConfUtils.java:logGet(44)) - raft.grpc.server.leader.outstanding.appends.max = 128 (default)
2021-08-26 18:40:09,855 [87f05fb4-46b8-4bb5-a197-7bc4b26914eb@group-D6CBFFE24189-LeaderElection82] INFO  server.RaftServerConfigKeys (ConfUtils.java:logGet(44)) - raft.server.rpc.request.timeout = 3000ms (default)
2021-08-26 18:40:09,855 [87f05fb4-46b8-4bb5-a197-7bc4b26914eb@group-D6CBFFE24189-LeaderElection82] INFO  server.RaftServerConfigKeys (ConfUtils.java:logGet(44)) - raft.server.log.appender.install.snapshot.enabled = false (custom)
2021-08-26 18:40:09,855 [Datanode State Machine Thread - 0] WARN  statemachine.StateContext (StateContext.java:execute(621)) - No available thread in pool for past 1 seconds.
2021-08-26 18:40:09,857 [87f05fb4-46b8-4bb5-a197-7bc4b26914eb@group-D6CBFFE24189-LeaderElection82] INFO  impl.RoleInfo (RoleInfo.java:updateAndGet(130)) - 87f05fb4-46b8-4bb5-a197-7bc4b26914eb: start 87f05fb4-46b8-4bb5-a197-7bc4b26914eb@group-D6CBFFE24189-LeaderStateImpl
2021-08-26 18:40:09,857 [87f05fb4-46b8-4bb5-a197-7bc4b26914eb@group-D6CBFFE24189-LeaderElection82] INFO  segmented.SegmentedRaftLogWorker (SegmentedRaftLogWorker.java:rollLogSegment(399)) - 87f05fb4-46b8-4bb5-a197-7bc4b26914eb@group-D6CBFFE24189-SegmentedRaftLogWorker: Rolling segment log-0_0 to index:0
2021-08-26 18:40:09,906 [87f05fb4-46b8-4bb5-a197-7bc4b26914eb@group-D6CBFFE24189-SegmentedRaftLogWorker] INFO  segmented.SegmentedRaftLogWorker (SegmentedRaftLogWorker.java:execute(558)) - 87f05fb4-46b8-4bb5-a197-7bc4b26914eb@group-D6CBFFE24189-SegmentedRaftLogWorker: Rolled log segment from /home/runner/work/ozone/ozone/hadoop-ozone/integration-test/target/test-dir/MiniOzoneClusterImpl-7287d2d4-454f-4da5-bbdc-7dc3b2fb158b/datanode-2/data/ratis/add1658b-e2b5-4f06-8c7a-d6cbffe24189/current/log_inprogress_0 to /home/runner/work/ozone/ozone/hadoop-ozone/integration-test/target/test-dir/MiniOzoneClusterImpl-7287d2d4-454f-4da5-bbdc-7dc3b2fb158b/datanode-2/data/ratis/add1658b-e2b5-4f06-8c7a-d6cbffe24189/current/log_0-0
2021-08-26 18:40:09,911 [87f05fb4-46b8-4bb5-a197-7bc4b26914eb@group-D6CBFFE24189-SegmentedRaftLogWorker] INFO  segmented.SegmentedRaftLogWorker (SegmentedRaftLogWorker.java:execute(601)) - 87f05fb4-46b8-4bb5-a197-7bc4b26914eb@group-D6CBFFE24189-SegmentedRaftLogWorker: created new log segment /home/runner/work/ozone/ozone/hadoop-ozone/integration-test/target/test-dir/MiniOzoneClusterImpl-7287d2d4-454f-4da5-bbdc-7dc3b2fb158b/datanode-2/data/ratis/add1658b-e2b5-4f06-8c7a-d6cbffe24189/current/log_inprogress_1
2021-08-26 18:40:09,921 [grpc-default-executor-1] INFO  ratis.XceiverServerRatis (XceiverServerRatis.java:handleLeaderChangedNotification(861)) - Leader change notification received for group: group-D6CBFFE24189 with new leaderId: 87f05fb4-46b8-4bb5-a197-7bc4b26914eb
2021-08-26 18:40:09,921 [grpc-default-executor-1] INFO  server.RaftServer$Division (ServerState.java:setLeader(285)) - feac8f5a-1b39-4e45-882b-39b2a71e70b7@group-D6CBFFE24189: change Leader from null to 87f05fb4-46b8-4bb5-a197-7bc4b26914eb at term 2 for appendEntries, leader elected after 120ms
2021-08-26 18:40:09,927 [87f05fb4-46b8-4bb5-a197-7bc4b26914eb@group-D6CBFFE24189-LeaderElection82] INFO  server.RaftServer$Division (ServerState.java:setRaftConf(387)) - 87f05fb4-46b8-4bb5-a197-7bc4b26914eb@group-D6CBFFE24189: set configuration 1: [feac8f5a-1b39-4e45-882b-39b2a71e70b7|rpc:10.1.0.63:43083|dataStream:|priority:0, 87f05fb4-46b8-4bb5-a197-7bc4b26914eb|rpc:10.1.0.63:44187|dataStream:|priority:0, b0d4646c-0fcd-42fc-b255-eb3c3c8c3636|rpc:10.1.0.63:45237|dataStream:|priority:1], old=null
2021-08-26 18:40:09,932 [grpc-default-executor-0] WARN  server.GrpcLogAppender (LogUtils.java:warn(122)) - 87f05fb4-46b8-4bb5-a197-7bc4b26914eb@group-D6CBFFE24189->b0d4646c-0fcd-42fc-b255-eb3c3c8c3636-AppendLogResponseHandler: Failed appendEntries: org.apache.ratis.thirdparty.io.grpc.StatusRuntimeException: UNAVAILABLE: io exception
2021-08-26 18:40:09,967 [grpc-default-executor-0] WARN  server.GrpcLogAppender (GrpcLogAppender.java:resetClient(111)) - 87f05fb4-46b8-4bb5-a197-7bc4b26914eb@group-D6CBFFE24189->b0d4646c-0fcd-42fc-b255-eb3c3c8c3636-GrpcLogAppender: Leader has not got in touch with Follower 87f05fb4-46b8-4bb5-a197-7bc4b26914eb@group-D6CBFFE24189->b0d4646c-0fcd-42fc-b255-eb3c3c8c3636(c-1,m0,n2, attendVote=true, lastRpcSendTime=35, lastRpcResponseTime=5314) yet, just keep nextIndex unchanged and retry.
2021-08-26 18:40:09,968 [grpc-default-executor-1] INFO  server.RaftServer$Division (ServerState.java:setRaftConf(387)) - feac8f5a-1b39-4e45-882b-39b2a71e70b7@group-D6CBFFE24189: set configuration 1: [feac8f5a-1b39-4e45-882b-39b2a71e70b7|rpc:10.1.0.63:43083|dataStream:|priority:0, 87f05fb4-46b8-4bb5-a197-7bc4b26914eb|rpc:10.1.0.63:44187|dataStream:|priority:0, b0d4646c-0fcd-42fc-b255-eb3c3c8c3636|rpc:10.1.0.63:45237|dataStream:|priority:1], old=null
2021-08-26 18:40:09,968 [grpc-default-executor-1] INFO  segmented.SegmentedRaftLogWorker (SegmentedRaftLogWorker.java:rollLogSegment(399)) - feac8f5a-1b39-4e45-882b-39b2a71e70b7@group-D6CBFFE24189-SegmentedRaftLogWorker: Rolling segment log-0_0 to index:0
2021-08-26 18:40:09,969 [feac8f5a-1b39-4e45-882b-39b2a71e70b7@group-D6CBFFE24189-SegmentedRaftLogWorker] INFO  segmented.SegmentedRaftLogWorker (SegmentedRaftLogWorker.java:execute(558)) - feac8f5a-1b39-4e45-882b-39b2a71e70b7@group-D6CBFFE24189-SegmentedRaftLogWorker: Rolled log segment from /home/runner/work/ozone/ozone/hadoop-ozone/integration-test/target/test-dir/MiniOzoneClusterImpl-7287d2d4-454f-4da5-bbdc-7dc3b2fb158b/datanode-1/data/ratis/add1658b-e2b5-4f06-8c7a-d6cbffe24189/current/log_inprogress_0 to /home/runner/work/ozone/ozone/hadoop-ozone/integration-test/target/test-dir/MiniOzoneClusterImpl-7287d2d4-454f-4da5-bbdc-7dc3b2fb158b/datanode-1/data/ratis/add1658b-e2b5-4f06-8c7a-d6cbffe24189/current/log_0-0
2021-08-26 18:40:09,973 [feac8f5a-1b39-4e45-882b-39b2a71e70b7@group-D6CBFFE24189-SegmentedRaftLogWorker] INFO  segmented.SegmentedRaftLogWorker (SegmentedRaftLogWorker.java:execute(601)) - feac8f5a-1b39-4e45-882b-39b2a71e70b7@group-D6CBFFE24189-SegmentedRaftLogWorker: created new log segment /home/runner/work/ozone/ozone/hadoop-ozone/integration-test/target/test-dir/MiniOzoneClusterImpl-7287d2d4-454f-4da5-bbdc-7dc3b2fb158b/datanode-1/data/ratis/add1658b-e2b5-4f06-8c7a-d6cbffe24189/current/log_inprogress_1
2021-08-26 18:40:10,051 [grpc-default-executor-1] WARN  server.GrpcLogAppender (LogUtils.java:warn(122)) - 87f05fb4-46b8-4bb5-a197-7bc4b26914eb@group-D6CBFFE24189->b0d4646c-0fcd-42fc-b255-eb3c3c8c3636-AppendLogResponseHandler: Failed appendEntries: org.apache.ratis.thirdparty.io.grpc.StatusRuntimeException: UNAVAILABLE: io exception
2021-08-26 18:40:10,051 [grpc-default-executor-1] WARN  server.GrpcLogAppender (GrpcLogAppender.java:resetClient(111)) - 87f05fb4-46b8-4bb5-a197-7bc4b26914eb@group-D6CBFFE24189->b0d4646c-0fcd-42fc-b255-eb3c3c8c3636-GrpcLogAppender: Leader has not got in touch with Follower 87f05fb4-46b8-4bb5-a197-7bc4b26914eb@group-D6CBFFE24189->b0d4646c-0fcd-42fc-b255-eb3c3c8c3636(c-1,m0,n3, attendVote=true, lastRpcSendTime=0, lastRpcResponseTime=5398) yet, just keep nextIndex unchanged and retry.
2021-08-26 18:40:10,627 [EventQueue-StaleNodeForStaleNodeHandler] INFO  node.StaleNodeHandler (StaleNodeHandler.java:onMessage(58)) - Datanode b0d4646c-0fcd-42fc-b255-eb3c3c8c3636{ip: 10.1.0.63, host: fv-az184-233.3ow45vhwbzuu5incsxmygykede.cx.internal.cloudapp.net, ports: [REPLICATION=38487, RATIS=45237, RATIS_ADMIN=45237, RATIS_SERVER=45237, STANDALONE=33471], networkLocation: /default-rack, certSerialId: null, persistedOpState: IN_SERVICE, persistedOpStateExpiryEpochSec: 0} moved to stale state. Finalizing its pipelines [PipelineID=add1658b-e2b5-4f06-8c7a-d6cbffe24189, PipelineID=2466034c-f8ae-4bff-8a7c-d2d68e1c8e59, PipelineID=f60b2554-eed1-4952-8c74-377879bf8640]
2021-08-26 18:40:10,628 [EventQueue-StaleNodeForStaleNodeHandler] INFO  pipeline.PipelineManagerImpl (PipelineManagerImpl.java:closePipeline(342)) - Pipeline Pipeline[ Id: add1658b-e2b5-4f06-8c7a-d6cbffe24189, Nodes: 87f05fb4-46b8-4bb5-a197-7bc4b26914eb{ip: 10.1.0.63, host: fv-az184-233.3ow45vhwbzuu5incsxmygykede.cx.internal.cloudapp.net, ports: [REPLICATION=41467, RATIS=44187, RATIS_ADMIN=44187, RATIS_SERVER=44187, STANDALONE=44877], networkLocation: /default-rack, certSerialId: null, persistedOpState: IN_SERVICE, persistedOpStateExpiryEpochSec: 0}b0d4646c-0fcd-42fc-b255-eb3c3c8c3636{ip: 10.1.0.63, host: fv-az184-233.3ow45vhwbzuu5incsxmygykede.cx.internal.cloudapp.net, ports: [REPLICATION=38487, RATIS=45237, RATIS_ADMIN=45237, RATIS_SERVER=45237, STANDALONE=33471], networkLocation: /default-rack, certSerialId: null, persistedOpState: IN_SERVICE, persistedOpStateExpiryEpochSec: 0}feac8f5a-1b39-4e45-882b-39b2a71e70b7{ip: 10.1.0.63, host: fv-az184-233.3ow45vhwbzuu5incsxmygykede.cx.internal.cloudapp.net, ports: [REPLICATION=40843, RATIS=43083, RATIS_ADMIN=43083, RATIS_SERVER=43083, STANDALONE=44649], networkLocation: /default-rack, certSerialId: null, persistedOpState: IN_SERVICE, persistedOpStateExpiryEpochSec: 0}, ReplicationConfig: RATIS/THREE, State:OPEN, leaderId:87f05fb4-46b8-4bb5-a197-7bc4b26914eb, CreationTimestamp2021-08-26T18:39:51.907Z[Etc/UTC]] moved to CLOSED state
2021-08-26 18:40:10,676 [EventQueue-StaleNodeForStaleNodeHandler] INFO  pipeline.PipelineManagerImpl (PipelineManagerImpl.java:closePipeline(342)) - Pipeline Pipeline[ Id: 2466034c-f8ae-4bff-8a7c-d2d68e1c8e59, Nodes: feac8f5a-1b39-4e45-882b-39b2a71e70b7{ip: 10.1.0.63, host: fv-az184-233.3ow45vhwbzuu5incsxmygykede.cx.internal.cloudapp.net, ports: [REPLICATION=40843, RATIS=43083, RATIS_ADMIN=43083, RATIS_SERVER=43083, STANDALONE=44649], networkLocation: /default-rack, certSerialId: null, persistedOpState: IN_SERVICE, persistedOpStateExpiryEpochSec: 0}87f05fb4-46b8-4bb5-a197-7bc4b26914eb{ip: 10.1.0.63, host: fv-az184-233.3ow45vhwbzuu5incsxmygykede.cx.internal.cloudapp.net, ports: [REPLICATION=41467, RATIS=44187, RATIS_ADMIN=44187, RATIS_SERVER=44187, STANDALONE=44877], networkLocation: /default-rack, certSerialId: null, persistedOpState: IN_SERVICE, persistedOpStateExpiryEpochSec: 0}b0d4646c-0fcd-42fc-b255-eb3c3c8c3636{ip: 10.1.0.63, host: fv-az184-233.3ow45vhwbzuu5incsxmygykede.cx.internal.cloudapp.net, ports: [REPLICATION=38487, RATIS=45237, RATIS_ADMIN=45237, RATIS_SERVER=45237, STANDALONE=33471], networkLocation: /default-rack, certSerialId: null, persistedOpState: IN_SERVICE, persistedOpStateExpiryEpochSec: 0}, ReplicationConfig: RATIS/THREE, State:OPEN, leaderId:87f05fb4-46b8-4bb5-a197-7bc4b26914eb, CreationTimestamp2021-08-26T18:39:51.903Z[Etc/UTC]] moved to CLOSED state
2021-08-26 18:40:10,676 [EventQueue-StaleNodeForStaleNodeHandler] INFO  pipeline.PipelineManagerImpl (PipelineManagerImpl.java:closePipeline(342)) - Pipeline Pipeline[ Id: f60b2554-eed1-4952-8c74-377879bf8640, Nodes: b0d4646c-0fcd-42fc-b255-eb3c3c8c3636{ip: 10.1.0.63, host: fv-az184-233.3ow45vhwbzuu5incsxmygykede.cx.internal.cloudapp.net, ports: [REPLICATION=38487, RATIS=45237, RATIS_ADMIN=45237, RATIS_SERVER=45237, STANDALONE=33471], networkLocation: /default-rack, certSerialId: null, persistedOpState: IN_SERVICE, persistedOpStateExpiryEpochSec: 0}, ReplicationConfig: RATIS/ONE, State:OPEN, leaderId:b0d4646c-0fcd-42fc-b255-eb3c3c8c3636, CreationTimestamp2021-08-26T18:39:50.388Z[Etc/UTC]] moved to CLOSED state
2021-08-26 18:40:10,683 [EventQueue-CloseContainerForCloseContainerEventHandler] INFO  container.CloseContainerEventHandler (CloseContainerEventHandler.java:onMessage(69)) - Close container Event triggered for container : #1
2021-08-26 18:40:11,455 [134e4cc8-3e2d-4572-98bc-d75f353c351b@group-0EE0E6A225EC-FollowerState] INFO  impl.FollowerState (FollowerState.java:run(134)) - 134e4cc8-3e2d-4572-98bc-d75f353c351b@group-0EE0E6A225EC-FollowerState: change to CANDIDATE, lastRpcElapsedTime:5175038111ns, electionTimeout:5136ms
2021-08-26 18:40:11,455 [134e4cc8-3e2d-4572-98bc-d75f353c351b@group-0EE0E6A225EC-FollowerState] INFO  impl.RoleInfo (RoleInfo.java:shutdownFollowerState(108)) - 134e4cc8-3e2d-4572-98bc-d75f353c351b: shutdown 134e4cc8-3e2d-4572-98bc-d75f353c351b@group-0EE0E6A225EC-FollowerState
2021-08-26 18:40:11,455 [134e4cc8-3e2d-4572-98bc-d75f353c351b@group-0EE0E6A225EC-FollowerState] INFO  server.RaftServer$Division (RaftServerImpl.java:setRole(285)) - 134e4cc8-3e2d-4572-98bc-d75f353c351b@group-0EE0E6A225EC: changes role from  FOLLOWER to CANDIDATE at term 2 for changeToCandidate
2021-08-26 18:40:11,455 [134e4cc8-3e2d-4572-98bc-d75f353c351b@group-0EE0E6A225EC-FollowerState] INFO  server.RaftServerConfigKeys (ConfUtils.java:logGet(44)) - raft.server.leaderelection.pre-vote = false (custom)
2021-08-26 18:40:11,455 [134e4cc8-3e2d-4572-98bc-d75f353c351b@group-0EE0E6A225EC-FollowerState] INFO  impl.RoleInfo (RoleInfo.java:updateAndGet(130)) - 134e4cc8-3e2d-4572-98bc-d75f353c351b: start 134e4cc8-3e2d-4572-98bc-d75f353c351b@group-0EE0E6A225EC-LeaderElection83
2021-08-26 18:40:11,499 [134e4cc8-3e2d-4572-98bc-d75f353c351b@group-0EE0E6A225EC-LeaderElection83] INFO  impl.LeaderElection (LeaderElection.java:askForVotes(306)) - 134e4cc8-3e2d-4572-98bc-d75f353c351b@group-0EE0E6A225EC-LeaderElection83 ELECTION round 0: submit vote requests at term 3 for -1: [95edf07e-7fec-45a0-b357-ea2c9e88c813|rpc:10.1.0.63:34053|dataStream:|priority:0, 88d9c6ea-d0be-4004-8450-128776760c0b|rpc:10.1.0.63:32927|dataStream:|priority:0, 134e4cc8-3e2d-4572-98bc-d75f353c351b|rpc:10.1.0.63:40073|dataStream:|priority:1], old=null
2021-08-26 18:40:11,504 [95edf07e-7fec-45a0-b357-ea2c9e88c813@group-0EE0E6A225EC-FollowerState] INFO  impl.FollowerState (FollowerState.java:run(134)) - 95edf07e-7fec-45a0-b357-ea2c9e88c813@group-0EE0E6A225EC-FollowerState: change to CANDIDATE, lastRpcElapsedTime:5157560769ns, electionTimeout:5089ms
2021-08-26 18:40:11,504 [95edf07e-7fec-45a0-b357-ea2c9e88c813@group-0EE0E6A225EC-FollowerState] INFO  impl.RoleInfo (RoleInfo.java:shutdownFollowerState(108)) - 95edf07e-7fec-45a0-b357-ea2c9e88c813: shutdown 95edf07e-7fec-45a0-b357-ea2c9e88c813@group-0EE0E6A225EC-FollowerState
2021-08-26 18:40:11,504 [95edf07e-7fec-45a0-b357-ea2c9e88c813@group-0EE0E6A225EC-FollowerState] INFO  server.RaftServer$Division (RaftServerImpl.java:setRole(285)) - 95edf07e-7fec-45a0-b357-ea2c9e88c813@group-0EE0E6A225EC: changes role from  FOLLOWER to CANDIDATE at term 2 for changeToCandidate
2021-08-26 18:40:11,509 [95edf07e-7fec-45a0-b357-ea2c9e88c813@group-0EE0E6A225EC-FollowerState] INFO  server.RaftServerConfigKeys (ConfUtils.java:logGet(44)) - raft.server.leaderelection.pre-vote = false (custom)
2021-08-26 18:40:11,509 [95edf07e-7fec-45a0-b357-ea2c9e88c813@group-0EE0E6A225EC-FollowerState] INFO  impl.RoleInfo (RoleInfo.java:updateAndGet(130)) - 95edf07e-7fec-45a0-b357-ea2c9e88c813: start 95edf07e-7fec-45a0-b357-ea2c9e88c813@group-0EE0E6A225EC-LeaderElection84
2021-08-26 18:40:11,525 [95edf07e-7fec-45a0-b357-ea2c9e88c813@group-0EE0E6A225EC-LeaderElection84] INFO  impl.LeaderElection (LeaderElection.java:askForVotes(306)) - 95edf07e-7fec-45a0-b357-ea2c9e88c813@group-0EE0E6A225EC-LeaderElection84 ELECTION round 0: submit vote requests at term 3 for -1: [95edf07e-7fec-45a0-b357-ea2c9e88c813|rpc:10.1.0.63:34053|priority:0, 88d9c6ea-d0be-4004-8450-128776760c0b|rpc:10.1.0.63:32927|priority:0, 134e4cc8-3e2d-4572-98bc-d75f353c351b|rpc:10.1.0.63:40073|priority:1], old=null
2021-08-26 18:40:11,527 [grpc-default-executor-0] INFO  server.RaftServer$Division (RaftServerImpl.java:requestVote(1043)) - 95edf07e-7fec-45a0-b357-ea2c9e88c813@group-0EE0E6A225EC: receive requestVote(ELECTION, 134e4cc8-3e2d-4572-98bc-d75f353c351b, group-0EE0E6A225EC, 3, (t:0, i:0))
2021-08-26 18:40:11,528 [grpc-default-executor-0] INFO  impl.VoteContext (VoteContext.java:log(48)) - 95edf07e-7fec-45a0-b357-ea2c9e88c813@group-0EE0E6A225EC-CANDIDATE: reject ELECTION from 134e4cc8-3e2d-4572-98bc-d75f353c351b: already has voted for 95edf07e-7fec-45a0-b357-ea2c9e88c813 at current term 3
2021-08-26 18:40:11,528 [grpc-default-executor-0] INFO  server.RaftServer$Division (RaftServerImpl.java:requestVote(1075)) - 95edf07e-7fec-45a0-b357-ea2c9e88c813@group-0EE0E6A225EC replies to ELECTION vote request: 134e4cc8-3e2d-4572-98bc-d75f353c351b<-95edf07e-7fec-45a0-b357-ea2c9e88c813#0:FAIL-t3. Peer's state: 95edf07e-7fec-45a0-b357-ea2c9e88c813@group-0EE0E6A225EC:t3, leader=null, voted=95edf07e-7fec-45a0-b357-ea2c9e88c813, raftlog=95edf07e-7fec-45a0-b357-ea2c9e88c813@group-0EE0E6A225EC-SegmentedRaftLog:OPENED:c-1,f-1,i0, conf=-1: [95edf07e-7fec-45a0-b357-ea2c9e88c813|rpc:10.1.0.63:34053|priority:0, 88d9c6ea-d0be-4004-8450-128776760c0b|rpc:10.1.0.63:32927|priority:0, 134e4cc8-3e2d-4572-98bc-d75f353c351b|rpc:10.1.0.63:40073|priority:1], old=null
2021-08-26 18:40:11,566 [88d9c6ea-d0be-4004-8450-128776760c0b@group-0EE0E6A225EC-FollowerState] INFO  impl.FollowerState (FollowerState.java:run(134)) - 88d9c6ea-d0be-4004-8450-128776760c0b@group-0EE0E6A225EC-FollowerState: change to CANDIDATE, lastRpcElapsedTime:5218971316ns, electionTimeout:5195ms
2021-08-26 18:40:11,566 [88d9c6ea-d0be-4004-8450-128776760c0b@group-0EE0E6A225EC-FollowerState] INFO  impl.RoleInfo (RoleInfo.java:shutdownFollowerState(108)) - 88d9c6ea-d0be-4004-8450-128776760c0b: shutdown 88d9c6ea-d0be-4004-8450-128776760c0b@group-0EE0E6A225EC-FollowerState
2021-08-26 18:40:11,566 [88d9c6ea-d0be-4004-8450-128776760c0b@group-0EE0E6A225EC-FollowerState] INFO  server.RaftServer$Division (RaftServerImpl.java:setRole(285)) - 88d9c6ea-d0be-4004-8450-128776760c0b@group-0EE0E6A225EC: changes role from  FOLLOWER to CANDIDATE at term 2 for changeToCandidate
2021-08-26 18:40:11,566 [88d9c6ea-d0be-4004-8450-128776760c0b@group-0EE0E6A225EC-FollowerState] INFO  server.RaftServerConfigKeys (ConfUtils.java:logGet(44)) - raft.server.leaderelection.pre-vote = false (custom)
2021-08-26 18:40:11,566 [88d9c6ea-d0be-4004-8450-128776760c0b@group-0EE0E6A225EC-FollowerState] INFO  impl.RoleInfo (RoleInfo.java:updateAndGet(130)) - 88d9c6ea-d0be-4004-8450-128776760c0b: start 88d9c6ea-d0be-4004-8450-128776760c0b@group-0EE0E6A225EC-LeaderElection85
2021-08-26 18:40:11,571 [grpc-default-executor-1] INFO  server.RaftServer$Division (RaftServerImpl.java:requestVote(1043)) - 88d9c6ea-d0be-4004-8450-128776760c0b@group-0EE0E6A225EC: receive requestVote(ELECTION, 95edf07e-7fec-45a0-b357-ea2c9e88c813, group-0EE0E6A225EC, 3, (t:0, i:0))
2021-08-26 18:40:11,575 [grpc-default-executor-1] INFO  impl.VoteContext (VoteContext.java:log(48)) - 88d9c6ea-d0be-4004-8450-128776760c0b@group-0EE0E6A225EC-CANDIDATE: accept ELECTION from 95edf07e-7fec-45a0-b357-ea2c9e88c813: our priority 0 <= candidate's priority 0
2021-08-26 18:40:11,575 [grpc-default-executor-1] INFO  server.RaftServer$Division (RaftServerImpl.java:setRole(285)) - 88d9c6ea-d0be-4004-8450-128776760c0b@group-0EE0E6A225EC: changes role from CANDIDATE to FOLLOWER at term 3 for candidate:95edf07e-7fec-45a0-b357-ea2c9e88c813
2021-08-26 18:40:11,575 [grpc-default-executor-1] INFO  impl.RoleInfo (RoleInfo.java:shutdownLeaderElection(121)) - 88d9c6ea-d0be-4004-8450-128776760c0b: shutdown 88d9c6ea-d0be-4004-8450-128776760c0b@group-0EE0E6A225EC-LeaderElection85
2021-08-26 18:40:11,575 [grpc-default-executor-1] INFO  impl.RoleInfo (RoleInfo.java:updateAndGet(130)) - 88d9c6ea-d0be-4004-8450-128776760c0b: start 88d9c6ea-d0be-4004-8450-128776760c0b@group-0EE0E6A225EC-FollowerState
2021-08-26 18:40:11,575 [88d9c6ea-d0be-4004-8450-128776760c0b@group-0EE0E6A225EC-LeaderElection85] INFO  impl.LeaderElection (LeaderElection.java:run(230)) - 88d9c6ea-d0be-4004-8450-128776760c0b@group-0EE0E6A225EC-LeaderElection85: skip running since this is already CLOSING
2021-08-26 18:40:11,578 [grpc-default-executor-0] INFO  server.RaftServer$Division (RaftServerImpl.java:requestVote(1043)) - 134e4cc8-3e2d-4572-98bc-d75f353c351b@group-0EE0E6A225EC: receive requestVote(ELECTION, 95edf07e-7fec-45a0-b357-ea2c9e88c813, group-0EE0E6A225EC, 3, (t:0, i:0))
2021-08-26 18:40:11,578 [grpc-default-executor-0] INFO  impl.VoteContext (VoteContext.java:log(48)) - 134e4cc8-3e2d-4572-98bc-d75f353c351b@group-0EE0E6A225EC-CANDIDATE: reject ELECTION from 95edf07e-7fec-45a0-b357-ea2c9e88c813: already has voted for 134e4cc8-3e2d-4572-98bc-d75f353c351b at current term 3
2021-08-26 18:40:11,578 [grpc-default-executor-0] INFO  server.RaftServer$Division (RaftServerImpl.java:requestVote(1075)) - 134e4cc8-3e2d-4572-98bc-d75f353c351b@group-0EE0E6A225EC replies to ELECTION vote request: 95edf07e-7fec-45a0-b357-ea2c9e88c813<-134e4cc8-3e2d-4572-98bc-d75f353c351b#0:FAIL-t3. Peer's state: 134e4cc8-3e2d-4572-98bc-d75f353c351b@group-0EE0E6A225EC:t3, leader=null, voted=134e4cc8-3e2d-4572-98bc-d75f353c351b, raftlog=134e4cc8-3e2d-4572-98bc-d75f353c351b@group-0EE0E6A225EC-SegmentedRaftLog:OPENED:c-1,f-1,i0, conf=-1: [95edf07e-7fec-45a0-b357-ea2c9e88c813|rpc:10.1.0.63:34053|dataStream:|priority:0, 88d9c6ea-d0be-4004-8450-128776760c0b|rpc:10.1.0.63:32927|dataStream:|priority:0, 134e4cc8-3e2d-4572-98bc-d75f353c351b|rpc:10.1.0.63:40073|dataStream:|priority:1], old=null
2021-08-26 18:40:11,579 [95edf07e-7fec-45a0-b357-ea2c9e88c813@group-0EE0E6A225EC-LeaderElection84] INFO  impl.LeaderElection (LeaderElection.java:logAndReturn(89)) - 95edf07e-7fec-45a0-b357-ea2c9e88c813@group-0EE0E6A225EC-LeaderElection84: ELECTION REJECTED received 1 response(s) and 0 exception(s):
2021-08-26 18:40:11,579 [95edf07e-7fec-45a0-b357-ea2c9e88c813@group-0EE0E6A225EC-LeaderElection84] INFO  impl.LeaderElection (LeaderElection.java:logAndReturn(93)) -   Response 0: 95edf07e-7fec-45a0-b357-ea2c9e88c813<-134e4cc8-3e2d-4572-98bc-d75f353c351b#0:FAIL-t3
2021-08-26 18:40:11,579 [95edf07e-7fec-45a0-b357-ea2c9e88c813@group-0EE0E6A225EC-LeaderElection84] INFO  impl.LeaderElection (LeaderElection.java:askForVotes(308)) - 95edf07e-7fec-45a0-b357-ea2c9e88c813@group-0EE0E6A225EC-LeaderElection84 ELECTION round 0: result REJECTED
2021-08-26 18:40:11,579 [95edf07e-7fec-45a0-b357-ea2c9e88c813@group-0EE0E6A225EC-LeaderElection84] INFO  server.RaftServer$Division (RaftServerImpl.java:setRole(285)) - 95edf07e-7fec-45a0-b357-ea2c9e88c813@group-0EE0E6A225EC: changes role from CANDIDATE to FOLLOWER at term 3 for REJECTED
2021-08-26 18:40:11,579 [95edf07e-7fec-45a0-b357-ea2c9e88c813@group-0EE0E6A225EC-LeaderElection84] INFO  impl.RoleInfo (RoleInfo.java:shutdownLeaderElection(121)) - 95edf07e-7fec-45a0-b357-ea2c9e88c813: shutdown 95edf07e-7fec-45a0-b357-ea2c9e88c813@group-0EE0E6A225EC-LeaderElection84
2021-08-26 18:40:11,579 [95edf07e-7fec-45a0-b357-ea2c9e88c813@group-0EE0E6A225EC-LeaderElection84] INFO  impl.RoleInfo (RoleInfo.java:updateAndGet(130)) - 95edf07e-7fec-45a0-b357-ea2c9e88c813: start 95edf07e-7fec-45a0-b357-ea2c9e88c813@group-0EE0E6A225EC-FollowerState
2021-08-26 18:40:11,581 [grpc-default-executor-1] INFO  server.RaftServer$Division (RaftServerImpl.java:requestVote(1075)) - 88d9c6ea-d0be-4004-8450-128776760c0b@group-0EE0E6A225EC replies to ELECTION vote request: 95edf07e-7fec-45a0-b357-ea2c9e88c813<-88d9c6ea-d0be-4004-8450-128776760c0b#0:OK-t3. Peer's state: 88d9c6ea-d0be-4004-8450-128776760c0b@group-0EE0E6A225EC:t3, leader=null, voted=95edf07e-7fec-45a0-b357-ea2c9e88c813, raftlog=88d9c6ea-d0be-4004-8450-128776760c0b@group-0EE0E6A225EC-SegmentedRaftLog:OPENED:c-1,f-1,i0, conf=-1: [95edf07e-7fec-45a0-b357-ea2c9e88c813|rpc:10.1.0.63:34053|dataStream:|priority:0, 88d9c6ea-d0be-4004-8450-128776760c0b|rpc:10.1.0.63:32927|dataStream:|priority:0, 134e4cc8-3e2d-4572-98bc-d75f353c351b|rpc:10.1.0.63:40073|dataStream:|priority:1], old=null
2021-08-26 18:40:11,650 [grpc-default-executor-0] INFO  server.RaftServer$Division (RaftServerImpl.java:requestVote(1043)) - 88d9c6ea-d0be-4004-8450-128776760c0b@group-0EE0E6A225EC: receive requestVote(ELECTION, 134e4cc8-3e2d-4572-98bc-d75f353c351b, group-0EE0E6A225EC, 3, (t:0, i:0))
2021-08-26 18:40:11,650 [grpc-default-executor-0] INFO  impl.VoteContext (VoteContext.java:log(48)) - 88d9c6ea-d0be-4004-8450-128776760c0b@group-0EE0E6A225EC-FOLLOWER: reject ELECTION from 134e4cc8-3e2d-4572-98bc-d75f353c351b: already has voted for 95edf07e-7fec-45a0-b357-ea2c9e88c813 at current term 3
2021-08-26 18:40:11,650 [grpc-default-executor-0] INFO  server.RaftServer$Division (RaftServerImpl.java:requestVote(1075)) - 88d9c6ea-d0be-4004-8450-128776760c0b@group-0EE0E6A225EC replies to ELECTION vote request: 134e4cc8-3e2d-4572-98bc-d75f353c351b<-88d9c6ea-d0be-4004-8450-128776760c0b#0:FAIL-t3. Peer's state: 88d9c6ea-d0be-4004-8450-128776760c0b@group-0EE0E6A225EC:t3, leader=null, voted=95edf07e-7fec-45a0-b357-ea2c9e88c813, raftlog=88d9c6ea-d0be-4004-8450-128776760c0b@group-0EE0E6A225EC-SegmentedRaftLog:OPENED:c-1,f-1,i0, conf=-1: [95edf07e-7fec-45a0-b357-ea2c9e88c813|rpc:10.1.0.63:34053|dataStream:|priority:0, 88d9c6ea-d0be-4004-8450-128776760c0b|rpc:10.1.0.63:32927|dataStream:|priority:0, 134e4cc8-3e2d-4572-98bc-d75f353c351b|rpc:10.1.0.63:40073|dataStream:|priority:1], old=null
2021-08-26 18:40:11,672 [134e4cc8-3e2d-4572-98bc-d75f353c351b@group-0EE0E6A225EC-LeaderElection83] INFO  impl.LeaderElection (LeaderElection.java:logAndReturn(89)) - 134e4cc8-3e2d-4572-98bc-d75f353c351b@group-0EE0E6A225EC-LeaderElection83: ELECTION REJECTED received 2 response(s) and 0 exception(s):
2021-08-26 18:40:11,672 [134e4cc8-3e2d-4572-98bc-d75f353c351b@group-0EE0E6A225EC-LeaderElection83] INFO  impl.LeaderElection (LeaderElection.java:logAndReturn(93)) -   Response 0: 134e4cc8-3e2d-4572-98bc-d75f353c351b<-95edf07e-7fec-45a0-b357-ea2c9e88c813#0:FAIL-t3
2021-08-26 18:40:11,672 [134e4cc8-3e2d-4572-98bc-d75f353c351b@group-0EE0E6A225EC-LeaderElection83] INFO  impl.LeaderElection (LeaderElection.java:logAndReturn(93)) -   Response 1: 134e4cc8-3e2d-4572-98bc-d75f353c351b<-88d9c6ea-d0be-4004-8450-128776760c0b#0:FAIL-t3
2021-08-26 18:40:11,672 [134e4cc8-3e2d-4572-98bc-d75f353c351b@group-0EE0E6A225EC-LeaderElection83] INFO  impl.LeaderElection (LeaderElection.java:askForVotes(308)) - 134e4cc8-3e2d-4572-98bc-d75f353c351b@group-0EE0E6A225EC-LeaderElection83 ELECTION round 0: result REJECTED
2021-08-26 18:40:11,672 [134e4cc8-3e2d-4572-98bc-d75f353c351b@group-0EE0E6A225EC-LeaderElection83] INFO  server.RaftServer$Division (RaftServerImpl.java:setRole(285)) - 134e4cc8-3e2d-4572-98bc-d75f353c351b@group-0EE0E6A225EC: changes role from CANDIDATE to FOLLOWER at term 3 for REJECTED
2021-08-26 18:40:11,672 [134e4cc8-3e2d-4572-98bc-d75f353c351b@group-0EE0E6A225EC-LeaderElection83] INFO  impl.RoleInfo (RoleInfo.java:shutdownLeaderElection(121)) - 134e4cc8-3e2d-4572-98bc-d75f353c351b: shutdown 134e4cc8-3e2d-4572-98bc-d75f353c351b@group-0EE0E6A225EC-LeaderElection83
2021-08-26 18:40:11,672 [134e4cc8-3e2d-4572-98bc-d75f353c351b@group-0EE0E6A225EC-LeaderElection83] INFO  impl.RoleInfo (RoleInfo.java:updateAndGet(130)) - 134e4cc8-3e2d-4572-98bc-d75f353c351b: start 134e4cc8-3e2d-4572-98bc-d75f353c351b@group-0EE0E6A225EC-FollowerState
2021-08-26 18:40:11,874 [grpc-default-executor-0] WARN  server.GrpcLogAppender (LogUtils.java:warn(122)) - 87f05fb4-46b8-4bb5-a197-7bc4b26914eb@group-D2D68E1C8E59->b0d4646c-0fcd-42fc-b255-eb3c3c8c3636-AppendLogResponseHandler: Failed appendEntries: org.apache.ratis.thirdparty.io.grpc.StatusRuntimeException: UNAVAILABLE: io exception
2021-08-26 18:40:11,875 [grpc-default-executor-0] WARN  server.GrpcLogAppender (GrpcLogAppender.java:resetClient(111)) - 87f05fb4-46b8-4bb5-a197-7bc4b26914eb@group-D2D68E1C8E59->b0d4646c-0fcd-42fc-b255-eb3c3c8c3636-GrpcLogAppender: Leader has not got in touch with Follower 87f05fb4-46b8-4bb5-a197-7bc4b26914eb@group-D2D68E1C8E59->b0d4646c-0fcd-42fc-b255-eb3c3c8c3636(c0,m0,n1, attendVote=true, lastRpcSendTime=0, lastRpcResponseTime=7532) yet, just keep nextIndex unchanged and retry.
2021-08-26 18:40:12,557 [grpc-default-executor-0] WARN  server.GrpcLogAppender (LogUtils.java:warn(122)) - 87f05fb4-46b8-4bb5-a197-7bc4b26914eb@group-D6CBFFE24189->b0d4646c-0fcd-42fc-b255-eb3c3c8c3636-AppendLogResponseHandler: Failed appendEntries: org.apache.ratis.thirdparty.io.grpc.StatusRuntimeException: UNAVAILABLE: io exception
2021-08-26 18:40:12,558 [grpc-default-executor-0] WARN  server.GrpcLogAppender (GrpcLogAppender.java:resetClient(111)) - 87f05fb4-46b8-4bb5-a197-7bc4b26914eb@group-D6CBFFE24189->b0d4646c-0fcd-42fc-b255-eb3c3c8c3636-GrpcLogAppender: Leader has not got in touch with Follower 87f05fb4-46b8-4bb5-a197-7bc4b26914eb@group-D6CBFFE24189->b0d4646c-0fcd-42fc-b255-eb3c3c8c3636(c-1,m0,n3, attendVote=true, lastRpcSendTime=2, lastRpcResponseTime=7905) yet, just keep nextIndex unchanged and retry.
2021-08-26 18:40:14,375 [grpc-default-executor-0] WARN  server.GrpcLogAppender (LogUtils.java:warn(122)) - 87f05fb4-46b8-4bb5-a197-7bc4b26914eb@group-D2D68E1C8E59->b0d4646c-0fcd-42fc-b255-eb3c3c8c3636-AppendLogResponseHandler: Failed appendEntries: org.apache.ratis.thirdparty.io.grpc.StatusRuntimeException: UNAVAILABLE: io exception
2021-08-26 18:40:14,375 [grpc-default-executor-0] WARN  server.GrpcLogAppender (GrpcLogAppender.java:resetClient(111)) - 87f05fb4-46b8-4bb5-a197-7bc4b26914eb@group-D2D68E1C8E59->b0d4646c-0fcd-42fc-b255-eb3c3c8c3636-GrpcLogAppender: Leader has not got in touch with Follower 87f05fb4-46b8-4bb5-a197-7bc4b26914eb@group-D2D68E1C8E59->b0d4646c-0fcd-42fc-b255-eb3c3c8c3636(c0,m0,n1, attendVote=true, lastRpcSendTime=0, lastRpcResponseTime=10032) yet, just keep nextIndex unchanged and retry.
2021-08-26 18:40:15,055 [grpc-default-executor-0] WARN  server.GrpcLogAppender (LogUtils.java:warn(122)) - 87f05fb4-46b8-4bb5-a197-7bc4b26914eb@group-D6CBFFE24189->b0d4646c-0fcd-42fc-b255-eb3c3c8c3636-AppendLogResponseHandler: Failed appendEntries: org.apache.ratis.thirdparty.io.grpc.StatusRuntimeException: UNAVAILABLE: io exception
2021-08-26 18:40:15,056 [grpc-default-executor-0] WARN  server.GrpcLogAppender (GrpcLogAppender.java:resetClient(111)) - 87f05fb4-46b8-4bb5-a197-7bc4b26914eb@group-D6CBFFE24189->b0d4646c-0fcd-42fc-b255-eb3c3c8c3636-GrpcLogAppender: Leader has not got in touch with Follower 87f05fb4-46b8-4bb5-a197-7bc4b26914eb@group-D6CBFFE24189->b0d4646c-0fcd-42fc-b255-eb3c3c8c3636(c-1,m0,n3, attendVote=true, lastRpcSendTime=0, lastRpcResponseTime=10403) yet, just keep nextIndex unchanged and retry.
2021-08-26 18:40:16,695 [95edf07e-7fec-45a0-b357-ea2c9e88c813@group-0EE0E6A225EC-FollowerState] INFO  impl.FollowerState (FollowerState.java:run(134)) - 95edf07e-7fec-45a0-b357-ea2c9e88c813@group-0EE0E6A225EC-FollowerState: change to CANDIDATE, lastRpcElapsedTime:5115332269ns, electionTimeout:5111ms
2021-08-26 18:40:16,695 [95edf07e-7fec-45a0-b357-ea2c9e88c813@group-0EE0E6A225EC-FollowerState] INFO  impl.RoleInfo (RoleInfo.java:shutdownFollowerState(108)) - 95edf07e-7fec-45a0-b357-ea2c9e88c813: shutdown 95edf07e-7fec-45a0-b357-ea2c9e88c813@group-0EE0E6A225EC-FollowerState
2021-08-26 18:40:16,695 [95edf07e-7fec-45a0-b357-ea2c9e88c813@group-0EE0E6A225EC-FollowerState] INFO  server.RaftServer$Division (RaftServerImpl.java:setRole(285)) - 95edf07e-7fec-45a0-b357-ea2c9e88c813@group-0EE0E6A225EC: changes role from  FOLLOWER to CANDIDATE at term 3 for changeToCandidate
2021-08-26 18:40:16,695 [95edf07e-7fec-45a0-b357-ea2c9e88c813@group-0EE0E6A225EC-FollowerState] INFO  server.RaftServerConfigKeys (ConfUtils.java:logGet(44)) - raft.server.leaderelection.pre-vote = false (custom)
2021-08-26 18:40:16,695 [95edf07e-7fec-45a0-b357-ea2c9e88c813@group-0EE0E6A225EC-FollowerState] INFO  impl.RoleInfo (RoleInfo.java:updateAndGet(130)) - 95edf07e-7fec-45a0-b357-ea2c9e88c813: start 95edf07e-7fec-45a0-b357-ea2c9e88c813@group-0EE0E6A225EC-LeaderElection86
2021-08-26 18:40:16,754 [134e4cc8-3e2d-4572-98bc-d75f353c351b@group-0EE0E6A225EC-FollowerState] INFO  impl.FollowerState (FollowerState.java:run(134)) - 134e4cc8-3e2d-4572-98bc-d75f353c351b@group-0EE0E6A225EC-FollowerState: change to CANDIDATE, lastRpcElapsedTime:5082419891ns, electionTimeout:5061ms
2021-08-26 18:40:16,754 [134e4cc8-3e2d-4572-98bc-d75f353c351b@group-0EE0E6A225EC-FollowerState] INFO  impl.RoleInfo (RoleInfo.java:shutdownFollowerState(108)) - 134e4cc8-3e2d-4572-98bc-d75f353c351b: shutdown 134e4cc8-3e2d-4572-98bc-d75f353c351b@group-0EE0E6A225EC-FollowerState
2021-08-26 18:40:16,754 [134e4cc8-3e2d-4572-98bc-d75f353c351b@group-0EE0E6A225EC-FollowerState] INFO  server.RaftServer$Division (RaftServerImpl.java:setRole(285)) - 134e4cc8-3e2d-4572-98bc-d75f353c351b@group-0EE0E6A225EC: changes role from  FOLLOWER to CANDIDATE at term 3 for changeToCandidate
2021-08-26 18:40:16,754 [134e4cc8-3e2d-4572-98bc-d75f353c351b@group-0EE0E6A225EC-FollowerState] INFO  server.RaftServerConfigKeys (ConfUtils.java:logGet(44)) - raft.server.leaderelection.pre-vote = false (custom)
2021-08-26 18:40:16,754 [134e4cc8-3e2d-4572-98bc-d75f353c351b@group-0EE0E6A225EC-FollowerState] INFO  impl.RoleInfo (RoleInfo.java:updateAndGet(130)) - 134e4cc8-3e2d-4572-98bc-d75f353c351b: start 134e4cc8-3e2d-4572-98bc-d75f353c351b@group-0EE0E6A225EC-LeaderElection87
2021-08-26 18:40:16,760 [95edf07e-7fec-45a0-b357-ea2c9e88c813@group-0EE0E6A225EC-LeaderElection86] INFO  impl.LeaderElection (LeaderElection.java:askForVotes(306)) - 95edf07e-7fec-45a0-b357-ea2c9e88c813@group-0EE0E6A225EC-LeaderElection86 ELECTION round 0: submit vote requests at term 4 for -1: [95edf07e-7fec-45a0-b357-ea2c9e88c813|rpc:10.1.0.63:34053|priority:0, 88d9c6ea-d0be-4004-8450-128776760c0b|rpc:10.1.0.63:32927|priority:0, 134e4cc8-3e2d-4572-98bc-d75f353c351b|rpc:10.1.0.63:40073|priority:1], old=null
2021-08-26 18:40:16,779 [134e4cc8-3e2d-4572-98bc-d75f353c351b@group-0EE0E6A225EC-LeaderElection87] INFO  impl.LeaderElection (LeaderElection.java:askForVotes(306)) - 134e4cc8-3e2d-4572-98bc-d75f353c351b@group-0EE0E6A225EC-LeaderElection87 ELECTION round 0: submit vote requests at term 4 for -1: [95edf07e-7fec-45a0-b357-ea2c9e88c813|rpc:10.1.0.63:34053|dataStream:|priority:0, 88d9c6ea-d0be-4004-8450-128776760c0b|rpc:10.1.0.63:32927|dataStream:|priority:0, 134e4cc8-3e2d-4572-98bc-d75f353c351b|rpc:10.1.0.63:40073|dataStream:|priority:1], old=null
2021-08-26 18:40:16,780 [grpc-default-executor-2] INFO  server.RaftServer$Division (RaftServerImpl.java:requestVote(1043)) - 88d9c6ea-d0be-4004-8450-128776760c0b@group-0EE0E6A225EC: receive requestVote(ELECTION, 95edf07e-7fec-45a0-b357-ea2c9e88c813, group-0EE0E6A225EC, 4, (t:0, i:0))
2021-08-26 18:40:16,780 [grpc-default-executor-2] INFO  impl.VoteContext (VoteContext.java:log(48)) - 88d9c6ea-d0be-4004-8450-128776760c0b@group-0EE0E6A225EC-FOLLOWER: accept ELECTION from 95edf07e-7fec-45a0-b357-ea2c9e88c813: our priority 0 <= candidate's priority 0
2021-08-26 18:40:16,780 [grpc-default-executor-2] INFO  server.RaftServer$Division (RaftServerImpl.java:setRole(285)) - 88d9c6ea-d0be-4004-8450-128776760c0b@group-0EE0E6A225EC: changes role from  FOLLOWER to FOLLOWER at term 4 for candidate:95edf07e-7fec-45a0-b357-ea2c9e88c813
2021-08-26 18:40:16,780 [grpc-default-executor-2] INFO  impl.RoleInfo (RoleInfo.java:shutdownFollowerState(108)) - 88d9c6ea-d0be-4004-8450-128776760c0b: shutdown 88d9c6ea-d0be-4004-8450-128776760c0b@group-0EE0E6A225EC-FollowerState
2021-08-26 18:40:16,799 [grpc-default-executor-2] INFO  impl.RoleInfo (RoleInfo.java:updateAndGet(130)) - 88d9c6ea-d0be-4004-8450-128776760c0b: start 88d9c6ea-d0be-4004-8450-128776760c0b@group-0EE0E6A225EC-FollowerState
2021-08-26 18:40:16,799 [88d9c6ea-d0be-4004-8450-128776760c0b@group-0EE0E6A225EC-FollowerState] INFO  impl.FollowerState (FollowerState.java:run(143)) - 88d9c6ea-d0be-4004-8450-128776760c0b@group-0EE0E6A225EC-FollowerState was interrupted: {}
java.lang.InterruptedException: sleep interrupted
	at java.lang.Thread.sleep(Native Method)
	at java.lang.Thread.sleep(Thread.java:340)
	at java.util.concurrent.TimeUnit.sleep(TimeUnit.java:386)
	at org.apache.ratis.util.TimeDuration.sleep(TimeDuration.java:324)
	at org.apache.ratis.util.TimeDuration.sleep(TimeDuration.java:309)
	at org.apache.ratis.server.impl.FollowerState.run(FollowerState.java:118)
2021-08-26 18:40:16,800 [grpc-default-executor-0] INFO  server.RaftServer$Division (RaftServerImpl.java:requestVote(1043)) - 134e4cc8-3e2d-4572-98bc-d75f353c351b@group-0EE0E6A225EC: receive requestVote(ELECTION, 95edf07e-7fec-45a0-b357-ea2c9e88c813, group-0EE0E6A225EC, 4, (t:0, i:0))
2021-08-26 18:40:16,800 [grpc-default-executor-0] INFO  impl.VoteContext (VoteContext.java:log(48)) - 134e4cc8-3e2d-4572-98bc-d75f353c351b@group-0EE0E6A225EC-CANDIDATE: reject ELECTION from 95edf07e-7fec-45a0-b357-ea2c9e88c813: already has voted for 134e4cc8-3e2d-4572-98bc-d75f353c351b at current term 4
2021-08-26 18:40:16,800 [grpc-default-executor-0] INFO  server.RaftServer$Division (RaftServerImpl.java:requestVote(1075)) - 134e4cc8-3e2d-4572-98bc-d75f353c351b@group-0EE0E6A225EC replies to ELECTION vote request: 95edf07e-7fec-45a0-b357-ea2c9e88c813<-134e4cc8-3e2d-4572-98bc-d75f353c351b#0:FAIL-t4. Peer's state: 134e4cc8-3e2d-4572-98bc-d75f353c351b@group-0EE0E6A225EC:t4, leader=null, voted=134e4cc8-3e2d-4572-98bc-d75f353c351b, raftlog=134e4cc8-3e2d-4572-98bc-d75f353c351b@group-0EE0E6A225EC-SegmentedRaftLog:OPENED:c-1,f-1,i0, conf=-1: [95edf07e-7fec-45a0-b357-ea2c9e88c813|rpc:10.1.0.63:34053|dataStream:|priority:0, 88d9c6ea-d0be-4004-8450-128776760c0b|rpc:10.1.0.63:32927|dataStream:|priority:0, 134e4cc8-3e2d-4572-98bc-d75f353c351b|rpc:10.1.0.63:40073|dataStream:|priority:1], old=null
2021-08-26 18:40:16,837 [grpc-default-executor-0] INFO  server.RaftServer$Division (RaftServerImpl.java:requestVote(1043)) - 95edf07e-7fec-45a0-b357-ea2c9e88c813@group-0EE0E6A225EC: receive requestVote(ELECTION, 134e4cc8-3e2d-4572-98bc-d75f353c351b, group-0EE0E6A225EC, 4, (t:0, i:0))
2021-08-26 18:40:16,837 [grpc-default-executor-0] INFO  impl.VoteContext (VoteContext.java:log(48)) - 95edf07e-7fec-45a0-b357-ea2c9e88c813@group-0EE0E6A225EC-CANDIDATE: reject ELECTION from 134e4cc8-3e2d-4572-98bc-d75f353c351b: already has voted for 95edf07e-7fec-45a0-b357-ea2c9e88c813 at current term 4
2021-08-26 18:40:16,837 [grpc-default-executor-0] INFO  server.RaftServer$Division (RaftServerImpl.java:requestVote(1075)) - 95edf07e-7fec-45a0-b357-ea2c9e88c813@group-0EE0E6A225EC replies to ELECTION vote request: 134e4cc8-3e2d-4572-98bc-d75f353c351b<-95edf07e-7fec-45a0-b357-ea2c9e88c813#0:FAIL-t4. Peer's state: 95edf07e-7fec-45a0-b357-ea2c9e88c813@group-0EE0E6A225EC:t4, leader=null, voted=95edf07e-7fec-45a0-b357-ea2c9e88c813, raftlog=95edf07e-7fec-45a0-b357-ea2c9e88c813@group-0EE0E6A225EC-SegmentedRaftLog:OPENED:c-1,f-1,i0, conf=-1: [95edf07e-7fec-45a0-b357-ea2c9e88c813|rpc:10.1.0.63:34053|priority:0, 88d9c6ea-d0be-4004-8450-128776760c0b|rpc:10.1.0.63:32927|priority:0, 134e4cc8-3e2d-4572-98bc-d75f353c351b|rpc:10.1.0.63:40073|priority:1], old=null
2021-08-26 18:40:16,839 [95edf07e-7fec-45a0-b357-ea2c9e88c813@group-0EE0E6A225EC-LeaderElection86] INFO  impl.LeaderElection (LeaderElection.java:logAndReturn(89)) - 95edf07e-7fec-45a0-b357-ea2c9e88c813@group-0EE0E6A225EC-LeaderElection86: ELECTION REJECTED received 1 response(s) and 0 exception(s):
2021-08-26 18:40:16,839 [95edf07e-7fec-45a0-b357-ea2c9e88c813@group-0EE0E6A225EC-LeaderElection86] INFO  impl.LeaderElection (LeaderElection.java:logAndReturn(93)) -   Response 0: 95edf07e-7fec-45a0-b357-ea2c9e88c813<-134e4cc8-3e2d-4572-98bc-d75f353c351b#0:FAIL-t4
2021-08-26 18:40:16,839 [95edf07e-7fec-45a0-b357-ea2c9e88c813@group-0EE0E6A225EC-LeaderElection86] INFO  impl.LeaderElection (LeaderElection.java:askForVotes(308)) - 95edf07e-7fec-45a0-b357-ea2c9e88c813@group-0EE0E6A225EC-LeaderElection86 ELECTION round 0: result REJECTED
2021-08-26 18:40:16,839 [95edf07e-7fec-45a0-b357-ea2c9e88c813@group-0EE0E6A225EC-LeaderElection86] INFO  server.RaftServer$Division (RaftServerImpl.java:setRole(285)) - 95edf07e-7fec-45a0-b357-ea2c9e88c813@group-0EE0E6A225EC: changes role from CANDIDATE to FOLLOWER at term 4 for REJECTED
2021-08-26 18:40:16,839 [95edf07e-7fec-45a0-b357-ea2c9e88c813@group-0EE0E6A225EC-LeaderElection86] INFO  impl.RoleInfo (RoleInfo.java:shutdownLeaderElection(121)) - 95edf07e-7fec-45a0-b357-ea2c9e88c813: shutdown 95edf07e-7fec-45a0-b357-ea2c9e88c813@group-0EE0E6A225EC-LeaderElection86
2021-08-26 18:40:16,839 [95edf07e-7fec-45a0-b357-ea2c9e88c813@group-0EE0E6A225EC-LeaderElection86] INFO  impl.RoleInfo (RoleInfo.java:updateAndGet(130)) - 95edf07e-7fec-45a0-b357-ea2c9e88c813: start 95edf07e-7fec-45a0-b357-ea2c9e88c813@group-0EE0E6A225EC-FollowerState
2021-08-26 18:40:16,881 [grpc-default-executor-0] WARN  server.GrpcLogAppender (LogUtils.java:warn(122)) - 87f05fb4-46b8-4bb5-a197-7bc4b26914eb@group-D2D68E1C8E59->b0d4646c-0fcd-42fc-b255-eb3c3c8c3636-AppendLogResponseHandler: Failed appendEntries: org.apache.ratis.thirdparty.io.grpc.StatusRuntimeException: UNAVAILABLE: io exception
2021-08-26 18:40:16,882 [grpc-default-executor-0] WARN  server.GrpcLogAppender (GrpcLogAppender.java:resetClient(111)) - 87f05fb4-46b8-4bb5-a197-7bc4b26914eb@group-D2D68E1C8E59->b0d4646c-0fcd-42fc-b255-eb3c3c8c3636-GrpcLogAppender: Leader has not got in touch with Follower 87f05fb4-46b8-4bb5-a197-7bc4b26914eb@group-D2D68E1C8E59->b0d4646c-0fcd-42fc-b255-eb3c3c8c3636(c0,m0,n1, attendVote=true, lastRpcSendTime=2, lastRpcResponseTime=12539) yet, just keep nextIndex unchanged and retry.
2021-08-26 18:40:16,883 [grpc-default-executor-1] INFO  server.RaftServer$Division (RaftServerImpl.java:requestVote(1043)) - 88d9c6ea-d0be-4004-8450-128776760c0b@group-0EE0E6A225EC: receive requestVote(ELECTION, 134e4cc8-3e2d-4572-98bc-d75f353c351b, group-0EE0E6A225EC, 4, (t:0, i:0))
2021-08-26 18:40:16,892 [grpc-default-executor-2] INFO  server.RaftServer$Division (RaftServerImpl.java:requestVote(1075)) - 88d9c6ea-d0be-4004-8450-128776760c0b@group-0EE0E6A225EC replies to ELECTION vote request: 95edf07e-7fec-45a0-b357-ea2c9e88c813<-88d9c6ea-d0be-4004-8450-128776760c0b#0:OK-t4. Peer's state: 88d9c6ea-d0be-4004-8450-128776760c0b@group-0EE0E6A225EC:t4, leader=null, voted=95edf07e-7fec-45a0-b357-ea2c9e88c813, raftlog=88d9c6ea-d0be-4004-8450-128776760c0b@group-0EE0E6A225EC-SegmentedRaftLog:OPENED:c-1,f-1,i0, conf=-1: [95edf07e-7fec-45a0-b357-ea2c9e88c813|rpc:10.1.0.63:34053|dataStream:|priority:0, 88d9c6ea-d0be-4004-8450-128776760c0b|rpc:10.1.0.63:32927|dataStream:|priority:0, 134e4cc8-3e2d-4572-98bc-d75f353c351b|rpc:10.1.0.63:40073|dataStream:|priority:1], old=null
2021-08-26 18:40:16,892 [grpc-default-executor-1] INFO  impl.VoteContext (VoteContext.java:log(48)) - 88d9c6ea-d0be-4004-8450-128776760c0b@group-0EE0E6A225EC-FOLLOWER: reject ELECTION from 134e4cc8-3e2d-4572-98bc-d75f353c351b: already has voted for 95edf07e-7fec-45a0-b357-ea2c9e88c813 at current term 4
2021-08-26 18:40:16,892 [grpc-default-executor-1] INFO  server.RaftServer$Division (RaftServerImpl.java:requestVote(1075)) - 88d9c6ea-d0be-4004-8450-128776760c0b@group-0EE0E6A225EC replies to ELECTION vote request: 134e4cc8-3e2d-4572-98bc-d75f353c351b<-88d9c6ea-d0be-4004-8450-128776760c0b#0:FAIL-t4. Peer's state: 88d9c6ea-d0be-4004-8450-128776760c0b@group-0EE0E6A225EC:t4, leader=null, voted=95edf07e-7fec-45a0-b357-ea2c9e88c813, raftlog=88d9c6ea-d0be-4004-8450-128776760c0b@group-0EE0E6A225EC-SegmentedRaftLog:OPENED:c-1,f-1,i0, conf=-1: [95edf07e-7fec-45a0-b357-ea2c9e88c813|rpc:10.1.0.63:34053|dataStream:|priority:0, 88d9c6ea-d0be-4004-8450-128776760c0b|rpc:10.1.0.63:32927|dataStream:|priority:0, 134e4cc8-3e2d-4572-98bc-d75f353c351b|rpc:10.1.0.63:40073|dataStream:|priority:1], old=null
2021-08-26 18:40:16,893 [134e4cc8-3e2d-4572-98bc-d75f353c351b@group-0EE0E6A225EC-LeaderElection87] INFO  impl.LeaderElection (LeaderElection.java:logAndReturn(89)) - 134e4cc8-3e2d-4572-98bc-d75f353c351b@group-0EE0E6A225EC-LeaderElection87: ELECTION REJECTED received 2 response(s) and 0 exception(s):
2021-08-26 18:40:16,893 [134e4cc8-3e2d-4572-98bc-d75f353c351b@group-0EE0E6A225EC-LeaderElection87] INFO  impl.LeaderElection (LeaderElection.java:logAndReturn(93)) -   Response 0: 134e4cc8-3e2d-4572-98bc-d75f353c351b<-95edf07e-7fec-45a0-b357-ea2c9e88c813#0:FAIL-t4
2021-08-26 18:40:16,893 [134e4cc8-3e2d-4572-98bc-d75f353c351b@group-0EE0E6A225EC-LeaderElection87] INFO  impl.LeaderElection (LeaderElection.java:logAndReturn(93)) -   Response 1: 134e4cc8-3e2d-4572-98bc-d75f353c351b<-88d9c6ea-d0be-4004-8450-128776760c0b#0:FAIL-t4
2021-08-26 18:40:16,893 [134e4cc8-3e2d-4572-98bc-d75f353c351b@group-0EE0E6A225EC-LeaderElection87] INFO  impl.LeaderElection (LeaderElection.java:askForVotes(308)) - 134e4cc8-3e2d-4572-98bc-d75f353c351b@group-0EE0E6A225EC-LeaderElection87 ELECTION round 0: result REJECTED
2021-08-26 18:40:16,893 [134e4cc8-3e2d-4572-98bc-d75f353c351b@group-0EE0E6A225EC-LeaderElection87] INFO  server.RaftServer$Division (RaftServerImpl.java:setRole(285)) - 134e4cc8-3e2d-4572-98bc-d75f353c351b@group-0EE0E6A225EC: changes role from CANDIDATE to FOLLOWER at term 4 for REJECTED
2021-08-26 18:40:16,894 [134e4cc8-3e2d-4572-98bc-d75f353c351b@group-0EE0E6A225EC-LeaderElection87] INFO  impl.RoleInfo (RoleInfo.java:shutdownLeaderElection(121)) - 134e4cc8-3e2d-4572-98bc-d75f353c351b: shutdown 134e4cc8-3e2d-4572-98bc-d75f353c351b@group-0EE0E6A225EC-LeaderElection87
2021-08-26 18:40:16,894 [134e4cc8-3e2d-4572-98bc-d75f353c351b@group-0EE0E6A225EC-LeaderElection87] INFO  impl.RoleInfo (RoleInfo.java:updateAndGet(130)) - 134e4cc8-3e2d-4572-98bc-d75f353c351b: start 134e4cc8-3e2d-4572-98bc-d75f353c351b@group-0EE0E6A225EC-FollowerState
2021-08-26 18:40:17,556 [grpc-default-executor-1] WARN  server.GrpcLogAppender (LogUtils.java:warn(122)) - 87f05fb4-46b8-4bb5-a197-7bc4b26914eb@group-D6CBFFE24189->b0d4646c-0fcd-42fc-b255-eb3c3c8c3636-AppendLogResponseHandler: Failed appendEntries: org.apache.ratis.thirdparty.io.grpc.StatusRuntimeException: UNAVAILABLE: io exception
2021-08-26 18:40:17,556 [grpc-default-executor-1] WARN  server.GrpcLogAppender (GrpcLogAppender.java:resetClient(111)) - 87f05fb4-46b8-4bb5-a197-7bc4b26914eb@group-D6CBFFE24189->b0d4646c-0fcd-42fc-b255-eb3c3c8c3636-GrpcLogAppender: Leader has not got in touch with Follower 87f05fb4-46b8-4bb5-a197-7bc4b26914eb@group-D6CBFFE24189->b0d4646c-0fcd-42fc-b255-eb3c3c8c3636(c-1,m0,n3, attendVote=true, lastRpcSendTime=2501, lastRpcResponseTime=12903) yet, just keep nextIndex unchanged and retry.
2021-08-26 18:40:19,400 [grpc-default-executor-1] WARN  server.GrpcLogAppender (LogUtils.java:warn(122)) - 87f05fb4-46b8-4bb5-a197-7bc4b26914eb@group-D2D68E1C8E59->b0d4646c-0fcd-42fc-b255-eb3c3c8c3636-AppendLogResponseHandler: Failed appendEntries: org.apache.ratis.thirdparty.io.grpc.StatusRuntimeException: UNAVAILABLE: io exception
2021-08-26 18:40:19,401 [grpc-default-executor-1] WARN  server.GrpcLogAppender (GrpcLogAppender.java:resetClient(111)) - 87f05fb4-46b8-4bb5-a197-7bc4b26914eb@group-D2D68E1C8E59->b0d4646c-0fcd-42fc-b255-eb3c3c8c3636-GrpcLogAppender: Leader has not got in touch with Follower 87f05fb4-46b8-4bb5-a197-7bc4b26914eb@group-D2D68E1C8E59->b0d4646c-0fcd-42fc-b255-eb3c3c8c3636(c0,m0,n1, attendVote=true, lastRpcSendTime=2521, lastRpcResponseTime=15058) yet, just keep nextIndex unchanged and retry.
2021-08-26 18:40:20,063 [grpc-default-executor-1] WARN  server.GrpcLogAppender (LogUtils.java:warn(122)) - 87f05fb4-46b8-4bb5-a197-7bc4b26914eb@group-D6CBFFE24189->b0d4646c-0fcd-42fc-b255-eb3c3c8c3636-AppendLogResponseHandler: Failed appendEntries: org.apache.ratis.thirdparty.io.grpc.StatusRuntimeException: UNAVAILABLE: io exception
2021-08-26 18:40:20,063 [grpc-default-executor-1] WARN  server.GrpcLogAppender (GrpcLogAppender.java:resetClient(111)) - 87f05fb4-46b8-4bb5-a197-7bc4b26914eb@group-D6CBFFE24189->b0d4646c-0fcd-42fc-b255-eb3c3c8c3636-GrpcLogAppender: Leader has not got in touch with Follower 87f05fb4-46b8-4bb5-a197-7bc4b26914eb@group-D6CBFFE24189->b0d4646c-0fcd-42fc-b255-eb3c3c8c3636(c-1,m0,n3, attendVote=true, lastRpcSendTime=2506, lastRpcResponseTime=15410) yet, just keep nextIndex unchanged and retry.
2021-08-26 18:40:20,661 [EventQueue-DeadNodeForDeadNodeHandler] INFO  node.DeadNodeHandler (DeadNodeHandler.java:onMessage(80)) - A dead datanode is detected. b0d4646c-0fcd-42fc-b255-eb3c3c8c3636{ip: 10.1.0.63, host: fv-az184-233.3ow45vhwbzuu5incsxmygykede.cx.internal.cloudapp.net, ports: [REPLICATION=38487, RATIS=45237, RATIS_ADMIN=45237, RATIS_SERVER=45237, STANDALONE=33471], networkLocation: /default-rack, certSerialId: null, persistedOpState: IN_SERVICE, persistedOpStateExpiryEpochSec: 0}
2021-08-26 18:40:20,662 [EventQueue-DeadNodeForDeadNodeHandler] INFO  pipeline.RatisPipelineProvider (RatisPipelineProvider.java:lambda$close$1(222)) - Send pipeline:PipelineID=add1658b-e2b5-4f06-8c7a-d6cbffe24189 close command to datanode 87f05fb4-46b8-4bb5-a197-7bc4b26914eb
2021-08-26 18:40:20,662 [EventQueue-DeadNodeForDeadNodeHandler] INFO  pipeline.RatisPipelineProvider (RatisPipelineProvider.java:lambda$close$1(222)) - Send pipeline:PipelineID=add1658b-e2b5-4f06-8c7a-d6cbffe24189 close command to datanode b0d4646c-0fcd-42fc-b255-eb3c3c8c3636
2021-08-26 18:40:20,662 [EventQueue-DeadNodeForDeadNodeHandler] INFO  pipeline.RatisPipelineProvider (RatisPipelineProvider.java:lambda$close$1(222)) - Send pipeline:PipelineID=add1658b-e2b5-4f06-8c7a-d6cbffe24189 close command to datanode feac8f5a-1b39-4e45-882b-39b2a71e70b7
2021-08-26 18:40:20,664 [EventQueue-DeadNodeForDeadNodeHandler] INFO  pipeline.PipelineStateManager (PipelineStateManagerV2Impl.java:removePipeline(211)) - Pipeline Pipeline[ Id: add1658b-e2b5-4f06-8c7a-d6cbffe24189, Nodes: 87f05fb4-46b8-4bb5-a197-7bc4b26914eb{ip: 10.1.0.63, host: fv-az184-233.3ow45vhwbzuu5incsxmygykede.cx.internal.cloudapp.net, ports: [REPLICATION=41467, RATIS=44187, RATIS_ADMIN=44187, RATIS_SERVER=44187, STANDALONE=44877], networkLocation: /default-rack, certSerialId: null, persistedOpState: IN_SERVICE, persistedOpStateExpiryEpochSec: 0}b0d4646c-0fcd-42fc-b255-eb3c3c8c3636{ip: 10.1.0.63, host: fv-az184-233.3ow45vhwbzuu5incsxmygykede.cx.internal.cloudapp.net, ports: [REPLICATION=38487, RATIS=45237, RATIS_ADMIN=45237, RATIS_SERVER=45237, STANDALONE=33471], networkLocation: /default-rack, certSerialId: null, persistedOpState: IN_SERVICE, persistedOpStateExpiryEpochSec: 0}feac8f5a-1b39-4e45-882b-39b2a71e70b7{ip: 10.1.0.63, host: fv-az184-233.3ow45vhwbzuu5incsxmygykede.cx.internal.cloudapp.net, ports: [REPLICATION=40843, RATIS=43083, RATIS_ADMIN=43083, RATIS_SERVER=43083, STANDALONE=44649], networkLocation: /default-rack, certSerialId: null, persistedOpState: IN_SERVICE, persistedOpStateExpiryEpochSec: 0}, ReplicationConfig: RATIS/THREE, State:CLOSED, leaderId:87f05fb4-46b8-4bb5-a197-7bc4b26914eb, CreationTimestamp2021-08-26T18:39:51.907Z[Etc/UTC]] removed.
2021-08-26 18:40:20,664 [EventQueue-DeadNodeForDeadNodeHandler] INFO  pipeline.RatisPipelineProvider (RatisPipelineProvider.java:lambda$close$1(222)) - Send pipeline:PipelineID=2466034c-f8ae-4bff-8a7c-d2d68e1c8e59 close command to datanode feac8f5a-1b39-4e45-882b-39b2a71e70b7
2021-08-26 18:40:20,664 [EventQueue-DeadNodeForDeadNodeHandler] INFO  pipeline.RatisPipelineProvider (RatisPipelineProvider.java:lambda$close$1(222)) - Send pipeline:PipelineID=2466034c-f8ae-4bff-8a7c-d2d68e1c8e59 close command to datanode 87f05fb4-46b8-4bb5-a197-7bc4b26914eb
2021-08-26 18:40:20,665 [EventQueue-DeadNodeForDeadNodeHandler] INFO  pipeline.RatisPipelineProvider (RatisPipelineProvider.java:lambda$close$1(222)) - Send pipeline:PipelineID=2466034c-f8ae-4bff-8a7c-d2d68e1c8e59 close command to datanode b0d4646c-0fcd-42fc-b255-eb3c3c8c3636
2021-08-26 18:40:20,665 [EventQueue-DeadNodeForDeadNodeHandler] INFO  pipeline.PipelineStateManager (PipelineStateManagerV2Impl.java:removePipeline(211)) - Pipeline Pipeline[ Id: 2466034c-f8ae-4bff-8a7c-d2d68e1c8e59, Nodes: feac8f5a-1b39-4e45-882b-39b2a71e70b7{ip: 10.1.0.63, host: fv-az184-233.3ow45vhwbzuu5incsxmygykede.cx.internal.cloudapp.net, ports: [REPLICATION=40843, RATIS=43083, RATIS_ADMIN=43083, RATIS_SERVER=43083, STANDALONE=44649], networkLocation: /default-rack, certSerialId: null, persistedOpState: IN_SERVICE, persistedOpStateExpiryEpochSec: 0}87f05fb4-46b8-4bb5-a197-7bc4b26914eb{ip: 10.1.0.63, host: fv-az184-233.3ow45vhwbzuu5incsxmygykede.cx.internal.cloudapp.net, ports: [REPLICATION=41467, RATIS=44187, RATIS_ADMIN=44187, RATIS_SERVER=44187, STANDALONE=44877], networkLocation: /default-rack, certSerialId: null, persistedOpState: IN_SERVICE, persistedOpStateExpiryEpochSec: 0}b0d4646c-0fcd-42fc-b255-eb3c3c8c3636{ip: 10.1.0.63, host: fv-az184-233.3ow45vhwbzuu5incsxmygykede.cx.internal.cloudapp.net, ports: [REPLICATION=38487, RATIS=45237, RATIS_ADMIN=45237, RATIS_SERVER=45237, STANDALONE=33471], networkLocation: /default-rack, certSerialId: null, persistedOpState: IN_SERVICE, persistedOpStateExpiryEpochSec: 0}, ReplicationConfig: RATIS/THREE, State:CLOSED, leaderId:87f05fb4-46b8-4bb5-a197-7bc4b26914eb, CreationTimestamp2021-08-26T18:39:51.903Z[Etc/UTC]] removed.
2021-08-26 18:40:20,665 [EventQueue-DeadNodeForDeadNodeHandler] INFO  pipeline.RatisPipelineProvider (RatisPipelineProvider.java:lambda$close$1(222)) - Send pipeline:PipelineID=f60b2554-eed1-4952-8c74-377879bf8640 close command to datanode b0d4646c-0fcd-42fc-b255-eb3c3c8c3636
2021-08-26 18:40:20,665 [EventQueue-DeadNodeForDeadNodeHandler] INFO  pipeline.PipelineStateManager (PipelineStateManagerV2Impl.java:removePipeline(211)) - Pipeline Pipeline[ Id: f60b2554-eed1-4952-8c74-377879bf8640, Nodes: b0d4646c-0fcd-42fc-b255-eb3c3c8c3636{ip: 10.1.0.63, host: fv-az184-233.3ow45vhwbzuu5incsxmygykede.cx.internal.cloudapp.net, ports: [REPLICATION=38487, RATIS=45237, RATIS_ADMIN=45237, RATIS_SERVER=45237, STANDALONE=33471], networkLocation: /default-rack, certSerialId: null, persistedOpState: IN_SERVICE, persistedOpStateExpiryEpochSec: 0}, ReplicationConfig: RATIS/ONE, State:CLOSED, leaderId:b0d4646c-0fcd-42fc-b255-eb3c3c8c3636, CreationTimestamp2021-08-26T18:39:50.388Z[Etc/UTC]] removed.
2021-08-26 18:40:20,665 [EventQueue-DeadNodeForDeadNodeHandler] INFO  net.NetworkTopologyImpl (NetworkTopologyImpl.java:remove(137)) - Removed a node: /default-rack/b0d4646c-0fcd-42fc-b255-eb3c3c8c3636
2021-08-26 18:40:21,874 [95edf07e-7fec-45a0-b357-ea2c9e88c813@group-0EE0E6A225EC-FollowerState] INFO  impl.FollowerState (FollowerState.java:run(134)) - 95edf07e-7fec-45a0-b357-ea2c9e88c813@group-0EE0E6A225EC-FollowerState: change to CANDIDATE, lastRpcElapsedTime:5034940478ns, electionTimeout:5025ms
2021-08-26 18:40:21,874 [95edf07e-7fec-45a0-b357-ea2c9e88c813@group-0EE0E6A225EC-FollowerState] INFO  impl.RoleInfo (RoleInfo.java:shutdownFollowerState(108)) - 95edf07e-7fec-45a0-b357-ea2c9e88c813: shutdown 95edf07e-7fec-45a0-b357-ea2c9e88c813@group-0EE0E6A225EC-FollowerState
2021-08-26 18:40:21,874 [95edf07e-7fec-45a0-b357-ea2c9e88c813@group-0EE0E6A225EC-FollowerState] INFO  server.RaftServer$Division (RaftServerImpl.java:setRole(285)) - 95edf07e-7fec-45a0-b357-ea2c9e88c813@group-0EE0E6A225EC: changes role from  FOLLOWER to CANDIDATE at term 4 for changeToCandidate
2021-08-26 18:40:21,874 [95edf07e-7fec-45a0-b357-ea2c9e88c813@group-0EE0E6A225EC-FollowerState] INFO  server.RaftServerConfigKeys (ConfUtils.java:logGet(44)) - raft.server.leaderelection.pre-vote = false (custom)
2021-08-26 18:40:21,875 [95edf07e-7fec-45a0-b357-ea2c9e88c813@group-0EE0E6A225EC-FollowerState] INFO  impl.RoleInfo (RoleInfo.java:updateAndGet(130)) - 95edf07e-7fec-45a0-b357-ea2c9e88c813: start 95edf07e-7fec-45a0-b357-ea2c9e88c813@group-0EE0E6A225EC-LeaderElection88
2021-08-26 18:40:21,896 [95edf07e-7fec-45a0-b357-ea2c9e88c813@group-0EE0E6A225EC-LeaderElection88] INFO  impl.LeaderElection (LeaderElection.java:askForVotes(306)) - 95edf07e-7fec-45a0-b357-ea2c9e88c813@group-0EE0E6A225EC-LeaderElection88 ELECTION round 0: submit vote requests at term 5 for -1: [95edf07e-7fec-45a0-b357-ea2c9e88c813|rpc:10.1.0.63:34053|priority:0, 88d9c6ea-d0be-4004-8450-128776760c0b|rpc:10.1.0.63:32927|priority:0, 134e4cc8-3e2d-4572-98bc-d75f353c351b|rpc:10.1.0.63:40073|priority:1], old=null
2021-08-26 18:40:21,905 [grpc-default-executor-1] INFO  server.RaftServer$Division (RaftServerImpl.java:requestVote(1043)) - 88d9c6ea-d0be-4004-8450-128776760c0b@group-0EE0E6A225EC: receive requestVote(ELECTION, 95edf07e-7fec-45a0-b357-ea2c9e88c813, group-0EE0E6A225EC, 5, (t:0, i:0))
2021-08-26 18:40:21,905 [grpc-default-executor-1] INFO  impl.VoteContext (VoteContext.java:log(48)) - 88d9c6ea-d0be-4004-8450-128776760c0b@group-0EE0E6A225EC-FOLLOWER: accept ELECTION from 95edf07e-7fec-45a0-b357-ea2c9e88c813: our priority 0 <= candidate's priority 0
2021-08-26 18:40:21,905 [grpc-default-executor-1] INFO  server.RaftServer$Division (RaftServerImpl.java:setRole(285)) - 88d9c6ea-d0be-4004-8450-128776760c0b@group-0EE0E6A225EC: changes role from  FOLLOWER to FOLLOWER at term 5 for candidate:95edf07e-7fec-45a0-b357-ea2c9e88c813
2021-08-26 18:40:21,905 [grpc-default-executor-1] INFO  impl.RoleInfo (RoleInfo.java:shutdownFollowerState(108)) - 88d9c6ea-d0be-4004-8450-128776760c0b: shutdown 88d9c6ea-d0be-4004-8450-128776760c0b@group-0EE0E6A225EC-FollowerState
2021-08-26 18:40:21,906 [grpc-default-executor-1] INFO  impl.RoleInfo (RoleInfo.java:updateAndGet(130)) - 88d9c6ea-d0be-4004-8450-128776760c0b: start 88d9c6ea-d0be-4004-8450-128776760c0b@group-0EE0E6A225EC-FollowerState
2021-08-26 18:40:21,906 [88d9c6ea-d0be-4004-8450-128776760c0b@group-0EE0E6A225EC-FollowerState] INFO  impl.FollowerState (FollowerState.java:run(143)) - 88d9c6ea-d0be-4004-8450-128776760c0b@group-0EE0E6A225EC-FollowerState was interrupted: {}
java.lang.InterruptedException: sleep interrupted
	at java.lang.Thread.sleep(Native Method)
	at java.lang.Thread.sleep(Thread.java:340)
	at java.util.concurrent.TimeUnit.sleep(TimeUnit.java:386)
	at org.apache.ratis.util.TimeDuration.sleep(TimeDuration.java:324)
	at org.apache.ratis.util.TimeDuration.sleep(TimeDuration.java:309)
	at org.apache.ratis.server.impl.FollowerState.run(FollowerState.java:118)
2021-08-26 18:40:21,909 [grpc-default-executor-0] INFO  server.RaftServer$Division (RaftServerImpl.java:requestVote(1043)) - 134e4cc8-3e2d-4572-98bc-d75f353c351b@group-0EE0E6A225EC: receive requestVote(ELECTION, 95edf07e-7fec-45a0-b357-ea2c9e88c813, group-0EE0E6A225EC, 5, (t:0, i:0))
2021-08-26 18:40:21,909 [grpc-default-executor-0] INFO  impl.VoteContext (VoteContext.java:log(48)) - 134e4cc8-3e2d-4572-98bc-d75f353c351b@group-0EE0E6A225EC-FOLLOWER: reject ELECTION from 95edf07e-7fec-45a0-b357-ea2c9e88c813: our priority 1 > candidate's priority 0
2021-08-26 18:40:21,909 [grpc-default-executor-0] INFO  server.RaftServer$Division (RaftServerImpl.java:setRole(285)) - 134e4cc8-3e2d-4572-98bc-d75f353c351b@group-0EE0E6A225EC: changes role from  FOLLOWER to FOLLOWER at term 5 for candidate:95edf07e-7fec-45a0-b357-ea2c9e88c813
2021-08-26 18:40:21,909 [grpc-default-executor-0] INFO  impl.RoleInfo (RoleInfo.java:shutdownFollowerState(108)) - 134e4cc8-3e2d-4572-98bc-d75f353c351b: shutdown 134e4cc8-3e2d-4572-98bc-d75f353c351b@group-0EE0E6A225EC-FollowerState
2021-08-26 18:40:21,910 [grpc-default-executor-0] INFO  impl.RoleInfo (RoleInfo.java:updateAndGet(130)) - 134e4cc8-3e2d-4572-98bc-d75f353c351b: start 134e4cc8-3e2d-4572-98bc-d75f353c351b@group-0EE0E6A225EC-FollowerState
2021-08-26 18:40:21,910 [134e4cc8-3e2d-4572-98bc-d75f353c351b@group-0EE0E6A225EC-FollowerState] INFO  impl.FollowerState (FollowerState.java:run(143)) - 134e4cc8-3e2d-4572-98bc-d75f353c351b@group-0EE0E6A225EC-FollowerState was interrupted: {}
java.lang.InterruptedException: sleep interrupted
	at java.lang.Thread.sleep(Native Method)
	at java.lang.Thread.sleep(Thread.java:340)
	at java.util.concurrent.TimeUnit.sleep(TimeUnit.java:386)
	at org.apache.ratis.util.TimeDuration.sleep(TimeDuration.java:324)
	at org.apache.ratis.util.TimeDuration.sleep(TimeDuration.java:309)
	at org.apache.ratis.server.impl.FollowerState.run(FollowerState.java:118)
2021-08-26 18:40:21,922 [grpc-default-executor-2] WARN  server.GrpcLogAppender (LogUtils.java:warn(122)) - 87f05fb4-46b8-4bb5-a197-7bc4b26914eb@group-D2D68E1C8E59->b0d4646c-0fcd-42fc-b255-eb3c3c8c3636-AppendLogResponseHandler: Failed appendEntries: org.apache.ratis.thirdparty.io.grpc.StatusRuntimeException: UNAVAILABLE: io exception
2021-08-26 18:40:21,922 [grpc-default-executor-2] WARN  server.GrpcLogAppender (GrpcLogAppender.java:resetClient(111)) - 87f05fb4-46b8-4bb5-a197-7bc4b26914eb@group-D2D68E1C8E59->b0d4646c-0fcd-42fc-b255-eb3c3c8c3636-GrpcLogAppender: Leader has not got in touch with Follower 87f05fb4-46b8-4bb5-a197-7bc4b26914eb@group-D2D68E1C8E59->b0d4646c-0fcd-42fc-b255-eb3c3c8c3636(c0,m0,n1, attendVote=true, lastRpcSendTime=2520, lastRpcResponseTime=17579) yet, just keep nextIndex unchanged and retry.
2021-08-26 18:40:21,927 [grpc-default-executor-1] INFO  server.RaftServer$Division (RaftServerImpl.java:requestVote(1075)) - 88d9c6ea-d0be-4004-8450-128776760c0b@group-0EE0E6A225EC replies to ELECTION vote request: 95edf07e-7fec-45a0-b357-ea2c9e88c813<-88d9c6ea-d0be-4004-8450-128776760c0b#0:OK-t5. Peer's state: 88d9c6ea-d0be-4004-8450-128776760c0b@group-0EE0E6A225EC:t5, leader=null, voted=95edf07e-7fec-45a0-b357-ea2c9e88c813, raftlog=88d9c6ea-d0be-4004-8450-128776760c0b@group-0EE0E6A225EC-SegmentedRaftLog:OPENED:c-1,f-1,i0, conf=-1: [95edf07e-7fec-45a0-b357-ea2c9e88c813|rpc:10.1.0.63:34053|dataStream:|priority:0, 88d9c6ea-d0be-4004-8450-128776760c0b|rpc:10.1.0.63:32927|dataStream:|priority:0, 134e4cc8-3e2d-4572-98bc-d75f353c351b|rpc:10.1.0.63:40073|dataStream:|priority:1], old=null
2021-08-26 18:40:21,944 [grpc-default-executor-0] INFO  server.RaftServer$Division (RaftServerImpl.java:requestVote(1075)) - 134e4cc8-3e2d-4572-98bc-d75f353c351b@group-0EE0E6A225EC replies to ELECTION vote request: 95edf07e-7fec-45a0-b357-ea2c9e88c813<-134e4cc8-3e2d-4572-98bc-d75f353c351b#0:FAIL-t5. Peer's state: 134e4cc8-3e2d-4572-98bc-d75f353c351b@group-0EE0E6A225EC:t5, leader=null, voted=null, raftlog=134e4cc8-3e2d-4572-98bc-d75f353c351b@group-0EE0E6A225EC-SegmentedRaftLog:OPENED:c-1,f-1,i0, conf=-1: [95edf07e-7fec-45a0-b357-ea2c9e88c813|rpc:10.1.0.63:34053|dataStream:|priority:0, 88d9c6ea-d0be-4004-8450-128776760c0b|rpc:10.1.0.63:32927|dataStream:|priority:0, 134e4cc8-3e2d-4572-98bc-d75f353c351b|rpc:10.1.0.63:40073|dataStream:|priority:1], old=null
2021-08-26 18:40:21,944 [95edf07e-7fec-45a0-b357-ea2c9e88c813@group-0EE0E6A225EC-LeaderElection88] INFO  impl.LeaderElection (LeaderElection.java:logAndReturn(89)) - 95edf07e-7fec-45a0-b357-ea2c9e88c813@group-0EE0E6A225EC-LeaderElection88: ELECTION REJECTED received 2 response(s) and 0 exception(s):
2021-08-26 18:40:21,944 [95edf07e-7fec-45a0-b357-ea2c9e88c813@group-0EE0E6A225EC-LeaderElection88] INFO  impl.LeaderElection (LeaderElection.java:logAndReturn(93)) -   Response 0: 95edf07e-7fec-45a0-b357-ea2c9e88c813<-88d9c6ea-d0be-4004-8450-128776760c0b#0:OK-t5
2021-08-26 18:40:21,944 [95edf07e-7fec-45a0-b357-ea2c9e88c813@group-0EE0E6A225EC-LeaderElection88] INFO  impl.LeaderElection (LeaderElection.java:logAndReturn(93)) -   Response 1: 95edf07e-7fec-45a0-b357-ea2c9e88c813<-134e4cc8-3e2d-4572-98bc-d75f353c351b#0:FAIL-t5
2021-08-26 18:40:21,945 [95edf07e-7fec-45a0-b357-ea2c9e88c813@group-0EE0E6A225EC-LeaderElection88] INFO  impl.LeaderElection (LeaderElection.java:askForVotes(308)) - 95edf07e-7fec-45a0-b357-ea2c9e88c813@group-0EE0E6A225EC-LeaderElection88 ELECTION round 0: result REJECTED
2021-08-26 18:40:21,945 [95edf07e-7fec-45a0-b357-ea2c9e88c813@group-0EE0E6A225EC-LeaderElection88] INFO  server.RaftServer$Division (RaftServerImpl.java:setRole(285)) - 95edf07e-7fec-45a0-b357-ea2c9e88c813@group-0EE0E6A225EC: changes role from CANDIDATE to FOLLOWER at term 5 for REJECTED
2021-08-26 18:40:21,945 [95edf07e-7fec-45a0-b357-ea2c9e88c813@group-0EE0E6A225EC-LeaderElection88] INFO  impl.RoleInfo (RoleInfo.java:shutdownLeaderElection(121)) - 95edf07e-7fec-45a0-b357-ea2c9e88c813: shutdown 95edf07e-7fec-45a0-b357-ea2c9e88c813@group-0EE0E6A225EC-LeaderElection88
2021-08-26 18:40:21,945 [95edf07e-7fec-45a0-b357-ea2c9e88c813@group-0EE0E6A225EC-LeaderElection88] INFO  impl.RoleInfo (RoleInfo.java:updateAndGet(130)) - 95edf07e-7fec-45a0-b357-ea2c9e88c813: start 95edf07e-7fec-45a0-b357-ea2c9e88c813@group-0EE0E6A225EC-FollowerState
2021-08-26 18:40:22,487 [Command processor thread] INFO  server.RaftServer (RaftServerProxy.java:remove(106)) - feac8f5a-1b39-4e45-882b-39b2a71e70b7: remove  FOLLOWER feac8f5a-1b39-4e45-882b-39b2a71e70b7@group-D6CBFFE24189:t2, leader=87f05fb4-46b8-4bb5-a197-7bc4b26914eb, voted=87f05fb4-46b8-4bb5-a197-7bc4b26914eb, raftlog=feac8f5a-1b39-4e45-882b-39b2a71e70b7@group-D6CBFFE24189-SegmentedRaftLog:OPENED:c2,f2,i2, conf=1: [feac8f5a-1b39-4e45-882b-39b2a71e70b7|rpc:10.1.0.63:43083|dataStream:|priority:0, 87f05fb4-46b8-4bb5-a197-7bc4b26914eb|rpc:10.1.0.63:44187|dataStream:|priority:0, b0d4646c-0fcd-42fc-b255-eb3c3c8c3636|rpc:10.1.0.63:45237|dataStream:|priority:1], old=null RUNNING
2021-08-26 18:40:22,487 [Command processor thread] INFO  server.RaftServer$Division (RaftServerImpl.java:lambda$close$4(407)) - feac8f5a-1b39-4e45-882b-39b2a71e70b7@group-D6CBFFE24189: shutdown
2021-08-26 18:40:22,487 [Command processor thread] INFO  util.JmxRegister (JmxRegister.java:unregister(73)) - Successfully un-registered JMX Bean with object name Ratis:service=RaftServer,group=group-D6CBFFE24189,id=feac8f5a-1b39-4e45-882b-39b2a71e70b7
2021-08-26 18:40:22,488 [Command processor thread] INFO  impl.RoleInfo (RoleInfo.java:shutdownFollowerState(108)) - feac8f5a-1b39-4e45-882b-39b2a71e70b7: shutdown feac8f5a-1b39-4e45-882b-39b2a71e70b7@group-D6CBFFE24189-FollowerState
2021-08-26 18:40:22,488 [Command processor thread] INFO  impl.StateMachineUpdater (StateMachineUpdater.java:stopAndJoin(149)) - feac8f5a-1b39-4e45-882b-39b2a71e70b7@group-D6CBFFE24189-StateMachineUpdater: set stopIndex = 2
2021-08-26 18:40:22,488 [feac8f5a-1b39-4e45-882b-39b2a71e70b7@group-D6CBFFE24189-FollowerState] INFO  impl.FollowerState (FollowerState.java:run(143)) - feac8f5a-1b39-4e45-882b-39b2a71e70b7@group-D6CBFFE24189-FollowerState was interrupted: {}
java.lang.InterruptedException: sleep interrupted
	at java.lang.Thread.sleep(Native Method)
	at java.lang.Thread.sleep(Thread.java:340)
	at java.util.concurrent.TimeUnit.sleep(TimeUnit.java:386)
	at org.apache.ratis.util.TimeDuration.sleep(TimeDuration.java:324)
	at org.apache.ratis.util.TimeDuration.sleep(TimeDuration.java:309)
	at org.apache.ratis.server.impl.FollowerState.run(FollowerState.java:118)
2021-08-26 18:40:22,488 [feac8f5a-1b39-4e45-882b-39b2a71e70b7@group-D6CBFFE24189-StateMachineUpdater] INFO  ratis.ContainerStateMachine (ContainerStateMachine.java:takeSnapshot(292)) - group-D6CBFFE24189: Taking a snapshot at:(t:2, i:2) file /home/runner/work/ozone/ozone/hadoop-ozone/integration-test/target/test-dir/MiniOzoneClusterImpl-7287d2d4-454f-4da5-bbdc-7dc3b2fb158b/datanode-1/data/ratis/add1658b-e2b5-4f06-8c7a-d6cbffe24189/sm/snapshot.2_2
2021-08-26 18:40:22,499 [feac8f5a-1b39-4e45-882b-39b2a71e70b7@group-D6CBFFE24189-StateMachineUpdater] INFO  ratis.ContainerStateMachine (ContainerStateMachine.java:takeSnapshot(303)) - group-D6CBFFE24189: Finished taking a snapshot at:(t:2, i:2) file:/home/runner/work/ozone/ozone/hadoop-ozone/integration-test/target/test-dir/MiniOzoneClusterImpl-7287d2d4-454f-4da5-bbdc-7dc3b2fb158b/datanode-1/data/ratis/add1658b-e2b5-4f06-8c7a-d6cbffe24189/sm/snapshot.2_2 took: 11 ms
2021-08-26 18:40:22,499 [feac8f5a-1b39-4e45-882b-39b2a71e70b7@group-D6CBFFE24189-StateMachineUpdater] INFO  impl.StateMachineUpdater (StateMachineUpdater.java:takeSnapshot(281)) - feac8f5a-1b39-4e45-882b-39b2a71e70b7@group-D6CBFFE24189-StateMachineUpdater: Took a snapshot at index 2
2021-08-26 18:40:22,499 [feac8f5a-1b39-4e45-882b-39b2a71e70b7@group-D6CBFFE24189-StateMachineUpdater] INFO  impl.StateMachineUpdater (StateMachineUpdater.java:lambda$new$0(89)) - feac8f5a-1b39-4e45-882b-39b2a71e70b7@group-D6CBFFE24189-StateMachineUpdater: snapshotIndex: updateIncreasingly -1 -> 2
2021-08-26 18:40:22,499 [Command processor thread] INFO  server.RaftServer$Division (ServerState.java:close(419)) - feac8f5a-1b39-4e45-882b-39b2a71e70b7@group-D6CBFFE24189: closes. applyIndex: 2
2021-08-26 18:40:22,499 [feac8f5a-1b39-4e45-882b-39b2a71e70b7@group-D6CBFFE24189-SegmentedRaftLogWorker] INFO  segmented.SegmentedRaftLogWorker (SegmentedRaftLogWorker.java:run(327)) - feac8f5a-1b39-4e45-882b-39b2a71e70b7@group-D6CBFFE24189-SegmentedRaftLogWorker was interrupted, exiting. There are 0 tasks remaining in the queue.
2021-08-26 18:40:22,504 [Command processor thread] INFO  segmented.SegmentedRaftLogWorker (SegmentedRaftLogWorker.java:close(237)) - feac8f5a-1b39-4e45-882b-39b2a71e70b7@group-D6CBFFE24189-SegmentedRaftLogWorker close()
2021-08-26 18:40:22,513 [Command processor thread] INFO  server.RaftServer$Division (RaftServerImpl.java:groupRemove(377)) - feac8f5a-1b39-4e45-882b-39b2a71e70b7@group-D6CBFFE24189: Succeed to remove RaftStorageDirectory Storage Directory /home/runner/work/ozone/ozone/hadoop-ozone/integration-test/target/test-dir/MiniOzoneClusterImpl-7287d2d4-454f-4da5-bbdc-7dc3b2fb158b/datanode-1/data/ratis/add1658b-e2b5-4f06-8c7a-d6cbffe24189
2021-08-26 18:40:22,513 [Command processor thread] INFO  commandhandler.ClosePipelineCommandHandler (ClosePipelineCommandHandler.java:handle(75)) - Close Pipeline PipelineID=add1658b-e2b5-4f06-8c7a-d6cbffe24189 command on datanode feac8f5a-1b39-4e45-882b-39b2a71e70b7.
2021-08-26 18:40:22,514 [Command processor thread] INFO  server.RaftServer (RaftServerProxy.java:remove(106)) - feac8f5a-1b39-4e45-882b-39b2a71e70b7: remove  FOLLOWER feac8f5a-1b39-4e45-882b-39b2a71e70b7@group-D2D68E1C8E59:t2, leader=87f05fb4-46b8-4bb5-a197-7bc4b26914eb, voted=87f05fb4-46b8-4bb5-a197-7bc4b26914eb, raftlog=feac8f5a-1b39-4e45-882b-39b2a71e70b7@group-D2D68E1C8E59-SegmentedRaftLog:OPENED:c0,f0,i0, conf=0: [feac8f5a-1b39-4e45-882b-39b2a71e70b7|rpc:10.1.0.63:43083|dataStream:|priority:0, 87f05fb4-46b8-4bb5-a197-7bc4b26914eb|rpc:10.1.0.63:44187|dataStream:|priority:1, b0d4646c-0fcd-42fc-b255-eb3c3c8c3636|rpc:10.1.0.63:45237|dataStream:|priority:0], old=null RUNNING
2021-08-26 18:40:22,514 [Command processor thread] INFO  server.RaftServer$Division (RaftServerImpl.java:lambda$close$4(407)) - feac8f5a-1b39-4e45-882b-39b2a71e70b7@group-D2D68E1C8E59: shutdown
2021-08-26 18:40:22,514 [Command processor thread] INFO  util.JmxRegister (JmxRegister.java:unregister(73)) - Successfully un-registered JMX Bean with object name Ratis:service=RaftServer,group=group-D2D68E1C8E59,id=feac8f5a-1b39-4e45-882b-39b2a71e70b7
2021-08-26 18:40:22,514 [Command processor thread] INFO  impl.RoleInfo (RoleInfo.java:shutdownFollowerState(108)) - feac8f5a-1b39-4e45-882b-39b2a71e70b7: shutdown feac8f5a-1b39-4e45-882b-39b2a71e70b7@group-D2D68E1C8E59-FollowerState
2021-08-26 18:40:22,514 [Command processor thread] INFO  impl.StateMachineUpdater (StateMachineUpdater.java:stopAndJoin(149)) - feac8f5a-1b39-4e45-882b-39b2a71e70b7@group-D2D68E1C8E59-StateMachineUpdater: set stopIndex = 0
2021-08-26 18:40:22,514 [feac8f5a-1b39-4e45-882b-39b2a71e70b7@group-D2D68E1C8E59-FollowerState] INFO  impl.FollowerState (FollowerState.java:run(143)) - feac8f5a-1b39-4e45-882b-39b2a71e70b7@group-D2D68E1C8E59-FollowerState was interrupted: {}
java.lang.InterruptedException: sleep interrupted
	at java.lang.Thread.sleep(Native Method)
	at java.lang.Thread.sleep(Thread.java:340)
	at java.util.concurrent.TimeUnit.sleep(TimeUnit.java:386)
	at org.apache.ratis.util.TimeDuration.sleep(TimeDuration.java:324)
	at org.apache.ratis.util.TimeDuration.sleep(TimeDuration.java:309)
	at org.apache.ratis.server.impl.FollowerState.run(FollowerState.java:118)
2021-08-26 18:40:22,514 [feac8f5a-1b39-4e45-882b-39b2a71e70b7@group-D2D68E1C8E59-StateMachineUpdater] INFO  ratis.ContainerStateMachine (ContainerStateMachine.java:takeSnapshot(292)) - group-D2D68E1C8E59: Taking a snapshot at:(t:2, i:0) file /home/runner/work/ozone/ozone/hadoop-ozone/integration-test/target/test-dir/MiniOzoneClusterImpl-7287d2d4-454f-4da5-bbdc-7dc3b2fb158b/datanode-1/data/ratis/2466034c-f8ae-4bff-8a7c-d2d68e1c8e59/sm/snapshot.2_0
2021-08-26 18:40:22,521 [feac8f5a-1b39-4e45-882b-39b2a71e70b7@group-D2D68E1C8E59-StateMachineUpdater] INFO  ratis.ContainerStateMachine (ContainerStateMachine.java:takeSnapshot(303)) - group-D2D68E1C8E59: Finished taking a snapshot at:(t:2, i:0) file:/home/runner/work/ozone/ozone/hadoop-ozone/integration-test/target/test-dir/MiniOzoneClusterImpl-7287d2d4-454f-4da5-bbdc-7dc3b2fb158b/datanode-1/data/ratis/2466034c-f8ae-4bff-8a7c-d2d68e1c8e59/sm/snapshot.2_0 took: 7 ms
2021-08-26 18:40:22,521 [feac8f5a-1b39-4e45-882b-39b2a71e70b7@group-D2D68E1C8E59-StateMachineUpdater] INFO  impl.StateMachineUpdater (StateMachineUpdater.java:takeSnapshot(281)) - feac8f5a-1b39-4e45-882b-39b2a71e70b7@group-D2D68E1C8E59-StateMachineUpdater: Took a snapshot at index 0
2021-08-26 18:40:22,521 [feac8f5a-1b39-4e45-882b-39b2a71e70b7@group-D2D68E1C8E59-StateMachineUpdater] INFO  impl.StateMachineUpdater (StateMachineUpdater.java:lambda$new$0(89)) - feac8f5a-1b39-4e45-882b-39b2a71e70b7@group-D2D68E1C8E59-StateMachineUpdater: snapshotIndex: updateIncreasingly -1 -> 0
2021-08-26 18:40:22,521 [Command processor thread] INFO  server.RaftServer$Division (ServerState.java:close(419)) - feac8f5a-1b39-4e45-882b-39b2a71e70b7@group-D2D68E1C8E59: closes. applyIndex: 0
2021-08-26 18:40:22,521 [feac8f5a-1b39-4e45-882b-39b2a71e70b7@group-D2D68E1C8E59-SegmentedRaftLogWorker] INFO  segmented.SegmentedRaftLogWorker (SegmentedRaftLogWorker.java:run(327)) - feac8f5a-1b39-4e45-882b-39b2a71e70b7@group-D2D68E1C8E59-SegmentedRaftLogWorker was interrupted, exiting. There are 0 tasks remaining in the queue.
2021-08-26 18:40:22,523 [Command processor thread] INFO  segmented.SegmentedRaftLogWorker (SegmentedRaftLogWorker.java:close(237)) - feac8f5a-1b39-4e45-882b-39b2a71e70b7@group-D2D68E1C8E59-SegmentedRaftLogWorker close()
2021-08-26 18:40:22,525 [Command processor thread] INFO  server.RaftServer$Division (RaftServerImpl.java:groupRemove(377)) - feac8f5a-1b39-4e45-882b-39b2a71e70b7@group-D2D68E1C8E59: Succeed to remove RaftStorageDirectory Storage Directory /home/runner/work/ozone/ozone/hadoop-ozone/integration-test/target/test-dir/MiniOzoneClusterImpl-7287d2d4-454f-4da5-bbdc-7dc3b2fb158b/datanode-1/data/ratis/2466034c-f8ae-4bff-8a7c-d2d68e1c8e59
2021-08-26 18:40:22,525 [Command processor thread] INFO  commandhandler.ClosePipelineCommandHandler (ClosePipelineCommandHandler.java:handle(75)) - Close Pipeline PipelineID=2466034c-f8ae-4bff-8a7c-d2d68e1c8e59 command on datanode feac8f5a-1b39-4e45-882b-39b2a71e70b7.
2021-08-26 18:40:22,577 [grpc-default-executor-0] WARN  server.GrpcLogAppender (LogUtils.java:warn(122)) - 87f05fb4-46b8-4bb5-a197-7bc4b26914eb@group-D6CBFFE24189->b0d4646c-0fcd-42fc-b255-eb3c3c8c3636-AppendLogResponseHandler: Failed appendEntries: org.apache.ratis.thirdparty.io.grpc.StatusRuntimeException: UNAVAILABLE: io exception
2021-08-26 18:40:22,578 [grpc-default-executor-0] WARN  server.GrpcLogAppender (GrpcLogAppender.java:resetClient(111)) - 87f05fb4-46b8-4bb5-a197-7bc4b26914eb@group-D6CBFFE24189->b0d4646c-0fcd-42fc-b255-eb3c3c8c3636-GrpcLogAppender: Leader has not got in touch with Follower 87f05fb4-46b8-4bb5-a197-7bc4b26914eb@group-D6CBFFE24189->b0d4646c-0fcd-42fc-b255-eb3c3c8c3636(c-1,m0,n3, attendVote=true, lastRpcSendTime=2509, lastRpcResponseTime=17924) yet, just keep nextIndex unchanged and retry.
2021-08-26 18:40:22,871 [Command processor thread] INFO  server.RaftServer (RaftServerProxy.java:remove(106)) - 87f05fb4-46b8-4bb5-a197-7bc4b26914eb: remove    LEADER 87f05fb4-46b8-4bb5-a197-7bc4b26914eb@group-D6CBFFE24189:t2, leader=87f05fb4-46b8-4bb5-a197-7bc4b26914eb, voted=87f05fb4-46b8-4bb5-a197-7bc4b26914eb, raftlog=87f05fb4-46b8-4bb5-a197-7bc4b26914eb@group-D6CBFFE24189-SegmentedRaftLog:OPENED:c2,f2,i2, conf=1: [feac8f5a-1b39-4e45-882b-39b2a71e70b7|rpc:10.1.0.63:43083|dataStream:|priority:0, 87f05fb4-46b8-4bb5-a197-7bc4b26914eb|rpc:10.1.0.63:44187|dataStream:|priority:0, b0d4646c-0fcd-42fc-b255-eb3c3c8c3636|rpc:10.1.0.63:45237|dataStream:|priority:1], old=null RUNNING
2021-08-26 18:40:22,871 [Command processor thread] INFO  server.RaftServer$Division (RaftServerImpl.java:lambda$close$4(407)) - 87f05fb4-46b8-4bb5-a197-7bc4b26914eb@group-D6CBFFE24189: shutdown
2021-08-26 18:40:22,871 [Command processor thread] INFO  util.JmxRegister (JmxRegister.java:unregister(73)) - Successfully un-registered JMX Bean with object name Ratis:service=RaftServer,group=group-D6CBFFE24189,id=87f05fb4-46b8-4bb5-a197-7bc4b26914eb
2021-08-26 18:40:22,871 [Command processor thread] INFO  impl.RoleInfo (RoleInfo.java:shutdownLeaderState(91)) - 87f05fb4-46b8-4bb5-a197-7bc4b26914eb: shutdown 87f05fb4-46b8-4bb5-a197-7bc4b26914eb@group-D6CBFFE24189-LeaderStateImpl
2021-08-26 18:40:22,871 [Command processor thread] INFO  impl.PendingRequests (PendingRequests.java:sendNotLeaderResponses(282)) - 87f05fb4-46b8-4bb5-a197-7bc4b26914eb@group-D6CBFFE24189-PendingRequests: sendNotLeaderResponses
2021-08-26 18:40:22,875 [Command processor thread] INFO  impl.StateMachineUpdater (StateMachineUpdater.java:stopAndJoin(149)) - 87f05fb4-46b8-4bb5-a197-7bc4b26914eb@group-D6CBFFE24189-StateMachineUpdater: set stopIndex = 2
2021-08-26 18:40:22,877 [87f05fb4-46b8-4bb5-a197-7bc4b26914eb@group-D6CBFFE24189-StateMachineUpdater] INFO  ratis.ContainerStateMachine (ContainerStateMachine.java:takeSnapshot(292)) - group-D6CBFFE24189: Taking a snapshot at:(t:2, i:2) file /home/runner/work/ozone/ozone/hadoop-ozone/integration-test/target/test-dir/MiniOzoneClusterImpl-7287d2d4-454f-4da5-bbdc-7dc3b2fb158b/datanode-2/data/ratis/add1658b-e2b5-4f06-8c7a-d6cbffe24189/sm/snapshot.2_2
2021-08-26 18:40:22,888 [87f05fb4-46b8-4bb5-a197-7bc4b26914eb@group-D6CBFFE24189-StateMachineUpdater] INFO  ratis.ContainerStateMachine (ContainerStateMachine.java:takeSnapshot(303)) - group-D6CBFFE24189: Finished taking a snapshot at:(t:2, i:2) file:/home/runner/work/ozone/ozone/hadoop-ozone/integration-test/target/test-dir/MiniOzoneClusterImpl-7287d2d4-454f-4da5-bbdc-7dc3b2fb158b/datanode-2/data/ratis/add1658b-e2b5-4f06-8c7a-d6cbffe24189/sm/snapshot.2_2 took: 11 ms
2021-08-26 18:40:22,888 [87f05fb4-46b8-4bb5-a197-7bc4b26914eb@group-D6CBFFE24189-StateMachineUpdater] INFO  impl.StateMachineUpdater (StateMachineUpdater.java:takeSnapshot(281)) - 87f05fb4-46b8-4bb5-a197-7bc4b26914eb@group-D6CBFFE24189-StateMachineUpdater: Took a snapshot at index 2
2021-08-26 18:40:22,888 [87f05fb4-46b8-4bb5-a197-7bc4b26914eb@group-D6CBFFE24189-StateMachineUpdater] INFO  impl.StateMachineUpdater (StateMachineUpdater.java:lambda$new$0(89)) - 87f05fb4-46b8-4bb5-a197-7bc4b26914eb@group-D6CBFFE24189-StateMachineUpdater: snapshotIndex: updateIncreasingly -1 -> 2
2021-08-26 18:40:22,888 [Command processor thread] INFO  server.RaftServer$Division (ServerState.java:close(419)) - 87f05fb4-46b8-4bb5-a197-7bc4b26914eb@group-D6CBFFE24189: closes. applyIndex: 2
2021-08-26 18:40:22,888 [87f05fb4-46b8-4bb5-a197-7bc4b26914eb@group-D6CBFFE24189-SegmentedRaftLogWorker] INFO  segmented.SegmentedRaftLogWorker (SegmentedRaftLogWorker.java:run(327)) - 87f05fb4-46b8-4bb5-a197-7bc4b26914eb@group-D6CBFFE24189-SegmentedRaftLogWorker was interrupted, exiting. There are 0 tasks remaining in the queue.
2021-08-26 18:40:22,890 [87f05fb4-46b8-4bb5-a197-7bc4b26914eb@group-D6CBFFE24189->feac8f5a-1b39-4e45-882b-39b2a71e70b7-GrpcLogAppender-LogAppenderDaemon] WARN  server.GrpcLogAppender (GrpcLogAppender.java:mayWait(175)) - 87f05fb4-46b8-4bb5-a197-7bc4b26914eb@group-D6CBFFE24189->feac8f5a-1b39-4e45-882b-39b2a71e70b7-GrpcLogAppender: Wait interrupted by java.lang.InterruptedException
2021-08-26 18:40:22,891 [grpc-default-executor-0] INFO  server.GrpcServerProtocolService (GrpcServerProtocolService.java:onCompleted(140)) - feac8f5a-1b39-4e45-882b-39b2a71e70b7: Completed APPEND_ENTRIES, lastRequest: 87f05fb4-46b8-4bb5-a197-7bc4b26914eb->feac8f5a-1b39-4e45-882b-39b2a71e70b7#2-t2,previous=(t:2, i:1),leaderCommit=1,initializing? true,entries: size=1, first=(t:2, i:2), METADATAENTRY(c:1)
2021-08-26 18:40:22,891 [grpc-default-executor-1] INFO  server.GrpcLogAppender (GrpcLogAppender.java:onCompleted(344)) - 87f05fb4-46b8-4bb5-a197-7bc4b26914eb@group-D6CBFFE24189->feac8f5a-1b39-4e45-882b-39b2a71e70b7-AppendLogResponseHandler: follower responses appendEntries COMPLETED
2021-08-26 18:40:22,891 [grpc-default-executor-1] INFO  leader.FollowerInfo (FollowerInfoImpl.java:lambda$new$0(46)) - 87f05fb4-46b8-4bb5-a197-7bc4b26914eb@group-D6CBFFE24189->feac8f5a-1b39-4e45-882b-39b2a71e70b7: nextIndex: updateUnconditionally 3 -> 2
2021-08-26 18:40:22,915 [Command processor thread] INFO  segmented.SegmentedRaftLogWorker (SegmentedRaftLogWorker.java:close(237)) - 87f05fb4-46b8-4bb5-a197-7bc4b26914eb@group-D6CBFFE24189-SegmentedRaftLogWorker close()
2021-08-26 18:40:22,917 [Command processor thread] INFO  server.RaftServer$Division (RaftServerImpl.java:groupRemove(377)) - 87f05fb4-46b8-4bb5-a197-7bc4b26914eb@group-D6CBFFE24189: Succeed to remove RaftStorageDirectory Storage Directory /home/runner/work/ozone/ozone/hadoop-ozone/integration-test/target/test-dir/MiniOzoneClusterImpl-7287d2d4-454f-4da5-bbdc-7dc3b2fb158b/datanode-2/data/ratis/add1658b-e2b5-4f06-8c7a-d6cbffe24189
2021-08-26 18:40:22,917 [Command processor thread] INFO  commandhandler.ClosePipelineCommandHandler (ClosePipelineCommandHandler.java:handle(75)) - Close Pipeline PipelineID=add1658b-e2b5-4f06-8c7a-d6cbffe24189 command on datanode 87f05fb4-46b8-4bb5-a197-7bc4b26914eb.
2021-08-26 18:40:22,917 [Command processor thread] INFO  server.RaftServer (RaftServerProxy.java:remove(106)) - 87f05fb4-46b8-4bb5-a197-7bc4b26914eb: remove    LEADER 87f05fb4-46b8-4bb5-a197-7bc4b26914eb@group-D2D68E1C8E59:t2, leader=87f05fb4-46b8-4bb5-a197-7bc4b26914eb, voted=87f05fb4-46b8-4bb5-a197-7bc4b26914eb, raftlog=87f05fb4-46b8-4bb5-a197-7bc4b26914eb@group-D2D68E1C8E59-SegmentedRaftLog:OPENED:c0,f0,i0, conf=0: [feac8f5a-1b39-4e45-882b-39b2a71e70b7|rpc:10.1.0.63:43083|dataStream:|priority:0, 87f05fb4-46b8-4bb5-a197-7bc4b26914eb|rpc:10.1.0.63:44187|dataStream:|priority:1, b0d4646c-0fcd-42fc-b255-eb3c3c8c3636|rpc:10.1.0.63:45237|dataStream:|priority:0], old=null RUNNING
2021-08-26 18:40:22,917 [Command processor thread] INFO  server.RaftServer$Division (RaftServerImpl.java:lambda$close$4(407)) - 87f05fb4-46b8-4bb5-a197-7bc4b26914eb@group-D2D68E1C8E59: shutdown
2021-08-26 18:40:22,917 [Command processor thread] INFO  util.JmxRegister (JmxRegister.java:unregister(73)) - Successfully un-registered JMX Bean with object name Ratis:service=RaftServer,group=group-D2D68E1C8E59,id=87f05fb4-46b8-4bb5-a197-7bc4b26914eb
2021-08-26 18:40:22,917 [Command processor thread] INFO  impl.RoleInfo (RoleInfo.java:shutdownLeaderState(91)) - 87f05fb4-46b8-4bb5-a197-7bc4b26914eb: shutdown 87f05fb4-46b8-4bb5-a197-7bc4b26914eb@group-D2D68E1C8E59-LeaderStateImpl
2021-08-26 18:40:22,917 [Command processor thread] INFO  impl.PendingRequests (PendingRequests.java:sendNotLeaderResponses(282)) - 87f05fb4-46b8-4bb5-a197-7bc4b26914eb@group-D2D68E1C8E59-PendingRequests: sendNotLeaderResponses
2021-08-26 18:40:22,918 [Command processor thread] INFO  impl.StateMachineUpdater (StateMachineUpdater.java:stopAndJoin(149)) - 87f05fb4-46b8-4bb5-a197-7bc4b26914eb@group-D2D68E1C8E59-StateMachineUpdater: set stopIndex = 0
2021-08-26 18:40:22,918 [87f05fb4-46b8-4bb5-a197-7bc4b26914eb@group-D2D68E1C8E59->feac8f5a-1b39-4e45-882b-39b2a71e70b7-GrpcLogAppender-LogAppenderDaemon] WARN  server.GrpcLogAppender (GrpcLogAppender.java:mayWait(175)) - 87f05fb4-46b8-4bb5-a197-7bc4b26914eb@group-D2D68E1C8E59->feac8f5a-1b39-4e45-882b-39b2a71e70b7-GrpcLogAppender: Wait interrupted by java.lang.InterruptedException
2021-08-26 18:40:22,918 [87f05fb4-46b8-4bb5-a197-7bc4b26914eb@group-D2D68E1C8E59-StateMachineUpdater] INFO  ratis.ContainerStateMachine (ContainerStateMachine.java:takeSnapshot(292)) - group-D2D68E1C8E59: Taking a snapshot at:(t:2, i:0) file /home/runner/work/ozone/ozone/hadoop-ozone/integration-test/target/test-dir/MiniOzoneClusterImpl-7287d2d4-454f-4da5-bbdc-7dc3b2fb158b/datanode-2/data/ratis/2466034c-f8ae-4bff-8a7c-d2d68e1c8e59/sm/snapshot.2_0
2021-08-26 18:40:22,919 [grpc-default-executor-0] INFO  server.GrpcServerProtocolService (GrpcServerProtocolService.java:onCompleted(140)) - feac8f5a-1b39-4e45-882b-39b2a71e70b7: Completed APPEND_ENTRIES, lastRequest: 87f05fb4-46b8-4bb5-a197-7bc4b26914eb->feac8f5a-1b39-4e45-882b-39b2a71e70b7#1-t2,previous=(t:0, i:0),leaderCommit=-1,initializing? true,entries: size=1, first=(t:2, i:0), CONFIGURATIONENTRY
2021-08-26 18:40:22,919 [grpc-default-executor-1] INFO  server.GrpcLogAppender (GrpcLogAppender.java:onCompleted(344)) - 87f05fb4-46b8-4bb5-a197-7bc4b26914eb@group-D2D68E1C8E59->feac8f5a-1b39-4e45-882b-39b2a71e70b7-AppendLogResponseHandler: follower responses appendEntries COMPLETED
2021-08-26 18:40:22,919 [grpc-default-executor-1] INFO  leader.FollowerInfo (FollowerInfoImpl.java:lambda$new$0(46)) - 87f05fb4-46b8-4bb5-a197-7bc4b26914eb@group-D2D68E1C8E59->feac8f5a-1b39-4e45-882b-39b2a71e70b7: nextIndex: updateUnconditionally 1 -> 0
2021-08-26 18:40:22,925 [87f05fb4-46b8-4bb5-a197-7bc4b26914eb@group-D2D68E1C8E59-StateMachineUpdater] INFO  ratis.ContainerStateMachine (ContainerStateMachine.java:takeSnapshot(303)) - group-D2D68E1C8E59: Finished taking a snapshot at:(t:2, i:0) file:/home/runner/work/ozone/ozone/hadoop-ozone/integration-test/target/test-dir/MiniOzoneClusterImpl-7287d2d4-454f-4da5-bbdc-7dc3b2fb158b/datanode-2/data/ratis/2466034c-f8ae-4bff-8a7c-d2d68e1c8e59/sm/snapshot.2_0 took: 7 ms
2021-08-26 18:40:22,925 [87f05fb4-46b8-4bb5-a197-7bc4b26914eb@group-D2D68E1C8E59-StateMachineUpdater] INFO  impl.StateMachineUpdater (StateMachineUpdater.java:takeSnapshot(281)) - 87f05fb4-46b8-4bb5-a197-7bc4b26914eb@group-D2D68E1C8E59-StateMachineUpdater: Took a snapshot at index 0
2021-08-26 18:40:22,925 [87f05fb4-46b8-4bb5-a197-7bc4b26914eb@group-D2D68E1C8E59-StateMachineUpdater] INFO  impl.StateMachineUpdater (StateMachineUpdater.java:lambda$new$0(89)) - 87f05fb4-46b8-4bb5-a197-7bc4b26914eb@group-D2D68E1C8E59-StateMachineUpdater: snapshotIndex: updateIncreasingly -1 -> 0
2021-08-26 18:40:22,925 [Command processor thread] INFO  server.RaftServer$Division (ServerState.java:close(419)) - 87f05fb4-46b8-4bb5-a197-7bc4b26914eb@group-D2D68E1C8E59: closes. applyIndex: 0
2021-08-26 18:40:22,925 [87f05fb4-46b8-4bb5-a197-7bc4b26914eb@group-D2D68E1C8E59-SegmentedRaftLogWorker] INFO  segmented.SegmentedRaftLogWorker (SegmentedRaftLogWorker.java:run(327)) - 87f05fb4-46b8-4bb5-a197-7bc4b26914eb@group-D2D68E1C8E59-SegmentedRaftLogWorker was interrupted, exiting. There are 0 tasks remaining in the queue.
2021-08-26 18:40:22,935 [Command processor thread] INFO  segmented.SegmentedRaftLogWorker (SegmentedRaftLogWorker.java:close(237)) - 87f05fb4-46b8-4bb5-a197-7bc4b26914eb@group-D2D68E1C8E59-SegmentedRaftLogWorker close()
2021-08-26 18:40:22,946 [Command processor thread] INFO  server.RaftServer$Division (RaftServerImpl.java:groupRemove(377)) - 87f05fb4-46b8-4bb5-a197-7bc4b26914eb@group-D2D68E1C8E59: Succeed to remove RaftStorageDirectory Storage Directory /home/runner/work/ozone/ozone/hadoop-ozone/integration-test/target/test-dir/MiniOzoneClusterImpl-7287d2d4-454f-4da5-bbdc-7dc3b2fb158b/datanode-2/data/ratis/2466034c-f8ae-4bff-8a7c-d2d68e1c8e59
2021-08-26 18:40:22,946 [Command processor thread] INFO  commandhandler.ClosePipelineCommandHandler (ClosePipelineCommandHandler.java:handle(75)) - Close Pipeline PipelineID=2466034c-f8ae-4bff-8a7c-d2d68e1c8e59 command on datanode 87f05fb4-46b8-4bb5-a197-7bc4b26914eb.
2021-08-26 18:40:24,699 [org.apache.ratis.util.JvmPauseMonitor$$Lambda$531/1778678572@3c2eebba] WARN  util.JvmPauseMonitor (JvmPauseMonitor.java:detectPause(124)) - JvmPauseMonitor-87f05fb4-46b8-4bb5-a197-7bc4b26914eb: Detected pause in JVM or host machine (eg GC): pause of approximately 132393004ns.
GC pool 'PS MarkSweep' had collection(s): count=1 time=202ms
GC pool 'PS Scavenge' had collection(s): count=1 time=6ms
2021-08-26 18:40:26,950 [88d9c6ea-d0be-4004-8450-128776760c0b@group-0EE0E6A225EC-FollowerState] INFO  impl.FollowerState (FollowerState.java:run(134)) - 88d9c6ea-d0be-4004-8450-128776760c0b@group-0EE0E6A225EC-FollowerState: change to CANDIDATE, lastRpcElapsedTime:5022796649ns, electionTimeout:5014ms
2021-08-26 18:40:26,950 [88d9c6ea-d0be-4004-8450-128776760c0b@group-0EE0E6A225EC-FollowerState] INFO  impl.RoleInfo (RoleInfo.java:shutdownFollowerState(108)) - 88d9c6ea-d0be-4004-8450-128776760c0b: shutdown 88d9c6ea-d0be-4004-8450-128776760c0b@group-0EE0E6A225EC-FollowerState
2021-08-26 18:40:26,950 [88d9c6ea-d0be-4004-8450-128776760c0b@group-0EE0E6A225EC-FollowerState] INFO  server.RaftServer$Division (RaftServerImpl.java:setRole(285)) - 88d9c6ea-d0be-4004-8450-128776760c0b@group-0EE0E6A225EC: changes role from  FOLLOWER to CANDIDATE at term 5 for changeToCandidate
2021-08-26 18:40:26,950 [88d9c6ea-d0be-4004-8450-128776760c0b@group-0EE0E6A225EC-FollowerState] INFO  server.RaftServerConfigKeys (ConfUtils.java:logGet(44)) - raft.server.leaderelection.pre-vote = false (custom)
2021-08-26 18:40:26,950 [88d9c6ea-d0be-4004-8450-128776760c0b@group-0EE0E6A225EC-FollowerState] INFO  impl.RoleInfo (RoleInfo.java:updateAndGet(130)) - 88d9c6ea-d0be-4004-8450-128776760c0b: start 88d9c6ea-d0be-4004-8450-128776760c0b@group-0EE0E6A225EC-LeaderElection89
2021-08-26 18:40:26,973 [134e4cc8-3e2d-4572-98bc-d75f353c351b@group-0EE0E6A225EC-FollowerState] INFO  impl.FollowerState (FollowerState.java:run(134)) - 134e4cc8-3e2d-4572-98bc-d75f353c351b@group-0EE0E6A225EC-FollowerState: change to CANDIDATE, lastRpcElapsedTime:5062918945ns, electionTimeout:5037ms
2021-08-26 18:40:26,973 [134e4cc8-3e2d-4572-98bc-d75f353c351b@group-0EE0E6A225EC-FollowerState] INFO  impl.RoleInfo (RoleInfo.java:shutdownFollowerState(108)) - 134e4cc8-3e2d-4572-98bc-d75f353c351b: shutdown 134e4cc8-3e2d-4572-98bc-d75f353c351b@group-0EE0E6A225EC-FollowerState
2021-08-26 18:40:26,973 [134e4cc8-3e2d-4572-98bc-d75f353c351b@group-0EE0E6A225EC-FollowerState] INFO  server.RaftServer$Division (RaftServerImpl.java:setRole(285)) - 134e4cc8-3e2d-4572-98bc-d75f353c351b@group-0EE0E6A225EC: changes role from  FOLLOWER to CANDIDATE at term 5 for changeToCandidate
2021-08-26 18:40:26,973 [134e4cc8-3e2d-4572-98bc-d75f353c351b@group-0EE0E6A225EC-FollowerState] INFO  server.RaftServerConfigKeys (ConfUtils.java:logGet(44)) - raft.server.leaderelection.pre-vote = false (custom)
2021-08-26 18:40:26,973 [134e4cc8-3e2d-4572-98bc-d75f353c351b@group-0EE0E6A225EC-FollowerState] INFO  impl.RoleInfo (RoleInfo.java:updateAndGet(130)) - 134e4cc8-3e2d-4572-98bc-d75f353c351b: start 134e4cc8-3e2d-4572-98bc-d75f353c351b@group-0EE0E6A225EC-LeaderElection90
2021-08-26 18:40:26,979 [88d9c6ea-d0be-4004-8450-128776760c0b@group-0EE0E6A225EC-LeaderElection89] INFO  impl.LeaderElection (LeaderElection.java:askForVotes(306)) - 88d9c6ea-d0be-4004-8450-128776760c0b@group-0EE0E6A225EC-LeaderElection89 ELECTION round 0: submit vote requests at term 6 for -1: [95edf07e-7fec-45a0-b357-ea2c9e88c813|rpc:10.1.0.63:34053|dataStream:|priority:0, 88d9c6ea-d0be-4004-8450-128776760c0b|rpc:10.1.0.63:32927|dataStream:|priority:0, 134e4cc8-3e2d-4572-98bc-d75f353c351b|rpc:10.1.0.63:40073|dataStream:|priority:1], old=null
2021-08-26 18:40:26,981 [grpc-default-executor-0] INFO  server.RaftServer$Division (RaftServerImpl.java:requestVote(1043)) - 95edf07e-7fec-45a0-b357-ea2c9e88c813@group-0EE0E6A225EC: receive requestVote(ELECTION, 88d9c6ea-d0be-4004-8450-128776760c0b, group-0EE0E6A225EC, 6, (t:0, i:0))
2021-08-26 18:40:26,981 [grpc-default-executor-0] INFO  impl.VoteContext (VoteContext.java:log(48)) - 95edf07e-7fec-45a0-b357-ea2c9e88c813@group-0EE0E6A225EC-FOLLOWER: accept ELECTION from 88d9c6ea-d0be-4004-8450-128776760c0b: our priority 0 <= candidate's priority 0
2021-08-26 18:40:26,981 [grpc-default-executor-0] INFO  server.RaftServer$Division (RaftServerImpl.java:setRole(285)) - 95edf07e-7fec-45a0-b357-ea2c9e88c813@group-0EE0E6A225EC: changes role from  FOLLOWER to FOLLOWER at term 6 for candidate:88d9c6ea-d0be-4004-8450-128776760c0b
2021-08-26 18:40:26,981 [grpc-default-executor-0] INFO  impl.RoleInfo (RoleInfo.java:shutdownFollowerState(108)) - 95edf07e-7fec-45a0-b357-ea2c9e88c813: shutdown 95edf07e-7fec-45a0-b357-ea2c9e88c813@group-0EE0E6A225EC-FollowerState
2021-08-26 18:40:26,981 [grpc-default-executor-0] INFO  impl.RoleInfo (RoleInfo.java:updateAndGet(130)) - 95edf07e-7fec-45a0-b357-ea2c9e88c813: start 95edf07e-7fec-45a0-b357-ea2c9e88c813@group-0EE0E6A225EC-FollowerState
2021-08-26 18:40:26,982 [95edf07e-7fec-45a0-b357-ea2c9e88c813@group-0EE0E6A225EC-FollowerState] INFO  impl.FollowerState (FollowerState.java:run(143)) - 95edf07e-7fec-45a0-b357-ea2c9e88c813@group-0EE0E6A225EC-FollowerState was interrupted: {}
java.lang.InterruptedException: sleep interrupted
	at java.lang.Thread.sleep(Native Method)
	at java.lang.Thread.sleep(Thread.java:340)
	at java.util.concurrent.TimeUnit.sleep(TimeUnit.java:386)
	at org.apache.ratis.util.TimeDuration.sleep(TimeDuration.java:324)
	at org.apache.ratis.util.TimeDuration.sleep(TimeDuration.java:309)
	at org.apache.ratis.server.impl.FollowerState.run(FollowerState.java:118)
2021-08-26 18:40:27,005 [134e4cc8-3e2d-4572-98bc-d75f353c351b@group-0EE0E6A225EC-LeaderElection90] INFO  impl.LeaderElection (LeaderElection.java:askForVotes(306)) - 134e4cc8-3e2d-4572-98bc-d75f353c351b@group-0EE0E6A225EC-LeaderElection90 ELECTION round 0: submit vote requests at term 6 for -1: [95edf07e-7fec-45a0-b357-ea2c9e88c813|rpc:10.1.0.63:34053|dataStream:|priority:0, 88d9c6ea-d0be-4004-8450-128776760c0b|rpc:10.1.0.63:32927|dataStream:|priority:0, 134e4cc8-3e2d-4572-98bc-d75f353c351b|rpc:10.1.0.63:40073|dataStream:|priority:1], old=null
2021-08-26 18:40:27,011 [grpc-default-executor-1] INFO  server.RaftServer$Division (RaftServerImpl.java:requestVote(1043)) - 134e4cc8-3e2d-4572-98bc-d75f353c351b@group-0EE0E6A225EC: receive requestVote(ELECTION, 88d9c6ea-d0be-4004-8450-128776760c0b, group-0EE0E6A225EC, 6, (t:0, i:0))
2021-08-26 18:40:27,011 [grpc-default-executor-1] INFO  impl.VoteContext (VoteContext.java:log(48)) - 134e4cc8-3e2d-4572-98bc-d75f353c351b@group-0EE0E6A225EC-CANDIDATE: reject ELECTION from 88d9c6ea-d0be-4004-8450-128776760c0b: already has voted for 134e4cc8-3e2d-4572-98bc-d75f353c351b at current term 6
2021-08-26 18:40:27,011 [grpc-default-executor-1] INFO  server.RaftServer$Division (RaftServerImpl.java:requestVote(1075)) - 134e4cc8-3e2d-4572-98bc-d75f353c351b@group-0EE0E6A225EC replies to ELECTION vote request: 88d9c6ea-d0be-4004-8450-128776760c0b<-134e4cc8-3e2d-4572-98bc-d75f353c351b#0:FAIL-t6. Peer's state: 134e4cc8-3e2d-4572-98bc-d75f353c351b@group-0EE0E6A225EC:t6, leader=null, voted=134e4cc8-3e2d-4572-98bc-d75f353c351b, raftlog=134e4cc8-3e2d-4572-98bc-d75f353c351b@group-0EE0E6A225EC-SegmentedRaftLog:OPENED:c-1,f-1,i0, conf=-1: [95edf07e-7fec-45a0-b357-ea2c9e88c813|rpc:10.1.0.63:34053|dataStream:|priority:0, 88d9c6ea-d0be-4004-8450-128776760c0b|rpc:10.1.0.63:32927|dataStream:|priority:0, 134e4cc8-3e2d-4572-98bc-d75f353c351b|rpc:10.1.0.63:40073|dataStream:|priority:1], old=null
2021-08-26 18:40:27,014 [88d9c6ea-d0be-4004-8450-128776760c0b@group-0EE0E6A225EC-LeaderElection89] INFO  impl.LeaderElection (LeaderElection.java:logAndReturn(89)) - 88d9c6ea-d0be-4004-8450-128776760c0b@group-0EE0E6A225EC-LeaderElection89: ELECTION REJECTED received 1 response(s) and 0 exception(s):
2021-08-26 18:40:27,014 [88d9c6ea-d0be-4004-8450-128776760c0b@group-0EE0E6A225EC-LeaderElection89] INFO  impl.LeaderElection (LeaderElection.java:logAndReturn(93)) -   Response 0: 88d9c6ea-d0be-4004-8450-128776760c0b<-134e4cc8-3e2d-4572-98bc-d75f353c351b#0:FAIL-t6
2021-08-26 18:40:27,024 [grpc-default-executor-0] INFO  server.RaftServer$Division (RaftServerImpl.java:requestVote(1075)) - 95edf07e-7fec-45a0-b357-ea2c9e88c813@group-0EE0E6A225EC replies to ELECTION vote request: 88d9c6ea-d0be-4004-8450-128776760c0b<-95edf07e-7fec-45a0-b357-ea2c9e88c813#0:OK-t6. Peer's state: 95edf07e-7fec-45a0-b357-ea2c9e88c813@group-0EE0E6A225EC:t6, leader=null, voted=88d9c6ea-d0be-4004-8450-128776760c0b, raftlog=95edf07e-7fec-45a0-b357-ea2c9e88c813@group-0EE0E6A225EC-SegmentedRaftLog:OPENED:c-1,f-1,i0, conf=-1: [95edf07e-7fec-45a0-b357-ea2c9e88c813|rpc:10.1.0.63:34053|priority:0, 88d9c6ea-d0be-4004-8450-128776760c0b|rpc:10.1.0.63:32927|priority:0, 134e4cc8-3e2d-4572-98bc-d75f353c351b|rpc:10.1.0.63:40073|priority:1], old=null
2021-08-26 18:40:27,045 [grpc-default-executor-0] INFO  server.RaftServer$Division (RaftServerImpl.java:requestVote(1043)) - 95edf07e-7fec-45a0-b357-ea2c9e88c813@group-0EE0E6A225EC: receive requestVote(ELECTION, 134e4cc8-3e2d-4572-98bc-d75f353c351b, group-0EE0E6A225EC, 6, (t:0, i:0))
2021-08-26 18:40:27,045 [grpc-default-executor-0] INFO  impl.VoteContext (VoteContext.java:log(48)) - 95edf07e-7fec-45a0-b357-ea2c9e88c813@group-0EE0E6A225EC-FOLLOWER: reject ELECTION from 134e4cc8-3e2d-4572-98bc-d75f353c351b: already has voted for 88d9c6ea-d0be-4004-8450-128776760c0b at current term 6
2021-08-26 18:40:27,045 [grpc-default-executor-0] INFO  server.RaftServer$Division (RaftServerImpl.java:requestVote(1075)) - 95edf07e-7fec-45a0-b357-ea2c9e88c813@group-0EE0E6A225EC replies to ELECTION vote request: 134e4cc8-3e2d-4572-98bc-d75f353c351b<-95edf07e-7fec-45a0-b357-ea2c9e88c813#0:FAIL-t6. Peer's state: 95edf07e-7fec-45a0-b357-ea2c9e88c813@group-0EE0E6A225EC:t6, leader=null, voted=88d9c6ea-d0be-4004-8450-128776760c0b, raftlog=95edf07e-7fec-45a0-b357-ea2c9e88c813@group-0EE0E6A225EC-SegmentedRaftLog:OPENED:c-1,f-1,i0, conf=-1: [95edf07e-7fec-45a0-b357-ea2c9e88c813|rpc:10.1.0.63:34053|priority:0, 88d9c6ea-d0be-4004-8450-128776760c0b|rpc:10.1.0.63:32927|priority:0, 134e4cc8-3e2d-4572-98bc-d75f353c351b|rpc:10.1.0.63:40073|priority:1], old=null
2021-08-26 18:40:27,056 [grpc-default-executor-0] INFO  server.RaftServer$Division (RaftServerImpl.java:requestVote(1043)) - 88d9c6ea-d0be-4004-8450-128776760c0b@group-0EE0E6A225EC: receive requestVote(ELECTION, 134e4cc8-3e2d-4572-98bc-d75f353c351b, group-0EE0E6A225EC, 6, (t:0, i:0))
2021-08-26 18:40:27,056 [grpc-default-executor-0] INFO  impl.VoteContext (VoteContext.java:log(48)) - 88d9c6ea-d0be-4004-8450-128776760c0b@group-0EE0E6A225EC-CANDIDATE: reject ELECTION from 134e4cc8-3e2d-4572-98bc-d75f353c351b: already has voted for 88d9c6ea-d0be-4004-8450-128776760c0b at current term 6
2021-08-26 18:40:27,056 [grpc-default-executor-0] INFO  server.RaftServer$Division (RaftServerImpl.java:requestVote(1075)) - 88d9c6ea-d0be-4004-8450-128776760c0b@group-0EE0E6A225EC replies to ELECTION vote request: 134e4cc8-3e2d-4572-98bc-d75f353c351b<-88d9c6ea-d0be-4004-8450-128776760c0b#0:FAIL-t6. Peer's state: 88d9c6ea-d0be-4004-8450-128776760c0b@group-0EE0E6A225EC:t6, leader=null, voted=88d9c6ea-d0be-4004-8450-128776760c0b, raftlog=88d9c6ea-d0be-4004-8450-128776760c0b@group-0EE0E6A225EC-SegmentedRaftLog:OPENED:c-1,f-1,i0, conf=-1: [95edf07e-7fec-45a0-b357-ea2c9e88c813|rpc:10.1.0.63:34053|dataStream:|priority:0, 88d9c6ea-d0be-4004-8450-128776760c0b|rpc:10.1.0.63:32927|dataStream:|priority:0, 134e4cc8-3e2d-4572-98bc-d75f353c351b|rpc:10.1.0.63:40073|dataStream:|priority:1], old=null
2021-08-26 18:40:27,057 [134e4cc8-3e2d-4572-98bc-d75f353c351b@group-0EE0E6A225EC-LeaderElection90] INFO  impl.LeaderElection (LeaderElection.java:logAndReturn(89)) - 134e4cc8-3e2d-4572-98bc-d75f353c351b@group-0EE0E6A225EC-LeaderElection90: ELECTION REJECTED received 2 response(s) and 0 exception(s):
2021-08-26 18:40:27,057 [134e4cc8-3e2d-4572-98bc-d75f353c351b@group-0EE0E6A225EC-LeaderElection90] INFO  impl.LeaderElection (LeaderElection.java:logAndReturn(93)) -   Response 0: 134e4cc8-3e2d-4572-98bc-d75f353c351b<-95edf07e-7fec-45a0-b357-ea2c9e88c813#0:FAIL-t6
2021-08-26 18:40:27,057 [134e4cc8-3e2d-4572-98bc-d75f353c351b@group-0EE0E6A225EC-LeaderElection90] INFO  impl.LeaderElection (LeaderElection.java:logAndReturn(93)) -   Response 1: 134e4cc8-3e2d-4572-98bc-d75f353c351b<-88d9c6ea-d0be-4004-8450-128776760c0b#0:FAIL-t6
2021-08-26 18:40:27,057 [134e4cc8-3e2d-4572-98bc-d75f353c351b@group-0EE0E6A225EC-LeaderElection90] INFO  impl.LeaderElection (LeaderElection.java:askForVotes(308)) - 134e4cc8-3e2d-4572-98bc-d75f353c351b@group-0EE0E6A225EC-LeaderElection90 ELECTION round 0: result REJECTED
2021-08-26 18:40:27,057 [134e4cc8-3e2d-4572-98bc-d75f353c351b@group-0EE0E6A225EC-LeaderElection90] INFO  server.RaftServer$Division (RaftServerImpl.java:setRole(285)) - 134e4cc8-3e2d-4572-98bc-d75f353c351b@group-0EE0E6A225EC: changes role from CANDIDATE to FOLLOWER at term 6 for REJECTED
2021-08-26 18:40:27,057 [134e4cc8-3e2d-4572-98bc-d75f353c351b@group-0EE0E6A225EC-LeaderElection90] INFO  impl.RoleInfo (RoleInfo.java:shutdownLeaderElection(121)) - 134e4cc8-3e2d-4572-98bc-d75f353c351b: shutdown 134e4cc8-3e2d-4572-98bc-d75f353c351b@group-0EE0E6A225EC-LeaderElection90
2021-08-26 18:40:27,057 [134e4cc8-3e2d-4572-98bc-d75f353c351b@group-0EE0E6A225EC-LeaderElection90] INFO  impl.RoleInfo (RoleInfo.java:updateAndGet(130)) - 134e4cc8-3e2d-4572-98bc-d75f353c351b: start 134e4cc8-3e2d-4572-98bc-d75f353c351b@group-0EE0E6A225EC-FollowerState
2021-08-26 18:40:27,065 [88d9c6ea-d0be-4004-8450-128776760c0b@group-0EE0E6A225EC-LeaderElection89] INFO  impl.LeaderElection (LeaderElection.java:askForVotes(308)) - 88d9c6ea-d0be-4004-8450-128776760c0b@group-0EE0E6A225EC-LeaderElection89 ELECTION round 0: result REJECTED
2021-08-26 18:40:27,065 [88d9c6ea-d0be-4004-8450-128776760c0b@group-0EE0E6A225EC-LeaderElection89] INFO  server.RaftServer$Division (RaftServerImpl.java:setRole(285)) - 88d9c6ea-d0be-4004-8450-128776760c0b@group-0EE0E6A225EC: changes role from CANDIDATE to FOLLOWER at term 6 for REJECTED
2021-08-26 18:40:27,065 [88d9c6ea-d0be-4004-8450-128776760c0b@group-0EE0E6A225EC-LeaderElection89] INFO  impl.RoleInfo (RoleInfo.java:shutdownLeaderElection(121)) - 88d9c6ea-d0be-4004-8450-128776760c0b: shutdown 88d9c6ea-d0be-4004-8450-128776760c0b@group-0EE0E6A225EC-LeaderElection89
2021-08-26 18:40:27,065 [88d9c6ea-d0be-4004-8450-128776760c0b@group-0EE0E6A225EC-LeaderElection89] INFO  impl.RoleInfo (RoleInfo.java:updateAndGet(130)) - 88d9c6ea-d0be-4004-8450-128776760c0b: start 88d9c6ea-d0be-4004-8450-128776760c0b@group-0EE0E6A225EC-FollowerState
2021-08-26 18:40:32,092 [134e4cc8-3e2d-4572-98bc-d75f353c351b@group-0EE0E6A225EC-FollowerState] INFO  impl.FollowerState (FollowerState.java:run(134)) - 134e4cc8-3e2d-4572-98bc-d75f353c351b@group-0EE0E6A225EC-FollowerState: change to CANDIDATE, lastRpcElapsedTime:5034555877ns, electionTimeout:5026ms
2021-08-26 18:40:32,092 [134e4cc8-3e2d-4572-98bc-d75f353c351b@group-0EE0E6A225EC-FollowerState] INFO  impl.RoleInfo (RoleInfo.java:shutdownFollowerState(108)) - 134e4cc8-3e2d-4572-98bc-d75f353c351b: shutdown 134e4cc8-3e2d-4572-98bc-d75f353c351b@group-0EE0E6A225EC-FollowerState
2021-08-26 18:40:32,092 [134e4cc8-3e2d-4572-98bc-d75f353c351b@group-0EE0E6A225EC-FollowerState] INFO  server.RaftServer$Division (RaftServerImpl.java:setRole(285)) - 134e4cc8-3e2d-4572-98bc-d75f353c351b@group-0EE0E6A225EC: changes role from  FOLLOWER to CANDIDATE at term 6 for changeToCandidate
2021-08-26 18:40:32,092 [134e4cc8-3e2d-4572-98bc-d75f353c351b@group-0EE0E6A225EC-FollowerState] INFO  server.RaftServerConfigKeys (ConfUtils.java:logGet(44)) - raft.server.leaderelection.pre-vote = false (custom)
2021-08-26 18:40:32,092 [134e4cc8-3e2d-4572-98bc-d75f353c351b@group-0EE0E6A225EC-FollowerState] INFO  impl.RoleInfo (RoleInfo.java:updateAndGet(130)) - 134e4cc8-3e2d-4572-98bc-d75f353c351b: start 134e4cc8-3e2d-4572-98bc-d75f353c351b@group-0EE0E6A225EC-LeaderElection91
2021-08-26 18:40:32,107 [134e4cc8-3e2d-4572-98bc-d75f353c351b@group-0EE0E6A225EC-LeaderElection91] INFO  impl.LeaderElection (LeaderElection.java:askForVotes(306)) - 134e4cc8-3e2d-4572-98bc-d75f353c351b@group-0EE0E6A225EC-LeaderElection91 ELECTION round 0: submit vote requests at term 7 for -1: [95edf07e-7fec-45a0-b357-ea2c9e88c813|rpc:10.1.0.63:34053|dataStream:|priority:0, 88d9c6ea-d0be-4004-8450-128776760c0b|rpc:10.1.0.63:32927|dataStream:|priority:0, 134e4cc8-3e2d-4572-98bc-d75f353c351b|rpc:10.1.0.63:40073|dataStream:|priority:1], old=null
2021-08-26 18:40:32,110 [grpc-default-executor-0] INFO  server.RaftServer$Division (RaftServerImpl.java:requestVote(1043)) - 95edf07e-7fec-45a0-b357-ea2c9e88c813@group-0EE0E6A225EC: receive requestVote(ELECTION, 134e4cc8-3e2d-4572-98bc-d75f353c351b, group-0EE0E6A225EC, 7, (t:0, i:0))
2021-08-26 18:40:32,110 [grpc-default-executor-0] INFO  impl.VoteContext (VoteContext.java:log(48)) - 95edf07e-7fec-45a0-b357-ea2c9e88c813@group-0EE0E6A225EC-FOLLOWER: accept ELECTION from 134e4cc8-3e2d-4572-98bc-d75f353c351b: our priority 0 <= candidate's priority 1
2021-08-26 18:40:32,110 [grpc-default-executor-0] INFO  server.RaftServer$Division (RaftServerImpl.java:setRole(285)) - 95edf07e-7fec-45a0-b357-ea2c9e88c813@group-0EE0E6A225EC: changes role from  FOLLOWER to FOLLOWER at term 7 for candidate:134e4cc8-3e2d-4572-98bc-d75f353c351b
2021-08-26 18:40:32,110 [grpc-default-executor-0] INFO  impl.RoleInfo (RoleInfo.java:shutdownFollowerState(108)) - 95edf07e-7fec-45a0-b357-ea2c9e88c813: shutdown 95edf07e-7fec-45a0-b357-ea2c9e88c813@group-0EE0E6A225EC-FollowerState
2021-08-26 18:40:32,111 [grpc-default-executor-0] INFO  impl.RoleInfo (RoleInfo.java:updateAndGet(130)) - 95edf07e-7fec-45a0-b357-ea2c9e88c813: start 95edf07e-7fec-45a0-b357-ea2c9e88c813@group-0EE0E6A225EC-FollowerState
2021-08-26 18:40:32,112 [95edf07e-7fec-45a0-b357-ea2c9e88c813@group-0EE0E6A225EC-FollowerState] INFO  impl.FollowerState (FollowerState.java:run(143)) - 95edf07e-7fec-45a0-b357-ea2c9e88c813@group-0EE0E6A225EC-FollowerState was interrupted: {}
java.lang.InterruptedException: sleep interrupted
	at java.lang.Thread.sleep(Native Method)
	at java.lang.Thread.sleep(Thread.java:340)
	at java.util.concurrent.TimeUnit.sleep(TimeUnit.java:386)
	at org.apache.ratis.util.TimeDuration.sleep(TimeDuration.java:324)
	at org.apache.ratis.util.TimeDuration.sleep(TimeDuration.java:309)
	at org.apache.ratis.server.impl.FollowerState.run(FollowerState.java:118)
2021-08-26 18:40:32,112 [grpc-default-executor-1] INFO  server.RaftServer$Division (RaftServerImpl.java:requestVote(1043)) - 88d9c6ea-d0be-4004-8450-128776760c0b@group-0EE0E6A225EC: receive requestVote(ELECTION, 134e4cc8-3e2d-4572-98bc-d75f353c351b, group-0EE0E6A225EC, 7, (t:0, i:0))
2021-08-26 18:40:32,112 [grpc-default-executor-1] INFO  impl.VoteContext (VoteContext.java:log(48)) - 88d9c6ea-d0be-4004-8450-128776760c0b@group-0EE0E6A225EC-FOLLOWER: accept ELECTION from 134e4cc8-3e2d-4572-98bc-d75f353c351b: our priority 0 <= candidate's priority 1
2021-08-26 18:40:32,112 [grpc-default-executor-1] INFO  server.RaftServer$Division (RaftServerImpl.java:setRole(285)) - 88d9c6ea-d0be-4004-8450-128776760c0b@group-0EE0E6A225EC: changes role from  FOLLOWER to FOLLOWER at term 7 for candidate:134e4cc8-3e2d-4572-98bc-d75f353c351b
2021-08-26 18:40:32,112 [grpc-default-executor-1] INFO  impl.RoleInfo (RoleInfo.java:shutdownFollowerState(108)) - 88d9c6ea-d0be-4004-8450-128776760c0b: shutdown 88d9c6ea-d0be-4004-8450-128776760c0b@group-0EE0E6A225EC-FollowerState
2021-08-26 18:40:32,112 [grpc-default-executor-1] INFO  impl.RoleInfo (RoleInfo.java:updateAndGet(130)) - 88d9c6ea-d0be-4004-8450-128776760c0b: start 88d9c6ea-d0be-4004-8450-128776760c0b@group-0EE0E6A225EC-FollowerState
2021-08-26 18:40:32,115 [88d9c6ea-d0be-4004-8450-128776760c0b@group-0EE0E6A225EC-FollowerState] INFO  impl.FollowerState (FollowerState.java:run(143)) - 88d9c6ea-d0be-4004-8450-128776760c0b@group-0EE0E6A225EC-FollowerState was interrupted: {}
java.lang.InterruptedException: sleep interrupted
	at java.lang.Thread.sleep(Native Method)
	at java.lang.Thread.sleep(Thread.java:340)
	at java.util.concurrent.TimeUnit.sleep(TimeUnit.java:386)
	at org.apache.ratis.util.TimeDuration.sleep(TimeDuration.java:324)
	at org.apache.ratis.util.TimeDuration.sleep(TimeDuration.java:309)
	at org.apache.ratis.server.impl.FollowerState.run(FollowerState.java:118)
2021-08-26 18:40:32,118 [grpc-default-executor-0] INFO  server.RaftServer$Division (RaftServerImpl.java:requestVote(1075)) - 95edf07e-7fec-45a0-b357-ea2c9e88c813@group-0EE0E6A225EC replies to ELECTION vote request: 134e4cc8-3e2d-4572-98bc-d75f353c351b<-95edf07e-7fec-45a0-b357-ea2c9e88c813#0:OK-t7. Peer's state: 95edf07e-7fec-45a0-b357-ea2c9e88c813@group-0EE0E6A225EC:t7, leader=null, voted=134e4cc8-3e2d-4572-98bc-d75f353c351b, raftlog=95edf07e-7fec-45a0-b357-ea2c9e88c813@group-0EE0E6A225EC-SegmentedRaftLog:OPENED:c-1,f-1,i0, conf=-1: [95edf07e-7fec-45a0-b357-ea2c9e88c813|rpc:10.1.0.63:34053|priority:0, 88d9c6ea-d0be-4004-8450-128776760c0b|rpc:10.1.0.63:32927|priority:0, 134e4cc8-3e2d-4572-98bc-d75f353c351b|rpc:10.1.0.63:40073|priority:1], old=null
2021-08-26 18:40:32,135 [134e4cc8-3e2d-4572-98bc-d75f353c351b@group-0EE0E6A225EC-LeaderElection91] INFO  impl.LeaderElection (LeaderElection.java:logAndReturn(89)) - 134e4cc8-3e2d-4572-98bc-d75f353c351b@group-0EE0E6A225EC-LeaderElection91: ELECTION PASSED received 1 response(s) and 0 exception(s):
2021-08-26 18:40:32,135 [134e4cc8-3e2d-4572-98bc-d75f353c351b@group-0EE0E6A225EC-LeaderElection91] INFO  impl.LeaderElection (LeaderElection.java:logAndReturn(93)) -   Response 0: 134e4cc8-3e2d-4572-98bc-d75f353c351b<-95edf07e-7fec-45a0-b357-ea2c9e88c813#0:OK-t7
2021-08-26 18:40:32,135 [134e4cc8-3e2d-4572-98bc-d75f353c351b@group-0EE0E6A225EC-LeaderElection91] INFO  impl.LeaderElection (LeaderElection.java:askForVotes(308)) - 134e4cc8-3e2d-4572-98bc-d75f353c351b@group-0EE0E6A225EC-LeaderElection91 ELECTION round 0: result PASSED
2021-08-26 18:40:32,135 [134e4cc8-3e2d-4572-98bc-d75f353c351b@group-0EE0E6A225EC-LeaderElection91] INFO  impl.RoleInfo (RoleInfo.java:shutdownLeaderElection(121)) - 134e4cc8-3e2d-4572-98bc-d75f353c351b: shutdown 134e4cc8-3e2d-4572-98bc-d75f353c351b@group-0EE0E6A225EC-LeaderElection91
2021-08-26 18:40:32,136 [134e4cc8-3e2d-4572-98bc-d75f353c351b@group-0EE0E6A225EC-LeaderElection91] INFO  server.RaftServer$Division (RaftServerImpl.java:setRole(285)) - 134e4cc8-3e2d-4572-98bc-d75f353c351b@group-0EE0E6A225EC: changes role from CANDIDATE to LEADER at term 7 for changeToLeader
2021-08-26 18:40:32,136 [134e4cc8-3e2d-4572-98bc-d75f353c351b@group-0EE0E6A225EC-LeaderElection91] INFO  ratis.XceiverServerRatis (XceiverServerRatis.java:handleLeaderChangedNotification(861)) - Leader change notification received for group: group-0EE0E6A225EC with new leaderId: 134e4cc8-3e2d-4572-98bc-d75f353c351b
2021-08-26 18:40:32,136 [134e4cc8-3e2d-4572-98bc-d75f353c351b@group-0EE0E6A225EC-LeaderElection91] INFO  server.RaftServer$Division (ServerState.java:setLeader(285)) - 134e4cc8-3e2d-4572-98bc-d75f353c351b@group-0EE0E6A225EC: change Leader from null to 134e4cc8-3e2d-4572-98bc-d75f353c351b at term 7 for becomeLeader, leader elected after 35940ms
2021-08-26 18:40:32,136 [134e4cc8-3e2d-4572-98bc-d75f353c351b@group-0EE0E6A225EC-LeaderElection91] INFO  server.RaftServerConfigKeys (ConfUtils.java:logGet(44)) - raft.server.staging.catchup.gap = 1000 (default)
2021-08-26 18:40:32,136 [134e4cc8-3e2d-4572-98bc-d75f353c351b@group-0EE0E6A225EC-LeaderElection91] INFO  server.RaftServerConfigKeys (ConfUtils.java:logGet(44)) - raft.server.write.element-limit = 1024 (custom)
2021-08-26 18:40:32,137 [134e4cc8-3e2d-4572-98bc-d75f353c351b@group-0EE0E6A225EC-LeaderElection91] INFO  server.RaftServerConfigKeys (ConfUtils.java:logGet(44)) - raft.server.write.byte-limit = 1024 M (=1073741824) (custom)
2021-08-26 18:40:32,137 [134e4cc8-3e2d-4572-98bc-d75f353c351b@group-0EE0E6A225EC-LeaderElection91] INFO  server.RaftServerConfigKeys (ConfUtils.java:logGet(44)) - raft.server.watch.timeout = 3000ms (custom)
2021-08-26 18:40:32,137 [134e4cc8-3e2d-4572-98bc-d75f353c351b@group-0EE0E6A225EC-LeaderElection91] INFO  server.RaftServerConfigKeys (ConfUtils.java:logGet(44)) - raft.server.watch.timeout.denomination = 1s (default)
2021-08-26 18:40:32,137 [134e4cc8-3e2d-4572-98bc-d75f353c351b@group-0EE0E6A225EC-LeaderElection91] INFO  server.RaftServerConfigKeys (ConfUtils.java:logGet(44)) - raft.server.watch.element-limit = 65536 (default)
2021-08-26 18:40:32,137 [134e4cc8-3e2d-4572-98bc-d75f353c351b@group-0EE0E6A225EC-LeaderElection91] INFO  server.RaftServerConfigKeys (ConfUtils.java:logGet(44)) - raft.server.log.appender.snapshot.chunk.size.max = 16MB (=16777216) (default)
2021-08-26 18:40:32,137 [134e4cc8-3e2d-4572-98bc-d75f353c351b@group-0EE0E6A225EC-LeaderElection91] INFO  server.RaftServerConfigKeys (ConfUtils.java:logGet(44)) - raft.server.log.appender.buffer.byte-limit = 33554432 (custom)
2021-08-26 18:40:32,137 [134e4cc8-3e2d-4572-98bc-d75f353c351b@group-0EE0E6A225EC-LeaderElection91] INFO  server.RaftServerConfigKeys (ConfUtils.java:logGet(44)) - raft.server.log.appender.buffer.element-limit = 1 (custom)
2021-08-26 18:40:32,137 [134e4cc8-3e2d-4572-98bc-d75f353c351b@group-0EE0E6A225EC-LeaderElection91] INFO  grpc.GrpcConfigKeys (ConfUtils.java:logGet(44)) - raft.grpc.server.leader.outstanding.appends.max = 128 (default)
2021-08-26 18:40:32,137 [134e4cc8-3e2d-4572-98bc-d75f353c351b@group-0EE0E6A225EC-LeaderElection91] INFO  server.RaftServerConfigKeys (ConfUtils.java:logGet(44)) - raft.server.rpc.request.timeout = 3000ms (default)
2021-08-26 18:40:32,137 [134e4cc8-3e2d-4572-98bc-d75f353c351b@group-0EE0E6A225EC-LeaderElection91] INFO  server.RaftServerConfigKeys (ConfUtils.java:logGet(44)) - raft.server.log.appender.install.snapshot.enabled = false (custom)
2021-08-26 18:40:32,141 [grpc-default-executor-1] INFO  server.RaftServer$Division (RaftServerImpl.java:requestVote(1075)) - 88d9c6ea-d0be-4004-8450-128776760c0b@group-0EE0E6A225EC replies to ELECTION vote request: 134e4cc8-3e2d-4572-98bc-d75f353c351b<-88d9c6ea-d0be-4004-8450-128776760c0b#0:OK-t7. Peer's state: 88d9c6ea-d0be-4004-8450-128776760c0b@group-0EE0E6A225EC:t7, leader=null, voted=134e4cc8-3e2d-4572-98bc-d75f353c351b, raftlog=88d9c6ea-d0be-4004-8450-128776760c0b@group-0EE0E6A225EC-SegmentedRaftLog:OPENED:c-1,f-1,i0, conf=-1: [95edf07e-7fec-45a0-b357-ea2c9e88c813|rpc:10.1.0.63:34053|dataStream:|priority:0, 88d9c6ea-d0be-4004-8450-128776760c0b|rpc:10.1.0.63:32927|dataStream:|priority:0, 134e4cc8-3e2d-4572-98bc-d75f353c351b|rpc:10.1.0.63:40073|dataStream:|priority:1], old=null
2021-08-26 18:40:32,141 [EventQueue-PipelineReportForPipelineReportHandler] INFO  pipeline.PipelineManagerImpl (PipelineManagerImpl.java:openPipeline(282)) - Pipeline Pipeline[ Id: 4c5cff93-0f15-4bcb-87ad-0ee0e6a225ec, Nodes: 95edf07e-7fec-45a0-b357-ea2c9e88c813{ip: 10.1.0.63, host: fv-az184-233.3ow45vhwbzuu5incsxmygykede.cx.internal.cloudapp.net, ports: [REPLICATION=44839, RATIS=34053, RATIS_ADMIN=34053, RATIS_SERVER=34053, STANDALONE=33691], networkLocation: /default-rack, certSerialId: null, persistedOpState: IN_SERVICE, persistedOpStateExpiryEpochSec: 0}88d9c6ea-d0be-4004-8450-128776760c0b{ip: 10.1.0.63, host: fv-az184-233.3ow45vhwbzuu5incsxmygykede.cx.internal.cloudapp.net, ports: [REPLICATION=45503, RATIS=32927, RATIS_ADMIN=32927, RATIS_SERVER=32927, STANDALONE=46325], networkLocation: /default-rack, certSerialId: null, persistedOpState: IN_SERVICE, persistedOpStateExpiryEpochSec: 0}134e4cc8-3e2d-4572-98bc-d75f353c351b{ip: 10.1.0.63, host: fv-az184-233.3ow45vhwbzuu5incsxmygykede.cx.internal.cloudapp.net, ports: [REPLICATION=33211, RATIS=40073, RATIS_ADMIN=40073, RATIS_SERVER=40073, STANDALONE=44329], networkLocation: /default-rack, certSerialId: null, persistedOpState: IN_SERVICE, persistedOpStateExpiryEpochSec: 0}, ReplicationConfig: RATIS/THREE, State:ALLOCATED, leaderId:134e4cc8-3e2d-4572-98bc-d75f353c351b, CreationTimestamp2021-08-26T18:39:53.747Z[Etc/UTC]] moved to OPEN state
2021-08-26 18:40:32,150 [134e4cc8-3e2d-4572-98bc-d75f353c351b@group-0EE0E6A225EC-LeaderElection91] INFO  server.RaftServerConfigKeys (ConfUtils.java:logGet(44)) - raft.server.log.appender.snapshot.chunk.size.max = 16MB (=16777216) (default)
2021-08-26 18:40:32,150 [134e4cc8-3e2d-4572-98bc-d75f353c351b@group-0EE0E6A225EC-LeaderElection91] INFO  server.RaftServerConfigKeys (ConfUtils.java:logGet(44)) - raft.server.log.appender.buffer.byte-limit = 33554432 (custom)
2021-08-26 18:40:32,150 [134e4cc8-3e2d-4572-98bc-d75f353c351b@group-0EE0E6A225EC-LeaderElection91] INFO  server.RaftServerConfigKeys (ConfUtils.java:logGet(44)) - raft.server.log.appender.buffer.element-limit = 1 (custom)
2021-08-26 18:40:32,150 [134e4cc8-3e2d-4572-98bc-d75f353c351b@group-0EE0E6A225EC-LeaderElection91] INFO  grpc.GrpcConfigKeys (ConfUtils.java:logGet(44)) - raft.grpc.server.leader.outstanding.appends.max = 128 (default)
2021-08-26 18:40:32,150 [134e4cc8-3e2d-4572-98bc-d75f353c351b@group-0EE0E6A225EC-LeaderElection91] INFO  server.RaftServerConfigKeys (ConfUtils.java:logGet(44)) - raft.server.rpc.request.timeout = 3000ms (default)
2021-08-26 18:40:32,150 [134e4cc8-3e2d-4572-98bc-d75f353c351b@group-0EE0E6A225EC-LeaderElection91] INFO  server.RaftServerConfigKeys (ConfUtils.java:logGet(44)) - raft.server.log.appender.install.snapshot.enabled = false (custom)
2021-08-26 18:40:32,151 [134e4cc8-3e2d-4572-98bc-d75f353c351b@group-0EE0E6A225EC-LeaderElection91] INFO  impl.RoleInfo (RoleInfo.java:updateAndGet(130)) - 134e4cc8-3e2d-4572-98bc-d75f353c351b: start 134e4cc8-3e2d-4572-98bc-d75f353c351b@group-0EE0E6A225EC-LeaderStateImpl
2021-08-26 18:40:32,166 [134e4cc8-3e2d-4572-98bc-d75f353c351b@group-0EE0E6A225EC-LeaderElection91] INFO  segmented.SegmentedRaftLogWorker (SegmentedRaftLogWorker.java:startLogSegment(394)) - 134e4cc8-3e2d-4572-98bc-d75f353c351b@group-0EE0E6A225EC-SegmentedRaftLogWorker: Starting segment from index:0
2021-08-26 18:40:32,168 [134e4cc8-3e2d-4572-98bc-d75f353c351b@group-0EE0E6A225EC-SegmentedRaftLogWorker] INFO  segmented.SegmentedRaftLogWorker (SegmentedRaftLogWorker.java:execute(601)) - 134e4cc8-3e2d-4572-98bc-d75f353c351b@group-0EE0E6A225EC-SegmentedRaftLogWorker: created new log segment /home/runner/work/ozone/ozone/hadoop-ozone/integration-test/target/test-dir/MiniOzoneClusterImpl-7287d2d4-454f-4da5-bbdc-7dc3b2fb158b/datanode-5/data/ratis/4c5cff93-0f15-4bcb-87ad-0ee0e6a225ec/current/log_inprogress_0
2021-08-26 18:40:32,169 [134e4cc8-3e2d-4572-98bc-d75f353c351b@group-0EE0E6A225EC-LeaderElection91] INFO  server.RaftServer$Division (ServerState.java:setRaftConf(387)) - 134e4cc8-3e2d-4572-98bc-d75f353c351b@group-0EE0E6A225EC: set configuration 0: [95edf07e-7fec-45a0-b357-ea2c9e88c813|rpc:10.1.0.63:34053|dataStream:|priority:0, 88d9c6ea-d0be-4004-8450-128776760c0b|rpc:10.1.0.63:32927|dataStream:|priority:0, 134e4cc8-3e2d-4572-98bc-d75f353c351b|rpc:10.1.0.63:40073|dataStream:|priority:1], old=null
2021-08-26 18:40:32,169 [grpc-default-executor-0] INFO  ratis.XceiverServerRatis (XceiverServerRatis.java:handleLeaderChangedNotification(861)) - Leader change notification received for group: group-0EE0E6A225EC with new leaderId: 134e4cc8-3e2d-4572-98bc-d75f353c351b
2021-08-26 18:40:32,169 [grpc-default-executor-0] INFO  server.RaftServer$Division (ServerState.java:setLeader(285)) - 95edf07e-7fec-45a0-b357-ea2c9e88c813@group-0EE0E6A225EC: change Leader from null to 134e4cc8-3e2d-4572-98bc-d75f353c351b at term 7 for appendEntries, leader elected after 36191ms
2021-08-26 18:40:32,177 [grpc-default-executor-3] INFO  ratis.XceiverServerRatis (XceiverServerRatis.java:handleLeaderChangedNotification(861)) - Leader change notification received for group: group-0EE0E6A225EC with new leaderId: 134e4cc8-3e2d-4572-98bc-d75f353c351b
2021-08-26 18:40:32,177 [grpc-default-executor-3] INFO  server.RaftServer$Division (ServerState.java:setLeader(285)) - 88d9c6ea-d0be-4004-8450-128776760c0b@group-0EE0E6A225EC: change Leader from null to 134e4cc8-3e2d-4572-98bc-d75f353c351b at term 7 for appendEntries, leader elected after 36148ms
2021-08-26 18:40:32,177 [grpc-default-executor-1] INFO  server.RaftServer$Division (ServerState.java:setRaftConf(387)) - 95edf07e-7fec-45a0-b357-ea2c9e88c813@group-0EE0E6A225EC: set configuration 0: [95edf07e-7fec-45a0-b357-ea2c9e88c813|rpc:10.1.0.63:34053|dataStream:|priority:0, 88d9c6ea-d0be-4004-8450-128776760c0b|rpc:10.1.0.63:32927|dataStream:|priority:0, 134e4cc8-3e2d-4572-98bc-d75f353c351b|rpc:10.1.0.63:40073|dataStream:|priority:1], old=null
2021-08-26 18:40:32,178 [grpc-default-executor-1] INFO  segmented.SegmentedRaftLogWorker (SegmentedRaftLogWorker.java:startLogSegment(394)) - 95edf07e-7fec-45a0-b357-ea2c9e88c813@group-0EE0E6A225EC-SegmentedRaftLogWorker: Starting segment from index:0
2021-08-26 18:40:32,205 [grpc-default-executor-1] INFO  server.RaftServer$Division (ServerState.java:setRaftConf(387)) - 88d9c6ea-d0be-4004-8450-128776760c0b@group-0EE0E6A225EC: set configuration 0: [95edf07e-7fec-45a0-b357-ea2c9e88c813|rpc:10.1.0.63:34053|dataStream:|priority:0, 88d9c6ea-d0be-4004-8450-128776760c0b|rpc:10.1.0.63:32927|dataStream:|priority:0, 134e4cc8-3e2d-4572-98bc-d75f353c351b|rpc:10.1.0.63:40073|dataStream:|priority:1], old=null
2021-08-26 18:40:32,205 [grpc-default-executor-1] INFO  segmented.SegmentedRaftLogWorker (SegmentedRaftLogWorker.java:startLogSegment(394)) - 88d9c6ea-d0be-4004-8450-128776760c0b@group-0EE0E6A225EC-SegmentedRaftLogWorker: Starting segment from index:0
2021-08-26 18:40:32,232 [95edf07e-7fec-45a0-b357-ea2c9e88c813@group-0EE0E6A225EC-SegmentedRaftLogWorker] INFO  segmented.SegmentedRaftLogWorker (SegmentedRaftLogWorker.java:execute(601)) - 95edf07e-7fec-45a0-b357-ea2c9e88c813@group-0EE0E6A225EC-SegmentedRaftLogWorker: created new log segment /home/runner/work/ozone/ozone/hadoop-ozone/integration-test/target/test-dir/MiniOzoneClusterImpl-7287d2d4-454f-4da5-bbdc-7dc3b2fb158b/datanode-3/data/ratis/4c5cff93-0f15-4bcb-87ad-0ee0e6a225ec/current/log_inprogress_0
2021-08-26 18:40:32,244 [88d9c6ea-d0be-4004-8450-128776760c0b@group-0EE0E6A225EC-SegmentedRaftLogWorker] INFO  segmented.SegmentedRaftLogWorker (SegmentedRaftLogWorker.java:execute(601)) - 88d9c6ea-d0be-4004-8450-128776760c0b@group-0EE0E6A225EC-SegmentedRaftLogWorker: created new log segment /home/runner/work/ozone/ozone/hadoop-ozone/integration-test/target/test-dir/MiniOzoneClusterImpl-7287d2d4-454f-4da5-bbdc-7dc3b2fb158b/datanode-4/data/ratis/4c5cff93-0f15-4bcb-87ad-0ee0e6a225ec/current/log_inprogress_0
2021-08-26 18:40:41,024 [Listener at 127.0.0.1/40319] WARN  io.KeyOutputStream (KeyOutputStream.java:handleException(318)) - Encountered exception java.io.IOException: Unexpected Storage Container Exception: java.util.concurrent.CompletionException: Failed to write chunk 107544261427200001_chunk_6 into block conID: 1 locID: 107544261427200001 bcsId: 9 on the pipeline Pipeline[ Id: f60b2554-eed1-4952-8c74-377879bf8640, Nodes: b0d4646c-0fcd-42fc-b255-eb3c3c8c3636{ip: 10.1.0.63, host: fv-az184-233.3ow45vhwbzuu5incsxmygykede.cx.internal.cloudapp.net, ports: [REPLICATION=38487, RATIS=45237, RATIS_ADMIN=45237, RATIS_SERVER=45237, STANDALONE=33471], networkLocation: /default-rack, certSerialId: null, persistedOpState: IN_SERVICE, persistedOpStateExpiryEpochSec: 0}, ReplicationConfig: RATIS/ONE, State:OPEN, leaderId:b0d4646c-0fcd-42fc-b255-eb3c3c8c3636, CreationTimestamp2021-08-26T18:39:50.388Z[Etc/UTC]]. The last committed block length is 450, uncommitted data length is 350 retry count 0
2021-08-26 18:40:41,355 [Datanode State Machine Thread - 0] WARN  statemachine.StateContext (StateContext.java:execute(621)) - No available thread in pool for past 1 seconds.
2021-08-26 18:40:41,773 [Listener at 127.0.0.1/40319] WARN  impl.MetricRegistriesImpl (MetricRegistriesImpl.java:addReporterRegistration(111)) - New reporters are added after registries were created. Some metrics will be missing from the reporter. Please add reporter before adding any new registry.
2021-08-26 18:40:41,784 [Listener at 127.0.0.1/40319] WARN  impl.MetricRegistriesImpl (MetricRegistriesImpl.java:addReporterRegistration(111)) - New reporters are added after registries were created. Some metrics will be missing from the reporter. Please add reporter before adding any new registry.
2021-08-26 18:40:41,784 [Listener at 127.0.0.1/40319] INFO  impl.MetricsSystemImpl (MetricsSystemImpl.java:init(158)) - HddsDatanode metrics system started (again)
2021-08-26 18:40:41,865 [Listener at 127.0.0.1/40319] INFO  ozone.HddsDatanodeService (HddsDatanodeService.java:start(234)) - HddsDatanodeService host:fv-az184-233.3ow45vhwbzuu5incsxmygykede.cx.internal.cloudapp.net ip:10.1.0.63
2021-08-26 18:40:41,945 [Listener at 127.0.0.1/40319] INFO  upgrade.AbstractLayoutVersionManager (AbstractLayoutVersionManager.java:init(70)) - Initializing Layout version manager with metadata layout = SCM_HA (version = 2), software layout = SCM_HA (version = 2)
2021-08-26 18:40:42,083 [Listener at 127.0.0.1/40319] INFO  reflections.Reflections (Reflections.java:scan(232)) - Reflections took 136 ms to scan 7 urls, producing 120 keys and 275 values 
2021-08-26 18:40:42,121 [Listener at 127.0.0.1/40319] INFO  volume.HddsVolume (HddsVolume.java:<init>(120)) - Creating HddsVolume: /home/runner/work/ozone/ozone/hadoop-ozone/integration-test/target/test-dir/MiniOzoneClusterImpl-7287d2d4-454f-4da5-bbdc-7dc3b2fb158b/datanode-0/data-0/containers/hdds of storage type : DISK capacity : 9223372036854775807
2021-08-26 18:40:42,121 [Listener at 127.0.0.1/40319] INFO  volume.MutableVolumeSet (MutableVolumeSet.java:initializeVolumeSet(181)) - Added Volume : /home/runner/work/ozone/ozone/hadoop-ozone/integration-test/target/test-dir/MiniOzoneClusterImpl-7287d2d4-454f-4da5-bbdc-7dc3b2fb158b/datanode-0/data-0/containers/hdds to VolumeSet
2021-08-26 18:40:42,121 [Listener at 127.0.0.1/40319] INFO  volume.ThrottledAsyncChecker (ThrottledAsyncChecker.java:schedule(141)) - Scheduling a check for /home/runner/work/ozone/ozone/hadoop-ozone/integration-test/target/test-dir/MiniOzoneClusterImpl-7287d2d4-454f-4da5-bbdc-7dc3b2fb158b/datanode-0/data-0/containers/hdds
2021-08-26 18:40:42,152 [Listener at 127.0.0.1/40319] INFO  volume.StorageVolumeChecker (StorageVolumeChecker.java:checkAllVolumes(202)) - Scheduled health check for volume /home/runner/work/ozone/ozone/hadoop-ozone/integration-test/target/test-dir/MiniOzoneClusterImpl-7287d2d4-454f-4da5-bbdc-7dc3b2fb158b/datanode-0/data-0/containers/hdds
2021-08-26 18:40:42,194 [Listener at 127.0.0.1/40319] INFO  volume.MutableVolumeSet (MutableVolumeSet.java:initializeVolumeSet(181)) - Added Volume : /home/runner/work/ozone/ozone/hadoop-ozone/integration-test/target/test-dir/MiniOzoneClusterImpl-7287d2d4-454f-4da5-bbdc-7dc3b2fb158b/datanode-0/data/ratis to VolumeSet
2021-08-26 18:40:42,194 [Listener at 127.0.0.1/40319] INFO  volume.ThrottledAsyncChecker (ThrottledAsyncChecker.java:schedule(141)) - Scheduling a check for /home/runner/work/ozone/ozone/hadoop-ozone/integration-test/target/test-dir/MiniOzoneClusterImpl-7287d2d4-454f-4da5-bbdc-7dc3b2fb158b/datanode-0/data/ratis
2021-08-26 18:40:42,194 [Listener at 127.0.0.1/40319] INFO  volume.StorageVolumeChecker (StorageVolumeChecker.java:checkAllVolumes(202)) - Scheduled health check for volume /home/runner/work/ozone/ozone/hadoop-ozone/integration-test/target/test-dir/MiniOzoneClusterImpl-7287d2d4-454f-4da5-bbdc-7dc3b2fb158b/datanode-0/data/ratis
2021-08-26 18:40:42,226 [Listener at 127.0.0.1/40319] INFO  ozoneimpl.ContainerReader (ContainerReader.java:<init>(98)) - Running in upgrade mode:true
2021-08-26 18:40:42,235 [Thread-1756] INFO  ozoneimpl.ContainerReader (ContainerReader.java:readVolume(142)) - Start to verify containers on volume /home/runner/work/ozone/ozone/hadoop-ozone/integration-test/target/test-dir/MiniOzoneClusterImpl-7287d2d4-454f-4da5-bbdc-7dc3b2fb158b/datanode-0/data-0/containers/hdds
2021-08-26 18:40:42,303 [Thread-1756] INFO  ozoneimpl.ContainerReader (ContainerReader.java:readVolume(174)) - Finish verifying containers on volume /home/runner/work/ozone/ozone/hadoop-ozone/integration-test/target/test-dir/MiniOzoneClusterImpl-7287d2d4-454f-4da5-bbdc-7dc3b2fb158b/datanode-0/data-0/containers/hdds
2021-08-26 18:40:42,303 [Listener at 127.0.0.1/40319] INFO  ozoneimpl.OzoneContainer (OzoneContainer.java:buildContainerSet(237)) - Build ContainerSet costs 0s
2021-08-26 18:40:42,305 [Listener at 127.0.0.1/40319] INFO  server.RaftServer (ConfUtils.java:logGet(44)) - raft.rpc.type = GRPC (default)
2021-08-26 18:40:42,305 [Listener at 127.0.0.1/40319] INFO  grpc.GrpcFactory (GrpcFactory.java:checkPooledByteBufAllocatorUseCacheForAllThreads(48)) - PERFORMANCE WARNING: useCacheForAllThreads is true that may cause Netty to create a lot garbage objects and, as a result, trigger GC.
	It is recommended to disable useCacheForAllThreads by setting -Dorg.apache.ratis.thirdparty.io.netty.allocator.useCacheForAllThreads=false in command line.
2021-08-26 18:40:42,305 [Listener at 127.0.0.1/40319] INFO  grpc.GrpcConfigKeys (ConfUtils.java:logGet(44)) - raft.grpc.admin.port = 45237 (custom)
2021-08-26 18:40:42,305 [Listener at 127.0.0.1/40319] INFO  grpc.GrpcConfigKeys (ConfUtils.java:logGet(44)) - raft.grpc.client.port = 45237 (custom)
2021-08-26 18:40:42,305 [Listener at 127.0.0.1/40319] INFO  grpc.GrpcConfigKeys (ConfUtils.java:logGet(44)) - raft.grpc.server.port = 45237 (custom)
2021-08-26 18:40:42,305 [Listener at 127.0.0.1/40319] INFO  server.GrpcService (ConfUtils.java:logGet(44)) - raft.grpc.message.size.max = 32MB (=33554432) (custom)
2021-08-26 18:40:42,305 [Listener at 127.0.0.1/40319] INFO  server.RaftServerConfigKeys (ConfUtils.java:logGet(44)) - raft.server.log.appender.buffer.byte-limit = 33554432 (custom)
2021-08-26 18:40:42,306 [Listener at 127.0.0.1/40319] INFO  server.GrpcService (ConfUtils.java:logGet(44)) - raft.grpc.flow.control.window = 5MB (=5242880) (custom)
2021-08-26 18:40:42,306 [Listener at 127.0.0.1/40319] INFO  server.RaftServerConfigKeys (ConfUtils.java:logGet(44)) - raft.server.rpc.request.timeout = 3000ms (default)
2021-08-26 18:40:42,307 [Listener at 127.0.0.1/40319] INFO  impl.DataStreamServerImpl (ConfUtils.java:logGet(44)) - raft.datastream.type = DISABLED (default)
2021-08-26 18:40:42,307 [Listener at 127.0.0.1/40319] INFO  server.RaftServerConfigKeys (ConfUtils.java:logGet(44)) - raft.server.rpc.slowness.timeout = 300000ms (custom)
2021-08-26 18:40:42,307 [Listener at 127.0.0.1/40319] INFO  server.RaftServerConfigKeys (ConfUtils.java:logGet(44)) - raft.server.leaderelection.leader.step-down.wait-time = 10s (default)
2021-08-26 18:40:42,307 [Listener at 127.0.0.1/40319] INFO  server.RaftServerConfigKeys (ConfUtils.java:logGet(44)) - raft.server.storage.dir = [/home/runner/work/ozone/ozone/hadoop-ozone/integration-test/target/test-dir/MiniOzoneClusterImpl-7287d2d4-454f-4da5-bbdc-7dc3b2fb158b/datanode-0/data/ratis] (custom)
2021-08-26 18:40:42,307 [Listener at 127.0.0.1/40319] INFO  server.RaftServer (RaftServerProxy.java:lambda$null$1(235)) - b0d4646c-0fcd-42fc-b255-eb3c3c8c3636: found a subdirectory /home/runner/work/ozone/ozone/hadoop-ozone/integration-test/target/test-dir/MiniOzoneClusterImpl-7287d2d4-454f-4da5-bbdc-7dc3b2fb158b/datanode-0/data/ratis/f60b2554-eed1-4952-8c74-377879bf8640
2021-08-26 18:40:42,312 [Listener at 127.0.0.1/40319] INFO  server.RaftServer (RaftServerProxy.java:addNew(95)) - b0d4646c-0fcd-42fc-b255-eb3c3c8c3636: addNew group-377879BF8640:[] returns group-377879BF8640:java.util.concurrent.CompletableFuture@38beb150[Not completed]
2021-08-26 18:40:42,312 [Listener at 127.0.0.1/40319] INFO  server.RaftServer (RaftServerProxy.java:lambda$null$1(235)) - b0d4646c-0fcd-42fc-b255-eb3c3c8c3636: found a subdirectory /home/runner/work/ozone/ozone/hadoop-ozone/integration-test/target/test-dir/MiniOzoneClusterImpl-7287d2d4-454f-4da5-bbdc-7dc3b2fb158b/datanode-0/data/ratis/add1658b-e2b5-4f06-8c7a-d6cbffe24189
2021-08-26 18:40:42,312 [Listener at 127.0.0.1/40319] INFO  server.RaftServer (RaftServerProxy.java:addNew(95)) - b0d4646c-0fcd-42fc-b255-eb3c3c8c3636: addNew group-D6CBFFE24189:[] returns group-D6CBFFE24189:java.util.concurrent.CompletableFuture@11c93649[Not completed]
2021-08-26 18:40:42,312 [Listener at 127.0.0.1/40319] INFO  server.RaftServer (RaftServerProxy.java:lambda$null$1(235)) - b0d4646c-0fcd-42fc-b255-eb3c3c8c3636: found a subdirectory /home/runner/work/ozone/ozone/hadoop-ozone/integration-test/target/test-dir/MiniOzoneClusterImpl-7287d2d4-454f-4da5-bbdc-7dc3b2fb158b/datanode-0/data/ratis/2466034c-f8ae-4bff-8a7c-d2d68e1c8e59
2021-08-26 18:40:42,313 [Listener at 127.0.0.1/40319] INFO  server.RaftServer (RaftServerProxy.java:addNew(95)) - b0d4646c-0fcd-42fc-b255-eb3c3c8c3636: addNew group-D2D68E1C8E59:[] returns group-D2D68E1C8E59:java.util.concurrent.CompletableFuture@63fbf0d8[Not completed]
2021-08-26 18:40:42,314 [pool-663-thread-1] INFO  server.RaftServer$Division (RaftServerImpl.java:<init>(181)) - b0d4646c-0fcd-42fc-b255-eb3c3c8c3636: new RaftServerImpl for group-377879BF8640:[] with ContainerStateMachine:uninitialized
2021-08-26 18:40:42,328 [pool-663-thread-1] INFO  server.RaftServerConfigKeys (ConfUtils.java:logGet(44)) - raft.server.rpc.timeout.min = 5s (custom)
2021-08-26 18:40:42,328 [pool-663-thread-1] INFO  server.RaftServerConfigKeys (ConfUtils.java:logGet(44)) - raft.server.rpc.timeout.max = 5200ms (custom)
2021-08-26 18:40:42,328 [pool-663-thread-1] INFO  server.RaftServerConfigKeys (ConfUtils.java:logGet(44)) - raft.server.rpc.sleep.time = 25ms (default)
2021-08-26 18:40:42,328 [pool-663-thread-1] INFO  server.RaftServerConfigKeys (ConfUtils.java:logGet(44)) - raft.server.rpc.slowness.timeout = 300000ms (custom)
2021-08-26 18:40:42,328 [pool-663-thread-1] INFO  server.RaftServerConfigKeys (ConfUtils.java:logGet(44)) - raft.server.leaderelection.leader.step-down.wait-time = 10s (default)
2021-08-26 18:40:42,328 [pool-663-thread-1] INFO  server.RaftServerConfigKeys (ConfUtils.java:logGet(44)) - raft.server.sleep.deviation.threshold = 300ms (default)
2021-08-26 18:40:42,328 [pool-663-thread-1] INFO  server.RaftServerConfigKeys (ConfUtils.java:logGet(44)) - raft.server.log.appender.install.snapshot.enabled = false (custom)
2021-08-26 18:40:42,328 [pool-663-thread-1] INFO  server.RaftServer$Division (ServerState.java:<init>(105)) - b0d4646c-0fcd-42fc-b255-eb3c3c8c3636@group-377879BF8640: ConfigurationManager, init=-1: [], old=null, confs=<EMPTY_MAP>
2021-08-26 18:40:42,328 [pool-663-thread-1] INFO  server.RaftServerConfigKeys (ConfUtils.java:logGet(44)) - raft.server.storage.dir = [/home/runner/work/ozone/ozone/hadoop-ozone/integration-test/target/test-dir/MiniOzoneClusterImpl-7287d2d4-454f-4da5-bbdc-7dc3b2fb158b/datanode-0/data/ratis] (custom)
2021-08-26 18:40:42,329 [pool-663-thread-1] INFO  server.RaftServerConfigKeys (ConfUtils.java:logGet(44)) - raft.server.log.corruption.policy = EXCEPTION (default)
2021-08-26 18:40:42,329 [pool-663-thread-1] INFO  server.RaftServerConfigKeys (ConfUtils.java:logGet(44)) - raft.server.storage.free-space.min = 0MB (=0) (default)
2021-08-26 18:40:42,330 [pool-663-thread-1] INFO  storage.RaftStorageDirectory (RaftStorageDirectoryImpl.java:tryLock(230)) - Lock on /home/runner/work/ozone/ozone/hadoop-ozone/integration-test/target/test-dir/MiniOzoneClusterImpl-7287d2d4-454f-4da5-bbdc-7dc3b2fb158b/datanode-0/data/ratis/f60b2554-eed1-4952-8c74-377879bf8640/in_use.lock acquired by nodename 22608@fv-az184-233
2021-08-26 18:40:42,330 [pool-663-thread-1] INFO  storage.RaftStorage (RaftStorageImpl.java:analyzeAndRecoverStorage(110)) - Read RaftStorageMetadata{term=1, votedFor=b0d4646c-0fcd-42fc-b255-eb3c3c8c3636} from /home/runner/work/ozone/ozone/hadoop-ozone/integration-test/target/test-dir/MiniOzoneClusterImpl-7287d2d4-454f-4da5-bbdc-7dc3b2fb158b/datanode-0/data/ratis/f60b2554-eed1-4952-8c74-377879bf8640/current/raft-meta
2021-08-26 18:40:42,339 [pool-663-thread-1] INFO  ratis.ContainerStateMachine (ContainerStateMachine.java:loadSnapshot(233)) - group-377879BF8640: Setting the last applied index to (t:1, i:10)
2021-08-26 18:40:42,339 [pool-663-thread-1] INFO  server.RaftServer$Division (ServerState.java:setRaftConf(387)) - b0d4646c-0fcd-42fc-b255-eb3c3c8c3636@group-377879BF8640: set configuration 0: [b0d4646c-0fcd-42fc-b255-eb3c3c8c3636|rpc:10.1.0.63:45237|dataStream:|priority:1], old=null
2021-08-26 18:40:42,339 [pool-663-thread-1] INFO  server.RaftServerConfigKeys (ConfUtils.java:logGet(44)) - raft.server.notification.no-leader.timeout = 300000ms (custom)
2021-08-26 18:40:42,339 [pool-663-thread-1] INFO  server.RaftServerConfigKeys (ConfUtils.java:logGet(44)) - raft.server.log.use.memory = false (default)
2021-08-26 18:40:42,339 [pool-663-thread-1] INFO  server.RaftServerConfigKeys (ConfUtils.java:logGet(44)) - raft.server.log.purge.gap = 1000000 (custom)
2021-08-26 18:40:42,339 [pool-663-thread-1] INFO  server.RaftServerConfigKeys (ConfUtils.java:logGet(44)) - raft.server.log.appender.buffer.byte-limit = 33554432 (custom)
2021-08-26 18:40:42,340 [pool-663-thread-1] INFO  server.RaftServerConfigKeys (ConfUtils.java:logGet(44)) - raft.server.log.segment.size.max = 1048576 (custom)
2021-08-26 18:40:42,340 [pool-663-thread-1] INFO  server.RaftServerConfigKeys (ConfUtils.java:logGet(44)) - raft.server.log.segment.cache.num.max = 2 (custom)
2021-08-26 18:40:42,340 [pool-663-thread-1] INFO  server.RaftServerConfigKeys (ConfUtils.java:logGet(44)) - raft.server.log.segment.cache.size.max = 200MB (=209715200) (default)
2021-08-26 18:40:42,340 [pool-663-thread-1] INFO  segmented.SegmentedRaftLogWorker (SegmentedRaftLogWorker.java:<init>(182)) - new b0d4646c-0fcd-42fc-b255-eb3c3c8c3636@group-377879BF8640-SegmentedRaftLogWorker for RaftStorageImpl:Storage Directory /home/runner/work/ozone/ozone/hadoop-ozone/integration-test/target/test-dir/MiniOzoneClusterImpl-7287d2d4-454f-4da5-bbdc-7dc3b2fb158b/datanode-0/data/ratis/f60b2554-eed1-4952-8c74-377879bf8640
2021-08-26 18:40:42,340 [pool-663-thread-1] INFO  server.RaftServerConfigKeys (ConfUtils.java:logGet(44)) - raft.server.log.queue.byte-limit = 2147483647 (custom)
2021-08-26 18:40:42,340 [pool-663-thread-1] INFO  server.RaftServerConfigKeys (ConfUtils.java:logGet(44)) - raft.server.log.queue.element-limit = 1024 (custom)
2021-08-26 18:40:42,340 [pool-663-thread-1] INFO  server.RaftServerConfigKeys (ConfUtils.java:logGet(44)) - raft.server.log.segment.size.max = 1048576 (custom)
2021-08-26 18:40:42,340 [pool-663-thread-1] INFO  server.RaftServerConfigKeys (ConfUtils.java:logGet(44)) - raft.server.log.preallocated.size = 16384 (custom)
2021-08-26 18:40:42,340 [pool-663-thread-1] INFO  server.RaftServerConfigKeys (ConfUtils.java:logGet(44)) - raft.server.log.force.sync.num = 128 (default)
2021-08-26 18:40:42,341 [pool-663-thread-1] INFO  server.RaftServerConfigKeys (ConfUtils.java:logGet(44)) - raft.server.log.statemachine.data.sync = true (default)
2021-08-26 18:40:42,341 [pool-663-thread-1] INFO  server.RaftServerConfigKeys (ConfUtils.java:logGet(44)) - raft.server.log.statemachine.data.sync.timeout = 10s (default)
2021-08-26 18:40:42,341 [pool-663-thread-1] INFO  server.RaftServerConfigKeys (ConfUtils.java:logGet(44)) - raft.server.log.statemachine.data.sync.timeout.retry = -1 (default)
2021-08-26 18:40:42,342 [pool-663-thread-1] INFO  server.RaftServerConfigKeys (ConfUtils.java:logGet(44)) - raft.server.log.write.buffer.size = 1048576 (custom)
2021-08-26 18:40:42,342 [Listener at 127.0.0.1/40319] INFO  http.BaseHttpServer (BaseHttpServer.java:newHttpServer2BuilderForOzone(209)) - Starting Web-server for hddsDatanode at: http://0.0.0.0:33909
2021-08-26 18:40:42,342 [Listener at 127.0.0.1/40319] INFO  http.BaseHttpServer (BaseHttpServer.java:<init>(107)) - Hadoop Security Enabled: false Ozone Security Enabled: false Ozone HTTP Security Enabled: false 
2021-08-26 18:40:42,343 [Listener at 127.0.0.1/40319] INFO  server.AuthenticationFilter (AuthenticationFilter.java:constructSecretProvider(240)) - Unable to initialize FileSignerSecretProvider, falling back to use random secrets.
2021-08-26 18:40:42,343 [Listener at 127.0.0.1/40319] WARN  http.HttpRequestLog (HttpRequestLog.java:getRequestLog(103)) - Jetty request log can only be enabled using Log4j
2021-08-26 18:40:42,343 [Listener at 127.0.0.1/40319] INFO  http.HttpServer2 (HttpServer2.java:addGlobalFilter(1030)) - Added global filter 'safety' (class=org.apache.hadoop.hdds.server.http.HttpServer2$QuotingInputFilter)
2021-08-26 18:40:42,344 [Listener at 127.0.0.1/40319] INFO  http.HttpServer2 (HttpServer2.java:addFilter(1006)) - Added filter static_user_filter (class=org.apache.hadoop.http.lib.StaticUserWebFilter$StaticUserFilter) to context hddsDatanode
2021-08-26 18:40:42,344 [Listener at 127.0.0.1/40319] INFO  http.HttpServer2 (HttpServer2.java:addFilter(1014)) - Added filter static_user_filter (class=org.apache.hadoop.http.lib.StaticUserWebFilter$StaticUserFilter) to context static
2021-08-26 18:40:42,344 [Listener at 127.0.0.1/40319] INFO  http.HttpServer2 (HttpServer2.java:addFilter(1014)) - Added filter static_user_filter (class=org.apache.hadoop.http.lib.StaticUserWebFilter$StaticUserFilter) to context logs
2021-08-26 18:40:42,344 [Listener at 127.0.0.1/40319] INFO  http.HttpServer2 (HttpServer2.java:bindListener(1249)) - Jetty bound to port 33909
2021-08-26 18:40:42,344 [Listener at 127.0.0.1/40319] INFO  server.Server (Server.java:doStart(375)) - jetty-9.4.43.v20210629; built: 2021-06-30T11:07:22.254Z; git: 526006ecfa3af7f1a27ef3a288e2bef7ea9dd7e8; jvm 1.8.0_292-b10
2021-08-26 18:40:42,346 [Listener at 127.0.0.1/40319] INFO  server.session (DefaultSessionIdManager.java:doStart(334)) - DefaultSessionIdManager workerName=node0
2021-08-26 18:40:42,346 [Listener at 127.0.0.1/40319] INFO  server.session (DefaultSessionIdManager.java:doStart(339)) - No SessionScavenger set, using defaults
2021-08-26 18:40:42,346 [Listener at 127.0.0.1/40319] INFO  server.session (HouseKeeper.java:startScavenging(132)) - node0 Scavenging every 660000ms
2021-08-26 18:40:42,347 [Listener at 127.0.0.1/40319] INFO  handler.ContextHandler (ContextHandler.java:doStart(915)) - Started o.e.j.s.ServletContextHandler@5a3e5a60{logs,/logs,file:///home/runner/work/ozone/ozone/hadoop-ozone/integration-test/target/log,AVAILABLE}
2021-08-26 18:40:42,347 [Listener at 127.0.0.1/40319] INFO  handler.ContextHandler (ContextHandler.java:doStart(915)) - Started o.e.j.s.ServletContextHandler@6cc5dc65{static,/static,jar:file:/home/runner/.m2/repository/org/apache/ozone/hdds-container-service/1.2.0-SNAPSHOT/hdds-container-service-1.2.0-SNAPSHOT.jar!/webapps/static,AVAILABLE}
2021-08-26 18:40:42,371 [pool-663-thread-1] INFO  server.RaftServerConfigKeys (ConfUtils.java:logGet(44)) - raft.server.log.statemachine.data.caching.enabled = true (custom)
2021-08-26 18:40:42,385 [pool-663-thread-1] INFO  server.RaftServer$Division (ServerState.java:setRaftConf(387)) - b0d4646c-0fcd-42fc-b255-eb3c3c8c3636@group-377879BF8640: set configuration 0: [b0d4646c-0fcd-42fc-b255-eb3c3c8c3636|rpc:10.1.0.63:45237|dataStream:|priority:1], old=null
2021-08-26 18:40:42,386 [pool-663-thread-1] INFO  segmented.LogSegment (LogSegment.java:loadSegment(173)) - Successfully read 11 entries from segment file /home/runner/work/ozone/ozone/hadoop-ozone/integration-test/target/test-dir/MiniOzoneClusterImpl-7287d2d4-454f-4da5-bbdc-7dc3b2fb158b/datanode-0/data/ratis/f60b2554-eed1-4952-8c74-377879bf8640/current/log_inprogress_0
2021-08-26 18:40:42,423 [pool-663-thread-1] INFO  segmented.SegmentedRaftLogWorker (SegmentedRaftLogWorker.java:lambda$new$0(133)) - b0d4646c-0fcd-42fc-b255-eb3c3c8c3636@group-377879BF8640-SegmentedRaftLogWorker: flushIndex: setUnconditionally 0 -> 10
2021-08-26 18:40:42,423 [pool-663-thread-1] INFO  segmented.SegmentedRaftLogWorker (SegmentedRaftLogWorker.java:lambda$new$0(133)) - b0d4646c-0fcd-42fc-b255-eb3c3c8c3636@group-377879BF8640-SegmentedRaftLogWorker: safeCacheEvictIndex: setUnconditionally 0 -> -1
2021-08-26 18:40:42,446 [pool-663-thread-1] INFO  raftlog.RaftLog (RaftLogBase.java:lambda$new$0(53)) - b0d4646c-0fcd-42fc-b255-eb3c3c8c3636@group-377879BF8640-SegmentedRaftLog: commitIndex: updateToMax old=10, new=9, updated? false
2021-08-26 18:40:42,448 [pool-663-thread-1] INFO  server.RaftServerConfigKeys (ConfUtils.java:logGet(44)) - raft.server.snapshot.auto.trigger.enabled = true (custom)
2021-08-26 18:40:42,448 [pool-663-thread-1] INFO  server.RaftServerConfigKeys (ConfUtils.java:logGet(44)) - raft.server.snapshot.auto.trigger.threshold = 10000 (custom)
2021-08-26 18:40:42,448 [pool-663-thread-1] INFO  server.RaftServerConfigKeys (ConfUtils.java:logGet(44)) - raft.server.snapshot.retention.file.num = 5 (custom)
2021-08-26 18:40:42,448 [pool-663-thread-1] INFO  server.RaftServerConfigKeys (ConfUtils.java:logGet(44)) - raft.server.log.purge.upto.snapshot.index = false (default)
2021-08-26 18:40:42,448 [pool-663-thread-1] INFO  server.RaftServerConfigKeys (ConfUtils.java:logGet(44)) - raft.server.retrycache.expirytime = 600000ms (custom)
2021-08-26 18:40:42,448 [pool-663-thread-1] INFO  server.RaftServerConfigKeys (ConfUtils.java:logGet(44)) - raft.server.retrycache.statistics.expirytime = 100μs (default)
2021-08-26 18:40:42,450 [pool-663-thread-1] INFO  server.RaftServer$Division (RaftServerImpl.java:<init>(181)) - b0d4646c-0fcd-42fc-b255-eb3c3c8c3636: new RaftServerImpl for group-D6CBFFE24189:[] with ContainerStateMachine:uninitialized
2021-08-26 18:40:42,450 [pool-663-thread-1] INFO  server.RaftServerConfigKeys (ConfUtils.java:logGet(44)) - raft.server.rpc.timeout.min = 5s (custom)
2021-08-26 18:40:42,450 [pool-663-thread-1] INFO  server.RaftServerConfigKeys (ConfUtils.java:logGet(44)) - raft.server.rpc.timeout.max = 5200ms (custom)
2021-08-26 18:40:42,450 [pool-663-thread-1] INFO  server.RaftServerConfigKeys (ConfUtils.java:logGet(44)) - raft.server.rpc.sleep.time = 25ms (default)
2021-08-26 18:40:42,450 [pool-663-thread-1] INFO  server.RaftServerConfigKeys (ConfUtils.java:logGet(44)) - raft.server.rpc.slowness.timeout = 300000ms (custom)
2021-08-26 18:40:42,450 [pool-663-thread-1] INFO  server.RaftServerConfigKeys (ConfUtils.java:logGet(44)) - raft.server.leaderelection.leader.step-down.wait-time = 10s (default)
2021-08-26 18:40:42,450 [pool-663-thread-1] INFO  server.RaftServerConfigKeys (ConfUtils.java:logGet(44)) - raft.server.sleep.deviation.threshold = 300ms (default)
2021-08-26 18:40:42,450 [pool-663-thread-1] INFO  server.RaftServerConfigKeys (ConfUtils.java:logGet(44)) - raft.server.log.appender.install.snapshot.enabled = false (custom)
2021-08-26 18:40:42,450 [pool-663-thread-1] INFO  server.RaftServer$Division (ServerState.java:<init>(105)) - b0d4646c-0fcd-42fc-b255-eb3c3c8c3636@group-D6CBFFE24189: ConfigurationManager, init=-1: [], old=null, confs=<EMPTY_MAP>
2021-08-26 18:40:42,450 [pool-663-thread-1] INFO  server.RaftServerConfigKeys (ConfUtils.java:logGet(44)) - raft.server.storage.dir = [/home/runner/work/ozone/ozone/hadoop-ozone/integration-test/target/test-dir/MiniOzoneClusterImpl-7287d2d4-454f-4da5-bbdc-7dc3b2fb158b/datanode-0/data/ratis] (custom)
2021-08-26 18:40:42,450 [pool-663-thread-1] INFO  server.RaftServerConfigKeys (ConfUtils.java:logGet(44)) - raft.server.log.corruption.policy = EXCEPTION (default)
2021-08-26 18:40:42,450 [pool-663-thread-1] INFO  server.RaftServerConfigKeys (ConfUtils.java:logGet(44)) - raft.server.storage.free-space.min = 0MB (=0) (default)
2021-08-26 18:40:42,457 [pool-663-thread-1] INFO  storage.RaftStorageDirectory (RaftStorageDirectoryImpl.java:tryLock(230)) - Lock on /home/runner/work/ozone/ozone/hadoop-ozone/integration-test/target/test-dir/MiniOzoneClusterImpl-7287d2d4-454f-4da5-bbdc-7dc3b2fb158b/datanode-0/data/ratis/add1658b-e2b5-4f06-8c7a-d6cbffe24189/in_use.lock acquired by nodename 22608@fv-az184-233
2021-08-26 18:40:42,457 [pool-663-thread-1] INFO  storage.RaftStorage (RaftStorageImpl.java:analyzeAndRecoverStorage(110)) - Read RaftStorageMetadata{term=1, votedFor=b0d4646c-0fcd-42fc-b255-eb3c3c8c3636} from /home/runner/work/ozone/ozone/hadoop-ozone/integration-test/target/test-dir/MiniOzoneClusterImpl-7287d2d4-454f-4da5-bbdc-7dc3b2fb158b/datanode-0/data/ratis/add1658b-e2b5-4f06-8c7a-d6cbffe24189/current/raft-meta
2021-08-26 18:40:42,457 [pool-663-thread-1] INFO  ratis.ContainerStateMachine (ContainerStateMachine.java:loadSnapshot(233)) - group-D6CBFFE24189: Setting the last applied index to (t:1, i:0)
2021-08-26 18:40:42,458 [pool-663-thread-1] INFO  server.RaftServer$Division (ServerState.java:setRaftConf(387)) - b0d4646c-0fcd-42fc-b255-eb3c3c8c3636@group-D6CBFFE24189: set configuration 0: [feac8f5a-1b39-4e45-882b-39b2a71e70b7|rpc:10.1.0.63:43083|dataStream:|priority:0, 87f05fb4-46b8-4bb5-a197-7bc4b26914eb|rpc:10.1.0.63:44187|dataStream:|priority:0, b0d4646c-0fcd-42fc-b255-eb3c3c8c3636|rpc:10.1.0.63:45237|dataStream:|priority:1], old=null
2021-08-26 18:40:42,458 [pool-663-thread-1] INFO  server.RaftServerConfigKeys (ConfUtils.java:logGet(44)) - raft.server.notification.no-leader.timeout = 300000ms (custom)
2021-08-26 18:40:42,458 [pool-663-thread-1] INFO  server.RaftServerConfigKeys (ConfUtils.java:logGet(44)) - raft.server.log.use.memory = false (default)
2021-08-26 18:40:42,458 [pool-663-thread-1] INFO  server.RaftServerConfigKeys (ConfUtils.java:logGet(44)) - raft.server.log.purge.gap = 1000000 (custom)
2021-08-26 18:40:42,458 [pool-663-thread-1] INFO  server.RaftServerConfigKeys (ConfUtils.java:logGet(44)) - raft.server.log.appender.buffer.byte-limit = 33554432 (custom)
2021-08-26 18:40:42,458 [pool-663-thread-1] INFO  server.RaftServerConfigKeys (ConfUtils.java:logGet(44)) - raft.server.log.segment.size.max = 1048576 (custom)
2021-08-26 18:40:42,469 [pool-663-thread-1] INFO  server.RaftServerConfigKeys (ConfUtils.java:logGet(44)) - raft.server.log.segment.cache.num.max = 2 (custom)
2021-08-26 18:40:42,469 [pool-663-thread-1] INFO  server.RaftServerConfigKeys (ConfUtils.java:logGet(44)) - raft.server.log.segment.cache.size.max = 200MB (=209715200) (default)
2021-08-26 18:40:42,469 [pool-663-thread-1] INFO  segmented.SegmentedRaftLogWorker (SegmentedRaftLogWorker.java:<init>(182)) - new b0d4646c-0fcd-42fc-b255-eb3c3c8c3636@group-D6CBFFE24189-SegmentedRaftLogWorker for RaftStorageImpl:Storage Directory /home/runner/work/ozone/ozone/hadoop-ozone/integration-test/target/test-dir/MiniOzoneClusterImpl-7287d2d4-454f-4da5-bbdc-7dc3b2fb158b/datanode-0/data/ratis/add1658b-e2b5-4f06-8c7a-d6cbffe24189
2021-08-26 18:40:42,469 [pool-663-thread-1] INFO  server.RaftServerConfigKeys (ConfUtils.java:logGet(44)) - raft.server.log.queue.byte-limit = 2147483647 (custom)
2021-08-26 18:40:42,469 [pool-663-thread-1] INFO  server.RaftServerConfigKeys (ConfUtils.java:logGet(44)) - raft.server.log.queue.element-limit = 1024 (custom)
2021-08-26 18:40:42,469 [pool-663-thread-1] INFO  server.RaftServerConfigKeys (ConfUtils.java:logGet(44)) - raft.server.log.segment.size.max = 1048576 (custom)
2021-08-26 18:40:42,469 [pool-663-thread-1] INFO  server.RaftServerConfigKeys (ConfUtils.java:logGet(44)) - raft.server.log.preallocated.size = 16384 (custom)
2021-08-26 18:40:42,469 [pool-663-thread-1] INFO  server.RaftServerConfigKeys (ConfUtils.java:logGet(44)) - raft.server.log.force.sync.num = 128 (default)
2021-08-26 18:40:42,469 [pool-663-thread-1] INFO  server.RaftServerConfigKeys (ConfUtils.java:logGet(44)) - raft.server.log.statemachine.data.sync = true (default)
2021-08-26 18:40:42,470 [pool-663-thread-1] INFO  server.RaftServerConfigKeys (ConfUtils.java:logGet(44)) - raft.server.log.statemachine.data.sync.timeout = 10s (default)
2021-08-26 18:40:42,470 [pool-663-thread-1] INFO  server.RaftServerConfigKeys (ConfUtils.java:logGet(44)) - raft.server.log.statemachine.data.sync.timeout.retry = -1 (default)
2021-08-26 18:40:42,471 [pool-663-thread-1] INFO  server.RaftServerConfigKeys (ConfUtils.java:logGet(44)) - raft.server.log.write.buffer.size = 1048576 (custom)
2021-08-26 18:40:42,472 [pool-663-thread-1] INFO  server.RaftServerConfigKeys (ConfUtils.java:logGet(44)) - raft.server.log.statemachine.data.caching.enabled = true (custom)
2021-08-26 18:40:42,473 [pool-663-thread-1] INFO  server.RaftServer$Division (ServerState.java:setRaftConf(387)) - b0d4646c-0fcd-42fc-b255-eb3c3c8c3636@group-D6CBFFE24189: set configuration 0: [feac8f5a-1b39-4e45-882b-39b2a71e70b7|rpc:10.1.0.63:43083|dataStream:|priority:0, 87f05fb4-46b8-4bb5-a197-7bc4b26914eb|rpc:10.1.0.63:44187|dataStream:|priority:0, b0d4646c-0fcd-42fc-b255-eb3c3c8c3636|rpc:10.1.0.63:45237|dataStream:|priority:1], old=null
2021-08-26 18:40:42,515 [pool-663-thread-1] INFO  segmented.LogSegment (LogSegment.java:loadSegment(173)) - Successfully read 1 entries from segment file /home/runner/work/ozone/ozone/hadoop-ozone/integration-test/target/test-dir/MiniOzoneClusterImpl-7287d2d4-454f-4da5-bbdc-7dc3b2fb158b/datanode-0/data/ratis/add1658b-e2b5-4f06-8c7a-d6cbffe24189/current/log_inprogress_0
2021-08-26 18:40:42,515 [pool-663-thread-1] INFO  segmented.SegmentedRaftLogWorker (SegmentedRaftLogWorker.java:lambda$new$0(133)) - b0d4646c-0fcd-42fc-b255-eb3c3c8c3636@group-D6CBFFE24189-SegmentedRaftLogWorker: flushIndex: setUnconditionally 0 -> 0
2021-08-26 18:40:42,515 [pool-663-thread-1] INFO  segmented.SegmentedRaftLogWorker (SegmentedRaftLogWorker.java:lambda$new$0(133)) - b0d4646c-0fcd-42fc-b255-eb3c3c8c3636@group-D6CBFFE24189-SegmentedRaftLogWorker: safeCacheEvictIndex: setUnconditionally 0 -> -1
2021-08-26 18:40:42,520 [pool-663-thread-1] INFO  server.RaftServerConfigKeys (ConfUtils.java:logGet(44)) - raft.server.snapshot.auto.trigger.enabled = true (custom)
2021-08-26 18:40:42,520 [pool-663-thread-1] INFO  server.RaftServerConfigKeys (ConfUtils.java:logGet(44)) - raft.server.snapshot.auto.trigger.threshold = 10000 (custom)
2021-08-26 18:40:42,520 [pool-663-thread-1] INFO  server.RaftServerConfigKeys (ConfUtils.java:logGet(44)) - raft.server.snapshot.retention.file.num = 5 (custom)
2021-08-26 18:40:42,520 [pool-663-thread-1] INFO  server.RaftServerConfigKeys (ConfUtils.java:logGet(44)) - raft.server.log.purge.upto.snapshot.index = false (default)
2021-08-26 18:40:42,520 [pool-663-thread-1] INFO  server.RaftServerConfigKeys (ConfUtils.java:logGet(44)) - raft.server.retrycache.expirytime = 600000ms (custom)
2021-08-26 18:40:42,520 [pool-663-thread-1] INFO  server.RaftServerConfigKeys (ConfUtils.java:logGet(44)) - raft.server.retrycache.statistics.expirytime = 100μs (default)
2021-08-26 18:40:42,522 [pool-663-thread-1] INFO  server.RaftServer$Division (RaftServerImpl.java:<init>(181)) - b0d4646c-0fcd-42fc-b255-eb3c3c8c3636: new RaftServerImpl for group-D2D68E1C8E59:[] with ContainerStateMachine:uninitialized
2021-08-26 18:40:42,522 [pool-663-thread-1] INFO  server.RaftServerConfigKeys (ConfUtils.java:logGet(44)) - raft.server.rpc.timeout.min = 5s (custom)
2021-08-26 18:40:42,522 [pool-663-thread-1] INFO  server.RaftServerConfigKeys (ConfUtils.java:logGet(44)) - raft.server.rpc.timeout.max = 5200ms (custom)
2021-08-26 18:40:42,522 [pool-663-thread-1] INFO  server.RaftServerConfigKeys (ConfUtils.java:logGet(44)) - raft.server.rpc.sleep.time = 25ms (default)
2021-08-26 18:40:42,522 [pool-663-thread-1] INFO  server.RaftServerConfigKeys (ConfUtils.java:logGet(44)) - raft.server.rpc.slowness.timeout = 300000ms (custom)
2021-08-26 18:40:42,523 [pool-663-thread-1] INFO  server.RaftServerConfigKeys (ConfUtils.java:logGet(44)) - raft.server.leaderelection.leader.step-down.wait-time = 10s (default)
2021-08-26 18:40:42,523 [pool-663-thread-1] INFO  server.RaftServerConfigKeys (ConfUtils.java:logGet(44)) - raft.server.sleep.deviation.threshold = 300ms (default)
2021-08-26 18:40:42,523 [pool-663-thread-1] INFO  server.RaftServerConfigKeys (ConfUtils.java:logGet(44)) - raft.server.log.appender.install.snapshot.enabled = false (custom)
2021-08-26 18:40:42,523 [pool-663-thread-1] INFO  server.RaftServer$Division (ServerState.java:<init>(105)) - b0d4646c-0fcd-42fc-b255-eb3c3c8c3636@group-D2D68E1C8E59: ConfigurationManager, init=-1: [], old=null, confs=<EMPTY_MAP>
2021-08-26 18:40:42,523 [pool-663-thread-1] INFO  server.RaftServerConfigKeys (ConfUtils.java:logGet(44)) - raft.server.storage.dir = [/home/runner/work/ozone/ozone/hadoop-ozone/integration-test/target/test-dir/MiniOzoneClusterImpl-7287d2d4-454f-4da5-bbdc-7dc3b2fb158b/datanode-0/data/ratis] (custom)
2021-08-26 18:40:42,531 [pool-663-thread-1] INFO  server.RaftServerConfigKeys (ConfUtils.java:logGet(44)) - raft.server.log.corruption.policy = EXCEPTION (default)
2021-08-26 18:40:42,531 [pool-663-thread-1] INFO  server.RaftServerConfigKeys (ConfUtils.java:logGet(44)) - raft.server.storage.free-space.min = 0MB (=0) (default)
2021-08-26 18:40:42,543 [pool-663-thread-1] INFO  storage.RaftStorageDirectory (RaftStorageDirectoryImpl.java:tryLock(230)) - Lock on /home/runner/work/ozone/ozone/hadoop-ozone/integration-test/target/test-dir/MiniOzoneClusterImpl-7287d2d4-454f-4da5-bbdc-7dc3b2fb158b/datanode-0/data/ratis/2466034c-f8ae-4bff-8a7c-d2d68e1c8e59/in_use.lock acquired by nodename 22608@fv-az184-233
2021-08-26 18:40:42,544 [pool-663-thread-1] INFO  storage.RaftStorage (RaftStorageImpl.java:analyzeAndRecoverStorage(110)) - Read RaftStorageMetadata{term=2, votedFor=b0d4646c-0fcd-42fc-b255-eb3c3c8c3636} from /home/runner/work/ozone/ozone/hadoop-ozone/integration-test/target/test-dir/MiniOzoneClusterImpl-7287d2d4-454f-4da5-bbdc-7dc3b2fb158b/datanode-0/data/ratis/2466034c-f8ae-4bff-8a7c-d2d68e1c8e59/current/raft-meta
2021-08-26 18:40:42,545 [pool-663-thread-1] INFO  ratis.ContainerStateMachine (ContainerStateMachine.java:loadSnapshot(233)) - group-D2D68E1C8E59: Setting the last applied index to (t:2, i:0)
2021-08-26 18:40:42,545 [pool-663-thread-1] INFO  server.RaftServer$Division (ServerState.java:setRaftConf(387)) - b0d4646c-0fcd-42fc-b255-eb3c3c8c3636@group-D2D68E1C8E59: set configuration 0: [feac8f5a-1b39-4e45-882b-39b2a71e70b7|rpc:10.1.0.63:43083|dataStream:|priority:0, 87f05fb4-46b8-4bb5-a197-7bc4b26914eb|rpc:10.1.0.63:44187|dataStream:|priority:1, b0d4646c-0fcd-42fc-b255-eb3c3c8c3636|rpc:10.1.0.63:45237|dataStream:|priority:0], old=null
2021-08-26 18:40:42,545 [pool-663-thread-1] INFO  server.RaftServerConfigKeys (ConfUtils.java:logGet(44)) - raft.server.notification.no-leader.timeout = 300000ms (custom)
2021-08-26 18:40:42,545 [pool-663-thread-1] INFO  server.RaftServerConfigKeys (ConfUtils.java:logGet(44)) - raft.server.log.use.memory = false (default)
2021-08-26 18:40:42,546 [pool-663-thread-1] INFO  server.RaftServerConfigKeys (ConfUtils.java:logGet(44)) - raft.server.log.purge.gap = 1000000 (custom)
2021-08-26 18:40:42,546 [pool-663-thread-1] INFO  server.RaftServerConfigKeys (ConfUtils.java:logGet(44)) - raft.server.log.appender.buffer.byte-limit = 33554432 (custom)
2021-08-26 18:40:42,546 [pool-663-thread-1] INFO  server.RaftServerConfigKeys (ConfUtils.java:logGet(44)) - raft.server.log.segment.size.max = 1048576 (custom)
2021-08-26 18:40:42,549 [pool-663-thread-1] INFO  server.RaftServerConfigKeys (ConfUtils.java:logGet(44)) - raft.server.log.segment.cache.num.max = 2 (custom)
2021-08-26 18:40:42,549 [pool-663-thread-1] INFO  server.RaftServerConfigKeys (ConfUtils.java:logGet(44)) - raft.server.log.segment.cache.size.max = 200MB (=209715200) (default)
2021-08-26 18:40:42,549 [pool-663-thread-1] INFO  segmented.SegmentedRaftLogWorker (SegmentedRaftLogWorker.java:<init>(182)) - new b0d4646c-0fcd-42fc-b255-eb3c3c8c3636@group-D2D68E1C8E59-SegmentedRaftLogWorker for RaftStorageImpl:Storage Directory /home/runner/work/ozone/ozone/hadoop-ozone/integration-test/target/test-dir/MiniOzoneClusterImpl-7287d2d4-454f-4da5-bbdc-7dc3b2fb158b/datanode-0/data/ratis/2466034c-f8ae-4bff-8a7c-d2d68e1c8e59
2021-08-26 18:40:42,550 [pool-663-thread-1] INFO  server.RaftServerConfigKeys (ConfUtils.java:logGet(44)) - raft.server.log.queue.byte-limit = 2147483647 (custom)
2021-08-26 18:40:42,550 [pool-663-thread-1] INFO  server.RaftServerConfigKeys (ConfUtils.java:logGet(44)) - raft.server.log.queue.element-limit = 1024 (custom)
2021-08-26 18:40:42,550 [pool-663-thread-1] INFO  server.RaftServerConfigKeys (ConfUtils.java:logGet(44)) - raft.server.log.segment.size.max = 1048576 (custom)
2021-08-26 18:40:42,550 [pool-663-thread-1] INFO  server.RaftServerConfigKeys (ConfUtils.java:logGet(44)) - raft.server.log.preallocated.size = 16384 (custom)
2021-08-26 18:40:42,550 [pool-663-thread-1] INFO  server.RaftServerConfigKeys (ConfUtils.java:logGet(44)) - raft.server.log.force.sync.num = 128 (default)
2021-08-26 18:40:42,550 [pool-663-thread-1] INFO  server.RaftServerConfigKeys (ConfUtils.java:logGet(44)) - raft.server.log.statemachine.data.sync = true (default)
2021-08-26 18:40:42,550 [pool-663-thread-1] INFO  server.RaftServerConfigKeys (ConfUtils.java:logGet(44)) - raft.server.log.statemachine.data.sync.timeout = 10s (default)
2021-08-26 18:40:42,550 [pool-663-thread-1] INFO  server.RaftServerConfigKeys (ConfUtils.java:logGet(44)) - raft.server.log.statemachine.data.sync.timeout.retry = -1 (default)
2021-08-26 18:40:42,551 [pool-663-thread-1] INFO  server.RaftServerConfigKeys (ConfUtils.java:logGet(44)) - raft.server.log.write.buffer.size = 1048576 (custom)
2021-08-26 18:40:42,552 [pool-663-thread-1] INFO  server.RaftServerConfigKeys (ConfUtils.java:logGet(44)) - raft.server.log.statemachine.data.caching.enabled = true (custom)
2021-08-26 18:40:42,552 [pool-663-thread-1] INFO  server.RaftServer$Division (ServerState.java:setRaftConf(387)) - b0d4646c-0fcd-42fc-b255-eb3c3c8c3636@group-D2D68E1C8E59: set configuration 0: [feac8f5a-1b39-4e45-882b-39b2a71e70b7|rpc:10.1.0.63:43083|dataStream:|priority:0, 87f05fb4-46b8-4bb5-a197-7bc4b26914eb|rpc:10.1.0.63:44187|dataStream:|priority:1, b0d4646c-0fcd-42fc-b255-eb3c3c8c3636|rpc:10.1.0.63:45237|dataStream:|priority:0], old=null
2021-08-26 18:40:42,553 [pool-663-thread-1] INFO  segmented.LogSegment (LogSegment.java:loadSegment(173)) - Successfully read 1 entries from segment file /home/runner/work/ozone/ozone/hadoop-ozone/integration-test/target/test-dir/MiniOzoneClusterImpl-7287d2d4-454f-4da5-bbdc-7dc3b2fb158b/datanode-0/data/ratis/2466034c-f8ae-4bff-8a7c-d2d68e1c8e59/current/log_inprogress_0
2021-08-26 18:40:42,553 [pool-663-thread-1] INFO  segmented.SegmentedRaftLogWorker (SegmentedRaftLogWorker.java:lambda$new$0(133)) - b0d4646c-0fcd-42fc-b255-eb3c3c8c3636@group-D2D68E1C8E59-SegmentedRaftLogWorker: flushIndex: setUnconditionally 0 -> 0
2021-08-26 18:40:42,553 [pool-663-thread-1] INFO  segmented.SegmentedRaftLogWorker (SegmentedRaftLogWorker.java:lambda$new$0(133)) - b0d4646c-0fcd-42fc-b255-eb3c3c8c3636@group-D2D68E1C8E59-SegmentedRaftLogWorker: safeCacheEvictIndex: setUnconditionally 0 -> -1
2021-08-26 18:40:42,562 [pool-663-thread-1] INFO  server.RaftServerConfigKeys (ConfUtils.java:logGet(44)) - raft.server.snapshot.auto.trigger.enabled = true (custom)
2021-08-26 18:40:42,562 [pool-663-thread-1] INFO  server.RaftServerConfigKeys (ConfUtils.java:logGet(44)) - raft.server.snapshot.auto.trigger.threshold = 10000 (custom)
2021-08-26 18:40:42,562 [pool-663-thread-1] INFO  server.RaftServerConfigKeys (ConfUtils.java:logGet(44)) - raft.server.snapshot.retention.file.num = 5 (custom)
2021-08-26 18:40:42,562 [pool-663-thread-1] INFO  server.RaftServerConfigKeys (ConfUtils.java:logGet(44)) - raft.server.log.purge.upto.snapshot.index = false (default)
2021-08-26 18:40:42,562 [pool-663-thread-1] INFO  server.RaftServerConfigKeys (ConfUtils.java:logGet(44)) - raft.server.retrycache.expirytime = 600000ms (custom)
2021-08-26 18:40:42,562 [pool-663-thread-1] INFO  server.RaftServerConfigKeys (ConfUtils.java:logGet(44)) - raft.server.retrycache.statistics.expirytime = 100μs (default)
2021-08-26 18:40:42,576 [Listener at 127.0.0.1/40319] INFO  handler.ContextHandler (ContextHandler.java:doStart(915)) - Started o.e.j.w.WebAppContext@a2e0403{hddsDatanode,/,file:///tmp/jetty-0_0_0_0-33909-hdds-container-service-1_2_0-SNAPSHOT_jar-_-any-5332511875400828242/webapp/,AVAILABLE}{jar:file:/home/runner/.m2/repository/org/apache/ozone/hdds-container-service/1.2.0-SNAPSHOT/hdds-container-service-1.2.0-SNAPSHOT.jar!/webapps/hddsDatanode}
2021-08-26 18:40:42,581 [Listener at 127.0.0.1/40319] INFO  server.AbstractConnector (AbstractConnector.java:doStart(331)) - Started ServerConnector@4c1ba4ac{HTTP/1.1, (http/1.1)}{0.0.0.0:33909}
2021-08-26 18:40:42,581 [Listener at 127.0.0.1/40319] INFO  server.Server (Server.java:doStart(415)) - Started @224360ms
2021-08-26 18:40:42,581 [Listener at 127.0.0.1/40319] WARN  impl.MetricsSystemImpl (MetricsSystemImpl.java:register(279)) - Sink prometheus already exists!
2021-08-26 18:40:42,581 [Listener at 127.0.0.1/40319] INFO  http.BaseHttpServer (BaseHttpServer.java:updateConnectorAddress(329)) - HTTP server of hddsDatanode listening at http://0.0.0.0:33909
2021-08-26 18:40:42,582 [Listener at 127.0.0.1/40319] INFO  ozone.MiniOzoneClusterImpl (MiniOzoneClusterImpl.java:lambda$waitForClusterToBeReady$0(235)) - Waiting for nodes to be ready. Got 6 of 7 DN Heartbeats.
2021-08-26 18:40:42,582 [Listener at 127.0.0.1/40319] INFO  ozone.MiniOzoneClusterImpl (MiniOzoneClusterImpl.java:lambda$waitForClusterToBeReady$0(238)) - Cluster exits safe mode
2021-08-26 18:40:42,582 [Listener at 127.0.0.1/40319] INFO  ozone.MiniOzoneClusterImpl (MiniOzoneClusterImpl.java:lambda$waitForClusterToBeReady$0(240)) - SCM became leader
2021-08-26 18:40:42,591 [org.apache.hadoop.util.JvmPauseMonitor$Monitor@58ab74fb] INFO  util.JvmPauseMonitor (JvmPauseMonitor.java:run(188)) - Starting JVM pause monitor
2021-08-26 18:40:43,585 [Listener at 127.0.0.1/40319] INFO  ozone.MiniOzoneClusterImpl (MiniOzoneClusterImpl.java:lambda$waitForClusterToBeReady$0(235)) - Waiting for nodes to be ready. Got 6 of 7 DN Heartbeats.
2021-08-26 18:40:43,585 [Listener at 127.0.0.1/40319] INFO  ozone.MiniOzoneClusterImpl (MiniOzoneClusterImpl.java:lambda$waitForClusterToBeReady$0(238)) - Cluster exits safe mode
2021-08-26 18:40:43,585 [Listener at 127.0.0.1/40319] INFO  ozone.MiniOzoneClusterImpl (MiniOzoneClusterImpl.java:lambda$waitForClusterToBeReady$0(240)) - SCM became leader
2021-08-26 18:40:44,585 [Listener at 127.0.0.1/40319] INFO  ozone.MiniOzoneClusterImpl (MiniOzoneClusterImpl.java:lambda$waitForClusterToBeReady$0(235)) - Waiting for nodes to be ready. Got 6 of 7 DN Heartbeats.
2021-08-26 18:40:44,585 [Listener at 127.0.0.1/40319] INFO  ozone.MiniOzoneClusterImpl (MiniOzoneClusterImpl.java:lambda$waitForClusterToBeReady$0(238)) - Cluster exits safe mode
2021-08-26 18:40:44,585 [Listener at 127.0.0.1/40319] INFO  ozone.MiniOzoneClusterImpl (MiniOzoneClusterImpl.java:lambda$waitForClusterToBeReady$0(240)) - SCM became leader
2021-08-26 18:40:44,616 [EndpointStateMachine task thread for /0.0.0.0:36131 - 0 ] INFO  ozoneimpl.OzoneContainer (OzoneContainer.java:start(305)) - Attempting to start container services.
2021-08-26 18:40:44,623 [EndpointStateMachine task thread for /0.0.0.0:36131 - 0 ] INFO  ozoneimpl.OzoneContainer (OzoneContainer.java:startContainerScrub(250)) - Background container scanner has been disabled.
2021-08-26 18:40:44,647 [EndpointStateMachine task thread for /0.0.0.0:36131 - 0 ] INFO  replication.ReplicationServer (ReplicationServer.java:start(107)) - ReplicationServer is started using port 37411
2021-08-26 18:40:44,647 [EndpointStateMachine task thread for /0.0.0.0:36131 - 0 ] INFO  ratis.XceiverServerRatis (XceiverServerRatis.java:start(482)) - Starting XceiverServerRatis b0d4646c-0fcd-42fc-b255-eb3c3c8c3636
2021-08-26 18:40:44,687 [EndpointStateMachine task thread for /0.0.0.0:36131 - 0 ] INFO  server.RaftServer$Division (RaftServerImpl.java:start(296)) - b0d4646c-0fcd-42fc-b255-eb3c3c8c3636@group-D2D68E1C8E59: start as a follower, conf=0: [feac8f5a-1b39-4e45-882b-39b2a71e70b7|rpc:10.1.0.63:43083|dataStream:|priority:0, 87f05fb4-46b8-4bb5-a197-7bc4b26914eb|rpc:10.1.0.63:44187|dataStream:|priority:1, b0d4646c-0fcd-42fc-b255-eb3c3c8c3636|rpc:10.1.0.63:45237|dataStream:|priority:0], old=null
2021-08-26 18:40:44,691 [EndpointStateMachine task thread for /0.0.0.0:36131 - 0 ] INFO  server.RaftServer$Division (RaftServerImpl.java:setRole(285)) - b0d4646c-0fcd-42fc-b255-eb3c3c8c3636@group-D2D68E1C8E59: changes role from      null to FOLLOWER at term 2 for startAsFollower
2021-08-26 18:40:44,691 [EndpointStateMachine task thread for /0.0.0.0:36131 - 0 ] INFO  impl.RoleInfo (RoleInfo.java:updateAndGet(130)) - b0d4646c-0fcd-42fc-b255-eb3c3c8c3636: start b0d4646c-0fcd-42fc-b255-eb3c3c8c3636@group-D2D68E1C8E59-FollowerState
2021-08-26 18:40:44,687 [ForkJoinPool.commonPool-worker-0] INFO  server.RaftServer$Division (RaftServerImpl.java:start(296)) - b0d4646c-0fcd-42fc-b255-eb3c3c8c3636@group-D6CBFFE24189: start as a follower, conf=0: [feac8f5a-1b39-4e45-882b-39b2a71e70b7|rpc:10.1.0.63:43083|dataStream:|priority:0, 87f05fb4-46b8-4bb5-a197-7bc4b26914eb|rpc:10.1.0.63:44187|dataStream:|priority:0, b0d4646c-0fcd-42fc-b255-eb3c3c8c3636|rpc:10.1.0.63:45237|dataStream:|priority:1], old=null
2021-08-26 18:40:44,691 [ForkJoinPool.commonPool-worker-0] INFO  server.RaftServer$Division (RaftServerImpl.java:setRole(285)) - b0d4646c-0fcd-42fc-b255-eb3c3c8c3636@group-D6CBFFE24189: changes role from      null to FOLLOWER at term 1 for startAsFollower
2021-08-26 18:40:44,697 [EndpointStateMachine task thread for /0.0.0.0:36131 - 0 ] INFO  util.JmxRegister (JmxRegister.java:tryRegister(44)) - Successfully registered JMX Bean with object name Ratis:service=RaftServer,group=group-D2D68E1C8E59,id=b0d4646c-0fcd-42fc-b255-eb3c3c8c3636
2021-08-26 18:40:44,711 [EndpointStateMachine task thread for /0.0.0.0:36131 - 0 ] INFO  server.RaftServer$Division (RaftServerImpl.java:start(296)) - b0d4646c-0fcd-42fc-b255-eb3c3c8c3636@group-377879BF8640: start as a follower, conf=0: [b0d4646c-0fcd-42fc-b255-eb3c3c8c3636|rpc:10.1.0.63:45237|dataStream:|priority:1], old=null
2021-08-26 18:40:44,711 [EndpointStateMachine task thread for /0.0.0.0:36131 - 0 ] INFO  server.RaftServer$Division (RaftServerImpl.java:setRole(285)) - b0d4646c-0fcd-42fc-b255-eb3c3c8c3636@group-377879BF8640: changes role from      null to FOLLOWER at term 1 for startAsFollower
2021-08-26 18:40:44,711 [EndpointStateMachine task thread for /0.0.0.0:36131 - 0 ] INFO  impl.RoleInfo (RoleInfo.java:updateAndGet(130)) - b0d4646c-0fcd-42fc-b255-eb3c3c8c3636: start b0d4646c-0fcd-42fc-b255-eb3c3c8c3636@group-377879BF8640-FollowerState
2021-08-26 18:40:44,712 [EndpointStateMachine task thread for /0.0.0.0:36131 - 0 ] INFO  util.JmxRegister (JmxRegister.java:tryRegister(44)) - Successfully registered JMX Bean with object name Ratis:service=RaftServer,group=group-377879BF8640,id=b0d4646c-0fcd-42fc-b255-eb3c3c8c3636
2021-08-26 18:40:44,729 [ForkJoinPool.commonPool-worker-0] INFO  impl.RoleInfo (RoleInfo.java:updateAndGet(130)) - b0d4646c-0fcd-42fc-b255-eb3c3c8c3636: start b0d4646c-0fcd-42fc-b255-eb3c3c8c3636@group-D6CBFFE24189-FollowerState
2021-08-26 18:40:44,766 [ForkJoinPool.commonPool-worker-0] INFO  util.JmxRegister (JmxRegister.java:tryRegister(44)) - Successfully registered JMX Bean with object name Ratis:service=RaftServer,group=group-D6CBFFE24189,id=b0d4646c-0fcd-42fc-b255-eb3c3c8c3636
2021-08-26 18:40:44,769 [EndpointStateMachine task thread for /0.0.0.0:36131 - 0 ] INFO  server.RaftServer (RaftServerProxy.java:lambda$start$5(374)) - b0d4646c-0fcd-42fc-b255-eb3c3c8c3636: start RPC server
2021-08-26 18:40:44,770 [EndpointStateMachine task thread for /0.0.0.0:36131 - 0 ] INFO  server.GrpcService (GrpcService.java:startImpl(253)) - b0d4646c-0fcd-42fc-b255-eb3c3c8c3636: GrpcService started, listening on 45237
2021-08-26 18:40:44,782 [EndpointStateMachine task thread for /0.0.0.0:36131 - 0 ] INFO  ratis.XceiverServerRatis (XceiverServerRatis.java:getRealPort(503)) - XceiverServerRatis b0d4646c-0fcd-42fc-b255-eb3c3c8c3636 is started using port 45237 for RATIS
2021-08-26 18:40:44,782 [EndpointStateMachine task thread for /0.0.0.0:36131 - 0 ] INFO  ratis.XceiverServerRatis (XceiverServerRatis.java:getRealPort(503)) - XceiverServerRatis b0d4646c-0fcd-42fc-b255-eb3c3c8c3636 is started using port 45237 for RATIS_ADMIN
2021-08-26 18:40:44,782 [EndpointStateMachine task thread for /0.0.0.0:36131 - 0 ] INFO  ratis.XceiverServerRatis (XceiverServerRatis.java:getRealPort(503)) - XceiverServerRatis b0d4646c-0fcd-42fc-b255-eb3c3c8c3636 is started using port 45237 for RATIS_SERVER
2021-08-26 18:40:44,783 [org.apache.ratis.util.JvmPauseMonitor$$Lambda$531/1778678572@e68042a] INFO  util.JvmPauseMonitor (JvmPauseMonitor.java:run(103)) - JvmPauseMonitor-b0d4646c-0fcd-42fc-b255-eb3c3c8c3636: Started
2021-08-26 18:40:45,586 [Listener at 127.0.0.1/40319] INFO  ozone.MiniOzoneClusterImpl (MiniOzoneClusterImpl.java:lambda$waitForClusterToBeReady$0(235)) - Waiting for nodes to be ready. Got 6 of 7 DN Heartbeats.
2021-08-26 18:40:45,586 [Listener at 127.0.0.1/40319] INFO  ozone.MiniOzoneClusterImpl (MiniOzoneClusterImpl.java:lambda$waitForClusterToBeReady$0(238)) - Cluster exits safe mode
2021-08-26 18:40:45,586 [Listener at 127.0.0.1/40319] INFO  ozone.MiniOzoneClusterImpl (MiniOzoneClusterImpl.java:lambda$waitForClusterToBeReady$0(240)) - SCM became leader
2021-08-26 18:40:46,586 [Listener at 127.0.0.1/40319] INFO  ozone.MiniOzoneClusterImpl (MiniOzoneClusterImpl.java:lambda$waitForClusterToBeReady$0(235)) - Waiting for nodes to be ready. Got 6 of 7 DN Heartbeats.
2021-08-26 18:40:46,586 [Listener at 127.0.0.1/40319] INFO  ozone.MiniOzoneClusterImpl (MiniOzoneClusterImpl.java:lambda$waitForClusterToBeReady$0(238)) - Cluster exits safe mode
2021-08-26 18:40:46,586 [Listener at 127.0.0.1/40319] INFO  ozone.MiniOzoneClusterImpl (MiniOzoneClusterImpl.java:lambda$waitForClusterToBeReady$0(240)) - SCM became leader
2021-08-26 18:40:46,600 [EventQueue-PipelineReportForPipelineReportHandler] INFO  pipeline.PipelineReportHandler (PipelineReportHandler.java:processPipelineReport(113)) - Reported pipeline PipelineID=add1658b-e2b5-4f06-8c7a-d6cbffe24189 is not found
2021-08-26 18:40:46,600 [EventQueue-PipelineReportForPipelineReportHandler] INFO  pipeline.PipelineReportHandler (PipelineReportHandler.java:processPipelineReport(113)) - Reported pipeline PipelineID=2466034c-f8ae-4bff-8a7c-d2d68e1c8e59 is not found
2021-08-26 18:40:46,600 [EventQueue-PipelineReportForPipelineReportHandler] INFO  pipeline.PipelineReportHandler (PipelineReportHandler.java:processPipelineReport(113)) - Reported pipeline PipelineID=f60b2554-eed1-4952-8c74-377879bf8640 is not found
2021-08-26 18:40:47,586 [Listener at 127.0.0.1/40319] INFO  ozone.MiniOzoneClusterImpl (MiniOzoneClusterImpl.java:lambda$waitForClusterToBeReady$0(235)) - Waiting for nodes to be ready. Got 6 of 7 DN Heartbeats.
2021-08-26 18:40:47,586 [Listener at 127.0.0.1/40319] INFO  ozone.MiniOzoneClusterImpl (MiniOzoneClusterImpl.java:lambda$waitForClusterToBeReady$0(238)) - Cluster exits safe mode
2021-08-26 18:40:47,587 [Listener at 127.0.0.1/40319] INFO  ozone.MiniOzoneClusterImpl (MiniOzoneClusterImpl.java:lambda$waitForClusterToBeReady$0(240)) - SCM became leader
2021-08-26 18:40:48,587 [Listener at 127.0.0.1/40319] INFO  ozone.MiniOzoneClusterImpl (MiniOzoneClusterImpl.java:lambda$waitForClusterToBeReady$0(235)) - Waiting for nodes to be ready. Got 6 of 7 DN Heartbeats.
2021-08-26 18:40:48,587 [Listener at 127.0.0.1/40319] INFO  ozone.MiniOzoneClusterImpl (MiniOzoneClusterImpl.java:lambda$waitForClusterToBeReady$0(238)) - Cluster exits safe mode
2021-08-26 18:40:48,587 [Listener at 127.0.0.1/40319] INFO  ozone.MiniOzoneClusterImpl (MiniOzoneClusterImpl.java:lambda$waitForClusterToBeReady$0(240)) - SCM became leader
2021-08-26 18:40:48,656 [EventQueue-HealthyReadonlyNodeForHealthyReadOnlyNodeHandler] INFO  node.HealthyReadOnlyNodeHandler (HealthyReadOnlyNodeHandler.java:onMessage(58)) - Datanode b0d4646c-0fcd-42fc-b255-eb3c3c8c3636{ip: 10.1.0.63, host: fv-az184-233.3ow45vhwbzuu5incsxmygykede.cx.internal.cloudapp.net, ports: [REPLICATION=38487, RATIS=45237, RATIS_ADMIN=45237, RATIS_SERVER=45237, STANDALONE=33471], networkLocation: /default-rack, certSerialId: null, persistedOpState: IN_SERVICE, persistedOpStateExpiryEpochSec: 0} moved to HEALTHY READONLY state.
2021-08-26 18:40:48,657 [EventQueue-HealthyReadonlyNodeForHealthyReadOnlyNodeHandler] INFO  net.NetworkTopologyImpl (NetworkTopologyImpl.java:add(112)) - Added a new node: /default-rack/b0d4646c-0fcd-42fc-b255-eb3c3c8c3636
2021-08-26 18:40:48,761 [EventQueue-HealthyReadonlyToHealthyNodeForReadOnlyHealthyToHealthyNodeHandler] INFO  node.ReadOnlyHealthyToHealthyNodeHandler (ReadOnlyHealthyToHealthyNodeHandler.java:onMessage(51)) - Datanode b0d4646c-0fcd-42fc-b255-eb3c3c8c3636{ip: 10.1.0.63, host: fv-az184-233.3ow45vhwbzuu5incsxmygykede.cx.internal.cloudapp.net, ports: [REPLICATION=38487, RATIS=45237, RATIS_ADMIN=45237, RATIS_SERVER=45237, STANDALONE=33471], networkLocation: /default-rack, certSerialId: null, persistedOpState: IN_SERVICE, persistedOpStateExpiryEpochSec: 0} moved to HEALTHY state.
2021-08-26 18:40:48,761 [EventQueue-HealthyReadonlyToHealthyNodeForReadOnlyHealthyToHealthyNodeHandler] INFO  pipeline.BackgroundPipelineCreator (BackgroundPipelineCreatorV2.java:notifyEventTriggered(285)) - trigger a one-shot run on RatisPipelineUtilsThread.
2021-08-26 18:40:48,783 [RatisPipelineUtilsThread - 0] INFO  pipeline.RatisPipelineProvider (RatisPipelineProvider.java:lambda$create$0(183)) - Sending CreatePipelineCommand for pipeline:PipelineID=a10b5402-1898-443a-92f2-03b25eca009b to datanode:b0d4646c-0fcd-42fc-b255-eb3c3c8c3636
2021-08-26 18:40:48,783 [RatisPipelineUtilsThread - 0] INFO  pipeline.PipelineStateManager (PipelineStateManagerV2Impl.java:addPipeline(101)) - Created pipeline Pipeline[ Id: a10b5402-1898-443a-92f2-03b25eca009b, Nodes: b0d4646c-0fcd-42fc-b255-eb3c3c8c3636{ip: 10.1.0.63, host: fv-az184-233.3ow45vhwbzuu5incsxmygykede.cx.internal.cloudapp.net, ports: [REPLICATION=38487, RATIS=45237, RATIS_ADMIN=45237, RATIS_SERVER=45237, STANDALONE=33471], networkLocation: /default-rack, certSerialId: null, persistedOpState: IN_SERVICE, persistedOpStateExpiryEpochSec: 0}, ReplicationConfig: RATIS/ONE, State:ALLOCATED, leaderId:, CreationTimestamp2021-08-26T18:40:48.783Z[Etc/UTC]].
2021-08-26 18:40:48,784 [RatisPipelineUtilsThread - 0] INFO  pipeline.RatisPipelineProvider (RatisPipelineProvider.java:lambda$create$0(183)) - Sending CreatePipelineCommand for pipeline:PipelineID=19e69daf-7bb9-4b43-a26e-8992be07b501 to datanode:feac8f5a-1b39-4e45-882b-39b2a71e70b7
2021-08-26 18:40:48,784 [RatisPipelineUtilsThread - 0] INFO  pipeline.RatisPipelineProvider (RatisPipelineProvider.java:lambda$create$0(183)) - Sending CreatePipelineCommand for pipeline:PipelineID=19e69daf-7bb9-4b43-a26e-8992be07b501 to datanode:87f05fb4-46b8-4bb5-a197-7bc4b26914eb
2021-08-26 18:40:48,784 [RatisPipelineUtilsThread - 0] INFO  pipeline.RatisPipelineProvider (RatisPipelineProvider.java:lambda$create$0(183)) - Sending CreatePipelineCommand for pipeline:PipelineID=19e69daf-7bb9-4b43-a26e-8992be07b501 to datanode:7a21a715-39a0-4b71-a267-c33797e0d730
2021-08-26 18:40:48,784 [RatisPipelineUtilsThread - 0] INFO  pipeline.PipelineStateManager (PipelineStateManagerV2Impl.java:addPipeline(101)) - Created pipeline Pipeline[ Id: 19e69daf-7bb9-4b43-a26e-8992be07b501, Nodes: feac8f5a-1b39-4e45-882b-39b2a71e70b7{ip: 10.1.0.63, host: fv-az184-233.3ow45vhwbzuu5incsxmygykede.cx.internal.cloudapp.net, ports: [REPLICATION=40843, RATIS=43083, RATIS_ADMIN=43083, RATIS_SERVER=43083, STANDALONE=44649], networkLocation: /default-rack, certSerialId: null, persistedOpState: IN_SERVICE, persistedOpStateExpiryEpochSec: 0}87f05fb4-46b8-4bb5-a197-7bc4b26914eb{ip: 10.1.0.63, host: fv-az184-233.3ow45vhwbzuu5incsxmygykede.cx.internal.cloudapp.net, ports: [REPLICATION=41467, RATIS=44187, RATIS_ADMIN=44187, RATIS_SERVER=44187, STANDALONE=44877], networkLocation: /default-rack, certSerialId: null, persistedOpState: IN_SERVICE, persistedOpStateExpiryEpochSec: 0}7a21a715-39a0-4b71-a267-c33797e0d730{ip: 10.1.0.63, host: fv-az184-233.3ow45vhwbzuu5incsxmygykede.cx.internal.cloudapp.net, ports: [REPLICATION=40157, RATIS=34101, RATIS_ADMIN=34101, RATIS_SERVER=34101, STANDALONE=46661], networkLocation: /default-rack, certSerialId: null, persistedOpState: IN_SERVICE, persistedOpStateExpiryEpochSec: 0}, ReplicationConfig: RATIS/THREE, State:ALLOCATED, leaderId:, CreationTimestamp2021-08-26T18:40:48.784Z[Etc/UTC]].
2021-08-26 18:40:48,785 [RatisPipelineUtilsThread - 0] INFO  pipeline.RatisPipelineProvider (RatisPipelineProvider.java:lambda$create$0(183)) - Sending CreatePipelineCommand for pipeline:PipelineID=5100cf8f-650e-40b2-b565-ad9eb289532e to datanode:b0d4646c-0fcd-42fc-b255-eb3c3c8c3636
2021-08-26 18:40:48,785 [RatisPipelineUtilsThread - 0] INFO  pipeline.RatisPipelineProvider (RatisPipelineProvider.java:lambda$create$0(183)) - Sending CreatePipelineCommand for pipeline:PipelineID=5100cf8f-650e-40b2-b565-ad9eb289532e to datanode:feac8f5a-1b39-4e45-882b-39b2a71e70b7
2021-08-26 18:40:48,785 [RatisPipelineUtilsThread - 0] INFO  pipeline.RatisPipelineProvider (RatisPipelineProvider.java:lambda$create$0(183)) - Sending CreatePipelineCommand for pipeline:PipelineID=5100cf8f-650e-40b2-b565-ad9eb289532e to datanode:87f05fb4-46b8-4bb5-a197-7bc4b26914eb
2021-08-26 18:40:48,785 [RatisPipelineUtilsThread - 0] INFO  pipeline.PipelineStateManager (PipelineStateManagerV2Impl.java:addPipeline(101)) - Created pipeline Pipeline[ Id: 5100cf8f-650e-40b2-b565-ad9eb289532e, Nodes: b0d4646c-0fcd-42fc-b255-eb3c3c8c3636{ip: 10.1.0.63, host: fv-az184-233.3ow45vhwbzuu5incsxmygykede.cx.internal.cloudapp.net, ports: [REPLICATION=38487, RATIS=45237, RATIS_ADMIN=45237, RATIS_SERVER=45237, STANDALONE=33471], networkLocation: /default-rack, certSerialId: null, persistedOpState: IN_SERVICE, persistedOpStateExpiryEpochSec: 0}feac8f5a-1b39-4e45-882b-39b2a71e70b7{ip: 10.1.0.63, host: fv-az184-233.3ow45vhwbzuu5incsxmygykede.cx.internal.cloudapp.net, ports: [REPLICATION=40843, RATIS=43083, RATIS_ADMIN=43083, RATIS_SERVER=43083, STANDALONE=44649], networkLocation: /default-rack, certSerialId: null, persistedOpState: IN_SERVICE, persistedOpStateExpiryEpochSec: 0}87f05fb4-46b8-4bb5-a197-7bc4b26914eb{ip: 10.1.0.63, host: fv-az184-233.3ow45vhwbzuu5incsxmygykede.cx.internal.cloudapp.net, ports: [REPLICATION=41467, RATIS=44187, RATIS_ADMIN=44187, RATIS_SERVER=44187, STANDALONE=44877], networkLocation: /default-rack, certSerialId: null, persistedOpState: IN_SERVICE, persistedOpStateExpiryEpochSec: 0}, ReplicationConfig: RATIS/THREE, State:ALLOCATED, leaderId:, CreationTimestamp2021-08-26T18:40:48.785Z[Etc/UTC]].
2021-08-26 18:40:49,587 [Listener at 127.0.0.1/40319] INFO  ozone.MiniOzoneClusterImpl (MiniOzoneClusterImpl.java:lambda$waitForClusterToBeReady$0(235)) - Nodes are ready. Got 7 of 7 DN Heartbeats.
2021-08-26 18:40:49,587 [Listener at 127.0.0.1/40319] INFO  ozone.MiniOzoneClusterImpl (MiniOzoneClusterImpl.java:lambda$waitForClusterToBeReady$0(238)) - Cluster exits safe mode
2021-08-26 18:40:49,587 [Listener at 127.0.0.1/40319] INFO  ozone.MiniOzoneClusterImpl (MiniOzoneClusterImpl.java:lambda$waitForClusterToBeReady$0(240)) - SCM became leader
2021-08-26 18:40:49,666 [Command processor thread] INFO  server.RaftServer (RaftServerProxy.java:remove(106)) - b0d4646c-0fcd-42fc-b255-eb3c3c8c3636: remove  FOLLOWER b0d4646c-0fcd-42fc-b255-eb3c3c8c3636@group-D6CBFFE24189:t1, leader=null, voted=b0d4646c-0fcd-42fc-b255-eb3c3c8c3636, raftlog=b0d4646c-0fcd-42fc-b255-eb3c3c8c3636@group-D6CBFFE24189-SegmentedRaftLog:OPENED:c0,f0,i0, conf=0: [feac8f5a-1b39-4e45-882b-39b2a71e70b7|rpc:10.1.0.63:43083|dataStream:|priority:0, 87f05fb4-46b8-4bb5-a197-7bc4b26914eb|rpc:10.1.0.63:44187|dataStream:|priority:0, b0d4646c-0fcd-42fc-b255-eb3c3c8c3636|rpc:10.1.0.63:45237|dataStream:|priority:1], old=null RUNNING
2021-08-26 18:40:49,666 [Command processor thread] INFO  server.RaftServer$Division (RaftServerImpl.java:lambda$close$4(407)) - b0d4646c-0fcd-42fc-b255-eb3c3c8c3636@group-D6CBFFE24189: shutdown
2021-08-26 18:40:49,666 [Command processor thread] INFO  util.JmxRegister (JmxRegister.java:unregister(73)) - Successfully un-registered JMX Bean with object name Ratis:service=RaftServer,group=group-D6CBFFE24189,id=b0d4646c-0fcd-42fc-b255-eb3c3c8c3636
2021-08-26 18:40:49,666 [Command processor thread] INFO  impl.RoleInfo (RoleInfo.java:shutdownFollowerState(108)) - b0d4646c-0fcd-42fc-b255-eb3c3c8c3636: shutdown b0d4646c-0fcd-42fc-b255-eb3c3c8c3636@group-D6CBFFE24189-FollowerState
2021-08-26 18:40:49,666 [Command processor thread] INFO  impl.StateMachineUpdater (StateMachineUpdater.java:stopAndJoin(149)) - b0d4646c-0fcd-42fc-b255-eb3c3c8c3636@group-D6CBFFE24189-StateMachineUpdater: set stopIndex = 0
2021-08-26 18:40:49,666 [Datanode State Machine Thread - 0] WARN  statemachine.StateContext (StateContext.java:execute(621)) - No available thread in pool for past 1 seconds.
2021-08-26 18:40:49,666 [b0d4646c-0fcd-42fc-b255-eb3c3c8c3636@group-D6CBFFE24189-FollowerState] INFO  impl.FollowerState (FollowerState.java:run(143)) - b0d4646c-0fcd-42fc-b255-eb3c3c8c3636@group-D6CBFFE24189-FollowerState was interrupted: {}
java.lang.InterruptedException: sleep interrupted
	at java.lang.Thread.sleep(Native Method)
	at java.lang.Thread.sleep(Thread.java:340)
	at java.util.concurrent.TimeUnit.sleep(TimeUnit.java:386)
	at org.apache.ratis.util.TimeDuration.sleep(TimeDuration.java:324)
	at org.apache.ratis.util.TimeDuration.sleep(TimeDuration.java:309)
	at org.apache.ratis.server.impl.FollowerState.run(FollowerState.java:118)
2021-08-26 18:40:49,668 [Command processor thread] INFO  server.RaftServer$Division (ServerState.java:close(419)) - b0d4646c-0fcd-42fc-b255-eb3c3c8c3636@group-D6CBFFE24189: closes. applyIndex: 0
2021-08-26 18:40:49,668 [b0d4646c-0fcd-42fc-b255-eb3c3c8c3636@group-D6CBFFE24189-SegmentedRaftLogWorker] INFO  segmented.SegmentedRaftLogWorker (SegmentedRaftLogWorker.java:run(327)) - b0d4646c-0fcd-42fc-b255-eb3c3c8c3636@group-D6CBFFE24189-SegmentedRaftLogWorker was interrupted, exiting. There are 0 tasks remaining in the queue.
2021-08-26 18:40:49,683 [Command processor thread] INFO  segmented.SegmentedRaftLogWorker (SegmentedRaftLogWorker.java:close(237)) - b0d4646c-0fcd-42fc-b255-eb3c3c8c3636@group-D6CBFFE24189-SegmentedRaftLogWorker close()
2021-08-26 18:40:49,728 [Command processor thread] INFO  server.RaftServer$Division (RaftServerImpl.java:groupRemove(377)) - b0d4646c-0fcd-42fc-b255-eb3c3c8c3636@group-D6CBFFE24189: Succeed to remove RaftStorageDirectory Storage Directory /home/runner/work/ozone/ozone/hadoop-ozone/integration-test/target/test-dir/MiniOzoneClusterImpl-7287d2d4-454f-4da5-bbdc-7dc3b2fb158b/datanode-0/data/ratis/add1658b-e2b5-4f06-8c7a-d6cbffe24189
2021-08-26 18:40:49,729 [Command processor thread] INFO  commandhandler.ClosePipelineCommandHandler (ClosePipelineCommandHandler.java:handle(75)) - Close Pipeline PipelineID=add1658b-e2b5-4f06-8c7a-d6cbffe24189 command on datanode b0d4646c-0fcd-42fc-b255-eb3c3c8c3636.
2021-08-26 18:40:49,729 [Command processor thread] INFO  server.RaftServer (RaftServerProxy.java:remove(106)) - b0d4646c-0fcd-42fc-b255-eb3c3c8c3636: remove  FOLLOWER b0d4646c-0fcd-42fc-b255-eb3c3c8c3636@group-D2D68E1C8E59:t2, leader=null, voted=b0d4646c-0fcd-42fc-b255-eb3c3c8c3636, raftlog=b0d4646c-0fcd-42fc-b255-eb3c3c8c3636@group-D2D68E1C8E59-SegmentedRaftLog:OPENED:c0,f0,i0, conf=0: [feac8f5a-1b39-4e45-882b-39b2a71e70b7|rpc:10.1.0.63:43083|dataStream:|priority:0, 87f05fb4-46b8-4bb5-a197-7bc4b26914eb|rpc:10.1.0.63:44187|dataStream:|priority:1, b0d4646c-0fcd-42fc-b255-eb3c3c8c3636|rpc:10.1.0.63:45237|dataStream:|priority:0], old=null RUNNING
2021-08-26 18:40:49,729 [Command processor thread] INFO  server.RaftServer$Division (RaftServerImpl.java:lambda$close$4(407)) - b0d4646c-0fcd-42fc-b255-eb3c3c8c3636@group-D2D68E1C8E59: shutdown
2021-08-26 18:40:49,729 [Command processor thread] INFO  util.JmxRegister (JmxRegister.java:unregister(73)) - Successfully un-registered JMX Bean with object name Ratis:service=RaftServer,group=group-D2D68E1C8E59,id=b0d4646c-0fcd-42fc-b255-eb3c3c8c3636
2021-08-26 18:40:49,729 [Command processor thread] INFO  impl.RoleInfo (RoleInfo.java:shutdownFollowerState(108)) - b0d4646c-0fcd-42fc-b255-eb3c3c8c3636: shutdown b0d4646c-0fcd-42fc-b255-eb3c3c8c3636@group-D2D68E1C8E59-FollowerState
2021-08-26 18:40:49,729 [Command processor thread] INFO  impl.StateMachineUpdater (StateMachineUpdater.java:stopAndJoin(149)) - b0d4646c-0fcd-42fc-b255-eb3c3c8c3636@group-D2D68E1C8E59-StateMachineUpdater: set stopIndex = 0
2021-08-26 18:40:49,729 [b0d4646c-0fcd-42fc-b255-eb3c3c8c3636@group-D2D68E1C8E59-FollowerState] INFO  impl.FollowerState (FollowerState.java:run(143)) - b0d4646c-0fcd-42fc-b255-eb3c3c8c3636@group-D2D68E1C8E59-FollowerState was interrupted: {}
java.lang.InterruptedException: sleep interrupted
	at java.lang.Thread.sleep(Native Method)
	at java.lang.Thread.sleep(Thread.java:340)
	at java.util.concurrent.TimeUnit.sleep(TimeUnit.java:386)
	at org.apache.ratis.util.TimeDuration.sleep(TimeDuration.java:324)
	at org.apache.ratis.util.TimeDuration.sleep(TimeDuration.java:309)
	at org.apache.ratis.server.impl.FollowerState.run(FollowerState.java:118)
2021-08-26 18:40:49,730 [Command processor thread] INFO  server.RaftServer$Division (ServerState.java:close(419)) - b0d4646c-0fcd-42fc-b255-eb3c3c8c3636@group-D2D68E1C8E59: closes. applyIndex: 0
2021-08-26 18:40:49,730 [b0d4646c-0fcd-42fc-b255-eb3c3c8c3636@group-D2D68E1C8E59-SegmentedRaftLogWorker] INFO  segmented.SegmentedRaftLogWorker (SegmentedRaftLogWorker.java:run(327)) - b0d4646c-0fcd-42fc-b255-eb3c3c8c3636@group-D2D68E1C8E59-SegmentedRaftLogWorker was interrupted, exiting. There are 0 tasks remaining in the queue.
2021-08-26 18:40:49,730 [Command processor thread] INFO  segmented.SegmentedRaftLogWorker (SegmentedRaftLogWorker.java:close(237)) - b0d4646c-0fcd-42fc-b255-eb3c3c8c3636@group-D2D68E1C8E59-SegmentedRaftLogWorker close()
2021-08-26 18:40:49,732 [Command processor thread] INFO  server.RaftServer$Division (RaftServerImpl.java:groupRemove(377)) - b0d4646c-0fcd-42fc-b255-eb3c3c8c3636@group-D2D68E1C8E59: Succeed to remove RaftStorageDirectory Storage Directory /home/runner/work/ozone/ozone/hadoop-ozone/integration-test/target/test-dir/MiniOzoneClusterImpl-7287d2d4-454f-4da5-bbdc-7dc3b2fb158b/datanode-0/data/ratis/2466034c-f8ae-4bff-8a7c-d2d68e1c8e59
2021-08-26 18:40:49,732 [Command processor thread] INFO  commandhandler.ClosePipelineCommandHandler (ClosePipelineCommandHandler.java:handle(75)) - Close Pipeline PipelineID=2466034c-f8ae-4bff-8a7c-d2d68e1c8e59 command on datanode b0d4646c-0fcd-42fc-b255-eb3c3c8c3636.
2021-08-26 18:40:49,732 [Command processor thread] INFO  server.RaftServer (RaftServerProxy.java:remove(106)) - b0d4646c-0fcd-42fc-b255-eb3c3c8c3636: remove  FOLLOWER b0d4646c-0fcd-42fc-b255-eb3c3c8c3636@group-377879BF8640:t1, leader=null, voted=b0d4646c-0fcd-42fc-b255-eb3c3c8c3636, raftlog=b0d4646c-0fcd-42fc-b255-eb3c3c8c3636@group-377879BF8640-SegmentedRaftLog:OPENED:c10,f10,i10, conf=0: [b0d4646c-0fcd-42fc-b255-eb3c3c8c3636|rpc:10.1.0.63:45237|dataStream:|priority:1], old=null RUNNING
2021-08-26 18:40:49,732 [Command processor thread] INFO  server.RaftServer$Division (RaftServerImpl.java:lambda$close$4(407)) - b0d4646c-0fcd-42fc-b255-eb3c3c8c3636@group-377879BF8640: shutdown
2021-08-26 18:40:49,732 [Command processor thread] INFO  util.JmxRegister (JmxRegister.java:unregister(73)) - Successfully un-registered JMX Bean with object name Ratis:service=RaftServer,group=group-377879BF8640,id=b0d4646c-0fcd-42fc-b255-eb3c3c8c3636
2021-08-26 18:40:49,732 [Command processor thread] INFO  impl.RoleInfo (RoleInfo.java:shutdownFollowerState(108)) - b0d4646c-0fcd-42fc-b255-eb3c3c8c3636: shutdown b0d4646c-0fcd-42fc-b255-eb3c3c8c3636@group-377879BF8640-FollowerState
2021-08-26 18:40:49,732 [Command processor thread] INFO  impl.StateMachineUpdater (StateMachineUpdater.java:stopAndJoin(149)) - b0d4646c-0fcd-42fc-b255-eb3c3c8c3636@group-377879BF8640-StateMachineUpdater: set stopIndex = 10
2021-08-26 18:40:49,732 [b0d4646c-0fcd-42fc-b255-eb3c3c8c3636@group-377879BF8640-FollowerState] INFO  impl.FollowerState (FollowerState.java:run(143)) - b0d4646c-0fcd-42fc-b255-eb3c3c8c3636@group-377879BF8640-FollowerState was interrupted: {}
java.lang.InterruptedException: sleep interrupted
	at java.lang.Thread.sleep(Native Method)
	at java.lang.Thread.sleep(Thread.java:340)
	at java.util.concurrent.TimeUnit.sleep(TimeUnit.java:386)
	at org.apache.ratis.util.TimeDuration.sleep(TimeDuration.java:324)
	at org.apache.ratis.util.TimeDuration.sleep(TimeDuration.java:309)
	at org.apache.ratis.server.impl.FollowerState.run(FollowerState.java:118)
2021-08-26 18:40:49,735 [Command processor thread] INFO  server.RaftServer$Division (ServerState.java:close(419)) - b0d4646c-0fcd-42fc-b255-eb3c3c8c3636@group-377879BF8640: closes. applyIndex: 10
2021-08-26 18:40:49,735 [b0d4646c-0fcd-42fc-b255-eb3c3c8c3636@group-377879BF8640-SegmentedRaftLogWorker] INFO  segmented.SegmentedRaftLogWorker (SegmentedRaftLogWorker.java:run(327)) - b0d4646c-0fcd-42fc-b255-eb3c3c8c3636@group-377879BF8640-SegmentedRaftLogWorker was interrupted, exiting. There are 0 tasks remaining in the queue.
2021-08-26 18:40:49,739 [Command processor thread] INFO  segmented.SegmentedRaftLogWorker (SegmentedRaftLogWorker.java:close(237)) - b0d4646c-0fcd-42fc-b255-eb3c3c8c3636@group-377879BF8640-SegmentedRaftLogWorker close()
2021-08-26 18:40:49,741 [Command processor thread] INFO  keyvalue.KeyValueContainer (KeyValueContainer.java:flushAndSyncDB(397)) - Container 1 is synced with bcsId 9.
2021-08-26 18:40:49,741 [Command processor thread] INFO  keyvalue.KeyValueContainer (KeyValueContainer.java:flushAndSyncDB(397)) - Container 1 is synced with bcsId 9.
2021-08-26 18:40:49,756 [Command processor thread] INFO  server.RaftServer$Division (RaftServerImpl.java:groupRemove(377)) - b0d4646c-0fcd-42fc-b255-eb3c3c8c3636@group-377879BF8640: Succeed to remove RaftStorageDirectory Storage Directory /home/runner/work/ozone/ozone/hadoop-ozone/integration-test/target/test-dir/MiniOzoneClusterImpl-7287d2d4-454f-4da5-bbdc-7dc3b2fb158b/datanode-0/data/ratis/f60b2554-eed1-4952-8c74-377879bf8640
2021-08-26 18:40:49,756 [Command processor thread] INFO  commandhandler.ClosePipelineCommandHandler (ClosePipelineCommandHandler.java:handle(75)) - Close Pipeline PipelineID=f60b2554-eed1-4952-8c74-377879bf8640 command on datanode b0d4646c-0fcd-42fc-b255-eb3c3c8c3636.
2021-08-26 18:40:49,756 [Command processor thread] WARN  server.RaftServer (RaftServerProxy.java:remove(101)) - b0d4646c-0fcd-42fc-b255-eb3c3c8c3636: does not contain group: group-D6CBFFE24189
2021-08-26 18:40:49,756 [Command processor thread] ERROR commandhandler.ClosePipelineCommandHandler (ClosePipelineCommandHandler.java:handle(78)) - Can't close pipeline PipelineID=add1658b-e2b5-4f06-8c7a-d6cbffe24189
java.io.IOException: b0d4646c-0fcd-42fc-b255-eb3c3c8c3636: Group group-D6CBFFE24189 not found.
	at org.apache.hadoop.ozone.container.common.transport.server.ratis.XceiverServerRatis.removeGroup(XceiverServerRatis.java:781)
	at org.apache.hadoop.ozone.container.common.statemachine.commandhandler.ClosePipelineCommandHandler.handle(ClosePipelineCommandHandler.java:74)
	at org.apache.hadoop.ozone.container.common.statemachine.commandhandler.CommandDispatcher.handle(CommandDispatcher.java:99)
	at org.apache.hadoop.ozone.container.common.statemachine.DatanodeStateMachine.lambda$initCommandHandlerThread$2(DatanodeStateMachine.java:556)
	at java.lang.Thread.run(Thread.java:748)
Caused by: org.apache.ratis.protocol.exceptions.GroupMismatchException: b0d4646c-0fcd-42fc-b255-eb3c3c8c3636: Group group-D6CBFFE24189 not found.
	at org.apache.ratis.server.impl.RaftServerProxy.groupRemoveAsync(RaftServerProxy.java:504)
	at org.apache.ratis.server.impl.RaftServerProxy.groupManagementAsync(RaftServerProxy.java:460)
	at org.apache.ratis.server.impl.RaftServerProxy.groupManagement(RaftServerProxy.java:440)
	at org.apache.hadoop.ozone.container.common.transport.server.ratis.XceiverServerRatis.removeGroup(XceiverServerRatis.java:779)
	... 4 more
2021-08-26 18:40:49,756 [Command processor thread] WARN  server.RaftServer (RaftServerProxy.java:remove(101)) - b0d4646c-0fcd-42fc-b255-eb3c3c8c3636: does not contain group: group-D2D68E1C8E59
2021-08-26 18:40:49,756 [Command processor thread] ERROR commandhandler.ClosePipelineCommandHandler (ClosePipelineCommandHandler.java:handle(78)) - Can't close pipeline PipelineID=2466034c-f8ae-4bff-8a7c-d2d68e1c8e59
java.io.IOException: b0d4646c-0fcd-42fc-b255-eb3c3c8c3636: Group group-D2D68E1C8E59 not found.
	at org.apache.hadoop.ozone.container.common.transport.server.ratis.XceiverServerRatis.removeGroup(XceiverServerRatis.java:781)
	at org.apache.hadoop.ozone.container.common.statemachine.commandhandler.ClosePipelineCommandHandler.handle(ClosePipelineCommandHandler.java:74)
	at org.apache.hadoop.ozone.container.common.statemachine.commandhandler.CommandDispatcher.handle(CommandDispatcher.java:99)
	at org.apache.hadoop.ozone.container.common.statemachine.DatanodeStateMachine.lambda$initCommandHandlerThread$2(DatanodeStateMachine.java:556)
	at java.lang.Thread.run(Thread.java:748)
Caused by: org.apache.ratis.protocol.exceptions.GroupMismatchException: b0d4646c-0fcd-42fc-b255-eb3c3c8c3636: Group group-D2D68E1C8E59 not found.
	at org.apache.ratis.server.impl.RaftServerProxy.groupRemoveAsync(RaftServerProxy.java:504)
	at org.apache.ratis.server.impl.RaftServerProxy.groupManagementAsync(RaftServerProxy.java:460)
	at org.apache.ratis.server.impl.RaftServerProxy.groupManagement(RaftServerProxy.java:440)
	at org.apache.hadoop.ozone.container.common.transport.server.ratis.XceiverServerRatis.removeGroup(XceiverServerRatis.java:779)
	... 4 more
2021-08-26 18:40:49,756 [Command processor thread] WARN  server.RaftServer (RaftServerProxy.java:remove(101)) - b0d4646c-0fcd-42fc-b255-eb3c3c8c3636: does not contain group: group-377879BF8640
2021-08-26 18:40:49,756 [Command processor thread] ERROR commandhandler.ClosePipelineCommandHandler (ClosePipelineCommandHandler.java:handle(78)) - Can't close pipeline PipelineID=f60b2554-eed1-4952-8c74-377879bf8640
java.io.IOException: b0d4646c-0fcd-42fc-b255-eb3c3c8c3636: Group group-377879BF8640 not found.
	at org.apache.hadoop.ozone.container.common.transport.server.ratis.XceiverServerRatis.removeGroup(XceiverServerRatis.java:781)
	at org.apache.hadoop.ozone.container.common.statemachine.commandhandler.ClosePipelineCommandHandler.handle(ClosePipelineCommandHandler.java:74)
	at org.apache.hadoop.ozone.container.common.statemachine.commandhandler.CommandDispatcher.handle(CommandDispatcher.java:99)
	at org.apache.hadoop.ozone.container.common.statemachine.DatanodeStateMachine.lambda$initCommandHandlerThread$2(DatanodeStateMachine.java:556)
	at java.lang.Thread.run(Thread.java:748)
Caused by: org.apache.ratis.protocol.exceptions.GroupMismatchException: b0d4646c-0fcd-42fc-b255-eb3c3c8c3636: Group group-377879BF8640 not found.
	at org.apache.ratis.server.impl.RaftServerProxy.groupRemoveAsync(RaftServerProxy.java:504)
	at org.apache.ratis.server.impl.RaftServerProxy.groupManagementAsync(RaftServerProxy.java:460)
	at org.apache.ratis.server.impl.RaftServerProxy.groupManagement(RaftServerProxy.java:440)
	at org.apache.hadoop.ozone.container.common.transport.server.ratis.XceiverServerRatis.removeGroup(XceiverServerRatis.java:779)
	... 4 more
2021-08-26 18:40:49,757 [pool-663-thread-1] INFO  server.RaftServer$Division (RaftServerImpl.java:<init>(181)) - b0d4646c-0fcd-42fc-b255-eb3c3c8c3636: new RaftServerImpl for group-03B25ECA009B:[b0d4646c-0fcd-42fc-b255-eb3c3c8c3636|rpc:10.1.0.63:45237|priority:1] with ContainerStateMachine:uninitialized
2021-08-26 18:40:49,757 [pool-663-thread-1] INFO  server.RaftServerConfigKeys (ConfUtils.java:logGet(44)) - raft.server.rpc.timeout.min = 5s (custom)
2021-08-26 18:40:49,757 [pool-663-thread-1] INFO  server.RaftServerConfigKeys (ConfUtils.java:logGet(44)) - raft.server.rpc.timeout.max = 5200ms (custom)
2021-08-26 18:40:49,757 [pool-663-thread-1] INFO  server.RaftServerConfigKeys (ConfUtils.java:logGet(44)) - raft.server.rpc.sleep.time = 25ms (default)
2021-08-26 18:40:49,757 [pool-663-thread-1] INFO  server.RaftServerConfigKeys (ConfUtils.java:logGet(44)) - raft.server.rpc.slowness.timeout = 300000ms (custom)
2021-08-26 18:40:49,757 [pool-663-thread-1] INFO  server.RaftServerConfigKeys (ConfUtils.java:logGet(44)) - raft.server.leaderelection.leader.step-down.wait-time = 10s (default)
2021-08-26 18:40:49,757 [pool-663-thread-1] INFO  server.RaftServerConfigKeys (ConfUtils.java:logGet(44)) - raft.server.sleep.deviation.threshold = 300ms (default)
2021-08-26 18:40:49,757 [pool-663-thread-1] INFO  server.RaftServerConfigKeys (ConfUtils.java:logGet(44)) - raft.server.log.appender.install.snapshot.enabled = false (custom)
2021-08-26 18:40:49,757 [pool-663-thread-1] INFO  server.RaftServer$Division (ServerState.java:<init>(105)) - b0d4646c-0fcd-42fc-b255-eb3c3c8c3636@group-03B25ECA009B: ConfigurationManager, init=-1: [b0d4646c-0fcd-42fc-b255-eb3c3c8c3636|rpc:10.1.0.63:45237|priority:1], old=null, confs=<EMPTY_MAP>
2021-08-26 18:40:49,757 [pool-663-thread-1] INFO  server.RaftServerConfigKeys (ConfUtils.java:logGet(44)) - raft.server.storage.dir = [/home/runner/work/ozone/ozone/hadoop-ozone/integration-test/target/test-dir/MiniOzoneClusterImpl-7287d2d4-454f-4da5-bbdc-7dc3b2fb158b/datanode-0/data/ratis] (custom)
2021-08-26 18:40:49,758 [pool-663-thread-1] INFO  server.RaftServerConfigKeys (ConfUtils.java:logGet(44)) - raft.server.log.corruption.policy = EXCEPTION (default)
2021-08-26 18:40:49,758 [pool-663-thread-1] INFO  server.RaftServerConfigKeys (ConfUtils.java:logGet(44)) - raft.server.storage.free-space.min = 0MB (=0) (default)
2021-08-26 18:40:49,758 [pool-663-thread-1] INFO  storage.RaftStorageDirectory (RaftStorageDirectoryImpl.java:analyzeStorage(135)) - The storage directory /home/runner/work/ozone/ozone/hadoop-ozone/integration-test/target/test-dir/MiniOzoneClusterImpl-7287d2d4-454f-4da5-bbdc-7dc3b2fb158b/datanode-0/data/ratis/a10b5402-1898-443a-92f2-03b25eca009b does not exist. Creating ...
2021-08-26 18:40:49,758 [Command processor thread] INFO  server.RaftServer (RaftServerProxy.java:addNew(95)) - b0d4646c-0fcd-42fc-b255-eb3c3c8c3636: addNew group-03B25ECA009B:[b0d4646c-0fcd-42fc-b255-eb3c3c8c3636|rpc:10.1.0.63:45237|priority:1] returns group-03B25ECA009B:java.util.concurrent.CompletableFuture@7ce462cd[Not completed]
2021-08-26 18:40:49,759 [pool-663-thread-1] INFO  storage.RaftStorageDirectory (RaftStorageDirectoryImpl.java:tryLock(230)) - Lock on /home/runner/work/ozone/ozone/hadoop-ozone/integration-test/target/test-dir/MiniOzoneClusterImpl-7287d2d4-454f-4da5-bbdc-7dc3b2fb158b/datanode-0/data/ratis/a10b5402-1898-443a-92f2-03b25eca009b/in_use.lock acquired by nodename 22608@fv-az184-233
2021-08-26 18:40:49,775 [Datanode State Machine Thread - 0] WARN  statemachine.StateContext (StateContext.java:execute(621)) - No available thread in pool for past 1 seconds.
2021-08-26 18:40:49,776 [EventQueue-IncrementalContainerReportForIncrementalContainerReportHandler] INFO  container.IncrementalContainerReportHandler (AbstractContainerReportHandler.java:updateContainerState(216)) - Moving container #1 to QUASI_CLOSED state, datanode b0d4646c-0fcd-42fc-b255-eb3c3c8c3636{ip: 10.1.0.63, host: fv-az184-233.3ow45vhwbzuu5incsxmygykede.cx.internal.cloudapp.net, ports: [REPLICATION=38487, RATIS=45237, RATIS_ADMIN=45237, RATIS_SERVER=45237, STANDALONE=33471], networkLocation: /default-rack, certSerialId: null, persistedOpState: IN_SERVICE, persistedOpStateExpiryEpochSec: 0} reported QUASI_CLOSED replica.
2021-08-26 18:40:49,821 [Listener at 127.0.0.1/40319] INFO  ozone.MiniOzoneClusterImpl (MiniOzoneClusterImpl.java:shutdown(453)) - Shutting down the Mini Ozone Cluster
2021-08-26 18:40:49,821 [Listener at 127.0.0.1/40319] INFO  ozone.MiniOzoneClusterImpl (MiniOzoneClusterImpl.java:stop(468)) - Stopping the Mini Ozone Cluster
2021-08-26 18:40:49,821 [Listener at 127.0.0.1/40319] INFO  ozone.MiniOzoneClusterImpl (MiniOzoneClusterImpl.java:stopOM(550)) - Stopping the OzoneManager
2021-08-26 18:40:49,821 [Listener at 127.0.0.1/40319] INFO  om.OzoneManager (OzoneManager.java:stop(1632)) - Stopping Ozone Manager
2021-08-26 18:40:49,821 [Listener at 127.0.0.1/40319] INFO  ipc.Server (Server.java:stop(3414)) - Stopping server on 40319
2021-08-26 18:40:49,823 [pool-663-thread-1] INFO  storage.RaftStorage (RaftStorageImpl.java:format(89)) - Storage directory /home/runner/work/ozone/ozone/hadoop-ozone/integration-test/target/test-dir/MiniOzoneClusterImpl-7287d2d4-454f-4da5-bbdc-7dc3b2fb158b/datanode-0/data/ratis/a10b5402-1898-443a-92f2-03b25eca009b has been successfully formatted.
2021-08-26 18:40:49,823 [pool-663-thread-1] INFO  ratis.ContainerStateMachine (ContainerStateMachine.java:loadSnapshot(224)) - group-03B25ECA009B: The snapshot info is null. Setting the last applied indexto:(t:0, i:~)
2021-08-26 18:40:49,850 [Datanode State Machine Thread - 0] WARN  statemachine.StateContext (StateContext.java:execute(621)) - No available thread in pool for past 1 seconds.
2021-08-26 18:40:49,850 [EventQueue-PipelineReportForPipelineReportHandler] INFO  pipeline.PipelineManagerImpl (PipelineManagerImpl.java:openPipeline(282)) - Pipeline Pipeline[ Id: a10b5402-1898-443a-92f2-03b25eca009b, Nodes: b0d4646c-0fcd-42fc-b255-eb3c3c8c3636{ip: 10.1.0.63, host: fv-az184-233.3ow45vhwbzuu5incsxmygykede.cx.internal.cloudapp.net, ports: [REPLICATION=38487, RATIS=45237, RATIS_ADMIN=45237, RATIS_SERVER=45237, STANDALONE=33471], networkLocation: /default-rack, certSerialId: null, persistedOpState: IN_SERVICE, persistedOpStateExpiryEpochSec: 0}, ReplicationConfig: RATIS/ONE, State:ALLOCATED, leaderId:b0d4646c-0fcd-42fc-b255-eb3c3c8c3636, CreationTimestamp2021-08-26T18:40:48.783Z[Etc/UTC]] moved to OPEN state
2021-08-26 18:40:49,855 [pool-663-thread-1] INFO  server.RaftServerConfigKeys (ConfUtils.java:logGet(44)) - raft.server.notification.no-leader.timeout = 300000ms (custom)
2021-08-26 18:40:49,855 [pool-663-thread-1] INFO  server.RaftServerConfigKeys (ConfUtils.java:logGet(44)) - raft.server.log.use.memory = false (default)
2021-08-26 18:40:49,855 [pool-663-thread-1] INFO  server.RaftServerConfigKeys (ConfUtils.java:logGet(44)) - raft.server.log.purge.gap = 1000000 (custom)
2021-08-26 18:40:49,855 [pool-663-thread-1] INFO  server.RaftServerConfigKeys (ConfUtils.java:logGet(44)) - raft.server.log.appender.buffer.byte-limit = 33554432 (custom)
2021-08-26 18:40:49,855 [pool-663-thread-1] INFO  server.RaftServerConfigKeys (ConfUtils.java:logGet(44)) - raft.server.log.segment.size.max = 1048576 (custom)
2021-08-26 18:40:49,856 [pool-663-thread-1] INFO  server.RaftServerConfigKeys (ConfUtils.java:logGet(44)) - raft.server.log.segment.cache.num.max = 2 (custom)
2021-08-26 18:40:49,856 [pool-663-thread-1] INFO  server.RaftServerConfigKeys (ConfUtils.java:logGet(44)) - raft.server.log.segment.cache.size.max = 200MB (=209715200) (default)
2021-08-26 18:40:49,856 [pool-663-thread-1] INFO  segmented.SegmentedRaftLogWorker (SegmentedRaftLogWorker.java:<init>(182)) - new b0d4646c-0fcd-42fc-b255-eb3c3c8c3636@group-03B25ECA009B-SegmentedRaftLogWorker for RaftStorageImpl:Storage Directory /home/runner/work/ozone/ozone/hadoop-ozone/integration-test/target/test-dir/MiniOzoneClusterImpl-7287d2d4-454f-4da5-bbdc-7dc3b2fb158b/datanode-0/data/ratis/a10b5402-1898-443a-92f2-03b25eca009b
2021-08-26 18:40:49,856 [pool-663-thread-1] INFO  server.RaftServerConfigKeys (ConfUtils.java:logGet(44)) - raft.server.log.queue.byte-limit = 2147483647 (custom)
2021-08-26 18:40:49,856 [pool-663-thread-1] INFO  server.RaftServerConfigKeys (ConfUtils.java:logGet(44)) - raft.server.log.queue.element-limit = 1024 (custom)
2021-08-26 18:40:49,856 [pool-663-thread-1] INFO  server.RaftServerConfigKeys (ConfUtils.java:logGet(44)) - raft.server.log.segment.size.max = 1048576 (custom)
2021-08-26 18:40:49,856 [pool-663-thread-1] INFO  server.RaftServerConfigKeys (ConfUtils.java:logGet(44)) - raft.server.log.preallocated.size = 16384 (custom)
2021-08-26 18:40:49,856 [pool-663-thread-1] INFO  server.RaftServerConfigKeys (ConfUtils.java:logGet(44)) - raft.server.log.force.sync.num = 128 (default)
2021-08-26 18:40:49,856 [pool-663-thread-1] INFO  server.RaftServerConfigKeys (ConfUtils.java:logGet(44)) - raft.server.log.statemachine.data.sync = true (default)
2021-08-26 18:40:49,856 [pool-663-thread-1] INFO  server.RaftServerConfigKeys (ConfUtils.java:logGet(44)) - raft.server.log.statemachine.data.sync.timeout = 10s (default)
2021-08-26 18:40:49,856 [pool-663-thread-1] INFO  server.RaftServerConfigKeys (ConfUtils.java:logGet(44)) - raft.server.log.statemachine.data.sync.timeout.retry = -1 (default)
2021-08-26 18:40:49,858 [pool-663-thread-1] INFO  server.RaftServerConfigKeys (ConfUtils.java:logGet(44)) - raft.server.log.write.buffer.size = 1048576 (custom)
2021-08-26 18:40:49,859 [pool-663-thread-1] INFO  server.RaftServerConfigKeys (ConfUtils.java:logGet(44)) - raft.server.log.statemachine.data.caching.enabled = true (custom)
2021-08-26 18:40:49,859 [pool-663-thread-1] INFO  segmented.SegmentedRaftLogWorker (SegmentedRaftLogWorker.java:lambda$new$0(133)) - b0d4646c-0fcd-42fc-b255-eb3c3c8c3636@group-03B25ECA009B-SegmentedRaftLogWorker: flushIndex: setUnconditionally 0 -> -1
2021-08-26 18:40:49,859 [pool-663-thread-1] INFO  segmented.SegmentedRaftLogWorker (SegmentedRaftLogWorker.java:lambda$new$0(133)) - b0d4646c-0fcd-42fc-b255-eb3c3c8c3636@group-03B25ECA009B-SegmentedRaftLogWorker: safeCacheEvictIndex: setUnconditionally 0 -> -1
2021-08-26 18:40:49,883 [pool-663-thread-1] INFO  server.RaftServerConfigKeys (ConfUtils.java:logGet(44)) - raft.server.snapshot.auto.trigger.enabled = true (custom)
2021-08-26 18:40:49,883 [pool-663-thread-1] INFO  server.RaftServerConfigKeys (ConfUtils.java:logGet(44)) - raft.server.snapshot.auto.trigger.threshold = 10000 (custom)
2021-08-26 18:40:49,883 [pool-663-thread-1] INFO  server.RaftServerConfigKeys (ConfUtils.java:logGet(44)) - raft.server.snapshot.retention.file.num = 5 (custom)
2021-08-26 18:40:49,883 [pool-663-thread-1] INFO  server.RaftServerConfigKeys (ConfUtils.java:logGet(44)) - raft.server.log.purge.upto.snapshot.index = false (default)
2021-08-26 18:40:49,883 [pool-663-thread-1] INFO  server.RaftServerConfigKeys (ConfUtils.java:logGet(44)) - raft.server.retrycache.expirytime = 600000ms (custom)
2021-08-26 18:40:49,883 [pool-663-thread-1] INFO  server.RaftServerConfigKeys (ConfUtils.java:logGet(44)) - raft.server.retrycache.statistics.expirytime = 100μs (default)
2021-08-26 18:40:49,884 [pool-663-thread-1] INFO  server.RaftServer$Division (RaftServerImpl.java:start(296)) - b0d4646c-0fcd-42fc-b255-eb3c3c8c3636@group-03B25ECA009B: start as a follower, conf=-1: [b0d4646c-0fcd-42fc-b255-eb3c3c8c3636|rpc:10.1.0.63:45237|priority:1], old=null
2021-08-26 18:40:49,885 [pool-663-thread-1] INFO  server.RaftServer$Division (RaftServerImpl.java:setRole(285)) - b0d4646c-0fcd-42fc-b255-eb3c3c8c3636@group-03B25ECA009B: changes role from      null to FOLLOWER at term 0 for startAsFollower
2021-08-26 18:40:49,885 [pool-663-thread-1] INFO  impl.RoleInfo (RoleInfo.java:updateAndGet(130)) - b0d4646c-0fcd-42fc-b255-eb3c3c8c3636: start b0d4646c-0fcd-42fc-b255-eb3c3c8c3636@group-03B25ECA009B-FollowerState
2021-08-26 18:40:49,897 [pool-663-thread-1] INFO  util.JmxRegister (JmxRegister.java:tryRegister(44)) - Successfully registered JMX Bean with object name Ratis:service=RaftServer,group=group-03B25ECA009B,id=b0d4646c-0fcd-42fc-b255-eb3c3c8c3636
2021-08-26 18:40:49,907 [Command processor thread] INFO  server.RaftServer (RaftServerProxy.java:addNew(95)) - 87f05fb4-46b8-4bb5-a197-7bc4b26914eb: addNew group-8992BE07B501:[feac8f5a-1b39-4e45-882b-39b2a71e70b7|rpc:10.1.0.63:43083|priority:0, 87f05fb4-46b8-4bb5-a197-7bc4b26914eb|rpc:10.1.0.63:44187|priority:0, 7a21a715-39a0-4b71-a267-c33797e0d730|rpc:10.1.0.63:34101|priority:1] returns group-8992BE07B501:java.util.concurrent.CompletableFuture@1d45ea7f[Not completed]
2021-08-26 18:40:49,907 [pool-535-thread-1] INFO  server.RaftServer$Division (RaftServerImpl.java:<init>(181)) - 87f05fb4-46b8-4bb5-a197-7bc4b26914eb: new RaftServerImpl for group-8992BE07B501:[feac8f5a-1b39-4e45-882b-39b2a71e70b7|rpc:10.1.0.63:43083|priority:0, 87f05fb4-46b8-4bb5-a197-7bc4b26914eb|rpc:10.1.0.63:44187|priority:0, 7a21a715-39a0-4b71-a267-c33797e0d730|rpc:10.1.0.63:34101|priority:1] with ContainerStateMachine:uninitialized
2021-08-26 18:40:49,908 [pool-535-thread-1] INFO  server.RaftServerConfigKeys (ConfUtils.java:logGet(44)) - raft.server.rpc.timeout.min = 5s (custom)
2021-08-26 18:40:49,908 [pool-535-thread-1] INFO  server.RaftServerConfigKeys (ConfUtils.java:logGet(44)) - raft.server.rpc.timeout.max = 5200ms (custom)
2021-08-26 18:40:49,908 [pool-535-thread-1] INFO  server.RaftServerConfigKeys (ConfUtils.java:logGet(44)) - raft.server.rpc.sleep.time = 25ms (default)
2021-08-26 18:40:49,908 [pool-535-thread-1] INFO  server.RaftServerConfigKeys (ConfUtils.java:logGet(44)) - raft.server.rpc.slowness.timeout = 300000ms (custom)
2021-08-26 18:40:49,908 [pool-535-thread-1] INFO  server.RaftServerConfigKeys (ConfUtils.java:logGet(44)) - raft.server.leaderelection.leader.step-down.wait-time = 10s (default)
2021-08-26 18:40:49,908 [pool-535-thread-1] INFO  server.RaftServerConfigKeys (ConfUtils.java:logGet(44)) - raft.server.sleep.deviation.threshold = 300ms (default)
2021-08-26 18:40:49,908 [pool-535-thread-1] INFO  server.RaftServerConfigKeys (ConfUtils.java:logGet(44)) - raft.server.log.appender.install.snapshot.enabled = false (custom)
2021-08-26 18:40:49,908 [pool-535-thread-1] INFO  server.RaftServer$Division (ServerState.java:<init>(105)) - 87f05fb4-46b8-4bb5-a197-7bc4b26914eb@group-8992BE07B501: ConfigurationManager, init=-1: [feac8f5a-1b39-4e45-882b-39b2a71e70b7|rpc:10.1.0.63:43083|priority:0, 87f05fb4-46b8-4bb5-a197-7bc4b26914eb|rpc:10.1.0.63:44187|priority:0, 7a21a715-39a0-4b71-a267-c33797e0d730|rpc:10.1.0.63:34101|priority:1], old=null, confs=<EMPTY_MAP>
2021-08-26 18:40:49,908 [pool-535-thread-1] INFO  server.RaftServerConfigKeys (ConfUtils.java:logGet(44)) - raft.server.storage.dir = [/home/runner/work/ozone/ozone/hadoop-ozone/integration-test/target/test-dir/MiniOzoneClusterImpl-7287d2d4-454f-4da5-bbdc-7dc3b2fb158b/datanode-2/data/ratis] (custom)
2021-08-26 18:40:49,908 [pool-535-thread-1] INFO  server.RaftServerConfigKeys (ConfUtils.java:logGet(44)) - raft.server.log.corruption.policy = EXCEPTION (default)
2021-08-26 18:40:49,908 [pool-535-thread-1] INFO  server.RaftServerConfigKeys (ConfUtils.java:logGet(44)) - raft.server.storage.free-space.min = 0MB (=0) (default)
2021-08-26 18:40:49,908 [pool-535-thread-1] INFO  storage.RaftStorageDirectory (RaftStorageDirectoryImpl.java:analyzeStorage(135)) - The storage directory /home/runner/work/ozone/ozone/hadoop-ozone/integration-test/target/test-dir/MiniOzoneClusterImpl-7287d2d4-454f-4da5-bbdc-7dc3b2fb158b/datanode-2/data/ratis/19e69daf-7bb9-4b43-a26e-8992be07b501 does not exist. Creating ...
2021-08-26 18:40:49,913 [Listener at 127.0.0.1/40319] INFO  server.RaftServer (RaftServerProxy.java:lambda$close$6(391)) - om1: close
2021-08-26 18:40:49,913 [Listener at 127.0.0.1/40319] INFO  server.RaftServer$Division (RaftServerImpl.java:lambda$close$4(407)) - om1@group-C5BA1605619E: shutdown
2021-08-26 18:40:49,913 [Listener at 127.0.0.1/40319] INFO  util.JmxRegister (JmxRegister.java:unregister(73)) - Successfully un-registered JMX Bean with object name Ratis:service=RaftServer,group=group-C5BA1605619E,id=om1
2021-08-26 18:40:49,913 [Listener at 127.0.0.1/40319] INFO  impl.RoleInfo (RoleInfo.java:shutdownLeaderState(91)) - om1: shutdown om1@group-C5BA1605619E-LeaderStateImpl
2021-08-26 18:40:49,913 [Listener at 127.0.0.1/40319] INFO  impl.PendingRequests (PendingRequests.java:sendNotLeaderResponses(282)) - om1@group-C5BA1605619E-PendingRequests: sendNotLeaderResponses
2021-08-26 18:40:49,914 [IPC Server listener on 0] INFO  ipc.Server (Server.java:run(1376)) - Stopping IPC Server listener on 0
2021-08-26 18:40:49,915 [IPC Server Responder] INFO  ipc.Server (Server.java:run(1512)) - Stopping IPC Server Responder
2021-08-26 18:40:49,916 [pool-535-thread-1] INFO  storage.RaftStorageDirectory (RaftStorageDirectoryImpl.java:tryLock(230)) - Lock on /home/runner/work/ozone/ozone/hadoop-ozone/integration-test/target/test-dir/MiniOzoneClusterImpl-7287d2d4-454f-4da5-bbdc-7dc3b2fb158b/datanode-2/data/ratis/19e69daf-7bb9-4b43-a26e-8992be07b501/in_use.lock acquired by nodename 22608@fv-az184-233
2021-08-26 18:40:49,928 [pool-535-thread-1] INFO  storage.RaftStorage (RaftStorageImpl.java:format(89)) - Storage directory /home/runner/work/ozone/ozone/hadoop-ozone/integration-test/target/test-dir/MiniOzoneClusterImpl-7287d2d4-454f-4da5-bbdc-7dc3b2fb158b/datanode-2/data/ratis/19e69daf-7bb9-4b43-a26e-8992be07b501 has been successfully formatted.
2021-08-26 18:40:49,928 [Command processor thread] INFO  ratis.XceiverServerRatis (XceiverServerRatis.java:addGroup(763)) - Created group PipelineID=a10b5402-1898-443a-92f2-03b25eca009b
2021-08-26 18:40:49,928 [Command processor thread] INFO  commandhandler.CreatePipelineCommandHandler (CreatePipelineCommandHandler.java:handle(106)) - Created Pipeline RATIS ONE PipelineID=a10b5402-1898-443a-92f2-03b25eca009b.
2021-08-26 18:40:49,928 [pool-535-thread-1] INFO  ratis.ContainerStateMachine (ContainerStateMachine.java:loadSnapshot(224)) - group-8992BE07B501: The snapshot info is null. Setting the last applied indexto:(t:0, i:~)
2021-08-26 18:40:49,929 [Command processor thread] INFO  server.RaftServer (RaftServerProxy.java:addNew(95)) - b0d4646c-0fcd-42fc-b255-eb3c3c8c3636: addNew group-AD9EB289532E:[feac8f5a-1b39-4e45-882b-39b2a71e70b7|rpc:10.1.0.63:43083|priority:0, 87f05fb4-46b8-4bb5-a197-7bc4b26914eb|rpc:10.1.0.63:44187|priority:1, b0d4646c-0fcd-42fc-b255-eb3c3c8c3636|rpc:10.1.0.63:45237|priority:0] returns group-AD9EB289532E:java.util.concurrent.CompletableFuture@55410ca4[Not completed]
2021-08-26 18:40:49,929 [pool-663-thread-1] INFO  server.RaftServer$Division (RaftServerImpl.java:<init>(181)) - b0d4646c-0fcd-42fc-b255-eb3c3c8c3636: new RaftServerImpl for group-AD9EB289532E:[feac8f5a-1b39-4e45-882b-39b2a71e70b7|rpc:10.1.0.63:43083|priority:0, 87f05fb4-46b8-4bb5-a197-7bc4b26914eb|rpc:10.1.0.63:44187|priority:1, b0d4646c-0fcd-42fc-b255-eb3c3c8c3636|rpc:10.1.0.63:45237|priority:0] with ContainerStateMachine:uninitialized
2021-08-26 18:40:49,929 [pool-663-thread-1] INFO  server.RaftServerConfigKeys (ConfUtils.java:logGet(44)) - raft.server.rpc.timeout.min = 5s (custom)
2021-08-26 18:40:49,929 [pool-663-thread-1] INFO  server.RaftServerConfigKeys (ConfUtils.java:logGet(44)) - raft.server.rpc.timeout.max = 5200ms (custom)
2021-08-26 18:40:49,929 [pool-663-thread-1] INFO  server.RaftServerConfigKeys (ConfUtils.java:logGet(44)) - raft.server.rpc.sleep.time = 25ms (default)
2021-08-26 18:40:49,929 [pool-663-thread-1] INFO  server.RaftServerConfigKeys (ConfUtils.java:logGet(44)) - raft.server.rpc.slowness.timeout = 300000ms (custom)
2021-08-26 18:40:49,929 [pool-663-thread-1] INFO  server.RaftServerConfigKeys (ConfUtils.java:logGet(44)) - raft.server.leaderelection.leader.step-down.wait-time = 10s (default)
2021-08-26 18:40:49,929 [pool-663-thread-1] INFO  server.RaftServerConfigKeys (ConfUtils.java:logGet(44)) - raft.server.sleep.deviation.threshold = 300ms (default)
2021-08-26 18:40:49,929 [pool-663-thread-1] INFO  server.RaftServerConfigKeys (ConfUtils.java:logGet(44)) - raft.server.log.appender.install.snapshot.enabled = false (custom)
2021-08-26 18:40:49,929 [pool-663-thread-1] INFO  server.RaftServer$Division (ServerState.java:<init>(105)) - b0d4646c-0fcd-42fc-b255-eb3c3c8c3636@group-AD9EB289532E: ConfigurationManager, init=-1: [feac8f5a-1b39-4e45-882b-39b2a71e70b7|rpc:10.1.0.63:43083|priority:0, 87f05fb4-46b8-4bb5-a197-7bc4b26914eb|rpc:10.1.0.63:44187|priority:1, b0d4646c-0fcd-42fc-b255-eb3c3c8c3636|rpc:10.1.0.63:45237|priority:0], old=null, confs=<EMPTY_MAP>
2021-08-26 18:40:49,929 [pool-663-thread-1] INFO  server.RaftServerConfigKeys (ConfUtils.java:logGet(44)) - raft.server.storage.dir = [/home/runner/work/ozone/ozone/hadoop-ozone/integration-test/target/test-dir/MiniOzoneClusterImpl-7287d2d4-454f-4da5-bbdc-7dc3b2fb158b/datanode-0/data/ratis] (custom)
2021-08-26 18:40:49,930 [pool-663-thread-1] INFO  server.RaftServerConfigKeys (ConfUtils.java:logGet(44)) - raft.server.log.corruption.policy = EXCEPTION (default)
2021-08-26 18:40:49,930 [pool-663-thread-1] INFO  server.RaftServerConfigKeys (ConfUtils.java:logGet(44)) - raft.server.storage.free-space.min = 0MB (=0) (default)
2021-08-26 18:40:49,930 [pool-663-thread-1] INFO  storage.RaftStorageDirectory (RaftStorageDirectoryImpl.java:analyzeStorage(135)) - The storage directory /home/runner/work/ozone/ozone/hadoop-ozone/integration-test/target/test-dir/MiniOzoneClusterImpl-7287d2d4-454f-4da5-bbdc-7dc3b2fb158b/datanode-0/data/ratis/5100cf8f-650e-40b2-b565-ad9eb289532e does not exist. Creating ...
2021-08-26 18:40:49,934 [pool-535-thread-1] INFO  server.RaftServerConfigKeys (ConfUtils.java:logGet(44)) - raft.server.notification.no-leader.timeout = 300000ms (custom)
2021-08-26 18:40:49,934 [Datanode State Machine Thread - 0] WARN  statemachine.StateContext (StateContext.java:execute(621)) - No available thread in pool for past 1 seconds.
2021-08-26 18:40:49,934 [pool-535-thread-1] INFO  server.RaftServerConfigKeys (ConfUtils.java:logGet(44)) - raft.server.log.use.memory = false (default)
2021-08-26 18:40:49,938 [pool-535-thread-1] INFO  server.RaftServerConfigKeys (ConfUtils.java:logGet(44)) - raft.server.log.purge.gap = 1000000 (custom)
2021-08-26 18:40:49,938 [pool-535-thread-1] INFO  server.RaftServerConfigKeys (ConfUtils.java:logGet(44)) - raft.server.log.appender.buffer.byte-limit = 33554432 (custom)
2021-08-26 18:40:49,938 [pool-535-thread-1] INFO  server.RaftServerConfigKeys (ConfUtils.java:logGet(44)) - raft.server.log.segment.size.max = 1048576 (custom)
2021-08-26 18:40:49,939 [pool-535-thread-1] INFO  server.RaftServerConfigKeys (ConfUtils.java:logGet(44)) - raft.server.log.segment.cache.num.max = 2 (custom)
2021-08-26 18:40:49,939 [pool-535-thread-1] INFO  server.RaftServerConfigKeys (ConfUtils.java:logGet(44)) - raft.server.log.segment.cache.size.max = 200MB (=209715200) (default)
2021-08-26 18:40:49,939 [pool-535-thread-1] INFO  segmented.SegmentedRaftLogWorker (SegmentedRaftLogWorker.java:<init>(182)) - new 87f05fb4-46b8-4bb5-a197-7bc4b26914eb@group-8992BE07B501-SegmentedRaftLogWorker for RaftStorageImpl:Storage Directory /home/runner/work/ozone/ozone/hadoop-ozone/integration-test/target/test-dir/MiniOzoneClusterImpl-7287d2d4-454f-4da5-bbdc-7dc3b2fb158b/datanode-2/data/ratis/19e69daf-7bb9-4b43-a26e-8992be07b501
2021-08-26 18:40:49,939 [pool-535-thread-1] INFO  server.RaftServerConfigKeys (ConfUtils.java:logGet(44)) - raft.server.log.queue.byte-limit = 2147483647 (custom)
2021-08-26 18:40:49,939 [pool-535-thread-1] INFO  server.RaftServerConfigKeys (ConfUtils.java:logGet(44)) - raft.server.log.queue.element-limit = 1024 (custom)
2021-08-26 18:40:49,939 [pool-535-thread-1] INFO  server.RaftServerConfigKeys (ConfUtils.java:logGet(44)) - raft.server.log.segment.size.max = 1048576 (custom)
2021-08-26 18:40:49,939 [pool-535-thread-1] INFO  server.RaftServerConfigKeys (ConfUtils.java:logGet(44)) - raft.server.log.preallocated.size = 16384 (custom)
2021-08-26 18:40:49,939 [pool-535-thread-1] INFO  server.RaftServerConfigKeys (ConfUtils.java:logGet(44)) - raft.server.log.force.sync.num = 128 (default)
2021-08-26 18:40:49,939 [pool-535-thread-1] INFO  server.RaftServerConfigKeys (ConfUtils.java:logGet(44)) - raft.server.log.statemachine.data.sync = true (default)
2021-08-26 18:40:49,939 [pool-535-thread-1] INFO  server.RaftServerConfigKeys (ConfUtils.java:logGet(44)) - raft.server.log.statemachine.data.sync.timeout = 10s (default)
2021-08-26 18:40:49,939 [pool-535-thread-1] INFO  server.RaftServerConfigKeys (ConfUtils.java:logGet(44)) - raft.server.log.statemachine.data.sync.timeout.retry = -1 (default)
2021-08-26 18:40:49,940 [pool-535-thread-1] INFO  server.RaftServerConfigKeys (ConfUtils.java:logGet(44)) - raft.server.log.write.buffer.size = 1048576 (custom)
2021-08-26 18:40:49,941 [pool-535-thread-1] INFO  server.RaftServerConfigKeys (ConfUtils.java:logGet(44)) - raft.server.log.statemachine.data.caching.enabled = true (custom)
2021-08-26 18:40:49,941 [pool-535-thread-1] INFO  segmented.SegmentedRaftLogWorker (SegmentedRaftLogWorker.java:lambda$new$0(133)) - 87f05fb4-46b8-4bb5-a197-7bc4b26914eb@group-8992BE07B501-SegmentedRaftLogWorker: flushIndex: setUnconditionally 0 -> -1
2021-08-26 18:40:49,941 [pool-535-thread-1] INFO  segmented.SegmentedRaftLogWorker (SegmentedRaftLogWorker.java:lambda$new$0(133)) - 87f05fb4-46b8-4bb5-a197-7bc4b26914eb@group-8992BE07B501-SegmentedRaftLogWorker: safeCacheEvictIndex: setUnconditionally 0 -> -1
2021-08-26 18:40:49,941 [pool-663-thread-1] INFO  storage.RaftStorageDirectory (RaftStorageDirectoryImpl.java:tryLock(230)) - Lock on /home/runner/work/ozone/ozone/hadoop-ozone/integration-test/target/test-dir/MiniOzoneClusterImpl-7287d2d4-454f-4da5-bbdc-7dc3b2fb158b/datanode-0/data/ratis/5100cf8f-650e-40b2-b565-ad9eb289532e/in_use.lock acquired by nodename 22608@fv-az184-233
2021-08-26 18:40:49,944 [pool-663-thread-1] INFO  storage.RaftStorage (RaftStorageImpl.java:format(89)) - Storage directory /home/runner/work/ozone/ozone/hadoop-ozone/integration-test/target/test-dir/MiniOzoneClusterImpl-7287d2d4-454f-4da5-bbdc-7dc3b2fb158b/datanode-0/data/ratis/5100cf8f-650e-40b2-b565-ad9eb289532e has been successfully formatted.
2021-08-26 18:40:49,947 [pool-535-thread-1] INFO  server.RaftServerConfigKeys (ConfUtils.java:logGet(44)) - raft.server.snapshot.auto.trigger.enabled = true (custom)
2021-08-26 18:40:49,947 [pool-535-thread-1] INFO  server.RaftServerConfigKeys (ConfUtils.java:logGet(44)) - raft.server.snapshot.auto.trigger.threshold = 10000 (custom)
2021-08-26 18:40:49,947 [pool-535-thread-1] INFO  server.RaftServerConfigKeys (ConfUtils.java:logGet(44)) - raft.server.snapshot.retention.file.num = 5 (custom)
2021-08-26 18:40:49,948 [pool-535-thread-1] INFO  server.RaftServerConfigKeys (ConfUtils.java:logGet(44)) - raft.server.log.purge.upto.snapshot.index = false (default)
2021-08-26 18:40:49,948 [pool-535-thread-1] INFO  server.RaftServerConfigKeys (ConfUtils.java:logGet(44)) - raft.server.retrycache.expirytime = 600000ms (custom)
2021-08-26 18:40:49,948 [pool-535-thread-1] INFO  server.RaftServerConfigKeys (ConfUtils.java:logGet(44)) - raft.server.retrycache.statistics.expirytime = 100μs (default)
2021-08-26 18:40:49,949 [pool-535-thread-1] INFO  server.RaftServer$Division (RaftServerImpl.java:start(296)) - 87f05fb4-46b8-4bb5-a197-7bc4b26914eb@group-8992BE07B501: start as a follower, conf=-1: [feac8f5a-1b39-4e45-882b-39b2a71e70b7|rpc:10.1.0.63:43083|priority:0, 87f05fb4-46b8-4bb5-a197-7bc4b26914eb|rpc:10.1.0.63:44187|priority:0, 7a21a715-39a0-4b71-a267-c33797e0d730|rpc:10.1.0.63:34101|priority:1], old=null
2021-08-26 18:40:49,949 [pool-535-thread-1] INFO  server.RaftServer$Division (RaftServerImpl.java:setRole(285)) - 87f05fb4-46b8-4bb5-a197-7bc4b26914eb@group-8992BE07B501: changes role from      null to FOLLOWER at term 0 for startAsFollower
2021-08-26 18:40:49,949 [pool-535-thread-1] INFO  impl.RoleInfo (RoleInfo.java:updateAndGet(130)) - 87f05fb4-46b8-4bb5-a197-7bc4b26914eb: start 87f05fb4-46b8-4bb5-a197-7bc4b26914eb@group-8992BE07B501-FollowerState
2021-08-26 18:40:49,950 [pool-535-thread-1] INFO  util.JmxRegister (JmxRegister.java:tryRegister(44)) - Successfully registered JMX Bean with object name Ratis:service=RaftServer,group=group-8992BE07B501,id=87f05fb4-46b8-4bb5-a197-7bc4b26914eb
2021-08-26 18:40:49,954 [Command processor thread] INFO  ratis.XceiverServerRatis (XceiverServerRatis.java:addGroup(763)) - Created group PipelineID=19e69daf-7bb9-4b43-a26e-8992be07b501
2021-08-26 18:40:49,960 [grpc-default-executor-1] INFO  server.RaftServer (RaftServerProxy.java:addNew(95)) - feac8f5a-1b39-4e45-882b-39b2a71e70b7: addNew group-8992BE07B501:[feac8f5a-1b39-4e45-882b-39b2a71e70b7|rpc:10.1.0.63:43083|dataStream:|priority:0, 87f05fb4-46b8-4bb5-a197-7bc4b26914eb|rpc:10.1.0.63:44187|dataStream:|priority:0, 7a21a715-39a0-4b71-a267-c33797e0d730|rpc:10.1.0.63:34101|dataStream:|priority:1] returns group-8992BE07B501:java.util.concurrent.CompletableFuture@42c5aab7[Not completed]
2021-08-26 18:40:49,961 [pool-516-thread-1] INFO  server.RaftServer$Division (RaftServerImpl.java:<init>(181)) - feac8f5a-1b39-4e45-882b-39b2a71e70b7: new RaftServerImpl for group-8992BE07B501:[feac8f5a-1b39-4e45-882b-39b2a71e70b7|rpc:10.1.0.63:43083|dataStream:|priority:0, 87f05fb4-46b8-4bb5-a197-7bc4b26914eb|rpc:10.1.0.63:44187|dataStream:|priority:0, 7a21a715-39a0-4b71-a267-c33797e0d730|rpc:10.1.0.63:34101|dataStream:|priority:1] with ContainerStateMachine:uninitialized
2021-08-26 18:40:49,961 [pool-516-thread-1] INFO  server.RaftServerConfigKeys (ConfUtils.java:logGet(44)) - raft.server.rpc.timeout.min = 5s (custom)
2021-08-26 18:40:49,961 [pool-516-thread-1] INFO  server.RaftServerConfigKeys (ConfUtils.java:logGet(44)) - raft.server.rpc.timeout.max = 5200ms (custom)
2021-08-26 18:40:49,961 [pool-516-thread-1] INFO  server.RaftServerConfigKeys (ConfUtils.java:logGet(44)) - raft.server.rpc.sleep.time = 25ms (default)
2021-08-26 18:40:49,961 [pool-516-thread-1] INFO  server.RaftServerConfigKeys (ConfUtils.java:logGet(44)) - raft.server.rpc.slowness.timeout = 300000ms (custom)
2021-08-26 18:40:49,961 [pool-516-thread-1] INFO  server.RaftServerConfigKeys (ConfUtils.java:logGet(44)) - raft.server.leaderelection.leader.step-down.wait-time = 10s (default)
2021-08-26 18:40:49,961 [pool-516-thread-1] INFO  server.RaftServerConfigKeys (ConfUtils.java:logGet(44)) - raft.server.sleep.deviation.threshold = 300ms (default)
2021-08-26 18:40:49,961 [pool-516-thread-1] INFO  server.RaftServerConfigKeys (ConfUtils.java:logGet(44)) - raft.server.log.appender.install.snapshot.enabled = false (custom)
2021-08-26 18:40:49,961 [pool-516-thread-1] INFO  server.RaftServer$Division (ServerState.java:<init>(105)) - feac8f5a-1b39-4e45-882b-39b2a71e70b7@group-8992BE07B501: ConfigurationManager, init=-1: [feac8f5a-1b39-4e45-882b-39b2a71e70b7|rpc:10.1.0.63:43083|dataStream:|priority:0, 87f05fb4-46b8-4bb5-a197-7bc4b26914eb|rpc:10.1.0.63:44187|dataStream:|priority:0, 7a21a715-39a0-4b71-a267-c33797e0d730|rpc:10.1.0.63:34101|dataStream:|priority:1], old=null, confs=<EMPTY_MAP>
2021-08-26 18:40:49,961 [pool-516-thread-1] INFO  server.RaftServerConfigKeys (ConfUtils.java:logGet(44)) - raft.server.storage.dir = [/home/runner/work/ozone/ozone/hadoop-ozone/integration-test/target/test-dir/MiniOzoneClusterImpl-7287d2d4-454f-4da5-bbdc-7dc3b2fb158b/datanode-1/data/ratis] (custom)
2021-08-26 18:40:49,961 [pool-516-thread-1] INFO  server.RaftServerConfigKeys (ConfUtils.java:logGet(44)) - raft.server.log.corruption.policy = EXCEPTION (default)
2021-08-26 18:40:49,961 [pool-516-thread-1] INFO  server.RaftServerConfigKeys (ConfUtils.java:logGet(44)) - raft.server.storage.free-space.min = 0MB (=0) (default)
2021-08-26 18:40:49,962 [pool-516-thread-1] INFO  storage.RaftStorageDirectory (RaftStorageDirectoryImpl.java:analyzeStorage(135)) - The storage directory /home/runner/work/ozone/ozone/hadoop-ozone/integration-test/target/test-dir/MiniOzoneClusterImpl-7287d2d4-454f-4da5-bbdc-7dc3b2fb158b/datanode-1/data/ratis/19e69daf-7bb9-4b43-a26e-8992be07b501 does not exist. Creating ...
2021-08-26 18:40:49,967 [pool-663-thread-1] INFO  ratis.ContainerStateMachine (ContainerStateMachine.java:loadSnapshot(224)) - group-AD9EB289532E: The snapshot info is null. Setting the last applied indexto:(t:0, i:~)
2021-08-26 18:40:49,975 [pool-663-thread-1] INFO  server.RaftServerConfigKeys (ConfUtils.java:logGet(44)) - raft.server.notification.no-leader.timeout = 300000ms (custom)
2021-08-26 18:40:49,975 [Datanode State Machine Thread - 0] WARN  statemachine.StateContext (StateContext.java:execute(621)) - No available thread in pool for past 1 seconds.
2021-08-26 18:40:49,975 [pool-663-thread-1] INFO  server.RaftServerConfigKeys (ConfUtils.java:logGet(44)) - raft.server.log.use.memory = false (default)
2021-08-26 18:40:49,975 [pool-663-thread-1] INFO  server.RaftServerConfigKeys (ConfUtils.java:logGet(44)) - raft.server.log.purge.gap = 1000000 (custom)
2021-08-26 18:40:49,975 [pool-663-thread-1] INFO  server.RaftServerConfigKeys (ConfUtils.java:logGet(44)) - raft.server.log.appender.buffer.byte-limit = 33554432 (custom)
2021-08-26 18:40:49,975 [pool-663-thread-1] INFO  server.RaftServerConfigKeys (ConfUtils.java:logGet(44)) - raft.server.log.segment.size.max = 1048576 (custom)
2021-08-26 18:40:49,976 [pool-663-thread-1] INFO  server.RaftServerConfigKeys (ConfUtils.java:logGet(44)) - raft.server.log.segment.cache.num.max = 2 (custom)
2021-08-26 18:40:49,976 [pool-663-thread-1] INFO  server.RaftServerConfigKeys (ConfUtils.java:logGet(44)) - raft.server.log.segment.cache.size.max = 200MB (=209715200) (default)
2021-08-26 18:40:49,976 [pool-663-thread-1] INFO  segmented.SegmentedRaftLogWorker (SegmentedRaftLogWorker.java:<init>(182)) - new b0d4646c-0fcd-42fc-b255-eb3c3c8c3636@group-AD9EB289532E-SegmentedRaftLogWorker for RaftStorageImpl:Storage Directory /home/runner/work/ozone/ozone/hadoop-ozone/integration-test/target/test-dir/MiniOzoneClusterImpl-7287d2d4-454f-4da5-bbdc-7dc3b2fb158b/datanode-0/data/ratis/5100cf8f-650e-40b2-b565-ad9eb289532e
2021-08-26 18:40:49,976 [pool-663-thread-1] INFO  server.RaftServerConfigKeys (ConfUtils.java:logGet(44)) - raft.server.log.queue.byte-limit = 2147483647 (custom)
2021-08-26 18:40:49,976 [pool-663-thread-1] INFO  server.RaftServerConfigKeys (ConfUtils.java:logGet(44)) - raft.server.log.queue.element-limit = 1024 (custom)
2021-08-26 18:40:49,976 [pool-663-thread-1] INFO  server.RaftServerConfigKeys (ConfUtils.java:logGet(44)) - raft.server.log.segment.size.max = 1048576 (custom)
2021-08-26 18:40:49,976 [pool-663-thread-1] INFO  server.RaftServerConfigKeys (ConfUtils.java:logGet(44)) - raft.server.log.preallocated.size = 16384 (custom)
2021-08-26 18:40:49,976 [pool-663-thread-1] INFO  server.RaftServerConfigKeys (ConfUtils.java:logGet(44)) - raft.server.log.force.sync.num = 128 (default)
2021-08-26 18:40:49,976 [pool-663-thread-1] INFO  server.RaftServerConfigKeys (ConfUtils.java:logGet(44)) - raft.server.log.statemachine.data.sync = true (default)
2021-08-26 18:40:49,976 [pool-663-thread-1] INFO  server.RaftServerConfigKeys (ConfUtils.java:logGet(44)) - raft.server.log.statemachine.data.sync.timeout = 10s (default)
2021-08-26 18:40:49,976 [pool-663-thread-1] INFO  server.RaftServerConfigKeys (ConfUtils.java:logGet(44)) - raft.server.log.statemachine.data.sync.timeout.retry = -1 (default)
2021-08-26 18:40:49,978 [pool-663-thread-1] INFO  server.RaftServerConfigKeys (ConfUtils.java:logGet(44)) - raft.server.log.write.buffer.size = 1048576 (custom)
2021-08-26 18:40:49,979 [pool-663-thread-1] INFO  server.RaftServerConfigKeys (ConfUtils.java:logGet(44)) - raft.server.log.statemachine.data.caching.enabled = true (custom)
2021-08-26 18:40:49,979 [pool-663-thread-1] INFO  segmented.SegmentedRaftLogWorker (SegmentedRaftLogWorker.java:lambda$new$0(133)) - b0d4646c-0fcd-42fc-b255-eb3c3c8c3636@group-AD9EB289532E-SegmentedRaftLogWorker: flushIndex: setUnconditionally 0 -> -1
2021-08-26 18:40:49,979 [pool-663-thread-1] INFO  segmented.SegmentedRaftLogWorker (SegmentedRaftLogWorker.java:lambda$new$0(133)) - b0d4646c-0fcd-42fc-b255-eb3c3c8c3636@group-AD9EB289532E-SegmentedRaftLogWorker: safeCacheEvictIndex: setUnconditionally 0 -> -1
2021-08-26 18:40:49,979 [pool-663-thread-1] INFO  server.RaftServerConfigKeys (ConfUtils.java:logGet(44)) - raft.server.snapshot.auto.trigger.enabled = true (custom)
2021-08-26 18:40:49,979 [pool-663-thread-1] INFO  server.RaftServerConfigKeys (ConfUtils.java:logGet(44)) - raft.server.snapshot.auto.trigger.threshold = 10000 (custom)
2021-08-26 18:40:49,980 [pool-663-thread-1] INFO  server.RaftServerConfigKeys (ConfUtils.java:logGet(44)) - raft.server.snapshot.retention.file.num = 5 (custom)
2021-08-26 18:40:49,980 [pool-663-thread-1] INFO  server.RaftServerConfigKeys (ConfUtils.java:logGet(44)) - raft.server.log.purge.upto.snapshot.index = false (default)
2021-08-26 18:40:49,980 [pool-663-thread-1] INFO  server.RaftServerConfigKeys (ConfUtils.java:logGet(44)) - raft.server.retrycache.expirytime = 600000ms (custom)
2021-08-26 18:40:49,980 [pool-663-thread-1] INFO  server.RaftServerConfigKeys (ConfUtils.java:logGet(44)) - raft.server.retrycache.statistics.expirytime = 100μs (default)
2021-08-26 18:40:49,981 [pool-663-thread-1] INFO  server.RaftServer$Division (RaftServerImpl.java:start(296)) - b0d4646c-0fcd-42fc-b255-eb3c3c8c3636@group-AD9EB289532E: start as a follower, conf=-1: [feac8f5a-1b39-4e45-882b-39b2a71e70b7|rpc:10.1.0.63:43083|priority:0, 87f05fb4-46b8-4bb5-a197-7bc4b26914eb|rpc:10.1.0.63:44187|priority:1, b0d4646c-0fcd-42fc-b255-eb3c3c8c3636|rpc:10.1.0.63:45237|priority:0], old=null
2021-08-26 18:40:49,981 [pool-663-thread-1] INFO  server.RaftServer$Division (RaftServerImpl.java:setRole(285)) - b0d4646c-0fcd-42fc-b255-eb3c3c8c3636@group-AD9EB289532E: changes role from      null to FOLLOWER at term 0 for startAsFollower
2021-08-26 18:40:49,981 [pool-663-thread-1] INFO  impl.RoleInfo (RoleInfo.java:updateAndGet(130)) - b0d4646c-0fcd-42fc-b255-eb3c3c8c3636: start b0d4646c-0fcd-42fc-b255-eb3c3c8c3636@group-AD9EB289532E-FollowerState
2021-08-26 18:40:49,981 [pool-663-thread-1] INFO  util.JmxRegister (JmxRegister.java:tryRegister(44)) - Successfully registered JMX Bean with object name Ratis:service=RaftServer,group=group-AD9EB289532E,id=b0d4646c-0fcd-42fc-b255-eb3c3c8c3636
2021-08-26 18:40:49,985 [Command processor thread] INFO  ratis.XceiverServerRatis (XceiverServerRatis.java:addGroup(763)) - Created group PipelineID=5100cf8f-650e-40b2-b565-ad9eb289532e
2021-08-26 18:40:49,988 [pool-516-thread-1] INFO  storage.RaftStorageDirectory (RaftStorageDirectoryImpl.java:tryLock(230)) - Lock on /home/runner/work/ozone/ozone/hadoop-ozone/integration-test/target/test-dir/MiniOzoneClusterImpl-7287d2d4-454f-4da5-bbdc-7dc3b2fb158b/datanode-1/data/ratis/19e69daf-7bb9-4b43-a26e-8992be07b501/in_use.lock acquired by nodename 22608@fv-az184-233
2021-08-26 18:40:49,990 [grpc-default-executor-1] INFO  server.RaftServer (RaftServerProxy.java:addNew(95)) - feac8f5a-1b39-4e45-882b-39b2a71e70b7: addNew group-AD9EB289532E:[feac8f5a-1b39-4e45-882b-39b2a71e70b7|rpc:10.1.0.63:43083|dataStream:|priority:0, 87f05fb4-46b8-4bb5-a197-7bc4b26914eb|rpc:10.1.0.63:44187|dataStream:|priority:1, b0d4646c-0fcd-42fc-b255-eb3c3c8c3636|rpc:10.1.0.63:45237|dataStream:|priority:0] returns group-AD9EB289532E:java.util.concurrent.CompletableFuture@fe4f1a7[Not completed]
2021-08-26 18:40:49,996 [Listener at 127.0.0.1/40319] INFO  impl.StateMachineUpdater (StateMachineUpdater.java:stopAndJoin(149)) - om1@group-C5BA1605619E-StateMachineUpdater: set stopIndex = 10
2021-08-26 18:40:49,997 [om1@group-C5BA1605619E-StateMachineUpdater] INFO  ratis.OzoneManagerStateMachine (OzoneManagerStateMachine.java:takeSnapshot(417)) - Current Snapshot Index (t:1, i:10)
2021-08-26 18:40:49,997 [om1@group-C5BA1605619E-StateMachineUpdater] INFO  impl.StateMachineUpdater (StateMachineUpdater.java:takeSnapshot(281)) - om1@group-C5BA1605619E-StateMachineUpdater: Took a snapshot at index 10
2021-08-26 18:40:49,997 [om1@group-C5BA1605619E-StateMachineUpdater] INFO  impl.StateMachineUpdater (StateMachineUpdater.java:lambda$new$0(89)) - om1@group-C5BA1605619E-StateMachineUpdater: snapshotIndex: updateIncreasingly -1 -> 10
2021-08-26 18:40:49,997 [om1@group-C5BA1605619E-StateMachineUpdater] INFO  ratis.OzoneManagerStateMachine (OzoneManagerStateMachine.java:close(471)) - StateMachine has shutdown. Shutdown OzoneManager if not already shutdown.
2021-08-26 18:40:49,997 [Listener at 127.0.0.1/40319] INFO  server.RaftServer$Division (ServerState.java:close(419)) - om1@group-C5BA1605619E: closes. applyIndex: 10
2021-08-26 18:40:49,997 [om1@group-C5BA1605619E-SegmentedRaftLogWorker] INFO  segmented.SegmentedRaftLogWorker (SegmentedRaftLogWorker.java:run(327)) - om1@group-C5BA1605619E-SegmentedRaftLogWorker was interrupted, exiting. There are 0 tasks remaining in the queue.
2021-08-26 18:40:49,998 [Listener at 127.0.0.1/40319] INFO  segmented.SegmentedRaftLogWorker (SegmentedRaftLogWorker.java:close(237)) - om1@group-C5BA1605619E-SegmentedRaftLogWorker close()
2021-08-26 18:40:50,001 [Listener at 127.0.0.1/40319] INFO  server.GrpcService (GrpcService.java:closeImpl(262)) - om1: shutdown server with port 9872 now
2021-08-26 18:40:50,001 [Listener at 127.0.0.1/40319] INFO  server.GrpcService (GrpcService.java:closeImpl(271)) - om1: shutdown server with port 9872 successfully
2021-08-26 18:40:50,001 [org.apache.ratis.util.JvmPauseMonitor$$Lambda$531/1778678572@48517ddc] INFO  util.JvmPauseMonitor (JvmPauseMonitor.java:run(109)) - JvmPauseMonitor-om1: Stopped
2021-08-26 18:40:50,002 [Listener at 127.0.0.1/40319] INFO  ratis.OzoneManagerDoubleBuffer (OzoneManagerDoubleBuffer.java:stop(437)) - Stopping OMDoubleBuffer flush thread
2021-08-26 18:40:50,002 [OMDoubleBufferFlushThread] INFO  ratis.OzoneManagerDoubleBuffer (OzoneManagerDoubleBuffer.java:flushTransactions(356)) - OMDoubleBuffer flush thread OMDoubleBufferFlushThread is interrupted and will exit. OMDoubleBufferFlushThread
2021-08-26 18:40:50,002 [Listener at 127.0.0.1/40319] INFO  utils.BackgroundService (BackgroundService.java:shutdown(132)) - Shutting down service KeyDeletingService
2021-08-26 18:40:50,003 [Listener at 127.0.0.1/40319] INFO  handler.ContextHandler (ContextHandler.java:doStop(1153)) - Stopped o.e.j.w.WebAppContext@75cc0bf1{ozoneManager,/,null,STOPPED}{file:/home/runner/work/ozone/ozone/hadoop-ozone/integration-test/target/test-classes/webapps/ozoneManager}
2021-08-26 18:40:50,008 [pool-516-thread-1] INFO  storage.RaftStorage (RaftStorageImpl.java:format(89)) - Storage directory /home/runner/work/ozone/ozone/hadoop-ozone/integration-test/target/test-dir/MiniOzoneClusterImpl-7287d2d4-454f-4da5-bbdc-7dc3b2fb158b/datanode-1/data/ratis/19e69daf-7bb9-4b43-a26e-8992be07b501 has been successfully formatted.
2021-08-26 18:40:50,008 [pool-516-thread-1] INFO  ratis.ContainerStateMachine (ContainerStateMachine.java:loadSnapshot(224)) - group-8992BE07B501: The snapshot info is null. Setting the last applied indexto:(t:0, i:~)
2021-08-26 18:40:50,008 [pool-516-thread-1] INFO  server.RaftServerConfigKeys (ConfUtils.java:logGet(44)) - raft.server.notification.no-leader.timeout = 300000ms (custom)
2021-08-26 18:40:50,008 [pool-516-thread-1] INFO  server.RaftServerConfigKeys (ConfUtils.java:logGet(44)) - raft.server.log.use.memory = false (default)
2021-08-26 18:40:50,008 [pool-516-thread-1] INFO  server.RaftServerConfigKeys (ConfUtils.java:logGet(44)) - raft.server.log.purge.gap = 1000000 (custom)
2021-08-26 18:40:50,008 [pool-516-thread-1] INFO  server.RaftServerConfigKeys (ConfUtils.java:logGet(44)) - raft.server.log.appender.buffer.byte-limit = 33554432 (custom)
2021-08-26 18:40:50,009 [pool-516-thread-1] INFO  server.RaftServerConfigKeys (ConfUtils.java:logGet(44)) - raft.server.log.segment.size.max = 1048576 (custom)
2021-08-26 18:40:50,009 [pool-516-thread-1] INFO  server.RaftServerConfigKeys (ConfUtils.java:logGet(44)) - raft.server.log.segment.cache.num.max = 2 (custom)
2021-08-26 18:40:50,009 [pool-516-thread-1] INFO  server.RaftServerConfigKeys (ConfUtils.java:logGet(44)) - raft.server.log.segment.cache.size.max = 200MB (=209715200) (default)
2021-08-26 18:40:50,009 [pool-516-thread-1] INFO  segmented.SegmentedRaftLogWorker (SegmentedRaftLogWorker.java:<init>(182)) - new feac8f5a-1b39-4e45-882b-39b2a71e70b7@group-8992BE07B501-SegmentedRaftLogWorker for RaftStorageImpl:Storage Directory /home/runner/work/ozone/ozone/hadoop-ozone/integration-test/target/test-dir/MiniOzoneClusterImpl-7287d2d4-454f-4da5-bbdc-7dc3b2fb158b/datanode-1/data/ratis/19e69daf-7bb9-4b43-a26e-8992be07b501
2021-08-26 18:40:50,009 [pool-516-thread-1] INFO  server.RaftServerConfigKeys (ConfUtils.java:logGet(44)) - raft.server.log.queue.byte-limit = 2147483647 (custom)
2021-08-26 18:40:50,009 [pool-516-thread-1] INFO  server.RaftServerConfigKeys (ConfUtils.java:logGet(44)) - raft.server.log.queue.element-limit = 1024 (custom)
2021-08-26 18:40:50,009 [pool-516-thread-1] INFO  server.RaftServerConfigKeys (ConfUtils.java:logGet(44)) - raft.server.log.segment.size.max = 1048576 (custom)
2021-08-26 18:40:50,009 [pool-516-thread-1] INFO  server.RaftServerConfigKeys (ConfUtils.java:logGet(44)) - raft.server.log.preallocated.size = 16384 (custom)
2021-08-26 18:40:50,009 [pool-516-thread-1] INFO  server.RaftServerConfigKeys (ConfUtils.java:logGet(44)) - raft.server.log.force.sync.num = 128 (default)
2021-08-26 18:40:50,009 [pool-516-thread-1] INFO  server.RaftServerConfigKeys (ConfUtils.java:logGet(44)) - raft.server.log.statemachine.data.sync = true (default)
2021-08-26 18:40:50,009 [pool-516-thread-1] INFO  server.RaftServerConfigKeys (ConfUtils.java:logGet(44)) - raft.server.log.statemachine.data.sync.timeout = 10s (default)
2021-08-26 18:40:50,009 [pool-516-thread-1] INFO  server.RaftServerConfigKeys (ConfUtils.java:logGet(44)) - raft.server.log.statemachine.data.sync.timeout.retry = -1 (default)
2021-08-26 18:40:50,010 [Datanode State Machine Thread - 0] WARN  statemachine.StateContext (StateContext.java:execute(621)) - No available thread in pool for past 1 seconds.
2021-08-26 18:40:50,011 [Listener at 127.0.0.1/40319] INFO  server.AbstractConnector (AbstractConnector.java:doStop(381)) - Stopped ServerConnector@a01414{HTTP/1.1, (http/1.1)}{0.0.0.0:0}
2021-08-26 18:40:50,011 [Listener at 127.0.0.1/40319] INFO  server.session (HouseKeeper.java:stopScavenging(149)) - node0 Stopped scavenging
2021-08-26 18:40:50,012 [Listener at 127.0.0.1/40319] INFO  handler.ContextHandler (ContextHandler.java:doStop(1153)) - Stopped o.e.j.s.ServletContextHandler@44024b0d{static,/static,file:///home/runner/work/ozone/ozone/hadoop-ozone/integration-test/target/test-classes/webapps/static,STOPPED}
2021-08-26 18:40:50,012 [Listener at 127.0.0.1/40319] INFO  handler.ContextHandler (ContextHandler.java:doStop(1153)) - Stopped o.e.j.s.ServletContextHandler@66c76083{logs,/logs,file:///home/runner/work/ozone/ozone/hadoop-ozone/integration-test/target/log,STOPPED}
2021-08-26 18:40:50,023 [pool-516-thread-1] INFO  server.RaftServerConfigKeys (ConfUtils.java:logGet(44)) - raft.server.log.write.buffer.size = 1048576 (custom)
2021-08-26 18:40:50,023 [pool-516-thread-1] INFO  server.RaftServerConfigKeys (ConfUtils.java:logGet(44)) - raft.server.log.statemachine.data.caching.enabled = true (custom)
2021-08-26 18:40:50,027 [pool-516-thread-1] INFO  segmented.SegmentedRaftLogWorker (SegmentedRaftLogWorker.java:lambda$new$0(133)) - feac8f5a-1b39-4e45-882b-39b2a71e70b7@group-8992BE07B501-SegmentedRaftLogWorker: flushIndex: setUnconditionally 0 -> -1
2021-08-26 18:40:50,027 [pool-516-thread-1] INFO  segmented.SegmentedRaftLogWorker (SegmentedRaftLogWorker.java:lambda$new$0(133)) - feac8f5a-1b39-4e45-882b-39b2a71e70b7@group-8992BE07B501-SegmentedRaftLogWorker: safeCacheEvictIndex: setUnconditionally 0 -> -1
2021-08-26 18:40:50,037 [pool-516-thread-1] INFO  server.RaftServerConfigKeys (ConfUtils.java:logGet(44)) - raft.server.snapshot.auto.trigger.enabled = true (custom)
2021-08-26 18:40:50,037 [pool-516-thread-1] INFO  server.RaftServerConfigKeys (ConfUtils.java:logGet(44)) - raft.server.snapshot.auto.trigger.threshold = 10000 (custom)
2021-08-26 18:40:50,037 [pool-516-thread-1] INFO  server.RaftServerConfigKeys (ConfUtils.java:logGet(44)) - raft.server.snapshot.retention.file.num = 5 (custom)
2021-08-26 18:40:50,037 [pool-516-thread-1] INFO  server.RaftServerConfigKeys (ConfUtils.java:logGet(44)) - raft.server.log.purge.upto.snapshot.index = false (default)
2021-08-26 18:40:50,037 [pool-516-thread-1] INFO  server.RaftServerConfigKeys (ConfUtils.java:logGet(44)) - raft.server.retrycache.expirytime = 600000ms (custom)
2021-08-26 18:40:50,037 [pool-516-thread-1] INFO  server.RaftServerConfigKeys (ConfUtils.java:logGet(44)) - raft.server.retrycache.statistics.expirytime = 100μs (default)
2021-08-26 18:40:50,039 [pool-516-thread-1] INFO  server.RaftServer$Division (RaftServerImpl.java:<init>(181)) - feac8f5a-1b39-4e45-882b-39b2a71e70b7: new RaftServerImpl for group-AD9EB289532E:[feac8f5a-1b39-4e45-882b-39b2a71e70b7|rpc:10.1.0.63:43083|dataStream:|priority:0, 87f05fb4-46b8-4bb5-a197-7bc4b26914eb|rpc:10.1.0.63:44187|dataStream:|priority:1, b0d4646c-0fcd-42fc-b255-eb3c3c8c3636|rpc:10.1.0.63:45237|dataStream:|priority:0] with ContainerStateMachine:uninitialized
2021-08-26 18:40:50,046 [pool-516-thread-1] INFO  server.RaftServerConfigKeys (ConfUtils.java:logGet(44)) - raft.server.rpc.timeout.min = 5s (custom)
2021-08-26 18:40:50,079 [pool-516-thread-1] INFO  server.RaftServerConfigKeys (ConfUtils.java:logGet(44)) - raft.server.rpc.timeout.max = 5200ms (custom)
2021-08-26 18:40:50,079 [pool-516-thread-1] INFO  server.RaftServerConfigKeys (ConfUtils.java:logGet(44)) - raft.server.rpc.sleep.time = 25ms (default)
2021-08-26 18:40:50,079 [pool-516-thread-1] INFO  server.RaftServerConfigKeys (ConfUtils.java:logGet(44)) - raft.server.rpc.slowness.timeout = 300000ms (custom)
2021-08-26 18:40:50,079 [pool-516-thread-1] INFO  server.RaftServerConfigKeys (ConfUtils.java:logGet(44)) - raft.server.leaderelection.leader.step-down.wait-time = 10s (default)
2021-08-26 18:40:50,079 [pool-516-thread-1] INFO  server.RaftServerConfigKeys (ConfUtils.java:logGet(44)) - raft.server.sleep.deviation.threshold = 300ms (default)
2021-08-26 18:40:50,079 [pool-516-thread-1] INFO  server.RaftServerConfigKeys (ConfUtils.java:logGet(44)) - raft.server.log.appender.install.snapshot.enabled = false (custom)
2021-08-26 18:40:50,079 [pool-516-thread-1] INFO  server.RaftServer$Division (ServerState.java:<init>(105)) - feac8f5a-1b39-4e45-882b-39b2a71e70b7@group-AD9EB289532E: ConfigurationManager, init=-1: [feac8f5a-1b39-4e45-882b-39b2a71e70b7|rpc:10.1.0.63:43083|dataStream:|priority:0, 87f05fb4-46b8-4bb5-a197-7bc4b26914eb|rpc:10.1.0.63:44187|dataStream:|priority:1, b0d4646c-0fcd-42fc-b255-eb3c3c8c3636|rpc:10.1.0.63:45237|dataStream:|priority:0], old=null, confs=<EMPTY_MAP>
2021-08-26 18:40:50,079 [pool-516-thread-1] INFO  server.RaftServerConfigKeys (ConfUtils.java:logGet(44)) - raft.server.storage.dir = [/home/runner/work/ozone/ozone/hadoop-ozone/integration-test/target/test-dir/MiniOzoneClusterImpl-7287d2d4-454f-4da5-bbdc-7dc3b2fb158b/datanode-1/data/ratis] (custom)
2021-08-26 18:40:50,079 [pool-516-thread-1] INFO  server.RaftServerConfigKeys (ConfUtils.java:logGet(44)) - raft.server.log.corruption.policy = EXCEPTION (default)
2021-08-26 18:40:50,079 [pool-516-thread-1] INFO  server.RaftServerConfigKeys (ConfUtils.java:logGet(44)) - raft.server.storage.free-space.min = 0MB (=0) (default)
2021-08-26 18:40:50,079 [pool-516-thread-1] INFO  storage.RaftStorageDirectory (RaftStorageDirectoryImpl.java:analyzeStorage(135)) - The storage directory /home/runner/work/ozone/ozone/hadoop-ozone/integration-test/target/test-dir/MiniOzoneClusterImpl-7287d2d4-454f-4da5-bbdc-7dc3b2fb158b/datanode-1/data/ratis/5100cf8f-650e-40b2-b565-ad9eb289532e does not exist. Creating ...
2021-08-26 18:40:50,057 [Listener at 127.0.0.1/40319] INFO  ozone.MiniOzoneClusterImpl (MiniOzoneClusterImpl.java:stopDatanodes(527)) - Stopping the HddsDatanodes
2021-08-26 18:40:50,098 [pool-516-thread-1] INFO  storage.RaftStorageDirectory (RaftStorageDirectoryImpl.java:tryLock(230)) - Lock on /home/runner/work/ozone/ozone/hadoop-ozone/integration-test/target/test-dir/MiniOzoneClusterImpl-7287d2d4-454f-4da5-bbdc-7dc3b2fb158b/datanode-1/data/ratis/5100cf8f-650e-40b2-b565-ad9eb289532e/in_use.lock acquired by nodename 22608@fv-az184-233
2021-08-26 18:40:50,127 [pool-516-thread-1] INFO  storage.RaftStorage (RaftStorageImpl.java:format(89)) - Storage directory /home/runner/work/ozone/ozone/hadoop-ozone/integration-test/target/test-dir/MiniOzoneClusterImpl-7287d2d4-454f-4da5-bbdc-7dc3b2fb158b/datanode-1/data/ratis/5100cf8f-650e-40b2-b565-ad9eb289532e has been successfully formatted.
2021-08-26 18:40:50,127 [pool-516-thread-1] INFO  ratis.ContainerStateMachine (ContainerStateMachine.java:loadSnapshot(224)) - group-AD9EB289532E: The snapshot info is null. Setting the last applied indexto:(t:0, i:~)
2021-08-26 18:40:50,128 [pool-516-thread-1] INFO  server.RaftServerConfigKeys (ConfUtils.java:logGet(44)) - raft.server.notification.no-leader.timeout = 300000ms (custom)
2021-08-26 18:40:50,128 [pool-516-thread-1] INFO  server.RaftServerConfigKeys (ConfUtils.java:logGet(44)) - raft.server.log.use.memory = false (default)
2021-08-26 18:40:50,128 [pool-516-thread-1] INFO  server.RaftServerConfigKeys (ConfUtils.java:logGet(44)) - raft.server.log.purge.gap = 1000000 (custom)
2021-08-26 18:40:50,128 [pool-516-thread-1] INFO  server.RaftServerConfigKeys (ConfUtils.java:logGet(44)) - raft.server.log.appender.buffer.byte-limit = 33554432 (custom)
2021-08-26 18:40:50,128 [pool-516-thread-1] INFO  server.RaftServerConfigKeys (ConfUtils.java:logGet(44)) - raft.server.log.segment.size.max = 1048576 (custom)
2021-08-26 18:40:50,128 [pool-516-thread-1] INFO  server.RaftServerConfigKeys (ConfUtils.java:logGet(44)) - raft.server.log.segment.cache.num.max = 2 (custom)
2021-08-26 18:40:50,129 [pool-516-thread-1] INFO  server.RaftServerConfigKeys (ConfUtils.java:logGet(44)) - raft.server.log.segment.cache.size.max = 200MB (=209715200) (default)
2021-08-26 18:40:50,129 [pool-516-thread-1] INFO  segmented.SegmentedRaftLogWorker (SegmentedRaftLogWorker.java:<init>(182)) - new feac8f5a-1b39-4e45-882b-39b2a71e70b7@group-AD9EB289532E-SegmentedRaftLogWorker for RaftStorageImpl:Storage Directory /home/runner/work/ozone/ozone/hadoop-ozone/integration-test/target/test-dir/MiniOzoneClusterImpl-7287d2d4-454f-4da5-bbdc-7dc3b2fb158b/datanode-1/data/ratis/5100cf8f-650e-40b2-b565-ad9eb289532e
2021-08-26 18:40:50,129 [pool-516-thread-1] INFO  server.RaftServerConfigKeys (ConfUtils.java:logGet(44)) - raft.server.log.queue.byte-limit = 2147483647 (custom)
2021-08-26 18:40:50,129 [pool-516-thread-1] INFO  server.RaftServerConfigKeys (ConfUtils.java:logGet(44)) - raft.server.log.queue.element-limit = 1024 (custom)
2021-08-26 18:40:50,129 [pool-516-thread-1] INFO  server.RaftServerConfigKeys (ConfUtils.java:logGet(44)) - raft.server.log.segment.size.max = 1048576 (custom)
2021-08-26 18:40:50,129 [pool-516-thread-1] INFO  server.RaftServerConfigKeys (ConfUtils.java:logGet(44)) - raft.server.log.preallocated.size = 16384 (custom)
2021-08-26 18:40:50,129 [pool-516-thread-1] INFO  server.RaftServerConfigKeys (ConfUtils.java:logGet(44)) - raft.server.log.force.sync.num = 128 (default)
2021-08-26 18:40:50,129 [pool-516-thread-1] INFO  server.RaftServerConfigKeys (ConfUtils.java:logGet(44)) - raft.server.log.statemachine.data.sync = true (default)
2021-08-26 18:40:50,129 [pool-516-thread-1] INFO  server.RaftServerConfigKeys (ConfUtils.java:logGet(44)) - raft.server.log.statemachine.data.sync.timeout = 10s (default)
2021-08-26 18:40:50,129 [pool-516-thread-1] INFO  server.RaftServerConfigKeys (ConfUtils.java:logGet(44)) - raft.server.log.statemachine.data.sync.timeout.retry = -1 (default)
2021-08-26 18:40:50,130 [pool-516-thread-1] INFO  server.RaftServerConfigKeys (ConfUtils.java:logGet(44)) - raft.server.log.write.buffer.size = 1048576 (custom)
2021-08-26 18:40:50,131 [pool-516-thread-1] INFO  server.RaftServerConfigKeys (ConfUtils.java:logGet(44)) - raft.server.log.statemachine.data.caching.enabled = true (custom)
2021-08-26 18:40:50,131 [pool-516-thread-1] INFO  segmented.SegmentedRaftLogWorker (SegmentedRaftLogWorker.java:lambda$new$0(133)) - feac8f5a-1b39-4e45-882b-39b2a71e70b7@group-AD9EB289532E-SegmentedRaftLogWorker: flushIndex: setUnconditionally 0 -> -1
2021-08-26 18:40:50,131 [Datanode State Machine Thread - 0] INFO  statemachine.DatanodeStateMachine (DatanodeStateMachine.java:lambda$startDaemon$0(457)) - Ozone container server started.
2021-08-26 18:40:50,140 [pool-516-thread-1] INFO  segmented.SegmentedRaftLogWorker (SegmentedRaftLogWorker.java:lambda$new$0(133)) - feac8f5a-1b39-4e45-882b-39b2a71e70b7@group-AD9EB289532E-SegmentedRaftLogWorker: safeCacheEvictIndex: setUnconditionally 0 -> -1
2021-08-26 18:40:50,143 [pool-516-thread-1] INFO  server.RaftServerConfigKeys (ConfUtils.java:logGet(44)) - raft.server.snapshot.auto.trigger.enabled = true (custom)
2021-08-26 18:40:50,143 [pool-516-thread-1] INFO  server.RaftServerConfigKeys (ConfUtils.java:logGet(44)) - raft.server.snapshot.auto.trigger.threshold = 10000 (custom)
2021-08-26 18:40:50,143 [pool-516-thread-1] INFO  server.RaftServerConfigKeys (ConfUtils.java:logGet(44)) - raft.server.snapshot.retention.file.num = 5 (custom)
2021-08-26 18:40:50,143 [pool-516-thread-1] INFO  server.RaftServerConfigKeys (ConfUtils.java:logGet(44)) - raft.server.log.purge.upto.snapshot.index = false (default)
2021-08-26 18:40:50,144 [pool-516-thread-1] INFO  server.RaftServerConfigKeys (ConfUtils.java:logGet(44)) - raft.server.retrycache.expirytime = 600000ms (custom)
2021-08-26 18:40:50,144 [pool-516-thread-1] INFO  server.RaftServerConfigKeys (ConfUtils.java:logGet(44)) - raft.server.retrycache.statistics.expirytime = 100μs (default)
2021-08-26 18:40:50,145 [pool-516-thread-1] INFO  server.RaftServer$Division (RaftServerImpl.java:start(296)) - feac8f5a-1b39-4e45-882b-39b2a71e70b7@group-8992BE07B501: start as a follower, conf=-1: [feac8f5a-1b39-4e45-882b-39b2a71e70b7|rpc:10.1.0.63:43083|dataStream:|priority:0, 87f05fb4-46b8-4bb5-a197-7bc4b26914eb|rpc:10.1.0.63:44187|dataStream:|priority:0, 7a21a715-39a0-4b71-a267-c33797e0d730|rpc:10.1.0.63:34101|dataStream:|priority:1], old=null
2021-08-26 18:40:50,145 [pool-516-thread-1] INFO  server.RaftServer$Division (RaftServerImpl.java:setRole(285)) - feac8f5a-1b39-4e45-882b-39b2a71e70b7@group-8992BE07B501: changes role from      null to FOLLOWER at term 0 for startAsFollower
2021-08-26 18:40:50,145 [pool-516-thread-1] INFO  impl.RoleInfo (RoleInfo.java:updateAndGet(130)) - feac8f5a-1b39-4e45-882b-39b2a71e70b7: start feac8f5a-1b39-4e45-882b-39b2a71e70b7@group-8992BE07B501-FollowerState
2021-08-26 18:40:50,171 [pool-516-thread-1] INFO  util.JmxRegister (JmxRegister.java:tryRegister(44)) - Successfully registered JMX Bean with object name Ratis:service=RaftServer,group=group-8992BE07B501,id=feac8f5a-1b39-4e45-882b-39b2a71e70b7
2021-08-26 18:40:50,175 [pool-516-thread-1] INFO  server.RaftServer$Division (RaftServerImpl.java:start(296)) - feac8f5a-1b39-4e45-882b-39b2a71e70b7@group-AD9EB289532E: start as a follower, conf=-1: [feac8f5a-1b39-4e45-882b-39b2a71e70b7|rpc:10.1.0.63:43083|dataStream:|priority:0, 87f05fb4-46b8-4bb5-a197-7bc4b26914eb|rpc:10.1.0.63:44187|dataStream:|priority:1, b0d4646c-0fcd-42fc-b255-eb3c3c8c3636|rpc:10.1.0.63:45237|dataStream:|priority:0], old=null
2021-08-26 18:40:50,175 [pool-516-thread-1] INFO  server.RaftServer$Division (RaftServerImpl.java:setRole(285)) - feac8f5a-1b39-4e45-882b-39b2a71e70b7@group-AD9EB289532E: changes role from      null to FOLLOWER at term 0 for startAsFollower
2021-08-26 18:40:50,175 [pool-516-thread-1] INFO  impl.RoleInfo (RoleInfo.java:updateAndGet(130)) - feac8f5a-1b39-4e45-882b-39b2a71e70b7: start feac8f5a-1b39-4e45-882b-39b2a71e70b7@group-AD9EB289532E-FollowerState
2021-08-26 18:40:50,177 [pool-516-thread-1] INFO  util.JmxRegister (JmxRegister.java:tryRegister(44)) - Successfully registered JMX Bean with object name Ratis:service=RaftServer,group=group-AD9EB289532E,id=feac8f5a-1b39-4e45-882b-39b2a71e70b7
2021-08-26 18:40:50,253 [grpc-default-executor-1] INFO  server.RaftServer (RaftServerProxy.java:addNew(95)) - 87f05fb4-46b8-4bb5-a197-7bc4b26914eb: addNew group-AD9EB289532E:[feac8f5a-1b39-4e45-882b-39b2a71e70b7|rpc:10.1.0.63:43083|dataStream:|priority:0, 87f05fb4-46b8-4bb5-a197-7bc4b26914eb|rpc:10.1.0.63:44187|dataStream:|priority:1, b0d4646c-0fcd-42fc-b255-eb3c3c8c3636|rpc:10.1.0.63:45237|dataStream:|priority:0] returns group-AD9EB289532E:java.util.concurrent.CompletableFuture@4f8fb1a3[Not completed]
2021-08-26 18:40:50,259 [pool-535-thread-1] INFO  server.RaftServer$Division (RaftServerImpl.java:<init>(181)) - 87f05fb4-46b8-4bb5-a197-7bc4b26914eb: new RaftServerImpl for group-AD9EB289532E:[feac8f5a-1b39-4e45-882b-39b2a71e70b7|rpc:10.1.0.63:43083|dataStream:|priority:0, 87f05fb4-46b8-4bb5-a197-7bc4b26914eb|rpc:10.1.0.63:44187|dataStream:|priority:1, b0d4646c-0fcd-42fc-b255-eb3c3c8c3636|rpc:10.1.0.63:45237|dataStream:|priority:0] with ContainerStateMachine:uninitialized
2021-08-26 18:40:50,259 [pool-535-thread-1] INFO  server.RaftServerConfigKeys (ConfUtils.java:logGet(44)) - raft.server.rpc.timeout.min = 5s (custom)
2021-08-26 18:40:50,259 [pool-535-thread-1] INFO  server.RaftServerConfigKeys (ConfUtils.java:logGet(44)) - raft.server.rpc.timeout.max = 5200ms (custom)
2021-08-26 18:40:50,259 [pool-535-thread-1] INFO  server.RaftServerConfigKeys (ConfUtils.java:logGet(44)) - raft.server.rpc.sleep.time = 25ms (default)
2021-08-26 18:40:50,259 [pool-535-thread-1] INFO  server.RaftServerConfigKeys (ConfUtils.java:logGet(44)) - raft.server.rpc.slowness.timeout = 300000ms (custom)
2021-08-26 18:40:50,260 [pool-535-thread-1] INFO  server.RaftServerConfigKeys (ConfUtils.java:logGet(44)) - raft.server.leaderelection.leader.step-down.wait-time = 10s (default)
2021-08-26 18:40:50,260 [pool-535-thread-1] INFO  server.RaftServerConfigKeys (ConfUtils.java:logGet(44)) - raft.server.sleep.deviation.threshold = 300ms (default)
2021-08-26 18:40:50,260 [pool-535-thread-1] INFO  server.RaftServerConfigKeys (ConfUtils.java:logGet(44)) - raft.server.log.appender.install.snapshot.enabled = false (custom)
2021-08-26 18:40:50,260 [pool-535-thread-1] INFO  server.RaftServer$Division (ServerState.java:<init>(105)) - 87f05fb4-46b8-4bb5-a197-7bc4b26914eb@group-AD9EB289532E: ConfigurationManager, init=-1: [feac8f5a-1b39-4e45-882b-39b2a71e70b7|rpc:10.1.0.63:43083|dataStream:|priority:0, 87f05fb4-46b8-4bb5-a197-7bc4b26914eb|rpc:10.1.0.63:44187|dataStream:|priority:1, b0d4646c-0fcd-42fc-b255-eb3c3c8c3636|rpc:10.1.0.63:45237|dataStream:|priority:0], old=null, confs=<EMPTY_MAP>
2021-08-26 18:40:50,260 [pool-535-thread-1] INFO  server.RaftServerConfigKeys (ConfUtils.java:logGet(44)) - raft.server.storage.dir = [/home/runner/work/ozone/ozone/hadoop-ozone/integration-test/target/test-dir/MiniOzoneClusterImpl-7287d2d4-454f-4da5-bbdc-7dc3b2fb158b/datanode-2/data/ratis] (custom)
2021-08-26 18:40:50,260 [pool-535-thread-1] INFO  server.RaftServerConfigKeys (ConfUtils.java:logGet(44)) - raft.server.log.corruption.policy = EXCEPTION (default)
2021-08-26 18:40:50,260 [pool-535-thread-1] INFO  server.RaftServerConfigKeys (ConfUtils.java:logGet(44)) - raft.server.storage.free-space.min = 0MB (=0) (default)
2021-08-26 18:40:50,260 [pool-535-thread-1] INFO  storage.RaftStorageDirectory (RaftStorageDirectoryImpl.java:analyzeStorage(135)) - The storage directory /home/runner/work/ozone/ozone/hadoop-ozone/integration-test/target/test-dir/MiniOzoneClusterImpl-7287d2d4-454f-4da5-bbdc-7dc3b2fb158b/datanode-2/data/ratis/5100cf8f-650e-40b2-b565-ad9eb289532e does not exist. Creating ...
2021-08-26 18:40:50,272 [pool-535-thread-1] INFO  storage.RaftStorageDirectory (RaftStorageDirectoryImpl.java:tryLock(230)) - Lock on /home/runner/work/ozone/ozone/hadoop-ozone/integration-test/target/test-dir/MiniOzoneClusterImpl-7287d2d4-454f-4da5-bbdc-7dc3b2fb158b/datanode-2/data/ratis/5100cf8f-650e-40b2-b565-ad9eb289532e/in_use.lock acquired by nodename 22608@fv-az184-233
2021-08-26 18:40:50,300 [pool-535-thread-1] INFO  storage.RaftStorage (RaftStorageImpl.java:format(89)) - Storage directory /home/runner/work/ozone/ozone/hadoop-ozone/integration-test/target/test-dir/MiniOzoneClusterImpl-7287d2d4-454f-4da5-bbdc-7dc3b2fb158b/datanode-2/data/ratis/5100cf8f-650e-40b2-b565-ad9eb289532e has been successfully formatted.
2021-08-26 18:40:50,300 [pool-535-thread-1] INFO  ratis.ContainerStateMachine (ContainerStateMachine.java:loadSnapshot(224)) - group-AD9EB289532E: The snapshot info is null. Setting the last applied indexto:(t:0, i:~)
2021-08-26 18:40:50,301 [pool-535-thread-1] INFO  server.RaftServerConfigKeys (ConfUtils.java:logGet(44)) - raft.server.notification.no-leader.timeout = 300000ms (custom)
2021-08-26 18:40:50,301 [pool-535-thread-1] INFO  server.RaftServerConfigKeys (ConfUtils.java:logGet(44)) - raft.server.log.use.memory = false (default)
2021-08-26 18:40:50,301 [pool-535-thread-1] INFO  server.RaftServerConfigKeys (ConfUtils.java:logGet(44)) - raft.server.log.purge.gap = 1000000 (custom)
2021-08-26 18:40:50,301 [pool-535-thread-1] INFO  server.RaftServerConfigKeys (ConfUtils.java:logGet(44)) - raft.server.log.appender.buffer.byte-limit = 33554432 (custom)
2021-08-26 18:40:50,301 [pool-535-thread-1] INFO  server.RaftServerConfigKeys (ConfUtils.java:logGet(44)) - raft.server.log.segment.size.max = 1048576 (custom)
2021-08-26 18:40:50,301 [Datanode State Machine Thread - 0] WARN  statemachine.StateContext (StateContext.java:execute(621)) - No available thread in pool for past 1 seconds.
2021-08-26 18:40:50,301 [pool-535-thread-1] INFO  server.RaftServerConfigKeys (ConfUtils.java:logGet(44)) - raft.server.log.segment.cache.num.max = 2 (custom)
2021-08-26 18:40:50,301 [pool-535-thread-1] INFO  server.RaftServerConfigKeys (ConfUtils.java:logGet(44)) - raft.server.log.segment.cache.size.max = 200MB (=209715200) (default)
2021-08-26 18:40:50,301 [pool-535-thread-1] INFO  segmented.SegmentedRaftLogWorker (SegmentedRaftLogWorker.java:<init>(182)) - new 87f05fb4-46b8-4bb5-a197-7bc4b26914eb@group-AD9EB289532E-SegmentedRaftLogWorker for RaftStorageImpl:Storage Directory /home/runner/work/ozone/ozone/hadoop-ozone/integration-test/target/test-dir/MiniOzoneClusterImpl-7287d2d4-454f-4da5-bbdc-7dc3b2fb158b/datanode-2/data/ratis/5100cf8f-650e-40b2-b565-ad9eb289532e
2021-08-26 18:40:50,301 [pool-535-thread-1] INFO  server.RaftServerConfigKeys (ConfUtils.java:logGet(44)) - raft.server.log.queue.byte-limit = 2147483647 (custom)
2021-08-26 18:40:50,302 [pool-535-thread-1] INFO  server.RaftServerConfigKeys (ConfUtils.java:logGet(44)) - raft.server.log.queue.element-limit = 1024 (custom)
2021-08-26 18:40:50,302 [pool-535-thread-1] INFO  server.RaftServerConfigKeys (ConfUtils.java:logGet(44)) - raft.server.log.segment.size.max = 1048576 (custom)
2021-08-26 18:40:50,302 [pool-535-thread-1] INFO  server.RaftServerConfigKeys (ConfUtils.java:logGet(44)) - raft.server.log.preallocated.size = 16384 (custom)
2021-08-26 18:40:50,302 [pool-535-thread-1] INFO  server.RaftServerConfigKeys (ConfUtils.java:logGet(44)) - raft.server.log.force.sync.num = 128 (default)
2021-08-26 18:40:50,302 [pool-535-thread-1] INFO  server.RaftServerConfigKeys (ConfUtils.java:logGet(44)) - raft.server.log.statemachine.data.sync = true (default)
2021-08-26 18:40:50,302 [pool-535-thread-1] INFO  server.RaftServerConfigKeys (ConfUtils.java:logGet(44)) - raft.server.log.statemachine.data.sync.timeout = 10s (default)
2021-08-26 18:40:50,302 [pool-535-thread-1] INFO  server.RaftServerConfigKeys (ConfUtils.java:logGet(44)) - raft.server.log.statemachine.data.sync.timeout.retry = -1 (default)
2021-08-26 18:40:50,303 [pool-535-thread-1] INFO  server.RaftServerConfigKeys (ConfUtils.java:logGet(44)) - raft.server.log.write.buffer.size = 1048576 (custom)
2021-08-26 18:40:50,303 [pool-535-thread-1] INFO  server.RaftServerConfigKeys (ConfUtils.java:logGet(44)) - raft.server.log.statemachine.data.caching.enabled = true (custom)
2021-08-26 18:40:50,304 [pool-535-thread-1] INFO  segmented.SegmentedRaftLogWorker (SegmentedRaftLogWorker.java:lambda$new$0(133)) - 87f05fb4-46b8-4bb5-a197-7bc4b26914eb@group-AD9EB289532E-SegmentedRaftLogWorker: flushIndex: setUnconditionally 0 -> -1
2021-08-26 18:40:50,304 [pool-535-thread-1] INFO  segmented.SegmentedRaftLogWorker (SegmentedRaftLogWorker.java:lambda$new$0(133)) - 87f05fb4-46b8-4bb5-a197-7bc4b26914eb@group-AD9EB289532E-SegmentedRaftLogWorker: safeCacheEvictIndex: setUnconditionally 0 -> -1
2021-08-26 18:40:50,311 [pool-535-thread-1] INFO  server.RaftServerConfigKeys (ConfUtils.java:logGet(44)) - raft.server.snapshot.auto.trigger.enabled = true (custom)
2021-08-26 18:40:50,311 [pool-535-thread-1] INFO  server.RaftServerConfigKeys (ConfUtils.java:logGet(44)) - raft.server.snapshot.auto.trigger.threshold = 10000 (custom)
2021-08-26 18:40:50,311 [pool-535-thread-1] INFO  server.RaftServerConfigKeys (ConfUtils.java:logGet(44)) - raft.server.snapshot.retention.file.num = 5 (custom)
2021-08-26 18:40:50,311 [pool-535-thread-1] INFO  server.RaftServerConfigKeys (ConfUtils.java:logGet(44)) - raft.server.log.purge.upto.snapshot.index = false (default)
2021-08-26 18:40:50,311 [pool-535-thread-1] INFO  server.RaftServerConfigKeys (ConfUtils.java:logGet(44)) - raft.server.retrycache.expirytime = 600000ms (custom)
2021-08-26 18:40:50,311 [pool-535-thread-1] INFO  server.RaftServerConfigKeys (ConfUtils.java:logGet(44)) - raft.server.retrycache.statistics.expirytime = 100μs (default)
2021-08-26 18:40:50,312 [pool-535-thread-1] INFO  server.RaftServer$Division (RaftServerImpl.java:start(296)) - 87f05fb4-46b8-4bb5-a197-7bc4b26914eb@group-AD9EB289532E: start as a follower, conf=-1: [feac8f5a-1b39-4e45-882b-39b2a71e70b7|rpc:10.1.0.63:43083|dataStream:|priority:0, 87f05fb4-46b8-4bb5-a197-7bc4b26914eb|rpc:10.1.0.63:44187|dataStream:|priority:1, b0d4646c-0fcd-42fc-b255-eb3c3c8c3636|rpc:10.1.0.63:45237|dataStream:|priority:0], old=null
2021-08-26 18:40:50,312 [pool-535-thread-1] INFO  server.RaftServer$Division (RaftServerImpl.java:setRole(285)) - 87f05fb4-46b8-4bb5-a197-7bc4b26914eb@group-AD9EB289532E: changes role from      null to FOLLOWER at term 0 for startAsFollower
2021-08-26 18:40:50,312 [pool-535-thread-1] INFO  impl.RoleInfo (RoleInfo.java:updateAndGet(130)) - 87f05fb4-46b8-4bb5-a197-7bc4b26914eb: start 87f05fb4-46b8-4bb5-a197-7bc4b26914eb@group-AD9EB289532E-FollowerState
2021-08-26 18:40:50,343 [pool-535-thread-1] INFO  util.JmxRegister (JmxRegister.java:tryRegister(44)) - Successfully registered JMX Bean with object name Ratis:service=RaftServer,group=group-AD9EB289532E,id=87f05fb4-46b8-4bb5-a197-7bc4b26914eb
2021-08-26 18:40:50,360 [Datanode State Machine Thread - 0] INFO  statemachine.DatanodeStateMachine (DatanodeStateMachine.java:lambda$startDaemon$0(457)) - Ozone container server started.
2021-08-26 18:40:50,395 [Command processor thread] INFO  commandhandler.CreatePipelineCommandHandler (CreatePipelineCommandHandler.java:handle(106)) - Created Pipeline RATIS THREE PipelineID=5100cf8f-650e-40b2-b565-ad9eb289532e.
2021-08-26 18:40:51,723 [Command processor thread] INFO  server.RaftServer (RaftServerProxy.java:addNew(95)) - 7a21a715-39a0-4b71-a267-c33797e0d730: addNew group-8992BE07B501:[feac8f5a-1b39-4e45-882b-39b2a71e70b7|rpc:10.1.0.63:43083|priority:0, 87f05fb4-46b8-4bb5-a197-7bc4b26914eb|rpc:10.1.0.63:44187|priority:0, 7a21a715-39a0-4b71-a267-c33797e0d730|rpc:10.1.0.63:34101|priority:1] returns group-8992BE07B501:java.util.concurrent.CompletableFuture@23b8c901[Not completed]
2021-08-26 18:40:51,725 [pool-611-thread-1] INFO  server.RaftServer$Division (RaftServerImpl.java:<init>(181)) - 7a21a715-39a0-4b71-a267-c33797e0d730: new RaftServerImpl for group-8992BE07B501:[feac8f5a-1b39-4e45-882b-39b2a71e70b7|rpc:10.1.0.63:43083|priority:0, 87f05fb4-46b8-4bb5-a197-7bc4b26914eb|rpc:10.1.0.63:44187|priority:0, 7a21a715-39a0-4b71-a267-c33797e0d730|rpc:10.1.0.63:34101|priority:1] with ContainerStateMachine:uninitialized
2021-08-26 18:40:51,725 [pool-611-thread-1] INFO  server.RaftServerConfigKeys (ConfUtils.java:logGet(44)) - raft.server.rpc.timeout.min = 5s (custom)
2021-08-26 18:40:51,725 [pool-611-thread-1] INFO  server.RaftServerConfigKeys (ConfUtils.java:logGet(44)) - raft.server.rpc.timeout.max = 5200ms (custom)
2021-08-26 18:40:51,725 [pool-611-thread-1] INFO  server.RaftServerConfigKeys (ConfUtils.java:logGet(44)) - raft.server.rpc.sleep.time = 25ms (default)
2021-08-26 18:40:51,725 [pool-611-thread-1] INFO  server.RaftServerConfigKeys (ConfUtils.java:logGet(44)) - raft.server.rpc.slowness.timeout = 300000ms (custom)
2021-08-26 18:40:51,725 [pool-611-thread-1] INFO  server.RaftServerConfigKeys (ConfUtils.java:logGet(44)) - raft.server.leaderelection.leader.step-down.wait-time = 10s (default)
2021-08-26 18:40:51,725 [pool-611-thread-1] INFO  server.RaftServerConfigKeys (ConfUtils.java:logGet(44)) - raft.server.sleep.deviation.threshold = 300ms (default)
2021-08-26 18:40:51,725 [pool-611-thread-1] INFO  server.RaftServerConfigKeys (ConfUtils.java:logGet(44)) - raft.server.log.appender.install.snapshot.enabled = false (custom)
2021-08-26 18:40:51,725 [pool-611-thread-1] INFO  server.RaftServer$Division (ServerState.java:<init>(105)) - 7a21a715-39a0-4b71-a267-c33797e0d730@group-8992BE07B501: ConfigurationManager, init=-1: [feac8f5a-1b39-4e45-882b-39b2a71e70b7|rpc:10.1.0.63:43083|priority:0, 87f05fb4-46b8-4bb5-a197-7bc4b26914eb|rpc:10.1.0.63:44187|priority:0, 7a21a715-39a0-4b71-a267-c33797e0d730|rpc:10.1.0.63:34101|priority:1], old=null, confs=<EMPTY_MAP>
2021-08-26 18:40:51,725 [pool-611-thread-1] INFO  server.RaftServerConfigKeys (ConfUtils.java:logGet(44)) - raft.server.storage.dir = [/home/runner/work/ozone/ozone/hadoop-ozone/integration-test/target/test-dir/MiniOzoneClusterImpl-7287d2d4-454f-4da5-bbdc-7dc3b2fb158b/datanode-6/data/ratis] (custom)
2021-08-26 18:40:51,725 [pool-611-thread-1] INFO  server.RaftServerConfigKeys (ConfUtils.java:logGet(44)) - raft.server.log.corruption.policy = EXCEPTION (default)
2021-08-26 18:40:51,725 [pool-611-thread-1] INFO  server.RaftServerConfigKeys (ConfUtils.java:logGet(44)) - raft.server.storage.free-space.min = 0MB (=0) (default)
2021-08-26 18:40:51,726 [pool-611-thread-1] INFO  storage.RaftStorageDirectory (RaftStorageDirectoryImpl.java:analyzeStorage(135)) - The storage directory /home/runner/work/ozone/ozone/hadoop-ozone/integration-test/target/test-dir/MiniOzoneClusterImpl-7287d2d4-454f-4da5-bbdc-7dc3b2fb158b/datanode-6/data/ratis/19e69daf-7bb9-4b43-a26e-8992be07b501 does not exist. Creating ...
2021-08-26 18:40:51,741 [pool-611-thread-1] INFO  storage.RaftStorageDirectory (RaftStorageDirectoryImpl.java:tryLock(230)) - Lock on /home/runner/work/ozone/ozone/hadoop-ozone/integration-test/target/test-dir/MiniOzoneClusterImpl-7287d2d4-454f-4da5-bbdc-7dc3b2fb158b/datanode-6/data/ratis/19e69daf-7bb9-4b43-a26e-8992be07b501/in_use.lock acquired by nodename 22608@fv-az184-233
2021-08-26 18:40:51,747 [pool-611-thread-1] INFO  storage.RaftStorage (RaftStorageImpl.java:format(89)) - Storage directory /home/runner/work/ozone/ozone/hadoop-ozone/integration-test/target/test-dir/MiniOzoneClusterImpl-7287d2d4-454f-4da5-bbdc-7dc3b2fb158b/datanode-6/data/ratis/19e69daf-7bb9-4b43-a26e-8992be07b501 has been successfully formatted.
2021-08-26 18:40:51,747 [pool-611-thread-1] INFO  ratis.ContainerStateMachine (ContainerStateMachine.java:loadSnapshot(224)) - group-8992BE07B501: The snapshot info is null. Setting the last applied indexto:(t:0, i:~)
2021-08-26 18:40:51,747 [pool-611-thread-1] INFO  server.RaftServerConfigKeys (ConfUtils.java:logGet(44)) - raft.server.notification.no-leader.timeout = 300000ms (custom)
2021-08-26 18:40:51,747 [pool-611-thread-1] INFO  server.RaftServerConfigKeys (ConfUtils.java:logGet(44)) - raft.server.log.use.memory = false (default)
2021-08-26 18:40:51,747 [pool-611-thread-1] INFO  server.RaftServerConfigKeys (ConfUtils.java:logGet(44)) - raft.server.log.purge.gap = 1000000 (custom)
2021-08-26 18:40:51,747 [pool-611-thread-1] INFO  server.RaftServerConfigKeys (ConfUtils.java:logGet(44)) - raft.server.log.appender.buffer.byte-limit = 33554432 (custom)
2021-08-26 18:40:51,747 [pool-611-thread-1] INFO  server.RaftServerConfigKeys (ConfUtils.java:logGet(44)) - raft.server.log.segment.size.max = 1048576 (custom)
2021-08-26 18:40:51,748 [pool-611-thread-1] INFO  server.RaftServerConfigKeys (ConfUtils.java:logGet(44)) - raft.server.log.segment.cache.num.max = 2 (custom)
2021-08-26 18:40:51,748 [pool-611-thread-1] INFO  server.RaftServerConfigKeys (ConfUtils.java:logGet(44)) - raft.server.log.segment.cache.size.max = 200MB (=209715200) (default)
2021-08-26 18:40:51,748 [pool-611-thread-1] INFO  segmented.SegmentedRaftLogWorker (SegmentedRaftLogWorker.java:<init>(182)) - new 7a21a715-39a0-4b71-a267-c33797e0d730@group-8992BE07B501-SegmentedRaftLogWorker for RaftStorageImpl:Storage Directory /home/runner/work/ozone/ozone/hadoop-ozone/integration-test/target/test-dir/MiniOzoneClusterImpl-7287d2d4-454f-4da5-bbdc-7dc3b2fb158b/datanode-6/data/ratis/19e69daf-7bb9-4b43-a26e-8992be07b501
2021-08-26 18:40:51,748 [pool-611-thread-1] INFO  server.RaftServerConfigKeys (ConfUtils.java:logGet(44)) - raft.server.log.queue.byte-limit = 2147483647 (custom)
2021-08-26 18:40:51,748 [pool-611-thread-1] INFO  server.RaftServerConfigKeys (ConfUtils.java:logGet(44)) - raft.server.log.queue.element-limit = 1024 (custom)
2021-08-26 18:40:51,748 [pool-611-thread-1] INFO  server.RaftServerConfigKeys (ConfUtils.java:logGet(44)) - raft.server.log.segment.size.max = 1048576 (custom)
2021-08-26 18:40:51,748 [pool-611-thread-1] INFO  server.RaftServerConfigKeys (ConfUtils.java:logGet(44)) - raft.server.log.preallocated.size = 16384 (custom)
2021-08-26 18:40:51,748 [pool-611-thread-1] INFO  server.RaftServerConfigKeys (ConfUtils.java:logGet(44)) - raft.server.log.force.sync.num = 128 (default)
2021-08-26 18:40:51,748 [pool-611-thread-1] INFO  server.RaftServerConfigKeys (ConfUtils.java:logGet(44)) - raft.server.log.statemachine.data.sync = true (default)
2021-08-26 18:40:51,748 [pool-611-thread-1] INFO  server.RaftServerConfigKeys (ConfUtils.java:logGet(44)) - raft.server.log.statemachine.data.sync.timeout = 10s (default)
2021-08-26 18:40:51,748 [pool-611-thread-1] INFO  server.RaftServerConfigKeys (ConfUtils.java:logGet(44)) - raft.server.log.statemachine.data.sync.timeout.retry = -1 (default)
2021-08-26 18:40:51,749 [pool-611-thread-1] INFO  server.RaftServerConfigKeys (ConfUtils.java:logGet(44)) - raft.server.log.write.buffer.size = 1048576 (custom)
2021-08-26 18:40:51,750 [pool-611-thread-1] INFO  server.RaftServerConfigKeys (ConfUtils.java:logGet(44)) - raft.server.log.statemachine.data.caching.enabled = true (custom)
2021-08-26 18:40:51,750 [pool-611-thread-1] INFO  segmented.SegmentedRaftLogWorker (SegmentedRaftLogWorker.java:lambda$new$0(133)) - 7a21a715-39a0-4b71-a267-c33797e0d730@group-8992BE07B501-SegmentedRaftLogWorker: flushIndex: setUnconditionally 0 -> -1
2021-08-26 18:40:51,750 [pool-611-thread-1] INFO  segmented.SegmentedRaftLogWorker (SegmentedRaftLogWorker.java:lambda$new$0(133)) - 7a21a715-39a0-4b71-a267-c33797e0d730@group-8992BE07B501-SegmentedRaftLogWorker: safeCacheEvictIndex: setUnconditionally 0 -> -1
2021-08-26 18:40:51,765 [pool-611-thread-1] INFO  server.RaftServerConfigKeys (ConfUtils.java:logGet(44)) - raft.server.snapshot.auto.trigger.enabled = true (custom)
2021-08-26 18:40:51,765 [pool-611-thread-1] INFO  server.RaftServerConfigKeys (ConfUtils.java:logGet(44)) - raft.server.snapshot.auto.trigger.threshold = 10000 (custom)
2021-08-26 18:40:51,765 [pool-611-thread-1] INFO  server.RaftServerConfigKeys (ConfUtils.java:logGet(44)) - raft.server.snapshot.retention.file.num = 5 (custom)
2021-08-26 18:40:51,765 [pool-611-thread-1] INFO  server.RaftServerConfigKeys (ConfUtils.java:logGet(44)) - raft.server.log.purge.upto.snapshot.index = false (default)
2021-08-26 18:40:51,765 [pool-611-thread-1] INFO  server.RaftServerConfigKeys (ConfUtils.java:logGet(44)) - raft.server.retrycache.expirytime = 600000ms (custom)
2021-08-26 18:40:51,765 [pool-611-thread-1] INFO  server.RaftServerConfigKeys (ConfUtils.java:logGet(44)) - raft.server.retrycache.statistics.expirytime = 100μs (default)
2021-08-26 18:40:51,766 [pool-611-thread-1] INFO  server.RaftServer$Division (RaftServerImpl.java:start(296)) - 7a21a715-39a0-4b71-a267-c33797e0d730@group-8992BE07B501: start as a follower, conf=-1: [feac8f5a-1b39-4e45-882b-39b2a71e70b7|rpc:10.1.0.63:43083|priority:0, 87f05fb4-46b8-4bb5-a197-7bc4b26914eb|rpc:10.1.0.63:44187|priority:0, 7a21a715-39a0-4b71-a267-c33797e0d730|rpc:10.1.0.63:34101|priority:1], old=null
2021-08-26 18:40:51,766 [pool-611-thread-1] INFO  server.RaftServer$Division (RaftServerImpl.java:setRole(285)) - 7a21a715-39a0-4b71-a267-c33797e0d730@group-8992BE07B501: changes role from      null to FOLLOWER at term 0 for startAsFollower
2021-08-26 18:40:51,767 [pool-611-thread-1] INFO  impl.RoleInfo (RoleInfo.java:updateAndGet(130)) - 7a21a715-39a0-4b71-a267-c33797e0d730: start 7a21a715-39a0-4b71-a267-c33797e0d730@group-8992BE07B501-FollowerState
2021-08-26 18:40:51,771 [pool-611-thread-1] INFO  util.JmxRegister (JmxRegister.java:tryRegister(44)) - Successfully registered JMX Bean with object name Ratis:service=RaftServer,group=group-8992BE07B501,id=7a21a715-39a0-4b71-a267-c33797e0d730
2021-08-26 18:40:51,772 [Command processor thread] INFO  ratis.XceiverServerRatis (XceiverServerRatis.java:addGroup(763)) - Created group PipelineID=19e69daf-7bb9-4b43-a26e-8992be07b501
2021-08-26 18:40:51,777 [Datanode State Machine Thread - 0] WARN  statemachine.StateContext (StateContext.java:execute(621)) - No available thread in pool for past 1 seconds.
2021-08-26 18:40:51,936 [Command processor thread] INFO  commandhandler.CreatePipelineCommandHandler (CreatePipelineCommandHandler.java:handle(106)) - Created Pipeline RATIS THREE PipelineID=19e69daf-7bb9-4b43-a26e-8992be07b501.
2021-08-26 18:40:54,934 [b0d4646c-0fcd-42fc-b255-eb3c3c8c3636@group-03B25ECA009B-FollowerState] INFO  impl.FollowerState (FollowerState.java:run(134)) - b0d4646c-0fcd-42fc-b255-eb3c3c8c3636@group-03B25ECA009B-FollowerState: change to CANDIDATE, lastRpcElapsedTime:5049916614ns, electionTimeout:5028ms
2021-08-26 18:40:54,935 [b0d4646c-0fcd-42fc-b255-eb3c3c8c3636@group-03B25ECA009B-FollowerState] INFO  impl.RoleInfo (RoleInfo.java:shutdownFollowerState(108)) - b0d4646c-0fcd-42fc-b255-eb3c3c8c3636: shutdown b0d4646c-0fcd-42fc-b255-eb3c3c8c3636@group-03B25ECA009B-FollowerState
2021-08-26 18:40:54,935 [b0d4646c-0fcd-42fc-b255-eb3c3c8c3636@group-03B25ECA009B-FollowerState] INFO  server.RaftServer$Division (RaftServerImpl.java:setRole(285)) - b0d4646c-0fcd-42fc-b255-eb3c3c8c3636@group-03B25ECA009B: changes role from  FOLLOWER to CANDIDATE at term 0 for changeToCandidate
2021-08-26 18:40:54,935 [b0d4646c-0fcd-42fc-b255-eb3c3c8c3636@group-03B25ECA009B-FollowerState] INFO  server.RaftServerConfigKeys (ConfUtils.java:logGet(44)) - raft.server.leaderelection.pre-vote = false (custom)
2021-08-26 18:40:54,935 [b0d4646c-0fcd-42fc-b255-eb3c3c8c3636@group-03B25ECA009B-FollowerState] INFO  impl.RoleInfo (RoleInfo.java:updateAndGet(130)) - b0d4646c-0fcd-42fc-b255-eb3c3c8c3636: start b0d4646c-0fcd-42fc-b255-eb3c3c8c3636@group-03B25ECA009B-LeaderElection92
2021-08-26 18:40:54,949 [b0d4646c-0fcd-42fc-b255-eb3c3c8c3636@group-03B25ECA009B-LeaderElection92] INFO  impl.LeaderElection (LeaderElection.java:askForVotes(306)) - b0d4646c-0fcd-42fc-b255-eb3c3c8c3636@group-03B25ECA009B-LeaderElection92 ELECTION round 0: submit vote requests at term 1 for -1: [b0d4646c-0fcd-42fc-b255-eb3c3c8c3636|rpc:10.1.0.63:45237|priority:1], old=null
2021-08-26 18:40:54,949 [b0d4646c-0fcd-42fc-b255-eb3c3c8c3636@group-03B25ECA009B-LeaderElection92] INFO  impl.LeaderElection (LeaderElection.java:askForVotes(308)) - b0d4646c-0fcd-42fc-b255-eb3c3c8c3636@group-03B25ECA009B-LeaderElection92 ELECTION round 0: result PASSED (term=1)
2021-08-26 18:40:54,949 [b0d4646c-0fcd-42fc-b255-eb3c3c8c3636@group-03B25ECA009B-LeaderElection92] INFO  impl.RoleInfo (RoleInfo.java:shutdownLeaderElection(121)) - b0d4646c-0fcd-42fc-b255-eb3c3c8c3636: shutdown b0d4646c-0fcd-42fc-b255-eb3c3c8c3636@group-03B25ECA009B-LeaderElection92
2021-08-26 18:40:54,949 [b0d4646c-0fcd-42fc-b255-eb3c3c8c3636@group-03B25ECA009B-LeaderElection92] INFO  server.RaftServer$Division (RaftServerImpl.java:setRole(285)) - b0d4646c-0fcd-42fc-b255-eb3c3c8c3636@group-03B25ECA009B: changes role from CANDIDATE to LEADER at term 1 for changeToLeader
2021-08-26 18:40:54,950 [b0d4646c-0fcd-42fc-b255-eb3c3c8c3636@group-03B25ECA009B-LeaderElection92] INFO  ratis.XceiverServerRatis (XceiverServerRatis.java:handleLeaderChangedNotification(861)) - Leader change notification received for group: group-03B25ECA009B with new leaderId: b0d4646c-0fcd-42fc-b255-eb3c3c8c3636
2021-08-26 18:40:54,950 [b0d4646c-0fcd-42fc-b255-eb3c3c8c3636@group-03B25ECA009B-LeaderElection92] INFO  server.RaftServer$Division (ServerState.java:setLeader(285)) - b0d4646c-0fcd-42fc-b255-eb3c3c8c3636@group-03B25ECA009B: change Leader from null to b0d4646c-0fcd-42fc-b255-eb3c3c8c3636 at term 1 for becomeLeader, leader elected after 5094ms
2021-08-26 18:40:54,950 [b0d4646c-0fcd-42fc-b255-eb3c3c8c3636@group-03B25ECA009B-LeaderElection92] INFO  server.RaftServerConfigKeys (ConfUtils.java:logGet(44)) - raft.server.staging.catchup.gap = 1000 (default)
2021-08-26 18:40:54,950 [b0d4646c-0fcd-42fc-b255-eb3c3c8c3636@group-03B25ECA009B-LeaderElection92] INFO  server.RaftServerConfigKeys (ConfUtils.java:logGet(44)) - raft.server.write.element-limit = 1024 (custom)
2021-08-26 18:40:54,951 [Datanode State Machine Thread - 0] WARN  statemachine.StateContext (StateContext.java:execute(621)) - No available thread in pool for past 1 seconds.
2021-08-26 18:40:54,956 [b0d4646c-0fcd-42fc-b255-eb3c3c8c3636@group-03B25ECA009B-LeaderElection92] INFO  server.RaftServerConfigKeys (ConfUtils.java:logGet(44)) - raft.server.write.byte-limit = 1024 M (=1073741824) (custom)
2021-08-26 18:40:54,956 [b0d4646c-0fcd-42fc-b255-eb3c3c8c3636@group-03B25ECA009B-LeaderElection92] INFO  server.RaftServerConfigKeys (ConfUtils.java:logGet(44)) - raft.server.watch.timeout = 3000ms (custom)
2021-08-26 18:40:54,956 [b0d4646c-0fcd-42fc-b255-eb3c3c8c3636@group-03B25ECA009B-LeaderElection92] INFO  server.RaftServerConfigKeys (ConfUtils.java:logGet(44)) - raft.server.watch.timeout.denomination = 1s (default)
2021-08-26 18:40:54,956 [b0d4646c-0fcd-42fc-b255-eb3c3c8c3636@group-03B25ECA009B-LeaderElection92] INFO  server.RaftServerConfigKeys (ConfUtils.java:logGet(44)) - raft.server.watch.element-limit = 65536 (default)
2021-08-26 18:40:54,957 [b0d4646c-0fcd-42fc-b255-eb3c3c8c3636@group-03B25ECA009B-LeaderElection92] INFO  impl.RoleInfo (RoleInfo.java:updateAndGet(130)) - b0d4646c-0fcd-42fc-b255-eb3c3c8c3636: start b0d4646c-0fcd-42fc-b255-eb3c3c8c3636@group-03B25ECA009B-LeaderStateImpl
2021-08-26 18:40:54,959 [b0d4646c-0fcd-42fc-b255-eb3c3c8c3636@group-03B25ECA009B-LeaderElection92] INFO  segmented.SegmentedRaftLogWorker (SegmentedRaftLogWorker.java:startLogSegment(394)) - b0d4646c-0fcd-42fc-b255-eb3c3c8c3636@group-03B25ECA009B-SegmentedRaftLogWorker: Starting segment from index:0
2021-08-26 18:40:54,961 [b0d4646c-0fcd-42fc-b255-eb3c3c8c3636@group-03B25ECA009B-SegmentedRaftLogWorker] INFO  segmented.SegmentedRaftLogWorker (SegmentedRaftLogWorker.java:execute(601)) - b0d4646c-0fcd-42fc-b255-eb3c3c8c3636@group-03B25ECA009B-SegmentedRaftLogWorker: created new log segment /home/runner/work/ozone/ozone/hadoop-ozone/integration-test/target/test-dir/MiniOzoneClusterImpl-7287d2d4-454f-4da5-bbdc-7dc3b2fb158b/datanode-0/data/ratis/a10b5402-1898-443a-92f2-03b25eca009b/current/log_inprogress_0
2021-08-26 18:40:54,962 [b0d4646c-0fcd-42fc-b255-eb3c3c8c3636@group-03B25ECA009B-LeaderElection92] INFO  server.RaftServer$Division (ServerState.java:setRaftConf(387)) - b0d4646c-0fcd-42fc-b255-eb3c3c8c3636@group-03B25ECA009B: set configuration 0: [b0d4646c-0fcd-42fc-b255-eb3c3c8c3636|rpc:10.1.0.63:45237|dataStream:|priority:1], old=null
2021-08-26 18:40:55,011 [b0d4646c-0fcd-42fc-b255-eb3c3c8c3636@group-AD9EB289532E-FollowerState] INFO  impl.FollowerState (FollowerState.java:run(134)) - b0d4646c-0fcd-42fc-b255-eb3c3c8c3636@group-AD9EB289532E-FollowerState: change to CANDIDATE, lastRpcElapsedTime:5029890566ns, electionTimeout:5029ms
2021-08-26 18:40:55,011 [b0d4646c-0fcd-42fc-b255-eb3c3c8c3636@group-AD9EB289532E-FollowerState] INFO  impl.RoleInfo (RoleInfo.java:shutdownFollowerState(108)) - b0d4646c-0fcd-42fc-b255-eb3c3c8c3636: shutdown b0d4646c-0fcd-42fc-b255-eb3c3c8c3636@group-AD9EB289532E-FollowerState
2021-08-26 18:40:55,011 [b0d4646c-0fcd-42fc-b255-eb3c3c8c3636@group-AD9EB289532E-FollowerState] INFO  server.RaftServer$Division (RaftServerImpl.java:setRole(285)) - b0d4646c-0fcd-42fc-b255-eb3c3c8c3636@group-AD9EB289532E: changes role from  FOLLOWER to CANDIDATE at term 0 for changeToCandidate
2021-08-26 18:40:55,011 [b0d4646c-0fcd-42fc-b255-eb3c3c8c3636@group-AD9EB289532E-FollowerState] INFO  server.RaftServerConfigKeys (ConfUtils.java:logGet(44)) - raft.server.leaderelection.pre-vote = false (custom)
2021-08-26 18:40:55,011 [b0d4646c-0fcd-42fc-b255-eb3c3c8c3636@group-AD9EB289532E-FollowerState] INFO  impl.RoleInfo (RoleInfo.java:updateAndGet(130)) - b0d4646c-0fcd-42fc-b255-eb3c3c8c3636: start b0d4646c-0fcd-42fc-b255-eb3c3c8c3636@group-AD9EB289532E-LeaderElection93
2021-08-26 18:40:55,025 [b0d4646c-0fcd-42fc-b255-eb3c3c8c3636@group-AD9EB289532E-LeaderElection93] INFO  impl.LeaderElection (LeaderElection.java:askForVotes(306)) - b0d4646c-0fcd-42fc-b255-eb3c3c8c3636@group-AD9EB289532E-LeaderElection93 ELECTION round 0: submit vote requests at term 1 for -1: [feac8f5a-1b39-4e45-882b-39b2a71e70b7|rpc:10.1.0.63:43083|priority:0, 87f05fb4-46b8-4bb5-a197-7bc4b26914eb|rpc:10.1.0.63:44187|priority:1, b0d4646c-0fcd-42fc-b255-eb3c3c8c3636|rpc:10.1.0.63:45237|priority:0], old=null
2021-08-26 18:40:55,059 [grpc-default-executor-3] INFO  server.RaftServer$Division (RaftServerImpl.java:requestVote(1043)) - 87f05fb4-46b8-4bb5-a197-7bc4b26914eb@group-AD9EB289532E: receive requestVote(ELECTION, b0d4646c-0fcd-42fc-b255-eb3c3c8c3636, group-AD9EB289532E, 1, (t:0, i:0))
2021-08-26 18:40:55,059 [grpc-default-executor-3] INFO  impl.VoteContext (VoteContext.java:log(48)) - 87f05fb4-46b8-4bb5-a197-7bc4b26914eb@group-AD9EB289532E-FOLLOWER: reject ELECTION from b0d4646c-0fcd-42fc-b255-eb3c3c8c3636: our priority 1 > candidate's priority 0
2021-08-26 18:40:55,059 [grpc-default-executor-3] INFO  server.RaftServer$Division (RaftServerImpl.java:setRole(285)) - 87f05fb4-46b8-4bb5-a197-7bc4b26914eb@group-AD9EB289532E: changes role from  FOLLOWER to FOLLOWER at term 1 for candidate:b0d4646c-0fcd-42fc-b255-eb3c3c8c3636
2021-08-26 18:40:55,059 [grpc-default-executor-3] INFO  impl.RoleInfo (RoleInfo.java:shutdownFollowerState(108)) - 87f05fb4-46b8-4bb5-a197-7bc4b26914eb: shutdown 87f05fb4-46b8-4bb5-a197-7bc4b26914eb@group-AD9EB289532E-FollowerState
2021-08-26 18:40:55,059 [grpc-default-executor-3] INFO  impl.RoleInfo (RoleInfo.java:updateAndGet(130)) - 87f05fb4-46b8-4bb5-a197-7bc4b26914eb: start 87f05fb4-46b8-4bb5-a197-7bc4b26914eb@group-AD9EB289532E-FollowerState
2021-08-26 18:40:55,059 [87f05fb4-46b8-4bb5-a197-7bc4b26914eb@group-AD9EB289532E-FollowerState] INFO  impl.FollowerState (FollowerState.java:run(143)) - 87f05fb4-46b8-4bb5-a197-7bc4b26914eb@group-AD9EB289532E-FollowerState was interrupted: {}
java.lang.InterruptedException: sleep interrupted
	at java.lang.Thread.sleep(Native Method)
	at java.lang.Thread.sleep(Thread.java:340)
	at java.util.concurrent.TimeUnit.sleep(TimeUnit.java:386)
	at org.apache.ratis.util.TimeDuration.sleep(TimeDuration.java:324)
	at org.apache.ratis.util.TimeDuration.sleep(TimeDuration.java:309)
	at org.apache.ratis.server.impl.FollowerState.run(FollowerState.java:118)
2021-08-26 18:40:55,068 [grpc-default-executor-3] INFO  server.RaftServer$Division (RaftServerImpl.java:requestVote(1075)) - 87f05fb4-46b8-4bb5-a197-7bc4b26914eb@group-AD9EB289532E replies to ELECTION vote request: b0d4646c-0fcd-42fc-b255-eb3c3c8c3636<-87f05fb4-46b8-4bb5-a197-7bc4b26914eb#0:FAIL-t1. Peer's state: 87f05fb4-46b8-4bb5-a197-7bc4b26914eb@group-AD9EB289532E:t1, leader=null, voted=null, raftlog=87f05fb4-46b8-4bb5-a197-7bc4b26914eb@group-AD9EB289532E-SegmentedRaftLog:OPENED:c-1,f-1,i0, conf=-1: [feac8f5a-1b39-4e45-882b-39b2a71e70b7|rpc:10.1.0.63:43083|dataStream:|priority:0, 87f05fb4-46b8-4bb5-a197-7bc4b26914eb|rpc:10.1.0.63:44187|dataStream:|priority:1, b0d4646c-0fcd-42fc-b255-eb3c3c8c3636|rpc:10.1.0.63:45237|dataStream:|priority:0], old=null
2021-08-26 18:40:55,068 [b0d4646c-0fcd-42fc-b255-eb3c3c8c3636@group-AD9EB289532E-LeaderElection93] INFO  impl.LeaderElection (LeaderElection.java:logAndReturn(89)) - b0d4646c-0fcd-42fc-b255-eb3c3c8c3636@group-AD9EB289532E-LeaderElection93: ELECTION REJECTED received 1 response(s) and 0 exception(s):
2021-08-26 18:40:55,068 [b0d4646c-0fcd-42fc-b255-eb3c3c8c3636@group-AD9EB289532E-LeaderElection93] INFO  impl.LeaderElection (LeaderElection.java:logAndReturn(93)) -   Response 0: b0d4646c-0fcd-42fc-b255-eb3c3c8c3636<-87f05fb4-46b8-4bb5-a197-7bc4b26914eb#0:FAIL-t1
2021-08-26 18:40:55,068 [b0d4646c-0fcd-42fc-b255-eb3c3c8c3636@group-AD9EB289532E-LeaderElection93] INFO  impl.LeaderElection (LeaderElection.java:askForVotes(308)) - b0d4646c-0fcd-42fc-b255-eb3c3c8c3636@group-AD9EB289532E-LeaderElection93 ELECTION round 0: result REJECTED
2021-08-26 18:40:55,068 [b0d4646c-0fcd-42fc-b255-eb3c3c8c3636@group-AD9EB289532E-LeaderElection93] INFO  server.RaftServer$Division (RaftServerImpl.java:setRole(285)) - b0d4646c-0fcd-42fc-b255-eb3c3c8c3636@group-AD9EB289532E: changes role from CANDIDATE to FOLLOWER at term 1 for REJECTED
2021-08-26 18:40:55,069 [b0d4646c-0fcd-42fc-b255-eb3c3c8c3636@group-AD9EB289532E-LeaderElection93] INFO  impl.RoleInfo (RoleInfo.java:shutdownLeaderElection(121)) - b0d4646c-0fcd-42fc-b255-eb3c3c8c3636: shutdown b0d4646c-0fcd-42fc-b255-eb3c3c8c3636@group-AD9EB289532E-LeaderElection93
2021-08-26 18:40:55,069 [b0d4646c-0fcd-42fc-b255-eb3c3c8c3636@group-AD9EB289532E-LeaderElection93] INFO  impl.RoleInfo (RoleInfo.java:updateAndGet(130)) - b0d4646c-0fcd-42fc-b255-eb3c3c8c3636: start b0d4646c-0fcd-42fc-b255-eb3c3c8c3636@group-AD9EB289532E-FollowerState
2021-08-26 18:40:55,075 [grpc-default-executor-2] INFO  server.RaftServer$Division (RaftServerImpl.java:requestVote(1043)) - feac8f5a-1b39-4e45-882b-39b2a71e70b7@group-AD9EB289532E: receive requestVote(ELECTION, b0d4646c-0fcd-42fc-b255-eb3c3c8c3636, group-AD9EB289532E, 1, (t:0, i:0))
2021-08-26 18:40:55,075 [grpc-default-executor-2] INFO  impl.VoteContext (VoteContext.java:log(48)) - feac8f5a-1b39-4e45-882b-39b2a71e70b7@group-AD9EB289532E-FOLLOWER: accept ELECTION from b0d4646c-0fcd-42fc-b255-eb3c3c8c3636: our priority 0 <= candidate's priority 0
2021-08-26 18:40:55,075 [grpc-default-executor-2] INFO  server.RaftServer$Division (RaftServerImpl.java:setRole(285)) - feac8f5a-1b39-4e45-882b-39b2a71e70b7@group-AD9EB289532E: changes role from  FOLLOWER to FOLLOWER at term 1 for candidate:b0d4646c-0fcd-42fc-b255-eb3c3c8c3636
2021-08-26 18:40:55,075 [grpc-default-executor-2] INFO  impl.RoleInfo (RoleInfo.java:shutdownFollowerState(108)) - feac8f5a-1b39-4e45-882b-39b2a71e70b7: shutdown feac8f5a-1b39-4e45-882b-39b2a71e70b7@group-AD9EB289532E-FollowerState
2021-08-26 18:40:55,084 [87f05fb4-46b8-4bb5-a197-7bc4b26914eb@group-8992BE07B501-FollowerState] INFO  impl.FollowerState (FollowerState.java:run(134)) - 87f05fb4-46b8-4bb5-a197-7bc4b26914eb@group-8992BE07B501-FollowerState: change to CANDIDATE, lastRpcElapsedTime:5134996316ns, electionTimeout:5134ms
2021-08-26 18:40:55,084 [87f05fb4-46b8-4bb5-a197-7bc4b26914eb@group-8992BE07B501-FollowerState] INFO  impl.RoleInfo (RoleInfo.java:shutdownFollowerState(108)) - 87f05fb4-46b8-4bb5-a197-7bc4b26914eb: shutdown 87f05fb4-46b8-4bb5-a197-7bc4b26914eb@group-8992BE07B501-FollowerState
2021-08-26 18:40:55,084 [87f05fb4-46b8-4bb5-a197-7bc4b26914eb@group-8992BE07B501-FollowerState] INFO  server.RaftServer$Division (RaftServerImpl.java:setRole(285)) - 87f05fb4-46b8-4bb5-a197-7bc4b26914eb@group-8992BE07B501: changes role from  FOLLOWER to CANDIDATE at term 0 for changeToCandidate
2021-08-26 18:40:55,088 [87f05fb4-46b8-4bb5-a197-7bc4b26914eb@group-8992BE07B501-FollowerState] INFO  server.RaftServerConfigKeys (ConfUtils.java:logGet(44)) - raft.server.leaderelection.pre-vote = false (custom)
2021-08-26 18:40:55,088 [87f05fb4-46b8-4bb5-a197-7bc4b26914eb@group-8992BE07B501-FollowerState] INFO  impl.RoleInfo (RoleInfo.java:updateAndGet(130)) - 87f05fb4-46b8-4bb5-a197-7bc4b26914eb: start 87f05fb4-46b8-4bb5-a197-7bc4b26914eb@group-8992BE07B501-LeaderElection94
2021-08-26 18:40:55,088 [grpc-default-executor-2] INFO  impl.RoleInfo (RoleInfo.java:updateAndGet(130)) - feac8f5a-1b39-4e45-882b-39b2a71e70b7: start feac8f5a-1b39-4e45-882b-39b2a71e70b7@group-AD9EB289532E-FollowerState
2021-08-26 18:40:55,089 [Listener at 127.0.0.1/40319] INFO  ozoneimpl.OzoneContainer (OzoneContainer.java:stop(326)) - Attempting to stop container services.
2021-08-26 18:40:55,089 [feac8f5a-1b39-4e45-882b-39b2a71e70b7@group-AD9EB289532E-FollowerState] INFO  impl.FollowerState (FollowerState.java:run(143)) - feac8f5a-1b39-4e45-882b-39b2a71e70b7@group-AD9EB289532E-FollowerState was interrupted: {}
java.lang.InterruptedException: sleep interrupted
	at java.lang.Thread.sleep(Native Method)
	at java.lang.Thread.sleep(Thread.java:340)
	at java.util.concurrent.TimeUnit.sleep(TimeUnit.java:386)
	at org.apache.ratis.util.TimeDuration.sleep(TimeDuration.java:324)
	at org.apache.ratis.util.TimeDuration.sleep(TimeDuration.java:309)
	at org.apache.ratis.server.impl.FollowerState.run(FollowerState.java:118)
2021-08-26 18:40:55,089 [ForkJoinPool.commonPool-worker-1] INFO  ozoneimpl.OzoneContainer (OzoneContainer.java:stop(326)) - Attempting to stop container services.
2021-08-26 18:40:55,095 [ForkJoinPool.commonPool-worker-1] INFO  server.RaftServer (RaftServerProxy.java:lambda$close$6(391)) - feac8f5a-1b39-4e45-882b-39b2a71e70b7: close
2021-08-26 18:40:55,095 [ForkJoinPool.commonPool-worker-1] INFO  server.RaftServer$Division (RaftServerImpl.java:lambda$close$4(407)) - feac8f5a-1b39-4e45-882b-39b2a71e70b7@group-8992BE07B501: shutdown
2021-08-26 18:40:55,095 [Listener at 127.0.0.1/40319] INFO  server.RaftServer (RaftServerProxy.java:lambda$close$6(391)) - 88d9c6ea-d0be-4004-8450-128776760c0b: close
2021-08-26 18:40:55,095 [ForkJoinPool.commonPool-worker-1] INFO  util.JmxRegister (JmxRegister.java:unregister(73)) - Successfully un-registered JMX Bean with object name Ratis:service=RaftServer,group=group-8992BE07B501,id=feac8f5a-1b39-4e45-882b-39b2a71e70b7
2021-08-26 18:40:55,095 [ForkJoinPool.commonPool-worker-1] INFO  impl.RoleInfo (RoleInfo.java:shutdownFollowerState(108)) - feac8f5a-1b39-4e45-882b-39b2a71e70b7: shutdown feac8f5a-1b39-4e45-882b-39b2a71e70b7@group-8992BE07B501-FollowerState
2021-08-26 18:40:55,095 [Listener at 127.0.0.1/40319] INFO  server.RaftServer$Division (RaftServerImpl.java:lambda$close$4(407)) - 88d9c6ea-d0be-4004-8450-128776760c0b@group-0EE0E6A225EC: shutdown
2021-08-26 18:40:55,100 [Listener at 127.0.0.1/40319] INFO  util.JmxRegister (JmxRegister.java:unregister(73)) - Successfully un-registered JMX Bean with object name Ratis:service=RaftServer,group=group-0EE0E6A225EC,id=88d9c6ea-d0be-4004-8450-128776760c0b
2021-08-26 18:40:55,100 [Listener at 127.0.0.1/40319] INFO  impl.RoleInfo (RoleInfo.java:shutdownFollowerState(108)) - 88d9c6ea-d0be-4004-8450-128776760c0b: shutdown 88d9c6ea-d0be-4004-8450-128776760c0b@group-0EE0E6A225EC-FollowerState
2021-08-26 18:40:55,100 [grpc-default-executor-2] INFO  server.RaftServer$Division (RaftServerImpl.java:requestVote(1075)) - feac8f5a-1b39-4e45-882b-39b2a71e70b7@group-AD9EB289532E replies to ELECTION vote request: b0d4646c-0fcd-42fc-b255-eb3c3c8c3636<-feac8f5a-1b39-4e45-882b-39b2a71e70b7#0:OK-t1. Peer's state: feac8f5a-1b39-4e45-882b-39b2a71e70b7@group-AD9EB289532E:t1, leader=null, voted=b0d4646c-0fcd-42fc-b255-eb3c3c8c3636, raftlog=feac8f5a-1b39-4e45-882b-39b2a71e70b7@group-AD9EB289532E-SegmentedRaftLog:OPENED:c-1,f-1,i0, conf=-1: [feac8f5a-1b39-4e45-882b-39b2a71e70b7|rpc:10.1.0.63:43083|dataStream:|priority:0, 87f05fb4-46b8-4bb5-a197-7bc4b26914eb|rpc:10.1.0.63:44187|dataStream:|priority:1, b0d4646c-0fcd-42fc-b255-eb3c3c8c3636|rpc:10.1.0.63:45237|dataStream:|priority:0], old=null
2021-08-26 18:40:55,110 [Listener at 127.0.0.1/40319] INFO  impl.StateMachineUpdater (StateMachineUpdater.java:stopAndJoin(149)) - 88d9c6ea-d0be-4004-8450-128776760c0b@group-0EE0E6A225EC-StateMachineUpdater: set stopIndex = 0
2021-08-26 18:40:55,111 [88d9c6ea-d0be-4004-8450-128776760c0b@group-0EE0E6A225EC-FollowerState] INFO  impl.FollowerState (FollowerState.java:run(143)) - 88d9c6ea-d0be-4004-8450-128776760c0b@group-0EE0E6A225EC-FollowerState was interrupted: {}
java.lang.InterruptedException: sleep interrupted
	at java.lang.Thread.sleep(Native Method)
	at java.lang.Thread.sleep(Thread.java:340)
	at java.util.concurrent.TimeUnit.sleep(TimeUnit.java:386)
	at org.apache.ratis.util.TimeDuration.sleep(TimeDuration.java:324)
	at org.apache.ratis.util.TimeDuration.sleep(TimeDuration.java:309)
	at org.apache.ratis.server.impl.FollowerState.run(FollowerState.java:118)
2021-08-26 18:40:55,112 [ForkJoinPool.commonPool-worker-1] INFO  impl.StateMachineUpdater (StateMachineUpdater.java:stopAndJoin(149)) - feac8f5a-1b39-4e45-882b-39b2a71e70b7@group-8992BE07B501-StateMachineUpdater: set stopIndex = -1
2021-08-26 18:40:55,112 [feac8f5a-1b39-4e45-882b-39b2a71e70b7@group-8992BE07B501-FollowerState] INFO  impl.FollowerState (FollowerState.java:run(143)) - feac8f5a-1b39-4e45-882b-39b2a71e70b7@group-8992BE07B501-FollowerState was interrupted: {}
java.lang.InterruptedException: sleep interrupted
	at java.lang.Thread.sleep(Native Method)
	at java.lang.Thread.sleep(Thread.java:340)
	at java.util.concurrent.TimeUnit.sleep(TimeUnit.java:386)
	at org.apache.ratis.util.TimeDuration.sleep(TimeDuration.java:324)
	at org.apache.ratis.util.TimeDuration.sleep(TimeDuration.java:309)
	at org.apache.ratis.server.impl.FollowerState.run(FollowerState.java:118)
2021-08-26 18:40:55,112 [ForkJoinPool.commonPool-worker-1] INFO  server.RaftServer$Division (ServerState.java:close(419)) - feac8f5a-1b39-4e45-882b-39b2a71e70b7@group-8992BE07B501: closes. applyIndex: -1
2021-08-26 18:40:55,113 [feac8f5a-1b39-4e45-882b-39b2a71e70b7@group-8992BE07B501-SegmentedRaftLogWorker] INFO  segmented.SegmentedRaftLogWorker (SegmentedRaftLogWorker.java:run(327)) - feac8f5a-1b39-4e45-882b-39b2a71e70b7@group-8992BE07B501-SegmentedRaftLogWorker was interrupted, exiting. There are 0 tasks remaining in the queue.
2021-08-26 18:40:55,113 [ForkJoinPool.commonPool-worker-1] INFO  segmented.SegmentedRaftLogWorker (SegmentedRaftLogWorker.java:close(237)) - feac8f5a-1b39-4e45-882b-39b2a71e70b7@group-8992BE07B501-SegmentedRaftLogWorker close()
2021-08-26 18:40:55,111 [88d9c6ea-d0be-4004-8450-128776760c0b@group-0EE0E6A225EC-StateMachineUpdater] INFO  ratis.ContainerStateMachine (ContainerStateMachine.java:takeSnapshot(292)) - group-0EE0E6A225EC: Taking a snapshot at:(t:7, i:0) file /home/runner/work/ozone/ozone/hadoop-ozone/integration-test/target/test-dir/MiniOzoneClusterImpl-7287d2d4-454f-4da5-bbdc-7dc3b2fb158b/datanode-4/data/ratis/4c5cff93-0f15-4bcb-87ad-0ee0e6a225ec/sm/snapshot.7_0
2021-08-26 18:40:55,115 [ForkJoinPool.commonPool-worker-1] INFO  server.RaftServer$Division (RaftServerImpl.java:lambda$close$4(407)) - feac8f5a-1b39-4e45-882b-39b2a71e70b7@group-644ACEFF5726: shutdown
2021-08-26 18:40:55,125 [ForkJoinPool.commonPool-worker-1] INFO  util.JmxRegister (JmxRegister.java:unregister(73)) - Successfully un-registered JMX Bean with object name Ratis:service=RaftServer,group=group-644ACEFF5726,id=feac8f5a-1b39-4e45-882b-39b2a71e70b7
2021-08-26 18:40:55,125 [ForkJoinPool.commonPool-worker-1] INFO  impl.RoleInfo (RoleInfo.java:shutdownLeaderState(91)) - feac8f5a-1b39-4e45-882b-39b2a71e70b7: shutdown feac8f5a-1b39-4e45-882b-39b2a71e70b7@group-644ACEFF5726-LeaderStateImpl
2021-08-26 18:40:55,125 [ForkJoinPool.commonPool-worker-1] INFO  impl.PendingRequests (PendingRequests.java:sendNotLeaderResponses(282)) - feac8f5a-1b39-4e45-882b-39b2a71e70b7@group-644ACEFF5726-PendingRequests: sendNotLeaderResponses
2021-08-26 18:40:55,126 [ForkJoinPool.commonPool-worker-1] INFO  impl.StateMachineUpdater (StateMachineUpdater.java:stopAndJoin(149)) - feac8f5a-1b39-4e45-882b-39b2a71e70b7@group-644ACEFF5726-StateMachineUpdater: set stopIndex = 0
2021-08-26 18:40:55,126 [feac8f5a-1b39-4e45-882b-39b2a71e70b7@group-644ACEFF5726-StateMachineUpdater] INFO  ratis.ContainerStateMachine (ContainerStateMachine.java:takeSnapshot(292)) - group-644ACEFF5726: Taking a snapshot at:(t:1, i:0) file /home/runner/work/ozone/ozone/hadoop-ozone/integration-test/target/test-dir/MiniOzoneClusterImpl-7287d2d4-454f-4da5-bbdc-7dc3b2fb158b/datanode-1/data/ratis/fb683fb8-b5e1-4085-a398-644aceff5726/sm/snapshot.1_0
2021-08-26 18:40:55,128 [feac8f5a-1b39-4e45-882b-39b2a71e70b7@group-644ACEFF5726-StateMachineUpdater] INFO  ratis.ContainerStateMachine (ContainerStateMachine.java:takeSnapshot(303)) - group-644ACEFF5726: Finished taking a snapshot at:(t:1, i:0) file:/home/runner/work/ozone/ozone/hadoop-ozone/integration-test/target/test-dir/MiniOzoneClusterImpl-7287d2d4-454f-4da5-bbdc-7dc3b2fb158b/datanode-1/data/ratis/fb683fb8-b5e1-4085-a398-644aceff5726/sm/snapshot.1_0 took: 2 ms
2021-08-26 18:40:55,128 [feac8f5a-1b39-4e45-882b-39b2a71e70b7@group-644ACEFF5726-StateMachineUpdater] INFO  impl.StateMachineUpdater (StateMachineUpdater.java:takeSnapshot(281)) - feac8f5a-1b39-4e45-882b-39b2a71e70b7@group-644ACEFF5726-StateMachineUpdater: Took a snapshot at index 0
2021-08-26 18:40:55,128 [feac8f5a-1b39-4e45-882b-39b2a71e70b7@group-644ACEFF5726-StateMachineUpdater] INFO  impl.StateMachineUpdater (StateMachineUpdater.java:lambda$new$0(89)) - feac8f5a-1b39-4e45-882b-39b2a71e70b7@group-644ACEFF5726-StateMachineUpdater: snapshotIndex: updateIncreasingly -1 -> 0
2021-08-26 18:40:55,128 [ForkJoinPool.commonPool-worker-1] INFO  server.RaftServer$Division (ServerState.java:close(419)) - feac8f5a-1b39-4e45-882b-39b2a71e70b7@group-644ACEFF5726: closes. applyIndex: 0
2021-08-26 18:40:55,128 [feac8f5a-1b39-4e45-882b-39b2a71e70b7@group-644ACEFF5726-SegmentedRaftLogWorker] INFO  segmented.SegmentedRaftLogWorker (SegmentedRaftLogWorker.java:run(327)) - feac8f5a-1b39-4e45-882b-39b2a71e70b7@group-644ACEFF5726-SegmentedRaftLogWorker was interrupted, exiting. There are 0 tasks remaining in the queue.
2021-08-26 18:40:55,128 [ForkJoinPool.commonPool-worker-1] INFO  segmented.SegmentedRaftLogWorker (SegmentedRaftLogWorker.java:close(237)) - feac8f5a-1b39-4e45-882b-39b2a71e70b7@group-644ACEFF5726-SegmentedRaftLogWorker close()
2021-08-26 18:40:55,129 [ForkJoinPool.commonPool-worker-1] INFO  server.RaftServer$Division (RaftServerImpl.java:lambda$close$4(407)) - feac8f5a-1b39-4e45-882b-39b2a71e70b7@group-AD9EB289532E: shutdown
2021-08-26 18:40:55,129 [ForkJoinPool.commonPool-worker-1] INFO  util.JmxRegister (JmxRegister.java:unregister(73)) - Successfully un-registered JMX Bean with object name Ratis:service=RaftServer,group=group-AD9EB289532E,id=feac8f5a-1b39-4e45-882b-39b2a71e70b7
2021-08-26 18:40:55,129 [ForkJoinPool.commonPool-worker-1] INFO  impl.RoleInfo (RoleInfo.java:shutdownFollowerState(108)) - feac8f5a-1b39-4e45-882b-39b2a71e70b7: shutdown feac8f5a-1b39-4e45-882b-39b2a71e70b7@group-AD9EB289532E-FollowerState
2021-08-26 18:40:55,130 [ForkJoinPool.commonPool-worker-1] INFO  impl.StateMachineUpdater (StateMachineUpdater.java:stopAndJoin(149)) - feac8f5a-1b39-4e45-882b-39b2a71e70b7@group-AD9EB289532E-StateMachineUpdater: set stopIndex = -1
2021-08-26 18:40:55,130 [feac8f5a-1b39-4e45-882b-39b2a71e70b7@group-AD9EB289532E-FollowerState] INFO  impl.FollowerState (FollowerState.java:run(143)) - feac8f5a-1b39-4e45-882b-39b2a71e70b7@group-AD9EB289532E-FollowerState was interrupted: {}
java.lang.InterruptedException: sleep interrupted
	at java.lang.Thread.sleep(Native Method)
	at java.lang.Thread.sleep(Thread.java:340)
	at java.util.concurrent.TimeUnit.sleep(TimeUnit.java:386)
	at org.apache.ratis.util.TimeDuration.sleep(TimeDuration.java:324)
	at org.apache.ratis.util.TimeDuration.sleep(TimeDuration.java:309)
	at org.apache.ratis.server.impl.FollowerState.run(FollowerState.java:118)
2021-08-26 18:40:55,130 [ForkJoinPool.commonPool-worker-1] INFO  server.RaftServer$Division (ServerState.java:close(419)) - feac8f5a-1b39-4e45-882b-39b2a71e70b7@group-AD9EB289532E: closes. applyIndex: -1
2021-08-26 18:40:55,135 [feac8f5a-1b39-4e45-882b-39b2a71e70b7@group-AD9EB289532E-SegmentedRaftLogWorker] INFO  segmented.SegmentedRaftLogWorker (SegmentedRaftLogWorker.java:run(327)) - feac8f5a-1b39-4e45-882b-39b2a71e70b7@group-AD9EB289532E-SegmentedRaftLogWorker was interrupted, exiting. There are 0 tasks remaining in the queue.
2021-08-26 18:40:55,135 [ForkJoinPool.commonPool-worker-1] INFO  segmented.SegmentedRaftLogWorker (SegmentedRaftLogWorker.java:close(237)) - feac8f5a-1b39-4e45-882b-39b2a71e70b7@group-AD9EB289532E-SegmentedRaftLogWorker close()
2021-08-26 18:40:55,137 [ForkJoinPool.commonPool-worker-1] INFO  server.GrpcService (GrpcService.java:closeImpl(262)) - feac8f5a-1b39-4e45-882b-39b2a71e70b7: shutdown server with port 43083 now
2021-08-26 18:40:55,138 [ForkJoinPool.commonPool-worker-1] INFO  server.GrpcService (GrpcService.java:closeImpl(271)) - feac8f5a-1b39-4e45-882b-39b2a71e70b7: shutdown server with port 43083 successfully
2021-08-26 18:40:55,139 [org.apache.ratis.util.JvmPauseMonitor$$Lambda$531/1778678572@18505138] INFO  util.JvmPauseMonitor (JvmPauseMonitor.java:run(109)) - JvmPauseMonitor-feac8f5a-1b39-4e45-882b-39b2a71e70b7: Stopped
2021-08-26 18:40:55,156 [ForkJoinPool.commonPool-worker-1] INFO  utils.BackgroundService (BackgroundService.java:shutdown(132)) - Shutting down service BlockDeletingService
2021-08-26 18:40:55,156 [88d9c6ea-d0be-4004-8450-128776760c0b@group-0EE0E6A225EC-StateMachineUpdater] INFO  ratis.ContainerStateMachine (ContainerStateMachine.java:takeSnapshot(303)) - group-0EE0E6A225EC: Finished taking a snapshot at:(t:7, i:0) file:/home/runner/work/ozone/ozone/hadoop-ozone/integration-test/target/test-dir/MiniOzoneClusterImpl-7287d2d4-454f-4da5-bbdc-7dc3b2fb158b/datanode-4/data/ratis/4c5cff93-0f15-4bcb-87ad-0ee0e6a225ec/sm/snapshot.7_0 took: 45 ms
2021-08-26 18:40:55,156 [88d9c6ea-d0be-4004-8450-128776760c0b@group-0EE0E6A225EC-StateMachineUpdater] INFO  impl.StateMachineUpdater (StateMachineUpdater.java:takeSnapshot(281)) - 88d9c6ea-d0be-4004-8450-128776760c0b@group-0EE0E6A225EC-StateMachineUpdater: Took a snapshot at index 0
2021-08-26 18:40:55,156 [88d9c6ea-d0be-4004-8450-128776760c0b@group-0EE0E6A225EC-StateMachineUpdater] INFO  impl.StateMachineUpdater (StateMachineUpdater.java:lambda$new$0(89)) - 88d9c6ea-d0be-4004-8450-128776760c0b@group-0EE0E6A225EC-StateMachineUpdater: snapshotIndex: updateIncreasingly -1 -> 0
2021-08-26 18:40:55,156 [Listener at 127.0.0.1/40319] INFO  server.RaftServer$Division (ServerState.java:close(419)) - 88d9c6ea-d0be-4004-8450-128776760c0b@group-0EE0E6A225EC: closes. applyIndex: 0
2021-08-26 18:40:55,157 [88d9c6ea-d0be-4004-8450-128776760c0b@group-0EE0E6A225EC-SegmentedRaftLogWorker] INFO  segmented.SegmentedRaftLogWorker (SegmentedRaftLogWorker.java:run(327)) - 88d9c6ea-d0be-4004-8450-128776760c0b@group-0EE0E6A225EC-SegmentedRaftLogWorker was interrupted, exiting. There are 0 tasks remaining in the queue.
2021-08-26 18:40:55,157 [Listener at 127.0.0.1/40319] INFO  segmented.SegmentedRaftLogWorker (SegmentedRaftLogWorker.java:close(237)) - 88d9c6ea-d0be-4004-8450-128776760c0b@group-0EE0E6A225EC-SegmentedRaftLogWorker close()
2021-08-26 18:40:55,157 [87f05fb4-46b8-4bb5-a197-7bc4b26914eb@group-8992BE07B501-LeaderElection94] INFO  impl.LeaderElection (LeaderElection.java:askForVotes(306)) - 87f05fb4-46b8-4bb5-a197-7bc4b26914eb@group-8992BE07B501-LeaderElection94 ELECTION round 0: submit vote requests at term 1 for -1: [feac8f5a-1b39-4e45-882b-39b2a71e70b7|rpc:10.1.0.63:43083|priority:0, 87f05fb4-46b8-4bb5-a197-7bc4b26914eb|rpc:10.1.0.63:44187|priority:0, 7a21a715-39a0-4b71-a267-c33797e0d730|rpc:10.1.0.63:34101|priority:1], old=null
2021-08-26 18:40:55,157 [Listener at 127.0.0.1/40319] INFO  server.RaftServer$Division (RaftServerImpl.java:lambda$close$4(407)) - 88d9c6ea-d0be-4004-8450-128776760c0b@group-5443D1AD4915: shutdown
2021-08-26 18:40:55,158 [Listener at 127.0.0.1/40319] INFO  util.JmxRegister (JmxRegister.java:unregister(73)) - Successfully un-registered JMX Bean with object name Ratis:service=RaftServer,group=group-5443D1AD4915,id=88d9c6ea-d0be-4004-8450-128776760c0b
2021-08-26 18:40:55,158 [Listener at 127.0.0.1/40319] INFO  impl.RoleInfo (RoleInfo.java:shutdownLeaderState(91)) - 88d9c6ea-d0be-4004-8450-128776760c0b: shutdown 88d9c6ea-d0be-4004-8450-128776760c0b@group-5443D1AD4915-LeaderStateImpl
2021-08-26 18:40:55,167 [grpc-default-executor-2] INFO  server.GrpcServerProtocolService (GrpcServerProtocolService.java:onCompleted(140)) - 95edf07e-7fec-45a0-b357-ea2c9e88c813: Completed APPEND_ENTRIES, lastRequest: 88d9c6ea-d0be-4004-8450-128776760c0b->95edf07e-7fec-45a0-b357-ea2c9e88c813#1-t2,previous=(t:0, i:0),leaderCommit=-1,initializing? true,entries: size=1, first=(t:2, i:0), CONFIGURATIONENTRY
2021-08-26 18:40:55,167 [grpc-default-executor-3] INFO  server.GrpcLogAppender (GrpcLogAppender.java:onCompleted(344)) - 88d9c6ea-d0be-4004-8450-128776760c0b@group-5443D1AD4915->95edf07e-7fec-45a0-b357-ea2c9e88c813-AppendLogResponseHandler: follower responses appendEntries COMPLETED
2021-08-26 18:40:55,168 [grpc-default-executor-3] INFO  leader.FollowerInfo (FollowerInfoImpl.java:lambda$new$0(46)) - 88d9c6ea-d0be-4004-8450-128776760c0b@group-5443D1AD4915->95edf07e-7fec-45a0-b357-ea2c9e88c813: nextIndex: updateUnconditionally 1 -> 0
2021-08-26 18:40:55,175 [87f05fb4-46b8-4bb5-a197-7bc4b26914eb@group-8992BE07B501-LeaderElection94] INFO  impl.LeaderElection (LogUtils.java:infoOrTrace(137)) - 87f05fb4-46b8-4bb5-a197-7bc4b26914eb@group-8992BE07B501-LeaderElection94 got exception when requesting votes: java.util.concurrent.ExecutionException: org.apache.ratis.thirdparty.io.grpc.StatusRuntimeException: UNAVAILABLE: io exception
2021-08-26 18:40:55,188 [grpc-default-executor-2] INFO  server.RaftServer$Division (RaftServerImpl.java:requestVote(1043)) - 7a21a715-39a0-4b71-a267-c33797e0d730@group-8992BE07B501: receive requestVote(ELECTION, 87f05fb4-46b8-4bb5-a197-7bc4b26914eb, group-8992BE07B501, 1, (t:0, i:0))
2021-08-26 18:40:55,188 [grpc-default-executor-2] INFO  impl.VoteContext (VoteContext.java:log(48)) - 7a21a715-39a0-4b71-a267-c33797e0d730@group-8992BE07B501-FOLLOWER: reject ELECTION from 87f05fb4-46b8-4bb5-a197-7bc4b26914eb: our priority 1 > candidate's priority 0
2021-08-26 18:40:55,188 [grpc-default-executor-2] INFO  server.RaftServer$Division (RaftServerImpl.java:setRole(285)) - 7a21a715-39a0-4b71-a267-c33797e0d730@group-8992BE07B501: changes role from  FOLLOWER to FOLLOWER at term 1 for candidate:87f05fb4-46b8-4bb5-a197-7bc4b26914eb
2021-08-26 18:40:55,188 [grpc-default-executor-2] INFO  impl.RoleInfo (RoleInfo.java:shutdownFollowerState(108)) - 7a21a715-39a0-4b71-a267-c33797e0d730: shutdown 7a21a715-39a0-4b71-a267-c33797e0d730@group-8992BE07B501-FollowerState
2021-08-26 18:40:55,188 [grpc-default-executor-2] INFO  impl.RoleInfo (RoleInfo.java:updateAndGet(130)) - 7a21a715-39a0-4b71-a267-c33797e0d730: start 7a21a715-39a0-4b71-a267-c33797e0d730@group-8992BE07B501-FollowerState
2021-08-26 18:40:55,188 [7a21a715-39a0-4b71-a267-c33797e0d730@group-8992BE07B501-FollowerState] INFO  impl.FollowerState (FollowerState.java:run(143)) - 7a21a715-39a0-4b71-a267-c33797e0d730@group-8992BE07B501-FollowerState was interrupted: {}
java.lang.InterruptedException: sleep interrupted
	at java.lang.Thread.sleep(Native Method)
	at java.lang.Thread.sleep(Thread.java:340)
	at java.util.concurrent.TimeUnit.sleep(TimeUnit.java:386)
	at org.apache.ratis.util.TimeDuration.sleep(TimeDuration.java:324)
	at org.apache.ratis.util.TimeDuration.sleep(TimeDuration.java:309)
	at org.apache.ratis.server.impl.FollowerState.run(FollowerState.java:118)
2021-08-26 18:40:55,210 [grpc-default-executor-2] INFO  server.RaftServer$Division (RaftServerImpl.java:requestVote(1075)) - 7a21a715-39a0-4b71-a267-c33797e0d730@group-8992BE07B501 replies to ELECTION vote request: 87f05fb4-46b8-4bb5-a197-7bc4b26914eb<-7a21a715-39a0-4b71-a267-c33797e0d730#0:FAIL-t1. Peer's state: 7a21a715-39a0-4b71-a267-c33797e0d730@group-8992BE07B501:t1, leader=null, voted=null, raftlog=7a21a715-39a0-4b71-a267-c33797e0d730@group-8992BE07B501-SegmentedRaftLog:OPENED:c-1,f-1,i0, conf=-1: [feac8f5a-1b39-4e45-882b-39b2a71e70b7|rpc:10.1.0.63:43083|priority:0, 87f05fb4-46b8-4bb5-a197-7bc4b26914eb|rpc:10.1.0.63:44187|priority:0, 7a21a715-39a0-4b71-a267-c33797e0d730|rpc:10.1.0.63:34101|priority:1], old=null
2021-08-26 18:40:55,211 [Listener at 127.0.0.1/40319] INFO  impl.PendingRequests (PendingRequests.java:sendNotLeaderResponses(282)) - 88d9c6ea-d0be-4004-8450-128776760c0b@group-5443D1AD4915-PendingRequests: sendNotLeaderResponses
2021-08-26 18:40:55,212 [Listener at 127.0.0.1/40319] INFO  impl.StateMachineUpdater (StateMachineUpdater.java:stopAndJoin(149)) - 88d9c6ea-d0be-4004-8450-128776760c0b@group-5443D1AD4915-StateMachineUpdater: set stopIndex = 0
2021-08-26 18:40:55,212 [88d9c6ea-d0be-4004-8450-128776760c0b@group-5443D1AD4915->134e4cc8-3e2d-4572-98bc-d75f353c351b-GrpcLogAppender-LogAppenderDaemon] WARN  server.GrpcLogAppender (GrpcLogAppender.java:mayWait(175)) - 88d9c6ea-d0be-4004-8450-128776760c0b@group-5443D1AD4915->134e4cc8-3e2d-4572-98bc-d75f353c351b-GrpcLogAppender: Wait interrupted by java.lang.InterruptedException
2021-08-26 18:40:55,212 [88d9c6ea-d0be-4004-8450-128776760c0b@group-5443D1AD4915-StateMachineUpdater] INFO  ratis.ContainerStateMachine (ContainerStateMachine.java:takeSnapshot(292)) - group-5443D1AD4915: Taking a snapshot at:(t:2, i:0) file /home/runner/work/ozone/ozone/hadoop-ozone/integration-test/target/test-dir/MiniOzoneClusterImpl-7287d2d4-454f-4da5-bbdc-7dc3b2fb158b/datanode-4/data/ratis/216adb88-0bda-436d-9886-5443d1ad4915/sm/snapshot.2_0
2021-08-26 18:40:55,213 [88d9c6ea-d0be-4004-8450-128776760c0b@group-5443D1AD4915-StateMachineUpdater] INFO  ratis.ContainerStateMachine (ContainerStateMachine.java:takeSnapshot(303)) - group-5443D1AD4915: Finished taking a snapshot at:(t:2, i:0) file:/home/runner/work/ozone/ozone/hadoop-ozone/integration-test/target/test-dir/MiniOzoneClusterImpl-7287d2d4-454f-4da5-bbdc-7dc3b2fb158b/datanode-4/data/ratis/216adb88-0bda-436d-9886-5443d1ad4915/sm/snapshot.2_0 took: 1 ms
2021-08-26 18:40:55,213 [88d9c6ea-d0be-4004-8450-128776760c0b@group-5443D1AD4915-StateMachineUpdater] INFO  impl.StateMachineUpdater (StateMachineUpdater.java:takeSnapshot(281)) - 88d9c6ea-d0be-4004-8450-128776760c0b@group-5443D1AD4915-StateMachineUpdater: Took a snapshot at index 0
2021-08-26 18:40:55,213 [88d9c6ea-d0be-4004-8450-128776760c0b@group-5443D1AD4915-StateMachineUpdater] INFO  impl.StateMachineUpdater (StateMachineUpdater.java:lambda$new$0(89)) - 88d9c6ea-d0be-4004-8450-128776760c0b@group-5443D1AD4915-StateMachineUpdater: snapshotIndex: updateIncreasingly -1 -> 0
2021-08-26 18:40:55,213 [Listener at 127.0.0.1/40319] INFO  server.RaftServer$Division (ServerState.java:close(419)) - 88d9c6ea-d0be-4004-8450-128776760c0b@group-5443D1AD4915: closes. applyIndex: 0
2021-08-26 18:40:55,214 [88d9c6ea-d0be-4004-8450-128776760c0b@group-5443D1AD4915-SegmentedRaftLogWorker] INFO  segmented.SegmentedRaftLogWorker (SegmentedRaftLogWorker.java:run(327)) - 88d9c6ea-d0be-4004-8450-128776760c0b@group-5443D1AD4915-SegmentedRaftLogWorker was interrupted, exiting. There are 0 tasks remaining in the queue.
2021-08-26 18:40:55,214 [Listener at 127.0.0.1/40319] INFO  segmented.SegmentedRaftLogWorker (SegmentedRaftLogWorker.java:close(237)) - 88d9c6ea-d0be-4004-8450-128776760c0b@group-5443D1AD4915-SegmentedRaftLogWorker close()
2021-08-26 18:40:55,220 [grpc-default-executor-2] INFO  server.GrpcServerProtocolService (GrpcServerProtocolService.java:onCompleted(140)) - 134e4cc8-3e2d-4572-98bc-d75f353c351b: Completed APPEND_ENTRIES, lastRequest: 88d9c6ea-d0be-4004-8450-128776760c0b->134e4cc8-3e2d-4572-98bc-d75f353c351b#1-t2,previous=(t:0, i:0),leaderCommit=-1,initializing? true,entries: size=1, first=(t:2, i:0), CONFIGURATIONENTRY
2021-08-26 18:40:55,221 [grpc-default-executor-3] INFO  server.GrpcLogAppender (GrpcLogAppender.java:onCompleted(344)) - 88d9c6ea-d0be-4004-8450-128776760c0b@group-5443D1AD4915->134e4cc8-3e2d-4572-98bc-d75f353c351b-AppendLogResponseHandler: follower responses appendEntries COMPLETED
2021-08-26 18:40:55,221 [grpc-default-executor-3] INFO  leader.FollowerInfo (FollowerInfoImpl.java:lambda$new$0(46)) - 88d9c6ea-d0be-4004-8450-128776760c0b@group-5443D1AD4915->134e4cc8-3e2d-4572-98bc-d75f353c351b: nextIndex: updateUnconditionally 1 -> 0
2021-08-26 18:40:55,221 [87f05fb4-46b8-4bb5-a197-7bc4b26914eb@group-8992BE07B501-LeaderElection94] INFO  impl.LeaderElection (LeaderElection.java:logAndReturn(89)) - 87f05fb4-46b8-4bb5-a197-7bc4b26914eb@group-8992BE07B501-LeaderElection94: ELECTION REJECTED received 1 response(s) and 1 exception(s):
2021-08-26 18:40:55,221 [87f05fb4-46b8-4bb5-a197-7bc4b26914eb@group-8992BE07B501-LeaderElection94] INFO  impl.LeaderElection (LeaderElection.java:logAndReturn(93)) -   Response 0: 87f05fb4-46b8-4bb5-a197-7bc4b26914eb<-7a21a715-39a0-4b71-a267-c33797e0d730#0:FAIL-t1
2021-08-26 18:40:55,221 [87f05fb4-46b8-4bb5-a197-7bc4b26914eb@group-8992BE07B501-LeaderElection94] INFO  impl.LeaderElection (LogUtils.java:infoOrTrace(137)) -   Exception 1: java.util.concurrent.ExecutionException: org.apache.ratis.thirdparty.io.grpc.StatusRuntimeException: UNAVAILABLE: io exception
2021-08-26 18:40:55,221 [87f05fb4-46b8-4bb5-a197-7bc4b26914eb@group-8992BE07B501-LeaderElection94] INFO  impl.LeaderElection (LeaderElection.java:askForVotes(308)) - 87f05fb4-46b8-4bb5-a197-7bc4b26914eb@group-8992BE07B501-LeaderElection94 ELECTION round 0: result REJECTED
2021-08-26 18:40:55,221 [87f05fb4-46b8-4bb5-a197-7bc4b26914eb@group-8992BE07B501-LeaderElection94] INFO  server.RaftServer$Division (RaftServerImpl.java:setRole(285)) - 87f05fb4-46b8-4bb5-a197-7bc4b26914eb@group-8992BE07B501: changes role from CANDIDATE to FOLLOWER at term 1 for REJECTED
2021-08-26 18:40:55,221 [87f05fb4-46b8-4bb5-a197-7bc4b26914eb@group-8992BE07B501-LeaderElection94] INFO  impl.RoleInfo (RoleInfo.java:shutdownLeaderElection(121)) - 87f05fb4-46b8-4bb5-a197-7bc4b26914eb: shutdown 87f05fb4-46b8-4bb5-a197-7bc4b26914eb@group-8992BE07B501-LeaderElection94
2021-08-26 18:40:55,221 [87f05fb4-46b8-4bb5-a197-7bc4b26914eb@group-8992BE07B501-LeaderElection94] INFO  impl.RoleInfo (RoleInfo.java:updateAndGet(130)) - 87f05fb4-46b8-4bb5-a197-7bc4b26914eb: start 87f05fb4-46b8-4bb5-a197-7bc4b26914eb@group-8992BE07B501-FollowerState
2021-08-26 18:40:55,240 [Listener at 127.0.0.1/40319] INFO  server.RaftServer$Division (RaftServerImpl.java:lambda$close$4(407)) - 88d9c6ea-d0be-4004-8450-128776760c0b@group-361F1E6F84BC: shutdown
2021-08-26 18:40:55,240 [Listener at 127.0.0.1/40319] INFO  util.JmxRegister (JmxRegister.java:unregister(73)) - Successfully un-registered JMX Bean with object name Ratis:service=RaftServer,group=group-361F1E6F84BC,id=88d9c6ea-d0be-4004-8450-128776760c0b
2021-08-26 18:40:55,240 [Listener at 127.0.0.1/40319] INFO  impl.RoleInfo (RoleInfo.java:shutdownLeaderState(91)) - 88d9c6ea-d0be-4004-8450-128776760c0b: shutdown 88d9c6ea-d0be-4004-8450-128776760c0b@group-361F1E6F84BC-LeaderStateImpl
2021-08-26 18:40:55,240 [Listener at 127.0.0.1/40319] INFO  impl.PendingRequests (PendingRequests.java:sendNotLeaderResponses(282)) - 88d9c6ea-d0be-4004-8450-128776760c0b@group-361F1E6F84BC-PendingRequests: sendNotLeaderResponses
2021-08-26 18:40:55,262 [Listener at 127.0.0.1/40319] INFO  impl.StateMachineUpdater (StateMachineUpdater.java:stopAndJoin(149)) - 88d9c6ea-d0be-4004-8450-128776760c0b@group-361F1E6F84BC-StateMachineUpdater: set stopIndex = 12
2021-08-26 18:40:55,262 [88d9c6ea-d0be-4004-8450-128776760c0b@group-361F1E6F84BC-StateMachineUpdater] INFO  ratis.ContainerStateMachine (ContainerStateMachine.java:takeSnapshot(292)) - group-361F1E6F84BC: Taking a snapshot at:(t:1, i:12) file /home/runner/work/ozone/ozone/hadoop-ozone/integration-test/target/test-dir/MiniOzoneClusterImpl-7287d2d4-454f-4da5-bbdc-7dc3b2fb158b/datanode-4/data/ratis/b0338b3d-1533-48ab-b957-361f1e6f84bc/sm/snapshot.1_12
2021-08-26 18:40:55,267 [88d9c6ea-d0be-4004-8450-128776760c0b@group-361F1E6F84BC-StateMachineUpdater] INFO  ratis.ContainerStateMachine (ContainerStateMachine.java:takeSnapshot(303)) - group-361F1E6F84BC: Finished taking a snapshot at:(t:1, i:12) file:/home/runner/work/ozone/ozone/hadoop-ozone/integration-test/target/test-dir/MiniOzoneClusterImpl-7287d2d4-454f-4da5-bbdc-7dc3b2fb158b/datanode-4/data/ratis/b0338b3d-1533-48ab-b957-361f1e6f84bc/sm/snapshot.1_12 took: 5 ms
2021-08-26 18:40:55,267 [88d9c6ea-d0be-4004-8450-128776760c0b@group-361F1E6F84BC-StateMachineUpdater] INFO  impl.StateMachineUpdater (StateMachineUpdater.java:takeSnapshot(281)) - 88d9c6ea-d0be-4004-8450-128776760c0b@group-361F1E6F84BC-StateMachineUpdater: Took a snapshot at index 12
2021-08-26 18:40:55,267 [88d9c6ea-d0be-4004-8450-128776760c0b@group-361F1E6F84BC-StateMachineUpdater] INFO  impl.StateMachineUpdater (StateMachineUpdater.java:lambda$new$0(89)) - 88d9c6ea-d0be-4004-8450-128776760c0b@group-361F1E6F84BC-StateMachineUpdater: snapshotIndex: updateIncreasingly -1 -> 12
2021-08-26 18:40:55,272 [Listener at 127.0.0.1/40319] INFO  server.RaftServer$Division (ServerState.java:close(419)) - 88d9c6ea-d0be-4004-8450-128776760c0b@group-361F1E6F84BC: closes. applyIndex: 12
2021-08-26 18:40:55,272 [88d9c6ea-d0be-4004-8450-128776760c0b@group-361F1E6F84BC-SegmentedRaftLogWorker] INFO  segmented.SegmentedRaftLogWorker (SegmentedRaftLogWorker.java:run(327)) - 88d9c6ea-d0be-4004-8450-128776760c0b@group-361F1E6F84BC-SegmentedRaftLogWorker was interrupted, exiting. There are 0 tasks remaining in the queue.
2021-08-26 18:40:55,273 [Listener at 127.0.0.1/40319] INFO  segmented.SegmentedRaftLogWorker (SegmentedRaftLogWorker.java:close(237)) - 88d9c6ea-d0be-4004-8450-128776760c0b@group-361F1E6F84BC-SegmentedRaftLogWorker close()
2021-08-26 18:40:55,287 [Listener at 127.0.0.1/40319] INFO  server.GrpcService (GrpcService.java:closeImpl(262)) - 88d9c6ea-d0be-4004-8450-128776760c0b: shutdown server with port 32927 now
2021-08-26 18:40:55,306 [grpc-default-executor-3] WARN  server.GrpcServerProtocolService (LogUtils.java:warn(122)) - 88d9c6ea-d0be-4004-8450-128776760c0b: installSnapshot onError, lastRequest: 134e4cc8-3e2d-4572-98bc-d75f353c351b->88d9c6ea-d0be-4004-8450-128776760c0b#1-t7,previous=(t:0, i:0),leaderCommit=0,initializing? true,entries: size=1, first=(t:7, i:0), CONFIGURATIONENTRY: org.apache.ratis.thirdparty.io.grpc.StatusRuntimeException: CANCELLED: client cancelled
2021-08-26 18:40:55,307 [grpc-default-executor-2] WARN  server.GrpcLogAppender (LogUtils.java:warn(122)) - 134e4cc8-3e2d-4572-98bc-d75f353c351b@group-0EE0E6A225EC->88d9c6ea-d0be-4004-8450-128776760c0b-AppendLogResponseHandler: Failed appendEntries: org.apache.ratis.thirdparty.io.grpc.StatusRuntimeException: CANCELLED: HTTP/2 error code: CANCEL
Received Rst Stream
2021-08-26 18:40:55,307 [grpc-default-executor-2] WARN  server.GrpcLogAppender (GrpcLogAppender.java:resetClient(111)) - 134e4cc8-3e2d-4572-98bc-d75f353c351b@group-0EE0E6A225EC->88d9c6ea-d0be-4004-8450-128776760c0b-GrpcLogAppender: Leader has not got in touch with Follower 134e4cc8-3e2d-4572-98bc-d75f353c351b@group-0EE0E6A225EC->88d9c6ea-d0be-4004-8450-128776760c0b(c0,m0,n1, attendVote=true, lastRpcSendTime=384, lastRpcResponseTime=377) yet, just keep nextIndex unchanged and retry.
2021-08-26 18:40:55,319 [Listener at 127.0.0.1/40319] INFO  server.GrpcService (GrpcService.java:closeImpl(271)) - 88d9c6ea-d0be-4004-8450-128776760c0b: shutdown server with port 32927 successfully
2021-08-26 18:40:55,319 [org.apache.ratis.util.JvmPauseMonitor$$Lambda$531/1778678572@59938b8c] INFO  util.JvmPauseMonitor (JvmPauseMonitor.java:run(109)) - JvmPauseMonitor-88d9c6ea-d0be-4004-8450-128776760c0b: Stopped
2021-08-26 18:40:55,324 [Listener at 127.0.0.1/40319] INFO  utils.BackgroundService (BackgroundService.java:shutdown(132)) - Shutting down service BlockDeletingService
2021-08-26 18:40:57,430 [grpc-default-executor-3] WARN  server.GrpcLogAppender (LogUtils.java:warn(122)) - 134e4cc8-3e2d-4572-98bc-d75f353c351b@group-0EE0E6A225EC->88d9c6ea-d0be-4004-8450-128776760c0b-AppendLogResponseHandler: Failed appendEntries: org.apache.ratis.thirdparty.io.grpc.StatusRuntimeException: UNAVAILABLE: io exception
2021-08-26 18:40:57,439 [grpc-default-executor-3] WARN  server.GrpcLogAppender (GrpcLogAppender.java:resetClient(111)) - 134e4cc8-3e2d-4572-98bc-d75f353c351b@group-0EE0E6A225EC->88d9c6ea-d0be-4004-8450-128776760c0b-GrpcLogAppender: Leader has not got in touch with Follower 134e4cc8-3e2d-4572-98bc-d75f353c351b@group-0EE0E6A225EC->88d9c6ea-d0be-4004-8450-128776760c0b(c0,m0,n1, attendVote=true, lastRpcSendTime=8, lastRpcResponseTime=2509) yet, just keep nextIndex unchanged and retry.
2021-08-26 18:40:58,241 [ForkJoinPool.commonPool-worker-1] INFO  statemachine.DatanodeStateMachine (DatanodeStateMachine.java:stopDaemon(515)) - Ozone container server stopped.
2021-08-26 18:40:58,244 [ForkJoinPool.commonPool-worker-1] INFO  handler.ContextHandler (ContextHandler.java:doStop(1153)) - Stopped o.e.j.w.WebAppContext@68829998{hddsDatanode,/,null,STOPPED}{jar:file:/home/runner/.m2/repository/org/apache/ozone/hdds-container-service/1.2.0-SNAPSHOT/hdds-container-service-1.2.0-SNAPSHOT.jar!/webapps/hddsDatanode}
2021-08-26 18:40:58,244 [ForkJoinPool.commonPool-worker-1] INFO  server.AbstractConnector (AbstractConnector.java:doStop(381)) - Stopped ServerConnector@795b323e{HTTP/1.1, (http/1.1)}{0.0.0.0:0}
2021-08-26 18:40:58,244 [ForkJoinPool.commonPool-worker-1] INFO  server.session (HouseKeeper.java:stopScavenging(149)) - node0 Stopped scavenging
2021-08-26 18:40:58,267 [ForkJoinPool.commonPool-worker-1] INFO  handler.ContextHandler (ContextHandler.java:doStop(1153)) - Stopped o.e.j.s.ServletContextHandler@7273eee8{static,/static,jar:file:/home/runner/.m2/repository/org/apache/ozone/hdds-container-service/1.2.0-SNAPSHOT/hdds-container-service-1.2.0-SNAPSHOT.jar!/webapps/static,STOPPED}
2021-08-26 18:40:58,267 [ForkJoinPool.commonPool-worker-1] INFO  handler.ContextHandler (ContextHandler.java:doStop(1153)) - Stopped o.e.j.s.ServletContextHandler@140559c3{logs,/logs,file:///home/runner/work/ozone/ozone/hadoop-ozone/integration-test/target/log,STOPPED}
2021-08-26 18:40:58,302 [Datanode State Machine Thread - 0] INFO  statemachine.DatanodeStateMachine (DatanodeStateMachine.java:lambda$startDaemon$0(457)) - Ozone container server started.
2021-08-26 18:40:58,361 [Listener at 127.0.0.1/40319] INFO  statemachine.DatanodeStateMachine (DatanodeStateMachine.java:stopDaemon(515)) - Ozone container server stopped.
2021-08-26 18:40:58,362 [Listener at 127.0.0.1/40319] INFO  handler.ContextHandler (ContextHandler.java:doStop(1153)) - Stopped o.e.j.w.WebAppContext@76eb7c7{hddsDatanode,/,null,STOPPED}{jar:file:/home/runner/.m2/repository/org/apache/ozone/hdds-container-service/1.2.0-SNAPSHOT/hdds-container-service-1.2.0-SNAPSHOT.jar!/webapps/hddsDatanode}
2021-08-26 18:40:58,362 [Listener at 127.0.0.1/40319] INFO  server.AbstractConnector (AbstractConnector.java:doStop(381)) - Stopped ServerConnector@73c35e66{HTTP/1.1, (http/1.1)}{0.0.0.0:0}
2021-08-26 18:40:58,362 [Listener at 127.0.0.1/40319] INFO  server.session (HouseKeeper.java:stopScavenging(149)) - node0 Stopped scavenging
2021-08-26 18:40:58,362 [Listener at 127.0.0.1/40319] INFO  handler.ContextHandler (ContextHandler.java:doStop(1153)) - Stopped o.e.j.s.ServletContextHandler@2ab6e21d{static,/static,jar:file:/home/runner/.m2/repository/org/apache/ozone/hdds-container-service/1.2.0-SNAPSHOT/hdds-container-service-1.2.0-SNAPSHOT.jar!/webapps/static,STOPPED}
2021-08-26 18:40:58,362 [Listener at 127.0.0.1/40319] INFO  handler.ContextHandler (ContextHandler.java:doStop(1153)) - Stopped o.e.j.s.ServletContextHandler@69ecb40f{logs,/logs,file:///home/runner/work/ozone/ozone/hadoop-ozone/integration-test/target/log,STOPPED}
2021-08-26 18:40:58,952 [Datanode State Machine Thread - 0] INFO  statemachine.DatanodeStateMachine (DatanodeStateMachine.java:lambda$startDaemon$0(457)) - Ozone container server started.
2021-08-26 18:40:59,433 [EventQueue-StaleNodeForStaleNodeHandler] INFO  node.StaleNodeHandler (StaleNodeHandler.java:onMessage(58)) - Datanode 88d9c6ea-d0be-4004-8450-128776760c0b{ip: 10.1.0.63, host: fv-az184-233.3ow45vhwbzuu5incsxmygykede.cx.internal.cloudapp.net, ports: [REPLICATION=45503, RATIS=32927, RATIS_ADMIN=32927, RATIS_SERVER=32927, STANDALONE=46325], networkLocation: /default-rack, certSerialId: null, persistedOpState: IN_SERVICE, persistedOpStateExpiryEpochSec: 0} moved to stale state. Finalizing its pipelines [PipelineID=4c5cff93-0f15-4bcb-87ad-0ee0e6a225ec, PipelineID=216adb88-0bda-436d-9886-5443d1ad4915, PipelineID=b0338b3d-1533-48ab-b957-361f1e6f84bc]
2021-08-26 18:40:59,434 [EventQueue-StaleNodeForStaleNodeHandler] INFO  pipeline.PipelineManagerImpl (PipelineManagerImpl.java:closePipeline(342)) - Pipeline Pipeline[ Id: 4c5cff93-0f15-4bcb-87ad-0ee0e6a225ec, Nodes: 95edf07e-7fec-45a0-b357-ea2c9e88c813{ip: 10.1.0.63, host: fv-az184-233.3ow45vhwbzuu5incsxmygykede.cx.internal.cloudapp.net, ports: [REPLICATION=44839, RATIS=34053, RATIS_ADMIN=34053, RATIS_SERVER=34053, STANDALONE=33691], networkLocation: /default-rack, certSerialId: null, persistedOpState: IN_SERVICE, persistedOpStateExpiryEpochSec: 0}88d9c6ea-d0be-4004-8450-128776760c0b{ip: 10.1.0.63, host: fv-az184-233.3ow45vhwbzuu5incsxmygykede.cx.internal.cloudapp.net, ports: [REPLICATION=45503, RATIS=32927, RATIS_ADMIN=32927, RATIS_SERVER=32927, STANDALONE=46325], networkLocation: /default-rack, certSerialId: null, persistedOpState: IN_SERVICE, persistedOpStateExpiryEpochSec: 0}134e4cc8-3e2d-4572-98bc-d75f353c351b{ip: 10.1.0.63, host: fv-az184-233.3ow45vhwbzuu5incsxmygykede.cx.internal.cloudapp.net, ports: [REPLICATION=33211, RATIS=40073, RATIS_ADMIN=40073, RATIS_SERVER=40073, STANDALONE=44329], networkLocation: /default-rack, certSerialId: null, persistedOpState: IN_SERVICE, persistedOpStateExpiryEpochSec: 0}, ReplicationConfig: RATIS/THREE, State:OPEN, leaderId:134e4cc8-3e2d-4572-98bc-d75f353c351b, CreationTimestamp2021-08-26T18:39:53.747Z[Etc/UTC]] moved to CLOSED state
2021-08-26 18:40:59,434 [EventQueue-StaleNodeForStaleNodeHandler] INFO  pipeline.PipelineManagerImpl (PipelineManagerImpl.java:closePipeline(342)) - Pipeline Pipeline[ Id: 216adb88-0bda-436d-9886-5443d1ad4915, Nodes: 134e4cc8-3e2d-4572-98bc-d75f353c351b{ip: 10.1.0.63, host: fv-az184-233.3ow45vhwbzuu5incsxmygykede.cx.internal.cloudapp.net, ports: [REPLICATION=33211, RATIS=40073, RATIS_ADMIN=40073, RATIS_SERVER=40073, STANDALONE=44329], networkLocation: /default-rack, certSerialId: null, persistedOpState: IN_SERVICE, persistedOpStateExpiryEpochSec: 0}88d9c6ea-d0be-4004-8450-128776760c0b{ip: 10.1.0.63, host: fv-az184-233.3ow45vhwbzuu5incsxmygykede.cx.internal.cloudapp.net, ports: [REPLICATION=45503, RATIS=32927, RATIS_ADMIN=32927, RATIS_SERVER=32927, STANDALONE=46325], networkLocation: /default-rack, certSerialId: null, persistedOpState: IN_SERVICE, persistedOpStateExpiryEpochSec: 0}95edf07e-7fec-45a0-b357-ea2c9e88c813{ip: 10.1.0.63, host: fv-az184-233.3ow45vhwbzuu5incsxmygykede.cx.internal.cloudapp.net, ports: [REPLICATION=44839, RATIS=34053, RATIS_ADMIN=34053, RATIS_SERVER=34053, STANDALONE=33691], networkLocation: /default-rack, certSerialId: null, persistedOpState: IN_SERVICE, persistedOpStateExpiryEpochSec: 0}, ReplicationConfig: RATIS/THREE, State:OPEN, leaderId:88d9c6ea-d0be-4004-8450-128776760c0b, CreationTimestamp2021-08-26T18:39:53.739Z[Etc/UTC]] moved to CLOSED state
2021-08-26 18:40:59,434 [EventQueue-StaleNodeForStaleNodeHandler] INFO  pipeline.PipelineManagerImpl (PipelineManagerImpl.java:closePipeline(342)) - Pipeline Pipeline[ Id: b0338b3d-1533-48ab-b957-361f1e6f84bc, Nodes: 88d9c6ea-d0be-4004-8450-128776760c0b{ip: 10.1.0.63, host: fv-az184-233.3ow45vhwbzuu5incsxmygykede.cx.internal.cloudapp.net, ports: [REPLICATION=45503, RATIS=32927, RATIS_ADMIN=32927, RATIS_SERVER=32927, STANDALONE=46325], networkLocation: /default-rack, certSerialId: null, persistedOpState: IN_SERVICE, persistedOpStateExpiryEpochSec: 0}, ReplicationConfig: RATIS/ONE, State:OPEN, leaderId:88d9c6ea-d0be-4004-8450-128776760c0b, CreationTimestamp2021-08-26T18:39:53.229Z[Etc/UTC]] moved to CLOSED state
2021-08-26 18:40:59,437 [EventQueue-CloseContainerForCloseContainerEventHandler] INFO  container.CloseContainerEventHandler (CloseContainerEventHandler.java:onMessage(69)) - Close container Event triggered for container : #2
2021-08-26 18:40:59,943 [grpc-default-executor-3] WARN  server.GrpcLogAppender (LogUtils.java:warn(122)) - 134e4cc8-3e2d-4572-98bc-d75f353c351b@group-0EE0E6A225EC->88d9c6ea-d0be-4004-8450-128776760c0b-AppendLogResponseHandler: Failed appendEntries: org.apache.ratis.thirdparty.io.grpc.StatusRuntimeException: UNAVAILABLE: io exception
2021-08-26 18:40:59,943 [grpc-default-executor-3] WARN  server.GrpcLogAppender (GrpcLogAppender.java:resetClient(111)) - 134e4cc8-3e2d-4572-98bc-d75f353c351b@group-0EE0E6A225EC->88d9c6ea-d0be-4004-8450-128776760c0b-GrpcLogAppender: Leader has not got in touch with Follower 134e4cc8-3e2d-4572-98bc-d75f353c351b@group-0EE0E6A225EC->88d9c6ea-d0be-4004-8450-128776760c0b(c0,m0,n1, attendVote=true, lastRpcSendTime=4, lastRpcResponseTime=5013) yet, just keep nextIndex unchanged and retry.
2021-08-26 18:41:00,029 [EventQueue-StaleNodeForStaleNodeHandler] INFO  node.StaleNodeHandler (StaleNodeHandler.java:onMessage(58)) - Datanode feac8f5a-1b39-4e45-882b-39b2a71e70b7{ip: 10.1.0.63, host: fv-az184-233.3ow45vhwbzuu5incsxmygykede.cx.internal.cloudapp.net, ports: [REPLICATION=40843, RATIS=43083, RATIS_ADMIN=43083, RATIS_SERVER=43083, STANDALONE=44649], networkLocation: /default-rack, certSerialId: null, persistedOpState: IN_SERVICE, persistedOpStateExpiryEpochSec: 0} moved to stale state. Finalizing its pipelines [PipelineID=19e69daf-7bb9-4b43-a26e-8992be07b501, PipelineID=fb683fb8-b5e1-4085-a398-644aceff5726, PipelineID=5100cf8f-650e-40b2-b565-ad9eb289532e]
2021-08-26 18:41:00,030 [EventQueue-StaleNodeForStaleNodeHandler] INFO  pipeline.PipelineManagerImpl (PipelineManagerImpl.java:closePipeline(342)) - Pipeline Pipeline[ Id: 19e69daf-7bb9-4b43-a26e-8992be07b501, Nodes: feac8f5a-1b39-4e45-882b-39b2a71e70b7{ip: 10.1.0.63, host: fv-az184-233.3ow45vhwbzuu5incsxmygykede.cx.internal.cloudapp.net, ports: [REPLICATION=40843, RATIS=43083, RATIS_ADMIN=43083, RATIS_SERVER=43083, STANDALONE=44649], networkLocation: /default-rack, certSerialId: null, persistedOpState: IN_SERVICE, persistedOpStateExpiryEpochSec: 0}87f05fb4-46b8-4bb5-a197-7bc4b26914eb{ip: 10.1.0.63, host: fv-az184-233.3ow45vhwbzuu5incsxmygykede.cx.internal.cloudapp.net, ports: [REPLICATION=41467, RATIS=44187, RATIS_ADMIN=44187, RATIS_SERVER=44187, STANDALONE=44877], networkLocation: /default-rack, certSerialId: null, persistedOpState: IN_SERVICE, persistedOpStateExpiryEpochSec: 0}7a21a715-39a0-4b71-a267-c33797e0d730{ip: 10.1.0.63, host: fv-az184-233.3ow45vhwbzuu5incsxmygykede.cx.internal.cloudapp.net, ports: [REPLICATION=40157, RATIS=34101, RATIS_ADMIN=34101, RATIS_SERVER=34101, STANDALONE=46661], networkLocation: /default-rack, certSerialId: null, persistedOpState: IN_SERVICE, persistedOpStateExpiryEpochSec: 0}, ReplicationConfig: RATIS/THREE, State:ALLOCATED, leaderId:, CreationTimestamp2021-08-26T18:40:48.784Z[Etc/UTC]] moved to CLOSED state
2021-08-26 18:41:00,030 [EventQueue-StaleNodeForStaleNodeHandler] INFO  pipeline.PipelineManagerImpl (PipelineManagerImpl.java:closePipeline(342)) - Pipeline Pipeline[ Id: fb683fb8-b5e1-4085-a398-644aceff5726, Nodes: feac8f5a-1b39-4e45-882b-39b2a71e70b7{ip: 10.1.0.63, host: fv-az184-233.3ow45vhwbzuu5incsxmygykede.cx.internal.cloudapp.net, ports: [REPLICATION=40843, RATIS=43083, RATIS_ADMIN=43083, RATIS_SERVER=43083, STANDALONE=44649], networkLocation: /default-rack, certSerialId: null, persistedOpState: IN_SERVICE, persistedOpStateExpiryEpochSec: 0}, ReplicationConfig: RATIS/ONE, State:OPEN, leaderId:feac8f5a-1b39-4e45-882b-39b2a71e70b7, CreationTimestamp2021-08-26T18:39:51.194Z[Etc/UTC]] moved to CLOSED state
2021-08-26 18:41:00,030 [EventQueue-StaleNodeForStaleNodeHandler] INFO  pipeline.PipelineManagerImpl (PipelineManagerImpl.java:closePipeline(342)) - Pipeline Pipeline[ Id: 5100cf8f-650e-40b2-b565-ad9eb289532e, Nodes: b0d4646c-0fcd-42fc-b255-eb3c3c8c3636{ip: 10.1.0.63, host: fv-az184-233.3ow45vhwbzuu5incsxmygykede.cx.internal.cloudapp.net, ports: [REPLICATION=38487, RATIS=45237, RATIS_ADMIN=45237, RATIS_SERVER=45237, STANDALONE=33471], networkLocation: /default-rack, certSerialId: null, persistedOpState: IN_SERVICE, persistedOpStateExpiryEpochSec: 0}feac8f5a-1b39-4e45-882b-39b2a71e70b7{ip: 10.1.0.63, host: fv-az184-233.3ow45vhwbzuu5incsxmygykede.cx.internal.cloudapp.net, ports: [REPLICATION=40843, RATIS=43083, RATIS_ADMIN=43083, RATIS_SERVER=43083, STANDALONE=44649], networkLocation: /default-rack, certSerialId: null, persistedOpState: IN_SERVICE, persistedOpStateExpiryEpochSec: 0}87f05fb4-46b8-4bb5-a197-7bc4b26914eb{ip: 10.1.0.63, host: fv-az184-233.3ow45vhwbzuu5incsxmygykede.cx.internal.cloudapp.net, ports: [REPLICATION=41467, RATIS=44187, RATIS_ADMIN=44187, RATIS_SERVER=44187, STANDALONE=44877], networkLocation: /default-rack, certSerialId: null, persistedOpState: IN_SERVICE, persistedOpStateExpiryEpochSec: 0}, ReplicationConfig: RATIS/THREE, State:ALLOCATED, leaderId:, CreationTimestamp2021-08-26T18:40:48.785Z[Etc/UTC]] moved to CLOSED state
2021-08-26 18:41:00,146 [b0d4646c-0fcd-42fc-b255-eb3c3c8c3636@group-AD9EB289532E-FollowerState] INFO  impl.FollowerState (FollowerState.java:run(134)) - b0d4646c-0fcd-42fc-b255-eb3c3c8c3636@group-AD9EB289532E-FollowerState: change to CANDIDATE, lastRpcElapsedTime:5077928080ns, electionTimeout:5058ms
2021-08-26 18:41:00,147 [b0d4646c-0fcd-42fc-b255-eb3c3c8c3636@group-AD9EB289532E-FollowerState] INFO  impl.RoleInfo (RoleInfo.java:shutdownFollowerState(108)) - b0d4646c-0fcd-42fc-b255-eb3c3c8c3636: shutdown b0d4646c-0fcd-42fc-b255-eb3c3c8c3636@group-AD9EB289532E-FollowerState
2021-08-26 18:41:00,147 [b0d4646c-0fcd-42fc-b255-eb3c3c8c3636@group-AD9EB289532E-FollowerState] INFO  server.RaftServer$Division (RaftServerImpl.java:setRole(285)) - b0d4646c-0fcd-42fc-b255-eb3c3c8c3636@group-AD9EB289532E: changes role from  FOLLOWER to CANDIDATE at term 1 for changeToCandidate
2021-08-26 18:41:00,147 [b0d4646c-0fcd-42fc-b255-eb3c3c8c3636@group-AD9EB289532E-FollowerState] INFO  server.RaftServerConfigKeys (ConfUtils.java:logGet(44)) - raft.server.leaderelection.pre-vote = false (custom)
2021-08-26 18:41:00,147 [b0d4646c-0fcd-42fc-b255-eb3c3c8c3636@group-AD9EB289532E-FollowerState] INFO  impl.RoleInfo (RoleInfo.java:updateAndGet(130)) - b0d4646c-0fcd-42fc-b255-eb3c3c8c3636: start b0d4646c-0fcd-42fc-b255-eb3c3c8c3636@group-AD9EB289532E-LeaderElection95
2021-08-26 18:41:00,166 [87f05fb4-46b8-4bb5-a197-7bc4b26914eb@group-AD9EB289532E-FollowerState] INFO  impl.FollowerState (FollowerState.java:run(134)) - 87f05fb4-46b8-4bb5-a197-7bc4b26914eb@group-AD9EB289532E-FollowerState: change to CANDIDATE, lastRpcElapsedTime:5106997149ns, electionTimeout:5103ms
2021-08-26 18:41:00,166 [87f05fb4-46b8-4bb5-a197-7bc4b26914eb@group-AD9EB289532E-FollowerState] INFO  impl.RoleInfo (RoleInfo.java:shutdownFollowerState(108)) - 87f05fb4-46b8-4bb5-a197-7bc4b26914eb: shutdown 87f05fb4-46b8-4bb5-a197-7bc4b26914eb@group-AD9EB289532E-FollowerState
2021-08-26 18:41:00,166 [87f05fb4-46b8-4bb5-a197-7bc4b26914eb@group-AD9EB289532E-FollowerState] INFO  server.RaftServer$Division (RaftServerImpl.java:setRole(285)) - 87f05fb4-46b8-4bb5-a197-7bc4b26914eb@group-AD9EB289532E: changes role from  FOLLOWER to CANDIDATE at term 1 for changeToCandidate
2021-08-26 18:41:00,167 [87f05fb4-46b8-4bb5-a197-7bc4b26914eb@group-AD9EB289532E-FollowerState] INFO  server.RaftServerConfigKeys (ConfUtils.java:logGet(44)) - raft.server.leaderelection.pre-vote = false (custom)
2021-08-26 18:41:00,167 [87f05fb4-46b8-4bb5-a197-7bc4b26914eb@group-AD9EB289532E-FollowerState] INFO  impl.RoleInfo (RoleInfo.java:updateAndGet(130)) - 87f05fb4-46b8-4bb5-a197-7bc4b26914eb: start 87f05fb4-46b8-4bb5-a197-7bc4b26914eb@group-AD9EB289532E-LeaderElection96
2021-08-26 18:41:00,175 [b0d4646c-0fcd-42fc-b255-eb3c3c8c3636@group-AD9EB289532E-LeaderElection95] INFO  impl.LeaderElection (LeaderElection.java:askForVotes(306)) - b0d4646c-0fcd-42fc-b255-eb3c3c8c3636@group-AD9EB289532E-LeaderElection95 ELECTION round 0: submit vote requests at term 2 for -1: [feac8f5a-1b39-4e45-882b-39b2a71e70b7|rpc:10.1.0.63:43083|priority:0, 87f05fb4-46b8-4bb5-a197-7bc4b26914eb|rpc:10.1.0.63:44187|priority:1, b0d4646c-0fcd-42fc-b255-eb3c3c8c3636|rpc:10.1.0.63:45237|priority:0], old=null
2021-08-26 18:41:00,175 [87f05fb4-46b8-4bb5-a197-7bc4b26914eb@group-AD9EB289532E-LeaderElection96] INFO  impl.LeaderElection (LeaderElection.java:askForVotes(306)) - 87f05fb4-46b8-4bb5-a197-7bc4b26914eb@group-AD9EB289532E-LeaderElection96 ELECTION round 0: submit vote requests at term 2 for -1: [feac8f5a-1b39-4e45-882b-39b2a71e70b7|rpc:10.1.0.63:43083|dataStream:|priority:0, 87f05fb4-46b8-4bb5-a197-7bc4b26914eb|rpc:10.1.0.63:44187|dataStream:|priority:1, b0d4646c-0fcd-42fc-b255-eb3c3c8c3636|rpc:10.1.0.63:45237|dataStream:|priority:0], old=null
2021-08-26 18:41:00,199 [b0d4646c-0fcd-42fc-b255-eb3c3c8c3636@group-AD9EB289532E-LeaderElection95] INFO  impl.LeaderElection (LogUtils.java:infoOrTrace(137)) - b0d4646c-0fcd-42fc-b255-eb3c3c8c3636@group-AD9EB289532E-LeaderElection95 got exception when requesting votes: java.util.concurrent.ExecutionException: org.apache.ratis.thirdparty.io.grpc.StatusRuntimeException: UNAVAILABLE: io exception
2021-08-26 18:41:00,200 [grpc-default-executor-3] INFO  server.RaftServer$Division (RaftServerImpl.java:requestVote(1043)) - 87f05fb4-46b8-4bb5-a197-7bc4b26914eb@group-AD9EB289532E: receive requestVote(ELECTION, b0d4646c-0fcd-42fc-b255-eb3c3c8c3636, group-AD9EB289532E, 2, (t:0, i:0))
2021-08-26 18:41:00,200 [grpc-default-executor-3] INFO  impl.VoteContext (VoteContext.java:log(48)) - 87f05fb4-46b8-4bb5-a197-7bc4b26914eb@group-AD9EB289532E-CANDIDATE: reject ELECTION from b0d4646c-0fcd-42fc-b255-eb3c3c8c3636: already has voted for 87f05fb4-46b8-4bb5-a197-7bc4b26914eb at current term 2
2021-08-26 18:41:00,200 [grpc-default-executor-3] INFO  server.RaftServer$Division (RaftServerImpl.java:requestVote(1075)) - 87f05fb4-46b8-4bb5-a197-7bc4b26914eb@group-AD9EB289532E replies to ELECTION vote request: b0d4646c-0fcd-42fc-b255-eb3c3c8c3636<-87f05fb4-46b8-4bb5-a197-7bc4b26914eb#0:FAIL-t2. Peer's state: 87f05fb4-46b8-4bb5-a197-7bc4b26914eb@group-AD9EB289532E:t2, leader=null, voted=87f05fb4-46b8-4bb5-a197-7bc4b26914eb, raftlog=87f05fb4-46b8-4bb5-a197-7bc4b26914eb@group-AD9EB289532E-SegmentedRaftLog:OPENED:c-1,f-1,i0, conf=-1: [feac8f5a-1b39-4e45-882b-39b2a71e70b7|rpc:10.1.0.63:43083|dataStream:|priority:0, 87f05fb4-46b8-4bb5-a197-7bc4b26914eb|rpc:10.1.0.63:44187|dataStream:|priority:1, b0d4646c-0fcd-42fc-b255-eb3c3c8c3636|rpc:10.1.0.63:45237|dataStream:|priority:0], old=null
2021-08-26 18:41:00,204 [7a21a715-39a0-4b71-a267-c33797e0d730@group-8992BE07B501-FollowerState] INFO  impl.FollowerState (FollowerState.java:run(134)) - 7a21a715-39a0-4b71-a267-c33797e0d730@group-8992BE07B501-FollowerState: change to CANDIDATE, lastRpcElapsedTime:5015809732ns, electionTimeout:5002ms
2021-08-26 18:41:00,204 [7a21a715-39a0-4b71-a267-c33797e0d730@group-8992BE07B501-FollowerState] INFO  impl.RoleInfo (RoleInfo.java:shutdownFollowerState(108)) - 7a21a715-39a0-4b71-a267-c33797e0d730: shutdown 7a21a715-39a0-4b71-a267-c33797e0d730@group-8992BE07B501-FollowerState
2021-08-26 18:41:00,204 [7a21a715-39a0-4b71-a267-c33797e0d730@group-8992BE07B501-FollowerState] INFO  server.RaftServer$Division (RaftServerImpl.java:setRole(285)) - 7a21a715-39a0-4b71-a267-c33797e0d730@group-8992BE07B501: changes role from  FOLLOWER to CANDIDATE at term 1 for changeToCandidate
2021-08-26 18:41:00,204 [87f05fb4-46b8-4bb5-a197-7bc4b26914eb@group-AD9EB289532E-LeaderElection96] INFO  impl.LeaderElection (LogUtils.java:infoOrTrace(137)) - 87f05fb4-46b8-4bb5-a197-7bc4b26914eb@group-AD9EB289532E-LeaderElection96 got exception when requesting votes: java.util.concurrent.ExecutionException: org.apache.ratis.thirdparty.io.grpc.StatusRuntimeException: UNAVAILABLE: io exception
2021-08-26 18:41:00,204 [7a21a715-39a0-4b71-a267-c33797e0d730@group-8992BE07B501-FollowerState] INFO  server.RaftServerConfigKeys (ConfUtils.java:logGet(44)) - raft.server.leaderelection.pre-vote = false (custom)
2021-08-26 18:41:00,204 [7a21a715-39a0-4b71-a267-c33797e0d730@group-8992BE07B501-FollowerState] INFO  impl.RoleInfo (RoleInfo.java:updateAndGet(130)) - 7a21a715-39a0-4b71-a267-c33797e0d730: start 7a21a715-39a0-4b71-a267-c33797e0d730@group-8992BE07B501-LeaderElection97
2021-08-26 18:41:00,217 [grpc-default-executor-2] INFO  server.RaftServer$Division (RaftServerImpl.java:requestVote(1043)) - b0d4646c-0fcd-42fc-b255-eb3c3c8c3636@group-AD9EB289532E: receive requestVote(ELECTION, 87f05fb4-46b8-4bb5-a197-7bc4b26914eb, group-AD9EB289532E, 2, (t:0, i:0))
2021-08-26 18:41:00,217 [grpc-default-executor-2] INFO  impl.VoteContext (VoteContext.java:log(48)) - b0d4646c-0fcd-42fc-b255-eb3c3c8c3636@group-AD9EB289532E-CANDIDATE: reject ELECTION from 87f05fb4-46b8-4bb5-a197-7bc4b26914eb: already has voted for b0d4646c-0fcd-42fc-b255-eb3c3c8c3636 at current term 2
2021-08-26 18:41:00,217 [grpc-default-executor-2] INFO  server.RaftServer$Division (RaftServerImpl.java:requestVote(1075)) - b0d4646c-0fcd-42fc-b255-eb3c3c8c3636@group-AD9EB289532E replies to ELECTION vote request: 87f05fb4-46b8-4bb5-a197-7bc4b26914eb<-b0d4646c-0fcd-42fc-b255-eb3c3c8c3636#0:FAIL-t2. Peer's state: b0d4646c-0fcd-42fc-b255-eb3c3c8c3636@group-AD9EB289532E:t2, leader=null, voted=b0d4646c-0fcd-42fc-b255-eb3c3c8c3636, raftlog=b0d4646c-0fcd-42fc-b255-eb3c3c8c3636@group-AD9EB289532E-SegmentedRaftLog:OPENED:c-1,f-1,i0, conf=-1: [feac8f5a-1b39-4e45-882b-39b2a71e70b7|rpc:10.1.0.63:43083|priority:0, 87f05fb4-46b8-4bb5-a197-7bc4b26914eb|rpc:10.1.0.63:44187|priority:1, b0d4646c-0fcd-42fc-b255-eb3c3c8c3636|rpc:10.1.0.63:45237|priority:0], old=null
2021-08-26 18:41:00,219 [87f05fb4-46b8-4bb5-a197-7bc4b26914eb@group-AD9EB289532E-LeaderElection96] INFO  impl.LeaderElection (LeaderElection.java:logAndReturn(89)) - 87f05fb4-46b8-4bb5-a197-7bc4b26914eb@group-AD9EB289532E-LeaderElection96: ELECTION REJECTED received 1 response(s) and 1 exception(s):
2021-08-26 18:41:00,219 [87f05fb4-46b8-4bb5-a197-7bc4b26914eb@group-AD9EB289532E-LeaderElection96] INFO  impl.LeaderElection (LeaderElection.java:logAndReturn(93)) -   Response 0: 87f05fb4-46b8-4bb5-a197-7bc4b26914eb<-b0d4646c-0fcd-42fc-b255-eb3c3c8c3636#0:FAIL-t2
2021-08-26 18:41:00,219 [87f05fb4-46b8-4bb5-a197-7bc4b26914eb@group-AD9EB289532E-LeaderElection96] INFO  impl.LeaderElection (LogUtils.java:infoOrTrace(137)) -   Exception 1: java.util.concurrent.ExecutionException: org.apache.ratis.thirdparty.io.grpc.StatusRuntimeException: UNAVAILABLE: io exception
2021-08-26 18:41:00,219 [87f05fb4-46b8-4bb5-a197-7bc4b26914eb@group-AD9EB289532E-LeaderElection96] INFO  impl.LeaderElection (LeaderElection.java:askForVotes(308)) - 87f05fb4-46b8-4bb5-a197-7bc4b26914eb@group-AD9EB289532E-LeaderElection96 ELECTION round 0: result REJECTED
2021-08-26 18:41:00,219 [87f05fb4-46b8-4bb5-a197-7bc4b26914eb@group-AD9EB289532E-LeaderElection96] INFO  server.RaftServer$Division (RaftServerImpl.java:setRole(285)) - 87f05fb4-46b8-4bb5-a197-7bc4b26914eb@group-AD9EB289532E: changes role from CANDIDATE to FOLLOWER at term 2 for REJECTED
2021-08-26 18:41:00,219 [87f05fb4-46b8-4bb5-a197-7bc4b26914eb@group-AD9EB289532E-LeaderElection96] INFO  impl.RoleInfo (RoleInfo.java:shutdownLeaderElection(121)) - 87f05fb4-46b8-4bb5-a197-7bc4b26914eb: shutdown 87f05fb4-46b8-4bb5-a197-7bc4b26914eb@group-AD9EB289532E-LeaderElection96
2021-08-26 18:41:00,219 [87f05fb4-46b8-4bb5-a197-7bc4b26914eb@group-AD9EB289532E-LeaderElection96] INFO  impl.RoleInfo (RoleInfo.java:updateAndGet(130)) - 87f05fb4-46b8-4bb5-a197-7bc4b26914eb: start 87f05fb4-46b8-4bb5-a197-7bc4b26914eb@group-AD9EB289532E-FollowerState
2021-08-26 18:41:00,222 [7a21a715-39a0-4b71-a267-c33797e0d730@group-8992BE07B501-LeaderElection97] INFO  impl.LeaderElection (LeaderElection.java:askForVotes(306)) - 7a21a715-39a0-4b71-a267-c33797e0d730@group-8992BE07B501-LeaderElection97 ELECTION round 0: submit vote requests at term 2 for -1: [feac8f5a-1b39-4e45-882b-39b2a71e70b7|rpc:10.1.0.63:43083|priority:0, 87f05fb4-46b8-4bb5-a197-7bc4b26914eb|rpc:10.1.0.63:44187|priority:0, 7a21a715-39a0-4b71-a267-c33797e0d730|rpc:10.1.0.63:34101|priority:1], old=null
2021-08-26 18:41:00,248 [7a21a715-39a0-4b71-a267-c33797e0d730@group-8992BE07B501-LeaderElection97] INFO  impl.LeaderElection (LogUtils.java:infoOrTrace(137)) - 7a21a715-39a0-4b71-a267-c33797e0d730@group-8992BE07B501-LeaderElection97 got exception when requesting votes: java.util.concurrent.ExecutionException: org.apache.ratis.thirdparty.io.grpc.StatusRuntimeException: UNAVAILABLE: io exception
2021-08-26 18:41:00,248 [b0d4646c-0fcd-42fc-b255-eb3c3c8c3636@group-AD9EB289532E-LeaderElection95] INFO  impl.LeaderElection (LeaderElection.java:logAndReturn(89)) - b0d4646c-0fcd-42fc-b255-eb3c3c8c3636@group-AD9EB289532E-LeaderElection95: ELECTION REJECTED received 1 response(s) and 1 exception(s):
2021-08-26 18:41:00,248 [b0d4646c-0fcd-42fc-b255-eb3c3c8c3636@group-AD9EB289532E-LeaderElection95] INFO  impl.LeaderElection (LeaderElection.java:logAndReturn(93)) -   Response 0: b0d4646c-0fcd-42fc-b255-eb3c3c8c3636<-87f05fb4-46b8-4bb5-a197-7bc4b26914eb#0:FAIL-t2
2021-08-26 18:41:00,248 [b0d4646c-0fcd-42fc-b255-eb3c3c8c3636@group-AD9EB289532E-LeaderElection95] INFO  impl.LeaderElection (LogUtils.java:infoOrTrace(137)) -   Exception 1: java.util.concurrent.ExecutionException: org.apache.ratis.thirdparty.io.grpc.StatusRuntimeException: UNAVAILABLE: io exception
2021-08-26 18:41:00,248 [b0d4646c-0fcd-42fc-b255-eb3c3c8c3636@group-AD9EB289532E-LeaderElection95] INFO  impl.LeaderElection (LeaderElection.java:askForVotes(308)) - b0d4646c-0fcd-42fc-b255-eb3c3c8c3636@group-AD9EB289532E-LeaderElection95 ELECTION round 0: result REJECTED
2021-08-26 18:41:00,248 [b0d4646c-0fcd-42fc-b255-eb3c3c8c3636@group-AD9EB289532E-LeaderElection95] INFO  server.RaftServer$Division (RaftServerImpl.java:setRole(285)) - b0d4646c-0fcd-42fc-b255-eb3c3c8c3636@group-AD9EB289532E: changes role from CANDIDATE to FOLLOWER at term 2 for REJECTED
2021-08-26 18:41:00,248 [b0d4646c-0fcd-42fc-b255-eb3c3c8c3636@group-AD9EB289532E-LeaderElection95] INFO  impl.RoleInfo (RoleInfo.java:shutdownLeaderElection(121)) - b0d4646c-0fcd-42fc-b255-eb3c3c8c3636: shutdown b0d4646c-0fcd-42fc-b255-eb3c3c8c3636@group-AD9EB289532E-LeaderElection95
2021-08-26 18:41:00,248 [b0d4646c-0fcd-42fc-b255-eb3c3c8c3636@group-AD9EB289532E-LeaderElection95] INFO  impl.RoleInfo (RoleInfo.java:updateAndGet(130)) - b0d4646c-0fcd-42fc-b255-eb3c3c8c3636: start b0d4646c-0fcd-42fc-b255-eb3c3c8c3636@group-AD9EB289532E-FollowerState
2021-08-26 18:41:00,252 [grpc-default-executor-2] INFO  server.RaftServer$Division (RaftServerImpl.java:requestVote(1043)) - 87f05fb4-46b8-4bb5-a197-7bc4b26914eb@group-8992BE07B501: receive requestVote(ELECTION, 7a21a715-39a0-4b71-a267-c33797e0d730, group-8992BE07B501, 2, (t:0, i:0))
2021-08-26 18:41:00,252 [grpc-default-executor-2] INFO  impl.VoteContext (VoteContext.java:log(48)) - 87f05fb4-46b8-4bb5-a197-7bc4b26914eb@group-8992BE07B501-FOLLOWER: accept ELECTION from 7a21a715-39a0-4b71-a267-c33797e0d730: our priority 0 <= candidate's priority 1
2021-08-26 18:41:00,253 [grpc-default-executor-2] INFO  server.RaftServer$Division (RaftServerImpl.java:setRole(285)) - 87f05fb4-46b8-4bb5-a197-7bc4b26914eb@group-8992BE07B501: changes role from  FOLLOWER to FOLLOWER at term 2 for candidate:7a21a715-39a0-4b71-a267-c33797e0d730
2021-08-26 18:41:00,253 [grpc-default-executor-2] INFO  impl.RoleInfo (RoleInfo.java:shutdownFollowerState(108)) - 87f05fb4-46b8-4bb5-a197-7bc4b26914eb: shutdown 87f05fb4-46b8-4bb5-a197-7bc4b26914eb@group-8992BE07B501-FollowerState
2021-08-26 18:41:00,253 [grpc-default-executor-2] INFO  impl.RoleInfo (RoleInfo.java:updateAndGet(130)) - 87f05fb4-46b8-4bb5-a197-7bc4b26914eb: start 87f05fb4-46b8-4bb5-a197-7bc4b26914eb@group-8992BE07B501-FollowerState
2021-08-26 18:41:00,253 [87f05fb4-46b8-4bb5-a197-7bc4b26914eb@group-8992BE07B501-FollowerState] INFO  impl.FollowerState (FollowerState.java:run(143)) - 87f05fb4-46b8-4bb5-a197-7bc4b26914eb@group-8992BE07B501-FollowerState was interrupted: {}
java.lang.InterruptedException: sleep interrupted
	at java.lang.Thread.sleep(Native Method)
	at java.lang.Thread.sleep(Thread.java:340)
	at java.util.concurrent.TimeUnit.sleep(TimeUnit.java:386)
	at org.apache.ratis.util.TimeDuration.sleep(TimeDuration.java:324)
	at org.apache.ratis.util.TimeDuration.sleep(TimeDuration.java:309)
	at org.apache.ratis.server.impl.FollowerState.run(FollowerState.java:118)
2021-08-26 18:41:00,300 [grpc-default-executor-2] INFO  server.RaftServer$Division (RaftServerImpl.java:requestVote(1075)) - 87f05fb4-46b8-4bb5-a197-7bc4b26914eb@group-8992BE07B501 replies to ELECTION vote request: 7a21a715-39a0-4b71-a267-c33797e0d730<-87f05fb4-46b8-4bb5-a197-7bc4b26914eb#0:OK-t2. Peer's state: 87f05fb4-46b8-4bb5-a197-7bc4b26914eb@group-8992BE07B501:t2, leader=null, voted=7a21a715-39a0-4b71-a267-c33797e0d730, raftlog=87f05fb4-46b8-4bb5-a197-7bc4b26914eb@group-8992BE07B501-SegmentedRaftLog:OPENED:c-1,f-1,i0, conf=-1: [feac8f5a-1b39-4e45-882b-39b2a71e70b7|rpc:10.1.0.63:43083|priority:0, 87f05fb4-46b8-4bb5-a197-7bc4b26914eb|rpc:10.1.0.63:44187|priority:0, 7a21a715-39a0-4b71-a267-c33797e0d730|rpc:10.1.0.63:34101|priority:1], old=null
2021-08-26 18:41:00,303 [7a21a715-39a0-4b71-a267-c33797e0d730@group-8992BE07B501-LeaderElection97] INFO  impl.LeaderElection (LeaderElection.java:logAndReturn(89)) - 7a21a715-39a0-4b71-a267-c33797e0d730@group-8992BE07B501-LeaderElection97: ELECTION PASSED received 1 response(s) and 1 exception(s):
2021-08-26 18:41:00,303 [7a21a715-39a0-4b71-a267-c33797e0d730@group-8992BE07B501-LeaderElection97] INFO  impl.LeaderElection (LeaderElection.java:logAndReturn(93)) -   Response 0: 7a21a715-39a0-4b71-a267-c33797e0d730<-87f05fb4-46b8-4bb5-a197-7bc4b26914eb#0:OK-t2
2021-08-26 18:41:00,303 [7a21a715-39a0-4b71-a267-c33797e0d730@group-8992BE07B501-LeaderElection97] INFO  impl.LeaderElection (LogUtils.java:infoOrTrace(137)) -   Exception 1: java.util.concurrent.ExecutionException: org.apache.ratis.thirdparty.io.grpc.StatusRuntimeException: UNAVAILABLE: io exception
2021-08-26 18:41:00,303 [7a21a715-39a0-4b71-a267-c33797e0d730@group-8992BE07B501-LeaderElection97] INFO  impl.LeaderElection (LeaderElection.java:askForVotes(308)) - 7a21a715-39a0-4b71-a267-c33797e0d730@group-8992BE07B501-LeaderElection97 ELECTION round 0: result PASSED
2021-08-26 18:41:00,303 [7a21a715-39a0-4b71-a267-c33797e0d730@group-8992BE07B501-LeaderElection97] INFO  impl.RoleInfo (RoleInfo.java:shutdownLeaderElection(121)) - 7a21a715-39a0-4b71-a267-c33797e0d730: shutdown 7a21a715-39a0-4b71-a267-c33797e0d730@group-8992BE07B501-LeaderElection97
2021-08-26 18:41:00,303 [7a21a715-39a0-4b71-a267-c33797e0d730@group-8992BE07B501-LeaderElection97] INFO  server.RaftServer$Division (RaftServerImpl.java:setRole(285)) - 7a21a715-39a0-4b71-a267-c33797e0d730@group-8992BE07B501: changes role from CANDIDATE to LEADER at term 2 for changeToLeader
2021-08-26 18:41:00,303 [7a21a715-39a0-4b71-a267-c33797e0d730@group-8992BE07B501-LeaderElection97] INFO  ratis.XceiverServerRatis (XceiverServerRatis.java:handleLeaderChangedNotification(861)) - Leader change notification received for group: group-8992BE07B501 with new leaderId: 7a21a715-39a0-4b71-a267-c33797e0d730
2021-08-26 18:41:00,303 [7a21a715-39a0-4b71-a267-c33797e0d730@group-8992BE07B501-LeaderElection97] INFO  server.RaftServer$Division (ServerState.java:setLeader(285)) - 7a21a715-39a0-4b71-a267-c33797e0d730@group-8992BE07B501: change Leader from null to 7a21a715-39a0-4b71-a267-c33797e0d730 at term 2 for becomeLeader, leader elected after 8555ms
2021-08-26 18:41:00,303 [7a21a715-39a0-4b71-a267-c33797e0d730@group-8992BE07B501-LeaderElection97] INFO  server.RaftServerConfigKeys (ConfUtils.java:logGet(44)) - raft.server.staging.catchup.gap = 1000 (default)
2021-08-26 18:41:00,303 [7a21a715-39a0-4b71-a267-c33797e0d730@group-8992BE07B501-LeaderElection97] INFO  server.RaftServerConfigKeys (ConfUtils.java:logGet(44)) - raft.server.write.element-limit = 1024 (custom)
2021-08-26 18:41:00,304 [7a21a715-39a0-4b71-a267-c33797e0d730@group-8992BE07B501-LeaderElection97] INFO  server.RaftServerConfigKeys (ConfUtils.java:logGet(44)) - raft.server.write.byte-limit = 1024 M (=1073741824) (custom)
2021-08-26 18:41:00,304 [7a21a715-39a0-4b71-a267-c33797e0d730@group-8992BE07B501-LeaderElection97] INFO  server.RaftServerConfigKeys (ConfUtils.java:logGet(44)) - raft.server.watch.timeout = 3000ms (custom)
2021-08-26 18:41:00,304 [7a21a715-39a0-4b71-a267-c33797e0d730@group-8992BE07B501-LeaderElection97] INFO  server.RaftServerConfigKeys (ConfUtils.java:logGet(44)) - raft.server.watch.timeout.denomination = 1s (default)
2021-08-26 18:41:00,304 [7a21a715-39a0-4b71-a267-c33797e0d730@group-8992BE07B501-LeaderElection97] INFO  server.RaftServerConfigKeys (ConfUtils.java:logGet(44)) - raft.server.watch.element-limit = 65536 (default)
2021-08-26 18:41:00,304 [7a21a715-39a0-4b71-a267-c33797e0d730@group-8992BE07B501-LeaderElection97] INFO  server.RaftServerConfigKeys (ConfUtils.java:logGet(44)) - raft.server.log.appender.snapshot.chunk.size.max = 16MB (=16777216) (default)
2021-08-26 18:41:00,304 [7a21a715-39a0-4b71-a267-c33797e0d730@group-8992BE07B501-LeaderElection97] INFO  server.RaftServerConfigKeys (ConfUtils.java:logGet(44)) - raft.server.log.appender.buffer.byte-limit = 33554432 (custom)
2021-08-26 18:41:00,304 [7a21a715-39a0-4b71-a267-c33797e0d730@group-8992BE07B501-LeaderElection97] INFO  server.RaftServerConfigKeys (ConfUtils.java:logGet(44)) - raft.server.log.appender.buffer.element-limit = 1 (custom)
2021-08-26 18:41:00,304 [7a21a715-39a0-4b71-a267-c33797e0d730@group-8992BE07B501-LeaderElection97] INFO  grpc.GrpcConfigKeys (ConfUtils.java:logGet(44)) - raft.grpc.server.leader.outstanding.appends.max = 128 (default)
2021-08-26 18:41:00,304 [7a21a715-39a0-4b71-a267-c33797e0d730@group-8992BE07B501-LeaderElection97] INFO  server.RaftServerConfigKeys (ConfUtils.java:logGet(44)) - raft.server.rpc.request.timeout = 3000ms (default)
2021-08-26 18:41:00,304 [7a21a715-39a0-4b71-a267-c33797e0d730@group-8992BE07B501-LeaderElection97] INFO  server.RaftServerConfigKeys (ConfUtils.java:logGet(44)) - raft.server.log.appender.install.snapshot.enabled = false (custom)
2021-08-26 18:41:00,305 [7a21a715-39a0-4b71-a267-c33797e0d730@group-8992BE07B501-LeaderElection97] INFO  server.RaftServerConfigKeys (ConfUtils.java:logGet(44)) - raft.server.log.appender.snapshot.chunk.size.max = 16MB (=16777216) (default)
2021-08-26 18:41:00,305 [7a21a715-39a0-4b71-a267-c33797e0d730@group-8992BE07B501-LeaderElection97] INFO  server.RaftServerConfigKeys (ConfUtils.java:logGet(44)) - raft.server.log.appender.buffer.byte-limit = 33554432 (custom)
2021-08-26 18:41:00,306 [7a21a715-39a0-4b71-a267-c33797e0d730@group-8992BE07B501-LeaderElection97] INFO  server.RaftServerConfigKeys (ConfUtils.java:logGet(44)) - raft.server.log.appender.buffer.element-limit = 1 (custom)
2021-08-26 18:41:00,306 [7a21a715-39a0-4b71-a267-c33797e0d730@group-8992BE07B501-LeaderElection97] INFO  grpc.GrpcConfigKeys (ConfUtils.java:logGet(44)) - raft.grpc.server.leader.outstanding.appends.max = 128 (default)
2021-08-26 18:41:00,306 [7a21a715-39a0-4b71-a267-c33797e0d730@group-8992BE07B501-LeaderElection97] INFO  server.RaftServerConfigKeys (ConfUtils.java:logGet(44)) - raft.server.rpc.request.timeout = 3000ms (default)
2021-08-26 18:41:00,306 [7a21a715-39a0-4b71-a267-c33797e0d730@group-8992BE07B501-LeaderElection97] INFO  server.RaftServerConfigKeys (ConfUtils.java:logGet(44)) - raft.server.log.appender.install.snapshot.enabled = false (custom)
2021-08-26 18:41:00,306 [Datanode State Machine Thread - 0] WARN  statemachine.StateContext (StateContext.java:execute(621)) - No available thread in pool for past 1 seconds.
2021-08-26 18:41:00,312 [7a21a715-39a0-4b71-a267-c33797e0d730@group-8992BE07B501-LeaderElection97] INFO  impl.RoleInfo (RoleInfo.java:updateAndGet(130)) - 7a21a715-39a0-4b71-a267-c33797e0d730: start 7a21a715-39a0-4b71-a267-c33797e0d730@group-8992BE07B501-LeaderStateImpl
2021-08-26 18:41:00,312 [7a21a715-39a0-4b71-a267-c33797e0d730@group-8992BE07B501-LeaderElection97] INFO  segmented.SegmentedRaftLogWorker (SegmentedRaftLogWorker.java:startLogSegment(394)) - 7a21a715-39a0-4b71-a267-c33797e0d730@group-8992BE07B501-SegmentedRaftLogWorker: Starting segment from index:0
2021-08-26 18:41:00,321 [7a21a715-39a0-4b71-a267-c33797e0d730@group-8992BE07B501-SegmentedRaftLogWorker] INFO  segmented.SegmentedRaftLogWorker (SegmentedRaftLogWorker.java:execute(601)) - 7a21a715-39a0-4b71-a267-c33797e0d730@group-8992BE07B501-SegmentedRaftLogWorker: created new log segment /home/runner/work/ozone/ozone/hadoop-ozone/integration-test/target/test-dir/MiniOzoneClusterImpl-7287d2d4-454f-4da5-bbdc-7dc3b2fb158b/datanode-6/data/ratis/19e69daf-7bb9-4b43-a26e-8992be07b501/current/log_inprogress_0
2021-08-26 18:41:00,350 [grpc-default-executor-2] WARN  server.GrpcLogAppender (LogUtils.java:warn(122)) - 7a21a715-39a0-4b71-a267-c33797e0d730@group-8992BE07B501->feac8f5a-1b39-4e45-882b-39b2a71e70b7-AppendLogResponseHandler: Failed appendEntries: org.apache.ratis.thirdparty.io.grpc.StatusRuntimeException: UNAVAILABLE: io exception
2021-08-26 18:41:00,386 [grpc-default-executor-2] WARN  server.GrpcLogAppender (GrpcLogAppender.java:resetClient(111)) - 7a21a715-39a0-4b71-a267-c33797e0d730@group-8992BE07B501->feac8f5a-1b39-4e45-882b-39b2a71e70b7-GrpcLogAppender: Leader has not got in touch with Follower 7a21a715-39a0-4b71-a267-c33797e0d730@group-8992BE07B501->feac8f5a-1b39-4e45-882b-39b2a71e70b7(c-1,m0,n1, attendVote=true, lastRpcSendTime=35, lastRpcResponseTime=5281) yet, just keep nextIndex unchanged and retry.
2021-08-26 18:41:00,391 [7a21a715-39a0-4b71-a267-c33797e0d730@group-8992BE07B501-LeaderElection97] INFO  server.RaftServer$Division (ServerState.java:setRaftConf(387)) - 7a21a715-39a0-4b71-a267-c33797e0d730@group-8992BE07B501: set configuration 0: [feac8f5a-1b39-4e45-882b-39b2a71e70b7|rpc:10.1.0.63:43083|dataStream:|priority:0, 87f05fb4-46b8-4bb5-a197-7bc4b26914eb|rpc:10.1.0.63:44187|dataStream:|priority:0, 7a21a715-39a0-4b71-a267-c33797e0d730|rpc:10.1.0.63:34101|dataStream:|priority:1], old=null
2021-08-26 18:41:00,414 [grpc-default-executor-3] INFO  ratis.XceiverServerRatis (XceiverServerRatis.java:handleLeaderChangedNotification(861)) - Leader change notification received for group: group-8992BE07B501 with new leaderId: 7a21a715-39a0-4b71-a267-c33797e0d730
2021-08-26 18:41:00,414 [grpc-default-executor-3] INFO  server.RaftServer$Division (ServerState.java:setLeader(285)) - 87f05fb4-46b8-4bb5-a197-7bc4b26914eb@group-8992BE07B501: change Leader from null to 7a21a715-39a0-4b71-a267-c33797e0d730 at term 2 for appendEntries, leader elected after 10479ms
2021-08-26 18:41:00,437 [grpc-default-executor-3] INFO  server.RaftServer$Division (ServerState.java:setRaftConf(387)) - 87f05fb4-46b8-4bb5-a197-7bc4b26914eb@group-8992BE07B501: set configuration 0: [feac8f5a-1b39-4e45-882b-39b2a71e70b7|rpc:10.1.0.63:43083|dataStream:|priority:0, 87f05fb4-46b8-4bb5-a197-7bc4b26914eb|rpc:10.1.0.63:44187|dataStream:|priority:0, 7a21a715-39a0-4b71-a267-c33797e0d730|rpc:10.1.0.63:34101|dataStream:|priority:1], old=null
2021-08-26 18:41:00,437 [grpc-default-executor-3] INFO  segmented.SegmentedRaftLogWorker (SegmentedRaftLogWorker.java:startLogSegment(394)) - 87f05fb4-46b8-4bb5-a197-7bc4b26914eb@group-8992BE07B501-SegmentedRaftLogWorker: Starting segment from index:0
2021-08-26 18:41:00,451 [87f05fb4-46b8-4bb5-a197-7bc4b26914eb@group-8992BE07B501-SegmentedRaftLogWorker] INFO  segmented.SegmentedRaftLogWorker (SegmentedRaftLogWorker.java:execute(601)) - 87f05fb4-46b8-4bb5-a197-7bc4b26914eb@group-8992BE07B501-SegmentedRaftLogWorker: created new log segment /home/runner/work/ozone/ozone/hadoop-ozone/integration-test/target/test-dir/MiniOzoneClusterImpl-7287d2d4-454f-4da5-bbdc-7dc3b2fb158b/datanode-2/data/ratis/19e69daf-7bb9-4b43-a26e-8992be07b501/current/log_inprogress_0
2021-08-26 18:41:02,205 [134e4cc8-3e2d-4572-98bc-d75f353c351b@group-5443D1AD4915-FollowerState] INFO  impl.FollowerState (FollowerState.java:run(134)) - 134e4cc8-3e2d-4572-98bc-d75f353c351b@group-5443D1AD4915-FollowerState: change to CANDIDATE, lastRpcElapsedTime:7748310034ns, electionTimeout:5035ms
2021-08-26 18:41:02,205 [134e4cc8-3e2d-4572-98bc-d75f353c351b@group-5443D1AD4915-FollowerState] INFO  impl.RoleInfo (RoleInfo.java:shutdownFollowerState(108)) - 134e4cc8-3e2d-4572-98bc-d75f353c351b: shutdown 134e4cc8-3e2d-4572-98bc-d75f353c351b@group-5443D1AD4915-FollowerState
2021-08-26 18:41:02,205 [134e4cc8-3e2d-4572-98bc-d75f353c351b@group-5443D1AD4915-FollowerState] INFO  server.RaftServer$Division (RaftServerImpl.java:setRole(285)) - 134e4cc8-3e2d-4572-98bc-d75f353c351b@group-5443D1AD4915: changes role from  FOLLOWER to CANDIDATE at term 2 for changeToCandidate
2021-08-26 18:41:02,205 [134e4cc8-3e2d-4572-98bc-d75f353c351b@group-5443D1AD4915-FollowerState] INFO  server.RaftServerConfigKeys (ConfUtils.java:logGet(44)) - raft.server.leaderelection.pre-vote = false (custom)
2021-08-26 18:41:02,205 [134e4cc8-3e2d-4572-98bc-d75f353c351b@group-5443D1AD4915-FollowerState] INFO  impl.RoleInfo (RoleInfo.java:updateAndGet(130)) - 134e4cc8-3e2d-4572-98bc-d75f353c351b: start 134e4cc8-3e2d-4572-98bc-d75f353c351b@group-5443D1AD4915-LeaderElection98
2021-08-26 18:41:02,246 [134e4cc8-3e2d-4572-98bc-d75f353c351b@group-5443D1AD4915-LeaderElection98] INFO  server.RaftServer$Division (ServerState.java:setLeader(285)) - 134e4cc8-3e2d-4572-98bc-d75f353c351b@group-5443D1AD4915: change Leader from 88d9c6ea-d0be-4004-8450-128776760c0b to null at term 2 for ELECTION
2021-08-26 18:41:02,250 [134e4cc8-3e2d-4572-98bc-d75f353c351b@group-5443D1AD4915-LeaderElection98] INFO  impl.LeaderElection (LeaderElection.java:askForVotes(306)) - 134e4cc8-3e2d-4572-98bc-d75f353c351b@group-5443D1AD4915-LeaderElection98 ELECTION round 0: submit vote requests at term 3 for 0: [88d9c6ea-d0be-4004-8450-128776760c0b|rpc:10.1.0.63:32927|dataStream:|priority:1, 95edf07e-7fec-45a0-b357-ea2c9e88c813|rpc:10.1.0.63:34053|dataStream:|priority:0, 134e4cc8-3e2d-4572-98bc-d75f353c351b|rpc:10.1.0.63:40073|dataStream:|priority:0], old=null
2021-08-26 18:41:02,268 [134e4cc8-3e2d-4572-98bc-d75f353c351b@group-5443D1AD4915-LeaderElection98] INFO  impl.LeaderElection (LogUtils.java:infoOrTrace(137)) - 134e4cc8-3e2d-4572-98bc-d75f353c351b@group-5443D1AD4915-LeaderElection98 got exception when requesting votes: java.util.concurrent.ExecutionException: org.apache.ratis.thirdparty.io.grpc.StatusRuntimeException: UNAVAILABLE: io exception
2021-08-26 18:41:02,271 [grpc-default-executor-3] INFO  server.RaftServer$Division (RaftServerImpl.java:requestVote(1043)) - 95edf07e-7fec-45a0-b357-ea2c9e88c813@group-5443D1AD4915: receive requestVote(ELECTION, 134e4cc8-3e2d-4572-98bc-d75f353c351b, group-5443D1AD4915, 3, (t:2, i:0))
2021-08-26 18:41:02,272 [grpc-default-executor-3] INFO  impl.VoteContext (VoteContext.java:log(48)) - 95edf07e-7fec-45a0-b357-ea2c9e88c813@group-5443D1AD4915-FOLLOWER: accept ELECTION from 134e4cc8-3e2d-4572-98bc-d75f353c351b: our priority 0 <= candidate's priority 0
2021-08-26 18:41:02,272 [grpc-default-executor-3] INFO  server.RaftServer$Division (ServerState.java:setLeader(285)) - 95edf07e-7fec-45a0-b357-ea2c9e88c813@group-5443D1AD4915: change Leader from 88d9c6ea-d0be-4004-8450-128776760c0b to null at term 3 for updateCurrentTerm
2021-08-26 18:41:02,272 [grpc-default-executor-3] INFO  server.RaftServer$Division (RaftServerImpl.java:setRole(285)) - 95edf07e-7fec-45a0-b357-ea2c9e88c813@group-5443D1AD4915: changes role from  FOLLOWER to FOLLOWER at term 3 for candidate:134e4cc8-3e2d-4572-98bc-d75f353c351b
2021-08-26 18:41:02,272 [grpc-default-executor-3] INFO  impl.RoleInfo (RoleInfo.java:shutdownFollowerState(108)) - 95edf07e-7fec-45a0-b357-ea2c9e88c813: shutdown 95edf07e-7fec-45a0-b357-ea2c9e88c813@group-5443D1AD4915-FollowerState
2021-08-26 18:41:02,272 [grpc-default-executor-3] INFO  impl.RoleInfo (RoleInfo.java:updateAndGet(130)) - 95edf07e-7fec-45a0-b357-ea2c9e88c813: start 95edf07e-7fec-45a0-b357-ea2c9e88c813@group-5443D1AD4915-FollowerState
2021-08-26 18:41:02,272 [95edf07e-7fec-45a0-b357-ea2c9e88c813@group-5443D1AD4915-FollowerState] INFO  impl.FollowerState (FollowerState.java:run(143)) - 95edf07e-7fec-45a0-b357-ea2c9e88c813@group-5443D1AD4915-FollowerState was interrupted: {}
java.lang.InterruptedException: sleep interrupted
	at java.lang.Thread.sleep(Native Method)
	at java.lang.Thread.sleep(Thread.java:340)
	at java.util.concurrent.TimeUnit.sleep(TimeUnit.java:386)
	at org.apache.ratis.util.TimeDuration.sleep(TimeDuration.java:324)
	at org.apache.ratis.util.TimeDuration.sleep(TimeDuration.java:309)
	at org.apache.ratis.server.impl.FollowerState.run(FollowerState.java:118)
2021-08-26 18:41:02,276 [grpc-default-executor-3] INFO  server.RaftServer$Division (RaftServerImpl.java:requestVote(1075)) - 95edf07e-7fec-45a0-b357-ea2c9e88c813@group-5443D1AD4915 replies to ELECTION vote request: 134e4cc8-3e2d-4572-98bc-d75f353c351b<-95edf07e-7fec-45a0-b357-ea2c9e88c813#0:OK-t3. Peer's state: 95edf07e-7fec-45a0-b357-ea2c9e88c813@group-5443D1AD4915:t3, leader=null, voted=134e4cc8-3e2d-4572-98bc-d75f353c351b, raftlog=95edf07e-7fec-45a0-b357-ea2c9e88c813@group-5443D1AD4915-SegmentedRaftLog:OPENED:c0,f0,i0, conf=0: [88d9c6ea-d0be-4004-8450-128776760c0b|rpc:10.1.0.63:32927|dataStream:|priority:1, 95edf07e-7fec-45a0-b357-ea2c9e88c813|rpc:10.1.0.63:34053|dataStream:|priority:0, 134e4cc8-3e2d-4572-98bc-d75f353c351b|rpc:10.1.0.63:40073|dataStream:|priority:0], old=null
2021-08-26 18:41:02,280 [134e4cc8-3e2d-4572-98bc-d75f353c351b@group-5443D1AD4915-LeaderElection98] INFO  impl.LeaderElection (LeaderElection.java:logAndReturn(89)) - 134e4cc8-3e2d-4572-98bc-d75f353c351b@group-5443D1AD4915-LeaderElection98: ELECTION PASSED received 1 response(s) and 1 exception(s):
2021-08-26 18:41:02,280 [134e4cc8-3e2d-4572-98bc-d75f353c351b@group-5443D1AD4915-LeaderElection98] INFO  impl.LeaderElection (LeaderElection.java:logAndReturn(93)) -   Response 0: 134e4cc8-3e2d-4572-98bc-d75f353c351b<-95edf07e-7fec-45a0-b357-ea2c9e88c813#0:OK-t3
2021-08-26 18:41:02,280 [134e4cc8-3e2d-4572-98bc-d75f353c351b@group-5443D1AD4915-LeaderElection98] INFO  impl.LeaderElection (LogUtils.java:infoOrTrace(137)) -   Exception 1: java.util.concurrent.ExecutionException: org.apache.ratis.thirdparty.io.grpc.StatusRuntimeException: UNAVAILABLE: io exception
2021-08-26 18:41:02,280 [134e4cc8-3e2d-4572-98bc-d75f353c351b@group-5443D1AD4915-LeaderElection98] INFO  impl.LeaderElection (LeaderElection.java:askForVotes(308)) - 134e4cc8-3e2d-4572-98bc-d75f353c351b@group-5443D1AD4915-LeaderElection98 ELECTION round 0: result PASSED
2021-08-26 18:41:02,280 [134e4cc8-3e2d-4572-98bc-d75f353c351b@group-5443D1AD4915-LeaderElection98] INFO  impl.RoleInfo (RoleInfo.java:shutdownLeaderElection(121)) - 134e4cc8-3e2d-4572-98bc-d75f353c351b: shutdown 134e4cc8-3e2d-4572-98bc-d75f353c351b@group-5443D1AD4915-LeaderElection98
2021-08-26 18:41:02,280 [134e4cc8-3e2d-4572-98bc-d75f353c351b@group-5443D1AD4915-LeaderElection98] INFO  server.RaftServer$Division (RaftServerImpl.java:setRole(285)) - 134e4cc8-3e2d-4572-98bc-d75f353c351b@group-5443D1AD4915: changes role from CANDIDATE to LEADER at term 3 for changeToLeader
2021-08-26 18:41:02,280 [134e4cc8-3e2d-4572-98bc-d75f353c351b@group-5443D1AD4915-LeaderElection98] INFO  ratis.XceiverServerRatis (XceiverServerRatis.java:handleLeaderChangedNotification(861)) - Leader change notification received for group: group-5443D1AD4915 with new leaderId: 134e4cc8-3e2d-4572-98bc-d75f353c351b
2021-08-26 18:41:02,280 [134e4cc8-3e2d-4572-98bc-d75f353c351b@group-5443D1AD4915-LeaderElection98] INFO  server.RaftServer$Division (ServerState.java:setLeader(285)) - 134e4cc8-3e2d-4572-98bc-d75f353c351b@group-5443D1AD4915: change Leader from null to 134e4cc8-3e2d-4572-98bc-d75f353c351b at term 3 for becomeLeader, leader elected after 33ms
2021-08-26 18:41:02,280 [134e4cc8-3e2d-4572-98bc-d75f353c351b@group-5443D1AD4915-LeaderElection98] INFO  server.RaftServerConfigKeys (ConfUtils.java:logGet(44)) - raft.server.staging.catchup.gap = 1000 (default)
2021-08-26 18:41:02,280 [134e4cc8-3e2d-4572-98bc-d75f353c351b@group-5443D1AD4915-LeaderElection98] INFO  server.RaftServerConfigKeys (ConfUtils.java:logGet(44)) - raft.server.write.element-limit = 1024 (custom)
2021-08-26 18:41:02,281 [134e4cc8-3e2d-4572-98bc-d75f353c351b@group-5443D1AD4915-LeaderElection98] INFO  server.RaftServerConfigKeys (ConfUtils.java:logGet(44)) - raft.server.write.byte-limit = 1024 M (=1073741824) (custom)
2021-08-26 18:41:02,281 [134e4cc8-3e2d-4572-98bc-d75f353c351b@group-5443D1AD4915-LeaderElection98] INFO  server.RaftServerConfigKeys (ConfUtils.java:logGet(44)) - raft.server.watch.timeout = 3000ms (custom)
2021-08-26 18:41:02,281 [134e4cc8-3e2d-4572-98bc-d75f353c351b@group-5443D1AD4915-LeaderElection98] INFO  server.RaftServerConfigKeys (ConfUtils.java:logGet(44)) - raft.server.watch.timeout.denomination = 1s (default)
2021-08-26 18:41:02,281 [134e4cc8-3e2d-4572-98bc-d75f353c351b@group-5443D1AD4915-LeaderElection98] INFO  server.RaftServerConfigKeys (ConfUtils.java:logGet(44)) - raft.server.watch.element-limit = 65536 (default)
2021-08-26 18:41:02,281 [134e4cc8-3e2d-4572-98bc-d75f353c351b@group-5443D1AD4915-LeaderElection98] INFO  server.RaftServerConfigKeys (ConfUtils.java:logGet(44)) - raft.server.log.appender.snapshot.chunk.size.max = 16MB (=16777216) (default)
2021-08-26 18:41:02,281 [134e4cc8-3e2d-4572-98bc-d75f353c351b@group-5443D1AD4915-LeaderElection98] INFO  server.RaftServerConfigKeys (ConfUtils.java:logGet(44)) - raft.server.log.appender.buffer.byte-limit = 33554432 (custom)
2021-08-26 18:41:02,281 [134e4cc8-3e2d-4572-98bc-d75f353c351b@group-5443D1AD4915-LeaderElection98] INFO  server.RaftServerConfigKeys (ConfUtils.java:logGet(44)) - raft.server.log.appender.buffer.element-limit = 1 (custom)
2021-08-26 18:41:02,281 [134e4cc8-3e2d-4572-98bc-d75f353c351b@group-5443D1AD4915-LeaderElection98] INFO  grpc.GrpcConfigKeys (ConfUtils.java:logGet(44)) - raft.grpc.server.leader.outstanding.appends.max = 128 (default)
2021-08-26 18:41:02,281 [134e4cc8-3e2d-4572-98bc-d75f353c351b@group-5443D1AD4915-LeaderElection98] INFO  server.RaftServerConfigKeys (ConfUtils.java:logGet(44)) - raft.server.rpc.request.timeout = 3000ms (default)
2021-08-26 18:41:02,281 [134e4cc8-3e2d-4572-98bc-d75f353c351b@group-5443D1AD4915-LeaderElection98] INFO  server.RaftServerConfigKeys (ConfUtils.java:logGet(44)) - raft.server.log.appender.install.snapshot.enabled = false (custom)
2021-08-26 18:41:02,282 [134e4cc8-3e2d-4572-98bc-d75f353c351b@group-5443D1AD4915-LeaderElection98] INFO  server.RaftServerConfigKeys (ConfUtils.java:logGet(44)) - raft.server.log.appender.snapshot.chunk.size.max = 16MB (=16777216) (default)
2021-08-26 18:41:02,283 [134e4cc8-3e2d-4572-98bc-d75f353c351b@group-5443D1AD4915-LeaderElection98] INFO  server.RaftServerConfigKeys (ConfUtils.java:logGet(44)) - raft.server.log.appender.buffer.byte-limit = 33554432 (custom)
2021-08-26 18:41:02,283 [134e4cc8-3e2d-4572-98bc-d75f353c351b@group-5443D1AD4915-LeaderElection98] INFO  server.RaftServerConfigKeys (ConfUtils.java:logGet(44)) - raft.server.log.appender.buffer.element-limit = 1 (custom)
2021-08-26 18:41:02,283 [134e4cc8-3e2d-4572-98bc-d75f353c351b@group-5443D1AD4915-LeaderElection98] INFO  grpc.GrpcConfigKeys (ConfUtils.java:logGet(44)) - raft.grpc.server.leader.outstanding.appends.max = 128 (default)
2021-08-26 18:41:02,283 [134e4cc8-3e2d-4572-98bc-d75f353c351b@group-5443D1AD4915-LeaderElection98] INFO  server.RaftServerConfigKeys (ConfUtils.java:logGet(44)) - raft.server.rpc.request.timeout = 3000ms (default)
2021-08-26 18:41:02,284 [134e4cc8-3e2d-4572-98bc-d75f353c351b@group-5443D1AD4915-LeaderElection98] INFO  server.RaftServerConfigKeys (ConfUtils.java:logGet(44)) - raft.server.log.appender.install.snapshot.enabled = false (custom)
2021-08-26 18:41:02,285 [134e4cc8-3e2d-4572-98bc-d75f353c351b@group-5443D1AD4915-LeaderElection98] INFO  impl.RoleInfo (RoleInfo.java:updateAndGet(130)) - 134e4cc8-3e2d-4572-98bc-d75f353c351b: start 134e4cc8-3e2d-4572-98bc-d75f353c351b@group-5443D1AD4915-LeaderStateImpl
2021-08-26 18:41:02,285 [134e4cc8-3e2d-4572-98bc-d75f353c351b@group-5443D1AD4915-LeaderElection98] INFO  segmented.SegmentedRaftLogWorker (SegmentedRaftLogWorker.java:rollLogSegment(399)) - 134e4cc8-3e2d-4572-98bc-d75f353c351b@group-5443D1AD4915-SegmentedRaftLogWorker: Rolling segment log-0_0 to index:0
2021-08-26 18:41:02,286 [134e4cc8-3e2d-4572-98bc-d75f353c351b@group-5443D1AD4915-SegmentedRaftLogWorker] INFO  segmented.SegmentedRaftLogWorker (SegmentedRaftLogWorker.java:execute(558)) - 134e4cc8-3e2d-4572-98bc-d75f353c351b@group-5443D1AD4915-SegmentedRaftLogWorker: Rolled log segment from /home/runner/work/ozone/ozone/hadoop-ozone/integration-test/target/test-dir/MiniOzoneClusterImpl-7287d2d4-454f-4da5-bbdc-7dc3b2fb158b/datanode-5/data/ratis/216adb88-0bda-436d-9886-5443d1ad4915/current/log_inprogress_0 to /home/runner/work/ozone/ozone/hadoop-ozone/integration-test/target/test-dir/MiniOzoneClusterImpl-7287d2d4-454f-4da5-bbdc-7dc3b2fb158b/datanode-5/data/ratis/216adb88-0bda-436d-9886-5443d1ad4915/current/log_0-0
2021-08-26 18:41:02,288 [134e4cc8-3e2d-4572-98bc-d75f353c351b@group-5443D1AD4915-SegmentedRaftLogWorker] INFO  segmented.SegmentedRaftLogWorker (SegmentedRaftLogWorker.java:execute(601)) - 134e4cc8-3e2d-4572-98bc-d75f353c351b@group-5443D1AD4915-SegmentedRaftLogWorker: created new log segment /home/runner/work/ozone/ozone/hadoop-ozone/integration-test/target/test-dir/MiniOzoneClusterImpl-7287d2d4-454f-4da5-bbdc-7dc3b2fb158b/datanode-5/data/ratis/216adb88-0bda-436d-9886-5443d1ad4915/current/log_inprogress_1
2021-08-26 18:41:02,299 [Datanode State Machine Thread - 0] WARN  statemachine.StateContext (StateContext.java:execute(621)) - No available thread in pool for past 1 seconds.
2021-08-26 18:41:02,349 [grpc-default-executor-3] WARN  server.GrpcLogAppender (LogUtils.java:warn(122)) - 134e4cc8-3e2d-4572-98bc-d75f353c351b@group-5443D1AD4915->88d9c6ea-d0be-4004-8450-128776760c0b-AppendLogResponseHandler: Failed appendEntries: org.apache.ratis.thirdparty.io.grpc.StatusRuntimeException: UNAVAILABLE: io exception
2021-08-26 18:41:02,352 [134e4cc8-3e2d-4572-98bc-d75f353c351b@group-5443D1AD4915-LeaderElection98] INFO  server.RaftServer$Division (ServerState.java:setRaftConf(387)) - 134e4cc8-3e2d-4572-98bc-d75f353c351b@group-5443D1AD4915: set configuration 1: [88d9c6ea-d0be-4004-8450-128776760c0b|rpc:10.1.0.63:32927|dataStream:|priority:1, 95edf07e-7fec-45a0-b357-ea2c9e88c813|rpc:10.1.0.63:34053|dataStream:|priority:0, 134e4cc8-3e2d-4572-98bc-d75f353c351b|rpc:10.1.0.63:40073|dataStream:|priority:0], old=null
2021-08-26 18:41:02,354 [grpc-default-executor-3] WARN  server.GrpcLogAppender (GrpcLogAppender.java:resetClient(111)) - 134e4cc8-3e2d-4572-98bc-d75f353c351b@group-5443D1AD4915->88d9c6ea-d0be-4004-8450-128776760c0b-GrpcLogAppender: Leader has not got in touch with Follower 134e4cc8-3e2d-4572-98bc-d75f353c351b@group-5443D1AD4915->88d9c6ea-d0be-4004-8450-128776760c0b(c-1,m0,n2, attendVote=true, lastRpcSendTime=4, lastRpcResponseTime=5273) yet, just keep nextIndex unchanged and retry.
2021-08-26 18:41:02,405 [grpc-default-executor-2] INFO  ratis.XceiverServerRatis (XceiverServerRatis.java:handleLeaderChangedNotification(861)) - Leader change notification received for group: group-5443D1AD4915 with new leaderId: 134e4cc8-3e2d-4572-98bc-d75f353c351b
2021-08-26 18:41:02,405 [grpc-default-executor-2] INFO  server.RaftServer$Division (ServerState.java:setLeader(285)) - 95edf07e-7fec-45a0-b357-ea2c9e88c813@group-5443D1AD4915: change Leader from null to 134e4cc8-3e2d-4572-98bc-d75f353c351b at term 3 for appendEntries, leader elected after 133ms
2021-08-26 18:41:02,436 [grpc-default-executor-2] INFO  server.RaftServer$Division (ServerState.java:setRaftConf(387)) - 95edf07e-7fec-45a0-b357-ea2c9e88c813@group-5443D1AD4915: set configuration 1: [88d9c6ea-d0be-4004-8450-128776760c0b|rpc:10.1.0.63:32927|dataStream:|priority:1, 95edf07e-7fec-45a0-b357-ea2c9e88c813|rpc:10.1.0.63:34053|dataStream:|priority:0, 134e4cc8-3e2d-4572-98bc-d75f353c351b|rpc:10.1.0.63:40073|dataStream:|priority:0], old=null
2021-08-26 18:41:02,436 [grpc-default-executor-2] INFO  segmented.SegmentedRaftLogWorker (SegmentedRaftLogWorker.java:rollLogSegment(399)) - 95edf07e-7fec-45a0-b357-ea2c9e88c813@group-5443D1AD4915-SegmentedRaftLogWorker: Rolling segment log-0_0 to index:0
2021-08-26 18:41:02,437 [95edf07e-7fec-45a0-b357-ea2c9e88c813@group-5443D1AD4915-SegmentedRaftLogWorker] INFO  segmented.SegmentedRaftLogWorker (SegmentedRaftLogWorker.java:execute(558)) - 95edf07e-7fec-45a0-b357-ea2c9e88c813@group-5443D1AD4915-SegmentedRaftLogWorker: Rolled log segment from /home/runner/work/ozone/ozone/hadoop-ozone/integration-test/target/test-dir/MiniOzoneClusterImpl-7287d2d4-454f-4da5-bbdc-7dc3b2fb158b/datanode-3/data/ratis/216adb88-0bda-436d-9886-5443d1ad4915/current/log_inprogress_0 to /home/runner/work/ozone/ozone/hadoop-ozone/integration-test/target/test-dir/MiniOzoneClusterImpl-7287d2d4-454f-4da5-bbdc-7dc3b2fb158b/datanode-3/data/ratis/216adb88-0bda-436d-9886-5443d1ad4915/current/log_0-0
2021-08-26 18:41:02,450 [95edf07e-7fec-45a0-b357-ea2c9e88c813@group-5443D1AD4915-SegmentedRaftLogWorker] INFO  segmented.SegmentedRaftLogWorker (SegmentedRaftLogWorker.java:execute(601)) - 95edf07e-7fec-45a0-b357-ea2c9e88c813@group-5443D1AD4915-SegmentedRaftLogWorker: created new log segment /home/runner/work/ozone/ozone/hadoop-ozone/integration-test/target/test-dir/MiniOzoneClusterImpl-7287d2d4-454f-4da5-bbdc-7dc3b2fb158b/datanode-3/data/ratis/216adb88-0bda-436d-9886-5443d1ad4915/current/log_inprogress_1
2021-08-26 18:41:02,481 [grpc-default-executor-2] WARN  server.GrpcLogAppender (LogUtils.java:warn(122)) - 134e4cc8-3e2d-4572-98bc-d75f353c351b@group-0EE0E6A225EC->88d9c6ea-d0be-4004-8450-128776760c0b-AppendLogResponseHandler: Failed appendEntries: org.apache.ratis.thirdparty.io.grpc.StatusRuntimeException: UNAVAILABLE: io exception
2021-08-26 18:41:02,481 [grpc-default-executor-2] WARN  server.GrpcLogAppender (GrpcLogAppender.java:resetClient(111)) - 134e4cc8-3e2d-4572-98bc-d75f353c351b@group-0EE0E6A225EC->88d9c6ea-d0be-4004-8450-128776760c0b-GrpcLogAppender: Leader has not got in touch with Follower 134e4cc8-3e2d-4572-98bc-d75f353c351b@group-0EE0E6A225EC->88d9c6ea-d0be-4004-8450-128776760c0b(c0,m0,n1, attendVote=true, lastRpcSendTime=0, lastRpcResponseTime=7551) yet, just keep nextIndex unchanged and retry.
2021-08-26 18:41:02,540 [grpc-default-executor-3] WARN  server.GrpcLogAppender (LogUtils.java:warn(122)) - 134e4cc8-3e2d-4572-98bc-d75f353c351b@group-5443D1AD4915->88d9c6ea-d0be-4004-8450-128776760c0b-AppendLogResponseHandler: Failed appendEntries: org.apache.ratis.thirdparty.io.grpc.StatusRuntimeException: UNAVAILABLE: io exception
2021-08-26 18:41:02,540 [grpc-default-executor-3] WARN  server.GrpcLogAppender (GrpcLogAppender.java:resetClient(111)) - 134e4cc8-3e2d-4572-98bc-d75f353c351b@group-5443D1AD4915->88d9c6ea-d0be-4004-8450-128776760c0b-GrpcLogAppender: Leader has not got in touch with Follower 134e4cc8-3e2d-4572-98bc-d75f353c351b@group-5443D1AD4915->88d9c6ea-d0be-4004-8450-128776760c0b(c-1,m0,n3, attendVote=true, lastRpcSendTime=190, lastRpcResponseTime=5459) yet, just keep nextIndex unchanged and retry.
2021-08-26 18:41:02,895 [grpc-default-executor-3] WARN  server.GrpcLogAppender (LogUtils.java:warn(122)) - 7a21a715-39a0-4b71-a267-c33797e0d730@group-8992BE07B501->feac8f5a-1b39-4e45-882b-39b2a71e70b7-AppendLogResponseHandler: Failed appendEntries: org.apache.ratis.thirdparty.io.grpc.StatusRuntimeException: UNAVAILABLE: io exception
2021-08-26 18:41:02,921 [grpc-default-executor-3] WARN  server.GrpcLogAppender (GrpcLogAppender.java:resetClient(111)) - 7a21a715-39a0-4b71-a267-c33797e0d730@group-8992BE07B501->feac8f5a-1b39-4e45-882b-39b2a71e70b7-GrpcLogAppender: Leader has not got in touch with Follower 7a21a715-39a0-4b71-a267-c33797e0d730@group-8992BE07B501->feac8f5a-1b39-4e45-882b-39b2a71e70b7(c-1,m0,n1, attendVote=true, lastRpcSendTime=2570, lastRpcResponseTime=7816) yet, just keep nextIndex unchanged and retry.
2021-08-26 18:41:03,272 [ForkJoinPool.commonPool-worker-1] INFO  ozoneimpl.OzoneContainer (OzoneContainer.java:stop(326)) - Attempting to stop container services.
2021-08-26 18:41:03,272 [ForkJoinPool.commonPool-worker-1] INFO  server.RaftServer (RaftServerProxy.java:lambda$close$6(391)) - 87f05fb4-46b8-4bb5-a197-7bc4b26914eb: close
2021-08-26 18:41:03,272 [ForkJoinPool.commonPool-worker-1] INFO  server.RaftServer$Division (RaftServerImpl.java:lambda$close$4(407)) - 87f05fb4-46b8-4bb5-a197-7bc4b26914eb@group-8992BE07B501: shutdown
2021-08-26 18:41:03,273 [ForkJoinPool.commonPool-worker-1] INFO  util.JmxRegister (JmxRegister.java:unregister(73)) - Successfully un-registered JMX Bean with object name Ratis:service=RaftServer,group=group-8992BE07B501,id=87f05fb4-46b8-4bb5-a197-7bc4b26914eb
2021-08-26 18:41:03,273 [ForkJoinPool.commonPool-worker-1] INFO  impl.RoleInfo (RoleInfo.java:shutdownFollowerState(108)) - 87f05fb4-46b8-4bb5-a197-7bc4b26914eb: shutdown 87f05fb4-46b8-4bb5-a197-7bc4b26914eb@group-8992BE07B501-FollowerState
2021-08-26 18:41:03,273 [ForkJoinPool.commonPool-worker-1] INFO  impl.StateMachineUpdater (StateMachineUpdater.java:stopAndJoin(149)) - 87f05fb4-46b8-4bb5-a197-7bc4b26914eb@group-8992BE07B501-StateMachineUpdater: set stopIndex = 0
2021-08-26 18:41:03,273 [87f05fb4-46b8-4bb5-a197-7bc4b26914eb@group-8992BE07B501-FollowerState] INFO  impl.FollowerState (FollowerState.java:run(143)) - 87f05fb4-46b8-4bb5-a197-7bc4b26914eb@group-8992BE07B501-FollowerState was interrupted: {}
java.lang.InterruptedException: sleep interrupted
	at java.lang.Thread.sleep(Native Method)
	at java.lang.Thread.sleep(Thread.java:340)
	at java.util.concurrent.TimeUnit.sleep(TimeUnit.java:386)
	at org.apache.ratis.util.TimeDuration.sleep(TimeDuration.java:324)
	at org.apache.ratis.util.TimeDuration.sleep(TimeDuration.java:309)
	at org.apache.ratis.server.impl.FollowerState.run(FollowerState.java:118)
2021-08-26 18:41:03,273 [87f05fb4-46b8-4bb5-a197-7bc4b26914eb@group-8992BE07B501-StateMachineUpdater] INFO  ratis.ContainerStateMachine (ContainerStateMachine.java:takeSnapshot(292)) - group-8992BE07B501: Taking a snapshot at:(t:2, i:0) file /home/runner/work/ozone/ozone/hadoop-ozone/integration-test/target/test-dir/MiniOzoneClusterImpl-7287d2d4-454f-4da5-bbdc-7dc3b2fb158b/datanode-2/data/ratis/19e69daf-7bb9-4b43-a26e-8992be07b501/sm/snapshot.2_0
2021-08-26 18:41:03,277 [87f05fb4-46b8-4bb5-a197-7bc4b26914eb@group-8992BE07B501-StateMachineUpdater] INFO  ratis.ContainerStateMachine (ContainerStateMachine.java:takeSnapshot(303)) - group-8992BE07B501: Finished taking a snapshot at:(t:2, i:0) file:/home/runner/work/ozone/ozone/hadoop-ozone/integration-test/target/test-dir/MiniOzoneClusterImpl-7287d2d4-454f-4da5-bbdc-7dc3b2fb158b/datanode-2/data/ratis/19e69daf-7bb9-4b43-a26e-8992be07b501/sm/snapshot.2_0 took: 4 ms
2021-08-26 18:41:03,277 [87f05fb4-46b8-4bb5-a197-7bc4b26914eb@group-8992BE07B501-StateMachineUpdater] INFO  impl.StateMachineUpdater (StateMachineUpdater.java:takeSnapshot(281)) - 87f05fb4-46b8-4bb5-a197-7bc4b26914eb@group-8992BE07B501-StateMachineUpdater: Took a snapshot at index 0
2021-08-26 18:41:03,277 [87f05fb4-46b8-4bb5-a197-7bc4b26914eb@group-8992BE07B501-StateMachineUpdater] INFO  impl.StateMachineUpdater (StateMachineUpdater.java:lambda$new$0(89)) - 87f05fb4-46b8-4bb5-a197-7bc4b26914eb@group-8992BE07B501-StateMachineUpdater: snapshotIndex: updateIncreasingly -1 -> 0
2021-08-26 18:41:03,278 [ForkJoinPool.commonPool-worker-1] INFO  server.RaftServer$Division (ServerState.java:close(419)) - 87f05fb4-46b8-4bb5-a197-7bc4b26914eb@group-8992BE07B501: closes. applyIndex: 0
2021-08-26 18:41:03,278 [87f05fb4-46b8-4bb5-a197-7bc4b26914eb@group-8992BE07B501-SegmentedRaftLogWorker] INFO  segmented.SegmentedRaftLogWorker (SegmentedRaftLogWorker.java:run(327)) - 87f05fb4-46b8-4bb5-a197-7bc4b26914eb@group-8992BE07B501-SegmentedRaftLogWorker was interrupted, exiting. There are 0 tasks remaining in the queue.
2021-08-26 18:41:03,284 [ForkJoinPool.commonPool-worker-1] INFO  segmented.SegmentedRaftLogWorker (SegmentedRaftLogWorker.java:close(237)) - 87f05fb4-46b8-4bb5-a197-7bc4b26914eb@group-8992BE07B501-SegmentedRaftLogWorker close()
2021-08-26 18:41:03,293 [ForkJoinPool.commonPool-worker-1] INFO  server.RaftServer$Division (RaftServerImpl.java:lambda$close$4(407)) - 87f05fb4-46b8-4bb5-a197-7bc4b26914eb@group-59B82285053D: shutdown
2021-08-26 18:41:03,293 [ForkJoinPool.commonPool-worker-1] INFO  util.JmxRegister (JmxRegister.java:unregister(73)) - Successfully un-registered JMX Bean with object name Ratis:service=RaftServer,group=group-59B82285053D,id=87f05fb4-46b8-4bb5-a197-7bc4b26914eb
2021-08-26 18:41:03,293 [ForkJoinPool.commonPool-worker-1] INFO  impl.RoleInfo (RoleInfo.java:shutdownLeaderState(91)) - 87f05fb4-46b8-4bb5-a197-7bc4b26914eb: shutdown 87f05fb4-46b8-4bb5-a197-7bc4b26914eb@group-59B82285053D-LeaderStateImpl
2021-08-26 18:41:03,293 [ForkJoinPool.commonPool-worker-1] INFO  impl.PendingRequests (PendingRequests.java:sendNotLeaderResponses(282)) - 87f05fb4-46b8-4bb5-a197-7bc4b26914eb@group-59B82285053D-PendingRequests: sendNotLeaderResponses
2021-08-26 18:41:03,294 [ForkJoinPool.commonPool-worker-1] INFO  impl.StateMachineUpdater (StateMachineUpdater.java:stopAndJoin(149)) - 87f05fb4-46b8-4bb5-a197-7bc4b26914eb@group-59B82285053D-StateMachineUpdater: set stopIndex = 0
2021-08-26 18:41:03,295 [87f05fb4-46b8-4bb5-a197-7bc4b26914eb@group-59B82285053D-StateMachineUpdater] INFO  ratis.ContainerStateMachine (ContainerStateMachine.java:takeSnapshot(292)) - group-59B82285053D: Taking a snapshot at:(t:1, i:0) file /home/runner/work/ozone/ozone/hadoop-ozone/integration-test/target/test-dir/MiniOzoneClusterImpl-7287d2d4-454f-4da5-bbdc-7dc3b2fb158b/datanode-2/data/ratis/86756c3f-7a7e-4c6c-bac6-59b82285053d/sm/snapshot.1_0
2021-08-26 18:41:03,299 [87f05fb4-46b8-4bb5-a197-7bc4b26914eb@group-59B82285053D-StateMachineUpdater] INFO  ratis.ContainerStateMachine (ContainerStateMachine.java:takeSnapshot(303)) - group-59B82285053D: Finished taking a snapshot at:(t:1, i:0) file:/home/runner/work/ozone/ozone/hadoop-ozone/integration-test/target/test-dir/MiniOzoneClusterImpl-7287d2d4-454f-4da5-bbdc-7dc3b2fb158b/datanode-2/data/ratis/86756c3f-7a7e-4c6c-bac6-59b82285053d/sm/snapshot.1_0 took: 4 ms
2021-08-26 18:41:03,299 [87f05fb4-46b8-4bb5-a197-7bc4b26914eb@group-59B82285053D-StateMachineUpdater] INFO  impl.StateMachineUpdater (StateMachineUpdater.java:takeSnapshot(281)) - 87f05fb4-46b8-4bb5-a197-7bc4b26914eb@group-59B82285053D-StateMachineUpdater: Took a snapshot at index 0
2021-08-26 18:41:03,299 [87f05fb4-46b8-4bb5-a197-7bc4b26914eb@group-59B82285053D-StateMachineUpdater] INFO  impl.StateMachineUpdater (StateMachineUpdater.java:lambda$new$0(89)) - 87f05fb4-46b8-4bb5-a197-7bc4b26914eb@group-59B82285053D-StateMachineUpdater: snapshotIndex: updateIncreasingly -1 -> 0
2021-08-26 18:41:03,306 [ForkJoinPool.commonPool-worker-1] INFO  server.RaftServer$Division (ServerState.java:close(419)) - 87f05fb4-46b8-4bb5-a197-7bc4b26914eb@group-59B82285053D: closes. applyIndex: 0
2021-08-26 18:41:03,306 [87f05fb4-46b8-4bb5-a197-7bc4b26914eb@group-59B82285053D-SegmentedRaftLogWorker] INFO  segmented.SegmentedRaftLogWorker (SegmentedRaftLogWorker.java:run(327)) - 87f05fb4-46b8-4bb5-a197-7bc4b26914eb@group-59B82285053D-SegmentedRaftLogWorker was interrupted, exiting. There are 0 tasks remaining in the queue.
2021-08-26 18:41:03,306 [ForkJoinPool.commonPool-worker-1] INFO  segmented.SegmentedRaftLogWorker (SegmentedRaftLogWorker.java:close(237)) - 87f05fb4-46b8-4bb5-a197-7bc4b26914eb@group-59B82285053D-SegmentedRaftLogWorker close()
2021-08-26 18:41:03,331 [ForkJoinPool.commonPool-worker-1] INFO  server.RaftServer$Division (RaftServerImpl.java:lambda$close$4(407)) - 87f05fb4-46b8-4bb5-a197-7bc4b26914eb@group-AD9EB289532E: shutdown
2021-08-26 18:41:03,331 [ForkJoinPool.commonPool-worker-1] INFO  util.JmxRegister (JmxRegister.java:unregister(73)) - Successfully un-registered JMX Bean with object name Ratis:service=RaftServer,group=group-AD9EB289532E,id=87f05fb4-46b8-4bb5-a197-7bc4b26914eb
2021-08-26 18:41:03,332 [ForkJoinPool.commonPool-worker-1] INFO  impl.RoleInfo (RoleInfo.java:shutdownFollowerState(108)) - 87f05fb4-46b8-4bb5-a197-7bc4b26914eb: shutdown 87f05fb4-46b8-4bb5-a197-7bc4b26914eb@group-AD9EB289532E-FollowerState
2021-08-26 18:41:03,332 [ForkJoinPool.commonPool-worker-1] INFO  impl.StateMachineUpdater (StateMachineUpdater.java:stopAndJoin(149)) - 87f05fb4-46b8-4bb5-a197-7bc4b26914eb@group-AD9EB289532E-StateMachineUpdater: set stopIndex = -1
2021-08-26 18:41:03,332 [87f05fb4-46b8-4bb5-a197-7bc4b26914eb@group-AD9EB289532E-FollowerState] INFO  impl.FollowerState (FollowerState.java:run(143)) - 87f05fb4-46b8-4bb5-a197-7bc4b26914eb@group-AD9EB289532E-FollowerState was interrupted: {}
java.lang.InterruptedException: sleep interrupted
	at java.lang.Thread.sleep(Native Method)
	at java.lang.Thread.sleep(Thread.java:340)
	at java.util.concurrent.TimeUnit.sleep(TimeUnit.java:386)
	at org.apache.ratis.util.TimeDuration.sleep(TimeDuration.java:324)
	at org.apache.ratis.util.TimeDuration.sleep(TimeDuration.java:309)
	at org.apache.ratis.server.impl.FollowerState.run(FollowerState.java:118)
2021-08-26 18:41:03,332 [ForkJoinPool.commonPool-worker-1] INFO  server.RaftServer$Division (ServerState.java:close(419)) - 87f05fb4-46b8-4bb5-a197-7bc4b26914eb@group-AD9EB289532E: closes. applyIndex: -1
2021-08-26 18:41:03,332 [87f05fb4-46b8-4bb5-a197-7bc4b26914eb@group-AD9EB289532E-SegmentedRaftLogWorker] INFO  segmented.SegmentedRaftLogWorker (SegmentedRaftLogWorker.java:run(327)) - 87f05fb4-46b8-4bb5-a197-7bc4b26914eb@group-AD9EB289532E-SegmentedRaftLogWorker was interrupted, exiting. There are 0 tasks remaining in the queue.
2021-08-26 18:41:03,332 [ForkJoinPool.commonPool-worker-1] INFO  segmented.SegmentedRaftLogWorker (SegmentedRaftLogWorker.java:close(237)) - 87f05fb4-46b8-4bb5-a197-7bc4b26914eb@group-AD9EB289532E-SegmentedRaftLogWorker close()
2021-08-26 18:41:03,340 [ForkJoinPool.commonPool-worker-1] INFO  server.GrpcService (GrpcService.java:closeImpl(262)) - 87f05fb4-46b8-4bb5-a197-7bc4b26914eb: shutdown server with port 44187 now
2021-08-26 18:41:03,365 [Listener at 127.0.0.1/40319] INFO  ozoneimpl.OzoneContainer (OzoneContainer.java:stop(326)) - Attempting to stop container services.
2021-08-26 18:41:03,367 [Listener at 127.0.0.1/40319] INFO  server.RaftServer (RaftServerProxy.java:lambda$close$6(391)) - b0d4646c-0fcd-42fc-b255-eb3c3c8c3636: close
2021-08-26 18:41:03,367 [Listener at 127.0.0.1/40319] INFO  server.RaftServer$Division (RaftServerImpl.java:lambda$close$4(407)) - b0d4646c-0fcd-42fc-b255-eb3c3c8c3636@group-03B25ECA009B: shutdown
2021-08-26 18:41:03,367 [Listener at 127.0.0.1/40319] INFO  util.JmxRegister (JmxRegister.java:unregister(73)) - Successfully un-registered JMX Bean with object name Ratis:service=RaftServer,group=group-03B25ECA009B,id=b0d4646c-0fcd-42fc-b255-eb3c3c8c3636
2021-08-26 18:41:03,367 [Listener at 127.0.0.1/40319] INFO  impl.RoleInfo (RoleInfo.java:shutdownLeaderState(91)) - b0d4646c-0fcd-42fc-b255-eb3c3c8c3636: shutdown b0d4646c-0fcd-42fc-b255-eb3c3c8c3636@group-03B25ECA009B-LeaderStateImpl
2021-08-26 18:41:03,367 [Listener at 127.0.0.1/40319] INFO  impl.PendingRequests (PendingRequests.java:sendNotLeaderResponses(282)) - b0d4646c-0fcd-42fc-b255-eb3c3c8c3636@group-03B25ECA009B-PendingRequests: sendNotLeaderResponses
2021-08-26 18:41:03,368 [Listener at 127.0.0.1/40319] INFO  impl.StateMachineUpdater (StateMachineUpdater.java:stopAndJoin(149)) - b0d4646c-0fcd-42fc-b255-eb3c3c8c3636@group-03B25ECA009B-StateMachineUpdater: set stopIndex = 0
2021-08-26 18:41:03,369 [b0d4646c-0fcd-42fc-b255-eb3c3c8c3636@group-03B25ECA009B-StateMachineUpdater] INFO  ratis.ContainerStateMachine (ContainerStateMachine.java:takeSnapshot(292)) - group-03B25ECA009B: Taking a snapshot at:(t:1, i:0) file /home/runner/work/ozone/ozone/hadoop-ozone/integration-test/target/test-dir/MiniOzoneClusterImpl-7287d2d4-454f-4da5-bbdc-7dc3b2fb158b/datanode-0/data/ratis/a10b5402-1898-443a-92f2-03b25eca009b/sm/snapshot.1_0
2021-08-26 18:41:03,375 [b0d4646c-0fcd-42fc-b255-eb3c3c8c3636@group-03B25ECA009B-StateMachineUpdater] INFO  ratis.ContainerStateMachine (ContainerStateMachine.java:takeSnapshot(303)) - group-03B25ECA009B: Finished taking a snapshot at:(t:1, i:0) file:/home/runner/work/ozone/ozone/hadoop-ozone/integration-test/target/test-dir/MiniOzoneClusterImpl-7287d2d4-454f-4da5-bbdc-7dc3b2fb158b/datanode-0/data/ratis/a10b5402-1898-443a-92f2-03b25eca009b/sm/snapshot.1_0 took: 7 ms
2021-08-26 18:41:03,376 [b0d4646c-0fcd-42fc-b255-eb3c3c8c3636@group-03B25ECA009B-StateMachineUpdater] INFO  impl.StateMachineUpdater (StateMachineUpdater.java:takeSnapshot(281)) - b0d4646c-0fcd-42fc-b255-eb3c3c8c3636@group-03B25ECA009B-StateMachineUpdater: Took a snapshot at index 0
2021-08-26 18:41:03,376 [b0d4646c-0fcd-42fc-b255-eb3c3c8c3636@group-03B25ECA009B-StateMachineUpdater] INFO  impl.StateMachineUpdater (StateMachineUpdater.java:lambda$new$0(89)) - b0d4646c-0fcd-42fc-b255-eb3c3c8c3636@group-03B25ECA009B-StateMachineUpdater: snapshotIndex: updateIncreasingly -1 -> 0
2021-08-26 18:41:03,376 [Listener at 127.0.0.1/40319] INFO  server.RaftServer$Division (ServerState.java:close(419)) - b0d4646c-0fcd-42fc-b255-eb3c3c8c3636@group-03B25ECA009B: closes. applyIndex: 0
2021-08-26 18:41:03,404 [grpc-default-executor-2] WARN  server.GrpcServerProtocolService (LogUtils.java:warn(122)) - 87f05fb4-46b8-4bb5-a197-7bc4b26914eb: installSnapshot onError, lastRequest: 7a21a715-39a0-4b71-a267-c33797e0d730->87f05fb4-46b8-4bb5-a197-7bc4b26914eb#1-t2,previous=(t:0, i:0),leaderCommit=0,initializing? true,entries: size=1, first=(t:2, i:0), CONFIGURATIONENTRY: org.apache.ratis.thirdparty.io.grpc.StatusRuntimeException: CANCELLED: client cancelled
2021-08-26 18:41:03,421 [grpc-default-executor-2] WARN  server.GrpcLogAppender (LogUtils.java:warn(122)) - 7a21a715-39a0-4b71-a267-c33797e0d730@group-8992BE07B501->87f05fb4-46b8-4bb5-a197-7bc4b26914eb-AppendLogResponseHandler: Failed appendEntries: org.apache.ratis.thirdparty.io.grpc.StatusRuntimeException: CANCELLED: HTTP/2 error code: CANCEL
Received Rst Stream
2021-08-26 18:41:03,421 [grpc-default-executor-2] WARN  server.GrpcLogAppender (GrpcLogAppender.java:resetClient(111)) - 7a21a715-39a0-4b71-a267-c33797e0d730@group-8992BE07B501->87f05fb4-46b8-4bb5-a197-7bc4b26914eb-GrpcLogAppender: Leader has not got in touch with Follower 7a21a715-39a0-4b71-a267-c33797e0d730@group-8992BE07B501->87f05fb4-46b8-4bb5-a197-7bc4b26914eb(c0,m0,n1, attendVote=true, lastRpcSendTime=372, lastRpcResponseTime=360) yet, just keep nextIndex unchanged and retry.
2021-08-26 18:41:03,437 [b0d4646c-0fcd-42fc-b255-eb3c3c8c3636@group-03B25ECA009B-SegmentedRaftLogWorker] INFO  segmented.SegmentedRaftLogWorker (SegmentedRaftLogWorker.java:run(327)) - b0d4646c-0fcd-42fc-b255-eb3c3c8c3636@group-03B25ECA009B-SegmentedRaftLogWorker was interrupted, exiting. There are 0 tasks remaining in the queue.
2021-08-26 18:41:03,448 [Listener at 127.0.0.1/40319] INFO  segmented.SegmentedRaftLogWorker (SegmentedRaftLogWorker.java:close(237)) - b0d4646c-0fcd-42fc-b255-eb3c3c8c3636@group-03B25ECA009B-SegmentedRaftLogWorker close()
2021-08-26 18:41:03,449 [ForkJoinPool.commonPool-worker-1] INFO  server.GrpcService (GrpcService.java:closeImpl(271)) - 87f05fb4-46b8-4bb5-a197-7bc4b26914eb: shutdown server with port 44187 successfully
2021-08-26 18:41:03,449 [org.apache.ratis.util.JvmPauseMonitor$$Lambda$531/1778678572@3c2eebba] INFO  util.JvmPauseMonitor (JvmPauseMonitor.java:run(109)) - JvmPauseMonitor-87f05fb4-46b8-4bb5-a197-7bc4b26914eb: Stopped
2021-08-26 18:41:03,472 [Listener at 127.0.0.1/40319] INFO  server.RaftServer$Division (RaftServerImpl.java:lambda$close$4(407)) - b0d4646c-0fcd-42fc-b255-eb3c3c8c3636@group-AD9EB289532E: shutdown
2021-08-26 18:41:03,472 [Listener at 127.0.0.1/40319] INFO  util.JmxRegister (JmxRegister.java:unregister(73)) - Successfully un-registered JMX Bean with object name Ratis:service=RaftServer,group=group-AD9EB289532E,id=b0d4646c-0fcd-42fc-b255-eb3c3c8c3636
2021-08-26 18:41:03,472 [Listener at 127.0.0.1/40319] INFO  impl.RoleInfo (RoleInfo.java:shutdownFollowerState(108)) - b0d4646c-0fcd-42fc-b255-eb3c3c8c3636: shutdown b0d4646c-0fcd-42fc-b255-eb3c3c8c3636@group-AD9EB289532E-FollowerState
2021-08-26 18:41:03,472 [Listener at 127.0.0.1/40319] INFO  impl.StateMachineUpdater (StateMachineUpdater.java:stopAndJoin(149)) - b0d4646c-0fcd-42fc-b255-eb3c3c8c3636@group-AD9EB289532E-StateMachineUpdater: set stopIndex = -1
2021-08-26 18:41:03,473 [ForkJoinPool.commonPool-worker-1] INFO  utils.BackgroundService (BackgroundService.java:shutdown(132)) - Shutting down service BlockDeletingService
2021-08-26 18:41:03,516 [b0d4646c-0fcd-42fc-b255-eb3c3c8c3636@group-AD9EB289532E-FollowerState] INFO  impl.FollowerState (FollowerState.java:run(143)) - b0d4646c-0fcd-42fc-b255-eb3c3c8c3636@group-AD9EB289532E-FollowerState was interrupted: {}
java.lang.InterruptedException: sleep interrupted
	at java.lang.Thread.sleep(Native Method)
	at java.lang.Thread.sleep(Thread.java:340)
	at java.util.concurrent.TimeUnit.sleep(TimeUnit.java:386)
	at org.apache.ratis.util.TimeDuration.sleep(TimeDuration.java:324)
	at org.apache.ratis.util.TimeDuration.sleep(TimeDuration.java:309)
	at org.apache.ratis.server.impl.FollowerState.run(FollowerState.java:118)
2021-08-26 18:41:03,527 [Listener at 127.0.0.1/40319] INFO  server.RaftServer$Division (ServerState.java:close(419)) - b0d4646c-0fcd-42fc-b255-eb3c3c8c3636@group-AD9EB289532E: closes. applyIndex: -1
2021-08-26 18:41:03,527 [b0d4646c-0fcd-42fc-b255-eb3c3c8c3636@group-AD9EB289532E-SegmentedRaftLogWorker] INFO  segmented.SegmentedRaftLogWorker (SegmentedRaftLogWorker.java:run(327)) - b0d4646c-0fcd-42fc-b255-eb3c3c8c3636@group-AD9EB289532E-SegmentedRaftLogWorker was interrupted, exiting. There are 0 tasks remaining in the queue.
2021-08-26 18:41:03,539 [Listener at 127.0.0.1/40319] INFO  segmented.SegmentedRaftLogWorker (SegmentedRaftLogWorker.java:close(237)) - b0d4646c-0fcd-42fc-b255-eb3c3c8c3636@group-AD9EB289532E-SegmentedRaftLogWorker close()
2021-08-26 18:41:03,575 [Listener at 127.0.0.1/40319] INFO  server.GrpcService (GrpcService.java:closeImpl(262)) - b0d4646c-0fcd-42fc-b255-eb3c3c8c3636: shutdown server with port 45237 now
2021-08-26 18:41:03,696 [Listener at 127.0.0.1/40319] INFO  server.GrpcService (GrpcService.java:closeImpl(271)) - b0d4646c-0fcd-42fc-b255-eb3c3c8c3636: shutdown server with port 45237 successfully
2021-08-26 18:41:03,743 [org.apache.ratis.util.JvmPauseMonitor$$Lambda$531/1778678572@e68042a] INFO  util.JvmPauseMonitor (JvmPauseMonitor.java:run(109)) - JvmPauseMonitor-b0d4646c-0fcd-42fc-b255-eb3c3c8c3636: Stopped
2021-08-26 18:41:03,753 [Listener at 127.0.0.1/40319] INFO  utils.BackgroundService (BackgroundService.java:shutdown(132)) - Shutting down service BlockDeletingService
2021-08-26 18:41:04,990 [grpc-default-executor-2] WARN  server.GrpcLogAppender (LogUtils.java:warn(122)) - 134e4cc8-3e2d-4572-98bc-d75f353c351b@group-0EE0E6A225EC->88d9c6ea-d0be-4004-8450-128776760c0b-AppendLogResponseHandler: Failed appendEntries: org.apache.ratis.thirdparty.io.grpc.StatusRuntimeException: UNAVAILABLE: io exception
2021-08-26 18:41:04,990 [grpc-default-executor-2] WARN  server.GrpcLogAppender (GrpcLogAppender.java:resetClient(111)) - 134e4cc8-3e2d-4572-98bc-d75f353c351b@group-0EE0E6A225EC->88d9c6ea-d0be-4004-8450-128776760c0b-GrpcLogAppender: Leader has not got in touch with Follower 134e4cc8-3e2d-4572-98bc-d75f353c351b@group-0EE0E6A225EC->88d9c6ea-d0be-4004-8450-128776760c0b(c0,m0,n1, attendVote=true, lastRpcSendTime=2509, lastRpcResponseTime=10061) yet, just keep nextIndex unchanged and retry.
2021-08-26 18:41:05,053 [grpc-default-executor-2] WARN  server.GrpcLogAppender (LogUtils.java:warn(122)) - 134e4cc8-3e2d-4572-98bc-d75f353c351b@group-5443D1AD4915->88d9c6ea-d0be-4004-8450-128776760c0b-AppendLogResponseHandler: Failed appendEntries: org.apache.ratis.thirdparty.io.grpc.StatusRuntimeException: UNAVAILABLE: io exception
2021-08-26 18:41:05,054 [grpc-default-executor-2] WARN  server.GrpcLogAppender (GrpcLogAppender.java:resetClient(111)) - 134e4cc8-3e2d-4572-98bc-d75f353c351b@group-5443D1AD4915->88d9c6ea-d0be-4004-8450-128776760c0b-GrpcLogAppender: Leader has not got in touch with Follower 134e4cc8-3e2d-4572-98bc-d75f353c351b@group-5443D1AD4915->88d9c6ea-d0be-4004-8450-128776760c0b(c-1,m0,n3, attendVote=true, lastRpcSendTime=0, lastRpcResponseTime=7972) yet, just keep nextIndex unchanged and retry.
2021-08-26 18:41:05,455 [grpc-default-executor-2] WARN  server.GrpcLogAppender (LogUtils.java:warn(122)) - 7a21a715-39a0-4b71-a267-c33797e0d730@group-8992BE07B501->feac8f5a-1b39-4e45-882b-39b2a71e70b7-AppendLogResponseHandler: Failed appendEntries: org.apache.ratis.thirdparty.io.grpc.StatusRuntimeException: UNAVAILABLE: io exception
2021-08-26 18:41:05,456 [grpc-default-executor-2] WARN  server.GrpcLogAppender (GrpcLogAppender.java:resetClient(111)) - 7a21a715-39a0-4b71-a267-c33797e0d730@group-8992BE07B501->feac8f5a-1b39-4e45-882b-39b2a71e70b7-GrpcLogAppender: Leader has not got in touch with Follower 7a21a715-39a0-4b71-a267-c33797e0d730@group-8992BE07B501->feac8f5a-1b39-4e45-882b-39b2a71e70b7(c-1,m0,n1, attendVote=true, lastRpcSendTime=0, lastRpcResponseTime=10351) yet, just keep nextIndex unchanged and retry.
2021-08-26 18:41:05,569 [grpc-default-executor-2] WARN  server.GrpcLogAppender (LogUtils.java:warn(122)) - 7a21a715-39a0-4b71-a267-c33797e0d730@group-8992BE07B501->87f05fb4-46b8-4bb5-a197-7bc4b26914eb-AppendLogResponseHandler: Failed appendEntries: org.apache.ratis.thirdparty.io.grpc.StatusRuntimeException: UNAVAILABLE: io exception
2021-08-26 18:41:05,569 [grpc-default-executor-2] WARN  server.GrpcLogAppender (GrpcLogAppender.java:resetClient(111)) - 7a21a715-39a0-4b71-a267-c33797e0d730@group-8992BE07B501->87f05fb4-46b8-4bb5-a197-7bc4b26914eb-GrpcLogAppender: Leader has not got in touch with Follower 7a21a715-39a0-4b71-a267-c33797e0d730@group-8992BE07B501->87f05fb4-46b8-4bb5-a197-7bc4b26914eb(c0,m0,n1, attendVote=true, lastRpcSendTime=0, lastRpcResponseTime=2508) yet, just keep nextIndex unchanged and retry.
2021-08-26 18:41:06,580 [ForkJoinPool.commonPool-worker-1] INFO  statemachine.DatanodeStateMachine (DatanodeStateMachine.java:stopDaemon(515)) - Ozone container server stopped.
2021-08-26 18:41:06,610 [ForkJoinPool.commonPool-worker-1] INFO  handler.ContextHandler (ContextHandler.java:doStop(1153)) - Stopped o.e.j.w.WebAppContext@5339e54f{hddsDatanode,/,null,STOPPED}{jar:file:/home/runner/.m2/repository/org/apache/ozone/hdds-container-service/1.2.0-SNAPSHOT/hdds-container-service-1.2.0-SNAPSHOT.jar!/webapps/hddsDatanode}
2021-08-26 18:41:06,610 [ForkJoinPool.commonPool-worker-1] INFO  server.AbstractConnector (AbstractConnector.java:doStop(381)) - Stopped ServerConnector@7a6b47cb{HTTP/1.1, (http/1.1)}{0.0.0.0:0}
2021-08-26 18:41:06,610 [ForkJoinPool.commonPool-worker-1] INFO  server.session (HouseKeeper.java:stopScavenging(149)) - node0 Stopped scavenging
2021-08-26 18:41:06,610 [ForkJoinPool.commonPool-worker-1] INFO  handler.ContextHandler (ContextHandler.java:doStop(1153)) - Stopped o.e.j.s.ServletContextHandler@2284e149{static,/static,jar:file:/home/runner/.m2/repository/org/apache/ozone/hdds-container-service/1.2.0-SNAPSHOT/hdds-container-service-1.2.0-SNAPSHOT.jar!/webapps/static,STOPPED}
2021-08-26 18:41:06,610 [ForkJoinPool.commonPool-worker-1] INFO  handler.ContextHandler (ContextHandler.java:doStop(1153)) - Stopped o.e.j.s.ServletContextHandler@3eeb6e50{logs,/logs,file:///home/runner/work/ozone/ozone/hadoop-ozone/integration-test/target/log,STOPPED}
2021-08-26 18:41:06,814 [Listener at 127.0.0.1/40319] INFO  statemachine.DatanodeStateMachine (DatanodeStateMachine.java:stopDaemon(515)) - Ozone container server stopped.
2021-08-26 18:41:06,815 [Listener at 127.0.0.1/40319] INFO  handler.ContextHandler (ContextHandler.java:doStop(1153)) - Stopped o.e.j.w.WebAppContext@a2e0403{hddsDatanode,/,null,STOPPED}{jar:file:/home/runner/.m2/repository/org/apache/ozone/hdds-container-service/1.2.0-SNAPSHOT/hdds-container-service-1.2.0-SNAPSHOT.jar!/webapps/hddsDatanode}
2021-08-26 18:41:06,816 [Listener at 127.0.0.1/40319] INFO  server.AbstractConnector (AbstractConnector.java:doStop(381)) - Stopped ServerConnector@4c1ba4ac{HTTP/1.1, (http/1.1)}{0.0.0.0:33909}
2021-08-26 18:41:06,816 [Listener at 127.0.0.1/40319] INFO  server.session (HouseKeeper.java:stopScavenging(149)) - node0 Stopped scavenging
2021-08-26 18:41:06,816 [Listener at 127.0.0.1/40319] INFO  handler.ContextHandler (ContextHandler.java:doStop(1153)) - Stopped o.e.j.s.ServletContextHandler@6cc5dc65{static,/static,jar:file:/home/runner/.m2/repository/org/apache/ozone/hdds-container-service/1.2.0-SNAPSHOT/hdds-container-service-1.2.0-SNAPSHOT.jar!/webapps/static,STOPPED}
2021-08-26 18:41:06,816 [Listener at 127.0.0.1/40319] INFO  handler.ContextHandler (ContextHandler.java:doStop(1153)) - Stopped o.e.j.s.ServletContextHandler@5a3e5a60{logs,/logs,file:///home/runner/work/ozone/ozone/hadoop-ozone/integration-test/target/log,STOPPED}
2021-08-26 18:41:07,304 [EventQueue-StaleNodeForStaleNodeHandler] INFO  node.StaleNodeHandler (StaleNodeHandler.java:onMessage(58)) - Datanode 87f05fb4-46b8-4bb5-a197-7bc4b26914eb{ip: 10.1.0.63, host: fv-az184-233.3ow45vhwbzuu5incsxmygykede.cx.internal.cloudapp.net, ports: [REPLICATION=41467, RATIS=44187, RATIS_ADMIN=44187, RATIS_SERVER=44187, STANDALONE=44877], networkLocation: /default-rack, certSerialId: null, persistedOpState: IN_SERVICE, persistedOpStateExpiryEpochSec: 0} moved to stale state. Finalizing its pipelines [PipelineID=19e69daf-7bb9-4b43-a26e-8992be07b501, PipelineID=86756c3f-7a7e-4c6c-bac6-59b82285053d, PipelineID=5100cf8f-650e-40b2-b565-ad9eb289532e]
2021-08-26 18:41:07,305 [EventQueue-StaleNodeForStaleNodeHandler] INFO  pipeline.PipelineManagerImpl (PipelineManagerImpl.java:closePipeline(342)) - Pipeline Pipeline[ Id: 86756c3f-7a7e-4c6c-bac6-59b82285053d, Nodes: 87f05fb4-46b8-4bb5-a197-7bc4b26914eb{ip: 10.1.0.63, host: fv-az184-233.3ow45vhwbzuu5incsxmygykede.cx.internal.cloudapp.net, ports: [REPLICATION=41467, RATIS=44187, RATIS_ADMIN=44187, RATIS_SERVER=44187, STANDALONE=44877], networkLocation: /default-rack, certSerialId: null, persistedOpState: IN_SERVICE, persistedOpStateExpiryEpochSec: 0}, ReplicationConfig: RATIS/ONE, State:OPEN, leaderId:87f05fb4-46b8-4bb5-a197-7bc4b26914eb, CreationTimestamp2021-08-26T18:39:51.899Z[Etc/UTC]] moved to CLOSED state
2021-08-26 18:41:07,318 [Datanode State Machine Thread - 0] INFO  statemachine.DatanodeStateMachine (DatanodeStateMachine.java:lambda$startDaemon$0(457)) - Ozone container server started.
2021-08-26 18:41:07,512 [grpc-default-executor-2] WARN  server.GrpcLogAppender (LogUtils.java:warn(122)) - 134e4cc8-3e2d-4572-98bc-d75f353c351b@group-0EE0E6A225EC->88d9c6ea-d0be-4004-8450-128776760c0b-AppendLogResponseHandler: Failed appendEntries: org.apache.ratis.thirdparty.io.grpc.StatusRuntimeException: UNAVAILABLE: io exception
2021-08-26 18:41:07,513 [grpc-default-executor-2] WARN  server.GrpcLogAppender (GrpcLogAppender.java:resetClient(111)) - 134e4cc8-3e2d-4572-98bc-d75f353c351b@group-0EE0E6A225EC->88d9c6ea-d0be-4004-8450-128776760c0b-GrpcLogAppender: Leader has not got in touch with Follower 134e4cc8-3e2d-4572-98bc-d75f353c351b@group-0EE0E6A225EC->88d9c6ea-d0be-4004-8450-128776760c0b(c0,m0,n1, attendVote=true, lastRpcSendTime=2522, lastRpcResponseTime=12583) yet, just keep nextIndex unchanged and retry.
2021-08-26 18:41:07,563 [grpc-default-executor-3] WARN  server.GrpcLogAppender (LogUtils.java:warn(122)) - 134e4cc8-3e2d-4572-98bc-d75f353c351b@group-5443D1AD4915->88d9c6ea-d0be-4004-8450-128776760c0b-AppendLogResponseHandler: Failed appendEntries: org.apache.ratis.thirdparty.io.grpc.StatusRuntimeException: UNAVAILABLE: io exception
2021-08-26 18:41:07,563 [grpc-default-executor-3] WARN  server.GrpcLogAppender (GrpcLogAppender.java:resetClient(111)) - 134e4cc8-3e2d-4572-98bc-d75f353c351b@group-5443D1AD4915->88d9c6ea-d0be-4004-8450-128776760c0b-GrpcLogAppender: Leader has not got in touch with Follower 134e4cc8-3e2d-4572-98bc-d75f353c351b@group-5443D1AD4915->88d9c6ea-d0be-4004-8450-128776760c0b(c-1,m0,n3, attendVote=true, lastRpcSendTime=2510, lastRpcResponseTime=10482) yet, just keep nextIndex unchanged and retry.
2021-08-26 18:41:07,960 [grpc-default-executor-3] WARN  server.GrpcLogAppender (LogUtils.java:warn(122)) - 7a21a715-39a0-4b71-a267-c33797e0d730@group-8992BE07B501->feac8f5a-1b39-4e45-882b-39b2a71e70b7-AppendLogResponseHandler: Failed appendEntries: org.apache.ratis.thirdparty.io.grpc.StatusRuntimeException: UNAVAILABLE: io exception
2021-08-26 18:41:07,960 [grpc-default-executor-3] WARN  server.GrpcLogAppender (GrpcLogAppender.java:resetClient(111)) - 7a21a715-39a0-4b71-a267-c33797e0d730@group-8992BE07B501->feac8f5a-1b39-4e45-882b-39b2a71e70b7-GrpcLogAppender: Leader has not got in touch with Follower 7a21a715-39a0-4b71-a267-c33797e0d730@group-8992BE07B501->feac8f5a-1b39-4e45-882b-39b2a71e70b7(c-1,m0,n1, attendVote=true, lastRpcSendTime=2505, lastRpcResponseTime=12856) yet, just keep nextIndex unchanged and retry.
2021-08-26 18:41:08,015 [EventQueue-StaleNodeForStaleNodeHandler] INFO  node.StaleNodeHandler (StaleNodeHandler.java:onMessage(58)) - Datanode b0d4646c-0fcd-42fc-b255-eb3c3c8c3636{ip: 10.1.0.63, host: fv-az184-233.3ow45vhwbzuu5incsxmygykede.cx.internal.cloudapp.net, ports: [REPLICATION=38487, RATIS=45237, RATIS_ADMIN=45237, RATIS_SERVER=45237, STANDALONE=33471], networkLocation: /default-rack, certSerialId: null, persistedOpState: IN_SERVICE, persistedOpStateExpiryEpochSec: 0} moved to stale state. Finalizing its pipelines [PipelineID=a10b5402-1898-443a-92f2-03b25eca009b, PipelineID=5100cf8f-650e-40b2-b565-ad9eb289532e]
2021-08-26 18:41:08,015 [EventQueue-StaleNodeForStaleNodeHandler] INFO  pipeline.PipelineManagerImpl (PipelineManagerImpl.java:closePipeline(342)) - Pipeline Pipeline[ Id: a10b5402-1898-443a-92f2-03b25eca009b, Nodes: b0d4646c-0fcd-42fc-b255-eb3c3c8c3636{ip: 10.1.0.63, host: fv-az184-233.3ow45vhwbzuu5incsxmygykede.cx.internal.cloudapp.net, ports: [REPLICATION=38487, RATIS=45237, RATIS_ADMIN=45237, RATIS_SERVER=45237, STANDALONE=33471], networkLocation: /default-rack, certSerialId: null, persistedOpState: IN_SERVICE, persistedOpStateExpiryEpochSec: 0}, ReplicationConfig: RATIS/ONE, State:OPEN, leaderId:b0d4646c-0fcd-42fc-b255-eb3c3c8c3636, CreationTimestamp2021-08-26T18:40:48.783Z[Etc/UTC]] moved to CLOSED state
2021-08-26 18:41:08,103 [grpc-default-executor-3] WARN  server.GrpcLogAppender (LogUtils.java:warn(122)) - 7a21a715-39a0-4b71-a267-c33797e0d730@group-8992BE07B501->87f05fb4-46b8-4bb5-a197-7bc4b26914eb-AppendLogResponseHandler: Failed appendEntries: org.apache.ratis.thirdparty.io.grpc.StatusRuntimeException: UNAVAILABLE: io exception
2021-08-26 18:41:08,104 [grpc-default-executor-3] WARN  server.GrpcLogAppender (GrpcLogAppender.java:resetClient(111)) - 7a21a715-39a0-4b71-a267-c33797e0d730@group-8992BE07B501->87f05fb4-46b8-4bb5-a197-7bc4b26914eb-GrpcLogAppender: Leader has not got in touch with Follower 7a21a715-39a0-4b71-a267-c33797e0d730@group-8992BE07B501->87f05fb4-46b8-4bb5-a197-7bc4b26914eb(c0,m0,n1, attendVote=true, lastRpcSendTime=2536, lastRpcResponseTime=5043) yet, just keep nextIndex unchanged and retry.
2021-08-26 18:41:09,425 [EventQueue-DeadNodeForDeadNodeHandler] INFO  node.DeadNodeHandler (DeadNodeHandler.java:onMessage(80)) - A dead datanode is detected. 88d9c6ea-d0be-4004-8450-128776760c0b{ip: 10.1.0.63, host: fv-az184-233.3ow45vhwbzuu5incsxmygykede.cx.internal.cloudapp.net, ports: [REPLICATION=45503, RATIS=32927, RATIS_ADMIN=32927, RATIS_SERVER=32927, STANDALONE=46325], networkLocation: /default-rack, certSerialId: null, persistedOpState: IN_SERVICE, persistedOpStateExpiryEpochSec: 0}
2021-08-26 18:41:09,425 [EventQueue-DeadNodeForDeadNodeHandler] INFO  pipeline.RatisPipelineProvider (RatisPipelineProvider.java:lambda$close$1(222)) - Send pipeline:PipelineID=4c5cff93-0f15-4bcb-87ad-0ee0e6a225ec close command to datanode 95edf07e-7fec-45a0-b357-ea2c9e88c813
2021-08-26 18:41:09,425 [EventQueue-DeadNodeForDeadNodeHandler] INFO  pipeline.RatisPipelineProvider (RatisPipelineProvider.java:lambda$close$1(222)) - Send pipeline:PipelineID=4c5cff93-0f15-4bcb-87ad-0ee0e6a225ec close command to datanode 88d9c6ea-d0be-4004-8450-128776760c0b
2021-08-26 18:41:09,425 [EventQueue-DeadNodeForDeadNodeHandler] INFO  pipeline.RatisPipelineProvider (RatisPipelineProvider.java:lambda$close$1(222)) - Send pipeline:PipelineID=4c5cff93-0f15-4bcb-87ad-0ee0e6a225ec close command to datanode 134e4cc8-3e2d-4572-98bc-d75f353c351b
2021-08-26 18:41:09,425 [EventQueue-DeadNodeForDeadNodeHandler] INFO  pipeline.PipelineStateManager (PipelineStateManagerV2Impl.java:removePipeline(211)) - Pipeline Pipeline[ Id: 4c5cff93-0f15-4bcb-87ad-0ee0e6a225ec, Nodes: 95edf07e-7fec-45a0-b357-ea2c9e88c813{ip: 10.1.0.63, host: fv-az184-233.3ow45vhwbzuu5incsxmygykede.cx.internal.cloudapp.net, ports: [REPLICATION=44839, RATIS=34053, RATIS_ADMIN=34053, RATIS_SERVER=34053, STANDALONE=33691], networkLocation: /default-rack, certSerialId: null, persistedOpState: IN_SERVICE, persistedOpStateExpiryEpochSec: 0}88d9c6ea-d0be-4004-8450-128776760c0b{ip: 10.1.0.63, host: fv-az184-233.3ow45vhwbzuu5incsxmygykede.cx.internal.cloudapp.net, ports: [REPLICATION=45503, RATIS=32927, RATIS_ADMIN=32927, RATIS_SERVER=32927, STANDALONE=46325], networkLocation: /default-rack, certSerialId: null, persistedOpState: IN_SERVICE, persistedOpStateExpiryEpochSec: 0}134e4cc8-3e2d-4572-98bc-d75f353c351b{ip: 10.1.0.63, host: fv-az184-233.3ow45vhwbzuu5incsxmygykede.cx.internal.cloudapp.net, ports: [REPLICATION=33211, RATIS=40073, RATIS_ADMIN=40073, RATIS_SERVER=40073, STANDALONE=44329], networkLocation: /default-rack, certSerialId: null, persistedOpState: IN_SERVICE, persistedOpStateExpiryEpochSec: 0}, ReplicationConfig: RATIS/THREE, State:CLOSED, leaderId:134e4cc8-3e2d-4572-98bc-d75f353c351b, CreationTimestamp2021-08-26T18:39:53.747Z[Etc/UTC]] removed.
2021-08-26 18:41:09,425 [EventQueue-DeadNodeForDeadNodeHandler] INFO  pipeline.RatisPipelineProvider (RatisPipelineProvider.java:lambda$close$1(222)) - Send pipeline:PipelineID=216adb88-0bda-436d-9886-5443d1ad4915 close command to datanode 134e4cc8-3e2d-4572-98bc-d75f353c351b
2021-08-26 18:41:09,425 [EventQueue-DeadNodeForDeadNodeHandler] INFO  pipeline.RatisPipelineProvider (RatisPipelineProvider.java:lambda$close$1(222)) - Send pipeline:PipelineID=216adb88-0bda-436d-9886-5443d1ad4915 close command to datanode 88d9c6ea-d0be-4004-8450-128776760c0b
2021-08-26 18:41:09,425 [EventQueue-DeadNodeForDeadNodeHandler] INFO  pipeline.RatisPipelineProvider (RatisPipelineProvider.java:lambda$close$1(222)) - Send pipeline:PipelineID=216adb88-0bda-436d-9886-5443d1ad4915 close command to datanode 95edf07e-7fec-45a0-b357-ea2c9e88c813
2021-08-26 18:41:09,425 [EventQueue-DeadNodeForDeadNodeHandler] INFO  pipeline.PipelineStateManager (PipelineStateManagerV2Impl.java:removePipeline(211)) - Pipeline Pipeline[ Id: 216adb88-0bda-436d-9886-5443d1ad4915, Nodes: 134e4cc8-3e2d-4572-98bc-d75f353c351b{ip: 10.1.0.63, host: fv-az184-233.3ow45vhwbzuu5incsxmygykede.cx.internal.cloudapp.net, ports: [REPLICATION=33211, RATIS=40073, RATIS_ADMIN=40073, RATIS_SERVER=40073, STANDALONE=44329], networkLocation: /default-rack, certSerialId: null, persistedOpState: IN_SERVICE, persistedOpStateExpiryEpochSec: 0}88d9c6ea-d0be-4004-8450-128776760c0b{ip: 10.1.0.63, host: fv-az184-233.3ow45vhwbzuu5incsxmygykede.cx.internal.cloudapp.net, ports: [REPLICATION=45503, RATIS=32927, RATIS_ADMIN=32927, RATIS_SERVER=32927, STANDALONE=46325], networkLocation: /default-rack, certSerialId: null, persistedOpState: IN_SERVICE, persistedOpStateExpiryEpochSec: 0}95edf07e-7fec-45a0-b357-ea2c9e88c813{ip: 10.1.0.63, host: fv-az184-233.3ow45vhwbzuu5incsxmygykede.cx.internal.cloudapp.net, ports: [REPLICATION=44839, RATIS=34053, RATIS_ADMIN=34053, RATIS_SERVER=34053, STANDALONE=33691], networkLocation: /default-rack, certSerialId: null, persistedOpState: IN_SERVICE, persistedOpStateExpiryEpochSec: 0}, ReplicationConfig: RATIS/THREE, State:CLOSED, leaderId:134e4cc8-3e2d-4572-98bc-d75f353c351b, CreationTimestamp2021-08-26T18:39:53.739Z[Etc/UTC]] removed.
2021-08-26 18:41:09,425 [EventQueue-DeadNodeForDeadNodeHandler] INFO  pipeline.RatisPipelineProvider (RatisPipelineProvider.java:lambda$close$1(222)) - Send pipeline:PipelineID=b0338b3d-1533-48ab-b957-361f1e6f84bc close command to datanode 88d9c6ea-d0be-4004-8450-128776760c0b
2021-08-26 18:41:09,426 [EventQueue-DeadNodeForDeadNodeHandler] INFO  pipeline.PipelineStateManager (PipelineStateManagerV2Impl.java:removePipeline(211)) - Pipeline Pipeline[ Id: b0338b3d-1533-48ab-b957-361f1e6f84bc, Nodes: 88d9c6ea-d0be-4004-8450-128776760c0b{ip: 10.1.0.63, host: fv-az184-233.3ow45vhwbzuu5incsxmygykede.cx.internal.cloudapp.net, ports: [REPLICATION=45503, RATIS=32927, RATIS_ADMIN=32927, RATIS_SERVER=32927, STANDALONE=46325], networkLocation: /default-rack, certSerialId: null, persistedOpState: IN_SERVICE, persistedOpStateExpiryEpochSec: 0}, ReplicationConfig: RATIS/ONE, State:CLOSED, leaderId:88d9c6ea-d0be-4004-8450-128776760c0b, CreationTimestamp2021-08-26T18:39:53.229Z[Etc/UTC]] removed.
2021-08-26 18:41:09,426 [EventQueue-DeadNodeForDeadNodeHandler] INFO  net.NetworkTopologyImpl (NetworkTopologyImpl.java:remove(137)) - Removed a node: /default-rack/88d9c6ea-d0be-4004-8450-128776760c0b
2021-08-26 18:41:10,019 [grpc-default-executor-3] WARN  server.GrpcLogAppender (LogUtils.java:warn(122)) - 134e4cc8-3e2d-4572-98bc-d75f353c351b@group-0EE0E6A225EC->88d9c6ea-d0be-4004-8450-128776760c0b-AppendLogResponseHandler: Failed appendEntries: org.apache.ratis.thirdparty.io.grpc.StatusRuntimeException: UNAVAILABLE: io exception
2021-08-26 18:41:10,020 [grpc-default-executor-3] WARN  server.GrpcLogAppender (GrpcLogAppender.java:resetClient(111)) - 134e4cc8-3e2d-4572-98bc-d75f353c351b@group-0EE0E6A225EC->88d9c6ea-d0be-4004-8450-128776760c0b-GrpcLogAppender: Leader has not got in touch with Follower 134e4cc8-3e2d-4572-98bc-d75f353c351b@group-0EE0E6A225EC->88d9c6ea-d0be-4004-8450-128776760c0b(c0,m0,n1, attendVote=true, lastRpcSendTime=4, lastRpcResponseTime=15090) yet, just keep nextIndex unchanged and retry.
2021-08-26 18:41:10,033 [EventQueue-DeadNodeForDeadNodeHandler] INFO  node.DeadNodeHandler (DeadNodeHandler.java:onMessage(80)) - A dead datanode is detected. feac8f5a-1b39-4e45-882b-39b2a71e70b7{ip: 10.1.0.63, host: fv-az184-233.3ow45vhwbzuu5incsxmygykede.cx.internal.cloudapp.net, ports: [REPLICATION=40843, RATIS=43083, RATIS_ADMIN=43083, RATIS_SERVER=43083, STANDALONE=44649], networkLocation: /default-rack, certSerialId: null, persistedOpState: IN_SERVICE, persistedOpStateExpiryEpochSec: 0}
2021-08-26 18:41:10,034 [EventQueue-DeadNodeForDeadNodeHandler] INFO  pipeline.RatisPipelineProvider (RatisPipelineProvider.java:lambda$close$1(222)) - Send pipeline:PipelineID=19e69daf-7bb9-4b43-a26e-8992be07b501 close command to datanode feac8f5a-1b39-4e45-882b-39b2a71e70b7
2021-08-26 18:41:10,034 [EventQueue-DeadNodeForDeadNodeHandler] INFO  pipeline.RatisPipelineProvider (RatisPipelineProvider.java:lambda$close$1(222)) - Send pipeline:PipelineID=19e69daf-7bb9-4b43-a26e-8992be07b501 close command to datanode 87f05fb4-46b8-4bb5-a197-7bc4b26914eb
2021-08-26 18:41:10,034 [EventQueue-DeadNodeForDeadNodeHandler] INFO  pipeline.RatisPipelineProvider (RatisPipelineProvider.java:lambda$close$1(222)) - Send pipeline:PipelineID=19e69daf-7bb9-4b43-a26e-8992be07b501 close command to datanode 7a21a715-39a0-4b71-a267-c33797e0d730
2021-08-26 18:41:10,034 [EventQueue-DeadNodeForDeadNodeHandler] INFO  pipeline.PipelineStateManager (PipelineStateManagerV2Impl.java:removePipeline(211)) - Pipeline Pipeline[ Id: 19e69daf-7bb9-4b43-a26e-8992be07b501, Nodes: feac8f5a-1b39-4e45-882b-39b2a71e70b7{ip: 10.1.0.63, host: fv-az184-233.3ow45vhwbzuu5incsxmygykede.cx.internal.cloudapp.net, ports: [REPLICATION=40843, RATIS=43083, RATIS_ADMIN=43083, RATIS_SERVER=43083, STANDALONE=44649], networkLocation: /default-rack, certSerialId: null, persistedOpState: IN_SERVICE, persistedOpStateExpiryEpochSec: 0}87f05fb4-46b8-4bb5-a197-7bc4b26914eb{ip: 10.1.0.63, host: fv-az184-233.3ow45vhwbzuu5incsxmygykede.cx.internal.cloudapp.net, ports: [REPLICATION=41467, RATIS=44187, RATIS_ADMIN=44187, RATIS_SERVER=44187, STANDALONE=44877], networkLocation: /default-rack, certSerialId: null, persistedOpState: IN_SERVICE, persistedOpStateExpiryEpochSec: 0}7a21a715-39a0-4b71-a267-c33797e0d730{ip: 10.1.0.63, host: fv-az184-233.3ow45vhwbzuu5incsxmygykede.cx.internal.cloudapp.net, ports: [REPLICATION=40157, RATIS=34101, RATIS_ADMIN=34101, RATIS_SERVER=34101, STANDALONE=46661], networkLocation: /default-rack, certSerialId: null, persistedOpState: IN_SERVICE, persistedOpStateExpiryEpochSec: 0}, ReplicationConfig: RATIS/THREE, State:CLOSED, leaderId:7a21a715-39a0-4b71-a267-c33797e0d730, CreationTimestamp2021-08-26T18:40:48.784Z[Etc/UTC]] removed.
2021-08-26 18:41:10,034 [EventQueue-DeadNodeForDeadNodeHandler] INFO  pipeline.RatisPipelineProvider (RatisPipelineProvider.java:lambda$close$1(222)) - Send pipeline:PipelineID=fb683fb8-b5e1-4085-a398-644aceff5726 close command to datanode feac8f5a-1b39-4e45-882b-39b2a71e70b7
2021-08-26 18:41:10,034 [EventQueue-DeadNodeForDeadNodeHandler] INFO  pipeline.PipelineStateManager (PipelineStateManagerV2Impl.java:removePipeline(211)) - Pipeline Pipeline[ Id: fb683fb8-b5e1-4085-a398-644aceff5726, Nodes: feac8f5a-1b39-4e45-882b-39b2a71e70b7{ip: 10.1.0.63, host: fv-az184-233.3ow45vhwbzuu5incsxmygykede.cx.internal.cloudapp.net, ports: [REPLICATION=40843, RATIS=43083, RATIS_ADMIN=43083, RATIS_SERVER=43083, STANDALONE=44649], networkLocation: /default-rack, certSerialId: null, persistedOpState: IN_SERVICE, persistedOpStateExpiryEpochSec: 0}, ReplicationConfig: RATIS/ONE, State:CLOSED, leaderId:feac8f5a-1b39-4e45-882b-39b2a71e70b7, CreationTimestamp2021-08-26T18:39:51.194Z[Etc/UTC]] removed.
2021-08-26 18:41:10,034 [EventQueue-DeadNodeForDeadNodeHandler] INFO  pipeline.RatisPipelineProvider (RatisPipelineProvider.java:lambda$close$1(222)) - Send pipeline:PipelineID=5100cf8f-650e-40b2-b565-ad9eb289532e close command to datanode b0d4646c-0fcd-42fc-b255-eb3c3c8c3636
2021-08-26 18:41:10,034 [EventQueue-DeadNodeForDeadNodeHandler] INFO  pipeline.RatisPipelineProvider (RatisPipelineProvider.java:lambda$close$1(222)) - Send pipeline:PipelineID=5100cf8f-650e-40b2-b565-ad9eb289532e close command to datanode feac8f5a-1b39-4e45-882b-39b2a71e70b7
2021-08-26 18:41:10,034 [EventQueue-DeadNodeForDeadNodeHandler] INFO  pipeline.RatisPipelineProvider (RatisPipelineProvider.java:lambda$close$1(222)) - Send pipeline:PipelineID=5100cf8f-650e-40b2-b565-ad9eb289532e close command to datanode 87f05fb4-46b8-4bb5-a197-7bc4b26914eb
2021-08-26 18:41:10,034 [EventQueue-DeadNodeForDeadNodeHandler] INFO  pipeline.PipelineStateManager (PipelineStateManagerV2Impl.java:removePipeline(211)) - Pipeline Pipeline[ Id: 5100cf8f-650e-40b2-b565-ad9eb289532e, Nodes: b0d4646c-0fcd-42fc-b255-eb3c3c8c3636{ip: 10.1.0.63, host: fv-az184-233.3ow45vhwbzuu5incsxmygykede.cx.internal.cloudapp.net, ports: [REPLICATION=38487, RATIS=45237, RATIS_ADMIN=45237, RATIS_SERVER=45237, STANDALONE=33471], networkLocation: /default-rack, certSerialId: null, persistedOpState: IN_SERVICE, persistedOpStateExpiryEpochSec: 0}feac8f5a-1b39-4e45-882b-39b2a71e70b7{ip: 10.1.0.63, host: fv-az184-233.3ow45vhwbzuu5incsxmygykede.cx.internal.cloudapp.net, ports: [REPLICATION=40843, RATIS=43083, RATIS_ADMIN=43083, RATIS_SERVER=43083, STANDALONE=44649], networkLocation: /default-rack, certSerialId: null, persistedOpState: IN_SERVICE, persistedOpStateExpiryEpochSec: 0}87f05fb4-46b8-4bb5-a197-7bc4b26914eb{ip: 10.1.0.63, host: fv-az184-233.3ow45vhwbzuu5incsxmygykede.cx.internal.cloudapp.net, ports: [REPLICATION=41467, RATIS=44187, RATIS_ADMIN=44187, RATIS_SERVER=44187, STANDALONE=44877], networkLocation: /default-rack, certSerialId: null, persistedOpState: IN_SERVICE, persistedOpStateExpiryEpochSec: 0}, ReplicationConfig: RATIS/THREE, State:CLOSED, leaderId:, CreationTimestamp2021-08-26T18:40:48.785Z[Etc/UTC]] removed.
2021-08-26 18:41:10,034 [EventQueue-DeadNodeForDeadNodeHandler] INFO  net.NetworkTopologyImpl (NetworkTopologyImpl.java:remove(137)) - Removed a node: /default-rack/feac8f5a-1b39-4e45-882b-39b2a71e70b7
2021-08-26 18:41:10,073 [grpc-default-executor-2] WARN  server.GrpcLogAppender (LogUtils.java:warn(122)) - 134e4cc8-3e2d-4572-98bc-d75f353c351b@group-5443D1AD4915->88d9c6ea-d0be-4004-8450-128776760c0b-AppendLogResponseHandler: Failed appendEntries: org.apache.ratis.thirdparty.io.grpc.StatusRuntimeException: UNAVAILABLE: io exception
2021-08-26 18:41:10,073 [grpc-default-executor-2] WARN  server.GrpcLogAppender (GrpcLogAppender.java:resetClient(111)) - 134e4cc8-3e2d-4572-98bc-d75f353c351b@group-5443D1AD4915->88d9c6ea-d0be-4004-8450-128776760c0b-GrpcLogAppender: Leader has not got in touch with Follower 134e4cc8-3e2d-4572-98bc-d75f353c351b@group-5443D1AD4915->88d9c6ea-d0be-4004-8450-128776760c0b(c-1,m0,n3, attendVote=true, lastRpcSendTime=0, lastRpcResponseTime=12992) yet, just keep nextIndex unchanged and retry.
2021-08-26 18:41:10,503 [grpc-default-executor-3] WARN  server.GrpcLogAppender (LogUtils.java:warn(122)) - 7a21a715-39a0-4b71-a267-c33797e0d730@group-8992BE07B501->feac8f5a-1b39-4e45-882b-39b2a71e70b7-AppendLogResponseHandler: Failed appendEntries: org.apache.ratis.thirdparty.io.grpc.StatusRuntimeException: UNAVAILABLE: io exception
2021-08-26 18:41:10,504 [grpc-default-executor-3] WARN  server.GrpcLogAppender (GrpcLogAppender.java:resetClient(111)) - 7a21a715-39a0-4b71-a267-c33797e0d730@group-8992BE07B501->feac8f5a-1b39-4e45-882b-39b2a71e70b7-GrpcLogAppender: Leader has not got in touch with Follower 7a21a715-39a0-4b71-a267-c33797e0d730@group-8992BE07B501->feac8f5a-1b39-4e45-882b-39b2a71e70b7(c-1,m0,n1, attendVote=true, lastRpcSendTime=0, lastRpcResponseTime=15399) yet, just keep nextIndex unchanged and retry.
2021-08-26 18:41:10,645 [grpc-default-executor-3] WARN  server.GrpcLogAppender (LogUtils.java:warn(122)) - 7a21a715-39a0-4b71-a267-c33797e0d730@group-8992BE07B501->87f05fb4-46b8-4bb5-a197-7bc4b26914eb-AppendLogResponseHandler: Failed appendEntries: org.apache.ratis.thirdparty.io.grpc.StatusRuntimeException: UNAVAILABLE: io exception
2021-08-26 18:41:10,646 [grpc-default-executor-3] WARN  server.GrpcLogAppender (GrpcLogAppender.java:resetClient(111)) - 7a21a715-39a0-4b71-a267-c33797e0d730@group-8992BE07B501->87f05fb4-46b8-4bb5-a197-7bc4b26914eb-GrpcLogAppender: Leader has not got in touch with Follower 7a21a715-39a0-4b71-a267-c33797e0d730@group-8992BE07B501->87f05fb4-46b8-4bb5-a197-7bc4b26914eb(c0,m0,n1, attendVote=true, lastRpcSendTime=2541, lastRpcResponseTime=7585) yet, just keep nextIndex unchanged and retry.
2021-08-26 18:41:10,792 [7a21a715-39a0-4b71-a267-c33797e0d730@group-8992BE07B501-LeaderStateImpl] WARN  server.RaftServer$Division (LeaderStateImpl.java:checkLeadership(944)) - 7a21a715-39a0-4b71-a267-c33797e0d730@group-8992BE07B501-LeaderStateImpl: Lost leadership on term: 2. Election timeout: 5200ms. In charge for: 10489ms. Conf: 0: [feac8f5a-1b39-4e45-882b-39b2a71e70b7|rpc:10.1.0.63:43083|dataStream:|priority:0, 87f05fb4-46b8-4bb5-a197-7bc4b26914eb|rpc:10.1.0.63:44187|dataStream:|priority:0, 7a21a715-39a0-4b71-a267-c33797e0d730|rpc:10.1.0.63:34101|dataStream:|priority:1], old=null
2021-08-26 18:41:10,792 [7a21a715-39a0-4b71-a267-c33797e0d730@group-8992BE07B501-LeaderStateImpl] WARN  server.RaftServer$Division (LeaderStateImpl.java:lambda$checkLeadership$15(948)) - Follower 7a21a715-39a0-4b71-a267-c33797e0d730@group-8992BE07B501->feac8f5a-1b39-4e45-882b-39b2a71e70b7(c-1,m0,n1, attendVote=true, lastRpcSendTime=289, lastRpcResponseTime=15688)
2021-08-26 18:41:10,792 [7a21a715-39a0-4b71-a267-c33797e0d730@group-8992BE07B501-LeaderStateImpl] WARN  server.RaftServer$Division (LeaderStateImpl.java:lambda$checkLeadership$15(948)) - Follower 7a21a715-39a0-4b71-a267-c33797e0d730@group-8992BE07B501->87f05fb4-46b8-4bb5-a197-7bc4b26914eb(c0,m0,n1, attendVote=true, lastRpcSendTime=146, lastRpcResponseTime=7731)
2021-08-26 18:41:10,792 [7a21a715-39a0-4b71-a267-c33797e0d730@group-8992BE07B501-LeaderStateImpl] INFO  server.RaftServer$Division (RaftServerImpl.java:setRole(285)) - 7a21a715-39a0-4b71-a267-c33797e0d730@group-8992BE07B501: changes role from    LEADER to FOLLOWER at term 2 for StepDownReason:LOST_MAJORITY_HEARTBEATS
2021-08-26 18:41:10,792 [7a21a715-39a0-4b71-a267-c33797e0d730@group-8992BE07B501-LeaderStateImpl] INFO  impl.RoleInfo (RoleInfo.java:shutdownLeaderState(91)) - 7a21a715-39a0-4b71-a267-c33797e0d730: shutdown 7a21a715-39a0-4b71-a267-c33797e0d730@group-8992BE07B501-LeaderStateImpl
2021-08-26 18:41:10,793 [7a21a715-39a0-4b71-a267-c33797e0d730@group-8992BE07B501-LeaderStateImpl] INFO  impl.PendingRequests (PendingRequests.java:sendNotLeaderResponses(282)) - 7a21a715-39a0-4b71-a267-c33797e0d730@group-8992BE07B501-PendingRequests: sendNotLeaderResponses
2021-08-26 18:41:10,793 [7a21a715-39a0-4b71-a267-c33797e0d730@group-8992BE07B501-LeaderStateImpl] INFO  impl.RoleInfo (RoleInfo.java:updateAndGet(130)) - 7a21a715-39a0-4b71-a267-c33797e0d730: start 7a21a715-39a0-4b71-a267-c33797e0d730@group-8992BE07B501-FollowerState
2021-08-26 18:41:11,304 [Command processor thread] INFO  server.RaftServer (RaftServerProxy.java:remove(106)) - 134e4cc8-3e2d-4572-98bc-d75f353c351b: remove    LEADER 134e4cc8-3e2d-4572-98bc-d75f353c351b@group-0EE0E6A225EC:t7, leader=134e4cc8-3e2d-4572-98bc-d75f353c351b, voted=134e4cc8-3e2d-4572-98bc-d75f353c351b, raftlog=134e4cc8-3e2d-4572-98bc-d75f353c351b@group-0EE0E6A225EC-SegmentedRaftLog:OPENED:c0,f0,i0, conf=0: [95edf07e-7fec-45a0-b357-ea2c9e88c813|rpc:10.1.0.63:34053|dataStream:|priority:0, 88d9c6ea-d0be-4004-8450-128776760c0b|rpc:10.1.0.63:32927|dataStream:|priority:0, 134e4cc8-3e2d-4572-98bc-d75f353c351b|rpc:10.1.0.63:40073|dataStream:|priority:1], old=null RUNNING
2021-08-26 18:41:11,304 [Command processor thread] INFO  server.RaftServer$Division (RaftServerImpl.java:lambda$close$4(407)) - 134e4cc8-3e2d-4572-98bc-d75f353c351b@group-0EE0E6A225EC: shutdown
2021-08-26 18:41:11,304 [Command processor thread] INFO  util.JmxRegister (JmxRegister.java:unregister(73)) - Successfully un-registered JMX Bean with object name Ratis:service=RaftServer,group=group-0EE0E6A225EC,id=134e4cc8-3e2d-4572-98bc-d75f353c351b
2021-08-26 18:41:11,304 [Command processor thread] INFO  impl.RoleInfo (RoleInfo.java:shutdownLeaderState(91)) - 134e4cc8-3e2d-4572-98bc-d75f353c351b: shutdown 134e4cc8-3e2d-4572-98bc-d75f353c351b@group-0EE0E6A225EC-LeaderStateImpl
2021-08-26 18:41:11,304 [Command processor thread] INFO  impl.PendingRequests (PendingRequests.java:sendNotLeaderResponses(282)) - 134e4cc8-3e2d-4572-98bc-d75f353c351b@group-0EE0E6A225EC-PendingRequests: sendNotLeaderResponses
2021-08-26 18:41:11,305 [Command processor thread] INFO  impl.StateMachineUpdater (StateMachineUpdater.java:stopAndJoin(149)) - 134e4cc8-3e2d-4572-98bc-d75f353c351b@group-0EE0E6A225EC-StateMachineUpdater: set stopIndex = 0
2021-08-26 18:41:11,309 [134e4cc8-3e2d-4572-98bc-d75f353c351b@group-0EE0E6A225EC-StateMachineUpdater] INFO  ratis.ContainerStateMachine (ContainerStateMachine.java:takeSnapshot(292)) - group-0EE0E6A225EC: Taking a snapshot at:(t:7, i:0) file /home/runner/work/ozone/ozone/hadoop-ozone/integration-test/target/test-dir/MiniOzoneClusterImpl-7287d2d4-454f-4da5-bbdc-7dc3b2fb158b/datanode-5/data/ratis/4c5cff93-0f15-4bcb-87ad-0ee0e6a225ec/sm/snapshot.7_0
2021-08-26 18:41:11,321 [134e4cc8-3e2d-4572-98bc-d75f353c351b@group-0EE0E6A225EC-StateMachineUpdater] INFO  ratis.ContainerStateMachine (ContainerStateMachine.java:takeSnapshot(303)) - group-0EE0E6A225EC: Finished taking a snapshot at:(t:7, i:0) file:/home/runner/work/ozone/ozone/hadoop-ozone/integration-test/target/test-dir/MiniOzoneClusterImpl-7287d2d4-454f-4da5-bbdc-7dc3b2fb158b/datanode-5/data/ratis/4c5cff93-0f15-4bcb-87ad-0ee0e6a225ec/sm/snapshot.7_0 took: 12 ms
2021-08-26 18:41:11,321 [134e4cc8-3e2d-4572-98bc-d75f353c351b@group-0EE0E6A225EC-StateMachineUpdater] INFO  impl.StateMachineUpdater (StateMachineUpdater.java:takeSnapshot(281)) - 134e4cc8-3e2d-4572-98bc-d75f353c351b@group-0EE0E6A225EC-StateMachineUpdater: Took a snapshot at index 0
2021-08-26 18:41:11,321 [134e4cc8-3e2d-4572-98bc-d75f353c351b@group-0EE0E6A225EC-StateMachineUpdater] INFO  impl.StateMachineUpdater (StateMachineUpdater.java:lambda$new$0(89)) - 134e4cc8-3e2d-4572-98bc-d75f353c351b@group-0EE0E6A225EC-StateMachineUpdater: snapshotIndex: updateIncreasingly -1 -> 0
2021-08-26 18:41:11,327 [Command processor thread] INFO  server.RaftServer$Division (ServerState.java:close(419)) - 134e4cc8-3e2d-4572-98bc-d75f353c351b@group-0EE0E6A225EC: closes. applyIndex: 0
2021-08-26 18:41:11,330 [134e4cc8-3e2d-4572-98bc-d75f353c351b@group-0EE0E6A225EC-SegmentedRaftLogWorker] INFO  segmented.SegmentedRaftLogWorker (SegmentedRaftLogWorker.java:run(327)) - 134e4cc8-3e2d-4572-98bc-d75f353c351b@group-0EE0E6A225EC-SegmentedRaftLogWorker was interrupted, exiting. There are 0 tasks remaining in the queue.
2021-08-26 18:41:11,330 [Command processor thread] INFO  segmented.SegmentedRaftLogWorker (SegmentedRaftLogWorker.java:close(237)) - 134e4cc8-3e2d-4572-98bc-d75f353c351b@group-0EE0E6A225EC-SegmentedRaftLogWorker close()
2021-08-26 18:41:11,331 [Command processor thread] INFO  server.RaftServer$Division (RaftServerImpl.java:groupRemove(377)) - 134e4cc8-3e2d-4572-98bc-d75f353c351b@group-0EE0E6A225EC: Succeed to remove RaftStorageDirectory Storage Directory /home/runner/work/ozone/ozone/hadoop-ozone/integration-test/target/test-dir/MiniOzoneClusterImpl-7287d2d4-454f-4da5-bbdc-7dc3b2fb158b/datanode-5/data/ratis/4c5cff93-0f15-4bcb-87ad-0ee0e6a225ec
2021-08-26 18:41:11,331 [Command processor thread] INFO  commandhandler.ClosePipelineCommandHandler (ClosePipelineCommandHandler.java:handle(75)) - Close Pipeline PipelineID=4c5cff93-0f15-4bcb-87ad-0ee0e6a225ec command on datanode 134e4cc8-3e2d-4572-98bc-d75f353c351b.
2021-08-26 18:41:11,331 [Command processor thread] INFO  server.RaftServer (RaftServerProxy.java:remove(106)) - 134e4cc8-3e2d-4572-98bc-d75f353c351b: remove    LEADER 134e4cc8-3e2d-4572-98bc-d75f353c351b@group-5443D1AD4915:t3, leader=134e4cc8-3e2d-4572-98bc-d75f353c351b, voted=134e4cc8-3e2d-4572-98bc-d75f353c351b, raftlog=134e4cc8-3e2d-4572-98bc-d75f353c351b@group-5443D1AD4915-SegmentedRaftLog:OPENED:c2,f2,i2, conf=1: [88d9c6ea-d0be-4004-8450-128776760c0b|rpc:10.1.0.63:32927|dataStream:|priority:1, 95edf07e-7fec-45a0-b357-ea2c9e88c813|rpc:10.1.0.63:34053|dataStream:|priority:0, 134e4cc8-3e2d-4572-98bc-d75f353c351b|rpc:10.1.0.63:40073|dataStream:|priority:0], old=null RUNNING
2021-08-26 18:41:11,331 [Command processor thread] INFO  server.RaftServer$Division (RaftServerImpl.java:lambda$close$4(407)) - 134e4cc8-3e2d-4572-98bc-d75f353c351b@group-5443D1AD4915: shutdown
2021-08-26 18:41:11,331 [Command processor thread] INFO  util.JmxRegister (JmxRegister.java:unregister(73)) - Successfully un-registered JMX Bean with object name Ratis:service=RaftServer,group=group-5443D1AD4915,id=134e4cc8-3e2d-4572-98bc-d75f353c351b
2021-08-26 18:41:11,331 [Command processor thread] INFO  impl.RoleInfo (RoleInfo.java:shutdownLeaderState(91)) - 134e4cc8-3e2d-4572-98bc-d75f353c351b: shutdown 134e4cc8-3e2d-4572-98bc-d75f353c351b@group-5443D1AD4915-LeaderStateImpl
2021-08-26 18:41:11,331 [Command processor thread] INFO  impl.PendingRequests (PendingRequests.java:sendNotLeaderResponses(282)) - 134e4cc8-3e2d-4572-98bc-d75f353c351b@group-5443D1AD4915-PendingRequests: sendNotLeaderResponses
2021-08-26 18:41:11,333 [Command processor thread] INFO  impl.StateMachineUpdater (StateMachineUpdater.java:stopAndJoin(149)) - 134e4cc8-3e2d-4572-98bc-d75f353c351b@group-5443D1AD4915-StateMachineUpdater: set stopIndex = 2
2021-08-26 18:41:11,334 [134e4cc8-3e2d-4572-98bc-d75f353c351b@group-5443D1AD4915-StateMachineUpdater] INFO  ratis.ContainerStateMachine (ContainerStateMachine.java:takeSnapshot(292)) - group-5443D1AD4915: Taking a snapshot at:(t:3, i:2) file /home/runner/work/ozone/ozone/hadoop-ozone/integration-test/target/test-dir/MiniOzoneClusterImpl-7287d2d4-454f-4da5-bbdc-7dc3b2fb158b/datanode-5/data/ratis/216adb88-0bda-436d-9886-5443d1ad4915/sm/snapshot.3_2
2021-08-26 18:41:11,341 [134e4cc8-3e2d-4572-98bc-d75f353c351b@group-5443D1AD4915-StateMachineUpdater] INFO  ratis.ContainerStateMachine (ContainerStateMachine.java:takeSnapshot(303)) - group-5443D1AD4915: Finished taking a snapshot at:(t:3, i:2) file:/home/runner/work/ozone/ozone/hadoop-ozone/integration-test/target/test-dir/MiniOzoneClusterImpl-7287d2d4-454f-4da5-bbdc-7dc3b2fb158b/datanode-5/data/ratis/216adb88-0bda-436d-9886-5443d1ad4915/sm/snapshot.3_2 took: 7 ms
2021-08-26 18:41:11,341 [134e4cc8-3e2d-4572-98bc-d75f353c351b@group-5443D1AD4915-StateMachineUpdater] INFO  impl.StateMachineUpdater (StateMachineUpdater.java:takeSnapshot(281)) - 134e4cc8-3e2d-4572-98bc-d75f353c351b@group-5443D1AD4915-StateMachineUpdater: Took a snapshot at index 2
2021-08-26 18:41:11,341 [134e4cc8-3e2d-4572-98bc-d75f353c351b@group-5443D1AD4915-StateMachineUpdater] INFO  impl.StateMachineUpdater (StateMachineUpdater.java:lambda$new$0(89)) - 134e4cc8-3e2d-4572-98bc-d75f353c351b@group-5443D1AD4915-StateMachineUpdater: snapshotIndex: updateIncreasingly -1 -> 2
2021-08-26 18:41:11,341 [Command processor thread] INFO  server.RaftServer$Division (ServerState.java:close(419)) - 134e4cc8-3e2d-4572-98bc-d75f353c351b@group-5443D1AD4915: closes. applyIndex: 2
2021-08-26 18:41:11,355 [134e4cc8-3e2d-4572-98bc-d75f353c351b@group-0EE0E6A225EC->95edf07e-7fec-45a0-b357-ea2c9e88c813-GrpcLogAppender-LogAppenderDaemon] WARN  server.GrpcLogAppender (GrpcLogAppender.java:mayWait(175)) - 134e4cc8-3e2d-4572-98bc-d75f353c351b@group-0EE0E6A225EC->95edf07e-7fec-45a0-b357-ea2c9e88c813-GrpcLogAppender: Wait interrupted by java.lang.InterruptedException
2021-08-26 18:41:11,358 [grpc-default-executor-3] INFO  server.GrpcServerProtocolService (GrpcServerProtocolService.java:onCompleted(140)) - 95edf07e-7fec-45a0-b357-ea2c9e88c813: Completed APPEND_ENTRIES, lastRequest: 134e4cc8-3e2d-4572-98bc-d75f353c351b->95edf07e-7fec-45a0-b357-ea2c9e88c813#1-t7,previous=(t:0, i:0),leaderCommit=-1,initializing? true,entries: size=1, first=(t:7, i:0), CONFIGURATIONENTRY
2021-08-26 18:41:11,363 [grpc-default-executor-3] INFO  server.GrpcLogAppender (GrpcLogAppender.java:onCompleted(344)) - 134e4cc8-3e2d-4572-98bc-d75f353c351b@group-0EE0E6A225EC->95edf07e-7fec-45a0-b357-ea2c9e88c813-AppendLogResponseHandler: follower responses appendEntries COMPLETED
2021-08-26 18:41:11,363 [grpc-default-executor-3] INFO  leader.FollowerInfo (FollowerInfoImpl.java:lambda$new$0(46)) - 134e4cc8-3e2d-4572-98bc-d75f353c351b@group-0EE0E6A225EC->95edf07e-7fec-45a0-b357-ea2c9e88c813: nextIndex: updateUnconditionally 1 -> 0
2021-08-26 18:41:11,381 [134e4cc8-3e2d-4572-98bc-d75f353c351b@group-5443D1AD4915->95edf07e-7fec-45a0-b357-ea2c9e88c813-GrpcLogAppender-LogAppenderDaemon] WARN  server.GrpcLogAppender (GrpcLogAppender.java:mayWait(175)) - 134e4cc8-3e2d-4572-98bc-d75f353c351b@group-5443D1AD4915->95edf07e-7fec-45a0-b357-ea2c9e88c813-GrpcLogAppender: Wait interrupted by java.lang.InterruptedException
2021-08-26 18:41:11,382 [grpc-default-executor-3] INFO  server.GrpcServerProtocolService (GrpcServerProtocolService.java:onCompleted(140)) - 95edf07e-7fec-45a0-b357-ea2c9e88c813: Completed APPEND_ENTRIES, lastRequest: 134e4cc8-3e2d-4572-98bc-d75f353c351b->95edf07e-7fec-45a0-b357-ea2c9e88c813#2-t3,previous=(t:3, i:1),leaderCommit=1,initializing? true,entries: size=1, first=(t:3, i:2), METADATAENTRY(c:1)
2021-08-26 18:41:11,382 [grpc-default-executor-2] INFO  server.GrpcLogAppender (GrpcLogAppender.java:onCompleted(344)) - 134e4cc8-3e2d-4572-98bc-d75f353c351b@group-5443D1AD4915->95edf07e-7fec-45a0-b357-ea2c9e88c813-AppendLogResponseHandler: follower responses appendEntries COMPLETED
2021-08-26 18:41:11,382 [grpc-default-executor-2] INFO  leader.FollowerInfo (FollowerInfoImpl.java:lambda$new$0(46)) - 134e4cc8-3e2d-4572-98bc-d75f353c351b@group-5443D1AD4915->95edf07e-7fec-45a0-b357-ea2c9e88c813: nextIndex: updateUnconditionally 3 -> 2
2021-08-26 18:41:11,392 [134e4cc8-3e2d-4572-98bc-d75f353c351b@group-5443D1AD4915-SegmentedRaftLogWorker] INFO  segmented.SegmentedRaftLogWorker (SegmentedRaftLogWorker.java:run(327)) - 134e4cc8-3e2d-4572-98bc-d75f353c351b@group-5443D1AD4915-SegmentedRaftLogWorker was interrupted, exiting. There are 0 tasks remaining in the queue.
2021-08-26 18:41:11,394 [Command processor thread] INFO  segmented.SegmentedRaftLogWorker (SegmentedRaftLogWorker.java:close(237)) - 134e4cc8-3e2d-4572-98bc-d75f353c351b@group-5443D1AD4915-SegmentedRaftLogWorker close()
2021-08-26 18:41:11,395 [Command processor thread] INFO  server.RaftServer$Division (RaftServerImpl.java:groupRemove(377)) - 134e4cc8-3e2d-4572-98bc-d75f353c351b@group-5443D1AD4915: Succeed to remove RaftStorageDirectory Storage Directory /home/runner/work/ozone/ozone/hadoop-ozone/integration-test/target/test-dir/MiniOzoneClusterImpl-7287d2d4-454f-4da5-bbdc-7dc3b2fb158b/datanode-5/data/ratis/216adb88-0bda-436d-9886-5443d1ad4915
2021-08-26 18:41:11,395 [Command processor thread] INFO  commandhandler.ClosePipelineCommandHandler (ClosePipelineCommandHandler.java:handle(75)) - Close Pipeline PipelineID=216adb88-0bda-436d-9886-5443d1ad4915 command on datanode 134e4cc8-3e2d-4572-98bc-d75f353c351b.
2021-08-26 18:41:11,816 [Command processor thread] INFO  server.RaftServer (RaftServerProxy.java:remove(106)) - 95edf07e-7fec-45a0-b357-ea2c9e88c813: remove  FOLLOWER 95edf07e-7fec-45a0-b357-ea2c9e88c813@group-0EE0E6A225EC:t7, leader=134e4cc8-3e2d-4572-98bc-d75f353c351b, voted=134e4cc8-3e2d-4572-98bc-d75f353c351b, raftlog=95edf07e-7fec-45a0-b357-ea2c9e88c813@group-0EE0E6A225EC-SegmentedRaftLog:OPENED:c0,f0,i0, conf=0: [95edf07e-7fec-45a0-b357-ea2c9e88c813|rpc:10.1.0.63:34053|dataStream:|priority:0, 88d9c6ea-d0be-4004-8450-128776760c0b|rpc:10.1.0.63:32927|dataStream:|priority:0, 134e4cc8-3e2d-4572-98bc-d75f353c351b|rpc:10.1.0.63:40073|dataStream:|priority:1], old=null RUNNING
2021-08-26 18:41:11,816 [Command processor thread] INFO  server.RaftServer$Division (RaftServerImpl.java:lambda$close$4(407)) - 95edf07e-7fec-45a0-b357-ea2c9e88c813@group-0EE0E6A225EC: shutdown
2021-08-26 18:41:11,816 [Command processor thread] INFO  util.JmxRegister (JmxRegister.java:unregister(73)) - Successfully un-registered JMX Bean with object name Ratis:service=RaftServer,group=group-0EE0E6A225EC,id=95edf07e-7fec-45a0-b357-ea2c9e88c813
2021-08-26 18:41:11,816 [Command processor thread] INFO  impl.RoleInfo (RoleInfo.java:shutdownFollowerState(108)) - 95edf07e-7fec-45a0-b357-ea2c9e88c813: shutdown 95edf07e-7fec-45a0-b357-ea2c9e88c813@group-0EE0E6A225EC-FollowerState
2021-08-26 18:41:11,817 [Command processor thread] INFO  impl.StateMachineUpdater (StateMachineUpdater.java:stopAndJoin(149)) - 95edf07e-7fec-45a0-b357-ea2c9e88c813@group-0EE0E6A225EC-StateMachineUpdater: set stopIndex = 0
2021-08-26 18:41:11,817 [95edf07e-7fec-45a0-b357-ea2c9e88c813@group-0EE0E6A225EC-FollowerState] INFO  impl.FollowerState (FollowerState.java:run(143)) - 95edf07e-7fec-45a0-b357-ea2c9e88c813@group-0EE0E6A225EC-FollowerState was interrupted: {}
java.lang.InterruptedException: sleep interrupted
	at java.lang.Thread.sleep(Native Method)
	at java.lang.Thread.sleep(Thread.java:340)
	at java.util.concurrent.TimeUnit.sleep(TimeUnit.java:386)
	at org.apache.ratis.util.TimeDuration.sleep(TimeDuration.java:324)
	at org.apache.ratis.util.TimeDuration.sleep(TimeDuration.java:309)
	at org.apache.ratis.server.impl.FollowerState.run(FollowerState.java:118)
2021-08-26 18:41:11,817 [95edf07e-7fec-45a0-b357-ea2c9e88c813@group-0EE0E6A225EC-StateMachineUpdater] INFO  ratis.ContainerStateMachine (ContainerStateMachine.java:takeSnapshot(292)) - group-0EE0E6A225EC: Taking a snapshot at:(t:7, i:0) file /home/runner/work/ozone/ozone/hadoop-ozone/integration-test/target/test-dir/MiniOzoneClusterImpl-7287d2d4-454f-4da5-bbdc-7dc3b2fb158b/datanode-3/data/ratis/4c5cff93-0f15-4bcb-87ad-0ee0e6a225ec/sm/snapshot.7_0
2021-08-26 18:41:11,821 [95edf07e-7fec-45a0-b357-ea2c9e88c813@group-0EE0E6A225EC-StateMachineUpdater] INFO  ratis.ContainerStateMachine (ContainerStateMachine.java:takeSnapshot(303)) - group-0EE0E6A225EC: Finished taking a snapshot at:(t:7, i:0) file:/home/runner/work/ozone/ozone/hadoop-ozone/integration-test/target/test-dir/MiniOzoneClusterImpl-7287d2d4-454f-4da5-bbdc-7dc3b2fb158b/datanode-3/data/ratis/4c5cff93-0f15-4bcb-87ad-0ee0e6a225ec/sm/snapshot.7_0 took: 4 ms
2021-08-26 18:41:11,822 [95edf07e-7fec-45a0-b357-ea2c9e88c813@group-0EE0E6A225EC-StateMachineUpdater] INFO  impl.StateMachineUpdater (StateMachineUpdater.java:takeSnapshot(281)) - 95edf07e-7fec-45a0-b357-ea2c9e88c813@group-0EE0E6A225EC-StateMachineUpdater: Took a snapshot at index 0
2021-08-26 18:41:11,822 [95edf07e-7fec-45a0-b357-ea2c9e88c813@group-0EE0E6A225EC-StateMachineUpdater] INFO  impl.StateMachineUpdater (StateMachineUpdater.java:lambda$new$0(89)) - 95edf07e-7fec-45a0-b357-ea2c9e88c813@group-0EE0E6A225EC-StateMachineUpdater: snapshotIndex: updateIncreasingly -1 -> 0
2021-08-26 18:41:11,822 [Command processor thread] INFO  server.RaftServer$Division (ServerState.java:close(419)) - 95edf07e-7fec-45a0-b357-ea2c9e88c813@group-0EE0E6A225EC: closes. applyIndex: 0
2021-08-26 18:41:11,822 [95edf07e-7fec-45a0-b357-ea2c9e88c813@group-0EE0E6A225EC-SegmentedRaftLogWorker] INFO  segmented.SegmentedRaftLogWorker (SegmentedRaftLogWorker.java:run(327)) - 95edf07e-7fec-45a0-b357-ea2c9e88c813@group-0EE0E6A225EC-SegmentedRaftLogWorker was interrupted, exiting. There are 0 tasks remaining in the queue.
2021-08-26 18:41:11,822 [Command processor thread] INFO  segmented.SegmentedRaftLogWorker (SegmentedRaftLogWorker.java:close(237)) - 95edf07e-7fec-45a0-b357-ea2c9e88c813@group-0EE0E6A225EC-SegmentedRaftLogWorker close()
2021-08-26 18:41:11,823 [Command processor thread] INFO  server.RaftServer$Division (RaftServerImpl.java:groupRemove(377)) - 95edf07e-7fec-45a0-b357-ea2c9e88c813@group-0EE0E6A225EC: Succeed to remove RaftStorageDirectory Storage Directory /home/runner/work/ozone/ozone/hadoop-ozone/integration-test/target/test-dir/MiniOzoneClusterImpl-7287d2d4-454f-4da5-bbdc-7dc3b2fb158b/datanode-3/data/ratis/4c5cff93-0f15-4bcb-87ad-0ee0e6a225ec
2021-08-26 18:41:11,823 [Command processor thread] INFO  commandhandler.ClosePipelineCommandHandler (ClosePipelineCommandHandler.java:handle(75)) - Close Pipeline PipelineID=4c5cff93-0f15-4bcb-87ad-0ee0e6a225ec command on datanode 95edf07e-7fec-45a0-b357-ea2c9e88c813.
2021-08-26 18:41:11,823 [Command processor thread] INFO  server.RaftServer (RaftServerProxy.java:remove(106)) - 95edf07e-7fec-45a0-b357-ea2c9e88c813: remove  FOLLOWER 95edf07e-7fec-45a0-b357-ea2c9e88c813@group-5443D1AD4915:t3, leader=134e4cc8-3e2d-4572-98bc-d75f353c351b, voted=134e4cc8-3e2d-4572-98bc-d75f353c351b, raftlog=95edf07e-7fec-45a0-b357-ea2c9e88c813@group-5443D1AD4915-SegmentedRaftLog:OPENED:c2,f2,i2, conf=1: [88d9c6ea-d0be-4004-8450-128776760c0b|rpc:10.1.0.63:32927|dataStream:|priority:1, 95edf07e-7fec-45a0-b357-ea2c9e88c813|rpc:10.1.0.63:34053|dataStream:|priority:0, 134e4cc8-3e2d-4572-98bc-d75f353c351b|rpc:10.1.0.63:40073|dataStream:|priority:0], old=null RUNNING
2021-08-26 18:41:11,823 [Command processor thread] INFO  server.RaftServer$Division (RaftServerImpl.java:lambda$close$4(407)) - 95edf07e-7fec-45a0-b357-ea2c9e88c813@group-5443D1AD4915: shutdown
2021-08-26 18:41:11,823 [Command processor thread] INFO  util.JmxRegister (JmxRegister.java:unregister(73)) - Successfully un-registered JMX Bean with object name Ratis:service=RaftServer,group=group-5443D1AD4915,id=95edf07e-7fec-45a0-b357-ea2c9e88c813
2021-08-26 18:41:11,823 [Command processor thread] INFO  impl.RoleInfo (RoleInfo.java:shutdownFollowerState(108)) - 95edf07e-7fec-45a0-b357-ea2c9e88c813: shutdown 95edf07e-7fec-45a0-b357-ea2c9e88c813@group-5443D1AD4915-FollowerState
2021-08-26 18:41:11,823 [Command processor thread] INFO  impl.StateMachineUpdater (StateMachineUpdater.java:stopAndJoin(149)) - 95edf07e-7fec-45a0-b357-ea2c9e88c813@group-5443D1AD4915-StateMachineUpdater: set stopIndex = 2
2021-08-26 18:41:11,823 [95edf07e-7fec-45a0-b357-ea2c9e88c813@group-5443D1AD4915-FollowerState] INFO  impl.FollowerState (FollowerState.java:run(143)) - 95edf07e-7fec-45a0-b357-ea2c9e88c813@group-5443D1AD4915-FollowerState was interrupted: {}
java.lang.InterruptedException: sleep interrupted
	at java.lang.Thread.sleep(Native Method)
	at java.lang.Thread.sleep(Thread.java:340)
	at java.util.concurrent.TimeUnit.sleep(TimeUnit.java:386)
	at org.apache.ratis.util.TimeDuration.sleep(TimeDuration.java:324)
	at org.apache.ratis.util.TimeDuration.sleep(TimeDuration.java:309)
	at org.apache.ratis.server.impl.FollowerState.run(FollowerState.java:118)
2021-08-26 18:41:11,823 [Listener at 127.0.0.1/40319] INFO  ozoneimpl.OzoneContainer (OzoneContainer.java:stop(326)) - Attempting to stop container services.
2021-08-26 18:41:11,824 [95edf07e-7fec-45a0-b357-ea2c9e88c813@group-5443D1AD4915-StateMachineUpdater] INFO  ratis.ContainerStateMachine (ContainerStateMachine.java:takeSnapshot(292)) - group-5443D1AD4915: Taking a snapshot at:(t:3, i:2) file /home/runner/work/ozone/ozone/hadoop-ozone/integration-test/target/test-dir/MiniOzoneClusterImpl-7287d2d4-454f-4da5-bbdc-7dc3b2fb158b/datanode-3/data/ratis/216adb88-0bda-436d-9886-5443d1ad4915/sm/snapshot.3_2
2021-08-26 18:41:11,824 [Listener at 127.0.0.1/40319] INFO  server.RaftServer (RaftServerProxy.java:lambda$close$6(391)) - 7a21a715-39a0-4b71-a267-c33797e0d730: close
2021-08-26 18:41:11,824 [Listener at 127.0.0.1/40319] INFO  server.RaftServer$Division (RaftServerImpl.java:lambda$close$4(407)) - 7a21a715-39a0-4b71-a267-c33797e0d730@group-8992BE07B501: shutdown
2021-08-26 18:41:11,824 [Listener at 127.0.0.1/40319] INFO  util.JmxRegister (JmxRegister.java:unregister(73)) - Successfully un-registered JMX Bean with object name Ratis:service=RaftServer,group=group-8992BE07B501,id=7a21a715-39a0-4b71-a267-c33797e0d730
2021-08-26 18:41:11,824 [Listener at 127.0.0.1/40319] INFO  impl.RoleInfo (RoleInfo.java:shutdownFollowerState(108)) - 7a21a715-39a0-4b71-a267-c33797e0d730: shutdown 7a21a715-39a0-4b71-a267-c33797e0d730@group-8992BE07B501-FollowerState
2021-08-26 18:41:11,825 [Listener at 127.0.0.1/40319] INFO  impl.StateMachineUpdater (StateMachineUpdater.java:stopAndJoin(149)) - 7a21a715-39a0-4b71-a267-c33797e0d730@group-8992BE07B501-StateMachineUpdater: set stopIndex = 0
2021-08-26 18:41:11,825 [7a21a715-39a0-4b71-a267-c33797e0d730@group-8992BE07B501-FollowerState] INFO  impl.FollowerState (FollowerState.java:run(143)) - 7a21a715-39a0-4b71-a267-c33797e0d730@group-8992BE07B501-FollowerState was interrupted: {}
java.lang.InterruptedException: sleep interrupted
	at java.lang.Thread.sleep(Native Method)
	at java.lang.Thread.sleep(Thread.java:340)
	at java.util.concurrent.TimeUnit.sleep(TimeUnit.java:386)
	at org.apache.ratis.util.TimeDuration.sleep(TimeDuration.java:324)
	at org.apache.ratis.util.TimeDuration.sleep(TimeDuration.java:309)
	at org.apache.ratis.server.impl.FollowerState.run(FollowerState.java:118)
2021-08-26 18:41:11,825 [7a21a715-39a0-4b71-a267-c33797e0d730@group-8992BE07B501-StateMachineUpdater] INFO  ratis.ContainerStateMachine (ContainerStateMachine.java:takeSnapshot(292)) - group-8992BE07B501: Taking a snapshot at:(t:2, i:0) file /home/runner/work/ozone/ozone/hadoop-ozone/integration-test/target/test-dir/MiniOzoneClusterImpl-7287d2d4-454f-4da5-bbdc-7dc3b2fb158b/datanode-6/data/ratis/19e69daf-7bb9-4b43-a26e-8992be07b501/sm/snapshot.2_0
2021-08-26 18:41:11,836 [7a21a715-39a0-4b71-a267-c33797e0d730@group-8992BE07B501-StateMachineUpdater] INFO  ratis.ContainerStateMachine (ContainerStateMachine.java:takeSnapshot(303)) - group-8992BE07B501: Finished taking a snapshot at:(t:2, i:0) file:/home/runner/work/ozone/ozone/hadoop-ozone/integration-test/target/test-dir/MiniOzoneClusterImpl-7287d2d4-454f-4da5-bbdc-7dc3b2fb158b/datanode-6/data/ratis/19e69daf-7bb9-4b43-a26e-8992be07b501/sm/snapshot.2_0 took: 11 ms
2021-08-26 18:41:11,836 [7a21a715-39a0-4b71-a267-c33797e0d730@group-8992BE07B501-StateMachineUpdater] INFO  impl.StateMachineUpdater (StateMachineUpdater.java:takeSnapshot(281)) - 7a21a715-39a0-4b71-a267-c33797e0d730@group-8992BE07B501-StateMachineUpdater: Took a snapshot at index 0
2021-08-26 18:41:11,836 [7a21a715-39a0-4b71-a267-c33797e0d730@group-8992BE07B501-StateMachineUpdater] INFO  impl.StateMachineUpdater (StateMachineUpdater.java:lambda$new$0(89)) - 7a21a715-39a0-4b71-a267-c33797e0d730@group-8992BE07B501-StateMachineUpdater: snapshotIndex: updateIncreasingly -1 -> 0
2021-08-26 18:41:11,836 [Listener at 127.0.0.1/40319] INFO  server.RaftServer$Division (ServerState.java:close(419)) - 7a21a715-39a0-4b71-a267-c33797e0d730@group-8992BE07B501: closes. applyIndex: 0
2021-08-26 18:41:11,837 [95edf07e-7fec-45a0-b357-ea2c9e88c813@group-5443D1AD4915-StateMachineUpdater] INFO  ratis.ContainerStateMachine (ContainerStateMachine.java:takeSnapshot(303)) - group-5443D1AD4915: Finished taking a snapshot at:(t:3, i:2) file:/home/runner/work/ozone/ozone/hadoop-ozone/integration-test/target/test-dir/MiniOzoneClusterImpl-7287d2d4-454f-4da5-bbdc-7dc3b2fb158b/datanode-3/data/ratis/216adb88-0bda-436d-9886-5443d1ad4915/sm/snapshot.3_2 took: 13 ms
2021-08-26 18:41:11,837 [95edf07e-7fec-45a0-b357-ea2c9e88c813@group-5443D1AD4915-StateMachineUpdater] INFO  impl.StateMachineUpdater (StateMachineUpdater.java:takeSnapshot(281)) - 95edf07e-7fec-45a0-b357-ea2c9e88c813@group-5443D1AD4915-StateMachineUpdater: Took a snapshot at index 2
2021-08-26 18:41:11,837 [95edf07e-7fec-45a0-b357-ea2c9e88c813@group-5443D1AD4915-StateMachineUpdater] INFO  impl.StateMachineUpdater (StateMachineUpdater.java:lambda$new$0(89)) - 95edf07e-7fec-45a0-b357-ea2c9e88c813@group-5443D1AD4915-StateMachineUpdater: snapshotIndex: updateIncreasingly -1 -> 2
2021-08-26 18:41:11,837 [7a21a715-39a0-4b71-a267-c33797e0d730@group-8992BE07B501-SegmentedRaftLogWorker] INFO  segmented.SegmentedRaftLogWorker (SegmentedRaftLogWorker.java:run(327)) - 7a21a715-39a0-4b71-a267-c33797e0d730@group-8992BE07B501-SegmentedRaftLogWorker was interrupted, exiting. There are 0 tasks remaining in the queue.
2021-08-26 18:41:11,838 [Command processor thread] INFO  server.RaftServer$Division (ServerState.java:close(419)) - 95edf07e-7fec-45a0-b357-ea2c9e88c813@group-5443D1AD4915: closes. applyIndex: 2
2021-08-26 18:41:11,838 [95edf07e-7fec-45a0-b357-ea2c9e88c813@group-5443D1AD4915-SegmentedRaftLogWorker] INFO  segmented.SegmentedRaftLogWorker (SegmentedRaftLogWorker.java:run(327)) - 95edf07e-7fec-45a0-b357-ea2c9e88c813@group-5443D1AD4915-SegmentedRaftLogWorker was interrupted, exiting. There are 0 tasks remaining in the queue.
2021-08-26 18:41:11,839 [Command processor thread] INFO  segmented.SegmentedRaftLogWorker (SegmentedRaftLogWorker.java:close(237)) - 95edf07e-7fec-45a0-b357-ea2c9e88c813@group-5443D1AD4915-SegmentedRaftLogWorker close()
2021-08-26 18:41:11,840 [Command processor thread] INFO  server.RaftServer$Division (RaftServerImpl.java:groupRemove(377)) - 95edf07e-7fec-45a0-b357-ea2c9e88c813@group-5443D1AD4915: Succeed to remove RaftStorageDirectory Storage Directory /home/runner/work/ozone/ozone/hadoop-ozone/integration-test/target/test-dir/MiniOzoneClusterImpl-7287d2d4-454f-4da5-bbdc-7dc3b2fb158b/datanode-3/data/ratis/216adb88-0bda-436d-9886-5443d1ad4915
2021-08-26 18:41:11,840 [Command processor thread] INFO  commandhandler.ClosePipelineCommandHandler (ClosePipelineCommandHandler.java:handle(75)) - Close Pipeline PipelineID=216adb88-0bda-436d-9886-5443d1ad4915 command on datanode 95edf07e-7fec-45a0-b357-ea2c9e88c813.
2021-08-26 18:41:11,860 [Listener at 127.0.0.1/40319] INFO  segmented.SegmentedRaftLogWorker (SegmentedRaftLogWorker.java:close(237)) - 7a21a715-39a0-4b71-a267-c33797e0d730@group-8992BE07B501-SegmentedRaftLogWorker close()
2021-08-26 18:41:11,870 [Listener at 127.0.0.1/40319] INFO  server.RaftServer$Division (RaftServerImpl.java:lambda$close$4(407)) - 7a21a715-39a0-4b71-a267-c33797e0d730@group-ED1163F076C5: shutdown
2021-08-26 18:41:11,871 [Listener at 127.0.0.1/40319] INFO  util.JmxRegister (JmxRegister.java:unregister(73)) - Successfully un-registered JMX Bean with object name Ratis:service=RaftServer,group=group-ED1163F076C5,id=7a21a715-39a0-4b71-a267-c33797e0d730
2021-08-26 18:41:11,871 [Listener at 127.0.0.1/40319] INFO  impl.RoleInfo (RoleInfo.java:shutdownLeaderState(91)) - 7a21a715-39a0-4b71-a267-c33797e0d730: shutdown 7a21a715-39a0-4b71-a267-c33797e0d730@group-ED1163F076C5-LeaderStateImpl
2021-08-26 18:41:11,871 [Listener at 127.0.0.1/40319] INFO  impl.PendingRequests (PendingRequests.java:sendNotLeaderResponses(282)) - 7a21a715-39a0-4b71-a267-c33797e0d730@group-ED1163F076C5-PendingRequests: sendNotLeaderResponses
2021-08-26 18:41:11,872 [Listener at 127.0.0.1/40319] INFO  impl.StateMachineUpdater (StateMachineUpdater.java:stopAndJoin(149)) - 7a21a715-39a0-4b71-a267-c33797e0d730@group-ED1163F076C5-StateMachineUpdater: set stopIndex = 0
2021-08-26 18:41:11,872 [7a21a715-39a0-4b71-a267-c33797e0d730@group-ED1163F076C5-StateMachineUpdater] INFO  ratis.ContainerStateMachine (ContainerStateMachine.java:takeSnapshot(292)) - group-ED1163F076C5: Taking a snapshot at:(t:1, i:0) file /home/runner/work/ozone/ozone/hadoop-ozone/integration-test/target/test-dir/MiniOzoneClusterImpl-7287d2d4-454f-4da5-bbdc-7dc3b2fb158b/datanode-6/data/ratis/99c967c8-256d-430e-a39a-ed1163f076c5/sm/snapshot.1_0
2021-08-26 18:41:11,876 [7a21a715-39a0-4b71-a267-c33797e0d730@group-ED1163F076C5-StateMachineUpdater] INFO  ratis.ContainerStateMachine (ContainerStateMachine.java:takeSnapshot(303)) - group-ED1163F076C5: Finished taking a snapshot at:(t:1, i:0) file:/home/runner/work/ozone/ozone/hadoop-ozone/integration-test/target/test-dir/MiniOzoneClusterImpl-7287d2d4-454f-4da5-bbdc-7dc3b2fb158b/datanode-6/data/ratis/99c967c8-256d-430e-a39a-ed1163f076c5/sm/snapshot.1_0 took: 4 ms
2021-08-26 18:41:11,876 [7a21a715-39a0-4b71-a267-c33797e0d730@group-ED1163F076C5-StateMachineUpdater] INFO  impl.StateMachineUpdater (StateMachineUpdater.java:takeSnapshot(281)) - 7a21a715-39a0-4b71-a267-c33797e0d730@group-ED1163F076C5-StateMachineUpdater: Took a snapshot at index 0
2021-08-26 18:41:11,876 [7a21a715-39a0-4b71-a267-c33797e0d730@group-ED1163F076C5-StateMachineUpdater] INFO  impl.StateMachineUpdater (StateMachineUpdater.java:lambda$new$0(89)) - 7a21a715-39a0-4b71-a267-c33797e0d730@group-ED1163F076C5-StateMachineUpdater: snapshotIndex: updateIncreasingly -1 -> 0
2021-08-26 18:41:11,879 [Listener at 127.0.0.1/40319] INFO  server.RaftServer$Division (ServerState.java:close(419)) - 7a21a715-39a0-4b71-a267-c33797e0d730@group-ED1163F076C5: closes. applyIndex: 0
2021-08-26 18:41:11,879 [7a21a715-39a0-4b71-a267-c33797e0d730@group-ED1163F076C5-SegmentedRaftLogWorker] INFO  segmented.SegmentedRaftLogWorker (SegmentedRaftLogWorker.java:run(327)) - 7a21a715-39a0-4b71-a267-c33797e0d730@group-ED1163F076C5-SegmentedRaftLogWorker was interrupted, exiting. There are 0 tasks remaining in the queue.
2021-08-26 18:41:11,881 [Listener at 127.0.0.1/40319] INFO  segmented.SegmentedRaftLogWorker (SegmentedRaftLogWorker.java:close(237)) - 7a21a715-39a0-4b71-a267-c33797e0d730@group-ED1163F076C5-SegmentedRaftLogWorker close()
2021-08-26 18:41:11,881 [Listener at 127.0.0.1/40319] INFO  server.GrpcService (GrpcService.java:closeImpl(262)) - 7a21a715-39a0-4b71-a267-c33797e0d730: shutdown server with port 34101 now
2021-08-26 18:41:11,890 [Listener at 127.0.0.1/40319] INFO  server.GrpcService (GrpcService.java:closeImpl(271)) - 7a21a715-39a0-4b71-a267-c33797e0d730: shutdown server with port 34101 successfully
2021-08-26 18:41:11,890 [org.apache.ratis.util.JvmPauseMonitor$$Lambda$531/1778678572@1652e8c2] INFO  util.JvmPauseMonitor (JvmPauseMonitor.java:run(109)) - JvmPauseMonitor-7a21a715-39a0-4b71-a267-c33797e0d730: Stopped
2021-08-26 18:41:11,921 [Listener at 127.0.0.1/40319] INFO  utils.BackgroundService (BackgroundService.java:shutdown(132)) - Shutting down service BlockDeletingService
2021-08-26 18:41:14,924 [Listener at 127.0.0.1/40319] INFO  statemachine.DatanodeStateMachine (DatanodeStateMachine.java:stopDaemon(515)) - Ozone container server stopped.
2021-08-26 18:41:14,925 [Listener at 127.0.0.1/40319] INFO  handler.ContextHandler (ContextHandler.java:doStop(1153)) - Stopped o.e.j.w.WebAppContext@710cb4f1{hddsDatanode,/,null,STOPPED}{jar:file:/home/runner/.m2/repository/org/apache/ozone/hdds-container-service/1.2.0-SNAPSHOT/hdds-container-service-1.2.0-SNAPSHOT.jar!/webapps/hddsDatanode}
2021-08-26 18:41:14,932 [Listener at 127.0.0.1/40319] INFO  server.AbstractConnector (AbstractConnector.java:doStop(381)) - Stopped ServerConnector@12e8d602{HTTP/1.1, (http/1.1)}{0.0.0.0:0}
2021-08-26 18:41:14,932 [Listener at 127.0.0.1/40319] INFO  server.session (HouseKeeper.java:stopScavenging(149)) - node0 Stopped scavenging
2021-08-26 18:41:14,932 [Listener at 127.0.0.1/40319] INFO  handler.ContextHandler (ContextHandler.java:doStop(1153)) - Stopped o.e.j.s.ServletContextHandler@59c6d8a5{static,/static,jar:file:/home/runner/.m2/repository/org/apache/ozone/hdds-container-service/1.2.0-SNAPSHOT/hdds-container-service-1.2.0-SNAPSHOT.jar!/webapps/static,STOPPED}
2021-08-26 18:41:14,932 [Listener at 127.0.0.1/40319] INFO  handler.ContextHandler (ContextHandler.java:doStop(1153)) - Stopped o.e.j.s.ServletContextHandler@73f9b11d{logs,/logs,file:///home/runner/work/ozone/ozone/hadoop-ozone/integration-test/target/log,STOPPED}
2021-08-26 18:41:15,307 [Datanode State Machine Thread - 0] INFO  statemachine.DatanodeStateMachine (DatanodeStateMachine.java:lambda$startDaemon$0(457)) - Ozone container server started.
2021-08-26 18:41:16,403 [EventQueue-StaleNodeForStaleNodeHandler] INFO  node.StaleNodeHandler (StaleNodeHandler.java:onMessage(58)) - Datanode 7a21a715-39a0-4b71-a267-c33797e0d730{ip: 10.1.0.63, host: fv-az184-233.3ow45vhwbzuu5incsxmygykede.cx.internal.cloudapp.net, ports: [REPLICATION=40157, RATIS=34101, RATIS_ADMIN=34101, RATIS_SERVER=34101, STANDALONE=46661], networkLocation: /default-rack, certSerialId: null, persistedOpState: IN_SERVICE, persistedOpStateExpiryEpochSec: 0} moved to stale state. Finalizing its pipelines [PipelineID=99c967c8-256d-430e-a39a-ed1163f076c5]
2021-08-26 18:41:16,403 [EventQueue-StaleNodeForStaleNodeHandler] INFO  pipeline.PipelineManagerImpl (PipelineManagerImpl.java:closePipeline(342)) - Pipeline Pipeline[ Id: 99c967c8-256d-430e-a39a-ed1163f076c5, Nodes: 7a21a715-39a0-4b71-a267-c33797e0d730{ip: 10.1.0.63, host: fv-az184-233.3ow45vhwbzuu5incsxmygykede.cx.internal.cloudapp.net, ports: [REPLICATION=40157, RATIS=34101, RATIS_ADMIN=34101, RATIS_SERVER=34101, STANDALONE=46661], networkLocation: /default-rack, certSerialId: null, persistedOpState: IN_SERVICE, persistedOpStateExpiryEpochSec: 0}, ReplicationConfig: RATIS/ONE, State:OPEN, leaderId:7a21a715-39a0-4b71-a267-c33797e0d730, CreationTimestamp2021-08-26T18:39:54.286Z[Etc/UTC]] moved to CLOSED state
2021-08-26 18:41:17,307 [EventQueue-DeadNodeForDeadNodeHandler] INFO  node.DeadNodeHandler (DeadNodeHandler.java:onMessage(80)) - A dead datanode is detected. 87f05fb4-46b8-4bb5-a197-7bc4b26914eb{ip: 10.1.0.63, host: fv-az184-233.3ow45vhwbzuu5incsxmygykede.cx.internal.cloudapp.net, ports: [REPLICATION=41467, RATIS=44187, RATIS_ADMIN=44187, RATIS_SERVER=44187, STANDALONE=44877], networkLocation: /default-rack, certSerialId: null, persistedOpState: IN_SERVICE, persistedOpStateExpiryEpochSec: 0}
2021-08-26 18:41:17,307 [EventQueue-DeadNodeForDeadNodeHandler] INFO  pipeline.RatisPipelineProvider (RatisPipelineProvider.java:lambda$close$1(222)) - Send pipeline:PipelineID=86756c3f-7a7e-4c6c-bac6-59b82285053d close command to datanode 87f05fb4-46b8-4bb5-a197-7bc4b26914eb
2021-08-26 18:41:17,307 [EventQueue-DeadNodeForDeadNodeHandler] INFO  pipeline.PipelineStateManager (PipelineStateManagerV2Impl.java:removePipeline(211)) - Pipeline Pipeline[ Id: 86756c3f-7a7e-4c6c-bac6-59b82285053d, Nodes: 87f05fb4-46b8-4bb5-a197-7bc4b26914eb{ip: 10.1.0.63, host: fv-az184-233.3ow45vhwbzuu5incsxmygykede.cx.internal.cloudapp.net, ports: [REPLICATION=41467, RATIS=44187, RATIS_ADMIN=44187, RATIS_SERVER=44187, STANDALONE=44877], networkLocation: /default-rack, certSerialId: null, persistedOpState: IN_SERVICE, persistedOpStateExpiryEpochSec: 0}, ReplicationConfig: RATIS/ONE, State:CLOSED, leaderId:87f05fb4-46b8-4bb5-a197-7bc4b26914eb, CreationTimestamp2021-08-26T18:39:51.899Z[Etc/UTC]] removed.
2021-08-26 18:41:17,307 [EventQueue-DeadNodeForDeadNodeHandler] INFO  net.NetworkTopologyImpl (NetworkTopologyImpl.java:remove(137)) - Removed a node: /default-rack/87f05fb4-46b8-4bb5-a197-7bc4b26914eb
2021-08-26 18:41:18,010 [EventQueue-DeadNodeForDeadNodeHandler] INFO  node.DeadNodeHandler (DeadNodeHandler.java:onMessage(80)) - A dead datanode is detected. b0d4646c-0fcd-42fc-b255-eb3c3c8c3636{ip: 10.1.0.63, host: fv-az184-233.3ow45vhwbzuu5incsxmygykede.cx.internal.cloudapp.net, ports: [REPLICATION=38487, RATIS=45237, RATIS_ADMIN=45237, RATIS_SERVER=45237, STANDALONE=33471], networkLocation: /default-rack, certSerialId: null, persistedOpState: IN_SERVICE, persistedOpStateExpiryEpochSec: 0}
2021-08-26 18:41:18,011 [EventQueue-DeadNodeForDeadNodeHandler] INFO  pipeline.RatisPipelineProvider (RatisPipelineProvider.java:lambda$close$1(222)) - Send pipeline:PipelineID=a10b5402-1898-443a-92f2-03b25eca009b close command to datanode b0d4646c-0fcd-42fc-b255-eb3c3c8c3636
2021-08-26 18:41:18,011 [EventQueue-DeadNodeForDeadNodeHandler] INFO  pipeline.PipelineStateManager (PipelineStateManagerV2Impl.java:removePipeline(211)) - Pipeline Pipeline[ Id: a10b5402-1898-443a-92f2-03b25eca009b, Nodes: b0d4646c-0fcd-42fc-b255-eb3c3c8c3636{ip: 10.1.0.63, host: fv-az184-233.3ow45vhwbzuu5incsxmygykede.cx.internal.cloudapp.net, ports: [REPLICATION=38487, RATIS=45237, RATIS_ADMIN=45237, RATIS_SERVER=45237, STANDALONE=33471], networkLocation: /default-rack, certSerialId: null, persistedOpState: IN_SERVICE, persistedOpStateExpiryEpochSec: 0}, ReplicationConfig: RATIS/ONE, State:CLOSED, leaderId:b0d4646c-0fcd-42fc-b255-eb3c3c8c3636, CreationTimestamp2021-08-26T18:40:48.783Z[Etc/UTC]] removed.
2021-08-26 18:41:18,011 [EventQueue-DeadNodeForDeadNodeHandler] INFO  net.NetworkTopologyImpl (NetworkTopologyImpl.java:remove(137)) - Removed a node: /default-rack/b0d4646c-0fcd-42fc-b255-eb3c3c8c3636
2021-08-26 18:41:19,936 [Listener at 127.0.0.1/40319] INFO  ozoneimpl.OzoneContainer (OzoneContainer.java:stop(326)) - Attempting to stop container services.
2021-08-26 18:41:19,936 [Listener at 127.0.0.1/40319] INFO  server.RaftServer (RaftServerProxy.java:lambda$close$6(391)) - 134e4cc8-3e2d-4572-98bc-d75f353c351b: close
2021-08-26 18:41:19,936 [Listener at 127.0.0.1/40319] INFO  server.RaftServer$Division (RaftServerImpl.java:lambda$close$4(407)) - 134e4cc8-3e2d-4572-98bc-d75f353c351b@group-5A6A83044A6C: shutdown
2021-08-26 18:41:19,937 [Listener at 127.0.0.1/40319] INFO  util.JmxRegister (JmxRegister.java:unregister(73)) - Successfully un-registered JMX Bean with object name Ratis:service=RaftServer,group=group-5A6A83044A6C,id=134e4cc8-3e2d-4572-98bc-d75f353c351b
2021-08-26 18:41:19,937 [Listener at 127.0.0.1/40319] INFO  impl.RoleInfo (RoleInfo.java:shutdownLeaderState(91)) - 134e4cc8-3e2d-4572-98bc-d75f353c351b: shutdown 134e4cc8-3e2d-4572-98bc-d75f353c351b@group-5A6A83044A6C-LeaderStateImpl
2021-08-26 18:41:19,937 [Listener at 127.0.0.1/40319] INFO  impl.PendingRequests (PendingRequests.java:sendNotLeaderResponses(282)) - 134e4cc8-3e2d-4572-98bc-d75f353c351b@group-5A6A83044A6C-PendingRequests: sendNotLeaderResponses
2021-08-26 18:41:19,938 [Listener at 127.0.0.1/40319] INFO  impl.StateMachineUpdater (StateMachineUpdater.java:stopAndJoin(149)) - 134e4cc8-3e2d-4572-98bc-d75f353c351b@group-5A6A83044A6C-StateMachineUpdater: set stopIndex = 0
2021-08-26 18:41:19,938 [134e4cc8-3e2d-4572-98bc-d75f353c351b@group-5A6A83044A6C-StateMachineUpdater] INFO  ratis.ContainerStateMachine (ContainerStateMachine.java:takeSnapshot(292)) - group-5A6A83044A6C: Taking a snapshot at:(t:1, i:0) file /home/runner/work/ozone/ozone/hadoop-ozone/integration-test/target/test-dir/MiniOzoneClusterImpl-7287d2d4-454f-4da5-bbdc-7dc3b2fb158b/datanode-5/data/ratis/167a2d77-85a1-4800-9a55-5a6a83044a6c/sm/snapshot.1_0
2021-08-26 18:41:19,939 [134e4cc8-3e2d-4572-98bc-d75f353c351b@group-5A6A83044A6C-StateMachineUpdater] INFO  ratis.ContainerStateMachine (ContainerStateMachine.java:takeSnapshot(303)) - group-5A6A83044A6C: Finished taking a snapshot at:(t:1, i:0) file:/home/runner/work/ozone/ozone/hadoop-ozone/integration-test/target/test-dir/MiniOzoneClusterImpl-7287d2d4-454f-4da5-bbdc-7dc3b2fb158b/datanode-5/data/ratis/167a2d77-85a1-4800-9a55-5a6a83044a6c/sm/snapshot.1_0 took: 1 ms
2021-08-26 18:41:19,939 [134e4cc8-3e2d-4572-98bc-d75f353c351b@group-5A6A83044A6C-StateMachineUpdater] INFO  impl.StateMachineUpdater (StateMachineUpdater.java:takeSnapshot(281)) - 134e4cc8-3e2d-4572-98bc-d75f353c351b@group-5A6A83044A6C-StateMachineUpdater: Took a snapshot at index 0
2021-08-26 18:41:19,939 [134e4cc8-3e2d-4572-98bc-d75f353c351b@group-5A6A83044A6C-StateMachineUpdater] INFO  impl.StateMachineUpdater (StateMachineUpdater.java:lambda$new$0(89)) - 134e4cc8-3e2d-4572-98bc-d75f353c351b@group-5A6A83044A6C-StateMachineUpdater: snapshotIndex: updateIncreasingly -1 -> 0
2021-08-26 18:41:19,939 [Listener at 127.0.0.1/40319] INFO  server.RaftServer$Division (ServerState.java:close(419)) - 134e4cc8-3e2d-4572-98bc-d75f353c351b@group-5A6A83044A6C: closes. applyIndex: 0
2021-08-26 18:41:19,940 [134e4cc8-3e2d-4572-98bc-d75f353c351b@group-5A6A83044A6C-SegmentedRaftLogWorker] INFO  segmented.SegmentedRaftLogWorker (SegmentedRaftLogWorker.java:run(327)) - 134e4cc8-3e2d-4572-98bc-d75f353c351b@group-5A6A83044A6C-SegmentedRaftLogWorker was interrupted, exiting. There are 0 tasks remaining in the queue.
2021-08-26 18:41:19,940 [Listener at 127.0.0.1/40319] INFO  segmented.SegmentedRaftLogWorker (SegmentedRaftLogWorker.java:close(237)) - 134e4cc8-3e2d-4572-98bc-d75f353c351b@group-5A6A83044A6C-SegmentedRaftLogWorker close()
2021-08-26 18:41:19,940 [Listener at 127.0.0.1/40319] INFO  server.GrpcService (GrpcService.java:closeImpl(262)) - 134e4cc8-3e2d-4572-98bc-d75f353c351b: shutdown server with port 40073 now
2021-08-26 18:41:19,979 [Listener at 127.0.0.1/40319] INFO  server.GrpcService (GrpcService.java:closeImpl(271)) - 134e4cc8-3e2d-4572-98bc-d75f353c351b: shutdown server with port 40073 successfully
2021-08-26 18:41:19,980 [org.apache.ratis.util.JvmPauseMonitor$$Lambda$531/1778678572@377b48b3] INFO  util.JvmPauseMonitor (JvmPauseMonitor.java:run(109)) - JvmPauseMonitor-134e4cc8-3e2d-4572-98bc-d75f353c351b: Stopped
2021-08-26 18:41:19,983 [Listener at 127.0.0.1/40319] INFO  utils.BackgroundService (BackgroundService.java:shutdown(132)) - Shutting down service BlockDeletingService
2021-08-26 18:41:22,992 [Listener at 127.0.0.1/40319] INFO  statemachine.DatanodeStateMachine (DatanodeStateMachine.java:stopDaemon(515)) - Ozone container server stopped.
2021-08-26 18:41:22,993 [Listener at 127.0.0.1/40319] INFO  handler.ContextHandler (ContextHandler.java:doStop(1153)) - Stopped o.e.j.w.WebAppContext@66c50c1d{hddsDatanode,/,null,STOPPED}{jar:file:/home/runner/.m2/repository/org/apache/ozone/hdds-container-service/1.2.0-SNAPSHOT/hdds-container-service-1.2.0-SNAPSHOT.jar!/webapps/hddsDatanode}
2021-08-26 18:41:22,994 [Listener at 127.0.0.1/40319] INFO  server.AbstractConnector (AbstractConnector.java:doStop(381)) - Stopped ServerConnector@43aa29b2{HTTP/1.1, (http/1.1)}{0.0.0.0:0}
2021-08-26 18:41:22,994 [Listener at 127.0.0.1/40319] INFO  server.session (HouseKeeper.java:stopScavenging(149)) - node0 Stopped scavenging
2021-08-26 18:41:22,994 [Listener at 127.0.0.1/40319] INFO  handler.ContextHandler (ContextHandler.java:doStop(1153)) - Stopped o.e.j.s.ServletContextHandler@1d25dd14{static,/static,jar:file:/home/runner/.m2/repository/org/apache/ozone/hdds-container-service/1.2.0-SNAPSHOT/hdds-container-service-1.2.0-SNAPSHOT.jar!/webapps/static,STOPPED}
2021-08-26 18:41:22,994 [Listener at 127.0.0.1/40319] INFO  handler.ContextHandler (ContextHandler.java:doStop(1153)) - Stopped o.e.j.s.ServletContextHandler@4f99a938{logs,/logs,file:///home/runner/work/ozone/ozone/hadoop-ozone/integration-test/target/log,STOPPED}
2021-08-26 18:41:23,827 [Datanode State Machine Thread - 0] INFO  statemachine.DatanodeStateMachine (DatanodeStateMachine.java:lambda$startDaemon$0(457)) - Ozone container server started.
2021-08-26 18:41:24,359 [EventQueue-StaleNodeForStaleNodeHandler] INFO  node.StaleNodeHandler (StaleNodeHandler.java:onMessage(58)) - Datanode 134e4cc8-3e2d-4572-98bc-d75f353c351b{ip: 10.1.0.63, host: fv-az184-233.3ow45vhwbzuu5incsxmygykede.cx.internal.cloudapp.net, ports: [REPLICATION=33211, RATIS=40073, RATIS_ADMIN=40073, RATIS_SERVER=40073, STANDALONE=44329], networkLocation: /default-rack, certSerialId: null, persistedOpState: IN_SERVICE, persistedOpStateExpiryEpochSec: 0} moved to stale state. Finalizing its pipelines [PipelineID=167a2d77-85a1-4800-9a55-5a6a83044a6c]
2021-08-26 18:41:24,360 [EventQueue-StaleNodeForStaleNodeHandler] INFO  pipeline.PipelineManagerImpl (PipelineManagerImpl.java:closePipeline(342)) - Pipeline Pipeline[ Id: 167a2d77-85a1-4800-9a55-5a6a83044a6c, Nodes: 134e4cc8-3e2d-4572-98bc-d75f353c351b{ip: 10.1.0.63, host: fv-az184-233.3ow45vhwbzuu5incsxmygykede.cx.internal.cloudapp.net, ports: [REPLICATION=33211, RATIS=40073, RATIS_ADMIN=40073, RATIS_SERVER=40073, STANDALONE=44329], networkLocation: /default-rack, certSerialId: null, persistedOpState: IN_SERVICE, persistedOpStateExpiryEpochSec: 0}, ReplicationConfig: RATIS/ONE, State:OPEN, leaderId:134e4cc8-3e2d-4572-98bc-d75f353c351b, CreationTimestamp2021-08-26T18:39:53.738Z[Etc/UTC]] moved to CLOSED state
2021-08-26 18:41:26,370 [EventQueue-DeadNodeForDeadNodeHandler] INFO  node.DeadNodeHandler (DeadNodeHandler.java:onMessage(80)) - A dead datanode is detected. 7a21a715-39a0-4b71-a267-c33797e0d730{ip: 10.1.0.63, host: fv-az184-233.3ow45vhwbzuu5incsxmygykede.cx.internal.cloudapp.net, ports: [REPLICATION=40157, RATIS=34101, RATIS_ADMIN=34101, RATIS_SERVER=34101, STANDALONE=46661], networkLocation: /default-rack, certSerialId: null, persistedOpState: IN_SERVICE, persistedOpStateExpiryEpochSec: 0}
2021-08-26 18:41:26,370 [EventQueue-DeadNodeForDeadNodeHandler] INFO  pipeline.RatisPipelineProvider (RatisPipelineProvider.java:lambda$close$1(222)) - Send pipeline:PipelineID=99c967c8-256d-430e-a39a-ed1163f076c5 close command to datanode 7a21a715-39a0-4b71-a267-c33797e0d730
2021-08-26 18:41:26,371 [EventQueue-DeadNodeForDeadNodeHandler] INFO  pipeline.PipelineStateManager (PipelineStateManagerV2Impl.java:removePipeline(211)) - Pipeline Pipeline[ Id: 99c967c8-256d-430e-a39a-ed1163f076c5, Nodes: 7a21a715-39a0-4b71-a267-c33797e0d730{ip: 10.1.0.63, host: fv-az184-233.3ow45vhwbzuu5incsxmygykede.cx.internal.cloudapp.net, ports: [REPLICATION=40157, RATIS=34101, RATIS_ADMIN=34101, RATIS_SERVER=34101, STANDALONE=46661], networkLocation: /default-rack, certSerialId: null, persistedOpState: IN_SERVICE, persistedOpStateExpiryEpochSec: 0}, ReplicationConfig: RATIS/ONE, State:CLOSED, leaderId:7a21a715-39a0-4b71-a267-c33797e0d730, CreationTimestamp2021-08-26T18:39:54.286Z[Etc/UTC]] removed.
2021-08-26 18:41:26,371 [EventQueue-DeadNodeForDeadNodeHandler] INFO  net.NetworkTopologyImpl (NetworkTopologyImpl.java:remove(137)) - Removed a node: /default-rack/7a21a715-39a0-4b71-a267-c33797e0d730
2021-08-26 18:41:27,999 [Listener at 127.0.0.1/40319] INFO  ozoneimpl.OzoneContainer (OzoneContainer.java:stop(326)) - Attempting to stop container services.
2021-08-26 18:41:28,000 [Listener at 127.0.0.1/40319] INFO  server.RaftServer (RaftServerProxy.java:lambda$close$6(391)) - 95edf07e-7fec-45a0-b357-ea2c9e88c813: close
2021-08-26 18:41:28,000 [Listener at 127.0.0.1/40319] INFO  server.RaftServer$Division (RaftServerImpl.java:lambda$close$4(407)) - 95edf07e-7fec-45a0-b357-ea2c9e88c813@group-9527D44623BC: shutdown
2021-08-26 18:41:28,000 [Listener at 127.0.0.1/40319] INFO  util.JmxRegister (JmxRegister.java:unregister(73)) - Successfully un-registered JMX Bean with object name Ratis:service=RaftServer,group=group-9527D44623BC,id=95edf07e-7fec-45a0-b357-ea2c9e88c813
2021-08-26 18:41:28,000 [Listener at 127.0.0.1/40319] INFO  impl.RoleInfo (RoleInfo.java:shutdownLeaderState(91)) - 95edf07e-7fec-45a0-b357-ea2c9e88c813: shutdown 95edf07e-7fec-45a0-b357-ea2c9e88c813@group-9527D44623BC-LeaderStateImpl
2021-08-26 18:41:28,000 [Listener at 127.0.0.1/40319] INFO  impl.PendingRequests (PendingRequests.java:sendNotLeaderResponses(282)) - 95edf07e-7fec-45a0-b357-ea2c9e88c813@group-9527D44623BC-PendingRequests: sendNotLeaderResponses
2021-08-26 18:41:28,001 [Listener at 127.0.0.1/40319] INFO  impl.StateMachineUpdater (StateMachineUpdater.java:stopAndJoin(149)) - 95edf07e-7fec-45a0-b357-ea2c9e88c813@group-9527D44623BC-StateMachineUpdater: set stopIndex = 0
2021-08-26 18:41:28,002 [95edf07e-7fec-45a0-b357-ea2c9e88c813@group-9527D44623BC-StateMachineUpdater] INFO  ratis.ContainerStateMachine (ContainerStateMachine.java:takeSnapshot(292)) - group-9527D44623BC: Taking a snapshot at:(t:1, i:0) file /home/runner/work/ozone/ozone/hadoop-ozone/integration-test/target/test-dir/MiniOzoneClusterImpl-7287d2d4-454f-4da5-bbdc-7dc3b2fb158b/datanode-3/data/ratis/7289ab97-fa1c-4d0d-91ad-9527d44623bc/sm/snapshot.1_0
2021-08-26 18:41:28,004 [95edf07e-7fec-45a0-b357-ea2c9e88c813@group-9527D44623BC-StateMachineUpdater] INFO  ratis.ContainerStateMachine (ContainerStateMachine.java:takeSnapshot(303)) - group-9527D44623BC: Finished taking a snapshot at:(t:1, i:0) file:/home/runner/work/ozone/ozone/hadoop-ozone/integration-test/target/test-dir/MiniOzoneClusterImpl-7287d2d4-454f-4da5-bbdc-7dc3b2fb158b/datanode-3/data/ratis/7289ab97-fa1c-4d0d-91ad-9527d44623bc/sm/snapshot.1_0 took: 3 ms
2021-08-26 18:41:28,004 [95edf07e-7fec-45a0-b357-ea2c9e88c813@group-9527D44623BC-StateMachineUpdater] INFO  impl.StateMachineUpdater (StateMachineUpdater.java:takeSnapshot(281)) - 95edf07e-7fec-45a0-b357-ea2c9e88c813@group-9527D44623BC-StateMachineUpdater: Took a snapshot at index 0
2021-08-26 18:41:28,004 [95edf07e-7fec-45a0-b357-ea2c9e88c813@group-9527D44623BC-StateMachineUpdater] INFO  impl.StateMachineUpdater (StateMachineUpdater.java:lambda$new$0(89)) - 95edf07e-7fec-45a0-b357-ea2c9e88c813@group-9527D44623BC-StateMachineUpdater: snapshotIndex: updateIncreasingly -1 -> 0
2021-08-26 18:41:28,004 [Listener at 127.0.0.1/40319] INFO  server.RaftServer$Division (ServerState.java:close(419)) - 95edf07e-7fec-45a0-b357-ea2c9e88c813@group-9527D44623BC: closes. applyIndex: 0
2021-08-26 18:41:28,004 [95edf07e-7fec-45a0-b357-ea2c9e88c813@group-9527D44623BC-SegmentedRaftLogWorker] INFO  segmented.SegmentedRaftLogWorker (SegmentedRaftLogWorker.java:run(327)) - 95edf07e-7fec-45a0-b357-ea2c9e88c813@group-9527D44623BC-SegmentedRaftLogWorker was interrupted, exiting. There are 0 tasks remaining in the queue.
2021-08-26 18:41:28,005 [Listener at 127.0.0.1/40319] INFO  segmented.SegmentedRaftLogWorker (SegmentedRaftLogWorker.java:close(237)) - 95edf07e-7fec-45a0-b357-ea2c9e88c813@group-9527D44623BC-SegmentedRaftLogWorker close()
2021-08-26 18:41:28,005 [Listener at 127.0.0.1/40319] INFO  server.GrpcService (GrpcService.java:closeImpl(262)) - 95edf07e-7fec-45a0-b357-ea2c9e88c813: shutdown server with port 34053 now
2021-08-26 18:41:28,023 [Listener at 127.0.0.1/40319] INFO  server.GrpcService (GrpcService.java:closeImpl(271)) - 95edf07e-7fec-45a0-b357-ea2c9e88c813: shutdown server with port 34053 successfully
2021-08-26 18:41:28,023 [org.apache.ratis.util.JvmPauseMonitor$$Lambda$531/1778678572@2788ce] INFO  util.JvmPauseMonitor (JvmPauseMonitor.java:run(109)) - JvmPauseMonitor-95edf07e-7fec-45a0-b357-ea2c9e88c813: Stopped
2021-08-26 18:41:28,024 [Listener at 127.0.0.1/40319] INFO  utils.BackgroundService (BackgroundService.java:shutdown(132)) - Shutting down service BlockDeletingService
2021-08-26 18:41:31,026 [Listener at 127.0.0.1/40319] INFO  statemachine.DatanodeStateMachine (DatanodeStateMachine.java:stopDaemon(515)) - Ozone container server stopped.
2021-08-26 18:41:31,033 [Listener at 127.0.0.1/40319] INFO  handler.ContextHandler (ContextHandler.java:doStop(1153)) - Stopped o.e.j.w.WebAppContext@78d3f3b3{hddsDatanode,/,null,STOPPED}{jar:file:/home/runner/.m2/repository/org/apache/ozone/hdds-container-service/1.2.0-SNAPSHOT/hdds-container-service-1.2.0-SNAPSHOT.jar!/webapps/hddsDatanode}
2021-08-26 18:41:31,035 [Listener at 127.0.0.1/40319] INFO  server.AbstractConnector (AbstractConnector.java:doStop(381)) - Stopped ServerConnector@729c47b3{HTTP/1.1, (http/1.1)}{0.0.0.0:0}
2021-08-26 18:41:31,035 [Listener at 127.0.0.1/40319] INFO  server.session (HouseKeeper.java:stopScavenging(149)) - node0 Stopped scavenging
2021-08-26 18:41:31,035 [Listener at 127.0.0.1/40319] INFO  handler.ContextHandler (ContextHandler.java:doStop(1153)) - Stopped o.e.j.s.ServletContextHandler@3758263d{static,/static,jar:file:/home/runner/.m2/repository/org/apache/ozone/hdds-container-service/1.2.0-SNAPSHOT/hdds-container-service-1.2.0-SNAPSHOT.jar!/webapps/static,STOPPED}
2021-08-26 18:41:31,035 [Listener at 127.0.0.1/40319] INFO  handler.ContextHandler (ContextHandler.java:doStop(1153)) - Stopped o.e.j.s.ServletContextHandler@3c140fbb{logs,/logs,file:///home/runner/work/ozone/ozone/hadoop-ozone/integration-test/target/log,STOPPED}
2021-08-26 18:41:32,920 [EventQueue-StaleNodeForStaleNodeHandler] INFO  node.StaleNodeHandler (StaleNodeHandler.java:onMessage(58)) - Datanode 95edf07e-7fec-45a0-b357-ea2c9e88c813{ip: 10.1.0.63, host: fv-az184-233.3ow45vhwbzuu5incsxmygykede.cx.internal.cloudapp.net, ports: [REPLICATION=44839, RATIS=34053, RATIS_ADMIN=34053, RATIS_SERVER=34053, STANDALONE=33691], networkLocation: /default-rack, certSerialId: null, persistedOpState: IN_SERVICE, persistedOpStateExpiryEpochSec: 0} moved to stale state. Finalizing its pipelines [PipelineID=7289ab97-fa1c-4d0d-91ad-9527d44623bc]
2021-08-26 18:41:32,921 [EventQueue-StaleNodeForStaleNodeHandler] INFO  pipeline.PipelineManagerImpl (PipelineManagerImpl.java:closePipeline(342)) - Pipeline Pipeline[ Id: 7289ab97-fa1c-4d0d-91ad-9527d44623bc, Nodes: 95edf07e-7fec-45a0-b357-ea2c9e88c813{ip: 10.1.0.63, host: fv-az184-233.3ow45vhwbzuu5incsxmygykede.cx.internal.cloudapp.net, ports: [REPLICATION=44839, RATIS=34053, RATIS_ADMIN=34053, RATIS_SERVER=34053, STANDALONE=33691], networkLocation: /default-rack, certSerialId: null, persistedOpState: IN_SERVICE, persistedOpStateExpiryEpochSec: 0}, ReplicationConfig: RATIS/ONE, State:OPEN, leaderId:95edf07e-7fec-45a0-b357-ea2c9e88c813, CreationTimestamp2021-08-26T18:39:52.437Z[Etc/UTC]] moved to CLOSED state
2021-08-26 18:41:34,328 [EventQueue-DeadNodeForDeadNodeHandler] INFO  node.DeadNodeHandler (DeadNodeHandler.java:onMessage(80)) - A dead datanode is detected. 134e4cc8-3e2d-4572-98bc-d75f353c351b{ip: 10.1.0.63, host: fv-az184-233.3ow45vhwbzuu5incsxmygykede.cx.internal.cloudapp.net, ports: [REPLICATION=33211, RATIS=40073, RATIS_ADMIN=40073, RATIS_SERVER=40073, STANDALONE=44329], networkLocation: /default-rack, certSerialId: null, persistedOpState: IN_SERVICE, persistedOpStateExpiryEpochSec: 0}
2021-08-26 18:41:34,328 [EventQueue-DeadNodeForDeadNodeHandler] INFO  pipeline.RatisPipelineProvider (RatisPipelineProvider.java:lambda$close$1(222)) - Send pipeline:PipelineID=167a2d77-85a1-4800-9a55-5a6a83044a6c close command to datanode 134e4cc8-3e2d-4572-98bc-d75f353c351b
2021-08-26 18:41:34,328 [EventQueue-DeadNodeForDeadNodeHandler] INFO  pipeline.PipelineStateManager (PipelineStateManagerV2Impl.java:removePipeline(211)) - Pipeline Pipeline[ Id: 167a2d77-85a1-4800-9a55-5a6a83044a6c, Nodes: 134e4cc8-3e2d-4572-98bc-d75f353c351b{ip: 10.1.0.63, host: fv-az184-233.3ow45vhwbzuu5incsxmygykede.cx.internal.cloudapp.net, ports: [REPLICATION=33211, RATIS=40073, RATIS_ADMIN=40073, RATIS_SERVER=40073, STANDALONE=44329], networkLocation: /default-rack, certSerialId: null, persistedOpState: IN_SERVICE, persistedOpStateExpiryEpochSec: 0}, ReplicationConfig: RATIS/ONE, State:CLOSED, leaderId:134e4cc8-3e2d-4572-98bc-d75f353c351b, CreationTimestamp2021-08-26T18:39:53.738Z[Etc/UTC]] removed.
2021-08-26 18:41:34,328 [EventQueue-DeadNodeForDeadNodeHandler] INFO  net.NetworkTopologyImpl (NetworkTopologyImpl.java:remove(137)) - Removed a node: /default-rack/134e4cc8-3e2d-4572-98bc-d75f353c351b
2021-08-26 18:41:42,902 [EventQueue-DeadNodeForDeadNodeHandler] INFO  node.DeadNodeHandler (DeadNodeHandler.java:onMessage(80)) - A dead datanode is detected. 95edf07e-7fec-45a0-b357-ea2c9e88c813{ip: 10.1.0.63, host: fv-az184-233.3ow45vhwbzuu5incsxmygykede.cx.internal.cloudapp.net, ports: [REPLICATION=44839, RATIS=34053, RATIS_ADMIN=34053, RATIS_SERVER=34053, STANDALONE=33691], networkLocation: /default-rack, certSerialId: null, persistedOpState: IN_SERVICE, persistedOpStateExpiryEpochSec: 0}
2021-08-26 18:41:42,902 [EventQueue-DeadNodeForDeadNodeHandler] INFO  pipeline.RatisPipelineProvider (RatisPipelineProvider.java:lambda$close$1(222)) - Send pipeline:PipelineID=7289ab97-fa1c-4d0d-91ad-9527d44623bc close command to datanode 95edf07e-7fec-45a0-b357-ea2c9e88c813
2021-08-26 18:41:42,903 [EventQueue-DeadNodeForDeadNodeHandler] INFO  pipeline.PipelineStateManager (PipelineStateManagerV2Impl.java:removePipeline(211)) - Pipeline Pipeline[ Id: 7289ab97-fa1c-4d0d-91ad-9527d44623bc, Nodes: 95edf07e-7fec-45a0-b357-ea2c9e88c813{ip: 10.1.0.63, host: fv-az184-233.3ow45vhwbzuu5incsxmygykede.cx.internal.cloudapp.net, ports: [REPLICATION=44839, RATIS=34053, RATIS_ADMIN=34053, RATIS_SERVER=34053, STANDALONE=33691], networkLocation: /default-rack, certSerialId: null, persistedOpState: IN_SERVICE, persistedOpStateExpiryEpochSec: 0}, ReplicationConfig: RATIS/ONE, State:CLOSED, leaderId:95edf07e-7fec-45a0-b357-ea2c9e88c813, CreationTimestamp2021-08-26T18:39:52.437Z[Etc/UTC]] removed.
2021-08-26 18:41:42,903 [EventQueue-DeadNodeForDeadNodeHandler] INFO  net.NetworkTopologyImpl (NetworkTopologyImpl.java:remove(137)) - Removed a node: /default-rack/95edf07e-7fec-45a0-b357-ea2c9e88c813
2021-08-26 18:42:48,786 [RatisPipelineUtilsThread - 0] ERROR scm.SCMCommonPlacementPolicy (SCMCommonPlacementPolicy.java:filterNodesWithSpace(171)) - Unable to find enough nodes that meet the space requirement of 1073741824 bytes for metadata and 5368709120 bytes for data in healthy node set. Required 3. Found 0.
]]></system-out>
    <system-err><![CDATA[Aug 26, 2021 6:40:26 PM org.apache.ratis.thirdparty.io.grpc.internal.ManagedChannelOrphanWrapper$ManagedChannelReference cleanQueue
SEVERE: *~*~*~ Channel ManagedChannelImpl{logId=486, target=10.1.0.63:34075} was not shutdown properly!!! ~*~*~*
    Make sure to call shutdown()/shutdownNow() and wait until awaitTermination() returns true.
java.lang.RuntimeException: ManagedChannel allocation site
	at org.apache.ratis.thirdparty.io.grpc.internal.ManagedChannelOrphanWrapper$ManagedChannelReference.<init>(ManagedChannelOrphanWrapper.java:93)
	at org.apache.ratis.thirdparty.io.grpc.internal.ManagedChannelOrphanWrapper.<init>(ManagedChannelOrphanWrapper.java:53)
	at org.apache.ratis.thirdparty.io.grpc.internal.ManagedChannelOrphanWrapper.<init>(ManagedChannelOrphanWrapper.java:44)
	at org.apache.ratis.thirdparty.io.grpc.internal.ManagedChannelImplBuilder.build(ManagedChannelImplBuilder.java:596)
	at org.apache.ratis.thirdparty.io.grpc.ForwardingChannelBuilder.build(ForwardingChannelBuilder.java:255)
	at org.apache.ratis.grpc.client.GrpcClientProtocolClient.buildChannel(GrpcClientProtocolClient.java:159)
	at org.apache.ratis.grpc.client.GrpcClientProtocolClient.<init>(GrpcClientProtocolClient.java:111)
	at org.apache.ratis.grpc.client.GrpcClientRpc.lambda$new$0(GrpcClientRpc.java:57)
	at org.apache.ratis.util.PeerProxyMap$PeerAndProxy.lambda$getProxy$0(PeerProxyMap.java:63)
	at org.apache.ratis.util.LifeCycle.startAndTransition(LifeCycle.java:270)
	at org.apache.ratis.util.PeerProxyMap$PeerAndProxy.getProxy(PeerProxyMap.java:62)
	at org.apache.ratis.util.PeerProxyMap.getProxy(PeerProxyMap.java:114)
	at org.apache.ratis.grpc.client.GrpcClientRpc.sendRequestAsync(GrpcClientRpc.java:67)
	at org.apache.ratis.client.impl.OrderedAsync.sendRequest(OrderedAsync.java:235)
	at org.apache.ratis.client.impl.OrderedAsync.sendRequestWithRetry(OrderedAsync.java:189)
	at org.apache.ratis.util.SlidingWindow$Client.sendOrDelayRequest(SlidingWindow.java:280)
	at org.apache.ratis.util.SlidingWindow$Client.retry(SlidingWindow.java:296)
	at org.apache.ratis.client.impl.OrderedAsync.lambda$scheduleWithTimeout$7(OrderedAsync.java:222)
	at org.apache.ratis.util.TimeoutScheduler.lambda$onTimeout$0(TimeoutScheduler.java:141)
	at org.apache.ratis.util.TimeoutScheduler.lambda$onTimeout$1(TimeoutScheduler.java:155)
	at org.apache.ratis.util.LogUtils.runAndLog(LogUtils.java:38)
	at org.apache.ratis.util.LogUtils$1.run(LogUtils.java:79)
	at java.util.concurrent.Executors$RunnableAdapter.call(Executors.java:511)
	at java.util.concurrent.FutureTask.run(FutureTask.java:266)
	at java.util.concurrent.ScheduledThreadPoolExecutor$ScheduledFutureTask.access$201(ScheduledThreadPoolExecutor.java:180)
	at java.util.concurrent.ScheduledThreadPoolExecutor$ScheduledFutureTask.run(ScheduledThreadPoolExecutor.java:293)
	at java.util.concurrent.ThreadPoolExecutor.runWorker(ThreadPoolExecutor.java:1149)
	at java.util.concurrent.ThreadPoolExecutor$Worker.run(ThreadPoolExecutor.java:624)
	at java.lang.Thread.run(Thread.java:748)

Aug 26, 2021 6:40:26 PM org.apache.ratis.thirdparty.io.grpc.internal.ManagedChannelOrphanWrapper$ManagedChannelReference cleanQueue
SEVERE: *~*~*~ Channel ManagedChannelImpl{logId=251, target=10.1.0.63:40331} was not shutdown properly!!! ~*~*~*
    Make sure to call shutdown()/shutdownNow() and wait until awaitTermination() returns true.
java.lang.RuntimeException: ManagedChannel allocation site
	at org.apache.ratis.thirdparty.io.grpc.internal.ManagedChannelOrphanWrapper$ManagedChannelReference.<init>(ManagedChannelOrphanWrapper.java:93)
	at org.apache.ratis.thirdparty.io.grpc.internal.ManagedChannelOrphanWrapper.<init>(ManagedChannelOrphanWrapper.java:53)
	at org.apache.ratis.thirdparty.io.grpc.internal.ManagedChannelOrphanWrapper.<init>(ManagedChannelOrphanWrapper.java:44)
	at org.apache.ratis.thirdparty.io.grpc.internal.ManagedChannelImplBuilder.build(ManagedChannelImplBuilder.java:596)
	at org.apache.ratis.thirdparty.io.grpc.ForwardingChannelBuilder.build(ForwardingChannelBuilder.java:255)
	at org.apache.hadoop.hdds.scm.XceiverClientGrpc.connectToDatanode(XceiverClientGrpc.java:193)
	at org.apache.hadoop.hdds.scm.XceiverClientGrpc.reconnect(XceiverClientGrpc.java:551)
	at org.apache.hadoop.hdds.scm.XceiverClientGrpc.checkOpen(XceiverClientGrpc.java:542)
	at org.apache.hadoop.hdds.scm.XceiverClientGrpc.sendCommandAsync(XceiverClientGrpc.java:470)
	at org.apache.hadoop.hdds.scm.XceiverClientGrpc.sendCommandWithRetry(XceiverClientGrpc.java:377)
	at org.apache.hadoop.hdds.scm.XceiverClientGrpc.lambda$sendCommandWithTraceIDAndRetry$0(XceiverClientGrpc.java:317)
	at org.apache.hadoop.hdds.tracing.TracingUtil.executeInSpan(TracingUtil.java:174)
	at org.apache.hadoop.hdds.tracing.TracingUtil.executeInNewSpan(TracingUtil.java:148)
	at org.apache.hadoop.hdds.scm.XceiverClientGrpc.sendCommandWithTraceIDAndRetry(XceiverClientGrpc.java:311)
	at org.apache.hadoop.hdds.scm.XceiverClientGrpc.sendCommand(XceiverClientGrpc.java:292)
	at org.apache.hadoop.hdds.scm.storage.ContainerProtocolCalls.getBlock(ContainerProtocolCalls.java:106)
	at org.apache.hadoop.hdds.scm.storage.BlockInputStream.getChunkInfos(BlockInputStream.java:221)
	at org.apache.hadoop.hdds.scm.storage.BlockInputStream.initialize(BlockInputStream.java:147)
	at org.apache.hadoop.hdds.scm.storage.BlockInputStream.readWithStrategy(BlockInputStream.java:294)
	at org.apache.hadoop.hdds.scm.storage.BlockInputStream.read(BlockInputStream.java:277)
	at org.apache.hadoop.hdds.scm.storage.ByteArrayReader.readFromBlock(ByteArrayReader.java:57)
	at org.apache.hadoop.ozone.client.io.KeyInputStream.readWithStrategy(KeyInputStream.java:262)
	at org.apache.hadoop.ozone.client.io.KeyInputStream.read(KeyInputStream.java:230)
	at org.apache.hadoop.ozone.client.io.OzoneInputStream.read(OzoneInputStream.java:55)
	at java.io.InputStream.read(InputStream.java:101)
	at org.apache.hadoop.ozone.container.TestHelper.validateData(TestHelper.java:146)
	at org.apache.hadoop.ozone.client.rpc.TestBlockOutputStreamWithFailures.validateData(TestBlockOutputStreamWithFailures.java:870)
	at org.apache.hadoop.ozone.client.rpc.TestBlockOutputStreamWithFailures.test2DatanodesFailure(TestBlockOutputStreamWithFailures.java:441)
	at sun.reflect.NativeMethodAccessorImpl.invoke0(Native Method)
	at sun.reflect.NativeMethodAccessorImpl.invoke(NativeMethodAccessorImpl.java:62)
	at sun.reflect.DelegatingMethodAccessorImpl.invoke(DelegatingMethodAccessorImpl.java:43)
	at java.lang.reflect.Method.invoke(Method.java:498)
	at org.junit.runners.model.FrameworkMethod$1.runReflectiveCall(FrameworkMethod.java:59)
	at org.junit.internal.runners.model.ReflectiveCallable.run(ReflectiveCallable.java:12)
	at org.junit.runners.model.FrameworkMethod.invokeExplosively(FrameworkMethod.java:56)
	at org.junit.internal.runners.statements.InvokeMethod.evaluate(InvokeMethod.java:17)
	at org.junit.internal.runners.statements.RunBefores.evaluate(RunBefores.java:26)
	at org.junit.internal.runners.statements.RunAfters.evaluate(RunAfters.java:27)
	at org.junit.internal.runners.statements.FailOnTimeout$CallableStatement.call(FailOnTimeout.java:288)
	at org.junit.internal.runners.statements.FailOnTimeout$CallableStatement.call(FailOnTimeout.java:282)
	at java.util.concurrent.FutureTask.run(FutureTask.java:266)
	at java.lang.Thread.run(Thread.java:748)

Aug 26, 2021 6:40:26 PM org.apache.ratis.thirdparty.io.grpc.internal.ManagedChannelOrphanWrapper$ManagedChannelReference cleanQueue
SEVERE: *~*~*~ Channel ManagedChannelImpl{logId=247, target=10.1.0.63:45149} was not shutdown properly!!! ~*~*~*
    Make sure to call shutdown()/shutdownNow() and wait until awaitTermination() returns true.
java.lang.RuntimeException: ManagedChannel allocation site
	at org.apache.ratis.thirdparty.io.grpc.internal.ManagedChannelOrphanWrapper$ManagedChannelReference.<init>(ManagedChannelOrphanWrapper.java:93)
	at org.apache.ratis.thirdparty.io.grpc.internal.ManagedChannelOrphanWrapper.<init>(ManagedChannelOrphanWrapper.java:53)
	at org.apache.ratis.thirdparty.io.grpc.internal.ManagedChannelOrphanWrapper.<init>(ManagedChannelOrphanWrapper.java:44)
	at org.apache.ratis.thirdparty.io.grpc.internal.ManagedChannelImplBuilder.build(ManagedChannelImplBuilder.java:596)
	at org.apache.ratis.thirdparty.io.grpc.ForwardingChannelBuilder.build(ForwardingChannelBuilder.java:255)
	at org.apache.hadoop.hdds.scm.XceiverClientGrpc.connectToDatanode(XceiverClientGrpc.java:193)
	at org.apache.hadoop.hdds.scm.XceiverClientGrpc.reconnect(XceiverClientGrpc.java:551)
	at org.apache.hadoop.hdds.scm.XceiverClientGrpc.checkOpen(XceiverClientGrpc.java:542)
	at org.apache.hadoop.hdds.scm.XceiverClientGrpc.sendCommandAsync(XceiverClientGrpc.java:470)
	at org.apache.hadoop.hdds.scm.XceiverClientGrpc.sendCommandWithRetry(XceiverClientGrpc.java:377)
	at org.apache.hadoop.hdds.scm.XceiverClientGrpc.lambda$sendCommandWithTraceIDAndRetry$0(XceiverClientGrpc.java:317)
	at org.apache.hadoop.hdds.tracing.TracingUtil.executeInSpan(TracingUtil.java:174)
	at org.apache.hadoop.hdds.tracing.TracingUtil.executeInNewSpan(TracingUtil.java:148)
	at org.apache.hadoop.hdds.scm.XceiverClientGrpc.sendCommandWithTraceIDAndRetry(XceiverClientGrpc.java:311)
	at org.apache.hadoop.hdds.scm.XceiverClientGrpc.sendCommand(XceiverClientGrpc.java:292)
	at org.apache.hadoop.hdds.scm.storage.ContainerProtocolCalls.getBlock(ContainerProtocolCalls.java:106)
	at org.apache.hadoop.hdds.scm.storage.BlockInputStream.getChunkInfos(BlockInputStream.java:221)
	at org.apache.hadoop.hdds.scm.storage.BlockInputStream.initialize(BlockInputStream.java:147)
	at org.apache.hadoop.hdds.scm.storage.BlockInputStream.readWithStrategy(BlockInputStream.java:294)
	at org.apache.hadoop.hdds.scm.storage.BlockInputStream.read(BlockInputStream.java:277)
	at org.apache.hadoop.hdds.scm.storage.ByteArrayReader.readFromBlock(ByteArrayReader.java:57)
	at org.apache.hadoop.ozone.client.io.KeyInputStream.readWithStrategy(KeyInputStream.java:262)
	at org.apache.hadoop.ozone.client.io.KeyInputStream.read(KeyInputStream.java:230)
	at org.apache.hadoop.ozone.client.io.OzoneInputStream.read(OzoneInputStream.java:55)
	at java.io.InputStream.read(InputStream.java:101)
	at org.apache.hadoop.ozone.container.TestHelper.validateData(TestHelper.java:146)
	at org.apache.hadoop.ozone.client.rpc.TestBlockOutputStreamWithFailures.validateData(TestBlockOutputStreamWithFailures.java:870)
	at org.apache.hadoop.ozone.client.rpc.TestBlockOutputStreamWithFailures.test2DatanodesFailure(TestBlockOutputStreamWithFailures.java:441)
	at sun.reflect.NativeMethodAccessorImpl.invoke0(Native Method)
	at sun.reflect.NativeMethodAccessorImpl.invoke(NativeMethodAccessorImpl.java:62)
	at sun.reflect.DelegatingMethodAccessorImpl.invoke(DelegatingMethodAccessorImpl.java:43)
	at java.lang.reflect.Method.invoke(Method.java:498)
	at org.junit.runners.model.FrameworkMethod$1.runReflectiveCall(FrameworkMethod.java:59)
	at org.junit.internal.runners.model.ReflectiveCallable.run(ReflectiveCallable.java:12)
	at org.junit.runners.model.FrameworkMethod.invokeExplosively(FrameworkMethod.java:56)
	at org.junit.internal.runners.statements.InvokeMethod.evaluate(InvokeMethod.java:17)
	at org.junit.internal.runners.statements.RunBefores.evaluate(RunBefores.java:26)
	at org.junit.internal.runners.statements.RunAfters.evaluate(RunAfters.java:27)
	at org.junit.internal.runners.statements.FailOnTimeout$CallableStatement.call(FailOnTimeout.java:288)
	at org.junit.internal.runners.statements.FailOnTimeout$CallableStatement.call(FailOnTimeout.java:282)
	at java.util.concurrent.FutureTask.run(FutureTask.java:266)
	at java.lang.Thread.run(Thread.java:748)

Aug 26, 2021 6:40:26 PM org.apache.ratis.thirdparty.io.grpc.internal.ManagedChannelOrphanWrapper$ManagedChannelReference cleanQueue
SEVERE: *~*~*~ Channel ManagedChannelImpl{logId=490, target=10.1.0.63:41611} was not shutdown properly!!! ~*~*~*
    Make sure to call shutdown()/shutdownNow() and wait until awaitTermination() returns true.
java.lang.RuntimeException: ManagedChannel allocation site
	at org.apache.ratis.thirdparty.io.grpc.internal.ManagedChannelOrphanWrapper$ManagedChannelReference.<init>(ManagedChannelOrphanWrapper.java:93)
	at org.apache.ratis.thirdparty.io.grpc.internal.ManagedChannelOrphanWrapper.<init>(ManagedChannelOrphanWrapper.java:53)
	at org.apache.ratis.thirdparty.io.grpc.internal.ManagedChannelOrphanWrapper.<init>(ManagedChannelOrphanWrapper.java:44)
	at org.apache.ratis.thirdparty.io.grpc.internal.ManagedChannelImplBuilder.build(ManagedChannelImplBuilder.java:596)
	at org.apache.ratis.thirdparty.io.grpc.ForwardingChannelBuilder.build(ForwardingChannelBuilder.java:255)
	at org.apache.ratis.grpc.client.GrpcClientProtocolClient.buildChannel(GrpcClientProtocolClient.java:159)
	at org.apache.ratis.grpc.client.GrpcClientProtocolClient.<init>(GrpcClientProtocolClient.java:111)
	at org.apache.ratis.grpc.client.GrpcClientRpc.lambda$new$0(GrpcClientRpc.java:57)
	at org.apache.ratis.util.PeerProxyMap$PeerAndProxy.lambda$getProxy$0(PeerProxyMap.java:63)
	at org.apache.ratis.util.LifeCycle.startAndTransition(LifeCycle.java:270)
	at org.apache.ratis.util.PeerProxyMap$PeerAndProxy.getProxy(PeerProxyMap.java:62)
	at org.apache.ratis.util.PeerProxyMap.getProxy(PeerProxyMap.java:114)
	at org.apache.ratis.grpc.client.GrpcClientRpc.sendRequestAsync(GrpcClientRpc.java:67)
	at org.apache.ratis.client.impl.OrderedAsync.sendRequest(OrderedAsync.java:235)
	at org.apache.ratis.client.impl.OrderedAsync.sendRequestWithRetry(OrderedAsync.java:189)
	at org.apache.ratis.util.SlidingWindow$Client.sendOrDelayRequest(SlidingWindow.java:280)
	at org.apache.ratis.util.SlidingWindow$Client.submitNewRequest(SlidingWindow.java:259)
	at org.apache.ratis.client.impl.OrderedAsync.send(OrderedAsync.java:170)
	at org.apache.ratis.client.impl.OrderedAsync.newInstance(OrderedAsync.java:118)
	at org.apache.ratis.client.impl.RaftClientImpl.lambda$new$0(RaftClientImpl.java:148)
	at org.apache.ratis.util.MemoizedSupplier.get(MemoizedSupplier.java:62)
	at org.apache.ratis.client.impl.RaftClientImpl.getOrderedAsync(RaftClientImpl.java:201)
	at org.apache.ratis.client.impl.AsyncImpl.send(AsyncImpl.java:41)
	at org.apache.ratis.client.impl.AsyncImpl.send(AsyncImpl.java:46)
	at org.apache.hadoop.hdds.scm.XceiverClientRatis.lambda$sendRequestAsync$3(XceiverClientRatis.java:225)
	at org.apache.hadoop.hdds.tracing.TracingUtil.executeInNewSpan(TracingUtil.java:159)
	at org.apache.hadoop.hdds.scm.XceiverClientRatis.sendRequestAsync(XceiverClientRatis.java:210)
	at org.apache.hadoop.hdds.scm.XceiverClientRatis.sendCommandAsync(XceiverClientRatis.java:306)
	at org.apache.hadoop.hdds.scm.storage.ContainerProtocolCalls.writeChunkAsync(ContainerProtocolCalls.java:305)
	at org.apache.hadoop.hdds.scm.storage.BlockOutputStream.writeChunkToContainer(BlockOutputStream.java:658)
	at org.apache.hadoop.hdds.scm.storage.BlockOutputStream.writeChunk(BlockOutputStream.java:502)
	at org.apache.hadoop.hdds.scm.storage.BlockOutputStream.writeOnRetry(BlockOutputStream.java:306)
	at org.apache.hadoop.ozone.client.io.BlockOutputStreamEntry.writeOnRetry(BlockOutputStreamEntry.java:187)
	at org.apache.hadoop.ozone.client.io.KeyOutputStream.writeToOutputStream(KeyOutputStream.java:260)
	at org.apache.hadoop.ozone.client.io.KeyOutputStream.handleWrite(KeyOutputStream.java:240)
	at org.apache.hadoop.ozone.client.io.KeyOutputStream.handleRetry(KeyOutputStream.java:423)
	at org.apache.hadoop.ozone.client.io.KeyOutputStream.handleException(KeyOutputStream.java:368)
	at org.apache.hadoop.ozone.client.io.KeyOutputStream.handleFlushOrClose(KeyOutputStream.java:479)
	at org.apache.hadoop.ozone.client.io.KeyOutputStream.handleWrite(KeyOutputStream.java:244)
	at org.apache.hadoop.ozone.client.io.KeyOutputStream.write(KeyOutputStream.java:220)
	at org.apache.hadoop.ozone.client.io.OzoneOutputStream.write(OzoneOutputStream.java:50)
	at java.io.OutputStream.write(OutputStream.java:75)
	at org.apache.hadoop.ozone.client.rpc.TestBlockOutputStreamWithFailures.testDatanodeFailureWithPreAllocation(TestBlockOutputStreamWithFailures.java:831)
	at sun.reflect.NativeMethodAccessorImpl.invoke0(Native Method)
	at sun.reflect.NativeMethodAccessorImpl.invoke(NativeMethodAccessorImpl.java:62)
	at sun.reflect.DelegatingMethodAccessorImpl.invoke(DelegatingMethodAccessorImpl.java:43)
	at java.lang.reflect.Method.invoke(Method.java:498)
	at org.junit.runners.model.FrameworkMethod$1.runReflectiveCall(FrameworkMethod.java:59)
	at org.junit.internal.runners.model.ReflectiveCallable.run(ReflectiveCallable.java:12)
	at org.junit.runners.model.FrameworkMethod.invokeExplosively(FrameworkMethod.java:56)
	at org.junit.internal.runners.statements.InvokeMethod.evaluate(InvokeMethod.java:17)
	at org.junit.internal.runners.statements.RunBefores.evaluate(RunBefores.java:26)
	at org.junit.internal.runners.statements.RunAfters.evaluate(RunAfters.java:27)
	at org.junit.internal.runners.statements.FailOnTimeout$CallableStatement.call(FailOnTimeout.java:288)
	at org.junit.internal.runners.statements.FailOnTimeout$CallableStatement.call(FailOnTimeout.java:282)
	at java.util.concurrent.FutureTask.run(FutureTask.java:266)
	at java.lang.Thread.run(Thread.java:748)

Aug 26, 2021 6:40:26 PM org.apache.ratis.thirdparty.io.grpc.internal.ManagedChannelOrphanWrapper$ManagedChannelReference cleanQueue
SEVERE: *~*~*~ Channel ManagedChannelImpl{logId=239, target=10.1.0.63:38959} was not shutdown properly!!! ~*~*~*
    Make sure to call shutdown()/shutdownNow() and wait until awaitTermination() returns true.
java.lang.RuntimeException: ManagedChannel allocation site
	at org.apache.ratis.thirdparty.io.grpc.internal.ManagedChannelOrphanWrapper$ManagedChannelReference.<init>(ManagedChannelOrphanWrapper.java:93)
	at org.apache.ratis.thirdparty.io.grpc.internal.ManagedChannelOrphanWrapper.<init>(ManagedChannelOrphanWrapper.java:53)
	at org.apache.ratis.thirdparty.io.grpc.internal.ManagedChannelOrphanWrapper.<init>(ManagedChannelOrphanWrapper.java:44)
	at org.apache.ratis.thirdparty.io.grpc.internal.ManagedChannelImplBuilder.build(ManagedChannelImplBuilder.java:596)
	at org.apache.ratis.thirdparty.io.grpc.ForwardingChannelBuilder.build(ForwardingChannelBuilder.java:255)
	at org.apache.ratis.grpc.client.GrpcClientProtocolClient.buildChannel(GrpcClientProtocolClient.java:159)
	at org.apache.ratis.grpc.client.GrpcClientProtocolClient.<init>(GrpcClientProtocolClient.java:111)
	at org.apache.ratis.grpc.client.GrpcClientRpc.lambda$new$0(GrpcClientRpc.java:57)
	at org.apache.ratis.util.PeerProxyMap$PeerAndProxy.lambda$getProxy$0(PeerProxyMap.java:63)
	at org.apache.ratis.util.LifeCycle.startAndTransition(LifeCycle.java:270)
	at org.apache.ratis.util.PeerProxyMap$PeerAndProxy.getProxy(PeerProxyMap.java:62)
	at org.apache.ratis.util.PeerProxyMap.getProxy(PeerProxyMap.java:114)
	at org.apache.ratis.grpc.client.GrpcClientRpc.sendRequestAsync(GrpcClientRpc.java:67)
	at org.apache.ratis.client.impl.OrderedAsync.sendRequest(OrderedAsync.java:235)
	at org.apache.ratis.client.impl.OrderedAsync.sendRequestWithRetry(OrderedAsync.java:189)
	at org.apache.ratis.util.SlidingWindow$Client.sendOrDelayRequest(SlidingWindow.java:280)
	at org.apache.ratis.util.SlidingWindow$Client.submitNewRequest(SlidingWindow.java:259)
	at org.apache.ratis.client.impl.OrderedAsync.send(OrderedAsync.java:170)
	at org.apache.ratis.client.impl.OrderedAsync.newInstance(OrderedAsync.java:118)
	at org.apache.ratis.client.impl.RaftClientImpl.lambda$new$0(RaftClientImpl.java:148)
	at org.apache.ratis.util.MemoizedSupplier.get(MemoizedSupplier.java:62)
	at org.apache.ratis.client.impl.RaftClientImpl.getOrderedAsync(RaftClientImpl.java:201)
	at org.apache.ratis.client.impl.AsyncImpl.send(AsyncImpl.java:41)
	at org.apache.ratis.client.impl.AsyncImpl.send(AsyncImpl.java:46)
	at org.apache.hadoop.hdds.scm.XceiverClientRatis.lambda$sendRequestAsync$3(XceiverClientRatis.java:225)
	at org.apache.hadoop.hdds.tracing.TracingUtil.executeInNewSpan(TracingUtil.java:159)
	at org.apache.hadoop.hdds.scm.XceiverClientRatis.sendRequestAsync(XceiverClientRatis.java:210)
	at org.apache.hadoop.hdds.scm.XceiverClientRatis.sendCommandAsync(XceiverClientRatis.java:306)
	at org.apache.hadoop.hdds.scm.storage.ContainerProtocolCalls.writeChunkAsync(ContainerProtocolCalls.java:305)
	at org.apache.hadoop.hdds.scm.storage.BlockOutputStream.writeChunkToContainer(BlockOutputStream.java:658)
	at org.apache.hadoop.hdds.scm.storage.BlockOutputStream.writeChunk(BlockOutputStream.java:502)
	at org.apache.hadoop.hdds.scm.storage.BlockOutputStream.writeOnRetry(BlockOutputStream.java:306)
	at org.apache.hadoop.ozone.client.io.BlockOutputStreamEntry.writeOnRetry(BlockOutputStreamEntry.java:187)
	at org.apache.hadoop.ozone.client.io.KeyOutputStream.writeToOutputStream(KeyOutputStream.java:260)
	at org.apache.hadoop.ozone.client.io.KeyOutputStream.handleWrite(KeyOutputStream.java:240)
	at org.apache.hadoop.ozone.client.io.KeyOutputStream.handleRetry(KeyOutputStream.java:423)
	at org.apache.hadoop.ozone.client.io.KeyOutputStream.handleException(KeyOutputStream.java:368)
	at org.apache.hadoop.ozone.client.io.KeyOutputStream.handleFlushOrClose(KeyOutputStream.java:479)
	at org.apache.hadoop.ozone.client.io.KeyOutputStream.handleWrite(KeyOutputStream.java:244)
	at org.apache.hadoop.ozone.client.io.KeyOutputStream.write(KeyOutputStream.java:220)
	at org.apache.hadoop.ozone.client.io.OzoneOutputStream.write(OzoneOutputStream.java:50)
	at java.io.OutputStream.write(OutputStream.java:75)
	at org.apache.hadoop.ozone.client.rpc.TestBlockOutputStreamWithFailures.test2DatanodesFailure(TestBlockOutputStreamWithFailures.java:407)
	at sun.reflect.NativeMethodAccessorImpl.invoke0(Native Method)
	at sun.reflect.NativeMethodAccessorImpl.invoke(NativeMethodAccessorImpl.java:62)
	at sun.reflect.DelegatingMethodAccessorImpl.invoke(DelegatingMethodAccessorImpl.java:43)
	at java.lang.reflect.Method.invoke(Method.java:498)
	at org.junit.runners.model.FrameworkMethod$1.runReflectiveCall(FrameworkMethod.java:59)
	at org.junit.internal.runners.model.ReflectiveCallable.run(ReflectiveCallable.java:12)
	at org.junit.runners.model.FrameworkMethod.invokeExplosively(FrameworkMethod.java:56)
	at org.junit.internal.runners.statements.InvokeMethod.evaluate(InvokeMethod.java:17)
	at org.junit.internal.runners.statements.RunBefores.evaluate(RunBefores.java:26)
	at org.junit.internal.runners.statements.RunAfters.evaluate(RunAfters.java:27)
	at org.junit.internal.runners.statements.FailOnTimeout$CallableStatement.call(FailOnTimeout.java:288)
	at org.junit.internal.runners.statements.FailOnTimeout$CallableStatement.call(FailOnTimeout.java:282)
	at java.util.concurrent.FutureTask.run(FutureTask.java:266)
	at java.lang.Thread.run(Thread.java:748)

Aug 26, 2021 6:40:26 PM org.apache.ratis.thirdparty.io.grpc.internal.ManagedChannelOrphanWrapper$ManagedChannelReference cleanQueue
SEVERE: *~*~*~ Channel ManagedChannelImpl{logId=508, target=10.1.0.63:45605} was not shutdown properly!!! ~*~*~*
    Make sure to call shutdown()/shutdownNow() and wait until awaitTermination() returns true.
java.lang.RuntimeException: ManagedChannel allocation site
	at org.apache.ratis.thirdparty.io.grpc.internal.ManagedChannelOrphanWrapper$ManagedChannelReference.<init>(ManagedChannelOrphanWrapper.java:93)
	at org.apache.ratis.thirdparty.io.grpc.internal.ManagedChannelOrphanWrapper.<init>(ManagedChannelOrphanWrapper.java:53)
	at org.apache.ratis.thirdparty.io.grpc.internal.ManagedChannelOrphanWrapper.<init>(ManagedChannelOrphanWrapper.java:44)
	at org.apache.ratis.thirdparty.io.grpc.internal.ManagedChannelImplBuilder.build(ManagedChannelImplBuilder.java:596)
	at org.apache.ratis.thirdparty.io.grpc.ForwardingChannelBuilder.build(ForwardingChannelBuilder.java:255)
	at org.apache.hadoop.hdds.scm.XceiverClientGrpc.connectToDatanode(XceiverClientGrpc.java:193)
	at org.apache.hadoop.hdds.scm.XceiverClientGrpc.connect(XceiverClientGrpc.java:142)
	at org.apache.hadoop.hdds.scm.XceiverClientManager$2.call(XceiverClientManager.java:237)
	at org.apache.hadoop.hdds.scm.XceiverClientManager$2.call(XceiverClientManager.java:221)
	at com.google.common.cache.LocalCache$LocalManualCache$1.load(LocalCache.java:4864)
	at com.google.common.cache.LocalCache$LoadingValueReference.loadFuture(LocalCache.java:3529)
	at com.google.common.cache.LocalCache$Segment.loadSync(LocalCache.java:2278)
	at com.google.common.cache.LocalCache$Segment.lockedGetOrLoad(LocalCache.java:2155)
	at com.google.common.cache.LocalCache$Segment.get(LocalCache.java:2045)
	at com.google.common.cache.LocalCache.get(LocalCache.java:3962)
	at com.google.common.cache.LocalCache$LocalManualCache.get(LocalCache.java:4859)
	at org.apache.hadoop.hdds.scm.XceiverClientManager.getClient(XceiverClientManager.java:221)
	at org.apache.hadoop.hdds.scm.XceiverClientManager.acquireClient(XceiverClientManager.java:165)
	at org.apache.hadoop.hdds.scm.XceiverClientManager.acquireClientForReadData(XceiverClientManager.java:154)
	at org.apache.hadoop.hdds.scm.storage.BlockInputStream.acquireClient(BlockInputStream.java:235)
	at org.apache.hadoop.hdds.scm.storage.BlockInputStream.getChunkInfos(BlockInputStream.java:209)
	at org.apache.hadoop.hdds.scm.storage.BlockInputStream.initialize(BlockInputStream.java:147)
	at org.apache.hadoop.hdds.scm.storage.BlockInputStream.readWithStrategy(BlockInputStream.java:294)
	at org.apache.hadoop.hdds.scm.storage.BlockInputStream.read(BlockInputStream.java:277)
	at org.apache.hadoop.hdds.scm.storage.ByteArrayReader.readFromBlock(ByteArrayReader.java:57)
	at org.apache.hadoop.ozone.client.io.KeyInputStream.readWithStrategy(KeyInputStream.java:262)
	at org.apache.hadoop.ozone.client.io.KeyInputStream.read(KeyInputStream.java:230)
	at org.apache.hadoop.ozone.client.io.OzoneInputStream.read(OzoneInputStream.java:55)
	at java.io.InputStream.read(InputStream.java:101)
	at org.apache.hadoop.ozone.container.TestHelper.validateData(TestHelper.java:146)
	at org.apache.hadoop.ozone.client.rpc.TestBlockOutputStreamWithFailures.validateData(TestBlockOutputStreamWithFailures.java:870)
	at org.apache.hadoop.ozone.client.rpc.TestBlockOutputStreamWithFailures.testDatanodeFailureWithPreAllocation(TestBlockOutputStreamWithFailures.java:853)
	at sun.reflect.NativeMethodAccessorImpl.invoke0(Native Method)
	at sun.reflect.NativeMethodAccessorImpl.invoke(NativeMethodAccessorImpl.java:62)
	at sun.reflect.DelegatingMethodAccessorImpl.invoke(DelegatingMethodAccessorImpl.java:43)
	at java.lang.reflect.Method.invoke(Method.java:498)
	at org.junit.runners.model.FrameworkMethod$1.runReflectiveCall(FrameworkMethod.java:59)
	at org.junit.internal.runners.model.ReflectiveCallable.run(ReflectiveCallable.java:12)
	at org.junit.runners.model.FrameworkMethod.invokeExplosively(FrameworkMethod.java:56)
	at org.junit.internal.runners.statements.InvokeMethod.evaluate(InvokeMethod.java:17)
	at org.junit.internal.runners.statements.RunBefores.evaluate(RunBefores.java:26)
	at org.junit.internal.runners.statements.RunAfters.evaluate(RunAfters.java:27)
	at org.junit.internal.runners.statements.FailOnTimeout$CallableStatement.call(FailOnTimeout.java:288)
	at org.junit.internal.runners.statements.FailOnTimeout$CallableStatement.call(FailOnTimeout.java:282)
	at java.util.concurrent.FutureTask.run(FutureTask.java:266)
	at java.lang.Thread.run(Thread.java:748)

Aug 26, 2021 6:40:26 PM org.apache.ratis.thirdparty.io.grpc.internal.ManagedChannelOrphanWrapper$ManagedChannelReference cleanQueue
SEVERE: *~*~*~ Channel ManagedChannelImpl{logId=513, target=10.1.0.63:38633} was not shutdown properly!!! ~*~*~*
    Make sure to call shutdown()/shutdownNow() and wait until awaitTermination() returns true.
java.lang.RuntimeException: ManagedChannel allocation site
	at org.apache.ratis.thirdparty.io.grpc.internal.ManagedChannelOrphanWrapper$ManagedChannelReference.<init>(ManagedChannelOrphanWrapper.java:93)
	at org.apache.ratis.thirdparty.io.grpc.internal.ManagedChannelOrphanWrapper.<init>(ManagedChannelOrphanWrapper.java:53)
	at org.apache.ratis.thirdparty.io.grpc.internal.ManagedChannelOrphanWrapper.<init>(ManagedChannelOrphanWrapper.java:44)
	at org.apache.ratis.thirdparty.io.grpc.internal.ManagedChannelImplBuilder.build(ManagedChannelImplBuilder.java:596)
	at org.apache.ratis.thirdparty.io.grpc.ForwardingChannelBuilder.build(ForwardingChannelBuilder.java:255)
	at org.apache.hadoop.hdds.scm.XceiverClientGrpc.connectToDatanode(XceiverClientGrpc.java:193)
	at org.apache.hadoop.hdds.scm.XceiverClientGrpc.connect(XceiverClientGrpc.java:142)
	at org.apache.hadoop.hdds.scm.XceiverClientManager$2.call(XceiverClientManager.java:237)
	at org.apache.hadoop.hdds.scm.XceiverClientManager$2.call(XceiverClientManager.java:221)
	at com.google.common.cache.LocalCache$LocalManualCache$1.load(LocalCache.java:4864)
	at com.google.common.cache.LocalCache$LoadingValueReference.loadFuture(LocalCache.java:3529)
	at com.google.common.cache.LocalCache$Segment.loadSync(LocalCache.java:2278)
	at com.google.common.cache.LocalCache$Segment.lockedGetOrLoad(LocalCache.java:2155)
	at com.google.common.cache.LocalCache$Segment.get(LocalCache.java:2045)
	at com.google.common.cache.LocalCache.get(LocalCache.java:3962)
	at com.google.common.cache.LocalCache$LocalManualCache.get(LocalCache.java:4859)
	at org.apache.hadoop.hdds.scm.XceiverClientManager.getClient(XceiverClientManager.java:221)
	at org.apache.hadoop.hdds.scm.XceiverClientManager.acquireClient(XceiverClientManager.java:165)
	at org.apache.hadoop.hdds.scm.XceiverClientManager.acquireClientForReadData(XceiverClientManager.java:154)
	at org.apache.hadoop.hdds.scm.storage.BlockInputStream.acquireClient(BlockInputStream.java:235)
	at org.apache.hadoop.hdds.scm.storage.BlockInputStream.getChunkInfos(BlockInputStream.java:209)
	at org.apache.hadoop.hdds.scm.storage.BlockInputStream.initialize(BlockInputStream.java:147)
	at org.apache.hadoop.hdds.scm.storage.BlockInputStream.readWithStrategy(BlockInputStream.java:294)
	at org.apache.hadoop.hdds.scm.storage.BlockInputStream.read(BlockInputStream.java:277)
	at org.apache.hadoop.hdds.scm.storage.ByteArrayReader.readFromBlock(ByteArrayReader.java:57)
	at org.apache.hadoop.ozone.client.io.KeyInputStream.readWithStrategy(KeyInputStream.java:262)
	at org.apache.hadoop.ozone.client.io.KeyInputStream.read(KeyInputStream.java:230)
	at org.apache.hadoop.ozone.client.io.OzoneInputStream.read(OzoneInputStream.java:55)
	at java.io.InputStream.read(InputStream.java:101)
	at org.apache.hadoop.ozone.container.TestHelper.validateData(TestHelper.java:146)
	at org.apache.hadoop.ozone.client.rpc.TestBlockOutputStreamWithFailures.validateData(TestBlockOutputStreamWithFailures.java:870)
	at org.apache.hadoop.ozone.client.rpc.TestBlockOutputStreamWithFailures.testDatanodeFailureWithPreAllocation(TestBlockOutputStreamWithFailures.java:853)
	at sun.reflect.NativeMethodAccessorImpl.invoke0(Native Method)
	at sun.reflect.NativeMethodAccessorImpl.invoke(NativeMethodAccessorImpl.java:62)
	at sun.reflect.DelegatingMethodAccessorImpl.invoke(DelegatingMethodAccessorImpl.java:43)
	at java.lang.reflect.Method.invoke(Method.java:498)
	at org.junit.runners.model.FrameworkMethod$1.runReflectiveCall(FrameworkMethod.java:59)
	at org.junit.internal.runners.model.ReflectiveCallable.run(ReflectiveCallable.java:12)
	at org.junit.runners.model.FrameworkMethod.invokeExplosively(FrameworkMethod.java:56)
	at org.junit.internal.runners.statements.InvokeMethod.evaluate(InvokeMethod.java:17)
	at org.junit.internal.runners.statements.RunBefores.evaluate(RunBefores.java:26)
	at org.junit.internal.runners.statements.RunAfters.evaluate(RunAfters.java:27)
	at org.junit.internal.runners.statements.FailOnTimeout$CallableStatement.call(FailOnTimeout.java:288)
	at org.junit.internal.runners.statements.FailOnTimeout$CallableStatement.call(FailOnTimeout.java:282)
	at java.util.concurrent.FutureTask.run(FutureTask.java:266)
	at java.lang.Thread.run(Thread.java:748)

Aug 26, 2021 6:40:26 PM org.apache.ratis.thirdparty.io.grpc.internal.ManagedChannelOrphanWrapper$ManagedChannelReference cleanQueue
SEVERE: *~*~*~ Channel ManagedChannelImpl{logId=177, target=10.1.0.63:44291} was not shutdown properly!!! ~*~*~*
    Make sure to call shutdown()/shutdownNow() and wait until awaitTermination() returns true.
java.lang.RuntimeException: ManagedChannel allocation site
	at org.apache.ratis.thirdparty.io.grpc.internal.ManagedChannelOrphanWrapper$ManagedChannelReference.<init>(ManagedChannelOrphanWrapper.java:93)
	at org.apache.ratis.thirdparty.io.grpc.internal.ManagedChannelOrphanWrapper.<init>(ManagedChannelOrphanWrapper.java:53)
	at org.apache.ratis.thirdparty.io.grpc.internal.ManagedChannelOrphanWrapper.<init>(ManagedChannelOrphanWrapper.java:44)
	at org.apache.ratis.thirdparty.io.grpc.internal.ManagedChannelImplBuilder.build(ManagedChannelImplBuilder.java:596)
	at org.apache.ratis.thirdparty.io.grpc.ForwardingChannelBuilder.build(ForwardingChannelBuilder.java:255)
	at org.apache.ratis.grpc.client.GrpcClientProtocolClient.buildChannel(GrpcClientProtocolClient.java:159)
	at org.apache.ratis.grpc.client.GrpcClientProtocolClient.<init>(GrpcClientProtocolClient.java:111)
	at org.apache.ratis.grpc.client.GrpcClientRpc.lambda$new$0(GrpcClientRpc.java:57)
	at org.apache.ratis.util.PeerProxyMap$PeerAndProxy.lambda$getProxy$0(PeerProxyMap.java:63)
	at org.apache.ratis.util.LifeCycle.startAndTransition(LifeCycle.java:270)
	at org.apache.ratis.util.PeerProxyMap$PeerAndProxy.getProxy(PeerProxyMap.java:62)
	at org.apache.ratis.util.PeerProxyMap.getProxy(PeerProxyMap.java:114)
	at org.apache.ratis.grpc.client.GrpcClientRpc.sendRequestAsync(GrpcClientRpc.java:67)
	at org.apache.ratis.client.impl.OrderedAsync.sendRequest(OrderedAsync.java:235)
	at org.apache.ratis.client.impl.OrderedAsync.sendRequestWithRetry(OrderedAsync.java:189)
	at org.apache.ratis.util.SlidingWindow$Client.sendOrDelayRequest(SlidingWindow.java:280)
	at org.apache.ratis.util.SlidingWindow$Client.submitNewRequest(SlidingWindow.java:259)
	at org.apache.ratis.client.impl.OrderedAsync.send(OrderedAsync.java:170)
	at org.apache.ratis.client.impl.OrderedAsync.newInstance(OrderedAsync.java:118)
	at org.apache.ratis.client.impl.RaftClientImpl.lambda$new$0(RaftClientImpl.java:148)
	at org.apache.ratis.util.MemoizedSupplier.get(MemoizedSupplier.java:62)
	at org.apache.ratis.client.impl.RaftClientImpl.getOrderedAsync(RaftClientImpl.java:201)
	at org.apache.ratis.client.impl.AsyncImpl.send(AsyncImpl.java:41)
	at org.apache.ratis.client.impl.AsyncImpl.send(AsyncImpl.java:46)
	at org.apache.hadoop.hdds.scm.XceiverClientRatis.lambda$sendRequestAsync$3(XceiverClientRatis.java:225)
	at org.apache.hadoop.hdds.tracing.TracingUtil.executeInNewSpan(TracingUtil.java:159)
	at org.apache.hadoop.hdds.scm.XceiverClientRatis.sendRequestAsync(XceiverClientRatis.java:210)
	at org.apache.hadoop.hdds.scm.XceiverClientRatis.sendCommandAsync(XceiverClientRatis.java:306)
	at org.apache.hadoop.hdds.scm.storage.ContainerProtocolCalls.writeChunkAsync(ContainerProtocolCalls.java:305)
	at org.apache.hadoop.hdds.scm.storage.BlockOutputStream.writeChunkToContainer(BlockOutputStream.java:658)
	at org.apache.hadoop.hdds.scm.storage.BlockOutputStream.writeChunk(BlockOutputStream.java:502)
	at org.apache.hadoop.hdds.scm.storage.BlockOutputStream.writeChunkIfNeeded(BlockOutputStream.java:226)
	at org.apache.hadoop.hdds.scm.storage.BlockOutputStream.write(BlockOutputStream.java:249)
	at org.apache.hadoop.ozone.client.io.BlockOutputStreamEntry.write(BlockOutputStreamEntry.java:116)
	at org.apache.hadoop.ozone.client.io.KeyOutputStream.writeToOutputStream(KeyOutputStream.java:262)
	at org.apache.hadoop.ozone.client.io.KeyOutputStream.handleWrite(KeyOutputStream.java:240)
	at org.apache.hadoop.ozone.client.io.KeyOutputStream.write(KeyOutputStream.java:220)
	at org.apache.hadoop.ozone.client.io.OzoneOutputStream.write(OzoneOutputStream.java:50)
	at java.io.OutputStream.write(OutputStream.java:75)
	at org.apache.hadoop.ozone.client.rpc.TestBlockOutputStreamWithFailures.test2DatanodesFailure(TestBlockOutputStreamWithFailures.java:348)
	at sun.reflect.NativeMethodAccessorImpl.invoke0(Native Method)
	at sun.reflect.NativeMethodAccessorImpl.invoke(NativeMethodAccessorImpl.java:62)
	at sun.reflect.DelegatingMethodAccessorImpl.invoke(DelegatingMethodAccessorImpl.java:43)
	at java.lang.reflect.Method.invoke(Method.java:498)
	at org.junit.runners.model.FrameworkMethod$1.runReflectiveCall(FrameworkMethod.java:59)
	at org.junit.internal.runners.model.ReflectiveCallable.run(ReflectiveCallable.java:12)
	at org.junit.runners.model.FrameworkMethod.invokeExplosively(FrameworkMethod.java:56)
	at org.junit.internal.runners.statements.InvokeMethod.evaluate(InvokeMethod.java:17)
	at org.junit.internal.runners.statements.RunBefores.evaluate(RunBefores.java:26)
	at org.junit.internal.runners.statements.RunAfters.evaluate(RunAfters.java:27)
	at org.junit.internal.runners.statements.FailOnTimeout$CallableStatement.call(FailOnTimeout.java:288)
	at org.junit.internal.runners.statements.FailOnTimeout$CallableStatement.call(FailOnTimeout.java:282)
	at java.util.concurrent.FutureTask.run(FutureTask.java:266)
	at java.lang.Thread.run(Thread.java:748)

Aug 26, 2021 6:40:26 PM org.apache.ratis.thirdparty.io.grpc.internal.ManagedChannelOrphanWrapper$ManagedChannelReference cleanQueue
SEVERE: *~*~*~ Channel ManagedChannelImpl{logId=245, target=10.1.0.63:33971} was not shutdown properly!!! ~*~*~*
    Make sure to call shutdown()/shutdownNow() and wait until awaitTermination() returns true.
java.lang.RuntimeException: ManagedChannel allocation site
	at org.apache.ratis.thirdparty.io.grpc.internal.ManagedChannelOrphanWrapper$ManagedChannelReference.<init>(ManagedChannelOrphanWrapper.java:93)
	at org.apache.ratis.thirdparty.io.grpc.internal.ManagedChannelOrphanWrapper.<init>(ManagedChannelOrphanWrapper.java:53)
	at org.apache.ratis.thirdparty.io.grpc.internal.ManagedChannelOrphanWrapper.<init>(ManagedChannelOrphanWrapper.java:44)
	at org.apache.ratis.thirdparty.io.grpc.internal.ManagedChannelImplBuilder.build(ManagedChannelImplBuilder.java:596)
	at org.apache.ratis.thirdparty.io.grpc.ForwardingChannelBuilder.build(ForwardingChannelBuilder.java:255)
	at org.apache.hadoop.hdds.scm.XceiverClientGrpc.connectToDatanode(XceiverClientGrpc.java:193)
	at org.apache.hadoop.hdds.scm.XceiverClientGrpc.connect(XceiverClientGrpc.java:142)
	at org.apache.hadoop.hdds.scm.XceiverClientManager$2.call(XceiverClientManager.java:237)
	at org.apache.hadoop.hdds.scm.XceiverClientManager$2.call(XceiverClientManager.java:221)
	at com.google.common.cache.LocalCache$LocalManualCache$1.load(LocalCache.java:4864)
	at com.google.common.cache.LocalCache$LoadingValueReference.loadFuture(LocalCache.java:3529)
	at com.google.common.cache.LocalCache$Segment.loadSync(LocalCache.java:2278)
	at com.google.common.cache.LocalCache$Segment.lockedGetOrLoad(LocalCache.java:2155)
	at com.google.common.cache.LocalCache$Segment.get(LocalCache.java:2045)
	at com.google.common.cache.LocalCache.get(LocalCache.java:3962)
	at com.google.common.cache.LocalCache$LocalManualCache.get(LocalCache.java:4859)
	at org.apache.hadoop.hdds.scm.XceiverClientManager.getClient(XceiverClientManager.java:221)
	at org.apache.hadoop.hdds.scm.XceiverClientManager.acquireClient(XceiverClientManager.java:165)
	at org.apache.hadoop.hdds.scm.XceiverClientManager.acquireClientForReadData(XceiverClientManager.java:154)
	at org.apache.hadoop.hdds.scm.storage.BlockInputStream.acquireClient(BlockInputStream.java:235)
	at org.apache.hadoop.hdds.scm.storage.BlockInputStream.getChunkInfos(BlockInputStream.java:209)
	at org.apache.hadoop.hdds.scm.storage.BlockInputStream.initialize(BlockInputStream.java:147)
	at org.apache.hadoop.hdds.scm.storage.BlockInputStream.readWithStrategy(BlockInputStream.java:294)
	at org.apache.hadoop.hdds.scm.storage.BlockInputStream.read(BlockInputStream.java:277)
	at org.apache.hadoop.hdds.scm.storage.ByteArrayReader.readFromBlock(ByteArrayReader.java:57)
	at org.apache.hadoop.ozone.client.io.KeyInputStream.readWithStrategy(KeyInputStream.java:262)
	at org.apache.hadoop.ozone.client.io.KeyInputStream.read(KeyInputStream.java:230)
	at org.apache.hadoop.ozone.client.io.OzoneInputStream.read(OzoneInputStream.java:55)
	at java.io.InputStream.read(InputStream.java:101)
	at org.apache.hadoop.ozone.container.TestHelper.validateData(TestHelper.java:146)
	at org.apache.hadoop.ozone.client.rpc.TestBlockOutputStreamWithFailures.validateData(TestBlockOutputStreamWithFailures.java:870)
	at org.apache.hadoop.ozone.client.rpc.TestBlockOutputStreamWithFailures.test2DatanodesFailure(TestBlockOutputStreamWithFailures.java:441)
	at sun.reflect.NativeMethodAccessorImpl.invoke0(Native Method)
	at sun.reflect.NativeMethodAccessorImpl.invoke(NativeMethodAccessorImpl.java:62)
	at sun.reflect.DelegatingMethodAccessorImpl.invoke(DelegatingMethodAccessorImpl.java:43)
	at java.lang.reflect.Method.invoke(Method.java:498)
	at org.junit.runners.model.FrameworkMethod$1.runReflectiveCall(FrameworkMethod.java:59)
	at org.junit.internal.runners.model.ReflectiveCallable.run(ReflectiveCallable.java:12)
	at org.junit.runners.model.FrameworkMethod.invokeExplosively(FrameworkMethod.java:56)
	at org.junit.internal.runners.statements.InvokeMethod.evaluate(InvokeMethod.java:17)
	at org.junit.internal.runners.statements.RunBefores.evaluate(RunBefores.java:26)
	at org.junit.internal.runners.statements.RunAfters.evaluate(RunAfters.java:27)
	at org.junit.internal.runners.statements.FailOnTimeout$CallableStatement.call(FailOnTimeout.java:288)
	at org.junit.internal.runners.statements.FailOnTimeout$CallableStatement.call(FailOnTimeout.java:282)
	at java.util.concurrent.FutureTask.run(FutureTask.java:266)
	at java.lang.Thread.run(Thread.java:748)

]]></system-err>
  </testcase>
  <testcase name="testWatchForCommitWithSingleNodeRatis" classname="org.apache.hadoop.ozone.client.rpc.TestBlockOutputStreamWithFailures" time="80.475"/>
  <testcase name="testWatchForCommitDatanodeFailure" classname="org.apache.hadoop.ozone.client.rpc.TestBlockOutputStreamWithFailures" time="84.125"/>
  <testcase name="testFailureWithPrimeSizedData" classname="org.apache.hadoop.ozone.client.rpc.TestBlockOutputStreamWithFailures" time="81.402"/>
  <testcase name="testWatchForCommitWithCloseContainerException" classname="org.apache.hadoop.ozone.client.rpc.TestBlockOutputStreamWithFailures" time="80.119"/>
  <testcase name="testExceptionDuringClose" classname="org.apache.hadoop.ozone.client.rpc.TestBlockOutputStreamWithFailures" time="86.013"/>
</testsuite>