<?xml version="1.0" encoding="UTF-8"?>
<testsuite xmlns:xsi="http://www.w3.org/2001/XMLSchema-instance" xsi:noNamespaceSchemaLocation="https://maven.apache.org/surefire/maven-surefire-plugin/xsd/surefire-test-report-3.0.xsd" version="3.0" name="org.apache.hadoop.fs.ozone.TestOzoneFileSystem" time="254.485" tests="168" errors="0" skipped="0" failures="1">
  <properties>
    <property name="awt.toolkit" value="sun.awt.X11.XToolkit"/>
    <property name="file.encoding.pkg" value="sun.io"/>
    <property name="java.specification.version" value="1.8"/>
    <property name="sun.cpu.isalist" value=""/>
    <property name="sun.jnu.encoding" value="UTF-8"/>
    <property name="java.class.path" value="/home/runner/work/ozone/ozone/hadoop-ozone/integration-test/target/test-classes:/home/runner/work/ozone/ozone/hadoop-ozone/integration-test/target/classes:/home/runner/.m2/repository/org/apache/ozone/ozone-common/1.4.0-SNAPSHOT/ozone-common-1.4.0-SNAPSHOT.jar:/home/runner/.m2/repository/io/grpc/grpc-netty/1.51.1/grpc-netty-1.51.1.jar:/home/runner/.m2/repository/io/grpc/grpc-core/1.51.1/grpc-core-1.51.1.jar:/home/runner/.m2/repository/com/google/android/annotations/4.1.1.4/annotations-4.1.1.4.jar:/home/runner/.m2/repository/org/codehaus/mojo/animal-sniffer-annotations/1.21/animal-sniffer-annotations-1.21.jar:/home/runner/.m2/repository/com/google/errorprone/error_prone_annotations/2.2.0/error_prone_annotations-2.2.0.jar:/home/runner/.m2/repository/io/perfmark/perfmark-api/0.25.0/perfmark-api-0.25.0.jar:/home/runner/.m2/repository/io/netty/netty-codec-http2/4.1.86.Final/netty-codec-http2-4.1.86.Final.jar:/home/runner/.m2/repository/io/netty/netty-common/4.1.86.Final/netty-common-4.1.86.Final.jar:/home/runner/.m2/repository/io/netty/netty-buffer/4.1.86.Final/netty-buffer-4.1.86.Final.jar:/home/runner/.m2/repository/io/netty/netty-codec-http/4.1.86.Final/netty-codec-http-4.1.86.Final.jar:/home/runner/.m2/repository/io/netty/netty-handler-proxy/4.1.86.Final/netty-handler-proxy-4.1.86.Final.jar:/home/runner/.m2/repository/io/netty/netty-codec-socks/4.1.86.Final/netty-codec-socks-4.1.86.Final.jar:/home/runner/.m2/repository/io/netty/netty-tcnative-boringssl-static/2.0.54.Final/netty-tcnative-boringssl-static-2.0.54.Final.jar:/home/runner/.m2/repository/io/netty/netty-tcnative-classes/2.0.54.Final/netty-tcnative-classes-2.0.54.Final.jar:/home/runner/.m2/repository/io/netty/netty-tcnative-boringssl-static/2.0.54.Final/netty-tcnative-boringssl-static-2.0.54.Final-linux-x86_64.jar:/home/runner/.m2/repository/io/netty/netty-tcnative-boringssl-static/2.0.54.Final/netty-tcnative-boringssl-static-2.0.54.Final-linux-aarch_64.jar:/home/runner/.m2/repository/io/netty/netty-tcnative-boringssl-static/2.0.54.Final/netty-tcnative-boringssl-static-2.0.54.Final-osx-x86_64.jar:/home/runner/.m2/repository/io/netty/netty-tcnative-boringssl-static/2.0.54.Final/netty-tcnative-boringssl-static-2.0.54.Final-osx-aarch_64.jar:/home/runner/.m2/repository/io/netty/netty-tcnative-boringssl-static/2.0.54.Final/netty-tcnative-boringssl-static-2.0.54.Final-windows-x86_64.jar:/home/runner/.m2/repository/org/apache/commons/commons-compress/1.21/commons-compress-1.21.jar:/home/runner/.m2/repository/org/apache/ozone/hdds-common/1.4.0-SNAPSHOT/hdds-common-1.4.0-SNAPSHOT.jar:/home/runner/.m2/repository/org/apache/ozone/hdds-client/1.4.0-SNAPSHOT/hdds-client-1.4.0-SNAPSHOT.jar:/home/runner/.m2/repository/org/apache/ozone/ozone-interface-client/1.4.0-SNAPSHOT/ozone-interface-client-1.4.0-SNAPSHOT.jar:/home/runner/.m2/repository/org/apache/ozone/hdds-test-utils/1.4.0-SNAPSHOT/hdds-test-utils-1.4.0-SNAPSHOT.jar:/home/runner/.m2/repository/com/google/guava/guava/31.1-jre/guava-31.1-jre.jar:/home/runner/.m2/repository/com/google/guava/failureaccess/1.0.1/failureaccess-1.0.1.jar:/home/runner/.m2/repository/com/google/guava/listenablefuture/9999.0-empty-to-avoid-conflict-with-guava/listenablefuture-9999.0-empty-to-avoid-conflict-with-guava.jar:/home/runner/.m2/repository/com/google/code/findbugs/jsr305/3.0.0/jsr305-3.0.0.jar:/home/runner/.m2/repository/org/checkerframework/checker-qual/3.12.0/checker-qual-3.12.0.jar:/home/runner/.m2/repository/com/google/j2objc/j2objc-annotations/1.3/j2objc-annotations-1.3.jar:/home/runner/.m2/repository/commons-io/commons-io/2.11.0/commons-io-2.11.0.jar:/home/runner/.m2/repository/commons-logging/commons-logging/1.2/commons-logging-1.2.jar:/home/runner/.m2/repository/ch/qos/reload4j/reload4j/1.2.22/reload4j-1.2.22.jar:/home/runner/.m2/repository/org/slf4j/slf4j-api/1.7.36/slf4j-api-1.7.36.jar:/home/runner/.m2/repository/org/apache/ozone/hdds-server-scm/1.4.0-SNAPSHOT/hdds-server-scm-1.4.0-SNAPSHOT.jar:/home/runner/.m2/repository/org/apache/ozone/hdds-container-service/1.4.0-SNAPSHOT/hdds-container-service-1.4.0-SNAPSHOT.jar:/home/runner/.m2/repository/org/apache/ozone/hdds-hadoop-dependency-server/1.4.0-SNAPSHOT/hdds-hadoop-dependency-server-1.4.0-SNAPSHOT.jar:/home/runner/.m2/repository/org/apache/hadoop/hadoop-hdfs/3.3.4/hadoop-hdfs-3.3.4.jar:/home/runner/.m2/repository/org/eclipse/jetty/jetty-util-ajax/9.4.49.v20220914/jetty-util-ajax-9.4.49.v20220914.jar:/home/runner/.m2/repository/commons-daemon/commons-daemon/1.0.13/commons-daemon-1.0.13.jar:/home/runner/.m2/repository/org/apache/ozone/hdds-server-framework/1.4.0-SNAPSHOT/hdds-server-framework-1.4.0-SNAPSHOT.jar:/home/runner/.m2/repository/org/apache/ozone/hdds-interface-server/1.4.0-SNAPSHOT/hdds-interface-server-1.4.0-SNAPSHOT.jar:/home/runner/.m2/repository/org/apache/commons/commons-configuration2/2.1.1/commons-configuration2-2.1.1.jar:/home/runner/.m2/repository/org/apache/logging/log4j/log4j-core/2.17.1/log4j-core-2.17.1.jar:/home/runner/.m2/repository/com/lmax/disruptor/3.4.2/disruptor-3.4.2.jar:/home/runner/.m2/repository/org/eclipse/jetty/jetty-servlet/9.4.49.v20220914/jetty-servlet-9.4.49.v20220914.jar:/home/runner/.m2/repository/org/eclipse/jetty/jetty-security/9.4.49.v20220914/jetty-security-9.4.49.v20220914.jar:/home/runner/.m2/repository/org/rocksdb/rocksdbjni/7.7.3/rocksdbjni-7.7.3.jar:/home/runner/.m2/repository/io/prometheus/simpleclient_dropwizard/0.7.0/simpleclient_dropwizard-0.7.0.jar:/home/runner/.m2/repository/io/prometheus/simpleclient/0.7.0/simpleclient-0.7.0.jar:/home/runner/.m2/repository/io/prometheus/simpleclient_common/0.7.0/simpleclient_common-0.7.0.jar:/home/runner/.m2/repository/com/github/spotbugs/spotbugs-annotations/3.1.12/spotbugs-annotations-3.1.12.jar:/home/runner/.m2/repository/io/dropwizard/metrics/metrics-core/3.2.4/metrics-core-3.2.4.jar:/home/runner/.m2/repository/org/apache/commons/commons-text/1.4/commons-text-1.4.jar:/home/runner/.m2/repository/org/apache/hadoop/hadoop-hdfs-client/3.3.4/hadoop-hdfs-client-3.3.4.jar:/home/runner/.m2/repository/com/squareup/okhttp3/okhttp/4.9.3/okhttp-4.9.3.jar:/home/runner/.m2/repository/com/squareup/okio/okio/2.8.0/okio-2.8.0.jar:/home/runner/.m2/repository/org/jetbrains/kotlin/kotlin-stdlib-common/1.6.21/kotlin-stdlib-common-1.6.21.jar:/home/runner/.m2/repository/org/bouncycastle/bcprov-jdk15on/1.67/bcprov-jdk15on-1.67.jar:/home/runner/.m2/repository/com/google/protobuf/protobuf-java/2.5.0/protobuf-java-2.5.0.jar:/home/runner/.m2/repository/org/apache/ozone/ozone-manager/1.4.0-SNAPSHOT/ozone-manager-1.4.0-SNAPSHOT.jar:/home/runner/.m2/repository/org/aspectj/aspectjrt/1.9.7/aspectjrt-1.9.7.jar:/home/runner/.m2/repository/org/aspectj/aspectjweaver/1.9.7/aspectjweaver-1.9.7.jar:/home/runner/.m2/repository/org/apache/ozone/hdds-interface-client/1.4.0-SNAPSHOT/hdds-interface-client-1.4.0-SNAPSHOT.jar:/home/runner/.m2/repository/org/apache/hadoop/thirdparty/hadoop-shaded-protobuf_3_7/1.1.1/hadoop-shaded-protobuf_3_7-1.1.1.jar:/home/runner/.m2/repository/org/apache/ratis/ratis-thirdparty-misc/1.0.3/ratis-thirdparty-misc-1.0.3.jar:/home/runner/.m2/repository/org/apache/ozone/ozone-interface-storage/1.4.0-SNAPSHOT/ozone-interface-storage-1.4.0-SNAPSHOT.jar:/home/runner/.m2/repository/org/reflections/reflections/0.9.11/reflections-0.9.11.jar:/home/runner/.m2/repository/com/sun/jersey/jersey-client/1.19/jersey-client-1.19.jar:/home/runner/.m2/repository/org/apache/ranger/ranger-intg/2.3.0/ranger-intg-2.3.0.jar:/home/runner/.m2/repository/org/apache/ranger/ranger-plugins-common/2.3.0/ranger-plugins-common-2.3.0.jar:/home/runner/.m2/repository/commons-lang/commons-lang/2.6/commons-lang-2.6.jar:/home/runner/.m2/repository/org/codehaus/jackson/jackson-jaxrs/1.9.13/jackson-jaxrs-1.9.13.jar:/home/runner/.m2/repository/org/apache/ranger/ranger-plugins-cred/2.3.0/ranger-plugins-cred-2.3.0.jar:/home/runner/.m2/repository/org/apache/ranger/ranger-plugins-audit/2.3.0/ranger-plugins-audit-2.3.0.jar:/home/runner/.m2/repository/org/eclipse/jetty/jetty-client/9.4.49.v20220914/jetty-client-9.4.49.v20220914.jar:/home/runner/.m2/repository/org/apache/httpcomponents/httpmime/4.5.6/httpmime-4.5.6.jar:/home/runner/.m2/repository/org/apache/httpcomponents/httpcore-nio/4.4.6/httpcore-nio-4.4.6.jar:/home/runner/.m2/repository/org/apache/httpcomponents/httpasyncclient/4.1.3/httpasyncclient-4.1.3.jar:/home/runner/.m2/repository/com/carrotsearch/hppc/0.8.0/hppc-0.8.0.jar:/home/runner/.m2/repository/org/apache/orc/orc-core/1.5.8/orc-core-1.5.8.jar:/home/runner/.m2/repository/net/java/dev/jna/jna/5.2.0/jna-5.2.0.jar:/home/runner/.m2/repository/net/java/dev/jna/jna-platform/5.2.0/jna-platform-5.2.0.jar:/home/runner/.m2/repository/com/kstruct/gethostname4j/0.0.2/gethostname4j-0.0.2.jar:/home/runner/.m2/repository/org/apache/ranger/ranger-plugin-classloader/2.3.0/ranger-plugin-classloader-2.3.0.jar:/home/runner/.m2/repository/org/apache/hadoop/hadoop-minikdc/3.3.4/hadoop-minikdc-3.3.4.jar:/home/runner/.m2/repository/org/apache/kerby/kerb-simplekdc/1.0.1/kerb-simplekdc-1.0.1.jar:/home/runner/.m2/repository/org/apache/kerby/kerb-client/1.0.1/kerb-client-1.0.1.jar:/home/runner/.m2/repository/org/apache/kerby/kerby-config/1.0.1/kerby-config-1.0.1.jar:/home/runner/.m2/repository/org/apache/kerby/kerb-common/1.0.1/kerb-common-1.0.1.jar:/home/runner/.m2/repository/org/apache/kerby/kerb-crypto/1.0.1/kerb-crypto-1.0.1.jar:/home/runner/.m2/repository/org/apache/kerby/kerb-util/1.0.1/kerb-util-1.0.1.jar:/home/runner/.m2/repository/org/apache/kerby/token-provider/1.0.1/token-provider-1.0.1.jar:/home/runner/.m2/repository/org/apache/kerby/kerb-admin/1.0.1/kerb-admin-1.0.1.jar:/home/runner/.m2/repository/org/apache/kerby/kerb-server/1.0.1/kerb-server-1.0.1.jar:/home/runner/.m2/repository/org/apache/kerby/kerb-identity/1.0.1/kerb-identity-1.0.1.jar:/home/runner/.m2/repository/org/apache/kerby/kerby-xdr/1.0.1/kerby-xdr-1.0.1.jar:/home/runner/.m2/repository/org/apache/ozone/ozone-s3gateway/1.4.0-SNAPSHOT/ozone-s3gateway-1.4.0-SNAPSHOT.jar:/home/runner/.m2/repository/org/javassist/javassist/3.21.0-GA/javassist-3.21.0-GA.jar:/home/runner/.m2/repository/org/jboss/weld/servlet/weld-servlet/2.4.7.Final/weld-servlet-2.4.7.Final.jar:/home/runner/.m2/repository/org/glassfish/jersey/containers/jersey-container-servlet-core/2.34/jersey-container-servlet-core-2.34.jar:/home/runner/.m2/repository/org/glassfish/hk2/external/jakarta.inject/2.6.1/jakarta.inject-2.6.1.jar:/home/runner/.m2/repository/org/glassfish/jersey/core/jersey-common/2.34/jersey-common-2.34.jar:/home/runner/.m2/repository/jakarta/ws/rs/jakarta.ws.rs-api/2.1.6/jakarta.ws.rs-api-2.1.6.jar:/home/runner/.m2/repository/org/glassfish/jersey/ext/cdi/jersey-cdi1x/2.34/jersey-cdi1x-2.34.jar:/home/runner/.m2/repository/org/glassfish/jersey/inject/jersey-hk2/2.34/jersey-hk2-2.34.jar:/home/runner/.m2/repository/org/glassfish/hk2/hk2-locator/2.6.1/hk2-locator-2.6.1.jar:/home/runner/.m2/repository/org/glassfish/jersey/media/jersey-media-jaxb/2.34/jersey-media-jaxb-2.34.jar:/home/runner/.m2/repository/org/glassfish/hk2/osgi-resource-locator/1.0.3/osgi-resource-locator-1.0.3.jar:/home/runner/.m2/repository/org/glassfish/hk2/hk2-api/2.5.0/hk2-api-2.5.0.jar:/home/runner/.m2/repository/org/glassfish/hk2/hk2-utils/2.5.0/hk2-utils-2.5.0.jar:/home/runner/.m2/repository/org/glassfish/hk2/external/aopalliance-repackaged/2.5.0/aopalliance-repackaged-2.5.0.jar:/home/runner/.m2/repository/com/fasterxml/jackson/dataformat/jackson-dataformat-xml/2.13.4/jackson-dataformat-xml-2.13.4.jar:/home/runner/.m2/repository/com/fasterxml/jackson/core/jackson-core/2.13.4/jackson-core-2.13.4.jar:/home/runner/.m2/repository/org/codehaus/woodstox/stax2-api/4.2.1/stax2-api-4.2.1.jar:/home/runner/.m2/repository/com/fasterxml/woodstox/woodstox-core/5.4.0/woodstox-core-5.4.0.jar:/home/runner/.m2/repository/com/fasterxml/jackson/module/jackson-module-jaxb-annotations/2.13.4/jackson-module-jaxb-annotations-2.13.4.jar:/home/runner/.m2/repository/jakarta/xml/bind/jakarta.xml.bind-api/2.3.3/jakarta.xml.bind-api-2.3.3.jar:/home/runner/.m2/repository/jakarta/activation/jakarta.activation-api/1.2.2/jakarta.activation-api-1.2.2.jar:/home/runner/.m2/repository/javax/enterprise/cdi-api/1.2/cdi-api-1.2.jar:/home/runner/.m2/repository/javax/el/javax.el-api/3.0.0/javax.el-api-3.0.0.jar:/home/runner/.m2/repository/javax/interceptor/javax.interceptor-api/1.2/javax.interceptor-api-1.2.jar:/home/runner/.m2/repository/javax/inject/javax.inject/1/javax.inject-1.jar:/home/runner/.m2/repository/javax/xml/bind/jaxb-api/2.3.0/jaxb-api-2.3.0.jar:/home/runner/.m2/repository/org/glassfish/jaxb/jaxb-runtime/2.3.0.1/jaxb-runtime-2.3.0.1.jar:/home/runner/.m2/repository/org/glassfish/jaxb/jaxb-core/2.3.0.1/jaxb-core-2.3.0.1.jar:/home/runner/.m2/repository/org/glassfish/jaxb/txw2/2.3.0.1/txw2-2.3.0.1.jar:/home/runner/.m2/repository/com/sun/istack/istack-commons-runtime/3.0.5/istack-commons-runtime-3.0.5.jar:/home/runner/.m2/repository/org/jvnet/staxex/stax-ex/1.7.8/stax-ex-1.7.8.jar:/home/runner/.m2/repository/com/sun/xml/fastinfoset/FastInfoset/1.2.13/FastInfoset-1.2.13.jar:/home/runner/.m2/repository/javax/activation/activation/1.1.1/activation-1.1.1.jar:/home/runner/.m2/repository/io/grpc/grpc-protobuf/1.51.1/grpc-protobuf-1.51.1.jar:/home/runner/.m2/repository/io/grpc/grpc-api/1.51.1/grpc-api-1.51.1.jar:/home/runner/.m2/repository/io/grpc/grpc-context/1.51.1/grpc-context-1.51.1.jar:/home/runner/.m2/repository/com/google/api/grpc/proto-google-common-protos/2.9.0/proto-google-common-protos-2.9.0.jar:/home/runner/.m2/repository/io/grpc/grpc-protobuf-lite/1.51.1/grpc-protobuf-lite-1.51.1.jar:/home/runner/.m2/repository/io/grpc/grpc-stub/1.51.1/grpc-stub-1.51.1.jar:/home/runner/.m2/repository/io/netty/netty-transport/4.1.86.Final/netty-transport-4.1.86.Final.jar:/home/runner/.m2/repository/io/netty/netty-resolver/4.1.86.Final/netty-resolver-4.1.86.Final.jar:/home/runner/.m2/repository/org/apache/ozone/ozone-csi/1.4.0-SNAPSHOT/ozone-csi-1.4.0-SNAPSHOT.jar:/home/runner/.m2/repository/com/google/protobuf/protobuf-java-util/3.19.6/protobuf-java-util-3.19.6.jar:/home/runner/.m2/repository/com/google/code/gson/gson/2.9.0/gson-2.9.0.jar:/home/runner/.m2/repository/org/apache/ozone/hdds-config/1.4.0-SNAPSHOT/hdds-config-1.4.0-SNAPSHOT.jar:/home/runner/.m2/repository/io/netty/netty-transport-native-epoll/4.1.86.Final/netty-transport-native-epoll-4.1.86.Final-linux-x86_64.jar:/home/runner/.m2/repository/io/netty/netty-transport-classes-epoll/4.1.86.Final/netty-transport-classes-epoll-4.1.86.Final.jar:/home/runner/.m2/repository/io/netty/netty-transport-native-unix-common/4.1.86.Final/netty-transport-native-unix-common-4.1.86.Final.jar:/home/runner/.m2/repository/org/slf4j/slf4j-reload4j/1.7.36/slf4j-reload4j-1.7.36.jar:/home/runner/.m2/repository/org/apache/ozone/ozone-recon/1.4.0-SNAPSHOT/ozone-recon-1.4.0-SNAPSHOT.jar:/home/runner/.m2/repository/org/apache/ozone/ozone-reconcodegen/1.4.0-SNAPSHOT/ozone-reconcodegen-1.4.0-SNAPSHOT.jar:/home/runner/.m2/repository/com/google/inject/extensions/guice-multibindings/4.0/guice-multibindings-4.0.jar:/home/runner/.m2/repository/com/google/inject/guice/4.0/guice-4.0.jar:/home/runner/.m2/repository/aopalliance/aopalliance/1.0/aopalliance-1.0.jar:/home/runner/.m2/repository/com/google/inject/extensions/guice-assistedinject/4.0/guice-assistedinject-4.0.jar:/home/runner/.m2/repository/com/google/inject/extensions/guice-servlet/4.0/guice-servlet-4.0.jar:/home/runner/.m2/repository/org/glassfish/jersey/containers/jersey-container-servlet/2.34/jersey-container-servlet-2.34.jar:/home/runner/.m2/repository/org/glassfish/hk2/guice-bridge/2.5.0/guice-bridge-2.5.0.jar:/home/runner/.m2/repository/org/glassfish/jersey/core/jersey-server/2.34/jersey-server-2.34.jar:/home/runner/.m2/repository/org/glassfish/jersey/core/jersey-client/2.34/jersey-client-2.34.jar:/home/runner/.m2/repository/jakarta/annotation/jakarta.annotation-api/1.3.5/jakarta.annotation-api-1.3.5.jar:/home/runner/.m2/repository/jakarta/validation/jakarta.validation-api/2.0.2/jakarta.validation-api-2.0.2.jar:/home/runner/.m2/repository/org/glassfish/jersey/media/jersey-media-json-jackson/2.34/jersey-media-json-jackson-2.34.jar:/home/runner/.m2/repository/org/glassfish/jersey/ext/jersey-entity-filtering/2.34/jersey-entity-filtering-2.34.jar:/home/runner/.m2/repository/org/jooq/jooq/3.11.10/jooq-3.11.10.jar:/home/runner/.m2/repository/org/jooq/jooq-meta/3.11.10/jooq-meta-3.11.10.jar:/home/runner/.m2/repository/org/jooq/jooq-codegen/3.11.10/jooq-codegen-3.11.10.jar:/home/runner/.m2/repository/com/jolbox/bonecp/0.8.0.RELEASE/bonecp-0.8.0.RELEASE.jar:/home/runner/.m2/repository/org/apache/derby/derby/10.14.2.0/derby-10.14.2.0.jar:/home/runner/.m2/repository/org/xerial/sqlite-jdbc/3.25.2/sqlite-jdbc-3.25.2.jar:/home/runner/.m2/repository/org/springframework/spring-jdbc/5.3.23/spring-jdbc-5.3.23.jar:/home/runner/.m2/repository/org/springframework/spring-beans/5.3.23/spring-beans-5.3.23.jar:/home/runner/.m2/repository/org/springframework/spring-core/5.3.23/spring-core-5.3.23.jar:/home/runner/.m2/repository/org/springframework/spring-jcl/5.3.23/spring-jcl-5.3.23.jar:/home/runner/.m2/repository/org/springframework/spring-tx/5.3.23/spring-tx-5.3.23.jar:/home/runner/.m2/repository/org/apache/ozone/ozone-client/1.4.0-SNAPSHOT/ozone-client-1.4.0-SNAPSHOT.jar:/home/runner/.m2/repository/org/apache/ozone/hdds-erasurecode/1.4.0-SNAPSHOT/hdds-erasurecode-1.4.0-SNAPSHOT.jar:/home/runner/.m2/repository/org/apache/ozone/ozone-filesystem/1.4.0-SNAPSHOT/ozone-filesystem-1.4.0-SNAPSHOT.jar:/home/runner/.m2/repository/org/apache/ozone/ozone-filesystem-common/1.4.0-SNAPSHOT/ozone-filesystem-common-1.4.0-SNAPSHOT.jar:/home/runner/.m2/repository/org/apache/ozone/ozone-tools/1.4.0-SNAPSHOT/ozone-tools-1.4.0-SNAPSHOT.jar:/home/runner/.m2/repository/com/amazonaws/aws-java-sdk-core/1.12.261/aws-java-sdk-core-1.12.261.jar:/home/runner/.m2/repository/org/apache/httpcomponents/httpclient/4.5.13/httpclient-4.5.13.jar:/home/runner/.m2/repository/org/apache/httpcomponents/httpcore/4.4.13/httpcore-4.4.13.jar:/home/runner/.m2/repository/software/amazon/ion/ion-java/1.0.2/ion-java-1.0.2.jar:/home/runner/.m2/repository/com/fasterxml/jackson/dataformat/jackson-dataformat-cbor/2.13.4/jackson-dataformat-cbor-2.13.4.jar:/home/runner/.m2/repository/joda-time/joda-time/2.10.6/joda-time-2.10.6.jar:/home/runner/.m2/repository/com/amazonaws/aws-java-sdk-s3/1.12.261/aws-java-sdk-s3-1.12.261.jar:/home/runner/.m2/repository/com/amazonaws/aws-java-sdk-kms/1.12.261/aws-java-sdk-kms-1.12.261.jar:/home/runner/.m2/repository/com/amazonaws/jmespath-java/1.12.261/jmespath-java-1.12.261.jar:/home/runner/.m2/repository/org/kohsuke/metainf-services/metainf-services/1.8/metainf-services-1.8.jar:/home/runner/.m2/repository/org/apache/ozone/hdds-tools/1.4.0-SNAPSHOT/hdds-tools-1.4.0-SNAPSHOT.jar:/home/runner/.m2/repository/org/apache/ratis/ratis-tools/2.4.2-8b8bdda-SNAPSHOT/ratis-tools-2.4.2-8b8bdda-SNAPSHOT.jar:/home/runner/.m2/repository/org/apache/ratis/ratis-proto/2.4.2-8b8bdda-SNAPSHOT/ratis-proto-2.4.2-8b8bdda-SNAPSHOT.jar:/home/runner/.m2/repository/org/apache/ratis/ratis-common/2.4.2-8b8bdda-SNAPSHOT/ratis-common-2.4.2-8b8bdda-SNAPSHOT.jar:/home/runner/.m2/repository/commons-cli/commons-cli/1.2/commons-cli-1.2.jar:/home/runner/.m2/repository/org/apache/commons/commons-lang3/3.7/commons-lang3-3.7.jar:/home/runner/.m2/repository/org/apache/ozone/ozone-manager/1.4.0-SNAPSHOT/ozone-manager-1.4.0-SNAPSHOT-tests.jar:/home/runner/.m2/repository/org/apache/ozone/hdds-common/1.4.0-SNAPSHOT/hdds-common-1.4.0-SNAPSHOT-tests.jar:/home/runner/.m2/repository/org/apache/ozone/hdds-hadoop-dependency-client/1.4.0-SNAPSHOT/hdds-hadoop-dependency-client-1.4.0-SNAPSHOT.jar:/home/runner/.m2/repository/info/picocli/picocli/4.6.1/picocli-4.6.1.jar:/home/runner/.m2/repository/com/fasterxml/jackson/core/jackson-annotations/2.13.4/jackson-annotations-2.13.4.jar:/home/runner/.m2/repository/com/fasterxml/jackson/datatype/jackson-datatype-jsr310/2.13.4/jackson-datatype-jsr310-2.13.4.jar:/home/runner/.m2/repository/org/apache/ozone/hdds-annotation-processing/1.4.0-SNAPSHOT/hdds-annotation-processing-1.4.0-SNAPSHOT.jar:/home/runner/.m2/repository/javax/annotation/javax.annotation-api/1.2/javax.annotation-api-1.2.jar:/home/runner/.m2/repository/org/apache/ratis/ratis-server/2.4.2-8b8bdda-SNAPSHOT/ratis-server-2.4.2-8b8bdda-SNAPSHOT.jar:/home/runner/.m2/repository/org/apache/ratis/ratis-client/2.4.2-8b8bdda-SNAPSHOT/ratis-client-2.4.2-8b8bdda-SNAPSHOT.jar:/home/runner/.m2/repository/org/apache/ratis/ratis-server-api/2.4.2-8b8bdda-SNAPSHOT/ratis-server-api-2.4.2-8b8bdda-SNAPSHOT.jar:/home/runner/.m2/repository/org/apache/ratis/ratis-metrics/2.4.2-8b8bdda-SNAPSHOT/ratis-metrics-2.4.2-8b8bdda-SNAPSHOT.jar:/home/runner/.m2/repository/org/apache/ratis/ratis-netty/2.4.2-8b8bdda-SNAPSHOT/ratis-netty-2.4.2-8b8bdda-SNAPSHOT.jar:/home/runner/.m2/repository/org/apache/ratis/ratis-grpc/2.4.2-8b8bdda-SNAPSHOT/ratis-grpc-2.4.2-8b8bdda-SNAPSHOT.jar:/home/runner/.m2/repository/org/apache/logging/log4j/log4j-api/2.17.1/log4j-api-2.17.1.jar:/home/runner/.m2/repository/org/apache/commons/commons-pool2/2.6.0/commons-pool2-2.6.0.jar:/home/runner/.m2/repository/org/bouncycastle/bcpkix-jdk15on/1.67/bcpkix-jdk15on-1.67.jar:/home/runner/.m2/repository/commons-validator/commons-validator/1.6/commons-validator-1.6.jar:/home/runner/.m2/repository/commons-beanutils/commons-beanutils/1.9.4/commons-beanutils-1.9.4.jar:/home/runner/.m2/repository/commons-digester/commons-digester/1.8.1/commons-digester-1.8.1.jar:/home/runner/.m2/repository/commons-collections/commons-collections/3.2.2/commons-collections-3.2.2.jar:/home/runner/.m2/repository/io/jaegertracing/jaeger-client/1.6.0/jaeger-client-1.6.0.jar:/home/runner/.m2/repository/io/jaegertracing/jaeger-thrift/1.6.0/jaeger-thrift-1.6.0.jar:/home/runner/.m2/repository/org/apache/thrift/libthrift/0.14.1/libthrift-0.14.1.jar:/home/runner/.m2/repository/io/jaegertracing/jaeger-core/1.6.0/jaeger-core-1.6.0.jar:/home/runner/.m2/repository/io/jaegertracing/jaeger-tracerresolver/1.6.0/jaeger-tracerresolver-1.6.0.jar:/home/runner/.m2/repository/io/opentracing/contrib/opentracing-tracerresolver/0.1.8/opentracing-tracerresolver-0.1.8.jar:/home/runner/.m2/repository/org/jetbrains/kotlin/kotlin-stdlib/1.6.21/kotlin-stdlib-1.6.21.jar:/home/runner/.m2/repository/org/jetbrains/annotations/13.0/annotations-13.0.jar:/home/runner/.m2/repository/io/opentracing/opentracing-util/0.33.0/opentracing-util-0.33.0.jar:/home/runner/.m2/repository/io/opentracing/opentracing-api/0.33.0/opentracing-api-0.33.0.jar:/home/runner/.m2/repository/io/opentracing/opentracing-noop/0.33.0/opentracing-noop-0.33.0.jar:/home/runner/.m2/repository/org/yaml/snakeyaml/1.33/snakeyaml-1.33.jar:/home/runner/.m2/repository/org/apache/ozone/hdds-interface-admin/1.4.0-SNAPSHOT/hdds-interface-admin-1.4.0-SNAPSHOT.jar:/home/runner/.m2/repository/junit/junit/4.13.1/junit-4.13.1.jar:/home/runner/.m2/repository/org/hamcrest/hamcrest-core/1.3/hamcrest-core-1.3.jar:/home/runner/.m2/repository/org/junit/jupiter/junit-jupiter-api/5.8.2/junit-jupiter-api-5.8.2.jar:/home/runner/.m2/repository/org/opentest4j/opentest4j/1.2.0/opentest4j-1.2.0.jar:/home/runner/.m2/repository/org/junit/platform/junit-platform-commons/1.8.2/junit-platform-commons-1.8.2.jar:/home/runner/.m2/repository/org/apiguardian/apiguardian-api/1.1.2/apiguardian-api-1.1.2.jar:/home/runner/.m2/repository/org/junit/jupiter/junit-jupiter-params/5.8.2/junit-jupiter-params-5.8.2.jar:/home/runner/.m2/repository/org/junit/jupiter/junit-jupiter-migrationsupport/5.8.2/junit-jupiter-migrationsupport-5.8.2.jar:/home/runner/.m2/repository/org/junit/jupiter/junit-jupiter-engine/5.8.2/junit-jupiter-engine-5.8.2.jar:/home/runner/.m2/repository/org/junit/platform/junit-platform-engine/1.8.2/junit-platform-engine-1.8.2.jar:/home/runner/.m2/repository/org/junit/vintage/junit-vintage-engine/5.8.2/junit-vintage-engine-5.8.2.jar:/home/runner/.m2/repository/org/junit/platform/junit-platform-launcher/1.8.2/junit-platform-launcher-1.8.2.jar:/home/runner/.m2/repository/org/mockito/mockito-core/2.28.2/mockito-core-2.28.2.jar:/home/runner/.m2/repository/net/bytebuddy/byte-buddy/1.9.10/byte-buddy-1.9.10.jar:/home/runner/.m2/repository/net/bytebuddy/byte-buddy-agent/1.9.10/byte-buddy-agent-1.9.10.jar:/home/runner/.m2/repository/org/objenesis/objenesis/1.0/objenesis-1.0.jar:/home/runner/.m2/repository/org/apache/hadoop/hadoop-kms/3.3.4/hadoop-kms-3.3.4.jar:/home/runner/.m2/repository/org/apache/hadoop/hadoop-auth/3.3.4/hadoop-auth-3.3.4.jar:/home/runner/.m2/repository/com/nimbusds/nimbus-jose-jwt/9.8.1/nimbus-jose-jwt-9.8.1.jar:/home/runner/.m2/repository/com/github/stephenc/jcip/jcip-annotations/1.0-1/jcip-annotations-1.0-1.jar:/home/runner/.m2/repository/net/minidev/json-smart/2.4.7/json-smart-2.4.7.jar:/home/runner/.m2/repository/net/minidev/accessors-smart/2.4.7/accessors-smart-2.4.7.jar:/home/runner/.m2/repository/org/ow2/asm/asm/5.0.4/asm-5.0.4.jar:/home/runner/.m2/repository/org/apache/zookeeper/zookeeper/3.5.6/zookeeper-3.5.6.jar:/home/runner/.m2/repository/org/apache/zookeeper/zookeeper-jute/3.5.6/zookeeper-jute-3.5.6.jar:/home/runner/.m2/repository/org/apache/yetus/audience-annotations/0.5.0/audience-annotations-0.5.0.jar:/home/runner/.m2/repository/org/apache/curator/curator-framework/4.2.0/curator-framework-4.2.0.jar:/home/runner/.m2/repository/org/apache/hadoop/thirdparty/hadoop-shaded-guava/1.1.1/hadoop-shaded-guava-1.1.1.jar:/home/runner/.m2/repository/com/sun/jersey/jersey-core/1.19/jersey-core-1.19.jar:/home/runner/.m2/repository/javax/ws/rs/jsr311-api/1.1.1/jsr311-api-1.1.1.jar:/home/runner/.m2/repository/com/sun/jersey/jersey-server/1.19/jersey-server-1.19.jar:/home/runner/.m2/repository/javax/servlet/javax.servlet-api/3.1.0/javax.servlet-api-3.1.0.jar:/home/runner/.m2/repository/org/eclipse/jetty/jetty-server/9.4.49.v20220914/jetty-server-9.4.49.v20220914.jar:/home/runner/.m2/repository/org/eclipse/jetty/jetty-http/9.4.49.v20220914/jetty-http-9.4.49.v20220914.jar:/home/runner/.m2/repository/org/eclipse/jetty/jetty-io/9.4.49.v20220914/jetty-io-9.4.49.v20220914.jar:/home/runner/.m2/repository/org/eclipse/jetty/jetty-webapp/9.4.49.v20220914/jetty-webapp-9.4.49.v20220914.jar:/home/runner/.m2/repository/org/eclipse/jetty/jetty-xml/9.4.49.v20220914/jetty-xml-9.4.49.v20220914.jar:/home/runner/.m2/repository/org/apache/hadoop/hadoop-common/3.3.4/hadoop-common-3.3.4.jar:/home/runner/.m2/repository/org/apache/commons/commons-math3/3.1.1/commons-math3-3.1.1.jar:/home/runner/.m2/repository/commons-net/commons-net/3.9.0/commons-net-3.9.0.jar:/home/runner/.m2/repository/com/sun/jersey/jersey-servlet/1.19/jersey-servlet-1.19.jar:/home/runner/.m2/repository/com/sun/jersey/jersey-json/1.19/jersey-json-1.19.jar:/home/runner/.m2/repository/org/codehaus/jettison/jettison/1.1/jettison-1.1.jar:/home/runner/.m2/repository/com/sun/xml/bind/jaxb-impl/2.2.3-1/jaxb-impl-2.2.3-1.jar:/home/runner/.m2/repository/org/codehaus/jackson/jackson-xc/1.9.2/jackson-xc-1.9.2.jar:/home/runner/.m2/repository/com/google/re2j/re2j/1.1/re2j-1.1.jar:/home/runner/.m2/repository/com/jcraft/jsch/0.1.54/jsch-0.1.54.jar:/home/runner/.m2/repository/org/apache/curator/curator-client/4.2.0/curator-client-4.2.0.jar:/home/runner/.m2/repository/org/apache/curator/curator-recipes/4.2.0/curator-recipes-4.2.0.jar:/home/runner/.m2/repository/org/apache/kerby/kerb-core/1.0.1/kerb-core-1.0.1.jar:/home/runner/.m2/repository/org/apache/kerby/kerby-pkix/1.0.1/kerby-pkix-1.0.1.jar:/home/runner/.m2/repository/org/apache/kerby/kerby-asn1/1.0.1/kerby-asn1-1.0.1.jar:/home/runner/.m2/repository/org/apache/kerby/kerby-util/1.0.1/kerby-util-1.0.1.jar:/home/runner/.m2/repository/dnsjava/dnsjava/2.1.7/dnsjava-2.1.7.jar:/home/runner/.m2/repository/org/xerial/snappy/snappy-java/1.1.8.2/snappy-java-1.1.8.2.jar:/home/runner/.m2/repository/org/eclipse/jetty/jetty-util/9.4.49.v20220914/jetty-util-9.4.49.v20220914.jar:/home/runner/.m2/repository/com/fasterxml/jackson/core/jackson-databind/2.13.4.2/jackson-databind-2.13.4.2.jar:/home/runner/.m2/repository/org/apache/hadoop/hadoop-kms/3.3.4/hadoop-kms-3.3.4-tests.jar:/home/runner/.m2/repository/org/apache/ozone/hdds-server-scm/1.4.0-SNAPSHOT/hdds-server-scm-1.4.0-SNAPSHOT-tests.jar:/home/runner/.m2/repository/org/apache/ozone/hdds-container-service/1.4.0-SNAPSHOT/hdds-container-service-1.4.0-SNAPSHOT-tests.jar:/home/runner/.m2/repository/com/github/luben/zstd-jni/1.5.2-5/zstd-jni-1.5.2-5.jar:/home/runner/.m2/repository/commons-codec/commons-codec/1.15/commons-codec-1.15.jar:/home/runner/.m2/repository/io/netty/netty-codec/4.1.86.Final/netty-codec-4.1.86.Final.jar:/home/runner/.m2/repository/io/netty/netty-handler/4.1.86.Final/netty-handler-4.1.86.Final.jar:/home/runner/.m2/repository/org/apache/ozone/hdds-hadoop-dependency-test/1.4.0-SNAPSHOT/hdds-hadoop-dependency-test-1.4.0-SNAPSHOT.jar:/home/runner/.m2/repository/org/apache/hadoop/hadoop-common/3.3.4/hadoop-common-3.3.4-tests.jar:/home/runner/.m2/repository/org/apache/hadoop/hadoop-hdfs/3.3.4/hadoop-hdfs-3.3.4-tests.jar:/home/runner/.m2/repository/org/assertj/assertj-core/3.12.2/assertj-core-3.12.2.jar:/home/runner/.m2/repository/org/apache/hadoop/hadoop-distcp/3.3.4/hadoop-distcp-3.3.4.jar:/home/runner/.m2/repository/org/apache/hadoop/hadoop-mapreduce-client-jobclient/3.3.4/hadoop-mapreduce-client-jobclient-3.3.4.jar:/home/runner/.m2/repository/org/apache/hadoop/hadoop-mapreduce-client-common/3.3.4/hadoop-mapreduce-client-common-3.3.4.jar:/home/runner/.m2/repository/org/apache/hadoop/hadoop-yarn-common/3.3.4/hadoop-yarn-common-3.3.4.jar:/home/runner/.m2/repository/org/apache/hadoop/hadoop-yarn-api/3.3.4/hadoop-yarn-api-3.3.4.jar:/home/runner/.m2/repository/com/sun/jersey/contribs/jersey-guice/1.19/jersey-guice-1.19.jar:/home/runner/.m2/repository/com/fasterxml/jackson/jaxrs/jackson-jaxrs-json-provider/2.13.4/jackson-jaxrs-json-provider-2.13.4.jar:/home/runner/.m2/repository/com/fasterxml/jackson/jaxrs/jackson-jaxrs-base/2.13.4/jackson-jaxrs-base-2.13.4.jar:/home/runner/.m2/repository/org/apache/hadoop/hadoop-yarn-client/3.3.4/hadoop-yarn-client-3.3.4.jar:/home/runner/.m2/repository/org/eclipse/jetty/websocket/websocket-client/9.4.43.v20210629/websocket-client-9.4.43.v20210629.jar:/home/runner/.m2/repository/org/eclipse/jetty/websocket/websocket-common/9.4.43.v20210629/websocket-common-9.4.43.v20210629.jar:/home/runner/.m2/repository/org/eclipse/jetty/websocket/websocket-api/9.4.43.v20210629/websocket-api-9.4.43.v20210629.jar:/home/runner/.m2/repository/org/jline/jline/3.9.0/jline-3.9.0.jar:/home/runner/.m2/repository/org/apache/hadoop/hadoop-mapreduce-client-core/3.3.4/hadoop-mapreduce-client-core-3.3.4.jar:/home/runner/.m2/repository/org/apache/avro/avro/1.7.7/avro-1.7.7.jar:/home/runner/.m2/repository/org/codehaus/jackson/jackson-core-asl/1.9.13/jackson-core-asl-1.9.13.jar:/home/runner/.m2/repository/org/codehaus/jackson/jackson-mapper-asl/1.9.13/jackson-mapper-asl-1.9.13.jar:/home/runner/.m2/repository/com/thoughtworks/paranamer/paranamer/2.3/paranamer-2.3.jar:/home/runner/.m2/repository/org/apache/hadoop/hadoop-annotations/3.3.4/hadoop-annotations-3.3.4.jar:/usr/lib/jvm/temurin-8-jdk-amd64/jre/../lib/tools.jar:/home/runner/.m2/repository/io/netty/netty/3.10.6.Final/netty-3.10.6.Final.jar:/home/runner/.m2/repository/org/apache/hadoop/hadoop-distcp/3.3.4/hadoop-distcp-3.3.4-tests.jar:/home/runner/.m2/repository/org/slf4j/jul-to-slf4j/1.7.36/jul-to-slf4j-1.7.36.jar:"/>
    <property name="java.vm.vendor" value="Temurin"/>
    <property name="sun.arch.data.model" value="64"/>
    <property name="test.build.dir" value="/home/runner/work/ozone/ozone/hadoop-ozone/integration-test/target/test-dir"/>
    <property name="test.cache.data" value=""/>
    <property name="java.vendor.url" value="https://adoptium.net/"/>
    <property name="user.timezone" value="Etc/UTC"/>
    <property name="java.vm.specification.version" value="1.8"/>
    <property name="os.name" value="Linux"/>
    <property name="test.build.data" value="/home/runner/work/ozone/ozone/hadoop-ozone/integration-test/target/test-dir"/>
    <property name="sun.java.launcher" value="SUN_STANDARD"/>
    <property name="sun.boot.library.path" value="/usr/lib/jvm/temurin-8-jdk-amd64/jre/lib/amd64"/>
    <property name="sun.java.command" value="/home/runner/work/ozone/ozone/hadoop-ozone/integration-test/target/surefire/surefirebooter2978229237505274811.jar /home/runner/work/ozone/ozone/hadoop-ozone/integration-test/target/surefire 2023-01-26T20-23-53_549-jvmRun1 surefire5279541870548942444tmp surefire_54992076649181753571tmp"/>
    <property name="surefire.test.class.path" value="/home/runner/work/ozone/ozone/hadoop-ozone/integration-test/target/test-classes:/home/runner/work/ozone/ozone/hadoop-ozone/integration-test/target/classes:/home/runner/.m2/repository/org/apache/ozone/ozone-common/1.4.0-SNAPSHOT/ozone-common-1.4.0-SNAPSHOT.jar:/home/runner/.m2/repository/io/grpc/grpc-netty/1.51.1/grpc-netty-1.51.1.jar:/home/runner/.m2/repository/io/grpc/grpc-core/1.51.1/grpc-core-1.51.1.jar:/home/runner/.m2/repository/com/google/android/annotations/4.1.1.4/annotations-4.1.1.4.jar:/home/runner/.m2/repository/org/codehaus/mojo/animal-sniffer-annotations/1.21/animal-sniffer-annotations-1.21.jar:/home/runner/.m2/repository/com/google/errorprone/error_prone_annotations/2.2.0/error_prone_annotations-2.2.0.jar:/home/runner/.m2/repository/io/perfmark/perfmark-api/0.25.0/perfmark-api-0.25.0.jar:/home/runner/.m2/repository/io/netty/netty-codec-http2/4.1.86.Final/netty-codec-http2-4.1.86.Final.jar:/home/runner/.m2/repository/io/netty/netty-common/4.1.86.Final/netty-common-4.1.86.Final.jar:/home/runner/.m2/repository/io/netty/netty-buffer/4.1.86.Final/netty-buffer-4.1.86.Final.jar:/home/runner/.m2/repository/io/netty/netty-codec-http/4.1.86.Final/netty-codec-http-4.1.86.Final.jar:/home/runner/.m2/repository/io/netty/netty-handler-proxy/4.1.86.Final/netty-handler-proxy-4.1.86.Final.jar:/home/runner/.m2/repository/io/netty/netty-codec-socks/4.1.86.Final/netty-codec-socks-4.1.86.Final.jar:/home/runner/.m2/repository/io/netty/netty-tcnative-boringssl-static/2.0.54.Final/netty-tcnative-boringssl-static-2.0.54.Final.jar:/home/runner/.m2/repository/io/netty/netty-tcnative-classes/2.0.54.Final/netty-tcnative-classes-2.0.54.Final.jar:/home/runner/.m2/repository/io/netty/netty-tcnative-boringssl-static/2.0.54.Final/netty-tcnative-boringssl-static-2.0.54.Final-linux-x86_64.jar:/home/runner/.m2/repository/io/netty/netty-tcnative-boringssl-static/2.0.54.Final/netty-tcnative-boringssl-static-2.0.54.Final-linux-aarch_64.jar:/home/runner/.m2/repository/io/netty/netty-tcnative-boringssl-static/2.0.54.Final/netty-tcnative-boringssl-static-2.0.54.Final-osx-x86_64.jar:/home/runner/.m2/repository/io/netty/netty-tcnative-boringssl-static/2.0.54.Final/netty-tcnative-boringssl-static-2.0.54.Final-osx-aarch_64.jar:/home/runner/.m2/repository/io/netty/netty-tcnative-boringssl-static/2.0.54.Final/netty-tcnative-boringssl-static-2.0.54.Final-windows-x86_64.jar:/home/runner/.m2/repository/org/apache/commons/commons-compress/1.21/commons-compress-1.21.jar:/home/runner/.m2/repository/org/apache/ozone/hdds-common/1.4.0-SNAPSHOT/hdds-common-1.4.0-SNAPSHOT.jar:/home/runner/.m2/repository/org/apache/ozone/hdds-client/1.4.0-SNAPSHOT/hdds-client-1.4.0-SNAPSHOT.jar:/home/runner/.m2/repository/org/apache/ozone/ozone-interface-client/1.4.0-SNAPSHOT/ozone-interface-client-1.4.0-SNAPSHOT.jar:/home/runner/.m2/repository/org/apache/ozone/hdds-test-utils/1.4.0-SNAPSHOT/hdds-test-utils-1.4.0-SNAPSHOT.jar:/home/runner/.m2/repository/com/google/guava/guava/31.1-jre/guava-31.1-jre.jar:/home/runner/.m2/repository/com/google/guava/failureaccess/1.0.1/failureaccess-1.0.1.jar:/home/runner/.m2/repository/com/google/guava/listenablefuture/9999.0-empty-to-avoid-conflict-with-guava/listenablefuture-9999.0-empty-to-avoid-conflict-with-guava.jar:/home/runner/.m2/repository/com/google/code/findbugs/jsr305/3.0.0/jsr305-3.0.0.jar:/home/runner/.m2/repository/org/checkerframework/checker-qual/3.12.0/checker-qual-3.12.0.jar:/home/runner/.m2/repository/com/google/j2objc/j2objc-annotations/1.3/j2objc-annotations-1.3.jar:/home/runner/.m2/repository/commons-io/commons-io/2.11.0/commons-io-2.11.0.jar:/home/runner/.m2/repository/commons-logging/commons-logging/1.2/commons-logging-1.2.jar:/home/runner/.m2/repository/ch/qos/reload4j/reload4j/1.2.22/reload4j-1.2.22.jar:/home/runner/.m2/repository/org/slf4j/slf4j-api/1.7.36/slf4j-api-1.7.36.jar:/home/runner/.m2/repository/org/apache/ozone/hdds-server-scm/1.4.0-SNAPSHOT/hdds-server-scm-1.4.0-SNAPSHOT.jar:/home/runner/.m2/repository/org/apache/ozone/hdds-container-service/1.4.0-SNAPSHOT/hdds-container-service-1.4.0-SNAPSHOT.jar:/home/runner/.m2/repository/org/apache/ozone/hdds-hadoop-dependency-server/1.4.0-SNAPSHOT/hdds-hadoop-dependency-server-1.4.0-SNAPSHOT.jar:/home/runner/.m2/repository/org/apache/hadoop/hadoop-hdfs/3.3.4/hadoop-hdfs-3.3.4.jar:/home/runner/.m2/repository/org/eclipse/jetty/jetty-util-ajax/9.4.49.v20220914/jetty-util-ajax-9.4.49.v20220914.jar:/home/runner/.m2/repository/commons-daemon/commons-daemon/1.0.13/commons-daemon-1.0.13.jar:/home/runner/.m2/repository/org/apache/ozone/hdds-server-framework/1.4.0-SNAPSHOT/hdds-server-framework-1.4.0-SNAPSHOT.jar:/home/runner/.m2/repository/org/apache/ozone/hdds-interface-server/1.4.0-SNAPSHOT/hdds-interface-server-1.4.0-SNAPSHOT.jar:/home/runner/.m2/repository/org/apache/commons/commons-configuration2/2.1.1/commons-configuration2-2.1.1.jar:/home/runner/.m2/repository/org/apache/logging/log4j/log4j-core/2.17.1/log4j-core-2.17.1.jar:/home/runner/.m2/repository/com/lmax/disruptor/3.4.2/disruptor-3.4.2.jar:/home/runner/.m2/repository/org/eclipse/jetty/jetty-servlet/9.4.49.v20220914/jetty-servlet-9.4.49.v20220914.jar:/home/runner/.m2/repository/org/eclipse/jetty/jetty-security/9.4.49.v20220914/jetty-security-9.4.49.v20220914.jar:/home/runner/.m2/repository/org/rocksdb/rocksdbjni/7.7.3/rocksdbjni-7.7.3.jar:/home/runner/.m2/repository/io/prometheus/simpleclient_dropwizard/0.7.0/simpleclient_dropwizard-0.7.0.jar:/home/runner/.m2/repository/io/prometheus/simpleclient/0.7.0/simpleclient-0.7.0.jar:/home/runner/.m2/repository/io/prometheus/simpleclient_common/0.7.0/simpleclient_common-0.7.0.jar:/home/runner/.m2/repository/com/github/spotbugs/spotbugs-annotations/3.1.12/spotbugs-annotations-3.1.12.jar:/home/runner/.m2/repository/io/dropwizard/metrics/metrics-core/3.2.4/metrics-core-3.2.4.jar:/home/runner/.m2/repository/org/apache/commons/commons-text/1.4/commons-text-1.4.jar:/home/runner/.m2/repository/org/apache/hadoop/hadoop-hdfs-client/3.3.4/hadoop-hdfs-client-3.3.4.jar:/home/runner/.m2/repository/com/squareup/okhttp3/okhttp/4.9.3/okhttp-4.9.3.jar:/home/runner/.m2/repository/com/squareup/okio/okio/2.8.0/okio-2.8.0.jar:/home/runner/.m2/repository/org/jetbrains/kotlin/kotlin-stdlib-common/1.6.21/kotlin-stdlib-common-1.6.21.jar:/home/runner/.m2/repository/org/bouncycastle/bcprov-jdk15on/1.67/bcprov-jdk15on-1.67.jar:/home/runner/.m2/repository/com/google/protobuf/protobuf-java/2.5.0/protobuf-java-2.5.0.jar:/home/runner/.m2/repository/org/apache/ozone/ozone-manager/1.4.0-SNAPSHOT/ozone-manager-1.4.0-SNAPSHOT.jar:/home/runner/.m2/repository/org/aspectj/aspectjrt/1.9.7/aspectjrt-1.9.7.jar:/home/runner/.m2/repository/org/aspectj/aspectjweaver/1.9.7/aspectjweaver-1.9.7.jar:/home/runner/.m2/repository/org/apache/ozone/hdds-interface-client/1.4.0-SNAPSHOT/hdds-interface-client-1.4.0-SNAPSHOT.jar:/home/runner/.m2/repository/org/apache/hadoop/thirdparty/hadoop-shaded-protobuf_3_7/1.1.1/hadoop-shaded-protobuf_3_7-1.1.1.jar:/home/runner/.m2/repository/org/apache/ratis/ratis-thirdparty-misc/1.0.3/ratis-thirdparty-misc-1.0.3.jar:/home/runner/.m2/repository/org/apache/ozone/ozone-interface-storage/1.4.0-SNAPSHOT/ozone-interface-storage-1.4.0-SNAPSHOT.jar:/home/runner/.m2/repository/org/reflections/reflections/0.9.11/reflections-0.9.11.jar:/home/runner/.m2/repository/com/sun/jersey/jersey-client/1.19/jersey-client-1.19.jar:/home/runner/.m2/repository/org/apache/ranger/ranger-intg/2.3.0/ranger-intg-2.3.0.jar:/home/runner/.m2/repository/org/apache/ranger/ranger-plugins-common/2.3.0/ranger-plugins-common-2.3.0.jar:/home/runner/.m2/repository/commons-lang/commons-lang/2.6/commons-lang-2.6.jar:/home/runner/.m2/repository/org/codehaus/jackson/jackson-jaxrs/1.9.13/jackson-jaxrs-1.9.13.jar:/home/runner/.m2/repository/org/apache/ranger/ranger-plugins-cred/2.3.0/ranger-plugins-cred-2.3.0.jar:/home/runner/.m2/repository/org/apache/ranger/ranger-plugins-audit/2.3.0/ranger-plugins-audit-2.3.0.jar:/home/runner/.m2/repository/org/eclipse/jetty/jetty-client/9.4.49.v20220914/jetty-client-9.4.49.v20220914.jar:/home/runner/.m2/repository/org/apache/httpcomponents/httpmime/4.5.6/httpmime-4.5.6.jar:/home/runner/.m2/repository/org/apache/httpcomponents/httpcore-nio/4.4.6/httpcore-nio-4.4.6.jar:/home/runner/.m2/repository/org/apache/httpcomponents/httpasyncclient/4.1.3/httpasyncclient-4.1.3.jar:/home/runner/.m2/repository/com/carrotsearch/hppc/0.8.0/hppc-0.8.0.jar:/home/runner/.m2/repository/org/apache/orc/orc-core/1.5.8/orc-core-1.5.8.jar:/home/runner/.m2/repository/net/java/dev/jna/jna/5.2.0/jna-5.2.0.jar:/home/runner/.m2/repository/net/java/dev/jna/jna-platform/5.2.0/jna-platform-5.2.0.jar:/home/runner/.m2/repository/com/kstruct/gethostname4j/0.0.2/gethostname4j-0.0.2.jar:/home/runner/.m2/repository/org/apache/ranger/ranger-plugin-classloader/2.3.0/ranger-plugin-classloader-2.3.0.jar:/home/runner/.m2/repository/org/apache/hadoop/hadoop-minikdc/3.3.4/hadoop-minikdc-3.3.4.jar:/home/runner/.m2/repository/org/apache/kerby/kerb-simplekdc/1.0.1/kerb-simplekdc-1.0.1.jar:/home/runner/.m2/repository/org/apache/kerby/kerb-client/1.0.1/kerb-client-1.0.1.jar:/home/runner/.m2/repository/org/apache/kerby/kerby-config/1.0.1/kerby-config-1.0.1.jar:/home/runner/.m2/repository/org/apache/kerby/kerb-common/1.0.1/kerb-common-1.0.1.jar:/home/runner/.m2/repository/org/apache/kerby/kerb-crypto/1.0.1/kerb-crypto-1.0.1.jar:/home/runner/.m2/repository/org/apache/kerby/kerb-util/1.0.1/kerb-util-1.0.1.jar:/home/runner/.m2/repository/org/apache/kerby/token-provider/1.0.1/token-provider-1.0.1.jar:/home/runner/.m2/repository/org/apache/kerby/kerb-admin/1.0.1/kerb-admin-1.0.1.jar:/home/runner/.m2/repository/org/apache/kerby/kerb-server/1.0.1/kerb-server-1.0.1.jar:/home/runner/.m2/repository/org/apache/kerby/kerb-identity/1.0.1/kerb-identity-1.0.1.jar:/home/runner/.m2/repository/org/apache/kerby/kerby-xdr/1.0.1/kerby-xdr-1.0.1.jar:/home/runner/.m2/repository/org/apache/ozone/ozone-s3gateway/1.4.0-SNAPSHOT/ozone-s3gateway-1.4.0-SNAPSHOT.jar:/home/runner/.m2/repository/org/javassist/javassist/3.21.0-GA/javassist-3.21.0-GA.jar:/home/runner/.m2/repository/org/jboss/weld/servlet/weld-servlet/2.4.7.Final/weld-servlet-2.4.7.Final.jar:/home/runner/.m2/repository/org/glassfish/jersey/containers/jersey-container-servlet-core/2.34/jersey-container-servlet-core-2.34.jar:/home/runner/.m2/repository/org/glassfish/hk2/external/jakarta.inject/2.6.1/jakarta.inject-2.6.1.jar:/home/runner/.m2/repository/org/glassfish/jersey/core/jersey-common/2.34/jersey-common-2.34.jar:/home/runner/.m2/repository/jakarta/ws/rs/jakarta.ws.rs-api/2.1.6/jakarta.ws.rs-api-2.1.6.jar:/home/runner/.m2/repository/org/glassfish/jersey/ext/cdi/jersey-cdi1x/2.34/jersey-cdi1x-2.34.jar:/home/runner/.m2/repository/org/glassfish/jersey/inject/jersey-hk2/2.34/jersey-hk2-2.34.jar:/home/runner/.m2/repository/org/glassfish/hk2/hk2-locator/2.6.1/hk2-locator-2.6.1.jar:/home/runner/.m2/repository/org/glassfish/jersey/media/jersey-media-jaxb/2.34/jersey-media-jaxb-2.34.jar:/home/runner/.m2/repository/org/glassfish/hk2/osgi-resource-locator/1.0.3/osgi-resource-locator-1.0.3.jar:/home/runner/.m2/repository/org/glassfish/hk2/hk2-api/2.5.0/hk2-api-2.5.0.jar:/home/runner/.m2/repository/org/glassfish/hk2/hk2-utils/2.5.0/hk2-utils-2.5.0.jar:/home/runner/.m2/repository/org/glassfish/hk2/external/aopalliance-repackaged/2.5.0/aopalliance-repackaged-2.5.0.jar:/home/runner/.m2/repository/com/fasterxml/jackson/dataformat/jackson-dataformat-xml/2.13.4/jackson-dataformat-xml-2.13.4.jar:/home/runner/.m2/repository/com/fasterxml/jackson/core/jackson-core/2.13.4/jackson-core-2.13.4.jar:/home/runner/.m2/repository/org/codehaus/woodstox/stax2-api/4.2.1/stax2-api-4.2.1.jar:/home/runner/.m2/repository/com/fasterxml/woodstox/woodstox-core/5.4.0/woodstox-core-5.4.0.jar:/home/runner/.m2/repository/com/fasterxml/jackson/module/jackson-module-jaxb-annotations/2.13.4/jackson-module-jaxb-annotations-2.13.4.jar:/home/runner/.m2/repository/jakarta/xml/bind/jakarta.xml.bind-api/2.3.3/jakarta.xml.bind-api-2.3.3.jar:/home/runner/.m2/repository/jakarta/activation/jakarta.activation-api/1.2.2/jakarta.activation-api-1.2.2.jar:/home/runner/.m2/repository/javax/enterprise/cdi-api/1.2/cdi-api-1.2.jar:/home/runner/.m2/repository/javax/el/javax.el-api/3.0.0/javax.el-api-3.0.0.jar:/home/runner/.m2/repository/javax/interceptor/javax.interceptor-api/1.2/javax.interceptor-api-1.2.jar:/home/runner/.m2/repository/javax/inject/javax.inject/1/javax.inject-1.jar:/home/runner/.m2/repository/javax/xml/bind/jaxb-api/2.3.0/jaxb-api-2.3.0.jar:/home/runner/.m2/repository/org/glassfish/jaxb/jaxb-runtime/2.3.0.1/jaxb-runtime-2.3.0.1.jar:/home/runner/.m2/repository/org/glassfish/jaxb/jaxb-core/2.3.0.1/jaxb-core-2.3.0.1.jar:/home/runner/.m2/repository/org/glassfish/jaxb/txw2/2.3.0.1/txw2-2.3.0.1.jar:/home/runner/.m2/repository/com/sun/istack/istack-commons-runtime/3.0.5/istack-commons-runtime-3.0.5.jar:/home/runner/.m2/repository/org/jvnet/staxex/stax-ex/1.7.8/stax-ex-1.7.8.jar:/home/runner/.m2/repository/com/sun/xml/fastinfoset/FastInfoset/1.2.13/FastInfoset-1.2.13.jar:/home/runner/.m2/repository/javax/activation/activation/1.1.1/activation-1.1.1.jar:/home/runner/.m2/repository/io/grpc/grpc-protobuf/1.51.1/grpc-protobuf-1.51.1.jar:/home/runner/.m2/repository/io/grpc/grpc-api/1.51.1/grpc-api-1.51.1.jar:/home/runner/.m2/repository/io/grpc/grpc-context/1.51.1/grpc-context-1.51.1.jar:/home/runner/.m2/repository/com/google/api/grpc/proto-google-common-protos/2.9.0/proto-google-common-protos-2.9.0.jar:/home/runner/.m2/repository/io/grpc/grpc-protobuf-lite/1.51.1/grpc-protobuf-lite-1.51.1.jar:/home/runner/.m2/repository/io/grpc/grpc-stub/1.51.1/grpc-stub-1.51.1.jar:/home/runner/.m2/repository/io/netty/netty-transport/4.1.86.Final/netty-transport-4.1.86.Final.jar:/home/runner/.m2/repository/io/netty/netty-resolver/4.1.86.Final/netty-resolver-4.1.86.Final.jar:/home/runner/.m2/repository/org/apache/ozone/ozone-csi/1.4.0-SNAPSHOT/ozone-csi-1.4.0-SNAPSHOT.jar:/home/runner/.m2/repository/com/google/protobuf/protobuf-java-util/3.19.6/protobuf-java-util-3.19.6.jar:/home/runner/.m2/repository/com/google/code/gson/gson/2.9.0/gson-2.9.0.jar:/home/runner/.m2/repository/org/apache/ozone/hdds-config/1.4.0-SNAPSHOT/hdds-config-1.4.0-SNAPSHOT.jar:/home/runner/.m2/repository/io/netty/netty-transport-native-epoll/4.1.86.Final/netty-transport-native-epoll-4.1.86.Final-linux-x86_64.jar:/home/runner/.m2/repository/io/netty/netty-transport-classes-epoll/4.1.86.Final/netty-transport-classes-epoll-4.1.86.Final.jar:/home/runner/.m2/repository/io/netty/netty-transport-native-unix-common/4.1.86.Final/netty-transport-native-unix-common-4.1.86.Final.jar:/home/runner/.m2/repository/org/slf4j/slf4j-reload4j/1.7.36/slf4j-reload4j-1.7.36.jar:/home/runner/.m2/repository/org/apache/ozone/ozone-recon/1.4.0-SNAPSHOT/ozone-recon-1.4.0-SNAPSHOT.jar:/home/runner/.m2/repository/org/apache/ozone/ozone-reconcodegen/1.4.0-SNAPSHOT/ozone-reconcodegen-1.4.0-SNAPSHOT.jar:/home/runner/.m2/repository/com/google/inject/extensions/guice-multibindings/4.0/guice-multibindings-4.0.jar:/home/runner/.m2/repository/com/google/inject/guice/4.0/guice-4.0.jar:/home/runner/.m2/repository/aopalliance/aopalliance/1.0/aopalliance-1.0.jar:/home/runner/.m2/repository/com/google/inject/extensions/guice-assistedinject/4.0/guice-assistedinject-4.0.jar:/home/runner/.m2/repository/com/google/inject/extensions/guice-servlet/4.0/guice-servlet-4.0.jar:/home/runner/.m2/repository/org/glassfish/jersey/containers/jersey-container-servlet/2.34/jersey-container-servlet-2.34.jar:/home/runner/.m2/repository/org/glassfish/hk2/guice-bridge/2.5.0/guice-bridge-2.5.0.jar:/home/runner/.m2/repository/org/glassfish/jersey/core/jersey-server/2.34/jersey-server-2.34.jar:/home/runner/.m2/repository/org/glassfish/jersey/core/jersey-client/2.34/jersey-client-2.34.jar:/home/runner/.m2/repository/jakarta/annotation/jakarta.annotation-api/1.3.5/jakarta.annotation-api-1.3.5.jar:/home/runner/.m2/repository/jakarta/validation/jakarta.validation-api/2.0.2/jakarta.validation-api-2.0.2.jar:/home/runner/.m2/repository/org/glassfish/jersey/media/jersey-media-json-jackson/2.34/jersey-media-json-jackson-2.34.jar:/home/runner/.m2/repository/org/glassfish/jersey/ext/jersey-entity-filtering/2.34/jersey-entity-filtering-2.34.jar:/home/runner/.m2/repository/org/jooq/jooq/3.11.10/jooq-3.11.10.jar:/home/runner/.m2/repository/org/jooq/jooq-meta/3.11.10/jooq-meta-3.11.10.jar:/home/runner/.m2/repository/org/jooq/jooq-codegen/3.11.10/jooq-codegen-3.11.10.jar:/home/runner/.m2/repository/com/jolbox/bonecp/0.8.0.RELEASE/bonecp-0.8.0.RELEASE.jar:/home/runner/.m2/repository/org/apache/derby/derby/10.14.2.0/derby-10.14.2.0.jar:/home/runner/.m2/repository/org/xerial/sqlite-jdbc/3.25.2/sqlite-jdbc-3.25.2.jar:/home/runner/.m2/repository/org/springframework/spring-jdbc/5.3.23/spring-jdbc-5.3.23.jar:/home/runner/.m2/repository/org/springframework/spring-beans/5.3.23/spring-beans-5.3.23.jar:/home/runner/.m2/repository/org/springframework/spring-core/5.3.23/spring-core-5.3.23.jar:/home/runner/.m2/repository/org/springframework/spring-jcl/5.3.23/spring-jcl-5.3.23.jar:/home/runner/.m2/repository/org/springframework/spring-tx/5.3.23/spring-tx-5.3.23.jar:/home/runner/.m2/repository/org/apache/ozone/ozone-client/1.4.0-SNAPSHOT/ozone-client-1.4.0-SNAPSHOT.jar:/home/runner/.m2/repository/org/apache/ozone/hdds-erasurecode/1.4.0-SNAPSHOT/hdds-erasurecode-1.4.0-SNAPSHOT.jar:/home/runner/.m2/repository/org/apache/ozone/ozone-filesystem/1.4.0-SNAPSHOT/ozone-filesystem-1.4.0-SNAPSHOT.jar:/home/runner/.m2/repository/org/apache/ozone/ozone-filesystem-common/1.4.0-SNAPSHOT/ozone-filesystem-common-1.4.0-SNAPSHOT.jar:/home/runner/.m2/repository/org/apache/ozone/ozone-tools/1.4.0-SNAPSHOT/ozone-tools-1.4.0-SNAPSHOT.jar:/home/runner/.m2/repository/com/amazonaws/aws-java-sdk-core/1.12.261/aws-java-sdk-core-1.12.261.jar:/home/runner/.m2/repository/org/apache/httpcomponents/httpclient/4.5.13/httpclient-4.5.13.jar:/home/runner/.m2/repository/org/apache/httpcomponents/httpcore/4.4.13/httpcore-4.4.13.jar:/home/runner/.m2/repository/software/amazon/ion/ion-java/1.0.2/ion-java-1.0.2.jar:/home/runner/.m2/repository/com/fasterxml/jackson/dataformat/jackson-dataformat-cbor/2.13.4/jackson-dataformat-cbor-2.13.4.jar:/home/runner/.m2/repository/joda-time/joda-time/2.10.6/joda-time-2.10.6.jar:/home/runner/.m2/repository/com/amazonaws/aws-java-sdk-s3/1.12.261/aws-java-sdk-s3-1.12.261.jar:/home/runner/.m2/repository/com/amazonaws/aws-java-sdk-kms/1.12.261/aws-java-sdk-kms-1.12.261.jar:/home/runner/.m2/repository/com/amazonaws/jmespath-java/1.12.261/jmespath-java-1.12.261.jar:/home/runner/.m2/repository/org/kohsuke/metainf-services/metainf-services/1.8/metainf-services-1.8.jar:/home/runner/.m2/repository/org/apache/ozone/hdds-tools/1.4.0-SNAPSHOT/hdds-tools-1.4.0-SNAPSHOT.jar:/home/runner/.m2/repository/org/apache/ratis/ratis-tools/2.4.2-8b8bdda-SNAPSHOT/ratis-tools-2.4.2-8b8bdda-SNAPSHOT.jar:/home/runner/.m2/repository/org/apache/ratis/ratis-proto/2.4.2-8b8bdda-SNAPSHOT/ratis-proto-2.4.2-8b8bdda-SNAPSHOT.jar:/home/runner/.m2/repository/org/apache/ratis/ratis-common/2.4.2-8b8bdda-SNAPSHOT/ratis-common-2.4.2-8b8bdda-SNAPSHOT.jar:/home/runner/.m2/repository/commons-cli/commons-cli/1.2/commons-cli-1.2.jar:/home/runner/.m2/repository/org/apache/commons/commons-lang3/3.7/commons-lang3-3.7.jar:/home/runner/.m2/repository/org/apache/ozone/ozone-manager/1.4.0-SNAPSHOT/ozone-manager-1.4.0-SNAPSHOT-tests.jar:/home/runner/.m2/repository/org/apache/ozone/hdds-common/1.4.0-SNAPSHOT/hdds-common-1.4.0-SNAPSHOT-tests.jar:/home/runner/.m2/repository/org/apache/ozone/hdds-hadoop-dependency-client/1.4.0-SNAPSHOT/hdds-hadoop-dependency-client-1.4.0-SNAPSHOT.jar:/home/runner/.m2/repository/info/picocli/picocli/4.6.1/picocli-4.6.1.jar:/home/runner/.m2/repository/com/fasterxml/jackson/core/jackson-annotations/2.13.4/jackson-annotations-2.13.4.jar:/home/runner/.m2/repository/com/fasterxml/jackson/datatype/jackson-datatype-jsr310/2.13.4/jackson-datatype-jsr310-2.13.4.jar:/home/runner/.m2/repository/org/apache/ozone/hdds-annotation-processing/1.4.0-SNAPSHOT/hdds-annotation-processing-1.4.0-SNAPSHOT.jar:/home/runner/.m2/repository/javax/annotation/javax.annotation-api/1.2/javax.annotation-api-1.2.jar:/home/runner/.m2/repository/org/apache/ratis/ratis-server/2.4.2-8b8bdda-SNAPSHOT/ratis-server-2.4.2-8b8bdda-SNAPSHOT.jar:/home/runner/.m2/repository/org/apache/ratis/ratis-client/2.4.2-8b8bdda-SNAPSHOT/ratis-client-2.4.2-8b8bdda-SNAPSHOT.jar:/home/runner/.m2/repository/org/apache/ratis/ratis-server-api/2.4.2-8b8bdda-SNAPSHOT/ratis-server-api-2.4.2-8b8bdda-SNAPSHOT.jar:/home/runner/.m2/repository/org/apache/ratis/ratis-metrics/2.4.2-8b8bdda-SNAPSHOT/ratis-metrics-2.4.2-8b8bdda-SNAPSHOT.jar:/home/runner/.m2/repository/org/apache/ratis/ratis-netty/2.4.2-8b8bdda-SNAPSHOT/ratis-netty-2.4.2-8b8bdda-SNAPSHOT.jar:/home/runner/.m2/repository/org/apache/ratis/ratis-grpc/2.4.2-8b8bdda-SNAPSHOT/ratis-grpc-2.4.2-8b8bdda-SNAPSHOT.jar:/home/runner/.m2/repository/org/apache/logging/log4j/log4j-api/2.17.1/log4j-api-2.17.1.jar:/home/runner/.m2/repository/org/apache/commons/commons-pool2/2.6.0/commons-pool2-2.6.0.jar:/home/runner/.m2/repository/org/bouncycastle/bcpkix-jdk15on/1.67/bcpkix-jdk15on-1.67.jar:/home/runner/.m2/repository/commons-validator/commons-validator/1.6/commons-validator-1.6.jar:/home/runner/.m2/repository/commons-beanutils/commons-beanutils/1.9.4/commons-beanutils-1.9.4.jar:/home/runner/.m2/repository/commons-digester/commons-digester/1.8.1/commons-digester-1.8.1.jar:/home/runner/.m2/repository/commons-collections/commons-collections/3.2.2/commons-collections-3.2.2.jar:/home/runner/.m2/repository/io/jaegertracing/jaeger-client/1.6.0/jaeger-client-1.6.0.jar:/home/runner/.m2/repository/io/jaegertracing/jaeger-thrift/1.6.0/jaeger-thrift-1.6.0.jar:/home/runner/.m2/repository/org/apache/thrift/libthrift/0.14.1/libthrift-0.14.1.jar:/home/runner/.m2/repository/io/jaegertracing/jaeger-core/1.6.0/jaeger-core-1.6.0.jar:/home/runner/.m2/repository/io/jaegertracing/jaeger-tracerresolver/1.6.0/jaeger-tracerresolver-1.6.0.jar:/home/runner/.m2/repository/io/opentracing/contrib/opentracing-tracerresolver/0.1.8/opentracing-tracerresolver-0.1.8.jar:/home/runner/.m2/repository/org/jetbrains/kotlin/kotlin-stdlib/1.6.21/kotlin-stdlib-1.6.21.jar:/home/runner/.m2/repository/org/jetbrains/annotations/13.0/annotations-13.0.jar:/home/runner/.m2/repository/io/opentracing/opentracing-util/0.33.0/opentracing-util-0.33.0.jar:/home/runner/.m2/repository/io/opentracing/opentracing-api/0.33.0/opentracing-api-0.33.0.jar:/home/runner/.m2/repository/io/opentracing/opentracing-noop/0.33.0/opentracing-noop-0.33.0.jar:/home/runner/.m2/repository/org/yaml/snakeyaml/1.33/snakeyaml-1.33.jar:/home/runner/.m2/repository/org/apache/ozone/hdds-interface-admin/1.4.0-SNAPSHOT/hdds-interface-admin-1.4.0-SNAPSHOT.jar:/home/runner/.m2/repository/junit/junit/4.13.1/junit-4.13.1.jar:/home/runner/.m2/repository/org/hamcrest/hamcrest-core/1.3/hamcrest-core-1.3.jar:/home/runner/.m2/repository/org/junit/jupiter/junit-jupiter-api/5.8.2/junit-jupiter-api-5.8.2.jar:/home/runner/.m2/repository/org/opentest4j/opentest4j/1.2.0/opentest4j-1.2.0.jar:/home/runner/.m2/repository/org/junit/platform/junit-platform-commons/1.8.2/junit-platform-commons-1.8.2.jar:/home/runner/.m2/repository/org/apiguardian/apiguardian-api/1.1.2/apiguardian-api-1.1.2.jar:/home/runner/.m2/repository/org/junit/jupiter/junit-jupiter-params/5.8.2/junit-jupiter-params-5.8.2.jar:/home/runner/.m2/repository/org/junit/jupiter/junit-jupiter-migrationsupport/5.8.2/junit-jupiter-migrationsupport-5.8.2.jar:/home/runner/.m2/repository/org/junit/jupiter/junit-jupiter-engine/5.8.2/junit-jupiter-engine-5.8.2.jar:/home/runner/.m2/repository/org/junit/platform/junit-platform-engine/1.8.2/junit-platform-engine-1.8.2.jar:/home/runner/.m2/repository/org/junit/vintage/junit-vintage-engine/5.8.2/junit-vintage-engine-5.8.2.jar:/home/runner/.m2/repository/org/junit/platform/junit-platform-launcher/1.8.2/junit-platform-launcher-1.8.2.jar:/home/runner/.m2/repository/org/mockito/mockito-core/2.28.2/mockito-core-2.28.2.jar:/home/runner/.m2/repository/net/bytebuddy/byte-buddy/1.9.10/byte-buddy-1.9.10.jar:/home/runner/.m2/repository/net/bytebuddy/byte-buddy-agent/1.9.10/byte-buddy-agent-1.9.10.jar:/home/runner/.m2/repository/org/objenesis/objenesis/1.0/objenesis-1.0.jar:/home/runner/.m2/repository/org/apache/hadoop/hadoop-kms/3.3.4/hadoop-kms-3.3.4.jar:/home/runner/.m2/repository/org/apache/hadoop/hadoop-auth/3.3.4/hadoop-auth-3.3.4.jar:/home/runner/.m2/repository/com/nimbusds/nimbus-jose-jwt/9.8.1/nimbus-jose-jwt-9.8.1.jar:/home/runner/.m2/repository/com/github/stephenc/jcip/jcip-annotations/1.0-1/jcip-annotations-1.0-1.jar:/home/runner/.m2/repository/net/minidev/json-smart/2.4.7/json-smart-2.4.7.jar:/home/runner/.m2/repository/net/minidev/accessors-smart/2.4.7/accessors-smart-2.4.7.jar:/home/runner/.m2/repository/org/ow2/asm/asm/5.0.4/asm-5.0.4.jar:/home/runner/.m2/repository/org/apache/zookeeper/zookeeper/3.5.6/zookeeper-3.5.6.jar:/home/runner/.m2/repository/org/apache/zookeeper/zookeeper-jute/3.5.6/zookeeper-jute-3.5.6.jar:/home/runner/.m2/repository/org/apache/yetus/audience-annotations/0.5.0/audience-annotations-0.5.0.jar:/home/runner/.m2/repository/org/apache/curator/curator-framework/4.2.0/curator-framework-4.2.0.jar:/home/runner/.m2/repository/org/apache/hadoop/thirdparty/hadoop-shaded-guava/1.1.1/hadoop-shaded-guava-1.1.1.jar:/home/runner/.m2/repository/com/sun/jersey/jersey-core/1.19/jersey-core-1.19.jar:/home/runner/.m2/repository/javax/ws/rs/jsr311-api/1.1.1/jsr311-api-1.1.1.jar:/home/runner/.m2/repository/com/sun/jersey/jersey-server/1.19/jersey-server-1.19.jar:/home/runner/.m2/repository/javax/servlet/javax.servlet-api/3.1.0/javax.servlet-api-3.1.0.jar:/home/runner/.m2/repository/org/eclipse/jetty/jetty-server/9.4.49.v20220914/jetty-server-9.4.49.v20220914.jar:/home/runner/.m2/repository/org/eclipse/jetty/jetty-http/9.4.49.v20220914/jetty-http-9.4.49.v20220914.jar:/home/runner/.m2/repository/org/eclipse/jetty/jetty-io/9.4.49.v20220914/jetty-io-9.4.49.v20220914.jar:/home/runner/.m2/repository/org/eclipse/jetty/jetty-webapp/9.4.49.v20220914/jetty-webapp-9.4.49.v20220914.jar:/home/runner/.m2/repository/org/eclipse/jetty/jetty-xml/9.4.49.v20220914/jetty-xml-9.4.49.v20220914.jar:/home/runner/.m2/repository/org/apache/hadoop/hadoop-common/3.3.4/hadoop-common-3.3.4.jar:/home/runner/.m2/repository/org/apache/commons/commons-math3/3.1.1/commons-math3-3.1.1.jar:/home/runner/.m2/repository/commons-net/commons-net/3.9.0/commons-net-3.9.0.jar:/home/runner/.m2/repository/com/sun/jersey/jersey-servlet/1.19/jersey-servlet-1.19.jar:/home/runner/.m2/repository/com/sun/jersey/jersey-json/1.19/jersey-json-1.19.jar:/home/runner/.m2/repository/org/codehaus/jettison/jettison/1.1/jettison-1.1.jar:/home/runner/.m2/repository/com/sun/xml/bind/jaxb-impl/2.2.3-1/jaxb-impl-2.2.3-1.jar:/home/runner/.m2/repository/org/codehaus/jackson/jackson-xc/1.9.2/jackson-xc-1.9.2.jar:/home/runner/.m2/repository/com/google/re2j/re2j/1.1/re2j-1.1.jar:/home/runner/.m2/repository/com/jcraft/jsch/0.1.54/jsch-0.1.54.jar:/home/runner/.m2/repository/org/apache/curator/curator-client/4.2.0/curator-client-4.2.0.jar:/home/runner/.m2/repository/org/apache/curator/curator-recipes/4.2.0/curator-recipes-4.2.0.jar:/home/runner/.m2/repository/org/apache/kerby/kerb-core/1.0.1/kerb-core-1.0.1.jar:/home/runner/.m2/repository/org/apache/kerby/kerby-pkix/1.0.1/kerby-pkix-1.0.1.jar:/home/runner/.m2/repository/org/apache/kerby/kerby-asn1/1.0.1/kerby-asn1-1.0.1.jar:/home/runner/.m2/repository/org/apache/kerby/kerby-util/1.0.1/kerby-util-1.0.1.jar:/home/runner/.m2/repository/dnsjava/dnsjava/2.1.7/dnsjava-2.1.7.jar:/home/runner/.m2/repository/org/xerial/snappy/snappy-java/1.1.8.2/snappy-java-1.1.8.2.jar:/home/runner/.m2/repository/org/eclipse/jetty/jetty-util/9.4.49.v20220914/jetty-util-9.4.49.v20220914.jar:/home/runner/.m2/repository/com/fasterxml/jackson/core/jackson-databind/2.13.4.2/jackson-databind-2.13.4.2.jar:/home/runner/.m2/repository/org/apache/hadoop/hadoop-kms/3.3.4/hadoop-kms-3.3.4-tests.jar:/home/runner/.m2/repository/org/apache/ozone/hdds-server-scm/1.4.0-SNAPSHOT/hdds-server-scm-1.4.0-SNAPSHOT-tests.jar:/home/runner/.m2/repository/org/apache/ozone/hdds-container-service/1.4.0-SNAPSHOT/hdds-container-service-1.4.0-SNAPSHOT-tests.jar:/home/runner/.m2/repository/com/github/luben/zstd-jni/1.5.2-5/zstd-jni-1.5.2-5.jar:/home/runner/.m2/repository/commons-codec/commons-codec/1.15/commons-codec-1.15.jar:/home/runner/.m2/repository/io/netty/netty-codec/4.1.86.Final/netty-codec-4.1.86.Final.jar:/home/runner/.m2/repository/io/netty/netty-handler/4.1.86.Final/netty-handler-4.1.86.Final.jar:/home/runner/.m2/repository/org/apache/ozone/hdds-hadoop-dependency-test/1.4.0-SNAPSHOT/hdds-hadoop-dependency-test-1.4.0-SNAPSHOT.jar:/home/runner/.m2/repository/org/apache/hadoop/hadoop-common/3.3.4/hadoop-common-3.3.4-tests.jar:/home/runner/.m2/repository/org/apache/hadoop/hadoop-hdfs/3.3.4/hadoop-hdfs-3.3.4-tests.jar:/home/runner/.m2/repository/org/assertj/assertj-core/3.12.2/assertj-core-3.12.2.jar:/home/runner/.m2/repository/org/apache/hadoop/hadoop-distcp/3.3.4/hadoop-distcp-3.3.4.jar:/home/runner/.m2/repository/org/apache/hadoop/hadoop-mapreduce-client-jobclient/3.3.4/hadoop-mapreduce-client-jobclient-3.3.4.jar:/home/runner/.m2/repository/org/apache/hadoop/hadoop-mapreduce-client-common/3.3.4/hadoop-mapreduce-client-common-3.3.4.jar:/home/runner/.m2/repository/org/apache/hadoop/hadoop-yarn-common/3.3.4/hadoop-yarn-common-3.3.4.jar:/home/runner/.m2/repository/org/apache/hadoop/hadoop-yarn-api/3.3.4/hadoop-yarn-api-3.3.4.jar:/home/runner/.m2/repository/com/sun/jersey/contribs/jersey-guice/1.19/jersey-guice-1.19.jar:/home/runner/.m2/repository/com/fasterxml/jackson/jaxrs/jackson-jaxrs-json-provider/2.13.4/jackson-jaxrs-json-provider-2.13.4.jar:/home/runner/.m2/repository/com/fasterxml/jackson/jaxrs/jackson-jaxrs-base/2.13.4/jackson-jaxrs-base-2.13.4.jar:/home/runner/.m2/repository/org/apache/hadoop/hadoop-yarn-client/3.3.4/hadoop-yarn-client-3.3.4.jar:/home/runner/.m2/repository/org/eclipse/jetty/websocket/websocket-client/9.4.43.v20210629/websocket-client-9.4.43.v20210629.jar:/home/runner/.m2/repository/org/eclipse/jetty/websocket/websocket-common/9.4.43.v20210629/websocket-common-9.4.43.v20210629.jar:/home/runner/.m2/repository/org/eclipse/jetty/websocket/websocket-api/9.4.43.v20210629/websocket-api-9.4.43.v20210629.jar:/home/runner/.m2/repository/org/jline/jline/3.9.0/jline-3.9.0.jar:/home/runner/.m2/repository/org/apache/hadoop/hadoop-mapreduce-client-core/3.3.4/hadoop-mapreduce-client-core-3.3.4.jar:/home/runner/.m2/repository/org/apache/avro/avro/1.7.7/avro-1.7.7.jar:/home/runner/.m2/repository/org/codehaus/jackson/jackson-core-asl/1.9.13/jackson-core-asl-1.9.13.jar:/home/runner/.m2/repository/org/codehaus/jackson/jackson-mapper-asl/1.9.13/jackson-mapper-asl-1.9.13.jar:/home/runner/.m2/repository/com/thoughtworks/paranamer/paranamer/2.3/paranamer-2.3.jar:/home/runner/.m2/repository/org/apache/hadoop/hadoop-annotations/3.3.4/hadoop-annotations-3.3.4.jar:/usr/lib/jvm/temurin-8-jdk-amd64/jre/../lib/tools.jar:/home/runner/.m2/repository/io/netty/netty/3.10.6.Final/netty-3.10.6.Final.jar:/home/runner/.m2/repository/org/apache/hadoop/hadoop-distcp/3.3.4/hadoop-distcp-3.3.4-tests.jar:/home/runner/.m2/repository/org/slf4j/jul-to-slf4j/1.7.36/jul-to-slf4j-1.7.36.jar:"/>
    <property name="sun.cpu.endian" value="little"/>
    <property name="user.home" value="/home/runner"/>
    <property name="user.language" value="en"/>
    <property name="java.specification.vendor" value="Oracle Corporation"/>
    <property name="java.home" value="/usr/lib/jvm/temurin-8-jdk-amd64/jre"/>
    <property name="java.security.krb5.conf" value="/home/runner/work/ozone/ozone/hadoop-ozone/integration-test/target/test-classes/krb5.conf"/>
    <property name="basedir" value="/home/runner/work/ozone/ozone/hadoop-ozone/integration-test"/>
    <property name="file.separator" value="/"/>
    <property name="line.separator" value="&#10;"/>
    <property name="java.vm.specification.vendor" value="Oracle Corporation"/>
    <property name="java.specification.name" value="Java Platform API Specification"/>
    <property name="java.awt.graphicsenv" value="sun.awt.X11GraphicsEnvironment"/>
    <property name="skip.installnpx" value="true"/>
    <property name="surefire.real.class.path" value="/home/runner/work/ozone/ozone/hadoop-ozone/integration-test/target/surefire/surefirebooter2978229237505274811.jar:/home/runner/.m2/repository/org/jacoco/org.jacoco.agent/0.8.5/org.jacoco.agent-0.8.5-runtime.jar"/>
    <property name="hadoop.log.dir" value="/home/runner/work/ozone/ozone/hadoop-ozone/integration-test/target/log"/>
    <property name="sun.boot.class.path" value="/usr/lib/jvm/temurin-8-jdk-amd64/jre/lib/resources.jar:/usr/lib/jvm/temurin-8-jdk-amd64/jre/lib/rt.jar:/usr/lib/jvm/temurin-8-jdk-amd64/jre/lib/sunrsasign.jar:/usr/lib/jvm/temurin-8-jdk-amd64/jre/lib/jsse.jar:/usr/lib/jvm/temurin-8-jdk-amd64/jre/lib/jce.jar:/usr/lib/jvm/temurin-8-jdk-amd64/jre/lib/charsets.jar:/usr/lib/jvm/temurin-8-jdk-amd64/jre/lib/jfr.jar:/usr/lib/jvm/temurin-8-jdk-amd64/jre/classes"/>
    <property name="sun.management.compiler" value="HotSpot 64-Bit Tiered Compilers"/>
    <property name="skip.npx" value="true"/>
    <property name="java.runtime.version" value="1.8.0_352-b08"/>
    <property name="java.net.preferIPv4Stack" value="true"/>
    <property name="user.name" value="runner"/>
    <property name="path.separator" value=":"/>
    <property name="java.security.egd" value="file:///dev/urandom"/>
    <property name="os.version" value="5.15.0-1031-azure"/>
    <property name="java.endorsed.dirs" value="/usr/lib/jvm/temurin-8-jdk-amd64/jre/lib/endorsed"/>
    <property name="java.runtime.name" value="OpenJDK Runtime Environment"/>
    <property name="file.encoding" value="UTF-8"/>
    <property name="java.vm.name" value="OpenJDK 64-Bit Server VM"/>
    <property name="test.build.webapps" value=""/>
    <property name="localRepository" value="/home/runner/.m2/repository"/>
    <property name="jetty.git.hash" value="4231a3b2e4cb8548a412a789936d640a97b1aa0a"/>
    <property name="java.vendor.url.bug" value="https://github.com/adoptium/adoptium-support/issues"/>
    <property name="java.io.tmpdir" value="/tmp"/>
    <property name="require.test.libhadoop" value=""/>
    <property name="java.version" value="1.8.0_352"/>
    <property name="user.dir" value="/home/runner/work/ozone/ozone/hadoop-ozone/integration-test"/>
    <property name="os.arch" value="amd64"/>
    <property name="java.vm.specification.name" value="Java Virtual Machine Specification"/>
    <property name="test.build.classes" value="/home/runner/work/ozone/ozone/hadoop-ozone/integration-test/target/test-classes"/>
    <property name="java.awt.printerjob" value="sun.print.PSPrinterJob"/>
    <property name="sun.os.patch.level" value="unknown"/>
    <property name="org.apache.ratis.thirdparty.io.netty.allocator.useCacheForAllThreads" value="false"/>
    <property name="hadoop.tmp.dir" value="/home/runner/work/ozone/ozone/hadoop-ozone/integration-test/target/tmp"/>
    <property name="java.library.path" value="/usr/java/packages/lib/amd64:/usr/lib64:/lib64:/lib:/usr/lib"/>
    <property name="java.vm.info" value="mixed mode"/>
    <property name="java.vendor" value="Temurin"/>
    <property name="java.vm.version" value="25.352-b08"/>
    <property name="java.specification.maintenance.version" value="4"/>
    <property name="java.ext.dirs" value="/usr/lib/jvm/temurin-8-jdk-amd64/jre/lib/ext:/usr/java/packages/lib/ext"/>
    <property name="sun.io.unicode.encoding" value="UnicodeLittle"/>
    <property name="java.class.version" value="52.0"/>
  </properties>
  <testcase name="testGetTrashRoot" classname="TestOzoneFileSystem" time="20.465">
    <system-out><![CDATA[2023-01-26 20:29:37,737 [main] WARN  server.ServerUtils (ServerUtils.java:getScmDbDir(148)) - ozone.scm.db.dirs is not configured. We recommend adding this setting. Falling back to ozone.metadata.dirs instead.
2023-01-26 20:29:37,800 [main] WARN  server.ServerUtils (ServerUtils.java:getScmDbDir(148)) - ozone.scm.db.dirs is not configured. We recommend adding this setting. Falling back to ozone.metadata.dirs instead.
2023-01-26 20:29:37,803 [main] INFO  ha.SCMHANodeDetails (SCMHANodeDetails.java:loadSCMHAConfig(209)) - ServiceID for StorageContainerManager is null
2023-01-26 20:29:37,813 [main] WARN  ha.SCMHANodeDetails (SCMHANodeDetails.java:validateSCMHAConfig(182)) - Invalid config ozone.scm.ratis.enable. The config was not specified, but the default value true conflicts with the expected config value false. Falling back to the expected value. Current State of SCM: SCM is running in Non-HA without Ratis Ratis SCM -> Non Ratis SCM or Non HA SCM -> HA SCM is not supported
2023-01-26 20:29:37,813 [main] INFO  ha.SCMHANodeDetails (SCMHANodeDetails.java:loadSCMHAConfig(214)) - ozone.scm.default.service.id is not defined, falling back to ozone.scm.service.ids to find serviceID for StorageContainerManager if it is HA enabled cluster
2023-01-26 20:29:38,285 [main] WARN  utils.HAUtils (HAUtils.java:getMetaDir(342)) - ozone.scm.db.dirs is not configured. We recommend adding this setting. Falling back to ozone.metadata.dirs instead.
2023-01-26 20:29:38,422 [main] WARN  db.DBStoreBuilder (DBStoreBuilder.java:applyDBDefinition(144)) - ozone.scm.db.dirs is not configured. We recommend adding this setting. Falling back to ozone.metadata.dirs instead.
2023-01-26 20:29:38,699 [main] INFO  net.NodeSchemaLoader (NodeSchemaLoader.java:loadSchemaFromFile(129)) - Loading schema from [jar:file:/home/runner/.m2/repository/org/apache/ozone/hdds-common/1.4.0-SNAPSHOT/hdds-common-1.4.0-SNAPSHOT.jar!/network-topology-default.xml]
2023-01-26 20:29:38,701 [main] INFO  net.NodeSchemaLoader (NodeSchemaLoader.java:loadSchema(176)) - Loading network topology layer schema file
2023-01-26 20:29:38,748 [main] INFO  metrics.MetricRegistries (MetricRegistriesLoader.java:load(64)) - Loaded MetricRegistries class org.apache.ratis.metrics.impl.MetricRegistriesImpl
2023-01-26 20:29:38,753 [main] INFO  upgrade.AbstractLayoutVersionManager (AbstractLayoutVersionManager.java:init(83)) - Initializing Layout version manager with metadata layout = DATANODE_SCHEMA_V3 (version = 4), software layout = DATANODE_SCHEMA_V3 (version = 4)
2023-01-26 20:29:38,990 [main] INFO  reflections.Reflections (Reflections.java:scan(232)) - Reflections took 153 ms to scan 7 urls, producing 148 keys and 356 values 
2023-01-26 20:29:39,100 [main] INFO  ha.SequenceIdGenerator (SequenceIdGenerator.java:upgradeToSequenceId(349)) - upgrade localId to 111677748019200000
2023-01-26 20:29:39,101 [main] INFO  ha.SequenceIdGenerator (SequenceIdGenerator.java:upgradeToSequenceId(359)) - upgrade delTxnId to 0
2023-01-26 20:29:39,110 [main] INFO  ha.SequenceIdGenerator (SequenceIdGenerator.java:upgradeToSequenceId(376)) - upgrade containerId to 0
2023-01-26 20:29:39,115 [main] INFO  ha.SequenceIdGenerator (SequenceIdGenerator.java:<init>(220)) - Init the HA SequenceIdGenerator.
2023-01-26 20:29:39,164 [main] WARN  server.ServerUtils (ServerUtils.java:sanitizeUserArgs(73)) - ozone.scm.stale.node.interval value = 300000 is larger than max = 100000 based on the key value of ozone.scm.heartbeat.thread.interval, reset to the max value 100000.
2023-01-26 20:29:39,165 [main] WARN  server.ServerUtils (ServerUtils.java:sanitizeUserArgs(73)) - ozone.scm.stale.node.interval value = 300000 is larger than max = 100000 based on the key value of ozone.scm.heartbeat.thread.interval, reset to the max value 100000.
2023-01-26 20:29:39,172 [main] INFO  node.SCMNodeManager (SCMNodeManager.java:<init>(149)) - Entering startup safe mode.
2023-01-26 20:29:39,255 [main] INFO  algorithms.ContainerPlacementPolicyFactory (ContainerPlacementPolicyFactory.java:getPolicyInternal(86)) - Create container placement policy of type org.apache.hadoop.hdds.scm.container.placement.algorithms.SCMContainerPlacementRandom
2023-01-26 20:29:39,258 [main] INFO  algorithms.ContainerPlacementPolicyFactory (ContainerPlacementPolicyFactory.java:getPolicyInternal(86)) - Create container placement policy of type org.apache.hadoop.hdds.scm.container.placement.algorithms.SCMContainerPlacementRackScatter
2023-01-26 20:29:39,266 [main] INFO  pipeline.PipelineStateManagerImpl (PipelineStateManagerImpl.java:initialize(78)) - No pipeline exists in current db
2023-01-26 20:29:39,305 [main] INFO  algorithms.LeaderChoosePolicyFactory (LeaderChoosePolicyFactory.java:getPolicy(57)) - Create leader choose policy of type org.apache.hadoop.hdds.scm.pipeline.leader.choose.algorithms.MinLeaderCountChoosePolicy
2023-01-26 20:29:39,306 [main] INFO  algorithms.ContainerPlacementPolicyFactory (ContainerPlacementPolicyFactory.java:getPolicyInternal(86)) - Create container placement policy of type org.apache.hadoop.hdds.scm.container.placement.algorithms.SCMContainerPlacementRackScatter
2023-01-26 20:29:39,314 [main] INFO  ha.SCMServiceManager (SCMServiceManager.java:register(42)) - Registering service BackgroundPipelineCreator.
2023-01-26 20:29:39,314 [main] INFO  pipeline.BackgroundPipelineCreator (BackgroundPipelineCreator.java:start(124)) - Starting RatisPipelineUtilsThread.
2023-01-26 20:29:39,318 [main] INFO  BackgroundPipelineScrubber (BackgroundSCMService.java:start(68)) - Starting BackgroundPipelineScrubber Service.
2023-01-26 20:29:39,319 [main] INFO  ha.SCMServiceManager (SCMServiceManager.java:register(42)) - Registering service BackgroundPipelineScrubber.
2023-01-26 20:29:39,330 [main] INFO  ExpiredContainerReplicaOpScrubber (BackgroundSCMService.java:start(68)) - Starting ExpiredContainerReplicaOpScrubber Service.
2023-01-26 20:29:39,330 [main] INFO  ha.SCMServiceManager (SCMServiceManager.java:register(42)) - Registering service ExpiredContainerReplicaOpScrubber.
2023-01-26 20:29:39,375 [main] INFO  algorithms.PipelineChoosePolicyFactory (PipelineChoosePolicyFactory.java:createPipelineChoosePolicyFromClass(73)) - Create pipeline choose policy of type org.apache.hadoop.hdds.scm.pipeline.choose.algorithms.RandomPipelineChoosePolicy
2023-01-26 20:29:39,402 [main] INFO  ha.SCMServiceManager (SCMServiceManager.java:register(42)) - Registering service SCMBlockDeletingService.
2023-01-26 20:29:39,459 [main] INFO  replication.ReplicationManager (ReplicationManager.java:start(263)) - Starting Replication Monitor Thread.
2023-01-26 20:29:39,470 [main] INFO  ha.SCMServiceManager (SCMServiceManager.java:register(42)) - Registering service ReplicationManager.
2023-01-26 20:29:39,472 [ReplicationMonitor] INFO  replication.ReplicationManager (ReplicationManager.java:processAll(334)) - Replication Manager is not ready to run until 3000ms after safemode exit
2023-01-26 20:29:39,481 [main] INFO  safemode.ContainerSafeModeRule (ContainerSafeModeRule.java:<init>(89)) - containers with one replica threshold count 0
2023-01-26 20:29:39,490 [main] INFO  safemode.HealthyPipelineSafeModeRule (HealthyPipelineSafeModeRule.java:initializeRule(169)) - Total pipeline count is 0, healthy pipeline threshold count is 1
2023-01-26 20:29:39,493 [main] INFO  safemode.OneReplicaPipelineSafeModeRule (OneReplicaPipelineSafeModeRule.java:initializeRule(180)) - Total pipeline count is 0, pipeline's with at least one datanode reported threshold count is 0
2023-01-26 20:29:39,811 [main] INFO  audit.AuditLogger (AuditLogger.java:refreshDebugCmdSet(126)) - Refresh DebugCmdSet for SCMAudit to [].
2023-01-26 20:29:39,841 [main] INFO  ipc.CallQueueManager (CallQueueManager.java:<init>(90)) - Using callQueue: class java.util.concurrent.LinkedBlockingQueue, queueCapacity: 2000, scheduler: class org.apache.hadoop.ipc.DefaultRpcScheduler, ipcBackoff: false.
2023-01-26 20:29:39,880 [Socket Reader #1 for port 0] INFO  ipc.Server (Server.java:run(1273)) - Starting Socket Reader #1 for port 0
2023-01-26 20:29:39,940 [Listener at 0.0.0.0/37075] INFO  audit.AuditLogger (AuditLogger.java:refreshDebugCmdSet(126)) - Refresh DebugCmdSet for SCMAudit to [].
2023-01-26 20:29:39,948 [Listener at 0.0.0.0/37075] INFO  ipc.CallQueueManager (CallQueueManager.java:<init>(90)) - Using callQueue: class java.util.concurrent.LinkedBlockingQueue, queueCapacity: 2000, scheduler: class org.apache.hadoop.ipc.DefaultRpcScheduler, ipcBackoff: false.
2023-01-26 20:29:39,950 [Socket Reader #1 for port 0] INFO  ipc.Server (Server.java:run(1273)) - Starting Socket Reader #1 for port 0
2023-01-26 20:29:39,983 [Listener at 0.0.0.0/35025] INFO  audit.AuditLogger (AuditLogger.java:refreshDebugCmdSet(126)) - Refresh DebugCmdSet for SCMAudit to [].
2023-01-26 20:29:39,994 [Listener at 0.0.0.0/35025] INFO  ipc.CallQueueManager (CallQueueManager.java:<init>(90)) - Using callQueue: class java.util.concurrent.LinkedBlockingQueue, queueCapacity: 2000, scheduler: class org.apache.hadoop.ipc.DefaultRpcScheduler, ipcBackoff: false.
2023-01-26 20:29:39,995 [Socket Reader #1 for port 0] INFO  ipc.Server (Server.java:run(1273)) - Starting Socket Reader #1 for port 0
2023-01-26 20:29:40,053 [Listener at 0.0.0.0/42497] INFO  ha.SCMServiceManager (SCMServiceManager.java:register(42)) - Registering service ContainerBalancer.
2023-01-26 20:29:40,058 [Listener at 0.0.0.0/42497] INFO  server.StorageContainerManager (StorageContainerManager.java:<init>(401)) - 
Container Balancer status:
Key                            Value
Running                        true
Container Balancer Configuration values:
Key                                                Value
Threshold                                          10
Max Datanodes to Involve per Iteration(percent)    20
Max Size to Move per Iteration                     500GB
Max Size Entering Target per Iteration             26GB
Max Size Leaving Source per Iteration              26GB

2023-01-26 20:29:40,059 [Listener at 0.0.0.0/42497] INFO  ha.SCMContext (SCMContext.java:updateSafeModeStatus(228)) - Update SafeModeStatus from SafeModeStatus{safeModeStatus=true, preCheckPassed=false} to SafeModeStatus{safeModeStatus=true, preCheckPassed=false}.
2023-01-26 20:29:40,064 [Listener at 0.0.0.0/42497] INFO  server.StorageContainerManager (StorageContainerManager.java:start(1440)) - StorageContainerLocationProtocol RPC server is listening at /0.0.0.0:42497
2023-01-26 20:29:40,198 [Listener at 0.0.0.0/42497] WARN  impl.MetricsConfig (MetricsConfig.java:loadFirst(136)) - Cannot locate configuration: tried hadoop-metrics2-storagecontainermanager.properties,hadoop-metrics2.properties
2023-01-26 20:29:40,214 [Listener at 0.0.0.0/42497] INFO  impl.MetricsSystemImpl (MetricsSystemImpl.java:startTimer(378)) - Scheduled Metric snapshot period at 10 second(s).
2023-01-26 20:29:40,215 [Listener at 0.0.0.0/42497] INFO  impl.MetricsSystemImpl (MetricsSystemImpl.java:start(191)) - StorageContainerManager metrics system started
2023-01-26 20:29:40,455 [Listener at 0.0.0.0/42497] INFO  server.SCMClientProtocolServer (SCMClientProtocolServer.java:start(170)) - RPC server for Client  is listening at /0.0.0.0:42497
2023-01-26 20:29:40,460 [IPC Server Responder] INFO  ipc.Server (Server.java:run(1512)) - IPC Server Responder: starting
2023-01-26 20:29:40,468 [IPC Server listener on 0] INFO  ipc.Server (Server.java:run(1352)) - IPC Server listener on 0: starting
2023-01-26 20:29:40,481 [Listener at 0.0.0.0/42497] INFO  server.StorageContainerManager (StorageContainerManager.java:start(1454)) - ScmBlockLocationProtocol RPC server is listening at /0.0.0.0:35025
2023-01-26 20:29:40,482 [Listener at 0.0.0.0/42497] INFO  server.SCMBlockProtocolServer (SCMBlockProtocolServer.java:start(152)) - RPC server for Block Protocol is listening at /0.0.0.0:35025
2023-01-26 20:29:40,482 [IPC Server Responder] INFO  ipc.Server (Server.java:run(1512)) - IPC Server Responder: starting
2023-01-26 20:29:40,483 [IPC Server listener on 0] INFO  ipc.Server (Server.java:run(1352)) - IPC Server listener on 0: starting
2023-01-26 20:29:40,485 [Listener at 0.0.0.0/42497] INFO  server.SCMDatanodeProtocolServer (SCMDatanodeProtocolServer.java:start(194)) - ScmDatanodeProtocol RPC server for DataNodes is listening at /0.0.0.0:37075
2023-01-26 20:29:40,486 [IPC Server Responder] INFO  ipc.Server (Server.java:run(1512)) - IPC Server Responder: starting
2023-01-26 20:29:40,486 [IPC Server listener on 0] INFO  ipc.Server (Server.java:run(1352)) - IPC Server listener on 0: starting
2023-01-26 20:29:40,506 [org.apache.hadoop.util.JvmPauseMonitor$Monitor@689ea211] INFO  util.JvmPauseMonitor (JvmPauseMonitor.java:run(188)) - Starting JVM pause monitor
2023-01-26 20:29:40,518 [Listener at 0.0.0.0/42497] INFO  http.BaseHttpServer (BaseHttpServer.java:newHttpServer2BuilderForOzone(213)) - Starting Web-server for scm at: http://0.0.0.0:0
2023-01-26 20:29:40,518 [Listener at 0.0.0.0/42497] INFO  http.BaseHttpServer (BaseHttpServer.java:<init>(108)) - Hadoop Security Enabled: false Ozone Security Enabled: false Ozone HTTP Security Enabled: false 
2023-01-26 20:29:40,547 [Listener at 0.0.0.0/42497] INFO  util.log (Log.java:initialized(170)) - Logging initialized @4242ms to org.eclipse.jetty.util.log.Slf4jLog
2023-01-26 20:29:40,659 [Listener at 0.0.0.0/42497] WARN  server.AuthenticationFilter (AuthenticationFilter.java:constructSecretProvider(240)) - Unable to initialize FileSignerSecretProvider, falling back to use random secrets. Reason: Could not read signature secret file: /home/runner/hadoop-http-auth-signature-secret
2023-01-26 20:29:40,666 [Listener at 0.0.0.0/42497] WARN  http.HttpRequestLog (HttpRequestLog.java:getRequestLog(103)) - Jetty request log can only be enabled using Log4j
2023-01-26 20:29:40,672 [Listener at 0.0.0.0/42497] INFO  http.HttpServer2 (HttpServer2.java:addGlobalFilter(1031)) - Added global filter 'safety' (class=org.apache.hadoop.hdds.server.http.HttpServer2$QuotingInputFilter)
2023-01-26 20:29:40,674 [Listener at 0.0.0.0/42497] INFO  http.HttpServer2 (HttpServer2.java:addFilter(1007)) - Added filter static_user_filter (class=org.apache.hadoop.http.lib.StaticUserWebFilter$StaticUserFilter) to context scm
2023-01-26 20:29:40,674 [Listener at 0.0.0.0/42497] INFO  http.HttpServer2 (HttpServer2.java:addFilter(1015)) - Added filter static_user_filter (class=org.apache.hadoop.http.lib.StaticUserWebFilter$StaticUserFilter) to context static
2023-01-26 20:29:40,674 [Listener at 0.0.0.0/42497] INFO  http.HttpServer2 (HttpServer2.java:addFilter(1015)) - Added filter static_user_filter (class=org.apache.hadoop.http.lib.StaticUserWebFilter$StaticUserFilter) to context logs
2023-01-26 20:29:40,718 [Listener at 0.0.0.0/42497] INFO  http.HttpServer2 (HttpServer2.java:bindListener(1250)) - Jetty bound to port 43645
2023-01-26 20:29:40,720 [Listener at 0.0.0.0/42497] INFO  server.Server (Server.java:doStart(375)) - jetty-9.4.49.v20220914; built: 2022-09-14T01:07:36.601Z; git: 4231a3b2e4cb8548a412a789936d640a97b1aa0a; jvm 1.8.0_352-b08
2023-01-26 20:29:40,753 [Listener at 0.0.0.0/42497] INFO  server.session (DefaultSessionIdManager.java:doStart(334)) - DefaultSessionIdManager workerName=node0
2023-01-26 20:29:40,754 [Listener at 0.0.0.0/42497] INFO  server.session (DefaultSessionIdManager.java:doStart(339)) - No SessionScavenger set, using defaults
2023-01-26 20:29:40,756 [Listener at 0.0.0.0/42497] INFO  server.session (HouseKeeper.java:startScavenging(132)) - node0 Scavenging every 600000ms
2023-01-26 20:29:40,772 [Listener at 0.0.0.0/42497] INFO  handler.ContextHandler (ContextHandler.java:doStart(921)) - Started o.e.j.s.ServletContextHandler@321558f8{logs,/logs,file:///home/runner/work/ozone/ozone/hadoop-ozone/integration-test/target/log,AVAILABLE}
2023-01-26 20:29:40,773 [Listener at 0.0.0.0/42497] INFO  handler.ContextHandler (ContextHandler.java:doStart(921)) - Started o.e.j.s.ServletContextHandler@27b84c9a{static,/static,file:///home/runner/work/ozone/ozone/hadoop-ozone/integration-test/target/test-classes/webapps/static,AVAILABLE}
2023-01-26 20:29:40,829 [Listener at 0.0.0.0/42497] INFO  handler.ContextHandler (ContextHandler.java:doStart(921)) - Started o.e.j.w.WebAppContext@10c1682b{scm,/,file:///home/runner/work/ozone/ozone/hadoop-ozone/integration-test/target/test-classes/webapps/scm/,AVAILABLE}{file:/home/runner/work/ozone/ozone/hadoop-ozone/integration-test/target/test-classes/webapps/scm}
2023-01-26 20:29:40,842 [Listener at 0.0.0.0/42497] INFO  server.AbstractConnector (AbstractConnector.java:doStart(333)) - Started ServerConnector@4b3b2a4f{HTTP/1.1, (http/1.1)}{0.0.0.0:43645}
2023-01-26 20:29:40,842 [Listener at 0.0.0.0/42497] INFO  server.Server (Server.java:doStart(415)) - Started @4537ms
2023-01-26 20:29:40,844 [Listener at 0.0.0.0/42497] INFO  impl.MetricsSinkAdapter (MetricsSinkAdapter.java:start(204)) - Sink prometheus started
2023-01-26 20:29:40,845 [Listener at 0.0.0.0/42497] INFO  impl.MetricsSystemImpl (MetricsSystemImpl.java:registerSink(305)) - Registered sink prometheus
2023-01-26 20:29:40,846 [Listener at 0.0.0.0/42497] INFO  http.BaseHttpServer (BaseHttpServer.java:updateConnectorAddress(333)) - HTTP server of scm listening at http://0.0.0.0:43645
2023-01-26 20:29:40,848 [Listener at 0.0.0.0/42497] WARN  server.ServerUtils (ServerUtils.java:getDBPath(225)) - ozone.om.db.dirs is not configured. We recommend adding this setting. Falling back to ozone.metadata.dirs instead.
2023-01-26 20:29:40,905 [Listener at 0.0.0.0/42497] INFO  audit.AuditLogger (AuditLogger.java:refreshDebugCmdSet(126)) - Refresh DebugCmdSet for OMAudit to [].
2023-01-26 20:29:40,995 [Listener at 0.0.0.0/42497] INFO  ha.OMHANodeDetails (OMHANodeDetails.java:loadOMHAConfig(115)) - ozone.om.internal.service.id is not defined, falling back to ozone.om.service.ids to find serviceID for OzoneManager if it is HA enabled cluster
2023-01-26 20:29:40,998 [Listener at 0.0.0.0/42497] INFO  ha.OMHANodeDetails (OMHANodeDetails.java:loadOMHAConfig(226)) - Configuration does not have ozone.om.address set. Falling back to the default OM address /127.0.0.1:0
2023-01-26 20:29:40,999 [Listener at 0.0.0.0/42497] INFO  ha.OMHANodeDetails (OMHANodeDetails.java:getOMNodeDetailsForNonHA(254)) - OM Service ID is not set. Setting it to the default ID: omServiceIdDefault
2023-01-26 20:29:40,999 [Listener at 0.0.0.0/42497] INFO  ha.OMHANodeDetails (OMHANodeDetails.java:getOMNodeDetailsForNonHA(261)) - OM Node ID is not set. Setting it to the default ID: om1
2023-01-26 20:29:41,002 [Listener at 0.0.0.0/42497] WARN  server.ServerUtils (ServerUtils.java:getDBPath(225)) - ozone.om.db.dirs is not configured. We recommend adding this setting. Falling back to ozone.metadata.dirs instead.
2023-01-26 20:29:41,005 [Listener at 0.0.0.0/42497] INFO  upgrade.AbstractLayoutVersionManager (AbstractLayoutVersionManager.java:init(83)) - Initializing Layout version manager with metadata layout = MULTITENANCY_SCHEMA (version = 3), software layout = MULTITENANCY_SCHEMA (version = 3)
2023-01-26 20:29:41,073 [Listener at 0.0.0.0/42497] INFO  reflections.Reflections (Reflections.java:scan(232)) - Reflections took 63 ms to scan 2 urls, producing 155 keys and 428 values [using 2 cores]
2023-01-26 20:29:41,078 [Listener at 0.0.0.0/42497] INFO  upgrade.OMLayoutVersionManager (OMLayoutVersionManager.java:lambda$0(115)) - Skipping Upgrade Action MockOmUpgradeAction since it has been finalized.
2023-01-26 20:29:41,079 [Listener at 0.0.0.0/42497] WARN  server.ServerUtils (ServerUtils.java:getDBPath(225)) - ozone.om.db.dirs is not configured. We recommend adding this setting. Falling back to ozone.metadata.dirs instead.
2023-01-26 20:29:41,231 [Listener at 0.0.0.0/42497] INFO  proxy.SCMBlockLocationFailoverProxyProvider (SCMBlockLocationFailoverProxyProvider.java:<init>(114)) - Created block location fail-over proxy with 1 nodes: [nodeId=scmNodeId,nodeAddress=/0.0.0.0:35025]
2023-01-26 20:29:41,261 [Listener at 0.0.0.0/42497] INFO  proxy.SCMBlockLocationFailoverProxyProvider (SCMBlockLocationFailoverProxyProvider.java:<init>(114)) - Created block location fail-over proxy with 1 nodes: [nodeId=scmNodeId,nodeAddress=/0.0.0.0:35025]
2023-01-26 20:29:41,483 [Listener at 0.0.0.0/42497] WARN  server.ServerUtils (ServerUtils.java:getDBPath(225)) - ozone.om.db.dirs is not configured. We recommend adding this setting. Falling back to ozone.metadata.dirs instead.
2023-01-26 20:29:41,489 [Listener at 0.0.0.0/42497] INFO  codec.OmKeyInfoCodec (OmKeyInfoCodec.java:<init>(49)) - OmKeyInfoCodec ignorePipeline = true
2023-01-26 20:29:41,490 [Listener at 0.0.0.0/42497] INFO  codec.RepeatedOmKeyInfoCodec (RepeatedOmKeyInfoCodec.java:<init>(41)) - RepeatedOmKeyInfoCodec ignorePipeline = true
2023-01-26 20:29:41,688 [Listener at 0.0.0.0/42497] INFO  om.OzoneManager (OzoneManager.java:instantiateServices(728)) - S3 Multi-Tenancy is disabled
2023-01-26 20:29:41,769 [Listener at 0.0.0.0/42497] INFO  om.OzoneManager (OzoneManager.java:addS3GVolumeToDB(4320)) - Created Volume s3v With Owner runner required for S3Gateway operations.
2023-01-26 20:29:41,824 [Listener at 0.0.0.0/42497] WARN  server.ServerUtils (ServerUtils.java:getDefaultRatisDirectory(237)) - Storage directory for Ratis is not configured. It is a good idea to map this to an SSD disk. Falling back to ozone.metadata.dirs
2023-01-26 20:29:41,825 [Listener at 0.0.0.0/42497] WARN  utils.OzoneManagerRatisUtils (OzoneManagerRatisUtils.java:getOMRatisSnapshotDirectory(431)) - ozone.om.ratis.snapshot.dir is not configured. Falling back to ozone.metadata.dirs config
2023-01-26 20:29:41,848 [Listener at 0.0.0.0/42497] WARN  server.ServerUtils (ServerUtils.java:getDefaultRatisDirectory(237)) - Storage directory for Ratis is not configured. It is a good idea to map this to an SSD disk. Falling back to ozone.metadata.dirs
2023-01-26 20:29:41,883 [Listener at 0.0.0.0/42497] INFO  ratis.OzoneManagerRatisServer (OzoneManagerRatisServer.java:<init>(160)) - Instantiating OM Ratis server with groupID: omServiceIdDefault and peers: localhost:9872
2023-01-26 20:29:41,892 [Listener at 0.0.0.0/42497] INFO  ratis.OzoneManagerStateMachine (OzoneManagerStateMachine.java:loadSnapshotInfoFromDB(636)) - LastAppliedIndex is set from TransactionInfo from OM DB as (t:0, i:~)
2023-01-26 20:29:41,944 [Listener at 0.0.0.0/42497] INFO  server.RaftServer (ConfUtils.java:logGet(46)) - raft.rpc.type = GRPC (default)
2023-01-26 20:29:42,019 [Listener at 0.0.0.0/42497] INFO  grpc.GrpcConfigKeys (ConfUtils.java:logFallback(53)) - raft.grpc.admin.host = null (fallback to raft.grpc.server.host)
2023-01-26 20:29:42,020 [Listener at 0.0.0.0/42497] INFO  grpc.GrpcConfigKeys (ConfUtils.java:logFallback(53)) - raft.grpc.admin.port = 9872 (fallback to raft.grpc.server.port)
2023-01-26 20:29:42,021 [Listener at 0.0.0.0/42497] INFO  grpc.GrpcConfigKeys (ConfUtils.java:logFallback(53)) - raft.grpc.client.host = null (fallback to raft.grpc.server.host)
2023-01-26 20:29:42,021 [Listener at 0.0.0.0/42497] INFO  grpc.GrpcConfigKeys (ConfUtils.java:logFallback(53)) - raft.grpc.client.port = 9872 (fallback to raft.grpc.server.port)
2023-01-26 20:29:42,021 [Listener at 0.0.0.0/42497] INFO  grpc.GrpcConfigKeys (ConfUtils.java:logGet(46)) - raft.grpc.server.host = null (default)
2023-01-26 20:29:42,022 [Listener at 0.0.0.0/42497] INFO  grpc.GrpcConfigKeys (ConfUtils.java:logGet(46)) - raft.grpc.server.port = 9872 (custom)
2023-01-26 20:29:42,023 [Listener at 0.0.0.0/42497] INFO  server.GrpcService (ConfUtils.java:logGet(46)) - raft.grpc.message.size.max = 33554432 (custom)
2023-01-26 20:29:42,024 [Listener at 0.0.0.0/42497] INFO  server.RaftServerConfigKeys (ConfUtils.java:logGet(46)) - raft.server.log.appender.buffer.byte-limit = 33554432 (custom)
2023-01-26 20:29:42,024 [Listener at 0.0.0.0/42497] INFO  server.GrpcService (ConfUtils.java:logGet(46)) - raft.grpc.flow.control.window = 1MB (=1048576) (default)
2023-01-26 20:29:42,025 [Listener at 0.0.0.0/42497] INFO  server.RaftServerConfigKeys (ConfUtils.java:logGet(46)) - raft.server.rpc.request.timeout = 3000ms (default)
2023-01-26 20:29:42,037 [Listener at 0.0.0.0/42497] INFO  grpc.GrpcConfigKeys (ConfUtils.java:logGet(46)) - raft.grpc.server.heartbeat.channel = true (default)
2023-01-26 20:29:42,043 [Listener at 0.0.0.0/42497] INFO  grpc.GrpcConfigKeys (ConfUtils.java:logGet(46)) - raft.grpc.server.async.request.thread.pool.cached = true (default)
2023-01-26 20:29:42,043 [Listener at 0.0.0.0/42497] INFO  grpc.GrpcConfigKeys (ConfUtils.java:logGet(46)) - raft.grpc.server.async.request.thread.pool.size = 32 (default)
2023-01-26 20:29:42,273 [Listener at 0.0.0.0/42497] INFO  impl.DataStreamServerImpl (ConfUtils.java:logGet(46)) - raft.datastream.type = NETTY (custom)
2023-01-26 20:29:42,299 [Listener at 0.0.0.0/42497] INFO  server.RaftServerConfigKeys (ConfUtils.java:logGet(46)) - raft.server.data-stream.async.request.thread.pool.cached = false (default)
2023-01-26 20:29:42,300 [Listener at 0.0.0.0/42497] INFO  server.RaftServerConfigKeys (ConfUtils.java:logGet(46)) - raft.server.data-stream.async.request.thread.pool.size = 32 (default)
2023-01-26 20:29:42,301 [Listener at 0.0.0.0/42497] INFO  server.RaftServerConfigKeys (ConfUtils.java:logGet(46)) - raft.server.data-stream.async.write.thread.pool.size = 16 (default)
2023-01-26 20:29:42,306 [Listener at 0.0.0.0/42497] INFO  server.RaftServerConfigKeys (ConfUtils.java:logGet(46)) - raft.server.data-stream.client.pool.size = 10 (default)
2023-01-26 20:29:42,310 [Listener at 0.0.0.0/42497] INFO  netty.NettyConfigKeys$DataStream (ConfUtils.java:logGet(46)) - raft.netty.dataStream.server.use-epoll = false (default)
2023-01-26 20:29:42,311 [Listener at 0.0.0.0/42497] INFO  netty.NettyConfigKeys$DataStream (ConfUtils.java:logGet(46)) - raft.netty.dataStream.server.boss-group.size = 0 (default)
2023-01-26 20:29:42,318 [Listener at 0.0.0.0/42497] INFO  netty.NettyConfigKeys$DataStream (ConfUtils.java:logGet(46)) - raft.netty.dataStream.server.worker-group.size = 0 (default)
2023-01-26 20:29:42,319 [Listener at 0.0.0.0/42497] INFO  netty.NettyConfigKeys$DataStream (ConfUtils.java:logGet(46)) - raft.netty.dataStream.server.tls.conf = null (default)
2023-01-26 20:29:42,321 [Listener at 0.0.0.0/42497] INFO  netty.NettyConfigKeys$DataStream (ConfUtils.java:logGet(46)) - raft.netty.dataStream.host = null (default)
2023-01-26 20:29:42,321 [Listener at 0.0.0.0/42497] INFO  netty.NettyConfigKeys$DataStream (ConfUtils.java:logGet(46)) - raft.netty.dataStream.port = 0 (default)
2023-01-26 20:29:42,366 [Listener at 0.0.0.0/42497] INFO  server.RaftServerConfigKeys (ConfUtils.java:logGet(46)) - raft.server.threadpool.proxy.cached = true (default)
2023-01-26 20:29:42,366 [Listener at 0.0.0.0/42497] INFO  server.RaftServerConfigKeys (ConfUtils.java:logGet(46)) - raft.server.threadpool.proxy.size = 0 (default)
2023-01-26 20:29:42,372 [Listener at 0.0.0.0/42497] INFO  server.RaftServerConfigKeys (ConfUtils.java:logGet(46)) - raft.server.rpc.slowness.timeout = 120s (custom)
2023-01-26 20:29:42,373 [Listener at 0.0.0.0/42497] INFO  server.RaftServerConfigKeys (ConfUtils.java:logGet(46)) - raft.server.leaderelection.leader.step-down.wait-time = 10s (default)
2023-01-26 20:29:42,382 [Listener at 0.0.0.0/42497] INFO  server.RaftServerConfigKeys (ConfUtils.java:logGet(46)) - raft.server.storage.dir = [/home/runner/work/ozone/ozone/hadoop-ozone/integration-test/target/test-dir/MiniOzoneClusterImpl-91732d81-4c55-4ff3-841d-5fdfde2aad74/ozone-meta/ratis] (custom)
2023-01-26 20:29:42,390 [om1-NettyServerStreamRpc-bossGroup--thread1] INFO  logging.LoggingHandler (AbstractInternalLogger.java:log(148)) - [id: 0x805e5939] REGISTERED
2023-01-26 20:29:42,391 [om1-NettyServerStreamRpc-bossGroup--thread1] INFO  logging.LoggingHandler (AbstractInternalLogger.java:log(148)) - [id: 0x805e5939] BIND: 0.0.0.0/0.0.0.0:0
2023-01-26 20:29:42,403 [Listener at 0.0.0.0/42497] INFO  server.RaftServer (RaftServerProxy.java:addNew(96)) - om1: addNew group-C5BA1605619E:[om1|rpc:localhost:9872|priority:0|startupRole:FOLLOWER] returns group-C5BA1605619E:java.util.concurrent.CompletableFuture@22b0f013[Not completed]
2023-01-26 20:29:42,403 [Listener at 0.0.0.0/42497] INFO  om.OzoneManager (OzoneManager.java:initializeRatisServer(2012)) - OzoneManager Ratis server initialized at port 9872
2023-01-26 20:29:42,412 [om1-NettyServerStreamRpc-bossGroup--thread1] INFO  logging.LoggingHandler (AbstractInternalLogger.java:log(148)) - [id: 0x805e5939, L:/0:0:0:0:0:0:0:0:45823] ACTIVE
2023-01-26 20:29:42,425 [Listener at 0.0.0.0/42497] INFO  om.OzoneManager (OzoneManager.java:getRpcServer(1135)) - Creating RPC Server
2023-01-26 20:29:42,441 [pool-54-thread-1] INFO  server.RaftServer$Division (RaftServerImpl.java:<init>(195)) - om1: new RaftServerImpl for group-C5BA1605619E:[om1|rpc:localhost:9872|priority:0|startupRole:FOLLOWER] with OzoneManagerStateMachine:uninitialized
2023-01-26 20:29:42,443 [pool-54-thread-1] INFO  server.RaftServerConfigKeys (ConfUtils.java:logGet(46)) - raft.server.rpc.timeout.min = 1s (custom)
2023-01-26 20:29:42,444 [pool-54-thread-1] INFO  server.RaftServerConfigKeys (ConfUtils.java:logGet(46)) - raft.server.rpc.timeout.max = 1200ms (custom)
2023-01-26 20:29:42,444 [pool-54-thread-1] INFO  server.RaftServerConfigKeys (ConfUtils.java:logGet(46)) - raft.server.rpc.sleep.time = 25ms (default)
2023-01-26 20:29:42,444 [pool-54-thread-1] INFO  server.RaftServerConfigKeys (ConfUtils.java:logGet(46)) - raft.server.rpc.slowness.timeout = 120s (custom)
2023-01-26 20:29:42,444 [pool-54-thread-1] INFO  server.RaftServerConfigKeys (ConfUtils.java:logGet(46)) - raft.server.leaderelection.leader.step-down.wait-time = 10s (default)
2023-01-26 20:29:42,444 [pool-54-thread-1] INFO  server.RaftServerConfigKeys (ConfUtils.java:logGet(46)) - raft.server.sleep.deviation.threshold = 300ms (default)
2023-01-26 20:29:42,459 [pool-54-thread-1] INFO  server.RaftServer$Division (ServerState.java:<init>(118)) - om1@group-C5BA1605619E: ConfigurationManager, init=-1: peers:[om1|rpc:localhost:9872|priority:0|startupRole:FOLLOWER]|listeners:[], old=null, confs=<EMPTY_MAP>
2023-01-26 20:29:42,460 [pool-54-thread-1] INFO  server.RaftServerConfigKeys (ConfUtils.java:logGet(46)) - raft.server.storage.dir = [/home/runner/work/ozone/ozone/hadoop-ozone/integration-test/target/test-dir/MiniOzoneClusterImpl-91732d81-4c55-4ff3-841d-5fdfde2aad74/ozone-meta/ratis] (custom)
2023-01-26 20:29:42,470 [pool-54-thread-1] INFO  server.RaftServerConfigKeys (ConfUtils.java:logGet(46)) - raft.server.log.corruption.policy = EXCEPTION (default)
2023-01-26 20:29:42,470 [pool-54-thread-1] INFO  server.RaftServerConfigKeys (ConfUtils.java:logGet(46)) - raft.server.storage.free-space.min = 0MB (=0) (default)
2023-01-26 20:29:42,487 [pool-54-thread-1] INFO  server.RaftServerConfigKeys (ConfUtils.java:logGet(46)) - raft.server.notification.no-leader.timeout = 120s (custom)
2023-01-26 20:29:42,493 [pool-54-thread-1] INFO  server.RaftServerConfigKeys (ConfUtils.java:logGet(46)) - raft.server.retrycache.expirytime = 300s (custom)
2023-01-26 20:29:42,493 [pool-54-thread-1] INFO  server.RaftServerConfigKeys (ConfUtils.java:logGet(46)) - raft.server.retrycache.statistics.expirytime = 100μs (default)
2023-01-26 20:29:42,597 [pool-54-thread-1] INFO  server.RaftServerConfigKeys (ConfUtils.java:logGet(46)) - raft.server.log.appender.install.snapshot.enabled = false (custom)
2023-01-26 20:29:42,598 [pool-54-thread-1] INFO  server.RaftServerConfigKeys (ConfUtils.java:logGet(46)) - raft.server.threadpool.server.cached = true (default)
2023-01-26 20:29:42,598 [pool-54-thread-1] INFO  server.RaftServerConfigKeys (ConfUtils.java:logGet(46)) - raft.server.threadpool.server.size = 0 (default)
2023-01-26 20:29:42,598 [pool-54-thread-1] INFO  server.RaftServerConfigKeys (ConfUtils.java:logGet(46)) - raft.server.threadpool.client.cached = true (default)
2023-01-26 20:29:42,599 [pool-54-thread-1] INFO  server.RaftServerConfigKeys (ConfUtils.java:logGet(46)) - raft.server.threadpool.client.size = 0 (default)
2023-01-26 20:29:43,230 [Listener at 0.0.0.0/42497] INFO  reflections.Reflections (Reflections.java:scan(232)) - Reflections took 734 ms to scan 19 urls, producing 67 keys and 4590 values [using 2 cores]
2023-01-26 20:29:43,410 [Listener at 0.0.0.0/42497] INFO  ipc.CallQueueManager (CallQueueManager.java:<init>(90)) - Using callQueue: class java.util.concurrent.LinkedBlockingQueue, queueCapacity: 2000, scheduler: class org.apache.hadoop.ipc.DefaultRpcScheduler, ipcBackoff: false.
2023-01-26 20:29:43,411 [Socket Reader #1 for port 0] INFO  ipc.Server (Server.java:run(1273)) - Starting Socket Reader #1 for port 0
2023-01-26 20:29:43,453 [Listener at 127.0.0.1/38181] INFO  impl.MetricsSystemImpl (MetricsSystemImpl.java:init(158)) - OzoneManager metrics system started (again)
2023-01-26 20:29:43,468 [Listener at 127.0.0.1/38181] INFO  om.OzoneManager (OzoneManager.java:start(1519)) - OzoneManager RPC server is listening at localhost/127.0.0.1:38181
2023-01-26 20:29:43,468 [Listener at 127.0.0.1/38181] INFO  ratis.OzoneManagerRatisServer (OzoneManagerRatisServer.java:start(555)) - Starting OzoneManagerRatisServer om1 at port 9872
2023-01-26 20:29:43,471 [om1-impl-thread1] INFO  storage.RaftStorageDirectory (RaftStorageDirectoryImpl.java:analyzeStorage(137)) - The storage directory /home/runner/work/ozone/ozone/hadoop-ozone/integration-test/target/test-dir/MiniOzoneClusterImpl-91732d81-4c55-4ff3-841d-5fdfde2aad74/ozone-meta/ratis/bf265839-605b-3f16-9796-c5ba1605619e does not exist. Creating ...
2023-01-26 20:29:43,475 [om1-impl-thread1] INFO  storage.RaftStorageDirectory (RaftStorageDirectoryImpl.java:tryLock(231)) - Lock on /home/runner/work/ozone/ozone/hadoop-ozone/integration-test/target/test-dir/MiniOzoneClusterImpl-91732d81-4c55-4ff3-841d-5fdfde2aad74/ozone-meta/ratis/bf265839-605b-3f16-9796-c5ba1605619e/in_use.lock acquired by nodename 10488@fv-az462-54
2023-01-26 20:29:43,480 [om1-impl-thread1] INFO  storage.RaftStorage (RaftStorageImpl.java:format(96)) - Storage directory /home/runner/work/ozone/ozone/hadoop-ozone/integration-test/target/test-dir/MiniOzoneClusterImpl-91732d81-4c55-4ff3-841d-5fdfde2aad74/ozone-meta/ratis/bf265839-605b-3f16-9796-c5ba1605619e has been successfully formatted.
2023-01-26 20:29:43,482 [om1-impl-thread1] INFO  server.RaftServerConfigKeys (ConfUtils.java:logGet(46)) - raft.server.log.use.memory = false (default)
2023-01-26 20:29:43,490 [om1-impl-thread1] INFO  server.RaftServerConfigKeys (ConfUtils.java:logGet(46)) - raft.server.log.purge.gap = 1000000 (custom)
2023-01-26 20:29:43,491 [om1-impl-thread1] INFO  server.RaftServerConfigKeys (ConfUtils.java:logGet(46)) - raft.server.log.appender.buffer.byte-limit = 33554432 (custom)
2023-01-26 20:29:43,492 [om1-impl-thread1] INFO  server.RaftServerConfigKeys (ConfUtils.java:logGet(46)) - raft.server.log.statemachine.data.read.timeout = 1000ms (default)
2023-01-26 20:29:43,493 [om1-impl-thread1] INFO  server.RaftServerConfigKeys (ConfUtils.java:logGet(46)) - raft.server.log.purge.preservation.log.num = 0 (default)
2023-01-26 20:29:43,495 [om1-impl-thread1] INFO  server.RaftServerConfigKeys (ConfUtils.java:logGet(46)) - raft.server.log.segment.size.max = 4194304 (custom)
2023-01-26 20:29:43,501 [om1-impl-thread1] INFO  server.RaftServerConfigKeys (ConfUtils.java:logGet(46)) - raft.server.log.segment.cache.num.max = 2 (custom)
2023-01-26 20:29:43,501 [om1-impl-thread1] INFO  server.RaftServerConfigKeys (ConfUtils.java:logGet(46)) - raft.server.log.segment.cache.size.max = 200MB (=209715200) (default)
2023-01-26 20:29:43,507 [om1-impl-thread1] INFO  segmented.SegmentedRaftLogWorker (SegmentedRaftLogWorker.java:<init>(189)) - new om1@group-C5BA1605619E-SegmentedRaftLogWorker for RaftStorageImpl:Storage Directory /home/runner/work/ozone/ozone/hadoop-ozone/integration-test/target/test-dir/MiniOzoneClusterImpl-91732d81-4c55-4ff3-841d-5fdfde2aad74/ozone-meta/ratis/bf265839-605b-3f16-9796-c5ba1605619e
2023-01-26 20:29:43,507 [om1-impl-thread1] INFO  server.RaftServerConfigKeys (ConfUtils.java:logGet(46)) - raft.server.log.queue.byte-limit = 64MB (=67108864) (default)
2023-01-26 20:29:43,508 [om1-impl-thread1] INFO  server.RaftServerConfigKeys (ConfUtils.java:logGet(46)) - raft.server.log.queue.element-limit = 4096 (default)
2023-01-26 20:29:43,509 [om1-impl-thread1] INFO  server.RaftServerConfigKeys (ConfUtils.java:logGet(46)) - raft.server.log.segment.size.max = 4194304 (custom)
2023-01-26 20:29:43,509 [om1-impl-thread1] INFO  server.RaftServerConfigKeys (ConfUtils.java:logGet(46)) - raft.server.log.preallocated.size = 4194304 (custom)
2023-01-26 20:29:43,510 [om1-impl-thread1] INFO  server.RaftServerConfigKeys (ConfUtils.java:logGet(46)) - raft.server.log.force.sync.num = 128 (default)
2023-01-26 20:29:43,510 [om1-impl-thread1] INFO  server.RaftServerConfigKeys (ConfUtils.java:logGet(46)) - raft.server.log.statemachine.data.sync = true (default)
2023-01-26 20:29:43,511 [om1-impl-thread1] INFO  server.RaftServerConfigKeys (ConfUtils.java:logGet(46)) - raft.server.log.statemachine.data.sync.timeout = 10s (default)
2023-01-26 20:29:43,514 [om1-impl-thread1] INFO  server.RaftServerConfigKeys (ConfUtils.java:logGet(46)) - raft.server.log.statemachine.data.sync.timeout.retry = -1 (default)
2023-01-26 20:29:43,523 [om1-impl-thread1] INFO  server.RaftServerConfigKeys (ConfUtils.java:logGet(46)) - raft.server.log.write.buffer.size = 64KB (=65536) (default)
2023-01-26 20:29:43,523 [om1-impl-thread1] INFO  server.RaftServerConfigKeys (ConfUtils.java:logGet(46)) - raft.server.log.appender.buffer.byte-limit = 33554432 (custom)
2023-01-26 20:29:43,528 [om1-impl-thread1] INFO  server.RaftServerConfigKeys (ConfUtils.java:logGet(46)) - raft.server.log.unsafe-flush.enabled = false (default)
2023-01-26 20:29:43,528 [om1-impl-thread1] INFO  server.RaftServerConfigKeys (ConfUtils.java:logGet(46)) - raft.server.log.async-flush.enabled = false (default)
2023-01-26 20:29:43,528 [om1-impl-thread1] INFO  server.RaftServerConfigKeys (ConfUtils.java:logGet(46)) - raft.server.log.statemachine.data.caching.enabled = false (default)
2023-01-26 20:29:43,535 [om1-impl-thread1] INFO  segmented.SegmentedRaftLogWorker (SegmentedRaftLogWorker.java:lambda$new$0(135)) - om1@group-C5BA1605619E-SegmentedRaftLogWorker: flushIndex: setUnconditionally 0 -> -1
2023-01-26 20:29:43,535 [om1-impl-thread1] INFO  segmented.SegmentedRaftLogWorker (SegmentedRaftLogWorker.java:lambda$new$0(135)) - om1@group-C5BA1605619E-SegmentedRaftLogWorker: safeCacheEvictIndex: setUnconditionally 0 -> -1
2023-01-26 20:29:43,537 [om1-impl-thread1] INFO  server.RaftServer$Division (RaftServerImpl.java:start(334)) - om1@group-C5BA1605619E: start as a follower, conf=-1: peers:[om1|rpc:localhost:9872|priority:0|startupRole:FOLLOWER]|listeners:[], old=null
2023-01-26 20:29:43,542 [om1-impl-thread1] INFO  server.RaftServer$Division (RaftServerImpl.java:setRole(321)) - om1@group-C5BA1605619E: changes role from      null to FOLLOWER at term 0 for startAsFollower
2023-01-26 20:29:43,543 [om1-impl-thread1] INFO  impl.RoleInfo (RoleInfo.java:updateAndGet(139)) - om1: start om1@group-C5BA1605619E-FollowerState
2023-01-26 20:29:43,545 [om1-impl-thread1] INFO  util.JmxRegister (JmxRegister.java:tryRegister(44)) - Successfully registered JMX Bean with object name Ratis:service=RaftServer,group=group-C5BA1605619E,id=om1
2023-01-26 20:29:43,547 [om1-impl-thread1] INFO  server.RaftServerConfigKeys (ConfUtils.java:logGet(46)) - raft.server.snapshot.auto.trigger.enabled = true (custom)
2023-01-26 20:29:43,547 [om1-impl-thread1] INFO  server.RaftServerConfigKeys (ConfUtils.java:logGet(46)) - raft.server.snapshot.auto.trigger.threshold = 400000 (default)
2023-01-26 20:29:43,548 [om1-impl-thread1] INFO  server.RaftServerConfigKeys (ConfUtils.java:logGet(46)) - raft.server.snapshot.retention.file.num = -1 (default)
2023-01-26 20:29:43,549 [om1-impl-thread1] INFO  server.RaftServerConfigKeys (ConfUtils.java:logGet(46)) - raft.server.log.purge.upto.snapshot.index = true (custom)
2023-01-26 20:29:43,552 [om1@group-C5BA1605619E-FollowerState] INFO  server.RaftServerConfigKeys (ConfUtils.java:logFallback(53)) - raft.server.rpc.first-election.timeout.min = 1s (fallback to raft.server.rpc.timeout.min)
2023-01-26 20:29:43,555 [om1@group-C5BA1605619E-FollowerState] INFO  server.RaftServerConfigKeys (ConfUtils.java:logFallback(53)) - raft.server.rpc.first-election.timeout.max = 1200ms (fallback to raft.server.rpc.timeout.max)
2023-01-26 20:29:43,556 [Listener at 127.0.0.1/38181] INFO  server.RaftServer (RaftServerProxy.java:startImpl(393)) - om1: start RPC server
2023-01-26 20:29:43,568 [Listener at 127.0.0.1/38181] INFO  server.GrpcService (GrpcService.java:startImpl(262)) - om1: GrpcService started, listening on 9872
2023-01-26 20:29:43,575 [Listener at 127.0.0.1/38181] INFO  om.OzoneManager (OzoneManager.java:start(1535)) - Version File has different layout version (3) than OM DB (null). That is expected if this OM has never been finalized to a newer layout version.
2023-01-26 20:29:43,576 [JvmPauseMonitor0] INFO  util.JvmPauseMonitor (JvmPauseMonitor.java:run(105)) - JvmPauseMonitor-om1: Started
2023-01-26 20:29:43,593 [Listener at 127.0.0.1/38181] INFO  http.BaseHttpServer (BaseHttpServer.java:newHttpServer2BuilderForOzone(213)) - Starting Web-server for ozoneManager at: http://0.0.0.0:0
2023-01-26 20:29:43,593 [Listener at 127.0.0.1/38181] INFO  http.BaseHttpServer (BaseHttpServer.java:<init>(108)) - Hadoop Security Enabled: false Ozone Security Enabled: false Ozone HTTP Security Enabled: false 
2023-01-26 20:29:43,595 [Listener at 127.0.0.1/38181] WARN  server.AuthenticationFilter (AuthenticationFilter.java:constructSecretProvider(240)) - Unable to initialize FileSignerSecretProvider, falling back to use random secrets. Reason: Could not read signature secret file: /home/runner/hadoop-http-auth-signature-secret
2023-01-26 20:29:43,598 [Listener at 127.0.0.1/38181] WARN  http.HttpRequestLog (HttpRequestLog.java:getRequestLog(103)) - Jetty request log can only be enabled using Log4j
2023-01-26 20:29:43,600 [Listener at 127.0.0.1/38181] INFO  http.HttpServer2 (HttpServer2.java:addGlobalFilter(1031)) - Added global filter 'safety' (class=org.apache.hadoop.hdds.server.http.HttpServer2$QuotingInputFilter)
2023-01-26 20:29:43,601 [Listener at 127.0.0.1/38181] INFO  http.HttpServer2 (HttpServer2.java:addFilter(1007)) - Added filter static_user_filter (class=org.apache.hadoop.http.lib.StaticUserWebFilter$StaticUserFilter) to context ozoneManager
2023-01-26 20:29:43,601 [Listener at 127.0.0.1/38181] INFO  http.HttpServer2 (HttpServer2.java:addFilter(1015)) - Added filter static_user_filter (class=org.apache.hadoop.http.lib.StaticUserWebFilter$StaticUserFilter) to context logs
2023-01-26 20:29:43,601 [Listener at 127.0.0.1/38181] INFO  http.HttpServer2 (HttpServer2.java:addFilter(1015)) - Added filter static_user_filter (class=org.apache.hadoop.http.lib.StaticUserWebFilter$StaticUserFilter) to context static
2023-01-26 20:29:43,603 [Listener at 127.0.0.1/38181] INFO  http.HttpServer2 (HttpServer2.java:bindListener(1250)) - Jetty bound to port 35163
2023-01-26 20:29:43,603 [Listener at 127.0.0.1/38181] INFO  server.Server (Server.java:doStart(375)) - jetty-9.4.49.v20220914; built: 2022-09-14T01:07:36.601Z; git: 4231a3b2e4cb8548a412a789936d640a97b1aa0a; jvm 1.8.0_352-b08
2023-01-26 20:29:43,605 [Listener at 127.0.0.1/38181] INFO  server.session (DefaultSessionIdManager.java:doStart(334)) - DefaultSessionIdManager workerName=node0
2023-01-26 20:29:43,606 [Listener at 127.0.0.1/38181] INFO  server.session (DefaultSessionIdManager.java:doStart(339)) - No SessionScavenger set, using defaults
2023-01-26 20:29:43,606 [Listener at 127.0.0.1/38181] INFO  server.session (HouseKeeper.java:startScavenging(132)) - node0 Scavenging every 660000ms
2023-01-26 20:29:43,606 [Listener at 127.0.0.1/38181] INFO  handler.ContextHandler (ContextHandler.java:doStart(921)) - Started o.e.j.s.ServletContextHandler@107b7bea{logs,/logs,file:///home/runner/work/ozone/ozone/hadoop-ozone/integration-test/target/log,AVAILABLE}
2023-01-26 20:29:43,607 [Listener at 127.0.0.1/38181] INFO  handler.ContextHandler (ContextHandler.java:doStart(921)) - Started o.e.j.s.ServletContextHandler@5a79b792{static,/static,file:///home/runner/work/ozone/ozone/hadoop-ozone/integration-test/target/test-classes/webapps/static,AVAILABLE}
2023-01-26 20:29:43,611 [Listener at 127.0.0.1/38181] INFO  handler.ContextHandler (ContextHandler.java:doStart(921)) - Started o.e.j.w.WebAppContext@20d7c50d{ozoneManager,/,file:///home/runner/work/ozone/ozone/hadoop-ozone/integration-test/target/test-classes/webapps/ozoneManager/,AVAILABLE}{file:/home/runner/work/ozone/ozone/hadoop-ozone/integration-test/target/test-classes/webapps/ozoneManager}
2023-01-26 20:29:43,612 [Listener at 127.0.0.1/38181] INFO  server.AbstractConnector (AbstractConnector.java:doStart(333)) - Started ServerConnector@5b6626e5{HTTP/1.1, (http/1.1)}{0.0.0.0:35163}
2023-01-26 20:29:43,612 [Listener at 127.0.0.1/38181] INFO  server.Server (Server.java:doStart(415)) - Started @7307ms
2023-01-26 20:29:43,612 [Listener at 127.0.0.1/38181] WARN  impl.MetricsSystemImpl (MetricsSystemImpl.java:register(279)) - Sink prometheus already exists!
2023-01-26 20:29:43,613 [Listener at 127.0.0.1/38181] INFO  http.BaseHttpServer (BaseHttpServer.java:updateConnectorAddress(333)) - HTTP server of ozoneManager listening at http://0.0.0.0:35163
2023-01-26 20:29:43,613 [IPC Server Responder] INFO  ipc.Server (Server.java:run(1512)) - IPC Server Responder: starting
2023-01-26 20:29:43,614 [IPC Server listener on 0] INFO  ipc.Server (Server.java:run(1352)) - IPC Server listener on 0: starting
2023-01-26 20:29:43,659 [Listener at 127.0.0.1/38181] INFO  om.TrashPolicyOzone (TrashPolicyOzone.java:<init>(277)) - Ozone Manager trash configuration: Deletion interval = 0 minutes, Emptier interval = 0 minutes.
2023-01-26 20:29:43,669 [org.apache.hadoop.util.JvmPauseMonitor$Monitor@1787edcc] INFO  util.JvmPauseMonitor (JvmPauseMonitor.java:run(188)) - Starting JVM pause monitor
2023-01-26 20:29:43,780 [Listener at 127.0.0.1/38181] WARN  impl.MetricRegistriesImpl (MetricRegistriesImpl.java:addReporterRegistration(111)) - New reporters are added after registries were created. Some metrics will be missing from the reporter. Please add reporter before adding any new registry.
2023-01-26 20:29:43,780 [Listener at 127.0.0.1/38181] WARN  impl.MetricRegistriesImpl (MetricRegistriesImpl.java:addReporterRegistration(111)) - New reporters are added after registries were created. Some metrics will be missing from the reporter. Please add reporter before adding any new registry.
2023-01-26 20:29:43,780 [Listener at 127.0.0.1/38181] INFO  impl.MetricsSystemImpl (MetricsSystemImpl.java:init(158)) - HddsDatanode metrics system started (again)
2023-01-26 20:29:43,796 [Listener at 127.0.0.1/38181] INFO  ozone.HddsDatanodeService (HddsDatanodeService.java:start(228)) - HddsDatanodeService host:fv-az462-54.0zuljvm5d0yedf4jva4xayy4gc.gx.internal.cloudapp.net ip:10.1.0.15
2023-01-26 20:29:43,827 [Listener at 127.0.0.1/38181] INFO  upgrade.AbstractLayoutVersionManager (AbstractLayoutVersionManager.java:init(83)) - Initializing Layout version manager with metadata layout = DATANODE_SCHEMA_V3 (version = 4), software layout = DATANODE_SCHEMA_V3 (version = 4)
2023-01-26 20:29:43,873 [Listener at 127.0.0.1/38181] INFO  reflections.Reflections (Reflections.java:scan(232)) - Reflections took 45 ms to scan 7 urls, producing 148 keys and 356 values 
2023-01-26 20:29:43,877 [Listener at 127.0.0.1/38181] INFO  statemachine.DatanodeStateMachine (DatanodeStateMachine.java:getEndPointTaskThreadPoolSize(259)) - Datanode State Machine Task Thread Pool size 2
2023-01-26 20:29:43,930 [Listener at 127.0.0.1/38181] INFO  volume.HddsVolume (HddsVolume.java:<init>(117)) - Creating HddsVolume: /home/runner/work/ozone/ozone/hadoop-ozone/integration-test/target/test-dir/MiniOzoneClusterImpl-91732d81-4c55-4ff3-841d-5fdfde2aad74/datanode-0/data-0/containers/hdds of storage type : DISK capacity : 9223372036854775807
2023-01-26 20:29:43,932 [Listener at 127.0.0.1/38181] INFO  volume.MutableVolumeSet (MutableVolumeSet.java:initializeVolumeSet(174)) - Added Volume : /home/runner/work/ozone/ozone/hadoop-ozone/integration-test/target/test-dir/MiniOzoneClusterImpl-91732d81-4c55-4ff3-841d-5fdfde2aad74/datanode-0/data-0/containers/hdds to VolumeSet
2023-01-26 20:29:43,933 [Listener at 127.0.0.1/38181] INFO  volume.ThrottledAsyncChecker (ThrottledAsyncChecker.java:schedule(141)) - Scheduling a check for /home/runner/work/ozone/ozone/hadoop-ozone/integration-test/target/test-dir/MiniOzoneClusterImpl-91732d81-4c55-4ff3-841d-5fdfde2aad74/datanode-0/data-0/containers/hdds
2023-01-26 20:29:43,955 [Listener at 127.0.0.1/38181] INFO  volume.StorageVolumeChecker (StorageVolumeChecker.java:checkAllVolumes(202)) - Scheduled health check for volume /home/runner/work/ozone/ozone/hadoop-ozone/integration-test/target/test-dir/MiniOzoneClusterImpl-91732d81-4c55-4ff3-841d-5fdfde2aad74/datanode-0/data-0/containers/hdds
2023-01-26 20:29:43,974 [Listener at 127.0.0.1/38181] INFO  volume.MutableVolumeSet (MutableVolumeSet.java:initializeVolumeSet(174)) - Added Volume : /home/runner/work/ozone/ozone/hadoop-ozone/integration-test/target/test-dir/MiniOzoneClusterImpl-91732d81-4c55-4ff3-841d-5fdfde2aad74/datanode-0/data/ratis to VolumeSet
2023-01-26 20:29:43,975 [Listener at 127.0.0.1/38181] INFO  volume.ThrottledAsyncChecker (ThrottledAsyncChecker.java:schedule(141)) - Scheduling a check for /home/runner/work/ozone/ozone/hadoop-ozone/integration-test/target/test-dir/MiniOzoneClusterImpl-91732d81-4c55-4ff3-841d-5fdfde2aad74/datanode-0/data/ratis
2023-01-26 20:29:43,976 [Listener at 127.0.0.1/38181] INFO  volume.StorageVolumeChecker (StorageVolumeChecker.java:checkAllVolumes(202)) - Scheduled health check for volume /home/runner/work/ozone/ozone/hadoop-ozone/integration-test/target/test-dir/MiniOzoneClusterImpl-91732d81-4c55-4ff3-841d-5fdfde2aad74/datanode-0/data/ratis
2023-01-26 20:29:44,007 [Thread-136] INFO  ozoneimpl.ContainerReader (ContainerReader.java:readVolume(175)) - Finish verifying containers on volume /home/runner/work/ozone/ozone/hadoop-ozone/integration-test/target/test-dir/MiniOzoneClusterImpl-91732d81-4c55-4ff3-841d-5fdfde2aad74/datanode-0/data-0/containers/hdds
2023-01-26 20:29:44,008 [Listener at 127.0.0.1/38181] INFO  ozoneimpl.OzoneContainer (OzoneContainer.java:buildContainerSet(305)) - Build ContainerSet costs 0s
2023-01-26 20:29:44,060 [Listener at 127.0.0.1/38181] INFO  audit.AuditLogger (AuditLogger.java:refreshDebugCmdSet(126)) - Refresh DebugCmdSet for DNAudit to [].
2023-01-26 20:29:44,098 [Listener at 127.0.0.1/38181] INFO  server.RaftServer (ConfUtils.java:logGet(46)) - raft.rpc.type = GRPC (default)
2023-01-26 20:29:44,100 [Listener at 127.0.0.1/38181] INFO  grpc.GrpcConfigKeys (ConfUtils.java:logFallback(53)) - raft.grpc.admin.host = null (fallback to raft.grpc.server.host)
2023-01-26 20:29:44,101 [Listener at 127.0.0.1/38181] INFO  grpc.GrpcConfigKeys (ConfUtils.java:logGet(46)) - raft.grpc.admin.port = 0 (custom)
2023-01-26 20:29:44,106 [Listener at 127.0.0.1/38181] INFO  grpc.GrpcConfigKeys (ConfUtils.java:logFallback(53)) - raft.grpc.client.host = null (fallback to raft.grpc.server.host)
2023-01-26 20:29:44,106 [Listener at 127.0.0.1/38181] INFO  grpc.GrpcConfigKeys (ConfUtils.java:logGet(46)) - raft.grpc.client.port = 0 (custom)
2023-01-26 20:29:44,106 [Listener at 127.0.0.1/38181] INFO  grpc.GrpcConfigKeys (ConfUtils.java:logGet(46)) - raft.grpc.server.host = null (default)
2023-01-26 20:29:44,106 [Listener at 127.0.0.1/38181] INFO  grpc.GrpcConfigKeys (ConfUtils.java:logGet(46)) - raft.grpc.server.port = 0 (default)
2023-01-26 20:29:44,107 [Listener at 127.0.0.1/38181] INFO  server.GrpcService (ConfUtils.java:logGet(46)) - raft.grpc.message.size.max = 32MB (=33554432) (custom)
2023-01-26 20:29:44,107 [Listener at 127.0.0.1/38181] INFO  server.RaftServerConfigKeys (ConfUtils.java:logGet(46)) - raft.server.log.appender.buffer.byte-limit = 33554432 (custom)
2023-01-26 20:29:44,107 [Listener at 127.0.0.1/38181] INFO  server.GrpcService (ConfUtils.java:logGet(46)) - raft.grpc.flow.control.window = 5MB (=5242880) (custom)
2023-01-26 20:29:44,108 [Listener at 127.0.0.1/38181] INFO  server.RaftServerConfigKeys (ConfUtils.java:logGet(46)) - raft.server.rpc.request.timeout = 60s (custom)
2023-01-26 20:29:44,108 [Listener at 127.0.0.1/38181] INFO  grpc.GrpcConfigKeys (ConfUtils.java:logGet(46)) - raft.grpc.server.heartbeat.channel = true (default)
2023-01-26 20:29:44,108 [Listener at 127.0.0.1/38181] INFO  grpc.GrpcConfigKeys (ConfUtils.java:logGet(46)) - raft.grpc.server.async.request.thread.pool.cached = true (default)
2023-01-26 20:29:44,108 [Listener at 127.0.0.1/38181] INFO  grpc.GrpcConfigKeys (ConfUtils.java:logGet(46)) - raft.grpc.server.async.request.thread.pool.size = 32 (default)
2023-01-26 20:29:44,110 [Listener at 127.0.0.1/38181] INFO  impl.DataStreamServerImpl (ConfUtils.java:logGet(46)) - raft.datastream.type = NETTY (custom)
2023-01-26 20:29:44,110 [Listener at 127.0.0.1/38181] INFO  server.RaftServerConfigKeys (ConfUtils.java:logGet(46)) - raft.server.data-stream.async.request.thread.pool.cached = false (default)
2023-01-26 20:29:44,110 [Listener at 127.0.0.1/38181] INFO  server.RaftServerConfigKeys (ConfUtils.java:logGet(46)) - raft.server.data-stream.async.request.thread.pool.size = 20 (custom)
2023-01-26 20:29:44,110 [Listener at 127.0.0.1/38181] INFO  server.RaftServerConfigKeys (ConfUtils.java:logGet(46)) - raft.server.data-stream.async.write.thread.pool.size = 16 (default)
2023-01-26 20:29:44,111 [Listener at 127.0.0.1/38181] INFO  server.RaftServerConfigKeys (ConfUtils.java:logGet(46)) - raft.server.data-stream.client.pool.size = 10 (default)
2023-01-26 20:29:44,111 [Listener at 127.0.0.1/38181] INFO  netty.NettyConfigKeys$DataStream (ConfUtils.java:logGet(46)) - raft.netty.dataStream.server.use-epoll = false (default)
2023-01-26 20:29:44,111 [Listener at 127.0.0.1/38181] INFO  netty.NettyConfigKeys$DataStream (ConfUtils.java:logGet(46)) - raft.netty.dataStream.server.boss-group.size = 0 (default)
2023-01-26 20:29:44,111 [Listener at 127.0.0.1/38181] INFO  netty.NettyConfigKeys$DataStream (ConfUtils.java:logGet(46)) - raft.netty.dataStream.server.worker-group.size = 0 (default)
2023-01-26 20:29:44,124 [Listener at 127.0.0.1/38181] INFO  netty.NettyConfigKeys$DataStream (ConfUtils.java:logGet(46)) - raft.netty.dataStream.server.tls.conf = null (default)
2023-01-26 20:29:44,124 [Listener at 127.0.0.1/38181] INFO  netty.NettyConfigKeys$DataStream (ConfUtils.java:logGet(46)) - raft.netty.dataStream.host = null (default)
2023-01-26 20:29:44,124 [Listener at 127.0.0.1/38181] INFO  netty.NettyConfigKeys$DataStream (ConfUtils.java:logGet(46)) - raft.netty.dataStream.port = 0 (default)
2023-01-26 20:29:44,125 [Listener at 127.0.0.1/38181] INFO  server.RaftServerConfigKeys (ConfUtils.java:logGet(46)) - raft.server.threadpool.proxy.cached = true (default)
2023-01-26 20:29:44,125 [Listener at 127.0.0.1/38181] INFO  server.RaftServerConfigKeys (ConfUtils.java:logGet(46)) - raft.server.threadpool.proxy.size = 0 (default)
2023-01-26 20:29:44,125 [Listener at 127.0.0.1/38181] INFO  server.RaftServerConfigKeys (ConfUtils.java:logGet(46)) - raft.server.rpc.slowness.timeout = 300s (custom)
2023-01-26 20:29:44,125 [Listener at 127.0.0.1/38181] INFO  server.RaftServerConfigKeys (ConfUtils.java:logGet(46)) - raft.server.leaderelection.leader.step-down.wait-time = 10s (default)
2023-01-26 20:29:44,126 [Listener at 127.0.0.1/38181] INFO  server.RaftServerConfigKeys (ConfUtils.java:logGet(46)) - raft.server.storage.dir = [/home/runner/work/ozone/ozone/hadoop-ozone/integration-test/target/test-dir/MiniOzoneClusterImpl-91732d81-4c55-4ff3-841d-5fdfde2aad74/datanode-0/data/ratis] (custom)
2023-01-26 20:29:44,136 [7bf5aaad-ce4d-4dcc-9fd5-6307881c1b43-NettyServerStreamRpc-bossGroup--thread1] INFO  logging.LoggingHandler (AbstractInternalLogger.java:log(148)) - [id: 0xaa595d80] REGISTERED
2023-01-26 20:29:44,140 [7bf5aaad-ce4d-4dcc-9fd5-6307881c1b43-NettyServerStreamRpc-bossGroup--thread1] INFO  logging.LoggingHandler (AbstractInternalLogger.java:log(148)) - [id: 0xaa595d80] BIND: 0.0.0.0/0.0.0.0:0
2023-01-26 20:29:44,141 [7bf5aaad-ce4d-4dcc-9fd5-6307881c1b43-NettyServerStreamRpc-bossGroup--thread1] INFO  logging.LoggingHandler (AbstractInternalLogger.java:log(148)) - [id: 0xaa595d80, L:/0:0:0:0:0:0:0:0:41069] ACTIVE
2023-01-26 20:29:44,153 [Listener at 127.0.0.1/38181] INFO  server.XceiverServerGrpc (XceiverServerGrpc.java:<init>(132)) - GrpcServer channel type EpollServerSocketChannel
2023-01-26 20:29:44,218 [Listener at 127.0.0.1/38181] INFO  http.BaseHttpServer (BaseHttpServer.java:newHttpServer2BuilderForOzone(213)) - Starting Web-server for hddsDatanode at: http://0.0.0.0:0
2023-01-26 20:29:44,218 [Listener at 127.0.0.1/38181] INFO  http.BaseHttpServer (BaseHttpServer.java:<init>(108)) - Hadoop Security Enabled: false Ozone Security Enabled: false Ozone HTTP Security Enabled: false 
2023-01-26 20:29:44,220 [Listener at 127.0.0.1/38181] WARN  server.AuthenticationFilter (AuthenticationFilter.java:constructSecretProvider(240)) - Unable to initialize FileSignerSecretProvider, falling back to use random secrets. Reason: Could not read signature secret file: /home/runner/hadoop-http-auth-signature-secret
2023-01-26 20:29:44,220 [Listener at 127.0.0.1/38181] WARN  http.HttpRequestLog (HttpRequestLog.java:getRequestLog(103)) - Jetty request log can only be enabled using Log4j
2023-01-26 20:29:44,222 [Listener at 127.0.0.1/38181] INFO  http.HttpServer2 (HttpServer2.java:addGlobalFilter(1031)) - Added global filter 'safety' (class=org.apache.hadoop.hdds.server.http.HttpServer2$QuotingInputFilter)
2023-01-26 20:29:44,223 [Listener at 127.0.0.1/38181] INFO  http.HttpServer2 (HttpServer2.java:addFilter(1007)) - Added filter static_user_filter (class=org.apache.hadoop.http.lib.StaticUserWebFilter$StaticUserFilter) to context hddsDatanode
2023-01-26 20:29:44,223 [Listener at 127.0.0.1/38181] INFO  http.HttpServer2 (HttpServer2.java:addFilter(1015)) - Added filter static_user_filter (class=org.apache.hadoop.http.lib.StaticUserWebFilter$StaticUserFilter) to context static
2023-01-26 20:29:44,223 [Listener at 127.0.0.1/38181] INFO  http.HttpServer2 (HttpServer2.java:addFilter(1015)) - Added filter static_user_filter (class=org.apache.hadoop.http.lib.StaticUserWebFilter$StaticUserFilter) to context logs
2023-01-26 20:29:44,224 [Listener at 127.0.0.1/38181] INFO  http.HttpServer2 (HttpServer2.java:bindListener(1250)) - Jetty bound to port 35803
2023-01-26 20:29:44,224 [Listener at 127.0.0.1/38181] INFO  server.Server (Server.java:doStart(375)) - jetty-9.4.49.v20220914; built: 2022-09-14T01:07:36.601Z; git: 4231a3b2e4cb8548a412a789936d640a97b1aa0a; jvm 1.8.0_352-b08
2023-01-26 20:29:44,232 [Listener at 127.0.0.1/38181] INFO  server.session (DefaultSessionIdManager.java:doStart(334)) - DefaultSessionIdManager workerName=node0
2023-01-26 20:29:44,232 [Listener at 127.0.0.1/38181] INFO  server.session (DefaultSessionIdManager.java:doStart(339)) - No SessionScavenger set, using defaults
2023-01-26 20:29:44,233 [Listener at 127.0.0.1/38181] INFO  server.session (HouseKeeper.java:startScavenging(132)) - node0 Scavenging every 600000ms
2023-01-26 20:29:44,233 [Listener at 127.0.0.1/38181] INFO  handler.ContextHandler (ContextHandler.java:doStart(921)) - Started o.e.j.s.ServletContextHandler@7d829005{logs,/logs,file:///home/runner/work/ozone/ozone/hadoop-ozone/integration-test/target/log,AVAILABLE}
2023-01-26 20:29:44,234 [Listener at 127.0.0.1/38181] INFO  handler.ContextHandler (ContextHandler.java:doStart(921)) - Started o.e.j.s.ServletContextHandler@6ca973af{static,/static,jar:file:/home/runner/.m2/repository/org/apache/ozone/hdds-container-service/1.4.0-SNAPSHOT/hdds-container-service-1.4.0-SNAPSHOT.jar!/webapps/static,AVAILABLE}
2023-01-26 20:29:44,425 [Listener at 127.0.0.1/38181] INFO  handler.ContextHandler (ContextHandler.java:doStart(921)) - Started o.e.j.w.WebAppContext@718991cd{hddsDatanode,/,file:///tmp/jetty-0_0_0_0-35803-hdds-container-service-1_4_0-SNAPSHOT_jar-_-any-7178767293723168473/webapp/,AVAILABLE}{jar:file:/home/runner/.m2/repository/org/apache/ozone/hdds-container-service/1.4.0-SNAPSHOT/hdds-container-service-1.4.0-SNAPSHOT.jar!/webapps/hddsDatanode}
2023-01-26 20:29:44,426 [Listener at 127.0.0.1/38181] INFO  server.AbstractConnector (AbstractConnector.java:doStart(333)) - Started ServerConnector@7bb15812{HTTP/1.1, (http/1.1)}{0.0.0.0:35803}
2023-01-26 20:29:44,427 [Listener at 127.0.0.1/38181] INFO  server.Server (Server.java:doStart(415)) - Started @8122ms
2023-01-26 20:29:44,427 [Listener at 127.0.0.1/38181] WARN  impl.MetricsSystemImpl (MetricsSystemImpl.java:register(279)) - Sink prometheus already exists!
2023-01-26 20:29:44,427 [Listener at 127.0.0.1/38181] INFO  http.BaseHttpServer (BaseHttpServer.java:updateConnectorAddress(333)) - HTTP server of hddsDatanode listening at http://0.0.0.0:35803
2023-01-26 20:29:44,429 [Listener at 127.0.0.1/38181] WARN  impl.MetricRegistriesImpl (MetricRegistriesImpl.java:addReporterRegistration(111)) - New reporters are added after registries were created. Some metrics will be missing from the reporter. Please add reporter before adding any new registry.
2023-01-26 20:29:44,429 [Listener at 127.0.0.1/38181] WARN  impl.MetricRegistriesImpl (MetricRegistriesImpl.java:addReporterRegistration(111)) - New reporters are added after registries were created. Some metrics will be missing from the reporter. Please add reporter before adding any new registry.
2023-01-26 20:29:44,429 [Listener at 127.0.0.1/38181] INFO  impl.MetricsSystemImpl (MetricsSystemImpl.java:init(158)) - HddsDatanode metrics system started (again)
2023-01-26 20:29:44,467 [Listener at 127.0.0.1/38181] INFO  ozone.HddsDatanodeService (HddsDatanodeService.java:start(228)) - HddsDatanodeService host:fv-az462-54.0zuljvm5d0yedf4jva4xayy4gc.gx.internal.cloudapp.net ip:10.1.0.15
2023-01-26 20:29:44,468 [Datanode State Machine Daemon Thread] INFO  statemachine.DatanodeStateMachine (DatanodeStateMachine.java:lambda$startDaemon$0(515)) - Ozone container server started.
2023-01-26 20:29:44,480 [org.apache.hadoop.util.JvmPauseMonitor$Monitor@4886bbc7] INFO  util.JvmPauseMonitor (JvmPauseMonitor.java:run(188)) - Starting JVM pause monitor
2023-01-26 20:29:44,517 [Listener at 127.0.0.1/38181] INFO  upgrade.AbstractLayoutVersionManager (AbstractLayoutVersionManager.java:init(83)) - Initializing Layout version manager with metadata layout = DATANODE_SCHEMA_V3 (version = 4), software layout = DATANODE_SCHEMA_V3 (version = 4)
2023-01-26 20:29:44,576 [om1@group-C5BA1605619E-FollowerState] INFO  impl.FollowerState (FollowerState.java:run(143)) - om1@group-C5BA1605619E-FollowerState: change to CANDIDATE, lastRpcElapsedTime:1032559201ns, electionTimeout:1020ms
2023-01-26 20:29:44,577 [om1@group-C5BA1605619E-FollowerState] INFO  impl.RoleInfo (RoleInfo.java:shutdownFollowerState(110)) - om1: shutdown om1@group-C5BA1605619E-FollowerState
2023-01-26 20:29:44,585 [om1@group-C5BA1605619E-FollowerState] INFO  server.RaftServer$Division (RaftServerImpl.java:setRole(321)) - om1@group-C5BA1605619E: changes role from  FOLLOWER to CANDIDATE at term 0 for changeToCandidate
2023-01-26 20:29:44,587 [om1@group-C5BA1605619E-FollowerState] INFO  server.RaftServerConfigKeys (ConfUtils.java:logGet(46)) - raft.server.leaderelection.pre-vote = false (custom)
2023-01-26 20:29:44,587 [om1@group-C5BA1605619E-FollowerState] INFO  impl.RoleInfo (RoleInfo.java:updateAndGet(139)) - om1: start om1@group-C5BA1605619E-LeaderElection1
2023-01-26 20:29:44,601 [om1@group-C5BA1605619E-LeaderElection1] INFO  impl.LeaderElection (LeaderElection.java:askForVotes(312)) - om1@group-C5BA1605619E-LeaderElection1 ELECTION round 0: submit vote requests at term 1 for -1: peers:[om1|rpc:localhost:9872|priority:0|startupRole:FOLLOWER]|listeners:[], old=null
2023-01-26 20:29:44,602 [om1@group-C5BA1605619E-LeaderElection1] INFO  impl.LeaderElection (LeaderElection.java:askForVotes(314)) - om1@group-C5BA1605619E-LeaderElection1 ELECTION round 0: result PASSED (term=1)
2023-01-26 20:29:44,603 [om1@group-C5BA1605619E-LeaderElection1] INFO  impl.RoleInfo (RoleInfo.java:shutdownLeaderElection(130)) - om1: shutdown om1@group-C5BA1605619E-LeaderElection1
2023-01-26 20:29:44,603 [om1@group-C5BA1605619E-LeaderElection1] INFO  server.RaftServer$Division (RaftServerImpl.java:setRole(321)) - om1@group-C5BA1605619E: changes role from CANDIDATE to LEADER at term 1 for changeToLeader
2023-01-26 20:29:44,603 [om1@group-C5BA1605619E-LeaderElection1] INFO  server.RaftServer$Division (ServerState.java:setLeader(313)) - om1@group-C5BA1605619E: change Leader from null to om1 at term 1 for becomeLeader, leader elected after 2116ms
2023-01-26 20:29:44,611 [Listener at 127.0.0.1/38181] INFO  reflections.Reflections (Reflections.java:scan(232)) - Reflections took 92 ms to scan 7 urls, producing 148 keys and 356 values 
2023-01-26 20:29:44,613 [Listener at 127.0.0.1/38181] INFO  statemachine.DatanodeStateMachine (DatanodeStateMachine.java:getEndPointTaskThreadPoolSize(259)) - Datanode State Machine Task Thread Pool size 2
2023-01-26 20:29:44,615 [Listener at 127.0.0.1/38181] INFO  volume.HddsVolume (HddsVolume.java:<init>(117)) - Creating HddsVolume: /home/runner/work/ozone/ozone/hadoop-ozone/integration-test/target/test-dir/MiniOzoneClusterImpl-91732d81-4c55-4ff3-841d-5fdfde2aad74/datanode-1/data-0/containers/hdds of storage type : DISK capacity : 9223372036854775807
2023-01-26 20:29:44,616 [Listener at 127.0.0.1/38181] INFO  volume.MutableVolumeSet (MutableVolumeSet.java:initializeVolumeSet(174)) - Added Volume : /home/runner/work/ozone/ozone/hadoop-ozone/integration-test/target/test-dir/MiniOzoneClusterImpl-91732d81-4c55-4ff3-841d-5fdfde2aad74/datanode-1/data-0/containers/hdds to VolumeSet
2023-01-26 20:29:44,616 [Listener at 127.0.0.1/38181] INFO  volume.ThrottledAsyncChecker (ThrottledAsyncChecker.java:schedule(141)) - Scheduling a check for /home/runner/work/ozone/ozone/hadoop-ozone/integration-test/target/test-dir/MiniOzoneClusterImpl-91732d81-4c55-4ff3-841d-5fdfde2aad74/datanode-1/data-0/containers/hdds
2023-01-26 20:29:44,616 [Listener at 127.0.0.1/38181] INFO  volume.StorageVolumeChecker (StorageVolumeChecker.java:checkAllVolumes(202)) - Scheduled health check for volume /home/runner/work/ozone/ozone/hadoop-ozone/integration-test/target/test-dir/MiniOzoneClusterImpl-91732d81-4c55-4ff3-841d-5fdfde2aad74/datanode-1/data-0/containers/hdds
2023-01-26 20:29:44,620 [om1@group-C5BA1605619E-LeaderElection1] INFO  server.RaftServerConfigKeys (ConfUtils.java:logGet(46)) - raft.server.staging.catchup.gap = 1000 (default)
2023-01-26 20:29:44,628 [Listener at 127.0.0.1/38181] INFO  volume.MutableVolumeSet (MutableVolumeSet.java:initializeVolumeSet(174)) - Added Volume : /home/runner/work/ozone/ozone/hadoop-ozone/integration-test/target/test-dir/MiniOzoneClusterImpl-91732d81-4c55-4ff3-841d-5fdfde2aad74/datanode-1/data/ratis to VolumeSet
2023-01-26 20:29:44,629 [Listener at 127.0.0.1/38181] INFO  volume.ThrottledAsyncChecker (ThrottledAsyncChecker.java:schedule(141)) - Scheduling a check for /home/runner/work/ozone/ozone/hadoop-ozone/integration-test/target/test-dir/MiniOzoneClusterImpl-91732d81-4c55-4ff3-841d-5fdfde2aad74/datanode-1/data/ratis
2023-01-26 20:29:44,629 [Listener at 127.0.0.1/38181] INFO  volume.StorageVolumeChecker (StorageVolumeChecker.java:checkAllVolumes(202)) - Scheduled health check for volume /home/runner/work/ozone/ozone/hadoop-ozone/integration-test/target/test-dir/MiniOzoneClusterImpl-91732d81-4c55-4ff3-841d-5fdfde2aad74/datanode-1/data/ratis
2023-01-26 20:29:44,635 [om1@group-C5BA1605619E-LeaderElection1] INFO  server.RaftServerConfigKeys (ConfUtils.java:logGet(46)) - raft.server.write.element-limit = 4096 (default)
2023-01-26 20:29:44,644 [om1@group-C5BA1605619E-LeaderElection1] INFO  server.RaftServerConfigKeys (ConfUtils.java:logGet(46)) - raft.server.write.byte-limit = 64MB (=67108864) (default)
2023-01-26 20:29:44,640 [Thread-152] INFO  ozoneimpl.ContainerReader (ContainerReader.java:readVolume(175)) - Finish verifying containers on volume /home/runner/work/ozone/ozone/hadoop-ozone/integration-test/target/test-dir/MiniOzoneClusterImpl-91732d81-4c55-4ff3-841d-5fdfde2aad74/datanode-1/data-0/containers/hdds
2023-01-26 20:29:44,648 [Listener at 127.0.0.1/38181] INFO  ozoneimpl.OzoneContainer (OzoneContainer.java:buildContainerSet(305)) - Build ContainerSet costs 0s
2023-01-26 20:29:44,652 [Listener at 127.0.0.1/38181] INFO  server.RaftServer (ConfUtils.java:logGet(46)) - raft.rpc.type = GRPC (default)
2023-01-26 20:29:44,652 [Listener at 127.0.0.1/38181] INFO  grpc.GrpcConfigKeys (ConfUtils.java:logFallback(53)) - raft.grpc.admin.host = null (fallback to raft.grpc.server.host)
2023-01-26 20:29:44,653 [Listener at 127.0.0.1/38181] INFO  grpc.GrpcConfigKeys (ConfUtils.java:logGet(46)) - raft.grpc.admin.port = 0 (custom)
2023-01-26 20:29:44,653 [Listener at 127.0.0.1/38181] INFO  grpc.GrpcConfigKeys (ConfUtils.java:logFallback(53)) - raft.grpc.client.host = null (fallback to raft.grpc.server.host)
2023-01-26 20:29:44,653 [Listener at 127.0.0.1/38181] INFO  grpc.GrpcConfigKeys (ConfUtils.java:logGet(46)) - raft.grpc.client.port = 0 (custom)
2023-01-26 20:29:44,653 [om1@group-C5BA1605619E-LeaderElection1] INFO  server.RaftServerConfigKeys (ConfUtils.java:logGet(46)) - raft.server.watch.timeout = 10s (default)
2023-01-26 20:29:44,653 [om1@group-C5BA1605619E-LeaderElection1] INFO  server.RaftServerConfigKeys (ConfUtils.java:logGet(46)) - raft.server.watch.timeout.denomination = 1s (default)
2023-01-26 20:29:44,654 [om1@group-C5BA1605619E-LeaderElection1] INFO  server.RaftServerConfigKeys (ConfUtils.java:logGet(46)) - raft.server.watch.element-limit = 65536 (default)
2023-01-26 20:29:44,653 [Listener at 127.0.0.1/38181] INFO  grpc.GrpcConfigKeys (ConfUtils.java:logGet(46)) - raft.grpc.server.host = null (default)
2023-01-26 20:29:44,656 [Listener at 127.0.0.1/38181] INFO  grpc.GrpcConfigKeys (ConfUtils.java:logGet(46)) - raft.grpc.server.port = 0 (default)
2023-01-26 20:29:44,656 [Listener at 127.0.0.1/38181] INFO  server.GrpcService (ConfUtils.java:logGet(46)) - raft.grpc.message.size.max = 32MB (=33554432) (custom)
2023-01-26 20:29:44,657 [Listener at 127.0.0.1/38181] INFO  server.RaftServerConfigKeys (ConfUtils.java:logGet(46)) - raft.server.log.appender.buffer.byte-limit = 33554432 (custom)
2023-01-26 20:29:44,657 [Listener at 127.0.0.1/38181] INFO  server.GrpcService (ConfUtils.java:logGet(46)) - raft.grpc.flow.control.window = 5MB (=5242880) (custom)
2023-01-26 20:29:44,657 [Listener at 127.0.0.1/38181] INFO  server.RaftServerConfigKeys (ConfUtils.java:logGet(46)) - raft.server.rpc.request.timeout = 60s (custom)
2023-01-26 20:29:44,657 [Listener at 127.0.0.1/38181] INFO  grpc.GrpcConfigKeys (ConfUtils.java:logGet(46)) - raft.grpc.server.heartbeat.channel = true (default)
2023-01-26 20:29:44,657 [Listener at 127.0.0.1/38181] INFO  grpc.GrpcConfigKeys (ConfUtils.java:logGet(46)) - raft.grpc.server.async.request.thread.pool.cached = true (default)
2023-01-26 20:29:44,657 [Listener at 127.0.0.1/38181] INFO  grpc.GrpcConfigKeys (ConfUtils.java:logGet(46)) - raft.grpc.server.async.request.thread.pool.size = 32 (default)
2023-01-26 20:29:44,661 [Listener at 127.0.0.1/38181] INFO  impl.DataStreamServerImpl (ConfUtils.java:logGet(46)) - raft.datastream.type = NETTY (custom)
2023-01-26 20:29:44,664 [Listener at 127.0.0.1/38181] INFO  server.RaftServerConfigKeys (ConfUtils.java:logGet(46)) - raft.server.data-stream.async.request.thread.pool.cached = false (default)
2023-01-26 20:29:44,664 [Listener at 127.0.0.1/38181] INFO  server.RaftServerConfigKeys (ConfUtils.java:logGet(46)) - raft.server.data-stream.async.request.thread.pool.size = 20 (custom)
2023-01-26 20:29:44,664 [Listener at 127.0.0.1/38181] INFO  server.RaftServerConfigKeys (ConfUtils.java:logGet(46)) - raft.server.data-stream.async.write.thread.pool.size = 16 (default)
2023-01-26 20:29:44,664 [Listener at 127.0.0.1/38181] INFO  server.RaftServerConfigKeys (ConfUtils.java:logGet(46)) - raft.server.data-stream.client.pool.size = 10 (default)
2023-01-26 20:29:44,665 [Listener at 127.0.0.1/38181] INFO  netty.NettyConfigKeys$DataStream (ConfUtils.java:logGet(46)) - raft.netty.dataStream.server.use-epoll = false (default)
2023-01-26 20:29:44,665 [Listener at 127.0.0.1/38181] INFO  netty.NettyConfigKeys$DataStream (ConfUtils.java:logGet(46)) - raft.netty.dataStream.server.boss-group.size = 0 (default)
2023-01-26 20:29:44,665 [Listener at 127.0.0.1/38181] INFO  netty.NettyConfigKeys$DataStream (ConfUtils.java:logGet(46)) - raft.netty.dataStream.server.worker-group.size = 0 (default)
2023-01-26 20:29:44,666 [Listener at 127.0.0.1/38181] INFO  netty.NettyConfigKeys$DataStream (ConfUtils.java:logGet(46)) - raft.netty.dataStream.server.tls.conf = null (default)
2023-01-26 20:29:44,666 [Listener at 127.0.0.1/38181] INFO  netty.NettyConfigKeys$DataStream (ConfUtils.java:logGet(46)) - raft.netty.dataStream.host = null (default)
2023-01-26 20:29:44,666 [Listener at 127.0.0.1/38181] INFO  netty.NettyConfigKeys$DataStream (ConfUtils.java:logGet(46)) - raft.netty.dataStream.port = 0 (default)
2023-01-26 20:29:44,667 [om1@group-C5BA1605619E-LeaderElection1] INFO  server.RaftServerConfigKeys (ConfUtils.java:logGet(46)) - raft.server.write.element-limit = 4096 (default)
2023-01-26 20:29:44,671 [om1@group-C5BA1605619E-LeaderElection1] INFO  server.RaftServerConfigKeys (ConfUtils.java:logGet(46)) - raft.server.write.follower.gap.ratio.max = -1.0 (default)
2023-01-26 20:29:44,672 [Listener at 127.0.0.1/38181] INFO  server.RaftServerConfigKeys (ConfUtils.java:logGet(46)) - raft.server.threadpool.proxy.cached = true (default)
2023-01-26 20:29:44,672 [Listener at 127.0.0.1/38181] INFO  server.RaftServerConfigKeys (ConfUtils.java:logGet(46)) - raft.server.threadpool.proxy.size = 0 (default)
2023-01-26 20:29:44,674 [Listener at 127.0.0.1/38181] INFO  server.RaftServerConfigKeys (ConfUtils.java:logGet(46)) - raft.server.rpc.slowness.timeout = 300s (custom)
2023-01-26 20:29:44,674 [Listener at 127.0.0.1/38181] INFO  server.RaftServerConfigKeys (ConfUtils.java:logGet(46)) - raft.server.leaderelection.leader.step-down.wait-time = 10s (default)
2023-01-26 20:29:44,674 [Listener at 127.0.0.1/38181] INFO  server.RaftServerConfigKeys (ConfUtils.java:logGet(46)) - raft.server.storage.dir = [/home/runner/work/ozone/ozone/hadoop-ozone/integration-test/target/test-dir/MiniOzoneClusterImpl-91732d81-4c55-4ff3-841d-5fdfde2aad74/datanode-1/data/ratis] (custom)
2023-01-26 20:29:44,674 [om1@group-C5BA1605619E-LeaderElection1] INFO  impl.RoleInfo (RoleInfo.java:updateAndGet(139)) - om1: start om1@group-C5BA1605619E-LeaderStateImpl
2023-01-26 20:29:44,684 [1568f87f-b911-477a-a667-1c441b63e4c2-NettyServerStreamRpc-bossGroup--thread1] INFO  logging.LoggingHandler (AbstractInternalLogger.java:log(148)) - [id: 0xe1099daa] REGISTERED
2023-01-26 20:29:44,685 [1568f87f-b911-477a-a667-1c441b63e4c2-NettyServerStreamRpc-bossGroup--thread1] INFO  logging.LoggingHandler (AbstractInternalLogger.java:log(148)) - [id: 0xe1099daa] BIND: 0.0.0.0/0.0.0.0:0
2023-01-26 20:29:44,685 [1568f87f-b911-477a-a667-1c441b63e4c2-NettyServerStreamRpc-bossGroup--thread1] INFO  logging.LoggingHandler (AbstractInternalLogger.java:log(148)) - [id: 0xe1099daa, L:/0:0:0:0:0:0:0:0:41383] ACTIVE
2023-01-26 20:29:44,689 [Listener at 127.0.0.1/38181] INFO  server.XceiverServerGrpc (XceiverServerGrpc.java:<init>(132)) - GrpcServer channel type EpollServerSocketChannel
2023-01-26 20:29:44,705 [Listener at 127.0.0.1/38181] INFO  http.BaseHttpServer (BaseHttpServer.java:newHttpServer2BuilderForOzone(213)) - Starting Web-server for hddsDatanode at: http://0.0.0.0:0
2023-01-26 20:29:44,705 [Listener at 127.0.0.1/38181] INFO  http.BaseHttpServer (BaseHttpServer.java:<init>(108)) - Hadoop Security Enabled: false Ozone Security Enabled: false Ozone HTTP Security Enabled: false 
2023-01-26 20:29:44,707 [Listener at 127.0.0.1/38181] WARN  server.AuthenticationFilter (AuthenticationFilter.java:constructSecretProvider(240)) - Unable to initialize FileSignerSecretProvider, falling back to use random secrets. Reason: Could not read signature secret file: /home/runner/hadoop-http-auth-signature-secret
2023-01-26 20:29:44,716 [Listener at 127.0.0.1/38181] WARN  http.HttpRequestLog (HttpRequestLog.java:getRequestLog(103)) - Jetty request log can only be enabled using Log4j
2023-01-26 20:29:44,717 [Listener at 127.0.0.1/38181] INFO  http.HttpServer2 (HttpServer2.java:addGlobalFilter(1031)) - Added global filter 'safety' (class=org.apache.hadoop.hdds.server.http.HttpServer2$QuotingInputFilter)
2023-01-26 20:29:44,718 [Listener at 127.0.0.1/38181] INFO  http.HttpServer2 (HttpServer2.java:addFilter(1007)) - Added filter static_user_filter (class=org.apache.hadoop.http.lib.StaticUserWebFilter$StaticUserFilter) to context hddsDatanode
2023-01-26 20:29:44,719 [Listener at 127.0.0.1/38181] INFO  http.HttpServer2 (HttpServer2.java:addFilter(1015)) - Added filter static_user_filter (class=org.apache.hadoop.http.lib.StaticUserWebFilter$StaticUserFilter) to context static
2023-01-26 20:29:44,719 [Listener at 127.0.0.1/38181] INFO  http.HttpServer2 (HttpServer2.java:addFilter(1015)) - Added filter static_user_filter (class=org.apache.hadoop.http.lib.StaticUserWebFilter$StaticUserFilter) to context logs
2023-01-26 20:29:44,719 [Listener at 127.0.0.1/38181] INFO  http.HttpServer2 (HttpServer2.java:bindListener(1250)) - Jetty bound to port 41893
2023-01-26 20:29:44,719 [Listener at 127.0.0.1/38181] INFO  server.Server (Server.java:doStart(375)) - jetty-9.4.49.v20220914; built: 2022-09-14T01:07:36.601Z; git: 4231a3b2e4cb8548a412a789936d640a97b1aa0a; jvm 1.8.0_352-b08
2023-01-26 20:29:44,731 [Datanode State Machine Task Thread - 0] INFO  datanode.InitDatanodeState (InitDatanodeState.java:persistContainerDatanodeDetails(138)) - DatanodeDetails is persisted to /home/runner/work/ozone/ozone/hadoop-ozone/integration-test/target/test-dir/MiniOzoneClusterImpl-91732d81-4c55-4ff3-841d-5fdfde2aad74/datanode-0/meta/datanode.id
2023-01-26 20:29:44,731 [om1@group-C5BA1605619E-LeaderElection1] INFO  segmented.SegmentedRaftLogWorker (SegmentedRaftLogWorker.java:startLogSegment(452)) - om1@group-C5BA1605619E-SegmentedRaftLogWorker: Starting segment from index:0
2023-01-26 20:29:44,734 [Listener at 127.0.0.1/38181] INFO  server.session (DefaultSessionIdManager.java:doStart(334)) - DefaultSessionIdManager workerName=node0
2023-01-26 20:29:44,734 [Listener at 127.0.0.1/38181] INFO  server.session (DefaultSessionIdManager.java:doStart(339)) - No SessionScavenger set, using defaults
2023-01-26 20:29:44,734 [Listener at 127.0.0.1/38181] INFO  server.session (HouseKeeper.java:startScavenging(132)) - node0 Scavenging every 660000ms
2023-01-26 20:29:44,735 [Listener at 127.0.0.1/38181] INFO  handler.ContextHandler (ContextHandler.java:doStart(921)) - Started o.e.j.s.ServletContextHandler@25c515d9{logs,/logs,file:///home/runner/work/ozone/ozone/hadoop-ozone/integration-test/target/log,AVAILABLE}
2023-01-26 20:29:44,736 [Listener at 127.0.0.1/38181] INFO  handler.ContextHandler (ContextHandler.java:doStart(921)) - Started o.e.j.s.ServletContextHandler@a3b336a{static,/static,jar:file:/home/runner/.m2/repository/org/apache/ozone/hdds-container-service/1.4.0-SNAPSHOT/hdds-container-service-1.4.0-SNAPSHOT.jar!/webapps/static,AVAILABLE}
2023-01-26 20:29:44,808 [om1@group-C5BA1605619E-LeaderElection1] INFO  server.RaftServer$Division (ServerState.java:setRaftConf(430)) - om1@group-C5BA1605619E: set configuration 0: peers:[om1|rpc:localhost:9872|admin:|client:|dataStream:|priority:0|startupRole:FOLLOWER]|listeners:[], old=null
2023-01-26 20:29:44,945 [om1@group-C5BA1605619E-SegmentedRaftLogWorker] INFO  segmented.SegmentedRaftLogWorker (SegmentedRaftLogWorker.java:execute(656)) - om1@group-C5BA1605619E-SegmentedRaftLogWorker: created new log segment /home/runner/work/ozone/ozone/hadoop-ozone/integration-test/target/test-dir/MiniOzoneClusterImpl-91732d81-4c55-4ff3-841d-5fdfde2aad74/ozone-meta/ratis/bf265839-605b-3f16-9796-c5ba1605619e/current/log_inprogress_0
2023-01-26 20:29:44,996 [Listener at 127.0.0.1/38181] INFO  handler.ContextHandler (ContextHandler.java:doStart(921)) - Started o.e.j.w.WebAppContext@5ef60f95{hddsDatanode,/,file:///tmp/jetty-0_0_0_0-41893-hdds-container-service-1_4_0-SNAPSHOT_jar-_-any-7352922406686753773/webapp/,AVAILABLE}{jar:file:/home/runner/.m2/repository/org/apache/ozone/hdds-container-service/1.4.0-SNAPSHOT/hdds-container-service-1.4.0-SNAPSHOT.jar!/webapps/hddsDatanode}
2023-01-26 20:29:44,999 [Listener at 127.0.0.1/38181] INFO  server.AbstractConnector (AbstractConnector.java:doStart(333)) - Started ServerConnector@1dd3e865{HTTP/1.1, (http/1.1)}{0.0.0.0:41893}
2023-01-26 20:29:45,001 [Listener at 127.0.0.1/38181] INFO  server.Server (Server.java:doStart(415)) - Started @8697ms
2023-01-26 20:29:45,002 [Listener at 127.0.0.1/38181] WARN  impl.MetricsSystemImpl (MetricsSystemImpl.java:register(279)) - Sink prometheus already exists!
2023-01-26 20:29:45,004 [Listener at 127.0.0.1/38181] INFO  http.BaseHttpServer (BaseHttpServer.java:updateConnectorAddress(333)) - HTTP server of hddsDatanode listening at http://0.0.0.0:41893
2023-01-26 20:29:45,010 [Listener at 127.0.0.1/38181] WARN  impl.MetricRegistriesImpl (MetricRegistriesImpl.java:addReporterRegistration(111)) - New reporters are added after registries were created. Some metrics will be missing from the reporter. Please add reporter before adding any new registry.
2023-01-26 20:29:45,010 [Listener at 127.0.0.1/38181] WARN  impl.MetricRegistriesImpl (MetricRegistriesImpl.java:addReporterRegistration(111)) - New reporters are added after registries were created. Some metrics will be missing from the reporter. Please add reporter before adding any new registry.
2023-01-26 20:29:45,010 [Listener at 127.0.0.1/38181] INFO  impl.MetricsSystemImpl (MetricsSystemImpl.java:init(158)) - HddsDatanode metrics system started (again)
2023-01-26 20:29:45,011 [Datanode State Machine Daemon Thread] INFO  statemachine.DatanodeStateMachine (DatanodeStateMachine.java:lambda$startDaemon$0(515)) - Ozone container server started.
2023-01-26 20:29:45,034 [Listener at 127.0.0.1/38181] INFO  ozone.HddsDatanodeService (HddsDatanodeService.java:start(228)) - HddsDatanodeService host:fv-az462-54.0zuljvm5d0yedf4jva4xayy4gc.gx.internal.cloudapp.net ip:10.1.0.15
2023-01-26 20:29:45,055 [org.apache.hadoop.util.JvmPauseMonitor$Monitor@64c6e789] INFO  util.JvmPauseMonitor (JvmPauseMonitor.java:run(188)) - Starting JVM pause monitor
2023-01-26 20:29:45,074 [Datanode State Machine Task Thread - 0] INFO  datanode.InitDatanodeState (InitDatanodeState.java:persistContainerDatanodeDetails(138)) - DatanodeDetails is persisted to /home/runner/work/ozone/ozone/hadoop-ozone/integration-test/target/test-dir/MiniOzoneClusterImpl-91732d81-4c55-4ff3-841d-5fdfde2aad74/datanode-1/meta/datanode.id
2023-01-26 20:29:45,080 [Listener at 127.0.0.1/38181] INFO  upgrade.AbstractLayoutVersionManager (AbstractLayoutVersionManager.java:init(83)) - Initializing Layout version manager with metadata layout = DATANODE_SCHEMA_V3 (version = 4), software layout = DATANODE_SCHEMA_V3 (version = 4)
2023-01-26 20:29:45,135 [om1@group-C5BA1605619E-StateMachineUpdater] INFO  ratis.OzoneManagerStateMachine (OzoneManagerStateMachine.java:notifyConfigurationChanged(192)) - Received Configuration change notification from Ratis. New Peer list:
[id: "om1"
address: "localhost:9872"
startupRole: FOLLOWER
]
2023-01-26 20:29:45,167 [Listener at 127.0.0.1/38181] INFO  reflections.Reflections (Reflections.java:scan(232)) - Reflections took 82 ms to scan 7 urls, producing 148 keys and 356 values 
2023-01-26 20:29:45,170 [Listener at 127.0.0.1/38181] INFO  statemachine.DatanodeStateMachine (DatanodeStateMachine.java:getEndPointTaskThreadPoolSize(259)) - Datanode State Machine Task Thread Pool size 2
2023-01-26 20:29:45,179 [Listener at 127.0.0.1/38181] INFO  volume.HddsVolume (HddsVolume.java:<init>(117)) - Creating HddsVolume: /home/runner/work/ozone/ozone/hadoop-ozone/integration-test/target/test-dir/MiniOzoneClusterImpl-91732d81-4c55-4ff3-841d-5fdfde2aad74/datanode-2/data-0/containers/hdds of storage type : DISK capacity : 9223372036854775807
2023-01-26 20:29:45,179 [Listener at 127.0.0.1/38181] INFO  volume.MutableVolumeSet (MutableVolumeSet.java:initializeVolumeSet(174)) - Added Volume : /home/runner/work/ozone/ozone/hadoop-ozone/integration-test/target/test-dir/MiniOzoneClusterImpl-91732d81-4c55-4ff3-841d-5fdfde2aad74/datanode-2/data-0/containers/hdds to VolumeSet
2023-01-26 20:29:45,179 [Listener at 127.0.0.1/38181] INFO  volume.ThrottledAsyncChecker (ThrottledAsyncChecker.java:schedule(141)) - Scheduling a check for /home/runner/work/ozone/ozone/hadoop-ozone/integration-test/target/test-dir/MiniOzoneClusterImpl-91732d81-4c55-4ff3-841d-5fdfde2aad74/datanode-2/data-0/containers/hdds
2023-01-26 20:29:45,182 [Listener at 127.0.0.1/38181] INFO  volume.StorageVolumeChecker (StorageVolumeChecker.java:checkAllVolumes(202)) - Scheduled health check for volume /home/runner/work/ozone/ozone/hadoop-ozone/integration-test/target/test-dir/MiniOzoneClusterImpl-91732d81-4c55-4ff3-841d-5fdfde2aad74/datanode-2/data-0/containers/hdds
2023-01-26 20:29:45,196 [Listener at 127.0.0.1/38181] INFO  volume.MutableVolumeSet (MutableVolumeSet.java:initializeVolumeSet(174)) - Added Volume : /home/runner/work/ozone/ozone/hadoop-ozone/integration-test/target/test-dir/MiniOzoneClusterImpl-91732d81-4c55-4ff3-841d-5fdfde2aad74/datanode-2/data/ratis to VolumeSet
2023-01-26 20:29:45,196 [Listener at 127.0.0.1/38181] INFO  volume.ThrottledAsyncChecker (ThrottledAsyncChecker.java:schedule(141)) - Scheduling a check for /home/runner/work/ozone/ozone/hadoop-ozone/integration-test/target/test-dir/MiniOzoneClusterImpl-91732d81-4c55-4ff3-841d-5fdfde2aad74/datanode-2/data/ratis
2023-01-26 20:29:45,196 [Listener at 127.0.0.1/38181] INFO  volume.StorageVolumeChecker (StorageVolumeChecker.java:checkAllVolumes(202)) - Scheduled health check for volume /home/runner/work/ozone/ozone/hadoop-ozone/integration-test/target/test-dir/MiniOzoneClusterImpl-91732d81-4c55-4ff3-841d-5fdfde2aad74/datanode-2/data/ratis
2023-01-26 20:29:45,207 [Thread-166] INFO  ozoneimpl.ContainerReader (ContainerReader.java:readVolume(175)) - Finish verifying containers on volume /home/runner/work/ozone/ozone/hadoop-ozone/integration-test/target/test-dir/MiniOzoneClusterImpl-91732d81-4c55-4ff3-841d-5fdfde2aad74/datanode-2/data-0/containers/hdds
2023-01-26 20:29:45,207 [Listener at 127.0.0.1/38181] INFO  ozoneimpl.OzoneContainer (OzoneContainer.java:buildContainerSet(305)) - Build ContainerSet costs 0s
2023-01-26 20:29:45,210 [Listener at 127.0.0.1/38181] INFO  server.RaftServer (ConfUtils.java:logGet(46)) - raft.rpc.type = GRPC (default)
2023-01-26 20:29:45,210 [Listener at 127.0.0.1/38181] INFO  grpc.GrpcConfigKeys (ConfUtils.java:logFallback(53)) - raft.grpc.admin.host = null (fallback to raft.grpc.server.host)
2023-01-26 20:29:45,211 [Listener at 127.0.0.1/38181] INFO  grpc.GrpcConfigKeys (ConfUtils.java:logGet(46)) - raft.grpc.admin.port = 0 (custom)
2023-01-26 20:29:45,211 [Listener at 127.0.0.1/38181] INFO  grpc.GrpcConfigKeys (ConfUtils.java:logFallback(53)) - raft.grpc.client.host = null (fallback to raft.grpc.server.host)
2023-01-26 20:29:45,211 [Listener at 127.0.0.1/38181] INFO  grpc.GrpcConfigKeys (ConfUtils.java:logGet(46)) - raft.grpc.client.port = 0 (custom)
2023-01-26 20:29:45,211 [Listener at 127.0.0.1/38181] INFO  grpc.GrpcConfigKeys (ConfUtils.java:logGet(46)) - raft.grpc.server.host = null (default)
2023-01-26 20:29:45,211 [Listener at 127.0.0.1/38181] INFO  grpc.GrpcConfigKeys (ConfUtils.java:logGet(46)) - raft.grpc.server.port = 0 (default)
2023-01-26 20:29:45,211 [Listener at 127.0.0.1/38181] INFO  server.GrpcService (ConfUtils.java:logGet(46)) - raft.grpc.message.size.max = 32MB (=33554432) (custom)
2023-01-26 20:29:45,211 [Listener at 127.0.0.1/38181] INFO  server.RaftServerConfigKeys (ConfUtils.java:logGet(46)) - raft.server.log.appender.buffer.byte-limit = 33554432 (custom)
2023-01-26 20:29:45,211 [Listener at 127.0.0.1/38181] INFO  server.GrpcService (ConfUtils.java:logGet(46)) - raft.grpc.flow.control.window = 5MB (=5242880) (custom)
2023-01-26 20:29:45,212 [Listener at 127.0.0.1/38181] INFO  server.RaftServerConfigKeys (ConfUtils.java:logGet(46)) - raft.server.rpc.request.timeout = 60s (custom)
2023-01-26 20:29:45,212 [Listener at 127.0.0.1/38181] INFO  grpc.GrpcConfigKeys (ConfUtils.java:logGet(46)) - raft.grpc.server.heartbeat.channel = true (default)
2023-01-26 20:29:45,212 [Listener at 127.0.0.1/38181] INFO  grpc.GrpcConfigKeys (ConfUtils.java:logGet(46)) - raft.grpc.server.async.request.thread.pool.cached = true (default)
2023-01-26 20:29:45,212 [Listener at 127.0.0.1/38181] INFO  grpc.GrpcConfigKeys (ConfUtils.java:logGet(46)) - raft.grpc.server.async.request.thread.pool.size = 32 (default)
2023-01-26 20:29:45,213 [Listener at 127.0.0.1/38181] INFO  impl.DataStreamServerImpl (ConfUtils.java:logGet(46)) - raft.datastream.type = NETTY (custom)
2023-01-26 20:29:45,213 [Listener at 127.0.0.1/38181] INFO  server.RaftServerConfigKeys (ConfUtils.java:logGet(46)) - raft.server.data-stream.async.request.thread.pool.cached = false (default)
2023-01-26 20:29:45,214 [Listener at 127.0.0.1/38181] INFO  server.RaftServerConfigKeys (ConfUtils.java:logGet(46)) - raft.server.data-stream.async.request.thread.pool.size = 20 (custom)
2023-01-26 20:29:45,214 [Listener at 127.0.0.1/38181] INFO  server.RaftServerConfigKeys (ConfUtils.java:logGet(46)) - raft.server.data-stream.async.write.thread.pool.size = 16 (default)
2023-01-26 20:29:45,214 [Listener at 127.0.0.1/38181] INFO  server.RaftServerConfigKeys (ConfUtils.java:logGet(46)) - raft.server.data-stream.client.pool.size = 10 (default)
2023-01-26 20:29:45,214 [Listener at 127.0.0.1/38181] INFO  netty.NettyConfigKeys$DataStream (ConfUtils.java:logGet(46)) - raft.netty.dataStream.server.use-epoll = false (default)
2023-01-26 20:29:45,214 [Listener at 127.0.0.1/38181] INFO  netty.NettyConfigKeys$DataStream (ConfUtils.java:logGet(46)) - raft.netty.dataStream.server.boss-group.size = 0 (default)
2023-01-26 20:29:45,215 [Listener at 127.0.0.1/38181] INFO  netty.NettyConfigKeys$DataStream (ConfUtils.java:logGet(46)) - raft.netty.dataStream.server.worker-group.size = 0 (default)
2023-01-26 20:29:45,215 [Listener at 127.0.0.1/38181] INFO  netty.NettyConfigKeys$DataStream (ConfUtils.java:logGet(46)) - raft.netty.dataStream.server.tls.conf = null (default)
2023-01-26 20:29:45,215 [Listener at 127.0.0.1/38181] INFO  netty.NettyConfigKeys$DataStream (ConfUtils.java:logGet(46)) - raft.netty.dataStream.host = null (default)
2023-01-26 20:29:45,215 [Listener at 127.0.0.1/38181] INFO  netty.NettyConfigKeys$DataStream (ConfUtils.java:logGet(46)) - raft.netty.dataStream.port = 0 (default)
2023-01-26 20:29:45,216 [Listener at 127.0.0.1/38181] INFO  server.RaftServerConfigKeys (ConfUtils.java:logGet(46)) - raft.server.threadpool.proxy.cached = true (default)
2023-01-26 20:29:45,216 [Listener at 127.0.0.1/38181] INFO  server.RaftServerConfigKeys (ConfUtils.java:logGet(46)) - raft.server.threadpool.proxy.size = 0 (default)
2023-01-26 20:29:45,216 [Listener at 127.0.0.1/38181] INFO  server.RaftServerConfigKeys (ConfUtils.java:logGet(46)) - raft.server.rpc.slowness.timeout = 300s (custom)
2023-01-26 20:29:45,216 [Listener at 127.0.0.1/38181] INFO  server.RaftServerConfigKeys (ConfUtils.java:logGet(46)) - raft.server.leaderelection.leader.step-down.wait-time = 10s (default)
2023-01-26 20:29:45,216 [Listener at 127.0.0.1/38181] INFO  server.RaftServerConfigKeys (ConfUtils.java:logGet(46)) - raft.server.storage.dir = [/home/runner/work/ozone/ozone/hadoop-ozone/integration-test/target/test-dir/MiniOzoneClusterImpl-91732d81-4c55-4ff3-841d-5fdfde2aad74/datanode-2/data/ratis] (custom)
2023-01-26 20:29:45,224 [5982ba88-a0d3-4bb4-b961-874e4813aacd-NettyServerStreamRpc-bossGroup--thread1] INFO  logging.LoggingHandler (AbstractInternalLogger.java:log(148)) - [id: 0x294e11f1] REGISTERED
2023-01-26 20:29:45,224 [5982ba88-a0d3-4bb4-b961-874e4813aacd-NettyServerStreamRpc-bossGroup--thread1] INFO  logging.LoggingHandler (AbstractInternalLogger.java:log(148)) - [id: 0x294e11f1] BIND: 0.0.0.0/0.0.0.0:0
2023-01-26 20:29:45,224 [5982ba88-a0d3-4bb4-b961-874e4813aacd-NettyServerStreamRpc-bossGroup--thread1] INFO  logging.LoggingHandler (AbstractInternalLogger.java:log(148)) - [id: 0x294e11f1, L:/0:0:0:0:0:0:0:0:36617] ACTIVE
2023-01-26 20:29:45,225 [Listener at 127.0.0.1/38181] INFO  server.XceiverServerGrpc (XceiverServerGrpc.java:<init>(132)) - GrpcServer channel type EpollServerSocketChannel
2023-01-26 20:29:45,229 [Listener at 127.0.0.1/38181] INFO  http.BaseHttpServer (BaseHttpServer.java:newHttpServer2BuilderForOzone(213)) - Starting Web-server for hddsDatanode at: http://0.0.0.0:0
2023-01-26 20:29:45,229 [Listener at 127.0.0.1/38181] INFO  http.BaseHttpServer (BaseHttpServer.java:<init>(108)) - Hadoop Security Enabled: false Ozone Security Enabled: false Ozone HTTP Security Enabled: false 
2023-01-26 20:29:45,230 [Listener at 127.0.0.1/38181] WARN  server.AuthenticationFilter (AuthenticationFilter.java:constructSecretProvider(240)) - Unable to initialize FileSignerSecretProvider, falling back to use random secrets. Reason: Could not read signature secret file: /home/runner/hadoop-http-auth-signature-secret
2023-01-26 20:29:45,231 [Listener at 127.0.0.1/38181] WARN  http.HttpRequestLog (HttpRequestLog.java:getRequestLog(103)) - Jetty request log can only be enabled using Log4j
2023-01-26 20:29:45,232 [Listener at 127.0.0.1/38181] INFO  http.HttpServer2 (HttpServer2.java:addGlobalFilter(1031)) - Added global filter 'safety' (class=org.apache.hadoop.hdds.server.http.HttpServer2$QuotingInputFilter)
2023-01-26 20:29:45,233 [Listener at 127.0.0.1/38181] INFO  http.HttpServer2 (HttpServer2.java:addFilter(1007)) - Added filter static_user_filter (class=org.apache.hadoop.http.lib.StaticUserWebFilter$StaticUserFilter) to context hddsDatanode
2023-01-26 20:29:45,233 [Listener at 127.0.0.1/38181] INFO  http.HttpServer2 (HttpServer2.java:addFilter(1015)) - Added filter static_user_filter (class=org.apache.hadoop.http.lib.StaticUserWebFilter$StaticUserFilter) to context logs
2023-01-26 20:29:45,233 [Listener at 127.0.0.1/38181] INFO  http.HttpServer2 (HttpServer2.java:addFilter(1015)) - Added filter static_user_filter (class=org.apache.hadoop.http.lib.StaticUserWebFilter$StaticUserFilter) to context static
2023-01-26 20:29:45,234 [Listener at 127.0.0.1/38181] INFO  http.HttpServer2 (HttpServer2.java:bindListener(1250)) - Jetty bound to port 39159
2023-01-26 20:29:45,234 [Listener at 127.0.0.1/38181] INFO  server.Server (Server.java:doStart(375)) - jetty-9.4.49.v20220914; built: 2022-09-14T01:07:36.601Z; git: 4231a3b2e4cb8548a412a789936d640a97b1aa0a; jvm 1.8.0_352-b08
2023-01-26 20:29:45,237 [Listener at 127.0.0.1/38181] INFO  server.session (DefaultSessionIdManager.java:doStart(334)) - DefaultSessionIdManager workerName=node0
2023-01-26 20:29:45,237 [Listener at 127.0.0.1/38181] INFO  server.session (DefaultSessionIdManager.java:doStart(339)) - No SessionScavenger set, using defaults
2023-01-26 20:29:45,238 [Listener at 127.0.0.1/38181] INFO  server.session (HouseKeeper.java:startScavenging(132)) - node0 Scavenging every 600000ms
2023-01-26 20:29:45,238 [Listener at 127.0.0.1/38181] INFO  handler.ContextHandler (ContextHandler.java:doStart(921)) - Started o.e.j.s.ServletContextHandler@40fd532d{logs,/logs,file:///home/runner/work/ozone/ozone/hadoop-ozone/integration-test/target/log,AVAILABLE}
2023-01-26 20:29:45,239 [Listener at 127.0.0.1/38181] INFO  handler.ContextHandler (ContextHandler.java:doStart(921)) - Started o.e.j.s.ServletContextHandler@48dd5eed{static,/static,jar:file:/home/runner/.m2/repository/org/apache/ozone/hdds-container-service/1.4.0-SNAPSHOT/hdds-container-service-1.4.0-SNAPSHOT.jar!/webapps/static,AVAILABLE}
2023-01-26 20:29:45,410 [Listener at 127.0.0.1/38181] INFO  handler.ContextHandler (ContextHandler.java:doStart(921)) - Started o.e.j.w.WebAppContext@143b32f4{hddsDatanode,/,file:///tmp/jetty-0_0_0_0-39159-hdds-container-service-1_4_0-SNAPSHOT_jar-_-any-1515224901235340375/webapp/,AVAILABLE}{jar:file:/home/runner/.m2/repository/org/apache/ozone/hdds-container-service/1.4.0-SNAPSHOT/hdds-container-service-1.4.0-SNAPSHOT.jar!/webapps/hddsDatanode}
2023-01-26 20:29:45,411 [Listener at 127.0.0.1/38181] INFO  server.AbstractConnector (AbstractConnector.java:doStart(333)) - Started ServerConnector@79f12c07{HTTP/1.1, (http/1.1)}{0.0.0.0:39159}
2023-01-26 20:29:45,411 [Listener at 127.0.0.1/38181] INFO  server.Server (Server.java:doStart(415)) - Started @9107ms
2023-01-26 20:29:45,412 [Listener at 127.0.0.1/38181] WARN  impl.MetricsSystemImpl (MetricsSystemImpl.java:register(279)) - Sink prometheus already exists!
2023-01-26 20:29:45,415 [Listener at 127.0.0.1/38181] INFO  http.BaseHttpServer (BaseHttpServer.java:updateConnectorAddress(333)) - HTTP server of hddsDatanode listening at http://0.0.0.0:39159
2023-01-26 20:29:45,415 [Listener at 127.0.0.1/38181] WARN  impl.MetricRegistriesImpl (MetricRegistriesImpl.java:addReporterRegistration(111)) - New reporters are added after registries were created. Some metrics will be missing from the reporter. Please add reporter before adding any new registry.
2023-01-26 20:29:45,415 [Listener at 127.0.0.1/38181] WARN  impl.MetricRegistriesImpl (MetricRegistriesImpl.java:addReporterRegistration(111)) - New reporters are added after registries were created. Some metrics will be missing from the reporter. Please add reporter before adding any new registry.
2023-01-26 20:29:45,416 [Listener at 127.0.0.1/38181] INFO  impl.MetricsSystemImpl (MetricsSystemImpl.java:init(158)) - HddsDatanode metrics system started (again)
2023-01-26 20:29:45,416 [Datanode State Machine Daemon Thread] INFO  statemachine.DatanodeStateMachine (DatanodeStateMachine.java:lambda$startDaemon$0(515)) - Ozone container server started.
2023-01-26 20:29:45,430 [Listener at 127.0.0.1/38181] INFO  ozone.HddsDatanodeService (HddsDatanodeService.java:start(228)) - HddsDatanodeService host:fv-az462-54.0zuljvm5d0yedf4jva4xayy4gc.gx.internal.cloudapp.net ip:10.1.0.15
2023-01-26 20:29:45,436 [org.apache.hadoop.util.JvmPauseMonitor$Monitor@4dc0d1df] INFO  util.JvmPauseMonitor (JvmPauseMonitor.java:run(188)) - Starting JVM pause monitor
2023-01-26 20:29:45,439 [Datanode State Machine Task Thread - 0] INFO  datanode.InitDatanodeState (InitDatanodeState.java:persistContainerDatanodeDetails(138)) - DatanodeDetails is persisted to /home/runner/work/ozone/ozone/hadoop-ozone/integration-test/target/test-dir/MiniOzoneClusterImpl-91732d81-4c55-4ff3-841d-5fdfde2aad74/datanode-2/meta/datanode.id
2023-01-26 20:29:45,456 [Listener at 127.0.0.1/38181] INFO  upgrade.AbstractLayoutVersionManager (AbstractLayoutVersionManager.java:init(83)) - Initializing Layout version manager with metadata layout = DATANODE_SCHEMA_V3 (version = 4), software layout = DATANODE_SCHEMA_V3 (version = 4)
2023-01-26 20:29:45,505 [Listener at 127.0.0.1/38181] INFO  reflections.Reflections (Reflections.java:scan(232)) - Reflections took 48 ms to scan 7 urls, producing 148 keys and 356 values 
2023-01-26 20:29:45,507 [Listener at 127.0.0.1/38181] INFO  statemachine.DatanodeStateMachine (DatanodeStateMachine.java:getEndPointTaskThreadPoolSize(259)) - Datanode State Machine Task Thread Pool size 2
2023-01-26 20:29:45,509 [Listener at 127.0.0.1/38181] INFO  volume.HddsVolume (HddsVolume.java:<init>(117)) - Creating HddsVolume: /home/runner/work/ozone/ozone/hadoop-ozone/integration-test/target/test-dir/MiniOzoneClusterImpl-91732d81-4c55-4ff3-841d-5fdfde2aad74/datanode-3/data-0/containers/hdds of storage type : DISK capacity : 9223372036854775807
2023-01-26 20:29:45,509 [Listener at 127.0.0.1/38181] INFO  volume.MutableVolumeSet (MutableVolumeSet.java:initializeVolumeSet(174)) - Added Volume : /home/runner/work/ozone/ozone/hadoop-ozone/integration-test/target/test-dir/MiniOzoneClusterImpl-91732d81-4c55-4ff3-841d-5fdfde2aad74/datanode-3/data-0/containers/hdds to VolumeSet
2023-01-26 20:29:45,509 [Listener at 127.0.0.1/38181] INFO  volume.ThrottledAsyncChecker (ThrottledAsyncChecker.java:schedule(141)) - Scheduling a check for /home/runner/work/ozone/ozone/hadoop-ozone/integration-test/target/test-dir/MiniOzoneClusterImpl-91732d81-4c55-4ff3-841d-5fdfde2aad74/datanode-3/data-0/containers/hdds
2023-01-26 20:29:45,510 [Listener at 127.0.0.1/38181] INFO  volume.StorageVolumeChecker (StorageVolumeChecker.java:checkAllVolumes(202)) - Scheduled health check for volume /home/runner/work/ozone/ozone/hadoop-ozone/integration-test/target/test-dir/MiniOzoneClusterImpl-91732d81-4c55-4ff3-841d-5fdfde2aad74/datanode-3/data-0/containers/hdds
2023-01-26 20:29:45,522 [Listener at 127.0.0.1/38181] INFO  volume.MutableVolumeSet (MutableVolumeSet.java:initializeVolumeSet(174)) - Added Volume : /home/runner/work/ozone/ozone/hadoop-ozone/integration-test/target/test-dir/MiniOzoneClusterImpl-91732d81-4c55-4ff3-841d-5fdfde2aad74/datanode-3/data/ratis to VolumeSet
2023-01-26 20:29:45,522 [Listener at 127.0.0.1/38181] INFO  volume.ThrottledAsyncChecker (ThrottledAsyncChecker.java:schedule(141)) - Scheduling a check for /home/runner/work/ozone/ozone/hadoop-ozone/integration-test/target/test-dir/MiniOzoneClusterImpl-91732d81-4c55-4ff3-841d-5fdfde2aad74/datanode-3/data/ratis
2023-01-26 20:29:45,522 [Listener at 127.0.0.1/38181] INFO  volume.StorageVolumeChecker (StorageVolumeChecker.java:checkAllVolumes(202)) - Scheduled health check for volume /home/runner/work/ozone/ozone/hadoop-ozone/integration-test/target/test-dir/MiniOzoneClusterImpl-91732d81-4c55-4ff3-841d-5fdfde2aad74/datanode-3/data/ratis
2023-01-26 20:29:45,533 [Thread-180] INFO  ozoneimpl.ContainerReader (ContainerReader.java:readVolume(175)) - Finish verifying containers on volume /home/runner/work/ozone/ozone/hadoop-ozone/integration-test/target/test-dir/MiniOzoneClusterImpl-91732d81-4c55-4ff3-841d-5fdfde2aad74/datanode-3/data-0/containers/hdds
2023-01-26 20:29:45,534 [Listener at 127.0.0.1/38181] INFO  ozoneimpl.OzoneContainer (OzoneContainer.java:buildContainerSet(305)) - Build ContainerSet costs 0s
2023-01-26 20:29:45,543 [Listener at 127.0.0.1/38181] INFO  server.RaftServer (ConfUtils.java:logGet(46)) - raft.rpc.type = GRPC (default)
2023-01-26 20:29:45,544 [Listener at 127.0.0.1/38181] INFO  grpc.GrpcConfigKeys (ConfUtils.java:logFallback(53)) - raft.grpc.admin.host = null (fallback to raft.grpc.server.host)
2023-01-26 20:29:45,544 [Listener at 127.0.0.1/38181] INFO  grpc.GrpcConfigKeys (ConfUtils.java:logGet(46)) - raft.grpc.admin.port = 0 (custom)
2023-01-26 20:29:45,544 [Listener at 127.0.0.1/38181] INFO  grpc.GrpcConfigKeys (ConfUtils.java:logFallback(53)) - raft.grpc.client.host = null (fallback to raft.grpc.server.host)
2023-01-26 20:29:45,544 [Listener at 127.0.0.1/38181] INFO  grpc.GrpcConfigKeys (ConfUtils.java:logGet(46)) - raft.grpc.client.port = 0 (custom)
2023-01-26 20:29:45,544 [Listener at 127.0.0.1/38181] INFO  grpc.GrpcConfigKeys (ConfUtils.java:logGet(46)) - raft.grpc.server.host = null (default)
2023-01-26 20:29:45,544 [Listener at 127.0.0.1/38181] INFO  grpc.GrpcConfigKeys (ConfUtils.java:logGet(46)) - raft.grpc.server.port = 0 (default)
2023-01-26 20:29:45,544 [Listener at 127.0.0.1/38181] INFO  server.GrpcService (ConfUtils.java:logGet(46)) - raft.grpc.message.size.max = 32MB (=33554432) (custom)
2023-01-26 20:29:45,545 [Listener at 127.0.0.1/38181] INFO  server.RaftServerConfigKeys (ConfUtils.java:logGet(46)) - raft.server.log.appender.buffer.byte-limit = 33554432 (custom)
2023-01-26 20:29:45,545 [Listener at 127.0.0.1/38181] INFO  server.GrpcService (ConfUtils.java:logGet(46)) - raft.grpc.flow.control.window = 5MB (=5242880) (custom)
2023-01-26 20:29:45,545 [Listener at 127.0.0.1/38181] INFO  server.RaftServerConfigKeys (ConfUtils.java:logGet(46)) - raft.server.rpc.request.timeout = 60s (custom)
2023-01-26 20:29:45,545 [Listener at 127.0.0.1/38181] INFO  grpc.GrpcConfigKeys (ConfUtils.java:logGet(46)) - raft.grpc.server.heartbeat.channel = true (default)
2023-01-26 20:29:45,545 [Listener at 127.0.0.1/38181] INFO  grpc.GrpcConfigKeys (ConfUtils.java:logGet(46)) - raft.grpc.server.async.request.thread.pool.cached = true (default)
2023-01-26 20:29:45,545 [Listener at 127.0.0.1/38181] INFO  grpc.GrpcConfigKeys (ConfUtils.java:logGet(46)) - raft.grpc.server.async.request.thread.pool.size = 32 (default)
2023-01-26 20:29:45,547 [Listener at 127.0.0.1/38181] INFO  impl.DataStreamServerImpl (ConfUtils.java:logGet(46)) - raft.datastream.type = NETTY (custom)
2023-01-26 20:29:45,548 [Listener at 127.0.0.1/38181] INFO  server.RaftServerConfigKeys (ConfUtils.java:logGet(46)) - raft.server.data-stream.async.request.thread.pool.cached = false (default)
2023-01-26 20:29:45,548 [Listener at 127.0.0.1/38181] INFO  server.RaftServerConfigKeys (ConfUtils.java:logGet(46)) - raft.server.data-stream.async.request.thread.pool.size = 20 (custom)
2023-01-26 20:29:45,551 [Listener at 127.0.0.1/38181] INFO  server.RaftServerConfigKeys (ConfUtils.java:logGet(46)) - raft.server.data-stream.async.write.thread.pool.size = 16 (default)
2023-01-26 20:29:45,552 [Listener at 127.0.0.1/38181] INFO  server.RaftServerConfigKeys (ConfUtils.java:logGet(46)) - raft.server.data-stream.client.pool.size = 10 (default)
2023-01-26 20:29:45,552 [Listener at 127.0.0.1/38181] INFO  netty.NettyConfigKeys$DataStream (ConfUtils.java:logGet(46)) - raft.netty.dataStream.server.use-epoll = false (default)
2023-01-26 20:29:45,552 [Listener at 127.0.0.1/38181] INFO  netty.NettyConfigKeys$DataStream (ConfUtils.java:logGet(46)) - raft.netty.dataStream.server.boss-group.size = 0 (default)
2023-01-26 20:29:45,553 [Listener at 127.0.0.1/38181] INFO  netty.NettyConfigKeys$DataStream (ConfUtils.java:logGet(46)) - raft.netty.dataStream.server.worker-group.size = 0 (default)
2023-01-26 20:29:45,553 [Listener at 127.0.0.1/38181] INFO  netty.NettyConfigKeys$DataStream (ConfUtils.java:logGet(46)) - raft.netty.dataStream.server.tls.conf = null (default)
2023-01-26 20:29:45,553 [Listener at 127.0.0.1/38181] INFO  netty.NettyConfigKeys$DataStream (ConfUtils.java:logGet(46)) - raft.netty.dataStream.host = null (default)
2023-01-26 20:29:45,553 [Listener at 127.0.0.1/38181] INFO  netty.NettyConfigKeys$DataStream (ConfUtils.java:logGet(46)) - raft.netty.dataStream.port = 0 (default)
2023-01-26 20:29:45,554 [Listener at 127.0.0.1/38181] INFO  server.RaftServerConfigKeys (ConfUtils.java:logGet(46)) - raft.server.threadpool.proxy.cached = true (default)
2023-01-26 20:29:45,554 [Listener at 127.0.0.1/38181] INFO  server.RaftServerConfigKeys (ConfUtils.java:logGet(46)) - raft.server.threadpool.proxy.size = 0 (default)
2023-01-26 20:29:45,554 [Listener at 127.0.0.1/38181] INFO  server.RaftServerConfigKeys (ConfUtils.java:logGet(46)) - raft.server.rpc.slowness.timeout = 300s (custom)
2023-01-26 20:29:45,555 [Listener at 127.0.0.1/38181] INFO  server.RaftServerConfigKeys (ConfUtils.java:logGet(46)) - raft.server.leaderelection.leader.step-down.wait-time = 10s (default)
2023-01-26 20:29:45,555 [Listener at 127.0.0.1/38181] INFO  server.RaftServerConfigKeys (ConfUtils.java:logGet(46)) - raft.server.storage.dir = [/home/runner/work/ozone/ozone/hadoop-ozone/integration-test/target/test-dir/MiniOzoneClusterImpl-91732d81-4c55-4ff3-841d-5fdfde2aad74/datanode-3/data/ratis] (custom)
2023-01-26 20:29:45,561 [b29357c9-7d45-4ae4-80d3-019e3f6bb8ef-NettyServerStreamRpc-bossGroup--thread1] INFO  logging.LoggingHandler (AbstractInternalLogger.java:log(148)) - [id: 0xc7c35e22] REGISTERED
2023-01-26 20:29:45,561 [b29357c9-7d45-4ae4-80d3-019e3f6bb8ef-NettyServerStreamRpc-bossGroup--thread1] INFO  logging.LoggingHandler (AbstractInternalLogger.java:log(148)) - [id: 0xc7c35e22] BIND: 0.0.0.0/0.0.0.0:0
2023-01-26 20:29:45,561 [b29357c9-7d45-4ae4-80d3-019e3f6bb8ef-NettyServerStreamRpc-bossGroup--thread1] INFO  logging.LoggingHandler (AbstractInternalLogger.java:log(148)) - [id: 0xc7c35e22, L:/0:0:0:0:0:0:0:0:45865] ACTIVE
2023-01-26 20:29:45,563 [Listener at 127.0.0.1/38181] INFO  server.XceiverServerGrpc (XceiverServerGrpc.java:<init>(132)) - GrpcServer channel type EpollServerSocketChannel
2023-01-26 20:29:45,571 [Listener at 127.0.0.1/38181] INFO  http.BaseHttpServer (BaseHttpServer.java:newHttpServer2BuilderForOzone(213)) - Starting Web-server for hddsDatanode at: http://0.0.0.0:0
2023-01-26 20:29:45,572 [Listener at 127.0.0.1/38181] INFO  http.BaseHttpServer (BaseHttpServer.java:<init>(108)) - Hadoop Security Enabled: false Ozone Security Enabled: false Ozone HTTP Security Enabled: false 
2023-01-26 20:29:45,573 [Listener at 127.0.0.1/38181] WARN  server.AuthenticationFilter (AuthenticationFilter.java:constructSecretProvider(240)) - Unable to initialize FileSignerSecretProvider, falling back to use random secrets. Reason: Could not read signature secret file: /home/runner/hadoop-http-auth-signature-secret
2023-01-26 20:29:45,575 [Listener at 127.0.0.1/38181] WARN  http.HttpRequestLog (HttpRequestLog.java:getRequestLog(103)) - Jetty request log can only be enabled using Log4j
2023-01-26 20:29:45,576 [Listener at 127.0.0.1/38181] INFO  http.HttpServer2 (HttpServer2.java:addGlobalFilter(1031)) - Added global filter 'safety' (class=org.apache.hadoop.hdds.server.http.HttpServer2$QuotingInputFilter)
2023-01-26 20:29:45,577 [Listener at 127.0.0.1/38181] INFO  http.HttpServer2 (HttpServer2.java:addFilter(1007)) - Added filter static_user_filter (class=org.apache.hadoop.http.lib.StaticUserWebFilter$StaticUserFilter) to context hddsDatanode
2023-01-26 20:29:45,578 [Listener at 127.0.0.1/38181] INFO  http.HttpServer2 (HttpServer2.java:addFilter(1015)) - Added filter static_user_filter (class=org.apache.hadoop.http.lib.StaticUserWebFilter$StaticUserFilter) to context logs
2023-01-26 20:29:45,578 [Listener at 127.0.0.1/38181] INFO  http.HttpServer2 (HttpServer2.java:addFilter(1015)) - Added filter static_user_filter (class=org.apache.hadoop.http.lib.StaticUserWebFilter$StaticUserFilter) to context static
2023-01-26 20:29:45,579 [Listener at 127.0.0.1/38181] INFO  http.HttpServer2 (HttpServer2.java:bindListener(1250)) - Jetty bound to port 39161
2023-01-26 20:29:45,579 [Listener at 127.0.0.1/38181] INFO  server.Server (Server.java:doStart(375)) - jetty-9.4.49.v20220914; built: 2022-09-14T01:07:36.601Z; git: 4231a3b2e4cb8548a412a789936d640a97b1aa0a; jvm 1.8.0_352-b08
2023-01-26 20:29:45,581 [Listener at 127.0.0.1/38181] INFO  server.session (DefaultSessionIdManager.java:doStart(334)) - DefaultSessionIdManager workerName=node0
2023-01-26 20:29:45,581 [Listener at 127.0.0.1/38181] INFO  server.session (DefaultSessionIdManager.java:doStart(339)) - No SessionScavenger set, using defaults
2023-01-26 20:29:45,582 [Listener at 127.0.0.1/38181] INFO  server.session (HouseKeeper.java:startScavenging(132)) - node0 Scavenging every 660000ms
2023-01-26 20:29:45,582 [Listener at 127.0.0.1/38181] INFO  handler.ContextHandler (ContextHandler.java:doStart(921)) - Started o.e.j.s.ServletContextHandler@565f87ed{logs,/logs,file:///home/runner/work/ozone/ozone/hadoop-ozone/integration-test/target/log,AVAILABLE}
2023-01-26 20:29:45,583 [Listener at 127.0.0.1/38181] INFO  handler.ContextHandler (ContextHandler.java:doStart(921)) - Started o.e.j.s.ServletContextHandler@51fba518{static,/static,jar:file:/home/runner/.m2/repository/org/apache/ozone/hdds-container-service/1.4.0-SNAPSHOT/hdds-container-service-1.4.0-SNAPSHOT.jar!/webapps/static,AVAILABLE}
2023-01-26 20:29:45,762 [Listener at 127.0.0.1/38181] INFO  handler.ContextHandler (ContextHandler.java:doStart(921)) - Started o.e.j.w.WebAppContext@53d0500d{hddsDatanode,/,file:///tmp/jetty-0_0_0_0-39161-hdds-container-service-1_4_0-SNAPSHOT_jar-_-any-2991560017102335994/webapp/,AVAILABLE}{jar:file:/home/runner/.m2/repository/org/apache/ozone/hdds-container-service/1.4.0-SNAPSHOT/hdds-container-service-1.4.0-SNAPSHOT.jar!/webapps/hddsDatanode}
2023-01-26 20:29:45,763 [Listener at 127.0.0.1/38181] INFO  server.AbstractConnector (AbstractConnector.java:doStart(333)) - Started ServerConnector@674038a9{HTTP/1.1, (http/1.1)}{0.0.0.0:39161}
2023-01-26 20:29:45,764 [Listener at 127.0.0.1/38181] INFO  server.Server (Server.java:doStart(415)) - Started @9459ms
2023-01-26 20:29:45,764 [Listener at 127.0.0.1/38181] WARN  impl.MetricsSystemImpl (MetricsSystemImpl.java:register(279)) - Sink prometheus already exists!
2023-01-26 20:29:45,764 [Listener at 127.0.0.1/38181] INFO  http.BaseHttpServer (BaseHttpServer.java:updateConnectorAddress(333)) - HTTP server of hddsDatanode listening at http://0.0.0.0:39161
2023-01-26 20:29:45,765 [Datanode State Machine Daemon Thread] INFO  statemachine.DatanodeStateMachine (DatanodeStateMachine.java:lambda$startDaemon$0(515)) - Ozone container server started.
2023-01-26 20:29:45,769 [Listener at 127.0.0.1/38181] WARN  impl.MetricRegistriesImpl (MetricRegistriesImpl.java:addReporterRegistration(111)) - New reporters are added after registries were created. Some metrics will be missing from the reporter. Please add reporter before adding any new registry.
2023-01-26 20:29:45,769 [Listener at 127.0.0.1/38181] WARN  impl.MetricRegistriesImpl (MetricRegistriesImpl.java:addReporterRegistration(111)) - New reporters are added after registries were created. Some metrics will be missing from the reporter. Please add reporter before adding any new registry.
2023-01-26 20:29:45,769 [Listener at 127.0.0.1/38181] INFO  impl.MetricsSystemImpl (MetricsSystemImpl.java:init(158)) - HddsDatanode metrics system started (again)
2023-01-26 20:29:45,780 [Listener at 127.0.0.1/38181] INFO  ozone.HddsDatanodeService (HddsDatanodeService.java:start(228)) - HddsDatanodeService host:fv-az462-54.0zuljvm5d0yedf4jva4xayy4gc.gx.internal.cloudapp.net ip:10.1.0.15
2023-01-26 20:29:45,782 [org.apache.hadoop.util.JvmPauseMonitor$Monitor@790d066b] INFO  util.JvmPauseMonitor (JvmPauseMonitor.java:run(188)) - Starting JVM pause monitor
2023-01-26 20:29:45,789 [Datanode State Machine Task Thread - 0] INFO  datanode.InitDatanodeState (InitDatanodeState.java:persistContainerDatanodeDetails(138)) - DatanodeDetails is persisted to /home/runner/work/ozone/ozone/hadoop-ozone/integration-test/target/test-dir/MiniOzoneClusterImpl-91732d81-4c55-4ff3-841d-5fdfde2aad74/datanode-3/meta/datanode.id
2023-01-26 20:29:45,802 [Listener at 127.0.0.1/38181] INFO  upgrade.AbstractLayoutVersionManager (AbstractLayoutVersionManager.java:init(83)) - Initializing Layout version manager with metadata layout = DATANODE_SCHEMA_V3 (version = 4), software layout = DATANODE_SCHEMA_V3 (version = 4)
2023-01-26 20:29:45,847 [Listener at 127.0.0.1/38181] INFO  reflections.Reflections (Reflections.java:scan(232)) - Reflections took 44 ms to scan 7 urls, producing 148 keys and 356 values 
2023-01-26 20:29:45,848 [Listener at 127.0.0.1/38181] INFO  statemachine.DatanodeStateMachine (DatanodeStateMachine.java:getEndPointTaskThreadPoolSize(259)) - Datanode State Machine Task Thread Pool size 2
2023-01-26 20:29:45,850 [Listener at 127.0.0.1/38181] INFO  volume.HddsVolume (HddsVolume.java:<init>(117)) - Creating HddsVolume: /home/runner/work/ozone/ozone/hadoop-ozone/integration-test/target/test-dir/MiniOzoneClusterImpl-91732d81-4c55-4ff3-841d-5fdfde2aad74/datanode-4/data-0/containers/hdds of storage type : DISK capacity : 9223372036854775807
2023-01-26 20:29:45,850 [Listener at 127.0.0.1/38181] INFO  volume.MutableVolumeSet (MutableVolumeSet.java:initializeVolumeSet(174)) - Added Volume : /home/runner/work/ozone/ozone/hadoop-ozone/integration-test/target/test-dir/MiniOzoneClusterImpl-91732d81-4c55-4ff3-841d-5fdfde2aad74/datanode-4/data-0/containers/hdds to VolumeSet
2023-01-26 20:29:45,850 [Listener at 127.0.0.1/38181] INFO  volume.ThrottledAsyncChecker (ThrottledAsyncChecker.java:schedule(141)) - Scheduling a check for /home/runner/work/ozone/ozone/hadoop-ozone/integration-test/target/test-dir/MiniOzoneClusterImpl-91732d81-4c55-4ff3-841d-5fdfde2aad74/datanode-4/data-0/containers/hdds
2023-01-26 20:29:45,855 [Listener at 127.0.0.1/38181] INFO  volume.StorageVolumeChecker (StorageVolumeChecker.java:checkAllVolumes(202)) - Scheduled health check for volume /home/runner/work/ozone/ozone/hadoop-ozone/integration-test/target/test-dir/MiniOzoneClusterImpl-91732d81-4c55-4ff3-841d-5fdfde2aad74/datanode-4/data-0/containers/hdds
2023-01-26 20:29:45,867 [Listener at 127.0.0.1/38181] INFO  volume.MutableVolumeSet (MutableVolumeSet.java:initializeVolumeSet(174)) - Added Volume : /home/runner/work/ozone/ozone/hadoop-ozone/integration-test/target/test-dir/MiniOzoneClusterImpl-91732d81-4c55-4ff3-841d-5fdfde2aad74/datanode-4/data/ratis to VolumeSet
2023-01-26 20:29:45,867 [Listener at 127.0.0.1/38181] INFO  volume.ThrottledAsyncChecker (ThrottledAsyncChecker.java:schedule(141)) - Scheduling a check for /home/runner/work/ozone/ozone/hadoop-ozone/integration-test/target/test-dir/MiniOzoneClusterImpl-91732d81-4c55-4ff3-841d-5fdfde2aad74/datanode-4/data/ratis
2023-01-26 20:29:45,867 [Listener at 127.0.0.1/38181] INFO  volume.StorageVolumeChecker (StorageVolumeChecker.java:checkAllVolumes(202)) - Scheduled health check for volume /home/runner/work/ozone/ozone/hadoop-ozone/integration-test/target/test-dir/MiniOzoneClusterImpl-91732d81-4c55-4ff3-841d-5fdfde2aad74/datanode-4/data/ratis
2023-01-26 20:29:45,878 [Thread-194] INFO  ozoneimpl.ContainerReader (ContainerReader.java:readVolume(175)) - Finish verifying containers on volume /home/runner/work/ozone/ozone/hadoop-ozone/integration-test/target/test-dir/MiniOzoneClusterImpl-91732d81-4c55-4ff3-841d-5fdfde2aad74/datanode-4/data-0/containers/hdds
2023-01-26 20:29:45,878 [Listener at 127.0.0.1/38181] INFO  ozoneimpl.OzoneContainer (OzoneContainer.java:buildContainerSet(305)) - Build ContainerSet costs 0s
2023-01-26 20:29:45,881 [Listener at 127.0.0.1/38181] INFO  server.RaftServer (ConfUtils.java:logGet(46)) - raft.rpc.type = GRPC (default)
2023-01-26 20:29:45,881 [Listener at 127.0.0.1/38181] INFO  grpc.GrpcConfigKeys (ConfUtils.java:logFallback(53)) - raft.grpc.admin.host = null (fallback to raft.grpc.server.host)
2023-01-26 20:29:45,881 [Listener at 127.0.0.1/38181] INFO  grpc.GrpcConfigKeys (ConfUtils.java:logGet(46)) - raft.grpc.admin.port = 0 (custom)
2023-01-26 20:29:45,881 [Listener at 127.0.0.1/38181] INFO  grpc.GrpcConfigKeys (ConfUtils.java:logFallback(53)) - raft.grpc.client.host = null (fallback to raft.grpc.server.host)
2023-01-26 20:29:45,881 [Listener at 127.0.0.1/38181] INFO  grpc.GrpcConfigKeys (ConfUtils.java:logGet(46)) - raft.grpc.client.port = 0 (custom)
2023-01-26 20:29:45,881 [Listener at 127.0.0.1/38181] INFO  grpc.GrpcConfigKeys (ConfUtils.java:logGet(46)) - raft.grpc.server.host = null (default)
2023-01-26 20:29:45,882 [Listener at 127.0.0.1/38181] INFO  grpc.GrpcConfigKeys (ConfUtils.java:logGet(46)) - raft.grpc.server.port = 0 (default)
2023-01-26 20:29:45,882 [Listener at 127.0.0.1/38181] INFO  server.GrpcService (ConfUtils.java:logGet(46)) - raft.grpc.message.size.max = 32MB (=33554432) (custom)
2023-01-26 20:29:45,882 [Listener at 127.0.0.1/38181] INFO  server.RaftServerConfigKeys (ConfUtils.java:logGet(46)) - raft.server.log.appender.buffer.byte-limit = 33554432 (custom)
2023-01-26 20:29:45,882 [Listener at 127.0.0.1/38181] INFO  server.GrpcService (ConfUtils.java:logGet(46)) - raft.grpc.flow.control.window = 5MB (=5242880) (custom)
2023-01-26 20:29:45,882 [Listener at 127.0.0.1/38181] INFO  server.RaftServerConfigKeys (ConfUtils.java:logGet(46)) - raft.server.rpc.request.timeout = 60s (custom)
2023-01-26 20:29:45,882 [Listener at 127.0.0.1/38181] INFO  grpc.GrpcConfigKeys (ConfUtils.java:logGet(46)) - raft.grpc.server.heartbeat.channel = true (default)
2023-01-26 20:29:45,882 [Listener at 127.0.0.1/38181] INFO  grpc.GrpcConfigKeys (ConfUtils.java:logGet(46)) - raft.grpc.server.async.request.thread.pool.cached = true (default)
2023-01-26 20:29:45,882 [Listener at 127.0.0.1/38181] INFO  grpc.GrpcConfigKeys (ConfUtils.java:logGet(46)) - raft.grpc.server.async.request.thread.pool.size = 32 (default)
2023-01-26 20:29:45,883 [Listener at 127.0.0.1/38181] INFO  impl.DataStreamServerImpl (ConfUtils.java:logGet(46)) - raft.datastream.type = NETTY (custom)
2023-01-26 20:29:45,884 [Listener at 127.0.0.1/38181] INFO  server.RaftServerConfigKeys (ConfUtils.java:logGet(46)) - raft.server.data-stream.async.request.thread.pool.cached = false (default)
2023-01-26 20:29:45,884 [Listener at 127.0.0.1/38181] INFO  server.RaftServerConfigKeys (ConfUtils.java:logGet(46)) - raft.server.data-stream.async.request.thread.pool.size = 20 (custom)
2023-01-26 20:29:45,884 [Listener at 127.0.0.1/38181] INFO  server.RaftServerConfigKeys (ConfUtils.java:logGet(46)) - raft.server.data-stream.async.write.thread.pool.size = 16 (default)
2023-01-26 20:29:45,884 [Listener at 127.0.0.1/38181] INFO  server.RaftServerConfigKeys (ConfUtils.java:logGet(46)) - raft.server.data-stream.client.pool.size = 10 (default)
2023-01-26 20:29:45,884 [Listener at 127.0.0.1/38181] INFO  netty.NettyConfigKeys$DataStream (ConfUtils.java:logGet(46)) - raft.netty.dataStream.server.use-epoll = false (default)
2023-01-26 20:29:45,885 [Listener at 127.0.0.1/38181] INFO  netty.NettyConfigKeys$DataStream (ConfUtils.java:logGet(46)) - raft.netty.dataStream.server.boss-group.size = 0 (default)
2023-01-26 20:29:45,885 [Listener at 127.0.0.1/38181] INFO  netty.NettyConfigKeys$DataStream (ConfUtils.java:logGet(46)) - raft.netty.dataStream.server.worker-group.size = 0 (default)
2023-01-26 20:29:45,887 [Listener at 127.0.0.1/38181] INFO  netty.NettyConfigKeys$DataStream (ConfUtils.java:logGet(46)) - raft.netty.dataStream.server.tls.conf = null (default)
2023-01-26 20:29:45,888 [Listener at 127.0.0.1/38181] INFO  netty.NettyConfigKeys$DataStream (ConfUtils.java:logGet(46)) - raft.netty.dataStream.host = null (default)
2023-01-26 20:29:45,888 [Listener at 127.0.0.1/38181] INFO  netty.NettyConfigKeys$DataStream (ConfUtils.java:logGet(46)) - raft.netty.dataStream.port = 0 (default)
2023-01-26 20:29:45,888 [Listener at 127.0.0.1/38181] INFO  server.RaftServerConfigKeys (ConfUtils.java:logGet(46)) - raft.server.threadpool.proxy.cached = true (default)
2023-01-26 20:29:45,888 [Listener at 127.0.0.1/38181] INFO  server.RaftServerConfigKeys (ConfUtils.java:logGet(46)) - raft.server.threadpool.proxy.size = 0 (default)
2023-01-26 20:29:45,888 [Listener at 127.0.0.1/38181] INFO  server.RaftServerConfigKeys (ConfUtils.java:logGet(46)) - raft.server.rpc.slowness.timeout = 300s (custom)
2023-01-26 20:29:45,889 [Listener at 127.0.0.1/38181] INFO  server.RaftServerConfigKeys (ConfUtils.java:logGet(46)) - raft.server.leaderelection.leader.step-down.wait-time = 10s (default)
2023-01-26 20:29:45,889 [Listener at 127.0.0.1/38181] INFO  server.RaftServerConfigKeys (ConfUtils.java:logGet(46)) - raft.server.storage.dir = [/home/runner/work/ozone/ozone/hadoop-ozone/integration-test/target/test-dir/MiniOzoneClusterImpl-91732d81-4c55-4ff3-841d-5fdfde2aad74/datanode-4/data/ratis] (custom)
2023-01-26 20:29:45,895 [5da6f0b0-ccdb-4a5d-9328-dd7db5de8beb-NettyServerStreamRpc-bossGroup--thread1] INFO  logging.LoggingHandler (AbstractInternalLogger.java:log(148)) - [id: 0xc1ec9616] REGISTERED
2023-01-26 20:29:45,896 [5da6f0b0-ccdb-4a5d-9328-dd7db5de8beb-NettyServerStreamRpc-bossGroup--thread1] INFO  logging.LoggingHandler (AbstractInternalLogger.java:log(148)) - [id: 0xc1ec9616] BIND: 0.0.0.0/0.0.0.0:0
2023-01-26 20:29:45,896 [5da6f0b0-ccdb-4a5d-9328-dd7db5de8beb-NettyServerStreamRpc-bossGroup--thread1] INFO  logging.LoggingHandler (AbstractInternalLogger.java:log(148)) - [id: 0xc1ec9616, L:/0:0:0:0:0:0:0:0:42829] ACTIVE
2023-01-26 20:29:45,896 [Listener at 127.0.0.1/38181] INFO  server.XceiverServerGrpc (XceiverServerGrpc.java:<init>(132)) - GrpcServer channel type EpollServerSocketChannel
2023-01-26 20:29:45,900 [Listener at 127.0.0.1/38181] INFO  http.BaseHttpServer (BaseHttpServer.java:newHttpServer2BuilderForOzone(213)) - Starting Web-server for hddsDatanode at: http://0.0.0.0:0
2023-01-26 20:29:45,900 [Listener at 127.0.0.1/38181] INFO  http.BaseHttpServer (BaseHttpServer.java:<init>(108)) - Hadoop Security Enabled: false Ozone Security Enabled: false Ozone HTTP Security Enabled: false 
2023-01-26 20:29:45,901 [Listener at 127.0.0.1/38181] WARN  server.AuthenticationFilter (AuthenticationFilter.java:constructSecretProvider(240)) - Unable to initialize FileSignerSecretProvider, falling back to use random secrets. Reason: Could not read signature secret file: /home/runner/hadoop-http-auth-signature-secret
2023-01-26 20:29:45,902 [Listener at 127.0.0.1/38181] WARN  http.HttpRequestLog (HttpRequestLog.java:getRequestLog(103)) - Jetty request log can only be enabled using Log4j
2023-01-26 20:29:45,903 [Listener at 127.0.0.1/38181] INFO  http.HttpServer2 (HttpServer2.java:addGlobalFilter(1031)) - Added global filter 'safety' (class=org.apache.hadoop.hdds.server.http.HttpServer2$QuotingInputFilter)
2023-01-26 20:29:45,904 [Listener at 127.0.0.1/38181] INFO  http.HttpServer2 (HttpServer2.java:addFilter(1007)) - Added filter static_user_filter (class=org.apache.hadoop.http.lib.StaticUserWebFilter$StaticUserFilter) to context hddsDatanode
2023-01-26 20:29:45,904 [Listener at 127.0.0.1/38181] INFO  http.HttpServer2 (HttpServer2.java:addFilter(1015)) - Added filter static_user_filter (class=org.apache.hadoop.http.lib.StaticUserWebFilter$StaticUserFilter) to context logs
2023-01-26 20:29:45,904 [Listener at 127.0.0.1/38181] INFO  http.HttpServer2 (HttpServer2.java:addFilter(1015)) - Added filter static_user_filter (class=org.apache.hadoop.http.lib.StaticUserWebFilter$StaticUserFilter) to context static
2023-01-26 20:29:45,905 [Listener at 127.0.0.1/38181] INFO  http.HttpServer2 (HttpServer2.java:bindListener(1250)) - Jetty bound to port 39257
2023-01-26 20:29:45,905 [Listener at 127.0.0.1/38181] INFO  server.Server (Server.java:doStart(375)) - jetty-9.4.49.v20220914; built: 2022-09-14T01:07:36.601Z; git: 4231a3b2e4cb8548a412a789936d640a97b1aa0a; jvm 1.8.0_352-b08
2023-01-26 20:29:45,908 [Listener at 127.0.0.1/38181] INFO  server.session (DefaultSessionIdManager.java:doStart(334)) - DefaultSessionIdManager workerName=node0
2023-01-26 20:29:45,908 [Listener at 127.0.0.1/38181] INFO  server.session (DefaultSessionIdManager.java:doStart(339)) - No SessionScavenger set, using defaults
2023-01-26 20:29:45,909 [Listener at 127.0.0.1/38181] INFO  server.session (HouseKeeper.java:startScavenging(132)) - node0 Scavenging every 600000ms
2023-01-26 20:29:45,909 [Listener at 127.0.0.1/38181] INFO  handler.ContextHandler (ContextHandler.java:doStart(921)) - Started o.e.j.s.ServletContextHandler@1df8e97b{logs,/logs,file:///home/runner/work/ozone/ozone/hadoop-ozone/integration-test/target/log,AVAILABLE}
2023-01-26 20:29:45,910 [Listener at 127.0.0.1/38181] INFO  handler.ContextHandler (ContextHandler.java:doStart(921)) - Started o.e.j.s.ServletContextHandler@645d860{static,/static,jar:file:/home/runner/.m2/repository/org/apache/ozone/hdds-container-service/1.4.0-SNAPSHOT/hdds-container-service-1.4.0-SNAPSHOT.jar!/webapps/static,AVAILABLE}
2023-01-26 20:29:46,093 [Listener at 127.0.0.1/38181] INFO  handler.ContextHandler (ContextHandler.java:doStart(921)) - Started o.e.j.w.WebAppContext@3a1a08f9{hddsDatanode,/,file:///tmp/jetty-0_0_0_0-39257-hdds-container-service-1_4_0-SNAPSHOT_jar-_-any-3661754157890690444/webapp/,AVAILABLE}{jar:file:/home/runner/.m2/repository/org/apache/ozone/hdds-container-service/1.4.0-SNAPSHOT/hdds-container-service-1.4.0-SNAPSHOT.jar!/webapps/hddsDatanode}
2023-01-26 20:29:46,095 [Listener at 127.0.0.1/38181] INFO  server.AbstractConnector (AbstractConnector.java:doStart(333)) - Started ServerConnector@6e1a3fe8{HTTP/1.1, (http/1.1)}{0.0.0.0:39257}
2023-01-26 20:29:46,095 [Listener at 127.0.0.1/38181] INFO  server.Server (Server.java:doStart(415)) - Started @9790ms
2023-01-26 20:29:46,095 [Listener at 127.0.0.1/38181] WARN  impl.MetricsSystemImpl (MetricsSystemImpl.java:register(279)) - Sink prometheus already exists!
2023-01-26 20:29:46,096 [Listener at 127.0.0.1/38181] INFO  http.BaseHttpServer (BaseHttpServer.java:updateConnectorAddress(333)) - HTTP server of hddsDatanode listening at http://0.0.0.0:39257
2023-01-26 20:29:46,096 [Datanode State Machine Daemon Thread] INFO  statemachine.DatanodeStateMachine (DatanodeStateMachine.java:lambda$startDaemon$0(515)) - Ozone container server started.
2023-01-26 20:29:46,098 [Listener at 127.0.0.1/38181] INFO  ozone.MiniOzoneClusterImpl (MiniOzoneClusterImpl.java:lambda$waitForClusterToBeReady$0(218)) - Waiting for nodes to be ready. Got 0 of 5 DN Heartbeats.
2023-01-26 20:29:46,099 [Listener at 127.0.0.1/38181] INFO  ozone.MiniOzoneClusterImpl (MiniOzoneClusterImpl.java:lambda$waitForClusterToBeReady$0(221)) - Waiting for cluster to exit safe mode
2023-01-26 20:29:46,099 [Listener at 127.0.0.1/38181] INFO  ozone.MiniOzoneClusterImpl (MiniOzoneClusterImpl.java:lambda$waitForClusterToBeReady$0(223)) - SCM became leader
2023-01-26 20:29:46,101 [org.apache.hadoop.util.JvmPauseMonitor$Monitor@7b21dcd8] INFO  util.JvmPauseMonitor (JvmPauseMonitor.java:run(188)) - Starting JVM pause monitor
2023-01-26 20:29:46,109 [Datanode State Machine Task Thread - 0] INFO  datanode.InitDatanodeState (InitDatanodeState.java:persistContainerDatanodeDetails(138)) - DatanodeDetails is persisted to /home/runner/work/ozone/ozone/hadoop-ozone/integration-test/target/test-dir/MiniOzoneClusterImpl-91732d81-4c55-4ff3-841d-5fdfde2aad74/datanode-4/meta/datanode.id
2023-01-26 20:29:46,610 [EndpointStateMachine task thread for /0.0.0.0:37075 - 0 ] INFO  utils.DatanodeStoreCache (DatanodeStoreCache.java:addDB(58)) - Added db /home/runner/work/ozone/ozone/hadoop-ozone/integration-test/target/test-dir/MiniOzoneClusterImpl-91732d81-4c55-4ff3-841d-5fdfde2aad74/datanode-0/data-0/containers/hdds/91732d81-4c55-4ff3-841d-5fdfde2aad74/DS-e5df7ad3-846d-413e-ac0e-cc9f156d45ee/container.db to cache
2023-01-26 20:29:46,610 [EndpointStateMachine task thread for /0.0.0.0:37075 - 0 ] INFO  volume.HddsVolume (HddsVolume.java:createDbStore(307)) - SchemaV3 db is created and loaded at /home/runner/work/ozone/ozone/hadoop-ozone/integration-test/target/test-dir/MiniOzoneClusterImpl-91732d81-4c55-4ff3-841d-5fdfde2aad74/datanode-0/data-0/containers/hdds/91732d81-4c55-4ff3-841d-5fdfde2aad74/DS-e5df7ad3-846d-413e-ac0e-cc9f156d45ee/container.db for volume DS-e5df7ad3-846d-413e-ac0e-cc9f156d45ee
2023-01-26 20:29:46,611 [EndpointStateMachine task thread for /0.0.0.0:37075 - 0 ] INFO  ozoneimpl.OzoneContainer (OzoneContainer.java:start(399)) - Attempting to start container services.
2023-01-26 20:29:46,613 [EndpointStateMachine task thread for /0.0.0.0:37075 - 0 ] INFO  ozoneimpl.OzoneContainer (OzoneContainer.java:startContainerScrub(316)) - Scheduled background container scanners and the on-demand container scanner have been disabled.
2023-01-26 20:29:46,617 [EndpointStateMachine task thread for /0.0.0.0:37075 - 0 ] INFO  replication.ReplicationServer (ReplicationServer.java:start(109)) - ReplicationServer is started using port 43171
2023-01-26 20:29:46,619 [EndpointStateMachine task thread for /0.0.0.0:37075 - 0 ] INFO  ratis.XceiverServerRatis (XceiverServerRatis.java:start(517)) - Starting XceiverServerRatis 7bf5aaad-ce4d-4dcc-9fd5-6307881c1b43
2023-01-26 20:29:46,620 [EndpointStateMachine task thread for /0.0.0.0:37075 - 0 ] INFO  server.RaftServer (RaftServerProxy.java:startImpl(393)) - 7bf5aaad-ce4d-4dcc-9fd5-6307881c1b43: start RPC server
2023-01-26 20:29:46,628 [EndpointStateMachine task thread for /0.0.0.0:37075 - 0 ] INFO  server.GrpcService (GrpcService.java:startImpl(262)) - 7bf5aaad-ce4d-4dcc-9fd5-6307881c1b43: GrpcService started, listening on 41477
2023-01-26 20:29:46,632 [EndpointStateMachine task thread for /0.0.0.0:37075 - 0 ] INFO  ratis.XceiverServerRatis (XceiverServerRatis.java:getRealPort(543)) - XceiverServerRatis 7bf5aaad-ce4d-4dcc-9fd5-6307881c1b43 is started using port 41477 for RATIS
2023-01-26 20:29:46,632 [EndpointStateMachine task thread for /0.0.0.0:37075 - 0 ] INFO  ratis.XceiverServerRatis (XceiverServerRatis.java:getRealPort(543)) - XceiverServerRatis 7bf5aaad-ce4d-4dcc-9fd5-6307881c1b43 is started using port 41477 for RATIS_ADMIN
2023-01-26 20:29:46,632 [EndpointStateMachine task thread for /0.0.0.0:37075 - 0 ] INFO  ratis.XceiverServerRatis (XceiverServerRatis.java:getRealPort(543)) - XceiverServerRatis 7bf5aaad-ce4d-4dcc-9fd5-6307881c1b43 is started using port 41477 for RATIS_SERVER
2023-01-26 20:29:46,632 [EndpointStateMachine task thread for /0.0.0.0:37075 - 0 ] INFO  ratis.XceiverServerRatis (XceiverServerRatis.java:getRealPort(543)) - XceiverServerRatis 7bf5aaad-ce4d-4dcc-9fd5-6307881c1b43 is started using port 41069 for RATIS_DATASTREAM
2023-01-26 20:29:46,633 [JvmPauseMonitor1] INFO  util.JvmPauseMonitor (JvmPauseMonitor.java:run(105)) - JvmPauseMonitor-7bf5aaad-ce4d-4dcc-9fd5-6307881c1b43: Started
2023-01-26 20:29:46,643 [EndpointStateMachine task thread for /0.0.0.0:37075 - 0 ] INFO  server.XceiverServerGrpc (XceiverServerGrpc.java:start(180)) - XceiverServerGrpc 7bf5aaad-ce4d-4dcc-9fd5-6307881c1b43 is started using port 44873
2023-01-26 20:29:47,086 [EndpointStateMachine task thread for /0.0.0.0:37075 - 0 ] INFO  utils.DatanodeStoreCache (DatanodeStoreCache.java:addDB(58)) - Added db /home/runner/work/ozone/ozone/hadoop-ozone/integration-test/target/test-dir/MiniOzoneClusterImpl-91732d81-4c55-4ff3-841d-5fdfde2aad74/datanode-1/data-0/containers/hdds/91732d81-4c55-4ff3-841d-5fdfde2aad74/DS-a4aee4ac-9577-457c-9b75-f4b2c245c247/container.db to cache
2023-01-26 20:29:47,086 [EndpointStateMachine task thread for /0.0.0.0:37075 - 0 ] INFO  volume.HddsVolume (HddsVolume.java:createDbStore(307)) - SchemaV3 db is created and loaded at /home/runner/work/ozone/ozone/hadoop-ozone/integration-test/target/test-dir/MiniOzoneClusterImpl-91732d81-4c55-4ff3-841d-5fdfde2aad74/datanode-1/data-0/containers/hdds/91732d81-4c55-4ff3-841d-5fdfde2aad74/DS-a4aee4ac-9577-457c-9b75-f4b2c245c247/container.db for volume DS-a4aee4ac-9577-457c-9b75-f4b2c245c247
2023-01-26 20:29:47,087 [EndpointStateMachine task thread for /0.0.0.0:37075 - 0 ] INFO  ozoneimpl.OzoneContainer (OzoneContainer.java:start(399)) - Attempting to start container services.
2023-01-26 20:29:47,087 [EndpointStateMachine task thread for /0.0.0.0:37075 - 0 ] INFO  ozoneimpl.OzoneContainer (OzoneContainer.java:startContainerScrub(316)) - Scheduled background container scanners and the on-demand container scanner have been disabled.
2023-01-26 20:29:47,092 [EndpointStateMachine task thread for /0.0.0.0:37075 - 0 ] INFO  replication.ReplicationServer (ReplicationServer.java:start(109)) - ReplicationServer is started using port 42353
2023-01-26 20:29:47,093 [EndpointStateMachine task thread for /0.0.0.0:37075 - 0 ] INFO  ratis.XceiverServerRatis (XceiverServerRatis.java:start(517)) - Starting XceiverServerRatis 1568f87f-b911-477a-a667-1c441b63e4c2
2023-01-26 20:29:47,095 [EndpointStateMachine task thread for /0.0.0.0:37075 - 0 ] INFO  server.RaftServer (RaftServerProxy.java:startImpl(393)) - 1568f87f-b911-477a-a667-1c441b63e4c2: start RPC server
2023-01-26 20:29:47,097 [EndpointStateMachine task thread for /0.0.0.0:37075 - 0 ] INFO  server.GrpcService (GrpcService.java:startImpl(262)) - 1568f87f-b911-477a-a667-1c441b63e4c2: GrpcService started, listening on 44955
2023-01-26 20:29:47,099 [Listener at 127.0.0.1/38181] INFO  ozone.MiniOzoneClusterImpl (MiniOzoneClusterImpl.java:lambda$waitForClusterToBeReady$0(218)) - Waiting for nodes to be ready. Got 0 of 5 DN Heartbeats.
2023-01-26 20:29:47,099 [Listener at 127.0.0.1/38181] INFO  ozone.MiniOzoneClusterImpl (MiniOzoneClusterImpl.java:lambda$waitForClusterToBeReady$0(221)) - Waiting for cluster to exit safe mode
2023-01-26 20:29:47,099 [Listener at 127.0.0.1/38181] INFO  ozone.MiniOzoneClusterImpl (MiniOzoneClusterImpl.java:lambda$waitForClusterToBeReady$0(223)) - SCM became leader
2023-01-26 20:29:47,101 [EndpointStateMachine task thread for /0.0.0.0:37075 - 0 ] INFO  ratis.XceiverServerRatis (XceiverServerRatis.java:getRealPort(543)) - XceiverServerRatis 1568f87f-b911-477a-a667-1c441b63e4c2 is started using port 44955 for RATIS
2023-01-26 20:29:47,101 [JvmPauseMonitor2] INFO  util.JvmPauseMonitor (JvmPauseMonitor.java:run(105)) - JvmPauseMonitor-1568f87f-b911-477a-a667-1c441b63e4c2: Started
2023-01-26 20:29:47,101 [EndpointStateMachine task thread for /0.0.0.0:37075 - 0 ] INFO  ratis.XceiverServerRatis (XceiverServerRatis.java:getRealPort(543)) - XceiverServerRatis 1568f87f-b911-477a-a667-1c441b63e4c2 is started using port 44955 for RATIS_ADMIN
2023-01-26 20:29:47,101 [EndpointStateMachine task thread for /0.0.0.0:37075 - 0 ] INFO  ratis.XceiverServerRatis (XceiverServerRatis.java:getRealPort(543)) - XceiverServerRatis 1568f87f-b911-477a-a667-1c441b63e4c2 is started using port 44955 for RATIS_SERVER
2023-01-26 20:29:47,101 [EndpointStateMachine task thread for /0.0.0.0:37075 - 0 ] INFO  ratis.XceiverServerRatis (XceiverServerRatis.java:getRealPort(543)) - XceiverServerRatis 1568f87f-b911-477a-a667-1c441b63e4c2 is started using port 41383 for RATIS_DATASTREAM
2023-01-26 20:29:47,103 [EndpointStateMachine task thread for /0.0.0.0:37075 - 0 ] INFO  server.XceiverServerGrpc (XceiverServerGrpc.java:start(180)) - XceiverServerGrpc 1568f87f-b911-477a-a667-1c441b63e4c2 is started using port 43003
2023-01-26 20:29:47,467 [EndpointStateMachine task thread for /0.0.0.0:37075 - 0 ] INFO  utils.DatanodeStoreCache (DatanodeStoreCache.java:addDB(58)) - Added db /home/runner/work/ozone/ozone/hadoop-ozone/integration-test/target/test-dir/MiniOzoneClusterImpl-91732d81-4c55-4ff3-841d-5fdfde2aad74/datanode-2/data-0/containers/hdds/91732d81-4c55-4ff3-841d-5fdfde2aad74/DS-028487e2-4f81-408a-9dc9-6fb6108eb6c1/container.db to cache
2023-01-26 20:29:47,468 [EndpointStateMachine task thread for /0.0.0.0:37075 - 0 ] INFO  volume.HddsVolume (HddsVolume.java:createDbStore(307)) - SchemaV3 db is created and loaded at /home/runner/work/ozone/ozone/hadoop-ozone/integration-test/target/test-dir/MiniOzoneClusterImpl-91732d81-4c55-4ff3-841d-5fdfde2aad74/datanode-2/data-0/containers/hdds/91732d81-4c55-4ff3-841d-5fdfde2aad74/DS-028487e2-4f81-408a-9dc9-6fb6108eb6c1/container.db for volume DS-028487e2-4f81-408a-9dc9-6fb6108eb6c1
2023-01-26 20:29:47,468 [EndpointStateMachine task thread for /0.0.0.0:37075 - 0 ] INFO  ozoneimpl.OzoneContainer (OzoneContainer.java:start(399)) - Attempting to start container services.
2023-01-26 20:29:47,472 [EndpointStateMachine task thread for /0.0.0.0:37075 - 0 ] INFO  ozoneimpl.OzoneContainer (OzoneContainer.java:startContainerScrub(316)) - Scheduled background container scanners and the on-demand container scanner have been disabled.
2023-01-26 20:29:47,474 [EndpointStateMachine task thread for /0.0.0.0:37075 - 0 ] INFO  replication.ReplicationServer (ReplicationServer.java:start(109)) - ReplicationServer is started using port 38385
2023-01-26 20:29:47,475 [EndpointStateMachine task thread for /0.0.0.0:37075 - 0 ] INFO  ratis.XceiverServerRatis (XceiverServerRatis.java:start(517)) - Starting XceiverServerRatis 5982ba88-a0d3-4bb4-b961-874e4813aacd
2023-01-26 20:29:47,478 [EndpointStateMachine task thread for /0.0.0.0:37075 - 0 ] INFO  server.RaftServer (RaftServerProxy.java:startImpl(393)) - 5982ba88-a0d3-4bb4-b961-874e4813aacd: start RPC server
2023-01-26 20:29:47,479 [EndpointStateMachine task thread for /0.0.0.0:37075 - 0 ] INFO  server.GrpcService (GrpcService.java:startImpl(262)) - 5982ba88-a0d3-4bb4-b961-874e4813aacd: GrpcService started, listening on 35121
2023-01-26 20:29:47,479 [EndpointStateMachine task thread for /0.0.0.0:37075 - 0 ] INFO  ratis.XceiverServerRatis (XceiverServerRatis.java:getRealPort(543)) - XceiverServerRatis 5982ba88-a0d3-4bb4-b961-874e4813aacd is started using port 35121 for RATIS
2023-01-26 20:29:47,479 [EndpointStateMachine task thread for /0.0.0.0:37075 - 0 ] INFO  ratis.XceiverServerRatis (XceiverServerRatis.java:getRealPort(543)) - XceiverServerRatis 5982ba88-a0d3-4bb4-b961-874e4813aacd is started using port 35121 for RATIS_ADMIN
2023-01-26 20:29:47,479 [JvmPauseMonitor3] INFO  util.JvmPauseMonitor (JvmPauseMonitor.java:run(105)) - JvmPauseMonitor-5982ba88-a0d3-4bb4-b961-874e4813aacd: Started
2023-01-26 20:29:47,480 [EndpointStateMachine task thread for /0.0.0.0:37075 - 0 ] INFO  ratis.XceiverServerRatis (XceiverServerRatis.java:getRealPort(543)) - XceiverServerRatis 5982ba88-a0d3-4bb4-b961-874e4813aacd is started using port 35121 for RATIS_SERVER
2023-01-26 20:29:47,480 [EndpointStateMachine task thread for /0.0.0.0:37075 - 0 ] INFO  ratis.XceiverServerRatis (XceiverServerRatis.java:getRealPort(543)) - XceiverServerRatis 5982ba88-a0d3-4bb4-b961-874e4813aacd is started using port 36617 for RATIS_DATASTREAM
2023-01-26 20:29:47,483 [EndpointStateMachine task thread for /0.0.0.0:37075 - 0 ] INFO  server.XceiverServerGrpc (XceiverServerGrpc.java:start(180)) - XceiverServerGrpc 5982ba88-a0d3-4bb4-b961-874e4813aacd is started using port 42109
2023-01-26 20:29:47,811 [EndpointStateMachine task thread for /0.0.0.0:37075 - 0 ] INFO  utils.DatanodeStoreCache (DatanodeStoreCache.java:addDB(58)) - Added db /home/runner/work/ozone/ozone/hadoop-ozone/integration-test/target/test-dir/MiniOzoneClusterImpl-91732d81-4c55-4ff3-841d-5fdfde2aad74/datanode-3/data-0/containers/hdds/91732d81-4c55-4ff3-841d-5fdfde2aad74/DS-8d8c5f69-12ae-44cf-a08e-df946d07b547/container.db to cache
2023-01-26 20:29:47,811 [EndpointStateMachine task thread for /0.0.0.0:37075 - 0 ] INFO  volume.HddsVolume (HddsVolume.java:createDbStore(307)) - SchemaV3 db is created and loaded at /home/runner/work/ozone/ozone/hadoop-ozone/integration-test/target/test-dir/MiniOzoneClusterImpl-91732d81-4c55-4ff3-841d-5fdfde2aad74/datanode-3/data-0/containers/hdds/91732d81-4c55-4ff3-841d-5fdfde2aad74/DS-8d8c5f69-12ae-44cf-a08e-df946d07b547/container.db for volume DS-8d8c5f69-12ae-44cf-a08e-df946d07b547
2023-01-26 20:29:47,811 [EndpointStateMachine task thread for /0.0.0.0:37075 - 0 ] INFO  ozoneimpl.OzoneContainer (OzoneContainer.java:start(399)) - Attempting to start container services.
2023-01-26 20:29:47,811 [EndpointStateMachine task thread for /0.0.0.0:37075 - 0 ] INFO  ozoneimpl.OzoneContainer (OzoneContainer.java:startContainerScrub(316)) - Scheduled background container scanners and the on-demand container scanner have been disabled.
2023-01-26 20:29:47,814 [EndpointStateMachine task thread for /0.0.0.0:37075 - 0 ] INFO  replication.ReplicationServer (ReplicationServer.java:start(109)) - ReplicationServer is started using port 42543
2023-01-26 20:29:47,814 [EndpointStateMachine task thread for /0.0.0.0:37075 - 0 ] INFO  ratis.XceiverServerRatis (XceiverServerRatis.java:start(517)) - Starting XceiverServerRatis b29357c9-7d45-4ae4-80d3-019e3f6bb8ef
2023-01-26 20:29:47,816 [EndpointStateMachine task thread for /0.0.0.0:37075 - 0 ] INFO  server.RaftServer (RaftServerProxy.java:startImpl(393)) - b29357c9-7d45-4ae4-80d3-019e3f6bb8ef: start RPC server
2023-01-26 20:29:47,817 [EndpointStateMachine task thread for /0.0.0.0:37075 - 0 ] INFO  server.GrpcService (GrpcService.java:startImpl(262)) - b29357c9-7d45-4ae4-80d3-019e3f6bb8ef: GrpcService started, listening on 45551
2023-01-26 20:29:47,818 [EndpointStateMachine task thread for /0.0.0.0:37075 - 0 ] INFO  ratis.XceiverServerRatis (XceiverServerRatis.java:getRealPort(543)) - XceiverServerRatis b29357c9-7d45-4ae4-80d3-019e3f6bb8ef is started using port 45551 for RATIS
2023-01-26 20:29:47,818 [EndpointStateMachine task thread for /0.0.0.0:37075 - 0 ] INFO  ratis.XceiverServerRatis (XceiverServerRatis.java:getRealPort(543)) - XceiverServerRatis b29357c9-7d45-4ae4-80d3-019e3f6bb8ef is started using port 45551 for RATIS_ADMIN
2023-01-26 20:29:47,818 [EndpointStateMachine task thread for /0.0.0.0:37075 - 0 ] INFO  ratis.XceiverServerRatis (XceiverServerRatis.java:getRealPort(543)) - XceiverServerRatis b29357c9-7d45-4ae4-80d3-019e3f6bb8ef is started using port 45551 for RATIS_SERVER
2023-01-26 20:29:47,818 [EndpointStateMachine task thread for /0.0.0.0:37075 - 0 ] INFO  ratis.XceiverServerRatis (XceiverServerRatis.java:getRealPort(543)) - XceiverServerRatis b29357c9-7d45-4ae4-80d3-019e3f6bb8ef is started using port 45865 for RATIS_DATASTREAM
2023-01-26 20:29:47,818 [JvmPauseMonitor4] INFO  util.JvmPauseMonitor (JvmPauseMonitor.java:run(105)) - JvmPauseMonitor-b29357c9-7d45-4ae4-80d3-019e3f6bb8ef: Started
2023-01-26 20:29:47,821 [EndpointStateMachine task thread for /0.0.0.0:37075 - 0 ] INFO  server.XceiverServerGrpc (XceiverServerGrpc.java:start(180)) - XceiverServerGrpc b29357c9-7d45-4ae4-80d3-019e3f6bb8ef is started using port 43167
2023-01-26 20:29:48,099 [Listener at 127.0.0.1/38181] INFO  ozone.MiniOzoneClusterImpl (MiniOzoneClusterImpl.java:lambda$waitForClusterToBeReady$0(218)) - Waiting for nodes to be ready. Got 0 of 5 DN Heartbeats.
2023-01-26 20:29:48,100 [Listener at 127.0.0.1/38181] INFO  ozone.MiniOzoneClusterImpl (MiniOzoneClusterImpl.java:lambda$waitForClusterToBeReady$0(221)) - Waiting for cluster to exit safe mode
2023-01-26 20:29:48,100 [Listener at 127.0.0.1/38181] INFO  ozone.MiniOzoneClusterImpl (MiniOzoneClusterImpl.java:lambda$waitForClusterToBeReady$0(223)) - SCM became leader
2023-01-26 20:29:48,129 [EndpointStateMachine task thread for /0.0.0.0:37075 - 0 ] INFO  utils.DatanodeStoreCache (DatanodeStoreCache.java:addDB(58)) - Added db /home/runner/work/ozone/ozone/hadoop-ozone/integration-test/target/test-dir/MiniOzoneClusterImpl-91732d81-4c55-4ff3-841d-5fdfde2aad74/datanode-4/data-0/containers/hdds/91732d81-4c55-4ff3-841d-5fdfde2aad74/DS-8c8d9cf4-4cf1-4249-acb8-72747567d093/container.db to cache
2023-01-26 20:29:48,129 [EndpointStateMachine task thread for /0.0.0.0:37075 - 0 ] INFO  volume.HddsVolume (HddsVolume.java:createDbStore(307)) - SchemaV3 db is created and loaded at /home/runner/work/ozone/ozone/hadoop-ozone/integration-test/target/test-dir/MiniOzoneClusterImpl-91732d81-4c55-4ff3-841d-5fdfde2aad74/datanode-4/data-0/containers/hdds/91732d81-4c55-4ff3-841d-5fdfde2aad74/DS-8c8d9cf4-4cf1-4249-acb8-72747567d093/container.db for volume DS-8c8d9cf4-4cf1-4249-acb8-72747567d093
2023-01-26 20:29:48,129 [EndpointStateMachine task thread for /0.0.0.0:37075 - 0 ] INFO  ozoneimpl.OzoneContainer (OzoneContainer.java:start(399)) - Attempting to start container services.
2023-01-26 20:29:48,129 [EndpointStateMachine task thread for /0.0.0.0:37075 - 0 ] INFO  ozoneimpl.OzoneContainer (OzoneContainer.java:startContainerScrub(316)) - Scheduled background container scanners and the on-demand container scanner have been disabled.
2023-01-26 20:29:48,131 [EndpointStateMachine task thread for /0.0.0.0:37075 - 0 ] INFO  replication.ReplicationServer (ReplicationServer.java:start(109)) - ReplicationServer is started using port 43335
2023-01-26 20:29:48,131 [EndpointStateMachine task thread for /0.0.0.0:37075 - 0 ] INFO  ratis.XceiverServerRatis (XceiverServerRatis.java:start(517)) - Starting XceiverServerRatis 5da6f0b0-ccdb-4a5d-9328-dd7db5de8beb
2023-01-26 20:29:48,132 [EndpointStateMachine task thread for /0.0.0.0:37075 - 0 ] INFO  server.RaftServer (RaftServerProxy.java:startImpl(393)) - 5da6f0b0-ccdb-4a5d-9328-dd7db5de8beb: start RPC server
2023-01-26 20:29:48,137 [EndpointStateMachine task thread for /0.0.0.0:37075 - 0 ] INFO  server.GrpcService (GrpcService.java:startImpl(262)) - 5da6f0b0-ccdb-4a5d-9328-dd7db5de8beb: GrpcService started, listening on 33881
2023-01-26 20:29:48,138 [EndpointStateMachine task thread for /0.0.0.0:37075 - 0 ] INFO  ratis.XceiverServerRatis (XceiverServerRatis.java:getRealPort(543)) - XceiverServerRatis 5da6f0b0-ccdb-4a5d-9328-dd7db5de8beb is started using port 33881 for RATIS
2023-01-26 20:29:48,138 [EndpointStateMachine task thread for /0.0.0.0:37075 - 0 ] INFO  ratis.XceiverServerRatis (XceiverServerRatis.java:getRealPort(543)) - XceiverServerRatis 5da6f0b0-ccdb-4a5d-9328-dd7db5de8beb is started using port 33881 for RATIS_ADMIN
2023-01-26 20:29:48,138 [EndpointStateMachine task thread for /0.0.0.0:37075 - 0 ] INFO  ratis.XceiverServerRatis (XceiverServerRatis.java:getRealPort(543)) - XceiverServerRatis 5da6f0b0-ccdb-4a5d-9328-dd7db5de8beb is started using port 33881 for RATIS_SERVER
2023-01-26 20:29:48,138 [EndpointStateMachine task thread for /0.0.0.0:37075 - 0 ] INFO  ratis.XceiverServerRatis (XceiverServerRatis.java:getRealPort(543)) - XceiverServerRatis 5da6f0b0-ccdb-4a5d-9328-dd7db5de8beb is started using port 42829 for RATIS_DATASTREAM
2023-01-26 20:29:48,138 [JvmPauseMonitor5] INFO  util.JvmPauseMonitor (JvmPauseMonitor.java:run(105)) - JvmPauseMonitor-5da6f0b0-ccdb-4a5d-9328-dd7db5de8beb: Started
2023-01-26 20:29:48,140 [EndpointStateMachine task thread for /0.0.0.0:37075 - 0 ] INFO  server.XceiverServerGrpc (XceiverServerGrpc.java:start(180)) - XceiverServerGrpc 5da6f0b0-ccdb-4a5d-9328-dd7db5de8beb is started using port 45285
2023-01-26 20:29:48,514 [IPC Server handler 0 on default port 37075] INFO  net.NetworkTopologyImpl (NetworkTopologyImpl.java:add(112)) - Added a new node: /default-rack/7bf5aaad-ce4d-4dcc-9fd5-6307881c1b43
2023-01-26 20:29:48,516 [IPC Server handler 0 on default port 37075] INFO  node.SCMNodeManager (SCMNodeManager.java:register(397)) - Registered Data node : 7bf5aaad-ce4d-4dcc-9fd5-6307881c1b43{ip: 10.1.0.15, host: fv-az462-54.0zuljvm5d0yedf4jva4xayy4gc.gx.internal.cloudapp.net, ports: [REPLICATION=43171, RATIS=41477, RATIS_ADMIN=41477, RATIS_SERVER=41477, RATIS_DATASTREAM=41069, STANDALONE=44873], networkLocation: /default-rack, certSerialId: null, persistedOpState: null, persistedOpStateExpiryEpochSec: 0}
2023-01-26 20:29:48,522 [EventQueue-NewNodeForNewNodeHandler] INFO  pipeline.BackgroundPipelineCreator (BackgroundPipelineCreator.java:notifyEventTriggered(276)) - trigger a one-shot run on RatisPipelineUtilsThread.
2023-01-26 20:29:48,529 [RatisPipelineUtilsThread - 0] INFO  pipeline.RatisPipelineProvider (RatisPipelineProvider.java:lambda$create$0(206)) - Sending CreatePipelineCommand for pipeline:PipelineID=1adf35cb-10a0-4a3b-9d55-cdca5465c83f to datanode:7bf5aaad-ce4d-4dcc-9fd5-6307881c1b43
2023-01-26 20:29:48,530 [EventQueue-NodeRegistrationContainerReportForDataNodeSafeModeRule] INFO  safemode.SCMSafeModeManager (DataNodeSafeModeRule.java:process(71)) - SCM in safe mode. 1 DataNodes registered, 3 required.
2023-01-26 20:29:48,536 [EventQueue-NodeRegistrationContainerReportForContainerSafeModeRule] INFO  safemode.SCMSafeModeManager (SCMSafeModeManager.java:validateSafeModeExitRules(200)) - ContainerSafeModeRule rule is successfully validated
2023-01-26 20:29:48,536 [EventQueue-PipelineReportForOneReplicaPipelineSafeModeRule] INFO  safemode.SCMSafeModeManager (SCMSafeModeManager.java:validateSafeModeExitRules(200)) - AtleastOneDatanodeReportedRule rule is successfully validated
2023-01-26 20:29:48,546 [RatisPipelineUtilsThread - 0] INFO  pipeline.PipelineStateManagerImpl (PipelineStateManagerImpl.java:addPipeline(103)) - Created pipeline Pipeline[ Id: 1adf35cb-10a0-4a3b-9d55-cdca5465c83f, Nodes: 7bf5aaad-ce4d-4dcc-9fd5-6307881c1b43(fv-az462-54.0zuljvm5d0yedf4jva4xayy4gc.gx.internal.cloudapp.net/10.1.0.15), ReplicationConfig: RATIS/ONE, State:ALLOCATED, leaderId:, CreationTimestamp2023-01-26T20:29:48.528Z[Etc/UTC]].
2023-01-26 20:29:49,058 [IPC Server handler 2 on default port 37075] INFO  net.NetworkTopologyImpl (NetworkTopologyImpl.java:add(112)) - Added a new node: /default-rack/1568f87f-b911-477a-a667-1c441b63e4c2
2023-01-26 20:29:49,058 [IPC Server handler 2 on default port 37075] INFO  node.SCMNodeManager (SCMNodeManager.java:register(397)) - Registered Data node : 1568f87f-b911-477a-a667-1c441b63e4c2{ip: 10.1.0.15, host: fv-az462-54.0zuljvm5d0yedf4jva4xayy4gc.gx.internal.cloudapp.net, ports: [REPLICATION=42353, RATIS=44955, RATIS_ADMIN=44955, RATIS_SERVER=44955, RATIS_DATASTREAM=41383, STANDALONE=43003], networkLocation: /default-rack, certSerialId: null, persistedOpState: null, persistedOpStateExpiryEpochSec: 0}
2023-01-26 20:29:49,059 [EventQueue-NodeRegistrationContainerReportForDataNodeSafeModeRule] INFO  safemode.SCMSafeModeManager (DataNodeSafeModeRule.java:process(71)) - SCM in safe mode. 2 DataNodes registered, 3 required.
2023-01-26 20:29:49,059 [EventQueue-NewNodeForNewNodeHandler] INFO  pipeline.BackgroundPipelineCreator (BackgroundPipelineCreator.java:notifyEventTriggered(276)) - trigger a one-shot run on RatisPipelineUtilsThread.
2023-01-26 20:29:49,061 [RatisPipelineUtilsThread - 0] INFO  pipeline.RatisPipelineProvider (RatisPipelineProvider.java:lambda$create$0(206)) - Sending CreatePipelineCommand for pipeline:PipelineID=c0472a0b-7d75-4aa8-b7c0-d7bfa16f605b to datanode:1568f87f-b911-477a-a667-1c441b63e4c2
2023-01-26 20:29:49,062 [RatisPipelineUtilsThread - 0] INFO  pipeline.PipelineStateManagerImpl (PipelineStateManagerImpl.java:addPipeline(103)) - Created pipeline Pipeline[ Id: c0472a0b-7d75-4aa8-b7c0-d7bfa16f605b, Nodes: 1568f87f-b911-477a-a667-1c441b63e4c2(fv-az462-54.0zuljvm5d0yedf4jva4xayy4gc.gx.internal.cloudapp.net/10.1.0.15), ReplicationConfig: RATIS/ONE, State:ALLOCATED, leaderId:, CreationTimestamp2023-01-26T20:29:49.061Z[Etc/UTC]].
2023-01-26 20:29:49,100 [Listener at 127.0.0.1/38181] INFO  ozone.MiniOzoneClusterImpl (MiniOzoneClusterImpl.java:lambda$waitForClusterToBeReady$0(218)) - Waiting for nodes to be ready. Got 2 of 5 DN Heartbeats.
2023-01-26 20:29:49,100 [Listener at 127.0.0.1/38181] INFO  ozone.MiniOzoneClusterImpl (MiniOzoneClusterImpl.java:lambda$waitForClusterToBeReady$0(221)) - Waiting for cluster to exit safe mode
2023-01-26 20:29:49,100 [Listener at 127.0.0.1/38181] INFO  ozone.MiniOzoneClusterImpl (MiniOzoneClusterImpl.java:lambda$waitForClusterToBeReady$0(223)) - SCM became leader
2023-01-26 20:29:49,439 [IPC Server handler 3 on default port 37075] INFO  net.NetworkTopologyImpl (NetworkTopologyImpl.java:add(112)) - Added a new node: /default-rack/5982ba88-a0d3-4bb4-b961-874e4813aacd
2023-01-26 20:29:49,439 [IPC Server handler 3 on default port 37075] INFO  node.SCMNodeManager (SCMNodeManager.java:register(397)) - Registered Data node : 5982ba88-a0d3-4bb4-b961-874e4813aacd{ip: 10.1.0.15, host: fv-az462-54.0zuljvm5d0yedf4jva4xayy4gc.gx.internal.cloudapp.net, ports: [REPLICATION=38385, RATIS=35121, RATIS_ADMIN=35121, RATIS_SERVER=35121, RATIS_DATASTREAM=36617, STANDALONE=42109], networkLocation: /default-rack, certSerialId: null, persistedOpState: null, persistedOpStateExpiryEpochSec: 0}
2023-01-26 20:29:49,440 [EventQueue-NewNodeForNewNodeHandler] INFO  pipeline.BackgroundPipelineCreator (BackgroundPipelineCreator.java:notifyEventTriggered(276)) - trigger a one-shot run on RatisPipelineUtilsThread.
2023-01-26 20:29:49,441 [RatisPipelineUtilsThread - 0] INFO  pipeline.RatisPipelineProvider (RatisPipelineProvider.java:lambda$create$0(206)) - Sending CreatePipelineCommand for pipeline:PipelineID=38a5c28f-434d-415b-a8b3-1325c190ff0a to datanode:5982ba88-a0d3-4bb4-b961-874e4813aacd
2023-01-26 20:29:49,442 [RatisPipelineUtilsThread - 0] INFO  pipeline.PipelineStateManagerImpl (PipelineStateManagerImpl.java:addPipeline(103)) - Created pipeline Pipeline[ Id: 38a5c28f-434d-415b-a8b3-1325c190ff0a, Nodes: 5982ba88-a0d3-4bb4-b961-874e4813aacd(fv-az462-54.0zuljvm5d0yedf4jva4xayy4gc.gx.internal.cloudapp.net/10.1.0.15), ReplicationConfig: RATIS/ONE, State:ALLOCATED, leaderId:, CreationTimestamp2023-01-26T20:29:49.441Z[Etc/UTC]].
2023-01-26 20:29:49,440 [EventQueue-NodeRegistrationContainerReportForDataNodeSafeModeRule] INFO  safemode.SCMSafeModeManager (DataNodeSafeModeRule.java:process(71)) - SCM in safe mode. 3 DataNodes registered, 3 required.
2023-01-26 20:29:49,442 [EventQueue-NodeRegistrationContainerReportForDataNodeSafeModeRule] INFO  safemode.SCMSafeModeManager (SCMSafeModeManager.java:validateSafeModeExitRules(200)) - DataNodeSafeModeRule rule is successfully validated
2023-01-26 20:29:49,442 [EventQueue-NodeRegistrationContainerReportForDataNodeSafeModeRule] INFO  safemode.SCMSafeModeManager (SCMSafeModeManager.java:completePreCheck(229)) - All SCM safe mode pre check rules have passed
2023-01-26 20:29:49,442 [EventQueue-NodeRegistrationContainerReportForDataNodeSafeModeRule] INFO  ha.SCMContext (SCMContext.java:updateSafeModeStatus(228)) - Update SafeModeStatus from SafeModeStatus{safeModeStatus=true, preCheckPassed=false} to SafeModeStatus{safeModeStatus=true, preCheckPassed=true}.
2023-01-26 20:29:49,442 [EventQueue-NodeRegistrationContainerReportForDataNodeSafeModeRule] INFO  pipeline.BackgroundPipelineCreator (BackgroundPipelineCreator.java:notifyEventTriggered(276)) - trigger a one-shot run on RatisPipelineUtilsThread.
2023-01-26 20:29:49,447 [RatisPipelineUtilsThread - 0] INFO  pipeline.RatisPipelineProvider (RatisPipelineProvider.java:lambda$create$0(206)) - Sending CreatePipelineCommand for pipeline:PipelineID=4fd980bb-761d-409a-aded-db628ad3d204 to datanode:5982ba88-a0d3-4bb4-b961-874e4813aacd
2023-01-26 20:29:49,447 [RatisPipelineUtilsThread - 0] INFO  pipeline.RatisPipelineProvider (RatisPipelineProvider.java:lambda$create$0(206)) - Sending CreatePipelineCommand for pipeline:PipelineID=4fd980bb-761d-409a-aded-db628ad3d204 to datanode:7bf5aaad-ce4d-4dcc-9fd5-6307881c1b43
2023-01-26 20:29:49,447 [RatisPipelineUtilsThread - 0] INFO  pipeline.RatisPipelineProvider (RatisPipelineProvider.java:lambda$create$0(206)) - Sending CreatePipelineCommand for pipeline:PipelineID=4fd980bb-761d-409a-aded-db628ad3d204 to datanode:1568f87f-b911-477a-a667-1c441b63e4c2
2023-01-26 20:29:49,448 [RatisPipelineUtilsThread - 0] INFO  pipeline.PipelineStateManagerImpl (PipelineStateManagerImpl.java:addPipeline(103)) - Created pipeline Pipeline[ Id: 4fd980bb-761d-409a-aded-db628ad3d204, Nodes: 5982ba88-a0d3-4bb4-b961-874e4813aacd(fv-az462-54.0zuljvm5d0yedf4jva4xayy4gc.gx.internal.cloudapp.net/10.1.0.15)7bf5aaad-ce4d-4dcc-9fd5-6307881c1b43(fv-az462-54.0zuljvm5d0yedf4jva4xayy4gc.gx.internal.cloudapp.net/10.1.0.15)1568f87f-b911-477a-a667-1c441b63e4c2(fv-az462-54.0zuljvm5d0yedf4jva4xayy4gc.gx.internal.cloudapp.net/10.1.0.15), ReplicationConfig: RATIS/THREE, State:ALLOCATED, leaderId:, CreationTimestamp2023-01-26T20:29:49.447Z[Etc/UTC]].
2023-01-26 20:29:49,450 [RatisPipelineUtilsThread - 0] INFO  pipeline.RatisPipelineProvider (RatisPipelineProvider.java:lambda$create$0(206)) - Sending CreatePipelineCommand for pipeline:PipelineID=79c39a30-5e94-4bb2-b8be-c481fbff3b85 to datanode:7bf5aaad-ce4d-4dcc-9fd5-6307881c1b43
2023-01-26 20:29:49,450 [RatisPipelineUtilsThread - 0] INFO  pipeline.RatisPipelineProvider (RatisPipelineProvider.java:lambda$create$0(206)) - Sending CreatePipelineCommand for pipeline:PipelineID=79c39a30-5e94-4bb2-b8be-c481fbff3b85 to datanode:1568f87f-b911-477a-a667-1c441b63e4c2
2023-01-26 20:29:49,450 [RatisPipelineUtilsThread - 0] INFO  pipeline.RatisPipelineProvider (RatisPipelineProvider.java:lambda$create$0(206)) - Sending CreatePipelineCommand for pipeline:PipelineID=79c39a30-5e94-4bb2-b8be-c481fbff3b85 to datanode:5982ba88-a0d3-4bb4-b961-874e4813aacd
2023-01-26 20:29:49,451 [RatisPipelineUtilsThread - 0] INFO  pipeline.PipelineStateManagerImpl (PipelineStateManagerImpl.java:addPipeline(103)) - Created pipeline Pipeline[ Id: 79c39a30-5e94-4bb2-b8be-c481fbff3b85, Nodes: 7bf5aaad-ce4d-4dcc-9fd5-6307881c1b43(fv-az462-54.0zuljvm5d0yedf4jva4xayy4gc.gx.internal.cloudapp.net/10.1.0.15)1568f87f-b911-477a-a667-1c441b63e4c2(fv-az462-54.0zuljvm5d0yedf4jva4xayy4gc.gx.internal.cloudapp.net/10.1.0.15)5982ba88-a0d3-4bb4-b961-874e4813aacd(fv-az462-54.0zuljvm5d0yedf4jva4xayy4gc.gx.internal.cloudapp.net/10.1.0.15), ReplicationConfig: RATIS/THREE, State:ALLOCATED, leaderId:, CreationTimestamp2023-01-26T20:29:49.450Z[Etc/UTC]].
2023-01-26 20:29:49,451 [RatisPipelineUtilsThread - 0] INFO  pipeline.PipelineManagerImpl (PipelineManagerImpl.java:recordMetricsForPipeline(826)) - Pipeline: PipelineID=79c39a30-5e94-4bb2-b8be-c481fbff3b85 contains same datanodes as previous pipelines: PipelineID=4fd980bb-761d-409a-aded-db628ad3d204 nodeIds: 7bf5aaad-ce4d-4dcc-9fd5-6307881c1b43, 1568f87f-b911-477a-a667-1c441b63e4c2, 5982ba88-a0d3-4bb4-b961-874e4813aacd
2023-01-26 20:29:49,452 [RatisPipelineUtilsThread - 0] WARN  pipeline.PipelinePlacementPolicy (PipelinePlacementPolicy.java:filterViableNodes(158)) - Pipeline creation failed due to no sufficient healthy datanodes. Required 3. Found 0.
2023-01-26 20:29:49,785 [IPC Server handler 1 on default port 37075] INFO  net.NetworkTopologyImpl (NetworkTopologyImpl.java:add(112)) - Added a new node: /default-rack/b29357c9-7d45-4ae4-80d3-019e3f6bb8ef
2023-01-26 20:29:49,786 [IPC Server handler 1 on default port 37075] INFO  node.SCMNodeManager (SCMNodeManager.java:register(397)) - Registered Data node : b29357c9-7d45-4ae4-80d3-019e3f6bb8ef{ip: 10.1.0.15, host: fv-az462-54.0zuljvm5d0yedf4jva4xayy4gc.gx.internal.cloudapp.net, ports: [REPLICATION=42543, RATIS=45551, RATIS_ADMIN=45551, RATIS_SERVER=45551, RATIS_DATASTREAM=45865, STANDALONE=43167], networkLocation: /default-rack, certSerialId: null, persistedOpState: null, persistedOpStateExpiryEpochSec: 0}
2023-01-26 20:29:49,786 [EventQueue-NewNodeForNewNodeHandler] INFO  pipeline.BackgroundPipelineCreator (BackgroundPipelineCreator.java:notifyEventTriggered(276)) - trigger a one-shot run on RatisPipelineUtilsThread.
2023-01-26 20:29:49,788 [RatisPipelineUtilsThread - 0] INFO  pipeline.RatisPipelineProvider (RatisPipelineProvider.java:lambda$create$0(206)) - Sending CreatePipelineCommand for pipeline:PipelineID=de05051a-2b37-4acd-834b-7ce0e3f02afb to datanode:b29357c9-7d45-4ae4-80d3-019e3f6bb8ef
2023-01-26 20:29:49,789 [RatisPipelineUtilsThread - 0] INFO  pipeline.PipelineStateManagerImpl (PipelineStateManagerImpl.java:addPipeline(103)) - Created pipeline Pipeline[ Id: de05051a-2b37-4acd-834b-7ce0e3f02afb, Nodes: b29357c9-7d45-4ae4-80d3-019e3f6bb8ef(fv-az462-54.0zuljvm5d0yedf4jva4xayy4gc.gx.internal.cloudapp.net/10.1.0.15), ReplicationConfig: RATIS/ONE, State:ALLOCATED, leaderId:, CreationTimestamp2023-01-26T20:29:49.788Z[Etc/UTC]].
2023-01-26 20:29:49,790 [RatisPipelineUtilsThread - 0] WARN  pipeline.PipelinePlacementPolicy (PipelinePlacementPolicy.java:filterViableNodes(158)) - Pipeline creation failed due to no sufficient healthy datanodes. Required 3. Found 1.
2023-01-26 20:29:50,100 [Listener at 127.0.0.1/38181] INFO  ozone.MiniOzoneClusterImpl (MiniOzoneClusterImpl.java:lambda$waitForClusterToBeReady$0(218)) - Waiting for nodes to be ready. Got 4 of 5 DN Heartbeats.
2023-01-26 20:29:50,101 [Listener at 127.0.0.1/38181] INFO  ozone.MiniOzoneClusterImpl (MiniOzoneClusterImpl.java:lambda$waitForClusterToBeReady$0(221)) - Waiting for cluster to exit safe mode
2023-01-26 20:29:50,101 [Listener at 127.0.0.1/38181] INFO  ozone.MiniOzoneClusterImpl (MiniOzoneClusterImpl.java:lambda$waitForClusterToBeReady$0(223)) - SCM became leader
2023-01-26 20:29:50,103 [IPC Server handler 3 on default port 37075] INFO  net.NetworkTopologyImpl (NetworkTopologyImpl.java:add(112)) - Added a new node: /default-rack/5da6f0b0-ccdb-4a5d-9328-dd7db5de8beb
2023-01-26 20:29:50,103 [IPC Server handler 3 on default port 37075] INFO  node.SCMNodeManager (SCMNodeManager.java:register(397)) - Registered Data node : 5da6f0b0-ccdb-4a5d-9328-dd7db5de8beb{ip: 10.1.0.15, host: fv-az462-54.0zuljvm5d0yedf4jva4xayy4gc.gx.internal.cloudapp.net, ports: [REPLICATION=43335, RATIS=33881, RATIS_ADMIN=33881, RATIS_SERVER=33881, RATIS_DATASTREAM=42829, STANDALONE=45285], networkLocation: /default-rack, certSerialId: null, persistedOpState: null, persistedOpStateExpiryEpochSec: 0}
2023-01-26 20:29:50,104 [EventQueue-NewNodeForNewNodeHandler] INFO  pipeline.BackgroundPipelineCreator (BackgroundPipelineCreator.java:notifyEventTriggered(276)) - trigger a one-shot run on RatisPipelineUtilsThread.
2023-01-26 20:29:50,104 [RatisPipelineUtilsThread - 0] INFO  pipeline.RatisPipelineProvider (RatisPipelineProvider.java:lambda$create$0(206)) - Sending CreatePipelineCommand for pipeline:PipelineID=9e63722e-1a29-4cf3-a876-2b6f2ee16a18 to datanode:5da6f0b0-ccdb-4a5d-9328-dd7db5de8beb
2023-01-26 20:29:50,105 [RatisPipelineUtilsThread - 0] INFO  pipeline.PipelineStateManagerImpl (PipelineStateManagerImpl.java:addPipeline(103)) - Created pipeline Pipeline[ Id: 9e63722e-1a29-4cf3-a876-2b6f2ee16a18, Nodes: 5da6f0b0-ccdb-4a5d-9328-dd7db5de8beb(fv-az462-54.0zuljvm5d0yedf4jva4xayy4gc.gx.internal.cloudapp.net/10.1.0.15), ReplicationConfig: RATIS/ONE, State:ALLOCATED, leaderId:, CreationTimestamp2023-01-26T20:29:50.104Z[Etc/UTC]].
2023-01-26 20:29:50,105 [RatisPipelineUtilsThread - 0] WARN  pipeline.PipelinePlacementPolicy (PipelinePlacementPolicy.java:filterViableNodes(158)) - Pipeline creation failed due to no sufficient healthy datanodes. Required 3. Found 2.
2023-01-26 20:29:51,101 [Listener at 127.0.0.1/38181] INFO  ozone.MiniOzoneClusterImpl (MiniOzoneClusterImpl.java:lambda$waitForClusterToBeReady$0(218)) - Nodes are ready. Got 5 of 5 DN Heartbeats.
2023-01-26 20:29:51,101 [Listener at 127.0.0.1/38181] INFO  ozone.MiniOzoneClusterImpl (MiniOzoneClusterImpl.java:lambda$waitForClusterToBeReady$0(221)) - Waiting for cluster to exit safe mode
2023-01-26 20:29:51,101 [Listener at 127.0.0.1/38181] INFO  ozone.MiniOzoneClusterImpl (MiniOzoneClusterImpl.java:lambda$waitForClusterToBeReady$0(223)) - SCM became leader
2023-01-26 20:29:51,520 [Command processor thread] INFO  server.RaftServer (RaftServerProxy.java:addNew(96)) - 7bf5aaad-ce4d-4dcc-9fd5-6307881c1b43: addNew group-CDCA5465C83F:[7bf5aaad-ce4d-4dcc-9fd5-6307881c1b43|rpc:10.1.0.15:41477|dataStream:10.1.0.15:41069|priority:1|startupRole:FOLLOWER] returns group-CDCA5465C83F:java.util.concurrent.CompletableFuture@33ce5e62[Not completed]
2023-01-26 20:29:51,529 [pool-72-thread-1] INFO  server.RaftServer$Division (RaftServerImpl.java:<init>(195)) - 7bf5aaad-ce4d-4dcc-9fd5-6307881c1b43: new RaftServerImpl for group-CDCA5465C83F:[7bf5aaad-ce4d-4dcc-9fd5-6307881c1b43|rpc:10.1.0.15:41477|dataStream:10.1.0.15:41069|priority:1|startupRole:FOLLOWER] with ContainerStateMachine:uninitialized
2023-01-26 20:29:51,530 [pool-72-thread-1] INFO  server.RaftServerConfigKeys (ConfUtils.java:logGet(46)) - raft.server.rpc.timeout.min = 5s (custom)
2023-01-26 20:29:51,530 [pool-72-thread-1] INFO  server.RaftServerConfigKeys (ConfUtils.java:logGet(46)) - raft.server.rpc.timeout.max = 5200ms (custom)
2023-01-26 20:29:51,530 [pool-72-thread-1] INFO  server.RaftServerConfigKeys (ConfUtils.java:logGet(46)) - raft.server.rpc.sleep.time = 25ms (default)
2023-01-26 20:29:51,530 [pool-72-thread-1] INFO  server.RaftServerConfigKeys (ConfUtils.java:logGet(46)) - raft.server.rpc.slowness.timeout = 300s (custom)
2023-01-26 20:29:51,530 [pool-72-thread-1] INFO  server.RaftServerConfigKeys (ConfUtils.java:logGet(46)) - raft.server.leaderelection.leader.step-down.wait-time = 10s (default)
2023-01-26 20:29:51,530 [pool-72-thread-1] INFO  server.RaftServerConfigKeys (ConfUtils.java:logGet(46)) - raft.server.sleep.deviation.threshold = 300ms (default)
2023-01-26 20:29:51,530 [pool-72-thread-1] INFO  server.RaftServer$Division (ServerState.java:<init>(118)) - 7bf5aaad-ce4d-4dcc-9fd5-6307881c1b43@group-CDCA5465C83F: ConfigurationManager, init=-1: peers:[7bf5aaad-ce4d-4dcc-9fd5-6307881c1b43|rpc:10.1.0.15:41477|dataStream:10.1.0.15:41069|priority:1|startupRole:FOLLOWER]|listeners:[], old=null, confs=<EMPTY_MAP>
2023-01-26 20:29:51,530 [pool-72-thread-1] INFO  server.RaftServerConfigKeys (ConfUtils.java:logGet(46)) - raft.server.storage.dir = [/home/runner/work/ozone/ozone/hadoop-ozone/integration-test/target/test-dir/MiniOzoneClusterImpl-91732d81-4c55-4ff3-841d-5fdfde2aad74/datanode-0/data/ratis] (custom)
2023-01-26 20:29:51,530 [pool-72-thread-1] INFO  server.RaftServerConfigKeys (ConfUtils.java:logGet(46)) - raft.server.log.corruption.policy = EXCEPTION (default)
2023-01-26 20:29:51,530 [pool-72-thread-1] INFO  server.RaftServerConfigKeys (ConfUtils.java:logGet(46)) - raft.server.storage.free-space.min = 0MB (=0) (default)
2023-01-26 20:29:51,530 [pool-72-thread-1] INFO  server.RaftServerConfigKeys (ConfUtils.java:logGet(46)) - raft.server.notification.no-leader.timeout = 300s (custom)
2023-01-26 20:29:51,531 [pool-72-thread-1] INFO  server.RaftServerConfigKeys (ConfUtils.java:logGet(46)) - raft.server.retrycache.expirytime = 600000ms (custom)
2023-01-26 20:29:51,531 [pool-72-thread-1] INFO  server.RaftServerConfigKeys (ConfUtils.java:logGet(46)) - raft.server.retrycache.statistics.expirytime = 100μs (default)
2023-01-26 20:29:51,533 [pool-72-thread-1] INFO  server.RaftServerConfigKeys (ConfUtils.java:logGet(46)) - raft.server.log.appender.install.snapshot.enabled = false (custom)
2023-01-26 20:29:51,533 [pool-72-thread-1] INFO  server.RaftServerConfigKeys (ConfUtils.java:logGet(46)) - raft.server.threadpool.server.cached = true (default)
2023-01-26 20:29:51,533 [pool-72-thread-1] INFO  server.RaftServerConfigKeys (ConfUtils.java:logGet(46)) - raft.server.threadpool.server.size = 0 (default)
2023-01-26 20:29:51,533 [pool-72-thread-1] INFO  server.RaftServerConfigKeys (ConfUtils.java:logGet(46)) - raft.server.threadpool.client.cached = true (default)
2023-01-26 20:29:51,533 [pool-72-thread-1] INFO  server.RaftServerConfigKeys (ConfUtils.java:logGet(46)) - raft.server.threadpool.client.size = 0 (default)
2023-01-26 20:29:51,533 [pool-72-thread-1] INFO  storage.RaftStorageDirectory (RaftStorageDirectoryImpl.java:analyzeStorage(137)) - The storage directory /home/runner/work/ozone/ozone/hadoop-ozone/integration-test/target/test-dir/MiniOzoneClusterImpl-91732d81-4c55-4ff3-841d-5fdfde2aad74/datanode-0/data/ratis/1adf35cb-10a0-4a3b-9d55-cdca5465c83f does not exist. Creating ...
2023-01-26 20:29:51,535 [pool-72-thread-1] INFO  storage.RaftStorageDirectory (RaftStorageDirectoryImpl.java:tryLock(231)) - Lock on /home/runner/work/ozone/ozone/hadoop-ozone/integration-test/target/test-dir/MiniOzoneClusterImpl-91732d81-4c55-4ff3-841d-5fdfde2aad74/datanode-0/data/ratis/1adf35cb-10a0-4a3b-9d55-cdca5465c83f/in_use.lock acquired by nodename 10488@fv-az462-54
2023-01-26 20:29:51,536 [pool-72-thread-1] INFO  storage.RaftStorage (RaftStorageImpl.java:format(96)) - Storage directory /home/runner/work/ozone/ozone/hadoop-ozone/integration-test/target/test-dir/MiniOzoneClusterImpl-91732d81-4c55-4ff3-841d-5fdfde2aad74/datanode-0/data/ratis/1adf35cb-10a0-4a3b-9d55-cdca5465c83f has been successfully formatted.
2023-01-26 20:29:51,543 [pool-72-thread-1] INFO  ratis.ContainerStateMachine (ContainerStateMachine.java:loadSnapshot(240)) - group-CDCA5465C83F: The snapshot info is null. Setting the last applied indexto:(t:0, i:~)
2023-01-26 20:29:51,544 [pool-72-thread-1] INFO  server.RaftServerConfigKeys (ConfUtils.java:logGet(46)) - raft.server.log.use.memory = false (default)
2023-01-26 20:29:51,544 [pool-72-thread-1] INFO  server.RaftServerConfigKeys (ConfUtils.java:logGet(46)) - raft.server.log.purge.gap = 1000000 (custom)
2023-01-26 20:29:51,544 [pool-72-thread-1] INFO  server.RaftServerConfigKeys (ConfUtils.java:logGet(46)) - raft.server.log.appender.buffer.byte-limit = 33554432 (custom)
2023-01-26 20:29:51,544 [pool-72-thread-1] INFO  server.RaftServerConfigKeys (ConfUtils.java:logGet(46)) - raft.server.log.statemachine.data.read.timeout = 1000ms (default)
2023-01-26 20:29:51,544 [pool-72-thread-1] INFO  server.RaftServerConfigKeys (ConfUtils.java:logGet(46)) - raft.server.log.purge.preservation.log.num = 0 (default)
2023-01-26 20:29:51,545 [pool-72-thread-1] INFO  server.RaftServerConfigKeys (ConfUtils.java:logGet(46)) - raft.server.log.segment.size.max = 1048576 (custom)
2023-01-26 20:29:51,548 [pool-72-thread-1] INFO  server.RaftServerConfigKeys (ConfUtils.java:logGet(46)) - raft.server.log.segment.cache.num.max = 2 (custom)
2023-01-26 20:29:51,549 [pool-72-thread-1] INFO  server.RaftServerConfigKeys (ConfUtils.java:logGet(46)) - raft.server.log.segment.cache.size.max = 200MB (=209715200) (default)
2023-01-26 20:29:51,549 [pool-72-thread-1] INFO  segmented.SegmentedRaftLogWorker (SegmentedRaftLogWorker.java:<init>(189)) - new 7bf5aaad-ce4d-4dcc-9fd5-6307881c1b43@group-CDCA5465C83F-SegmentedRaftLogWorker for RaftStorageImpl:Storage Directory /home/runner/work/ozone/ozone/hadoop-ozone/integration-test/target/test-dir/MiniOzoneClusterImpl-91732d81-4c55-4ff3-841d-5fdfde2aad74/datanode-0/data/ratis/1adf35cb-10a0-4a3b-9d55-cdca5465c83f
2023-01-26 20:29:51,549 [pool-72-thread-1] INFO  server.RaftServerConfigKeys (ConfUtils.java:logGet(46)) - raft.server.log.queue.byte-limit = 4294967296 (custom)
2023-01-26 20:29:51,549 [pool-72-thread-1] INFO  server.RaftServerConfigKeys (ConfUtils.java:logGet(46)) - raft.server.log.queue.element-limit = 1024 (custom)
2023-01-26 20:29:51,549 [pool-72-thread-1] INFO  server.RaftServerConfigKeys (ConfUtils.java:logGet(46)) - raft.server.log.segment.size.max = 1048576 (custom)
2023-01-26 20:29:51,549 [pool-72-thread-1] INFO  server.RaftServerConfigKeys (ConfUtils.java:logGet(46)) - raft.server.log.preallocated.size = 16384 (custom)
2023-01-26 20:29:51,549 [pool-72-thread-1] INFO  server.RaftServerConfigKeys (ConfUtils.java:logGet(46)) - raft.server.log.force.sync.num = 128 (default)
2023-01-26 20:29:51,549 [pool-72-thread-1] INFO  server.RaftServerConfigKeys (ConfUtils.java:logGet(46)) - raft.server.log.statemachine.data.sync = true (default)
2023-01-26 20:29:51,549 [pool-72-thread-1] INFO  server.RaftServerConfigKeys (ConfUtils.java:logGet(46)) - raft.server.log.statemachine.data.sync.timeout = 10s (default)
2023-01-26 20:29:51,549 [pool-72-thread-1] INFO  server.RaftServerConfigKeys (ConfUtils.java:logGet(46)) - raft.server.log.statemachine.data.sync.timeout.retry = -1 (default)
2023-01-26 20:29:51,551 [pool-72-thread-1] INFO  server.RaftServerConfigKeys (ConfUtils.java:logGet(46)) - raft.server.log.write.buffer.size = 1048576 (custom)
2023-01-26 20:29:51,552 [pool-72-thread-1] INFO  server.RaftServerConfigKeys (ConfUtils.java:logGet(46)) - raft.server.log.appender.buffer.byte-limit = 33554432 (custom)
2023-01-26 20:29:51,560 [pool-72-thread-1] INFO  server.RaftServerConfigKeys (ConfUtils.java:logGet(46)) - raft.server.log.unsafe-flush.enabled = false (default)
2023-01-26 20:29:51,560 [pool-72-thread-1] INFO  server.RaftServerConfigKeys (ConfUtils.java:logGet(46)) - raft.server.log.async-flush.enabled = false (default)
2023-01-26 20:29:51,560 [pool-72-thread-1] INFO  server.RaftServerConfigKeys (ConfUtils.java:logGet(46)) - raft.server.log.statemachine.data.caching.enabled = true (custom)
2023-01-26 20:29:51,560 [pool-72-thread-1] INFO  segmented.SegmentedRaftLogWorker (SegmentedRaftLogWorker.java:lambda$new$0(135)) - 7bf5aaad-ce4d-4dcc-9fd5-6307881c1b43@group-CDCA5465C83F-SegmentedRaftLogWorker: flushIndex: setUnconditionally 0 -> -1
2023-01-26 20:29:51,560 [pool-72-thread-1] INFO  segmented.SegmentedRaftLogWorker (SegmentedRaftLogWorker.java:lambda$new$0(135)) - 7bf5aaad-ce4d-4dcc-9fd5-6307881c1b43@group-CDCA5465C83F-SegmentedRaftLogWorker: safeCacheEvictIndex: setUnconditionally 0 -> -1
2023-01-26 20:29:51,561 [pool-72-thread-1] INFO  server.RaftServer$Division (RaftServerImpl.java:start(334)) - 7bf5aaad-ce4d-4dcc-9fd5-6307881c1b43@group-CDCA5465C83F: start as a follower, conf=-1: peers:[7bf5aaad-ce4d-4dcc-9fd5-6307881c1b43|rpc:10.1.0.15:41477|dataStream:10.1.0.15:41069|priority:1|startupRole:FOLLOWER]|listeners:[], old=null
2023-01-26 20:29:51,561 [pool-72-thread-1] INFO  server.RaftServer$Division (RaftServerImpl.java:setRole(321)) - 7bf5aaad-ce4d-4dcc-9fd5-6307881c1b43@group-CDCA5465C83F: changes role from      null to FOLLOWER at term 0 for startAsFollower
2023-01-26 20:29:51,561 [pool-72-thread-1] INFO  impl.RoleInfo (RoleInfo.java:updateAndGet(139)) - 7bf5aaad-ce4d-4dcc-9fd5-6307881c1b43: start 7bf5aaad-ce4d-4dcc-9fd5-6307881c1b43@group-CDCA5465C83F-FollowerState
2023-01-26 20:29:51,561 [EventQueue-PipelineReportForPipelineReportHandler] INFO  pipeline.PipelineManagerImpl (PipelineManagerImpl.java:openPipeline(367)) - Pipeline Pipeline[ Id: 1adf35cb-10a0-4a3b-9d55-cdca5465c83f, Nodes: 7bf5aaad-ce4d-4dcc-9fd5-6307881c1b43(fv-az462-54.0zuljvm5d0yedf4jva4xayy4gc.gx.internal.cloudapp.net/10.1.0.15), ReplicationConfig: RATIS/ONE, State:ALLOCATED, leaderId:7bf5aaad-ce4d-4dcc-9fd5-6307881c1b43, CreationTimestamp2023-01-26T20:29:48.528Z[Etc/UTC]] moved to OPEN state
2023-01-26 20:29:51,562 [pool-72-thread-1] INFO  util.JmxRegister (JmxRegister.java:tryRegister(44)) - Successfully registered JMX Bean with object name Ratis:service=RaftServer,group=group-CDCA5465C83F,id=7bf5aaad-ce4d-4dcc-9fd5-6307881c1b43
2023-01-26 20:29:51,562 [pool-72-thread-1] INFO  server.RaftServerConfigKeys (ConfUtils.java:logGet(46)) - raft.server.snapshot.auto.trigger.enabled = true (custom)
2023-01-26 20:29:51,562 [pool-72-thread-1] INFO  server.RaftServerConfigKeys (ConfUtils.java:logGet(46)) - raft.server.snapshot.auto.trigger.threshold = 10000 (custom)
2023-01-26 20:29:51,562 [pool-72-thread-1] INFO  server.RaftServerConfigKeys (ConfUtils.java:logGet(46)) - raft.server.snapshot.retention.file.num = 5 (custom)
2023-01-26 20:29:51,562 [pool-72-thread-1] INFO  server.RaftServerConfigKeys (ConfUtils.java:logGet(46)) - raft.server.log.purge.upto.snapshot.index = false (default)
2023-01-26 20:29:51,563 [EventQueue-OpenPipelineForHealthyPipelineSafeModeRule] INFO  safemode.SCMSafeModeManager (HealthyPipelineSafeModeRule.java:process(137)) - SCM in safe mode. Healthy pipelines reported count is 0, required healthy pipeline reported count is 1
2023-01-26 20:29:51,570 [7bf5aaad-ce4d-4dcc-9fd5-6307881c1b43@group-CDCA5465C83F-FollowerState] INFO  server.RaftServerConfigKeys (ConfUtils.java:logFallback(53)) - raft.server.rpc.first-election.timeout.min = 5s (fallback to raft.server.rpc.timeout.min)
2023-01-26 20:29:51,570 [7bf5aaad-ce4d-4dcc-9fd5-6307881c1b43@group-CDCA5465C83F-FollowerState] INFO  server.RaftServerConfigKeys (ConfUtils.java:logFallback(53)) - raft.server.rpc.first-election.timeout.max = 5200ms (fallback to raft.server.rpc.timeout.max)
2023-01-26 20:29:51,571 [Command processor thread] INFO  ratis.XceiverServerRatis (XceiverServerRatis.java:addGroup(806)) - Created group PipelineID=1adf35cb-10a0-4a3b-9d55-cdca5465c83f
2023-01-26 20:29:51,571 [Command processor thread] INFO  commandhandler.CreatePipelineCommandHandler (CreatePipelineCommandHandler.java:handle(113)) - Created Pipeline RATIS ONE PipelineID=1adf35cb-10a0-4a3b-9d55-cdca5465c83f.
2023-01-26 20:29:51,572 [Command processor thread] INFO  server.RaftServer (RaftServerProxy.java:addNew(96)) - 7bf5aaad-ce4d-4dcc-9fd5-6307881c1b43: addNew group-DB628AD3D204:[5982ba88-a0d3-4bb4-b961-874e4813aacd|rpc:10.1.0.15:35121|dataStream:10.1.0.15:36617|priority:0|startupRole:FOLLOWER, 7bf5aaad-ce4d-4dcc-9fd5-6307881c1b43|rpc:10.1.0.15:41477|dataStream:10.1.0.15:41069|priority:1|startupRole:FOLLOWER, 1568f87f-b911-477a-a667-1c441b63e4c2|rpc:10.1.0.15:44955|dataStream:10.1.0.15:41383|priority:0|startupRole:FOLLOWER] returns group-DB628AD3D204:java.util.concurrent.CompletableFuture@40d5a79[Not completed]
2023-01-26 20:29:51,573 [pool-72-thread-1] INFO  server.RaftServer$Division (RaftServerImpl.java:<init>(195)) - 7bf5aaad-ce4d-4dcc-9fd5-6307881c1b43: new RaftServerImpl for group-DB628AD3D204:[5982ba88-a0d3-4bb4-b961-874e4813aacd|rpc:10.1.0.15:35121|dataStream:10.1.0.15:36617|priority:0|startupRole:FOLLOWER, 7bf5aaad-ce4d-4dcc-9fd5-6307881c1b43|rpc:10.1.0.15:41477|dataStream:10.1.0.15:41069|priority:1|startupRole:FOLLOWER, 1568f87f-b911-477a-a667-1c441b63e4c2|rpc:10.1.0.15:44955|dataStream:10.1.0.15:41383|priority:0|startupRole:FOLLOWER] with ContainerStateMachine:uninitialized
2023-01-26 20:29:51,573 [pool-72-thread-1] INFO  server.RaftServerConfigKeys (ConfUtils.java:logGet(46)) - raft.server.rpc.timeout.min = 5s (custom)
2023-01-26 20:29:51,573 [pool-72-thread-1] INFO  server.RaftServerConfigKeys (ConfUtils.java:logGet(46)) - raft.server.rpc.timeout.max = 5200ms (custom)
2023-01-26 20:29:51,573 [pool-72-thread-1] INFO  server.RaftServerConfigKeys (ConfUtils.java:logGet(46)) - raft.server.rpc.sleep.time = 25ms (default)
2023-01-26 20:29:51,573 [pool-72-thread-1] INFO  server.RaftServerConfigKeys (ConfUtils.java:logGet(46)) - raft.server.rpc.slowness.timeout = 300s (custom)
2023-01-26 20:29:51,573 [pool-72-thread-1] INFO  server.RaftServerConfigKeys (ConfUtils.java:logGet(46)) - raft.server.leaderelection.leader.step-down.wait-time = 10s (default)
2023-01-26 20:29:51,573 [pool-72-thread-1] INFO  server.RaftServerConfigKeys (ConfUtils.java:logGet(46)) - raft.server.sleep.deviation.threshold = 300ms (default)
2023-01-26 20:29:51,574 [pool-72-thread-1] INFO  server.RaftServer$Division (ServerState.java:<init>(118)) - 7bf5aaad-ce4d-4dcc-9fd5-6307881c1b43@group-DB628AD3D204: ConfigurationManager, init=-1: peers:[5982ba88-a0d3-4bb4-b961-874e4813aacd|rpc:10.1.0.15:35121|dataStream:10.1.0.15:36617|priority:0|startupRole:FOLLOWER, 7bf5aaad-ce4d-4dcc-9fd5-6307881c1b43|rpc:10.1.0.15:41477|dataStream:10.1.0.15:41069|priority:1|startupRole:FOLLOWER, 1568f87f-b911-477a-a667-1c441b63e4c2|rpc:10.1.0.15:44955|dataStream:10.1.0.15:41383|priority:0|startupRole:FOLLOWER]|listeners:[], old=null, confs=<EMPTY_MAP>
2023-01-26 20:29:51,574 [pool-72-thread-1] INFO  server.RaftServerConfigKeys (ConfUtils.java:logGet(46)) - raft.server.storage.dir = [/home/runner/work/ozone/ozone/hadoop-ozone/integration-test/target/test-dir/MiniOzoneClusterImpl-91732d81-4c55-4ff3-841d-5fdfde2aad74/datanode-0/data/ratis] (custom)
2023-01-26 20:29:51,574 [pool-72-thread-1] INFO  server.RaftServerConfigKeys (ConfUtils.java:logGet(46)) - raft.server.log.corruption.policy = EXCEPTION (default)
2023-01-26 20:29:51,574 [pool-72-thread-1] INFO  server.RaftServerConfigKeys (ConfUtils.java:logGet(46)) - raft.server.storage.free-space.min = 0MB (=0) (default)
2023-01-26 20:29:51,574 [pool-72-thread-1] INFO  server.RaftServerConfigKeys (ConfUtils.java:logGet(46)) - raft.server.notification.no-leader.timeout = 300s (custom)
2023-01-26 20:29:51,574 [pool-72-thread-1] INFO  server.RaftServerConfigKeys (ConfUtils.java:logGet(46)) - raft.server.retrycache.expirytime = 600000ms (custom)
2023-01-26 20:29:51,574 [pool-72-thread-1] INFO  server.RaftServerConfigKeys (ConfUtils.java:logGet(46)) - raft.server.retrycache.statistics.expirytime = 100μs (default)
2023-01-26 20:29:51,578 [pool-72-thread-1] INFO  server.RaftServerConfigKeys (ConfUtils.java:logGet(46)) - raft.server.log.appender.install.snapshot.enabled = false (custom)
2023-01-26 20:29:51,578 [pool-72-thread-1] INFO  server.RaftServerConfigKeys (ConfUtils.java:logGet(46)) - raft.server.threadpool.server.cached = true (default)
2023-01-26 20:29:51,578 [pool-72-thread-1] INFO  server.RaftServerConfigKeys (ConfUtils.java:logGet(46)) - raft.server.threadpool.server.size = 0 (default)
2023-01-26 20:29:51,578 [pool-72-thread-1] INFO  server.RaftServerConfigKeys (ConfUtils.java:logGet(46)) - raft.server.threadpool.client.cached = true (default)
2023-01-26 20:29:51,578 [pool-72-thread-1] INFO  server.RaftServerConfigKeys (ConfUtils.java:logGet(46)) - raft.server.threadpool.client.size = 0 (default)
2023-01-26 20:29:51,578 [pool-72-thread-1] INFO  storage.RaftStorageDirectory (RaftStorageDirectoryImpl.java:analyzeStorage(137)) - The storage directory /home/runner/work/ozone/ozone/hadoop-ozone/integration-test/target/test-dir/MiniOzoneClusterImpl-91732d81-4c55-4ff3-841d-5fdfde2aad74/datanode-0/data/ratis/4fd980bb-761d-409a-aded-db628ad3d204 does not exist. Creating ...
2023-01-26 20:29:51,580 [pool-72-thread-1] INFO  storage.RaftStorageDirectory (RaftStorageDirectoryImpl.java:tryLock(231)) - Lock on /home/runner/work/ozone/ozone/hadoop-ozone/integration-test/target/test-dir/MiniOzoneClusterImpl-91732d81-4c55-4ff3-841d-5fdfde2aad74/datanode-0/data/ratis/4fd980bb-761d-409a-aded-db628ad3d204/in_use.lock acquired by nodename 10488@fv-az462-54
2023-01-26 20:29:51,581 [pool-72-thread-1] INFO  storage.RaftStorage (RaftStorageImpl.java:format(96)) - Storage directory /home/runner/work/ozone/ozone/hadoop-ozone/integration-test/target/test-dir/MiniOzoneClusterImpl-91732d81-4c55-4ff3-841d-5fdfde2aad74/datanode-0/data/ratis/4fd980bb-761d-409a-aded-db628ad3d204 has been successfully formatted.
2023-01-26 20:29:51,581 [pool-72-thread-1] INFO  ratis.ContainerStateMachine (ContainerStateMachine.java:loadSnapshot(240)) - group-DB628AD3D204: The snapshot info is null. Setting the last applied indexto:(t:0, i:~)
2023-01-26 20:29:51,581 [pool-72-thread-1] INFO  server.RaftServerConfigKeys (ConfUtils.java:logGet(46)) - raft.server.log.use.memory = false (default)
2023-01-26 20:29:51,581 [pool-72-thread-1] INFO  server.RaftServerConfigKeys (ConfUtils.java:logGet(46)) - raft.server.log.purge.gap = 1000000 (custom)
2023-01-26 20:29:51,581 [pool-72-thread-1] INFO  server.RaftServerConfigKeys (ConfUtils.java:logGet(46)) - raft.server.log.appender.buffer.byte-limit = 33554432 (custom)
2023-01-26 20:29:51,583 [EventQueue-OpenPipelineForHealthyPipelineSafeModeRule] INFO  safemode.SCMSafeModeManager (HealthyPipelineSafeModeRule.java:process(137)) - SCM in safe mode. Healthy pipelines reported count is 0, required healthy pipeline reported count is 1
2023-01-26 20:29:51,584 [pool-72-thread-1] INFO  server.RaftServerConfigKeys (ConfUtils.java:logGet(46)) - raft.server.log.statemachine.data.read.timeout = 1000ms (default)
2023-01-26 20:29:51,584 [pool-72-thread-1] INFO  server.RaftServerConfigKeys (ConfUtils.java:logGet(46)) - raft.server.log.purge.preservation.log.num = 0 (default)
2023-01-26 20:29:51,584 [pool-72-thread-1] INFO  server.RaftServerConfigKeys (ConfUtils.java:logGet(46)) - raft.server.log.segment.size.max = 1048576 (custom)
2023-01-26 20:29:51,585 [pool-72-thread-1] INFO  server.RaftServerConfigKeys (ConfUtils.java:logGet(46)) - raft.server.log.segment.cache.num.max = 2 (custom)
2023-01-26 20:29:51,585 [pool-72-thread-1] INFO  server.RaftServerConfigKeys (ConfUtils.java:logGet(46)) - raft.server.log.segment.cache.size.max = 200MB (=209715200) (default)
2023-01-26 20:29:51,585 [pool-72-thread-1] INFO  segmented.SegmentedRaftLogWorker (SegmentedRaftLogWorker.java:<init>(189)) - new 7bf5aaad-ce4d-4dcc-9fd5-6307881c1b43@group-DB628AD3D204-SegmentedRaftLogWorker for RaftStorageImpl:Storage Directory /home/runner/work/ozone/ozone/hadoop-ozone/integration-test/target/test-dir/MiniOzoneClusterImpl-91732d81-4c55-4ff3-841d-5fdfde2aad74/datanode-0/data/ratis/4fd980bb-761d-409a-aded-db628ad3d204
2023-01-26 20:29:51,585 [pool-72-thread-1] INFO  server.RaftServerConfigKeys (ConfUtils.java:logGet(46)) - raft.server.log.queue.byte-limit = 4294967296 (custom)
2023-01-26 20:29:51,585 [pool-72-thread-1] INFO  server.RaftServerConfigKeys (ConfUtils.java:logGet(46)) - raft.server.log.queue.element-limit = 1024 (custom)
2023-01-26 20:29:51,585 [pool-72-thread-1] INFO  server.RaftServerConfigKeys (ConfUtils.java:logGet(46)) - raft.server.log.segment.size.max = 1048576 (custom)
2023-01-26 20:29:51,585 [pool-72-thread-1] INFO  server.RaftServerConfigKeys (ConfUtils.java:logGet(46)) - raft.server.log.preallocated.size = 16384 (custom)
2023-01-26 20:29:51,585 [pool-72-thread-1] INFO  server.RaftServerConfigKeys (ConfUtils.java:logGet(46)) - raft.server.log.force.sync.num = 128 (default)
2023-01-26 20:29:51,585 [pool-72-thread-1] INFO  server.RaftServerConfigKeys (ConfUtils.java:logGet(46)) - raft.server.log.statemachine.data.sync = true (default)
2023-01-26 20:29:51,585 [pool-72-thread-1] INFO  server.RaftServerConfigKeys (ConfUtils.java:logGet(46)) - raft.server.log.statemachine.data.sync.timeout = 10s (default)
2023-01-26 20:29:51,585 [pool-72-thread-1] INFO  server.RaftServerConfigKeys (ConfUtils.java:logGet(46)) - raft.server.log.statemachine.data.sync.timeout.retry = -1 (default)
2023-01-26 20:29:51,587 [pool-72-thread-1] INFO  server.RaftServerConfigKeys (ConfUtils.java:logGet(46)) - raft.server.log.write.buffer.size = 1048576 (custom)
2023-01-26 20:29:51,588 [pool-72-thread-1] INFO  server.RaftServerConfigKeys (ConfUtils.java:logGet(46)) - raft.server.log.appender.buffer.byte-limit = 33554432 (custom)
2023-01-26 20:29:51,593 [pool-72-thread-1] INFO  server.RaftServerConfigKeys (ConfUtils.java:logGet(46)) - raft.server.log.unsafe-flush.enabled = false (default)
2023-01-26 20:29:51,593 [pool-72-thread-1] INFO  server.RaftServerConfigKeys (ConfUtils.java:logGet(46)) - raft.server.log.async-flush.enabled = false (default)
2023-01-26 20:29:51,593 [pool-72-thread-1] INFO  server.RaftServerConfigKeys (ConfUtils.java:logGet(46)) - raft.server.log.statemachine.data.caching.enabled = true (custom)
2023-01-26 20:29:51,593 [pool-72-thread-1] INFO  segmented.SegmentedRaftLogWorker (SegmentedRaftLogWorker.java:lambda$new$0(135)) - 7bf5aaad-ce4d-4dcc-9fd5-6307881c1b43@group-DB628AD3D204-SegmentedRaftLogWorker: flushIndex: setUnconditionally 0 -> -1
2023-01-26 20:29:51,593 [pool-72-thread-1] INFO  segmented.SegmentedRaftLogWorker (SegmentedRaftLogWorker.java:lambda$new$0(135)) - 7bf5aaad-ce4d-4dcc-9fd5-6307881c1b43@group-DB628AD3D204-SegmentedRaftLogWorker: safeCacheEvictIndex: setUnconditionally 0 -> -1
2023-01-26 20:29:51,593 [pool-72-thread-1] INFO  server.RaftServer$Division (RaftServerImpl.java:start(334)) - 7bf5aaad-ce4d-4dcc-9fd5-6307881c1b43@group-DB628AD3D204: start as a follower, conf=-1: peers:[5982ba88-a0d3-4bb4-b961-874e4813aacd|rpc:10.1.0.15:35121|dataStream:10.1.0.15:36617|priority:0|startupRole:FOLLOWER, 7bf5aaad-ce4d-4dcc-9fd5-6307881c1b43|rpc:10.1.0.15:41477|dataStream:10.1.0.15:41069|priority:1|startupRole:FOLLOWER, 1568f87f-b911-477a-a667-1c441b63e4c2|rpc:10.1.0.15:44955|dataStream:10.1.0.15:41383|priority:0|startupRole:FOLLOWER]|listeners:[], old=null
2023-01-26 20:29:51,593 [pool-72-thread-1] INFO  server.RaftServer$Division (RaftServerImpl.java:setRole(321)) - 7bf5aaad-ce4d-4dcc-9fd5-6307881c1b43@group-DB628AD3D204: changes role from      null to FOLLOWER at term 0 for startAsFollower
2023-01-26 20:29:51,593 [pool-72-thread-1] INFO  impl.RoleInfo (RoleInfo.java:updateAndGet(139)) - 7bf5aaad-ce4d-4dcc-9fd5-6307881c1b43: start 7bf5aaad-ce4d-4dcc-9fd5-6307881c1b43@group-DB628AD3D204-FollowerState
2023-01-26 20:29:51,594 [pool-72-thread-1] INFO  util.JmxRegister (JmxRegister.java:tryRegister(44)) - Successfully registered JMX Bean with object name Ratis:service=RaftServer,group=group-DB628AD3D204,id=7bf5aaad-ce4d-4dcc-9fd5-6307881c1b43
2023-01-26 20:29:51,594 [pool-72-thread-1] INFO  server.RaftServerConfigKeys (ConfUtils.java:logGet(46)) - raft.server.snapshot.auto.trigger.enabled = true (custom)
2023-01-26 20:29:51,594 [pool-72-thread-1] INFO  server.RaftServerConfigKeys (ConfUtils.java:logGet(46)) - raft.server.snapshot.auto.trigger.threshold = 10000 (custom)
2023-01-26 20:29:51,594 [pool-72-thread-1] INFO  server.RaftServerConfigKeys (ConfUtils.java:logGet(46)) - raft.server.snapshot.retention.file.num = 5 (custom)
2023-01-26 20:29:51,594 [pool-72-thread-1] INFO  server.RaftServerConfigKeys (ConfUtils.java:logGet(46)) - raft.server.log.purge.upto.snapshot.index = false (default)
2023-01-26 20:29:51,595 [7bf5aaad-ce4d-4dcc-9fd5-6307881c1b43@group-DB628AD3D204-FollowerState] INFO  server.RaftServerConfigKeys (ConfUtils.java:logFallback(53)) - raft.server.rpc.first-election.timeout.min = 5s (fallback to raft.server.rpc.timeout.min)
2023-01-26 20:29:51,597 [7bf5aaad-ce4d-4dcc-9fd5-6307881c1b43@group-DB628AD3D204-FollowerState] INFO  server.RaftServerConfigKeys (ConfUtils.java:logFallback(53)) - raft.server.rpc.first-election.timeout.max = 5200ms (fallback to raft.server.rpc.timeout.max)
2023-01-26 20:29:51,597 [Command processor thread] INFO  ratis.XceiverServerRatis (XceiverServerRatis.java:addGroup(806)) - Created group PipelineID=4fd980bb-761d-409a-aded-db628ad3d204
2023-01-26 20:29:51,964 [grpc-default-executor-0] INFO  server.RaftServer (RaftServerProxy.java:addNew(96)) - 5982ba88-a0d3-4bb4-b961-874e4813aacd: addNew group-DB628AD3D204:[5982ba88-a0d3-4bb4-b961-874e4813aacd|rpc:10.1.0.15:35121|dataStream:10.1.0.15:36617|priority:0|startupRole:FOLLOWER, 7bf5aaad-ce4d-4dcc-9fd5-6307881c1b43|rpc:10.1.0.15:41477|dataStream:10.1.0.15:41069|priority:1|startupRole:FOLLOWER, 1568f87f-b911-477a-a667-1c441b63e4c2|rpc:10.1.0.15:44955|dataStream:10.1.0.15:41383|priority:0|startupRole:FOLLOWER] returns group-DB628AD3D204:java.util.concurrent.CompletableFuture@f5de18b[Not completed]
2023-01-26 20:29:51,966 [pool-116-thread-1] INFO  server.RaftServer$Division (RaftServerImpl.java:<init>(195)) - 5982ba88-a0d3-4bb4-b961-874e4813aacd: new RaftServerImpl for group-DB628AD3D204:[5982ba88-a0d3-4bb4-b961-874e4813aacd|rpc:10.1.0.15:35121|dataStream:10.1.0.15:36617|priority:0|startupRole:FOLLOWER, 7bf5aaad-ce4d-4dcc-9fd5-6307881c1b43|rpc:10.1.0.15:41477|dataStream:10.1.0.15:41069|priority:1|startupRole:FOLLOWER, 1568f87f-b911-477a-a667-1c441b63e4c2|rpc:10.1.0.15:44955|dataStream:10.1.0.15:41383|priority:0|startupRole:FOLLOWER] with ContainerStateMachine:uninitialized
2023-01-26 20:29:51,968 [pool-116-thread-1] INFO  server.RaftServerConfigKeys (ConfUtils.java:logGet(46)) - raft.server.rpc.timeout.min = 5s (custom)
2023-01-26 20:29:51,969 [pool-116-thread-1] INFO  server.RaftServerConfigKeys (ConfUtils.java:logGet(46)) - raft.server.rpc.timeout.max = 5200ms (custom)
2023-01-26 20:29:51,969 [pool-116-thread-1] INFO  server.RaftServerConfigKeys (ConfUtils.java:logGet(46)) - raft.server.rpc.sleep.time = 25ms (default)
2023-01-26 20:29:51,969 [pool-116-thread-1] INFO  server.RaftServerConfigKeys (ConfUtils.java:logGet(46)) - raft.server.rpc.slowness.timeout = 300s (custom)
2023-01-26 20:29:51,969 [pool-116-thread-1] INFO  server.RaftServerConfigKeys (ConfUtils.java:logGet(46)) - raft.server.leaderelection.leader.step-down.wait-time = 10s (default)
2023-01-26 20:29:51,969 [pool-116-thread-1] INFO  server.RaftServerConfigKeys (ConfUtils.java:logGet(46)) - raft.server.sleep.deviation.threshold = 300ms (default)
2023-01-26 20:29:51,969 [pool-116-thread-1] INFO  server.RaftServer$Division (ServerState.java:<init>(118)) - 5982ba88-a0d3-4bb4-b961-874e4813aacd@group-DB628AD3D204: ConfigurationManager, init=-1: peers:[5982ba88-a0d3-4bb4-b961-874e4813aacd|rpc:10.1.0.15:35121|dataStream:10.1.0.15:36617|priority:0|startupRole:FOLLOWER, 7bf5aaad-ce4d-4dcc-9fd5-6307881c1b43|rpc:10.1.0.15:41477|dataStream:10.1.0.15:41069|priority:1|startupRole:FOLLOWER, 1568f87f-b911-477a-a667-1c441b63e4c2|rpc:10.1.0.15:44955|dataStream:10.1.0.15:41383|priority:0|startupRole:FOLLOWER]|listeners:[], old=null, confs=<EMPTY_MAP>
2023-01-26 20:29:51,969 [pool-116-thread-1] INFO  server.RaftServerConfigKeys (ConfUtils.java:logGet(46)) - raft.server.storage.dir = [/home/runner/work/ozone/ozone/hadoop-ozone/integration-test/target/test-dir/MiniOzoneClusterImpl-91732d81-4c55-4ff3-841d-5fdfde2aad74/datanode-2/data/ratis] (custom)
2023-01-26 20:29:51,969 [pool-116-thread-1] INFO  server.RaftServerConfigKeys (ConfUtils.java:logGet(46)) - raft.server.log.corruption.policy = EXCEPTION (default)
2023-01-26 20:29:51,969 [pool-116-thread-1] INFO  server.RaftServerConfigKeys (ConfUtils.java:logGet(46)) - raft.server.storage.free-space.min = 0MB (=0) (default)
2023-01-26 20:29:51,969 [pool-116-thread-1] INFO  server.RaftServerConfigKeys (ConfUtils.java:logGet(46)) - raft.server.notification.no-leader.timeout = 300s (custom)
2023-01-26 20:29:51,969 [pool-116-thread-1] INFO  server.RaftServerConfigKeys (ConfUtils.java:logGet(46)) - raft.server.retrycache.expirytime = 600000ms (custom)
2023-01-26 20:29:51,969 [pool-116-thread-1] INFO  server.RaftServerConfigKeys (ConfUtils.java:logGet(46)) - raft.server.retrycache.statistics.expirytime = 100μs (default)
2023-01-26 20:29:51,978 [pool-116-thread-1] INFO  server.RaftServerConfigKeys (ConfUtils.java:logGet(46)) - raft.server.log.appender.install.snapshot.enabled = false (custom)
2023-01-26 20:29:51,978 [pool-116-thread-1] INFO  server.RaftServerConfigKeys (ConfUtils.java:logGet(46)) - raft.server.threadpool.server.cached = true (default)
2023-01-26 20:29:51,978 [pool-116-thread-1] INFO  server.RaftServerConfigKeys (ConfUtils.java:logGet(46)) - raft.server.threadpool.server.size = 0 (default)
2023-01-26 20:29:51,978 [pool-116-thread-1] INFO  server.RaftServerConfigKeys (ConfUtils.java:logGet(46)) - raft.server.threadpool.client.cached = true (default)
2023-01-26 20:29:51,978 [pool-116-thread-1] INFO  server.RaftServerConfigKeys (ConfUtils.java:logGet(46)) - raft.server.threadpool.client.size = 0 (default)
2023-01-26 20:29:51,978 [pool-116-thread-1] INFO  storage.RaftStorageDirectory (RaftStorageDirectoryImpl.java:analyzeStorage(137)) - The storage directory /home/runner/work/ozone/ozone/hadoop-ozone/integration-test/target/test-dir/MiniOzoneClusterImpl-91732d81-4c55-4ff3-841d-5fdfde2aad74/datanode-2/data/ratis/4fd980bb-761d-409a-aded-db628ad3d204 does not exist. Creating ...
2023-01-26 20:29:51,980 [pool-116-thread-1] INFO  storage.RaftStorageDirectory (RaftStorageDirectoryImpl.java:tryLock(231)) - Lock on /home/runner/work/ozone/ozone/hadoop-ozone/integration-test/target/test-dir/MiniOzoneClusterImpl-91732d81-4c55-4ff3-841d-5fdfde2aad74/datanode-2/data/ratis/4fd980bb-761d-409a-aded-db628ad3d204/in_use.lock acquired by nodename 10488@fv-az462-54
2023-01-26 20:29:51,981 [pool-116-thread-1] INFO  storage.RaftStorage (RaftStorageImpl.java:format(96)) - Storage directory /home/runner/work/ozone/ozone/hadoop-ozone/integration-test/target/test-dir/MiniOzoneClusterImpl-91732d81-4c55-4ff3-841d-5fdfde2aad74/datanode-2/data/ratis/4fd980bb-761d-409a-aded-db628ad3d204 has been successfully formatted.
2023-01-26 20:29:51,983 [pool-116-thread-1] INFO  ratis.ContainerStateMachine (ContainerStateMachine.java:loadSnapshot(240)) - group-DB628AD3D204: The snapshot info is null. Setting the last applied indexto:(t:0, i:~)
2023-01-26 20:29:51,985 [pool-116-thread-1] INFO  server.RaftServerConfigKeys (ConfUtils.java:logGet(46)) - raft.server.log.use.memory = false (default)
2023-01-26 20:29:51,985 [pool-116-thread-1] INFO  server.RaftServerConfigKeys (ConfUtils.java:logGet(46)) - raft.server.log.purge.gap = 1000000 (custom)
2023-01-26 20:29:51,985 [pool-116-thread-1] INFO  server.RaftServerConfigKeys (ConfUtils.java:logGet(46)) - raft.server.log.appender.buffer.byte-limit = 33554432 (custom)
2023-01-26 20:29:51,985 [pool-116-thread-1] INFO  server.RaftServerConfigKeys (ConfUtils.java:logGet(46)) - raft.server.log.statemachine.data.read.timeout = 1000ms (default)
2023-01-26 20:29:51,985 [pool-116-thread-1] INFO  server.RaftServerConfigKeys (ConfUtils.java:logGet(46)) - raft.server.log.purge.preservation.log.num = 0 (default)
2023-01-26 20:29:51,985 [pool-116-thread-1] INFO  server.RaftServerConfigKeys (ConfUtils.java:logGet(46)) - raft.server.log.segment.size.max = 1048576 (custom)
2023-01-26 20:29:51,987 [pool-116-thread-1] INFO  server.RaftServerConfigKeys (ConfUtils.java:logGet(46)) - raft.server.log.segment.cache.num.max = 2 (custom)
2023-01-26 20:29:51,987 [pool-116-thread-1] INFO  server.RaftServerConfigKeys (ConfUtils.java:logGet(46)) - raft.server.log.segment.cache.size.max = 200MB (=209715200) (default)
2023-01-26 20:29:51,987 [pool-116-thread-1] INFO  segmented.SegmentedRaftLogWorker (SegmentedRaftLogWorker.java:<init>(189)) - new 5982ba88-a0d3-4bb4-b961-874e4813aacd@group-DB628AD3D204-SegmentedRaftLogWorker for RaftStorageImpl:Storage Directory /home/runner/work/ozone/ozone/hadoop-ozone/integration-test/target/test-dir/MiniOzoneClusterImpl-91732d81-4c55-4ff3-841d-5fdfde2aad74/datanode-2/data/ratis/4fd980bb-761d-409a-aded-db628ad3d204
2023-01-26 20:29:51,987 [pool-116-thread-1] INFO  server.RaftServerConfigKeys (ConfUtils.java:logGet(46)) - raft.server.log.queue.byte-limit = 4294967296 (custom)
2023-01-26 20:29:51,987 [pool-116-thread-1] INFO  server.RaftServerConfigKeys (ConfUtils.java:logGet(46)) - raft.server.log.queue.element-limit = 1024 (custom)
2023-01-26 20:29:51,987 [pool-116-thread-1] INFO  server.RaftServerConfigKeys (ConfUtils.java:logGet(46)) - raft.server.log.segment.size.max = 1048576 (custom)
2023-01-26 20:29:51,987 [pool-116-thread-1] INFO  server.RaftServerConfigKeys (ConfUtils.java:logGet(46)) - raft.server.log.preallocated.size = 16384 (custom)
2023-01-26 20:29:51,987 [pool-116-thread-1] INFO  server.RaftServerConfigKeys (ConfUtils.java:logGet(46)) - raft.server.log.force.sync.num = 128 (default)
2023-01-26 20:29:51,987 [pool-116-thread-1] INFO  server.RaftServerConfigKeys (ConfUtils.java:logGet(46)) - raft.server.log.statemachine.data.sync = true (default)
2023-01-26 20:29:51,987 [pool-116-thread-1] INFO  server.RaftServerConfigKeys (ConfUtils.java:logGet(46)) - raft.server.log.statemachine.data.sync.timeout = 10s (default)
2023-01-26 20:29:51,987 [pool-116-thread-1] INFO  server.RaftServerConfigKeys (ConfUtils.java:logGet(46)) - raft.server.log.statemachine.data.sync.timeout.retry = -1 (default)
2023-01-26 20:29:51,991 [pool-116-thread-1] INFO  server.RaftServerConfigKeys (ConfUtils.java:logGet(46)) - raft.server.log.write.buffer.size = 1048576 (custom)
2023-01-26 20:29:51,992 [pool-116-thread-1] INFO  server.RaftServerConfigKeys (ConfUtils.java:logGet(46)) - raft.server.log.appender.buffer.byte-limit = 33554432 (custom)
2023-01-26 20:29:52,003 [pool-116-thread-1] INFO  server.RaftServerConfigKeys (ConfUtils.java:logGet(46)) - raft.server.log.unsafe-flush.enabled = false (default)
2023-01-26 20:29:52,003 [pool-116-thread-1] INFO  server.RaftServerConfigKeys (ConfUtils.java:logGet(46)) - raft.server.log.async-flush.enabled = false (default)
2023-01-26 20:29:52,003 [pool-116-thread-1] INFO  server.RaftServerConfigKeys (ConfUtils.java:logGet(46)) - raft.server.log.statemachine.data.caching.enabled = true (custom)
2023-01-26 20:29:52,004 [pool-116-thread-1] INFO  segmented.SegmentedRaftLogWorker (SegmentedRaftLogWorker.java:lambda$new$0(135)) - 5982ba88-a0d3-4bb4-b961-874e4813aacd@group-DB628AD3D204-SegmentedRaftLogWorker: flushIndex: setUnconditionally 0 -> -1
2023-01-26 20:29:52,004 [pool-116-thread-1] INFO  segmented.SegmentedRaftLogWorker (SegmentedRaftLogWorker.java:lambda$new$0(135)) - 5982ba88-a0d3-4bb4-b961-874e4813aacd@group-DB628AD3D204-SegmentedRaftLogWorker: safeCacheEvictIndex: setUnconditionally 0 -> -1
2023-01-26 20:29:52,004 [pool-116-thread-1] INFO  server.RaftServer$Division (RaftServerImpl.java:start(334)) - 5982ba88-a0d3-4bb4-b961-874e4813aacd@group-DB628AD3D204: start as a follower, conf=-1: peers:[5982ba88-a0d3-4bb4-b961-874e4813aacd|rpc:10.1.0.15:35121|dataStream:10.1.0.15:36617|priority:0|startupRole:FOLLOWER, 7bf5aaad-ce4d-4dcc-9fd5-6307881c1b43|rpc:10.1.0.15:41477|dataStream:10.1.0.15:41069|priority:1|startupRole:FOLLOWER, 1568f87f-b911-477a-a667-1c441b63e4c2|rpc:10.1.0.15:44955|dataStream:10.1.0.15:41383|priority:0|startupRole:FOLLOWER]|listeners:[], old=null
2023-01-26 20:29:52,004 [pool-116-thread-1] INFO  server.RaftServer$Division (RaftServerImpl.java:setRole(321)) - 5982ba88-a0d3-4bb4-b961-874e4813aacd@group-DB628AD3D204: changes role from      null to FOLLOWER at term 0 for startAsFollower
2023-01-26 20:29:52,004 [pool-116-thread-1] INFO  impl.RoleInfo (RoleInfo.java:updateAndGet(139)) - 5982ba88-a0d3-4bb4-b961-874e4813aacd: start 5982ba88-a0d3-4bb4-b961-874e4813aacd@group-DB628AD3D204-FollowerState
2023-01-26 20:29:52,004 [5982ba88-a0d3-4bb4-b961-874e4813aacd@group-DB628AD3D204-FollowerState] INFO  server.RaftServerConfigKeys (ConfUtils.java:logFallback(53)) - raft.server.rpc.first-election.timeout.min = 5s (fallback to raft.server.rpc.timeout.min)
2023-01-26 20:29:52,005 [pool-116-thread-1] INFO  util.JmxRegister (JmxRegister.java:tryRegister(44)) - Successfully registered JMX Bean with object name Ratis:service=RaftServer,group=group-DB628AD3D204,id=5982ba88-a0d3-4bb4-b961-874e4813aacd
2023-01-26 20:29:52,009 [pool-116-thread-1] INFO  server.RaftServerConfigKeys (ConfUtils.java:logGet(46)) - raft.server.snapshot.auto.trigger.enabled = true (custom)
2023-01-26 20:29:52,009 [pool-116-thread-1] INFO  server.RaftServerConfigKeys (ConfUtils.java:logGet(46)) - raft.server.snapshot.auto.trigger.threshold = 10000 (custom)
2023-01-26 20:29:52,009 [pool-116-thread-1] INFO  server.RaftServerConfigKeys (ConfUtils.java:logGet(46)) - raft.server.snapshot.retention.file.num = 5 (custom)
2023-01-26 20:29:52,009 [pool-116-thread-1] INFO  server.RaftServerConfigKeys (ConfUtils.java:logGet(46)) - raft.server.log.purge.upto.snapshot.index = false (default)
2023-01-26 20:29:52,014 [5982ba88-a0d3-4bb4-b961-874e4813aacd@group-DB628AD3D204-FollowerState] INFO  server.RaftServerConfigKeys (ConfUtils.java:logFallback(53)) - raft.server.rpc.first-election.timeout.max = 5200ms (fallback to raft.server.rpc.timeout.max)
2023-01-26 20:29:52,059 [Command processor thread] INFO  server.RaftServer (RaftServerProxy.java:addNew(96)) - 1568f87f-b911-477a-a667-1c441b63e4c2: addNew group-D7BFA16F605B:[1568f87f-b911-477a-a667-1c441b63e4c2|rpc:10.1.0.15:44955|dataStream:10.1.0.15:41383|priority:1|startupRole:FOLLOWER] returns group-D7BFA16F605B:java.util.concurrent.CompletableFuture@7eb28efc[Not completed]
2023-01-26 20:29:52,066 [pool-94-thread-1] INFO  server.RaftServer$Division (RaftServerImpl.java:<init>(195)) - 1568f87f-b911-477a-a667-1c441b63e4c2: new RaftServerImpl for group-D7BFA16F605B:[1568f87f-b911-477a-a667-1c441b63e4c2|rpc:10.1.0.15:44955|dataStream:10.1.0.15:41383|priority:1|startupRole:FOLLOWER] with ContainerStateMachine:uninitialized
2023-01-26 20:29:52,066 [pool-94-thread-1] INFO  server.RaftServerConfigKeys (ConfUtils.java:logGet(46)) - raft.server.rpc.timeout.min = 5s (custom)
2023-01-26 20:29:52,066 [pool-94-thread-1] INFO  server.RaftServerConfigKeys (ConfUtils.java:logGet(46)) - raft.server.rpc.timeout.max = 5200ms (custom)
2023-01-26 20:29:52,067 [pool-94-thread-1] INFO  server.RaftServerConfigKeys (ConfUtils.java:logGet(46)) - raft.server.rpc.sleep.time = 25ms (default)
2023-01-26 20:29:52,067 [pool-94-thread-1] INFO  server.RaftServerConfigKeys (ConfUtils.java:logGet(46)) - raft.server.rpc.slowness.timeout = 300s (custom)
2023-01-26 20:29:52,067 [pool-94-thread-1] INFO  server.RaftServerConfigKeys (ConfUtils.java:logGet(46)) - raft.server.leaderelection.leader.step-down.wait-time = 10s (default)
2023-01-26 20:29:52,067 [pool-94-thread-1] INFO  server.RaftServerConfigKeys (ConfUtils.java:logGet(46)) - raft.server.sleep.deviation.threshold = 300ms (default)
2023-01-26 20:29:52,067 [pool-94-thread-1] INFO  server.RaftServer$Division (ServerState.java:<init>(118)) - 1568f87f-b911-477a-a667-1c441b63e4c2@group-D7BFA16F605B: ConfigurationManager, init=-1: peers:[1568f87f-b911-477a-a667-1c441b63e4c2|rpc:10.1.0.15:44955|dataStream:10.1.0.15:41383|priority:1|startupRole:FOLLOWER]|listeners:[], old=null, confs=<EMPTY_MAP>
2023-01-26 20:29:52,067 [pool-94-thread-1] INFO  server.RaftServerConfigKeys (ConfUtils.java:logGet(46)) - raft.server.storage.dir = [/home/runner/work/ozone/ozone/hadoop-ozone/integration-test/target/test-dir/MiniOzoneClusterImpl-91732d81-4c55-4ff3-841d-5fdfde2aad74/datanode-1/data/ratis] (custom)
2023-01-26 20:29:52,070 [pool-94-thread-1] INFO  server.RaftServerConfigKeys (ConfUtils.java:logGet(46)) - raft.server.log.corruption.policy = EXCEPTION (default)
2023-01-26 20:29:52,070 [pool-94-thread-1] INFO  server.RaftServerConfigKeys (ConfUtils.java:logGet(46)) - raft.server.storage.free-space.min = 0MB (=0) (default)
2023-01-26 20:29:52,070 [pool-94-thread-1] INFO  server.RaftServerConfigKeys (ConfUtils.java:logGet(46)) - raft.server.notification.no-leader.timeout = 300s (custom)
2023-01-26 20:29:52,070 [pool-94-thread-1] INFO  server.RaftServerConfigKeys (ConfUtils.java:logGet(46)) - raft.server.retrycache.expirytime = 600000ms (custom)
2023-01-26 20:29:52,070 [pool-94-thread-1] INFO  server.RaftServerConfigKeys (ConfUtils.java:logGet(46)) - raft.server.retrycache.statistics.expirytime = 100μs (default)
2023-01-26 20:29:52,075 [grpc-default-executor-0] INFO  server.RaftServer (RaftServerProxy.java:addNew(96)) - 1568f87f-b911-477a-a667-1c441b63e4c2: addNew group-DB628AD3D204:[5982ba88-a0d3-4bb4-b961-874e4813aacd|rpc:10.1.0.15:35121|dataStream:10.1.0.15:36617|priority:0|startupRole:FOLLOWER, 7bf5aaad-ce4d-4dcc-9fd5-6307881c1b43|rpc:10.1.0.15:41477|dataStream:10.1.0.15:41069|priority:1|startupRole:FOLLOWER, 1568f87f-b911-477a-a667-1c441b63e4c2|rpc:10.1.0.15:44955|dataStream:10.1.0.15:41383|priority:0|startupRole:FOLLOWER] returns group-DB628AD3D204:java.util.concurrent.CompletableFuture@c84387a[Not completed]
2023-01-26 20:29:52,076 [pool-94-thread-1] INFO  server.RaftServerConfigKeys (ConfUtils.java:logGet(46)) - raft.server.log.appender.install.snapshot.enabled = false (custom)
2023-01-26 20:29:52,076 [pool-94-thread-1] INFO  server.RaftServerConfigKeys (ConfUtils.java:logGet(46)) - raft.server.threadpool.server.cached = true (default)
2023-01-26 20:29:52,076 [pool-94-thread-1] INFO  server.RaftServerConfigKeys (ConfUtils.java:logGet(46)) - raft.server.threadpool.server.size = 0 (default)
2023-01-26 20:29:52,076 [pool-94-thread-1] INFO  server.RaftServerConfigKeys (ConfUtils.java:logGet(46)) - raft.server.threadpool.client.cached = true (default)
2023-01-26 20:29:52,076 [pool-94-thread-1] INFO  server.RaftServerConfigKeys (ConfUtils.java:logGet(46)) - raft.server.threadpool.client.size = 0 (default)
2023-01-26 20:29:52,079 [pool-94-thread-1] INFO  server.RaftServer$Division (RaftServerImpl.java:<init>(195)) - 1568f87f-b911-477a-a667-1c441b63e4c2: new RaftServerImpl for group-DB628AD3D204:[5982ba88-a0d3-4bb4-b961-874e4813aacd|rpc:10.1.0.15:35121|dataStream:10.1.0.15:36617|priority:0|startupRole:FOLLOWER, 7bf5aaad-ce4d-4dcc-9fd5-6307881c1b43|rpc:10.1.0.15:41477|dataStream:10.1.0.15:41069|priority:1|startupRole:FOLLOWER, 1568f87f-b911-477a-a667-1c441b63e4c2|rpc:10.1.0.15:44955|dataStream:10.1.0.15:41383|priority:0|startupRole:FOLLOWER] with ContainerStateMachine:uninitialized
2023-01-26 20:29:52,079 [pool-94-thread-1] INFO  server.RaftServerConfigKeys (ConfUtils.java:logGet(46)) - raft.server.rpc.timeout.min = 5s (custom)
2023-01-26 20:29:52,079 [pool-94-thread-1] INFO  server.RaftServerConfigKeys (ConfUtils.java:logGet(46)) - raft.server.rpc.timeout.max = 5200ms (custom)
2023-01-26 20:29:52,079 [pool-94-thread-1] INFO  server.RaftServerConfigKeys (ConfUtils.java:logGet(46)) - raft.server.rpc.sleep.time = 25ms (default)
2023-01-26 20:29:52,079 [pool-94-thread-1] INFO  server.RaftServerConfigKeys (ConfUtils.java:logGet(46)) - raft.server.rpc.slowness.timeout = 300s (custom)
2023-01-26 20:29:52,079 [pool-94-thread-1] INFO  server.RaftServerConfigKeys (ConfUtils.java:logGet(46)) - raft.server.leaderelection.leader.step-down.wait-time = 10s (default)
2023-01-26 20:29:52,079 [pool-94-thread-1] INFO  server.RaftServerConfigKeys (ConfUtils.java:logGet(46)) - raft.server.sleep.deviation.threshold = 300ms (default)
2023-01-26 20:29:52,079 [pool-94-thread-1] INFO  server.RaftServer$Division (ServerState.java:<init>(118)) - 1568f87f-b911-477a-a667-1c441b63e4c2@group-DB628AD3D204: ConfigurationManager, init=-1: peers:[5982ba88-a0d3-4bb4-b961-874e4813aacd|rpc:10.1.0.15:35121|dataStream:10.1.0.15:36617|priority:0|startupRole:FOLLOWER, 7bf5aaad-ce4d-4dcc-9fd5-6307881c1b43|rpc:10.1.0.15:41477|dataStream:10.1.0.15:41069|priority:1|startupRole:FOLLOWER, 1568f87f-b911-477a-a667-1c441b63e4c2|rpc:10.1.0.15:44955|dataStream:10.1.0.15:41383|priority:0|startupRole:FOLLOWER]|listeners:[], old=null, confs=<EMPTY_MAP>
2023-01-26 20:29:52,079 [pool-94-thread-1] INFO  server.RaftServerConfigKeys (ConfUtils.java:logGet(46)) - raft.server.storage.dir = [/home/runner/work/ozone/ozone/hadoop-ozone/integration-test/target/test-dir/MiniOzoneClusterImpl-91732d81-4c55-4ff3-841d-5fdfde2aad74/datanode-1/data/ratis] (custom)
2023-01-26 20:29:52,079 [pool-94-thread-1] INFO  server.RaftServerConfigKeys (ConfUtils.java:logGet(46)) - raft.server.log.corruption.policy = EXCEPTION (default)
2023-01-26 20:29:52,079 [pool-94-thread-1] INFO  server.RaftServerConfigKeys (ConfUtils.java:logGet(46)) - raft.server.storage.free-space.min = 0MB (=0) (default)
2023-01-26 20:29:52,079 [pool-94-thread-1] INFO  server.RaftServerConfigKeys (ConfUtils.java:logGet(46)) - raft.server.notification.no-leader.timeout = 300s (custom)
2023-01-26 20:29:52,079 [pool-94-thread-1] INFO  server.RaftServerConfigKeys (ConfUtils.java:logGet(46)) - raft.server.retrycache.expirytime = 600000ms (custom)
2023-01-26 20:29:52,079 [pool-94-thread-1] INFO  server.RaftServerConfigKeys (ConfUtils.java:logGet(46)) - raft.server.retrycache.statistics.expirytime = 100μs (default)
2023-01-26 20:29:52,082 [pool-94-thread-1] INFO  server.RaftServerConfigKeys (ConfUtils.java:logGet(46)) - raft.server.log.appender.install.snapshot.enabled = false (custom)
2023-01-26 20:29:52,082 [pool-94-thread-1] INFO  server.RaftServerConfigKeys (ConfUtils.java:logGet(46)) - raft.server.threadpool.server.cached = true (default)
2023-01-26 20:29:52,082 [pool-94-thread-1] INFO  server.RaftServerConfigKeys (ConfUtils.java:logGet(46)) - raft.server.threadpool.server.size = 0 (default)
2023-01-26 20:29:52,082 [pool-94-thread-1] INFO  server.RaftServerConfigKeys (ConfUtils.java:logGet(46)) - raft.server.threadpool.client.cached = true (default)
2023-01-26 20:29:52,082 [pool-94-thread-1] INFO  server.RaftServerConfigKeys (ConfUtils.java:logGet(46)) - raft.server.threadpool.client.size = 0 (default)
2023-01-26 20:29:52,082 [pool-94-thread-1] INFO  storage.RaftStorageDirectory (RaftStorageDirectoryImpl.java:analyzeStorage(137)) - The storage directory /home/runner/work/ozone/ozone/hadoop-ozone/integration-test/target/test-dir/MiniOzoneClusterImpl-91732d81-4c55-4ff3-841d-5fdfde2aad74/datanode-1/data/ratis/c0472a0b-7d75-4aa8-b7c0-d7bfa16f605b does not exist. Creating ...
2023-01-26 20:29:52,085 [pool-94-thread-1] INFO  storage.RaftStorageDirectory (RaftStorageDirectoryImpl.java:tryLock(231)) - Lock on /home/runner/work/ozone/ozone/hadoop-ozone/integration-test/target/test-dir/MiniOzoneClusterImpl-91732d81-4c55-4ff3-841d-5fdfde2aad74/datanode-1/data/ratis/c0472a0b-7d75-4aa8-b7c0-d7bfa16f605b/in_use.lock acquired by nodename 10488@fv-az462-54
2023-01-26 20:29:52,086 [pool-94-thread-1] INFO  storage.RaftStorage (RaftStorageImpl.java:format(96)) - Storage directory /home/runner/work/ozone/ozone/hadoop-ozone/integration-test/target/test-dir/MiniOzoneClusterImpl-91732d81-4c55-4ff3-841d-5fdfde2aad74/datanode-1/data/ratis/c0472a0b-7d75-4aa8-b7c0-d7bfa16f605b has been successfully formatted.
2023-01-26 20:29:52,087 [pool-94-thread-1] INFO  ratis.ContainerStateMachine (ContainerStateMachine.java:loadSnapshot(240)) - group-D7BFA16F605B: The snapshot info is null. Setting the last applied indexto:(t:0, i:~)
2023-01-26 20:29:52,087 [pool-94-thread-1] INFO  server.RaftServerConfigKeys (ConfUtils.java:logGet(46)) - raft.server.log.use.memory = false (default)
2023-01-26 20:29:52,087 [pool-94-thread-1] INFO  server.RaftServerConfigKeys (ConfUtils.java:logGet(46)) - raft.server.log.purge.gap = 1000000 (custom)
2023-01-26 20:29:52,087 [pool-94-thread-1] INFO  server.RaftServerConfigKeys (ConfUtils.java:logGet(46)) - raft.server.log.appender.buffer.byte-limit = 33554432 (custom)
2023-01-26 20:29:52,087 [pool-94-thread-1] INFO  server.RaftServerConfigKeys (ConfUtils.java:logGet(46)) - raft.server.log.statemachine.data.read.timeout = 1000ms (default)
2023-01-26 20:29:52,087 [pool-94-thread-1] INFO  server.RaftServerConfigKeys (ConfUtils.java:logGet(46)) - raft.server.log.purge.preservation.log.num = 0 (default)
2023-01-26 20:29:52,087 [pool-94-thread-1] INFO  server.RaftServerConfigKeys (ConfUtils.java:logGet(46)) - raft.server.log.segment.size.max = 1048576 (custom)
2023-01-26 20:29:52,088 [pool-94-thread-1] INFO  server.RaftServerConfigKeys (ConfUtils.java:logGet(46)) - raft.server.log.segment.cache.num.max = 2 (custom)
2023-01-26 20:29:52,088 [pool-94-thread-1] INFO  server.RaftServerConfigKeys (ConfUtils.java:logGet(46)) - raft.server.log.segment.cache.size.max = 200MB (=209715200) (default)
2023-01-26 20:29:52,088 [pool-94-thread-1] INFO  segmented.SegmentedRaftLogWorker (SegmentedRaftLogWorker.java:<init>(189)) - new 1568f87f-b911-477a-a667-1c441b63e4c2@group-D7BFA16F605B-SegmentedRaftLogWorker for RaftStorageImpl:Storage Directory /home/runner/work/ozone/ozone/hadoop-ozone/integration-test/target/test-dir/MiniOzoneClusterImpl-91732d81-4c55-4ff3-841d-5fdfde2aad74/datanode-1/data/ratis/c0472a0b-7d75-4aa8-b7c0-d7bfa16f605b
2023-01-26 20:29:52,088 [pool-94-thread-1] INFO  server.RaftServerConfigKeys (ConfUtils.java:logGet(46)) - raft.server.log.queue.byte-limit = 4294967296 (custom)
2023-01-26 20:29:52,089 [pool-94-thread-1] INFO  server.RaftServerConfigKeys (ConfUtils.java:logGet(46)) - raft.server.log.queue.element-limit = 1024 (custom)
2023-01-26 20:29:52,089 [pool-94-thread-1] INFO  server.RaftServerConfigKeys (ConfUtils.java:logGet(46)) - raft.server.log.segment.size.max = 1048576 (custom)
2023-01-26 20:29:52,089 [pool-94-thread-1] INFO  server.RaftServerConfigKeys (ConfUtils.java:logGet(46)) - raft.server.log.preallocated.size = 16384 (custom)
2023-01-26 20:29:52,089 [pool-94-thread-1] INFO  server.RaftServerConfigKeys (ConfUtils.java:logGet(46)) - raft.server.log.force.sync.num = 128 (default)
2023-01-26 20:29:52,089 [pool-94-thread-1] INFO  server.RaftServerConfigKeys (ConfUtils.java:logGet(46)) - raft.server.log.statemachine.data.sync = true (default)
2023-01-26 20:29:52,089 [pool-94-thread-1] INFO  server.RaftServerConfigKeys (ConfUtils.java:logGet(46)) - raft.server.log.statemachine.data.sync.timeout = 10s (default)
2023-01-26 20:29:52,089 [EventQueue-PipelineReportForPipelineReportHandler] INFO  pipeline.PipelineManagerImpl (PipelineManagerImpl.java:openPipeline(367)) - Pipeline Pipeline[ Id: c0472a0b-7d75-4aa8-b7c0-d7bfa16f605b, Nodes: 1568f87f-b911-477a-a667-1c441b63e4c2(fv-az462-54.0zuljvm5d0yedf4jva4xayy4gc.gx.internal.cloudapp.net/10.1.0.15), ReplicationConfig: RATIS/ONE, State:ALLOCATED, leaderId:1568f87f-b911-477a-a667-1c441b63e4c2, CreationTimestamp2023-01-26T20:29:49.061Z[Etc/UTC]] moved to OPEN state
2023-01-26 20:29:52,089 [pool-94-thread-1] INFO  server.RaftServerConfigKeys (ConfUtils.java:logGet(46)) - raft.server.log.statemachine.data.sync.timeout.retry = -1 (default)
2023-01-26 20:29:52,090 [EventQueue-OpenPipelineForHealthyPipelineSafeModeRule] INFO  safemode.SCMSafeModeManager (HealthyPipelineSafeModeRule.java:process(137)) - SCM in safe mode. Healthy pipelines reported count is 0, required healthy pipeline reported count is 1
2023-01-26 20:29:52,090 [pool-94-thread-1] INFO  server.RaftServerConfigKeys (ConfUtils.java:logGet(46)) - raft.server.log.write.buffer.size = 1048576 (custom)
2023-01-26 20:29:52,091 [pool-94-thread-1] INFO  server.RaftServerConfigKeys (ConfUtils.java:logGet(46)) - raft.server.log.appender.buffer.byte-limit = 33554432 (custom)
2023-01-26 20:29:52,096 [pool-94-thread-1] INFO  server.RaftServerConfigKeys (ConfUtils.java:logGet(46)) - raft.server.log.unsafe-flush.enabled = false (default)
2023-01-26 20:29:52,096 [pool-94-thread-1] INFO  server.RaftServerConfigKeys (ConfUtils.java:logGet(46)) - raft.server.log.async-flush.enabled = false (default)
2023-01-26 20:29:52,096 [pool-94-thread-1] INFO  server.RaftServerConfigKeys (ConfUtils.java:logGet(46)) - raft.server.log.statemachine.data.caching.enabled = true (custom)
2023-01-26 20:29:52,096 [pool-94-thread-1] INFO  segmented.SegmentedRaftLogWorker (SegmentedRaftLogWorker.java:lambda$new$0(135)) - 1568f87f-b911-477a-a667-1c441b63e4c2@group-D7BFA16F605B-SegmentedRaftLogWorker: flushIndex: setUnconditionally 0 -> -1
2023-01-26 20:29:52,096 [pool-94-thread-1] INFO  segmented.SegmentedRaftLogWorker (SegmentedRaftLogWorker.java:lambda$new$0(135)) - 1568f87f-b911-477a-a667-1c441b63e4c2@group-D7BFA16F605B-SegmentedRaftLogWorker: safeCacheEvictIndex: setUnconditionally 0 -> -1
2023-01-26 20:29:52,096 [pool-94-thread-1] INFO  server.RaftServer$Division (RaftServerImpl.java:start(334)) - 1568f87f-b911-477a-a667-1c441b63e4c2@group-D7BFA16F605B: start as a follower, conf=-1: peers:[1568f87f-b911-477a-a667-1c441b63e4c2|rpc:10.1.0.15:44955|dataStream:10.1.0.15:41383|priority:1|startupRole:FOLLOWER]|listeners:[], old=null
2023-01-26 20:29:52,096 [pool-94-thread-1] INFO  server.RaftServer$Division (RaftServerImpl.java:setRole(321)) - 1568f87f-b911-477a-a667-1c441b63e4c2@group-D7BFA16F605B: changes role from      null to FOLLOWER at term 0 for startAsFollower
2023-01-26 20:29:52,097 [pool-94-thread-1] INFO  impl.RoleInfo (RoleInfo.java:updateAndGet(139)) - 1568f87f-b911-477a-a667-1c441b63e4c2: start 1568f87f-b911-477a-a667-1c441b63e4c2@group-D7BFA16F605B-FollowerState
2023-01-26 20:29:52,101 [pool-94-thread-1] INFO  util.JmxRegister (JmxRegister.java:tryRegister(44)) - Successfully registered JMX Bean with object name Ratis:service=RaftServer,group=group-D7BFA16F605B,id=1568f87f-b911-477a-a667-1c441b63e4c2
2023-01-26 20:29:52,101 [pool-94-thread-1] INFO  server.RaftServerConfigKeys (ConfUtils.java:logGet(46)) - raft.server.snapshot.auto.trigger.enabled = true (custom)
2023-01-26 20:29:52,101 [pool-94-thread-1] INFO  server.RaftServerConfigKeys (ConfUtils.java:logGet(46)) - raft.server.snapshot.auto.trigger.threshold = 10000 (custom)
2023-01-26 20:29:52,101 [pool-94-thread-1] INFO  server.RaftServerConfigKeys (ConfUtils.java:logGet(46)) - raft.server.snapshot.retention.file.num = 5 (custom)
2023-01-26 20:29:52,101 [pool-94-thread-1] INFO  server.RaftServerConfigKeys (ConfUtils.java:logGet(46)) - raft.server.log.purge.upto.snapshot.index = false (default)
2023-01-26 20:29:52,101 [1568f87f-b911-477a-a667-1c441b63e4c2@group-D7BFA16F605B-FollowerState] INFO  server.RaftServerConfigKeys (ConfUtils.java:logFallback(53)) - raft.server.rpc.first-election.timeout.min = 5s (fallback to raft.server.rpc.timeout.min)
2023-01-26 20:29:52,102 [Listener at 127.0.0.1/38181] INFO  ozone.MiniOzoneClusterImpl (MiniOzoneClusterImpl.java:lambda$waitForClusterToBeReady$0(218)) - Nodes are ready. Got 5 of 5 DN Heartbeats.
2023-01-26 20:29:52,102 [Listener at 127.0.0.1/38181] INFO  ozone.MiniOzoneClusterImpl (MiniOzoneClusterImpl.java:lambda$waitForClusterToBeReady$0(221)) - Waiting for cluster to exit safe mode
2023-01-26 20:29:52,102 [Listener at 127.0.0.1/38181] INFO  ozone.MiniOzoneClusterImpl (MiniOzoneClusterImpl.java:lambda$waitForClusterToBeReady$0(223)) - SCM became leader
2023-01-26 20:29:52,102 [1568f87f-b911-477a-a667-1c441b63e4c2@group-D7BFA16F605B-FollowerState] INFO  server.RaftServerConfigKeys (ConfUtils.java:logFallback(53)) - raft.server.rpc.first-election.timeout.max = 5200ms (fallback to raft.server.rpc.timeout.max)
2023-01-26 20:29:52,103 [Command processor thread] INFO  ratis.XceiverServerRatis (XceiverServerRatis.java:addGroup(806)) - Created group PipelineID=c0472a0b-7d75-4aa8-b7c0-d7bfa16f605b
2023-01-26 20:29:52,103 [pool-94-thread-1] INFO  storage.RaftStorageDirectory (RaftStorageDirectoryImpl.java:analyzeStorage(137)) - The storage directory /home/runner/work/ozone/ozone/hadoop-ozone/integration-test/target/test-dir/MiniOzoneClusterImpl-91732d81-4c55-4ff3-841d-5fdfde2aad74/datanode-1/data/ratis/4fd980bb-761d-409a-aded-db628ad3d204 does not exist. Creating ...
2023-01-26 20:29:52,111 [Command processor thread] INFO  commandhandler.CreatePipelineCommandHandler (CreatePipelineCommandHandler.java:handle(113)) - Created Pipeline RATIS ONE PipelineID=c0472a0b-7d75-4aa8-b7c0-d7bfa16f605b.
2023-01-26 20:29:52,116 [Command processor thread] INFO  server.RaftServer (RaftServerProxy.java:addNew(96)) - 1568f87f-b911-477a-a667-1c441b63e4c2: addNew group-C481FBFF3B85:[5982ba88-a0d3-4bb4-b961-874e4813aacd|rpc:10.1.0.15:35121|dataStream:10.1.0.15:36617|priority:1|startupRole:FOLLOWER, 7bf5aaad-ce4d-4dcc-9fd5-6307881c1b43|rpc:10.1.0.15:41477|dataStream:10.1.0.15:41069|priority:0|startupRole:FOLLOWER, 1568f87f-b911-477a-a667-1c441b63e4c2|rpc:10.1.0.15:44955|dataStream:10.1.0.15:41383|priority:0|startupRole:FOLLOWER] returns group-C481FBFF3B85:java.util.concurrent.CompletableFuture@7a8d15f2[Not completed]
2023-01-26 20:29:52,117 [pool-94-thread-1] INFO  storage.RaftStorageDirectory (RaftStorageDirectoryImpl.java:tryLock(231)) - Lock on /home/runner/work/ozone/ozone/hadoop-ozone/integration-test/target/test-dir/MiniOzoneClusterImpl-91732d81-4c55-4ff3-841d-5fdfde2aad74/datanode-1/data/ratis/4fd980bb-761d-409a-aded-db628ad3d204/in_use.lock acquired by nodename 10488@fv-az462-54
2023-01-26 20:29:52,118 [pool-94-thread-1] INFO  storage.RaftStorage (RaftStorageImpl.java:format(96)) - Storage directory /home/runner/work/ozone/ozone/hadoop-ozone/integration-test/target/test-dir/MiniOzoneClusterImpl-91732d81-4c55-4ff3-841d-5fdfde2aad74/datanode-1/data/ratis/4fd980bb-761d-409a-aded-db628ad3d204 has been successfully formatted.
2023-01-26 20:29:52,118 [pool-94-thread-1] INFO  ratis.ContainerStateMachine (ContainerStateMachine.java:loadSnapshot(240)) - group-DB628AD3D204: The snapshot info is null. Setting the last applied indexto:(t:0, i:~)
2023-01-26 20:29:52,118 [pool-94-thread-1] INFO  server.RaftServerConfigKeys (ConfUtils.java:logGet(46)) - raft.server.log.use.memory = false (default)
2023-01-26 20:29:52,118 [pool-94-thread-1] INFO  server.RaftServerConfigKeys (ConfUtils.java:logGet(46)) - raft.server.log.purge.gap = 1000000 (custom)
2023-01-26 20:29:52,119 [pool-94-thread-1] INFO  server.RaftServerConfigKeys (ConfUtils.java:logGet(46)) - raft.server.log.appender.buffer.byte-limit = 33554432 (custom)
2023-01-26 20:29:52,119 [pool-94-thread-1] INFO  server.RaftServerConfigKeys (ConfUtils.java:logGet(46)) - raft.server.log.statemachine.data.read.timeout = 1000ms (default)
2023-01-26 20:29:52,119 [pool-94-thread-1] INFO  server.RaftServerConfigKeys (ConfUtils.java:logGet(46)) - raft.server.log.purge.preservation.log.num = 0 (default)
2023-01-26 20:29:52,119 [pool-94-thread-1] INFO  server.RaftServerConfigKeys (ConfUtils.java:logGet(46)) - raft.server.log.segment.size.max = 1048576 (custom)
2023-01-26 20:29:52,119 [pool-94-thread-1] INFO  server.RaftServerConfigKeys (ConfUtils.java:logGet(46)) - raft.server.log.segment.cache.num.max = 2 (custom)
2023-01-26 20:29:52,119 [pool-94-thread-1] INFO  server.RaftServerConfigKeys (ConfUtils.java:logGet(46)) - raft.server.log.segment.cache.size.max = 200MB (=209715200) (default)
2023-01-26 20:29:52,119 [pool-94-thread-1] INFO  segmented.SegmentedRaftLogWorker (SegmentedRaftLogWorker.java:<init>(189)) - new 1568f87f-b911-477a-a667-1c441b63e4c2@group-DB628AD3D204-SegmentedRaftLogWorker for RaftStorageImpl:Storage Directory /home/runner/work/ozone/ozone/hadoop-ozone/integration-test/target/test-dir/MiniOzoneClusterImpl-91732d81-4c55-4ff3-841d-5fdfde2aad74/datanode-1/data/ratis/4fd980bb-761d-409a-aded-db628ad3d204
2023-01-26 20:29:52,119 [pool-94-thread-1] INFO  server.RaftServerConfigKeys (ConfUtils.java:logGet(46)) - raft.server.log.queue.byte-limit = 4294967296 (custom)
2023-01-26 20:29:52,119 [pool-94-thread-1] INFO  server.RaftServerConfigKeys (ConfUtils.java:logGet(46)) - raft.server.log.queue.element-limit = 1024 (custom)
2023-01-26 20:29:52,119 [pool-94-thread-1] INFO  server.RaftServerConfigKeys (ConfUtils.java:logGet(46)) - raft.server.log.segment.size.max = 1048576 (custom)
2023-01-26 20:29:52,119 [pool-94-thread-1] INFO  server.RaftServerConfigKeys (ConfUtils.java:logGet(46)) - raft.server.log.preallocated.size = 16384 (custom)
2023-01-26 20:29:52,120 [pool-94-thread-1] INFO  server.RaftServerConfigKeys (ConfUtils.java:logGet(46)) - raft.server.log.force.sync.num = 128 (default)
2023-01-26 20:29:52,120 [pool-94-thread-1] INFO  server.RaftServerConfigKeys (ConfUtils.java:logGet(46)) - raft.server.log.statemachine.data.sync = true (default)
2023-01-26 20:29:52,120 [pool-94-thread-1] INFO  server.RaftServerConfigKeys (ConfUtils.java:logGet(46)) - raft.server.log.statemachine.data.sync.timeout = 10s (default)
2023-01-26 20:29:52,120 [pool-94-thread-1] INFO  server.RaftServerConfigKeys (ConfUtils.java:logGet(46)) - raft.server.log.statemachine.data.sync.timeout.retry = -1 (default)
2023-01-26 20:29:52,120 [pool-94-thread-1] INFO  server.RaftServerConfigKeys (ConfUtils.java:logGet(46)) - raft.server.log.write.buffer.size = 1048576 (custom)
2023-01-26 20:29:52,121 [pool-94-thread-1] INFO  server.RaftServerConfigKeys (ConfUtils.java:logGet(46)) - raft.server.log.appender.buffer.byte-limit = 33554432 (custom)
2023-01-26 20:29:52,128 [pool-94-thread-1] INFO  server.RaftServerConfigKeys (ConfUtils.java:logGet(46)) - raft.server.log.unsafe-flush.enabled = false (default)
2023-01-26 20:29:52,130 [EventQueue-OpenPipelineForHealthyPipelineSafeModeRule] INFO  safemode.SCMSafeModeManager (HealthyPipelineSafeModeRule.java:process(137)) - SCM in safe mode. Healthy pipelines reported count is 0, required healthy pipeline reported count is 1
2023-01-26 20:29:52,133 [pool-94-thread-1] INFO  server.RaftServerConfigKeys (ConfUtils.java:logGet(46)) - raft.server.log.async-flush.enabled = false (default)
2023-01-26 20:29:52,133 [pool-94-thread-1] INFO  server.RaftServerConfigKeys (ConfUtils.java:logGet(46)) - raft.server.log.statemachine.data.caching.enabled = true (custom)
2023-01-26 20:29:52,133 [pool-94-thread-1] INFO  segmented.SegmentedRaftLogWorker (SegmentedRaftLogWorker.java:lambda$new$0(135)) - 1568f87f-b911-477a-a667-1c441b63e4c2@group-DB628AD3D204-SegmentedRaftLogWorker: flushIndex: setUnconditionally 0 -> -1
2023-01-26 20:29:52,133 [pool-94-thread-1] INFO  segmented.SegmentedRaftLogWorker (SegmentedRaftLogWorker.java:lambda$new$0(135)) - 1568f87f-b911-477a-a667-1c441b63e4c2@group-DB628AD3D204-SegmentedRaftLogWorker: safeCacheEvictIndex: setUnconditionally 0 -> -1
2023-01-26 20:29:52,133 [pool-94-thread-1] INFO  server.RaftServer$Division (RaftServerImpl.java:start(334)) - 1568f87f-b911-477a-a667-1c441b63e4c2@group-DB628AD3D204: start as a follower, conf=-1: peers:[5982ba88-a0d3-4bb4-b961-874e4813aacd|rpc:10.1.0.15:35121|dataStream:10.1.0.15:36617|priority:0|startupRole:FOLLOWER, 7bf5aaad-ce4d-4dcc-9fd5-6307881c1b43|rpc:10.1.0.15:41477|dataStream:10.1.0.15:41069|priority:1|startupRole:FOLLOWER, 1568f87f-b911-477a-a667-1c441b63e4c2|rpc:10.1.0.15:44955|dataStream:10.1.0.15:41383|priority:0|startupRole:FOLLOWER]|listeners:[], old=null
2023-01-26 20:29:52,133 [pool-94-thread-1] INFO  server.RaftServer$Division (RaftServerImpl.java:setRole(321)) - 1568f87f-b911-477a-a667-1c441b63e4c2@group-DB628AD3D204: changes role from      null to FOLLOWER at term 0 for startAsFollower
2023-01-26 20:29:52,133 [pool-94-thread-1] INFO  impl.RoleInfo (RoleInfo.java:updateAndGet(139)) - 1568f87f-b911-477a-a667-1c441b63e4c2: start 1568f87f-b911-477a-a667-1c441b63e4c2@group-DB628AD3D204-FollowerState
2023-01-26 20:29:52,134 [pool-94-thread-1] INFO  util.JmxRegister (JmxRegister.java:tryRegister(44)) - Successfully registered JMX Bean with object name Ratis:service=RaftServer,group=group-DB628AD3D204,id=1568f87f-b911-477a-a667-1c441b63e4c2
2023-01-26 20:29:52,134 [pool-94-thread-1] INFO  server.RaftServerConfigKeys (ConfUtils.java:logGet(46)) - raft.server.snapshot.auto.trigger.enabled = true (custom)
2023-01-26 20:29:52,134 [pool-94-thread-1] INFO  server.RaftServerConfigKeys (ConfUtils.java:logGet(46)) - raft.server.snapshot.auto.trigger.threshold = 10000 (custom)
2023-01-26 20:29:52,134 [pool-94-thread-1] INFO  server.RaftServerConfigKeys (ConfUtils.java:logGet(46)) - raft.server.snapshot.retention.file.num = 5 (custom)
2023-01-26 20:29:52,134 [pool-94-thread-1] INFO  server.RaftServerConfigKeys (ConfUtils.java:logGet(46)) - raft.server.log.purge.upto.snapshot.index = false (default)
2023-01-26 20:29:52,136 [pool-94-thread-1] INFO  server.RaftServer$Division (RaftServerImpl.java:<init>(195)) - 1568f87f-b911-477a-a667-1c441b63e4c2: new RaftServerImpl for group-C481FBFF3B85:[5982ba88-a0d3-4bb4-b961-874e4813aacd|rpc:10.1.0.15:35121|dataStream:10.1.0.15:36617|priority:1|startupRole:FOLLOWER, 7bf5aaad-ce4d-4dcc-9fd5-6307881c1b43|rpc:10.1.0.15:41477|dataStream:10.1.0.15:41069|priority:0|startupRole:FOLLOWER, 1568f87f-b911-477a-a667-1c441b63e4c2|rpc:10.1.0.15:44955|dataStream:10.1.0.15:41383|priority:0|startupRole:FOLLOWER] with ContainerStateMachine:uninitialized
2023-01-26 20:29:52,136 [pool-94-thread-1] INFO  server.RaftServerConfigKeys (ConfUtils.java:logGet(46)) - raft.server.rpc.timeout.min = 5s (custom)
2023-01-26 20:29:52,136 [pool-94-thread-1] INFO  server.RaftServerConfigKeys (ConfUtils.java:logGet(46)) - raft.server.rpc.timeout.max = 5200ms (custom)
2023-01-26 20:29:52,136 [pool-94-thread-1] INFO  server.RaftServerConfigKeys (ConfUtils.java:logGet(46)) - raft.server.rpc.sleep.time = 25ms (default)
2023-01-26 20:29:52,136 [pool-94-thread-1] INFO  server.RaftServerConfigKeys (ConfUtils.java:logGet(46)) - raft.server.rpc.slowness.timeout = 300s (custom)
2023-01-26 20:29:52,136 [pool-94-thread-1] INFO  server.RaftServerConfigKeys (ConfUtils.java:logGet(46)) - raft.server.leaderelection.leader.step-down.wait-time = 10s (default)
2023-01-26 20:29:52,136 [pool-94-thread-1] INFO  server.RaftServerConfigKeys (ConfUtils.java:logGet(46)) - raft.server.sleep.deviation.threshold = 300ms (default)
2023-01-26 20:29:52,136 [pool-94-thread-1] INFO  server.RaftServer$Division (ServerState.java:<init>(118)) - 1568f87f-b911-477a-a667-1c441b63e4c2@group-C481FBFF3B85: ConfigurationManager, init=-1: peers:[5982ba88-a0d3-4bb4-b961-874e4813aacd|rpc:10.1.0.15:35121|dataStream:10.1.0.15:36617|priority:1|startupRole:FOLLOWER, 7bf5aaad-ce4d-4dcc-9fd5-6307881c1b43|rpc:10.1.0.15:41477|dataStream:10.1.0.15:41069|priority:0|startupRole:FOLLOWER, 1568f87f-b911-477a-a667-1c441b63e4c2|rpc:10.1.0.15:44955|dataStream:10.1.0.15:41383|priority:0|startupRole:FOLLOWER]|listeners:[], old=null, confs=<EMPTY_MAP>
2023-01-26 20:29:52,136 [pool-94-thread-1] INFO  server.RaftServerConfigKeys (ConfUtils.java:logGet(46)) - raft.server.storage.dir = [/home/runner/work/ozone/ozone/hadoop-ozone/integration-test/target/test-dir/MiniOzoneClusterImpl-91732d81-4c55-4ff3-841d-5fdfde2aad74/datanode-1/data/ratis] (custom)
2023-01-26 20:29:52,136 [pool-94-thread-1] INFO  server.RaftServerConfigKeys (ConfUtils.java:logGet(46)) - raft.server.log.corruption.policy = EXCEPTION (default)
2023-01-26 20:29:52,136 [pool-94-thread-1] INFO  server.RaftServerConfigKeys (ConfUtils.java:logGet(46)) - raft.server.storage.free-space.min = 0MB (=0) (default)
2023-01-26 20:29:52,137 [pool-94-thread-1] INFO  server.RaftServerConfigKeys (ConfUtils.java:logGet(46)) - raft.server.notification.no-leader.timeout = 300s (custom)
2023-01-26 20:29:52,137 [pool-94-thread-1] INFO  server.RaftServerConfigKeys (ConfUtils.java:logGet(46)) - raft.server.retrycache.expirytime = 600000ms (custom)
2023-01-26 20:29:52,137 [pool-94-thread-1] INFO  server.RaftServerConfigKeys (ConfUtils.java:logGet(46)) - raft.server.retrycache.statistics.expirytime = 100μs (default)
2023-01-26 20:29:52,138 [pool-94-thread-1] INFO  server.RaftServerConfigKeys (ConfUtils.java:logGet(46)) - raft.server.log.appender.install.snapshot.enabled = false (custom)
2023-01-26 20:29:52,138 [pool-94-thread-1] INFO  server.RaftServerConfigKeys (ConfUtils.java:logGet(46)) - raft.server.threadpool.server.cached = true (default)
2023-01-26 20:29:52,138 [pool-94-thread-1] INFO  server.RaftServerConfigKeys (ConfUtils.java:logGet(46)) - raft.server.threadpool.server.size = 0 (default)
2023-01-26 20:29:52,138 [pool-94-thread-1] INFO  server.RaftServerConfigKeys (ConfUtils.java:logGet(46)) - raft.server.threadpool.client.cached = true (default)
2023-01-26 20:29:52,138 [pool-94-thread-1] INFO  server.RaftServerConfigKeys (ConfUtils.java:logGet(46)) - raft.server.threadpool.client.size = 0 (default)
2023-01-26 20:29:52,138 [pool-94-thread-1] INFO  storage.RaftStorageDirectory (RaftStorageDirectoryImpl.java:analyzeStorage(137)) - The storage directory /home/runner/work/ozone/ozone/hadoop-ozone/integration-test/target/test-dir/MiniOzoneClusterImpl-91732d81-4c55-4ff3-841d-5fdfde2aad74/datanode-1/data/ratis/79c39a30-5e94-4bb2-b8be-c481fbff3b85 does not exist. Creating ...
2023-01-26 20:29:52,140 [pool-94-thread-1] INFO  storage.RaftStorageDirectory (RaftStorageDirectoryImpl.java:tryLock(231)) - Lock on /home/runner/work/ozone/ozone/hadoop-ozone/integration-test/target/test-dir/MiniOzoneClusterImpl-91732d81-4c55-4ff3-841d-5fdfde2aad74/datanode-1/data/ratis/79c39a30-5e94-4bb2-b8be-c481fbff3b85/in_use.lock acquired by nodename 10488@fv-az462-54
2023-01-26 20:29:52,144 [pool-94-thread-1] INFO  storage.RaftStorage (RaftStorageImpl.java:format(96)) - Storage directory /home/runner/work/ozone/ozone/hadoop-ozone/integration-test/target/test-dir/MiniOzoneClusterImpl-91732d81-4c55-4ff3-841d-5fdfde2aad74/datanode-1/data/ratis/79c39a30-5e94-4bb2-b8be-c481fbff3b85 has been successfully formatted.
2023-01-26 20:29:52,146 [pool-94-thread-1] INFO  ratis.ContainerStateMachine (ContainerStateMachine.java:loadSnapshot(240)) - group-C481FBFF3B85: The snapshot info is null. Setting the last applied indexto:(t:0, i:~)
2023-01-26 20:29:52,146 [pool-94-thread-1] INFO  server.RaftServerConfigKeys (ConfUtils.java:logGet(46)) - raft.server.log.use.memory = false (default)
2023-01-26 20:29:52,146 [pool-94-thread-1] INFO  server.RaftServerConfigKeys (ConfUtils.java:logGet(46)) - raft.server.log.purge.gap = 1000000 (custom)
2023-01-26 20:29:52,146 [pool-94-thread-1] INFO  server.RaftServerConfigKeys (ConfUtils.java:logGet(46)) - raft.server.log.appender.buffer.byte-limit = 33554432 (custom)
2023-01-26 20:29:52,146 [pool-94-thread-1] INFO  server.RaftServerConfigKeys (ConfUtils.java:logGet(46)) - raft.server.log.statemachine.data.read.timeout = 1000ms (default)
2023-01-26 20:29:52,146 [EventQueue-OpenPipelineForHealthyPipelineSafeModeRule] INFO  safemode.SCMSafeModeManager (HealthyPipelineSafeModeRule.java:process(137)) - SCM in safe mode. Healthy pipelines reported count is 0, required healthy pipeline reported count is 1
2023-01-26 20:29:52,148 [1568f87f-b911-477a-a667-1c441b63e4c2@group-DB628AD3D204-FollowerState] INFO  server.RaftServerConfigKeys (ConfUtils.java:logFallback(53)) - raft.server.rpc.first-election.timeout.min = 5s (fallback to raft.server.rpc.timeout.min)
2023-01-26 20:29:52,149 [1568f87f-b911-477a-a667-1c441b63e4c2@group-DB628AD3D204-FollowerState] INFO  server.RaftServerConfigKeys (ConfUtils.java:logFallback(53)) - raft.server.rpc.first-election.timeout.max = 5200ms (fallback to raft.server.rpc.timeout.max)
2023-01-26 20:29:52,153 [pool-94-thread-1] INFO  server.RaftServerConfigKeys (ConfUtils.java:logGet(46)) - raft.server.log.purge.preservation.log.num = 0 (default)
2023-01-26 20:29:52,153 [pool-94-thread-1] INFO  server.RaftServerConfigKeys (ConfUtils.java:logGet(46)) - raft.server.log.segment.size.max = 1048576 (custom)
2023-01-26 20:29:52,153 [pool-94-thread-1] INFO  server.RaftServerConfigKeys (ConfUtils.java:logGet(46)) - raft.server.log.segment.cache.num.max = 2 (custom)
2023-01-26 20:29:52,153 [pool-94-thread-1] INFO  server.RaftServerConfigKeys (ConfUtils.java:logGet(46)) - raft.server.log.segment.cache.size.max = 200MB (=209715200) (default)
2023-01-26 20:29:52,153 [pool-94-thread-1] INFO  segmented.SegmentedRaftLogWorker (SegmentedRaftLogWorker.java:<init>(189)) - new 1568f87f-b911-477a-a667-1c441b63e4c2@group-C481FBFF3B85-SegmentedRaftLogWorker for RaftStorageImpl:Storage Directory /home/runner/work/ozone/ozone/hadoop-ozone/integration-test/target/test-dir/MiniOzoneClusterImpl-91732d81-4c55-4ff3-841d-5fdfde2aad74/datanode-1/data/ratis/79c39a30-5e94-4bb2-b8be-c481fbff3b85
2023-01-26 20:29:52,153 [pool-94-thread-1] INFO  server.RaftServerConfigKeys (ConfUtils.java:logGet(46)) - raft.server.log.queue.byte-limit = 4294967296 (custom)
2023-01-26 20:29:52,153 [pool-94-thread-1] INFO  server.RaftServerConfigKeys (ConfUtils.java:logGet(46)) - raft.server.log.queue.element-limit = 1024 (custom)
2023-01-26 20:29:52,153 [pool-94-thread-1] INFO  server.RaftServerConfigKeys (ConfUtils.java:logGet(46)) - raft.server.log.segment.size.max = 1048576 (custom)
2023-01-26 20:29:52,153 [pool-94-thread-1] INFO  server.RaftServerConfigKeys (ConfUtils.java:logGet(46)) - raft.server.log.preallocated.size = 16384 (custom)
2023-01-26 20:29:52,155 [Command processor thread] INFO  commandhandler.CreatePipelineCommandHandler (CreatePipelineCommandHandler.java:handle(113)) - Created Pipeline RATIS THREE PipelineID=4fd980bb-761d-409a-aded-db628ad3d204.
2023-01-26 20:29:52,155 [pool-94-thread-1] INFO  server.RaftServerConfigKeys (ConfUtils.java:logGet(46)) - raft.server.log.force.sync.num = 128 (default)
2023-01-26 20:29:52,156 [pool-94-thread-1] INFO  server.RaftServerConfigKeys (ConfUtils.java:logGet(46)) - raft.server.log.statemachine.data.sync = true (default)
2023-01-26 20:29:52,156 [pool-94-thread-1] INFO  server.RaftServerConfigKeys (ConfUtils.java:logGet(46)) - raft.server.log.statemachine.data.sync.timeout = 10s (default)
2023-01-26 20:29:52,156 [pool-94-thread-1] INFO  server.RaftServerConfigKeys (ConfUtils.java:logGet(46)) - raft.server.log.statemachine.data.sync.timeout.retry = -1 (default)
2023-01-26 20:29:52,156 [Command processor thread] INFO  server.RaftServer (RaftServerProxy.java:addNew(96)) - 7bf5aaad-ce4d-4dcc-9fd5-6307881c1b43: addNew group-C481FBFF3B85:[5982ba88-a0d3-4bb4-b961-874e4813aacd|rpc:10.1.0.15:35121|dataStream:10.1.0.15:36617|priority:1|startupRole:FOLLOWER, 7bf5aaad-ce4d-4dcc-9fd5-6307881c1b43|rpc:10.1.0.15:41477|dataStream:10.1.0.15:41069|priority:0|startupRole:FOLLOWER, 1568f87f-b911-477a-a667-1c441b63e4c2|rpc:10.1.0.15:44955|dataStream:10.1.0.15:41383|priority:0|startupRole:FOLLOWER] returns group-C481FBFF3B85:java.util.concurrent.CompletableFuture@32992a08[Not completed]
2023-01-26 20:29:52,156 [pool-94-thread-1] INFO  server.RaftServerConfigKeys (ConfUtils.java:logGet(46)) - raft.server.log.write.buffer.size = 1048576 (custom)
2023-01-26 20:29:52,157 [pool-72-thread-1] INFO  server.RaftServer$Division (RaftServerImpl.java:<init>(195)) - 7bf5aaad-ce4d-4dcc-9fd5-6307881c1b43: new RaftServerImpl for group-C481FBFF3B85:[5982ba88-a0d3-4bb4-b961-874e4813aacd|rpc:10.1.0.15:35121|dataStream:10.1.0.15:36617|priority:1|startupRole:FOLLOWER, 7bf5aaad-ce4d-4dcc-9fd5-6307881c1b43|rpc:10.1.0.15:41477|dataStream:10.1.0.15:41069|priority:0|startupRole:FOLLOWER, 1568f87f-b911-477a-a667-1c441b63e4c2|rpc:10.1.0.15:44955|dataStream:10.1.0.15:41383|priority:0|startupRole:FOLLOWER] with ContainerStateMachine:uninitialized
2023-01-26 20:29:52,158 [pool-72-thread-1] INFO  server.RaftServerConfigKeys (ConfUtils.java:logGet(46)) - raft.server.rpc.timeout.min = 5s (custom)
2023-01-26 20:29:52,158 [pool-72-thread-1] INFO  server.RaftServerConfigKeys (ConfUtils.java:logGet(46)) - raft.server.rpc.timeout.max = 5200ms (custom)
2023-01-26 20:29:52,158 [pool-72-thread-1] INFO  server.RaftServerConfigKeys (ConfUtils.java:logGet(46)) - raft.server.rpc.sleep.time = 25ms (default)
2023-01-26 20:29:52,158 [pool-94-thread-1] INFO  server.RaftServerConfigKeys (ConfUtils.java:logGet(46)) - raft.server.log.appender.buffer.byte-limit = 33554432 (custom)
2023-01-26 20:29:52,158 [pool-72-thread-1] INFO  server.RaftServerConfigKeys (ConfUtils.java:logGet(46)) - raft.server.rpc.slowness.timeout = 300s (custom)
2023-01-26 20:29:52,158 [pool-72-thread-1] INFO  server.RaftServerConfigKeys (ConfUtils.java:logGet(46)) - raft.server.leaderelection.leader.step-down.wait-time = 10s (default)
2023-01-26 20:29:52,158 [pool-72-thread-1] INFO  server.RaftServerConfigKeys (ConfUtils.java:logGet(46)) - raft.server.sleep.deviation.threshold = 300ms (default)
2023-01-26 20:29:52,159 [pool-72-thread-1] INFO  server.RaftServer$Division (ServerState.java:<init>(118)) - 7bf5aaad-ce4d-4dcc-9fd5-6307881c1b43@group-C481FBFF3B85: ConfigurationManager, init=-1: peers:[5982ba88-a0d3-4bb4-b961-874e4813aacd|rpc:10.1.0.15:35121|dataStream:10.1.0.15:36617|priority:1|startupRole:FOLLOWER, 7bf5aaad-ce4d-4dcc-9fd5-6307881c1b43|rpc:10.1.0.15:41477|dataStream:10.1.0.15:41069|priority:0|startupRole:FOLLOWER, 1568f87f-b911-477a-a667-1c441b63e4c2|rpc:10.1.0.15:44955|dataStream:10.1.0.15:41383|priority:0|startupRole:FOLLOWER]|listeners:[], old=null, confs=<EMPTY_MAP>
2023-01-26 20:29:52,159 [pool-72-thread-1] INFO  server.RaftServerConfigKeys (ConfUtils.java:logGet(46)) - raft.server.storage.dir = [/home/runner/work/ozone/ozone/hadoop-ozone/integration-test/target/test-dir/MiniOzoneClusterImpl-91732d81-4c55-4ff3-841d-5fdfde2aad74/datanode-0/data/ratis] (custom)
2023-01-26 20:29:52,159 [pool-72-thread-1] INFO  server.RaftServerConfigKeys (ConfUtils.java:logGet(46)) - raft.server.log.corruption.policy = EXCEPTION (default)
2023-01-26 20:29:52,159 [pool-72-thread-1] INFO  server.RaftServerConfigKeys (ConfUtils.java:logGet(46)) - raft.server.storage.free-space.min = 0MB (=0) (default)
2023-01-26 20:29:52,159 [pool-72-thread-1] INFO  server.RaftServerConfigKeys (ConfUtils.java:logGet(46)) - raft.server.notification.no-leader.timeout = 300s (custom)
2023-01-26 20:29:52,159 [pool-72-thread-1] INFO  server.RaftServerConfigKeys (ConfUtils.java:logGet(46)) - raft.server.retrycache.expirytime = 600000ms (custom)
2023-01-26 20:29:52,159 [pool-72-thread-1] INFO  server.RaftServerConfigKeys (ConfUtils.java:logGet(46)) - raft.server.retrycache.statistics.expirytime = 100μs (default)
2023-01-26 20:29:52,160 [pool-72-thread-1] INFO  server.RaftServerConfigKeys (ConfUtils.java:logGet(46)) - raft.server.log.appender.install.snapshot.enabled = false (custom)
2023-01-26 20:29:52,160 [pool-72-thread-1] INFO  server.RaftServerConfigKeys (ConfUtils.java:logGet(46)) - raft.server.threadpool.server.cached = true (default)
2023-01-26 20:29:52,160 [pool-72-thread-1] INFO  server.RaftServerConfigKeys (ConfUtils.java:logGet(46)) - raft.server.threadpool.server.size = 0 (default)
2023-01-26 20:29:52,161 [pool-72-thread-1] INFO  server.RaftServerConfigKeys (ConfUtils.java:logGet(46)) - raft.server.threadpool.client.cached = true (default)
2023-01-26 20:29:52,161 [pool-72-thread-1] INFO  server.RaftServerConfigKeys (ConfUtils.java:logGet(46)) - raft.server.threadpool.client.size = 0 (default)
2023-01-26 20:29:52,161 [pool-72-thread-1] INFO  storage.RaftStorageDirectory (RaftStorageDirectoryImpl.java:analyzeStorage(137)) - The storage directory /home/runner/work/ozone/ozone/hadoop-ozone/integration-test/target/test-dir/MiniOzoneClusterImpl-91732d81-4c55-4ff3-841d-5fdfde2aad74/datanode-0/data/ratis/79c39a30-5e94-4bb2-b8be-c481fbff3b85 does not exist. Creating ...
2023-01-26 20:29:52,162 [pool-72-thread-1] INFO  storage.RaftStorageDirectory (RaftStorageDirectoryImpl.java:tryLock(231)) - Lock on /home/runner/work/ozone/ozone/hadoop-ozone/integration-test/target/test-dir/MiniOzoneClusterImpl-91732d81-4c55-4ff3-841d-5fdfde2aad74/datanode-0/data/ratis/79c39a30-5e94-4bb2-b8be-c481fbff3b85/in_use.lock acquired by nodename 10488@fv-az462-54
2023-01-26 20:29:52,164 [pool-72-thread-1] INFO  storage.RaftStorage (RaftStorageImpl.java:format(96)) - Storage directory /home/runner/work/ozone/ozone/hadoop-ozone/integration-test/target/test-dir/MiniOzoneClusterImpl-91732d81-4c55-4ff3-841d-5fdfde2aad74/datanode-0/data/ratis/79c39a30-5e94-4bb2-b8be-c481fbff3b85 has been successfully formatted.
2023-01-26 20:29:52,165 [pool-72-thread-1] INFO  ratis.ContainerStateMachine (ContainerStateMachine.java:loadSnapshot(240)) - group-C481FBFF3B85: The snapshot info is null. Setting the last applied indexto:(t:0, i:~)
2023-01-26 20:29:52,165 [pool-72-thread-1] INFO  server.RaftServerConfigKeys (ConfUtils.java:logGet(46)) - raft.server.log.use.memory = false (default)
2023-01-26 20:29:52,165 [pool-72-thread-1] INFO  server.RaftServerConfigKeys (ConfUtils.java:logGet(46)) - raft.server.log.purge.gap = 1000000 (custom)
2023-01-26 20:29:52,165 [pool-72-thread-1] INFO  server.RaftServerConfigKeys (ConfUtils.java:logGet(46)) - raft.server.log.appender.buffer.byte-limit = 33554432 (custom)
2023-01-26 20:29:52,165 [pool-72-thread-1] INFO  server.RaftServerConfigKeys (ConfUtils.java:logGet(46)) - raft.server.log.statemachine.data.read.timeout = 1000ms (default)
2023-01-26 20:29:52,165 [pool-72-thread-1] INFO  server.RaftServerConfigKeys (ConfUtils.java:logGet(46)) - raft.server.log.purge.preservation.log.num = 0 (default)
2023-01-26 20:29:52,165 [pool-72-thread-1] INFO  server.RaftServerConfigKeys (ConfUtils.java:logGet(46)) - raft.server.log.segment.size.max = 1048576 (custom)
2023-01-26 20:29:52,166 [pool-72-thread-1] INFO  server.RaftServerConfigKeys (ConfUtils.java:logGet(46)) - raft.server.log.segment.cache.num.max = 2 (custom)
2023-01-26 20:29:52,166 [pool-72-thread-1] INFO  server.RaftServerConfigKeys (ConfUtils.java:logGet(46)) - raft.server.log.segment.cache.size.max = 200MB (=209715200) (default)
2023-01-26 20:29:52,166 [pool-72-thread-1] INFO  segmented.SegmentedRaftLogWorker (SegmentedRaftLogWorker.java:<init>(189)) - new 7bf5aaad-ce4d-4dcc-9fd5-6307881c1b43@group-C481FBFF3B85-SegmentedRaftLogWorker for RaftStorageImpl:Storage Directory /home/runner/work/ozone/ozone/hadoop-ozone/integration-test/target/test-dir/MiniOzoneClusterImpl-91732d81-4c55-4ff3-841d-5fdfde2aad74/datanode-0/data/ratis/79c39a30-5e94-4bb2-b8be-c481fbff3b85
2023-01-26 20:29:52,166 [pool-72-thread-1] INFO  server.RaftServerConfigKeys (ConfUtils.java:logGet(46)) - raft.server.log.queue.byte-limit = 4294967296 (custom)
2023-01-26 20:29:52,166 [pool-72-thread-1] INFO  server.RaftServerConfigKeys (ConfUtils.java:logGet(46)) - raft.server.log.queue.element-limit = 1024 (custom)
2023-01-26 20:29:52,166 [pool-72-thread-1] INFO  server.RaftServerConfigKeys (ConfUtils.java:logGet(46)) - raft.server.log.segment.size.max = 1048576 (custom)
2023-01-26 20:29:52,167 [pool-72-thread-1] INFO  server.RaftServerConfigKeys (ConfUtils.java:logGet(46)) - raft.server.log.preallocated.size = 16384 (custom)
2023-01-26 20:29:52,167 [pool-72-thread-1] INFO  server.RaftServerConfigKeys (ConfUtils.java:logGet(46)) - raft.server.log.force.sync.num = 128 (default)
2023-01-26 20:29:52,167 [pool-72-thread-1] INFO  server.RaftServerConfigKeys (ConfUtils.java:logGet(46)) - raft.server.log.statemachine.data.sync = true (default)
2023-01-26 20:29:52,167 [pool-72-thread-1] INFO  server.RaftServerConfigKeys (ConfUtils.java:logGet(46)) - raft.server.log.statemachine.data.sync.timeout = 10s (default)
2023-01-26 20:29:52,167 [pool-72-thread-1] INFO  server.RaftServerConfigKeys (ConfUtils.java:logGet(46)) - raft.server.log.statemachine.data.sync.timeout.retry = -1 (default)
2023-01-26 20:29:52,167 [pool-72-thread-1] INFO  server.RaftServerConfigKeys (ConfUtils.java:logGet(46)) - raft.server.log.write.buffer.size = 1048576 (custom)
2023-01-26 20:29:52,173 [pool-94-thread-1] INFO  server.RaftServerConfigKeys (ConfUtils.java:logGet(46)) - raft.server.log.unsafe-flush.enabled = false (default)
2023-01-26 20:29:52,177 [pool-94-thread-1] INFO  server.RaftServerConfigKeys (ConfUtils.java:logGet(46)) - raft.server.log.async-flush.enabled = false (default)
2023-01-26 20:29:52,177 [pool-94-thread-1] INFO  server.RaftServerConfigKeys (ConfUtils.java:logGet(46)) - raft.server.log.statemachine.data.caching.enabled = true (custom)
2023-01-26 20:29:52,177 [pool-94-thread-1] INFO  segmented.SegmentedRaftLogWorker (SegmentedRaftLogWorker.java:lambda$new$0(135)) - 1568f87f-b911-477a-a667-1c441b63e4c2@group-C481FBFF3B85-SegmentedRaftLogWorker: flushIndex: setUnconditionally 0 -> -1
2023-01-26 20:29:52,177 [pool-94-thread-1] INFO  segmented.SegmentedRaftLogWorker (SegmentedRaftLogWorker.java:lambda$new$0(135)) - 1568f87f-b911-477a-a667-1c441b63e4c2@group-C481FBFF3B85-SegmentedRaftLogWorker: safeCacheEvictIndex: setUnconditionally 0 -> -1
2023-01-26 20:29:52,173 [pool-72-thread-1] INFO  server.RaftServerConfigKeys (ConfUtils.java:logGet(46)) - raft.server.log.appender.buffer.byte-limit = 33554432 (custom)
2023-01-26 20:29:52,380 [pool-94-thread-1] INFO  server.RaftServer$Division (RaftServerImpl.java:start(334)) - 1568f87f-b911-477a-a667-1c441b63e4c2@group-C481FBFF3B85: start as a follower, conf=-1: peers:[5982ba88-a0d3-4bb4-b961-874e4813aacd|rpc:10.1.0.15:35121|dataStream:10.1.0.15:36617|priority:1|startupRole:FOLLOWER, 7bf5aaad-ce4d-4dcc-9fd5-6307881c1b43|rpc:10.1.0.15:41477|dataStream:10.1.0.15:41069|priority:0|startupRole:FOLLOWER, 1568f87f-b911-477a-a667-1c441b63e4c2|rpc:10.1.0.15:44955|dataStream:10.1.0.15:41383|priority:0|startupRole:FOLLOWER]|listeners:[], old=null
2023-01-26 20:29:52,380 [pool-94-thread-1] INFO  server.RaftServer$Division (RaftServerImpl.java:setRole(321)) - 1568f87f-b911-477a-a667-1c441b63e4c2@group-C481FBFF3B85: changes role from      null to FOLLOWER at term 0 for startAsFollower
2023-01-26 20:29:52,380 [pool-94-thread-1] INFO  impl.RoleInfo (RoleInfo.java:updateAndGet(139)) - 1568f87f-b911-477a-a667-1c441b63e4c2: start 1568f87f-b911-477a-a667-1c441b63e4c2@group-C481FBFF3B85-FollowerState
2023-01-26 20:29:52,381 [pool-94-thread-1] INFO  util.JmxRegister (JmxRegister.java:tryRegister(44)) - Successfully registered JMX Bean with object name Ratis:service=RaftServer,group=group-C481FBFF3B85,id=1568f87f-b911-477a-a667-1c441b63e4c2
2023-01-26 20:29:52,381 [pool-94-thread-1] INFO  server.RaftServerConfigKeys (ConfUtils.java:logGet(46)) - raft.server.snapshot.auto.trigger.enabled = true (custom)
2023-01-26 20:29:52,381 [pool-94-thread-1] INFO  server.RaftServerConfigKeys (ConfUtils.java:logGet(46)) - raft.server.snapshot.auto.trigger.threshold = 10000 (custom)
2023-01-26 20:29:52,381 [pool-94-thread-1] INFO  server.RaftServerConfigKeys (ConfUtils.java:logGet(46)) - raft.server.snapshot.retention.file.num = 5 (custom)
2023-01-26 20:29:52,381 [pool-94-thread-1] INFO  server.RaftServerConfigKeys (ConfUtils.java:logGet(46)) - raft.server.log.purge.upto.snapshot.index = false (default)
2023-01-26 20:29:52,382 [1568f87f-b911-477a-a667-1c441b63e4c2@group-C481FBFF3B85-FollowerState] INFO  server.RaftServerConfigKeys (ConfUtils.java:logFallback(53)) - raft.server.rpc.first-election.timeout.min = 5s (fallback to raft.server.rpc.timeout.min)
2023-01-26 20:29:52,382 [Command processor thread] INFO  ratis.XceiverServerRatis (XceiverServerRatis.java:addGroup(806)) - Created group PipelineID=79c39a30-5e94-4bb2-b8be-c481fbff3b85
2023-01-26 20:29:52,392 [1568f87f-b911-477a-a667-1c441b63e4c2@group-C481FBFF3B85-FollowerState] INFO  server.RaftServerConfigKeys (ConfUtils.java:logFallback(53)) - raft.server.rpc.first-election.timeout.max = 5200ms (fallback to raft.server.rpc.timeout.max)
2023-01-26 20:29:52,393 [pool-72-thread-1] INFO  server.RaftServerConfigKeys (ConfUtils.java:logGet(46)) - raft.server.log.unsafe-flush.enabled = false (default)
2023-01-26 20:29:52,394 [pool-72-thread-1] INFO  server.RaftServerConfigKeys (ConfUtils.java:logGet(46)) - raft.server.log.async-flush.enabled = false (default)
2023-01-26 20:29:52,394 [pool-72-thread-1] INFO  server.RaftServerConfigKeys (ConfUtils.java:logGet(46)) - raft.server.log.statemachine.data.caching.enabled = true (custom)
2023-01-26 20:29:52,394 [pool-72-thread-1] INFO  segmented.SegmentedRaftLogWorker (SegmentedRaftLogWorker.java:lambda$new$0(135)) - 7bf5aaad-ce4d-4dcc-9fd5-6307881c1b43@group-C481FBFF3B85-SegmentedRaftLogWorker: flushIndex: setUnconditionally 0 -> -1
2023-01-26 20:29:52,394 [pool-72-thread-1] INFO  segmented.SegmentedRaftLogWorker (SegmentedRaftLogWorker.java:lambda$new$0(135)) - 7bf5aaad-ce4d-4dcc-9fd5-6307881c1b43@group-C481FBFF3B85-SegmentedRaftLogWorker: safeCacheEvictIndex: setUnconditionally 0 -> -1
2023-01-26 20:29:52,395 [pool-72-thread-1] INFO  server.RaftServer$Division (RaftServerImpl.java:start(334)) - 7bf5aaad-ce4d-4dcc-9fd5-6307881c1b43@group-C481FBFF3B85: start as a follower, conf=-1: peers:[5982ba88-a0d3-4bb4-b961-874e4813aacd|rpc:10.1.0.15:35121|dataStream:10.1.0.15:36617|priority:1|startupRole:FOLLOWER, 7bf5aaad-ce4d-4dcc-9fd5-6307881c1b43|rpc:10.1.0.15:41477|dataStream:10.1.0.15:41069|priority:0|startupRole:FOLLOWER, 1568f87f-b911-477a-a667-1c441b63e4c2|rpc:10.1.0.15:44955|dataStream:10.1.0.15:41383|priority:0|startupRole:FOLLOWER]|listeners:[], old=null
2023-01-26 20:29:52,396 [EventQueue-OpenPipelineForHealthyPipelineSafeModeRule] INFO  safemode.SCMSafeModeManager (HealthyPipelineSafeModeRule.java:process(137)) - SCM in safe mode. Healthy pipelines reported count is 0, required healthy pipeline reported count is 1
2023-01-26 20:29:52,396 [pool-72-thread-1] INFO  server.RaftServer$Division (RaftServerImpl.java:setRole(321)) - 7bf5aaad-ce4d-4dcc-9fd5-6307881c1b43@group-C481FBFF3B85: changes role from      null to FOLLOWER at term 0 for startAsFollower
2023-01-26 20:29:52,406 [pool-72-thread-1] INFO  impl.RoleInfo (RoleInfo.java:updateAndGet(139)) - 7bf5aaad-ce4d-4dcc-9fd5-6307881c1b43: start 7bf5aaad-ce4d-4dcc-9fd5-6307881c1b43@group-C481FBFF3B85-FollowerState
2023-01-26 20:29:52,406 [pool-72-thread-1] INFO  util.JmxRegister (JmxRegister.java:tryRegister(44)) - Successfully registered JMX Bean with object name Ratis:service=RaftServer,group=group-C481FBFF3B85,id=7bf5aaad-ce4d-4dcc-9fd5-6307881c1b43
2023-01-26 20:29:52,406 [pool-72-thread-1] INFO  server.RaftServerConfigKeys (ConfUtils.java:logGet(46)) - raft.server.snapshot.auto.trigger.enabled = true (custom)
2023-01-26 20:29:52,406 [pool-72-thread-1] INFO  server.RaftServerConfigKeys (ConfUtils.java:logGet(46)) - raft.server.snapshot.auto.trigger.threshold = 10000 (custom)
2023-01-26 20:29:52,406 [pool-72-thread-1] INFO  server.RaftServerConfigKeys (ConfUtils.java:logGet(46)) - raft.server.snapshot.retention.file.num = 5 (custom)
2023-01-26 20:29:52,406 [pool-72-thread-1] INFO  server.RaftServerConfigKeys (ConfUtils.java:logGet(46)) - raft.server.log.purge.upto.snapshot.index = false (default)
2023-01-26 20:29:52,407 [7bf5aaad-ce4d-4dcc-9fd5-6307881c1b43@group-C481FBFF3B85-FollowerState] INFO  server.RaftServerConfigKeys (ConfUtils.java:logFallback(53)) - raft.server.rpc.first-election.timeout.min = 5s (fallback to raft.server.rpc.timeout.min)
2023-01-26 20:29:52,407 [7bf5aaad-ce4d-4dcc-9fd5-6307881c1b43@group-C481FBFF3B85-FollowerState] INFO  server.RaftServerConfigKeys (ConfUtils.java:logFallback(53)) - raft.server.rpc.first-election.timeout.max = 5200ms (fallback to raft.server.rpc.timeout.max)
2023-01-26 20:29:52,408 [Command processor thread] INFO  ratis.XceiverServerRatis (XceiverServerRatis.java:addGroup(806)) - Created group PipelineID=79c39a30-5e94-4bb2-b8be-c481fbff3b85
2023-01-26 20:29:52,436 [Command processor thread] INFO  server.RaftServer (RaftServerProxy.java:addNew(96)) - 5982ba88-a0d3-4bb4-b961-874e4813aacd: addNew group-1325C190FF0A:[5982ba88-a0d3-4bb4-b961-874e4813aacd|rpc:10.1.0.15:35121|dataStream:10.1.0.15:36617|priority:1|startupRole:FOLLOWER] returns group-1325C190FF0A:java.util.concurrent.CompletableFuture@3d119a3c[Not completed]
2023-01-26 20:29:52,437 [pool-116-thread-1] INFO  server.RaftServer$Division (RaftServerImpl.java:<init>(195)) - 5982ba88-a0d3-4bb4-b961-874e4813aacd: new RaftServerImpl for group-1325C190FF0A:[5982ba88-a0d3-4bb4-b961-874e4813aacd|rpc:10.1.0.15:35121|dataStream:10.1.0.15:36617|priority:1|startupRole:FOLLOWER] with ContainerStateMachine:uninitialized
2023-01-26 20:29:52,438 [pool-116-thread-1] INFO  server.RaftServerConfigKeys (ConfUtils.java:logGet(46)) - raft.server.rpc.timeout.min = 5s (custom)
2023-01-26 20:29:52,438 [pool-116-thread-1] INFO  server.RaftServerConfigKeys (ConfUtils.java:logGet(46)) - raft.server.rpc.timeout.max = 5200ms (custom)
2023-01-26 20:29:52,438 [pool-116-thread-1] INFO  server.RaftServerConfigKeys (ConfUtils.java:logGet(46)) - raft.server.rpc.sleep.time = 25ms (default)
2023-01-26 20:29:52,438 [pool-116-thread-1] INFO  server.RaftServerConfigKeys (ConfUtils.java:logGet(46)) - raft.server.rpc.slowness.timeout = 300s (custom)
2023-01-26 20:29:52,438 [pool-116-thread-1] INFO  server.RaftServerConfigKeys (ConfUtils.java:logGet(46)) - raft.server.leaderelection.leader.step-down.wait-time = 10s (default)
2023-01-26 20:29:52,438 [pool-116-thread-1] INFO  server.RaftServerConfigKeys (ConfUtils.java:logGet(46)) - raft.server.sleep.deviation.threshold = 300ms (default)
2023-01-26 20:29:52,438 [pool-116-thread-1] INFO  server.RaftServer$Division (ServerState.java:<init>(118)) - 5982ba88-a0d3-4bb4-b961-874e4813aacd@group-1325C190FF0A: ConfigurationManager, init=-1: peers:[5982ba88-a0d3-4bb4-b961-874e4813aacd|rpc:10.1.0.15:35121|dataStream:10.1.0.15:36617|priority:1|startupRole:FOLLOWER]|listeners:[], old=null, confs=<EMPTY_MAP>
2023-01-26 20:29:52,438 [pool-116-thread-1] INFO  server.RaftServerConfigKeys (ConfUtils.java:logGet(46)) - raft.server.storage.dir = [/home/runner/work/ozone/ozone/hadoop-ozone/integration-test/target/test-dir/MiniOzoneClusterImpl-91732d81-4c55-4ff3-841d-5fdfde2aad74/datanode-2/data/ratis] (custom)
2023-01-26 20:29:52,438 [pool-116-thread-1] INFO  server.RaftServerConfigKeys (ConfUtils.java:logGet(46)) - raft.server.log.corruption.policy = EXCEPTION (default)
2023-01-26 20:29:52,438 [pool-116-thread-1] INFO  server.RaftServerConfigKeys (ConfUtils.java:logGet(46)) - raft.server.storage.free-space.min = 0MB (=0) (default)
2023-01-26 20:29:52,438 [pool-116-thread-1] INFO  server.RaftServerConfigKeys (ConfUtils.java:logGet(46)) - raft.server.notification.no-leader.timeout = 300s (custom)
2023-01-26 20:29:52,438 [pool-116-thread-1] INFO  server.RaftServerConfigKeys (ConfUtils.java:logGet(46)) - raft.server.retrycache.expirytime = 600000ms (custom)
2023-01-26 20:29:52,438 [pool-116-thread-1] INFO  server.RaftServerConfigKeys (ConfUtils.java:logGet(46)) - raft.server.retrycache.statistics.expirytime = 100μs (default)
2023-01-26 20:29:52,439 [pool-116-thread-1] INFO  server.RaftServerConfigKeys (ConfUtils.java:logGet(46)) - raft.server.log.appender.install.snapshot.enabled = false (custom)
2023-01-26 20:29:52,439 [pool-116-thread-1] INFO  server.RaftServerConfigKeys (ConfUtils.java:logGet(46)) - raft.server.threadpool.server.cached = true (default)
2023-01-26 20:29:52,439 [pool-116-thread-1] INFO  server.RaftServerConfigKeys (ConfUtils.java:logGet(46)) - raft.server.threadpool.server.size = 0 (default)
2023-01-26 20:29:52,439 [pool-116-thread-1] INFO  server.RaftServerConfigKeys (ConfUtils.java:logGet(46)) - raft.server.threadpool.client.cached = true (default)
2023-01-26 20:29:52,440 [pool-116-thread-1] INFO  server.RaftServerConfigKeys (ConfUtils.java:logGet(46)) - raft.server.threadpool.client.size = 0 (default)
2023-01-26 20:29:52,440 [pool-116-thread-1] INFO  storage.RaftStorageDirectory (RaftStorageDirectoryImpl.java:analyzeStorage(137)) - The storage directory /home/runner/work/ozone/ozone/hadoop-ozone/integration-test/target/test-dir/MiniOzoneClusterImpl-91732d81-4c55-4ff3-841d-5fdfde2aad74/datanode-2/data/ratis/38a5c28f-434d-415b-a8b3-1325c190ff0a does not exist. Creating ...
2023-01-26 20:29:52,441 [pool-116-thread-1] INFO  storage.RaftStorageDirectory (RaftStorageDirectoryImpl.java:tryLock(231)) - Lock on /home/runner/work/ozone/ozone/hadoop-ozone/integration-test/target/test-dir/MiniOzoneClusterImpl-91732d81-4c55-4ff3-841d-5fdfde2aad74/datanode-2/data/ratis/38a5c28f-434d-415b-a8b3-1325c190ff0a/in_use.lock acquired by nodename 10488@fv-az462-54
2023-01-26 20:29:52,442 [pool-116-thread-1] INFO  storage.RaftStorage (RaftStorageImpl.java:format(96)) - Storage directory /home/runner/work/ozone/ozone/hadoop-ozone/integration-test/target/test-dir/MiniOzoneClusterImpl-91732d81-4c55-4ff3-841d-5fdfde2aad74/datanode-2/data/ratis/38a5c28f-434d-415b-a8b3-1325c190ff0a has been successfully formatted.
2023-01-26 20:29:52,444 [pool-116-thread-1] INFO  ratis.ContainerStateMachine (ContainerStateMachine.java:loadSnapshot(240)) - group-1325C190FF0A: The snapshot info is null. Setting the last applied indexto:(t:0, i:~)
2023-01-26 20:29:52,444 [pool-116-thread-1] INFO  server.RaftServerConfigKeys (ConfUtils.java:logGet(46)) - raft.server.log.use.memory = false (default)
2023-01-26 20:29:52,445 [pool-116-thread-1] INFO  server.RaftServerConfigKeys (ConfUtils.java:logGet(46)) - raft.server.log.purge.gap = 1000000 (custom)
2023-01-26 20:29:52,445 [pool-116-thread-1] INFO  server.RaftServerConfigKeys (ConfUtils.java:logGet(46)) - raft.server.log.appender.buffer.byte-limit = 33554432 (custom)
2023-01-26 20:29:52,445 [pool-116-thread-1] INFO  server.RaftServerConfigKeys (ConfUtils.java:logGet(46)) - raft.server.log.statemachine.data.read.timeout = 1000ms (default)
2023-01-26 20:29:52,445 [pool-116-thread-1] INFO  server.RaftServerConfigKeys (ConfUtils.java:logGet(46)) - raft.server.log.purge.preservation.log.num = 0 (default)
2023-01-26 20:29:52,445 [pool-116-thread-1] INFO  server.RaftServerConfigKeys (ConfUtils.java:logGet(46)) - raft.server.log.segment.size.max = 1048576 (custom)
2023-01-26 20:29:52,446 [pool-116-thread-1] INFO  server.RaftServerConfigKeys (ConfUtils.java:logGet(46)) - raft.server.log.segment.cache.num.max = 2 (custom)
2023-01-26 20:29:52,446 [pool-116-thread-1] INFO  server.RaftServerConfigKeys (ConfUtils.java:logGet(46)) - raft.server.log.segment.cache.size.max = 200MB (=209715200) (default)
2023-01-26 20:29:52,446 [pool-116-thread-1] INFO  segmented.SegmentedRaftLogWorker (SegmentedRaftLogWorker.java:<init>(189)) - new 5982ba88-a0d3-4bb4-b961-874e4813aacd@group-1325C190FF0A-SegmentedRaftLogWorker for RaftStorageImpl:Storage Directory /home/runner/work/ozone/ozone/hadoop-ozone/integration-test/target/test-dir/MiniOzoneClusterImpl-91732d81-4c55-4ff3-841d-5fdfde2aad74/datanode-2/data/ratis/38a5c28f-434d-415b-a8b3-1325c190ff0a
2023-01-26 20:29:52,446 [pool-116-thread-1] INFO  server.RaftServerConfigKeys (ConfUtils.java:logGet(46)) - raft.server.log.queue.byte-limit = 4294967296 (custom)
2023-01-26 20:29:52,446 [pool-116-thread-1] INFO  server.RaftServerConfigKeys (ConfUtils.java:logGet(46)) - raft.server.log.queue.element-limit = 1024 (custom)
2023-01-26 20:29:52,446 [pool-116-thread-1] INFO  server.RaftServerConfigKeys (ConfUtils.java:logGet(46)) - raft.server.log.segment.size.max = 1048576 (custom)
2023-01-26 20:29:52,446 [pool-116-thread-1] INFO  server.RaftServerConfigKeys (ConfUtils.java:logGet(46)) - raft.server.log.preallocated.size = 16384 (custom)
2023-01-26 20:29:52,446 [pool-116-thread-1] INFO  server.RaftServerConfigKeys (ConfUtils.java:logGet(46)) - raft.server.log.force.sync.num = 128 (default)
2023-01-26 20:29:52,446 [pool-116-thread-1] INFO  server.RaftServerConfigKeys (ConfUtils.java:logGet(46)) - raft.server.log.statemachine.data.sync = true (default)
2023-01-26 20:29:52,446 [pool-116-thread-1] INFO  server.RaftServerConfigKeys (ConfUtils.java:logGet(46)) - raft.server.log.statemachine.data.sync.timeout = 10s (default)
2023-01-26 20:29:52,446 [pool-116-thread-1] INFO  server.RaftServerConfigKeys (ConfUtils.java:logGet(46)) - raft.server.log.statemachine.data.sync.timeout.retry = -1 (default)
2023-01-26 20:29:52,447 [pool-116-thread-1] INFO  server.RaftServerConfigKeys (ConfUtils.java:logGet(46)) - raft.server.log.write.buffer.size = 1048576 (custom)
2023-01-26 20:29:52,449 [pool-116-thread-1] INFO  server.RaftServerConfigKeys (ConfUtils.java:logGet(46)) - raft.server.log.appender.buffer.byte-limit = 33554432 (custom)
2023-01-26 20:29:52,454 [pool-116-thread-1] INFO  server.RaftServerConfigKeys (ConfUtils.java:logGet(46)) - raft.server.log.unsafe-flush.enabled = false (default)
2023-01-26 20:29:52,454 [pool-116-thread-1] INFO  server.RaftServerConfigKeys (ConfUtils.java:logGet(46)) - raft.server.log.async-flush.enabled = false (default)
2023-01-26 20:29:52,454 [pool-116-thread-1] INFO  server.RaftServerConfigKeys (ConfUtils.java:logGet(46)) - raft.server.log.statemachine.data.caching.enabled = true (custom)
2023-01-26 20:29:52,456 [EventQueue-PipelineReportForPipelineReportHandler] INFO  pipeline.PipelineManagerImpl (PipelineManagerImpl.java:openPipeline(367)) - Pipeline Pipeline[ Id: 38a5c28f-434d-415b-a8b3-1325c190ff0a, Nodes: 5982ba88-a0d3-4bb4-b961-874e4813aacd(fv-az462-54.0zuljvm5d0yedf4jva4xayy4gc.gx.internal.cloudapp.net/10.1.0.15), ReplicationConfig: RATIS/ONE, State:ALLOCATED, leaderId:5982ba88-a0d3-4bb4-b961-874e4813aacd, CreationTimestamp2023-01-26T20:29:49.441Z[Etc/UTC]] moved to OPEN state
2023-01-26 20:29:52,457 [pool-116-thread-1] INFO  segmented.SegmentedRaftLogWorker (SegmentedRaftLogWorker.java:lambda$new$0(135)) - 5982ba88-a0d3-4bb4-b961-874e4813aacd@group-1325C190FF0A-SegmentedRaftLogWorker: flushIndex: setUnconditionally 0 -> -1
2023-01-26 20:29:52,457 [pool-116-thread-1] INFO  segmented.SegmentedRaftLogWorker (SegmentedRaftLogWorker.java:lambda$new$0(135)) - 5982ba88-a0d3-4bb4-b961-874e4813aacd@group-1325C190FF0A-SegmentedRaftLogWorker: safeCacheEvictIndex: setUnconditionally 0 -> -1
2023-01-26 20:29:52,458 [EventQueue-OpenPipelineForHealthyPipelineSafeModeRule] INFO  safemode.SCMSafeModeManager (HealthyPipelineSafeModeRule.java:process(137)) - SCM in safe mode. Healthy pipelines reported count is 0, required healthy pipeline reported count is 1
2023-01-26 20:29:52,460 [pool-116-thread-1] INFO  server.RaftServer$Division (RaftServerImpl.java:start(334)) - 5982ba88-a0d3-4bb4-b961-874e4813aacd@group-1325C190FF0A: start as a follower, conf=-1: peers:[5982ba88-a0d3-4bb4-b961-874e4813aacd|rpc:10.1.0.15:35121|dataStream:10.1.0.15:36617|priority:1|startupRole:FOLLOWER]|listeners:[], old=null
2023-01-26 20:29:52,460 [pool-116-thread-1] INFO  server.RaftServer$Division (RaftServerImpl.java:setRole(321)) - 5982ba88-a0d3-4bb4-b961-874e4813aacd@group-1325C190FF0A: changes role from      null to FOLLOWER at term 0 for startAsFollower
2023-01-26 20:29:52,460 [pool-116-thread-1] INFO  impl.RoleInfo (RoleInfo.java:updateAndGet(139)) - 5982ba88-a0d3-4bb4-b961-874e4813aacd: start 5982ba88-a0d3-4bb4-b961-874e4813aacd@group-1325C190FF0A-FollowerState
2023-01-26 20:29:52,479 [pool-116-thread-1] INFO  util.JmxRegister (JmxRegister.java:tryRegister(44)) - Successfully registered JMX Bean with object name Ratis:service=RaftServer,group=group-1325C190FF0A,id=5982ba88-a0d3-4bb4-b961-874e4813aacd
2023-01-26 20:29:52,480 [pool-116-thread-1] INFO  server.RaftServerConfigKeys (ConfUtils.java:logGet(46)) - raft.server.snapshot.auto.trigger.enabled = true (custom)
2023-01-26 20:29:52,480 [pool-116-thread-1] INFO  server.RaftServerConfigKeys (ConfUtils.java:logGet(46)) - raft.server.snapshot.auto.trigger.threshold = 10000 (custom)
2023-01-26 20:29:52,480 [pool-116-thread-1] INFO  server.RaftServerConfigKeys (ConfUtils.java:logGet(46)) - raft.server.snapshot.retention.file.num = 5 (custom)
2023-01-26 20:29:52,480 [pool-116-thread-1] INFO  server.RaftServerConfigKeys (ConfUtils.java:logGet(46)) - raft.server.log.purge.upto.snapshot.index = false (default)
2023-01-26 20:29:52,480 [5982ba88-a0d3-4bb4-b961-874e4813aacd@group-1325C190FF0A-FollowerState] INFO  server.RaftServerConfigKeys (ConfUtils.java:logFallback(53)) - raft.server.rpc.first-election.timeout.min = 5s (fallback to raft.server.rpc.timeout.min)
2023-01-26 20:29:52,480 [5982ba88-a0d3-4bb4-b961-874e4813aacd@group-1325C190FF0A-FollowerState] INFO  server.RaftServerConfigKeys (ConfUtils.java:logFallback(53)) - raft.server.rpc.first-election.timeout.max = 5200ms (fallback to raft.server.rpc.timeout.max)
2023-01-26 20:29:52,484 [Command processor thread] INFO  ratis.XceiverServerRatis (XceiverServerRatis.java:addGroup(806)) - Created group PipelineID=38a5c28f-434d-415b-a8b3-1325c190ff0a
2023-01-26 20:29:52,484 [Command processor thread] INFO  commandhandler.CreatePipelineCommandHandler (CreatePipelineCommandHandler.java:handle(113)) - Created Pipeline RATIS ONE PipelineID=38a5c28f-434d-415b-a8b3-1325c190ff0a.
2023-01-26 20:29:52,484 [Command processor thread] INFO  server.RaftServer (RaftServerProxy.java:addNew(96)) - 5982ba88-a0d3-4bb4-b961-874e4813aacd: addNew group-C481FBFF3B85:[5982ba88-a0d3-4bb4-b961-874e4813aacd|rpc:10.1.0.15:35121|dataStream:10.1.0.15:36617|priority:1|startupRole:FOLLOWER, 7bf5aaad-ce4d-4dcc-9fd5-6307881c1b43|rpc:10.1.0.15:41477|dataStream:10.1.0.15:41069|priority:0|startupRole:FOLLOWER, 1568f87f-b911-477a-a667-1c441b63e4c2|rpc:10.1.0.15:44955|dataStream:10.1.0.15:41383|priority:0|startupRole:FOLLOWER] returns group-C481FBFF3B85:java.util.concurrent.CompletableFuture@33d663ee[Not completed]
2023-01-26 20:29:52,485 [pool-116-thread-1] INFO  server.RaftServer$Division (RaftServerImpl.java:<init>(195)) - 5982ba88-a0d3-4bb4-b961-874e4813aacd: new RaftServerImpl for group-C481FBFF3B85:[5982ba88-a0d3-4bb4-b961-874e4813aacd|rpc:10.1.0.15:35121|dataStream:10.1.0.15:36617|priority:1|startupRole:FOLLOWER, 7bf5aaad-ce4d-4dcc-9fd5-6307881c1b43|rpc:10.1.0.15:41477|dataStream:10.1.0.15:41069|priority:0|startupRole:FOLLOWER, 1568f87f-b911-477a-a667-1c441b63e4c2|rpc:10.1.0.15:44955|dataStream:10.1.0.15:41383|priority:0|startupRole:FOLLOWER] with ContainerStateMachine:uninitialized
2023-01-26 20:29:52,486 [pool-116-thread-1] INFO  server.RaftServerConfigKeys (ConfUtils.java:logGet(46)) - raft.server.rpc.timeout.min = 5s (custom)
2023-01-26 20:29:52,486 [pool-116-thread-1] INFO  server.RaftServerConfigKeys (ConfUtils.java:logGet(46)) - raft.server.rpc.timeout.max = 5200ms (custom)
2023-01-26 20:29:52,486 [pool-116-thread-1] INFO  server.RaftServerConfigKeys (ConfUtils.java:logGet(46)) - raft.server.rpc.sleep.time = 25ms (default)
2023-01-26 20:29:52,486 [pool-116-thread-1] INFO  server.RaftServerConfigKeys (ConfUtils.java:logGet(46)) - raft.server.rpc.slowness.timeout = 300s (custom)
2023-01-26 20:29:52,486 [pool-116-thread-1] INFO  server.RaftServerConfigKeys (ConfUtils.java:logGet(46)) - raft.server.leaderelection.leader.step-down.wait-time = 10s (default)
2023-01-26 20:29:52,486 [pool-116-thread-1] INFO  server.RaftServerConfigKeys (ConfUtils.java:logGet(46)) - raft.server.sleep.deviation.threshold = 300ms (default)
2023-01-26 20:29:52,486 [pool-116-thread-1] INFO  server.RaftServer$Division (ServerState.java:<init>(118)) - 5982ba88-a0d3-4bb4-b961-874e4813aacd@group-C481FBFF3B85: ConfigurationManager, init=-1: peers:[5982ba88-a0d3-4bb4-b961-874e4813aacd|rpc:10.1.0.15:35121|dataStream:10.1.0.15:36617|priority:1|startupRole:FOLLOWER, 7bf5aaad-ce4d-4dcc-9fd5-6307881c1b43|rpc:10.1.0.15:41477|dataStream:10.1.0.15:41069|priority:0|startupRole:FOLLOWER, 1568f87f-b911-477a-a667-1c441b63e4c2|rpc:10.1.0.15:44955|dataStream:10.1.0.15:41383|priority:0|startupRole:FOLLOWER]|listeners:[], old=null, confs=<EMPTY_MAP>
2023-01-26 20:29:52,486 [pool-116-thread-1] INFO  server.RaftServerConfigKeys (ConfUtils.java:logGet(46)) - raft.server.storage.dir = [/home/runner/work/ozone/ozone/hadoop-ozone/integration-test/target/test-dir/MiniOzoneClusterImpl-91732d81-4c55-4ff3-841d-5fdfde2aad74/datanode-2/data/ratis] (custom)
2023-01-26 20:29:52,486 [pool-116-thread-1] INFO  server.RaftServerConfigKeys (ConfUtils.java:logGet(46)) - raft.server.log.corruption.policy = EXCEPTION (default)
2023-01-26 20:29:52,486 [pool-116-thread-1] INFO  server.RaftServerConfigKeys (ConfUtils.java:logGet(46)) - raft.server.storage.free-space.min = 0MB (=0) (default)
2023-01-26 20:29:52,486 [pool-116-thread-1] INFO  server.RaftServerConfigKeys (ConfUtils.java:logGet(46)) - raft.server.notification.no-leader.timeout = 300s (custom)
2023-01-26 20:29:52,486 [pool-116-thread-1] INFO  server.RaftServerConfigKeys (ConfUtils.java:logGet(46)) - raft.server.retrycache.expirytime = 600000ms (custom)
2023-01-26 20:29:52,486 [pool-116-thread-1] INFO  server.RaftServerConfigKeys (ConfUtils.java:logGet(46)) - raft.server.retrycache.statistics.expirytime = 100μs (default)
2023-01-26 20:29:52,487 [pool-116-thread-1] INFO  server.RaftServerConfigKeys (ConfUtils.java:logGet(46)) - raft.server.log.appender.install.snapshot.enabled = false (custom)
2023-01-26 20:29:52,487 [pool-116-thread-1] INFO  server.RaftServerConfigKeys (ConfUtils.java:logGet(46)) - raft.server.threadpool.server.cached = true (default)
2023-01-26 20:29:52,487 [pool-116-thread-1] INFO  server.RaftServerConfigKeys (ConfUtils.java:logGet(46)) - raft.server.threadpool.server.size = 0 (default)
2023-01-26 20:29:52,487 [pool-116-thread-1] INFO  server.RaftServerConfigKeys (ConfUtils.java:logGet(46)) - raft.server.threadpool.client.cached = true (default)
2023-01-26 20:29:52,487 [pool-116-thread-1] INFO  server.RaftServerConfigKeys (ConfUtils.java:logGet(46)) - raft.server.threadpool.client.size = 0 (default)
2023-01-26 20:29:52,488 [pool-116-thread-1] INFO  storage.RaftStorageDirectory (RaftStorageDirectoryImpl.java:analyzeStorage(137)) - The storage directory /home/runner/work/ozone/ozone/hadoop-ozone/integration-test/target/test-dir/MiniOzoneClusterImpl-91732d81-4c55-4ff3-841d-5fdfde2aad74/datanode-2/data/ratis/79c39a30-5e94-4bb2-b8be-c481fbff3b85 does not exist. Creating ...
2023-01-26 20:29:52,489 [pool-116-thread-1] INFO  storage.RaftStorageDirectory (RaftStorageDirectoryImpl.java:tryLock(231)) - Lock on /home/runner/work/ozone/ozone/hadoop-ozone/integration-test/target/test-dir/MiniOzoneClusterImpl-91732d81-4c55-4ff3-841d-5fdfde2aad74/datanode-2/data/ratis/79c39a30-5e94-4bb2-b8be-c481fbff3b85/in_use.lock acquired by nodename 10488@fv-az462-54
2023-01-26 20:29:52,494 [pool-116-thread-1] INFO  storage.RaftStorage (RaftStorageImpl.java:format(96)) - Storage directory /home/runner/work/ozone/ozone/hadoop-ozone/integration-test/target/test-dir/MiniOzoneClusterImpl-91732d81-4c55-4ff3-841d-5fdfde2aad74/datanode-2/data/ratis/79c39a30-5e94-4bb2-b8be-c481fbff3b85 has been successfully formatted.
2023-01-26 20:29:52,494 [pool-116-thread-1] INFO  ratis.ContainerStateMachine (ContainerStateMachine.java:loadSnapshot(240)) - group-C481FBFF3B85: The snapshot info is null. Setting the last applied indexto:(t:0, i:~)
2023-01-26 20:29:52,494 [pool-116-thread-1] INFO  server.RaftServerConfigKeys (ConfUtils.java:logGet(46)) - raft.server.log.use.memory = false (default)
2023-01-26 20:29:52,495 [pool-116-thread-1] INFO  server.RaftServerConfigKeys (ConfUtils.java:logGet(46)) - raft.server.log.purge.gap = 1000000 (custom)
2023-01-26 20:29:52,495 [pool-116-thread-1] INFO  server.RaftServerConfigKeys (ConfUtils.java:logGet(46)) - raft.server.log.appender.buffer.byte-limit = 33554432 (custom)
2023-01-26 20:29:52,495 [pool-116-thread-1] INFO  server.RaftServerConfigKeys (ConfUtils.java:logGet(46)) - raft.server.log.statemachine.data.read.timeout = 1000ms (default)
2023-01-26 20:29:52,495 [pool-116-thread-1] INFO  server.RaftServerConfigKeys (ConfUtils.java:logGet(46)) - raft.server.log.purge.preservation.log.num = 0 (default)
2023-01-26 20:29:52,495 [pool-116-thread-1] INFO  server.RaftServerConfigKeys (ConfUtils.java:logGet(46)) - raft.server.log.segment.size.max = 1048576 (custom)
2023-01-26 20:29:52,495 [pool-116-thread-1] INFO  server.RaftServerConfigKeys (ConfUtils.java:logGet(46)) - raft.server.log.segment.cache.num.max = 2 (custom)
2023-01-26 20:29:52,502 [EventQueue-OpenPipelineForHealthyPipelineSafeModeRule] INFO  safemode.SCMSafeModeManager (HealthyPipelineSafeModeRule.java:process(137)) - SCM in safe mode. Healthy pipelines reported count is 0, required healthy pipeline reported count is 1
2023-01-26 20:29:52,508 [pool-116-thread-1] INFO  server.RaftServerConfigKeys (ConfUtils.java:logGet(46)) - raft.server.log.segment.cache.size.max = 200MB (=209715200) (default)
2023-01-26 20:29:52,508 [pool-116-thread-1] INFO  segmented.SegmentedRaftLogWorker (SegmentedRaftLogWorker.java:<init>(189)) - new 5982ba88-a0d3-4bb4-b961-874e4813aacd@group-C481FBFF3B85-SegmentedRaftLogWorker for RaftStorageImpl:Storage Directory /home/runner/work/ozone/ozone/hadoop-ozone/integration-test/target/test-dir/MiniOzoneClusterImpl-91732d81-4c55-4ff3-841d-5fdfde2aad74/datanode-2/data/ratis/79c39a30-5e94-4bb2-b8be-c481fbff3b85
2023-01-26 20:29:52,508 [pool-116-thread-1] INFO  server.RaftServerConfigKeys (ConfUtils.java:logGet(46)) - raft.server.log.queue.byte-limit = 4294967296 (custom)
2023-01-26 20:29:52,508 [pool-116-thread-1] INFO  server.RaftServerConfigKeys (ConfUtils.java:logGet(46)) - raft.server.log.queue.element-limit = 1024 (custom)
2023-01-26 20:29:52,508 [pool-116-thread-1] INFO  server.RaftServerConfigKeys (ConfUtils.java:logGet(46)) - raft.server.log.segment.size.max = 1048576 (custom)
2023-01-26 20:29:52,508 [pool-116-thread-1] INFO  server.RaftServerConfigKeys (ConfUtils.java:logGet(46)) - raft.server.log.preallocated.size = 16384 (custom)
2023-01-26 20:29:52,508 [pool-116-thread-1] INFO  server.RaftServerConfigKeys (ConfUtils.java:logGet(46)) - raft.server.log.force.sync.num = 128 (default)
2023-01-26 20:29:52,509 [pool-116-thread-1] INFO  server.RaftServerConfigKeys (ConfUtils.java:logGet(46)) - raft.server.log.statemachine.data.sync = true (default)
2023-01-26 20:29:52,509 [pool-116-thread-1] INFO  server.RaftServerConfigKeys (ConfUtils.java:logGet(46)) - raft.server.log.statemachine.data.sync.timeout = 10s (default)
2023-01-26 20:29:52,509 [pool-116-thread-1] INFO  server.RaftServerConfigKeys (ConfUtils.java:logGet(46)) - raft.server.log.statemachine.data.sync.timeout.retry = -1 (default)
2023-01-26 20:29:52,509 [pool-116-thread-1] INFO  server.RaftServerConfigKeys (ConfUtils.java:logGet(46)) - raft.server.log.write.buffer.size = 1048576 (custom)
2023-01-26 20:29:52,510 [pool-116-thread-1] INFO  server.RaftServerConfigKeys (ConfUtils.java:logGet(46)) - raft.server.log.appender.buffer.byte-limit = 33554432 (custom)
2023-01-26 20:29:52,528 [pool-116-thread-1] INFO  server.RaftServerConfigKeys (ConfUtils.java:logGet(46)) - raft.server.log.unsafe-flush.enabled = false (default)
2023-01-26 20:29:52,530 [pool-116-thread-1] INFO  server.RaftServerConfigKeys (ConfUtils.java:logGet(46)) - raft.server.log.async-flush.enabled = false (default)
2023-01-26 20:29:52,530 [pool-116-thread-1] INFO  server.RaftServerConfigKeys (ConfUtils.java:logGet(46)) - raft.server.log.statemachine.data.caching.enabled = true (custom)
2023-01-26 20:29:52,530 [pool-116-thread-1] INFO  segmented.SegmentedRaftLogWorker (SegmentedRaftLogWorker.java:lambda$new$0(135)) - 5982ba88-a0d3-4bb4-b961-874e4813aacd@group-C481FBFF3B85-SegmentedRaftLogWorker: flushIndex: setUnconditionally 0 -> -1
2023-01-26 20:29:52,530 [pool-116-thread-1] INFO  segmented.SegmentedRaftLogWorker (SegmentedRaftLogWorker.java:lambda$new$0(135)) - 5982ba88-a0d3-4bb4-b961-874e4813aacd@group-C481FBFF3B85-SegmentedRaftLogWorker: safeCacheEvictIndex: setUnconditionally 0 -> -1
2023-01-26 20:29:52,531 [pool-116-thread-1] INFO  server.RaftServer$Division (RaftServerImpl.java:start(334)) - 5982ba88-a0d3-4bb4-b961-874e4813aacd@group-C481FBFF3B85: start as a follower, conf=-1: peers:[5982ba88-a0d3-4bb4-b961-874e4813aacd|rpc:10.1.0.15:35121|dataStream:10.1.0.15:36617|priority:1|startupRole:FOLLOWER, 7bf5aaad-ce4d-4dcc-9fd5-6307881c1b43|rpc:10.1.0.15:41477|dataStream:10.1.0.15:41069|priority:0|startupRole:FOLLOWER, 1568f87f-b911-477a-a667-1c441b63e4c2|rpc:10.1.0.15:44955|dataStream:10.1.0.15:41383|priority:0|startupRole:FOLLOWER]|listeners:[], old=null
2023-01-26 20:29:52,531 [pool-116-thread-1] INFO  server.RaftServer$Division (RaftServerImpl.java:setRole(321)) - 5982ba88-a0d3-4bb4-b961-874e4813aacd@group-C481FBFF3B85: changes role from      null to FOLLOWER at term 0 for startAsFollower
2023-01-26 20:29:52,531 [pool-116-thread-1] INFO  impl.RoleInfo (RoleInfo.java:updateAndGet(139)) - 5982ba88-a0d3-4bb4-b961-874e4813aacd: start 5982ba88-a0d3-4bb4-b961-874e4813aacd@group-C481FBFF3B85-FollowerState
2023-01-26 20:29:52,531 [pool-116-thread-1] INFO  util.JmxRegister (JmxRegister.java:tryRegister(44)) - Successfully registered JMX Bean with object name Ratis:service=RaftServer,group=group-C481FBFF3B85,id=5982ba88-a0d3-4bb4-b961-874e4813aacd
2023-01-26 20:29:52,531 [pool-116-thread-1] INFO  server.RaftServerConfigKeys (ConfUtils.java:logGet(46)) - raft.server.snapshot.auto.trigger.enabled = true (custom)
2023-01-26 20:29:52,532 [pool-116-thread-1] INFO  server.RaftServerConfigKeys (ConfUtils.java:logGet(46)) - raft.server.snapshot.auto.trigger.threshold = 10000 (custom)
2023-01-26 20:29:52,532 [pool-116-thread-1] INFO  server.RaftServerConfigKeys (ConfUtils.java:logGet(46)) - raft.server.snapshot.retention.file.num = 5 (custom)
2023-01-26 20:29:52,532 [pool-116-thread-1] INFO  server.RaftServerConfigKeys (ConfUtils.java:logGet(46)) - raft.server.log.purge.upto.snapshot.index = false (default)
2023-01-26 20:29:52,532 [5982ba88-a0d3-4bb4-b961-874e4813aacd@group-C481FBFF3B85-FollowerState] INFO  server.RaftServerConfigKeys (ConfUtils.java:logFallback(53)) - raft.server.rpc.first-election.timeout.min = 5s (fallback to raft.server.rpc.timeout.min)
2023-01-26 20:29:52,534 [5982ba88-a0d3-4bb4-b961-874e4813aacd@group-C481FBFF3B85-FollowerState] INFO  server.RaftServerConfigKeys (ConfUtils.java:logFallback(53)) - raft.server.rpc.first-election.timeout.max = 5200ms (fallback to raft.server.rpc.timeout.max)
2023-01-26 20:29:52,535 [Command processor thread] INFO  ratis.XceiverServerRatis (XceiverServerRatis.java:addGroup(806)) - Created group PipelineID=79c39a30-5e94-4bb2-b8be-c481fbff3b85
2023-01-26 20:29:52,577 [Command processor thread] INFO  commandhandler.CreatePipelineCommandHandler (CreatePipelineCommandHandler.java:handle(113)) - Created Pipeline RATIS THREE PipelineID=79c39a30-5e94-4bb2-b8be-c481fbff3b85.
2023-01-26 20:29:52,592 [Command processor thread] INFO  commandhandler.CreatePipelineCommandHandler (CreatePipelineCommandHandler.java:handle(113)) - Created Pipeline RATIS THREE PipelineID=79c39a30-5e94-4bb2-b8be-c481fbff3b85.
2023-01-26 20:29:52,623 [Command processor thread] INFO  commandhandler.CreatePipelineCommandHandler (CreatePipelineCommandHandler.java:handle(113)) - Created Pipeline RATIS THREE PipelineID=79c39a30-5e94-4bb2-b8be-c481fbff3b85.
2023-01-26 20:29:52,783 [Command processor thread] INFO  server.RaftServer (RaftServerProxy.java:addNew(96)) - b29357c9-7d45-4ae4-80d3-019e3f6bb8ef: addNew group-7CE0E3F02AFB:[b29357c9-7d45-4ae4-80d3-019e3f6bb8ef|rpc:10.1.0.15:45551|dataStream:10.1.0.15:45865|priority:1|startupRole:FOLLOWER] returns group-7CE0E3F02AFB:java.util.concurrent.CompletableFuture@436f2dd4[Not completed]
2023-01-26 20:29:52,786 [pool-138-thread-1] INFO  server.RaftServer$Division (RaftServerImpl.java:<init>(195)) - b29357c9-7d45-4ae4-80d3-019e3f6bb8ef: new RaftServerImpl for group-7CE0E3F02AFB:[b29357c9-7d45-4ae4-80d3-019e3f6bb8ef|rpc:10.1.0.15:45551|dataStream:10.1.0.15:45865|priority:1|startupRole:FOLLOWER] with ContainerStateMachine:uninitialized
2023-01-26 20:29:52,786 [pool-138-thread-1] INFO  server.RaftServerConfigKeys (ConfUtils.java:logGet(46)) - raft.server.rpc.timeout.min = 5s (custom)
2023-01-26 20:29:52,786 [pool-138-thread-1] INFO  server.RaftServerConfigKeys (ConfUtils.java:logGet(46)) - raft.server.rpc.timeout.max = 5200ms (custom)
2023-01-26 20:29:52,786 [pool-138-thread-1] INFO  server.RaftServerConfigKeys (ConfUtils.java:logGet(46)) - raft.server.rpc.sleep.time = 25ms (default)
2023-01-26 20:29:52,786 [pool-138-thread-1] INFO  server.RaftServerConfigKeys (ConfUtils.java:logGet(46)) - raft.server.rpc.slowness.timeout = 300s (custom)
2023-01-26 20:29:52,786 [pool-138-thread-1] INFO  server.RaftServerConfigKeys (ConfUtils.java:logGet(46)) - raft.server.leaderelection.leader.step-down.wait-time = 10s (default)
2023-01-26 20:29:52,786 [pool-138-thread-1] INFO  server.RaftServerConfigKeys (ConfUtils.java:logGet(46)) - raft.server.sleep.deviation.threshold = 300ms (default)
2023-01-26 20:29:52,786 [pool-138-thread-1] INFO  server.RaftServer$Division (ServerState.java:<init>(118)) - b29357c9-7d45-4ae4-80d3-019e3f6bb8ef@group-7CE0E3F02AFB: ConfigurationManager, init=-1: peers:[b29357c9-7d45-4ae4-80d3-019e3f6bb8ef|rpc:10.1.0.15:45551|dataStream:10.1.0.15:45865|priority:1|startupRole:FOLLOWER]|listeners:[], old=null, confs=<EMPTY_MAP>
2023-01-26 20:29:52,786 [pool-138-thread-1] INFO  server.RaftServerConfigKeys (ConfUtils.java:logGet(46)) - raft.server.storage.dir = [/home/runner/work/ozone/ozone/hadoop-ozone/integration-test/target/test-dir/MiniOzoneClusterImpl-91732d81-4c55-4ff3-841d-5fdfde2aad74/datanode-3/data/ratis] (custom)
2023-01-26 20:29:52,787 [pool-138-thread-1] INFO  server.RaftServerConfigKeys (ConfUtils.java:logGet(46)) - raft.server.log.corruption.policy = EXCEPTION (default)
2023-01-26 20:29:52,787 [pool-138-thread-1] INFO  server.RaftServerConfigKeys (ConfUtils.java:logGet(46)) - raft.server.storage.free-space.min = 0MB (=0) (default)
2023-01-26 20:29:52,787 [pool-138-thread-1] INFO  server.RaftServerConfigKeys (ConfUtils.java:logGet(46)) - raft.server.notification.no-leader.timeout = 300s (custom)
2023-01-26 20:29:52,787 [pool-138-thread-1] INFO  server.RaftServerConfigKeys (ConfUtils.java:logGet(46)) - raft.server.retrycache.expirytime = 600000ms (custom)
2023-01-26 20:29:52,787 [pool-138-thread-1] INFO  server.RaftServerConfigKeys (ConfUtils.java:logGet(46)) - raft.server.retrycache.statistics.expirytime = 100μs (default)
2023-01-26 20:29:52,788 [pool-138-thread-1] INFO  server.RaftServerConfigKeys (ConfUtils.java:logGet(46)) - raft.server.log.appender.install.snapshot.enabled = false (custom)
2023-01-26 20:29:52,788 [pool-138-thread-1] INFO  server.RaftServerConfigKeys (ConfUtils.java:logGet(46)) - raft.server.threadpool.server.cached = true (default)
2023-01-26 20:29:52,788 [pool-138-thread-1] INFO  server.RaftServerConfigKeys (ConfUtils.java:logGet(46)) - raft.server.threadpool.server.size = 0 (default)
2023-01-26 20:29:52,788 [pool-138-thread-1] INFO  server.RaftServerConfigKeys (ConfUtils.java:logGet(46)) - raft.server.threadpool.client.cached = true (default)
2023-01-26 20:29:52,788 [pool-138-thread-1] INFO  server.RaftServerConfigKeys (ConfUtils.java:logGet(46)) - raft.server.threadpool.client.size = 0 (default)
2023-01-26 20:29:52,788 [pool-138-thread-1] INFO  storage.RaftStorageDirectory (RaftStorageDirectoryImpl.java:analyzeStorage(137)) - The storage directory /home/runner/work/ozone/ozone/hadoop-ozone/integration-test/target/test-dir/MiniOzoneClusterImpl-91732d81-4c55-4ff3-841d-5fdfde2aad74/datanode-3/data/ratis/de05051a-2b37-4acd-834b-7ce0e3f02afb does not exist. Creating ...
2023-01-26 20:29:52,789 [pool-138-thread-1] INFO  storage.RaftStorageDirectory (RaftStorageDirectoryImpl.java:tryLock(231)) - Lock on /home/runner/work/ozone/ozone/hadoop-ozone/integration-test/target/test-dir/MiniOzoneClusterImpl-91732d81-4c55-4ff3-841d-5fdfde2aad74/datanode-3/data/ratis/de05051a-2b37-4acd-834b-7ce0e3f02afb/in_use.lock acquired by nodename 10488@fv-az462-54
2023-01-26 20:29:52,792 [pool-138-thread-1] INFO  storage.RaftStorage (RaftStorageImpl.java:format(96)) - Storage directory /home/runner/work/ozone/ozone/hadoop-ozone/integration-test/target/test-dir/MiniOzoneClusterImpl-91732d81-4c55-4ff3-841d-5fdfde2aad74/datanode-3/data/ratis/de05051a-2b37-4acd-834b-7ce0e3f02afb has been successfully formatted.
2023-01-26 20:29:52,794 [pool-138-thread-1] INFO  ratis.ContainerStateMachine (ContainerStateMachine.java:loadSnapshot(240)) - group-7CE0E3F02AFB: The snapshot info is null. Setting the last applied indexto:(t:0, i:~)
2023-01-26 20:29:52,794 [pool-138-thread-1] INFO  server.RaftServerConfigKeys (ConfUtils.java:logGet(46)) - raft.server.log.use.memory = false (default)
2023-01-26 20:29:52,794 [pool-138-thread-1] INFO  server.RaftServerConfigKeys (ConfUtils.java:logGet(46)) - raft.server.log.purge.gap = 1000000 (custom)
2023-01-26 20:29:52,794 [pool-138-thread-1] INFO  server.RaftServerConfigKeys (ConfUtils.java:logGet(46)) - raft.server.log.appender.buffer.byte-limit = 33554432 (custom)
2023-01-26 20:29:52,794 [pool-138-thread-1] INFO  server.RaftServerConfigKeys (ConfUtils.java:logGet(46)) - raft.server.log.statemachine.data.read.timeout = 1000ms (default)
2023-01-26 20:29:52,794 [pool-138-thread-1] INFO  server.RaftServerConfigKeys (ConfUtils.java:logGet(46)) - raft.server.log.purge.preservation.log.num = 0 (default)
2023-01-26 20:29:52,796 [pool-138-thread-1] INFO  server.RaftServerConfigKeys (ConfUtils.java:logGet(46)) - raft.server.log.segment.size.max = 1048576 (custom)
2023-01-26 20:29:52,796 [pool-138-thread-1] INFO  server.RaftServerConfigKeys (ConfUtils.java:logGet(46)) - raft.server.log.segment.cache.num.max = 2 (custom)
2023-01-26 20:29:52,797 [pool-138-thread-1] INFO  server.RaftServerConfigKeys (ConfUtils.java:logGet(46)) - raft.server.log.segment.cache.size.max = 200MB (=209715200) (default)
2023-01-26 20:29:52,797 [pool-138-thread-1] INFO  segmented.SegmentedRaftLogWorker (SegmentedRaftLogWorker.java:<init>(189)) - new b29357c9-7d45-4ae4-80d3-019e3f6bb8ef@group-7CE0E3F02AFB-SegmentedRaftLogWorker for RaftStorageImpl:Storage Directory /home/runner/work/ozone/ozone/hadoop-ozone/integration-test/target/test-dir/MiniOzoneClusterImpl-91732d81-4c55-4ff3-841d-5fdfde2aad74/datanode-3/data/ratis/de05051a-2b37-4acd-834b-7ce0e3f02afb
2023-01-26 20:29:52,797 [pool-138-thread-1] INFO  server.RaftServerConfigKeys (ConfUtils.java:logGet(46)) - raft.server.log.queue.byte-limit = 4294967296 (custom)
2023-01-26 20:29:52,797 [pool-138-thread-1] INFO  server.RaftServerConfigKeys (ConfUtils.java:logGet(46)) - raft.server.log.queue.element-limit = 1024 (custom)
2023-01-26 20:29:52,797 [pool-138-thread-1] INFO  server.RaftServerConfigKeys (ConfUtils.java:logGet(46)) - raft.server.log.segment.size.max = 1048576 (custom)
2023-01-26 20:29:52,797 [EventQueue-PipelineReportForPipelineReportHandler] INFO  pipeline.PipelineManagerImpl (PipelineManagerImpl.java:openPipeline(367)) - Pipeline Pipeline[ Id: de05051a-2b37-4acd-834b-7ce0e3f02afb, Nodes: b29357c9-7d45-4ae4-80d3-019e3f6bb8ef(fv-az462-54.0zuljvm5d0yedf4jva4xayy4gc.gx.internal.cloudapp.net/10.1.0.15), ReplicationConfig: RATIS/ONE, State:ALLOCATED, leaderId:b29357c9-7d45-4ae4-80d3-019e3f6bb8ef, CreationTimestamp2023-01-26T20:29:49.788Z[Etc/UTC]] moved to OPEN state
2023-01-26 20:29:52,797 [pool-138-thread-1] INFO  server.RaftServerConfigKeys (ConfUtils.java:logGet(46)) - raft.server.log.preallocated.size = 16384 (custom)
2023-01-26 20:29:52,797 [pool-138-thread-1] INFO  server.RaftServerConfigKeys (ConfUtils.java:logGet(46)) - raft.server.log.force.sync.num = 128 (default)
2023-01-26 20:29:52,797 [pool-138-thread-1] INFO  server.RaftServerConfigKeys (ConfUtils.java:logGet(46)) - raft.server.log.statemachine.data.sync = true (default)
2023-01-26 20:29:52,797 [pool-138-thread-1] INFO  server.RaftServerConfigKeys (ConfUtils.java:logGet(46)) - raft.server.log.statemachine.data.sync.timeout = 10s (default)
2023-01-26 20:29:52,797 [pool-138-thread-1] INFO  server.RaftServerConfigKeys (ConfUtils.java:logGet(46)) - raft.server.log.statemachine.data.sync.timeout.retry = -1 (default)
2023-01-26 20:29:52,797 [EventQueue-OpenPipelineForHealthyPipelineSafeModeRule] INFO  safemode.SCMSafeModeManager (HealthyPipelineSafeModeRule.java:process(137)) - SCM in safe mode. Healthy pipelines reported count is 0, required healthy pipeline reported count is 1
2023-01-26 20:29:52,798 [pool-138-thread-1] INFO  server.RaftServerConfigKeys (ConfUtils.java:logGet(46)) - raft.server.log.write.buffer.size = 1048576 (custom)
2023-01-26 20:29:52,799 [pool-138-thread-1] INFO  server.RaftServerConfigKeys (ConfUtils.java:logGet(46)) - raft.server.log.appender.buffer.byte-limit = 33554432 (custom)
2023-01-26 20:29:52,804 [pool-138-thread-1] INFO  server.RaftServerConfigKeys (ConfUtils.java:logGet(46)) - raft.server.log.unsafe-flush.enabled = false (default)
2023-01-26 20:29:52,804 [pool-138-thread-1] INFO  server.RaftServerConfigKeys (ConfUtils.java:logGet(46)) - raft.server.log.async-flush.enabled = false (default)
2023-01-26 20:29:52,804 [pool-138-thread-1] INFO  server.RaftServerConfigKeys (ConfUtils.java:logGet(46)) - raft.server.log.statemachine.data.caching.enabled = true (custom)
2023-01-26 20:29:52,804 [pool-138-thread-1] INFO  segmented.SegmentedRaftLogWorker (SegmentedRaftLogWorker.java:lambda$new$0(135)) - b29357c9-7d45-4ae4-80d3-019e3f6bb8ef@group-7CE0E3F02AFB-SegmentedRaftLogWorker: flushIndex: setUnconditionally 0 -> -1
2023-01-26 20:29:52,804 [pool-138-thread-1] INFO  segmented.SegmentedRaftLogWorker (SegmentedRaftLogWorker.java:lambda$new$0(135)) - b29357c9-7d45-4ae4-80d3-019e3f6bb8ef@group-7CE0E3F02AFB-SegmentedRaftLogWorker: safeCacheEvictIndex: setUnconditionally 0 -> -1
2023-01-26 20:29:52,804 [pool-138-thread-1] INFO  server.RaftServer$Division (RaftServerImpl.java:start(334)) - b29357c9-7d45-4ae4-80d3-019e3f6bb8ef@group-7CE0E3F02AFB: start as a follower, conf=-1: peers:[b29357c9-7d45-4ae4-80d3-019e3f6bb8ef|rpc:10.1.0.15:45551|dataStream:10.1.0.15:45865|priority:1|startupRole:FOLLOWER]|listeners:[], old=null
2023-01-26 20:29:52,804 [pool-138-thread-1] INFO  server.RaftServer$Division (RaftServerImpl.java:setRole(321)) - b29357c9-7d45-4ae4-80d3-019e3f6bb8ef@group-7CE0E3F02AFB: changes role from      null to FOLLOWER at term 0 for startAsFollower
2023-01-26 20:29:52,805 [pool-138-thread-1] INFO  impl.RoleInfo (RoleInfo.java:updateAndGet(139)) - b29357c9-7d45-4ae4-80d3-019e3f6bb8ef: start b29357c9-7d45-4ae4-80d3-019e3f6bb8ef@group-7CE0E3F02AFB-FollowerState
2023-01-26 20:29:52,805 [pool-138-thread-1] INFO  util.JmxRegister (JmxRegister.java:tryRegister(44)) - Successfully registered JMX Bean with object name Ratis:service=RaftServer,group=group-7CE0E3F02AFB,id=b29357c9-7d45-4ae4-80d3-019e3f6bb8ef
2023-01-26 20:29:52,805 [pool-138-thread-1] INFO  server.RaftServerConfigKeys (ConfUtils.java:logGet(46)) - raft.server.snapshot.auto.trigger.enabled = true (custom)
2023-01-26 20:29:52,805 [pool-138-thread-1] INFO  server.RaftServerConfigKeys (ConfUtils.java:logGet(46)) - raft.server.snapshot.auto.trigger.threshold = 10000 (custom)
2023-01-26 20:29:52,805 [pool-138-thread-1] INFO  server.RaftServerConfigKeys (ConfUtils.java:logGet(46)) - raft.server.snapshot.retention.file.num = 5 (custom)
2023-01-26 20:29:52,805 [pool-138-thread-1] INFO  server.RaftServerConfigKeys (ConfUtils.java:logGet(46)) - raft.server.log.purge.upto.snapshot.index = false (default)
2023-01-26 20:29:52,806 [b29357c9-7d45-4ae4-80d3-019e3f6bb8ef@group-7CE0E3F02AFB-FollowerState] INFO  server.RaftServerConfigKeys (ConfUtils.java:logFallback(53)) - raft.server.rpc.first-election.timeout.min = 5s (fallback to raft.server.rpc.timeout.min)
2023-01-26 20:29:52,806 [b29357c9-7d45-4ae4-80d3-019e3f6bb8ef@group-7CE0E3F02AFB-FollowerState] INFO  server.RaftServerConfigKeys (ConfUtils.java:logFallback(53)) - raft.server.rpc.first-election.timeout.max = 5200ms (fallback to raft.server.rpc.timeout.max)
2023-01-26 20:29:52,806 [Command processor thread] INFO  ratis.XceiverServerRatis (XceiverServerRatis.java:addGroup(806)) - Created group PipelineID=de05051a-2b37-4acd-834b-7ce0e3f02afb
2023-01-26 20:29:52,806 [Command processor thread] INFO  commandhandler.CreatePipelineCommandHandler (CreatePipelineCommandHandler.java:handle(113)) - Created Pipeline RATIS ONE PipelineID=de05051a-2b37-4acd-834b-7ce0e3f02afb.
2023-01-26 20:29:53,102 [Command processor thread] INFO  server.RaftServer (RaftServerProxy.java:addNew(96)) - 5da6f0b0-ccdb-4a5d-9328-dd7db5de8beb: addNew group-2B6F2EE16A18:[5da6f0b0-ccdb-4a5d-9328-dd7db5de8beb|rpc:10.1.0.15:33881|dataStream:10.1.0.15:42829|priority:1|startupRole:FOLLOWER] returns group-2B6F2EE16A18:java.util.concurrent.CompletableFuture@141a23f5[Not completed]
2023-01-26 20:29:53,102 [Listener at 127.0.0.1/38181] INFO  ozone.MiniOzoneClusterImpl (MiniOzoneClusterImpl.java:lambda$waitForClusterToBeReady$0(218)) - Nodes are ready. Got 5 of 5 DN Heartbeats.
2023-01-26 20:29:53,105 [Listener at 127.0.0.1/38181] INFO  ozone.MiniOzoneClusterImpl (MiniOzoneClusterImpl.java:lambda$waitForClusterToBeReady$0(221)) - Waiting for cluster to exit safe mode
2023-01-26 20:29:53,105 [Listener at 127.0.0.1/38181] INFO  ozone.MiniOzoneClusterImpl (MiniOzoneClusterImpl.java:lambda$waitForClusterToBeReady$0(223)) - SCM became leader
2023-01-26 20:29:53,106 [pool-160-thread-1] INFO  server.RaftServer$Division (RaftServerImpl.java:<init>(195)) - 5da6f0b0-ccdb-4a5d-9328-dd7db5de8beb: new RaftServerImpl for group-2B6F2EE16A18:[5da6f0b0-ccdb-4a5d-9328-dd7db5de8beb|rpc:10.1.0.15:33881|dataStream:10.1.0.15:42829|priority:1|startupRole:FOLLOWER] with ContainerStateMachine:uninitialized
2023-01-26 20:29:53,106 [pool-160-thread-1] INFO  server.RaftServerConfigKeys (ConfUtils.java:logGet(46)) - raft.server.rpc.timeout.min = 5s (custom)
2023-01-26 20:29:53,106 [pool-160-thread-1] INFO  server.RaftServerConfigKeys (ConfUtils.java:logGet(46)) - raft.server.rpc.timeout.max = 5200ms (custom)
2023-01-26 20:29:53,106 [pool-160-thread-1] INFO  server.RaftServerConfigKeys (ConfUtils.java:logGet(46)) - raft.server.rpc.sleep.time = 25ms (default)
2023-01-26 20:29:53,106 [pool-160-thread-1] INFO  server.RaftServerConfigKeys (ConfUtils.java:logGet(46)) - raft.server.rpc.slowness.timeout = 300s (custom)
2023-01-26 20:29:53,106 [pool-160-thread-1] INFO  server.RaftServerConfigKeys (ConfUtils.java:logGet(46)) - raft.server.leaderelection.leader.step-down.wait-time = 10s (default)
2023-01-26 20:29:53,106 [pool-160-thread-1] INFO  server.RaftServerConfigKeys (ConfUtils.java:logGet(46)) - raft.server.sleep.deviation.threshold = 300ms (default)
2023-01-26 20:29:53,107 [pool-160-thread-1] INFO  server.RaftServer$Division (ServerState.java:<init>(118)) - 5da6f0b0-ccdb-4a5d-9328-dd7db5de8beb@group-2B6F2EE16A18: ConfigurationManager, init=-1: peers:[5da6f0b0-ccdb-4a5d-9328-dd7db5de8beb|rpc:10.1.0.15:33881|dataStream:10.1.0.15:42829|priority:1|startupRole:FOLLOWER]|listeners:[], old=null, confs=<EMPTY_MAP>
2023-01-26 20:29:53,107 [pool-160-thread-1] INFO  server.RaftServerConfigKeys (ConfUtils.java:logGet(46)) - raft.server.storage.dir = [/home/runner/work/ozone/ozone/hadoop-ozone/integration-test/target/test-dir/MiniOzoneClusterImpl-91732d81-4c55-4ff3-841d-5fdfde2aad74/datanode-4/data/ratis] (custom)
2023-01-26 20:29:53,107 [pool-160-thread-1] INFO  server.RaftServerConfigKeys (ConfUtils.java:logGet(46)) - raft.server.log.corruption.policy = EXCEPTION (default)
2023-01-26 20:29:53,107 [pool-160-thread-1] INFO  server.RaftServerConfigKeys (ConfUtils.java:logGet(46)) - raft.server.storage.free-space.min = 0MB (=0) (default)
2023-01-26 20:29:53,107 [pool-160-thread-1] INFO  server.RaftServerConfigKeys (ConfUtils.java:logGet(46)) - raft.server.notification.no-leader.timeout = 300s (custom)
2023-01-26 20:29:53,107 [pool-160-thread-1] INFO  server.RaftServerConfigKeys (ConfUtils.java:logGet(46)) - raft.server.retrycache.expirytime = 600000ms (custom)
2023-01-26 20:29:53,107 [pool-160-thread-1] INFO  server.RaftServerConfigKeys (ConfUtils.java:logGet(46)) - raft.server.retrycache.statistics.expirytime = 100μs (default)
2023-01-26 20:29:53,110 [pool-160-thread-1] INFO  server.RaftServerConfigKeys (ConfUtils.java:logGet(46)) - raft.server.log.appender.install.snapshot.enabled = false (custom)
2023-01-26 20:29:53,110 [pool-160-thread-1] INFO  server.RaftServerConfigKeys (ConfUtils.java:logGet(46)) - raft.server.threadpool.server.cached = true (default)
2023-01-26 20:29:53,110 [pool-160-thread-1] INFO  server.RaftServerConfigKeys (ConfUtils.java:logGet(46)) - raft.server.threadpool.server.size = 0 (default)
2023-01-26 20:29:53,110 [pool-160-thread-1] INFO  server.RaftServerConfigKeys (ConfUtils.java:logGet(46)) - raft.server.threadpool.client.cached = true (default)
2023-01-26 20:29:53,110 [pool-160-thread-1] INFO  server.RaftServerConfigKeys (ConfUtils.java:logGet(46)) - raft.server.threadpool.client.size = 0 (default)
2023-01-26 20:29:53,110 [pool-160-thread-1] INFO  storage.RaftStorageDirectory (RaftStorageDirectoryImpl.java:analyzeStorage(137)) - The storage directory /home/runner/work/ozone/ozone/hadoop-ozone/integration-test/target/test-dir/MiniOzoneClusterImpl-91732d81-4c55-4ff3-841d-5fdfde2aad74/datanode-4/data/ratis/9e63722e-1a29-4cf3-a876-2b6f2ee16a18 does not exist. Creating ...
2023-01-26 20:29:53,111 [pool-160-thread-1] INFO  storage.RaftStorageDirectory (RaftStorageDirectoryImpl.java:tryLock(231)) - Lock on /home/runner/work/ozone/ozone/hadoop-ozone/integration-test/target/test-dir/MiniOzoneClusterImpl-91732d81-4c55-4ff3-841d-5fdfde2aad74/datanode-4/data/ratis/9e63722e-1a29-4cf3-a876-2b6f2ee16a18/in_use.lock acquired by nodename 10488@fv-az462-54
2023-01-26 20:29:53,112 [pool-160-thread-1] INFO  storage.RaftStorage (RaftStorageImpl.java:format(96)) - Storage directory /home/runner/work/ozone/ozone/hadoop-ozone/integration-test/target/test-dir/MiniOzoneClusterImpl-91732d81-4c55-4ff3-841d-5fdfde2aad74/datanode-4/data/ratis/9e63722e-1a29-4cf3-a876-2b6f2ee16a18 has been successfully formatted.
2023-01-26 20:29:53,113 [pool-160-thread-1] INFO  ratis.ContainerStateMachine (ContainerStateMachine.java:loadSnapshot(240)) - group-2B6F2EE16A18: The snapshot info is null. Setting the last applied indexto:(t:0, i:~)
2023-01-26 20:29:53,113 [pool-160-thread-1] INFO  server.RaftServerConfigKeys (ConfUtils.java:logGet(46)) - raft.server.log.use.memory = false (default)
2023-01-26 20:29:53,114 [pool-160-thread-1] INFO  server.RaftServerConfigKeys (ConfUtils.java:logGet(46)) - raft.server.log.purge.gap = 1000000 (custom)
2023-01-26 20:29:53,114 [pool-160-thread-1] INFO  server.RaftServerConfigKeys (ConfUtils.java:logGet(46)) - raft.server.log.appender.buffer.byte-limit = 33554432 (custom)
2023-01-26 20:29:53,114 [pool-160-thread-1] INFO  server.RaftServerConfigKeys (ConfUtils.java:logGet(46)) - raft.server.log.statemachine.data.read.timeout = 1000ms (default)
2023-01-26 20:29:53,114 [pool-160-thread-1] INFO  server.RaftServerConfigKeys (ConfUtils.java:logGet(46)) - raft.server.log.purge.preservation.log.num = 0 (default)
2023-01-26 20:29:53,114 [pool-160-thread-1] INFO  server.RaftServerConfigKeys (ConfUtils.java:logGet(46)) - raft.server.log.segment.size.max = 1048576 (custom)
2023-01-26 20:29:53,114 [pool-160-thread-1] INFO  server.RaftServerConfigKeys (ConfUtils.java:logGet(46)) - raft.server.log.segment.cache.num.max = 2 (custom)
2023-01-26 20:29:53,115 [pool-160-thread-1] INFO  server.RaftServerConfigKeys (ConfUtils.java:logGet(46)) - raft.server.log.segment.cache.size.max = 200MB (=209715200) (default)
2023-01-26 20:29:53,115 [pool-160-thread-1] INFO  segmented.SegmentedRaftLogWorker (SegmentedRaftLogWorker.java:<init>(189)) - new 5da6f0b0-ccdb-4a5d-9328-dd7db5de8beb@group-2B6F2EE16A18-SegmentedRaftLogWorker for RaftStorageImpl:Storage Directory /home/runner/work/ozone/ozone/hadoop-ozone/integration-test/target/test-dir/MiniOzoneClusterImpl-91732d81-4c55-4ff3-841d-5fdfde2aad74/datanode-4/data/ratis/9e63722e-1a29-4cf3-a876-2b6f2ee16a18
2023-01-26 20:29:53,115 [pool-160-thread-1] INFO  server.RaftServerConfigKeys (ConfUtils.java:logGet(46)) - raft.server.log.queue.byte-limit = 4294967296 (custom)
2023-01-26 20:29:53,115 [pool-160-thread-1] INFO  server.RaftServerConfigKeys (ConfUtils.java:logGet(46)) - raft.server.log.queue.element-limit = 1024 (custom)
2023-01-26 20:29:53,115 [pool-160-thread-1] INFO  server.RaftServerConfigKeys (ConfUtils.java:logGet(46)) - raft.server.log.segment.size.max = 1048576 (custom)
2023-01-26 20:29:53,115 [pool-160-thread-1] INFO  server.RaftServerConfigKeys (ConfUtils.java:logGet(46)) - raft.server.log.preallocated.size = 16384 (custom)
2023-01-26 20:29:53,115 [pool-160-thread-1] INFO  server.RaftServerConfigKeys (ConfUtils.java:logGet(46)) - raft.server.log.force.sync.num = 128 (default)
2023-01-26 20:29:53,115 [pool-160-thread-1] INFO  server.RaftServerConfigKeys (ConfUtils.java:logGet(46)) - raft.server.log.statemachine.data.sync = true (default)
2023-01-26 20:29:53,115 [pool-160-thread-1] INFO  server.RaftServerConfigKeys (ConfUtils.java:logGet(46)) - raft.server.log.statemachine.data.sync.timeout = 10s (default)
2023-01-26 20:29:53,115 [pool-160-thread-1] INFO  server.RaftServerConfigKeys (ConfUtils.java:logGet(46)) - raft.server.log.statemachine.data.sync.timeout.retry = -1 (default)
2023-01-26 20:29:53,116 [pool-160-thread-1] INFO  server.RaftServerConfigKeys (ConfUtils.java:logGet(46)) - raft.server.log.write.buffer.size = 1048576 (custom)
2023-01-26 20:29:53,117 [pool-160-thread-1] INFO  server.RaftServerConfigKeys (ConfUtils.java:logGet(46)) - raft.server.log.appender.buffer.byte-limit = 33554432 (custom)
2023-01-26 20:29:53,118 [EventQueue-PipelineReportForPipelineReportHandler] INFO  pipeline.PipelineManagerImpl (PipelineManagerImpl.java:openPipeline(367)) - Pipeline Pipeline[ Id: 9e63722e-1a29-4cf3-a876-2b6f2ee16a18, Nodes: 5da6f0b0-ccdb-4a5d-9328-dd7db5de8beb(fv-az462-54.0zuljvm5d0yedf4jva4xayy4gc.gx.internal.cloudapp.net/10.1.0.15), ReplicationConfig: RATIS/ONE, State:ALLOCATED, leaderId:5da6f0b0-ccdb-4a5d-9328-dd7db5de8beb, CreationTimestamp2023-01-26T20:29:50.104Z[Etc/UTC]] moved to OPEN state
2023-01-26 20:29:53,118 [EventQueue-OpenPipelineForHealthyPipelineSafeModeRule] INFO  safemode.SCMSafeModeManager (HealthyPipelineSafeModeRule.java:process(137)) - SCM in safe mode. Healthy pipelines reported count is 0, required healthy pipeline reported count is 1
2023-01-26 20:29:53,126 [pool-160-thread-1] INFO  server.RaftServerConfigKeys (ConfUtils.java:logGet(46)) - raft.server.log.unsafe-flush.enabled = false (default)
2023-01-26 20:29:53,126 [pool-160-thread-1] INFO  server.RaftServerConfigKeys (ConfUtils.java:logGet(46)) - raft.server.log.async-flush.enabled = false (default)
2023-01-26 20:29:53,126 [pool-160-thread-1] INFO  server.RaftServerConfigKeys (ConfUtils.java:logGet(46)) - raft.server.log.statemachine.data.caching.enabled = true (custom)
2023-01-26 20:29:53,127 [pool-160-thread-1] INFO  segmented.SegmentedRaftLogWorker (SegmentedRaftLogWorker.java:lambda$new$0(135)) - 5da6f0b0-ccdb-4a5d-9328-dd7db5de8beb@group-2B6F2EE16A18-SegmentedRaftLogWorker: flushIndex: setUnconditionally 0 -> -1
2023-01-26 20:29:53,127 [pool-160-thread-1] INFO  segmented.SegmentedRaftLogWorker (SegmentedRaftLogWorker.java:lambda$new$0(135)) - 5da6f0b0-ccdb-4a5d-9328-dd7db5de8beb@group-2B6F2EE16A18-SegmentedRaftLogWorker: safeCacheEvictIndex: setUnconditionally 0 -> -1
2023-01-26 20:29:53,127 [pool-160-thread-1] INFO  server.RaftServer$Division (RaftServerImpl.java:start(334)) - 5da6f0b0-ccdb-4a5d-9328-dd7db5de8beb@group-2B6F2EE16A18: start as a follower, conf=-1: peers:[5da6f0b0-ccdb-4a5d-9328-dd7db5de8beb|rpc:10.1.0.15:33881|dataStream:10.1.0.15:42829|priority:1|startupRole:FOLLOWER]|listeners:[], old=null
2023-01-26 20:29:53,127 [pool-160-thread-1] INFO  server.RaftServer$Division (RaftServerImpl.java:setRole(321)) - 5da6f0b0-ccdb-4a5d-9328-dd7db5de8beb@group-2B6F2EE16A18: changes role from      null to FOLLOWER at term 0 for startAsFollower
2023-01-26 20:29:53,127 [pool-160-thread-1] INFO  impl.RoleInfo (RoleInfo.java:updateAndGet(139)) - 5da6f0b0-ccdb-4a5d-9328-dd7db5de8beb: start 5da6f0b0-ccdb-4a5d-9328-dd7db5de8beb@group-2B6F2EE16A18-FollowerState
2023-01-26 20:29:53,127 [5da6f0b0-ccdb-4a5d-9328-dd7db5de8beb@group-2B6F2EE16A18-FollowerState] INFO  server.RaftServerConfigKeys (ConfUtils.java:logFallback(53)) - raft.server.rpc.first-election.timeout.min = 5s (fallback to raft.server.rpc.timeout.min)
2023-01-26 20:29:53,127 [pool-160-thread-1] INFO  util.JmxRegister (JmxRegister.java:tryRegister(44)) - Successfully registered JMX Bean with object name Ratis:service=RaftServer,group=group-2B6F2EE16A18,id=5da6f0b0-ccdb-4a5d-9328-dd7db5de8beb
2023-01-26 20:29:53,127 [5da6f0b0-ccdb-4a5d-9328-dd7db5de8beb@group-2B6F2EE16A18-FollowerState] INFO  server.RaftServerConfigKeys (ConfUtils.java:logFallback(53)) - raft.server.rpc.first-election.timeout.max = 5200ms (fallback to raft.server.rpc.timeout.max)
2023-01-26 20:29:53,128 [pool-160-thread-1] INFO  server.RaftServerConfigKeys (ConfUtils.java:logGet(46)) - raft.server.snapshot.auto.trigger.enabled = true (custom)
2023-01-26 20:29:53,128 [pool-160-thread-1] INFO  server.RaftServerConfigKeys (ConfUtils.java:logGet(46)) - raft.server.snapshot.auto.trigger.threshold = 10000 (custom)
2023-01-26 20:29:53,128 [pool-160-thread-1] INFO  server.RaftServerConfigKeys (ConfUtils.java:logGet(46)) - raft.server.snapshot.retention.file.num = 5 (custom)
2023-01-26 20:29:53,128 [pool-160-thread-1] INFO  server.RaftServerConfigKeys (ConfUtils.java:logGet(46)) - raft.server.log.purge.upto.snapshot.index = false (default)
2023-01-26 20:29:53,128 [Command processor thread] INFO  ratis.XceiverServerRatis (XceiverServerRatis.java:addGroup(806)) - Created group PipelineID=9e63722e-1a29-4cf3-a876-2b6f2ee16a18
2023-01-26 20:29:53,129 [Command processor thread] INFO  commandhandler.CreatePipelineCommandHandler (CreatePipelineCommandHandler.java:handle(113)) - Created Pipeline RATIS ONE PipelineID=9e63722e-1a29-4cf3-a876-2b6f2ee16a18.
2023-01-26 20:29:54,105 [Listener at 127.0.0.1/38181] INFO  ozone.MiniOzoneClusterImpl (MiniOzoneClusterImpl.java:lambda$waitForClusterToBeReady$0(218)) - Nodes are ready. Got 5 of 5 DN Heartbeats.
2023-01-26 20:29:54,105 [Listener at 127.0.0.1/38181] INFO  ozone.MiniOzoneClusterImpl (MiniOzoneClusterImpl.java:lambda$waitForClusterToBeReady$0(221)) - Waiting for cluster to exit safe mode
2023-01-26 20:29:54,106 [Listener at 127.0.0.1/38181] INFO  ozone.MiniOzoneClusterImpl (MiniOzoneClusterImpl.java:lambda$waitForClusterToBeReady$0(223)) - SCM became leader
2023-01-26 20:29:55,106 [Listener at 127.0.0.1/38181] INFO  ozone.MiniOzoneClusterImpl (MiniOzoneClusterImpl.java:lambda$waitForClusterToBeReady$0(218)) - Nodes are ready. Got 5 of 5 DN Heartbeats.
2023-01-26 20:29:55,106 [Listener at 127.0.0.1/38181] INFO  ozone.MiniOzoneClusterImpl (MiniOzoneClusterImpl.java:lambda$waitForClusterToBeReady$0(221)) - Waiting for cluster to exit safe mode
2023-01-26 20:29:55,106 [Listener at 127.0.0.1/38181] INFO  ozone.MiniOzoneClusterImpl (MiniOzoneClusterImpl.java:lambda$waitForClusterToBeReady$0(223)) - SCM became leader
2023-01-26 20:29:56,106 [Listener at 127.0.0.1/38181] INFO  ozone.MiniOzoneClusterImpl (MiniOzoneClusterImpl.java:lambda$waitForClusterToBeReady$0(218)) - Nodes are ready. Got 5 of 5 DN Heartbeats.
2023-01-26 20:29:56,107 [Listener at 127.0.0.1/38181] INFO  ozone.MiniOzoneClusterImpl (MiniOzoneClusterImpl.java:lambda$waitForClusterToBeReady$0(221)) - Waiting for cluster to exit safe mode
2023-01-26 20:29:56,107 [Listener at 127.0.0.1/38181] INFO  ozone.MiniOzoneClusterImpl (MiniOzoneClusterImpl.java:lambda$waitForClusterToBeReady$0(223)) - SCM became leader
2023-01-26 20:29:56,625 [7bf5aaad-ce4d-4dcc-9fd5-6307881c1b43@group-DB628AD3D204-FollowerState] INFO  impl.FollowerState (FollowerState.java:run(143)) - 7bf5aaad-ce4d-4dcc-9fd5-6307881c1b43@group-DB628AD3D204-FollowerState: change to CANDIDATE, lastRpcElapsedTime:5031851418ns, electionTimeout:5028ms
2023-01-26 20:29:56,626 [7bf5aaad-ce4d-4dcc-9fd5-6307881c1b43@group-DB628AD3D204-FollowerState] INFO  impl.RoleInfo (RoleInfo.java:shutdownFollowerState(110)) - 7bf5aaad-ce4d-4dcc-9fd5-6307881c1b43: shutdown 7bf5aaad-ce4d-4dcc-9fd5-6307881c1b43@group-DB628AD3D204-FollowerState
2023-01-26 20:29:56,626 [7bf5aaad-ce4d-4dcc-9fd5-6307881c1b43@group-DB628AD3D204-FollowerState] INFO  server.RaftServer$Division (RaftServerImpl.java:setRole(321)) - 7bf5aaad-ce4d-4dcc-9fd5-6307881c1b43@group-DB628AD3D204: changes role from  FOLLOWER to CANDIDATE at term 0 for changeToCandidate
2023-01-26 20:29:56,626 [7bf5aaad-ce4d-4dcc-9fd5-6307881c1b43@group-DB628AD3D204-FollowerState] INFO  server.RaftServerConfigKeys (ConfUtils.java:logGet(46)) - raft.server.leaderelection.pre-vote = false (custom)
2023-01-26 20:29:56,626 [7bf5aaad-ce4d-4dcc-9fd5-6307881c1b43@group-DB628AD3D204-FollowerState] INFO  impl.RoleInfo (RoleInfo.java:updateAndGet(139)) - 7bf5aaad-ce4d-4dcc-9fd5-6307881c1b43: start 7bf5aaad-ce4d-4dcc-9fd5-6307881c1b43@group-DB628AD3D204-LeaderElection2
2023-01-26 20:29:56,629 [7bf5aaad-ce4d-4dcc-9fd5-6307881c1b43@group-DB628AD3D204-LeaderElection2] INFO  impl.LeaderElection (LeaderElection.java:askForVotes(312)) - 7bf5aaad-ce4d-4dcc-9fd5-6307881c1b43@group-DB628AD3D204-LeaderElection2 ELECTION round 0: submit vote requests at term 1 for -1: peers:[5982ba88-a0d3-4bb4-b961-874e4813aacd|rpc:10.1.0.15:35121|dataStream:10.1.0.15:36617|priority:0|startupRole:FOLLOWER, 7bf5aaad-ce4d-4dcc-9fd5-6307881c1b43|rpc:10.1.0.15:41477|dataStream:10.1.0.15:41069|priority:1|startupRole:FOLLOWER, 1568f87f-b911-477a-a667-1c441b63e4c2|rpc:10.1.0.15:44955|dataStream:10.1.0.15:41383|priority:0|startupRole:FOLLOWER]|listeners:[], old=null
2023-01-26 20:29:56,635 [7bf5aaad-ce4d-4dcc-9fd5-6307881c1b43@group-DB628AD3D204-LeaderElection2] INFO  server.RaftServerConfigKeys (ConfUtils.java:logFallback(53)) - raft.server.rpc.first-election.timeout.min = 5s (fallback to raft.server.rpc.timeout.min)
2023-01-26 20:29:56,636 [7bf5aaad-ce4d-4dcc-9fd5-6307881c1b43@group-DB628AD3D204-LeaderElection2] INFO  server.RaftServerConfigKeys (ConfUtils.java:logFallback(53)) - raft.server.rpc.first-election.timeout.max = 5200ms (fallback to raft.server.rpc.timeout.max)
2023-01-26 20:29:56,637 [7bf5aaad-ce4d-4dcc-9fd5-6307881c1b43@group-DB628AD3D204-LeaderElection2-1] INFO  server.GrpcServerProtocolClient (GrpcServerProtocolClient.java:<init>(63)) - Build channel for 5982ba88-a0d3-4bb4-b961-874e4813aacd
2023-01-26 20:29:56,637 [7bf5aaad-ce4d-4dcc-9fd5-6307881c1b43@group-DB628AD3D204-LeaderElection2-2] INFO  server.GrpcServerProtocolClient (GrpcServerProtocolClient.java:<init>(63)) - Build channel for 1568f87f-b911-477a-a667-1c441b63e4c2
2023-01-26 20:29:56,653 [grpc-default-executor-1] INFO  server.RaftServer$Division (RaftServerImpl.java:requestVote(1218)) - 5982ba88-a0d3-4bb4-b961-874e4813aacd@group-DB628AD3D204: receive requestVote(ELECTION, 7bf5aaad-ce4d-4dcc-9fd5-6307881c1b43, group-DB628AD3D204, 1, (t:0, i:0))
2023-01-26 20:29:56,655 [grpc-default-executor-1] INFO  impl.VoteContext (VoteContext.java:log(49)) - 5982ba88-a0d3-4bb4-b961-874e4813aacd@group-DB628AD3D204-FOLLOWER: accept ELECTION from 7bf5aaad-ce4d-4dcc-9fd5-6307881c1b43: our priority 0 <= candidate's priority 1
2023-01-26 20:29:56,656 [grpc-default-executor-1] INFO  server.RaftServer$Division (RaftServerImpl.java:setRole(321)) - 5982ba88-a0d3-4bb4-b961-874e4813aacd@group-DB628AD3D204: changes role from  FOLLOWER to FOLLOWER at term 1 for candidate:7bf5aaad-ce4d-4dcc-9fd5-6307881c1b43
2023-01-26 20:29:56,656 [grpc-default-executor-1] INFO  impl.RoleInfo (RoleInfo.java:shutdownFollowerState(110)) - 5982ba88-a0d3-4bb4-b961-874e4813aacd: shutdown 5982ba88-a0d3-4bb4-b961-874e4813aacd@group-DB628AD3D204-FollowerState
2023-01-26 20:29:56,656 [grpc-default-executor-1] INFO  impl.RoleInfo (RoleInfo.java:updateAndGet(139)) - 5982ba88-a0d3-4bb4-b961-874e4813aacd: start 5982ba88-a0d3-4bb4-b961-874e4813aacd@group-DB628AD3D204-FollowerState
2023-01-26 20:29:56,656 [5982ba88-a0d3-4bb4-b961-874e4813aacd@group-DB628AD3D204-FollowerState] INFO  server.RaftServerConfigKeys (ConfUtils.java:logFallback(53)) - raft.server.rpc.first-election.timeout.min = 5s (fallback to raft.server.rpc.timeout.min)
2023-01-26 20:29:56,656 [5982ba88-a0d3-4bb4-b961-874e4813aacd@group-DB628AD3D204-FollowerState] INFO  server.RaftServerConfigKeys (ConfUtils.java:logFallback(53)) - raft.server.rpc.first-election.timeout.max = 5200ms (fallback to raft.server.rpc.timeout.max)
2023-01-26 20:29:56,656 [5982ba88-a0d3-4bb4-b961-874e4813aacd@group-DB628AD3D204-FollowerState] INFO  impl.FollowerState (FollowerState.java:run(152)) - 5982ba88-a0d3-4bb4-b961-874e4813aacd@group-DB628AD3D204-FollowerState was interrupted
2023-01-26 20:29:56,665 [grpc-default-executor-1] INFO  server.RaftServer$Division (RaftServerImpl.java:requestVote(1251)) - 5982ba88-a0d3-4bb4-b961-874e4813aacd@group-DB628AD3D204 replies to ELECTION vote request: 7bf5aaad-ce4d-4dcc-9fd5-6307881c1b43<-5982ba88-a0d3-4bb4-b961-874e4813aacd#0:OK-t1. Peer's state: 5982ba88-a0d3-4bb4-b961-874e4813aacd@group-DB628AD3D204:t1, leader=null, voted=7bf5aaad-ce4d-4dcc-9fd5-6307881c1b43, raftlog=Memoized:5982ba88-a0d3-4bb4-b961-874e4813aacd@group-DB628AD3D204-SegmentedRaftLog:OPENED:c-1, conf=-1: peers:[5982ba88-a0d3-4bb4-b961-874e4813aacd|rpc:10.1.0.15:35121|dataStream:10.1.0.15:36617|priority:0|startupRole:FOLLOWER, 7bf5aaad-ce4d-4dcc-9fd5-6307881c1b43|rpc:10.1.0.15:41477|dataStream:10.1.0.15:41069|priority:1|startupRole:FOLLOWER, 1568f87f-b911-477a-a667-1c441b63e4c2|rpc:10.1.0.15:44955|dataStream:10.1.0.15:41383|priority:0|startupRole:FOLLOWER]|listeners:[], old=null
2023-01-26 20:29:56,666 [grpc-default-executor-0] INFO  server.RaftServer$Division (RaftServerImpl.java:requestVote(1218)) - 1568f87f-b911-477a-a667-1c441b63e4c2@group-DB628AD3D204: receive requestVote(ELECTION, 7bf5aaad-ce4d-4dcc-9fd5-6307881c1b43, group-DB628AD3D204, 1, (t:0, i:0))
2023-01-26 20:29:56,666 [grpc-default-executor-0] INFO  impl.VoteContext (VoteContext.java:log(49)) - 1568f87f-b911-477a-a667-1c441b63e4c2@group-DB628AD3D204-FOLLOWER: accept ELECTION from 7bf5aaad-ce4d-4dcc-9fd5-6307881c1b43: our priority 0 <= candidate's priority 1
2023-01-26 20:29:56,667 [grpc-default-executor-0] INFO  server.RaftServer$Division (RaftServerImpl.java:setRole(321)) - 1568f87f-b911-477a-a667-1c441b63e4c2@group-DB628AD3D204: changes role from  FOLLOWER to FOLLOWER at term 1 for candidate:7bf5aaad-ce4d-4dcc-9fd5-6307881c1b43
2023-01-26 20:29:56,667 [grpc-default-executor-0] INFO  impl.RoleInfo (RoleInfo.java:shutdownFollowerState(110)) - 1568f87f-b911-477a-a667-1c441b63e4c2: shutdown 1568f87f-b911-477a-a667-1c441b63e4c2@group-DB628AD3D204-FollowerState
2023-01-26 20:29:56,667 [grpc-default-executor-0] INFO  impl.RoleInfo (RoleInfo.java:updateAndGet(139)) - 1568f87f-b911-477a-a667-1c441b63e4c2: start 1568f87f-b911-477a-a667-1c441b63e4c2@group-DB628AD3D204-FollowerState
2023-01-26 20:29:56,667 [1568f87f-b911-477a-a667-1c441b63e4c2@group-DB628AD3D204-FollowerState] INFO  impl.FollowerState (FollowerState.java:run(152)) - 1568f87f-b911-477a-a667-1c441b63e4c2@group-DB628AD3D204-FollowerState was interrupted
2023-01-26 20:29:56,668 [grpc-default-executor-0] INFO  server.RaftServer$Division (RaftServerImpl.java:requestVote(1251)) - 1568f87f-b911-477a-a667-1c441b63e4c2@group-DB628AD3D204 replies to ELECTION vote request: 7bf5aaad-ce4d-4dcc-9fd5-6307881c1b43<-1568f87f-b911-477a-a667-1c441b63e4c2#0:OK-t1. Peer's state: 1568f87f-b911-477a-a667-1c441b63e4c2@group-DB628AD3D204:t1, leader=null, voted=7bf5aaad-ce4d-4dcc-9fd5-6307881c1b43, raftlog=Memoized:1568f87f-b911-477a-a667-1c441b63e4c2@group-DB628AD3D204-SegmentedRaftLog:OPENED:c-1, conf=-1: peers:[5982ba88-a0d3-4bb4-b961-874e4813aacd|rpc:10.1.0.15:35121|dataStream:10.1.0.15:36617|priority:0|startupRole:FOLLOWER, 7bf5aaad-ce4d-4dcc-9fd5-6307881c1b43|rpc:10.1.0.15:41477|dataStream:10.1.0.15:41069|priority:1|startupRole:FOLLOWER, 1568f87f-b911-477a-a667-1c441b63e4c2|rpc:10.1.0.15:44955|dataStream:10.1.0.15:41383|priority:0|startupRole:FOLLOWER]|listeners:[], old=null
2023-01-26 20:29:56,667 [1568f87f-b911-477a-a667-1c441b63e4c2@group-DB628AD3D204-FollowerState] INFO  server.RaftServerConfigKeys (ConfUtils.java:logFallback(53)) - raft.server.rpc.first-election.timeout.min = 5s (fallback to raft.server.rpc.timeout.min)
2023-01-26 20:29:56,670 [7bf5aaad-ce4d-4dcc-9fd5-6307881c1b43@group-DB628AD3D204-LeaderElection2] INFO  impl.LeaderElection (LeaderElection.java:logAndReturn(90)) - 7bf5aaad-ce4d-4dcc-9fd5-6307881c1b43@group-DB628AD3D204-LeaderElection2: ELECTION PASSED received 1 response(s) and 0 exception(s):
2023-01-26 20:29:56,671 [7bf5aaad-ce4d-4dcc-9fd5-6307881c1b43@group-DB628AD3D204-LeaderElection2] INFO  impl.LeaderElection (LeaderElection.java:logAndReturn(94)) -   Response 0: 7bf5aaad-ce4d-4dcc-9fd5-6307881c1b43<-5982ba88-a0d3-4bb4-b961-874e4813aacd#0:OK-t1
2023-01-26 20:29:56,671 [1568f87f-b911-477a-a667-1c441b63e4c2@group-DB628AD3D204-FollowerState] INFO  server.RaftServerConfigKeys (ConfUtils.java:logFallback(53)) - raft.server.rpc.first-election.timeout.max = 5200ms (fallback to raft.server.rpc.timeout.max)
2023-01-26 20:29:56,672 [7bf5aaad-ce4d-4dcc-9fd5-6307881c1b43@group-DB628AD3D204-LeaderElection2] INFO  impl.LeaderElection (LeaderElection.java:askForVotes(314)) - 7bf5aaad-ce4d-4dcc-9fd5-6307881c1b43@group-DB628AD3D204-LeaderElection2 ELECTION round 0: result PASSED
2023-01-26 20:29:56,675 [7bf5aaad-ce4d-4dcc-9fd5-6307881c1b43@group-DB628AD3D204-LeaderElection2] INFO  impl.RoleInfo (RoleInfo.java:shutdownLeaderElection(130)) - 7bf5aaad-ce4d-4dcc-9fd5-6307881c1b43: shutdown 7bf5aaad-ce4d-4dcc-9fd5-6307881c1b43@group-DB628AD3D204-LeaderElection2
2023-01-26 20:29:56,675 [7bf5aaad-ce4d-4dcc-9fd5-6307881c1b43@group-DB628AD3D204-LeaderElection2] INFO  server.RaftServer$Division (RaftServerImpl.java:setRole(321)) - 7bf5aaad-ce4d-4dcc-9fd5-6307881c1b43@group-DB628AD3D204: changes role from CANDIDATE to LEADER at term 1 for changeToLeader
2023-01-26 20:29:56,675 [7bf5aaad-ce4d-4dcc-9fd5-6307881c1b43@group-DB628AD3D204-LeaderElection2] INFO  ratis.XceiverServerRatis (XceiverServerRatis.java:handleLeaderChangedNotification(904)) - Leader change notification received for group: group-DB628AD3D204 with new leaderId: 7bf5aaad-ce4d-4dcc-9fd5-6307881c1b43
2023-01-26 20:29:56,675 [7bf5aaad-ce4d-4dcc-9fd5-6307881c1b43@group-DB628AD3D204-LeaderElection2] INFO  server.RaftServer$Division (ServerState.java:setLeader(313)) - 7bf5aaad-ce4d-4dcc-9fd5-6307881c1b43@group-DB628AD3D204: change Leader from null to 7bf5aaad-ce4d-4dcc-9fd5-6307881c1b43 at term 1 for becomeLeader, leader elected after 5101ms
2023-01-26 20:29:56,675 [7bf5aaad-ce4d-4dcc-9fd5-6307881c1b43@group-DB628AD3D204-LeaderElection2] INFO  server.RaftServerConfigKeys (ConfUtils.java:logGet(46)) - raft.server.staging.catchup.gap = 1000 (default)
2023-01-26 20:29:56,676 [7bf5aaad-ce4d-4dcc-9fd5-6307881c1b43@group-DB628AD3D204-LeaderElection2] INFO  server.RaftServerConfigKeys (ConfUtils.java:logGet(46)) - raft.server.write.element-limit = 1024 (custom)
2023-01-26 20:29:56,676 [7bf5aaad-ce4d-4dcc-9fd5-6307881c1b43@group-DB628AD3D204-LeaderElection2] INFO  server.RaftServerConfigKeys (ConfUtils.java:logGet(46)) - raft.server.write.byte-limit = 1024 M (=1073741824) (custom)
2023-01-26 20:29:56,676 [7bf5aaad-ce4d-4dcc-9fd5-6307881c1b43@group-DB628AD3D204-LeaderElection2] INFO  server.RaftServerConfigKeys (ConfUtils.java:logGet(46)) - raft.server.watch.timeout = 180s (custom)
2023-01-26 20:29:56,676 [7bf5aaad-ce4d-4dcc-9fd5-6307881c1b43@group-DB628AD3D204-LeaderElection2] INFO  server.RaftServerConfigKeys (ConfUtils.java:logGet(46)) - raft.server.watch.timeout.denomination = 1s (default)
2023-01-26 20:29:56,676 [7bf5aaad-ce4d-4dcc-9fd5-6307881c1b43@group-DB628AD3D204-LeaderElection2] INFO  server.RaftServerConfigKeys (ConfUtils.java:logGet(46)) - raft.server.watch.element-limit = 65536 (default)
2023-01-26 20:29:56,676 [7bf5aaad-ce4d-4dcc-9fd5-6307881c1b43@group-DB628AD3D204-LeaderElection2] INFO  server.RaftServerConfigKeys (ConfUtils.java:logGet(46)) - raft.server.write.element-limit = 1024 (custom)
2023-01-26 20:29:56,676 [7bf5aaad-ce4d-4dcc-9fd5-6307881c1b43@group-DB628AD3D204-LeaderElection2] INFO  server.RaftServerConfigKeys (ConfUtils.java:logGet(46)) - raft.server.write.follower.gap.ratio.max = -1.0 (default)
2023-01-26 20:29:56,680 [EventQueue-OpenPipelineForHealthyPipelineSafeModeRule] INFO  safemode.SCMSafeModeManager (HealthyPipelineSafeModeRule.java:process(137)) - SCM in safe mode. Healthy pipelines reported count is 0, required healthy pipeline reported count is 1
2023-01-26 20:29:56,680 [EventQueue-PipelineReportForPipelineReportHandler] INFO  pipeline.PipelineManagerImpl (PipelineManagerImpl.java:openPipeline(367)) - Pipeline Pipeline[ Id: 4fd980bb-761d-409a-aded-db628ad3d204, Nodes: 5982ba88-a0d3-4bb4-b961-874e4813aacd(fv-az462-54.0zuljvm5d0yedf4jva4xayy4gc.gx.internal.cloudapp.net/10.1.0.15)7bf5aaad-ce4d-4dcc-9fd5-6307881c1b43(fv-az462-54.0zuljvm5d0yedf4jva4xayy4gc.gx.internal.cloudapp.net/10.1.0.15)1568f87f-b911-477a-a667-1c441b63e4c2(fv-az462-54.0zuljvm5d0yedf4jva4xayy4gc.gx.internal.cloudapp.net/10.1.0.15), ReplicationConfig: RATIS/THREE, State:ALLOCATED, leaderId:7bf5aaad-ce4d-4dcc-9fd5-6307881c1b43, CreationTimestamp2023-01-26T20:29:49.447Z[Etc/UTC]] moved to OPEN state
2023-01-26 20:29:56,681 [EventQueue-OpenPipelineForHealthyPipelineSafeModeRule] INFO  safemode.SCMSafeModeManager (HealthyPipelineSafeModeRule.java:process(137)) - SCM in safe mode. Healthy pipelines reported count is 1, required healthy pipeline reported count is 1
2023-01-26 20:29:56,681 [EventQueue-OpenPipelineForHealthyPipelineSafeModeRule] INFO  safemode.SCMSafeModeManager (SCMSafeModeManager.java:validateSafeModeExitRules(200)) - HealthyPipelineSafeModeRule rule is successfully validated
2023-01-26 20:29:56,681 [EventQueue-OpenPipelineForHealthyPipelineSafeModeRule] INFO  safemode.SCMSafeModeManager (SCMSafeModeManager.java:validateSafeModeExitRules(215)) - ScmSafeModeManager, all rules are successfully validated
2023-01-26 20:29:56,681 [EventQueue-OpenPipelineForHealthyPipelineSafeModeRule] INFO  safemode.SCMSafeModeManager (SCMSafeModeManager.java:exitSafeMode(244)) - SCM exiting safe mode.
2023-01-26 20:29:56,681 [EventQueue-OpenPipelineForHealthyPipelineSafeModeRule] INFO  ha.SCMContext (SCMContext.java:updateSafeModeStatus(228)) - Update SafeModeStatus from SafeModeStatus{safeModeStatus=true, preCheckPassed=true} to SafeModeStatus{safeModeStatus=false, preCheckPassed=true}.
2023-01-26 20:29:56,681 [EventQueue-OpenPipelineForHealthyPipelineSafeModeRule] INFO  pipeline.BackgroundPipelineCreator (BackgroundPipelineCreator.java:notifyStatusChanged(254)) - Service BackgroundPipelineCreator transitions to RUNNING.
2023-01-26 20:29:56,682 [EventQueue-OpenPipelineForHealthyPipelineSafeModeRule] INFO  BackgroundPipelineScrubber (BackgroundSCMService.java:notifyStatusChanged(82)) - Service BackgroundPipelineScrubber transitions to RUNNING.
2023-01-26 20:29:56,682 [EventQueue-OpenPipelineForHealthyPipelineSafeModeRule] INFO  ExpiredContainerReplicaOpScrubber (BackgroundSCMService.java:notifyStatusChanged(82)) - Service ExpiredContainerReplicaOpScrubber transitions to RUNNING.
2023-01-26 20:29:56,682 [EventQueue-OpenPipelineForHealthyPipelineSafeModeRule] INFO  replication.ReplicationManager (ReplicationManager.java:notifyStatusChanged(937)) - Service ReplicationManager transitions to RUNNING.
2023-01-26 20:29:56,688 [EventQueue-OpenPipelineForHealthyPipelineSafeModeRule] WARN  balancer.ContainerBalancer (ContainerBalancer.java:shouldRun(131)) - Could not find persisted configuration for ContainerBalancer when checking if ContainerBalancer should run. ContainerBalancer should not run now.
2023-01-26 20:29:56,691 [7bf5aaad-ce4d-4dcc-9fd5-6307881c1b43@group-DB628AD3D204-LeaderElection2] INFO  server.RaftServerConfigKeys (ConfUtils.java:logGet(46)) - raft.server.log.appender.snapshot.chunk.size.max = 16MB (=16777216) (default)
2023-01-26 20:29:56,692 [7bf5aaad-ce4d-4dcc-9fd5-6307881c1b43@group-DB628AD3D204-LeaderElection2] INFO  server.RaftServerConfigKeys (ConfUtils.java:logGet(46)) - raft.server.log.appender.buffer.byte-limit = 33554432 (custom)
2023-01-26 20:29:56,692 [7bf5aaad-ce4d-4dcc-9fd5-6307881c1b43@group-DB628AD3D204-LeaderElection2] INFO  server.RaftServerConfigKeys (ConfUtils.java:logGet(46)) - raft.server.log.appender.buffer.element-limit = 1 (custom)
2023-01-26 20:29:56,695 [7bf5aaad-ce4d-4dcc-9fd5-6307881c1b43@group-DB628AD3D204-LeaderElection2] INFO  grpc.GrpcConfigKeys (ConfUtils.java:logGet(46)) - raft.grpc.server.leader.outstanding.appends.max = 128 (default)
2023-01-26 20:29:56,695 [7bf5aaad-ce4d-4dcc-9fd5-6307881c1b43@group-DB628AD3D204-LeaderElection2] INFO  server.RaftServerConfigKeys (ConfUtils.java:logGet(46)) - raft.server.rpc.request.timeout = 60s (custom)
2023-01-26 20:29:56,695 [7bf5aaad-ce4d-4dcc-9fd5-6307881c1b43@group-DB628AD3D204-LeaderElection2] INFO  server.RaftServerConfigKeys (ConfUtils.java:logGet(46)) - raft.server.log.appender.install.snapshot.enabled = false (custom)
2023-01-26 20:29:56,695 [7bf5aaad-ce4d-4dcc-9fd5-6307881c1b43@group-DB628AD3D204-LeaderElection2] INFO  grpc.GrpcConfigKeys (ConfUtils.java:logGet(46)) - raft.grpc.server.heartbeat.channel = true (default)
2023-01-26 20:29:56,695 [7bf5aaad-ce4d-4dcc-9fd5-6307881c1b43@group-DB628AD3D204-LeaderElection2] INFO  server.RaftServerConfigKeys (ConfUtils.java:logGet(46)) - raft.server.log.appender.wait-time.min = 10ms (default)
2023-01-26 20:29:56,697 [7bf5aaad-ce4d-4dcc-9fd5-6307881c1b43@group-DB628AD3D204-LeaderElection2] INFO  server.RaftServerConfigKeys (ConfUtils.java:logGet(46)) - raft.server.log.appender.snapshot.chunk.size.max = 16MB (=16777216) (default)
2023-01-26 20:29:56,697 [7bf5aaad-ce4d-4dcc-9fd5-6307881c1b43@group-DB628AD3D204-LeaderElection2] INFO  server.RaftServerConfigKeys (ConfUtils.java:logGet(46)) - raft.server.log.appender.buffer.byte-limit = 33554432 (custom)
2023-01-26 20:29:56,697 [7bf5aaad-ce4d-4dcc-9fd5-6307881c1b43@group-DB628AD3D204-LeaderElection2] INFO  server.RaftServerConfigKeys (ConfUtils.java:logGet(46)) - raft.server.log.appender.buffer.element-limit = 1 (custom)
2023-01-26 20:29:56,697 [7bf5aaad-ce4d-4dcc-9fd5-6307881c1b43@group-DB628AD3D204-LeaderElection2] INFO  grpc.GrpcConfigKeys (ConfUtils.java:logGet(46)) - raft.grpc.server.leader.outstanding.appends.max = 128 (default)
2023-01-26 20:29:56,697 [7bf5aaad-ce4d-4dcc-9fd5-6307881c1b43@group-DB628AD3D204-LeaderElection2] INFO  server.RaftServerConfigKeys (ConfUtils.java:logGet(46)) - raft.server.rpc.request.timeout = 60s (custom)
2023-01-26 20:29:56,697 [7bf5aaad-ce4d-4dcc-9fd5-6307881c1b43@group-DB628AD3D204-LeaderElection2] INFO  server.RaftServerConfigKeys (ConfUtils.java:logGet(46)) - raft.server.log.appender.install.snapshot.enabled = false (custom)
2023-01-26 20:29:56,697 [7bf5aaad-ce4d-4dcc-9fd5-6307881c1b43@group-DB628AD3D204-LeaderElection2] INFO  grpc.GrpcConfigKeys (ConfUtils.java:logGet(46)) - raft.grpc.server.heartbeat.channel = true (default)
2023-01-26 20:29:56,698 [7bf5aaad-ce4d-4dcc-9fd5-6307881c1b43@group-DB628AD3D204-LeaderElection2] INFO  server.RaftServerConfigKeys (ConfUtils.java:logGet(46)) - raft.server.log.appender.wait-time.min = 10ms (default)
2023-01-26 20:29:56,698 [7bf5aaad-ce4d-4dcc-9fd5-6307881c1b43@group-DB628AD3D204-LeaderElection2] INFO  impl.RoleInfo (RoleInfo.java:updateAndGet(139)) - 7bf5aaad-ce4d-4dcc-9fd5-6307881c1b43: start 7bf5aaad-ce4d-4dcc-9fd5-6307881c1b43@group-DB628AD3D204-LeaderStateImpl
2023-01-26 20:29:56,699 [7bf5aaad-ce4d-4dcc-9fd5-6307881c1b43@group-DB628AD3D204-LeaderElection2] INFO  segmented.SegmentedRaftLogWorker (SegmentedRaftLogWorker.java:startLogSegment(452)) - 7bf5aaad-ce4d-4dcc-9fd5-6307881c1b43@group-DB628AD3D204-SegmentedRaftLogWorker: Starting segment from index:0
2023-01-26 20:29:56,700 [7bf5aaad-ce4d-4dcc-9fd5-6307881c1b43@group-DB628AD3D204-SegmentedRaftLogWorker] INFO  segmented.SegmentedRaftLogWorker (SegmentedRaftLogWorker.java:execute(656)) - 7bf5aaad-ce4d-4dcc-9fd5-6307881c1b43@group-DB628AD3D204-SegmentedRaftLogWorker: created new log segment /home/runner/work/ozone/ozone/hadoop-ozone/integration-test/target/test-dir/MiniOzoneClusterImpl-91732d81-4c55-4ff3-841d-5fdfde2aad74/datanode-0/data/ratis/4fd980bb-761d-409a-aded-db628ad3d204/current/log_inprogress_0
2023-01-26 20:29:56,713 [7bf5aaad-ce4d-4dcc-9fd5-6307881c1b43@group-DB628AD3D204-LeaderElection2] INFO  server.RaftServer$Division (ServerState.java:setRaftConf(430)) - 7bf5aaad-ce4d-4dcc-9fd5-6307881c1b43@group-DB628AD3D204: set configuration 0: peers:[5982ba88-a0d3-4bb4-b961-874e4813aacd|rpc:10.1.0.15:35121|dataStream:10.1.0.15:36617|priority:0|startupRole:FOLLOWER, 7bf5aaad-ce4d-4dcc-9fd5-6307881c1b43|rpc:10.1.0.15:41477|dataStream:10.1.0.15:41069|priority:1|startupRole:FOLLOWER, 1568f87f-b911-477a-a667-1c441b63e4c2|rpc:10.1.0.15:44955|dataStream:10.1.0.15:41383|priority:0|startupRole:FOLLOWER]|listeners:[], old=null
2023-01-26 20:29:56,754 [7bf5aaad-ce4d-4dcc-9fd5-6307881c1b43@group-CDCA5465C83F-FollowerState] INFO  impl.FollowerState (FollowerState.java:run(143)) - 7bf5aaad-ce4d-4dcc-9fd5-6307881c1b43@group-CDCA5465C83F-FollowerState: change to CANDIDATE, lastRpcElapsedTime:5192918801ns, electionTimeout:5180ms
2023-01-26 20:29:56,754 [7bf5aaad-ce4d-4dcc-9fd5-6307881c1b43@group-CDCA5465C83F-FollowerState] INFO  impl.RoleInfo (RoleInfo.java:shutdownFollowerState(110)) - 7bf5aaad-ce4d-4dcc-9fd5-6307881c1b43: shutdown 7bf5aaad-ce4d-4dcc-9fd5-6307881c1b43@group-CDCA5465C83F-FollowerState
2023-01-26 20:29:56,754 [7bf5aaad-ce4d-4dcc-9fd5-6307881c1b43@group-CDCA5465C83F-FollowerState] INFO  server.RaftServer$Division (RaftServerImpl.java:setRole(321)) - 7bf5aaad-ce4d-4dcc-9fd5-6307881c1b43@group-CDCA5465C83F: changes role from  FOLLOWER to CANDIDATE at term 0 for changeToCandidate
2023-01-26 20:29:56,754 [7bf5aaad-ce4d-4dcc-9fd5-6307881c1b43@group-CDCA5465C83F-FollowerState] INFO  server.RaftServerConfigKeys (ConfUtils.java:logGet(46)) - raft.server.leaderelection.pre-vote = false (custom)
2023-01-26 20:29:56,754 [7bf5aaad-ce4d-4dcc-9fd5-6307881c1b43@group-CDCA5465C83F-FollowerState] INFO  impl.RoleInfo (RoleInfo.java:updateAndGet(139)) - 7bf5aaad-ce4d-4dcc-9fd5-6307881c1b43: start 7bf5aaad-ce4d-4dcc-9fd5-6307881c1b43@group-CDCA5465C83F-LeaderElection3
2023-01-26 20:29:56,758 [5982ba88-a0d3-4bb4-b961-874e4813aacd-server-thread2] INFO  ratis.XceiverServerRatis (XceiverServerRatis.java:handleLeaderChangedNotification(904)) - Leader change notification received for group: group-DB628AD3D204 with new leaderId: 7bf5aaad-ce4d-4dcc-9fd5-6307881c1b43
2023-01-26 20:29:56,758 [1568f87f-b911-477a-a667-1c441b63e4c2-server-thread2] INFO  ratis.XceiverServerRatis (XceiverServerRatis.java:handleLeaderChangedNotification(904)) - Leader change notification received for group: group-DB628AD3D204 with new leaderId: 7bf5aaad-ce4d-4dcc-9fd5-6307881c1b43
2023-01-26 20:29:56,760 [5982ba88-a0d3-4bb4-b961-874e4813aacd-server-thread2] INFO  server.RaftServer$Division (ServerState.java:setLeader(313)) - 5982ba88-a0d3-4bb4-b961-874e4813aacd@group-DB628AD3D204: change Leader from null to 7bf5aaad-ce4d-4dcc-9fd5-6307881c1b43 at term 1 for appendEntries, leader elected after 4788ms
2023-01-26 20:29:56,760 [7bf5aaad-ce4d-4dcc-9fd5-6307881c1b43@group-CDCA5465C83F-LeaderElection3] INFO  impl.LeaderElection (LeaderElection.java:askForVotes(312)) - 7bf5aaad-ce4d-4dcc-9fd5-6307881c1b43@group-CDCA5465C83F-LeaderElection3 ELECTION round 0: submit vote requests at term 1 for -1: peers:[7bf5aaad-ce4d-4dcc-9fd5-6307881c1b43|rpc:10.1.0.15:41477|dataStream:10.1.0.15:41069|priority:1|startupRole:FOLLOWER]|listeners:[], old=null
2023-01-26 20:29:56,760 [1568f87f-b911-477a-a667-1c441b63e4c2-server-thread2] INFO  server.RaftServer$Division (ServerState.java:setLeader(313)) - 1568f87f-b911-477a-a667-1c441b63e4c2@group-DB628AD3D204: change Leader from null to 7bf5aaad-ce4d-4dcc-9fd5-6307881c1b43 at term 1 for appendEntries, leader elected after 4678ms
2023-01-26 20:29:56,760 [7bf5aaad-ce4d-4dcc-9fd5-6307881c1b43@group-CDCA5465C83F-LeaderElection3] INFO  impl.LeaderElection (LeaderElection.java:askForVotes(314)) - 7bf5aaad-ce4d-4dcc-9fd5-6307881c1b43@group-CDCA5465C83F-LeaderElection3 ELECTION round 0: result PASSED (term=1)
2023-01-26 20:29:56,760 [7bf5aaad-ce4d-4dcc-9fd5-6307881c1b43@group-CDCA5465C83F-LeaderElection3] INFO  impl.RoleInfo (RoleInfo.java:shutdownLeaderElection(130)) - 7bf5aaad-ce4d-4dcc-9fd5-6307881c1b43: shutdown 7bf5aaad-ce4d-4dcc-9fd5-6307881c1b43@group-CDCA5465C83F-LeaderElection3
2023-01-26 20:29:56,761 [7bf5aaad-ce4d-4dcc-9fd5-6307881c1b43@group-CDCA5465C83F-LeaderElection3] INFO  server.RaftServer$Division (RaftServerImpl.java:setRole(321)) - 7bf5aaad-ce4d-4dcc-9fd5-6307881c1b43@group-CDCA5465C83F: changes role from CANDIDATE to LEADER at term 1 for changeToLeader
2023-01-26 20:29:56,761 [7bf5aaad-ce4d-4dcc-9fd5-6307881c1b43@group-CDCA5465C83F-LeaderElection3] INFO  ratis.XceiverServerRatis (XceiverServerRatis.java:handleLeaderChangedNotification(904)) - Leader change notification received for group: group-CDCA5465C83F with new leaderId: 7bf5aaad-ce4d-4dcc-9fd5-6307881c1b43
2023-01-26 20:29:56,762 [7bf5aaad-ce4d-4dcc-9fd5-6307881c1b43@group-CDCA5465C83F-LeaderElection3] INFO  server.RaftServer$Division (ServerState.java:setLeader(313)) - 7bf5aaad-ce4d-4dcc-9fd5-6307881c1b43@group-CDCA5465C83F: change Leader from null to 7bf5aaad-ce4d-4dcc-9fd5-6307881c1b43 at term 1 for becomeLeader, leader elected after 5230ms
2023-01-26 20:29:56,762 [7bf5aaad-ce4d-4dcc-9fd5-6307881c1b43@group-CDCA5465C83F-LeaderElection3] INFO  server.RaftServerConfigKeys (ConfUtils.java:logGet(46)) - raft.server.staging.catchup.gap = 1000 (default)
2023-01-26 20:29:56,763 [7bf5aaad-ce4d-4dcc-9fd5-6307881c1b43@group-CDCA5465C83F-LeaderElection3] INFO  server.RaftServerConfigKeys (ConfUtils.java:logGet(46)) - raft.server.write.element-limit = 1024 (custom)
2023-01-26 20:29:56,763 [7bf5aaad-ce4d-4dcc-9fd5-6307881c1b43@group-CDCA5465C83F-LeaderElection3] INFO  server.RaftServerConfigKeys (ConfUtils.java:logGet(46)) - raft.server.write.byte-limit = 1024 M (=1073741824) (custom)
2023-01-26 20:29:56,764 [1568f87f-b911-477a-a667-1c441b63e4c2-server-thread2] INFO  server.RaftServer$Division (ServerState.java:setRaftConf(430)) - 1568f87f-b911-477a-a667-1c441b63e4c2@group-DB628AD3D204: set configuration 0: peers:[5982ba88-a0d3-4bb4-b961-874e4813aacd|rpc:10.1.0.15:35121|dataStream:10.1.0.15:36617|priority:0|startupRole:FOLLOWER, 7bf5aaad-ce4d-4dcc-9fd5-6307881c1b43|rpc:10.1.0.15:41477|dataStream:10.1.0.15:41069|priority:1|startupRole:FOLLOWER, 1568f87f-b911-477a-a667-1c441b63e4c2|rpc:10.1.0.15:44955|dataStream:10.1.0.15:41383|priority:0|startupRole:FOLLOWER]|listeners:[], old=null
2023-01-26 20:29:56,764 [1568f87f-b911-477a-a667-1c441b63e4c2-server-thread2] INFO  segmented.SegmentedRaftLogWorker (SegmentedRaftLogWorker.java:startLogSegment(452)) - 1568f87f-b911-477a-a667-1c441b63e4c2@group-DB628AD3D204-SegmentedRaftLogWorker: Starting segment from index:0
2023-01-26 20:29:56,765 [5982ba88-a0d3-4bb4-b961-874e4813aacd-server-thread2] INFO  server.RaftServer$Division (ServerState.java:setRaftConf(430)) - 5982ba88-a0d3-4bb4-b961-874e4813aacd@group-DB628AD3D204: set configuration 0: peers:[5982ba88-a0d3-4bb4-b961-874e4813aacd|rpc:10.1.0.15:35121|dataStream:10.1.0.15:36617|priority:0|startupRole:FOLLOWER, 7bf5aaad-ce4d-4dcc-9fd5-6307881c1b43|rpc:10.1.0.15:41477|dataStream:10.1.0.15:41069|priority:1|startupRole:FOLLOWER, 1568f87f-b911-477a-a667-1c441b63e4c2|rpc:10.1.0.15:44955|dataStream:10.1.0.15:41383|priority:0|startupRole:FOLLOWER]|listeners:[], old=null
2023-01-26 20:29:56,766 [1568f87f-b911-477a-a667-1c441b63e4c2@group-DB628AD3D204-SegmentedRaftLogWorker] INFO  segmented.SegmentedRaftLogWorker (SegmentedRaftLogWorker.java:execute(656)) - 1568f87f-b911-477a-a667-1c441b63e4c2@group-DB628AD3D204-SegmentedRaftLogWorker: created new log segment /home/runner/work/ozone/ozone/hadoop-ozone/integration-test/target/test-dir/MiniOzoneClusterImpl-91732d81-4c55-4ff3-841d-5fdfde2aad74/datanode-1/data/ratis/4fd980bb-761d-409a-aded-db628ad3d204/current/log_inprogress_0
2023-01-26 20:29:56,784 [7bf5aaad-ce4d-4dcc-9fd5-6307881c1b43@group-CDCA5465C83F-LeaderElection3] INFO  server.RaftServerConfigKeys (ConfUtils.java:logGet(46)) - raft.server.watch.timeout = 180s (custom)
2023-01-26 20:29:56,769 [5982ba88-a0d3-4bb4-b961-874e4813aacd-server-thread2] INFO  segmented.SegmentedRaftLogWorker (SegmentedRaftLogWorker.java:startLogSegment(452)) - 5982ba88-a0d3-4bb4-b961-874e4813aacd@group-DB628AD3D204-SegmentedRaftLogWorker: Starting segment from index:0
2023-01-26 20:29:56,793 [7bf5aaad-ce4d-4dcc-9fd5-6307881c1b43@group-CDCA5465C83F-LeaderElection3] INFO  server.RaftServerConfigKeys (ConfUtils.java:logGet(46)) - raft.server.watch.timeout.denomination = 1s (default)
2023-01-26 20:29:56,793 [7bf5aaad-ce4d-4dcc-9fd5-6307881c1b43@group-CDCA5465C83F-LeaderElection3] INFO  server.RaftServerConfigKeys (ConfUtils.java:logGet(46)) - raft.server.watch.element-limit = 65536 (default)
2023-01-26 20:29:56,794 [5982ba88-a0d3-4bb4-b961-874e4813aacd@group-DB628AD3D204-SegmentedRaftLogWorker] INFO  segmented.SegmentedRaftLogWorker (SegmentedRaftLogWorker.java:execute(656)) - 5982ba88-a0d3-4bb4-b961-874e4813aacd@group-DB628AD3D204-SegmentedRaftLogWorker: created new log segment /home/runner/work/ozone/ozone/hadoop-ozone/integration-test/target/test-dir/MiniOzoneClusterImpl-91732d81-4c55-4ff3-841d-5fdfde2aad74/datanode-2/data/ratis/4fd980bb-761d-409a-aded-db628ad3d204/current/log_inprogress_0
2023-01-26 20:29:56,795 [7bf5aaad-ce4d-4dcc-9fd5-6307881c1b43@group-CDCA5465C83F-LeaderElection3] INFO  server.RaftServerConfigKeys (ConfUtils.java:logGet(46)) - raft.server.write.element-limit = 1024 (custom)
2023-01-26 20:29:56,798 [7bf5aaad-ce4d-4dcc-9fd5-6307881c1b43@group-CDCA5465C83F-LeaderElection3] INFO  server.RaftServerConfigKeys (ConfUtils.java:logGet(46)) - raft.server.write.follower.gap.ratio.max = -1.0 (default)
2023-01-26 20:29:56,798 [7bf5aaad-ce4d-4dcc-9fd5-6307881c1b43@group-CDCA5465C83F-LeaderElection3] INFO  impl.RoleInfo (RoleInfo.java:updateAndGet(139)) - 7bf5aaad-ce4d-4dcc-9fd5-6307881c1b43: start 7bf5aaad-ce4d-4dcc-9fd5-6307881c1b43@group-CDCA5465C83F-LeaderStateImpl
2023-01-26 20:29:56,799 [7bf5aaad-ce4d-4dcc-9fd5-6307881c1b43@group-CDCA5465C83F-LeaderElection3] INFO  segmented.SegmentedRaftLogWorker (SegmentedRaftLogWorker.java:startLogSegment(452)) - 7bf5aaad-ce4d-4dcc-9fd5-6307881c1b43@group-CDCA5465C83F-SegmentedRaftLogWorker: Starting segment from index:0
2023-01-26 20:29:56,800 [7bf5aaad-ce4d-4dcc-9fd5-6307881c1b43@group-CDCA5465C83F-LeaderElection3] INFO  server.RaftServer$Division (ServerState.java:setRaftConf(430)) - 7bf5aaad-ce4d-4dcc-9fd5-6307881c1b43@group-CDCA5465C83F: set configuration 0: peers:[7bf5aaad-ce4d-4dcc-9fd5-6307881c1b43|rpc:10.1.0.15:41477|dataStream:10.1.0.15:41069|priority:1|startupRole:FOLLOWER]|listeners:[], old=null
2023-01-26 20:29:56,801 [7bf5aaad-ce4d-4dcc-9fd5-6307881c1b43@group-CDCA5465C83F-SegmentedRaftLogWorker] INFO  segmented.SegmentedRaftLogWorker (SegmentedRaftLogWorker.java:execute(656)) - 7bf5aaad-ce4d-4dcc-9fd5-6307881c1b43@group-CDCA5465C83F-SegmentedRaftLogWorker: created new log segment /home/runner/work/ozone/ozone/hadoop-ozone/integration-test/target/test-dir/MiniOzoneClusterImpl-91732d81-4c55-4ff3-841d-5fdfde2aad74/datanode-0/data/ratis/1adf35cb-10a0-4a3b-9d55-cdca5465c83f/current/log_inprogress_0
2023-01-26 20:29:57,107 [Listener at 127.0.0.1/38181] INFO  ozone.MiniOzoneClusterImpl (MiniOzoneClusterImpl.java:lambda$waitForClusterToBeReady$0(218)) - Nodes are ready. Got 5 of 5 DN Heartbeats.
2023-01-26 20:29:57,107 [Listener at 127.0.0.1/38181] INFO  ozone.MiniOzoneClusterImpl (MiniOzoneClusterImpl.java:lambda$waitForClusterToBeReady$0(221)) - Cluster exits safe mode
2023-01-26 20:29:57,107 [Listener at 127.0.0.1/38181] INFO  ozone.MiniOzoneClusterImpl (MiniOzoneClusterImpl.java:lambda$waitForClusterToBeReady$0(223)) - SCM became leader
2023-01-26 20:29:57,235 [1568f87f-b911-477a-a667-1c441b63e4c2@group-D7BFA16F605B-FollowerState] INFO  impl.FollowerState (FollowerState.java:run(143)) - 1568f87f-b911-477a-a667-1c441b63e4c2@group-D7BFA16F605B-FollowerState: change to CANDIDATE, lastRpcElapsedTime:5137995542ns, electionTimeout:5123ms
2023-01-26 20:29:57,235 [1568f87f-b911-477a-a667-1c441b63e4c2@group-D7BFA16F605B-FollowerState] INFO  impl.RoleInfo (RoleInfo.java:shutdownFollowerState(110)) - 1568f87f-b911-477a-a667-1c441b63e4c2: shutdown 1568f87f-b911-477a-a667-1c441b63e4c2@group-D7BFA16F605B-FollowerState
2023-01-26 20:29:57,235 [1568f87f-b911-477a-a667-1c441b63e4c2@group-D7BFA16F605B-FollowerState] INFO  server.RaftServer$Division (RaftServerImpl.java:setRole(321)) - 1568f87f-b911-477a-a667-1c441b63e4c2@group-D7BFA16F605B: changes role from  FOLLOWER to CANDIDATE at term 0 for changeToCandidate
2023-01-26 20:29:57,235 [1568f87f-b911-477a-a667-1c441b63e4c2@group-D7BFA16F605B-FollowerState] INFO  server.RaftServerConfigKeys (ConfUtils.java:logGet(46)) - raft.server.leaderelection.pre-vote = false (custom)
2023-01-26 20:29:57,235 [1568f87f-b911-477a-a667-1c441b63e4c2@group-D7BFA16F605B-FollowerState] INFO  impl.RoleInfo (RoleInfo.java:updateAndGet(139)) - 1568f87f-b911-477a-a667-1c441b63e4c2: start 1568f87f-b911-477a-a667-1c441b63e4c2@group-D7BFA16F605B-LeaderElection4
2023-01-26 20:29:57,252 [1568f87f-b911-477a-a667-1c441b63e4c2@group-D7BFA16F605B-LeaderElection4] INFO  impl.LeaderElection (LeaderElection.java:askForVotes(312)) - 1568f87f-b911-477a-a667-1c441b63e4c2@group-D7BFA16F605B-LeaderElection4 ELECTION round 0: submit vote requests at term 1 for -1: peers:[1568f87f-b911-477a-a667-1c441b63e4c2|rpc:10.1.0.15:44955|dataStream:10.1.0.15:41383|priority:1|startupRole:FOLLOWER]|listeners:[], old=null
2023-01-26 20:29:57,253 [1568f87f-b911-477a-a667-1c441b63e4c2@group-D7BFA16F605B-LeaderElection4] INFO  impl.LeaderElection (LeaderElection.java:askForVotes(314)) - 1568f87f-b911-477a-a667-1c441b63e4c2@group-D7BFA16F605B-LeaderElection4 ELECTION round 0: result PASSED (term=1)
2023-01-26 20:29:57,253 [1568f87f-b911-477a-a667-1c441b63e4c2@group-D7BFA16F605B-LeaderElection4] INFO  impl.RoleInfo (RoleInfo.java:shutdownLeaderElection(130)) - 1568f87f-b911-477a-a667-1c441b63e4c2: shutdown 1568f87f-b911-477a-a667-1c441b63e4c2@group-D7BFA16F605B-LeaderElection4
2023-01-26 20:29:57,253 [1568f87f-b911-477a-a667-1c441b63e4c2@group-D7BFA16F605B-LeaderElection4] INFO  server.RaftServer$Division (RaftServerImpl.java:setRole(321)) - 1568f87f-b911-477a-a667-1c441b63e4c2@group-D7BFA16F605B: changes role from CANDIDATE to LEADER at term 1 for changeToLeader
2023-01-26 20:29:57,253 [1568f87f-b911-477a-a667-1c441b63e4c2@group-D7BFA16F605B-LeaderElection4] INFO  ratis.XceiverServerRatis (XceiverServerRatis.java:handleLeaderChangedNotification(904)) - Leader change notification received for group: group-D7BFA16F605B with new leaderId: 1568f87f-b911-477a-a667-1c441b63e4c2
2023-01-26 20:29:57,253 [1568f87f-b911-477a-a667-1c441b63e4c2@group-D7BFA16F605B-LeaderElection4] INFO  server.RaftServer$Division (ServerState.java:setLeader(313)) - 1568f87f-b911-477a-a667-1c441b63e4c2@group-D7BFA16F605B: change Leader from null to 1568f87f-b911-477a-a667-1c441b63e4c2 at term 1 for becomeLeader, leader elected after 5182ms
2023-01-26 20:29:57,254 [1568f87f-b911-477a-a667-1c441b63e4c2@group-D7BFA16F605B-LeaderElection4] INFO  server.RaftServerConfigKeys (ConfUtils.java:logGet(46)) - raft.server.staging.catchup.gap = 1000 (default)
2023-01-26 20:29:57,257 [1568f87f-b911-477a-a667-1c441b63e4c2@group-D7BFA16F605B-LeaderElection4] INFO  server.RaftServerConfigKeys (ConfUtils.java:logGet(46)) - raft.server.write.element-limit = 1024 (custom)
2023-01-26 20:29:57,257 [1568f87f-b911-477a-a667-1c441b63e4c2@group-D7BFA16F605B-LeaderElection4] INFO  server.RaftServerConfigKeys (ConfUtils.java:logGet(46)) - raft.server.write.byte-limit = 1024 M (=1073741824) (custom)
2023-01-26 20:29:57,257 [1568f87f-b911-477a-a667-1c441b63e4c2@group-D7BFA16F605B-LeaderElection4] INFO  server.RaftServerConfigKeys (ConfUtils.java:logGet(46)) - raft.server.watch.timeout = 180s (custom)
2023-01-26 20:29:57,257 [1568f87f-b911-477a-a667-1c441b63e4c2@group-D7BFA16F605B-LeaderElection4] INFO  server.RaftServerConfigKeys (ConfUtils.java:logGet(46)) - raft.server.watch.timeout.denomination = 1s (default)
2023-01-26 20:29:57,258 [1568f87f-b911-477a-a667-1c441b63e4c2@group-D7BFA16F605B-LeaderElection4] INFO  server.RaftServerConfigKeys (ConfUtils.java:logGet(46)) - raft.server.watch.element-limit = 65536 (default)
2023-01-26 20:29:57,258 [1568f87f-b911-477a-a667-1c441b63e4c2@group-D7BFA16F605B-LeaderElection4] INFO  server.RaftServerConfigKeys (ConfUtils.java:logGet(46)) - raft.server.write.element-limit = 1024 (custom)
2023-01-26 20:29:57,258 [1568f87f-b911-477a-a667-1c441b63e4c2@group-D7BFA16F605B-LeaderElection4] INFO  server.RaftServerConfigKeys (ConfUtils.java:logGet(46)) - raft.server.write.follower.gap.ratio.max = -1.0 (default)
2023-01-26 20:29:57,258 [1568f87f-b911-477a-a667-1c441b63e4c2@group-D7BFA16F605B-LeaderElection4] INFO  impl.RoleInfo (RoleInfo.java:updateAndGet(139)) - 1568f87f-b911-477a-a667-1c441b63e4c2: start 1568f87f-b911-477a-a667-1c441b63e4c2@group-D7BFA16F605B-LeaderStateImpl
2023-01-26 20:29:57,259 [1568f87f-b911-477a-a667-1c441b63e4c2@group-D7BFA16F605B-LeaderElection4] INFO  segmented.SegmentedRaftLogWorker (SegmentedRaftLogWorker.java:startLogSegment(452)) - 1568f87f-b911-477a-a667-1c441b63e4c2@group-D7BFA16F605B-SegmentedRaftLogWorker: Starting segment from index:0
2023-01-26 20:29:57,260 [1568f87f-b911-477a-a667-1c441b63e4c2@group-D7BFA16F605B-SegmentedRaftLogWorker] INFO  segmented.SegmentedRaftLogWorker (SegmentedRaftLogWorker.java:execute(656)) - 1568f87f-b911-477a-a667-1c441b63e4c2@group-D7BFA16F605B-SegmentedRaftLogWorker: created new log segment /home/runner/work/ozone/ozone/hadoop-ozone/integration-test/target/test-dir/MiniOzoneClusterImpl-91732d81-4c55-4ff3-841d-5fdfde2aad74/datanode-1/data/ratis/c0472a0b-7d75-4aa8-b7c0-d7bfa16f605b/current/log_inprogress_0
2023-01-26 20:29:57,268 [1568f87f-b911-477a-a667-1c441b63e4c2@group-D7BFA16F605B-LeaderElection4] INFO  server.RaftServer$Division (ServerState.java:setRaftConf(430)) - 1568f87f-b911-477a-a667-1c441b63e4c2@group-D7BFA16F605B: set configuration 0: peers:[1568f87f-b911-477a-a667-1c441b63e4c2|rpc:10.1.0.15:44955|dataStream:10.1.0.15:41383|priority:1|startupRole:FOLLOWER]|listeners:[], old=null
2023-01-26 20:29:57,405 [1568f87f-b911-477a-a667-1c441b63e4c2@group-C481FBFF3B85-FollowerState] INFO  impl.FollowerState (FollowerState.java:run(143)) - 1568f87f-b911-477a-a667-1c441b63e4c2@group-C481FBFF3B85-FollowerState: change to CANDIDATE, lastRpcElapsedTime:5024268205ns, electionTimeout:5011ms
2023-01-26 20:29:57,405 [1568f87f-b911-477a-a667-1c441b63e4c2@group-C481FBFF3B85-FollowerState] INFO  impl.RoleInfo (RoleInfo.java:shutdownFollowerState(110)) - 1568f87f-b911-477a-a667-1c441b63e4c2: shutdown 1568f87f-b911-477a-a667-1c441b63e4c2@group-C481FBFF3B85-FollowerState
2023-01-26 20:29:57,405 [1568f87f-b911-477a-a667-1c441b63e4c2@group-C481FBFF3B85-FollowerState] INFO  server.RaftServer$Division (RaftServerImpl.java:setRole(321)) - 1568f87f-b911-477a-a667-1c441b63e4c2@group-C481FBFF3B85: changes role from  FOLLOWER to CANDIDATE at term 0 for changeToCandidate
2023-01-26 20:29:57,405 [1568f87f-b911-477a-a667-1c441b63e4c2@group-C481FBFF3B85-FollowerState] INFO  server.RaftServerConfigKeys (ConfUtils.java:logGet(46)) - raft.server.leaderelection.pre-vote = false (custom)
2023-01-26 20:29:57,405 [1568f87f-b911-477a-a667-1c441b63e4c2@group-C481FBFF3B85-FollowerState] INFO  impl.RoleInfo (RoleInfo.java:updateAndGet(139)) - 1568f87f-b911-477a-a667-1c441b63e4c2: start 1568f87f-b911-477a-a667-1c441b63e4c2@group-C481FBFF3B85-LeaderElection5
2023-01-26 20:29:57,411 [1568f87f-b911-477a-a667-1c441b63e4c2@group-C481FBFF3B85-LeaderElection5] INFO  impl.LeaderElection (LeaderElection.java:askForVotes(312)) - 1568f87f-b911-477a-a667-1c441b63e4c2@group-C481FBFF3B85-LeaderElection5 ELECTION round 0: submit vote requests at term 1 for -1: peers:[5982ba88-a0d3-4bb4-b961-874e4813aacd|rpc:10.1.0.15:35121|dataStream:10.1.0.15:36617|priority:1|startupRole:FOLLOWER, 7bf5aaad-ce4d-4dcc-9fd5-6307881c1b43|rpc:10.1.0.15:41477|dataStream:10.1.0.15:41069|priority:0|startupRole:FOLLOWER, 1568f87f-b911-477a-a667-1c441b63e4c2|rpc:10.1.0.15:44955|dataStream:10.1.0.15:41383|priority:0|startupRole:FOLLOWER]|listeners:[], old=null
2023-01-26 20:29:57,418 [1568f87f-b911-477a-a667-1c441b63e4c2@group-C481FBFF3B85-LeaderElection5-1] INFO  server.GrpcServerProtocolClient (GrpcServerProtocolClient.java:<init>(63)) - Build channel for 5982ba88-a0d3-4bb4-b961-874e4813aacd
2023-01-26 20:29:57,421 [1568f87f-b911-477a-a667-1c441b63e4c2@group-C481FBFF3B85-LeaderElection5] INFO  server.RaftServerConfigKeys (ConfUtils.java:logFallback(53)) - raft.server.rpc.first-election.timeout.min = 5s (fallback to raft.server.rpc.timeout.min)
2023-01-26 20:29:57,423 [1568f87f-b911-477a-a667-1c441b63e4c2@group-C481FBFF3B85-LeaderElection5] INFO  server.RaftServerConfigKeys (ConfUtils.java:logFallback(53)) - raft.server.rpc.first-election.timeout.max = 5200ms (fallback to raft.server.rpc.timeout.max)
2023-01-26 20:29:57,430 [1568f87f-b911-477a-a667-1c441b63e4c2@group-C481FBFF3B85-LeaderElection5-2] INFO  server.GrpcServerProtocolClient (GrpcServerProtocolClient.java:<init>(63)) - Build channel for 7bf5aaad-ce4d-4dcc-9fd5-6307881c1b43
2023-01-26 20:29:57,435 [grpc-default-executor-0] INFO  server.RaftServer$Division (RaftServerImpl.java:requestVote(1218)) - 5982ba88-a0d3-4bb4-b961-874e4813aacd@group-C481FBFF3B85: receive requestVote(ELECTION, 1568f87f-b911-477a-a667-1c441b63e4c2, group-C481FBFF3B85, 1, (t:0, i:0))
2023-01-26 20:29:57,435 [grpc-default-executor-0] INFO  impl.VoteContext (VoteContext.java:log(49)) - 5982ba88-a0d3-4bb4-b961-874e4813aacd@group-C481FBFF3B85-FOLLOWER: reject ELECTION from 1568f87f-b911-477a-a667-1c441b63e4c2: our priority 1 > candidate's priority 0
2023-01-26 20:29:57,435 [grpc-default-executor-0] INFO  server.RaftServer$Division (RaftServerImpl.java:setRole(321)) - 5982ba88-a0d3-4bb4-b961-874e4813aacd@group-C481FBFF3B85: changes role from  FOLLOWER to FOLLOWER at term 1 for candidate:1568f87f-b911-477a-a667-1c441b63e4c2
2023-01-26 20:29:57,435 [grpc-default-executor-0] INFO  impl.RoleInfo (RoleInfo.java:shutdownFollowerState(110)) - 5982ba88-a0d3-4bb4-b961-874e4813aacd: shutdown 5982ba88-a0d3-4bb4-b961-874e4813aacd@group-C481FBFF3B85-FollowerState
2023-01-26 20:29:57,435 [grpc-default-executor-0] INFO  impl.RoleInfo (RoleInfo.java:updateAndGet(139)) - 5982ba88-a0d3-4bb4-b961-874e4813aacd: start 5982ba88-a0d3-4bb4-b961-874e4813aacd@group-C481FBFF3B85-FollowerState
2023-01-26 20:29:57,435 [5982ba88-a0d3-4bb4-b961-874e4813aacd@group-C481FBFF3B85-FollowerState] INFO  impl.FollowerState (FollowerState.java:run(152)) - 5982ba88-a0d3-4bb4-b961-874e4813aacd@group-C481FBFF3B85-FollowerState was interrupted
2023-01-26 20:29:57,437 [5982ba88-a0d3-4bb4-b961-874e4813aacd@group-C481FBFF3B85-FollowerState] INFO  server.RaftServerConfigKeys (ConfUtils.java:logFallback(53)) - raft.server.rpc.first-election.timeout.min = 5s (fallback to raft.server.rpc.timeout.min)
2023-01-26 20:29:57,437 [5982ba88-a0d3-4bb4-b961-874e4813aacd@group-C481FBFF3B85-FollowerState] INFO  server.RaftServerConfigKeys (ConfUtils.java:logFallback(53)) - raft.server.rpc.first-election.timeout.max = 5200ms (fallback to raft.server.rpc.timeout.max)
2023-01-26 20:29:57,438 [grpc-default-executor-0] INFO  server.RaftServer$Division (RaftServerImpl.java:requestVote(1251)) - 5982ba88-a0d3-4bb4-b961-874e4813aacd@group-C481FBFF3B85 replies to ELECTION vote request: 1568f87f-b911-477a-a667-1c441b63e4c2<-5982ba88-a0d3-4bb4-b961-874e4813aacd#0:FAIL-t1. Peer's state: 5982ba88-a0d3-4bb4-b961-874e4813aacd@group-C481FBFF3B85:t1, leader=null, voted=null, raftlog=Memoized:5982ba88-a0d3-4bb4-b961-874e4813aacd@group-C481FBFF3B85-SegmentedRaftLog:OPENED:c-1, conf=-1: peers:[5982ba88-a0d3-4bb4-b961-874e4813aacd|rpc:10.1.0.15:35121|dataStream:10.1.0.15:36617|priority:1|startupRole:FOLLOWER, 7bf5aaad-ce4d-4dcc-9fd5-6307881c1b43|rpc:10.1.0.15:41477|dataStream:10.1.0.15:41069|priority:0|startupRole:FOLLOWER, 1568f87f-b911-477a-a667-1c441b63e4c2|rpc:10.1.0.15:44955|dataStream:10.1.0.15:41383|priority:0|startupRole:FOLLOWER]|listeners:[], old=null
2023-01-26 20:29:57,452 [1568f87f-b911-477a-a667-1c441b63e4c2@group-C481FBFF3B85-LeaderElection5] INFO  impl.LeaderElection (LeaderElection.java:logAndReturn(90)) - 1568f87f-b911-477a-a667-1c441b63e4c2@group-C481FBFF3B85-LeaderElection5: ELECTION REJECTED received 1 response(s) and 0 exception(s):
2023-01-26 20:29:57,452 [1568f87f-b911-477a-a667-1c441b63e4c2@group-C481FBFF3B85-LeaderElection5] INFO  impl.LeaderElection (LeaderElection.java:logAndReturn(94)) -   Response 0: 1568f87f-b911-477a-a667-1c441b63e4c2<-5982ba88-a0d3-4bb4-b961-874e4813aacd#0:FAIL-t1
2023-01-26 20:29:57,452 [1568f87f-b911-477a-a667-1c441b63e4c2@group-C481FBFF3B85-LeaderElection5] INFO  impl.LeaderElection (LeaderElection.java:askForVotes(314)) - 1568f87f-b911-477a-a667-1c441b63e4c2@group-C481FBFF3B85-LeaderElection5 ELECTION round 0: result REJECTED
2023-01-26 20:29:57,452 [1568f87f-b911-477a-a667-1c441b63e4c2@group-C481FBFF3B85-LeaderElection5] INFO  server.RaftServer$Division (RaftServerImpl.java:setRole(321)) - 1568f87f-b911-477a-a667-1c441b63e4c2@group-C481FBFF3B85: changes role from CANDIDATE to FOLLOWER at term 1 for REJECTED
2023-01-26 20:29:57,452 [1568f87f-b911-477a-a667-1c441b63e4c2@group-C481FBFF3B85-LeaderElection5] INFO  impl.RoleInfo (RoleInfo.java:shutdownLeaderElection(130)) - 1568f87f-b911-477a-a667-1c441b63e4c2: shutdown 1568f87f-b911-477a-a667-1c441b63e4c2@group-C481FBFF3B85-LeaderElection5
2023-01-26 20:29:57,452 [1568f87f-b911-477a-a667-1c441b63e4c2@group-C481FBFF3B85-LeaderElection5] INFO  impl.RoleInfo (RoleInfo.java:updateAndGet(139)) - 1568f87f-b911-477a-a667-1c441b63e4c2: start 1568f87f-b911-477a-a667-1c441b63e4c2@group-C481FBFF3B85-FollowerState
2023-01-26 20:29:57,461 [grpc-default-executor-0] INFO  server.RaftServer$Division (RaftServerImpl.java:requestVote(1218)) - 7bf5aaad-ce4d-4dcc-9fd5-6307881c1b43@group-C481FBFF3B85: receive requestVote(ELECTION, 1568f87f-b911-477a-a667-1c441b63e4c2, group-C481FBFF3B85, 1, (t:0, i:0))
2023-01-26 20:29:57,461 [1568f87f-b911-477a-a667-1c441b63e4c2@group-C481FBFF3B85-FollowerState] INFO  server.RaftServerConfigKeys (ConfUtils.java:logFallback(53)) - raft.server.rpc.first-election.timeout.min = 5s (fallback to raft.server.rpc.timeout.min)
2023-01-26 20:29:57,461 [1568f87f-b911-477a-a667-1c441b63e4c2@group-C481FBFF3B85-FollowerState] INFO  server.RaftServerConfigKeys (ConfUtils.java:logFallback(53)) - raft.server.rpc.first-election.timeout.max = 5200ms (fallback to raft.server.rpc.timeout.max)
2023-01-26 20:29:57,461 [grpc-default-executor-0] INFO  impl.VoteContext (VoteContext.java:log(49)) - 7bf5aaad-ce4d-4dcc-9fd5-6307881c1b43@group-C481FBFF3B85-FOLLOWER: accept ELECTION from 1568f87f-b911-477a-a667-1c441b63e4c2: our priority 0 <= candidate's priority 0
2023-01-26 20:29:57,462 [grpc-default-executor-0] INFO  server.RaftServer$Division (RaftServerImpl.java:setRole(321)) - 7bf5aaad-ce4d-4dcc-9fd5-6307881c1b43@group-C481FBFF3B85: changes role from  FOLLOWER to FOLLOWER at term 1 for candidate:1568f87f-b911-477a-a667-1c441b63e4c2
2023-01-26 20:29:57,462 [grpc-default-executor-0] INFO  impl.RoleInfo (RoleInfo.java:shutdownFollowerState(110)) - 7bf5aaad-ce4d-4dcc-9fd5-6307881c1b43: shutdown 7bf5aaad-ce4d-4dcc-9fd5-6307881c1b43@group-C481FBFF3B85-FollowerState
2023-01-26 20:29:57,462 [grpc-default-executor-0] INFO  impl.RoleInfo (RoleInfo.java:updateAndGet(139)) - 7bf5aaad-ce4d-4dcc-9fd5-6307881c1b43: start 7bf5aaad-ce4d-4dcc-9fd5-6307881c1b43@group-C481FBFF3B85-FollowerState
2023-01-26 20:29:57,462 [7bf5aaad-ce4d-4dcc-9fd5-6307881c1b43@group-C481FBFF3B85-FollowerState] INFO  impl.FollowerState (FollowerState.java:run(152)) - 7bf5aaad-ce4d-4dcc-9fd5-6307881c1b43@group-C481FBFF3B85-FollowerState was interrupted
2023-01-26 20:29:57,465 [7bf5aaad-ce4d-4dcc-9fd5-6307881c1b43@group-C481FBFF3B85-FollowerState] INFO  server.RaftServerConfigKeys (ConfUtils.java:logFallback(53)) - raft.server.rpc.first-election.timeout.min = 5s (fallback to raft.server.rpc.timeout.min)
2023-01-26 20:29:57,465 [grpc-default-executor-0] INFO  server.RaftServer$Division (RaftServerImpl.java:requestVote(1251)) - 7bf5aaad-ce4d-4dcc-9fd5-6307881c1b43@group-C481FBFF3B85 replies to ELECTION vote request: 1568f87f-b911-477a-a667-1c441b63e4c2<-7bf5aaad-ce4d-4dcc-9fd5-6307881c1b43#0:OK-t1. Peer's state: 7bf5aaad-ce4d-4dcc-9fd5-6307881c1b43@group-C481FBFF3B85:t1, leader=null, voted=1568f87f-b911-477a-a667-1c441b63e4c2, raftlog=Memoized:7bf5aaad-ce4d-4dcc-9fd5-6307881c1b43@group-C481FBFF3B85-SegmentedRaftLog:OPENED:c-1, conf=-1: peers:[5982ba88-a0d3-4bb4-b961-874e4813aacd|rpc:10.1.0.15:35121|dataStream:10.1.0.15:36617|priority:1|startupRole:FOLLOWER, 7bf5aaad-ce4d-4dcc-9fd5-6307881c1b43|rpc:10.1.0.15:41477|dataStream:10.1.0.15:41069|priority:0|startupRole:FOLLOWER, 1568f87f-b911-477a-a667-1c441b63e4c2|rpc:10.1.0.15:44955|dataStream:10.1.0.15:41383|priority:0|startupRole:FOLLOWER]|listeners:[], old=null
2023-01-26 20:29:57,465 [7bf5aaad-ce4d-4dcc-9fd5-6307881c1b43@group-C481FBFF3B85-FollowerState] INFO  server.RaftServerConfigKeys (ConfUtils.java:logFallback(53)) - raft.server.rpc.first-election.timeout.max = 5200ms (fallback to raft.server.rpc.timeout.max)
2023-01-26 20:29:57,641 [Listener at 127.0.0.1/38181] INFO  rpc.RpcClient (RpcClient.java:createVolume(474)) - Creating Volume: volume83577, with user57917 as owner and space quota set to -1 bytes, counts quota set to -1
2023-01-26 20:29:57,644 [5982ba88-a0d3-4bb4-b961-874e4813aacd@group-1325C190FF0A-FollowerState] INFO  impl.FollowerState (FollowerState.java:run(143)) - 5982ba88-a0d3-4bb4-b961-874e4813aacd@group-1325C190FF0A-FollowerState: change to CANDIDATE, lastRpcElapsedTime:5183321961ns, electionTimeout:5163ms
2023-01-26 20:29:57,644 [5982ba88-a0d3-4bb4-b961-874e4813aacd@group-1325C190FF0A-FollowerState] INFO  impl.RoleInfo (RoleInfo.java:shutdownFollowerState(110)) - 5982ba88-a0d3-4bb4-b961-874e4813aacd: shutdown 5982ba88-a0d3-4bb4-b961-874e4813aacd@group-1325C190FF0A-FollowerState
2023-01-26 20:29:57,644 [5982ba88-a0d3-4bb4-b961-874e4813aacd@group-1325C190FF0A-FollowerState] INFO  server.RaftServer$Division (RaftServerImpl.java:setRole(321)) - 5982ba88-a0d3-4bb4-b961-874e4813aacd@group-1325C190FF0A: changes role from  FOLLOWER to CANDIDATE at term 0 for changeToCandidate
2023-01-26 20:29:57,644 [5982ba88-a0d3-4bb4-b961-874e4813aacd@group-1325C190FF0A-FollowerState] INFO  server.RaftServerConfigKeys (ConfUtils.java:logGet(46)) - raft.server.leaderelection.pre-vote = false (custom)
2023-01-26 20:29:57,644 [5982ba88-a0d3-4bb4-b961-874e4813aacd@group-1325C190FF0A-FollowerState] INFO  impl.RoleInfo (RoleInfo.java:updateAndGet(139)) - 5982ba88-a0d3-4bb4-b961-874e4813aacd: start 5982ba88-a0d3-4bb4-b961-874e4813aacd@group-1325C190FF0A-LeaderElection6
2023-01-26 20:29:57,655 [5982ba88-a0d3-4bb4-b961-874e4813aacd@group-1325C190FF0A-LeaderElection6] INFO  impl.LeaderElection (LeaderElection.java:askForVotes(312)) - 5982ba88-a0d3-4bb4-b961-874e4813aacd@group-1325C190FF0A-LeaderElection6 ELECTION round 0: submit vote requests at term 1 for -1: peers:[5982ba88-a0d3-4bb4-b961-874e4813aacd|rpc:10.1.0.15:35121|dataStream:10.1.0.15:36617|priority:1|startupRole:FOLLOWER]|listeners:[], old=null
2023-01-26 20:29:57,655 [5982ba88-a0d3-4bb4-b961-874e4813aacd@group-1325C190FF0A-LeaderElection6] INFO  impl.LeaderElection (LeaderElection.java:askForVotes(314)) - 5982ba88-a0d3-4bb4-b961-874e4813aacd@group-1325C190FF0A-LeaderElection6 ELECTION round 0: result PASSED (term=1)
2023-01-26 20:29:57,656 [5982ba88-a0d3-4bb4-b961-874e4813aacd@group-1325C190FF0A-LeaderElection6] INFO  impl.RoleInfo (RoleInfo.java:shutdownLeaderElection(130)) - 5982ba88-a0d3-4bb4-b961-874e4813aacd: shutdown 5982ba88-a0d3-4bb4-b961-874e4813aacd@group-1325C190FF0A-LeaderElection6
2023-01-26 20:29:57,656 [5982ba88-a0d3-4bb4-b961-874e4813aacd@group-1325C190FF0A-LeaderElection6] INFO  server.RaftServer$Division (RaftServerImpl.java:setRole(321)) - 5982ba88-a0d3-4bb4-b961-874e4813aacd@group-1325C190FF0A: changes role from CANDIDATE to LEADER at term 1 for changeToLeader
2023-01-26 20:29:57,656 [5982ba88-a0d3-4bb4-b961-874e4813aacd@group-1325C190FF0A-LeaderElection6] INFO  ratis.XceiverServerRatis (XceiverServerRatis.java:handleLeaderChangedNotification(904)) - Leader change notification received for group: group-1325C190FF0A with new leaderId: 5982ba88-a0d3-4bb4-b961-874e4813aacd
2023-01-26 20:29:57,656 [5982ba88-a0d3-4bb4-b961-874e4813aacd@group-1325C190FF0A-LeaderElection6] INFO  server.RaftServer$Division (ServerState.java:setLeader(313)) - 5982ba88-a0d3-4bb4-b961-874e4813aacd@group-1325C190FF0A: change Leader from null to 5982ba88-a0d3-4bb4-b961-874e4813aacd at term 1 for becomeLeader, leader elected after 5217ms
2023-01-26 20:29:57,656 [5982ba88-a0d3-4bb4-b961-874e4813aacd@group-1325C190FF0A-LeaderElection6] INFO  server.RaftServerConfigKeys (ConfUtils.java:logGet(46)) - raft.server.staging.catchup.gap = 1000 (default)
2023-01-26 20:29:57,660 [5982ba88-a0d3-4bb4-b961-874e4813aacd@group-1325C190FF0A-LeaderElection6] INFO  server.RaftServerConfigKeys (ConfUtils.java:logGet(46)) - raft.server.write.element-limit = 1024 (custom)
2023-01-26 20:29:57,661 [5982ba88-a0d3-4bb4-b961-874e4813aacd@group-1325C190FF0A-LeaderElection6] INFO  server.RaftServerConfigKeys (ConfUtils.java:logGet(46)) - raft.server.write.byte-limit = 1024 M (=1073741824) (custom)
2023-01-26 20:29:57,661 [5982ba88-a0d3-4bb4-b961-874e4813aacd@group-1325C190FF0A-LeaderElection6] INFO  server.RaftServerConfigKeys (ConfUtils.java:logGet(46)) - raft.server.watch.timeout = 180s (custom)
2023-01-26 20:29:57,661 [5982ba88-a0d3-4bb4-b961-874e4813aacd@group-1325C190FF0A-LeaderElection6] INFO  server.RaftServerConfigKeys (ConfUtils.java:logGet(46)) - raft.server.watch.timeout.denomination = 1s (default)
2023-01-26 20:29:57,661 [5982ba88-a0d3-4bb4-b961-874e4813aacd@group-1325C190FF0A-LeaderElection6] INFO  server.RaftServerConfigKeys (ConfUtils.java:logGet(46)) - raft.server.watch.element-limit = 65536 (default)
2023-01-26 20:29:57,661 [5982ba88-a0d3-4bb4-b961-874e4813aacd@group-1325C190FF0A-LeaderElection6] INFO  server.RaftServerConfigKeys (ConfUtils.java:logGet(46)) - raft.server.write.element-limit = 1024 (custom)
2023-01-26 20:29:57,661 [5982ba88-a0d3-4bb4-b961-874e4813aacd@group-1325C190FF0A-LeaderElection6] INFO  server.RaftServerConfigKeys (ConfUtils.java:logGet(46)) - raft.server.write.follower.gap.ratio.max = -1.0 (default)
2023-01-26 20:29:57,663 [5982ba88-a0d3-4bb4-b961-874e4813aacd@group-1325C190FF0A-LeaderElection6] INFO  impl.RoleInfo (RoleInfo.java:updateAndGet(139)) - 5982ba88-a0d3-4bb4-b961-874e4813aacd: start 5982ba88-a0d3-4bb4-b961-874e4813aacd@group-1325C190FF0A-LeaderStateImpl
2023-01-26 20:29:57,663 [5982ba88-a0d3-4bb4-b961-874e4813aacd@group-1325C190FF0A-LeaderElection6] INFO  segmented.SegmentedRaftLogWorker (SegmentedRaftLogWorker.java:startLogSegment(452)) - 5982ba88-a0d3-4bb4-b961-874e4813aacd@group-1325C190FF0A-SegmentedRaftLogWorker: Starting segment from index:0
2023-01-26 20:29:57,665 [5982ba88-a0d3-4bb4-b961-874e4813aacd@group-1325C190FF0A-LeaderElection6] INFO  server.RaftServer$Division (ServerState.java:setRaftConf(430)) - 5982ba88-a0d3-4bb4-b961-874e4813aacd@group-1325C190FF0A: set configuration 0: peers:[5982ba88-a0d3-4bb4-b961-874e4813aacd|rpc:10.1.0.15:35121|dataStream:10.1.0.15:36617|priority:1|startupRole:FOLLOWER]|listeners:[], old=null
2023-01-26 20:29:57,666 [5982ba88-a0d3-4bb4-b961-874e4813aacd@group-1325C190FF0A-SegmentedRaftLogWorker] INFO  segmented.SegmentedRaftLogWorker (SegmentedRaftLogWorker.java:execute(656)) - 5982ba88-a0d3-4bb4-b961-874e4813aacd@group-1325C190FF0A-SegmentedRaftLogWorker: created new log segment /home/runner/work/ozone/ozone/hadoop-ozone/integration-test/target/test-dir/MiniOzoneClusterImpl-91732d81-4c55-4ff3-841d-5fdfde2aad74/datanode-2/data/ratis/38a5c28f-434d-415b-a8b3-1325c190ff0a/current/log_inprogress_0
2023-01-26 20:29:57,712 [OM StateMachine ApplyTransaction Thread - 0] INFO  volume.OMVolumeCreateRequest (OMVolumeCreateRequest.java:validateAndUpdateCache(195)) - created volume:volume83577 for user:user57917
2023-01-26 20:29:57,731 [Listener at 127.0.0.1/38181] INFO  rpc.RpcClient (RpcClient.java:createBucket(693)) - Creating Bucket: volume83577/bucket75634, with bucket layout LEGACY, runner as owner, Versioning false, Storage Type set to DISK and Encryption set to false 
2023-01-26 20:29:57,746 [OM StateMachine ApplyTransaction Thread - 0] INFO  bucket.OMBucketCreateRequest (OMBucketCreateRequest.java:validateAndUpdateCache(263)) - created bucket: bucket75634 of layout LEGACY in volume: volume83577
2023-01-26 20:29:57,840 [b29357c9-7d45-4ae4-80d3-019e3f6bb8ef@group-7CE0E3F02AFB-FollowerState] INFO  impl.FollowerState (FollowerState.java:run(143)) - b29357c9-7d45-4ae4-80d3-019e3f6bb8ef@group-7CE0E3F02AFB-FollowerState: change to CANDIDATE, lastRpcElapsedTime:5035441622ns, electionTimeout:5034ms
2023-01-26 20:29:57,840 [b29357c9-7d45-4ae4-80d3-019e3f6bb8ef@group-7CE0E3F02AFB-FollowerState] INFO  impl.RoleInfo (RoleInfo.java:shutdownFollowerState(110)) - b29357c9-7d45-4ae4-80d3-019e3f6bb8ef: shutdown b29357c9-7d45-4ae4-80d3-019e3f6bb8ef@group-7CE0E3F02AFB-FollowerState
2023-01-26 20:29:57,840 [b29357c9-7d45-4ae4-80d3-019e3f6bb8ef@group-7CE0E3F02AFB-FollowerState] INFO  server.RaftServer$Division (RaftServerImpl.java:setRole(321)) - b29357c9-7d45-4ae4-80d3-019e3f6bb8ef@group-7CE0E3F02AFB: changes role from  FOLLOWER to CANDIDATE at term 0 for changeToCandidate
2023-01-26 20:29:57,840 [b29357c9-7d45-4ae4-80d3-019e3f6bb8ef@group-7CE0E3F02AFB-FollowerState] INFO  server.RaftServerConfigKeys (ConfUtils.java:logGet(46)) - raft.server.leaderelection.pre-vote = false (custom)
2023-01-26 20:29:57,840 [b29357c9-7d45-4ae4-80d3-019e3f6bb8ef@group-7CE0E3F02AFB-FollowerState] INFO  impl.RoleInfo (RoleInfo.java:updateAndGet(139)) - b29357c9-7d45-4ae4-80d3-019e3f6bb8ef: start b29357c9-7d45-4ae4-80d3-019e3f6bb8ef@group-7CE0E3F02AFB-LeaderElection7
2023-01-26 20:29:57,853 [b29357c9-7d45-4ae4-80d3-019e3f6bb8ef@group-7CE0E3F02AFB-LeaderElection7] INFO  impl.LeaderElection (LeaderElection.java:askForVotes(312)) - b29357c9-7d45-4ae4-80d3-019e3f6bb8ef@group-7CE0E3F02AFB-LeaderElection7 ELECTION round 0: submit vote requests at term 1 for -1: peers:[b29357c9-7d45-4ae4-80d3-019e3f6bb8ef|rpc:10.1.0.15:45551|dataStream:10.1.0.15:45865|priority:1|startupRole:FOLLOWER]|listeners:[], old=null
2023-01-26 20:29:57,853 [b29357c9-7d45-4ae4-80d3-019e3f6bb8ef@group-7CE0E3F02AFB-LeaderElection7] INFO  impl.LeaderElection (LeaderElection.java:askForVotes(314)) - b29357c9-7d45-4ae4-80d3-019e3f6bb8ef@group-7CE0E3F02AFB-LeaderElection7 ELECTION round 0: result PASSED (term=1)
2023-01-26 20:29:57,853 [b29357c9-7d45-4ae4-80d3-019e3f6bb8ef@group-7CE0E3F02AFB-LeaderElection7] INFO  impl.RoleInfo (RoleInfo.java:shutdownLeaderElection(130)) - b29357c9-7d45-4ae4-80d3-019e3f6bb8ef: shutdown b29357c9-7d45-4ae4-80d3-019e3f6bb8ef@group-7CE0E3F02AFB-LeaderElection7
2023-01-26 20:29:57,853 [b29357c9-7d45-4ae4-80d3-019e3f6bb8ef@group-7CE0E3F02AFB-LeaderElection7] INFO  server.RaftServer$Division (RaftServerImpl.java:setRole(321)) - b29357c9-7d45-4ae4-80d3-019e3f6bb8ef@group-7CE0E3F02AFB: changes role from CANDIDATE to LEADER at term 1 for changeToLeader
2023-01-26 20:29:57,853 [b29357c9-7d45-4ae4-80d3-019e3f6bb8ef@group-7CE0E3F02AFB-LeaderElection7] INFO  ratis.XceiverServerRatis (XceiverServerRatis.java:handleLeaderChangedNotification(904)) - Leader change notification received for group: group-7CE0E3F02AFB with new leaderId: b29357c9-7d45-4ae4-80d3-019e3f6bb8ef
2023-01-26 20:29:57,853 [b29357c9-7d45-4ae4-80d3-019e3f6bb8ef@group-7CE0E3F02AFB-LeaderElection7] INFO  server.RaftServer$Division (ServerState.java:setLeader(313)) - b29357c9-7d45-4ae4-80d3-019e3f6bb8ef@group-7CE0E3F02AFB: change Leader from null to b29357c9-7d45-4ae4-80d3-019e3f6bb8ef at term 1 for becomeLeader, leader elected after 5066ms
2023-01-26 20:29:57,853 [b29357c9-7d45-4ae4-80d3-019e3f6bb8ef@group-7CE0E3F02AFB-LeaderElection7] INFO  server.RaftServerConfigKeys (ConfUtils.java:logGet(46)) - raft.server.staging.catchup.gap = 1000 (default)
2023-01-26 20:29:57,855 [b29357c9-7d45-4ae4-80d3-019e3f6bb8ef@group-7CE0E3F02AFB-LeaderElection7] INFO  server.RaftServerConfigKeys (ConfUtils.java:logGet(46)) - raft.server.write.element-limit = 1024 (custom)
2023-01-26 20:29:57,856 [b29357c9-7d45-4ae4-80d3-019e3f6bb8ef@group-7CE0E3F02AFB-LeaderElection7] INFO  server.RaftServerConfigKeys (ConfUtils.java:logGet(46)) - raft.server.write.byte-limit = 1024 M (=1073741824) (custom)
2023-01-26 20:29:57,856 [b29357c9-7d45-4ae4-80d3-019e3f6bb8ef@group-7CE0E3F02AFB-LeaderElection7] INFO  server.RaftServerConfigKeys (ConfUtils.java:logGet(46)) - raft.server.watch.timeout = 180s (custom)
2023-01-26 20:29:57,856 [b29357c9-7d45-4ae4-80d3-019e3f6bb8ef@group-7CE0E3F02AFB-LeaderElection7] INFO  server.RaftServerConfigKeys (ConfUtils.java:logGet(46)) - raft.server.watch.timeout.denomination = 1s (default)
2023-01-26 20:29:57,856 [b29357c9-7d45-4ae4-80d3-019e3f6bb8ef@group-7CE0E3F02AFB-LeaderElection7] INFO  server.RaftServerConfigKeys (ConfUtils.java:logGet(46)) - raft.server.watch.element-limit = 65536 (default)
2023-01-26 20:29:57,856 [b29357c9-7d45-4ae4-80d3-019e3f6bb8ef@group-7CE0E3F02AFB-LeaderElection7] INFO  server.RaftServerConfigKeys (ConfUtils.java:logGet(46)) - raft.server.write.element-limit = 1024 (custom)
2023-01-26 20:29:57,856 [b29357c9-7d45-4ae4-80d3-019e3f6bb8ef@group-7CE0E3F02AFB-LeaderElection7] INFO  server.RaftServerConfigKeys (ConfUtils.java:logGet(46)) - raft.server.write.follower.gap.ratio.max = -1.0 (default)
2023-01-26 20:29:57,856 [b29357c9-7d45-4ae4-80d3-019e3f6bb8ef@group-7CE0E3F02AFB-LeaderElection7] INFO  impl.RoleInfo (RoleInfo.java:updateAndGet(139)) - b29357c9-7d45-4ae4-80d3-019e3f6bb8ef: start b29357c9-7d45-4ae4-80d3-019e3f6bb8ef@group-7CE0E3F02AFB-LeaderStateImpl
2023-01-26 20:29:57,856 [b29357c9-7d45-4ae4-80d3-019e3f6bb8ef@group-7CE0E3F02AFB-LeaderElection7] INFO  segmented.SegmentedRaftLogWorker (SegmentedRaftLogWorker.java:startLogSegment(452)) - b29357c9-7d45-4ae4-80d3-019e3f6bb8ef@group-7CE0E3F02AFB-SegmentedRaftLogWorker: Starting segment from index:0
2023-01-26 20:29:57,859 [b29357c9-7d45-4ae4-80d3-019e3f6bb8ef@group-7CE0E3F02AFB-SegmentedRaftLogWorker] INFO  segmented.SegmentedRaftLogWorker (SegmentedRaftLogWorker.java:execute(656)) - b29357c9-7d45-4ae4-80d3-019e3f6bb8ef@group-7CE0E3F02AFB-SegmentedRaftLogWorker: created new log segment /home/runner/work/ozone/ozone/hadoop-ozone/integration-test/target/test-dir/MiniOzoneClusterImpl-91732d81-4c55-4ff3-841d-5fdfde2aad74/datanode-3/data/ratis/de05051a-2b37-4acd-834b-7ce0e3f02afb/current/log_inprogress_0
2023-01-26 20:29:57,862 [b29357c9-7d45-4ae4-80d3-019e3f6bb8ef@group-7CE0E3F02AFB-LeaderElection7] INFO  server.RaftServer$Division (ServerState.java:setRaftConf(430)) - b29357c9-7d45-4ae4-80d3-019e3f6bb8ef@group-7CE0E3F02AFB: set configuration 0: peers:[b29357c9-7d45-4ae4-80d3-019e3f6bb8ef|rpc:10.1.0.15:45551|dataStream:10.1.0.15:45865|priority:1|startupRole:FOLLOWER]|listeners:[], old=null
]]></system-out>
  </testcase>
  <testcase name="testGetTrashRoot" classname="TestOzoneFileSystem" time="25.251">
    <system-out><![CDATA[2023-01-26 20:30:42,737 [Listener at 127.0.0.1/38181] INFO  ozone.MiniOzoneClusterImpl (MiniOzoneClusterImpl.java:shutdown(450)) - Shutting down the Mini Ozone Cluster
2023-01-26 20:30:42,737 [Listener at 127.0.0.1/38181] INFO  ozone.MiniOzoneClusterImpl (MiniOzoneClusterImpl.java:stop(465)) - Stopping the Mini Ozone Cluster
2023-01-26 20:30:42,737 [Listener at 127.0.0.1/38181] INFO  ozone.MiniOzoneClusterImpl (MiniOzoneClusterImpl.java:stopOM(547)) - Stopping the OzoneManager
2023-01-26 20:30:42,738 [Listener at 127.0.0.1/38181] INFO  om.OzoneManager (OzoneManager.java:stop(2071)) - om1[localhost:0]: Stopping Ozone Manager
2023-01-26 20:30:42,738 [Listener at 127.0.0.1/38181] INFO  ipc.Server (Server.java:stop(3428)) - Stopping server on 38181
2023-01-26 20:30:42,756 [IPC Server listener on 0] INFO  ipc.Server (Server.java:run(1384)) - Stopping IPC Server listener on 0
2023-01-26 20:30:42,757 [IPC Server Responder] INFO  ipc.Server (Server.java:run(1517)) - Stopping IPC Server Responder
2023-01-26 20:30:42,758 [Listener at 127.0.0.1/38181] INFO  server.RaftServer (RaftServerProxy.java:lambda$close$6(409)) - om1: close
2023-01-26 20:30:42,758 [Listener at 127.0.0.1/38181] INFO  server.GrpcService (GrpcService.java:closeImpl(271)) - om1: shutdown server GrpcServerProtocolService now
2023-01-26 20:30:42,758 [om1-impl-thread1] INFO  server.RaftServer$Division (RaftServerImpl.java:lambda$close$4(458)) - om1@group-C5BA1605619E: shutdown
2023-01-26 20:30:42,759 [om1-impl-thread1] INFO  util.JmxRegister (JmxRegister.java:unregister(73)) - Successfully un-registered JMX Bean with object name Ratis:service=RaftServer,group=group-C5BA1605619E,id=om1
2023-01-26 20:30:42,759 [om1-impl-thread1] INFO  impl.RoleInfo (RoleInfo.java:shutdownLeaderState(93)) - om1: shutdown om1@group-C5BA1605619E-LeaderStateImpl
2023-01-26 20:30:42,759 [om1-impl-thread1] INFO  impl.PendingRequests (PendingRequests.java:sendNotLeaderResponses(282)) - om1@group-C5BA1605619E-PendingRequests: sendNotLeaderResponses
2023-01-26 20:30:42,764 [Listener at 127.0.0.1/38181] INFO  server.GrpcService (GrpcService.java:closeImpl(280)) - om1: shutdown server GrpcServerProtocolService successfully
2023-01-26 20:30:42,764 [om1-NettyServerStreamRpc-bossGroup--thread1] INFO  logging.LoggingHandler (AbstractInternalLogger.java:log(148)) - [id: 0x805e5939, L:/0:0:0:0:0:0:0:0:45823] CLOSE
2023-01-26 20:30:42,764 [om1-NettyServerStreamRpc-bossGroup--thread1] INFO  logging.LoggingHandler (AbstractInternalLogger.java:log(148)) - [id: 0x805e5939, L:/0:0:0:0:0:0:0:0:45823] INACTIVE
2023-01-26 20:30:42,764 [om1-NettyServerStreamRpc-bossGroup--thread1] INFO  logging.LoggingHandler (AbstractInternalLogger.java:log(148)) - [id: 0x805e5939, L:/0:0:0:0:0:0:0:0:45823] UNREGISTERED
2023-01-26 20:30:42,799 [om1-impl-thread1] INFO  impl.StateMachineUpdater (StateMachineUpdater.java:stopAndJoin(153)) - om1@group-C5BA1605619E-StateMachineUpdater: set stopIndex = 37010
2023-01-26 20:30:42,799 [om1@group-C5BA1605619E-StateMachineUpdater] INFO  ratis.OzoneManagerStateMachine (OzoneManagerStateMachine.java:takeSnapshot(445)) - Current Snapshot Index (t:1, i:37010)
2023-01-26 20:30:42,800 [om1@group-C5BA1605619E-StateMachineUpdater] INFO  impl.StateMachineUpdater (StateMachineUpdater.java:takeSnapshot(287)) - om1@group-C5BA1605619E-StateMachineUpdater: Took a snapshot at index 37010
2023-01-26 20:30:42,801 [om1@group-C5BA1605619E-StateMachineUpdater] INFO  impl.StateMachineUpdater (StateMachineUpdater.java:lambda$new$0(92)) - om1@group-C5BA1605619E-StateMachineUpdater: snapshotIndex: updateIncreasingly -1 -> 37010
2023-01-26 20:30:42,801 [om1@group-C5BA1605619E-StateMachineUpdater] INFO  ratis.OzoneManagerStateMachine (OzoneManagerStateMachine.java:close(499)) - StateMachine has shutdown. Shutdown OzoneManager if not already shutdown.
2023-01-26 20:30:42,801 [om1@group-C5BA1605619E-StateMachineUpdater] INFO  ratis.OzoneManagerDoubleBuffer (OzoneManagerDoubleBuffer.java:stop(467)) - Stopping OMDoubleBuffer flush thread
2023-01-26 20:30:42,801 [OMDoubleBufferFlushThread] INFO  ratis.OzoneManagerDoubleBuffer (OzoneManagerDoubleBuffer.java:flushTransactions(388)) - OMDoubleBuffer flush thread OMDoubleBufferFlushThread is interrupted and will exit.
2023-01-26 20:30:42,803 [om1-impl-thread1] INFO  server.RaftServer$Division (ServerState.java:close(466)) - om1@group-C5BA1605619E: closes. applyIndex: 37010
2023-01-26 20:30:42,811 [om1@group-C5BA1605619E-SegmentedRaftLogWorker] INFO  segmented.SegmentedRaftLogWorker (SegmentedRaftLogWorker.java:run(347)) - om1@group-C5BA1605619E-SegmentedRaftLogWorker was interrupted, exiting. There are 0 tasks remaining in the queue.
2023-01-26 20:30:42,814 [om1-impl-thread1] INFO  segmented.SegmentedRaftLogWorker (SegmentedRaftLogWorker.java:close(257)) - om1@group-C5BA1605619E-SegmentedRaftLogWorker close()
2023-01-26 20:30:42,814 [JvmPauseMonitor0] INFO  util.JvmPauseMonitor (JvmPauseMonitor.java:run(111)) - JvmPauseMonitor-om1: Stopped
2023-01-26 20:30:42,815 [Listener at 127.0.0.1/38181] INFO  ratis.OzoneManagerStateMachine (OzoneManagerStateMachine.java:close(499)) - StateMachine has shutdown. Shutdown OzoneManager if not already shutdown.
2023-01-26 20:30:42,815 [Listener at 127.0.0.1/38181] INFO  ratis.OzoneManagerDoubleBuffer (OzoneManagerDoubleBuffer.java:stop(479)) - OMDoubleBuffer flush thread is not running.
2023-01-26 20:30:42,815 [Listener at 127.0.0.1/38181] INFO  utils.BackgroundService (BackgroundService.java:shutdown(141)) - Shutting down service KeyDeletingService
2023-01-26 20:30:42,815 [Listener at 127.0.0.1/38181] INFO  utils.BackgroundService (BackgroundService.java:shutdown(141)) - Shutting down service DirectoryDeletingService
2023-01-26 20:30:42,815 [Listener at 127.0.0.1/38181] INFO  utils.BackgroundService (BackgroundService.java:shutdown(141)) - Shutting down service OpenKeyCleanupService
2023-01-26 20:30:42,817 [Listener at 127.0.0.1/38181] INFO  handler.ContextHandler (ContextHandler.java:doStop(1159)) - Stopped o.e.j.w.WebAppContext@20d7c50d{ozoneManager,/,null,STOPPED}{file:/home/runner/work/ozone/ozone/hadoop-ozone/integration-test/target/test-classes/webapps/ozoneManager}
2023-01-26 20:30:42,826 [Listener at 127.0.0.1/38181] INFO  server.AbstractConnector (AbstractConnector.java:doStop(383)) - Stopped ServerConnector@5b6626e5{HTTP/1.1, (http/1.1)}{0.0.0.0:0}
2023-01-26 20:30:42,826 [Listener at 127.0.0.1/38181] INFO  server.session (HouseKeeper.java:stopScavenging(149)) - node0 Stopped scavenging
2023-01-26 20:30:42,826 [Listener at 127.0.0.1/38181] INFO  handler.ContextHandler (ContextHandler.java:doStop(1159)) - Stopped o.e.j.s.ServletContextHandler@5a79b792{static,/static,file:///home/runner/work/ozone/ozone/hadoop-ozone/integration-test/target/test-classes/webapps/static,STOPPED}
2023-01-26 20:30:42,827 [Listener at 127.0.0.1/38181] INFO  handler.ContextHandler (ContextHandler.java:doStop(1159)) - Stopped o.e.j.s.ServletContextHandler@107b7bea{logs,/logs,file:///home/runner/work/ozone/ozone/hadoop-ozone/integration-test/target/log,STOPPED}
2023-01-26 20:30:42,832 [Trash Emptier] ERROR om.TrashPolicyOzone (TrashPolicyOzone.java:run(350)) - Error attempting to shutdown
java.lang.InterruptedException
	at java.util.concurrent.locks.AbstractQueuedSynchronizer$ConditionObject.awaitNanos(AbstractQueuedSynchronizer.java:2067)
	at java.util.concurrent.ThreadPoolExecutor.awaitTermination(ThreadPoolExecutor.java:1475)
	at org.apache.hadoop.ozone.om.TrashPolicyOzone$Emptier.run(TrashPolicyOzone.java:348)
	at java.lang.Thread.run(Thread.java:750)
2023-01-26 20:30:42,841 [Listener at 127.0.0.1/38181] INFO  ozone.MiniOzoneClusterImpl (MiniOzoneClusterImpl.java:stopDatanodes(524)) - Stopping the HddsDatanodes
2023-01-26 20:30:42,847 [Listener at 127.0.0.1/38181] INFO  ozoneimpl.OzoneContainer (OzoneContainer.java:stop(421)) - Attempting to stop container services.
2023-01-26 20:30:42,848 [Listener at 127.0.0.1/38181] INFO  server.RaftServer (RaftServerProxy.java:lambda$close$6(409)) - 5982ba88-a0d3-4bb4-b961-874e4813aacd: close
2023-01-26 20:30:42,848 [5982ba88-a0d3-4bb4-b961-874e4813aacd-impl-thread1] INFO  server.RaftServer$Division (RaftServerImpl.java:lambda$close$4(458)) - 5982ba88-a0d3-4bb4-b961-874e4813aacd@group-1325C190FF0A: shutdown
2023-01-26 20:30:42,849 [5982ba88-a0d3-4bb4-b961-874e4813aacd-impl-thread1] INFO  util.JmxRegister (JmxRegister.java:unregister(73)) - Successfully un-registered JMX Bean with object name Ratis:service=RaftServer,group=group-1325C190FF0A,id=5982ba88-a0d3-4bb4-b961-874e4813aacd
2023-01-26 20:30:42,849 [5982ba88-a0d3-4bb4-b961-874e4813aacd-impl-thread1] INFO  impl.RoleInfo (RoleInfo.java:shutdownLeaderState(93)) - 5982ba88-a0d3-4bb4-b961-874e4813aacd: shutdown 5982ba88-a0d3-4bb4-b961-874e4813aacd@group-1325C190FF0A-LeaderStateImpl
2023-01-26 20:30:42,849 [5982ba88-a0d3-4bb4-b961-874e4813aacd-impl-thread1] INFO  impl.PendingRequests (PendingRequests.java:sendNotLeaderResponses(282)) - 5982ba88-a0d3-4bb4-b961-874e4813aacd@group-1325C190FF0A-PendingRequests: sendNotLeaderResponses
2023-01-26 20:30:42,850 [5982ba88-a0d3-4bb4-b961-874e4813aacd-impl-thread1] INFO  impl.StateMachineUpdater (StateMachineUpdater.java:stopAndJoin(153)) - 5982ba88-a0d3-4bb4-b961-874e4813aacd@group-1325C190FF0A-StateMachineUpdater: set stopIndex = 0
2023-01-26 20:30:42,850 [5982ba88-a0d3-4bb4-b961-874e4813aacd@group-1325C190FF0A-StateMachineUpdater] INFO  ratis.ContainerStateMachine (ContainerStateMachine.java:takeSnapshot(308)) - group-1325C190FF0A: Taking a snapshot at:(t:1, i:0) file /home/runner/work/ozone/ozone/hadoop-ozone/integration-test/target/test-dir/MiniOzoneClusterImpl-91732d81-4c55-4ff3-841d-5fdfde2aad74/datanode-2/data/ratis/38a5c28f-434d-415b-a8b3-1325c190ff0a/sm/snapshot.1_0
2023-01-26 20:30:42,853 [5982ba88-a0d3-4bb4-b961-874e4813aacd-impl-thread2] INFO  server.RaftServer$Division (RaftServerImpl.java:lambda$close$4(458)) - 5982ba88-a0d3-4bb4-b961-874e4813aacd@group-C481FBFF3B85: shutdown
2023-01-26 20:30:42,853 [5982ba88-a0d3-4bb4-b961-874e4813aacd-impl-thread2] INFO  util.JmxRegister (JmxRegister.java:unregister(73)) - Successfully un-registered JMX Bean with object name Ratis:service=RaftServer,group=group-C481FBFF3B85,id=5982ba88-a0d3-4bb4-b961-874e4813aacd
2023-01-26 20:30:42,853 [5982ba88-a0d3-4bb4-b961-874e4813aacd-impl-thread2] INFO  impl.RoleInfo (RoleInfo.java:shutdownLeaderState(93)) - 5982ba88-a0d3-4bb4-b961-874e4813aacd: shutdown 5982ba88-a0d3-4bb4-b961-874e4813aacd@group-C481FBFF3B85-LeaderStateImpl
2023-01-26 20:30:42,853 [Listener at 127.0.0.1/38181] INFO  server.GrpcService (GrpcService.java:closeImpl(271)) - 5982ba88-a0d3-4bb4-b961-874e4813aacd: shutdown server GrpcServerProtocolService now
2023-01-26 20:30:42,855 [5982ba88-a0d3-4bb4-b961-874e4813aacd@group-C481FBFF3B85->1568f87f-b911-477a-a667-1c441b63e4c2-GrpcLogAppender-LogAppenderDaemon] WARN  server.GrpcLogAppender (GrpcLogAppender.java:mayWait(200)) - 5982ba88-a0d3-4bb4-b961-874e4813aacd@group-C481FBFF3B85->1568f87f-b911-477a-a667-1c441b63e4c2-GrpcLogAppender: Wait interrupted by java.lang.InterruptedException
2023-01-26 20:30:42,856 [5982ba88-a0d3-4bb4-b961-874e4813aacd-impl-thread2] INFO  impl.PendingRequests (PendingRequests.java:sendNotLeaderResponses(282)) - 5982ba88-a0d3-4bb4-b961-874e4813aacd@group-C481FBFF3B85-PendingRequests: sendNotLeaderResponses
2023-01-26 20:30:42,856 [5982ba88-a0d3-4bb4-b961-874e4813aacd-impl-thread2] INFO  impl.StateMachineUpdater (StateMachineUpdater.java:stopAndJoin(153)) - 5982ba88-a0d3-4bb4-b961-874e4813aacd@group-C481FBFF3B85-StateMachineUpdater: set stopIndex = 0
2023-01-26 20:30:42,856 [5982ba88-a0d3-4bb4-b961-874e4813aacd-impl-thread3] INFO  server.RaftServer$Division (RaftServerImpl.java:lambda$close$4(458)) - 5982ba88-a0d3-4bb4-b961-874e4813aacd@group-DB628AD3D204: shutdown
2023-01-26 20:30:42,856 [5982ba88-a0d3-4bb4-b961-874e4813aacd-impl-thread3] INFO  util.JmxRegister (JmxRegister.java:unregister(73)) - Successfully un-registered JMX Bean with object name Ratis:service=RaftServer,group=group-DB628AD3D204,id=5982ba88-a0d3-4bb4-b961-874e4813aacd
2023-01-26 20:30:42,856 [5982ba88-a0d3-4bb4-b961-874e4813aacd-impl-thread3] INFO  impl.RoleInfo (RoleInfo.java:shutdownFollowerState(110)) - 5982ba88-a0d3-4bb4-b961-874e4813aacd: shutdown 5982ba88-a0d3-4bb4-b961-874e4813aacd@group-DB628AD3D204-FollowerState
2023-01-26 20:30:42,856 [5982ba88-a0d3-4bb4-b961-874e4813aacd@group-DB628AD3D204-FollowerState] INFO  impl.FollowerState (FollowerState.java:run(152)) - 5982ba88-a0d3-4bb4-b961-874e4813aacd@group-DB628AD3D204-FollowerState was interrupted
2023-01-26 20:30:42,857 [5982ba88-a0d3-4bb4-b961-874e4813aacd@group-C481FBFF3B85-StateMachineUpdater] INFO  ratis.ContainerStateMachine (ContainerStateMachine.java:takeSnapshot(308)) - group-C481FBFF3B85: Taking a snapshot at:(t:3, i:0) file /home/runner/work/ozone/ozone/hadoop-ozone/integration-test/target/test-dir/MiniOzoneClusterImpl-91732d81-4c55-4ff3-841d-5fdfde2aad74/datanode-2/data/ratis/79c39a30-5e94-4bb2-b8be-c481fbff3b85/sm/snapshot.3_0
2023-01-26 20:30:42,857 [5982ba88-a0d3-4bb4-b961-874e4813aacd@group-DB628AD3D204-StateMachineUpdater] INFO  ratis.ContainerStateMachine (ContainerStateMachine.java:takeSnapshot(308)) - group-DB628AD3D204: Taking a snapshot at:(t:1, i:30) file /home/runner/work/ozone/ozone/hadoop-ozone/integration-test/target/test-dir/MiniOzoneClusterImpl-91732d81-4c55-4ff3-841d-5fdfde2aad74/datanode-2/data/ratis/4fd980bb-761d-409a-aded-db628ad3d204/sm/snapshot.1_30
2023-01-26 20:30:42,856 [5982ba88-a0d3-4bb4-b961-874e4813aacd@group-C481FBFF3B85->7bf5aaad-ce4d-4dcc-9fd5-6307881c1b43-GrpcLogAppender-LogAppenderDaemon] WARN  server.GrpcLogAppender (GrpcLogAppender.java:mayWait(200)) - 5982ba88-a0d3-4bb4-b961-874e4813aacd@group-C481FBFF3B85->7bf5aaad-ce4d-4dcc-9fd5-6307881c1b43-GrpcLogAppender: Wait interrupted by java.lang.InterruptedException
2023-01-26 20:30:42,858 [Listener at 127.0.0.1/38181] INFO  server.GrpcServerProtocolClient (GrpcServerProtocolClient.java:close(101)) - 7bf5aaad-ce4d-4dcc-9fd5-6307881c1b43 Close channels
2023-01-26 20:30:42,858 [5982ba88-a0d3-4bb4-b961-874e4813aacd-impl-thread3] INFO  impl.StateMachineUpdater (StateMachineUpdater.java:stopAndJoin(153)) - 5982ba88-a0d3-4bb4-b961-874e4813aacd@group-DB628AD3D204-StateMachineUpdater: set stopIndex = 30
2023-01-26 20:30:42,859 [ForkJoinPool.commonPool-worker-0] INFO  ozoneimpl.OzoneContainer (OzoneContainer.java:stop(421)) - Attempting to stop container services.
2023-01-26 20:30:42,862 [ForkJoinPool.commonPool-worker-0] INFO  server.RaftServer (RaftServerProxy.java:lambda$close$6(409)) - 1568f87f-b911-477a-a667-1c441b63e4c2: close
2023-01-26 20:30:42,862 [1568f87f-b911-477a-a667-1c441b63e4c2-impl-thread1] INFO  server.RaftServer$Division (RaftServerImpl.java:lambda$close$4(458)) - 1568f87f-b911-477a-a667-1c441b63e4c2@group-C481FBFF3B85: shutdown
2023-01-26 20:30:42,862 [1568f87f-b911-477a-a667-1c441b63e4c2-impl-thread1] INFO  util.JmxRegister (JmxRegister.java:unregister(73)) - Successfully un-registered JMX Bean with object name Ratis:service=RaftServer,group=group-C481FBFF3B85,id=1568f87f-b911-477a-a667-1c441b63e4c2
2023-01-26 20:30:42,862 [1568f87f-b911-477a-a667-1c441b63e4c2-impl-thread1] INFO  impl.RoleInfo (RoleInfo.java:shutdownFollowerState(110)) - 1568f87f-b911-477a-a667-1c441b63e4c2: shutdown 1568f87f-b911-477a-a667-1c441b63e4c2@group-C481FBFF3B85-FollowerState
2023-01-26 20:30:42,876 [1568f87f-b911-477a-a667-1c441b63e4c2-impl-thread1] INFO  impl.StateMachineUpdater (StateMachineUpdater.java:stopAndJoin(153)) - 1568f87f-b911-477a-a667-1c441b63e4c2@group-C481FBFF3B85-StateMachineUpdater: set stopIndex = 0
2023-01-26 20:30:42,876 [1568f87f-b911-477a-a667-1c441b63e4c2-impl-thread2] INFO  server.RaftServer$Division (RaftServerImpl.java:lambda$close$4(458)) - 1568f87f-b911-477a-a667-1c441b63e4c2@group-D7BFA16F605B: shutdown
2023-01-26 20:30:42,876 [1568f87f-b911-477a-a667-1c441b63e4c2-impl-thread2] INFO  util.JmxRegister (JmxRegister.java:unregister(73)) - Successfully un-registered JMX Bean with object name Ratis:service=RaftServer,group=group-D7BFA16F605B,id=1568f87f-b911-477a-a667-1c441b63e4c2
2023-01-26 20:30:42,876 [1568f87f-b911-477a-a667-1c441b63e4c2-impl-thread2] INFO  impl.RoleInfo (RoleInfo.java:shutdownLeaderState(93)) - 1568f87f-b911-477a-a667-1c441b63e4c2: shutdown 1568f87f-b911-477a-a667-1c441b63e4c2@group-D7BFA16F605B-LeaderStateImpl
2023-01-26 20:30:42,876 [1568f87f-b911-477a-a667-1c441b63e4c2-impl-thread2] INFO  impl.PendingRequests (PendingRequests.java:sendNotLeaderResponses(282)) - 1568f87f-b911-477a-a667-1c441b63e4c2@group-D7BFA16F605B-PendingRequests: sendNotLeaderResponses
2023-01-26 20:30:42,877 [1568f87f-b911-477a-a667-1c441b63e4c2-impl-thread2] INFO  impl.StateMachineUpdater (StateMachineUpdater.java:stopAndJoin(153)) - 1568f87f-b911-477a-a667-1c441b63e4c2@group-D7BFA16F605B-StateMachineUpdater: set stopIndex = 0
2023-01-26 20:30:42,878 [1568f87f-b911-477a-a667-1c441b63e4c2@group-C481FBFF3B85-FollowerState] INFO  impl.FollowerState (FollowerState.java:run(152)) - 1568f87f-b911-477a-a667-1c441b63e4c2@group-C481FBFF3B85-FollowerState was interrupted
2023-01-26 20:30:42,878 [1568f87f-b911-477a-a667-1c441b63e4c2@group-C481FBFF3B85-StateMachineUpdater] INFO  ratis.ContainerStateMachine (ContainerStateMachine.java:takeSnapshot(308)) - group-C481FBFF3B85: Taking a snapshot at:(t:3, i:0) file /home/runner/work/ozone/ozone/hadoop-ozone/integration-test/target/test-dir/MiniOzoneClusterImpl-91732d81-4c55-4ff3-841d-5fdfde2aad74/datanode-1/data/ratis/79c39a30-5e94-4bb2-b8be-c481fbff3b85/sm/snapshot.3_0
2023-01-26 20:30:42,878 [grpc-default-executor-2] WARN  server.GrpcServerProtocolService (LogUtils.java:warn(122)) - 5982ba88-a0d3-4bb4-b961-874e4813aacd: installSnapshot onError, lastRequest: 7bf5aaad-ce4d-4dcc-9fd5-6307881c1b43->5982ba88-a0d3-4bb4-b961-874e4813aacd#398-t1,previous=(t:1, i:29),leaderCommit=29,initializing? true,entries: size=1, first=(t:1, i:30), METADATAENTRY(c:28): org.apache.ratis.thirdparty.io.grpc.StatusRuntimeException: CANCELLED: client cancelled
2023-01-26 20:30:42,879 [1568f87f-b911-477a-a667-1c441b63e4c2@group-D7BFA16F605B-StateMachineUpdater] INFO  ratis.ContainerStateMachine (ContainerStateMachine.java:takeSnapshot(308)) - group-D7BFA16F605B: Taking a snapshot at:(t:1, i:0) file /home/runner/work/ozone/ozone/hadoop-ozone/integration-test/target/test-dir/MiniOzoneClusterImpl-91732d81-4c55-4ff3-841d-5fdfde2aad74/datanode-1/data/ratis/c0472a0b-7d75-4aa8-b7c0-d7bfa16f605b/sm/snapshot.1_0
2023-01-26 20:30:42,881 [grpc-default-executor-2] INFO  server.GrpcServerProtocolService (GrpcServerProtocolService.java:onCompleted(143)) - 1568f87f-b911-477a-a667-1c441b63e4c2: Completed APPEND_ENTRIES, lastRequest: null
2023-01-26 20:30:42,896 [ForkJoinPool.commonPool-worker-0] INFO  server.GrpcService (GrpcService.java:closeImpl(271)) - 1568f87f-b911-477a-a667-1c441b63e4c2: shutdown server GrpcServerProtocolService now
2023-01-26 20:30:42,900 [1568f87f-b911-477a-a667-1c441b63e4c2-impl-thread3] INFO  server.RaftServer$Division (RaftServerImpl.java:lambda$close$4(458)) - 1568f87f-b911-477a-a667-1c441b63e4c2@group-DB628AD3D204: shutdown
2023-01-26 20:30:42,900 [1568f87f-b911-477a-a667-1c441b63e4c2-impl-thread3] INFO  util.JmxRegister (JmxRegister.java:unregister(73)) - Successfully un-registered JMX Bean with object name Ratis:service=RaftServer,group=group-DB628AD3D204,id=1568f87f-b911-477a-a667-1c441b63e4c2
2023-01-26 20:30:42,900 [1568f87f-b911-477a-a667-1c441b63e4c2-impl-thread3] INFO  impl.RoleInfo (RoleInfo.java:shutdownFollowerState(110)) - 1568f87f-b911-477a-a667-1c441b63e4c2: shutdown 1568f87f-b911-477a-a667-1c441b63e4c2@group-DB628AD3D204-FollowerState
2023-01-26 20:30:42,900 [1568f87f-b911-477a-a667-1c441b63e4c2-impl-thread3] INFO  impl.StateMachineUpdater (StateMachineUpdater.java:stopAndJoin(153)) - 1568f87f-b911-477a-a667-1c441b63e4c2@group-DB628AD3D204-StateMachineUpdater: set stopIndex = 30
2023-01-26 20:30:42,901 [1568f87f-b911-477a-a667-1c441b63e4c2@group-DB628AD3D204-FollowerState] INFO  impl.FollowerState (FollowerState.java:run(152)) - 1568f87f-b911-477a-a667-1c441b63e4c2@group-DB628AD3D204-FollowerState was interrupted
2023-01-26 20:30:42,901 [1568f87f-b911-477a-a667-1c441b63e4c2@group-DB628AD3D204-StateMachineUpdater] INFO  ratis.ContainerStateMachine (ContainerStateMachine.java:takeSnapshot(308)) - group-DB628AD3D204: Taking a snapshot at:(t:1, i:30) file /home/runner/work/ozone/ozone/hadoop-ozone/integration-test/target/test-dir/MiniOzoneClusterImpl-91732d81-4c55-4ff3-841d-5fdfde2aad74/datanode-1/data/ratis/4fd980bb-761d-409a-aded-db628ad3d204/sm/snapshot.1_30
2023-01-26 20:30:42,905 [grpc-default-executor-1] WARN  server.GrpcLogAppender (LogUtils.java:warn(122)) - 7bf5aaad-ce4d-4dcc-9fd5-6307881c1b43@group-DB628AD3D204->5982ba88-a0d3-4bb4-b961-874e4813aacd-AppendLogResponseHandler: Failed appendEntries: org.apache.ratis.thirdparty.io.grpc.StatusRuntimeException: CANCELLED: RST_STREAM closed stream. HTTP/2 error code: CANCEL
2023-01-26 20:30:42,906 [grpc-default-executor-5] WARN  server.GrpcServerProtocolService (LogUtils.java:warn(122)) - 1568f87f-b911-477a-a667-1c441b63e4c2: installSnapshot onError, lastRequest: 7bf5aaad-ce4d-4dcc-9fd5-6307881c1b43->1568f87f-b911-477a-a667-1c441b63e4c2#406-t1,previous=(t:1, i:29),leaderCommit=29,initializing? true,entries: size=1, first=(t:1, i:30), METADATAENTRY(c:28): org.apache.ratis.thirdparty.io.grpc.StatusRuntimeException: CANCELLED: client cancelled
2023-01-26 20:30:42,906 [grpc-default-executor-3] WARN  server.GrpcServerProtocolService (LogUtils.java:warn(122)) - 1568f87f-b911-477a-a667-1c441b63e4c2: installSnapshot onError, lastRequest: null: org.apache.ratis.thirdparty.io.grpc.StatusRuntimeException: CANCELLED: client cancelled
2023-01-26 20:30:42,881 [grpc-default-executor-4] WARN  server.GrpcServerProtocolService (LogUtils.java:warn(122)) - 5982ba88-a0d3-4bb4-b961-874e4813aacd: installSnapshot onError, lastRequest: null: org.apache.ratis.thirdparty.io.grpc.StatusRuntimeException: CANCELLED: client cancelled
2023-01-26 20:30:42,907 [grpc-default-executor-0] INFO  server.GrpcServerProtocolService (GrpcServerProtocolService.java:onCompleted(143)) - 1568f87f-b911-477a-a667-1c441b63e4c2: Completed APPEND_ENTRIES, lastRequest: 5982ba88-a0d3-4bb4-b961-874e4813aacd->1568f87f-b911-477a-a667-1c441b63e4c2#1-t3,previous=(t:0, i:0),leaderCommit=0,initializing? true,entries: size=1, first=(t:3, i:0), CONFIGURATIONENTRY(current:id: "5982ba88-a0d3-4bb4-b961-874e4813aacd"
address: "10.1.0.15:35121"
priority: 1
dataStreamAddress: "10.1.0.15:36617"
clientAddress: "10.1.0.15:35121"
adminAddress: "10.1.0.15:35121"
startupRole: FOLLOWER
,id: "7bf5aaad-ce4d-4dcc-9fd5-6307881c1b43"
address: "10.1.0.15:41477"
dataStreamAddress: "10.1.0.15:41069"
clientAddress: "10.1.0.15:41477"
adminAddress: "10.1.0.15:41477"
startupRole: FOLLOWER
,id: "1568f87f-b911-477a-a667-1c441b63e4c2"
address: "10.1.0.15:44955"
dataStreamAddress: "10.1.0.15:41383"
clientAddress: "10.1.0.15:44955"
adminAddress: "10.1.0.15:44955"
startupRole: FOLLOWER
, old:)
2023-01-26 20:30:42,909 [grpc-default-executor-1] INFO  leader.FollowerInfo (FollowerInfoImpl.java:lambda$new$0(48)) - 7bf5aaad-ce4d-4dcc-9fd5-6307881c1b43@group-DB628AD3D204->5982ba88-a0d3-4bb4-b961-874e4813aacd: nextIndex: updateUnconditionally 31 -> 30
2023-01-26 20:30:42,922 [ForkJoinPool.commonPool-worker-0] INFO  server.GrpcServerProtocolClient (GrpcServerProtocolClient.java:close(101)) - 5982ba88-a0d3-4bb4-b961-874e4813aacd Close channels
2023-01-26 20:30:42,924 [grpc-default-executor-6] INFO  server.GrpcServerProtocolService (GrpcServerProtocolService.java:onCompleted(143)) - 7bf5aaad-ce4d-4dcc-9fd5-6307881c1b43: Completed APPEND_ENTRIES, lastRequest: null
2023-01-26 20:30:42,924 [grpc-default-executor-2] WARN  server.GrpcLogAppender (LogUtils.java:warn(122)) - 7bf5aaad-ce4d-4dcc-9fd5-6307881c1b43@group-DB628AD3D204->5982ba88-a0d3-4bb4-b961-874e4813aacd-AppendLogResponseHandler: Failed appendEntries: org.apache.ratis.thirdparty.io.grpc.StatusRuntimeException: CANCELLED: RST_STREAM closed stream. HTTP/2 error code: CANCEL
2023-01-26 20:30:42,925 [grpc-default-executor-6] WARN  server.GrpcLogAppender (LogUtils.java:warn(122)) - 7bf5aaad-ce4d-4dcc-9fd5-6307881c1b43@group-DB628AD3D204->1568f87f-b911-477a-a667-1c441b63e4c2-AppendLogResponseHandler: Failed appendEntries: org.apache.ratis.thirdparty.io.grpc.StatusRuntimeException: CANCELLED: RST_STREAM closed stream. HTTP/2 error code: CANCEL
2023-01-26 20:30:42,940 [5982ba88-a0d3-4bb4-b961-874e4813aacd@group-1325C190FF0A-StateMachineUpdater] INFO  ratis.ContainerStateMachine (ContainerStateMachine.java:takeSnapshot(319)) - group-1325C190FF0A: Finished taking a snapshot at:(t:1, i:0) file:/home/runner/work/ozone/ozone/hadoop-ozone/integration-test/target/test-dir/MiniOzoneClusterImpl-91732d81-4c55-4ff3-841d-5fdfde2aad74/datanode-2/data/ratis/38a5c28f-434d-415b-a8b3-1325c190ff0a/sm/snapshot.1_0 took: 90 ms
2023-01-26 20:30:42,940 [1568f87f-b911-477a-a667-1c441b63e4c2@group-C481FBFF3B85-StateMachineUpdater] INFO  ratis.ContainerStateMachine (ContainerStateMachine.java:takeSnapshot(319)) - group-C481FBFF3B85: Finished taking a snapshot at:(t:3, i:0) file:/home/runner/work/ozone/ozone/hadoop-ozone/integration-test/target/test-dir/MiniOzoneClusterImpl-91732d81-4c55-4ff3-841d-5fdfde2aad74/datanode-1/data/ratis/79c39a30-5e94-4bb2-b8be-c481fbff3b85/sm/snapshot.3_0 took: 62 ms
2023-01-26 20:30:42,940 [1568f87f-b911-477a-a667-1c441b63e4c2@group-D7BFA16F605B-StateMachineUpdater] INFO  ratis.ContainerStateMachine (ContainerStateMachine.java:takeSnapshot(319)) - group-D7BFA16F605B: Finished taking a snapshot at:(t:1, i:0) file:/home/runner/work/ozone/ozone/hadoop-ozone/integration-test/target/test-dir/MiniOzoneClusterImpl-91732d81-4c55-4ff3-841d-5fdfde2aad74/datanode-1/data/ratis/c0472a0b-7d75-4aa8-b7c0-d7bfa16f605b/sm/snapshot.1_0 took: 61 ms
2023-01-26 20:30:42,941 [grpc-default-executor-7] INFO  server.GrpcServerProtocolService (GrpcServerProtocolService.java:onCompleted(143)) - 7bf5aaad-ce4d-4dcc-9fd5-6307881c1b43: Completed APPEND_ENTRIES, lastRequest: 5982ba88-a0d3-4bb4-b961-874e4813aacd->7bf5aaad-ce4d-4dcc-9fd5-6307881c1b43#1-t3,previous=(t:0, i:0),leaderCommit=-1,initializing? true,entries: size=1, first=(t:3, i:0), CONFIGURATIONENTRY(current:id: "5982ba88-a0d3-4bb4-b961-874e4813aacd"
address: "10.1.0.15:35121"
priority: 1
dataStreamAddress: "10.1.0.15:36617"
clientAddress: "10.1.0.15:35121"
adminAddress: "10.1.0.15:35121"
startupRole: FOLLOWER
,id: "7bf5aaad-ce4d-4dcc-9fd5-6307881c1b43"
address: "10.1.0.15:41477"
dataStreamAddress: "10.1.0.15:41069"
clientAddress: "10.1.0.15:41477"
adminAddress: "10.1.0.15:41477"
startupRole: FOLLOWER
,id: "1568f87f-b911-477a-a667-1c441b63e4c2"
address: "10.1.0.15:44955"
dataStreamAddress: "10.1.0.15:41383"
clientAddress: "10.1.0.15:44955"
adminAddress: "10.1.0.15:44955"
startupRole: FOLLOWER
, old:)
2023-01-26 20:30:42,944 [5982ba88-a0d3-4bb4-b961-874e4813aacd@group-DB628AD3D204-StateMachineUpdater] INFO  ratis.ContainerStateMachine (ContainerStateMachine.java:takeSnapshot(319)) - group-DB628AD3D204: Finished taking a snapshot at:(t:1, i:30) file:/home/runner/work/ozone/ozone/hadoop-ozone/integration-test/target/test-dir/MiniOzoneClusterImpl-91732d81-4c55-4ff3-841d-5fdfde2aad74/datanode-2/data/ratis/4fd980bb-761d-409a-aded-db628ad3d204/sm/snapshot.1_30 took: 88 ms
2023-01-26 20:30:42,945 [1568f87f-b911-477a-a667-1c441b63e4c2@group-DB628AD3D204-StateMachineUpdater] INFO  ratis.ContainerStateMachine (ContainerStateMachine.java:takeSnapshot(319)) - group-DB628AD3D204: Finished taking a snapshot at:(t:1, i:30) file:/home/runner/work/ozone/ozone/hadoop-ozone/integration-test/target/test-dir/MiniOzoneClusterImpl-91732d81-4c55-4ff3-841d-5fdfde2aad74/datanode-1/data/ratis/4fd980bb-761d-409a-aded-db628ad3d204/sm/snapshot.1_30 took: 44 ms
2023-01-26 20:30:42,945 [1568f87f-b911-477a-a667-1c441b63e4c2@group-D7BFA16F605B-StateMachineUpdater] INFO  impl.StateMachineUpdater (StateMachineUpdater.java:takeSnapshot(287)) - 1568f87f-b911-477a-a667-1c441b63e4c2@group-D7BFA16F605B-StateMachineUpdater: Took a snapshot at index 0
2023-01-26 20:30:42,945 [1568f87f-b911-477a-a667-1c441b63e4c2@group-DB628AD3D204-StateMachineUpdater] INFO  impl.StateMachineUpdater (StateMachineUpdater.java:takeSnapshot(287)) - 1568f87f-b911-477a-a667-1c441b63e4c2@group-DB628AD3D204-StateMachineUpdater: Took a snapshot at index 30
2023-01-26 20:30:42,945 [1568f87f-b911-477a-a667-1c441b63e4c2@group-C481FBFF3B85-StateMachineUpdater] INFO  impl.StateMachineUpdater (StateMachineUpdater.java:takeSnapshot(287)) - 1568f87f-b911-477a-a667-1c441b63e4c2@group-C481FBFF3B85-StateMachineUpdater: Took a snapshot at index 0
2023-01-26 20:30:42,945 [1568f87f-b911-477a-a667-1c441b63e4c2@group-C481FBFF3B85-StateMachineUpdater] INFO  impl.StateMachineUpdater (StateMachineUpdater.java:lambda$new$0(92)) - 1568f87f-b911-477a-a667-1c441b63e4c2@group-C481FBFF3B85-StateMachineUpdater: snapshotIndex: updateIncreasingly -1 -> 0
2023-01-26 20:30:42,945 [1568f87f-b911-477a-a667-1c441b63e4c2@group-D7BFA16F605B-StateMachineUpdater] INFO  impl.StateMachineUpdater (StateMachineUpdater.java:lambda$new$0(92)) - 1568f87f-b911-477a-a667-1c441b63e4c2@group-D7BFA16F605B-StateMachineUpdater: snapshotIndex: updateIncreasingly -1 -> 0
2023-01-26 20:30:42,945 [5982ba88-a0d3-4bb4-b961-874e4813aacd@group-DB628AD3D204-StateMachineUpdater] INFO  impl.StateMachineUpdater (StateMachineUpdater.java:takeSnapshot(287)) - 5982ba88-a0d3-4bb4-b961-874e4813aacd@group-DB628AD3D204-StateMachineUpdater: Took a snapshot at index 30
2023-01-26 20:30:42,945 [5982ba88-a0d3-4bb4-b961-874e4813aacd@group-DB628AD3D204-StateMachineUpdater] INFO  impl.StateMachineUpdater (StateMachineUpdater.java:lambda$new$0(92)) - 5982ba88-a0d3-4bb4-b961-874e4813aacd@group-DB628AD3D204-StateMachineUpdater: snapshotIndex: updateIncreasingly -1 -> 30
2023-01-26 20:30:42,945 [1568f87f-b911-477a-a667-1c441b63e4c2@group-DB628AD3D204-StateMachineUpdater] INFO  impl.StateMachineUpdater (StateMachineUpdater.java:lambda$new$0(92)) - 1568f87f-b911-477a-a667-1c441b63e4c2@group-DB628AD3D204-StateMachineUpdater: snapshotIndex: updateIncreasingly -1 -> 30
2023-01-26 20:30:42,946 [5982ba88-a0d3-4bb4-b961-874e4813aacd@group-1325C190FF0A-StateMachineUpdater] INFO  impl.StateMachineUpdater (StateMachineUpdater.java:takeSnapshot(287)) - 5982ba88-a0d3-4bb4-b961-874e4813aacd@group-1325C190FF0A-StateMachineUpdater: Took a snapshot at index 0
2023-01-26 20:30:42,946 [5982ba88-a0d3-4bb4-b961-874e4813aacd@group-1325C190FF0A-StateMachineUpdater] INFO  impl.StateMachineUpdater (StateMachineUpdater.java:lambda$new$0(92)) - 5982ba88-a0d3-4bb4-b961-874e4813aacd@group-1325C190FF0A-StateMachineUpdater: snapshotIndex: updateIncreasingly -1 -> 0
2023-01-26 20:30:42,946 [5982ba88-a0d3-4bb4-b961-874e4813aacd@group-C481FBFF3B85-StateMachineUpdater] INFO  ratis.ContainerStateMachine (ContainerStateMachine.java:takeSnapshot(319)) - group-C481FBFF3B85: Finished taking a snapshot at:(t:3, i:0) file:/home/runner/work/ozone/ozone/hadoop-ozone/integration-test/target/test-dir/MiniOzoneClusterImpl-91732d81-4c55-4ff3-841d-5fdfde2aad74/datanode-2/data/ratis/79c39a30-5e94-4bb2-b8be-c481fbff3b85/sm/snapshot.3_0 took: 89 ms
2023-01-26 20:30:42,946 [5982ba88-a0d3-4bb4-b961-874e4813aacd@group-C481FBFF3B85-StateMachineUpdater] INFO  impl.StateMachineUpdater (StateMachineUpdater.java:takeSnapshot(287)) - 5982ba88-a0d3-4bb4-b961-874e4813aacd@group-C481FBFF3B85-StateMachineUpdater: Took a snapshot at index 0
2023-01-26 20:30:42,946 [5982ba88-a0d3-4bb4-b961-874e4813aacd@group-C481FBFF3B85-StateMachineUpdater] INFO  impl.StateMachineUpdater (StateMachineUpdater.java:lambda$new$0(92)) - 5982ba88-a0d3-4bb4-b961-874e4813aacd@group-C481FBFF3B85-StateMachineUpdater: snapshotIndex: updateIncreasingly -1 -> 0
2023-01-26 20:30:42,948 [ForkJoinPool.commonPool-worker-0] INFO  server.GrpcServerProtocolClient (GrpcServerProtocolClient.java:close(101)) - 7bf5aaad-ce4d-4dcc-9fd5-6307881c1b43 Close channels
2023-01-26 20:30:42,925 [grpc-default-executor-6] INFO  leader.FollowerInfo (FollowerInfoImpl.java:lambda$new$0(48)) - 7bf5aaad-ce4d-4dcc-9fd5-6307881c1b43@group-DB628AD3D204->1568f87f-b911-477a-a667-1c441b63e4c2: nextIndex: updateUnconditionally 31 -> 30
2023-01-26 20:30:42,925 [grpc-default-executor-2] INFO  leader.FollowerInfo (FollowerInfoImpl.java:lambda$new$0(48)) - 7bf5aaad-ce4d-4dcc-9fd5-6307881c1b43@group-DB628AD3D204->5982ba88-a0d3-4bb4-b961-874e4813aacd: nextIndex: updateUnconditionally 31 -> 30
2023-01-26 20:30:42,948 [grpc-default-executor-3] INFO  server.GrpcLogAppender (GrpcLogAppender.java:onError(404)) - 5982ba88-a0d3-4bb4-b961-874e4813aacd@group-C481FBFF3B85->1568f87f-b911-477a-a667-1c441b63e4c2-GrpcLogAppender is already stopped
2023-01-26 20:30:42,952 [grpc-default-executor-5] WARN  server.GrpcLogAppender (LogUtils.java:warn(122)) - 7bf5aaad-ce4d-4dcc-9fd5-6307881c1b43@group-DB628AD3D204->1568f87f-b911-477a-a667-1c441b63e4c2-AppendLogResponseHandler: Failed appendEntries: org.apache.ratis.thirdparty.io.grpc.StatusRuntimeException: CANCELLED: RST_STREAM closed stream. HTTP/2 error code: CANCEL
2023-01-26 20:30:42,952 [grpc-default-executor-5] INFO  leader.FollowerInfo (FollowerInfoImpl.java:lambda$new$0(48)) - 7bf5aaad-ce4d-4dcc-9fd5-6307881c1b43@group-DB628AD3D204->1568f87f-b911-477a-a667-1c441b63e4c2: nextIndex: updateUnconditionally 31 -> 30
2023-01-26 20:30:42,952 [ForkJoinPool.commonPool-worker-0] INFO  server.GrpcService (GrpcService.java:closeImpl(280)) - 1568f87f-b911-477a-a667-1c441b63e4c2: shutdown server GrpcServerProtocolService successfully
2023-01-26 20:30:42,953 [1568f87f-b911-477a-a667-1c441b63e4c2-NettyServerStreamRpc-bossGroup--thread1] INFO  logging.LoggingHandler (AbstractInternalLogger.java:log(148)) - [id: 0xe1099daa, L:/0:0:0:0:0:0:0:0:41383] CLOSE
2023-01-26 20:30:42,953 [1568f87f-b911-477a-a667-1c441b63e4c2-NettyServerStreamRpc-bossGroup--thread1] INFO  logging.LoggingHandler (AbstractInternalLogger.java:log(148)) - [id: 0xe1099daa, L:/0:0:0:0:0:0:0:0:41383] INACTIVE
2023-01-26 20:30:42,953 [1568f87f-b911-477a-a667-1c441b63e4c2-NettyServerStreamRpc-bossGroup--thread1] INFO  logging.LoggingHandler (AbstractInternalLogger.java:log(148)) - [id: 0xe1099daa, L:/0:0:0:0:0:0:0:0:41383] UNREGISTERED
2023-01-26 20:30:42,956 [grpc-default-executor-5] INFO  server.GrpcLogAppender (GrpcLogAppender.java:onCompleted(415)) - 5982ba88-a0d3-4bb4-b961-874e4813aacd@group-C481FBFF3B85->1568f87f-b911-477a-a667-1c441b63e4c2-AppendLogResponseHandler: follower responses appendEntries COMPLETED
2023-01-26 20:30:42,956 [grpc-default-executor-5] INFO  leader.FollowerInfo (FollowerInfoImpl.java:lambda$new$0(48)) - 5982ba88-a0d3-4bb4-b961-874e4813aacd@group-C481FBFF3B85->1568f87f-b911-477a-a667-1c441b63e4c2: nextIndex: updateUnconditionally 1 -> 0
2023-01-26 20:30:42,958 [1568f87f-b911-477a-a667-1c441b63e4c2-impl-thread1] INFO  server.RaftServer$Division (ServerState.java:close(466)) - 1568f87f-b911-477a-a667-1c441b63e4c2@group-C481FBFF3B85: closes. applyIndex: 0
2023-01-26 20:30:42,958 [5982ba88-a0d3-4bb4-b961-874e4813aacd-impl-thread2] INFO  server.RaftServer$Division (ServerState.java:close(466)) - 5982ba88-a0d3-4bb4-b961-874e4813aacd@group-C481FBFF3B85: closes. applyIndex: 0
2023-01-26 20:30:42,958 [1568f87f-b911-477a-a667-1c441b63e4c2-impl-thread2] INFO  server.RaftServer$Division (ServerState.java:close(466)) - 1568f87f-b911-477a-a667-1c441b63e4c2@group-D7BFA16F605B: closes. applyIndex: 0
2023-01-26 20:30:42,959 [5982ba88-a0d3-4bb4-b961-874e4813aacd-impl-thread1] INFO  server.RaftServer$Division (ServerState.java:close(466)) - 5982ba88-a0d3-4bb4-b961-874e4813aacd@group-1325C190FF0A: closes. applyIndex: 0
2023-01-26 20:30:42,959 [grpc-default-executor-7] INFO  server.GrpcLogAppender (GrpcLogAppender.java:onCompleted(415)) - 5982ba88-a0d3-4bb4-b961-874e4813aacd@group-C481FBFF3B85->7bf5aaad-ce4d-4dcc-9fd5-6307881c1b43-AppendLogResponseHandler: follower responses appendEntries COMPLETED
2023-01-26 20:30:42,959 [grpc-default-executor-7] WARN  server.GrpcLogAppender (GrpcLogAppender.java:resetClient(137)) - 5982ba88-a0d3-4bb4-b961-874e4813aacd@group-C481FBFF3B85->7bf5aaad-ce4d-4dcc-9fd5-6307881c1b43-GrpcLogAppender: Failed to getClient for 7bf5aaad-ce4d-4dcc-9fd5-6307881c1b43
org.apache.ratis.protocol.exceptions.AlreadyClosedException: 5982ba88-a0d3-4bb4-b961-874e4813aacd is already CLOSED
	at org.apache.ratis.util.PeerProxyMap$PeerAndProxy.getProxy(PeerProxyMap.java:61)
	at org.apache.ratis.util.PeerProxyMap.getProxy(PeerProxyMap.java:115)
	at org.apache.ratis.grpc.server.GrpcLogAppender.getClient(GrpcLogAppender.java:116)
	at org.apache.ratis.grpc.server.GrpcLogAppender.resetClient(GrpcLogAppender.java:121)
	at org.apache.ratis.grpc.server.GrpcLogAppender.access$500(GrpcLogAppender.java:58)
	at org.apache.ratis.grpc.server.GrpcLogAppender$AppendLogResponseHandler.onCompleted(GrpcLogAppender.java:416)
	at org.apache.ratis.thirdparty.io.grpc.stub.ClientCalls$StreamObserverToCallListenerAdapter.onClose(ClientCalls.java:485)
	at org.apache.ratis.thirdparty.io.grpc.internal.ClientCallImpl.closeObserver(ClientCallImpl.java:562)
	at org.apache.ratis.thirdparty.io.grpc.internal.ClientCallImpl.access$300(ClientCallImpl.java:70)
	at org.apache.ratis.thirdparty.io.grpc.internal.ClientCallImpl$ClientStreamListenerImpl$1StreamClosed.runInternal(ClientCallImpl.java:743)
	at org.apache.ratis.thirdparty.io.grpc.internal.ClientCallImpl$ClientStreamListenerImpl$1StreamClosed.runInContext(ClientCallImpl.java:722)
	at org.apache.ratis.thirdparty.io.grpc.internal.ContextRunnable.run(ContextRunnable.java:37)
	at org.apache.ratis.thirdparty.io.grpc.internal.SerializingExecutor.run(SerializingExecutor.java:133)
	at java.util.concurrent.ThreadPoolExecutor.runWorker(ThreadPoolExecutor.java:1149)
	at java.util.concurrent.ThreadPoolExecutor$Worker.run(ThreadPoolExecutor.java:624)
	at java.lang.Thread.run(Thread.java:750)
2023-01-26 20:30:42,960 [grpc-default-executor-7] INFO  server.GrpcLogAppender (GrpcLogAppender.java:onCompleted(415)) - 5982ba88-a0d3-4bb4-b961-874e4813aacd@group-C481FBFF3B85->7bf5aaad-ce4d-4dcc-9fd5-6307881c1b43-AppendLogResponseHandler: follower responses appendEntries COMPLETED
2023-01-26 20:30:42,960 [grpc-default-executor-7] WARN  server.GrpcLogAppender (GrpcLogAppender.java:resetClient(137)) - 5982ba88-a0d3-4bb4-b961-874e4813aacd@group-C481FBFF3B85->7bf5aaad-ce4d-4dcc-9fd5-6307881c1b43-GrpcLogAppender: Failed to getClient for 7bf5aaad-ce4d-4dcc-9fd5-6307881c1b43
org.apache.ratis.protocol.exceptions.AlreadyClosedException: 5982ba88-a0d3-4bb4-b961-874e4813aacd is already CLOSED
	at org.apache.ratis.util.PeerProxyMap$PeerAndProxy.getProxy(PeerProxyMap.java:61)
	at org.apache.ratis.util.PeerProxyMap.getProxy(PeerProxyMap.java:115)
	at org.apache.ratis.grpc.server.GrpcLogAppender.getClient(GrpcLogAppender.java:116)
	at org.apache.ratis.grpc.server.GrpcLogAppender.resetClient(GrpcLogAppender.java:121)
	at org.apache.ratis.grpc.server.GrpcLogAppender.access$500(GrpcLogAppender.java:58)
	at org.apache.ratis.grpc.server.GrpcLogAppender$AppendLogResponseHandler.onCompleted(GrpcLogAppender.java:416)
	at org.apache.ratis.thirdparty.io.grpc.stub.ClientCalls$StreamObserverToCallListenerAdapter.onClose(ClientCalls.java:485)
	at org.apache.ratis.thirdparty.io.grpc.internal.ClientCallImpl.closeObserver(ClientCallImpl.java:562)
	at org.apache.ratis.thirdparty.io.grpc.internal.ClientCallImpl.access$300(ClientCallImpl.java:70)
	at org.apache.ratis.thirdparty.io.grpc.internal.ClientCallImpl$ClientStreamListenerImpl$1StreamClosed.runInternal(ClientCallImpl.java:743)
	at org.apache.ratis.thirdparty.io.grpc.internal.ClientCallImpl$ClientStreamListenerImpl$1StreamClosed.runInContext(ClientCallImpl.java:722)
	at org.apache.ratis.thirdparty.io.grpc.internal.ContextRunnable.run(ContextRunnable.java:37)
	at org.apache.ratis.thirdparty.io.grpc.internal.SerializingExecutor.run(SerializingExecutor.java:133)
	at java.util.concurrent.ThreadPoolExecutor.runWorker(ThreadPoolExecutor.java:1149)
	at java.util.concurrent.ThreadPoolExecutor$Worker.run(ThreadPoolExecutor.java:624)
	at java.lang.Thread.run(Thread.java:750)
2023-01-26 20:30:42,963 [1568f87f-b911-477a-a667-1c441b63e4c2@group-C481FBFF3B85-SegmentedRaftLogWorker] INFO  segmented.SegmentedRaftLogWorker (SegmentedRaftLogWorker.java:run(347)) - 1568f87f-b911-477a-a667-1c441b63e4c2@group-C481FBFF3B85-SegmentedRaftLogWorker was interrupted, exiting. There are 0 tasks remaining in the queue.
2023-01-26 20:30:42,978 [5982ba88-a0d3-4bb4-b961-874e4813aacd@group-1325C190FF0A-SegmentedRaftLogWorker] INFO  segmented.SegmentedRaftLogWorker (SegmentedRaftLogWorker.java:run(347)) - 5982ba88-a0d3-4bb4-b961-874e4813aacd@group-1325C190FF0A-SegmentedRaftLogWorker was interrupted, exiting. There are 0 tasks remaining in the queue.
2023-01-26 20:30:42,978 [1568f87f-b911-477a-a667-1c441b63e4c2@group-D7BFA16F605B-SegmentedRaftLogWorker] INFO  segmented.SegmentedRaftLogWorker (SegmentedRaftLogWorker.java:run(347)) - 1568f87f-b911-477a-a667-1c441b63e4c2@group-D7BFA16F605B-SegmentedRaftLogWorker was interrupted, exiting. There are 0 tasks remaining in the queue.
2023-01-26 20:30:42,979 [5982ba88-a0d3-4bb4-b961-874e4813aacd-impl-thread3] INFO  server.RaftServer$Division (ServerState.java:close(466)) - 5982ba88-a0d3-4bb4-b961-874e4813aacd@group-DB628AD3D204: closes. applyIndex: 30
2023-01-26 20:30:42,979 [5982ba88-a0d3-4bb4-b961-874e4813aacd@group-DB628AD3D204-SegmentedRaftLogWorker] INFO  segmented.SegmentedRaftLogWorker (SegmentedRaftLogWorker.java:run(347)) - 5982ba88-a0d3-4bb4-b961-874e4813aacd@group-DB628AD3D204-SegmentedRaftLogWorker was interrupted, exiting. There are 0 tasks remaining in the queue.
2023-01-26 20:30:42,980 [grpc-default-executor-6] WARN  server.GrpcLogAppender (LogUtils.java:warn(122)) - 7bf5aaad-ce4d-4dcc-9fd5-6307881c1b43@group-DB628AD3D204->5982ba88-a0d3-4bb4-b961-874e4813aacd-AppendLogResponseHandler: Failed appendEntries: org.apache.ratis.thirdparty.io.grpc.StatusRuntimeException: UNAVAILABLE: io exception
2023-01-26 20:30:42,981 [grpc-default-executor-6] INFO  leader.FollowerInfo (FollowerInfoImpl.java:lambda$new$0(48)) - 7bf5aaad-ce4d-4dcc-9fd5-6307881c1b43@group-DB628AD3D204->5982ba88-a0d3-4bb4-b961-874e4813aacd: nextIndex: updateUnconditionally 30 -> 29
2023-01-26 20:30:42,981 [5982ba88-a0d3-4bb4-b961-874e4813aacd@group-C481FBFF3B85-SegmentedRaftLogWorker] INFO  segmented.SegmentedRaftLogWorker (SegmentedRaftLogWorker.java:run(347)) - 5982ba88-a0d3-4bb4-b961-874e4813aacd@group-C481FBFF3B85-SegmentedRaftLogWorker was interrupted, exiting. There are 0 tasks remaining in the queue.
2023-01-26 20:30:42,983 [1568f87f-b911-477a-a667-1c441b63e4c2-impl-thread3] INFO  server.RaftServer$Division (ServerState.java:close(466)) - 1568f87f-b911-477a-a667-1c441b63e4c2@group-DB628AD3D204: closes. applyIndex: 30
2023-01-26 20:30:42,983 [grpc-default-executor-5] WARN  server.GrpcLogAppender (LogUtils.java:warn(122)) - 7bf5aaad-ce4d-4dcc-9fd5-6307881c1b43@group-DB628AD3D204->1568f87f-b911-477a-a667-1c441b63e4c2-AppendLogResponseHandler: Failed appendEntries: org.apache.ratis.thirdparty.io.grpc.StatusRuntimeException: UNAVAILABLE: io exception
2023-01-26 20:30:42,984 [grpc-default-executor-5] INFO  leader.FollowerInfo (FollowerInfoImpl.java:lambda$new$0(48)) - 7bf5aaad-ce4d-4dcc-9fd5-6307881c1b43@group-DB628AD3D204->1568f87f-b911-477a-a667-1c441b63e4c2: nextIndex: updateUnconditionally 30 -> 29
2023-01-26 20:30:42,984 [1568f87f-b911-477a-a667-1c441b63e4c2@group-DB628AD3D204-SegmentedRaftLogWorker] INFO  segmented.SegmentedRaftLogWorker (SegmentedRaftLogWorker.java:run(347)) - 1568f87f-b911-477a-a667-1c441b63e4c2@group-DB628AD3D204-SegmentedRaftLogWorker was interrupted, exiting. There are 0 tasks remaining in the queue.
2023-01-26 20:30:42,988 [grpc-default-executor-5] WARN  server.GrpcLogAppender (LogUtils.java:warn(122)) - 7bf5aaad-ce4d-4dcc-9fd5-6307881c1b43@group-DB628AD3D204->5982ba88-a0d3-4bb4-b961-874e4813aacd-AppendLogResponseHandler: Failed appendEntries: org.apache.ratis.thirdparty.io.grpc.StatusRuntimeException: UNAVAILABLE: io exception
2023-01-26 20:30:42,989 [grpc-default-executor-5] INFO  leader.FollowerInfo (FollowerInfoImpl.java:lambda$new$0(48)) - 7bf5aaad-ce4d-4dcc-9fd5-6307881c1b43@group-DB628AD3D204->5982ba88-a0d3-4bb4-b961-874e4813aacd: nextIndex: updateUnconditionally 29 -> 28
2023-01-26 20:30:42,989 [1568f87f-b911-477a-a667-1c441b63e4c2-impl-thread2] INFO  segmented.SegmentedRaftLogWorker (SegmentedRaftLogWorker.java:close(257)) - 1568f87f-b911-477a-a667-1c441b63e4c2@group-D7BFA16F605B-SegmentedRaftLogWorker close()
2023-01-26 20:30:42,991 [5982ba88-a0d3-4bb4-b961-874e4813aacd-impl-thread1] INFO  segmented.SegmentedRaftLogWorker (SegmentedRaftLogWorker.java:close(257)) - 5982ba88-a0d3-4bb4-b961-874e4813aacd@group-1325C190FF0A-SegmentedRaftLogWorker close()
2023-01-26 20:30:42,991 [5982ba88-a0d3-4bb4-b961-874e4813aacd-impl-thread3] INFO  segmented.SegmentedRaftLogWorker (SegmentedRaftLogWorker.java:close(257)) - 5982ba88-a0d3-4bb4-b961-874e4813aacd@group-DB628AD3D204-SegmentedRaftLogWorker close()
2023-01-26 20:30:42,992 [1568f87f-b911-477a-a667-1c441b63e4c2-impl-thread1] INFO  segmented.SegmentedRaftLogWorker (SegmentedRaftLogWorker.java:close(257)) - 1568f87f-b911-477a-a667-1c441b63e4c2@group-C481FBFF3B85-SegmentedRaftLogWorker close()
2023-01-26 20:30:42,992 [grpc-default-executor-5] WARN  server.GrpcLogAppender (LogUtils.java:warn(122)) - 7bf5aaad-ce4d-4dcc-9fd5-6307881c1b43@group-DB628AD3D204->1568f87f-b911-477a-a667-1c441b63e4c2-AppendLogResponseHandler: Failed appendEntries: org.apache.ratis.thirdparty.io.grpc.StatusRuntimeException: UNAVAILABLE: io exception
2023-01-26 20:30:42,993 [grpc-default-executor-5] INFO  leader.FollowerInfo (FollowerInfoImpl.java:lambda$new$0(48)) - 7bf5aaad-ce4d-4dcc-9fd5-6307881c1b43@group-DB628AD3D204->1568f87f-b911-477a-a667-1c441b63e4c2: nextIndex: updateUnconditionally 29 -> 28
2023-01-26 20:30:42,993 [1568f87f-b911-477a-a667-1c441b63e4c2-impl-thread3] INFO  segmented.SegmentedRaftLogWorker (SegmentedRaftLogWorker.java:close(257)) - 1568f87f-b911-477a-a667-1c441b63e4c2@group-DB628AD3D204-SegmentedRaftLogWorker close()
2023-01-26 20:30:42,995 [5982ba88-a0d3-4bb4-b961-874e4813aacd-impl-thread2] INFO  segmented.SegmentedRaftLogWorker (SegmentedRaftLogWorker.java:close(257)) - 5982ba88-a0d3-4bb4-b961-874e4813aacd@group-C481FBFF3B85-SegmentedRaftLogWorker close()
2023-01-26 20:30:42,995 [Listener at 127.0.0.1/38181] INFO  server.GrpcServerProtocolClient (GrpcServerProtocolClient.java:close(101)) - 1568f87f-b911-477a-a667-1c441b63e4c2 Close channels
2023-01-26 20:30:42,996 [Listener at 127.0.0.1/38181] INFO  server.GrpcService (GrpcService.java:closeImpl(280)) - 5982ba88-a0d3-4bb4-b961-874e4813aacd: shutdown server GrpcServerProtocolService successfully
2023-01-26 20:30:42,997 [5982ba88-a0d3-4bb4-b961-874e4813aacd-NettyServerStreamRpc-bossGroup--thread1] INFO  logging.LoggingHandler (AbstractInternalLogger.java:log(148)) - [id: 0x294e11f1, L:/0:0:0:0:0:0:0:0:36617] CLOSE
2023-01-26 20:30:42,997 [5982ba88-a0d3-4bb4-b961-874e4813aacd-NettyServerStreamRpc-bossGroup--thread1] INFO  logging.LoggingHandler (AbstractInternalLogger.java:log(148)) - [id: 0x294e11f1, L:/0:0:0:0:0:0:0:0:36617] INACTIVE
2023-01-26 20:30:42,997 [5982ba88-a0d3-4bb4-b961-874e4813aacd-NettyServerStreamRpc-bossGroup--thread1] INFO  logging.LoggingHandler (AbstractInternalLogger.java:log(148)) - [id: 0x294e11f1, L:/0:0:0:0:0:0:0:0:36617] UNREGISTERED
2023-01-26 20:30:43,017 [JvmPauseMonitor2] INFO  util.JvmPauseMonitor (JvmPauseMonitor.java:run(111)) - JvmPauseMonitor-1568f87f-b911-477a-a667-1c441b63e4c2: Stopped
2023-01-26 20:30:43,021 [JvmPauseMonitor3] INFO  util.JvmPauseMonitor (JvmPauseMonitor.java:run(111)) - JvmPauseMonitor-5982ba88-a0d3-4bb4-b961-874e4813aacd: Stopped
2023-01-26 20:30:44,689 [grpc-default-executor-5] WARN  server.GrpcLogAppender (LogUtils.java:warn(122)) - 7bf5aaad-ce4d-4dcc-9fd5-6307881c1b43@group-DB628AD3D204->5982ba88-a0d3-4bb4-b961-874e4813aacd-AppendLogResponseHandler: Failed appendEntries: org.apache.ratis.thirdparty.io.grpc.StatusRuntimeException: UNAVAILABLE: io exception
2023-01-26 20:30:44,689 [grpc-default-executor-2] WARN  server.GrpcLogAppender (LogUtils.java:warn(122)) - 7bf5aaad-ce4d-4dcc-9fd5-6307881c1b43@group-DB628AD3D204->5982ba88-a0d3-4bb4-b961-874e4813aacd-AppendLogResponseHandler: Failed appendEntries: org.apache.ratis.thirdparty.io.grpc.StatusRuntimeException: UNAVAILABLE: io exception
2023-01-26 20:30:44,691 [grpc-default-executor-5] INFO  leader.FollowerInfo (FollowerInfoImpl.java:lambda$new$0(48)) - 7bf5aaad-ce4d-4dcc-9fd5-6307881c1b43@group-DB628AD3D204->5982ba88-a0d3-4bb4-b961-874e4813aacd: nextIndex: updateUnconditionally 28 -> 27
2023-01-26 20:30:44,692 [grpc-default-executor-2] INFO  leader.FollowerInfo (FollowerInfoImpl.java:lambda$new$0(48)) - 7bf5aaad-ce4d-4dcc-9fd5-6307881c1b43@group-DB628AD3D204->5982ba88-a0d3-4bb4-b961-874e4813aacd: nextIndex: updateUnconditionally 27 -> 26
2023-01-26 20:30:44,692 [grpc-default-executor-0] WARN  server.GrpcLogAppender (LogUtils.java:warn(122)) - 7bf5aaad-ce4d-4dcc-9fd5-6307881c1b43@group-DB628AD3D204->1568f87f-b911-477a-a667-1c441b63e4c2-AppendLogResponseHandler: Failed appendEntries: org.apache.ratis.thirdparty.io.grpc.StatusRuntimeException: UNAVAILABLE: io exception
2023-01-26 20:30:44,692 [grpc-default-executor-5] WARN  server.GrpcLogAppender (LogUtils.java:warn(122)) - 7bf5aaad-ce4d-4dcc-9fd5-6307881c1b43@group-DB628AD3D204->1568f87f-b911-477a-a667-1c441b63e4c2-AppendLogResponseHandler: Failed appendEntries: org.apache.ratis.thirdparty.io.grpc.StatusRuntimeException: UNAVAILABLE: io exception
2023-01-26 20:30:44,692 [grpc-default-executor-0] INFO  leader.FollowerInfo (FollowerInfoImpl.java:lambda$new$0(48)) - 7bf5aaad-ce4d-4dcc-9fd5-6307881c1b43@group-DB628AD3D204->1568f87f-b911-477a-a667-1c441b63e4c2: nextIndex: updateUnconditionally 28 -> 27
2023-01-26 20:30:44,693 [grpc-default-executor-5] INFO  leader.FollowerInfo (FollowerInfoImpl.java:lambda$new$0(48)) - 7bf5aaad-ce4d-4dcc-9fd5-6307881c1b43@group-DB628AD3D204->1568f87f-b911-477a-a667-1c441b63e4c2: nextIndex: updateUnconditionally 27 -> 26
2023-01-26 20:30:44,700 [grpc-default-executor-0] WARN  server.GrpcLogAppender (LogUtils.java:warn(122)) - 7bf5aaad-ce4d-4dcc-9fd5-6307881c1b43@group-DB628AD3D204->5982ba88-a0d3-4bb4-b961-874e4813aacd-AppendLogResponseHandler: Failed appendEntries: org.apache.ratis.thirdparty.io.grpc.StatusRuntimeException: UNAVAILABLE: io exception
2023-01-26 20:30:44,701 [grpc-default-executor-0] INFO  leader.FollowerInfo (FollowerInfoImpl.java:lambda$new$0(48)) - 7bf5aaad-ce4d-4dcc-9fd5-6307881c1b43@group-DB628AD3D204->5982ba88-a0d3-4bb4-b961-874e4813aacd: nextIndex: updateUnconditionally 27 -> 26
2023-01-26 20:30:44,704 [grpc-default-executor-5] WARN  server.GrpcLogAppender (LogUtils.java:warn(122)) - 7bf5aaad-ce4d-4dcc-9fd5-6307881c1b43@group-DB628AD3D204->5982ba88-a0d3-4bb4-b961-874e4813aacd-AppendLogResponseHandler: Failed appendEntries: org.apache.ratis.thirdparty.io.grpc.StatusRuntimeException: UNAVAILABLE: io exception
2023-01-26 20:30:44,705 [grpc-default-executor-0] WARN  server.GrpcLogAppender (LogUtils.java:warn(122)) - 7bf5aaad-ce4d-4dcc-9fd5-6307881c1b43@group-DB628AD3D204->1568f87f-b911-477a-a667-1c441b63e4c2-AppendLogResponseHandler: Failed appendEntries: org.apache.ratis.thirdparty.io.grpc.StatusRuntimeException: UNAVAILABLE: io exception
2023-01-26 20:30:44,705 [grpc-default-executor-5] INFO  leader.FollowerInfo (FollowerInfoImpl.java:lambda$new$0(48)) - 7bf5aaad-ce4d-4dcc-9fd5-6307881c1b43@group-DB628AD3D204->5982ba88-a0d3-4bb4-b961-874e4813aacd: nextIndex: updateUnconditionally 26 -> 25
2023-01-26 20:30:44,705 [grpc-default-executor-2] WARN  server.GrpcLogAppender (LogUtils.java:warn(122)) - 7bf5aaad-ce4d-4dcc-9fd5-6307881c1b43@group-DB628AD3D204->1568f87f-b911-477a-a667-1c441b63e4c2-AppendLogResponseHandler: Failed appendEntries: org.apache.ratis.thirdparty.io.grpc.StatusRuntimeException: UNAVAILABLE: io exception
2023-01-26 20:30:44,705 [grpc-default-executor-0] INFO  leader.FollowerInfo (FollowerInfoImpl.java:lambda$new$0(48)) - 7bf5aaad-ce4d-4dcc-9fd5-6307881c1b43@group-DB628AD3D204->1568f87f-b911-477a-a667-1c441b63e4c2: nextIndex: updateUnconditionally 27 -> 26
2023-01-26 20:30:44,705 [grpc-default-executor-2] INFO  leader.FollowerInfo (FollowerInfoImpl.java:lambda$new$0(48)) - 7bf5aaad-ce4d-4dcc-9fd5-6307881c1b43@group-DB628AD3D204->1568f87f-b911-477a-a667-1c441b63e4c2: nextIndex: updateUnconditionally 26 -> 25
2023-01-26 20:30:45,049 [Listener at 127.0.0.1/38181] INFO  volume.HddsVolume (HddsVolume.java:closeDbStore(338)) - SchemaV3 db is stopped at /home/runner/work/ozone/ozone/hadoop-ozone/integration-test/target/test-dir/MiniOzoneClusterImpl-91732d81-4c55-4ff3-841d-5fdfde2aad74/datanode-2/data-0/containers/hdds/91732d81-4c55-4ff3-841d-5fdfde2aad74/DS-028487e2-4f81-408a-9dc9-6fb6108eb6c1/container.db for volume DS-028487e2-4f81-408a-9dc9-6fb6108eb6c1
2023-01-26 20:30:45,050 [ForkJoinPool.commonPool-worker-0] INFO  volume.HddsVolume (HddsVolume.java:closeDbStore(338)) - SchemaV3 db is stopped at /home/runner/work/ozone/ozone/hadoop-ozone/integration-test/target/test-dir/MiniOzoneClusterImpl-91732d81-4c55-4ff3-841d-5fdfde2aad74/datanode-1/data-0/containers/hdds/91732d81-4c55-4ff3-841d-5fdfde2aad74/DS-a4aee4ac-9577-457c-9b75-f4b2c245c247/container.db for volume DS-a4aee4ac-9577-457c-9b75-f4b2c245c247
2023-01-26 20:30:45,051 [Listener at 127.0.0.1/38181] INFO  utils.BackgroundService (BackgroundService.java:shutdown(141)) - Shutting down service BlockDeletingService
2023-01-26 20:30:45,051 [ForkJoinPool.commonPool-worker-0] INFO  utils.BackgroundService (BackgroundService.java:shutdown(141)) - Shutting down service BlockDeletingService
2023-01-26 20:30:45,052 [Listener at 127.0.0.1/38181] INFO  utils.BackgroundService (BackgroundService.java:shutdown(141)) - Shutting down service StaleRecoveringContainerScrubbingService
2023-01-26 20:30:45,052 [ForkJoinPool.commonPool-worker-0] INFO  utils.BackgroundService (BackgroundService.java:shutdown(141)) - Shutting down service StaleRecoveringContainerScrubbingService
2023-01-26 20:30:45,059 [ForkJoinPool.commonPool-worker-0] INFO  statemachine.DatanodeStateMachine (DatanodeStateMachine.java:stopDaemon(603)) - Ozone container server stopped.
2023-01-26 20:30:45,059 [Listener at 127.0.0.1/38181] INFO  statemachine.DatanodeStateMachine (DatanodeStateMachine.java:stopDaemon(603)) - Ozone container server stopped.
2023-01-26 20:30:45,073 [Listener at 127.0.0.1/38181] INFO  handler.ContextHandler (ContextHandler.java:doStop(1159)) - Stopped o.e.j.w.WebAppContext@143b32f4{hddsDatanode,/,null,STOPPED}{jar:file:/home/runner/.m2/repository/org/apache/ozone/hdds-container-service/1.4.0-SNAPSHOT/hdds-container-service-1.4.0-SNAPSHOT.jar!/webapps/hddsDatanode}
2023-01-26 20:30:45,076 [Listener at 127.0.0.1/38181] INFO  server.AbstractConnector (AbstractConnector.java:doStop(383)) - Stopped ServerConnector@79f12c07{HTTP/1.1, (http/1.1)}{0.0.0.0:0}
2023-01-26 20:30:45,076 [Listener at 127.0.0.1/38181] INFO  server.session (HouseKeeper.java:stopScavenging(149)) - node0 Stopped scavenging
2023-01-26 20:30:45,076 [Listener at 127.0.0.1/38181] INFO  handler.ContextHandler (ContextHandler.java:doStop(1159)) - Stopped o.e.j.s.ServletContextHandler@48dd5eed{static,/static,jar:file:/home/runner/.m2/repository/org/apache/ozone/hdds-container-service/1.4.0-SNAPSHOT/hdds-container-service-1.4.0-SNAPSHOT.jar!/webapps/static,STOPPED}
2023-01-26 20:30:45,077 [Listener at 127.0.0.1/38181] INFO  handler.ContextHandler (ContextHandler.java:doStop(1159)) - Stopped o.e.j.s.ServletContextHandler@40fd532d{logs,/logs,file:///home/runner/work/ozone/ozone/hadoop-ozone/integration-test/target/log,STOPPED}
2023-01-26 20:30:45,077 [ForkJoinPool.commonPool-worker-0] INFO  handler.ContextHandler (ContextHandler.java:doStop(1159)) - Stopped o.e.j.w.WebAppContext@5ef60f95{hddsDatanode,/,null,STOPPED}{jar:file:/home/runner/.m2/repository/org/apache/ozone/hdds-container-service/1.4.0-SNAPSHOT/hdds-container-service-1.4.0-SNAPSHOT.jar!/webapps/hddsDatanode}
2023-01-26 20:30:45,078 [ForkJoinPool.commonPool-worker-0] INFO  server.AbstractConnector (AbstractConnector.java:doStop(383)) - Stopped ServerConnector@1dd3e865{HTTP/1.1, (http/1.1)}{0.0.0.0:0}
2023-01-26 20:30:45,078 [ForkJoinPool.commonPool-worker-0] INFO  server.session (HouseKeeper.java:stopScavenging(149)) - node0 Stopped scavenging
2023-01-26 20:30:45,081 [Listener at 127.0.0.1/38181] INFO  ozoneimpl.OzoneContainer (OzoneContainer.java:stop(421)) - Attempting to stop container services.
2023-01-26 20:30:45,081 [ForkJoinPool.commonPool-worker-0] INFO  handler.ContextHandler (ContextHandler.java:doStop(1159)) - Stopped o.e.j.s.ServletContextHandler@a3b336a{static,/static,jar:file:/home/runner/.m2/repository/org/apache/ozone/hdds-container-service/1.4.0-SNAPSHOT/hdds-container-service-1.4.0-SNAPSHOT.jar!/webapps/static,STOPPED}
2023-01-26 20:30:45,082 [ForkJoinPool.commonPool-worker-0] INFO  handler.ContextHandler (ContextHandler.java:doStop(1159)) - Stopped o.e.j.s.ServletContextHandler@25c515d9{logs,/logs,file:///home/runner/work/ozone/ozone/hadoop-ozone/integration-test/target/log,STOPPED}
2023-01-26 20:30:45,082 [Listener at 127.0.0.1/38181] INFO  server.RaftServer (RaftServerProxy.java:lambda$close$6(409)) - 5da6f0b0-ccdb-4a5d-9328-dd7db5de8beb: close
2023-01-26 20:30:45,083 [Listener at 127.0.0.1/38181] INFO  server.GrpcService (GrpcService.java:closeImpl(271)) - 5da6f0b0-ccdb-4a5d-9328-dd7db5de8beb: shutdown server GrpcServerProtocolService now
2023-01-26 20:30:45,083 [5da6f0b0-ccdb-4a5d-9328-dd7db5de8beb-impl-thread1] INFO  server.RaftServer$Division (RaftServerImpl.java:lambda$close$4(458)) - 5da6f0b0-ccdb-4a5d-9328-dd7db5de8beb@group-2B6F2EE16A18: shutdown
2023-01-26 20:30:45,084 [5da6f0b0-ccdb-4a5d-9328-dd7db5de8beb-impl-thread1] INFO  util.JmxRegister (JmxRegister.java:unregister(73)) - Successfully un-registered JMX Bean with object name Ratis:service=RaftServer,group=group-2B6F2EE16A18,id=5da6f0b0-ccdb-4a5d-9328-dd7db5de8beb
2023-01-26 20:30:45,084 [5da6f0b0-ccdb-4a5d-9328-dd7db5de8beb-impl-thread1] INFO  impl.RoleInfo (RoleInfo.java:shutdownLeaderState(93)) - 5da6f0b0-ccdb-4a5d-9328-dd7db5de8beb: shutdown 5da6f0b0-ccdb-4a5d-9328-dd7db5de8beb@group-2B6F2EE16A18-LeaderStateImpl
2023-01-26 20:30:45,084 [5da6f0b0-ccdb-4a5d-9328-dd7db5de8beb-impl-thread1] INFO  impl.PendingRequests (PendingRequests.java:sendNotLeaderResponses(282)) - 5da6f0b0-ccdb-4a5d-9328-dd7db5de8beb@group-2B6F2EE16A18-PendingRequests: sendNotLeaderResponses
2023-01-26 20:30:45,084 [5da6f0b0-ccdb-4a5d-9328-dd7db5de8beb-impl-thread1] INFO  impl.StateMachineUpdater (StateMachineUpdater.java:stopAndJoin(153)) - 5da6f0b0-ccdb-4a5d-9328-dd7db5de8beb@group-2B6F2EE16A18-StateMachineUpdater: set stopIndex = 0
2023-01-26 20:30:45,085 [5da6f0b0-ccdb-4a5d-9328-dd7db5de8beb@group-2B6F2EE16A18-StateMachineUpdater] INFO  ratis.ContainerStateMachine (ContainerStateMachine.java:takeSnapshot(308)) - group-2B6F2EE16A18: Taking a snapshot at:(t:1, i:0) file /home/runner/work/ozone/ozone/hadoop-ozone/integration-test/target/test-dir/MiniOzoneClusterImpl-91732d81-4c55-4ff3-841d-5fdfde2aad74/datanode-4/data/ratis/9e63722e-1a29-4cf3-a876-2b6f2ee16a18/sm/snapshot.1_0
2023-01-26 20:30:45,085 [Listener at 127.0.0.1/38181] INFO  server.GrpcService (GrpcService.java:closeImpl(280)) - 5da6f0b0-ccdb-4a5d-9328-dd7db5de8beb: shutdown server GrpcServerProtocolService successfully
2023-01-26 20:30:45,086 [5da6f0b0-ccdb-4a5d-9328-dd7db5de8beb-NettyServerStreamRpc-bossGroup--thread1] INFO  logging.LoggingHandler (AbstractInternalLogger.java:log(148)) - [id: 0xc1ec9616, L:/0:0:0:0:0:0:0:0:42829] CLOSE
2023-01-26 20:30:45,086 [5da6f0b0-ccdb-4a5d-9328-dd7db5de8beb-NettyServerStreamRpc-bossGroup--thread1] INFO  logging.LoggingHandler (AbstractInternalLogger.java:log(148)) - [id: 0xc1ec9616, L:/0:0:0:0:0:0:0:0:42829] INACTIVE
2023-01-26 20:30:45,086 [5da6f0b0-ccdb-4a5d-9328-dd7db5de8beb-NettyServerStreamRpc-bossGroup--thread1] INFO  logging.LoggingHandler (AbstractInternalLogger.java:log(148)) - [id: 0xc1ec9616, L:/0:0:0:0:0:0:0:0:42829] UNREGISTERED
2023-01-26 20:30:45,086 [5da6f0b0-ccdb-4a5d-9328-dd7db5de8beb@group-2B6F2EE16A18-StateMachineUpdater] INFO  ratis.ContainerStateMachine (ContainerStateMachine.java:takeSnapshot(319)) - group-2B6F2EE16A18: Finished taking a snapshot at:(t:1, i:0) file:/home/runner/work/ozone/ozone/hadoop-ozone/integration-test/target/test-dir/MiniOzoneClusterImpl-91732d81-4c55-4ff3-841d-5fdfde2aad74/datanode-4/data/ratis/9e63722e-1a29-4cf3-a876-2b6f2ee16a18/sm/snapshot.1_0 took: 2 ms
2023-01-26 20:30:45,087 [5da6f0b0-ccdb-4a5d-9328-dd7db5de8beb@group-2B6F2EE16A18-StateMachineUpdater] INFO  impl.StateMachineUpdater (StateMachineUpdater.java:takeSnapshot(287)) - 5da6f0b0-ccdb-4a5d-9328-dd7db5de8beb@group-2B6F2EE16A18-StateMachineUpdater: Took a snapshot at index 0
2023-01-26 20:30:45,087 [5da6f0b0-ccdb-4a5d-9328-dd7db5de8beb@group-2B6F2EE16A18-StateMachineUpdater] INFO  impl.StateMachineUpdater (StateMachineUpdater.java:lambda$new$0(92)) - 5da6f0b0-ccdb-4a5d-9328-dd7db5de8beb@group-2B6F2EE16A18-StateMachineUpdater: snapshotIndex: updateIncreasingly -1 -> 0
2023-01-26 20:30:45,087 [5da6f0b0-ccdb-4a5d-9328-dd7db5de8beb-impl-thread1] INFO  server.RaftServer$Division (ServerState.java:close(466)) - 5da6f0b0-ccdb-4a5d-9328-dd7db5de8beb@group-2B6F2EE16A18: closes. applyIndex: 0
2023-01-26 20:30:45,090 [5da6f0b0-ccdb-4a5d-9328-dd7db5de8beb@group-2B6F2EE16A18-SegmentedRaftLogWorker] INFO  segmented.SegmentedRaftLogWorker (SegmentedRaftLogWorker.java:run(347)) - 5da6f0b0-ccdb-4a5d-9328-dd7db5de8beb@group-2B6F2EE16A18-SegmentedRaftLogWorker was interrupted, exiting. There are 0 tasks remaining in the queue.
2023-01-26 20:30:45,090 [5da6f0b0-ccdb-4a5d-9328-dd7db5de8beb-impl-thread1] INFO  segmented.SegmentedRaftLogWorker (SegmentedRaftLogWorker.java:close(257)) - 5da6f0b0-ccdb-4a5d-9328-dd7db5de8beb@group-2B6F2EE16A18-SegmentedRaftLogWorker close()
2023-01-26 20:30:45,097 [ForkJoinPool.commonPool-worker-0] INFO  ozoneimpl.OzoneContainer (OzoneContainer.java:stop(421)) - Attempting to stop container services.
2023-01-26 20:30:45,104 [ForkJoinPool.commonPool-worker-0] INFO  server.RaftServer (RaftServerProxy.java:lambda$close$6(409)) - 7bf5aaad-ce4d-4dcc-9fd5-6307881c1b43: close
2023-01-26 20:30:45,109 [JvmPauseMonitor5] INFO  util.JvmPauseMonitor (JvmPauseMonitor.java:run(111)) - JvmPauseMonitor-5da6f0b0-ccdb-4a5d-9328-dd7db5de8beb: Stopped
2023-01-26 20:30:45,109 [7bf5aaad-ce4d-4dcc-9fd5-6307881c1b43-impl-thread2] INFO  server.RaftServer$Division (RaftServerImpl.java:lambda$close$4(458)) - 7bf5aaad-ce4d-4dcc-9fd5-6307881c1b43@group-C481FBFF3B85: shutdown
2023-01-26 20:30:45,109 [7bf5aaad-ce4d-4dcc-9fd5-6307881c1b43-impl-thread3] INFO  server.RaftServer$Division (RaftServerImpl.java:lambda$close$4(458)) - 7bf5aaad-ce4d-4dcc-9fd5-6307881c1b43@group-CDCA5465C83F: shutdown
2023-01-26 20:30:45,109 [7bf5aaad-ce4d-4dcc-9fd5-6307881c1b43-impl-thread2] INFO  util.JmxRegister (JmxRegister.java:unregister(73)) - Successfully un-registered JMX Bean with object name Ratis:service=RaftServer,group=group-C481FBFF3B85,id=7bf5aaad-ce4d-4dcc-9fd5-6307881c1b43
2023-01-26 20:30:45,109 [7bf5aaad-ce4d-4dcc-9fd5-6307881c1b43-impl-thread2] INFO  impl.RoleInfo (RoleInfo.java:shutdownFollowerState(110)) - 7bf5aaad-ce4d-4dcc-9fd5-6307881c1b43: shutdown 7bf5aaad-ce4d-4dcc-9fd5-6307881c1b43@group-C481FBFF3B85-FollowerState
2023-01-26 20:30:45,109 [ForkJoinPool.commonPool-worker-0] INFO  server.GrpcService (GrpcService.java:closeImpl(271)) - 7bf5aaad-ce4d-4dcc-9fd5-6307881c1b43: shutdown server GrpcServerProtocolService now
2023-01-26 20:30:45,109 [7bf5aaad-ce4d-4dcc-9fd5-6307881c1b43@group-C481FBFF3B85-FollowerState] INFO  impl.FollowerState (FollowerState.java:run(152)) - 7bf5aaad-ce4d-4dcc-9fd5-6307881c1b43@group-C481FBFF3B85-FollowerState was interrupted
2023-01-26 20:30:45,109 [7bf5aaad-ce4d-4dcc-9fd5-6307881c1b43-impl-thread3] INFO  util.JmxRegister (JmxRegister.java:unregister(73)) - Successfully un-registered JMX Bean with object name Ratis:service=RaftServer,group=group-CDCA5465C83F,id=7bf5aaad-ce4d-4dcc-9fd5-6307881c1b43
2023-01-26 20:30:45,109 [7bf5aaad-ce4d-4dcc-9fd5-6307881c1b43-impl-thread3] INFO  impl.RoleInfo (RoleInfo.java:shutdownLeaderState(93)) - 7bf5aaad-ce4d-4dcc-9fd5-6307881c1b43: shutdown 7bf5aaad-ce4d-4dcc-9fd5-6307881c1b43@group-CDCA5465C83F-LeaderStateImpl
2023-01-26 20:30:45,113 [7bf5aaad-ce4d-4dcc-9fd5-6307881c1b43@group-C481FBFF3B85-StateMachineUpdater] INFO  ratis.ContainerStateMachine (ContainerStateMachine.java:takeSnapshot(308)) - group-C481FBFF3B85: Taking a snapshot at:(t:3, i:0) file /home/runner/work/ozone/ozone/hadoop-ozone/integration-test/target/test-dir/MiniOzoneClusterImpl-91732d81-4c55-4ff3-841d-5fdfde2aad74/datanode-0/data/ratis/79c39a30-5e94-4bb2-b8be-c481fbff3b85/sm/snapshot.3_0
2023-01-26 20:30:45,113 [grpc-default-executor-0] WARN  server.GrpcClientProtocolService (LogUtils.java:warn(122)) - 2-OrderedRequestStreamObserver2: onError: org.apache.ratis.thirdparty.io.grpc.StatusRuntimeException: CANCELLED: client cancelled
2023-01-26 20:30:45,114 [ForkJoinPool.commonPool-worker-0] INFO  server.GrpcServerProtocolClient (GrpcServerProtocolClient.java:close(101)) - 5982ba88-a0d3-4bb4-b961-874e4813aacd Close channels
2023-01-26 20:30:45,114 [7bf5aaad-ce4d-4dcc-9fd5-6307881c1b43@group-C481FBFF3B85-StateMachineUpdater] INFO  ratis.ContainerStateMachine (ContainerStateMachine.java:takeSnapshot(319)) - group-C481FBFF3B85: Finished taking a snapshot at:(t:3, i:0) file:/home/runner/work/ozone/ozone/hadoop-ozone/integration-test/target/test-dir/MiniOzoneClusterImpl-91732d81-4c55-4ff3-841d-5fdfde2aad74/datanode-0/data/ratis/79c39a30-5e94-4bb2-b8be-c481fbff3b85/sm/snapshot.3_0 took: 2 ms
2023-01-26 20:30:45,115 [7bf5aaad-ce4d-4dcc-9fd5-6307881c1b43@group-C481FBFF3B85-StateMachineUpdater] INFO  impl.StateMachineUpdater (StateMachineUpdater.java:takeSnapshot(287)) - 7bf5aaad-ce4d-4dcc-9fd5-6307881c1b43@group-C481FBFF3B85-StateMachineUpdater: Took a snapshot at index 0
2023-01-26 20:30:45,115 [7bf5aaad-ce4d-4dcc-9fd5-6307881c1b43@group-C481FBFF3B85-StateMachineUpdater] INFO  impl.StateMachineUpdater (StateMachineUpdater.java:lambda$new$0(92)) - 7bf5aaad-ce4d-4dcc-9fd5-6307881c1b43@group-C481FBFF3B85-StateMachineUpdater: snapshotIndex: updateIncreasingly -1 -> 0
2023-01-26 20:30:45,113 [7bf5aaad-ce4d-4dcc-9fd5-6307881c1b43-impl-thread2] INFO  impl.StateMachineUpdater (StateMachineUpdater.java:stopAndJoin(153)) - 7bf5aaad-ce4d-4dcc-9fd5-6307881c1b43@group-C481FBFF3B85-StateMachineUpdater: set stopIndex = 0
2023-01-26 20:30:45,117 [ForkJoinPool.commonPool-worker-0] INFO  server.GrpcServerProtocolClient (GrpcServerProtocolClient.java:close(101)) - 1568f87f-b911-477a-a667-1c441b63e4c2 Close channels
2023-01-26 20:30:45,118 [7bf5aaad-ce4d-4dcc-9fd5-6307881c1b43-impl-thread4] INFO  server.RaftServer$Division (RaftServerImpl.java:lambda$close$4(458)) - 7bf5aaad-ce4d-4dcc-9fd5-6307881c1b43@group-DB628AD3D204: shutdown
2023-01-26 20:30:45,117 [7bf5aaad-ce4d-4dcc-9fd5-6307881c1b43-impl-thread3] INFO  impl.PendingRequests (PendingRequests.java:sendNotLeaderResponses(282)) - 7bf5aaad-ce4d-4dcc-9fd5-6307881c1b43@group-CDCA5465C83F-PendingRequests: sendNotLeaderResponses
2023-01-26 20:30:45,118 [7bf5aaad-ce4d-4dcc-9fd5-6307881c1b43-impl-thread2] INFO  server.RaftServer$Division (ServerState.java:close(466)) - 7bf5aaad-ce4d-4dcc-9fd5-6307881c1b43@group-C481FBFF3B85: closes. applyIndex: 0
2023-01-26 20:30:45,114 [grpc-default-executor-3] WARN  server.GrpcClientProtocolService (LogUtils.java:warn(122)) - 3-UnorderedRequestStreamObserver3: onError: org.apache.ratis.thirdparty.io.grpc.StatusRuntimeException: CANCELLED: client cancelled
2023-01-26 20:30:45,118 [ForkJoinPool.commonPool-worker-0] INFO  server.GrpcService (GrpcService.java:closeImpl(280)) - 7bf5aaad-ce4d-4dcc-9fd5-6307881c1b43: shutdown server GrpcServerProtocolService successfully
2023-01-26 20:30:45,118 [7bf5aaad-ce4d-4dcc-9fd5-6307881c1b43@group-C481FBFF3B85-SegmentedRaftLogWorker] INFO  segmented.SegmentedRaftLogWorker (SegmentedRaftLogWorker.java:run(347)) - 7bf5aaad-ce4d-4dcc-9fd5-6307881c1b43@group-C481FBFF3B85-SegmentedRaftLogWorker was interrupted, exiting. There are 0 tasks remaining in the queue.
2023-01-26 20:30:45,119 [7bf5aaad-ce4d-4dcc-9fd5-6307881c1b43-NettyServerStreamRpc-bossGroup--thread1] INFO  logging.LoggingHandler (AbstractInternalLogger.java:log(148)) - [id: 0xaa595d80, L:/0:0:0:0:0:0:0:0:41069] CLOSE
2023-01-26 20:30:45,119 [7bf5aaad-ce4d-4dcc-9fd5-6307881c1b43@group-CDCA5465C83F-StateMachineUpdater] INFO  ratis.ContainerStateMachine (ContainerStateMachine.java:takeSnapshot(308)) - group-CDCA5465C83F: Taking a snapshot at:(t:1, i:0) file /home/runner/work/ozone/ozone/hadoop-ozone/integration-test/target/test-dir/MiniOzoneClusterImpl-91732d81-4c55-4ff3-841d-5fdfde2aad74/datanode-0/data/ratis/1adf35cb-10a0-4a3b-9d55-cdca5465c83f/sm/snapshot.1_0
2023-01-26 20:30:45,119 [7bf5aaad-ce4d-4dcc-9fd5-6307881c1b43-NettyServerStreamRpc-bossGroup--thread1] INFO  logging.LoggingHandler (AbstractInternalLogger.java:log(148)) - [id: 0xaa595d80, L:/0:0:0:0:0:0:0:0:41069] INACTIVE
2023-01-26 20:30:45,119 [7bf5aaad-ce4d-4dcc-9fd5-6307881c1b43-NettyServerStreamRpc-bossGroup--thread1] INFO  logging.LoggingHandler (AbstractInternalLogger.java:log(148)) - [id: 0xaa595d80, L:/0:0:0:0:0:0:0:0:41069] UNREGISTERED
2023-01-26 20:30:45,119 [7bf5aaad-ce4d-4dcc-9fd5-6307881c1b43-impl-thread3] INFO  impl.StateMachineUpdater (StateMachineUpdater.java:stopAndJoin(153)) - 7bf5aaad-ce4d-4dcc-9fd5-6307881c1b43@group-CDCA5465C83F-StateMachineUpdater: set stopIndex = 0
2023-01-26 20:30:45,119 [7bf5aaad-ce4d-4dcc-9fd5-6307881c1b43-impl-thread4] INFO  util.JmxRegister (JmxRegister.java:unregister(73)) - Successfully un-registered JMX Bean with object name Ratis:service=RaftServer,group=group-DB628AD3D204,id=7bf5aaad-ce4d-4dcc-9fd5-6307881c1b43
2023-01-26 20:30:45,119 [7bf5aaad-ce4d-4dcc-9fd5-6307881c1b43-impl-thread4] INFO  impl.RoleInfo (RoleInfo.java:shutdownLeaderState(93)) - 7bf5aaad-ce4d-4dcc-9fd5-6307881c1b43: shutdown 7bf5aaad-ce4d-4dcc-9fd5-6307881c1b43@group-DB628AD3D204-LeaderStateImpl
2023-01-26 20:30:45,119 [7bf5aaad-ce4d-4dcc-9fd5-6307881c1b43@group-CDCA5465C83F-StateMachineUpdater] INFO  ratis.ContainerStateMachine (ContainerStateMachine.java:takeSnapshot(319)) - group-CDCA5465C83F: Finished taking a snapshot at:(t:1, i:0) file:/home/runner/work/ozone/ozone/hadoop-ozone/integration-test/target/test-dir/MiniOzoneClusterImpl-91732d81-4c55-4ff3-841d-5fdfde2aad74/datanode-0/data/ratis/1adf35cb-10a0-4a3b-9d55-cdca5465c83f/sm/snapshot.1_0 took: 0 ms
2023-01-26 20:30:45,120 [7bf5aaad-ce4d-4dcc-9fd5-6307881c1b43@group-DB628AD3D204->5982ba88-a0d3-4bb4-b961-874e4813aacd-GrpcLogAppender-LogAppenderDaemon] WARN  server.GrpcLogAppender (GrpcLogAppender.java:mayWait(200)) - 7bf5aaad-ce4d-4dcc-9fd5-6307881c1b43@group-DB628AD3D204->5982ba88-a0d3-4bb4-b961-874e4813aacd-GrpcLogAppender: Wait interrupted by java.lang.InterruptedException
2023-01-26 20:30:45,120 [7bf5aaad-ce4d-4dcc-9fd5-6307881c1b43@group-DB628AD3D204->1568f87f-b911-477a-a667-1c441b63e4c2-GrpcLogAppender-LogAppenderDaemon] WARN  server.GrpcLogAppender (GrpcLogAppender.java:mayWait(200)) - 7bf5aaad-ce4d-4dcc-9fd5-6307881c1b43@group-DB628AD3D204->1568f87f-b911-477a-a667-1c441b63e4c2-GrpcLogAppender: Wait interrupted by java.lang.InterruptedException
2023-01-26 20:30:45,120 [7bf5aaad-ce4d-4dcc-9fd5-6307881c1b43-impl-thread4] INFO  impl.PendingRequests (PendingRequests.java:sendNotLeaderResponses(282)) - 7bf5aaad-ce4d-4dcc-9fd5-6307881c1b43@group-DB628AD3D204-PendingRequests: sendNotLeaderResponses
2023-01-26 20:30:45,123 [7bf5aaad-ce4d-4dcc-9fd5-6307881c1b43-impl-thread2] INFO  segmented.SegmentedRaftLogWorker (SegmentedRaftLogWorker.java:close(257)) - 7bf5aaad-ce4d-4dcc-9fd5-6307881c1b43@group-C481FBFF3B85-SegmentedRaftLogWorker close()
2023-01-26 20:30:45,123 [7bf5aaad-ce4d-4dcc-9fd5-6307881c1b43@group-CDCA5465C83F-StateMachineUpdater] INFO  impl.StateMachineUpdater (StateMachineUpdater.java:takeSnapshot(287)) - 7bf5aaad-ce4d-4dcc-9fd5-6307881c1b43@group-CDCA5465C83F-StateMachineUpdater: Took a snapshot at index 0
2023-01-26 20:30:45,124 [7bf5aaad-ce4d-4dcc-9fd5-6307881c1b43@group-CDCA5465C83F-StateMachineUpdater] INFO  impl.StateMachineUpdater (StateMachineUpdater.java:lambda$new$0(92)) - 7bf5aaad-ce4d-4dcc-9fd5-6307881c1b43@group-CDCA5465C83F-StateMachineUpdater: snapshotIndex: updateIncreasingly -1 -> 0
2023-01-26 20:30:45,124 [7bf5aaad-ce4d-4dcc-9fd5-6307881c1b43@group-DB628AD3D204-StateMachineUpdater] INFO  ratis.ContainerStateMachine (ContainerStateMachine.java:takeSnapshot(308)) - group-DB628AD3D204: Taking a snapshot at:(t:1, i:30) file /home/runner/work/ozone/ozone/hadoop-ozone/integration-test/target/test-dir/MiniOzoneClusterImpl-91732d81-4c55-4ff3-841d-5fdfde2aad74/datanode-0/data/ratis/4fd980bb-761d-409a-aded-db628ad3d204/sm/snapshot.1_30
2023-01-26 20:30:45,125 [7bf5aaad-ce4d-4dcc-9fd5-6307881c1b43@group-DB628AD3D204-StateMachineUpdater] INFO  ratis.ContainerStateMachine (ContainerStateMachine.java:takeSnapshot(319)) - group-DB628AD3D204: Finished taking a snapshot at:(t:1, i:30) file:/home/runner/work/ozone/ozone/hadoop-ozone/integration-test/target/test-dir/MiniOzoneClusterImpl-91732d81-4c55-4ff3-841d-5fdfde2aad74/datanode-0/data/ratis/4fd980bb-761d-409a-aded-db628ad3d204/sm/snapshot.1_30 took: 1 ms
2023-01-26 20:30:45,125 [7bf5aaad-ce4d-4dcc-9fd5-6307881c1b43@group-DB628AD3D204-StateMachineUpdater] INFO  impl.StateMachineUpdater (StateMachineUpdater.java:takeSnapshot(287)) - 7bf5aaad-ce4d-4dcc-9fd5-6307881c1b43@group-DB628AD3D204-StateMachineUpdater: Took a snapshot at index 30
2023-01-26 20:30:45,125 [7bf5aaad-ce4d-4dcc-9fd5-6307881c1b43@group-DB628AD3D204-StateMachineUpdater] INFO  impl.StateMachineUpdater (StateMachineUpdater.java:lambda$new$0(92)) - 7bf5aaad-ce4d-4dcc-9fd5-6307881c1b43@group-DB628AD3D204-StateMachineUpdater: snapshotIndex: updateIncreasingly -1 -> 30
2023-01-26 20:30:45,127 [7bf5aaad-ce4d-4dcc-9fd5-6307881c1b43-impl-thread3] INFO  server.RaftServer$Division (ServerState.java:close(466)) - 7bf5aaad-ce4d-4dcc-9fd5-6307881c1b43@group-CDCA5465C83F: closes. applyIndex: 0
2023-01-26 20:30:45,127 [7bf5aaad-ce4d-4dcc-9fd5-6307881c1b43@group-CDCA5465C83F-SegmentedRaftLogWorker] INFO  segmented.SegmentedRaftLogWorker (SegmentedRaftLogWorker.java:run(347)) - 7bf5aaad-ce4d-4dcc-9fd5-6307881c1b43@group-CDCA5465C83F-SegmentedRaftLogWorker was interrupted, exiting. There are 0 tasks remaining in the queue.
2023-01-26 20:30:45,127 [7bf5aaad-ce4d-4dcc-9fd5-6307881c1b43-impl-thread3] INFO  segmented.SegmentedRaftLogWorker (SegmentedRaftLogWorker.java:close(257)) - 7bf5aaad-ce4d-4dcc-9fd5-6307881c1b43@group-CDCA5465C83F-SegmentedRaftLogWorker close()
2023-01-26 20:30:45,123 [7bf5aaad-ce4d-4dcc-9fd5-6307881c1b43-impl-thread4] INFO  impl.StateMachineUpdater (StateMachineUpdater.java:stopAndJoin(153)) - 7bf5aaad-ce4d-4dcc-9fd5-6307881c1b43@group-DB628AD3D204-StateMachineUpdater: set stopIndex = 30
2023-01-26 20:30:45,128 [7bf5aaad-ce4d-4dcc-9fd5-6307881c1b43-impl-thread4] INFO  server.RaftServer$Division (ServerState.java:close(466)) - 7bf5aaad-ce4d-4dcc-9fd5-6307881c1b43@group-DB628AD3D204: closes. applyIndex: 30
2023-01-26 20:30:45,128 [7bf5aaad-ce4d-4dcc-9fd5-6307881c1b43@group-DB628AD3D204-SegmentedRaftLogWorker] INFO  segmented.SegmentedRaftLogWorker (SegmentedRaftLogWorker.java:run(347)) - 7bf5aaad-ce4d-4dcc-9fd5-6307881c1b43@group-DB628AD3D204-SegmentedRaftLogWorker was interrupted, exiting. There are 0 tasks remaining in the queue.
2023-01-26 20:30:45,128 [7bf5aaad-ce4d-4dcc-9fd5-6307881c1b43-impl-thread4] INFO  segmented.SegmentedRaftLogWorker (SegmentedRaftLogWorker.java:close(257)) - 7bf5aaad-ce4d-4dcc-9fd5-6307881c1b43@group-DB628AD3D204-SegmentedRaftLogWorker close()
2023-01-26 20:30:45,129 [JvmPauseMonitor1] INFO  util.JvmPauseMonitor (JvmPauseMonitor.java:run(111)) - JvmPauseMonitor-7bf5aaad-ce4d-4dcc-9fd5-6307881c1b43: Stopped
2023-01-26 20:30:47,119 [Listener at 127.0.0.1/38181] INFO  volume.HddsVolume (HddsVolume.java:closeDbStore(338)) - SchemaV3 db is stopped at /home/runner/work/ozone/ozone/hadoop-ozone/integration-test/target/test-dir/MiniOzoneClusterImpl-91732d81-4c55-4ff3-841d-5fdfde2aad74/datanode-4/data-0/containers/hdds/91732d81-4c55-4ff3-841d-5fdfde2aad74/DS-8c8d9cf4-4cf1-4249-acb8-72747567d093/container.db for volume DS-8c8d9cf4-4cf1-4249-acb8-72747567d093
2023-01-26 20:30:47,119 [Listener at 127.0.0.1/38181] INFO  utils.BackgroundService (BackgroundService.java:shutdown(141)) - Shutting down service BlockDeletingService
2023-01-26 20:30:47,119 [Listener at 127.0.0.1/38181] INFO  utils.BackgroundService (BackgroundService.java:shutdown(141)) - Shutting down service StaleRecoveringContainerScrubbingService
2023-01-26 20:30:47,121 [Listener at 127.0.0.1/38181] INFO  statemachine.DatanodeStateMachine (DatanodeStateMachine.java:stopDaemon(603)) - Ozone container server stopped.
2023-01-26 20:30:47,129 [Listener at 127.0.0.1/38181] INFO  handler.ContextHandler (ContextHandler.java:doStop(1159)) - Stopped o.e.j.w.WebAppContext@3a1a08f9{hddsDatanode,/,null,STOPPED}{jar:file:/home/runner/.m2/repository/org/apache/ozone/hdds-container-service/1.4.0-SNAPSHOT/hdds-container-service-1.4.0-SNAPSHOT.jar!/webapps/hddsDatanode}
2023-01-26 20:30:47,129 [Listener at 127.0.0.1/38181] INFO  server.AbstractConnector (AbstractConnector.java:doStop(383)) - Stopped ServerConnector@6e1a3fe8{HTTP/1.1, (http/1.1)}{0.0.0.0:0}
2023-01-26 20:30:47,130 [Listener at 127.0.0.1/38181] INFO  server.session (HouseKeeper.java:stopScavenging(149)) - node0 Stopped scavenging
2023-01-26 20:30:47,130 [Listener at 127.0.0.1/38181] INFO  handler.ContextHandler (ContextHandler.java:doStop(1159)) - Stopped o.e.j.s.ServletContextHandler@645d860{static,/static,jar:file:/home/runner/.m2/repository/org/apache/ozone/hdds-container-service/1.4.0-SNAPSHOT/hdds-container-service-1.4.0-SNAPSHOT.jar!/webapps/static,STOPPED}
2023-01-26 20:30:47,130 [Listener at 127.0.0.1/38181] INFO  handler.ContextHandler (ContextHandler.java:doStop(1159)) - Stopped o.e.j.s.ServletContextHandler@1df8e97b{logs,/logs,file:///home/runner/work/ozone/ozone/hadoop-ozone/integration-test/target/log,STOPPED}
2023-01-26 20:30:47,136 [Listener at 127.0.0.1/38181] INFO  ozoneimpl.OzoneContainer (OzoneContainer.java:stop(421)) - Attempting to stop container services.
2023-01-26 20:30:47,145 [Listener at 127.0.0.1/38181] INFO  server.RaftServer (RaftServerProxy.java:lambda$close$6(409)) - b29357c9-7d45-4ae4-80d3-019e3f6bb8ef: close
2023-01-26 20:30:47,145 [ForkJoinPool.commonPool-worker-0] INFO  volume.HddsVolume (HddsVolume.java:closeDbStore(338)) - SchemaV3 db is stopped at /home/runner/work/ozone/ozone/hadoop-ozone/integration-test/target/test-dir/MiniOzoneClusterImpl-91732d81-4c55-4ff3-841d-5fdfde2aad74/datanode-0/data-0/containers/hdds/91732d81-4c55-4ff3-841d-5fdfde2aad74/DS-e5df7ad3-846d-413e-ac0e-cc9f156d45ee/container.db for volume DS-e5df7ad3-846d-413e-ac0e-cc9f156d45ee
2023-01-26 20:30:47,145 [ForkJoinPool.commonPool-worker-0] INFO  utils.BackgroundService (BackgroundService.java:shutdown(141)) - Shutting down service BlockDeletingService
2023-01-26 20:30:47,146 [ForkJoinPool.commonPool-worker-0] INFO  utils.BackgroundService (BackgroundService.java:shutdown(141)) - Shutting down service StaleRecoveringContainerScrubbingService
2023-01-26 20:30:47,147 [Listener at 127.0.0.1/38181] INFO  server.GrpcService (GrpcService.java:closeImpl(271)) - b29357c9-7d45-4ae4-80d3-019e3f6bb8ef: shutdown server GrpcServerProtocolService now
2023-01-26 20:30:47,147 [b29357c9-7d45-4ae4-80d3-019e3f6bb8ef-impl-thread2] INFO  server.RaftServer$Division (RaftServerImpl.java:lambda$close$4(458)) - b29357c9-7d45-4ae4-80d3-019e3f6bb8ef@group-7CE0E3F02AFB: shutdown
2023-01-26 20:30:47,147 [b29357c9-7d45-4ae4-80d3-019e3f6bb8ef-impl-thread2] INFO  util.JmxRegister (JmxRegister.java:unregister(73)) - Successfully un-registered JMX Bean with object name Ratis:service=RaftServer,group=group-7CE0E3F02AFB,id=b29357c9-7d45-4ae4-80d3-019e3f6bb8ef
2023-01-26 20:30:47,147 [b29357c9-7d45-4ae4-80d3-019e3f6bb8ef-impl-thread2] INFO  impl.RoleInfo (RoleInfo.java:shutdownLeaderState(93)) - b29357c9-7d45-4ae4-80d3-019e3f6bb8ef: shutdown b29357c9-7d45-4ae4-80d3-019e3f6bb8ef@group-7CE0E3F02AFB-LeaderStateImpl
2023-01-26 20:30:47,147 [b29357c9-7d45-4ae4-80d3-019e3f6bb8ef-impl-thread2] INFO  impl.PendingRequests (PendingRequests.java:sendNotLeaderResponses(282)) - b29357c9-7d45-4ae4-80d3-019e3f6bb8ef@group-7CE0E3F02AFB-PendingRequests: sendNotLeaderResponses
2023-01-26 20:30:47,148 [b29357c9-7d45-4ae4-80d3-019e3f6bb8ef@group-7CE0E3F02AFB-StateMachineUpdater] INFO  ratis.ContainerStateMachine (ContainerStateMachine.java:takeSnapshot(308)) - group-7CE0E3F02AFB: Taking a snapshot at:(t:1, i:0) file /home/runner/work/ozone/ozone/hadoop-ozone/integration-test/target/test-dir/MiniOzoneClusterImpl-91732d81-4c55-4ff3-841d-5fdfde2aad74/datanode-3/data/ratis/de05051a-2b37-4acd-834b-7ce0e3f02afb/sm/snapshot.1_0
2023-01-26 20:30:47,148 [b29357c9-7d45-4ae4-80d3-019e3f6bb8ef-impl-thread2] INFO  impl.StateMachineUpdater (StateMachineUpdater.java:stopAndJoin(153)) - b29357c9-7d45-4ae4-80d3-019e3f6bb8ef@group-7CE0E3F02AFB-StateMachineUpdater: set stopIndex = 0
2023-01-26 20:30:47,149 [b29357c9-7d45-4ae4-80d3-019e3f6bb8ef@group-7CE0E3F02AFB-StateMachineUpdater] INFO  ratis.ContainerStateMachine (ContainerStateMachine.java:takeSnapshot(319)) - group-7CE0E3F02AFB: Finished taking a snapshot at:(t:1, i:0) file:/home/runner/work/ozone/ozone/hadoop-ozone/integration-test/target/test-dir/MiniOzoneClusterImpl-91732d81-4c55-4ff3-841d-5fdfde2aad74/datanode-3/data/ratis/de05051a-2b37-4acd-834b-7ce0e3f02afb/sm/snapshot.1_0 took: 1 ms
2023-01-26 20:30:47,149 [b29357c9-7d45-4ae4-80d3-019e3f6bb8ef@group-7CE0E3F02AFB-StateMachineUpdater] INFO  impl.StateMachineUpdater (StateMachineUpdater.java:takeSnapshot(287)) - b29357c9-7d45-4ae4-80d3-019e3f6bb8ef@group-7CE0E3F02AFB-StateMachineUpdater: Took a snapshot at index 0
2023-01-26 20:30:47,149 [b29357c9-7d45-4ae4-80d3-019e3f6bb8ef@group-7CE0E3F02AFB-StateMachineUpdater] INFO  impl.StateMachineUpdater (StateMachineUpdater.java:lambda$new$0(92)) - b29357c9-7d45-4ae4-80d3-019e3f6bb8ef@group-7CE0E3F02AFB-StateMachineUpdater: snapshotIndex: updateIncreasingly -1 -> 0
2023-01-26 20:30:47,149 [Listener at 127.0.0.1/38181] INFO  server.GrpcService (GrpcService.java:closeImpl(280)) - b29357c9-7d45-4ae4-80d3-019e3f6bb8ef: shutdown server GrpcServerProtocolService successfully
2023-01-26 20:30:47,155 [ForkJoinPool.commonPool-worker-0] INFO  statemachine.DatanodeStateMachine (DatanodeStateMachine.java:stopDaemon(603)) - Ozone container server stopped.
2023-01-26 20:30:47,156 [b29357c9-7d45-4ae4-80d3-019e3f6bb8ef-NettyServerStreamRpc-bossGroup--thread1] INFO  logging.LoggingHandler (AbstractInternalLogger.java:log(148)) - [id: 0xc7c35e22, L:/0:0:0:0:0:0:0:0:45865] CLOSE
2023-01-26 20:30:47,156 [b29357c9-7d45-4ae4-80d3-019e3f6bb8ef-impl-thread2] INFO  server.RaftServer$Division (ServerState.java:close(466)) - b29357c9-7d45-4ae4-80d3-019e3f6bb8ef@group-7CE0E3F02AFB: closes. applyIndex: 0
2023-01-26 20:30:47,156 [b29357c9-7d45-4ae4-80d3-019e3f6bb8ef-NettyServerStreamRpc-bossGroup--thread1] INFO  logging.LoggingHandler (AbstractInternalLogger.java:log(148)) - [id: 0xc7c35e22, L:/0:0:0:0:0:0:0:0:45865] INACTIVE
2023-01-26 20:30:47,156 [b29357c9-7d45-4ae4-80d3-019e3f6bb8ef-NettyServerStreamRpc-bossGroup--thread1] INFO  logging.LoggingHandler (AbstractInternalLogger.java:log(148)) - [id: 0xc7c35e22, L:/0:0:0:0:0:0:0:0:45865] UNREGISTERED
2023-01-26 20:30:47,164 [b29357c9-7d45-4ae4-80d3-019e3f6bb8ef@group-7CE0E3F02AFB-SegmentedRaftLogWorker] INFO  segmented.SegmentedRaftLogWorker (SegmentedRaftLogWorker.java:run(347)) - b29357c9-7d45-4ae4-80d3-019e3f6bb8ef@group-7CE0E3F02AFB-SegmentedRaftLogWorker was interrupted, exiting. There are 0 tasks remaining in the queue.
2023-01-26 20:30:47,164 [b29357c9-7d45-4ae4-80d3-019e3f6bb8ef-impl-thread2] INFO  segmented.SegmentedRaftLogWorker (SegmentedRaftLogWorker.java:close(257)) - b29357c9-7d45-4ae4-80d3-019e3f6bb8ef@group-7CE0E3F02AFB-SegmentedRaftLogWorker close()
2023-01-26 20:30:47,166 [JvmPauseMonitor4] INFO  util.JvmPauseMonitor (JvmPauseMonitor.java:run(111)) - JvmPauseMonitor-b29357c9-7d45-4ae4-80d3-019e3f6bb8ef: Stopped
2023-01-26 20:30:47,174 [ForkJoinPool.commonPool-worker-0] INFO  handler.ContextHandler (ContextHandler.java:doStop(1159)) - Stopped o.e.j.w.WebAppContext@718991cd{hddsDatanode,/,null,STOPPED}{jar:file:/home/runner/.m2/repository/org/apache/ozone/hdds-container-service/1.4.0-SNAPSHOT/hdds-container-service-1.4.0-SNAPSHOT.jar!/webapps/hddsDatanode}
2023-01-26 20:30:47,175 [ForkJoinPool.commonPool-worker-0] INFO  server.AbstractConnector (AbstractConnector.java:doStop(383)) - Stopped ServerConnector@7bb15812{HTTP/1.1, (http/1.1)}{0.0.0.0:0}
2023-01-26 20:30:47,176 [ForkJoinPool.commonPool-worker-0] INFO  server.session (HouseKeeper.java:stopScavenging(149)) - node0 Stopped scavenging
2023-01-26 20:30:47,178 [ForkJoinPool.commonPool-worker-0] INFO  handler.ContextHandler (ContextHandler.java:doStop(1159)) - Stopped o.e.j.s.ServletContextHandler@6ca973af{static,/static,jar:file:/home/runner/.m2/repository/org/apache/ozone/hdds-container-service/1.4.0-SNAPSHOT/hdds-container-service-1.4.0-SNAPSHOT.jar!/webapps/static,STOPPED}
2023-01-26 20:30:47,179 [ForkJoinPool.commonPool-worker-0] INFO  handler.ContextHandler (ContextHandler.java:doStop(1159)) - Stopped o.e.j.s.ServletContextHandler@7d829005{logs,/logs,file:///home/runner/work/ozone/ozone/hadoop-ozone/integration-test/target/log,STOPPED}
2023-01-26 20:30:49,169 [Listener at 127.0.0.1/38181] INFO  volume.HddsVolume (HddsVolume.java:closeDbStore(338)) - SchemaV3 db is stopped at /home/runner/work/ozone/ozone/hadoop-ozone/integration-test/target/test-dir/MiniOzoneClusterImpl-91732d81-4c55-4ff3-841d-5fdfde2aad74/datanode-3/data-0/containers/hdds/91732d81-4c55-4ff3-841d-5fdfde2aad74/DS-8d8c5f69-12ae-44cf-a08e-df946d07b547/container.db for volume DS-8d8c5f69-12ae-44cf-a08e-df946d07b547
2023-01-26 20:30:49,170 [Listener at 127.0.0.1/38181] INFO  utils.BackgroundService (BackgroundService.java:shutdown(141)) - Shutting down service BlockDeletingService
2023-01-26 20:30:49,170 [Listener at 127.0.0.1/38181] INFO  utils.BackgroundService (BackgroundService.java:shutdown(141)) - Shutting down service StaleRecoveringContainerScrubbingService
2023-01-26 20:30:49,172 [Listener at 127.0.0.1/38181] INFO  statemachine.DatanodeStateMachine (DatanodeStateMachine.java:stopDaemon(603)) - Ozone container server stopped.
2023-01-26 20:30:49,181 [Listener at 127.0.0.1/38181] INFO  handler.ContextHandler (ContextHandler.java:doStop(1159)) - Stopped o.e.j.w.WebAppContext@53d0500d{hddsDatanode,/,null,STOPPED}{jar:file:/home/runner/.m2/repository/org/apache/ozone/hdds-container-service/1.4.0-SNAPSHOT/hdds-container-service-1.4.0-SNAPSHOT.jar!/webapps/hddsDatanode}
2023-01-26 20:30:49,182 [Listener at 127.0.0.1/38181] INFO  server.AbstractConnector (AbstractConnector.java:doStop(383)) - Stopped ServerConnector@674038a9{HTTP/1.1, (http/1.1)}{0.0.0.0:0}
2023-01-26 20:30:49,182 [Listener at 127.0.0.1/38181] INFO  server.session (HouseKeeper.java:stopScavenging(149)) - node0 Stopped scavenging
2023-01-26 20:30:49,182 [Listener at 127.0.0.1/38181] INFO  handler.ContextHandler (ContextHandler.java:doStop(1159)) - Stopped o.e.j.s.ServletContextHandler@51fba518{static,/static,jar:file:/home/runner/.m2/repository/org/apache/ozone/hdds-container-service/1.4.0-SNAPSHOT/hdds-container-service-1.4.0-SNAPSHOT.jar!/webapps/static,STOPPED}
2023-01-26 20:30:49,182 [Listener at 127.0.0.1/38181] INFO  handler.ContextHandler (ContextHandler.java:doStop(1159)) - Stopped o.e.j.s.ServletContextHandler@565f87ed{logs,/logs,file:///home/runner/work/ozone/ozone/hadoop-ozone/integration-test/target/log,STOPPED}
2023-01-26 20:30:49,183 [Listener at 127.0.0.1/38181] INFO  ozone.MiniOzoneClusterImpl (MiniOzoneClusterImpl.java:stopSCM(539)) - Stopping the StorageContainerManager
2023-01-26 20:30:49,183 [Listener at 127.0.0.1/38181] INFO  server.StorageContainerManager (StorageContainerManager.java:stop(1535)) - Container Balancer is not running.
2023-01-26 20:30:49,184 [Listener at 127.0.0.1/38181] INFO  server.StorageContainerManager (StorageContainerManager.java:stop(1542)) - Stopping Replication Manager Service.
2023-01-26 20:30:49,184 [Listener at 127.0.0.1/38181] INFO  replication.ReplicationManager (ReplicationManager.java:stop(294)) - Stopping Replication Monitor Thread.
2023-01-26 20:30:49,184 [Under Replicated Processor] WARN  replication.UnhealthyReplicationProcessor (UnhealthyReplicationProcessor.java:run(142)) - Under Replicated Processor interrupted. Exiting...
2023-01-26 20:30:49,184 [ReplicationMonitor] INFO  replication.ReplicationManager (ReplicationManager.java:run(671)) - Replication Monitor Thread is stopped
2023-01-26 20:30:49,184 [Over Replicated Processor] WARN  replication.UnhealthyReplicationProcessor (UnhealthyReplicationProcessor.java:run(142)) - Over Replicated Processor interrupted. Exiting...
2023-01-26 20:30:49,184 [Listener at 127.0.0.1/38181] INFO  server.StorageContainerManager (StorageContainerManager.java:stop(1549)) - Stopping the Datanode Admin Monitor.
2023-01-26 20:30:49,184 [Listener at 127.0.0.1/38181] INFO  server.StorageContainerManager (StorageContainerManager.java:stop(1556)) - Stopping datanode service RPC server
2023-01-26 20:30:49,184 [Listener at 127.0.0.1/38181] INFO  server.SCMDatanodeProtocolServer (SCMDatanodeProtocolServer.java:stop(441)) - Stopping the RPC server for DataNodes
2023-01-26 20:30:49,184 [Listener at 127.0.0.1/38181] INFO  ipc.Server (Server.java:stop(3428)) - Stopping server on 37075
2023-01-26 20:30:49,186 [IPC Server listener on 0] INFO  ipc.Server (Server.java:run(1384)) - Stopping IPC Server listener on 0
2023-01-26 20:30:49,186 [IPC Server Responder] INFO  ipc.Server (Server.java:run(1517)) - Stopping IPC Server Responder
2023-01-26 20:30:49,211 [SCM Heartbeat Processing Thread - 0] WARN  node.NodeStateManager (NodeStateManager.java:scheduleNextHealthCheck(870)) - Current Thread is interrupted, shutting down HB processing thread for Node Manager.
2023-01-26 20:30:49,211 [Listener at 127.0.0.1/38181] INFO  server.StorageContainerManager (StorageContainerManager.java:stop(1564)) - Stopping block service RPC server
2023-01-26 20:30:49,211 [Listener at 127.0.0.1/38181] INFO  server.SCMBlockProtocolServer (SCMBlockProtocolServer.java:stop(161)) - Stopping the RPC server for Block Protocol
2023-01-26 20:30:49,211 [Listener at 127.0.0.1/38181] INFO  ipc.Server (Server.java:stop(3428)) - Stopping server on 35025
2023-01-26 20:30:49,214 [IPC Server listener on 0] INFO  ipc.Server (Server.java:run(1384)) - Stopping IPC Server listener on 0
2023-01-26 20:30:49,215 [IPC Server Responder] INFO  ipc.Server (Server.java:run(1517)) - Stopping IPC Server Responder
2023-01-26 20:30:49,215 [Listener at 127.0.0.1/38181] INFO  server.StorageContainerManager (StorageContainerManager.java:stop(1571)) - Stopping the StorageContainerLocationProtocol RPC server
2023-01-26 20:30:49,215 [Listener at 127.0.0.1/38181] INFO  server.SCMClientProtocolServer (SCMClientProtocolServer.java:stop(179)) - Stopping the RPC server for Client Protocol
2023-01-26 20:30:49,215 [Listener at 127.0.0.1/38181] INFO  ipc.Server (Server.java:stop(3428)) - Stopping server on 42497
2023-01-26 20:30:49,217 [IPC Server listener on 0] INFO  ipc.Server (Server.java:run(1384)) - Stopping IPC Server listener on 0
2023-01-26 20:30:49,218 [IPC Server Responder] INFO  ipc.Server (Server.java:run(1517)) - Stopping IPC Server Responder
2023-01-26 20:30:49,218 [Listener at 127.0.0.1/38181] INFO  server.StorageContainerManager (StorageContainerManager.java:stop(1578)) - Stopping Storage Container Manager HTTP server.
2023-01-26 20:30:49,220 [Listener at 127.0.0.1/38181] INFO  handler.ContextHandler (ContextHandler.java:doStop(1159)) - Stopped o.e.j.w.WebAppContext@10c1682b{scm,/,null,STOPPED}{file:/home/runner/work/ozone/ozone/hadoop-ozone/integration-test/target/test-classes/webapps/scm}
2023-01-26 20:30:49,221 [Listener at 127.0.0.1/38181] INFO  server.AbstractConnector (AbstractConnector.java:doStop(383)) - Stopped ServerConnector@4b3b2a4f{HTTP/1.1, (http/1.1)}{0.0.0.0:0}
2023-01-26 20:30:49,221 [Listener at 127.0.0.1/38181] INFO  server.session (HouseKeeper.java:stopScavenging(149)) - node0 Stopped scavenging
2023-01-26 20:30:49,221 [Listener at 127.0.0.1/38181] INFO  handler.ContextHandler (ContextHandler.java:doStop(1159)) - Stopped o.e.j.s.ServletContextHandler@27b84c9a{static,/static,file:///home/runner/work/ozone/ozone/hadoop-ozone/integration-test/target/test-classes/webapps/static,STOPPED}
2023-01-26 20:30:49,221 [Listener at 127.0.0.1/38181] INFO  handler.ContextHandler (ContextHandler.java:doStop(1159)) - Stopped o.e.j.s.ServletContextHandler@321558f8{logs,/logs,file:///home/runner/work/ozone/ozone/hadoop-ozone/integration-test/target/log,STOPPED}
2023-01-26 20:30:49,222 [Listener at 127.0.0.1/38181] INFO  server.StorageContainerManager (StorageContainerManager.java:stop(1584)) - Stopping SCM LayoutVersionManager Service.
2023-01-26 20:30:49,222 [Listener at 127.0.0.1/38181] INFO  server.StorageContainerManager (StorageContainerManager.java:stop(1592)) - Stopping Block Manager Service.
2023-01-26 20:30:49,222 [Listener at 127.0.0.1/38181] INFO  utils.BackgroundService (BackgroundService.java:shutdown(141)) - Shutting down service SCMBlockDeletingService
2023-01-26 20:30:49,222 [Listener at 127.0.0.1/38181] INFO  utils.BackgroundService (BackgroundService.java:shutdown(141)) - Shutting down service SCMBlockDeletingService
2023-01-26 20:30:49,222 [Listener at 127.0.0.1/38181] INFO  server.StorageContainerManager (StorageContainerManager.java:stop(1614)) - Stopping SCM Event Queue.
2023-01-26 20:30:49,225 [Listener at 127.0.0.1/38181] INFO  server.StorageContainerManager (StorageContainerManager.java:stop(1625)) - Stopping SCM HA services.
2023-01-26 20:30:49,226 [Listener at 127.0.0.1/38181] INFO  pipeline.BackgroundPipelineCreator (BackgroundPipelineCreator.java:stop(149)) - Stopping RatisPipelineUtilsThread.
2023-01-26 20:30:49,226 [RatisPipelineUtilsThread - 0] WARN  pipeline.BackgroundPipelineCreator (BackgroundPipelineCreator.java:run(180)) - RatisPipelineUtilsThread is interrupted.
2023-01-26 20:30:49,226 [BackgroundPipelineScrubberThread] WARN  BackgroundPipelineScrubber (BackgroundSCMService.java:run(115)) - BackgroundPipelineScrubber is interrupted, exit
2023-01-26 20:30:49,226 [Listener at 127.0.0.1/38181] INFO  BackgroundPipelineScrubber (BackgroundSCMService.java:stop(131)) - Stopping BackgroundPipelineScrubber Service.
2023-01-26 20:30:49,227 [Listener at 127.0.0.1/38181] INFO  impl.MetricsSystemImpl (MetricsSystemImpl.java:stop(210)) - Stopping XceiverClientMetrics metrics system...
2023-01-26 20:30:49,230 [prometheus] INFO  impl.MetricsSinkAdapter (MetricsSinkAdapter.java:publishMetricsFromQueue(141)) - prometheus thread interrupted.
2023-01-26 20:30:49,232 [Listener at 127.0.0.1/38181] INFO  impl.MetricsSystemImpl (MetricsSystemImpl.java:stop(216)) - XceiverClientMetrics metrics system stopped.
2023-01-26 20:30:49,233 [Listener at 127.0.0.1/38181] WARN  pipeline.BackgroundPipelineCreator (BackgroundPipelineCreator.java:stop(145)) - RatisPipelineUtilsThread is not running, just ignore.
2023-01-26 20:30:49,233 [Listener at 127.0.0.1/38181] INFO  BackgroundPipelineScrubber (BackgroundSCMService.java:stop(126)) - BackgroundPipelineScrubber Service is not running, skip stop.
2023-01-26 20:30:49,233 [ExpiredContainerReplicaOpScrubberThread] WARN  ExpiredContainerReplicaOpScrubber (BackgroundSCMService.java:run(115)) - ExpiredContainerReplicaOpScrubber is interrupted, exit
2023-01-26 20:30:49,233 [Listener at 127.0.0.1/38181] INFO  ExpiredContainerReplicaOpScrubber (BackgroundSCMService.java:stop(131)) - Stopping ExpiredContainerReplicaOpScrubber Service.
2023-01-26 20:30:49,233 [Listener at 127.0.0.1/38181] INFO  utils.BackgroundService (BackgroundService.java:shutdown(141)) - Shutting down service SCMBlockDeletingService
2023-01-26 20:30:49,233 [Listener at 127.0.0.1/38181] INFO  replication.ReplicationManager (ReplicationManager.java:stop(302)) - Replication Monitor Thread is not running.
2023-01-26 20:30:49,233 [Listener at 127.0.0.1/38181] WARN  balancer.ContainerBalancer (ContainerBalancer.java:stop(322)) - Cannot stop Container Balancer because it's not running or stopping
2023-01-26 20:30:49,234 [Listener at 127.0.0.1/38181] INFO  server.StorageContainerManager (StorageContainerManager.java:stop(1643)) - Stopping SCM MetadataStore.
2023-01-26 20:30:49,301 [Listener at 127.0.0.1/38181] WARN  server.ServerUtils (ServerUtils.java:getScmDbDir(148)) - ozone.scm.db.dirs is not configured. We recommend adding this setting. Falling back to ozone.metadata.dirs instead.
2023-01-26 20:30:49,303 [Listener at 127.0.0.1/38181] WARN  server.ServerUtils (ServerUtils.java:getScmDbDir(148)) - ozone.scm.db.dirs is not configured. We recommend adding this setting. Falling back to ozone.metadata.dirs instead.
2023-01-26 20:30:49,304 [Listener at 127.0.0.1/38181] INFO  ha.SCMHANodeDetails (SCMHANodeDetails.java:loadSCMHAConfig(209)) - ServiceID for StorageContainerManager is null
2023-01-26 20:30:49,304 [Listener at 127.0.0.1/38181] INFO  ha.SCMHANodeDetails (SCMHANodeDetails.java:loadSCMHAConfig(214)) - ozone.scm.default.service.id is not defined, falling back to ozone.scm.service.ids to find serviceID for StorageContainerManager if it is HA enabled cluster
2023-01-26 20:30:49,304 [Listener at 127.0.0.1/38181] WARN  utils.HAUtils (HAUtils.java:getMetaDir(342)) - ozone.scm.db.dirs is not configured. We recommend adding this setting. Falling back to ozone.metadata.dirs instead.
2023-01-26 20:30:49,305 [Listener at 127.0.0.1/38181] WARN  db.DBStoreBuilder (DBStoreBuilder.java:applyDBDefinition(144)) - ozone.scm.db.dirs is not configured. We recommend adding this setting. Falling back to ozone.metadata.dirs instead.
2023-01-26 20:30:49,398 [Listener at 127.0.0.1/38181] INFO  net.NodeSchemaLoader (NodeSchemaLoader.java:loadSchemaFromFile(129)) - Loading schema from [jar:file:/home/runner/.m2/repository/org/apache/ozone/hdds-common/1.4.0-SNAPSHOT/hdds-common-1.4.0-SNAPSHOT.jar!/network-topology-default.xml]
2023-01-26 20:30:49,398 [Listener at 127.0.0.1/38181] INFO  net.NodeSchemaLoader (NodeSchemaLoader.java:loadSchema(176)) - Loading network topology layer schema file
2023-01-26 20:30:49,401 [Listener at 127.0.0.1/38181] INFO  upgrade.AbstractLayoutVersionManager (AbstractLayoutVersionManager.java:init(83)) - Initializing Layout version manager with metadata layout = DATANODE_SCHEMA_V3 (version = 4), software layout = DATANODE_SCHEMA_V3 (version = 4)
2023-01-26 20:30:49,445 [Listener at 127.0.0.1/38181] INFO  reflections.Reflections (Reflections.java:scan(232)) - Reflections took 43 ms to scan 7 urls, producing 148 keys and 356 values 
2023-01-26 20:30:49,446 [Listener at 127.0.0.1/38181] INFO  ha.SequenceIdGenerator (SequenceIdGenerator.java:upgradeToSequenceId(349)) - upgrade localId to 111677748019200000
2023-01-26 20:30:49,447 [Listener at 127.0.0.1/38181] INFO  ha.SequenceIdGenerator (SequenceIdGenerator.java:upgradeToSequenceId(359)) - upgrade delTxnId to 0
2023-01-26 20:30:49,447 [Listener at 127.0.0.1/38181] INFO  ha.SequenceIdGenerator (SequenceIdGenerator.java:upgradeToSequenceId(376)) - upgrade containerId to 0
2023-01-26 20:30:49,447 [Listener at 127.0.0.1/38181] INFO  ha.SequenceIdGenerator (SequenceIdGenerator.java:<init>(220)) - Init the HA SequenceIdGenerator.
2023-01-26 20:30:49,447 [Listener at 127.0.0.1/38181] WARN  server.ServerUtils (ServerUtils.java:sanitizeUserArgs(73)) - ozone.scm.stale.node.interval value = 300000 is larger than max = 100000 based on the key value of ozone.scm.heartbeat.thread.interval, reset to the max value 100000.
2023-01-26 20:30:49,447 [Listener at 127.0.0.1/38181] WARN  server.ServerUtils (ServerUtils.java:sanitizeUserArgs(73)) - ozone.scm.stale.node.interval value = 300000 is larger than max = 100000 based on the key value of ozone.scm.heartbeat.thread.interval, reset to the max value 100000.
2023-01-26 20:30:49,447 [Listener at 127.0.0.1/38181] INFO  node.SCMNodeManager (SCMNodeManager.java:<init>(149)) - Entering startup safe mode.
2023-01-26 20:30:49,448 [Listener at 127.0.0.1/38181] INFO  algorithms.ContainerPlacementPolicyFactory (ContainerPlacementPolicyFactory.java:getPolicyInternal(86)) - Create container placement policy of type org.apache.hadoop.hdds.scm.container.placement.algorithms.SCMContainerPlacementRandom
2023-01-26 20:30:49,448 [Listener at 127.0.0.1/38181] INFO  algorithms.ContainerPlacementPolicyFactory (ContainerPlacementPolicyFactory.java:getPolicyInternal(86)) - Create container placement policy of type org.apache.hadoop.hdds.scm.container.placement.algorithms.SCMContainerPlacementRackScatter
2023-01-26 20:30:49,448 [Listener at 127.0.0.1/38181] INFO  pipeline.PipelineStateManagerImpl (PipelineStateManagerImpl.java:initialize(78)) - No pipeline exists in current db
2023-01-26 20:30:49,448 [Listener at 127.0.0.1/38181] INFO  algorithms.LeaderChoosePolicyFactory (LeaderChoosePolicyFactory.java:getPolicy(57)) - Create leader choose policy of type org.apache.hadoop.hdds.scm.pipeline.leader.choose.algorithms.MinLeaderCountChoosePolicy
2023-01-26 20:30:49,449 [Listener at 127.0.0.1/38181] INFO  algorithms.ContainerPlacementPolicyFactory (ContainerPlacementPolicyFactory.java:getPolicyInternal(86)) - Create container placement policy of type org.apache.hadoop.hdds.scm.container.placement.algorithms.SCMContainerPlacementRackScatter
2023-01-26 20:30:49,449 [Listener at 127.0.0.1/38181] INFO  ha.SCMServiceManager (SCMServiceManager.java:register(42)) - Registering service BackgroundPipelineCreator.
2023-01-26 20:30:49,449 [Listener at 127.0.0.1/38181] INFO  pipeline.BackgroundPipelineCreator (BackgroundPipelineCreator.java:start(124)) - Starting RatisPipelineUtilsThread.
2023-01-26 20:30:49,449 [Listener at 127.0.0.1/38181] INFO  BackgroundPipelineScrubber (BackgroundSCMService.java:start(68)) - Starting BackgroundPipelineScrubber Service.
2023-01-26 20:30:49,449 [Listener at 127.0.0.1/38181] INFO  ha.SCMServiceManager (SCMServiceManager.java:register(42)) - Registering service BackgroundPipelineScrubber.
2023-01-26 20:30:49,450 [Listener at 127.0.0.1/38181] INFO  ExpiredContainerReplicaOpScrubber (BackgroundSCMService.java:start(68)) - Starting ExpiredContainerReplicaOpScrubber Service.
2023-01-26 20:30:49,450 [Listener at 127.0.0.1/38181] INFO  ha.SCMServiceManager (SCMServiceManager.java:register(42)) - Registering service ExpiredContainerReplicaOpScrubber.
2023-01-26 20:30:49,451 [Listener at 127.0.0.1/38181] INFO  algorithms.PipelineChoosePolicyFactory (PipelineChoosePolicyFactory.java:createPipelineChoosePolicyFromClass(73)) - Create pipeline choose policy of type org.apache.hadoop.hdds.scm.pipeline.choose.algorithms.RandomPipelineChoosePolicy
2023-01-26 20:30:49,451 [Listener at 127.0.0.1/38181] INFO  ha.SCMServiceManager (SCMServiceManager.java:register(42)) - Registering service SCMBlockDeletingService.
2023-01-26 20:30:49,452 [Listener at 127.0.0.1/38181] INFO  replication.ReplicationManager (ReplicationManager.java:start(263)) - Starting Replication Monitor Thread.
2023-01-26 20:30:49,452 [Listener at 127.0.0.1/38181] INFO  ha.SCMServiceManager (SCMServiceManager.java:register(42)) - Registering service ReplicationManager.
2023-01-26 20:30:49,453 [Listener at 127.0.0.1/38181] INFO  safemode.ContainerSafeModeRule (ContainerSafeModeRule.java:<init>(89)) - containers with one replica threshold count 0
2023-01-26 20:30:49,453 [Listener at 127.0.0.1/38181] INFO  safemode.HealthyPipelineSafeModeRule (HealthyPipelineSafeModeRule.java:initializeRule(169)) - Total pipeline count is 0, healthy pipeline threshold count is 1
2023-01-26 20:30:49,453 [Listener at 127.0.0.1/38181] INFO  safemode.OneReplicaPipelineSafeModeRule (OneReplicaPipelineSafeModeRule.java:initializeRule(180)) - Total pipeline count is 0, pipeline's with at least one datanode reported threshold count is 0
2023-01-26 20:30:49,454 [Listener at 127.0.0.1/38181] INFO  ipc.CallQueueManager (CallQueueManager.java:<init>(90)) - Using callQueue: class java.util.concurrent.LinkedBlockingQueue, queueCapacity: 2000, scheduler: class org.apache.hadoop.ipc.DefaultRpcScheduler, ipcBackoff: false.
2023-01-26 20:30:49,454 [Socket Reader #1 for port 0] INFO  ipc.Server (Server.java:run(1273)) - Starting Socket Reader #1 for port 0
2023-01-26 20:30:49,455 [Listener at 0.0.0.0/43955] INFO  ipc.CallQueueManager (CallQueueManager.java:<init>(90)) - Using callQueue: class java.util.concurrent.LinkedBlockingQueue, queueCapacity: 2000, scheduler: class org.apache.hadoop.ipc.DefaultRpcScheduler, ipcBackoff: false.
2023-01-26 20:30:49,456 [Socket Reader #1 for port 0] INFO  ipc.Server (Server.java:run(1273)) - Starting Socket Reader #1 for port 0
2023-01-26 20:30:49,456 [Listener at 0.0.0.0/42307] INFO  ipc.CallQueueManager (CallQueueManager.java:<init>(90)) - Using callQueue: class java.util.concurrent.LinkedBlockingQueue, queueCapacity: 2000, scheduler: class org.apache.hadoop.ipc.DefaultRpcScheduler, ipcBackoff: false.
2023-01-26 20:30:49,457 [Socket Reader #1 for port 0] INFO  ipc.Server (Server.java:run(1273)) - Starting Socket Reader #1 for port 0
2023-01-26 20:30:49,460 [ReplicationMonitor] INFO  replication.ReplicationManager (ReplicationManager.java:processAll(334)) - Replication Manager is not ready to run until 3000ms after safemode exit
2023-01-26 20:30:49,463 [Listener at 0.0.0.0/34513] INFO  ha.SCMServiceManager (SCMServiceManager.java:register(42)) - Registering service ContainerBalancer.
2023-01-26 20:30:49,463 [Listener at 0.0.0.0/34513] INFO  server.StorageContainerManager (StorageContainerManager.java:<init>(401)) - 
Container Balancer status:
Key                            Value
Running                        true
Container Balancer Configuration values:
Key                                                Value
Threshold                                          10
Max Datanodes to Involve per Iteration(percent)    20
Max Size to Move per Iteration                     500GB
Max Size Entering Target per Iteration             26GB
Max Size Leaving Source per Iteration              26GB

2023-01-26 20:30:49,463 [Listener at 0.0.0.0/34513] INFO  ha.SCMContext (SCMContext.java:updateSafeModeStatus(228)) - Update SafeModeStatus from SafeModeStatus{safeModeStatus=true, preCheckPassed=false} to SafeModeStatus{safeModeStatus=true, preCheckPassed=false}.
2023-01-26 20:30:49,464 [Listener at 0.0.0.0/34513] INFO  server.StorageContainerManager (StorageContainerManager.java:start(1440)) - StorageContainerLocationProtocol RPC server is listening at /0.0.0.0:34513
2023-01-26 20:30:49,466 [Listener at 0.0.0.0/34513] WARN  impl.MetricsConfig (MetricsConfig.java:loadFirst(136)) - Cannot locate configuration: tried hadoop-metrics2-storagecontainermanager.properties,hadoop-metrics2.properties
2023-01-26 20:30:49,467 [Listener at 0.0.0.0/34513] INFO  impl.MetricsSystemImpl (MetricsSystemImpl.java:startTimer(378)) - Scheduled Metric snapshot period at 10 second(s).
2023-01-26 20:30:49,467 [Listener at 0.0.0.0/34513] INFO  impl.MetricsSystemImpl (MetricsSystemImpl.java:start(191)) - StorageContainerManager metrics system started
2023-01-26 20:30:49,487 [Listener at 0.0.0.0/34513] INFO  impl.MetricsSinkAdapter (MetricsSinkAdapter.java:start(204)) - Sink prometheus started
2023-01-26 20:30:49,487 [Listener at 0.0.0.0/34513] INFO  impl.MetricsSystemImpl (MetricsSystemImpl.java:registerSink(305)) - Registered sink prometheus
2023-01-26 20:30:49,504 [Listener at 0.0.0.0/34513] INFO  server.SCMClientProtocolServer (SCMClientProtocolServer.java:start(170)) - RPC server for Client  is listening at /0.0.0.0:34513
2023-01-26 20:30:49,504 [IPC Server Responder] INFO  ipc.Server (Server.java:run(1512)) - IPC Server Responder: starting
2023-01-26 20:30:49,504 [IPC Server listener on 0] INFO  ipc.Server (Server.java:run(1352)) - IPC Server listener on 0: starting
2023-01-26 20:30:49,506 [Listener at 0.0.0.0/34513] INFO  server.StorageContainerManager (StorageContainerManager.java:start(1454)) - ScmBlockLocationProtocol RPC server is listening at /0.0.0.0:42307
2023-01-26 20:30:49,506 [Listener at 0.0.0.0/34513] INFO  server.SCMBlockProtocolServer (SCMBlockProtocolServer.java:start(152)) - RPC server for Block Protocol is listening at /0.0.0.0:42307
2023-01-26 20:30:49,507 [IPC Server Responder] INFO  ipc.Server (Server.java:run(1512)) - IPC Server Responder: starting
2023-01-26 20:30:49,507 [IPC Server listener on 0] INFO  ipc.Server (Server.java:run(1352)) - IPC Server listener on 0: starting
2023-01-26 20:30:49,514 [Listener at 0.0.0.0/34513] INFO  server.SCMDatanodeProtocolServer (SCMDatanodeProtocolServer.java:start(194)) - ScmDatanodeProtocol RPC server for DataNodes is listening at /0.0.0.0:43955
2023-01-26 20:30:49,514 [IPC Server Responder] INFO  ipc.Server (Server.java:run(1512)) - IPC Server Responder: starting
2023-01-26 20:30:49,514 [IPC Server listener on 0] INFO  ipc.Server (Server.java:run(1352)) - IPC Server listener on 0: starting
2023-01-26 20:30:49,530 [org.apache.hadoop.util.JvmPauseMonitor$Monitor@1c31eec5] INFO  util.JvmPauseMonitor (JvmPauseMonitor.java:run(188)) - Starting JVM pause monitor
2023-01-26 20:30:49,531 [Listener at 0.0.0.0/34513] INFO  http.BaseHttpServer (BaseHttpServer.java:newHttpServer2BuilderForOzone(213)) - Starting Web-server for scm at: http://0.0.0.0:0
2023-01-26 20:30:49,532 [Listener at 0.0.0.0/34513] INFO  http.BaseHttpServer (BaseHttpServer.java:<init>(108)) - Hadoop Security Enabled: false Ozone Security Enabled: false Ozone HTTP Security Enabled: false 
2023-01-26 20:30:49,534 [Listener at 0.0.0.0/34513] WARN  server.AuthenticationFilter (AuthenticationFilter.java:constructSecretProvider(240)) - Unable to initialize FileSignerSecretProvider, falling back to use random secrets. Reason: Could not read signature secret file: /home/runner/hadoop-http-auth-signature-secret
2023-01-26 20:30:49,534 [Listener at 0.0.0.0/34513] WARN  http.HttpRequestLog (HttpRequestLog.java:getRequestLog(103)) - Jetty request log can only be enabled using Log4j
2023-01-26 20:30:49,536 [Listener at 0.0.0.0/34513] INFO  http.HttpServer2 (HttpServer2.java:addGlobalFilter(1031)) - Added global filter 'safety' (class=org.apache.hadoop.hdds.server.http.HttpServer2$QuotingInputFilter)
2023-01-26 20:30:49,537 [Listener at 0.0.0.0/34513] INFO  http.HttpServer2 (HttpServer2.java:addFilter(1007)) - Added filter static_user_filter (class=org.apache.hadoop.http.lib.StaticUserWebFilter$StaticUserFilter) to context scm
2023-01-26 20:30:49,537 [Listener at 0.0.0.0/34513] INFO  http.HttpServer2 (HttpServer2.java:addFilter(1015)) - Added filter static_user_filter (class=org.apache.hadoop.http.lib.StaticUserWebFilter$StaticUserFilter) to context static
2023-01-26 20:30:49,537 [Listener at 0.0.0.0/34513] INFO  http.HttpServer2 (HttpServer2.java:addFilter(1015)) - Added filter static_user_filter (class=org.apache.hadoop.http.lib.StaticUserWebFilter$StaticUserFilter) to context logs
2023-01-26 20:30:49,538 [Listener at 0.0.0.0/34513] INFO  http.HttpServer2 (HttpServer2.java:bindListener(1250)) - Jetty bound to port 45831
2023-01-26 20:30:49,538 [Listener at 0.0.0.0/34513] INFO  server.Server (Server.java:doStart(375)) - jetty-9.4.49.v20220914; built: 2022-09-14T01:07:36.601Z; git: 4231a3b2e4cb8548a412a789936d640a97b1aa0a; jvm 1.8.0_352-b08
2023-01-26 20:30:49,541 [Listener at 0.0.0.0/34513] INFO  server.session (DefaultSessionIdManager.java:doStart(334)) - DefaultSessionIdManager workerName=node0
2023-01-26 20:30:49,541 [Listener at 0.0.0.0/34513] INFO  server.session (DefaultSessionIdManager.java:doStart(339)) - No SessionScavenger set, using defaults
2023-01-26 20:30:49,541 [Listener at 0.0.0.0/34513] INFO  server.session (HouseKeeper.java:startScavenging(132)) - node0 Scavenging every 600000ms
2023-01-26 20:30:49,542 [Listener at 0.0.0.0/34513] INFO  handler.ContextHandler (ContextHandler.java:doStart(921)) - Started o.e.j.s.ServletContextHandler@25227194{logs,/logs,file:///home/runner/work/ozone/ozone/hadoop-ozone/integration-test/target/log,AVAILABLE}
2023-01-26 20:30:49,543 [Listener at 0.0.0.0/34513] INFO  handler.ContextHandler (ContextHandler.java:doStart(921)) - Started o.e.j.s.ServletContextHandler@409140b2{static,/static,file:///home/runner/work/ozone/ozone/hadoop-ozone/integration-test/target/test-classes/webapps/static,AVAILABLE}
2023-01-26 20:30:49,546 [Listener at 0.0.0.0/34513] INFO  handler.ContextHandler (ContextHandler.java:doStart(921)) - Started o.e.j.w.WebAppContext@281ad698{scm,/,file:///home/runner/work/ozone/ozone/hadoop-ozone/integration-test/target/test-classes/webapps/scm/,AVAILABLE}{file:/home/runner/work/ozone/ozone/hadoop-ozone/integration-test/target/test-classes/webapps/scm}
2023-01-26 20:30:49,548 [Listener at 0.0.0.0/34513] INFO  server.AbstractConnector (AbstractConnector.java:doStart(333)) - Started ServerConnector@523ddffa{HTTP/1.1, (http/1.1)}{0.0.0.0:45831}
2023-01-26 20:30:49,548 [Listener at 0.0.0.0/34513] INFO  server.Server (Server.java:doStart(415)) - Started @73243ms
2023-01-26 20:30:49,548 [Listener at 0.0.0.0/34513] WARN  impl.MetricsSystemImpl (MetricsSystemImpl.java:register(279)) - Sink prometheus already exists!
2023-01-26 20:30:49,549 [Listener at 0.0.0.0/34513] INFO  http.BaseHttpServer (BaseHttpServer.java:updateConnectorAddress(333)) - HTTP server of scm listening at http://0.0.0.0:45831
2023-01-26 20:30:49,549 [Listener at 0.0.0.0/34513] WARN  server.ServerUtils (ServerUtils.java:getDBPath(225)) - ozone.om.db.dirs is not configured. We recommend adding this setting. Falling back to ozone.metadata.dirs instead.
2023-01-26 20:30:49,551 [Listener at 0.0.0.0/34513] INFO  ha.OMHANodeDetails (OMHANodeDetails.java:loadOMHAConfig(115)) - ozone.om.internal.service.id is not defined, falling back to ozone.om.service.ids to find serviceID for OzoneManager if it is HA enabled cluster
2023-01-26 20:30:49,551 [Listener at 0.0.0.0/34513] INFO  ha.OMHANodeDetails (OMHANodeDetails.java:loadOMHAConfig(226)) - Configuration does not have ozone.om.address set. Falling back to the default OM address /127.0.0.1:0
2023-01-26 20:30:49,551 [Listener at 0.0.0.0/34513] INFO  ha.OMHANodeDetails (OMHANodeDetails.java:getOMNodeDetailsForNonHA(254)) - OM Service ID is not set. Setting it to the default ID: omServiceIdDefault
2023-01-26 20:30:49,551 [Listener at 0.0.0.0/34513] INFO  ha.OMHANodeDetails (OMHANodeDetails.java:getOMNodeDetailsForNonHA(261)) - OM Node ID is not set. Setting it to the default ID: om1
2023-01-26 20:30:49,551 [Listener at 0.0.0.0/34513] WARN  server.ServerUtils (ServerUtils.java:getDBPath(225)) - ozone.om.db.dirs is not configured. We recommend adding this setting. Falling back to ozone.metadata.dirs instead.
2023-01-26 20:30:49,552 [Listener at 0.0.0.0/34513] INFO  upgrade.AbstractLayoutVersionManager (AbstractLayoutVersionManager.java:init(83)) - Initializing Layout version manager with metadata layout = MULTITENANCY_SCHEMA (version = 3), software layout = MULTITENANCY_SCHEMA (version = 3)
2023-01-26 20:30:49,609 [Listener at 0.0.0.0/34513] INFO  reflections.Reflections (Reflections.java:scan(232)) - Reflections took 56 ms to scan 2 urls, producing 155 keys and 428 values [using 2 cores]
2023-01-26 20:30:49,609 [Listener at 0.0.0.0/34513] INFO  upgrade.OMLayoutVersionManager (OMLayoutVersionManager.java:lambda$0(115)) - Skipping Upgrade Action MockOmUpgradeAction since it has been finalized.
2023-01-26 20:30:49,610 [Listener at 0.0.0.0/34513] WARN  server.ServerUtils (ServerUtils.java:getDBPath(225)) - ozone.om.db.dirs is not configured. We recommend adding this setting. Falling back to ozone.metadata.dirs instead.
2023-01-26 20:30:49,611 [Listener at 0.0.0.0/34513] INFO  proxy.SCMBlockLocationFailoverProxyProvider (SCMBlockLocationFailoverProxyProvider.java:<init>(114)) - Created block location fail-over proxy with 1 nodes: [nodeId=scmNodeId,nodeAddress=/0.0.0.0:42307]
2023-01-26 20:30:49,616 [Listener at 0.0.0.0/34513] INFO  proxy.SCMBlockLocationFailoverProxyProvider (SCMBlockLocationFailoverProxyProvider.java:<init>(114)) - Created block location fail-over proxy with 1 nodes: [nodeId=scmNodeId,nodeAddress=/0.0.0.0:42307]
2023-01-26 20:30:49,636 [Listener at 0.0.0.0/34513] WARN  server.ServerUtils (ServerUtils.java:getDBPath(225)) - ozone.om.db.dirs is not configured. We recommend adding this setting. Falling back to ozone.metadata.dirs instead.
2023-01-26 20:30:49,636 [Listener at 0.0.0.0/34513] INFO  codec.OmKeyInfoCodec (OmKeyInfoCodec.java:<init>(49)) - OmKeyInfoCodec ignorePipeline = true
2023-01-26 20:30:49,636 [Listener at 0.0.0.0/34513] INFO  codec.RepeatedOmKeyInfoCodec (RepeatedOmKeyInfoCodec.java:<init>(41)) - RepeatedOmKeyInfoCodec ignorePipeline = true
2023-01-26 20:30:49,780 [Listener at 0.0.0.0/34513] INFO  om.OzoneManager (OzoneManager.java:instantiateServices(728)) - S3 Multi-Tenancy is disabled
2023-01-26 20:30:49,781 [Listener at 0.0.0.0/34513] INFO  om.OzoneManager (OzoneManager.java:addS3GVolumeToDB(4320)) - Created Volume s3v With Owner runner required for S3Gateway operations.
2023-01-26 20:30:49,782 [Listener at 0.0.0.0/34513] INFO  om.OzoneManager (OzoneManager.java:getRpcServer(1135)) - Creating RPC Server
2023-01-26 20:30:50,161 [Listener at 0.0.0.0/34513] INFO  reflections.Reflections (Reflections.java:scan(232)) - Reflections took 378 ms to scan 19 urls, producing 67 keys and 4590 values [using 2 cores]
2023-01-26 20:30:50,163 [Listener at 0.0.0.0/34513] INFO  ipc.CallQueueManager (CallQueueManager.java:<init>(90)) - Using callQueue: class java.util.concurrent.LinkedBlockingQueue, queueCapacity: 2000, scheduler: class org.apache.hadoop.ipc.DefaultRpcScheduler, ipcBackoff: false.
2023-01-26 20:30:50,163 [Socket Reader #1 for port 0] INFO  ipc.Server (Server.java:run(1273)) - Starting Socket Reader #1 for port 0
2023-01-26 20:30:50,182 [Listener at 127.0.0.1/37459] INFO  impl.MetricsSystemImpl (MetricsSystemImpl.java:init(158)) - OzoneManager metrics system started (again)
2023-01-26 20:30:50,193 [Listener at 127.0.0.1/37459] INFO  om.OzoneManager (OzoneManager.java:start(1519)) - OzoneManager RPC server is listening at localhost/127.0.0.1:37459
2023-01-26 20:30:50,193 [Listener at 127.0.0.1/37459] INFO  om.OzoneManager (OzoneManager.java:start(1535)) - Version File has different layout version (3) than OM DB (null). That is expected if this OM has never been finalized to a newer layout version.
2023-01-26 20:30:50,200 [Listener at 127.0.0.1/37459] INFO  http.BaseHttpServer (BaseHttpServer.java:newHttpServer2BuilderForOzone(213)) - Starting Web-server for ozoneManager at: http://0.0.0.0:0
2023-01-26 20:30:50,200 [Listener at 127.0.0.1/37459] INFO  http.BaseHttpServer (BaseHttpServer.java:<init>(108)) - Hadoop Security Enabled: false Ozone Security Enabled: false Ozone HTTP Security Enabled: false 
2023-01-26 20:30:50,202 [Listener at 127.0.0.1/37459] WARN  server.AuthenticationFilter (AuthenticationFilter.java:constructSecretProvider(240)) - Unable to initialize FileSignerSecretProvider, falling back to use random secrets. Reason: Could not read signature secret file: /home/runner/hadoop-http-auth-signature-secret
2023-01-26 20:30:50,210 [Listener at 127.0.0.1/37459] WARN  http.HttpRequestLog (HttpRequestLog.java:getRequestLog(103)) - Jetty request log can only be enabled using Log4j
2023-01-26 20:30:50,211 [Listener at 127.0.0.1/37459] INFO  http.HttpServer2 (HttpServer2.java:addGlobalFilter(1031)) - Added global filter 'safety' (class=org.apache.hadoop.hdds.server.http.HttpServer2$QuotingInputFilter)
2023-01-26 20:30:50,212 [Listener at 127.0.0.1/37459] INFO  http.HttpServer2 (HttpServer2.java:addFilter(1007)) - Added filter static_user_filter (class=org.apache.hadoop.http.lib.StaticUserWebFilter$StaticUserFilter) to context ozoneManager
2023-01-26 20:30:50,212 [Listener at 127.0.0.1/37459] INFO  http.HttpServer2 (HttpServer2.java:addFilter(1015)) - Added filter static_user_filter (class=org.apache.hadoop.http.lib.StaticUserWebFilter$StaticUserFilter) to context logs
2023-01-26 20:30:50,212 [Listener at 127.0.0.1/37459] INFO  http.HttpServer2 (HttpServer2.java:addFilter(1015)) - Added filter static_user_filter (class=org.apache.hadoop.http.lib.StaticUserWebFilter$StaticUserFilter) to context static
2023-01-26 20:30:50,213 [Listener at 127.0.0.1/37459] INFO  http.HttpServer2 (HttpServer2.java:bindListener(1250)) - Jetty bound to port 36517
2023-01-26 20:30:50,213 [Listener at 127.0.0.1/37459] INFO  server.Server (Server.java:doStart(375)) - jetty-9.4.49.v20220914; built: 2022-09-14T01:07:36.601Z; git: 4231a3b2e4cb8548a412a789936d640a97b1aa0a; jvm 1.8.0_352-b08
2023-01-26 20:30:50,215 [Listener at 127.0.0.1/37459] INFO  server.session (DefaultSessionIdManager.java:doStart(334)) - DefaultSessionIdManager workerName=node0
2023-01-26 20:30:50,216 [Listener at 127.0.0.1/37459] INFO  server.session (DefaultSessionIdManager.java:doStart(339)) - No SessionScavenger set, using defaults
2023-01-26 20:30:50,216 [Listener at 127.0.0.1/37459] INFO  server.session (HouseKeeper.java:startScavenging(132)) - node0 Scavenging every 660000ms
2023-01-26 20:30:50,217 [Listener at 127.0.0.1/37459] INFO  handler.ContextHandler (ContextHandler.java:doStart(921)) - Started o.e.j.s.ServletContextHandler@28677ab4{logs,/logs,file:///home/runner/work/ozone/ozone/hadoop-ozone/integration-test/target/log,AVAILABLE}
2023-01-26 20:30:50,217 [Listener at 127.0.0.1/37459] INFO  handler.ContextHandler (ContextHandler.java:doStart(921)) - Started o.e.j.s.ServletContextHandler@4db00a8c{static,/static,file:///home/runner/work/ozone/ozone/hadoop-ozone/integration-test/target/test-classes/webapps/static,AVAILABLE}
2023-01-26 20:30:50,221 [Listener at 127.0.0.1/37459] INFO  handler.ContextHandler (ContextHandler.java:doStart(921)) - Started o.e.j.w.WebAppContext@5a50c12b{ozoneManager,/,file:///home/runner/work/ozone/ozone/hadoop-ozone/integration-test/target/test-classes/webapps/ozoneManager/,AVAILABLE}{file:/home/runner/work/ozone/ozone/hadoop-ozone/integration-test/target/test-classes/webapps/ozoneManager}
2023-01-26 20:30:50,226 [Listener at 127.0.0.1/37459] INFO  server.AbstractConnector (AbstractConnector.java:doStart(333)) - Started ServerConnector@61de38f3{HTTP/1.1, (http/1.1)}{0.0.0.0:36517}
2023-01-26 20:30:50,227 [Listener at 127.0.0.1/37459] INFO  server.Server (Server.java:doStart(415)) - Started @73922ms
2023-01-26 20:30:50,227 [Listener at 127.0.0.1/37459] WARN  impl.MetricsSystemImpl (MetricsSystemImpl.java:register(279)) - Sink prometheus already exists!
2023-01-26 20:30:50,227 [Listener at 127.0.0.1/37459] INFO  http.BaseHttpServer (BaseHttpServer.java:updateConnectorAddress(333)) - HTTP server of ozoneManager listening at http://0.0.0.0:36517
2023-01-26 20:30:50,227 [IPC Server Responder] INFO  ipc.Server (Server.java:run(1512)) - IPC Server Responder: starting
2023-01-26 20:30:50,228 [IPC Server listener on 0] INFO  ipc.Server (Server.java:run(1352)) - IPC Server listener on 0: starting
2023-01-26 20:30:50,229 [Listener at 127.0.0.1/37459] INFO  om.TrashPolicyOzone (TrashPolicyOzone.java:<init>(277)) - Ozone Manager trash configuration: Deletion interval = 0 minutes, Emptier interval = 0 minutes.
2023-01-26 20:30:50,237 [org.apache.hadoop.util.JvmPauseMonitor$Monitor@3abfc328] INFO  util.JvmPauseMonitor (JvmPauseMonitor.java:run(188)) - Starting JVM pause monitor
2023-01-26 20:30:50,256 [Listener at 127.0.0.1/37459] INFO  impl.MetricsSystemImpl (MetricsSystemImpl.java:init(158)) - HddsDatanode metrics system started (again)
2023-01-26 20:30:50,268 [Listener at 127.0.0.1/37459] INFO  ozone.HddsDatanodeService (HddsDatanodeService.java:start(228)) - HddsDatanodeService host:fv-az462-54.0zuljvm5d0yedf4jva4xayy4gc.gx.internal.cloudapp.net ip:10.1.0.15
2023-01-26 20:30:50,289 [Listener at 127.0.0.1/37459] INFO  upgrade.AbstractLayoutVersionManager (AbstractLayoutVersionManager.java:init(83)) - Initializing Layout version manager with metadata layout = DATANODE_SCHEMA_V3 (version = 4), software layout = DATANODE_SCHEMA_V3 (version = 4)
2023-01-26 20:30:50,333 [Listener at 127.0.0.1/37459] INFO  reflections.Reflections (Reflections.java:scan(232)) - Reflections took 43 ms to scan 7 urls, producing 148 keys and 356 values 
2023-01-26 20:30:50,335 [Listener at 127.0.0.1/37459] INFO  statemachine.DatanodeStateMachine (DatanodeStateMachine.java:getEndPointTaskThreadPoolSize(259)) - Datanode State Machine Task Thread Pool size 2
2023-01-26 20:30:50,338 [Listener at 127.0.0.1/37459] INFO  volume.HddsVolume (HddsVolume.java:<init>(117)) - Creating HddsVolume: /home/runner/work/ozone/ozone/hadoop-ozone/integration-test/target/test-dir/MiniOzoneClusterImpl-83fec8cd-5b22-4757-ae00-8ce138a916fc/datanode-0/data-0/containers/hdds of storage type : DISK capacity : 9223372036854775807
2023-01-26 20:30:50,338 [Listener at 127.0.0.1/37459] INFO  volume.MutableVolumeSet (MutableVolumeSet.java:initializeVolumeSet(174)) - Added Volume : /home/runner/work/ozone/ozone/hadoop-ozone/integration-test/target/test-dir/MiniOzoneClusterImpl-83fec8cd-5b22-4757-ae00-8ce138a916fc/datanode-0/data-0/containers/hdds to VolumeSet
2023-01-26 20:30:50,339 [Listener at 127.0.0.1/37459] INFO  volume.ThrottledAsyncChecker (ThrottledAsyncChecker.java:schedule(141)) - Scheduling a check for /home/runner/work/ozone/ozone/hadoop-ozone/integration-test/target/test-dir/MiniOzoneClusterImpl-83fec8cd-5b22-4757-ae00-8ce138a916fc/datanode-0/data-0/containers/hdds
2023-01-26 20:30:50,339 [Listener at 127.0.0.1/37459] INFO  volume.StorageVolumeChecker (StorageVolumeChecker.java:checkAllVolumes(202)) - Scheduled health check for volume /home/runner/work/ozone/ozone/hadoop-ozone/integration-test/target/test-dir/MiniOzoneClusterImpl-83fec8cd-5b22-4757-ae00-8ce138a916fc/datanode-0/data-0/containers/hdds
2023-01-26 20:30:50,351 [Listener at 127.0.0.1/37459] INFO  volume.MutableVolumeSet (MutableVolumeSet.java:initializeVolumeSet(174)) - Added Volume : /home/runner/work/ozone/ozone/hadoop-ozone/integration-test/target/test-dir/MiniOzoneClusterImpl-83fec8cd-5b22-4757-ae00-8ce138a916fc/datanode-0/data/ratis to VolumeSet
2023-01-26 20:30:50,351 [Listener at 127.0.0.1/37459] INFO  volume.ThrottledAsyncChecker (ThrottledAsyncChecker.java:schedule(141)) - Scheduling a check for /home/runner/work/ozone/ozone/hadoop-ozone/integration-test/target/test-dir/MiniOzoneClusterImpl-83fec8cd-5b22-4757-ae00-8ce138a916fc/datanode-0/data/ratis
2023-01-26 20:30:50,351 [Listener at 127.0.0.1/37459] INFO  volume.StorageVolumeChecker (StorageVolumeChecker.java:checkAllVolumes(202)) - Scheduled health check for volume /home/runner/work/ozone/ozone/hadoop-ozone/integration-test/target/test-dir/MiniOzoneClusterImpl-83fec8cd-5b22-4757-ae00-8ce138a916fc/datanode-0/data/ratis
2023-01-26 20:30:50,361 [Thread-534] INFO  ozoneimpl.ContainerReader (ContainerReader.java:readVolume(175)) - Finish verifying containers on volume /home/runner/work/ozone/ozone/hadoop-ozone/integration-test/target/test-dir/MiniOzoneClusterImpl-83fec8cd-5b22-4757-ae00-8ce138a916fc/datanode-0/data-0/containers/hdds
2023-01-26 20:30:50,361 [Listener at 127.0.0.1/37459] INFO  ozoneimpl.OzoneContainer (OzoneContainer.java:buildContainerSet(305)) - Build ContainerSet costs 0s
2023-01-26 20:30:50,364 [Listener at 127.0.0.1/37459] INFO  server.RaftServer (ConfUtils.java:logGet(46)) - raft.rpc.type = GRPC (default)
2023-01-26 20:30:50,364 [Listener at 127.0.0.1/37459] INFO  grpc.GrpcConfigKeys (ConfUtils.java:logFallback(53)) - raft.grpc.admin.host = null (fallback to raft.grpc.server.host)
2023-01-26 20:30:50,364 [Listener at 127.0.0.1/37459] INFO  grpc.GrpcConfigKeys (ConfUtils.java:logGet(46)) - raft.grpc.admin.port = 0 (custom)
2023-01-26 20:30:50,364 [Listener at 127.0.0.1/37459] INFO  grpc.GrpcConfigKeys (ConfUtils.java:logFallback(53)) - raft.grpc.client.host = null (fallback to raft.grpc.server.host)
2023-01-26 20:30:50,364 [Listener at 127.0.0.1/37459] INFO  grpc.GrpcConfigKeys (ConfUtils.java:logGet(46)) - raft.grpc.client.port = 0 (custom)
2023-01-26 20:30:50,364 [Listener at 127.0.0.1/37459] INFO  grpc.GrpcConfigKeys (ConfUtils.java:logGet(46)) - raft.grpc.server.host = null (default)
2023-01-26 20:30:50,365 [Listener at 127.0.0.1/37459] INFO  grpc.GrpcConfigKeys (ConfUtils.java:logGet(46)) - raft.grpc.server.port = 0 (default)
2023-01-26 20:30:50,365 [Listener at 127.0.0.1/37459] INFO  server.GrpcService (ConfUtils.java:logGet(46)) - raft.grpc.message.size.max = 32MB (=33554432) (custom)
2023-01-26 20:30:50,365 [Listener at 127.0.0.1/37459] INFO  server.RaftServerConfigKeys (ConfUtils.java:logGet(46)) - raft.server.log.appender.buffer.byte-limit = 33554432 (custom)
2023-01-26 20:30:50,365 [Listener at 127.0.0.1/37459] INFO  server.GrpcService (ConfUtils.java:logGet(46)) - raft.grpc.flow.control.window = 5MB (=5242880) (custom)
2023-01-26 20:30:50,365 [Listener at 127.0.0.1/37459] INFO  server.RaftServerConfigKeys (ConfUtils.java:logGet(46)) - raft.server.rpc.request.timeout = 60s (custom)
2023-01-26 20:30:50,365 [Listener at 127.0.0.1/37459] INFO  grpc.GrpcConfigKeys (ConfUtils.java:logGet(46)) - raft.grpc.server.heartbeat.channel = true (default)
2023-01-26 20:30:50,365 [Listener at 127.0.0.1/37459] INFO  grpc.GrpcConfigKeys (ConfUtils.java:logGet(46)) - raft.grpc.server.async.request.thread.pool.cached = true (default)
2023-01-26 20:30:50,365 [Listener at 127.0.0.1/37459] INFO  grpc.GrpcConfigKeys (ConfUtils.java:logGet(46)) - raft.grpc.server.async.request.thread.pool.size = 32 (default)
2023-01-26 20:30:50,366 [Listener at 127.0.0.1/37459] INFO  impl.DataStreamServerImpl (ConfUtils.java:logGet(46)) - raft.datastream.type = NETTY (custom)
2023-01-26 20:30:50,367 [Listener at 127.0.0.1/37459] INFO  server.RaftServerConfigKeys (ConfUtils.java:logGet(46)) - raft.server.data-stream.async.request.thread.pool.cached = false (default)
2023-01-26 20:30:50,367 [Listener at 127.0.0.1/37459] INFO  server.RaftServerConfigKeys (ConfUtils.java:logGet(46)) - raft.server.data-stream.async.request.thread.pool.size = 20 (custom)
2023-01-26 20:30:50,367 [Listener at 127.0.0.1/37459] INFO  server.RaftServerConfigKeys (ConfUtils.java:logGet(46)) - raft.server.data-stream.async.write.thread.pool.size = 16 (default)
2023-01-26 20:30:50,367 [Listener at 127.0.0.1/37459] INFO  server.RaftServerConfigKeys (ConfUtils.java:logGet(46)) - raft.server.data-stream.client.pool.size = 10 (default)
2023-01-26 20:30:50,367 [Listener at 127.0.0.1/37459] INFO  netty.NettyConfigKeys$DataStream (ConfUtils.java:logGet(46)) - raft.netty.dataStream.server.use-epoll = false (default)
2023-01-26 20:30:50,367 [Listener at 127.0.0.1/37459] INFO  netty.NettyConfigKeys$DataStream (ConfUtils.java:logGet(46)) - raft.netty.dataStream.server.boss-group.size = 0 (default)
2023-01-26 20:30:50,367 [Listener at 127.0.0.1/37459] INFO  netty.NettyConfigKeys$DataStream (ConfUtils.java:logGet(46)) - raft.netty.dataStream.server.worker-group.size = 0 (default)
2023-01-26 20:30:50,368 [Listener at 127.0.0.1/37459] INFO  netty.NettyConfigKeys$DataStream (ConfUtils.java:logGet(46)) - raft.netty.dataStream.server.tls.conf = null (default)
2023-01-26 20:30:50,368 [Listener at 127.0.0.1/37459] INFO  netty.NettyConfigKeys$DataStream (ConfUtils.java:logGet(46)) - raft.netty.dataStream.host = null (default)
2023-01-26 20:30:50,368 [Listener at 127.0.0.1/37459] INFO  netty.NettyConfigKeys$DataStream (ConfUtils.java:logGet(46)) - raft.netty.dataStream.port = 0 (default)
2023-01-26 20:30:50,371 [Listener at 127.0.0.1/37459] INFO  server.RaftServerConfigKeys (ConfUtils.java:logGet(46)) - raft.server.threadpool.proxy.cached = true (default)
2023-01-26 20:30:50,371 [Listener at 127.0.0.1/37459] INFO  server.RaftServerConfigKeys (ConfUtils.java:logGet(46)) - raft.server.threadpool.proxy.size = 0 (default)
2023-01-26 20:30:50,371 [Listener at 127.0.0.1/37459] INFO  server.RaftServerConfigKeys (ConfUtils.java:logGet(46)) - raft.server.rpc.slowness.timeout = 300s (custom)
2023-01-26 20:30:50,371 [Listener at 127.0.0.1/37459] INFO  server.RaftServerConfigKeys (ConfUtils.java:logGet(46)) - raft.server.leaderelection.leader.step-down.wait-time = 10s (default)
2023-01-26 20:30:50,371 [Listener at 127.0.0.1/37459] INFO  server.RaftServerConfigKeys (ConfUtils.java:logGet(46)) - raft.server.storage.dir = [/home/runner/work/ozone/ozone/hadoop-ozone/integration-test/target/test-dir/MiniOzoneClusterImpl-83fec8cd-5b22-4757-ae00-8ce138a916fc/datanode-0/data/ratis] (custom)
2023-01-26 20:30:50,372 [33ea618b-d9cc-459d-a0c4-e4ecfab2c991-NettyServerStreamRpc-bossGroup--thread1] INFO  logging.LoggingHandler (AbstractInternalLogger.java:log(148)) - [id: 0xafa14260] REGISTERED
2023-01-26 20:30:50,372 [33ea618b-d9cc-459d-a0c4-e4ecfab2c991-NettyServerStreamRpc-bossGroup--thread1] INFO  logging.LoggingHandler (AbstractInternalLogger.java:log(148)) - [id: 0xafa14260] BIND: 0.0.0.0/0.0.0.0:0
2023-01-26 20:30:50,372 [33ea618b-d9cc-459d-a0c4-e4ecfab2c991-NettyServerStreamRpc-bossGroup--thread1] INFO  logging.LoggingHandler (AbstractInternalLogger.java:log(148)) - [id: 0xafa14260, L:/0:0:0:0:0:0:0:0:39857] ACTIVE
2023-01-26 20:30:50,379 [Listener at 127.0.0.1/37459] INFO  server.XceiverServerGrpc (XceiverServerGrpc.java:<init>(132)) - GrpcServer channel type EpollServerSocketChannel
2023-01-26 20:30:50,383 [Listener at 127.0.0.1/37459] INFO  http.BaseHttpServer (BaseHttpServer.java:newHttpServer2BuilderForOzone(213)) - Starting Web-server for hddsDatanode at: http://0.0.0.0:0
2023-01-26 20:30:50,383 [Listener at 127.0.0.1/37459] INFO  http.BaseHttpServer (BaseHttpServer.java:<init>(108)) - Hadoop Security Enabled: false Ozone Security Enabled: false Ozone HTTP Security Enabled: false 
2023-01-26 20:30:50,384 [Listener at 127.0.0.1/37459] WARN  server.AuthenticationFilter (AuthenticationFilter.java:constructSecretProvider(240)) - Unable to initialize FileSignerSecretProvider, falling back to use random secrets. Reason: Could not read signature secret file: /home/runner/hadoop-http-auth-signature-secret
2023-01-26 20:30:50,386 [Listener at 127.0.0.1/37459] WARN  http.HttpRequestLog (HttpRequestLog.java:getRequestLog(103)) - Jetty request log can only be enabled using Log4j
2023-01-26 20:30:50,387 [Listener at 127.0.0.1/37459] INFO  http.HttpServer2 (HttpServer2.java:addGlobalFilter(1031)) - Added global filter 'safety' (class=org.apache.hadoop.hdds.server.http.HttpServer2$QuotingInputFilter)
2023-01-26 20:30:50,388 [Listener at 127.0.0.1/37459] INFO  http.HttpServer2 (HttpServer2.java:addFilter(1007)) - Added filter static_user_filter (class=org.apache.hadoop.http.lib.StaticUserWebFilter$StaticUserFilter) to context hddsDatanode
2023-01-26 20:30:50,388 [Listener at 127.0.0.1/37459] INFO  http.HttpServer2 (HttpServer2.java:addFilter(1015)) - Added filter static_user_filter (class=org.apache.hadoop.http.lib.StaticUserWebFilter$StaticUserFilter) to context logs
2023-01-26 20:30:50,388 [Listener at 127.0.0.1/37459] INFO  http.HttpServer2 (HttpServer2.java:addFilter(1015)) - Added filter static_user_filter (class=org.apache.hadoop.http.lib.StaticUserWebFilter$StaticUserFilter) to context static
2023-01-26 20:30:50,389 [Listener at 127.0.0.1/37459] INFO  http.HttpServer2 (HttpServer2.java:bindListener(1250)) - Jetty bound to port 43873
2023-01-26 20:30:50,389 [Listener at 127.0.0.1/37459] INFO  server.Server (Server.java:doStart(375)) - jetty-9.4.49.v20220914; built: 2022-09-14T01:07:36.601Z; git: 4231a3b2e4cb8548a412a789936d640a97b1aa0a; jvm 1.8.0_352-b08
2023-01-26 20:30:50,391 [Listener at 127.0.0.1/37459] INFO  server.session (DefaultSessionIdManager.java:doStart(334)) - DefaultSessionIdManager workerName=node0
2023-01-26 20:30:50,391 [Listener at 127.0.0.1/37459] INFO  server.session (DefaultSessionIdManager.java:doStart(339)) - No SessionScavenger set, using defaults
2023-01-26 20:30:50,391 [Listener at 127.0.0.1/37459] INFO  server.session (HouseKeeper.java:startScavenging(132)) - node0 Scavenging every 600000ms
2023-01-26 20:30:50,392 [Listener at 127.0.0.1/37459] INFO  handler.ContextHandler (ContextHandler.java:doStart(921)) - Started o.e.j.s.ServletContextHandler@3bf327e3{logs,/logs,file:///home/runner/work/ozone/ozone/hadoop-ozone/integration-test/target/log,AVAILABLE}
2023-01-26 20:30:50,392 [Listener at 127.0.0.1/37459] INFO  handler.ContextHandler (ContextHandler.java:doStart(921)) - Started o.e.j.s.ServletContextHandler@468e590b{static,/static,jar:file:/home/runner/.m2/repository/org/apache/ozone/hdds-container-service/1.4.0-SNAPSHOT/hdds-container-service-1.4.0-SNAPSHOT.jar!/webapps/static,AVAILABLE}
2023-01-26 20:30:50,563 [Listener at 127.0.0.1/37459] INFO  handler.ContextHandler (ContextHandler.java:doStart(921)) - Started o.e.j.w.WebAppContext@7a7a385b{hddsDatanode,/,file:///tmp/jetty-0_0_0_0-43873-hdds-container-service-1_4_0-SNAPSHOT_jar-_-any-6475460686489109064/webapp/,AVAILABLE}{jar:file:/home/runner/.m2/repository/org/apache/ozone/hdds-container-service/1.4.0-SNAPSHOT/hdds-container-service-1.4.0-SNAPSHOT.jar!/webapps/hddsDatanode}
2023-01-26 20:30:50,565 [Listener at 127.0.0.1/37459] INFO  server.AbstractConnector (AbstractConnector.java:doStart(333)) - Started ServerConnector@392aaeae{HTTP/1.1, (http/1.1)}{0.0.0.0:43873}
2023-01-26 20:30:50,565 [Listener at 127.0.0.1/37459] INFO  server.Server (Server.java:doStart(415)) - Started @74260ms
2023-01-26 20:30:50,565 [Listener at 127.0.0.1/37459] WARN  impl.MetricsSystemImpl (MetricsSystemImpl.java:register(279)) - Sink prometheus already exists!
2023-01-26 20:30:50,566 [Listener at 127.0.0.1/37459] INFO  http.BaseHttpServer (BaseHttpServer.java:updateConnectorAddress(333)) - HTTP server of hddsDatanode listening at http://0.0.0.0:43873
2023-01-26 20:30:50,568 [Listener at 127.0.0.1/37459] WARN  impl.MetricRegistriesImpl (MetricRegistriesImpl.java:addReporterRegistration(111)) - New reporters are added after registries were created. Some metrics will be missing from the reporter. Please add reporter before adding any new registry.
2023-01-26 20:30:50,568 [Listener at 127.0.0.1/37459] WARN  impl.MetricRegistriesImpl (MetricRegistriesImpl.java:addReporterRegistration(111)) - New reporters are added after registries were created. Some metrics will be missing from the reporter. Please add reporter before adding any new registry.
2023-01-26 20:30:50,568 [Listener at 127.0.0.1/37459] INFO  impl.MetricsSystemImpl (MetricsSystemImpl.java:init(158)) - HddsDatanode metrics system started (again)
2023-01-26 20:30:50,569 [Datanode State Machine Daemon Thread] INFO  statemachine.DatanodeStateMachine (DatanodeStateMachine.java:lambda$startDaemon$0(515)) - Ozone container server started.
2023-01-26 20:30:50,579 [org.apache.hadoop.util.JvmPauseMonitor$Monitor@6cb9e1ef] INFO  util.JvmPauseMonitor (JvmPauseMonitor.java:run(188)) - Starting JVM pause monitor
2023-01-26 20:30:50,580 [Datanode State Machine Task Thread - 0] INFO  datanode.InitDatanodeState (InitDatanodeState.java:persistContainerDatanodeDetails(138)) - DatanodeDetails is persisted to /home/runner/work/ozone/ozone/hadoop-ozone/integration-test/target/test-dir/MiniOzoneClusterImpl-83fec8cd-5b22-4757-ae00-8ce138a916fc/datanode-0/meta/datanode.id
2023-01-26 20:30:50,584 [Listener at 127.0.0.1/37459] INFO  ozone.HddsDatanodeService (HddsDatanodeService.java:start(228)) - HddsDatanodeService host:fv-az462-54.0zuljvm5d0yedf4jva4xayy4gc.gx.internal.cloudapp.net ip:10.1.0.15
2023-01-26 20:30:50,603 [Listener at 127.0.0.1/37459] INFO  upgrade.AbstractLayoutVersionManager (AbstractLayoutVersionManager.java:init(83)) - Initializing Layout version manager with metadata layout = DATANODE_SCHEMA_V3 (version = 4), software layout = DATANODE_SCHEMA_V3 (version = 4)
2023-01-26 20:30:50,649 [Listener at 127.0.0.1/37459] INFO  reflections.Reflections (Reflections.java:scan(232)) - Reflections took 45 ms to scan 7 urls, producing 148 keys and 356 values 
2023-01-26 20:30:50,650 [Listener at 127.0.0.1/37459] INFO  statemachine.DatanodeStateMachine (DatanodeStateMachine.java:getEndPointTaskThreadPoolSize(259)) - Datanode State Machine Task Thread Pool size 2
2023-01-26 20:30:50,652 [Listener at 127.0.0.1/37459] INFO  volume.HddsVolume (HddsVolume.java:<init>(117)) - Creating HddsVolume: /home/runner/work/ozone/ozone/hadoop-ozone/integration-test/target/test-dir/MiniOzoneClusterImpl-83fec8cd-5b22-4757-ae00-8ce138a916fc/datanode-1/data-0/containers/hdds of storage type : DISK capacity : 9223372036854775807
2023-01-26 20:30:50,652 [Listener at 127.0.0.1/37459] INFO  volume.MutableVolumeSet (MutableVolumeSet.java:initializeVolumeSet(174)) - Added Volume : /home/runner/work/ozone/ozone/hadoop-ozone/integration-test/target/test-dir/MiniOzoneClusterImpl-83fec8cd-5b22-4757-ae00-8ce138a916fc/datanode-1/data-0/containers/hdds to VolumeSet
2023-01-26 20:30:50,652 [Listener at 127.0.0.1/37459] INFO  volume.ThrottledAsyncChecker (ThrottledAsyncChecker.java:schedule(141)) - Scheduling a check for /home/runner/work/ozone/ozone/hadoop-ozone/integration-test/target/test-dir/MiniOzoneClusterImpl-83fec8cd-5b22-4757-ae00-8ce138a916fc/datanode-1/data-0/containers/hdds
2023-01-26 20:30:50,653 [Listener at 127.0.0.1/37459] INFO  volume.StorageVolumeChecker (StorageVolumeChecker.java:checkAllVolumes(202)) - Scheduled health check for volume /home/runner/work/ozone/ozone/hadoop-ozone/integration-test/target/test-dir/MiniOzoneClusterImpl-83fec8cd-5b22-4757-ae00-8ce138a916fc/datanode-1/data-0/containers/hdds
2023-01-26 20:30:50,664 [Listener at 127.0.0.1/37459] INFO  volume.MutableVolumeSet (MutableVolumeSet.java:initializeVolumeSet(174)) - Added Volume : /home/runner/work/ozone/ozone/hadoop-ozone/integration-test/target/test-dir/MiniOzoneClusterImpl-83fec8cd-5b22-4757-ae00-8ce138a916fc/datanode-1/data/ratis to VolumeSet
2023-01-26 20:30:50,664 [Listener at 127.0.0.1/37459] INFO  volume.ThrottledAsyncChecker (ThrottledAsyncChecker.java:schedule(141)) - Scheduling a check for /home/runner/work/ozone/ozone/hadoop-ozone/integration-test/target/test-dir/MiniOzoneClusterImpl-83fec8cd-5b22-4757-ae00-8ce138a916fc/datanode-1/data/ratis
2023-01-26 20:30:50,664 [Listener at 127.0.0.1/37459] INFO  volume.StorageVolumeChecker (StorageVolumeChecker.java:checkAllVolumes(202)) - Scheduled health check for volume /home/runner/work/ozone/ozone/hadoop-ozone/integration-test/target/test-dir/MiniOzoneClusterImpl-83fec8cd-5b22-4757-ae00-8ce138a916fc/datanode-1/data/ratis
2023-01-26 20:30:50,675 [Thread-548] INFO  ozoneimpl.ContainerReader (ContainerReader.java:readVolume(175)) - Finish verifying containers on volume /home/runner/work/ozone/ozone/hadoop-ozone/integration-test/target/test-dir/MiniOzoneClusterImpl-83fec8cd-5b22-4757-ae00-8ce138a916fc/datanode-1/data-0/containers/hdds
2023-01-26 20:30:50,675 [Listener at 127.0.0.1/37459] INFO  ozoneimpl.OzoneContainer (OzoneContainer.java:buildContainerSet(305)) - Build ContainerSet costs 0s
2023-01-26 20:30:50,677 [Listener at 127.0.0.1/37459] INFO  server.RaftServer (ConfUtils.java:logGet(46)) - raft.rpc.type = GRPC (default)
2023-01-26 20:30:50,678 [Listener at 127.0.0.1/37459] INFO  grpc.GrpcConfigKeys (ConfUtils.java:logFallback(53)) - raft.grpc.admin.host = null (fallback to raft.grpc.server.host)
2023-01-26 20:30:50,678 [Listener at 127.0.0.1/37459] INFO  grpc.GrpcConfigKeys (ConfUtils.java:logGet(46)) - raft.grpc.admin.port = 0 (custom)
2023-01-26 20:30:50,678 [Listener at 127.0.0.1/37459] INFO  grpc.GrpcConfigKeys (ConfUtils.java:logFallback(53)) - raft.grpc.client.host = null (fallback to raft.grpc.server.host)
2023-01-26 20:30:50,678 [Listener at 127.0.0.1/37459] INFO  grpc.GrpcConfigKeys (ConfUtils.java:logGet(46)) - raft.grpc.client.port = 0 (custom)
2023-01-26 20:30:50,678 [Listener at 127.0.0.1/37459] INFO  grpc.GrpcConfigKeys (ConfUtils.java:logGet(46)) - raft.grpc.server.host = null (default)
2023-01-26 20:30:50,678 [Listener at 127.0.0.1/37459] INFO  grpc.GrpcConfigKeys (ConfUtils.java:logGet(46)) - raft.grpc.server.port = 0 (default)
2023-01-26 20:30:50,678 [Listener at 127.0.0.1/37459] INFO  server.GrpcService (ConfUtils.java:logGet(46)) - raft.grpc.message.size.max = 32MB (=33554432) (custom)
2023-01-26 20:30:50,678 [Listener at 127.0.0.1/37459] INFO  server.RaftServerConfigKeys (ConfUtils.java:logGet(46)) - raft.server.log.appender.buffer.byte-limit = 33554432 (custom)
2023-01-26 20:30:50,678 [Listener at 127.0.0.1/37459] INFO  server.GrpcService (ConfUtils.java:logGet(46)) - raft.grpc.flow.control.window = 5MB (=5242880) (custom)
2023-01-26 20:30:50,679 [Listener at 127.0.0.1/37459] INFO  server.RaftServerConfigKeys (ConfUtils.java:logGet(46)) - raft.server.rpc.request.timeout = 60s (custom)
2023-01-26 20:30:50,679 [Listener at 127.0.0.1/37459] INFO  grpc.GrpcConfigKeys (ConfUtils.java:logGet(46)) - raft.grpc.server.heartbeat.channel = true (default)
2023-01-26 20:30:50,679 [Listener at 127.0.0.1/37459] INFO  grpc.GrpcConfigKeys (ConfUtils.java:logGet(46)) - raft.grpc.server.async.request.thread.pool.cached = true (default)
2023-01-26 20:30:50,679 [Listener at 127.0.0.1/37459] INFO  grpc.GrpcConfigKeys (ConfUtils.java:logGet(46)) - raft.grpc.server.async.request.thread.pool.size = 32 (default)
2023-01-26 20:30:50,681 [Listener at 127.0.0.1/37459] INFO  impl.DataStreamServerImpl (ConfUtils.java:logGet(46)) - raft.datastream.type = NETTY (custom)
2023-01-26 20:30:50,681 [Listener at 127.0.0.1/37459] INFO  server.RaftServerConfigKeys (ConfUtils.java:logGet(46)) - raft.server.data-stream.async.request.thread.pool.cached = false (default)
2023-01-26 20:30:50,681 [Listener at 127.0.0.1/37459] INFO  server.RaftServerConfigKeys (ConfUtils.java:logGet(46)) - raft.server.data-stream.async.request.thread.pool.size = 20 (custom)
2023-01-26 20:30:50,681 [Listener at 127.0.0.1/37459] INFO  server.RaftServerConfigKeys (ConfUtils.java:logGet(46)) - raft.server.data-stream.async.write.thread.pool.size = 16 (default)
2023-01-26 20:30:50,681 [Listener at 127.0.0.1/37459] INFO  server.RaftServerConfigKeys (ConfUtils.java:logGet(46)) - raft.server.data-stream.client.pool.size = 10 (default)
2023-01-26 20:30:50,681 [Listener at 127.0.0.1/37459] INFO  netty.NettyConfigKeys$DataStream (ConfUtils.java:logGet(46)) - raft.netty.dataStream.server.use-epoll = false (default)
2023-01-26 20:30:50,682 [Listener at 127.0.0.1/37459] INFO  netty.NettyConfigKeys$DataStream (ConfUtils.java:logGet(46)) - raft.netty.dataStream.server.boss-group.size = 0 (default)
2023-01-26 20:30:50,683 [Listener at 127.0.0.1/37459] INFO  netty.NettyConfigKeys$DataStream (ConfUtils.java:logGet(46)) - raft.netty.dataStream.server.worker-group.size = 0 (default)
2023-01-26 20:30:50,683 [Listener at 127.0.0.1/37459] INFO  netty.NettyConfigKeys$DataStream (ConfUtils.java:logGet(46)) - raft.netty.dataStream.server.tls.conf = null (default)
2023-01-26 20:30:50,683 [Listener at 127.0.0.1/37459] INFO  netty.NettyConfigKeys$DataStream (ConfUtils.java:logGet(46)) - raft.netty.dataStream.host = null (default)
2023-01-26 20:30:50,683 [Listener at 127.0.0.1/37459] INFO  netty.NettyConfigKeys$DataStream (ConfUtils.java:logGet(46)) - raft.netty.dataStream.port = 0 (default)
2023-01-26 20:30:50,684 [Listener at 127.0.0.1/37459] INFO  server.RaftServerConfigKeys (ConfUtils.java:logGet(46)) - raft.server.threadpool.proxy.cached = true (default)
2023-01-26 20:30:50,684 [Listener at 127.0.0.1/37459] INFO  server.RaftServerConfigKeys (ConfUtils.java:logGet(46)) - raft.server.threadpool.proxy.size = 0 (default)
2023-01-26 20:30:50,684 [Listener at 127.0.0.1/37459] INFO  server.RaftServerConfigKeys (ConfUtils.java:logGet(46)) - raft.server.rpc.slowness.timeout = 300s (custom)
2023-01-26 20:30:50,684 [Listener at 127.0.0.1/37459] INFO  server.RaftServerConfigKeys (ConfUtils.java:logGet(46)) - raft.server.leaderelection.leader.step-down.wait-time = 10s (default)
2023-01-26 20:30:50,684 [Listener at 127.0.0.1/37459] INFO  server.RaftServerConfigKeys (ConfUtils.java:logGet(46)) - raft.server.storage.dir = [/home/runner/work/ozone/ozone/hadoop-ozone/integration-test/target/test-dir/MiniOzoneClusterImpl-83fec8cd-5b22-4757-ae00-8ce138a916fc/datanode-1/data/ratis] (custom)
2023-01-26 20:30:50,685 [7e0f7051-7df6-4c7d-992e-efcf57e991e1-NettyServerStreamRpc-bossGroup--thread1] INFO  logging.LoggingHandler (AbstractInternalLogger.java:log(148)) - [id: 0xa443cc05] REGISTERED
2023-01-26 20:30:50,685 [7e0f7051-7df6-4c7d-992e-efcf57e991e1-NettyServerStreamRpc-bossGroup--thread1] INFO  logging.LoggingHandler (AbstractInternalLogger.java:log(148)) - [id: 0xa443cc05] BIND: 0.0.0.0/0.0.0.0:0
2023-01-26 20:30:50,685 [7e0f7051-7df6-4c7d-992e-efcf57e991e1-NettyServerStreamRpc-bossGroup--thread1] INFO  logging.LoggingHandler (AbstractInternalLogger.java:log(148)) - [id: 0xa443cc05, L:/0:0:0:0:0:0:0:0:38183] ACTIVE
2023-01-26 20:30:50,686 [Listener at 127.0.0.1/37459] INFO  server.XceiverServerGrpc (XceiverServerGrpc.java:<init>(132)) - GrpcServer channel type EpollServerSocketChannel
2023-01-26 20:30:50,690 [Listener at 127.0.0.1/37459] INFO  http.BaseHttpServer (BaseHttpServer.java:newHttpServer2BuilderForOzone(213)) - Starting Web-server for hddsDatanode at: http://0.0.0.0:0
2023-01-26 20:30:50,690 [Listener at 127.0.0.1/37459] INFO  http.BaseHttpServer (BaseHttpServer.java:<init>(108)) - Hadoop Security Enabled: false Ozone Security Enabled: false Ozone HTTP Security Enabled: false 
2023-01-26 20:30:50,691 [Listener at 127.0.0.1/37459] WARN  server.AuthenticationFilter (AuthenticationFilter.java:constructSecretProvider(240)) - Unable to initialize FileSignerSecretProvider, falling back to use random secrets. Reason: Could not read signature secret file: /home/runner/hadoop-http-auth-signature-secret
2023-01-26 20:30:50,692 [Listener at 127.0.0.1/37459] WARN  http.HttpRequestLog (HttpRequestLog.java:getRequestLog(103)) - Jetty request log can only be enabled using Log4j
2023-01-26 20:30:50,693 [Listener at 127.0.0.1/37459] INFO  http.HttpServer2 (HttpServer2.java:addGlobalFilter(1031)) - Added global filter 'safety' (class=org.apache.hadoop.hdds.server.http.HttpServer2$QuotingInputFilter)
2023-01-26 20:30:50,694 [Listener at 127.0.0.1/37459] INFO  http.HttpServer2 (HttpServer2.java:addFilter(1007)) - Added filter static_user_filter (class=org.apache.hadoop.http.lib.StaticUserWebFilter$StaticUserFilter) to context hddsDatanode
2023-01-26 20:30:50,694 [Listener at 127.0.0.1/37459] INFO  http.HttpServer2 (HttpServer2.java:addFilter(1015)) - Added filter static_user_filter (class=org.apache.hadoop.http.lib.StaticUserWebFilter$StaticUserFilter) to context static
2023-01-26 20:30:50,694 [Listener at 127.0.0.1/37459] INFO  http.HttpServer2 (HttpServer2.java:addFilter(1015)) - Added filter static_user_filter (class=org.apache.hadoop.http.lib.StaticUserWebFilter$StaticUserFilter) to context logs
2023-01-26 20:30:50,695 [Listener at 127.0.0.1/37459] INFO  http.HttpServer2 (HttpServer2.java:bindListener(1250)) - Jetty bound to port 45561
2023-01-26 20:30:50,695 [Listener at 127.0.0.1/37459] INFO  server.Server (Server.java:doStart(375)) - jetty-9.4.49.v20220914; built: 2022-09-14T01:07:36.601Z; git: 4231a3b2e4cb8548a412a789936d640a97b1aa0a; jvm 1.8.0_352-b08
2023-01-26 20:30:50,698 [Listener at 127.0.0.1/37459] INFO  server.session (DefaultSessionIdManager.java:doStart(334)) - DefaultSessionIdManager workerName=node0
2023-01-26 20:30:50,699 [Listener at 127.0.0.1/37459] INFO  server.session (DefaultSessionIdManager.java:doStart(339)) - No SessionScavenger set, using defaults
2023-01-26 20:30:50,699 [Listener at 127.0.0.1/37459] INFO  server.session (HouseKeeper.java:startScavenging(132)) - node0 Scavenging every 600000ms
2023-01-26 20:30:50,699 [Listener at 127.0.0.1/37459] INFO  handler.ContextHandler (ContextHandler.java:doStart(921)) - Started o.e.j.s.ServletContextHandler@11c3d400{logs,/logs,file:///home/runner/work/ozone/ozone/hadoop-ozone/integration-test/target/log,AVAILABLE}
2023-01-26 20:30:50,700 [Listener at 127.0.0.1/37459] INFO  handler.ContextHandler (ContextHandler.java:doStart(921)) - Started o.e.j.s.ServletContextHandler@490e8b4e{static,/static,jar:file:/home/runner/.m2/repository/org/apache/ozone/hdds-container-service/1.4.0-SNAPSHOT/hdds-container-service-1.4.0-SNAPSHOT.jar!/webapps/static,AVAILABLE}
2023-01-26 20:30:50,864 [Listener at 127.0.0.1/37459] INFO  handler.ContextHandler (ContextHandler.java:doStart(921)) - Started o.e.j.w.WebAppContext@5bce1e69{hddsDatanode,/,file:///tmp/jetty-0_0_0_0-45561-hdds-container-service-1_4_0-SNAPSHOT_jar-_-any-7477917183223895957/webapp/,AVAILABLE}{jar:file:/home/runner/.m2/repository/org/apache/ozone/hdds-container-service/1.4.0-SNAPSHOT/hdds-container-service-1.4.0-SNAPSHOT.jar!/webapps/hddsDatanode}
2023-01-26 20:30:50,866 [Listener at 127.0.0.1/37459] INFO  server.AbstractConnector (AbstractConnector.java:doStart(333)) - Started ServerConnector@47222fcd{HTTP/1.1, (http/1.1)}{0.0.0.0:45561}
2023-01-26 20:30:50,866 [Listener at 127.0.0.1/37459] INFO  server.Server (Server.java:doStart(415)) - Started @74561ms
2023-01-26 20:30:50,866 [Listener at 127.0.0.1/37459] WARN  impl.MetricsSystemImpl (MetricsSystemImpl.java:register(279)) - Sink prometheus already exists!
2023-01-26 20:30:50,867 [Listener at 127.0.0.1/37459] INFO  http.BaseHttpServer (BaseHttpServer.java:updateConnectorAddress(333)) - HTTP server of hddsDatanode listening at http://0.0.0.0:45561
2023-01-26 20:30:50,868 [Listener at 127.0.0.1/37459] WARN  impl.MetricRegistriesImpl (MetricRegistriesImpl.java:addReporterRegistration(111)) - New reporters are added after registries were created. Some metrics will be missing from the reporter. Please add reporter before adding any new registry.
2023-01-26 20:30:50,868 [Listener at 127.0.0.1/37459] WARN  impl.MetricRegistriesImpl (MetricRegistriesImpl.java:addReporterRegistration(111)) - New reporters are added after registries were created. Some metrics will be missing from the reporter. Please add reporter before adding any new registry.
2023-01-26 20:30:50,868 [Listener at 127.0.0.1/37459] INFO  impl.MetricsSystemImpl (MetricsSystemImpl.java:init(158)) - HddsDatanode metrics system started (again)
2023-01-26 20:30:50,927 [Datanode State Machine Daemon Thread] INFO  statemachine.DatanodeStateMachine (DatanodeStateMachine.java:lambda$startDaemon$0(515)) - Ozone container server started.
2023-01-26 20:30:50,943 [Listener at 127.0.0.1/37459] INFO  ozone.HddsDatanodeService (HddsDatanodeService.java:start(228)) - HddsDatanodeService host:fv-az462-54.0zuljvm5d0yedf4jva4xayy4gc.gx.internal.cloudapp.net ip:10.1.0.15
2023-01-26 20:30:50,943 [org.apache.hadoop.util.JvmPauseMonitor$Monitor@4459c118] INFO  util.JvmPauseMonitor (JvmPauseMonitor.java:run(188)) - Starting JVM pause monitor
2023-01-26 20:30:50,957 [Datanode State Machine Task Thread - 0] INFO  datanode.InitDatanodeState (InitDatanodeState.java:persistContainerDatanodeDetails(138)) - DatanodeDetails is persisted to /home/runner/work/ozone/ozone/hadoop-ozone/integration-test/target/test-dir/MiniOzoneClusterImpl-83fec8cd-5b22-4757-ae00-8ce138a916fc/datanode-1/meta/datanode.id
2023-01-26 20:30:50,967 [Listener at 127.0.0.1/37459] INFO  upgrade.AbstractLayoutVersionManager (AbstractLayoutVersionManager.java:init(83)) - Initializing Layout version manager with metadata layout = DATANODE_SCHEMA_V3 (version = 4), software layout = DATANODE_SCHEMA_V3 (version = 4)
2023-01-26 20:30:51,014 [Listener at 127.0.0.1/37459] INFO  reflections.Reflections (Reflections.java:scan(232)) - Reflections took 46 ms to scan 7 urls, producing 148 keys and 356 values 
2023-01-26 20:30:51,015 [Listener at 127.0.0.1/37459] INFO  statemachine.DatanodeStateMachine (DatanodeStateMachine.java:getEndPointTaskThreadPoolSize(259)) - Datanode State Machine Task Thread Pool size 2
2023-01-26 20:30:51,017 [Listener at 127.0.0.1/37459] INFO  volume.HddsVolume (HddsVolume.java:<init>(117)) - Creating HddsVolume: /home/runner/work/ozone/ozone/hadoop-ozone/integration-test/target/test-dir/MiniOzoneClusterImpl-83fec8cd-5b22-4757-ae00-8ce138a916fc/datanode-2/data-0/containers/hdds of storage type : DISK capacity : 9223372036854775807
2023-01-26 20:30:51,017 [Listener at 127.0.0.1/37459] INFO  volume.MutableVolumeSet (MutableVolumeSet.java:initializeVolumeSet(174)) - Added Volume : /home/runner/work/ozone/ozone/hadoop-ozone/integration-test/target/test-dir/MiniOzoneClusterImpl-83fec8cd-5b22-4757-ae00-8ce138a916fc/datanode-2/data-0/containers/hdds to VolumeSet
2023-01-26 20:30:51,017 [Listener at 127.0.0.1/37459] INFO  volume.ThrottledAsyncChecker (ThrottledAsyncChecker.java:schedule(141)) - Scheduling a check for /home/runner/work/ozone/ozone/hadoop-ozone/integration-test/target/test-dir/MiniOzoneClusterImpl-83fec8cd-5b22-4757-ae00-8ce138a916fc/datanode-2/data-0/containers/hdds
2023-01-26 20:30:51,018 [Listener at 127.0.0.1/37459] INFO  volume.StorageVolumeChecker (StorageVolumeChecker.java:checkAllVolumes(202)) - Scheduled health check for volume /home/runner/work/ozone/ozone/hadoop-ozone/integration-test/target/test-dir/MiniOzoneClusterImpl-83fec8cd-5b22-4757-ae00-8ce138a916fc/datanode-2/data-0/containers/hdds
2023-01-26 20:30:51,031 [Listener at 127.0.0.1/37459] INFO  volume.MutableVolumeSet (MutableVolumeSet.java:initializeVolumeSet(174)) - Added Volume : /home/runner/work/ozone/ozone/hadoop-ozone/integration-test/target/test-dir/MiniOzoneClusterImpl-83fec8cd-5b22-4757-ae00-8ce138a916fc/datanode-2/data/ratis to VolumeSet
2023-01-26 20:30:51,031 [Listener at 127.0.0.1/37459] INFO  volume.ThrottledAsyncChecker (ThrottledAsyncChecker.java:schedule(141)) - Scheduling a check for /home/runner/work/ozone/ozone/hadoop-ozone/integration-test/target/test-dir/MiniOzoneClusterImpl-83fec8cd-5b22-4757-ae00-8ce138a916fc/datanode-2/data/ratis
2023-01-26 20:30:51,031 [Listener at 127.0.0.1/37459] INFO  volume.StorageVolumeChecker (StorageVolumeChecker.java:checkAllVolumes(202)) - Scheduled health check for volume /home/runner/work/ozone/ozone/hadoop-ozone/integration-test/target/test-dir/MiniOzoneClusterImpl-83fec8cd-5b22-4757-ae00-8ce138a916fc/datanode-2/data/ratis
2023-01-26 20:30:51,041 [Thread-562] INFO  ozoneimpl.ContainerReader (ContainerReader.java:readVolume(175)) - Finish verifying containers on volume /home/runner/work/ozone/ozone/hadoop-ozone/integration-test/target/test-dir/MiniOzoneClusterImpl-83fec8cd-5b22-4757-ae00-8ce138a916fc/datanode-2/data-0/containers/hdds
2023-01-26 20:30:51,041 [Listener at 127.0.0.1/37459] INFO  ozoneimpl.OzoneContainer (OzoneContainer.java:buildContainerSet(305)) - Build ContainerSet costs 0s
2023-01-26 20:30:51,043 [Listener at 127.0.0.1/37459] INFO  server.RaftServer (ConfUtils.java:logGet(46)) - raft.rpc.type = GRPC (default)
2023-01-26 20:30:51,044 [Listener at 127.0.0.1/37459] INFO  grpc.GrpcConfigKeys (ConfUtils.java:logFallback(53)) - raft.grpc.admin.host = null (fallback to raft.grpc.server.host)
2023-01-26 20:30:51,044 [Listener at 127.0.0.1/37459] INFO  grpc.GrpcConfigKeys (ConfUtils.java:logGet(46)) - raft.grpc.admin.port = 0 (custom)
2023-01-26 20:30:51,044 [Listener at 127.0.0.1/37459] INFO  grpc.GrpcConfigKeys (ConfUtils.java:logFallback(53)) - raft.grpc.client.host = null (fallback to raft.grpc.server.host)
2023-01-26 20:30:51,044 [Listener at 127.0.0.1/37459] INFO  grpc.GrpcConfigKeys (ConfUtils.java:logGet(46)) - raft.grpc.client.port = 0 (custom)
2023-01-26 20:30:51,044 [Listener at 127.0.0.1/37459] INFO  grpc.GrpcConfigKeys (ConfUtils.java:logGet(46)) - raft.grpc.server.host = null (default)
2023-01-26 20:30:51,044 [Listener at 127.0.0.1/37459] INFO  grpc.GrpcConfigKeys (ConfUtils.java:logGet(46)) - raft.grpc.server.port = 0 (default)
2023-01-26 20:30:51,044 [Listener at 127.0.0.1/37459] INFO  server.GrpcService (ConfUtils.java:logGet(46)) - raft.grpc.message.size.max = 32MB (=33554432) (custom)
2023-01-26 20:30:51,044 [Listener at 127.0.0.1/37459] INFO  server.RaftServerConfigKeys (ConfUtils.java:logGet(46)) - raft.server.log.appender.buffer.byte-limit = 33554432 (custom)
2023-01-26 20:30:51,044 [Listener at 127.0.0.1/37459] INFO  server.GrpcService (ConfUtils.java:logGet(46)) - raft.grpc.flow.control.window = 5MB (=5242880) (custom)
2023-01-26 20:30:51,045 [Listener at 127.0.0.1/37459] INFO  server.RaftServerConfigKeys (ConfUtils.java:logGet(46)) - raft.server.rpc.request.timeout = 60s (custom)
2023-01-26 20:30:51,045 [Listener at 127.0.0.1/37459] INFO  grpc.GrpcConfigKeys (ConfUtils.java:logGet(46)) - raft.grpc.server.heartbeat.channel = true (default)
2023-01-26 20:30:51,045 [Listener at 127.0.0.1/37459] INFO  grpc.GrpcConfigKeys (ConfUtils.java:logGet(46)) - raft.grpc.server.async.request.thread.pool.cached = true (default)
2023-01-26 20:30:51,045 [Listener at 127.0.0.1/37459] INFO  grpc.GrpcConfigKeys (ConfUtils.java:logGet(46)) - raft.grpc.server.async.request.thread.pool.size = 32 (default)
2023-01-26 20:30:51,046 [Listener at 127.0.0.1/37459] INFO  impl.DataStreamServerImpl (ConfUtils.java:logGet(46)) - raft.datastream.type = NETTY (custom)
2023-01-26 20:30:51,046 [Listener at 127.0.0.1/37459] INFO  server.RaftServerConfigKeys (ConfUtils.java:logGet(46)) - raft.server.data-stream.async.request.thread.pool.cached = false (default)
2023-01-26 20:30:51,046 [Listener at 127.0.0.1/37459] INFO  server.RaftServerConfigKeys (ConfUtils.java:logGet(46)) - raft.server.data-stream.async.request.thread.pool.size = 20 (custom)
2023-01-26 20:30:51,046 [Listener at 127.0.0.1/37459] INFO  server.RaftServerConfigKeys (ConfUtils.java:logGet(46)) - raft.server.data-stream.async.write.thread.pool.size = 16 (default)
2023-01-26 20:30:51,046 [Listener at 127.0.0.1/37459] INFO  server.RaftServerConfigKeys (ConfUtils.java:logGet(46)) - raft.server.data-stream.client.pool.size = 10 (default)
2023-01-26 20:30:51,046 [Listener at 127.0.0.1/37459] INFO  netty.NettyConfigKeys$DataStream (ConfUtils.java:logGet(46)) - raft.netty.dataStream.server.use-epoll = false (default)
2023-01-26 20:30:51,047 [Listener at 127.0.0.1/37459] INFO  netty.NettyConfigKeys$DataStream (ConfUtils.java:logGet(46)) - raft.netty.dataStream.server.boss-group.size = 0 (default)
2023-01-26 20:30:51,047 [Listener at 127.0.0.1/37459] INFO  netty.NettyConfigKeys$DataStream (ConfUtils.java:logGet(46)) - raft.netty.dataStream.server.worker-group.size = 0 (default)
2023-01-26 20:30:51,047 [Listener at 127.0.0.1/37459] INFO  netty.NettyConfigKeys$DataStream (ConfUtils.java:logGet(46)) - raft.netty.dataStream.server.tls.conf = null (default)
2023-01-26 20:30:51,047 [Listener at 127.0.0.1/37459] INFO  netty.NettyConfigKeys$DataStream (ConfUtils.java:logGet(46)) - raft.netty.dataStream.host = null (default)
2023-01-26 20:30:51,047 [Listener at 127.0.0.1/37459] INFO  netty.NettyConfigKeys$DataStream (ConfUtils.java:logGet(46)) - raft.netty.dataStream.port = 0 (default)
2023-01-26 20:30:51,048 [Listener at 127.0.0.1/37459] INFO  server.RaftServerConfigKeys (ConfUtils.java:logGet(46)) - raft.server.threadpool.proxy.cached = true (default)
2023-01-26 20:30:51,048 [Listener at 127.0.0.1/37459] INFO  server.RaftServerConfigKeys (ConfUtils.java:logGet(46)) - raft.server.threadpool.proxy.size = 0 (default)
2023-01-26 20:30:51,048 [Listener at 127.0.0.1/37459] INFO  server.RaftServerConfigKeys (ConfUtils.java:logGet(46)) - raft.server.rpc.slowness.timeout = 300s (custom)
2023-01-26 20:30:51,048 [Listener at 127.0.0.1/37459] INFO  server.RaftServerConfigKeys (ConfUtils.java:logGet(46)) - raft.server.leaderelection.leader.step-down.wait-time = 10s (default)
2023-01-26 20:30:51,048 [Listener at 127.0.0.1/37459] INFO  server.RaftServerConfigKeys (ConfUtils.java:logGet(46)) - raft.server.storage.dir = [/home/runner/work/ozone/ozone/hadoop-ozone/integration-test/target/test-dir/MiniOzoneClusterImpl-83fec8cd-5b22-4757-ae00-8ce138a916fc/datanode-2/data/ratis] (custom)
2023-01-26 20:30:51,049 [f73d43d0-b19f-4135-8753-89f8dbf44938-NettyServerStreamRpc-bossGroup--thread1] INFO  logging.LoggingHandler (AbstractInternalLogger.java:log(148)) - [id: 0xd865be02] REGISTERED
2023-01-26 20:30:51,049 [f73d43d0-b19f-4135-8753-89f8dbf44938-NettyServerStreamRpc-bossGroup--thread1] INFO  logging.LoggingHandler (AbstractInternalLogger.java:log(148)) - [id: 0xd865be02] BIND: 0.0.0.0/0.0.0.0:0
2023-01-26 20:30:51,049 [f73d43d0-b19f-4135-8753-89f8dbf44938-NettyServerStreamRpc-bossGroup--thread1] INFO  logging.LoggingHandler (AbstractInternalLogger.java:log(148)) - [id: 0xd865be02, L:/0:0:0:0:0:0:0:0:41077] ACTIVE
2023-01-26 20:30:51,050 [Listener at 127.0.0.1/37459] INFO  server.XceiverServerGrpc (XceiverServerGrpc.java:<init>(132)) - GrpcServer channel type EpollServerSocketChannel
2023-01-26 20:30:51,057 [Listener at 127.0.0.1/37459] INFO  http.BaseHttpServer (BaseHttpServer.java:newHttpServer2BuilderForOzone(213)) - Starting Web-server for hddsDatanode at: http://0.0.0.0:0
2023-01-26 20:30:51,057 [Listener at 127.0.0.1/37459] INFO  http.BaseHttpServer (BaseHttpServer.java:<init>(108)) - Hadoop Security Enabled: false Ozone Security Enabled: false Ozone HTTP Security Enabled: false 
2023-01-26 20:30:51,058 [Listener at 127.0.0.1/37459] WARN  server.AuthenticationFilter (AuthenticationFilter.java:constructSecretProvider(240)) - Unable to initialize FileSignerSecretProvider, falling back to use random secrets. Reason: Could not read signature secret file: /home/runner/hadoop-http-auth-signature-secret
2023-01-26 20:30:51,059 [Listener at 127.0.0.1/37459] WARN  http.HttpRequestLog (HttpRequestLog.java:getRequestLog(103)) - Jetty request log can only be enabled using Log4j
2023-01-26 20:30:51,060 [Listener at 127.0.0.1/37459] INFO  http.HttpServer2 (HttpServer2.java:addGlobalFilter(1031)) - Added global filter 'safety' (class=org.apache.hadoop.hdds.server.http.HttpServer2$QuotingInputFilter)
2023-01-26 20:30:51,061 [Listener at 127.0.0.1/37459] INFO  http.HttpServer2 (HttpServer2.java:addFilter(1007)) - Added filter static_user_filter (class=org.apache.hadoop.http.lib.StaticUserWebFilter$StaticUserFilter) to context hddsDatanode
2023-01-26 20:30:51,061 [Listener at 127.0.0.1/37459] INFO  http.HttpServer2 (HttpServer2.java:addFilter(1015)) - Added filter static_user_filter (class=org.apache.hadoop.http.lib.StaticUserWebFilter$StaticUserFilter) to context logs
2023-01-26 20:30:51,061 [Listener at 127.0.0.1/37459] INFO  http.HttpServer2 (HttpServer2.java:addFilter(1015)) - Added filter static_user_filter (class=org.apache.hadoop.http.lib.StaticUserWebFilter$StaticUserFilter) to context static
2023-01-26 20:30:51,062 [Listener at 127.0.0.1/37459] INFO  http.HttpServer2 (HttpServer2.java:bindListener(1250)) - Jetty bound to port 43553
2023-01-26 20:30:51,062 [Listener at 127.0.0.1/37459] INFO  server.Server (Server.java:doStart(375)) - jetty-9.4.49.v20220914; built: 2022-09-14T01:07:36.601Z; git: 4231a3b2e4cb8548a412a789936d640a97b1aa0a; jvm 1.8.0_352-b08
2023-01-26 20:30:51,063 [Listener at 127.0.0.1/37459] INFO  server.session (DefaultSessionIdManager.java:doStart(334)) - DefaultSessionIdManager workerName=node0
2023-01-26 20:30:51,063 [Listener at 127.0.0.1/37459] INFO  server.session (DefaultSessionIdManager.java:doStart(339)) - No SessionScavenger set, using defaults
2023-01-26 20:30:51,064 [Listener at 127.0.0.1/37459] INFO  server.session (HouseKeeper.java:startScavenging(132)) - node0 Scavenging every 660000ms
2023-01-26 20:30:51,064 [Listener at 127.0.0.1/37459] INFO  handler.ContextHandler (ContextHandler.java:doStart(921)) - Started o.e.j.s.ServletContextHandler@28d340f2{logs,/logs,file:///home/runner/work/ozone/ozone/hadoop-ozone/integration-test/target/log,AVAILABLE}
2023-01-26 20:30:51,065 [Listener at 127.0.0.1/37459] INFO  handler.ContextHandler (ContextHandler.java:doStart(921)) - Started o.e.j.s.ServletContextHandler@3d2dfc64{static,/static,jar:file:/home/runner/.m2/repository/org/apache/ozone/hdds-container-service/1.4.0-SNAPSHOT/hdds-container-service-1.4.0-SNAPSHOT.jar!/webapps/static,AVAILABLE}
2023-01-26 20:30:51,234 [Listener at 127.0.0.1/37459] INFO  handler.ContextHandler (ContextHandler.java:doStart(921)) - Started o.e.j.w.WebAppContext@455ce235{hddsDatanode,/,file:///tmp/jetty-0_0_0_0-43553-hdds-container-service-1_4_0-SNAPSHOT_jar-_-any-8232037789257108908/webapp/,AVAILABLE}{jar:file:/home/runner/.m2/repository/org/apache/ozone/hdds-container-service/1.4.0-SNAPSHOT/hdds-container-service-1.4.0-SNAPSHOT.jar!/webapps/hddsDatanode}
2023-01-26 20:30:51,236 [Listener at 127.0.0.1/37459] INFO  server.AbstractConnector (AbstractConnector.java:doStart(333)) - Started ServerConnector@11b2703d{HTTP/1.1, (http/1.1)}{0.0.0.0:43553}
2023-01-26 20:30:51,236 [Listener at 127.0.0.1/37459] INFO  server.Server (Server.java:doStart(415)) - Started @74931ms
2023-01-26 20:30:51,236 [Listener at 127.0.0.1/37459] WARN  impl.MetricsSystemImpl (MetricsSystemImpl.java:register(279)) - Sink prometheus already exists!
2023-01-26 20:30:51,237 [Listener at 127.0.0.1/37459] INFO  http.BaseHttpServer (BaseHttpServer.java:updateConnectorAddress(333)) - HTTP server of hddsDatanode listening at http://0.0.0.0:43553
2023-01-26 20:30:51,238 [Datanode State Machine Daemon Thread] INFO  statemachine.DatanodeStateMachine (DatanodeStateMachine.java:lambda$startDaemon$0(515)) - Ozone container server started.
2023-01-26 20:30:51,238 [Listener at 127.0.0.1/37459] WARN  impl.MetricRegistriesImpl (MetricRegistriesImpl.java:addReporterRegistration(111)) - New reporters are added after registries were created. Some metrics will be missing from the reporter. Please add reporter before adding any new registry.
2023-01-26 20:30:51,239 [Listener at 127.0.0.1/37459] WARN  impl.MetricRegistriesImpl (MetricRegistriesImpl.java:addReporterRegistration(111)) - New reporters are added after registries were created. Some metrics will be missing from the reporter. Please add reporter before adding any new registry.
2023-01-26 20:30:51,240 [Listener at 127.0.0.1/37459] INFO  impl.MetricsSystemImpl (MetricsSystemImpl.java:init(158)) - HddsDatanode metrics system started (again)
2023-01-26 20:30:51,250 [Listener at 127.0.0.1/37459] INFO  ozone.HddsDatanodeService (HddsDatanodeService.java:start(228)) - HddsDatanodeService host:fv-az462-54.0zuljvm5d0yedf4jva4xayy4gc.gx.internal.cloudapp.net ip:10.1.0.15
2023-01-26 20:30:51,251 [org.apache.hadoop.util.JvmPauseMonitor$Monitor@55f36fd9] INFO  util.JvmPauseMonitor (JvmPauseMonitor.java:run(188)) - Starting JVM pause monitor
2023-01-26 20:30:51,254 [Datanode State Machine Task Thread - 0] INFO  datanode.InitDatanodeState (InitDatanodeState.java:persistContainerDatanodeDetails(138)) - DatanodeDetails is persisted to /home/runner/work/ozone/ozone/hadoop-ozone/integration-test/target/test-dir/MiniOzoneClusterImpl-83fec8cd-5b22-4757-ae00-8ce138a916fc/datanode-2/meta/datanode.id
2023-01-26 20:30:51,271 [Listener at 127.0.0.1/37459] INFO  upgrade.AbstractLayoutVersionManager (AbstractLayoutVersionManager.java:init(83)) - Initializing Layout version manager with metadata layout = DATANODE_SCHEMA_V3 (version = 4), software layout = DATANODE_SCHEMA_V3 (version = 4)
2023-01-26 20:30:51,314 [Listener at 127.0.0.1/37459] INFO  reflections.Reflections (Reflections.java:scan(232)) - Reflections took 42 ms to scan 7 urls, producing 148 keys and 356 values 
2023-01-26 20:30:51,315 [Listener at 127.0.0.1/37459] INFO  statemachine.DatanodeStateMachine (DatanodeStateMachine.java:getEndPointTaskThreadPoolSize(259)) - Datanode State Machine Task Thread Pool size 2
2023-01-26 20:30:51,320 [Listener at 127.0.0.1/37459] INFO  volume.HddsVolume (HddsVolume.java:<init>(117)) - Creating HddsVolume: /home/runner/work/ozone/ozone/hadoop-ozone/integration-test/target/test-dir/MiniOzoneClusterImpl-83fec8cd-5b22-4757-ae00-8ce138a916fc/datanode-3/data-0/containers/hdds of storage type : DISK capacity : 9223372036854775807
2023-01-26 20:30:51,320 [Listener at 127.0.0.1/37459] INFO  volume.MutableVolumeSet (MutableVolumeSet.java:initializeVolumeSet(174)) - Added Volume : /home/runner/work/ozone/ozone/hadoop-ozone/integration-test/target/test-dir/MiniOzoneClusterImpl-83fec8cd-5b22-4757-ae00-8ce138a916fc/datanode-3/data-0/containers/hdds to VolumeSet
2023-01-26 20:30:51,320 [Listener at 127.0.0.1/37459] INFO  volume.ThrottledAsyncChecker (ThrottledAsyncChecker.java:schedule(141)) - Scheduling a check for /home/runner/work/ozone/ozone/hadoop-ozone/integration-test/target/test-dir/MiniOzoneClusterImpl-83fec8cd-5b22-4757-ae00-8ce138a916fc/datanode-3/data-0/containers/hdds
2023-01-26 20:30:51,320 [Listener at 127.0.0.1/37459] INFO  volume.StorageVolumeChecker (StorageVolumeChecker.java:checkAllVolumes(202)) - Scheduled health check for volume /home/runner/work/ozone/ozone/hadoop-ozone/integration-test/target/test-dir/MiniOzoneClusterImpl-83fec8cd-5b22-4757-ae00-8ce138a916fc/datanode-3/data-0/containers/hdds
2023-01-26 20:30:51,332 [Listener at 127.0.0.1/37459] INFO  volume.MutableVolumeSet (MutableVolumeSet.java:initializeVolumeSet(174)) - Added Volume : /home/runner/work/ozone/ozone/hadoop-ozone/integration-test/target/test-dir/MiniOzoneClusterImpl-83fec8cd-5b22-4757-ae00-8ce138a916fc/datanode-3/data/ratis to VolumeSet
2023-01-26 20:30:51,332 [Listener at 127.0.0.1/37459] INFO  volume.ThrottledAsyncChecker (ThrottledAsyncChecker.java:schedule(141)) - Scheduling a check for /home/runner/work/ozone/ozone/hadoop-ozone/integration-test/target/test-dir/MiniOzoneClusterImpl-83fec8cd-5b22-4757-ae00-8ce138a916fc/datanode-3/data/ratis
2023-01-26 20:30:51,333 [Listener at 127.0.0.1/37459] INFO  volume.StorageVolumeChecker (StorageVolumeChecker.java:checkAllVolumes(202)) - Scheduled health check for volume /home/runner/work/ozone/ozone/hadoop-ozone/integration-test/target/test-dir/MiniOzoneClusterImpl-83fec8cd-5b22-4757-ae00-8ce138a916fc/datanode-3/data/ratis
2023-01-26 20:30:51,343 [Thread-576] INFO  ozoneimpl.ContainerReader (ContainerReader.java:readVolume(175)) - Finish verifying containers on volume /home/runner/work/ozone/ozone/hadoop-ozone/integration-test/target/test-dir/MiniOzoneClusterImpl-83fec8cd-5b22-4757-ae00-8ce138a916fc/datanode-3/data-0/containers/hdds
2023-01-26 20:30:51,343 [Listener at 127.0.0.1/37459] INFO  ozoneimpl.OzoneContainer (OzoneContainer.java:buildContainerSet(305)) - Build ContainerSet costs 0s
2023-01-26 20:30:51,346 [Listener at 127.0.0.1/37459] INFO  server.RaftServer (ConfUtils.java:logGet(46)) - raft.rpc.type = GRPC (default)
2023-01-26 20:30:51,346 [Listener at 127.0.0.1/37459] INFO  grpc.GrpcConfigKeys (ConfUtils.java:logFallback(53)) - raft.grpc.admin.host = null (fallback to raft.grpc.server.host)
2023-01-26 20:30:51,347 [Listener at 127.0.0.1/37459] INFO  grpc.GrpcConfigKeys (ConfUtils.java:logGet(46)) - raft.grpc.admin.port = 0 (custom)
2023-01-26 20:30:51,347 [Listener at 127.0.0.1/37459] INFO  grpc.GrpcConfigKeys (ConfUtils.java:logFallback(53)) - raft.grpc.client.host = null (fallback to raft.grpc.server.host)
2023-01-26 20:30:51,347 [Listener at 127.0.0.1/37459] INFO  grpc.GrpcConfigKeys (ConfUtils.java:logGet(46)) - raft.grpc.client.port = 0 (custom)
2023-01-26 20:30:51,347 [Listener at 127.0.0.1/37459] INFO  grpc.GrpcConfigKeys (ConfUtils.java:logGet(46)) - raft.grpc.server.host = null (default)
2023-01-26 20:30:51,347 [Listener at 127.0.0.1/37459] INFO  grpc.GrpcConfigKeys (ConfUtils.java:logGet(46)) - raft.grpc.server.port = 0 (default)
2023-01-26 20:30:51,347 [Listener at 127.0.0.1/37459] INFO  server.GrpcService (ConfUtils.java:logGet(46)) - raft.grpc.message.size.max = 32MB (=33554432) (custom)
2023-01-26 20:30:51,347 [Listener at 127.0.0.1/37459] INFO  server.RaftServerConfigKeys (ConfUtils.java:logGet(46)) - raft.server.log.appender.buffer.byte-limit = 33554432 (custom)
2023-01-26 20:30:51,347 [Listener at 127.0.0.1/37459] INFO  server.GrpcService (ConfUtils.java:logGet(46)) - raft.grpc.flow.control.window = 5MB (=5242880) (custom)
2023-01-26 20:30:51,347 [Listener at 127.0.0.1/37459] INFO  server.RaftServerConfigKeys (ConfUtils.java:logGet(46)) - raft.server.rpc.request.timeout = 60s (custom)
2023-01-26 20:30:51,347 [Listener at 127.0.0.1/37459] INFO  grpc.GrpcConfigKeys (ConfUtils.java:logGet(46)) - raft.grpc.server.heartbeat.channel = true (default)
2023-01-26 20:30:51,348 [Listener at 127.0.0.1/37459] INFO  grpc.GrpcConfigKeys (ConfUtils.java:logGet(46)) - raft.grpc.server.async.request.thread.pool.cached = true (default)
2023-01-26 20:30:51,348 [Listener at 127.0.0.1/37459] INFO  grpc.GrpcConfigKeys (ConfUtils.java:logGet(46)) - raft.grpc.server.async.request.thread.pool.size = 32 (default)
2023-01-26 20:30:51,349 [Listener at 127.0.0.1/37459] INFO  impl.DataStreamServerImpl (ConfUtils.java:logGet(46)) - raft.datastream.type = NETTY (custom)
2023-01-26 20:30:51,349 [Listener at 127.0.0.1/37459] INFO  server.RaftServerConfigKeys (ConfUtils.java:logGet(46)) - raft.server.data-stream.async.request.thread.pool.cached = false (default)
2023-01-26 20:30:51,350 [Listener at 127.0.0.1/37459] INFO  server.RaftServerConfigKeys (ConfUtils.java:logGet(46)) - raft.server.data-stream.async.request.thread.pool.size = 20 (custom)
2023-01-26 20:30:51,350 [Listener at 127.0.0.1/37459] INFO  server.RaftServerConfigKeys (ConfUtils.java:logGet(46)) - raft.server.data-stream.async.write.thread.pool.size = 16 (default)
2023-01-26 20:30:51,351 [Listener at 127.0.0.1/37459] INFO  server.RaftServerConfigKeys (ConfUtils.java:logGet(46)) - raft.server.data-stream.client.pool.size = 10 (default)
2023-01-26 20:30:51,351 [Listener at 127.0.0.1/37459] INFO  netty.NettyConfigKeys$DataStream (ConfUtils.java:logGet(46)) - raft.netty.dataStream.server.use-epoll = false (default)
2023-01-26 20:30:51,351 [Listener at 127.0.0.1/37459] INFO  netty.NettyConfigKeys$DataStream (ConfUtils.java:logGet(46)) - raft.netty.dataStream.server.boss-group.size = 0 (default)
2023-01-26 20:30:51,351 [Listener at 127.0.0.1/37459] INFO  netty.NettyConfigKeys$DataStream (ConfUtils.java:logGet(46)) - raft.netty.dataStream.server.worker-group.size = 0 (default)
2023-01-26 20:30:51,351 [Listener at 127.0.0.1/37459] INFO  netty.NettyConfigKeys$DataStream (ConfUtils.java:logGet(46)) - raft.netty.dataStream.server.tls.conf = null (default)
2023-01-26 20:30:51,352 [Listener at 127.0.0.1/37459] INFO  netty.NettyConfigKeys$DataStream (ConfUtils.java:logGet(46)) - raft.netty.dataStream.host = null (default)
2023-01-26 20:30:51,352 [Listener at 127.0.0.1/37459] INFO  netty.NettyConfigKeys$DataStream (ConfUtils.java:logGet(46)) - raft.netty.dataStream.port = 0 (default)
2023-01-26 20:30:51,352 [Listener at 127.0.0.1/37459] INFO  server.RaftServerConfigKeys (ConfUtils.java:logGet(46)) - raft.server.threadpool.proxy.cached = true (default)
2023-01-26 20:30:51,352 [Listener at 127.0.0.1/37459] INFO  server.RaftServerConfigKeys (ConfUtils.java:logGet(46)) - raft.server.threadpool.proxy.size = 0 (default)
2023-01-26 20:30:51,352 [Listener at 127.0.0.1/37459] INFO  server.RaftServerConfigKeys (ConfUtils.java:logGet(46)) - raft.server.rpc.slowness.timeout = 300s (custom)
2023-01-26 20:30:51,352 [Listener at 127.0.0.1/37459] INFO  server.RaftServerConfigKeys (ConfUtils.java:logGet(46)) - raft.server.leaderelection.leader.step-down.wait-time = 10s (default)
2023-01-26 20:30:51,352 [Listener at 127.0.0.1/37459] INFO  server.RaftServerConfigKeys (ConfUtils.java:logGet(46)) - raft.server.storage.dir = [/home/runner/work/ozone/ozone/hadoop-ozone/integration-test/target/test-dir/MiniOzoneClusterImpl-83fec8cd-5b22-4757-ae00-8ce138a916fc/datanode-3/data/ratis] (custom)
2023-01-26 20:30:51,353 [d4171a40-eb60-4a1e-8628-4f14234272fd-NettyServerStreamRpc-bossGroup--thread1] INFO  logging.LoggingHandler (AbstractInternalLogger.java:log(148)) - [id: 0xa98db533] REGISTERED
2023-01-26 20:30:51,353 [d4171a40-eb60-4a1e-8628-4f14234272fd-NettyServerStreamRpc-bossGroup--thread1] INFO  logging.LoggingHandler (AbstractInternalLogger.java:log(148)) - [id: 0xa98db533] BIND: 0.0.0.0/0.0.0.0:0
2023-01-26 20:30:51,353 [d4171a40-eb60-4a1e-8628-4f14234272fd-NettyServerStreamRpc-bossGroup--thread1] INFO  logging.LoggingHandler (AbstractInternalLogger.java:log(148)) - [id: 0xa98db533, L:/0:0:0:0:0:0:0:0:38051] ACTIVE
2023-01-26 20:30:51,357 [Listener at 127.0.0.1/37459] INFO  server.XceiverServerGrpc (XceiverServerGrpc.java:<init>(132)) - GrpcServer channel type EpollServerSocketChannel
2023-01-26 20:30:51,360 [Listener at 127.0.0.1/37459] INFO  http.BaseHttpServer (BaseHttpServer.java:newHttpServer2BuilderForOzone(213)) - Starting Web-server for hddsDatanode at: http://0.0.0.0:0
2023-01-26 20:30:51,360 [Listener at 127.0.0.1/37459] INFO  http.BaseHttpServer (BaseHttpServer.java:<init>(108)) - Hadoop Security Enabled: false Ozone Security Enabled: false Ozone HTTP Security Enabled: false 
2023-01-26 20:30:51,361 [Listener at 127.0.0.1/37459] WARN  server.AuthenticationFilter (AuthenticationFilter.java:constructSecretProvider(240)) - Unable to initialize FileSignerSecretProvider, falling back to use random secrets. Reason: Could not read signature secret file: /home/runner/hadoop-http-auth-signature-secret
2023-01-26 20:30:51,364 [Listener at 127.0.0.1/37459] WARN  http.HttpRequestLog (HttpRequestLog.java:getRequestLog(103)) - Jetty request log can only be enabled using Log4j
2023-01-26 20:30:51,366 [Listener at 127.0.0.1/37459] INFO  http.HttpServer2 (HttpServer2.java:addGlobalFilter(1031)) - Added global filter 'safety' (class=org.apache.hadoop.hdds.server.http.HttpServer2$QuotingInputFilter)
2023-01-26 20:30:51,366 [Listener at 127.0.0.1/37459] INFO  http.HttpServer2 (HttpServer2.java:addFilter(1007)) - Added filter static_user_filter (class=org.apache.hadoop.http.lib.StaticUserWebFilter$StaticUserFilter) to context hddsDatanode
2023-01-26 20:30:51,367 [Listener at 127.0.0.1/37459] INFO  http.HttpServer2 (HttpServer2.java:addFilter(1015)) - Added filter static_user_filter (class=org.apache.hadoop.http.lib.StaticUserWebFilter$StaticUserFilter) to context static
2023-01-26 20:30:51,367 [Listener at 127.0.0.1/37459] INFO  http.HttpServer2 (HttpServer2.java:addFilter(1015)) - Added filter static_user_filter (class=org.apache.hadoop.http.lib.StaticUserWebFilter$StaticUserFilter) to context logs
2023-01-26 20:30:51,367 [Listener at 127.0.0.1/37459] INFO  http.HttpServer2 (HttpServer2.java:bindListener(1250)) - Jetty bound to port 38945
2023-01-26 20:30:51,367 [Listener at 127.0.0.1/37459] INFO  server.Server (Server.java:doStart(375)) - jetty-9.4.49.v20220914; built: 2022-09-14T01:07:36.601Z; git: 4231a3b2e4cb8548a412a789936d640a97b1aa0a; jvm 1.8.0_352-b08
2023-01-26 20:30:51,375 [Listener at 127.0.0.1/37459] INFO  server.session (DefaultSessionIdManager.java:doStart(334)) - DefaultSessionIdManager workerName=node0
2023-01-26 20:30:51,375 [Listener at 127.0.0.1/37459] INFO  server.session (DefaultSessionIdManager.java:doStart(339)) - No SessionScavenger set, using defaults
2023-01-26 20:30:51,375 [Listener at 127.0.0.1/37459] INFO  server.session (HouseKeeper.java:startScavenging(132)) - node0 Scavenging every 600000ms
2023-01-26 20:30:51,376 [Listener at 127.0.0.1/37459] INFO  handler.ContextHandler (ContextHandler.java:doStart(921)) - Started o.e.j.s.ServletContextHandler@2bd46f9b{logs,/logs,file:///home/runner/work/ozone/ozone/hadoop-ozone/integration-test/target/log,AVAILABLE}
2023-01-26 20:30:51,376 [Listener at 127.0.0.1/37459] INFO  handler.ContextHandler (ContextHandler.java:doStart(921)) - Started o.e.j.s.ServletContextHandler@68d4379e{static,/static,jar:file:/home/runner/.m2/repository/org/apache/ozone/hdds-container-service/1.4.0-SNAPSHOT/hdds-container-service-1.4.0-SNAPSHOT.jar!/webapps/static,AVAILABLE}
2023-01-26 20:30:51,551 [Listener at 127.0.0.1/37459] INFO  handler.ContextHandler (ContextHandler.java:doStart(921)) - Started o.e.j.w.WebAppContext@3e4a20f9{hddsDatanode,/,file:///tmp/jetty-0_0_0_0-38945-hdds-container-service-1_4_0-SNAPSHOT_jar-_-any-6978815120317655341/webapp/,AVAILABLE}{jar:file:/home/runner/.m2/repository/org/apache/ozone/hdds-container-service/1.4.0-SNAPSHOT/hdds-container-service-1.4.0-SNAPSHOT.jar!/webapps/hddsDatanode}
2023-01-26 20:30:51,553 [Listener at 127.0.0.1/37459] INFO  server.AbstractConnector (AbstractConnector.java:doStart(333)) - Started ServerConnector@30b1bd09{HTTP/1.1, (http/1.1)}{0.0.0.0:38945}
2023-01-26 20:30:51,553 [Listener at 127.0.0.1/37459] INFO  server.Server (Server.java:doStart(415)) - Started @75248ms
2023-01-26 20:30:51,553 [Listener at 127.0.0.1/37459] WARN  impl.MetricsSystemImpl (MetricsSystemImpl.java:register(279)) - Sink prometheus already exists!
2023-01-26 20:30:51,554 [Listener at 127.0.0.1/37459] INFO  http.BaseHttpServer (BaseHttpServer.java:updateConnectorAddress(333)) - HTTP server of hddsDatanode listening at http://0.0.0.0:38945
2023-01-26 20:30:51,554 [Datanode State Machine Daemon Thread] INFO  statemachine.DatanodeStateMachine (DatanodeStateMachine.java:lambda$startDaemon$0(515)) - Ozone container server started.
2023-01-26 20:30:51,559 [Listener at 127.0.0.1/37459] WARN  impl.MetricRegistriesImpl (MetricRegistriesImpl.java:addReporterRegistration(111)) - New reporters are added after registries were created. Some metrics will be missing from the reporter. Please add reporter before adding any new registry.
2023-01-26 20:30:51,559 [Listener at 127.0.0.1/37459] WARN  impl.MetricRegistriesImpl (MetricRegistriesImpl.java:addReporterRegistration(111)) - New reporters are added after registries were created. Some metrics will be missing from the reporter. Please add reporter before adding any new registry.
2023-01-26 20:30:51,559 [Listener at 127.0.0.1/37459] INFO  impl.MetricsSystemImpl (MetricsSystemImpl.java:init(158)) - HddsDatanode metrics system started (again)
2023-01-26 20:30:51,568 [org.apache.hadoop.util.JvmPauseMonitor$Monitor@4beb459] INFO  util.JvmPauseMonitor (JvmPauseMonitor.java:run(188)) - Starting JVM pause monitor
2023-01-26 20:30:51,571 [Listener at 127.0.0.1/37459] INFO  ozone.HddsDatanodeService (HddsDatanodeService.java:start(228)) - HddsDatanodeService host:fv-az462-54.0zuljvm5d0yedf4jva4xayy4gc.gx.internal.cloudapp.net ip:10.1.0.15
2023-01-26 20:30:51,573 [Datanode State Machine Task Thread - 0] INFO  datanode.InitDatanodeState (InitDatanodeState.java:persistContainerDatanodeDetails(138)) - DatanodeDetails is persisted to /home/runner/work/ozone/ozone/hadoop-ozone/integration-test/target/test-dir/MiniOzoneClusterImpl-83fec8cd-5b22-4757-ae00-8ce138a916fc/datanode-3/meta/datanode.id
2023-01-26 20:30:51,587 [Listener at 127.0.0.1/37459] INFO  upgrade.AbstractLayoutVersionManager (AbstractLayoutVersionManager.java:init(83)) - Initializing Layout version manager with metadata layout = DATANODE_SCHEMA_V3 (version = 4), software layout = DATANODE_SCHEMA_V3 (version = 4)
2023-01-26 20:30:51,631 [Listener at 127.0.0.1/37459] INFO  reflections.Reflections (Reflections.java:scan(232)) - Reflections took 43 ms to scan 7 urls, producing 148 keys and 356 values 
2023-01-26 20:30:51,632 [Listener at 127.0.0.1/37459] INFO  statemachine.DatanodeStateMachine (DatanodeStateMachine.java:getEndPointTaskThreadPoolSize(259)) - Datanode State Machine Task Thread Pool size 2
2023-01-26 20:30:51,637 [Listener at 127.0.0.1/37459] INFO  volume.HddsVolume (HddsVolume.java:<init>(117)) - Creating HddsVolume: /home/runner/work/ozone/ozone/hadoop-ozone/integration-test/target/test-dir/MiniOzoneClusterImpl-83fec8cd-5b22-4757-ae00-8ce138a916fc/datanode-4/data-0/containers/hdds of storage type : DISK capacity : 9223372036854775807
2023-01-26 20:30:51,637 [Listener at 127.0.0.1/37459] INFO  volume.MutableVolumeSet (MutableVolumeSet.java:initializeVolumeSet(174)) - Added Volume : /home/runner/work/ozone/ozone/hadoop-ozone/integration-test/target/test-dir/MiniOzoneClusterImpl-83fec8cd-5b22-4757-ae00-8ce138a916fc/datanode-4/data-0/containers/hdds to VolumeSet
2023-01-26 20:30:51,637 [Listener at 127.0.0.1/37459] INFO  volume.ThrottledAsyncChecker (ThrottledAsyncChecker.java:schedule(141)) - Scheduling a check for /home/runner/work/ozone/ozone/hadoop-ozone/integration-test/target/test-dir/MiniOzoneClusterImpl-83fec8cd-5b22-4757-ae00-8ce138a916fc/datanode-4/data-0/containers/hdds
2023-01-26 20:30:51,644 [Listener at 127.0.0.1/37459] INFO  volume.StorageVolumeChecker (StorageVolumeChecker.java:checkAllVolumes(202)) - Scheduled health check for volume /home/runner/work/ozone/ozone/hadoop-ozone/integration-test/target/test-dir/MiniOzoneClusterImpl-83fec8cd-5b22-4757-ae00-8ce138a916fc/datanode-4/data-0/containers/hdds
2023-01-26 20:30:51,655 [Listener at 127.0.0.1/37459] INFO  volume.MutableVolumeSet (MutableVolumeSet.java:initializeVolumeSet(174)) - Added Volume : /home/runner/work/ozone/ozone/hadoop-ozone/integration-test/target/test-dir/MiniOzoneClusterImpl-83fec8cd-5b22-4757-ae00-8ce138a916fc/datanode-4/data/ratis to VolumeSet
2023-01-26 20:30:51,656 [Listener at 127.0.0.1/37459] INFO  volume.ThrottledAsyncChecker (ThrottledAsyncChecker.java:schedule(141)) - Scheduling a check for /home/runner/work/ozone/ozone/hadoop-ozone/integration-test/target/test-dir/MiniOzoneClusterImpl-83fec8cd-5b22-4757-ae00-8ce138a916fc/datanode-4/data/ratis
2023-01-26 20:30:51,656 [Listener at 127.0.0.1/37459] INFO  volume.StorageVolumeChecker (StorageVolumeChecker.java:checkAllVolumes(202)) - Scheduled health check for volume /home/runner/work/ozone/ozone/hadoop-ozone/integration-test/target/test-dir/MiniOzoneClusterImpl-83fec8cd-5b22-4757-ae00-8ce138a916fc/datanode-4/data/ratis
2023-01-26 20:30:51,666 [Thread-590] INFO  ozoneimpl.ContainerReader (ContainerReader.java:readVolume(175)) - Finish verifying containers on volume /home/runner/work/ozone/ozone/hadoop-ozone/integration-test/target/test-dir/MiniOzoneClusterImpl-83fec8cd-5b22-4757-ae00-8ce138a916fc/datanode-4/data-0/containers/hdds
2023-01-26 20:30:51,666 [Listener at 127.0.0.1/37459] INFO  ozoneimpl.OzoneContainer (OzoneContainer.java:buildContainerSet(305)) - Build ContainerSet costs 0s
2023-01-26 20:30:51,668 [Listener at 127.0.0.1/37459] INFO  server.RaftServer (ConfUtils.java:logGet(46)) - raft.rpc.type = GRPC (default)
2023-01-26 20:30:51,669 [Listener at 127.0.0.1/37459] INFO  grpc.GrpcConfigKeys (ConfUtils.java:logFallback(53)) - raft.grpc.admin.host = null (fallback to raft.grpc.server.host)
2023-01-26 20:30:51,669 [Listener at 127.0.0.1/37459] INFO  grpc.GrpcConfigKeys (ConfUtils.java:logGet(46)) - raft.grpc.admin.port = 0 (custom)
2023-01-26 20:30:51,669 [Listener at 127.0.0.1/37459] INFO  grpc.GrpcConfigKeys (ConfUtils.java:logFallback(53)) - raft.grpc.client.host = null (fallback to raft.grpc.server.host)
2023-01-26 20:30:51,669 [Listener at 127.0.0.1/37459] INFO  grpc.GrpcConfigKeys (ConfUtils.java:logGet(46)) - raft.grpc.client.port = 0 (custom)
2023-01-26 20:30:51,669 [Listener at 127.0.0.1/37459] INFO  grpc.GrpcConfigKeys (ConfUtils.java:logGet(46)) - raft.grpc.server.host = null (default)
2023-01-26 20:30:51,669 [Listener at 127.0.0.1/37459] INFO  grpc.GrpcConfigKeys (ConfUtils.java:logGet(46)) - raft.grpc.server.port = 0 (default)
2023-01-26 20:30:51,669 [Listener at 127.0.0.1/37459] INFO  server.GrpcService (ConfUtils.java:logGet(46)) - raft.grpc.message.size.max = 32MB (=33554432) (custom)
2023-01-26 20:30:51,669 [Listener at 127.0.0.1/37459] INFO  server.RaftServerConfigKeys (ConfUtils.java:logGet(46)) - raft.server.log.appender.buffer.byte-limit = 33554432 (custom)
2023-01-26 20:30:51,669 [Listener at 127.0.0.1/37459] INFO  server.GrpcService (ConfUtils.java:logGet(46)) - raft.grpc.flow.control.window = 5MB (=5242880) (custom)
2023-01-26 20:30:51,669 [Listener at 127.0.0.1/37459] INFO  server.RaftServerConfigKeys (ConfUtils.java:logGet(46)) - raft.server.rpc.request.timeout = 60s (custom)
2023-01-26 20:30:51,670 [Listener at 127.0.0.1/37459] INFO  grpc.GrpcConfigKeys (ConfUtils.java:logGet(46)) - raft.grpc.server.heartbeat.channel = true (default)
2023-01-26 20:30:51,670 [Listener at 127.0.0.1/37459] INFO  grpc.GrpcConfigKeys (ConfUtils.java:logGet(46)) - raft.grpc.server.async.request.thread.pool.cached = true (default)
2023-01-26 20:30:51,670 [Listener at 127.0.0.1/37459] INFO  grpc.GrpcConfigKeys (ConfUtils.java:logGet(46)) - raft.grpc.server.async.request.thread.pool.size = 32 (default)
2023-01-26 20:30:51,671 [Listener at 127.0.0.1/37459] INFO  impl.DataStreamServerImpl (ConfUtils.java:logGet(46)) - raft.datastream.type = NETTY (custom)
2023-01-26 20:30:51,671 [Listener at 127.0.0.1/37459] INFO  server.RaftServerConfigKeys (ConfUtils.java:logGet(46)) - raft.server.data-stream.async.request.thread.pool.cached = false (default)
2023-01-26 20:30:51,671 [Listener at 127.0.0.1/37459] INFO  server.RaftServerConfigKeys (ConfUtils.java:logGet(46)) - raft.server.data-stream.async.request.thread.pool.size = 20 (custom)
2023-01-26 20:30:51,671 [Listener at 127.0.0.1/37459] INFO  server.RaftServerConfigKeys (ConfUtils.java:logGet(46)) - raft.server.data-stream.async.write.thread.pool.size = 16 (default)
2023-01-26 20:30:51,671 [Listener at 127.0.0.1/37459] INFO  server.RaftServerConfigKeys (ConfUtils.java:logGet(46)) - raft.server.data-stream.client.pool.size = 10 (default)
2023-01-26 20:30:51,671 [Listener at 127.0.0.1/37459] INFO  netty.NettyConfigKeys$DataStream (ConfUtils.java:logGet(46)) - raft.netty.dataStream.server.use-epoll = false (default)
2023-01-26 20:30:51,672 [Listener at 127.0.0.1/37459] INFO  netty.NettyConfigKeys$DataStream (ConfUtils.java:logGet(46)) - raft.netty.dataStream.server.boss-group.size = 0 (default)
2023-01-26 20:30:51,672 [Listener at 127.0.0.1/37459] INFO  netty.NettyConfigKeys$DataStream (ConfUtils.java:logGet(46)) - raft.netty.dataStream.server.worker-group.size = 0 (default)
2023-01-26 20:30:51,672 [Listener at 127.0.0.1/37459] INFO  netty.NettyConfigKeys$DataStream (ConfUtils.java:logGet(46)) - raft.netty.dataStream.server.tls.conf = null (default)
2023-01-26 20:30:51,672 [Listener at 127.0.0.1/37459] INFO  netty.NettyConfigKeys$DataStream (ConfUtils.java:logGet(46)) - raft.netty.dataStream.host = null (default)
2023-01-26 20:30:51,673 [Listener at 127.0.0.1/37459] INFO  netty.NettyConfigKeys$DataStream (ConfUtils.java:logGet(46)) - raft.netty.dataStream.port = 0 (default)
2023-01-26 20:30:51,676 [Listener at 127.0.0.1/37459] INFO  server.RaftServerConfigKeys (ConfUtils.java:logGet(46)) - raft.server.threadpool.proxy.cached = true (default)
2023-01-26 20:30:51,676 [Listener at 127.0.0.1/37459] INFO  server.RaftServerConfigKeys (ConfUtils.java:logGet(46)) - raft.server.threadpool.proxy.size = 0 (default)
2023-01-26 20:30:51,676 [Listener at 127.0.0.1/37459] INFO  server.RaftServerConfigKeys (ConfUtils.java:logGet(46)) - raft.server.rpc.slowness.timeout = 300s (custom)
2023-01-26 20:30:51,676 [Listener at 127.0.0.1/37459] INFO  server.RaftServerConfigKeys (ConfUtils.java:logGet(46)) - raft.server.leaderelection.leader.step-down.wait-time = 10s (default)
2023-01-26 20:30:51,677 [Listener at 127.0.0.1/37459] INFO  server.RaftServerConfigKeys (ConfUtils.java:logGet(46)) - raft.server.storage.dir = [/home/runner/work/ozone/ozone/hadoop-ozone/integration-test/target/test-dir/MiniOzoneClusterImpl-83fec8cd-5b22-4757-ae00-8ce138a916fc/datanode-4/data/ratis] (custom)
2023-01-26 20:30:51,677 [bb346dc9-524c-4b81-8ec9-e7d714560812-NettyServerStreamRpc-bossGroup--thread1] INFO  logging.LoggingHandler (AbstractInternalLogger.java:log(148)) - [id: 0xd3823813] REGISTERED
2023-01-26 20:30:51,677 [bb346dc9-524c-4b81-8ec9-e7d714560812-NettyServerStreamRpc-bossGroup--thread1] INFO  logging.LoggingHandler (AbstractInternalLogger.java:log(148)) - [id: 0xd3823813] BIND: 0.0.0.0/0.0.0.0:0
2023-01-26 20:30:51,677 [bb346dc9-524c-4b81-8ec9-e7d714560812-NettyServerStreamRpc-bossGroup--thread1] INFO  logging.LoggingHandler (AbstractInternalLogger.java:log(148)) - [id: 0xd3823813, L:/0:0:0:0:0:0:0:0:45079] ACTIVE
2023-01-26 20:30:51,681 [Listener at 127.0.0.1/37459] INFO  server.XceiverServerGrpc (XceiverServerGrpc.java:<init>(132)) - GrpcServer channel type EpollServerSocketChannel
2023-01-26 20:30:51,684 [Listener at 127.0.0.1/37459] INFO  http.BaseHttpServer (BaseHttpServer.java:newHttpServer2BuilderForOzone(213)) - Starting Web-server for hddsDatanode at: http://0.0.0.0:0
2023-01-26 20:30:51,684 [Listener at 127.0.0.1/37459] INFO  http.BaseHttpServer (BaseHttpServer.java:<init>(108)) - Hadoop Security Enabled: false Ozone Security Enabled: false Ozone HTTP Security Enabled: false 
2023-01-26 20:30:51,685 [Listener at 127.0.0.1/37459] WARN  server.AuthenticationFilter (AuthenticationFilter.java:constructSecretProvider(240)) - Unable to initialize FileSignerSecretProvider, falling back to use random secrets. Reason: Could not read signature secret file: /home/runner/hadoop-http-auth-signature-secret
2023-01-26 20:30:51,685 [Listener at 127.0.0.1/37459] WARN  http.HttpRequestLog (HttpRequestLog.java:getRequestLog(103)) - Jetty request log can only be enabled using Log4j
2023-01-26 20:30:51,686 [Listener at 127.0.0.1/37459] INFO  http.HttpServer2 (HttpServer2.java:addGlobalFilter(1031)) - Added global filter 'safety' (class=org.apache.hadoop.hdds.server.http.HttpServer2$QuotingInputFilter)
2023-01-26 20:30:51,687 [Listener at 127.0.0.1/37459] INFO  http.HttpServer2 (HttpServer2.java:addFilter(1007)) - Added filter static_user_filter (class=org.apache.hadoop.http.lib.StaticUserWebFilter$StaticUserFilter) to context hddsDatanode
2023-01-26 20:30:51,687 [Listener at 127.0.0.1/37459] INFO  http.HttpServer2 (HttpServer2.java:addFilter(1015)) - Added filter static_user_filter (class=org.apache.hadoop.http.lib.StaticUserWebFilter$StaticUserFilter) to context static
2023-01-26 20:30:51,687 [Listener at 127.0.0.1/37459] INFO  http.HttpServer2 (HttpServer2.java:addFilter(1015)) - Added filter static_user_filter (class=org.apache.hadoop.http.lib.StaticUserWebFilter$StaticUserFilter) to context logs
2023-01-26 20:30:51,688 [Listener at 127.0.0.1/37459] INFO  http.HttpServer2 (HttpServer2.java:bindListener(1250)) - Jetty bound to port 36955
2023-01-26 20:30:51,688 [Listener at 127.0.0.1/37459] INFO  server.Server (Server.java:doStart(375)) - jetty-9.4.49.v20220914; built: 2022-09-14T01:07:36.601Z; git: 4231a3b2e4cb8548a412a789936d640a97b1aa0a; jvm 1.8.0_352-b08
2023-01-26 20:30:51,689 [Listener at 127.0.0.1/37459] INFO  server.session (DefaultSessionIdManager.java:doStart(334)) - DefaultSessionIdManager workerName=node0
2023-01-26 20:30:51,689 [Listener at 127.0.0.1/37459] INFO  server.session (DefaultSessionIdManager.java:doStart(339)) - No SessionScavenger set, using defaults
2023-01-26 20:30:51,689 [Listener at 127.0.0.1/37459] INFO  server.session (HouseKeeper.java:startScavenging(132)) - node0 Scavenging every 600000ms
2023-01-26 20:30:51,690 [Listener at 127.0.0.1/37459] INFO  handler.ContextHandler (ContextHandler.java:doStart(921)) - Started o.e.j.s.ServletContextHandler@28f3815c{logs,/logs,file:///home/runner/work/ozone/ozone/hadoop-ozone/integration-test/target/log,AVAILABLE}
2023-01-26 20:30:51,690 [Listener at 127.0.0.1/37459] INFO  handler.ContextHandler (ContextHandler.java:doStart(921)) - Started o.e.j.s.ServletContextHandler@2759181a{static,/static,jar:file:/home/runner/.m2/repository/org/apache/ozone/hdds-container-service/1.4.0-SNAPSHOT/hdds-container-service-1.4.0-SNAPSHOT.jar!/webapps/static,AVAILABLE}
2023-01-26 20:30:51,855 [Listener at 127.0.0.1/37459] INFO  handler.ContextHandler (ContextHandler.java:doStart(921)) - Started o.e.j.w.WebAppContext@7c540aaf{hddsDatanode,/,file:///tmp/jetty-0_0_0_0-36955-hdds-container-service-1_4_0-SNAPSHOT_jar-_-any-6200707048874499806/webapp/,AVAILABLE}{jar:file:/home/runner/.m2/repository/org/apache/ozone/hdds-container-service/1.4.0-SNAPSHOT/hdds-container-service-1.4.0-SNAPSHOT.jar!/webapps/hddsDatanode}
2023-01-26 20:30:51,856 [Listener at 127.0.0.1/37459] INFO  server.AbstractConnector (AbstractConnector.java:doStart(333)) - Started ServerConnector@6b206a6f{HTTP/1.1, (http/1.1)}{0.0.0.0:36955}
2023-01-26 20:30:51,856 [Listener at 127.0.0.1/37459] INFO  server.Server (Server.java:doStart(415)) - Started @75552ms
2023-01-26 20:30:51,856 [Listener at 127.0.0.1/37459] WARN  impl.MetricsSystemImpl (MetricsSystemImpl.java:register(279)) - Sink prometheus already exists!
2023-01-26 20:30:51,857 [Listener at 127.0.0.1/37459] INFO  http.BaseHttpServer (BaseHttpServer.java:updateConnectorAddress(333)) - HTTP server of hddsDatanode listening at http://0.0.0.0:36955
2023-01-26 20:30:51,858 [Listener at 127.0.0.1/37459] INFO  ozone.MiniOzoneClusterImpl (MiniOzoneClusterImpl.java:lambda$waitForClusterToBeReady$0(218)) - Waiting for nodes to be ready. Got 0 of 5 DN Heartbeats.
2023-01-26 20:30:51,858 [Listener at 127.0.0.1/37459] INFO  ozone.MiniOzoneClusterImpl (MiniOzoneClusterImpl.java:lambda$waitForClusterToBeReady$0(221)) - Waiting for cluster to exit safe mode
2023-01-26 20:30:51,858 [Listener at 127.0.0.1/37459] INFO  ozone.MiniOzoneClusterImpl (MiniOzoneClusterImpl.java:lambda$waitForClusterToBeReady$0(223)) - SCM became leader
2023-01-26 20:30:51,858 [Datanode State Machine Daemon Thread] INFO  statemachine.DatanodeStateMachine (DatanodeStateMachine.java:lambda$startDaemon$0(515)) - Ozone container server started.
2023-01-26 20:30:51,860 [org.apache.hadoop.util.JvmPauseMonitor$Monitor@58ea35cc] INFO  util.JvmPauseMonitor (JvmPauseMonitor.java:run(188)) - Starting JVM pause monitor
2023-01-26 20:30:51,861 [Datanode State Machine Task Thread - 0] INFO  datanode.InitDatanodeState (InitDatanodeState.java:persistContainerDatanodeDetails(138)) - DatanodeDetails is persisted to /home/runner/work/ozone/ozone/hadoop-ozone/integration-test/target/test-dir/MiniOzoneClusterImpl-83fec8cd-5b22-4757-ae00-8ce138a916fc/datanode-4/meta/datanode.id
2023-01-26 20:30:52,607 [EndpointStateMachine task thread for /0.0.0.0:43955 - 0 ] INFO  utils.DatanodeStoreCache (DatanodeStoreCache.java:addDB(58)) - Added db /home/runner/work/ozone/ozone/hadoop-ozone/integration-test/target/test-dir/MiniOzoneClusterImpl-83fec8cd-5b22-4757-ae00-8ce138a916fc/datanode-0/data-0/containers/hdds/83fec8cd-5b22-4757-ae00-8ce138a916fc/DS-74483c24-1daa-4443-a088-0e121fcf62b4/container.db to cache
2023-01-26 20:30:52,607 [EndpointStateMachine task thread for /0.0.0.0:43955 - 0 ] INFO  volume.HddsVolume (HddsVolume.java:createDbStore(307)) - SchemaV3 db is created and loaded at /home/runner/work/ozone/ozone/hadoop-ozone/integration-test/target/test-dir/MiniOzoneClusterImpl-83fec8cd-5b22-4757-ae00-8ce138a916fc/datanode-0/data-0/containers/hdds/83fec8cd-5b22-4757-ae00-8ce138a916fc/DS-74483c24-1daa-4443-a088-0e121fcf62b4/container.db for volume DS-74483c24-1daa-4443-a088-0e121fcf62b4
2023-01-26 20:30:52,607 [EndpointStateMachine task thread for /0.0.0.0:43955 - 0 ] INFO  ozoneimpl.OzoneContainer (OzoneContainer.java:start(399)) - Attempting to start container services.
2023-01-26 20:30:52,607 [EndpointStateMachine task thread for /0.0.0.0:43955 - 0 ] INFO  ozoneimpl.OzoneContainer (OzoneContainer.java:startContainerScrub(316)) - Scheduled background container scanners and the on-demand container scanner have been disabled.
2023-01-26 20:30:52,613 [EndpointStateMachine task thread for /0.0.0.0:43955 - 0 ] INFO  replication.ReplicationServer (ReplicationServer.java:start(109)) - ReplicationServer is started using port 43509
2023-01-26 20:30:52,613 [EndpointStateMachine task thread for /0.0.0.0:43955 - 0 ] INFO  ratis.XceiverServerRatis (XceiverServerRatis.java:start(517)) - Starting XceiverServerRatis 33ea618b-d9cc-459d-a0c4-e4ecfab2c991
2023-01-26 20:30:52,627 [EndpointStateMachine task thread for /0.0.0.0:43955 - 0 ] INFO  server.RaftServer (RaftServerProxy.java:startImpl(393)) - 33ea618b-d9cc-459d-a0c4-e4ecfab2c991: start RPC server
2023-01-26 20:30:52,629 [EndpointStateMachine task thread for /0.0.0.0:43955 - 0 ] INFO  server.GrpcService (GrpcService.java:startImpl(262)) - 33ea618b-d9cc-459d-a0c4-e4ecfab2c991: GrpcService started, listening on 39387
2023-01-26 20:30:52,629 [EndpointStateMachine task thread for /0.0.0.0:43955 - 0 ] INFO  ratis.XceiverServerRatis (XceiverServerRatis.java:getRealPort(543)) - XceiverServerRatis 33ea618b-d9cc-459d-a0c4-e4ecfab2c991 is started using port 39387 for RATIS
2023-01-26 20:30:52,629 [JvmPauseMonitor6] INFO  util.JvmPauseMonitor (JvmPauseMonitor.java:run(105)) - JvmPauseMonitor-33ea618b-d9cc-459d-a0c4-e4ecfab2c991: Started
2023-01-26 20:30:52,629 [EndpointStateMachine task thread for /0.0.0.0:43955 - 0 ] INFO  ratis.XceiverServerRatis (XceiverServerRatis.java:getRealPort(543)) - XceiverServerRatis 33ea618b-d9cc-459d-a0c4-e4ecfab2c991 is started using port 39387 for RATIS_ADMIN
2023-01-26 20:30:52,630 [EndpointStateMachine task thread for /0.0.0.0:43955 - 0 ] INFO  ratis.XceiverServerRatis (XceiverServerRatis.java:getRealPort(543)) - XceiverServerRatis 33ea618b-d9cc-459d-a0c4-e4ecfab2c991 is started using port 39387 for RATIS_SERVER
2023-01-26 20:30:52,630 [EndpointStateMachine task thread for /0.0.0.0:43955 - 0 ] INFO  ratis.XceiverServerRatis (XceiverServerRatis.java:getRealPort(543)) - XceiverServerRatis 33ea618b-d9cc-459d-a0c4-e4ecfab2c991 is started using port 39857 for RATIS_DATASTREAM
2023-01-26 20:30:52,633 [EndpointStateMachine task thread for /0.0.0.0:43955 - 0 ] INFO  server.XceiverServerGrpc (XceiverServerGrpc.java:start(180)) - XceiverServerGrpc 33ea618b-d9cc-459d-a0c4-e4ecfab2c991 is started using port 38947
2023-01-26 20:30:52,858 [Listener at 127.0.0.1/37459] INFO  ozone.MiniOzoneClusterImpl (MiniOzoneClusterImpl.java:lambda$waitForClusterToBeReady$0(218)) - Waiting for nodes to be ready. Got 0 of 5 DN Heartbeats.
2023-01-26 20:30:52,858 [Listener at 127.0.0.1/37459] INFO  ozone.MiniOzoneClusterImpl (MiniOzoneClusterImpl.java:lambda$waitForClusterToBeReady$0(221)) - Waiting for cluster to exit safe mode
2023-01-26 20:30:52,858 [Listener at 127.0.0.1/37459] INFO  ozone.MiniOzoneClusterImpl (MiniOzoneClusterImpl.java:lambda$waitForClusterToBeReady$0(223)) - SCM became leader
2023-01-26 20:30:52,974 [EndpointStateMachine task thread for /0.0.0.0:43955 - 0 ] INFO  utils.DatanodeStoreCache (DatanodeStoreCache.java:addDB(58)) - Added db /home/runner/work/ozone/ozone/hadoop-ozone/integration-test/target/test-dir/MiniOzoneClusterImpl-83fec8cd-5b22-4757-ae00-8ce138a916fc/datanode-1/data-0/containers/hdds/83fec8cd-5b22-4757-ae00-8ce138a916fc/DS-09c45e0b-62f5-4e75-945d-3d10f3264b97/container.db to cache
2023-01-26 20:30:52,974 [EndpointStateMachine task thread for /0.0.0.0:43955 - 0 ] INFO  volume.HddsVolume (HddsVolume.java:createDbStore(307)) - SchemaV3 db is created and loaded at /home/runner/work/ozone/ozone/hadoop-ozone/integration-test/target/test-dir/MiniOzoneClusterImpl-83fec8cd-5b22-4757-ae00-8ce138a916fc/datanode-1/data-0/containers/hdds/83fec8cd-5b22-4757-ae00-8ce138a916fc/DS-09c45e0b-62f5-4e75-945d-3d10f3264b97/container.db for volume DS-09c45e0b-62f5-4e75-945d-3d10f3264b97
2023-01-26 20:30:52,974 [EndpointStateMachine task thread for /0.0.0.0:43955 - 0 ] INFO  ozoneimpl.OzoneContainer (OzoneContainer.java:start(399)) - Attempting to start container services.
2023-01-26 20:30:52,974 [EndpointStateMachine task thread for /0.0.0.0:43955 - 0 ] INFO  ozoneimpl.OzoneContainer (OzoneContainer.java:startContainerScrub(316)) - Scheduled background container scanners and the on-demand container scanner have been disabled.
2023-01-26 20:30:52,978 [EndpointStateMachine task thread for /0.0.0.0:43955 - 0 ] INFO  replication.ReplicationServer (ReplicationServer.java:start(109)) - ReplicationServer is started using port 43581
2023-01-26 20:30:52,979 [EndpointStateMachine task thread for /0.0.0.0:43955 - 0 ] INFO  ratis.XceiverServerRatis (XceiverServerRatis.java:start(517)) - Starting XceiverServerRatis 7e0f7051-7df6-4c7d-992e-efcf57e991e1
2023-01-26 20:30:52,981 [EndpointStateMachine task thread for /0.0.0.0:43955 - 0 ] INFO  server.RaftServer (RaftServerProxy.java:startImpl(393)) - 7e0f7051-7df6-4c7d-992e-efcf57e991e1: start RPC server
2023-01-26 20:30:52,982 [EndpointStateMachine task thread for /0.0.0.0:43955 - 0 ] INFO  server.GrpcService (GrpcService.java:startImpl(262)) - 7e0f7051-7df6-4c7d-992e-efcf57e991e1: GrpcService started, listening on 44005
2023-01-26 20:30:52,983 [EndpointStateMachine task thread for /0.0.0.0:43955 - 0 ] INFO  ratis.XceiverServerRatis (XceiverServerRatis.java:getRealPort(543)) - XceiverServerRatis 7e0f7051-7df6-4c7d-992e-efcf57e991e1 is started using port 44005 for RATIS
2023-01-26 20:30:52,983 [EndpointStateMachine task thread for /0.0.0.0:43955 - 0 ] INFO  ratis.XceiverServerRatis (XceiverServerRatis.java:getRealPort(543)) - XceiverServerRatis 7e0f7051-7df6-4c7d-992e-efcf57e991e1 is started using port 44005 for RATIS_ADMIN
2023-01-26 20:30:52,983 [EndpointStateMachine task thread for /0.0.0.0:43955 - 0 ] INFO  ratis.XceiverServerRatis (XceiverServerRatis.java:getRealPort(543)) - XceiverServerRatis 7e0f7051-7df6-4c7d-992e-efcf57e991e1 is started using port 44005 for RATIS_SERVER
2023-01-26 20:30:52,983 [EndpointStateMachine task thread for /0.0.0.0:43955 - 0 ] INFO  ratis.XceiverServerRatis (XceiverServerRatis.java:getRealPort(543)) - XceiverServerRatis 7e0f7051-7df6-4c7d-992e-efcf57e991e1 is started using port 38183 for RATIS_DATASTREAM
2023-01-26 20:30:52,983 [JvmPauseMonitor7] INFO  util.JvmPauseMonitor (JvmPauseMonitor.java:run(105)) - JvmPauseMonitor-7e0f7051-7df6-4c7d-992e-efcf57e991e1: Started
2023-01-26 20:30:52,989 [EndpointStateMachine task thread for /0.0.0.0:43955 - 0 ] INFO  server.XceiverServerGrpc (XceiverServerGrpc.java:start(180)) - XceiverServerGrpc 7e0f7051-7df6-4c7d-992e-efcf57e991e1 is started using port 41951
2023-01-26 20:30:53,280 [EndpointStateMachine task thread for /0.0.0.0:43955 - 0 ] INFO  utils.DatanodeStoreCache (DatanodeStoreCache.java:addDB(58)) - Added db /home/runner/work/ozone/ozone/hadoop-ozone/integration-test/target/test-dir/MiniOzoneClusterImpl-83fec8cd-5b22-4757-ae00-8ce138a916fc/datanode-2/data-0/containers/hdds/83fec8cd-5b22-4757-ae00-8ce138a916fc/DS-fe3ad50b-d5fd-4223-b92f-9be6e04fdd36/container.db to cache
2023-01-26 20:30:53,280 [EndpointStateMachine task thread for /0.0.0.0:43955 - 0 ] INFO  volume.HddsVolume (HddsVolume.java:createDbStore(307)) - SchemaV3 db is created and loaded at /home/runner/work/ozone/ozone/hadoop-ozone/integration-test/target/test-dir/MiniOzoneClusterImpl-83fec8cd-5b22-4757-ae00-8ce138a916fc/datanode-2/data-0/containers/hdds/83fec8cd-5b22-4757-ae00-8ce138a916fc/DS-fe3ad50b-d5fd-4223-b92f-9be6e04fdd36/container.db for volume DS-fe3ad50b-d5fd-4223-b92f-9be6e04fdd36
2023-01-26 20:30:53,280 [EndpointStateMachine task thread for /0.0.0.0:43955 - 0 ] INFO  ozoneimpl.OzoneContainer (OzoneContainer.java:start(399)) - Attempting to start container services.
2023-01-26 20:30:53,281 [EndpointStateMachine task thread for /0.0.0.0:43955 - 0 ] INFO  ozoneimpl.OzoneContainer (OzoneContainer.java:startContainerScrub(316)) - Scheduled background container scanners and the on-demand container scanner have been disabled.
2023-01-26 20:30:53,284 [EndpointStateMachine task thread for /0.0.0.0:43955 - 0 ] INFO  replication.ReplicationServer (ReplicationServer.java:start(109)) - ReplicationServer is started using port 42573
2023-01-26 20:30:53,285 [EndpointStateMachine task thread for /0.0.0.0:43955 - 0 ] INFO  ratis.XceiverServerRatis (XceiverServerRatis.java:start(517)) - Starting XceiverServerRatis f73d43d0-b19f-4135-8753-89f8dbf44938
2023-01-26 20:30:53,287 [EndpointStateMachine task thread for /0.0.0.0:43955 - 0 ] INFO  server.RaftServer (RaftServerProxy.java:startImpl(393)) - f73d43d0-b19f-4135-8753-89f8dbf44938: start RPC server
2023-01-26 20:30:53,290 [EndpointStateMachine task thread for /0.0.0.0:43955 - 0 ] INFO  server.GrpcService (GrpcService.java:startImpl(262)) - f73d43d0-b19f-4135-8753-89f8dbf44938: GrpcService started, listening on 40817
2023-01-26 20:30:53,290 [EndpointStateMachine task thread for /0.0.0.0:43955 - 0 ] INFO  ratis.XceiverServerRatis (XceiverServerRatis.java:getRealPort(543)) - XceiverServerRatis f73d43d0-b19f-4135-8753-89f8dbf44938 is started using port 40817 for RATIS
2023-01-26 20:30:53,290 [EndpointStateMachine task thread for /0.0.0.0:43955 - 0 ] INFO  ratis.XceiverServerRatis (XceiverServerRatis.java:getRealPort(543)) - XceiverServerRatis f73d43d0-b19f-4135-8753-89f8dbf44938 is started using port 40817 for RATIS_ADMIN
2023-01-26 20:30:53,290 [EndpointStateMachine task thread for /0.0.0.0:43955 - 0 ] INFO  ratis.XceiverServerRatis (XceiverServerRatis.java:getRealPort(543)) - XceiverServerRatis f73d43d0-b19f-4135-8753-89f8dbf44938 is started using port 40817 for RATIS_SERVER
2023-01-26 20:30:53,290 [EndpointStateMachine task thread for /0.0.0.0:43955 - 0 ] INFO  ratis.XceiverServerRatis (XceiverServerRatis.java:getRealPort(543)) - XceiverServerRatis f73d43d0-b19f-4135-8753-89f8dbf44938 is started using port 41077 for RATIS_DATASTREAM
2023-01-26 20:30:53,290 [JvmPauseMonitor8] INFO  util.JvmPauseMonitor (JvmPauseMonitor.java:run(105)) - JvmPauseMonitor-f73d43d0-b19f-4135-8753-89f8dbf44938: Started
2023-01-26 20:30:53,297 [EndpointStateMachine task thread for /0.0.0.0:43955 - 0 ] INFO  server.XceiverServerGrpc (XceiverServerGrpc.java:start(180)) - XceiverServerGrpc f73d43d0-b19f-4135-8753-89f8dbf44938 is started using port 45049
2023-01-26 20:30:53,595 [EndpointStateMachine task thread for /0.0.0.0:43955 - 0 ] INFO  utils.DatanodeStoreCache (DatanodeStoreCache.java:addDB(58)) - Added db /home/runner/work/ozone/ozone/hadoop-ozone/integration-test/target/test-dir/MiniOzoneClusterImpl-83fec8cd-5b22-4757-ae00-8ce138a916fc/datanode-3/data-0/containers/hdds/83fec8cd-5b22-4757-ae00-8ce138a916fc/DS-fb3bc4a5-5cbf-4fe4-9dde-2b0e038bc14a/container.db to cache
2023-01-26 20:30:53,595 [EndpointStateMachine task thread for /0.0.0.0:43955 - 0 ] INFO  volume.HddsVolume (HddsVolume.java:createDbStore(307)) - SchemaV3 db is created and loaded at /home/runner/work/ozone/ozone/hadoop-ozone/integration-test/target/test-dir/MiniOzoneClusterImpl-83fec8cd-5b22-4757-ae00-8ce138a916fc/datanode-3/data-0/containers/hdds/83fec8cd-5b22-4757-ae00-8ce138a916fc/DS-fb3bc4a5-5cbf-4fe4-9dde-2b0e038bc14a/container.db for volume DS-fb3bc4a5-5cbf-4fe4-9dde-2b0e038bc14a
2023-01-26 20:30:53,596 [EndpointStateMachine task thread for /0.0.0.0:43955 - 0 ] INFO  ozoneimpl.OzoneContainer (OzoneContainer.java:start(399)) - Attempting to start container services.
2023-01-26 20:30:53,596 [EndpointStateMachine task thread for /0.0.0.0:43955 - 0 ] INFO  ozoneimpl.OzoneContainer (OzoneContainer.java:startContainerScrub(316)) - Scheduled background container scanners and the on-demand container scanner have been disabled.
2023-01-26 20:30:53,599 [EndpointStateMachine task thread for /0.0.0.0:43955 - 0 ] INFO  replication.ReplicationServer (ReplicationServer.java:start(109)) - ReplicationServer is started using port 41185
2023-01-26 20:30:53,600 [EndpointStateMachine task thread for /0.0.0.0:43955 - 0 ] INFO  ratis.XceiverServerRatis (XceiverServerRatis.java:start(517)) - Starting XceiverServerRatis d4171a40-eb60-4a1e-8628-4f14234272fd
2023-01-26 20:30:53,601 [EndpointStateMachine task thread for /0.0.0.0:43955 - 0 ] INFO  server.RaftServer (RaftServerProxy.java:startImpl(393)) - d4171a40-eb60-4a1e-8628-4f14234272fd: start RPC server
2023-01-26 20:30:53,603 [EndpointStateMachine task thread for /0.0.0.0:43955 - 0 ] INFO  server.GrpcService (GrpcService.java:startImpl(262)) - d4171a40-eb60-4a1e-8628-4f14234272fd: GrpcService started, listening on 33969
2023-01-26 20:30:53,603 [EndpointStateMachine task thread for /0.0.0.0:43955 - 0 ] INFO  ratis.XceiverServerRatis (XceiverServerRatis.java:getRealPort(543)) - XceiverServerRatis d4171a40-eb60-4a1e-8628-4f14234272fd is started using port 33969 for RATIS
2023-01-26 20:30:53,603 [JvmPauseMonitor9] INFO  util.JvmPauseMonitor (JvmPauseMonitor.java:run(105)) - JvmPauseMonitor-d4171a40-eb60-4a1e-8628-4f14234272fd: Started
2023-01-26 20:30:53,603 [EndpointStateMachine task thread for /0.0.0.0:43955 - 0 ] INFO  ratis.XceiverServerRatis (XceiverServerRatis.java:getRealPort(543)) - XceiverServerRatis d4171a40-eb60-4a1e-8628-4f14234272fd is started using port 33969 for RATIS_ADMIN
2023-01-26 20:30:53,603 [EndpointStateMachine task thread for /0.0.0.0:43955 - 0 ] INFO  ratis.XceiverServerRatis (XceiverServerRatis.java:getRealPort(543)) - XceiverServerRatis d4171a40-eb60-4a1e-8628-4f14234272fd is started using port 33969 for RATIS_SERVER
2023-01-26 20:30:53,603 [EndpointStateMachine task thread for /0.0.0.0:43955 - 0 ] INFO  ratis.XceiverServerRatis (XceiverServerRatis.java:getRealPort(543)) - XceiverServerRatis d4171a40-eb60-4a1e-8628-4f14234272fd is started using port 38051 for RATIS_DATASTREAM
2023-01-26 20:30:53,605 [EndpointStateMachine task thread for /0.0.0.0:43955 - 0 ] INFO  server.XceiverServerGrpc (XceiverServerGrpc.java:start(180)) - XceiverServerGrpc d4171a40-eb60-4a1e-8628-4f14234272fd is started using port 36421
2023-01-26 20:30:53,858 [Listener at 127.0.0.1/37459] INFO  ozone.MiniOzoneClusterImpl (MiniOzoneClusterImpl.java:lambda$waitForClusterToBeReady$0(218)) - Waiting for nodes to be ready. Got 0 of 5 DN Heartbeats.
2023-01-26 20:30:53,859 [Listener at 127.0.0.1/37459] INFO  ozone.MiniOzoneClusterImpl (MiniOzoneClusterImpl.java:lambda$waitForClusterToBeReady$0(221)) - Waiting for cluster to exit safe mode
2023-01-26 20:30:53,859 [Listener at 127.0.0.1/37459] INFO  ozone.MiniOzoneClusterImpl (MiniOzoneClusterImpl.java:lambda$waitForClusterToBeReady$0(223)) - SCM became leader
2023-01-26 20:30:53,886 [EndpointStateMachine task thread for /0.0.0.0:43955 - 0 ] INFO  utils.DatanodeStoreCache (DatanodeStoreCache.java:addDB(58)) - Added db /home/runner/work/ozone/ozone/hadoop-ozone/integration-test/target/test-dir/MiniOzoneClusterImpl-83fec8cd-5b22-4757-ae00-8ce138a916fc/datanode-4/data-0/containers/hdds/83fec8cd-5b22-4757-ae00-8ce138a916fc/DS-dff74df5-0906-4a8e-bf63-7c01e55b8da6/container.db to cache
2023-01-26 20:30:53,886 [EndpointStateMachine task thread for /0.0.0.0:43955 - 0 ] INFO  volume.HddsVolume (HddsVolume.java:createDbStore(307)) - SchemaV3 db is created and loaded at /home/runner/work/ozone/ozone/hadoop-ozone/integration-test/target/test-dir/MiniOzoneClusterImpl-83fec8cd-5b22-4757-ae00-8ce138a916fc/datanode-4/data-0/containers/hdds/83fec8cd-5b22-4757-ae00-8ce138a916fc/DS-dff74df5-0906-4a8e-bf63-7c01e55b8da6/container.db for volume DS-dff74df5-0906-4a8e-bf63-7c01e55b8da6
2023-01-26 20:30:53,887 [EndpointStateMachine task thread for /0.0.0.0:43955 - 0 ] INFO  ozoneimpl.OzoneContainer (OzoneContainer.java:start(399)) - Attempting to start container services.
2023-01-26 20:30:53,887 [EndpointStateMachine task thread for /0.0.0.0:43955 - 0 ] INFO  ozoneimpl.OzoneContainer (OzoneContainer.java:startContainerScrub(316)) - Scheduled background container scanners and the on-demand container scanner have been disabled.
2023-01-26 20:30:53,889 [EndpointStateMachine task thread for /0.0.0.0:43955 - 0 ] INFO  replication.ReplicationServer (ReplicationServer.java:start(109)) - ReplicationServer is started using port 41581
2023-01-26 20:30:53,890 [EndpointStateMachine task thread for /0.0.0.0:43955 - 0 ] INFO  ratis.XceiverServerRatis (XceiverServerRatis.java:start(517)) - Starting XceiverServerRatis bb346dc9-524c-4b81-8ec9-e7d714560812
2023-01-26 20:30:53,890 [EndpointStateMachine task thread for /0.0.0.0:43955 - 0 ] INFO  server.RaftServer (RaftServerProxy.java:startImpl(393)) - bb346dc9-524c-4b81-8ec9-e7d714560812: start RPC server
2023-01-26 20:30:53,892 [EndpointStateMachine task thread for /0.0.0.0:43955 - 0 ] INFO  server.GrpcService (GrpcService.java:startImpl(262)) - bb346dc9-524c-4b81-8ec9-e7d714560812: GrpcService started, listening on 37965
2023-01-26 20:30:53,892 [EndpointStateMachine task thread for /0.0.0.0:43955 - 0 ] INFO  ratis.XceiverServerRatis (XceiverServerRatis.java:getRealPort(543)) - XceiverServerRatis bb346dc9-524c-4b81-8ec9-e7d714560812 is started using port 37965 for RATIS
2023-01-26 20:30:53,892 [EndpointStateMachine task thread for /0.0.0.0:43955 - 0 ] INFO  ratis.XceiverServerRatis (XceiverServerRatis.java:getRealPort(543)) - XceiverServerRatis bb346dc9-524c-4b81-8ec9-e7d714560812 is started using port 37965 for RATIS_ADMIN
2023-01-26 20:30:53,892 [JvmPauseMonitor10] INFO  util.JvmPauseMonitor (JvmPauseMonitor.java:run(105)) - JvmPauseMonitor-bb346dc9-524c-4b81-8ec9-e7d714560812: Started
2023-01-26 20:30:53,892 [EndpointStateMachine task thread for /0.0.0.0:43955 - 0 ] INFO  ratis.XceiverServerRatis (XceiverServerRatis.java:getRealPort(543)) - XceiverServerRatis bb346dc9-524c-4b81-8ec9-e7d714560812 is started using port 37965 for RATIS_SERVER
2023-01-26 20:30:53,893 [EndpointStateMachine task thread for /0.0.0.0:43955 - 0 ] INFO  ratis.XceiverServerRatis (XceiverServerRatis.java:getRealPort(543)) - XceiverServerRatis bb346dc9-524c-4b81-8ec9-e7d714560812 is started using port 45079 for RATIS_DATASTREAM
2023-01-26 20:30:53,895 [EndpointStateMachine task thread for /0.0.0.0:43955 - 0 ] INFO  server.XceiverServerGrpc (XceiverServerGrpc.java:start(180)) - XceiverServerGrpc bb346dc9-524c-4b81-8ec9-e7d714560812 is started using port 46259
2023-01-26 20:30:54,578 [IPC Server handler 1 on default port 43955] INFO  net.NetworkTopologyImpl (NetworkTopologyImpl.java:add(112)) - Added a new node: /default-rack/33ea618b-d9cc-459d-a0c4-e4ecfab2c991
2023-01-26 20:30:54,578 [IPC Server handler 1 on default port 43955] INFO  node.SCMNodeManager (SCMNodeManager.java:register(397)) - Registered Data node : 33ea618b-d9cc-459d-a0c4-e4ecfab2c991{ip: 10.1.0.15, host: fv-az462-54.0zuljvm5d0yedf4jva4xayy4gc.gx.internal.cloudapp.net, ports: [REPLICATION=43509, RATIS=39387, RATIS_ADMIN=39387, RATIS_SERVER=39387, RATIS_DATASTREAM=39857, STANDALONE=38947], networkLocation: /default-rack, certSerialId: null, persistedOpState: null, persistedOpStateExpiryEpochSec: 0}
2023-01-26 20:30:54,582 [EventQueue-NodeRegistrationContainerReportForContainerSafeModeRule] INFO  safemode.SCMSafeModeManager (SCMSafeModeManager.java:validateSafeModeExitRules(200)) - ContainerSafeModeRule rule is successfully validated
2023-01-26 20:30:54,582 [EventQueue-NodeRegistrationContainerReportForDataNodeSafeModeRule] INFO  safemode.SCMSafeModeManager (DataNodeSafeModeRule.java:process(71)) - SCM in safe mode. 1 DataNodes registered, 3 required.
2023-01-26 20:30:54,585 [EventQueue-NewNodeForNewNodeHandler] INFO  pipeline.BackgroundPipelineCreator (BackgroundPipelineCreator.java:notifyEventTriggered(276)) - trigger a one-shot run on RatisPipelineUtilsThread.
2023-01-26 20:30:54,585 [EventQueue-PipelineReportForOneReplicaPipelineSafeModeRule] INFO  safemode.SCMSafeModeManager (SCMSafeModeManager.java:validateSafeModeExitRules(200)) - AtleastOneDatanodeReportedRule rule is successfully validated
2023-01-26 20:30:54,586 [RatisPipelineUtilsThread - 0] INFO  pipeline.RatisPipelineProvider (RatisPipelineProvider.java:lambda$create$0(206)) - Sending CreatePipelineCommand for pipeline:PipelineID=a4cb16c8-1361-45f5-848a-fbe4184240fc to datanode:33ea618b-d9cc-459d-a0c4-e4ecfab2c991
2023-01-26 20:30:54,586 [RatisPipelineUtilsThread - 0] INFO  pipeline.PipelineStateManagerImpl (PipelineStateManagerImpl.java:addPipeline(103)) - Created pipeline Pipeline[ Id: a4cb16c8-1361-45f5-848a-fbe4184240fc, Nodes: 33ea618b-d9cc-459d-a0c4-e4ecfab2c991(fv-az462-54.0zuljvm5d0yedf4jva4xayy4gc.gx.internal.cloudapp.net/10.1.0.15), ReplicationConfig: RATIS/ONE, State:ALLOCATED, leaderId:, CreationTimestamp2023-01-26T20:30:54.586Z[Etc/UTC]].
2023-01-26 20:30:54,859 [Listener at 127.0.0.1/37459] INFO  ozone.MiniOzoneClusterImpl (MiniOzoneClusterImpl.java:lambda$waitForClusterToBeReady$0(218)) - Waiting for nodes to be ready. Got 1 of 5 DN Heartbeats.
2023-01-26 20:30:54,859 [Listener at 127.0.0.1/37459] INFO  ozone.MiniOzoneClusterImpl (MiniOzoneClusterImpl.java:lambda$waitForClusterToBeReady$0(221)) - Waiting for cluster to exit safe mode
2023-01-26 20:30:54,859 [Listener at 127.0.0.1/37459] INFO  ozone.MiniOzoneClusterImpl (MiniOzoneClusterImpl.java:lambda$waitForClusterToBeReady$0(223)) - SCM became leader
2023-01-26 20:30:54,946 [IPC Server handler 2 on default port 43955] INFO  net.NetworkTopologyImpl (NetworkTopologyImpl.java:add(112)) - Added a new node: /default-rack/7e0f7051-7df6-4c7d-992e-efcf57e991e1
2023-01-26 20:30:54,946 [IPC Server handler 2 on default port 43955] INFO  node.SCMNodeManager (SCMNodeManager.java:register(397)) - Registered Data node : 7e0f7051-7df6-4c7d-992e-efcf57e991e1{ip: 10.1.0.15, host: fv-az462-54.0zuljvm5d0yedf4jva4xayy4gc.gx.internal.cloudapp.net, ports: [REPLICATION=43581, RATIS=44005, RATIS_ADMIN=44005, RATIS_SERVER=44005, RATIS_DATASTREAM=38183, STANDALONE=41951], networkLocation: /default-rack, certSerialId: null, persistedOpState: null, persistedOpStateExpiryEpochSec: 0}
2023-01-26 20:30:54,946 [EventQueue-NewNodeForNewNodeHandler] INFO  pipeline.BackgroundPipelineCreator (BackgroundPipelineCreator.java:notifyEventTriggered(276)) - trigger a one-shot run on RatisPipelineUtilsThread.
2023-01-26 20:30:54,947 [EventQueue-NodeRegistrationContainerReportForDataNodeSafeModeRule] INFO  safemode.SCMSafeModeManager (DataNodeSafeModeRule.java:process(71)) - SCM in safe mode. 2 DataNodes registered, 3 required.
2023-01-26 20:30:54,949 [RatisPipelineUtilsThread - 0] INFO  pipeline.RatisPipelineProvider (RatisPipelineProvider.java:lambda$create$0(206)) - Sending CreatePipelineCommand for pipeline:PipelineID=205a0ba4-f5a3-4d7f-aa13-f21455778337 to datanode:7e0f7051-7df6-4c7d-992e-efcf57e991e1
2023-01-26 20:30:54,949 [RatisPipelineUtilsThread - 0] INFO  pipeline.PipelineStateManagerImpl (PipelineStateManagerImpl.java:addPipeline(103)) - Created pipeline Pipeline[ Id: 205a0ba4-f5a3-4d7f-aa13-f21455778337, Nodes: 7e0f7051-7df6-4c7d-992e-efcf57e991e1(fv-az462-54.0zuljvm5d0yedf4jva4xayy4gc.gx.internal.cloudapp.net/10.1.0.15), ReplicationConfig: RATIS/ONE, State:ALLOCATED, leaderId:, CreationTimestamp2023-01-26T20:30:54.949Z[Etc/UTC]].
2023-01-26 20:30:55,255 [IPC Server handler 3 on default port 43955] INFO  net.NetworkTopologyImpl (NetworkTopologyImpl.java:add(112)) - Added a new node: /default-rack/f73d43d0-b19f-4135-8753-89f8dbf44938
2023-01-26 20:30:55,255 [IPC Server handler 3 on default port 43955] INFO  node.SCMNodeManager (SCMNodeManager.java:register(397)) - Registered Data node : f73d43d0-b19f-4135-8753-89f8dbf44938{ip: 10.1.0.15, host: fv-az462-54.0zuljvm5d0yedf4jva4xayy4gc.gx.internal.cloudapp.net, ports: [REPLICATION=42573, RATIS=40817, RATIS_ADMIN=40817, RATIS_SERVER=40817, RATIS_DATASTREAM=41077, STANDALONE=45049], networkLocation: /default-rack, certSerialId: null, persistedOpState: null, persistedOpStateExpiryEpochSec: 0}
2023-01-26 20:30:55,256 [EventQueue-NodeRegistrationContainerReportForDataNodeSafeModeRule] INFO  safemode.SCMSafeModeManager (DataNodeSafeModeRule.java:process(71)) - SCM in safe mode. 3 DataNodes registered, 3 required.
2023-01-26 20:30:55,256 [EventQueue-NodeRegistrationContainerReportForDataNodeSafeModeRule] INFO  safemode.SCMSafeModeManager (SCMSafeModeManager.java:validateSafeModeExitRules(200)) - DataNodeSafeModeRule rule is successfully validated
2023-01-26 20:30:55,256 [EventQueue-NodeRegistrationContainerReportForDataNodeSafeModeRule] INFO  safemode.SCMSafeModeManager (SCMSafeModeManager.java:completePreCheck(229)) - All SCM safe mode pre check rules have passed
2023-01-26 20:30:55,257 [EventQueue-NodeRegistrationContainerReportForDataNodeSafeModeRule] INFO  ha.SCMContext (SCMContext.java:updateSafeModeStatus(228)) - Update SafeModeStatus from SafeModeStatus{safeModeStatus=true, preCheckPassed=false} to SafeModeStatus{safeModeStatus=true, preCheckPassed=true}.
2023-01-26 20:30:55,257 [EventQueue-NodeRegistrationContainerReportForDataNodeSafeModeRule] INFO  pipeline.BackgroundPipelineCreator (BackgroundPipelineCreator.java:notifyEventTriggered(276)) - trigger a one-shot run on RatisPipelineUtilsThread.
2023-01-26 20:30:55,257 [EventQueue-NewNodeForNewNodeHandler] INFO  pipeline.BackgroundPipelineCreator (BackgroundPipelineCreator.java:notifyEventTriggered(276)) - trigger a one-shot run on RatisPipelineUtilsThread.
2023-01-26 20:30:55,257 [RatisPipelineUtilsThread - 0] INFO  pipeline.RatisPipelineProvider (RatisPipelineProvider.java:lambda$create$0(206)) - Sending CreatePipelineCommand for pipeline:PipelineID=c94d90e5-62af-4a23-966b-5eb2e6047a55 to datanode:f73d43d0-b19f-4135-8753-89f8dbf44938
2023-01-26 20:30:55,258 [RatisPipelineUtilsThread - 0] INFO  pipeline.PipelineStateManagerImpl (PipelineStateManagerImpl.java:addPipeline(103)) - Created pipeline Pipeline[ Id: c94d90e5-62af-4a23-966b-5eb2e6047a55, Nodes: f73d43d0-b19f-4135-8753-89f8dbf44938(fv-az462-54.0zuljvm5d0yedf4jva4xayy4gc.gx.internal.cloudapp.net/10.1.0.15), ReplicationConfig: RATIS/ONE, State:ALLOCATED, leaderId:, CreationTimestamp2023-01-26T20:30:55.257Z[Etc/UTC]].
2023-01-26 20:30:55,258 [RatisPipelineUtilsThread - 0] INFO  pipeline.RatisPipelineProvider (RatisPipelineProvider.java:lambda$create$0(206)) - Sending CreatePipelineCommand for pipeline:PipelineID=af9cd81b-d647-4be4-b219-32e0b9496391 to datanode:7e0f7051-7df6-4c7d-992e-efcf57e991e1
2023-01-26 20:30:55,258 [RatisPipelineUtilsThread - 0] INFO  pipeline.RatisPipelineProvider (RatisPipelineProvider.java:lambda$create$0(206)) - Sending CreatePipelineCommand for pipeline:PipelineID=af9cd81b-d647-4be4-b219-32e0b9496391 to datanode:33ea618b-d9cc-459d-a0c4-e4ecfab2c991
2023-01-26 20:30:55,258 [RatisPipelineUtilsThread - 0] INFO  pipeline.RatisPipelineProvider (RatisPipelineProvider.java:lambda$create$0(206)) - Sending CreatePipelineCommand for pipeline:PipelineID=af9cd81b-d647-4be4-b219-32e0b9496391 to datanode:f73d43d0-b19f-4135-8753-89f8dbf44938
2023-01-26 20:30:55,259 [RatisPipelineUtilsThread - 0] INFO  pipeline.PipelineStateManagerImpl (PipelineStateManagerImpl.java:addPipeline(103)) - Created pipeline Pipeline[ Id: af9cd81b-d647-4be4-b219-32e0b9496391, Nodes: 7e0f7051-7df6-4c7d-992e-efcf57e991e1(fv-az462-54.0zuljvm5d0yedf4jva4xayy4gc.gx.internal.cloudapp.net/10.1.0.15)33ea618b-d9cc-459d-a0c4-e4ecfab2c991(fv-az462-54.0zuljvm5d0yedf4jva4xayy4gc.gx.internal.cloudapp.net/10.1.0.15)f73d43d0-b19f-4135-8753-89f8dbf44938(fv-az462-54.0zuljvm5d0yedf4jva4xayy4gc.gx.internal.cloudapp.net/10.1.0.15), ReplicationConfig: RATIS/THREE, State:ALLOCATED, leaderId:, CreationTimestamp2023-01-26T20:30:55.258Z[Etc/UTC]].
2023-01-26 20:30:55,259 [RatisPipelineUtilsThread - 0] INFO  pipeline.RatisPipelineProvider (RatisPipelineProvider.java:lambda$create$0(206)) - Sending CreatePipelineCommand for pipeline:PipelineID=ab16cabc-b199-41c2-a545-e6729a0fa6af to datanode:f73d43d0-b19f-4135-8753-89f8dbf44938
2023-01-26 20:30:55,259 [RatisPipelineUtilsThread - 0] INFO  pipeline.RatisPipelineProvider (RatisPipelineProvider.java:lambda$create$0(206)) - Sending CreatePipelineCommand for pipeline:PipelineID=ab16cabc-b199-41c2-a545-e6729a0fa6af to datanode:33ea618b-d9cc-459d-a0c4-e4ecfab2c991
2023-01-26 20:30:55,259 [RatisPipelineUtilsThread - 0] INFO  pipeline.RatisPipelineProvider (RatisPipelineProvider.java:lambda$create$0(206)) - Sending CreatePipelineCommand for pipeline:PipelineID=ab16cabc-b199-41c2-a545-e6729a0fa6af to datanode:7e0f7051-7df6-4c7d-992e-efcf57e991e1
2023-01-26 20:30:55,260 [RatisPipelineUtilsThread - 0] INFO  pipeline.PipelineStateManagerImpl (PipelineStateManagerImpl.java:addPipeline(103)) - Created pipeline Pipeline[ Id: ab16cabc-b199-41c2-a545-e6729a0fa6af, Nodes: f73d43d0-b19f-4135-8753-89f8dbf44938(fv-az462-54.0zuljvm5d0yedf4jva4xayy4gc.gx.internal.cloudapp.net/10.1.0.15)33ea618b-d9cc-459d-a0c4-e4ecfab2c991(fv-az462-54.0zuljvm5d0yedf4jva4xayy4gc.gx.internal.cloudapp.net/10.1.0.15)7e0f7051-7df6-4c7d-992e-efcf57e991e1(fv-az462-54.0zuljvm5d0yedf4jva4xayy4gc.gx.internal.cloudapp.net/10.1.0.15), ReplicationConfig: RATIS/THREE, State:ALLOCATED, leaderId:, CreationTimestamp2023-01-26T20:30:55.259Z[Etc/UTC]].
2023-01-26 20:30:55,260 [RatisPipelineUtilsThread - 0] INFO  pipeline.PipelineManagerImpl (PipelineManagerImpl.java:recordMetricsForPipeline(826)) - Pipeline: PipelineID=ab16cabc-b199-41c2-a545-e6729a0fa6af contains same datanodes as previous pipelines: PipelineID=af9cd81b-d647-4be4-b219-32e0b9496391 nodeIds: f73d43d0-b19f-4135-8753-89f8dbf44938, 33ea618b-d9cc-459d-a0c4-e4ecfab2c991, 7e0f7051-7df6-4c7d-992e-efcf57e991e1
2023-01-26 20:30:55,261 [RatisPipelineUtilsThread - 0] WARN  pipeline.PipelinePlacementPolicy (PipelinePlacementPolicy.java:filterViableNodes(158)) - Pipeline creation failed due to no sufficient healthy datanodes. Required 3. Found 0.
2023-01-26 20:30:55,569 [IPC Server handler 0 on default port 43955] INFO  net.NetworkTopologyImpl (NetworkTopologyImpl.java:add(112)) - Added a new node: /default-rack/d4171a40-eb60-4a1e-8628-4f14234272fd
2023-01-26 20:30:55,569 [IPC Server handler 0 on default port 43955] INFO  node.SCMNodeManager (SCMNodeManager.java:register(397)) - Registered Data node : d4171a40-eb60-4a1e-8628-4f14234272fd{ip: 10.1.0.15, host: fv-az462-54.0zuljvm5d0yedf4jva4xayy4gc.gx.internal.cloudapp.net, ports: [REPLICATION=41185, RATIS=33969, RATIS_ADMIN=33969, RATIS_SERVER=33969, RATIS_DATASTREAM=38051, STANDALONE=36421], networkLocation: /default-rack, certSerialId: null, persistedOpState: null, persistedOpStateExpiryEpochSec: 0}
2023-01-26 20:30:55,570 [EventQueue-NewNodeForNewNodeHandler] INFO  pipeline.BackgroundPipelineCreator (BackgroundPipelineCreator.java:notifyEventTriggered(276)) - trigger a one-shot run on RatisPipelineUtilsThread.
2023-01-26 20:30:55,570 [RatisPipelineUtilsThread - 0] INFO  pipeline.RatisPipelineProvider (RatisPipelineProvider.java:lambda$create$0(206)) - Sending CreatePipelineCommand for pipeline:PipelineID=fc19890e-1a1a-4859-8a16-611312c51a6e to datanode:d4171a40-eb60-4a1e-8628-4f14234272fd
2023-01-26 20:30:55,571 [RatisPipelineUtilsThread - 0] INFO  pipeline.PipelineStateManagerImpl (PipelineStateManagerImpl.java:addPipeline(103)) - Created pipeline Pipeline[ Id: fc19890e-1a1a-4859-8a16-611312c51a6e, Nodes: d4171a40-eb60-4a1e-8628-4f14234272fd(fv-az462-54.0zuljvm5d0yedf4jva4xayy4gc.gx.internal.cloudapp.net/10.1.0.15), ReplicationConfig: RATIS/ONE, State:ALLOCATED, leaderId:, CreationTimestamp2023-01-26T20:30:55.570Z[Etc/UTC]].
2023-01-26 20:30:55,572 [RatisPipelineUtilsThread - 0] WARN  pipeline.PipelinePlacementPolicy (PipelinePlacementPolicy.java:filterViableNodes(158)) - Pipeline creation failed due to no sufficient healthy datanodes. Required 3. Found 1.
2023-01-26 20:30:55,860 [Listener at 127.0.0.1/37459] INFO  ozone.MiniOzoneClusterImpl (MiniOzoneClusterImpl.java:lambda$waitForClusterToBeReady$0(218)) - Waiting for nodes to be ready. Got 4 of 5 DN Heartbeats.
2023-01-26 20:30:55,860 [Listener at 127.0.0.1/37459] INFO  ozone.MiniOzoneClusterImpl (MiniOzoneClusterImpl.java:lambda$waitForClusterToBeReady$0(221)) - Waiting for cluster to exit safe mode
2023-01-26 20:30:55,860 [Listener at 127.0.0.1/37459] INFO  ozone.MiniOzoneClusterImpl (MiniOzoneClusterImpl.java:lambda$waitForClusterToBeReady$0(223)) - SCM became leader
2023-01-26 20:30:55,861 [IPC Server handler 2 on default port 43955] INFO  net.NetworkTopologyImpl (NetworkTopologyImpl.java:add(112)) - Added a new node: /default-rack/bb346dc9-524c-4b81-8ec9-e7d714560812
2023-01-26 20:30:55,861 [IPC Server handler 2 on default port 43955] INFO  node.SCMNodeManager (SCMNodeManager.java:register(397)) - Registered Data node : bb346dc9-524c-4b81-8ec9-e7d714560812{ip: 10.1.0.15, host: fv-az462-54.0zuljvm5d0yedf4jva4xayy4gc.gx.internal.cloudapp.net, ports: [REPLICATION=41581, RATIS=37965, RATIS_ADMIN=37965, RATIS_SERVER=37965, RATIS_DATASTREAM=45079, STANDALONE=46259], networkLocation: /default-rack, certSerialId: null, persistedOpState: null, persistedOpStateExpiryEpochSec: 0}
2023-01-26 20:30:55,861 [EventQueue-NewNodeForNewNodeHandler] INFO  pipeline.BackgroundPipelineCreator (BackgroundPipelineCreator.java:notifyEventTriggered(276)) - trigger a one-shot run on RatisPipelineUtilsThread.
2023-01-26 20:30:55,862 [RatisPipelineUtilsThread - 0] INFO  pipeline.RatisPipelineProvider (RatisPipelineProvider.java:lambda$create$0(206)) - Sending CreatePipelineCommand for pipeline:PipelineID=43002f57-0977-456a-8b73-ba2aa9b17141 to datanode:bb346dc9-524c-4b81-8ec9-e7d714560812
2023-01-26 20:30:55,862 [RatisPipelineUtilsThread - 0] INFO  pipeline.PipelineStateManagerImpl (PipelineStateManagerImpl.java:addPipeline(103)) - Created pipeline Pipeline[ Id: 43002f57-0977-456a-8b73-ba2aa9b17141, Nodes: bb346dc9-524c-4b81-8ec9-e7d714560812(fv-az462-54.0zuljvm5d0yedf4jva4xayy4gc.gx.internal.cloudapp.net/10.1.0.15), ReplicationConfig: RATIS/ONE, State:ALLOCATED, leaderId:, CreationTimestamp2023-01-26T20:30:55.862Z[Etc/UTC]].
2023-01-26 20:30:55,863 [RatisPipelineUtilsThread - 0] WARN  pipeline.PipelinePlacementPolicy (PipelinePlacementPolicy.java:filterViableNodes(158)) - Pipeline creation failed due to no sufficient healthy datanodes. Required 3. Found 2.
2023-01-26 20:30:56,860 [Listener at 127.0.0.1/37459] INFO  ozone.MiniOzoneClusterImpl (MiniOzoneClusterImpl.java:lambda$waitForClusterToBeReady$0(218)) - Nodes are ready. Got 5 of 5 DN Heartbeats.
2023-01-26 20:30:56,861 [Listener at 127.0.0.1/37459] INFO  ozone.MiniOzoneClusterImpl (MiniOzoneClusterImpl.java:lambda$waitForClusterToBeReady$0(221)) - Waiting for cluster to exit safe mode
2023-01-26 20:30:56,861 [Listener at 127.0.0.1/37459] INFO  ozone.MiniOzoneClusterImpl (MiniOzoneClusterImpl.java:lambda$waitForClusterToBeReady$0(223)) - SCM became leader
2023-01-26 20:30:57,578 [Command processor thread] INFO  server.RaftServer (RaftServerProxy.java:addNew(96)) - 33ea618b-d9cc-459d-a0c4-e4ecfab2c991: addNew group-FBE4184240FC:[33ea618b-d9cc-459d-a0c4-e4ecfab2c991|rpc:10.1.0.15:39387|dataStream:10.1.0.15:39857|priority:1|startupRole:FOLLOWER] returns group-FBE4184240FC:java.util.concurrent.CompletableFuture@585d4e64[Not completed]
2023-01-26 20:30:57,580 [pool-271-thread-1] INFO  server.RaftServer$Division (RaftServerImpl.java:<init>(195)) - 33ea618b-d9cc-459d-a0c4-e4ecfab2c991: new RaftServerImpl for group-FBE4184240FC:[33ea618b-d9cc-459d-a0c4-e4ecfab2c991|rpc:10.1.0.15:39387|dataStream:10.1.0.15:39857|priority:1|startupRole:FOLLOWER] with ContainerStateMachine:uninitialized
2023-01-26 20:30:57,580 [pool-271-thread-1] INFO  server.RaftServerConfigKeys (ConfUtils.java:logGet(46)) - raft.server.rpc.timeout.min = 5s (custom)
2023-01-26 20:30:57,580 [pool-271-thread-1] INFO  server.RaftServerConfigKeys (ConfUtils.java:logGet(46)) - raft.server.rpc.timeout.max = 5200ms (custom)
2023-01-26 20:30:57,580 [pool-271-thread-1] INFO  server.RaftServerConfigKeys (ConfUtils.java:logGet(46)) - raft.server.rpc.sleep.time = 25ms (default)
2023-01-26 20:30:57,580 [pool-271-thread-1] INFO  server.RaftServerConfigKeys (ConfUtils.java:logGet(46)) - raft.server.rpc.slowness.timeout = 300s (custom)
2023-01-26 20:30:57,580 [pool-271-thread-1] INFO  server.RaftServerConfigKeys (ConfUtils.java:logGet(46)) - raft.server.leaderelection.leader.step-down.wait-time = 10s (default)
2023-01-26 20:30:57,580 [pool-271-thread-1] INFO  server.RaftServerConfigKeys (ConfUtils.java:logGet(46)) - raft.server.sleep.deviation.threshold = 300ms (default)
2023-01-26 20:30:57,580 [pool-271-thread-1] INFO  server.RaftServer$Division (ServerState.java:<init>(118)) - 33ea618b-d9cc-459d-a0c4-e4ecfab2c991@group-FBE4184240FC: ConfigurationManager, init=-1: peers:[33ea618b-d9cc-459d-a0c4-e4ecfab2c991|rpc:10.1.0.15:39387|dataStream:10.1.0.15:39857|priority:1|startupRole:FOLLOWER]|listeners:[], old=null, confs=<EMPTY_MAP>
2023-01-26 20:30:57,580 [pool-271-thread-1] INFO  server.RaftServerConfigKeys (ConfUtils.java:logGet(46)) - raft.server.storage.dir = [/home/runner/work/ozone/ozone/hadoop-ozone/integration-test/target/test-dir/MiniOzoneClusterImpl-83fec8cd-5b22-4757-ae00-8ce138a916fc/datanode-0/data/ratis] (custom)
2023-01-26 20:30:57,580 [pool-271-thread-1] INFO  server.RaftServerConfigKeys (ConfUtils.java:logGet(46)) - raft.server.log.corruption.policy = EXCEPTION (default)
2023-01-26 20:30:57,580 [pool-271-thread-1] INFO  server.RaftServerConfigKeys (ConfUtils.java:logGet(46)) - raft.server.storage.free-space.min = 0MB (=0) (default)
2023-01-26 20:30:57,580 [pool-271-thread-1] INFO  server.RaftServerConfigKeys (ConfUtils.java:logGet(46)) - raft.server.notification.no-leader.timeout = 300s (custom)
2023-01-26 20:30:57,581 [pool-271-thread-1] INFO  server.RaftServerConfigKeys (ConfUtils.java:logGet(46)) - raft.server.retrycache.expirytime = 600000ms (custom)
2023-01-26 20:30:57,581 [pool-271-thread-1] INFO  server.RaftServerConfigKeys (ConfUtils.java:logGet(46)) - raft.server.retrycache.statistics.expirytime = 100μs (default)
2023-01-26 20:30:57,581 [pool-271-thread-1] INFO  server.RaftServerConfigKeys (ConfUtils.java:logGet(46)) - raft.server.log.appender.install.snapshot.enabled = false (custom)
2023-01-26 20:30:57,581 [pool-271-thread-1] INFO  server.RaftServerConfigKeys (ConfUtils.java:logGet(46)) - raft.server.threadpool.server.cached = true (default)
2023-01-26 20:30:57,581 [pool-271-thread-1] INFO  server.RaftServerConfigKeys (ConfUtils.java:logGet(46)) - raft.server.threadpool.server.size = 0 (default)
2023-01-26 20:30:57,582 [pool-271-thread-1] INFO  server.RaftServerConfigKeys (ConfUtils.java:logGet(46)) - raft.server.threadpool.client.cached = true (default)
2023-01-26 20:30:57,582 [pool-271-thread-1] INFO  server.RaftServerConfigKeys (ConfUtils.java:logGet(46)) - raft.server.threadpool.client.size = 0 (default)
2023-01-26 20:30:57,582 [pool-271-thread-1] INFO  storage.RaftStorageDirectory (RaftStorageDirectoryImpl.java:analyzeStorage(137)) - The storage directory /home/runner/work/ozone/ozone/hadoop-ozone/integration-test/target/test-dir/MiniOzoneClusterImpl-83fec8cd-5b22-4757-ae00-8ce138a916fc/datanode-0/data/ratis/a4cb16c8-1361-45f5-848a-fbe4184240fc does not exist. Creating ...
2023-01-26 20:30:57,583 [pool-271-thread-1] INFO  storage.RaftStorageDirectory (RaftStorageDirectoryImpl.java:tryLock(231)) - Lock on /home/runner/work/ozone/ozone/hadoop-ozone/integration-test/target/test-dir/MiniOzoneClusterImpl-83fec8cd-5b22-4757-ae00-8ce138a916fc/datanode-0/data/ratis/a4cb16c8-1361-45f5-848a-fbe4184240fc/in_use.lock acquired by nodename 10488@fv-az462-54
2023-01-26 20:30:57,584 [pool-271-thread-1] INFO  storage.RaftStorage (RaftStorageImpl.java:format(96)) - Storage directory /home/runner/work/ozone/ozone/hadoop-ozone/integration-test/target/test-dir/MiniOzoneClusterImpl-83fec8cd-5b22-4757-ae00-8ce138a916fc/datanode-0/data/ratis/a4cb16c8-1361-45f5-848a-fbe4184240fc has been successfully formatted.
2023-01-26 20:30:57,585 [pool-271-thread-1] INFO  ratis.ContainerStateMachine (ContainerStateMachine.java:loadSnapshot(240)) - group-FBE4184240FC: The snapshot info is null. Setting the last applied indexto:(t:0, i:~)
2023-01-26 20:30:57,585 [pool-271-thread-1] INFO  server.RaftServerConfigKeys (ConfUtils.java:logGet(46)) - raft.server.log.use.memory = false (default)
2023-01-26 20:30:57,585 [pool-271-thread-1] INFO  server.RaftServerConfigKeys (ConfUtils.java:logGet(46)) - raft.server.log.purge.gap = 1000000 (custom)
2023-01-26 20:30:57,585 [pool-271-thread-1] INFO  server.RaftServerConfigKeys (ConfUtils.java:logGet(46)) - raft.server.log.appender.buffer.byte-limit = 33554432 (custom)
2023-01-26 20:30:57,585 [pool-271-thread-1] INFO  server.RaftServerConfigKeys (ConfUtils.java:logGet(46)) - raft.server.log.statemachine.data.read.timeout = 1000ms (default)
2023-01-26 20:30:57,585 [pool-271-thread-1] INFO  server.RaftServerConfigKeys (ConfUtils.java:logGet(46)) - raft.server.log.purge.preservation.log.num = 0 (default)
2023-01-26 20:30:57,585 [pool-271-thread-1] INFO  server.RaftServerConfigKeys (ConfUtils.java:logGet(46)) - raft.server.log.segment.size.max = 1048576 (custom)
2023-01-26 20:30:57,586 [pool-271-thread-1] INFO  server.RaftServerConfigKeys (ConfUtils.java:logGet(46)) - raft.server.log.segment.cache.num.max = 2 (custom)
2023-01-26 20:30:57,586 [pool-271-thread-1] INFO  server.RaftServerConfigKeys (ConfUtils.java:logGet(46)) - raft.server.log.segment.cache.size.max = 200MB (=209715200) (default)
2023-01-26 20:30:57,586 [pool-271-thread-1] INFO  segmented.SegmentedRaftLogWorker (SegmentedRaftLogWorker.java:<init>(189)) - new 33ea618b-d9cc-459d-a0c4-e4ecfab2c991@group-FBE4184240FC-SegmentedRaftLogWorker for RaftStorageImpl:Storage Directory /home/runner/work/ozone/ozone/hadoop-ozone/integration-test/target/test-dir/MiniOzoneClusterImpl-83fec8cd-5b22-4757-ae00-8ce138a916fc/datanode-0/data/ratis/a4cb16c8-1361-45f5-848a-fbe4184240fc
2023-01-26 20:30:57,586 [pool-271-thread-1] INFO  server.RaftServerConfigKeys (ConfUtils.java:logGet(46)) - raft.server.log.queue.byte-limit = 4294967296 (custom)
2023-01-26 20:30:57,586 [pool-271-thread-1] INFO  server.RaftServerConfigKeys (ConfUtils.java:logGet(46)) - raft.server.log.queue.element-limit = 1024 (custom)
2023-01-26 20:30:57,586 [EventQueue-PipelineReportForPipelineReportHandler] INFO  pipeline.PipelineManagerImpl (PipelineManagerImpl.java:openPipeline(367)) - Pipeline Pipeline[ Id: a4cb16c8-1361-45f5-848a-fbe4184240fc, Nodes: 33ea618b-d9cc-459d-a0c4-e4ecfab2c991(fv-az462-54.0zuljvm5d0yedf4jva4xayy4gc.gx.internal.cloudapp.net/10.1.0.15), ReplicationConfig: RATIS/ONE, State:ALLOCATED, leaderId:33ea618b-d9cc-459d-a0c4-e4ecfab2c991, CreationTimestamp2023-01-26T20:30:54.586Z[Etc/UTC]] moved to OPEN state
2023-01-26 20:30:57,586 [pool-271-thread-1] INFO  server.RaftServerConfigKeys (ConfUtils.java:logGet(46)) - raft.server.log.segment.size.max = 1048576 (custom)
2023-01-26 20:30:57,586 [pool-271-thread-1] INFO  server.RaftServerConfigKeys (ConfUtils.java:logGet(46)) - raft.server.log.preallocated.size = 16384 (custom)
2023-01-26 20:30:57,586 [pool-271-thread-1] INFO  server.RaftServerConfigKeys (ConfUtils.java:logGet(46)) - raft.server.log.force.sync.num = 128 (default)
2023-01-26 20:30:57,586 [pool-271-thread-1] INFO  server.RaftServerConfigKeys (ConfUtils.java:logGet(46)) - raft.server.log.statemachine.data.sync = true (default)
2023-01-26 20:30:57,586 [pool-271-thread-1] INFO  server.RaftServerConfigKeys (ConfUtils.java:logGet(46)) - raft.server.log.statemachine.data.sync.timeout = 10s (default)
2023-01-26 20:30:57,586 [pool-271-thread-1] INFO  server.RaftServerConfigKeys (ConfUtils.java:logGet(46)) - raft.server.log.statemachine.data.sync.timeout.retry = -1 (default)
2023-01-26 20:30:57,588 [EventQueue-OpenPipelineForHealthyPipelineSafeModeRule] INFO  safemode.SCMSafeModeManager (HealthyPipelineSafeModeRule.java:process(137)) - SCM in safe mode. Healthy pipelines reported count is 0, required healthy pipeline reported count is 1
2023-01-26 20:30:57,589 [pool-271-thread-1] INFO  server.RaftServerConfigKeys (ConfUtils.java:logGet(46)) - raft.server.log.write.buffer.size = 1048576 (custom)
2023-01-26 20:30:57,589 [pool-271-thread-1] INFO  server.RaftServerConfigKeys (ConfUtils.java:logGet(46)) - raft.server.log.appender.buffer.byte-limit = 33554432 (custom)
2023-01-26 20:30:57,594 [pool-271-thread-1] INFO  server.RaftServerConfigKeys (ConfUtils.java:logGet(46)) - raft.server.log.unsafe-flush.enabled = false (default)
2023-01-26 20:30:57,594 [pool-271-thread-1] INFO  server.RaftServerConfigKeys (ConfUtils.java:logGet(46)) - raft.server.log.async-flush.enabled = false (default)
2023-01-26 20:30:57,594 [pool-271-thread-1] INFO  server.RaftServerConfigKeys (ConfUtils.java:logGet(46)) - raft.server.log.statemachine.data.caching.enabled = true (custom)
2023-01-26 20:30:57,595 [pool-271-thread-1] INFO  segmented.SegmentedRaftLogWorker (SegmentedRaftLogWorker.java:lambda$new$0(135)) - 33ea618b-d9cc-459d-a0c4-e4ecfab2c991@group-FBE4184240FC-SegmentedRaftLogWorker: flushIndex: setUnconditionally 0 -> -1
2023-01-26 20:30:57,595 [pool-271-thread-1] INFO  segmented.SegmentedRaftLogWorker (SegmentedRaftLogWorker.java:lambda$new$0(135)) - 33ea618b-d9cc-459d-a0c4-e4ecfab2c991@group-FBE4184240FC-SegmentedRaftLogWorker: safeCacheEvictIndex: setUnconditionally 0 -> -1
2023-01-26 20:30:57,596 [pool-271-thread-1] INFO  server.RaftServer$Division (RaftServerImpl.java:start(334)) - 33ea618b-d9cc-459d-a0c4-e4ecfab2c991@group-FBE4184240FC: start as a follower, conf=-1: peers:[33ea618b-d9cc-459d-a0c4-e4ecfab2c991|rpc:10.1.0.15:39387|dataStream:10.1.0.15:39857|priority:1|startupRole:FOLLOWER]|listeners:[], old=null
2023-01-26 20:30:57,596 [pool-271-thread-1] INFO  server.RaftServer$Division (RaftServerImpl.java:setRole(321)) - 33ea618b-d9cc-459d-a0c4-e4ecfab2c991@group-FBE4184240FC: changes role from      null to FOLLOWER at term 0 for startAsFollower
2023-01-26 20:30:57,596 [pool-271-thread-1] INFO  impl.RoleInfo (RoleInfo.java:updateAndGet(139)) - 33ea618b-d9cc-459d-a0c4-e4ecfab2c991: start 33ea618b-d9cc-459d-a0c4-e4ecfab2c991@group-FBE4184240FC-FollowerState
2023-01-26 20:30:57,598 [pool-271-thread-1] INFO  util.JmxRegister (JmxRegister.java:tryRegister(44)) - Successfully registered JMX Bean with object name Ratis:service=RaftServer,group=group-FBE4184240FC,id=33ea618b-d9cc-459d-a0c4-e4ecfab2c991
2023-01-26 20:30:57,598 [pool-271-thread-1] INFO  server.RaftServerConfigKeys (ConfUtils.java:logGet(46)) - raft.server.snapshot.auto.trigger.enabled = true (custom)
2023-01-26 20:30:57,598 [pool-271-thread-1] INFO  server.RaftServerConfigKeys (ConfUtils.java:logGet(46)) - raft.server.snapshot.auto.trigger.threshold = 10000 (custom)
2023-01-26 20:30:57,598 [pool-271-thread-1] INFO  server.RaftServerConfigKeys (ConfUtils.java:logGet(46)) - raft.server.snapshot.retention.file.num = 5 (custom)
2023-01-26 20:30:57,598 [pool-271-thread-1] INFO  server.RaftServerConfigKeys (ConfUtils.java:logGet(46)) - raft.server.log.purge.upto.snapshot.index = false (default)
2023-01-26 20:30:57,599 [33ea618b-d9cc-459d-a0c4-e4ecfab2c991@group-FBE4184240FC-FollowerState] INFO  server.RaftServerConfigKeys (ConfUtils.java:logFallback(53)) - raft.server.rpc.first-election.timeout.min = 5s (fallback to raft.server.rpc.timeout.min)
2023-01-26 20:30:57,599 [33ea618b-d9cc-459d-a0c4-e4ecfab2c991@group-FBE4184240FC-FollowerState] INFO  server.RaftServerConfigKeys (ConfUtils.java:logFallback(53)) - raft.server.rpc.first-election.timeout.max = 5200ms (fallback to raft.server.rpc.timeout.max)
2023-01-26 20:30:57,602 [Command processor thread] INFO  ratis.XceiverServerRatis (XceiverServerRatis.java:addGroup(806)) - Created group PipelineID=a4cb16c8-1361-45f5-848a-fbe4184240fc
2023-01-26 20:30:57,602 [Command processor thread] INFO  commandhandler.CreatePipelineCommandHandler (CreatePipelineCommandHandler.java:handle(113)) - Created Pipeline RATIS ONE PipelineID=a4cb16c8-1361-45f5-848a-fbe4184240fc.
2023-01-26 20:30:57,603 [Command processor thread] INFO  server.RaftServer (RaftServerProxy.java:addNew(96)) - 33ea618b-d9cc-459d-a0c4-e4ecfab2c991: addNew group-32E0B9496391:[33ea618b-d9cc-459d-a0c4-e4ecfab2c991|rpc:10.1.0.15:39387|dataStream:10.1.0.15:39857|priority:0|startupRole:FOLLOWER, f73d43d0-b19f-4135-8753-89f8dbf44938|rpc:10.1.0.15:40817|dataStream:10.1.0.15:41077|priority:1|startupRole:FOLLOWER, 7e0f7051-7df6-4c7d-992e-efcf57e991e1|rpc:10.1.0.15:44005|dataStream:10.1.0.15:38183|priority:0|startupRole:FOLLOWER] returns group-32E0B9496391:java.util.concurrent.CompletableFuture@5c62d1b7[Not completed]
2023-01-26 20:30:57,604 [pool-271-thread-1] INFO  server.RaftServer$Division (RaftServerImpl.java:<init>(195)) - 33ea618b-d9cc-459d-a0c4-e4ecfab2c991: new RaftServerImpl for group-32E0B9496391:[33ea618b-d9cc-459d-a0c4-e4ecfab2c991|rpc:10.1.0.15:39387|dataStream:10.1.0.15:39857|priority:0|startupRole:FOLLOWER, f73d43d0-b19f-4135-8753-89f8dbf44938|rpc:10.1.0.15:40817|dataStream:10.1.0.15:41077|priority:1|startupRole:FOLLOWER, 7e0f7051-7df6-4c7d-992e-efcf57e991e1|rpc:10.1.0.15:44005|dataStream:10.1.0.15:38183|priority:0|startupRole:FOLLOWER] with ContainerStateMachine:uninitialized
2023-01-26 20:30:57,604 [pool-271-thread-1] INFO  server.RaftServerConfigKeys (ConfUtils.java:logGet(46)) - raft.server.rpc.timeout.min = 5s (custom)
2023-01-26 20:30:57,604 [pool-271-thread-1] INFO  server.RaftServerConfigKeys (ConfUtils.java:logGet(46)) - raft.server.rpc.timeout.max = 5200ms (custom)
2023-01-26 20:30:57,604 [pool-271-thread-1] INFO  server.RaftServerConfigKeys (ConfUtils.java:logGet(46)) - raft.server.rpc.sleep.time = 25ms (default)
2023-01-26 20:30:57,604 [pool-271-thread-1] INFO  server.RaftServerConfigKeys (ConfUtils.java:logGet(46)) - raft.server.rpc.slowness.timeout = 300s (custom)
2023-01-26 20:30:57,604 [pool-271-thread-1] INFO  server.RaftServerConfigKeys (ConfUtils.java:logGet(46)) - raft.server.leaderelection.leader.step-down.wait-time = 10s (default)
2023-01-26 20:30:57,604 [pool-271-thread-1] INFO  server.RaftServerConfigKeys (ConfUtils.java:logGet(46)) - raft.server.sleep.deviation.threshold = 300ms (default)
2023-01-26 20:30:57,604 [pool-271-thread-1] INFO  server.RaftServer$Division (ServerState.java:<init>(118)) - 33ea618b-d9cc-459d-a0c4-e4ecfab2c991@group-32E0B9496391: ConfigurationManager, init=-1: peers:[33ea618b-d9cc-459d-a0c4-e4ecfab2c991|rpc:10.1.0.15:39387|dataStream:10.1.0.15:39857|priority:0|startupRole:FOLLOWER, f73d43d0-b19f-4135-8753-89f8dbf44938|rpc:10.1.0.15:40817|dataStream:10.1.0.15:41077|priority:1|startupRole:FOLLOWER, 7e0f7051-7df6-4c7d-992e-efcf57e991e1|rpc:10.1.0.15:44005|dataStream:10.1.0.15:38183|priority:0|startupRole:FOLLOWER]|listeners:[], old=null, confs=<EMPTY_MAP>
2023-01-26 20:30:57,604 [pool-271-thread-1] INFO  server.RaftServerConfigKeys (ConfUtils.java:logGet(46)) - raft.server.storage.dir = [/home/runner/work/ozone/ozone/hadoop-ozone/integration-test/target/test-dir/MiniOzoneClusterImpl-83fec8cd-5b22-4757-ae00-8ce138a916fc/datanode-0/data/ratis] (custom)
2023-01-26 20:30:57,604 [pool-271-thread-1] INFO  server.RaftServerConfigKeys (ConfUtils.java:logGet(46)) - raft.server.log.corruption.policy = EXCEPTION (default)
2023-01-26 20:30:57,604 [pool-271-thread-1] INFO  server.RaftServerConfigKeys (ConfUtils.java:logGet(46)) - raft.server.storage.free-space.min = 0MB (=0) (default)
2023-01-26 20:30:57,604 [pool-271-thread-1] INFO  server.RaftServerConfigKeys (ConfUtils.java:logGet(46)) - raft.server.notification.no-leader.timeout = 300s (custom)
2023-01-26 20:30:57,604 [pool-271-thread-1] INFO  server.RaftServerConfigKeys (ConfUtils.java:logGet(46)) - raft.server.retrycache.expirytime = 600000ms (custom)
2023-01-26 20:30:57,604 [pool-271-thread-1] INFO  server.RaftServerConfigKeys (ConfUtils.java:logGet(46)) - raft.server.retrycache.statistics.expirytime = 100μs (default)
2023-01-26 20:30:57,605 [pool-271-thread-1] INFO  server.RaftServerConfigKeys (ConfUtils.java:logGet(46)) - raft.server.log.appender.install.snapshot.enabled = false (custom)
2023-01-26 20:30:57,605 [pool-271-thread-1] INFO  server.RaftServerConfigKeys (ConfUtils.java:logGet(46)) - raft.server.threadpool.server.cached = true (default)
2023-01-26 20:30:57,605 [pool-271-thread-1] INFO  server.RaftServerConfigKeys (ConfUtils.java:logGet(46)) - raft.server.threadpool.server.size = 0 (default)
2023-01-26 20:30:57,605 [pool-271-thread-1] INFO  server.RaftServerConfigKeys (ConfUtils.java:logGet(46)) - raft.server.threadpool.client.cached = true (default)
2023-01-26 20:30:57,605 [pool-271-thread-1] INFO  server.RaftServerConfigKeys (ConfUtils.java:logGet(46)) - raft.server.threadpool.client.size = 0 (default)
2023-01-26 20:30:57,605 [pool-271-thread-1] INFO  storage.RaftStorageDirectory (RaftStorageDirectoryImpl.java:analyzeStorage(137)) - The storage directory /home/runner/work/ozone/ozone/hadoop-ozone/integration-test/target/test-dir/MiniOzoneClusterImpl-83fec8cd-5b22-4757-ae00-8ce138a916fc/datanode-0/data/ratis/af9cd81b-d647-4be4-b219-32e0b9496391 does not exist. Creating ...
2023-01-26 20:30:57,606 [pool-271-thread-1] INFO  storage.RaftStorageDirectory (RaftStorageDirectoryImpl.java:tryLock(231)) - Lock on /home/runner/work/ozone/ozone/hadoop-ozone/integration-test/target/test-dir/MiniOzoneClusterImpl-83fec8cd-5b22-4757-ae00-8ce138a916fc/datanode-0/data/ratis/af9cd81b-d647-4be4-b219-32e0b9496391/in_use.lock acquired by nodename 10488@fv-az462-54
2023-01-26 20:30:57,607 [pool-271-thread-1] INFO  storage.RaftStorage (RaftStorageImpl.java:format(96)) - Storage directory /home/runner/work/ozone/ozone/hadoop-ozone/integration-test/target/test-dir/MiniOzoneClusterImpl-83fec8cd-5b22-4757-ae00-8ce138a916fc/datanode-0/data/ratis/af9cd81b-d647-4be4-b219-32e0b9496391 has been successfully formatted.
2023-01-26 20:30:57,608 [pool-271-thread-1] INFO  ratis.ContainerStateMachine (ContainerStateMachine.java:loadSnapshot(240)) - group-32E0B9496391: The snapshot info is null. Setting the last applied indexto:(t:0, i:~)
2023-01-26 20:30:57,608 [pool-271-thread-1] INFO  server.RaftServerConfigKeys (ConfUtils.java:logGet(46)) - raft.server.log.use.memory = false (default)
2023-01-26 20:30:57,608 [pool-271-thread-1] INFO  server.RaftServerConfigKeys (ConfUtils.java:logGet(46)) - raft.server.log.purge.gap = 1000000 (custom)
2023-01-26 20:30:57,608 [pool-271-thread-1] INFO  server.RaftServerConfigKeys (ConfUtils.java:logGet(46)) - raft.server.log.appender.buffer.byte-limit = 33554432 (custom)
2023-01-26 20:30:57,608 [pool-271-thread-1] INFO  server.RaftServerConfigKeys (ConfUtils.java:logGet(46)) - raft.server.log.statemachine.data.read.timeout = 1000ms (default)
2023-01-26 20:30:57,608 [pool-271-thread-1] INFO  server.RaftServerConfigKeys (ConfUtils.java:logGet(46)) - raft.server.log.purge.preservation.log.num = 0 (default)
2023-01-26 20:30:57,609 [EventQueue-OpenPipelineForHealthyPipelineSafeModeRule] INFO  safemode.SCMSafeModeManager (HealthyPipelineSafeModeRule.java:process(137)) - SCM in safe mode. Healthy pipelines reported count is 0, required healthy pipeline reported count is 1
2023-01-26 20:30:57,609 [pool-271-thread-1] INFO  server.RaftServerConfigKeys (ConfUtils.java:logGet(46)) - raft.server.log.segment.size.max = 1048576 (custom)
2023-01-26 20:30:57,609 [pool-271-thread-1] INFO  server.RaftServerConfigKeys (ConfUtils.java:logGet(46)) - raft.server.log.segment.cache.num.max = 2 (custom)
2023-01-26 20:30:57,609 [pool-271-thread-1] INFO  server.RaftServerConfigKeys (ConfUtils.java:logGet(46)) - raft.server.log.segment.cache.size.max = 200MB (=209715200) (default)
2023-01-26 20:30:57,609 [pool-271-thread-1] INFO  segmented.SegmentedRaftLogWorker (SegmentedRaftLogWorker.java:<init>(189)) - new 33ea618b-d9cc-459d-a0c4-e4ecfab2c991@group-32E0B9496391-SegmentedRaftLogWorker for RaftStorageImpl:Storage Directory /home/runner/work/ozone/ozone/hadoop-ozone/integration-test/target/test-dir/MiniOzoneClusterImpl-83fec8cd-5b22-4757-ae00-8ce138a916fc/datanode-0/data/ratis/af9cd81b-d647-4be4-b219-32e0b9496391
2023-01-26 20:30:57,609 [pool-271-thread-1] INFO  server.RaftServerConfigKeys (ConfUtils.java:logGet(46)) - raft.server.log.queue.byte-limit = 4294967296 (custom)
2023-01-26 20:30:57,609 [pool-271-thread-1] INFO  server.RaftServerConfigKeys (ConfUtils.java:logGet(46)) - raft.server.log.queue.element-limit = 1024 (custom)
2023-01-26 20:30:57,609 [pool-271-thread-1] INFO  server.RaftServerConfigKeys (ConfUtils.java:logGet(46)) - raft.server.log.segment.size.max = 1048576 (custom)
2023-01-26 20:30:57,609 [pool-271-thread-1] INFO  server.RaftServerConfigKeys (ConfUtils.java:logGet(46)) - raft.server.log.preallocated.size = 16384 (custom)
2023-01-26 20:30:57,609 [pool-271-thread-1] INFO  server.RaftServerConfigKeys (ConfUtils.java:logGet(46)) - raft.server.log.force.sync.num = 128 (default)
2023-01-26 20:30:57,609 [pool-271-thread-1] INFO  server.RaftServerConfigKeys (ConfUtils.java:logGet(46)) - raft.server.log.statemachine.data.sync = true (default)
2023-01-26 20:30:57,610 [pool-271-thread-1] INFO  server.RaftServerConfigKeys (ConfUtils.java:logGet(46)) - raft.server.log.statemachine.data.sync.timeout = 10s (default)
2023-01-26 20:30:57,610 [pool-271-thread-1] INFO  server.RaftServerConfigKeys (ConfUtils.java:logGet(46)) - raft.server.log.statemachine.data.sync.timeout.retry = -1 (default)
2023-01-26 20:30:57,610 [pool-271-thread-1] INFO  server.RaftServerConfigKeys (ConfUtils.java:logGet(46)) - raft.server.log.write.buffer.size = 1048576 (custom)
2023-01-26 20:30:57,610 [pool-271-thread-1] INFO  server.RaftServerConfigKeys (ConfUtils.java:logGet(46)) - raft.server.log.appender.buffer.byte-limit = 33554432 (custom)
2023-01-26 20:30:57,615 [pool-271-thread-1] INFO  server.RaftServerConfigKeys (ConfUtils.java:logGet(46)) - raft.server.log.unsafe-flush.enabled = false (default)
2023-01-26 20:30:57,615 [pool-271-thread-1] INFO  server.RaftServerConfigKeys (ConfUtils.java:logGet(46)) - raft.server.log.async-flush.enabled = false (default)
2023-01-26 20:30:57,615 [pool-271-thread-1] INFO  server.RaftServerConfigKeys (ConfUtils.java:logGet(46)) - raft.server.log.statemachine.data.caching.enabled = true (custom)
2023-01-26 20:30:57,615 [pool-271-thread-1] INFO  segmented.SegmentedRaftLogWorker (SegmentedRaftLogWorker.java:lambda$new$0(135)) - 33ea618b-d9cc-459d-a0c4-e4ecfab2c991@group-32E0B9496391-SegmentedRaftLogWorker: flushIndex: setUnconditionally 0 -> -1
2023-01-26 20:30:57,616 [pool-271-thread-1] INFO  segmented.SegmentedRaftLogWorker (SegmentedRaftLogWorker.java:lambda$new$0(135)) - 33ea618b-d9cc-459d-a0c4-e4ecfab2c991@group-32E0B9496391-SegmentedRaftLogWorker: safeCacheEvictIndex: setUnconditionally 0 -> -1
2023-01-26 20:30:57,616 [pool-271-thread-1] INFO  server.RaftServer$Division (RaftServerImpl.java:start(334)) - 33ea618b-d9cc-459d-a0c4-e4ecfab2c991@group-32E0B9496391: start as a follower, conf=-1: peers:[33ea618b-d9cc-459d-a0c4-e4ecfab2c991|rpc:10.1.0.15:39387|dataStream:10.1.0.15:39857|priority:0|startupRole:FOLLOWER, f73d43d0-b19f-4135-8753-89f8dbf44938|rpc:10.1.0.15:40817|dataStream:10.1.0.15:41077|priority:1|startupRole:FOLLOWER, 7e0f7051-7df6-4c7d-992e-efcf57e991e1|rpc:10.1.0.15:44005|dataStream:10.1.0.15:38183|priority:0|startupRole:FOLLOWER]|listeners:[], old=null
2023-01-26 20:30:57,616 [pool-271-thread-1] INFO  server.RaftServer$Division (RaftServerImpl.java:setRole(321)) - 33ea618b-d9cc-459d-a0c4-e4ecfab2c991@group-32E0B9496391: changes role from      null to FOLLOWER at term 0 for startAsFollower
2023-01-26 20:30:57,616 [pool-271-thread-1] INFO  impl.RoleInfo (RoleInfo.java:updateAndGet(139)) - 33ea618b-d9cc-459d-a0c4-e4ecfab2c991: start 33ea618b-d9cc-459d-a0c4-e4ecfab2c991@group-32E0B9496391-FollowerState
2023-01-26 20:30:57,620 [pool-271-thread-1] INFO  util.JmxRegister (JmxRegister.java:tryRegister(44)) - Successfully registered JMX Bean with object name Ratis:service=RaftServer,group=group-32E0B9496391,id=33ea618b-d9cc-459d-a0c4-e4ecfab2c991
2023-01-26 20:30:57,620 [pool-271-thread-1] INFO  server.RaftServerConfigKeys (ConfUtils.java:logGet(46)) - raft.server.snapshot.auto.trigger.enabled = true (custom)
2023-01-26 20:30:57,620 [pool-271-thread-1] INFO  server.RaftServerConfigKeys (ConfUtils.java:logGet(46)) - raft.server.snapshot.auto.trigger.threshold = 10000 (custom)
2023-01-26 20:30:57,620 [pool-271-thread-1] INFO  server.RaftServerConfigKeys (ConfUtils.java:logGet(46)) - raft.server.snapshot.retention.file.num = 5 (custom)
2023-01-26 20:30:57,620 [pool-271-thread-1] INFO  server.RaftServerConfigKeys (ConfUtils.java:logGet(46)) - raft.server.log.purge.upto.snapshot.index = false (default)
2023-01-26 20:30:57,621 [33ea618b-d9cc-459d-a0c4-e4ecfab2c991@group-32E0B9496391-FollowerState] INFO  server.RaftServerConfigKeys (ConfUtils.java:logFallback(53)) - raft.server.rpc.first-election.timeout.min = 5s (fallback to raft.server.rpc.timeout.min)
2023-01-26 20:30:57,621 [33ea618b-d9cc-459d-a0c4-e4ecfab2c991@group-32E0B9496391-FollowerState] INFO  server.RaftServerConfigKeys (ConfUtils.java:logFallback(53)) - raft.server.rpc.first-election.timeout.max = 5200ms (fallback to raft.server.rpc.timeout.max)
2023-01-26 20:30:57,622 [Command processor thread] INFO  ratis.XceiverServerRatis (XceiverServerRatis.java:addGroup(806)) - Created group PipelineID=af9cd81b-d647-4be4-b219-32e0b9496391
2023-01-26 20:30:57,648 [grpc-default-executor-0] INFO  server.RaftServer (RaftServerProxy.java:addNew(96)) - 7e0f7051-7df6-4c7d-992e-efcf57e991e1: addNew group-32E0B9496391:[33ea618b-d9cc-459d-a0c4-e4ecfab2c991|rpc:10.1.0.15:39387|dataStream:10.1.0.15:39857|priority:0|startupRole:FOLLOWER, f73d43d0-b19f-4135-8753-89f8dbf44938|rpc:10.1.0.15:40817|dataStream:10.1.0.15:41077|priority:1|startupRole:FOLLOWER, 7e0f7051-7df6-4c7d-992e-efcf57e991e1|rpc:10.1.0.15:44005|dataStream:10.1.0.15:38183|priority:0|startupRole:FOLLOWER] returns group-32E0B9496391:java.util.concurrent.CompletableFuture@c6db458[Not completed]
2023-01-26 20:30:57,650 [pool-293-thread-1] INFO  server.RaftServer$Division (RaftServerImpl.java:<init>(195)) - 7e0f7051-7df6-4c7d-992e-efcf57e991e1: new RaftServerImpl for group-32E0B9496391:[33ea618b-d9cc-459d-a0c4-e4ecfab2c991|rpc:10.1.0.15:39387|dataStream:10.1.0.15:39857|priority:0|startupRole:FOLLOWER, f73d43d0-b19f-4135-8753-89f8dbf44938|rpc:10.1.0.15:40817|dataStream:10.1.0.15:41077|priority:1|startupRole:FOLLOWER, 7e0f7051-7df6-4c7d-992e-efcf57e991e1|rpc:10.1.0.15:44005|dataStream:10.1.0.15:38183|priority:0|startupRole:FOLLOWER] with ContainerStateMachine:uninitialized
2023-01-26 20:30:57,650 [pool-293-thread-1] INFO  server.RaftServerConfigKeys (ConfUtils.java:logGet(46)) - raft.server.rpc.timeout.min = 5s (custom)
2023-01-26 20:30:57,650 [pool-293-thread-1] INFO  server.RaftServerConfigKeys (ConfUtils.java:logGet(46)) - raft.server.rpc.timeout.max = 5200ms (custom)
2023-01-26 20:30:57,651 [pool-293-thread-1] INFO  server.RaftServerConfigKeys (ConfUtils.java:logGet(46)) - raft.server.rpc.sleep.time = 25ms (default)
2023-01-26 20:30:57,651 [pool-293-thread-1] INFO  server.RaftServerConfigKeys (ConfUtils.java:logGet(46)) - raft.server.rpc.slowness.timeout = 300s (custom)
2023-01-26 20:30:57,651 [pool-293-thread-1] INFO  server.RaftServerConfigKeys (ConfUtils.java:logGet(46)) - raft.server.leaderelection.leader.step-down.wait-time = 10s (default)
2023-01-26 20:30:57,651 [pool-293-thread-1] INFO  server.RaftServerConfigKeys (ConfUtils.java:logGet(46)) - raft.server.sleep.deviation.threshold = 300ms (default)
2023-01-26 20:30:57,651 [pool-293-thread-1] INFO  server.RaftServer$Division (ServerState.java:<init>(118)) - 7e0f7051-7df6-4c7d-992e-efcf57e991e1@group-32E0B9496391: ConfigurationManager, init=-1: peers:[33ea618b-d9cc-459d-a0c4-e4ecfab2c991|rpc:10.1.0.15:39387|dataStream:10.1.0.15:39857|priority:0|startupRole:FOLLOWER, f73d43d0-b19f-4135-8753-89f8dbf44938|rpc:10.1.0.15:40817|dataStream:10.1.0.15:41077|priority:1|startupRole:FOLLOWER, 7e0f7051-7df6-4c7d-992e-efcf57e991e1|rpc:10.1.0.15:44005|dataStream:10.1.0.15:38183|priority:0|startupRole:FOLLOWER]|listeners:[], old=null, confs=<EMPTY_MAP>
2023-01-26 20:30:57,651 [pool-293-thread-1] INFO  server.RaftServerConfigKeys (ConfUtils.java:logGet(46)) - raft.server.storage.dir = [/home/runner/work/ozone/ozone/hadoop-ozone/integration-test/target/test-dir/MiniOzoneClusterImpl-83fec8cd-5b22-4757-ae00-8ce138a916fc/datanode-1/data/ratis] (custom)
2023-01-26 20:30:57,651 [pool-293-thread-1] INFO  server.RaftServerConfigKeys (ConfUtils.java:logGet(46)) - raft.server.log.corruption.policy = EXCEPTION (default)
2023-01-26 20:30:57,651 [pool-293-thread-1] INFO  server.RaftServerConfigKeys (ConfUtils.java:logGet(46)) - raft.server.storage.free-space.min = 0MB (=0) (default)
2023-01-26 20:30:57,651 [pool-293-thread-1] INFO  server.RaftServerConfigKeys (ConfUtils.java:logGet(46)) - raft.server.notification.no-leader.timeout = 300s (custom)
2023-01-26 20:30:57,651 [pool-293-thread-1] INFO  server.RaftServerConfigKeys (ConfUtils.java:logGet(46)) - raft.server.retrycache.expirytime = 600000ms (custom)
2023-01-26 20:30:57,651 [pool-293-thread-1] INFO  server.RaftServerConfigKeys (ConfUtils.java:logGet(46)) - raft.server.retrycache.statistics.expirytime = 100μs (default)
2023-01-26 20:30:57,653 [pool-293-thread-1] INFO  server.RaftServerConfigKeys (ConfUtils.java:logGet(46)) - raft.server.log.appender.install.snapshot.enabled = false (custom)
2023-01-26 20:30:57,653 [pool-293-thread-1] INFO  server.RaftServerConfigKeys (ConfUtils.java:logGet(46)) - raft.server.threadpool.server.cached = true (default)
2023-01-26 20:30:57,653 [pool-293-thread-1] INFO  server.RaftServerConfigKeys (ConfUtils.java:logGet(46)) - raft.server.threadpool.server.size = 0 (default)
2023-01-26 20:30:57,653 [pool-293-thread-1] INFO  server.RaftServerConfigKeys (ConfUtils.java:logGet(46)) - raft.server.threadpool.client.cached = true (default)
2023-01-26 20:30:57,653 [pool-293-thread-1] INFO  server.RaftServerConfigKeys (ConfUtils.java:logGet(46)) - raft.server.threadpool.client.size = 0 (default)
2023-01-26 20:30:57,656 [pool-293-thread-1] INFO  storage.RaftStorageDirectory (RaftStorageDirectoryImpl.java:analyzeStorage(137)) - The storage directory /home/runner/work/ozone/ozone/hadoop-ozone/integration-test/target/test-dir/MiniOzoneClusterImpl-83fec8cd-5b22-4757-ae00-8ce138a916fc/datanode-1/data/ratis/af9cd81b-d647-4be4-b219-32e0b9496391 does not exist. Creating ...
2023-01-26 20:30:57,657 [pool-293-thread-1] INFO  storage.RaftStorageDirectory (RaftStorageDirectoryImpl.java:tryLock(231)) - Lock on /home/runner/work/ozone/ozone/hadoop-ozone/integration-test/target/test-dir/MiniOzoneClusterImpl-83fec8cd-5b22-4757-ae00-8ce138a916fc/datanode-1/data/ratis/af9cd81b-d647-4be4-b219-32e0b9496391/in_use.lock acquired by nodename 10488@fv-az462-54
2023-01-26 20:30:57,658 [pool-293-thread-1] INFO  storage.RaftStorage (RaftStorageImpl.java:format(96)) - Storage directory /home/runner/work/ozone/ozone/hadoop-ozone/integration-test/target/test-dir/MiniOzoneClusterImpl-83fec8cd-5b22-4757-ae00-8ce138a916fc/datanode-1/data/ratis/af9cd81b-d647-4be4-b219-32e0b9496391 has been successfully formatted.
2023-01-26 20:30:57,660 [pool-293-thread-1] INFO  ratis.ContainerStateMachine (ContainerStateMachine.java:loadSnapshot(240)) - group-32E0B9496391: The snapshot info is null. Setting the last applied indexto:(t:0, i:~)
2023-01-26 20:30:57,660 [pool-293-thread-1] INFO  server.RaftServerConfigKeys (ConfUtils.java:logGet(46)) - raft.server.log.use.memory = false (default)
2023-01-26 20:30:57,660 [pool-293-thread-1] INFO  server.RaftServerConfigKeys (ConfUtils.java:logGet(46)) - raft.server.log.purge.gap = 1000000 (custom)
2023-01-26 20:30:57,660 [pool-293-thread-1] INFO  server.RaftServerConfigKeys (ConfUtils.java:logGet(46)) - raft.server.log.appender.buffer.byte-limit = 33554432 (custom)
2023-01-26 20:30:57,660 [pool-293-thread-1] INFO  server.RaftServerConfigKeys (ConfUtils.java:logGet(46)) - raft.server.log.statemachine.data.read.timeout = 1000ms (default)
2023-01-26 20:30:57,660 [pool-293-thread-1] INFO  server.RaftServerConfigKeys (ConfUtils.java:logGet(46)) - raft.server.log.purge.preservation.log.num = 0 (default)
2023-01-26 20:30:57,660 [pool-293-thread-1] INFO  server.RaftServerConfigKeys (ConfUtils.java:logGet(46)) - raft.server.log.segment.size.max = 1048576 (custom)
2023-01-26 20:30:57,661 [pool-293-thread-1] INFO  server.RaftServerConfigKeys (ConfUtils.java:logGet(46)) - raft.server.log.segment.cache.num.max = 2 (custom)
2023-01-26 20:30:57,661 [pool-293-thread-1] INFO  server.RaftServerConfigKeys (ConfUtils.java:logGet(46)) - raft.server.log.segment.cache.size.max = 200MB (=209715200) (default)
2023-01-26 20:30:57,661 [pool-293-thread-1] INFO  segmented.SegmentedRaftLogWorker (SegmentedRaftLogWorker.java:<init>(189)) - new 7e0f7051-7df6-4c7d-992e-efcf57e991e1@group-32E0B9496391-SegmentedRaftLogWorker for RaftStorageImpl:Storage Directory /home/runner/work/ozone/ozone/hadoop-ozone/integration-test/target/test-dir/MiniOzoneClusterImpl-83fec8cd-5b22-4757-ae00-8ce138a916fc/datanode-1/data/ratis/af9cd81b-d647-4be4-b219-32e0b9496391
2023-01-26 20:30:57,661 [pool-293-thread-1] INFO  server.RaftServerConfigKeys (ConfUtils.java:logGet(46)) - raft.server.log.queue.byte-limit = 4294967296 (custom)
2023-01-26 20:30:57,661 [pool-293-thread-1] INFO  server.RaftServerConfigKeys (ConfUtils.java:logGet(46)) - raft.server.log.queue.element-limit = 1024 (custom)
2023-01-26 20:30:57,661 [pool-293-thread-1] INFO  server.RaftServerConfigKeys (ConfUtils.java:logGet(46)) - raft.server.log.segment.size.max = 1048576 (custom)
2023-01-26 20:30:57,661 [pool-293-thread-1] INFO  server.RaftServerConfigKeys (ConfUtils.java:logGet(46)) - raft.server.log.preallocated.size = 16384 (custom)
2023-01-26 20:30:57,662 [pool-293-thread-1] INFO  server.RaftServerConfigKeys (ConfUtils.java:logGet(46)) - raft.server.log.force.sync.num = 128 (default)
2023-01-26 20:30:57,662 [pool-293-thread-1] INFO  server.RaftServerConfigKeys (ConfUtils.java:logGet(46)) - raft.server.log.statemachine.data.sync = true (default)
2023-01-26 20:30:57,662 [pool-293-thread-1] INFO  server.RaftServerConfigKeys (ConfUtils.java:logGet(46)) - raft.server.log.statemachine.data.sync.timeout = 10s (default)
2023-01-26 20:30:57,663 [pool-293-thread-1] INFO  server.RaftServerConfigKeys (ConfUtils.java:logGet(46)) - raft.server.log.statemachine.data.sync.timeout.retry = -1 (default)
2023-01-26 20:30:57,663 [pool-293-thread-1] INFO  server.RaftServerConfigKeys (ConfUtils.java:logGet(46)) - raft.server.log.write.buffer.size = 1048576 (custom)
2023-01-26 20:30:57,663 [pool-293-thread-1] INFO  server.RaftServerConfigKeys (ConfUtils.java:logGet(46)) - raft.server.log.appender.buffer.byte-limit = 33554432 (custom)
2023-01-26 20:30:57,668 [pool-293-thread-1] INFO  server.RaftServerConfigKeys (ConfUtils.java:logGet(46)) - raft.server.log.unsafe-flush.enabled = false (default)
2023-01-26 20:30:57,668 [pool-293-thread-1] INFO  server.RaftServerConfigKeys (ConfUtils.java:logGet(46)) - raft.server.log.async-flush.enabled = false (default)
2023-01-26 20:30:57,668 [pool-293-thread-1] INFO  server.RaftServerConfigKeys (ConfUtils.java:logGet(46)) - raft.server.log.statemachine.data.caching.enabled = true (custom)
2023-01-26 20:30:57,668 [pool-293-thread-1] INFO  segmented.SegmentedRaftLogWorker (SegmentedRaftLogWorker.java:lambda$new$0(135)) - 7e0f7051-7df6-4c7d-992e-efcf57e991e1@group-32E0B9496391-SegmentedRaftLogWorker: flushIndex: setUnconditionally 0 -> -1
2023-01-26 20:30:57,668 [pool-293-thread-1] INFO  segmented.SegmentedRaftLogWorker (SegmentedRaftLogWorker.java:lambda$new$0(135)) - 7e0f7051-7df6-4c7d-992e-efcf57e991e1@group-32E0B9496391-SegmentedRaftLogWorker: safeCacheEvictIndex: setUnconditionally 0 -> -1
2023-01-26 20:30:57,669 [pool-293-thread-1] INFO  server.RaftServer$Division (RaftServerImpl.java:start(334)) - 7e0f7051-7df6-4c7d-992e-efcf57e991e1@group-32E0B9496391: start as a follower, conf=-1: peers:[33ea618b-d9cc-459d-a0c4-e4ecfab2c991|rpc:10.1.0.15:39387|dataStream:10.1.0.15:39857|priority:0|startupRole:FOLLOWER, f73d43d0-b19f-4135-8753-89f8dbf44938|rpc:10.1.0.15:40817|dataStream:10.1.0.15:41077|priority:1|startupRole:FOLLOWER, 7e0f7051-7df6-4c7d-992e-efcf57e991e1|rpc:10.1.0.15:44005|dataStream:10.1.0.15:38183|priority:0|startupRole:FOLLOWER]|listeners:[], old=null
2023-01-26 20:30:57,669 [pool-293-thread-1] INFO  server.RaftServer$Division (RaftServerImpl.java:setRole(321)) - 7e0f7051-7df6-4c7d-992e-efcf57e991e1@group-32E0B9496391: changes role from      null to FOLLOWER at term 0 for startAsFollower
2023-01-26 20:30:57,669 [pool-293-thread-1] INFO  impl.RoleInfo (RoleInfo.java:updateAndGet(139)) - 7e0f7051-7df6-4c7d-992e-efcf57e991e1: start 7e0f7051-7df6-4c7d-992e-efcf57e991e1@group-32E0B9496391-FollowerState
2023-01-26 20:30:57,671 [pool-293-thread-1] INFO  util.JmxRegister (JmxRegister.java:tryRegister(44)) - Successfully registered JMX Bean with object name Ratis:service=RaftServer,group=group-32E0B9496391,id=7e0f7051-7df6-4c7d-992e-efcf57e991e1
2023-01-26 20:30:57,671 [pool-293-thread-1] INFO  server.RaftServerConfigKeys (ConfUtils.java:logGet(46)) - raft.server.snapshot.auto.trigger.enabled = true (custom)
2023-01-26 20:30:57,671 [pool-293-thread-1] INFO  server.RaftServerConfigKeys (ConfUtils.java:logGet(46)) - raft.server.snapshot.auto.trigger.threshold = 10000 (custom)
2023-01-26 20:30:57,671 [pool-293-thread-1] INFO  server.RaftServerConfigKeys (ConfUtils.java:logGet(46)) - raft.server.snapshot.retention.file.num = 5 (custom)
2023-01-26 20:30:57,671 [pool-293-thread-1] INFO  server.RaftServerConfigKeys (ConfUtils.java:logGet(46)) - raft.server.log.purge.upto.snapshot.index = false (default)
2023-01-26 20:30:57,672 [7e0f7051-7df6-4c7d-992e-efcf57e991e1@group-32E0B9496391-FollowerState] INFO  server.RaftServerConfigKeys (ConfUtils.java:logFallback(53)) - raft.server.rpc.first-election.timeout.min = 5s (fallback to raft.server.rpc.timeout.min)
2023-01-26 20:30:57,672 [7e0f7051-7df6-4c7d-992e-efcf57e991e1@group-32E0B9496391-FollowerState] INFO  server.RaftServerConfigKeys (ConfUtils.java:logFallback(53)) - raft.server.rpc.first-election.timeout.max = 5200ms (fallback to raft.server.rpc.timeout.max)
2023-01-26 20:30:57,692 [grpc-default-executor-0] INFO  server.RaftServer (RaftServerProxy.java:addNew(96)) - f73d43d0-b19f-4135-8753-89f8dbf44938: addNew group-32E0B9496391:[33ea618b-d9cc-459d-a0c4-e4ecfab2c991|rpc:10.1.0.15:39387|dataStream:10.1.0.15:39857|priority:0|startupRole:FOLLOWER, f73d43d0-b19f-4135-8753-89f8dbf44938|rpc:10.1.0.15:40817|dataStream:10.1.0.15:41077|priority:1|startupRole:FOLLOWER, 7e0f7051-7df6-4c7d-992e-efcf57e991e1|rpc:10.1.0.15:44005|dataStream:10.1.0.15:38183|priority:0|startupRole:FOLLOWER] returns group-32E0B9496391:java.util.concurrent.CompletableFuture@3a46c9d3[Not completed]
2023-01-26 20:30:57,693 [pool-315-thread-1] INFO  server.RaftServer$Division (RaftServerImpl.java:<init>(195)) - f73d43d0-b19f-4135-8753-89f8dbf44938: new RaftServerImpl for group-32E0B9496391:[33ea618b-d9cc-459d-a0c4-e4ecfab2c991|rpc:10.1.0.15:39387|dataStream:10.1.0.15:39857|priority:0|startupRole:FOLLOWER, f73d43d0-b19f-4135-8753-89f8dbf44938|rpc:10.1.0.15:40817|dataStream:10.1.0.15:41077|priority:1|startupRole:FOLLOWER, 7e0f7051-7df6-4c7d-992e-efcf57e991e1|rpc:10.1.0.15:44005|dataStream:10.1.0.15:38183|priority:0|startupRole:FOLLOWER] with ContainerStateMachine:uninitialized
2023-01-26 20:30:57,694 [pool-315-thread-1] INFO  server.RaftServerConfigKeys (ConfUtils.java:logGet(46)) - raft.server.rpc.timeout.min = 5s (custom)
2023-01-26 20:30:57,694 [pool-315-thread-1] INFO  server.RaftServerConfigKeys (ConfUtils.java:logGet(46)) - raft.server.rpc.timeout.max = 5200ms (custom)
2023-01-26 20:30:57,694 [pool-315-thread-1] INFO  server.RaftServerConfigKeys (ConfUtils.java:logGet(46)) - raft.server.rpc.sleep.time = 25ms (default)
2023-01-26 20:30:57,694 [pool-315-thread-1] INFO  server.RaftServerConfigKeys (ConfUtils.java:logGet(46)) - raft.server.rpc.slowness.timeout = 300s (custom)
2023-01-26 20:30:57,694 [pool-315-thread-1] INFO  server.RaftServerConfigKeys (ConfUtils.java:logGet(46)) - raft.server.leaderelection.leader.step-down.wait-time = 10s (default)
2023-01-26 20:30:57,694 [pool-315-thread-1] INFO  server.RaftServerConfigKeys (ConfUtils.java:logGet(46)) - raft.server.sleep.deviation.threshold = 300ms (default)
2023-01-26 20:30:57,694 [pool-315-thread-1] INFO  server.RaftServer$Division (ServerState.java:<init>(118)) - f73d43d0-b19f-4135-8753-89f8dbf44938@group-32E0B9496391: ConfigurationManager, init=-1: peers:[33ea618b-d9cc-459d-a0c4-e4ecfab2c991|rpc:10.1.0.15:39387|dataStream:10.1.0.15:39857|priority:0|startupRole:FOLLOWER, f73d43d0-b19f-4135-8753-89f8dbf44938|rpc:10.1.0.15:40817|dataStream:10.1.0.15:41077|priority:1|startupRole:FOLLOWER, 7e0f7051-7df6-4c7d-992e-efcf57e991e1|rpc:10.1.0.15:44005|dataStream:10.1.0.15:38183|priority:0|startupRole:FOLLOWER]|listeners:[], old=null, confs=<EMPTY_MAP>
2023-01-26 20:30:57,694 [pool-315-thread-1] INFO  server.RaftServerConfigKeys (ConfUtils.java:logGet(46)) - raft.server.storage.dir = [/home/runner/work/ozone/ozone/hadoop-ozone/integration-test/target/test-dir/MiniOzoneClusterImpl-83fec8cd-5b22-4757-ae00-8ce138a916fc/datanode-2/data/ratis] (custom)
2023-01-26 20:30:57,694 [pool-315-thread-1] INFO  server.RaftServerConfigKeys (ConfUtils.java:logGet(46)) - raft.server.log.corruption.policy = EXCEPTION (default)
2023-01-26 20:30:57,694 [pool-315-thread-1] INFO  server.RaftServerConfigKeys (ConfUtils.java:logGet(46)) - raft.server.storage.free-space.min = 0MB (=0) (default)
2023-01-26 20:30:57,695 [pool-315-thread-1] INFO  server.RaftServerConfigKeys (ConfUtils.java:logGet(46)) - raft.server.notification.no-leader.timeout = 300s (custom)
2023-01-26 20:30:57,695 [pool-315-thread-1] INFO  server.RaftServerConfigKeys (ConfUtils.java:logGet(46)) - raft.server.retrycache.expirytime = 600000ms (custom)
2023-01-26 20:30:57,695 [pool-315-thread-1] INFO  server.RaftServerConfigKeys (ConfUtils.java:logGet(46)) - raft.server.retrycache.statistics.expirytime = 100μs (default)
2023-01-26 20:30:57,696 [pool-315-thread-1] INFO  server.RaftServerConfigKeys (ConfUtils.java:logGet(46)) - raft.server.log.appender.install.snapshot.enabled = false (custom)
2023-01-26 20:30:57,696 [pool-315-thread-1] INFO  server.RaftServerConfigKeys (ConfUtils.java:logGet(46)) - raft.server.threadpool.server.cached = true (default)
2023-01-26 20:30:57,696 [pool-315-thread-1] INFO  server.RaftServerConfigKeys (ConfUtils.java:logGet(46)) - raft.server.threadpool.server.size = 0 (default)
2023-01-26 20:30:57,696 [pool-315-thread-1] INFO  server.RaftServerConfigKeys (ConfUtils.java:logGet(46)) - raft.server.threadpool.client.cached = true (default)
2023-01-26 20:30:57,696 [pool-315-thread-1] INFO  server.RaftServerConfigKeys (ConfUtils.java:logGet(46)) - raft.server.threadpool.client.size = 0 (default)
2023-01-26 20:30:57,696 [pool-315-thread-1] INFO  storage.RaftStorageDirectory (RaftStorageDirectoryImpl.java:analyzeStorage(137)) - The storage directory /home/runner/work/ozone/ozone/hadoop-ozone/integration-test/target/test-dir/MiniOzoneClusterImpl-83fec8cd-5b22-4757-ae00-8ce138a916fc/datanode-2/data/ratis/af9cd81b-d647-4be4-b219-32e0b9496391 does not exist. Creating ...
2023-01-26 20:30:57,697 [pool-315-thread-1] INFO  storage.RaftStorageDirectory (RaftStorageDirectoryImpl.java:tryLock(231)) - Lock on /home/runner/work/ozone/ozone/hadoop-ozone/integration-test/target/test-dir/MiniOzoneClusterImpl-83fec8cd-5b22-4757-ae00-8ce138a916fc/datanode-2/data/ratis/af9cd81b-d647-4be4-b219-32e0b9496391/in_use.lock acquired by nodename 10488@fv-az462-54
2023-01-26 20:30:57,698 [pool-315-thread-1] INFO  storage.RaftStorage (RaftStorageImpl.java:format(96)) - Storage directory /home/runner/work/ozone/ozone/hadoop-ozone/integration-test/target/test-dir/MiniOzoneClusterImpl-83fec8cd-5b22-4757-ae00-8ce138a916fc/datanode-2/data/ratis/af9cd81b-d647-4be4-b219-32e0b9496391 has been successfully formatted.
2023-01-26 20:30:57,700 [pool-315-thread-1] INFO  ratis.ContainerStateMachine (ContainerStateMachine.java:loadSnapshot(240)) - group-32E0B9496391: The snapshot info is null. Setting the last applied indexto:(t:0, i:~)
2023-01-26 20:30:57,700 [pool-315-thread-1] INFO  server.RaftServerConfigKeys (ConfUtils.java:logGet(46)) - raft.server.log.use.memory = false (default)
2023-01-26 20:30:57,700 [pool-315-thread-1] INFO  server.RaftServerConfigKeys (ConfUtils.java:logGet(46)) - raft.server.log.purge.gap = 1000000 (custom)
2023-01-26 20:30:57,700 [pool-315-thread-1] INFO  server.RaftServerConfigKeys (ConfUtils.java:logGet(46)) - raft.server.log.appender.buffer.byte-limit = 33554432 (custom)
2023-01-26 20:30:57,701 [pool-315-thread-1] INFO  server.RaftServerConfigKeys (ConfUtils.java:logGet(46)) - raft.server.log.statemachine.data.read.timeout = 1000ms (default)
2023-01-26 20:30:57,701 [pool-315-thread-1] INFO  server.RaftServerConfigKeys (ConfUtils.java:logGet(46)) - raft.server.log.purge.preservation.log.num = 0 (default)
2023-01-26 20:30:57,701 [pool-315-thread-1] INFO  server.RaftServerConfigKeys (ConfUtils.java:logGet(46)) - raft.server.log.segment.size.max = 1048576 (custom)
2023-01-26 20:30:57,702 [pool-315-thread-1] INFO  server.RaftServerConfigKeys (ConfUtils.java:logGet(46)) - raft.server.log.segment.cache.num.max = 2 (custom)
2023-01-26 20:30:57,702 [pool-315-thread-1] INFO  server.RaftServerConfigKeys (ConfUtils.java:logGet(46)) - raft.server.log.segment.cache.size.max = 200MB (=209715200) (default)
2023-01-26 20:30:57,702 [pool-315-thread-1] INFO  segmented.SegmentedRaftLogWorker (SegmentedRaftLogWorker.java:<init>(189)) - new f73d43d0-b19f-4135-8753-89f8dbf44938@group-32E0B9496391-SegmentedRaftLogWorker for RaftStorageImpl:Storage Directory /home/runner/work/ozone/ozone/hadoop-ozone/integration-test/target/test-dir/MiniOzoneClusterImpl-83fec8cd-5b22-4757-ae00-8ce138a916fc/datanode-2/data/ratis/af9cd81b-d647-4be4-b219-32e0b9496391
2023-01-26 20:30:57,702 [pool-315-thread-1] INFO  server.RaftServerConfigKeys (ConfUtils.java:logGet(46)) - raft.server.log.queue.byte-limit = 4294967296 (custom)
2023-01-26 20:30:57,702 [pool-315-thread-1] INFO  server.RaftServerConfigKeys (ConfUtils.java:logGet(46)) - raft.server.log.queue.element-limit = 1024 (custom)
2023-01-26 20:30:57,702 [pool-315-thread-1] INFO  server.RaftServerConfigKeys (ConfUtils.java:logGet(46)) - raft.server.log.segment.size.max = 1048576 (custom)
2023-01-26 20:30:57,702 [pool-315-thread-1] INFO  server.RaftServerConfigKeys (ConfUtils.java:logGet(46)) - raft.server.log.preallocated.size = 16384 (custom)
2023-01-26 20:30:57,702 [pool-315-thread-1] INFO  server.RaftServerConfigKeys (ConfUtils.java:logGet(46)) - raft.server.log.force.sync.num = 128 (default)
2023-01-26 20:30:57,702 [pool-315-thread-1] INFO  server.RaftServerConfigKeys (ConfUtils.java:logGet(46)) - raft.server.log.statemachine.data.sync = true (default)
2023-01-26 20:30:57,702 [pool-315-thread-1] INFO  server.RaftServerConfigKeys (ConfUtils.java:logGet(46)) - raft.server.log.statemachine.data.sync.timeout = 10s (default)
2023-01-26 20:30:57,702 [pool-315-thread-1] INFO  server.RaftServerConfigKeys (ConfUtils.java:logGet(46)) - raft.server.log.statemachine.data.sync.timeout.retry = -1 (default)
2023-01-26 20:30:57,702 [pool-315-thread-1] INFO  server.RaftServerConfigKeys (ConfUtils.java:logGet(46)) - raft.server.log.write.buffer.size = 1048576 (custom)
2023-01-26 20:30:57,703 [pool-315-thread-1] INFO  server.RaftServerConfigKeys (ConfUtils.java:logGet(46)) - raft.server.log.appender.buffer.byte-limit = 33554432 (custom)
2023-01-26 20:30:57,708 [pool-315-thread-1] INFO  server.RaftServerConfigKeys (ConfUtils.java:logGet(46)) - raft.server.log.unsafe-flush.enabled = false (default)
2023-01-26 20:30:57,708 [pool-315-thread-1] INFO  server.RaftServerConfigKeys (ConfUtils.java:logGet(46)) - raft.server.log.async-flush.enabled = false (default)
2023-01-26 20:30:57,708 [pool-315-thread-1] INFO  server.RaftServerConfigKeys (ConfUtils.java:logGet(46)) - raft.server.log.statemachine.data.caching.enabled = true (custom)
2023-01-26 20:30:57,708 [pool-315-thread-1] INFO  segmented.SegmentedRaftLogWorker (SegmentedRaftLogWorker.java:lambda$new$0(135)) - f73d43d0-b19f-4135-8753-89f8dbf44938@group-32E0B9496391-SegmentedRaftLogWorker: flushIndex: setUnconditionally 0 -> -1
2023-01-26 20:30:57,708 [pool-315-thread-1] INFO  segmented.SegmentedRaftLogWorker (SegmentedRaftLogWorker.java:lambda$new$0(135)) - f73d43d0-b19f-4135-8753-89f8dbf44938@group-32E0B9496391-SegmentedRaftLogWorker: safeCacheEvictIndex: setUnconditionally 0 -> -1
2023-01-26 20:30:57,712 [pool-315-thread-1] INFO  server.RaftServer$Division (RaftServerImpl.java:start(334)) - f73d43d0-b19f-4135-8753-89f8dbf44938@group-32E0B9496391: start as a follower, conf=-1: peers:[33ea618b-d9cc-459d-a0c4-e4ecfab2c991|rpc:10.1.0.15:39387|dataStream:10.1.0.15:39857|priority:0|startupRole:FOLLOWER, f73d43d0-b19f-4135-8753-89f8dbf44938|rpc:10.1.0.15:40817|dataStream:10.1.0.15:41077|priority:1|startupRole:FOLLOWER, 7e0f7051-7df6-4c7d-992e-efcf57e991e1|rpc:10.1.0.15:44005|dataStream:10.1.0.15:38183|priority:0|startupRole:FOLLOWER]|listeners:[], old=null
2023-01-26 20:30:57,712 [pool-315-thread-1] INFO  server.RaftServer$Division (RaftServerImpl.java:setRole(321)) - f73d43d0-b19f-4135-8753-89f8dbf44938@group-32E0B9496391: changes role from      null to FOLLOWER at term 0 for startAsFollower
2023-01-26 20:30:57,712 [pool-315-thread-1] INFO  impl.RoleInfo (RoleInfo.java:updateAndGet(139)) - f73d43d0-b19f-4135-8753-89f8dbf44938: start f73d43d0-b19f-4135-8753-89f8dbf44938@group-32E0B9496391-FollowerState
2023-01-26 20:30:57,713 [pool-315-thread-1] INFO  util.JmxRegister (JmxRegister.java:tryRegister(44)) - Successfully registered JMX Bean with object name Ratis:service=RaftServer,group=group-32E0B9496391,id=f73d43d0-b19f-4135-8753-89f8dbf44938
2023-01-26 20:30:57,713 [pool-315-thread-1] INFO  server.RaftServerConfigKeys (ConfUtils.java:logGet(46)) - raft.server.snapshot.auto.trigger.enabled = true (custom)
2023-01-26 20:30:57,713 [pool-315-thread-1] INFO  server.RaftServerConfigKeys (ConfUtils.java:logGet(46)) - raft.server.snapshot.auto.trigger.threshold = 10000 (custom)
2023-01-26 20:30:57,713 [pool-315-thread-1] INFO  server.RaftServerConfigKeys (ConfUtils.java:logGet(46)) - raft.server.snapshot.retention.file.num = 5 (custom)
2023-01-26 20:30:57,713 [pool-315-thread-1] INFO  server.RaftServerConfigKeys (ConfUtils.java:logGet(46)) - raft.server.log.purge.upto.snapshot.index = false (default)
2023-01-26 20:30:57,716 [f73d43d0-b19f-4135-8753-89f8dbf44938@group-32E0B9496391-FollowerState] INFO  server.RaftServerConfigKeys (ConfUtils.java:logFallback(53)) - raft.server.rpc.first-election.timeout.min = 5s (fallback to raft.server.rpc.timeout.min)
2023-01-26 20:30:57,716 [f73d43d0-b19f-4135-8753-89f8dbf44938@group-32E0B9496391-FollowerState] INFO  server.RaftServerConfigKeys (ConfUtils.java:logFallback(53)) - raft.server.rpc.first-election.timeout.max = 5200ms (fallback to raft.server.rpc.timeout.max)
2023-01-26 20:30:57,720 [Command processor thread] INFO  commandhandler.CreatePipelineCommandHandler (CreatePipelineCommandHandler.java:handle(113)) - Created Pipeline RATIS THREE PipelineID=af9cd81b-d647-4be4-b219-32e0b9496391.
2023-01-26 20:30:57,721 [Command processor thread] INFO  server.RaftServer (RaftServerProxy.java:addNew(96)) - 33ea618b-d9cc-459d-a0c4-e4ecfab2c991: addNew group-E6729A0FA6AF:[33ea618b-d9cc-459d-a0c4-e4ecfab2c991|rpc:10.1.0.15:39387|dataStream:10.1.0.15:39857|priority:1|startupRole:FOLLOWER, f73d43d0-b19f-4135-8753-89f8dbf44938|rpc:10.1.0.15:40817|dataStream:10.1.0.15:41077|priority:0|startupRole:FOLLOWER, 7e0f7051-7df6-4c7d-992e-efcf57e991e1|rpc:10.1.0.15:44005|dataStream:10.1.0.15:38183|priority:0|startupRole:FOLLOWER] returns group-E6729A0FA6AF:java.util.concurrent.CompletableFuture@37852871[Not completed]
2023-01-26 20:30:57,723 [pool-271-thread-1] INFO  server.RaftServer$Division (RaftServerImpl.java:<init>(195)) - 33ea618b-d9cc-459d-a0c4-e4ecfab2c991: new RaftServerImpl for group-E6729A0FA6AF:[33ea618b-d9cc-459d-a0c4-e4ecfab2c991|rpc:10.1.0.15:39387|dataStream:10.1.0.15:39857|priority:1|startupRole:FOLLOWER, f73d43d0-b19f-4135-8753-89f8dbf44938|rpc:10.1.0.15:40817|dataStream:10.1.0.15:41077|priority:0|startupRole:FOLLOWER, 7e0f7051-7df6-4c7d-992e-efcf57e991e1|rpc:10.1.0.15:44005|dataStream:10.1.0.15:38183|priority:0|startupRole:FOLLOWER] with ContainerStateMachine:uninitialized
2023-01-26 20:30:57,723 [pool-271-thread-1] INFO  server.RaftServerConfigKeys (ConfUtils.java:logGet(46)) - raft.server.rpc.timeout.min = 5s (custom)
2023-01-26 20:30:57,723 [pool-271-thread-1] INFO  server.RaftServerConfigKeys (ConfUtils.java:logGet(46)) - raft.server.rpc.timeout.max = 5200ms (custom)
2023-01-26 20:30:57,723 [pool-271-thread-1] INFO  server.RaftServerConfigKeys (ConfUtils.java:logGet(46)) - raft.server.rpc.sleep.time = 25ms (default)
2023-01-26 20:30:57,723 [pool-271-thread-1] INFO  server.RaftServerConfigKeys (ConfUtils.java:logGet(46)) - raft.server.rpc.slowness.timeout = 300s (custom)
2023-01-26 20:30:57,723 [pool-271-thread-1] INFO  server.RaftServerConfigKeys (ConfUtils.java:logGet(46)) - raft.server.leaderelection.leader.step-down.wait-time = 10s (default)
2023-01-26 20:30:57,723 [pool-271-thread-1] INFO  server.RaftServerConfigKeys (ConfUtils.java:logGet(46)) - raft.server.sleep.deviation.threshold = 300ms (default)
2023-01-26 20:30:57,723 [pool-271-thread-1] INFO  server.RaftServer$Division (ServerState.java:<init>(118)) - 33ea618b-d9cc-459d-a0c4-e4ecfab2c991@group-E6729A0FA6AF: ConfigurationManager, init=-1: peers:[33ea618b-d9cc-459d-a0c4-e4ecfab2c991|rpc:10.1.0.15:39387|dataStream:10.1.0.15:39857|priority:1|startupRole:FOLLOWER, f73d43d0-b19f-4135-8753-89f8dbf44938|rpc:10.1.0.15:40817|dataStream:10.1.0.15:41077|priority:0|startupRole:FOLLOWER, 7e0f7051-7df6-4c7d-992e-efcf57e991e1|rpc:10.1.0.15:44005|dataStream:10.1.0.15:38183|priority:0|startupRole:FOLLOWER]|listeners:[], old=null, confs=<EMPTY_MAP>
2023-01-26 20:30:57,724 [pool-271-thread-1] INFO  server.RaftServerConfigKeys (ConfUtils.java:logGet(46)) - raft.server.storage.dir = [/home/runner/work/ozone/ozone/hadoop-ozone/integration-test/target/test-dir/MiniOzoneClusterImpl-83fec8cd-5b22-4757-ae00-8ce138a916fc/datanode-0/data/ratis] (custom)
2023-01-26 20:30:57,724 [pool-271-thread-1] INFO  server.RaftServerConfigKeys (ConfUtils.java:logGet(46)) - raft.server.log.corruption.policy = EXCEPTION (default)
2023-01-26 20:30:57,724 [pool-271-thread-1] INFO  server.RaftServerConfigKeys (ConfUtils.java:logGet(46)) - raft.server.storage.free-space.min = 0MB (=0) (default)
2023-01-26 20:30:57,724 [pool-271-thread-1] INFO  server.RaftServerConfigKeys (ConfUtils.java:logGet(46)) - raft.server.notification.no-leader.timeout = 300s (custom)
2023-01-26 20:30:57,724 [pool-271-thread-1] INFO  server.RaftServerConfigKeys (ConfUtils.java:logGet(46)) - raft.server.retrycache.expirytime = 600000ms (custom)
2023-01-26 20:30:57,724 [pool-271-thread-1] INFO  server.RaftServerConfigKeys (ConfUtils.java:logGet(46)) - raft.server.retrycache.statistics.expirytime = 100μs (default)
2023-01-26 20:30:57,725 [pool-271-thread-1] INFO  server.RaftServerConfigKeys (ConfUtils.java:logGet(46)) - raft.server.log.appender.install.snapshot.enabled = false (custom)
2023-01-26 20:30:57,725 [pool-271-thread-1] INFO  server.RaftServerConfigKeys (ConfUtils.java:logGet(46)) - raft.server.threadpool.server.cached = true (default)
2023-01-26 20:30:57,725 [pool-271-thread-1] INFO  server.RaftServerConfigKeys (ConfUtils.java:logGet(46)) - raft.server.threadpool.server.size = 0 (default)
2023-01-26 20:30:57,725 [pool-271-thread-1] INFO  server.RaftServerConfigKeys (ConfUtils.java:logGet(46)) - raft.server.threadpool.client.cached = true (default)
2023-01-26 20:30:57,725 [pool-271-thread-1] INFO  server.RaftServerConfigKeys (ConfUtils.java:logGet(46)) - raft.server.threadpool.client.size = 0 (default)
2023-01-26 20:30:57,725 [pool-271-thread-1] INFO  storage.RaftStorageDirectory (RaftStorageDirectoryImpl.java:analyzeStorage(137)) - The storage directory /home/runner/work/ozone/ozone/hadoop-ozone/integration-test/target/test-dir/MiniOzoneClusterImpl-83fec8cd-5b22-4757-ae00-8ce138a916fc/datanode-0/data/ratis/ab16cabc-b199-41c2-a545-e6729a0fa6af does not exist. Creating ...
2023-01-26 20:30:57,726 [pool-271-thread-1] INFO  storage.RaftStorageDirectory (RaftStorageDirectoryImpl.java:tryLock(231)) - Lock on /home/runner/work/ozone/ozone/hadoop-ozone/integration-test/target/test-dir/MiniOzoneClusterImpl-83fec8cd-5b22-4757-ae00-8ce138a916fc/datanode-0/data/ratis/ab16cabc-b199-41c2-a545-e6729a0fa6af/in_use.lock acquired by nodename 10488@fv-az462-54
2023-01-26 20:30:57,727 [pool-271-thread-1] INFO  storage.RaftStorage (RaftStorageImpl.java:format(96)) - Storage directory /home/runner/work/ozone/ozone/hadoop-ozone/integration-test/target/test-dir/MiniOzoneClusterImpl-83fec8cd-5b22-4757-ae00-8ce138a916fc/datanode-0/data/ratis/ab16cabc-b199-41c2-a545-e6729a0fa6af has been successfully formatted.
2023-01-26 20:30:57,727 [pool-271-thread-1] INFO  ratis.ContainerStateMachine (ContainerStateMachine.java:loadSnapshot(240)) - group-E6729A0FA6AF: The snapshot info is null. Setting the last applied indexto:(t:0, i:~)
2023-01-26 20:30:57,727 [pool-271-thread-1] INFO  server.RaftServerConfigKeys (ConfUtils.java:logGet(46)) - raft.server.log.use.memory = false (default)
2023-01-26 20:30:57,727 [pool-271-thread-1] INFO  server.RaftServerConfigKeys (ConfUtils.java:logGet(46)) - raft.server.log.purge.gap = 1000000 (custom)
2023-01-26 20:30:57,728 [pool-271-thread-1] INFO  server.RaftServerConfigKeys (ConfUtils.java:logGet(46)) - raft.server.log.appender.buffer.byte-limit = 33554432 (custom)
2023-01-26 20:30:57,728 [pool-271-thread-1] INFO  server.RaftServerConfigKeys (ConfUtils.java:logGet(46)) - raft.server.log.statemachine.data.read.timeout = 1000ms (default)
2023-01-26 20:30:57,728 [pool-271-thread-1] INFO  server.RaftServerConfigKeys (ConfUtils.java:logGet(46)) - raft.server.log.purge.preservation.log.num = 0 (default)
2023-01-26 20:30:57,728 [pool-271-thread-1] INFO  server.RaftServerConfigKeys (ConfUtils.java:logGet(46)) - raft.server.log.segment.size.max = 1048576 (custom)
2023-01-26 20:30:57,728 [EventQueue-OpenPipelineForHealthyPipelineSafeModeRule] INFO  safemode.SCMSafeModeManager (HealthyPipelineSafeModeRule.java:process(137)) - SCM in safe mode. Healthy pipelines reported count is 0, required healthy pipeline reported count is 1
2023-01-26 20:30:57,728 [pool-271-thread-1] INFO  server.RaftServerConfigKeys (ConfUtils.java:logGet(46)) - raft.server.log.segment.cache.num.max = 2 (custom)
2023-01-26 20:30:57,729 [pool-271-thread-1] INFO  server.RaftServerConfigKeys (ConfUtils.java:logGet(46)) - raft.server.log.segment.cache.size.max = 200MB (=209715200) (default)
2023-01-26 20:30:57,729 [pool-271-thread-1] INFO  segmented.SegmentedRaftLogWorker (SegmentedRaftLogWorker.java:<init>(189)) - new 33ea618b-d9cc-459d-a0c4-e4ecfab2c991@group-E6729A0FA6AF-SegmentedRaftLogWorker for RaftStorageImpl:Storage Directory /home/runner/work/ozone/ozone/hadoop-ozone/integration-test/target/test-dir/MiniOzoneClusterImpl-83fec8cd-5b22-4757-ae00-8ce138a916fc/datanode-0/data/ratis/ab16cabc-b199-41c2-a545-e6729a0fa6af
2023-01-26 20:30:57,729 [pool-271-thread-1] INFO  server.RaftServerConfigKeys (ConfUtils.java:logGet(46)) - raft.server.log.queue.byte-limit = 4294967296 (custom)
2023-01-26 20:30:57,729 [pool-271-thread-1] INFO  server.RaftServerConfigKeys (ConfUtils.java:logGet(46)) - raft.server.log.queue.element-limit = 1024 (custom)
2023-01-26 20:30:57,729 [pool-271-thread-1] INFO  server.RaftServerConfigKeys (ConfUtils.java:logGet(46)) - raft.server.log.segment.size.max = 1048576 (custom)
2023-01-26 20:30:57,729 [pool-271-thread-1] INFO  server.RaftServerConfigKeys (ConfUtils.java:logGet(46)) - raft.server.log.preallocated.size = 16384 (custom)
2023-01-26 20:30:57,729 [pool-271-thread-1] INFO  server.RaftServerConfigKeys (ConfUtils.java:logGet(46)) - raft.server.log.force.sync.num = 128 (default)
2023-01-26 20:30:57,729 [pool-271-thread-1] INFO  server.RaftServerConfigKeys (ConfUtils.java:logGet(46)) - raft.server.log.statemachine.data.sync = true (default)
2023-01-26 20:30:57,729 [pool-271-thread-1] INFO  server.RaftServerConfigKeys (ConfUtils.java:logGet(46)) - raft.server.log.statemachine.data.sync.timeout = 10s (default)
2023-01-26 20:30:57,729 [pool-271-thread-1] INFO  server.RaftServerConfigKeys (ConfUtils.java:logGet(46)) - raft.server.log.statemachine.data.sync.timeout.retry = -1 (default)
2023-01-26 20:30:57,729 [pool-271-thread-1] INFO  server.RaftServerConfigKeys (ConfUtils.java:logGet(46)) - raft.server.log.write.buffer.size = 1048576 (custom)
2023-01-26 20:30:57,730 [pool-271-thread-1] INFO  server.RaftServerConfigKeys (ConfUtils.java:logGet(46)) - raft.server.log.appender.buffer.byte-limit = 33554432 (custom)
2023-01-26 20:30:57,739 [pool-271-thread-1] INFO  server.RaftServerConfigKeys (ConfUtils.java:logGet(46)) - raft.server.log.unsafe-flush.enabled = false (default)
2023-01-26 20:30:57,739 [pool-271-thread-1] INFO  server.RaftServerConfigKeys (ConfUtils.java:logGet(46)) - raft.server.log.async-flush.enabled = false (default)
2023-01-26 20:30:57,739 [pool-271-thread-1] INFO  server.RaftServerConfigKeys (ConfUtils.java:logGet(46)) - raft.server.log.statemachine.data.caching.enabled = true (custom)
2023-01-26 20:30:57,740 [pool-271-thread-1] INFO  segmented.SegmentedRaftLogWorker (SegmentedRaftLogWorker.java:lambda$new$0(135)) - 33ea618b-d9cc-459d-a0c4-e4ecfab2c991@group-E6729A0FA6AF-SegmentedRaftLogWorker: flushIndex: setUnconditionally 0 -> -1
2023-01-26 20:30:57,740 [pool-271-thread-1] INFO  segmented.SegmentedRaftLogWorker (SegmentedRaftLogWorker.java:lambda$new$0(135)) - 33ea618b-d9cc-459d-a0c4-e4ecfab2c991@group-E6729A0FA6AF-SegmentedRaftLogWorker: safeCacheEvictIndex: setUnconditionally 0 -> -1
2023-01-26 20:30:57,740 [pool-271-thread-1] INFO  server.RaftServer$Division (RaftServerImpl.java:start(334)) - 33ea618b-d9cc-459d-a0c4-e4ecfab2c991@group-E6729A0FA6AF: start as a follower, conf=-1: peers:[33ea618b-d9cc-459d-a0c4-e4ecfab2c991|rpc:10.1.0.15:39387|dataStream:10.1.0.15:39857|priority:1|startupRole:FOLLOWER, f73d43d0-b19f-4135-8753-89f8dbf44938|rpc:10.1.0.15:40817|dataStream:10.1.0.15:41077|priority:0|startupRole:FOLLOWER, 7e0f7051-7df6-4c7d-992e-efcf57e991e1|rpc:10.1.0.15:44005|dataStream:10.1.0.15:38183|priority:0|startupRole:FOLLOWER]|listeners:[], old=null
2023-01-26 20:30:57,740 [pool-271-thread-1] INFO  server.RaftServer$Division (RaftServerImpl.java:setRole(321)) - 33ea618b-d9cc-459d-a0c4-e4ecfab2c991@group-E6729A0FA6AF: changes role from      null to FOLLOWER at term 0 for startAsFollower
2023-01-26 20:30:57,740 [pool-271-thread-1] INFO  impl.RoleInfo (RoleInfo.java:updateAndGet(139)) - 33ea618b-d9cc-459d-a0c4-e4ecfab2c991: start 33ea618b-d9cc-459d-a0c4-e4ecfab2c991@group-E6729A0FA6AF-FollowerState
2023-01-26 20:30:57,741 [33ea618b-d9cc-459d-a0c4-e4ecfab2c991@group-E6729A0FA6AF-FollowerState] INFO  server.RaftServerConfigKeys (ConfUtils.java:logFallback(53)) - raft.server.rpc.first-election.timeout.min = 5s (fallback to raft.server.rpc.timeout.min)
2023-01-26 20:30:57,742 [33ea618b-d9cc-459d-a0c4-e4ecfab2c991@group-E6729A0FA6AF-FollowerState] INFO  server.RaftServerConfigKeys (ConfUtils.java:logFallback(53)) - raft.server.rpc.first-election.timeout.max = 5200ms (fallback to raft.server.rpc.timeout.max)
2023-01-26 20:30:57,741 [pool-271-thread-1] INFO  util.JmxRegister (JmxRegister.java:tryRegister(44)) - Successfully registered JMX Bean with object name Ratis:service=RaftServer,group=group-E6729A0FA6AF,id=33ea618b-d9cc-459d-a0c4-e4ecfab2c991
2023-01-26 20:30:57,742 [pool-271-thread-1] INFO  server.RaftServerConfigKeys (ConfUtils.java:logGet(46)) - raft.server.snapshot.auto.trigger.enabled = true (custom)
2023-01-26 20:30:57,743 [pool-271-thread-1] INFO  server.RaftServerConfigKeys (ConfUtils.java:logGet(46)) - raft.server.snapshot.auto.trigger.threshold = 10000 (custom)
2023-01-26 20:30:57,743 [pool-271-thread-1] INFO  server.RaftServerConfigKeys (ConfUtils.java:logGet(46)) - raft.server.snapshot.retention.file.num = 5 (custom)
2023-01-26 20:30:57,743 [pool-271-thread-1] INFO  server.RaftServerConfigKeys (ConfUtils.java:logGet(46)) - raft.server.log.purge.upto.snapshot.index = false (default)
2023-01-26 20:30:57,744 [Command processor thread] INFO  ratis.XceiverServerRatis (XceiverServerRatis.java:addGroup(806)) - Created group PipelineID=ab16cabc-b199-41c2-a545-e6729a0fa6af
2023-01-26 20:30:57,753 [grpc-default-executor-0] INFO  server.RaftServer (RaftServerProxy.java:addNew(96)) - f73d43d0-b19f-4135-8753-89f8dbf44938: addNew group-E6729A0FA6AF:[33ea618b-d9cc-459d-a0c4-e4ecfab2c991|rpc:10.1.0.15:39387|dataStream:10.1.0.15:39857|priority:1|startupRole:FOLLOWER, f73d43d0-b19f-4135-8753-89f8dbf44938|rpc:10.1.0.15:40817|dataStream:10.1.0.15:41077|priority:0|startupRole:FOLLOWER, 7e0f7051-7df6-4c7d-992e-efcf57e991e1|rpc:10.1.0.15:44005|dataStream:10.1.0.15:38183|priority:0|startupRole:FOLLOWER] returns group-E6729A0FA6AF:java.util.concurrent.CompletableFuture@70312b31[Not completed]
2023-01-26 20:30:57,754 [pool-315-thread-1] INFO  server.RaftServer$Division (RaftServerImpl.java:<init>(195)) - f73d43d0-b19f-4135-8753-89f8dbf44938: new RaftServerImpl for group-E6729A0FA6AF:[33ea618b-d9cc-459d-a0c4-e4ecfab2c991|rpc:10.1.0.15:39387|dataStream:10.1.0.15:39857|priority:1|startupRole:FOLLOWER, f73d43d0-b19f-4135-8753-89f8dbf44938|rpc:10.1.0.15:40817|dataStream:10.1.0.15:41077|priority:0|startupRole:FOLLOWER, 7e0f7051-7df6-4c7d-992e-efcf57e991e1|rpc:10.1.0.15:44005|dataStream:10.1.0.15:38183|priority:0|startupRole:FOLLOWER] with ContainerStateMachine:uninitialized
2023-01-26 20:30:57,754 [pool-315-thread-1] INFO  server.RaftServerConfigKeys (ConfUtils.java:logGet(46)) - raft.server.rpc.timeout.min = 5s (custom)
2023-01-26 20:30:57,754 [pool-315-thread-1] INFO  server.RaftServerConfigKeys (ConfUtils.java:logGet(46)) - raft.server.rpc.timeout.max = 5200ms (custom)
2023-01-26 20:30:57,754 [pool-315-thread-1] INFO  server.RaftServerConfigKeys (ConfUtils.java:logGet(46)) - raft.server.rpc.sleep.time = 25ms (default)
2023-01-26 20:30:57,754 [pool-315-thread-1] INFO  server.RaftServerConfigKeys (ConfUtils.java:logGet(46)) - raft.server.rpc.slowness.timeout = 300s (custom)
2023-01-26 20:30:57,754 [pool-315-thread-1] INFO  server.RaftServerConfigKeys (ConfUtils.java:logGet(46)) - raft.server.leaderelection.leader.step-down.wait-time = 10s (default)
2023-01-26 20:30:57,754 [pool-315-thread-1] INFO  server.RaftServerConfigKeys (ConfUtils.java:logGet(46)) - raft.server.sleep.deviation.threshold = 300ms (default)
2023-01-26 20:30:57,754 [pool-315-thread-1] INFO  server.RaftServer$Division (ServerState.java:<init>(118)) - f73d43d0-b19f-4135-8753-89f8dbf44938@group-E6729A0FA6AF: ConfigurationManager, init=-1: peers:[33ea618b-d9cc-459d-a0c4-e4ecfab2c991|rpc:10.1.0.15:39387|dataStream:10.1.0.15:39857|priority:1|startupRole:FOLLOWER, f73d43d0-b19f-4135-8753-89f8dbf44938|rpc:10.1.0.15:40817|dataStream:10.1.0.15:41077|priority:0|startupRole:FOLLOWER, 7e0f7051-7df6-4c7d-992e-efcf57e991e1|rpc:10.1.0.15:44005|dataStream:10.1.0.15:38183|priority:0|startupRole:FOLLOWER]|listeners:[], old=null, confs=<EMPTY_MAP>
2023-01-26 20:30:57,754 [pool-315-thread-1] INFO  server.RaftServerConfigKeys (ConfUtils.java:logGet(46)) - raft.server.storage.dir = [/home/runner/work/ozone/ozone/hadoop-ozone/integration-test/target/test-dir/MiniOzoneClusterImpl-83fec8cd-5b22-4757-ae00-8ce138a916fc/datanode-2/data/ratis] (custom)
2023-01-26 20:30:57,754 [pool-315-thread-1] INFO  server.RaftServerConfigKeys (ConfUtils.java:logGet(46)) - raft.server.log.corruption.policy = EXCEPTION (default)
2023-01-26 20:30:57,754 [pool-315-thread-1] INFO  server.RaftServerConfigKeys (ConfUtils.java:logGet(46)) - raft.server.storage.free-space.min = 0MB (=0) (default)
2023-01-26 20:30:57,754 [pool-315-thread-1] INFO  server.RaftServerConfigKeys (ConfUtils.java:logGet(46)) - raft.server.notification.no-leader.timeout = 300s (custom)
2023-01-26 20:30:57,754 [pool-315-thread-1] INFO  server.RaftServerConfigKeys (ConfUtils.java:logGet(46)) - raft.server.retrycache.expirytime = 600000ms (custom)
2023-01-26 20:30:57,754 [pool-315-thread-1] INFO  server.RaftServerConfigKeys (ConfUtils.java:logGet(46)) - raft.server.retrycache.statistics.expirytime = 100μs (default)
2023-01-26 20:30:57,755 [pool-315-thread-1] INFO  server.RaftServerConfigKeys (ConfUtils.java:logGet(46)) - raft.server.log.appender.install.snapshot.enabled = false (custom)
2023-01-26 20:30:57,755 [pool-315-thread-1] INFO  server.RaftServerConfigKeys (ConfUtils.java:logGet(46)) - raft.server.threadpool.server.cached = true (default)
2023-01-26 20:30:57,755 [pool-315-thread-1] INFO  server.RaftServerConfigKeys (ConfUtils.java:logGet(46)) - raft.server.threadpool.server.size = 0 (default)
2023-01-26 20:30:57,755 [pool-315-thread-1] INFO  server.RaftServerConfigKeys (ConfUtils.java:logGet(46)) - raft.server.threadpool.client.cached = true (default)
2023-01-26 20:30:57,755 [pool-315-thread-1] INFO  server.RaftServerConfigKeys (ConfUtils.java:logGet(46)) - raft.server.threadpool.client.size = 0 (default)
2023-01-26 20:30:57,755 [pool-315-thread-1] INFO  storage.RaftStorageDirectory (RaftStorageDirectoryImpl.java:analyzeStorage(137)) - The storage directory /home/runner/work/ozone/ozone/hadoop-ozone/integration-test/target/test-dir/MiniOzoneClusterImpl-83fec8cd-5b22-4757-ae00-8ce138a916fc/datanode-2/data/ratis/ab16cabc-b199-41c2-a545-e6729a0fa6af does not exist. Creating ...
2023-01-26 20:30:57,756 [pool-315-thread-1] INFO  storage.RaftStorageDirectory (RaftStorageDirectoryImpl.java:tryLock(231)) - Lock on /home/runner/work/ozone/ozone/hadoop-ozone/integration-test/target/test-dir/MiniOzoneClusterImpl-83fec8cd-5b22-4757-ae00-8ce138a916fc/datanode-2/data/ratis/ab16cabc-b199-41c2-a545-e6729a0fa6af/in_use.lock acquired by nodename 10488@fv-az462-54
2023-01-26 20:30:57,757 [pool-315-thread-1] INFO  storage.RaftStorage (RaftStorageImpl.java:format(96)) - Storage directory /home/runner/work/ozone/ozone/hadoop-ozone/integration-test/target/test-dir/MiniOzoneClusterImpl-83fec8cd-5b22-4757-ae00-8ce138a916fc/datanode-2/data/ratis/ab16cabc-b199-41c2-a545-e6729a0fa6af has been successfully formatted.
2023-01-26 20:30:57,758 [pool-315-thread-1] INFO  ratis.ContainerStateMachine (ContainerStateMachine.java:loadSnapshot(240)) - group-E6729A0FA6AF: The snapshot info is null. Setting the last applied indexto:(t:0, i:~)
2023-01-26 20:30:57,758 [pool-315-thread-1] INFO  server.RaftServerConfigKeys (ConfUtils.java:logGet(46)) - raft.server.log.use.memory = false (default)
2023-01-26 20:30:57,758 [pool-315-thread-1] INFO  server.RaftServerConfigKeys (ConfUtils.java:logGet(46)) - raft.server.log.purge.gap = 1000000 (custom)
2023-01-26 20:30:57,758 [pool-315-thread-1] INFO  server.RaftServerConfigKeys (ConfUtils.java:logGet(46)) - raft.server.log.appender.buffer.byte-limit = 33554432 (custom)
2023-01-26 20:30:57,759 [pool-315-thread-1] INFO  server.RaftServerConfigKeys (ConfUtils.java:logGet(46)) - raft.server.log.statemachine.data.read.timeout = 1000ms (default)
2023-01-26 20:30:57,759 [pool-315-thread-1] INFO  server.RaftServerConfigKeys (ConfUtils.java:logGet(46)) - raft.server.log.purge.preservation.log.num = 0 (default)
2023-01-26 20:30:57,759 [pool-315-thread-1] INFO  server.RaftServerConfigKeys (ConfUtils.java:logGet(46)) - raft.server.log.segment.size.max = 1048576 (custom)
2023-01-26 20:30:57,759 [pool-315-thread-1] INFO  server.RaftServerConfigKeys (ConfUtils.java:logGet(46)) - raft.server.log.segment.cache.num.max = 2 (custom)
2023-01-26 20:30:57,759 [pool-315-thread-1] INFO  server.RaftServerConfigKeys (ConfUtils.java:logGet(46)) - raft.server.log.segment.cache.size.max = 200MB (=209715200) (default)
2023-01-26 20:30:57,759 [pool-315-thread-1] INFO  segmented.SegmentedRaftLogWorker (SegmentedRaftLogWorker.java:<init>(189)) - new f73d43d0-b19f-4135-8753-89f8dbf44938@group-E6729A0FA6AF-SegmentedRaftLogWorker for RaftStorageImpl:Storage Directory /home/runner/work/ozone/ozone/hadoop-ozone/integration-test/target/test-dir/MiniOzoneClusterImpl-83fec8cd-5b22-4757-ae00-8ce138a916fc/datanode-2/data/ratis/ab16cabc-b199-41c2-a545-e6729a0fa6af
2023-01-26 20:30:57,759 [pool-315-thread-1] INFO  server.RaftServerConfigKeys (ConfUtils.java:logGet(46)) - raft.server.log.queue.byte-limit = 4294967296 (custom)
2023-01-26 20:30:57,759 [pool-315-thread-1] INFO  server.RaftServerConfigKeys (ConfUtils.java:logGet(46)) - raft.server.log.queue.element-limit = 1024 (custom)
2023-01-26 20:30:57,759 [pool-315-thread-1] INFO  server.RaftServerConfigKeys (ConfUtils.java:logGet(46)) - raft.server.log.segment.size.max = 1048576 (custom)
2023-01-26 20:30:57,759 [pool-315-thread-1] INFO  server.RaftServerConfigKeys (ConfUtils.java:logGet(46)) - raft.server.log.preallocated.size = 16384 (custom)
2023-01-26 20:30:57,759 [pool-315-thread-1] INFO  server.RaftServerConfigKeys (ConfUtils.java:logGet(46)) - raft.server.log.force.sync.num = 128 (default)
2023-01-26 20:30:57,760 [pool-315-thread-1] INFO  server.RaftServerConfigKeys (ConfUtils.java:logGet(46)) - raft.server.log.statemachine.data.sync = true (default)
2023-01-26 20:30:57,760 [pool-315-thread-1] INFO  server.RaftServerConfigKeys (ConfUtils.java:logGet(46)) - raft.server.log.statemachine.data.sync.timeout = 10s (default)
2023-01-26 20:30:57,760 [pool-315-thread-1] INFO  server.RaftServerConfigKeys (ConfUtils.java:logGet(46)) - raft.server.log.statemachine.data.sync.timeout.retry = -1 (default)
2023-01-26 20:30:57,760 [pool-315-thread-1] INFO  server.RaftServerConfigKeys (ConfUtils.java:logGet(46)) - raft.server.log.write.buffer.size = 1048576 (custom)
2023-01-26 20:30:57,761 [pool-315-thread-1] INFO  server.RaftServerConfigKeys (ConfUtils.java:logGet(46)) - raft.server.log.appender.buffer.byte-limit = 33554432 (custom)
2023-01-26 20:30:57,766 [pool-315-thread-1] INFO  server.RaftServerConfigKeys (ConfUtils.java:logGet(46)) - raft.server.log.unsafe-flush.enabled = false (default)
2023-01-26 20:30:57,766 [pool-315-thread-1] INFO  server.RaftServerConfigKeys (ConfUtils.java:logGet(46)) - raft.server.log.async-flush.enabled = false (default)
2023-01-26 20:30:57,766 [pool-315-thread-1] INFO  server.RaftServerConfigKeys (ConfUtils.java:logGet(46)) - raft.server.log.statemachine.data.caching.enabled = true (custom)
2023-01-26 20:30:57,766 [pool-315-thread-1] INFO  segmented.SegmentedRaftLogWorker (SegmentedRaftLogWorker.java:lambda$new$0(135)) - f73d43d0-b19f-4135-8753-89f8dbf44938@group-E6729A0FA6AF-SegmentedRaftLogWorker: flushIndex: setUnconditionally 0 -> -1
2023-01-26 20:30:57,766 [pool-315-thread-1] INFO  segmented.SegmentedRaftLogWorker (SegmentedRaftLogWorker.java:lambda$new$0(135)) - f73d43d0-b19f-4135-8753-89f8dbf44938@group-E6729A0FA6AF-SegmentedRaftLogWorker: safeCacheEvictIndex: setUnconditionally 0 -> -1
2023-01-26 20:30:57,766 [pool-315-thread-1] INFO  server.RaftServer$Division (RaftServerImpl.java:start(334)) - f73d43d0-b19f-4135-8753-89f8dbf44938@group-E6729A0FA6AF: start as a follower, conf=-1: peers:[33ea618b-d9cc-459d-a0c4-e4ecfab2c991|rpc:10.1.0.15:39387|dataStream:10.1.0.15:39857|priority:1|startupRole:FOLLOWER, f73d43d0-b19f-4135-8753-89f8dbf44938|rpc:10.1.0.15:40817|dataStream:10.1.0.15:41077|priority:0|startupRole:FOLLOWER, 7e0f7051-7df6-4c7d-992e-efcf57e991e1|rpc:10.1.0.15:44005|dataStream:10.1.0.15:38183|priority:0|startupRole:FOLLOWER]|listeners:[], old=null
2023-01-26 20:30:57,766 [pool-315-thread-1] INFO  server.RaftServer$Division (RaftServerImpl.java:setRole(321)) - f73d43d0-b19f-4135-8753-89f8dbf44938@group-E6729A0FA6AF: changes role from      null to FOLLOWER at term 0 for startAsFollower
2023-01-26 20:30:57,766 [pool-315-thread-1] INFO  impl.RoleInfo (RoleInfo.java:updateAndGet(139)) - f73d43d0-b19f-4135-8753-89f8dbf44938: start f73d43d0-b19f-4135-8753-89f8dbf44938@group-E6729A0FA6AF-FollowerState
2023-01-26 20:30:57,767 [pool-315-thread-1] INFO  util.JmxRegister (JmxRegister.java:tryRegister(44)) - Successfully registered JMX Bean with object name Ratis:service=RaftServer,group=group-E6729A0FA6AF,id=f73d43d0-b19f-4135-8753-89f8dbf44938
2023-01-26 20:30:57,767 [pool-315-thread-1] INFO  server.RaftServerConfigKeys (ConfUtils.java:logGet(46)) - raft.server.snapshot.auto.trigger.enabled = true (custom)
2023-01-26 20:30:57,767 [pool-315-thread-1] INFO  server.RaftServerConfigKeys (ConfUtils.java:logGet(46)) - raft.server.snapshot.auto.trigger.threshold = 10000 (custom)
2023-01-26 20:30:57,767 [pool-315-thread-1] INFO  server.RaftServerConfigKeys (ConfUtils.java:logGet(46)) - raft.server.snapshot.retention.file.num = 5 (custom)
2023-01-26 20:30:57,767 [f73d43d0-b19f-4135-8753-89f8dbf44938@group-E6729A0FA6AF-FollowerState] INFO  server.RaftServerConfigKeys (ConfUtils.java:logFallback(53)) - raft.server.rpc.first-election.timeout.min = 5s (fallback to raft.server.rpc.timeout.min)
2023-01-26 20:30:57,767 [f73d43d0-b19f-4135-8753-89f8dbf44938@group-E6729A0FA6AF-FollowerState] INFO  server.RaftServerConfigKeys (ConfUtils.java:logFallback(53)) - raft.server.rpc.first-election.timeout.max = 5200ms (fallback to raft.server.rpc.timeout.max)
2023-01-26 20:30:57,767 [pool-315-thread-1] INFO  server.RaftServerConfigKeys (ConfUtils.java:logGet(46)) - raft.server.log.purge.upto.snapshot.index = false (default)
2023-01-26 20:30:57,779 [grpc-default-executor-0] INFO  server.RaftServer (RaftServerProxy.java:addNew(96)) - 7e0f7051-7df6-4c7d-992e-efcf57e991e1: addNew group-E6729A0FA6AF:[33ea618b-d9cc-459d-a0c4-e4ecfab2c991|rpc:10.1.0.15:39387|dataStream:10.1.0.15:39857|priority:1|startupRole:FOLLOWER, f73d43d0-b19f-4135-8753-89f8dbf44938|rpc:10.1.0.15:40817|dataStream:10.1.0.15:41077|priority:0|startupRole:FOLLOWER, 7e0f7051-7df6-4c7d-992e-efcf57e991e1|rpc:10.1.0.15:44005|dataStream:10.1.0.15:38183|priority:0|startupRole:FOLLOWER] returns group-E6729A0FA6AF:java.util.concurrent.CompletableFuture@4965213f[Not completed]
2023-01-26 20:30:57,780 [pool-293-thread-1] INFO  server.RaftServer$Division (RaftServerImpl.java:<init>(195)) - 7e0f7051-7df6-4c7d-992e-efcf57e991e1: new RaftServerImpl for group-E6729A0FA6AF:[33ea618b-d9cc-459d-a0c4-e4ecfab2c991|rpc:10.1.0.15:39387|dataStream:10.1.0.15:39857|priority:1|startupRole:FOLLOWER, f73d43d0-b19f-4135-8753-89f8dbf44938|rpc:10.1.0.15:40817|dataStream:10.1.0.15:41077|priority:0|startupRole:FOLLOWER, 7e0f7051-7df6-4c7d-992e-efcf57e991e1|rpc:10.1.0.15:44005|dataStream:10.1.0.15:38183|priority:0|startupRole:FOLLOWER] with ContainerStateMachine:uninitialized
2023-01-26 20:30:57,780 [pool-293-thread-1] INFO  server.RaftServerConfigKeys (ConfUtils.java:logGet(46)) - raft.server.rpc.timeout.min = 5s (custom)
2023-01-26 20:30:57,780 [pool-293-thread-1] INFO  server.RaftServerConfigKeys (ConfUtils.java:logGet(46)) - raft.server.rpc.timeout.max = 5200ms (custom)
2023-01-26 20:30:57,780 [pool-293-thread-1] INFO  server.RaftServerConfigKeys (ConfUtils.java:logGet(46)) - raft.server.rpc.sleep.time = 25ms (default)
2023-01-26 20:30:57,780 [pool-293-thread-1] INFO  server.RaftServerConfigKeys (ConfUtils.java:logGet(46)) - raft.server.rpc.slowness.timeout = 300s (custom)
2023-01-26 20:30:57,780 [pool-293-thread-1] INFO  server.RaftServerConfigKeys (ConfUtils.java:logGet(46)) - raft.server.leaderelection.leader.step-down.wait-time = 10s (default)
2023-01-26 20:30:57,780 [pool-293-thread-1] INFO  server.RaftServerConfigKeys (ConfUtils.java:logGet(46)) - raft.server.sleep.deviation.threshold = 300ms (default)
2023-01-26 20:30:57,780 [pool-293-thread-1] INFO  server.RaftServer$Division (ServerState.java:<init>(118)) - 7e0f7051-7df6-4c7d-992e-efcf57e991e1@group-E6729A0FA6AF: ConfigurationManager, init=-1: peers:[33ea618b-d9cc-459d-a0c4-e4ecfab2c991|rpc:10.1.0.15:39387|dataStream:10.1.0.15:39857|priority:1|startupRole:FOLLOWER, f73d43d0-b19f-4135-8753-89f8dbf44938|rpc:10.1.0.15:40817|dataStream:10.1.0.15:41077|priority:0|startupRole:FOLLOWER, 7e0f7051-7df6-4c7d-992e-efcf57e991e1|rpc:10.1.0.15:44005|dataStream:10.1.0.15:38183|priority:0|startupRole:FOLLOWER]|listeners:[], old=null, confs=<EMPTY_MAP>
2023-01-26 20:30:57,780 [pool-293-thread-1] INFO  server.RaftServerConfigKeys (ConfUtils.java:logGet(46)) - raft.server.storage.dir = [/home/runner/work/ozone/ozone/hadoop-ozone/integration-test/target/test-dir/MiniOzoneClusterImpl-83fec8cd-5b22-4757-ae00-8ce138a916fc/datanode-1/data/ratis] (custom)
2023-01-26 20:30:57,780 [pool-293-thread-1] INFO  server.RaftServerConfigKeys (ConfUtils.java:logGet(46)) - raft.server.log.corruption.policy = EXCEPTION (default)
2023-01-26 20:30:57,781 [pool-293-thread-1] INFO  server.RaftServerConfigKeys (ConfUtils.java:logGet(46)) - raft.server.storage.free-space.min = 0MB (=0) (default)
2023-01-26 20:30:57,781 [pool-293-thread-1] INFO  server.RaftServerConfigKeys (ConfUtils.java:logGet(46)) - raft.server.notification.no-leader.timeout = 300s (custom)
2023-01-26 20:30:57,781 [pool-293-thread-1] INFO  server.RaftServerConfigKeys (ConfUtils.java:logGet(46)) - raft.server.retrycache.expirytime = 600000ms (custom)
2023-01-26 20:30:57,781 [pool-293-thread-1] INFO  server.RaftServerConfigKeys (ConfUtils.java:logGet(46)) - raft.server.retrycache.statistics.expirytime = 100μs (default)
2023-01-26 20:30:57,781 [pool-293-thread-1] INFO  server.RaftServerConfigKeys (ConfUtils.java:logGet(46)) - raft.server.log.appender.install.snapshot.enabled = false (custom)
2023-01-26 20:30:57,781 [pool-293-thread-1] INFO  server.RaftServerConfigKeys (ConfUtils.java:logGet(46)) - raft.server.threadpool.server.cached = true (default)
2023-01-26 20:30:57,781 [pool-293-thread-1] INFO  server.RaftServerConfigKeys (ConfUtils.java:logGet(46)) - raft.server.threadpool.server.size = 0 (default)
2023-01-26 20:30:57,781 [pool-293-thread-1] INFO  server.RaftServerConfigKeys (ConfUtils.java:logGet(46)) - raft.server.threadpool.client.cached = true (default)
2023-01-26 20:30:57,781 [pool-293-thread-1] INFO  server.RaftServerConfigKeys (ConfUtils.java:logGet(46)) - raft.server.threadpool.client.size = 0 (default)
2023-01-26 20:30:57,782 [pool-293-thread-1] INFO  storage.RaftStorageDirectory (RaftStorageDirectoryImpl.java:analyzeStorage(137)) - The storage directory /home/runner/work/ozone/ozone/hadoop-ozone/integration-test/target/test-dir/MiniOzoneClusterImpl-83fec8cd-5b22-4757-ae00-8ce138a916fc/datanode-1/data/ratis/ab16cabc-b199-41c2-a545-e6729a0fa6af does not exist. Creating ...
2023-01-26 20:30:57,783 [pool-293-thread-1] INFO  storage.RaftStorageDirectory (RaftStorageDirectoryImpl.java:tryLock(231)) - Lock on /home/runner/work/ozone/ozone/hadoop-ozone/integration-test/target/test-dir/MiniOzoneClusterImpl-83fec8cd-5b22-4757-ae00-8ce138a916fc/datanode-1/data/ratis/ab16cabc-b199-41c2-a545-e6729a0fa6af/in_use.lock acquired by nodename 10488@fv-az462-54
2023-01-26 20:30:57,784 [pool-293-thread-1] INFO  storage.RaftStorage (RaftStorageImpl.java:format(96)) - Storage directory /home/runner/work/ozone/ozone/hadoop-ozone/integration-test/target/test-dir/MiniOzoneClusterImpl-83fec8cd-5b22-4757-ae00-8ce138a916fc/datanode-1/data/ratis/ab16cabc-b199-41c2-a545-e6729a0fa6af has been successfully formatted.
2023-01-26 20:30:57,785 [pool-293-thread-1] INFO  ratis.ContainerStateMachine (ContainerStateMachine.java:loadSnapshot(240)) - group-E6729A0FA6AF: The snapshot info is null. Setting the last applied indexto:(t:0, i:~)
2023-01-26 20:30:57,785 [pool-293-thread-1] INFO  server.RaftServerConfigKeys (ConfUtils.java:logGet(46)) - raft.server.log.use.memory = false (default)
2023-01-26 20:30:57,785 [pool-293-thread-1] INFO  server.RaftServerConfigKeys (ConfUtils.java:logGet(46)) - raft.server.log.purge.gap = 1000000 (custom)
2023-01-26 20:30:57,785 [pool-293-thread-1] INFO  server.RaftServerConfigKeys (ConfUtils.java:logGet(46)) - raft.server.log.appender.buffer.byte-limit = 33554432 (custom)
2023-01-26 20:30:57,785 [pool-293-thread-1] INFO  server.RaftServerConfigKeys (ConfUtils.java:logGet(46)) - raft.server.log.statemachine.data.read.timeout = 1000ms (default)
2023-01-26 20:30:57,785 [pool-293-thread-1] INFO  server.RaftServerConfigKeys (ConfUtils.java:logGet(46)) - raft.server.log.purge.preservation.log.num = 0 (default)
2023-01-26 20:30:57,785 [pool-293-thread-1] INFO  server.RaftServerConfigKeys (ConfUtils.java:logGet(46)) - raft.server.log.segment.size.max = 1048576 (custom)
2023-01-26 20:30:57,786 [pool-293-thread-1] INFO  server.RaftServerConfigKeys (ConfUtils.java:logGet(46)) - raft.server.log.segment.cache.num.max = 2 (custom)
2023-01-26 20:30:57,786 [pool-293-thread-1] INFO  server.RaftServerConfigKeys (ConfUtils.java:logGet(46)) - raft.server.log.segment.cache.size.max = 200MB (=209715200) (default)
2023-01-26 20:30:57,786 [pool-293-thread-1] INFO  segmented.SegmentedRaftLogWorker (SegmentedRaftLogWorker.java:<init>(189)) - new 7e0f7051-7df6-4c7d-992e-efcf57e991e1@group-E6729A0FA6AF-SegmentedRaftLogWorker for RaftStorageImpl:Storage Directory /home/runner/work/ozone/ozone/hadoop-ozone/integration-test/target/test-dir/MiniOzoneClusterImpl-83fec8cd-5b22-4757-ae00-8ce138a916fc/datanode-1/data/ratis/ab16cabc-b199-41c2-a545-e6729a0fa6af
2023-01-26 20:30:57,786 [pool-293-thread-1] INFO  server.RaftServerConfigKeys (ConfUtils.java:logGet(46)) - raft.server.log.queue.byte-limit = 4294967296 (custom)
2023-01-26 20:30:57,786 [pool-293-thread-1] INFO  server.RaftServerConfigKeys (ConfUtils.java:logGet(46)) - raft.server.log.queue.element-limit = 1024 (custom)
2023-01-26 20:30:57,786 [pool-293-thread-1] INFO  server.RaftServerConfigKeys (ConfUtils.java:logGet(46)) - raft.server.log.segment.size.max = 1048576 (custom)
2023-01-26 20:30:57,786 [pool-293-thread-1] INFO  server.RaftServerConfigKeys (ConfUtils.java:logGet(46)) - raft.server.log.preallocated.size = 16384 (custom)
2023-01-26 20:30:57,786 [pool-293-thread-1] INFO  server.RaftServerConfigKeys (ConfUtils.java:logGet(46)) - raft.server.log.force.sync.num = 128 (default)
2023-01-26 20:30:57,786 [pool-293-thread-1] INFO  server.RaftServerConfigKeys (ConfUtils.java:logGet(46)) - raft.server.log.statemachine.data.sync = true (default)
2023-01-26 20:30:57,786 [pool-293-thread-1] INFO  server.RaftServerConfigKeys (ConfUtils.java:logGet(46)) - raft.server.log.statemachine.data.sync.timeout = 10s (default)
2023-01-26 20:30:57,786 [pool-293-thread-1] INFO  server.RaftServerConfigKeys (ConfUtils.java:logGet(46)) - raft.server.log.statemachine.data.sync.timeout.retry = -1 (default)
2023-01-26 20:30:57,786 [pool-293-thread-1] INFO  server.RaftServerConfigKeys (ConfUtils.java:logGet(46)) - raft.server.log.write.buffer.size = 1048576 (custom)
2023-01-26 20:30:57,787 [pool-293-thread-1] INFO  server.RaftServerConfigKeys (ConfUtils.java:logGet(46)) - raft.server.log.appender.buffer.byte-limit = 33554432 (custom)
2023-01-26 20:30:57,793 [pool-293-thread-1] INFO  server.RaftServerConfigKeys (ConfUtils.java:logGet(46)) - raft.server.log.unsafe-flush.enabled = false (default)
2023-01-26 20:30:57,793 [pool-293-thread-1] INFO  server.RaftServerConfigKeys (ConfUtils.java:logGet(46)) - raft.server.log.async-flush.enabled = false (default)
2023-01-26 20:30:57,793 [pool-293-thread-1] INFO  server.RaftServerConfigKeys (ConfUtils.java:logGet(46)) - raft.server.log.statemachine.data.caching.enabled = true (custom)
2023-01-26 20:30:57,794 [pool-293-thread-1] INFO  segmented.SegmentedRaftLogWorker (SegmentedRaftLogWorker.java:lambda$new$0(135)) - 7e0f7051-7df6-4c7d-992e-efcf57e991e1@group-E6729A0FA6AF-SegmentedRaftLogWorker: flushIndex: setUnconditionally 0 -> -1
2023-01-26 20:30:57,794 [pool-293-thread-1] INFO  segmented.SegmentedRaftLogWorker (SegmentedRaftLogWorker.java:lambda$new$0(135)) - 7e0f7051-7df6-4c7d-992e-efcf57e991e1@group-E6729A0FA6AF-SegmentedRaftLogWorker: safeCacheEvictIndex: setUnconditionally 0 -> -1
2023-01-26 20:30:57,794 [pool-293-thread-1] INFO  server.RaftServer$Division (RaftServerImpl.java:start(334)) - 7e0f7051-7df6-4c7d-992e-efcf57e991e1@group-E6729A0FA6AF: start as a follower, conf=-1: peers:[33ea618b-d9cc-459d-a0c4-e4ecfab2c991|rpc:10.1.0.15:39387|dataStream:10.1.0.15:39857|priority:1|startupRole:FOLLOWER, f73d43d0-b19f-4135-8753-89f8dbf44938|rpc:10.1.0.15:40817|dataStream:10.1.0.15:41077|priority:0|startupRole:FOLLOWER, 7e0f7051-7df6-4c7d-992e-efcf57e991e1|rpc:10.1.0.15:44005|dataStream:10.1.0.15:38183|priority:0|startupRole:FOLLOWER]|listeners:[], old=null
2023-01-26 20:30:57,794 [pool-293-thread-1] INFO  server.RaftServer$Division (RaftServerImpl.java:setRole(321)) - 7e0f7051-7df6-4c7d-992e-efcf57e991e1@group-E6729A0FA6AF: changes role from      null to FOLLOWER at term 0 for startAsFollower
2023-01-26 20:30:57,794 [pool-293-thread-1] INFO  impl.RoleInfo (RoleInfo.java:updateAndGet(139)) - 7e0f7051-7df6-4c7d-992e-efcf57e991e1: start 7e0f7051-7df6-4c7d-992e-efcf57e991e1@group-E6729A0FA6AF-FollowerState
2023-01-26 20:30:57,795 [pool-293-thread-1] INFO  util.JmxRegister (JmxRegister.java:tryRegister(44)) - Successfully registered JMX Bean with object name Ratis:service=RaftServer,group=group-E6729A0FA6AF,id=7e0f7051-7df6-4c7d-992e-efcf57e991e1
2023-01-26 20:30:57,795 [7e0f7051-7df6-4c7d-992e-efcf57e991e1@group-E6729A0FA6AF-FollowerState] INFO  server.RaftServerConfigKeys (ConfUtils.java:logFallback(53)) - raft.server.rpc.first-election.timeout.min = 5s (fallback to raft.server.rpc.timeout.min)
2023-01-26 20:30:57,795 [7e0f7051-7df6-4c7d-992e-efcf57e991e1@group-E6729A0FA6AF-FollowerState] INFO  server.RaftServerConfigKeys (ConfUtils.java:logFallback(53)) - raft.server.rpc.first-election.timeout.max = 5200ms (fallback to raft.server.rpc.timeout.max)
2023-01-26 20:30:57,795 [pool-293-thread-1] INFO  server.RaftServerConfigKeys (ConfUtils.java:logGet(46)) - raft.server.snapshot.auto.trigger.enabled = true (custom)
2023-01-26 20:30:57,795 [pool-293-thread-1] INFO  server.RaftServerConfigKeys (ConfUtils.java:logGet(46)) - raft.server.snapshot.auto.trigger.threshold = 10000 (custom)
2023-01-26 20:30:57,795 [pool-293-thread-1] INFO  server.RaftServerConfigKeys (ConfUtils.java:logGet(46)) - raft.server.snapshot.retention.file.num = 5 (custom)
2023-01-26 20:30:57,795 [pool-293-thread-1] INFO  server.RaftServerConfigKeys (ConfUtils.java:logGet(46)) - raft.server.log.purge.upto.snapshot.index = false (default)
2023-01-26 20:30:57,801 [Command processor thread] INFO  commandhandler.CreatePipelineCommandHandler (CreatePipelineCommandHandler.java:handle(113)) - Created Pipeline RATIS THREE PipelineID=ab16cabc-b199-41c2-a545-e6729a0fa6af.
2023-01-26 20:30:57,861 [Listener at 127.0.0.1/37459] INFO  ozone.MiniOzoneClusterImpl (MiniOzoneClusterImpl.java:lambda$waitForClusterToBeReady$0(218)) - Nodes are ready. Got 5 of 5 DN Heartbeats.
2023-01-26 20:30:57,861 [Listener at 127.0.0.1/37459] INFO  ozone.MiniOzoneClusterImpl (MiniOzoneClusterImpl.java:lambda$waitForClusterToBeReady$0(221)) - Waiting for cluster to exit safe mode
2023-01-26 20:30:57,861 [Listener at 127.0.0.1/37459] INFO  ozone.MiniOzoneClusterImpl (MiniOzoneClusterImpl.java:lambda$waitForClusterToBeReady$0(223)) - SCM became leader
2023-01-26 20:30:57,945 [Command processor thread] INFO  server.RaftServer (RaftServerProxy.java:addNew(96)) - 7e0f7051-7df6-4c7d-992e-efcf57e991e1: addNew group-F21455778337:[7e0f7051-7df6-4c7d-992e-efcf57e991e1|rpc:10.1.0.15:44005|dataStream:10.1.0.15:38183|priority:1|startupRole:FOLLOWER] returns group-F21455778337:java.util.concurrent.CompletableFuture@376b4294[Not completed]
2023-01-26 20:30:57,946 [pool-293-thread-1] INFO  server.RaftServer$Division (RaftServerImpl.java:<init>(195)) - 7e0f7051-7df6-4c7d-992e-efcf57e991e1: new RaftServerImpl for group-F21455778337:[7e0f7051-7df6-4c7d-992e-efcf57e991e1|rpc:10.1.0.15:44005|dataStream:10.1.0.15:38183|priority:1|startupRole:FOLLOWER] with ContainerStateMachine:uninitialized
2023-01-26 20:30:57,946 [pool-293-thread-1] INFO  server.RaftServerConfigKeys (ConfUtils.java:logGet(46)) - raft.server.rpc.timeout.min = 5s (custom)
2023-01-26 20:30:57,946 [pool-293-thread-1] INFO  server.RaftServerConfigKeys (ConfUtils.java:logGet(46)) - raft.server.rpc.timeout.max = 5200ms (custom)
2023-01-26 20:30:57,946 [pool-293-thread-1] INFO  server.RaftServerConfigKeys (ConfUtils.java:logGet(46)) - raft.server.rpc.sleep.time = 25ms (default)
2023-01-26 20:30:57,947 [pool-293-thread-1] INFO  server.RaftServerConfigKeys (ConfUtils.java:logGet(46)) - raft.server.rpc.slowness.timeout = 300s (custom)
2023-01-26 20:30:57,947 [pool-293-thread-1] INFO  server.RaftServerConfigKeys (ConfUtils.java:logGet(46)) - raft.server.leaderelection.leader.step-down.wait-time = 10s (default)
2023-01-26 20:30:57,947 [pool-293-thread-1] INFO  server.RaftServerConfigKeys (ConfUtils.java:logGet(46)) - raft.server.sleep.deviation.threshold = 300ms (default)
2023-01-26 20:30:57,947 [pool-293-thread-1] INFO  server.RaftServer$Division (ServerState.java:<init>(118)) - 7e0f7051-7df6-4c7d-992e-efcf57e991e1@group-F21455778337: ConfigurationManager, init=-1: peers:[7e0f7051-7df6-4c7d-992e-efcf57e991e1|rpc:10.1.0.15:44005|dataStream:10.1.0.15:38183|priority:1|startupRole:FOLLOWER]|listeners:[], old=null, confs=<EMPTY_MAP>
2023-01-26 20:30:57,947 [pool-293-thread-1] INFO  server.RaftServerConfigKeys (ConfUtils.java:logGet(46)) - raft.server.storage.dir = [/home/runner/work/ozone/ozone/hadoop-ozone/integration-test/target/test-dir/MiniOzoneClusterImpl-83fec8cd-5b22-4757-ae00-8ce138a916fc/datanode-1/data/ratis] (custom)
2023-01-26 20:30:57,947 [pool-293-thread-1] INFO  server.RaftServerConfigKeys (ConfUtils.java:logGet(46)) - raft.server.log.corruption.policy = EXCEPTION (default)
2023-01-26 20:30:57,947 [pool-293-thread-1] INFO  server.RaftServerConfigKeys (ConfUtils.java:logGet(46)) - raft.server.storage.free-space.min = 0MB (=0) (default)
2023-01-26 20:30:57,947 [pool-293-thread-1] INFO  server.RaftServerConfigKeys (ConfUtils.java:logGet(46)) - raft.server.notification.no-leader.timeout = 300s (custom)
2023-01-26 20:30:57,947 [pool-293-thread-1] INFO  server.RaftServerConfigKeys (ConfUtils.java:logGet(46)) - raft.server.retrycache.expirytime = 600000ms (custom)
2023-01-26 20:30:57,947 [pool-293-thread-1] INFO  server.RaftServerConfigKeys (ConfUtils.java:logGet(46)) - raft.server.retrycache.statistics.expirytime = 100μs (default)
2023-01-26 20:30:57,948 [pool-293-thread-1] INFO  server.RaftServerConfigKeys (ConfUtils.java:logGet(46)) - raft.server.log.appender.install.snapshot.enabled = false (custom)
2023-01-26 20:30:57,948 [pool-293-thread-1] INFO  server.RaftServerConfigKeys (ConfUtils.java:logGet(46)) - raft.server.threadpool.server.cached = true (default)
2023-01-26 20:30:57,948 [pool-293-thread-1] INFO  server.RaftServerConfigKeys (ConfUtils.java:logGet(46)) - raft.server.threadpool.server.size = 0 (default)
2023-01-26 20:30:57,948 [pool-293-thread-1] INFO  server.RaftServerConfigKeys (ConfUtils.java:logGet(46)) - raft.server.threadpool.client.cached = true (default)
2023-01-26 20:30:57,948 [pool-293-thread-1] INFO  server.RaftServerConfigKeys (ConfUtils.java:logGet(46)) - raft.server.threadpool.client.size = 0 (default)
2023-01-26 20:30:57,949 [pool-293-thread-1] INFO  storage.RaftStorageDirectory (RaftStorageDirectoryImpl.java:analyzeStorage(137)) - The storage directory /home/runner/work/ozone/ozone/hadoop-ozone/integration-test/target/test-dir/MiniOzoneClusterImpl-83fec8cd-5b22-4757-ae00-8ce138a916fc/datanode-1/data/ratis/205a0ba4-f5a3-4d7f-aa13-f21455778337 does not exist. Creating ...
2023-01-26 20:30:57,951 [pool-293-thread-1] INFO  storage.RaftStorageDirectory (RaftStorageDirectoryImpl.java:tryLock(231)) - Lock on /home/runner/work/ozone/ozone/hadoop-ozone/integration-test/target/test-dir/MiniOzoneClusterImpl-83fec8cd-5b22-4757-ae00-8ce138a916fc/datanode-1/data/ratis/205a0ba4-f5a3-4d7f-aa13-f21455778337/in_use.lock acquired by nodename 10488@fv-az462-54
2023-01-26 20:30:57,952 [pool-293-thread-1] INFO  storage.RaftStorage (RaftStorageImpl.java:format(96)) - Storage directory /home/runner/work/ozone/ozone/hadoop-ozone/integration-test/target/test-dir/MiniOzoneClusterImpl-83fec8cd-5b22-4757-ae00-8ce138a916fc/datanode-1/data/ratis/205a0ba4-f5a3-4d7f-aa13-f21455778337 has been successfully formatted.
2023-01-26 20:30:57,952 [pool-293-thread-1] INFO  ratis.ContainerStateMachine (ContainerStateMachine.java:loadSnapshot(240)) - group-F21455778337: The snapshot info is null. Setting the last applied indexto:(t:0, i:~)
2023-01-26 20:30:57,953 [pool-293-thread-1] INFO  server.RaftServerConfigKeys (ConfUtils.java:logGet(46)) - raft.server.log.use.memory = false (default)
2023-01-26 20:30:57,953 [pool-293-thread-1] INFO  server.RaftServerConfigKeys (ConfUtils.java:logGet(46)) - raft.server.log.purge.gap = 1000000 (custom)
2023-01-26 20:30:57,953 [pool-293-thread-1] INFO  server.RaftServerConfigKeys (ConfUtils.java:logGet(46)) - raft.server.log.appender.buffer.byte-limit = 33554432 (custom)
2023-01-26 20:30:57,953 [pool-293-thread-1] INFO  server.RaftServerConfigKeys (ConfUtils.java:logGet(46)) - raft.server.log.statemachine.data.read.timeout = 1000ms (default)
2023-01-26 20:30:57,953 [pool-293-thread-1] INFO  server.RaftServerConfigKeys (ConfUtils.java:logGet(46)) - raft.server.log.purge.preservation.log.num = 0 (default)
2023-01-26 20:30:57,953 [EventQueue-PipelineReportForPipelineReportHandler] INFO  pipeline.PipelineManagerImpl (PipelineManagerImpl.java:openPipeline(367)) - Pipeline Pipeline[ Id: 205a0ba4-f5a3-4d7f-aa13-f21455778337, Nodes: 7e0f7051-7df6-4c7d-992e-efcf57e991e1(fv-az462-54.0zuljvm5d0yedf4jva4xayy4gc.gx.internal.cloudapp.net/10.1.0.15), ReplicationConfig: RATIS/ONE, State:ALLOCATED, leaderId:7e0f7051-7df6-4c7d-992e-efcf57e991e1, CreationTimestamp2023-01-26T20:30:54.949Z[Etc/UTC]] moved to OPEN state
2023-01-26 20:30:57,954 [EventQueue-OpenPipelineForHealthyPipelineSafeModeRule] INFO  safemode.SCMSafeModeManager (HealthyPipelineSafeModeRule.java:process(137)) - SCM in safe mode. Healthy pipelines reported count is 0, required healthy pipeline reported count is 1
2023-01-26 20:30:57,954 [pool-293-thread-1] INFO  server.RaftServerConfigKeys (ConfUtils.java:logGet(46)) - raft.server.log.segment.size.max = 1048576 (custom)
2023-01-26 20:30:57,954 [pool-293-thread-1] INFO  server.RaftServerConfigKeys (ConfUtils.java:logGet(46)) - raft.server.log.segment.cache.num.max = 2 (custom)
2023-01-26 20:30:57,954 [pool-293-thread-1] INFO  server.RaftServerConfigKeys (ConfUtils.java:logGet(46)) - raft.server.log.segment.cache.size.max = 200MB (=209715200) (default)
2023-01-26 20:30:57,955 [pool-293-thread-1] INFO  segmented.SegmentedRaftLogWorker (SegmentedRaftLogWorker.java:<init>(189)) - new 7e0f7051-7df6-4c7d-992e-efcf57e991e1@group-F21455778337-SegmentedRaftLogWorker for RaftStorageImpl:Storage Directory /home/runner/work/ozone/ozone/hadoop-ozone/integration-test/target/test-dir/MiniOzoneClusterImpl-83fec8cd-5b22-4757-ae00-8ce138a916fc/datanode-1/data/ratis/205a0ba4-f5a3-4d7f-aa13-f21455778337
2023-01-26 20:30:57,955 [pool-293-thread-1] INFO  server.RaftServerConfigKeys (ConfUtils.java:logGet(46)) - raft.server.log.queue.byte-limit = 4294967296 (custom)
2023-01-26 20:30:57,955 [pool-293-thread-1] INFO  server.RaftServerConfigKeys (ConfUtils.java:logGet(46)) - raft.server.log.queue.element-limit = 1024 (custom)
2023-01-26 20:30:57,955 [pool-293-thread-1] INFO  server.RaftServerConfigKeys (ConfUtils.java:logGet(46)) - raft.server.log.segment.size.max = 1048576 (custom)
2023-01-26 20:30:57,955 [pool-293-thread-1] INFO  server.RaftServerConfigKeys (ConfUtils.java:logGet(46)) - raft.server.log.preallocated.size = 16384 (custom)
2023-01-26 20:30:57,955 [pool-293-thread-1] INFO  server.RaftServerConfigKeys (ConfUtils.java:logGet(46)) - raft.server.log.force.sync.num = 128 (default)
2023-01-26 20:30:57,955 [pool-293-thread-1] INFO  server.RaftServerConfigKeys (ConfUtils.java:logGet(46)) - raft.server.log.statemachine.data.sync = true (default)
2023-01-26 20:30:57,955 [pool-293-thread-1] INFO  server.RaftServerConfigKeys (ConfUtils.java:logGet(46)) - raft.server.log.statemachine.data.sync.timeout = 10s (default)
2023-01-26 20:30:57,955 [pool-293-thread-1] INFO  server.RaftServerConfigKeys (ConfUtils.java:logGet(46)) - raft.server.log.statemachine.data.sync.timeout.retry = -1 (default)
2023-01-26 20:30:57,955 [pool-293-thread-1] INFO  server.RaftServerConfigKeys (ConfUtils.java:logGet(46)) - raft.server.log.write.buffer.size = 1048576 (custom)
2023-01-26 20:30:57,955 [pool-293-thread-1] INFO  server.RaftServerConfigKeys (ConfUtils.java:logGet(46)) - raft.server.log.appender.buffer.byte-limit = 33554432 (custom)
2023-01-26 20:30:57,960 [pool-293-thread-1] INFO  server.RaftServerConfigKeys (ConfUtils.java:logGet(46)) - raft.server.log.unsafe-flush.enabled = false (default)
2023-01-26 20:30:57,960 [pool-293-thread-1] INFO  server.RaftServerConfigKeys (ConfUtils.java:logGet(46)) - raft.server.log.async-flush.enabled = false (default)
2023-01-26 20:30:57,960 [pool-293-thread-1] INFO  server.RaftServerConfigKeys (ConfUtils.java:logGet(46)) - raft.server.log.statemachine.data.caching.enabled = true (custom)
2023-01-26 20:30:57,960 [pool-293-thread-1] INFO  segmented.SegmentedRaftLogWorker (SegmentedRaftLogWorker.java:lambda$new$0(135)) - 7e0f7051-7df6-4c7d-992e-efcf57e991e1@group-F21455778337-SegmentedRaftLogWorker: flushIndex: setUnconditionally 0 -> -1
2023-01-26 20:30:57,960 [pool-293-thread-1] INFO  segmented.SegmentedRaftLogWorker (SegmentedRaftLogWorker.java:lambda$new$0(135)) - 7e0f7051-7df6-4c7d-992e-efcf57e991e1@group-F21455778337-SegmentedRaftLogWorker: safeCacheEvictIndex: setUnconditionally 0 -> -1
2023-01-26 20:30:57,961 [pool-293-thread-1] INFO  server.RaftServer$Division (RaftServerImpl.java:start(334)) - 7e0f7051-7df6-4c7d-992e-efcf57e991e1@group-F21455778337: start as a follower, conf=-1: peers:[7e0f7051-7df6-4c7d-992e-efcf57e991e1|rpc:10.1.0.15:44005|dataStream:10.1.0.15:38183|priority:1|startupRole:FOLLOWER]|listeners:[], old=null
2023-01-26 20:30:57,961 [pool-293-thread-1] INFO  server.RaftServer$Division (RaftServerImpl.java:setRole(321)) - 7e0f7051-7df6-4c7d-992e-efcf57e991e1@group-F21455778337: changes role from      null to FOLLOWER at term 0 for startAsFollower
2023-01-26 20:30:57,961 [pool-293-thread-1] INFO  impl.RoleInfo (RoleInfo.java:updateAndGet(139)) - 7e0f7051-7df6-4c7d-992e-efcf57e991e1: start 7e0f7051-7df6-4c7d-992e-efcf57e991e1@group-F21455778337-FollowerState
2023-01-26 20:30:57,961 [7e0f7051-7df6-4c7d-992e-efcf57e991e1@group-F21455778337-FollowerState] INFO  server.RaftServerConfigKeys (ConfUtils.java:logFallback(53)) - raft.server.rpc.first-election.timeout.min = 5s (fallback to raft.server.rpc.timeout.min)
2023-01-26 20:30:57,966 [pool-293-thread-1] INFO  util.JmxRegister (JmxRegister.java:tryRegister(44)) - Successfully registered JMX Bean with object name Ratis:service=RaftServer,group=group-F21455778337,id=7e0f7051-7df6-4c7d-992e-efcf57e991e1
2023-01-26 20:30:57,967 [pool-293-thread-1] INFO  server.RaftServerConfigKeys (ConfUtils.java:logGet(46)) - raft.server.snapshot.auto.trigger.enabled = true (custom)
2023-01-26 20:30:57,967 [pool-293-thread-1] INFO  server.RaftServerConfigKeys (ConfUtils.java:logGet(46)) - raft.server.snapshot.auto.trigger.threshold = 10000 (custom)
2023-01-26 20:30:57,967 [pool-293-thread-1] INFO  server.RaftServerConfigKeys (ConfUtils.java:logGet(46)) - raft.server.snapshot.retention.file.num = 5 (custom)
2023-01-26 20:30:57,967 [pool-293-thread-1] INFO  server.RaftServerConfigKeys (ConfUtils.java:logGet(46)) - raft.server.log.purge.upto.snapshot.index = false (default)
2023-01-26 20:30:57,967 [7e0f7051-7df6-4c7d-992e-efcf57e991e1@group-F21455778337-FollowerState] INFO  server.RaftServerConfigKeys (ConfUtils.java:logFallback(53)) - raft.server.rpc.first-election.timeout.max = 5200ms (fallback to raft.server.rpc.timeout.max)
2023-01-26 20:30:57,968 [Command processor thread] INFO  ratis.XceiverServerRatis (XceiverServerRatis.java:addGroup(806)) - Created group PipelineID=205a0ba4-f5a3-4d7f-aa13-f21455778337
2023-01-26 20:30:57,968 [Command processor thread] INFO  commandhandler.CreatePipelineCommandHandler (CreatePipelineCommandHandler.java:handle(113)) - Created Pipeline RATIS ONE PipelineID=205a0ba4-f5a3-4d7f-aa13-f21455778337.
2023-01-26 20:30:58,254 [Command processor thread] INFO  server.RaftServer (RaftServerProxy.java:addNew(96)) - f73d43d0-b19f-4135-8753-89f8dbf44938: addNew group-5EB2E6047A55:[f73d43d0-b19f-4135-8753-89f8dbf44938|rpc:10.1.0.15:40817|dataStream:10.1.0.15:41077|priority:1|startupRole:FOLLOWER] returns group-5EB2E6047A55:java.util.concurrent.CompletableFuture@61af7e8c[Not completed]
2023-01-26 20:30:58,255 [pool-315-thread-1] INFO  server.RaftServer$Division (RaftServerImpl.java:<init>(195)) - f73d43d0-b19f-4135-8753-89f8dbf44938: new RaftServerImpl for group-5EB2E6047A55:[f73d43d0-b19f-4135-8753-89f8dbf44938|rpc:10.1.0.15:40817|dataStream:10.1.0.15:41077|priority:1|startupRole:FOLLOWER] with ContainerStateMachine:uninitialized
2023-01-26 20:30:58,255 [pool-315-thread-1] INFO  server.RaftServerConfigKeys (ConfUtils.java:logGet(46)) - raft.server.rpc.timeout.min = 5s (custom)
2023-01-26 20:30:58,255 [pool-315-thread-1] INFO  server.RaftServerConfigKeys (ConfUtils.java:logGet(46)) - raft.server.rpc.timeout.max = 5200ms (custom)
2023-01-26 20:30:58,255 [pool-315-thread-1] INFO  server.RaftServerConfigKeys (ConfUtils.java:logGet(46)) - raft.server.rpc.sleep.time = 25ms (default)
2023-01-26 20:30:58,255 [pool-315-thread-1] INFO  server.RaftServerConfigKeys (ConfUtils.java:logGet(46)) - raft.server.rpc.slowness.timeout = 300s (custom)
2023-01-26 20:30:58,255 [pool-315-thread-1] INFO  server.RaftServerConfigKeys (ConfUtils.java:logGet(46)) - raft.server.leaderelection.leader.step-down.wait-time = 10s (default)
2023-01-26 20:30:58,255 [pool-315-thread-1] INFO  server.RaftServerConfigKeys (ConfUtils.java:logGet(46)) - raft.server.sleep.deviation.threshold = 300ms (default)
2023-01-26 20:30:58,255 [pool-315-thread-1] INFO  server.RaftServer$Division (ServerState.java:<init>(118)) - f73d43d0-b19f-4135-8753-89f8dbf44938@group-5EB2E6047A55: ConfigurationManager, init=-1: peers:[f73d43d0-b19f-4135-8753-89f8dbf44938|rpc:10.1.0.15:40817|dataStream:10.1.0.15:41077|priority:1|startupRole:FOLLOWER]|listeners:[], old=null, confs=<EMPTY_MAP>
2023-01-26 20:30:58,255 [pool-315-thread-1] INFO  server.RaftServerConfigKeys (ConfUtils.java:logGet(46)) - raft.server.storage.dir = [/home/runner/work/ozone/ozone/hadoop-ozone/integration-test/target/test-dir/MiniOzoneClusterImpl-83fec8cd-5b22-4757-ae00-8ce138a916fc/datanode-2/data/ratis] (custom)
2023-01-26 20:30:58,255 [pool-315-thread-1] INFO  server.RaftServerConfigKeys (ConfUtils.java:logGet(46)) - raft.server.log.corruption.policy = EXCEPTION (default)
2023-01-26 20:30:58,255 [pool-315-thread-1] INFO  server.RaftServerConfigKeys (ConfUtils.java:logGet(46)) - raft.server.storage.free-space.min = 0MB (=0) (default)
2023-01-26 20:30:58,255 [pool-315-thread-1] INFO  server.RaftServerConfigKeys (ConfUtils.java:logGet(46)) - raft.server.notification.no-leader.timeout = 300s (custom)
2023-01-26 20:30:58,255 [pool-315-thread-1] INFO  server.RaftServerConfigKeys (ConfUtils.java:logGet(46)) - raft.server.retrycache.expirytime = 600000ms (custom)
2023-01-26 20:30:58,255 [pool-315-thread-1] INFO  server.RaftServerConfigKeys (ConfUtils.java:logGet(46)) - raft.server.retrycache.statistics.expirytime = 100μs (default)
2023-01-26 20:30:58,260 [pool-315-thread-1] INFO  server.RaftServerConfigKeys (ConfUtils.java:logGet(46)) - raft.server.log.appender.install.snapshot.enabled = false (custom)
2023-01-26 20:30:58,260 [pool-315-thread-1] INFO  server.RaftServerConfigKeys (ConfUtils.java:logGet(46)) - raft.server.threadpool.server.cached = true (default)
2023-01-26 20:30:58,260 [pool-315-thread-1] INFO  server.RaftServerConfigKeys (ConfUtils.java:logGet(46)) - raft.server.threadpool.server.size = 0 (default)
2023-01-26 20:30:58,260 [pool-315-thread-1] INFO  server.RaftServerConfigKeys (ConfUtils.java:logGet(46)) - raft.server.threadpool.client.cached = true (default)
2023-01-26 20:30:58,261 [pool-315-thread-1] INFO  server.RaftServerConfigKeys (ConfUtils.java:logGet(46)) - raft.server.threadpool.client.size = 0 (default)
2023-01-26 20:30:58,261 [pool-315-thread-1] INFO  storage.RaftStorageDirectory (RaftStorageDirectoryImpl.java:analyzeStorage(137)) - The storage directory /home/runner/work/ozone/ozone/hadoop-ozone/integration-test/target/test-dir/MiniOzoneClusterImpl-83fec8cd-5b22-4757-ae00-8ce138a916fc/datanode-2/data/ratis/c94d90e5-62af-4a23-966b-5eb2e6047a55 does not exist. Creating ...
2023-01-26 20:30:58,262 [pool-315-thread-1] INFO  storage.RaftStorageDirectory (RaftStorageDirectoryImpl.java:tryLock(231)) - Lock on /home/runner/work/ozone/ozone/hadoop-ozone/integration-test/target/test-dir/MiniOzoneClusterImpl-83fec8cd-5b22-4757-ae00-8ce138a916fc/datanode-2/data/ratis/c94d90e5-62af-4a23-966b-5eb2e6047a55/in_use.lock acquired by nodename 10488@fv-az462-54
2023-01-26 20:30:58,262 [pool-315-thread-1] INFO  storage.RaftStorage (RaftStorageImpl.java:format(96)) - Storage directory /home/runner/work/ozone/ozone/hadoop-ozone/integration-test/target/test-dir/MiniOzoneClusterImpl-83fec8cd-5b22-4757-ae00-8ce138a916fc/datanode-2/data/ratis/c94d90e5-62af-4a23-966b-5eb2e6047a55 has been successfully formatted.
2023-01-26 20:30:58,263 [pool-315-thread-1] INFO  ratis.ContainerStateMachine (ContainerStateMachine.java:loadSnapshot(240)) - group-5EB2E6047A55: The snapshot info is null. Setting the last applied indexto:(t:0, i:~)
2023-01-26 20:30:58,263 [pool-315-thread-1] INFO  server.RaftServerConfigKeys (ConfUtils.java:logGet(46)) - raft.server.log.use.memory = false (default)
2023-01-26 20:30:58,263 [pool-315-thread-1] INFO  server.RaftServerConfigKeys (ConfUtils.java:logGet(46)) - raft.server.log.purge.gap = 1000000 (custom)
2023-01-26 20:30:58,264 [EventQueue-PipelineReportForPipelineReportHandler] INFO  pipeline.PipelineManagerImpl (PipelineManagerImpl.java:openPipeline(367)) - Pipeline Pipeline[ Id: c94d90e5-62af-4a23-966b-5eb2e6047a55, Nodes: f73d43d0-b19f-4135-8753-89f8dbf44938(fv-az462-54.0zuljvm5d0yedf4jva4xayy4gc.gx.internal.cloudapp.net/10.1.0.15), ReplicationConfig: RATIS/ONE, State:ALLOCATED, leaderId:f73d43d0-b19f-4135-8753-89f8dbf44938, CreationTimestamp2023-01-26T20:30:55.257Z[Etc/UTC]] moved to OPEN state
2023-01-26 20:30:58,264 [pool-315-thread-1] INFO  server.RaftServerConfigKeys (ConfUtils.java:logGet(46)) - raft.server.log.appender.buffer.byte-limit = 33554432 (custom)
2023-01-26 20:30:58,264 [pool-315-thread-1] INFO  server.RaftServerConfigKeys (ConfUtils.java:logGet(46)) - raft.server.log.statemachine.data.read.timeout = 1000ms (default)
2023-01-26 20:30:58,264 [pool-315-thread-1] INFO  server.RaftServerConfigKeys (ConfUtils.java:logGet(46)) - raft.server.log.purge.preservation.log.num = 0 (default)
2023-01-26 20:30:58,264 [pool-315-thread-1] INFO  server.RaftServerConfigKeys (ConfUtils.java:logGet(46)) - raft.server.log.segment.size.max = 1048576 (custom)
2023-01-26 20:30:58,264 [EventQueue-OpenPipelineForHealthyPipelineSafeModeRule] INFO  safemode.SCMSafeModeManager (HealthyPipelineSafeModeRule.java:process(137)) - SCM in safe mode. Healthy pipelines reported count is 0, required healthy pipeline reported count is 1
2023-01-26 20:30:58,265 [pool-315-thread-1] INFO  server.RaftServerConfigKeys (ConfUtils.java:logGet(46)) - raft.server.log.segment.cache.num.max = 2 (custom)
2023-01-26 20:30:58,265 [pool-315-thread-1] INFO  server.RaftServerConfigKeys (ConfUtils.java:logGet(46)) - raft.server.log.segment.cache.size.max = 200MB (=209715200) (default)
2023-01-26 20:30:58,265 [pool-315-thread-1] INFO  segmented.SegmentedRaftLogWorker (SegmentedRaftLogWorker.java:<init>(189)) - new f73d43d0-b19f-4135-8753-89f8dbf44938@group-5EB2E6047A55-SegmentedRaftLogWorker for RaftStorageImpl:Storage Directory /home/runner/work/ozone/ozone/hadoop-ozone/integration-test/target/test-dir/MiniOzoneClusterImpl-83fec8cd-5b22-4757-ae00-8ce138a916fc/datanode-2/data/ratis/c94d90e5-62af-4a23-966b-5eb2e6047a55
2023-01-26 20:30:58,265 [pool-315-thread-1] INFO  server.RaftServerConfigKeys (ConfUtils.java:logGet(46)) - raft.server.log.queue.byte-limit = 4294967296 (custom)
2023-01-26 20:30:58,265 [pool-315-thread-1] INFO  server.RaftServerConfigKeys (ConfUtils.java:logGet(46)) - raft.server.log.queue.element-limit = 1024 (custom)
2023-01-26 20:30:58,265 [pool-315-thread-1] INFO  server.RaftServerConfigKeys (ConfUtils.java:logGet(46)) - raft.server.log.segment.size.max = 1048576 (custom)
2023-01-26 20:30:58,265 [pool-315-thread-1] INFO  server.RaftServerConfigKeys (ConfUtils.java:logGet(46)) - raft.server.log.preallocated.size = 16384 (custom)
2023-01-26 20:30:58,265 [pool-315-thread-1] INFO  server.RaftServerConfigKeys (ConfUtils.java:logGet(46)) - raft.server.log.force.sync.num = 128 (default)
2023-01-26 20:30:58,265 [pool-315-thread-1] INFO  server.RaftServerConfigKeys (ConfUtils.java:logGet(46)) - raft.server.log.statemachine.data.sync = true (default)
2023-01-26 20:30:58,265 [pool-315-thread-1] INFO  server.RaftServerConfigKeys (ConfUtils.java:logGet(46)) - raft.server.log.statemachine.data.sync.timeout = 10s (default)
2023-01-26 20:30:58,265 [pool-315-thread-1] INFO  server.RaftServerConfigKeys (ConfUtils.java:logGet(46)) - raft.server.log.statemachine.data.sync.timeout.retry = -1 (default)
2023-01-26 20:30:58,266 [pool-315-thread-1] INFO  server.RaftServerConfigKeys (ConfUtils.java:logGet(46)) - raft.server.log.write.buffer.size = 1048576 (custom)
2023-01-26 20:30:58,266 [pool-315-thread-1] INFO  server.RaftServerConfigKeys (ConfUtils.java:logGet(46)) - raft.server.log.appender.buffer.byte-limit = 33554432 (custom)
2023-01-26 20:30:58,271 [pool-315-thread-1] INFO  server.RaftServerConfigKeys (ConfUtils.java:logGet(46)) - raft.server.log.unsafe-flush.enabled = false (default)
2023-01-26 20:30:58,271 [pool-315-thread-1] INFO  server.RaftServerConfigKeys (ConfUtils.java:logGet(46)) - raft.server.log.async-flush.enabled = false (default)
2023-01-26 20:30:58,271 [pool-315-thread-1] INFO  server.RaftServerConfigKeys (ConfUtils.java:logGet(46)) - raft.server.log.statemachine.data.caching.enabled = true (custom)
2023-01-26 20:30:58,271 [pool-315-thread-1] INFO  segmented.SegmentedRaftLogWorker (SegmentedRaftLogWorker.java:lambda$new$0(135)) - f73d43d0-b19f-4135-8753-89f8dbf44938@group-5EB2E6047A55-SegmentedRaftLogWorker: flushIndex: setUnconditionally 0 -> -1
2023-01-26 20:30:58,271 [pool-315-thread-1] INFO  segmented.SegmentedRaftLogWorker (SegmentedRaftLogWorker.java:lambda$new$0(135)) - f73d43d0-b19f-4135-8753-89f8dbf44938@group-5EB2E6047A55-SegmentedRaftLogWorker: safeCacheEvictIndex: setUnconditionally 0 -> -1
2023-01-26 20:30:58,272 [pool-315-thread-1] INFO  server.RaftServer$Division (RaftServerImpl.java:start(334)) - f73d43d0-b19f-4135-8753-89f8dbf44938@group-5EB2E6047A55: start as a follower, conf=-1: peers:[f73d43d0-b19f-4135-8753-89f8dbf44938|rpc:10.1.0.15:40817|dataStream:10.1.0.15:41077|priority:1|startupRole:FOLLOWER]|listeners:[], old=null
2023-01-26 20:30:58,272 [pool-315-thread-1] INFO  server.RaftServer$Division (RaftServerImpl.java:setRole(321)) - f73d43d0-b19f-4135-8753-89f8dbf44938@group-5EB2E6047A55: changes role from      null to FOLLOWER at term 0 for startAsFollower
2023-01-26 20:30:58,272 [pool-315-thread-1] INFO  impl.RoleInfo (RoleInfo.java:updateAndGet(139)) - f73d43d0-b19f-4135-8753-89f8dbf44938: start f73d43d0-b19f-4135-8753-89f8dbf44938@group-5EB2E6047A55-FollowerState
2023-01-26 20:30:58,272 [pool-315-thread-1] INFO  util.JmxRegister (JmxRegister.java:tryRegister(44)) - Successfully registered JMX Bean with object name Ratis:service=RaftServer,group=group-5EB2E6047A55,id=f73d43d0-b19f-4135-8753-89f8dbf44938
2023-01-26 20:30:58,272 [pool-315-thread-1] INFO  server.RaftServerConfigKeys (ConfUtils.java:logGet(46)) - raft.server.snapshot.auto.trigger.enabled = true (custom)
2023-01-26 20:30:58,272 [pool-315-thread-1] INFO  server.RaftServerConfigKeys (ConfUtils.java:logGet(46)) - raft.server.snapshot.auto.trigger.threshold = 10000 (custom)
2023-01-26 20:30:58,272 [pool-315-thread-1] INFO  server.RaftServerConfigKeys (ConfUtils.java:logGet(46)) - raft.server.snapshot.retention.file.num = 5 (custom)
2023-01-26 20:30:58,272 [pool-315-thread-1] INFO  server.RaftServerConfigKeys (ConfUtils.java:logGet(46)) - raft.server.log.purge.upto.snapshot.index = false (default)
2023-01-26 20:30:58,274 [Command processor thread] INFO  ratis.XceiverServerRatis (XceiverServerRatis.java:addGroup(806)) - Created group PipelineID=c94d90e5-62af-4a23-966b-5eb2e6047a55
2023-01-26 20:30:58,274 [Command processor thread] INFO  commandhandler.CreatePipelineCommandHandler (CreatePipelineCommandHandler.java:handle(113)) - Created Pipeline RATIS ONE PipelineID=c94d90e5-62af-4a23-966b-5eb2e6047a55.
2023-01-26 20:30:58,280 [f73d43d0-b19f-4135-8753-89f8dbf44938@group-5EB2E6047A55-FollowerState] INFO  server.RaftServerConfigKeys (ConfUtils.java:logFallback(53)) - raft.server.rpc.first-election.timeout.min = 5s (fallback to raft.server.rpc.timeout.min)
2023-01-26 20:30:58,280 [f73d43d0-b19f-4135-8753-89f8dbf44938@group-5EB2E6047A55-FollowerState] INFO  server.RaftServerConfigKeys (ConfUtils.java:logFallback(53)) - raft.server.rpc.first-election.timeout.max = 5200ms (fallback to raft.server.rpc.timeout.max)
2023-01-26 20:30:58,570 [Command processor thread] INFO  server.RaftServer (RaftServerProxy.java:addNew(96)) - d4171a40-eb60-4a1e-8628-4f14234272fd: addNew group-611312C51A6E:[d4171a40-eb60-4a1e-8628-4f14234272fd|rpc:10.1.0.15:33969|dataStream:10.1.0.15:38051|priority:1|startupRole:FOLLOWER] returns group-611312C51A6E:java.util.concurrent.CompletableFuture@16071f95[Not completed]
2023-01-26 20:30:58,571 [pool-337-thread-1] INFO  server.RaftServer$Division (RaftServerImpl.java:<init>(195)) - d4171a40-eb60-4a1e-8628-4f14234272fd: new RaftServerImpl for group-611312C51A6E:[d4171a40-eb60-4a1e-8628-4f14234272fd|rpc:10.1.0.15:33969|dataStream:10.1.0.15:38051|priority:1|startupRole:FOLLOWER] with ContainerStateMachine:uninitialized
2023-01-26 20:30:58,571 [pool-337-thread-1] INFO  server.RaftServerConfigKeys (ConfUtils.java:logGet(46)) - raft.server.rpc.timeout.min = 5s (custom)
2023-01-26 20:30:58,571 [pool-337-thread-1] INFO  server.RaftServerConfigKeys (ConfUtils.java:logGet(46)) - raft.server.rpc.timeout.max = 5200ms (custom)
2023-01-26 20:30:58,571 [pool-337-thread-1] INFO  server.RaftServerConfigKeys (ConfUtils.java:logGet(46)) - raft.server.rpc.sleep.time = 25ms (default)
2023-01-26 20:30:58,571 [pool-337-thread-1] INFO  server.RaftServerConfigKeys (ConfUtils.java:logGet(46)) - raft.server.rpc.slowness.timeout = 300s (custom)
2023-01-26 20:30:58,572 [pool-337-thread-1] INFO  server.RaftServerConfigKeys (ConfUtils.java:logGet(46)) - raft.server.leaderelection.leader.step-down.wait-time = 10s (default)
2023-01-26 20:30:58,572 [pool-337-thread-1] INFO  server.RaftServerConfigKeys (ConfUtils.java:logGet(46)) - raft.server.sleep.deviation.threshold = 300ms (default)
2023-01-26 20:30:58,572 [pool-337-thread-1] INFO  server.RaftServer$Division (ServerState.java:<init>(118)) - d4171a40-eb60-4a1e-8628-4f14234272fd@group-611312C51A6E: ConfigurationManager, init=-1: peers:[d4171a40-eb60-4a1e-8628-4f14234272fd|rpc:10.1.0.15:33969|dataStream:10.1.0.15:38051|priority:1|startupRole:FOLLOWER]|listeners:[], old=null, confs=<EMPTY_MAP>
2023-01-26 20:30:58,572 [pool-337-thread-1] INFO  server.RaftServerConfigKeys (ConfUtils.java:logGet(46)) - raft.server.storage.dir = [/home/runner/work/ozone/ozone/hadoop-ozone/integration-test/target/test-dir/MiniOzoneClusterImpl-83fec8cd-5b22-4757-ae00-8ce138a916fc/datanode-3/data/ratis] (custom)
2023-01-26 20:30:58,572 [pool-337-thread-1] INFO  server.RaftServerConfigKeys (ConfUtils.java:logGet(46)) - raft.server.log.corruption.policy = EXCEPTION (default)
2023-01-26 20:30:58,572 [pool-337-thread-1] INFO  server.RaftServerConfigKeys (ConfUtils.java:logGet(46)) - raft.server.storage.free-space.min = 0MB (=0) (default)
2023-01-26 20:30:58,572 [pool-337-thread-1] INFO  server.RaftServerConfigKeys (ConfUtils.java:logGet(46)) - raft.server.notification.no-leader.timeout = 300s (custom)
2023-01-26 20:30:58,572 [pool-337-thread-1] INFO  server.RaftServerConfigKeys (ConfUtils.java:logGet(46)) - raft.server.retrycache.expirytime = 600000ms (custom)
2023-01-26 20:30:58,572 [pool-337-thread-1] INFO  server.RaftServerConfigKeys (ConfUtils.java:logGet(46)) - raft.server.retrycache.statistics.expirytime = 100μs (default)
2023-01-26 20:30:58,573 [pool-337-thread-1] INFO  server.RaftServerConfigKeys (ConfUtils.java:logGet(46)) - raft.server.log.appender.install.snapshot.enabled = false (custom)
2023-01-26 20:30:58,573 [pool-337-thread-1] INFO  server.RaftServerConfigKeys (ConfUtils.java:logGet(46)) - raft.server.threadpool.server.cached = true (default)
2023-01-26 20:30:58,573 [pool-337-thread-1] INFO  server.RaftServerConfigKeys (ConfUtils.java:logGet(46)) - raft.server.threadpool.server.size = 0 (default)
2023-01-26 20:30:58,573 [pool-337-thread-1] INFO  server.RaftServerConfigKeys (ConfUtils.java:logGet(46)) - raft.server.threadpool.client.cached = true (default)
2023-01-26 20:30:58,573 [pool-337-thread-1] INFO  server.RaftServerConfigKeys (ConfUtils.java:logGet(46)) - raft.server.threadpool.client.size = 0 (default)
2023-01-26 20:30:58,573 [pool-337-thread-1] INFO  storage.RaftStorageDirectory (RaftStorageDirectoryImpl.java:analyzeStorage(137)) - The storage directory /home/runner/work/ozone/ozone/hadoop-ozone/integration-test/target/test-dir/MiniOzoneClusterImpl-83fec8cd-5b22-4757-ae00-8ce138a916fc/datanode-3/data/ratis/fc19890e-1a1a-4859-8a16-611312c51a6e does not exist. Creating ...
2023-01-26 20:30:58,574 [pool-337-thread-1] INFO  storage.RaftStorageDirectory (RaftStorageDirectoryImpl.java:tryLock(231)) - Lock on /home/runner/work/ozone/ozone/hadoop-ozone/integration-test/target/test-dir/MiniOzoneClusterImpl-83fec8cd-5b22-4757-ae00-8ce138a916fc/datanode-3/data/ratis/fc19890e-1a1a-4859-8a16-611312c51a6e/in_use.lock acquired by nodename 10488@fv-az462-54
2023-01-26 20:30:58,576 [pool-337-thread-1] INFO  storage.RaftStorage (RaftStorageImpl.java:format(96)) - Storage directory /home/runner/work/ozone/ozone/hadoop-ozone/integration-test/target/test-dir/MiniOzoneClusterImpl-83fec8cd-5b22-4757-ae00-8ce138a916fc/datanode-3/data/ratis/fc19890e-1a1a-4859-8a16-611312c51a6e has been successfully formatted.
2023-01-26 20:30:58,578 [pool-337-thread-1] INFO  ratis.ContainerStateMachine (ContainerStateMachine.java:loadSnapshot(240)) - group-611312C51A6E: The snapshot info is null. Setting the last applied indexto:(t:0, i:~)
2023-01-26 20:30:58,578 [pool-337-thread-1] INFO  server.RaftServerConfigKeys (ConfUtils.java:logGet(46)) - raft.server.log.use.memory = false (default)
2023-01-26 20:30:58,578 [pool-337-thread-1] INFO  server.RaftServerConfigKeys (ConfUtils.java:logGet(46)) - raft.server.log.purge.gap = 1000000 (custom)
2023-01-26 20:30:58,578 [pool-337-thread-1] INFO  server.RaftServerConfigKeys (ConfUtils.java:logGet(46)) - raft.server.log.appender.buffer.byte-limit = 33554432 (custom)
2023-01-26 20:30:58,578 [pool-337-thread-1] INFO  server.RaftServerConfigKeys (ConfUtils.java:logGet(46)) - raft.server.log.statemachine.data.read.timeout = 1000ms (default)
2023-01-26 20:30:58,578 [pool-337-thread-1] INFO  server.RaftServerConfigKeys (ConfUtils.java:logGet(46)) - raft.server.log.purge.preservation.log.num = 0 (default)
2023-01-26 20:30:58,579 [pool-337-thread-1] INFO  server.RaftServerConfigKeys (ConfUtils.java:logGet(46)) - raft.server.log.segment.size.max = 1048576 (custom)
2023-01-26 20:30:58,579 [EventQueue-PipelineReportForPipelineReportHandler] INFO  pipeline.PipelineManagerImpl (PipelineManagerImpl.java:openPipeline(367)) - Pipeline Pipeline[ Id: fc19890e-1a1a-4859-8a16-611312c51a6e, Nodes: d4171a40-eb60-4a1e-8628-4f14234272fd(fv-az462-54.0zuljvm5d0yedf4jva4xayy4gc.gx.internal.cloudapp.net/10.1.0.15), ReplicationConfig: RATIS/ONE, State:ALLOCATED, leaderId:d4171a40-eb60-4a1e-8628-4f14234272fd, CreationTimestamp2023-01-26T20:30:55.570Z[Etc/UTC]] moved to OPEN state
2023-01-26 20:30:58,579 [EventQueue-OpenPipelineForHealthyPipelineSafeModeRule] INFO  safemode.SCMSafeModeManager (HealthyPipelineSafeModeRule.java:process(137)) - SCM in safe mode. Healthy pipelines reported count is 0, required healthy pipeline reported count is 1
2023-01-26 20:30:58,579 [pool-337-thread-1] INFO  server.RaftServerConfigKeys (ConfUtils.java:logGet(46)) - raft.server.log.segment.cache.num.max = 2 (custom)
2023-01-26 20:30:58,580 [pool-337-thread-1] INFO  server.RaftServerConfigKeys (ConfUtils.java:logGet(46)) - raft.server.log.segment.cache.size.max = 200MB (=209715200) (default)
2023-01-26 20:30:58,580 [pool-337-thread-1] INFO  segmented.SegmentedRaftLogWorker (SegmentedRaftLogWorker.java:<init>(189)) - new d4171a40-eb60-4a1e-8628-4f14234272fd@group-611312C51A6E-SegmentedRaftLogWorker for RaftStorageImpl:Storage Directory /home/runner/work/ozone/ozone/hadoop-ozone/integration-test/target/test-dir/MiniOzoneClusterImpl-83fec8cd-5b22-4757-ae00-8ce138a916fc/datanode-3/data/ratis/fc19890e-1a1a-4859-8a16-611312c51a6e
2023-01-26 20:30:58,580 [pool-337-thread-1] INFO  server.RaftServerConfigKeys (ConfUtils.java:logGet(46)) - raft.server.log.queue.byte-limit = 4294967296 (custom)
2023-01-26 20:30:58,580 [pool-337-thread-1] INFO  server.RaftServerConfigKeys (ConfUtils.java:logGet(46)) - raft.server.log.queue.element-limit = 1024 (custom)
2023-01-26 20:30:58,580 [pool-337-thread-1] INFO  server.RaftServerConfigKeys (ConfUtils.java:logGet(46)) - raft.server.log.segment.size.max = 1048576 (custom)
2023-01-26 20:30:58,580 [pool-337-thread-1] INFO  server.RaftServerConfigKeys (ConfUtils.java:logGet(46)) - raft.server.log.preallocated.size = 16384 (custom)
2023-01-26 20:30:58,580 [pool-337-thread-1] INFO  server.RaftServerConfigKeys (ConfUtils.java:logGet(46)) - raft.server.log.force.sync.num = 128 (default)
2023-01-26 20:30:58,580 [pool-337-thread-1] INFO  server.RaftServerConfigKeys (ConfUtils.java:logGet(46)) - raft.server.log.statemachine.data.sync = true (default)
2023-01-26 20:30:58,580 [pool-337-thread-1] INFO  server.RaftServerConfigKeys (ConfUtils.java:logGet(46)) - raft.server.log.statemachine.data.sync.timeout = 10s (default)
2023-01-26 20:30:58,580 [pool-337-thread-1] INFO  server.RaftServerConfigKeys (ConfUtils.java:logGet(46)) - raft.server.log.statemachine.data.sync.timeout.retry = -1 (default)
2023-01-26 20:30:58,580 [pool-337-thread-1] INFO  server.RaftServerConfigKeys (ConfUtils.java:logGet(46)) - raft.server.log.write.buffer.size = 1048576 (custom)
2023-01-26 20:30:58,581 [pool-337-thread-1] INFO  server.RaftServerConfigKeys (ConfUtils.java:logGet(46)) - raft.server.log.appender.buffer.byte-limit = 33554432 (custom)
2023-01-26 20:30:58,586 [pool-337-thread-1] INFO  server.RaftServerConfigKeys (ConfUtils.java:logGet(46)) - raft.server.log.unsafe-flush.enabled = false (default)
2023-01-26 20:30:58,586 [pool-337-thread-1] INFO  server.RaftServerConfigKeys (ConfUtils.java:logGet(46)) - raft.server.log.async-flush.enabled = false (default)
2023-01-26 20:30:58,586 [pool-337-thread-1] INFO  server.RaftServerConfigKeys (ConfUtils.java:logGet(46)) - raft.server.log.statemachine.data.caching.enabled = true (custom)
2023-01-26 20:30:58,587 [pool-337-thread-1] INFO  segmented.SegmentedRaftLogWorker (SegmentedRaftLogWorker.java:lambda$new$0(135)) - d4171a40-eb60-4a1e-8628-4f14234272fd@group-611312C51A6E-SegmentedRaftLogWorker: flushIndex: setUnconditionally 0 -> -1
2023-01-26 20:30:58,587 [pool-337-thread-1] INFO  segmented.SegmentedRaftLogWorker (SegmentedRaftLogWorker.java:lambda$new$0(135)) - d4171a40-eb60-4a1e-8628-4f14234272fd@group-611312C51A6E-SegmentedRaftLogWorker: safeCacheEvictIndex: setUnconditionally 0 -> -1
2023-01-26 20:30:58,587 [pool-337-thread-1] INFO  server.RaftServer$Division (RaftServerImpl.java:start(334)) - d4171a40-eb60-4a1e-8628-4f14234272fd@group-611312C51A6E: start as a follower, conf=-1: peers:[d4171a40-eb60-4a1e-8628-4f14234272fd|rpc:10.1.0.15:33969|dataStream:10.1.0.15:38051|priority:1|startupRole:FOLLOWER]|listeners:[], old=null
2023-01-26 20:30:58,587 [pool-337-thread-1] INFO  server.RaftServer$Division (RaftServerImpl.java:setRole(321)) - d4171a40-eb60-4a1e-8628-4f14234272fd@group-611312C51A6E: changes role from      null to FOLLOWER at term 0 for startAsFollower
2023-01-26 20:30:58,587 [pool-337-thread-1] INFO  impl.RoleInfo (RoleInfo.java:updateAndGet(139)) - d4171a40-eb60-4a1e-8628-4f14234272fd: start d4171a40-eb60-4a1e-8628-4f14234272fd@group-611312C51A6E-FollowerState
2023-01-26 20:30:58,587 [pool-337-thread-1] INFO  util.JmxRegister (JmxRegister.java:tryRegister(44)) - Successfully registered JMX Bean with object name Ratis:service=RaftServer,group=group-611312C51A6E,id=d4171a40-eb60-4a1e-8628-4f14234272fd
2023-01-26 20:30:58,587 [pool-337-thread-1] INFO  server.RaftServerConfigKeys (ConfUtils.java:logGet(46)) - raft.server.snapshot.auto.trigger.enabled = true (custom)
2023-01-26 20:30:58,588 [pool-337-thread-1] INFO  server.RaftServerConfigKeys (ConfUtils.java:logGet(46)) - raft.server.snapshot.auto.trigger.threshold = 10000 (custom)
2023-01-26 20:30:58,588 [pool-337-thread-1] INFO  server.RaftServerConfigKeys (ConfUtils.java:logGet(46)) - raft.server.snapshot.retention.file.num = 5 (custom)
2023-01-26 20:30:58,588 [pool-337-thread-1] INFO  server.RaftServerConfigKeys (ConfUtils.java:logGet(46)) - raft.server.log.purge.upto.snapshot.index = false (default)
2023-01-26 20:30:58,588 [d4171a40-eb60-4a1e-8628-4f14234272fd@group-611312C51A6E-FollowerState] INFO  server.RaftServerConfigKeys (ConfUtils.java:logFallback(53)) - raft.server.rpc.first-election.timeout.min = 5s (fallback to raft.server.rpc.timeout.min)
2023-01-26 20:30:58,588 [d4171a40-eb60-4a1e-8628-4f14234272fd@group-611312C51A6E-FollowerState] INFO  server.RaftServerConfigKeys (ConfUtils.java:logFallback(53)) - raft.server.rpc.first-election.timeout.max = 5200ms (fallback to raft.server.rpc.timeout.max)
2023-01-26 20:30:58,588 [Command processor thread] INFO  ratis.XceiverServerRatis (XceiverServerRatis.java:addGroup(806)) - Created group PipelineID=fc19890e-1a1a-4859-8a16-611312c51a6e
2023-01-26 20:30:58,589 [Command processor thread] INFO  commandhandler.CreatePipelineCommandHandler (CreatePipelineCommandHandler.java:handle(113)) - Created Pipeline RATIS ONE PipelineID=fc19890e-1a1a-4859-8a16-611312c51a6e.
2023-01-26 20:30:58,862 [Listener at 127.0.0.1/37459] INFO  ozone.MiniOzoneClusterImpl (MiniOzoneClusterImpl.java:lambda$waitForClusterToBeReady$0(218)) - Nodes are ready. Got 5 of 5 DN Heartbeats.
2023-01-26 20:30:58,862 [Listener at 127.0.0.1/37459] INFO  ozone.MiniOzoneClusterImpl (MiniOzoneClusterImpl.java:lambda$waitForClusterToBeReady$0(221)) - Waiting for cluster to exit safe mode
2023-01-26 20:30:58,862 [Listener at 127.0.0.1/37459] INFO  ozone.MiniOzoneClusterImpl (MiniOzoneClusterImpl.java:lambda$waitForClusterToBeReady$0(223)) - SCM became leader
2023-01-26 20:30:58,862 [Command processor thread] INFO  server.RaftServer (RaftServerProxy.java:addNew(96)) - bb346dc9-524c-4b81-8ec9-e7d714560812: addNew group-BA2AA9B17141:[bb346dc9-524c-4b81-8ec9-e7d714560812|rpc:10.1.0.15:37965|dataStream:10.1.0.15:45079|priority:1|startupRole:FOLLOWER] returns group-BA2AA9B17141:java.util.concurrent.CompletableFuture@78813626[Not completed]
2023-01-26 20:30:58,863 [pool-359-thread-1] INFO  server.RaftServer$Division (RaftServerImpl.java:<init>(195)) - bb346dc9-524c-4b81-8ec9-e7d714560812: new RaftServerImpl for group-BA2AA9B17141:[bb346dc9-524c-4b81-8ec9-e7d714560812|rpc:10.1.0.15:37965|dataStream:10.1.0.15:45079|priority:1|startupRole:FOLLOWER] with ContainerStateMachine:uninitialized
2023-01-26 20:30:58,864 [pool-359-thread-1] INFO  server.RaftServerConfigKeys (ConfUtils.java:logGet(46)) - raft.server.rpc.timeout.min = 5s (custom)
2023-01-26 20:30:58,864 [pool-359-thread-1] INFO  server.RaftServerConfigKeys (ConfUtils.java:logGet(46)) - raft.server.rpc.timeout.max = 5200ms (custom)
2023-01-26 20:30:58,864 [pool-359-thread-1] INFO  server.RaftServerConfigKeys (ConfUtils.java:logGet(46)) - raft.server.rpc.sleep.time = 25ms (default)
2023-01-26 20:30:58,864 [pool-359-thread-1] INFO  server.RaftServerConfigKeys (ConfUtils.java:logGet(46)) - raft.server.rpc.slowness.timeout = 300s (custom)
2023-01-26 20:30:58,864 [pool-359-thread-1] INFO  server.RaftServerConfigKeys (ConfUtils.java:logGet(46)) - raft.server.leaderelection.leader.step-down.wait-time = 10s (default)
2023-01-26 20:30:58,864 [pool-359-thread-1] INFO  server.RaftServerConfigKeys (ConfUtils.java:logGet(46)) - raft.server.sleep.deviation.threshold = 300ms (default)
2023-01-26 20:30:58,864 [pool-359-thread-1] INFO  server.RaftServer$Division (ServerState.java:<init>(118)) - bb346dc9-524c-4b81-8ec9-e7d714560812@group-BA2AA9B17141: ConfigurationManager, init=-1: peers:[bb346dc9-524c-4b81-8ec9-e7d714560812|rpc:10.1.0.15:37965|dataStream:10.1.0.15:45079|priority:1|startupRole:FOLLOWER]|listeners:[], old=null, confs=<EMPTY_MAP>
2023-01-26 20:30:58,864 [pool-359-thread-1] INFO  server.RaftServerConfigKeys (ConfUtils.java:logGet(46)) - raft.server.storage.dir = [/home/runner/work/ozone/ozone/hadoop-ozone/integration-test/target/test-dir/MiniOzoneClusterImpl-83fec8cd-5b22-4757-ae00-8ce138a916fc/datanode-4/data/ratis] (custom)
2023-01-26 20:30:58,865 [pool-359-thread-1] INFO  server.RaftServerConfigKeys (ConfUtils.java:logGet(46)) - raft.server.log.corruption.policy = EXCEPTION (default)
2023-01-26 20:30:58,866 [pool-359-thread-1] INFO  server.RaftServerConfigKeys (ConfUtils.java:logGet(46)) - raft.server.storage.free-space.min = 0MB (=0) (default)
2023-01-26 20:30:58,866 [pool-359-thread-1] INFO  server.RaftServerConfigKeys (ConfUtils.java:logGet(46)) - raft.server.notification.no-leader.timeout = 300s (custom)
2023-01-26 20:30:58,866 [pool-359-thread-1] INFO  server.RaftServerConfigKeys (ConfUtils.java:logGet(46)) - raft.server.retrycache.expirytime = 600000ms (custom)
2023-01-26 20:30:58,866 [pool-359-thread-1] INFO  server.RaftServerConfigKeys (ConfUtils.java:logGet(46)) - raft.server.retrycache.statistics.expirytime = 100μs (default)
2023-01-26 20:30:58,867 [pool-359-thread-1] INFO  server.RaftServerConfigKeys (ConfUtils.java:logGet(46)) - raft.server.log.appender.install.snapshot.enabled = false (custom)
2023-01-26 20:30:58,867 [pool-359-thread-1] INFO  server.RaftServerConfigKeys (ConfUtils.java:logGet(46)) - raft.server.threadpool.server.cached = true (default)
2023-01-26 20:30:58,867 [pool-359-thread-1] INFO  server.RaftServerConfigKeys (ConfUtils.java:logGet(46)) - raft.server.threadpool.server.size = 0 (default)
2023-01-26 20:30:58,867 [pool-359-thread-1] INFO  server.RaftServerConfigKeys (ConfUtils.java:logGet(46)) - raft.server.threadpool.client.cached = true (default)
2023-01-26 20:30:58,867 [pool-359-thread-1] INFO  server.RaftServerConfigKeys (ConfUtils.java:logGet(46)) - raft.server.threadpool.client.size = 0 (default)
2023-01-26 20:30:58,867 [pool-359-thread-1] INFO  storage.RaftStorageDirectory (RaftStorageDirectoryImpl.java:analyzeStorage(137)) - The storage directory /home/runner/work/ozone/ozone/hadoop-ozone/integration-test/target/test-dir/MiniOzoneClusterImpl-83fec8cd-5b22-4757-ae00-8ce138a916fc/datanode-4/data/ratis/43002f57-0977-456a-8b73-ba2aa9b17141 does not exist. Creating ...
2023-01-26 20:30:58,870 [pool-359-thread-1] INFO  storage.RaftStorageDirectory (RaftStorageDirectoryImpl.java:tryLock(231)) - Lock on /home/runner/work/ozone/ozone/hadoop-ozone/integration-test/target/test-dir/MiniOzoneClusterImpl-83fec8cd-5b22-4757-ae00-8ce138a916fc/datanode-4/data/ratis/43002f57-0977-456a-8b73-ba2aa9b17141/in_use.lock acquired by nodename 10488@fv-az462-54
2023-01-26 20:30:58,872 [pool-359-thread-1] INFO  storage.RaftStorage (RaftStorageImpl.java:format(96)) - Storage directory /home/runner/work/ozone/ozone/hadoop-ozone/integration-test/target/test-dir/MiniOzoneClusterImpl-83fec8cd-5b22-4757-ae00-8ce138a916fc/datanode-4/data/ratis/43002f57-0977-456a-8b73-ba2aa9b17141 has been successfully formatted.
2023-01-26 20:30:58,874 [pool-359-thread-1] INFO  ratis.ContainerStateMachine (ContainerStateMachine.java:loadSnapshot(240)) - group-BA2AA9B17141: The snapshot info is null. Setting the last applied indexto:(t:0, i:~)
2023-01-26 20:30:58,874 [pool-359-thread-1] INFO  server.RaftServerConfigKeys (ConfUtils.java:logGet(46)) - raft.server.log.use.memory = false (default)
2023-01-26 20:30:58,874 [pool-359-thread-1] INFO  server.RaftServerConfigKeys (ConfUtils.java:logGet(46)) - raft.server.log.purge.gap = 1000000 (custom)
2023-01-26 20:30:58,874 [pool-359-thread-1] INFO  server.RaftServerConfigKeys (ConfUtils.java:logGet(46)) - raft.server.log.appender.buffer.byte-limit = 33554432 (custom)
2023-01-26 20:30:58,874 [pool-359-thread-1] INFO  server.RaftServerConfigKeys (ConfUtils.java:logGet(46)) - raft.server.log.statemachine.data.read.timeout = 1000ms (default)
2023-01-26 20:30:58,874 [pool-359-thread-1] INFO  server.RaftServerConfigKeys (ConfUtils.java:logGet(46)) - raft.server.log.purge.preservation.log.num = 0 (default)
2023-01-26 20:30:58,874 [pool-359-thread-1] INFO  server.RaftServerConfigKeys (ConfUtils.java:logGet(46)) - raft.server.log.segment.size.max = 1048576 (custom)
2023-01-26 20:30:58,874 [EventQueue-PipelineReportForPipelineReportHandler] INFO  pipeline.PipelineManagerImpl (PipelineManagerImpl.java:openPipeline(367)) - Pipeline Pipeline[ Id: 43002f57-0977-456a-8b73-ba2aa9b17141, Nodes: bb346dc9-524c-4b81-8ec9-e7d714560812(fv-az462-54.0zuljvm5d0yedf4jva4xayy4gc.gx.internal.cloudapp.net/10.1.0.15), ReplicationConfig: RATIS/ONE, State:ALLOCATED, leaderId:bb346dc9-524c-4b81-8ec9-e7d714560812, CreationTimestamp2023-01-26T20:30:55.862Z[Etc/UTC]] moved to OPEN state
2023-01-26 20:30:58,875 [EventQueue-OpenPipelineForHealthyPipelineSafeModeRule] INFO  safemode.SCMSafeModeManager (HealthyPipelineSafeModeRule.java:process(137)) - SCM in safe mode. Healthy pipelines reported count is 0, required healthy pipeline reported count is 1
2023-01-26 20:30:58,875 [pool-359-thread-1] INFO  server.RaftServerConfigKeys (ConfUtils.java:logGet(46)) - raft.server.log.segment.cache.num.max = 2 (custom)
2023-01-26 20:30:58,875 [pool-359-thread-1] INFO  server.RaftServerConfigKeys (ConfUtils.java:logGet(46)) - raft.server.log.segment.cache.size.max = 200MB (=209715200) (default)
2023-01-26 20:30:58,875 [pool-359-thread-1] INFO  segmented.SegmentedRaftLogWorker (SegmentedRaftLogWorker.java:<init>(189)) - new bb346dc9-524c-4b81-8ec9-e7d714560812@group-BA2AA9B17141-SegmentedRaftLogWorker for RaftStorageImpl:Storage Directory /home/runner/work/ozone/ozone/hadoop-ozone/integration-test/target/test-dir/MiniOzoneClusterImpl-83fec8cd-5b22-4757-ae00-8ce138a916fc/datanode-4/data/ratis/43002f57-0977-456a-8b73-ba2aa9b17141
2023-01-26 20:30:58,875 [pool-359-thread-1] INFO  server.RaftServerConfigKeys (ConfUtils.java:logGet(46)) - raft.server.log.queue.byte-limit = 4294967296 (custom)
2023-01-26 20:30:58,875 [pool-359-thread-1] INFO  server.RaftServerConfigKeys (ConfUtils.java:logGet(46)) - raft.server.log.queue.element-limit = 1024 (custom)
2023-01-26 20:30:58,876 [pool-359-thread-1] INFO  server.RaftServerConfigKeys (ConfUtils.java:logGet(46)) - raft.server.log.segment.size.max = 1048576 (custom)
2023-01-26 20:30:58,876 [pool-359-thread-1] INFO  server.RaftServerConfigKeys (ConfUtils.java:logGet(46)) - raft.server.log.preallocated.size = 16384 (custom)
2023-01-26 20:30:58,876 [pool-359-thread-1] INFO  server.RaftServerConfigKeys (ConfUtils.java:logGet(46)) - raft.server.log.force.sync.num = 128 (default)
2023-01-26 20:30:58,876 [pool-359-thread-1] INFO  server.RaftServerConfigKeys (ConfUtils.java:logGet(46)) - raft.server.log.statemachine.data.sync = true (default)
2023-01-26 20:30:58,876 [pool-359-thread-1] INFO  server.RaftServerConfigKeys (ConfUtils.java:logGet(46)) - raft.server.log.statemachine.data.sync.timeout = 10s (default)
2023-01-26 20:30:58,876 [pool-359-thread-1] INFO  server.RaftServerConfigKeys (ConfUtils.java:logGet(46)) - raft.server.log.statemachine.data.sync.timeout.retry = -1 (default)
2023-01-26 20:30:58,876 [pool-359-thread-1] INFO  server.RaftServerConfigKeys (ConfUtils.java:logGet(46)) - raft.server.log.write.buffer.size = 1048576 (custom)
2023-01-26 20:30:58,876 [pool-359-thread-1] INFO  server.RaftServerConfigKeys (ConfUtils.java:logGet(46)) - raft.server.log.appender.buffer.byte-limit = 33554432 (custom)
2023-01-26 20:30:58,881 [pool-359-thread-1] INFO  server.RaftServerConfigKeys (ConfUtils.java:logGet(46)) - raft.server.log.unsafe-flush.enabled = false (default)
2023-01-26 20:30:58,882 [pool-359-thread-1] INFO  server.RaftServerConfigKeys (ConfUtils.java:logGet(46)) - raft.server.log.async-flush.enabled = false (default)
2023-01-26 20:30:58,882 [pool-359-thread-1] INFO  server.RaftServerConfigKeys (ConfUtils.java:logGet(46)) - raft.server.log.statemachine.data.caching.enabled = true (custom)
2023-01-26 20:30:58,882 [pool-359-thread-1] INFO  segmented.SegmentedRaftLogWorker (SegmentedRaftLogWorker.java:lambda$new$0(135)) - bb346dc9-524c-4b81-8ec9-e7d714560812@group-BA2AA9B17141-SegmentedRaftLogWorker: flushIndex: setUnconditionally 0 -> -1
2023-01-26 20:30:58,882 [pool-359-thread-1] INFO  segmented.SegmentedRaftLogWorker (SegmentedRaftLogWorker.java:lambda$new$0(135)) - bb346dc9-524c-4b81-8ec9-e7d714560812@group-BA2AA9B17141-SegmentedRaftLogWorker: safeCacheEvictIndex: setUnconditionally 0 -> -1
2023-01-26 20:30:58,882 [pool-359-thread-1] INFO  server.RaftServer$Division (RaftServerImpl.java:start(334)) - bb346dc9-524c-4b81-8ec9-e7d714560812@group-BA2AA9B17141: start as a follower, conf=-1: peers:[bb346dc9-524c-4b81-8ec9-e7d714560812|rpc:10.1.0.15:37965|dataStream:10.1.0.15:45079|priority:1|startupRole:FOLLOWER]|listeners:[], old=null
2023-01-26 20:30:58,882 [pool-359-thread-1] INFO  server.RaftServer$Division (RaftServerImpl.java:setRole(321)) - bb346dc9-524c-4b81-8ec9-e7d714560812@group-BA2AA9B17141: changes role from      null to FOLLOWER at term 0 for startAsFollower
2023-01-26 20:30:58,882 [pool-359-thread-1] INFO  impl.RoleInfo (RoleInfo.java:updateAndGet(139)) - bb346dc9-524c-4b81-8ec9-e7d714560812: start bb346dc9-524c-4b81-8ec9-e7d714560812@group-BA2AA9B17141-FollowerState
2023-01-26 20:30:58,882 [pool-359-thread-1] INFO  util.JmxRegister (JmxRegister.java:tryRegister(44)) - Successfully registered JMX Bean with object name Ratis:service=RaftServer,group=group-BA2AA9B17141,id=bb346dc9-524c-4b81-8ec9-e7d714560812
2023-01-26 20:30:58,883 [pool-359-thread-1] INFO  server.RaftServerConfigKeys (ConfUtils.java:logGet(46)) - raft.server.snapshot.auto.trigger.enabled = true (custom)
2023-01-26 20:30:58,883 [pool-359-thread-1] INFO  server.RaftServerConfigKeys (ConfUtils.java:logGet(46)) - raft.server.snapshot.auto.trigger.threshold = 10000 (custom)
2023-01-26 20:30:58,883 [pool-359-thread-1] INFO  server.RaftServerConfigKeys (ConfUtils.java:logGet(46)) - raft.server.snapshot.retention.file.num = 5 (custom)
2023-01-26 20:30:58,883 [pool-359-thread-1] INFO  server.RaftServerConfigKeys (ConfUtils.java:logGet(46)) - raft.server.log.purge.upto.snapshot.index = false (default)
2023-01-26 20:30:58,883 [bb346dc9-524c-4b81-8ec9-e7d714560812@group-BA2AA9B17141-FollowerState] INFO  server.RaftServerConfigKeys (ConfUtils.java:logFallback(53)) - raft.server.rpc.first-election.timeout.min = 5s (fallback to raft.server.rpc.timeout.min)
2023-01-26 20:30:58,883 [bb346dc9-524c-4b81-8ec9-e7d714560812@group-BA2AA9B17141-FollowerState] INFO  server.RaftServerConfigKeys (ConfUtils.java:logFallback(53)) - raft.server.rpc.first-election.timeout.max = 5200ms (fallback to raft.server.rpc.timeout.max)
2023-01-26 20:30:58,884 [Command processor thread] INFO  ratis.XceiverServerRatis (XceiverServerRatis.java:addGroup(806)) - Created group PipelineID=43002f57-0977-456a-8b73-ba2aa9b17141
2023-01-26 20:30:58,884 [Command processor thread] INFO  commandhandler.CreatePipelineCommandHandler (CreatePipelineCommandHandler.java:handle(113)) - Created Pipeline RATIS ONE PipelineID=43002f57-0977-456a-8b73-ba2aa9b17141.
2023-01-26 20:30:59,862 [Listener at 127.0.0.1/37459] INFO  ozone.MiniOzoneClusterImpl (MiniOzoneClusterImpl.java:lambda$waitForClusterToBeReady$0(218)) - Nodes are ready. Got 5 of 5 DN Heartbeats.
2023-01-26 20:30:59,862 [Listener at 127.0.0.1/37459] INFO  ozone.MiniOzoneClusterImpl (MiniOzoneClusterImpl.java:lambda$waitForClusterToBeReady$0(221)) - Waiting for cluster to exit safe mode
2023-01-26 20:30:59,862 [Listener at 127.0.0.1/37459] INFO  ozone.MiniOzoneClusterImpl (MiniOzoneClusterImpl.java:lambda$waitForClusterToBeReady$0(223)) - SCM became leader
2023-01-26 20:31:00,863 [Listener at 127.0.0.1/37459] INFO  ozone.MiniOzoneClusterImpl (MiniOzoneClusterImpl.java:lambda$waitForClusterToBeReady$0(218)) - Nodes are ready. Got 5 of 5 DN Heartbeats.
2023-01-26 20:31:00,863 [Listener at 127.0.0.1/37459] INFO  ozone.MiniOzoneClusterImpl (MiniOzoneClusterImpl.java:lambda$waitForClusterToBeReady$0(221)) - Waiting for cluster to exit safe mode
2023-01-26 20:31:00,863 [Listener at 127.0.0.1/37459] INFO  ozone.MiniOzoneClusterImpl (MiniOzoneClusterImpl.java:lambda$waitForClusterToBeReady$0(223)) - SCM became leader
2023-01-26 20:31:01,863 [Listener at 127.0.0.1/37459] INFO  ozone.MiniOzoneClusterImpl (MiniOzoneClusterImpl.java:lambda$waitForClusterToBeReady$0(218)) - Nodes are ready. Got 5 of 5 DN Heartbeats.
2023-01-26 20:31:01,864 [Listener at 127.0.0.1/37459] INFO  ozone.MiniOzoneClusterImpl (MiniOzoneClusterImpl.java:lambda$waitForClusterToBeReady$0(221)) - Waiting for cluster to exit safe mode
2023-01-26 20:31:01,864 [Listener at 127.0.0.1/37459] INFO  ozone.MiniOzoneClusterImpl (MiniOzoneClusterImpl.java:lambda$waitForClusterToBeReady$0(223)) - SCM became leader
2023-01-26 20:31:02,648 [33ea618b-d9cc-459d-a0c4-e4ecfab2c991@group-32E0B9496391-FollowerState] INFO  impl.FollowerState (FollowerState.java:run(143)) - 33ea618b-d9cc-459d-a0c4-e4ecfab2c991@group-32E0B9496391-FollowerState: change to CANDIDATE, lastRpcElapsedTime:5032375356ns, electionTimeout:5027ms
2023-01-26 20:31:02,649 [33ea618b-d9cc-459d-a0c4-e4ecfab2c991@group-32E0B9496391-FollowerState] INFO  impl.RoleInfo (RoleInfo.java:shutdownFollowerState(110)) - 33ea618b-d9cc-459d-a0c4-e4ecfab2c991: shutdown 33ea618b-d9cc-459d-a0c4-e4ecfab2c991@group-32E0B9496391-FollowerState
2023-01-26 20:31:02,649 [33ea618b-d9cc-459d-a0c4-e4ecfab2c991@group-32E0B9496391-FollowerState] INFO  server.RaftServer$Division (RaftServerImpl.java:setRole(321)) - 33ea618b-d9cc-459d-a0c4-e4ecfab2c991@group-32E0B9496391: changes role from  FOLLOWER to CANDIDATE at term 0 for changeToCandidate
2023-01-26 20:31:02,649 [33ea618b-d9cc-459d-a0c4-e4ecfab2c991@group-32E0B9496391-FollowerState] INFO  server.RaftServerConfigKeys (ConfUtils.java:logGet(46)) - raft.server.leaderelection.pre-vote = false (custom)
2023-01-26 20:31:02,649 [33ea618b-d9cc-459d-a0c4-e4ecfab2c991@group-32E0B9496391-FollowerState] INFO  impl.RoleInfo (RoleInfo.java:updateAndGet(139)) - 33ea618b-d9cc-459d-a0c4-e4ecfab2c991: start 33ea618b-d9cc-459d-a0c4-e4ecfab2c991@group-32E0B9496391-LeaderElection12
2023-01-26 20:31:02,655 [33ea618b-d9cc-459d-a0c4-e4ecfab2c991@group-32E0B9496391-LeaderElection12] INFO  impl.LeaderElection (LeaderElection.java:askForVotes(312)) - 33ea618b-d9cc-459d-a0c4-e4ecfab2c991@group-32E0B9496391-LeaderElection12 ELECTION round 0: submit vote requests at term 1 for -1: peers:[33ea618b-d9cc-459d-a0c4-e4ecfab2c991|rpc:10.1.0.15:39387|dataStream:10.1.0.15:39857|priority:0|startupRole:FOLLOWER, f73d43d0-b19f-4135-8753-89f8dbf44938|rpc:10.1.0.15:40817|dataStream:10.1.0.15:41077|priority:1|startupRole:FOLLOWER, 7e0f7051-7df6-4c7d-992e-efcf57e991e1|rpc:10.1.0.15:44005|dataStream:10.1.0.15:38183|priority:0|startupRole:FOLLOWER]|listeners:[], old=null
2023-01-26 20:31:02,656 [33ea618b-d9cc-459d-a0c4-e4ecfab2c991@group-32E0B9496391-LeaderElection12] INFO  server.RaftServerConfigKeys (ConfUtils.java:logFallback(53)) - raft.server.rpc.first-election.timeout.min = 5s (fallback to raft.server.rpc.timeout.min)
2023-01-26 20:31:02,656 [33ea618b-d9cc-459d-a0c4-e4ecfab2c991@group-32E0B9496391-LeaderElection12-1] INFO  server.GrpcServerProtocolClient (GrpcServerProtocolClient.java:<init>(63)) - Build channel for f73d43d0-b19f-4135-8753-89f8dbf44938
2023-01-26 20:31:02,656 [33ea618b-d9cc-459d-a0c4-e4ecfab2c991@group-32E0B9496391-LeaderElection12] INFO  server.RaftServerConfigKeys (ConfUtils.java:logFallback(53)) - raft.server.rpc.first-election.timeout.max = 5200ms (fallback to raft.server.rpc.timeout.max)
2023-01-26 20:31:02,656 [33ea618b-d9cc-459d-a0c4-e4ecfab2c991@group-32E0B9496391-LeaderElection12-2] INFO  server.GrpcServerProtocolClient (GrpcServerProtocolClient.java:<init>(63)) - Build channel for 7e0f7051-7df6-4c7d-992e-efcf57e991e1
2023-01-26 20:31:02,666 [grpc-default-executor-0] INFO  server.RaftServer$Division (RaftServerImpl.java:requestVote(1218)) - f73d43d0-b19f-4135-8753-89f8dbf44938@group-32E0B9496391: receive requestVote(ELECTION, 33ea618b-d9cc-459d-a0c4-e4ecfab2c991, group-32E0B9496391, 1, (t:0, i:0))
2023-01-26 20:31:02,666 [grpc-default-executor-0] INFO  impl.VoteContext (VoteContext.java:log(49)) - f73d43d0-b19f-4135-8753-89f8dbf44938@group-32E0B9496391-FOLLOWER: reject ELECTION from 33ea618b-d9cc-459d-a0c4-e4ecfab2c991: our priority 1 > candidate's priority 0
2023-01-26 20:31:02,666 [grpc-default-executor-0] INFO  server.RaftServer$Division (RaftServerImpl.java:setRole(321)) - f73d43d0-b19f-4135-8753-89f8dbf44938@group-32E0B9496391: changes role from  FOLLOWER to FOLLOWER at term 1 for candidate:33ea618b-d9cc-459d-a0c4-e4ecfab2c991
2023-01-26 20:31:02,666 [grpc-default-executor-0] INFO  impl.RoleInfo (RoleInfo.java:shutdownFollowerState(110)) - f73d43d0-b19f-4135-8753-89f8dbf44938: shutdown f73d43d0-b19f-4135-8753-89f8dbf44938@group-32E0B9496391-FollowerState
2023-01-26 20:31:02,666 [grpc-default-executor-0] INFO  impl.RoleInfo (RoleInfo.java:updateAndGet(139)) - f73d43d0-b19f-4135-8753-89f8dbf44938: start f73d43d0-b19f-4135-8753-89f8dbf44938@group-32E0B9496391-FollowerState
2023-01-26 20:31:02,666 [f73d43d0-b19f-4135-8753-89f8dbf44938@group-32E0B9496391-FollowerState] INFO  impl.FollowerState (FollowerState.java:run(152)) - f73d43d0-b19f-4135-8753-89f8dbf44938@group-32E0B9496391-FollowerState was interrupted
2023-01-26 20:31:02,667 [f73d43d0-b19f-4135-8753-89f8dbf44938@group-32E0B9496391-FollowerState] INFO  server.RaftServerConfigKeys (ConfUtils.java:logFallback(53)) - raft.server.rpc.first-election.timeout.min = 5s (fallback to raft.server.rpc.timeout.min)
2023-01-26 20:31:02,667 [f73d43d0-b19f-4135-8753-89f8dbf44938@group-32E0B9496391-FollowerState] INFO  server.RaftServerConfigKeys (ConfUtils.java:logFallback(53)) - raft.server.rpc.first-election.timeout.max = 5200ms (fallback to raft.server.rpc.timeout.max)
2023-01-26 20:31:02,668 [grpc-default-executor-0] INFO  server.RaftServer$Division (RaftServerImpl.java:requestVote(1251)) - f73d43d0-b19f-4135-8753-89f8dbf44938@group-32E0B9496391 replies to ELECTION vote request: 33ea618b-d9cc-459d-a0c4-e4ecfab2c991<-f73d43d0-b19f-4135-8753-89f8dbf44938#0:FAIL-t1. Peer's state: f73d43d0-b19f-4135-8753-89f8dbf44938@group-32E0B9496391:t1, leader=null, voted=null, raftlog=Memoized:f73d43d0-b19f-4135-8753-89f8dbf44938@group-32E0B9496391-SegmentedRaftLog:OPENED:c-1, conf=-1: peers:[33ea618b-d9cc-459d-a0c4-e4ecfab2c991|rpc:10.1.0.15:39387|dataStream:10.1.0.15:39857|priority:0|startupRole:FOLLOWER, f73d43d0-b19f-4135-8753-89f8dbf44938|rpc:10.1.0.15:40817|dataStream:10.1.0.15:41077|priority:1|startupRole:FOLLOWER, 7e0f7051-7df6-4c7d-992e-efcf57e991e1|rpc:10.1.0.15:44005|dataStream:10.1.0.15:38183|priority:0|startupRole:FOLLOWER]|listeners:[], old=null
2023-01-26 20:31:02,671 [33ea618b-d9cc-459d-a0c4-e4ecfab2c991@group-32E0B9496391-LeaderElection12] INFO  impl.LeaderElection (LeaderElection.java:logAndReturn(90)) - 33ea618b-d9cc-459d-a0c4-e4ecfab2c991@group-32E0B9496391-LeaderElection12: ELECTION REJECTED received 1 response(s) and 0 exception(s):
2023-01-26 20:31:02,671 [33ea618b-d9cc-459d-a0c4-e4ecfab2c991@group-32E0B9496391-LeaderElection12] INFO  impl.LeaderElection (LeaderElection.java:logAndReturn(94)) -   Response 0: 33ea618b-d9cc-459d-a0c4-e4ecfab2c991<-f73d43d0-b19f-4135-8753-89f8dbf44938#0:FAIL-t1
2023-01-26 20:31:02,671 [33ea618b-d9cc-459d-a0c4-e4ecfab2c991@group-32E0B9496391-LeaderElection12] INFO  impl.LeaderElection (LeaderElection.java:askForVotes(314)) - 33ea618b-d9cc-459d-a0c4-e4ecfab2c991@group-32E0B9496391-LeaderElection12 ELECTION round 0: result REJECTED
2023-01-26 20:31:02,671 [33ea618b-d9cc-459d-a0c4-e4ecfab2c991@group-32E0B9496391-LeaderElection12] INFO  server.RaftServer$Division (RaftServerImpl.java:setRole(321)) - 33ea618b-d9cc-459d-a0c4-e4ecfab2c991@group-32E0B9496391: changes role from CANDIDATE to FOLLOWER at term 1 for REJECTED
2023-01-26 20:31:02,671 [33ea618b-d9cc-459d-a0c4-e4ecfab2c991@group-32E0B9496391-LeaderElection12] INFO  impl.RoleInfo (RoleInfo.java:shutdownLeaderElection(130)) - 33ea618b-d9cc-459d-a0c4-e4ecfab2c991: shutdown 33ea618b-d9cc-459d-a0c4-e4ecfab2c991@group-32E0B9496391-LeaderElection12
2023-01-26 20:31:02,671 [33ea618b-d9cc-459d-a0c4-e4ecfab2c991@group-32E0B9496391-LeaderElection12] INFO  impl.RoleInfo (RoleInfo.java:updateAndGet(139)) - 33ea618b-d9cc-459d-a0c4-e4ecfab2c991: start 33ea618b-d9cc-459d-a0c4-e4ecfab2c991@group-32E0B9496391-FollowerState
2023-01-26 20:31:02,672 [33ea618b-d9cc-459d-a0c4-e4ecfab2c991@group-32E0B9496391-FollowerState] INFO  server.RaftServerConfigKeys (ConfUtils.java:logFallback(53)) - raft.server.rpc.first-election.timeout.min = 5s (fallback to raft.server.rpc.timeout.min)
2023-01-26 20:31:02,672 [33ea618b-d9cc-459d-a0c4-e4ecfab2c991@group-32E0B9496391-FollowerState] INFO  server.RaftServerConfigKeys (ConfUtils.java:logFallback(53)) - raft.server.rpc.first-election.timeout.max = 5200ms (fallback to raft.server.rpc.timeout.max)
2023-01-26 20:31:02,677 [grpc-default-executor-0] INFO  server.RaftServer$Division (RaftServerImpl.java:requestVote(1218)) - 7e0f7051-7df6-4c7d-992e-efcf57e991e1@group-32E0B9496391: receive requestVote(ELECTION, 33ea618b-d9cc-459d-a0c4-e4ecfab2c991, group-32E0B9496391, 1, (t:0, i:0))
2023-01-26 20:31:02,678 [grpc-default-executor-0] INFO  impl.VoteContext (VoteContext.java:log(49)) - 7e0f7051-7df6-4c7d-992e-efcf57e991e1@group-32E0B9496391-FOLLOWER: accept ELECTION from 33ea618b-d9cc-459d-a0c4-e4ecfab2c991: our priority 0 <= candidate's priority 0
2023-01-26 20:31:02,678 [grpc-default-executor-0] INFO  server.RaftServer$Division (RaftServerImpl.java:setRole(321)) - 7e0f7051-7df6-4c7d-992e-efcf57e991e1@group-32E0B9496391: changes role from  FOLLOWER to FOLLOWER at term 1 for candidate:33ea618b-d9cc-459d-a0c4-e4ecfab2c991
2023-01-26 20:31:02,678 [grpc-default-executor-0] INFO  impl.RoleInfo (RoleInfo.java:shutdownFollowerState(110)) - 7e0f7051-7df6-4c7d-992e-efcf57e991e1: shutdown 7e0f7051-7df6-4c7d-992e-efcf57e991e1@group-32E0B9496391-FollowerState
2023-01-26 20:31:02,678 [grpc-default-executor-0] INFO  impl.RoleInfo (RoleInfo.java:updateAndGet(139)) - 7e0f7051-7df6-4c7d-992e-efcf57e991e1: start 7e0f7051-7df6-4c7d-992e-efcf57e991e1@group-32E0B9496391-FollowerState
2023-01-26 20:31:02,678 [7e0f7051-7df6-4c7d-992e-efcf57e991e1@group-32E0B9496391-FollowerState] INFO  impl.FollowerState (FollowerState.java:run(152)) - 7e0f7051-7df6-4c7d-992e-efcf57e991e1@group-32E0B9496391-FollowerState was interrupted
2023-01-26 20:31:02,679 [7e0f7051-7df6-4c7d-992e-efcf57e991e1@group-32E0B9496391-FollowerState] INFO  server.RaftServerConfigKeys (ConfUtils.java:logFallback(53)) - raft.server.rpc.first-election.timeout.min = 5s (fallback to raft.server.rpc.timeout.min)
2023-01-26 20:31:02,679 [7e0f7051-7df6-4c7d-992e-efcf57e991e1@group-32E0B9496391-FollowerState] INFO  server.RaftServerConfigKeys (ConfUtils.java:logFallback(53)) - raft.server.rpc.first-election.timeout.max = 5200ms (fallback to raft.server.rpc.timeout.max)
2023-01-26 20:31:02,680 [grpc-default-executor-0] INFO  server.RaftServer$Division (RaftServerImpl.java:requestVote(1251)) - 7e0f7051-7df6-4c7d-992e-efcf57e991e1@group-32E0B9496391 replies to ELECTION vote request: 33ea618b-d9cc-459d-a0c4-e4ecfab2c991<-7e0f7051-7df6-4c7d-992e-efcf57e991e1#0:OK-t1. Peer's state: 7e0f7051-7df6-4c7d-992e-efcf57e991e1@group-32E0B9496391:t1, leader=null, voted=33ea618b-d9cc-459d-a0c4-e4ecfab2c991, raftlog=Memoized:7e0f7051-7df6-4c7d-992e-efcf57e991e1@group-32E0B9496391-SegmentedRaftLog:OPENED:c-1, conf=-1: peers:[33ea618b-d9cc-459d-a0c4-e4ecfab2c991|rpc:10.1.0.15:39387|dataStream:10.1.0.15:39857|priority:0|startupRole:FOLLOWER, f73d43d0-b19f-4135-8753-89f8dbf44938|rpc:10.1.0.15:40817|dataStream:10.1.0.15:41077|priority:1|startupRole:FOLLOWER, 7e0f7051-7df6-4c7d-992e-efcf57e991e1|rpc:10.1.0.15:44005|dataStream:10.1.0.15:38183|priority:0|startupRole:FOLLOWER]|listeners:[], old=null
2023-01-26 20:31:02,720 [33ea618b-d9cc-459d-a0c4-e4ecfab2c991@group-FBE4184240FC-FollowerState] INFO  impl.FollowerState (FollowerState.java:run(143)) - 33ea618b-d9cc-459d-a0c4-e4ecfab2c991@group-FBE4184240FC-FollowerState: change to CANDIDATE, lastRpcElapsedTime:5123487106ns, electionTimeout:5120ms
2023-01-26 20:31:02,720 [33ea618b-d9cc-459d-a0c4-e4ecfab2c991@group-FBE4184240FC-FollowerState] INFO  impl.RoleInfo (RoleInfo.java:shutdownFollowerState(110)) - 33ea618b-d9cc-459d-a0c4-e4ecfab2c991: shutdown 33ea618b-d9cc-459d-a0c4-e4ecfab2c991@group-FBE4184240FC-FollowerState
2023-01-26 20:31:02,720 [33ea618b-d9cc-459d-a0c4-e4ecfab2c991@group-FBE4184240FC-FollowerState] INFO  server.RaftServer$Division (RaftServerImpl.java:setRole(321)) - 33ea618b-d9cc-459d-a0c4-e4ecfab2c991@group-FBE4184240FC: changes role from  FOLLOWER to CANDIDATE at term 0 for changeToCandidate
2023-01-26 20:31:02,720 [33ea618b-d9cc-459d-a0c4-e4ecfab2c991@group-FBE4184240FC-FollowerState] INFO  server.RaftServerConfigKeys (ConfUtils.java:logGet(46)) - raft.server.leaderelection.pre-vote = false (custom)
2023-01-26 20:31:02,720 [33ea618b-d9cc-459d-a0c4-e4ecfab2c991@group-FBE4184240FC-FollowerState] INFO  impl.RoleInfo (RoleInfo.java:updateAndGet(139)) - 33ea618b-d9cc-459d-a0c4-e4ecfab2c991: start 33ea618b-d9cc-459d-a0c4-e4ecfab2c991@group-FBE4184240FC-LeaderElection13
2023-01-26 20:31:02,723 [33ea618b-d9cc-459d-a0c4-e4ecfab2c991@group-FBE4184240FC-LeaderElection13] INFO  impl.LeaderElection (LeaderElection.java:askForVotes(312)) - 33ea618b-d9cc-459d-a0c4-e4ecfab2c991@group-FBE4184240FC-LeaderElection13 ELECTION round 0: submit vote requests at term 1 for -1: peers:[33ea618b-d9cc-459d-a0c4-e4ecfab2c991|rpc:10.1.0.15:39387|dataStream:10.1.0.15:39857|priority:1|startupRole:FOLLOWER]|listeners:[], old=null
2023-01-26 20:31:02,724 [33ea618b-d9cc-459d-a0c4-e4ecfab2c991@group-FBE4184240FC-LeaderElection13] INFO  impl.LeaderElection (LeaderElection.java:askForVotes(314)) - 33ea618b-d9cc-459d-a0c4-e4ecfab2c991@group-FBE4184240FC-LeaderElection13 ELECTION round 0: result PASSED (term=1)
2023-01-26 20:31:02,724 [33ea618b-d9cc-459d-a0c4-e4ecfab2c991@group-FBE4184240FC-LeaderElection13] INFO  impl.RoleInfo (RoleInfo.java:shutdownLeaderElection(130)) - 33ea618b-d9cc-459d-a0c4-e4ecfab2c991: shutdown 33ea618b-d9cc-459d-a0c4-e4ecfab2c991@group-FBE4184240FC-LeaderElection13
2023-01-26 20:31:02,724 [33ea618b-d9cc-459d-a0c4-e4ecfab2c991@group-FBE4184240FC-LeaderElection13] INFO  server.RaftServer$Division (RaftServerImpl.java:setRole(321)) - 33ea618b-d9cc-459d-a0c4-e4ecfab2c991@group-FBE4184240FC: changes role from CANDIDATE to LEADER at term 1 for changeToLeader
2023-01-26 20:31:02,724 [33ea618b-d9cc-459d-a0c4-e4ecfab2c991@group-FBE4184240FC-LeaderElection13] INFO  ratis.XceiverServerRatis (XceiverServerRatis.java:handleLeaderChangedNotification(904)) - Leader change notification received for group: group-FBE4184240FC with new leaderId: 33ea618b-d9cc-459d-a0c4-e4ecfab2c991
2023-01-26 20:31:02,724 [33ea618b-d9cc-459d-a0c4-e4ecfab2c991@group-FBE4184240FC-LeaderElection13] INFO  server.RaftServer$Division (ServerState.java:setLeader(313)) - 33ea618b-d9cc-459d-a0c4-e4ecfab2c991@group-FBE4184240FC: change Leader from null to 33ea618b-d9cc-459d-a0c4-e4ecfab2c991 at term 1 for becomeLeader, leader elected after 5143ms
2023-01-26 20:31:02,724 [33ea618b-d9cc-459d-a0c4-e4ecfab2c991@group-FBE4184240FC-LeaderElection13] INFO  server.RaftServerConfigKeys (ConfUtils.java:logGet(46)) - raft.server.staging.catchup.gap = 1000 (default)
2023-01-26 20:31:02,724 [33ea618b-d9cc-459d-a0c4-e4ecfab2c991@group-FBE4184240FC-LeaderElection13] INFO  server.RaftServerConfigKeys (ConfUtils.java:logGet(46)) - raft.server.write.element-limit = 1024 (custom)
2023-01-26 20:31:02,724 [33ea618b-d9cc-459d-a0c4-e4ecfab2c991@group-FBE4184240FC-LeaderElection13] INFO  server.RaftServerConfigKeys (ConfUtils.java:logGet(46)) - raft.server.write.byte-limit = 1024 M (=1073741824) (custom)
2023-01-26 20:31:02,725 [EventQueue-OpenPipelineForHealthyPipelineSafeModeRule] INFO  safemode.SCMSafeModeManager (HealthyPipelineSafeModeRule.java:process(137)) - SCM in safe mode. Healthy pipelines reported count is 0, required healthy pipeline reported count is 1
2023-01-26 20:31:02,725 [33ea618b-d9cc-459d-a0c4-e4ecfab2c991@group-FBE4184240FC-LeaderElection13] INFO  server.RaftServerConfigKeys (ConfUtils.java:logGet(46)) - raft.server.watch.timeout = 180s (custom)
2023-01-26 20:31:02,725 [33ea618b-d9cc-459d-a0c4-e4ecfab2c991@group-FBE4184240FC-LeaderElection13] INFO  server.RaftServerConfigKeys (ConfUtils.java:logGet(46)) - raft.server.watch.timeout.denomination = 1s (default)
2023-01-26 20:31:02,725 [33ea618b-d9cc-459d-a0c4-e4ecfab2c991@group-FBE4184240FC-LeaderElection13] INFO  server.RaftServerConfigKeys (ConfUtils.java:logGet(46)) - raft.server.watch.element-limit = 65536 (default)
2023-01-26 20:31:02,725 [33ea618b-d9cc-459d-a0c4-e4ecfab2c991@group-FBE4184240FC-LeaderElection13] INFO  server.RaftServerConfigKeys (ConfUtils.java:logGet(46)) - raft.server.write.element-limit = 1024 (custom)
2023-01-26 20:31:02,725 [33ea618b-d9cc-459d-a0c4-e4ecfab2c991@group-FBE4184240FC-LeaderElection13] INFO  server.RaftServerConfigKeys (ConfUtils.java:logGet(46)) - raft.server.write.follower.gap.ratio.max = -1.0 (default)
2023-01-26 20:31:02,726 [33ea618b-d9cc-459d-a0c4-e4ecfab2c991@group-FBE4184240FC-LeaderElection13] INFO  impl.RoleInfo (RoleInfo.java:updateAndGet(139)) - 33ea618b-d9cc-459d-a0c4-e4ecfab2c991: start 33ea618b-d9cc-459d-a0c4-e4ecfab2c991@group-FBE4184240FC-LeaderStateImpl
2023-01-26 20:31:02,726 [33ea618b-d9cc-459d-a0c4-e4ecfab2c991@group-FBE4184240FC-LeaderElection13] INFO  segmented.SegmentedRaftLogWorker (SegmentedRaftLogWorker.java:startLogSegment(452)) - 33ea618b-d9cc-459d-a0c4-e4ecfab2c991@group-FBE4184240FC-SegmentedRaftLogWorker: Starting segment from index:0
2023-01-26 20:31:02,727 [33ea618b-d9cc-459d-a0c4-e4ecfab2c991@group-FBE4184240FC-LeaderElection13] INFO  server.RaftServer$Division (ServerState.java:setRaftConf(430)) - 33ea618b-d9cc-459d-a0c4-e4ecfab2c991@group-FBE4184240FC: set configuration 0: peers:[33ea618b-d9cc-459d-a0c4-e4ecfab2c991|rpc:10.1.0.15:39387|dataStream:10.1.0.15:39857|priority:1|startupRole:FOLLOWER]|listeners:[], old=null
2023-01-26 20:31:02,730 [33ea618b-d9cc-459d-a0c4-e4ecfab2c991@group-FBE4184240FC-SegmentedRaftLogWorker] INFO  segmented.SegmentedRaftLogWorker (SegmentedRaftLogWorker.java:execute(656)) - 33ea618b-d9cc-459d-a0c4-e4ecfab2c991@group-FBE4184240FC-SegmentedRaftLogWorker: created new log segment /home/runner/work/ozone/ozone/hadoop-ozone/integration-test/target/test-dir/MiniOzoneClusterImpl-83fec8cd-5b22-4757-ae00-8ce138a916fc/datanode-0/data/ratis/a4cb16c8-1361-45f5-848a-fbe4184240fc/current/log_inprogress_0
2023-01-26 20:31:02,826 [7e0f7051-7df6-4c7d-992e-efcf57e991e1@group-E6729A0FA6AF-FollowerState] INFO  impl.FollowerState (FollowerState.java:run(143)) - 7e0f7051-7df6-4c7d-992e-efcf57e991e1@group-E6729A0FA6AF-FollowerState: change to CANDIDATE, lastRpcElapsedTime:5031552046ns, electionTimeout:5031ms
2023-01-26 20:31:02,826 [7e0f7051-7df6-4c7d-992e-efcf57e991e1@group-E6729A0FA6AF-FollowerState] INFO  impl.RoleInfo (RoleInfo.java:shutdownFollowerState(110)) - 7e0f7051-7df6-4c7d-992e-efcf57e991e1: shutdown 7e0f7051-7df6-4c7d-992e-efcf57e991e1@group-E6729A0FA6AF-FollowerState
2023-01-26 20:31:02,826 [7e0f7051-7df6-4c7d-992e-efcf57e991e1@group-E6729A0FA6AF-FollowerState] INFO  server.RaftServer$Division (RaftServerImpl.java:setRole(321)) - 7e0f7051-7df6-4c7d-992e-efcf57e991e1@group-E6729A0FA6AF: changes role from  FOLLOWER to CANDIDATE at term 0 for changeToCandidate
2023-01-26 20:31:02,826 [7e0f7051-7df6-4c7d-992e-efcf57e991e1@group-E6729A0FA6AF-FollowerState] INFO  server.RaftServerConfigKeys (ConfUtils.java:logGet(46)) - raft.server.leaderelection.pre-vote = false (custom)
2023-01-26 20:31:02,826 [7e0f7051-7df6-4c7d-992e-efcf57e991e1@group-E6729A0FA6AF-FollowerState] INFO  impl.RoleInfo (RoleInfo.java:updateAndGet(139)) - 7e0f7051-7df6-4c7d-992e-efcf57e991e1: start 7e0f7051-7df6-4c7d-992e-efcf57e991e1@group-E6729A0FA6AF-LeaderElection14
2023-01-26 20:31:02,831 [7e0f7051-7df6-4c7d-992e-efcf57e991e1@group-E6729A0FA6AF-LeaderElection14] INFO  impl.LeaderElection (LeaderElection.java:askForVotes(312)) - 7e0f7051-7df6-4c7d-992e-efcf57e991e1@group-E6729A0FA6AF-LeaderElection14 ELECTION round 0: submit vote requests at term 1 for -1: peers:[33ea618b-d9cc-459d-a0c4-e4ecfab2c991|rpc:10.1.0.15:39387|dataStream:10.1.0.15:39857|priority:1|startupRole:FOLLOWER, f73d43d0-b19f-4135-8753-89f8dbf44938|rpc:10.1.0.15:40817|dataStream:10.1.0.15:41077|priority:0|startupRole:FOLLOWER, 7e0f7051-7df6-4c7d-992e-efcf57e991e1|rpc:10.1.0.15:44005|dataStream:10.1.0.15:38183|priority:0|startupRole:FOLLOWER]|listeners:[], old=null
2023-01-26 20:31:02,832 [7e0f7051-7df6-4c7d-992e-efcf57e991e1@group-E6729A0FA6AF-LeaderElection14] INFO  server.RaftServerConfigKeys (ConfUtils.java:logFallback(53)) - raft.server.rpc.first-election.timeout.min = 5s (fallback to raft.server.rpc.timeout.min)
2023-01-26 20:31:02,832 [7e0f7051-7df6-4c7d-992e-efcf57e991e1@group-E6729A0FA6AF-LeaderElection14] INFO  server.RaftServerConfigKeys (ConfUtils.java:logFallback(53)) - raft.server.rpc.first-election.timeout.max = 5200ms (fallback to raft.server.rpc.timeout.max)
2023-01-26 20:31:02,832 [7e0f7051-7df6-4c7d-992e-efcf57e991e1@group-E6729A0FA6AF-LeaderElection14-2] INFO  server.GrpcServerProtocolClient (GrpcServerProtocolClient.java:<init>(63)) - Build channel for f73d43d0-b19f-4135-8753-89f8dbf44938
2023-01-26 20:31:02,832 [7e0f7051-7df6-4c7d-992e-efcf57e991e1@group-E6729A0FA6AF-LeaderElection14-1] INFO  server.GrpcServerProtocolClient (GrpcServerProtocolClient.java:<init>(63)) - Build channel for 33ea618b-d9cc-459d-a0c4-e4ecfab2c991
2023-01-26 20:31:02,843 [grpc-default-executor-0] INFO  server.RaftServer$Division (RaftServerImpl.java:requestVote(1218)) - f73d43d0-b19f-4135-8753-89f8dbf44938@group-E6729A0FA6AF: receive requestVote(ELECTION, 7e0f7051-7df6-4c7d-992e-efcf57e991e1, group-E6729A0FA6AF, 1, (t:0, i:0))
2023-01-26 20:31:02,843 [grpc-default-executor-0] INFO  impl.VoteContext (VoteContext.java:log(49)) - f73d43d0-b19f-4135-8753-89f8dbf44938@group-E6729A0FA6AF-FOLLOWER: accept ELECTION from 7e0f7051-7df6-4c7d-992e-efcf57e991e1: our priority 0 <= candidate's priority 0
2023-01-26 20:31:02,843 [grpc-default-executor-0] INFO  server.RaftServer$Division (RaftServerImpl.java:setRole(321)) - f73d43d0-b19f-4135-8753-89f8dbf44938@group-E6729A0FA6AF: changes role from  FOLLOWER to FOLLOWER at term 1 for candidate:7e0f7051-7df6-4c7d-992e-efcf57e991e1
2023-01-26 20:31:02,843 [grpc-default-executor-0] INFO  impl.RoleInfo (RoleInfo.java:shutdownFollowerState(110)) - f73d43d0-b19f-4135-8753-89f8dbf44938: shutdown f73d43d0-b19f-4135-8753-89f8dbf44938@group-E6729A0FA6AF-FollowerState
2023-01-26 20:31:02,843 [grpc-default-executor-0] INFO  impl.RoleInfo (RoleInfo.java:updateAndGet(139)) - f73d43d0-b19f-4135-8753-89f8dbf44938: start f73d43d0-b19f-4135-8753-89f8dbf44938@group-E6729A0FA6AF-FollowerState
2023-01-26 20:31:02,843 [f73d43d0-b19f-4135-8753-89f8dbf44938@group-E6729A0FA6AF-FollowerState] INFO  impl.FollowerState (FollowerState.java:run(152)) - f73d43d0-b19f-4135-8753-89f8dbf44938@group-E6729A0FA6AF-FollowerState was interrupted
2023-01-26 20:31:02,844 [f73d43d0-b19f-4135-8753-89f8dbf44938@group-E6729A0FA6AF-FollowerState] INFO  server.RaftServerConfigKeys (ConfUtils.java:logFallback(53)) - raft.server.rpc.first-election.timeout.min = 5s (fallback to raft.server.rpc.timeout.min)
2023-01-26 20:31:02,844 [f73d43d0-b19f-4135-8753-89f8dbf44938@group-E6729A0FA6AF-FollowerState] INFO  server.RaftServerConfigKeys (ConfUtils.java:logFallback(53)) - raft.server.rpc.first-election.timeout.max = 5200ms (fallback to raft.server.rpc.timeout.max)
2023-01-26 20:31:02,845 [grpc-default-executor-0] INFO  server.RaftServer$Division (RaftServerImpl.java:requestVote(1251)) - f73d43d0-b19f-4135-8753-89f8dbf44938@group-E6729A0FA6AF replies to ELECTION vote request: 7e0f7051-7df6-4c7d-992e-efcf57e991e1<-f73d43d0-b19f-4135-8753-89f8dbf44938#0:OK-t1. Peer's state: f73d43d0-b19f-4135-8753-89f8dbf44938@group-E6729A0FA6AF:t1, leader=null, voted=7e0f7051-7df6-4c7d-992e-efcf57e991e1, raftlog=Memoized:f73d43d0-b19f-4135-8753-89f8dbf44938@group-E6729A0FA6AF-SegmentedRaftLog:OPENED:c-1, conf=-1: peers:[33ea618b-d9cc-459d-a0c4-e4ecfab2c991|rpc:10.1.0.15:39387|dataStream:10.1.0.15:39857|priority:1|startupRole:FOLLOWER, f73d43d0-b19f-4135-8753-89f8dbf44938|rpc:10.1.0.15:40817|dataStream:10.1.0.15:41077|priority:0|startupRole:FOLLOWER, 7e0f7051-7df6-4c7d-992e-efcf57e991e1|rpc:10.1.0.15:44005|dataStream:10.1.0.15:38183|priority:0|startupRole:FOLLOWER]|listeners:[], old=null
2023-01-26 20:31:02,854 [grpc-default-executor-1] INFO  server.RaftServer$Division (RaftServerImpl.java:requestVote(1218)) - 33ea618b-d9cc-459d-a0c4-e4ecfab2c991@group-E6729A0FA6AF: receive requestVote(ELECTION, 7e0f7051-7df6-4c7d-992e-efcf57e991e1, group-E6729A0FA6AF, 1, (t:0, i:0))
2023-01-26 20:31:02,854 [grpc-default-executor-1] INFO  impl.VoteContext (VoteContext.java:log(49)) - 33ea618b-d9cc-459d-a0c4-e4ecfab2c991@group-E6729A0FA6AF-FOLLOWER: reject ELECTION from 7e0f7051-7df6-4c7d-992e-efcf57e991e1: our priority 1 > candidate's priority 0
2023-01-26 20:31:02,854 [grpc-default-executor-1] INFO  server.RaftServer$Division (RaftServerImpl.java:setRole(321)) - 33ea618b-d9cc-459d-a0c4-e4ecfab2c991@group-E6729A0FA6AF: changes role from  FOLLOWER to FOLLOWER at term 1 for candidate:7e0f7051-7df6-4c7d-992e-efcf57e991e1
2023-01-26 20:31:02,854 [grpc-default-executor-1] INFO  impl.RoleInfo (RoleInfo.java:shutdownFollowerState(110)) - 33ea618b-d9cc-459d-a0c4-e4ecfab2c991: shutdown 33ea618b-d9cc-459d-a0c4-e4ecfab2c991@group-E6729A0FA6AF-FollowerState
2023-01-26 20:31:02,854 [grpc-default-executor-1] INFO  impl.RoleInfo (RoleInfo.java:updateAndGet(139)) - 33ea618b-d9cc-459d-a0c4-e4ecfab2c991: start 33ea618b-d9cc-459d-a0c4-e4ecfab2c991@group-E6729A0FA6AF-FollowerState
2023-01-26 20:31:02,854 [33ea618b-d9cc-459d-a0c4-e4ecfab2c991@group-E6729A0FA6AF-FollowerState] INFO  impl.FollowerState (FollowerState.java:run(152)) - 33ea618b-d9cc-459d-a0c4-e4ecfab2c991@group-E6729A0FA6AF-FollowerState was interrupted
2023-01-26 20:31:02,857 [33ea618b-d9cc-459d-a0c4-e4ecfab2c991@group-E6729A0FA6AF-FollowerState] INFO  server.RaftServerConfigKeys (ConfUtils.java:logFallback(53)) - raft.server.rpc.first-election.timeout.min = 5s (fallback to raft.server.rpc.timeout.min)
2023-01-26 20:31:02,857 [grpc-default-executor-1] INFO  server.RaftServer$Division (RaftServerImpl.java:requestVote(1251)) - 33ea618b-d9cc-459d-a0c4-e4ecfab2c991@group-E6729A0FA6AF replies to ELECTION vote request: 7e0f7051-7df6-4c7d-992e-efcf57e991e1<-33ea618b-d9cc-459d-a0c4-e4ecfab2c991#0:FAIL-t1. Peer's state: 33ea618b-d9cc-459d-a0c4-e4ecfab2c991@group-E6729A0FA6AF:t1, leader=null, voted=null, raftlog=Memoized:33ea618b-d9cc-459d-a0c4-e4ecfab2c991@group-E6729A0FA6AF-SegmentedRaftLog:OPENED:c-1, conf=-1: peers:[33ea618b-d9cc-459d-a0c4-e4ecfab2c991|rpc:10.1.0.15:39387|dataStream:10.1.0.15:39857|priority:1|startupRole:FOLLOWER, f73d43d0-b19f-4135-8753-89f8dbf44938|rpc:10.1.0.15:40817|dataStream:10.1.0.15:41077|priority:0|startupRole:FOLLOWER, 7e0f7051-7df6-4c7d-992e-efcf57e991e1|rpc:10.1.0.15:44005|dataStream:10.1.0.15:38183|priority:0|startupRole:FOLLOWER]|listeners:[], old=null
2023-01-26 20:31:02,857 [33ea618b-d9cc-459d-a0c4-e4ecfab2c991@group-E6729A0FA6AF-FollowerState] INFO  server.RaftServerConfigKeys (ConfUtils.java:logFallback(53)) - raft.server.rpc.first-election.timeout.max = 5200ms (fallback to raft.server.rpc.timeout.max)
2023-01-26 20:31:02,858 [7e0f7051-7df6-4c7d-992e-efcf57e991e1@group-E6729A0FA6AF-LeaderElection14] INFO  impl.LeaderElection (LeaderElection.java:logAndReturn(90)) - 7e0f7051-7df6-4c7d-992e-efcf57e991e1@group-E6729A0FA6AF-LeaderElection14: ELECTION REJECTED received 2 response(s) and 0 exception(s):
2023-01-26 20:31:02,858 [7e0f7051-7df6-4c7d-992e-efcf57e991e1@group-E6729A0FA6AF-LeaderElection14] INFO  impl.LeaderElection (LeaderElection.java:logAndReturn(94)) -   Response 0: 7e0f7051-7df6-4c7d-992e-efcf57e991e1<-33ea618b-d9cc-459d-a0c4-e4ecfab2c991#0:FAIL-t1
2023-01-26 20:31:02,858 [7e0f7051-7df6-4c7d-992e-efcf57e991e1@group-E6729A0FA6AF-LeaderElection14] INFO  impl.LeaderElection (LeaderElection.java:logAndReturn(94)) -   Response 1: 7e0f7051-7df6-4c7d-992e-efcf57e991e1<-f73d43d0-b19f-4135-8753-89f8dbf44938#0:OK-t1
2023-01-26 20:31:02,858 [7e0f7051-7df6-4c7d-992e-efcf57e991e1@group-E6729A0FA6AF-LeaderElection14] INFO  impl.LeaderElection (LeaderElection.java:askForVotes(314)) - 7e0f7051-7df6-4c7d-992e-efcf57e991e1@group-E6729A0FA6AF-LeaderElection14 ELECTION round 0: result REJECTED
2023-01-26 20:31:02,858 [7e0f7051-7df6-4c7d-992e-efcf57e991e1@group-E6729A0FA6AF-LeaderElection14] INFO  server.RaftServer$Division (RaftServerImpl.java:setRole(321)) - 7e0f7051-7df6-4c7d-992e-efcf57e991e1@group-E6729A0FA6AF: changes role from CANDIDATE to FOLLOWER at term 1 for REJECTED
2023-01-26 20:31:02,858 [7e0f7051-7df6-4c7d-992e-efcf57e991e1@group-E6729A0FA6AF-LeaderElection14] INFO  impl.RoleInfo (RoleInfo.java:shutdownLeaderElection(130)) - 7e0f7051-7df6-4c7d-992e-efcf57e991e1: shutdown 7e0f7051-7df6-4c7d-992e-efcf57e991e1@group-E6729A0FA6AF-LeaderElection14
2023-01-26 20:31:02,858 [7e0f7051-7df6-4c7d-992e-efcf57e991e1@group-E6729A0FA6AF-LeaderElection14] INFO  impl.RoleInfo (RoleInfo.java:updateAndGet(139)) - 7e0f7051-7df6-4c7d-992e-efcf57e991e1: start 7e0f7051-7df6-4c7d-992e-efcf57e991e1@group-E6729A0FA6AF-FollowerState
2023-01-26 20:31:02,861 [7e0f7051-7df6-4c7d-992e-efcf57e991e1@group-E6729A0FA6AF-FollowerState] INFO  server.RaftServerConfigKeys (ConfUtils.java:logFallback(53)) - raft.server.rpc.first-election.timeout.min = 5s (fallback to raft.server.rpc.timeout.min)
2023-01-26 20:31:02,861 [7e0f7051-7df6-4c7d-992e-efcf57e991e1@group-E6729A0FA6AF-FollowerState] INFO  server.RaftServerConfigKeys (ConfUtils.java:logFallback(53)) - raft.server.rpc.first-election.timeout.max = 5200ms (fallback to raft.server.rpc.timeout.max)
2023-01-26 20:31:02,864 [Listener at 127.0.0.1/37459] INFO  ozone.MiniOzoneClusterImpl (MiniOzoneClusterImpl.java:lambda$waitForClusterToBeReady$0(218)) - Nodes are ready. Got 5 of 5 DN Heartbeats.
2023-01-26 20:31:02,864 [Listener at 127.0.0.1/37459] INFO  ozone.MiniOzoneClusterImpl (MiniOzoneClusterImpl.java:lambda$waitForClusterToBeReady$0(221)) - Waiting for cluster to exit safe mode
2023-01-26 20:31:02,864 [Listener at 127.0.0.1/37459] INFO  ozone.MiniOzoneClusterImpl (MiniOzoneClusterImpl.java:lambda$waitForClusterToBeReady$0(223)) - SCM became leader
2023-01-26 20:31:03,125 [7e0f7051-7df6-4c7d-992e-efcf57e991e1@group-F21455778337-FollowerState] INFO  impl.FollowerState (FollowerState.java:run(143)) - 7e0f7051-7df6-4c7d-992e-efcf57e991e1@group-F21455778337-FollowerState: change to CANDIDATE, lastRpcElapsedTime:5164031774ns, electionTimeout:5157ms
2023-01-26 20:31:03,125 [7e0f7051-7df6-4c7d-992e-efcf57e991e1@group-F21455778337-FollowerState] INFO  impl.RoleInfo (RoleInfo.java:shutdownFollowerState(110)) - 7e0f7051-7df6-4c7d-992e-efcf57e991e1: shutdown 7e0f7051-7df6-4c7d-992e-efcf57e991e1@group-F21455778337-FollowerState
2023-01-26 20:31:03,125 [7e0f7051-7df6-4c7d-992e-efcf57e991e1@group-F21455778337-FollowerState] INFO  server.RaftServer$Division (RaftServerImpl.java:setRole(321)) - 7e0f7051-7df6-4c7d-992e-efcf57e991e1@group-F21455778337: changes role from  FOLLOWER to CANDIDATE at term 0 for changeToCandidate
2023-01-26 20:31:03,125 [7e0f7051-7df6-4c7d-992e-efcf57e991e1@group-F21455778337-FollowerState] INFO  server.RaftServerConfigKeys (ConfUtils.java:logGet(46)) - raft.server.leaderelection.pre-vote = false (custom)
2023-01-26 20:31:03,125 [7e0f7051-7df6-4c7d-992e-efcf57e991e1@group-F21455778337-FollowerState] INFO  impl.RoleInfo (RoleInfo.java:updateAndGet(139)) - 7e0f7051-7df6-4c7d-992e-efcf57e991e1: start 7e0f7051-7df6-4c7d-992e-efcf57e991e1@group-F21455778337-LeaderElection15
2023-01-26 20:31:03,129 [7e0f7051-7df6-4c7d-992e-efcf57e991e1@group-F21455778337-LeaderElection15] INFO  impl.LeaderElection (LeaderElection.java:askForVotes(312)) - 7e0f7051-7df6-4c7d-992e-efcf57e991e1@group-F21455778337-LeaderElection15 ELECTION round 0: submit vote requests at term 1 for -1: peers:[7e0f7051-7df6-4c7d-992e-efcf57e991e1|rpc:10.1.0.15:44005|dataStream:10.1.0.15:38183|priority:1|startupRole:FOLLOWER]|listeners:[], old=null
2023-01-26 20:31:03,129 [7e0f7051-7df6-4c7d-992e-efcf57e991e1@group-F21455778337-LeaderElection15] INFO  impl.LeaderElection (LeaderElection.java:askForVotes(314)) - 7e0f7051-7df6-4c7d-992e-efcf57e991e1@group-F21455778337-LeaderElection15 ELECTION round 0: result PASSED (term=1)
2023-01-26 20:31:03,129 [7e0f7051-7df6-4c7d-992e-efcf57e991e1@group-F21455778337-LeaderElection15] INFO  impl.RoleInfo (RoleInfo.java:shutdownLeaderElection(130)) - 7e0f7051-7df6-4c7d-992e-efcf57e991e1: shutdown 7e0f7051-7df6-4c7d-992e-efcf57e991e1@group-F21455778337-LeaderElection15
2023-01-26 20:31:03,129 [7e0f7051-7df6-4c7d-992e-efcf57e991e1@group-F21455778337-LeaderElection15] INFO  server.RaftServer$Division (RaftServerImpl.java:setRole(321)) - 7e0f7051-7df6-4c7d-992e-efcf57e991e1@group-F21455778337: changes role from CANDIDATE to LEADER at term 1 for changeToLeader
2023-01-26 20:31:03,129 [7e0f7051-7df6-4c7d-992e-efcf57e991e1@group-F21455778337-LeaderElection15] INFO  ratis.XceiverServerRatis (XceiverServerRatis.java:handleLeaderChangedNotification(904)) - Leader change notification received for group: group-F21455778337 with new leaderId: 7e0f7051-7df6-4c7d-992e-efcf57e991e1
2023-01-26 20:31:03,129 [7e0f7051-7df6-4c7d-992e-efcf57e991e1@group-F21455778337-LeaderElection15] INFO  server.RaftServer$Division (ServerState.java:setLeader(313)) - 7e0f7051-7df6-4c7d-992e-efcf57e991e1@group-F21455778337: change Leader from null to 7e0f7051-7df6-4c7d-992e-efcf57e991e1 at term 1 for becomeLeader, leader elected after 5182ms
2023-01-26 20:31:03,129 [7e0f7051-7df6-4c7d-992e-efcf57e991e1@group-F21455778337-LeaderElection15] INFO  server.RaftServerConfigKeys (ConfUtils.java:logGet(46)) - raft.server.staging.catchup.gap = 1000 (default)
2023-01-26 20:31:03,130 [7e0f7051-7df6-4c7d-992e-efcf57e991e1@group-F21455778337-LeaderElection15] INFO  server.RaftServerConfigKeys (ConfUtils.java:logGet(46)) - raft.server.write.element-limit = 1024 (custom)
2023-01-26 20:31:03,130 [7e0f7051-7df6-4c7d-992e-efcf57e991e1@group-F21455778337-LeaderElection15] INFO  server.RaftServerConfigKeys (ConfUtils.java:logGet(46)) - raft.server.write.byte-limit = 1024 M (=1073741824) (custom)
2023-01-26 20:31:03,130 [EventQueue-OpenPipelineForHealthyPipelineSafeModeRule] INFO  safemode.SCMSafeModeManager (HealthyPipelineSafeModeRule.java:process(137)) - SCM in safe mode. Healthy pipelines reported count is 0, required healthy pipeline reported count is 1
2023-01-26 20:31:03,131 [7e0f7051-7df6-4c7d-992e-efcf57e991e1@group-F21455778337-LeaderElection15] INFO  server.RaftServerConfigKeys (ConfUtils.java:logGet(46)) - raft.server.watch.timeout = 180s (custom)
2023-01-26 20:31:03,131 [7e0f7051-7df6-4c7d-992e-efcf57e991e1@group-F21455778337-LeaderElection15] INFO  server.RaftServerConfigKeys (ConfUtils.java:logGet(46)) - raft.server.watch.timeout.denomination = 1s (default)
2023-01-26 20:31:03,131 [7e0f7051-7df6-4c7d-992e-efcf57e991e1@group-F21455778337-LeaderElection15] INFO  server.RaftServerConfigKeys (ConfUtils.java:logGet(46)) - raft.server.watch.element-limit = 65536 (default)
2023-01-26 20:31:03,131 [7e0f7051-7df6-4c7d-992e-efcf57e991e1@group-F21455778337-LeaderElection15] INFO  server.RaftServerConfigKeys (ConfUtils.java:logGet(46)) - raft.server.write.element-limit = 1024 (custom)
2023-01-26 20:31:03,131 [7e0f7051-7df6-4c7d-992e-efcf57e991e1@group-F21455778337-LeaderElection15] INFO  server.RaftServerConfigKeys (ConfUtils.java:logGet(46)) - raft.server.write.follower.gap.ratio.max = -1.0 (default)
2023-01-26 20:31:03,131 [7e0f7051-7df6-4c7d-992e-efcf57e991e1@group-F21455778337-LeaderElection15] INFO  impl.RoleInfo (RoleInfo.java:updateAndGet(139)) - 7e0f7051-7df6-4c7d-992e-efcf57e991e1: start 7e0f7051-7df6-4c7d-992e-efcf57e991e1@group-F21455778337-LeaderStateImpl
2023-01-26 20:31:03,131 [7e0f7051-7df6-4c7d-992e-efcf57e991e1@group-F21455778337-LeaderElection15] INFO  segmented.SegmentedRaftLogWorker (SegmentedRaftLogWorker.java:startLogSegment(452)) - 7e0f7051-7df6-4c7d-992e-efcf57e991e1@group-F21455778337-SegmentedRaftLogWorker: Starting segment from index:0
2023-01-26 20:31:03,133 [7e0f7051-7df6-4c7d-992e-efcf57e991e1@group-F21455778337-LeaderElection15] INFO  server.RaftServer$Division (ServerState.java:setRaftConf(430)) - 7e0f7051-7df6-4c7d-992e-efcf57e991e1@group-F21455778337: set configuration 0: peers:[7e0f7051-7df6-4c7d-992e-efcf57e991e1|rpc:10.1.0.15:44005|dataStream:10.1.0.15:38183|priority:1|startupRole:FOLLOWER]|listeners:[], old=null
2023-01-26 20:31:03,137 [7e0f7051-7df6-4c7d-992e-efcf57e991e1@group-F21455778337-SegmentedRaftLogWorker] INFO  segmented.SegmentedRaftLogWorker (SegmentedRaftLogWorker.java:execute(656)) - 7e0f7051-7df6-4c7d-992e-efcf57e991e1@group-F21455778337-SegmentedRaftLogWorker: created new log segment /home/runner/work/ozone/ozone/hadoop-ozone/integration-test/target/test-dir/MiniOzoneClusterImpl-83fec8cd-5b22-4757-ae00-8ce138a916fc/datanode-1/data/ratis/205a0ba4-f5a3-4d7f-aa13-f21455778337/current/log_inprogress_0
2023-01-26 20:31:03,479 [f73d43d0-b19f-4135-8753-89f8dbf44938@group-5EB2E6047A55-FollowerState] INFO  impl.FollowerState (FollowerState.java:run(143)) - f73d43d0-b19f-4135-8753-89f8dbf44938@group-5EB2E6047A55-FollowerState: change to CANDIDATE, lastRpcElapsedTime:5207477875ns, electionTimeout:5199ms
2023-01-26 20:31:03,480 [f73d43d0-b19f-4135-8753-89f8dbf44938@group-5EB2E6047A55-FollowerState] INFO  impl.RoleInfo (RoleInfo.java:shutdownFollowerState(110)) - f73d43d0-b19f-4135-8753-89f8dbf44938: shutdown f73d43d0-b19f-4135-8753-89f8dbf44938@group-5EB2E6047A55-FollowerState
2023-01-26 20:31:03,480 [f73d43d0-b19f-4135-8753-89f8dbf44938@group-5EB2E6047A55-FollowerState] INFO  server.RaftServer$Division (RaftServerImpl.java:setRole(321)) - f73d43d0-b19f-4135-8753-89f8dbf44938@group-5EB2E6047A55: changes role from  FOLLOWER to CANDIDATE at term 0 for changeToCandidate
2023-01-26 20:31:03,480 [f73d43d0-b19f-4135-8753-89f8dbf44938@group-5EB2E6047A55-FollowerState] INFO  server.RaftServerConfigKeys (ConfUtils.java:logGet(46)) - raft.server.leaderelection.pre-vote = false (custom)
2023-01-26 20:31:03,480 [f73d43d0-b19f-4135-8753-89f8dbf44938@group-5EB2E6047A55-FollowerState] INFO  impl.RoleInfo (RoleInfo.java:updateAndGet(139)) - f73d43d0-b19f-4135-8753-89f8dbf44938: start f73d43d0-b19f-4135-8753-89f8dbf44938@group-5EB2E6047A55-LeaderElection16
2023-01-26 20:31:03,486 [f73d43d0-b19f-4135-8753-89f8dbf44938@group-5EB2E6047A55-LeaderElection16] INFO  impl.LeaderElection (LeaderElection.java:askForVotes(312)) - f73d43d0-b19f-4135-8753-89f8dbf44938@group-5EB2E6047A55-LeaderElection16 ELECTION round 0: submit vote requests at term 1 for -1: peers:[f73d43d0-b19f-4135-8753-89f8dbf44938|rpc:10.1.0.15:40817|dataStream:10.1.0.15:41077|priority:1|startupRole:FOLLOWER]|listeners:[], old=null
2023-01-26 20:31:03,486 [f73d43d0-b19f-4135-8753-89f8dbf44938@group-5EB2E6047A55-LeaderElection16] INFO  impl.LeaderElection (LeaderElection.java:askForVotes(314)) - f73d43d0-b19f-4135-8753-89f8dbf44938@group-5EB2E6047A55-LeaderElection16 ELECTION round 0: result PASSED (term=1)
2023-01-26 20:31:03,486 [f73d43d0-b19f-4135-8753-89f8dbf44938@group-5EB2E6047A55-LeaderElection16] INFO  impl.RoleInfo (RoleInfo.java:shutdownLeaderElection(130)) - f73d43d0-b19f-4135-8753-89f8dbf44938: shutdown f73d43d0-b19f-4135-8753-89f8dbf44938@group-5EB2E6047A55-LeaderElection16
2023-01-26 20:31:03,486 [f73d43d0-b19f-4135-8753-89f8dbf44938@group-5EB2E6047A55-LeaderElection16] INFO  server.RaftServer$Division (RaftServerImpl.java:setRole(321)) - f73d43d0-b19f-4135-8753-89f8dbf44938@group-5EB2E6047A55: changes role from CANDIDATE to LEADER at term 1 for changeToLeader
2023-01-26 20:31:03,486 [f73d43d0-b19f-4135-8753-89f8dbf44938@group-5EB2E6047A55-LeaderElection16] INFO  ratis.XceiverServerRatis (XceiverServerRatis.java:handleLeaderChangedNotification(904)) - Leader change notification received for group: group-5EB2E6047A55 with new leaderId: f73d43d0-b19f-4135-8753-89f8dbf44938
2023-01-26 20:31:03,486 [f73d43d0-b19f-4135-8753-89f8dbf44938@group-5EB2E6047A55-LeaderElection16] INFO  server.RaftServer$Division (ServerState.java:setLeader(313)) - f73d43d0-b19f-4135-8753-89f8dbf44938@group-5EB2E6047A55: change Leader from null to f73d43d0-b19f-4135-8753-89f8dbf44938 at term 1 for becomeLeader, leader elected after 5230ms
2023-01-26 20:31:03,486 [f73d43d0-b19f-4135-8753-89f8dbf44938@group-5EB2E6047A55-LeaderElection16] INFO  server.RaftServerConfigKeys (ConfUtils.java:logGet(46)) - raft.server.staging.catchup.gap = 1000 (default)
2023-01-26 20:31:03,487 [f73d43d0-b19f-4135-8753-89f8dbf44938@group-5EB2E6047A55-LeaderElection16] INFO  server.RaftServerConfigKeys (ConfUtils.java:logGet(46)) - raft.server.write.element-limit = 1024 (custom)
2023-01-26 20:31:03,487 [f73d43d0-b19f-4135-8753-89f8dbf44938@group-5EB2E6047A55-LeaderElection16] INFO  server.RaftServerConfigKeys (ConfUtils.java:logGet(46)) - raft.server.write.byte-limit = 1024 M (=1073741824) (custom)
2023-01-26 20:31:03,487 [f73d43d0-b19f-4135-8753-89f8dbf44938@group-5EB2E6047A55-LeaderElection16] INFO  server.RaftServerConfigKeys (ConfUtils.java:logGet(46)) - raft.server.watch.timeout = 180s (custom)
2023-01-26 20:31:03,487 [f73d43d0-b19f-4135-8753-89f8dbf44938@group-5EB2E6047A55-LeaderElection16] INFO  server.RaftServerConfigKeys (ConfUtils.java:logGet(46)) - raft.server.watch.timeout.denomination = 1s (default)
2023-01-26 20:31:03,487 [f73d43d0-b19f-4135-8753-89f8dbf44938@group-5EB2E6047A55-LeaderElection16] INFO  server.RaftServerConfigKeys (ConfUtils.java:logGet(46)) - raft.server.watch.element-limit = 65536 (default)
2023-01-26 20:31:03,487 [f73d43d0-b19f-4135-8753-89f8dbf44938@group-5EB2E6047A55-LeaderElection16] INFO  server.RaftServerConfigKeys (ConfUtils.java:logGet(46)) - raft.server.write.element-limit = 1024 (custom)
2023-01-26 20:31:03,487 [f73d43d0-b19f-4135-8753-89f8dbf44938@group-5EB2E6047A55-LeaderElection16] INFO  server.RaftServerConfigKeys (ConfUtils.java:logGet(46)) - raft.server.write.follower.gap.ratio.max = -1.0 (default)
2023-01-26 20:31:03,487 [f73d43d0-b19f-4135-8753-89f8dbf44938@group-5EB2E6047A55-LeaderElection16] INFO  impl.RoleInfo (RoleInfo.java:updateAndGet(139)) - f73d43d0-b19f-4135-8753-89f8dbf44938: start f73d43d0-b19f-4135-8753-89f8dbf44938@group-5EB2E6047A55-LeaderStateImpl
2023-01-26 20:31:03,488 [f73d43d0-b19f-4135-8753-89f8dbf44938@group-5EB2E6047A55-LeaderElection16] INFO  segmented.SegmentedRaftLogWorker (SegmentedRaftLogWorker.java:startLogSegment(452)) - f73d43d0-b19f-4135-8753-89f8dbf44938@group-5EB2E6047A55-SegmentedRaftLogWorker: Starting segment from index:0
2023-01-26 20:31:03,488 [EventQueue-OpenPipelineForHealthyPipelineSafeModeRule] INFO  safemode.SCMSafeModeManager (HealthyPipelineSafeModeRule.java:process(137)) - SCM in safe mode. Healthy pipelines reported count is 0, required healthy pipeline reported count is 1
2023-01-26 20:31:03,489 [f73d43d0-b19f-4135-8753-89f8dbf44938@group-5EB2E6047A55-SegmentedRaftLogWorker] INFO  segmented.SegmentedRaftLogWorker (SegmentedRaftLogWorker.java:execute(656)) - f73d43d0-b19f-4135-8753-89f8dbf44938@group-5EB2E6047A55-SegmentedRaftLogWorker: created new log segment /home/runner/work/ozone/ozone/hadoop-ozone/integration-test/target/test-dir/MiniOzoneClusterImpl-83fec8cd-5b22-4757-ae00-8ce138a916fc/datanode-2/data/ratis/c94d90e5-62af-4a23-966b-5eb2e6047a55/current/log_inprogress_0
2023-01-26 20:31:03,489 [f73d43d0-b19f-4135-8753-89f8dbf44938@group-5EB2E6047A55-LeaderElection16] INFO  server.RaftServer$Division (ServerState.java:setRaftConf(430)) - f73d43d0-b19f-4135-8753-89f8dbf44938@group-5EB2E6047A55: set configuration 0: peers:[f73d43d0-b19f-4135-8753-89f8dbf44938|rpc:10.1.0.15:40817|dataStream:10.1.0.15:41077|priority:1|startupRole:FOLLOWER]|listeners:[], old=null
2023-01-26 20:31:03,654 [d4171a40-eb60-4a1e-8628-4f14234272fd@group-611312C51A6E-FollowerState] INFO  impl.FollowerState (FollowerState.java:run(143)) - d4171a40-eb60-4a1e-8628-4f14234272fd@group-611312C51A6E-FollowerState: change to CANDIDATE, lastRpcElapsedTime:5067357159ns, electionTimeout:5066ms
2023-01-26 20:31:03,655 [d4171a40-eb60-4a1e-8628-4f14234272fd@group-611312C51A6E-FollowerState] INFO  impl.RoleInfo (RoleInfo.java:shutdownFollowerState(110)) - d4171a40-eb60-4a1e-8628-4f14234272fd: shutdown d4171a40-eb60-4a1e-8628-4f14234272fd@group-611312C51A6E-FollowerState
2023-01-26 20:31:03,655 [d4171a40-eb60-4a1e-8628-4f14234272fd@group-611312C51A6E-FollowerState] INFO  server.RaftServer$Division (RaftServerImpl.java:setRole(321)) - d4171a40-eb60-4a1e-8628-4f14234272fd@group-611312C51A6E: changes role from  FOLLOWER to CANDIDATE at term 0 for changeToCandidate
2023-01-26 20:31:03,655 [d4171a40-eb60-4a1e-8628-4f14234272fd@group-611312C51A6E-FollowerState] INFO  server.RaftServerConfigKeys (ConfUtils.java:logGet(46)) - raft.server.leaderelection.pre-vote = false (custom)
2023-01-26 20:31:03,655 [d4171a40-eb60-4a1e-8628-4f14234272fd@group-611312C51A6E-FollowerState] INFO  impl.RoleInfo (RoleInfo.java:updateAndGet(139)) - d4171a40-eb60-4a1e-8628-4f14234272fd: start d4171a40-eb60-4a1e-8628-4f14234272fd@group-611312C51A6E-LeaderElection17
2023-01-26 20:31:03,658 [d4171a40-eb60-4a1e-8628-4f14234272fd@group-611312C51A6E-LeaderElection17] INFO  impl.LeaderElection (LeaderElection.java:askForVotes(312)) - d4171a40-eb60-4a1e-8628-4f14234272fd@group-611312C51A6E-LeaderElection17 ELECTION round 0: submit vote requests at term 1 for -1: peers:[d4171a40-eb60-4a1e-8628-4f14234272fd|rpc:10.1.0.15:33969|dataStream:10.1.0.15:38051|priority:1|startupRole:FOLLOWER]|listeners:[], old=null
2023-01-26 20:31:03,658 [d4171a40-eb60-4a1e-8628-4f14234272fd@group-611312C51A6E-LeaderElection17] INFO  impl.LeaderElection (LeaderElection.java:askForVotes(314)) - d4171a40-eb60-4a1e-8628-4f14234272fd@group-611312C51A6E-LeaderElection17 ELECTION round 0: result PASSED (term=1)
2023-01-26 20:31:03,659 [d4171a40-eb60-4a1e-8628-4f14234272fd@group-611312C51A6E-LeaderElection17] INFO  impl.RoleInfo (RoleInfo.java:shutdownLeaderElection(130)) - d4171a40-eb60-4a1e-8628-4f14234272fd: shutdown d4171a40-eb60-4a1e-8628-4f14234272fd@group-611312C51A6E-LeaderElection17
2023-01-26 20:31:03,659 [d4171a40-eb60-4a1e-8628-4f14234272fd@group-611312C51A6E-LeaderElection17] INFO  server.RaftServer$Division (RaftServerImpl.java:setRole(321)) - d4171a40-eb60-4a1e-8628-4f14234272fd@group-611312C51A6E: changes role from CANDIDATE to LEADER at term 1 for changeToLeader
2023-01-26 20:31:03,659 [d4171a40-eb60-4a1e-8628-4f14234272fd@group-611312C51A6E-LeaderElection17] INFO  ratis.XceiverServerRatis (XceiverServerRatis.java:handleLeaderChangedNotification(904)) - Leader change notification received for group: group-611312C51A6E with new leaderId: d4171a40-eb60-4a1e-8628-4f14234272fd
2023-01-26 20:31:03,659 [d4171a40-eb60-4a1e-8628-4f14234272fd@group-611312C51A6E-LeaderElection17] INFO  server.RaftServer$Division (ServerState.java:setLeader(313)) - d4171a40-eb60-4a1e-8628-4f14234272fd@group-611312C51A6E: change Leader from null to d4171a40-eb60-4a1e-8628-4f14234272fd at term 1 for becomeLeader, leader elected after 5086ms
2023-01-26 20:31:03,659 [d4171a40-eb60-4a1e-8628-4f14234272fd@group-611312C51A6E-LeaderElection17] INFO  server.RaftServerConfigKeys (ConfUtils.java:logGet(46)) - raft.server.staging.catchup.gap = 1000 (default)
2023-01-26 20:31:03,659 [d4171a40-eb60-4a1e-8628-4f14234272fd@group-611312C51A6E-LeaderElection17] INFO  server.RaftServerConfigKeys (ConfUtils.java:logGet(46)) - raft.server.write.element-limit = 1024 (custom)
2023-01-26 20:31:03,659 [d4171a40-eb60-4a1e-8628-4f14234272fd@group-611312C51A6E-LeaderElection17] INFO  server.RaftServerConfigKeys (ConfUtils.java:logGet(46)) - raft.server.write.byte-limit = 1024 M (=1073741824) (custom)
2023-01-26 20:31:03,659 [d4171a40-eb60-4a1e-8628-4f14234272fd@group-611312C51A6E-LeaderElection17] INFO  server.RaftServerConfigKeys (ConfUtils.java:logGet(46)) - raft.server.watch.timeout = 180s (custom)
2023-01-26 20:31:03,659 [d4171a40-eb60-4a1e-8628-4f14234272fd@group-611312C51A6E-LeaderElection17] INFO  server.RaftServerConfigKeys (ConfUtils.java:logGet(46)) - raft.server.watch.timeout.denomination = 1s (default)
2023-01-26 20:31:03,659 [d4171a40-eb60-4a1e-8628-4f14234272fd@group-611312C51A6E-LeaderElection17] INFO  server.RaftServerConfigKeys (ConfUtils.java:logGet(46)) - raft.server.watch.element-limit = 65536 (default)
2023-01-26 20:31:03,659 [d4171a40-eb60-4a1e-8628-4f14234272fd@group-611312C51A6E-LeaderElection17] INFO  server.RaftServerConfigKeys (ConfUtils.java:logGet(46)) - raft.server.write.element-limit = 1024 (custom)
2023-01-26 20:31:03,660 [d4171a40-eb60-4a1e-8628-4f14234272fd@group-611312C51A6E-LeaderElection17] INFO  server.RaftServerConfigKeys (ConfUtils.java:logGet(46)) - raft.server.write.follower.gap.ratio.max = -1.0 (default)
2023-01-26 20:31:03,660 [d4171a40-eb60-4a1e-8628-4f14234272fd@group-611312C51A6E-LeaderElection17] INFO  impl.RoleInfo (RoleInfo.java:updateAndGet(139)) - d4171a40-eb60-4a1e-8628-4f14234272fd: start d4171a40-eb60-4a1e-8628-4f14234272fd@group-611312C51A6E-LeaderStateImpl
2023-01-26 20:31:03,660 [EventQueue-OpenPipelineForHealthyPipelineSafeModeRule] INFO  safemode.SCMSafeModeManager (HealthyPipelineSafeModeRule.java:process(137)) - SCM in safe mode. Healthy pipelines reported count is 0, required healthy pipeline reported count is 1
2023-01-26 20:31:03,660 [d4171a40-eb60-4a1e-8628-4f14234272fd@group-611312C51A6E-LeaderElection17] INFO  segmented.SegmentedRaftLogWorker (SegmentedRaftLogWorker.java:startLogSegment(452)) - d4171a40-eb60-4a1e-8628-4f14234272fd@group-611312C51A6E-SegmentedRaftLogWorker: Starting segment from index:0
2023-01-26 20:31:03,665 [d4171a40-eb60-4a1e-8628-4f14234272fd@group-611312C51A6E-LeaderElection17] INFO  server.RaftServer$Division (ServerState.java:setRaftConf(430)) - d4171a40-eb60-4a1e-8628-4f14234272fd@group-611312C51A6E: set configuration 0: peers:[d4171a40-eb60-4a1e-8628-4f14234272fd|rpc:10.1.0.15:33969|dataStream:10.1.0.15:38051|priority:1|startupRole:FOLLOWER]|listeners:[], old=null
2023-01-26 20:31:03,666 [d4171a40-eb60-4a1e-8628-4f14234272fd@group-611312C51A6E-SegmentedRaftLogWorker] INFO  segmented.SegmentedRaftLogWorker (SegmentedRaftLogWorker.java:execute(656)) - d4171a40-eb60-4a1e-8628-4f14234272fd@group-611312C51A6E-SegmentedRaftLogWorker: created new log segment /home/runner/work/ozone/ozone/hadoop-ozone/integration-test/target/test-dir/MiniOzoneClusterImpl-83fec8cd-5b22-4757-ae00-8ce138a916fc/datanode-3/data/ratis/fc19890e-1a1a-4859-8a16-611312c51a6e/current/log_inprogress_0
2023-01-26 20:31:03,864 [Listener at 127.0.0.1/37459] INFO  ozone.MiniOzoneClusterImpl (MiniOzoneClusterImpl.java:lambda$waitForClusterToBeReady$0(218)) - Nodes are ready. Got 5 of 5 DN Heartbeats.
2023-01-26 20:31:03,865 [Listener at 127.0.0.1/37459] INFO  ozone.MiniOzoneClusterImpl (MiniOzoneClusterImpl.java:lambda$waitForClusterToBeReady$0(221)) - Waiting for cluster to exit safe mode
2023-01-26 20:31:03,865 [Listener at 127.0.0.1/37459] INFO  ozone.MiniOzoneClusterImpl (MiniOzoneClusterImpl.java:lambda$waitForClusterToBeReady$0(223)) - SCM became leader
2023-01-26 20:31:03,986 [bb346dc9-524c-4b81-8ec9-e7d714560812@group-BA2AA9B17141-FollowerState] INFO  impl.FollowerState (FollowerState.java:run(143)) - bb346dc9-524c-4b81-8ec9-e7d714560812@group-BA2AA9B17141-FollowerState: change to CANDIDATE, lastRpcElapsedTime:5104166583ns, electionTimeout:5103ms
2023-01-26 20:31:03,987 [bb346dc9-524c-4b81-8ec9-e7d714560812@group-BA2AA9B17141-FollowerState] INFO  impl.RoleInfo (RoleInfo.java:shutdownFollowerState(110)) - bb346dc9-524c-4b81-8ec9-e7d714560812: shutdown bb346dc9-524c-4b81-8ec9-e7d714560812@group-BA2AA9B17141-FollowerState
2023-01-26 20:31:03,987 [bb346dc9-524c-4b81-8ec9-e7d714560812@group-BA2AA9B17141-FollowerState] INFO  server.RaftServer$Division (RaftServerImpl.java:setRole(321)) - bb346dc9-524c-4b81-8ec9-e7d714560812@group-BA2AA9B17141: changes role from  FOLLOWER to CANDIDATE at term 0 for changeToCandidate
2023-01-26 20:31:03,987 [bb346dc9-524c-4b81-8ec9-e7d714560812@group-BA2AA9B17141-FollowerState] INFO  server.RaftServerConfigKeys (ConfUtils.java:logGet(46)) - raft.server.leaderelection.pre-vote = false (custom)
2023-01-26 20:31:03,987 [bb346dc9-524c-4b81-8ec9-e7d714560812@group-BA2AA9B17141-FollowerState] INFO  impl.RoleInfo (RoleInfo.java:updateAndGet(139)) - bb346dc9-524c-4b81-8ec9-e7d714560812: start bb346dc9-524c-4b81-8ec9-e7d714560812@group-BA2AA9B17141-LeaderElection18
2023-01-26 20:31:03,993 [bb346dc9-524c-4b81-8ec9-e7d714560812@group-BA2AA9B17141-LeaderElection18] INFO  impl.LeaderElection (LeaderElection.java:askForVotes(312)) - bb346dc9-524c-4b81-8ec9-e7d714560812@group-BA2AA9B17141-LeaderElection18 ELECTION round 0: submit vote requests at term 1 for -1: peers:[bb346dc9-524c-4b81-8ec9-e7d714560812|rpc:10.1.0.15:37965|dataStream:10.1.0.15:45079|priority:1|startupRole:FOLLOWER]|listeners:[], old=null
2023-01-26 20:31:03,993 [bb346dc9-524c-4b81-8ec9-e7d714560812@group-BA2AA9B17141-LeaderElection18] INFO  impl.LeaderElection (LeaderElection.java:askForVotes(314)) - bb346dc9-524c-4b81-8ec9-e7d714560812@group-BA2AA9B17141-LeaderElection18 ELECTION round 0: result PASSED (term=1)
2023-01-26 20:31:03,993 [bb346dc9-524c-4b81-8ec9-e7d714560812@group-BA2AA9B17141-LeaderElection18] INFO  impl.RoleInfo (RoleInfo.java:shutdownLeaderElection(130)) - bb346dc9-524c-4b81-8ec9-e7d714560812: shutdown bb346dc9-524c-4b81-8ec9-e7d714560812@group-BA2AA9B17141-LeaderElection18
2023-01-26 20:31:03,993 [bb346dc9-524c-4b81-8ec9-e7d714560812@group-BA2AA9B17141-LeaderElection18] INFO  server.RaftServer$Division (RaftServerImpl.java:setRole(321)) - bb346dc9-524c-4b81-8ec9-e7d714560812@group-BA2AA9B17141: changes role from CANDIDATE to LEADER at term 1 for changeToLeader
2023-01-26 20:31:03,993 [bb346dc9-524c-4b81-8ec9-e7d714560812@group-BA2AA9B17141-LeaderElection18] INFO  ratis.XceiverServerRatis (XceiverServerRatis.java:handleLeaderChangedNotification(904)) - Leader change notification received for group: group-BA2AA9B17141 with new leaderId: bb346dc9-524c-4b81-8ec9-e7d714560812
2023-01-26 20:31:03,993 [bb346dc9-524c-4b81-8ec9-e7d714560812@group-BA2AA9B17141-LeaderElection18] INFO  server.RaftServer$Division (ServerState.java:setLeader(313)) - bb346dc9-524c-4b81-8ec9-e7d714560812@group-BA2AA9B17141: change Leader from null to bb346dc9-524c-4b81-8ec9-e7d714560812 at term 1 for becomeLeader, leader elected after 5126ms
2023-01-26 20:31:03,993 [bb346dc9-524c-4b81-8ec9-e7d714560812@group-BA2AA9B17141-LeaderElection18] INFO  server.RaftServerConfigKeys (ConfUtils.java:logGet(46)) - raft.server.staging.catchup.gap = 1000 (default)
2023-01-26 20:31:03,993 [bb346dc9-524c-4b81-8ec9-e7d714560812@group-BA2AA9B17141-LeaderElection18] INFO  server.RaftServerConfigKeys (ConfUtils.java:logGet(46)) - raft.server.write.element-limit = 1024 (custom)
2023-01-26 20:31:03,993 [bb346dc9-524c-4b81-8ec9-e7d714560812@group-BA2AA9B17141-LeaderElection18] INFO  server.RaftServerConfigKeys (ConfUtils.java:logGet(46)) - raft.server.write.byte-limit = 1024 M (=1073741824) (custom)
2023-01-26 20:31:03,994 [EventQueue-OpenPipelineForHealthyPipelineSafeModeRule] INFO  safemode.SCMSafeModeManager (HealthyPipelineSafeModeRule.java:process(137)) - SCM in safe mode. Healthy pipelines reported count is 0, required healthy pipeline reported count is 1
2023-01-26 20:31:03,996 [bb346dc9-524c-4b81-8ec9-e7d714560812@group-BA2AA9B17141-LeaderElection18] INFO  server.RaftServerConfigKeys (ConfUtils.java:logGet(46)) - raft.server.watch.timeout = 180s (custom)
2023-01-26 20:31:03,996 [bb346dc9-524c-4b81-8ec9-e7d714560812@group-BA2AA9B17141-LeaderElection18] INFO  server.RaftServerConfigKeys (ConfUtils.java:logGet(46)) - raft.server.watch.timeout.denomination = 1s (default)
2023-01-26 20:31:03,996 [bb346dc9-524c-4b81-8ec9-e7d714560812@group-BA2AA9B17141-LeaderElection18] INFO  server.RaftServerConfigKeys (ConfUtils.java:logGet(46)) - raft.server.watch.element-limit = 65536 (default)
2023-01-26 20:31:03,996 [bb346dc9-524c-4b81-8ec9-e7d714560812@group-BA2AA9B17141-LeaderElection18] INFO  server.RaftServerConfigKeys (ConfUtils.java:logGet(46)) - raft.server.write.element-limit = 1024 (custom)
2023-01-26 20:31:03,996 [bb346dc9-524c-4b81-8ec9-e7d714560812@group-BA2AA9B17141-LeaderElection18] INFO  server.RaftServerConfigKeys (ConfUtils.java:logGet(46)) - raft.server.write.follower.gap.ratio.max = -1.0 (default)
2023-01-26 20:31:03,996 [bb346dc9-524c-4b81-8ec9-e7d714560812@group-BA2AA9B17141-LeaderElection18] INFO  impl.RoleInfo (RoleInfo.java:updateAndGet(139)) - bb346dc9-524c-4b81-8ec9-e7d714560812: start bb346dc9-524c-4b81-8ec9-e7d714560812@group-BA2AA9B17141-LeaderStateImpl
2023-01-26 20:31:03,996 [bb346dc9-524c-4b81-8ec9-e7d714560812@group-BA2AA9B17141-LeaderElection18] INFO  segmented.SegmentedRaftLogWorker (SegmentedRaftLogWorker.java:startLogSegment(452)) - bb346dc9-524c-4b81-8ec9-e7d714560812@group-BA2AA9B17141-SegmentedRaftLogWorker: Starting segment from index:0
2023-01-26 20:31:03,998 [bb346dc9-524c-4b81-8ec9-e7d714560812@group-BA2AA9B17141-SegmentedRaftLogWorker] INFO  segmented.SegmentedRaftLogWorker (SegmentedRaftLogWorker.java:execute(656)) - bb346dc9-524c-4b81-8ec9-e7d714560812@group-BA2AA9B17141-SegmentedRaftLogWorker: created new log segment /home/runner/work/ozone/ozone/hadoop-ozone/integration-test/target/test-dir/MiniOzoneClusterImpl-83fec8cd-5b22-4757-ae00-8ce138a916fc/datanode-4/data/ratis/43002f57-0977-456a-8b73-ba2aa9b17141/current/log_inprogress_0
2023-01-26 20:31:03,999 [bb346dc9-524c-4b81-8ec9-e7d714560812@group-BA2AA9B17141-LeaderElection18] INFO  server.RaftServer$Division (ServerState.java:setRaftConf(430)) - bb346dc9-524c-4b81-8ec9-e7d714560812@group-BA2AA9B17141: set configuration 0: peers:[bb346dc9-524c-4b81-8ec9-e7d714560812|rpc:10.1.0.15:37965|dataStream:10.1.0.15:45079|priority:1|startupRole:FOLLOWER]|listeners:[], old=null
2023-01-26 20:31:04,865 [Listener at 127.0.0.1/37459] INFO  ozone.MiniOzoneClusterImpl (MiniOzoneClusterImpl.java:lambda$waitForClusterToBeReady$0(218)) - Nodes are ready. Got 5 of 5 DN Heartbeats.
2023-01-26 20:31:04,865 [Listener at 127.0.0.1/37459] INFO  ozone.MiniOzoneClusterImpl (MiniOzoneClusterImpl.java:lambda$waitForClusterToBeReady$0(221)) - Waiting for cluster to exit safe mode
2023-01-26 20:31:04,865 [Listener at 127.0.0.1/37459] INFO  ozone.MiniOzoneClusterImpl (MiniOzoneClusterImpl.java:lambda$waitForClusterToBeReady$0(223)) - SCM became leader
2023-01-26 20:31:05,865 [Listener at 127.0.0.1/37459] INFO  ozone.MiniOzoneClusterImpl (MiniOzoneClusterImpl.java:lambda$waitForClusterToBeReady$0(218)) - Nodes are ready. Got 5 of 5 DN Heartbeats.
2023-01-26 20:31:05,866 [Listener at 127.0.0.1/37459] INFO  ozone.MiniOzoneClusterImpl (MiniOzoneClusterImpl.java:lambda$waitForClusterToBeReady$0(221)) - Waiting for cluster to exit safe mode
2023-01-26 20:31:05,866 [Listener at 127.0.0.1/37459] INFO  ozone.MiniOzoneClusterImpl (MiniOzoneClusterImpl.java:lambda$waitForClusterToBeReady$0(223)) - SCM became leader
2023-01-26 20:31:06,866 [Listener at 127.0.0.1/37459] INFO  ozone.MiniOzoneClusterImpl (MiniOzoneClusterImpl.java:lambda$waitForClusterToBeReady$0(218)) - Nodes are ready. Got 5 of 5 DN Heartbeats.
2023-01-26 20:31:06,866 [Listener at 127.0.0.1/37459] INFO  ozone.MiniOzoneClusterImpl (MiniOzoneClusterImpl.java:lambda$waitForClusterToBeReady$0(221)) - Waiting for cluster to exit safe mode
2023-01-26 20:31:06,866 [Listener at 127.0.0.1/37459] INFO  ozone.MiniOzoneClusterImpl (MiniOzoneClusterImpl.java:lambda$waitForClusterToBeReady$0(223)) - SCM became leader
2023-01-26 20:31:07,736 [7e0f7051-7df6-4c7d-992e-efcf57e991e1@group-32E0B9496391-FollowerState] INFO  server.RaftServerConfigKeys (ConfUtils.java:logFallback(53)) - raft.server.rpc.first-election.timeout.min = 5s (fallback to raft.server.rpc.timeout.min)
2023-01-26 20:31:07,736 [7e0f7051-7df6-4c7d-992e-efcf57e991e1@group-32E0B9496391-FollowerState] INFO  server.RaftServerConfigKeys (ConfUtils.java:logFallback(53)) - raft.server.rpc.first-election.timeout.max = 5200ms (fallback to raft.server.rpc.timeout.max)
2023-01-26 20:31:07,821 [f73d43d0-b19f-4135-8753-89f8dbf44938@group-32E0B9496391-FollowerState] INFO  impl.FollowerState (FollowerState.java:run(143)) - f73d43d0-b19f-4135-8753-89f8dbf44938@group-32E0B9496391-FollowerState: change to CANDIDATE, lastRpcElapsedTime:5154594164ns, electionTimeout:5154ms
2023-01-26 20:31:07,821 [f73d43d0-b19f-4135-8753-89f8dbf44938@group-32E0B9496391-FollowerState] INFO  impl.RoleInfo (RoleInfo.java:shutdownFollowerState(110)) - f73d43d0-b19f-4135-8753-89f8dbf44938: shutdown f73d43d0-b19f-4135-8753-89f8dbf44938@group-32E0B9496391-FollowerState
2023-01-26 20:31:07,821 [f73d43d0-b19f-4135-8753-89f8dbf44938@group-32E0B9496391-FollowerState] INFO  server.RaftServer$Division (RaftServerImpl.java:setRole(321)) - f73d43d0-b19f-4135-8753-89f8dbf44938@group-32E0B9496391: changes role from  FOLLOWER to CANDIDATE at term 1 for changeToCandidate
2023-01-26 20:31:07,821 [f73d43d0-b19f-4135-8753-89f8dbf44938@group-32E0B9496391-FollowerState] INFO  server.RaftServerConfigKeys (ConfUtils.java:logGet(46)) - raft.server.leaderelection.pre-vote = false (custom)
2023-01-26 20:31:07,821 [f73d43d0-b19f-4135-8753-89f8dbf44938@group-32E0B9496391-FollowerState] INFO  impl.RoleInfo (RoleInfo.java:updateAndGet(139)) - f73d43d0-b19f-4135-8753-89f8dbf44938: start f73d43d0-b19f-4135-8753-89f8dbf44938@group-32E0B9496391-LeaderElection19
2023-01-26 20:31:07,827 [f73d43d0-b19f-4135-8753-89f8dbf44938@group-32E0B9496391-LeaderElection19] INFO  impl.LeaderElection (LeaderElection.java:askForVotes(312)) - f73d43d0-b19f-4135-8753-89f8dbf44938@group-32E0B9496391-LeaderElection19 ELECTION round 0: submit vote requests at term 2 for -1: peers:[33ea618b-d9cc-459d-a0c4-e4ecfab2c991|rpc:10.1.0.15:39387|dataStream:10.1.0.15:39857|priority:0|startupRole:FOLLOWER, f73d43d0-b19f-4135-8753-89f8dbf44938|rpc:10.1.0.15:40817|dataStream:10.1.0.15:41077|priority:1|startupRole:FOLLOWER, 7e0f7051-7df6-4c7d-992e-efcf57e991e1|rpc:10.1.0.15:44005|dataStream:10.1.0.15:38183|priority:0|startupRole:FOLLOWER]|listeners:[], old=null
2023-01-26 20:31:07,828 [f73d43d0-b19f-4135-8753-89f8dbf44938@group-32E0B9496391-LeaderElection19] INFO  server.RaftServerConfigKeys (ConfUtils.java:logFallback(53)) - raft.server.rpc.first-election.timeout.min = 5s (fallback to raft.server.rpc.timeout.min)
2023-01-26 20:31:07,828 [f73d43d0-b19f-4135-8753-89f8dbf44938@group-32E0B9496391-LeaderElection19-1] INFO  server.GrpcServerProtocolClient (GrpcServerProtocolClient.java:<init>(63)) - Build channel for 33ea618b-d9cc-459d-a0c4-e4ecfab2c991
2023-01-26 20:31:07,828 [f73d43d0-b19f-4135-8753-89f8dbf44938@group-32E0B9496391-LeaderElection19] INFO  server.RaftServerConfigKeys (ConfUtils.java:logFallback(53)) - raft.server.rpc.first-election.timeout.max = 5200ms (fallback to raft.server.rpc.timeout.max)
2023-01-26 20:31:07,828 [f73d43d0-b19f-4135-8753-89f8dbf44938@group-32E0B9496391-LeaderElection19-2] INFO  server.GrpcServerProtocolClient (GrpcServerProtocolClient.java:<init>(63)) - Build channel for 7e0f7051-7df6-4c7d-992e-efcf57e991e1
2023-01-26 20:31:07,836 [grpc-default-executor-1] INFO  server.RaftServer$Division (RaftServerImpl.java:requestVote(1218)) - 33ea618b-d9cc-459d-a0c4-e4ecfab2c991@group-32E0B9496391: receive requestVote(ELECTION, f73d43d0-b19f-4135-8753-89f8dbf44938, group-32E0B9496391, 2, (t:0, i:0))
2023-01-26 20:31:07,836 [grpc-default-executor-1] INFO  impl.VoteContext (VoteContext.java:log(49)) - 33ea618b-d9cc-459d-a0c4-e4ecfab2c991@group-32E0B9496391-FOLLOWER: accept ELECTION from f73d43d0-b19f-4135-8753-89f8dbf44938: our priority 0 <= candidate's priority 1
2023-01-26 20:31:07,836 [grpc-default-executor-1] INFO  server.RaftServer$Division (RaftServerImpl.java:setRole(321)) - 33ea618b-d9cc-459d-a0c4-e4ecfab2c991@group-32E0B9496391: changes role from  FOLLOWER to FOLLOWER at term 2 for candidate:f73d43d0-b19f-4135-8753-89f8dbf44938
2023-01-26 20:31:07,836 [grpc-default-executor-1] INFO  impl.RoleInfo (RoleInfo.java:shutdownFollowerState(110)) - 33ea618b-d9cc-459d-a0c4-e4ecfab2c991: shutdown 33ea618b-d9cc-459d-a0c4-e4ecfab2c991@group-32E0B9496391-FollowerState
2023-01-26 20:31:07,836 [grpc-default-executor-1] INFO  impl.RoleInfo (RoleInfo.java:updateAndGet(139)) - 33ea618b-d9cc-459d-a0c4-e4ecfab2c991: start 33ea618b-d9cc-459d-a0c4-e4ecfab2c991@group-32E0B9496391-FollowerState
2023-01-26 20:31:07,836 [33ea618b-d9cc-459d-a0c4-e4ecfab2c991@group-32E0B9496391-FollowerState] INFO  impl.FollowerState (FollowerState.java:run(152)) - 33ea618b-d9cc-459d-a0c4-e4ecfab2c991@group-32E0B9496391-FollowerState was interrupted
2023-01-26 20:31:07,841 [33ea618b-d9cc-459d-a0c4-e4ecfab2c991@group-32E0B9496391-FollowerState] INFO  server.RaftServerConfigKeys (ConfUtils.java:logFallback(53)) - raft.server.rpc.first-election.timeout.min = 5s (fallback to raft.server.rpc.timeout.min)
2023-01-26 20:31:07,841 [33ea618b-d9cc-459d-a0c4-e4ecfab2c991@group-32E0B9496391-FollowerState] INFO  server.RaftServerConfigKeys (ConfUtils.java:logFallback(53)) - raft.server.rpc.first-election.timeout.max = 5200ms (fallback to raft.server.rpc.timeout.max)
2023-01-26 20:31:07,842 [grpc-default-executor-1] INFO  server.RaftServer$Division (RaftServerImpl.java:requestVote(1251)) - 33ea618b-d9cc-459d-a0c4-e4ecfab2c991@group-32E0B9496391 replies to ELECTION vote request: f73d43d0-b19f-4135-8753-89f8dbf44938<-33ea618b-d9cc-459d-a0c4-e4ecfab2c991#0:OK-t2. Peer's state: 33ea618b-d9cc-459d-a0c4-e4ecfab2c991@group-32E0B9496391:t2, leader=null, voted=f73d43d0-b19f-4135-8753-89f8dbf44938, raftlog=Memoized:33ea618b-d9cc-459d-a0c4-e4ecfab2c991@group-32E0B9496391-SegmentedRaftLog:OPENED:c-1, conf=-1: peers:[33ea618b-d9cc-459d-a0c4-e4ecfab2c991|rpc:10.1.0.15:39387|dataStream:10.1.0.15:39857|priority:0|startupRole:FOLLOWER, f73d43d0-b19f-4135-8753-89f8dbf44938|rpc:10.1.0.15:40817|dataStream:10.1.0.15:41077|priority:1|startupRole:FOLLOWER, 7e0f7051-7df6-4c7d-992e-efcf57e991e1|rpc:10.1.0.15:44005|dataStream:10.1.0.15:38183|priority:0|startupRole:FOLLOWER]|listeners:[], old=null
2023-01-26 20:31:07,844 [grpc-default-executor-0] INFO  server.RaftServer$Division (RaftServerImpl.java:requestVote(1218)) - 7e0f7051-7df6-4c7d-992e-efcf57e991e1@group-32E0B9496391: receive requestVote(ELECTION, f73d43d0-b19f-4135-8753-89f8dbf44938, group-32E0B9496391, 2, (t:0, i:0))
2023-01-26 20:31:07,845 [grpc-default-executor-0] INFO  impl.VoteContext (VoteContext.java:log(49)) - 7e0f7051-7df6-4c7d-992e-efcf57e991e1@group-32E0B9496391-FOLLOWER: accept ELECTION from f73d43d0-b19f-4135-8753-89f8dbf44938: our priority 0 <= candidate's priority 1
2023-01-26 20:31:07,845 [grpc-default-executor-0] INFO  server.RaftServer$Division (RaftServerImpl.java:setRole(321)) - 7e0f7051-7df6-4c7d-992e-efcf57e991e1@group-32E0B9496391: changes role from  FOLLOWER to FOLLOWER at term 2 for candidate:f73d43d0-b19f-4135-8753-89f8dbf44938
2023-01-26 20:31:07,845 [grpc-default-executor-0] INFO  impl.RoleInfo (RoleInfo.java:shutdownFollowerState(110)) - 7e0f7051-7df6-4c7d-992e-efcf57e991e1: shutdown 7e0f7051-7df6-4c7d-992e-efcf57e991e1@group-32E0B9496391-FollowerState
2023-01-26 20:31:07,846 [grpc-default-executor-0] INFO  impl.RoleInfo (RoleInfo.java:updateAndGet(139)) - 7e0f7051-7df6-4c7d-992e-efcf57e991e1: start 7e0f7051-7df6-4c7d-992e-efcf57e991e1@group-32E0B9496391-FollowerState
2023-01-26 20:31:07,846 [7e0f7051-7df6-4c7d-992e-efcf57e991e1@group-32E0B9496391-FollowerState] INFO  impl.FollowerState (FollowerState.java:run(152)) - 7e0f7051-7df6-4c7d-992e-efcf57e991e1@group-32E0B9496391-FollowerState was interrupted
2023-01-26 20:31:07,846 [7e0f7051-7df6-4c7d-992e-efcf57e991e1@group-32E0B9496391-FollowerState] INFO  server.RaftServerConfigKeys (ConfUtils.java:logFallback(53)) - raft.server.rpc.first-election.timeout.min = 5s (fallback to raft.server.rpc.timeout.min)
2023-01-26 20:31:07,846 [7e0f7051-7df6-4c7d-992e-efcf57e991e1@group-32E0B9496391-FollowerState] INFO  server.RaftServerConfigKeys (ConfUtils.java:logFallback(53)) - raft.server.rpc.first-election.timeout.max = 5200ms (fallback to raft.server.rpc.timeout.max)
2023-01-26 20:31:07,847 [grpc-default-executor-0] INFO  server.RaftServer$Division (RaftServerImpl.java:requestVote(1251)) - 7e0f7051-7df6-4c7d-992e-efcf57e991e1@group-32E0B9496391 replies to ELECTION vote request: f73d43d0-b19f-4135-8753-89f8dbf44938<-7e0f7051-7df6-4c7d-992e-efcf57e991e1#0:OK-t2. Peer's state: 7e0f7051-7df6-4c7d-992e-efcf57e991e1@group-32E0B9496391:t2, leader=null, voted=f73d43d0-b19f-4135-8753-89f8dbf44938, raftlog=Memoized:7e0f7051-7df6-4c7d-992e-efcf57e991e1@group-32E0B9496391-SegmentedRaftLog:OPENED:c-1, conf=-1: peers:[33ea618b-d9cc-459d-a0c4-e4ecfab2c991|rpc:10.1.0.15:39387|dataStream:10.1.0.15:39857|priority:0|startupRole:FOLLOWER, f73d43d0-b19f-4135-8753-89f8dbf44938|rpc:10.1.0.15:40817|dataStream:10.1.0.15:41077|priority:1|startupRole:FOLLOWER, 7e0f7051-7df6-4c7d-992e-efcf57e991e1|rpc:10.1.0.15:44005|dataStream:10.1.0.15:38183|priority:0|startupRole:FOLLOWER]|listeners:[], old=null
2023-01-26 20:31:07,848 [f73d43d0-b19f-4135-8753-89f8dbf44938@group-32E0B9496391-LeaderElection19] INFO  impl.LeaderElection (LeaderElection.java:logAndReturn(90)) - f73d43d0-b19f-4135-8753-89f8dbf44938@group-32E0B9496391-LeaderElection19: ELECTION PASSED received 1 response(s) and 0 exception(s):
2023-01-26 20:31:07,848 [f73d43d0-b19f-4135-8753-89f8dbf44938@group-32E0B9496391-LeaderElection19] INFO  impl.LeaderElection (LeaderElection.java:logAndReturn(94)) -   Response 0: f73d43d0-b19f-4135-8753-89f8dbf44938<-33ea618b-d9cc-459d-a0c4-e4ecfab2c991#0:OK-t2
2023-01-26 20:31:07,848 [f73d43d0-b19f-4135-8753-89f8dbf44938@group-32E0B9496391-LeaderElection19] INFO  impl.LeaderElection (LeaderElection.java:askForVotes(314)) - f73d43d0-b19f-4135-8753-89f8dbf44938@group-32E0B9496391-LeaderElection19 ELECTION round 0: result PASSED
2023-01-26 20:31:07,848 [f73d43d0-b19f-4135-8753-89f8dbf44938@group-32E0B9496391-LeaderElection19] INFO  impl.RoleInfo (RoleInfo.java:shutdownLeaderElection(130)) - f73d43d0-b19f-4135-8753-89f8dbf44938: shutdown f73d43d0-b19f-4135-8753-89f8dbf44938@group-32E0B9496391-LeaderElection19
2023-01-26 20:31:07,848 [f73d43d0-b19f-4135-8753-89f8dbf44938@group-32E0B9496391-LeaderElection19] INFO  server.RaftServer$Division (RaftServerImpl.java:setRole(321)) - f73d43d0-b19f-4135-8753-89f8dbf44938@group-32E0B9496391: changes role from CANDIDATE to LEADER at term 2 for changeToLeader
2023-01-26 20:31:07,848 [f73d43d0-b19f-4135-8753-89f8dbf44938@group-32E0B9496391-LeaderElection19] INFO  ratis.XceiverServerRatis (XceiverServerRatis.java:handleLeaderChangedNotification(904)) - Leader change notification received for group: group-32E0B9496391 with new leaderId: f73d43d0-b19f-4135-8753-89f8dbf44938
2023-01-26 20:31:07,849 [f73d43d0-b19f-4135-8753-89f8dbf44938@group-32E0B9496391-LeaderElection19] INFO  server.RaftServer$Division (ServerState.java:setLeader(313)) - f73d43d0-b19f-4135-8753-89f8dbf44938@group-32E0B9496391: change Leader from null to f73d43d0-b19f-4135-8753-89f8dbf44938 at term 2 for becomeLeader, leader elected after 10153ms
2023-01-26 20:31:07,849 [f73d43d0-b19f-4135-8753-89f8dbf44938@group-32E0B9496391-LeaderElection19] INFO  server.RaftServerConfigKeys (ConfUtils.java:logGet(46)) - raft.server.staging.catchup.gap = 1000 (default)
2023-01-26 20:31:07,849 [f73d43d0-b19f-4135-8753-89f8dbf44938@group-32E0B9496391-LeaderElection19] INFO  server.RaftServerConfigKeys (ConfUtils.java:logGet(46)) - raft.server.write.element-limit = 1024 (custom)
2023-01-26 20:31:07,849 [f73d43d0-b19f-4135-8753-89f8dbf44938@group-32E0B9496391-LeaderElection19] INFO  server.RaftServerConfigKeys (ConfUtils.java:logGet(46)) - raft.server.write.byte-limit = 1024 M (=1073741824) (custom)
2023-01-26 20:31:07,850 [f73d43d0-b19f-4135-8753-89f8dbf44938@group-32E0B9496391-LeaderElection19] INFO  server.RaftServerConfigKeys (ConfUtils.java:logGet(46)) - raft.server.watch.timeout = 180s (custom)
2023-01-26 20:31:07,850 [f73d43d0-b19f-4135-8753-89f8dbf44938@group-32E0B9496391-LeaderElection19] INFO  server.RaftServerConfigKeys (ConfUtils.java:logGet(46)) - raft.server.watch.timeout.denomination = 1s (default)
2023-01-26 20:31:07,850 [f73d43d0-b19f-4135-8753-89f8dbf44938@group-32E0B9496391-LeaderElection19] INFO  server.RaftServerConfigKeys (ConfUtils.java:logGet(46)) - raft.server.watch.element-limit = 65536 (default)
2023-01-26 20:31:07,850 [f73d43d0-b19f-4135-8753-89f8dbf44938@group-32E0B9496391-LeaderElection19] INFO  server.RaftServerConfigKeys (ConfUtils.java:logGet(46)) - raft.server.write.element-limit = 1024 (custom)
2023-01-26 20:31:07,851 [f73d43d0-b19f-4135-8753-89f8dbf44938@group-32E0B9496391-LeaderElection19] INFO  server.RaftServerConfigKeys (ConfUtils.java:logGet(46)) - raft.server.write.follower.gap.ratio.max = -1.0 (default)
2023-01-26 20:31:07,851 [f73d43d0-b19f-4135-8753-89f8dbf44938@group-32E0B9496391-LeaderElection19] INFO  server.RaftServerConfigKeys (ConfUtils.java:logGet(46)) - raft.server.log.appender.snapshot.chunk.size.max = 16MB (=16777216) (default)
2023-01-26 20:31:07,851 [f73d43d0-b19f-4135-8753-89f8dbf44938@group-32E0B9496391-LeaderElection19] INFO  server.RaftServerConfigKeys (ConfUtils.java:logGet(46)) - raft.server.log.appender.buffer.byte-limit = 33554432 (custom)
2023-01-26 20:31:07,851 [f73d43d0-b19f-4135-8753-89f8dbf44938@group-32E0B9496391-LeaderElection19] INFO  server.RaftServerConfigKeys (ConfUtils.java:logGet(46)) - raft.server.log.appender.buffer.element-limit = 1 (custom)
2023-01-26 20:31:07,851 [f73d43d0-b19f-4135-8753-89f8dbf44938@group-32E0B9496391-LeaderElection19] INFO  grpc.GrpcConfigKeys (ConfUtils.java:logGet(46)) - raft.grpc.server.leader.outstanding.appends.max = 128 (default)
2023-01-26 20:31:07,851 [f73d43d0-b19f-4135-8753-89f8dbf44938@group-32E0B9496391-LeaderElection19] INFO  server.RaftServerConfigKeys (ConfUtils.java:logGet(46)) - raft.server.rpc.request.timeout = 60s (custom)
2023-01-26 20:31:07,851 [f73d43d0-b19f-4135-8753-89f8dbf44938@group-32E0B9496391-LeaderElection19] INFO  server.RaftServerConfigKeys (ConfUtils.java:logGet(46)) - raft.server.log.appender.install.snapshot.enabled = false (custom)
2023-01-26 20:31:07,851 [f73d43d0-b19f-4135-8753-89f8dbf44938@group-32E0B9496391-LeaderElection19] INFO  grpc.GrpcConfigKeys (ConfUtils.java:logGet(46)) - raft.grpc.server.heartbeat.channel = true (default)
2023-01-26 20:31:07,851 [f73d43d0-b19f-4135-8753-89f8dbf44938@group-32E0B9496391-LeaderElection19] INFO  server.RaftServerConfigKeys (ConfUtils.java:logGet(46)) - raft.server.log.appender.wait-time.min = 10ms (default)
2023-01-26 20:31:07,852 [f73d43d0-b19f-4135-8753-89f8dbf44938@group-32E0B9496391-LeaderElection19] INFO  server.RaftServerConfigKeys (ConfUtils.java:logGet(46)) - raft.server.log.appender.snapshot.chunk.size.max = 16MB (=16777216) (default)
2023-01-26 20:31:07,852 [f73d43d0-b19f-4135-8753-89f8dbf44938@group-32E0B9496391-LeaderElection19] INFO  server.RaftServerConfigKeys (ConfUtils.java:logGet(46)) - raft.server.log.appender.buffer.byte-limit = 33554432 (custom)
2023-01-26 20:31:07,852 [f73d43d0-b19f-4135-8753-89f8dbf44938@group-32E0B9496391-LeaderElection19] INFO  server.RaftServerConfigKeys (ConfUtils.java:logGet(46)) - raft.server.log.appender.buffer.element-limit = 1 (custom)
2023-01-26 20:31:07,852 [f73d43d0-b19f-4135-8753-89f8dbf44938@group-32E0B9496391-LeaderElection19] INFO  grpc.GrpcConfigKeys (ConfUtils.java:logGet(46)) - raft.grpc.server.leader.outstanding.appends.max = 128 (default)
2023-01-26 20:31:07,852 [f73d43d0-b19f-4135-8753-89f8dbf44938@group-32E0B9496391-LeaderElection19] INFO  server.RaftServerConfigKeys (ConfUtils.java:logGet(46)) - raft.server.rpc.request.timeout = 60s (custom)
2023-01-26 20:31:07,852 [f73d43d0-b19f-4135-8753-89f8dbf44938@group-32E0B9496391-LeaderElection19] INFO  server.RaftServerConfigKeys (ConfUtils.java:logGet(46)) - raft.server.log.appender.install.snapshot.enabled = false (custom)
2023-01-26 20:31:07,852 [f73d43d0-b19f-4135-8753-89f8dbf44938@group-32E0B9496391-LeaderElection19] INFO  grpc.GrpcConfigKeys (ConfUtils.java:logGet(46)) - raft.grpc.server.heartbeat.channel = true (default)
2023-01-26 20:31:07,852 [f73d43d0-b19f-4135-8753-89f8dbf44938@group-32E0B9496391-LeaderElection19] INFO  server.RaftServerConfigKeys (ConfUtils.java:logGet(46)) - raft.server.log.appender.wait-time.min = 10ms (default)
2023-01-26 20:31:07,852 [EventQueue-PipelineReportForPipelineReportHandler] INFO  pipeline.PipelineManagerImpl (PipelineManagerImpl.java:openPipeline(367)) - Pipeline Pipeline[ Id: af9cd81b-d647-4be4-b219-32e0b9496391, Nodes: 7e0f7051-7df6-4c7d-992e-efcf57e991e1(fv-az462-54.0zuljvm5d0yedf4jva4xayy4gc.gx.internal.cloudapp.net/10.1.0.15)33ea618b-d9cc-459d-a0c4-e4ecfab2c991(fv-az462-54.0zuljvm5d0yedf4jva4xayy4gc.gx.internal.cloudapp.net/10.1.0.15)f73d43d0-b19f-4135-8753-89f8dbf44938(fv-az462-54.0zuljvm5d0yedf4jva4xayy4gc.gx.internal.cloudapp.net/10.1.0.15), ReplicationConfig: RATIS/THREE, State:ALLOCATED, leaderId:f73d43d0-b19f-4135-8753-89f8dbf44938, CreationTimestamp2023-01-26T20:30:55.258Z[Etc/UTC]] moved to OPEN state
2023-01-26 20:31:07,852 [f73d43d0-b19f-4135-8753-89f8dbf44938@group-32E0B9496391-LeaderElection19] INFO  impl.RoleInfo (RoleInfo.java:updateAndGet(139)) - f73d43d0-b19f-4135-8753-89f8dbf44938: start f73d43d0-b19f-4135-8753-89f8dbf44938@group-32E0B9496391-LeaderStateImpl
2023-01-26 20:31:07,853 [f73d43d0-b19f-4135-8753-89f8dbf44938@group-32E0B9496391-LeaderElection19] INFO  segmented.SegmentedRaftLogWorker (SegmentedRaftLogWorker.java:startLogSegment(452)) - f73d43d0-b19f-4135-8753-89f8dbf44938@group-32E0B9496391-SegmentedRaftLogWorker: Starting segment from index:0
2023-01-26 20:31:07,853 [EventQueue-OpenPipelineForHealthyPipelineSafeModeRule] INFO  safemode.SCMSafeModeManager (HealthyPipelineSafeModeRule.java:process(137)) - SCM in safe mode. Healthy pipelines reported count is 1, required healthy pipeline reported count is 1
2023-01-26 20:31:07,853 [EventQueue-OpenPipelineForHealthyPipelineSafeModeRule] INFO  safemode.SCMSafeModeManager (SCMSafeModeManager.java:validateSafeModeExitRules(200)) - HealthyPipelineSafeModeRule rule is successfully validated
2023-01-26 20:31:07,853 [EventQueue-OpenPipelineForHealthyPipelineSafeModeRule] INFO  safemode.SCMSafeModeManager (SCMSafeModeManager.java:validateSafeModeExitRules(215)) - ScmSafeModeManager, all rules are successfully validated
2023-01-26 20:31:07,853 [EventQueue-OpenPipelineForHealthyPipelineSafeModeRule] INFO  safemode.SCMSafeModeManager (SCMSafeModeManager.java:exitSafeMode(244)) - SCM exiting safe mode.
2023-01-26 20:31:07,853 [EventQueue-OpenPipelineForHealthyPipelineSafeModeRule] INFO  ha.SCMContext (SCMContext.java:updateSafeModeStatus(228)) - Update SafeModeStatus from SafeModeStatus{safeModeStatus=true, preCheckPassed=true} to SafeModeStatus{safeModeStatus=false, preCheckPassed=true}.
2023-01-26 20:31:07,853 [EventQueue-OpenPipelineForHealthyPipelineSafeModeRule] INFO  pipeline.BackgroundPipelineCreator (BackgroundPipelineCreator.java:notifyStatusChanged(254)) - Service BackgroundPipelineCreator transitions to RUNNING.
2023-01-26 20:31:07,853 [EventQueue-OpenPipelineForHealthyPipelineSafeModeRule] INFO  BackgroundPipelineScrubber (BackgroundSCMService.java:notifyStatusChanged(82)) - Service BackgroundPipelineScrubber transitions to RUNNING.
2023-01-26 20:31:07,853 [EventQueue-OpenPipelineForHealthyPipelineSafeModeRule] INFO  ExpiredContainerReplicaOpScrubber (BackgroundSCMService.java:notifyStatusChanged(82)) - Service ExpiredContainerReplicaOpScrubber transitions to RUNNING.
2023-01-26 20:31:07,853 [EventQueue-OpenPipelineForHealthyPipelineSafeModeRule] INFO  replication.ReplicationManager (ReplicationManager.java:notifyStatusChanged(937)) - Service ReplicationManager transitions to RUNNING.
2023-01-26 20:31:07,853 [EventQueue-OpenPipelineForHealthyPipelineSafeModeRule] WARN  balancer.ContainerBalancer (ContainerBalancer.java:shouldRun(131)) - Could not find persisted configuration for ContainerBalancer when checking if ContainerBalancer should run. ContainerBalancer should not run now.
2023-01-26 20:31:07,861 [f73d43d0-b19f-4135-8753-89f8dbf44938@group-32E0B9496391-SegmentedRaftLogWorker] INFO  segmented.SegmentedRaftLogWorker (SegmentedRaftLogWorker.java:execute(656)) - f73d43d0-b19f-4135-8753-89f8dbf44938@group-32E0B9496391-SegmentedRaftLogWorker: created new log segment /home/runner/work/ozone/ozone/hadoop-ozone/integration-test/target/test-dir/MiniOzoneClusterImpl-83fec8cd-5b22-4757-ae00-8ce138a916fc/datanode-2/data/ratis/af9cd81b-d647-4be4-b219-32e0b9496391/current/log_inprogress_0
2023-01-26 20:31:07,867 [Listener at 127.0.0.1/37459] INFO  ozone.MiniOzoneClusterImpl (MiniOzoneClusterImpl.java:lambda$waitForClusterToBeReady$0(218)) - Nodes are ready. Got 5 of 5 DN Heartbeats.
2023-01-26 20:31:07,867 [Listener at 127.0.0.1/37459] INFO  ozone.MiniOzoneClusterImpl (MiniOzoneClusterImpl.java:lambda$waitForClusterToBeReady$0(221)) - Cluster exits safe mode
2023-01-26 20:31:07,867 [Listener at 127.0.0.1/37459] INFO  ozone.MiniOzoneClusterImpl (MiniOzoneClusterImpl.java:lambda$waitForClusterToBeReady$0(223)) - SCM became leader
2023-01-26 20:31:07,885 [f73d43d0-b19f-4135-8753-89f8dbf44938@group-32E0B9496391-LeaderElection19] INFO  server.RaftServer$Division (ServerState.java:setRaftConf(430)) - f73d43d0-b19f-4135-8753-89f8dbf44938@group-32E0B9496391: set configuration 0: peers:[33ea618b-d9cc-459d-a0c4-e4ecfab2c991|rpc:10.1.0.15:39387|dataStream:10.1.0.15:39857|priority:0|startupRole:FOLLOWER, f73d43d0-b19f-4135-8753-89f8dbf44938|rpc:10.1.0.15:40817|dataStream:10.1.0.15:41077|priority:1|startupRole:FOLLOWER, 7e0f7051-7df6-4c7d-992e-efcf57e991e1|rpc:10.1.0.15:44005|dataStream:10.1.0.15:38183|priority:0|startupRole:FOLLOWER]|listeners:[], old=null
2023-01-26 20:31:07,888 [7e0f7051-7df6-4c7d-992e-efcf57e991e1-server-thread1] INFO  ratis.XceiverServerRatis (XceiverServerRatis.java:handleLeaderChangedNotification(904)) - Leader change notification received for group: group-32E0B9496391 with new leaderId: f73d43d0-b19f-4135-8753-89f8dbf44938
2023-01-26 20:31:07,888 [7e0f7051-7df6-4c7d-992e-efcf57e991e1-server-thread1] INFO  server.RaftServer$Division (ServerState.java:setLeader(313)) - 7e0f7051-7df6-4c7d-992e-efcf57e991e1@group-32E0B9496391: change Leader from null to f73d43d0-b19f-4135-8753-89f8dbf44938 at term 2 for appendEntries, leader elected after 10236ms
2023-01-26 20:31:07,894 [33ea618b-d9cc-459d-a0c4-e4ecfab2c991-server-thread1] INFO  ratis.XceiverServerRatis (XceiverServerRatis.java:handleLeaderChangedNotification(904)) - Leader change notification received for group: group-32E0B9496391 with new leaderId: f73d43d0-b19f-4135-8753-89f8dbf44938
2023-01-26 20:31:07,894 [33ea618b-d9cc-459d-a0c4-e4ecfab2c991-server-thread1] INFO  server.RaftServer$Division (ServerState.java:setLeader(313)) - 33ea618b-d9cc-459d-a0c4-e4ecfab2c991@group-32E0B9496391: change Leader from null to f73d43d0-b19f-4135-8753-89f8dbf44938 at term 2 for appendEntries, leader elected after 10289ms
2023-01-26 20:31:07,894 [7e0f7051-7df6-4c7d-992e-efcf57e991e1-server-thread1] INFO  server.RaftServer$Division (ServerState.java:setRaftConf(430)) - 7e0f7051-7df6-4c7d-992e-efcf57e991e1@group-32E0B9496391: set configuration 0: peers:[33ea618b-d9cc-459d-a0c4-e4ecfab2c991|rpc:10.1.0.15:39387|dataStream:10.1.0.15:39857|priority:0|startupRole:FOLLOWER, f73d43d0-b19f-4135-8753-89f8dbf44938|rpc:10.1.0.15:40817|dataStream:10.1.0.15:41077|priority:1|startupRole:FOLLOWER, 7e0f7051-7df6-4c7d-992e-efcf57e991e1|rpc:10.1.0.15:44005|dataStream:10.1.0.15:38183|priority:0|startupRole:FOLLOWER]|listeners:[], old=null
2023-01-26 20:31:07,894 [7e0f7051-7df6-4c7d-992e-efcf57e991e1-server-thread1] INFO  segmented.SegmentedRaftLogWorker (SegmentedRaftLogWorker.java:startLogSegment(452)) - 7e0f7051-7df6-4c7d-992e-efcf57e991e1@group-32E0B9496391-SegmentedRaftLogWorker: Starting segment from index:0
2023-01-26 20:31:07,897 [33ea618b-d9cc-459d-a0c4-e4ecfab2c991-server-thread1] INFO  server.RaftServer$Division (ServerState.java:setRaftConf(430)) - 33ea618b-d9cc-459d-a0c4-e4ecfab2c991@group-32E0B9496391: set configuration 0: peers:[33ea618b-d9cc-459d-a0c4-e4ecfab2c991|rpc:10.1.0.15:39387|dataStream:10.1.0.15:39857|priority:0|startupRole:FOLLOWER, f73d43d0-b19f-4135-8753-89f8dbf44938|rpc:10.1.0.15:40817|dataStream:10.1.0.15:41077|priority:1|startupRole:FOLLOWER, 7e0f7051-7df6-4c7d-992e-efcf57e991e1|rpc:10.1.0.15:44005|dataStream:10.1.0.15:38183|priority:0|startupRole:FOLLOWER]|listeners:[], old=null
2023-01-26 20:31:07,897 [33ea618b-d9cc-459d-a0c4-e4ecfab2c991-server-thread1] INFO  segmented.SegmentedRaftLogWorker (SegmentedRaftLogWorker.java:startLogSegment(452)) - 33ea618b-d9cc-459d-a0c4-e4ecfab2c991@group-32E0B9496391-SegmentedRaftLogWorker: Starting segment from index:0
2023-01-26 20:31:07,898 [7e0f7051-7df6-4c7d-992e-efcf57e991e1@group-32E0B9496391-SegmentedRaftLogWorker] INFO  segmented.SegmentedRaftLogWorker (SegmentedRaftLogWorker.java:execute(656)) - 7e0f7051-7df6-4c7d-992e-efcf57e991e1@group-32E0B9496391-SegmentedRaftLogWorker: created new log segment /home/runner/work/ozone/ozone/hadoop-ozone/integration-test/target/test-dir/MiniOzoneClusterImpl-83fec8cd-5b22-4757-ae00-8ce138a916fc/datanode-1/data/ratis/af9cd81b-d647-4be4-b219-32e0b9496391/current/log_inprogress_0
2023-01-26 20:31:07,903 [33ea618b-d9cc-459d-a0c4-e4ecfab2c991@group-32E0B9496391-SegmentedRaftLogWorker] INFO  segmented.SegmentedRaftLogWorker (SegmentedRaftLogWorker.java:execute(656)) - 33ea618b-d9cc-459d-a0c4-e4ecfab2c991@group-32E0B9496391-SegmentedRaftLogWorker: created new log segment /home/runner/work/ozone/ozone/hadoop-ozone/integration-test/target/test-dir/MiniOzoneClusterImpl-83fec8cd-5b22-4757-ae00-8ce138a916fc/datanode-0/data/ratis/af9cd81b-d647-4be4-b219-32e0b9496391/current/log_inprogress_0
2023-01-26 20:31:07,948 [Listener at 127.0.0.1/37459] INFO  rpc.RpcClient (RpcClient.java:createVolume(474)) - Creating Volume: volume58619, with user03914 as owner and space quota set to -1 bytes, counts quota set to -1
2023-01-26 20:31:07,958 [f73d43d0-b19f-4135-8753-89f8dbf44938@group-E6729A0FA6AF-FollowerState] INFO  server.RaftServerConfigKeys (ConfUtils.java:logFallback(53)) - raft.server.rpc.first-election.timeout.min = 5s (fallback to raft.server.rpc.timeout.min)
2023-01-26 20:31:07,958 [f73d43d0-b19f-4135-8753-89f8dbf44938@group-E6729A0FA6AF-FollowerState] INFO  server.RaftServerConfigKeys (ConfUtils.java:logFallback(53)) - raft.server.rpc.first-election.timeout.max = 5200ms (fallback to raft.server.rpc.timeout.max)
2023-01-26 20:31:07,950 [IPC Server handler 2 on default port 37459] INFO  volume.OMVolumeCreateRequest (OMVolumeCreateRequest.java:validateAndUpdateCache(195)) - created volume:volume58619 for user:user03914
2023-01-26 20:31:07,962 [Listener at 127.0.0.1/37459] INFO  rpc.RpcClient (RpcClient.java:createBucket(693)) - Creating Bucket: volume58619/bucket43836, with bucket layout LEGACY, runner as owner, Versioning false, Storage Type set to DISK and Encryption set to false 
2023-01-26 20:31:07,963 [IPC Server handler 5 on default port 37459] INFO  bucket.OMBucketCreateRequest (OMBucketCreateRequest.java:validateAndUpdateCache(263)) - created bucket: bucket43836 of layout LEGACY in volume: volume58619
]]></system-out>
  </testcase>
  <testcase name="testGetTrashRoot" classname="TestOzoneFileSystem" time="35.872">
    <system-out><![CDATA[2023-01-26 20:31:37,326 [Listener at 127.0.0.1/37459] INFO  ozone.MiniOzoneClusterImpl (MiniOzoneClusterImpl.java:shutdown(450)) - Shutting down the Mini Ozone Cluster
2023-01-26 20:31:37,326 [Listener at 127.0.0.1/37459] INFO  ozone.MiniOzoneClusterImpl (MiniOzoneClusterImpl.java:stop(465)) - Stopping the Mini Ozone Cluster
2023-01-26 20:31:37,326 [Listener at 127.0.0.1/37459] INFO  ozone.MiniOzoneClusterImpl (MiniOzoneClusterImpl.java:stopOM(547)) - Stopping the OzoneManager
2023-01-26 20:31:37,326 [Listener at 127.0.0.1/37459] INFO  om.OzoneManager (OzoneManager.java:stop(2071)) - om1[localhost:0]: Stopping Ozone Manager
2023-01-26 20:31:37,326 [Listener at 127.0.0.1/37459] INFO  ipc.Server (Server.java:stop(3428)) - Stopping server on 37459
2023-01-26 20:31:37,331 [IPC Server listener on 0] INFO  ipc.Server (Server.java:run(1384)) - Stopping IPC Server listener on 0
2023-01-26 20:31:37,331 [IPC Server Responder] INFO  ipc.Server (Server.java:run(1517)) - Stopping IPC Server Responder
2023-01-26 20:31:37,331 [Listener at 127.0.0.1/37459] INFO  ratis.OzoneManagerDoubleBuffer (OzoneManagerDoubleBuffer.java:stop(467)) - Stopping OMDoubleBuffer flush thread
2023-01-26 20:31:37,331 [OMDoubleBufferFlushThread] INFO  ratis.OzoneManagerDoubleBuffer (OzoneManagerDoubleBuffer.java:flushTransactions(388)) - OMDoubleBuffer flush thread OMDoubleBufferFlushThread is interrupted and will exit.
2023-01-26 20:31:37,331 [Listener at 127.0.0.1/37459] INFO  utils.BackgroundService (BackgroundService.java:shutdown(141)) - Shutting down service KeyDeletingService
2023-01-26 20:31:37,332 [Listener at 127.0.0.1/37459] INFO  utils.BackgroundService (BackgroundService.java:shutdown(141)) - Shutting down service DirectoryDeletingService
2023-01-26 20:31:37,332 [Listener at 127.0.0.1/37459] INFO  utils.BackgroundService (BackgroundService.java:shutdown(141)) - Shutting down service OpenKeyCleanupService
2023-01-26 20:31:37,340 [Listener at 127.0.0.1/37459] INFO  handler.ContextHandler (ContextHandler.java:doStop(1159)) - Stopped o.e.j.w.WebAppContext@5a50c12b{ozoneManager,/,null,STOPPED}{file:/home/runner/work/ozone/ozone/hadoop-ozone/integration-test/target/test-classes/webapps/ozoneManager}
2023-01-26 20:31:37,340 [Listener at 127.0.0.1/37459] INFO  server.AbstractConnector (AbstractConnector.java:doStop(383)) - Stopped ServerConnector@61de38f3{HTTP/1.1, (http/1.1)}{0.0.0.0:0}
2023-01-26 20:31:37,340 [Listener at 127.0.0.1/37459] INFO  server.session (HouseKeeper.java:stopScavenging(149)) - node0 Stopped scavenging
2023-01-26 20:31:37,341 [Listener at 127.0.0.1/37459] INFO  handler.ContextHandler (ContextHandler.java:doStop(1159)) - Stopped o.e.j.s.ServletContextHandler@4db00a8c{static,/static,file:///home/runner/work/ozone/ozone/hadoop-ozone/integration-test/target/test-classes/webapps/static,STOPPED}
2023-01-26 20:31:37,341 [Listener at 127.0.0.1/37459] INFO  handler.ContextHandler (ContextHandler.java:doStop(1159)) - Stopped o.e.j.s.ServletContextHandler@28677ab4{logs,/logs,file:///home/runner/work/ozone/ozone/hadoop-ozone/integration-test/target/log,STOPPED}
2023-01-26 20:31:37,343 [Trash Emptier] ERROR om.TrashPolicyOzone (TrashPolicyOzone.java:run(350)) - Error attempting to shutdown
java.lang.InterruptedException
	at java.util.concurrent.locks.AbstractQueuedSynchronizer$ConditionObject.awaitNanos(AbstractQueuedSynchronizer.java:2067)
	at java.util.concurrent.ThreadPoolExecutor.awaitTermination(ThreadPoolExecutor.java:1475)
	at org.apache.hadoop.ozone.om.TrashPolicyOzone$Emptier.run(TrashPolicyOzone.java:348)
	at java.lang.Thread.run(Thread.java:750)
2023-01-26 20:31:37,348 [Listener at 127.0.0.1/37459] INFO  ozone.MiniOzoneClusterImpl (MiniOzoneClusterImpl.java:stopDatanodes(524)) - Stopping the HddsDatanodes
2023-01-26 20:31:37,353 [Listener at 127.0.0.1/37459] INFO  ozoneimpl.OzoneContainer (OzoneContainer.java:stop(421)) - Attempting to stop container services.
2023-01-26 20:31:37,355 [Listener at 127.0.0.1/37459] INFO  server.RaftServer (RaftServerProxy.java:lambda$close$6(409)) - f73d43d0-b19f-4135-8753-89f8dbf44938: close
2023-01-26 20:31:37,355 [f73d43d0-b19f-4135-8753-89f8dbf44938-impl-thread1] INFO  server.RaftServer$Division (RaftServerImpl.java:lambda$close$4(458)) - f73d43d0-b19f-4135-8753-89f8dbf44938@group-32E0B9496391: shutdown
2023-01-26 20:31:37,356 [f73d43d0-b19f-4135-8753-89f8dbf44938-impl-thread1] INFO  util.JmxRegister (JmxRegister.java:unregister(73)) - Successfully un-registered JMX Bean with object name Ratis:service=RaftServer,group=group-32E0B9496391,id=f73d43d0-b19f-4135-8753-89f8dbf44938
2023-01-26 20:31:37,356 [f73d43d0-b19f-4135-8753-89f8dbf44938-impl-thread1] INFO  impl.RoleInfo (RoleInfo.java:shutdownLeaderState(93)) - f73d43d0-b19f-4135-8753-89f8dbf44938: shutdown f73d43d0-b19f-4135-8753-89f8dbf44938@group-32E0B9496391-LeaderStateImpl
2023-01-26 20:31:37,359 [f73d43d0-b19f-4135-8753-89f8dbf44938-impl-thread2] INFO  server.RaftServer$Division (RaftServerImpl.java:lambda$close$4(458)) - f73d43d0-b19f-4135-8753-89f8dbf44938@group-E6729A0FA6AF: shutdown
2023-01-26 20:31:37,359 [f73d43d0-b19f-4135-8753-89f8dbf44938-impl-thread2] INFO  util.JmxRegister (JmxRegister.java:unregister(73)) - Successfully un-registered JMX Bean with object name Ratis:service=RaftServer,group=group-E6729A0FA6AF,id=f73d43d0-b19f-4135-8753-89f8dbf44938
2023-01-26 20:31:37,359 [f73d43d0-b19f-4135-8753-89f8dbf44938-impl-thread2] INFO  impl.RoleInfo (RoleInfo.java:shutdownFollowerState(110)) - f73d43d0-b19f-4135-8753-89f8dbf44938: shutdown f73d43d0-b19f-4135-8753-89f8dbf44938@group-E6729A0FA6AF-FollowerState
2023-01-26 20:31:37,361 [Listener at 127.0.0.1/37459] INFO  server.GrpcService (GrpcService.java:closeImpl(271)) - f73d43d0-b19f-4135-8753-89f8dbf44938: shutdown server GrpcServerProtocolService now
2023-01-26 20:31:37,361 [f73d43d0-b19f-4135-8753-89f8dbf44938@group-32E0B9496391->33ea618b-d9cc-459d-a0c4-e4ecfab2c991-GrpcLogAppender-LogAppenderDaemon] WARN  server.GrpcLogAppender (GrpcLogAppender.java:mayWait(200)) - f73d43d0-b19f-4135-8753-89f8dbf44938@group-32E0B9496391->33ea618b-d9cc-459d-a0c4-e4ecfab2c991-GrpcLogAppender: Wait interrupted by java.lang.InterruptedException
2023-01-26 20:31:37,361 [f73d43d0-b19f-4135-8753-89f8dbf44938@group-32E0B9496391->7e0f7051-7df6-4c7d-992e-efcf57e991e1-GrpcLogAppender-LogAppenderDaemon] WARN  server.GrpcLogAppender (GrpcLogAppender.java:mayWait(200)) - f73d43d0-b19f-4135-8753-89f8dbf44938@group-32E0B9496391->7e0f7051-7df6-4c7d-992e-efcf57e991e1-GrpcLogAppender: Wait interrupted by java.lang.InterruptedException
2023-01-26 20:31:37,361 [f73d43d0-b19f-4135-8753-89f8dbf44938-impl-thread1] INFO  impl.PendingRequests (PendingRequests.java:sendNotLeaderResponses(282)) - f73d43d0-b19f-4135-8753-89f8dbf44938@group-32E0B9496391-PendingRequests: sendNotLeaderResponses
2023-01-26 20:31:37,363 [f73d43d0-b19f-4135-8753-89f8dbf44938@group-E6729A0FA6AF-StateMachineUpdater] INFO  ratis.ContainerStateMachine (ContainerStateMachine.java:takeSnapshot(308)) - group-E6729A0FA6AF: Taking a snapshot at:(t:2, i:22) file /home/runner/work/ozone/ozone/hadoop-ozone/integration-test/target/test-dir/MiniOzoneClusterImpl-83fec8cd-5b22-4757-ae00-8ce138a916fc/datanode-2/data/ratis/ab16cabc-b199-41c2-a545-e6729a0fa6af/sm/snapshot.2_22
2023-01-26 20:31:37,362 [f73d43d0-b19f-4135-8753-89f8dbf44938-impl-thread2] INFO  impl.StateMachineUpdater (StateMachineUpdater.java:stopAndJoin(153)) - f73d43d0-b19f-4135-8753-89f8dbf44938@group-E6729A0FA6AF-StateMachineUpdater: set stopIndex = 22
2023-01-26 20:31:37,368 [grpc-default-executor-2] INFO  server.GrpcServerProtocolService (GrpcServerProtocolService.java:onCompleted(143)) - 33ea618b-d9cc-459d-a0c4-e4ecfab2c991: Completed APPEND_ENTRIES, lastRequest: null
2023-01-26 20:31:37,362 [Listener at 127.0.0.1/37459] INFO  server.GrpcServerProtocolClient (GrpcServerProtocolClient.java:close(101)) - 33ea618b-d9cc-459d-a0c4-e4ecfab2c991 Close channels
2023-01-26 20:31:37,362 [f73d43d0-b19f-4135-8753-89f8dbf44938@group-E6729A0FA6AF-FollowerState] INFO  impl.FollowerState (FollowerState.java:run(152)) - f73d43d0-b19f-4135-8753-89f8dbf44938@group-E6729A0FA6AF-FollowerState was interrupted
2023-01-26 20:31:37,369 [grpc-default-executor-3] INFO  server.GrpcServerProtocolService (GrpcServerProtocolService.java:onCompleted(143)) - 7e0f7051-7df6-4c7d-992e-efcf57e991e1: Completed APPEND_ENTRIES, lastRequest: null
2023-01-26 20:31:37,369 [grpc-default-executor-2] INFO  server.GrpcServerProtocolService (GrpcServerProtocolService.java:onCompleted(143)) - 7e0f7051-7df6-4c7d-992e-efcf57e991e1: Completed APPEND_ENTRIES, lastRequest: f73d43d0-b19f-4135-8753-89f8dbf44938->7e0f7051-7df6-4c7d-992e-efcf57e991e1#61-t2,previous=(t:2, i:7),leaderCommit=6,initializing? true,entries: size=1, first=(t:2, i:8), METADATAENTRY(c:6)
2023-01-26 20:31:37,369 [grpc-default-executor-4] WARN  server.GrpcLogAppender (LogUtils.java:warn(122)) - 33ea618b-d9cc-459d-a0c4-e4ecfab2c991@group-E6729A0FA6AF->f73d43d0-b19f-4135-8753-89f8dbf44938-AppendLogResponseHandler: Failed appendEntries: org.apache.ratis.thirdparty.io.grpc.StatusRuntimeException: CANCELLED: RST_STREAM closed stream. HTTP/2 error code: CANCEL
2023-01-26 20:31:37,377 [grpc-default-executor-4] INFO  leader.FollowerInfo (FollowerInfoImpl.java:lambda$new$0(48)) - 33ea618b-d9cc-459d-a0c4-e4ecfab2c991@group-E6729A0FA6AF->f73d43d0-b19f-4135-8753-89f8dbf44938: nextIndex: updateUnconditionally 23 -> 22
2023-01-26 20:31:37,367 [ForkJoinPool.commonPool-worker-1] INFO  ozoneimpl.OzoneContainer (OzoneContainer.java:stop(421)) - Attempting to stop container services.
2023-01-26 20:31:37,367 [grpc-default-executor-1] INFO  server.GrpcServerProtocolService (GrpcServerProtocolService.java:onCompleted(143)) - 33ea618b-d9cc-459d-a0c4-e4ecfab2c991: Completed APPEND_ENTRIES, lastRequest: f73d43d0-b19f-4135-8753-89f8dbf44938->33ea618b-d9cc-459d-a0c4-e4ecfab2c991#69-t2,previous=(t:2, i:7),leaderCommit=6,initializing? true,entries: size=1, first=(t:2, i:8), METADATAENTRY(c:6)
2023-01-26 20:31:37,367 [grpc-default-executor-5] WARN  server.GrpcServerProtocolService (LogUtils.java:warn(122)) - f73d43d0-b19f-4135-8753-89f8dbf44938: installSnapshot onError, lastRequest: null: org.apache.ratis.thirdparty.io.grpc.StatusRuntimeException: CANCELLED: client cancelled
2023-01-26 20:31:37,367 [f73d43d0-b19f-4135-8753-89f8dbf44938-impl-thread3] INFO  server.RaftServer$Division (RaftServerImpl.java:lambda$close$4(458)) - f73d43d0-b19f-4135-8753-89f8dbf44938@group-5EB2E6047A55: shutdown
2023-01-26 20:31:37,377 [f73d43d0-b19f-4135-8753-89f8dbf44938-impl-thread3] INFO  util.JmxRegister (JmxRegister.java:unregister(73)) - Successfully un-registered JMX Bean with object name Ratis:service=RaftServer,group=group-5EB2E6047A55,id=f73d43d0-b19f-4135-8753-89f8dbf44938
2023-01-26 20:31:37,378 [f73d43d0-b19f-4135-8753-89f8dbf44938-impl-thread3] INFO  impl.RoleInfo (RoleInfo.java:shutdownLeaderState(93)) - f73d43d0-b19f-4135-8753-89f8dbf44938: shutdown f73d43d0-b19f-4135-8753-89f8dbf44938@group-5EB2E6047A55-LeaderStateImpl
2023-01-26 20:31:37,378 [f73d43d0-b19f-4135-8753-89f8dbf44938-impl-thread3] INFO  impl.PendingRequests (PendingRequests.java:sendNotLeaderResponses(282)) - f73d43d0-b19f-4135-8753-89f8dbf44938@group-5EB2E6047A55-PendingRequests: sendNotLeaderResponses
2023-01-26 20:31:37,379 [f73d43d0-b19f-4135-8753-89f8dbf44938-impl-thread3] INFO  impl.StateMachineUpdater (StateMachineUpdater.java:stopAndJoin(153)) - f73d43d0-b19f-4135-8753-89f8dbf44938@group-5EB2E6047A55-StateMachineUpdater: set stopIndex = 0
2023-01-26 20:31:37,366 [f73d43d0-b19f-4135-8753-89f8dbf44938@group-32E0B9496391-StateMachineUpdater] INFO  ratis.ContainerStateMachine (ContainerStateMachine.java:takeSnapshot(308)) - group-32E0B9496391: Taking a snapshot at:(t:2, i:8) file /home/runner/work/ozone/ozone/hadoop-ozone/integration-test/target/test-dir/MiniOzoneClusterImpl-83fec8cd-5b22-4757-ae00-8ce138a916fc/datanode-2/data/ratis/af9cd81b-d647-4be4-b219-32e0b9496391/sm/snapshot.2_8
2023-01-26 20:31:37,379 [f73d43d0-b19f-4135-8753-89f8dbf44938@group-5EB2E6047A55-StateMachineUpdater] INFO  ratis.ContainerStateMachine (ContainerStateMachine.java:takeSnapshot(308)) - group-5EB2E6047A55: Taking a snapshot at:(t:1, i:0) file /home/runner/work/ozone/ozone/hadoop-ozone/integration-test/target/test-dir/MiniOzoneClusterImpl-83fec8cd-5b22-4757-ae00-8ce138a916fc/datanode-2/data/ratis/c94d90e5-62af-4a23-966b-5eb2e6047a55/sm/snapshot.1_0
2023-01-26 20:31:37,379 [grpc-default-executor-7] WARN  server.GrpcLogAppender (LogUtils.java:warn(122)) - 33ea618b-d9cc-459d-a0c4-e4ecfab2c991@group-E6729A0FA6AF->f73d43d0-b19f-4135-8753-89f8dbf44938-AppendLogResponseHandler: Failed appendEntries: org.apache.ratis.thirdparty.io.grpc.StatusRuntimeException: CANCELLED: RST_STREAM closed stream. HTTP/2 error code: CANCEL
2023-01-26 20:31:37,379 [grpc-default-executor-7] INFO  leader.FollowerInfo (FollowerInfoImpl.java:lambda$new$0(48)) - 33ea618b-d9cc-459d-a0c4-e4ecfab2c991@group-E6729A0FA6AF->f73d43d0-b19f-4135-8753-89f8dbf44938: nextIndex: updateUnconditionally 22 -> 21
2023-01-26 20:31:37,379 [grpc-default-executor-7] INFO  server.GrpcLogAppender (GrpcLogAppender.java:onCompleted(415)) - f73d43d0-b19f-4135-8753-89f8dbf44938@group-32E0B9496391->7e0f7051-7df6-4c7d-992e-efcf57e991e1-AppendLogResponseHandler: follower responses appendEntries COMPLETED
2023-01-26 20:31:37,379 [grpc-default-executor-7] INFO  leader.FollowerInfo (FollowerInfoImpl.java:lambda$new$0(48)) - f73d43d0-b19f-4135-8753-89f8dbf44938@group-32E0B9496391->7e0f7051-7df6-4c7d-992e-efcf57e991e1: nextIndex: updateUnconditionally 9 -> 8
2023-01-26 20:31:37,366 [f73d43d0-b19f-4135-8753-89f8dbf44938@group-E6729A0FA6AF-StateMachineUpdater] INFO  ratis.ContainerStateMachine (ContainerStateMachine.java:takeSnapshot(319)) - group-E6729A0FA6AF: Finished taking a snapshot at:(t:2, i:22) file:/home/runner/work/ozone/ozone/hadoop-ozone/integration-test/target/test-dir/MiniOzoneClusterImpl-83fec8cd-5b22-4757-ae00-8ce138a916fc/datanode-2/data/ratis/ab16cabc-b199-41c2-a545-e6729a0fa6af/sm/snapshot.2_22 took: 4 ms
2023-01-26 20:31:37,366 [f73d43d0-b19f-4135-8753-89f8dbf44938-impl-thread1] INFO  impl.StateMachineUpdater (StateMachineUpdater.java:stopAndJoin(153)) - f73d43d0-b19f-4135-8753-89f8dbf44938@group-32E0B9496391-StateMachineUpdater: set stopIndex = 8
2023-01-26 20:31:37,366 [grpc-default-executor-0] WARN  server.GrpcServerProtocolService (LogUtils.java:warn(122)) - f73d43d0-b19f-4135-8753-89f8dbf44938: installSnapshot onError, lastRequest: 33ea618b-d9cc-459d-a0c4-e4ecfab2c991->f73d43d0-b19f-4135-8753-89f8dbf44938#261-t2,previous=(t:2, i:21),leaderCommit=20,initializing? true,entries: size=1, first=(t:2, i:22), METADATAENTRY(c:20): org.apache.ratis.thirdparty.io.grpc.StatusRuntimeException: CANCELLED: client cancelled
2023-01-26 20:31:37,380 [f73d43d0-b19f-4135-8753-89f8dbf44938@group-5EB2E6047A55-StateMachineUpdater] INFO  ratis.ContainerStateMachine (ContainerStateMachine.java:takeSnapshot(319)) - group-5EB2E6047A55: Finished taking a snapshot at:(t:1, i:0) file:/home/runner/work/ozone/ozone/hadoop-ozone/integration-test/target/test-dir/MiniOzoneClusterImpl-83fec8cd-5b22-4757-ae00-8ce138a916fc/datanode-2/data/ratis/c94d90e5-62af-4a23-966b-5eb2e6047a55/sm/snapshot.1_0 took: 1 ms
2023-01-26 20:31:37,378 [ForkJoinPool.commonPool-worker-1] INFO  server.RaftServer (RaftServerProxy.java:lambda$close$6(409)) - 7e0f7051-7df6-4c7d-992e-efcf57e991e1: close
2023-01-26 20:31:37,380 [f73d43d0-b19f-4135-8753-89f8dbf44938@group-5EB2E6047A55-StateMachineUpdater] INFO  impl.StateMachineUpdater (StateMachineUpdater.java:takeSnapshot(287)) - f73d43d0-b19f-4135-8753-89f8dbf44938@group-5EB2E6047A55-StateMachineUpdater: Took a snapshot at index 0
2023-01-26 20:31:37,380 [f73d43d0-b19f-4135-8753-89f8dbf44938@group-5EB2E6047A55-StateMachineUpdater] INFO  impl.StateMachineUpdater (StateMachineUpdater.java:lambda$new$0(92)) - f73d43d0-b19f-4135-8753-89f8dbf44938@group-5EB2E6047A55-StateMachineUpdater: snapshotIndex: updateIncreasingly -1 -> 0
2023-01-26 20:31:37,377 [grpc-default-executor-3] INFO  server.GrpcLogAppender (GrpcLogAppender.java:onCompleted(415)) - f73d43d0-b19f-4135-8753-89f8dbf44938@group-32E0B9496391->33ea618b-d9cc-459d-a0c4-e4ecfab2c991-AppendLogResponseHandler: follower responses appendEntries COMPLETED
2023-01-26 20:31:37,380 [grpc-default-executor-3] WARN  server.GrpcLogAppender (GrpcLogAppender.java:resetClient(137)) - f73d43d0-b19f-4135-8753-89f8dbf44938@group-32E0B9496391->33ea618b-d9cc-459d-a0c4-e4ecfab2c991-GrpcLogAppender: Failed to getClient for 33ea618b-d9cc-459d-a0c4-e4ecfab2c991
org.apache.ratis.protocol.exceptions.AlreadyClosedException: f73d43d0-b19f-4135-8753-89f8dbf44938 is already CLOSED
	at org.apache.ratis.util.PeerProxyMap$PeerAndProxy.getProxy(PeerProxyMap.java:61)
	at org.apache.ratis.util.PeerProxyMap.getProxy(PeerProxyMap.java:115)
	at org.apache.ratis.grpc.server.GrpcLogAppender.getClient(GrpcLogAppender.java:116)
	at org.apache.ratis.grpc.server.GrpcLogAppender.resetClient(GrpcLogAppender.java:121)
	at org.apache.ratis.grpc.server.GrpcLogAppender.access$500(GrpcLogAppender.java:58)
	at org.apache.ratis.grpc.server.GrpcLogAppender$AppendLogResponseHandler.onCompleted(GrpcLogAppender.java:416)
	at org.apache.ratis.thirdparty.io.grpc.stub.ClientCalls$StreamObserverToCallListenerAdapter.onClose(ClientCalls.java:485)
	at org.apache.ratis.thirdparty.io.grpc.internal.DelayedClientCall$DelayedListener$3.run(DelayedClientCall.java:468)
	at org.apache.ratis.thirdparty.io.grpc.internal.DelayedClientCall$DelayedListener.delayOrExecute(DelayedClientCall.java:432)
	at org.apache.ratis.thirdparty.io.grpc.internal.DelayedClientCall$DelayedListener.onClose(DelayedClientCall.java:465)
	at org.apache.ratis.thirdparty.io.grpc.internal.ClientCallImpl.closeObserver(ClientCallImpl.java:562)
	at org.apache.ratis.thirdparty.io.grpc.internal.ClientCallImpl.access$300(ClientCallImpl.java:70)
	at org.apache.ratis.thirdparty.io.grpc.internal.ClientCallImpl$ClientStreamListenerImpl$1StreamClosed.runInternal(ClientCallImpl.java:743)
	at org.apache.ratis.thirdparty.io.grpc.internal.ClientCallImpl$ClientStreamListenerImpl$1StreamClosed.runInContext(ClientCallImpl.java:722)
	at org.apache.ratis.thirdparty.io.grpc.internal.ContextRunnable.run(ContextRunnable.java:37)
	at org.apache.ratis.thirdparty.io.grpc.internal.SerializingExecutor.run(SerializingExecutor.java:133)
	at java.util.concurrent.ThreadPoolExecutor.runWorker(ThreadPoolExecutor.java:1149)
	at java.util.concurrent.ThreadPoolExecutor$Worker.run(ThreadPoolExecutor.java:624)
	at java.lang.Thread.run(Thread.java:750)
2023-01-26 20:31:37,380 [7e0f7051-7df6-4c7d-992e-efcf57e991e1-impl-thread1] INFO  server.RaftServer$Division (RaftServerImpl.java:lambda$close$4(458)) - 7e0f7051-7df6-4c7d-992e-efcf57e991e1@group-32E0B9496391: shutdown
2023-01-26 20:31:37,380 [f73d43d0-b19f-4135-8753-89f8dbf44938@group-32E0B9496391-StateMachineUpdater] INFO  ratis.ContainerStateMachine (ContainerStateMachine.java:takeSnapshot(319)) - group-32E0B9496391: Finished taking a snapshot at:(t:2, i:8) file:/home/runner/work/ozone/ozone/hadoop-ozone/integration-test/target/test-dir/MiniOzoneClusterImpl-83fec8cd-5b22-4757-ae00-8ce138a916fc/datanode-2/data/ratis/af9cd81b-d647-4be4-b219-32e0b9496391/sm/snapshot.2_8 took: 13 ms
2023-01-26 20:31:37,381 [f73d43d0-b19f-4135-8753-89f8dbf44938@group-32E0B9496391-StateMachineUpdater] INFO  impl.StateMachineUpdater (StateMachineUpdater.java:takeSnapshot(287)) - f73d43d0-b19f-4135-8753-89f8dbf44938@group-32E0B9496391-StateMachineUpdater: Took a snapshot at index 8
2023-01-26 20:31:37,381 [grpc-default-executor-0] INFO  server.GrpcLogAppender (GrpcLogAppender.java:onCompleted(415)) - f73d43d0-b19f-4135-8753-89f8dbf44938@group-32E0B9496391->33ea618b-d9cc-459d-a0c4-e4ecfab2c991-AppendLogResponseHandler: follower responses appendEntries COMPLETED
2023-01-26 20:31:37,381 [grpc-default-executor-0] WARN  server.GrpcLogAppender (GrpcLogAppender.java:resetClient(137)) - f73d43d0-b19f-4135-8753-89f8dbf44938@group-32E0B9496391->33ea618b-d9cc-459d-a0c4-e4ecfab2c991-GrpcLogAppender: Failed to getClient for 33ea618b-d9cc-459d-a0c4-e4ecfab2c991
org.apache.ratis.protocol.exceptions.AlreadyClosedException: f73d43d0-b19f-4135-8753-89f8dbf44938 is already CLOSED
	at org.apache.ratis.util.PeerProxyMap$PeerAndProxy.getProxy(PeerProxyMap.java:61)
	at org.apache.ratis.util.PeerProxyMap.getProxy(PeerProxyMap.java:115)
	at org.apache.ratis.grpc.server.GrpcLogAppender.getClient(GrpcLogAppender.java:116)
	at org.apache.ratis.grpc.server.GrpcLogAppender.resetClient(GrpcLogAppender.java:121)
	at org.apache.ratis.grpc.server.GrpcLogAppender.access$500(GrpcLogAppender.java:58)
	at org.apache.ratis.grpc.server.GrpcLogAppender$AppendLogResponseHandler.onCompleted(GrpcLogAppender.java:416)
	at org.apache.ratis.thirdparty.io.grpc.stub.ClientCalls$StreamObserverToCallListenerAdapter.onClose(ClientCalls.java:485)
	at org.apache.ratis.thirdparty.io.grpc.internal.ClientCallImpl.closeObserver(ClientCallImpl.java:562)
	at org.apache.ratis.thirdparty.io.grpc.internal.ClientCallImpl.access$300(ClientCallImpl.java:70)
	at org.apache.ratis.thirdparty.io.grpc.internal.ClientCallImpl$ClientStreamListenerImpl$1StreamClosed.runInternal(ClientCallImpl.java:743)
	at org.apache.ratis.thirdparty.io.grpc.internal.ClientCallImpl$ClientStreamListenerImpl$1StreamClosed.runInContext(ClientCallImpl.java:722)
	at org.apache.ratis.thirdparty.io.grpc.internal.ContextRunnable.run(ContextRunnable.java:37)
	at org.apache.ratis.thirdparty.io.grpc.internal.SerializingExecutor.run(SerializingExecutor.java:133)
	at java.util.concurrent.ThreadPoolExecutor.runWorker(ThreadPoolExecutor.java:1149)
	at java.util.concurrent.ThreadPoolExecutor$Worker.run(ThreadPoolExecutor.java:624)
	at java.lang.Thread.run(Thread.java:750)
2023-01-26 20:31:37,380 [f73d43d0-b19f-4135-8753-89f8dbf44938-impl-thread3] INFO  server.RaftServer$Division (ServerState.java:close(466)) - f73d43d0-b19f-4135-8753-89f8dbf44938@group-5EB2E6047A55: closes. applyIndex: 0
2023-01-26 20:31:37,380 [7e0f7051-7df6-4c7d-992e-efcf57e991e1-impl-thread1] INFO  util.JmxRegister (JmxRegister.java:unregister(73)) - Successfully un-registered JMX Bean with object name Ratis:service=RaftServer,group=group-32E0B9496391,id=7e0f7051-7df6-4c7d-992e-efcf57e991e1
2023-01-26 20:31:37,381 [7e0f7051-7df6-4c7d-992e-efcf57e991e1-impl-thread1] INFO  impl.RoleInfo (RoleInfo.java:shutdownFollowerState(110)) - 7e0f7051-7df6-4c7d-992e-efcf57e991e1: shutdown 7e0f7051-7df6-4c7d-992e-efcf57e991e1@group-32E0B9496391-FollowerState
2023-01-26 20:31:37,380 [f73d43d0-b19f-4135-8753-89f8dbf44938@group-E6729A0FA6AF-StateMachineUpdater] INFO  impl.StateMachineUpdater (StateMachineUpdater.java:takeSnapshot(287)) - f73d43d0-b19f-4135-8753-89f8dbf44938@group-E6729A0FA6AF-StateMachineUpdater: Took a snapshot at index 22
2023-01-26 20:31:37,381 [7e0f7051-7df6-4c7d-992e-efcf57e991e1@group-32E0B9496391-FollowerState] INFO  impl.FollowerState (FollowerState.java:run(152)) - 7e0f7051-7df6-4c7d-992e-efcf57e991e1@group-32E0B9496391-FollowerState was interrupted
2023-01-26 20:31:37,381 [7e0f7051-7df6-4c7d-992e-efcf57e991e1-impl-thread1] INFO  impl.StateMachineUpdater (StateMachineUpdater.java:stopAndJoin(153)) - 7e0f7051-7df6-4c7d-992e-efcf57e991e1@group-32E0B9496391-StateMachineUpdater: set stopIndex = 8
2023-01-26 20:31:37,381 [f73d43d0-b19f-4135-8753-89f8dbf44938@group-5EB2E6047A55-SegmentedRaftLogWorker] INFO  segmented.SegmentedRaftLogWorker (SegmentedRaftLogWorker.java:run(347)) - f73d43d0-b19f-4135-8753-89f8dbf44938@group-5EB2E6047A55-SegmentedRaftLogWorker was interrupted, exiting. There are 0 tasks remaining in the queue.
2023-01-26 20:31:37,381 [7e0f7051-7df6-4c7d-992e-efcf57e991e1-impl-thread3] INFO  server.RaftServer$Division (RaftServerImpl.java:lambda$close$4(458)) - 7e0f7051-7df6-4c7d-992e-efcf57e991e1@group-E6729A0FA6AF: shutdown
2023-01-26 20:31:37,381 [ForkJoinPool.commonPool-worker-1] INFO  server.GrpcService (GrpcService.java:closeImpl(271)) - 7e0f7051-7df6-4c7d-992e-efcf57e991e1: shutdown server GrpcServerProtocolService now
2023-01-26 20:31:37,381 [7e0f7051-7df6-4c7d-992e-efcf57e991e1-impl-thread2] INFO  server.RaftServer$Division (RaftServerImpl.java:lambda$close$4(458)) - 7e0f7051-7df6-4c7d-992e-efcf57e991e1@group-F21455778337: shutdown
2023-01-26 20:31:37,381 [f73d43d0-b19f-4135-8753-89f8dbf44938@group-32E0B9496391-StateMachineUpdater] INFO  impl.StateMachineUpdater (StateMachineUpdater.java:lambda$new$0(92)) - f73d43d0-b19f-4135-8753-89f8dbf44938@group-32E0B9496391-StateMachineUpdater: snapshotIndex: updateIncreasingly -1 -> 8
2023-01-26 20:31:37,381 [grpc-default-executor-3] INFO  server.GrpcLogAppender (GrpcLogAppender.java:onCompleted(415)) - f73d43d0-b19f-4135-8753-89f8dbf44938@group-32E0B9496391->7e0f7051-7df6-4c7d-992e-efcf57e991e1-AppendLogResponseHandler: follower responses appendEntries COMPLETED
2023-01-26 20:31:37,382 [grpc-default-executor-3] INFO  leader.FollowerInfo (FollowerInfoImpl.java:lambda$new$0(48)) - f73d43d0-b19f-4135-8753-89f8dbf44938@group-32E0B9496391->7e0f7051-7df6-4c7d-992e-efcf57e991e1: nextIndex: updateUnconditionally 8 -> 7
2023-01-26 20:31:37,382 [f73d43d0-b19f-4135-8753-89f8dbf44938-impl-thread1] INFO  server.RaftServer$Division (ServerState.java:close(466)) - f73d43d0-b19f-4135-8753-89f8dbf44938@group-32E0B9496391: closes. applyIndex: 8
2023-01-26 20:31:37,382 [f73d43d0-b19f-4135-8753-89f8dbf44938@group-32E0B9496391-SegmentedRaftLogWorker] INFO  segmented.SegmentedRaftLogWorker (SegmentedRaftLogWorker.java:run(347)) - f73d43d0-b19f-4135-8753-89f8dbf44938@group-32E0B9496391-SegmentedRaftLogWorker was interrupted, exiting. There are 0 tasks remaining in the queue.
2023-01-26 20:31:37,381 [7e0f7051-7df6-4c7d-992e-efcf57e991e1@group-32E0B9496391-StateMachineUpdater] INFO  ratis.ContainerStateMachine (ContainerStateMachine.java:takeSnapshot(308)) - group-32E0B9496391: Taking a snapshot at:(t:2, i:8) file /home/runner/work/ozone/ozone/hadoop-ozone/integration-test/target/test-dir/MiniOzoneClusterImpl-83fec8cd-5b22-4757-ae00-8ce138a916fc/datanode-1/data/ratis/af9cd81b-d647-4be4-b219-32e0b9496391/sm/snapshot.2_8
2023-01-26 20:31:37,387 [f73d43d0-b19f-4135-8753-89f8dbf44938-impl-thread3] INFO  segmented.SegmentedRaftLogWorker (SegmentedRaftLogWorker.java:close(257)) - f73d43d0-b19f-4135-8753-89f8dbf44938@group-5EB2E6047A55-SegmentedRaftLogWorker close()
2023-01-26 20:31:37,381 [f73d43d0-b19f-4135-8753-89f8dbf44938@group-E6729A0FA6AF-StateMachineUpdater] INFO  impl.StateMachineUpdater (StateMachineUpdater.java:lambda$new$0(92)) - f73d43d0-b19f-4135-8753-89f8dbf44938@group-E6729A0FA6AF-StateMachineUpdater: snapshotIndex: updateIncreasingly -1 -> 22
2023-01-26 20:31:37,387 [f73d43d0-b19f-4135-8753-89f8dbf44938-impl-thread2] INFO  server.RaftServer$Division (ServerState.java:close(466)) - f73d43d0-b19f-4135-8753-89f8dbf44938@group-E6729A0FA6AF: closes. applyIndex: 22
2023-01-26 20:31:37,387 [f73d43d0-b19f-4135-8753-89f8dbf44938@group-E6729A0FA6AF-SegmentedRaftLogWorker] INFO  segmented.SegmentedRaftLogWorker (SegmentedRaftLogWorker.java:run(347)) - f73d43d0-b19f-4135-8753-89f8dbf44938@group-E6729A0FA6AF-SegmentedRaftLogWorker was interrupted, exiting. There are 0 tasks remaining in the queue.
2023-01-26 20:31:37,388 [grpc-default-executor-1] WARN  server.GrpcServerProtocolService (LogUtils.java:warn(122)) - 7e0f7051-7df6-4c7d-992e-efcf57e991e1: installSnapshot onError, lastRequest: null: org.apache.ratis.thirdparty.io.grpc.StatusRuntimeException: CANCELLED: client cancelled
2023-01-26 20:31:37,388 [7e0f7051-7df6-4c7d-992e-efcf57e991e1@group-32E0B9496391-StateMachineUpdater] INFO  ratis.ContainerStateMachine (ContainerStateMachine.java:takeSnapshot(319)) - group-32E0B9496391: Finished taking a snapshot at:(t:2, i:8) file:/home/runner/work/ozone/ozone/hadoop-ozone/integration-test/target/test-dir/MiniOzoneClusterImpl-83fec8cd-5b22-4757-ae00-8ce138a916fc/datanode-1/data/ratis/af9cd81b-d647-4be4-b219-32e0b9496391/sm/snapshot.2_8 took: 7 ms
2023-01-26 20:31:37,388 [7e0f7051-7df6-4c7d-992e-efcf57e991e1@group-32E0B9496391-StateMachineUpdater] INFO  impl.StateMachineUpdater (StateMachineUpdater.java:takeSnapshot(287)) - 7e0f7051-7df6-4c7d-992e-efcf57e991e1@group-32E0B9496391-StateMachineUpdater: Took a snapshot at index 8
2023-01-26 20:31:37,388 [7e0f7051-7df6-4c7d-992e-efcf57e991e1@group-32E0B9496391-StateMachineUpdater] INFO  impl.StateMachineUpdater (StateMachineUpdater.java:lambda$new$0(92)) - 7e0f7051-7df6-4c7d-992e-efcf57e991e1@group-32E0B9496391-StateMachineUpdater: snapshotIndex: updateIncreasingly -1 -> 8
2023-01-26 20:31:37,388 [7e0f7051-7df6-4c7d-992e-efcf57e991e1-impl-thread1] INFO  server.RaftServer$Division (ServerState.java:close(466)) - 7e0f7051-7df6-4c7d-992e-efcf57e991e1@group-32E0B9496391: closes. applyIndex: 8
2023-01-26 20:31:37,388 [7e0f7051-7df6-4c7d-992e-efcf57e991e1@group-32E0B9496391-SegmentedRaftLogWorker] INFO  segmented.SegmentedRaftLogWorker (SegmentedRaftLogWorker.java:run(347)) - 7e0f7051-7df6-4c7d-992e-efcf57e991e1@group-32E0B9496391-SegmentedRaftLogWorker was interrupted, exiting. There are 0 tasks remaining in the queue.
2023-01-26 20:31:37,392 [7e0f7051-7df6-4c7d-992e-efcf57e991e1-impl-thread2] INFO  util.JmxRegister (JmxRegister.java:unregister(73)) - Successfully un-registered JMX Bean with object name Ratis:service=RaftServer,group=group-F21455778337,id=7e0f7051-7df6-4c7d-992e-efcf57e991e1
2023-01-26 20:31:37,392 [7e0f7051-7df6-4c7d-992e-efcf57e991e1-impl-thread2] INFO  impl.RoleInfo (RoleInfo.java:shutdownLeaderState(93)) - 7e0f7051-7df6-4c7d-992e-efcf57e991e1: shutdown 7e0f7051-7df6-4c7d-992e-efcf57e991e1@group-F21455778337-LeaderStateImpl
2023-01-26 20:31:37,392 [7e0f7051-7df6-4c7d-992e-efcf57e991e1-impl-thread3] INFO  util.JmxRegister (JmxRegister.java:unregister(73)) - Successfully un-registered JMX Bean with object name Ratis:service=RaftServer,group=group-E6729A0FA6AF,id=7e0f7051-7df6-4c7d-992e-efcf57e991e1
2023-01-26 20:31:37,392 [7e0f7051-7df6-4c7d-992e-efcf57e991e1-impl-thread2] INFO  impl.PendingRequests (PendingRequests.java:sendNotLeaderResponses(282)) - 7e0f7051-7df6-4c7d-992e-efcf57e991e1@group-F21455778337-PendingRequests: sendNotLeaderResponses
2023-01-26 20:31:37,393 [7e0f7051-7df6-4c7d-992e-efcf57e991e1@group-F21455778337-StateMachineUpdater] INFO  ratis.ContainerStateMachine (ContainerStateMachine.java:takeSnapshot(308)) - group-F21455778337: Taking a snapshot at:(t:1, i:0) file /home/runner/work/ozone/ozone/hadoop-ozone/integration-test/target/test-dir/MiniOzoneClusterImpl-83fec8cd-5b22-4757-ae00-8ce138a916fc/datanode-1/data/ratis/205a0ba4-f5a3-4d7f-aa13-f21455778337/sm/snapshot.1_0
2023-01-26 20:31:37,393 [7e0f7051-7df6-4c7d-992e-efcf57e991e1-impl-thread2] INFO  impl.StateMachineUpdater (StateMachineUpdater.java:stopAndJoin(153)) - 7e0f7051-7df6-4c7d-992e-efcf57e991e1@group-F21455778337-StateMachineUpdater: set stopIndex = 0
2023-01-26 20:31:37,392 [7e0f7051-7df6-4c7d-992e-efcf57e991e1-impl-thread3] INFO  impl.RoleInfo (RoleInfo.java:shutdownFollowerState(110)) - 7e0f7051-7df6-4c7d-992e-efcf57e991e1: shutdown 7e0f7051-7df6-4c7d-992e-efcf57e991e1@group-E6729A0FA6AF-FollowerState
2023-01-26 20:31:37,394 [7e0f7051-7df6-4c7d-992e-efcf57e991e1@group-E6729A0FA6AF-FollowerState] INFO  impl.FollowerState (FollowerState.java:run(152)) - 7e0f7051-7df6-4c7d-992e-efcf57e991e1@group-E6729A0FA6AF-FollowerState was interrupted
2023-01-26 20:31:37,394 [7e0f7051-7df6-4c7d-992e-efcf57e991e1-impl-thread3] INFO  impl.StateMachineUpdater (StateMachineUpdater.java:stopAndJoin(153)) - 7e0f7051-7df6-4c7d-992e-efcf57e991e1@group-E6729A0FA6AF-StateMachineUpdater: set stopIndex = 22
2023-01-26 20:31:37,394 [7e0f7051-7df6-4c7d-992e-efcf57e991e1@group-E6729A0FA6AF-StateMachineUpdater] INFO  ratis.ContainerStateMachine (ContainerStateMachine.java:takeSnapshot(308)) - group-E6729A0FA6AF: Taking a snapshot at:(t:2, i:22) file /home/runner/work/ozone/ozone/hadoop-ozone/integration-test/target/test-dir/MiniOzoneClusterImpl-83fec8cd-5b22-4757-ae00-8ce138a916fc/datanode-1/data/ratis/ab16cabc-b199-41c2-a545-e6729a0fa6af/sm/snapshot.2_22
2023-01-26 20:31:37,394 [7e0f7051-7df6-4c7d-992e-efcf57e991e1@group-F21455778337-StateMachineUpdater] INFO  ratis.ContainerStateMachine (ContainerStateMachine.java:takeSnapshot(319)) - group-F21455778337: Finished taking a snapshot at:(t:1, i:0) file:/home/runner/work/ozone/ozone/hadoop-ozone/integration-test/target/test-dir/MiniOzoneClusterImpl-83fec8cd-5b22-4757-ae00-8ce138a916fc/datanode-1/data/ratis/205a0ba4-f5a3-4d7f-aa13-f21455778337/sm/snapshot.1_0 took: 1 ms
2023-01-26 20:31:37,394 [7e0f7051-7df6-4c7d-992e-efcf57e991e1@group-F21455778337-StateMachineUpdater] INFO  impl.StateMachineUpdater (StateMachineUpdater.java:takeSnapshot(287)) - 7e0f7051-7df6-4c7d-992e-efcf57e991e1@group-F21455778337-StateMachineUpdater: Took a snapshot at index 0
2023-01-26 20:31:37,394 [7e0f7051-7df6-4c7d-992e-efcf57e991e1@group-F21455778337-StateMachineUpdater] INFO  impl.StateMachineUpdater (StateMachineUpdater.java:lambda$new$0(92)) - 7e0f7051-7df6-4c7d-992e-efcf57e991e1@group-F21455778337-StateMachineUpdater: snapshotIndex: updateIncreasingly -1 -> 0
2023-01-26 20:31:37,394 [7e0f7051-7df6-4c7d-992e-efcf57e991e1-impl-thread2] INFO  server.RaftServer$Division (ServerState.java:close(466)) - 7e0f7051-7df6-4c7d-992e-efcf57e991e1@group-F21455778337: closes. applyIndex: 0
2023-01-26 20:31:37,395 [7e0f7051-7df6-4c7d-992e-efcf57e991e1@group-F21455778337-SegmentedRaftLogWorker] INFO  segmented.SegmentedRaftLogWorker (SegmentedRaftLogWorker.java:run(347)) - 7e0f7051-7df6-4c7d-992e-efcf57e991e1@group-F21455778337-SegmentedRaftLogWorker was interrupted, exiting. There are 0 tasks remaining in the queue.
2023-01-26 20:31:37,395 [7e0f7051-7df6-4c7d-992e-efcf57e991e1@group-E6729A0FA6AF-StateMachineUpdater] INFO  ratis.ContainerStateMachine (ContainerStateMachine.java:takeSnapshot(319)) - group-E6729A0FA6AF: Finished taking a snapshot at:(t:2, i:22) file:/home/runner/work/ozone/ozone/hadoop-ozone/integration-test/target/test-dir/MiniOzoneClusterImpl-83fec8cd-5b22-4757-ae00-8ce138a916fc/datanode-1/data/ratis/ab16cabc-b199-41c2-a545-e6729a0fa6af/sm/snapshot.2_22 took: 1 ms
2023-01-26 20:31:37,395 [7e0f7051-7df6-4c7d-992e-efcf57e991e1@group-E6729A0FA6AF-StateMachineUpdater] INFO  impl.StateMachineUpdater (StateMachineUpdater.java:takeSnapshot(287)) - 7e0f7051-7df6-4c7d-992e-efcf57e991e1@group-E6729A0FA6AF-StateMachineUpdater: Took a snapshot at index 22
2023-01-26 20:31:37,395 [7e0f7051-7df6-4c7d-992e-efcf57e991e1@group-E6729A0FA6AF-StateMachineUpdater] INFO  impl.StateMachineUpdater (StateMachineUpdater.java:lambda$new$0(92)) - 7e0f7051-7df6-4c7d-992e-efcf57e991e1@group-E6729A0FA6AF-StateMachineUpdater: snapshotIndex: updateIncreasingly -1 -> 22
2023-01-26 20:31:37,395 [7e0f7051-7df6-4c7d-992e-efcf57e991e1-impl-thread3] INFO  server.RaftServer$Division (ServerState.java:close(466)) - 7e0f7051-7df6-4c7d-992e-efcf57e991e1@group-E6729A0FA6AF: closes. applyIndex: 22
2023-01-26 20:31:37,396 [7e0f7051-7df6-4c7d-992e-efcf57e991e1@group-E6729A0FA6AF-SegmentedRaftLogWorker] INFO  segmented.SegmentedRaftLogWorker (SegmentedRaftLogWorker.java:run(347)) - 7e0f7051-7df6-4c7d-992e-efcf57e991e1@group-E6729A0FA6AF-SegmentedRaftLogWorker was interrupted, exiting. There are 0 tasks remaining in the queue.
2023-01-26 20:31:37,398 [ForkJoinPool.commonPool-worker-1] INFO  server.GrpcServerProtocolClient (GrpcServerProtocolClient.java:close(101)) - 33ea618b-d9cc-459d-a0c4-e4ecfab2c991 Close channels
2023-01-26 20:31:37,398 [f73d43d0-b19f-4135-8753-89f8dbf44938-impl-thread1] INFO  segmented.SegmentedRaftLogWorker (SegmentedRaftLogWorker.java:close(257)) - f73d43d0-b19f-4135-8753-89f8dbf44938@group-32E0B9496391-SegmentedRaftLogWorker close()
2023-01-26 20:31:37,398 [f73d43d0-b19f-4135-8753-89f8dbf44938-impl-thread2] INFO  segmented.SegmentedRaftLogWorker (SegmentedRaftLogWorker.java:close(257)) - f73d43d0-b19f-4135-8753-89f8dbf44938@group-E6729A0FA6AF-SegmentedRaftLogWorker close()
2023-01-26 20:31:37,398 [Listener at 127.0.0.1/37459] INFO  server.GrpcServerProtocolClient (GrpcServerProtocolClient.java:close(101)) - 7e0f7051-7df6-4c7d-992e-efcf57e991e1 Close channels
2023-01-26 20:31:37,398 [grpc-default-executor-2] WARN  server.GrpcServerProtocolService (LogUtils.java:warn(122)) - 7e0f7051-7df6-4c7d-992e-efcf57e991e1: installSnapshot onError, lastRequest: 33ea618b-d9cc-459d-a0c4-e4ecfab2c991->7e0f7051-7df6-4c7d-992e-efcf57e991e1#270-t2,previous=(t:2, i:21),leaderCommit=20,initializing? true,entries: size=1, first=(t:2, i:22), METADATAENTRY(c:20): org.apache.ratis.thirdparty.io.grpc.StatusRuntimeException: CANCELLED: client cancelled
2023-01-26 20:31:37,404 [7e0f7051-7df6-4c7d-992e-efcf57e991e1-impl-thread1] INFO  segmented.SegmentedRaftLogWorker (SegmentedRaftLogWorker.java:close(257)) - 7e0f7051-7df6-4c7d-992e-efcf57e991e1@group-32E0B9496391-SegmentedRaftLogWorker close()
2023-01-26 20:31:37,405 [7e0f7051-7df6-4c7d-992e-efcf57e991e1-impl-thread2] INFO  segmented.SegmentedRaftLogWorker (SegmentedRaftLogWorker.java:close(257)) - 7e0f7051-7df6-4c7d-992e-efcf57e991e1@group-F21455778337-SegmentedRaftLogWorker close()
2023-01-26 20:31:37,405 [grpc-default-executor-5] WARN  server.GrpcLogAppender (LogUtils.java:warn(122)) - 33ea618b-d9cc-459d-a0c4-e4ecfab2c991@group-E6729A0FA6AF->f73d43d0-b19f-4135-8753-89f8dbf44938-AppendLogResponseHandler: Failed appendEntries: org.apache.ratis.thirdparty.io.grpc.StatusRuntimeException: UNAVAILABLE: io exception
2023-01-26 20:31:37,405 [7e0f7051-7df6-4c7d-992e-efcf57e991e1-impl-thread3] INFO  segmented.SegmentedRaftLogWorker (SegmentedRaftLogWorker.java:close(257)) - 7e0f7051-7df6-4c7d-992e-efcf57e991e1@group-E6729A0FA6AF-SegmentedRaftLogWorker close()
2023-01-26 20:31:37,405 [grpc-default-executor-5] INFO  leader.FollowerInfo (FollowerInfoImpl.java:lambda$new$0(48)) - 33ea618b-d9cc-459d-a0c4-e4ecfab2c991@group-E6729A0FA6AF->f73d43d0-b19f-4135-8753-89f8dbf44938: nextIndex: updateUnconditionally 22 -> 21
2023-01-26 20:31:37,410 [grpc-default-executor-5] WARN  server.GrpcLogAppender (LogUtils.java:warn(122)) - 33ea618b-d9cc-459d-a0c4-e4ecfab2c991@group-E6729A0FA6AF->7e0f7051-7df6-4c7d-992e-efcf57e991e1-AppendLogResponseHandler: Failed appendEntries: org.apache.ratis.thirdparty.io.grpc.StatusRuntimeException: CANCELLED: RST_STREAM closed stream. HTTP/2 error code: CANCEL
2023-01-26 20:31:37,410 [grpc-default-executor-5] INFO  leader.FollowerInfo (FollowerInfoImpl.java:lambda$new$0(48)) - 33ea618b-d9cc-459d-a0c4-e4ecfab2c991@group-E6729A0FA6AF->7e0f7051-7df6-4c7d-992e-efcf57e991e1: nextIndex: updateUnconditionally 23 -> 22
2023-01-26 20:31:37,412 [grpc-default-executor-2] WARN  server.GrpcLogAppender (LogUtils.java:warn(122)) - 33ea618b-d9cc-459d-a0c4-e4ecfab2c991@group-E6729A0FA6AF->7e0f7051-7df6-4c7d-992e-efcf57e991e1-AppendLogResponseHandler: Failed appendEntries: org.apache.ratis.thirdparty.io.grpc.StatusRuntimeException: CANCELLED: RST_STREAM closed stream. HTTP/2 error code: CANCEL
2023-01-26 20:31:37,412 [grpc-default-executor-2] INFO  leader.FollowerInfo (FollowerInfoImpl.java:lambda$new$0(48)) - 33ea618b-d9cc-459d-a0c4-e4ecfab2c991@group-E6729A0FA6AF->7e0f7051-7df6-4c7d-992e-efcf57e991e1: nextIndex: updateUnconditionally 22 -> 21
2023-01-26 20:31:37,412 [grpc-default-executor-2] WARN  server.GrpcLogAppender (LogUtils.java:warn(122)) - 33ea618b-d9cc-459d-a0c4-e4ecfab2c991@group-E6729A0FA6AF->f73d43d0-b19f-4135-8753-89f8dbf44938-AppendLogResponseHandler: Failed appendEntries: org.apache.ratis.thirdparty.io.grpc.StatusRuntimeException: UNAVAILABLE: io exception
2023-01-26 20:31:37,412 [ForkJoinPool.commonPool-worker-1] INFO  server.GrpcServerProtocolClient (GrpcServerProtocolClient.java:close(101)) - f73d43d0-b19f-4135-8753-89f8dbf44938 Close channels
2023-01-26 20:31:37,412 [ForkJoinPool.commonPool-worker-1] INFO  server.GrpcService (GrpcService.java:closeImpl(280)) - 7e0f7051-7df6-4c7d-992e-efcf57e991e1: shutdown server GrpcServerProtocolService successfully
2023-01-26 20:31:37,412 [7e0f7051-7df6-4c7d-992e-efcf57e991e1-NettyServerStreamRpc-bossGroup--thread1] INFO  logging.LoggingHandler (AbstractInternalLogger.java:log(148)) - [id: 0xa443cc05, L:/0:0:0:0:0:0:0:0:38183] CLOSE
2023-01-26 20:31:37,413 [7e0f7051-7df6-4c7d-992e-efcf57e991e1-NettyServerStreamRpc-bossGroup--thread1] INFO  logging.LoggingHandler (AbstractInternalLogger.java:log(148)) - [id: 0xa443cc05, L:/0:0:0:0:0:0:0:0:38183] INACTIVE
2023-01-26 20:31:37,413 [7e0f7051-7df6-4c7d-992e-efcf57e991e1-NettyServerStreamRpc-bossGroup--thread1] INFO  logging.LoggingHandler (AbstractInternalLogger.java:log(148)) - [id: 0xa443cc05, L:/0:0:0:0:0:0:0:0:38183] UNREGISTERED
2023-01-26 20:31:37,412 [Listener at 127.0.0.1/37459] INFO  server.GrpcService (GrpcService.java:closeImpl(280)) - f73d43d0-b19f-4135-8753-89f8dbf44938: shutdown server GrpcServerProtocolService successfully
2023-01-26 20:31:37,413 [f73d43d0-b19f-4135-8753-89f8dbf44938-NettyServerStreamRpc-bossGroup--thread1] INFO  logging.LoggingHandler (AbstractInternalLogger.java:log(148)) - [id: 0xd865be02, L:/0:0:0:0:0:0:0:0:41077] CLOSE
2023-01-26 20:31:37,413 [f73d43d0-b19f-4135-8753-89f8dbf44938-NettyServerStreamRpc-bossGroup--thread1] INFO  logging.LoggingHandler (AbstractInternalLogger.java:log(148)) - [id: 0xd865be02, L:/0:0:0:0:0:0:0:0:41077] INACTIVE
2023-01-26 20:31:37,413 [f73d43d0-b19f-4135-8753-89f8dbf44938-NettyServerStreamRpc-bossGroup--thread1] INFO  logging.LoggingHandler (AbstractInternalLogger.java:log(148)) - [id: 0xd865be02, L:/0:0:0:0:0:0:0:0:41077] UNREGISTERED
2023-01-26 20:31:37,413 [grpc-default-executor-2] INFO  leader.FollowerInfo (FollowerInfoImpl.java:lambda$new$0(48)) - 33ea618b-d9cc-459d-a0c4-e4ecfab2c991@group-E6729A0FA6AF->f73d43d0-b19f-4135-8753-89f8dbf44938: nextIndex: updateUnconditionally 21 -> 20
2023-01-26 20:31:37,425 [JvmPauseMonitor8] INFO  util.JvmPauseMonitor (JvmPauseMonitor.java:run(111)) - JvmPauseMonitor-f73d43d0-b19f-4135-8753-89f8dbf44938: Stopped
2023-01-26 20:31:37,426 [JvmPauseMonitor7] INFO  util.JvmPauseMonitor (JvmPauseMonitor.java:run(111)) - JvmPauseMonitor-7e0f7051-7df6-4c7d-992e-efcf57e991e1: Stopped
2023-01-26 20:31:37,428 [grpc-default-executor-3] WARN  server.GrpcLogAppender (LogUtils.java:warn(122)) - 33ea618b-d9cc-459d-a0c4-e4ecfab2c991@group-E6729A0FA6AF->7e0f7051-7df6-4c7d-992e-efcf57e991e1-AppendLogResponseHandler: Failed appendEntries: org.apache.ratis.thirdparty.io.grpc.StatusRuntimeException: UNAVAILABLE: io exception
2023-01-26 20:31:37,428 [grpc-default-executor-3] INFO  leader.FollowerInfo (FollowerInfoImpl.java:lambda$new$0(48)) - 33ea618b-d9cc-459d-a0c4-e4ecfab2c991@group-E6729A0FA6AF->7e0f7051-7df6-4c7d-992e-efcf57e991e1: nextIndex: updateUnconditionally 22 -> 21
2023-01-26 20:31:37,429 [grpc-default-executor-2] WARN  server.GrpcLogAppender (LogUtils.java:warn(122)) - 33ea618b-d9cc-459d-a0c4-e4ecfab2c991@group-E6729A0FA6AF->7e0f7051-7df6-4c7d-992e-efcf57e991e1-AppendLogResponseHandler: Failed appendEntries: org.apache.ratis.thirdparty.io.grpc.StatusRuntimeException: UNAVAILABLE: io exception
2023-01-26 20:31:37,429 [grpc-default-executor-2] INFO  leader.FollowerInfo (FollowerInfoImpl.java:lambda$new$0(48)) - 33ea618b-d9cc-459d-a0c4-e4ecfab2c991@group-E6729A0FA6AF->7e0f7051-7df6-4c7d-992e-efcf57e991e1: nextIndex: updateUnconditionally 21 -> 20
2023-01-26 20:31:39,434 [Listener at 127.0.0.1/37459] INFO  volume.HddsVolume (HddsVolume.java:closeDbStore(338)) - SchemaV3 db is stopped at /home/runner/work/ozone/ozone/hadoop-ozone/integration-test/target/test-dir/MiniOzoneClusterImpl-83fec8cd-5b22-4757-ae00-8ce138a916fc/datanode-2/data-0/containers/hdds/83fec8cd-5b22-4757-ae00-8ce138a916fc/DS-fe3ad50b-d5fd-4223-b92f-9be6e04fdd36/container.db for volume DS-fe3ad50b-d5fd-4223-b92f-9be6e04fdd36
2023-01-26 20:31:39,434 [Listener at 127.0.0.1/37459] INFO  utils.BackgroundService (BackgroundService.java:shutdown(141)) - Shutting down service BlockDeletingService
2023-01-26 20:31:39,436 [ForkJoinPool.commonPool-worker-1] INFO  volume.HddsVolume (HddsVolume.java:closeDbStore(338)) - SchemaV3 db is stopped at /home/runner/work/ozone/ozone/hadoop-ozone/integration-test/target/test-dir/MiniOzoneClusterImpl-83fec8cd-5b22-4757-ae00-8ce138a916fc/datanode-1/data-0/containers/hdds/83fec8cd-5b22-4757-ae00-8ce138a916fc/DS-09c45e0b-62f5-4e75-945d-3d10f3264b97/container.db for volume DS-09c45e0b-62f5-4e75-945d-3d10f3264b97
2023-01-26 20:31:39,437 [ForkJoinPool.commonPool-worker-1] INFO  utils.BackgroundService (BackgroundService.java:shutdown(141)) - Shutting down service BlockDeletingService
2023-01-26 20:31:39,437 [Listener at 127.0.0.1/37459] INFO  utils.BackgroundService (BackgroundService.java:shutdown(141)) - Shutting down service StaleRecoveringContainerScrubbingService
2023-01-26 20:31:39,437 [ForkJoinPool.commonPool-worker-1] INFO  utils.BackgroundService (BackgroundService.java:shutdown(141)) - Shutting down service StaleRecoveringContainerScrubbingService
2023-01-26 20:31:39,439 [Listener at 127.0.0.1/37459] INFO  statemachine.DatanodeStateMachine (DatanodeStateMachine.java:stopDaemon(603)) - Ozone container server stopped.
2023-01-26 20:31:39,441 [ForkJoinPool.commonPool-worker-1] INFO  statemachine.DatanodeStateMachine (DatanodeStateMachine.java:stopDaemon(603)) - Ozone container server stopped.
2023-01-26 20:31:39,453 [ForkJoinPool.commonPool-worker-1] INFO  handler.ContextHandler (ContextHandler.java:doStop(1159)) - Stopped o.e.j.w.WebAppContext@5bce1e69{hddsDatanode,/,null,STOPPED}{jar:file:/home/runner/.m2/repository/org/apache/ozone/hdds-container-service/1.4.0-SNAPSHOT/hdds-container-service-1.4.0-SNAPSHOT.jar!/webapps/hddsDatanode}
2023-01-26 20:31:39,455 [ForkJoinPool.commonPool-worker-1] INFO  server.AbstractConnector (AbstractConnector.java:doStop(383)) - Stopped ServerConnector@47222fcd{HTTP/1.1, (http/1.1)}{0.0.0.0:0}
2023-01-26 20:31:39,455 [ForkJoinPool.commonPool-worker-1] INFO  server.session (HouseKeeper.java:stopScavenging(149)) - node0 Stopped scavenging
2023-01-26 20:31:39,456 [ForkJoinPool.commonPool-worker-1] INFO  handler.ContextHandler (ContextHandler.java:doStop(1159)) - Stopped o.e.j.s.ServletContextHandler@490e8b4e{static,/static,jar:file:/home/runner/.m2/repository/org/apache/ozone/hdds-container-service/1.4.0-SNAPSHOT/hdds-container-service-1.4.0-SNAPSHOT.jar!/webapps/static,STOPPED}
2023-01-26 20:31:39,457 [ForkJoinPool.commonPool-worker-1] INFO  handler.ContextHandler (ContextHandler.java:doStop(1159)) - Stopped o.e.j.s.ServletContextHandler@11c3d400{logs,/logs,file:///home/runner/work/ozone/ozone/hadoop-ozone/integration-test/target/log,STOPPED}
2023-01-26 20:31:39,460 [Listener at 127.0.0.1/37459] INFO  handler.ContextHandler (ContextHandler.java:doStop(1159)) - Stopped o.e.j.w.WebAppContext@455ce235{hddsDatanode,/,null,STOPPED}{jar:file:/home/runner/.m2/repository/org/apache/ozone/hdds-container-service/1.4.0-SNAPSHOT/hdds-container-service-1.4.0-SNAPSHOT.jar!/webapps/hddsDatanode}
2023-01-26 20:31:39,462 [Listener at 127.0.0.1/37459] INFO  server.AbstractConnector (AbstractConnector.java:doStop(383)) - Stopped ServerConnector@11b2703d{HTTP/1.1, (http/1.1)}{0.0.0.0:0}
2023-01-26 20:31:39,464 [Listener at 127.0.0.1/37459] INFO  server.session (HouseKeeper.java:stopScavenging(149)) - node0 Stopped scavenging
2023-01-26 20:31:39,464 [Listener at 127.0.0.1/37459] INFO  handler.ContextHandler (ContextHandler.java:doStop(1159)) - Stopped o.e.j.s.ServletContextHandler@3d2dfc64{static,/static,jar:file:/home/runner/.m2/repository/org/apache/ozone/hdds-container-service/1.4.0-SNAPSHOT/hdds-container-service-1.4.0-SNAPSHOT.jar!/webapps/static,STOPPED}
2023-01-26 20:31:39,464 [Listener at 127.0.0.1/37459] INFO  handler.ContextHandler (ContextHandler.java:doStop(1159)) - Stopped o.e.j.s.ServletContextHandler@28d340f2{logs,/logs,file:///home/runner/work/ozone/ozone/hadoop-ozone/integration-test/target/log,STOPPED}
2023-01-26 20:31:39,467 [ForkJoinPool.commonPool-worker-1] INFO  ozoneimpl.OzoneContainer (OzoneContainer.java:stop(421)) - Attempting to stop container services.
2023-01-26 20:31:39,478 [Listener at 127.0.0.1/37459] INFO  ozoneimpl.OzoneContainer (OzoneContainer.java:stop(421)) - Attempting to stop container services.
2023-01-26 20:31:39,479 [Listener at 127.0.0.1/37459] INFO  server.RaftServer (RaftServerProxy.java:lambda$close$6(409)) - bb346dc9-524c-4b81-8ec9-e7d714560812: close
2023-01-26 20:31:39,480 [Listener at 127.0.0.1/37459] INFO  server.GrpcService (GrpcService.java:closeImpl(271)) - bb346dc9-524c-4b81-8ec9-e7d714560812: shutdown server GrpcServerProtocolService now
2023-01-26 20:31:39,480 [bb346dc9-524c-4b81-8ec9-e7d714560812-impl-thread1] INFO  server.RaftServer$Division (RaftServerImpl.java:lambda$close$4(458)) - bb346dc9-524c-4b81-8ec9-e7d714560812@group-BA2AA9B17141: shutdown
2023-01-26 20:31:39,480 [bb346dc9-524c-4b81-8ec9-e7d714560812-impl-thread1] INFO  util.JmxRegister (JmxRegister.java:unregister(73)) - Successfully un-registered JMX Bean with object name Ratis:service=RaftServer,group=group-BA2AA9B17141,id=bb346dc9-524c-4b81-8ec9-e7d714560812
2023-01-26 20:31:39,480 [bb346dc9-524c-4b81-8ec9-e7d714560812-impl-thread1] INFO  impl.RoleInfo (RoleInfo.java:shutdownLeaderState(93)) - bb346dc9-524c-4b81-8ec9-e7d714560812: shutdown bb346dc9-524c-4b81-8ec9-e7d714560812@group-BA2AA9B17141-LeaderStateImpl
2023-01-26 20:31:39,480 [bb346dc9-524c-4b81-8ec9-e7d714560812-impl-thread1] INFO  impl.PendingRequests (PendingRequests.java:sendNotLeaderResponses(282)) - bb346dc9-524c-4b81-8ec9-e7d714560812@group-BA2AA9B17141-PendingRequests: sendNotLeaderResponses
2023-01-26 20:31:39,480 [bb346dc9-524c-4b81-8ec9-e7d714560812-impl-thread1] INFO  impl.StateMachineUpdater (StateMachineUpdater.java:stopAndJoin(153)) - bb346dc9-524c-4b81-8ec9-e7d714560812@group-BA2AA9B17141-StateMachineUpdater: set stopIndex = 0
2023-01-26 20:31:39,480 [bb346dc9-524c-4b81-8ec9-e7d714560812@group-BA2AA9B17141-StateMachineUpdater] INFO  ratis.ContainerStateMachine (ContainerStateMachine.java:takeSnapshot(308)) - group-BA2AA9B17141: Taking a snapshot at:(t:1, i:0) file /home/runner/work/ozone/ozone/hadoop-ozone/integration-test/target/test-dir/MiniOzoneClusterImpl-83fec8cd-5b22-4757-ae00-8ce138a916fc/datanode-4/data/ratis/43002f57-0977-456a-8b73-ba2aa9b17141/sm/snapshot.1_0
2023-01-26 20:31:39,480 [Listener at 127.0.0.1/37459] INFO  server.GrpcService (GrpcService.java:closeImpl(280)) - bb346dc9-524c-4b81-8ec9-e7d714560812: shutdown server GrpcServerProtocolService successfully
2023-01-26 20:31:39,481 [bb346dc9-524c-4b81-8ec9-e7d714560812-NettyServerStreamRpc-bossGroup--thread1] INFO  logging.LoggingHandler (AbstractInternalLogger.java:log(148)) - [id: 0xd3823813, L:/0:0:0:0:0:0:0:0:45079] CLOSE
2023-01-26 20:31:39,482 [bb346dc9-524c-4b81-8ec9-e7d714560812-NettyServerStreamRpc-bossGroup--thread1] INFO  logging.LoggingHandler (AbstractInternalLogger.java:log(148)) - [id: 0xd3823813, L:/0:0:0:0:0:0:0:0:45079] INACTIVE
2023-01-26 20:31:39,482 [bb346dc9-524c-4b81-8ec9-e7d714560812-NettyServerStreamRpc-bossGroup--thread1] INFO  logging.LoggingHandler (AbstractInternalLogger.java:log(148)) - [id: 0xd3823813, L:/0:0:0:0:0:0:0:0:45079] UNREGISTERED
2023-01-26 20:31:39,482 [bb346dc9-524c-4b81-8ec9-e7d714560812@group-BA2AA9B17141-StateMachineUpdater] INFO  ratis.ContainerStateMachine (ContainerStateMachine.java:takeSnapshot(319)) - group-BA2AA9B17141: Finished taking a snapshot at:(t:1, i:0) file:/home/runner/work/ozone/ozone/hadoop-ozone/integration-test/target/test-dir/MiniOzoneClusterImpl-83fec8cd-5b22-4757-ae00-8ce138a916fc/datanode-4/data/ratis/43002f57-0977-456a-8b73-ba2aa9b17141/sm/snapshot.1_0 took: 2 ms
2023-01-26 20:31:39,483 [bb346dc9-524c-4b81-8ec9-e7d714560812@group-BA2AA9B17141-StateMachineUpdater] INFO  impl.StateMachineUpdater (StateMachineUpdater.java:takeSnapshot(287)) - bb346dc9-524c-4b81-8ec9-e7d714560812@group-BA2AA9B17141-StateMachineUpdater: Took a snapshot at index 0
2023-01-26 20:31:39,483 [bb346dc9-524c-4b81-8ec9-e7d714560812@group-BA2AA9B17141-StateMachineUpdater] INFO  impl.StateMachineUpdater (StateMachineUpdater.java:lambda$new$0(92)) - bb346dc9-524c-4b81-8ec9-e7d714560812@group-BA2AA9B17141-StateMachineUpdater: snapshotIndex: updateIncreasingly -1 -> 0
2023-01-26 20:31:39,483 [bb346dc9-524c-4b81-8ec9-e7d714560812-impl-thread1] INFO  server.RaftServer$Division (ServerState.java:close(466)) - bb346dc9-524c-4b81-8ec9-e7d714560812@group-BA2AA9B17141: closes. applyIndex: 0
2023-01-26 20:31:39,485 [bb346dc9-524c-4b81-8ec9-e7d714560812@group-BA2AA9B17141-SegmentedRaftLogWorker] INFO  segmented.SegmentedRaftLogWorker (SegmentedRaftLogWorker.java:run(347)) - bb346dc9-524c-4b81-8ec9-e7d714560812@group-BA2AA9B17141-SegmentedRaftLogWorker was interrupted, exiting. There are 0 tasks remaining in the queue.
2023-01-26 20:31:39,486 [bb346dc9-524c-4b81-8ec9-e7d714560812-impl-thread1] INFO  segmented.SegmentedRaftLogWorker (SegmentedRaftLogWorker.java:close(257)) - bb346dc9-524c-4b81-8ec9-e7d714560812@group-BA2AA9B17141-SegmentedRaftLogWorker close()
2023-01-26 20:31:39,495 [ForkJoinPool.commonPool-worker-1] INFO  server.RaftServer (RaftServerProxy.java:lambda$close$6(409)) - 33ea618b-d9cc-459d-a0c4-e4ecfab2c991: close
2023-01-26 20:31:39,495 [33ea618b-d9cc-459d-a0c4-e4ecfab2c991-impl-thread1] INFO  server.RaftServer$Division (RaftServerImpl.java:lambda$close$4(458)) - 33ea618b-d9cc-459d-a0c4-e4ecfab2c991@group-32E0B9496391: shutdown
2023-01-26 20:31:39,495 [33ea618b-d9cc-459d-a0c4-e4ecfab2c991-impl-thread1] INFO  util.JmxRegister (JmxRegister.java:unregister(73)) - Successfully un-registered JMX Bean with object name Ratis:service=RaftServer,group=group-32E0B9496391,id=33ea618b-d9cc-459d-a0c4-e4ecfab2c991
2023-01-26 20:31:39,495 [33ea618b-d9cc-459d-a0c4-e4ecfab2c991-impl-thread1] INFO  impl.RoleInfo (RoleInfo.java:shutdownFollowerState(110)) - 33ea618b-d9cc-459d-a0c4-e4ecfab2c991: shutdown 33ea618b-d9cc-459d-a0c4-e4ecfab2c991@group-32E0B9496391-FollowerState
2023-01-26 20:31:39,499 [ForkJoinPool.commonPool-worker-1] INFO  server.GrpcService (GrpcService.java:closeImpl(271)) - 33ea618b-d9cc-459d-a0c4-e4ecfab2c991: shutdown server GrpcServerProtocolService now
2023-01-26 20:31:39,499 [33ea618b-d9cc-459d-a0c4-e4ecfab2c991-impl-thread2] INFO  server.RaftServer$Division (RaftServerImpl.java:lambda$close$4(458)) - 33ea618b-d9cc-459d-a0c4-e4ecfab2c991@group-E6729A0FA6AF: shutdown
2023-01-26 20:31:39,500 [33ea618b-d9cc-459d-a0c4-e4ecfab2c991-impl-thread2] INFO  util.JmxRegister (JmxRegister.java:unregister(73)) - Successfully un-registered JMX Bean with object name Ratis:service=RaftServer,group=group-E6729A0FA6AF,id=33ea618b-d9cc-459d-a0c4-e4ecfab2c991
2023-01-26 20:31:39,500 [grpc-default-executor-3] WARN  server.GrpcClientProtocolService (LogUtils.java:warn(122)) - 1-OrderedRequestStreamObserver1: onError: org.apache.ratis.thirdparty.io.grpc.StatusRuntimeException: CANCELLED: client cancelled
2023-01-26 20:31:39,500 [33ea618b-d9cc-459d-a0c4-e4ecfab2c991-impl-thread2] INFO  impl.RoleInfo (RoleInfo.java:shutdownLeaderState(93)) - 33ea618b-d9cc-459d-a0c4-e4ecfab2c991: shutdown 33ea618b-d9cc-459d-a0c4-e4ecfab2c991@group-E6729A0FA6AF-LeaderStateImpl
2023-01-26 20:31:39,501 [33ea618b-d9cc-459d-a0c4-e4ecfab2c991-impl-thread3] INFO  server.RaftServer$Division (RaftServerImpl.java:lambda$close$4(458)) - 33ea618b-d9cc-459d-a0c4-e4ecfab2c991@group-FBE4184240FC: shutdown
2023-01-26 20:31:39,501 [33ea618b-d9cc-459d-a0c4-e4ecfab2c991-impl-thread3] INFO  util.JmxRegister (JmxRegister.java:unregister(73)) - Successfully un-registered JMX Bean with object name Ratis:service=RaftServer,group=group-FBE4184240FC,id=33ea618b-d9cc-459d-a0c4-e4ecfab2c991
2023-01-26 20:31:39,501 [33ea618b-d9cc-459d-a0c4-e4ecfab2c991-impl-thread3] INFO  impl.RoleInfo (RoleInfo.java:shutdownLeaderState(93)) - 33ea618b-d9cc-459d-a0c4-e4ecfab2c991: shutdown 33ea618b-d9cc-459d-a0c4-e4ecfab2c991@group-FBE4184240FC-LeaderStateImpl
2023-01-26 20:31:39,501 [33ea618b-d9cc-459d-a0c4-e4ecfab2c991@group-E6729A0FA6AF->f73d43d0-b19f-4135-8753-89f8dbf44938-GrpcLogAppender-LogAppenderDaemon] WARN  server.GrpcLogAppender (GrpcLogAppender.java:mayWait(200)) - 33ea618b-d9cc-459d-a0c4-e4ecfab2c991@group-E6729A0FA6AF->f73d43d0-b19f-4135-8753-89f8dbf44938-GrpcLogAppender: Wait interrupted by java.lang.InterruptedException
2023-01-26 20:31:39,501 [33ea618b-d9cc-459d-a0c4-e4ecfab2c991-impl-thread3] INFO  impl.PendingRequests (PendingRequests.java:sendNotLeaderResponses(282)) - 33ea618b-d9cc-459d-a0c4-e4ecfab2c991@group-FBE4184240FC-PendingRequests: sendNotLeaderResponses
2023-01-26 20:31:39,505 [ForkJoinPool.commonPool-worker-1] INFO  server.GrpcServerProtocolClient (GrpcServerProtocolClient.java:close(101)) - f73d43d0-b19f-4135-8753-89f8dbf44938 Close channels
2023-01-26 20:31:39,506 [ForkJoinPool.commonPool-worker-1] INFO  server.GrpcServerProtocolClient (GrpcServerProtocolClient.java:close(101)) - 7e0f7051-7df6-4c7d-992e-efcf57e991e1 Close channels
2023-01-26 20:31:39,506 [ForkJoinPool.commonPool-worker-1] INFO  server.GrpcService (GrpcService.java:closeImpl(280)) - 33ea618b-d9cc-459d-a0c4-e4ecfab2c991: shutdown server GrpcServerProtocolService successfully
2023-01-26 20:31:39,506 [33ea618b-d9cc-459d-a0c4-e4ecfab2c991@group-E6729A0FA6AF->7e0f7051-7df6-4c7d-992e-efcf57e991e1-GrpcLogAppender-LogAppenderDaemon] WARN  server.GrpcLogAppender (GrpcLogAppender.java:mayWait(200)) - 33ea618b-d9cc-459d-a0c4-e4ecfab2c991@group-E6729A0FA6AF->7e0f7051-7df6-4c7d-992e-efcf57e991e1-GrpcLogAppender: Wait interrupted by java.lang.InterruptedException
2023-01-26 20:31:39,506 [33ea618b-d9cc-459d-a0c4-e4ecfab2c991-impl-thread2] INFO  impl.PendingRequests (PendingRequests.java:sendNotLeaderResponses(282)) - 33ea618b-d9cc-459d-a0c4-e4ecfab2c991@group-E6729A0FA6AF-PendingRequests: sendNotLeaderResponses
2023-01-26 20:31:39,509 [33ea618b-d9cc-459d-a0c4-e4ecfab2c991@group-32E0B9496391-StateMachineUpdater] INFO  ratis.ContainerStateMachine (ContainerStateMachine.java:takeSnapshot(308)) - group-32E0B9496391: Taking a snapshot at:(t:2, i:8) file /home/runner/work/ozone/ozone/hadoop-ozone/integration-test/target/test-dir/MiniOzoneClusterImpl-83fec8cd-5b22-4757-ae00-8ce138a916fc/datanode-0/data/ratis/af9cd81b-d647-4be4-b219-32e0b9496391/sm/snapshot.2_8
2023-01-26 20:31:39,509 [33ea618b-d9cc-459d-a0c4-e4ecfab2c991-NettyServerStreamRpc-bossGroup--thread1] INFO  logging.LoggingHandler (AbstractInternalLogger.java:log(148)) - [id: 0xafa14260, L:/0:0:0:0:0:0:0:0:39857] CLOSE
2023-01-26 20:31:39,510 [33ea618b-d9cc-459d-a0c4-e4ecfab2c991-NettyServerStreamRpc-bossGroup--thread1] INFO  logging.LoggingHandler (AbstractInternalLogger.java:log(148)) - [id: 0xafa14260, L:/0:0:0:0:0:0:0:0:39857] INACTIVE
2023-01-26 20:31:39,509 [33ea618b-d9cc-459d-a0c4-e4ecfab2c991-impl-thread1] INFO  impl.StateMachineUpdater (StateMachineUpdater.java:stopAndJoin(153)) - 33ea618b-d9cc-459d-a0c4-e4ecfab2c991@group-32E0B9496391-StateMachineUpdater: set stopIndex = 8
2023-01-26 20:31:39,509 [JvmPauseMonitor10] INFO  util.JvmPauseMonitor (JvmPauseMonitor.java:run(111)) - JvmPauseMonitor-bb346dc9-524c-4b81-8ec9-e7d714560812: Stopped
2023-01-26 20:31:39,509 [33ea618b-d9cc-459d-a0c4-e4ecfab2c991@group-32E0B9496391-FollowerState] INFO  impl.FollowerState (FollowerState.java:run(152)) - 33ea618b-d9cc-459d-a0c4-e4ecfab2c991@group-32E0B9496391-FollowerState was interrupted
2023-01-26 20:31:39,511 [33ea618b-d9cc-459d-a0c4-e4ecfab2c991-impl-thread3] INFO  impl.StateMachineUpdater (StateMachineUpdater.java:stopAndJoin(153)) - 33ea618b-d9cc-459d-a0c4-e4ecfab2c991@group-FBE4184240FC-StateMachineUpdater: set stopIndex = 0
2023-01-26 20:31:39,511 [33ea618b-d9cc-459d-a0c4-e4ecfab2c991@group-32E0B9496391-StateMachineUpdater] INFO  ratis.ContainerStateMachine (ContainerStateMachine.java:takeSnapshot(319)) - group-32E0B9496391: Finished taking a snapshot at:(t:2, i:8) file:/home/runner/work/ozone/ozone/hadoop-ozone/integration-test/target/test-dir/MiniOzoneClusterImpl-83fec8cd-5b22-4757-ae00-8ce138a916fc/datanode-0/data/ratis/af9cd81b-d647-4be4-b219-32e0b9496391/sm/snapshot.2_8 took: 2 ms
2023-01-26 20:31:39,521 [33ea618b-d9cc-459d-a0c4-e4ecfab2c991@group-32E0B9496391-StateMachineUpdater] INFO  impl.StateMachineUpdater (StateMachineUpdater.java:takeSnapshot(287)) - 33ea618b-d9cc-459d-a0c4-e4ecfab2c991@group-32E0B9496391-StateMachineUpdater: Took a snapshot at index 8
2023-01-26 20:31:39,521 [33ea618b-d9cc-459d-a0c4-e4ecfab2c991@group-32E0B9496391-StateMachineUpdater] INFO  impl.StateMachineUpdater (StateMachineUpdater.java:lambda$new$0(92)) - 33ea618b-d9cc-459d-a0c4-e4ecfab2c991@group-32E0B9496391-StateMachineUpdater: snapshotIndex: updateIncreasingly -1 -> 8
2023-01-26 20:31:39,521 [33ea618b-d9cc-459d-a0c4-e4ecfab2c991-impl-thread1] INFO  server.RaftServer$Division (ServerState.java:close(466)) - 33ea618b-d9cc-459d-a0c4-e4ecfab2c991@group-32E0B9496391: closes. applyIndex: 8
2023-01-26 20:31:39,522 [33ea618b-d9cc-459d-a0c4-e4ecfab2c991@group-32E0B9496391-SegmentedRaftLogWorker] INFO  segmented.SegmentedRaftLogWorker (SegmentedRaftLogWorker.java:run(347)) - 33ea618b-d9cc-459d-a0c4-e4ecfab2c991@group-32E0B9496391-SegmentedRaftLogWorker was interrupted, exiting. There are 0 tasks remaining in the queue.
2023-01-26 20:31:39,511 [33ea618b-d9cc-459d-a0c4-e4ecfab2c991@group-FBE4184240FC-StateMachineUpdater] INFO  ratis.ContainerStateMachine (ContainerStateMachine.java:takeSnapshot(308)) - group-FBE4184240FC: Taking a snapshot at:(t:1, i:0) file /home/runner/work/ozone/ozone/hadoop-ozone/integration-test/target/test-dir/MiniOzoneClusterImpl-83fec8cd-5b22-4757-ae00-8ce138a916fc/datanode-0/data/ratis/a4cb16c8-1361-45f5-848a-fbe4184240fc/sm/snapshot.1_0
2023-01-26 20:31:39,511 [33ea618b-d9cc-459d-a0c4-e4ecfab2c991@group-E6729A0FA6AF-StateMachineUpdater] INFO  ratis.ContainerStateMachine (ContainerStateMachine.java:takeSnapshot(308)) - group-E6729A0FA6AF: Taking a snapshot at:(t:2, i:22) file /home/runner/work/ozone/ozone/hadoop-ozone/integration-test/target/test-dir/MiniOzoneClusterImpl-83fec8cd-5b22-4757-ae00-8ce138a916fc/datanode-0/data/ratis/ab16cabc-b199-41c2-a545-e6729a0fa6af/sm/snapshot.2_22
2023-01-26 20:31:39,511 [33ea618b-d9cc-459d-a0c4-e4ecfab2c991-impl-thread2] INFO  impl.StateMachineUpdater (StateMachineUpdater.java:stopAndJoin(153)) - 33ea618b-d9cc-459d-a0c4-e4ecfab2c991@group-E6729A0FA6AF-StateMachineUpdater: set stopIndex = 22
2023-01-26 20:31:39,522 [33ea618b-d9cc-459d-a0c4-e4ecfab2c991-impl-thread1] INFO  segmented.SegmentedRaftLogWorker (SegmentedRaftLogWorker.java:close(257)) - 33ea618b-d9cc-459d-a0c4-e4ecfab2c991@group-32E0B9496391-SegmentedRaftLogWorker close()
2023-01-26 20:31:39,510 [33ea618b-d9cc-459d-a0c4-e4ecfab2c991-NettyServerStreamRpc-bossGroup--thread1] INFO  logging.LoggingHandler (AbstractInternalLogger.java:log(148)) - [id: 0xafa14260, L:/0:0:0:0:0:0:0:0:39857] UNREGISTERED
2023-01-26 20:31:39,528 [33ea618b-d9cc-459d-a0c4-e4ecfab2c991@group-E6729A0FA6AF-StateMachineUpdater] INFO  ratis.ContainerStateMachine (ContainerStateMachine.java:takeSnapshot(319)) - group-E6729A0FA6AF: Finished taking a snapshot at:(t:2, i:22) file:/home/runner/work/ozone/ozone/hadoop-ozone/integration-test/target/test-dir/MiniOzoneClusterImpl-83fec8cd-5b22-4757-ae00-8ce138a916fc/datanode-0/data/ratis/ab16cabc-b199-41c2-a545-e6729a0fa6af/sm/snapshot.2_22 took: 17 ms
2023-01-26 20:31:39,528 [33ea618b-d9cc-459d-a0c4-e4ecfab2c991@group-E6729A0FA6AF-StateMachineUpdater] INFO  impl.StateMachineUpdater (StateMachineUpdater.java:takeSnapshot(287)) - 33ea618b-d9cc-459d-a0c4-e4ecfab2c991@group-E6729A0FA6AF-StateMachineUpdater: Took a snapshot at index 22
2023-01-26 20:31:39,529 [33ea618b-d9cc-459d-a0c4-e4ecfab2c991@group-E6729A0FA6AF-StateMachineUpdater] INFO  impl.StateMachineUpdater (StateMachineUpdater.java:lambda$new$0(92)) - 33ea618b-d9cc-459d-a0c4-e4ecfab2c991@group-E6729A0FA6AF-StateMachineUpdater: snapshotIndex: updateIncreasingly -1 -> 22
2023-01-26 20:31:39,522 [33ea618b-d9cc-459d-a0c4-e4ecfab2c991@group-FBE4184240FC-StateMachineUpdater] INFO  ratis.ContainerStateMachine (ContainerStateMachine.java:takeSnapshot(319)) - group-FBE4184240FC: Finished taking a snapshot at:(t:1, i:0) file:/home/runner/work/ozone/ozone/hadoop-ozone/integration-test/target/test-dir/MiniOzoneClusterImpl-83fec8cd-5b22-4757-ae00-8ce138a916fc/datanode-0/data/ratis/a4cb16c8-1361-45f5-848a-fbe4184240fc/sm/snapshot.1_0 took: 11 ms
2023-01-26 20:31:39,529 [33ea618b-d9cc-459d-a0c4-e4ecfab2c991-impl-thread2] INFO  server.RaftServer$Division (ServerState.java:close(466)) - 33ea618b-d9cc-459d-a0c4-e4ecfab2c991@group-E6729A0FA6AF: closes. applyIndex: 22
2023-01-26 20:31:39,529 [33ea618b-d9cc-459d-a0c4-e4ecfab2c991@group-E6729A0FA6AF-SegmentedRaftLogWorker] INFO  segmented.SegmentedRaftLogWorker (SegmentedRaftLogWorker.java:run(347)) - 33ea618b-d9cc-459d-a0c4-e4ecfab2c991@group-E6729A0FA6AF-SegmentedRaftLogWorker was interrupted, exiting. There are 0 tasks remaining in the queue.
2023-01-26 20:31:39,529 [33ea618b-d9cc-459d-a0c4-e4ecfab2c991-impl-thread2] INFO  segmented.SegmentedRaftLogWorker (SegmentedRaftLogWorker.java:close(257)) - 33ea618b-d9cc-459d-a0c4-e4ecfab2c991@group-E6729A0FA6AF-SegmentedRaftLogWorker close()
2023-01-26 20:31:39,529 [33ea618b-d9cc-459d-a0c4-e4ecfab2c991@group-FBE4184240FC-StateMachineUpdater] INFO  impl.StateMachineUpdater (StateMachineUpdater.java:takeSnapshot(287)) - 33ea618b-d9cc-459d-a0c4-e4ecfab2c991@group-FBE4184240FC-StateMachineUpdater: Took a snapshot at index 0
2023-01-26 20:31:39,532 [33ea618b-d9cc-459d-a0c4-e4ecfab2c991@group-FBE4184240FC-StateMachineUpdater] INFO  impl.StateMachineUpdater (StateMachineUpdater.java:lambda$new$0(92)) - 33ea618b-d9cc-459d-a0c4-e4ecfab2c991@group-FBE4184240FC-StateMachineUpdater: snapshotIndex: updateIncreasingly -1 -> 0
2023-01-26 20:31:39,532 [33ea618b-d9cc-459d-a0c4-e4ecfab2c991-impl-thread3] INFO  server.RaftServer$Division (ServerState.java:close(466)) - 33ea618b-d9cc-459d-a0c4-e4ecfab2c991@group-FBE4184240FC: closes. applyIndex: 0
2023-01-26 20:31:39,532 [33ea618b-d9cc-459d-a0c4-e4ecfab2c991@group-FBE4184240FC-SegmentedRaftLogWorker] INFO  segmented.SegmentedRaftLogWorker (SegmentedRaftLogWorker.java:run(347)) - 33ea618b-d9cc-459d-a0c4-e4ecfab2c991@group-FBE4184240FC-SegmentedRaftLogWorker was interrupted, exiting. There are 0 tasks remaining in the queue.
2023-01-26 20:31:39,532 [33ea618b-d9cc-459d-a0c4-e4ecfab2c991-impl-thread3] INFO  segmented.SegmentedRaftLogWorker (SegmentedRaftLogWorker.java:close(257)) - 33ea618b-d9cc-459d-a0c4-e4ecfab2c991@group-FBE4184240FC-SegmentedRaftLogWorker close()
2023-01-26 20:31:39,533 [JvmPauseMonitor6] INFO  util.JvmPauseMonitor (JvmPauseMonitor.java:run(111)) - JvmPauseMonitor-33ea618b-d9cc-459d-a0c4-e4ecfab2c991: Stopped
2023-01-26 20:31:41,524 [Listener at 127.0.0.1/37459] INFO  volume.HddsVolume (HddsVolume.java:closeDbStore(338)) - SchemaV3 db is stopped at /home/runner/work/ozone/ozone/hadoop-ozone/integration-test/target/test-dir/MiniOzoneClusterImpl-83fec8cd-5b22-4757-ae00-8ce138a916fc/datanode-4/data-0/containers/hdds/83fec8cd-5b22-4757-ae00-8ce138a916fc/DS-dff74df5-0906-4a8e-bf63-7c01e55b8da6/container.db for volume DS-dff74df5-0906-4a8e-bf63-7c01e55b8da6
2023-01-26 20:31:41,525 [Listener at 127.0.0.1/37459] INFO  utils.BackgroundService (BackgroundService.java:shutdown(141)) - Shutting down service BlockDeletingService
2023-01-26 20:31:41,526 [Listener at 127.0.0.1/37459] INFO  utils.BackgroundService (BackgroundService.java:shutdown(141)) - Shutting down service StaleRecoveringContainerScrubbingService
2023-01-26 20:31:41,528 [Listener at 127.0.0.1/37459] INFO  statemachine.DatanodeStateMachine (DatanodeStateMachine.java:stopDaemon(603)) - Ozone container server stopped.
2023-01-26 20:31:41,536 [Listener at 127.0.0.1/37459] INFO  handler.ContextHandler (ContextHandler.java:doStop(1159)) - Stopped o.e.j.w.WebAppContext@7c540aaf{hddsDatanode,/,null,STOPPED}{jar:file:/home/runner/.m2/repository/org/apache/ozone/hdds-container-service/1.4.0-SNAPSHOT/hdds-container-service-1.4.0-SNAPSHOT.jar!/webapps/hddsDatanode}
2023-01-26 20:31:41,541 [ForkJoinPool.commonPool-worker-1] INFO  volume.HddsVolume (HddsVolume.java:closeDbStore(338)) - SchemaV3 db is stopped at /home/runner/work/ozone/ozone/hadoop-ozone/integration-test/target/test-dir/MiniOzoneClusterImpl-83fec8cd-5b22-4757-ae00-8ce138a916fc/datanode-0/data-0/containers/hdds/83fec8cd-5b22-4757-ae00-8ce138a916fc/DS-74483c24-1daa-4443-a088-0e121fcf62b4/container.db for volume DS-74483c24-1daa-4443-a088-0e121fcf62b4
2023-01-26 20:31:41,542 [ForkJoinPool.commonPool-worker-1] INFO  utils.BackgroundService (BackgroundService.java:shutdown(141)) - Shutting down service BlockDeletingService
2023-01-26 20:31:41,543 [ForkJoinPool.commonPool-worker-1] INFO  utils.BackgroundService (BackgroundService.java:shutdown(141)) - Shutting down service StaleRecoveringContainerScrubbingService
2023-01-26 20:31:41,548 [ForkJoinPool.commonPool-worker-1] INFO  statemachine.DatanodeStateMachine (DatanodeStateMachine.java:stopDaemon(603)) - Ozone container server stopped.
2023-01-26 20:31:41,553 [Listener at 127.0.0.1/37459] INFO  server.AbstractConnector (AbstractConnector.java:doStop(383)) - Stopped ServerConnector@6b206a6f{HTTP/1.1, (http/1.1)}{0.0.0.0:0}
2023-01-26 20:31:41,553 [Listener at 127.0.0.1/37459] INFO  server.session (HouseKeeper.java:stopScavenging(149)) - node0 Stopped scavenging
2023-01-26 20:31:41,555 [Listener at 127.0.0.1/37459] INFO  handler.ContextHandler (ContextHandler.java:doStop(1159)) - Stopped o.e.j.s.ServletContextHandler@2759181a{static,/static,jar:file:/home/runner/.m2/repository/org/apache/ozone/hdds-container-service/1.4.0-SNAPSHOT/hdds-container-service-1.4.0-SNAPSHOT.jar!/webapps/static,STOPPED}
2023-01-26 20:31:41,555 [Listener at 127.0.0.1/37459] INFO  handler.ContextHandler (ContextHandler.java:doStop(1159)) - Stopped o.e.j.s.ServletContextHandler@28f3815c{logs,/logs,file:///home/runner/work/ozone/ozone/hadoop-ozone/integration-test/target/log,STOPPED}
2023-01-26 20:31:41,558 [ForkJoinPool.commonPool-worker-1] INFO  handler.ContextHandler (ContextHandler.java:doStop(1159)) - Stopped o.e.j.w.WebAppContext@7a7a385b{hddsDatanode,/,null,STOPPED}{jar:file:/home/runner/.m2/repository/org/apache/ozone/hdds-container-service/1.4.0-SNAPSHOT/hdds-container-service-1.4.0-SNAPSHOT.jar!/webapps/hddsDatanode}
2023-01-26 20:31:41,558 [ForkJoinPool.commonPool-worker-1] INFO  server.AbstractConnector (AbstractConnector.java:doStop(383)) - Stopped ServerConnector@392aaeae{HTTP/1.1, (http/1.1)}{0.0.0.0:0}
2023-01-26 20:31:41,558 [ForkJoinPool.commonPool-worker-1] INFO  server.session (HouseKeeper.java:stopScavenging(149)) - node0 Stopped scavenging
2023-01-26 20:31:41,559 [ForkJoinPool.commonPool-worker-1] INFO  handler.ContextHandler (ContextHandler.java:doStop(1159)) - Stopped o.e.j.s.ServletContextHandler@468e590b{static,/static,jar:file:/home/runner/.m2/repository/org/apache/ozone/hdds-container-service/1.4.0-SNAPSHOT/hdds-container-service-1.4.0-SNAPSHOT.jar!/webapps/static,STOPPED}
2023-01-26 20:31:41,560 [ForkJoinPool.commonPool-worker-1] INFO  handler.ContextHandler (ContextHandler.java:doStop(1159)) - Stopped o.e.j.s.ServletContextHandler@3bf327e3{logs,/logs,file:///home/runner/work/ozone/ozone/hadoop-ozone/integration-test/target/log,STOPPED}
2023-01-26 20:31:41,561 [Listener at 127.0.0.1/37459] INFO  ozoneimpl.OzoneContainer (OzoneContainer.java:stop(421)) - Attempting to stop container services.
2023-01-26 20:31:41,562 [Listener at 127.0.0.1/37459] INFO  server.RaftServer (RaftServerProxy.java:lambda$close$6(409)) - d4171a40-eb60-4a1e-8628-4f14234272fd: close
2023-01-26 20:31:41,562 [Listener at 127.0.0.1/37459] INFO  server.GrpcService (GrpcService.java:closeImpl(271)) - d4171a40-eb60-4a1e-8628-4f14234272fd: shutdown server GrpcServerProtocolService now
2023-01-26 20:31:41,562 [d4171a40-eb60-4a1e-8628-4f14234272fd-impl-thread1] INFO  server.RaftServer$Division (RaftServerImpl.java:lambda$close$4(458)) - d4171a40-eb60-4a1e-8628-4f14234272fd@group-611312C51A6E: shutdown
2023-01-26 20:31:41,565 [d4171a40-eb60-4a1e-8628-4f14234272fd-impl-thread1] INFO  util.JmxRegister (JmxRegister.java:unregister(73)) - Successfully un-registered JMX Bean with object name Ratis:service=RaftServer,group=group-611312C51A6E,id=d4171a40-eb60-4a1e-8628-4f14234272fd
2023-01-26 20:31:41,565 [d4171a40-eb60-4a1e-8628-4f14234272fd-impl-thread1] INFO  impl.RoleInfo (RoleInfo.java:shutdownLeaderState(93)) - d4171a40-eb60-4a1e-8628-4f14234272fd: shutdown d4171a40-eb60-4a1e-8628-4f14234272fd@group-611312C51A6E-LeaderStateImpl
2023-01-26 20:31:41,565 [d4171a40-eb60-4a1e-8628-4f14234272fd-impl-thread1] INFO  impl.PendingRequests (PendingRequests.java:sendNotLeaderResponses(282)) - d4171a40-eb60-4a1e-8628-4f14234272fd@group-611312C51A6E-PendingRequests: sendNotLeaderResponses
2023-01-26 20:31:41,565 [d4171a40-eb60-4a1e-8628-4f14234272fd-impl-thread1] INFO  impl.StateMachineUpdater (StateMachineUpdater.java:stopAndJoin(153)) - d4171a40-eb60-4a1e-8628-4f14234272fd@group-611312C51A6E-StateMachineUpdater: set stopIndex = 0
2023-01-26 20:31:41,566 [d4171a40-eb60-4a1e-8628-4f14234272fd@group-611312C51A6E-StateMachineUpdater] INFO  ratis.ContainerStateMachine (ContainerStateMachine.java:takeSnapshot(308)) - group-611312C51A6E: Taking a snapshot at:(t:1, i:0) file /home/runner/work/ozone/ozone/hadoop-ozone/integration-test/target/test-dir/MiniOzoneClusterImpl-83fec8cd-5b22-4757-ae00-8ce138a916fc/datanode-3/data/ratis/fc19890e-1a1a-4859-8a16-611312c51a6e/sm/snapshot.1_0
2023-01-26 20:31:41,567 [Listener at 127.0.0.1/37459] INFO  server.GrpcService (GrpcService.java:closeImpl(280)) - d4171a40-eb60-4a1e-8628-4f14234272fd: shutdown server GrpcServerProtocolService successfully
2023-01-26 20:31:41,567 [d4171a40-eb60-4a1e-8628-4f14234272fd-NettyServerStreamRpc-bossGroup--thread1] INFO  logging.LoggingHandler (AbstractInternalLogger.java:log(148)) - [id: 0xa98db533, L:/0:0:0:0:0:0:0:0:38051] CLOSE
2023-01-26 20:31:41,567 [d4171a40-eb60-4a1e-8628-4f14234272fd@group-611312C51A6E-StateMachineUpdater] INFO  ratis.ContainerStateMachine (ContainerStateMachine.java:takeSnapshot(319)) - group-611312C51A6E: Finished taking a snapshot at:(t:1, i:0) file:/home/runner/work/ozone/ozone/hadoop-ozone/integration-test/target/test-dir/MiniOzoneClusterImpl-83fec8cd-5b22-4757-ae00-8ce138a916fc/datanode-3/data/ratis/fc19890e-1a1a-4859-8a16-611312c51a6e/sm/snapshot.1_0 took: 1 ms
2023-01-26 20:31:41,567 [d4171a40-eb60-4a1e-8628-4f14234272fd-NettyServerStreamRpc-bossGroup--thread1] INFO  logging.LoggingHandler (AbstractInternalLogger.java:log(148)) - [id: 0xa98db533, L:/0:0:0:0:0:0:0:0:38051] INACTIVE
2023-01-26 20:31:41,567 [d4171a40-eb60-4a1e-8628-4f14234272fd-NettyServerStreamRpc-bossGroup--thread1] INFO  logging.LoggingHandler (AbstractInternalLogger.java:log(148)) - [id: 0xa98db533, L:/0:0:0:0:0:0:0:0:38051] UNREGISTERED
2023-01-26 20:31:41,568 [d4171a40-eb60-4a1e-8628-4f14234272fd@group-611312C51A6E-StateMachineUpdater] INFO  impl.StateMachineUpdater (StateMachineUpdater.java:takeSnapshot(287)) - d4171a40-eb60-4a1e-8628-4f14234272fd@group-611312C51A6E-StateMachineUpdater: Took a snapshot at index 0
2023-01-26 20:31:41,568 [d4171a40-eb60-4a1e-8628-4f14234272fd@group-611312C51A6E-StateMachineUpdater] INFO  impl.StateMachineUpdater (StateMachineUpdater.java:lambda$new$0(92)) - d4171a40-eb60-4a1e-8628-4f14234272fd@group-611312C51A6E-StateMachineUpdater: snapshotIndex: updateIncreasingly -1 -> 0
2023-01-26 20:31:41,568 [d4171a40-eb60-4a1e-8628-4f14234272fd-impl-thread1] INFO  server.RaftServer$Division (ServerState.java:close(466)) - d4171a40-eb60-4a1e-8628-4f14234272fd@group-611312C51A6E: closes. applyIndex: 0
2023-01-26 20:31:41,568 [d4171a40-eb60-4a1e-8628-4f14234272fd@group-611312C51A6E-SegmentedRaftLogWorker] INFO  segmented.SegmentedRaftLogWorker (SegmentedRaftLogWorker.java:run(347)) - d4171a40-eb60-4a1e-8628-4f14234272fd@group-611312C51A6E-SegmentedRaftLogWorker was interrupted, exiting. There are 0 tasks remaining in the queue.
2023-01-26 20:31:41,568 [d4171a40-eb60-4a1e-8628-4f14234272fd-impl-thread1] INFO  segmented.SegmentedRaftLogWorker (SegmentedRaftLogWorker.java:close(257)) - d4171a40-eb60-4a1e-8628-4f14234272fd@group-611312C51A6E-SegmentedRaftLogWorker close()
2023-01-26 20:31:41,571 [JvmPauseMonitor9] INFO  util.JvmPauseMonitor (JvmPauseMonitor.java:run(111)) - JvmPauseMonitor-d4171a40-eb60-4a1e-8628-4f14234272fd: Stopped
2023-01-26 20:31:43,575 [Listener at 127.0.0.1/37459] INFO  volume.HddsVolume (HddsVolume.java:closeDbStore(338)) - SchemaV3 db is stopped at /home/runner/work/ozone/ozone/hadoop-ozone/integration-test/target/test-dir/MiniOzoneClusterImpl-83fec8cd-5b22-4757-ae00-8ce138a916fc/datanode-3/data-0/containers/hdds/83fec8cd-5b22-4757-ae00-8ce138a916fc/DS-fb3bc4a5-5cbf-4fe4-9dde-2b0e038bc14a/container.db for volume DS-fb3bc4a5-5cbf-4fe4-9dde-2b0e038bc14a
2023-01-26 20:31:43,575 [Listener at 127.0.0.1/37459] INFO  utils.BackgroundService (BackgroundService.java:shutdown(141)) - Shutting down service BlockDeletingService
2023-01-26 20:31:43,576 [Listener at 127.0.0.1/37459] INFO  utils.BackgroundService (BackgroundService.java:shutdown(141)) - Shutting down service StaleRecoveringContainerScrubbingService
2023-01-26 20:31:43,577 [Listener at 127.0.0.1/37459] INFO  statemachine.DatanodeStateMachine (DatanodeStateMachine.java:stopDaemon(603)) - Ozone container server stopped.
2023-01-26 20:31:43,586 [Listener at 127.0.0.1/37459] INFO  handler.ContextHandler (ContextHandler.java:doStop(1159)) - Stopped o.e.j.w.WebAppContext@3e4a20f9{hddsDatanode,/,null,STOPPED}{jar:file:/home/runner/.m2/repository/org/apache/ozone/hdds-container-service/1.4.0-SNAPSHOT/hdds-container-service-1.4.0-SNAPSHOT.jar!/webapps/hddsDatanode}
2023-01-26 20:31:43,589 [Listener at 127.0.0.1/37459] INFO  server.AbstractConnector (AbstractConnector.java:doStop(383)) - Stopped ServerConnector@30b1bd09{HTTP/1.1, (http/1.1)}{0.0.0.0:0}
2023-01-26 20:31:43,589 [Listener at 127.0.0.1/37459] INFO  server.session (HouseKeeper.java:stopScavenging(149)) - node0 Stopped scavenging
2023-01-26 20:31:43,589 [Listener at 127.0.0.1/37459] INFO  handler.ContextHandler (ContextHandler.java:doStop(1159)) - Stopped o.e.j.s.ServletContextHandler@68d4379e{static,/static,jar:file:/home/runner/.m2/repository/org/apache/ozone/hdds-container-service/1.4.0-SNAPSHOT/hdds-container-service-1.4.0-SNAPSHOT.jar!/webapps/static,STOPPED}
2023-01-26 20:31:43,589 [Listener at 127.0.0.1/37459] INFO  handler.ContextHandler (ContextHandler.java:doStop(1159)) - Stopped o.e.j.s.ServletContextHandler@2bd46f9b{logs,/logs,file:///home/runner/work/ozone/ozone/hadoop-ozone/integration-test/target/log,STOPPED}
2023-01-26 20:31:43,591 [Listener at 127.0.0.1/37459] INFO  ozone.MiniOzoneClusterImpl (MiniOzoneClusterImpl.java:stopSCM(539)) - Stopping the StorageContainerManager
2023-01-26 20:31:43,591 [Listener at 127.0.0.1/37459] INFO  server.StorageContainerManager (StorageContainerManager.java:stop(1535)) - Container Balancer is not running.
2023-01-26 20:31:43,591 [Listener at 127.0.0.1/37459] INFO  server.StorageContainerManager (StorageContainerManager.java:stop(1542)) - Stopping Replication Manager Service.
2023-01-26 20:31:43,591 [Listener at 127.0.0.1/37459] INFO  replication.ReplicationManager (ReplicationManager.java:stop(294)) - Stopping Replication Monitor Thread.
2023-01-26 20:31:43,591 [Over Replicated Processor] WARN  replication.UnhealthyReplicationProcessor (UnhealthyReplicationProcessor.java:run(142)) - Over Replicated Processor interrupted. Exiting...
2023-01-26 20:31:43,591 [Under Replicated Processor] WARN  replication.UnhealthyReplicationProcessor (UnhealthyReplicationProcessor.java:run(142)) - Under Replicated Processor interrupted. Exiting...
2023-01-26 20:31:43,591 [Listener at 127.0.0.1/37459] INFO  server.StorageContainerManager (StorageContainerManager.java:stop(1549)) - Stopping the Datanode Admin Monitor.
2023-01-26 20:31:43,591 [ReplicationMonitor] INFO  replication.ReplicationManager (ReplicationManager.java:run(671)) - Replication Monitor Thread is stopped
2023-01-26 20:31:43,592 [Listener at 127.0.0.1/37459] INFO  server.StorageContainerManager (StorageContainerManager.java:stop(1556)) - Stopping datanode service RPC server
2023-01-26 20:31:43,592 [Listener at 127.0.0.1/37459] INFO  server.SCMDatanodeProtocolServer (SCMDatanodeProtocolServer.java:stop(441)) - Stopping the RPC server for DataNodes
2023-01-26 20:31:43,592 [Listener at 127.0.0.1/37459] INFO  ipc.Server (Server.java:stop(3428)) - Stopping server on 43955
2023-01-26 20:31:43,592 [IPC Server listener on 0] INFO  ipc.Server (Server.java:run(1384)) - Stopping IPC Server listener on 0
2023-01-26 20:31:43,594 [IPC Server Responder] INFO  ipc.Server (Server.java:run(1517)) - Stopping IPC Server Responder
2023-01-26 20:31:43,602 [SCM Heartbeat Processing Thread - 0] WARN  node.NodeStateManager (NodeStateManager.java:scheduleNextHealthCheck(870)) - Current Thread is interrupted, shutting down HB processing thread for Node Manager.
2023-01-26 20:31:43,602 [Listener at 127.0.0.1/37459] INFO  server.StorageContainerManager (StorageContainerManager.java:stop(1564)) - Stopping block service RPC server
2023-01-26 20:31:43,603 [Listener at 127.0.0.1/37459] INFO  server.SCMBlockProtocolServer (SCMBlockProtocolServer.java:stop(161)) - Stopping the RPC server for Block Protocol
2023-01-26 20:31:43,603 [Listener at 127.0.0.1/37459] INFO  ipc.Server (Server.java:stop(3428)) - Stopping server on 42307
2023-01-26 20:31:43,603 [IPC Server listener on 0] INFO  ipc.Server (Server.java:run(1384)) - Stopping IPC Server listener on 0
2023-01-26 20:31:43,605 [IPC Server Responder] INFO  ipc.Server (Server.java:run(1517)) - Stopping IPC Server Responder
2023-01-26 20:31:43,605 [Listener at 127.0.0.1/37459] INFO  server.StorageContainerManager (StorageContainerManager.java:stop(1571)) - Stopping the StorageContainerLocationProtocol RPC server
2023-01-26 20:31:43,605 [Listener at 127.0.0.1/37459] INFO  server.SCMClientProtocolServer (SCMClientProtocolServer.java:stop(179)) - Stopping the RPC server for Client Protocol
2023-01-26 20:31:43,605 [Listener at 127.0.0.1/37459] INFO  ipc.Server (Server.java:stop(3428)) - Stopping server on 34513
2023-01-26 20:31:43,606 [IPC Server listener on 0] INFO  ipc.Server (Server.java:run(1384)) - Stopping IPC Server listener on 0
2023-01-26 20:31:43,607 [IPC Server Responder] INFO  ipc.Server (Server.java:run(1517)) - Stopping IPC Server Responder
2023-01-26 20:31:43,607 [Listener at 127.0.0.1/37459] INFO  server.StorageContainerManager (StorageContainerManager.java:stop(1578)) - Stopping Storage Container Manager HTTP server.
2023-01-26 20:31:43,608 [Listener at 127.0.0.1/37459] INFO  handler.ContextHandler (ContextHandler.java:doStop(1159)) - Stopped o.e.j.w.WebAppContext@281ad698{scm,/,null,STOPPED}{file:/home/runner/work/ozone/ozone/hadoop-ozone/integration-test/target/test-classes/webapps/scm}
2023-01-26 20:31:43,609 [Listener at 127.0.0.1/37459] INFO  server.AbstractConnector (AbstractConnector.java:doStop(383)) - Stopped ServerConnector@523ddffa{HTTP/1.1, (http/1.1)}{0.0.0.0:0}
2023-01-26 20:31:43,609 [Listener at 127.0.0.1/37459] INFO  server.session (HouseKeeper.java:stopScavenging(149)) - node0 Stopped scavenging
2023-01-26 20:31:43,609 [Listener at 127.0.0.1/37459] INFO  handler.ContextHandler (ContextHandler.java:doStop(1159)) - Stopped o.e.j.s.ServletContextHandler@409140b2{static,/static,file:///home/runner/work/ozone/ozone/hadoop-ozone/integration-test/target/test-classes/webapps/static,STOPPED}
2023-01-26 20:31:43,610 [Listener at 127.0.0.1/37459] INFO  handler.ContextHandler (ContextHandler.java:doStop(1159)) - Stopped o.e.j.s.ServletContextHandler@25227194{logs,/logs,file:///home/runner/work/ozone/ozone/hadoop-ozone/integration-test/target/log,STOPPED}
2023-01-26 20:31:43,611 [Listener at 127.0.0.1/37459] INFO  server.StorageContainerManager (StorageContainerManager.java:stop(1584)) - Stopping SCM LayoutVersionManager Service.
2023-01-26 20:31:43,611 [Listener at 127.0.0.1/37459] INFO  server.StorageContainerManager (StorageContainerManager.java:stop(1592)) - Stopping Block Manager Service.
2023-01-26 20:31:43,611 [Listener at 127.0.0.1/37459] INFO  utils.BackgroundService (BackgroundService.java:shutdown(141)) - Shutting down service SCMBlockDeletingService
2023-01-26 20:31:43,611 [Listener at 127.0.0.1/37459] INFO  utils.BackgroundService (BackgroundService.java:shutdown(141)) - Shutting down service SCMBlockDeletingService
2023-01-26 20:31:43,611 [Listener at 127.0.0.1/37459] INFO  server.StorageContainerManager (StorageContainerManager.java:stop(1614)) - Stopping SCM Event Queue.
2023-01-26 20:31:43,620 [Listener at 127.0.0.1/37459] INFO  server.StorageContainerManager (StorageContainerManager.java:stop(1625)) - Stopping SCM HA services.
2023-01-26 20:31:43,620 [Listener at 127.0.0.1/37459] INFO  pipeline.BackgroundPipelineCreator (BackgroundPipelineCreator.java:stop(149)) - Stopping RatisPipelineUtilsThread.
2023-01-26 20:31:43,621 [RatisPipelineUtilsThread - 0] WARN  pipeline.BackgroundPipelineCreator (BackgroundPipelineCreator.java:run(180)) - RatisPipelineUtilsThread is interrupted.
2023-01-26 20:31:43,621 [BackgroundPipelineScrubberThread] WARN  BackgroundPipelineScrubber (BackgroundSCMService.java:run(115)) - BackgroundPipelineScrubber is interrupted, exit
2023-01-26 20:31:43,621 [Listener at 127.0.0.1/37459] INFO  BackgroundPipelineScrubber (BackgroundSCMService.java:stop(131)) - Stopping BackgroundPipelineScrubber Service.
2023-01-26 20:31:43,621 [Listener at 127.0.0.1/37459] INFO  impl.MetricsSystemImpl (MetricsSystemImpl.java:stop(210)) - Stopping HddsDatanode metrics system...
2023-01-26 20:31:43,631 [prometheus] INFO  impl.MetricsSinkAdapter (MetricsSinkAdapter.java:publishMetricsFromQueue(141)) - prometheus thread interrupted.
2023-01-26 20:31:43,631 [Listener at 127.0.0.1/37459] INFO  impl.MetricsSystemImpl (MetricsSystemImpl.java:stop(216)) - HddsDatanode metrics system stopped.
2023-01-26 20:31:43,631 [Listener at 127.0.0.1/37459] WARN  pipeline.BackgroundPipelineCreator (BackgroundPipelineCreator.java:stop(145)) - RatisPipelineUtilsThread is not running, just ignore.
2023-01-26 20:31:43,632 [Listener at 127.0.0.1/37459] INFO  BackgroundPipelineScrubber (BackgroundSCMService.java:stop(126)) - BackgroundPipelineScrubber Service is not running, skip stop.
2023-01-26 20:31:43,632 [Listener at 127.0.0.1/37459] INFO  ExpiredContainerReplicaOpScrubber (BackgroundSCMService.java:stop(131)) - Stopping ExpiredContainerReplicaOpScrubber Service.
2023-01-26 20:31:43,632 [ExpiredContainerReplicaOpScrubberThread] WARN  ExpiredContainerReplicaOpScrubber (BackgroundSCMService.java:run(115)) - ExpiredContainerReplicaOpScrubber is interrupted, exit
2023-01-26 20:31:43,632 [Listener at 127.0.0.1/37459] INFO  utils.BackgroundService (BackgroundService.java:shutdown(141)) - Shutting down service SCMBlockDeletingService
2023-01-26 20:31:43,632 [Listener at 127.0.0.1/37459] INFO  replication.ReplicationManager (ReplicationManager.java:stop(302)) - Replication Monitor Thread is not running.
2023-01-26 20:31:43,632 [Listener at 127.0.0.1/37459] WARN  balancer.ContainerBalancer (ContainerBalancer.java:stop(322)) - Cannot stop Container Balancer because it's not running or stopping
2023-01-26 20:31:43,632 [Listener at 127.0.0.1/37459] INFO  server.StorageContainerManager (StorageContainerManager.java:stop(1643)) - Stopping SCM MetadataStore.
2023-01-26 20:31:43,680 [Listener at 127.0.0.1/37459] WARN  server.ServerUtils (ServerUtils.java:getScmDbDir(148)) - ozone.scm.db.dirs is not configured. We recommend adding this setting. Falling back to ozone.metadata.dirs instead.
2023-01-26 20:31:43,683 [Listener at 127.0.0.1/37459] WARN  server.ServerUtils (ServerUtils.java:getScmDbDir(148)) - ozone.scm.db.dirs is not configured. We recommend adding this setting. Falling back to ozone.metadata.dirs instead.
2023-01-26 20:31:43,683 [Listener at 127.0.0.1/37459] INFO  ha.SCMHANodeDetails (SCMHANodeDetails.java:loadSCMHAConfig(209)) - ServiceID for StorageContainerManager is null
2023-01-26 20:31:43,684 [Listener at 127.0.0.1/37459] INFO  ha.SCMHANodeDetails (SCMHANodeDetails.java:loadSCMHAConfig(214)) - ozone.scm.default.service.id is not defined, falling back to ozone.scm.service.ids to find serviceID for StorageContainerManager if it is HA enabled cluster
2023-01-26 20:31:43,684 [Listener at 127.0.0.1/37459] WARN  utils.HAUtils (HAUtils.java:getMetaDir(342)) - ozone.scm.db.dirs is not configured. We recommend adding this setting. Falling back to ozone.metadata.dirs instead.
2023-01-26 20:31:43,684 [Listener at 127.0.0.1/37459] WARN  db.DBStoreBuilder (DBStoreBuilder.java:applyDBDefinition(144)) - ozone.scm.db.dirs is not configured. We recommend adding this setting. Falling back to ozone.metadata.dirs instead.
2023-01-26 20:31:43,776 [Listener at 127.0.0.1/37459] INFO  net.NodeSchemaLoader (NodeSchemaLoader.java:loadSchemaFromFile(129)) - Loading schema from [jar:file:/home/runner/.m2/repository/org/apache/ozone/hdds-common/1.4.0-SNAPSHOT/hdds-common-1.4.0-SNAPSHOT.jar!/network-topology-default.xml]
2023-01-26 20:31:43,776 [Listener at 127.0.0.1/37459] INFO  net.NodeSchemaLoader (NodeSchemaLoader.java:loadSchema(176)) - Loading network topology layer schema file
2023-01-26 20:31:43,779 [Listener at 127.0.0.1/37459] INFO  upgrade.AbstractLayoutVersionManager (AbstractLayoutVersionManager.java:init(83)) - Initializing Layout version manager with metadata layout = DATANODE_SCHEMA_V3 (version = 4), software layout = DATANODE_SCHEMA_V3 (version = 4)
2023-01-26 20:31:43,829 [Listener at 127.0.0.1/37459] INFO  reflections.Reflections (Reflections.java:scan(232)) - Reflections took 49 ms to scan 7 urls, producing 148 keys and 356 values 
2023-01-26 20:31:43,831 [Listener at 127.0.0.1/37459] INFO  ha.SequenceIdGenerator (SequenceIdGenerator.java:upgradeToSequenceId(349)) - upgrade localId to 111677748019200000
2023-01-26 20:31:43,831 [Listener at 127.0.0.1/37459] INFO  ha.SequenceIdGenerator (SequenceIdGenerator.java:upgradeToSequenceId(359)) - upgrade delTxnId to 0
2023-01-26 20:31:43,831 [Listener at 127.0.0.1/37459] INFO  ha.SequenceIdGenerator (SequenceIdGenerator.java:upgradeToSequenceId(376)) - upgrade containerId to 0
2023-01-26 20:31:43,831 [Listener at 127.0.0.1/37459] INFO  ha.SequenceIdGenerator (SequenceIdGenerator.java:<init>(220)) - Init the HA SequenceIdGenerator.
2023-01-26 20:31:43,832 [Listener at 127.0.0.1/37459] WARN  server.ServerUtils (ServerUtils.java:sanitizeUserArgs(73)) - ozone.scm.stale.node.interval value = 300000 is larger than max = 100000 based on the key value of ozone.scm.heartbeat.thread.interval, reset to the max value 100000.
2023-01-26 20:31:43,832 [Listener at 127.0.0.1/37459] WARN  server.ServerUtils (ServerUtils.java:sanitizeUserArgs(73)) - ozone.scm.stale.node.interval value = 300000 is larger than max = 100000 based on the key value of ozone.scm.heartbeat.thread.interval, reset to the max value 100000.
2023-01-26 20:31:43,832 [Listener at 127.0.0.1/37459] INFO  node.SCMNodeManager (SCMNodeManager.java:<init>(149)) - Entering startup safe mode.
2023-01-26 20:31:43,833 [Listener at 127.0.0.1/37459] INFO  algorithms.ContainerPlacementPolicyFactory (ContainerPlacementPolicyFactory.java:getPolicyInternal(86)) - Create container placement policy of type org.apache.hadoop.hdds.scm.container.placement.algorithms.SCMContainerPlacementRandom
2023-01-26 20:31:43,833 [Listener at 127.0.0.1/37459] INFO  algorithms.ContainerPlacementPolicyFactory (ContainerPlacementPolicyFactory.java:getPolicyInternal(86)) - Create container placement policy of type org.apache.hadoop.hdds.scm.container.placement.algorithms.SCMContainerPlacementRackScatter
2023-01-26 20:31:43,833 [Listener at 127.0.0.1/37459] INFO  pipeline.PipelineStateManagerImpl (PipelineStateManagerImpl.java:initialize(78)) - No pipeline exists in current db
2023-01-26 20:31:43,833 [Listener at 127.0.0.1/37459] INFO  algorithms.LeaderChoosePolicyFactory (LeaderChoosePolicyFactory.java:getPolicy(57)) - Create leader choose policy of type org.apache.hadoop.hdds.scm.pipeline.leader.choose.algorithms.MinLeaderCountChoosePolicy
2023-01-26 20:31:43,833 [Listener at 127.0.0.1/37459] INFO  algorithms.ContainerPlacementPolicyFactory (ContainerPlacementPolicyFactory.java:getPolicyInternal(86)) - Create container placement policy of type org.apache.hadoop.hdds.scm.container.placement.algorithms.SCMContainerPlacementRackScatter
2023-01-26 20:31:43,834 [Listener at 127.0.0.1/37459] INFO  ha.SCMServiceManager (SCMServiceManager.java:register(42)) - Registering service BackgroundPipelineCreator.
2023-01-26 20:31:43,834 [Listener at 127.0.0.1/37459] INFO  pipeline.BackgroundPipelineCreator (BackgroundPipelineCreator.java:start(124)) - Starting RatisPipelineUtilsThread.
2023-01-26 20:31:43,834 [Listener at 127.0.0.1/37459] INFO  BackgroundPipelineScrubber (BackgroundSCMService.java:start(68)) - Starting BackgroundPipelineScrubber Service.
2023-01-26 20:31:43,834 [Listener at 127.0.0.1/37459] INFO  ha.SCMServiceManager (SCMServiceManager.java:register(42)) - Registering service BackgroundPipelineScrubber.
2023-01-26 20:31:43,835 [Listener at 127.0.0.1/37459] INFO  ExpiredContainerReplicaOpScrubber (BackgroundSCMService.java:start(68)) - Starting ExpiredContainerReplicaOpScrubber Service.
2023-01-26 20:31:43,835 [Listener at 127.0.0.1/37459] INFO  ha.SCMServiceManager (SCMServiceManager.java:register(42)) - Registering service ExpiredContainerReplicaOpScrubber.
2023-01-26 20:31:43,836 [Listener at 127.0.0.1/37459] INFO  algorithms.PipelineChoosePolicyFactory (PipelineChoosePolicyFactory.java:createPipelineChoosePolicyFromClass(73)) - Create pipeline choose policy of type org.apache.hadoop.hdds.scm.pipeline.choose.algorithms.RandomPipelineChoosePolicy
2023-01-26 20:31:43,837 [Listener at 127.0.0.1/37459] INFO  ha.SCMServiceManager (SCMServiceManager.java:register(42)) - Registering service SCMBlockDeletingService.
2023-01-26 20:31:43,837 [Listener at 127.0.0.1/37459] INFO  replication.ReplicationManager (ReplicationManager.java:start(263)) - Starting Replication Monitor Thread.
2023-01-26 20:31:43,837 [Listener at 127.0.0.1/37459] INFO  ha.SCMServiceManager (SCMServiceManager.java:register(42)) - Registering service ReplicationManager.
2023-01-26 20:31:43,838 [Listener at 127.0.0.1/37459] INFO  safemode.ContainerSafeModeRule (ContainerSafeModeRule.java:<init>(89)) - containers with one replica threshold count 0
2023-01-26 20:31:43,838 [Listener at 127.0.0.1/37459] INFO  safemode.HealthyPipelineSafeModeRule (HealthyPipelineSafeModeRule.java:initializeRule(169)) - Total pipeline count is 0, healthy pipeline threshold count is 1
2023-01-26 20:31:43,838 [Listener at 127.0.0.1/37459] INFO  safemode.OneReplicaPipelineSafeModeRule (OneReplicaPipelineSafeModeRule.java:initializeRule(180)) - Total pipeline count is 0, pipeline's with at least one datanode reported threshold count is 0
2023-01-26 20:31:43,839 [Listener at 127.0.0.1/37459] INFO  ipc.CallQueueManager (CallQueueManager.java:<init>(90)) - Using callQueue: class java.util.concurrent.LinkedBlockingQueue, queueCapacity: 2000, scheduler: class org.apache.hadoop.ipc.DefaultRpcScheduler, ipcBackoff: false.
2023-01-26 20:31:43,839 [Socket Reader #1 for port 0] INFO  ipc.Server (Server.java:run(1273)) - Starting Socket Reader #1 for port 0
2023-01-26 20:31:43,840 [Listener at 0.0.0.0/46501] INFO  ipc.CallQueueManager (CallQueueManager.java:<init>(90)) - Using callQueue: class java.util.concurrent.LinkedBlockingQueue, queueCapacity: 2000, scheduler: class org.apache.hadoop.ipc.DefaultRpcScheduler, ipcBackoff: false.
2023-01-26 20:31:43,842 [ReplicationMonitor] INFO  replication.ReplicationManager (ReplicationManager.java:processAll(334)) - Replication Manager is not ready to run until 3000ms after safemode exit
2023-01-26 20:31:43,842 [Listener at 0.0.0.0/35479] INFO  ipc.CallQueueManager (CallQueueManager.java:<init>(90)) - Using callQueue: class java.util.concurrent.LinkedBlockingQueue, queueCapacity: 2000, scheduler: class org.apache.hadoop.ipc.DefaultRpcScheduler, ipcBackoff: false.
2023-01-26 20:31:43,844 [Socket Reader #1 for port 0] INFO  ipc.Server (Server.java:run(1273)) - Starting Socket Reader #1 for port 0
2023-01-26 20:31:43,849 [Socket Reader #1 for port 0] INFO  ipc.Server (Server.java:run(1273)) - Starting Socket Reader #1 for port 0
2023-01-26 20:31:43,855 [Listener at 0.0.0.0/39891] INFO  ha.SCMServiceManager (SCMServiceManager.java:register(42)) - Registering service ContainerBalancer.
2023-01-26 20:31:43,855 [Listener at 0.0.0.0/39891] INFO  server.StorageContainerManager (StorageContainerManager.java:<init>(401)) - 
Container Balancer status:
Key                            Value
Running                        true
Container Balancer Configuration values:
Key                                                Value
Threshold                                          10
Max Datanodes to Involve per Iteration(percent)    20
Max Size to Move per Iteration                     500GB
Max Size Entering Target per Iteration             26GB
Max Size Leaving Source per Iteration              26GB

2023-01-26 20:31:43,855 [Listener at 0.0.0.0/39891] INFO  ha.SCMContext (SCMContext.java:updateSafeModeStatus(228)) - Update SafeModeStatus from SafeModeStatus{safeModeStatus=true, preCheckPassed=false} to SafeModeStatus{safeModeStatus=true, preCheckPassed=false}.
2023-01-26 20:31:43,855 [Listener at 0.0.0.0/39891] INFO  server.StorageContainerManager (StorageContainerManager.java:start(1440)) - StorageContainerLocationProtocol RPC server is listening at /0.0.0.0:39891
2023-01-26 20:31:43,856 [Listener at 0.0.0.0/39891] WARN  impl.MetricsConfig (MetricsConfig.java:loadFirst(136)) - Cannot locate configuration: tried hadoop-metrics2-storagecontainermanager.properties,hadoop-metrics2.properties
2023-01-26 20:31:43,862 [Listener at 0.0.0.0/39891] INFO  impl.MetricsSystemImpl (MetricsSystemImpl.java:startTimer(378)) - Scheduled Metric snapshot period at 10 second(s).
2023-01-26 20:31:43,862 [Listener at 0.0.0.0/39891] INFO  impl.MetricsSystemImpl (MetricsSystemImpl.java:start(191)) - StorageContainerManager metrics system started
2023-01-26 20:31:43,888 [Listener at 0.0.0.0/39891] INFO  impl.MetricsSinkAdapter (MetricsSinkAdapter.java:start(204)) - Sink prometheus started
2023-01-26 20:31:43,888 [Listener at 0.0.0.0/39891] INFO  impl.MetricsSystemImpl (MetricsSystemImpl.java:registerSink(305)) - Registered sink prometheus
2023-01-26 20:31:43,908 [Listener at 0.0.0.0/39891] INFO  server.SCMClientProtocolServer (SCMClientProtocolServer.java:start(170)) - RPC server for Client  is listening at /0.0.0.0:39891
2023-01-26 20:31:43,908 [IPC Server Responder] INFO  ipc.Server (Server.java:run(1512)) - IPC Server Responder: starting
2023-01-26 20:31:43,912 [IPC Server listener on 0] INFO  ipc.Server (Server.java:run(1352)) - IPC Server listener on 0: starting
2023-01-26 20:31:43,919 [Listener at 0.0.0.0/39891] INFO  server.StorageContainerManager (StorageContainerManager.java:start(1454)) - ScmBlockLocationProtocol RPC server is listening at /0.0.0.0:35479
2023-01-26 20:31:43,919 [Listener at 0.0.0.0/39891] INFO  server.SCMBlockProtocolServer (SCMBlockProtocolServer.java:start(152)) - RPC server for Block Protocol is listening at /0.0.0.0:35479
2023-01-26 20:31:43,919 [IPC Server Responder] INFO  ipc.Server (Server.java:run(1512)) - IPC Server Responder: starting
2023-01-26 20:31:43,920 [IPC Server listener on 0] INFO  ipc.Server (Server.java:run(1352)) - IPC Server listener on 0: starting
2023-01-26 20:31:43,921 [Listener at 0.0.0.0/39891] INFO  server.SCMDatanodeProtocolServer (SCMDatanodeProtocolServer.java:start(194)) - ScmDatanodeProtocol RPC server for DataNodes is listening at /0.0.0.0:46501
2023-01-26 20:31:43,922 [IPC Server Responder] INFO  ipc.Server (Server.java:run(1512)) - IPC Server Responder: starting
2023-01-26 20:31:43,922 [IPC Server listener on 0] INFO  ipc.Server (Server.java:run(1352)) - IPC Server listener on 0: starting
2023-01-26 20:31:43,925 [org.apache.hadoop.util.JvmPauseMonitor$Monitor@6f9d1e4d] INFO  util.JvmPauseMonitor (JvmPauseMonitor.java:run(188)) - Starting JVM pause monitor
2023-01-26 20:31:43,926 [Listener at 0.0.0.0/39891] INFO  http.BaseHttpServer (BaseHttpServer.java:newHttpServer2BuilderForOzone(213)) - Starting Web-server for scm at: http://0.0.0.0:0
2023-01-26 20:31:43,926 [Listener at 0.0.0.0/39891] INFO  http.BaseHttpServer (BaseHttpServer.java:<init>(108)) - Hadoop Security Enabled: false Ozone Security Enabled: false Ozone HTTP Security Enabled: false 
2023-01-26 20:31:43,929 [Listener at 0.0.0.0/39891] WARN  server.AuthenticationFilter (AuthenticationFilter.java:constructSecretProvider(240)) - Unable to initialize FileSignerSecretProvider, falling back to use random secrets. Reason: Could not read signature secret file: /home/runner/hadoop-http-auth-signature-secret
2023-01-26 20:31:43,929 [Listener at 0.0.0.0/39891] WARN  http.HttpRequestLog (HttpRequestLog.java:getRequestLog(103)) - Jetty request log can only be enabled using Log4j
2023-01-26 20:31:43,930 [Listener at 0.0.0.0/39891] INFO  http.HttpServer2 (HttpServer2.java:addGlobalFilter(1031)) - Added global filter 'safety' (class=org.apache.hadoop.hdds.server.http.HttpServer2$QuotingInputFilter)
2023-01-26 20:31:43,931 [Listener at 0.0.0.0/39891] INFO  http.HttpServer2 (HttpServer2.java:addFilter(1007)) - Added filter static_user_filter (class=org.apache.hadoop.http.lib.StaticUserWebFilter$StaticUserFilter) to context scm
2023-01-26 20:31:43,931 [Listener at 0.0.0.0/39891] INFO  http.HttpServer2 (HttpServer2.java:addFilter(1015)) - Added filter static_user_filter (class=org.apache.hadoop.http.lib.StaticUserWebFilter$StaticUserFilter) to context logs
2023-01-26 20:31:43,931 [Listener at 0.0.0.0/39891] INFO  http.HttpServer2 (HttpServer2.java:addFilter(1015)) - Added filter static_user_filter (class=org.apache.hadoop.http.lib.StaticUserWebFilter$StaticUserFilter) to context static
2023-01-26 20:31:43,933 [Listener at 0.0.0.0/39891] INFO  http.HttpServer2 (HttpServer2.java:bindListener(1250)) - Jetty bound to port 36775
2023-01-26 20:31:43,933 [Listener at 0.0.0.0/39891] INFO  server.Server (Server.java:doStart(375)) - jetty-9.4.49.v20220914; built: 2022-09-14T01:07:36.601Z; git: 4231a3b2e4cb8548a412a789936d640a97b1aa0a; jvm 1.8.0_352-b08
2023-01-26 20:31:43,934 [Listener at 0.0.0.0/39891] INFO  server.session (DefaultSessionIdManager.java:doStart(334)) - DefaultSessionIdManager workerName=node0
2023-01-26 20:31:43,934 [Listener at 0.0.0.0/39891] INFO  server.session (DefaultSessionIdManager.java:doStart(339)) - No SessionScavenger set, using defaults
2023-01-26 20:31:43,934 [Listener at 0.0.0.0/39891] INFO  server.session (HouseKeeper.java:startScavenging(132)) - node0 Scavenging every 660000ms
2023-01-26 20:31:43,935 [Listener at 0.0.0.0/39891] INFO  handler.ContextHandler (ContextHandler.java:doStart(921)) - Started o.e.j.s.ServletContextHandler@423d5c81{logs,/logs,file:///home/runner/work/ozone/ozone/hadoop-ozone/integration-test/target/log,AVAILABLE}
2023-01-26 20:31:43,935 [Listener at 0.0.0.0/39891] INFO  handler.ContextHandler (ContextHandler.java:doStart(921)) - Started o.e.j.s.ServletContextHandler@6030fd3e{static,/static,file:///home/runner/work/ozone/ozone/hadoop-ozone/integration-test/target/test-classes/webapps/static,AVAILABLE}
2023-01-26 20:31:43,938 [Listener at 0.0.0.0/39891] INFO  handler.ContextHandler (ContextHandler.java:doStart(921)) - Started o.e.j.w.WebAppContext@71ee8e35{scm,/,file:///home/runner/work/ozone/ozone/hadoop-ozone/integration-test/target/test-classes/webapps/scm/,AVAILABLE}{file:/home/runner/work/ozone/ozone/hadoop-ozone/integration-test/target/test-classes/webapps/scm}
2023-01-26 20:31:43,941 [Listener at 0.0.0.0/39891] INFO  server.AbstractConnector (AbstractConnector.java:doStart(333)) - Started ServerConnector@23f054a6{HTTP/1.1, (http/1.1)}{0.0.0.0:36775}
2023-01-26 20:31:43,941 [Listener at 0.0.0.0/39891] INFO  server.Server (Server.java:doStart(415)) - Started @127637ms
2023-01-26 20:31:43,941 [Listener at 0.0.0.0/39891] WARN  impl.MetricsSystemImpl (MetricsSystemImpl.java:register(279)) - Sink prometheus already exists!
2023-01-26 20:31:43,942 [Listener at 0.0.0.0/39891] INFO  http.BaseHttpServer (BaseHttpServer.java:updateConnectorAddress(333)) - HTTP server of scm listening at http://0.0.0.0:36775
2023-01-26 20:31:43,942 [Listener at 0.0.0.0/39891] WARN  server.ServerUtils (ServerUtils.java:getDBPath(225)) - ozone.om.db.dirs is not configured. We recommend adding this setting. Falling back to ozone.metadata.dirs instead.
2023-01-26 20:31:43,944 [Listener at 0.0.0.0/39891] INFO  ha.OMHANodeDetails (OMHANodeDetails.java:loadOMHAConfig(115)) - ozone.om.internal.service.id is not defined, falling back to ozone.om.service.ids to find serviceID for OzoneManager if it is HA enabled cluster
2023-01-26 20:31:43,944 [Listener at 0.0.0.0/39891] INFO  ha.OMHANodeDetails (OMHANodeDetails.java:loadOMHAConfig(226)) - Configuration does not have ozone.om.address set. Falling back to the default OM address /127.0.0.1:0
2023-01-26 20:31:43,944 [Listener at 0.0.0.0/39891] INFO  ha.OMHANodeDetails (OMHANodeDetails.java:getOMNodeDetailsForNonHA(254)) - OM Service ID is not set. Setting it to the default ID: omServiceIdDefault
2023-01-26 20:31:43,944 [Listener at 0.0.0.0/39891] INFO  ha.OMHANodeDetails (OMHANodeDetails.java:getOMNodeDetailsForNonHA(261)) - OM Node ID is not set. Setting it to the default ID: om1
2023-01-26 20:31:43,945 [Listener at 0.0.0.0/39891] WARN  server.ServerUtils (ServerUtils.java:getDBPath(225)) - ozone.om.db.dirs is not configured. We recommend adding this setting. Falling back to ozone.metadata.dirs instead.
2023-01-26 20:31:43,945 [Listener at 0.0.0.0/39891] INFO  upgrade.AbstractLayoutVersionManager (AbstractLayoutVersionManager.java:init(83)) - Initializing Layout version manager with metadata layout = MULTITENANCY_SCHEMA (version = 3), software layout = MULTITENANCY_SCHEMA (version = 3)
2023-01-26 20:31:44,001 [Listener at 0.0.0.0/39891] INFO  reflections.Reflections (Reflections.java:scan(232)) - Reflections took 55 ms to scan 2 urls, producing 155 keys and 428 values [using 2 cores]
2023-01-26 20:31:44,002 [Listener at 0.0.0.0/39891] INFO  upgrade.OMLayoutVersionManager (OMLayoutVersionManager.java:lambda$0(115)) - Skipping Upgrade Action MockOmUpgradeAction since it has been finalized.
2023-01-26 20:31:44,002 [Listener at 0.0.0.0/39891] WARN  server.ServerUtils (ServerUtils.java:getDBPath(225)) - ozone.om.db.dirs is not configured. We recommend adding this setting. Falling back to ozone.metadata.dirs instead.
2023-01-26 20:31:44,003 [Listener at 0.0.0.0/39891] INFO  proxy.SCMBlockLocationFailoverProxyProvider (SCMBlockLocationFailoverProxyProvider.java:<init>(114)) - Created block location fail-over proxy with 1 nodes: [nodeId=scmNodeId,nodeAddress=/0.0.0.0:35479]
2023-01-26 20:31:44,004 [Listener at 0.0.0.0/39891] INFO  proxy.SCMBlockLocationFailoverProxyProvider (SCMBlockLocationFailoverProxyProvider.java:<init>(114)) - Created block location fail-over proxy with 1 nodes: [nodeId=scmNodeId,nodeAddress=/0.0.0.0:35479]
2023-01-26 20:31:44,013 [Listener at 0.0.0.0/39891] WARN  server.ServerUtils (ServerUtils.java:getDBPath(225)) - ozone.om.db.dirs is not configured. We recommend adding this setting. Falling back to ozone.metadata.dirs instead.
2023-01-26 20:31:44,013 [Listener at 0.0.0.0/39891] INFO  codec.OmKeyInfoCodec (OmKeyInfoCodec.java:<init>(49)) - OmKeyInfoCodec ignorePipeline = true
2023-01-26 20:31:44,013 [Listener at 0.0.0.0/39891] INFO  codec.RepeatedOmKeyInfoCodec (RepeatedOmKeyInfoCodec.java:<init>(41)) - RepeatedOmKeyInfoCodec ignorePipeline = true
2023-01-26 20:31:44,155 [Listener at 0.0.0.0/39891] INFO  om.OzoneManager (OzoneManager.java:instantiateServices(728)) - S3 Multi-Tenancy is disabled
2023-01-26 20:31:44,156 [Listener at 0.0.0.0/39891] INFO  om.OzoneManager (OzoneManager.java:addS3GVolumeToDB(4320)) - Created Volume s3v With Owner runner required for S3Gateway operations.
2023-01-26 20:31:44,156 [Listener at 0.0.0.0/39891] WARN  server.ServerUtils (ServerUtils.java:getDefaultRatisDirectory(237)) - Storage directory for Ratis is not configured. It is a good idea to map this to an SSD disk. Falling back to ozone.metadata.dirs
2023-01-26 20:31:44,156 [Listener at 0.0.0.0/39891] WARN  utils.OzoneManagerRatisUtils (OzoneManagerRatisUtils.java:getOMRatisSnapshotDirectory(431)) - ozone.om.ratis.snapshot.dir is not configured. Falling back to ozone.metadata.dirs config
2023-01-26 20:31:44,156 [Listener at 0.0.0.0/39891] WARN  server.ServerUtils (ServerUtils.java:getDefaultRatisDirectory(237)) - Storage directory for Ratis is not configured. It is a good idea to map this to an SSD disk. Falling back to ozone.metadata.dirs
2023-01-26 20:31:44,157 [Listener at 0.0.0.0/39891] INFO  ratis.OzoneManagerRatisServer (OzoneManagerRatisServer.java:<init>(160)) - Instantiating OM Ratis server with groupID: omServiceIdDefault and peers: localhost:9872
2023-01-26 20:31:44,158 [Listener at 0.0.0.0/39891] INFO  ratis.OzoneManagerStateMachine (OzoneManagerStateMachine.java:loadSnapshotInfoFromDB(636)) - LastAppliedIndex is set from TransactionInfo from OM DB as (t:0, i:~)
2023-01-26 20:31:44,158 [Listener at 0.0.0.0/39891] INFO  server.RaftServer (ConfUtils.java:logGet(46)) - raft.rpc.type = GRPC (default)
2023-01-26 20:31:44,158 [Listener at 0.0.0.0/39891] INFO  grpc.GrpcConfigKeys (ConfUtils.java:logFallback(53)) - raft.grpc.admin.host = null (fallback to raft.grpc.server.host)
2023-01-26 20:31:44,158 [Listener at 0.0.0.0/39891] INFO  grpc.GrpcConfigKeys (ConfUtils.java:logFallback(53)) - raft.grpc.admin.port = 9872 (fallback to raft.grpc.server.port)
2023-01-26 20:31:44,158 [Listener at 0.0.0.0/39891] INFO  grpc.GrpcConfigKeys (ConfUtils.java:logFallback(53)) - raft.grpc.client.host = null (fallback to raft.grpc.server.host)
2023-01-26 20:31:44,158 [Listener at 0.0.0.0/39891] INFO  grpc.GrpcConfigKeys (ConfUtils.java:logFallback(53)) - raft.grpc.client.port = 9872 (fallback to raft.grpc.server.port)
2023-01-26 20:31:44,159 [Listener at 0.0.0.0/39891] INFO  grpc.GrpcConfigKeys (ConfUtils.java:logGet(46)) - raft.grpc.server.host = null (default)
2023-01-26 20:31:44,159 [Listener at 0.0.0.0/39891] INFO  grpc.GrpcConfigKeys (ConfUtils.java:logGet(46)) - raft.grpc.server.port = 9872 (custom)
2023-01-26 20:31:44,159 [Listener at 0.0.0.0/39891] INFO  server.GrpcService (ConfUtils.java:logGet(46)) - raft.grpc.message.size.max = 33554432 (custom)
2023-01-26 20:31:44,159 [Listener at 0.0.0.0/39891] INFO  server.RaftServerConfigKeys (ConfUtils.java:logGet(46)) - raft.server.log.appender.buffer.byte-limit = 33554432 (custom)
2023-01-26 20:31:44,159 [Listener at 0.0.0.0/39891] INFO  server.GrpcService (ConfUtils.java:logGet(46)) - raft.grpc.flow.control.window = 1MB (=1048576) (default)
2023-01-26 20:31:44,159 [Listener at 0.0.0.0/39891] INFO  server.RaftServerConfigKeys (ConfUtils.java:logGet(46)) - raft.server.rpc.request.timeout = 3000ms (default)
2023-01-26 20:31:44,159 [Listener at 0.0.0.0/39891] INFO  grpc.GrpcConfigKeys (ConfUtils.java:logGet(46)) - raft.grpc.server.heartbeat.channel = true (default)
2023-01-26 20:31:44,159 [Listener at 0.0.0.0/39891] INFO  grpc.GrpcConfigKeys (ConfUtils.java:logGet(46)) - raft.grpc.server.async.request.thread.pool.cached = true (default)
2023-01-26 20:31:44,159 [Listener at 0.0.0.0/39891] INFO  grpc.GrpcConfigKeys (ConfUtils.java:logGet(46)) - raft.grpc.server.async.request.thread.pool.size = 32 (default)
2023-01-26 20:31:44,161 [Listener at 0.0.0.0/39891] INFO  impl.DataStreamServerImpl (ConfUtils.java:logGet(46)) - raft.datastream.type = NETTY (custom)
2023-01-26 20:31:44,161 [Listener at 0.0.0.0/39891] INFO  server.RaftServerConfigKeys (ConfUtils.java:logGet(46)) - raft.server.data-stream.async.request.thread.pool.cached = false (default)
2023-01-26 20:31:44,161 [Listener at 0.0.0.0/39891] INFO  server.RaftServerConfigKeys (ConfUtils.java:logGet(46)) - raft.server.data-stream.async.request.thread.pool.size = 32 (default)
2023-01-26 20:31:44,161 [Listener at 0.0.0.0/39891] INFO  server.RaftServerConfigKeys (ConfUtils.java:logGet(46)) - raft.server.data-stream.async.write.thread.pool.size = 16 (default)
2023-01-26 20:31:44,161 [Listener at 0.0.0.0/39891] INFO  server.RaftServerConfigKeys (ConfUtils.java:logGet(46)) - raft.server.data-stream.client.pool.size = 10 (default)
2023-01-26 20:31:44,161 [Listener at 0.0.0.0/39891] INFO  netty.NettyConfigKeys$DataStream (ConfUtils.java:logGet(46)) - raft.netty.dataStream.server.use-epoll = false (default)
2023-01-26 20:31:44,161 [Listener at 0.0.0.0/39891] INFO  netty.NettyConfigKeys$DataStream (ConfUtils.java:logGet(46)) - raft.netty.dataStream.server.boss-group.size = 0 (default)
2023-01-26 20:31:44,162 [Listener at 0.0.0.0/39891] INFO  netty.NettyConfigKeys$DataStream (ConfUtils.java:logGet(46)) - raft.netty.dataStream.server.worker-group.size = 0 (default)
2023-01-26 20:31:44,162 [Listener at 0.0.0.0/39891] INFO  netty.NettyConfigKeys$DataStream (ConfUtils.java:logGet(46)) - raft.netty.dataStream.server.tls.conf = null (default)
2023-01-26 20:31:44,162 [Listener at 0.0.0.0/39891] INFO  netty.NettyConfigKeys$DataStream (ConfUtils.java:logGet(46)) - raft.netty.dataStream.host = null (default)
2023-01-26 20:31:44,162 [Listener at 0.0.0.0/39891] INFO  netty.NettyConfigKeys$DataStream (ConfUtils.java:logGet(46)) - raft.netty.dataStream.port = 0 (default)
2023-01-26 20:31:44,164 [Listener at 0.0.0.0/39891] INFO  server.RaftServerConfigKeys (ConfUtils.java:logGet(46)) - raft.server.threadpool.proxy.cached = true (default)
2023-01-26 20:31:44,164 [Listener at 0.0.0.0/39891] INFO  server.RaftServerConfigKeys (ConfUtils.java:logGet(46)) - raft.server.threadpool.proxy.size = 0 (default)
2023-01-26 20:31:44,164 [Listener at 0.0.0.0/39891] INFO  server.RaftServerConfigKeys (ConfUtils.java:logGet(46)) - raft.server.rpc.slowness.timeout = 120s (custom)
2023-01-26 20:31:44,164 [Listener at 0.0.0.0/39891] INFO  server.RaftServerConfigKeys (ConfUtils.java:logGet(46)) - raft.server.leaderelection.leader.step-down.wait-time = 10s (default)
2023-01-26 20:31:44,165 [Listener at 0.0.0.0/39891] INFO  server.RaftServerConfigKeys (ConfUtils.java:logGet(46)) - raft.server.storage.dir = [/home/runner/work/ozone/ozone/hadoop-ozone/integration-test/target/test-dir/MiniOzoneClusterImpl-885fda24-0582-4ee7-b43d-362ebd6c8d83/ozone-meta/ratis] (custom)
2023-01-26 20:31:44,165 [om1-NettyServerStreamRpc-bossGroup--thread1] INFO  logging.LoggingHandler (AbstractInternalLogger.java:log(148)) - [id: 0x6ea75431] REGISTERED
2023-01-26 20:31:44,165 [om1-NettyServerStreamRpc-bossGroup--thread1] INFO  logging.LoggingHandler (AbstractInternalLogger.java:log(148)) - [id: 0x6ea75431] BIND: 0.0.0.0/0.0.0.0:0
2023-01-26 20:31:44,165 [om1-NettyServerStreamRpc-bossGroup--thread1] INFO  logging.LoggingHandler (AbstractInternalLogger.java:log(148)) - [id: 0x6ea75431, L:/0:0:0:0:0:0:0:0:35487] ACTIVE
2023-01-26 20:31:44,171 [Listener at 0.0.0.0/39891] INFO  server.RaftServer (RaftServerProxy.java:addNew(96)) - om1: addNew group-C5BA1605619E:[om1|rpc:localhost:9872|priority:0|startupRole:FOLLOWER] returns group-C5BA1605619E:java.util.concurrent.CompletableFuture@7f65c882[Not completed]
2023-01-26 20:31:44,171 [Listener at 0.0.0.0/39891] INFO  om.OzoneManager (OzoneManager.java:initializeRatisServer(2012)) - OzoneManager Ratis server initialized at port 9872
2023-01-26 20:31:44,172 [Listener at 0.0.0.0/39891] INFO  om.OzoneManager (OzoneManager.java:getRpcServer(1135)) - Creating RPC Server
2023-01-26 20:31:44,173 [pool-459-thread-1] INFO  server.RaftServer$Division (RaftServerImpl.java:<init>(195)) - om1: new RaftServerImpl for group-C5BA1605619E:[om1|rpc:localhost:9872|priority:0|startupRole:FOLLOWER] with OzoneManagerStateMachine:uninitialized
2023-01-26 20:31:44,173 [pool-459-thread-1] INFO  server.RaftServerConfigKeys (ConfUtils.java:logGet(46)) - raft.server.rpc.timeout.min = 1s (custom)
2023-01-26 20:31:44,173 [pool-459-thread-1] INFO  server.RaftServerConfigKeys (ConfUtils.java:logGet(46)) - raft.server.rpc.timeout.max = 1200ms (custom)
2023-01-26 20:31:44,173 [pool-459-thread-1] INFO  server.RaftServerConfigKeys (ConfUtils.java:logGet(46)) - raft.server.rpc.sleep.time = 25ms (default)
2023-01-26 20:31:44,173 [pool-459-thread-1] INFO  server.RaftServerConfigKeys (ConfUtils.java:logGet(46)) - raft.server.rpc.slowness.timeout = 120s (custom)
2023-01-26 20:31:44,173 [pool-459-thread-1] INFO  server.RaftServerConfigKeys (ConfUtils.java:logGet(46)) - raft.server.leaderelection.leader.step-down.wait-time = 10s (default)
2023-01-26 20:31:44,173 [pool-459-thread-1] INFO  server.RaftServerConfigKeys (ConfUtils.java:logGet(46)) - raft.server.sleep.deviation.threshold = 300ms (default)
2023-01-26 20:31:44,173 [pool-459-thread-1] INFO  server.RaftServer$Division (ServerState.java:<init>(118)) - om1@group-C5BA1605619E: ConfigurationManager, init=-1: peers:[om1|rpc:localhost:9872|priority:0|startupRole:FOLLOWER]|listeners:[], old=null, confs=<EMPTY_MAP>
2023-01-26 20:31:44,174 [pool-459-thread-1] INFO  server.RaftServerConfigKeys (ConfUtils.java:logGet(46)) - raft.server.storage.dir = [/home/runner/work/ozone/ozone/hadoop-ozone/integration-test/target/test-dir/MiniOzoneClusterImpl-885fda24-0582-4ee7-b43d-362ebd6c8d83/ozone-meta/ratis] (custom)
2023-01-26 20:31:44,174 [pool-459-thread-1] INFO  server.RaftServerConfigKeys (ConfUtils.java:logGet(46)) - raft.server.log.corruption.policy = EXCEPTION (default)
2023-01-26 20:31:44,174 [pool-459-thread-1] INFO  server.RaftServerConfigKeys (ConfUtils.java:logGet(46)) - raft.server.storage.free-space.min = 0MB (=0) (default)
2023-01-26 20:31:44,174 [pool-459-thread-1] INFO  server.RaftServerConfigKeys (ConfUtils.java:logGet(46)) - raft.server.notification.no-leader.timeout = 120s (custom)
2023-01-26 20:31:44,174 [pool-459-thread-1] INFO  server.RaftServerConfigKeys (ConfUtils.java:logGet(46)) - raft.server.retrycache.expirytime = 300s (custom)
2023-01-26 20:31:44,174 [pool-459-thread-1] INFO  server.RaftServerConfigKeys (ConfUtils.java:logGet(46)) - raft.server.retrycache.statistics.expirytime = 100μs (default)
2023-01-26 20:31:44,174 [pool-459-thread-1] INFO  server.RaftServerConfigKeys (ConfUtils.java:logGet(46)) - raft.server.log.appender.install.snapshot.enabled = false (custom)
2023-01-26 20:31:44,174 [pool-459-thread-1] INFO  server.RaftServerConfigKeys (ConfUtils.java:logGet(46)) - raft.server.threadpool.server.cached = true (default)
2023-01-26 20:31:44,174 [pool-459-thread-1] INFO  server.RaftServerConfigKeys (ConfUtils.java:logGet(46)) - raft.server.threadpool.server.size = 0 (default)
2023-01-26 20:31:44,174 [pool-459-thread-1] INFO  server.RaftServerConfigKeys (ConfUtils.java:logGet(46)) - raft.server.threadpool.client.cached = true (default)
2023-01-26 20:31:44,174 [pool-459-thread-1] INFO  server.RaftServerConfigKeys (ConfUtils.java:logGet(46)) - raft.server.threadpool.client.size = 0 (default)
2023-01-26 20:31:44,447 [Listener at 0.0.0.0/39891] INFO  reflections.Reflections (Reflections.java:scan(232)) - Reflections took 274 ms to scan 19 urls, producing 67 keys and 4590 values [using 2 cores]
2023-01-26 20:31:44,449 [Listener at 0.0.0.0/39891] INFO  ipc.CallQueueManager (CallQueueManager.java:<init>(90)) - Using callQueue: class java.util.concurrent.LinkedBlockingQueue, queueCapacity: 2000, scheduler: class org.apache.hadoop.ipc.DefaultRpcScheduler, ipcBackoff: false.
2023-01-26 20:31:44,449 [Socket Reader #1 for port 0] INFO  ipc.Server (Server.java:run(1273)) - Starting Socket Reader #1 for port 0
2023-01-26 20:31:44,467 [Listener at 127.0.0.1/38041] INFO  impl.MetricsSystemImpl (MetricsSystemImpl.java:init(158)) - OzoneManager metrics system started (again)
2023-01-26 20:31:44,477 [Listener at 127.0.0.1/38041] INFO  om.OzoneManager (OzoneManager.java:start(1519)) - OzoneManager RPC server is listening at localhost/127.0.0.1:38041
2023-01-26 20:31:44,477 [Listener at 127.0.0.1/38041] INFO  ratis.OzoneManagerRatisServer (OzoneManagerRatisServer.java:start(555)) - Starting OzoneManagerRatisServer om1 at port 9872
2023-01-26 20:31:44,477 [om1-impl-thread1] INFO  storage.RaftStorageDirectory (RaftStorageDirectoryImpl.java:analyzeStorage(137)) - The storage directory /home/runner/work/ozone/ozone/hadoop-ozone/integration-test/target/test-dir/MiniOzoneClusterImpl-885fda24-0582-4ee7-b43d-362ebd6c8d83/ozone-meta/ratis/bf265839-605b-3f16-9796-c5ba1605619e does not exist. Creating ...
2023-01-26 20:31:44,478 [om1-impl-thread1] INFO  storage.RaftStorageDirectory (RaftStorageDirectoryImpl.java:tryLock(231)) - Lock on /home/runner/work/ozone/ozone/hadoop-ozone/integration-test/target/test-dir/MiniOzoneClusterImpl-885fda24-0582-4ee7-b43d-362ebd6c8d83/ozone-meta/ratis/bf265839-605b-3f16-9796-c5ba1605619e/in_use.lock acquired by nodename 10488@fv-az462-54
2023-01-26 20:31:44,479 [om1-impl-thread1] INFO  storage.RaftStorage (RaftStorageImpl.java:format(96)) - Storage directory /home/runner/work/ozone/ozone/hadoop-ozone/integration-test/target/test-dir/MiniOzoneClusterImpl-885fda24-0582-4ee7-b43d-362ebd6c8d83/ozone-meta/ratis/bf265839-605b-3f16-9796-c5ba1605619e has been successfully formatted.
2023-01-26 20:31:44,479 [om1-impl-thread1] INFO  server.RaftServerConfigKeys (ConfUtils.java:logGet(46)) - raft.server.log.use.memory = false (default)
2023-01-26 20:31:44,479 [om1-impl-thread1] INFO  server.RaftServerConfigKeys (ConfUtils.java:logGet(46)) - raft.server.log.purge.gap = 1000000 (custom)
2023-01-26 20:31:44,480 [om1-impl-thread1] INFO  server.RaftServerConfigKeys (ConfUtils.java:logGet(46)) - raft.server.log.appender.buffer.byte-limit = 33554432 (custom)
2023-01-26 20:31:44,480 [om1-impl-thread1] INFO  server.RaftServerConfigKeys (ConfUtils.java:logGet(46)) - raft.server.log.statemachine.data.read.timeout = 1000ms (default)
2023-01-26 20:31:44,480 [om1-impl-thread1] INFO  server.RaftServerConfigKeys (ConfUtils.java:logGet(46)) - raft.server.log.purge.preservation.log.num = 0 (default)
2023-01-26 20:31:44,480 [om1-impl-thread1] INFO  server.RaftServerConfigKeys (ConfUtils.java:logGet(46)) - raft.server.log.segment.size.max = 4194304 (custom)
2023-01-26 20:31:44,480 [om1-impl-thread1] INFO  server.RaftServerConfigKeys (ConfUtils.java:logGet(46)) - raft.server.log.segment.cache.num.max = 2 (custom)
2023-01-26 20:31:44,480 [om1-impl-thread1] INFO  server.RaftServerConfigKeys (ConfUtils.java:logGet(46)) - raft.server.log.segment.cache.size.max = 200MB (=209715200) (default)
2023-01-26 20:31:44,480 [om1-impl-thread1] INFO  segmented.SegmentedRaftLogWorker (SegmentedRaftLogWorker.java:<init>(189)) - new om1@group-C5BA1605619E-SegmentedRaftLogWorker for RaftStorageImpl:Storage Directory /home/runner/work/ozone/ozone/hadoop-ozone/integration-test/target/test-dir/MiniOzoneClusterImpl-885fda24-0582-4ee7-b43d-362ebd6c8d83/ozone-meta/ratis/bf265839-605b-3f16-9796-c5ba1605619e
2023-01-26 20:31:44,480 [om1-impl-thread1] INFO  server.RaftServerConfigKeys (ConfUtils.java:logGet(46)) - raft.server.log.queue.byte-limit = 64MB (=67108864) (default)
2023-01-26 20:31:44,480 [om1-impl-thread1] INFO  server.RaftServerConfigKeys (ConfUtils.java:logGet(46)) - raft.server.log.queue.element-limit = 4096 (default)
2023-01-26 20:31:44,480 [om1-impl-thread1] INFO  server.RaftServerConfigKeys (ConfUtils.java:logGet(46)) - raft.server.log.segment.size.max = 4194304 (custom)
2023-01-26 20:31:44,480 [om1-impl-thread1] INFO  server.RaftServerConfigKeys (ConfUtils.java:logGet(46)) - raft.server.log.preallocated.size = 4194304 (custom)
2023-01-26 20:31:44,480 [om1-impl-thread1] INFO  server.RaftServerConfigKeys (ConfUtils.java:logGet(46)) - raft.server.log.force.sync.num = 128 (default)
2023-01-26 20:31:44,480 [om1-impl-thread1] INFO  server.RaftServerConfigKeys (ConfUtils.java:logGet(46)) - raft.server.log.statemachine.data.sync = true (default)
2023-01-26 20:31:44,480 [om1-impl-thread1] INFO  server.RaftServerConfigKeys (ConfUtils.java:logGet(46)) - raft.server.log.statemachine.data.sync.timeout = 10s (default)
2023-01-26 20:31:44,480 [om1-impl-thread1] INFO  server.RaftServerConfigKeys (ConfUtils.java:logGet(46)) - raft.server.log.statemachine.data.sync.timeout.retry = -1 (default)
2023-01-26 20:31:44,481 [om1-impl-thread1] INFO  server.RaftServerConfigKeys (ConfUtils.java:logGet(46)) - raft.server.log.write.buffer.size = 64KB (=65536) (default)
2023-01-26 20:31:44,481 [om1-impl-thread1] INFO  server.RaftServerConfigKeys (ConfUtils.java:logGet(46)) - raft.server.log.appender.buffer.byte-limit = 33554432 (custom)
2023-01-26 20:31:44,485 [om1-impl-thread1] INFO  server.RaftServerConfigKeys (ConfUtils.java:logGet(46)) - raft.server.log.unsafe-flush.enabled = false (default)
2023-01-26 20:31:44,485 [om1-impl-thread1] INFO  server.RaftServerConfigKeys (ConfUtils.java:logGet(46)) - raft.server.log.async-flush.enabled = false (default)
2023-01-26 20:31:44,485 [om1-impl-thread1] INFO  server.RaftServerConfigKeys (ConfUtils.java:logGet(46)) - raft.server.log.statemachine.data.caching.enabled = false (default)
2023-01-26 20:31:44,486 [om1-impl-thread1] INFO  segmented.SegmentedRaftLogWorker (SegmentedRaftLogWorker.java:lambda$new$0(135)) - om1@group-C5BA1605619E-SegmentedRaftLogWorker: flushIndex: setUnconditionally 0 -> -1
2023-01-26 20:31:44,486 [om1-impl-thread1] INFO  segmented.SegmentedRaftLogWorker (SegmentedRaftLogWorker.java:lambda$new$0(135)) - om1@group-C5BA1605619E-SegmentedRaftLogWorker: safeCacheEvictIndex: setUnconditionally 0 -> -1
2023-01-26 20:31:44,487 [om1-impl-thread1] INFO  server.RaftServer$Division (RaftServerImpl.java:start(334)) - om1@group-C5BA1605619E: start as a follower, conf=-1: peers:[om1|rpc:localhost:9872|priority:0|startupRole:FOLLOWER]|listeners:[], old=null
2023-01-26 20:31:44,487 [om1-impl-thread1] INFO  server.RaftServer$Division (RaftServerImpl.java:setRole(321)) - om1@group-C5BA1605619E: changes role from      null to FOLLOWER at term 0 for startAsFollower
2023-01-26 20:31:44,487 [om1-impl-thread1] INFO  impl.RoleInfo (RoleInfo.java:updateAndGet(139)) - om1: start om1@group-C5BA1605619E-FollowerState
2023-01-26 20:31:44,487 [om1-impl-thread1] INFO  util.JmxRegister (JmxRegister.java:tryRegister(44)) - Successfully registered JMX Bean with object name Ratis:service=RaftServer,group=group-C5BA1605619E,id=om1
2023-01-26 20:31:44,488 [om1@group-C5BA1605619E-FollowerState] INFO  server.RaftServerConfigKeys (ConfUtils.java:logFallback(53)) - raft.server.rpc.first-election.timeout.min = 1s (fallback to raft.server.rpc.timeout.min)
2023-01-26 20:31:44,488 [om1-impl-thread1] INFO  server.RaftServerConfigKeys (ConfUtils.java:logGet(46)) - raft.server.snapshot.auto.trigger.enabled = true (custom)
2023-01-26 20:31:44,488 [om1@group-C5BA1605619E-FollowerState] INFO  server.RaftServerConfigKeys (ConfUtils.java:logFallback(53)) - raft.server.rpc.first-election.timeout.max = 1200ms (fallback to raft.server.rpc.timeout.max)
2023-01-26 20:31:44,488 [om1-impl-thread1] INFO  server.RaftServerConfigKeys (ConfUtils.java:logGet(46)) - raft.server.snapshot.auto.trigger.threshold = 400000 (default)
2023-01-26 20:31:44,488 [om1-impl-thread1] INFO  server.RaftServerConfigKeys (ConfUtils.java:logGet(46)) - raft.server.snapshot.retention.file.num = -1 (default)
2023-01-26 20:31:44,488 [om1-impl-thread1] INFO  server.RaftServerConfigKeys (ConfUtils.java:logGet(46)) - raft.server.log.purge.upto.snapshot.index = true (custom)
2023-01-26 20:31:44,488 [Listener at 127.0.0.1/38041] INFO  server.RaftServer (RaftServerProxy.java:startImpl(393)) - om1: start RPC server
2023-01-26 20:31:44,490 [Listener at 127.0.0.1/38041] INFO  server.GrpcService (GrpcService.java:startImpl(262)) - om1: GrpcService started, listening on 9872
2023-01-26 20:31:44,490 [Listener at 127.0.0.1/38041] INFO  om.OzoneManager (OzoneManager.java:start(1535)) - Version File has different layout version (3) than OM DB (null). That is expected if this OM has never been finalized to a newer layout version.
2023-01-26 20:31:44,491 [JvmPauseMonitor11] INFO  util.JvmPauseMonitor (JvmPauseMonitor.java:run(105)) - JvmPauseMonitor-om1: Started
2023-01-26 20:31:44,493 [Listener at 127.0.0.1/38041] INFO  http.BaseHttpServer (BaseHttpServer.java:newHttpServer2BuilderForOzone(213)) - Starting Web-server for ozoneManager at: http://0.0.0.0:0
2023-01-26 20:31:44,493 [Listener at 127.0.0.1/38041] INFO  http.BaseHttpServer (BaseHttpServer.java:<init>(108)) - Hadoop Security Enabled: false Ozone Security Enabled: false Ozone HTTP Security Enabled: false 
2023-01-26 20:31:44,494 [Listener at 127.0.0.1/38041] WARN  server.AuthenticationFilter (AuthenticationFilter.java:constructSecretProvider(240)) - Unable to initialize FileSignerSecretProvider, falling back to use random secrets. Reason: Could not read signature secret file: /home/runner/hadoop-http-auth-signature-secret
2023-01-26 20:31:44,498 [Listener at 127.0.0.1/38041] WARN  http.HttpRequestLog (HttpRequestLog.java:getRequestLog(103)) - Jetty request log can only be enabled using Log4j
2023-01-26 20:31:44,499 [Listener at 127.0.0.1/38041] INFO  http.HttpServer2 (HttpServer2.java:addGlobalFilter(1031)) - Added global filter 'safety' (class=org.apache.hadoop.hdds.server.http.HttpServer2$QuotingInputFilter)
2023-01-26 20:31:44,500 [Listener at 127.0.0.1/38041] INFO  http.HttpServer2 (HttpServer2.java:addFilter(1007)) - Added filter static_user_filter (class=org.apache.hadoop.http.lib.StaticUserWebFilter$StaticUserFilter) to context ozoneManager
2023-01-26 20:31:44,500 [Listener at 127.0.0.1/38041] INFO  http.HttpServer2 (HttpServer2.java:addFilter(1015)) - Added filter static_user_filter (class=org.apache.hadoop.http.lib.StaticUserWebFilter$StaticUserFilter) to context logs
2023-01-26 20:31:44,500 [Listener at 127.0.0.1/38041] INFO  http.HttpServer2 (HttpServer2.java:addFilter(1015)) - Added filter static_user_filter (class=org.apache.hadoop.http.lib.StaticUserWebFilter$StaticUserFilter) to context static
2023-01-26 20:31:44,501 [Listener at 127.0.0.1/38041] INFO  http.HttpServer2 (HttpServer2.java:bindListener(1250)) - Jetty bound to port 39875
2023-01-26 20:31:44,501 [Listener at 127.0.0.1/38041] INFO  server.Server (Server.java:doStart(375)) - jetty-9.4.49.v20220914; built: 2022-09-14T01:07:36.601Z; git: 4231a3b2e4cb8548a412a789936d640a97b1aa0a; jvm 1.8.0_352-b08
2023-01-26 20:31:44,502 [Listener at 127.0.0.1/38041] INFO  server.session (DefaultSessionIdManager.java:doStart(334)) - DefaultSessionIdManager workerName=node0
2023-01-26 20:31:44,503 [Listener at 127.0.0.1/38041] INFO  server.session (DefaultSessionIdManager.java:doStart(339)) - No SessionScavenger set, using defaults
2023-01-26 20:31:44,503 [Listener at 127.0.0.1/38041] INFO  server.session (HouseKeeper.java:startScavenging(132)) - node0 Scavenging every 600000ms
2023-01-26 20:31:44,504 [Listener at 127.0.0.1/38041] INFO  handler.ContextHandler (ContextHandler.java:doStart(921)) - Started o.e.j.s.ServletContextHandler@780b1d6d{logs,/logs,file:///home/runner/work/ozone/ozone/hadoop-ozone/integration-test/target/log,AVAILABLE}
2023-01-26 20:31:44,505 [Listener at 127.0.0.1/38041] INFO  handler.ContextHandler (ContextHandler.java:doStart(921)) - Started o.e.j.s.ServletContextHandler@3d4d0260{static,/static,file:///home/runner/work/ozone/ozone/hadoop-ozone/integration-test/target/test-classes/webapps/static,AVAILABLE}
2023-01-26 20:31:44,508 [Listener at 127.0.0.1/38041] INFO  handler.ContextHandler (ContextHandler.java:doStart(921)) - Started o.e.j.w.WebAppContext@72e2192d{ozoneManager,/,file:///home/runner/work/ozone/ozone/hadoop-ozone/integration-test/target/test-classes/webapps/ozoneManager/,AVAILABLE}{file:/home/runner/work/ozone/ozone/hadoop-ozone/integration-test/target/test-classes/webapps/ozoneManager}
2023-01-26 20:31:44,509 [Listener at 127.0.0.1/38041] INFO  server.AbstractConnector (AbstractConnector.java:doStart(333)) - Started ServerConnector@35e0603{HTTP/1.1, (http/1.1)}{0.0.0.0:39875}
2023-01-26 20:31:44,509 [Listener at 127.0.0.1/38041] INFO  server.Server (Server.java:doStart(415)) - Started @128204ms
2023-01-26 20:31:44,509 [Listener at 127.0.0.1/38041] WARN  impl.MetricsSystemImpl (MetricsSystemImpl.java:register(279)) - Sink prometheus already exists!
2023-01-26 20:31:44,510 [Listener at 127.0.0.1/38041] INFO  http.BaseHttpServer (BaseHttpServer.java:updateConnectorAddress(333)) - HTTP server of ozoneManager listening at http://0.0.0.0:39875
2023-01-26 20:31:44,511 [IPC Server Responder] INFO  ipc.Server (Server.java:run(1512)) - IPC Server Responder: starting
2023-01-26 20:31:44,516 [IPC Server listener on 0] INFO  ipc.Server (Server.java:run(1352)) - IPC Server listener on 0: starting
2023-01-26 20:31:44,520 [Listener at 127.0.0.1/38041] INFO  om.TrashPolicyOzone (TrashPolicyOzone.java:<init>(277)) - Ozone Manager trash configuration: Deletion interval = 0 minutes, Emptier interval = 0 minutes.
2023-01-26 20:31:44,520 [org.apache.hadoop.util.JvmPauseMonitor$Monitor@553f7b1e] INFO  util.JvmPauseMonitor (JvmPauseMonitor.java:run(188)) - Starting JVM pause monitor
2023-01-26 20:31:44,535 [Listener at 127.0.0.1/38041] WARN  impl.MetricRegistriesImpl (MetricRegistriesImpl.java:addReporterRegistration(111)) - New reporters are added after registries were created. Some metrics will be missing from the reporter. Please add reporter before adding any new registry.
2023-01-26 20:31:44,535 [Listener at 127.0.0.1/38041] WARN  impl.MetricRegistriesImpl (MetricRegistriesImpl.java:addReporterRegistration(111)) - New reporters are added after registries were created. Some metrics will be missing from the reporter. Please add reporter before adding any new registry.
2023-01-26 20:31:44,536 [Listener at 127.0.0.1/38041] INFO  impl.MetricsSystemImpl (MetricsSystemImpl.java:init(158)) - HddsDatanode metrics system started (again)
2023-01-26 20:31:44,547 [Listener at 127.0.0.1/38041] INFO  ozone.HddsDatanodeService (HddsDatanodeService.java:start(228)) - HddsDatanodeService host:fv-az462-54.0zuljvm5d0yedf4jva4xayy4gc.gx.internal.cloudapp.net ip:10.1.0.15
2023-01-26 20:31:44,567 [Listener at 127.0.0.1/38041] INFO  upgrade.AbstractLayoutVersionManager (AbstractLayoutVersionManager.java:init(83)) - Initializing Layout version manager with metadata layout = DATANODE_SCHEMA_V3 (version = 4), software layout = DATANODE_SCHEMA_V3 (version = 4)
2023-01-26 20:31:44,659 [Listener at 127.0.0.1/38041] INFO  reflections.Reflections (Reflections.java:scan(232)) - Reflections took 91 ms to scan 7 urls, producing 148 keys and 356 values 
2023-01-26 20:31:44,661 [Listener at 127.0.0.1/38041] INFO  statemachine.DatanodeStateMachine (DatanodeStateMachine.java:getEndPointTaskThreadPoolSize(259)) - Datanode State Machine Task Thread Pool size 2
2023-01-26 20:31:44,662 [Listener at 127.0.0.1/38041] INFO  volume.HddsVolume (HddsVolume.java:<init>(117)) - Creating HddsVolume: /home/runner/work/ozone/ozone/hadoop-ozone/integration-test/target/test-dir/MiniOzoneClusterImpl-885fda24-0582-4ee7-b43d-362ebd6c8d83/datanode-0/data-0/containers/hdds of storage type : DISK capacity : 9223372036854775807
2023-01-26 20:31:44,662 [Listener at 127.0.0.1/38041] INFO  volume.MutableVolumeSet (MutableVolumeSet.java:initializeVolumeSet(174)) - Added Volume : /home/runner/work/ozone/ozone/hadoop-ozone/integration-test/target/test-dir/MiniOzoneClusterImpl-885fda24-0582-4ee7-b43d-362ebd6c8d83/datanode-0/data-0/containers/hdds to VolumeSet
2023-01-26 20:31:44,663 [Listener at 127.0.0.1/38041] INFO  volume.ThrottledAsyncChecker (ThrottledAsyncChecker.java:schedule(141)) - Scheduling a check for /home/runner/work/ozone/ozone/hadoop-ozone/integration-test/target/test-dir/MiniOzoneClusterImpl-885fda24-0582-4ee7-b43d-362ebd6c8d83/datanode-0/data-0/containers/hdds
2023-01-26 20:31:44,663 [Listener at 127.0.0.1/38041] INFO  volume.StorageVolumeChecker (StorageVolumeChecker.java:checkAllVolumes(202)) - Scheduled health check for volume /home/runner/work/ozone/ozone/hadoop-ozone/integration-test/target/test-dir/MiniOzoneClusterImpl-885fda24-0582-4ee7-b43d-362ebd6c8d83/datanode-0/data-0/containers/hdds
2023-01-26 20:31:44,674 [Listener at 127.0.0.1/38041] INFO  volume.MutableVolumeSet (MutableVolumeSet.java:initializeVolumeSet(174)) - Added Volume : /home/runner/work/ozone/ozone/hadoop-ozone/integration-test/target/test-dir/MiniOzoneClusterImpl-885fda24-0582-4ee7-b43d-362ebd6c8d83/datanode-0/data/ratis to VolumeSet
2023-01-26 20:31:44,674 [Listener at 127.0.0.1/38041] INFO  volume.ThrottledAsyncChecker (ThrottledAsyncChecker.java:schedule(141)) - Scheduling a check for /home/runner/work/ozone/ozone/hadoop-ozone/integration-test/target/test-dir/MiniOzoneClusterImpl-885fda24-0582-4ee7-b43d-362ebd6c8d83/datanode-0/data/ratis
2023-01-26 20:31:44,674 [Listener at 127.0.0.1/38041] INFO  volume.StorageVolumeChecker (StorageVolumeChecker.java:checkAllVolumes(202)) - Scheduled health check for volume /home/runner/work/ozone/ozone/hadoop-ozone/integration-test/target/test-dir/MiniOzoneClusterImpl-885fda24-0582-4ee7-b43d-362ebd6c8d83/datanode-0/data/ratis
2023-01-26 20:31:44,684 [Thread-910] INFO  ozoneimpl.ContainerReader (ContainerReader.java:readVolume(175)) - Finish verifying containers on volume /home/runner/work/ozone/ozone/hadoop-ozone/integration-test/target/test-dir/MiniOzoneClusterImpl-885fda24-0582-4ee7-b43d-362ebd6c8d83/datanode-0/data-0/containers/hdds
2023-01-26 20:31:44,684 [Listener at 127.0.0.1/38041] INFO  ozoneimpl.OzoneContainer (OzoneContainer.java:buildContainerSet(305)) - Build ContainerSet costs 0s
2023-01-26 20:31:44,686 [Listener at 127.0.0.1/38041] INFO  server.RaftServer (ConfUtils.java:logGet(46)) - raft.rpc.type = GRPC (default)
2023-01-26 20:31:44,686 [Listener at 127.0.0.1/38041] INFO  grpc.GrpcConfigKeys (ConfUtils.java:logFallback(53)) - raft.grpc.admin.host = null (fallback to raft.grpc.server.host)
2023-01-26 20:31:44,686 [Listener at 127.0.0.1/38041] INFO  grpc.GrpcConfigKeys (ConfUtils.java:logGet(46)) - raft.grpc.admin.port = 0 (custom)
2023-01-26 20:31:44,687 [Listener at 127.0.0.1/38041] INFO  grpc.GrpcConfigKeys (ConfUtils.java:logFallback(53)) - raft.grpc.client.host = null (fallback to raft.grpc.server.host)
2023-01-26 20:31:44,687 [Listener at 127.0.0.1/38041] INFO  grpc.GrpcConfigKeys (ConfUtils.java:logGet(46)) - raft.grpc.client.port = 0 (custom)
2023-01-26 20:31:44,687 [Listener at 127.0.0.1/38041] INFO  grpc.GrpcConfigKeys (ConfUtils.java:logGet(46)) - raft.grpc.server.host = null (default)
2023-01-26 20:31:44,687 [Listener at 127.0.0.1/38041] INFO  grpc.GrpcConfigKeys (ConfUtils.java:logGet(46)) - raft.grpc.server.port = 0 (default)
2023-01-26 20:31:44,687 [Listener at 127.0.0.1/38041] INFO  server.GrpcService (ConfUtils.java:logGet(46)) - raft.grpc.message.size.max = 32MB (=33554432) (custom)
2023-01-26 20:31:44,687 [Listener at 127.0.0.1/38041] INFO  server.RaftServerConfigKeys (ConfUtils.java:logGet(46)) - raft.server.log.appender.buffer.byte-limit = 33554432 (custom)
2023-01-26 20:31:44,687 [Listener at 127.0.0.1/38041] INFO  server.GrpcService (ConfUtils.java:logGet(46)) - raft.grpc.flow.control.window = 5MB (=5242880) (custom)
2023-01-26 20:31:44,687 [Listener at 127.0.0.1/38041] INFO  server.RaftServerConfigKeys (ConfUtils.java:logGet(46)) - raft.server.rpc.request.timeout = 60s (custom)
2023-01-26 20:31:44,687 [Listener at 127.0.0.1/38041] INFO  grpc.GrpcConfigKeys (ConfUtils.java:logGet(46)) - raft.grpc.server.heartbeat.channel = true (default)
2023-01-26 20:31:44,687 [Listener at 127.0.0.1/38041] INFO  grpc.GrpcConfigKeys (ConfUtils.java:logGet(46)) - raft.grpc.server.async.request.thread.pool.cached = true (default)
2023-01-26 20:31:44,687 [Listener at 127.0.0.1/38041] INFO  grpc.GrpcConfigKeys (ConfUtils.java:logGet(46)) - raft.grpc.server.async.request.thread.pool.size = 32 (default)
2023-01-26 20:31:44,688 [Listener at 127.0.0.1/38041] INFO  impl.DataStreamServerImpl (ConfUtils.java:logGet(46)) - raft.datastream.type = NETTY (custom)
2023-01-26 20:31:44,689 [Listener at 127.0.0.1/38041] INFO  server.RaftServerConfigKeys (ConfUtils.java:logGet(46)) - raft.server.data-stream.async.request.thread.pool.cached = false (default)
2023-01-26 20:31:44,689 [Listener at 127.0.0.1/38041] INFO  server.RaftServerConfigKeys (ConfUtils.java:logGet(46)) - raft.server.data-stream.async.request.thread.pool.size = 20 (custom)
2023-01-26 20:31:44,689 [Listener at 127.0.0.1/38041] INFO  server.RaftServerConfigKeys (ConfUtils.java:logGet(46)) - raft.server.data-stream.async.write.thread.pool.size = 16 (default)
2023-01-26 20:31:44,689 [Listener at 127.0.0.1/38041] INFO  server.RaftServerConfigKeys (ConfUtils.java:logGet(46)) - raft.server.data-stream.client.pool.size = 10 (default)
2023-01-26 20:31:44,689 [Listener at 127.0.0.1/38041] INFO  netty.NettyConfigKeys$DataStream (ConfUtils.java:logGet(46)) - raft.netty.dataStream.server.use-epoll = false (default)
2023-01-26 20:31:44,689 [Listener at 127.0.0.1/38041] INFO  netty.NettyConfigKeys$DataStream (ConfUtils.java:logGet(46)) - raft.netty.dataStream.server.boss-group.size = 0 (default)
2023-01-26 20:31:44,690 [Listener at 127.0.0.1/38041] INFO  netty.NettyConfigKeys$DataStream (ConfUtils.java:logGet(46)) - raft.netty.dataStream.server.worker-group.size = 0 (default)
2023-01-26 20:31:44,690 [Listener at 127.0.0.1/38041] INFO  netty.NettyConfigKeys$DataStream (ConfUtils.java:logGet(46)) - raft.netty.dataStream.server.tls.conf = null (default)
2023-01-26 20:31:44,690 [Listener at 127.0.0.1/38041] INFO  netty.NettyConfigKeys$DataStream (ConfUtils.java:logGet(46)) - raft.netty.dataStream.host = null (default)
2023-01-26 20:31:44,690 [Listener at 127.0.0.1/38041] INFO  netty.NettyConfigKeys$DataStream (ConfUtils.java:logGet(46)) - raft.netty.dataStream.port = 0 (default)
2023-01-26 20:31:44,690 [Listener at 127.0.0.1/38041] INFO  server.RaftServerConfigKeys (ConfUtils.java:logGet(46)) - raft.server.threadpool.proxy.cached = true (default)
2023-01-26 20:31:44,690 [Listener at 127.0.0.1/38041] INFO  server.RaftServerConfigKeys (ConfUtils.java:logGet(46)) - raft.server.threadpool.proxy.size = 0 (default)
2023-01-26 20:31:44,691 [Listener at 127.0.0.1/38041] INFO  server.RaftServerConfigKeys (ConfUtils.java:logGet(46)) - raft.server.rpc.slowness.timeout = 300s (custom)
2023-01-26 20:31:44,691 [Listener at 127.0.0.1/38041] INFO  server.RaftServerConfigKeys (ConfUtils.java:logGet(46)) - raft.server.leaderelection.leader.step-down.wait-time = 10s (default)
2023-01-26 20:31:44,691 [Listener at 127.0.0.1/38041] INFO  server.RaftServerConfigKeys (ConfUtils.java:logGet(46)) - raft.server.storage.dir = [/home/runner/work/ozone/ozone/hadoop-ozone/integration-test/target/test-dir/MiniOzoneClusterImpl-885fda24-0582-4ee7-b43d-362ebd6c8d83/datanode-0/data/ratis] (custom)
2023-01-26 20:31:44,691 [a7887d3a-ac12-44f2-81f3-1f33b720a94f-NettyServerStreamRpc-bossGroup--thread1] INFO  logging.LoggingHandler (AbstractInternalLogger.java:log(148)) - [id: 0x5e058633] REGISTERED
2023-01-26 20:31:44,691 [a7887d3a-ac12-44f2-81f3-1f33b720a94f-NettyServerStreamRpc-bossGroup--thread1] INFO  logging.LoggingHandler (AbstractInternalLogger.java:log(148)) - [id: 0x5e058633] BIND: 0.0.0.0/0.0.0.0:0
2023-01-26 20:31:44,692 [a7887d3a-ac12-44f2-81f3-1f33b720a94f-NettyServerStreamRpc-bossGroup--thread1] INFO  logging.LoggingHandler (AbstractInternalLogger.java:log(148)) - [id: 0x5e058633, L:/0:0:0:0:0:0:0:0:32943] ACTIVE
2023-01-26 20:31:44,693 [Listener at 127.0.0.1/38041] INFO  server.XceiverServerGrpc (XceiverServerGrpc.java:<init>(132)) - GrpcServer channel type EpollServerSocketChannel
2023-01-26 20:31:44,696 [Listener at 127.0.0.1/38041] INFO  http.BaseHttpServer (BaseHttpServer.java:newHttpServer2BuilderForOzone(213)) - Starting Web-server for hddsDatanode at: http://0.0.0.0:0
2023-01-26 20:31:44,696 [Listener at 127.0.0.1/38041] INFO  http.BaseHttpServer (BaseHttpServer.java:<init>(108)) - Hadoop Security Enabled: false Ozone Security Enabled: false Ozone HTTP Security Enabled: false 
2023-01-26 20:31:44,701 [Listener at 127.0.0.1/38041] WARN  server.AuthenticationFilter (AuthenticationFilter.java:constructSecretProvider(240)) - Unable to initialize FileSignerSecretProvider, falling back to use random secrets. Reason: Could not read signature secret file: /home/runner/hadoop-http-auth-signature-secret
2023-01-26 20:31:44,704 [Listener at 127.0.0.1/38041] WARN  http.HttpRequestLog (HttpRequestLog.java:getRequestLog(103)) - Jetty request log can only be enabled using Log4j
2023-01-26 20:31:44,706 [Listener at 127.0.0.1/38041] INFO  http.HttpServer2 (HttpServer2.java:addGlobalFilter(1031)) - Added global filter 'safety' (class=org.apache.hadoop.hdds.server.http.HttpServer2$QuotingInputFilter)
2023-01-26 20:31:44,709 [Listener at 127.0.0.1/38041] INFO  http.HttpServer2 (HttpServer2.java:addFilter(1007)) - Added filter static_user_filter (class=org.apache.hadoop.http.lib.StaticUserWebFilter$StaticUserFilter) to context hddsDatanode
2023-01-26 20:31:44,709 [Listener at 127.0.0.1/38041] INFO  http.HttpServer2 (HttpServer2.java:addFilter(1015)) - Added filter static_user_filter (class=org.apache.hadoop.http.lib.StaticUserWebFilter$StaticUserFilter) to context logs
2023-01-26 20:31:44,709 [Listener at 127.0.0.1/38041] INFO  http.HttpServer2 (HttpServer2.java:addFilter(1015)) - Added filter static_user_filter (class=org.apache.hadoop.http.lib.StaticUserWebFilter$StaticUserFilter) to context static
2023-01-26 20:31:44,709 [Listener at 127.0.0.1/38041] INFO  http.HttpServer2 (HttpServer2.java:bindListener(1250)) - Jetty bound to port 43153
2023-01-26 20:31:44,710 [Listener at 127.0.0.1/38041] INFO  server.Server (Server.java:doStart(375)) - jetty-9.4.49.v20220914; built: 2022-09-14T01:07:36.601Z; git: 4231a3b2e4cb8548a412a789936d640a97b1aa0a; jvm 1.8.0_352-b08
2023-01-26 20:31:44,715 [Listener at 127.0.0.1/38041] INFO  server.session (DefaultSessionIdManager.java:doStart(334)) - DefaultSessionIdManager workerName=node0
2023-01-26 20:31:44,715 [Listener at 127.0.0.1/38041] INFO  server.session (DefaultSessionIdManager.java:doStart(339)) - No SessionScavenger set, using defaults
2023-01-26 20:31:44,715 [Listener at 127.0.0.1/38041] INFO  server.session (HouseKeeper.java:startScavenging(132)) - node0 Scavenging every 600000ms
2023-01-26 20:31:44,716 [Listener at 127.0.0.1/38041] INFO  handler.ContextHandler (ContextHandler.java:doStart(921)) - Started o.e.j.s.ServletContextHandler@7717f16c{logs,/logs,file:///home/runner/work/ozone/ozone/hadoop-ozone/integration-test/target/log,AVAILABLE}
2023-01-26 20:31:44,716 [Listener at 127.0.0.1/38041] INFO  handler.ContextHandler (ContextHandler.java:doStart(921)) - Started o.e.j.s.ServletContextHandler@6340fdce{static,/static,jar:file:/home/runner/.m2/repository/org/apache/ozone/hdds-container-service/1.4.0-SNAPSHOT/hdds-container-service-1.4.0-SNAPSHOT.jar!/webapps/static,AVAILABLE}
2023-01-26 20:31:44,884 [Listener at 127.0.0.1/38041] INFO  handler.ContextHandler (ContextHandler.java:doStart(921)) - Started o.e.j.w.WebAppContext@5c66a6ea{hddsDatanode,/,file:///tmp/jetty-0_0_0_0-43153-hdds-container-service-1_4_0-SNAPSHOT_jar-_-any-1582754691145750648/webapp/,AVAILABLE}{jar:file:/home/runner/.m2/repository/org/apache/ozone/hdds-container-service/1.4.0-SNAPSHOT/hdds-container-service-1.4.0-SNAPSHOT.jar!/webapps/hddsDatanode}
2023-01-26 20:31:44,886 [Listener at 127.0.0.1/38041] INFO  server.AbstractConnector (AbstractConnector.java:doStart(333)) - Started ServerConnector@454d9404{HTTP/1.1, (http/1.1)}{0.0.0.0:43153}
2023-01-26 20:31:44,886 [Listener at 127.0.0.1/38041] INFO  server.Server (Server.java:doStart(415)) - Started @128581ms
2023-01-26 20:31:44,886 [Listener at 127.0.0.1/38041] WARN  impl.MetricsSystemImpl (MetricsSystemImpl.java:register(279)) - Sink prometheus already exists!
2023-01-26 20:31:44,886 [Listener at 127.0.0.1/38041] INFO  http.BaseHttpServer (BaseHttpServer.java:updateConnectorAddress(333)) - HTTP server of hddsDatanode listening at http://0.0.0.0:43153
2023-01-26 20:31:44,889 [Datanode State Machine Daemon Thread] INFO  statemachine.DatanodeStateMachine (DatanodeStateMachine.java:lambda$startDaemon$0(515)) - Ozone container server started.
2023-01-26 20:31:44,889 [Listener at 127.0.0.1/38041] WARN  impl.MetricRegistriesImpl (MetricRegistriesImpl.java:addReporterRegistration(111)) - New reporters are added after registries were created. Some metrics will be missing from the reporter. Please add reporter before adding any new registry.
2023-01-26 20:31:44,889 [Listener at 127.0.0.1/38041] WARN  impl.MetricRegistriesImpl (MetricRegistriesImpl.java:addReporterRegistration(111)) - New reporters are added after registries were created. Some metrics will be missing from the reporter. Please add reporter before adding any new registry.
2023-01-26 20:31:44,889 [Listener at 127.0.0.1/38041] INFO  impl.MetricsSystemImpl (MetricsSystemImpl.java:init(158)) - HddsDatanode metrics system started (again)
2023-01-26 20:31:44,898 [org.apache.hadoop.util.JvmPauseMonitor$Monitor@2349973d] INFO  util.JvmPauseMonitor (JvmPauseMonitor.java:run(188)) - Starting JVM pause monitor
2023-01-26 20:31:44,903 [Listener at 127.0.0.1/38041] INFO  ozone.HddsDatanodeService (HddsDatanodeService.java:start(228)) - HddsDatanodeService host:fv-az462-54.0zuljvm5d0yedf4jva4xayy4gc.gx.internal.cloudapp.net ip:10.1.0.15
2023-01-26 20:31:44,906 [Datanode State Machine Task Thread - 0] INFO  datanode.InitDatanodeState (InitDatanodeState.java:persistContainerDatanodeDetails(138)) - DatanodeDetails is persisted to /home/runner/work/ozone/ozone/hadoop-ozone/integration-test/target/test-dir/MiniOzoneClusterImpl-885fda24-0582-4ee7-b43d-362ebd6c8d83/datanode-0/meta/datanode.id
2023-01-26 20:31:44,923 [Listener at 127.0.0.1/38041] INFO  upgrade.AbstractLayoutVersionManager (AbstractLayoutVersionManager.java:init(83)) - Initializing Layout version manager with metadata layout = DATANODE_SCHEMA_V3 (version = 4), software layout = DATANODE_SCHEMA_V3 (version = 4)
2023-01-26 20:31:44,965 [Listener at 127.0.0.1/38041] INFO  reflections.Reflections (Reflections.java:scan(232)) - Reflections took 41 ms to scan 7 urls, producing 148 keys and 356 values 
2023-01-26 20:31:44,967 [Listener at 127.0.0.1/38041] INFO  statemachine.DatanodeStateMachine (DatanodeStateMachine.java:getEndPointTaskThreadPoolSize(259)) - Datanode State Machine Task Thread Pool size 2
2023-01-26 20:31:44,969 [Listener at 127.0.0.1/38041] INFO  volume.HddsVolume (HddsVolume.java:<init>(117)) - Creating HddsVolume: /home/runner/work/ozone/ozone/hadoop-ozone/integration-test/target/test-dir/MiniOzoneClusterImpl-885fda24-0582-4ee7-b43d-362ebd6c8d83/datanode-1/data-0/containers/hdds of storage type : DISK capacity : 9223372036854775807
2023-01-26 20:31:44,969 [Listener at 127.0.0.1/38041] INFO  volume.MutableVolumeSet (MutableVolumeSet.java:initializeVolumeSet(174)) - Added Volume : /home/runner/work/ozone/ozone/hadoop-ozone/integration-test/target/test-dir/MiniOzoneClusterImpl-885fda24-0582-4ee7-b43d-362ebd6c8d83/datanode-1/data-0/containers/hdds to VolumeSet
2023-01-26 20:31:44,969 [Listener at 127.0.0.1/38041] INFO  volume.ThrottledAsyncChecker (ThrottledAsyncChecker.java:schedule(141)) - Scheduling a check for /home/runner/work/ozone/ozone/hadoop-ozone/integration-test/target/test-dir/MiniOzoneClusterImpl-885fda24-0582-4ee7-b43d-362ebd6c8d83/datanode-1/data-0/containers/hdds
2023-01-26 20:31:44,974 [Listener at 127.0.0.1/38041] INFO  volume.StorageVolumeChecker (StorageVolumeChecker.java:checkAllVolumes(202)) - Scheduled health check for volume /home/runner/work/ozone/ozone/hadoop-ozone/integration-test/target/test-dir/MiniOzoneClusterImpl-885fda24-0582-4ee7-b43d-362ebd6c8d83/datanode-1/data-0/containers/hdds
2023-01-26 20:31:44,986 [Listener at 127.0.0.1/38041] INFO  volume.MutableVolumeSet (MutableVolumeSet.java:initializeVolumeSet(174)) - Added Volume : /home/runner/work/ozone/ozone/hadoop-ozone/integration-test/target/test-dir/MiniOzoneClusterImpl-885fda24-0582-4ee7-b43d-362ebd6c8d83/datanode-1/data/ratis to VolumeSet
2023-01-26 20:31:44,986 [Listener at 127.0.0.1/38041] INFO  volume.ThrottledAsyncChecker (ThrottledAsyncChecker.java:schedule(141)) - Scheduling a check for /home/runner/work/ozone/ozone/hadoop-ozone/integration-test/target/test-dir/MiniOzoneClusterImpl-885fda24-0582-4ee7-b43d-362ebd6c8d83/datanode-1/data/ratis
2023-01-26 20:31:44,986 [Listener at 127.0.0.1/38041] INFO  volume.StorageVolumeChecker (StorageVolumeChecker.java:checkAllVolumes(202)) - Scheduled health check for volume /home/runner/work/ozone/ozone/hadoop-ozone/integration-test/target/test-dir/MiniOzoneClusterImpl-885fda24-0582-4ee7-b43d-362ebd6c8d83/datanode-1/data/ratis
2023-01-26 20:31:44,996 [Thread-924] INFO  ozoneimpl.ContainerReader (ContainerReader.java:readVolume(175)) - Finish verifying containers on volume /home/runner/work/ozone/ozone/hadoop-ozone/integration-test/target/test-dir/MiniOzoneClusterImpl-885fda24-0582-4ee7-b43d-362ebd6c8d83/datanode-1/data-0/containers/hdds
2023-01-26 20:31:44,997 [Listener at 127.0.0.1/38041] INFO  ozoneimpl.OzoneContainer (OzoneContainer.java:buildContainerSet(305)) - Build ContainerSet costs 0s
2023-01-26 20:31:44,999 [Listener at 127.0.0.1/38041] INFO  server.RaftServer (ConfUtils.java:logGet(46)) - raft.rpc.type = GRPC (default)
2023-01-26 20:31:45,000 [Listener at 127.0.0.1/38041] INFO  grpc.GrpcConfigKeys (ConfUtils.java:logFallback(53)) - raft.grpc.admin.host = null (fallback to raft.grpc.server.host)
2023-01-26 20:31:45,000 [Listener at 127.0.0.1/38041] INFO  grpc.GrpcConfigKeys (ConfUtils.java:logGet(46)) - raft.grpc.admin.port = 0 (custom)
2023-01-26 20:31:45,000 [Listener at 127.0.0.1/38041] INFO  grpc.GrpcConfigKeys (ConfUtils.java:logFallback(53)) - raft.grpc.client.host = null (fallback to raft.grpc.server.host)
2023-01-26 20:31:45,000 [Listener at 127.0.0.1/38041] INFO  grpc.GrpcConfigKeys (ConfUtils.java:logGet(46)) - raft.grpc.client.port = 0 (custom)
2023-01-26 20:31:45,001 [Listener at 127.0.0.1/38041] INFO  grpc.GrpcConfigKeys (ConfUtils.java:logGet(46)) - raft.grpc.server.host = null (default)
2023-01-26 20:31:45,001 [Listener at 127.0.0.1/38041] INFO  grpc.GrpcConfigKeys (ConfUtils.java:logGet(46)) - raft.grpc.server.port = 0 (default)
2023-01-26 20:31:45,001 [Listener at 127.0.0.1/38041] INFO  server.GrpcService (ConfUtils.java:logGet(46)) - raft.grpc.message.size.max = 32MB (=33554432) (custom)
2023-01-26 20:31:45,001 [Listener at 127.0.0.1/38041] INFO  server.RaftServerConfigKeys (ConfUtils.java:logGet(46)) - raft.server.log.appender.buffer.byte-limit = 33554432 (custom)
2023-01-26 20:31:45,001 [Listener at 127.0.0.1/38041] INFO  server.GrpcService (ConfUtils.java:logGet(46)) - raft.grpc.flow.control.window = 5MB (=5242880) (custom)
2023-01-26 20:31:45,001 [Listener at 127.0.0.1/38041] INFO  server.RaftServerConfigKeys (ConfUtils.java:logGet(46)) - raft.server.rpc.request.timeout = 60s (custom)
2023-01-26 20:31:45,001 [Listener at 127.0.0.1/38041] INFO  grpc.GrpcConfigKeys (ConfUtils.java:logGet(46)) - raft.grpc.server.heartbeat.channel = true (default)
2023-01-26 20:31:45,001 [Listener at 127.0.0.1/38041] INFO  grpc.GrpcConfigKeys (ConfUtils.java:logGet(46)) - raft.grpc.server.async.request.thread.pool.cached = true (default)
2023-01-26 20:31:45,001 [Listener at 127.0.0.1/38041] INFO  grpc.GrpcConfigKeys (ConfUtils.java:logGet(46)) - raft.grpc.server.async.request.thread.pool.size = 32 (default)
2023-01-26 20:31:45,002 [Listener at 127.0.0.1/38041] INFO  impl.DataStreamServerImpl (ConfUtils.java:logGet(46)) - raft.datastream.type = NETTY (custom)
2023-01-26 20:31:45,002 [Listener at 127.0.0.1/38041] INFO  server.RaftServerConfigKeys (ConfUtils.java:logGet(46)) - raft.server.data-stream.async.request.thread.pool.cached = false (default)
2023-01-26 20:31:45,003 [Listener at 127.0.0.1/38041] INFO  server.RaftServerConfigKeys (ConfUtils.java:logGet(46)) - raft.server.data-stream.async.request.thread.pool.size = 20 (custom)
2023-01-26 20:31:45,003 [Listener at 127.0.0.1/38041] INFO  server.RaftServerConfigKeys (ConfUtils.java:logGet(46)) - raft.server.data-stream.async.write.thread.pool.size = 16 (default)
2023-01-26 20:31:45,003 [Listener at 127.0.0.1/38041] INFO  server.RaftServerConfigKeys (ConfUtils.java:logGet(46)) - raft.server.data-stream.client.pool.size = 10 (default)
2023-01-26 20:31:45,003 [Listener at 127.0.0.1/38041] INFO  netty.NettyConfigKeys$DataStream (ConfUtils.java:logGet(46)) - raft.netty.dataStream.server.use-epoll = false (default)
2023-01-26 20:31:45,003 [Listener at 127.0.0.1/38041] INFO  netty.NettyConfigKeys$DataStream (ConfUtils.java:logGet(46)) - raft.netty.dataStream.server.boss-group.size = 0 (default)
2023-01-26 20:31:45,003 [Listener at 127.0.0.1/38041] INFO  netty.NettyConfigKeys$DataStream (ConfUtils.java:logGet(46)) - raft.netty.dataStream.server.worker-group.size = 0 (default)
2023-01-26 20:31:45,004 [Listener at 127.0.0.1/38041] INFO  netty.NettyConfigKeys$DataStream (ConfUtils.java:logGet(46)) - raft.netty.dataStream.server.tls.conf = null (default)
2023-01-26 20:31:45,004 [Listener at 127.0.0.1/38041] INFO  netty.NettyConfigKeys$DataStream (ConfUtils.java:logGet(46)) - raft.netty.dataStream.host = null (default)
2023-01-26 20:31:45,004 [Listener at 127.0.0.1/38041] INFO  netty.NettyConfigKeys$DataStream (ConfUtils.java:logGet(46)) - raft.netty.dataStream.port = 0 (default)
2023-01-26 20:31:45,004 [Listener at 127.0.0.1/38041] INFO  server.RaftServerConfigKeys (ConfUtils.java:logGet(46)) - raft.server.threadpool.proxy.cached = true (default)
2023-01-26 20:31:45,004 [Listener at 127.0.0.1/38041] INFO  server.RaftServerConfigKeys (ConfUtils.java:logGet(46)) - raft.server.threadpool.proxy.size = 0 (default)
2023-01-26 20:31:45,005 [Listener at 127.0.0.1/38041] INFO  server.RaftServerConfigKeys (ConfUtils.java:logGet(46)) - raft.server.rpc.slowness.timeout = 300s (custom)
2023-01-26 20:31:45,005 [Listener at 127.0.0.1/38041] INFO  server.RaftServerConfigKeys (ConfUtils.java:logGet(46)) - raft.server.leaderelection.leader.step-down.wait-time = 10s (default)
2023-01-26 20:31:45,005 [Listener at 127.0.0.1/38041] INFO  server.RaftServerConfigKeys (ConfUtils.java:logGet(46)) - raft.server.storage.dir = [/home/runner/work/ozone/ozone/hadoop-ozone/integration-test/target/test-dir/MiniOzoneClusterImpl-885fda24-0582-4ee7-b43d-362ebd6c8d83/datanode-1/data/ratis] (custom)
2023-01-26 20:31:45,006 [8116f3ad-43fd-49d6-b38b-c9c4aa8410ec-NettyServerStreamRpc-bossGroup--thread1] INFO  logging.LoggingHandler (AbstractInternalLogger.java:log(148)) - [id: 0xf9aa6438] REGISTERED
2023-01-26 20:31:45,007 [8116f3ad-43fd-49d6-b38b-c9c4aa8410ec-NettyServerStreamRpc-bossGroup--thread1] INFO  logging.LoggingHandler (AbstractInternalLogger.java:log(148)) - [id: 0xf9aa6438] BIND: 0.0.0.0/0.0.0.0:0
2023-01-26 20:31:45,007 [8116f3ad-43fd-49d6-b38b-c9c4aa8410ec-NettyServerStreamRpc-bossGroup--thread1] INFO  logging.LoggingHandler (AbstractInternalLogger.java:log(148)) - [id: 0xf9aa6438, L:/0:0:0:0:0:0:0:0:43077] ACTIVE
2023-01-26 20:31:45,009 [Listener at 127.0.0.1/38041] INFO  server.XceiverServerGrpc (XceiverServerGrpc.java:<init>(132)) - GrpcServer channel type EpollServerSocketChannel
2023-01-26 20:31:45,013 [Listener at 127.0.0.1/38041] INFO  http.BaseHttpServer (BaseHttpServer.java:newHttpServer2BuilderForOzone(213)) - Starting Web-server for hddsDatanode at: http://0.0.0.0:0
2023-01-26 20:31:45,013 [Listener at 127.0.0.1/38041] INFO  http.BaseHttpServer (BaseHttpServer.java:<init>(108)) - Hadoop Security Enabled: false Ozone Security Enabled: false Ozone HTTP Security Enabled: false 
2023-01-26 20:31:45,016 [Listener at 127.0.0.1/38041] WARN  server.AuthenticationFilter (AuthenticationFilter.java:constructSecretProvider(240)) - Unable to initialize FileSignerSecretProvider, falling back to use random secrets. Reason: Could not read signature secret file: /home/runner/hadoop-http-auth-signature-secret
2023-01-26 20:31:45,017 [Listener at 127.0.0.1/38041] WARN  http.HttpRequestLog (HttpRequestLog.java:getRequestLog(103)) - Jetty request log can only be enabled using Log4j
2023-01-26 20:31:45,018 [Listener at 127.0.0.1/38041] INFO  http.HttpServer2 (HttpServer2.java:addGlobalFilter(1031)) - Added global filter 'safety' (class=org.apache.hadoop.hdds.server.http.HttpServer2$QuotingInputFilter)
2023-01-26 20:31:45,018 [Listener at 127.0.0.1/38041] INFO  http.HttpServer2 (HttpServer2.java:addFilter(1007)) - Added filter static_user_filter (class=org.apache.hadoop.http.lib.StaticUserWebFilter$StaticUserFilter) to context hddsDatanode
2023-01-26 20:31:45,018 [Listener at 127.0.0.1/38041] INFO  http.HttpServer2 (HttpServer2.java:addFilter(1015)) - Added filter static_user_filter (class=org.apache.hadoop.http.lib.StaticUserWebFilter$StaticUserFilter) to context static
2023-01-26 20:31:45,018 [Listener at 127.0.0.1/38041] INFO  http.HttpServer2 (HttpServer2.java:addFilter(1015)) - Added filter static_user_filter (class=org.apache.hadoop.http.lib.StaticUserWebFilter$StaticUserFilter) to context logs
2023-01-26 20:31:45,020 [Listener at 127.0.0.1/38041] INFO  http.HttpServer2 (HttpServer2.java:bindListener(1250)) - Jetty bound to port 37855
2023-01-26 20:31:45,020 [Listener at 127.0.0.1/38041] INFO  server.Server (Server.java:doStart(375)) - jetty-9.4.49.v20220914; built: 2022-09-14T01:07:36.601Z; git: 4231a3b2e4cb8548a412a789936d640a97b1aa0a; jvm 1.8.0_352-b08
2023-01-26 20:31:45,022 [Listener at 127.0.0.1/38041] INFO  server.session (DefaultSessionIdManager.java:doStart(334)) - DefaultSessionIdManager workerName=node0
2023-01-26 20:31:45,022 [Listener at 127.0.0.1/38041] INFO  server.session (DefaultSessionIdManager.java:doStart(339)) - No SessionScavenger set, using defaults
2023-01-26 20:31:45,022 [Listener at 127.0.0.1/38041] INFO  server.session (HouseKeeper.java:startScavenging(132)) - node0 Scavenging every 660000ms
2023-01-26 20:31:45,023 [Listener at 127.0.0.1/38041] INFO  handler.ContextHandler (ContextHandler.java:doStart(921)) - Started o.e.j.s.ServletContextHandler@6b12a5ed{logs,/logs,file:///home/runner/work/ozone/ozone/hadoop-ozone/integration-test/target/log,AVAILABLE}
2023-01-26 20:31:45,023 [Listener at 127.0.0.1/38041] INFO  handler.ContextHandler (ContextHandler.java:doStart(921)) - Started o.e.j.s.ServletContextHandler@2687b380{static,/static,jar:file:/home/runner/.m2/repository/org/apache/ozone/hdds-container-service/1.4.0-SNAPSHOT/hdds-container-service-1.4.0-SNAPSHOT.jar!/webapps/static,AVAILABLE}
2023-01-26 20:31:45,188 [Listener at 127.0.0.1/38041] INFO  handler.ContextHandler (ContextHandler.java:doStart(921)) - Started o.e.j.w.WebAppContext@e4b3a8e{hddsDatanode,/,file:///tmp/jetty-0_0_0_0-37855-hdds-container-service-1_4_0-SNAPSHOT_jar-_-any-1863809472132514544/webapp/,AVAILABLE}{jar:file:/home/runner/.m2/repository/org/apache/ozone/hdds-container-service/1.4.0-SNAPSHOT/hdds-container-service-1.4.0-SNAPSHOT.jar!/webapps/hddsDatanode}
2023-01-26 20:31:45,192 [Listener at 127.0.0.1/38041] INFO  server.AbstractConnector (AbstractConnector.java:doStart(333)) - Started ServerConnector@3bab1e0c{HTTP/1.1, (http/1.1)}{0.0.0.0:37855}
2023-01-26 20:31:45,192 [Listener at 127.0.0.1/38041] INFO  server.Server (Server.java:doStart(415)) - Started @128888ms
2023-01-26 20:31:45,193 [Listener at 127.0.0.1/38041] WARN  impl.MetricsSystemImpl (MetricsSystemImpl.java:register(279)) - Sink prometheus already exists!
2023-01-26 20:31:45,193 [Listener at 127.0.0.1/38041] INFO  http.BaseHttpServer (BaseHttpServer.java:updateConnectorAddress(333)) - HTTP server of hddsDatanode listening at http://0.0.0.0:37855
2023-01-26 20:31:45,196 [Listener at 127.0.0.1/38041] WARN  impl.MetricRegistriesImpl (MetricRegistriesImpl.java:addReporterRegistration(111)) - New reporters are added after registries were created. Some metrics will be missing from the reporter. Please add reporter before adding any new registry.
2023-01-26 20:31:45,196 [Listener at 127.0.0.1/38041] WARN  impl.MetricRegistriesImpl (MetricRegistriesImpl.java:addReporterRegistration(111)) - New reporters are added after registries were created. Some metrics will be missing from the reporter. Please add reporter before adding any new registry.
2023-01-26 20:31:45,196 [Listener at 127.0.0.1/38041] INFO  impl.MetricsSystemImpl (MetricsSystemImpl.java:init(158)) - HddsDatanode metrics system started (again)
2023-01-26 20:31:45,200 [Datanode State Machine Daemon Thread] INFO  statemachine.DatanodeStateMachine (DatanodeStateMachine.java:lambda$startDaemon$0(515)) - Ozone container server started.
2023-01-26 20:31:45,216 [org.apache.hadoop.util.JvmPauseMonitor$Monitor@333706d4] INFO  util.JvmPauseMonitor (JvmPauseMonitor.java:run(188)) - Starting JVM pause monitor
2023-01-26 20:31:45,218 [Listener at 127.0.0.1/38041] INFO  ozone.HddsDatanodeService (HddsDatanodeService.java:start(228)) - HddsDatanodeService host:fv-az462-54.0zuljvm5d0yedf4jva4xayy4gc.gx.internal.cloudapp.net ip:10.1.0.15
2023-01-26 20:31:45,219 [Datanode State Machine Task Thread - 0] INFO  datanode.InitDatanodeState (InitDatanodeState.java:persistContainerDatanodeDetails(138)) - DatanodeDetails is persisted to /home/runner/work/ozone/ozone/hadoop-ozone/integration-test/target/test-dir/MiniOzoneClusterImpl-885fda24-0582-4ee7-b43d-362ebd6c8d83/datanode-1/meta/datanode.id
2023-01-26 20:31:45,235 [Listener at 127.0.0.1/38041] INFO  upgrade.AbstractLayoutVersionManager (AbstractLayoutVersionManager.java:init(83)) - Initializing Layout version manager with metadata layout = DATANODE_SCHEMA_V3 (version = 4), software layout = DATANODE_SCHEMA_V3 (version = 4)
2023-01-26 20:31:45,283 [Listener at 127.0.0.1/38041] INFO  reflections.Reflections (Reflections.java:scan(232)) - Reflections took 42 ms to scan 7 urls, producing 148 keys and 356 values 
2023-01-26 20:31:45,288 [Listener at 127.0.0.1/38041] INFO  statemachine.DatanodeStateMachine (DatanodeStateMachine.java:getEndPointTaskThreadPoolSize(259)) - Datanode State Machine Task Thread Pool size 2
2023-01-26 20:31:45,296 [Listener at 127.0.0.1/38041] INFO  volume.HddsVolume (HddsVolume.java:<init>(117)) - Creating HddsVolume: /home/runner/work/ozone/ozone/hadoop-ozone/integration-test/target/test-dir/MiniOzoneClusterImpl-885fda24-0582-4ee7-b43d-362ebd6c8d83/datanode-2/data-0/containers/hdds of storage type : DISK capacity : 9223372036854775807
2023-01-26 20:31:45,296 [Listener at 127.0.0.1/38041] INFO  volume.MutableVolumeSet (MutableVolumeSet.java:initializeVolumeSet(174)) - Added Volume : /home/runner/work/ozone/ozone/hadoop-ozone/integration-test/target/test-dir/MiniOzoneClusterImpl-885fda24-0582-4ee7-b43d-362ebd6c8d83/datanode-2/data-0/containers/hdds to VolumeSet
2023-01-26 20:31:45,297 [Listener at 127.0.0.1/38041] INFO  volume.ThrottledAsyncChecker (ThrottledAsyncChecker.java:schedule(141)) - Scheduling a check for /home/runner/work/ozone/ozone/hadoop-ozone/integration-test/target/test-dir/MiniOzoneClusterImpl-885fda24-0582-4ee7-b43d-362ebd6c8d83/datanode-2/data-0/containers/hdds
2023-01-26 20:31:45,300 [Listener at 127.0.0.1/38041] INFO  volume.StorageVolumeChecker (StorageVolumeChecker.java:checkAllVolumes(202)) - Scheduled health check for volume /home/runner/work/ozone/ozone/hadoop-ozone/integration-test/target/test-dir/MiniOzoneClusterImpl-885fda24-0582-4ee7-b43d-362ebd6c8d83/datanode-2/data-0/containers/hdds
2023-01-26 20:31:45,315 [Listener at 127.0.0.1/38041] INFO  volume.MutableVolumeSet (MutableVolumeSet.java:initializeVolumeSet(174)) - Added Volume : /home/runner/work/ozone/ozone/hadoop-ozone/integration-test/target/test-dir/MiniOzoneClusterImpl-885fda24-0582-4ee7-b43d-362ebd6c8d83/datanode-2/data/ratis to VolumeSet
2023-01-26 20:31:45,315 [Listener at 127.0.0.1/38041] INFO  volume.ThrottledAsyncChecker (ThrottledAsyncChecker.java:schedule(141)) - Scheduling a check for /home/runner/work/ozone/ozone/hadoop-ozone/integration-test/target/test-dir/MiniOzoneClusterImpl-885fda24-0582-4ee7-b43d-362ebd6c8d83/datanode-2/data/ratis
2023-01-26 20:31:45,315 [Listener at 127.0.0.1/38041] INFO  volume.StorageVolumeChecker (StorageVolumeChecker.java:checkAllVolumes(202)) - Scheduled health check for volume /home/runner/work/ozone/ozone/hadoop-ozone/integration-test/target/test-dir/MiniOzoneClusterImpl-885fda24-0582-4ee7-b43d-362ebd6c8d83/datanode-2/data/ratis
2023-01-26 20:31:45,325 [Thread-938] INFO  ozoneimpl.ContainerReader (ContainerReader.java:readVolume(175)) - Finish verifying containers on volume /home/runner/work/ozone/ozone/hadoop-ozone/integration-test/target/test-dir/MiniOzoneClusterImpl-885fda24-0582-4ee7-b43d-362ebd6c8d83/datanode-2/data-0/containers/hdds
2023-01-26 20:31:45,325 [Listener at 127.0.0.1/38041] INFO  ozoneimpl.OzoneContainer (OzoneContainer.java:buildContainerSet(305)) - Build ContainerSet costs 0s
2023-01-26 20:31:45,327 [Listener at 127.0.0.1/38041] INFO  server.RaftServer (ConfUtils.java:logGet(46)) - raft.rpc.type = GRPC (default)
2023-01-26 20:31:45,327 [Listener at 127.0.0.1/38041] INFO  grpc.GrpcConfigKeys (ConfUtils.java:logFallback(53)) - raft.grpc.admin.host = null (fallback to raft.grpc.server.host)
2023-01-26 20:31:45,327 [Listener at 127.0.0.1/38041] INFO  grpc.GrpcConfigKeys (ConfUtils.java:logGet(46)) - raft.grpc.admin.port = 0 (custom)
2023-01-26 20:31:45,327 [Listener at 127.0.0.1/38041] INFO  grpc.GrpcConfigKeys (ConfUtils.java:logFallback(53)) - raft.grpc.client.host = null (fallback to raft.grpc.server.host)
2023-01-26 20:31:45,328 [Listener at 127.0.0.1/38041] INFO  grpc.GrpcConfigKeys (ConfUtils.java:logGet(46)) - raft.grpc.client.port = 0 (custom)
2023-01-26 20:31:45,328 [Listener at 127.0.0.1/38041] INFO  grpc.GrpcConfigKeys (ConfUtils.java:logGet(46)) - raft.grpc.server.host = null (default)
2023-01-26 20:31:45,328 [Listener at 127.0.0.1/38041] INFO  grpc.GrpcConfigKeys (ConfUtils.java:logGet(46)) - raft.grpc.server.port = 0 (default)
2023-01-26 20:31:45,328 [Listener at 127.0.0.1/38041] INFO  server.GrpcService (ConfUtils.java:logGet(46)) - raft.grpc.message.size.max = 32MB (=33554432) (custom)
2023-01-26 20:31:45,328 [Listener at 127.0.0.1/38041] INFO  server.RaftServerConfigKeys (ConfUtils.java:logGet(46)) - raft.server.log.appender.buffer.byte-limit = 33554432 (custom)
2023-01-26 20:31:45,328 [Listener at 127.0.0.1/38041] INFO  server.GrpcService (ConfUtils.java:logGet(46)) - raft.grpc.flow.control.window = 5MB (=5242880) (custom)
2023-01-26 20:31:45,330 [Listener at 127.0.0.1/38041] INFO  server.RaftServerConfigKeys (ConfUtils.java:logGet(46)) - raft.server.rpc.request.timeout = 60s (custom)
2023-01-26 20:31:45,331 [Listener at 127.0.0.1/38041] INFO  grpc.GrpcConfigKeys (ConfUtils.java:logGet(46)) - raft.grpc.server.heartbeat.channel = true (default)
2023-01-26 20:31:45,331 [Listener at 127.0.0.1/38041] INFO  grpc.GrpcConfigKeys (ConfUtils.java:logGet(46)) - raft.grpc.server.async.request.thread.pool.cached = true (default)
2023-01-26 20:31:45,331 [Listener at 127.0.0.1/38041] INFO  grpc.GrpcConfigKeys (ConfUtils.java:logGet(46)) - raft.grpc.server.async.request.thread.pool.size = 32 (default)
2023-01-26 20:31:45,332 [Listener at 127.0.0.1/38041] INFO  impl.DataStreamServerImpl (ConfUtils.java:logGet(46)) - raft.datastream.type = NETTY (custom)
2023-01-26 20:31:45,332 [Listener at 127.0.0.1/38041] INFO  server.RaftServerConfigKeys (ConfUtils.java:logGet(46)) - raft.server.data-stream.async.request.thread.pool.cached = false (default)
2023-01-26 20:31:45,332 [Listener at 127.0.0.1/38041] INFO  server.RaftServerConfigKeys (ConfUtils.java:logGet(46)) - raft.server.data-stream.async.request.thread.pool.size = 20 (custom)
2023-01-26 20:31:45,332 [Listener at 127.0.0.1/38041] INFO  server.RaftServerConfigKeys (ConfUtils.java:logGet(46)) - raft.server.data-stream.async.write.thread.pool.size = 16 (default)
2023-01-26 20:31:45,332 [Listener at 127.0.0.1/38041] INFO  server.RaftServerConfigKeys (ConfUtils.java:logGet(46)) - raft.server.data-stream.client.pool.size = 10 (default)
2023-01-26 20:31:45,332 [Listener at 127.0.0.1/38041] INFO  netty.NettyConfigKeys$DataStream (ConfUtils.java:logGet(46)) - raft.netty.dataStream.server.use-epoll = false (default)
2023-01-26 20:31:45,332 [Listener at 127.0.0.1/38041] INFO  netty.NettyConfigKeys$DataStream (ConfUtils.java:logGet(46)) - raft.netty.dataStream.server.boss-group.size = 0 (default)
2023-01-26 20:31:45,333 [Listener at 127.0.0.1/38041] INFO  netty.NettyConfigKeys$DataStream (ConfUtils.java:logGet(46)) - raft.netty.dataStream.server.worker-group.size = 0 (default)
2023-01-26 20:31:45,333 [Listener at 127.0.0.1/38041] INFO  netty.NettyConfigKeys$DataStream (ConfUtils.java:logGet(46)) - raft.netty.dataStream.server.tls.conf = null (default)
2023-01-26 20:31:45,333 [Listener at 127.0.0.1/38041] INFO  netty.NettyConfigKeys$DataStream (ConfUtils.java:logGet(46)) - raft.netty.dataStream.host = null (default)
2023-01-26 20:31:45,335 [Listener at 127.0.0.1/38041] INFO  netty.NettyConfigKeys$DataStream (ConfUtils.java:logGet(46)) - raft.netty.dataStream.port = 0 (default)
2023-01-26 20:31:45,335 [Listener at 127.0.0.1/38041] INFO  server.RaftServerConfigKeys (ConfUtils.java:logGet(46)) - raft.server.threadpool.proxy.cached = true (default)
2023-01-26 20:31:45,335 [Listener at 127.0.0.1/38041] INFO  server.RaftServerConfigKeys (ConfUtils.java:logGet(46)) - raft.server.threadpool.proxy.size = 0 (default)
2023-01-26 20:31:45,335 [Listener at 127.0.0.1/38041] INFO  server.RaftServerConfigKeys (ConfUtils.java:logGet(46)) - raft.server.rpc.slowness.timeout = 300s (custom)
2023-01-26 20:31:45,335 [Listener at 127.0.0.1/38041] INFO  server.RaftServerConfigKeys (ConfUtils.java:logGet(46)) - raft.server.leaderelection.leader.step-down.wait-time = 10s (default)
2023-01-26 20:31:45,336 [Listener at 127.0.0.1/38041] INFO  server.RaftServerConfigKeys (ConfUtils.java:logGet(46)) - raft.server.storage.dir = [/home/runner/work/ozone/ozone/hadoop-ozone/integration-test/target/test-dir/MiniOzoneClusterImpl-885fda24-0582-4ee7-b43d-362ebd6c8d83/datanode-2/data/ratis] (custom)
2023-01-26 20:31:45,336 [40d8d262-8836-439b-84c4-75233c3da079-NettyServerStreamRpc-bossGroup--thread1] INFO  logging.LoggingHandler (AbstractInternalLogger.java:log(148)) - [id: 0xd1f8b06d] REGISTERED
2023-01-26 20:31:45,336 [40d8d262-8836-439b-84c4-75233c3da079-NettyServerStreamRpc-bossGroup--thread1] INFO  logging.LoggingHandler (AbstractInternalLogger.java:log(148)) - [id: 0xd1f8b06d] BIND: 0.0.0.0/0.0.0.0:0
2023-01-26 20:31:45,336 [40d8d262-8836-439b-84c4-75233c3da079-NettyServerStreamRpc-bossGroup--thread1] INFO  logging.LoggingHandler (AbstractInternalLogger.java:log(148)) - [id: 0xd1f8b06d, L:/0:0:0:0:0:0:0:0:41237] ACTIVE
2023-01-26 20:31:45,338 [Listener at 127.0.0.1/38041] INFO  server.XceiverServerGrpc (XceiverServerGrpc.java:<init>(132)) - GrpcServer channel type EpollServerSocketChannel
2023-01-26 20:31:45,340 [Listener at 127.0.0.1/38041] INFO  http.BaseHttpServer (BaseHttpServer.java:newHttpServer2BuilderForOzone(213)) - Starting Web-server for hddsDatanode at: http://0.0.0.0:0
2023-01-26 20:31:45,340 [Listener at 127.0.0.1/38041] INFO  http.BaseHttpServer (BaseHttpServer.java:<init>(108)) - Hadoop Security Enabled: false Ozone Security Enabled: false Ozone HTTP Security Enabled: false 
2023-01-26 20:31:45,341 [Listener at 127.0.0.1/38041] WARN  server.AuthenticationFilter (AuthenticationFilter.java:constructSecretProvider(240)) - Unable to initialize FileSignerSecretProvider, falling back to use random secrets. Reason: Could not read signature secret file: /home/runner/hadoop-http-auth-signature-secret
2023-01-26 20:31:45,344 [Listener at 127.0.0.1/38041] WARN  http.HttpRequestLog (HttpRequestLog.java:getRequestLog(103)) - Jetty request log can only be enabled using Log4j
2023-01-26 20:31:45,345 [Listener at 127.0.0.1/38041] INFO  http.HttpServer2 (HttpServer2.java:addGlobalFilter(1031)) - Added global filter 'safety' (class=org.apache.hadoop.hdds.server.http.HttpServer2$QuotingInputFilter)
2023-01-26 20:31:45,346 [Listener at 127.0.0.1/38041] INFO  http.HttpServer2 (HttpServer2.java:addFilter(1007)) - Added filter static_user_filter (class=org.apache.hadoop.http.lib.StaticUserWebFilter$StaticUserFilter) to context hddsDatanode
2023-01-26 20:31:45,346 [Listener at 127.0.0.1/38041] INFO  http.HttpServer2 (HttpServer2.java:addFilter(1015)) - Added filter static_user_filter (class=org.apache.hadoop.http.lib.StaticUserWebFilter$StaticUserFilter) to context static
2023-01-26 20:31:45,346 [Listener at 127.0.0.1/38041] INFO  http.HttpServer2 (HttpServer2.java:addFilter(1015)) - Added filter static_user_filter (class=org.apache.hadoop.http.lib.StaticUserWebFilter$StaticUserFilter) to context logs
2023-01-26 20:31:45,346 [Listener at 127.0.0.1/38041] INFO  http.HttpServer2 (HttpServer2.java:bindListener(1250)) - Jetty bound to port 43999
2023-01-26 20:31:45,346 [Listener at 127.0.0.1/38041] INFO  server.Server (Server.java:doStart(375)) - jetty-9.4.49.v20220914; built: 2022-09-14T01:07:36.601Z; git: 4231a3b2e4cb8548a412a789936d640a97b1aa0a; jvm 1.8.0_352-b08
2023-01-26 20:31:45,351 [Listener at 127.0.0.1/38041] INFO  server.session (DefaultSessionIdManager.java:doStart(334)) - DefaultSessionIdManager workerName=node0
2023-01-26 20:31:45,351 [Listener at 127.0.0.1/38041] INFO  server.session (DefaultSessionIdManager.java:doStart(339)) - No SessionScavenger set, using defaults
2023-01-26 20:31:45,351 [Listener at 127.0.0.1/38041] INFO  server.session (HouseKeeper.java:startScavenging(132)) - node0 Scavenging every 600000ms
2023-01-26 20:31:45,352 [Listener at 127.0.0.1/38041] INFO  handler.ContextHandler (ContextHandler.java:doStart(921)) - Started o.e.j.s.ServletContextHandler@27fee228{logs,/logs,file:///home/runner/work/ozone/ozone/hadoop-ozone/integration-test/target/log,AVAILABLE}
2023-01-26 20:31:45,352 [Listener at 127.0.0.1/38041] INFO  handler.ContextHandler (ContextHandler.java:doStart(921)) - Started o.e.j.s.ServletContextHandler@11bc326e{static,/static,jar:file:/home/runner/.m2/repository/org/apache/ozone/hdds-container-service/1.4.0-SNAPSHOT/hdds-container-service-1.4.0-SNAPSHOT.jar!/webapps/static,AVAILABLE}
2023-01-26 20:31:45,526 [Listener at 127.0.0.1/38041] INFO  handler.ContextHandler (ContextHandler.java:doStart(921)) - Started o.e.j.w.WebAppContext@4c55a5a9{hddsDatanode,/,file:///tmp/jetty-0_0_0_0-43999-hdds-container-service-1_4_0-SNAPSHOT_jar-_-any-791356856149171554/webapp/,AVAILABLE}{jar:file:/home/runner/.m2/repository/org/apache/ozone/hdds-container-service/1.4.0-SNAPSHOT/hdds-container-service-1.4.0-SNAPSHOT.jar!/webapps/hddsDatanode}
2023-01-26 20:31:45,528 [Listener at 127.0.0.1/38041] INFO  server.AbstractConnector (AbstractConnector.java:doStart(333)) - Started ServerConnector@570fe8a4{HTTP/1.1, (http/1.1)}{0.0.0.0:43999}
2023-01-26 20:31:45,528 [Listener at 127.0.0.1/38041] INFO  server.Server (Server.java:doStart(415)) - Started @129223ms
2023-01-26 20:31:45,528 [Listener at 127.0.0.1/38041] WARN  impl.MetricsSystemImpl (MetricsSystemImpl.java:register(279)) - Sink prometheus already exists!
2023-01-26 20:31:45,529 [Listener at 127.0.0.1/38041] INFO  http.BaseHttpServer (BaseHttpServer.java:updateConnectorAddress(333)) - HTTP server of hddsDatanode listening at http://0.0.0.0:43999
2023-01-26 20:31:45,529 [Datanode State Machine Daemon Thread] INFO  statemachine.DatanodeStateMachine (DatanodeStateMachine.java:lambda$startDaemon$0(515)) - Ozone container server started.
2023-01-26 20:31:45,529 [Listener at 127.0.0.1/38041] WARN  impl.MetricRegistriesImpl (MetricRegistriesImpl.java:addReporterRegistration(111)) - New reporters are added after registries were created. Some metrics will be missing from the reporter. Please add reporter before adding any new registry.
2023-01-26 20:31:45,531 [Listener at 127.0.0.1/38041] WARN  impl.MetricRegistriesImpl (MetricRegistriesImpl.java:addReporterRegistration(111)) - New reporters are added after registries were created. Some metrics will be missing from the reporter. Please add reporter before adding any new registry.
2023-01-26 20:31:45,531 [Listener at 127.0.0.1/38041] INFO  impl.MetricsSystemImpl (MetricsSystemImpl.java:init(158)) - HddsDatanode metrics system started (again)
2023-01-26 20:31:45,546 [org.apache.hadoop.util.JvmPauseMonitor$Monitor@6b82177c] INFO  util.JvmPauseMonitor (JvmPauseMonitor.java:run(188)) - Starting JVM pause monitor
2023-01-26 20:31:45,547 [Datanode State Machine Task Thread - 0] INFO  datanode.InitDatanodeState (InitDatanodeState.java:persistContainerDatanodeDetails(138)) - DatanodeDetails is persisted to /home/runner/work/ozone/ozone/hadoop-ozone/integration-test/target/test-dir/MiniOzoneClusterImpl-885fda24-0582-4ee7-b43d-362ebd6c8d83/datanode-2/meta/datanode.id
2023-01-26 20:31:45,547 [Listener at 127.0.0.1/38041] INFO  ozone.HddsDatanodeService (HddsDatanodeService.java:start(228)) - HddsDatanodeService host:fv-az462-54.0zuljvm5d0yedf4jva4xayy4gc.gx.internal.cloudapp.net ip:10.1.0.15
2023-01-26 20:31:45,561 [om1@group-C5BA1605619E-FollowerState] INFO  impl.FollowerState (FollowerState.java:run(143)) - om1@group-C5BA1605619E-FollowerState: change to CANDIDATE, lastRpcElapsedTime:1073770787ns, electionTimeout:1073ms
2023-01-26 20:31:45,561 [om1@group-C5BA1605619E-FollowerState] INFO  impl.RoleInfo (RoleInfo.java:shutdownFollowerState(110)) - om1: shutdown om1@group-C5BA1605619E-FollowerState
2023-01-26 20:31:45,561 [om1@group-C5BA1605619E-FollowerState] INFO  server.RaftServer$Division (RaftServerImpl.java:setRole(321)) - om1@group-C5BA1605619E: changes role from  FOLLOWER to CANDIDATE at term 0 for changeToCandidate
2023-01-26 20:31:45,561 [om1@group-C5BA1605619E-FollowerState] INFO  server.RaftServerConfigKeys (ConfUtils.java:logGet(46)) - raft.server.leaderelection.pre-vote = false (custom)
2023-01-26 20:31:45,561 [om1@group-C5BA1605619E-FollowerState] INFO  impl.RoleInfo (RoleInfo.java:updateAndGet(139)) - om1: start om1@group-C5BA1605619E-LeaderElection22
2023-01-26 20:31:45,566 [Listener at 127.0.0.1/38041] INFO  upgrade.AbstractLayoutVersionManager (AbstractLayoutVersionManager.java:init(83)) - Initializing Layout version manager with metadata layout = DATANODE_SCHEMA_V3 (version = 4), software layout = DATANODE_SCHEMA_V3 (version = 4)
2023-01-26 20:31:45,569 [om1@group-C5BA1605619E-LeaderElection22] INFO  impl.LeaderElection (LeaderElection.java:askForVotes(312)) - om1@group-C5BA1605619E-LeaderElection22 ELECTION round 0: submit vote requests at term 1 for -1: peers:[om1|rpc:localhost:9872|priority:0|startupRole:FOLLOWER]|listeners:[], old=null
2023-01-26 20:31:45,569 [om1@group-C5BA1605619E-LeaderElection22] INFO  impl.LeaderElection (LeaderElection.java:askForVotes(314)) - om1@group-C5BA1605619E-LeaderElection22 ELECTION round 0: result PASSED (term=1)
2023-01-26 20:31:45,569 [om1@group-C5BA1605619E-LeaderElection22] INFO  impl.RoleInfo (RoleInfo.java:shutdownLeaderElection(130)) - om1: shutdown om1@group-C5BA1605619E-LeaderElection22
2023-01-26 20:31:45,569 [om1@group-C5BA1605619E-LeaderElection22] INFO  server.RaftServer$Division (RaftServerImpl.java:setRole(321)) - om1@group-C5BA1605619E: changes role from CANDIDATE to LEADER at term 1 for changeToLeader
2023-01-26 20:31:45,569 [om1@group-C5BA1605619E-LeaderElection22] INFO  server.RaftServer$Division (ServerState.java:setLeader(313)) - om1@group-C5BA1605619E: change Leader from null to om1 at term 1 for becomeLeader, leader elected after 1395ms
2023-01-26 20:31:45,569 [om1@group-C5BA1605619E-LeaderElection22] INFO  server.RaftServerConfigKeys (ConfUtils.java:logGet(46)) - raft.server.staging.catchup.gap = 1000 (default)
2023-01-26 20:31:45,569 [om1@group-C5BA1605619E-LeaderElection22] INFO  server.RaftServerConfigKeys (ConfUtils.java:logGet(46)) - raft.server.write.element-limit = 4096 (default)
2023-01-26 20:31:45,569 [om1@group-C5BA1605619E-LeaderElection22] INFO  server.RaftServerConfigKeys (ConfUtils.java:logGet(46)) - raft.server.write.byte-limit = 64MB (=67108864) (default)
2023-01-26 20:31:45,569 [om1@group-C5BA1605619E-LeaderElection22] INFO  server.RaftServerConfigKeys (ConfUtils.java:logGet(46)) - raft.server.watch.timeout = 10s (default)
2023-01-26 20:31:45,569 [om1@group-C5BA1605619E-LeaderElection22] INFO  server.RaftServerConfigKeys (ConfUtils.java:logGet(46)) - raft.server.watch.timeout.denomination = 1s (default)
2023-01-26 20:31:45,569 [om1@group-C5BA1605619E-LeaderElection22] INFO  server.RaftServerConfigKeys (ConfUtils.java:logGet(46)) - raft.server.watch.element-limit = 65536 (default)
2023-01-26 20:31:45,570 [om1@group-C5BA1605619E-LeaderElection22] INFO  server.RaftServerConfigKeys (ConfUtils.java:logGet(46)) - raft.server.write.element-limit = 4096 (default)
2023-01-26 20:31:45,570 [om1@group-C5BA1605619E-LeaderElection22] INFO  server.RaftServerConfigKeys (ConfUtils.java:logGet(46)) - raft.server.write.follower.gap.ratio.max = -1.0 (default)
2023-01-26 20:31:45,570 [om1@group-C5BA1605619E-LeaderElection22] INFO  impl.RoleInfo (RoleInfo.java:updateAndGet(139)) - om1: start om1@group-C5BA1605619E-LeaderStateImpl
2023-01-26 20:31:45,570 [om1@group-C5BA1605619E-LeaderElection22] INFO  segmented.SegmentedRaftLogWorker (SegmentedRaftLogWorker.java:startLogSegment(452)) - om1@group-C5BA1605619E-SegmentedRaftLogWorker: Starting segment from index:0
2023-01-26 20:31:45,581 [om1@group-C5BA1605619E-LeaderElection22] INFO  server.RaftServer$Division (ServerState.java:setRaftConf(430)) - om1@group-C5BA1605619E: set configuration 0: peers:[om1|rpc:localhost:9872|admin:|client:|dataStream:|priority:0|startupRole:FOLLOWER]|listeners:[], old=null
2023-01-26 20:31:45,581 [om1@group-C5BA1605619E-SegmentedRaftLogWorker] INFO  segmented.SegmentedRaftLogWorker (SegmentedRaftLogWorker.java:execute(656)) - om1@group-C5BA1605619E-SegmentedRaftLogWorker: created new log segment /home/runner/work/ozone/ozone/hadoop-ozone/integration-test/target/test-dir/MiniOzoneClusterImpl-885fda24-0582-4ee7-b43d-362ebd6c8d83/ozone-meta/ratis/bf265839-605b-3f16-9796-c5ba1605619e/current/log_inprogress_0
2023-01-26 20:31:45,583 [om1@group-C5BA1605619E-StateMachineUpdater] INFO  ratis.OzoneManagerStateMachine (OzoneManagerStateMachine.java:notifyConfigurationChanged(192)) - Received Configuration change notification from Ratis. New Peer list:
[id: "om1"
address: "localhost:9872"
startupRole: FOLLOWER
]
2023-01-26 20:31:45,615 [Listener at 127.0.0.1/38041] INFO  reflections.Reflections (Reflections.java:scan(232)) - Reflections took 47 ms to scan 7 urls, producing 148 keys and 356 values 
2023-01-26 20:31:45,616 [Listener at 127.0.0.1/38041] INFO  statemachine.DatanodeStateMachine (DatanodeStateMachine.java:getEndPointTaskThreadPoolSize(259)) - Datanode State Machine Task Thread Pool size 2
2023-01-26 20:31:45,618 [Listener at 127.0.0.1/38041] INFO  volume.HddsVolume (HddsVolume.java:<init>(117)) - Creating HddsVolume: /home/runner/work/ozone/ozone/hadoop-ozone/integration-test/target/test-dir/MiniOzoneClusterImpl-885fda24-0582-4ee7-b43d-362ebd6c8d83/datanode-3/data-0/containers/hdds of storage type : DISK capacity : 9223372036854775807
2023-01-26 20:31:45,618 [Listener at 127.0.0.1/38041] INFO  volume.MutableVolumeSet (MutableVolumeSet.java:initializeVolumeSet(174)) - Added Volume : /home/runner/work/ozone/ozone/hadoop-ozone/integration-test/target/test-dir/MiniOzoneClusterImpl-885fda24-0582-4ee7-b43d-362ebd6c8d83/datanode-3/data-0/containers/hdds to VolumeSet
2023-01-26 20:31:45,618 [Listener at 127.0.0.1/38041] INFO  volume.ThrottledAsyncChecker (ThrottledAsyncChecker.java:schedule(141)) - Scheduling a check for /home/runner/work/ozone/ozone/hadoop-ozone/integration-test/target/test-dir/MiniOzoneClusterImpl-885fda24-0582-4ee7-b43d-362ebd6c8d83/datanode-3/data-0/containers/hdds
2023-01-26 20:31:45,619 [Listener at 127.0.0.1/38041] INFO  volume.StorageVolumeChecker (StorageVolumeChecker.java:checkAllVolumes(202)) - Scheduled health check for volume /home/runner/work/ozone/ozone/hadoop-ozone/integration-test/target/test-dir/MiniOzoneClusterImpl-885fda24-0582-4ee7-b43d-362ebd6c8d83/datanode-3/data-0/containers/hdds
2023-01-26 20:31:45,629 [Listener at 127.0.0.1/38041] INFO  volume.MutableVolumeSet (MutableVolumeSet.java:initializeVolumeSet(174)) - Added Volume : /home/runner/work/ozone/ozone/hadoop-ozone/integration-test/target/test-dir/MiniOzoneClusterImpl-885fda24-0582-4ee7-b43d-362ebd6c8d83/datanode-3/data/ratis to VolumeSet
2023-01-26 20:31:45,629 [Listener at 127.0.0.1/38041] INFO  volume.ThrottledAsyncChecker (ThrottledAsyncChecker.java:schedule(141)) - Scheduling a check for /home/runner/work/ozone/ozone/hadoop-ozone/integration-test/target/test-dir/MiniOzoneClusterImpl-885fda24-0582-4ee7-b43d-362ebd6c8d83/datanode-3/data/ratis
2023-01-26 20:31:45,630 [Listener at 127.0.0.1/38041] INFO  volume.StorageVolumeChecker (StorageVolumeChecker.java:checkAllVolumes(202)) - Scheduled health check for volume /home/runner/work/ozone/ozone/hadoop-ozone/integration-test/target/test-dir/MiniOzoneClusterImpl-885fda24-0582-4ee7-b43d-362ebd6c8d83/datanode-3/data/ratis
2023-01-26 20:31:45,640 [Thread-954] INFO  ozoneimpl.ContainerReader (ContainerReader.java:readVolume(175)) - Finish verifying containers on volume /home/runner/work/ozone/ozone/hadoop-ozone/integration-test/target/test-dir/MiniOzoneClusterImpl-885fda24-0582-4ee7-b43d-362ebd6c8d83/datanode-3/data-0/containers/hdds
2023-01-26 20:31:45,640 [Listener at 127.0.0.1/38041] INFO  ozoneimpl.OzoneContainer (OzoneContainer.java:buildContainerSet(305)) - Build ContainerSet costs 0s
2023-01-26 20:31:45,642 [Listener at 127.0.0.1/38041] INFO  server.RaftServer (ConfUtils.java:logGet(46)) - raft.rpc.type = GRPC (default)
2023-01-26 20:31:45,642 [Listener at 127.0.0.1/38041] INFO  grpc.GrpcConfigKeys (ConfUtils.java:logFallback(53)) - raft.grpc.admin.host = null (fallback to raft.grpc.server.host)
2023-01-26 20:31:45,642 [Listener at 127.0.0.1/38041] INFO  grpc.GrpcConfigKeys (ConfUtils.java:logGet(46)) - raft.grpc.admin.port = 0 (custom)
2023-01-26 20:31:45,642 [Listener at 127.0.0.1/38041] INFO  grpc.GrpcConfigKeys (ConfUtils.java:logFallback(53)) - raft.grpc.client.host = null (fallback to raft.grpc.server.host)
2023-01-26 20:31:45,643 [Listener at 127.0.0.1/38041] INFO  grpc.GrpcConfigKeys (ConfUtils.java:logGet(46)) - raft.grpc.client.port = 0 (custom)
2023-01-26 20:31:45,643 [Listener at 127.0.0.1/38041] INFO  grpc.GrpcConfigKeys (ConfUtils.java:logGet(46)) - raft.grpc.server.host = null (default)
2023-01-26 20:31:45,643 [Listener at 127.0.0.1/38041] INFO  grpc.GrpcConfigKeys (ConfUtils.java:logGet(46)) - raft.grpc.server.port = 0 (default)
2023-01-26 20:31:45,643 [Listener at 127.0.0.1/38041] INFO  server.GrpcService (ConfUtils.java:logGet(46)) - raft.grpc.message.size.max = 32MB (=33554432) (custom)
2023-01-26 20:31:45,643 [Listener at 127.0.0.1/38041] INFO  server.RaftServerConfigKeys (ConfUtils.java:logGet(46)) - raft.server.log.appender.buffer.byte-limit = 33554432 (custom)
2023-01-26 20:31:45,643 [Listener at 127.0.0.1/38041] INFO  server.GrpcService (ConfUtils.java:logGet(46)) - raft.grpc.flow.control.window = 5MB (=5242880) (custom)
2023-01-26 20:31:45,643 [Listener at 127.0.0.1/38041] INFO  server.RaftServerConfigKeys (ConfUtils.java:logGet(46)) - raft.server.rpc.request.timeout = 60s (custom)
2023-01-26 20:31:45,643 [Listener at 127.0.0.1/38041] INFO  grpc.GrpcConfigKeys (ConfUtils.java:logGet(46)) - raft.grpc.server.heartbeat.channel = true (default)
2023-01-26 20:31:45,643 [Listener at 127.0.0.1/38041] INFO  grpc.GrpcConfigKeys (ConfUtils.java:logGet(46)) - raft.grpc.server.async.request.thread.pool.cached = true (default)
2023-01-26 20:31:45,643 [Listener at 127.0.0.1/38041] INFO  grpc.GrpcConfigKeys (ConfUtils.java:logGet(46)) - raft.grpc.server.async.request.thread.pool.size = 32 (default)
2023-01-26 20:31:45,644 [Listener at 127.0.0.1/38041] INFO  impl.DataStreamServerImpl (ConfUtils.java:logGet(46)) - raft.datastream.type = NETTY (custom)
2023-01-26 20:31:45,645 [Listener at 127.0.0.1/38041] INFO  server.RaftServerConfigKeys (ConfUtils.java:logGet(46)) - raft.server.data-stream.async.request.thread.pool.cached = false (default)
2023-01-26 20:31:45,645 [Listener at 127.0.0.1/38041] INFO  server.RaftServerConfigKeys (ConfUtils.java:logGet(46)) - raft.server.data-stream.async.request.thread.pool.size = 20 (custom)
2023-01-26 20:31:45,645 [Listener at 127.0.0.1/38041] INFO  server.RaftServerConfigKeys (ConfUtils.java:logGet(46)) - raft.server.data-stream.async.write.thread.pool.size = 16 (default)
2023-01-26 20:31:45,645 [Listener at 127.0.0.1/38041] INFO  server.RaftServerConfigKeys (ConfUtils.java:logGet(46)) - raft.server.data-stream.client.pool.size = 10 (default)
2023-01-26 20:31:45,645 [Listener at 127.0.0.1/38041] INFO  netty.NettyConfigKeys$DataStream (ConfUtils.java:logGet(46)) - raft.netty.dataStream.server.use-epoll = false (default)
2023-01-26 20:31:45,645 [Listener at 127.0.0.1/38041] INFO  netty.NettyConfigKeys$DataStream (ConfUtils.java:logGet(46)) - raft.netty.dataStream.server.boss-group.size = 0 (default)
2023-01-26 20:31:45,646 [Listener at 127.0.0.1/38041] INFO  netty.NettyConfigKeys$DataStream (ConfUtils.java:logGet(46)) - raft.netty.dataStream.server.worker-group.size = 0 (default)
2023-01-26 20:31:45,646 [Listener at 127.0.0.1/38041] INFO  netty.NettyConfigKeys$DataStream (ConfUtils.java:logGet(46)) - raft.netty.dataStream.server.tls.conf = null (default)
2023-01-26 20:31:45,646 [Listener at 127.0.0.1/38041] INFO  netty.NettyConfigKeys$DataStream (ConfUtils.java:logGet(46)) - raft.netty.dataStream.host = null (default)
2023-01-26 20:31:45,646 [Listener at 127.0.0.1/38041] INFO  netty.NettyConfigKeys$DataStream (ConfUtils.java:logGet(46)) - raft.netty.dataStream.port = 0 (default)
2023-01-26 20:31:45,647 [Listener at 127.0.0.1/38041] INFO  server.RaftServerConfigKeys (ConfUtils.java:logGet(46)) - raft.server.threadpool.proxy.cached = true (default)
2023-01-26 20:31:45,647 [Listener at 127.0.0.1/38041] INFO  server.RaftServerConfigKeys (ConfUtils.java:logGet(46)) - raft.server.threadpool.proxy.size = 0 (default)
2023-01-26 20:31:45,647 [Listener at 127.0.0.1/38041] INFO  server.RaftServerConfigKeys (ConfUtils.java:logGet(46)) - raft.server.rpc.slowness.timeout = 300s (custom)
2023-01-26 20:31:45,647 [Listener at 127.0.0.1/38041] INFO  server.RaftServerConfigKeys (ConfUtils.java:logGet(46)) - raft.server.leaderelection.leader.step-down.wait-time = 10s (default)
2023-01-26 20:31:45,647 [Listener at 127.0.0.1/38041] INFO  server.RaftServerConfigKeys (ConfUtils.java:logGet(46)) - raft.server.storage.dir = [/home/runner/work/ozone/ozone/hadoop-ozone/integration-test/target/test-dir/MiniOzoneClusterImpl-885fda24-0582-4ee7-b43d-362ebd6c8d83/datanode-3/data/ratis] (custom)
2023-01-26 20:31:45,648 [33f1eb0e-c0cf-45d4-92c4-46358a3181ac-NettyServerStreamRpc-bossGroup--thread1] INFO  logging.LoggingHandler (AbstractInternalLogger.java:log(148)) - [id: 0x82920a78] REGISTERED
2023-01-26 20:31:45,649 [Listener at 127.0.0.1/38041] INFO  server.XceiverServerGrpc (XceiverServerGrpc.java:<init>(132)) - GrpcServer channel type EpollServerSocketChannel
2023-01-26 20:31:45,650 [33f1eb0e-c0cf-45d4-92c4-46358a3181ac-NettyServerStreamRpc-bossGroup--thread1] INFO  logging.LoggingHandler (AbstractInternalLogger.java:log(148)) - [id: 0x82920a78] BIND: 0.0.0.0/0.0.0.0:0
2023-01-26 20:31:45,650 [33f1eb0e-c0cf-45d4-92c4-46358a3181ac-NettyServerStreamRpc-bossGroup--thread1] INFO  logging.LoggingHandler (AbstractInternalLogger.java:log(148)) - [id: 0x82920a78, L:/0:0:0:0:0:0:0:0:33379] ACTIVE
2023-01-26 20:31:45,651 [Listener at 127.0.0.1/38041] INFO  http.BaseHttpServer (BaseHttpServer.java:newHttpServer2BuilderForOzone(213)) - Starting Web-server for hddsDatanode at: http://0.0.0.0:0
2023-01-26 20:31:45,651 [Listener at 127.0.0.1/38041] INFO  http.BaseHttpServer (BaseHttpServer.java:<init>(108)) - Hadoop Security Enabled: false Ozone Security Enabled: false Ozone HTTP Security Enabled: false 
2023-01-26 20:31:45,652 [Listener at 127.0.0.1/38041] WARN  server.AuthenticationFilter (AuthenticationFilter.java:constructSecretProvider(240)) - Unable to initialize FileSignerSecretProvider, falling back to use random secrets. Reason: Could not read signature secret file: /home/runner/hadoop-http-auth-signature-secret
2023-01-26 20:31:45,653 [Listener at 127.0.0.1/38041] WARN  http.HttpRequestLog (HttpRequestLog.java:getRequestLog(103)) - Jetty request log can only be enabled using Log4j
2023-01-26 20:31:45,654 [Listener at 127.0.0.1/38041] INFO  http.HttpServer2 (HttpServer2.java:addGlobalFilter(1031)) - Added global filter 'safety' (class=org.apache.hadoop.hdds.server.http.HttpServer2$QuotingInputFilter)
2023-01-26 20:31:45,654 [Listener at 127.0.0.1/38041] INFO  http.HttpServer2 (HttpServer2.java:addFilter(1007)) - Added filter static_user_filter (class=org.apache.hadoop.http.lib.StaticUserWebFilter$StaticUserFilter) to context hddsDatanode
2023-01-26 20:31:45,654 [Listener at 127.0.0.1/38041] INFO  http.HttpServer2 (HttpServer2.java:addFilter(1015)) - Added filter static_user_filter (class=org.apache.hadoop.http.lib.StaticUserWebFilter$StaticUserFilter) to context static
2023-01-26 20:31:45,654 [Listener at 127.0.0.1/38041] INFO  http.HttpServer2 (HttpServer2.java:addFilter(1015)) - Added filter static_user_filter (class=org.apache.hadoop.http.lib.StaticUserWebFilter$StaticUserFilter) to context logs
2023-01-26 20:31:45,654 [Listener at 127.0.0.1/38041] INFO  http.HttpServer2 (HttpServer2.java:bindListener(1250)) - Jetty bound to port 38953
2023-01-26 20:31:45,655 [Listener at 127.0.0.1/38041] INFO  server.Server (Server.java:doStart(375)) - jetty-9.4.49.v20220914; built: 2022-09-14T01:07:36.601Z; git: 4231a3b2e4cb8548a412a789936d640a97b1aa0a; jvm 1.8.0_352-b08
2023-01-26 20:31:45,656 [Listener at 127.0.0.1/38041] INFO  server.session (DefaultSessionIdManager.java:doStart(334)) - DefaultSessionIdManager workerName=node0
2023-01-26 20:31:45,656 [Listener at 127.0.0.1/38041] INFO  server.session (DefaultSessionIdManager.java:doStart(339)) - No SessionScavenger set, using defaults
2023-01-26 20:31:45,658 [Listener at 127.0.0.1/38041] INFO  server.session (HouseKeeper.java:startScavenging(132)) - node0 Scavenging every 660000ms
2023-01-26 20:31:45,658 [Listener at 127.0.0.1/38041] INFO  handler.ContextHandler (ContextHandler.java:doStart(921)) - Started o.e.j.s.ServletContextHandler@7e69228d{logs,/logs,file:///home/runner/work/ozone/ozone/hadoop-ozone/integration-test/target/log,AVAILABLE}
2023-01-26 20:31:45,658 [Listener at 127.0.0.1/38041] INFO  handler.ContextHandler (ContextHandler.java:doStart(921)) - Started o.e.j.s.ServletContextHandler@6a46e297{static,/static,jar:file:/home/runner/.m2/repository/org/apache/ozone/hdds-container-service/1.4.0-SNAPSHOT/hdds-container-service-1.4.0-SNAPSHOT.jar!/webapps/static,AVAILABLE}
2023-01-26 20:31:45,823 [Listener at 127.0.0.1/38041] INFO  handler.ContextHandler (ContextHandler.java:doStart(921)) - Started o.e.j.w.WebAppContext@9c38872{hddsDatanode,/,file:///tmp/jetty-0_0_0_0-38953-hdds-container-service-1_4_0-SNAPSHOT_jar-_-any-6378999574731622957/webapp/,AVAILABLE}{jar:file:/home/runner/.m2/repository/org/apache/ozone/hdds-container-service/1.4.0-SNAPSHOT/hdds-container-service-1.4.0-SNAPSHOT.jar!/webapps/hddsDatanode}
2023-01-26 20:31:45,826 [Listener at 127.0.0.1/38041] INFO  server.AbstractConnector (AbstractConnector.java:doStart(333)) - Started ServerConnector@6a0ab4cc{HTTP/1.1, (http/1.1)}{0.0.0.0:38953}
2023-01-26 20:31:45,826 [Listener at 127.0.0.1/38041] INFO  server.Server (Server.java:doStart(415)) - Started @129521ms
2023-01-26 20:31:45,826 [Listener at 127.0.0.1/38041] WARN  impl.MetricsSystemImpl (MetricsSystemImpl.java:register(279)) - Sink prometheus already exists!
2023-01-26 20:31:45,826 [Listener at 127.0.0.1/38041] INFO  http.BaseHttpServer (BaseHttpServer.java:updateConnectorAddress(333)) - HTTP server of hddsDatanode listening at http://0.0.0.0:38953
2023-01-26 20:31:45,827 [Datanode State Machine Daemon Thread] INFO  statemachine.DatanodeStateMachine (DatanodeStateMachine.java:lambda$startDaemon$0(515)) - Ozone container server started.
2023-01-26 20:31:45,827 [Listener at 127.0.0.1/38041] WARN  impl.MetricRegistriesImpl (MetricRegistriesImpl.java:addReporterRegistration(111)) - New reporters are added after registries were created. Some metrics will be missing from the reporter. Please add reporter before adding any new registry.
2023-01-26 20:31:45,828 [Listener at 127.0.0.1/38041] WARN  impl.MetricRegistriesImpl (MetricRegistriesImpl.java:addReporterRegistration(111)) - New reporters are added after registries were created. Some metrics will be missing from the reporter. Please add reporter before adding any new registry.
2023-01-26 20:31:45,828 [Listener at 127.0.0.1/38041] INFO  impl.MetricsSystemImpl (MetricsSystemImpl.java:init(158)) - HddsDatanode metrics system started (again)
2023-01-26 20:31:45,839 [Listener at 127.0.0.1/38041] INFO  ozone.HddsDatanodeService (HddsDatanodeService.java:start(228)) - HddsDatanodeService host:fv-az462-54.0zuljvm5d0yedf4jva4xayy4gc.gx.internal.cloudapp.net ip:10.1.0.15
2023-01-26 20:31:45,840 [org.apache.hadoop.util.JvmPauseMonitor$Monitor@771b3003] INFO  util.JvmPauseMonitor (JvmPauseMonitor.java:run(188)) - Starting JVM pause monitor
2023-01-26 20:31:45,841 [Datanode State Machine Task Thread - 0] INFO  datanode.InitDatanodeState (InitDatanodeState.java:persistContainerDatanodeDetails(138)) - DatanodeDetails is persisted to /home/runner/work/ozone/ozone/hadoop-ozone/integration-test/target/test-dir/MiniOzoneClusterImpl-885fda24-0582-4ee7-b43d-362ebd6c8d83/datanode-3/meta/datanode.id
2023-01-26 20:31:45,864 [Listener at 127.0.0.1/38041] INFO  upgrade.AbstractLayoutVersionManager (AbstractLayoutVersionManager.java:init(83)) - Initializing Layout version manager with metadata layout = DATANODE_SCHEMA_V3 (version = 4), software layout = DATANODE_SCHEMA_V3 (version = 4)
2023-01-26 20:31:45,907 [Listener at 127.0.0.1/38041] INFO  reflections.Reflections (Reflections.java:scan(232)) - Reflections took 42 ms to scan 7 urls, producing 148 keys and 356 values 
2023-01-26 20:31:45,909 [Listener at 127.0.0.1/38041] INFO  statemachine.DatanodeStateMachine (DatanodeStateMachine.java:getEndPointTaskThreadPoolSize(259)) - Datanode State Machine Task Thread Pool size 2
2023-01-26 20:31:45,913 [Listener at 127.0.0.1/38041] INFO  volume.HddsVolume (HddsVolume.java:<init>(117)) - Creating HddsVolume: /home/runner/work/ozone/ozone/hadoop-ozone/integration-test/target/test-dir/MiniOzoneClusterImpl-885fda24-0582-4ee7-b43d-362ebd6c8d83/datanode-4/data-0/containers/hdds of storage type : DISK capacity : 9223372036854775807
2023-01-26 20:31:45,913 [Listener at 127.0.0.1/38041] INFO  volume.MutableVolumeSet (MutableVolumeSet.java:initializeVolumeSet(174)) - Added Volume : /home/runner/work/ozone/ozone/hadoop-ozone/integration-test/target/test-dir/MiniOzoneClusterImpl-885fda24-0582-4ee7-b43d-362ebd6c8d83/datanode-4/data-0/containers/hdds to VolumeSet
2023-01-26 20:31:45,913 [Listener at 127.0.0.1/38041] INFO  volume.ThrottledAsyncChecker (ThrottledAsyncChecker.java:schedule(141)) - Scheduling a check for /home/runner/work/ozone/ozone/hadoop-ozone/integration-test/target/test-dir/MiniOzoneClusterImpl-885fda24-0582-4ee7-b43d-362ebd6c8d83/datanode-4/data-0/containers/hdds
2023-01-26 20:31:45,915 [Listener at 127.0.0.1/38041] INFO  volume.StorageVolumeChecker (StorageVolumeChecker.java:checkAllVolumes(202)) - Scheduled health check for volume /home/runner/work/ozone/ozone/hadoop-ozone/integration-test/target/test-dir/MiniOzoneClusterImpl-885fda24-0582-4ee7-b43d-362ebd6c8d83/datanode-4/data-0/containers/hdds
2023-01-26 20:31:45,926 [Listener at 127.0.0.1/38041] INFO  volume.MutableVolumeSet (MutableVolumeSet.java:initializeVolumeSet(174)) - Added Volume : /home/runner/work/ozone/ozone/hadoop-ozone/integration-test/target/test-dir/MiniOzoneClusterImpl-885fda24-0582-4ee7-b43d-362ebd6c8d83/datanode-4/data/ratis to VolumeSet
2023-01-26 20:31:45,927 [Listener at 127.0.0.1/38041] INFO  volume.ThrottledAsyncChecker (ThrottledAsyncChecker.java:schedule(141)) - Scheduling a check for /home/runner/work/ozone/ozone/hadoop-ozone/integration-test/target/test-dir/MiniOzoneClusterImpl-885fda24-0582-4ee7-b43d-362ebd6c8d83/datanode-4/data/ratis
2023-01-26 20:31:45,927 [Listener at 127.0.0.1/38041] INFO  volume.StorageVolumeChecker (StorageVolumeChecker.java:checkAllVolumes(202)) - Scheduled health check for volume /home/runner/work/ozone/ozone/hadoop-ozone/integration-test/target/test-dir/MiniOzoneClusterImpl-885fda24-0582-4ee7-b43d-362ebd6c8d83/datanode-4/data/ratis
2023-01-26 20:31:45,937 [Thread-968] INFO  ozoneimpl.ContainerReader (ContainerReader.java:readVolume(175)) - Finish verifying containers on volume /home/runner/work/ozone/ozone/hadoop-ozone/integration-test/target/test-dir/MiniOzoneClusterImpl-885fda24-0582-4ee7-b43d-362ebd6c8d83/datanode-4/data-0/containers/hdds
2023-01-26 20:31:45,937 [Listener at 127.0.0.1/38041] INFO  ozoneimpl.OzoneContainer (OzoneContainer.java:buildContainerSet(305)) - Build ContainerSet costs 0s
2023-01-26 20:31:45,939 [Listener at 127.0.0.1/38041] INFO  server.RaftServer (ConfUtils.java:logGet(46)) - raft.rpc.type = GRPC (default)
2023-01-26 20:31:45,939 [Listener at 127.0.0.1/38041] INFO  grpc.GrpcConfigKeys (ConfUtils.java:logFallback(53)) - raft.grpc.admin.host = null (fallback to raft.grpc.server.host)
2023-01-26 20:31:45,939 [Listener at 127.0.0.1/38041] INFO  grpc.GrpcConfigKeys (ConfUtils.java:logGet(46)) - raft.grpc.admin.port = 0 (custom)
2023-01-26 20:31:45,939 [Listener at 127.0.0.1/38041] INFO  grpc.GrpcConfigKeys (ConfUtils.java:logFallback(53)) - raft.grpc.client.host = null (fallback to raft.grpc.server.host)
2023-01-26 20:31:45,939 [Listener at 127.0.0.1/38041] INFO  grpc.GrpcConfigKeys (ConfUtils.java:logGet(46)) - raft.grpc.client.port = 0 (custom)
2023-01-26 20:31:45,939 [Listener at 127.0.0.1/38041] INFO  grpc.GrpcConfigKeys (ConfUtils.java:logGet(46)) - raft.grpc.server.host = null (default)
2023-01-26 20:31:45,939 [Listener at 127.0.0.1/38041] INFO  grpc.GrpcConfigKeys (ConfUtils.java:logGet(46)) - raft.grpc.server.port = 0 (default)
2023-01-26 20:31:45,939 [Listener at 127.0.0.1/38041] INFO  server.GrpcService (ConfUtils.java:logGet(46)) - raft.grpc.message.size.max = 32MB (=33554432) (custom)
2023-01-26 20:31:45,943 [Listener at 127.0.0.1/38041] INFO  server.RaftServerConfigKeys (ConfUtils.java:logGet(46)) - raft.server.log.appender.buffer.byte-limit = 33554432 (custom)
2023-01-26 20:31:45,943 [Listener at 127.0.0.1/38041] INFO  server.GrpcService (ConfUtils.java:logGet(46)) - raft.grpc.flow.control.window = 5MB (=5242880) (custom)
2023-01-26 20:31:45,943 [Listener at 127.0.0.1/38041] INFO  server.RaftServerConfigKeys (ConfUtils.java:logGet(46)) - raft.server.rpc.request.timeout = 60s (custom)
2023-01-26 20:31:45,943 [Listener at 127.0.0.1/38041] INFO  grpc.GrpcConfigKeys (ConfUtils.java:logGet(46)) - raft.grpc.server.heartbeat.channel = true (default)
2023-01-26 20:31:45,943 [Listener at 127.0.0.1/38041] INFO  grpc.GrpcConfigKeys (ConfUtils.java:logGet(46)) - raft.grpc.server.async.request.thread.pool.cached = true (default)
2023-01-26 20:31:45,943 [Listener at 127.0.0.1/38041] INFO  grpc.GrpcConfigKeys (ConfUtils.java:logGet(46)) - raft.grpc.server.async.request.thread.pool.size = 32 (default)
2023-01-26 20:31:45,945 [Listener at 127.0.0.1/38041] INFO  impl.DataStreamServerImpl (ConfUtils.java:logGet(46)) - raft.datastream.type = NETTY (custom)
2023-01-26 20:31:45,946 [Listener at 127.0.0.1/38041] INFO  server.RaftServerConfigKeys (ConfUtils.java:logGet(46)) - raft.server.data-stream.async.request.thread.pool.cached = false (default)
2023-01-26 20:31:45,946 [Listener at 127.0.0.1/38041] INFO  server.RaftServerConfigKeys (ConfUtils.java:logGet(46)) - raft.server.data-stream.async.request.thread.pool.size = 20 (custom)
2023-01-26 20:31:45,946 [Listener at 127.0.0.1/38041] INFO  server.RaftServerConfigKeys (ConfUtils.java:logGet(46)) - raft.server.data-stream.async.write.thread.pool.size = 16 (default)
2023-01-26 20:31:45,946 [Listener at 127.0.0.1/38041] INFO  server.RaftServerConfigKeys (ConfUtils.java:logGet(46)) - raft.server.data-stream.client.pool.size = 10 (default)
2023-01-26 20:31:45,946 [Listener at 127.0.0.1/38041] INFO  netty.NettyConfigKeys$DataStream (ConfUtils.java:logGet(46)) - raft.netty.dataStream.server.use-epoll = false (default)
2023-01-26 20:31:45,947 [Listener at 127.0.0.1/38041] INFO  netty.NettyConfigKeys$DataStream (ConfUtils.java:logGet(46)) - raft.netty.dataStream.server.boss-group.size = 0 (default)
2023-01-26 20:31:45,947 [Listener at 127.0.0.1/38041] INFO  netty.NettyConfigKeys$DataStream (ConfUtils.java:logGet(46)) - raft.netty.dataStream.server.worker-group.size = 0 (default)
2023-01-26 20:31:45,947 [Listener at 127.0.0.1/38041] INFO  netty.NettyConfigKeys$DataStream (ConfUtils.java:logGet(46)) - raft.netty.dataStream.server.tls.conf = null (default)
2023-01-26 20:31:45,947 [Listener at 127.0.0.1/38041] INFO  netty.NettyConfigKeys$DataStream (ConfUtils.java:logGet(46)) - raft.netty.dataStream.host = null (default)
2023-01-26 20:31:45,947 [Listener at 127.0.0.1/38041] INFO  netty.NettyConfigKeys$DataStream (ConfUtils.java:logGet(46)) - raft.netty.dataStream.port = 0 (default)
2023-01-26 20:31:45,948 [Listener at 127.0.0.1/38041] INFO  server.RaftServerConfigKeys (ConfUtils.java:logGet(46)) - raft.server.threadpool.proxy.cached = true (default)
2023-01-26 20:31:45,948 [Listener at 127.0.0.1/38041] INFO  server.RaftServerConfigKeys (ConfUtils.java:logGet(46)) - raft.server.threadpool.proxy.size = 0 (default)
2023-01-26 20:31:45,948 [Listener at 127.0.0.1/38041] INFO  server.RaftServerConfigKeys (ConfUtils.java:logGet(46)) - raft.server.rpc.slowness.timeout = 300s (custom)
2023-01-26 20:31:45,948 [Listener at 127.0.0.1/38041] INFO  server.RaftServerConfigKeys (ConfUtils.java:logGet(46)) - raft.server.leaderelection.leader.step-down.wait-time = 10s (default)
2023-01-26 20:31:45,948 [Listener at 127.0.0.1/38041] INFO  server.RaftServerConfigKeys (ConfUtils.java:logGet(46)) - raft.server.storage.dir = [/home/runner/work/ozone/ozone/hadoop-ozone/integration-test/target/test-dir/MiniOzoneClusterImpl-885fda24-0582-4ee7-b43d-362ebd6c8d83/datanode-4/data/ratis] (custom)
2023-01-26 20:31:45,949 [06f84c71-7643-49a3-8309-2de556f4fabe-NettyServerStreamRpc-bossGroup--thread1] INFO  logging.LoggingHandler (AbstractInternalLogger.java:log(148)) - [id: 0xc783dfe1] REGISTERED
2023-01-26 20:31:45,949 [06f84c71-7643-49a3-8309-2de556f4fabe-NettyServerStreamRpc-bossGroup--thread1] INFO  logging.LoggingHandler (AbstractInternalLogger.java:log(148)) - [id: 0xc783dfe1] BIND: 0.0.0.0/0.0.0.0:0
2023-01-26 20:31:45,949 [06f84c71-7643-49a3-8309-2de556f4fabe-NettyServerStreamRpc-bossGroup--thread1] INFO  logging.LoggingHandler (AbstractInternalLogger.java:log(148)) - [id: 0xc783dfe1, L:/0:0:0:0:0:0:0:0:34009] ACTIVE
2023-01-26 20:31:45,950 [Listener at 127.0.0.1/38041] INFO  server.XceiverServerGrpc (XceiverServerGrpc.java:<init>(132)) - GrpcServer channel type EpollServerSocketChannel
2023-01-26 20:31:45,952 [Listener at 127.0.0.1/38041] INFO  http.BaseHttpServer (BaseHttpServer.java:newHttpServer2BuilderForOzone(213)) - Starting Web-server for hddsDatanode at: http://0.0.0.0:0
2023-01-26 20:31:45,953 [Listener at 127.0.0.1/38041] INFO  http.BaseHttpServer (BaseHttpServer.java:<init>(108)) - Hadoop Security Enabled: false Ozone Security Enabled: false Ozone HTTP Security Enabled: false 
2023-01-26 20:31:45,955 [Listener at 127.0.0.1/38041] WARN  server.AuthenticationFilter (AuthenticationFilter.java:constructSecretProvider(240)) - Unable to initialize FileSignerSecretProvider, falling back to use random secrets. Reason: Could not read signature secret file: /home/runner/hadoop-http-auth-signature-secret
2023-01-26 20:31:45,956 [Listener at 127.0.0.1/38041] WARN  http.HttpRequestLog (HttpRequestLog.java:getRequestLog(103)) - Jetty request log can only be enabled using Log4j
2023-01-26 20:31:45,959 [Listener at 127.0.0.1/38041] INFO  http.HttpServer2 (HttpServer2.java:addGlobalFilter(1031)) - Added global filter 'safety' (class=org.apache.hadoop.hdds.server.http.HttpServer2$QuotingInputFilter)
2023-01-26 20:31:45,961 [Listener at 127.0.0.1/38041] INFO  http.HttpServer2 (HttpServer2.java:addFilter(1007)) - Added filter static_user_filter (class=org.apache.hadoop.http.lib.StaticUserWebFilter$StaticUserFilter) to context hddsDatanode
2023-01-26 20:31:45,961 [Listener at 127.0.0.1/38041] INFO  http.HttpServer2 (HttpServer2.java:addFilter(1015)) - Added filter static_user_filter (class=org.apache.hadoop.http.lib.StaticUserWebFilter$StaticUserFilter) to context logs
2023-01-26 20:31:45,961 [Listener at 127.0.0.1/38041] INFO  http.HttpServer2 (HttpServer2.java:addFilter(1015)) - Added filter static_user_filter (class=org.apache.hadoop.http.lib.StaticUserWebFilter$StaticUserFilter) to context static
2023-01-26 20:31:45,962 [Listener at 127.0.0.1/38041] INFO  http.HttpServer2 (HttpServer2.java:bindListener(1250)) - Jetty bound to port 39627
2023-01-26 20:31:45,962 [Listener at 127.0.0.1/38041] INFO  server.Server (Server.java:doStart(375)) - jetty-9.4.49.v20220914; built: 2022-09-14T01:07:36.601Z; git: 4231a3b2e4cb8548a412a789936d640a97b1aa0a; jvm 1.8.0_352-b08
2023-01-26 20:31:45,964 [Listener at 127.0.0.1/38041] INFO  server.session (DefaultSessionIdManager.java:doStart(334)) - DefaultSessionIdManager workerName=node0
2023-01-26 20:31:45,964 [Listener at 127.0.0.1/38041] INFO  server.session (DefaultSessionIdManager.java:doStart(339)) - No SessionScavenger set, using defaults
2023-01-26 20:31:45,964 [Listener at 127.0.0.1/38041] INFO  server.session (HouseKeeper.java:startScavenging(132)) - node0 Scavenging every 660000ms
2023-01-26 20:31:45,965 [Listener at 127.0.0.1/38041] INFO  handler.ContextHandler (ContextHandler.java:doStart(921)) - Started o.e.j.s.ServletContextHandler@3ca91e4f{logs,/logs,file:///home/runner/work/ozone/ozone/hadoop-ozone/integration-test/target/log,AVAILABLE}
2023-01-26 20:31:45,965 [Listener at 127.0.0.1/38041] INFO  handler.ContextHandler (ContextHandler.java:doStart(921)) - Started o.e.j.s.ServletContextHandler@476e1a47{static,/static,jar:file:/home/runner/.m2/repository/org/apache/ozone/hdds-container-service/1.4.0-SNAPSHOT/hdds-container-service-1.4.0-SNAPSHOT.jar!/webapps/static,AVAILABLE}
2023-01-26 20:31:46,129 [Listener at 127.0.0.1/38041] INFO  handler.ContextHandler (ContextHandler.java:doStart(921)) - Started o.e.j.w.WebAppContext@162452be{hddsDatanode,/,file:///tmp/jetty-0_0_0_0-39627-hdds-container-service-1_4_0-SNAPSHOT_jar-_-any-2728793683752741345/webapp/,AVAILABLE}{jar:file:/home/runner/.m2/repository/org/apache/ozone/hdds-container-service/1.4.0-SNAPSHOT/hdds-container-service-1.4.0-SNAPSHOT.jar!/webapps/hddsDatanode}
2023-01-26 20:31:46,133 [Listener at 127.0.0.1/38041] INFO  server.AbstractConnector (AbstractConnector.java:doStart(333)) - Started ServerConnector@447c499f{HTTP/1.1, (http/1.1)}{0.0.0.0:39627}
2023-01-26 20:31:46,133 [Listener at 127.0.0.1/38041] INFO  server.Server (Server.java:doStart(415)) - Started @129829ms
2023-01-26 20:31:46,133 [Listener at 127.0.0.1/38041] WARN  impl.MetricsSystemImpl (MetricsSystemImpl.java:register(279)) - Sink prometheus already exists!
2023-01-26 20:31:46,134 [Listener at 127.0.0.1/38041] INFO  http.BaseHttpServer (BaseHttpServer.java:updateConnectorAddress(333)) - HTTP server of hddsDatanode listening at http://0.0.0.0:39627
2023-01-26 20:31:46,136 [Listener at 127.0.0.1/38041] INFO  ozone.MiniOzoneClusterImpl (MiniOzoneClusterImpl.java:lambda$waitForClusterToBeReady$0(218)) - Waiting for nodes to be ready. Got 0 of 5 DN Heartbeats.
2023-01-26 20:31:46,136 [Listener at 127.0.0.1/38041] INFO  ozone.MiniOzoneClusterImpl (MiniOzoneClusterImpl.java:lambda$waitForClusterToBeReady$0(221)) - Waiting for cluster to exit safe mode
2023-01-26 20:31:46,136 [Listener at 127.0.0.1/38041] INFO  ozone.MiniOzoneClusterImpl (MiniOzoneClusterImpl.java:lambda$waitForClusterToBeReady$0(223)) - SCM became leader
2023-01-26 20:31:46,137 [Datanode State Machine Daemon Thread] INFO  statemachine.DatanodeStateMachine (DatanodeStateMachine.java:lambda$startDaemon$0(515)) - Ozone container server started.
2023-01-26 20:31:46,144 [org.apache.hadoop.util.JvmPauseMonitor$Monitor@71040285] INFO  util.JvmPauseMonitor (JvmPauseMonitor.java:run(188)) - Starting JVM pause monitor
2023-01-26 20:31:46,146 [Datanode State Machine Task Thread - 0] INFO  datanode.InitDatanodeState (InitDatanodeState.java:persistContainerDatanodeDetails(138)) - DatanodeDetails is persisted to /home/runner/work/ozone/ozone/hadoop-ozone/integration-test/target/test-dir/MiniOzoneClusterImpl-885fda24-0582-4ee7-b43d-362ebd6c8d83/datanode-4/meta/datanode.id
2023-01-26 20:31:46,930 [EndpointStateMachine task thread for /0.0.0.0:46501 - 0 ] INFO  utils.DatanodeStoreCache (DatanodeStoreCache.java:addDB(58)) - Added db /home/runner/work/ozone/ozone/hadoop-ozone/integration-test/target/test-dir/MiniOzoneClusterImpl-885fda24-0582-4ee7-b43d-362ebd6c8d83/datanode-0/data-0/containers/hdds/885fda24-0582-4ee7-b43d-362ebd6c8d83/DS-4bbb9a03-36b0-4dbe-9afc-4c4956ed94f3/container.db to cache
2023-01-26 20:31:46,931 [EndpointStateMachine task thread for /0.0.0.0:46501 - 0 ] INFO  volume.HddsVolume (HddsVolume.java:createDbStore(307)) - SchemaV3 db is created and loaded at /home/runner/work/ozone/ozone/hadoop-ozone/integration-test/target/test-dir/MiniOzoneClusterImpl-885fda24-0582-4ee7-b43d-362ebd6c8d83/datanode-0/data-0/containers/hdds/885fda24-0582-4ee7-b43d-362ebd6c8d83/DS-4bbb9a03-36b0-4dbe-9afc-4c4956ed94f3/container.db for volume DS-4bbb9a03-36b0-4dbe-9afc-4c4956ed94f3
2023-01-26 20:31:46,931 [EndpointStateMachine task thread for /0.0.0.0:46501 - 0 ] INFO  ozoneimpl.OzoneContainer (OzoneContainer.java:start(399)) - Attempting to start container services.
2023-01-26 20:31:46,931 [EndpointStateMachine task thread for /0.0.0.0:46501 - 0 ] INFO  ozoneimpl.OzoneContainer (OzoneContainer.java:startContainerScrub(316)) - Scheduled background container scanners and the on-demand container scanner have been disabled.
2023-01-26 20:31:46,933 [EndpointStateMachine task thread for /0.0.0.0:46501 - 0 ] INFO  replication.ReplicationServer (ReplicationServer.java:start(109)) - ReplicationServer is started using port 35713
2023-01-26 20:31:46,933 [EndpointStateMachine task thread for /0.0.0.0:46501 - 0 ] INFO  ratis.XceiverServerRatis (XceiverServerRatis.java:start(517)) - Starting XceiverServerRatis a7887d3a-ac12-44f2-81f3-1f33b720a94f
2023-01-26 20:31:46,934 [EndpointStateMachine task thread for /0.0.0.0:46501 - 0 ] INFO  server.RaftServer (RaftServerProxy.java:startImpl(393)) - a7887d3a-ac12-44f2-81f3-1f33b720a94f: start RPC server
2023-01-26 20:31:46,941 [EndpointStateMachine task thread for /0.0.0.0:46501 - 0 ] INFO  server.GrpcService (GrpcService.java:startImpl(262)) - a7887d3a-ac12-44f2-81f3-1f33b720a94f: GrpcService started, listening on 36865
2023-01-26 20:31:46,941 [EndpointStateMachine task thread for /0.0.0.0:46501 - 0 ] INFO  ratis.XceiverServerRatis (XceiverServerRatis.java:getRealPort(543)) - XceiverServerRatis a7887d3a-ac12-44f2-81f3-1f33b720a94f is started using port 36865 for RATIS
2023-01-26 20:31:46,942 [JvmPauseMonitor12] INFO  util.JvmPauseMonitor (JvmPauseMonitor.java:run(105)) - JvmPauseMonitor-a7887d3a-ac12-44f2-81f3-1f33b720a94f: Started
2023-01-26 20:31:46,942 [EndpointStateMachine task thread for /0.0.0.0:46501 - 0 ] INFO  ratis.XceiverServerRatis (XceiverServerRatis.java:getRealPort(543)) - XceiverServerRatis a7887d3a-ac12-44f2-81f3-1f33b720a94f is started using port 36865 for RATIS_ADMIN
2023-01-26 20:31:46,942 [EndpointStateMachine task thread for /0.0.0.0:46501 - 0 ] INFO  ratis.XceiverServerRatis (XceiverServerRatis.java:getRealPort(543)) - XceiverServerRatis a7887d3a-ac12-44f2-81f3-1f33b720a94f is started using port 36865 for RATIS_SERVER
2023-01-26 20:31:46,942 [EndpointStateMachine task thread for /0.0.0.0:46501 - 0 ] INFO  ratis.XceiverServerRatis (XceiverServerRatis.java:getRealPort(543)) - XceiverServerRatis a7887d3a-ac12-44f2-81f3-1f33b720a94f is started using port 32943 for RATIS_DATASTREAM
2023-01-26 20:31:46,944 [EndpointStateMachine task thread for /0.0.0.0:46501 - 0 ] INFO  server.XceiverServerGrpc (XceiverServerGrpc.java:start(180)) - XceiverServerGrpc a7887d3a-ac12-44f2-81f3-1f33b720a94f is started using port 45283
2023-01-26 20:31:47,137 [Listener at 127.0.0.1/38041] INFO  ozone.MiniOzoneClusterImpl (MiniOzoneClusterImpl.java:lambda$waitForClusterToBeReady$0(218)) - Waiting for nodes to be ready. Got 0 of 5 DN Heartbeats.
2023-01-26 20:31:47,137 [Listener at 127.0.0.1/38041] INFO  ozone.MiniOzoneClusterImpl (MiniOzoneClusterImpl.java:lambda$waitForClusterToBeReady$0(221)) - Waiting for cluster to exit safe mode
2023-01-26 20:31:47,137 [Listener at 127.0.0.1/38041] INFO  ozone.MiniOzoneClusterImpl (MiniOzoneClusterImpl.java:lambda$waitForClusterToBeReady$0(223)) - SCM became leader
2023-01-26 20:31:47,242 [EndpointStateMachine task thread for /0.0.0.0:46501 - 0 ] INFO  utils.DatanodeStoreCache (DatanodeStoreCache.java:addDB(58)) - Added db /home/runner/work/ozone/ozone/hadoop-ozone/integration-test/target/test-dir/MiniOzoneClusterImpl-885fda24-0582-4ee7-b43d-362ebd6c8d83/datanode-1/data-0/containers/hdds/885fda24-0582-4ee7-b43d-362ebd6c8d83/DS-7bf71220-56e3-468a-8e27-1c544129574e/container.db to cache
2023-01-26 20:31:47,242 [EndpointStateMachine task thread for /0.0.0.0:46501 - 0 ] INFO  volume.HddsVolume (HddsVolume.java:createDbStore(307)) - SchemaV3 db is created and loaded at /home/runner/work/ozone/ozone/hadoop-ozone/integration-test/target/test-dir/MiniOzoneClusterImpl-885fda24-0582-4ee7-b43d-362ebd6c8d83/datanode-1/data-0/containers/hdds/885fda24-0582-4ee7-b43d-362ebd6c8d83/DS-7bf71220-56e3-468a-8e27-1c544129574e/container.db for volume DS-7bf71220-56e3-468a-8e27-1c544129574e
2023-01-26 20:31:47,242 [EndpointStateMachine task thread for /0.0.0.0:46501 - 0 ] INFO  ozoneimpl.OzoneContainer (OzoneContainer.java:start(399)) - Attempting to start container services.
2023-01-26 20:31:47,242 [EndpointStateMachine task thread for /0.0.0.0:46501 - 0 ] INFO  ozoneimpl.OzoneContainer (OzoneContainer.java:startContainerScrub(316)) - Scheduled background container scanners and the on-demand container scanner have been disabled.
2023-01-26 20:31:47,246 [EndpointStateMachine task thread for /0.0.0.0:46501 - 0 ] INFO  replication.ReplicationServer (ReplicationServer.java:start(109)) - ReplicationServer is started using port 36869
2023-01-26 20:31:47,246 [EndpointStateMachine task thread for /0.0.0.0:46501 - 0 ] INFO  ratis.XceiverServerRatis (XceiverServerRatis.java:start(517)) - Starting XceiverServerRatis 8116f3ad-43fd-49d6-b38b-c9c4aa8410ec
2023-01-26 20:31:47,247 [EndpointStateMachine task thread for /0.0.0.0:46501 - 0 ] INFO  server.RaftServer (RaftServerProxy.java:startImpl(393)) - 8116f3ad-43fd-49d6-b38b-c9c4aa8410ec: start RPC server
2023-01-26 20:31:47,248 [EndpointStateMachine task thread for /0.0.0.0:46501 - 0 ] INFO  server.GrpcService (GrpcService.java:startImpl(262)) - 8116f3ad-43fd-49d6-b38b-c9c4aa8410ec: GrpcService started, listening on 43645
2023-01-26 20:31:47,249 [EndpointStateMachine task thread for /0.0.0.0:46501 - 0 ] INFO  ratis.XceiverServerRatis (XceiverServerRatis.java:getRealPort(543)) - XceiverServerRatis 8116f3ad-43fd-49d6-b38b-c9c4aa8410ec is started using port 43645 for RATIS
2023-01-26 20:31:47,249 [EndpointStateMachine task thread for /0.0.0.0:46501 - 0 ] INFO  ratis.XceiverServerRatis (XceiverServerRatis.java:getRealPort(543)) - XceiverServerRatis 8116f3ad-43fd-49d6-b38b-c9c4aa8410ec is started using port 43645 for RATIS_ADMIN
2023-01-26 20:31:47,249 [JvmPauseMonitor13] INFO  util.JvmPauseMonitor (JvmPauseMonitor.java:run(105)) - JvmPauseMonitor-8116f3ad-43fd-49d6-b38b-c9c4aa8410ec: Started
2023-01-26 20:31:47,249 [EndpointStateMachine task thread for /0.0.0.0:46501 - 0 ] INFO  ratis.XceiverServerRatis (XceiverServerRatis.java:getRealPort(543)) - XceiverServerRatis 8116f3ad-43fd-49d6-b38b-c9c4aa8410ec is started using port 43645 for RATIS_SERVER
2023-01-26 20:31:47,249 [EndpointStateMachine task thread for /0.0.0.0:46501 - 0 ] INFO  ratis.XceiverServerRatis (XceiverServerRatis.java:getRealPort(543)) - XceiverServerRatis 8116f3ad-43fd-49d6-b38b-c9c4aa8410ec is started using port 43077 for RATIS_DATASTREAM
2023-01-26 20:31:47,257 [EndpointStateMachine task thread for /0.0.0.0:46501 - 0 ] INFO  server.XceiverServerGrpc (XceiverServerGrpc.java:start(180)) - XceiverServerGrpc 8116f3ad-43fd-49d6-b38b-c9c4aa8410ec is started using port 38371
2023-01-26 20:31:47,573 [EndpointStateMachine task thread for /0.0.0.0:46501 - 0 ] INFO  utils.DatanodeStoreCache (DatanodeStoreCache.java:addDB(58)) - Added db /home/runner/work/ozone/ozone/hadoop-ozone/integration-test/target/test-dir/MiniOzoneClusterImpl-885fda24-0582-4ee7-b43d-362ebd6c8d83/datanode-2/data-0/containers/hdds/885fda24-0582-4ee7-b43d-362ebd6c8d83/DS-ff4532e5-008b-4f5d-b95b-b1e7364d0aa4/container.db to cache
2023-01-26 20:31:47,573 [EndpointStateMachine task thread for /0.0.0.0:46501 - 0 ] INFO  volume.HddsVolume (HddsVolume.java:createDbStore(307)) - SchemaV3 db is created and loaded at /home/runner/work/ozone/ozone/hadoop-ozone/integration-test/target/test-dir/MiniOzoneClusterImpl-885fda24-0582-4ee7-b43d-362ebd6c8d83/datanode-2/data-0/containers/hdds/885fda24-0582-4ee7-b43d-362ebd6c8d83/DS-ff4532e5-008b-4f5d-b95b-b1e7364d0aa4/container.db for volume DS-ff4532e5-008b-4f5d-b95b-b1e7364d0aa4
2023-01-26 20:31:47,573 [EndpointStateMachine task thread for /0.0.0.0:46501 - 0 ] INFO  ozoneimpl.OzoneContainer (OzoneContainer.java:start(399)) - Attempting to start container services.
2023-01-26 20:31:47,573 [EndpointStateMachine task thread for /0.0.0.0:46501 - 0 ] INFO  ozoneimpl.OzoneContainer (OzoneContainer.java:startContainerScrub(316)) - Scheduled background container scanners and the on-demand container scanner have been disabled.
2023-01-26 20:31:47,576 [EndpointStateMachine task thread for /0.0.0.0:46501 - 0 ] INFO  replication.ReplicationServer (ReplicationServer.java:start(109)) - ReplicationServer is started using port 46289
2023-01-26 20:31:47,576 [EndpointStateMachine task thread for /0.0.0.0:46501 - 0 ] INFO  ratis.XceiverServerRatis (XceiverServerRatis.java:start(517)) - Starting XceiverServerRatis 40d8d262-8836-439b-84c4-75233c3da079
2023-01-26 20:31:47,578 [EndpointStateMachine task thread for /0.0.0.0:46501 - 0 ] INFO  server.RaftServer (RaftServerProxy.java:startImpl(393)) - 40d8d262-8836-439b-84c4-75233c3da079: start RPC server
2023-01-26 20:31:47,581 [EndpointStateMachine task thread for /0.0.0.0:46501 - 0 ] INFO  server.GrpcService (GrpcService.java:startImpl(262)) - 40d8d262-8836-439b-84c4-75233c3da079: GrpcService started, listening on 33521
2023-01-26 20:31:47,581 [EndpointStateMachine task thread for /0.0.0.0:46501 - 0 ] INFO  ratis.XceiverServerRatis (XceiverServerRatis.java:getRealPort(543)) - XceiverServerRatis 40d8d262-8836-439b-84c4-75233c3da079 is started using port 33521 for RATIS
2023-01-26 20:31:47,581 [JvmPauseMonitor14] INFO  util.JvmPauseMonitor (JvmPauseMonitor.java:run(105)) - JvmPauseMonitor-40d8d262-8836-439b-84c4-75233c3da079: Started
2023-01-26 20:31:47,581 [EndpointStateMachine task thread for /0.0.0.0:46501 - 0 ] INFO  ratis.XceiverServerRatis (XceiverServerRatis.java:getRealPort(543)) - XceiverServerRatis 40d8d262-8836-439b-84c4-75233c3da079 is started using port 33521 for RATIS_ADMIN
2023-01-26 20:31:47,581 [EndpointStateMachine task thread for /0.0.0.0:46501 - 0 ] INFO  ratis.XceiverServerRatis (XceiverServerRatis.java:getRealPort(543)) - XceiverServerRatis 40d8d262-8836-439b-84c4-75233c3da079 is started using port 33521 for RATIS_SERVER
2023-01-26 20:31:47,581 [EndpointStateMachine task thread for /0.0.0.0:46501 - 0 ] INFO  ratis.XceiverServerRatis (XceiverServerRatis.java:getRealPort(543)) - XceiverServerRatis 40d8d262-8836-439b-84c4-75233c3da079 is started using port 41237 for RATIS_DATASTREAM
2023-01-26 20:31:47,584 [EndpointStateMachine task thread for /0.0.0.0:46501 - 0 ] INFO  server.XceiverServerGrpc (XceiverServerGrpc.java:start(180)) - XceiverServerGrpc 40d8d262-8836-439b-84c4-75233c3da079 is started using port 46651
2023-01-26 20:31:47,869 [EndpointStateMachine task thread for /0.0.0.0:46501 - 0 ] INFO  utils.DatanodeStoreCache (DatanodeStoreCache.java:addDB(58)) - Added db /home/runner/work/ozone/ozone/hadoop-ozone/integration-test/target/test-dir/MiniOzoneClusterImpl-885fda24-0582-4ee7-b43d-362ebd6c8d83/datanode-3/data-0/containers/hdds/885fda24-0582-4ee7-b43d-362ebd6c8d83/DS-0b23353c-ee8b-4d23-b916-42ab07f83097/container.db to cache
2023-01-26 20:31:47,869 [EndpointStateMachine task thread for /0.0.0.0:46501 - 0 ] INFO  volume.HddsVolume (HddsVolume.java:createDbStore(307)) - SchemaV3 db is created and loaded at /home/runner/work/ozone/ozone/hadoop-ozone/integration-test/target/test-dir/MiniOzoneClusterImpl-885fda24-0582-4ee7-b43d-362ebd6c8d83/datanode-3/data-0/containers/hdds/885fda24-0582-4ee7-b43d-362ebd6c8d83/DS-0b23353c-ee8b-4d23-b916-42ab07f83097/container.db for volume DS-0b23353c-ee8b-4d23-b916-42ab07f83097
2023-01-26 20:31:47,869 [EndpointStateMachine task thread for /0.0.0.0:46501 - 0 ] INFO  ozoneimpl.OzoneContainer (OzoneContainer.java:start(399)) - Attempting to start container services.
2023-01-26 20:31:47,869 [EndpointStateMachine task thread for /0.0.0.0:46501 - 0 ] INFO  ozoneimpl.OzoneContainer (OzoneContainer.java:startContainerScrub(316)) - Scheduled background container scanners and the on-demand container scanner have been disabled.
2023-01-26 20:31:47,872 [EndpointStateMachine task thread for /0.0.0.0:46501 - 0 ] INFO  replication.ReplicationServer (ReplicationServer.java:start(109)) - ReplicationServer is started using port 42867
2023-01-26 20:31:47,872 [EndpointStateMachine task thread for /0.0.0.0:46501 - 0 ] INFO  ratis.XceiverServerRatis (XceiverServerRatis.java:start(517)) - Starting XceiverServerRatis 33f1eb0e-c0cf-45d4-92c4-46358a3181ac
2023-01-26 20:31:47,873 [EndpointStateMachine task thread for /0.0.0.0:46501 - 0 ] INFO  server.RaftServer (RaftServerProxy.java:startImpl(393)) - 33f1eb0e-c0cf-45d4-92c4-46358a3181ac: start RPC server
2023-01-26 20:31:47,876 [EndpointStateMachine task thread for /0.0.0.0:46501 - 0 ] INFO  server.GrpcService (GrpcService.java:startImpl(262)) - 33f1eb0e-c0cf-45d4-92c4-46358a3181ac: GrpcService started, listening on 35669
2023-01-26 20:31:47,877 [EndpointStateMachine task thread for /0.0.0.0:46501 - 0 ] INFO  ratis.XceiverServerRatis (XceiverServerRatis.java:getRealPort(543)) - XceiverServerRatis 33f1eb0e-c0cf-45d4-92c4-46358a3181ac is started using port 35669 for RATIS
2023-01-26 20:31:47,877 [JvmPauseMonitor15] INFO  util.JvmPauseMonitor (JvmPauseMonitor.java:run(105)) - JvmPauseMonitor-33f1eb0e-c0cf-45d4-92c4-46358a3181ac: Started
2023-01-26 20:31:47,877 [EndpointStateMachine task thread for /0.0.0.0:46501 - 0 ] INFO  ratis.XceiverServerRatis (XceiverServerRatis.java:getRealPort(543)) - XceiverServerRatis 33f1eb0e-c0cf-45d4-92c4-46358a3181ac is started using port 35669 for RATIS_ADMIN
2023-01-26 20:31:47,878 [EndpointStateMachine task thread for /0.0.0.0:46501 - 0 ] INFO  ratis.XceiverServerRatis (XceiverServerRatis.java:getRealPort(543)) - XceiverServerRatis 33f1eb0e-c0cf-45d4-92c4-46358a3181ac is started using port 35669 for RATIS_SERVER
2023-01-26 20:31:47,878 [EndpointStateMachine task thread for /0.0.0.0:46501 - 0 ] INFO  ratis.XceiverServerRatis (XceiverServerRatis.java:getRealPort(543)) - XceiverServerRatis 33f1eb0e-c0cf-45d4-92c4-46358a3181ac is started using port 33379 for RATIS_DATASTREAM
2023-01-26 20:31:47,880 [EndpointStateMachine task thread for /0.0.0.0:46501 - 0 ] INFO  server.XceiverServerGrpc (XceiverServerGrpc.java:start(180)) - XceiverServerGrpc 33f1eb0e-c0cf-45d4-92c4-46358a3181ac is started using port 42013
2023-01-26 20:31:48,137 [Listener at 127.0.0.1/38041] INFO  ozone.MiniOzoneClusterImpl (MiniOzoneClusterImpl.java:lambda$waitForClusterToBeReady$0(218)) - Waiting for nodes to be ready. Got 0 of 5 DN Heartbeats.
2023-01-26 20:31:48,138 [Listener at 127.0.0.1/38041] INFO  ozone.MiniOzoneClusterImpl (MiniOzoneClusterImpl.java:lambda$waitForClusterToBeReady$0(221)) - Waiting for cluster to exit safe mode
2023-01-26 20:31:48,138 [Listener at 127.0.0.1/38041] INFO  ozone.MiniOzoneClusterImpl (MiniOzoneClusterImpl.java:lambda$waitForClusterToBeReady$0(223)) - SCM became leader
2023-01-26 20:31:48,178 [EndpointStateMachine task thread for /0.0.0.0:46501 - 0 ] INFO  utils.DatanodeStoreCache (DatanodeStoreCache.java:addDB(58)) - Added db /home/runner/work/ozone/ozone/hadoop-ozone/integration-test/target/test-dir/MiniOzoneClusterImpl-885fda24-0582-4ee7-b43d-362ebd6c8d83/datanode-4/data-0/containers/hdds/885fda24-0582-4ee7-b43d-362ebd6c8d83/DS-1126a608-a00e-456b-bb38-4d762bff65c5/container.db to cache
2023-01-26 20:31:48,178 [EndpointStateMachine task thread for /0.0.0.0:46501 - 0 ] INFO  volume.HddsVolume (HddsVolume.java:createDbStore(307)) - SchemaV3 db is created and loaded at /home/runner/work/ozone/ozone/hadoop-ozone/integration-test/target/test-dir/MiniOzoneClusterImpl-885fda24-0582-4ee7-b43d-362ebd6c8d83/datanode-4/data-0/containers/hdds/885fda24-0582-4ee7-b43d-362ebd6c8d83/DS-1126a608-a00e-456b-bb38-4d762bff65c5/container.db for volume DS-1126a608-a00e-456b-bb38-4d762bff65c5
2023-01-26 20:31:48,178 [EndpointStateMachine task thread for /0.0.0.0:46501 - 0 ] INFO  ozoneimpl.OzoneContainer (OzoneContainer.java:start(399)) - Attempting to start container services.
2023-01-26 20:31:48,178 [EndpointStateMachine task thread for /0.0.0.0:46501 - 0 ] INFO  ozoneimpl.OzoneContainer (OzoneContainer.java:startContainerScrub(316)) - Scheduled background container scanners and the on-demand container scanner have been disabled.
2023-01-26 20:31:48,181 [EndpointStateMachine task thread for /0.0.0.0:46501 - 0 ] INFO  replication.ReplicationServer (ReplicationServer.java:start(109)) - ReplicationServer is started using port 36881
2023-01-26 20:31:48,182 [EndpointStateMachine task thread for /0.0.0.0:46501 - 0 ] INFO  ratis.XceiverServerRatis (XceiverServerRatis.java:start(517)) - Starting XceiverServerRatis 06f84c71-7643-49a3-8309-2de556f4fabe
2023-01-26 20:31:48,184 [EndpointStateMachine task thread for /0.0.0.0:46501 - 0 ] INFO  server.RaftServer (RaftServerProxy.java:startImpl(393)) - 06f84c71-7643-49a3-8309-2de556f4fabe: start RPC server
2023-01-26 20:31:48,186 [EndpointStateMachine task thread for /0.0.0.0:46501 - 0 ] INFO  server.GrpcService (GrpcService.java:startImpl(262)) - 06f84c71-7643-49a3-8309-2de556f4fabe: GrpcService started, listening on 42037
2023-01-26 20:31:48,186 [EndpointStateMachine task thread for /0.0.0.0:46501 - 0 ] INFO  ratis.XceiverServerRatis (XceiverServerRatis.java:getRealPort(543)) - XceiverServerRatis 06f84c71-7643-49a3-8309-2de556f4fabe is started using port 42037 for RATIS
2023-01-26 20:31:48,186 [EndpointStateMachine task thread for /0.0.0.0:46501 - 0 ] INFO  ratis.XceiverServerRatis (XceiverServerRatis.java:getRealPort(543)) - XceiverServerRatis 06f84c71-7643-49a3-8309-2de556f4fabe is started using port 42037 for RATIS_ADMIN
2023-01-26 20:31:48,186 [EndpointStateMachine task thread for /0.0.0.0:46501 - 0 ] INFO  ratis.XceiverServerRatis (XceiverServerRatis.java:getRealPort(543)) - XceiverServerRatis 06f84c71-7643-49a3-8309-2de556f4fabe is started using port 42037 for RATIS_SERVER
2023-01-26 20:31:48,186 [EndpointStateMachine task thread for /0.0.0.0:46501 - 0 ] INFO  ratis.XceiverServerRatis (XceiverServerRatis.java:getRealPort(543)) - XceiverServerRatis 06f84c71-7643-49a3-8309-2de556f4fabe is started using port 34009 for RATIS_DATASTREAM
2023-01-26 20:31:48,186 [JvmPauseMonitor16] INFO  util.JvmPauseMonitor (JvmPauseMonitor.java:run(105)) - JvmPauseMonitor-06f84c71-7643-49a3-8309-2de556f4fabe: Started
2023-01-26 20:31:48,204 [EndpointStateMachine task thread for /0.0.0.0:46501 - 0 ] INFO  server.XceiverServerGrpc (XceiverServerGrpc.java:start(180)) - XceiverServerGrpc 06f84c71-7643-49a3-8309-2de556f4fabe is started using port 43891
2023-01-26 20:31:48,899 [IPC Server handler 4 on default port 46501] INFO  net.NetworkTopologyImpl (NetworkTopologyImpl.java:add(112)) - Added a new node: /default-rack/a7887d3a-ac12-44f2-81f3-1f33b720a94f
2023-01-26 20:31:48,900 [IPC Server handler 4 on default port 46501] INFO  node.SCMNodeManager (SCMNodeManager.java:register(397)) - Registered Data node : a7887d3a-ac12-44f2-81f3-1f33b720a94f{ip: 10.1.0.15, host: fv-az462-54.0zuljvm5d0yedf4jva4xayy4gc.gx.internal.cloudapp.net, ports: [REPLICATION=35713, RATIS=36865, RATIS_ADMIN=36865, RATIS_SERVER=36865, RATIS_DATASTREAM=32943, STANDALONE=45283], networkLocation: /default-rack, certSerialId: null, persistedOpState: null, persistedOpStateExpiryEpochSec: 0}
2023-01-26 20:31:48,903 [EventQueue-NewNodeForNewNodeHandler] INFO  pipeline.BackgroundPipelineCreator (BackgroundPipelineCreator.java:notifyEventTriggered(276)) - trigger a one-shot run on RatisPipelineUtilsThread.
2023-01-26 20:31:48,903 [EventQueue-NodeRegistrationContainerReportForContainerSafeModeRule] INFO  safemode.SCMSafeModeManager (SCMSafeModeManager.java:validateSafeModeExitRules(200)) - ContainerSafeModeRule rule is successfully validated
2023-01-26 20:31:48,904 [EventQueue-NodeRegistrationContainerReportForDataNodeSafeModeRule] INFO  safemode.SCMSafeModeManager (DataNodeSafeModeRule.java:process(71)) - SCM in safe mode. 1 DataNodes registered, 3 required.
2023-01-26 20:31:48,904 [RatisPipelineUtilsThread - 0] INFO  pipeline.RatisPipelineProvider (RatisPipelineProvider.java:lambda$create$0(206)) - Sending CreatePipelineCommand for pipeline:PipelineID=50fd6092-f481-4a0f-91a7-c034f83223f2 to datanode:a7887d3a-ac12-44f2-81f3-1f33b720a94f
2023-01-26 20:31:48,905 [EventQueue-PipelineReportForOneReplicaPipelineSafeModeRule] INFO  safemode.SCMSafeModeManager (SCMSafeModeManager.java:validateSafeModeExitRules(200)) - AtleastOneDatanodeReportedRule rule is successfully validated
2023-01-26 20:31:48,906 [RatisPipelineUtilsThread - 0] INFO  pipeline.PipelineStateManagerImpl (PipelineStateManagerImpl.java:addPipeline(103)) - Created pipeline Pipeline[ Id: 50fd6092-f481-4a0f-91a7-c034f83223f2, Nodes: a7887d3a-ac12-44f2-81f3-1f33b720a94f(fv-az462-54.0zuljvm5d0yedf4jva4xayy4gc.gx.internal.cloudapp.net/10.1.0.15), ReplicationConfig: RATIS/ONE, State:ALLOCATED, leaderId:, CreationTimestamp2023-01-26T20:31:48.904Z[Etc/UTC]].
2023-01-26 20:31:49,138 [Listener at 127.0.0.1/38041] INFO  ozone.MiniOzoneClusterImpl (MiniOzoneClusterImpl.java:lambda$waitForClusterToBeReady$0(218)) - Waiting for nodes to be ready. Got 1 of 5 DN Heartbeats.
2023-01-26 20:31:49,138 [Listener at 127.0.0.1/38041] INFO  ozone.MiniOzoneClusterImpl (MiniOzoneClusterImpl.java:lambda$waitForClusterToBeReady$0(221)) - Waiting for cluster to exit safe mode
2023-01-26 20:31:49,138 [Listener at 127.0.0.1/38041] INFO  ozone.MiniOzoneClusterImpl (MiniOzoneClusterImpl.java:lambda$waitForClusterToBeReady$0(223)) - SCM became leader
2023-01-26 20:31:49,217 [IPC Server handler 1 on default port 46501] INFO  net.NetworkTopologyImpl (NetworkTopologyImpl.java:add(112)) - Added a new node: /default-rack/8116f3ad-43fd-49d6-b38b-c9c4aa8410ec
2023-01-26 20:31:49,218 [IPC Server handler 1 on default port 46501] INFO  node.SCMNodeManager (SCMNodeManager.java:register(397)) - Registered Data node : 8116f3ad-43fd-49d6-b38b-c9c4aa8410ec{ip: 10.1.0.15, host: fv-az462-54.0zuljvm5d0yedf4jva4xayy4gc.gx.internal.cloudapp.net, ports: [REPLICATION=36869, RATIS=43645, RATIS_ADMIN=43645, RATIS_SERVER=43645, RATIS_DATASTREAM=43077, STANDALONE=38371], networkLocation: /default-rack, certSerialId: null, persistedOpState: null, persistedOpStateExpiryEpochSec: 0}
2023-01-26 20:31:49,219 [EventQueue-NodeRegistrationContainerReportForDataNodeSafeModeRule] INFO  safemode.SCMSafeModeManager (DataNodeSafeModeRule.java:process(71)) - SCM in safe mode. 2 DataNodes registered, 3 required.
2023-01-26 20:31:49,219 [EventQueue-NewNodeForNewNodeHandler] INFO  pipeline.BackgroundPipelineCreator (BackgroundPipelineCreator.java:notifyEventTriggered(276)) - trigger a one-shot run on RatisPipelineUtilsThread.
2023-01-26 20:31:49,220 [RatisPipelineUtilsThread - 0] INFO  pipeline.RatisPipelineProvider (RatisPipelineProvider.java:lambda$create$0(206)) - Sending CreatePipelineCommand for pipeline:PipelineID=9b99cd88-78b3-40c2-ac15-3fc70aa94473 to datanode:8116f3ad-43fd-49d6-b38b-c9c4aa8410ec
2023-01-26 20:31:49,220 [RatisPipelineUtilsThread - 0] INFO  pipeline.PipelineStateManagerImpl (PipelineStateManagerImpl.java:addPipeline(103)) - Created pipeline Pipeline[ Id: 9b99cd88-78b3-40c2-ac15-3fc70aa94473, Nodes: 8116f3ad-43fd-49d6-b38b-c9c4aa8410ec(fv-az462-54.0zuljvm5d0yedf4jva4xayy4gc.gx.internal.cloudapp.net/10.1.0.15), ReplicationConfig: RATIS/ONE, State:ALLOCATED, leaderId:, CreationTimestamp2023-01-26T20:31:49.220Z[Etc/UTC]].
2023-01-26 20:31:49,548 [IPC Server handler 2 on default port 46501] INFO  net.NetworkTopologyImpl (NetworkTopologyImpl.java:add(112)) - Added a new node: /default-rack/40d8d262-8836-439b-84c4-75233c3da079
2023-01-26 20:31:49,548 [IPC Server handler 2 on default port 46501] INFO  node.SCMNodeManager (SCMNodeManager.java:register(397)) - Registered Data node : 40d8d262-8836-439b-84c4-75233c3da079{ip: 10.1.0.15, host: fv-az462-54.0zuljvm5d0yedf4jva4xayy4gc.gx.internal.cloudapp.net, ports: [REPLICATION=46289, RATIS=33521, RATIS_ADMIN=33521, RATIS_SERVER=33521, RATIS_DATASTREAM=41237, STANDALONE=46651], networkLocation: /default-rack, certSerialId: null, persistedOpState: null, persistedOpStateExpiryEpochSec: 0}
2023-01-26 20:31:49,548 [EventQueue-NewNodeForNewNodeHandler] INFO  pipeline.BackgroundPipelineCreator (BackgroundPipelineCreator.java:notifyEventTriggered(276)) - trigger a one-shot run on RatisPipelineUtilsThread.
2023-01-26 20:31:49,549 [EventQueue-NodeRegistrationContainerReportForDataNodeSafeModeRule] INFO  safemode.SCMSafeModeManager (DataNodeSafeModeRule.java:process(71)) - SCM in safe mode. 3 DataNodes registered, 3 required.
2023-01-26 20:31:49,549 [EventQueue-NodeRegistrationContainerReportForDataNodeSafeModeRule] INFO  safemode.SCMSafeModeManager (SCMSafeModeManager.java:validateSafeModeExitRules(200)) - DataNodeSafeModeRule rule is successfully validated
2023-01-26 20:31:49,549 [EventQueue-NodeRegistrationContainerReportForDataNodeSafeModeRule] INFO  safemode.SCMSafeModeManager (SCMSafeModeManager.java:completePreCheck(229)) - All SCM safe mode pre check rules have passed
2023-01-26 20:31:49,549 [EventQueue-NodeRegistrationContainerReportForDataNodeSafeModeRule] INFO  ha.SCMContext (SCMContext.java:updateSafeModeStatus(228)) - Update SafeModeStatus from SafeModeStatus{safeModeStatus=true, preCheckPassed=false} to SafeModeStatus{safeModeStatus=true, preCheckPassed=true}.
2023-01-26 20:31:49,549 [EventQueue-NodeRegistrationContainerReportForDataNodeSafeModeRule] INFO  pipeline.BackgroundPipelineCreator (BackgroundPipelineCreator.java:notifyEventTriggered(276)) - trigger a one-shot run on RatisPipelineUtilsThread.
2023-01-26 20:31:49,549 [RatisPipelineUtilsThread - 0] INFO  pipeline.RatisPipelineProvider (RatisPipelineProvider.java:lambda$create$0(206)) - Sending CreatePipelineCommand for pipeline:PipelineID=7c054cb7-812e-4795-8eea-9d68fa6751c1 to datanode:40d8d262-8836-439b-84c4-75233c3da079
2023-01-26 20:31:49,549 [RatisPipelineUtilsThread - 0] INFO  pipeline.PipelineStateManagerImpl (PipelineStateManagerImpl.java:addPipeline(103)) - Created pipeline Pipeline[ Id: 7c054cb7-812e-4795-8eea-9d68fa6751c1, Nodes: 40d8d262-8836-439b-84c4-75233c3da079(fv-az462-54.0zuljvm5d0yedf4jva4xayy4gc.gx.internal.cloudapp.net/10.1.0.15), ReplicationConfig: RATIS/ONE, State:ALLOCATED, leaderId:, CreationTimestamp2023-01-26T20:31:49.549Z[Etc/UTC]].
2023-01-26 20:31:49,552 [RatisPipelineUtilsThread - 0] INFO  pipeline.RatisPipelineProvider (RatisPipelineProvider.java:lambda$create$0(206)) - Sending CreatePipelineCommand for pipeline:PipelineID=e3b6bf34-3df8-4ecd-af7e-1c34df8c7ece to datanode:8116f3ad-43fd-49d6-b38b-c9c4aa8410ec
2023-01-26 20:31:49,552 [RatisPipelineUtilsThread - 0] INFO  pipeline.RatisPipelineProvider (RatisPipelineProvider.java:lambda$create$0(206)) - Sending CreatePipelineCommand for pipeline:PipelineID=e3b6bf34-3df8-4ecd-af7e-1c34df8c7ece to datanode:40d8d262-8836-439b-84c4-75233c3da079
2023-01-26 20:31:49,552 [RatisPipelineUtilsThread - 0] INFO  pipeline.RatisPipelineProvider (RatisPipelineProvider.java:lambda$create$0(206)) - Sending CreatePipelineCommand for pipeline:PipelineID=e3b6bf34-3df8-4ecd-af7e-1c34df8c7ece to datanode:a7887d3a-ac12-44f2-81f3-1f33b720a94f
2023-01-26 20:31:49,552 [RatisPipelineUtilsThread - 0] INFO  pipeline.PipelineStateManagerImpl (PipelineStateManagerImpl.java:addPipeline(103)) - Created pipeline Pipeline[ Id: e3b6bf34-3df8-4ecd-af7e-1c34df8c7ece, Nodes: 8116f3ad-43fd-49d6-b38b-c9c4aa8410ec(fv-az462-54.0zuljvm5d0yedf4jva4xayy4gc.gx.internal.cloudapp.net/10.1.0.15)40d8d262-8836-439b-84c4-75233c3da079(fv-az462-54.0zuljvm5d0yedf4jva4xayy4gc.gx.internal.cloudapp.net/10.1.0.15)a7887d3a-ac12-44f2-81f3-1f33b720a94f(fv-az462-54.0zuljvm5d0yedf4jva4xayy4gc.gx.internal.cloudapp.net/10.1.0.15), ReplicationConfig: RATIS/THREE, State:ALLOCATED, leaderId:, CreationTimestamp2023-01-26T20:31:49.552Z[Etc/UTC]].
2023-01-26 20:31:49,553 [RatisPipelineUtilsThread - 0] INFO  pipeline.RatisPipelineProvider (RatisPipelineProvider.java:lambda$create$0(206)) - Sending CreatePipelineCommand for pipeline:PipelineID=d03096c2-cd98-4c1e-8990-fd67d19c9032 to datanode:8116f3ad-43fd-49d6-b38b-c9c4aa8410ec
2023-01-26 20:31:49,553 [RatisPipelineUtilsThread - 0] INFO  pipeline.RatisPipelineProvider (RatisPipelineProvider.java:lambda$create$0(206)) - Sending CreatePipelineCommand for pipeline:PipelineID=d03096c2-cd98-4c1e-8990-fd67d19c9032 to datanode:40d8d262-8836-439b-84c4-75233c3da079
2023-01-26 20:31:49,553 [RatisPipelineUtilsThread - 0] INFO  pipeline.RatisPipelineProvider (RatisPipelineProvider.java:lambda$create$0(206)) - Sending CreatePipelineCommand for pipeline:PipelineID=d03096c2-cd98-4c1e-8990-fd67d19c9032 to datanode:a7887d3a-ac12-44f2-81f3-1f33b720a94f
2023-01-26 20:31:49,553 [RatisPipelineUtilsThread - 0] INFO  pipeline.PipelineStateManagerImpl (PipelineStateManagerImpl.java:addPipeline(103)) - Created pipeline Pipeline[ Id: d03096c2-cd98-4c1e-8990-fd67d19c9032, Nodes: 8116f3ad-43fd-49d6-b38b-c9c4aa8410ec(fv-az462-54.0zuljvm5d0yedf4jva4xayy4gc.gx.internal.cloudapp.net/10.1.0.15)40d8d262-8836-439b-84c4-75233c3da079(fv-az462-54.0zuljvm5d0yedf4jva4xayy4gc.gx.internal.cloudapp.net/10.1.0.15)a7887d3a-ac12-44f2-81f3-1f33b720a94f(fv-az462-54.0zuljvm5d0yedf4jva4xayy4gc.gx.internal.cloudapp.net/10.1.0.15), ReplicationConfig: RATIS/THREE, State:ALLOCATED, leaderId:, CreationTimestamp2023-01-26T20:31:49.553Z[Etc/UTC]].
2023-01-26 20:31:49,553 [RatisPipelineUtilsThread - 0] INFO  pipeline.PipelineManagerImpl (PipelineManagerImpl.java:recordMetricsForPipeline(826)) - Pipeline: PipelineID=d03096c2-cd98-4c1e-8990-fd67d19c9032 contains same datanodes as previous pipelines: PipelineID=e3b6bf34-3df8-4ecd-af7e-1c34df8c7ece nodeIds: 8116f3ad-43fd-49d6-b38b-c9c4aa8410ec, 40d8d262-8836-439b-84c4-75233c3da079, a7887d3a-ac12-44f2-81f3-1f33b720a94f
2023-01-26 20:31:49,553 [RatisPipelineUtilsThread - 0] WARN  pipeline.PipelinePlacementPolicy (PipelinePlacementPolicy.java:filterViableNodes(158)) - Pipeline creation failed due to no sufficient healthy datanodes. Required 3. Found 0.
2023-01-26 20:31:49,841 [IPC Server handler 4 on default port 46501] INFO  net.NetworkTopologyImpl (NetworkTopologyImpl.java:add(112)) - Added a new node: /default-rack/33f1eb0e-c0cf-45d4-92c4-46358a3181ac
2023-01-26 20:31:49,841 [IPC Server handler 4 on default port 46501] INFO  node.SCMNodeManager (SCMNodeManager.java:register(397)) - Registered Data node : 33f1eb0e-c0cf-45d4-92c4-46358a3181ac{ip: 10.1.0.15, host: fv-az462-54.0zuljvm5d0yedf4jva4xayy4gc.gx.internal.cloudapp.net, ports: [REPLICATION=42867, RATIS=35669, RATIS_ADMIN=35669, RATIS_SERVER=35669, RATIS_DATASTREAM=33379, STANDALONE=42013], networkLocation: /default-rack, certSerialId: null, persistedOpState: null, persistedOpStateExpiryEpochSec: 0}
2023-01-26 20:31:49,842 [EventQueue-NewNodeForNewNodeHandler] INFO  pipeline.BackgroundPipelineCreator (BackgroundPipelineCreator.java:notifyEventTriggered(276)) - trigger a one-shot run on RatisPipelineUtilsThread.
2023-01-26 20:31:49,843 [RatisPipelineUtilsThread - 0] INFO  pipeline.RatisPipelineProvider (RatisPipelineProvider.java:lambda$create$0(206)) - Sending CreatePipelineCommand for pipeline:PipelineID=8b38595d-7124-4dc6-b4af-3a0b5cb8edaf to datanode:33f1eb0e-c0cf-45d4-92c4-46358a3181ac
2023-01-26 20:31:49,843 [RatisPipelineUtilsThread - 0] INFO  pipeline.PipelineStateManagerImpl (PipelineStateManagerImpl.java:addPipeline(103)) - Created pipeline Pipeline[ Id: 8b38595d-7124-4dc6-b4af-3a0b5cb8edaf, Nodes: 33f1eb0e-c0cf-45d4-92c4-46358a3181ac(fv-az462-54.0zuljvm5d0yedf4jva4xayy4gc.gx.internal.cloudapp.net/10.1.0.15), ReplicationConfig: RATIS/ONE, State:ALLOCATED, leaderId:, CreationTimestamp2023-01-26T20:31:49.843Z[Etc/UTC]].
2023-01-26 20:31:49,844 [RatisPipelineUtilsThread - 0] WARN  pipeline.PipelinePlacementPolicy (PipelinePlacementPolicy.java:filterViableNodes(158)) - Pipeline creation failed due to no sufficient healthy datanodes. Required 3. Found 1.
2023-01-26 20:31:50,138 [Listener at 127.0.0.1/38041] INFO  ozone.MiniOzoneClusterImpl (MiniOzoneClusterImpl.java:lambda$waitForClusterToBeReady$0(218)) - Waiting for nodes to be ready. Got 4 of 5 DN Heartbeats.
2023-01-26 20:31:50,139 [Listener at 127.0.0.1/38041] INFO  ozone.MiniOzoneClusterImpl (MiniOzoneClusterImpl.java:lambda$waitForClusterToBeReady$0(221)) - Waiting for cluster to exit safe mode
2023-01-26 20:31:50,139 [Listener at 127.0.0.1/38041] INFO  ozone.MiniOzoneClusterImpl (MiniOzoneClusterImpl.java:lambda$waitForClusterToBeReady$0(223)) - SCM became leader
2023-01-26 20:31:50,145 [IPC Server handler 0 on default port 46501] INFO  net.NetworkTopologyImpl (NetworkTopologyImpl.java:add(112)) - Added a new node: /default-rack/06f84c71-7643-49a3-8309-2de556f4fabe
2023-01-26 20:31:50,145 [IPC Server handler 0 on default port 46501] INFO  node.SCMNodeManager (SCMNodeManager.java:register(397)) - Registered Data node : 06f84c71-7643-49a3-8309-2de556f4fabe{ip: 10.1.0.15, host: fv-az462-54.0zuljvm5d0yedf4jva4xayy4gc.gx.internal.cloudapp.net, ports: [REPLICATION=36881, RATIS=42037, RATIS_ADMIN=42037, RATIS_SERVER=42037, RATIS_DATASTREAM=34009, STANDALONE=43891], networkLocation: /default-rack, certSerialId: null, persistedOpState: null, persistedOpStateExpiryEpochSec: 0}
2023-01-26 20:31:50,147 [EventQueue-NewNodeForNewNodeHandler] INFO  pipeline.BackgroundPipelineCreator (BackgroundPipelineCreator.java:notifyEventTriggered(276)) - trigger a one-shot run on RatisPipelineUtilsThread.
2023-01-26 20:31:50,147 [RatisPipelineUtilsThread - 0] INFO  pipeline.RatisPipelineProvider (RatisPipelineProvider.java:lambda$create$0(206)) - Sending CreatePipelineCommand for pipeline:PipelineID=ddfa6229-38ec-497d-b830-bce8c5633d7a to datanode:06f84c71-7643-49a3-8309-2de556f4fabe
2023-01-26 20:31:50,148 [RatisPipelineUtilsThread - 0] INFO  pipeline.PipelineStateManagerImpl (PipelineStateManagerImpl.java:addPipeline(103)) - Created pipeline Pipeline[ Id: ddfa6229-38ec-497d-b830-bce8c5633d7a, Nodes: 06f84c71-7643-49a3-8309-2de556f4fabe(fv-az462-54.0zuljvm5d0yedf4jva4xayy4gc.gx.internal.cloudapp.net/10.1.0.15), ReplicationConfig: RATIS/ONE, State:ALLOCATED, leaderId:, CreationTimestamp2023-01-26T20:31:50.147Z[Etc/UTC]].
2023-01-26 20:31:50,148 [RatisPipelineUtilsThread - 0] WARN  pipeline.PipelinePlacementPolicy (PipelinePlacementPolicy.java:filterViableNodes(158)) - Pipeline creation failed due to no sufficient healthy datanodes. Required 3. Found 2.
2023-01-26 20:31:51,139 [Listener at 127.0.0.1/38041] INFO  ozone.MiniOzoneClusterImpl (MiniOzoneClusterImpl.java:lambda$waitForClusterToBeReady$0(218)) - Nodes are ready. Got 5 of 5 DN Heartbeats.
2023-01-26 20:31:51,139 [Listener at 127.0.0.1/38041] INFO  ozone.MiniOzoneClusterImpl (MiniOzoneClusterImpl.java:lambda$waitForClusterToBeReady$0(221)) - Waiting for cluster to exit safe mode
2023-01-26 20:31:51,139 [Listener at 127.0.0.1/38041] INFO  ozone.MiniOzoneClusterImpl (MiniOzoneClusterImpl.java:lambda$waitForClusterToBeReady$0(223)) - SCM became leader
2023-01-26 20:31:51,899 [Command processor thread] INFO  server.RaftServer (RaftServerProxy.java:addNew(96)) - a7887d3a-ac12-44f2-81f3-1f33b720a94f: addNew group-C034F83223F2:[a7887d3a-ac12-44f2-81f3-1f33b720a94f|rpc:10.1.0.15:36865|dataStream:10.1.0.15:32943|priority:1|startupRole:FOLLOWER] returns group-C034F83223F2:java.util.concurrent.CompletableFuture@47ed22d5[Not completed]
2023-01-26 20:31:51,900 [pool-474-thread-1] INFO  server.RaftServer$Division (RaftServerImpl.java:<init>(195)) - a7887d3a-ac12-44f2-81f3-1f33b720a94f: new RaftServerImpl for group-C034F83223F2:[a7887d3a-ac12-44f2-81f3-1f33b720a94f|rpc:10.1.0.15:36865|dataStream:10.1.0.15:32943|priority:1|startupRole:FOLLOWER] with ContainerStateMachine:uninitialized
2023-01-26 20:31:51,900 [pool-474-thread-1] INFO  server.RaftServerConfigKeys (ConfUtils.java:logGet(46)) - raft.server.rpc.timeout.min = 5s (custom)
2023-01-26 20:31:51,900 [pool-474-thread-1] INFO  server.RaftServerConfigKeys (ConfUtils.java:logGet(46)) - raft.server.rpc.timeout.max = 5200ms (custom)
2023-01-26 20:31:51,900 [pool-474-thread-1] INFO  server.RaftServerConfigKeys (ConfUtils.java:logGet(46)) - raft.server.rpc.sleep.time = 25ms (default)
2023-01-26 20:31:51,900 [pool-474-thread-1] INFO  server.RaftServerConfigKeys (ConfUtils.java:logGet(46)) - raft.server.rpc.slowness.timeout = 300s (custom)
2023-01-26 20:31:51,901 [pool-474-thread-1] INFO  server.RaftServerConfigKeys (ConfUtils.java:logGet(46)) - raft.server.leaderelection.leader.step-down.wait-time = 10s (default)
2023-01-26 20:31:51,901 [pool-474-thread-1] INFO  server.RaftServerConfigKeys (ConfUtils.java:logGet(46)) - raft.server.sleep.deviation.threshold = 300ms (default)
2023-01-26 20:31:51,901 [pool-474-thread-1] INFO  server.RaftServer$Division (ServerState.java:<init>(118)) - a7887d3a-ac12-44f2-81f3-1f33b720a94f@group-C034F83223F2: ConfigurationManager, init=-1: peers:[a7887d3a-ac12-44f2-81f3-1f33b720a94f|rpc:10.1.0.15:36865|dataStream:10.1.0.15:32943|priority:1|startupRole:FOLLOWER]|listeners:[], old=null, confs=<EMPTY_MAP>
2023-01-26 20:31:51,901 [pool-474-thread-1] INFO  server.RaftServerConfigKeys (ConfUtils.java:logGet(46)) - raft.server.storage.dir = [/home/runner/work/ozone/ozone/hadoop-ozone/integration-test/target/test-dir/MiniOzoneClusterImpl-885fda24-0582-4ee7-b43d-362ebd6c8d83/datanode-0/data/ratis] (custom)
2023-01-26 20:31:51,901 [pool-474-thread-1] INFO  server.RaftServerConfigKeys (ConfUtils.java:logGet(46)) - raft.server.log.corruption.policy = EXCEPTION (default)
2023-01-26 20:31:51,901 [pool-474-thread-1] INFO  server.RaftServerConfigKeys (ConfUtils.java:logGet(46)) - raft.server.storage.free-space.min = 0MB (=0) (default)
2023-01-26 20:31:51,901 [pool-474-thread-1] INFO  server.RaftServerConfigKeys (ConfUtils.java:logGet(46)) - raft.server.notification.no-leader.timeout = 300s (custom)
2023-01-26 20:31:51,901 [pool-474-thread-1] INFO  server.RaftServerConfigKeys (ConfUtils.java:logGet(46)) - raft.server.retrycache.expirytime = 600000ms (custom)
2023-01-26 20:31:51,901 [pool-474-thread-1] INFO  server.RaftServerConfigKeys (ConfUtils.java:logGet(46)) - raft.server.retrycache.statistics.expirytime = 100μs (default)
2023-01-26 20:31:51,902 [pool-474-thread-1] INFO  server.RaftServerConfigKeys (ConfUtils.java:logGet(46)) - raft.server.log.appender.install.snapshot.enabled = false (custom)
2023-01-26 20:31:51,902 [pool-474-thread-1] INFO  server.RaftServerConfigKeys (ConfUtils.java:logGet(46)) - raft.server.threadpool.server.cached = true (default)
2023-01-26 20:31:51,902 [pool-474-thread-1] INFO  server.RaftServerConfigKeys (ConfUtils.java:logGet(46)) - raft.server.threadpool.server.size = 0 (default)
2023-01-26 20:31:51,902 [pool-474-thread-1] INFO  server.RaftServerConfigKeys (ConfUtils.java:logGet(46)) - raft.server.threadpool.client.cached = true (default)
2023-01-26 20:31:51,902 [pool-474-thread-1] INFO  server.RaftServerConfigKeys (ConfUtils.java:logGet(46)) - raft.server.threadpool.client.size = 0 (default)
2023-01-26 20:31:51,902 [pool-474-thread-1] INFO  storage.RaftStorageDirectory (RaftStorageDirectoryImpl.java:analyzeStorage(137)) - The storage directory /home/runner/work/ozone/ozone/hadoop-ozone/integration-test/target/test-dir/MiniOzoneClusterImpl-885fda24-0582-4ee7-b43d-362ebd6c8d83/datanode-0/data/ratis/50fd6092-f481-4a0f-91a7-c034f83223f2 does not exist. Creating ...
2023-01-26 20:31:51,903 [pool-474-thread-1] INFO  storage.RaftStorageDirectory (RaftStorageDirectoryImpl.java:tryLock(231)) - Lock on /home/runner/work/ozone/ozone/hadoop-ozone/integration-test/target/test-dir/MiniOzoneClusterImpl-885fda24-0582-4ee7-b43d-362ebd6c8d83/datanode-0/data/ratis/50fd6092-f481-4a0f-91a7-c034f83223f2/in_use.lock acquired by nodename 10488@fv-az462-54
2023-01-26 20:31:51,905 [pool-474-thread-1] INFO  storage.RaftStorage (RaftStorageImpl.java:format(96)) - Storage directory /home/runner/work/ozone/ozone/hadoop-ozone/integration-test/target/test-dir/MiniOzoneClusterImpl-885fda24-0582-4ee7-b43d-362ebd6c8d83/datanode-0/data/ratis/50fd6092-f481-4a0f-91a7-c034f83223f2 has been successfully formatted.
2023-01-26 20:31:51,906 [pool-474-thread-1] INFO  ratis.ContainerStateMachine (ContainerStateMachine.java:loadSnapshot(240)) - group-C034F83223F2: The snapshot info is null. Setting the last applied indexto:(t:0, i:~)
2023-01-26 20:31:51,906 [pool-474-thread-1] INFO  server.RaftServerConfigKeys (ConfUtils.java:logGet(46)) - raft.server.log.use.memory = false (default)
2023-01-26 20:31:51,906 [pool-474-thread-1] INFO  server.RaftServerConfigKeys (ConfUtils.java:logGet(46)) - raft.server.log.purge.gap = 1000000 (custom)
2023-01-26 20:31:51,906 [pool-474-thread-1] INFO  server.RaftServerConfigKeys (ConfUtils.java:logGet(46)) - raft.server.log.appender.buffer.byte-limit = 33554432 (custom)
2023-01-26 20:31:51,906 [pool-474-thread-1] INFO  server.RaftServerConfigKeys (ConfUtils.java:logGet(46)) - raft.server.log.statemachine.data.read.timeout = 1000ms (default)
2023-01-26 20:31:51,906 [pool-474-thread-1] INFO  server.RaftServerConfigKeys (ConfUtils.java:logGet(46)) - raft.server.log.purge.preservation.log.num = 0 (default)
2023-01-26 20:31:51,907 [pool-474-thread-1] INFO  server.RaftServerConfigKeys (ConfUtils.java:logGet(46)) - raft.server.log.segment.size.max = 1048576 (custom)
2023-01-26 20:31:51,907 [pool-474-thread-1] INFO  server.RaftServerConfigKeys (ConfUtils.java:logGet(46)) - raft.server.log.segment.cache.num.max = 2 (custom)
2023-01-26 20:31:51,907 [pool-474-thread-1] INFO  server.RaftServerConfigKeys (ConfUtils.java:logGet(46)) - raft.server.log.segment.cache.size.max = 200MB (=209715200) (default)
2023-01-26 20:31:51,907 [pool-474-thread-1] INFO  segmented.SegmentedRaftLogWorker (SegmentedRaftLogWorker.java:<init>(189)) - new a7887d3a-ac12-44f2-81f3-1f33b720a94f@group-C034F83223F2-SegmentedRaftLogWorker for RaftStorageImpl:Storage Directory /home/runner/work/ozone/ozone/hadoop-ozone/integration-test/target/test-dir/MiniOzoneClusterImpl-885fda24-0582-4ee7-b43d-362ebd6c8d83/datanode-0/data/ratis/50fd6092-f481-4a0f-91a7-c034f83223f2
2023-01-26 20:31:51,907 [pool-474-thread-1] INFO  server.RaftServerConfigKeys (ConfUtils.java:logGet(46)) - raft.server.log.queue.byte-limit = 4294967296 (custom)
2023-01-26 20:31:51,907 [pool-474-thread-1] INFO  server.RaftServerConfigKeys (ConfUtils.java:logGet(46)) - raft.server.log.queue.element-limit = 1024 (custom)
2023-01-26 20:31:51,907 [EventQueue-PipelineReportForPipelineReportHandler] INFO  pipeline.PipelineManagerImpl (PipelineManagerImpl.java:openPipeline(367)) - Pipeline Pipeline[ Id: 50fd6092-f481-4a0f-91a7-c034f83223f2, Nodes: a7887d3a-ac12-44f2-81f3-1f33b720a94f(fv-az462-54.0zuljvm5d0yedf4jva4xayy4gc.gx.internal.cloudapp.net/10.1.0.15), ReplicationConfig: RATIS/ONE, State:ALLOCATED, leaderId:a7887d3a-ac12-44f2-81f3-1f33b720a94f, CreationTimestamp2023-01-26T20:31:48.904Z[Etc/UTC]] moved to OPEN state
2023-01-26 20:31:51,907 [pool-474-thread-1] INFO  server.RaftServerConfigKeys (ConfUtils.java:logGet(46)) - raft.server.log.segment.size.max = 1048576 (custom)
2023-01-26 20:31:51,907 [pool-474-thread-1] INFO  server.RaftServerConfigKeys (ConfUtils.java:logGet(46)) - raft.server.log.preallocated.size = 16384 (custom)
2023-01-26 20:31:51,907 [pool-474-thread-1] INFO  server.RaftServerConfigKeys (ConfUtils.java:logGet(46)) - raft.server.log.force.sync.num = 128 (default)
2023-01-26 20:31:51,907 [pool-474-thread-1] INFO  server.RaftServerConfigKeys (ConfUtils.java:logGet(46)) - raft.server.log.statemachine.data.sync = true (default)
2023-01-26 20:31:51,907 [pool-474-thread-1] INFO  server.RaftServerConfigKeys (ConfUtils.java:logGet(46)) - raft.server.log.statemachine.data.sync.timeout = 10s (default)
2023-01-26 20:31:51,907 [pool-474-thread-1] INFO  server.RaftServerConfigKeys (ConfUtils.java:logGet(46)) - raft.server.log.statemachine.data.sync.timeout.retry = -1 (default)
2023-01-26 20:31:51,909 [pool-474-thread-1] INFO  server.RaftServerConfigKeys (ConfUtils.java:logGet(46)) - raft.server.log.write.buffer.size = 1048576 (custom)
2023-01-26 20:31:51,910 [EventQueue-OpenPipelineForHealthyPipelineSafeModeRule] INFO  safemode.SCMSafeModeManager (HealthyPipelineSafeModeRule.java:process(137)) - SCM in safe mode. Healthy pipelines reported count is 0, required healthy pipeline reported count is 1
2023-01-26 20:31:51,911 [pool-474-thread-1] INFO  server.RaftServerConfigKeys (ConfUtils.java:logGet(46)) - raft.server.log.appender.buffer.byte-limit = 33554432 (custom)
2023-01-26 20:31:51,916 [pool-474-thread-1] INFO  server.RaftServerConfigKeys (ConfUtils.java:logGet(46)) - raft.server.log.unsafe-flush.enabled = false (default)
2023-01-26 20:31:51,916 [pool-474-thread-1] INFO  server.RaftServerConfigKeys (ConfUtils.java:logGet(46)) - raft.server.log.async-flush.enabled = false (default)
2023-01-26 20:31:51,916 [pool-474-thread-1] INFO  server.RaftServerConfigKeys (ConfUtils.java:logGet(46)) - raft.server.log.statemachine.data.caching.enabled = true (custom)
2023-01-26 20:31:51,917 [pool-474-thread-1] INFO  segmented.SegmentedRaftLogWorker (SegmentedRaftLogWorker.java:lambda$new$0(135)) - a7887d3a-ac12-44f2-81f3-1f33b720a94f@group-C034F83223F2-SegmentedRaftLogWorker: flushIndex: setUnconditionally 0 -> -1
2023-01-26 20:31:51,917 [pool-474-thread-1] INFO  segmented.SegmentedRaftLogWorker (SegmentedRaftLogWorker.java:lambda$new$0(135)) - a7887d3a-ac12-44f2-81f3-1f33b720a94f@group-C034F83223F2-SegmentedRaftLogWorker: safeCacheEvictIndex: setUnconditionally 0 -> -1
2023-01-26 20:31:51,917 [pool-474-thread-1] INFO  server.RaftServer$Division (RaftServerImpl.java:start(334)) - a7887d3a-ac12-44f2-81f3-1f33b720a94f@group-C034F83223F2: start as a follower, conf=-1: peers:[a7887d3a-ac12-44f2-81f3-1f33b720a94f|rpc:10.1.0.15:36865|dataStream:10.1.0.15:32943|priority:1|startupRole:FOLLOWER]|listeners:[], old=null
2023-01-26 20:31:51,917 [pool-474-thread-1] INFO  server.RaftServer$Division (RaftServerImpl.java:setRole(321)) - a7887d3a-ac12-44f2-81f3-1f33b720a94f@group-C034F83223F2: changes role from      null to FOLLOWER at term 0 for startAsFollower
2023-01-26 20:31:51,917 [pool-474-thread-1] INFO  impl.RoleInfo (RoleInfo.java:updateAndGet(139)) - a7887d3a-ac12-44f2-81f3-1f33b720a94f: start a7887d3a-ac12-44f2-81f3-1f33b720a94f@group-C034F83223F2-FollowerState
2023-01-26 20:31:51,917 [pool-474-thread-1] INFO  util.JmxRegister (JmxRegister.java:tryRegister(44)) - Successfully registered JMX Bean with object name Ratis:service=RaftServer,group=group-C034F83223F2,id=a7887d3a-ac12-44f2-81f3-1f33b720a94f
2023-01-26 20:31:51,917 [pool-474-thread-1] INFO  server.RaftServerConfigKeys (ConfUtils.java:logGet(46)) - raft.server.snapshot.auto.trigger.enabled = true (custom)
2023-01-26 20:31:51,917 [pool-474-thread-1] INFO  server.RaftServerConfigKeys (ConfUtils.java:logGet(46)) - raft.server.snapshot.auto.trigger.threshold = 10000 (custom)
2023-01-26 20:31:51,917 [pool-474-thread-1] INFO  server.RaftServerConfigKeys (ConfUtils.java:logGet(46)) - raft.server.snapshot.retention.file.num = 5 (custom)
2023-01-26 20:31:51,917 [pool-474-thread-1] INFO  server.RaftServerConfigKeys (ConfUtils.java:logGet(46)) - raft.server.log.purge.upto.snapshot.index = false (default)
2023-01-26 20:31:51,918 [a7887d3a-ac12-44f2-81f3-1f33b720a94f@group-C034F83223F2-FollowerState] INFO  server.RaftServerConfigKeys (ConfUtils.java:logFallback(53)) - raft.server.rpc.first-election.timeout.min = 5s (fallback to raft.server.rpc.timeout.min)
2023-01-26 20:31:51,918 [a7887d3a-ac12-44f2-81f3-1f33b720a94f@group-C034F83223F2-FollowerState] INFO  server.RaftServerConfigKeys (ConfUtils.java:logFallback(53)) - raft.server.rpc.first-election.timeout.max = 5200ms (fallback to raft.server.rpc.timeout.max)
2023-01-26 20:31:51,920 [Command processor thread] INFO  ratis.XceiverServerRatis (XceiverServerRatis.java:addGroup(806)) - Created group PipelineID=50fd6092-f481-4a0f-91a7-c034f83223f2
2023-01-26 20:31:51,920 [Command processor thread] INFO  commandhandler.CreatePipelineCommandHandler (CreatePipelineCommandHandler.java:handle(113)) - Created Pipeline RATIS ONE PipelineID=50fd6092-f481-4a0f-91a7-c034f83223f2.
2023-01-26 20:31:51,920 [Command processor thread] INFO  server.RaftServer (RaftServerProxy.java:addNew(96)) - a7887d3a-ac12-44f2-81f3-1f33b720a94f: addNew group-1C34DF8C7ECE:[8116f3ad-43fd-49d6-b38b-c9c4aa8410ec|rpc:10.1.0.15:43645|dataStream:10.1.0.15:43077|priority:0|startupRole:FOLLOWER, a7887d3a-ac12-44f2-81f3-1f33b720a94f|rpc:10.1.0.15:36865|dataStream:10.1.0.15:32943|priority:0|startupRole:FOLLOWER, 40d8d262-8836-439b-84c4-75233c3da079|rpc:10.1.0.15:33521|dataStream:10.1.0.15:41237|priority:1|startupRole:FOLLOWER] returns group-1C34DF8C7ECE:java.util.concurrent.CompletableFuture@43d2bef0[Not completed]
2023-01-26 20:31:51,921 [pool-474-thread-1] INFO  server.RaftServer$Division (RaftServerImpl.java:<init>(195)) - a7887d3a-ac12-44f2-81f3-1f33b720a94f: new RaftServerImpl for group-1C34DF8C7ECE:[8116f3ad-43fd-49d6-b38b-c9c4aa8410ec|rpc:10.1.0.15:43645|dataStream:10.1.0.15:43077|priority:0|startupRole:FOLLOWER, a7887d3a-ac12-44f2-81f3-1f33b720a94f|rpc:10.1.0.15:36865|dataStream:10.1.0.15:32943|priority:0|startupRole:FOLLOWER, 40d8d262-8836-439b-84c4-75233c3da079|rpc:10.1.0.15:33521|dataStream:10.1.0.15:41237|priority:1|startupRole:FOLLOWER] with ContainerStateMachine:uninitialized
2023-01-26 20:31:51,921 [pool-474-thread-1] INFO  server.RaftServerConfigKeys (ConfUtils.java:logGet(46)) - raft.server.rpc.timeout.min = 5s (custom)
2023-01-26 20:31:51,921 [pool-474-thread-1] INFO  server.RaftServerConfigKeys (ConfUtils.java:logGet(46)) - raft.server.rpc.timeout.max = 5200ms (custom)
2023-01-26 20:31:51,921 [pool-474-thread-1] INFO  server.RaftServerConfigKeys (ConfUtils.java:logGet(46)) - raft.server.rpc.sleep.time = 25ms (default)
2023-01-26 20:31:51,921 [pool-474-thread-1] INFO  server.RaftServerConfigKeys (ConfUtils.java:logGet(46)) - raft.server.rpc.slowness.timeout = 300s (custom)
2023-01-26 20:31:51,921 [pool-474-thread-1] INFO  server.RaftServerConfigKeys (ConfUtils.java:logGet(46)) - raft.server.leaderelection.leader.step-down.wait-time = 10s (default)
2023-01-26 20:31:51,922 [pool-474-thread-1] INFO  server.RaftServerConfigKeys (ConfUtils.java:logGet(46)) - raft.server.sleep.deviation.threshold = 300ms (default)
2023-01-26 20:31:51,922 [pool-474-thread-1] INFO  server.RaftServer$Division (ServerState.java:<init>(118)) - a7887d3a-ac12-44f2-81f3-1f33b720a94f@group-1C34DF8C7ECE: ConfigurationManager, init=-1: peers:[8116f3ad-43fd-49d6-b38b-c9c4aa8410ec|rpc:10.1.0.15:43645|dataStream:10.1.0.15:43077|priority:0|startupRole:FOLLOWER, a7887d3a-ac12-44f2-81f3-1f33b720a94f|rpc:10.1.0.15:36865|dataStream:10.1.0.15:32943|priority:0|startupRole:FOLLOWER, 40d8d262-8836-439b-84c4-75233c3da079|rpc:10.1.0.15:33521|dataStream:10.1.0.15:41237|priority:1|startupRole:FOLLOWER]|listeners:[], old=null, confs=<EMPTY_MAP>
2023-01-26 20:31:51,922 [pool-474-thread-1] INFO  server.RaftServerConfigKeys (ConfUtils.java:logGet(46)) - raft.server.storage.dir = [/home/runner/work/ozone/ozone/hadoop-ozone/integration-test/target/test-dir/MiniOzoneClusterImpl-885fda24-0582-4ee7-b43d-362ebd6c8d83/datanode-0/data/ratis] (custom)
2023-01-26 20:31:51,922 [pool-474-thread-1] INFO  server.RaftServerConfigKeys (ConfUtils.java:logGet(46)) - raft.server.log.corruption.policy = EXCEPTION (default)
2023-01-26 20:31:51,922 [pool-474-thread-1] INFO  server.RaftServerConfigKeys (ConfUtils.java:logGet(46)) - raft.server.storage.free-space.min = 0MB (=0) (default)
2023-01-26 20:31:51,922 [pool-474-thread-1] INFO  server.RaftServerConfigKeys (ConfUtils.java:logGet(46)) - raft.server.notification.no-leader.timeout = 300s (custom)
2023-01-26 20:31:51,922 [pool-474-thread-1] INFO  server.RaftServerConfigKeys (ConfUtils.java:logGet(46)) - raft.server.retrycache.expirytime = 600000ms (custom)
2023-01-26 20:31:51,922 [pool-474-thread-1] INFO  server.RaftServerConfigKeys (ConfUtils.java:logGet(46)) - raft.server.retrycache.statistics.expirytime = 100μs (default)
2023-01-26 20:31:51,923 [pool-474-thread-1] INFO  server.RaftServerConfigKeys (ConfUtils.java:logGet(46)) - raft.server.log.appender.install.snapshot.enabled = false (custom)
2023-01-26 20:31:51,923 [pool-474-thread-1] INFO  server.RaftServerConfigKeys (ConfUtils.java:logGet(46)) - raft.server.threadpool.server.cached = true (default)
2023-01-26 20:31:51,923 [pool-474-thread-1] INFO  server.RaftServerConfigKeys (ConfUtils.java:logGet(46)) - raft.server.threadpool.server.size = 0 (default)
2023-01-26 20:31:51,923 [pool-474-thread-1] INFO  server.RaftServerConfigKeys (ConfUtils.java:logGet(46)) - raft.server.threadpool.client.cached = true (default)
2023-01-26 20:31:51,923 [pool-474-thread-1] INFO  server.RaftServerConfigKeys (ConfUtils.java:logGet(46)) - raft.server.threadpool.client.size = 0 (default)
2023-01-26 20:31:51,924 [pool-474-thread-1] INFO  storage.RaftStorageDirectory (RaftStorageDirectoryImpl.java:analyzeStorage(137)) - The storage directory /home/runner/work/ozone/ozone/hadoop-ozone/integration-test/target/test-dir/MiniOzoneClusterImpl-885fda24-0582-4ee7-b43d-362ebd6c8d83/datanode-0/data/ratis/e3b6bf34-3df8-4ecd-af7e-1c34df8c7ece does not exist. Creating ...
2023-01-26 20:31:51,925 [pool-474-thread-1] INFO  storage.RaftStorageDirectory (RaftStorageDirectoryImpl.java:tryLock(231)) - Lock on /home/runner/work/ozone/ozone/hadoop-ozone/integration-test/target/test-dir/MiniOzoneClusterImpl-885fda24-0582-4ee7-b43d-362ebd6c8d83/datanode-0/data/ratis/e3b6bf34-3df8-4ecd-af7e-1c34df8c7ece/in_use.lock acquired by nodename 10488@fv-az462-54
2023-01-26 20:31:51,926 [pool-474-thread-1] INFO  storage.RaftStorage (RaftStorageImpl.java:format(96)) - Storage directory /home/runner/work/ozone/ozone/hadoop-ozone/integration-test/target/test-dir/MiniOzoneClusterImpl-885fda24-0582-4ee7-b43d-362ebd6c8d83/datanode-0/data/ratis/e3b6bf34-3df8-4ecd-af7e-1c34df8c7ece has been successfully formatted.
2023-01-26 20:31:51,926 [pool-474-thread-1] INFO  ratis.ContainerStateMachine (ContainerStateMachine.java:loadSnapshot(240)) - group-1C34DF8C7ECE: The snapshot info is null. Setting the last applied indexto:(t:0, i:~)
2023-01-26 20:31:51,926 [pool-474-thread-1] INFO  server.RaftServerConfigKeys (ConfUtils.java:logGet(46)) - raft.server.log.use.memory = false (default)
2023-01-26 20:31:51,926 [pool-474-thread-1] INFO  server.RaftServerConfigKeys (ConfUtils.java:logGet(46)) - raft.server.log.purge.gap = 1000000 (custom)
2023-01-26 20:31:51,926 [pool-474-thread-1] INFO  server.RaftServerConfigKeys (ConfUtils.java:logGet(46)) - raft.server.log.appender.buffer.byte-limit = 33554432 (custom)
2023-01-26 20:31:51,927 [pool-474-thread-1] INFO  server.RaftServerConfigKeys (ConfUtils.java:logGet(46)) - raft.server.log.statemachine.data.read.timeout = 1000ms (default)
2023-01-26 20:31:51,927 [pool-474-thread-1] INFO  server.RaftServerConfigKeys (ConfUtils.java:logGet(46)) - raft.server.log.purge.preservation.log.num = 0 (default)
2023-01-26 20:31:51,927 [pool-474-thread-1] INFO  server.RaftServerConfigKeys (ConfUtils.java:logGet(46)) - raft.server.log.segment.size.max = 1048576 (custom)
2023-01-26 20:31:51,928 [pool-474-thread-1] INFO  server.RaftServerConfigKeys (ConfUtils.java:logGet(46)) - raft.server.log.segment.cache.num.max = 2 (custom)
2023-01-26 20:31:51,928 [EventQueue-OpenPipelineForHealthyPipelineSafeModeRule] INFO  safemode.SCMSafeModeManager (HealthyPipelineSafeModeRule.java:process(137)) - SCM in safe mode. Healthy pipelines reported count is 0, required healthy pipeline reported count is 1
2023-01-26 20:31:51,928 [pool-474-thread-1] INFO  server.RaftServerConfigKeys (ConfUtils.java:logGet(46)) - raft.server.log.segment.cache.size.max = 200MB (=209715200) (default)
2023-01-26 20:31:51,928 [pool-474-thread-1] INFO  segmented.SegmentedRaftLogWorker (SegmentedRaftLogWorker.java:<init>(189)) - new a7887d3a-ac12-44f2-81f3-1f33b720a94f@group-1C34DF8C7ECE-SegmentedRaftLogWorker for RaftStorageImpl:Storage Directory /home/runner/work/ozone/ozone/hadoop-ozone/integration-test/target/test-dir/MiniOzoneClusterImpl-885fda24-0582-4ee7-b43d-362ebd6c8d83/datanode-0/data/ratis/e3b6bf34-3df8-4ecd-af7e-1c34df8c7ece
2023-01-26 20:31:51,928 [pool-474-thread-1] INFO  server.RaftServerConfigKeys (ConfUtils.java:logGet(46)) - raft.server.log.queue.byte-limit = 4294967296 (custom)
2023-01-26 20:31:51,928 [pool-474-thread-1] INFO  server.RaftServerConfigKeys (ConfUtils.java:logGet(46)) - raft.server.log.queue.element-limit = 1024 (custom)
2023-01-26 20:31:51,928 [pool-474-thread-1] INFO  server.RaftServerConfigKeys (ConfUtils.java:logGet(46)) - raft.server.log.segment.size.max = 1048576 (custom)
2023-01-26 20:31:51,928 [pool-474-thread-1] INFO  server.RaftServerConfigKeys (ConfUtils.java:logGet(46)) - raft.server.log.preallocated.size = 16384 (custom)
2023-01-26 20:31:51,928 [pool-474-thread-1] INFO  server.RaftServerConfigKeys (ConfUtils.java:logGet(46)) - raft.server.log.force.sync.num = 128 (default)
2023-01-26 20:31:51,928 [pool-474-thread-1] INFO  server.RaftServerConfigKeys (ConfUtils.java:logGet(46)) - raft.server.log.statemachine.data.sync = true (default)
2023-01-26 20:31:51,928 [pool-474-thread-1] INFO  server.RaftServerConfigKeys (ConfUtils.java:logGet(46)) - raft.server.log.statemachine.data.sync.timeout = 10s (default)
2023-01-26 20:31:51,928 [pool-474-thread-1] INFO  server.RaftServerConfigKeys (ConfUtils.java:logGet(46)) - raft.server.log.statemachine.data.sync.timeout.retry = -1 (default)
2023-01-26 20:31:51,929 [pool-474-thread-1] INFO  server.RaftServerConfigKeys (ConfUtils.java:logGet(46)) - raft.server.log.write.buffer.size = 1048576 (custom)
2023-01-26 20:31:51,929 [pool-474-thread-1] INFO  server.RaftServerConfigKeys (ConfUtils.java:logGet(46)) - raft.server.log.appender.buffer.byte-limit = 33554432 (custom)
2023-01-26 20:31:51,934 [pool-474-thread-1] INFO  server.RaftServerConfigKeys (ConfUtils.java:logGet(46)) - raft.server.log.unsafe-flush.enabled = false (default)
2023-01-26 20:31:51,934 [pool-474-thread-1] INFO  server.RaftServerConfigKeys (ConfUtils.java:logGet(46)) - raft.server.log.async-flush.enabled = false (default)
2023-01-26 20:31:51,934 [pool-474-thread-1] INFO  server.RaftServerConfigKeys (ConfUtils.java:logGet(46)) - raft.server.log.statemachine.data.caching.enabled = true (custom)
2023-01-26 20:31:51,934 [pool-474-thread-1] INFO  segmented.SegmentedRaftLogWorker (SegmentedRaftLogWorker.java:lambda$new$0(135)) - a7887d3a-ac12-44f2-81f3-1f33b720a94f@group-1C34DF8C7ECE-SegmentedRaftLogWorker: flushIndex: setUnconditionally 0 -> -1
2023-01-26 20:31:51,934 [pool-474-thread-1] INFO  segmented.SegmentedRaftLogWorker (SegmentedRaftLogWorker.java:lambda$new$0(135)) - a7887d3a-ac12-44f2-81f3-1f33b720a94f@group-1C34DF8C7ECE-SegmentedRaftLogWorker: safeCacheEvictIndex: setUnconditionally 0 -> -1
2023-01-26 20:31:51,936 [pool-474-thread-1] INFO  server.RaftServer$Division (RaftServerImpl.java:start(334)) - a7887d3a-ac12-44f2-81f3-1f33b720a94f@group-1C34DF8C7ECE: start as a follower, conf=-1: peers:[8116f3ad-43fd-49d6-b38b-c9c4aa8410ec|rpc:10.1.0.15:43645|dataStream:10.1.0.15:43077|priority:0|startupRole:FOLLOWER, a7887d3a-ac12-44f2-81f3-1f33b720a94f|rpc:10.1.0.15:36865|dataStream:10.1.0.15:32943|priority:0|startupRole:FOLLOWER, 40d8d262-8836-439b-84c4-75233c3da079|rpc:10.1.0.15:33521|dataStream:10.1.0.15:41237|priority:1|startupRole:FOLLOWER]|listeners:[], old=null
2023-01-26 20:31:51,936 [pool-474-thread-1] INFO  server.RaftServer$Division (RaftServerImpl.java:setRole(321)) - a7887d3a-ac12-44f2-81f3-1f33b720a94f@group-1C34DF8C7ECE: changes role from      null to FOLLOWER at term 0 for startAsFollower
2023-01-26 20:31:51,936 [pool-474-thread-1] INFO  impl.RoleInfo (RoleInfo.java:updateAndGet(139)) - a7887d3a-ac12-44f2-81f3-1f33b720a94f: start a7887d3a-ac12-44f2-81f3-1f33b720a94f@group-1C34DF8C7ECE-FollowerState
2023-01-26 20:31:51,940 [pool-474-thread-1] INFO  util.JmxRegister (JmxRegister.java:tryRegister(44)) - Successfully registered JMX Bean with object name Ratis:service=RaftServer,group=group-1C34DF8C7ECE,id=a7887d3a-ac12-44f2-81f3-1f33b720a94f
2023-01-26 20:31:51,940 [pool-474-thread-1] INFO  server.RaftServerConfigKeys (ConfUtils.java:logGet(46)) - raft.server.snapshot.auto.trigger.enabled = true (custom)
2023-01-26 20:31:51,940 [pool-474-thread-1] INFO  server.RaftServerConfigKeys (ConfUtils.java:logGet(46)) - raft.server.snapshot.auto.trigger.threshold = 10000 (custom)
2023-01-26 20:31:51,940 [pool-474-thread-1] INFO  server.RaftServerConfigKeys (ConfUtils.java:logGet(46)) - raft.server.snapshot.retention.file.num = 5 (custom)
2023-01-26 20:31:51,940 [pool-474-thread-1] INFO  server.RaftServerConfigKeys (ConfUtils.java:logGet(46)) - raft.server.log.purge.upto.snapshot.index = false (default)
2023-01-26 20:31:51,941 [a7887d3a-ac12-44f2-81f3-1f33b720a94f@group-1C34DF8C7ECE-FollowerState] INFO  server.RaftServerConfigKeys (ConfUtils.java:logFallback(53)) - raft.server.rpc.first-election.timeout.min = 5s (fallback to raft.server.rpc.timeout.min)
2023-01-26 20:31:51,941 [a7887d3a-ac12-44f2-81f3-1f33b720a94f@group-1C34DF8C7ECE-FollowerState] INFO  server.RaftServerConfigKeys (ConfUtils.java:logFallback(53)) - raft.server.rpc.first-election.timeout.max = 5200ms (fallback to raft.server.rpc.timeout.max)
2023-01-26 20:31:51,944 [Command processor thread] INFO  ratis.XceiverServerRatis (XceiverServerRatis.java:addGroup(806)) - Created group PipelineID=e3b6bf34-3df8-4ecd-af7e-1c34df8c7ece
2023-01-26 20:31:51,953 [grpc-default-executor-3] INFO  server.RaftServer (RaftServerProxy.java:addNew(96)) - 8116f3ad-43fd-49d6-b38b-c9c4aa8410ec: addNew group-1C34DF8C7ECE:[8116f3ad-43fd-49d6-b38b-c9c4aa8410ec|rpc:10.1.0.15:43645|dataStream:10.1.0.15:43077|priority:0|startupRole:FOLLOWER, a7887d3a-ac12-44f2-81f3-1f33b720a94f|rpc:10.1.0.15:36865|dataStream:10.1.0.15:32943|priority:0|startupRole:FOLLOWER, 40d8d262-8836-439b-84c4-75233c3da079|rpc:10.1.0.15:33521|dataStream:10.1.0.15:41237|priority:1|startupRole:FOLLOWER] returns group-1C34DF8C7ECE:java.util.concurrent.CompletableFuture@29b50e0c[Not completed]
2023-01-26 20:31:51,955 [pool-496-thread-1] INFO  server.RaftServer$Division (RaftServerImpl.java:<init>(195)) - 8116f3ad-43fd-49d6-b38b-c9c4aa8410ec: new RaftServerImpl for group-1C34DF8C7ECE:[8116f3ad-43fd-49d6-b38b-c9c4aa8410ec|rpc:10.1.0.15:43645|dataStream:10.1.0.15:43077|priority:0|startupRole:FOLLOWER, a7887d3a-ac12-44f2-81f3-1f33b720a94f|rpc:10.1.0.15:36865|dataStream:10.1.0.15:32943|priority:0|startupRole:FOLLOWER, 40d8d262-8836-439b-84c4-75233c3da079|rpc:10.1.0.15:33521|dataStream:10.1.0.15:41237|priority:1|startupRole:FOLLOWER] with ContainerStateMachine:uninitialized
2023-01-26 20:31:51,955 [pool-496-thread-1] INFO  server.RaftServerConfigKeys (ConfUtils.java:logGet(46)) - raft.server.rpc.timeout.min = 5s (custom)
2023-01-26 20:31:51,955 [pool-496-thread-1] INFO  server.RaftServerConfigKeys (ConfUtils.java:logGet(46)) - raft.server.rpc.timeout.max = 5200ms (custom)
2023-01-26 20:31:51,955 [pool-496-thread-1] INFO  server.RaftServerConfigKeys (ConfUtils.java:logGet(46)) - raft.server.rpc.sleep.time = 25ms (default)
2023-01-26 20:31:51,955 [pool-496-thread-1] INFO  server.RaftServerConfigKeys (ConfUtils.java:logGet(46)) - raft.server.rpc.slowness.timeout = 300s (custom)
2023-01-26 20:31:51,955 [pool-496-thread-1] INFO  server.RaftServerConfigKeys (ConfUtils.java:logGet(46)) - raft.server.leaderelection.leader.step-down.wait-time = 10s (default)
2023-01-26 20:31:51,955 [pool-496-thread-1] INFO  server.RaftServerConfigKeys (ConfUtils.java:logGet(46)) - raft.server.sleep.deviation.threshold = 300ms (default)
2023-01-26 20:31:51,955 [pool-496-thread-1] INFO  server.RaftServer$Division (ServerState.java:<init>(118)) - 8116f3ad-43fd-49d6-b38b-c9c4aa8410ec@group-1C34DF8C7ECE: ConfigurationManager, init=-1: peers:[8116f3ad-43fd-49d6-b38b-c9c4aa8410ec|rpc:10.1.0.15:43645|dataStream:10.1.0.15:43077|priority:0|startupRole:FOLLOWER, a7887d3a-ac12-44f2-81f3-1f33b720a94f|rpc:10.1.0.15:36865|dataStream:10.1.0.15:32943|priority:0|startupRole:FOLLOWER, 40d8d262-8836-439b-84c4-75233c3da079|rpc:10.1.0.15:33521|dataStream:10.1.0.15:41237|priority:1|startupRole:FOLLOWER]|listeners:[], old=null, confs=<EMPTY_MAP>
2023-01-26 20:31:51,955 [pool-496-thread-1] INFO  server.RaftServerConfigKeys (ConfUtils.java:logGet(46)) - raft.server.storage.dir = [/home/runner/work/ozone/ozone/hadoop-ozone/integration-test/target/test-dir/MiniOzoneClusterImpl-885fda24-0582-4ee7-b43d-362ebd6c8d83/datanode-1/data/ratis] (custom)
2023-01-26 20:31:51,955 [pool-496-thread-1] INFO  server.RaftServerConfigKeys (ConfUtils.java:logGet(46)) - raft.server.log.corruption.policy = EXCEPTION (default)
2023-01-26 20:31:51,955 [pool-496-thread-1] INFO  server.RaftServerConfigKeys (ConfUtils.java:logGet(46)) - raft.server.storage.free-space.min = 0MB (=0) (default)
2023-01-26 20:31:51,955 [pool-496-thread-1] INFO  server.RaftServerConfigKeys (ConfUtils.java:logGet(46)) - raft.server.notification.no-leader.timeout = 300s (custom)
2023-01-26 20:31:51,955 [pool-496-thread-1] INFO  server.RaftServerConfigKeys (ConfUtils.java:logGet(46)) - raft.server.retrycache.expirytime = 600000ms (custom)
2023-01-26 20:31:51,955 [pool-496-thread-1] INFO  server.RaftServerConfigKeys (ConfUtils.java:logGet(46)) - raft.server.retrycache.statistics.expirytime = 100μs (default)
2023-01-26 20:31:51,956 [pool-496-thread-1] INFO  server.RaftServerConfigKeys (ConfUtils.java:logGet(46)) - raft.server.log.appender.install.snapshot.enabled = false (custom)
2023-01-26 20:31:51,956 [pool-496-thread-1] INFO  server.RaftServerConfigKeys (ConfUtils.java:logGet(46)) - raft.server.threadpool.server.cached = true (default)
2023-01-26 20:31:51,956 [pool-496-thread-1] INFO  server.RaftServerConfigKeys (ConfUtils.java:logGet(46)) - raft.server.threadpool.server.size = 0 (default)
2023-01-26 20:31:51,956 [pool-496-thread-1] INFO  server.RaftServerConfigKeys (ConfUtils.java:logGet(46)) - raft.server.threadpool.client.cached = true (default)
2023-01-26 20:31:51,956 [pool-496-thread-1] INFO  server.RaftServerConfigKeys (ConfUtils.java:logGet(46)) - raft.server.threadpool.client.size = 0 (default)
2023-01-26 20:31:51,956 [pool-496-thread-1] INFO  storage.RaftStorageDirectory (RaftStorageDirectoryImpl.java:analyzeStorage(137)) - The storage directory /home/runner/work/ozone/ozone/hadoop-ozone/integration-test/target/test-dir/MiniOzoneClusterImpl-885fda24-0582-4ee7-b43d-362ebd6c8d83/datanode-1/data/ratis/e3b6bf34-3df8-4ecd-af7e-1c34df8c7ece does not exist. Creating ...
2023-01-26 20:31:51,957 [pool-496-thread-1] INFO  storage.RaftStorageDirectory (RaftStorageDirectoryImpl.java:tryLock(231)) - Lock on /home/runner/work/ozone/ozone/hadoop-ozone/integration-test/target/test-dir/MiniOzoneClusterImpl-885fda24-0582-4ee7-b43d-362ebd6c8d83/datanode-1/data/ratis/e3b6bf34-3df8-4ecd-af7e-1c34df8c7ece/in_use.lock acquired by nodename 10488@fv-az462-54
2023-01-26 20:31:51,958 [pool-496-thread-1] INFO  storage.RaftStorage (RaftStorageImpl.java:format(96)) - Storage directory /home/runner/work/ozone/ozone/hadoop-ozone/integration-test/target/test-dir/MiniOzoneClusterImpl-885fda24-0582-4ee7-b43d-362ebd6c8d83/datanode-1/data/ratis/e3b6bf34-3df8-4ecd-af7e-1c34df8c7ece has been successfully formatted.
2023-01-26 20:31:51,959 [pool-496-thread-1] INFO  ratis.ContainerStateMachine (ContainerStateMachine.java:loadSnapshot(240)) - group-1C34DF8C7ECE: The snapshot info is null. Setting the last applied indexto:(t:0, i:~)
2023-01-26 20:31:51,959 [pool-496-thread-1] INFO  server.RaftServerConfigKeys (ConfUtils.java:logGet(46)) - raft.server.log.use.memory = false (default)
2023-01-26 20:31:51,960 [pool-496-thread-1] INFO  server.RaftServerConfigKeys (ConfUtils.java:logGet(46)) - raft.server.log.purge.gap = 1000000 (custom)
2023-01-26 20:31:51,960 [pool-496-thread-1] INFO  server.RaftServerConfigKeys (ConfUtils.java:logGet(46)) - raft.server.log.appender.buffer.byte-limit = 33554432 (custom)
2023-01-26 20:31:51,960 [pool-496-thread-1] INFO  server.RaftServerConfigKeys (ConfUtils.java:logGet(46)) - raft.server.log.statemachine.data.read.timeout = 1000ms (default)
2023-01-26 20:31:51,960 [pool-496-thread-1] INFO  server.RaftServerConfigKeys (ConfUtils.java:logGet(46)) - raft.server.log.purge.preservation.log.num = 0 (default)
2023-01-26 20:31:51,960 [pool-496-thread-1] INFO  server.RaftServerConfigKeys (ConfUtils.java:logGet(46)) - raft.server.log.segment.size.max = 1048576 (custom)
2023-01-26 20:31:51,961 [pool-496-thread-1] INFO  server.RaftServerConfigKeys (ConfUtils.java:logGet(46)) - raft.server.log.segment.cache.num.max = 2 (custom)
2023-01-26 20:31:51,961 [pool-496-thread-1] INFO  server.RaftServerConfigKeys (ConfUtils.java:logGet(46)) - raft.server.log.segment.cache.size.max = 200MB (=209715200) (default)
2023-01-26 20:31:51,961 [pool-496-thread-1] INFO  segmented.SegmentedRaftLogWorker (SegmentedRaftLogWorker.java:<init>(189)) - new 8116f3ad-43fd-49d6-b38b-c9c4aa8410ec@group-1C34DF8C7ECE-SegmentedRaftLogWorker for RaftStorageImpl:Storage Directory /home/runner/work/ozone/ozone/hadoop-ozone/integration-test/target/test-dir/MiniOzoneClusterImpl-885fda24-0582-4ee7-b43d-362ebd6c8d83/datanode-1/data/ratis/e3b6bf34-3df8-4ecd-af7e-1c34df8c7ece
2023-01-26 20:31:51,961 [pool-496-thread-1] INFO  server.RaftServerConfigKeys (ConfUtils.java:logGet(46)) - raft.server.log.queue.byte-limit = 4294967296 (custom)
2023-01-26 20:31:51,961 [pool-496-thread-1] INFO  server.RaftServerConfigKeys (ConfUtils.java:logGet(46)) - raft.server.log.queue.element-limit = 1024 (custom)
2023-01-26 20:31:51,961 [pool-496-thread-1] INFO  server.RaftServerConfigKeys (ConfUtils.java:logGet(46)) - raft.server.log.segment.size.max = 1048576 (custom)
2023-01-26 20:31:51,961 [pool-496-thread-1] INFO  server.RaftServerConfigKeys (ConfUtils.java:logGet(46)) - raft.server.log.preallocated.size = 16384 (custom)
2023-01-26 20:31:51,961 [pool-496-thread-1] INFO  server.RaftServerConfigKeys (ConfUtils.java:logGet(46)) - raft.server.log.force.sync.num = 128 (default)
2023-01-26 20:31:51,961 [pool-496-thread-1] INFO  server.RaftServerConfigKeys (ConfUtils.java:logGet(46)) - raft.server.log.statemachine.data.sync = true (default)
2023-01-26 20:31:51,961 [pool-496-thread-1] INFO  server.RaftServerConfigKeys (ConfUtils.java:logGet(46)) - raft.server.log.statemachine.data.sync.timeout = 10s (default)
2023-01-26 20:31:51,961 [pool-496-thread-1] INFO  server.RaftServerConfigKeys (ConfUtils.java:logGet(46)) - raft.server.log.statemachine.data.sync.timeout.retry = -1 (default)
2023-01-26 20:31:51,962 [pool-496-thread-1] INFO  server.RaftServerConfigKeys (ConfUtils.java:logGet(46)) - raft.server.log.write.buffer.size = 1048576 (custom)
2023-01-26 20:31:51,962 [pool-496-thread-1] INFO  server.RaftServerConfigKeys (ConfUtils.java:logGet(46)) - raft.server.log.appender.buffer.byte-limit = 33554432 (custom)
2023-01-26 20:31:51,967 [pool-496-thread-1] INFO  server.RaftServerConfigKeys (ConfUtils.java:logGet(46)) - raft.server.log.unsafe-flush.enabled = false (default)
2023-01-26 20:31:51,967 [pool-496-thread-1] INFO  server.RaftServerConfigKeys (ConfUtils.java:logGet(46)) - raft.server.log.async-flush.enabled = false (default)
2023-01-26 20:31:51,967 [pool-496-thread-1] INFO  server.RaftServerConfigKeys (ConfUtils.java:logGet(46)) - raft.server.log.statemachine.data.caching.enabled = true (custom)
2023-01-26 20:31:51,967 [pool-496-thread-1] INFO  segmented.SegmentedRaftLogWorker (SegmentedRaftLogWorker.java:lambda$new$0(135)) - 8116f3ad-43fd-49d6-b38b-c9c4aa8410ec@group-1C34DF8C7ECE-SegmentedRaftLogWorker: flushIndex: setUnconditionally 0 -> -1
2023-01-26 20:31:51,967 [pool-496-thread-1] INFO  segmented.SegmentedRaftLogWorker (SegmentedRaftLogWorker.java:lambda$new$0(135)) - 8116f3ad-43fd-49d6-b38b-c9c4aa8410ec@group-1C34DF8C7ECE-SegmentedRaftLogWorker: safeCacheEvictIndex: setUnconditionally 0 -> -1
2023-01-26 20:31:51,967 [pool-496-thread-1] INFO  server.RaftServer$Division (RaftServerImpl.java:start(334)) - 8116f3ad-43fd-49d6-b38b-c9c4aa8410ec@group-1C34DF8C7ECE: start as a follower, conf=-1: peers:[8116f3ad-43fd-49d6-b38b-c9c4aa8410ec|rpc:10.1.0.15:43645|dataStream:10.1.0.15:43077|priority:0|startupRole:FOLLOWER, a7887d3a-ac12-44f2-81f3-1f33b720a94f|rpc:10.1.0.15:36865|dataStream:10.1.0.15:32943|priority:0|startupRole:FOLLOWER, 40d8d262-8836-439b-84c4-75233c3da079|rpc:10.1.0.15:33521|dataStream:10.1.0.15:41237|priority:1|startupRole:FOLLOWER]|listeners:[], old=null
2023-01-26 20:31:51,967 [pool-496-thread-1] INFO  server.RaftServer$Division (RaftServerImpl.java:setRole(321)) - 8116f3ad-43fd-49d6-b38b-c9c4aa8410ec@group-1C34DF8C7ECE: changes role from      null to FOLLOWER at term 0 for startAsFollower
2023-01-26 20:31:51,967 [pool-496-thread-1] INFO  impl.RoleInfo (RoleInfo.java:updateAndGet(139)) - 8116f3ad-43fd-49d6-b38b-c9c4aa8410ec: start 8116f3ad-43fd-49d6-b38b-c9c4aa8410ec@group-1C34DF8C7ECE-FollowerState
2023-01-26 20:31:51,968 [pool-496-thread-1] INFO  util.JmxRegister (JmxRegister.java:tryRegister(44)) - Successfully registered JMX Bean with object name Ratis:service=RaftServer,group=group-1C34DF8C7ECE,id=8116f3ad-43fd-49d6-b38b-c9c4aa8410ec
2023-01-26 20:31:51,968 [pool-496-thread-1] INFO  server.RaftServerConfigKeys (ConfUtils.java:logGet(46)) - raft.server.snapshot.auto.trigger.enabled = true (custom)
2023-01-26 20:31:51,968 [pool-496-thread-1] INFO  server.RaftServerConfigKeys (ConfUtils.java:logGet(46)) - raft.server.snapshot.auto.trigger.threshold = 10000 (custom)
2023-01-26 20:31:51,968 [pool-496-thread-1] INFO  server.RaftServerConfigKeys (ConfUtils.java:logGet(46)) - raft.server.snapshot.retention.file.num = 5 (custom)
2023-01-26 20:31:51,968 [pool-496-thread-1] INFO  server.RaftServerConfigKeys (ConfUtils.java:logGet(46)) - raft.server.log.purge.upto.snapshot.index = false (default)
2023-01-26 20:31:51,968 [8116f3ad-43fd-49d6-b38b-c9c4aa8410ec@group-1C34DF8C7ECE-FollowerState] INFO  server.RaftServerConfigKeys (ConfUtils.java:logFallback(53)) - raft.server.rpc.first-election.timeout.min = 5s (fallback to raft.server.rpc.timeout.min)
2023-01-26 20:31:51,968 [8116f3ad-43fd-49d6-b38b-c9c4aa8410ec@group-1C34DF8C7ECE-FollowerState] INFO  server.RaftServerConfigKeys (ConfUtils.java:logFallback(53)) - raft.server.rpc.first-election.timeout.max = 5200ms (fallback to raft.server.rpc.timeout.max)
2023-01-26 20:31:51,987 [grpc-default-executor-3] INFO  server.RaftServer (RaftServerProxy.java:addNew(96)) - 40d8d262-8836-439b-84c4-75233c3da079: addNew group-1C34DF8C7ECE:[8116f3ad-43fd-49d6-b38b-c9c4aa8410ec|rpc:10.1.0.15:43645|dataStream:10.1.0.15:43077|priority:0|startupRole:FOLLOWER, a7887d3a-ac12-44f2-81f3-1f33b720a94f|rpc:10.1.0.15:36865|dataStream:10.1.0.15:32943|priority:0|startupRole:FOLLOWER, 40d8d262-8836-439b-84c4-75233c3da079|rpc:10.1.0.15:33521|dataStream:10.1.0.15:41237|priority:1|startupRole:FOLLOWER] returns group-1C34DF8C7ECE:java.util.concurrent.CompletableFuture@6205c1cd[Not completed]
2023-01-26 20:31:51,988 [pool-518-thread-1] INFO  server.RaftServer$Division (RaftServerImpl.java:<init>(195)) - 40d8d262-8836-439b-84c4-75233c3da079: new RaftServerImpl for group-1C34DF8C7ECE:[8116f3ad-43fd-49d6-b38b-c9c4aa8410ec|rpc:10.1.0.15:43645|dataStream:10.1.0.15:43077|priority:0|startupRole:FOLLOWER, a7887d3a-ac12-44f2-81f3-1f33b720a94f|rpc:10.1.0.15:36865|dataStream:10.1.0.15:32943|priority:0|startupRole:FOLLOWER, 40d8d262-8836-439b-84c4-75233c3da079|rpc:10.1.0.15:33521|dataStream:10.1.0.15:41237|priority:1|startupRole:FOLLOWER] with ContainerStateMachine:uninitialized
2023-01-26 20:31:51,988 [pool-518-thread-1] INFO  server.RaftServerConfigKeys (ConfUtils.java:logGet(46)) - raft.server.rpc.timeout.min = 5s (custom)
2023-01-26 20:31:51,988 [pool-518-thread-1] INFO  server.RaftServerConfigKeys (ConfUtils.java:logGet(46)) - raft.server.rpc.timeout.max = 5200ms (custom)
2023-01-26 20:31:51,988 [pool-518-thread-1] INFO  server.RaftServerConfigKeys (ConfUtils.java:logGet(46)) - raft.server.rpc.sleep.time = 25ms (default)
2023-01-26 20:31:51,988 [pool-518-thread-1] INFO  server.RaftServerConfigKeys (ConfUtils.java:logGet(46)) - raft.server.rpc.slowness.timeout = 300s (custom)
2023-01-26 20:31:51,988 [pool-518-thread-1] INFO  server.RaftServerConfigKeys (ConfUtils.java:logGet(46)) - raft.server.leaderelection.leader.step-down.wait-time = 10s (default)
2023-01-26 20:31:51,988 [pool-518-thread-1] INFO  server.RaftServerConfigKeys (ConfUtils.java:logGet(46)) - raft.server.sleep.deviation.threshold = 300ms (default)
2023-01-26 20:31:51,988 [pool-518-thread-1] INFO  server.RaftServer$Division (ServerState.java:<init>(118)) - 40d8d262-8836-439b-84c4-75233c3da079@group-1C34DF8C7ECE: ConfigurationManager, init=-1: peers:[8116f3ad-43fd-49d6-b38b-c9c4aa8410ec|rpc:10.1.0.15:43645|dataStream:10.1.0.15:43077|priority:0|startupRole:FOLLOWER, a7887d3a-ac12-44f2-81f3-1f33b720a94f|rpc:10.1.0.15:36865|dataStream:10.1.0.15:32943|priority:0|startupRole:FOLLOWER, 40d8d262-8836-439b-84c4-75233c3da079|rpc:10.1.0.15:33521|dataStream:10.1.0.15:41237|priority:1|startupRole:FOLLOWER]|listeners:[], old=null, confs=<EMPTY_MAP>
2023-01-26 20:31:51,988 [pool-518-thread-1] INFO  server.RaftServerConfigKeys (ConfUtils.java:logGet(46)) - raft.server.storage.dir = [/home/runner/work/ozone/ozone/hadoop-ozone/integration-test/target/test-dir/MiniOzoneClusterImpl-885fda24-0582-4ee7-b43d-362ebd6c8d83/datanode-2/data/ratis] (custom)
2023-01-26 20:31:51,988 [pool-518-thread-1] INFO  server.RaftServerConfigKeys (ConfUtils.java:logGet(46)) - raft.server.log.corruption.policy = EXCEPTION (default)
2023-01-26 20:31:51,988 [pool-518-thread-1] INFO  server.RaftServerConfigKeys (ConfUtils.java:logGet(46)) - raft.server.storage.free-space.min = 0MB (=0) (default)
2023-01-26 20:31:51,988 [pool-518-thread-1] INFO  server.RaftServerConfigKeys (ConfUtils.java:logGet(46)) - raft.server.notification.no-leader.timeout = 300s (custom)
2023-01-26 20:31:51,988 [pool-518-thread-1] INFO  server.RaftServerConfigKeys (ConfUtils.java:logGet(46)) - raft.server.retrycache.expirytime = 600000ms (custom)
2023-01-26 20:31:51,989 [pool-518-thread-1] INFO  server.RaftServerConfigKeys (ConfUtils.java:logGet(46)) - raft.server.retrycache.statistics.expirytime = 100μs (default)
2023-01-26 20:31:51,989 [pool-518-thread-1] INFO  server.RaftServerConfigKeys (ConfUtils.java:logGet(46)) - raft.server.log.appender.install.snapshot.enabled = false (custom)
2023-01-26 20:31:51,989 [pool-518-thread-1] INFO  server.RaftServerConfigKeys (ConfUtils.java:logGet(46)) - raft.server.threadpool.server.cached = true (default)
2023-01-26 20:31:51,989 [pool-518-thread-1] INFO  server.RaftServerConfigKeys (ConfUtils.java:logGet(46)) - raft.server.threadpool.server.size = 0 (default)
2023-01-26 20:31:51,989 [pool-518-thread-1] INFO  server.RaftServerConfigKeys (ConfUtils.java:logGet(46)) - raft.server.threadpool.client.cached = true (default)
2023-01-26 20:31:51,989 [pool-518-thread-1] INFO  server.RaftServerConfigKeys (ConfUtils.java:logGet(46)) - raft.server.threadpool.client.size = 0 (default)
2023-01-26 20:31:51,989 [pool-518-thread-1] INFO  storage.RaftStorageDirectory (RaftStorageDirectoryImpl.java:analyzeStorage(137)) - The storage directory /home/runner/work/ozone/ozone/hadoop-ozone/integration-test/target/test-dir/MiniOzoneClusterImpl-885fda24-0582-4ee7-b43d-362ebd6c8d83/datanode-2/data/ratis/e3b6bf34-3df8-4ecd-af7e-1c34df8c7ece does not exist. Creating ...
2023-01-26 20:31:51,990 [pool-518-thread-1] INFO  storage.RaftStorageDirectory (RaftStorageDirectoryImpl.java:tryLock(231)) - Lock on /home/runner/work/ozone/ozone/hadoop-ozone/integration-test/target/test-dir/MiniOzoneClusterImpl-885fda24-0582-4ee7-b43d-362ebd6c8d83/datanode-2/data/ratis/e3b6bf34-3df8-4ecd-af7e-1c34df8c7ece/in_use.lock acquired by nodename 10488@fv-az462-54
2023-01-26 20:31:51,991 [pool-518-thread-1] INFO  storage.RaftStorage (RaftStorageImpl.java:format(96)) - Storage directory /home/runner/work/ozone/ozone/hadoop-ozone/integration-test/target/test-dir/MiniOzoneClusterImpl-885fda24-0582-4ee7-b43d-362ebd6c8d83/datanode-2/data/ratis/e3b6bf34-3df8-4ecd-af7e-1c34df8c7ece has been successfully formatted.
2023-01-26 20:31:51,992 [pool-518-thread-1] INFO  ratis.ContainerStateMachine (ContainerStateMachine.java:loadSnapshot(240)) - group-1C34DF8C7ECE: The snapshot info is null. Setting the last applied indexto:(t:0, i:~)
2023-01-26 20:31:51,993 [pool-518-thread-1] INFO  server.RaftServerConfigKeys (ConfUtils.java:logGet(46)) - raft.server.log.use.memory = false (default)
2023-01-26 20:31:51,993 [pool-518-thread-1] INFO  server.RaftServerConfigKeys (ConfUtils.java:logGet(46)) - raft.server.log.purge.gap = 1000000 (custom)
2023-01-26 20:31:51,993 [pool-518-thread-1] INFO  server.RaftServerConfigKeys (ConfUtils.java:logGet(46)) - raft.server.log.appender.buffer.byte-limit = 33554432 (custom)
2023-01-26 20:31:51,993 [pool-518-thread-1] INFO  server.RaftServerConfigKeys (ConfUtils.java:logGet(46)) - raft.server.log.statemachine.data.read.timeout = 1000ms (default)
2023-01-26 20:31:51,993 [pool-518-thread-1] INFO  server.RaftServerConfigKeys (ConfUtils.java:logGet(46)) - raft.server.log.purge.preservation.log.num = 0 (default)
2023-01-26 20:31:51,993 [pool-518-thread-1] INFO  server.RaftServerConfigKeys (ConfUtils.java:logGet(46)) - raft.server.log.segment.size.max = 1048576 (custom)
2023-01-26 20:31:51,994 [pool-518-thread-1] INFO  server.RaftServerConfigKeys (ConfUtils.java:logGet(46)) - raft.server.log.segment.cache.num.max = 2 (custom)
2023-01-26 20:31:51,994 [pool-518-thread-1] INFO  server.RaftServerConfigKeys (ConfUtils.java:logGet(46)) - raft.server.log.segment.cache.size.max = 200MB (=209715200) (default)
2023-01-26 20:31:51,994 [pool-518-thread-1] INFO  segmented.SegmentedRaftLogWorker (SegmentedRaftLogWorker.java:<init>(189)) - new 40d8d262-8836-439b-84c4-75233c3da079@group-1C34DF8C7ECE-SegmentedRaftLogWorker for RaftStorageImpl:Storage Directory /home/runner/work/ozone/ozone/hadoop-ozone/integration-test/target/test-dir/MiniOzoneClusterImpl-885fda24-0582-4ee7-b43d-362ebd6c8d83/datanode-2/data/ratis/e3b6bf34-3df8-4ecd-af7e-1c34df8c7ece
2023-01-26 20:31:51,994 [pool-518-thread-1] INFO  server.RaftServerConfigKeys (ConfUtils.java:logGet(46)) - raft.server.log.queue.byte-limit = 4294967296 (custom)
2023-01-26 20:31:51,994 [pool-518-thread-1] INFO  server.RaftServerConfigKeys (ConfUtils.java:logGet(46)) - raft.server.log.queue.element-limit = 1024 (custom)
2023-01-26 20:31:51,994 [pool-518-thread-1] INFO  server.RaftServerConfigKeys (ConfUtils.java:logGet(46)) - raft.server.log.segment.size.max = 1048576 (custom)
2023-01-26 20:31:51,994 [pool-518-thread-1] INFO  server.RaftServerConfigKeys (ConfUtils.java:logGet(46)) - raft.server.log.preallocated.size = 16384 (custom)
2023-01-26 20:31:51,994 [pool-518-thread-1] INFO  server.RaftServerConfigKeys (ConfUtils.java:logGet(46)) - raft.server.log.force.sync.num = 128 (default)
2023-01-26 20:31:51,994 [pool-518-thread-1] INFO  server.RaftServerConfigKeys (ConfUtils.java:logGet(46)) - raft.server.log.statemachine.data.sync = true (default)
2023-01-26 20:31:51,994 [pool-518-thread-1] INFO  server.RaftServerConfigKeys (ConfUtils.java:logGet(46)) - raft.server.log.statemachine.data.sync.timeout = 10s (default)
2023-01-26 20:31:51,994 [pool-518-thread-1] INFO  server.RaftServerConfigKeys (ConfUtils.java:logGet(46)) - raft.server.log.statemachine.data.sync.timeout.retry = -1 (default)
2023-01-26 20:31:51,996 [pool-518-thread-1] INFO  server.RaftServerConfigKeys (ConfUtils.java:logGet(46)) - raft.server.log.write.buffer.size = 1048576 (custom)
2023-01-26 20:31:51,996 [pool-518-thread-1] INFO  server.RaftServerConfigKeys (ConfUtils.java:logGet(46)) - raft.server.log.appender.buffer.byte-limit = 33554432 (custom)
2023-01-26 20:31:52,001 [pool-518-thread-1] INFO  server.RaftServerConfigKeys (ConfUtils.java:logGet(46)) - raft.server.log.unsafe-flush.enabled = false (default)
2023-01-26 20:31:52,001 [pool-518-thread-1] INFO  server.RaftServerConfigKeys (ConfUtils.java:logGet(46)) - raft.server.log.async-flush.enabled = false (default)
2023-01-26 20:31:52,001 [pool-518-thread-1] INFO  server.RaftServerConfigKeys (ConfUtils.java:logGet(46)) - raft.server.log.statemachine.data.caching.enabled = true (custom)
2023-01-26 20:31:52,001 [pool-518-thread-1] INFO  segmented.SegmentedRaftLogWorker (SegmentedRaftLogWorker.java:lambda$new$0(135)) - 40d8d262-8836-439b-84c4-75233c3da079@group-1C34DF8C7ECE-SegmentedRaftLogWorker: flushIndex: setUnconditionally 0 -> -1
2023-01-26 20:31:52,001 [pool-518-thread-1] INFO  segmented.SegmentedRaftLogWorker (SegmentedRaftLogWorker.java:lambda$new$0(135)) - 40d8d262-8836-439b-84c4-75233c3da079@group-1C34DF8C7ECE-SegmentedRaftLogWorker: safeCacheEvictIndex: setUnconditionally 0 -> -1
2023-01-26 20:31:52,002 [pool-518-thread-1] INFO  server.RaftServer$Division (RaftServerImpl.java:start(334)) - 40d8d262-8836-439b-84c4-75233c3da079@group-1C34DF8C7ECE: start as a follower, conf=-1: peers:[8116f3ad-43fd-49d6-b38b-c9c4aa8410ec|rpc:10.1.0.15:43645|dataStream:10.1.0.15:43077|priority:0|startupRole:FOLLOWER, a7887d3a-ac12-44f2-81f3-1f33b720a94f|rpc:10.1.0.15:36865|dataStream:10.1.0.15:32943|priority:0|startupRole:FOLLOWER, 40d8d262-8836-439b-84c4-75233c3da079|rpc:10.1.0.15:33521|dataStream:10.1.0.15:41237|priority:1|startupRole:FOLLOWER]|listeners:[], old=null
2023-01-26 20:31:52,002 [pool-518-thread-1] INFO  server.RaftServer$Division (RaftServerImpl.java:setRole(321)) - 40d8d262-8836-439b-84c4-75233c3da079@group-1C34DF8C7ECE: changes role from      null to FOLLOWER at term 0 for startAsFollower
2023-01-26 20:31:52,002 [pool-518-thread-1] INFO  impl.RoleInfo (RoleInfo.java:updateAndGet(139)) - 40d8d262-8836-439b-84c4-75233c3da079: start 40d8d262-8836-439b-84c4-75233c3da079@group-1C34DF8C7ECE-FollowerState
2023-01-26 20:31:52,004 [pool-518-thread-1] INFO  util.JmxRegister (JmxRegister.java:tryRegister(44)) - Successfully registered JMX Bean with object name Ratis:service=RaftServer,group=group-1C34DF8C7ECE,id=40d8d262-8836-439b-84c4-75233c3da079
2023-01-26 20:31:52,004 [pool-518-thread-1] INFO  server.RaftServerConfigKeys (ConfUtils.java:logGet(46)) - raft.server.snapshot.auto.trigger.enabled = true (custom)
2023-01-26 20:31:52,004 [pool-518-thread-1] INFO  server.RaftServerConfigKeys (ConfUtils.java:logGet(46)) - raft.server.snapshot.auto.trigger.threshold = 10000 (custom)
2023-01-26 20:31:52,004 [pool-518-thread-1] INFO  server.RaftServerConfigKeys (ConfUtils.java:logGet(46)) - raft.server.snapshot.retention.file.num = 5 (custom)
2023-01-26 20:31:52,004 [pool-518-thread-1] INFO  server.RaftServerConfigKeys (ConfUtils.java:logGet(46)) - raft.server.log.purge.upto.snapshot.index = false (default)
2023-01-26 20:31:52,005 [40d8d262-8836-439b-84c4-75233c3da079@group-1C34DF8C7ECE-FollowerState] INFO  server.RaftServerConfigKeys (ConfUtils.java:logFallback(53)) - raft.server.rpc.first-election.timeout.min = 5s (fallback to raft.server.rpc.timeout.min)
2023-01-26 20:31:52,005 [40d8d262-8836-439b-84c4-75233c3da079@group-1C34DF8C7ECE-FollowerState] INFO  server.RaftServerConfigKeys (ConfUtils.java:logFallback(53)) - raft.server.rpc.first-election.timeout.max = 5200ms (fallback to raft.server.rpc.timeout.max)
2023-01-26 20:31:52,018 [Command processor thread] INFO  commandhandler.CreatePipelineCommandHandler (CreatePipelineCommandHandler.java:handle(113)) - Created Pipeline RATIS THREE PipelineID=e3b6bf34-3df8-4ecd-af7e-1c34df8c7ece.
2023-01-26 20:31:52,018 [Command processor thread] INFO  server.RaftServer (RaftServerProxy.java:addNew(96)) - a7887d3a-ac12-44f2-81f3-1f33b720a94f: addNew group-FD67D19C9032:[8116f3ad-43fd-49d6-b38b-c9c4aa8410ec|rpc:10.1.0.15:43645|dataStream:10.1.0.15:43077|priority:1|startupRole:FOLLOWER, a7887d3a-ac12-44f2-81f3-1f33b720a94f|rpc:10.1.0.15:36865|dataStream:10.1.0.15:32943|priority:0|startupRole:FOLLOWER, 40d8d262-8836-439b-84c4-75233c3da079|rpc:10.1.0.15:33521|dataStream:10.1.0.15:41237|priority:0|startupRole:FOLLOWER] returns group-FD67D19C9032:java.util.concurrent.CompletableFuture@5f606ea1[Not completed]
2023-01-26 20:31:52,019 [pool-474-thread-1] INFO  server.RaftServer$Division (RaftServerImpl.java:<init>(195)) - a7887d3a-ac12-44f2-81f3-1f33b720a94f: new RaftServerImpl for group-FD67D19C9032:[8116f3ad-43fd-49d6-b38b-c9c4aa8410ec|rpc:10.1.0.15:43645|dataStream:10.1.0.15:43077|priority:1|startupRole:FOLLOWER, a7887d3a-ac12-44f2-81f3-1f33b720a94f|rpc:10.1.0.15:36865|dataStream:10.1.0.15:32943|priority:0|startupRole:FOLLOWER, 40d8d262-8836-439b-84c4-75233c3da079|rpc:10.1.0.15:33521|dataStream:10.1.0.15:41237|priority:0|startupRole:FOLLOWER] with ContainerStateMachine:uninitialized
2023-01-26 20:31:52,019 [pool-474-thread-1] INFO  server.RaftServerConfigKeys (ConfUtils.java:logGet(46)) - raft.server.rpc.timeout.min = 5s (custom)
2023-01-26 20:31:52,019 [pool-474-thread-1] INFO  server.RaftServerConfigKeys (ConfUtils.java:logGet(46)) - raft.server.rpc.timeout.max = 5200ms (custom)
2023-01-26 20:31:52,019 [pool-474-thread-1] INFO  server.RaftServerConfigKeys (ConfUtils.java:logGet(46)) - raft.server.rpc.sleep.time = 25ms (default)
2023-01-26 20:31:52,019 [pool-474-thread-1] INFO  server.RaftServerConfigKeys (ConfUtils.java:logGet(46)) - raft.server.rpc.slowness.timeout = 300s (custom)
2023-01-26 20:31:52,019 [pool-474-thread-1] INFO  server.RaftServerConfigKeys (ConfUtils.java:logGet(46)) - raft.server.leaderelection.leader.step-down.wait-time = 10s (default)
2023-01-26 20:31:52,019 [pool-474-thread-1] INFO  server.RaftServerConfigKeys (ConfUtils.java:logGet(46)) - raft.server.sleep.deviation.threshold = 300ms (default)
2023-01-26 20:31:52,019 [pool-474-thread-1] INFO  server.RaftServer$Division (ServerState.java:<init>(118)) - a7887d3a-ac12-44f2-81f3-1f33b720a94f@group-FD67D19C9032: ConfigurationManager, init=-1: peers:[8116f3ad-43fd-49d6-b38b-c9c4aa8410ec|rpc:10.1.0.15:43645|dataStream:10.1.0.15:43077|priority:1|startupRole:FOLLOWER, a7887d3a-ac12-44f2-81f3-1f33b720a94f|rpc:10.1.0.15:36865|dataStream:10.1.0.15:32943|priority:0|startupRole:FOLLOWER, 40d8d262-8836-439b-84c4-75233c3da079|rpc:10.1.0.15:33521|dataStream:10.1.0.15:41237|priority:0|startupRole:FOLLOWER]|listeners:[], old=null, confs=<EMPTY_MAP>
2023-01-26 20:31:52,019 [pool-474-thread-1] INFO  server.RaftServerConfigKeys (ConfUtils.java:logGet(46)) - raft.server.storage.dir = [/home/runner/work/ozone/ozone/hadoop-ozone/integration-test/target/test-dir/MiniOzoneClusterImpl-885fda24-0582-4ee7-b43d-362ebd6c8d83/datanode-0/data/ratis] (custom)
2023-01-26 20:31:52,019 [pool-474-thread-1] INFO  server.RaftServerConfigKeys (ConfUtils.java:logGet(46)) - raft.server.log.corruption.policy = EXCEPTION (default)
2023-01-26 20:31:52,019 [pool-474-thread-1] INFO  server.RaftServerConfigKeys (ConfUtils.java:logGet(46)) - raft.server.storage.free-space.min = 0MB (=0) (default)
2023-01-26 20:31:52,019 [pool-474-thread-1] INFO  server.RaftServerConfigKeys (ConfUtils.java:logGet(46)) - raft.server.notification.no-leader.timeout = 300s (custom)
2023-01-26 20:31:52,019 [pool-474-thread-1] INFO  server.RaftServerConfigKeys (ConfUtils.java:logGet(46)) - raft.server.retrycache.expirytime = 600000ms (custom)
2023-01-26 20:31:52,019 [pool-474-thread-1] INFO  server.RaftServerConfigKeys (ConfUtils.java:logGet(46)) - raft.server.retrycache.statistics.expirytime = 100μs (default)
2023-01-26 20:31:52,020 [pool-474-thread-1] INFO  server.RaftServerConfigKeys (ConfUtils.java:logGet(46)) - raft.server.log.appender.install.snapshot.enabled = false (custom)
2023-01-26 20:31:52,020 [pool-474-thread-1] INFO  server.RaftServerConfigKeys (ConfUtils.java:logGet(46)) - raft.server.threadpool.server.cached = true (default)
2023-01-26 20:31:52,020 [pool-474-thread-1] INFO  server.RaftServerConfigKeys (ConfUtils.java:logGet(46)) - raft.server.threadpool.server.size = 0 (default)
2023-01-26 20:31:52,020 [pool-474-thread-1] INFO  server.RaftServerConfigKeys (ConfUtils.java:logGet(46)) - raft.server.threadpool.client.cached = true (default)
2023-01-26 20:31:52,020 [pool-474-thread-1] INFO  server.RaftServerConfigKeys (ConfUtils.java:logGet(46)) - raft.server.threadpool.client.size = 0 (default)
2023-01-26 20:31:52,020 [pool-474-thread-1] INFO  storage.RaftStorageDirectory (RaftStorageDirectoryImpl.java:analyzeStorage(137)) - The storage directory /home/runner/work/ozone/ozone/hadoop-ozone/integration-test/target/test-dir/MiniOzoneClusterImpl-885fda24-0582-4ee7-b43d-362ebd6c8d83/datanode-0/data/ratis/d03096c2-cd98-4c1e-8990-fd67d19c9032 does not exist. Creating ...
2023-01-26 20:31:52,021 [pool-474-thread-1] INFO  storage.RaftStorageDirectory (RaftStorageDirectoryImpl.java:tryLock(231)) - Lock on /home/runner/work/ozone/ozone/hadoop-ozone/integration-test/target/test-dir/MiniOzoneClusterImpl-885fda24-0582-4ee7-b43d-362ebd6c8d83/datanode-0/data/ratis/d03096c2-cd98-4c1e-8990-fd67d19c9032/in_use.lock acquired by nodename 10488@fv-az462-54
2023-01-26 20:31:52,022 [pool-474-thread-1] INFO  storage.RaftStorage (RaftStorageImpl.java:format(96)) - Storage directory /home/runner/work/ozone/ozone/hadoop-ozone/integration-test/target/test-dir/MiniOzoneClusterImpl-885fda24-0582-4ee7-b43d-362ebd6c8d83/datanode-0/data/ratis/d03096c2-cd98-4c1e-8990-fd67d19c9032 has been successfully formatted.
2023-01-26 20:31:52,023 [pool-474-thread-1] INFO  ratis.ContainerStateMachine (ContainerStateMachine.java:loadSnapshot(240)) - group-FD67D19C9032: The snapshot info is null. Setting the last applied indexto:(t:0, i:~)
2023-01-26 20:31:52,023 [pool-474-thread-1] INFO  server.RaftServerConfigKeys (ConfUtils.java:logGet(46)) - raft.server.log.use.memory = false (default)
2023-01-26 20:31:52,023 [pool-474-thread-1] INFO  server.RaftServerConfigKeys (ConfUtils.java:logGet(46)) - raft.server.log.purge.gap = 1000000 (custom)
2023-01-26 20:31:52,023 [pool-474-thread-1] INFO  server.RaftServerConfigKeys (ConfUtils.java:logGet(46)) - raft.server.log.appender.buffer.byte-limit = 33554432 (custom)
2023-01-26 20:31:52,023 [pool-474-thread-1] INFO  server.RaftServerConfigKeys (ConfUtils.java:logGet(46)) - raft.server.log.statemachine.data.read.timeout = 1000ms (default)
2023-01-26 20:31:52,023 [pool-474-thread-1] INFO  server.RaftServerConfigKeys (ConfUtils.java:logGet(46)) - raft.server.log.purge.preservation.log.num = 0 (default)
2023-01-26 20:31:52,023 [pool-474-thread-1] INFO  server.RaftServerConfigKeys (ConfUtils.java:logGet(46)) - raft.server.log.segment.size.max = 1048576 (custom)
2023-01-26 20:31:52,023 [pool-474-thread-1] INFO  server.RaftServerConfigKeys (ConfUtils.java:logGet(46)) - raft.server.log.segment.cache.num.max = 2 (custom)
2023-01-26 20:31:52,023 [pool-474-thread-1] INFO  server.RaftServerConfigKeys (ConfUtils.java:logGet(46)) - raft.server.log.segment.cache.size.max = 200MB (=209715200) (default)
2023-01-26 20:31:52,023 [pool-474-thread-1] INFO  segmented.SegmentedRaftLogWorker (SegmentedRaftLogWorker.java:<init>(189)) - new a7887d3a-ac12-44f2-81f3-1f33b720a94f@group-FD67D19C9032-SegmentedRaftLogWorker for RaftStorageImpl:Storage Directory /home/runner/work/ozone/ozone/hadoop-ozone/integration-test/target/test-dir/MiniOzoneClusterImpl-885fda24-0582-4ee7-b43d-362ebd6c8d83/datanode-0/data/ratis/d03096c2-cd98-4c1e-8990-fd67d19c9032
2023-01-26 20:31:52,023 [pool-474-thread-1] INFO  server.RaftServerConfigKeys (ConfUtils.java:logGet(46)) - raft.server.log.queue.byte-limit = 4294967296 (custom)
2023-01-26 20:31:52,023 [pool-474-thread-1] INFO  server.RaftServerConfigKeys (ConfUtils.java:logGet(46)) - raft.server.log.queue.element-limit = 1024 (custom)
2023-01-26 20:31:52,023 [pool-474-thread-1] INFO  server.RaftServerConfigKeys (ConfUtils.java:logGet(46)) - raft.server.log.segment.size.max = 1048576 (custom)
2023-01-26 20:31:52,024 [pool-474-thread-1] INFO  server.RaftServerConfigKeys (ConfUtils.java:logGet(46)) - raft.server.log.preallocated.size = 16384 (custom)
2023-01-26 20:31:52,024 [pool-474-thread-1] INFO  server.RaftServerConfigKeys (ConfUtils.java:logGet(46)) - raft.server.log.force.sync.num = 128 (default)
2023-01-26 20:31:52,024 [pool-474-thread-1] INFO  server.RaftServerConfigKeys (ConfUtils.java:logGet(46)) - raft.server.log.statemachine.data.sync = true (default)
2023-01-26 20:31:52,024 [pool-474-thread-1] INFO  server.RaftServerConfigKeys (ConfUtils.java:logGet(46)) - raft.server.log.statemachine.data.sync.timeout = 10s (default)
2023-01-26 20:31:52,024 [pool-474-thread-1] INFO  server.RaftServerConfigKeys (ConfUtils.java:logGet(46)) - raft.server.log.statemachine.data.sync.timeout.retry = -1 (default)
2023-01-26 20:31:52,025 [EventQueue-OpenPipelineForHealthyPipelineSafeModeRule] INFO  safemode.SCMSafeModeManager (HealthyPipelineSafeModeRule.java:process(137)) - SCM in safe mode. Healthy pipelines reported count is 0, required healthy pipeline reported count is 1
2023-01-26 20:31:52,025 [pool-474-thread-1] INFO  server.RaftServerConfigKeys (ConfUtils.java:logGet(46)) - raft.server.log.write.buffer.size = 1048576 (custom)
2023-01-26 20:31:52,025 [pool-474-thread-1] INFO  server.RaftServerConfigKeys (ConfUtils.java:logGet(46)) - raft.server.log.appender.buffer.byte-limit = 33554432 (custom)
2023-01-26 20:31:52,030 [pool-474-thread-1] INFO  server.RaftServerConfigKeys (ConfUtils.java:logGet(46)) - raft.server.log.unsafe-flush.enabled = false (default)
2023-01-26 20:31:52,030 [pool-474-thread-1] INFO  server.RaftServerConfigKeys (ConfUtils.java:logGet(46)) - raft.server.log.async-flush.enabled = false (default)
2023-01-26 20:31:52,030 [pool-474-thread-1] INFO  server.RaftServerConfigKeys (ConfUtils.java:logGet(46)) - raft.server.log.statemachine.data.caching.enabled = true (custom)
2023-01-26 20:31:52,031 [pool-474-thread-1] INFO  segmented.SegmentedRaftLogWorker (SegmentedRaftLogWorker.java:lambda$new$0(135)) - a7887d3a-ac12-44f2-81f3-1f33b720a94f@group-FD67D19C9032-SegmentedRaftLogWorker: flushIndex: setUnconditionally 0 -> -1
2023-01-26 20:31:52,031 [pool-474-thread-1] INFO  segmented.SegmentedRaftLogWorker (SegmentedRaftLogWorker.java:lambda$new$0(135)) - a7887d3a-ac12-44f2-81f3-1f33b720a94f@group-FD67D19C9032-SegmentedRaftLogWorker: safeCacheEvictIndex: setUnconditionally 0 -> -1
2023-01-26 20:31:52,031 [pool-474-thread-1] INFO  server.RaftServer$Division (RaftServerImpl.java:start(334)) - a7887d3a-ac12-44f2-81f3-1f33b720a94f@group-FD67D19C9032: start as a follower, conf=-1: peers:[8116f3ad-43fd-49d6-b38b-c9c4aa8410ec|rpc:10.1.0.15:43645|dataStream:10.1.0.15:43077|priority:1|startupRole:FOLLOWER, a7887d3a-ac12-44f2-81f3-1f33b720a94f|rpc:10.1.0.15:36865|dataStream:10.1.0.15:32943|priority:0|startupRole:FOLLOWER, 40d8d262-8836-439b-84c4-75233c3da079|rpc:10.1.0.15:33521|dataStream:10.1.0.15:41237|priority:0|startupRole:FOLLOWER]|listeners:[], old=null
2023-01-26 20:31:52,031 [pool-474-thread-1] INFO  server.RaftServer$Division (RaftServerImpl.java:setRole(321)) - a7887d3a-ac12-44f2-81f3-1f33b720a94f@group-FD67D19C9032: changes role from      null to FOLLOWER at term 0 for startAsFollower
2023-01-26 20:31:52,031 [pool-474-thread-1] INFO  impl.RoleInfo (RoleInfo.java:updateAndGet(139)) - a7887d3a-ac12-44f2-81f3-1f33b720a94f: start a7887d3a-ac12-44f2-81f3-1f33b720a94f@group-FD67D19C9032-FollowerState
2023-01-26 20:31:52,032 [pool-474-thread-1] INFO  util.JmxRegister (JmxRegister.java:tryRegister(44)) - Successfully registered JMX Bean with object name Ratis:service=RaftServer,group=group-FD67D19C9032,id=a7887d3a-ac12-44f2-81f3-1f33b720a94f
2023-01-26 20:31:52,032 [pool-474-thread-1] INFO  server.RaftServerConfigKeys (ConfUtils.java:logGet(46)) - raft.server.snapshot.auto.trigger.enabled = true (custom)
2023-01-26 20:31:52,032 [pool-474-thread-1] INFO  server.RaftServerConfigKeys (ConfUtils.java:logGet(46)) - raft.server.snapshot.auto.trigger.threshold = 10000 (custom)
2023-01-26 20:31:52,032 [pool-474-thread-1] INFO  server.RaftServerConfigKeys (ConfUtils.java:logGet(46)) - raft.server.snapshot.retention.file.num = 5 (custom)
2023-01-26 20:31:52,032 [pool-474-thread-1] INFO  server.RaftServerConfigKeys (ConfUtils.java:logGet(46)) - raft.server.log.purge.upto.snapshot.index = false (default)
2023-01-26 20:31:52,033 [a7887d3a-ac12-44f2-81f3-1f33b720a94f@group-FD67D19C9032-FollowerState] INFO  server.RaftServerConfigKeys (ConfUtils.java:logFallback(53)) - raft.server.rpc.first-election.timeout.min = 5s (fallback to raft.server.rpc.timeout.min)
2023-01-26 20:31:52,033 [a7887d3a-ac12-44f2-81f3-1f33b720a94f@group-FD67D19C9032-FollowerState] INFO  server.RaftServerConfigKeys (ConfUtils.java:logFallback(53)) - raft.server.rpc.first-election.timeout.max = 5200ms (fallback to raft.server.rpc.timeout.max)
2023-01-26 20:31:52,038 [Command processor thread] INFO  ratis.XceiverServerRatis (XceiverServerRatis.java:addGroup(806)) - Created group PipelineID=d03096c2-cd98-4c1e-8990-fd67d19c9032
2023-01-26 20:31:52,046 [grpc-default-executor-3] INFO  server.RaftServer (RaftServerProxy.java:addNew(96)) - 8116f3ad-43fd-49d6-b38b-c9c4aa8410ec: addNew group-FD67D19C9032:[8116f3ad-43fd-49d6-b38b-c9c4aa8410ec|rpc:10.1.0.15:43645|dataStream:10.1.0.15:43077|priority:1|startupRole:FOLLOWER, a7887d3a-ac12-44f2-81f3-1f33b720a94f|rpc:10.1.0.15:36865|dataStream:10.1.0.15:32943|priority:0|startupRole:FOLLOWER, 40d8d262-8836-439b-84c4-75233c3da079|rpc:10.1.0.15:33521|dataStream:10.1.0.15:41237|priority:0|startupRole:FOLLOWER] returns group-FD67D19C9032:java.util.concurrent.CompletableFuture@6414bb0[Not completed]
2023-01-26 20:31:52,047 [pool-496-thread-1] INFO  server.RaftServer$Division (RaftServerImpl.java:<init>(195)) - 8116f3ad-43fd-49d6-b38b-c9c4aa8410ec: new RaftServerImpl for group-FD67D19C9032:[8116f3ad-43fd-49d6-b38b-c9c4aa8410ec|rpc:10.1.0.15:43645|dataStream:10.1.0.15:43077|priority:1|startupRole:FOLLOWER, a7887d3a-ac12-44f2-81f3-1f33b720a94f|rpc:10.1.0.15:36865|dataStream:10.1.0.15:32943|priority:0|startupRole:FOLLOWER, 40d8d262-8836-439b-84c4-75233c3da079|rpc:10.1.0.15:33521|dataStream:10.1.0.15:41237|priority:0|startupRole:FOLLOWER] with ContainerStateMachine:uninitialized
2023-01-26 20:31:52,047 [pool-496-thread-1] INFO  server.RaftServerConfigKeys (ConfUtils.java:logGet(46)) - raft.server.rpc.timeout.min = 5s (custom)
2023-01-26 20:31:52,047 [pool-496-thread-1] INFO  server.RaftServerConfigKeys (ConfUtils.java:logGet(46)) - raft.server.rpc.timeout.max = 5200ms (custom)
2023-01-26 20:31:52,047 [pool-496-thread-1] INFO  server.RaftServerConfigKeys (ConfUtils.java:logGet(46)) - raft.server.rpc.sleep.time = 25ms (default)
2023-01-26 20:31:52,047 [pool-496-thread-1] INFO  server.RaftServerConfigKeys (ConfUtils.java:logGet(46)) - raft.server.rpc.slowness.timeout = 300s (custom)
2023-01-26 20:31:52,047 [pool-496-thread-1] INFO  server.RaftServerConfigKeys (ConfUtils.java:logGet(46)) - raft.server.leaderelection.leader.step-down.wait-time = 10s (default)
2023-01-26 20:31:52,047 [pool-496-thread-1] INFO  server.RaftServerConfigKeys (ConfUtils.java:logGet(46)) - raft.server.sleep.deviation.threshold = 300ms (default)
2023-01-26 20:31:52,047 [pool-496-thread-1] INFO  server.RaftServer$Division (ServerState.java:<init>(118)) - 8116f3ad-43fd-49d6-b38b-c9c4aa8410ec@group-FD67D19C9032: ConfigurationManager, init=-1: peers:[8116f3ad-43fd-49d6-b38b-c9c4aa8410ec|rpc:10.1.0.15:43645|dataStream:10.1.0.15:43077|priority:1|startupRole:FOLLOWER, a7887d3a-ac12-44f2-81f3-1f33b720a94f|rpc:10.1.0.15:36865|dataStream:10.1.0.15:32943|priority:0|startupRole:FOLLOWER, 40d8d262-8836-439b-84c4-75233c3da079|rpc:10.1.0.15:33521|dataStream:10.1.0.15:41237|priority:0|startupRole:FOLLOWER]|listeners:[], old=null, confs=<EMPTY_MAP>
2023-01-26 20:31:52,047 [pool-496-thread-1] INFO  server.RaftServerConfigKeys (ConfUtils.java:logGet(46)) - raft.server.storage.dir = [/home/runner/work/ozone/ozone/hadoop-ozone/integration-test/target/test-dir/MiniOzoneClusterImpl-885fda24-0582-4ee7-b43d-362ebd6c8d83/datanode-1/data/ratis] (custom)
2023-01-26 20:31:52,047 [pool-496-thread-1] INFO  server.RaftServerConfigKeys (ConfUtils.java:logGet(46)) - raft.server.log.corruption.policy = EXCEPTION (default)
2023-01-26 20:31:52,048 [pool-496-thread-1] INFO  server.RaftServerConfigKeys (ConfUtils.java:logGet(46)) - raft.server.storage.free-space.min = 0MB (=0) (default)
2023-01-26 20:31:52,048 [pool-496-thread-1] INFO  server.RaftServerConfigKeys (ConfUtils.java:logGet(46)) - raft.server.notification.no-leader.timeout = 300s (custom)
2023-01-26 20:31:52,048 [pool-496-thread-1] INFO  server.RaftServerConfigKeys (ConfUtils.java:logGet(46)) - raft.server.retrycache.expirytime = 600000ms (custom)
2023-01-26 20:31:52,048 [pool-496-thread-1] INFO  server.RaftServerConfigKeys (ConfUtils.java:logGet(46)) - raft.server.retrycache.statistics.expirytime = 100μs (default)
2023-01-26 20:31:52,048 [pool-496-thread-1] INFO  server.RaftServerConfigKeys (ConfUtils.java:logGet(46)) - raft.server.log.appender.install.snapshot.enabled = false (custom)
2023-01-26 20:31:52,048 [pool-496-thread-1] INFO  server.RaftServerConfigKeys (ConfUtils.java:logGet(46)) - raft.server.threadpool.server.cached = true (default)
2023-01-26 20:31:52,048 [pool-496-thread-1] INFO  server.RaftServerConfigKeys (ConfUtils.java:logGet(46)) - raft.server.threadpool.server.size = 0 (default)
2023-01-26 20:31:52,048 [pool-496-thread-1] INFO  server.RaftServerConfigKeys (ConfUtils.java:logGet(46)) - raft.server.threadpool.client.cached = true (default)
2023-01-26 20:31:52,048 [pool-496-thread-1] INFO  server.RaftServerConfigKeys (ConfUtils.java:logGet(46)) - raft.server.threadpool.client.size = 0 (default)
2023-01-26 20:31:52,049 [pool-496-thread-1] INFO  storage.RaftStorageDirectory (RaftStorageDirectoryImpl.java:analyzeStorage(137)) - The storage directory /home/runner/work/ozone/ozone/hadoop-ozone/integration-test/target/test-dir/MiniOzoneClusterImpl-885fda24-0582-4ee7-b43d-362ebd6c8d83/datanode-1/data/ratis/d03096c2-cd98-4c1e-8990-fd67d19c9032 does not exist. Creating ...
2023-01-26 20:31:52,051 [pool-496-thread-1] INFO  storage.RaftStorageDirectory (RaftStorageDirectoryImpl.java:tryLock(231)) - Lock on /home/runner/work/ozone/ozone/hadoop-ozone/integration-test/target/test-dir/MiniOzoneClusterImpl-885fda24-0582-4ee7-b43d-362ebd6c8d83/datanode-1/data/ratis/d03096c2-cd98-4c1e-8990-fd67d19c9032/in_use.lock acquired by nodename 10488@fv-az462-54
2023-01-26 20:31:52,052 [pool-496-thread-1] INFO  storage.RaftStorage (RaftStorageImpl.java:format(96)) - Storage directory /home/runner/work/ozone/ozone/hadoop-ozone/integration-test/target/test-dir/MiniOzoneClusterImpl-885fda24-0582-4ee7-b43d-362ebd6c8d83/datanode-1/data/ratis/d03096c2-cd98-4c1e-8990-fd67d19c9032 has been successfully formatted.
2023-01-26 20:31:52,052 [pool-496-thread-1] INFO  ratis.ContainerStateMachine (ContainerStateMachine.java:loadSnapshot(240)) - group-FD67D19C9032: The snapshot info is null. Setting the last applied indexto:(t:0, i:~)
2023-01-26 20:31:52,053 [pool-496-thread-1] INFO  server.RaftServerConfigKeys (ConfUtils.java:logGet(46)) - raft.server.log.use.memory = false (default)
2023-01-26 20:31:52,053 [pool-496-thread-1] INFO  server.RaftServerConfigKeys (ConfUtils.java:logGet(46)) - raft.server.log.purge.gap = 1000000 (custom)
2023-01-26 20:31:52,053 [pool-496-thread-1] INFO  server.RaftServerConfigKeys (ConfUtils.java:logGet(46)) - raft.server.log.appender.buffer.byte-limit = 33554432 (custom)
2023-01-26 20:31:52,053 [pool-496-thread-1] INFO  server.RaftServerConfigKeys (ConfUtils.java:logGet(46)) - raft.server.log.statemachine.data.read.timeout = 1000ms (default)
2023-01-26 20:31:52,053 [pool-496-thread-1] INFO  server.RaftServerConfigKeys (ConfUtils.java:logGet(46)) - raft.server.log.purge.preservation.log.num = 0 (default)
2023-01-26 20:31:52,053 [pool-496-thread-1] INFO  server.RaftServerConfigKeys (ConfUtils.java:logGet(46)) - raft.server.log.segment.size.max = 1048576 (custom)
2023-01-26 20:31:52,053 [pool-496-thread-1] INFO  server.RaftServerConfigKeys (ConfUtils.java:logGet(46)) - raft.server.log.segment.cache.num.max = 2 (custom)
2023-01-26 20:31:52,053 [pool-496-thread-1] INFO  server.RaftServerConfigKeys (ConfUtils.java:logGet(46)) - raft.server.log.segment.cache.size.max = 200MB (=209715200) (default)
2023-01-26 20:31:52,053 [pool-496-thread-1] INFO  segmented.SegmentedRaftLogWorker (SegmentedRaftLogWorker.java:<init>(189)) - new 8116f3ad-43fd-49d6-b38b-c9c4aa8410ec@group-FD67D19C9032-SegmentedRaftLogWorker for RaftStorageImpl:Storage Directory /home/runner/work/ozone/ozone/hadoop-ozone/integration-test/target/test-dir/MiniOzoneClusterImpl-885fda24-0582-4ee7-b43d-362ebd6c8d83/datanode-1/data/ratis/d03096c2-cd98-4c1e-8990-fd67d19c9032
2023-01-26 20:31:52,054 [pool-496-thread-1] INFO  server.RaftServerConfigKeys (ConfUtils.java:logGet(46)) - raft.server.log.queue.byte-limit = 4294967296 (custom)
2023-01-26 20:31:52,054 [pool-496-thread-1] INFO  server.RaftServerConfigKeys (ConfUtils.java:logGet(46)) - raft.server.log.queue.element-limit = 1024 (custom)
2023-01-26 20:31:52,054 [pool-496-thread-1] INFO  server.RaftServerConfigKeys (ConfUtils.java:logGet(46)) - raft.server.log.segment.size.max = 1048576 (custom)
2023-01-26 20:31:52,054 [pool-496-thread-1] INFO  server.RaftServerConfigKeys (ConfUtils.java:logGet(46)) - raft.server.log.preallocated.size = 16384 (custom)
2023-01-26 20:31:52,054 [pool-496-thread-1] INFO  server.RaftServerConfigKeys (ConfUtils.java:logGet(46)) - raft.server.log.force.sync.num = 128 (default)
2023-01-26 20:31:52,054 [pool-496-thread-1] INFO  server.RaftServerConfigKeys (ConfUtils.java:logGet(46)) - raft.server.log.statemachine.data.sync = true (default)
2023-01-26 20:31:52,054 [pool-496-thread-1] INFO  server.RaftServerConfigKeys (ConfUtils.java:logGet(46)) - raft.server.log.statemachine.data.sync.timeout = 10s (default)
2023-01-26 20:31:52,054 [pool-496-thread-1] INFO  server.RaftServerConfigKeys (ConfUtils.java:logGet(46)) - raft.server.log.statemachine.data.sync.timeout.retry = -1 (default)
2023-01-26 20:31:52,054 [pool-496-thread-1] INFO  server.RaftServerConfigKeys (ConfUtils.java:logGet(46)) - raft.server.log.write.buffer.size = 1048576 (custom)
2023-01-26 20:31:52,055 [pool-496-thread-1] INFO  server.RaftServerConfigKeys (ConfUtils.java:logGet(46)) - raft.server.log.appender.buffer.byte-limit = 33554432 (custom)
2023-01-26 20:31:52,063 [pool-496-thread-1] INFO  server.RaftServerConfigKeys (ConfUtils.java:logGet(46)) - raft.server.log.unsafe-flush.enabled = false (default)
2023-01-26 20:31:52,063 [pool-496-thread-1] INFO  server.RaftServerConfigKeys (ConfUtils.java:logGet(46)) - raft.server.log.async-flush.enabled = false (default)
2023-01-26 20:31:52,063 [pool-496-thread-1] INFO  server.RaftServerConfigKeys (ConfUtils.java:logGet(46)) - raft.server.log.statemachine.data.caching.enabled = true (custom)
2023-01-26 20:31:52,063 [pool-496-thread-1] INFO  segmented.SegmentedRaftLogWorker (SegmentedRaftLogWorker.java:lambda$new$0(135)) - 8116f3ad-43fd-49d6-b38b-c9c4aa8410ec@group-FD67D19C9032-SegmentedRaftLogWorker: flushIndex: setUnconditionally 0 -> -1
2023-01-26 20:31:52,063 [pool-496-thread-1] INFO  segmented.SegmentedRaftLogWorker (SegmentedRaftLogWorker.java:lambda$new$0(135)) - 8116f3ad-43fd-49d6-b38b-c9c4aa8410ec@group-FD67D19C9032-SegmentedRaftLogWorker: safeCacheEvictIndex: setUnconditionally 0 -> -1
2023-01-26 20:31:52,063 [pool-496-thread-1] INFO  server.RaftServer$Division (RaftServerImpl.java:start(334)) - 8116f3ad-43fd-49d6-b38b-c9c4aa8410ec@group-FD67D19C9032: start as a follower, conf=-1: peers:[8116f3ad-43fd-49d6-b38b-c9c4aa8410ec|rpc:10.1.0.15:43645|dataStream:10.1.0.15:43077|priority:1|startupRole:FOLLOWER, a7887d3a-ac12-44f2-81f3-1f33b720a94f|rpc:10.1.0.15:36865|dataStream:10.1.0.15:32943|priority:0|startupRole:FOLLOWER, 40d8d262-8836-439b-84c4-75233c3da079|rpc:10.1.0.15:33521|dataStream:10.1.0.15:41237|priority:0|startupRole:FOLLOWER]|listeners:[], old=null
2023-01-26 20:31:52,063 [pool-496-thread-1] INFO  server.RaftServer$Division (RaftServerImpl.java:setRole(321)) - 8116f3ad-43fd-49d6-b38b-c9c4aa8410ec@group-FD67D19C9032: changes role from      null to FOLLOWER at term 0 for startAsFollower
2023-01-26 20:31:52,063 [pool-496-thread-1] INFO  impl.RoleInfo (RoleInfo.java:updateAndGet(139)) - 8116f3ad-43fd-49d6-b38b-c9c4aa8410ec: start 8116f3ad-43fd-49d6-b38b-c9c4aa8410ec@group-FD67D19C9032-FollowerState
2023-01-26 20:31:52,064 [pool-496-thread-1] INFO  util.JmxRegister (JmxRegister.java:tryRegister(44)) - Successfully registered JMX Bean with object name Ratis:service=RaftServer,group=group-FD67D19C9032,id=8116f3ad-43fd-49d6-b38b-c9c4aa8410ec
2023-01-26 20:31:52,064 [8116f3ad-43fd-49d6-b38b-c9c4aa8410ec@group-FD67D19C9032-FollowerState] INFO  server.RaftServerConfigKeys (ConfUtils.java:logFallback(53)) - raft.server.rpc.first-election.timeout.min = 5s (fallback to raft.server.rpc.timeout.min)
2023-01-26 20:31:52,066 [8116f3ad-43fd-49d6-b38b-c9c4aa8410ec@group-FD67D19C9032-FollowerState] INFO  server.RaftServerConfigKeys (ConfUtils.java:logFallback(53)) - raft.server.rpc.first-election.timeout.max = 5200ms (fallback to raft.server.rpc.timeout.max)
2023-01-26 20:31:52,064 [pool-496-thread-1] INFO  server.RaftServerConfigKeys (ConfUtils.java:logGet(46)) - raft.server.snapshot.auto.trigger.enabled = true (custom)
2023-01-26 20:31:52,066 [pool-496-thread-1] INFO  server.RaftServerConfigKeys (ConfUtils.java:logGet(46)) - raft.server.snapshot.auto.trigger.threshold = 10000 (custom)
2023-01-26 20:31:52,066 [pool-496-thread-1] INFO  server.RaftServerConfigKeys (ConfUtils.java:logGet(46)) - raft.server.snapshot.retention.file.num = 5 (custom)
2023-01-26 20:31:52,066 [pool-496-thread-1] INFO  server.RaftServerConfigKeys (ConfUtils.java:logGet(46)) - raft.server.log.purge.upto.snapshot.index = false (default)
2023-01-26 20:31:52,079 [grpc-default-executor-3] INFO  server.RaftServer (RaftServerProxy.java:addNew(96)) - 40d8d262-8836-439b-84c4-75233c3da079: addNew group-FD67D19C9032:[8116f3ad-43fd-49d6-b38b-c9c4aa8410ec|rpc:10.1.0.15:43645|dataStream:10.1.0.15:43077|priority:1|startupRole:FOLLOWER, a7887d3a-ac12-44f2-81f3-1f33b720a94f|rpc:10.1.0.15:36865|dataStream:10.1.0.15:32943|priority:0|startupRole:FOLLOWER, 40d8d262-8836-439b-84c4-75233c3da079|rpc:10.1.0.15:33521|dataStream:10.1.0.15:41237|priority:0|startupRole:FOLLOWER] returns group-FD67D19C9032:java.util.concurrent.CompletableFuture@39fdd997[Not completed]
2023-01-26 20:31:52,080 [pool-518-thread-1] INFO  server.RaftServer$Division (RaftServerImpl.java:<init>(195)) - 40d8d262-8836-439b-84c4-75233c3da079: new RaftServerImpl for group-FD67D19C9032:[8116f3ad-43fd-49d6-b38b-c9c4aa8410ec|rpc:10.1.0.15:43645|dataStream:10.1.0.15:43077|priority:1|startupRole:FOLLOWER, a7887d3a-ac12-44f2-81f3-1f33b720a94f|rpc:10.1.0.15:36865|dataStream:10.1.0.15:32943|priority:0|startupRole:FOLLOWER, 40d8d262-8836-439b-84c4-75233c3da079|rpc:10.1.0.15:33521|dataStream:10.1.0.15:41237|priority:0|startupRole:FOLLOWER] with ContainerStateMachine:uninitialized
2023-01-26 20:31:52,080 [pool-518-thread-1] INFO  server.RaftServerConfigKeys (ConfUtils.java:logGet(46)) - raft.server.rpc.timeout.min = 5s (custom)
2023-01-26 20:31:52,080 [pool-518-thread-1] INFO  server.RaftServerConfigKeys (ConfUtils.java:logGet(46)) - raft.server.rpc.timeout.max = 5200ms (custom)
2023-01-26 20:31:52,080 [pool-518-thread-1] INFO  server.RaftServerConfigKeys (ConfUtils.java:logGet(46)) - raft.server.rpc.sleep.time = 25ms (default)
2023-01-26 20:31:52,080 [pool-518-thread-1] INFO  server.RaftServerConfigKeys (ConfUtils.java:logGet(46)) - raft.server.rpc.slowness.timeout = 300s (custom)
2023-01-26 20:31:52,080 [pool-518-thread-1] INFO  server.RaftServerConfigKeys (ConfUtils.java:logGet(46)) - raft.server.leaderelection.leader.step-down.wait-time = 10s (default)
2023-01-26 20:31:52,080 [pool-518-thread-1] INFO  server.RaftServerConfigKeys (ConfUtils.java:logGet(46)) - raft.server.sleep.deviation.threshold = 300ms (default)
2023-01-26 20:31:52,080 [pool-518-thread-1] INFO  server.RaftServer$Division (ServerState.java:<init>(118)) - 40d8d262-8836-439b-84c4-75233c3da079@group-FD67D19C9032: ConfigurationManager, init=-1: peers:[8116f3ad-43fd-49d6-b38b-c9c4aa8410ec|rpc:10.1.0.15:43645|dataStream:10.1.0.15:43077|priority:1|startupRole:FOLLOWER, a7887d3a-ac12-44f2-81f3-1f33b720a94f|rpc:10.1.0.15:36865|dataStream:10.1.0.15:32943|priority:0|startupRole:FOLLOWER, 40d8d262-8836-439b-84c4-75233c3da079|rpc:10.1.0.15:33521|dataStream:10.1.0.15:41237|priority:0|startupRole:FOLLOWER]|listeners:[], old=null, confs=<EMPTY_MAP>
2023-01-26 20:31:52,080 [pool-518-thread-1] INFO  server.RaftServerConfigKeys (ConfUtils.java:logGet(46)) - raft.server.storage.dir = [/home/runner/work/ozone/ozone/hadoop-ozone/integration-test/target/test-dir/MiniOzoneClusterImpl-885fda24-0582-4ee7-b43d-362ebd6c8d83/datanode-2/data/ratis] (custom)
2023-01-26 20:31:52,080 [pool-518-thread-1] INFO  server.RaftServerConfigKeys (ConfUtils.java:logGet(46)) - raft.server.log.corruption.policy = EXCEPTION (default)
2023-01-26 20:31:52,080 [pool-518-thread-1] INFO  server.RaftServerConfigKeys (ConfUtils.java:logGet(46)) - raft.server.storage.free-space.min = 0MB (=0) (default)
2023-01-26 20:31:52,080 [pool-518-thread-1] INFO  server.RaftServerConfigKeys (ConfUtils.java:logGet(46)) - raft.server.notification.no-leader.timeout = 300s (custom)
2023-01-26 20:31:52,080 [pool-518-thread-1] INFO  server.RaftServerConfigKeys (ConfUtils.java:logGet(46)) - raft.server.retrycache.expirytime = 600000ms (custom)
2023-01-26 20:31:52,080 [pool-518-thread-1] INFO  server.RaftServerConfigKeys (ConfUtils.java:logGet(46)) - raft.server.retrycache.statistics.expirytime = 100μs (default)
2023-01-26 20:31:52,081 [pool-518-thread-1] INFO  server.RaftServerConfigKeys (ConfUtils.java:logGet(46)) - raft.server.log.appender.install.snapshot.enabled = false (custom)
2023-01-26 20:31:52,081 [pool-518-thread-1] INFO  server.RaftServerConfigKeys (ConfUtils.java:logGet(46)) - raft.server.threadpool.server.cached = true (default)
2023-01-26 20:31:52,081 [pool-518-thread-1] INFO  server.RaftServerConfigKeys (ConfUtils.java:logGet(46)) - raft.server.threadpool.server.size = 0 (default)
2023-01-26 20:31:52,081 [pool-518-thread-1] INFO  server.RaftServerConfigKeys (ConfUtils.java:logGet(46)) - raft.server.threadpool.client.cached = true (default)
2023-01-26 20:31:52,081 [pool-518-thread-1] INFO  server.RaftServerConfigKeys (ConfUtils.java:logGet(46)) - raft.server.threadpool.client.size = 0 (default)
2023-01-26 20:31:52,081 [pool-518-thread-1] INFO  storage.RaftStorageDirectory (RaftStorageDirectoryImpl.java:analyzeStorage(137)) - The storage directory /home/runner/work/ozone/ozone/hadoop-ozone/integration-test/target/test-dir/MiniOzoneClusterImpl-885fda24-0582-4ee7-b43d-362ebd6c8d83/datanode-2/data/ratis/d03096c2-cd98-4c1e-8990-fd67d19c9032 does not exist. Creating ...
2023-01-26 20:31:52,086 [pool-518-thread-1] INFO  storage.RaftStorageDirectory (RaftStorageDirectoryImpl.java:tryLock(231)) - Lock on /home/runner/work/ozone/ozone/hadoop-ozone/integration-test/target/test-dir/MiniOzoneClusterImpl-885fda24-0582-4ee7-b43d-362ebd6c8d83/datanode-2/data/ratis/d03096c2-cd98-4c1e-8990-fd67d19c9032/in_use.lock acquired by nodename 10488@fv-az462-54
2023-01-26 20:31:52,087 [pool-518-thread-1] INFO  storage.RaftStorage (RaftStorageImpl.java:format(96)) - Storage directory /home/runner/work/ozone/ozone/hadoop-ozone/integration-test/target/test-dir/MiniOzoneClusterImpl-885fda24-0582-4ee7-b43d-362ebd6c8d83/datanode-2/data/ratis/d03096c2-cd98-4c1e-8990-fd67d19c9032 has been successfully formatted.
2023-01-26 20:31:52,087 [pool-518-thread-1] INFO  ratis.ContainerStateMachine (ContainerStateMachine.java:loadSnapshot(240)) - group-FD67D19C9032: The snapshot info is null. Setting the last applied indexto:(t:0, i:~)
2023-01-26 20:31:52,087 [pool-518-thread-1] INFO  server.RaftServerConfigKeys (ConfUtils.java:logGet(46)) - raft.server.log.use.memory = false (default)
2023-01-26 20:31:52,088 [pool-518-thread-1] INFO  server.RaftServerConfigKeys (ConfUtils.java:logGet(46)) - raft.server.log.purge.gap = 1000000 (custom)
2023-01-26 20:31:52,088 [pool-518-thread-1] INFO  server.RaftServerConfigKeys (ConfUtils.java:logGet(46)) - raft.server.log.appender.buffer.byte-limit = 33554432 (custom)
2023-01-26 20:31:52,088 [pool-518-thread-1] INFO  server.RaftServerConfigKeys (ConfUtils.java:logGet(46)) - raft.server.log.statemachine.data.read.timeout = 1000ms (default)
2023-01-26 20:31:52,088 [pool-518-thread-1] INFO  server.RaftServerConfigKeys (ConfUtils.java:logGet(46)) - raft.server.log.purge.preservation.log.num = 0 (default)
2023-01-26 20:31:52,089 [pool-518-thread-1] INFO  server.RaftServerConfigKeys (ConfUtils.java:logGet(46)) - raft.server.log.segment.size.max = 1048576 (custom)
2023-01-26 20:31:52,089 [pool-518-thread-1] INFO  server.RaftServerConfigKeys (ConfUtils.java:logGet(46)) - raft.server.log.segment.cache.num.max = 2 (custom)
2023-01-26 20:31:52,089 [pool-518-thread-1] INFO  server.RaftServerConfigKeys (ConfUtils.java:logGet(46)) - raft.server.log.segment.cache.size.max = 200MB (=209715200) (default)
2023-01-26 20:31:52,089 [pool-518-thread-1] INFO  segmented.SegmentedRaftLogWorker (SegmentedRaftLogWorker.java:<init>(189)) - new 40d8d262-8836-439b-84c4-75233c3da079@group-FD67D19C9032-SegmentedRaftLogWorker for RaftStorageImpl:Storage Directory /home/runner/work/ozone/ozone/hadoop-ozone/integration-test/target/test-dir/MiniOzoneClusterImpl-885fda24-0582-4ee7-b43d-362ebd6c8d83/datanode-2/data/ratis/d03096c2-cd98-4c1e-8990-fd67d19c9032
2023-01-26 20:31:52,089 [pool-518-thread-1] INFO  server.RaftServerConfigKeys (ConfUtils.java:logGet(46)) - raft.server.log.queue.byte-limit = 4294967296 (custom)
2023-01-26 20:31:52,089 [pool-518-thread-1] INFO  server.RaftServerConfigKeys (ConfUtils.java:logGet(46)) - raft.server.log.queue.element-limit = 1024 (custom)
2023-01-26 20:31:52,089 [pool-518-thread-1] INFO  server.RaftServerConfigKeys (ConfUtils.java:logGet(46)) - raft.server.log.segment.size.max = 1048576 (custom)
2023-01-26 20:31:52,089 [pool-518-thread-1] INFO  server.RaftServerConfigKeys (ConfUtils.java:logGet(46)) - raft.server.log.preallocated.size = 16384 (custom)
2023-01-26 20:31:52,089 [pool-518-thread-1] INFO  server.RaftServerConfigKeys (ConfUtils.java:logGet(46)) - raft.server.log.force.sync.num = 128 (default)
2023-01-26 20:31:52,089 [pool-518-thread-1] INFO  server.RaftServerConfigKeys (ConfUtils.java:logGet(46)) - raft.server.log.statemachine.data.sync = true (default)
2023-01-26 20:31:52,089 [pool-518-thread-1] INFO  server.RaftServerConfigKeys (ConfUtils.java:logGet(46)) - raft.server.log.statemachine.data.sync.timeout = 10s (default)
2023-01-26 20:31:52,089 [pool-518-thread-1] INFO  server.RaftServerConfigKeys (ConfUtils.java:logGet(46)) - raft.server.log.statemachine.data.sync.timeout.retry = -1 (default)
2023-01-26 20:31:52,090 [pool-518-thread-1] INFO  server.RaftServerConfigKeys (ConfUtils.java:logGet(46)) - raft.server.log.write.buffer.size = 1048576 (custom)
2023-01-26 20:31:52,090 [pool-518-thread-1] INFO  server.RaftServerConfigKeys (ConfUtils.java:logGet(46)) - raft.server.log.appender.buffer.byte-limit = 33554432 (custom)
2023-01-26 20:31:52,095 [pool-518-thread-1] INFO  server.RaftServerConfigKeys (ConfUtils.java:logGet(46)) - raft.server.log.unsafe-flush.enabled = false (default)
2023-01-26 20:31:52,095 [pool-518-thread-1] INFO  server.RaftServerConfigKeys (ConfUtils.java:logGet(46)) - raft.server.log.async-flush.enabled = false (default)
2023-01-26 20:31:52,095 [pool-518-thread-1] INFO  server.RaftServerConfigKeys (ConfUtils.java:logGet(46)) - raft.server.log.statemachine.data.caching.enabled = true (custom)
2023-01-26 20:31:52,096 [pool-518-thread-1] INFO  segmented.SegmentedRaftLogWorker (SegmentedRaftLogWorker.java:lambda$new$0(135)) - 40d8d262-8836-439b-84c4-75233c3da079@group-FD67D19C9032-SegmentedRaftLogWorker: flushIndex: setUnconditionally 0 -> -1
2023-01-26 20:31:52,096 [pool-518-thread-1] INFO  segmented.SegmentedRaftLogWorker (SegmentedRaftLogWorker.java:lambda$new$0(135)) - 40d8d262-8836-439b-84c4-75233c3da079@group-FD67D19C9032-SegmentedRaftLogWorker: safeCacheEvictIndex: setUnconditionally 0 -> -1
2023-01-26 20:31:52,096 [pool-518-thread-1] INFO  server.RaftServer$Division (RaftServerImpl.java:start(334)) - 40d8d262-8836-439b-84c4-75233c3da079@group-FD67D19C9032: start as a follower, conf=-1: peers:[8116f3ad-43fd-49d6-b38b-c9c4aa8410ec|rpc:10.1.0.15:43645|dataStream:10.1.0.15:43077|priority:1|startupRole:FOLLOWER, a7887d3a-ac12-44f2-81f3-1f33b720a94f|rpc:10.1.0.15:36865|dataStream:10.1.0.15:32943|priority:0|startupRole:FOLLOWER, 40d8d262-8836-439b-84c4-75233c3da079|rpc:10.1.0.15:33521|dataStream:10.1.0.15:41237|priority:0|startupRole:FOLLOWER]|listeners:[], old=null
2023-01-26 20:31:52,096 [pool-518-thread-1] INFO  server.RaftServer$Division (RaftServerImpl.java:setRole(321)) - 40d8d262-8836-439b-84c4-75233c3da079@group-FD67D19C9032: changes role from      null to FOLLOWER at term 0 for startAsFollower
2023-01-26 20:31:52,096 [pool-518-thread-1] INFO  impl.RoleInfo (RoleInfo.java:updateAndGet(139)) - 40d8d262-8836-439b-84c4-75233c3da079: start 40d8d262-8836-439b-84c4-75233c3da079@group-FD67D19C9032-FollowerState
2023-01-26 20:31:52,096 [40d8d262-8836-439b-84c4-75233c3da079@group-FD67D19C9032-FollowerState] INFO  server.RaftServerConfigKeys (ConfUtils.java:logFallback(53)) - raft.server.rpc.first-election.timeout.min = 5s (fallback to raft.server.rpc.timeout.min)
2023-01-26 20:31:52,096 [pool-518-thread-1] INFO  util.JmxRegister (JmxRegister.java:tryRegister(44)) - Successfully registered JMX Bean with object name Ratis:service=RaftServer,group=group-FD67D19C9032,id=40d8d262-8836-439b-84c4-75233c3da079
2023-01-26 20:31:52,096 [40d8d262-8836-439b-84c4-75233c3da079@group-FD67D19C9032-FollowerState] INFO  server.RaftServerConfigKeys (ConfUtils.java:logFallback(53)) - raft.server.rpc.first-election.timeout.max = 5200ms (fallback to raft.server.rpc.timeout.max)
2023-01-26 20:31:52,096 [pool-518-thread-1] INFO  server.RaftServerConfigKeys (ConfUtils.java:logGet(46)) - raft.server.snapshot.auto.trigger.enabled = true (custom)
2023-01-26 20:31:52,096 [pool-518-thread-1] INFO  server.RaftServerConfigKeys (ConfUtils.java:logGet(46)) - raft.server.snapshot.auto.trigger.threshold = 10000 (custom)
2023-01-26 20:31:52,096 [pool-518-thread-1] INFO  server.RaftServerConfigKeys (ConfUtils.java:logGet(46)) - raft.server.snapshot.retention.file.num = 5 (custom)
2023-01-26 20:31:52,096 [pool-518-thread-1] INFO  server.RaftServerConfigKeys (ConfUtils.java:logGet(46)) - raft.server.log.purge.upto.snapshot.index = false (default)
2023-01-26 20:31:52,105 [Command processor thread] INFO  commandhandler.CreatePipelineCommandHandler (CreatePipelineCommandHandler.java:handle(113)) - Created Pipeline RATIS THREE PipelineID=d03096c2-cd98-4c1e-8990-fd67d19c9032.
2023-01-26 20:31:52,140 [Listener at 127.0.0.1/38041] INFO  ozone.MiniOzoneClusterImpl (MiniOzoneClusterImpl.java:lambda$waitForClusterToBeReady$0(218)) - Nodes are ready. Got 5 of 5 DN Heartbeats.
2023-01-26 20:31:52,140 [Listener at 127.0.0.1/38041] INFO  ozone.MiniOzoneClusterImpl (MiniOzoneClusterImpl.java:lambda$waitForClusterToBeReady$0(221)) - Waiting for cluster to exit safe mode
2023-01-26 20:31:52,140 [Listener at 127.0.0.1/38041] INFO  ozone.MiniOzoneClusterImpl (MiniOzoneClusterImpl.java:lambda$waitForClusterToBeReady$0(223)) - SCM became leader
2023-01-26 20:31:52,215 [Command processor thread] INFO  server.RaftServer (RaftServerProxy.java:addNew(96)) - 8116f3ad-43fd-49d6-b38b-c9c4aa8410ec: addNew group-3FC70AA94473:[8116f3ad-43fd-49d6-b38b-c9c4aa8410ec|rpc:10.1.0.15:43645|dataStream:10.1.0.15:43077|priority:1|startupRole:FOLLOWER] returns group-3FC70AA94473:java.util.concurrent.CompletableFuture@5d1e7c55[Not completed]
2023-01-26 20:31:52,216 [pool-496-thread-1] INFO  server.RaftServer$Division (RaftServerImpl.java:<init>(195)) - 8116f3ad-43fd-49d6-b38b-c9c4aa8410ec: new RaftServerImpl for group-3FC70AA94473:[8116f3ad-43fd-49d6-b38b-c9c4aa8410ec|rpc:10.1.0.15:43645|dataStream:10.1.0.15:43077|priority:1|startupRole:FOLLOWER] with ContainerStateMachine:uninitialized
2023-01-26 20:31:52,216 [pool-496-thread-1] INFO  server.RaftServerConfigKeys (ConfUtils.java:logGet(46)) - raft.server.rpc.timeout.min = 5s (custom)
2023-01-26 20:31:52,216 [pool-496-thread-1] INFO  server.RaftServerConfigKeys (ConfUtils.java:logGet(46)) - raft.server.rpc.timeout.max = 5200ms (custom)
2023-01-26 20:31:52,216 [pool-496-thread-1] INFO  server.RaftServerConfigKeys (ConfUtils.java:logGet(46)) - raft.server.rpc.sleep.time = 25ms (default)
2023-01-26 20:31:52,217 [pool-496-thread-1] INFO  server.RaftServerConfigKeys (ConfUtils.java:logGet(46)) - raft.server.rpc.slowness.timeout = 300s (custom)
2023-01-26 20:31:52,217 [pool-496-thread-1] INFO  server.RaftServerConfigKeys (ConfUtils.java:logGet(46)) - raft.server.leaderelection.leader.step-down.wait-time = 10s (default)
2023-01-26 20:31:52,217 [pool-496-thread-1] INFO  server.RaftServerConfigKeys (ConfUtils.java:logGet(46)) - raft.server.sleep.deviation.threshold = 300ms (default)
2023-01-26 20:31:52,217 [pool-496-thread-1] INFO  server.RaftServer$Division (ServerState.java:<init>(118)) - 8116f3ad-43fd-49d6-b38b-c9c4aa8410ec@group-3FC70AA94473: ConfigurationManager, init=-1: peers:[8116f3ad-43fd-49d6-b38b-c9c4aa8410ec|rpc:10.1.0.15:43645|dataStream:10.1.0.15:43077|priority:1|startupRole:FOLLOWER]|listeners:[], old=null, confs=<EMPTY_MAP>
2023-01-26 20:31:52,217 [pool-496-thread-1] INFO  server.RaftServerConfigKeys (ConfUtils.java:logGet(46)) - raft.server.storage.dir = [/home/runner/work/ozone/ozone/hadoop-ozone/integration-test/target/test-dir/MiniOzoneClusterImpl-885fda24-0582-4ee7-b43d-362ebd6c8d83/datanode-1/data/ratis] (custom)
2023-01-26 20:31:52,217 [pool-496-thread-1] INFO  server.RaftServerConfigKeys (ConfUtils.java:logGet(46)) - raft.server.log.corruption.policy = EXCEPTION (default)
2023-01-26 20:31:52,217 [pool-496-thread-1] INFO  server.RaftServerConfigKeys (ConfUtils.java:logGet(46)) - raft.server.storage.free-space.min = 0MB (=0) (default)
2023-01-26 20:31:52,217 [pool-496-thread-1] INFO  server.RaftServerConfigKeys (ConfUtils.java:logGet(46)) - raft.server.notification.no-leader.timeout = 300s (custom)
2023-01-26 20:31:52,217 [pool-496-thread-1] INFO  server.RaftServerConfigKeys (ConfUtils.java:logGet(46)) - raft.server.retrycache.expirytime = 600000ms (custom)
2023-01-26 20:31:52,217 [pool-496-thread-1] INFO  server.RaftServerConfigKeys (ConfUtils.java:logGet(46)) - raft.server.retrycache.statistics.expirytime = 100μs (default)
2023-01-26 20:31:52,218 [pool-496-thread-1] INFO  server.RaftServerConfigKeys (ConfUtils.java:logGet(46)) - raft.server.log.appender.install.snapshot.enabled = false (custom)
2023-01-26 20:31:52,218 [pool-496-thread-1] INFO  server.RaftServerConfigKeys (ConfUtils.java:logGet(46)) - raft.server.threadpool.server.cached = true (default)
2023-01-26 20:31:52,218 [pool-496-thread-1] INFO  server.RaftServerConfigKeys (ConfUtils.java:logGet(46)) - raft.server.threadpool.server.size = 0 (default)
2023-01-26 20:31:52,218 [pool-496-thread-1] INFO  server.RaftServerConfigKeys (ConfUtils.java:logGet(46)) - raft.server.threadpool.client.cached = true (default)
2023-01-26 20:31:52,218 [pool-496-thread-1] INFO  server.RaftServerConfigKeys (ConfUtils.java:logGet(46)) - raft.server.threadpool.client.size = 0 (default)
2023-01-26 20:31:52,218 [pool-496-thread-1] INFO  storage.RaftStorageDirectory (RaftStorageDirectoryImpl.java:analyzeStorage(137)) - The storage directory /home/runner/work/ozone/ozone/hadoop-ozone/integration-test/target/test-dir/MiniOzoneClusterImpl-885fda24-0582-4ee7-b43d-362ebd6c8d83/datanode-1/data/ratis/9b99cd88-78b3-40c2-ac15-3fc70aa94473 does not exist. Creating ...
2023-01-26 20:31:52,219 [pool-496-thread-1] INFO  storage.RaftStorageDirectory (RaftStorageDirectoryImpl.java:tryLock(231)) - Lock on /home/runner/work/ozone/ozone/hadoop-ozone/integration-test/target/test-dir/MiniOzoneClusterImpl-885fda24-0582-4ee7-b43d-362ebd6c8d83/datanode-1/data/ratis/9b99cd88-78b3-40c2-ac15-3fc70aa94473/in_use.lock acquired by nodename 10488@fv-az462-54
2023-01-26 20:31:52,220 [pool-496-thread-1] INFO  storage.RaftStorage (RaftStorageImpl.java:format(96)) - Storage directory /home/runner/work/ozone/ozone/hadoop-ozone/integration-test/target/test-dir/MiniOzoneClusterImpl-885fda24-0582-4ee7-b43d-362ebd6c8d83/datanode-1/data/ratis/9b99cd88-78b3-40c2-ac15-3fc70aa94473 has been successfully formatted.
2023-01-26 20:31:52,221 [pool-496-thread-1] INFO  ratis.ContainerStateMachine (ContainerStateMachine.java:loadSnapshot(240)) - group-3FC70AA94473: The snapshot info is null. Setting the last applied indexto:(t:0, i:~)
2023-01-26 20:31:52,221 [pool-496-thread-1] INFO  server.RaftServerConfigKeys (ConfUtils.java:logGet(46)) - raft.server.log.use.memory = false (default)
2023-01-26 20:31:52,221 [pool-496-thread-1] INFO  server.RaftServerConfigKeys (ConfUtils.java:logGet(46)) - raft.server.log.purge.gap = 1000000 (custom)
2023-01-26 20:31:52,222 [EventQueue-PipelineReportForPipelineReportHandler] INFO  pipeline.PipelineManagerImpl (PipelineManagerImpl.java:openPipeline(367)) - Pipeline Pipeline[ Id: 9b99cd88-78b3-40c2-ac15-3fc70aa94473, Nodes: 8116f3ad-43fd-49d6-b38b-c9c4aa8410ec(fv-az462-54.0zuljvm5d0yedf4jva4xayy4gc.gx.internal.cloudapp.net/10.1.0.15), ReplicationConfig: RATIS/ONE, State:ALLOCATED, leaderId:8116f3ad-43fd-49d6-b38b-c9c4aa8410ec, CreationTimestamp2023-01-26T20:31:49.220Z[Etc/UTC]] moved to OPEN state
2023-01-26 20:31:52,222 [EventQueue-OpenPipelineForHealthyPipelineSafeModeRule] INFO  safemode.SCMSafeModeManager (HealthyPipelineSafeModeRule.java:process(137)) - SCM in safe mode. Healthy pipelines reported count is 0, required healthy pipeline reported count is 1
2023-01-26 20:31:52,222 [pool-496-thread-1] INFO  server.RaftServerConfigKeys (ConfUtils.java:logGet(46)) - raft.server.log.appender.buffer.byte-limit = 33554432 (custom)
2023-01-26 20:31:52,222 [pool-496-thread-1] INFO  server.RaftServerConfigKeys (ConfUtils.java:logGet(46)) - raft.server.log.statemachine.data.read.timeout = 1000ms (default)
2023-01-26 20:31:52,222 [pool-496-thread-1] INFO  server.RaftServerConfigKeys (ConfUtils.java:logGet(46)) - raft.server.log.purge.preservation.log.num = 0 (default)
2023-01-26 20:31:52,223 [pool-496-thread-1] INFO  server.RaftServerConfigKeys (ConfUtils.java:logGet(46)) - raft.server.log.segment.size.max = 1048576 (custom)
2023-01-26 20:31:52,223 [pool-496-thread-1] INFO  server.RaftServerConfigKeys (ConfUtils.java:logGet(46)) - raft.server.log.segment.cache.num.max = 2 (custom)
2023-01-26 20:31:52,223 [pool-496-thread-1] INFO  server.RaftServerConfigKeys (ConfUtils.java:logGet(46)) - raft.server.log.segment.cache.size.max = 200MB (=209715200) (default)
2023-01-26 20:31:52,223 [pool-496-thread-1] INFO  segmented.SegmentedRaftLogWorker (SegmentedRaftLogWorker.java:<init>(189)) - new 8116f3ad-43fd-49d6-b38b-c9c4aa8410ec@group-3FC70AA94473-SegmentedRaftLogWorker for RaftStorageImpl:Storage Directory /home/runner/work/ozone/ozone/hadoop-ozone/integration-test/target/test-dir/MiniOzoneClusterImpl-885fda24-0582-4ee7-b43d-362ebd6c8d83/datanode-1/data/ratis/9b99cd88-78b3-40c2-ac15-3fc70aa94473
2023-01-26 20:31:52,223 [pool-496-thread-1] INFO  server.RaftServerConfigKeys (ConfUtils.java:logGet(46)) - raft.server.log.queue.byte-limit = 4294967296 (custom)
2023-01-26 20:31:52,223 [pool-496-thread-1] INFO  server.RaftServerConfigKeys (ConfUtils.java:logGet(46)) - raft.server.log.queue.element-limit = 1024 (custom)
2023-01-26 20:31:52,223 [pool-496-thread-1] INFO  server.RaftServerConfigKeys (ConfUtils.java:logGet(46)) - raft.server.log.segment.size.max = 1048576 (custom)
2023-01-26 20:31:52,223 [pool-496-thread-1] INFO  server.RaftServerConfigKeys (ConfUtils.java:logGet(46)) - raft.server.log.preallocated.size = 16384 (custom)
2023-01-26 20:31:52,223 [pool-496-thread-1] INFO  server.RaftServerConfigKeys (ConfUtils.java:logGet(46)) - raft.server.log.force.sync.num = 128 (default)
2023-01-26 20:31:52,223 [pool-496-thread-1] INFO  server.RaftServerConfigKeys (ConfUtils.java:logGet(46)) - raft.server.log.statemachine.data.sync = true (default)
2023-01-26 20:31:52,223 [pool-496-thread-1] INFO  server.RaftServerConfigKeys (ConfUtils.java:logGet(46)) - raft.server.log.statemachine.data.sync.timeout = 10s (default)
2023-01-26 20:31:52,223 [pool-496-thread-1] INFO  server.RaftServerConfigKeys (ConfUtils.java:logGet(46)) - raft.server.log.statemachine.data.sync.timeout.retry = -1 (default)
2023-01-26 20:31:52,224 [pool-496-thread-1] INFO  server.RaftServerConfigKeys (ConfUtils.java:logGet(46)) - raft.server.log.write.buffer.size = 1048576 (custom)
2023-01-26 20:31:52,224 [pool-496-thread-1] INFO  server.RaftServerConfigKeys (ConfUtils.java:logGet(46)) - raft.server.log.appender.buffer.byte-limit = 33554432 (custom)
2023-01-26 20:31:52,229 [pool-496-thread-1] INFO  server.RaftServerConfigKeys (ConfUtils.java:logGet(46)) - raft.server.log.unsafe-flush.enabled = false (default)
2023-01-26 20:31:52,229 [pool-496-thread-1] INFO  server.RaftServerConfigKeys (ConfUtils.java:logGet(46)) - raft.server.log.async-flush.enabled = false (default)
2023-01-26 20:31:52,229 [pool-496-thread-1] INFO  server.RaftServerConfigKeys (ConfUtils.java:logGet(46)) - raft.server.log.statemachine.data.caching.enabled = true (custom)
2023-01-26 20:31:52,229 [pool-496-thread-1] INFO  segmented.SegmentedRaftLogWorker (SegmentedRaftLogWorker.java:lambda$new$0(135)) - 8116f3ad-43fd-49d6-b38b-c9c4aa8410ec@group-3FC70AA94473-SegmentedRaftLogWorker: flushIndex: setUnconditionally 0 -> -1
2023-01-26 20:31:52,230 [pool-496-thread-1] INFO  segmented.SegmentedRaftLogWorker (SegmentedRaftLogWorker.java:lambda$new$0(135)) - 8116f3ad-43fd-49d6-b38b-c9c4aa8410ec@group-3FC70AA94473-SegmentedRaftLogWorker: safeCacheEvictIndex: setUnconditionally 0 -> -1
2023-01-26 20:31:52,230 [pool-496-thread-1] INFO  server.RaftServer$Division (RaftServerImpl.java:start(334)) - 8116f3ad-43fd-49d6-b38b-c9c4aa8410ec@group-3FC70AA94473: start as a follower, conf=-1: peers:[8116f3ad-43fd-49d6-b38b-c9c4aa8410ec|rpc:10.1.0.15:43645|dataStream:10.1.0.15:43077|priority:1|startupRole:FOLLOWER]|listeners:[], old=null
2023-01-26 20:31:52,230 [pool-496-thread-1] INFO  server.RaftServer$Division (RaftServerImpl.java:setRole(321)) - 8116f3ad-43fd-49d6-b38b-c9c4aa8410ec@group-3FC70AA94473: changes role from      null to FOLLOWER at term 0 for startAsFollower
2023-01-26 20:31:52,230 [pool-496-thread-1] INFO  impl.RoleInfo (RoleInfo.java:updateAndGet(139)) - 8116f3ad-43fd-49d6-b38b-c9c4aa8410ec: start 8116f3ad-43fd-49d6-b38b-c9c4aa8410ec@group-3FC70AA94473-FollowerState
2023-01-26 20:31:52,230 [pool-496-thread-1] INFO  util.JmxRegister (JmxRegister.java:tryRegister(44)) - Successfully registered JMX Bean with object name Ratis:service=RaftServer,group=group-3FC70AA94473,id=8116f3ad-43fd-49d6-b38b-c9c4aa8410ec
2023-01-26 20:31:52,230 [8116f3ad-43fd-49d6-b38b-c9c4aa8410ec@group-3FC70AA94473-FollowerState] INFO  server.RaftServerConfigKeys (ConfUtils.java:logFallback(53)) - raft.server.rpc.first-election.timeout.min = 5s (fallback to raft.server.rpc.timeout.min)
2023-01-26 20:31:52,230 [8116f3ad-43fd-49d6-b38b-c9c4aa8410ec@group-3FC70AA94473-FollowerState] INFO  server.RaftServerConfigKeys (ConfUtils.java:logFallback(53)) - raft.server.rpc.first-election.timeout.max = 5200ms (fallback to raft.server.rpc.timeout.max)
2023-01-26 20:31:52,230 [pool-496-thread-1] INFO  server.RaftServerConfigKeys (ConfUtils.java:logGet(46)) - raft.server.snapshot.auto.trigger.enabled = true (custom)
2023-01-26 20:31:52,231 [pool-496-thread-1] INFO  server.RaftServerConfigKeys (ConfUtils.java:logGet(46)) - raft.server.snapshot.auto.trigger.threshold = 10000 (custom)
2023-01-26 20:31:52,231 [pool-496-thread-1] INFO  server.RaftServerConfigKeys (ConfUtils.java:logGet(46)) - raft.server.snapshot.retention.file.num = 5 (custom)
2023-01-26 20:31:52,231 [pool-496-thread-1] INFO  server.RaftServerConfigKeys (ConfUtils.java:logGet(46)) - raft.server.log.purge.upto.snapshot.index = false (default)
2023-01-26 20:31:52,231 [Command processor thread] INFO  ratis.XceiverServerRatis (XceiverServerRatis.java:addGroup(806)) - Created group PipelineID=9b99cd88-78b3-40c2-ac15-3fc70aa94473
2023-01-26 20:31:52,231 [Command processor thread] INFO  commandhandler.CreatePipelineCommandHandler (CreatePipelineCommandHandler.java:handle(113)) - Created Pipeline RATIS ONE PipelineID=9b99cd88-78b3-40c2-ac15-3fc70aa94473.
2023-01-26 20:31:52,546 [Command processor thread] INFO  server.RaftServer (RaftServerProxy.java:addNew(96)) - 40d8d262-8836-439b-84c4-75233c3da079: addNew group-9D68FA6751C1:[40d8d262-8836-439b-84c4-75233c3da079|rpc:10.1.0.15:33521|dataStream:10.1.0.15:41237|priority:1|startupRole:FOLLOWER] returns group-9D68FA6751C1:java.util.concurrent.CompletableFuture@53849638[Not completed]
2023-01-26 20:31:52,547 [pool-518-thread-1] INFO  server.RaftServer$Division (RaftServerImpl.java:<init>(195)) - 40d8d262-8836-439b-84c4-75233c3da079: new RaftServerImpl for group-9D68FA6751C1:[40d8d262-8836-439b-84c4-75233c3da079|rpc:10.1.0.15:33521|dataStream:10.1.0.15:41237|priority:1|startupRole:FOLLOWER] with ContainerStateMachine:uninitialized
2023-01-26 20:31:52,547 [pool-518-thread-1] INFO  server.RaftServerConfigKeys (ConfUtils.java:logGet(46)) - raft.server.rpc.timeout.min = 5s (custom)
2023-01-26 20:31:52,547 [pool-518-thread-1] INFO  server.RaftServerConfigKeys (ConfUtils.java:logGet(46)) - raft.server.rpc.timeout.max = 5200ms (custom)
2023-01-26 20:31:52,547 [pool-518-thread-1] INFO  server.RaftServerConfigKeys (ConfUtils.java:logGet(46)) - raft.server.rpc.sleep.time = 25ms (default)
2023-01-26 20:31:52,547 [pool-518-thread-1] INFO  server.RaftServerConfigKeys (ConfUtils.java:logGet(46)) - raft.server.rpc.slowness.timeout = 300s (custom)
2023-01-26 20:31:52,547 [pool-518-thread-1] INFO  server.RaftServerConfigKeys (ConfUtils.java:logGet(46)) - raft.server.leaderelection.leader.step-down.wait-time = 10s (default)
2023-01-26 20:31:52,547 [pool-518-thread-1] INFO  server.RaftServerConfigKeys (ConfUtils.java:logGet(46)) - raft.server.sleep.deviation.threshold = 300ms (default)
2023-01-26 20:31:52,547 [pool-518-thread-1] INFO  server.RaftServer$Division (ServerState.java:<init>(118)) - 40d8d262-8836-439b-84c4-75233c3da079@group-9D68FA6751C1: ConfigurationManager, init=-1: peers:[40d8d262-8836-439b-84c4-75233c3da079|rpc:10.1.0.15:33521|dataStream:10.1.0.15:41237|priority:1|startupRole:FOLLOWER]|listeners:[], old=null, confs=<EMPTY_MAP>
2023-01-26 20:31:52,547 [pool-518-thread-1] INFO  server.RaftServerConfigKeys (ConfUtils.java:logGet(46)) - raft.server.storage.dir = [/home/runner/work/ozone/ozone/hadoop-ozone/integration-test/target/test-dir/MiniOzoneClusterImpl-885fda24-0582-4ee7-b43d-362ebd6c8d83/datanode-2/data/ratis] (custom)
2023-01-26 20:31:52,547 [pool-518-thread-1] INFO  server.RaftServerConfigKeys (ConfUtils.java:logGet(46)) - raft.server.log.corruption.policy = EXCEPTION (default)
2023-01-26 20:31:52,547 [pool-518-thread-1] INFO  server.RaftServerConfigKeys (ConfUtils.java:logGet(46)) - raft.server.storage.free-space.min = 0MB (=0) (default)
2023-01-26 20:31:52,547 [pool-518-thread-1] INFO  server.RaftServerConfigKeys (ConfUtils.java:logGet(46)) - raft.server.notification.no-leader.timeout = 300s (custom)
2023-01-26 20:31:52,547 [pool-518-thread-1] INFO  server.RaftServerConfigKeys (ConfUtils.java:logGet(46)) - raft.server.retrycache.expirytime = 600000ms (custom)
2023-01-26 20:31:52,548 [pool-518-thread-1] INFO  server.RaftServerConfigKeys (ConfUtils.java:logGet(46)) - raft.server.retrycache.statistics.expirytime = 100μs (default)
2023-01-26 20:31:52,548 [pool-518-thread-1] INFO  server.RaftServerConfigKeys (ConfUtils.java:logGet(46)) - raft.server.log.appender.install.snapshot.enabled = false (custom)
2023-01-26 20:31:52,548 [pool-518-thread-1] INFO  server.RaftServerConfigKeys (ConfUtils.java:logGet(46)) - raft.server.threadpool.server.cached = true (default)
2023-01-26 20:31:52,548 [pool-518-thread-1] INFO  server.RaftServerConfigKeys (ConfUtils.java:logGet(46)) - raft.server.threadpool.server.size = 0 (default)
2023-01-26 20:31:52,548 [pool-518-thread-1] INFO  server.RaftServerConfigKeys (ConfUtils.java:logGet(46)) - raft.server.threadpool.client.cached = true (default)
2023-01-26 20:31:52,548 [pool-518-thread-1] INFO  server.RaftServerConfigKeys (ConfUtils.java:logGet(46)) - raft.server.threadpool.client.size = 0 (default)
2023-01-26 20:31:52,549 [pool-518-thread-1] INFO  storage.RaftStorageDirectory (RaftStorageDirectoryImpl.java:analyzeStorage(137)) - The storage directory /home/runner/work/ozone/ozone/hadoop-ozone/integration-test/target/test-dir/MiniOzoneClusterImpl-885fda24-0582-4ee7-b43d-362ebd6c8d83/datanode-2/data/ratis/7c054cb7-812e-4795-8eea-9d68fa6751c1 does not exist. Creating ...
2023-01-26 20:31:52,549 [pool-518-thread-1] INFO  storage.RaftStorageDirectory (RaftStorageDirectoryImpl.java:tryLock(231)) - Lock on /home/runner/work/ozone/ozone/hadoop-ozone/integration-test/target/test-dir/MiniOzoneClusterImpl-885fda24-0582-4ee7-b43d-362ebd6c8d83/datanode-2/data/ratis/7c054cb7-812e-4795-8eea-9d68fa6751c1/in_use.lock acquired by nodename 10488@fv-az462-54
2023-01-26 20:31:52,550 [pool-518-thread-1] INFO  storage.RaftStorage (RaftStorageImpl.java:format(96)) - Storage directory /home/runner/work/ozone/ozone/hadoop-ozone/integration-test/target/test-dir/MiniOzoneClusterImpl-885fda24-0582-4ee7-b43d-362ebd6c8d83/datanode-2/data/ratis/7c054cb7-812e-4795-8eea-9d68fa6751c1 has been successfully formatted.
2023-01-26 20:31:52,551 [pool-518-thread-1] INFO  ratis.ContainerStateMachine (ContainerStateMachine.java:loadSnapshot(240)) - group-9D68FA6751C1: The snapshot info is null. Setting the last applied indexto:(t:0, i:~)
2023-01-26 20:31:52,551 [pool-518-thread-1] INFO  server.RaftServerConfigKeys (ConfUtils.java:logGet(46)) - raft.server.log.use.memory = false (default)
2023-01-26 20:31:52,552 [EventQueue-PipelineReportForPipelineReportHandler] INFO  pipeline.PipelineManagerImpl (PipelineManagerImpl.java:openPipeline(367)) - Pipeline Pipeline[ Id: 7c054cb7-812e-4795-8eea-9d68fa6751c1, Nodes: 40d8d262-8836-439b-84c4-75233c3da079(fv-az462-54.0zuljvm5d0yedf4jva4xayy4gc.gx.internal.cloudapp.net/10.1.0.15), ReplicationConfig: RATIS/ONE, State:ALLOCATED, leaderId:40d8d262-8836-439b-84c4-75233c3da079, CreationTimestamp2023-01-26T20:31:49.549Z[Etc/UTC]] moved to OPEN state
2023-01-26 20:31:52,552 [pool-518-thread-1] INFO  server.RaftServerConfigKeys (ConfUtils.java:logGet(46)) - raft.server.log.purge.gap = 1000000 (custom)
2023-01-26 20:31:52,552 [EventQueue-OpenPipelineForHealthyPipelineSafeModeRule] INFO  safemode.SCMSafeModeManager (HealthyPipelineSafeModeRule.java:process(137)) - SCM in safe mode. Healthy pipelines reported count is 0, required healthy pipeline reported count is 1
2023-01-26 20:31:52,552 [pool-518-thread-1] INFO  server.RaftServerConfigKeys (ConfUtils.java:logGet(46)) - raft.server.log.appender.buffer.byte-limit = 33554432 (custom)
2023-01-26 20:31:52,552 [pool-518-thread-1] INFO  server.RaftServerConfigKeys (ConfUtils.java:logGet(46)) - raft.server.log.statemachine.data.read.timeout = 1000ms (default)
2023-01-26 20:31:52,552 [pool-518-thread-1] INFO  server.RaftServerConfigKeys (ConfUtils.java:logGet(46)) - raft.server.log.purge.preservation.log.num = 0 (default)
2023-01-26 20:31:52,553 [pool-518-thread-1] INFO  server.RaftServerConfigKeys (ConfUtils.java:logGet(46)) - raft.server.log.segment.size.max = 1048576 (custom)
2023-01-26 20:31:52,553 [pool-518-thread-1] INFO  server.RaftServerConfigKeys (ConfUtils.java:logGet(46)) - raft.server.log.segment.cache.num.max = 2 (custom)
2023-01-26 20:31:52,553 [pool-518-thread-1] INFO  server.RaftServerConfigKeys (ConfUtils.java:logGet(46)) - raft.server.log.segment.cache.size.max = 200MB (=209715200) (default)
2023-01-26 20:31:52,553 [pool-518-thread-1] INFO  segmented.SegmentedRaftLogWorker (SegmentedRaftLogWorker.java:<init>(189)) - new 40d8d262-8836-439b-84c4-75233c3da079@group-9D68FA6751C1-SegmentedRaftLogWorker for RaftStorageImpl:Storage Directory /home/runner/work/ozone/ozone/hadoop-ozone/integration-test/target/test-dir/MiniOzoneClusterImpl-885fda24-0582-4ee7-b43d-362ebd6c8d83/datanode-2/data/ratis/7c054cb7-812e-4795-8eea-9d68fa6751c1
2023-01-26 20:31:52,553 [pool-518-thread-1] INFO  server.RaftServerConfigKeys (ConfUtils.java:logGet(46)) - raft.server.log.queue.byte-limit = 4294967296 (custom)
2023-01-26 20:31:52,553 [pool-518-thread-1] INFO  server.RaftServerConfigKeys (ConfUtils.java:logGet(46)) - raft.server.log.queue.element-limit = 1024 (custom)
2023-01-26 20:31:52,553 [pool-518-thread-1] INFO  server.RaftServerConfigKeys (ConfUtils.java:logGet(46)) - raft.server.log.segment.size.max = 1048576 (custom)
2023-01-26 20:31:52,553 [pool-518-thread-1] INFO  server.RaftServerConfigKeys (ConfUtils.java:logGet(46)) - raft.server.log.preallocated.size = 16384 (custom)
2023-01-26 20:31:52,553 [pool-518-thread-1] INFO  server.RaftServerConfigKeys (ConfUtils.java:logGet(46)) - raft.server.log.force.sync.num = 128 (default)
2023-01-26 20:31:52,553 [pool-518-thread-1] INFO  server.RaftServerConfigKeys (ConfUtils.java:logGet(46)) - raft.server.log.statemachine.data.sync = true (default)
2023-01-26 20:31:52,553 [pool-518-thread-1] INFO  server.RaftServerConfigKeys (ConfUtils.java:logGet(46)) - raft.server.log.statemachine.data.sync.timeout = 10s (default)
2023-01-26 20:31:52,553 [pool-518-thread-1] INFO  server.RaftServerConfigKeys (ConfUtils.java:logGet(46)) - raft.server.log.statemachine.data.sync.timeout.retry = -1 (default)
2023-01-26 20:31:52,554 [pool-518-thread-1] INFO  server.RaftServerConfigKeys (ConfUtils.java:logGet(46)) - raft.server.log.write.buffer.size = 1048576 (custom)
2023-01-26 20:31:52,555 [pool-518-thread-1] INFO  server.RaftServerConfigKeys (ConfUtils.java:logGet(46)) - raft.server.log.appender.buffer.byte-limit = 33554432 (custom)
2023-01-26 20:31:52,561 [pool-518-thread-1] INFO  server.RaftServerConfigKeys (ConfUtils.java:logGet(46)) - raft.server.log.unsafe-flush.enabled = false (default)
2023-01-26 20:31:52,561 [pool-518-thread-1] INFO  server.RaftServerConfigKeys (ConfUtils.java:logGet(46)) - raft.server.log.async-flush.enabled = false (default)
2023-01-26 20:31:52,562 [pool-518-thread-1] INFO  server.RaftServerConfigKeys (ConfUtils.java:logGet(46)) - raft.server.log.statemachine.data.caching.enabled = true (custom)
2023-01-26 20:31:52,562 [pool-518-thread-1] INFO  segmented.SegmentedRaftLogWorker (SegmentedRaftLogWorker.java:lambda$new$0(135)) - 40d8d262-8836-439b-84c4-75233c3da079@group-9D68FA6751C1-SegmentedRaftLogWorker: flushIndex: setUnconditionally 0 -> -1
2023-01-26 20:31:52,562 [pool-518-thread-1] INFO  segmented.SegmentedRaftLogWorker (SegmentedRaftLogWorker.java:lambda$new$0(135)) - 40d8d262-8836-439b-84c4-75233c3da079@group-9D68FA6751C1-SegmentedRaftLogWorker: safeCacheEvictIndex: setUnconditionally 0 -> -1
2023-01-26 20:31:52,562 [pool-518-thread-1] INFO  server.RaftServer$Division (RaftServerImpl.java:start(334)) - 40d8d262-8836-439b-84c4-75233c3da079@group-9D68FA6751C1: start as a follower, conf=-1: peers:[40d8d262-8836-439b-84c4-75233c3da079|rpc:10.1.0.15:33521|dataStream:10.1.0.15:41237|priority:1|startupRole:FOLLOWER]|listeners:[], old=null
2023-01-26 20:31:52,562 [pool-518-thread-1] INFO  server.RaftServer$Division (RaftServerImpl.java:setRole(321)) - 40d8d262-8836-439b-84c4-75233c3da079@group-9D68FA6751C1: changes role from      null to FOLLOWER at term 0 for startAsFollower
2023-01-26 20:31:52,562 [pool-518-thread-1] INFO  impl.RoleInfo (RoleInfo.java:updateAndGet(139)) - 40d8d262-8836-439b-84c4-75233c3da079: start 40d8d262-8836-439b-84c4-75233c3da079@group-9D68FA6751C1-FollowerState
2023-01-26 20:31:52,562 [pool-518-thread-1] INFO  util.JmxRegister (JmxRegister.java:tryRegister(44)) - Successfully registered JMX Bean with object name Ratis:service=RaftServer,group=group-9D68FA6751C1,id=40d8d262-8836-439b-84c4-75233c3da079
2023-01-26 20:31:52,562 [40d8d262-8836-439b-84c4-75233c3da079@group-9D68FA6751C1-FollowerState] INFO  server.RaftServerConfigKeys (ConfUtils.java:logFallback(53)) - raft.server.rpc.first-election.timeout.min = 5s (fallback to raft.server.rpc.timeout.min)
2023-01-26 20:31:52,562 [pool-518-thread-1] INFO  server.RaftServerConfigKeys (ConfUtils.java:logGet(46)) - raft.server.snapshot.auto.trigger.enabled = true (custom)
2023-01-26 20:31:52,562 [40d8d262-8836-439b-84c4-75233c3da079@group-9D68FA6751C1-FollowerState] INFO  server.RaftServerConfigKeys (ConfUtils.java:logFallback(53)) - raft.server.rpc.first-election.timeout.max = 5200ms (fallback to raft.server.rpc.timeout.max)
2023-01-26 20:31:52,562 [pool-518-thread-1] INFO  server.RaftServerConfigKeys (ConfUtils.java:logGet(46)) - raft.server.snapshot.auto.trigger.threshold = 10000 (custom)
2023-01-26 20:31:52,563 [pool-518-thread-1] INFO  server.RaftServerConfigKeys (ConfUtils.java:logGet(46)) - raft.server.snapshot.retention.file.num = 5 (custom)
2023-01-26 20:31:52,563 [pool-518-thread-1] INFO  server.RaftServerConfigKeys (ConfUtils.java:logGet(46)) - raft.server.log.purge.upto.snapshot.index = false (default)
2023-01-26 20:31:52,563 [Command processor thread] INFO  ratis.XceiverServerRatis (XceiverServerRatis.java:addGroup(806)) - Created group PipelineID=7c054cb7-812e-4795-8eea-9d68fa6751c1
2023-01-26 20:31:52,563 [Command processor thread] INFO  commandhandler.CreatePipelineCommandHandler (CreatePipelineCommandHandler.java:handle(113)) - Created Pipeline RATIS ONE PipelineID=7c054cb7-812e-4795-8eea-9d68fa6751c1.
2023-01-26 20:31:52,841 [Command processor thread] INFO  server.RaftServer (RaftServerProxy.java:addNew(96)) - 33f1eb0e-c0cf-45d4-92c4-46358a3181ac: addNew group-3A0B5CB8EDAF:[33f1eb0e-c0cf-45d4-92c4-46358a3181ac|rpc:10.1.0.15:35669|dataStream:10.1.0.15:33379|priority:1|startupRole:FOLLOWER] returns group-3A0B5CB8EDAF:java.util.concurrent.CompletableFuture@4b7f91c[Not completed]
2023-01-26 20:31:52,843 [pool-540-thread-1] INFO  server.RaftServer$Division (RaftServerImpl.java:<init>(195)) - 33f1eb0e-c0cf-45d4-92c4-46358a3181ac: new RaftServerImpl for group-3A0B5CB8EDAF:[33f1eb0e-c0cf-45d4-92c4-46358a3181ac|rpc:10.1.0.15:35669|dataStream:10.1.0.15:33379|priority:1|startupRole:FOLLOWER] with ContainerStateMachine:uninitialized
2023-01-26 20:31:52,843 [pool-540-thread-1] INFO  server.RaftServerConfigKeys (ConfUtils.java:logGet(46)) - raft.server.rpc.timeout.min = 5s (custom)
2023-01-26 20:31:52,843 [pool-540-thread-1] INFO  server.RaftServerConfigKeys (ConfUtils.java:logGet(46)) - raft.server.rpc.timeout.max = 5200ms (custom)
2023-01-26 20:31:52,843 [pool-540-thread-1] INFO  server.RaftServerConfigKeys (ConfUtils.java:logGet(46)) - raft.server.rpc.sleep.time = 25ms (default)
2023-01-26 20:31:52,843 [pool-540-thread-1] INFO  server.RaftServerConfigKeys (ConfUtils.java:logGet(46)) - raft.server.rpc.slowness.timeout = 300s (custom)
2023-01-26 20:31:52,843 [pool-540-thread-1] INFO  server.RaftServerConfigKeys (ConfUtils.java:logGet(46)) - raft.server.leaderelection.leader.step-down.wait-time = 10s (default)
2023-01-26 20:31:52,843 [pool-540-thread-1] INFO  server.RaftServerConfigKeys (ConfUtils.java:logGet(46)) - raft.server.sleep.deviation.threshold = 300ms (default)
2023-01-26 20:31:52,843 [pool-540-thread-1] INFO  server.RaftServer$Division (ServerState.java:<init>(118)) - 33f1eb0e-c0cf-45d4-92c4-46358a3181ac@group-3A0B5CB8EDAF: ConfigurationManager, init=-1: peers:[33f1eb0e-c0cf-45d4-92c4-46358a3181ac|rpc:10.1.0.15:35669|dataStream:10.1.0.15:33379|priority:1|startupRole:FOLLOWER]|listeners:[], old=null, confs=<EMPTY_MAP>
2023-01-26 20:31:52,843 [pool-540-thread-1] INFO  server.RaftServerConfigKeys (ConfUtils.java:logGet(46)) - raft.server.storage.dir = [/home/runner/work/ozone/ozone/hadoop-ozone/integration-test/target/test-dir/MiniOzoneClusterImpl-885fda24-0582-4ee7-b43d-362ebd6c8d83/datanode-3/data/ratis] (custom)
2023-01-26 20:31:52,843 [pool-540-thread-1] INFO  server.RaftServerConfigKeys (ConfUtils.java:logGet(46)) - raft.server.log.corruption.policy = EXCEPTION (default)
2023-01-26 20:31:52,844 [pool-540-thread-1] INFO  server.RaftServerConfigKeys (ConfUtils.java:logGet(46)) - raft.server.storage.free-space.min = 0MB (=0) (default)
2023-01-26 20:31:52,844 [pool-540-thread-1] INFO  server.RaftServerConfigKeys (ConfUtils.java:logGet(46)) - raft.server.notification.no-leader.timeout = 300s (custom)
2023-01-26 20:31:52,844 [pool-540-thread-1] INFO  server.RaftServerConfigKeys (ConfUtils.java:logGet(46)) - raft.server.retrycache.expirytime = 600000ms (custom)
2023-01-26 20:31:52,844 [pool-540-thread-1] INFO  server.RaftServerConfigKeys (ConfUtils.java:logGet(46)) - raft.server.retrycache.statistics.expirytime = 100μs (default)
2023-01-26 20:31:52,844 [pool-540-thread-1] INFO  server.RaftServerConfigKeys (ConfUtils.java:logGet(46)) - raft.server.log.appender.install.snapshot.enabled = false (custom)
2023-01-26 20:31:52,844 [pool-540-thread-1] INFO  server.RaftServerConfigKeys (ConfUtils.java:logGet(46)) - raft.server.threadpool.server.cached = true (default)
2023-01-26 20:31:52,845 [pool-540-thread-1] INFO  server.RaftServerConfigKeys (ConfUtils.java:logGet(46)) - raft.server.threadpool.server.size = 0 (default)
2023-01-26 20:31:52,845 [pool-540-thread-1] INFO  server.RaftServerConfigKeys (ConfUtils.java:logGet(46)) - raft.server.threadpool.client.cached = true (default)
2023-01-26 20:31:52,845 [pool-540-thread-1] INFO  server.RaftServerConfigKeys (ConfUtils.java:logGet(46)) - raft.server.threadpool.client.size = 0 (default)
2023-01-26 20:31:52,845 [pool-540-thread-1] INFO  storage.RaftStorageDirectory (RaftStorageDirectoryImpl.java:analyzeStorage(137)) - The storage directory /home/runner/work/ozone/ozone/hadoop-ozone/integration-test/target/test-dir/MiniOzoneClusterImpl-885fda24-0582-4ee7-b43d-362ebd6c8d83/datanode-3/data/ratis/8b38595d-7124-4dc6-b4af-3a0b5cb8edaf does not exist. Creating ...
2023-01-26 20:31:52,846 [pool-540-thread-1] INFO  storage.RaftStorageDirectory (RaftStorageDirectoryImpl.java:tryLock(231)) - Lock on /home/runner/work/ozone/ozone/hadoop-ozone/integration-test/target/test-dir/MiniOzoneClusterImpl-885fda24-0582-4ee7-b43d-362ebd6c8d83/datanode-3/data/ratis/8b38595d-7124-4dc6-b4af-3a0b5cb8edaf/in_use.lock acquired by nodename 10488@fv-az462-54
2023-01-26 20:31:52,847 [pool-540-thread-1] INFO  storage.RaftStorage (RaftStorageImpl.java:format(96)) - Storage directory /home/runner/work/ozone/ozone/hadoop-ozone/integration-test/target/test-dir/MiniOzoneClusterImpl-885fda24-0582-4ee7-b43d-362ebd6c8d83/datanode-3/data/ratis/8b38595d-7124-4dc6-b4af-3a0b5cb8edaf has been successfully formatted.
2023-01-26 20:31:52,849 [pool-540-thread-1] INFO  ratis.ContainerStateMachine (ContainerStateMachine.java:loadSnapshot(240)) - group-3A0B5CB8EDAF: The snapshot info is null. Setting the last applied indexto:(t:0, i:~)
2023-01-26 20:31:52,849 [pool-540-thread-1] INFO  server.RaftServerConfigKeys (ConfUtils.java:logGet(46)) - raft.server.log.use.memory = false (default)
2023-01-26 20:31:52,849 [pool-540-thread-1] INFO  server.RaftServerConfigKeys (ConfUtils.java:logGet(46)) - raft.server.log.purge.gap = 1000000 (custom)
2023-01-26 20:31:52,849 [pool-540-thread-1] INFO  server.RaftServerConfigKeys (ConfUtils.java:logGet(46)) - raft.server.log.appender.buffer.byte-limit = 33554432 (custom)
2023-01-26 20:31:52,850 [EventQueue-PipelineReportForPipelineReportHandler] INFO  pipeline.PipelineManagerImpl (PipelineManagerImpl.java:openPipeline(367)) - Pipeline Pipeline[ Id: 8b38595d-7124-4dc6-b4af-3a0b5cb8edaf, Nodes: 33f1eb0e-c0cf-45d4-92c4-46358a3181ac(fv-az462-54.0zuljvm5d0yedf4jva4xayy4gc.gx.internal.cloudapp.net/10.1.0.15), ReplicationConfig: RATIS/ONE, State:ALLOCATED, leaderId:33f1eb0e-c0cf-45d4-92c4-46358a3181ac, CreationTimestamp2023-01-26T20:31:49.843Z[Etc/UTC]] moved to OPEN state
2023-01-26 20:31:52,850 [EventQueue-OpenPipelineForHealthyPipelineSafeModeRule] INFO  safemode.SCMSafeModeManager (HealthyPipelineSafeModeRule.java:process(137)) - SCM in safe mode. Healthy pipelines reported count is 0, required healthy pipeline reported count is 1
2023-01-26 20:31:52,850 [pool-540-thread-1] INFO  server.RaftServerConfigKeys (ConfUtils.java:logGet(46)) - raft.server.log.statemachine.data.read.timeout = 1000ms (default)
2023-01-26 20:31:52,850 [pool-540-thread-1] INFO  server.RaftServerConfigKeys (ConfUtils.java:logGet(46)) - raft.server.log.purge.preservation.log.num = 0 (default)
2023-01-26 20:31:52,850 [pool-540-thread-1] INFO  server.RaftServerConfigKeys (ConfUtils.java:logGet(46)) - raft.server.log.segment.size.max = 1048576 (custom)
2023-01-26 20:31:52,850 [pool-540-thread-1] INFO  server.RaftServerConfigKeys (ConfUtils.java:logGet(46)) - raft.server.log.segment.cache.num.max = 2 (custom)
2023-01-26 20:31:52,851 [pool-540-thread-1] INFO  server.RaftServerConfigKeys (ConfUtils.java:logGet(46)) - raft.server.log.segment.cache.size.max = 200MB (=209715200) (default)
2023-01-26 20:31:52,851 [pool-540-thread-1] INFO  segmented.SegmentedRaftLogWorker (SegmentedRaftLogWorker.java:<init>(189)) - new 33f1eb0e-c0cf-45d4-92c4-46358a3181ac@group-3A0B5CB8EDAF-SegmentedRaftLogWorker for RaftStorageImpl:Storage Directory /home/runner/work/ozone/ozone/hadoop-ozone/integration-test/target/test-dir/MiniOzoneClusterImpl-885fda24-0582-4ee7-b43d-362ebd6c8d83/datanode-3/data/ratis/8b38595d-7124-4dc6-b4af-3a0b5cb8edaf
2023-01-26 20:31:52,851 [pool-540-thread-1] INFO  server.RaftServerConfigKeys (ConfUtils.java:logGet(46)) - raft.server.log.queue.byte-limit = 4294967296 (custom)
2023-01-26 20:31:52,851 [pool-540-thread-1] INFO  server.RaftServerConfigKeys (ConfUtils.java:logGet(46)) - raft.server.log.queue.element-limit = 1024 (custom)
2023-01-26 20:31:52,851 [pool-540-thread-1] INFO  server.RaftServerConfigKeys (ConfUtils.java:logGet(46)) - raft.server.log.segment.size.max = 1048576 (custom)
2023-01-26 20:31:52,851 [pool-540-thread-1] INFO  server.RaftServerConfigKeys (ConfUtils.java:logGet(46)) - raft.server.log.preallocated.size = 16384 (custom)
2023-01-26 20:31:52,851 [pool-540-thread-1] INFO  server.RaftServerConfigKeys (ConfUtils.java:logGet(46)) - raft.server.log.force.sync.num = 128 (default)
2023-01-26 20:31:52,851 [pool-540-thread-1] INFO  server.RaftServerConfigKeys (ConfUtils.java:logGet(46)) - raft.server.log.statemachine.data.sync = true (default)
2023-01-26 20:31:52,851 [pool-540-thread-1] INFO  server.RaftServerConfigKeys (ConfUtils.java:logGet(46)) - raft.server.log.statemachine.data.sync.timeout = 10s (default)
2023-01-26 20:31:52,851 [pool-540-thread-1] INFO  server.RaftServerConfigKeys (ConfUtils.java:logGet(46)) - raft.server.log.statemachine.data.sync.timeout.retry = -1 (default)
2023-01-26 20:31:52,851 [pool-540-thread-1] INFO  server.RaftServerConfigKeys (ConfUtils.java:logGet(46)) - raft.server.log.write.buffer.size = 1048576 (custom)
2023-01-26 20:31:52,852 [pool-540-thread-1] INFO  server.RaftServerConfigKeys (ConfUtils.java:logGet(46)) - raft.server.log.appender.buffer.byte-limit = 33554432 (custom)
2023-01-26 20:31:52,857 [pool-540-thread-1] INFO  server.RaftServerConfigKeys (ConfUtils.java:logGet(46)) - raft.server.log.unsafe-flush.enabled = false (default)
2023-01-26 20:31:52,857 [pool-540-thread-1] INFO  server.RaftServerConfigKeys (ConfUtils.java:logGet(46)) - raft.server.log.async-flush.enabled = false (default)
2023-01-26 20:31:52,857 [pool-540-thread-1] INFO  server.RaftServerConfigKeys (ConfUtils.java:logGet(46)) - raft.server.log.statemachine.data.caching.enabled = true (custom)
2023-01-26 20:31:52,857 [pool-540-thread-1] INFO  segmented.SegmentedRaftLogWorker (SegmentedRaftLogWorker.java:lambda$new$0(135)) - 33f1eb0e-c0cf-45d4-92c4-46358a3181ac@group-3A0B5CB8EDAF-SegmentedRaftLogWorker: flushIndex: setUnconditionally 0 -> -1
2023-01-26 20:31:52,857 [pool-540-thread-1] INFO  segmented.SegmentedRaftLogWorker (SegmentedRaftLogWorker.java:lambda$new$0(135)) - 33f1eb0e-c0cf-45d4-92c4-46358a3181ac@group-3A0B5CB8EDAF-SegmentedRaftLogWorker: safeCacheEvictIndex: setUnconditionally 0 -> -1
2023-01-26 20:31:52,857 [pool-540-thread-1] INFO  server.RaftServer$Division (RaftServerImpl.java:start(334)) - 33f1eb0e-c0cf-45d4-92c4-46358a3181ac@group-3A0B5CB8EDAF: start as a follower, conf=-1: peers:[33f1eb0e-c0cf-45d4-92c4-46358a3181ac|rpc:10.1.0.15:35669|dataStream:10.1.0.15:33379|priority:1|startupRole:FOLLOWER]|listeners:[], old=null
2023-01-26 20:31:52,857 [pool-540-thread-1] INFO  server.RaftServer$Division (RaftServerImpl.java:setRole(321)) - 33f1eb0e-c0cf-45d4-92c4-46358a3181ac@group-3A0B5CB8EDAF: changes role from      null to FOLLOWER at term 0 for startAsFollower
2023-01-26 20:31:52,857 [pool-540-thread-1] INFO  impl.RoleInfo (RoleInfo.java:updateAndGet(139)) - 33f1eb0e-c0cf-45d4-92c4-46358a3181ac: start 33f1eb0e-c0cf-45d4-92c4-46358a3181ac@group-3A0B5CB8EDAF-FollowerState
2023-01-26 20:31:52,858 [pool-540-thread-1] INFO  util.JmxRegister (JmxRegister.java:tryRegister(44)) - Successfully registered JMX Bean with object name Ratis:service=RaftServer,group=group-3A0B5CB8EDAF,id=33f1eb0e-c0cf-45d4-92c4-46358a3181ac
2023-01-26 20:31:52,858 [pool-540-thread-1] INFO  server.RaftServerConfigKeys (ConfUtils.java:logGet(46)) - raft.server.snapshot.auto.trigger.enabled = true (custom)
2023-01-26 20:31:52,858 [pool-540-thread-1] INFO  server.RaftServerConfigKeys (ConfUtils.java:logGet(46)) - raft.server.snapshot.auto.trigger.threshold = 10000 (custom)
2023-01-26 20:31:52,858 [pool-540-thread-1] INFO  server.RaftServerConfigKeys (ConfUtils.java:logGet(46)) - raft.server.snapshot.retention.file.num = 5 (custom)
2023-01-26 20:31:52,858 [pool-540-thread-1] INFO  server.RaftServerConfigKeys (ConfUtils.java:logGet(46)) - raft.server.log.purge.upto.snapshot.index = false (default)
2023-01-26 20:31:52,858 [33f1eb0e-c0cf-45d4-92c4-46358a3181ac@group-3A0B5CB8EDAF-FollowerState] INFO  server.RaftServerConfigKeys (ConfUtils.java:logFallback(53)) - raft.server.rpc.first-election.timeout.min = 5s (fallback to raft.server.rpc.timeout.min)
2023-01-26 20:31:52,858 [33f1eb0e-c0cf-45d4-92c4-46358a3181ac@group-3A0B5CB8EDAF-FollowerState] INFO  server.RaftServerConfigKeys (ConfUtils.java:logFallback(53)) - raft.server.rpc.first-election.timeout.max = 5200ms (fallback to raft.server.rpc.timeout.max)
2023-01-26 20:31:52,860 [Command processor thread] INFO  ratis.XceiverServerRatis (XceiverServerRatis.java:addGroup(806)) - Created group PipelineID=8b38595d-7124-4dc6-b4af-3a0b5cb8edaf
2023-01-26 20:31:52,860 [Command processor thread] INFO  commandhandler.CreatePipelineCommandHandler (CreatePipelineCommandHandler.java:handle(113)) - Created Pipeline RATIS ONE PipelineID=8b38595d-7124-4dc6-b4af-3a0b5cb8edaf.
2023-01-26 20:31:53,140 [Listener at 127.0.0.1/38041] INFO  ozone.MiniOzoneClusterImpl (MiniOzoneClusterImpl.java:lambda$waitForClusterToBeReady$0(218)) - Nodes are ready. Got 5 of 5 DN Heartbeats.
2023-01-26 20:31:53,140 [Listener at 127.0.0.1/38041] INFO  ozone.MiniOzoneClusterImpl (MiniOzoneClusterImpl.java:lambda$waitForClusterToBeReady$0(221)) - Waiting for cluster to exit safe mode
2023-01-26 20:31:53,140 [Listener at 127.0.0.1/38041] INFO  ozone.MiniOzoneClusterImpl (MiniOzoneClusterImpl.java:lambda$waitForClusterToBeReady$0(223)) - SCM became leader
2023-01-26 20:31:53,147 [Command processor thread] INFO  server.RaftServer (RaftServerProxy.java:addNew(96)) - 06f84c71-7643-49a3-8309-2de556f4fabe: addNew group-BCE8C5633D7A:[06f84c71-7643-49a3-8309-2de556f4fabe|rpc:10.1.0.15:42037|dataStream:10.1.0.15:34009|priority:1|startupRole:FOLLOWER] returns group-BCE8C5633D7A:java.util.concurrent.CompletableFuture@5b36d9fe[Not completed]
2023-01-26 20:31:53,149 [pool-562-thread-1] INFO  server.RaftServer$Division (RaftServerImpl.java:<init>(195)) - 06f84c71-7643-49a3-8309-2de556f4fabe: new RaftServerImpl for group-BCE8C5633D7A:[06f84c71-7643-49a3-8309-2de556f4fabe|rpc:10.1.0.15:42037|dataStream:10.1.0.15:34009|priority:1|startupRole:FOLLOWER] with ContainerStateMachine:uninitialized
2023-01-26 20:31:53,149 [pool-562-thread-1] INFO  server.RaftServerConfigKeys (ConfUtils.java:logGet(46)) - raft.server.rpc.timeout.min = 5s (custom)
2023-01-26 20:31:53,149 [pool-562-thread-1] INFO  server.RaftServerConfigKeys (ConfUtils.java:logGet(46)) - raft.server.rpc.timeout.max = 5200ms (custom)
2023-01-26 20:31:53,149 [pool-562-thread-1] INFO  server.RaftServerConfigKeys (ConfUtils.java:logGet(46)) - raft.server.rpc.sleep.time = 25ms (default)
2023-01-26 20:31:53,149 [pool-562-thread-1] INFO  server.RaftServerConfigKeys (ConfUtils.java:logGet(46)) - raft.server.rpc.slowness.timeout = 300s (custom)
2023-01-26 20:31:53,149 [pool-562-thread-1] INFO  server.RaftServerConfigKeys (ConfUtils.java:logGet(46)) - raft.server.leaderelection.leader.step-down.wait-time = 10s (default)
2023-01-26 20:31:53,149 [pool-562-thread-1] INFO  server.RaftServerConfigKeys (ConfUtils.java:logGet(46)) - raft.server.sleep.deviation.threshold = 300ms (default)
2023-01-26 20:31:53,149 [pool-562-thread-1] INFO  server.RaftServer$Division (ServerState.java:<init>(118)) - 06f84c71-7643-49a3-8309-2de556f4fabe@group-BCE8C5633D7A: ConfigurationManager, init=-1: peers:[06f84c71-7643-49a3-8309-2de556f4fabe|rpc:10.1.0.15:42037|dataStream:10.1.0.15:34009|priority:1|startupRole:FOLLOWER]|listeners:[], old=null, confs=<EMPTY_MAP>
2023-01-26 20:31:53,149 [pool-562-thread-1] INFO  server.RaftServerConfigKeys (ConfUtils.java:logGet(46)) - raft.server.storage.dir = [/home/runner/work/ozone/ozone/hadoop-ozone/integration-test/target/test-dir/MiniOzoneClusterImpl-885fda24-0582-4ee7-b43d-362ebd6c8d83/datanode-4/data/ratis] (custom)
2023-01-26 20:31:53,150 [pool-562-thread-1] INFO  server.RaftServerConfigKeys (ConfUtils.java:logGet(46)) - raft.server.log.corruption.policy = EXCEPTION (default)
2023-01-26 20:31:53,150 [pool-562-thread-1] INFO  server.RaftServerConfigKeys (ConfUtils.java:logGet(46)) - raft.server.storage.free-space.min = 0MB (=0) (default)
2023-01-26 20:31:53,150 [pool-562-thread-1] INFO  server.RaftServerConfigKeys (ConfUtils.java:logGet(46)) - raft.server.notification.no-leader.timeout = 300s (custom)
2023-01-26 20:31:53,150 [pool-562-thread-1] INFO  server.RaftServerConfigKeys (ConfUtils.java:logGet(46)) - raft.server.retrycache.expirytime = 600000ms (custom)
2023-01-26 20:31:53,150 [pool-562-thread-1] INFO  server.RaftServerConfigKeys (ConfUtils.java:logGet(46)) - raft.server.retrycache.statistics.expirytime = 100μs (default)
2023-01-26 20:31:53,150 [pool-562-thread-1] INFO  server.RaftServerConfigKeys (ConfUtils.java:logGet(46)) - raft.server.log.appender.install.snapshot.enabled = false (custom)
2023-01-26 20:31:53,150 [pool-562-thread-1] INFO  server.RaftServerConfigKeys (ConfUtils.java:logGet(46)) - raft.server.threadpool.server.cached = true (default)
2023-01-26 20:31:53,150 [pool-562-thread-1] INFO  server.RaftServerConfigKeys (ConfUtils.java:logGet(46)) - raft.server.threadpool.server.size = 0 (default)
2023-01-26 20:31:53,151 [pool-562-thread-1] INFO  server.RaftServerConfigKeys (ConfUtils.java:logGet(46)) - raft.server.threadpool.client.cached = true (default)
2023-01-26 20:31:53,151 [pool-562-thread-1] INFO  server.RaftServerConfigKeys (ConfUtils.java:logGet(46)) - raft.server.threadpool.client.size = 0 (default)
2023-01-26 20:31:53,151 [pool-562-thread-1] INFO  storage.RaftStorageDirectory (RaftStorageDirectoryImpl.java:analyzeStorage(137)) - The storage directory /home/runner/work/ozone/ozone/hadoop-ozone/integration-test/target/test-dir/MiniOzoneClusterImpl-885fda24-0582-4ee7-b43d-362ebd6c8d83/datanode-4/data/ratis/ddfa6229-38ec-497d-b830-bce8c5633d7a does not exist. Creating ...
2023-01-26 20:31:53,152 [pool-562-thread-1] INFO  storage.RaftStorageDirectory (RaftStorageDirectoryImpl.java:tryLock(231)) - Lock on /home/runner/work/ozone/ozone/hadoop-ozone/integration-test/target/test-dir/MiniOzoneClusterImpl-885fda24-0582-4ee7-b43d-362ebd6c8d83/datanode-4/data/ratis/ddfa6229-38ec-497d-b830-bce8c5633d7a/in_use.lock acquired by nodename 10488@fv-az462-54
2023-01-26 20:31:53,153 [pool-562-thread-1] INFO  storage.RaftStorage (RaftStorageImpl.java:format(96)) - Storage directory /home/runner/work/ozone/ozone/hadoop-ozone/integration-test/target/test-dir/MiniOzoneClusterImpl-885fda24-0582-4ee7-b43d-362ebd6c8d83/datanode-4/data/ratis/ddfa6229-38ec-497d-b830-bce8c5633d7a has been successfully formatted.
2023-01-26 20:31:53,154 [pool-562-thread-1] INFO  ratis.ContainerStateMachine (ContainerStateMachine.java:loadSnapshot(240)) - group-BCE8C5633D7A: The snapshot info is null. Setting the last applied indexto:(t:0, i:~)
2023-01-26 20:31:53,154 [pool-562-thread-1] INFO  server.RaftServerConfigKeys (ConfUtils.java:logGet(46)) - raft.server.log.use.memory = false (default)
2023-01-26 20:31:53,154 [pool-562-thread-1] INFO  server.RaftServerConfigKeys (ConfUtils.java:logGet(46)) - raft.server.log.purge.gap = 1000000 (custom)
2023-01-26 20:31:53,154 [pool-562-thread-1] INFO  server.RaftServerConfigKeys (ConfUtils.java:logGet(46)) - raft.server.log.appender.buffer.byte-limit = 33554432 (custom)
2023-01-26 20:31:53,154 [pool-562-thread-1] INFO  server.RaftServerConfigKeys (ConfUtils.java:logGet(46)) - raft.server.log.statemachine.data.read.timeout = 1000ms (default)
2023-01-26 20:31:53,154 [pool-562-thread-1] INFO  server.RaftServerConfigKeys (ConfUtils.java:logGet(46)) - raft.server.log.purge.preservation.log.num = 0 (default)
2023-01-26 20:31:53,155 [EventQueue-PipelineReportForPipelineReportHandler] INFO  pipeline.PipelineManagerImpl (PipelineManagerImpl.java:openPipeline(367)) - Pipeline Pipeline[ Id: ddfa6229-38ec-497d-b830-bce8c5633d7a, Nodes: 06f84c71-7643-49a3-8309-2de556f4fabe(fv-az462-54.0zuljvm5d0yedf4jva4xayy4gc.gx.internal.cloudapp.net/10.1.0.15), ReplicationConfig: RATIS/ONE, State:ALLOCATED, leaderId:06f84c71-7643-49a3-8309-2de556f4fabe, CreationTimestamp2023-01-26T20:31:50.147Z[Etc/UTC]] moved to OPEN state
2023-01-26 20:31:53,155 [EventQueue-OpenPipelineForHealthyPipelineSafeModeRule] INFO  safemode.SCMSafeModeManager (HealthyPipelineSafeModeRule.java:process(137)) - SCM in safe mode. Healthy pipelines reported count is 0, required healthy pipeline reported count is 1
2023-01-26 20:31:53,155 [pool-562-thread-1] INFO  server.RaftServerConfigKeys (ConfUtils.java:logGet(46)) - raft.server.log.segment.size.max = 1048576 (custom)
2023-01-26 20:31:53,155 [pool-562-thread-1] INFO  server.RaftServerConfigKeys (ConfUtils.java:logGet(46)) - raft.server.log.segment.cache.num.max = 2 (custom)
2023-01-26 20:31:53,155 [pool-562-thread-1] INFO  server.RaftServerConfigKeys (ConfUtils.java:logGet(46)) - raft.server.log.segment.cache.size.max = 200MB (=209715200) (default)
2023-01-26 20:31:53,155 [pool-562-thread-1] INFO  segmented.SegmentedRaftLogWorker (SegmentedRaftLogWorker.java:<init>(189)) - new 06f84c71-7643-49a3-8309-2de556f4fabe@group-BCE8C5633D7A-SegmentedRaftLogWorker for RaftStorageImpl:Storage Directory /home/runner/work/ozone/ozone/hadoop-ozone/integration-test/target/test-dir/MiniOzoneClusterImpl-885fda24-0582-4ee7-b43d-362ebd6c8d83/datanode-4/data/ratis/ddfa6229-38ec-497d-b830-bce8c5633d7a
2023-01-26 20:31:53,155 [pool-562-thread-1] INFO  server.RaftServerConfigKeys (ConfUtils.java:logGet(46)) - raft.server.log.queue.byte-limit = 4294967296 (custom)
2023-01-26 20:31:53,155 [pool-562-thread-1] INFO  server.RaftServerConfigKeys (ConfUtils.java:logGet(46)) - raft.server.log.queue.element-limit = 1024 (custom)
2023-01-26 20:31:53,156 [pool-562-thread-1] INFO  server.RaftServerConfigKeys (ConfUtils.java:logGet(46)) - raft.server.log.segment.size.max = 1048576 (custom)
2023-01-26 20:31:53,156 [pool-562-thread-1] INFO  server.RaftServerConfigKeys (ConfUtils.java:logGet(46)) - raft.server.log.preallocated.size = 16384 (custom)
2023-01-26 20:31:53,156 [pool-562-thread-1] INFO  server.RaftServerConfigKeys (ConfUtils.java:logGet(46)) - raft.server.log.force.sync.num = 128 (default)
2023-01-26 20:31:53,156 [pool-562-thread-1] INFO  server.RaftServerConfigKeys (ConfUtils.java:logGet(46)) - raft.server.log.statemachine.data.sync = true (default)
2023-01-26 20:31:53,156 [pool-562-thread-1] INFO  server.RaftServerConfigKeys (ConfUtils.java:logGet(46)) - raft.server.log.statemachine.data.sync.timeout = 10s (default)
2023-01-26 20:31:53,156 [pool-562-thread-1] INFO  server.RaftServerConfigKeys (ConfUtils.java:logGet(46)) - raft.server.log.statemachine.data.sync.timeout.retry = -1 (default)
2023-01-26 20:31:53,156 [pool-562-thread-1] INFO  server.RaftServerConfigKeys (ConfUtils.java:logGet(46)) - raft.server.log.write.buffer.size = 1048576 (custom)
2023-01-26 20:31:53,157 [pool-562-thread-1] INFO  server.RaftServerConfigKeys (ConfUtils.java:logGet(46)) - raft.server.log.appender.buffer.byte-limit = 33554432 (custom)
2023-01-26 20:31:53,162 [pool-562-thread-1] INFO  server.RaftServerConfigKeys (ConfUtils.java:logGet(46)) - raft.server.log.unsafe-flush.enabled = false (default)
2023-01-26 20:31:53,162 [pool-562-thread-1] INFO  server.RaftServerConfigKeys (ConfUtils.java:logGet(46)) - raft.server.log.async-flush.enabled = false (default)
2023-01-26 20:31:53,162 [pool-562-thread-1] INFO  server.RaftServerConfigKeys (ConfUtils.java:logGet(46)) - raft.server.log.statemachine.data.caching.enabled = true (custom)
2023-01-26 20:31:53,162 [pool-562-thread-1] INFO  segmented.SegmentedRaftLogWorker (SegmentedRaftLogWorker.java:lambda$new$0(135)) - 06f84c71-7643-49a3-8309-2de556f4fabe@group-BCE8C5633D7A-SegmentedRaftLogWorker: flushIndex: setUnconditionally 0 -> -1
2023-01-26 20:31:53,162 [pool-562-thread-1] INFO  segmented.SegmentedRaftLogWorker (SegmentedRaftLogWorker.java:lambda$new$0(135)) - 06f84c71-7643-49a3-8309-2de556f4fabe@group-BCE8C5633D7A-SegmentedRaftLogWorker: safeCacheEvictIndex: setUnconditionally 0 -> -1
2023-01-26 20:31:53,162 [pool-562-thread-1] INFO  server.RaftServer$Division (RaftServerImpl.java:start(334)) - 06f84c71-7643-49a3-8309-2de556f4fabe@group-BCE8C5633D7A: start as a follower, conf=-1: peers:[06f84c71-7643-49a3-8309-2de556f4fabe|rpc:10.1.0.15:42037|dataStream:10.1.0.15:34009|priority:1|startupRole:FOLLOWER]|listeners:[], old=null
2023-01-26 20:31:53,162 [pool-562-thread-1] INFO  server.RaftServer$Division (RaftServerImpl.java:setRole(321)) - 06f84c71-7643-49a3-8309-2de556f4fabe@group-BCE8C5633D7A: changes role from      null to FOLLOWER at term 0 for startAsFollower
2023-01-26 20:31:53,162 [pool-562-thread-1] INFO  impl.RoleInfo (RoleInfo.java:updateAndGet(139)) - 06f84c71-7643-49a3-8309-2de556f4fabe: start 06f84c71-7643-49a3-8309-2de556f4fabe@group-BCE8C5633D7A-FollowerState
2023-01-26 20:31:53,162 [pool-562-thread-1] INFO  util.JmxRegister (JmxRegister.java:tryRegister(44)) - Successfully registered JMX Bean with object name Ratis:service=RaftServer,group=group-BCE8C5633D7A,id=06f84c71-7643-49a3-8309-2de556f4fabe
2023-01-26 20:31:53,162 [06f84c71-7643-49a3-8309-2de556f4fabe@group-BCE8C5633D7A-FollowerState] INFO  server.RaftServerConfigKeys (ConfUtils.java:logFallback(53)) - raft.server.rpc.first-election.timeout.min = 5s (fallback to raft.server.rpc.timeout.min)
2023-01-26 20:31:53,162 [pool-562-thread-1] INFO  server.RaftServerConfigKeys (ConfUtils.java:logGet(46)) - raft.server.snapshot.auto.trigger.enabled = true (custom)
2023-01-26 20:31:53,163 [06f84c71-7643-49a3-8309-2de556f4fabe@group-BCE8C5633D7A-FollowerState] INFO  server.RaftServerConfigKeys (ConfUtils.java:logFallback(53)) - raft.server.rpc.first-election.timeout.max = 5200ms (fallback to raft.server.rpc.timeout.max)
2023-01-26 20:31:53,163 [pool-562-thread-1] INFO  server.RaftServerConfigKeys (ConfUtils.java:logGet(46)) - raft.server.snapshot.auto.trigger.threshold = 10000 (custom)
2023-01-26 20:31:53,163 [pool-562-thread-1] INFO  server.RaftServerConfigKeys (ConfUtils.java:logGet(46)) - raft.server.snapshot.retention.file.num = 5 (custom)
2023-01-26 20:31:53,163 [pool-562-thread-1] INFO  server.RaftServerConfigKeys (ConfUtils.java:logGet(46)) - raft.server.log.purge.upto.snapshot.index = false (default)
2023-01-26 20:31:53,163 [Command processor thread] INFO  ratis.XceiverServerRatis (XceiverServerRatis.java:addGroup(806)) - Created group PipelineID=ddfa6229-38ec-497d-b830-bce8c5633d7a
2023-01-26 20:31:53,163 [Command processor thread] INFO  commandhandler.CreatePipelineCommandHandler (CreatePipelineCommandHandler.java:handle(113)) - Created Pipeline RATIS ONE PipelineID=ddfa6229-38ec-497d-b830-bce8c5633d7a.
2023-01-26 20:31:54,141 [Listener at 127.0.0.1/38041] INFO  ozone.MiniOzoneClusterImpl (MiniOzoneClusterImpl.java:lambda$waitForClusterToBeReady$0(218)) - Nodes are ready. Got 5 of 5 DN Heartbeats.
2023-01-26 20:31:54,141 [Listener at 127.0.0.1/38041] INFO  ozone.MiniOzoneClusterImpl (MiniOzoneClusterImpl.java:lambda$waitForClusterToBeReady$0(221)) - Waiting for cluster to exit safe mode
2023-01-26 20:31:54,141 [Listener at 127.0.0.1/38041] INFO  ozone.MiniOzoneClusterImpl (MiniOzoneClusterImpl.java:lambda$waitForClusterToBeReady$0(223)) - SCM became leader
2023-01-26 20:31:55,142 [Listener at 127.0.0.1/38041] INFO  ozone.MiniOzoneClusterImpl (MiniOzoneClusterImpl.java:lambda$waitForClusterToBeReady$0(218)) - Nodes are ready. Got 5 of 5 DN Heartbeats.
2023-01-26 20:31:55,142 [Listener at 127.0.0.1/38041] INFO  ozone.MiniOzoneClusterImpl (MiniOzoneClusterImpl.java:lambda$waitForClusterToBeReady$0(221)) - Waiting for cluster to exit safe mode
2023-01-26 20:31:55,142 [Listener at 127.0.0.1/38041] INFO  ozone.MiniOzoneClusterImpl (MiniOzoneClusterImpl.java:lambda$waitForClusterToBeReady$0(223)) - SCM became leader
2023-01-26 20:31:56,142 [Listener at 127.0.0.1/38041] INFO  ozone.MiniOzoneClusterImpl (MiniOzoneClusterImpl.java:lambda$waitForClusterToBeReady$0(218)) - Nodes are ready. Got 5 of 5 DN Heartbeats.
2023-01-26 20:31:56,143 [Listener at 127.0.0.1/38041] INFO  ozone.MiniOzoneClusterImpl (MiniOzoneClusterImpl.java:lambda$waitForClusterToBeReady$0(221)) - Waiting for cluster to exit safe mode
2023-01-26 20:31:56,143 [Listener at 127.0.0.1/38041] INFO  ozone.MiniOzoneClusterImpl (MiniOzoneClusterImpl.java:lambda$waitForClusterToBeReady$0(223)) - SCM became leader
2023-01-26 20:31:56,971 [a7887d3a-ac12-44f2-81f3-1f33b720a94f@group-C034F83223F2-FollowerState] INFO  impl.FollowerState (FollowerState.java:run(143)) - a7887d3a-ac12-44f2-81f3-1f33b720a94f@group-C034F83223F2-FollowerState: change to CANDIDATE, lastRpcElapsedTime:5054182305ns, electionTimeout:5053ms
2023-01-26 20:31:56,971 [a7887d3a-ac12-44f2-81f3-1f33b720a94f@group-C034F83223F2-FollowerState] INFO  impl.RoleInfo (RoleInfo.java:shutdownFollowerState(110)) - a7887d3a-ac12-44f2-81f3-1f33b720a94f: shutdown a7887d3a-ac12-44f2-81f3-1f33b720a94f@group-C034F83223F2-FollowerState
2023-01-26 20:31:56,972 [a7887d3a-ac12-44f2-81f3-1f33b720a94f@group-C034F83223F2-FollowerState] INFO  server.RaftServer$Division (RaftServerImpl.java:setRole(321)) - a7887d3a-ac12-44f2-81f3-1f33b720a94f@group-C034F83223F2: changes role from  FOLLOWER to CANDIDATE at term 0 for changeToCandidate
2023-01-26 20:31:56,972 [a7887d3a-ac12-44f2-81f3-1f33b720a94f@group-C034F83223F2-FollowerState] INFO  server.RaftServerConfigKeys (ConfUtils.java:logGet(46)) - raft.server.leaderelection.pre-vote = false (custom)
2023-01-26 20:31:56,972 [a7887d3a-ac12-44f2-81f3-1f33b720a94f@group-C034F83223F2-FollowerState] INFO  impl.RoleInfo (RoleInfo.java:updateAndGet(139)) - a7887d3a-ac12-44f2-81f3-1f33b720a94f: start a7887d3a-ac12-44f2-81f3-1f33b720a94f@group-C034F83223F2-LeaderElection23
2023-01-26 20:31:56,976 [a7887d3a-ac12-44f2-81f3-1f33b720a94f@group-C034F83223F2-LeaderElection23] INFO  impl.LeaderElection (LeaderElection.java:askForVotes(312)) - a7887d3a-ac12-44f2-81f3-1f33b720a94f@group-C034F83223F2-LeaderElection23 ELECTION round 0: submit vote requests at term 1 for -1: peers:[a7887d3a-ac12-44f2-81f3-1f33b720a94f|rpc:10.1.0.15:36865|dataStream:10.1.0.15:32943|priority:1|startupRole:FOLLOWER]|listeners:[], old=null
2023-01-26 20:31:56,976 [a7887d3a-ac12-44f2-81f3-1f33b720a94f@group-C034F83223F2-LeaderElection23] INFO  impl.LeaderElection (LeaderElection.java:askForVotes(314)) - a7887d3a-ac12-44f2-81f3-1f33b720a94f@group-C034F83223F2-LeaderElection23 ELECTION round 0: result PASSED (term=1)
2023-01-26 20:31:56,976 [a7887d3a-ac12-44f2-81f3-1f33b720a94f@group-C034F83223F2-LeaderElection23] INFO  impl.RoleInfo (RoleInfo.java:shutdownLeaderElection(130)) - a7887d3a-ac12-44f2-81f3-1f33b720a94f: shutdown a7887d3a-ac12-44f2-81f3-1f33b720a94f@group-C034F83223F2-LeaderElection23
2023-01-26 20:31:56,976 [a7887d3a-ac12-44f2-81f3-1f33b720a94f@group-C034F83223F2-LeaderElection23] INFO  server.RaftServer$Division (RaftServerImpl.java:setRole(321)) - a7887d3a-ac12-44f2-81f3-1f33b720a94f@group-C034F83223F2: changes role from CANDIDATE to LEADER at term 1 for changeToLeader
2023-01-26 20:31:56,976 [a7887d3a-ac12-44f2-81f3-1f33b720a94f@group-C034F83223F2-LeaderElection23] INFO  ratis.XceiverServerRatis (XceiverServerRatis.java:handleLeaderChangedNotification(904)) - Leader change notification received for group: group-C034F83223F2 with new leaderId: a7887d3a-ac12-44f2-81f3-1f33b720a94f
2023-01-26 20:31:56,976 [a7887d3a-ac12-44f2-81f3-1f33b720a94f@group-C034F83223F2-LeaderElection23] INFO  server.RaftServer$Division (ServerState.java:setLeader(313)) - a7887d3a-ac12-44f2-81f3-1f33b720a94f@group-C034F83223F2: change Leader from null to a7887d3a-ac12-44f2-81f3-1f33b720a94f at term 1 for becomeLeader, leader elected after 5074ms
2023-01-26 20:31:56,976 [a7887d3a-ac12-44f2-81f3-1f33b720a94f@group-C034F83223F2-LeaderElection23] INFO  server.RaftServerConfigKeys (ConfUtils.java:logGet(46)) - raft.server.staging.catchup.gap = 1000 (default)
2023-01-26 20:31:56,977 [a7887d3a-ac12-44f2-81f3-1f33b720a94f@group-C034F83223F2-LeaderElection23] INFO  server.RaftServerConfigKeys (ConfUtils.java:logGet(46)) - raft.server.write.element-limit = 1024 (custom)
2023-01-26 20:31:56,977 [a7887d3a-ac12-44f2-81f3-1f33b720a94f@group-C034F83223F2-LeaderElection23] INFO  server.RaftServerConfigKeys (ConfUtils.java:logGet(46)) - raft.server.write.byte-limit = 1024 M (=1073741824) (custom)
2023-01-26 20:31:56,977 [a7887d3a-ac12-44f2-81f3-1f33b720a94f@group-C034F83223F2-LeaderElection23] INFO  server.RaftServerConfigKeys (ConfUtils.java:logGet(46)) - raft.server.watch.timeout = 180s (custom)
2023-01-26 20:31:56,977 [EventQueue-OpenPipelineForHealthyPipelineSafeModeRule] INFO  safemode.SCMSafeModeManager (HealthyPipelineSafeModeRule.java:process(137)) - SCM in safe mode. Healthy pipelines reported count is 0, required healthy pipeline reported count is 1
2023-01-26 20:31:56,977 [a7887d3a-ac12-44f2-81f3-1f33b720a94f@group-C034F83223F2-LeaderElection23] INFO  server.RaftServerConfigKeys (ConfUtils.java:logGet(46)) - raft.server.watch.timeout.denomination = 1s (default)
2023-01-26 20:31:56,977 [a7887d3a-ac12-44f2-81f3-1f33b720a94f@group-C034F83223F2-LeaderElection23] INFO  server.RaftServerConfigKeys (ConfUtils.java:logGet(46)) - raft.server.watch.element-limit = 65536 (default)
2023-01-26 20:31:56,977 [a7887d3a-ac12-44f2-81f3-1f33b720a94f@group-C034F83223F2-LeaderElection23] INFO  server.RaftServerConfigKeys (ConfUtils.java:logGet(46)) - raft.server.write.element-limit = 1024 (custom)
2023-01-26 20:31:56,977 [a7887d3a-ac12-44f2-81f3-1f33b720a94f@group-C034F83223F2-LeaderElection23] INFO  server.RaftServerConfigKeys (ConfUtils.java:logGet(46)) - raft.server.write.follower.gap.ratio.max = -1.0 (default)
2023-01-26 20:31:56,978 [a7887d3a-ac12-44f2-81f3-1f33b720a94f@group-C034F83223F2-LeaderElection23] INFO  impl.RoleInfo (RoleInfo.java:updateAndGet(139)) - a7887d3a-ac12-44f2-81f3-1f33b720a94f: start a7887d3a-ac12-44f2-81f3-1f33b720a94f@group-C034F83223F2-LeaderStateImpl
2023-01-26 20:31:56,978 [a7887d3a-ac12-44f2-81f3-1f33b720a94f@group-C034F83223F2-LeaderElection23] INFO  segmented.SegmentedRaftLogWorker (SegmentedRaftLogWorker.java:startLogSegment(452)) - a7887d3a-ac12-44f2-81f3-1f33b720a94f@group-C034F83223F2-SegmentedRaftLogWorker: Starting segment from index:0
2023-01-26 20:31:56,981 [a7887d3a-ac12-44f2-81f3-1f33b720a94f@group-C034F83223F2-LeaderElection23] INFO  server.RaftServer$Division (ServerState.java:setRaftConf(430)) - a7887d3a-ac12-44f2-81f3-1f33b720a94f@group-C034F83223F2: set configuration 0: peers:[a7887d3a-ac12-44f2-81f3-1f33b720a94f|rpc:10.1.0.15:36865|dataStream:10.1.0.15:32943|priority:1|startupRole:FOLLOWER]|listeners:[], old=null
2023-01-26 20:31:56,982 [a7887d3a-ac12-44f2-81f3-1f33b720a94f@group-C034F83223F2-SegmentedRaftLogWorker] INFO  segmented.SegmentedRaftLogWorker (SegmentedRaftLogWorker.java:execute(656)) - a7887d3a-ac12-44f2-81f3-1f33b720a94f@group-C034F83223F2-SegmentedRaftLogWorker: created new log segment /home/runner/work/ozone/ozone/hadoop-ozone/integration-test/target/test-dir/MiniOzoneClusterImpl-885fda24-0582-4ee7-b43d-362ebd6c8d83/datanode-0/data/ratis/50fd6092-f481-4a0f-91a7-c034f83223f2/current/log_inprogress_0
2023-01-26 20:31:57,073 [a7887d3a-ac12-44f2-81f3-1f33b720a94f@group-1C34DF8C7ECE-FollowerState] INFO  impl.FollowerState (FollowerState.java:run(143)) - a7887d3a-ac12-44f2-81f3-1f33b720a94f@group-1C34DF8C7ECE-FollowerState: change to CANDIDATE, lastRpcElapsedTime:5136734957ns, electionTimeout:5132ms
2023-01-26 20:31:57,073 [a7887d3a-ac12-44f2-81f3-1f33b720a94f@group-1C34DF8C7ECE-FollowerState] INFO  impl.RoleInfo (RoleInfo.java:shutdownFollowerState(110)) - a7887d3a-ac12-44f2-81f3-1f33b720a94f: shutdown a7887d3a-ac12-44f2-81f3-1f33b720a94f@group-1C34DF8C7ECE-FollowerState
2023-01-26 20:31:57,073 [a7887d3a-ac12-44f2-81f3-1f33b720a94f@group-1C34DF8C7ECE-FollowerState] INFO  server.RaftServer$Division (RaftServerImpl.java:setRole(321)) - a7887d3a-ac12-44f2-81f3-1f33b720a94f@group-1C34DF8C7ECE: changes role from  FOLLOWER to CANDIDATE at term 0 for changeToCandidate
2023-01-26 20:31:57,073 [a7887d3a-ac12-44f2-81f3-1f33b720a94f@group-1C34DF8C7ECE-FollowerState] INFO  server.RaftServerConfigKeys (ConfUtils.java:logGet(46)) - raft.server.leaderelection.pre-vote = false (custom)
2023-01-26 20:31:57,074 [a7887d3a-ac12-44f2-81f3-1f33b720a94f@group-1C34DF8C7ECE-FollowerState] INFO  impl.RoleInfo (RoleInfo.java:updateAndGet(139)) - a7887d3a-ac12-44f2-81f3-1f33b720a94f: start a7887d3a-ac12-44f2-81f3-1f33b720a94f@group-1C34DF8C7ECE-LeaderElection24
2023-01-26 20:31:57,077 [a7887d3a-ac12-44f2-81f3-1f33b720a94f@group-1C34DF8C7ECE-LeaderElection24] INFO  impl.LeaderElection (LeaderElection.java:askForVotes(312)) - a7887d3a-ac12-44f2-81f3-1f33b720a94f@group-1C34DF8C7ECE-LeaderElection24 ELECTION round 0: submit vote requests at term 1 for -1: peers:[8116f3ad-43fd-49d6-b38b-c9c4aa8410ec|rpc:10.1.0.15:43645|dataStream:10.1.0.15:43077|priority:0|startupRole:FOLLOWER, a7887d3a-ac12-44f2-81f3-1f33b720a94f|rpc:10.1.0.15:36865|dataStream:10.1.0.15:32943|priority:0|startupRole:FOLLOWER, 40d8d262-8836-439b-84c4-75233c3da079|rpc:10.1.0.15:33521|dataStream:10.1.0.15:41237|priority:1|startupRole:FOLLOWER]|listeners:[], old=null
2023-01-26 20:31:57,077 [a7887d3a-ac12-44f2-81f3-1f33b720a94f@group-1C34DF8C7ECE-LeaderElection24] INFO  server.RaftServerConfigKeys (ConfUtils.java:logFallback(53)) - raft.server.rpc.first-election.timeout.min = 5s (fallback to raft.server.rpc.timeout.min)
2023-01-26 20:31:57,077 [a7887d3a-ac12-44f2-81f3-1f33b720a94f@group-1C34DF8C7ECE-LeaderElection24-1] INFO  server.GrpcServerProtocolClient (GrpcServerProtocolClient.java:<init>(63)) - Build channel for 8116f3ad-43fd-49d6-b38b-c9c4aa8410ec
2023-01-26 20:31:57,077 [a7887d3a-ac12-44f2-81f3-1f33b720a94f@group-1C34DF8C7ECE-LeaderElection24] INFO  server.RaftServerConfigKeys (ConfUtils.java:logFallback(53)) - raft.server.rpc.first-election.timeout.max = 5200ms (fallback to raft.server.rpc.timeout.max)
2023-01-26 20:31:57,078 [a7887d3a-ac12-44f2-81f3-1f33b720a94f@group-1C34DF8C7ECE-LeaderElection24-2] INFO  server.GrpcServerProtocolClient (GrpcServerProtocolClient.java:<init>(63)) - Build channel for 40d8d262-8836-439b-84c4-75233c3da079
2023-01-26 20:31:57,082 [8116f3ad-43fd-49d6-b38b-c9c4aa8410ec@group-1C34DF8C7ECE-FollowerState] INFO  impl.FollowerState (FollowerState.java:run(143)) - 8116f3ad-43fd-49d6-b38b-c9c4aa8410ec@group-1C34DF8C7ECE-FollowerState: change to CANDIDATE, lastRpcElapsedTime:5114337798ns, electionTimeout:5113ms
2023-01-26 20:31:57,082 [8116f3ad-43fd-49d6-b38b-c9c4aa8410ec@group-1C34DF8C7ECE-FollowerState] INFO  impl.RoleInfo (RoleInfo.java:shutdownFollowerState(110)) - 8116f3ad-43fd-49d6-b38b-c9c4aa8410ec: shutdown 8116f3ad-43fd-49d6-b38b-c9c4aa8410ec@group-1C34DF8C7ECE-FollowerState
2023-01-26 20:31:57,082 [8116f3ad-43fd-49d6-b38b-c9c4aa8410ec@group-1C34DF8C7ECE-FollowerState] INFO  server.RaftServer$Division (RaftServerImpl.java:setRole(321)) - 8116f3ad-43fd-49d6-b38b-c9c4aa8410ec@group-1C34DF8C7ECE: changes role from  FOLLOWER to CANDIDATE at term 0 for changeToCandidate
2023-01-26 20:31:57,082 [8116f3ad-43fd-49d6-b38b-c9c4aa8410ec@group-1C34DF8C7ECE-FollowerState] INFO  server.RaftServerConfigKeys (ConfUtils.java:logGet(46)) - raft.server.leaderelection.pre-vote = false (custom)
2023-01-26 20:31:57,082 [8116f3ad-43fd-49d6-b38b-c9c4aa8410ec@group-1C34DF8C7ECE-FollowerState] INFO  impl.RoleInfo (RoleInfo.java:updateAndGet(139)) - 8116f3ad-43fd-49d6-b38b-c9c4aa8410ec: start 8116f3ad-43fd-49d6-b38b-c9c4aa8410ec@group-1C34DF8C7ECE-LeaderElection25
2023-01-26 20:31:57,087 [grpc-default-executor-3] INFO  server.RaftServer$Division (RaftServerImpl.java:requestVote(1218)) - 40d8d262-8836-439b-84c4-75233c3da079@group-1C34DF8C7ECE: receive requestVote(ELECTION, a7887d3a-ac12-44f2-81f3-1f33b720a94f, group-1C34DF8C7ECE, 1, (t:0, i:0))
2023-01-26 20:31:57,088 [grpc-default-executor-3] INFO  impl.VoteContext (VoteContext.java:log(49)) - 40d8d262-8836-439b-84c4-75233c3da079@group-1C34DF8C7ECE-FOLLOWER: reject ELECTION from a7887d3a-ac12-44f2-81f3-1f33b720a94f: our priority 1 > candidate's priority 0
2023-01-26 20:31:57,088 [grpc-default-executor-3] INFO  server.RaftServer$Division (RaftServerImpl.java:setRole(321)) - 40d8d262-8836-439b-84c4-75233c3da079@group-1C34DF8C7ECE: changes role from  FOLLOWER to FOLLOWER at term 1 for candidate:a7887d3a-ac12-44f2-81f3-1f33b720a94f
2023-01-26 20:31:57,088 [grpc-default-executor-3] INFO  impl.RoleInfo (RoleInfo.java:shutdownFollowerState(110)) - 40d8d262-8836-439b-84c4-75233c3da079: shutdown 40d8d262-8836-439b-84c4-75233c3da079@group-1C34DF8C7ECE-FollowerState
2023-01-26 20:31:57,088 [grpc-default-executor-3] INFO  impl.RoleInfo (RoleInfo.java:updateAndGet(139)) - 40d8d262-8836-439b-84c4-75233c3da079: start 40d8d262-8836-439b-84c4-75233c3da079@group-1C34DF8C7ECE-FollowerState
2023-01-26 20:31:57,088 [40d8d262-8836-439b-84c4-75233c3da079@group-1C34DF8C7ECE-FollowerState] INFO  impl.FollowerState (FollowerState.java:run(152)) - 40d8d262-8836-439b-84c4-75233c3da079@group-1C34DF8C7ECE-FollowerState was interrupted
2023-01-26 20:31:57,091 [8116f3ad-43fd-49d6-b38b-c9c4aa8410ec@group-1C34DF8C7ECE-LeaderElection25] INFO  impl.LeaderElection (LeaderElection.java:askForVotes(312)) - 8116f3ad-43fd-49d6-b38b-c9c4aa8410ec@group-1C34DF8C7ECE-LeaderElection25 ELECTION round 0: submit vote requests at term 1 for -1: peers:[8116f3ad-43fd-49d6-b38b-c9c4aa8410ec|rpc:10.1.0.15:43645|dataStream:10.1.0.15:43077|priority:0|startupRole:FOLLOWER, a7887d3a-ac12-44f2-81f3-1f33b720a94f|rpc:10.1.0.15:36865|dataStream:10.1.0.15:32943|priority:0|startupRole:FOLLOWER, 40d8d262-8836-439b-84c4-75233c3da079|rpc:10.1.0.15:33521|dataStream:10.1.0.15:41237|priority:1|startupRole:FOLLOWER]|listeners:[], old=null
2023-01-26 20:31:57,096 [grpc-default-executor-3] INFO  server.RaftServer$Division (RaftServerImpl.java:requestVote(1251)) - 40d8d262-8836-439b-84c4-75233c3da079@group-1C34DF8C7ECE replies to ELECTION vote request: a7887d3a-ac12-44f2-81f3-1f33b720a94f<-40d8d262-8836-439b-84c4-75233c3da079#0:FAIL-t1. Peer's state: 40d8d262-8836-439b-84c4-75233c3da079@group-1C34DF8C7ECE:t1, leader=null, voted=null, raftlog=Memoized:40d8d262-8836-439b-84c4-75233c3da079@group-1C34DF8C7ECE-SegmentedRaftLog:OPENED:c-1, conf=-1: peers:[8116f3ad-43fd-49d6-b38b-c9c4aa8410ec|rpc:10.1.0.15:43645|dataStream:10.1.0.15:43077|priority:0|startupRole:FOLLOWER, a7887d3a-ac12-44f2-81f3-1f33b720a94f|rpc:10.1.0.15:36865|dataStream:10.1.0.15:32943|priority:0|startupRole:FOLLOWER, 40d8d262-8836-439b-84c4-75233c3da079|rpc:10.1.0.15:33521|dataStream:10.1.0.15:41237|priority:1|startupRole:FOLLOWER]|listeners:[], old=null
2023-01-26 20:31:57,096 [grpc-default-executor-2] INFO  server.RaftServer$Division (RaftServerImpl.java:requestVote(1218)) - 8116f3ad-43fd-49d6-b38b-c9c4aa8410ec@group-1C34DF8C7ECE: receive requestVote(ELECTION, a7887d3a-ac12-44f2-81f3-1f33b720a94f, group-1C34DF8C7ECE, 1, (t:0, i:0))
2023-01-26 20:31:57,097 [grpc-default-executor-2] INFO  impl.VoteContext (VoteContext.java:log(49)) - 8116f3ad-43fd-49d6-b38b-c9c4aa8410ec@group-1C34DF8C7ECE-CANDIDATE: reject ELECTION from a7887d3a-ac12-44f2-81f3-1f33b720a94f: already has voted for 8116f3ad-43fd-49d6-b38b-c9c4aa8410ec at current term 1
2023-01-26 20:31:57,097 [grpc-default-executor-2] INFO  server.RaftServer$Division (RaftServerImpl.java:requestVote(1251)) - 8116f3ad-43fd-49d6-b38b-c9c4aa8410ec@group-1C34DF8C7ECE replies to ELECTION vote request: a7887d3a-ac12-44f2-81f3-1f33b720a94f<-8116f3ad-43fd-49d6-b38b-c9c4aa8410ec#0:FAIL-t1. Peer's state: 8116f3ad-43fd-49d6-b38b-c9c4aa8410ec@group-1C34DF8C7ECE:t1, leader=null, voted=8116f3ad-43fd-49d6-b38b-c9c4aa8410ec, raftlog=Memoized:8116f3ad-43fd-49d6-b38b-c9c4aa8410ec@group-1C34DF8C7ECE-SegmentedRaftLog:OPENED:c-1, conf=-1: peers:[8116f3ad-43fd-49d6-b38b-c9c4aa8410ec|rpc:10.1.0.15:43645|dataStream:10.1.0.15:43077|priority:0|startupRole:FOLLOWER, a7887d3a-ac12-44f2-81f3-1f33b720a94f|rpc:10.1.0.15:36865|dataStream:10.1.0.15:32943|priority:0|startupRole:FOLLOWER, 40d8d262-8836-439b-84c4-75233c3da079|rpc:10.1.0.15:33521|dataStream:10.1.0.15:41237|priority:1|startupRole:FOLLOWER]|listeners:[], old=null
2023-01-26 20:31:57,097 [8116f3ad-43fd-49d6-b38b-c9c4aa8410ec@group-1C34DF8C7ECE-LeaderElection25-1] INFO  server.GrpcServerProtocolClient (GrpcServerProtocolClient.java:<init>(63)) - Build channel for a7887d3a-ac12-44f2-81f3-1f33b720a94f
2023-01-26 20:31:57,097 [8116f3ad-43fd-49d6-b38b-c9c4aa8410ec@group-1C34DF8C7ECE-LeaderElection25] INFO  server.RaftServerConfigKeys (ConfUtils.java:logFallback(53)) - raft.server.rpc.first-election.timeout.min = 5s (fallback to raft.server.rpc.timeout.min)
2023-01-26 20:31:57,097 [40d8d262-8836-439b-84c4-75233c3da079@group-1C34DF8C7ECE-FollowerState] INFO  server.RaftServerConfigKeys (ConfUtils.java:logFallback(53)) - raft.server.rpc.first-election.timeout.min = 5s (fallback to raft.server.rpc.timeout.min)
2023-01-26 20:31:57,097 [8116f3ad-43fd-49d6-b38b-c9c4aa8410ec@group-1C34DF8C7ECE-LeaderElection25] INFO  server.RaftServerConfigKeys (ConfUtils.java:logFallback(53)) - raft.server.rpc.first-election.timeout.max = 5200ms (fallback to raft.server.rpc.timeout.max)
2023-01-26 20:31:57,097 [40d8d262-8836-439b-84c4-75233c3da079@group-1C34DF8C7ECE-FollowerState] INFO  server.RaftServerConfigKeys (ConfUtils.java:logFallback(53)) - raft.server.rpc.first-election.timeout.max = 5200ms (fallback to raft.server.rpc.timeout.max)
2023-01-26 20:31:57,105 [8116f3ad-43fd-49d6-b38b-c9c4aa8410ec@group-1C34DF8C7ECE-LeaderElection25-2] INFO  server.GrpcServerProtocolClient (GrpcServerProtocolClient.java:<init>(63)) - Build channel for 40d8d262-8836-439b-84c4-75233c3da079
2023-01-26 20:31:57,105 [a7887d3a-ac12-44f2-81f3-1f33b720a94f@group-1C34DF8C7ECE-LeaderElection24] INFO  impl.LeaderElection (LeaderElection.java:logAndReturn(90)) - a7887d3a-ac12-44f2-81f3-1f33b720a94f@group-1C34DF8C7ECE-LeaderElection24: ELECTION REJECTED received 2 response(s) and 0 exception(s):
2023-01-26 20:31:57,106 [a7887d3a-ac12-44f2-81f3-1f33b720a94f@group-1C34DF8C7ECE-LeaderElection24] INFO  impl.LeaderElection (LeaderElection.java:logAndReturn(94)) -   Response 0: a7887d3a-ac12-44f2-81f3-1f33b720a94f<-8116f3ad-43fd-49d6-b38b-c9c4aa8410ec#0:FAIL-t1
2023-01-26 20:31:57,106 [a7887d3a-ac12-44f2-81f3-1f33b720a94f@group-1C34DF8C7ECE-LeaderElection24] INFO  impl.LeaderElection (LeaderElection.java:logAndReturn(94)) -   Response 1: a7887d3a-ac12-44f2-81f3-1f33b720a94f<-40d8d262-8836-439b-84c4-75233c3da079#0:FAIL-t1
2023-01-26 20:31:57,106 [a7887d3a-ac12-44f2-81f3-1f33b720a94f@group-1C34DF8C7ECE-LeaderElection24] INFO  impl.LeaderElection (LeaderElection.java:askForVotes(314)) - a7887d3a-ac12-44f2-81f3-1f33b720a94f@group-1C34DF8C7ECE-LeaderElection24 ELECTION round 0: result REJECTED
2023-01-26 20:31:57,107 [a7887d3a-ac12-44f2-81f3-1f33b720a94f@group-1C34DF8C7ECE-LeaderElection24] INFO  server.RaftServer$Division (RaftServerImpl.java:setRole(321)) - a7887d3a-ac12-44f2-81f3-1f33b720a94f@group-1C34DF8C7ECE: changes role from CANDIDATE to FOLLOWER at term 1 for REJECTED
2023-01-26 20:31:57,107 [a7887d3a-ac12-44f2-81f3-1f33b720a94f@group-1C34DF8C7ECE-LeaderElection24] INFO  impl.RoleInfo (RoleInfo.java:shutdownLeaderElection(130)) - a7887d3a-ac12-44f2-81f3-1f33b720a94f: shutdown a7887d3a-ac12-44f2-81f3-1f33b720a94f@group-1C34DF8C7ECE-LeaderElection24
2023-01-26 20:31:57,107 [a7887d3a-ac12-44f2-81f3-1f33b720a94f@group-1C34DF8C7ECE-LeaderElection24] INFO  impl.RoleInfo (RoleInfo.java:updateAndGet(139)) - a7887d3a-ac12-44f2-81f3-1f33b720a94f: start a7887d3a-ac12-44f2-81f3-1f33b720a94f@group-1C34DF8C7ECE-FollowerState
2023-01-26 20:31:57,113 [a7887d3a-ac12-44f2-81f3-1f33b720a94f@group-1C34DF8C7ECE-FollowerState] INFO  server.RaftServerConfigKeys (ConfUtils.java:logFallback(53)) - raft.server.rpc.first-election.timeout.min = 5s (fallback to raft.server.rpc.timeout.min)
2023-01-26 20:31:57,113 [a7887d3a-ac12-44f2-81f3-1f33b720a94f@group-1C34DF8C7ECE-FollowerState] INFO  server.RaftServerConfigKeys (ConfUtils.java:logFallback(53)) - raft.server.rpc.first-election.timeout.max = 5200ms (fallback to raft.server.rpc.timeout.max)
2023-01-26 20:31:57,122 [grpc-default-executor-3] INFO  server.RaftServer$Division (RaftServerImpl.java:requestVote(1218)) - 40d8d262-8836-439b-84c4-75233c3da079@group-1C34DF8C7ECE: receive requestVote(ELECTION, 8116f3ad-43fd-49d6-b38b-c9c4aa8410ec, group-1C34DF8C7ECE, 1, (t:0, i:0))
2023-01-26 20:31:57,122 [grpc-default-executor-3] INFO  impl.VoteContext (VoteContext.java:log(49)) - 40d8d262-8836-439b-84c4-75233c3da079@group-1C34DF8C7ECE-FOLLOWER: reject ELECTION from 8116f3ad-43fd-49d6-b38b-c9c4aa8410ec: our priority 1 > candidate's priority 0
2023-01-26 20:31:57,122 [grpc-default-executor-3] INFO  server.RaftServer$Division (RaftServerImpl.java:setRole(321)) - 40d8d262-8836-439b-84c4-75233c3da079@group-1C34DF8C7ECE: changes role from  FOLLOWER to FOLLOWER at term 1 for candidate:8116f3ad-43fd-49d6-b38b-c9c4aa8410ec
2023-01-26 20:31:57,122 [grpc-default-executor-3] INFO  impl.RoleInfo (RoleInfo.java:shutdownFollowerState(110)) - 40d8d262-8836-439b-84c4-75233c3da079: shutdown 40d8d262-8836-439b-84c4-75233c3da079@group-1C34DF8C7ECE-FollowerState
2023-01-26 20:31:57,122 [grpc-default-executor-3] INFO  impl.RoleInfo (RoleInfo.java:updateAndGet(139)) - 40d8d262-8836-439b-84c4-75233c3da079: start 40d8d262-8836-439b-84c4-75233c3da079@group-1C34DF8C7ECE-FollowerState
2023-01-26 20:31:57,122 [40d8d262-8836-439b-84c4-75233c3da079@group-1C34DF8C7ECE-FollowerState] INFO  impl.FollowerState (FollowerState.java:run(152)) - 40d8d262-8836-439b-84c4-75233c3da079@group-1C34DF8C7ECE-FollowerState was interrupted
2023-01-26 20:31:57,122 [grpc-default-executor-2] INFO  server.RaftServer$Division (RaftServerImpl.java:requestVote(1218)) - a7887d3a-ac12-44f2-81f3-1f33b720a94f@group-1C34DF8C7ECE: receive requestVote(ELECTION, 8116f3ad-43fd-49d6-b38b-c9c4aa8410ec, group-1C34DF8C7ECE, 1, (t:0, i:0))
2023-01-26 20:31:57,123 [grpc-default-executor-2] INFO  impl.VoteContext (VoteContext.java:log(49)) - a7887d3a-ac12-44f2-81f3-1f33b720a94f@group-1C34DF8C7ECE-FOLLOWER: reject ELECTION from 8116f3ad-43fd-49d6-b38b-c9c4aa8410ec: already has voted for a7887d3a-ac12-44f2-81f3-1f33b720a94f at current term 1
2023-01-26 20:31:57,123 [grpc-default-executor-2] INFO  server.RaftServer$Division (RaftServerImpl.java:requestVote(1251)) - a7887d3a-ac12-44f2-81f3-1f33b720a94f@group-1C34DF8C7ECE replies to ELECTION vote request: 8116f3ad-43fd-49d6-b38b-c9c4aa8410ec<-a7887d3a-ac12-44f2-81f3-1f33b720a94f#0:FAIL-t1. Peer's state: a7887d3a-ac12-44f2-81f3-1f33b720a94f@group-1C34DF8C7ECE:t1, leader=null, voted=a7887d3a-ac12-44f2-81f3-1f33b720a94f, raftlog=Memoized:a7887d3a-ac12-44f2-81f3-1f33b720a94f@group-1C34DF8C7ECE-SegmentedRaftLog:OPENED:c-1, conf=-1: peers:[8116f3ad-43fd-49d6-b38b-c9c4aa8410ec|rpc:10.1.0.15:43645|dataStream:10.1.0.15:43077|priority:0|startupRole:FOLLOWER, a7887d3a-ac12-44f2-81f3-1f33b720a94f|rpc:10.1.0.15:36865|dataStream:10.1.0.15:32943|priority:0|startupRole:FOLLOWER, 40d8d262-8836-439b-84c4-75233c3da079|rpc:10.1.0.15:33521|dataStream:10.1.0.15:41237|priority:1|startupRole:FOLLOWER]|listeners:[], old=null
2023-01-26 20:31:57,123 [grpc-default-executor-3] INFO  server.RaftServer$Division (RaftServerImpl.java:requestVote(1251)) - 40d8d262-8836-439b-84c4-75233c3da079@group-1C34DF8C7ECE replies to ELECTION vote request: 8116f3ad-43fd-49d6-b38b-c9c4aa8410ec<-40d8d262-8836-439b-84c4-75233c3da079#0:FAIL-t1. Peer's state: 40d8d262-8836-439b-84c4-75233c3da079@group-1C34DF8C7ECE:t1, leader=null, voted=null, raftlog=Memoized:40d8d262-8836-439b-84c4-75233c3da079@group-1C34DF8C7ECE-SegmentedRaftLog:OPENED:c-1, conf=-1: peers:[8116f3ad-43fd-49d6-b38b-c9c4aa8410ec|rpc:10.1.0.15:43645|dataStream:10.1.0.15:43077|priority:0|startupRole:FOLLOWER, a7887d3a-ac12-44f2-81f3-1f33b720a94f|rpc:10.1.0.15:36865|dataStream:10.1.0.15:32943|priority:0|startupRole:FOLLOWER, 40d8d262-8836-439b-84c4-75233c3da079|rpc:10.1.0.15:33521|dataStream:10.1.0.15:41237|priority:1|startupRole:FOLLOWER]|listeners:[], old=null
2023-01-26 20:31:57,125 [8116f3ad-43fd-49d6-b38b-c9c4aa8410ec@group-1C34DF8C7ECE-LeaderElection25] INFO  impl.LeaderElection (LeaderElection.java:logAndReturn(90)) - 8116f3ad-43fd-49d6-b38b-c9c4aa8410ec@group-1C34DF8C7ECE-LeaderElection25: ELECTION REJECTED received 1 response(s) and 0 exception(s):
2023-01-26 20:31:57,125 [8116f3ad-43fd-49d6-b38b-c9c4aa8410ec@group-1C34DF8C7ECE-LeaderElection25] INFO  impl.LeaderElection (LeaderElection.java:logAndReturn(94)) -   Response 0: 8116f3ad-43fd-49d6-b38b-c9c4aa8410ec<-40d8d262-8836-439b-84c4-75233c3da079#0:FAIL-t1
2023-01-26 20:31:57,125 [8116f3ad-43fd-49d6-b38b-c9c4aa8410ec@group-1C34DF8C7ECE-LeaderElection25] INFO  impl.LeaderElection (LeaderElection.java:askForVotes(314)) - 8116f3ad-43fd-49d6-b38b-c9c4aa8410ec@group-1C34DF8C7ECE-LeaderElection25 ELECTION round 0: result REJECTED
2023-01-26 20:31:57,125 [8116f3ad-43fd-49d6-b38b-c9c4aa8410ec@group-1C34DF8C7ECE-LeaderElection25] INFO  server.RaftServer$Division (RaftServerImpl.java:setRole(321)) - 8116f3ad-43fd-49d6-b38b-c9c4aa8410ec@group-1C34DF8C7ECE: changes role from CANDIDATE to FOLLOWER at term 1 for REJECTED
2023-01-26 20:31:57,125 [8116f3ad-43fd-49d6-b38b-c9c4aa8410ec@group-1C34DF8C7ECE-LeaderElection25] INFO  impl.RoleInfo (RoleInfo.java:shutdownLeaderElection(130)) - 8116f3ad-43fd-49d6-b38b-c9c4aa8410ec: shutdown 8116f3ad-43fd-49d6-b38b-c9c4aa8410ec@group-1C34DF8C7ECE-LeaderElection25
2023-01-26 20:31:57,125 [8116f3ad-43fd-49d6-b38b-c9c4aa8410ec@group-1C34DF8C7ECE-LeaderElection25] INFO  impl.RoleInfo (RoleInfo.java:updateAndGet(139)) - 8116f3ad-43fd-49d6-b38b-c9c4aa8410ec: start 8116f3ad-43fd-49d6-b38b-c9c4aa8410ec@group-1C34DF8C7ECE-FollowerState
2023-01-26 20:31:57,125 [40d8d262-8836-439b-84c4-75233c3da079@group-1C34DF8C7ECE-FollowerState] INFO  server.RaftServerConfigKeys (ConfUtils.java:logFallback(53)) - raft.server.rpc.first-election.timeout.min = 5s (fallback to raft.server.rpc.timeout.min)
2023-01-26 20:31:57,125 [40d8d262-8836-439b-84c4-75233c3da079@group-1C34DF8C7ECE-FollowerState] INFO  server.RaftServerConfigKeys (ConfUtils.java:logFallback(53)) - raft.server.rpc.first-election.timeout.max = 5200ms (fallback to raft.server.rpc.timeout.max)
2023-01-26 20:31:57,130 [8116f3ad-43fd-49d6-b38b-c9c4aa8410ec@group-1C34DF8C7ECE-FollowerState] INFO  server.RaftServerConfigKeys (ConfUtils.java:logFallback(53)) - raft.server.rpc.first-election.timeout.min = 5s (fallback to raft.server.rpc.timeout.min)
2023-01-26 20:31:57,130 [8116f3ad-43fd-49d6-b38b-c9c4aa8410ec@group-1C34DF8C7ECE-FollowerState] INFO  server.RaftServerConfigKeys (ConfUtils.java:logFallback(53)) - raft.server.rpc.first-election.timeout.max = 5200ms (fallback to raft.server.rpc.timeout.max)
2023-01-26 20:31:57,143 [Listener at 127.0.0.1/38041] INFO  ozone.MiniOzoneClusterImpl (MiniOzoneClusterImpl.java:lambda$waitForClusterToBeReady$0(218)) - Nodes are ready. Got 5 of 5 DN Heartbeats.
2023-01-26 20:31:57,143 [Listener at 127.0.0.1/38041] INFO  ozone.MiniOzoneClusterImpl (MiniOzoneClusterImpl.java:lambda$waitForClusterToBeReady$0(221)) - Waiting for cluster to exit safe mode
2023-01-26 20:31:57,143 [Listener at 127.0.0.1/38041] INFO  ozone.MiniOzoneClusterImpl (MiniOzoneClusterImpl.java:lambda$waitForClusterToBeReady$0(223)) - SCM became leader
2023-01-26 20:31:57,146 [40d8d262-8836-439b-84c4-75233c3da079@group-FD67D19C9032-FollowerState] INFO  impl.FollowerState (FollowerState.java:run(143)) - 40d8d262-8836-439b-84c4-75233c3da079@group-FD67D19C9032-FollowerState: change to CANDIDATE, lastRpcElapsedTime:5050502063ns, electionTimeout:5050ms
2023-01-26 20:31:57,146 [40d8d262-8836-439b-84c4-75233c3da079@group-FD67D19C9032-FollowerState] INFO  impl.RoleInfo (RoleInfo.java:shutdownFollowerState(110)) - 40d8d262-8836-439b-84c4-75233c3da079: shutdown 40d8d262-8836-439b-84c4-75233c3da079@group-FD67D19C9032-FollowerState
2023-01-26 20:31:57,147 [40d8d262-8836-439b-84c4-75233c3da079@group-FD67D19C9032-FollowerState] INFO  server.RaftServer$Division (RaftServerImpl.java:setRole(321)) - 40d8d262-8836-439b-84c4-75233c3da079@group-FD67D19C9032: changes role from  FOLLOWER to CANDIDATE at term 0 for changeToCandidate
2023-01-26 20:31:57,147 [40d8d262-8836-439b-84c4-75233c3da079@group-FD67D19C9032-FollowerState] INFO  server.RaftServerConfigKeys (ConfUtils.java:logGet(46)) - raft.server.leaderelection.pre-vote = false (custom)
2023-01-26 20:31:57,147 [40d8d262-8836-439b-84c4-75233c3da079@group-FD67D19C9032-FollowerState] INFO  impl.RoleInfo (RoleInfo.java:updateAndGet(139)) - 40d8d262-8836-439b-84c4-75233c3da079: start 40d8d262-8836-439b-84c4-75233c3da079@group-FD67D19C9032-LeaderElection26
2023-01-26 20:31:57,149 [40d8d262-8836-439b-84c4-75233c3da079@group-FD67D19C9032-LeaderElection26] INFO  impl.LeaderElection (LeaderElection.java:askForVotes(312)) - 40d8d262-8836-439b-84c4-75233c3da079@group-FD67D19C9032-LeaderElection26 ELECTION round 0: submit vote requests at term 1 for -1: peers:[8116f3ad-43fd-49d6-b38b-c9c4aa8410ec|rpc:10.1.0.15:43645|dataStream:10.1.0.15:43077|priority:1|startupRole:FOLLOWER, a7887d3a-ac12-44f2-81f3-1f33b720a94f|rpc:10.1.0.15:36865|dataStream:10.1.0.15:32943|priority:0|startupRole:FOLLOWER, 40d8d262-8836-439b-84c4-75233c3da079|rpc:10.1.0.15:33521|dataStream:10.1.0.15:41237|priority:0|startupRole:FOLLOWER]|listeners:[], old=null
2023-01-26 20:31:57,150 [40d8d262-8836-439b-84c4-75233c3da079@group-FD67D19C9032-LeaderElection26] INFO  server.RaftServerConfigKeys (ConfUtils.java:logFallback(53)) - raft.server.rpc.first-election.timeout.min = 5s (fallback to raft.server.rpc.timeout.min)
2023-01-26 20:31:57,150 [40d8d262-8836-439b-84c4-75233c3da079@group-FD67D19C9032-LeaderElection26-1] INFO  server.GrpcServerProtocolClient (GrpcServerProtocolClient.java:<init>(63)) - Build channel for 8116f3ad-43fd-49d6-b38b-c9c4aa8410ec
2023-01-26 20:31:57,150 [40d8d262-8836-439b-84c4-75233c3da079@group-FD67D19C9032-LeaderElection26-2] INFO  server.GrpcServerProtocolClient (GrpcServerProtocolClient.java:<init>(63)) - Build channel for a7887d3a-ac12-44f2-81f3-1f33b720a94f
2023-01-26 20:31:57,150 [40d8d262-8836-439b-84c4-75233c3da079@group-FD67D19C9032-LeaderElection26] INFO  server.RaftServerConfigKeys (ConfUtils.java:logFallback(53)) - raft.server.rpc.first-election.timeout.max = 5200ms (fallback to raft.server.rpc.timeout.max)
2023-01-26 20:31:57,158 [grpc-default-executor-3] INFO  server.RaftServer$Division (RaftServerImpl.java:requestVote(1218)) - a7887d3a-ac12-44f2-81f3-1f33b720a94f@group-FD67D19C9032: receive requestVote(ELECTION, 40d8d262-8836-439b-84c4-75233c3da079, group-FD67D19C9032, 1, (t:0, i:0))
2023-01-26 20:31:57,158 [grpc-default-executor-3] INFO  impl.VoteContext (VoteContext.java:log(49)) - a7887d3a-ac12-44f2-81f3-1f33b720a94f@group-FD67D19C9032-FOLLOWER: accept ELECTION from 40d8d262-8836-439b-84c4-75233c3da079: our priority 0 <= candidate's priority 0
2023-01-26 20:31:57,158 [grpc-default-executor-3] INFO  server.RaftServer$Division (RaftServerImpl.java:setRole(321)) - a7887d3a-ac12-44f2-81f3-1f33b720a94f@group-FD67D19C9032: changes role from  FOLLOWER to FOLLOWER at term 1 for candidate:40d8d262-8836-439b-84c4-75233c3da079
2023-01-26 20:31:57,158 [grpc-default-executor-3] INFO  impl.RoleInfo (RoleInfo.java:shutdownFollowerState(110)) - a7887d3a-ac12-44f2-81f3-1f33b720a94f: shutdown a7887d3a-ac12-44f2-81f3-1f33b720a94f@group-FD67D19C9032-FollowerState
2023-01-26 20:31:57,158 [grpc-default-executor-3] INFO  impl.RoleInfo (RoleInfo.java:updateAndGet(139)) - a7887d3a-ac12-44f2-81f3-1f33b720a94f: start a7887d3a-ac12-44f2-81f3-1f33b720a94f@group-FD67D19C9032-FollowerState
2023-01-26 20:31:57,158 [a7887d3a-ac12-44f2-81f3-1f33b720a94f@group-FD67D19C9032-FollowerState] INFO  impl.FollowerState (FollowerState.java:run(152)) - a7887d3a-ac12-44f2-81f3-1f33b720a94f@group-FD67D19C9032-FollowerState was interrupted
2023-01-26 20:31:57,160 [grpc-default-executor-3] INFO  server.RaftServer$Division (RaftServerImpl.java:requestVote(1251)) - a7887d3a-ac12-44f2-81f3-1f33b720a94f@group-FD67D19C9032 replies to ELECTION vote request: 40d8d262-8836-439b-84c4-75233c3da079<-a7887d3a-ac12-44f2-81f3-1f33b720a94f#0:OK-t1. Peer's state: a7887d3a-ac12-44f2-81f3-1f33b720a94f@group-FD67D19C9032:t1, leader=null, voted=40d8d262-8836-439b-84c4-75233c3da079, raftlog=Memoized:a7887d3a-ac12-44f2-81f3-1f33b720a94f@group-FD67D19C9032-SegmentedRaftLog:OPENED:c-1, conf=-1: peers:[8116f3ad-43fd-49d6-b38b-c9c4aa8410ec|rpc:10.1.0.15:43645|dataStream:10.1.0.15:43077|priority:1|startupRole:FOLLOWER, a7887d3a-ac12-44f2-81f3-1f33b720a94f|rpc:10.1.0.15:36865|dataStream:10.1.0.15:32943|priority:0|startupRole:FOLLOWER, 40d8d262-8836-439b-84c4-75233c3da079|rpc:10.1.0.15:33521|dataStream:10.1.0.15:41237|priority:0|startupRole:FOLLOWER]|listeners:[], old=null
2023-01-26 20:31:57,160 [a7887d3a-ac12-44f2-81f3-1f33b720a94f@group-FD67D19C9032-FollowerState] INFO  server.RaftServerConfigKeys (ConfUtils.java:logFallback(53)) - raft.server.rpc.first-election.timeout.min = 5s (fallback to raft.server.rpc.timeout.min)
2023-01-26 20:31:57,161 [a7887d3a-ac12-44f2-81f3-1f33b720a94f@group-FD67D19C9032-FollowerState] INFO  server.RaftServerConfigKeys (ConfUtils.java:logFallback(53)) - raft.server.rpc.first-election.timeout.max = 5200ms (fallback to raft.server.rpc.timeout.max)
2023-01-26 20:31:57,164 [grpc-default-executor-3] INFO  server.RaftServer$Division (RaftServerImpl.java:requestVote(1218)) - 8116f3ad-43fd-49d6-b38b-c9c4aa8410ec@group-FD67D19C9032: receive requestVote(ELECTION, 40d8d262-8836-439b-84c4-75233c3da079, group-FD67D19C9032, 1, (t:0, i:0))
2023-01-26 20:31:57,164 [grpc-default-executor-3] INFO  impl.VoteContext (VoteContext.java:log(49)) - 8116f3ad-43fd-49d6-b38b-c9c4aa8410ec@group-FD67D19C9032-FOLLOWER: reject ELECTION from 40d8d262-8836-439b-84c4-75233c3da079: our priority 1 > candidate's priority 0
2023-01-26 20:31:57,164 [grpc-default-executor-3] INFO  server.RaftServer$Division (RaftServerImpl.java:setRole(321)) - 8116f3ad-43fd-49d6-b38b-c9c4aa8410ec@group-FD67D19C9032: changes role from  FOLLOWER to FOLLOWER at term 1 for candidate:40d8d262-8836-439b-84c4-75233c3da079
2023-01-26 20:31:57,164 [grpc-default-executor-3] INFO  impl.RoleInfo (RoleInfo.java:shutdownFollowerState(110)) - 8116f3ad-43fd-49d6-b38b-c9c4aa8410ec: shutdown 8116f3ad-43fd-49d6-b38b-c9c4aa8410ec@group-FD67D19C9032-FollowerState
2023-01-26 20:31:57,164 [grpc-default-executor-3] INFO  impl.RoleInfo (RoleInfo.java:updateAndGet(139)) - 8116f3ad-43fd-49d6-b38b-c9c4aa8410ec: start 8116f3ad-43fd-49d6-b38b-c9c4aa8410ec@group-FD67D19C9032-FollowerState
2023-01-26 20:31:57,164 [8116f3ad-43fd-49d6-b38b-c9c4aa8410ec@group-FD67D19C9032-FollowerState] INFO  impl.FollowerState (FollowerState.java:run(152)) - 8116f3ad-43fd-49d6-b38b-c9c4aa8410ec@group-FD67D19C9032-FollowerState was interrupted
2023-01-26 20:31:57,172 [8116f3ad-43fd-49d6-b38b-c9c4aa8410ec@group-FD67D19C9032-FollowerState] INFO  server.RaftServerConfigKeys (ConfUtils.java:logFallback(53)) - raft.server.rpc.first-election.timeout.min = 5s (fallback to raft.server.rpc.timeout.min)
2023-01-26 20:31:57,172 [8116f3ad-43fd-49d6-b38b-c9c4aa8410ec@group-FD67D19C9032-FollowerState] INFO  server.RaftServerConfigKeys (ConfUtils.java:logFallback(53)) - raft.server.rpc.first-election.timeout.max = 5200ms (fallback to raft.server.rpc.timeout.max)
2023-01-26 20:31:57,173 [grpc-default-executor-3] INFO  server.RaftServer$Division (RaftServerImpl.java:requestVote(1251)) - 8116f3ad-43fd-49d6-b38b-c9c4aa8410ec@group-FD67D19C9032 replies to ELECTION vote request: 40d8d262-8836-439b-84c4-75233c3da079<-8116f3ad-43fd-49d6-b38b-c9c4aa8410ec#0:FAIL-t1. Peer's state: 8116f3ad-43fd-49d6-b38b-c9c4aa8410ec@group-FD67D19C9032:t1, leader=null, voted=null, raftlog=Memoized:8116f3ad-43fd-49d6-b38b-c9c4aa8410ec@group-FD67D19C9032-SegmentedRaftLog:OPENED:c-1, conf=-1: peers:[8116f3ad-43fd-49d6-b38b-c9c4aa8410ec|rpc:10.1.0.15:43645|dataStream:10.1.0.15:43077|priority:1|startupRole:FOLLOWER, a7887d3a-ac12-44f2-81f3-1f33b720a94f|rpc:10.1.0.15:36865|dataStream:10.1.0.15:32943|priority:0|startupRole:FOLLOWER, 40d8d262-8836-439b-84c4-75233c3da079|rpc:10.1.0.15:33521|dataStream:10.1.0.15:41237|priority:0|startupRole:FOLLOWER]|listeners:[], old=null
2023-01-26 20:31:57,174 [40d8d262-8836-439b-84c4-75233c3da079@group-FD67D19C9032-LeaderElection26] INFO  impl.LeaderElection (LeaderElection.java:logAndReturn(90)) - 40d8d262-8836-439b-84c4-75233c3da079@group-FD67D19C9032-LeaderElection26: ELECTION REJECTED received 2 response(s) and 0 exception(s):
2023-01-26 20:31:57,174 [40d8d262-8836-439b-84c4-75233c3da079@group-FD67D19C9032-LeaderElection26] INFO  impl.LeaderElection (LeaderElection.java:logAndReturn(94)) -   Response 0: 40d8d262-8836-439b-84c4-75233c3da079<-8116f3ad-43fd-49d6-b38b-c9c4aa8410ec#0:FAIL-t1
2023-01-26 20:31:57,174 [40d8d262-8836-439b-84c4-75233c3da079@group-FD67D19C9032-LeaderElection26] INFO  impl.LeaderElection (LeaderElection.java:logAndReturn(94)) -   Response 1: 40d8d262-8836-439b-84c4-75233c3da079<-a7887d3a-ac12-44f2-81f3-1f33b720a94f#0:OK-t1
2023-01-26 20:31:57,174 [40d8d262-8836-439b-84c4-75233c3da079@group-FD67D19C9032-LeaderElection26] INFO  impl.LeaderElection (LeaderElection.java:askForVotes(314)) - 40d8d262-8836-439b-84c4-75233c3da079@group-FD67D19C9032-LeaderElection26 ELECTION round 0: result REJECTED
2023-01-26 20:31:57,174 [40d8d262-8836-439b-84c4-75233c3da079@group-FD67D19C9032-LeaderElection26] INFO  server.RaftServer$Division (RaftServerImpl.java:setRole(321)) - 40d8d262-8836-439b-84c4-75233c3da079@group-FD67D19C9032: changes role from CANDIDATE to FOLLOWER at term 1 for REJECTED
2023-01-26 20:31:57,174 [40d8d262-8836-439b-84c4-75233c3da079@group-FD67D19C9032-LeaderElection26] INFO  impl.RoleInfo (RoleInfo.java:shutdownLeaderElection(130)) - 40d8d262-8836-439b-84c4-75233c3da079: shutdown 40d8d262-8836-439b-84c4-75233c3da079@group-FD67D19C9032-LeaderElection26
2023-01-26 20:31:57,174 [40d8d262-8836-439b-84c4-75233c3da079@group-FD67D19C9032-LeaderElection26] INFO  impl.RoleInfo (RoleInfo.java:updateAndGet(139)) - 40d8d262-8836-439b-84c4-75233c3da079: start 40d8d262-8836-439b-84c4-75233c3da079@group-FD67D19C9032-FollowerState
2023-01-26 20:31:57,175 [40d8d262-8836-439b-84c4-75233c3da079@group-FD67D19C9032-FollowerState] INFO  server.RaftServerConfigKeys (ConfUtils.java:logFallback(53)) - raft.server.rpc.first-election.timeout.min = 5s (fallback to raft.server.rpc.timeout.min)
2023-01-26 20:31:57,181 [40d8d262-8836-439b-84c4-75233c3da079@group-FD67D19C9032-FollowerState] INFO  server.RaftServerConfigKeys (ConfUtils.java:logFallback(53)) - raft.server.rpc.first-election.timeout.max = 5200ms (fallback to raft.server.rpc.timeout.max)
2023-01-26 20:31:57,415 [8116f3ad-43fd-49d6-b38b-c9c4aa8410ec@group-3FC70AA94473-FollowerState] INFO  impl.FollowerState (FollowerState.java:run(143)) - 8116f3ad-43fd-49d6-b38b-c9c4aa8410ec@group-3FC70AA94473-FollowerState: change to CANDIDATE, lastRpcElapsedTime:5185507019ns, electionTimeout:5185ms
2023-01-26 20:31:57,415 [8116f3ad-43fd-49d6-b38b-c9c4aa8410ec@group-3FC70AA94473-FollowerState] INFO  impl.RoleInfo (RoleInfo.java:shutdownFollowerState(110)) - 8116f3ad-43fd-49d6-b38b-c9c4aa8410ec: shutdown 8116f3ad-43fd-49d6-b38b-c9c4aa8410ec@group-3FC70AA94473-FollowerState
2023-01-26 20:31:57,416 [8116f3ad-43fd-49d6-b38b-c9c4aa8410ec@group-3FC70AA94473-FollowerState] INFO  server.RaftServer$Division (RaftServerImpl.java:setRole(321)) - 8116f3ad-43fd-49d6-b38b-c9c4aa8410ec@group-3FC70AA94473: changes role from  FOLLOWER to CANDIDATE at term 0 for changeToCandidate
2023-01-26 20:31:57,416 [8116f3ad-43fd-49d6-b38b-c9c4aa8410ec@group-3FC70AA94473-FollowerState] INFO  server.RaftServerConfigKeys (ConfUtils.java:logGet(46)) - raft.server.leaderelection.pre-vote = false (custom)
2023-01-26 20:31:57,416 [8116f3ad-43fd-49d6-b38b-c9c4aa8410ec@group-3FC70AA94473-FollowerState] INFO  impl.RoleInfo (RoleInfo.java:updateAndGet(139)) - 8116f3ad-43fd-49d6-b38b-c9c4aa8410ec: start 8116f3ad-43fd-49d6-b38b-c9c4aa8410ec@group-3FC70AA94473-LeaderElection27
2023-01-26 20:31:57,420 [8116f3ad-43fd-49d6-b38b-c9c4aa8410ec@group-3FC70AA94473-LeaderElection27] INFO  impl.LeaderElection (LeaderElection.java:askForVotes(312)) - 8116f3ad-43fd-49d6-b38b-c9c4aa8410ec@group-3FC70AA94473-LeaderElection27 ELECTION round 0: submit vote requests at term 1 for -1: peers:[8116f3ad-43fd-49d6-b38b-c9c4aa8410ec|rpc:10.1.0.15:43645|dataStream:10.1.0.15:43077|priority:1|startupRole:FOLLOWER]|listeners:[], old=null
2023-01-26 20:31:57,420 [8116f3ad-43fd-49d6-b38b-c9c4aa8410ec@group-3FC70AA94473-LeaderElection27] INFO  impl.LeaderElection (LeaderElection.java:askForVotes(314)) - 8116f3ad-43fd-49d6-b38b-c9c4aa8410ec@group-3FC70AA94473-LeaderElection27 ELECTION round 0: result PASSED (term=1)
2023-01-26 20:31:57,420 [8116f3ad-43fd-49d6-b38b-c9c4aa8410ec@group-3FC70AA94473-LeaderElection27] INFO  impl.RoleInfo (RoleInfo.java:shutdownLeaderElection(130)) - 8116f3ad-43fd-49d6-b38b-c9c4aa8410ec: shutdown 8116f3ad-43fd-49d6-b38b-c9c4aa8410ec@group-3FC70AA94473-LeaderElection27
2023-01-26 20:31:57,420 [8116f3ad-43fd-49d6-b38b-c9c4aa8410ec@group-3FC70AA94473-LeaderElection27] INFO  server.RaftServer$Division (RaftServerImpl.java:setRole(321)) - 8116f3ad-43fd-49d6-b38b-c9c4aa8410ec@group-3FC70AA94473: changes role from CANDIDATE to LEADER at term 1 for changeToLeader
2023-01-26 20:31:57,420 [8116f3ad-43fd-49d6-b38b-c9c4aa8410ec@group-3FC70AA94473-LeaderElection27] INFO  ratis.XceiverServerRatis (XceiverServerRatis.java:handleLeaderChangedNotification(904)) - Leader change notification received for group: group-3FC70AA94473 with new leaderId: 8116f3ad-43fd-49d6-b38b-c9c4aa8410ec
2023-01-26 20:31:57,420 [8116f3ad-43fd-49d6-b38b-c9c4aa8410ec@group-3FC70AA94473-LeaderElection27] INFO  server.RaftServer$Division (ServerState.java:setLeader(313)) - 8116f3ad-43fd-49d6-b38b-c9c4aa8410ec@group-3FC70AA94473: change Leader from null to 8116f3ad-43fd-49d6-b38b-c9c4aa8410ec at term 1 for becomeLeader, leader elected after 5203ms
2023-01-26 20:31:57,421 [8116f3ad-43fd-49d6-b38b-c9c4aa8410ec@group-3FC70AA94473-LeaderElection27] INFO  server.RaftServerConfigKeys (ConfUtils.java:logGet(46)) - raft.server.staging.catchup.gap = 1000 (default)
2023-01-26 20:31:57,421 [8116f3ad-43fd-49d6-b38b-c9c4aa8410ec@group-3FC70AA94473-LeaderElection27] INFO  server.RaftServerConfigKeys (ConfUtils.java:logGet(46)) - raft.server.write.element-limit = 1024 (custom)
2023-01-26 20:31:57,421 [8116f3ad-43fd-49d6-b38b-c9c4aa8410ec@group-3FC70AA94473-LeaderElection27] INFO  server.RaftServerConfigKeys (ConfUtils.java:logGet(46)) - raft.server.write.byte-limit = 1024 M (=1073741824) (custom)
2023-01-26 20:31:57,421 [8116f3ad-43fd-49d6-b38b-c9c4aa8410ec@group-3FC70AA94473-LeaderElection27] INFO  server.RaftServerConfigKeys (ConfUtils.java:logGet(46)) - raft.server.watch.timeout = 180s (custom)
2023-01-26 20:31:57,421 [8116f3ad-43fd-49d6-b38b-c9c4aa8410ec@group-3FC70AA94473-LeaderElection27] INFO  server.RaftServerConfigKeys (ConfUtils.java:logGet(46)) - raft.server.watch.timeout.denomination = 1s (default)
2023-01-26 20:31:57,421 [8116f3ad-43fd-49d6-b38b-c9c4aa8410ec@group-3FC70AA94473-LeaderElection27] INFO  server.RaftServerConfigKeys (ConfUtils.java:logGet(46)) - raft.server.watch.element-limit = 65536 (default)
2023-01-26 20:31:57,421 [8116f3ad-43fd-49d6-b38b-c9c4aa8410ec@group-3FC70AA94473-LeaderElection27] INFO  server.RaftServerConfigKeys (ConfUtils.java:logGet(46)) - raft.server.write.element-limit = 1024 (custom)
2023-01-26 20:31:57,421 [8116f3ad-43fd-49d6-b38b-c9c4aa8410ec@group-3FC70AA94473-LeaderElection27] INFO  server.RaftServerConfigKeys (ConfUtils.java:logGet(46)) - raft.server.write.follower.gap.ratio.max = -1.0 (default)
2023-01-26 20:31:57,421 [8116f3ad-43fd-49d6-b38b-c9c4aa8410ec@group-3FC70AA94473-LeaderElection27] INFO  impl.RoleInfo (RoleInfo.java:updateAndGet(139)) - 8116f3ad-43fd-49d6-b38b-c9c4aa8410ec: start 8116f3ad-43fd-49d6-b38b-c9c4aa8410ec@group-3FC70AA94473-LeaderStateImpl
2023-01-26 20:31:57,422 [8116f3ad-43fd-49d6-b38b-c9c4aa8410ec@group-3FC70AA94473-LeaderElection27] INFO  segmented.SegmentedRaftLogWorker (SegmentedRaftLogWorker.java:startLogSegment(452)) - 8116f3ad-43fd-49d6-b38b-c9c4aa8410ec@group-3FC70AA94473-SegmentedRaftLogWorker: Starting segment from index:0
2023-01-26 20:31:57,425 [8116f3ad-43fd-49d6-b38b-c9c4aa8410ec@group-3FC70AA94473-LeaderElection27] INFO  server.RaftServer$Division (ServerState.java:setRaftConf(430)) - 8116f3ad-43fd-49d6-b38b-c9c4aa8410ec@group-3FC70AA94473: set configuration 0: peers:[8116f3ad-43fd-49d6-b38b-c9c4aa8410ec|rpc:10.1.0.15:43645|dataStream:10.1.0.15:43077|priority:1|startupRole:FOLLOWER]|listeners:[], old=null
2023-01-26 20:31:57,426 [8116f3ad-43fd-49d6-b38b-c9c4aa8410ec@group-3FC70AA94473-SegmentedRaftLogWorker] INFO  segmented.SegmentedRaftLogWorker (SegmentedRaftLogWorker.java:execute(656)) - 8116f3ad-43fd-49d6-b38b-c9c4aa8410ec@group-3FC70AA94473-SegmentedRaftLogWorker: created new log segment /home/runner/work/ozone/ozone/hadoop-ozone/integration-test/target/test-dir/MiniOzoneClusterImpl-885fda24-0582-4ee7-b43d-362ebd6c8d83/datanode-1/data/ratis/9b99cd88-78b3-40c2-ac15-3fc70aa94473/current/log_inprogress_0
2023-01-26 20:31:57,426 [EventQueue-OpenPipelineForHealthyPipelineSafeModeRule] INFO  safemode.SCMSafeModeManager (HealthyPipelineSafeModeRule.java:process(137)) - SCM in safe mode. Healthy pipelines reported count is 0, required healthy pipeline reported count is 1
2023-01-26 20:31:57,676 [40d8d262-8836-439b-84c4-75233c3da079@group-9D68FA6751C1-FollowerState] INFO  impl.FollowerState (FollowerState.java:run(143)) - 40d8d262-8836-439b-84c4-75233c3da079@group-9D68FA6751C1-FollowerState: change to CANDIDATE, lastRpcElapsedTime:5113568189ns, electionTimeout:5113ms
2023-01-26 20:31:57,676 [40d8d262-8836-439b-84c4-75233c3da079@group-9D68FA6751C1-FollowerState] INFO  impl.RoleInfo (RoleInfo.java:shutdownFollowerState(110)) - 40d8d262-8836-439b-84c4-75233c3da079: shutdown 40d8d262-8836-439b-84c4-75233c3da079@group-9D68FA6751C1-FollowerState
2023-01-26 20:31:57,676 [40d8d262-8836-439b-84c4-75233c3da079@group-9D68FA6751C1-FollowerState] INFO  server.RaftServer$Division (RaftServerImpl.java:setRole(321)) - 40d8d262-8836-439b-84c4-75233c3da079@group-9D68FA6751C1: changes role from  FOLLOWER to CANDIDATE at term 0 for changeToCandidate
2023-01-26 20:31:57,676 [40d8d262-8836-439b-84c4-75233c3da079@group-9D68FA6751C1-FollowerState] INFO  server.RaftServerConfigKeys (ConfUtils.java:logGet(46)) - raft.server.leaderelection.pre-vote = false (custom)
2023-01-26 20:31:57,676 [40d8d262-8836-439b-84c4-75233c3da079@group-9D68FA6751C1-FollowerState] INFO  impl.RoleInfo (RoleInfo.java:updateAndGet(139)) - 40d8d262-8836-439b-84c4-75233c3da079: start 40d8d262-8836-439b-84c4-75233c3da079@group-9D68FA6751C1-LeaderElection28
2023-01-26 20:31:57,680 [40d8d262-8836-439b-84c4-75233c3da079@group-9D68FA6751C1-LeaderElection28] INFO  impl.LeaderElection (LeaderElection.java:askForVotes(312)) - 40d8d262-8836-439b-84c4-75233c3da079@group-9D68FA6751C1-LeaderElection28 ELECTION round 0: submit vote requests at term 1 for -1: peers:[40d8d262-8836-439b-84c4-75233c3da079|rpc:10.1.0.15:33521|dataStream:10.1.0.15:41237|priority:1|startupRole:FOLLOWER]|listeners:[], old=null
2023-01-26 20:31:57,680 [40d8d262-8836-439b-84c4-75233c3da079@group-9D68FA6751C1-LeaderElection28] INFO  impl.LeaderElection (LeaderElection.java:askForVotes(314)) - 40d8d262-8836-439b-84c4-75233c3da079@group-9D68FA6751C1-LeaderElection28 ELECTION round 0: result PASSED (term=1)
2023-01-26 20:31:57,680 [40d8d262-8836-439b-84c4-75233c3da079@group-9D68FA6751C1-LeaderElection28] INFO  impl.RoleInfo (RoleInfo.java:shutdownLeaderElection(130)) - 40d8d262-8836-439b-84c4-75233c3da079: shutdown 40d8d262-8836-439b-84c4-75233c3da079@group-9D68FA6751C1-LeaderElection28
2023-01-26 20:31:57,680 [40d8d262-8836-439b-84c4-75233c3da079@group-9D68FA6751C1-LeaderElection28] INFO  server.RaftServer$Division (RaftServerImpl.java:setRole(321)) - 40d8d262-8836-439b-84c4-75233c3da079@group-9D68FA6751C1: changes role from CANDIDATE to LEADER at term 1 for changeToLeader
2023-01-26 20:31:57,680 [40d8d262-8836-439b-84c4-75233c3da079@group-9D68FA6751C1-LeaderElection28] INFO  ratis.XceiverServerRatis (XceiverServerRatis.java:handleLeaderChangedNotification(904)) - Leader change notification received for group: group-9D68FA6751C1 with new leaderId: 40d8d262-8836-439b-84c4-75233c3da079
2023-01-26 20:31:57,680 [40d8d262-8836-439b-84c4-75233c3da079@group-9D68FA6751C1-LeaderElection28] INFO  server.RaftServer$Division (ServerState.java:setLeader(313)) - 40d8d262-8836-439b-84c4-75233c3da079@group-9D68FA6751C1: change Leader from null to 40d8d262-8836-439b-84c4-75233c3da079 at term 1 for becomeLeader, leader elected after 5132ms
2023-01-26 20:31:57,680 [40d8d262-8836-439b-84c4-75233c3da079@group-9D68FA6751C1-LeaderElection28] INFO  server.RaftServerConfigKeys (ConfUtils.java:logGet(46)) - raft.server.staging.catchup.gap = 1000 (default)
2023-01-26 20:31:57,681 [40d8d262-8836-439b-84c4-75233c3da079@group-9D68FA6751C1-LeaderElection28] INFO  server.RaftServerConfigKeys (ConfUtils.java:logGet(46)) - raft.server.write.element-limit = 1024 (custom)
2023-01-26 20:31:57,681 [40d8d262-8836-439b-84c4-75233c3da079@group-9D68FA6751C1-LeaderElection28] INFO  server.RaftServerConfigKeys (ConfUtils.java:logGet(46)) - raft.server.write.byte-limit = 1024 M (=1073741824) (custom)
2023-01-26 20:31:57,681 [40d8d262-8836-439b-84c4-75233c3da079@group-9D68FA6751C1-LeaderElection28] INFO  server.RaftServerConfigKeys (ConfUtils.java:logGet(46)) - raft.server.watch.timeout = 180s (custom)
2023-01-26 20:31:57,681 [40d8d262-8836-439b-84c4-75233c3da079@group-9D68FA6751C1-LeaderElection28] INFO  server.RaftServerConfigKeys (ConfUtils.java:logGet(46)) - raft.server.watch.timeout.denomination = 1s (default)
2023-01-26 20:31:57,681 [40d8d262-8836-439b-84c4-75233c3da079@group-9D68FA6751C1-LeaderElection28] INFO  server.RaftServerConfigKeys (ConfUtils.java:logGet(46)) - raft.server.watch.element-limit = 65536 (default)
2023-01-26 20:31:57,681 [40d8d262-8836-439b-84c4-75233c3da079@group-9D68FA6751C1-LeaderElection28] INFO  server.RaftServerConfigKeys (ConfUtils.java:logGet(46)) - raft.server.write.element-limit = 1024 (custom)
2023-01-26 20:31:57,681 [40d8d262-8836-439b-84c4-75233c3da079@group-9D68FA6751C1-LeaderElection28] INFO  server.RaftServerConfigKeys (ConfUtils.java:logGet(46)) - raft.server.write.follower.gap.ratio.max = -1.0 (default)
2023-01-26 20:31:57,681 [40d8d262-8836-439b-84c4-75233c3da079@group-9D68FA6751C1-LeaderElection28] INFO  impl.RoleInfo (RoleInfo.java:updateAndGet(139)) - 40d8d262-8836-439b-84c4-75233c3da079: start 40d8d262-8836-439b-84c4-75233c3da079@group-9D68FA6751C1-LeaderStateImpl
2023-01-26 20:31:57,681 [40d8d262-8836-439b-84c4-75233c3da079@group-9D68FA6751C1-LeaderElection28] INFO  segmented.SegmentedRaftLogWorker (SegmentedRaftLogWorker.java:startLogSegment(452)) - 40d8d262-8836-439b-84c4-75233c3da079@group-9D68FA6751C1-SegmentedRaftLogWorker: Starting segment from index:0
2023-01-26 20:31:57,681 [EventQueue-OpenPipelineForHealthyPipelineSafeModeRule] INFO  safemode.SCMSafeModeManager (HealthyPipelineSafeModeRule.java:process(137)) - SCM in safe mode. Healthy pipelines reported count is 0, required healthy pipeline reported count is 1
2023-01-26 20:31:57,689 [40d8d262-8836-439b-84c4-75233c3da079@group-9D68FA6751C1-LeaderElection28] INFO  server.RaftServer$Division (ServerState.java:setRaftConf(430)) - 40d8d262-8836-439b-84c4-75233c3da079@group-9D68FA6751C1: set configuration 0: peers:[40d8d262-8836-439b-84c4-75233c3da079|rpc:10.1.0.15:33521|dataStream:10.1.0.15:41237|priority:1|startupRole:FOLLOWER]|listeners:[], old=null
2023-01-26 20:31:57,690 [40d8d262-8836-439b-84c4-75233c3da079@group-9D68FA6751C1-SegmentedRaftLogWorker] INFO  segmented.SegmentedRaftLogWorker (SegmentedRaftLogWorker.java:execute(656)) - 40d8d262-8836-439b-84c4-75233c3da079@group-9D68FA6751C1-SegmentedRaftLogWorker: created new log segment /home/runner/work/ozone/ozone/hadoop-ozone/integration-test/target/test-dir/MiniOzoneClusterImpl-885fda24-0582-4ee7-b43d-362ebd6c8d83/datanode-2/data/ratis/7c054cb7-812e-4795-8eea-9d68fa6751c1/current/log_inprogress_0
2023-01-26 20:31:57,859 [33f1eb0e-c0cf-45d4-92c4-46358a3181ac@group-3A0B5CB8EDAF-FollowerState] INFO  impl.FollowerState (FollowerState.java:run(143)) - 33f1eb0e-c0cf-45d4-92c4-46358a3181ac@group-3A0B5CB8EDAF-FollowerState: change to CANDIDATE, lastRpcElapsedTime:5002133904ns, electionTimeout:5001ms
2023-01-26 20:31:57,860 [33f1eb0e-c0cf-45d4-92c4-46358a3181ac@group-3A0B5CB8EDAF-FollowerState] INFO  impl.RoleInfo (RoleInfo.java:shutdownFollowerState(110)) - 33f1eb0e-c0cf-45d4-92c4-46358a3181ac: shutdown 33f1eb0e-c0cf-45d4-92c4-46358a3181ac@group-3A0B5CB8EDAF-FollowerState
2023-01-26 20:31:57,860 [33f1eb0e-c0cf-45d4-92c4-46358a3181ac@group-3A0B5CB8EDAF-FollowerState] INFO  server.RaftServer$Division (RaftServerImpl.java:setRole(321)) - 33f1eb0e-c0cf-45d4-92c4-46358a3181ac@group-3A0B5CB8EDAF: changes role from  FOLLOWER to CANDIDATE at term 0 for changeToCandidate
2023-01-26 20:31:57,860 [33f1eb0e-c0cf-45d4-92c4-46358a3181ac@group-3A0B5CB8EDAF-FollowerState] INFO  server.RaftServerConfigKeys (ConfUtils.java:logGet(46)) - raft.server.leaderelection.pre-vote = false (custom)
2023-01-26 20:31:57,860 [33f1eb0e-c0cf-45d4-92c4-46358a3181ac@group-3A0B5CB8EDAF-FollowerState] INFO  impl.RoleInfo (RoleInfo.java:updateAndGet(139)) - 33f1eb0e-c0cf-45d4-92c4-46358a3181ac: start 33f1eb0e-c0cf-45d4-92c4-46358a3181ac@group-3A0B5CB8EDAF-LeaderElection29
2023-01-26 20:31:57,863 [33f1eb0e-c0cf-45d4-92c4-46358a3181ac@group-3A0B5CB8EDAF-LeaderElection29] INFO  impl.LeaderElection (LeaderElection.java:askForVotes(312)) - 33f1eb0e-c0cf-45d4-92c4-46358a3181ac@group-3A0B5CB8EDAF-LeaderElection29 ELECTION round 0: submit vote requests at term 1 for -1: peers:[33f1eb0e-c0cf-45d4-92c4-46358a3181ac|rpc:10.1.0.15:35669|dataStream:10.1.0.15:33379|priority:1|startupRole:FOLLOWER]|listeners:[], old=null
2023-01-26 20:31:57,863 [33f1eb0e-c0cf-45d4-92c4-46358a3181ac@group-3A0B5CB8EDAF-LeaderElection29] INFO  impl.LeaderElection (LeaderElection.java:askForVotes(314)) - 33f1eb0e-c0cf-45d4-92c4-46358a3181ac@group-3A0B5CB8EDAF-LeaderElection29 ELECTION round 0: result PASSED (term=1)
2023-01-26 20:31:57,863 [33f1eb0e-c0cf-45d4-92c4-46358a3181ac@group-3A0B5CB8EDAF-LeaderElection29] INFO  impl.RoleInfo (RoleInfo.java:shutdownLeaderElection(130)) - 33f1eb0e-c0cf-45d4-92c4-46358a3181ac: shutdown 33f1eb0e-c0cf-45d4-92c4-46358a3181ac@group-3A0B5CB8EDAF-LeaderElection29
2023-01-26 20:31:57,863 [33f1eb0e-c0cf-45d4-92c4-46358a3181ac@group-3A0B5CB8EDAF-LeaderElection29] INFO  server.RaftServer$Division (RaftServerImpl.java:setRole(321)) - 33f1eb0e-c0cf-45d4-92c4-46358a3181ac@group-3A0B5CB8EDAF: changes role from CANDIDATE to LEADER at term 1 for changeToLeader
2023-01-26 20:31:57,863 [33f1eb0e-c0cf-45d4-92c4-46358a3181ac@group-3A0B5CB8EDAF-LeaderElection29] INFO  ratis.XceiverServerRatis (XceiverServerRatis.java:handleLeaderChangedNotification(904)) - Leader change notification received for group: group-3A0B5CB8EDAF with new leaderId: 33f1eb0e-c0cf-45d4-92c4-46358a3181ac
2023-01-26 20:31:57,864 [33f1eb0e-c0cf-45d4-92c4-46358a3181ac@group-3A0B5CB8EDAF-LeaderElection29] INFO  server.RaftServer$Division (ServerState.java:setLeader(313)) - 33f1eb0e-c0cf-45d4-92c4-46358a3181ac@group-3A0B5CB8EDAF: change Leader from null to 33f1eb0e-c0cf-45d4-92c4-46358a3181ac at term 1 for becomeLeader, leader elected after 5019ms
2023-01-26 20:31:57,864 [33f1eb0e-c0cf-45d4-92c4-46358a3181ac@group-3A0B5CB8EDAF-LeaderElection29] INFO  server.RaftServerConfigKeys (ConfUtils.java:logGet(46)) - raft.server.staging.catchup.gap = 1000 (default)
2023-01-26 20:31:57,864 [33f1eb0e-c0cf-45d4-92c4-46358a3181ac@group-3A0B5CB8EDAF-LeaderElection29] INFO  server.RaftServerConfigKeys (ConfUtils.java:logGet(46)) - raft.server.write.element-limit = 1024 (custom)
2023-01-26 20:31:57,864 [33f1eb0e-c0cf-45d4-92c4-46358a3181ac@group-3A0B5CB8EDAF-LeaderElection29] INFO  server.RaftServerConfigKeys (ConfUtils.java:logGet(46)) - raft.server.write.byte-limit = 1024 M (=1073741824) (custom)
2023-01-26 20:31:57,864 [33f1eb0e-c0cf-45d4-92c4-46358a3181ac@group-3A0B5CB8EDAF-LeaderElection29] INFO  server.RaftServerConfigKeys (ConfUtils.java:logGet(46)) - raft.server.watch.timeout = 180s (custom)
2023-01-26 20:31:57,864 [33f1eb0e-c0cf-45d4-92c4-46358a3181ac@group-3A0B5CB8EDAF-LeaderElection29] INFO  server.RaftServerConfigKeys (ConfUtils.java:logGet(46)) - raft.server.watch.timeout.denomination = 1s (default)
2023-01-26 20:31:57,864 [EventQueue-OpenPipelineForHealthyPipelineSafeModeRule] INFO  safemode.SCMSafeModeManager (HealthyPipelineSafeModeRule.java:process(137)) - SCM in safe mode. Healthy pipelines reported count is 0, required healthy pipeline reported count is 1
2023-01-26 20:31:57,865 [33f1eb0e-c0cf-45d4-92c4-46358a3181ac@group-3A0B5CB8EDAF-LeaderElection29] INFO  server.RaftServerConfigKeys (ConfUtils.java:logGet(46)) - raft.server.watch.element-limit = 65536 (default)
2023-01-26 20:31:57,865 [33f1eb0e-c0cf-45d4-92c4-46358a3181ac@group-3A0B5CB8EDAF-LeaderElection29] INFO  server.RaftServerConfigKeys (ConfUtils.java:logGet(46)) - raft.server.write.element-limit = 1024 (custom)
2023-01-26 20:31:57,865 [33f1eb0e-c0cf-45d4-92c4-46358a3181ac@group-3A0B5CB8EDAF-LeaderElection29] INFO  server.RaftServerConfigKeys (ConfUtils.java:logGet(46)) - raft.server.write.follower.gap.ratio.max = -1.0 (default)
2023-01-26 20:31:57,865 [33f1eb0e-c0cf-45d4-92c4-46358a3181ac@group-3A0B5CB8EDAF-LeaderElection29] INFO  impl.RoleInfo (RoleInfo.java:updateAndGet(139)) - 33f1eb0e-c0cf-45d4-92c4-46358a3181ac: start 33f1eb0e-c0cf-45d4-92c4-46358a3181ac@group-3A0B5CB8EDAF-LeaderStateImpl
2023-01-26 20:31:57,865 [33f1eb0e-c0cf-45d4-92c4-46358a3181ac@group-3A0B5CB8EDAF-LeaderElection29] INFO  segmented.SegmentedRaftLogWorker (SegmentedRaftLogWorker.java:startLogSegment(452)) - 33f1eb0e-c0cf-45d4-92c4-46358a3181ac@group-3A0B5CB8EDAF-SegmentedRaftLogWorker: Starting segment from index:0
2023-01-26 20:31:57,869 [33f1eb0e-c0cf-45d4-92c4-46358a3181ac@group-3A0B5CB8EDAF-LeaderElection29] INFO  server.RaftServer$Division (ServerState.java:setRaftConf(430)) - 33f1eb0e-c0cf-45d4-92c4-46358a3181ac@group-3A0B5CB8EDAF: set configuration 0: peers:[33f1eb0e-c0cf-45d4-92c4-46358a3181ac|rpc:10.1.0.15:35669|dataStream:10.1.0.15:33379|priority:1|startupRole:FOLLOWER]|listeners:[], old=null
2023-01-26 20:31:57,869 [33f1eb0e-c0cf-45d4-92c4-46358a3181ac@group-3A0B5CB8EDAF-SegmentedRaftLogWorker] INFO  segmented.SegmentedRaftLogWorker (SegmentedRaftLogWorker.java:execute(656)) - 33f1eb0e-c0cf-45d4-92c4-46358a3181ac@group-3A0B5CB8EDAF-SegmentedRaftLogWorker: created new log segment /home/runner/work/ozone/ozone/hadoop-ozone/integration-test/target/test-dir/MiniOzoneClusterImpl-885fda24-0582-4ee7-b43d-362ebd6c8d83/datanode-3/data/ratis/8b38595d-7124-4dc6-b4af-3a0b5cb8edaf/current/log_inprogress_0
2023-01-26 20:31:58,143 [Listener at 127.0.0.1/38041] INFO  ozone.MiniOzoneClusterImpl (MiniOzoneClusterImpl.java:lambda$waitForClusterToBeReady$0(218)) - Nodes are ready. Got 5 of 5 DN Heartbeats.
2023-01-26 20:31:58,144 [Listener at 127.0.0.1/38041] INFO  ozone.MiniOzoneClusterImpl (MiniOzoneClusterImpl.java:lambda$waitForClusterToBeReady$0(221)) - Waiting for cluster to exit safe mode
2023-01-26 20:31:58,144 [Listener at 127.0.0.1/38041] INFO  ozone.MiniOzoneClusterImpl (MiniOzoneClusterImpl.java:lambda$waitForClusterToBeReady$0(223)) - SCM became leader
2023-01-26 20:31:58,229 [06f84c71-7643-49a3-8309-2de556f4fabe@group-BCE8C5633D7A-FollowerState] INFO  impl.FollowerState (FollowerState.java:run(143)) - 06f84c71-7643-49a3-8309-2de556f4fabe@group-BCE8C5633D7A-FollowerState: change to CANDIDATE, lastRpcElapsedTime:5066523947ns, electionTimeout:5066ms
2023-01-26 20:31:58,229 [06f84c71-7643-49a3-8309-2de556f4fabe@group-BCE8C5633D7A-FollowerState] INFO  impl.RoleInfo (RoleInfo.java:shutdownFollowerState(110)) - 06f84c71-7643-49a3-8309-2de556f4fabe: shutdown 06f84c71-7643-49a3-8309-2de556f4fabe@group-BCE8C5633D7A-FollowerState
2023-01-26 20:31:58,229 [06f84c71-7643-49a3-8309-2de556f4fabe@group-BCE8C5633D7A-FollowerState] INFO  server.RaftServer$Division (RaftServerImpl.java:setRole(321)) - 06f84c71-7643-49a3-8309-2de556f4fabe@group-BCE8C5633D7A: changes role from  FOLLOWER to CANDIDATE at term 0 for changeToCandidate
2023-01-26 20:31:58,229 [06f84c71-7643-49a3-8309-2de556f4fabe@group-BCE8C5633D7A-FollowerState] INFO  server.RaftServerConfigKeys (ConfUtils.java:logGet(46)) - raft.server.leaderelection.pre-vote = false (custom)
2023-01-26 20:31:58,229 [06f84c71-7643-49a3-8309-2de556f4fabe@group-BCE8C5633D7A-FollowerState] INFO  impl.RoleInfo (RoleInfo.java:updateAndGet(139)) - 06f84c71-7643-49a3-8309-2de556f4fabe: start 06f84c71-7643-49a3-8309-2de556f4fabe@group-BCE8C5633D7A-LeaderElection30
2023-01-26 20:31:58,236 [06f84c71-7643-49a3-8309-2de556f4fabe@group-BCE8C5633D7A-LeaderElection30] INFO  impl.LeaderElection (LeaderElection.java:askForVotes(312)) - 06f84c71-7643-49a3-8309-2de556f4fabe@group-BCE8C5633D7A-LeaderElection30 ELECTION round 0: submit vote requests at term 1 for -1: peers:[06f84c71-7643-49a3-8309-2de556f4fabe|rpc:10.1.0.15:42037|dataStream:10.1.0.15:34009|priority:1|startupRole:FOLLOWER]|listeners:[], old=null
2023-01-26 20:31:58,236 [06f84c71-7643-49a3-8309-2de556f4fabe@group-BCE8C5633D7A-LeaderElection30] INFO  impl.LeaderElection (LeaderElection.java:askForVotes(314)) - 06f84c71-7643-49a3-8309-2de556f4fabe@group-BCE8C5633D7A-LeaderElection30 ELECTION round 0: result PASSED (term=1)
2023-01-26 20:31:58,236 [06f84c71-7643-49a3-8309-2de556f4fabe@group-BCE8C5633D7A-LeaderElection30] INFO  impl.RoleInfo (RoleInfo.java:shutdownLeaderElection(130)) - 06f84c71-7643-49a3-8309-2de556f4fabe: shutdown 06f84c71-7643-49a3-8309-2de556f4fabe@group-BCE8C5633D7A-LeaderElection30
2023-01-26 20:31:58,236 [06f84c71-7643-49a3-8309-2de556f4fabe@group-BCE8C5633D7A-LeaderElection30] INFO  server.RaftServer$Division (RaftServerImpl.java:setRole(321)) - 06f84c71-7643-49a3-8309-2de556f4fabe@group-BCE8C5633D7A: changes role from CANDIDATE to LEADER at term 1 for changeToLeader
2023-01-26 20:31:58,236 [06f84c71-7643-49a3-8309-2de556f4fabe@group-BCE8C5633D7A-LeaderElection30] INFO  ratis.XceiverServerRatis (XceiverServerRatis.java:handleLeaderChangedNotification(904)) - Leader change notification received for group: group-BCE8C5633D7A with new leaderId: 06f84c71-7643-49a3-8309-2de556f4fabe
2023-01-26 20:31:58,236 [06f84c71-7643-49a3-8309-2de556f4fabe@group-BCE8C5633D7A-LeaderElection30] INFO  server.RaftServer$Division (ServerState.java:setLeader(313)) - 06f84c71-7643-49a3-8309-2de556f4fabe@group-BCE8C5633D7A: change Leader from null to 06f84c71-7643-49a3-8309-2de556f4fabe at term 1 for becomeLeader, leader elected after 5086ms
2023-01-26 20:31:58,236 [06f84c71-7643-49a3-8309-2de556f4fabe@group-BCE8C5633D7A-LeaderElection30] INFO  server.RaftServerConfigKeys (ConfUtils.java:logGet(46)) - raft.server.staging.catchup.gap = 1000 (default)
2023-01-26 20:31:58,237 [06f84c71-7643-49a3-8309-2de556f4fabe@group-BCE8C5633D7A-LeaderElection30] INFO  server.RaftServerConfigKeys (ConfUtils.java:logGet(46)) - raft.server.write.element-limit = 1024 (custom)
2023-01-26 20:31:58,237 [06f84c71-7643-49a3-8309-2de556f4fabe@group-BCE8C5633D7A-LeaderElection30] INFO  server.RaftServerConfigKeys (ConfUtils.java:logGet(46)) - raft.server.write.byte-limit = 1024 M (=1073741824) (custom)
2023-01-26 20:31:58,237 [06f84c71-7643-49a3-8309-2de556f4fabe@group-BCE8C5633D7A-LeaderElection30] INFO  server.RaftServerConfigKeys (ConfUtils.java:logGet(46)) - raft.server.watch.timeout = 180s (custom)
2023-01-26 20:31:58,237 [06f84c71-7643-49a3-8309-2de556f4fabe@group-BCE8C5633D7A-LeaderElection30] INFO  server.RaftServerConfigKeys (ConfUtils.java:logGet(46)) - raft.server.watch.timeout.denomination = 1s (default)
2023-01-26 20:31:58,237 [06f84c71-7643-49a3-8309-2de556f4fabe@group-BCE8C5633D7A-LeaderElection30] INFO  server.RaftServerConfigKeys (ConfUtils.java:logGet(46)) - raft.server.watch.element-limit = 65536 (default)
2023-01-26 20:31:58,237 [06f84c71-7643-49a3-8309-2de556f4fabe@group-BCE8C5633D7A-LeaderElection30] INFO  server.RaftServerConfigKeys (ConfUtils.java:logGet(46)) - raft.server.write.element-limit = 1024 (custom)
2023-01-26 20:31:58,237 [EventQueue-OpenPipelineForHealthyPipelineSafeModeRule] INFO  safemode.SCMSafeModeManager (HealthyPipelineSafeModeRule.java:process(137)) - SCM in safe mode. Healthy pipelines reported count is 0, required healthy pipeline reported count is 1
2023-01-26 20:31:58,237 [06f84c71-7643-49a3-8309-2de556f4fabe@group-BCE8C5633D7A-LeaderElection30] INFO  server.RaftServerConfigKeys (ConfUtils.java:logGet(46)) - raft.server.write.follower.gap.ratio.max = -1.0 (default)
2023-01-26 20:31:58,237 [06f84c71-7643-49a3-8309-2de556f4fabe@group-BCE8C5633D7A-LeaderElection30] INFO  impl.RoleInfo (RoleInfo.java:updateAndGet(139)) - 06f84c71-7643-49a3-8309-2de556f4fabe: start 06f84c71-7643-49a3-8309-2de556f4fabe@group-BCE8C5633D7A-LeaderStateImpl
2023-01-26 20:31:58,238 [06f84c71-7643-49a3-8309-2de556f4fabe@group-BCE8C5633D7A-LeaderElection30] INFO  segmented.SegmentedRaftLogWorker (SegmentedRaftLogWorker.java:startLogSegment(452)) - 06f84c71-7643-49a3-8309-2de556f4fabe@group-BCE8C5633D7A-SegmentedRaftLogWorker: Starting segment from index:0
2023-01-26 20:31:58,241 [06f84c71-7643-49a3-8309-2de556f4fabe@group-BCE8C5633D7A-LeaderElection30] INFO  server.RaftServer$Division (ServerState.java:setRaftConf(430)) - 06f84c71-7643-49a3-8309-2de556f4fabe@group-BCE8C5633D7A: set configuration 0: peers:[06f84c71-7643-49a3-8309-2de556f4fabe|rpc:10.1.0.15:42037|dataStream:10.1.0.15:34009|priority:1|startupRole:FOLLOWER]|listeners:[], old=null
2023-01-26 20:31:58,242 [06f84c71-7643-49a3-8309-2de556f4fabe@group-BCE8C5633D7A-SegmentedRaftLogWorker] INFO  segmented.SegmentedRaftLogWorker (SegmentedRaftLogWorker.java:execute(656)) - 06f84c71-7643-49a3-8309-2de556f4fabe@group-BCE8C5633D7A-SegmentedRaftLogWorker: created new log segment /home/runner/work/ozone/ozone/hadoop-ozone/integration-test/target/test-dir/MiniOzoneClusterImpl-885fda24-0582-4ee7-b43d-362ebd6c8d83/datanode-4/data/ratis/ddfa6229-38ec-497d-b830-bce8c5633d7a/current/log_inprogress_0
2023-01-26 20:31:59,144 [Listener at 127.0.0.1/38041] INFO  ozone.MiniOzoneClusterImpl (MiniOzoneClusterImpl.java:lambda$waitForClusterToBeReady$0(218)) - Nodes are ready. Got 5 of 5 DN Heartbeats.
2023-01-26 20:31:59,144 [Listener at 127.0.0.1/38041] INFO  ozone.MiniOzoneClusterImpl (MiniOzoneClusterImpl.java:lambda$waitForClusterToBeReady$0(221)) - Waiting for cluster to exit safe mode
2023-01-26 20:31:59,144 [Listener at 127.0.0.1/38041] INFO  ozone.MiniOzoneClusterImpl (MiniOzoneClusterImpl.java:lambda$waitForClusterToBeReady$0(223)) - SCM became leader
2023-01-26 20:32:00,145 [Listener at 127.0.0.1/38041] INFO  ozone.MiniOzoneClusterImpl (MiniOzoneClusterImpl.java:lambda$waitForClusterToBeReady$0(218)) - Nodes are ready. Got 5 of 5 DN Heartbeats.
2023-01-26 20:32:00,145 [Listener at 127.0.0.1/38041] INFO  ozone.MiniOzoneClusterImpl (MiniOzoneClusterImpl.java:lambda$waitForClusterToBeReady$0(221)) - Waiting for cluster to exit safe mode
2023-01-26 20:32:00,145 [Listener at 127.0.0.1/38041] INFO  ozone.MiniOzoneClusterImpl (MiniOzoneClusterImpl.java:lambda$waitForClusterToBeReady$0(223)) - SCM became leader
2023-01-26 20:32:01,146 [Listener at 127.0.0.1/38041] INFO  ozone.MiniOzoneClusterImpl (MiniOzoneClusterImpl.java:lambda$waitForClusterToBeReady$0(218)) - Nodes are ready. Got 5 of 5 DN Heartbeats.
2023-01-26 20:32:01,146 [Listener at 127.0.0.1/38041] INFO  ozone.MiniOzoneClusterImpl (MiniOzoneClusterImpl.java:lambda$waitForClusterToBeReady$0(221)) - Waiting for cluster to exit safe mode
2023-01-26 20:32:01,147 [Listener at 127.0.0.1/38041] INFO  ozone.MiniOzoneClusterImpl (MiniOzoneClusterImpl.java:lambda$waitForClusterToBeReady$0(223)) - SCM became leader
2023-01-26 20:32:02,147 [Listener at 127.0.0.1/38041] INFO  ozone.MiniOzoneClusterImpl (MiniOzoneClusterImpl.java:lambda$waitForClusterToBeReady$0(218)) - Nodes are ready. Got 5 of 5 DN Heartbeats.
2023-01-26 20:32:02,147 [Listener at 127.0.0.1/38041] INFO  ozone.MiniOzoneClusterImpl (MiniOzoneClusterImpl.java:lambda$waitForClusterToBeReady$0(221)) - Waiting for cluster to exit safe mode
2023-01-26 20:32:02,147 [Listener at 127.0.0.1/38041] INFO  ozone.MiniOzoneClusterImpl (MiniOzoneClusterImpl.java:lambda$waitForClusterToBeReady$0(223)) - SCM became leader
2023-01-26 20:32:02,148 [a7887d3a-ac12-44f2-81f3-1f33b720a94f@group-1C34DF8C7ECE-FollowerState] INFO  impl.FollowerState (FollowerState.java:run(143)) - a7887d3a-ac12-44f2-81f3-1f33b720a94f@group-1C34DF8C7ECE-FollowerState: change to CANDIDATE, lastRpcElapsedTime:5041543258ns, electionTimeout:5035ms
2023-01-26 20:32:02,148 [a7887d3a-ac12-44f2-81f3-1f33b720a94f@group-1C34DF8C7ECE-FollowerState] INFO  impl.RoleInfo (RoleInfo.java:shutdownFollowerState(110)) - a7887d3a-ac12-44f2-81f3-1f33b720a94f: shutdown a7887d3a-ac12-44f2-81f3-1f33b720a94f@group-1C34DF8C7ECE-FollowerState
2023-01-26 20:32:02,148 [a7887d3a-ac12-44f2-81f3-1f33b720a94f@group-1C34DF8C7ECE-FollowerState] INFO  server.RaftServer$Division (RaftServerImpl.java:setRole(321)) - a7887d3a-ac12-44f2-81f3-1f33b720a94f@group-1C34DF8C7ECE: changes role from  FOLLOWER to CANDIDATE at term 1 for changeToCandidate
2023-01-26 20:32:02,148 [a7887d3a-ac12-44f2-81f3-1f33b720a94f@group-1C34DF8C7ECE-FollowerState] INFO  server.RaftServerConfigKeys (ConfUtils.java:logGet(46)) - raft.server.leaderelection.pre-vote = false (custom)
2023-01-26 20:32:02,149 [a7887d3a-ac12-44f2-81f3-1f33b720a94f@group-1C34DF8C7ECE-FollowerState] INFO  impl.RoleInfo (RoleInfo.java:updateAndGet(139)) - a7887d3a-ac12-44f2-81f3-1f33b720a94f: start a7887d3a-ac12-44f2-81f3-1f33b720a94f@group-1C34DF8C7ECE-LeaderElection31
2023-01-26 20:32:02,150 [a7887d3a-ac12-44f2-81f3-1f33b720a94f@group-1C34DF8C7ECE-LeaderElection31] INFO  impl.LeaderElection (LeaderElection.java:askForVotes(312)) - a7887d3a-ac12-44f2-81f3-1f33b720a94f@group-1C34DF8C7ECE-LeaderElection31 ELECTION round 0: submit vote requests at term 2 for -1: peers:[8116f3ad-43fd-49d6-b38b-c9c4aa8410ec|rpc:10.1.0.15:43645|dataStream:10.1.0.15:43077|priority:0|startupRole:FOLLOWER, a7887d3a-ac12-44f2-81f3-1f33b720a94f|rpc:10.1.0.15:36865|dataStream:10.1.0.15:32943|priority:0|startupRole:FOLLOWER, 40d8d262-8836-439b-84c4-75233c3da079|rpc:10.1.0.15:33521|dataStream:10.1.0.15:41237|priority:1|startupRole:FOLLOWER]|listeners:[], old=null
2023-01-26 20:32:02,150 [a7887d3a-ac12-44f2-81f3-1f33b720a94f@group-1C34DF8C7ECE-LeaderElection31] INFO  server.RaftServerConfigKeys (ConfUtils.java:logFallback(53)) - raft.server.rpc.first-election.timeout.min = 5s (fallback to raft.server.rpc.timeout.min)
2023-01-26 20:32:02,150 [a7887d3a-ac12-44f2-81f3-1f33b720a94f@group-1C34DF8C7ECE-LeaderElection31] INFO  server.RaftServerConfigKeys (ConfUtils.java:logFallback(53)) - raft.server.rpc.first-election.timeout.max = 5200ms (fallback to raft.server.rpc.timeout.max)
2023-01-26 20:32:02,157 [grpc-default-executor-3] INFO  server.RaftServer$Division (RaftServerImpl.java:requestVote(1218)) - 8116f3ad-43fd-49d6-b38b-c9c4aa8410ec@group-1C34DF8C7ECE: receive requestVote(ELECTION, a7887d3a-ac12-44f2-81f3-1f33b720a94f, group-1C34DF8C7ECE, 2, (t:0, i:0))
2023-01-26 20:32:02,157 [grpc-default-executor-3] INFO  impl.VoteContext (VoteContext.java:log(49)) - 8116f3ad-43fd-49d6-b38b-c9c4aa8410ec@group-1C34DF8C7ECE-FOLLOWER: accept ELECTION from a7887d3a-ac12-44f2-81f3-1f33b720a94f: our priority 0 <= candidate's priority 0
2023-01-26 20:32:02,157 [grpc-default-executor-3] INFO  server.RaftServer$Division (RaftServerImpl.java:setRole(321)) - 8116f3ad-43fd-49d6-b38b-c9c4aa8410ec@group-1C34DF8C7ECE: changes role from  FOLLOWER to FOLLOWER at term 2 for candidate:a7887d3a-ac12-44f2-81f3-1f33b720a94f
2023-01-26 20:32:02,157 [grpc-default-executor-3] INFO  impl.RoleInfo (RoleInfo.java:shutdownFollowerState(110)) - 8116f3ad-43fd-49d6-b38b-c9c4aa8410ec: shutdown 8116f3ad-43fd-49d6-b38b-c9c4aa8410ec@group-1C34DF8C7ECE-FollowerState
2023-01-26 20:32:02,157 [grpc-default-executor-3] INFO  impl.RoleInfo (RoleInfo.java:updateAndGet(139)) - 8116f3ad-43fd-49d6-b38b-c9c4aa8410ec: start 8116f3ad-43fd-49d6-b38b-c9c4aa8410ec@group-1C34DF8C7ECE-FollowerState
2023-01-26 20:32:02,158 [8116f3ad-43fd-49d6-b38b-c9c4aa8410ec@group-1C34DF8C7ECE-FollowerState] INFO  impl.FollowerState (FollowerState.java:run(152)) - 8116f3ad-43fd-49d6-b38b-c9c4aa8410ec@group-1C34DF8C7ECE-FollowerState was interrupted
2023-01-26 20:32:02,158 [8116f3ad-43fd-49d6-b38b-c9c4aa8410ec@group-1C34DF8C7ECE-FollowerState] INFO  server.RaftServerConfigKeys (ConfUtils.java:logFallback(53)) - raft.server.rpc.first-election.timeout.min = 5s (fallback to raft.server.rpc.timeout.min)
2023-01-26 20:32:02,159 [8116f3ad-43fd-49d6-b38b-c9c4aa8410ec@group-1C34DF8C7ECE-FollowerState] INFO  server.RaftServerConfigKeys (ConfUtils.java:logFallback(53)) - raft.server.rpc.first-election.timeout.max = 5200ms (fallback to raft.server.rpc.timeout.max)
2023-01-26 20:32:02,159 [grpc-default-executor-3] INFO  server.RaftServer$Division (RaftServerImpl.java:requestVote(1251)) - 8116f3ad-43fd-49d6-b38b-c9c4aa8410ec@group-1C34DF8C7ECE replies to ELECTION vote request: a7887d3a-ac12-44f2-81f3-1f33b720a94f<-8116f3ad-43fd-49d6-b38b-c9c4aa8410ec#0:OK-t2. Peer's state: 8116f3ad-43fd-49d6-b38b-c9c4aa8410ec@group-1C34DF8C7ECE:t2, leader=null, voted=a7887d3a-ac12-44f2-81f3-1f33b720a94f, raftlog=Memoized:8116f3ad-43fd-49d6-b38b-c9c4aa8410ec@group-1C34DF8C7ECE-SegmentedRaftLog:OPENED:c-1, conf=-1: peers:[8116f3ad-43fd-49d6-b38b-c9c4aa8410ec|rpc:10.1.0.15:43645|dataStream:10.1.0.15:43077|priority:0|startupRole:FOLLOWER, a7887d3a-ac12-44f2-81f3-1f33b720a94f|rpc:10.1.0.15:36865|dataStream:10.1.0.15:32943|priority:0|startupRole:FOLLOWER, 40d8d262-8836-439b-84c4-75233c3da079|rpc:10.1.0.15:33521|dataStream:10.1.0.15:41237|priority:1|startupRole:FOLLOWER]|listeners:[], old=null
2023-01-26 20:32:02,165 [grpc-default-executor-2] INFO  server.RaftServer$Division (RaftServerImpl.java:requestVote(1218)) - 40d8d262-8836-439b-84c4-75233c3da079@group-1C34DF8C7ECE: receive requestVote(ELECTION, a7887d3a-ac12-44f2-81f3-1f33b720a94f, group-1C34DF8C7ECE, 2, (t:0, i:0))
2023-01-26 20:32:02,166 [grpc-default-executor-2] INFO  impl.VoteContext (VoteContext.java:log(49)) - 40d8d262-8836-439b-84c4-75233c3da079@group-1C34DF8C7ECE-FOLLOWER: reject ELECTION from a7887d3a-ac12-44f2-81f3-1f33b720a94f: our priority 1 > candidate's priority 0
2023-01-26 20:32:02,166 [grpc-default-executor-2] INFO  server.RaftServer$Division (RaftServerImpl.java:setRole(321)) - 40d8d262-8836-439b-84c4-75233c3da079@group-1C34DF8C7ECE: changes role from  FOLLOWER to FOLLOWER at term 2 for candidate:a7887d3a-ac12-44f2-81f3-1f33b720a94f
2023-01-26 20:32:02,166 [grpc-default-executor-2] INFO  impl.RoleInfo (RoleInfo.java:shutdownFollowerState(110)) - 40d8d262-8836-439b-84c4-75233c3da079: shutdown 40d8d262-8836-439b-84c4-75233c3da079@group-1C34DF8C7ECE-FollowerState
2023-01-26 20:32:02,166 [grpc-default-executor-2] INFO  impl.RoleInfo (RoleInfo.java:updateAndGet(139)) - 40d8d262-8836-439b-84c4-75233c3da079: start 40d8d262-8836-439b-84c4-75233c3da079@group-1C34DF8C7ECE-FollowerState
2023-01-26 20:32:02,166 [40d8d262-8836-439b-84c4-75233c3da079@group-1C34DF8C7ECE-FollowerState] INFO  impl.FollowerState (FollowerState.java:run(152)) - 40d8d262-8836-439b-84c4-75233c3da079@group-1C34DF8C7ECE-FollowerState was interrupted
2023-01-26 20:32:02,167 [40d8d262-8836-439b-84c4-75233c3da079@group-1C34DF8C7ECE-FollowerState] INFO  server.RaftServerConfigKeys (ConfUtils.java:logFallback(53)) - raft.server.rpc.first-election.timeout.min = 5s (fallback to raft.server.rpc.timeout.min)
2023-01-26 20:32:02,167 [40d8d262-8836-439b-84c4-75233c3da079@group-1C34DF8C7ECE-FollowerState] INFO  server.RaftServerConfigKeys (ConfUtils.java:logFallback(53)) - raft.server.rpc.first-election.timeout.max = 5200ms (fallback to raft.server.rpc.timeout.max)
2023-01-26 20:32:02,168 [grpc-default-executor-2] INFO  server.RaftServer$Division (RaftServerImpl.java:requestVote(1251)) - 40d8d262-8836-439b-84c4-75233c3da079@group-1C34DF8C7ECE replies to ELECTION vote request: a7887d3a-ac12-44f2-81f3-1f33b720a94f<-40d8d262-8836-439b-84c4-75233c3da079#0:FAIL-t2. Peer's state: 40d8d262-8836-439b-84c4-75233c3da079@group-1C34DF8C7ECE:t2, leader=null, voted=null, raftlog=Memoized:40d8d262-8836-439b-84c4-75233c3da079@group-1C34DF8C7ECE-SegmentedRaftLog:OPENED:c-1, conf=-1: peers:[8116f3ad-43fd-49d6-b38b-c9c4aa8410ec|rpc:10.1.0.15:43645|dataStream:10.1.0.15:43077|priority:0|startupRole:FOLLOWER, a7887d3a-ac12-44f2-81f3-1f33b720a94f|rpc:10.1.0.15:36865|dataStream:10.1.0.15:32943|priority:0|startupRole:FOLLOWER, 40d8d262-8836-439b-84c4-75233c3da079|rpc:10.1.0.15:33521|dataStream:10.1.0.15:41237|priority:1|startupRole:FOLLOWER]|listeners:[], old=null
2023-01-26 20:32:02,169 [a7887d3a-ac12-44f2-81f3-1f33b720a94f@group-1C34DF8C7ECE-LeaderElection31] INFO  impl.LeaderElection (LeaderElection.java:logAndReturn(90)) - a7887d3a-ac12-44f2-81f3-1f33b720a94f@group-1C34DF8C7ECE-LeaderElection31: ELECTION REJECTED received 2 response(s) and 0 exception(s):
2023-01-26 20:32:02,169 [a7887d3a-ac12-44f2-81f3-1f33b720a94f@group-1C34DF8C7ECE-LeaderElection31] INFO  impl.LeaderElection (LeaderElection.java:logAndReturn(94)) -   Response 0: a7887d3a-ac12-44f2-81f3-1f33b720a94f<-8116f3ad-43fd-49d6-b38b-c9c4aa8410ec#0:OK-t2
2023-01-26 20:32:02,169 [a7887d3a-ac12-44f2-81f3-1f33b720a94f@group-1C34DF8C7ECE-LeaderElection31] INFO  impl.LeaderElection (LeaderElection.java:logAndReturn(94)) -   Response 1: a7887d3a-ac12-44f2-81f3-1f33b720a94f<-40d8d262-8836-439b-84c4-75233c3da079#0:FAIL-t2
2023-01-26 20:32:02,169 [a7887d3a-ac12-44f2-81f3-1f33b720a94f@group-1C34DF8C7ECE-LeaderElection31] INFO  impl.LeaderElection (LeaderElection.java:askForVotes(314)) - a7887d3a-ac12-44f2-81f3-1f33b720a94f@group-1C34DF8C7ECE-LeaderElection31 ELECTION round 0: result REJECTED
2023-01-26 20:32:02,169 [a7887d3a-ac12-44f2-81f3-1f33b720a94f@group-1C34DF8C7ECE-LeaderElection31] INFO  server.RaftServer$Division (RaftServerImpl.java:setRole(321)) - a7887d3a-ac12-44f2-81f3-1f33b720a94f@group-1C34DF8C7ECE: changes role from CANDIDATE to FOLLOWER at term 2 for REJECTED
2023-01-26 20:32:02,169 [a7887d3a-ac12-44f2-81f3-1f33b720a94f@group-1C34DF8C7ECE-LeaderElection31] INFO  impl.RoleInfo (RoleInfo.java:shutdownLeaderElection(130)) - a7887d3a-ac12-44f2-81f3-1f33b720a94f: shutdown a7887d3a-ac12-44f2-81f3-1f33b720a94f@group-1C34DF8C7ECE-LeaderElection31
2023-01-26 20:32:02,169 [a7887d3a-ac12-44f2-81f3-1f33b720a94f@group-1C34DF8C7ECE-LeaderElection31] INFO  impl.RoleInfo (RoleInfo.java:updateAndGet(139)) - a7887d3a-ac12-44f2-81f3-1f33b720a94f: start a7887d3a-ac12-44f2-81f3-1f33b720a94f@group-1C34DF8C7ECE-FollowerState
2023-01-26 20:32:02,170 [a7887d3a-ac12-44f2-81f3-1f33b720a94f@group-1C34DF8C7ECE-FollowerState] INFO  server.RaftServerConfigKeys (ConfUtils.java:logFallback(53)) - raft.server.rpc.first-election.timeout.min = 5s (fallback to raft.server.rpc.timeout.min)
2023-01-26 20:32:02,170 [a7887d3a-ac12-44f2-81f3-1f33b720a94f@group-1C34DF8C7ECE-FollowerState] INFO  server.RaftServerConfigKeys (ConfUtils.java:logFallback(53)) - raft.server.rpc.first-election.timeout.max = 5200ms (fallback to raft.server.rpc.timeout.max)
2023-01-26 20:32:02,213 [a7887d3a-ac12-44f2-81f3-1f33b720a94f@group-FD67D19C9032-FollowerState] INFO  impl.FollowerState (FollowerState.java:run(143)) - a7887d3a-ac12-44f2-81f3-1f33b720a94f@group-FD67D19C9032-FollowerState: change to CANDIDATE, lastRpcElapsedTime:5053877502ns, electionTimeout:5052ms
2023-01-26 20:32:02,214 [a7887d3a-ac12-44f2-81f3-1f33b720a94f@group-FD67D19C9032-FollowerState] INFO  impl.RoleInfo (RoleInfo.java:shutdownFollowerState(110)) - a7887d3a-ac12-44f2-81f3-1f33b720a94f: shutdown a7887d3a-ac12-44f2-81f3-1f33b720a94f@group-FD67D19C9032-FollowerState
2023-01-26 20:32:02,214 [a7887d3a-ac12-44f2-81f3-1f33b720a94f@group-FD67D19C9032-FollowerState] INFO  server.RaftServer$Division (RaftServerImpl.java:setRole(321)) - a7887d3a-ac12-44f2-81f3-1f33b720a94f@group-FD67D19C9032: changes role from  FOLLOWER to CANDIDATE at term 1 for changeToCandidate
2023-01-26 20:32:02,214 [a7887d3a-ac12-44f2-81f3-1f33b720a94f@group-FD67D19C9032-FollowerState] INFO  server.RaftServerConfigKeys (ConfUtils.java:logGet(46)) - raft.server.leaderelection.pre-vote = false (custom)
2023-01-26 20:32:02,214 [a7887d3a-ac12-44f2-81f3-1f33b720a94f@group-FD67D19C9032-FollowerState] INFO  impl.RoleInfo (RoleInfo.java:updateAndGet(139)) - a7887d3a-ac12-44f2-81f3-1f33b720a94f: start a7887d3a-ac12-44f2-81f3-1f33b720a94f@group-FD67D19C9032-LeaderElection32
2023-01-26 20:32:02,215 [a7887d3a-ac12-44f2-81f3-1f33b720a94f@group-FD67D19C9032-LeaderElection32] INFO  impl.LeaderElection (LeaderElection.java:askForVotes(312)) - a7887d3a-ac12-44f2-81f3-1f33b720a94f@group-FD67D19C9032-LeaderElection32 ELECTION round 0: submit vote requests at term 2 for -1: peers:[8116f3ad-43fd-49d6-b38b-c9c4aa8410ec|rpc:10.1.0.15:43645|dataStream:10.1.0.15:43077|priority:1|startupRole:FOLLOWER, a7887d3a-ac12-44f2-81f3-1f33b720a94f|rpc:10.1.0.15:36865|dataStream:10.1.0.15:32943|priority:0|startupRole:FOLLOWER, 40d8d262-8836-439b-84c4-75233c3da079|rpc:10.1.0.15:33521|dataStream:10.1.0.15:41237|priority:0|startupRole:FOLLOWER]|listeners:[], old=null
2023-01-26 20:32:02,216 [a7887d3a-ac12-44f2-81f3-1f33b720a94f@group-FD67D19C9032-LeaderElection32] INFO  server.RaftServerConfigKeys (ConfUtils.java:logFallback(53)) - raft.server.rpc.first-election.timeout.min = 5s (fallback to raft.server.rpc.timeout.min)
2023-01-26 20:32:02,216 [a7887d3a-ac12-44f2-81f3-1f33b720a94f@group-FD67D19C9032-LeaderElection32] INFO  server.RaftServerConfigKeys (ConfUtils.java:logFallback(53)) - raft.server.rpc.first-election.timeout.max = 5200ms (fallback to raft.server.rpc.timeout.max)
2023-01-26 20:32:02,221 [grpc-default-executor-2] INFO  server.RaftServer$Division (RaftServerImpl.java:requestVote(1218)) - 8116f3ad-43fd-49d6-b38b-c9c4aa8410ec@group-FD67D19C9032: receive requestVote(ELECTION, a7887d3a-ac12-44f2-81f3-1f33b720a94f, group-FD67D19C9032, 2, (t:0, i:0))
2023-01-26 20:32:02,222 [grpc-default-executor-2] INFO  impl.VoteContext (VoteContext.java:log(49)) - 8116f3ad-43fd-49d6-b38b-c9c4aa8410ec@group-FD67D19C9032-FOLLOWER: reject ELECTION from a7887d3a-ac12-44f2-81f3-1f33b720a94f: our priority 1 > candidate's priority 0
2023-01-26 20:32:02,222 [grpc-default-executor-2] INFO  server.RaftServer$Division (RaftServerImpl.java:setRole(321)) - 8116f3ad-43fd-49d6-b38b-c9c4aa8410ec@group-FD67D19C9032: changes role from  FOLLOWER to FOLLOWER at term 2 for candidate:a7887d3a-ac12-44f2-81f3-1f33b720a94f
2023-01-26 20:32:02,222 [grpc-default-executor-2] INFO  impl.RoleInfo (RoleInfo.java:shutdownFollowerState(110)) - 8116f3ad-43fd-49d6-b38b-c9c4aa8410ec: shutdown 8116f3ad-43fd-49d6-b38b-c9c4aa8410ec@group-FD67D19C9032-FollowerState
2023-01-26 20:32:02,222 [grpc-default-executor-2] INFO  impl.RoleInfo (RoleInfo.java:updateAndGet(139)) - 8116f3ad-43fd-49d6-b38b-c9c4aa8410ec: start 8116f3ad-43fd-49d6-b38b-c9c4aa8410ec@group-FD67D19C9032-FollowerState
2023-01-26 20:32:02,222 [8116f3ad-43fd-49d6-b38b-c9c4aa8410ec@group-FD67D19C9032-FollowerState] INFO  impl.FollowerState (FollowerState.java:run(152)) - 8116f3ad-43fd-49d6-b38b-c9c4aa8410ec@group-FD67D19C9032-FollowerState was interrupted
2023-01-26 20:32:02,222 [8116f3ad-43fd-49d6-b38b-c9c4aa8410ec@group-FD67D19C9032-FollowerState] INFO  server.RaftServerConfigKeys (ConfUtils.java:logFallback(53)) - raft.server.rpc.first-election.timeout.min = 5s (fallback to raft.server.rpc.timeout.min)
2023-01-26 20:32:02,222 [8116f3ad-43fd-49d6-b38b-c9c4aa8410ec@group-FD67D19C9032-FollowerState] INFO  server.RaftServerConfigKeys (ConfUtils.java:logFallback(53)) - raft.server.rpc.first-election.timeout.max = 5200ms (fallback to raft.server.rpc.timeout.max)
2023-01-26 20:32:02,225 [grpc-default-executor-2] INFO  server.RaftServer$Division (RaftServerImpl.java:requestVote(1251)) - 8116f3ad-43fd-49d6-b38b-c9c4aa8410ec@group-FD67D19C9032 replies to ELECTION vote request: a7887d3a-ac12-44f2-81f3-1f33b720a94f<-8116f3ad-43fd-49d6-b38b-c9c4aa8410ec#0:FAIL-t2. Peer's state: 8116f3ad-43fd-49d6-b38b-c9c4aa8410ec@group-FD67D19C9032:t2, leader=null, voted=null, raftlog=Memoized:8116f3ad-43fd-49d6-b38b-c9c4aa8410ec@group-FD67D19C9032-SegmentedRaftLog:OPENED:c-1, conf=-1: peers:[8116f3ad-43fd-49d6-b38b-c9c4aa8410ec|rpc:10.1.0.15:43645|dataStream:10.1.0.15:43077|priority:1|startupRole:FOLLOWER, a7887d3a-ac12-44f2-81f3-1f33b720a94f|rpc:10.1.0.15:36865|dataStream:10.1.0.15:32943|priority:0|startupRole:FOLLOWER, 40d8d262-8836-439b-84c4-75233c3da079|rpc:10.1.0.15:33521|dataStream:10.1.0.15:41237|priority:0|startupRole:FOLLOWER]|listeners:[], old=null
2023-01-26 20:32:02,226 [grpc-default-executor-3] INFO  server.RaftServer$Division (RaftServerImpl.java:requestVote(1218)) - 40d8d262-8836-439b-84c4-75233c3da079@group-FD67D19C9032: receive requestVote(ELECTION, a7887d3a-ac12-44f2-81f3-1f33b720a94f, group-FD67D19C9032, 2, (t:0, i:0))
2023-01-26 20:32:02,227 [grpc-default-executor-3] INFO  impl.VoteContext (VoteContext.java:log(49)) - 40d8d262-8836-439b-84c4-75233c3da079@group-FD67D19C9032-FOLLOWER: accept ELECTION from a7887d3a-ac12-44f2-81f3-1f33b720a94f: our priority 0 <= candidate's priority 0
2023-01-26 20:32:02,227 [grpc-default-executor-3] INFO  server.RaftServer$Division (RaftServerImpl.java:setRole(321)) - 40d8d262-8836-439b-84c4-75233c3da079@group-FD67D19C9032: changes role from  FOLLOWER to FOLLOWER at term 2 for candidate:a7887d3a-ac12-44f2-81f3-1f33b720a94f
2023-01-26 20:32:02,227 [grpc-default-executor-3] INFO  impl.RoleInfo (RoleInfo.java:shutdownFollowerState(110)) - 40d8d262-8836-439b-84c4-75233c3da079: shutdown 40d8d262-8836-439b-84c4-75233c3da079@group-FD67D19C9032-FollowerState
2023-01-26 20:32:02,227 [grpc-default-executor-3] INFO  impl.RoleInfo (RoleInfo.java:updateAndGet(139)) - 40d8d262-8836-439b-84c4-75233c3da079: start 40d8d262-8836-439b-84c4-75233c3da079@group-FD67D19C9032-FollowerState
2023-01-26 20:32:02,227 [40d8d262-8836-439b-84c4-75233c3da079@group-FD67D19C9032-FollowerState] INFO  impl.FollowerState (FollowerState.java:run(152)) - 40d8d262-8836-439b-84c4-75233c3da079@group-FD67D19C9032-FollowerState was interrupted
2023-01-26 20:32:02,227 [40d8d262-8836-439b-84c4-75233c3da079@group-FD67D19C9032-FollowerState] INFO  server.RaftServerConfigKeys (ConfUtils.java:logFallback(53)) - raft.server.rpc.first-election.timeout.min = 5s (fallback to raft.server.rpc.timeout.min)
2023-01-26 20:32:02,227 [40d8d262-8836-439b-84c4-75233c3da079@group-FD67D19C9032-FollowerState] INFO  server.RaftServerConfigKeys (ConfUtils.java:logFallback(53)) - raft.server.rpc.first-election.timeout.max = 5200ms (fallback to raft.server.rpc.timeout.max)
2023-01-26 20:32:02,228 [a7887d3a-ac12-44f2-81f3-1f33b720a94f@group-FD67D19C9032-LeaderElection32] INFO  impl.LeaderElection (LeaderElection.java:logAndReturn(90)) - a7887d3a-ac12-44f2-81f3-1f33b720a94f@group-FD67D19C9032-LeaderElection32: ELECTION REJECTED received 1 response(s) and 0 exception(s):
2023-01-26 20:32:02,228 [a7887d3a-ac12-44f2-81f3-1f33b720a94f@group-FD67D19C9032-LeaderElection32] INFO  impl.LeaderElection (LeaderElection.java:logAndReturn(94)) -   Response 0: a7887d3a-ac12-44f2-81f3-1f33b720a94f<-8116f3ad-43fd-49d6-b38b-c9c4aa8410ec#0:FAIL-t2
2023-01-26 20:32:02,228 [a7887d3a-ac12-44f2-81f3-1f33b720a94f@group-FD67D19C9032-LeaderElection32] INFO  impl.LeaderElection (LeaderElection.java:askForVotes(314)) - a7887d3a-ac12-44f2-81f3-1f33b720a94f@group-FD67D19C9032-LeaderElection32 ELECTION round 0: result REJECTED
2023-01-26 20:32:02,228 [a7887d3a-ac12-44f2-81f3-1f33b720a94f@group-FD67D19C9032-LeaderElection32] INFO  server.RaftServer$Division (RaftServerImpl.java:setRole(321)) - a7887d3a-ac12-44f2-81f3-1f33b720a94f@group-FD67D19C9032: changes role from CANDIDATE to FOLLOWER at term 2 for REJECTED
2023-01-26 20:32:02,228 [a7887d3a-ac12-44f2-81f3-1f33b720a94f@group-FD67D19C9032-LeaderElection32] INFO  impl.RoleInfo (RoleInfo.java:shutdownLeaderElection(130)) - a7887d3a-ac12-44f2-81f3-1f33b720a94f: shutdown a7887d3a-ac12-44f2-81f3-1f33b720a94f@group-FD67D19C9032-LeaderElection32
2023-01-26 20:32:02,228 [a7887d3a-ac12-44f2-81f3-1f33b720a94f@group-FD67D19C9032-LeaderElection32] INFO  impl.RoleInfo (RoleInfo.java:updateAndGet(139)) - a7887d3a-ac12-44f2-81f3-1f33b720a94f: start a7887d3a-ac12-44f2-81f3-1f33b720a94f@group-FD67D19C9032-FollowerState
2023-01-26 20:32:02,228 [grpc-default-executor-3] INFO  server.RaftServer$Division (RaftServerImpl.java:requestVote(1251)) - 40d8d262-8836-439b-84c4-75233c3da079@group-FD67D19C9032 replies to ELECTION vote request: a7887d3a-ac12-44f2-81f3-1f33b720a94f<-40d8d262-8836-439b-84c4-75233c3da079#0:OK-t2. Peer's state: 40d8d262-8836-439b-84c4-75233c3da079@group-FD67D19C9032:t2, leader=null, voted=a7887d3a-ac12-44f2-81f3-1f33b720a94f, raftlog=Memoized:40d8d262-8836-439b-84c4-75233c3da079@group-FD67D19C9032-SegmentedRaftLog:OPENED:c-1, conf=-1: peers:[8116f3ad-43fd-49d6-b38b-c9c4aa8410ec|rpc:10.1.0.15:43645|dataStream:10.1.0.15:43077|priority:1|startupRole:FOLLOWER, a7887d3a-ac12-44f2-81f3-1f33b720a94f|rpc:10.1.0.15:36865|dataStream:10.1.0.15:32943|priority:0|startupRole:FOLLOWER, 40d8d262-8836-439b-84c4-75233c3da079|rpc:10.1.0.15:33521|dataStream:10.1.0.15:41237|priority:0|startupRole:FOLLOWER]|listeners:[], old=null
2023-01-26 20:32:02,235 [a7887d3a-ac12-44f2-81f3-1f33b720a94f@group-FD67D19C9032-FollowerState] INFO  server.RaftServerConfigKeys (ConfUtils.java:logFallback(53)) - raft.server.rpc.first-election.timeout.min = 5s (fallback to raft.server.rpc.timeout.min)
2023-01-26 20:32:02,235 [a7887d3a-ac12-44f2-81f3-1f33b720a94f@group-FD67D19C9032-FollowerState] INFO  server.RaftServerConfigKeys (ConfUtils.java:logFallback(53)) - raft.server.rpc.first-election.timeout.max = 5200ms (fallback to raft.server.rpc.timeout.max)
2023-01-26 20:32:03,147 [Listener at 127.0.0.1/38041] INFO  ozone.MiniOzoneClusterImpl (MiniOzoneClusterImpl.java:lambda$waitForClusterToBeReady$0(218)) - Nodes are ready. Got 5 of 5 DN Heartbeats.
2023-01-26 20:32:03,148 [Listener at 127.0.0.1/38041] INFO  ozone.MiniOzoneClusterImpl (MiniOzoneClusterImpl.java:lambda$waitForClusterToBeReady$0(221)) - Waiting for cluster to exit safe mode
2023-01-26 20:32:03,148 [Listener at 127.0.0.1/38041] INFO  ozone.MiniOzoneClusterImpl (MiniOzoneClusterImpl.java:lambda$waitForClusterToBeReady$0(223)) - SCM became leader
2023-01-26 20:32:04,148 [Listener at 127.0.0.1/38041] INFO  ozone.MiniOzoneClusterImpl (MiniOzoneClusterImpl.java:lambda$waitForClusterToBeReady$0(218)) - Nodes are ready. Got 5 of 5 DN Heartbeats.
2023-01-26 20:32:04,149 [Listener at 127.0.0.1/38041] INFO  ozone.MiniOzoneClusterImpl (MiniOzoneClusterImpl.java:lambda$waitForClusterToBeReady$0(221)) - Waiting for cluster to exit safe mode
2023-01-26 20:32:04,149 [Listener at 127.0.0.1/38041] INFO  ozone.MiniOzoneClusterImpl (MiniOzoneClusterImpl.java:lambda$waitForClusterToBeReady$0(223)) - SCM became leader
2023-01-26 20:32:05,149 [Listener at 127.0.0.1/38041] INFO  ozone.MiniOzoneClusterImpl (MiniOzoneClusterImpl.java:lambda$waitForClusterToBeReady$0(218)) - Nodes are ready. Got 5 of 5 DN Heartbeats.
2023-01-26 20:32:05,149 [Listener at 127.0.0.1/38041] INFO  ozone.MiniOzoneClusterImpl (MiniOzoneClusterImpl.java:lambda$waitForClusterToBeReady$0(221)) - Waiting for cluster to exit safe mode
2023-01-26 20:32:05,149 [Listener at 127.0.0.1/38041] INFO  ozone.MiniOzoneClusterImpl (MiniOzoneClusterImpl.java:lambda$waitForClusterToBeReady$0(223)) - SCM became leader
2023-01-26 20:32:06,150 [Listener at 127.0.0.1/38041] INFO  ozone.MiniOzoneClusterImpl (MiniOzoneClusterImpl.java:lambda$waitForClusterToBeReady$0(218)) - Nodes are ready. Got 5 of 5 DN Heartbeats.
2023-01-26 20:32:06,150 [Listener at 127.0.0.1/38041] INFO  ozone.MiniOzoneClusterImpl (MiniOzoneClusterImpl.java:lambda$waitForClusterToBeReady$0(221)) - Waiting for cluster to exit safe mode
2023-01-26 20:32:06,150 [Listener at 127.0.0.1/38041] INFO  ozone.MiniOzoneClusterImpl (MiniOzoneClusterImpl.java:lambda$waitForClusterToBeReady$0(223)) - SCM became leader
2023-01-26 20:32:07,150 [Listener at 127.0.0.1/38041] INFO  ozone.MiniOzoneClusterImpl (MiniOzoneClusterImpl.java:lambda$waitForClusterToBeReady$0(218)) - Nodes are ready. Got 5 of 5 DN Heartbeats.
2023-01-26 20:32:07,150 [Listener at 127.0.0.1/38041] INFO  ozone.MiniOzoneClusterImpl (MiniOzoneClusterImpl.java:lambda$waitForClusterToBeReady$0(221)) - Waiting for cluster to exit safe mode
2023-01-26 20:32:07,151 [Listener at 127.0.0.1/38041] INFO  ozone.MiniOzoneClusterImpl (MiniOzoneClusterImpl.java:lambda$waitForClusterToBeReady$0(223)) - SCM became leader
2023-01-26 20:32:07,174 [8116f3ad-43fd-49d6-b38b-c9c4aa8410ec@group-1C34DF8C7ECE-FollowerState] INFO  server.RaftServerConfigKeys (ConfUtils.java:logFallback(53)) - raft.server.rpc.first-election.timeout.min = 5s (fallback to raft.server.rpc.timeout.min)
2023-01-26 20:32:07,174 [8116f3ad-43fd-49d6-b38b-c9c4aa8410ec@group-1C34DF8C7ECE-FollowerState] INFO  server.RaftServerConfigKeys (ConfUtils.java:logFallback(53)) - raft.server.rpc.first-election.timeout.max = 5200ms (fallback to raft.server.rpc.timeout.max)
2023-01-26 20:32:07,235 [a7887d3a-ac12-44f2-81f3-1f33b720a94f@group-FD67D19C9032-FollowerState] INFO  impl.FollowerState (FollowerState.java:run(143)) - a7887d3a-ac12-44f2-81f3-1f33b720a94f@group-FD67D19C9032-FollowerState: change to CANDIDATE, lastRpcElapsedTime:5007178260ns, electionTimeout:5000ms
2023-01-26 20:32:07,235 [a7887d3a-ac12-44f2-81f3-1f33b720a94f@group-FD67D19C9032-FollowerState] INFO  impl.RoleInfo (RoleInfo.java:shutdownFollowerState(110)) - a7887d3a-ac12-44f2-81f3-1f33b720a94f: shutdown a7887d3a-ac12-44f2-81f3-1f33b720a94f@group-FD67D19C9032-FollowerState
2023-01-26 20:32:07,235 [a7887d3a-ac12-44f2-81f3-1f33b720a94f@group-FD67D19C9032-FollowerState] INFO  server.RaftServer$Division (RaftServerImpl.java:setRole(321)) - a7887d3a-ac12-44f2-81f3-1f33b720a94f@group-FD67D19C9032: changes role from  FOLLOWER to CANDIDATE at term 2 for changeToCandidate
2023-01-26 20:32:07,235 [a7887d3a-ac12-44f2-81f3-1f33b720a94f@group-FD67D19C9032-FollowerState] INFO  server.RaftServerConfigKeys (ConfUtils.java:logGet(46)) - raft.server.leaderelection.pre-vote = false (custom)
2023-01-26 20:32:07,235 [a7887d3a-ac12-44f2-81f3-1f33b720a94f@group-FD67D19C9032-FollowerState] INFO  impl.RoleInfo (RoleInfo.java:updateAndGet(139)) - a7887d3a-ac12-44f2-81f3-1f33b720a94f: start a7887d3a-ac12-44f2-81f3-1f33b720a94f@group-FD67D19C9032-LeaderElection33
2023-01-26 20:32:07,240 [a7887d3a-ac12-44f2-81f3-1f33b720a94f@group-FD67D19C9032-LeaderElection33] INFO  impl.LeaderElection (LeaderElection.java:askForVotes(312)) - a7887d3a-ac12-44f2-81f3-1f33b720a94f@group-FD67D19C9032-LeaderElection33 ELECTION round 0: submit vote requests at term 3 for -1: peers:[8116f3ad-43fd-49d6-b38b-c9c4aa8410ec|rpc:10.1.0.15:43645|dataStream:10.1.0.15:43077|priority:1|startupRole:FOLLOWER, a7887d3a-ac12-44f2-81f3-1f33b720a94f|rpc:10.1.0.15:36865|dataStream:10.1.0.15:32943|priority:0|startupRole:FOLLOWER, 40d8d262-8836-439b-84c4-75233c3da079|rpc:10.1.0.15:33521|dataStream:10.1.0.15:41237|priority:0|startupRole:FOLLOWER]|listeners:[], old=null
2023-01-26 20:32:07,241 [a7887d3a-ac12-44f2-81f3-1f33b720a94f@group-FD67D19C9032-LeaderElection33] INFO  server.RaftServerConfigKeys (ConfUtils.java:logFallback(53)) - raft.server.rpc.first-election.timeout.min = 5s (fallback to raft.server.rpc.timeout.min)
2023-01-26 20:32:07,241 [a7887d3a-ac12-44f2-81f3-1f33b720a94f@group-FD67D19C9032-LeaderElection33] INFO  server.RaftServerConfigKeys (ConfUtils.java:logFallback(53)) - raft.server.rpc.first-election.timeout.max = 5200ms (fallback to raft.server.rpc.timeout.max)
2023-01-26 20:32:07,245 [grpc-default-executor-3] INFO  server.RaftServer$Division (RaftServerImpl.java:requestVote(1218)) - 8116f3ad-43fd-49d6-b38b-c9c4aa8410ec@group-FD67D19C9032: receive requestVote(ELECTION, a7887d3a-ac12-44f2-81f3-1f33b720a94f, group-FD67D19C9032, 3, (t:0, i:0))
2023-01-26 20:32:07,245 [grpc-default-executor-3] INFO  impl.VoteContext (VoteContext.java:log(49)) - 8116f3ad-43fd-49d6-b38b-c9c4aa8410ec@group-FD67D19C9032-FOLLOWER: reject ELECTION from a7887d3a-ac12-44f2-81f3-1f33b720a94f: our priority 1 > candidate's priority 0
2023-01-26 20:32:07,245 [grpc-default-executor-3] INFO  server.RaftServer$Division (RaftServerImpl.java:setRole(321)) - 8116f3ad-43fd-49d6-b38b-c9c4aa8410ec@group-FD67D19C9032: changes role from  FOLLOWER to FOLLOWER at term 3 for candidate:a7887d3a-ac12-44f2-81f3-1f33b720a94f
2023-01-26 20:32:07,245 [grpc-default-executor-3] INFO  impl.RoleInfo (RoleInfo.java:shutdownFollowerState(110)) - 8116f3ad-43fd-49d6-b38b-c9c4aa8410ec: shutdown 8116f3ad-43fd-49d6-b38b-c9c4aa8410ec@group-FD67D19C9032-FollowerState
2023-01-26 20:32:07,246 [grpc-default-executor-3] INFO  impl.RoleInfo (RoleInfo.java:updateAndGet(139)) - 8116f3ad-43fd-49d6-b38b-c9c4aa8410ec: start 8116f3ad-43fd-49d6-b38b-c9c4aa8410ec@group-FD67D19C9032-FollowerState
2023-01-26 20:32:07,246 [8116f3ad-43fd-49d6-b38b-c9c4aa8410ec@group-FD67D19C9032-FollowerState] INFO  impl.FollowerState (FollowerState.java:run(152)) - 8116f3ad-43fd-49d6-b38b-c9c4aa8410ec@group-FD67D19C9032-FollowerState was interrupted
2023-01-26 20:32:07,247 [grpc-default-executor-2] INFO  server.RaftServer$Division (RaftServerImpl.java:requestVote(1218)) - 40d8d262-8836-439b-84c4-75233c3da079@group-FD67D19C9032: receive requestVote(ELECTION, a7887d3a-ac12-44f2-81f3-1f33b720a94f, group-FD67D19C9032, 3, (t:0, i:0))
2023-01-26 20:32:07,247 [grpc-default-executor-2] INFO  impl.VoteContext (VoteContext.java:log(49)) - 40d8d262-8836-439b-84c4-75233c3da079@group-FD67D19C9032-FOLLOWER: accept ELECTION from a7887d3a-ac12-44f2-81f3-1f33b720a94f: our priority 0 <= candidate's priority 0
2023-01-26 20:32:07,247 [grpc-default-executor-2] INFO  server.RaftServer$Division (RaftServerImpl.java:setRole(321)) - 40d8d262-8836-439b-84c4-75233c3da079@group-FD67D19C9032: changes role from  FOLLOWER to FOLLOWER at term 3 for candidate:a7887d3a-ac12-44f2-81f3-1f33b720a94f
2023-01-26 20:32:07,247 [grpc-default-executor-2] INFO  impl.RoleInfo (RoleInfo.java:shutdownFollowerState(110)) - 40d8d262-8836-439b-84c4-75233c3da079: shutdown 40d8d262-8836-439b-84c4-75233c3da079@group-FD67D19C9032-FollowerState
2023-01-26 20:32:07,247 [grpc-default-executor-2] INFO  impl.RoleInfo (RoleInfo.java:updateAndGet(139)) - 40d8d262-8836-439b-84c4-75233c3da079: start 40d8d262-8836-439b-84c4-75233c3da079@group-FD67D19C9032-FollowerState
2023-01-26 20:32:07,248 [40d8d262-8836-439b-84c4-75233c3da079@group-FD67D19C9032-FollowerState] INFO  impl.FollowerState (FollowerState.java:run(152)) - 40d8d262-8836-439b-84c4-75233c3da079@group-FD67D19C9032-FollowerState was interrupted
2023-01-26 20:32:07,251 [grpc-default-executor-2] INFO  server.RaftServer$Division (RaftServerImpl.java:requestVote(1251)) - 40d8d262-8836-439b-84c4-75233c3da079@group-FD67D19C9032 replies to ELECTION vote request: a7887d3a-ac12-44f2-81f3-1f33b720a94f<-40d8d262-8836-439b-84c4-75233c3da079#0:OK-t3. Peer's state: 40d8d262-8836-439b-84c4-75233c3da079@group-FD67D19C9032:t3, leader=null, voted=a7887d3a-ac12-44f2-81f3-1f33b720a94f, raftlog=Memoized:40d8d262-8836-439b-84c4-75233c3da079@group-FD67D19C9032-SegmentedRaftLog:OPENED:c-1, conf=-1: peers:[8116f3ad-43fd-49d6-b38b-c9c4aa8410ec|rpc:10.1.0.15:43645|dataStream:10.1.0.15:43077|priority:1|startupRole:FOLLOWER, a7887d3a-ac12-44f2-81f3-1f33b720a94f|rpc:10.1.0.15:36865|dataStream:10.1.0.15:32943|priority:0|startupRole:FOLLOWER, 40d8d262-8836-439b-84c4-75233c3da079|rpc:10.1.0.15:33521|dataStream:10.1.0.15:41237|priority:0|startupRole:FOLLOWER]|listeners:[], old=null
2023-01-26 20:32:07,252 [grpc-default-executor-3] INFO  server.RaftServer$Division (RaftServerImpl.java:requestVote(1251)) - 8116f3ad-43fd-49d6-b38b-c9c4aa8410ec@group-FD67D19C9032 replies to ELECTION vote request: a7887d3a-ac12-44f2-81f3-1f33b720a94f<-8116f3ad-43fd-49d6-b38b-c9c4aa8410ec#0:FAIL-t3. Peer's state: 8116f3ad-43fd-49d6-b38b-c9c4aa8410ec@group-FD67D19C9032:t3, leader=null, voted=null, raftlog=Memoized:8116f3ad-43fd-49d6-b38b-c9c4aa8410ec@group-FD67D19C9032-SegmentedRaftLog:OPENED:c-1, conf=-1: peers:[8116f3ad-43fd-49d6-b38b-c9c4aa8410ec|rpc:10.1.0.15:43645|dataStream:10.1.0.15:43077|priority:1|startupRole:FOLLOWER, a7887d3a-ac12-44f2-81f3-1f33b720a94f|rpc:10.1.0.15:36865|dataStream:10.1.0.15:32943|priority:0|startupRole:FOLLOWER, 40d8d262-8836-439b-84c4-75233c3da079|rpc:10.1.0.15:33521|dataStream:10.1.0.15:41237|priority:0|startupRole:FOLLOWER]|listeners:[], old=null
2023-01-26 20:32:07,254 [a7887d3a-ac12-44f2-81f3-1f33b720a94f@group-FD67D19C9032-LeaderElection33] INFO  impl.LeaderElection (LeaderElection.java:logAndReturn(90)) - a7887d3a-ac12-44f2-81f3-1f33b720a94f@group-FD67D19C9032-LeaderElection33: ELECTION REJECTED received 2 response(s) and 0 exception(s):
2023-01-26 20:32:07,254 [a7887d3a-ac12-44f2-81f3-1f33b720a94f@group-FD67D19C9032-LeaderElection33] INFO  impl.LeaderElection (LeaderElection.java:logAndReturn(94)) -   Response 0: a7887d3a-ac12-44f2-81f3-1f33b720a94f<-8116f3ad-43fd-49d6-b38b-c9c4aa8410ec#0:FAIL-t3
2023-01-26 20:32:07,254 [a7887d3a-ac12-44f2-81f3-1f33b720a94f@group-FD67D19C9032-LeaderElection33] INFO  impl.LeaderElection (LeaderElection.java:logAndReturn(94)) -   Response 1: a7887d3a-ac12-44f2-81f3-1f33b720a94f<-40d8d262-8836-439b-84c4-75233c3da079#0:OK-t3
2023-01-26 20:32:07,254 [a7887d3a-ac12-44f2-81f3-1f33b720a94f@group-FD67D19C9032-LeaderElection33] INFO  impl.LeaderElection (LeaderElection.java:askForVotes(314)) - a7887d3a-ac12-44f2-81f3-1f33b720a94f@group-FD67D19C9032-LeaderElection33 ELECTION round 0: result REJECTED
2023-01-26 20:32:07,254 [a7887d3a-ac12-44f2-81f3-1f33b720a94f@group-FD67D19C9032-LeaderElection33] INFO  server.RaftServer$Division (RaftServerImpl.java:setRole(321)) - a7887d3a-ac12-44f2-81f3-1f33b720a94f@group-FD67D19C9032: changes role from CANDIDATE to FOLLOWER at term 3 for REJECTED
2023-01-26 20:32:07,254 [a7887d3a-ac12-44f2-81f3-1f33b720a94f@group-FD67D19C9032-LeaderElection33] INFO  impl.RoleInfo (RoleInfo.java:shutdownLeaderElection(130)) - a7887d3a-ac12-44f2-81f3-1f33b720a94f: shutdown a7887d3a-ac12-44f2-81f3-1f33b720a94f@group-FD67D19C9032-LeaderElection33
2023-01-26 20:32:07,254 [a7887d3a-ac12-44f2-81f3-1f33b720a94f@group-FD67D19C9032-LeaderElection33] INFO  impl.RoleInfo (RoleInfo.java:updateAndGet(139)) - a7887d3a-ac12-44f2-81f3-1f33b720a94f: start a7887d3a-ac12-44f2-81f3-1f33b720a94f@group-FD67D19C9032-FollowerState
2023-01-26 20:32:07,254 [8116f3ad-43fd-49d6-b38b-c9c4aa8410ec@group-FD67D19C9032-FollowerState] INFO  server.RaftServerConfigKeys (ConfUtils.java:logFallback(53)) - raft.server.rpc.first-election.timeout.min = 5s (fallback to raft.server.rpc.timeout.min)
2023-01-26 20:32:07,254 [8116f3ad-43fd-49d6-b38b-c9c4aa8410ec@group-FD67D19C9032-FollowerState] INFO  server.RaftServerConfigKeys (ConfUtils.java:logFallback(53)) - raft.server.rpc.first-election.timeout.max = 5200ms (fallback to raft.server.rpc.timeout.max)
2023-01-26 20:32:07,254 [40d8d262-8836-439b-84c4-75233c3da079@group-FD67D19C9032-FollowerState] INFO  server.RaftServerConfigKeys (ConfUtils.java:logFallback(53)) - raft.server.rpc.first-election.timeout.min = 5s (fallback to raft.server.rpc.timeout.min)
2023-01-26 20:32:07,254 [40d8d262-8836-439b-84c4-75233c3da079@group-FD67D19C9032-FollowerState] INFO  server.RaftServerConfigKeys (ConfUtils.java:logFallback(53)) - raft.server.rpc.first-election.timeout.max = 5200ms (fallback to raft.server.rpc.timeout.max)
2023-01-26 20:32:07,254 [a7887d3a-ac12-44f2-81f3-1f33b720a94f@group-FD67D19C9032-FollowerState] INFO  server.RaftServerConfigKeys (ConfUtils.java:logFallback(53)) - raft.server.rpc.first-election.timeout.min = 5s (fallback to raft.server.rpc.timeout.min)
2023-01-26 20:32:07,254 [a7887d3a-ac12-44f2-81f3-1f33b720a94f@group-FD67D19C9032-FollowerState] INFO  server.RaftServerConfigKeys (ConfUtils.java:logFallback(53)) - raft.server.rpc.first-election.timeout.max = 5200ms (fallback to raft.server.rpc.timeout.max)
2023-01-26 20:32:07,299 [a7887d3a-ac12-44f2-81f3-1f33b720a94f@group-1C34DF8C7ECE-FollowerState] INFO  impl.FollowerState (FollowerState.java:run(143)) - a7887d3a-ac12-44f2-81f3-1f33b720a94f@group-1C34DF8C7ECE-FollowerState: change to CANDIDATE, lastRpcElapsedTime:5130049877ns, electionTimeout:5129ms
2023-01-26 20:32:07,299 [a7887d3a-ac12-44f2-81f3-1f33b720a94f@group-1C34DF8C7ECE-FollowerState] INFO  impl.RoleInfo (RoleInfo.java:shutdownFollowerState(110)) - a7887d3a-ac12-44f2-81f3-1f33b720a94f: shutdown a7887d3a-ac12-44f2-81f3-1f33b720a94f@group-1C34DF8C7ECE-FollowerState
2023-01-26 20:32:07,299 [a7887d3a-ac12-44f2-81f3-1f33b720a94f@group-1C34DF8C7ECE-FollowerState] INFO  server.RaftServer$Division (RaftServerImpl.java:setRole(321)) - a7887d3a-ac12-44f2-81f3-1f33b720a94f@group-1C34DF8C7ECE: changes role from  FOLLOWER to CANDIDATE at term 2 for changeToCandidate
2023-01-26 20:32:07,299 [a7887d3a-ac12-44f2-81f3-1f33b720a94f@group-1C34DF8C7ECE-FollowerState] INFO  server.RaftServerConfigKeys (ConfUtils.java:logGet(46)) - raft.server.leaderelection.pre-vote = false (custom)
2023-01-26 20:32:07,299 [a7887d3a-ac12-44f2-81f3-1f33b720a94f@group-1C34DF8C7ECE-FollowerState] INFO  impl.RoleInfo (RoleInfo.java:updateAndGet(139)) - a7887d3a-ac12-44f2-81f3-1f33b720a94f: start a7887d3a-ac12-44f2-81f3-1f33b720a94f@group-1C34DF8C7ECE-LeaderElection34
2023-01-26 20:32:07,302 [a7887d3a-ac12-44f2-81f3-1f33b720a94f@group-1C34DF8C7ECE-LeaderElection34] INFO  impl.LeaderElection (LeaderElection.java:askForVotes(312)) - a7887d3a-ac12-44f2-81f3-1f33b720a94f@group-1C34DF8C7ECE-LeaderElection34 ELECTION round 0: submit vote requests at term 3 for -1: peers:[8116f3ad-43fd-49d6-b38b-c9c4aa8410ec|rpc:10.1.0.15:43645|dataStream:10.1.0.15:43077|priority:0|startupRole:FOLLOWER, a7887d3a-ac12-44f2-81f3-1f33b720a94f|rpc:10.1.0.15:36865|dataStream:10.1.0.15:32943|priority:0|startupRole:FOLLOWER, 40d8d262-8836-439b-84c4-75233c3da079|rpc:10.1.0.15:33521|dataStream:10.1.0.15:41237|priority:1|startupRole:FOLLOWER]|listeners:[], old=null
2023-01-26 20:32:07,302 [a7887d3a-ac12-44f2-81f3-1f33b720a94f@group-1C34DF8C7ECE-LeaderElection34] INFO  server.RaftServerConfigKeys (ConfUtils.java:logFallback(53)) - raft.server.rpc.first-election.timeout.min = 5s (fallback to raft.server.rpc.timeout.min)
2023-01-26 20:32:07,302 [a7887d3a-ac12-44f2-81f3-1f33b720a94f@group-1C34DF8C7ECE-LeaderElection34] INFO  server.RaftServerConfigKeys (ConfUtils.java:logFallback(53)) - raft.server.rpc.first-election.timeout.max = 5200ms (fallback to raft.server.rpc.timeout.max)
2023-01-26 20:32:07,305 [grpc-default-executor-3] INFO  server.RaftServer$Division (RaftServerImpl.java:requestVote(1218)) - 40d8d262-8836-439b-84c4-75233c3da079@group-1C34DF8C7ECE: receive requestVote(ELECTION, a7887d3a-ac12-44f2-81f3-1f33b720a94f, group-1C34DF8C7ECE, 3, (t:0, i:0))
2023-01-26 20:32:07,305 [grpc-default-executor-3] INFO  impl.VoteContext (VoteContext.java:log(49)) - 40d8d262-8836-439b-84c4-75233c3da079@group-1C34DF8C7ECE-FOLLOWER: reject ELECTION from a7887d3a-ac12-44f2-81f3-1f33b720a94f: our priority 1 > candidate's priority 0
2023-01-26 20:32:07,305 [grpc-default-executor-3] INFO  server.RaftServer$Division (RaftServerImpl.java:setRole(321)) - 40d8d262-8836-439b-84c4-75233c3da079@group-1C34DF8C7ECE: changes role from  FOLLOWER to FOLLOWER at term 3 for candidate:a7887d3a-ac12-44f2-81f3-1f33b720a94f
2023-01-26 20:32:07,305 [grpc-default-executor-3] INFO  impl.RoleInfo (RoleInfo.java:shutdownFollowerState(110)) - 40d8d262-8836-439b-84c4-75233c3da079: shutdown 40d8d262-8836-439b-84c4-75233c3da079@group-1C34DF8C7ECE-FollowerState
2023-01-26 20:32:07,305 [grpc-default-executor-3] INFO  impl.RoleInfo (RoleInfo.java:updateAndGet(139)) - 40d8d262-8836-439b-84c4-75233c3da079: start 40d8d262-8836-439b-84c4-75233c3da079@group-1C34DF8C7ECE-FollowerState
2023-01-26 20:32:07,305 [40d8d262-8836-439b-84c4-75233c3da079@group-1C34DF8C7ECE-FollowerState] INFO  impl.FollowerState (FollowerState.java:run(152)) - 40d8d262-8836-439b-84c4-75233c3da079@group-1C34DF8C7ECE-FollowerState was interrupted
2023-01-26 20:32:07,306 [40d8d262-8836-439b-84c4-75233c3da079@group-1C34DF8C7ECE-FollowerState] INFO  server.RaftServerConfigKeys (ConfUtils.java:logFallback(53)) - raft.server.rpc.first-election.timeout.min = 5s (fallback to raft.server.rpc.timeout.min)
2023-01-26 20:32:07,306 [40d8d262-8836-439b-84c4-75233c3da079@group-1C34DF8C7ECE-FollowerState] INFO  server.RaftServerConfigKeys (ConfUtils.java:logFallback(53)) - raft.server.rpc.first-election.timeout.max = 5200ms (fallback to raft.server.rpc.timeout.max)
2023-01-26 20:32:07,307 [grpc-default-executor-3] INFO  server.RaftServer$Division (RaftServerImpl.java:requestVote(1251)) - 40d8d262-8836-439b-84c4-75233c3da079@group-1C34DF8C7ECE replies to ELECTION vote request: a7887d3a-ac12-44f2-81f3-1f33b720a94f<-40d8d262-8836-439b-84c4-75233c3da079#0:FAIL-t3. Peer's state: 40d8d262-8836-439b-84c4-75233c3da079@group-1C34DF8C7ECE:t3, leader=null, voted=null, raftlog=Memoized:40d8d262-8836-439b-84c4-75233c3da079@group-1C34DF8C7ECE-SegmentedRaftLog:OPENED:c-1, conf=-1: peers:[8116f3ad-43fd-49d6-b38b-c9c4aa8410ec|rpc:10.1.0.15:43645|dataStream:10.1.0.15:43077|priority:0|startupRole:FOLLOWER, a7887d3a-ac12-44f2-81f3-1f33b720a94f|rpc:10.1.0.15:36865|dataStream:10.1.0.15:32943|priority:0|startupRole:FOLLOWER, 40d8d262-8836-439b-84c4-75233c3da079|rpc:10.1.0.15:33521|dataStream:10.1.0.15:41237|priority:1|startupRole:FOLLOWER]|listeners:[], old=null
2023-01-26 20:32:07,307 [grpc-default-executor-2] INFO  server.RaftServer$Division (RaftServerImpl.java:requestVote(1218)) - 8116f3ad-43fd-49d6-b38b-c9c4aa8410ec@group-1C34DF8C7ECE: receive requestVote(ELECTION, a7887d3a-ac12-44f2-81f3-1f33b720a94f, group-1C34DF8C7ECE, 3, (t:0, i:0))
2023-01-26 20:32:07,307 [grpc-default-executor-2] INFO  impl.VoteContext (VoteContext.java:log(49)) - 8116f3ad-43fd-49d6-b38b-c9c4aa8410ec@group-1C34DF8C7ECE-FOLLOWER: accept ELECTION from a7887d3a-ac12-44f2-81f3-1f33b720a94f: our priority 0 <= candidate's priority 0
2023-01-26 20:32:07,307 [grpc-default-executor-2] INFO  server.RaftServer$Division (RaftServerImpl.java:setRole(321)) - 8116f3ad-43fd-49d6-b38b-c9c4aa8410ec@group-1C34DF8C7ECE: changes role from  FOLLOWER to FOLLOWER at term 3 for candidate:a7887d3a-ac12-44f2-81f3-1f33b720a94f
2023-01-26 20:32:07,307 [grpc-default-executor-2] INFO  impl.RoleInfo (RoleInfo.java:shutdownFollowerState(110)) - 8116f3ad-43fd-49d6-b38b-c9c4aa8410ec: shutdown 8116f3ad-43fd-49d6-b38b-c9c4aa8410ec@group-1C34DF8C7ECE-FollowerState
2023-01-26 20:32:07,307 [grpc-default-executor-2] INFO  impl.RoleInfo (RoleInfo.java:updateAndGet(139)) - 8116f3ad-43fd-49d6-b38b-c9c4aa8410ec: start 8116f3ad-43fd-49d6-b38b-c9c4aa8410ec@group-1C34DF8C7ECE-FollowerState
2023-01-26 20:32:07,307 [8116f3ad-43fd-49d6-b38b-c9c4aa8410ec@group-1C34DF8C7ECE-FollowerState] INFO  impl.FollowerState (FollowerState.java:run(152)) - 8116f3ad-43fd-49d6-b38b-c9c4aa8410ec@group-1C34DF8C7ECE-FollowerState was interrupted
2023-01-26 20:32:07,312 [8116f3ad-43fd-49d6-b38b-c9c4aa8410ec@group-1C34DF8C7ECE-FollowerState] INFO  server.RaftServerConfigKeys (ConfUtils.java:logFallback(53)) - raft.server.rpc.first-election.timeout.min = 5s (fallback to raft.server.rpc.timeout.min)
2023-01-26 20:32:07,312 [8116f3ad-43fd-49d6-b38b-c9c4aa8410ec@group-1C34DF8C7ECE-FollowerState] INFO  server.RaftServerConfigKeys (ConfUtils.java:logFallback(53)) - raft.server.rpc.first-election.timeout.max = 5200ms (fallback to raft.server.rpc.timeout.max)
2023-01-26 20:32:07,312 [a7887d3a-ac12-44f2-81f3-1f33b720a94f@group-1C34DF8C7ECE-LeaderElection34] INFO  impl.LeaderElection (LeaderElection.java:logAndReturn(90)) - a7887d3a-ac12-44f2-81f3-1f33b720a94f@group-1C34DF8C7ECE-LeaderElection34: ELECTION REJECTED received 1 response(s) and 0 exception(s):
2023-01-26 20:32:07,312 [a7887d3a-ac12-44f2-81f3-1f33b720a94f@group-1C34DF8C7ECE-LeaderElection34] INFO  impl.LeaderElection (LeaderElection.java:logAndReturn(94)) -   Response 0: a7887d3a-ac12-44f2-81f3-1f33b720a94f<-40d8d262-8836-439b-84c4-75233c3da079#0:FAIL-t3
2023-01-26 20:32:07,312 [a7887d3a-ac12-44f2-81f3-1f33b720a94f@group-1C34DF8C7ECE-LeaderElection34] INFO  impl.LeaderElection (LeaderElection.java:askForVotes(314)) - a7887d3a-ac12-44f2-81f3-1f33b720a94f@group-1C34DF8C7ECE-LeaderElection34 ELECTION round 0: result REJECTED
2023-01-26 20:32:07,312 [a7887d3a-ac12-44f2-81f3-1f33b720a94f@group-1C34DF8C7ECE-LeaderElection34] INFO  server.RaftServer$Division (RaftServerImpl.java:setRole(321)) - a7887d3a-ac12-44f2-81f3-1f33b720a94f@group-1C34DF8C7ECE: changes role from CANDIDATE to FOLLOWER at term 3 for REJECTED
2023-01-26 20:32:07,312 [a7887d3a-ac12-44f2-81f3-1f33b720a94f@group-1C34DF8C7ECE-LeaderElection34] INFO  impl.RoleInfo (RoleInfo.java:shutdownLeaderElection(130)) - a7887d3a-ac12-44f2-81f3-1f33b720a94f: shutdown a7887d3a-ac12-44f2-81f3-1f33b720a94f@group-1C34DF8C7ECE-LeaderElection34
2023-01-26 20:32:07,312 [a7887d3a-ac12-44f2-81f3-1f33b720a94f@group-1C34DF8C7ECE-LeaderElection34] INFO  impl.RoleInfo (RoleInfo.java:updateAndGet(139)) - a7887d3a-ac12-44f2-81f3-1f33b720a94f: start a7887d3a-ac12-44f2-81f3-1f33b720a94f@group-1C34DF8C7ECE-FollowerState
2023-01-26 20:32:07,312 [a7887d3a-ac12-44f2-81f3-1f33b720a94f@group-1C34DF8C7ECE-FollowerState] INFO  server.RaftServerConfigKeys (ConfUtils.java:logFallback(53)) - raft.server.rpc.first-election.timeout.min = 5s (fallback to raft.server.rpc.timeout.min)
2023-01-26 20:32:07,313 [grpc-default-executor-2] INFO  server.RaftServer$Division (RaftServerImpl.java:requestVote(1251)) - 8116f3ad-43fd-49d6-b38b-c9c4aa8410ec@group-1C34DF8C7ECE replies to ELECTION vote request: a7887d3a-ac12-44f2-81f3-1f33b720a94f<-8116f3ad-43fd-49d6-b38b-c9c4aa8410ec#0:OK-t3. Peer's state: 8116f3ad-43fd-49d6-b38b-c9c4aa8410ec@group-1C34DF8C7ECE:t3, leader=null, voted=a7887d3a-ac12-44f2-81f3-1f33b720a94f, raftlog=Memoized:8116f3ad-43fd-49d6-b38b-c9c4aa8410ec@group-1C34DF8C7ECE-SegmentedRaftLog:OPENED:c-1, conf=-1: peers:[8116f3ad-43fd-49d6-b38b-c9c4aa8410ec|rpc:10.1.0.15:43645|dataStream:10.1.0.15:43077|priority:0|startupRole:FOLLOWER, a7887d3a-ac12-44f2-81f3-1f33b720a94f|rpc:10.1.0.15:36865|dataStream:10.1.0.15:32943|priority:0|startupRole:FOLLOWER, 40d8d262-8836-439b-84c4-75233c3da079|rpc:10.1.0.15:33521|dataStream:10.1.0.15:41237|priority:1|startupRole:FOLLOWER]|listeners:[], old=null
2023-01-26 20:32:07,314 [a7887d3a-ac12-44f2-81f3-1f33b720a94f@group-1C34DF8C7ECE-FollowerState] INFO  server.RaftServerConfigKeys (ConfUtils.java:logFallback(53)) - raft.server.rpc.first-election.timeout.max = 5200ms (fallback to raft.server.rpc.timeout.max)
2023-01-26 20:32:08,151 [Listener at 127.0.0.1/38041] INFO  ozone.MiniOzoneClusterImpl (MiniOzoneClusterImpl.java:lambda$waitForClusterToBeReady$0(218)) - Nodes are ready. Got 5 of 5 DN Heartbeats.
2023-01-26 20:32:08,151 [Listener at 127.0.0.1/38041] INFO  ozone.MiniOzoneClusterImpl (MiniOzoneClusterImpl.java:lambda$waitForClusterToBeReady$0(221)) - Waiting for cluster to exit safe mode
2023-01-26 20:32:08,151 [Listener at 127.0.0.1/38041] INFO  ozone.MiniOzoneClusterImpl (MiniOzoneClusterImpl.java:lambda$waitForClusterToBeReady$0(223)) - SCM became leader
2023-01-26 20:32:09,151 [Listener at 127.0.0.1/38041] INFO  ozone.MiniOzoneClusterImpl (MiniOzoneClusterImpl.java:lambda$waitForClusterToBeReady$0(218)) - Nodes are ready. Got 5 of 5 DN Heartbeats.
2023-01-26 20:32:09,151 [Listener at 127.0.0.1/38041] INFO  ozone.MiniOzoneClusterImpl (MiniOzoneClusterImpl.java:lambda$waitForClusterToBeReady$0(221)) - Waiting for cluster to exit safe mode
2023-01-26 20:32:09,152 [Listener at 127.0.0.1/38041] INFO  ozone.MiniOzoneClusterImpl (MiniOzoneClusterImpl.java:lambda$waitForClusterToBeReady$0(223)) - SCM became leader
2023-01-26 20:32:10,152 [Listener at 127.0.0.1/38041] INFO  ozone.MiniOzoneClusterImpl (MiniOzoneClusterImpl.java:lambda$waitForClusterToBeReady$0(218)) - Nodes are ready. Got 5 of 5 DN Heartbeats.
2023-01-26 20:32:10,152 [Listener at 127.0.0.1/38041] INFO  ozone.MiniOzoneClusterImpl (MiniOzoneClusterImpl.java:lambda$waitForClusterToBeReady$0(221)) - Waiting for cluster to exit safe mode
2023-01-26 20:32:10,152 [Listener at 127.0.0.1/38041] INFO  ozone.MiniOzoneClusterImpl (MiniOzoneClusterImpl.java:lambda$waitForClusterToBeReady$0(223)) - SCM became leader
2023-01-26 20:32:11,152 [Listener at 127.0.0.1/38041] INFO  ozone.MiniOzoneClusterImpl (MiniOzoneClusterImpl.java:lambda$waitForClusterToBeReady$0(218)) - Nodes are ready. Got 5 of 5 DN Heartbeats.
2023-01-26 20:32:11,153 [Listener at 127.0.0.1/38041] INFO  ozone.MiniOzoneClusterImpl (MiniOzoneClusterImpl.java:lambda$waitForClusterToBeReady$0(221)) - Waiting for cluster to exit safe mode
2023-01-26 20:32:11,153 [Listener at 127.0.0.1/38041] INFO  ozone.MiniOzoneClusterImpl (MiniOzoneClusterImpl.java:lambda$waitForClusterToBeReady$0(223)) - SCM became leader
2023-01-26 20:32:12,153 [Listener at 127.0.0.1/38041] INFO  ozone.MiniOzoneClusterImpl (MiniOzoneClusterImpl.java:lambda$waitForClusterToBeReady$0(218)) - Nodes are ready. Got 5 of 5 DN Heartbeats.
2023-01-26 20:32:12,153 [Listener at 127.0.0.1/38041] INFO  ozone.MiniOzoneClusterImpl (MiniOzoneClusterImpl.java:lambda$waitForClusterToBeReady$0(221)) - Waiting for cluster to exit safe mode
2023-01-26 20:32:12,153 [Listener at 127.0.0.1/38041] INFO  ozone.MiniOzoneClusterImpl (MiniOzoneClusterImpl.java:lambda$waitForClusterToBeReady$0(223)) - SCM became leader
2023-01-26 20:32:12,288 [8116f3ad-43fd-49d6-b38b-c9c4aa8410ec@group-FD67D19C9032-FollowerState] INFO  impl.FollowerState (FollowerState.java:run(143)) - 8116f3ad-43fd-49d6-b38b-c9c4aa8410ec@group-FD67D19C9032-FollowerState: change to CANDIDATE, lastRpcElapsedTime:5042521766ns, electionTimeout:5034ms
2023-01-26 20:32:12,288 [8116f3ad-43fd-49d6-b38b-c9c4aa8410ec@group-FD67D19C9032-FollowerState] INFO  impl.RoleInfo (RoleInfo.java:shutdownFollowerState(110)) - 8116f3ad-43fd-49d6-b38b-c9c4aa8410ec: shutdown 8116f3ad-43fd-49d6-b38b-c9c4aa8410ec@group-FD67D19C9032-FollowerState
2023-01-26 20:32:12,288 [8116f3ad-43fd-49d6-b38b-c9c4aa8410ec@group-FD67D19C9032-FollowerState] INFO  server.RaftServer$Division (RaftServerImpl.java:setRole(321)) - 8116f3ad-43fd-49d6-b38b-c9c4aa8410ec@group-FD67D19C9032: changes role from  FOLLOWER to CANDIDATE at term 3 for changeToCandidate
2023-01-26 20:32:12,288 [8116f3ad-43fd-49d6-b38b-c9c4aa8410ec@group-FD67D19C9032-FollowerState] INFO  server.RaftServerConfigKeys (ConfUtils.java:logGet(46)) - raft.server.leaderelection.pre-vote = false (custom)
2023-01-26 20:32:12,289 [8116f3ad-43fd-49d6-b38b-c9c4aa8410ec@group-FD67D19C9032-FollowerState] INFO  impl.RoleInfo (RoleInfo.java:updateAndGet(139)) - 8116f3ad-43fd-49d6-b38b-c9c4aa8410ec: start 8116f3ad-43fd-49d6-b38b-c9c4aa8410ec@group-FD67D19C9032-LeaderElection35
2023-01-26 20:32:12,295 [8116f3ad-43fd-49d6-b38b-c9c4aa8410ec@group-FD67D19C9032-LeaderElection35] INFO  impl.LeaderElection (LeaderElection.java:askForVotes(312)) - 8116f3ad-43fd-49d6-b38b-c9c4aa8410ec@group-FD67D19C9032-LeaderElection35 ELECTION round 0: submit vote requests at term 4 for -1: peers:[8116f3ad-43fd-49d6-b38b-c9c4aa8410ec|rpc:10.1.0.15:43645|dataStream:10.1.0.15:43077|priority:1|startupRole:FOLLOWER, a7887d3a-ac12-44f2-81f3-1f33b720a94f|rpc:10.1.0.15:36865|dataStream:10.1.0.15:32943|priority:0|startupRole:FOLLOWER, 40d8d262-8836-439b-84c4-75233c3da079|rpc:10.1.0.15:33521|dataStream:10.1.0.15:41237|priority:0|startupRole:FOLLOWER]|listeners:[], old=null
2023-01-26 20:32:12,295 [8116f3ad-43fd-49d6-b38b-c9c4aa8410ec@group-FD67D19C9032-LeaderElection35] INFO  server.RaftServerConfigKeys (ConfUtils.java:logFallback(53)) - raft.server.rpc.first-election.timeout.min = 5s (fallback to raft.server.rpc.timeout.min)
2023-01-26 20:32:12,295 [8116f3ad-43fd-49d6-b38b-c9c4aa8410ec@group-FD67D19C9032-LeaderElection35] INFO  server.RaftServerConfigKeys (ConfUtils.java:logFallback(53)) - raft.server.rpc.first-election.timeout.max = 5200ms (fallback to raft.server.rpc.timeout.max)
2023-01-26 20:32:12,297 [grpc-default-executor-3] INFO  server.RaftServer$Division (RaftServerImpl.java:requestVote(1218)) - 40d8d262-8836-439b-84c4-75233c3da079@group-FD67D19C9032: receive requestVote(ELECTION, 8116f3ad-43fd-49d6-b38b-c9c4aa8410ec, group-FD67D19C9032, 4, (t:0, i:0))
2023-01-26 20:32:12,298 [grpc-default-executor-3] INFO  impl.VoteContext (VoteContext.java:log(49)) - 40d8d262-8836-439b-84c4-75233c3da079@group-FD67D19C9032-FOLLOWER: accept ELECTION from 8116f3ad-43fd-49d6-b38b-c9c4aa8410ec: our priority 0 <= candidate's priority 1
2023-01-26 20:32:12,298 [grpc-default-executor-3] INFO  server.RaftServer$Division (RaftServerImpl.java:setRole(321)) - 40d8d262-8836-439b-84c4-75233c3da079@group-FD67D19C9032: changes role from  FOLLOWER to FOLLOWER at term 4 for candidate:8116f3ad-43fd-49d6-b38b-c9c4aa8410ec
2023-01-26 20:32:12,298 [grpc-default-executor-3] INFO  impl.RoleInfo (RoleInfo.java:shutdownFollowerState(110)) - 40d8d262-8836-439b-84c4-75233c3da079: shutdown 40d8d262-8836-439b-84c4-75233c3da079@group-FD67D19C9032-FollowerState
2023-01-26 20:32:12,298 [grpc-default-executor-3] INFO  impl.RoleInfo (RoleInfo.java:updateAndGet(139)) - 40d8d262-8836-439b-84c4-75233c3da079: start 40d8d262-8836-439b-84c4-75233c3da079@group-FD67D19C9032-FollowerState
2023-01-26 20:32:12,298 [grpc-default-executor-2] INFO  server.RaftServer$Division (RaftServerImpl.java:requestVote(1218)) - a7887d3a-ac12-44f2-81f3-1f33b720a94f@group-FD67D19C9032: receive requestVote(ELECTION, 8116f3ad-43fd-49d6-b38b-c9c4aa8410ec, group-FD67D19C9032, 4, (t:0, i:0))
2023-01-26 20:32:12,298 [grpc-default-executor-2] INFO  impl.VoteContext (VoteContext.java:log(49)) - a7887d3a-ac12-44f2-81f3-1f33b720a94f@group-FD67D19C9032-FOLLOWER: accept ELECTION from 8116f3ad-43fd-49d6-b38b-c9c4aa8410ec: our priority 0 <= candidate's priority 1
2023-01-26 20:32:12,298 [grpc-default-executor-2] INFO  server.RaftServer$Division (RaftServerImpl.java:setRole(321)) - a7887d3a-ac12-44f2-81f3-1f33b720a94f@group-FD67D19C9032: changes role from  FOLLOWER to FOLLOWER at term 4 for candidate:8116f3ad-43fd-49d6-b38b-c9c4aa8410ec
2023-01-26 20:32:12,298 [grpc-default-executor-2] INFO  impl.RoleInfo (RoleInfo.java:shutdownFollowerState(110)) - a7887d3a-ac12-44f2-81f3-1f33b720a94f: shutdown a7887d3a-ac12-44f2-81f3-1f33b720a94f@group-FD67D19C9032-FollowerState
2023-01-26 20:32:12,299 [grpc-default-executor-2] INFO  impl.RoleInfo (RoleInfo.java:updateAndGet(139)) - a7887d3a-ac12-44f2-81f3-1f33b720a94f: start a7887d3a-ac12-44f2-81f3-1f33b720a94f@group-FD67D19C9032-FollowerState
2023-01-26 20:32:12,299 [40d8d262-8836-439b-84c4-75233c3da079@group-FD67D19C9032-FollowerState] INFO  impl.FollowerState (FollowerState.java:run(152)) - 40d8d262-8836-439b-84c4-75233c3da079@group-FD67D19C9032-FollowerState was interrupted
2023-01-26 20:32:12,299 [a7887d3a-ac12-44f2-81f3-1f33b720a94f@group-FD67D19C9032-FollowerState] INFO  impl.FollowerState (FollowerState.java:run(152)) - a7887d3a-ac12-44f2-81f3-1f33b720a94f@group-FD67D19C9032-FollowerState was interrupted
2023-01-26 20:32:12,299 [40d8d262-8836-439b-84c4-75233c3da079@group-FD67D19C9032-FollowerState] INFO  server.RaftServerConfigKeys (ConfUtils.java:logFallback(53)) - raft.server.rpc.first-election.timeout.min = 5s (fallback to raft.server.rpc.timeout.min)
2023-01-26 20:32:12,300 [grpc-default-executor-3] INFO  server.RaftServer$Division (RaftServerImpl.java:requestVote(1251)) - 40d8d262-8836-439b-84c4-75233c3da079@group-FD67D19C9032 replies to ELECTION vote request: 8116f3ad-43fd-49d6-b38b-c9c4aa8410ec<-40d8d262-8836-439b-84c4-75233c3da079#0:OK-t4. Peer's state: 40d8d262-8836-439b-84c4-75233c3da079@group-FD67D19C9032:t4, leader=null, voted=8116f3ad-43fd-49d6-b38b-c9c4aa8410ec, raftlog=Memoized:40d8d262-8836-439b-84c4-75233c3da079@group-FD67D19C9032-SegmentedRaftLog:OPENED:c-1, conf=-1: peers:[8116f3ad-43fd-49d6-b38b-c9c4aa8410ec|rpc:10.1.0.15:43645|dataStream:10.1.0.15:43077|priority:1|startupRole:FOLLOWER, a7887d3a-ac12-44f2-81f3-1f33b720a94f|rpc:10.1.0.15:36865|dataStream:10.1.0.15:32943|priority:0|startupRole:FOLLOWER, 40d8d262-8836-439b-84c4-75233c3da079|rpc:10.1.0.15:33521|dataStream:10.1.0.15:41237|priority:0|startupRole:FOLLOWER]|listeners:[], old=null
2023-01-26 20:32:12,301 [8116f3ad-43fd-49d6-b38b-c9c4aa8410ec@group-FD67D19C9032-LeaderElection35] INFO  impl.LeaderElection (LeaderElection.java:logAndReturn(90)) - 8116f3ad-43fd-49d6-b38b-c9c4aa8410ec@group-FD67D19C9032-LeaderElection35: ELECTION PASSED received 1 response(s) and 0 exception(s):
2023-01-26 20:32:12,301 [8116f3ad-43fd-49d6-b38b-c9c4aa8410ec@group-FD67D19C9032-LeaderElection35] INFO  impl.LeaderElection (LeaderElection.java:logAndReturn(94)) -   Response 0: 8116f3ad-43fd-49d6-b38b-c9c4aa8410ec<-40d8d262-8836-439b-84c4-75233c3da079#0:OK-t4
2023-01-26 20:32:12,301 [8116f3ad-43fd-49d6-b38b-c9c4aa8410ec@group-FD67D19C9032-LeaderElection35] INFO  impl.LeaderElection (LeaderElection.java:askForVotes(314)) - 8116f3ad-43fd-49d6-b38b-c9c4aa8410ec@group-FD67D19C9032-LeaderElection35 ELECTION round 0: result PASSED
2023-01-26 20:32:12,301 [8116f3ad-43fd-49d6-b38b-c9c4aa8410ec@group-FD67D19C9032-LeaderElection35] INFO  impl.RoleInfo (RoleInfo.java:shutdownLeaderElection(130)) - 8116f3ad-43fd-49d6-b38b-c9c4aa8410ec: shutdown 8116f3ad-43fd-49d6-b38b-c9c4aa8410ec@group-FD67D19C9032-LeaderElection35
2023-01-26 20:32:12,301 [8116f3ad-43fd-49d6-b38b-c9c4aa8410ec@group-FD67D19C9032-LeaderElection35] INFO  server.RaftServer$Division (RaftServerImpl.java:setRole(321)) - 8116f3ad-43fd-49d6-b38b-c9c4aa8410ec@group-FD67D19C9032: changes role from CANDIDATE to LEADER at term 4 for changeToLeader
2023-01-26 20:32:12,301 [8116f3ad-43fd-49d6-b38b-c9c4aa8410ec@group-FD67D19C9032-LeaderElection35] INFO  ratis.XceiverServerRatis (XceiverServerRatis.java:handleLeaderChangedNotification(904)) - Leader change notification received for group: group-FD67D19C9032 with new leaderId: 8116f3ad-43fd-49d6-b38b-c9c4aa8410ec
2023-01-26 20:32:12,301 [8116f3ad-43fd-49d6-b38b-c9c4aa8410ec@group-FD67D19C9032-LeaderElection35] INFO  server.RaftServer$Division (ServerState.java:setLeader(313)) - 8116f3ad-43fd-49d6-b38b-c9c4aa8410ec@group-FD67D19C9032: change Leader from null to 8116f3ad-43fd-49d6-b38b-c9c4aa8410ec at term 4 for becomeLeader, leader elected after 20253ms
2023-01-26 20:32:12,301 [8116f3ad-43fd-49d6-b38b-c9c4aa8410ec@group-FD67D19C9032-LeaderElection35] INFO  server.RaftServerConfigKeys (ConfUtils.java:logGet(46)) - raft.server.staging.catchup.gap = 1000 (default)
2023-01-26 20:32:12,302 [8116f3ad-43fd-49d6-b38b-c9c4aa8410ec@group-FD67D19C9032-LeaderElection35] INFO  server.RaftServerConfigKeys (ConfUtils.java:logGet(46)) - raft.server.write.element-limit = 1024 (custom)
2023-01-26 20:32:12,302 [8116f3ad-43fd-49d6-b38b-c9c4aa8410ec@group-FD67D19C9032-LeaderElection35] INFO  server.RaftServerConfigKeys (ConfUtils.java:logGet(46)) - raft.server.write.byte-limit = 1024 M (=1073741824) (custom)
2023-01-26 20:32:12,302 [8116f3ad-43fd-49d6-b38b-c9c4aa8410ec@group-FD67D19C9032-LeaderElection35] INFO  server.RaftServerConfigKeys (ConfUtils.java:logGet(46)) - raft.server.watch.timeout = 180s (custom)
2023-01-26 20:32:12,302 [8116f3ad-43fd-49d6-b38b-c9c4aa8410ec@group-FD67D19C9032-LeaderElection35] INFO  server.RaftServerConfigKeys (ConfUtils.java:logGet(46)) - raft.server.watch.timeout.denomination = 1s (default)
2023-01-26 20:32:12,302 [8116f3ad-43fd-49d6-b38b-c9c4aa8410ec@group-FD67D19C9032-LeaderElection35] INFO  server.RaftServerConfigKeys (ConfUtils.java:logGet(46)) - raft.server.watch.element-limit = 65536 (default)
2023-01-26 20:32:12,302 [8116f3ad-43fd-49d6-b38b-c9c4aa8410ec@group-FD67D19C9032-LeaderElection35] INFO  server.RaftServerConfigKeys (ConfUtils.java:logGet(46)) - raft.server.write.element-limit = 1024 (custom)
2023-01-26 20:32:12,302 [8116f3ad-43fd-49d6-b38b-c9c4aa8410ec@group-FD67D19C9032-LeaderElection35] INFO  server.RaftServerConfigKeys (ConfUtils.java:logGet(46)) - raft.server.write.follower.gap.ratio.max = -1.0 (default)
2023-01-26 20:32:12,302 [a7887d3a-ac12-44f2-81f3-1f33b720a94f@group-FD67D19C9032-FollowerState] INFO  server.RaftServerConfigKeys (ConfUtils.java:logFallback(53)) - raft.server.rpc.first-election.timeout.min = 5s (fallback to raft.server.rpc.timeout.min)
2023-01-26 20:32:12,302 [grpc-default-executor-2] INFO  server.RaftServer$Division (RaftServerImpl.java:requestVote(1251)) - a7887d3a-ac12-44f2-81f3-1f33b720a94f@group-FD67D19C9032 replies to ELECTION vote request: 8116f3ad-43fd-49d6-b38b-c9c4aa8410ec<-a7887d3a-ac12-44f2-81f3-1f33b720a94f#0:OK-t4. Peer's state: a7887d3a-ac12-44f2-81f3-1f33b720a94f@group-FD67D19C9032:t4, leader=null, voted=8116f3ad-43fd-49d6-b38b-c9c4aa8410ec, raftlog=Memoized:a7887d3a-ac12-44f2-81f3-1f33b720a94f@group-FD67D19C9032-SegmentedRaftLog:OPENED:c-1, conf=-1: peers:[8116f3ad-43fd-49d6-b38b-c9c4aa8410ec|rpc:10.1.0.15:43645|dataStream:10.1.0.15:43077|priority:1|startupRole:FOLLOWER, a7887d3a-ac12-44f2-81f3-1f33b720a94f|rpc:10.1.0.15:36865|dataStream:10.1.0.15:32943|priority:0|startupRole:FOLLOWER, 40d8d262-8836-439b-84c4-75233c3da079|rpc:10.1.0.15:33521|dataStream:10.1.0.15:41237|priority:0|startupRole:FOLLOWER]|listeners:[], old=null
2023-01-26 20:32:12,303 [8116f3ad-43fd-49d6-b38b-c9c4aa8410ec@group-FD67D19C9032-LeaderElection35] INFO  server.RaftServerConfigKeys (ConfUtils.java:logGet(46)) - raft.server.log.appender.snapshot.chunk.size.max = 16MB (=16777216) (default)
2023-01-26 20:32:12,303 [8116f3ad-43fd-49d6-b38b-c9c4aa8410ec@group-FD67D19C9032-LeaderElection35] INFO  server.RaftServerConfigKeys (ConfUtils.java:logGet(46)) - raft.server.log.appender.buffer.byte-limit = 33554432 (custom)
2023-01-26 20:32:12,303 [8116f3ad-43fd-49d6-b38b-c9c4aa8410ec@group-FD67D19C9032-LeaderElection35] INFO  server.RaftServerConfigKeys (ConfUtils.java:logGet(46)) - raft.server.log.appender.buffer.element-limit = 1 (custom)
2023-01-26 20:32:12,303 [8116f3ad-43fd-49d6-b38b-c9c4aa8410ec@group-FD67D19C9032-LeaderElection35] INFO  grpc.GrpcConfigKeys (ConfUtils.java:logGet(46)) - raft.grpc.server.leader.outstanding.appends.max = 128 (default)
2023-01-26 20:32:12,303 [8116f3ad-43fd-49d6-b38b-c9c4aa8410ec@group-FD67D19C9032-LeaderElection35] INFO  server.RaftServerConfigKeys (ConfUtils.java:logGet(46)) - raft.server.rpc.request.timeout = 60s (custom)
2023-01-26 20:32:12,303 [8116f3ad-43fd-49d6-b38b-c9c4aa8410ec@group-FD67D19C9032-LeaderElection35] INFO  server.RaftServerConfigKeys (ConfUtils.java:logGet(46)) - raft.server.log.appender.install.snapshot.enabled = false (custom)
2023-01-26 20:32:12,303 [8116f3ad-43fd-49d6-b38b-c9c4aa8410ec@group-FD67D19C9032-LeaderElection35] INFO  grpc.GrpcConfigKeys (ConfUtils.java:logGet(46)) - raft.grpc.server.heartbeat.channel = true (default)
2023-01-26 20:32:12,303 [8116f3ad-43fd-49d6-b38b-c9c4aa8410ec@group-FD67D19C9032-LeaderElection35] INFO  server.RaftServerConfigKeys (ConfUtils.java:logGet(46)) - raft.server.log.appender.wait-time.min = 10ms (default)
2023-01-26 20:32:12,303 [a7887d3a-ac12-44f2-81f3-1f33b720a94f@group-FD67D19C9032-FollowerState] INFO  server.RaftServerConfigKeys (ConfUtils.java:logFallback(53)) - raft.server.rpc.first-election.timeout.max = 5200ms (fallback to raft.server.rpc.timeout.max)
2023-01-26 20:32:12,304 [8116f3ad-43fd-49d6-b38b-c9c4aa8410ec@group-FD67D19C9032-LeaderElection35] INFO  server.RaftServerConfigKeys (ConfUtils.java:logGet(46)) - raft.server.log.appender.snapshot.chunk.size.max = 16MB (=16777216) (default)
2023-01-26 20:32:12,304 [8116f3ad-43fd-49d6-b38b-c9c4aa8410ec@group-FD67D19C9032-LeaderElection35] INFO  server.RaftServerConfigKeys (ConfUtils.java:logGet(46)) - raft.server.log.appender.buffer.byte-limit = 33554432 (custom)
2023-01-26 20:32:12,304 [8116f3ad-43fd-49d6-b38b-c9c4aa8410ec@group-FD67D19C9032-LeaderElection35] INFO  server.RaftServerConfigKeys (ConfUtils.java:logGet(46)) - raft.server.log.appender.buffer.element-limit = 1 (custom)
2023-01-26 20:32:12,304 [8116f3ad-43fd-49d6-b38b-c9c4aa8410ec@group-FD67D19C9032-LeaderElection35] INFO  grpc.GrpcConfigKeys (ConfUtils.java:logGet(46)) - raft.grpc.server.leader.outstanding.appends.max = 128 (default)
2023-01-26 20:32:12,304 [8116f3ad-43fd-49d6-b38b-c9c4aa8410ec@group-FD67D19C9032-LeaderElection35] INFO  server.RaftServerConfigKeys (ConfUtils.java:logGet(46)) - raft.server.rpc.request.timeout = 60s (custom)
2023-01-26 20:32:12,304 [8116f3ad-43fd-49d6-b38b-c9c4aa8410ec@group-FD67D19C9032-LeaderElection35] INFO  server.RaftServerConfigKeys (ConfUtils.java:logGet(46)) - raft.server.log.appender.install.snapshot.enabled = false (custom)
2023-01-26 20:32:12,304 [8116f3ad-43fd-49d6-b38b-c9c4aa8410ec@group-FD67D19C9032-LeaderElection35] INFO  grpc.GrpcConfigKeys (ConfUtils.java:logGet(46)) - raft.grpc.server.heartbeat.channel = true (default)
2023-01-26 20:32:12,304 [8116f3ad-43fd-49d6-b38b-c9c4aa8410ec@group-FD67D19C9032-LeaderElection35] INFO  server.RaftServerConfigKeys (ConfUtils.java:logGet(46)) - raft.server.log.appender.wait-time.min = 10ms (default)
2023-01-26 20:32:12,304 [8116f3ad-43fd-49d6-b38b-c9c4aa8410ec@group-FD67D19C9032-LeaderElection35] INFO  impl.RoleInfo (RoleInfo.java:updateAndGet(139)) - 8116f3ad-43fd-49d6-b38b-c9c4aa8410ec: start 8116f3ad-43fd-49d6-b38b-c9c4aa8410ec@group-FD67D19C9032-LeaderStateImpl
2023-01-26 20:32:12,304 [8116f3ad-43fd-49d6-b38b-c9c4aa8410ec@group-FD67D19C9032-LeaderElection35] INFO  segmented.SegmentedRaftLogWorker (SegmentedRaftLogWorker.java:startLogSegment(452)) - 8116f3ad-43fd-49d6-b38b-c9c4aa8410ec@group-FD67D19C9032-SegmentedRaftLogWorker: Starting segment from index:0
2023-01-26 20:32:12,305 [40d8d262-8836-439b-84c4-75233c3da079@group-FD67D19C9032-FollowerState] INFO  server.RaftServerConfigKeys (ConfUtils.java:logFallback(53)) - raft.server.rpc.first-election.timeout.max = 5200ms (fallback to raft.server.rpc.timeout.max)
2023-01-26 20:32:12,305 [EventQueue-PipelineReportForPipelineReportHandler] INFO  pipeline.PipelineManagerImpl (PipelineManagerImpl.java:openPipeline(367)) - Pipeline Pipeline[ Id: d03096c2-cd98-4c1e-8990-fd67d19c9032, Nodes: 8116f3ad-43fd-49d6-b38b-c9c4aa8410ec(fv-az462-54.0zuljvm5d0yedf4jva4xayy4gc.gx.internal.cloudapp.net/10.1.0.15)40d8d262-8836-439b-84c4-75233c3da079(fv-az462-54.0zuljvm5d0yedf4jva4xayy4gc.gx.internal.cloudapp.net/10.1.0.15)a7887d3a-ac12-44f2-81f3-1f33b720a94f(fv-az462-54.0zuljvm5d0yedf4jva4xayy4gc.gx.internal.cloudapp.net/10.1.0.15), ReplicationConfig: RATIS/THREE, State:ALLOCATED, leaderId:8116f3ad-43fd-49d6-b38b-c9c4aa8410ec, CreationTimestamp2023-01-26T20:31:49.553Z[Etc/UTC]] moved to OPEN state
2023-01-26 20:32:12,305 [EventQueue-OpenPipelineForHealthyPipelineSafeModeRule] INFO  safemode.SCMSafeModeManager (HealthyPipelineSafeModeRule.java:process(137)) - SCM in safe mode. Healthy pipelines reported count is 0, required healthy pipeline reported count is 1
2023-01-26 20:32:12,305 [EventQueue-OpenPipelineForHealthyPipelineSafeModeRule] INFO  safemode.SCMSafeModeManager (HealthyPipelineSafeModeRule.java:process(137)) - SCM in safe mode. Healthy pipelines reported count is 1, required healthy pipeline reported count is 1
2023-01-26 20:32:12,305 [EventQueue-OpenPipelineForHealthyPipelineSafeModeRule] INFO  safemode.SCMSafeModeManager (SCMSafeModeManager.java:validateSafeModeExitRules(200)) - HealthyPipelineSafeModeRule rule is successfully validated
2023-01-26 20:32:12,305 [EventQueue-OpenPipelineForHealthyPipelineSafeModeRule] INFO  safemode.SCMSafeModeManager (SCMSafeModeManager.java:validateSafeModeExitRules(215)) - ScmSafeModeManager, all rules are successfully validated
2023-01-26 20:32:12,305 [EventQueue-OpenPipelineForHealthyPipelineSafeModeRule] INFO  safemode.SCMSafeModeManager (SCMSafeModeManager.java:exitSafeMode(244)) - SCM exiting safe mode.
2023-01-26 20:32:12,305 [EventQueue-OpenPipelineForHealthyPipelineSafeModeRule] INFO  ha.SCMContext (SCMContext.java:updateSafeModeStatus(228)) - Update SafeModeStatus from SafeModeStatus{safeModeStatus=true, preCheckPassed=true} to SafeModeStatus{safeModeStatus=false, preCheckPassed=true}.
2023-01-26 20:32:12,305 [EventQueue-OpenPipelineForHealthyPipelineSafeModeRule] INFO  pipeline.BackgroundPipelineCreator (BackgroundPipelineCreator.java:notifyStatusChanged(254)) - Service BackgroundPipelineCreator transitions to RUNNING.
2023-01-26 20:32:12,306 [EventQueue-OpenPipelineForHealthyPipelineSafeModeRule] INFO  BackgroundPipelineScrubber (BackgroundSCMService.java:notifyStatusChanged(82)) - Service BackgroundPipelineScrubber transitions to RUNNING.
2023-01-26 20:32:12,306 [EventQueue-OpenPipelineForHealthyPipelineSafeModeRule] INFO  ExpiredContainerReplicaOpScrubber (BackgroundSCMService.java:notifyStatusChanged(82)) - Service ExpiredContainerReplicaOpScrubber transitions to RUNNING.
2023-01-26 20:32:12,306 [EventQueue-OpenPipelineForHealthyPipelineSafeModeRule] INFO  replication.ReplicationManager (ReplicationManager.java:notifyStatusChanged(937)) - Service ReplicationManager transitions to RUNNING.
2023-01-26 20:32:12,306 [EventQueue-OpenPipelineForHealthyPipelineSafeModeRule] WARN  balancer.ContainerBalancer (ContainerBalancer.java:shouldRun(131)) - Could not find persisted configuration for ContainerBalancer when checking if ContainerBalancer should run. ContainerBalancer should not run now.
2023-01-26 20:32:12,306 [8116f3ad-43fd-49d6-b38b-c9c4aa8410ec@group-FD67D19C9032-SegmentedRaftLogWorker] INFO  segmented.SegmentedRaftLogWorker (SegmentedRaftLogWorker.java:execute(656)) - 8116f3ad-43fd-49d6-b38b-c9c4aa8410ec@group-FD67D19C9032-SegmentedRaftLogWorker: created new log segment /home/runner/work/ozone/ozone/hadoop-ozone/integration-test/target/test-dir/MiniOzoneClusterImpl-885fda24-0582-4ee7-b43d-362ebd6c8d83/datanode-1/data/ratis/d03096c2-cd98-4c1e-8990-fd67d19c9032/current/log_inprogress_0
2023-01-26 20:32:12,309 [8116f3ad-43fd-49d6-b38b-c9c4aa8410ec@group-FD67D19C9032-LeaderElection35] INFO  server.RaftServer$Division (ServerState.java:setRaftConf(430)) - 8116f3ad-43fd-49d6-b38b-c9c4aa8410ec@group-FD67D19C9032: set configuration 0: peers:[8116f3ad-43fd-49d6-b38b-c9c4aa8410ec|rpc:10.1.0.15:43645|dataStream:10.1.0.15:43077|priority:1|startupRole:FOLLOWER, a7887d3a-ac12-44f2-81f3-1f33b720a94f|rpc:10.1.0.15:36865|dataStream:10.1.0.15:32943|priority:0|startupRole:FOLLOWER, 40d8d262-8836-439b-84c4-75233c3da079|rpc:10.1.0.15:33521|dataStream:10.1.0.15:41237|priority:0|startupRole:FOLLOWER]|listeners:[], old=null
2023-01-26 20:32:12,314 [8116f3ad-43fd-49d6-b38b-c9c4aa8410ec@group-1C34DF8C7ECE-FollowerState] INFO  server.RaftServerConfigKeys (ConfUtils.java:logFallback(53)) - raft.server.rpc.first-election.timeout.min = 5s (fallback to raft.server.rpc.timeout.min)
2023-01-26 20:32:12,314 [8116f3ad-43fd-49d6-b38b-c9c4aa8410ec@group-1C34DF8C7ECE-FollowerState] INFO  server.RaftServerConfigKeys (ConfUtils.java:logFallback(53)) - raft.server.rpc.first-election.timeout.max = 5200ms (fallback to raft.server.rpc.timeout.max)
2023-01-26 20:32:12,316 [40d8d262-8836-439b-84c4-75233c3da079-server-thread1] INFO  ratis.XceiverServerRatis (XceiverServerRatis.java:handleLeaderChangedNotification(904)) - Leader change notification received for group: group-FD67D19C9032 with new leaderId: 8116f3ad-43fd-49d6-b38b-c9c4aa8410ec
2023-01-26 20:32:12,316 [40d8d262-8836-439b-84c4-75233c3da079-server-thread1] INFO  server.RaftServer$Division (ServerState.java:setLeader(313)) - 40d8d262-8836-439b-84c4-75233c3da079@group-FD67D19C9032: change Leader from null to 8116f3ad-43fd-49d6-b38b-c9c4aa8410ec at term 4 for appendEntries, leader elected after 20235ms
2023-01-26 20:32:12,319 [40d8d262-8836-439b-84c4-75233c3da079-server-thread1] INFO  server.RaftServer$Division (ServerState.java:setRaftConf(430)) - 40d8d262-8836-439b-84c4-75233c3da079@group-FD67D19C9032: set configuration 0: peers:[8116f3ad-43fd-49d6-b38b-c9c4aa8410ec|rpc:10.1.0.15:43645|dataStream:10.1.0.15:43077|priority:1|startupRole:FOLLOWER, a7887d3a-ac12-44f2-81f3-1f33b720a94f|rpc:10.1.0.15:36865|dataStream:10.1.0.15:32943|priority:0|startupRole:FOLLOWER, 40d8d262-8836-439b-84c4-75233c3da079|rpc:10.1.0.15:33521|dataStream:10.1.0.15:41237|priority:0|startupRole:FOLLOWER]|listeners:[], old=null
2023-01-26 20:32:12,319 [40d8d262-8836-439b-84c4-75233c3da079-server-thread1] INFO  segmented.SegmentedRaftLogWorker (SegmentedRaftLogWorker.java:startLogSegment(452)) - 40d8d262-8836-439b-84c4-75233c3da079@group-FD67D19C9032-SegmentedRaftLogWorker: Starting segment from index:0
2023-01-26 20:32:12,320 [40d8d262-8836-439b-84c4-75233c3da079@group-FD67D19C9032-SegmentedRaftLogWorker] INFO  segmented.SegmentedRaftLogWorker (SegmentedRaftLogWorker.java:execute(656)) - 40d8d262-8836-439b-84c4-75233c3da079@group-FD67D19C9032-SegmentedRaftLogWorker: created new log segment /home/runner/work/ozone/ozone/hadoop-ozone/integration-test/target/test-dir/MiniOzoneClusterImpl-885fda24-0582-4ee7-b43d-362ebd6c8d83/datanode-2/data/ratis/d03096c2-cd98-4c1e-8990-fd67d19c9032/current/log_inprogress_0
2023-01-26 20:32:12,320 [a7887d3a-ac12-44f2-81f3-1f33b720a94f-server-thread2] INFO  ratis.XceiverServerRatis (XceiverServerRatis.java:handleLeaderChangedNotification(904)) - Leader change notification received for group: group-FD67D19C9032 with new leaderId: 8116f3ad-43fd-49d6-b38b-c9c4aa8410ec
2023-01-26 20:32:12,320 [a7887d3a-ac12-44f2-81f3-1f33b720a94f-server-thread2] INFO  server.RaftServer$Division (ServerState.java:setLeader(313)) - a7887d3a-ac12-44f2-81f3-1f33b720a94f@group-FD67D19C9032: change Leader from null to 8116f3ad-43fd-49d6-b38b-c9c4aa8410ec at term 4 for appendEntries, leader elected after 20300ms
2023-01-26 20:32:12,322 [a7887d3a-ac12-44f2-81f3-1f33b720a94f-server-thread2] INFO  server.RaftServer$Division (ServerState.java:setRaftConf(430)) - a7887d3a-ac12-44f2-81f3-1f33b720a94f@group-FD67D19C9032: set configuration 0: peers:[8116f3ad-43fd-49d6-b38b-c9c4aa8410ec|rpc:10.1.0.15:43645|dataStream:10.1.0.15:43077|priority:1|startupRole:FOLLOWER, a7887d3a-ac12-44f2-81f3-1f33b720a94f|rpc:10.1.0.15:36865|dataStream:10.1.0.15:32943|priority:0|startupRole:FOLLOWER, 40d8d262-8836-439b-84c4-75233c3da079|rpc:10.1.0.15:33521|dataStream:10.1.0.15:41237|priority:0|startupRole:FOLLOWER]|listeners:[], old=null
2023-01-26 20:32:12,323 [a7887d3a-ac12-44f2-81f3-1f33b720a94f-server-thread2] INFO  segmented.SegmentedRaftLogWorker (SegmentedRaftLogWorker.java:startLogSegment(452)) - a7887d3a-ac12-44f2-81f3-1f33b720a94f@group-FD67D19C9032-SegmentedRaftLogWorker: Starting segment from index:0
2023-01-26 20:32:12,324 [a7887d3a-ac12-44f2-81f3-1f33b720a94f@group-FD67D19C9032-SegmentedRaftLogWorker] INFO  segmented.SegmentedRaftLogWorker (SegmentedRaftLogWorker.java:execute(656)) - a7887d3a-ac12-44f2-81f3-1f33b720a94f@group-FD67D19C9032-SegmentedRaftLogWorker: created new log segment /home/runner/work/ozone/ozone/hadoop-ozone/integration-test/target/test-dir/MiniOzoneClusterImpl-885fda24-0582-4ee7-b43d-362ebd6c8d83/datanode-0/data/ratis/d03096c2-cd98-4c1e-8990-fd67d19c9032/current/log_inprogress_0
2023-01-26 20:32:12,336 [a7887d3a-ac12-44f2-81f3-1f33b720a94f@group-1C34DF8C7ECE-FollowerState] INFO  impl.FollowerState (FollowerState.java:run(143)) - a7887d3a-ac12-44f2-81f3-1f33b720a94f@group-1C34DF8C7ECE-FollowerState: change to CANDIDATE, lastRpcElapsedTime:5023519147ns, electionTimeout:5021ms
2023-01-26 20:32:12,336 [a7887d3a-ac12-44f2-81f3-1f33b720a94f@group-1C34DF8C7ECE-FollowerState] INFO  impl.RoleInfo (RoleInfo.java:shutdownFollowerState(110)) - a7887d3a-ac12-44f2-81f3-1f33b720a94f: shutdown a7887d3a-ac12-44f2-81f3-1f33b720a94f@group-1C34DF8C7ECE-FollowerState
2023-01-26 20:32:12,336 [a7887d3a-ac12-44f2-81f3-1f33b720a94f@group-1C34DF8C7ECE-FollowerState] INFO  server.RaftServer$Division (RaftServerImpl.java:setRole(321)) - a7887d3a-ac12-44f2-81f3-1f33b720a94f@group-1C34DF8C7ECE: changes role from  FOLLOWER to CANDIDATE at term 3 for changeToCandidate
2023-01-26 20:32:12,336 [a7887d3a-ac12-44f2-81f3-1f33b720a94f@group-1C34DF8C7ECE-FollowerState] INFO  server.RaftServerConfigKeys (ConfUtils.java:logGet(46)) - raft.server.leaderelection.pre-vote = false (custom)
2023-01-26 20:32:12,336 [a7887d3a-ac12-44f2-81f3-1f33b720a94f@group-1C34DF8C7ECE-FollowerState] INFO  impl.RoleInfo (RoleInfo.java:updateAndGet(139)) - a7887d3a-ac12-44f2-81f3-1f33b720a94f: start a7887d3a-ac12-44f2-81f3-1f33b720a94f@group-1C34DF8C7ECE-LeaderElection36
2023-01-26 20:32:12,345 [a7887d3a-ac12-44f2-81f3-1f33b720a94f@group-1C34DF8C7ECE-LeaderElection36] INFO  impl.LeaderElection (LeaderElection.java:askForVotes(312)) - a7887d3a-ac12-44f2-81f3-1f33b720a94f@group-1C34DF8C7ECE-LeaderElection36 ELECTION round 0: submit vote requests at term 4 for -1: peers:[8116f3ad-43fd-49d6-b38b-c9c4aa8410ec|rpc:10.1.0.15:43645|dataStream:10.1.0.15:43077|priority:0|startupRole:FOLLOWER, a7887d3a-ac12-44f2-81f3-1f33b720a94f|rpc:10.1.0.15:36865|dataStream:10.1.0.15:32943|priority:0|startupRole:FOLLOWER, 40d8d262-8836-439b-84c4-75233c3da079|rpc:10.1.0.15:33521|dataStream:10.1.0.15:41237|priority:1|startupRole:FOLLOWER]|listeners:[], old=null
2023-01-26 20:32:12,345 [a7887d3a-ac12-44f2-81f3-1f33b720a94f@group-1C34DF8C7ECE-LeaderElection36] INFO  server.RaftServerConfigKeys (ConfUtils.java:logFallback(53)) - raft.server.rpc.first-election.timeout.min = 5s (fallback to raft.server.rpc.timeout.min)
2023-01-26 20:32:12,345 [a7887d3a-ac12-44f2-81f3-1f33b720a94f@group-1C34DF8C7ECE-LeaderElection36] INFO  server.RaftServerConfigKeys (ConfUtils.java:logFallback(53)) - raft.server.rpc.first-election.timeout.max = 5200ms (fallback to raft.server.rpc.timeout.max)
2023-01-26 20:32:12,347 [grpc-default-executor-6] INFO  server.RaftServer$Division (RaftServerImpl.java:requestVote(1218)) - 8116f3ad-43fd-49d6-b38b-c9c4aa8410ec@group-1C34DF8C7ECE: receive requestVote(ELECTION, a7887d3a-ac12-44f2-81f3-1f33b720a94f, group-1C34DF8C7ECE, 4, (t:0, i:0))
2023-01-26 20:32:12,347 [grpc-default-executor-6] INFO  impl.VoteContext (VoteContext.java:log(49)) - 8116f3ad-43fd-49d6-b38b-c9c4aa8410ec@group-1C34DF8C7ECE-FOLLOWER: accept ELECTION from a7887d3a-ac12-44f2-81f3-1f33b720a94f: our priority 0 <= candidate's priority 0
2023-01-26 20:32:12,348 [grpc-default-executor-6] INFO  server.RaftServer$Division (RaftServerImpl.java:setRole(321)) - 8116f3ad-43fd-49d6-b38b-c9c4aa8410ec@group-1C34DF8C7ECE: changes role from  FOLLOWER to FOLLOWER at term 4 for candidate:a7887d3a-ac12-44f2-81f3-1f33b720a94f
2023-01-26 20:32:12,348 [grpc-default-executor-6] INFO  impl.RoleInfo (RoleInfo.java:shutdownFollowerState(110)) - 8116f3ad-43fd-49d6-b38b-c9c4aa8410ec: shutdown 8116f3ad-43fd-49d6-b38b-c9c4aa8410ec@group-1C34DF8C7ECE-FollowerState
2023-01-26 20:32:12,348 [grpc-default-executor-6] INFO  impl.RoleInfo (RoleInfo.java:updateAndGet(139)) - 8116f3ad-43fd-49d6-b38b-c9c4aa8410ec: start 8116f3ad-43fd-49d6-b38b-c9c4aa8410ec@group-1C34DF8C7ECE-FollowerState
2023-01-26 20:32:12,348 [8116f3ad-43fd-49d6-b38b-c9c4aa8410ec@group-1C34DF8C7ECE-FollowerState] INFO  impl.FollowerState (FollowerState.java:run(152)) - 8116f3ad-43fd-49d6-b38b-c9c4aa8410ec@group-1C34DF8C7ECE-FollowerState was interrupted
2023-01-26 20:32:12,353 [grpc-default-executor-0] INFO  server.RaftServer$Division (RaftServerImpl.java:requestVote(1218)) - 40d8d262-8836-439b-84c4-75233c3da079@group-1C34DF8C7ECE: receive requestVote(ELECTION, a7887d3a-ac12-44f2-81f3-1f33b720a94f, group-1C34DF8C7ECE, 4, (t:0, i:0))
2023-01-26 20:32:12,353 [grpc-default-executor-0] INFO  impl.VoteContext (VoteContext.java:log(49)) - 40d8d262-8836-439b-84c4-75233c3da079@group-1C34DF8C7ECE-FOLLOWER: reject ELECTION from a7887d3a-ac12-44f2-81f3-1f33b720a94f: our priority 1 > candidate's priority 0
2023-01-26 20:32:12,353 [grpc-default-executor-0] INFO  server.RaftServer$Division (RaftServerImpl.java:setRole(321)) - 40d8d262-8836-439b-84c4-75233c3da079@group-1C34DF8C7ECE: changes role from  FOLLOWER to FOLLOWER at term 4 for candidate:a7887d3a-ac12-44f2-81f3-1f33b720a94f
2023-01-26 20:32:12,353 [grpc-default-executor-0] INFO  impl.RoleInfo (RoleInfo.java:shutdownFollowerState(110)) - 40d8d262-8836-439b-84c4-75233c3da079: shutdown 40d8d262-8836-439b-84c4-75233c3da079@group-1C34DF8C7ECE-FollowerState
2023-01-26 20:32:12,353 [grpc-default-executor-0] INFO  impl.RoleInfo (RoleInfo.java:updateAndGet(139)) - 40d8d262-8836-439b-84c4-75233c3da079: start 40d8d262-8836-439b-84c4-75233c3da079@group-1C34DF8C7ECE-FollowerState
2023-01-26 20:32:12,353 [40d8d262-8836-439b-84c4-75233c3da079@group-1C34DF8C7ECE-FollowerState] INFO  impl.FollowerState (FollowerState.java:run(152)) - 40d8d262-8836-439b-84c4-75233c3da079@group-1C34DF8C7ECE-FollowerState was interrupted
2023-01-26 20:32:12,353 [40d8d262-8836-439b-84c4-75233c3da079@group-1C34DF8C7ECE-FollowerState] INFO  server.RaftServerConfigKeys (ConfUtils.java:logFallback(53)) - raft.server.rpc.first-election.timeout.min = 5s (fallback to raft.server.rpc.timeout.min)
2023-01-26 20:32:12,354 [40d8d262-8836-439b-84c4-75233c3da079@group-1C34DF8C7ECE-FollowerState] INFO  server.RaftServerConfigKeys (ConfUtils.java:logFallback(53)) - raft.server.rpc.first-election.timeout.max = 5200ms (fallback to raft.server.rpc.timeout.max)
2023-01-26 20:32:12,354 [grpc-default-executor-6] INFO  server.RaftServer$Division (RaftServerImpl.java:requestVote(1251)) - 8116f3ad-43fd-49d6-b38b-c9c4aa8410ec@group-1C34DF8C7ECE replies to ELECTION vote request: a7887d3a-ac12-44f2-81f3-1f33b720a94f<-8116f3ad-43fd-49d6-b38b-c9c4aa8410ec#0:OK-t4. Peer's state: 8116f3ad-43fd-49d6-b38b-c9c4aa8410ec@group-1C34DF8C7ECE:t4, leader=null, voted=a7887d3a-ac12-44f2-81f3-1f33b720a94f, raftlog=Memoized:8116f3ad-43fd-49d6-b38b-c9c4aa8410ec@group-1C34DF8C7ECE-SegmentedRaftLog:OPENED:c-1, conf=-1: peers:[8116f3ad-43fd-49d6-b38b-c9c4aa8410ec|rpc:10.1.0.15:43645|dataStream:10.1.0.15:43077|priority:0|startupRole:FOLLOWER, a7887d3a-ac12-44f2-81f3-1f33b720a94f|rpc:10.1.0.15:36865|dataStream:10.1.0.15:32943|priority:0|startupRole:FOLLOWER, 40d8d262-8836-439b-84c4-75233c3da079|rpc:10.1.0.15:33521|dataStream:10.1.0.15:41237|priority:1|startupRole:FOLLOWER]|listeners:[], old=null
2023-01-26 20:32:12,361 [8116f3ad-43fd-49d6-b38b-c9c4aa8410ec@group-1C34DF8C7ECE-FollowerState] INFO  server.RaftServerConfigKeys (ConfUtils.java:logFallback(53)) - raft.server.rpc.first-election.timeout.min = 5s (fallback to raft.server.rpc.timeout.min)
2023-01-26 20:32:12,361 [8116f3ad-43fd-49d6-b38b-c9c4aa8410ec@group-1C34DF8C7ECE-FollowerState] INFO  server.RaftServerConfigKeys (ConfUtils.java:logFallback(53)) - raft.server.rpc.first-election.timeout.max = 5200ms (fallback to raft.server.rpc.timeout.max)
2023-01-26 20:32:12,362 [grpc-default-executor-0] INFO  server.RaftServer$Division (RaftServerImpl.java:requestVote(1251)) - 40d8d262-8836-439b-84c4-75233c3da079@group-1C34DF8C7ECE replies to ELECTION vote request: a7887d3a-ac12-44f2-81f3-1f33b720a94f<-40d8d262-8836-439b-84c4-75233c3da079#0:FAIL-t4. Peer's state: 40d8d262-8836-439b-84c4-75233c3da079@group-1C34DF8C7ECE:t4, leader=null, voted=null, raftlog=Memoized:40d8d262-8836-439b-84c4-75233c3da079@group-1C34DF8C7ECE-SegmentedRaftLog:OPENED:c-1, conf=-1: peers:[8116f3ad-43fd-49d6-b38b-c9c4aa8410ec|rpc:10.1.0.15:43645|dataStream:10.1.0.15:43077|priority:0|startupRole:FOLLOWER, a7887d3a-ac12-44f2-81f3-1f33b720a94f|rpc:10.1.0.15:36865|dataStream:10.1.0.15:32943|priority:0|startupRole:FOLLOWER, 40d8d262-8836-439b-84c4-75233c3da079|rpc:10.1.0.15:33521|dataStream:10.1.0.15:41237|priority:1|startupRole:FOLLOWER]|listeners:[], old=null
2023-01-26 20:32:12,362 [a7887d3a-ac12-44f2-81f3-1f33b720a94f@group-1C34DF8C7ECE-LeaderElection36] INFO  impl.LeaderElection (LeaderElection.java:logAndReturn(90)) - a7887d3a-ac12-44f2-81f3-1f33b720a94f@group-1C34DF8C7ECE-LeaderElection36: ELECTION REJECTED received 2 response(s) and 0 exception(s):
2023-01-26 20:32:12,362 [a7887d3a-ac12-44f2-81f3-1f33b720a94f@group-1C34DF8C7ECE-LeaderElection36] INFO  impl.LeaderElection (LeaderElection.java:logAndReturn(94)) -   Response 0: a7887d3a-ac12-44f2-81f3-1f33b720a94f<-8116f3ad-43fd-49d6-b38b-c9c4aa8410ec#0:OK-t4
2023-01-26 20:32:12,362 [a7887d3a-ac12-44f2-81f3-1f33b720a94f@group-1C34DF8C7ECE-LeaderElection36] INFO  impl.LeaderElection (LeaderElection.java:logAndReturn(94)) -   Response 1: a7887d3a-ac12-44f2-81f3-1f33b720a94f<-40d8d262-8836-439b-84c4-75233c3da079#0:FAIL-t4
2023-01-26 20:32:12,362 [a7887d3a-ac12-44f2-81f3-1f33b720a94f@group-1C34DF8C7ECE-LeaderElection36] INFO  impl.LeaderElection (LeaderElection.java:askForVotes(314)) - a7887d3a-ac12-44f2-81f3-1f33b720a94f@group-1C34DF8C7ECE-LeaderElection36 ELECTION round 0: result REJECTED
2023-01-26 20:32:12,362 [a7887d3a-ac12-44f2-81f3-1f33b720a94f@group-1C34DF8C7ECE-LeaderElection36] INFO  server.RaftServer$Division (RaftServerImpl.java:setRole(321)) - a7887d3a-ac12-44f2-81f3-1f33b720a94f@group-1C34DF8C7ECE: changes role from CANDIDATE to FOLLOWER at term 4 for REJECTED
2023-01-26 20:32:12,362 [a7887d3a-ac12-44f2-81f3-1f33b720a94f@group-1C34DF8C7ECE-LeaderElection36] INFO  impl.RoleInfo (RoleInfo.java:shutdownLeaderElection(130)) - a7887d3a-ac12-44f2-81f3-1f33b720a94f: shutdown a7887d3a-ac12-44f2-81f3-1f33b720a94f@group-1C34DF8C7ECE-LeaderElection36
2023-01-26 20:32:12,362 [a7887d3a-ac12-44f2-81f3-1f33b720a94f@group-1C34DF8C7ECE-LeaderElection36] INFO  impl.RoleInfo (RoleInfo.java:updateAndGet(139)) - a7887d3a-ac12-44f2-81f3-1f33b720a94f: start a7887d3a-ac12-44f2-81f3-1f33b720a94f@group-1C34DF8C7ECE-FollowerState
2023-01-26 20:32:12,364 [a7887d3a-ac12-44f2-81f3-1f33b720a94f@group-1C34DF8C7ECE-FollowerState] INFO  server.RaftServerConfigKeys (ConfUtils.java:logFallback(53)) - raft.server.rpc.first-election.timeout.min = 5s (fallback to raft.server.rpc.timeout.min)
2023-01-26 20:32:12,364 [a7887d3a-ac12-44f2-81f3-1f33b720a94f@group-1C34DF8C7ECE-FollowerState] INFO  server.RaftServerConfigKeys (ConfUtils.java:logFallback(53)) - raft.server.rpc.first-election.timeout.max = 5200ms (fallback to raft.server.rpc.timeout.max)
2023-01-26 20:32:13,154 [Listener at 127.0.0.1/38041] INFO  ozone.MiniOzoneClusterImpl (MiniOzoneClusterImpl.java:lambda$waitForClusterToBeReady$0(218)) - Nodes are ready. Got 5 of 5 DN Heartbeats.
2023-01-26 20:32:13,154 [Listener at 127.0.0.1/38041] INFO  ozone.MiniOzoneClusterImpl (MiniOzoneClusterImpl.java:lambda$waitForClusterToBeReady$0(221)) - Cluster exits safe mode
2023-01-26 20:32:13,154 [Listener at 127.0.0.1/38041] INFO  ozone.MiniOzoneClusterImpl (MiniOzoneClusterImpl.java:lambda$waitForClusterToBeReady$0(223)) - SCM became leader
2023-01-26 20:32:13,174 [Listener at 127.0.0.1/38041] INFO  rpc.RpcClient (RpcClient.java:createVolume(474)) - Creating Volume: volume53399, with user06825 as owner and space quota set to -1 bytes, counts quota set to -1
2023-01-26 20:32:13,178 [OM StateMachine ApplyTransaction Thread - 0] INFO  volume.OMVolumeCreateRequest (OMVolumeCreateRequest.java:validateAndUpdateCache(195)) - created volume:volume53399 for user:user06825
2023-01-26 20:32:13,182 [Listener at 127.0.0.1/38041] INFO  rpc.RpcClient (RpcClient.java:createBucket(693)) - Creating Bucket: volume53399/bucket90109, with bucket layout LEGACY, runner as owner, Versioning false, Storage Type set to DISK and Encryption set to false 
2023-01-26 20:32:13,184 [OM StateMachine ApplyTransaction Thread - 0] INFO  bucket.OMBucketCreateRequest (OMBucketCreateRequest.java:validateAndUpdateCache(263)) - created bucket: bucket90109 of layout LEGACY in volume: volume53399
]]></system-out>
  </testcase>
  <testcase name="testGetTrashRoot" classname="TestOzoneFileSystem" time="30.741">
    <system-out><![CDATA[2023-01-26 20:32:48,532 [Listener at 127.0.0.1/38041] INFO  ozone.MiniOzoneClusterImpl (MiniOzoneClusterImpl.java:shutdown(450)) - Shutting down the Mini Ozone Cluster
2023-01-26 20:32:48,533 [Listener at 127.0.0.1/38041] INFO  ozone.MiniOzoneClusterImpl (MiniOzoneClusterImpl.java:stop(465)) - Stopping the Mini Ozone Cluster
2023-01-26 20:32:48,533 [Listener at 127.0.0.1/38041] INFO  ozone.MiniOzoneClusterImpl (MiniOzoneClusterImpl.java:stopOM(547)) - Stopping the OzoneManager
2023-01-26 20:32:48,533 [Listener at 127.0.0.1/38041] INFO  om.OzoneManager (OzoneManager.java:stop(2071)) - om1[localhost:0]: Stopping Ozone Manager
2023-01-26 20:32:48,533 [Listener at 127.0.0.1/38041] INFO  ipc.Server (Server.java:stop(3428)) - Stopping server on 38041
2023-01-26 20:32:48,536 [IPC Server Responder] INFO  ipc.Server (Server.java:run(1517)) - Stopping IPC Server Responder
2023-01-26 20:32:48,536 [IPC Server listener on 0] INFO  ipc.Server (Server.java:run(1384)) - Stopping IPC Server listener on 0
2023-01-26 20:32:48,537 [Listener at 127.0.0.1/38041] INFO  server.RaftServer (RaftServerProxy.java:lambda$close$6(409)) - om1: close
2023-01-26 20:32:48,540 [Listener at 127.0.0.1/38041] INFO  server.GrpcService (GrpcService.java:closeImpl(271)) - om1: shutdown server GrpcServerProtocolService now
2023-01-26 20:32:48,547 [Listener at 127.0.0.1/38041] INFO  server.GrpcService (GrpcService.java:closeImpl(280)) - om1: shutdown server GrpcServerProtocolService successfully
2023-01-26 20:32:48,547 [om1-impl-thread2] INFO  server.RaftServer$Division (RaftServerImpl.java:lambda$close$4(458)) - om1@group-C5BA1605619E: shutdown
2023-01-26 20:32:48,547 [om1-NettyServerStreamRpc-bossGroup--thread1] INFO  logging.LoggingHandler (AbstractInternalLogger.java:log(148)) - [id: 0x6ea75431, L:/0:0:0:0:0:0:0:0:35487] CLOSE
2023-01-26 20:32:48,547 [om1-impl-thread2] INFO  util.JmxRegister (JmxRegister.java:unregister(73)) - Successfully un-registered JMX Bean with object name Ratis:service=RaftServer,group=group-C5BA1605619E,id=om1
2023-01-26 20:32:48,547 [om1-impl-thread2] INFO  impl.RoleInfo (RoleInfo.java:shutdownLeaderState(93)) - om1: shutdown om1@group-C5BA1605619E-LeaderStateImpl
2023-01-26 20:32:48,547 [om1-NettyServerStreamRpc-bossGroup--thread1] INFO  logging.LoggingHandler (AbstractInternalLogger.java:log(148)) - [id: 0x6ea75431, L:/0:0:0:0:0:0:0:0:35487] INACTIVE
2023-01-26 20:32:48,547 [om1-NettyServerStreamRpc-bossGroup--thread1] INFO  logging.LoggingHandler (AbstractInternalLogger.java:log(148)) - [id: 0x6ea75431, L:/0:0:0:0:0:0:0:0:35487] UNREGISTERED
2023-01-26 20:32:48,547 [om1-impl-thread2] INFO  impl.PendingRequests (PendingRequests.java:sendNotLeaderResponses(282)) - om1@group-C5BA1605619E-PendingRequests: sendNotLeaderResponses
2023-01-26 20:32:48,562 [om1-impl-thread2] INFO  impl.StateMachineUpdater (StateMachineUpdater.java:stopAndJoin(153)) - om1@group-C5BA1605619E-StateMachineUpdater: set stopIndex = 37009
2023-01-26 20:32:48,562 [om1@group-C5BA1605619E-StateMachineUpdater] INFO  ratis.OzoneManagerStateMachine (OzoneManagerStateMachine.java:takeSnapshot(445)) - Current Snapshot Index (t:1, i:37009)
2023-01-26 20:32:48,562 [om1@group-C5BA1605619E-StateMachineUpdater] INFO  impl.StateMachineUpdater (StateMachineUpdater.java:takeSnapshot(287)) - om1@group-C5BA1605619E-StateMachineUpdater: Took a snapshot at index 37009
2023-01-26 20:32:48,562 [om1@group-C5BA1605619E-StateMachineUpdater] INFO  impl.StateMachineUpdater (StateMachineUpdater.java:lambda$new$0(92)) - om1@group-C5BA1605619E-StateMachineUpdater: snapshotIndex: updateIncreasingly -1 -> 37009
2023-01-26 20:32:48,562 [om1@group-C5BA1605619E-StateMachineUpdater] INFO  ratis.OzoneManagerStateMachine (OzoneManagerStateMachine.java:close(499)) - StateMachine has shutdown. Shutdown OzoneManager if not already shutdown.
2023-01-26 20:32:48,563 [om1@group-C5BA1605619E-StateMachineUpdater] INFO  ratis.OzoneManagerDoubleBuffer (OzoneManagerDoubleBuffer.java:stop(467)) - Stopping OMDoubleBuffer flush thread
2023-01-26 20:32:48,563 [OMDoubleBufferFlushThread] INFO  ratis.OzoneManagerDoubleBuffer (OzoneManagerDoubleBuffer.java:flushTransactions(388)) - OMDoubleBuffer flush thread OMDoubleBufferFlushThread is interrupted and will exit.
2023-01-26 20:32:48,564 [om1-impl-thread2] INFO  server.RaftServer$Division (ServerState.java:close(466)) - om1@group-C5BA1605619E: closes. applyIndex: 37009
2023-01-26 20:32:48,568 [om1@group-C5BA1605619E-SegmentedRaftLogWorker] INFO  segmented.SegmentedRaftLogWorker (SegmentedRaftLogWorker.java:run(347)) - om1@group-C5BA1605619E-SegmentedRaftLogWorker was interrupted, exiting. There are 0 tasks remaining in the queue.
2023-01-26 20:32:48,572 [om1-impl-thread2] INFO  segmented.SegmentedRaftLogWorker (SegmentedRaftLogWorker.java:close(257)) - om1@group-C5BA1605619E-SegmentedRaftLogWorker close()
2023-01-26 20:32:48,574 [JvmPauseMonitor11] INFO  util.JvmPauseMonitor (JvmPauseMonitor.java:run(111)) - JvmPauseMonitor-om1: Stopped
2023-01-26 20:32:48,574 [Listener at 127.0.0.1/38041] INFO  ratis.OzoneManagerStateMachine (OzoneManagerStateMachine.java:close(499)) - StateMachine has shutdown. Shutdown OzoneManager if not already shutdown.
2023-01-26 20:32:48,574 [Listener at 127.0.0.1/38041] INFO  ratis.OzoneManagerDoubleBuffer (OzoneManagerDoubleBuffer.java:stop(479)) - OMDoubleBuffer flush thread is not running.
2023-01-26 20:32:48,574 [Listener at 127.0.0.1/38041] INFO  utils.BackgroundService (BackgroundService.java:shutdown(141)) - Shutting down service KeyDeletingService
2023-01-26 20:32:48,574 [Listener at 127.0.0.1/38041] INFO  utils.BackgroundService (BackgroundService.java:shutdown(141)) - Shutting down service DirectoryDeletingService
2023-01-26 20:32:48,574 [Listener at 127.0.0.1/38041] INFO  utils.BackgroundService (BackgroundService.java:shutdown(141)) - Shutting down service OpenKeyCleanupService
2023-01-26 20:32:48,575 [Listener at 127.0.0.1/38041] INFO  handler.ContextHandler (ContextHandler.java:doStop(1159)) - Stopped o.e.j.w.WebAppContext@72e2192d{ozoneManager,/,null,STOPPED}{file:/home/runner/work/ozone/ozone/hadoop-ozone/integration-test/target/test-classes/webapps/ozoneManager}
2023-01-26 20:32:48,576 [Listener at 127.0.0.1/38041] INFO  server.AbstractConnector (AbstractConnector.java:doStop(383)) - Stopped ServerConnector@35e0603{HTTP/1.1, (http/1.1)}{0.0.0.0:0}
2023-01-26 20:32:48,576 [Listener at 127.0.0.1/38041] INFO  server.session (HouseKeeper.java:stopScavenging(149)) - node0 Stopped scavenging
2023-01-26 20:32:48,576 [Listener at 127.0.0.1/38041] INFO  handler.ContextHandler (ContextHandler.java:doStop(1159)) - Stopped o.e.j.s.ServletContextHandler@3d4d0260{static,/static,file:///home/runner/work/ozone/ozone/hadoop-ozone/integration-test/target/test-classes/webapps/static,STOPPED}
2023-01-26 20:32:48,576 [Listener at 127.0.0.1/38041] INFO  handler.ContextHandler (ContextHandler.java:doStop(1159)) - Stopped o.e.j.s.ServletContextHandler@780b1d6d{logs,/logs,file:///home/runner/work/ozone/ozone/hadoop-ozone/integration-test/target/log,STOPPED}
2023-01-26 20:32:48,577 [Trash Emptier] ERROR om.TrashPolicyOzone (TrashPolicyOzone.java:run(350)) - Error attempting to shutdown
java.lang.InterruptedException
	at java.util.concurrent.locks.AbstractQueuedSynchronizer$ConditionObject.awaitNanos(AbstractQueuedSynchronizer.java:2067)
	at java.util.concurrent.ThreadPoolExecutor.awaitTermination(ThreadPoolExecutor.java:1475)
	at org.apache.hadoop.ozone.om.TrashPolicyOzone$Emptier.run(TrashPolicyOzone.java:348)
	at java.lang.Thread.run(Thread.java:750)
2023-01-26 20:32:48,582 [Listener at 127.0.0.1/38041] INFO  ozone.MiniOzoneClusterImpl (MiniOzoneClusterImpl.java:stopDatanodes(524)) - Stopping the HddsDatanodes
2023-01-26 20:32:48,585 [ForkJoinPool.commonPool-worker-0] INFO  ozoneimpl.OzoneContainer (OzoneContainer.java:stop(421)) - Attempting to stop container services.
2023-01-26 20:32:48,585 [Listener at 127.0.0.1/38041] INFO  ozoneimpl.OzoneContainer (OzoneContainer.java:stop(421)) - Attempting to stop container services.
2023-01-26 20:32:48,589 [Listener at 127.0.0.1/38041] INFO  server.RaftServer (RaftServerProxy.java:lambda$close$6(409)) - 40d8d262-8836-439b-84c4-75233c3da079: close
2023-01-26 20:32:48,589 [ForkJoinPool.commonPool-worker-0] INFO  server.RaftServer (RaftServerProxy.java:lambda$close$6(409)) - 8116f3ad-43fd-49d6-b38b-c9c4aa8410ec: close
2023-01-26 20:32:48,589 [40d8d262-8836-439b-84c4-75233c3da079-impl-thread2] INFO  server.RaftServer$Division (RaftServerImpl.java:lambda$close$4(458)) - 40d8d262-8836-439b-84c4-75233c3da079@group-FD67D19C9032: shutdown
2023-01-26 20:32:48,590 [40d8d262-8836-439b-84c4-75233c3da079-impl-thread2] INFO  util.JmxRegister (JmxRegister.java:unregister(73)) - Successfully un-registered JMX Bean with object name Ratis:service=RaftServer,group=group-FD67D19C9032,id=40d8d262-8836-439b-84c4-75233c3da079
2023-01-26 20:32:48,590 [40d8d262-8836-439b-84c4-75233c3da079-impl-thread2] INFO  impl.RoleInfo (RoleInfo.java:shutdownFollowerState(110)) - 40d8d262-8836-439b-84c4-75233c3da079: shutdown 40d8d262-8836-439b-84c4-75233c3da079@group-FD67D19C9032-FollowerState
2023-01-26 20:32:48,590 [40d8d262-8836-439b-84c4-75233c3da079-impl-thread2] INFO  impl.StateMachineUpdater (StateMachineUpdater.java:stopAndJoin(153)) - 40d8d262-8836-439b-84c4-75233c3da079@group-FD67D19C9032-StateMachineUpdater: set stopIndex = 26
2023-01-26 20:32:48,590 [40d8d262-8836-439b-84c4-75233c3da079@group-FD67D19C9032-FollowerState] INFO  impl.FollowerState (FollowerState.java:run(152)) - 40d8d262-8836-439b-84c4-75233c3da079@group-FD67D19C9032-FollowerState was interrupted
2023-01-26 20:32:48,590 [8116f3ad-43fd-49d6-b38b-c9c4aa8410ec-impl-thread3] INFO  server.RaftServer$Division (RaftServerImpl.java:lambda$close$4(458)) - 8116f3ad-43fd-49d6-b38b-c9c4aa8410ec@group-FD67D19C9032: shutdown
2023-01-26 20:32:48,590 [40d8d262-8836-439b-84c4-75233c3da079@group-FD67D19C9032-StateMachineUpdater] INFO  ratis.ContainerStateMachine (ContainerStateMachine.java:takeSnapshot(308)) - group-FD67D19C9032: Taking a snapshot at:(t:4, i:26) file /home/runner/work/ozone/ozone/hadoop-ozone/integration-test/target/test-dir/MiniOzoneClusterImpl-885fda24-0582-4ee7-b43d-362ebd6c8d83/datanode-2/data/ratis/d03096c2-cd98-4c1e-8990-fd67d19c9032/sm/snapshot.4_26
2023-01-26 20:32:48,590 [8116f3ad-43fd-49d6-b38b-c9c4aa8410ec-impl-thread3] INFO  util.JmxRegister (JmxRegister.java:unregister(73)) - Successfully un-registered JMX Bean with object name Ratis:service=RaftServer,group=group-FD67D19C9032,id=8116f3ad-43fd-49d6-b38b-c9c4aa8410ec
2023-01-26 20:32:48,590 [8116f3ad-43fd-49d6-b38b-c9c4aa8410ec-impl-thread3] INFO  impl.RoleInfo (RoleInfo.java:shutdownLeaderState(93)) - 8116f3ad-43fd-49d6-b38b-c9c4aa8410ec: shutdown 8116f3ad-43fd-49d6-b38b-c9c4aa8410ec@group-FD67D19C9032-LeaderStateImpl
2023-01-26 20:32:48,590 [8116f3ad-43fd-49d6-b38b-c9c4aa8410ec-impl-thread2] INFO  server.RaftServer$Division (RaftServerImpl.java:lambda$close$4(458)) - 8116f3ad-43fd-49d6-b38b-c9c4aa8410ec@group-3FC70AA94473: shutdown
2023-01-26 20:32:48,590 [8116f3ad-43fd-49d6-b38b-c9c4aa8410ec-impl-thread2] INFO  util.JmxRegister (JmxRegister.java:unregister(73)) - Successfully un-registered JMX Bean with object name Ratis:service=RaftServer,group=group-3FC70AA94473,id=8116f3ad-43fd-49d6-b38b-c9c4aa8410ec
2023-01-26 20:32:48,590 [8116f3ad-43fd-49d6-b38b-c9c4aa8410ec-impl-thread2] INFO  impl.RoleInfo (RoleInfo.java:shutdownLeaderState(93)) - 8116f3ad-43fd-49d6-b38b-c9c4aa8410ec: shutdown 8116f3ad-43fd-49d6-b38b-c9c4aa8410ec@group-3FC70AA94473-LeaderStateImpl
2023-01-26 20:32:48,591 [8116f3ad-43fd-49d6-b38b-c9c4aa8410ec-impl-thread2] INFO  impl.PendingRequests (PendingRequests.java:sendNotLeaderResponses(282)) - 8116f3ad-43fd-49d6-b38b-c9c4aa8410ec@group-3FC70AA94473-PendingRequests: sendNotLeaderResponses
2023-01-26 20:32:48,592 [40d8d262-8836-439b-84c4-75233c3da079@group-FD67D19C9032-StateMachineUpdater] INFO  ratis.ContainerStateMachine (ContainerStateMachine.java:takeSnapshot(319)) - group-FD67D19C9032: Finished taking a snapshot at:(t:4, i:26) file:/home/runner/work/ozone/ozone/hadoop-ozone/integration-test/target/test-dir/MiniOzoneClusterImpl-885fda24-0582-4ee7-b43d-362ebd6c8d83/datanode-2/data/ratis/d03096c2-cd98-4c1e-8990-fd67d19c9032/sm/snapshot.4_26 took: 2 ms
2023-01-26 20:32:48,592 [40d8d262-8836-439b-84c4-75233c3da079@group-FD67D19C9032-StateMachineUpdater] INFO  impl.StateMachineUpdater (StateMachineUpdater.java:takeSnapshot(287)) - 40d8d262-8836-439b-84c4-75233c3da079@group-FD67D19C9032-StateMachineUpdater: Took a snapshot at index 26
2023-01-26 20:32:48,592 [40d8d262-8836-439b-84c4-75233c3da079@group-FD67D19C9032-StateMachineUpdater] INFO  impl.StateMachineUpdater (StateMachineUpdater.java:lambda$new$0(92)) - 40d8d262-8836-439b-84c4-75233c3da079@group-FD67D19C9032-StateMachineUpdater: snapshotIndex: updateIncreasingly -1 -> 26
2023-01-26 20:32:48,593 [8116f3ad-43fd-49d6-b38b-c9c4aa8410ec@group-3FC70AA94473-StateMachineUpdater] INFO  ratis.ContainerStateMachine (ContainerStateMachine.java:takeSnapshot(308)) - group-3FC70AA94473: Taking a snapshot at:(t:1, i:0) file /home/runner/work/ozone/ozone/hadoop-ozone/integration-test/target/test-dir/MiniOzoneClusterImpl-885fda24-0582-4ee7-b43d-362ebd6c8d83/datanode-1/data/ratis/9b99cd88-78b3-40c2-ac15-3fc70aa94473/sm/snapshot.1_0
2023-01-26 20:32:48,593 [8116f3ad-43fd-49d6-b38b-c9c4aa8410ec-impl-thread2] INFO  impl.StateMachineUpdater (StateMachineUpdater.java:stopAndJoin(153)) - 8116f3ad-43fd-49d6-b38b-c9c4aa8410ec@group-3FC70AA94473-StateMachineUpdater: set stopIndex = 0
2023-01-26 20:32:48,593 [ForkJoinPool.commonPool-worker-0] INFO  server.GrpcService (GrpcService.java:closeImpl(271)) - 8116f3ad-43fd-49d6-b38b-c9c4aa8410ec: shutdown server GrpcServerProtocolService now
2023-01-26 20:32:48,594 [8116f3ad-43fd-49d6-b38b-c9c4aa8410ec@group-3FC70AA94473-StateMachineUpdater] INFO  ratis.ContainerStateMachine (ContainerStateMachine.java:takeSnapshot(319)) - group-3FC70AA94473: Finished taking a snapshot at:(t:1, i:0) file:/home/runner/work/ozone/ozone/hadoop-ozone/integration-test/target/test-dir/MiniOzoneClusterImpl-885fda24-0582-4ee7-b43d-362ebd6c8d83/datanode-1/data/ratis/9b99cd88-78b3-40c2-ac15-3fc70aa94473/sm/snapshot.1_0 took: 1 ms
2023-01-26 20:32:48,594 [8116f3ad-43fd-49d6-b38b-c9c4aa8410ec@group-3FC70AA94473-StateMachineUpdater] INFO  impl.StateMachineUpdater (StateMachineUpdater.java:takeSnapshot(287)) - 8116f3ad-43fd-49d6-b38b-c9c4aa8410ec@group-3FC70AA94473-StateMachineUpdater: Took a snapshot at index 0
2023-01-26 20:32:48,594 [8116f3ad-43fd-49d6-b38b-c9c4aa8410ec@group-3FC70AA94473-StateMachineUpdater] INFO  impl.StateMachineUpdater (StateMachineUpdater.java:lambda$new$0(92)) - 8116f3ad-43fd-49d6-b38b-c9c4aa8410ec@group-3FC70AA94473-StateMachineUpdater: snapshotIndex: updateIncreasingly -1 -> 0
2023-01-26 20:32:48,595 [grpc-default-executor-3] WARN  server.GrpcServerProtocolService (LogUtils.java:warn(122)) - 8116f3ad-43fd-49d6-b38b-c9c4aa8410ec: installSnapshot onError, lastRequest: 40d8d262-8836-439b-84c4-75233c3da079->8116f3ad-43fd-49d6-b38b-c9c4aa8410ec#13-t7,previous=(t:7, i:3),leaderCommit=3,initializing? true,entries: size=1, first=(t:7, i:4), METADATAENTRY(c:3): org.apache.ratis.thirdparty.io.grpc.StatusRuntimeException: CANCELLED: client cancelled
2023-01-26 20:32:48,595 [grpc-default-executor-6] INFO  server.GrpcServerProtocolService (GrpcServerProtocolService.java:onCompleted(143)) - a7887d3a-ac12-44f2-81f3-1f33b720a94f: Completed APPEND_ENTRIES, lastRequest: null
2023-01-26 20:32:48,595 [grpc-default-executor-2] INFO  server.GrpcServerProtocolService (GrpcServerProtocolService.java:onCompleted(143)) - a7887d3a-ac12-44f2-81f3-1f33b720a94f: Completed APPEND_ENTRIES, lastRequest: 8116f3ad-43fd-49d6-b38b-c9c4aa8410ec->a7887d3a-ac12-44f2-81f3-1f33b720a94f#70-t4,previous=(t:4, i:25),leaderCommit=25,initializing? true,entries: size=1, first=(t:4, i:26), METADATAENTRY(c:25)
2023-01-26 20:32:48,595 [8116f3ad-43fd-49d6-b38b-c9c4aa8410ec-impl-thread2] INFO  server.RaftServer$Division (ServerState.java:close(466)) - 8116f3ad-43fd-49d6-b38b-c9c4aa8410ec@group-3FC70AA94473: closes. applyIndex: 0
2023-01-26 20:32:48,596 [8116f3ad-43fd-49d6-b38b-c9c4aa8410ec-impl-thread4] INFO  server.RaftServer$Division (RaftServerImpl.java:lambda$close$4(458)) - 8116f3ad-43fd-49d6-b38b-c9c4aa8410ec@group-1C34DF8C7ECE: shutdown
2023-01-26 20:32:48,596 [8116f3ad-43fd-49d6-b38b-c9c4aa8410ec-impl-thread4] INFO  util.JmxRegister (JmxRegister.java:unregister(73)) - Successfully un-registered JMX Bean with object name Ratis:service=RaftServer,group=group-1C34DF8C7ECE,id=8116f3ad-43fd-49d6-b38b-c9c4aa8410ec
2023-01-26 20:32:48,596 [8116f3ad-43fd-49d6-b38b-c9c4aa8410ec-impl-thread4] INFO  impl.RoleInfo (RoleInfo.java:shutdownFollowerState(110)) - 8116f3ad-43fd-49d6-b38b-c9c4aa8410ec: shutdown 8116f3ad-43fd-49d6-b38b-c9c4aa8410ec@group-1C34DF8C7ECE-FollowerState
2023-01-26 20:32:48,595 [grpc-default-executor-5] WARN  server.GrpcServerProtocolService (LogUtils.java:warn(122)) - 8116f3ad-43fd-49d6-b38b-c9c4aa8410ec: installSnapshot onError, lastRequest: null: org.apache.ratis.thirdparty.io.grpc.StatusRuntimeException: CANCELLED: client cancelled
2023-01-26 20:32:48,600 [grpc-default-executor-1] INFO  server.GrpcLogAppender (GrpcLogAppender.java:onCompleted(415)) - 8116f3ad-43fd-49d6-b38b-c9c4aa8410ec@group-FD67D19C9032->a7887d3a-ac12-44f2-81f3-1f33b720a94f-AppendLogResponseHandler: follower responses appendEntries COMPLETED
2023-01-26 20:32:48,600 [grpc-default-executor-1] INFO  leader.FollowerInfo (FollowerInfoImpl.java:lambda$new$0(48)) - 8116f3ad-43fd-49d6-b38b-c9c4aa8410ec@group-FD67D19C9032->a7887d3a-ac12-44f2-81f3-1f33b720a94f: nextIndex: updateUnconditionally 27 -> 26
2023-01-26 20:32:48,602 [40d8d262-8836-439b-84c4-75233c3da079-impl-thread3] INFO  server.RaftServer$Division (RaftServerImpl.java:lambda$close$4(458)) - 40d8d262-8836-439b-84c4-75233c3da079@group-9D68FA6751C1: shutdown
2023-01-26 20:32:48,602 [40d8d262-8836-439b-84c4-75233c3da079-impl-thread3] INFO  util.JmxRegister (JmxRegister.java:unregister(73)) - Successfully un-registered JMX Bean with object name Ratis:service=RaftServer,group=group-9D68FA6751C1,id=40d8d262-8836-439b-84c4-75233c3da079
2023-01-26 20:32:48,602 [40d8d262-8836-439b-84c4-75233c3da079-impl-thread3] INFO  impl.RoleInfo (RoleInfo.java:shutdownLeaderState(93)) - 40d8d262-8836-439b-84c4-75233c3da079: shutdown 40d8d262-8836-439b-84c4-75233c3da079@group-9D68FA6751C1-LeaderStateImpl
2023-01-26 20:32:48,602 [40d8d262-8836-439b-84c4-75233c3da079-impl-thread3] INFO  impl.PendingRequests (PendingRequests.java:sendNotLeaderResponses(282)) - 40d8d262-8836-439b-84c4-75233c3da079@group-9D68FA6751C1-PendingRequests: sendNotLeaderResponses
2023-01-26 20:32:48,602 [40d8d262-8836-439b-84c4-75233c3da079-impl-thread3] INFO  impl.StateMachineUpdater (StateMachineUpdater.java:stopAndJoin(153)) - 40d8d262-8836-439b-84c4-75233c3da079@group-9D68FA6751C1-StateMachineUpdater: set stopIndex = 0
2023-01-26 20:32:48,602 [Listener at 127.0.0.1/38041] INFO  server.GrpcService (GrpcService.java:closeImpl(271)) - 40d8d262-8836-439b-84c4-75233c3da079: shutdown server GrpcServerProtocolService now
2023-01-26 20:32:48,603 [40d8d262-8836-439b-84c4-75233c3da079-impl-thread2] INFO  server.RaftServer$Division (ServerState.java:close(466)) - 40d8d262-8836-439b-84c4-75233c3da079@group-FD67D19C9032: closes. applyIndex: 26
2023-01-26 20:32:48,603 [40d8d262-8836-439b-84c4-75233c3da079@group-FD67D19C9032-SegmentedRaftLogWorker] INFO  segmented.SegmentedRaftLogWorker (SegmentedRaftLogWorker.java:run(347)) - 40d8d262-8836-439b-84c4-75233c3da079@group-FD67D19C9032-SegmentedRaftLogWorker was interrupted, exiting. There are 0 tasks remaining in the queue.
2023-01-26 20:32:48,602 [40d8d262-8836-439b-84c4-75233c3da079@group-9D68FA6751C1-StateMachineUpdater] INFO  ratis.ContainerStateMachine (ContainerStateMachine.java:takeSnapshot(308)) - group-9D68FA6751C1: Taking a snapshot at:(t:1, i:0) file /home/runner/work/ozone/ozone/hadoop-ozone/integration-test/target/test-dir/MiniOzoneClusterImpl-885fda24-0582-4ee7-b43d-362ebd6c8d83/datanode-2/data/ratis/7c054cb7-812e-4795-8eea-9d68fa6751c1/sm/snapshot.1_0
2023-01-26 20:32:48,607 [ForkJoinPool.commonPool-worker-0] INFO  server.GrpcServerProtocolClient (GrpcServerProtocolClient.java:close(101)) - a7887d3a-ac12-44f2-81f3-1f33b720a94f Close channels
2023-01-26 20:32:48,607 [40d8d262-8836-439b-84c4-75233c3da079@group-9D68FA6751C1-StateMachineUpdater] INFO  ratis.ContainerStateMachine (ContainerStateMachine.java:takeSnapshot(319)) - group-9D68FA6751C1: Finished taking a snapshot at:(t:1, i:0) file:/home/runner/work/ozone/ozone/hadoop-ozone/integration-test/target/test-dir/MiniOzoneClusterImpl-885fda24-0582-4ee7-b43d-362ebd6c8d83/datanode-2/data/ratis/7c054cb7-812e-4795-8eea-9d68fa6751c1/sm/snapshot.1_0 took: 5 ms
2023-01-26 20:32:48,607 [40d8d262-8836-439b-84c4-75233c3da079@group-9D68FA6751C1-StateMachineUpdater] INFO  impl.StateMachineUpdater (StateMachineUpdater.java:takeSnapshot(287)) - 40d8d262-8836-439b-84c4-75233c3da079@group-9D68FA6751C1-StateMachineUpdater: Took a snapshot at index 0
2023-01-26 20:32:48,607 [40d8d262-8836-439b-84c4-75233c3da079@group-9D68FA6751C1-StateMachineUpdater] INFO  impl.StateMachineUpdater (StateMachineUpdater.java:lambda$new$0(92)) - 40d8d262-8836-439b-84c4-75233c3da079@group-9D68FA6751C1-StateMachineUpdater: snapshotIndex: updateIncreasingly -1 -> 0
2023-01-26 20:32:48,607 [40d8d262-8836-439b-84c4-75233c3da079-impl-thread3] INFO  server.RaftServer$Division (ServerState.java:close(466)) - 40d8d262-8836-439b-84c4-75233c3da079@group-9D68FA6751C1: closes. applyIndex: 0
2023-01-26 20:32:48,607 [8116f3ad-43fd-49d6-b38b-c9c4aa8410ec-impl-thread3] INFO  impl.PendingRequests (PendingRequests.java:sendNotLeaderResponses(282)) - 8116f3ad-43fd-49d6-b38b-c9c4aa8410ec@group-FD67D19C9032-PendingRequests: sendNotLeaderResponses
2023-01-26 20:32:48,608 [40d8d262-8836-439b-84c4-75233c3da079@group-9D68FA6751C1-SegmentedRaftLogWorker] INFO  segmented.SegmentedRaftLogWorker (SegmentedRaftLogWorker.java:run(347)) - 40d8d262-8836-439b-84c4-75233c3da079@group-9D68FA6751C1-SegmentedRaftLogWorker was interrupted, exiting. There are 0 tasks remaining in the queue.
2023-01-26 20:32:48,608 [8116f3ad-43fd-49d6-b38b-c9c4aa8410ec@group-FD67D19C9032->40d8d262-8836-439b-84c4-75233c3da079-GrpcLogAppender-LogAppenderDaemon] WARN  server.GrpcLogAppender (GrpcLogAppender.java:mayWait(200)) - 8116f3ad-43fd-49d6-b38b-c9c4aa8410ec@group-FD67D19C9032->40d8d262-8836-439b-84c4-75233c3da079-GrpcLogAppender: Wait interrupted by java.lang.InterruptedException
2023-01-26 20:32:48,609 [Listener at 127.0.0.1/38041] INFO  server.GrpcServerProtocolClient (GrpcServerProtocolClient.java:close(101)) - 8116f3ad-43fd-49d6-b38b-c9c4aa8410ec Close channels
2023-01-26 20:32:48,610 [grpc-default-executor-2] WARN  server.GrpcClientProtocolService (LogUtils.java:warn(122)) - 0-OrderedRequestStreamObserver0: onError: org.apache.ratis.thirdparty.io.grpc.StatusRuntimeException: CANCELLED: client cancelled
2023-01-26 20:32:48,610 [40d8d262-8836-439b-84c4-75233c3da079-impl-thread3] INFO  segmented.SegmentedRaftLogWorker (SegmentedRaftLogWorker.java:close(257)) - 40d8d262-8836-439b-84c4-75233c3da079@group-9D68FA6751C1-SegmentedRaftLogWorker close()
2023-01-26 20:32:48,611 [8116f3ad-43fd-49d6-b38b-c9c4aa8410ec@group-3FC70AA94473-SegmentedRaftLogWorker] INFO  segmented.SegmentedRaftLogWorker (SegmentedRaftLogWorker.java:run(347)) - 8116f3ad-43fd-49d6-b38b-c9c4aa8410ec@group-3FC70AA94473-SegmentedRaftLogWorker was interrupted, exiting. There are 0 tasks remaining in the queue.
2023-01-26 20:32:48,611 [40d8d262-8836-439b-84c4-75233c3da079-impl-thread2] INFO  segmented.SegmentedRaftLogWorker (SegmentedRaftLogWorker.java:close(257)) - 40d8d262-8836-439b-84c4-75233c3da079@group-FD67D19C9032-SegmentedRaftLogWorker close()
2023-01-26 20:32:48,611 [8116f3ad-43fd-49d6-b38b-c9c4aa8410ec@group-1C34DF8C7ECE-FollowerState] INFO  impl.FollowerState (FollowerState.java:run(152)) - 8116f3ad-43fd-49d6-b38b-c9c4aa8410ec@group-1C34DF8C7ECE-FollowerState was interrupted
2023-01-26 20:32:48,613 [40d8d262-8836-439b-84c4-75233c3da079-impl-thread4] INFO  server.RaftServer$Division (RaftServerImpl.java:lambda$close$4(458)) - 40d8d262-8836-439b-84c4-75233c3da079@group-1C34DF8C7ECE: shutdown
2023-01-26 20:32:48,613 [40d8d262-8836-439b-84c4-75233c3da079-impl-thread4] INFO  util.JmxRegister (JmxRegister.java:unregister(73)) - Successfully un-registered JMX Bean with object name Ratis:service=RaftServer,group=group-1C34DF8C7ECE,id=40d8d262-8836-439b-84c4-75233c3da079
2023-01-26 20:32:48,613 [40d8d262-8836-439b-84c4-75233c3da079-impl-thread4] INFO  impl.RoleInfo (RoleInfo.java:shutdownLeaderState(93)) - 40d8d262-8836-439b-84c4-75233c3da079: shutdown 40d8d262-8836-439b-84c4-75233c3da079@group-1C34DF8C7ECE-LeaderStateImpl
2023-01-26 20:32:48,613 [40d8d262-8836-439b-84c4-75233c3da079@group-1C34DF8C7ECE->8116f3ad-43fd-49d6-b38b-c9c4aa8410ec-GrpcLogAppender-LogAppenderDaemon] WARN  server.GrpcLogAppender (GrpcLogAppender.java:mayWait(200)) - 40d8d262-8836-439b-84c4-75233c3da079@group-1C34DF8C7ECE->8116f3ad-43fd-49d6-b38b-c9c4aa8410ec-GrpcLogAppender: Wait interrupted by java.lang.InterruptedException
2023-01-26 20:32:48,613 [40d8d262-8836-439b-84c4-75233c3da079-impl-thread4] INFO  impl.PendingRequests (PendingRequests.java:sendNotLeaderResponses(282)) - 40d8d262-8836-439b-84c4-75233c3da079@group-1C34DF8C7ECE-PendingRequests: sendNotLeaderResponses
2023-01-26 20:32:48,613 [40d8d262-8836-439b-84c4-75233c3da079@group-1C34DF8C7ECE->a7887d3a-ac12-44f2-81f3-1f33b720a94f-GrpcLogAppender-LogAppenderDaemon] WARN  server.GrpcLogAppender (GrpcLogAppender.java:mayWait(200)) - 40d8d262-8836-439b-84c4-75233c3da079@group-1C34DF8C7ECE->a7887d3a-ac12-44f2-81f3-1f33b720a94f-GrpcLogAppender: Wait interrupted by java.lang.InterruptedException
2023-01-26 20:32:48,613 [8116f3ad-43fd-49d6-b38b-c9c4aa8410ec@group-FD67D19C9032-StateMachineUpdater] INFO  ratis.ContainerStateMachine (ContainerStateMachine.java:takeSnapshot(308)) - group-FD67D19C9032: Taking a snapshot at:(t:4, i:26) file /home/runner/work/ozone/ozone/hadoop-ozone/integration-test/target/test-dir/MiniOzoneClusterImpl-885fda24-0582-4ee7-b43d-362ebd6c8d83/datanode-1/data/ratis/d03096c2-cd98-4c1e-8990-fd67d19c9032/sm/snapshot.4_26
2023-01-26 20:32:48,614 [8116f3ad-43fd-49d6-b38b-c9c4aa8410ec-impl-thread3] INFO  impl.StateMachineUpdater (StateMachineUpdater.java:stopAndJoin(153)) - 8116f3ad-43fd-49d6-b38b-c9c4aa8410ec@group-FD67D19C9032-StateMachineUpdater: set stopIndex = 26
2023-01-26 20:32:48,614 [grpc-default-executor-8] INFO  server.GrpcLogAppender (GrpcLogAppender.java:onError(404)) - 40d8d262-8836-439b-84c4-75233c3da079@group-1C34DF8C7ECE->8116f3ad-43fd-49d6-b38b-c9c4aa8410ec-GrpcLogAppender is already stopped
2023-01-26 20:32:48,614 [8116f3ad-43fd-49d6-b38b-c9c4aa8410ec-impl-thread4] INFO  impl.StateMachineUpdater (StateMachineUpdater.java:stopAndJoin(153)) - 8116f3ad-43fd-49d6-b38b-c9c4aa8410ec@group-1C34DF8C7ECE-StateMachineUpdater: set stopIndex = 4
2023-01-26 20:32:48,614 [8116f3ad-43fd-49d6-b38b-c9c4aa8410ec@group-FD67D19C9032-StateMachineUpdater] INFO  ratis.ContainerStateMachine (ContainerStateMachine.java:takeSnapshot(319)) - group-FD67D19C9032: Finished taking a snapshot at:(t:4, i:26) file:/home/runner/work/ozone/ozone/hadoop-ozone/integration-test/target/test-dir/MiniOzoneClusterImpl-885fda24-0582-4ee7-b43d-362ebd6c8d83/datanode-1/data/ratis/d03096c2-cd98-4c1e-8990-fd67d19c9032/sm/snapshot.4_26 took: 1 ms
2023-01-26 20:32:48,614 [8116f3ad-43fd-49d6-b38b-c9c4aa8410ec@group-FD67D19C9032-StateMachineUpdater] INFO  impl.StateMachineUpdater (StateMachineUpdater.java:takeSnapshot(287)) - 8116f3ad-43fd-49d6-b38b-c9c4aa8410ec@group-FD67D19C9032-StateMachineUpdater: Took a snapshot at index 26
2023-01-26 20:32:48,614 [8116f3ad-43fd-49d6-b38b-c9c4aa8410ec@group-FD67D19C9032-StateMachineUpdater] INFO  impl.StateMachineUpdater (StateMachineUpdater.java:lambda$new$0(92)) - 8116f3ad-43fd-49d6-b38b-c9c4aa8410ec@group-FD67D19C9032-StateMachineUpdater: snapshotIndex: updateIncreasingly -1 -> 26
2023-01-26 20:32:48,615 [8116f3ad-43fd-49d6-b38b-c9c4aa8410ec-impl-thread3] INFO  server.RaftServer$Division (ServerState.java:close(466)) - 8116f3ad-43fd-49d6-b38b-c9c4aa8410ec@group-FD67D19C9032: closes. applyIndex: 26
2023-01-26 20:32:48,616 [8116f3ad-43fd-49d6-b38b-c9c4aa8410ec@group-1C34DF8C7ECE-StateMachineUpdater] INFO  ratis.ContainerStateMachine (ContainerStateMachine.java:takeSnapshot(308)) - group-1C34DF8C7ECE: Taking a snapshot at:(t:7, i:4) file /home/runner/work/ozone/ozone/hadoop-ozone/integration-test/target/test-dir/MiniOzoneClusterImpl-885fda24-0582-4ee7-b43d-362ebd6c8d83/datanode-1/data/ratis/e3b6bf34-3df8-4ecd-af7e-1c34df8c7ece/sm/snapshot.7_4
2023-01-26 20:32:48,616 [grpc-default-executor-5] WARN  server.GrpcServerProtocolService (LogUtils.java:warn(122)) - 40d8d262-8836-439b-84c4-75233c3da079: installSnapshot onError, lastRequest: null: org.apache.ratis.thirdparty.io.grpc.StatusRuntimeException: CANCELLED: client cancelled
2023-01-26 20:32:48,616 [8116f3ad-43fd-49d6-b38b-c9c4aa8410ec@group-FD67D19C9032-SegmentedRaftLogWorker] INFO  segmented.SegmentedRaftLogWorker (SegmentedRaftLogWorker.java:run(347)) - 8116f3ad-43fd-49d6-b38b-c9c4aa8410ec@group-FD67D19C9032-SegmentedRaftLogWorker was interrupted, exiting. There are 0 tasks remaining in the queue.
2023-01-26 20:32:48,617 [grpc-default-executor-2] WARN  server.GrpcServerProtocolService (LogUtils.java:warn(122)) - 40d8d262-8836-439b-84c4-75233c3da079: installSnapshot onError, lastRequest: 8116f3ad-43fd-49d6-b38b-c9c4aa8410ec->40d8d262-8836-439b-84c4-75233c3da079#70-t4,previous=(t:4, i:25),leaderCommit=25,initializing? true,entries: size=1, first=(t:4, i:26), METADATAENTRY(c:25): org.apache.ratis.thirdparty.io.grpc.StatusRuntimeException: CANCELLED: client cancelled
2023-01-26 20:32:48,617 [grpc-default-executor-3] INFO  server.GrpcLogAppender (GrpcLogAppender.java:onError(404)) - 40d8d262-8836-439b-84c4-75233c3da079@group-1C34DF8C7ECE->8116f3ad-43fd-49d6-b38b-c9c4aa8410ec-GrpcLogAppender is already stopped
2023-01-26 20:32:48,620 [8116f3ad-43fd-49d6-b38b-c9c4aa8410ec@group-1C34DF8C7ECE-StateMachineUpdater] INFO  ratis.ContainerStateMachine (ContainerStateMachine.java:takeSnapshot(319)) - group-1C34DF8C7ECE: Finished taking a snapshot at:(t:7, i:4) file:/home/runner/work/ozone/ozone/hadoop-ozone/integration-test/target/test-dir/MiniOzoneClusterImpl-885fda24-0582-4ee7-b43d-362ebd6c8d83/datanode-1/data/ratis/e3b6bf34-3df8-4ecd-af7e-1c34df8c7ece/sm/snapshot.7_4 took: 5 ms
2023-01-26 20:32:48,621 [8116f3ad-43fd-49d6-b38b-c9c4aa8410ec@group-1C34DF8C7ECE-StateMachineUpdater] INFO  impl.StateMachineUpdater (StateMachineUpdater.java:takeSnapshot(287)) - 8116f3ad-43fd-49d6-b38b-c9c4aa8410ec@group-1C34DF8C7ECE-StateMachineUpdater: Took a snapshot at index 4
2023-01-26 20:32:48,621 [8116f3ad-43fd-49d6-b38b-c9c4aa8410ec@group-1C34DF8C7ECE-StateMachineUpdater] INFO  impl.StateMachineUpdater (StateMachineUpdater.java:lambda$new$0(92)) - 8116f3ad-43fd-49d6-b38b-c9c4aa8410ec@group-1C34DF8C7ECE-StateMachineUpdater: snapshotIndex: updateIncreasingly -1 -> 4
2023-01-26 20:32:48,622 [8116f3ad-43fd-49d6-b38b-c9c4aa8410ec-impl-thread3] INFO  segmented.SegmentedRaftLogWorker (SegmentedRaftLogWorker.java:close(257)) - 8116f3ad-43fd-49d6-b38b-c9c4aa8410ec@group-FD67D19C9032-SegmentedRaftLogWorker close()
2023-01-26 20:32:48,628 [8116f3ad-43fd-49d6-b38b-c9c4aa8410ec-impl-thread2] INFO  segmented.SegmentedRaftLogWorker (SegmentedRaftLogWorker.java:close(257)) - 8116f3ad-43fd-49d6-b38b-c9c4aa8410ec@group-3FC70AA94473-SegmentedRaftLogWorker close()
2023-01-26 20:32:48,628 [8116f3ad-43fd-49d6-b38b-c9c4aa8410ec-impl-thread4] INFO  server.RaftServer$Division (ServerState.java:close(466)) - 8116f3ad-43fd-49d6-b38b-c9c4aa8410ec@group-1C34DF8C7ECE: closes. applyIndex: 4
2023-01-26 20:32:48,628 [8116f3ad-43fd-49d6-b38b-c9c4aa8410ec@group-1C34DF8C7ECE-SegmentedRaftLogWorker] INFO  segmented.SegmentedRaftLogWorker (SegmentedRaftLogWorker.java:run(347)) - 8116f3ad-43fd-49d6-b38b-c9c4aa8410ec@group-1C34DF8C7ECE-SegmentedRaftLogWorker was interrupted, exiting. There are 0 tasks remaining in the queue.
2023-01-26 20:32:48,629 [8116f3ad-43fd-49d6-b38b-c9c4aa8410ec-impl-thread4] INFO  segmented.SegmentedRaftLogWorker (SegmentedRaftLogWorker.java:close(257)) - 8116f3ad-43fd-49d6-b38b-c9c4aa8410ec@group-1C34DF8C7ECE-SegmentedRaftLogWorker close()
2023-01-26 20:32:48,629 [grpc-default-executor-3] INFO  server.GrpcLogAppender (GrpcLogAppender.java:onError(404)) - 8116f3ad-43fd-49d6-b38b-c9c4aa8410ec@group-FD67D19C9032->40d8d262-8836-439b-84c4-75233c3da079-GrpcLogAppender is already stopped
2023-01-26 20:32:48,630 [grpc-default-executor-5] INFO  server.GrpcLogAppender (GrpcLogAppender.java:onError(404)) - 8116f3ad-43fd-49d6-b38b-c9c4aa8410ec@group-FD67D19C9032->40d8d262-8836-439b-84c4-75233c3da079-GrpcLogAppender is already stopped
2023-01-26 20:32:48,630 [grpc-default-executor-1] INFO  server.GrpcServerProtocolService (GrpcServerProtocolService.java:onCompleted(143)) - a7887d3a-ac12-44f2-81f3-1f33b720a94f: Completed APPEND_ENTRIES, lastRequest: 40d8d262-8836-439b-84c4-75233c3da079->a7887d3a-ac12-44f2-81f3-1f33b720a94f#15-t7,previous=(t:7, i:3),leaderCommit=3,initializing? true,entries: size=1, first=(t:7, i:4), METADATAENTRY(c:3)
2023-01-26 20:32:48,630 [Listener at 127.0.0.1/38041] INFO  server.GrpcServerProtocolClient (GrpcServerProtocolClient.java:close(101)) - a7887d3a-ac12-44f2-81f3-1f33b720a94f Close channels
2023-01-26 20:32:48,633 [grpc-default-executor-6] INFO  server.GrpcServerProtocolService (GrpcServerProtocolService.java:onCompleted(143)) - a7887d3a-ac12-44f2-81f3-1f33b720a94f: Completed APPEND_ENTRIES, lastRequest: null
2023-01-26 20:32:48,638 [40d8d262-8836-439b-84c4-75233c3da079-impl-thread4] INFO  impl.StateMachineUpdater (StateMachineUpdater.java:stopAndJoin(153)) - 40d8d262-8836-439b-84c4-75233c3da079@group-1C34DF8C7ECE-StateMachineUpdater: set stopIndex = 4
2023-01-26 20:32:48,638 [40d8d262-8836-439b-84c4-75233c3da079@group-1C34DF8C7ECE-StateMachineUpdater] INFO  ratis.ContainerStateMachine (ContainerStateMachine.java:takeSnapshot(308)) - group-1C34DF8C7ECE: Taking a snapshot at:(t:7, i:4) file /home/runner/work/ozone/ozone/hadoop-ozone/integration-test/target/test-dir/MiniOzoneClusterImpl-885fda24-0582-4ee7-b43d-362ebd6c8d83/datanode-2/data/ratis/e3b6bf34-3df8-4ecd-af7e-1c34df8c7ece/sm/snapshot.7_4
2023-01-26 20:32:48,638 [ForkJoinPool.commonPool-worker-0] INFO  server.GrpcServerProtocolClient (GrpcServerProtocolClient.java:close(101)) - 40d8d262-8836-439b-84c4-75233c3da079 Close channels
2023-01-26 20:32:48,638 [Listener at 127.0.0.1/38041] INFO  server.GrpcService (GrpcService.java:closeImpl(280)) - 40d8d262-8836-439b-84c4-75233c3da079: shutdown server GrpcServerProtocolService successfully
2023-01-26 20:32:48,639 [40d8d262-8836-439b-84c4-75233c3da079@group-1C34DF8C7ECE-StateMachineUpdater] INFO  ratis.ContainerStateMachine (ContainerStateMachine.java:takeSnapshot(319)) - group-1C34DF8C7ECE: Finished taking a snapshot at:(t:7, i:4) file:/home/runner/work/ozone/ozone/hadoop-ozone/integration-test/target/test-dir/MiniOzoneClusterImpl-885fda24-0582-4ee7-b43d-362ebd6c8d83/datanode-2/data/ratis/e3b6bf34-3df8-4ecd-af7e-1c34df8c7ece/sm/snapshot.7_4 took: 1 ms
2023-01-26 20:32:48,639 [40d8d262-8836-439b-84c4-75233c3da079-NettyServerStreamRpc-bossGroup--thread1] INFO  logging.LoggingHandler (AbstractInternalLogger.java:log(148)) - [id: 0xd1f8b06d, L:/0:0:0:0:0:0:0:0:41237] CLOSE
2023-01-26 20:32:48,639 [40d8d262-8836-439b-84c4-75233c3da079@group-1C34DF8C7ECE-StateMachineUpdater] INFO  impl.StateMachineUpdater (StateMachineUpdater.java:takeSnapshot(287)) - 40d8d262-8836-439b-84c4-75233c3da079@group-1C34DF8C7ECE-StateMachineUpdater: Took a snapshot at index 4
2023-01-26 20:32:48,639 [40d8d262-8836-439b-84c4-75233c3da079-NettyServerStreamRpc-bossGroup--thread1] INFO  logging.LoggingHandler (AbstractInternalLogger.java:log(148)) - [id: 0xd1f8b06d, L:/0:0:0:0:0:0:0:0:41237] INACTIVE
2023-01-26 20:32:48,639 [40d8d262-8836-439b-84c4-75233c3da079@group-1C34DF8C7ECE-StateMachineUpdater] INFO  impl.StateMachineUpdater (StateMachineUpdater.java:lambda$new$0(92)) - 40d8d262-8836-439b-84c4-75233c3da079@group-1C34DF8C7ECE-StateMachineUpdater: snapshotIndex: updateIncreasingly -1 -> 4
2023-01-26 20:32:48,639 [40d8d262-8836-439b-84c4-75233c3da079-NettyServerStreamRpc-bossGroup--thread1] INFO  logging.LoggingHandler (AbstractInternalLogger.java:log(148)) - [id: 0xd1f8b06d, L:/0:0:0:0:0:0:0:0:41237] UNREGISTERED
2023-01-26 20:32:48,644 [grpc-default-executor-1] INFO  server.GrpcLogAppender (GrpcLogAppender.java:onCompleted(415)) - 40d8d262-8836-439b-84c4-75233c3da079@group-1C34DF8C7ECE->a7887d3a-ac12-44f2-81f3-1f33b720a94f-AppendLogResponseHandler: follower responses appendEntries COMPLETED
2023-01-26 20:32:48,649 [grpc-default-executor-0] INFO  server.GrpcLogAppender (GrpcLogAppender.java:onCompleted(415)) - 40d8d262-8836-439b-84c4-75233c3da079@group-1C34DF8C7ECE->a7887d3a-ac12-44f2-81f3-1f33b720a94f-AppendLogResponseHandler: follower responses appendEntries COMPLETED
2023-01-26 20:32:48,649 [40d8d262-8836-439b-84c4-75233c3da079-impl-thread4] INFO  server.RaftServer$Division (ServerState.java:close(466)) - 40d8d262-8836-439b-84c4-75233c3da079@group-1C34DF8C7ECE: closes. applyIndex: 4
2023-01-26 20:32:48,649 [grpc-default-executor-9] INFO  server.GrpcLogAppender (GrpcLogAppender.java:onCompleted(415)) - 8116f3ad-43fd-49d6-b38b-c9c4aa8410ec@group-FD67D19C9032->a7887d3a-ac12-44f2-81f3-1f33b720a94f-AppendLogResponseHandler: follower responses appendEntries COMPLETED
2023-01-26 20:32:48,649 [40d8d262-8836-439b-84c4-75233c3da079@group-1C34DF8C7ECE-SegmentedRaftLogWorker] INFO  segmented.SegmentedRaftLogWorker (SegmentedRaftLogWorker.java:run(347)) - 40d8d262-8836-439b-84c4-75233c3da079@group-1C34DF8C7ECE-SegmentedRaftLogWorker was interrupted, exiting. There are 0 tasks remaining in the queue.
2023-01-26 20:32:48,649 [grpc-default-executor-1] WARN  server.GrpcLogAppender (GrpcLogAppender.java:resetClient(137)) - 40d8d262-8836-439b-84c4-75233c3da079@group-1C34DF8C7ECE->a7887d3a-ac12-44f2-81f3-1f33b720a94f-GrpcLogAppender: Failed to getClient for a7887d3a-ac12-44f2-81f3-1f33b720a94f
org.apache.ratis.protocol.exceptions.AlreadyClosedException: 40d8d262-8836-439b-84c4-75233c3da079 is already CLOSED
	at org.apache.ratis.util.PeerProxyMap$PeerAndProxy.getProxy(PeerProxyMap.java:61)
	at org.apache.ratis.util.PeerProxyMap.getProxy(PeerProxyMap.java:115)
	at org.apache.ratis.grpc.server.GrpcLogAppender.getClient(GrpcLogAppender.java:116)
	at org.apache.ratis.grpc.server.GrpcLogAppender.resetClient(GrpcLogAppender.java:121)
	at org.apache.ratis.grpc.server.GrpcLogAppender.access$500(GrpcLogAppender.java:58)
	at org.apache.ratis.grpc.server.GrpcLogAppender$AppendLogResponseHandler.onCompleted(GrpcLogAppender.java:416)
	at org.apache.ratis.thirdparty.io.grpc.stub.ClientCalls$StreamObserverToCallListenerAdapter.onClose(ClientCalls.java:485)
	at org.apache.ratis.thirdparty.io.grpc.internal.ClientCallImpl.closeObserver(ClientCallImpl.java:562)
	at org.apache.ratis.thirdparty.io.grpc.internal.ClientCallImpl.access$300(ClientCallImpl.java:70)
	at org.apache.ratis.thirdparty.io.grpc.internal.ClientCallImpl$ClientStreamListenerImpl$1StreamClosed.runInternal(ClientCallImpl.java:743)
	at org.apache.ratis.thirdparty.io.grpc.internal.ClientCallImpl$ClientStreamListenerImpl$1StreamClosed.runInContext(ClientCallImpl.java:722)
	at org.apache.ratis.thirdparty.io.grpc.internal.ContextRunnable.run(ContextRunnable.java:37)
	at org.apache.ratis.thirdparty.io.grpc.internal.SerializingExecutor.run(SerializingExecutor.java:133)
	at java.util.concurrent.ThreadPoolExecutor.runWorker(ThreadPoolExecutor.java:1149)
	at java.util.concurrent.ThreadPoolExecutor$Worker.run(ThreadPoolExecutor.java:624)
	at java.lang.Thread.run(Thread.java:750)
2023-01-26 20:32:48,649 [40d8d262-8836-439b-84c4-75233c3da079-impl-thread4] INFO  segmented.SegmentedRaftLogWorker (SegmentedRaftLogWorker.java:close(257)) - 40d8d262-8836-439b-84c4-75233c3da079@group-1C34DF8C7ECE-SegmentedRaftLogWorker close()
2023-01-26 20:32:48,649 [grpc-default-executor-0] WARN  server.GrpcLogAppender (GrpcLogAppender.java:resetClient(137)) - 40d8d262-8836-439b-84c4-75233c3da079@group-1C34DF8C7ECE->a7887d3a-ac12-44f2-81f3-1f33b720a94f-GrpcLogAppender: Failed to getClient for a7887d3a-ac12-44f2-81f3-1f33b720a94f
org.apache.ratis.protocol.exceptions.AlreadyClosedException: 40d8d262-8836-439b-84c4-75233c3da079 is already CLOSED
	at org.apache.ratis.util.PeerProxyMap$PeerAndProxy.getProxy(PeerProxyMap.java:61)
	at org.apache.ratis.util.PeerProxyMap.getProxy(PeerProxyMap.java:115)
	at org.apache.ratis.grpc.server.GrpcLogAppender.getClient(GrpcLogAppender.java:116)
	at org.apache.ratis.grpc.server.GrpcLogAppender.resetClient(GrpcLogAppender.java:121)
	at org.apache.ratis.grpc.server.GrpcLogAppender.access$500(GrpcLogAppender.java:58)
	at org.apache.ratis.grpc.server.GrpcLogAppender$AppendLogResponseHandler.onCompleted(GrpcLogAppender.java:416)
	at org.apache.ratis.thirdparty.io.grpc.stub.ClientCalls$StreamObserverToCallListenerAdapter.onClose(ClientCalls.java:485)
	at org.apache.ratis.thirdparty.io.grpc.internal.DelayedClientCall$DelayedListener$3.run(DelayedClientCall.java:468)
	at org.apache.ratis.thirdparty.io.grpc.internal.DelayedClientCall$DelayedListener.delayOrExecute(DelayedClientCall.java:432)
	at org.apache.ratis.thirdparty.io.grpc.internal.DelayedClientCall$DelayedListener.onClose(DelayedClientCall.java:465)
	at org.apache.ratis.thirdparty.io.grpc.internal.ClientCallImpl.closeObserver(ClientCallImpl.java:562)
	at org.apache.ratis.thirdparty.io.grpc.internal.ClientCallImpl.access$300(ClientCallImpl.java:70)
	at org.apache.ratis.thirdparty.io.grpc.internal.ClientCallImpl$ClientStreamListenerImpl$1StreamClosed.runInternal(ClientCallImpl.java:743)
	at org.apache.ratis.thirdparty.io.grpc.internal.ClientCallImpl$ClientStreamListenerImpl$1StreamClosed.runInContext(ClientCallImpl.java:722)
	at org.apache.ratis.thirdparty.io.grpc.internal.ContextRunnable.run(ContextRunnable.java:37)
	at org.apache.ratis.thirdparty.io.grpc.internal.SerializingExecutor.run(SerializingExecutor.java:133)
	at java.util.concurrent.ThreadPoolExecutor.runWorker(ThreadPoolExecutor.java:1149)
	at java.util.concurrent.ThreadPoolExecutor$Worker.run(ThreadPoolExecutor.java:624)
	at java.lang.Thread.run(Thread.java:750)
2023-01-26 20:32:48,650 [ForkJoinPool.commonPool-worker-0] INFO  server.GrpcService (GrpcService.java:closeImpl(280)) - 8116f3ad-43fd-49d6-b38b-c9c4aa8410ec: shutdown server GrpcServerProtocolService successfully
2023-01-26 20:32:48,651 [grpc-default-executor-9] WARN  server.GrpcLogAppender (GrpcLogAppender.java:resetClient(137)) - 8116f3ad-43fd-49d6-b38b-c9c4aa8410ec@group-FD67D19C9032->a7887d3a-ac12-44f2-81f3-1f33b720a94f-GrpcLogAppender: Failed to getClient for a7887d3a-ac12-44f2-81f3-1f33b720a94f
org.apache.ratis.protocol.exceptions.AlreadyClosedException: 8116f3ad-43fd-49d6-b38b-c9c4aa8410ec is already CLOSED
	at org.apache.ratis.util.PeerProxyMap$PeerAndProxy.getProxy(PeerProxyMap.java:61)
	at org.apache.ratis.util.PeerProxyMap.getProxy(PeerProxyMap.java:115)
	at org.apache.ratis.grpc.server.GrpcLogAppender.getClient(GrpcLogAppender.java:116)
	at org.apache.ratis.grpc.server.GrpcLogAppender.resetClient(GrpcLogAppender.java:121)
	at org.apache.ratis.grpc.server.GrpcLogAppender.access$500(GrpcLogAppender.java:58)
	at org.apache.ratis.grpc.server.GrpcLogAppender$AppendLogResponseHandler.onCompleted(GrpcLogAppender.java:416)
	at org.apache.ratis.thirdparty.io.grpc.stub.ClientCalls$StreamObserverToCallListenerAdapter.onClose(ClientCalls.java:485)
	at org.apache.ratis.thirdparty.io.grpc.internal.DelayedClientCall$DelayedListener$3.run(DelayedClientCall.java:468)
	at org.apache.ratis.thirdparty.io.grpc.internal.DelayedClientCall$DelayedListener.delayOrExecute(DelayedClientCall.java:432)
	at org.apache.ratis.thirdparty.io.grpc.internal.DelayedClientCall$DelayedListener.onClose(DelayedClientCall.java:465)
	at org.apache.ratis.thirdparty.io.grpc.internal.ClientCallImpl.closeObserver(ClientCallImpl.java:562)
	at org.apache.ratis.thirdparty.io.grpc.internal.ClientCallImpl.access$300(ClientCallImpl.java:70)
	at org.apache.ratis.thirdparty.io.grpc.internal.ClientCallImpl$ClientStreamListenerImpl$1StreamClosed.runInternal(ClientCallImpl.java:743)
	at org.apache.ratis.thirdparty.io.grpc.internal.ClientCallImpl$ClientStreamListenerImpl$1StreamClosed.runInContext(ClientCallImpl.java:722)
	at org.apache.ratis.thirdparty.io.grpc.internal.ContextRunnable.run(ContextRunnable.java:37)
	at org.apache.ratis.thirdparty.io.grpc.internal.SerializingExecutor.run(SerializingExecutor.java:133)
	at java.util.concurrent.ThreadPoolExecutor.runWorker(ThreadPoolExecutor.java:1149)
	at java.util.concurrent.ThreadPoolExecutor$Worker.run(ThreadPoolExecutor.java:624)
	at java.lang.Thread.run(Thread.java:750)
2023-01-26 20:32:48,651 [8116f3ad-43fd-49d6-b38b-c9c4aa8410ec-NettyServerStreamRpc-bossGroup--thread1] INFO  logging.LoggingHandler (AbstractInternalLogger.java:log(148)) - [id: 0xf9aa6438, L:/0:0:0:0:0:0:0:0:43077] CLOSE
2023-01-26 20:32:48,652 [8116f3ad-43fd-49d6-b38b-c9c4aa8410ec-NettyServerStreamRpc-bossGroup--thread1] INFO  logging.LoggingHandler (AbstractInternalLogger.java:log(148)) - [id: 0xf9aa6438, L:/0:0:0:0:0:0:0:0:43077] INACTIVE
2023-01-26 20:32:48,652 [8116f3ad-43fd-49d6-b38b-c9c4aa8410ec-NettyServerStreamRpc-bossGroup--thread1] INFO  logging.LoggingHandler (AbstractInternalLogger.java:log(148)) - [id: 0xf9aa6438, L:/0:0:0:0:0:0:0:0:43077] UNREGISTERED
2023-01-26 20:32:48,652 [JvmPauseMonitor14] INFO  util.JvmPauseMonitor (JvmPauseMonitor.java:run(111)) - JvmPauseMonitor-40d8d262-8836-439b-84c4-75233c3da079: Stopped
2023-01-26 20:32:48,663 [JvmPauseMonitor13] INFO  util.JvmPauseMonitor (JvmPauseMonitor.java:run(111)) - JvmPauseMonitor-8116f3ad-43fd-49d6-b38b-c9c4aa8410ec: Stopped
2023-01-26 20:32:50,662 [Listener at 127.0.0.1/38041] INFO  volume.HddsVolume (HddsVolume.java:closeDbStore(338)) - SchemaV3 db is stopped at /home/runner/work/ozone/ozone/hadoop-ozone/integration-test/target/test-dir/MiniOzoneClusterImpl-885fda24-0582-4ee7-b43d-362ebd6c8d83/datanode-2/data-0/containers/hdds/885fda24-0582-4ee7-b43d-362ebd6c8d83/DS-ff4532e5-008b-4f5d-b95b-b1e7364d0aa4/container.db for volume DS-ff4532e5-008b-4f5d-b95b-b1e7364d0aa4
2023-01-26 20:32:50,662 [Listener at 127.0.0.1/38041] INFO  utils.BackgroundService (BackgroundService.java:shutdown(141)) - Shutting down service BlockDeletingService
2023-01-26 20:32:50,662 [Listener at 127.0.0.1/38041] INFO  utils.BackgroundService (BackgroundService.java:shutdown(141)) - Shutting down service StaleRecoveringContainerScrubbingService
2023-01-26 20:32:50,665 [Listener at 127.0.0.1/38041] INFO  statemachine.DatanodeStateMachine (DatanodeStateMachine.java:stopDaemon(603)) - Ozone container server stopped.
2023-01-26 20:32:50,673 [ForkJoinPool.commonPool-worker-0] INFO  volume.HddsVolume (HddsVolume.java:closeDbStore(338)) - SchemaV3 db is stopped at /home/runner/work/ozone/ozone/hadoop-ozone/integration-test/target/test-dir/MiniOzoneClusterImpl-885fda24-0582-4ee7-b43d-362ebd6c8d83/datanode-1/data-0/containers/hdds/885fda24-0582-4ee7-b43d-362ebd6c8d83/DS-7bf71220-56e3-468a-8e27-1c544129574e/container.db for volume DS-7bf71220-56e3-468a-8e27-1c544129574e
2023-01-26 20:32:50,674 [ForkJoinPool.commonPool-worker-0] INFO  utils.BackgroundService (BackgroundService.java:shutdown(141)) - Shutting down service BlockDeletingService
2023-01-26 20:32:50,674 [ForkJoinPool.commonPool-worker-0] INFO  utils.BackgroundService (BackgroundService.java:shutdown(141)) - Shutting down service StaleRecoveringContainerScrubbingService
2023-01-26 20:32:50,677 [ForkJoinPool.commonPool-worker-0] INFO  statemachine.DatanodeStateMachine (DatanodeStateMachine.java:stopDaemon(603)) - Ozone container server stopped.
2023-01-26 20:32:50,679 [Listener at 127.0.0.1/38041] INFO  handler.ContextHandler (ContextHandler.java:doStop(1159)) - Stopped o.e.j.w.WebAppContext@4c55a5a9{hddsDatanode,/,null,STOPPED}{jar:file:/home/runner/.m2/repository/org/apache/ozone/hdds-container-service/1.4.0-SNAPSHOT/hdds-container-service-1.4.0-SNAPSHOT.jar!/webapps/hddsDatanode}
2023-01-26 20:32:50,687 [Listener at 127.0.0.1/38041] INFO  server.AbstractConnector (AbstractConnector.java:doStop(383)) - Stopped ServerConnector@570fe8a4{HTTP/1.1, (http/1.1)}{0.0.0.0:0}
2023-01-26 20:32:50,687 [Listener at 127.0.0.1/38041] INFO  server.session (HouseKeeper.java:stopScavenging(149)) - node0 Stopped scavenging
2023-01-26 20:32:50,688 [Listener at 127.0.0.1/38041] INFO  handler.ContextHandler (ContextHandler.java:doStop(1159)) - Stopped o.e.j.s.ServletContextHandler@11bc326e{static,/static,jar:file:/home/runner/.m2/repository/org/apache/ozone/hdds-container-service/1.4.0-SNAPSHOT/hdds-container-service-1.4.0-SNAPSHOT.jar!/webapps/static,STOPPED}
2023-01-26 20:32:50,688 [Listener at 127.0.0.1/38041] INFO  handler.ContextHandler (ContextHandler.java:doStop(1159)) - Stopped o.e.j.s.ServletContextHandler@27fee228{logs,/logs,file:///home/runner/work/ozone/ozone/hadoop-ozone/integration-test/target/log,STOPPED}
2023-01-26 20:32:50,687 [ForkJoinPool.commonPool-worker-0] INFO  handler.ContextHandler (ContextHandler.java:doStop(1159)) - Stopped o.e.j.w.WebAppContext@e4b3a8e{hddsDatanode,/,null,STOPPED}{jar:file:/home/runner/.m2/repository/org/apache/ozone/hdds-container-service/1.4.0-SNAPSHOT/hdds-container-service-1.4.0-SNAPSHOT.jar!/webapps/hddsDatanode}
2023-01-26 20:32:50,689 [ForkJoinPool.commonPool-worker-0] INFO  server.AbstractConnector (AbstractConnector.java:doStop(383)) - Stopped ServerConnector@3bab1e0c{HTTP/1.1, (http/1.1)}{0.0.0.0:0}
2023-01-26 20:32:50,690 [ForkJoinPool.commonPool-worker-0] INFO  server.session (HouseKeeper.java:stopScavenging(149)) - node0 Stopped scavenging
2023-01-26 20:32:50,691 [ForkJoinPool.commonPool-worker-0] INFO  handler.ContextHandler (ContextHandler.java:doStop(1159)) - Stopped o.e.j.s.ServletContextHandler@2687b380{static,/static,jar:file:/home/runner/.m2/repository/org/apache/ozone/hdds-container-service/1.4.0-SNAPSHOT/hdds-container-service-1.4.0-SNAPSHOT.jar!/webapps/static,STOPPED}
2023-01-26 20:32:50,691 [Listener at 127.0.0.1/38041] INFO  ozoneimpl.OzoneContainer (OzoneContainer.java:stop(421)) - Attempting to stop container services.
2023-01-26 20:32:50,692 [ForkJoinPool.commonPool-worker-0] INFO  handler.ContextHandler (ContextHandler.java:doStop(1159)) - Stopped o.e.j.s.ServletContextHandler@6b12a5ed{logs,/logs,file:///home/runner/work/ozone/ozone/hadoop-ozone/integration-test/target/log,STOPPED}
2023-01-26 20:32:50,693 [Listener at 127.0.0.1/38041] INFO  server.RaftServer (RaftServerProxy.java:lambda$close$6(409)) - 06f84c71-7643-49a3-8309-2de556f4fabe: close
2023-01-26 20:32:50,694 [Listener at 127.0.0.1/38041] INFO  server.GrpcService (GrpcService.java:closeImpl(271)) - 06f84c71-7643-49a3-8309-2de556f4fabe: shutdown server GrpcServerProtocolService now
2023-01-26 20:32:50,694 [06f84c71-7643-49a3-8309-2de556f4fabe-impl-thread2] INFO  server.RaftServer$Division (RaftServerImpl.java:lambda$close$4(458)) - 06f84c71-7643-49a3-8309-2de556f4fabe@group-BCE8C5633D7A: shutdown
2023-01-26 20:32:50,694 [06f84c71-7643-49a3-8309-2de556f4fabe-impl-thread2] INFO  util.JmxRegister (JmxRegister.java:unregister(73)) - Successfully un-registered JMX Bean with object name Ratis:service=RaftServer,group=group-BCE8C5633D7A,id=06f84c71-7643-49a3-8309-2de556f4fabe
2023-01-26 20:32:50,694 [06f84c71-7643-49a3-8309-2de556f4fabe-impl-thread2] INFO  impl.RoleInfo (RoleInfo.java:shutdownLeaderState(93)) - 06f84c71-7643-49a3-8309-2de556f4fabe: shutdown 06f84c71-7643-49a3-8309-2de556f4fabe@group-BCE8C5633D7A-LeaderStateImpl
2023-01-26 20:32:50,695 [06f84c71-7643-49a3-8309-2de556f4fabe-impl-thread2] INFO  impl.PendingRequests (PendingRequests.java:sendNotLeaderResponses(282)) - 06f84c71-7643-49a3-8309-2de556f4fabe@group-BCE8C5633D7A-PendingRequests: sendNotLeaderResponses
2023-01-26 20:32:50,695 [06f84c71-7643-49a3-8309-2de556f4fabe-impl-thread2] INFO  impl.StateMachineUpdater (StateMachineUpdater.java:stopAndJoin(153)) - 06f84c71-7643-49a3-8309-2de556f4fabe@group-BCE8C5633D7A-StateMachineUpdater: set stopIndex = 0
2023-01-26 20:32:50,695 [Listener at 127.0.0.1/38041] INFO  server.GrpcService (GrpcService.java:closeImpl(280)) - 06f84c71-7643-49a3-8309-2de556f4fabe: shutdown server GrpcServerProtocolService successfully
2023-01-26 20:32:50,695 [06f84c71-7643-49a3-8309-2de556f4fabe@group-BCE8C5633D7A-StateMachineUpdater] INFO  ratis.ContainerStateMachine (ContainerStateMachine.java:takeSnapshot(308)) - group-BCE8C5633D7A: Taking a snapshot at:(t:1, i:0) file /home/runner/work/ozone/ozone/hadoop-ozone/integration-test/target/test-dir/MiniOzoneClusterImpl-885fda24-0582-4ee7-b43d-362ebd6c8d83/datanode-4/data/ratis/ddfa6229-38ec-497d-b830-bce8c5633d7a/sm/snapshot.1_0
2023-01-26 20:32:50,696 [06f84c71-7643-49a3-8309-2de556f4fabe-NettyServerStreamRpc-bossGroup--thread1] INFO  logging.LoggingHandler (AbstractInternalLogger.java:log(148)) - [id: 0xc783dfe1, L:/0:0:0:0:0:0:0:0:34009] CLOSE
2023-01-26 20:32:50,696 [06f84c71-7643-49a3-8309-2de556f4fabe-NettyServerStreamRpc-bossGroup--thread1] INFO  logging.LoggingHandler (AbstractInternalLogger.java:log(148)) - [id: 0xc783dfe1, L:/0:0:0:0:0:0:0:0:34009] INACTIVE
2023-01-26 20:32:50,696 [06f84c71-7643-49a3-8309-2de556f4fabe-NettyServerStreamRpc-bossGroup--thread1] INFO  logging.LoggingHandler (AbstractInternalLogger.java:log(148)) - [id: 0xc783dfe1, L:/0:0:0:0:0:0:0:0:34009] UNREGISTERED
2023-01-26 20:32:50,698 [06f84c71-7643-49a3-8309-2de556f4fabe@group-BCE8C5633D7A-StateMachineUpdater] INFO  ratis.ContainerStateMachine (ContainerStateMachine.java:takeSnapshot(319)) - group-BCE8C5633D7A: Finished taking a snapshot at:(t:1, i:0) file:/home/runner/work/ozone/ozone/hadoop-ozone/integration-test/target/test-dir/MiniOzoneClusterImpl-885fda24-0582-4ee7-b43d-362ebd6c8d83/datanode-4/data/ratis/ddfa6229-38ec-497d-b830-bce8c5633d7a/sm/snapshot.1_0 took: 2 ms
2023-01-26 20:32:50,698 [06f84c71-7643-49a3-8309-2de556f4fabe@group-BCE8C5633D7A-StateMachineUpdater] INFO  impl.StateMachineUpdater (StateMachineUpdater.java:takeSnapshot(287)) - 06f84c71-7643-49a3-8309-2de556f4fabe@group-BCE8C5633D7A-StateMachineUpdater: Took a snapshot at index 0
2023-01-26 20:32:50,698 [06f84c71-7643-49a3-8309-2de556f4fabe@group-BCE8C5633D7A-StateMachineUpdater] INFO  impl.StateMachineUpdater (StateMachineUpdater.java:lambda$new$0(92)) - 06f84c71-7643-49a3-8309-2de556f4fabe@group-BCE8C5633D7A-StateMachineUpdater: snapshotIndex: updateIncreasingly -1 -> 0
2023-01-26 20:32:50,698 [06f84c71-7643-49a3-8309-2de556f4fabe-impl-thread2] INFO  server.RaftServer$Division (ServerState.java:close(466)) - 06f84c71-7643-49a3-8309-2de556f4fabe@group-BCE8C5633D7A: closes. applyIndex: 0
2023-01-26 20:32:50,702 [06f84c71-7643-49a3-8309-2de556f4fabe@group-BCE8C5633D7A-SegmentedRaftLogWorker] INFO  segmented.SegmentedRaftLogWorker (SegmentedRaftLogWorker.java:run(347)) - 06f84c71-7643-49a3-8309-2de556f4fabe@group-BCE8C5633D7A-SegmentedRaftLogWorker was interrupted, exiting. There are 0 tasks remaining in the queue.
2023-01-26 20:32:50,703 [06f84c71-7643-49a3-8309-2de556f4fabe-impl-thread2] INFO  segmented.SegmentedRaftLogWorker (SegmentedRaftLogWorker.java:close(257)) - 06f84c71-7643-49a3-8309-2de556f4fabe@group-BCE8C5633D7A-SegmentedRaftLogWorker close()
2023-01-26 20:32:50,704 [ForkJoinPool.commonPool-worker-0] INFO  ozoneimpl.OzoneContainer (OzoneContainer.java:stop(421)) - Attempting to stop container services.
2023-01-26 20:32:50,705 [JvmPauseMonitor16] INFO  util.JvmPauseMonitor (JvmPauseMonitor.java:run(111)) - JvmPauseMonitor-06f84c71-7643-49a3-8309-2de556f4fabe: Stopped
2023-01-26 20:32:50,705 [ForkJoinPool.commonPool-worker-0] INFO  server.RaftServer (RaftServerProxy.java:lambda$close$6(409)) - a7887d3a-ac12-44f2-81f3-1f33b720a94f: close
2023-01-26 20:32:50,706 [a7887d3a-ac12-44f2-81f3-1f33b720a94f-impl-thread2] INFO  server.RaftServer$Division (RaftServerImpl.java:lambda$close$4(458)) - a7887d3a-ac12-44f2-81f3-1f33b720a94f@group-C034F83223F2: shutdown
2023-01-26 20:32:50,706 [a7887d3a-ac12-44f2-81f3-1f33b720a94f-impl-thread3] INFO  server.RaftServer$Division (RaftServerImpl.java:lambda$close$4(458)) - a7887d3a-ac12-44f2-81f3-1f33b720a94f@group-FD67D19C9032: shutdown
2023-01-26 20:32:50,706 [a7887d3a-ac12-44f2-81f3-1f33b720a94f-impl-thread2] INFO  util.JmxRegister (JmxRegister.java:unregister(73)) - Successfully un-registered JMX Bean with object name Ratis:service=RaftServer,group=group-C034F83223F2,id=a7887d3a-ac12-44f2-81f3-1f33b720a94f
2023-01-26 20:32:50,706 [a7887d3a-ac12-44f2-81f3-1f33b720a94f-impl-thread3] INFO  util.JmxRegister (JmxRegister.java:unregister(73)) - Successfully un-registered JMX Bean with object name Ratis:service=RaftServer,group=group-FD67D19C9032,id=a7887d3a-ac12-44f2-81f3-1f33b720a94f
2023-01-26 20:32:50,706 [a7887d3a-ac12-44f2-81f3-1f33b720a94f-impl-thread2] INFO  impl.RoleInfo (RoleInfo.java:shutdownLeaderState(93)) - a7887d3a-ac12-44f2-81f3-1f33b720a94f: shutdown a7887d3a-ac12-44f2-81f3-1f33b720a94f@group-C034F83223F2-LeaderStateImpl
2023-01-26 20:32:50,706 [a7887d3a-ac12-44f2-81f3-1f33b720a94f-impl-thread3] INFO  impl.RoleInfo (RoleInfo.java:shutdownFollowerState(110)) - a7887d3a-ac12-44f2-81f3-1f33b720a94f: shutdown a7887d3a-ac12-44f2-81f3-1f33b720a94f@group-FD67D19C9032-FollowerState
2023-01-26 20:32:50,706 [a7887d3a-ac12-44f2-81f3-1f33b720a94f-impl-thread4] INFO  server.RaftServer$Division (RaftServerImpl.java:lambda$close$4(458)) - a7887d3a-ac12-44f2-81f3-1f33b720a94f@group-1C34DF8C7ECE: shutdown
2023-01-26 20:32:50,707 [a7887d3a-ac12-44f2-81f3-1f33b720a94f@group-FD67D19C9032-FollowerState] INFO  impl.FollowerState (FollowerState.java:run(152)) - a7887d3a-ac12-44f2-81f3-1f33b720a94f@group-FD67D19C9032-FollowerState was interrupted
2023-01-26 20:32:50,706 [ForkJoinPool.commonPool-worker-0] INFO  server.GrpcService (GrpcService.java:closeImpl(271)) - a7887d3a-ac12-44f2-81f3-1f33b720a94f: shutdown server GrpcServerProtocolService now
2023-01-26 20:32:50,706 [a7887d3a-ac12-44f2-81f3-1f33b720a94f-impl-thread2] INFO  impl.PendingRequests (PendingRequests.java:sendNotLeaderResponses(282)) - a7887d3a-ac12-44f2-81f3-1f33b720a94f@group-C034F83223F2-PendingRequests: sendNotLeaderResponses
2023-01-26 20:32:50,707 [ForkJoinPool.commonPool-worker-0] INFO  server.GrpcServerProtocolClient (GrpcServerProtocolClient.java:close(101)) - 8116f3ad-43fd-49d6-b38b-c9c4aa8410ec Close channels
2023-01-26 20:32:50,707 [a7887d3a-ac12-44f2-81f3-1f33b720a94f-impl-thread4] INFO  util.JmxRegister (JmxRegister.java:unregister(73)) - Successfully un-registered JMX Bean with object name Ratis:service=RaftServer,group=group-1C34DF8C7ECE,id=a7887d3a-ac12-44f2-81f3-1f33b720a94f
2023-01-26 20:32:50,708 [a7887d3a-ac12-44f2-81f3-1f33b720a94f-impl-thread2] INFO  impl.StateMachineUpdater (StateMachineUpdater.java:stopAndJoin(153)) - a7887d3a-ac12-44f2-81f3-1f33b720a94f@group-C034F83223F2-StateMachineUpdater: set stopIndex = 0
2023-01-26 20:32:50,708 [a7887d3a-ac12-44f2-81f3-1f33b720a94f-impl-thread4] INFO  impl.RoleInfo (RoleInfo.java:shutdownFollowerState(110)) - a7887d3a-ac12-44f2-81f3-1f33b720a94f: shutdown a7887d3a-ac12-44f2-81f3-1f33b720a94f@group-1C34DF8C7ECE-FollowerState
2023-01-26 20:32:50,708 [a7887d3a-ac12-44f2-81f3-1f33b720a94f@group-C034F83223F2-StateMachineUpdater] INFO  ratis.ContainerStateMachine (ContainerStateMachine.java:takeSnapshot(308)) - group-C034F83223F2: Taking a snapshot at:(t:1, i:0) file /home/runner/work/ozone/ozone/hadoop-ozone/integration-test/target/test-dir/MiniOzoneClusterImpl-885fda24-0582-4ee7-b43d-362ebd6c8d83/datanode-0/data/ratis/50fd6092-f481-4a0f-91a7-c034f83223f2/sm/snapshot.1_0
2023-01-26 20:32:50,708 [a7887d3a-ac12-44f2-81f3-1f33b720a94f@group-1C34DF8C7ECE-FollowerState] INFO  impl.FollowerState (FollowerState.java:run(152)) - a7887d3a-ac12-44f2-81f3-1f33b720a94f@group-1C34DF8C7ECE-FollowerState was interrupted
2023-01-26 20:32:50,709 [a7887d3a-ac12-44f2-81f3-1f33b720a94f@group-FD67D19C9032-StateMachineUpdater] INFO  ratis.ContainerStateMachine (ContainerStateMachine.java:takeSnapshot(308)) - group-FD67D19C9032: Taking a snapshot at:(t:4, i:26) file /home/runner/work/ozone/ozone/hadoop-ozone/integration-test/target/test-dir/MiniOzoneClusterImpl-885fda24-0582-4ee7-b43d-362ebd6c8d83/datanode-0/data/ratis/d03096c2-cd98-4c1e-8990-fd67d19c9032/sm/snapshot.4_26
2023-01-26 20:32:50,709 [ForkJoinPool.commonPool-worker-0] INFO  server.GrpcServerProtocolClient (GrpcServerProtocolClient.java:close(101)) - 40d8d262-8836-439b-84c4-75233c3da079 Close channels
2023-01-26 20:32:50,709 [a7887d3a-ac12-44f2-81f3-1f33b720a94f-impl-thread3] INFO  impl.StateMachineUpdater (StateMachineUpdater.java:stopAndJoin(153)) - a7887d3a-ac12-44f2-81f3-1f33b720a94f@group-FD67D19C9032-StateMachineUpdater: set stopIndex = 26
2023-01-26 20:32:50,710 [a7887d3a-ac12-44f2-81f3-1f33b720a94f@group-FD67D19C9032-StateMachineUpdater] INFO  ratis.ContainerStateMachine (ContainerStateMachine.java:takeSnapshot(319)) - group-FD67D19C9032: Finished taking a snapshot at:(t:4, i:26) file:/home/runner/work/ozone/ozone/hadoop-ozone/integration-test/target/test-dir/MiniOzoneClusterImpl-885fda24-0582-4ee7-b43d-362ebd6c8d83/datanode-0/data/ratis/d03096c2-cd98-4c1e-8990-fd67d19c9032/sm/snapshot.4_26 took: 1 ms
2023-01-26 20:32:50,710 [a7887d3a-ac12-44f2-81f3-1f33b720a94f@group-FD67D19C9032-StateMachineUpdater] INFO  impl.StateMachineUpdater (StateMachineUpdater.java:takeSnapshot(287)) - a7887d3a-ac12-44f2-81f3-1f33b720a94f@group-FD67D19C9032-StateMachineUpdater: Took a snapshot at index 26
2023-01-26 20:32:50,710 [a7887d3a-ac12-44f2-81f3-1f33b720a94f@group-FD67D19C9032-StateMachineUpdater] INFO  impl.StateMachineUpdater (StateMachineUpdater.java:lambda$new$0(92)) - a7887d3a-ac12-44f2-81f3-1f33b720a94f@group-FD67D19C9032-StateMachineUpdater: snapshotIndex: updateIncreasingly -1 -> 26
2023-01-26 20:32:50,710 [ForkJoinPool.commonPool-worker-0] INFO  server.GrpcService (GrpcService.java:closeImpl(280)) - a7887d3a-ac12-44f2-81f3-1f33b720a94f: shutdown server GrpcServerProtocolService successfully
2023-01-26 20:32:50,710 [a7887d3a-ac12-44f2-81f3-1f33b720a94f-impl-thread4] INFO  impl.StateMachineUpdater (StateMachineUpdater.java:stopAndJoin(153)) - a7887d3a-ac12-44f2-81f3-1f33b720a94f@group-1C34DF8C7ECE-StateMachineUpdater: set stopIndex = 4
2023-01-26 20:32:50,710 [a7887d3a-ac12-44f2-81f3-1f33b720a94f@group-1C34DF8C7ECE-StateMachineUpdater] INFO  ratis.ContainerStateMachine (ContainerStateMachine.java:takeSnapshot(308)) - group-1C34DF8C7ECE: Taking a snapshot at:(t:7, i:4) file /home/runner/work/ozone/ozone/hadoop-ozone/integration-test/target/test-dir/MiniOzoneClusterImpl-885fda24-0582-4ee7-b43d-362ebd6c8d83/datanode-0/data/ratis/e3b6bf34-3df8-4ecd-af7e-1c34df8c7ece/sm/snapshot.7_4
2023-01-26 20:32:50,710 [a7887d3a-ac12-44f2-81f3-1f33b720a94f@group-C034F83223F2-StateMachineUpdater] INFO  ratis.ContainerStateMachine (ContainerStateMachine.java:takeSnapshot(319)) - group-C034F83223F2: Finished taking a snapshot at:(t:1, i:0) file:/home/runner/work/ozone/ozone/hadoop-ozone/integration-test/target/test-dir/MiniOzoneClusterImpl-885fda24-0582-4ee7-b43d-362ebd6c8d83/datanode-0/data/ratis/50fd6092-f481-4a0f-91a7-c034f83223f2/sm/snapshot.1_0 took: 2 ms
2023-01-26 20:32:50,711 [a7887d3a-ac12-44f2-81f3-1f33b720a94f-NettyServerStreamRpc-bossGroup--thread1] INFO  logging.LoggingHandler (AbstractInternalLogger.java:log(148)) - [id: 0x5e058633, L:/0:0:0:0:0:0:0:0:32943] CLOSE
2023-01-26 20:32:50,712 [a7887d3a-ac12-44f2-81f3-1f33b720a94f-NettyServerStreamRpc-bossGroup--thread1] INFO  logging.LoggingHandler (AbstractInternalLogger.java:log(148)) - [id: 0x5e058633, L:/0:0:0:0:0:0:0:0:32943] INACTIVE
2023-01-26 20:32:50,712 [a7887d3a-ac12-44f2-81f3-1f33b720a94f-NettyServerStreamRpc-bossGroup--thread1] INFO  logging.LoggingHandler (AbstractInternalLogger.java:log(148)) - [id: 0x5e058633, L:/0:0:0:0:0:0:0:0:32943] UNREGISTERED
2023-01-26 20:32:50,711 [a7887d3a-ac12-44f2-81f3-1f33b720a94f-impl-thread3] INFO  server.RaftServer$Division (ServerState.java:close(466)) - a7887d3a-ac12-44f2-81f3-1f33b720a94f@group-FD67D19C9032: closes. applyIndex: 26
2023-01-26 20:32:50,712 [a7887d3a-ac12-44f2-81f3-1f33b720a94f@group-1C34DF8C7ECE-StateMachineUpdater] INFO  ratis.ContainerStateMachine (ContainerStateMachine.java:takeSnapshot(319)) - group-1C34DF8C7ECE: Finished taking a snapshot at:(t:7, i:4) file:/home/runner/work/ozone/ozone/hadoop-ozone/integration-test/target/test-dir/MiniOzoneClusterImpl-885fda24-0582-4ee7-b43d-362ebd6c8d83/datanode-0/data/ratis/e3b6bf34-3df8-4ecd-af7e-1c34df8c7ece/sm/snapshot.7_4 took: 2 ms
2023-01-26 20:32:50,712 [a7887d3a-ac12-44f2-81f3-1f33b720a94f@group-C034F83223F2-StateMachineUpdater] INFO  impl.StateMachineUpdater (StateMachineUpdater.java:takeSnapshot(287)) - a7887d3a-ac12-44f2-81f3-1f33b720a94f@group-C034F83223F2-StateMachineUpdater: Took a snapshot at index 0
2023-01-26 20:32:50,713 [a7887d3a-ac12-44f2-81f3-1f33b720a94f@group-C034F83223F2-StateMachineUpdater] INFO  impl.StateMachineUpdater (StateMachineUpdater.java:lambda$new$0(92)) - a7887d3a-ac12-44f2-81f3-1f33b720a94f@group-C034F83223F2-StateMachineUpdater: snapshotIndex: updateIncreasingly -1 -> 0
2023-01-26 20:32:50,713 [a7887d3a-ac12-44f2-81f3-1f33b720a94f@group-1C34DF8C7ECE-StateMachineUpdater] INFO  impl.StateMachineUpdater (StateMachineUpdater.java:takeSnapshot(287)) - a7887d3a-ac12-44f2-81f3-1f33b720a94f@group-1C34DF8C7ECE-StateMachineUpdater: Took a snapshot at index 4
2023-01-26 20:32:50,713 [a7887d3a-ac12-44f2-81f3-1f33b720a94f@group-1C34DF8C7ECE-StateMachineUpdater] INFO  impl.StateMachineUpdater (StateMachineUpdater.java:lambda$new$0(92)) - a7887d3a-ac12-44f2-81f3-1f33b720a94f@group-1C34DF8C7ECE-StateMachineUpdater: snapshotIndex: updateIncreasingly -1 -> 4
2023-01-26 20:32:50,713 [a7887d3a-ac12-44f2-81f3-1f33b720a94f-impl-thread2] INFO  server.RaftServer$Division (ServerState.java:close(466)) - a7887d3a-ac12-44f2-81f3-1f33b720a94f@group-C034F83223F2: closes. applyIndex: 0
2023-01-26 20:32:50,713 [a7887d3a-ac12-44f2-81f3-1f33b720a94f@group-C034F83223F2-SegmentedRaftLogWorker] INFO  segmented.SegmentedRaftLogWorker (SegmentedRaftLogWorker.java:run(347)) - a7887d3a-ac12-44f2-81f3-1f33b720a94f@group-C034F83223F2-SegmentedRaftLogWorker was interrupted, exiting. There are 0 tasks remaining in the queue.
2023-01-26 20:32:50,713 [a7887d3a-ac12-44f2-81f3-1f33b720a94f-impl-thread2] INFO  segmented.SegmentedRaftLogWorker (SegmentedRaftLogWorker.java:close(257)) - a7887d3a-ac12-44f2-81f3-1f33b720a94f@group-C034F83223F2-SegmentedRaftLogWorker close()
2023-01-26 20:32:50,713 [a7887d3a-ac12-44f2-81f3-1f33b720a94f-impl-thread4] INFO  server.RaftServer$Division (ServerState.java:close(466)) - a7887d3a-ac12-44f2-81f3-1f33b720a94f@group-1C34DF8C7ECE: closes. applyIndex: 4
2023-01-26 20:32:50,714 [a7887d3a-ac12-44f2-81f3-1f33b720a94f@group-FD67D19C9032-SegmentedRaftLogWorker] INFO  segmented.SegmentedRaftLogWorker (SegmentedRaftLogWorker.java:run(347)) - a7887d3a-ac12-44f2-81f3-1f33b720a94f@group-FD67D19C9032-SegmentedRaftLogWorker was interrupted, exiting. There are 0 tasks remaining in the queue.
2023-01-26 20:32:50,714 [a7887d3a-ac12-44f2-81f3-1f33b720a94f-impl-thread3] INFO  segmented.SegmentedRaftLogWorker (SegmentedRaftLogWorker.java:close(257)) - a7887d3a-ac12-44f2-81f3-1f33b720a94f@group-FD67D19C9032-SegmentedRaftLogWorker close()
2023-01-26 20:32:50,714 [a7887d3a-ac12-44f2-81f3-1f33b720a94f@group-1C34DF8C7ECE-SegmentedRaftLogWorker] INFO  segmented.SegmentedRaftLogWorker (SegmentedRaftLogWorker.java:run(347)) - a7887d3a-ac12-44f2-81f3-1f33b720a94f@group-1C34DF8C7ECE-SegmentedRaftLogWorker was interrupted, exiting. There are 0 tasks remaining in the queue.
2023-01-26 20:32:50,715 [a7887d3a-ac12-44f2-81f3-1f33b720a94f-impl-thread4] INFO  segmented.SegmentedRaftLogWorker (SegmentedRaftLogWorker.java:close(257)) - a7887d3a-ac12-44f2-81f3-1f33b720a94f@group-1C34DF8C7ECE-SegmentedRaftLogWorker close()
2023-01-26 20:32:50,721 [JvmPauseMonitor12] INFO  util.JvmPauseMonitor (JvmPauseMonitor.java:run(111)) - JvmPauseMonitor-a7887d3a-ac12-44f2-81f3-1f33b720a94f: Stopped
2023-01-26 20:32:52,709 [Listener at 127.0.0.1/38041] INFO  volume.HddsVolume (HddsVolume.java:closeDbStore(338)) - SchemaV3 db is stopped at /home/runner/work/ozone/ozone/hadoop-ozone/integration-test/target/test-dir/MiniOzoneClusterImpl-885fda24-0582-4ee7-b43d-362ebd6c8d83/datanode-4/data-0/containers/hdds/885fda24-0582-4ee7-b43d-362ebd6c8d83/DS-1126a608-a00e-456b-bb38-4d762bff65c5/container.db for volume DS-1126a608-a00e-456b-bb38-4d762bff65c5
2023-01-26 20:32:52,709 [Listener at 127.0.0.1/38041] INFO  utils.BackgroundService (BackgroundService.java:shutdown(141)) - Shutting down service BlockDeletingService
2023-01-26 20:32:52,710 [Listener at 127.0.0.1/38041] INFO  utils.BackgroundService (BackgroundService.java:shutdown(141)) - Shutting down service StaleRecoveringContainerScrubbingService
2023-01-26 20:32:52,715 [Listener at 127.0.0.1/38041] INFO  statemachine.DatanodeStateMachine (DatanodeStateMachine.java:stopDaemon(603)) - Ozone container server stopped.
2023-01-26 20:32:52,723 [Listener at 127.0.0.1/38041] INFO  handler.ContextHandler (ContextHandler.java:doStop(1159)) - Stopped o.e.j.w.WebAppContext@162452be{hddsDatanode,/,null,STOPPED}{jar:file:/home/runner/.m2/repository/org/apache/ozone/hdds-container-service/1.4.0-SNAPSHOT/hdds-container-service-1.4.0-SNAPSHOT.jar!/webapps/hddsDatanode}
2023-01-26 20:32:52,724 [Listener at 127.0.0.1/38041] INFO  server.AbstractConnector (AbstractConnector.java:doStop(383)) - Stopped ServerConnector@447c499f{HTTP/1.1, (http/1.1)}{0.0.0.0:0}
2023-01-26 20:32:52,726 [ForkJoinPool.commonPool-worker-0] INFO  volume.HddsVolume (HddsVolume.java:closeDbStore(338)) - SchemaV3 db is stopped at /home/runner/work/ozone/ozone/hadoop-ozone/integration-test/target/test-dir/MiniOzoneClusterImpl-885fda24-0582-4ee7-b43d-362ebd6c8d83/datanode-0/data-0/containers/hdds/885fda24-0582-4ee7-b43d-362ebd6c8d83/DS-4bbb9a03-36b0-4dbe-9afc-4c4956ed94f3/container.db for volume DS-4bbb9a03-36b0-4dbe-9afc-4c4956ed94f3
2023-01-26 20:32:52,726 [Listener at 127.0.0.1/38041] INFO  server.session (HouseKeeper.java:stopScavenging(149)) - node0 Stopped scavenging
2023-01-26 20:32:52,731 [ForkJoinPool.commonPool-worker-0] INFO  utils.BackgroundService (BackgroundService.java:shutdown(141)) - Shutting down service BlockDeletingService
2023-01-26 20:32:52,731 [Listener at 127.0.0.1/38041] INFO  handler.ContextHandler (ContextHandler.java:doStop(1159)) - Stopped o.e.j.s.ServletContextHandler@476e1a47{static,/static,jar:file:/home/runner/.m2/repository/org/apache/ozone/hdds-container-service/1.4.0-SNAPSHOT/hdds-container-service-1.4.0-SNAPSHOT.jar!/webapps/static,STOPPED}
2023-01-26 20:32:52,731 [ForkJoinPool.commonPool-worker-0] INFO  utils.BackgroundService (BackgroundService.java:shutdown(141)) - Shutting down service StaleRecoveringContainerScrubbingService
2023-01-26 20:32:52,731 [Listener at 127.0.0.1/38041] INFO  handler.ContextHandler (ContextHandler.java:doStop(1159)) - Stopped o.e.j.s.ServletContextHandler@3ca91e4f{logs,/logs,file:///home/runner/work/ozone/ozone/hadoop-ozone/integration-test/target/log,STOPPED}
2023-01-26 20:32:52,734 [ForkJoinPool.commonPool-worker-0] INFO  statemachine.DatanodeStateMachine (DatanodeStateMachine.java:stopDaemon(603)) - Ozone container server stopped.
2023-01-26 20:32:52,738 [Listener at 127.0.0.1/38041] INFO  ozoneimpl.OzoneContainer (OzoneContainer.java:stop(421)) - Attempting to stop container services.
2023-01-26 20:32:52,740 [Listener at 127.0.0.1/38041] INFO  server.RaftServer (RaftServerProxy.java:lambda$close$6(409)) - 33f1eb0e-c0cf-45d4-92c4-46358a3181ac: close
2023-01-26 20:32:52,740 [Listener at 127.0.0.1/38041] INFO  server.GrpcService (GrpcService.java:closeImpl(271)) - 33f1eb0e-c0cf-45d4-92c4-46358a3181ac: shutdown server GrpcServerProtocolService now
2023-01-26 20:32:52,741 [Listener at 127.0.0.1/38041] INFO  server.GrpcService (GrpcService.java:closeImpl(280)) - 33f1eb0e-c0cf-45d4-92c4-46358a3181ac: shutdown server GrpcServerProtocolService successfully
2023-01-26 20:32:52,741 [33f1eb0e-c0cf-45d4-92c4-46358a3181ac-NettyServerStreamRpc-bossGroup--thread1] INFO  logging.LoggingHandler (AbstractInternalLogger.java:log(148)) - [id: 0x82920a78, L:/0:0:0:0:0:0:0:0:33379] CLOSE
2023-01-26 20:32:52,741 [33f1eb0e-c0cf-45d4-92c4-46358a3181ac-NettyServerStreamRpc-bossGroup--thread1] INFO  logging.LoggingHandler (AbstractInternalLogger.java:log(148)) - [id: 0x82920a78, L:/0:0:0:0:0:0:0:0:33379] INACTIVE
2023-01-26 20:32:52,741 [33f1eb0e-c0cf-45d4-92c4-46358a3181ac-NettyServerStreamRpc-bossGroup--thread1] INFO  logging.LoggingHandler (AbstractInternalLogger.java:log(148)) - [id: 0x82920a78, L:/0:0:0:0:0:0:0:0:33379] UNREGISTERED
2023-01-26 20:32:52,742 [33f1eb0e-c0cf-45d4-92c4-46358a3181ac-impl-thread2] INFO  server.RaftServer$Division (RaftServerImpl.java:lambda$close$4(458)) - 33f1eb0e-c0cf-45d4-92c4-46358a3181ac@group-3A0B5CB8EDAF: shutdown
2023-01-26 20:32:52,742 [33f1eb0e-c0cf-45d4-92c4-46358a3181ac-impl-thread2] INFO  util.JmxRegister (JmxRegister.java:unregister(73)) - Successfully un-registered JMX Bean with object name Ratis:service=RaftServer,group=group-3A0B5CB8EDAF,id=33f1eb0e-c0cf-45d4-92c4-46358a3181ac
2023-01-26 20:32:52,742 [33f1eb0e-c0cf-45d4-92c4-46358a3181ac-impl-thread2] INFO  impl.RoleInfo (RoleInfo.java:shutdownLeaderState(93)) - 33f1eb0e-c0cf-45d4-92c4-46358a3181ac: shutdown 33f1eb0e-c0cf-45d4-92c4-46358a3181ac@group-3A0B5CB8EDAF-LeaderStateImpl
2023-01-26 20:32:52,742 [33f1eb0e-c0cf-45d4-92c4-46358a3181ac-impl-thread2] INFO  impl.PendingRequests (PendingRequests.java:sendNotLeaderResponses(282)) - 33f1eb0e-c0cf-45d4-92c4-46358a3181ac@group-3A0B5CB8EDAF-PendingRequests: sendNotLeaderResponses
2023-01-26 20:32:52,742 [33f1eb0e-c0cf-45d4-92c4-46358a3181ac-impl-thread2] INFO  impl.StateMachineUpdater (StateMachineUpdater.java:stopAndJoin(153)) - 33f1eb0e-c0cf-45d4-92c4-46358a3181ac@group-3A0B5CB8EDAF-StateMachineUpdater: set stopIndex = 0
2023-01-26 20:32:52,744 [33f1eb0e-c0cf-45d4-92c4-46358a3181ac@group-3A0B5CB8EDAF-StateMachineUpdater] INFO  ratis.ContainerStateMachine (ContainerStateMachine.java:takeSnapshot(308)) - group-3A0B5CB8EDAF: Taking a snapshot at:(t:1, i:0) file /home/runner/work/ozone/ozone/hadoop-ozone/integration-test/target/test-dir/MiniOzoneClusterImpl-885fda24-0582-4ee7-b43d-362ebd6c8d83/datanode-3/data/ratis/8b38595d-7124-4dc6-b4af-3a0b5cb8edaf/sm/snapshot.1_0
2023-01-26 20:32:52,745 [33f1eb0e-c0cf-45d4-92c4-46358a3181ac@group-3A0B5CB8EDAF-StateMachineUpdater] INFO  ratis.ContainerStateMachine (ContainerStateMachine.java:takeSnapshot(319)) - group-3A0B5CB8EDAF: Finished taking a snapshot at:(t:1, i:0) file:/home/runner/work/ozone/ozone/hadoop-ozone/integration-test/target/test-dir/MiniOzoneClusterImpl-885fda24-0582-4ee7-b43d-362ebd6c8d83/datanode-3/data/ratis/8b38595d-7124-4dc6-b4af-3a0b5cb8edaf/sm/snapshot.1_0 took: 2 ms
2023-01-26 20:32:52,746 [33f1eb0e-c0cf-45d4-92c4-46358a3181ac@group-3A0B5CB8EDAF-StateMachineUpdater] INFO  impl.StateMachineUpdater (StateMachineUpdater.java:takeSnapshot(287)) - 33f1eb0e-c0cf-45d4-92c4-46358a3181ac@group-3A0B5CB8EDAF-StateMachineUpdater: Took a snapshot at index 0
2023-01-26 20:32:52,746 [33f1eb0e-c0cf-45d4-92c4-46358a3181ac@group-3A0B5CB8EDAF-StateMachineUpdater] INFO  impl.StateMachineUpdater (StateMachineUpdater.java:lambda$new$0(92)) - 33f1eb0e-c0cf-45d4-92c4-46358a3181ac@group-3A0B5CB8EDAF-StateMachineUpdater: snapshotIndex: updateIncreasingly -1 -> 0
2023-01-26 20:32:52,746 [33f1eb0e-c0cf-45d4-92c4-46358a3181ac-impl-thread2] INFO  server.RaftServer$Division (ServerState.java:close(466)) - 33f1eb0e-c0cf-45d4-92c4-46358a3181ac@group-3A0B5CB8EDAF: closes. applyIndex: 0
2023-01-26 20:32:52,749 [ForkJoinPool.commonPool-worker-0] INFO  handler.ContextHandler (ContextHandler.java:doStop(1159)) - Stopped o.e.j.w.WebAppContext@5c66a6ea{hddsDatanode,/,null,STOPPED}{jar:file:/home/runner/.m2/repository/org/apache/ozone/hdds-container-service/1.4.0-SNAPSHOT/hdds-container-service-1.4.0-SNAPSHOT.jar!/webapps/hddsDatanode}
2023-01-26 20:32:52,751 [33f1eb0e-c0cf-45d4-92c4-46358a3181ac@group-3A0B5CB8EDAF-SegmentedRaftLogWorker] INFO  segmented.SegmentedRaftLogWorker (SegmentedRaftLogWorker.java:run(347)) - 33f1eb0e-c0cf-45d4-92c4-46358a3181ac@group-3A0B5CB8EDAF-SegmentedRaftLogWorker was interrupted, exiting. There are 0 tasks remaining in the queue.
2023-01-26 20:32:52,751 [33f1eb0e-c0cf-45d4-92c4-46358a3181ac-impl-thread2] INFO  segmented.SegmentedRaftLogWorker (SegmentedRaftLogWorker.java:close(257)) - 33f1eb0e-c0cf-45d4-92c4-46358a3181ac@group-3A0B5CB8EDAF-SegmentedRaftLogWorker close()
2023-01-26 20:32:52,751 [ForkJoinPool.commonPool-worker-0] INFO  server.AbstractConnector (AbstractConnector.java:doStop(383)) - Stopped ServerConnector@454d9404{HTTP/1.1, (http/1.1)}{0.0.0.0:0}
2023-01-26 20:32:52,752 [ForkJoinPool.commonPool-worker-0] INFO  server.session (HouseKeeper.java:stopScavenging(149)) - node0 Stopped scavenging
2023-01-26 20:32:52,757 [ForkJoinPool.commonPool-worker-0] INFO  handler.ContextHandler (ContextHandler.java:doStop(1159)) - Stopped o.e.j.s.ServletContextHandler@6340fdce{static,/static,jar:file:/home/runner/.m2/repository/org/apache/ozone/hdds-container-service/1.4.0-SNAPSHOT/hdds-container-service-1.4.0-SNAPSHOT.jar!/webapps/static,STOPPED}
2023-01-26 20:32:52,757 [ForkJoinPool.commonPool-worker-0] INFO  handler.ContextHandler (ContextHandler.java:doStop(1159)) - Stopped o.e.j.s.ServletContextHandler@7717f16c{logs,/logs,file:///home/runner/work/ozone/ozone/hadoop-ozone/integration-test/target/log,STOPPED}
2023-01-26 20:32:52,758 [JvmPauseMonitor15] INFO  util.JvmPauseMonitor (JvmPauseMonitor.java:run(111)) - JvmPauseMonitor-33f1eb0e-c0cf-45d4-92c4-46358a3181ac: Stopped
2023-01-26 20:32:54,761 [Listener at 127.0.0.1/38041] INFO  volume.HddsVolume (HddsVolume.java:closeDbStore(338)) - SchemaV3 db is stopped at /home/runner/work/ozone/ozone/hadoop-ozone/integration-test/target/test-dir/MiniOzoneClusterImpl-885fda24-0582-4ee7-b43d-362ebd6c8d83/datanode-3/data-0/containers/hdds/885fda24-0582-4ee7-b43d-362ebd6c8d83/DS-0b23353c-ee8b-4d23-b916-42ab07f83097/container.db for volume DS-0b23353c-ee8b-4d23-b916-42ab07f83097
2023-01-26 20:32:54,762 [Listener at 127.0.0.1/38041] INFO  utils.BackgroundService (BackgroundService.java:shutdown(141)) - Shutting down service BlockDeletingService
2023-01-26 20:32:54,762 [Listener at 127.0.0.1/38041] INFO  utils.BackgroundService (BackgroundService.java:shutdown(141)) - Shutting down service StaleRecoveringContainerScrubbingService
2023-01-26 20:32:54,765 [Listener at 127.0.0.1/38041] INFO  statemachine.DatanodeStateMachine (DatanodeStateMachine.java:stopDaemon(603)) - Ozone container server stopped.
2023-01-26 20:32:54,773 [Listener at 127.0.0.1/38041] INFO  handler.ContextHandler (ContextHandler.java:doStop(1159)) - Stopped o.e.j.w.WebAppContext@9c38872{hddsDatanode,/,null,STOPPED}{jar:file:/home/runner/.m2/repository/org/apache/ozone/hdds-container-service/1.4.0-SNAPSHOT/hdds-container-service-1.4.0-SNAPSHOT.jar!/webapps/hddsDatanode}
2023-01-26 20:32:54,774 [Listener at 127.0.0.1/38041] INFO  server.AbstractConnector (AbstractConnector.java:doStop(383)) - Stopped ServerConnector@6a0ab4cc{HTTP/1.1, (http/1.1)}{0.0.0.0:0}
2023-01-26 20:32:54,774 [Listener at 127.0.0.1/38041] INFO  server.session (HouseKeeper.java:stopScavenging(149)) - node0 Stopped scavenging
2023-01-26 20:32:54,774 [Listener at 127.0.0.1/38041] INFO  handler.ContextHandler (ContextHandler.java:doStop(1159)) - Stopped o.e.j.s.ServletContextHandler@6a46e297{static,/static,jar:file:/home/runner/.m2/repository/org/apache/ozone/hdds-container-service/1.4.0-SNAPSHOT/hdds-container-service-1.4.0-SNAPSHOT.jar!/webapps/static,STOPPED}
2023-01-26 20:32:54,774 [Listener at 127.0.0.1/38041] INFO  handler.ContextHandler (ContextHandler.java:doStop(1159)) - Stopped o.e.j.s.ServletContextHandler@7e69228d{logs,/logs,file:///home/runner/work/ozone/ozone/hadoop-ozone/integration-test/target/log,STOPPED}
2023-01-26 20:32:54,775 [Listener at 127.0.0.1/38041] INFO  ozone.MiniOzoneClusterImpl (MiniOzoneClusterImpl.java:stopSCM(539)) - Stopping the StorageContainerManager
2023-01-26 20:32:54,775 [Listener at 127.0.0.1/38041] INFO  server.StorageContainerManager (StorageContainerManager.java:stop(1535)) - Container Balancer is not running.
2023-01-26 20:32:54,776 [Listener at 127.0.0.1/38041] INFO  server.StorageContainerManager (StorageContainerManager.java:stop(1542)) - Stopping Replication Manager Service.
2023-01-26 20:32:54,776 [Listener at 127.0.0.1/38041] INFO  replication.ReplicationManager (ReplicationManager.java:stop(294)) - Stopping Replication Monitor Thread.
2023-01-26 20:32:54,776 [Under Replicated Processor] WARN  replication.UnhealthyReplicationProcessor (UnhealthyReplicationProcessor.java:run(142)) - Under Replicated Processor interrupted. Exiting...
2023-01-26 20:32:54,776 [Listener at 127.0.0.1/38041] INFO  server.StorageContainerManager (StorageContainerManager.java:stop(1549)) - Stopping the Datanode Admin Monitor.
2023-01-26 20:32:54,776 [ReplicationMonitor] INFO  replication.ReplicationManager (ReplicationManager.java:run(671)) - Replication Monitor Thread is stopped
2023-01-26 20:32:54,776 [Listener at 127.0.0.1/38041] INFO  server.StorageContainerManager (StorageContainerManager.java:stop(1556)) - Stopping datanode service RPC server
2023-01-26 20:32:54,776 [Over Replicated Processor] WARN  replication.UnhealthyReplicationProcessor (UnhealthyReplicationProcessor.java:run(142)) - Over Replicated Processor interrupted. Exiting...
2023-01-26 20:32:54,776 [Listener at 127.0.0.1/38041] INFO  server.SCMDatanodeProtocolServer (SCMDatanodeProtocolServer.java:stop(441)) - Stopping the RPC server for DataNodes
2023-01-26 20:32:54,776 [Listener at 127.0.0.1/38041] INFO  ipc.Server (Server.java:stop(3428)) - Stopping server on 46501
2023-01-26 20:32:54,778 [IPC Server listener on 0] INFO  ipc.Server (Server.java:run(1384)) - Stopping IPC Server listener on 0
2023-01-26 20:32:54,781 [IPC Server Responder] INFO  ipc.Server (Server.java:run(1517)) - Stopping IPC Server Responder
2023-01-26 20:32:54,794 [SCM Heartbeat Processing Thread - 0] WARN  node.NodeStateManager (NodeStateManager.java:scheduleNextHealthCheck(870)) - Current Thread is interrupted, shutting down HB processing thread for Node Manager.
2023-01-26 20:32:54,794 [Listener at 127.0.0.1/38041] INFO  server.StorageContainerManager (StorageContainerManager.java:stop(1564)) - Stopping block service RPC server
2023-01-26 20:32:54,794 [Listener at 127.0.0.1/38041] INFO  server.SCMBlockProtocolServer (SCMBlockProtocolServer.java:stop(161)) - Stopping the RPC server for Block Protocol
2023-01-26 20:32:54,794 [Listener at 127.0.0.1/38041] INFO  ipc.Server (Server.java:stop(3428)) - Stopping server on 35479
2023-01-26 20:32:54,796 [IPC Server listener on 0] INFO  ipc.Server (Server.java:run(1384)) - Stopping IPC Server listener on 0
2023-01-26 20:32:54,797 [IPC Server Responder] INFO  ipc.Server (Server.java:run(1517)) - Stopping IPC Server Responder
2023-01-26 20:32:54,797 [Listener at 127.0.0.1/38041] INFO  server.StorageContainerManager (StorageContainerManager.java:stop(1571)) - Stopping the StorageContainerLocationProtocol RPC server
2023-01-26 20:32:54,797 [Listener at 127.0.0.1/38041] INFO  server.SCMClientProtocolServer (SCMClientProtocolServer.java:stop(179)) - Stopping the RPC server for Client Protocol
2023-01-26 20:32:54,798 [Listener at 127.0.0.1/38041] INFO  ipc.Server (Server.java:stop(3428)) - Stopping server on 39891
2023-01-26 20:32:54,801 [IPC Server listener on 0] INFO  ipc.Server (Server.java:run(1384)) - Stopping IPC Server listener on 0
2023-01-26 20:32:54,801 [IPC Server Responder] INFO  ipc.Server (Server.java:run(1517)) - Stopping IPC Server Responder
2023-01-26 20:32:54,803 [Listener at 127.0.0.1/38041] INFO  server.StorageContainerManager (StorageContainerManager.java:stop(1578)) - Stopping Storage Container Manager HTTP server.
2023-01-26 20:32:54,804 [Listener at 127.0.0.1/38041] INFO  handler.ContextHandler (ContextHandler.java:doStop(1159)) - Stopped o.e.j.w.WebAppContext@71ee8e35{scm,/,null,STOPPED}{file:/home/runner/work/ozone/ozone/hadoop-ozone/integration-test/target/test-classes/webapps/scm}
2023-01-26 20:32:54,804 [Listener at 127.0.0.1/38041] INFO  server.AbstractConnector (AbstractConnector.java:doStop(383)) - Stopped ServerConnector@23f054a6{HTTP/1.1, (http/1.1)}{0.0.0.0:0}
2023-01-26 20:32:54,805 [Listener at 127.0.0.1/38041] INFO  server.session (HouseKeeper.java:stopScavenging(149)) - node0 Stopped scavenging
2023-01-26 20:32:54,805 [Listener at 127.0.0.1/38041] INFO  handler.ContextHandler (ContextHandler.java:doStop(1159)) - Stopped o.e.j.s.ServletContextHandler@6030fd3e{static,/static,file:///home/runner/work/ozone/ozone/hadoop-ozone/integration-test/target/test-classes/webapps/static,STOPPED}
2023-01-26 20:32:54,805 [Listener at 127.0.0.1/38041] INFO  handler.ContextHandler (ContextHandler.java:doStop(1159)) - Stopped o.e.j.s.ServletContextHandler@423d5c81{logs,/logs,file:///home/runner/work/ozone/ozone/hadoop-ozone/integration-test/target/log,STOPPED}
2023-01-26 20:32:54,807 [Listener at 127.0.0.1/38041] INFO  server.StorageContainerManager (StorageContainerManager.java:stop(1584)) - Stopping SCM LayoutVersionManager Service.
2023-01-26 20:32:54,807 [Listener at 127.0.0.1/38041] INFO  server.StorageContainerManager (StorageContainerManager.java:stop(1592)) - Stopping Block Manager Service.
2023-01-26 20:32:54,807 [Listener at 127.0.0.1/38041] INFO  utils.BackgroundService (BackgroundService.java:shutdown(141)) - Shutting down service SCMBlockDeletingService
2023-01-26 20:32:54,807 [Listener at 127.0.0.1/38041] INFO  utils.BackgroundService (BackgroundService.java:shutdown(141)) - Shutting down service SCMBlockDeletingService
2023-01-26 20:32:54,807 [Listener at 127.0.0.1/38041] INFO  server.StorageContainerManager (StorageContainerManager.java:stop(1614)) - Stopping SCM Event Queue.
2023-01-26 20:32:54,809 [Listener at 127.0.0.1/38041] INFO  server.StorageContainerManager (StorageContainerManager.java:stop(1625)) - Stopping SCM HA services.
2023-01-26 20:32:54,809 [Listener at 127.0.0.1/38041] INFO  pipeline.BackgroundPipelineCreator (BackgroundPipelineCreator.java:stop(149)) - Stopping RatisPipelineUtilsThread.
2023-01-26 20:32:54,810 [RatisPipelineUtilsThread - 0] WARN  pipeline.BackgroundPipelineCreator (BackgroundPipelineCreator.java:run(180)) - RatisPipelineUtilsThread is interrupted.
2023-01-26 20:32:54,810 [BackgroundPipelineScrubberThread] WARN  BackgroundPipelineScrubber (BackgroundSCMService.java:run(115)) - BackgroundPipelineScrubber is interrupted, exit
2023-01-26 20:32:54,810 [Listener at 127.0.0.1/38041] INFO  BackgroundPipelineScrubber (BackgroundSCMService.java:stop(131)) - Stopping BackgroundPipelineScrubber Service.
2023-01-26 20:32:54,810 [Listener at 127.0.0.1/38041] INFO  impl.MetricsSystemImpl (MetricsSystemImpl.java:stop(210)) - Stopping HddsDatanode metrics system...
2023-01-26 20:32:54,814 [prometheus] INFO  impl.MetricsSinkAdapter (MetricsSinkAdapter.java:publishMetricsFromQueue(141)) - prometheus thread interrupted.
2023-01-26 20:32:54,814 [Listener at 127.0.0.1/38041] INFO  impl.MetricsSystemImpl (MetricsSystemImpl.java:stop(216)) - HddsDatanode metrics system stopped.
2023-01-26 20:32:54,815 [Listener at 127.0.0.1/38041] WARN  pipeline.BackgroundPipelineCreator (BackgroundPipelineCreator.java:stop(145)) - RatisPipelineUtilsThread is not running, just ignore.
2023-01-26 20:32:54,815 [Listener at 127.0.0.1/38041] INFO  BackgroundPipelineScrubber (BackgroundSCMService.java:stop(126)) - BackgroundPipelineScrubber Service is not running, skip stop.
2023-01-26 20:32:54,815 [ExpiredContainerReplicaOpScrubberThread] WARN  ExpiredContainerReplicaOpScrubber (BackgroundSCMService.java:run(115)) - ExpiredContainerReplicaOpScrubber is interrupted, exit
2023-01-26 20:32:54,815 [Listener at 127.0.0.1/38041] INFO  ExpiredContainerReplicaOpScrubber (BackgroundSCMService.java:stop(131)) - Stopping ExpiredContainerReplicaOpScrubber Service.
2023-01-26 20:32:54,815 [Listener at 127.0.0.1/38041] INFO  utils.BackgroundService (BackgroundService.java:shutdown(141)) - Shutting down service SCMBlockDeletingService
2023-01-26 20:32:54,815 [Listener at 127.0.0.1/38041] INFO  replication.ReplicationManager (ReplicationManager.java:stop(302)) - Replication Monitor Thread is not running.
2023-01-26 20:32:54,815 [Listener at 127.0.0.1/38041] WARN  balancer.ContainerBalancer (ContainerBalancer.java:stop(322)) - Cannot stop Container Balancer because it's not running or stopping
2023-01-26 20:32:54,815 [Listener at 127.0.0.1/38041] INFO  server.StorageContainerManager (StorageContainerManager.java:stop(1643)) - Stopping SCM MetadataStore.
2023-01-26 20:32:54,881 [Listener at 127.0.0.1/38041] WARN  server.ServerUtils (ServerUtils.java:getScmDbDir(148)) - ozone.scm.db.dirs is not configured. We recommend adding this setting. Falling back to ozone.metadata.dirs instead.
2023-01-26 20:32:54,885 [Listener at 127.0.0.1/38041] WARN  server.ServerUtils (ServerUtils.java:getScmDbDir(148)) - ozone.scm.db.dirs is not configured. We recommend adding this setting. Falling back to ozone.metadata.dirs instead.
2023-01-26 20:32:54,886 [Listener at 127.0.0.1/38041] INFO  ha.SCMHANodeDetails (SCMHANodeDetails.java:loadSCMHAConfig(209)) - ServiceID for StorageContainerManager is null
2023-01-26 20:32:54,886 [Listener at 127.0.0.1/38041] INFO  ha.SCMHANodeDetails (SCMHANodeDetails.java:loadSCMHAConfig(214)) - ozone.scm.default.service.id is not defined, falling back to ozone.scm.service.ids to find serviceID for StorageContainerManager if it is HA enabled cluster
2023-01-26 20:32:54,886 [Listener at 127.0.0.1/38041] WARN  utils.HAUtils (HAUtils.java:getMetaDir(342)) - ozone.scm.db.dirs is not configured. We recommend adding this setting. Falling back to ozone.metadata.dirs instead.
2023-01-26 20:32:54,887 [Listener at 127.0.0.1/38041] WARN  db.DBStoreBuilder (DBStoreBuilder.java:applyDBDefinition(144)) - ozone.scm.db.dirs is not configured. We recommend adding this setting. Falling back to ozone.metadata.dirs instead.
2023-01-26 20:32:54,984 [Listener at 127.0.0.1/38041] INFO  net.NodeSchemaLoader (NodeSchemaLoader.java:loadSchemaFromFile(129)) - Loading schema from [jar:file:/home/runner/.m2/repository/org/apache/ozone/hdds-common/1.4.0-SNAPSHOT/hdds-common-1.4.0-SNAPSHOT.jar!/network-topology-default.xml]
2023-01-26 20:32:54,984 [Listener at 127.0.0.1/38041] INFO  net.NodeSchemaLoader (NodeSchemaLoader.java:loadSchema(176)) - Loading network topology layer schema file
2023-01-26 20:32:54,987 [Listener at 127.0.0.1/38041] INFO  upgrade.AbstractLayoutVersionManager (AbstractLayoutVersionManager.java:init(83)) - Initializing Layout version manager with metadata layout = DATANODE_SCHEMA_V3 (version = 4), software layout = DATANODE_SCHEMA_V3 (version = 4)
2023-01-26 20:32:55,029 [Listener at 127.0.0.1/38041] INFO  reflections.Reflections (Reflections.java:scan(232)) - Reflections took 41 ms to scan 7 urls, producing 148 keys and 356 values 
2023-01-26 20:32:55,030 [Listener at 127.0.0.1/38041] INFO  ha.SequenceIdGenerator (SequenceIdGenerator.java:upgradeToSequenceId(349)) - upgrade localId to 111677748019200000
2023-01-26 20:32:55,031 [Listener at 127.0.0.1/38041] INFO  ha.SequenceIdGenerator (SequenceIdGenerator.java:upgradeToSequenceId(359)) - upgrade delTxnId to 0
2023-01-26 20:32:55,031 [Listener at 127.0.0.1/38041] INFO  ha.SequenceIdGenerator (SequenceIdGenerator.java:upgradeToSequenceId(376)) - upgrade containerId to 0
2023-01-26 20:32:55,031 [Listener at 127.0.0.1/38041] INFO  ha.SequenceIdGenerator (SequenceIdGenerator.java:<init>(220)) - Init the HA SequenceIdGenerator.
2023-01-26 20:32:55,031 [Listener at 127.0.0.1/38041] WARN  server.ServerUtils (ServerUtils.java:sanitizeUserArgs(73)) - ozone.scm.stale.node.interval value = 300000 is larger than max = 100000 based on the key value of ozone.scm.heartbeat.thread.interval, reset to the max value 100000.
2023-01-26 20:32:55,031 [Listener at 127.0.0.1/38041] WARN  server.ServerUtils (ServerUtils.java:sanitizeUserArgs(73)) - ozone.scm.stale.node.interval value = 300000 is larger than max = 100000 based on the key value of ozone.scm.heartbeat.thread.interval, reset to the max value 100000.
2023-01-26 20:32:55,032 [Listener at 127.0.0.1/38041] INFO  node.SCMNodeManager (SCMNodeManager.java:<init>(149)) - Entering startup safe mode.
2023-01-26 20:32:55,032 [Listener at 127.0.0.1/38041] INFO  algorithms.ContainerPlacementPolicyFactory (ContainerPlacementPolicyFactory.java:getPolicyInternal(86)) - Create container placement policy of type org.apache.hadoop.hdds.scm.container.placement.algorithms.SCMContainerPlacementRandom
2023-01-26 20:32:55,033 [Listener at 127.0.0.1/38041] INFO  algorithms.ContainerPlacementPolicyFactory (ContainerPlacementPolicyFactory.java:getPolicyInternal(86)) - Create container placement policy of type org.apache.hadoop.hdds.scm.container.placement.algorithms.SCMContainerPlacementRackScatter
2023-01-26 20:32:55,033 [Listener at 127.0.0.1/38041] INFO  pipeline.PipelineStateManagerImpl (PipelineStateManagerImpl.java:initialize(78)) - No pipeline exists in current db
2023-01-26 20:32:55,033 [Listener at 127.0.0.1/38041] INFO  algorithms.LeaderChoosePolicyFactory (LeaderChoosePolicyFactory.java:getPolicy(57)) - Create leader choose policy of type org.apache.hadoop.hdds.scm.pipeline.leader.choose.algorithms.MinLeaderCountChoosePolicy
2023-01-26 20:32:55,033 [Listener at 127.0.0.1/38041] INFO  algorithms.ContainerPlacementPolicyFactory (ContainerPlacementPolicyFactory.java:getPolicyInternal(86)) - Create container placement policy of type org.apache.hadoop.hdds.scm.container.placement.algorithms.SCMContainerPlacementRackScatter
2023-01-26 20:32:55,034 [Listener at 127.0.0.1/38041] INFO  ha.SCMServiceManager (SCMServiceManager.java:register(42)) - Registering service BackgroundPipelineCreator.
2023-01-26 20:32:55,034 [Listener at 127.0.0.1/38041] INFO  pipeline.BackgroundPipelineCreator (BackgroundPipelineCreator.java:start(124)) - Starting RatisPipelineUtilsThread.
2023-01-26 20:32:55,034 [Listener at 127.0.0.1/38041] INFO  BackgroundPipelineScrubber (BackgroundSCMService.java:start(68)) - Starting BackgroundPipelineScrubber Service.
2023-01-26 20:32:55,035 [Listener at 127.0.0.1/38041] INFO  ha.SCMServiceManager (SCMServiceManager.java:register(42)) - Registering service BackgroundPipelineScrubber.
2023-01-26 20:32:55,035 [Listener at 127.0.0.1/38041] INFO  ExpiredContainerReplicaOpScrubber (BackgroundSCMService.java:start(68)) - Starting ExpiredContainerReplicaOpScrubber Service.
2023-01-26 20:32:55,035 [Listener at 127.0.0.1/38041] INFO  ha.SCMServiceManager (SCMServiceManager.java:register(42)) - Registering service ExpiredContainerReplicaOpScrubber.
2023-01-26 20:32:55,036 [Listener at 127.0.0.1/38041] INFO  algorithms.PipelineChoosePolicyFactory (PipelineChoosePolicyFactory.java:createPipelineChoosePolicyFromClass(73)) - Create pipeline choose policy of type org.apache.hadoop.hdds.scm.pipeline.choose.algorithms.RandomPipelineChoosePolicy
2023-01-26 20:32:55,037 [Listener at 127.0.0.1/38041] INFO  ha.SCMServiceManager (SCMServiceManager.java:register(42)) - Registering service SCMBlockDeletingService.
2023-01-26 20:32:55,037 [Listener at 127.0.0.1/38041] INFO  replication.ReplicationManager (ReplicationManager.java:start(263)) - Starting Replication Monitor Thread.
2023-01-26 20:32:55,041 [Listener at 127.0.0.1/38041] INFO  ha.SCMServiceManager (SCMServiceManager.java:register(42)) - Registering service ReplicationManager.
2023-01-26 20:32:55,042 [Listener at 127.0.0.1/38041] INFO  safemode.ContainerSafeModeRule (ContainerSafeModeRule.java:<init>(89)) - containers with one replica threshold count 0
2023-01-26 20:32:55,042 [Listener at 127.0.0.1/38041] INFO  safemode.HealthyPipelineSafeModeRule (HealthyPipelineSafeModeRule.java:initializeRule(169)) - Total pipeline count is 0, healthy pipeline threshold count is 1
2023-01-26 20:32:55,042 [Listener at 127.0.0.1/38041] INFO  safemode.OneReplicaPipelineSafeModeRule (OneReplicaPipelineSafeModeRule.java:initializeRule(180)) - Total pipeline count is 0, pipeline's with at least one datanode reported threshold count is 0
2023-01-26 20:32:55,042 [Listener at 127.0.0.1/38041] INFO  ipc.CallQueueManager (CallQueueManager.java:<init>(90)) - Using callQueue: class java.util.concurrent.LinkedBlockingQueue, queueCapacity: 2000, scheduler: class org.apache.hadoop.ipc.DefaultRpcScheduler, ipcBackoff: false.
2023-01-26 20:32:55,043 [Socket Reader #1 for port 0] INFO  ipc.Server (Server.java:run(1273)) - Starting Socket Reader #1 for port 0
2023-01-26 20:32:55,044 [Listener at 0.0.0.0/44527] INFO  ipc.CallQueueManager (CallQueueManager.java:<init>(90)) - Using callQueue: class java.util.concurrent.LinkedBlockingQueue, queueCapacity: 2000, scheduler: class org.apache.hadoop.ipc.DefaultRpcScheduler, ipcBackoff: false.
2023-01-26 20:32:55,044 [Socket Reader #1 for port 0] INFO  ipc.Server (Server.java:run(1273)) - Starting Socket Reader #1 for port 0
2023-01-26 20:32:55,045 [Listener at 0.0.0.0/34437] INFO  ipc.CallQueueManager (CallQueueManager.java:<init>(90)) - Using callQueue: class java.util.concurrent.LinkedBlockingQueue, queueCapacity: 2000, scheduler: class org.apache.hadoop.ipc.DefaultRpcScheduler, ipcBackoff: false.
2023-01-26 20:32:55,045 [Socket Reader #1 for port 0] INFO  ipc.Server (Server.java:run(1273)) - Starting Socket Reader #1 for port 0
2023-01-26 20:32:55,049 [Listener at 0.0.0.0/38077] INFO  ha.SCMServiceManager (SCMServiceManager.java:register(42)) - Registering service ContainerBalancer.
2023-01-26 20:32:55,049 [Listener at 0.0.0.0/38077] INFO  server.StorageContainerManager (StorageContainerManager.java:<init>(401)) - 
Container Balancer status:
Key                            Value
Running                        true
Container Balancer Configuration values:
Key                                                Value
Threshold                                          10
Max Datanodes to Involve per Iteration(percent)    20
Max Size to Move per Iteration                     500GB
Max Size Entering Target per Iteration             26GB
Max Size Leaving Source per Iteration              26GB

2023-01-26 20:32:55,049 [Listener at 0.0.0.0/38077] INFO  ha.SCMContext (SCMContext.java:updateSafeModeStatus(228)) - Update SafeModeStatus from SafeModeStatus{safeModeStatus=true, preCheckPassed=false} to SafeModeStatus{safeModeStatus=true, preCheckPassed=false}.
2023-01-26 20:32:55,050 [Listener at 0.0.0.0/38077] INFO  server.StorageContainerManager (StorageContainerManager.java:start(1440)) - StorageContainerLocationProtocol RPC server is listening at /0.0.0.0:38077
2023-01-26 20:32:55,055 [Listener at 0.0.0.0/38077] WARN  impl.MetricsConfig (MetricsConfig.java:loadFirst(136)) - Cannot locate configuration: tried hadoop-metrics2-storagecontainermanager.properties,hadoop-metrics2.properties
2023-01-26 20:32:55,056 [ReplicationMonitor] INFO  replication.ReplicationManager (ReplicationManager.java:processAll(334)) - Replication Manager is not ready to run until 3000ms after safemode exit
2023-01-26 20:32:55,056 [Listener at 0.0.0.0/38077] INFO  impl.MetricsSystemImpl (MetricsSystemImpl.java:startTimer(378)) - Scheduled Metric snapshot period at 10 second(s).
2023-01-26 20:32:55,056 [Listener at 0.0.0.0/38077] INFO  impl.MetricsSystemImpl (MetricsSystemImpl.java:start(191)) - StorageContainerManager metrics system started
2023-01-26 20:32:55,060 [Listener at 0.0.0.0/38077] INFO  impl.MetricsSinkAdapter (MetricsSinkAdapter.java:start(204)) - Sink prometheus started
2023-01-26 20:32:55,060 [Listener at 0.0.0.0/38077] INFO  impl.MetricsSystemImpl (MetricsSystemImpl.java:registerSink(305)) - Registered sink prometheus
2023-01-26 20:32:55,075 [Listener at 0.0.0.0/38077] INFO  server.SCMClientProtocolServer (SCMClientProtocolServer.java:start(170)) - RPC server for Client  is listening at /0.0.0.0:38077
2023-01-26 20:32:55,076 [IPC Server Responder] INFO  ipc.Server (Server.java:run(1512)) - IPC Server Responder: starting
2023-01-26 20:32:55,076 [IPC Server listener on 0] INFO  ipc.Server (Server.java:run(1352)) - IPC Server listener on 0: starting
2023-01-26 20:32:55,082 [Listener at 0.0.0.0/38077] INFO  server.StorageContainerManager (StorageContainerManager.java:start(1454)) - ScmBlockLocationProtocol RPC server is listening at /0.0.0.0:34437
2023-01-26 20:32:55,083 [Listener at 0.0.0.0/38077] INFO  server.SCMBlockProtocolServer (SCMBlockProtocolServer.java:start(152)) - RPC server for Block Protocol is listening at /0.0.0.0:34437
2023-01-26 20:32:55,083 [IPC Server Responder] INFO  ipc.Server (Server.java:run(1512)) - IPC Server Responder: starting
2023-01-26 20:32:55,087 [IPC Server listener on 0] INFO  ipc.Server (Server.java:run(1352)) - IPC Server listener on 0: starting
2023-01-26 20:32:55,089 [Listener at 0.0.0.0/38077] INFO  server.SCMDatanodeProtocolServer (SCMDatanodeProtocolServer.java:start(194)) - ScmDatanodeProtocol RPC server for DataNodes is listening at /0.0.0.0:44527
2023-01-26 20:32:55,090 [IPC Server Responder] INFO  ipc.Server (Server.java:run(1512)) - IPC Server Responder: starting
2023-01-26 20:32:55,090 [IPC Server listener on 0] INFO  ipc.Server (Server.java:run(1352)) - IPC Server listener on 0: starting
2023-01-26 20:32:55,094 [Listener at 0.0.0.0/38077] INFO  http.BaseHttpServer (BaseHttpServer.java:newHttpServer2BuilderForOzone(213)) - Starting Web-server for scm at: http://0.0.0.0:0
2023-01-26 20:32:55,094 [Listener at 0.0.0.0/38077] INFO  http.BaseHttpServer (BaseHttpServer.java:<init>(108)) - Hadoop Security Enabled: false Ozone Security Enabled: false Ozone HTTP Security Enabled: false 
2023-01-26 20:32:55,100 [Listener at 0.0.0.0/38077] WARN  server.AuthenticationFilter (AuthenticationFilter.java:constructSecretProvider(240)) - Unable to initialize FileSignerSecretProvider, falling back to use random secrets. Reason: Could not read signature secret file: /home/runner/hadoop-http-auth-signature-secret
2023-01-26 20:32:55,100 [Listener at 0.0.0.0/38077] WARN  http.HttpRequestLog (HttpRequestLog.java:getRequestLog(103)) - Jetty request log can only be enabled using Log4j
2023-01-26 20:32:55,101 [Listener at 0.0.0.0/38077] INFO  http.HttpServer2 (HttpServer2.java:addGlobalFilter(1031)) - Added global filter 'safety' (class=org.apache.hadoop.hdds.server.http.HttpServer2$QuotingInputFilter)
2023-01-26 20:32:55,102 [org.apache.hadoop.util.JvmPauseMonitor$Monitor@1015db31] INFO  util.JvmPauseMonitor (JvmPauseMonitor.java:run(188)) - Starting JVM pause monitor
2023-01-26 20:32:55,102 [Listener at 0.0.0.0/38077] INFO  http.HttpServer2 (HttpServer2.java:addFilter(1007)) - Added filter static_user_filter (class=org.apache.hadoop.http.lib.StaticUserWebFilter$StaticUserFilter) to context scm
2023-01-26 20:32:55,102 [Listener at 0.0.0.0/38077] INFO  http.HttpServer2 (HttpServer2.java:addFilter(1015)) - Added filter static_user_filter (class=org.apache.hadoop.http.lib.StaticUserWebFilter$StaticUserFilter) to context logs
2023-01-26 20:32:55,102 [Listener at 0.0.0.0/38077] INFO  http.HttpServer2 (HttpServer2.java:addFilter(1015)) - Added filter static_user_filter (class=org.apache.hadoop.http.lib.StaticUserWebFilter$StaticUserFilter) to context static
2023-01-26 20:32:55,103 [Listener at 0.0.0.0/38077] INFO  http.HttpServer2 (HttpServer2.java:bindListener(1250)) - Jetty bound to port 43809
2023-01-26 20:32:55,103 [Listener at 0.0.0.0/38077] INFO  server.Server (Server.java:doStart(375)) - jetty-9.4.49.v20220914; built: 2022-09-14T01:07:36.601Z; git: 4231a3b2e4cb8548a412a789936d640a97b1aa0a; jvm 1.8.0_352-b08
2023-01-26 20:32:55,104 [Listener at 0.0.0.0/38077] INFO  server.session (DefaultSessionIdManager.java:doStart(334)) - DefaultSessionIdManager workerName=node0
2023-01-26 20:32:55,104 [Listener at 0.0.0.0/38077] INFO  server.session (DefaultSessionIdManager.java:doStart(339)) - No SessionScavenger set, using defaults
2023-01-26 20:32:55,104 [Listener at 0.0.0.0/38077] INFO  server.session (HouseKeeper.java:startScavenging(132)) - node0 Scavenging every 660000ms
2023-01-26 20:32:55,105 [Listener at 0.0.0.0/38077] INFO  handler.ContextHandler (ContextHandler.java:doStart(921)) - Started o.e.j.s.ServletContextHandler@3ff0dcc3{logs,/logs,file:///home/runner/work/ozone/ozone/hadoop-ozone/integration-test/target/log,AVAILABLE}
2023-01-26 20:32:55,105 [Listener at 0.0.0.0/38077] INFO  handler.ContextHandler (ContextHandler.java:doStart(921)) - Started o.e.j.s.ServletContextHandler@61241c4d{static,/static,file:///home/runner/work/ozone/ozone/hadoop-ozone/integration-test/target/test-classes/webapps/static,AVAILABLE}
2023-01-26 20:32:55,108 [Listener at 0.0.0.0/38077] INFO  handler.ContextHandler (ContextHandler.java:doStart(921)) - Started o.e.j.w.WebAppContext@34d48c86{scm,/,file:///home/runner/work/ozone/ozone/hadoop-ozone/integration-test/target/test-classes/webapps/scm/,AVAILABLE}{file:/home/runner/work/ozone/ozone/hadoop-ozone/integration-test/target/test-classes/webapps/scm}
2023-01-26 20:32:55,109 [Listener at 0.0.0.0/38077] INFO  server.AbstractConnector (AbstractConnector.java:doStart(333)) - Started ServerConnector@46f9c78b{HTTP/1.1, (http/1.1)}{0.0.0.0:43809}
2023-01-26 20:32:55,109 [Listener at 0.0.0.0/38077] INFO  server.Server (Server.java:doStart(415)) - Started @198804ms
2023-01-26 20:32:55,109 [Listener at 0.0.0.0/38077] WARN  impl.MetricsSystemImpl (MetricsSystemImpl.java:register(279)) - Sink prometheus already exists!
2023-01-26 20:32:55,110 [Listener at 0.0.0.0/38077] INFO  http.BaseHttpServer (BaseHttpServer.java:updateConnectorAddress(333)) - HTTP server of scm listening at http://0.0.0.0:43809
2023-01-26 20:32:55,110 [Listener at 0.0.0.0/38077] WARN  server.ServerUtils (ServerUtils.java:getDBPath(225)) - ozone.om.db.dirs is not configured. We recommend adding this setting. Falling back to ozone.metadata.dirs instead.
2023-01-26 20:32:55,111 [Listener at 0.0.0.0/38077] INFO  ha.OMHANodeDetails (OMHANodeDetails.java:loadOMHAConfig(115)) - ozone.om.internal.service.id is not defined, falling back to ozone.om.service.ids to find serviceID for OzoneManager if it is HA enabled cluster
2023-01-26 20:32:55,111 [Listener at 0.0.0.0/38077] INFO  ha.OMHANodeDetails (OMHANodeDetails.java:loadOMHAConfig(226)) - Configuration does not have ozone.om.address set. Falling back to the default OM address /127.0.0.1:0
2023-01-26 20:32:55,111 [Listener at 0.0.0.0/38077] INFO  ha.OMHANodeDetails (OMHANodeDetails.java:getOMNodeDetailsForNonHA(254)) - OM Service ID is not set. Setting it to the default ID: omServiceIdDefault
2023-01-26 20:32:55,112 [Listener at 0.0.0.0/38077] INFO  ha.OMHANodeDetails (OMHANodeDetails.java:getOMNodeDetailsForNonHA(261)) - OM Node ID is not set. Setting it to the default ID: om1
2023-01-26 20:32:55,112 [Listener at 0.0.0.0/38077] WARN  server.ServerUtils (ServerUtils.java:getDBPath(225)) - ozone.om.db.dirs is not configured. We recommend adding this setting. Falling back to ozone.metadata.dirs instead.
2023-01-26 20:32:55,113 [Listener at 0.0.0.0/38077] INFO  upgrade.AbstractLayoutVersionManager (AbstractLayoutVersionManager.java:init(83)) - Initializing Layout version manager with metadata layout = MULTITENANCY_SCHEMA (version = 3), software layout = MULTITENANCY_SCHEMA (version = 3)
2023-01-26 20:32:55,170 [Listener at 0.0.0.0/38077] INFO  reflections.Reflections (Reflections.java:scan(232)) - Reflections took 57 ms to scan 2 urls, producing 155 keys and 428 values [using 2 cores]
2023-01-26 20:32:55,170 [Listener at 0.0.0.0/38077] INFO  upgrade.OMLayoutVersionManager (OMLayoutVersionManager.java:lambda$0(115)) - Skipping Upgrade Action MockOmUpgradeAction since it has been finalized.
2023-01-26 20:32:55,171 [Listener at 0.0.0.0/38077] WARN  server.ServerUtils (ServerUtils.java:getDBPath(225)) - ozone.om.db.dirs is not configured. We recommend adding this setting. Falling back to ozone.metadata.dirs instead.
2023-01-26 20:32:55,171 [Listener at 0.0.0.0/38077] INFO  proxy.SCMBlockLocationFailoverProxyProvider (SCMBlockLocationFailoverProxyProvider.java:<init>(114)) - Created block location fail-over proxy with 1 nodes: [nodeId=scmNodeId,nodeAddress=/0.0.0.0:34437]
2023-01-26 20:32:55,173 [Listener at 0.0.0.0/38077] INFO  proxy.SCMBlockLocationFailoverProxyProvider (SCMBlockLocationFailoverProxyProvider.java:<init>(114)) - Created block location fail-over proxy with 1 nodes: [nodeId=scmNodeId,nodeAddress=/0.0.0.0:34437]
2023-01-26 20:32:55,179 [Listener at 0.0.0.0/38077] WARN  server.ServerUtils (ServerUtils.java:getDBPath(225)) - ozone.om.db.dirs is not configured. We recommend adding this setting. Falling back to ozone.metadata.dirs instead.
2023-01-26 20:32:55,179 [Listener at 0.0.0.0/38077] INFO  codec.OmKeyInfoCodec (OmKeyInfoCodec.java:<init>(49)) - OmKeyInfoCodec ignorePipeline = true
2023-01-26 20:32:55,179 [Listener at 0.0.0.0/38077] INFO  codec.RepeatedOmKeyInfoCodec (RepeatedOmKeyInfoCodec.java:<init>(41)) - RepeatedOmKeyInfoCodec ignorePipeline = true
2023-01-26 20:32:55,319 [Listener at 0.0.0.0/38077] INFO  om.OzoneManager (OzoneManager.java:instantiateServices(728)) - S3 Multi-Tenancy is disabled
2023-01-26 20:32:55,320 [Listener at 0.0.0.0/38077] INFO  om.OzoneManager (OzoneManager.java:addS3GVolumeToDB(4320)) - Created Volume s3v With Owner runner required for S3Gateway operations.
2023-01-26 20:32:55,321 [Listener at 0.0.0.0/38077] INFO  om.OzoneManager (OzoneManager.java:getRpcServer(1135)) - Creating RPC Server
2023-01-26 20:32:55,649 [Listener at 0.0.0.0/38077] INFO  reflections.Reflections (Reflections.java:scan(232)) - Reflections took 321 ms to scan 19 urls, producing 67 keys and 4590 values [using 2 cores]
2023-01-26 20:32:55,650 [Listener at 0.0.0.0/38077] INFO  ipc.CallQueueManager (CallQueueManager.java:<init>(90)) - Using callQueue: class java.util.concurrent.LinkedBlockingQueue, queueCapacity: 2000, scheduler: class org.apache.hadoop.ipc.DefaultRpcScheduler, ipcBackoff: false.
2023-01-26 20:32:55,651 [Socket Reader #1 for port 0] INFO  ipc.Server (Server.java:run(1273)) - Starting Socket Reader #1 for port 0
2023-01-26 20:32:55,667 [Listener at 127.0.0.1/35105] INFO  impl.MetricsSystemImpl (MetricsSystemImpl.java:init(158)) - OzoneManager metrics system started (again)
2023-01-26 20:32:55,677 [Listener at 127.0.0.1/35105] INFO  om.OzoneManager (OzoneManager.java:start(1519)) - OzoneManager RPC server is listening at localhost/127.0.0.1:35105
2023-01-26 20:32:55,678 [Listener at 127.0.0.1/35105] INFO  om.OzoneManager (OzoneManager.java:start(1535)) - Version File has different layout version (3) than OM DB (null). That is expected if this OM has never been finalized to a newer layout version.
2023-01-26 20:32:55,679 [Listener at 127.0.0.1/35105] INFO  http.BaseHttpServer (BaseHttpServer.java:newHttpServer2BuilderForOzone(213)) - Starting Web-server for ozoneManager at: http://0.0.0.0:0
2023-01-26 20:32:55,679 [Listener at 127.0.0.1/35105] INFO  http.BaseHttpServer (BaseHttpServer.java:<init>(108)) - Hadoop Security Enabled: false Ozone Security Enabled: false Ozone HTTP Security Enabled: false 
2023-01-26 20:32:55,680 [Listener at 127.0.0.1/35105] WARN  server.AuthenticationFilter (AuthenticationFilter.java:constructSecretProvider(240)) - Unable to initialize FileSignerSecretProvider, falling back to use random secrets. Reason: Could not read signature secret file: /home/runner/hadoop-http-auth-signature-secret
2023-01-26 20:32:55,681 [Listener at 127.0.0.1/35105] WARN  http.HttpRequestLog (HttpRequestLog.java:getRequestLog(103)) - Jetty request log can only be enabled using Log4j
2023-01-26 20:32:55,682 [Listener at 127.0.0.1/35105] INFO  http.HttpServer2 (HttpServer2.java:addGlobalFilter(1031)) - Added global filter 'safety' (class=org.apache.hadoop.hdds.server.http.HttpServer2$QuotingInputFilter)
2023-01-26 20:32:55,682 [Listener at 127.0.0.1/35105] INFO  http.HttpServer2 (HttpServer2.java:addFilter(1007)) - Added filter static_user_filter (class=org.apache.hadoop.http.lib.StaticUserWebFilter$StaticUserFilter) to context ozoneManager
2023-01-26 20:32:55,682 [Listener at 127.0.0.1/35105] INFO  http.HttpServer2 (HttpServer2.java:addFilter(1015)) - Added filter static_user_filter (class=org.apache.hadoop.http.lib.StaticUserWebFilter$StaticUserFilter) to context static
2023-01-26 20:32:55,682 [Listener at 127.0.0.1/35105] INFO  http.HttpServer2 (HttpServer2.java:addFilter(1015)) - Added filter static_user_filter (class=org.apache.hadoop.http.lib.StaticUserWebFilter$StaticUserFilter) to context logs
2023-01-26 20:32:55,683 [Listener at 127.0.0.1/35105] INFO  http.HttpServer2 (HttpServer2.java:bindListener(1250)) - Jetty bound to port 45983
2023-01-26 20:32:55,683 [Listener at 127.0.0.1/35105] INFO  server.Server (Server.java:doStart(375)) - jetty-9.4.49.v20220914; built: 2022-09-14T01:07:36.601Z; git: 4231a3b2e4cb8548a412a789936d640a97b1aa0a; jvm 1.8.0_352-b08
2023-01-26 20:32:55,684 [Listener at 127.0.0.1/35105] INFO  server.session (DefaultSessionIdManager.java:doStart(334)) - DefaultSessionIdManager workerName=node0
2023-01-26 20:32:55,684 [Listener at 127.0.0.1/35105] INFO  server.session (DefaultSessionIdManager.java:doStart(339)) - No SessionScavenger set, using defaults
2023-01-26 20:32:55,684 [Listener at 127.0.0.1/35105] INFO  server.session (HouseKeeper.java:startScavenging(132)) - node0 Scavenging every 660000ms
2023-01-26 20:32:55,685 [Listener at 127.0.0.1/35105] INFO  handler.ContextHandler (ContextHandler.java:doStart(921)) - Started o.e.j.s.ServletContextHandler@71bfd10a{logs,/logs,file:///home/runner/work/ozone/ozone/hadoop-ozone/integration-test/target/log,AVAILABLE}
2023-01-26 20:32:55,685 [Listener at 127.0.0.1/35105] INFO  handler.ContextHandler (ContextHandler.java:doStart(921)) - Started o.e.j.s.ServletContextHandler@14d9458b{static,/static,file:///home/runner/work/ozone/ozone/hadoop-ozone/integration-test/target/test-classes/webapps/static,AVAILABLE}
2023-01-26 20:32:55,687 [Listener at 127.0.0.1/35105] INFO  handler.ContextHandler (ContextHandler.java:doStart(921)) - Started o.e.j.w.WebAppContext@29fac0fd{ozoneManager,/,file:///home/runner/work/ozone/ozone/hadoop-ozone/integration-test/target/test-classes/webapps/ozoneManager/,AVAILABLE}{file:/home/runner/work/ozone/ozone/hadoop-ozone/integration-test/target/test-classes/webapps/ozoneManager}
2023-01-26 20:32:55,689 [Listener at 127.0.0.1/35105] INFO  server.AbstractConnector (AbstractConnector.java:doStart(333)) - Started ServerConnector@7f4e106d{HTTP/1.1, (http/1.1)}{0.0.0.0:45983}
2023-01-26 20:32:55,689 [Listener at 127.0.0.1/35105] INFO  server.Server (Server.java:doStart(415)) - Started @199384ms
2023-01-26 20:32:55,689 [Listener at 127.0.0.1/35105] WARN  impl.MetricsSystemImpl (MetricsSystemImpl.java:register(279)) - Sink prometheus already exists!
2023-01-26 20:32:55,689 [Listener at 127.0.0.1/35105] INFO  http.BaseHttpServer (BaseHttpServer.java:updateConnectorAddress(333)) - HTTP server of ozoneManager listening at http://0.0.0.0:45983
2023-01-26 20:32:55,690 [IPC Server Responder] INFO  ipc.Server (Server.java:run(1512)) - IPC Server Responder: starting
2023-01-26 20:32:55,690 [IPC Server listener on 0] INFO  ipc.Server (Server.java:run(1352)) - IPC Server listener on 0: starting
2023-01-26 20:32:55,691 [Listener at 127.0.0.1/35105] INFO  om.TrashPolicyOzone (TrashPolicyOzone.java:<init>(277)) - Ozone Manager trash configuration: Deletion interval = 0 minutes, Emptier interval = 0 minutes.
2023-01-26 20:32:55,692 [org.apache.hadoop.util.JvmPauseMonitor$Monitor@5e0a76e9] INFO  util.JvmPauseMonitor (JvmPauseMonitor.java:run(188)) - Starting JVM pause monitor
2023-01-26 20:32:55,705 [Listener at 127.0.0.1/35105] INFO  impl.MetricsSystemImpl (MetricsSystemImpl.java:init(158)) - HddsDatanode metrics system started (again)
2023-01-26 20:32:55,717 [Listener at 127.0.0.1/35105] INFO  ozone.HddsDatanodeService (HddsDatanodeService.java:start(228)) - HddsDatanodeService host:fv-az462-54.0zuljvm5d0yedf4jva4xayy4gc.gx.internal.cloudapp.net ip:10.1.0.15
2023-01-26 20:32:55,734 [Listener at 127.0.0.1/35105] INFO  upgrade.AbstractLayoutVersionManager (AbstractLayoutVersionManager.java:init(83)) - Initializing Layout version manager with metadata layout = DATANODE_SCHEMA_V3 (version = 4), software layout = DATANODE_SCHEMA_V3 (version = 4)
2023-01-26 20:32:55,778 [Listener at 127.0.0.1/35105] INFO  reflections.Reflections (Reflections.java:scan(232)) - Reflections took 43 ms to scan 7 urls, producing 148 keys and 356 values 
2023-01-26 20:32:55,779 [Listener at 127.0.0.1/35105] INFO  statemachine.DatanodeStateMachine (DatanodeStateMachine.java:getEndPointTaskThreadPoolSize(259)) - Datanode State Machine Task Thread Pool size 2
2023-01-26 20:32:55,781 [Listener at 127.0.0.1/35105] INFO  volume.HddsVolume (HddsVolume.java:<init>(117)) - Creating HddsVolume: /home/runner/work/ozone/ozone/hadoop-ozone/integration-test/target/test-dir/MiniOzoneClusterImpl-ced6b6c1-d1ae-4b41-aa13-dfc1f6c7b229/datanode-0/data-0/containers/hdds of storage type : DISK capacity : 9223372036854775807
2023-01-26 20:32:55,781 [Listener at 127.0.0.1/35105] INFO  volume.MutableVolumeSet (MutableVolumeSet.java:initializeVolumeSet(174)) - Added Volume : /home/runner/work/ozone/ozone/hadoop-ozone/integration-test/target/test-dir/MiniOzoneClusterImpl-ced6b6c1-d1ae-4b41-aa13-dfc1f6c7b229/datanode-0/data-0/containers/hdds to VolumeSet
2023-01-26 20:32:55,781 [Listener at 127.0.0.1/35105] INFO  volume.ThrottledAsyncChecker (ThrottledAsyncChecker.java:schedule(141)) - Scheduling a check for /home/runner/work/ozone/ozone/hadoop-ozone/integration-test/target/test-dir/MiniOzoneClusterImpl-ced6b6c1-d1ae-4b41-aa13-dfc1f6c7b229/datanode-0/data-0/containers/hdds
2023-01-26 20:32:55,783 [Listener at 127.0.0.1/35105] INFO  volume.StorageVolumeChecker (StorageVolumeChecker.java:checkAllVolumes(202)) - Scheduled health check for volume /home/runner/work/ozone/ozone/hadoop-ozone/integration-test/target/test-dir/MiniOzoneClusterImpl-ced6b6c1-d1ae-4b41-aa13-dfc1f6c7b229/datanode-0/data-0/containers/hdds
2023-01-26 20:32:55,794 [Listener at 127.0.0.1/35105] INFO  volume.MutableVolumeSet (MutableVolumeSet.java:initializeVolumeSet(174)) - Added Volume : /home/runner/work/ozone/ozone/hadoop-ozone/integration-test/target/test-dir/MiniOzoneClusterImpl-ced6b6c1-d1ae-4b41-aa13-dfc1f6c7b229/datanode-0/data/ratis to VolumeSet
2023-01-26 20:32:55,794 [Listener at 127.0.0.1/35105] INFO  volume.ThrottledAsyncChecker (ThrottledAsyncChecker.java:schedule(141)) - Scheduling a check for /home/runner/work/ozone/ozone/hadoop-ozone/integration-test/target/test-dir/MiniOzoneClusterImpl-ced6b6c1-d1ae-4b41-aa13-dfc1f6c7b229/datanode-0/data/ratis
2023-01-26 20:32:55,794 [Listener at 127.0.0.1/35105] INFO  volume.StorageVolumeChecker (StorageVolumeChecker.java:checkAllVolumes(202)) - Scheduled health check for volume /home/runner/work/ozone/ozone/hadoop-ozone/integration-test/target/test-dir/MiniOzoneClusterImpl-ced6b6c1-d1ae-4b41-aa13-dfc1f6c7b229/datanode-0/data/ratis
2023-01-26 20:32:55,804 [Thread-1356] INFO  ozoneimpl.ContainerReader (ContainerReader.java:readVolume(175)) - Finish verifying containers on volume /home/runner/work/ozone/ozone/hadoop-ozone/integration-test/target/test-dir/MiniOzoneClusterImpl-ced6b6c1-d1ae-4b41-aa13-dfc1f6c7b229/datanode-0/data-0/containers/hdds
2023-01-26 20:32:55,804 [Listener at 127.0.0.1/35105] INFO  ozoneimpl.OzoneContainer (OzoneContainer.java:buildContainerSet(305)) - Build ContainerSet costs 0s
2023-01-26 20:32:55,806 [Listener at 127.0.0.1/35105] INFO  server.RaftServer (ConfUtils.java:logGet(46)) - raft.rpc.type = GRPC (default)
2023-01-26 20:32:55,806 [Listener at 127.0.0.1/35105] INFO  grpc.GrpcConfigKeys (ConfUtils.java:logFallback(53)) - raft.grpc.admin.host = null (fallback to raft.grpc.server.host)
2023-01-26 20:32:55,806 [Listener at 127.0.0.1/35105] INFO  grpc.GrpcConfigKeys (ConfUtils.java:logGet(46)) - raft.grpc.admin.port = 0 (custom)
2023-01-26 20:32:55,806 [Listener at 127.0.0.1/35105] INFO  grpc.GrpcConfigKeys (ConfUtils.java:logFallback(53)) - raft.grpc.client.host = null (fallback to raft.grpc.server.host)
2023-01-26 20:32:55,806 [Listener at 127.0.0.1/35105] INFO  grpc.GrpcConfigKeys (ConfUtils.java:logGet(46)) - raft.grpc.client.port = 0 (custom)
2023-01-26 20:32:55,807 [Listener at 127.0.0.1/35105] INFO  grpc.GrpcConfigKeys (ConfUtils.java:logGet(46)) - raft.grpc.server.host = null (default)
2023-01-26 20:32:55,807 [Listener at 127.0.0.1/35105] INFO  grpc.GrpcConfigKeys (ConfUtils.java:logGet(46)) - raft.grpc.server.port = 0 (default)
2023-01-26 20:32:55,807 [Listener at 127.0.0.1/35105] INFO  server.GrpcService (ConfUtils.java:logGet(46)) - raft.grpc.message.size.max = 32MB (=33554432) (custom)
2023-01-26 20:32:55,807 [Listener at 127.0.0.1/35105] INFO  server.RaftServerConfigKeys (ConfUtils.java:logGet(46)) - raft.server.log.appender.buffer.byte-limit = 33554432 (custom)
2023-01-26 20:32:55,807 [Listener at 127.0.0.1/35105] INFO  server.GrpcService (ConfUtils.java:logGet(46)) - raft.grpc.flow.control.window = 5MB (=5242880) (custom)
2023-01-26 20:32:55,807 [Listener at 127.0.0.1/35105] INFO  server.RaftServerConfigKeys (ConfUtils.java:logGet(46)) - raft.server.rpc.request.timeout = 60s (custom)
2023-01-26 20:32:55,807 [Listener at 127.0.0.1/35105] INFO  grpc.GrpcConfigKeys (ConfUtils.java:logGet(46)) - raft.grpc.server.heartbeat.channel = true (default)
2023-01-26 20:32:55,807 [Listener at 127.0.0.1/35105] INFO  grpc.GrpcConfigKeys (ConfUtils.java:logGet(46)) - raft.grpc.server.async.request.thread.pool.cached = true (default)
2023-01-26 20:32:55,807 [Listener at 127.0.0.1/35105] INFO  grpc.GrpcConfigKeys (ConfUtils.java:logGet(46)) - raft.grpc.server.async.request.thread.pool.size = 32 (default)
2023-01-26 20:32:55,808 [Listener at 127.0.0.1/35105] INFO  impl.DataStreamServerImpl (ConfUtils.java:logGet(46)) - raft.datastream.type = NETTY (custom)
2023-01-26 20:32:55,809 [Listener at 127.0.0.1/35105] INFO  server.RaftServerConfigKeys (ConfUtils.java:logGet(46)) - raft.server.data-stream.async.request.thread.pool.cached = false (default)
2023-01-26 20:32:55,809 [Listener at 127.0.0.1/35105] INFO  server.RaftServerConfigKeys (ConfUtils.java:logGet(46)) - raft.server.data-stream.async.request.thread.pool.size = 20 (custom)
2023-01-26 20:32:55,809 [Listener at 127.0.0.1/35105] INFO  server.RaftServerConfigKeys (ConfUtils.java:logGet(46)) - raft.server.data-stream.async.write.thread.pool.size = 16 (default)
2023-01-26 20:32:55,809 [Listener at 127.0.0.1/35105] INFO  server.RaftServerConfigKeys (ConfUtils.java:logGet(46)) - raft.server.data-stream.client.pool.size = 10 (default)
2023-01-26 20:32:55,809 [Listener at 127.0.0.1/35105] INFO  netty.NettyConfigKeys$DataStream (ConfUtils.java:logGet(46)) - raft.netty.dataStream.server.use-epoll = false (default)
2023-01-26 20:32:55,809 [Listener at 127.0.0.1/35105] INFO  netty.NettyConfigKeys$DataStream (ConfUtils.java:logGet(46)) - raft.netty.dataStream.server.boss-group.size = 0 (default)
2023-01-26 20:32:55,809 [Listener at 127.0.0.1/35105] INFO  netty.NettyConfigKeys$DataStream (ConfUtils.java:logGet(46)) - raft.netty.dataStream.server.worker-group.size = 0 (default)
2023-01-26 20:32:55,810 [Listener at 127.0.0.1/35105] INFO  netty.NettyConfigKeys$DataStream (ConfUtils.java:logGet(46)) - raft.netty.dataStream.server.tls.conf = null (default)
2023-01-26 20:32:55,810 [Listener at 127.0.0.1/35105] INFO  netty.NettyConfigKeys$DataStream (ConfUtils.java:logGet(46)) - raft.netty.dataStream.host = null (default)
2023-01-26 20:32:55,810 [Listener at 127.0.0.1/35105] INFO  netty.NettyConfigKeys$DataStream (ConfUtils.java:logGet(46)) - raft.netty.dataStream.port = 0 (default)
2023-01-26 20:32:55,810 [Listener at 127.0.0.1/35105] INFO  server.RaftServerConfigKeys (ConfUtils.java:logGet(46)) - raft.server.threadpool.proxy.cached = true (default)
2023-01-26 20:32:55,810 [Listener at 127.0.0.1/35105] INFO  server.RaftServerConfigKeys (ConfUtils.java:logGet(46)) - raft.server.threadpool.proxy.size = 0 (default)
2023-01-26 20:32:55,810 [Listener at 127.0.0.1/35105] INFO  server.RaftServerConfigKeys (ConfUtils.java:logGet(46)) - raft.server.rpc.slowness.timeout = 300s (custom)
2023-01-26 20:32:55,810 [Listener at 127.0.0.1/35105] INFO  server.RaftServerConfigKeys (ConfUtils.java:logGet(46)) - raft.server.leaderelection.leader.step-down.wait-time = 10s (default)
2023-01-26 20:32:55,811 [Listener at 127.0.0.1/35105] INFO  server.RaftServerConfigKeys (ConfUtils.java:logGet(46)) - raft.server.storage.dir = [/home/runner/work/ozone/ozone/hadoop-ozone/integration-test/target/test-dir/MiniOzoneClusterImpl-ced6b6c1-d1ae-4b41-aa13-dfc1f6c7b229/datanode-0/data/ratis] (custom)
2023-01-26 20:32:55,811 [1d22b7d2-31db-4af8-bf0c-5577da68ec36-NettyServerStreamRpc-bossGroup--thread1] INFO  logging.LoggingHandler (AbstractInternalLogger.java:log(148)) - [id: 0xb70b2279] REGISTERED
2023-01-26 20:32:55,812 [1d22b7d2-31db-4af8-bf0c-5577da68ec36-NettyServerStreamRpc-bossGroup--thread1] INFO  logging.LoggingHandler (AbstractInternalLogger.java:log(148)) - [id: 0xb70b2279] BIND: 0.0.0.0/0.0.0.0:0
2023-01-26 20:32:55,812 [1d22b7d2-31db-4af8-bf0c-5577da68ec36-NettyServerStreamRpc-bossGroup--thread1] INFO  logging.LoggingHandler (AbstractInternalLogger.java:log(148)) - [id: 0xb70b2279, L:/0:0:0:0:0:0:0:0:42409] ACTIVE
2023-01-26 20:32:55,814 [Listener at 127.0.0.1/35105] INFO  server.XceiverServerGrpc (XceiverServerGrpc.java:<init>(132)) - GrpcServer channel type EpollServerSocketChannel
2023-01-26 20:32:55,818 [Listener at 127.0.0.1/35105] INFO  http.BaseHttpServer (BaseHttpServer.java:newHttpServer2BuilderForOzone(213)) - Starting Web-server for hddsDatanode at: http://0.0.0.0:0
2023-01-26 20:32:55,818 [Listener at 127.0.0.1/35105] INFO  http.BaseHttpServer (BaseHttpServer.java:<init>(108)) - Hadoop Security Enabled: false Ozone Security Enabled: false Ozone HTTP Security Enabled: false 
2023-01-26 20:32:55,821 [Listener at 127.0.0.1/35105] WARN  server.AuthenticationFilter (AuthenticationFilter.java:constructSecretProvider(240)) - Unable to initialize FileSignerSecretProvider, falling back to use random secrets. Reason: Could not read signature secret file: /home/runner/hadoop-http-auth-signature-secret
2023-01-26 20:32:55,821 [Listener at 127.0.0.1/35105] WARN  http.HttpRequestLog (HttpRequestLog.java:getRequestLog(103)) - Jetty request log can only be enabled using Log4j
2023-01-26 20:32:55,822 [Listener at 127.0.0.1/35105] INFO  http.HttpServer2 (HttpServer2.java:addGlobalFilter(1031)) - Added global filter 'safety' (class=org.apache.hadoop.hdds.server.http.HttpServer2$QuotingInputFilter)
2023-01-26 20:32:55,823 [Listener at 127.0.0.1/35105] INFO  http.HttpServer2 (HttpServer2.java:addFilter(1007)) - Added filter static_user_filter (class=org.apache.hadoop.http.lib.StaticUserWebFilter$StaticUserFilter) to context hddsDatanode
2023-01-26 20:32:55,823 [Listener at 127.0.0.1/35105] INFO  http.HttpServer2 (HttpServer2.java:addFilter(1015)) - Added filter static_user_filter (class=org.apache.hadoop.http.lib.StaticUserWebFilter$StaticUserFilter) to context logs
2023-01-26 20:32:55,823 [Listener at 127.0.0.1/35105] INFO  http.HttpServer2 (HttpServer2.java:addFilter(1015)) - Added filter static_user_filter (class=org.apache.hadoop.http.lib.StaticUserWebFilter$StaticUserFilter) to context static
2023-01-26 20:32:55,824 [Listener at 127.0.0.1/35105] INFO  http.HttpServer2 (HttpServer2.java:bindListener(1250)) - Jetty bound to port 32795
2023-01-26 20:32:55,824 [Listener at 127.0.0.1/35105] INFO  server.Server (Server.java:doStart(375)) - jetty-9.4.49.v20220914; built: 2022-09-14T01:07:36.601Z; git: 4231a3b2e4cb8548a412a789936d640a97b1aa0a; jvm 1.8.0_352-b08
2023-01-26 20:32:55,825 [Listener at 127.0.0.1/35105] INFO  server.session (DefaultSessionIdManager.java:doStart(334)) - DefaultSessionIdManager workerName=node0
2023-01-26 20:32:55,825 [Listener at 127.0.0.1/35105] INFO  server.session (DefaultSessionIdManager.java:doStart(339)) - No SessionScavenger set, using defaults
2023-01-26 20:32:55,825 [Listener at 127.0.0.1/35105] INFO  server.session (HouseKeeper.java:startScavenging(132)) - node0 Scavenging every 600000ms
2023-01-26 20:32:55,825 [Listener at 127.0.0.1/35105] INFO  handler.ContextHandler (ContextHandler.java:doStart(921)) - Started o.e.j.s.ServletContextHandler@58ee2ea6{logs,/logs,file:///home/runner/work/ozone/ozone/hadoop-ozone/integration-test/target/log,AVAILABLE}
2023-01-26 20:32:55,826 [Listener at 127.0.0.1/35105] INFO  handler.ContextHandler (ContextHandler.java:doStart(921)) - Started o.e.j.s.ServletContextHandler@3e42278{static,/static,jar:file:/home/runner/.m2/repository/org/apache/ozone/hdds-container-service/1.4.0-SNAPSHOT/hdds-container-service-1.4.0-SNAPSHOT.jar!/webapps/static,AVAILABLE}
2023-01-26 20:32:55,990 [Listener at 127.0.0.1/35105] INFO  handler.ContextHandler (ContextHandler.java:doStart(921)) - Started o.e.j.w.WebAppContext@77f12973{hddsDatanode,/,file:///tmp/jetty-0_0_0_0-32795-hdds-container-service-1_4_0-SNAPSHOT_jar-_-any-6648826633017576490/webapp/,AVAILABLE}{jar:file:/home/runner/.m2/repository/org/apache/ozone/hdds-container-service/1.4.0-SNAPSHOT/hdds-container-service-1.4.0-SNAPSHOT.jar!/webapps/hddsDatanode}
2023-01-26 20:32:55,991 [Listener at 127.0.0.1/35105] INFO  server.AbstractConnector (AbstractConnector.java:doStart(333)) - Started ServerConnector@e2d03a8{HTTP/1.1, (http/1.1)}{0.0.0.0:32795}
2023-01-26 20:32:55,991 [Listener at 127.0.0.1/35105] INFO  server.Server (Server.java:doStart(415)) - Started @199686ms
2023-01-26 20:32:55,991 [Listener at 127.0.0.1/35105] WARN  impl.MetricsSystemImpl (MetricsSystemImpl.java:register(279)) - Sink prometheus already exists!
2023-01-26 20:32:55,992 [Listener at 127.0.0.1/35105] INFO  http.BaseHttpServer (BaseHttpServer.java:updateConnectorAddress(333)) - HTTP server of hddsDatanode listening at http://0.0.0.0:32795
2023-01-26 20:32:55,992 [Listener at 127.0.0.1/35105] WARN  impl.MetricRegistriesImpl (MetricRegistriesImpl.java:addReporterRegistration(111)) - New reporters are added after registries were created. Some metrics will be missing from the reporter. Please add reporter before adding any new registry.
2023-01-26 20:32:55,992 [Listener at 127.0.0.1/35105] WARN  impl.MetricRegistriesImpl (MetricRegistriesImpl.java:addReporterRegistration(111)) - New reporters are added after registries were created. Some metrics will be missing from the reporter. Please add reporter before adding any new registry.
2023-01-26 20:32:55,992 [Datanode State Machine Daemon Thread] INFO  statemachine.DatanodeStateMachine (DatanodeStateMachine.java:lambda$startDaemon$0(515)) - Ozone container server started.
2023-01-26 20:32:55,992 [Listener at 127.0.0.1/35105] INFO  impl.MetricsSystemImpl (MetricsSystemImpl.java:init(158)) - HddsDatanode metrics system started (again)
2023-01-26 20:32:56,000 [org.apache.hadoop.util.JvmPauseMonitor$Monitor@26493cc8] INFO  util.JvmPauseMonitor (JvmPauseMonitor.java:run(188)) - Starting JVM pause monitor
2023-01-26 20:32:56,003 [Datanode State Machine Task Thread - 0] INFO  datanode.InitDatanodeState (InitDatanodeState.java:persistContainerDatanodeDetails(138)) - DatanodeDetails is persisted to /home/runner/work/ozone/ozone/hadoop-ozone/integration-test/target/test-dir/MiniOzoneClusterImpl-ced6b6c1-d1ae-4b41-aa13-dfc1f6c7b229/datanode-0/meta/datanode.id
2023-01-26 20:32:56,007 [Listener at 127.0.0.1/35105] INFO  ozone.HddsDatanodeService (HddsDatanodeService.java:start(228)) - HddsDatanodeService host:fv-az462-54.0zuljvm5d0yedf4jva4xayy4gc.gx.internal.cloudapp.net ip:10.1.0.15
2023-01-26 20:32:56,028 [Listener at 127.0.0.1/35105] INFO  upgrade.AbstractLayoutVersionManager (AbstractLayoutVersionManager.java:init(83)) - Initializing Layout version manager with metadata layout = DATANODE_SCHEMA_V3 (version = 4), software layout = DATANODE_SCHEMA_V3 (version = 4)
2023-01-26 20:32:56,071 [Listener at 127.0.0.1/35105] INFO  reflections.Reflections (Reflections.java:scan(232)) - Reflections took 42 ms to scan 7 urls, producing 148 keys and 356 values 
2023-01-26 20:32:56,072 [Listener at 127.0.0.1/35105] INFO  statemachine.DatanodeStateMachine (DatanodeStateMachine.java:getEndPointTaskThreadPoolSize(259)) - Datanode State Machine Task Thread Pool size 2
2023-01-26 20:32:56,074 [Listener at 127.0.0.1/35105] INFO  volume.HddsVolume (HddsVolume.java:<init>(117)) - Creating HddsVolume: /home/runner/work/ozone/ozone/hadoop-ozone/integration-test/target/test-dir/MiniOzoneClusterImpl-ced6b6c1-d1ae-4b41-aa13-dfc1f6c7b229/datanode-1/data-0/containers/hdds of storage type : DISK capacity : 9223372036854775807
2023-01-26 20:32:56,074 [Listener at 127.0.0.1/35105] INFO  volume.MutableVolumeSet (MutableVolumeSet.java:initializeVolumeSet(174)) - Added Volume : /home/runner/work/ozone/ozone/hadoop-ozone/integration-test/target/test-dir/MiniOzoneClusterImpl-ced6b6c1-d1ae-4b41-aa13-dfc1f6c7b229/datanode-1/data-0/containers/hdds to VolumeSet
2023-01-26 20:32:56,074 [Listener at 127.0.0.1/35105] INFO  volume.ThrottledAsyncChecker (ThrottledAsyncChecker.java:schedule(141)) - Scheduling a check for /home/runner/work/ozone/ozone/hadoop-ozone/integration-test/target/test-dir/MiniOzoneClusterImpl-ced6b6c1-d1ae-4b41-aa13-dfc1f6c7b229/datanode-1/data-0/containers/hdds
2023-01-26 20:32:56,075 [Listener at 127.0.0.1/35105] INFO  volume.StorageVolumeChecker (StorageVolumeChecker.java:checkAllVolumes(202)) - Scheduled health check for volume /home/runner/work/ozone/ozone/hadoop-ozone/integration-test/target/test-dir/MiniOzoneClusterImpl-ced6b6c1-d1ae-4b41-aa13-dfc1f6c7b229/datanode-1/data-0/containers/hdds
2023-01-26 20:32:56,085 [Listener at 127.0.0.1/35105] INFO  volume.MutableVolumeSet (MutableVolumeSet.java:initializeVolumeSet(174)) - Added Volume : /home/runner/work/ozone/ozone/hadoop-ozone/integration-test/target/test-dir/MiniOzoneClusterImpl-ced6b6c1-d1ae-4b41-aa13-dfc1f6c7b229/datanode-1/data/ratis to VolumeSet
2023-01-26 20:32:56,086 [Listener at 127.0.0.1/35105] INFO  volume.ThrottledAsyncChecker (ThrottledAsyncChecker.java:schedule(141)) - Scheduling a check for /home/runner/work/ozone/ozone/hadoop-ozone/integration-test/target/test-dir/MiniOzoneClusterImpl-ced6b6c1-d1ae-4b41-aa13-dfc1f6c7b229/datanode-1/data/ratis
2023-01-26 20:32:56,086 [Listener at 127.0.0.1/35105] INFO  volume.StorageVolumeChecker (StorageVolumeChecker.java:checkAllVolumes(202)) - Scheduled health check for volume /home/runner/work/ozone/ozone/hadoop-ozone/integration-test/target/test-dir/MiniOzoneClusterImpl-ced6b6c1-d1ae-4b41-aa13-dfc1f6c7b229/datanode-1/data/ratis
2023-01-26 20:32:56,096 [Thread-1370] INFO  ozoneimpl.ContainerReader (ContainerReader.java:readVolume(175)) - Finish verifying containers on volume /home/runner/work/ozone/ozone/hadoop-ozone/integration-test/target/test-dir/MiniOzoneClusterImpl-ced6b6c1-d1ae-4b41-aa13-dfc1f6c7b229/datanode-1/data-0/containers/hdds
2023-01-26 20:32:56,096 [Listener at 127.0.0.1/35105] INFO  ozoneimpl.OzoneContainer (OzoneContainer.java:buildContainerSet(305)) - Build ContainerSet costs 0s
2023-01-26 20:32:56,098 [Listener at 127.0.0.1/35105] INFO  server.RaftServer (ConfUtils.java:logGet(46)) - raft.rpc.type = GRPC (default)
2023-01-26 20:32:56,098 [Listener at 127.0.0.1/35105] INFO  grpc.GrpcConfigKeys (ConfUtils.java:logFallback(53)) - raft.grpc.admin.host = null (fallback to raft.grpc.server.host)
2023-01-26 20:32:56,098 [Listener at 127.0.0.1/35105] INFO  grpc.GrpcConfigKeys (ConfUtils.java:logGet(46)) - raft.grpc.admin.port = 0 (custom)
2023-01-26 20:32:56,098 [Listener at 127.0.0.1/35105] INFO  grpc.GrpcConfigKeys (ConfUtils.java:logFallback(53)) - raft.grpc.client.host = null (fallback to raft.grpc.server.host)
2023-01-26 20:32:56,098 [Listener at 127.0.0.1/35105] INFO  grpc.GrpcConfigKeys (ConfUtils.java:logGet(46)) - raft.grpc.client.port = 0 (custom)
2023-01-26 20:32:56,098 [Listener at 127.0.0.1/35105] INFO  grpc.GrpcConfigKeys (ConfUtils.java:logGet(46)) - raft.grpc.server.host = null (default)
2023-01-26 20:32:56,098 [Listener at 127.0.0.1/35105] INFO  grpc.GrpcConfigKeys (ConfUtils.java:logGet(46)) - raft.grpc.server.port = 0 (default)
2023-01-26 20:32:56,099 [Listener at 127.0.0.1/35105] INFO  server.GrpcService (ConfUtils.java:logGet(46)) - raft.grpc.message.size.max = 32MB (=33554432) (custom)
2023-01-26 20:32:56,099 [Listener at 127.0.0.1/35105] INFO  server.RaftServerConfigKeys (ConfUtils.java:logGet(46)) - raft.server.log.appender.buffer.byte-limit = 33554432 (custom)
2023-01-26 20:32:56,099 [Listener at 127.0.0.1/35105] INFO  server.GrpcService (ConfUtils.java:logGet(46)) - raft.grpc.flow.control.window = 5MB (=5242880) (custom)
2023-01-26 20:32:56,099 [Listener at 127.0.0.1/35105] INFO  server.RaftServerConfigKeys (ConfUtils.java:logGet(46)) - raft.server.rpc.request.timeout = 60s (custom)
2023-01-26 20:32:56,099 [Listener at 127.0.0.1/35105] INFO  grpc.GrpcConfigKeys (ConfUtils.java:logGet(46)) - raft.grpc.server.heartbeat.channel = true (default)
2023-01-26 20:32:56,099 [Listener at 127.0.0.1/35105] INFO  grpc.GrpcConfigKeys (ConfUtils.java:logGet(46)) - raft.grpc.server.async.request.thread.pool.cached = true (default)
2023-01-26 20:32:56,099 [Listener at 127.0.0.1/35105] INFO  grpc.GrpcConfigKeys (ConfUtils.java:logGet(46)) - raft.grpc.server.async.request.thread.pool.size = 32 (default)
2023-01-26 20:32:56,100 [Listener at 127.0.0.1/35105] INFO  impl.DataStreamServerImpl (ConfUtils.java:logGet(46)) - raft.datastream.type = NETTY (custom)
2023-01-26 20:32:56,100 [Listener at 127.0.0.1/35105] INFO  server.RaftServerConfigKeys (ConfUtils.java:logGet(46)) - raft.server.data-stream.async.request.thread.pool.cached = false (default)
2023-01-26 20:32:56,100 [Listener at 127.0.0.1/35105] INFO  server.RaftServerConfigKeys (ConfUtils.java:logGet(46)) - raft.server.data-stream.async.request.thread.pool.size = 20 (custom)
2023-01-26 20:32:56,100 [Listener at 127.0.0.1/35105] INFO  server.RaftServerConfigKeys (ConfUtils.java:logGet(46)) - raft.server.data-stream.async.write.thread.pool.size = 16 (default)
2023-01-26 20:32:56,101 [Listener at 127.0.0.1/35105] INFO  server.RaftServerConfigKeys (ConfUtils.java:logGet(46)) - raft.server.data-stream.client.pool.size = 10 (default)
2023-01-26 20:32:56,101 [Listener at 127.0.0.1/35105] INFO  netty.NettyConfigKeys$DataStream (ConfUtils.java:logGet(46)) - raft.netty.dataStream.server.use-epoll = false (default)
2023-01-26 20:32:56,101 [Listener at 127.0.0.1/35105] INFO  netty.NettyConfigKeys$DataStream (ConfUtils.java:logGet(46)) - raft.netty.dataStream.server.boss-group.size = 0 (default)
2023-01-26 20:32:56,101 [Listener at 127.0.0.1/35105] INFO  netty.NettyConfigKeys$DataStream (ConfUtils.java:logGet(46)) - raft.netty.dataStream.server.worker-group.size = 0 (default)
2023-01-26 20:32:56,101 [Listener at 127.0.0.1/35105] INFO  netty.NettyConfigKeys$DataStream (ConfUtils.java:logGet(46)) - raft.netty.dataStream.server.tls.conf = null (default)
2023-01-26 20:32:56,101 [Listener at 127.0.0.1/35105] INFO  netty.NettyConfigKeys$DataStream (ConfUtils.java:logGet(46)) - raft.netty.dataStream.host = null (default)
2023-01-26 20:32:56,101 [Listener at 127.0.0.1/35105] INFO  netty.NettyConfigKeys$DataStream (ConfUtils.java:logGet(46)) - raft.netty.dataStream.port = 0 (default)
2023-01-26 20:32:56,102 [Listener at 127.0.0.1/35105] INFO  server.RaftServerConfigKeys (ConfUtils.java:logGet(46)) - raft.server.threadpool.proxy.cached = true (default)
2023-01-26 20:32:56,102 [Listener at 127.0.0.1/35105] INFO  server.RaftServerConfigKeys (ConfUtils.java:logGet(46)) - raft.server.threadpool.proxy.size = 0 (default)
2023-01-26 20:32:56,102 [Listener at 127.0.0.1/35105] INFO  server.RaftServerConfigKeys (ConfUtils.java:logGet(46)) - raft.server.rpc.slowness.timeout = 300s (custom)
2023-01-26 20:32:56,102 [Listener at 127.0.0.1/35105] INFO  server.RaftServerConfigKeys (ConfUtils.java:logGet(46)) - raft.server.leaderelection.leader.step-down.wait-time = 10s (default)
2023-01-26 20:32:56,102 [Listener at 127.0.0.1/35105] INFO  server.RaftServerConfigKeys (ConfUtils.java:logGet(46)) - raft.server.storage.dir = [/home/runner/work/ozone/ozone/hadoop-ozone/integration-test/target/test-dir/MiniOzoneClusterImpl-ced6b6c1-d1ae-4b41-aa13-dfc1f6c7b229/datanode-1/data/ratis] (custom)
2023-01-26 20:32:56,103 [2950c1a1-45bf-4864-9732-08ad567daa78-NettyServerStreamRpc-bossGroup--thread1] INFO  logging.LoggingHandler (AbstractInternalLogger.java:log(148)) - [id: 0xfca167e7] REGISTERED
2023-01-26 20:32:56,104 [Listener at 127.0.0.1/35105] INFO  server.XceiverServerGrpc (XceiverServerGrpc.java:<init>(132)) - GrpcServer channel type EpollServerSocketChannel
2023-01-26 20:32:56,106 [2950c1a1-45bf-4864-9732-08ad567daa78-NettyServerStreamRpc-bossGroup--thread1] INFO  logging.LoggingHandler (AbstractInternalLogger.java:log(148)) - [id: 0xfca167e7] BIND: 0.0.0.0/0.0.0.0:0
2023-01-26 20:32:56,106 [2950c1a1-45bf-4864-9732-08ad567daa78-NettyServerStreamRpc-bossGroup--thread1] INFO  logging.LoggingHandler (AbstractInternalLogger.java:log(148)) - [id: 0xfca167e7, L:/0:0:0:0:0:0:0:0:46779] ACTIVE
2023-01-26 20:32:56,106 [Listener at 127.0.0.1/35105] INFO  http.BaseHttpServer (BaseHttpServer.java:newHttpServer2BuilderForOzone(213)) - Starting Web-server for hddsDatanode at: http://0.0.0.0:0
2023-01-26 20:32:56,106 [Listener at 127.0.0.1/35105] INFO  http.BaseHttpServer (BaseHttpServer.java:<init>(108)) - Hadoop Security Enabled: false Ozone Security Enabled: false Ozone HTTP Security Enabled: false 
2023-01-26 20:32:56,107 [Listener at 127.0.0.1/35105] WARN  server.AuthenticationFilter (AuthenticationFilter.java:constructSecretProvider(240)) - Unable to initialize FileSignerSecretProvider, falling back to use random secrets. Reason: Could not read signature secret file: /home/runner/hadoop-http-auth-signature-secret
2023-01-26 20:32:56,108 [Listener at 127.0.0.1/35105] WARN  http.HttpRequestLog (HttpRequestLog.java:getRequestLog(103)) - Jetty request log can only be enabled using Log4j
2023-01-26 20:32:56,109 [Listener at 127.0.0.1/35105] INFO  http.HttpServer2 (HttpServer2.java:addGlobalFilter(1031)) - Added global filter 'safety' (class=org.apache.hadoop.hdds.server.http.HttpServer2$QuotingInputFilter)
2023-01-26 20:32:56,109 [Listener at 127.0.0.1/35105] INFO  http.HttpServer2 (HttpServer2.java:addFilter(1007)) - Added filter static_user_filter (class=org.apache.hadoop.http.lib.StaticUserWebFilter$StaticUserFilter) to context hddsDatanode
2023-01-26 20:32:56,109 [Listener at 127.0.0.1/35105] INFO  http.HttpServer2 (HttpServer2.java:addFilter(1015)) - Added filter static_user_filter (class=org.apache.hadoop.http.lib.StaticUserWebFilter$StaticUserFilter) to context logs
2023-01-26 20:32:56,109 [Listener at 127.0.0.1/35105] INFO  http.HttpServer2 (HttpServer2.java:addFilter(1015)) - Added filter static_user_filter (class=org.apache.hadoop.http.lib.StaticUserWebFilter$StaticUserFilter) to context static
2023-01-26 20:32:56,110 [Listener at 127.0.0.1/35105] INFO  http.HttpServer2 (HttpServer2.java:bindListener(1250)) - Jetty bound to port 34415
2023-01-26 20:32:56,110 [Listener at 127.0.0.1/35105] INFO  server.Server (Server.java:doStart(375)) - jetty-9.4.49.v20220914; built: 2022-09-14T01:07:36.601Z; git: 4231a3b2e4cb8548a412a789936d640a97b1aa0a; jvm 1.8.0_352-b08
2023-01-26 20:32:56,111 [Listener at 127.0.0.1/35105] INFO  server.session (DefaultSessionIdManager.java:doStart(334)) - DefaultSessionIdManager workerName=node0
2023-01-26 20:32:56,111 [Listener at 127.0.0.1/35105] INFO  server.session (DefaultSessionIdManager.java:doStart(339)) - No SessionScavenger set, using defaults
2023-01-26 20:32:56,112 [Listener at 127.0.0.1/35105] INFO  server.session (HouseKeeper.java:startScavenging(132)) - node0 Scavenging every 660000ms
2023-01-26 20:32:56,112 [Listener at 127.0.0.1/35105] INFO  handler.ContextHandler (ContextHandler.java:doStart(921)) - Started o.e.j.s.ServletContextHandler@1f0f4d9f{logs,/logs,file:///home/runner/work/ozone/ozone/hadoop-ozone/integration-test/target/log,AVAILABLE}
2023-01-26 20:32:56,113 [Listener at 127.0.0.1/35105] INFO  handler.ContextHandler (ContextHandler.java:doStart(921)) - Started o.e.j.s.ServletContextHandler@3a91318b{static,/static,jar:file:/home/runner/.m2/repository/org/apache/ozone/hdds-container-service/1.4.0-SNAPSHOT/hdds-container-service-1.4.0-SNAPSHOT.jar!/webapps/static,AVAILABLE}
2023-01-26 20:32:56,275 [Listener at 127.0.0.1/35105] INFO  handler.ContextHandler (ContextHandler.java:doStart(921)) - Started o.e.j.w.WebAppContext@59a9fe18{hddsDatanode,/,file:///tmp/jetty-0_0_0_0-34415-hdds-container-service-1_4_0-SNAPSHOT_jar-_-any-5066597533673127050/webapp/,AVAILABLE}{jar:file:/home/runner/.m2/repository/org/apache/ozone/hdds-container-service/1.4.0-SNAPSHOT/hdds-container-service-1.4.0-SNAPSHOT.jar!/webapps/hddsDatanode}
2023-01-26 20:32:56,277 [Listener at 127.0.0.1/35105] INFO  server.AbstractConnector (AbstractConnector.java:doStart(333)) - Started ServerConnector@1ac18275{HTTP/1.1, (http/1.1)}{0.0.0.0:34415}
2023-01-26 20:32:56,277 [Listener at 127.0.0.1/35105] INFO  server.Server (Server.java:doStart(415)) - Started @199972ms
2023-01-26 20:32:56,277 [Listener at 127.0.0.1/35105] WARN  impl.MetricsSystemImpl (MetricsSystemImpl.java:register(279)) - Sink prometheus already exists!
2023-01-26 20:32:56,278 [Listener at 127.0.0.1/35105] INFO  http.BaseHttpServer (BaseHttpServer.java:updateConnectorAddress(333)) - HTTP server of hddsDatanode listening at http://0.0.0.0:34415
2023-01-26 20:32:56,278 [Datanode State Machine Daemon Thread] INFO  statemachine.DatanodeStateMachine (DatanodeStateMachine.java:lambda$startDaemon$0(515)) - Ozone container server started.
2023-01-26 20:32:56,279 [Listener at 127.0.0.1/35105] WARN  impl.MetricRegistriesImpl (MetricRegistriesImpl.java:addReporterRegistration(111)) - New reporters are added after registries were created. Some metrics will be missing from the reporter. Please add reporter before adding any new registry.
2023-01-26 20:32:56,281 [Listener at 127.0.0.1/35105] WARN  impl.MetricRegistriesImpl (MetricRegistriesImpl.java:addReporterRegistration(111)) - New reporters are added after registries were created. Some metrics will be missing from the reporter. Please add reporter before adding any new registry.
2023-01-26 20:32:56,281 [Listener at 127.0.0.1/35105] INFO  impl.MetricsSystemImpl (MetricsSystemImpl.java:init(158)) - HddsDatanode metrics system started (again)
2023-01-26 20:32:56,292 [Listener at 127.0.0.1/35105] INFO  ozone.HddsDatanodeService (HddsDatanodeService.java:start(228)) - HddsDatanodeService host:fv-az462-54.0zuljvm5d0yedf4jva4xayy4gc.gx.internal.cloudapp.net ip:10.1.0.15
2023-01-26 20:32:56,292 [org.apache.hadoop.util.JvmPauseMonitor$Monitor@24441b93] INFO  util.JvmPauseMonitor (JvmPauseMonitor.java:run(188)) - Starting JVM pause monitor
2023-01-26 20:32:56,294 [Datanode State Machine Task Thread - 0] INFO  datanode.InitDatanodeState (InitDatanodeState.java:persistContainerDatanodeDetails(138)) - DatanodeDetails is persisted to /home/runner/work/ozone/ozone/hadoop-ozone/integration-test/target/test-dir/MiniOzoneClusterImpl-ced6b6c1-d1ae-4b41-aa13-dfc1f6c7b229/datanode-1/meta/datanode.id
2023-01-26 20:32:56,308 [Listener at 127.0.0.1/35105] INFO  upgrade.AbstractLayoutVersionManager (AbstractLayoutVersionManager.java:init(83)) - Initializing Layout version manager with metadata layout = DATANODE_SCHEMA_V3 (version = 4), software layout = DATANODE_SCHEMA_V3 (version = 4)
2023-01-26 20:32:56,350 [Listener at 127.0.0.1/35105] INFO  reflections.Reflections (Reflections.java:scan(232)) - Reflections took 41 ms to scan 7 urls, producing 148 keys and 356 values 
2023-01-26 20:32:56,351 [Listener at 127.0.0.1/35105] INFO  statemachine.DatanodeStateMachine (DatanodeStateMachine.java:getEndPointTaskThreadPoolSize(259)) - Datanode State Machine Task Thread Pool size 2
2023-01-26 20:32:56,353 [Listener at 127.0.0.1/35105] INFO  volume.HddsVolume (HddsVolume.java:<init>(117)) - Creating HddsVolume: /home/runner/work/ozone/ozone/hadoop-ozone/integration-test/target/test-dir/MiniOzoneClusterImpl-ced6b6c1-d1ae-4b41-aa13-dfc1f6c7b229/datanode-2/data-0/containers/hdds of storage type : DISK capacity : 9223372036854775807
2023-01-26 20:32:56,353 [Listener at 127.0.0.1/35105] INFO  volume.MutableVolumeSet (MutableVolumeSet.java:initializeVolumeSet(174)) - Added Volume : /home/runner/work/ozone/ozone/hadoop-ozone/integration-test/target/test-dir/MiniOzoneClusterImpl-ced6b6c1-d1ae-4b41-aa13-dfc1f6c7b229/datanode-2/data-0/containers/hdds to VolumeSet
2023-01-26 20:32:56,353 [Listener at 127.0.0.1/35105] INFO  volume.ThrottledAsyncChecker (ThrottledAsyncChecker.java:schedule(141)) - Scheduling a check for /home/runner/work/ozone/ozone/hadoop-ozone/integration-test/target/test-dir/MiniOzoneClusterImpl-ced6b6c1-d1ae-4b41-aa13-dfc1f6c7b229/datanode-2/data-0/containers/hdds
2023-01-26 20:32:56,354 [Listener at 127.0.0.1/35105] INFO  volume.StorageVolumeChecker (StorageVolumeChecker.java:checkAllVolumes(202)) - Scheduled health check for volume /home/runner/work/ozone/ozone/hadoop-ozone/integration-test/target/test-dir/MiniOzoneClusterImpl-ced6b6c1-d1ae-4b41-aa13-dfc1f6c7b229/datanode-2/data-0/containers/hdds
2023-01-26 20:32:56,365 [Listener at 127.0.0.1/35105] INFO  volume.MutableVolumeSet (MutableVolumeSet.java:initializeVolumeSet(174)) - Added Volume : /home/runner/work/ozone/ozone/hadoop-ozone/integration-test/target/test-dir/MiniOzoneClusterImpl-ced6b6c1-d1ae-4b41-aa13-dfc1f6c7b229/datanode-2/data/ratis to VolumeSet
2023-01-26 20:32:56,365 [Listener at 127.0.0.1/35105] INFO  volume.ThrottledAsyncChecker (ThrottledAsyncChecker.java:schedule(141)) - Scheduling a check for /home/runner/work/ozone/ozone/hadoop-ozone/integration-test/target/test-dir/MiniOzoneClusterImpl-ced6b6c1-d1ae-4b41-aa13-dfc1f6c7b229/datanode-2/data/ratis
2023-01-26 20:32:56,365 [Listener at 127.0.0.1/35105] INFO  volume.StorageVolumeChecker (StorageVolumeChecker.java:checkAllVolumes(202)) - Scheduled health check for volume /home/runner/work/ozone/ozone/hadoop-ozone/integration-test/target/test-dir/MiniOzoneClusterImpl-ced6b6c1-d1ae-4b41-aa13-dfc1f6c7b229/datanode-2/data/ratis
2023-01-26 20:32:56,375 [Thread-1384] INFO  ozoneimpl.ContainerReader (ContainerReader.java:readVolume(175)) - Finish verifying containers on volume /home/runner/work/ozone/ozone/hadoop-ozone/integration-test/target/test-dir/MiniOzoneClusterImpl-ced6b6c1-d1ae-4b41-aa13-dfc1f6c7b229/datanode-2/data-0/containers/hdds
2023-01-26 20:32:56,375 [Listener at 127.0.0.1/35105] INFO  ozoneimpl.OzoneContainer (OzoneContainer.java:buildContainerSet(305)) - Build ContainerSet costs 0s
2023-01-26 20:32:56,377 [Listener at 127.0.0.1/35105] INFO  server.RaftServer (ConfUtils.java:logGet(46)) - raft.rpc.type = GRPC (default)
2023-01-26 20:32:56,377 [Listener at 127.0.0.1/35105] INFO  grpc.GrpcConfigKeys (ConfUtils.java:logFallback(53)) - raft.grpc.admin.host = null (fallback to raft.grpc.server.host)
2023-01-26 20:32:56,377 [Listener at 127.0.0.1/35105] INFO  grpc.GrpcConfigKeys (ConfUtils.java:logGet(46)) - raft.grpc.admin.port = 0 (custom)
2023-01-26 20:32:56,377 [Listener at 127.0.0.1/35105] INFO  grpc.GrpcConfigKeys (ConfUtils.java:logFallback(53)) - raft.grpc.client.host = null (fallback to raft.grpc.server.host)
2023-01-26 20:32:56,377 [Listener at 127.0.0.1/35105] INFO  grpc.GrpcConfigKeys (ConfUtils.java:logGet(46)) - raft.grpc.client.port = 0 (custom)
2023-01-26 20:32:56,378 [Listener at 127.0.0.1/35105] INFO  grpc.GrpcConfigKeys (ConfUtils.java:logGet(46)) - raft.grpc.server.host = null (default)
2023-01-26 20:32:56,378 [Listener at 127.0.0.1/35105] INFO  grpc.GrpcConfigKeys (ConfUtils.java:logGet(46)) - raft.grpc.server.port = 0 (default)
2023-01-26 20:32:56,378 [Listener at 127.0.0.1/35105] INFO  server.GrpcService (ConfUtils.java:logGet(46)) - raft.grpc.message.size.max = 32MB (=33554432) (custom)
2023-01-26 20:32:56,378 [Listener at 127.0.0.1/35105] INFO  server.RaftServerConfigKeys (ConfUtils.java:logGet(46)) - raft.server.log.appender.buffer.byte-limit = 33554432 (custom)
2023-01-26 20:32:56,378 [Listener at 127.0.0.1/35105] INFO  server.GrpcService (ConfUtils.java:logGet(46)) - raft.grpc.flow.control.window = 5MB (=5242880) (custom)
2023-01-26 20:32:56,378 [Listener at 127.0.0.1/35105] INFO  server.RaftServerConfigKeys (ConfUtils.java:logGet(46)) - raft.server.rpc.request.timeout = 60s (custom)
2023-01-26 20:32:56,378 [Listener at 127.0.0.1/35105] INFO  grpc.GrpcConfigKeys (ConfUtils.java:logGet(46)) - raft.grpc.server.heartbeat.channel = true (default)
2023-01-26 20:32:56,378 [Listener at 127.0.0.1/35105] INFO  grpc.GrpcConfigKeys (ConfUtils.java:logGet(46)) - raft.grpc.server.async.request.thread.pool.cached = true (default)
2023-01-26 20:32:56,378 [Listener at 127.0.0.1/35105] INFO  grpc.GrpcConfigKeys (ConfUtils.java:logGet(46)) - raft.grpc.server.async.request.thread.pool.size = 32 (default)
2023-01-26 20:32:56,379 [Listener at 127.0.0.1/35105] INFO  impl.DataStreamServerImpl (ConfUtils.java:logGet(46)) - raft.datastream.type = NETTY (custom)
2023-01-26 20:32:56,379 [Listener at 127.0.0.1/35105] INFO  server.RaftServerConfigKeys (ConfUtils.java:logGet(46)) - raft.server.data-stream.async.request.thread.pool.cached = false (default)
2023-01-26 20:32:56,380 [Listener at 127.0.0.1/35105] INFO  server.RaftServerConfigKeys (ConfUtils.java:logGet(46)) - raft.server.data-stream.async.request.thread.pool.size = 20 (custom)
2023-01-26 20:32:56,380 [Listener at 127.0.0.1/35105] INFO  server.RaftServerConfigKeys (ConfUtils.java:logGet(46)) - raft.server.data-stream.async.write.thread.pool.size = 16 (default)
2023-01-26 20:32:56,380 [Listener at 127.0.0.1/35105] INFO  server.RaftServerConfigKeys (ConfUtils.java:logGet(46)) - raft.server.data-stream.client.pool.size = 10 (default)
2023-01-26 20:32:56,380 [Listener at 127.0.0.1/35105] INFO  netty.NettyConfigKeys$DataStream (ConfUtils.java:logGet(46)) - raft.netty.dataStream.server.use-epoll = false (default)
2023-01-26 20:32:56,380 [Listener at 127.0.0.1/35105] INFO  netty.NettyConfigKeys$DataStream (ConfUtils.java:logGet(46)) - raft.netty.dataStream.server.boss-group.size = 0 (default)
2023-01-26 20:32:56,380 [Listener at 127.0.0.1/35105] INFO  netty.NettyConfigKeys$DataStream (ConfUtils.java:logGet(46)) - raft.netty.dataStream.server.worker-group.size = 0 (default)
2023-01-26 20:32:56,381 [Listener at 127.0.0.1/35105] INFO  netty.NettyConfigKeys$DataStream (ConfUtils.java:logGet(46)) - raft.netty.dataStream.server.tls.conf = null (default)
2023-01-26 20:32:56,381 [Listener at 127.0.0.1/35105] INFO  netty.NettyConfigKeys$DataStream (ConfUtils.java:logGet(46)) - raft.netty.dataStream.host = null (default)
2023-01-26 20:32:56,381 [Listener at 127.0.0.1/35105] INFO  netty.NettyConfigKeys$DataStream (ConfUtils.java:logGet(46)) - raft.netty.dataStream.port = 0 (default)
2023-01-26 20:32:56,381 [Listener at 127.0.0.1/35105] INFO  server.RaftServerConfigKeys (ConfUtils.java:logGet(46)) - raft.server.threadpool.proxy.cached = true (default)
2023-01-26 20:32:56,381 [Listener at 127.0.0.1/35105] INFO  server.RaftServerConfigKeys (ConfUtils.java:logGet(46)) - raft.server.threadpool.proxy.size = 0 (default)
2023-01-26 20:32:56,381 [Listener at 127.0.0.1/35105] INFO  server.RaftServerConfigKeys (ConfUtils.java:logGet(46)) - raft.server.rpc.slowness.timeout = 300s (custom)
2023-01-26 20:32:56,382 [Listener at 127.0.0.1/35105] INFO  server.RaftServerConfigKeys (ConfUtils.java:logGet(46)) - raft.server.leaderelection.leader.step-down.wait-time = 10s (default)
2023-01-26 20:32:56,382 [Listener at 127.0.0.1/35105] INFO  server.RaftServerConfigKeys (ConfUtils.java:logGet(46)) - raft.server.storage.dir = [/home/runner/work/ozone/ozone/hadoop-ozone/integration-test/target/test-dir/MiniOzoneClusterImpl-ced6b6c1-d1ae-4b41-aa13-dfc1f6c7b229/datanode-2/data/ratis] (custom)
2023-01-26 20:32:56,382 [e073a1c5-1734-4c1f-8e4b-400896f1077e-NettyServerStreamRpc-bossGroup--thread1] INFO  logging.LoggingHandler (AbstractInternalLogger.java:log(148)) - [id: 0xc5197cf7] REGISTERED
2023-01-26 20:32:56,382 [e073a1c5-1734-4c1f-8e4b-400896f1077e-NettyServerStreamRpc-bossGroup--thread1] INFO  logging.LoggingHandler (AbstractInternalLogger.java:log(148)) - [id: 0xc5197cf7] BIND: 0.0.0.0/0.0.0.0:0
2023-01-26 20:32:56,382 [e073a1c5-1734-4c1f-8e4b-400896f1077e-NettyServerStreamRpc-bossGroup--thread1] INFO  logging.LoggingHandler (AbstractInternalLogger.java:log(148)) - [id: 0xc5197cf7, L:/0:0:0:0:0:0:0:0:37283] ACTIVE
2023-01-26 20:32:56,384 [Listener at 127.0.0.1/35105] INFO  server.XceiverServerGrpc (XceiverServerGrpc.java:<init>(132)) - GrpcServer channel type EpollServerSocketChannel
2023-01-26 20:32:56,386 [Listener at 127.0.0.1/35105] INFO  http.BaseHttpServer (BaseHttpServer.java:newHttpServer2BuilderForOzone(213)) - Starting Web-server for hddsDatanode at: http://0.0.0.0:0
2023-01-26 20:32:56,387 [Listener at 127.0.0.1/35105] INFO  http.BaseHttpServer (BaseHttpServer.java:<init>(108)) - Hadoop Security Enabled: false Ozone Security Enabled: false Ozone HTTP Security Enabled: false 
2023-01-26 20:32:56,387 [Listener at 127.0.0.1/35105] WARN  server.AuthenticationFilter (AuthenticationFilter.java:constructSecretProvider(240)) - Unable to initialize FileSignerSecretProvider, falling back to use random secrets. Reason: Could not read signature secret file: /home/runner/hadoop-http-auth-signature-secret
2023-01-26 20:32:56,388 [Listener at 127.0.0.1/35105] WARN  http.HttpRequestLog (HttpRequestLog.java:getRequestLog(103)) - Jetty request log can only be enabled using Log4j
2023-01-26 20:32:56,389 [Listener at 127.0.0.1/35105] INFO  http.HttpServer2 (HttpServer2.java:addGlobalFilter(1031)) - Added global filter 'safety' (class=org.apache.hadoop.hdds.server.http.HttpServer2$QuotingInputFilter)
2023-01-26 20:32:56,390 [Listener at 127.0.0.1/35105] INFO  http.HttpServer2 (HttpServer2.java:addFilter(1007)) - Added filter static_user_filter (class=org.apache.hadoop.http.lib.StaticUserWebFilter$StaticUserFilter) to context hddsDatanode
2023-01-26 20:32:56,390 [Listener at 127.0.0.1/35105] INFO  http.HttpServer2 (HttpServer2.java:addFilter(1015)) - Added filter static_user_filter (class=org.apache.hadoop.http.lib.StaticUserWebFilter$StaticUserFilter) to context logs
2023-01-26 20:32:56,390 [Listener at 127.0.0.1/35105] INFO  http.HttpServer2 (HttpServer2.java:addFilter(1015)) - Added filter static_user_filter (class=org.apache.hadoop.http.lib.StaticUserWebFilter$StaticUserFilter) to context static
2023-01-26 20:32:56,390 [Listener at 127.0.0.1/35105] INFO  http.HttpServer2 (HttpServer2.java:bindListener(1250)) - Jetty bound to port 45479
2023-01-26 20:32:56,390 [Listener at 127.0.0.1/35105] INFO  server.Server (Server.java:doStart(375)) - jetty-9.4.49.v20220914; built: 2022-09-14T01:07:36.601Z; git: 4231a3b2e4cb8548a412a789936d640a97b1aa0a; jvm 1.8.0_352-b08
2023-01-26 20:32:56,397 [Listener at 127.0.0.1/35105] INFO  server.session (DefaultSessionIdManager.java:doStart(334)) - DefaultSessionIdManager workerName=node0
2023-01-26 20:32:56,397 [Listener at 127.0.0.1/35105] INFO  server.session (DefaultSessionIdManager.java:doStart(339)) - No SessionScavenger set, using defaults
2023-01-26 20:32:56,398 [Listener at 127.0.0.1/35105] INFO  server.session (HouseKeeper.java:startScavenging(132)) - node0 Scavenging every 660000ms
2023-01-26 20:32:56,398 [Listener at 127.0.0.1/35105] INFO  handler.ContextHandler (ContextHandler.java:doStart(921)) - Started o.e.j.s.ServletContextHandler@45bceeb{logs,/logs,file:///home/runner/work/ozone/ozone/hadoop-ozone/integration-test/target/log,AVAILABLE}
2023-01-26 20:32:56,399 [Listener at 127.0.0.1/35105] INFO  handler.ContextHandler (ContextHandler.java:doStart(921)) - Started o.e.j.s.ServletContextHandler@53a6294f{static,/static,jar:file:/home/runner/.m2/repository/org/apache/ozone/hdds-container-service/1.4.0-SNAPSHOT/hdds-container-service-1.4.0-SNAPSHOT.jar!/webapps/static,AVAILABLE}
2023-01-26 20:32:56,570 [Listener at 127.0.0.1/35105] INFO  handler.ContextHandler (ContextHandler.java:doStart(921)) - Started o.e.j.w.WebAppContext@30dc3d90{hddsDatanode,/,file:///tmp/jetty-0_0_0_0-45479-hdds-container-service-1_4_0-SNAPSHOT_jar-_-any-1842330993777198648/webapp/,AVAILABLE}{jar:file:/home/runner/.m2/repository/org/apache/ozone/hdds-container-service/1.4.0-SNAPSHOT/hdds-container-service-1.4.0-SNAPSHOT.jar!/webapps/hddsDatanode}
2023-01-26 20:32:56,572 [Listener at 127.0.0.1/35105] INFO  server.AbstractConnector (AbstractConnector.java:doStart(333)) - Started ServerConnector@60eed3d7{HTTP/1.1, (http/1.1)}{0.0.0.0:45479}
2023-01-26 20:32:56,572 [Listener at 127.0.0.1/35105] INFO  server.Server (Server.java:doStart(415)) - Started @200267ms
2023-01-26 20:32:56,572 [Listener at 127.0.0.1/35105] WARN  impl.MetricsSystemImpl (MetricsSystemImpl.java:register(279)) - Sink prometheus already exists!
2023-01-26 20:32:56,573 [Listener at 127.0.0.1/35105] INFO  http.BaseHttpServer (BaseHttpServer.java:updateConnectorAddress(333)) - HTTP server of hddsDatanode listening at http://0.0.0.0:45479
2023-01-26 20:32:56,573 [Datanode State Machine Daemon Thread] INFO  statemachine.DatanodeStateMachine (DatanodeStateMachine.java:lambda$startDaemon$0(515)) - Ozone container server started.
2023-01-26 20:32:56,573 [Listener at 127.0.0.1/35105] WARN  impl.MetricRegistriesImpl (MetricRegistriesImpl.java:addReporterRegistration(111)) - New reporters are added after registries were created. Some metrics will be missing from the reporter. Please add reporter before adding any new registry.
2023-01-26 20:32:56,575 [Listener at 127.0.0.1/35105] WARN  impl.MetricRegistriesImpl (MetricRegistriesImpl.java:addReporterRegistration(111)) - New reporters are added after registries were created. Some metrics will be missing from the reporter. Please add reporter before adding any new registry.
2023-01-26 20:32:56,575 [Listener at 127.0.0.1/35105] INFO  impl.MetricsSystemImpl (MetricsSystemImpl.java:init(158)) - HddsDatanode metrics system started (again)
2023-01-26 20:32:56,588 [org.apache.hadoop.util.JvmPauseMonitor$Monitor@269d2c72] INFO  util.JvmPauseMonitor (JvmPauseMonitor.java:run(188)) - Starting JVM pause monitor
2023-01-26 20:32:56,593 [Listener at 127.0.0.1/35105] INFO  ozone.HddsDatanodeService (HddsDatanodeService.java:start(228)) - HddsDatanodeService host:fv-az462-54.0zuljvm5d0yedf4jva4xayy4gc.gx.internal.cloudapp.net ip:10.1.0.15
2023-01-26 20:32:56,597 [Datanode State Machine Task Thread - 0] INFO  datanode.InitDatanodeState (InitDatanodeState.java:persistContainerDatanodeDetails(138)) - DatanodeDetails is persisted to /home/runner/work/ozone/ozone/hadoop-ozone/integration-test/target/test-dir/MiniOzoneClusterImpl-ced6b6c1-d1ae-4b41-aa13-dfc1f6c7b229/datanode-2/meta/datanode.id
2023-01-26 20:32:56,614 [Listener at 127.0.0.1/35105] INFO  upgrade.AbstractLayoutVersionManager (AbstractLayoutVersionManager.java:init(83)) - Initializing Layout version manager with metadata layout = DATANODE_SCHEMA_V3 (version = 4), software layout = DATANODE_SCHEMA_V3 (version = 4)
2023-01-26 20:32:56,658 [Listener at 127.0.0.1/35105] INFO  reflections.Reflections (Reflections.java:scan(232)) - Reflections took 43 ms to scan 7 urls, producing 148 keys and 356 values 
2023-01-26 20:32:56,659 [Listener at 127.0.0.1/35105] INFO  statemachine.DatanodeStateMachine (DatanodeStateMachine.java:getEndPointTaskThreadPoolSize(259)) - Datanode State Machine Task Thread Pool size 2
2023-01-26 20:32:56,663 [Listener at 127.0.0.1/35105] INFO  volume.HddsVolume (HddsVolume.java:<init>(117)) - Creating HddsVolume: /home/runner/work/ozone/ozone/hadoop-ozone/integration-test/target/test-dir/MiniOzoneClusterImpl-ced6b6c1-d1ae-4b41-aa13-dfc1f6c7b229/datanode-3/data-0/containers/hdds of storage type : DISK capacity : 9223372036854775807
2023-01-26 20:32:56,663 [Listener at 127.0.0.1/35105] INFO  volume.MutableVolumeSet (MutableVolumeSet.java:initializeVolumeSet(174)) - Added Volume : /home/runner/work/ozone/ozone/hadoop-ozone/integration-test/target/test-dir/MiniOzoneClusterImpl-ced6b6c1-d1ae-4b41-aa13-dfc1f6c7b229/datanode-3/data-0/containers/hdds to VolumeSet
2023-01-26 20:32:56,663 [Listener at 127.0.0.1/35105] INFO  volume.ThrottledAsyncChecker (ThrottledAsyncChecker.java:schedule(141)) - Scheduling a check for /home/runner/work/ozone/ozone/hadoop-ozone/integration-test/target/test-dir/MiniOzoneClusterImpl-ced6b6c1-d1ae-4b41-aa13-dfc1f6c7b229/datanode-3/data-0/containers/hdds
2023-01-26 20:32:56,664 [Listener at 127.0.0.1/35105] INFO  volume.StorageVolumeChecker (StorageVolumeChecker.java:checkAllVolumes(202)) - Scheduled health check for volume /home/runner/work/ozone/ozone/hadoop-ozone/integration-test/target/test-dir/MiniOzoneClusterImpl-ced6b6c1-d1ae-4b41-aa13-dfc1f6c7b229/datanode-3/data-0/containers/hdds
2023-01-26 20:32:56,676 [Listener at 127.0.0.1/35105] INFO  volume.MutableVolumeSet (MutableVolumeSet.java:initializeVolumeSet(174)) - Added Volume : /home/runner/work/ozone/ozone/hadoop-ozone/integration-test/target/test-dir/MiniOzoneClusterImpl-ced6b6c1-d1ae-4b41-aa13-dfc1f6c7b229/datanode-3/data/ratis to VolumeSet
2023-01-26 20:32:56,678 [Listener at 127.0.0.1/35105] INFO  volume.ThrottledAsyncChecker (ThrottledAsyncChecker.java:schedule(141)) - Scheduling a check for /home/runner/work/ozone/ozone/hadoop-ozone/integration-test/target/test-dir/MiniOzoneClusterImpl-ced6b6c1-d1ae-4b41-aa13-dfc1f6c7b229/datanode-3/data/ratis
2023-01-26 20:32:56,680 [Listener at 127.0.0.1/35105] INFO  volume.StorageVolumeChecker (StorageVolumeChecker.java:checkAllVolumes(202)) - Scheduled health check for volume /home/runner/work/ozone/ozone/hadoop-ozone/integration-test/target/test-dir/MiniOzoneClusterImpl-ced6b6c1-d1ae-4b41-aa13-dfc1f6c7b229/datanode-3/data/ratis
2023-01-26 20:32:56,690 [Thread-1398] INFO  ozoneimpl.ContainerReader (ContainerReader.java:readVolume(175)) - Finish verifying containers on volume /home/runner/work/ozone/ozone/hadoop-ozone/integration-test/target/test-dir/MiniOzoneClusterImpl-ced6b6c1-d1ae-4b41-aa13-dfc1f6c7b229/datanode-3/data-0/containers/hdds
2023-01-26 20:32:56,691 [Listener at 127.0.0.1/35105] INFO  ozoneimpl.OzoneContainer (OzoneContainer.java:buildContainerSet(305)) - Build ContainerSet costs 0s
2023-01-26 20:32:56,692 [Listener at 127.0.0.1/35105] INFO  server.RaftServer (ConfUtils.java:logGet(46)) - raft.rpc.type = GRPC (default)
2023-01-26 20:32:56,693 [Listener at 127.0.0.1/35105] INFO  grpc.GrpcConfigKeys (ConfUtils.java:logFallback(53)) - raft.grpc.admin.host = null (fallback to raft.grpc.server.host)
2023-01-26 20:32:56,693 [Listener at 127.0.0.1/35105] INFO  grpc.GrpcConfigKeys (ConfUtils.java:logGet(46)) - raft.grpc.admin.port = 0 (custom)
2023-01-26 20:32:56,693 [Listener at 127.0.0.1/35105] INFO  grpc.GrpcConfigKeys (ConfUtils.java:logFallback(53)) - raft.grpc.client.host = null (fallback to raft.grpc.server.host)
2023-01-26 20:32:56,693 [Listener at 127.0.0.1/35105] INFO  grpc.GrpcConfigKeys (ConfUtils.java:logGet(46)) - raft.grpc.client.port = 0 (custom)
2023-01-26 20:32:56,693 [Listener at 127.0.0.1/35105] INFO  grpc.GrpcConfigKeys (ConfUtils.java:logGet(46)) - raft.grpc.server.host = null (default)
2023-01-26 20:32:56,693 [Listener at 127.0.0.1/35105] INFO  grpc.GrpcConfigKeys (ConfUtils.java:logGet(46)) - raft.grpc.server.port = 0 (default)
2023-01-26 20:32:56,693 [Listener at 127.0.0.1/35105] INFO  server.GrpcService (ConfUtils.java:logGet(46)) - raft.grpc.message.size.max = 32MB (=33554432) (custom)
2023-01-26 20:32:56,693 [Listener at 127.0.0.1/35105] INFO  server.RaftServerConfigKeys (ConfUtils.java:logGet(46)) - raft.server.log.appender.buffer.byte-limit = 33554432 (custom)
2023-01-26 20:32:56,693 [Listener at 127.0.0.1/35105] INFO  server.GrpcService (ConfUtils.java:logGet(46)) - raft.grpc.flow.control.window = 5MB (=5242880) (custom)
2023-01-26 20:32:56,693 [Listener at 127.0.0.1/35105] INFO  server.RaftServerConfigKeys (ConfUtils.java:logGet(46)) - raft.server.rpc.request.timeout = 60s (custom)
2023-01-26 20:32:56,693 [Listener at 127.0.0.1/35105] INFO  grpc.GrpcConfigKeys (ConfUtils.java:logGet(46)) - raft.grpc.server.heartbeat.channel = true (default)
2023-01-26 20:32:56,694 [Listener at 127.0.0.1/35105] INFO  grpc.GrpcConfigKeys (ConfUtils.java:logGet(46)) - raft.grpc.server.async.request.thread.pool.cached = true (default)
2023-01-26 20:32:56,694 [Listener at 127.0.0.1/35105] INFO  grpc.GrpcConfigKeys (ConfUtils.java:logGet(46)) - raft.grpc.server.async.request.thread.pool.size = 32 (default)
2023-01-26 20:32:56,695 [Listener at 127.0.0.1/35105] INFO  impl.DataStreamServerImpl (ConfUtils.java:logGet(46)) - raft.datastream.type = NETTY (custom)
2023-01-26 20:32:56,695 [Listener at 127.0.0.1/35105] INFO  server.RaftServerConfigKeys (ConfUtils.java:logGet(46)) - raft.server.data-stream.async.request.thread.pool.cached = false (default)
2023-01-26 20:32:56,695 [Listener at 127.0.0.1/35105] INFO  server.RaftServerConfigKeys (ConfUtils.java:logGet(46)) - raft.server.data-stream.async.request.thread.pool.size = 20 (custom)
2023-01-26 20:32:56,695 [Listener at 127.0.0.1/35105] INFO  server.RaftServerConfigKeys (ConfUtils.java:logGet(46)) - raft.server.data-stream.async.write.thread.pool.size = 16 (default)
2023-01-26 20:32:56,695 [Listener at 127.0.0.1/35105] INFO  server.RaftServerConfigKeys (ConfUtils.java:logGet(46)) - raft.server.data-stream.client.pool.size = 10 (default)
2023-01-26 20:32:56,695 [Listener at 127.0.0.1/35105] INFO  netty.NettyConfigKeys$DataStream (ConfUtils.java:logGet(46)) - raft.netty.dataStream.server.use-epoll = false (default)
2023-01-26 20:32:56,695 [Listener at 127.0.0.1/35105] INFO  netty.NettyConfigKeys$DataStream (ConfUtils.java:logGet(46)) - raft.netty.dataStream.server.boss-group.size = 0 (default)
2023-01-26 20:32:56,696 [Listener at 127.0.0.1/35105] INFO  netty.NettyConfigKeys$DataStream (ConfUtils.java:logGet(46)) - raft.netty.dataStream.server.worker-group.size = 0 (default)
2023-01-26 20:32:56,696 [Listener at 127.0.0.1/35105] INFO  netty.NettyConfigKeys$DataStream (ConfUtils.java:logGet(46)) - raft.netty.dataStream.server.tls.conf = null (default)
2023-01-26 20:32:56,696 [Listener at 127.0.0.1/35105] INFO  netty.NettyConfigKeys$DataStream (ConfUtils.java:logGet(46)) - raft.netty.dataStream.host = null (default)
2023-01-26 20:32:56,696 [Listener at 127.0.0.1/35105] INFO  netty.NettyConfigKeys$DataStream (ConfUtils.java:logGet(46)) - raft.netty.dataStream.port = 0 (default)
2023-01-26 20:32:56,697 [Listener at 127.0.0.1/35105] INFO  server.RaftServerConfigKeys (ConfUtils.java:logGet(46)) - raft.server.threadpool.proxy.cached = true (default)
2023-01-26 20:32:56,697 [Listener at 127.0.0.1/35105] INFO  server.RaftServerConfigKeys (ConfUtils.java:logGet(46)) - raft.server.threadpool.proxy.size = 0 (default)
2023-01-26 20:32:56,697 [60a87c7d-8298-43e9-85a2-250658c19736-NettyServerStreamRpc-bossGroup--thread1] INFO  logging.LoggingHandler (AbstractInternalLogger.java:log(148)) - [id: 0xfa07d42b] REGISTERED
2023-01-26 20:32:56,697 [Listener at 127.0.0.1/35105] INFO  server.RaftServerConfigKeys (ConfUtils.java:logGet(46)) - raft.server.rpc.slowness.timeout = 300s (custom)
2023-01-26 20:32:56,697 [Listener at 127.0.0.1/35105] INFO  server.RaftServerConfigKeys (ConfUtils.java:logGet(46)) - raft.server.leaderelection.leader.step-down.wait-time = 10s (default)
2023-01-26 20:32:56,697 [60a87c7d-8298-43e9-85a2-250658c19736-NettyServerStreamRpc-bossGroup--thread1] INFO  logging.LoggingHandler (AbstractInternalLogger.java:log(148)) - [id: 0xfa07d42b] BIND: 0.0.0.0/0.0.0.0:0
2023-01-26 20:32:56,697 [Listener at 127.0.0.1/35105] INFO  server.RaftServerConfigKeys (ConfUtils.java:logGet(46)) - raft.server.storage.dir = [/home/runner/work/ozone/ozone/hadoop-ozone/integration-test/target/test-dir/MiniOzoneClusterImpl-ced6b6c1-d1ae-4b41-aa13-dfc1f6c7b229/datanode-3/data/ratis] (custom)
2023-01-26 20:32:56,697 [60a87c7d-8298-43e9-85a2-250658c19736-NettyServerStreamRpc-bossGroup--thread1] INFO  logging.LoggingHandler (AbstractInternalLogger.java:log(148)) - [id: 0xfa07d42b, L:/0:0:0:0:0:0:0:0:44249] ACTIVE
2023-01-26 20:32:56,699 [Listener at 127.0.0.1/35105] INFO  server.XceiverServerGrpc (XceiverServerGrpc.java:<init>(132)) - GrpcServer channel type EpollServerSocketChannel
2023-01-26 20:32:56,705 [Listener at 127.0.0.1/35105] INFO  http.BaseHttpServer (BaseHttpServer.java:newHttpServer2BuilderForOzone(213)) - Starting Web-server for hddsDatanode at: http://0.0.0.0:0
2023-01-26 20:32:56,705 [Listener at 127.0.0.1/35105] INFO  http.BaseHttpServer (BaseHttpServer.java:<init>(108)) - Hadoop Security Enabled: false Ozone Security Enabled: false Ozone HTTP Security Enabled: false 
2023-01-26 20:32:56,706 [Listener at 127.0.0.1/35105] WARN  server.AuthenticationFilter (AuthenticationFilter.java:constructSecretProvider(240)) - Unable to initialize FileSignerSecretProvider, falling back to use random secrets. Reason: Could not read signature secret file: /home/runner/hadoop-http-auth-signature-secret
2023-01-26 20:32:56,706 [Listener at 127.0.0.1/35105] WARN  http.HttpRequestLog (HttpRequestLog.java:getRequestLog(103)) - Jetty request log can only be enabled using Log4j
2023-01-26 20:32:56,707 [Listener at 127.0.0.1/35105] INFO  http.HttpServer2 (HttpServer2.java:addGlobalFilter(1031)) - Added global filter 'safety' (class=org.apache.hadoop.hdds.server.http.HttpServer2$QuotingInputFilter)
2023-01-26 20:32:56,707 [Listener at 127.0.0.1/35105] INFO  http.HttpServer2 (HttpServer2.java:addFilter(1007)) - Added filter static_user_filter (class=org.apache.hadoop.http.lib.StaticUserWebFilter$StaticUserFilter) to context hddsDatanode
2023-01-26 20:32:56,708 [Listener at 127.0.0.1/35105] INFO  http.HttpServer2 (HttpServer2.java:addFilter(1015)) - Added filter static_user_filter (class=org.apache.hadoop.http.lib.StaticUserWebFilter$StaticUserFilter) to context static
2023-01-26 20:32:56,708 [Listener at 127.0.0.1/35105] INFO  http.HttpServer2 (HttpServer2.java:addFilter(1015)) - Added filter static_user_filter (class=org.apache.hadoop.http.lib.StaticUserWebFilter$StaticUserFilter) to context logs
2023-01-26 20:32:56,710 [Listener at 127.0.0.1/35105] INFO  http.HttpServer2 (HttpServer2.java:bindListener(1250)) - Jetty bound to port 45871
2023-01-26 20:32:56,710 [Listener at 127.0.0.1/35105] INFO  server.Server (Server.java:doStart(375)) - jetty-9.4.49.v20220914; built: 2022-09-14T01:07:36.601Z; git: 4231a3b2e4cb8548a412a789936d640a97b1aa0a; jvm 1.8.0_352-b08
2023-01-26 20:32:56,713 [Listener at 127.0.0.1/35105] INFO  server.session (DefaultSessionIdManager.java:doStart(334)) - DefaultSessionIdManager workerName=node0
2023-01-26 20:32:56,713 [Listener at 127.0.0.1/35105] INFO  server.session (DefaultSessionIdManager.java:doStart(339)) - No SessionScavenger set, using defaults
2023-01-26 20:32:56,714 [Listener at 127.0.0.1/35105] INFO  server.session (HouseKeeper.java:startScavenging(132)) - node0 Scavenging every 660000ms
2023-01-26 20:32:56,714 [Listener at 127.0.0.1/35105] INFO  handler.ContextHandler (ContextHandler.java:doStart(921)) - Started o.e.j.s.ServletContextHandler@ba266fd{logs,/logs,file:///home/runner/work/ozone/ozone/hadoop-ozone/integration-test/target/log,AVAILABLE}
2023-01-26 20:32:56,715 [Listener at 127.0.0.1/35105] INFO  handler.ContextHandler (ContextHandler.java:doStart(921)) - Started o.e.j.s.ServletContextHandler@65f4e470{static,/static,jar:file:/home/runner/.m2/repository/org/apache/ozone/hdds-container-service/1.4.0-SNAPSHOT/hdds-container-service-1.4.0-SNAPSHOT.jar!/webapps/static,AVAILABLE}
2023-01-26 20:32:56,891 [Listener at 127.0.0.1/35105] INFO  handler.ContextHandler (ContextHandler.java:doStart(921)) - Started o.e.j.w.WebAppContext@20af45ae{hddsDatanode,/,file:///tmp/jetty-0_0_0_0-45871-hdds-container-service-1_4_0-SNAPSHOT_jar-_-any-2637081791165777025/webapp/,AVAILABLE}{jar:file:/home/runner/.m2/repository/org/apache/ozone/hdds-container-service/1.4.0-SNAPSHOT/hdds-container-service-1.4.0-SNAPSHOT.jar!/webapps/hddsDatanode}
2023-01-26 20:32:56,893 [Listener at 127.0.0.1/35105] INFO  server.AbstractConnector (AbstractConnector.java:doStart(333)) - Started ServerConnector@401aaea7{HTTP/1.1, (http/1.1)}{0.0.0.0:45871}
2023-01-26 20:32:56,893 [Listener at 127.0.0.1/35105] INFO  server.Server (Server.java:doStart(415)) - Started @200588ms
2023-01-26 20:32:56,893 [Listener at 127.0.0.1/35105] WARN  impl.MetricsSystemImpl (MetricsSystemImpl.java:register(279)) - Sink prometheus already exists!
2023-01-26 20:32:56,894 [Listener at 127.0.0.1/35105] INFO  http.BaseHttpServer (BaseHttpServer.java:updateConnectorAddress(333)) - HTTP server of hddsDatanode listening at http://0.0.0.0:45871
2023-01-26 20:32:56,894 [Listener at 127.0.0.1/35105] WARN  impl.MetricRegistriesImpl (MetricRegistriesImpl.java:addReporterRegistration(111)) - New reporters are added after registries were created. Some metrics will be missing from the reporter. Please add reporter before adding any new registry.
2023-01-26 20:32:56,894 [Listener at 127.0.0.1/35105] WARN  impl.MetricRegistriesImpl (MetricRegistriesImpl.java:addReporterRegistration(111)) - New reporters are added after registries were created. Some metrics will be missing from the reporter. Please add reporter before adding any new registry.
2023-01-26 20:32:56,894 [Listener at 127.0.0.1/35105] INFO  impl.MetricsSystemImpl (MetricsSystemImpl.java:init(158)) - HddsDatanode metrics system started (again)
2023-01-26 20:32:56,901 [Datanode State Machine Daemon Thread] INFO  statemachine.DatanodeStateMachine (DatanodeStateMachine.java:lambda$startDaemon$0(515)) - Ozone container server started.
2023-01-26 20:32:56,908 [Listener at 127.0.0.1/35105] INFO  ozone.HddsDatanodeService (HddsDatanodeService.java:start(228)) - HddsDatanodeService host:fv-az462-54.0zuljvm5d0yedf4jva4xayy4gc.gx.internal.cloudapp.net ip:10.1.0.15
2023-01-26 20:32:56,916 [org.apache.hadoop.util.JvmPauseMonitor$Monitor@2c326ecf] INFO  util.JvmPauseMonitor (JvmPauseMonitor.java:run(188)) - Starting JVM pause monitor
2023-01-26 20:32:56,917 [Datanode State Machine Task Thread - 0] INFO  datanode.InitDatanodeState (InitDatanodeState.java:persistContainerDatanodeDetails(138)) - DatanodeDetails is persisted to /home/runner/work/ozone/ozone/hadoop-ozone/integration-test/target/test-dir/MiniOzoneClusterImpl-ced6b6c1-d1ae-4b41-aa13-dfc1f6c7b229/datanode-3/meta/datanode.id
2023-01-26 20:32:56,928 [Listener at 127.0.0.1/35105] INFO  upgrade.AbstractLayoutVersionManager (AbstractLayoutVersionManager.java:init(83)) - Initializing Layout version manager with metadata layout = DATANODE_SCHEMA_V3 (version = 4), software layout = DATANODE_SCHEMA_V3 (version = 4)
2023-01-26 20:32:56,974 [Listener at 127.0.0.1/35105] INFO  reflections.Reflections (Reflections.java:scan(232)) - Reflections took 45 ms to scan 7 urls, producing 148 keys and 356 values 
2023-01-26 20:32:56,976 [Listener at 127.0.0.1/35105] INFO  statemachine.DatanodeStateMachine (DatanodeStateMachine.java:getEndPointTaskThreadPoolSize(259)) - Datanode State Machine Task Thread Pool size 2
2023-01-26 20:32:56,982 [Listener at 127.0.0.1/35105] INFO  volume.HddsVolume (HddsVolume.java:<init>(117)) - Creating HddsVolume: /home/runner/work/ozone/ozone/hadoop-ozone/integration-test/target/test-dir/MiniOzoneClusterImpl-ced6b6c1-d1ae-4b41-aa13-dfc1f6c7b229/datanode-4/data-0/containers/hdds of storage type : DISK capacity : 9223372036854775807
2023-01-26 20:32:56,982 [Listener at 127.0.0.1/35105] INFO  volume.MutableVolumeSet (MutableVolumeSet.java:initializeVolumeSet(174)) - Added Volume : /home/runner/work/ozone/ozone/hadoop-ozone/integration-test/target/test-dir/MiniOzoneClusterImpl-ced6b6c1-d1ae-4b41-aa13-dfc1f6c7b229/datanode-4/data-0/containers/hdds to VolumeSet
2023-01-26 20:32:56,982 [Listener at 127.0.0.1/35105] INFO  volume.ThrottledAsyncChecker (ThrottledAsyncChecker.java:schedule(141)) - Scheduling a check for /home/runner/work/ozone/ozone/hadoop-ozone/integration-test/target/test-dir/MiniOzoneClusterImpl-ced6b6c1-d1ae-4b41-aa13-dfc1f6c7b229/datanode-4/data-0/containers/hdds
2023-01-26 20:32:56,984 [Listener at 127.0.0.1/35105] INFO  volume.StorageVolumeChecker (StorageVolumeChecker.java:checkAllVolumes(202)) - Scheduled health check for volume /home/runner/work/ozone/ozone/hadoop-ozone/integration-test/target/test-dir/MiniOzoneClusterImpl-ced6b6c1-d1ae-4b41-aa13-dfc1f6c7b229/datanode-4/data-0/containers/hdds
2023-01-26 20:32:56,995 [Listener at 127.0.0.1/35105] INFO  volume.MutableVolumeSet (MutableVolumeSet.java:initializeVolumeSet(174)) - Added Volume : /home/runner/work/ozone/ozone/hadoop-ozone/integration-test/target/test-dir/MiniOzoneClusterImpl-ced6b6c1-d1ae-4b41-aa13-dfc1f6c7b229/datanode-4/data/ratis to VolumeSet
2023-01-26 20:32:56,996 [Listener at 127.0.0.1/35105] INFO  volume.ThrottledAsyncChecker (ThrottledAsyncChecker.java:schedule(141)) - Scheduling a check for /home/runner/work/ozone/ozone/hadoop-ozone/integration-test/target/test-dir/MiniOzoneClusterImpl-ced6b6c1-d1ae-4b41-aa13-dfc1f6c7b229/datanode-4/data/ratis
2023-01-26 20:32:56,996 [Listener at 127.0.0.1/35105] INFO  volume.StorageVolumeChecker (StorageVolumeChecker.java:checkAllVolumes(202)) - Scheduled health check for volume /home/runner/work/ozone/ozone/hadoop-ozone/integration-test/target/test-dir/MiniOzoneClusterImpl-ced6b6c1-d1ae-4b41-aa13-dfc1f6c7b229/datanode-4/data/ratis
2023-01-26 20:32:57,008 [Thread-1412] INFO  ozoneimpl.ContainerReader (ContainerReader.java:readVolume(175)) - Finish verifying containers on volume /home/runner/work/ozone/ozone/hadoop-ozone/integration-test/target/test-dir/MiniOzoneClusterImpl-ced6b6c1-d1ae-4b41-aa13-dfc1f6c7b229/datanode-4/data-0/containers/hdds
2023-01-26 20:32:57,008 [Listener at 127.0.0.1/35105] INFO  ozoneimpl.OzoneContainer (OzoneContainer.java:buildContainerSet(305)) - Build ContainerSet costs 0s
2023-01-26 20:32:57,010 [Listener at 127.0.0.1/35105] INFO  server.RaftServer (ConfUtils.java:logGet(46)) - raft.rpc.type = GRPC (default)
2023-01-26 20:32:57,010 [Listener at 127.0.0.1/35105] INFO  grpc.GrpcConfigKeys (ConfUtils.java:logFallback(53)) - raft.grpc.admin.host = null (fallback to raft.grpc.server.host)
2023-01-26 20:32:57,010 [Listener at 127.0.0.1/35105] INFO  grpc.GrpcConfigKeys (ConfUtils.java:logGet(46)) - raft.grpc.admin.port = 0 (custom)
2023-01-26 20:32:57,010 [Listener at 127.0.0.1/35105] INFO  grpc.GrpcConfigKeys (ConfUtils.java:logFallback(53)) - raft.grpc.client.host = null (fallback to raft.grpc.server.host)
2023-01-26 20:32:57,010 [Listener at 127.0.0.1/35105] INFO  grpc.GrpcConfigKeys (ConfUtils.java:logGet(46)) - raft.grpc.client.port = 0 (custom)
2023-01-26 20:32:57,011 [Listener at 127.0.0.1/35105] INFO  grpc.GrpcConfigKeys (ConfUtils.java:logGet(46)) - raft.grpc.server.host = null (default)
2023-01-26 20:32:57,011 [Listener at 127.0.0.1/35105] INFO  grpc.GrpcConfigKeys (ConfUtils.java:logGet(46)) - raft.grpc.server.port = 0 (default)
2023-01-26 20:32:57,011 [Listener at 127.0.0.1/35105] INFO  server.GrpcService (ConfUtils.java:logGet(46)) - raft.grpc.message.size.max = 32MB (=33554432) (custom)
2023-01-26 20:32:57,011 [Listener at 127.0.0.1/35105] INFO  server.RaftServerConfigKeys (ConfUtils.java:logGet(46)) - raft.server.log.appender.buffer.byte-limit = 33554432 (custom)
2023-01-26 20:32:57,011 [Listener at 127.0.0.1/35105] INFO  server.GrpcService (ConfUtils.java:logGet(46)) - raft.grpc.flow.control.window = 5MB (=5242880) (custom)
2023-01-26 20:32:57,011 [Listener at 127.0.0.1/35105] INFO  server.RaftServerConfigKeys (ConfUtils.java:logGet(46)) - raft.server.rpc.request.timeout = 60s (custom)
2023-01-26 20:32:57,011 [Listener at 127.0.0.1/35105] INFO  grpc.GrpcConfigKeys (ConfUtils.java:logGet(46)) - raft.grpc.server.heartbeat.channel = true (default)
2023-01-26 20:32:57,011 [Listener at 127.0.0.1/35105] INFO  grpc.GrpcConfigKeys (ConfUtils.java:logGet(46)) - raft.grpc.server.async.request.thread.pool.cached = true (default)
2023-01-26 20:32:57,011 [Listener at 127.0.0.1/35105] INFO  grpc.GrpcConfigKeys (ConfUtils.java:logGet(46)) - raft.grpc.server.async.request.thread.pool.size = 32 (default)
2023-01-26 20:32:57,014 [Listener at 127.0.0.1/35105] INFO  impl.DataStreamServerImpl (ConfUtils.java:logGet(46)) - raft.datastream.type = NETTY (custom)
2023-01-26 20:32:57,014 [Listener at 127.0.0.1/35105] INFO  server.RaftServerConfigKeys (ConfUtils.java:logGet(46)) - raft.server.data-stream.async.request.thread.pool.cached = false (default)
2023-01-26 20:32:57,014 [Listener at 127.0.0.1/35105] INFO  server.RaftServerConfigKeys (ConfUtils.java:logGet(46)) - raft.server.data-stream.async.request.thread.pool.size = 20 (custom)
2023-01-26 20:32:57,014 [Listener at 127.0.0.1/35105] INFO  server.RaftServerConfigKeys (ConfUtils.java:logGet(46)) - raft.server.data-stream.async.write.thread.pool.size = 16 (default)
2023-01-26 20:32:57,014 [Listener at 127.0.0.1/35105] INFO  server.RaftServerConfigKeys (ConfUtils.java:logGet(46)) - raft.server.data-stream.client.pool.size = 10 (default)
2023-01-26 20:32:57,015 [Listener at 127.0.0.1/35105] INFO  netty.NettyConfigKeys$DataStream (ConfUtils.java:logGet(46)) - raft.netty.dataStream.server.use-epoll = false (default)
2023-01-26 20:32:57,015 [Listener at 127.0.0.1/35105] INFO  netty.NettyConfigKeys$DataStream (ConfUtils.java:logGet(46)) - raft.netty.dataStream.server.boss-group.size = 0 (default)
2023-01-26 20:32:57,015 [Listener at 127.0.0.1/35105] INFO  netty.NettyConfigKeys$DataStream (ConfUtils.java:logGet(46)) - raft.netty.dataStream.server.worker-group.size = 0 (default)
2023-01-26 20:32:57,018 [Listener at 127.0.0.1/35105] INFO  netty.NettyConfigKeys$DataStream (ConfUtils.java:logGet(46)) - raft.netty.dataStream.server.tls.conf = null (default)
2023-01-26 20:32:57,018 [Listener at 127.0.0.1/35105] INFO  netty.NettyConfigKeys$DataStream (ConfUtils.java:logGet(46)) - raft.netty.dataStream.host = null (default)
2023-01-26 20:32:57,018 [Listener at 127.0.0.1/35105] INFO  netty.NettyConfigKeys$DataStream (ConfUtils.java:logGet(46)) - raft.netty.dataStream.port = 0 (default)
2023-01-26 20:32:57,020 [Listener at 127.0.0.1/35105] INFO  server.RaftServerConfigKeys (ConfUtils.java:logGet(46)) - raft.server.threadpool.proxy.cached = true (default)
2023-01-26 20:32:57,020 [Listener at 127.0.0.1/35105] INFO  server.RaftServerConfigKeys (ConfUtils.java:logGet(46)) - raft.server.threadpool.proxy.size = 0 (default)
2023-01-26 20:32:57,020 [Listener at 127.0.0.1/35105] INFO  server.RaftServerConfigKeys (ConfUtils.java:logGet(46)) - raft.server.rpc.slowness.timeout = 300s (custom)
2023-01-26 20:32:57,020 [Listener at 127.0.0.1/35105] INFO  server.RaftServerConfigKeys (ConfUtils.java:logGet(46)) - raft.server.leaderelection.leader.step-down.wait-time = 10s (default)
2023-01-26 20:32:57,021 [Listener at 127.0.0.1/35105] INFO  server.RaftServerConfigKeys (ConfUtils.java:logGet(46)) - raft.server.storage.dir = [/home/runner/work/ozone/ozone/hadoop-ozone/integration-test/target/test-dir/MiniOzoneClusterImpl-ced6b6c1-d1ae-4b41-aa13-dfc1f6c7b229/datanode-4/data/ratis] (custom)
2023-01-26 20:32:57,021 [ff5e38c1-f65b-484d-a220-edc435d5e866-NettyServerStreamRpc-bossGroup--thread1] INFO  logging.LoggingHandler (AbstractInternalLogger.java:log(148)) - [id: 0x5e4b4acf] REGISTERED
2023-01-26 20:32:57,022 [ff5e38c1-f65b-484d-a220-edc435d5e866-NettyServerStreamRpc-bossGroup--thread1] INFO  logging.LoggingHandler (AbstractInternalLogger.java:log(148)) - [id: 0x5e4b4acf] BIND: 0.0.0.0/0.0.0.0:0
2023-01-26 20:32:57,022 [ff5e38c1-f65b-484d-a220-edc435d5e866-NettyServerStreamRpc-bossGroup--thread1] INFO  logging.LoggingHandler (AbstractInternalLogger.java:log(148)) - [id: 0x5e4b4acf, L:/0:0:0:0:0:0:0:0:36125] ACTIVE
2023-01-26 20:32:57,024 [Listener at 127.0.0.1/35105] INFO  server.XceiverServerGrpc (XceiverServerGrpc.java:<init>(132)) - GrpcServer channel type EpollServerSocketChannel
2023-01-26 20:32:57,027 [Listener at 127.0.0.1/35105] INFO  http.BaseHttpServer (BaseHttpServer.java:newHttpServer2BuilderForOzone(213)) - Starting Web-server for hddsDatanode at: http://0.0.0.0:0
2023-01-26 20:32:57,027 [Listener at 127.0.0.1/35105] INFO  http.BaseHttpServer (BaseHttpServer.java:<init>(108)) - Hadoop Security Enabled: false Ozone Security Enabled: false Ozone HTTP Security Enabled: false 
2023-01-26 20:32:57,028 [Listener at 127.0.0.1/35105] WARN  server.AuthenticationFilter (AuthenticationFilter.java:constructSecretProvider(240)) - Unable to initialize FileSignerSecretProvider, falling back to use random secrets. Reason: Could not read signature secret file: /home/runner/hadoop-http-auth-signature-secret
2023-01-26 20:32:57,029 [Listener at 127.0.0.1/35105] WARN  http.HttpRequestLog (HttpRequestLog.java:getRequestLog(103)) - Jetty request log can only be enabled using Log4j
2023-01-26 20:32:57,030 [Listener at 127.0.0.1/35105] INFO  http.HttpServer2 (HttpServer2.java:addGlobalFilter(1031)) - Added global filter 'safety' (class=org.apache.hadoop.hdds.server.http.HttpServer2$QuotingInputFilter)
2023-01-26 20:32:57,030 [Listener at 127.0.0.1/35105] INFO  http.HttpServer2 (HttpServer2.java:addFilter(1007)) - Added filter static_user_filter (class=org.apache.hadoop.http.lib.StaticUserWebFilter$StaticUserFilter) to context hddsDatanode
2023-01-26 20:32:57,030 [Listener at 127.0.0.1/35105] INFO  http.HttpServer2 (HttpServer2.java:addFilter(1015)) - Added filter static_user_filter (class=org.apache.hadoop.http.lib.StaticUserWebFilter$StaticUserFilter) to context static
2023-01-26 20:32:57,030 [Listener at 127.0.0.1/35105] INFO  http.HttpServer2 (HttpServer2.java:addFilter(1015)) - Added filter static_user_filter (class=org.apache.hadoop.http.lib.StaticUserWebFilter$StaticUserFilter) to context logs
2023-01-26 20:32:57,031 [Listener at 127.0.0.1/35105] INFO  http.HttpServer2 (HttpServer2.java:bindListener(1250)) - Jetty bound to port 37239
2023-01-26 20:32:57,031 [Listener at 127.0.0.1/35105] INFO  server.Server (Server.java:doStart(375)) - jetty-9.4.49.v20220914; built: 2022-09-14T01:07:36.601Z; git: 4231a3b2e4cb8548a412a789936d640a97b1aa0a; jvm 1.8.0_352-b08
2023-01-26 20:32:57,032 [Listener at 127.0.0.1/35105] INFO  server.session (DefaultSessionIdManager.java:doStart(334)) - DefaultSessionIdManager workerName=node0
2023-01-26 20:32:57,032 [Listener at 127.0.0.1/35105] INFO  server.session (DefaultSessionIdManager.java:doStart(339)) - No SessionScavenger set, using defaults
2023-01-26 20:32:57,032 [Listener at 127.0.0.1/35105] INFO  server.session (HouseKeeper.java:startScavenging(132)) - node0 Scavenging every 660000ms
2023-01-26 20:32:57,033 [Listener at 127.0.0.1/35105] INFO  handler.ContextHandler (ContextHandler.java:doStart(921)) - Started o.e.j.s.ServletContextHandler@d1406c2{logs,/logs,file:///home/runner/work/ozone/ozone/hadoop-ozone/integration-test/target/log,AVAILABLE}
2023-01-26 20:32:57,033 [Listener at 127.0.0.1/35105] INFO  handler.ContextHandler (ContextHandler.java:doStart(921)) - Started o.e.j.s.ServletContextHandler@1fa8610c{static,/static,jar:file:/home/runner/.m2/repository/org/apache/ozone/hdds-container-service/1.4.0-SNAPSHOT/hdds-container-service-1.4.0-SNAPSHOT.jar!/webapps/static,AVAILABLE}
2023-01-26 20:32:57,205 [Listener at 127.0.0.1/35105] INFO  handler.ContextHandler (ContextHandler.java:doStart(921)) - Started o.e.j.w.WebAppContext@52bdd6cb{hddsDatanode,/,file:///tmp/jetty-0_0_0_0-37239-hdds-container-service-1_4_0-SNAPSHOT_jar-_-any-2801892584074133692/webapp/,AVAILABLE}{jar:file:/home/runner/.m2/repository/org/apache/ozone/hdds-container-service/1.4.0-SNAPSHOT/hdds-container-service-1.4.0-SNAPSHOT.jar!/webapps/hddsDatanode}
2023-01-26 20:32:57,207 [Listener at 127.0.0.1/35105] INFO  server.AbstractConnector (AbstractConnector.java:doStart(333)) - Started ServerConnector@45310e5e{HTTP/1.1, (http/1.1)}{0.0.0.0:37239}
2023-01-26 20:32:57,207 [Listener at 127.0.0.1/35105] INFO  server.Server (Server.java:doStart(415)) - Started @200902ms
2023-01-26 20:32:57,207 [Listener at 127.0.0.1/35105] WARN  impl.MetricsSystemImpl (MetricsSystemImpl.java:register(279)) - Sink prometheus already exists!
2023-01-26 20:32:57,207 [Listener at 127.0.0.1/35105] INFO  http.BaseHttpServer (BaseHttpServer.java:updateConnectorAddress(333)) - HTTP server of hddsDatanode listening at http://0.0.0.0:37239
2023-01-26 20:32:57,208 [Listener at 127.0.0.1/35105] INFO  ozone.MiniOzoneClusterImpl (MiniOzoneClusterImpl.java:lambda$waitForClusterToBeReady$0(218)) - Waiting for nodes to be ready. Got 0 of 5 DN Heartbeats.
2023-01-26 20:32:57,208 [Listener at 127.0.0.1/35105] INFO  ozone.MiniOzoneClusterImpl (MiniOzoneClusterImpl.java:lambda$waitForClusterToBeReady$0(221)) - Waiting for cluster to exit safe mode
2023-01-26 20:32:57,208 [Listener at 127.0.0.1/35105] INFO  ozone.MiniOzoneClusterImpl (MiniOzoneClusterImpl.java:lambda$waitForClusterToBeReady$0(223)) - SCM became leader
2023-01-26 20:32:57,209 [Datanode State Machine Daemon Thread] INFO  statemachine.DatanodeStateMachine (DatanodeStateMachine.java:lambda$startDaemon$0(515)) - Ozone container server started.
2023-01-26 20:32:57,212 [org.apache.hadoop.util.JvmPauseMonitor$Monitor@2ca35ba6] INFO  util.JvmPauseMonitor (JvmPauseMonitor.java:run(188)) - Starting JVM pause monitor
2023-01-26 20:32:57,217 [Datanode State Machine Task Thread - 0] INFO  datanode.InitDatanodeState (InitDatanodeState.java:persistContainerDatanodeDetails(138)) - DatanodeDetails is persisted to /home/runner/work/ozone/ozone/hadoop-ozone/integration-test/target/test-dir/MiniOzoneClusterImpl-ced6b6c1-d1ae-4b41-aa13-dfc1f6c7b229/datanode-4/meta/datanode.id
2023-01-26 20:32:58,031 [EndpointStateMachine task thread for /0.0.0.0:44527 - 0 ] INFO  utils.DatanodeStoreCache (DatanodeStoreCache.java:addDB(58)) - Added db /home/runner/work/ozone/ozone/hadoop-ozone/integration-test/target/test-dir/MiniOzoneClusterImpl-ced6b6c1-d1ae-4b41-aa13-dfc1f6c7b229/datanode-0/data-0/containers/hdds/ced6b6c1-d1ae-4b41-aa13-dfc1f6c7b229/DS-03d6fce6-2614-4d4f-84fa-16cd945e2933/container.db to cache
2023-01-26 20:32:58,031 [EndpointStateMachine task thread for /0.0.0.0:44527 - 0 ] INFO  volume.HddsVolume (HddsVolume.java:createDbStore(307)) - SchemaV3 db is created and loaded at /home/runner/work/ozone/ozone/hadoop-ozone/integration-test/target/test-dir/MiniOzoneClusterImpl-ced6b6c1-d1ae-4b41-aa13-dfc1f6c7b229/datanode-0/data-0/containers/hdds/ced6b6c1-d1ae-4b41-aa13-dfc1f6c7b229/DS-03d6fce6-2614-4d4f-84fa-16cd945e2933/container.db for volume DS-03d6fce6-2614-4d4f-84fa-16cd945e2933
2023-01-26 20:32:58,032 [EndpointStateMachine task thread for /0.0.0.0:44527 - 0 ] INFO  ozoneimpl.OzoneContainer (OzoneContainer.java:start(399)) - Attempting to start container services.
2023-01-26 20:32:58,032 [EndpointStateMachine task thread for /0.0.0.0:44527 - 0 ] INFO  ozoneimpl.OzoneContainer (OzoneContainer.java:startContainerScrub(316)) - Scheduled background container scanners and the on-demand container scanner have been disabled.
2023-01-26 20:32:58,036 [EndpointStateMachine task thread for /0.0.0.0:44527 - 0 ] INFO  replication.ReplicationServer (ReplicationServer.java:start(109)) - ReplicationServer is started using port 39593
2023-01-26 20:32:58,036 [EndpointStateMachine task thread for /0.0.0.0:44527 - 0 ] INFO  ratis.XceiverServerRatis (XceiverServerRatis.java:start(517)) - Starting XceiverServerRatis 1d22b7d2-31db-4af8-bf0c-5577da68ec36
2023-01-26 20:32:58,037 [EndpointStateMachine task thread for /0.0.0.0:44527 - 0 ] INFO  server.RaftServer (RaftServerProxy.java:startImpl(393)) - 1d22b7d2-31db-4af8-bf0c-5577da68ec36: start RPC server
2023-01-26 20:32:58,039 [EndpointStateMachine task thread for /0.0.0.0:44527 - 0 ] INFO  server.GrpcService (GrpcService.java:startImpl(262)) - 1d22b7d2-31db-4af8-bf0c-5577da68ec36: GrpcService started, listening on 38533
2023-01-26 20:32:58,039 [EndpointStateMachine task thread for /0.0.0.0:44527 - 0 ] INFO  ratis.XceiverServerRatis (XceiverServerRatis.java:getRealPort(543)) - XceiverServerRatis 1d22b7d2-31db-4af8-bf0c-5577da68ec36 is started using port 38533 for RATIS
2023-01-26 20:32:58,039 [EndpointStateMachine task thread for /0.0.0.0:44527 - 0 ] INFO  ratis.XceiverServerRatis (XceiverServerRatis.java:getRealPort(543)) - XceiverServerRatis 1d22b7d2-31db-4af8-bf0c-5577da68ec36 is started using port 38533 for RATIS_ADMIN
2023-01-26 20:32:58,039 [JvmPauseMonitor17] INFO  util.JvmPauseMonitor (JvmPauseMonitor.java:run(105)) - JvmPauseMonitor-1d22b7d2-31db-4af8-bf0c-5577da68ec36: Started
2023-01-26 20:32:58,039 [EndpointStateMachine task thread for /0.0.0.0:44527 - 0 ] INFO  ratis.XceiverServerRatis (XceiverServerRatis.java:getRealPort(543)) - XceiverServerRatis 1d22b7d2-31db-4af8-bf0c-5577da68ec36 is started using port 38533 for RATIS_SERVER
2023-01-26 20:32:58,039 [EndpointStateMachine task thread for /0.0.0.0:44527 - 0 ] INFO  ratis.XceiverServerRatis (XceiverServerRatis.java:getRealPort(543)) - XceiverServerRatis 1d22b7d2-31db-4af8-bf0c-5577da68ec36 is started using port 42409 for RATIS_DATASTREAM
2023-01-26 20:32:58,042 [EndpointStateMachine task thread for /0.0.0.0:44527 - 0 ] INFO  server.XceiverServerGrpc (XceiverServerGrpc.java:start(180)) - XceiverServerGrpc 1d22b7d2-31db-4af8-bf0c-5577da68ec36 is started using port 38095
2023-01-26 20:32:58,208 [Listener at 127.0.0.1/35105] INFO  ozone.MiniOzoneClusterImpl (MiniOzoneClusterImpl.java:lambda$waitForClusterToBeReady$0(218)) - Waiting for nodes to be ready. Got 0 of 5 DN Heartbeats.
2023-01-26 20:32:58,209 [Listener at 127.0.0.1/35105] INFO  ozone.MiniOzoneClusterImpl (MiniOzoneClusterImpl.java:lambda$waitForClusterToBeReady$0(221)) - Waiting for cluster to exit safe mode
2023-01-26 20:32:58,209 [Listener at 127.0.0.1/35105] INFO  ozone.MiniOzoneClusterImpl (MiniOzoneClusterImpl.java:lambda$waitForClusterToBeReady$0(223)) - SCM became leader
2023-01-26 20:32:58,318 [EndpointStateMachine task thread for /0.0.0.0:44527 - 0 ] INFO  utils.DatanodeStoreCache (DatanodeStoreCache.java:addDB(58)) - Added db /home/runner/work/ozone/ozone/hadoop-ozone/integration-test/target/test-dir/MiniOzoneClusterImpl-ced6b6c1-d1ae-4b41-aa13-dfc1f6c7b229/datanode-1/data-0/containers/hdds/ced6b6c1-d1ae-4b41-aa13-dfc1f6c7b229/DS-058e3566-33c2-4668-866c-08ef4ca6eb93/container.db to cache
2023-01-26 20:32:58,318 [EndpointStateMachine task thread for /0.0.0.0:44527 - 0 ] INFO  volume.HddsVolume (HddsVolume.java:createDbStore(307)) - SchemaV3 db is created and loaded at /home/runner/work/ozone/ozone/hadoop-ozone/integration-test/target/test-dir/MiniOzoneClusterImpl-ced6b6c1-d1ae-4b41-aa13-dfc1f6c7b229/datanode-1/data-0/containers/hdds/ced6b6c1-d1ae-4b41-aa13-dfc1f6c7b229/DS-058e3566-33c2-4668-866c-08ef4ca6eb93/container.db for volume DS-058e3566-33c2-4668-866c-08ef4ca6eb93
2023-01-26 20:32:58,318 [EndpointStateMachine task thread for /0.0.0.0:44527 - 0 ] INFO  ozoneimpl.OzoneContainer (OzoneContainer.java:start(399)) - Attempting to start container services.
2023-01-26 20:32:58,318 [EndpointStateMachine task thread for /0.0.0.0:44527 - 0 ] INFO  ozoneimpl.OzoneContainer (OzoneContainer.java:startContainerScrub(316)) - Scheduled background container scanners and the on-demand container scanner have been disabled.
2023-01-26 20:32:58,323 [EndpointStateMachine task thread for /0.0.0.0:44527 - 0 ] INFO  replication.ReplicationServer (ReplicationServer.java:start(109)) - ReplicationServer is started using port 38711
2023-01-26 20:32:58,324 [EndpointStateMachine task thread for /0.0.0.0:44527 - 0 ] INFO  ratis.XceiverServerRatis (XceiverServerRatis.java:start(517)) - Starting XceiverServerRatis 2950c1a1-45bf-4864-9732-08ad567daa78
2023-01-26 20:32:58,324 [EndpointStateMachine task thread for /0.0.0.0:44527 - 0 ] INFO  server.RaftServer (RaftServerProxy.java:startImpl(393)) - 2950c1a1-45bf-4864-9732-08ad567daa78: start RPC server
2023-01-26 20:32:58,326 [EndpointStateMachine task thread for /0.0.0.0:44527 - 0 ] INFO  server.GrpcService (GrpcService.java:startImpl(262)) - 2950c1a1-45bf-4864-9732-08ad567daa78: GrpcService started, listening on 41507
2023-01-26 20:32:58,326 [EndpointStateMachine task thread for /0.0.0.0:44527 - 0 ] INFO  ratis.XceiverServerRatis (XceiverServerRatis.java:getRealPort(543)) - XceiverServerRatis 2950c1a1-45bf-4864-9732-08ad567daa78 is started using port 41507 for RATIS
2023-01-26 20:32:58,326 [EndpointStateMachine task thread for /0.0.0.0:44527 - 0 ] INFO  ratis.XceiverServerRatis (XceiverServerRatis.java:getRealPort(543)) - XceiverServerRatis 2950c1a1-45bf-4864-9732-08ad567daa78 is started using port 41507 for RATIS_ADMIN
2023-01-26 20:32:58,326 [JvmPauseMonitor18] INFO  util.JvmPauseMonitor (JvmPauseMonitor.java:run(105)) - JvmPauseMonitor-2950c1a1-45bf-4864-9732-08ad567daa78: Started
2023-01-26 20:32:58,326 [EndpointStateMachine task thread for /0.0.0.0:44527 - 0 ] INFO  ratis.XceiverServerRatis (XceiverServerRatis.java:getRealPort(543)) - XceiverServerRatis 2950c1a1-45bf-4864-9732-08ad567daa78 is started using port 41507 for RATIS_SERVER
2023-01-26 20:32:58,326 [EndpointStateMachine task thread for /0.0.0.0:44527 - 0 ] INFO  ratis.XceiverServerRatis (XceiverServerRatis.java:getRealPort(543)) - XceiverServerRatis 2950c1a1-45bf-4864-9732-08ad567daa78 is started using port 46779 for RATIS_DATASTREAM
2023-01-26 20:32:58,328 [EndpointStateMachine task thread for /0.0.0.0:44527 - 0 ] INFO  server.XceiverServerGrpc (XceiverServerGrpc.java:start(180)) - XceiverServerGrpc 2950c1a1-45bf-4864-9732-08ad567daa78 is started using port 33451
2023-01-26 20:32:58,620 [EndpointStateMachine task thread for /0.0.0.0:44527 - 0 ] INFO  utils.DatanodeStoreCache (DatanodeStoreCache.java:addDB(58)) - Added db /home/runner/work/ozone/ozone/hadoop-ozone/integration-test/target/test-dir/MiniOzoneClusterImpl-ced6b6c1-d1ae-4b41-aa13-dfc1f6c7b229/datanode-2/data-0/containers/hdds/ced6b6c1-d1ae-4b41-aa13-dfc1f6c7b229/DS-576eea3e-887b-47aa-b373-f19403250458/container.db to cache
2023-01-26 20:32:58,620 [EndpointStateMachine task thread for /0.0.0.0:44527 - 0 ] INFO  volume.HddsVolume (HddsVolume.java:createDbStore(307)) - SchemaV3 db is created and loaded at /home/runner/work/ozone/ozone/hadoop-ozone/integration-test/target/test-dir/MiniOzoneClusterImpl-ced6b6c1-d1ae-4b41-aa13-dfc1f6c7b229/datanode-2/data-0/containers/hdds/ced6b6c1-d1ae-4b41-aa13-dfc1f6c7b229/DS-576eea3e-887b-47aa-b373-f19403250458/container.db for volume DS-576eea3e-887b-47aa-b373-f19403250458
2023-01-26 20:32:58,620 [EndpointStateMachine task thread for /0.0.0.0:44527 - 0 ] INFO  ozoneimpl.OzoneContainer (OzoneContainer.java:start(399)) - Attempting to start container services.
2023-01-26 20:32:58,621 [EndpointStateMachine task thread for /0.0.0.0:44527 - 0 ] INFO  ozoneimpl.OzoneContainer (OzoneContainer.java:startContainerScrub(316)) - Scheduled background container scanners and the on-demand container scanner have been disabled.
2023-01-26 20:32:58,623 [EndpointStateMachine task thread for /0.0.0.0:44527 - 0 ] INFO  replication.ReplicationServer (ReplicationServer.java:start(109)) - ReplicationServer is started using port 36437
2023-01-26 20:32:58,624 [EndpointStateMachine task thread for /0.0.0.0:44527 - 0 ] INFO  ratis.XceiverServerRatis (XceiverServerRatis.java:start(517)) - Starting XceiverServerRatis e073a1c5-1734-4c1f-8e4b-400896f1077e
2023-01-26 20:32:58,625 [EndpointStateMachine task thread for /0.0.0.0:44527 - 0 ] INFO  server.RaftServer (RaftServerProxy.java:startImpl(393)) - e073a1c5-1734-4c1f-8e4b-400896f1077e: start RPC server
2023-01-26 20:32:58,630 [EndpointStateMachine task thread for /0.0.0.0:44527 - 0 ] INFO  server.GrpcService (GrpcService.java:startImpl(262)) - e073a1c5-1734-4c1f-8e4b-400896f1077e: GrpcService started, listening on 44293
2023-01-26 20:32:58,631 [EndpointStateMachine task thread for /0.0.0.0:44527 - 0 ] INFO  ratis.XceiverServerRatis (XceiverServerRatis.java:getRealPort(543)) - XceiverServerRatis e073a1c5-1734-4c1f-8e4b-400896f1077e is started using port 44293 for RATIS
2023-01-26 20:32:58,631 [EndpointStateMachine task thread for /0.0.0.0:44527 - 0 ] INFO  ratis.XceiverServerRatis (XceiverServerRatis.java:getRealPort(543)) - XceiverServerRatis e073a1c5-1734-4c1f-8e4b-400896f1077e is started using port 44293 for RATIS_ADMIN
2023-01-26 20:32:58,631 [EndpointStateMachine task thread for /0.0.0.0:44527 - 0 ] INFO  ratis.XceiverServerRatis (XceiverServerRatis.java:getRealPort(543)) - XceiverServerRatis e073a1c5-1734-4c1f-8e4b-400896f1077e is started using port 44293 for RATIS_SERVER
2023-01-26 20:32:58,631 [EndpointStateMachine task thread for /0.0.0.0:44527 - 0 ] INFO  ratis.XceiverServerRatis (XceiverServerRatis.java:getRealPort(543)) - XceiverServerRatis e073a1c5-1734-4c1f-8e4b-400896f1077e is started using port 37283 for RATIS_DATASTREAM
2023-01-26 20:32:58,632 [JvmPauseMonitor19] INFO  util.JvmPauseMonitor (JvmPauseMonitor.java:run(105)) - JvmPauseMonitor-e073a1c5-1734-4c1f-8e4b-400896f1077e: Started
2023-01-26 20:32:58,637 [EndpointStateMachine task thread for /0.0.0.0:44527 - 0 ] INFO  server.XceiverServerGrpc (XceiverServerGrpc.java:start(180)) - XceiverServerGrpc e073a1c5-1734-4c1f-8e4b-400896f1077e is started using port 43723
2023-01-26 20:32:58,945 [EndpointStateMachine task thread for /0.0.0.0:44527 - 0 ] INFO  utils.DatanodeStoreCache (DatanodeStoreCache.java:addDB(58)) - Added db /home/runner/work/ozone/ozone/hadoop-ozone/integration-test/target/test-dir/MiniOzoneClusterImpl-ced6b6c1-d1ae-4b41-aa13-dfc1f6c7b229/datanode-3/data-0/containers/hdds/ced6b6c1-d1ae-4b41-aa13-dfc1f6c7b229/DS-1920b6ca-0670-4eda-9735-d67e80d87937/container.db to cache
2023-01-26 20:32:58,945 [EndpointStateMachine task thread for /0.0.0.0:44527 - 0 ] INFO  volume.HddsVolume (HddsVolume.java:createDbStore(307)) - SchemaV3 db is created and loaded at /home/runner/work/ozone/ozone/hadoop-ozone/integration-test/target/test-dir/MiniOzoneClusterImpl-ced6b6c1-d1ae-4b41-aa13-dfc1f6c7b229/datanode-3/data-0/containers/hdds/ced6b6c1-d1ae-4b41-aa13-dfc1f6c7b229/DS-1920b6ca-0670-4eda-9735-d67e80d87937/container.db for volume DS-1920b6ca-0670-4eda-9735-d67e80d87937
2023-01-26 20:32:58,945 [EndpointStateMachine task thread for /0.0.0.0:44527 - 0 ] INFO  ozoneimpl.OzoneContainer (OzoneContainer.java:start(399)) - Attempting to start container services.
2023-01-26 20:32:58,945 [EndpointStateMachine task thread for /0.0.0.0:44527 - 0 ] INFO  ozoneimpl.OzoneContainer (OzoneContainer.java:startContainerScrub(316)) - Scheduled background container scanners and the on-demand container scanner have been disabled.
2023-01-26 20:32:58,950 [EndpointStateMachine task thread for /0.0.0.0:44527 - 0 ] INFO  replication.ReplicationServer (ReplicationServer.java:start(109)) - ReplicationServer is started using port 34739
2023-01-26 20:32:58,951 [EndpointStateMachine task thread for /0.0.0.0:44527 - 0 ] INFO  ratis.XceiverServerRatis (XceiverServerRatis.java:start(517)) - Starting XceiverServerRatis 60a87c7d-8298-43e9-85a2-250658c19736
2023-01-26 20:32:58,951 [EndpointStateMachine task thread for /0.0.0.0:44527 - 0 ] INFO  server.RaftServer (RaftServerProxy.java:startImpl(393)) - 60a87c7d-8298-43e9-85a2-250658c19736: start RPC server
2023-01-26 20:32:58,963 [EndpointStateMachine task thread for /0.0.0.0:44527 - 0 ] INFO  server.GrpcService (GrpcService.java:startImpl(262)) - 60a87c7d-8298-43e9-85a2-250658c19736: GrpcService started, listening on 44255
2023-01-26 20:32:58,963 [EndpointStateMachine task thread for /0.0.0.0:44527 - 0 ] INFO  ratis.XceiverServerRatis (XceiverServerRatis.java:getRealPort(543)) - XceiverServerRatis 60a87c7d-8298-43e9-85a2-250658c19736 is started using port 44255 for RATIS
2023-01-26 20:32:58,963 [EndpointStateMachine task thread for /0.0.0.0:44527 - 0 ] INFO  ratis.XceiverServerRatis (XceiverServerRatis.java:getRealPort(543)) - XceiverServerRatis 60a87c7d-8298-43e9-85a2-250658c19736 is started using port 44255 for RATIS_ADMIN
2023-01-26 20:32:58,963 [EndpointStateMachine task thread for /0.0.0.0:44527 - 0 ] INFO  ratis.XceiverServerRatis (XceiverServerRatis.java:getRealPort(543)) - XceiverServerRatis 60a87c7d-8298-43e9-85a2-250658c19736 is started using port 44255 for RATIS_SERVER
2023-01-26 20:32:58,963 [EndpointStateMachine task thread for /0.0.0.0:44527 - 0 ] INFO  ratis.XceiverServerRatis (XceiverServerRatis.java:getRealPort(543)) - XceiverServerRatis 60a87c7d-8298-43e9-85a2-250658c19736 is started using port 44249 for RATIS_DATASTREAM
2023-01-26 20:32:58,973 [JvmPauseMonitor20] INFO  util.JvmPauseMonitor (JvmPauseMonitor.java:run(105)) - JvmPauseMonitor-60a87c7d-8298-43e9-85a2-250658c19736: Started
2023-01-26 20:32:58,979 [EndpointStateMachine task thread for /0.0.0.0:44527 - 0 ] INFO  server.XceiverServerGrpc (XceiverServerGrpc.java:start(180)) - XceiverServerGrpc 60a87c7d-8298-43e9-85a2-250658c19736 is started using port 38173
2023-01-26 20:32:59,209 [Listener at 127.0.0.1/35105] INFO  ozone.MiniOzoneClusterImpl (MiniOzoneClusterImpl.java:lambda$waitForClusterToBeReady$0(218)) - Waiting for nodes to be ready. Got 0 of 5 DN Heartbeats.
2023-01-26 20:32:59,209 [Listener at 127.0.0.1/35105] INFO  ozone.MiniOzoneClusterImpl (MiniOzoneClusterImpl.java:lambda$waitForClusterToBeReady$0(221)) - Waiting for cluster to exit safe mode
2023-01-26 20:32:59,209 [Listener at 127.0.0.1/35105] INFO  ozone.MiniOzoneClusterImpl (MiniOzoneClusterImpl.java:lambda$waitForClusterToBeReady$0(223)) - SCM became leader
2023-01-26 20:32:59,240 [EndpointStateMachine task thread for /0.0.0.0:44527 - 0 ] INFO  utils.DatanodeStoreCache (DatanodeStoreCache.java:addDB(58)) - Added db /home/runner/work/ozone/ozone/hadoop-ozone/integration-test/target/test-dir/MiniOzoneClusterImpl-ced6b6c1-d1ae-4b41-aa13-dfc1f6c7b229/datanode-4/data-0/containers/hdds/ced6b6c1-d1ae-4b41-aa13-dfc1f6c7b229/DS-461806b6-28a4-4118-aefc-d23d189a4aaa/container.db to cache
2023-01-26 20:32:59,240 [EndpointStateMachine task thread for /0.0.0.0:44527 - 0 ] INFO  volume.HddsVolume (HddsVolume.java:createDbStore(307)) - SchemaV3 db is created and loaded at /home/runner/work/ozone/ozone/hadoop-ozone/integration-test/target/test-dir/MiniOzoneClusterImpl-ced6b6c1-d1ae-4b41-aa13-dfc1f6c7b229/datanode-4/data-0/containers/hdds/ced6b6c1-d1ae-4b41-aa13-dfc1f6c7b229/DS-461806b6-28a4-4118-aefc-d23d189a4aaa/container.db for volume DS-461806b6-28a4-4118-aefc-d23d189a4aaa
2023-01-26 20:32:59,240 [EndpointStateMachine task thread for /0.0.0.0:44527 - 0 ] INFO  ozoneimpl.OzoneContainer (OzoneContainer.java:start(399)) - Attempting to start container services.
2023-01-26 20:32:59,240 [EndpointStateMachine task thread for /0.0.0.0:44527 - 0 ] INFO  ozoneimpl.OzoneContainer (OzoneContainer.java:startContainerScrub(316)) - Scheduled background container scanners and the on-demand container scanner have been disabled.
2023-01-26 20:32:59,243 [EndpointStateMachine task thread for /0.0.0.0:44527 - 0 ] INFO  replication.ReplicationServer (ReplicationServer.java:start(109)) - ReplicationServer is started using port 39831
2023-01-26 20:32:59,245 [EndpointStateMachine task thread for /0.0.0.0:44527 - 0 ] INFO  ratis.XceiverServerRatis (XceiverServerRatis.java:start(517)) - Starting XceiverServerRatis ff5e38c1-f65b-484d-a220-edc435d5e866
2023-01-26 20:32:59,246 [EndpointStateMachine task thread for /0.0.0.0:44527 - 0 ] INFO  server.RaftServer (RaftServerProxy.java:startImpl(393)) - ff5e38c1-f65b-484d-a220-edc435d5e866: start RPC server
2023-01-26 20:32:59,248 [EndpointStateMachine task thread for /0.0.0.0:44527 - 0 ] INFO  server.GrpcService (GrpcService.java:startImpl(262)) - ff5e38c1-f65b-484d-a220-edc435d5e866: GrpcService started, listening on 40123
2023-01-26 20:32:59,248 [EndpointStateMachine task thread for /0.0.0.0:44527 - 0 ] INFO  ratis.XceiverServerRatis (XceiverServerRatis.java:getRealPort(543)) - XceiverServerRatis ff5e38c1-f65b-484d-a220-edc435d5e866 is started using port 40123 for RATIS
2023-01-26 20:32:59,248 [EndpointStateMachine task thread for /0.0.0.0:44527 - 0 ] INFO  ratis.XceiverServerRatis (XceiverServerRatis.java:getRealPort(543)) - XceiverServerRatis ff5e38c1-f65b-484d-a220-edc435d5e866 is started using port 40123 for RATIS_ADMIN
2023-01-26 20:32:59,248 [JvmPauseMonitor21] INFO  util.JvmPauseMonitor (JvmPauseMonitor.java:run(105)) - JvmPauseMonitor-ff5e38c1-f65b-484d-a220-edc435d5e866: Started
2023-01-26 20:32:59,248 [EndpointStateMachine task thread for /0.0.0.0:44527 - 0 ] INFO  ratis.XceiverServerRatis (XceiverServerRatis.java:getRealPort(543)) - XceiverServerRatis ff5e38c1-f65b-484d-a220-edc435d5e866 is started using port 40123 for RATIS_SERVER
2023-01-26 20:32:59,248 [EndpointStateMachine task thread for /0.0.0.0:44527 - 0 ] INFO  ratis.XceiverServerRatis (XceiverServerRatis.java:getRealPort(543)) - XceiverServerRatis ff5e38c1-f65b-484d-a220-edc435d5e866 is started using port 36125 for RATIS_DATASTREAM
2023-01-26 20:32:59,250 [EndpointStateMachine task thread for /0.0.0.0:44527 - 0 ] INFO  server.XceiverServerGrpc (XceiverServerGrpc.java:start(180)) - XceiverServerGrpc ff5e38c1-f65b-484d-a220-edc435d5e866 is started using port 45275
2023-01-26 20:33:00,001 [IPC Server handler 3 on default port 44527] INFO  net.NetworkTopologyImpl (NetworkTopologyImpl.java:add(112)) - Added a new node: /default-rack/1d22b7d2-31db-4af8-bf0c-5577da68ec36
2023-01-26 20:33:00,001 [IPC Server handler 3 on default port 44527] INFO  node.SCMNodeManager (SCMNodeManager.java:register(397)) - Registered Data node : 1d22b7d2-31db-4af8-bf0c-5577da68ec36{ip: 10.1.0.15, host: fv-az462-54.0zuljvm5d0yedf4jva4xayy4gc.gx.internal.cloudapp.net, ports: [REPLICATION=39593, RATIS=38533, RATIS_ADMIN=38533, RATIS_SERVER=38533, RATIS_DATASTREAM=42409, STANDALONE=38095], networkLocation: /default-rack, certSerialId: null, persistedOpState: null, persistedOpStateExpiryEpochSec: 0}
2023-01-26 20:33:00,003 [EventQueue-NodeRegistrationContainerReportForContainerSafeModeRule] INFO  safemode.SCMSafeModeManager (SCMSafeModeManager.java:validateSafeModeExitRules(200)) - ContainerSafeModeRule rule is successfully validated
2023-01-26 20:33:00,004 [EventQueue-NodeRegistrationContainerReportForDataNodeSafeModeRule] INFO  safemode.SCMSafeModeManager (DataNodeSafeModeRule.java:process(71)) - SCM in safe mode. 1 DataNodes registered, 3 required.
2023-01-26 20:33:00,009 [EventQueue-PipelineReportForOneReplicaPipelineSafeModeRule] INFO  safemode.SCMSafeModeManager (SCMSafeModeManager.java:validateSafeModeExitRules(200)) - AtleastOneDatanodeReportedRule rule is successfully validated
2023-01-26 20:33:00,009 [EventQueue-NewNodeForNewNodeHandler] INFO  pipeline.BackgroundPipelineCreator (BackgroundPipelineCreator.java:notifyEventTriggered(276)) - trigger a one-shot run on RatisPipelineUtilsThread.
2023-01-26 20:33:00,010 [RatisPipelineUtilsThread - 0] INFO  pipeline.RatisPipelineProvider (RatisPipelineProvider.java:lambda$create$0(206)) - Sending CreatePipelineCommand for pipeline:PipelineID=527b9485-1599-44b4-ab1d-54217e980832 to datanode:1d22b7d2-31db-4af8-bf0c-5577da68ec36
2023-01-26 20:33:00,010 [RatisPipelineUtilsThread - 0] INFO  pipeline.PipelineStateManagerImpl (PipelineStateManagerImpl.java:addPipeline(103)) - Created pipeline Pipeline[ Id: 527b9485-1599-44b4-ab1d-54217e980832, Nodes: 1d22b7d2-31db-4af8-bf0c-5577da68ec36(fv-az462-54.0zuljvm5d0yedf4jva4xayy4gc.gx.internal.cloudapp.net/10.1.0.15), ReplicationConfig: RATIS/ONE, State:ALLOCATED, leaderId:, CreationTimestamp2023-01-26T20:33:00.010Z[Etc/UTC]].
2023-01-26 20:33:00,210 [Listener at 127.0.0.1/35105] INFO  ozone.MiniOzoneClusterImpl (MiniOzoneClusterImpl.java:lambda$waitForClusterToBeReady$0(218)) - Waiting for nodes to be ready. Got 1 of 5 DN Heartbeats.
2023-01-26 20:33:00,210 [Listener at 127.0.0.1/35105] INFO  ozone.MiniOzoneClusterImpl (MiniOzoneClusterImpl.java:lambda$waitForClusterToBeReady$0(221)) - Waiting for cluster to exit safe mode
2023-01-26 20:33:00,210 [Listener at 127.0.0.1/35105] INFO  ozone.MiniOzoneClusterImpl (MiniOzoneClusterImpl.java:lambda$waitForClusterToBeReady$0(223)) - SCM became leader
2023-01-26 20:33:00,293 [IPC Server handler 1 on default port 44527] INFO  net.NetworkTopologyImpl (NetworkTopologyImpl.java:add(112)) - Added a new node: /default-rack/2950c1a1-45bf-4864-9732-08ad567daa78
2023-01-26 20:33:00,293 [IPC Server handler 1 on default port 44527] INFO  node.SCMNodeManager (SCMNodeManager.java:register(397)) - Registered Data node : 2950c1a1-45bf-4864-9732-08ad567daa78{ip: 10.1.0.15, host: fv-az462-54.0zuljvm5d0yedf4jva4xayy4gc.gx.internal.cloudapp.net, ports: [REPLICATION=38711, RATIS=41507, RATIS_ADMIN=41507, RATIS_SERVER=41507, RATIS_DATASTREAM=46779, STANDALONE=33451], networkLocation: /default-rack, certSerialId: null, persistedOpState: null, persistedOpStateExpiryEpochSec: 0}
2023-01-26 20:33:00,295 [EventQueue-NodeRegistrationContainerReportForDataNodeSafeModeRule] INFO  safemode.SCMSafeModeManager (DataNodeSafeModeRule.java:process(71)) - SCM in safe mode. 2 DataNodes registered, 3 required.
2023-01-26 20:33:00,295 [EventQueue-NewNodeForNewNodeHandler] INFO  pipeline.BackgroundPipelineCreator (BackgroundPipelineCreator.java:notifyEventTriggered(276)) - trigger a one-shot run on RatisPipelineUtilsThread.
2023-01-26 20:33:00,295 [RatisPipelineUtilsThread - 0] INFO  pipeline.RatisPipelineProvider (RatisPipelineProvider.java:lambda$create$0(206)) - Sending CreatePipelineCommand for pipeline:PipelineID=4a68c732-bec9-4bed-8280-6f7bada06e51 to datanode:2950c1a1-45bf-4864-9732-08ad567daa78
2023-01-26 20:33:00,296 [RatisPipelineUtilsThread - 0] INFO  pipeline.PipelineStateManagerImpl (PipelineStateManagerImpl.java:addPipeline(103)) - Created pipeline Pipeline[ Id: 4a68c732-bec9-4bed-8280-6f7bada06e51, Nodes: 2950c1a1-45bf-4864-9732-08ad567daa78(fv-az462-54.0zuljvm5d0yedf4jva4xayy4gc.gx.internal.cloudapp.net/10.1.0.15), ReplicationConfig: RATIS/ONE, State:ALLOCATED, leaderId:, CreationTimestamp2023-01-26T20:33:00.295Z[Etc/UTC]].
2023-01-26 20:33:00,592 [IPC Server handler 2 on default port 44527] INFO  net.NetworkTopologyImpl (NetworkTopologyImpl.java:add(112)) - Added a new node: /default-rack/e073a1c5-1734-4c1f-8e4b-400896f1077e
2023-01-26 20:33:00,592 [IPC Server handler 2 on default port 44527] INFO  node.SCMNodeManager (SCMNodeManager.java:register(397)) - Registered Data node : e073a1c5-1734-4c1f-8e4b-400896f1077e{ip: 10.1.0.15, host: fv-az462-54.0zuljvm5d0yedf4jva4xayy4gc.gx.internal.cloudapp.net, ports: [REPLICATION=36437, RATIS=44293, RATIS_ADMIN=44293, RATIS_SERVER=44293, RATIS_DATASTREAM=37283, STANDALONE=43723], networkLocation: /default-rack, certSerialId: null, persistedOpState: null, persistedOpStateExpiryEpochSec: 0}
2023-01-26 20:33:00,592 [EventQueue-NewNodeForNewNodeHandler] INFO  pipeline.BackgroundPipelineCreator (BackgroundPipelineCreator.java:notifyEventTriggered(276)) - trigger a one-shot run on RatisPipelineUtilsThread.
2023-01-26 20:33:00,594 [EventQueue-NodeRegistrationContainerReportForDataNodeSafeModeRule] INFO  safemode.SCMSafeModeManager (DataNodeSafeModeRule.java:process(71)) - SCM in safe mode. 3 DataNodes registered, 3 required.
2023-01-26 20:33:00,594 [EventQueue-NodeRegistrationContainerReportForDataNodeSafeModeRule] INFO  safemode.SCMSafeModeManager (SCMSafeModeManager.java:validateSafeModeExitRules(200)) - DataNodeSafeModeRule rule is successfully validated
2023-01-26 20:33:00,594 [EventQueue-NodeRegistrationContainerReportForDataNodeSafeModeRule] INFO  safemode.SCMSafeModeManager (SCMSafeModeManager.java:completePreCheck(229)) - All SCM safe mode pre check rules have passed
2023-01-26 20:33:00,594 [EventQueue-NodeRegistrationContainerReportForDataNodeSafeModeRule] INFO  ha.SCMContext (SCMContext.java:updateSafeModeStatus(228)) - Update SafeModeStatus from SafeModeStatus{safeModeStatus=true, preCheckPassed=false} to SafeModeStatus{safeModeStatus=true, preCheckPassed=true}.
2023-01-26 20:33:00,594 [EventQueue-NodeRegistrationContainerReportForDataNodeSafeModeRule] INFO  pipeline.BackgroundPipelineCreator (BackgroundPipelineCreator.java:notifyEventTriggered(276)) - trigger a one-shot run on RatisPipelineUtilsThread.
2023-01-26 20:33:00,595 [RatisPipelineUtilsThread - 0] INFO  pipeline.RatisPipelineProvider (RatisPipelineProvider.java:lambda$create$0(206)) - Sending CreatePipelineCommand for pipeline:PipelineID=e42cfb44-c310-468e-8520-96215d19ad1f to datanode:e073a1c5-1734-4c1f-8e4b-400896f1077e
2023-01-26 20:33:00,595 [RatisPipelineUtilsThread - 0] INFO  pipeline.PipelineStateManagerImpl (PipelineStateManagerImpl.java:addPipeline(103)) - Created pipeline Pipeline[ Id: e42cfb44-c310-468e-8520-96215d19ad1f, Nodes: e073a1c5-1734-4c1f-8e4b-400896f1077e(fv-az462-54.0zuljvm5d0yedf4jva4xayy4gc.gx.internal.cloudapp.net/10.1.0.15), ReplicationConfig: RATIS/ONE, State:ALLOCATED, leaderId:, CreationTimestamp2023-01-26T20:33:00.595Z[Etc/UTC]].
2023-01-26 20:33:00,595 [RatisPipelineUtilsThread - 0] INFO  pipeline.RatisPipelineProvider (RatisPipelineProvider.java:lambda$create$0(206)) - Sending CreatePipelineCommand for pipeline:PipelineID=663e50ab-5534-46bb-8729-3f5b260ae0f1 to datanode:1d22b7d2-31db-4af8-bf0c-5577da68ec36
2023-01-26 20:33:00,595 [RatisPipelineUtilsThread - 0] INFO  pipeline.RatisPipelineProvider (RatisPipelineProvider.java:lambda$create$0(206)) - Sending CreatePipelineCommand for pipeline:PipelineID=663e50ab-5534-46bb-8729-3f5b260ae0f1 to datanode:e073a1c5-1734-4c1f-8e4b-400896f1077e
2023-01-26 20:33:00,595 [RatisPipelineUtilsThread - 0] INFO  pipeline.RatisPipelineProvider (RatisPipelineProvider.java:lambda$create$0(206)) - Sending CreatePipelineCommand for pipeline:PipelineID=663e50ab-5534-46bb-8729-3f5b260ae0f1 to datanode:2950c1a1-45bf-4864-9732-08ad567daa78
2023-01-26 20:33:00,596 [RatisPipelineUtilsThread - 0] INFO  pipeline.PipelineStateManagerImpl (PipelineStateManagerImpl.java:addPipeline(103)) - Created pipeline Pipeline[ Id: 663e50ab-5534-46bb-8729-3f5b260ae0f1, Nodes: 1d22b7d2-31db-4af8-bf0c-5577da68ec36(fv-az462-54.0zuljvm5d0yedf4jva4xayy4gc.gx.internal.cloudapp.net/10.1.0.15)e073a1c5-1734-4c1f-8e4b-400896f1077e(fv-az462-54.0zuljvm5d0yedf4jva4xayy4gc.gx.internal.cloudapp.net/10.1.0.15)2950c1a1-45bf-4864-9732-08ad567daa78(fv-az462-54.0zuljvm5d0yedf4jva4xayy4gc.gx.internal.cloudapp.net/10.1.0.15), ReplicationConfig: RATIS/THREE, State:ALLOCATED, leaderId:, CreationTimestamp2023-01-26T20:33:00.595Z[Etc/UTC]].
2023-01-26 20:33:00,596 [RatisPipelineUtilsThread - 0] INFO  pipeline.RatisPipelineProvider (RatisPipelineProvider.java:lambda$create$0(206)) - Sending CreatePipelineCommand for pipeline:PipelineID=a1d696f3-2e5c-430b-825f-5654d82e323f to datanode:2950c1a1-45bf-4864-9732-08ad567daa78
2023-01-26 20:33:00,596 [RatisPipelineUtilsThread - 0] INFO  pipeline.RatisPipelineProvider (RatisPipelineProvider.java:lambda$create$0(206)) - Sending CreatePipelineCommand for pipeline:PipelineID=a1d696f3-2e5c-430b-825f-5654d82e323f to datanode:1d22b7d2-31db-4af8-bf0c-5577da68ec36
2023-01-26 20:33:00,596 [RatisPipelineUtilsThread - 0] INFO  pipeline.RatisPipelineProvider (RatisPipelineProvider.java:lambda$create$0(206)) - Sending CreatePipelineCommand for pipeline:PipelineID=a1d696f3-2e5c-430b-825f-5654d82e323f to datanode:e073a1c5-1734-4c1f-8e4b-400896f1077e
2023-01-26 20:33:00,596 [RatisPipelineUtilsThread - 0] INFO  pipeline.PipelineStateManagerImpl (PipelineStateManagerImpl.java:addPipeline(103)) - Created pipeline Pipeline[ Id: a1d696f3-2e5c-430b-825f-5654d82e323f, Nodes: 2950c1a1-45bf-4864-9732-08ad567daa78(fv-az462-54.0zuljvm5d0yedf4jva4xayy4gc.gx.internal.cloudapp.net/10.1.0.15)1d22b7d2-31db-4af8-bf0c-5577da68ec36(fv-az462-54.0zuljvm5d0yedf4jva4xayy4gc.gx.internal.cloudapp.net/10.1.0.15)e073a1c5-1734-4c1f-8e4b-400896f1077e(fv-az462-54.0zuljvm5d0yedf4jva4xayy4gc.gx.internal.cloudapp.net/10.1.0.15), ReplicationConfig: RATIS/THREE, State:ALLOCATED, leaderId:, CreationTimestamp2023-01-26T20:33:00.596Z[Etc/UTC]].
2023-01-26 20:33:00,596 [RatisPipelineUtilsThread - 0] INFO  pipeline.PipelineManagerImpl (PipelineManagerImpl.java:recordMetricsForPipeline(826)) - Pipeline: PipelineID=a1d696f3-2e5c-430b-825f-5654d82e323f contains same datanodes as previous pipelines: PipelineID=663e50ab-5534-46bb-8729-3f5b260ae0f1 nodeIds: 2950c1a1-45bf-4864-9732-08ad567daa78, 1d22b7d2-31db-4af8-bf0c-5577da68ec36, e073a1c5-1734-4c1f-8e4b-400896f1077e
2023-01-26 20:33:00,597 [RatisPipelineUtilsThread - 0] WARN  pipeline.PipelinePlacementPolicy (PipelinePlacementPolicy.java:filterViableNodes(158)) - Pipeline creation failed due to no sufficient healthy datanodes. Required 3. Found 0.
2023-01-26 20:33:00,917 [IPC Server handler 3 on default port 44527] INFO  net.NetworkTopologyImpl (NetworkTopologyImpl.java:add(112)) - Added a new node: /default-rack/60a87c7d-8298-43e9-85a2-250658c19736
2023-01-26 20:33:00,917 [IPC Server handler 3 on default port 44527] INFO  node.SCMNodeManager (SCMNodeManager.java:register(397)) - Registered Data node : 60a87c7d-8298-43e9-85a2-250658c19736{ip: 10.1.0.15, host: fv-az462-54.0zuljvm5d0yedf4jva4xayy4gc.gx.internal.cloudapp.net, ports: [REPLICATION=34739, RATIS=44255, RATIS_ADMIN=44255, RATIS_SERVER=44255, RATIS_DATASTREAM=44249, STANDALONE=38173], networkLocation: /default-rack, certSerialId: null, persistedOpState: null, persistedOpStateExpiryEpochSec: 0}
2023-01-26 20:33:00,917 [EventQueue-NewNodeForNewNodeHandler] INFO  pipeline.BackgroundPipelineCreator (BackgroundPipelineCreator.java:notifyEventTriggered(276)) - trigger a one-shot run on RatisPipelineUtilsThread.
2023-01-26 20:33:00,918 [RatisPipelineUtilsThread - 0] INFO  pipeline.RatisPipelineProvider (RatisPipelineProvider.java:lambda$create$0(206)) - Sending CreatePipelineCommand for pipeline:PipelineID=14f2221f-b706-4ff9-a530-b26257a37dd8 to datanode:60a87c7d-8298-43e9-85a2-250658c19736
2023-01-26 20:33:00,918 [RatisPipelineUtilsThread - 0] INFO  pipeline.PipelineStateManagerImpl (PipelineStateManagerImpl.java:addPipeline(103)) - Created pipeline Pipeline[ Id: 14f2221f-b706-4ff9-a530-b26257a37dd8, Nodes: 60a87c7d-8298-43e9-85a2-250658c19736(fv-az462-54.0zuljvm5d0yedf4jva4xayy4gc.gx.internal.cloudapp.net/10.1.0.15), ReplicationConfig: RATIS/ONE, State:ALLOCATED, leaderId:, CreationTimestamp2023-01-26T20:33:00.918Z[Etc/UTC]].
2023-01-26 20:33:00,919 [RatisPipelineUtilsThread - 0] WARN  pipeline.PipelinePlacementPolicy (PipelinePlacementPolicy.java:filterViableNodes(158)) - Pipeline creation failed due to no sufficient healthy datanodes. Required 3. Found 1.
2023-01-26 20:33:01,210 [Listener at 127.0.0.1/35105] INFO  ozone.MiniOzoneClusterImpl (MiniOzoneClusterImpl.java:lambda$waitForClusterToBeReady$0(218)) - Waiting for nodes to be ready. Got 4 of 5 DN Heartbeats.
2023-01-26 20:33:01,210 [Listener at 127.0.0.1/35105] INFO  ozone.MiniOzoneClusterImpl (MiniOzoneClusterImpl.java:lambda$waitForClusterToBeReady$0(221)) - Waiting for cluster to exit safe mode
2023-01-26 20:33:01,210 [Listener at 127.0.0.1/35105] INFO  ozone.MiniOzoneClusterImpl (MiniOzoneClusterImpl.java:lambda$waitForClusterToBeReady$0(223)) - SCM became leader
2023-01-26 20:33:01,212 [IPC Server handler 0 on default port 44527] INFO  net.NetworkTopologyImpl (NetworkTopologyImpl.java:add(112)) - Added a new node: /default-rack/ff5e38c1-f65b-484d-a220-edc435d5e866
2023-01-26 20:33:01,213 [IPC Server handler 0 on default port 44527] INFO  node.SCMNodeManager (SCMNodeManager.java:register(397)) - Registered Data node : ff5e38c1-f65b-484d-a220-edc435d5e866{ip: 10.1.0.15, host: fv-az462-54.0zuljvm5d0yedf4jva4xayy4gc.gx.internal.cloudapp.net, ports: [REPLICATION=39831, RATIS=40123, RATIS_ADMIN=40123, RATIS_SERVER=40123, RATIS_DATASTREAM=36125, STANDALONE=45275], networkLocation: /default-rack, certSerialId: null, persistedOpState: null, persistedOpStateExpiryEpochSec: 0}
2023-01-26 20:33:01,213 [EventQueue-NewNodeForNewNodeHandler] INFO  pipeline.BackgroundPipelineCreator (BackgroundPipelineCreator.java:notifyEventTriggered(276)) - trigger a one-shot run on RatisPipelineUtilsThread.
2023-01-26 20:33:01,213 [RatisPipelineUtilsThread - 0] INFO  pipeline.RatisPipelineProvider (RatisPipelineProvider.java:lambda$create$0(206)) - Sending CreatePipelineCommand for pipeline:PipelineID=9f6b2dcf-c998-4f11-81aa-9bb66c13aaad to datanode:ff5e38c1-f65b-484d-a220-edc435d5e866
2023-01-26 20:33:01,214 [RatisPipelineUtilsThread - 0] INFO  pipeline.PipelineStateManagerImpl (PipelineStateManagerImpl.java:addPipeline(103)) - Created pipeline Pipeline[ Id: 9f6b2dcf-c998-4f11-81aa-9bb66c13aaad, Nodes: ff5e38c1-f65b-484d-a220-edc435d5e866(fv-az462-54.0zuljvm5d0yedf4jva4xayy4gc.gx.internal.cloudapp.net/10.1.0.15), ReplicationConfig: RATIS/ONE, State:ALLOCATED, leaderId:, CreationTimestamp2023-01-26T20:33:01.213Z[Etc/UTC]].
2023-01-26 20:33:01,214 [RatisPipelineUtilsThread - 0] WARN  pipeline.PipelinePlacementPolicy (PipelinePlacementPolicy.java:filterViableNodes(158)) - Pipeline creation failed due to no sufficient healthy datanodes. Required 3. Found 2.
2023-01-26 20:33:02,211 [Listener at 127.0.0.1/35105] INFO  ozone.MiniOzoneClusterImpl (MiniOzoneClusterImpl.java:lambda$waitForClusterToBeReady$0(218)) - Nodes are ready. Got 5 of 5 DN Heartbeats.
2023-01-26 20:33:02,211 [Listener at 127.0.0.1/35105] INFO  ozone.MiniOzoneClusterImpl (MiniOzoneClusterImpl.java:lambda$waitForClusterToBeReady$0(221)) - Waiting for cluster to exit safe mode
2023-01-26 20:33:02,211 [Listener at 127.0.0.1/35105] INFO  ozone.MiniOzoneClusterImpl (MiniOzoneClusterImpl.java:lambda$waitForClusterToBeReady$0(223)) - SCM became leader
2023-01-26 20:33:03,002 [Command processor thread] INFO  server.RaftServer (RaftServerProxy.java:addNew(96)) - 1d22b7d2-31db-4af8-bf0c-5577da68ec36: addNew group-54217E980832:[1d22b7d2-31db-4af8-bf0c-5577da68ec36|rpc:10.1.0.15:38533|dataStream:10.1.0.15:42409|priority:1|startupRole:FOLLOWER] returns group-54217E980832:java.util.concurrent.CompletableFuture@3e709d3d[Not completed]
2023-01-26 20:33:03,002 [pool-672-thread-1] INFO  server.RaftServer$Division (RaftServerImpl.java:<init>(195)) - 1d22b7d2-31db-4af8-bf0c-5577da68ec36: new RaftServerImpl for group-54217E980832:[1d22b7d2-31db-4af8-bf0c-5577da68ec36|rpc:10.1.0.15:38533|dataStream:10.1.0.15:42409|priority:1|startupRole:FOLLOWER] with ContainerStateMachine:uninitialized
2023-01-26 20:33:03,003 [pool-672-thread-1] INFO  server.RaftServerConfigKeys (ConfUtils.java:logGet(46)) - raft.server.rpc.timeout.min = 5s (custom)
2023-01-26 20:33:03,003 [pool-672-thread-1] INFO  server.RaftServerConfigKeys (ConfUtils.java:logGet(46)) - raft.server.rpc.timeout.max = 5200ms (custom)
2023-01-26 20:33:03,003 [pool-672-thread-1] INFO  server.RaftServerConfigKeys (ConfUtils.java:logGet(46)) - raft.server.rpc.sleep.time = 25ms (default)
2023-01-26 20:33:03,003 [pool-672-thread-1] INFO  server.RaftServerConfigKeys (ConfUtils.java:logGet(46)) - raft.server.rpc.slowness.timeout = 300s (custom)
2023-01-26 20:33:03,003 [pool-672-thread-1] INFO  server.RaftServerConfigKeys (ConfUtils.java:logGet(46)) - raft.server.leaderelection.leader.step-down.wait-time = 10s (default)
2023-01-26 20:33:03,003 [pool-672-thread-1] INFO  server.RaftServerConfigKeys (ConfUtils.java:logGet(46)) - raft.server.sleep.deviation.threshold = 300ms (default)
2023-01-26 20:33:03,003 [pool-672-thread-1] INFO  server.RaftServer$Division (ServerState.java:<init>(118)) - 1d22b7d2-31db-4af8-bf0c-5577da68ec36@group-54217E980832: ConfigurationManager, init=-1: peers:[1d22b7d2-31db-4af8-bf0c-5577da68ec36|rpc:10.1.0.15:38533|dataStream:10.1.0.15:42409|priority:1|startupRole:FOLLOWER]|listeners:[], old=null, confs=<EMPTY_MAP>
2023-01-26 20:33:03,003 [pool-672-thread-1] INFO  server.RaftServerConfigKeys (ConfUtils.java:logGet(46)) - raft.server.storage.dir = [/home/runner/work/ozone/ozone/hadoop-ozone/integration-test/target/test-dir/MiniOzoneClusterImpl-ced6b6c1-d1ae-4b41-aa13-dfc1f6c7b229/datanode-0/data/ratis] (custom)
2023-01-26 20:33:03,003 [pool-672-thread-1] INFO  server.RaftServerConfigKeys (ConfUtils.java:logGet(46)) - raft.server.log.corruption.policy = EXCEPTION (default)
2023-01-26 20:33:03,003 [pool-672-thread-1] INFO  server.RaftServerConfigKeys (ConfUtils.java:logGet(46)) - raft.server.storage.free-space.min = 0MB (=0) (default)
2023-01-26 20:33:03,003 [pool-672-thread-1] INFO  server.RaftServerConfigKeys (ConfUtils.java:logGet(46)) - raft.server.notification.no-leader.timeout = 300s (custom)
2023-01-26 20:33:03,003 [pool-672-thread-1] INFO  server.RaftServerConfigKeys (ConfUtils.java:logGet(46)) - raft.server.retrycache.expirytime = 600000ms (custom)
2023-01-26 20:33:03,003 [pool-672-thread-1] INFO  server.RaftServerConfigKeys (ConfUtils.java:logGet(46)) - raft.server.retrycache.statistics.expirytime = 100μs (default)
2023-01-26 20:33:03,004 [pool-672-thread-1] INFO  server.RaftServerConfigKeys (ConfUtils.java:logGet(46)) - raft.server.log.appender.install.snapshot.enabled = false (custom)
2023-01-26 20:33:03,004 [pool-672-thread-1] INFO  server.RaftServerConfigKeys (ConfUtils.java:logGet(46)) - raft.server.threadpool.server.cached = true (default)
2023-01-26 20:33:03,004 [pool-672-thread-1] INFO  server.RaftServerConfigKeys (ConfUtils.java:logGet(46)) - raft.server.threadpool.server.size = 0 (default)
2023-01-26 20:33:03,004 [pool-672-thread-1] INFO  server.RaftServerConfigKeys (ConfUtils.java:logGet(46)) - raft.server.threadpool.client.cached = true (default)
2023-01-26 20:33:03,004 [pool-672-thread-1] INFO  server.RaftServerConfigKeys (ConfUtils.java:logGet(46)) - raft.server.threadpool.client.size = 0 (default)
2023-01-26 20:33:03,004 [pool-672-thread-1] INFO  storage.RaftStorageDirectory (RaftStorageDirectoryImpl.java:analyzeStorage(137)) - The storage directory /home/runner/work/ozone/ozone/hadoop-ozone/integration-test/target/test-dir/MiniOzoneClusterImpl-ced6b6c1-d1ae-4b41-aa13-dfc1f6c7b229/datanode-0/data/ratis/527b9485-1599-44b4-ab1d-54217e980832 does not exist. Creating ...
2023-01-26 20:33:03,005 [pool-672-thread-1] INFO  storage.RaftStorageDirectory (RaftStorageDirectoryImpl.java:tryLock(231)) - Lock on /home/runner/work/ozone/ozone/hadoop-ozone/integration-test/target/test-dir/MiniOzoneClusterImpl-ced6b6c1-d1ae-4b41-aa13-dfc1f6c7b229/datanode-0/data/ratis/527b9485-1599-44b4-ab1d-54217e980832/in_use.lock acquired by nodename 10488@fv-az462-54
2023-01-26 20:33:03,006 [pool-672-thread-1] INFO  storage.RaftStorage (RaftStorageImpl.java:format(96)) - Storage directory /home/runner/work/ozone/ozone/hadoop-ozone/integration-test/target/test-dir/MiniOzoneClusterImpl-ced6b6c1-d1ae-4b41-aa13-dfc1f6c7b229/datanode-0/data/ratis/527b9485-1599-44b4-ab1d-54217e980832 has been successfully formatted.
2023-01-26 20:33:03,007 [pool-672-thread-1] INFO  ratis.ContainerStateMachine (ContainerStateMachine.java:loadSnapshot(240)) - group-54217E980832: The snapshot info is null. Setting the last applied indexto:(t:0, i:~)
2023-01-26 20:33:03,007 [pool-672-thread-1] INFO  server.RaftServerConfigKeys (ConfUtils.java:logGet(46)) - raft.server.log.use.memory = false (default)
2023-01-26 20:33:03,007 [pool-672-thread-1] INFO  server.RaftServerConfigKeys (ConfUtils.java:logGet(46)) - raft.server.log.purge.gap = 1000000 (custom)
2023-01-26 20:33:03,008 [pool-672-thread-1] INFO  server.RaftServerConfigKeys (ConfUtils.java:logGet(46)) - raft.server.log.appender.buffer.byte-limit = 33554432 (custom)
2023-01-26 20:33:03,008 [pool-672-thread-1] INFO  server.RaftServerConfigKeys (ConfUtils.java:logGet(46)) - raft.server.log.statemachine.data.read.timeout = 1000ms (default)
2023-01-26 20:33:03,008 [pool-672-thread-1] INFO  server.RaftServerConfigKeys (ConfUtils.java:logGet(46)) - raft.server.log.purge.preservation.log.num = 0 (default)
2023-01-26 20:33:03,008 [pool-672-thread-1] INFO  server.RaftServerConfigKeys (ConfUtils.java:logGet(46)) - raft.server.log.segment.size.max = 1048576 (custom)
2023-01-26 20:33:03,008 [pool-672-thread-1] INFO  server.RaftServerConfigKeys (ConfUtils.java:logGet(46)) - raft.server.log.segment.cache.num.max = 2 (custom)
2023-01-26 20:33:03,008 [pool-672-thread-1] INFO  server.RaftServerConfigKeys (ConfUtils.java:logGet(46)) - raft.server.log.segment.cache.size.max = 200MB (=209715200) (default)
2023-01-26 20:33:03,008 [pool-672-thread-1] INFO  segmented.SegmentedRaftLogWorker (SegmentedRaftLogWorker.java:<init>(189)) - new 1d22b7d2-31db-4af8-bf0c-5577da68ec36@group-54217E980832-SegmentedRaftLogWorker for RaftStorageImpl:Storage Directory /home/runner/work/ozone/ozone/hadoop-ozone/integration-test/target/test-dir/MiniOzoneClusterImpl-ced6b6c1-d1ae-4b41-aa13-dfc1f6c7b229/datanode-0/data/ratis/527b9485-1599-44b4-ab1d-54217e980832
2023-01-26 20:33:03,008 [pool-672-thread-1] INFO  server.RaftServerConfigKeys (ConfUtils.java:logGet(46)) - raft.server.log.queue.byte-limit = 4294967296 (custom)
2023-01-26 20:33:03,008 [EventQueue-PipelineReportForPipelineReportHandler] INFO  pipeline.PipelineManagerImpl (PipelineManagerImpl.java:openPipeline(367)) - Pipeline Pipeline[ Id: 527b9485-1599-44b4-ab1d-54217e980832, Nodes: 1d22b7d2-31db-4af8-bf0c-5577da68ec36(fv-az462-54.0zuljvm5d0yedf4jva4xayy4gc.gx.internal.cloudapp.net/10.1.0.15), ReplicationConfig: RATIS/ONE, State:ALLOCATED, leaderId:1d22b7d2-31db-4af8-bf0c-5577da68ec36, CreationTimestamp2023-01-26T20:33:00.010Z[Etc/UTC]] moved to OPEN state
2023-01-26 20:33:03,008 [pool-672-thread-1] INFO  server.RaftServerConfigKeys (ConfUtils.java:logGet(46)) - raft.server.log.queue.element-limit = 1024 (custom)
2023-01-26 20:33:03,008 [pool-672-thread-1] INFO  server.RaftServerConfigKeys (ConfUtils.java:logGet(46)) - raft.server.log.segment.size.max = 1048576 (custom)
2023-01-26 20:33:03,008 [pool-672-thread-1] INFO  server.RaftServerConfigKeys (ConfUtils.java:logGet(46)) - raft.server.log.preallocated.size = 16384 (custom)
2023-01-26 20:33:03,008 [pool-672-thread-1] INFO  server.RaftServerConfigKeys (ConfUtils.java:logGet(46)) - raft.server.log.force.sync.num = 128 (default)
2023-01-26 20:33:03,008 [pool-672-thread-1] INFO  server.RaftServerConfigKeys (ConfUtils.java:logGet(46)) - raft.server.log.statemachine.data.sync = true (default)
2023-01-26 20:33:03,008 [pool-672-thread-1] INFO  server.RaftServerConfigKeys (ConfUtils.java:logGet(46)) - raft.server.log.statemachine.data.sync.timeout = 10s (default)
2023-01-26 20:33:03,009 [pool-672-thread-1] INFO  server.RaftServerConfigKeys (ConfUtils.java:logGet(46)) - raft.server.log.statemachine.data.sync.timeout.retry = -1 (default)
2023-01-26 20:33:03,010 [EventQueue-OpenPipelineForHealthyPipelineSafeModeRule] INFO  safemode.SCMSafeModeManager (HealthyPipelineSafeModeRule.java:process(137)) - SCM in safe mode. Healthy pipelines reported count is 0, required healthy pipeline reported count is 1
2023-01-26 20:33:03,010 [pool-672-thread-1] INFO  server.RaftServerConfigKeys (ConfUtils.java:logGet(46)) - raft.server.log.write.buffer.size = 1048576 (custom)
2023-01-26 20:33:03,010 [pool-672-thread-1] INFO  server.RaftServerConfigKeys (ConfUtils.java:logGet(46)) - raft.server.log.appender.buffer.byte-limit = 33554432 (custom)
2023-01-26 20:33:03,015 [pool-672-thread-1] INFO  server.RaftServerConfigKeys (ConfUtils.java:logGet(46)) - raft.server.log.unsafe-flush.enabled = false (default)
2023-01-26 20:33:03,015 [pool-672-thread-1] INFO  server.RaftServerConfigKeys (ConfUtils.java:logGet(46)) - raft.server.log.async-flush.enabled = false (default)
2023-01-26 20:33:03,015 [pool-672-thread-1] INFO  server.RaftServerConfigKeys (ConfUtils.java:logGet(46)) - raft.server.log.statemachine.data.caching.enabled = true (custom)
2023-01-26 20:33:03,015 [pool-672-thread-1] INFO  segmented.SegmentedRaftLogWorker (SegmentedRaftLogWorker.java:lambda$new$0(135)) - 1d22b7d2-31db-4af8-bf0c-5577da68ec36@group-54217E980832-SegmentedRaftLogWorker: flushIndex: setUnconditionally 0 -> -1
2023-01-26 20:33:03,015 [pool-672-thread-1] INFO  segmented.SegmentedRaftLogWorker (SegmentedRaftLogWorker.java:lambda$new$0(135)) - 1d22b7d2-31db-4af8-bf0c-5577da68ec36@group-54217E980832-SegmentedRaftLogWorker: safeCacheEvictIndex: setUnconditionally 0 -> -1
2023-01-26 20:33:03,015 [pool-672-thread-1] INFO  server.RaftServer$Division (RaftServerImpl.java:start(334)) - 1d22b7d2-31db-4af8-bf0c-5577da68ec36@group-54217E980832: start as a follower, conf=-1: peers:[1d22b7d2-31db-4af8-bf0c-5577da68ec36|rpc:10.1.0.15:38533|dataStream:10.1.0.15:42409|priority:1|startupRole:FOLLOWER]|listeners:[], old=null
2023-01-26 20:33:03,015 [pool-672-thread-1] INFO  server.RaftServer$Division (RaftServerImpl.java:setRole(321)) - 1d22b7d2-31db-4af8-bf0c-5577da68ec36@group-54217E980832: changes role from      null to FOLLOWER at term 0 for startAsFollower
2023-01-26 20:33:03,015 [pool-672-thread-1] INFO  impl.RoleInfo (RoleInfo.java:updateAndGet(139)) - 1d22b7d2-31db-4af8-bf0c-5577da68ec36: start 1d22b7d2-31db-4af8-bf0c-5577da68ec36@group-54217E980832-FollowerState
2023-01-26 20:33:03,016 [1d22b7d2-31db-4af8-bf0c-5577da68ec36@group-54217E980832-FollowerState] INFO  server.RaftServerConfigKeys (ConfUtils.java:logFallback(53)) - raft.server.rpc.first-election.timeout.min = 5s (fallback to raft.server.rpc.timeout.min)
2023-01-26 20:33:03,016 [pool-672-thread-1] INFO  util.JmxRegister (JmxRegister.java:tryRegister(44)) - Successfully registered JMX Bean with object name Ratis:service=RaftServer,group=group-54217E980832,id=1d22b7d2-31db-4af8-bf0c-5577da68ec36
2023-01-26 20:33:03,016 [1d22b7d2-31db-4af8-bf0c-5577da68ec36@group-54217E980832-FollowerState] INFO  server.RaftServerConfigKeys (ConfUtils.java:logFallback(53)) - raft.server.rpc.first-election.timeout.max = 5200ms (fallback to raft.server.rpc.timeout.max)
2023-01-26 20:33:03,016 [pool-672-thread-1] INFO  server.RaftServerConfigKeys (ConfUtils.java:logGet(46)) - raft.server.snapshot.auto.trigger.enabled = true (custom)
2023-01-26 20:33:03,016 [pool-672-thread-1] INFO  server.RaftServerConfigKeys (ConfUtils.java:logGet(46)) - raft.server.snapshot.auto.trigger.threshold = 10000 (custom)
2023-01-26 20:33:03,016 [pool-672-thread-1] INFO  server.RaftServerConfigKeys (ConfUtils.java:logGet(46)) - raft.server.snapshot.retention.file.num = 5 (custom)
2023-01-26 20:33:03,016 [pool-672-thread-1] INFO  server.RaftServerConfigKeys (ConfUtils.java:logGet(46)) - raft.server.log.purge.upto.snapshot.index = false (default)
2023-01-26 20:33:03,016 [Command processor thread] INFO  ratis.XceiverServerRatis (XceiverServerRatis.java:addGroup(806)) - Created group PipelineID=527b9485-1599-44b4-ab1d-54217e980832
2023-01-26 20:33:03,016 [Command processor thread] INFO  commandhandler.CreatePipelineCommandHandler (CreatePipelineCommandHandler.java:handle(113)) - Created Pipeline RATIS ONE PipelineID=527b9485-1599-44b4-ab1d-54217e980832.
2023-01-26 20:33:03,017 [Command processor thread] INFO  server.RaftServer (RaftServerProxy.java:addNew(96)) - 1d22b7d2-31db-4af8-bf0c-5577da68ec36: addNew group-3F5B260AE0F1:[1d22b7d2-31db-4af8-bf0c-5577da68ec36|rpc:10.1.0.15:38533|dataStream:10.1.0.15:42409|priority:0|startupRole:FOLLOWER, e073a1c5-1734-4c1f-8e4b-400896f1077e|rpc:10.1.0.15:44293|dataStream:10.1.0.15:37283|priority:0|startupRole:FOLLOWER, 2950c1a1-45bf-4864-9732-08ad567daa78|rpc:10.1.0.15:41507|dataStream:10.1.0.15:46779|priority:1|startupRole:FOLLOWER] returns group-3F5B260AE0F1:java.util.concurrent.CompletableFuture@3a4f0e2b[Not completed]
2023-01-26 20:33:03,017 [pool-672-thread-1] INFO  server.RaftServer$Division (RaftServerImpl.java:<init>(195)) - 1d22b7d2-31db-4af8-bf0c-5577da68ec36: new RaftServerImpl for group-3F5B260AE0F1:[1d22b7d2-31db-4af8-bf0c-5577da68ec36|rpc:10.1.0.15:38533|dataStream:10.1.0.15:42409|priority:0|startupRole:FOLLOWER, e073a1c5-1734-4c1f-8e4b-400896f1077e|rpc:10.1.0.15:44293|dataStream:10.1.0.15:37283|priority:0|startupRole:FOLLOWER, 2950c1a1-45bf-4864-9732-08ad567daa78|rpc:10.1.0.15:41507|dataStream:10.1.0.15:46779|priority:1|startupRole:FOLLOWER] with ContainerStateMachine:uninitialized
2023-01-26 20:33:03,017 [pool-672-thread-1] INFO  server.RaftServerConfigKeys (ConfUtils.java:logGet(46)) - raft.server.rpc.timeout.min = 5s (custom)
2023-01-26 20:33:03,017 [pool-672-thread-1] INFO  server.RaftServerConfigKeys (ConfUtils.java:logGet(46)) - raft.server.rpc.timeout.max = 5200ms (custom)
2023-01-26 20:33:03,017 [pool-672-thread-1] INFO  server.RaftServerConfigKeys (ConfUtils.java:logGet(46)) - raft.server.rpc.sleep.time = 25ms (default)
2023-01-26 20:33:03,017 [pool-672-thread-1] INFO  server.RaftServerConfigKeys (ConfUtils.java:logGet(46)) - raft.server.rpc.slowness.timeout = 300s (custom)
2023-01-26 20:33:03,018 [pool-672-thread-1] INFO  server.RaftServerConfigKeys (ConfUtils.java:logGet(46)) - raft.server.leaderelection.leader.step-down.wait-time = 10s (default)
2023-01-26 20:33:03,018 [pool-672-thread-1] INFO  server.RaftServerConfigKeys (ConfUtils.java:logGet(46)) - raft.server.sleep.deviation.threshold = 300ms (default)
2023-01-26 20:33:03,018 [pool-672-thread-1] INFO  server.RaftServer$Division (ServerState.java:<init>(118)) - 1d22b7d2-31db-4af8-bf0c-5577da68ec36@group-3F5B260AE0F1: ConfigurationManager, init=-1: peers:[1d22b7d2-31db-4af8-bf0c-5577da68ec36|rpc:10.1.0.15:38533|dataStream:10.1.0.15:42409|priority:0|startupRole:FOLLOWER, e073a1c5-1734-4c1f-8e4b-400896f1077e|rpc:10.1.0.15:44293|dataStream:10.1.0.15:37283|priority:0|startupRole:FOLLOWER, 2950c1a1-45bf-4864-9732-08ad567daa78|rpc:10.1.0.15:41507|dataStream:10.1.0.15:46779|priority:1|startupRole:FOLLOWER]|listeners:[], old=null, confs=<EMPTY_MAP>
2023-01-26 20:33:03,018 [pool-672-thread-1] INFO  server.RaftServerConfigKeys (ConfUtils.java:logGet(46)) - raft.server.storage.dir = [/home/runner/work/ozone/ozone/hadoop-ozone/integration-test/target/test-dir/MiniOzoneClusterImpl-ced6b6c1-d1ae-4b41-aa13-dfc1f6c7b229/datanode-0/data/ratis] (custom)
2023-01-26 20:33:03,018 [pool-672-thread-1] INFO  server.RaftServerConfigKeys (ConfUtils.java:logGet(46)) - raft.server.log.corruption.policy = EXCEPTION (default)
2023-01-26 20:33:03,018 [pool-672-thread-1] INFO  server.RaftServerConfigKeys (ConfUtils.java:logGet(46)) - raft.server.storage.free-space.min = 0MB (=0) (default)
2023-01-26 20:33:03,018 [pool-672-thread-1] INFO  server.RaftServerConfigKeys (ConfUtils.java:logGet(46)) - raft.server.notification.no-leader.timeout = 300s (custom)
2023-01-26 20:33:03,018 [pool-672-thread-1] INFO  server.RaftServerConfigKeys (ConfUtils.java:logGet(46)) - raft.server.retrycache.expirytime = 600000ms (custom)
2023-01-26 20:33:03,018 [pool-672-thread-1] INFO  server.RaftServerConfigKeys (ConfUtils.java:logGet(46)) - raft.server.retrycache.statistics.expirytime = 100μs (default)
2023-01-26 20:33:03,018 [pool-672-thread-1] INFO  server.RaftServerConfigKeys (ConfUtils.java:logGet(46)) - raft.server.log.appender.install.snapshot.enabled = false (custom)
2023-01-26 20:33:03,018 [pool-672-thread-1] INFO  server.RaftServerConfigKeys (ConfUtils.java:logGet(46)) - raft.server.threadpool.server.cached = true (default)
2023-01-26 20:33:03,019 [pool-672-thread-1] INFO  server.RaftServerConfigKeys (ConfUtils.java:logGet(46)) - raft.server.threadpool.server.size = 0 (default)
2023-01-26 20:33:03,019 [pool-672-thread-1] INFO  server.RaftServerConfigKeys (ConfUtils.java:logGet(46)) - raft.server.threadpool.client.cached = true (default)
2023-01-26 20:33:03,019 [pool-672-thread-1] INFO  server.RaftServerConfigKeys (ConfUtils.java:logGet(46)) - raft.server.threadpool.client.size = 0 (default)
2023-01-26 20:33:03,019 [pool-672-thread-1] INFO  storage.RaftStorageDirectory (RaftStorageDirectoryImpl.java:analyzeStorage(137)) - The storage directory /home/runner/work/ozone/ozone/hadoop-ozone/integration-test/target/test-dir/MiniOzoneClusterImpl-ced6b6c1-d1ae-4b41-aa13-dfc1f6c7b229/datanode-0/data/ratis/663e50ab-5534-46bb-8729-3f5b260ae0f1 does not exist. Creating ...
2023-01-26 20:33:03,020 [pool-672-thread-1] INFO  storage.RaftStorageDirectory (RaftStorageDirectoryImpl.java:tryLock(231)) - Lock on /home/runner/work/ozone/ozone/hadoop-ozone/integration-test/target/test-dir/MiniOzoneClusterImpl-ced6b6c1-d1ae-4b41-aa13-dfc1f6c7b229/datanode-0/data/ratis/663e50ab-5534-46bb-8729-3f5b260ae0f1/in_use.lock acquired by nodename 10488@fv-az462-54
2023-01-26 20:33:03,021 [pool-672-thread-1] INFO  storage.RaftStorage (RaftStorageImpl.java:format(96)) - Storage directory /home/runner/work/ozone/ozone/hadoop-ozone/integration-test/target/test-dir/MiniOzoneClusterImpl-ced6b6c1-d1ae-4b41-aa13-dfc1f6c7b229/datanode-0/data/ratis/663e50ab-5534-46bb-8729-3f5b260ae0f1 has been successfully formatted.
2023-01-26 20:33:03,021 [pool-672-thread-1] INFO  ratis.ContainerStateMachine (ContainerStateMachine.java:loadSnapshot(240)) - group-3F5B260AE0F1: The snapshot info is null. Setting the last applied indexto:(t:0, i:~)
2023-01-26 20:33:03,021 [pool-672-thread-1] INFO  server.RaftServerConfigKeys (ConfUtils.java:logGet(46)) - raft.server.log.use.memory = false (default)
2023-01-26 20:33:03,021 [pool-672-thread-1] INFO  server.RaftServerConfigKeys (ConfUtils.java:logGet(46)) - raft.server.log.purge.gap = 1000000 (custom)
2023-01-26 20:33:03,021 [pool-672-thread-1] INFO  server.RaftServerConfigKeys (ConfUtils.java:logGet(46)) - raft.server.log.appender.buffer.byte-limit = 33554432 (custom)
2023-01-26 20:33:03,021 [pool-672-thread-1] INFO  server.RaftServerConfigKeys (ConfUtils.java:logGet(46)) - raft.server.log.statemachine.data.read.timeout = 1000ms (default)
2023-01-26 20:33:03,021 [pool-672-thread-1] INFO  server.RaftServerConfigKeys (ConfUtils.java:logGet(46)) - raft.server.log.purge.preservation.log.num = 0 (default)
2023-01-26 20:33:03,022 [pool-672-thread-1] INFO  server.RaftServerConfigKeys (ConfUtils.java:logGet(46)) - raft.server.log.segment.size.max = 1048576 (custom)
2023-01-26 20:33:03,022 [pool-672-thread-1] INFO  server.RaftServerConfigKeys (ConfUtils.java:logGet(46)) - raft.server.log.segment.cache.num.max = 2 (custom)
2023-01-26 20:33:03,022 [pool-672-thread-1] INFO  server.RaftServerConfigKeys (ConfUtils.java:logGet(46)) - raft.server.log.segment.cache.size.max = 200MB (=209715200) (default)
2023-01-26 20:33:03,022 [pool-672-thread-1] INFO  segmented.SegmentedRaftLogWorker (SegmentedRaftLogWorker.java:<init>(189)) - new 1d22b7d2-31db-4af8-bf0c-5577da68ec36@group-3F5B260AE0F1-SegmentedRaftLogWorker for RaftStorageImpl:Storage Directory /home/runner/work/ozone/ozone/hadoop-ozone/integration-test/target/test-dir/MiniOzoneClusterImpl-ced6b6c1-d1ae-4b41-aa13-dfc1f6c7b229/datanode-0/data/ratis/663e50ab-5534-46bb-8729-3f5b260ae0f1
2023-01-26 20:33:03,022 [pool-672-thread-1] INFO  server.RaftServerConfigKeys (ConfUtils.java:logGet(46)) - raft.server.log.queue.byte-limit = 4294967296 (custom)
2023-01-26 20:33:03,022 [pool-672-thread-1] INFO  server.RaftServerConfigKeys (ConfUtils.java:logGet(46)) - raft.server.log.queue.element-limit = 1024 (custom)
2023-01-26 20:33:03,022 [pool-672-thread-1] INFO  server.RaftServerConfigKeys (ConfUtils.java:logGet(46)) - raft.server.log.segment.size.max = 1048576 (custom)
2023-01-26 20:33:03,022 [pool-672-thread-1] INFO  server.RaftServerConfigKeys (ConfUtils.java:logGet(46)) - raft.server.log.preallocated.size = 16384 (custom)
2023-01-26 20:33:03,022 [pool-672-thread-1] INFO  server.RaftServerConfigKeys (ConfUtils.java:logGet(46)) - raft.server.log.force.sync.num = 128 (default)
2023-01-26 20:33:03,022 [pool-672-thread-1] INFO  server.RaftServerConfigKeys (ConfUtils.java:logGet(46)) - raft.server.log.statemachine.data.sync = true (default)
2023-01-26 20:33:03,022 [pool-672-thread-1] INFO  server.RaftServerConfigKeys (ConfUtils.java:logGet(46)) - raft.server.log.statemachine.data.sync.timeout = 10s (default)
2023-01-26 20:33:03,022 [pool-672-thread-1] INFO  server.RaftServerConfigKeys (ConfUtils.java:logGet(46)) - raft.server.log.statemachine.data.sync.timeout.retry = -1 (default)
2023-01-26 20:33:03,022 [pool-672-thread-1] INFO  server.RaftServerConfigKeys (ConfUtils.java:logGet(46)) - raft.server.log.write.buffer.size = 1048576 (custom)
2023-01-26 20:33:03,022 [pool-672-thread-1] INFO  server.RaftServerConfigKeys (ConfUtils.java:logGet(46)) - raft.server.log.appender.buffer.byte-limit = 33554432 (custom)
2023-01-26 20:33:03,023 [EventQueue-OpenPipelineForHealthyPipelineSafeModeRule] INFO  safemode.SCMSafeModeManager (HealthyPipelineSafeModeRule.java:process(137)) - SCM in safe mode. Healthy pipelines reported count is 0, required healthy pipeline reported count is 1
2023-01-26 20:33:03,028 [pool-672-thread-1] INFO  server.RaftServerConfigKeys (ConfUtils.java:logGet(46)) - raft.server.log.unsafe-flush.enabled = false (default)
2023-01-26 20:33:03,028 [pool-672-thread-1] INFO  server.RaftServerConfigKeys (ConfUtils.java:logGet(46)) - raft.server.log.async-flush.enabled = false (default)
2023-01-26 20:33:03,028 [pool-672-thread-1] INFO  server.RaftServerConfigKeys (ConfUtils.java:logGet(46)) - raft.server.log.statemachine.data.caching.enabled = true (custom)
2023-01-26 20:33:03,028 [pool-672-thread-1] INFO  segmented.SegmentedRaftLogWorker (SegmentedRaftLogWorker.java:lambda$new$0(135)) - 1d22b7d2-31db-4af8-bf0c-5577da68ec36@group-3F5B260AE0F1-SegmentedRaftLogWorker: flushIndex: setUnconditionally 0 -> -1
2023-01-26 20:33:03,028 [pool-672-thread-1] INFO  segmented.SegmentedRaftLogWorker (SegmentedRaftLogWorker.java:lambda$new$0(135)) - 1d22b7d2-31db-4af8-bf0c-5577da68ec36@group-3F5B260AE0F1-SegmentedRaftLogWorker: safeCacheEvictIndex: setUnconditionally 0 -> -1
2023-01-26 20:33:03,028 [pool-672-thread-1] INFO  server.RaftServer$Division (RaftServerImpl.java:start(334)) - 1d22b7d2-31db-4af8-bf0c-5577da68ec36@group-3F5B260AE0F1: start as a follower, conf=-1: peers:[1d22b7d2-31db-4af8-bf0c-5577da68ec36|rpc:10.1.0.15:38533|dataStream:10.1.0.15:42409|priority:0|startupRole:FOLLOWER, e073a1c5-1734-4c1f-8e4b-400896f1077e|rpc:10.1.0.15:44293|dataStream:10.1.0.15:37283|priority:0|startupRole:FOLLOWER, 2950c1a1-45bf-4864-9732-08ad567daa78|rpc:10.1.0.15:41507|dataStream:10.1.0.15:46779|priority:1|startupRole:FOLLOWER]|listeners:[], old=null
2023-01-26 20:33:03,028 [pool-672-thread-1] INFO  server.RaftServer$Division (RaftServerImpl.java:setRole(321)) - 1d22b7d2-31db-4af8-bf0c-5577da68ec36@group-3F5B260AE0F1: changes role from      null to FOLLOWER at term 0 for startAsFollower
2023-01-26 20:33:03,028 [pool-672-thread-1] INFO  impl.RoleInfo (RoleInfo.java:updateAndGet(139)) - 1d22b7d2-31db-4af8-bf0c-5577da68ec36: start 1d22b7d2-31db-4af8-bf0c-5577da68ec36@group-3F5B260AE0F1-FollowerState
2023-01-26 20:33:03,029 [pool-672-thread-1] INFO  util.JmxRegister (JmxRegister.java:tryRegister(44)) - Successfully registered JMX Bean with object name Ratis:service=RaftServer,group=group-3F5B260AE0F1,id=1d22b7d2-31db-4af8-bf0c-5577da68ec36
2023-01-26 20:33:03,029 [1d22b7d2-31db-4af8-bf0c-5577da68ec36@group-3F5B260AE0F1-FollowerState] INFO  server.RaftServerConfigKeys (ConfUtils.java:logFallback(53)) - raft.server.rpc.first-election.timeout.min = 5s (fallback to raft.server.rpc.timeout.min)
2023-01-26 20:33:03,029 [pool-672-thread-1] INFO  server.RaftServerConfigKeys (ConfUtils.java:logGet(46)) - raft.server.snapshot.auto.trigger.enabled = true (custom)
2023-01-26 20:33:03,029 [1d22b7d2-31db-4af8-bf0c-5577da68ec36@group-3F5B260AE0F1-FollowerState] INFO  server.RaftServerConfigKeys (ConfUtils.java:logFallback(53)) - raft.server.rpc.first-election.timeout.max = 5200ms (fallback to raft.server.rpc.timeout.max)
2023-01-26 20:33:03,029 [pool-672-thread-1] INFO  server.RaftServerConfigKeys (ConfUtils.java:logGet(46)) - raft.server.snapshot.auto.trigger.threshold = 10000 (custom)
2023-01-26 20:33:03,029 [pool-672-thread-1] INFO  server.RaftServerConfigKeys (ConfUtils.java:logGet(46)) - raft.server.snapshot.retention.file.num = 5 (custom)
2023-01-26 20:33:03,029 [pool-672-thread-1] INFO  server.RaftServerConfigKeys (ConfUtils.java:logGet(46)) - raft.server.log.purge.upto.snapshot.index = false (default)
2023-01-26 20:33:03,029 [Command processor thread] INFO  ratis.XceiverServerRatis (XceiverServerRatis.java:addGroup(806)) - Created group PipelineID=663e50ab-5534-46bb-8729-3f5b260ae0f1
2023-01-26 20:33:03,089 [grpc-default-executor-0] INFO  server.RaftServer (RaftServerProxy.java:addNew(96)) - e073a1c5-1734-4c1f-8e4b-400896f1077e: addNew group-3F5B260AE0F1:[1d22b7d2-31db-4af8-bf0c-5577da68ec36|rpc:10.1.0.15:38533|dataStream:10.1.0.15:42409|priority:0|startupRole:FOLLOWER, e073a1c5-1734-4c1f-8e4b-400896f1077e|rpc:10.1.0.15:44293|dataStream:10.1.0.15:37283|priority:0|startupRole:FOLLOWER, 2950c1a1-45bf-4864-9732-08ad567daa78|rpc:10.1.0.15:41507|dataStream:10.1.0.15:46779|priority:1|startupRole:FOLLOWER] returns group-3F5B260AE0F1:java.util.concurrent.CompletableFuture@2be1a784[Not completed]
2023-01-26 20:33:03,096 [pool-716-thread-1] INFO  server.RaftServer$Division (RaftServerImpl.java:<init>(195)) - e073a1c5-1734-4c1f-8e4b-400896f1077e: new RaftServerImpl for group-3F5B260AE0F1:[1d22b7d2-31db-4af8-bf0c-5577da68ec36|rpc:10.1.0.15:38533|dataStream:10.1.0.15:42409|priority:0|startupRole:FOLLOWER, e073a1c5-1734-4c1f-8e4b-400896f1077e|rpc:10.1.0.15:44293|dataStream:10.1.0.15:37283|priority:0|startupRole:FOLLOWER, 2950c1a1-45bf-4864-9732-08ad567daa78|rpc:10.1.0.15:41507|dataStream:10.1.0.15:46779|priority:1|startupRole:FOLLOWER] with ContainerStateMachine:uninitialized
2023-01-26 20:33:03,096 [pool-716-thread-1] INFO  server.RaftServerConfigKeys (ConfUtils.java:logGet(46)) - raft.server.rpc.timeout.min = 5s (custom)
2023-01-26 20:33:03,096 [pool-716-thread-1] INFO  server.RaftServerConfigKeys (ConfUtils.java:logGet(46)) - raft.server.rpc.timeout.max = 5200ms (custom)
2023-01-26 20:33:03,096 [pool-716-thread-1] INFO  server.RaftServerConfigKeys (ConfUtils.java:logGet(46)) - raft.server.rpc.sleep.time = 25ms (default)
2023-01-26 20:33:03,096 [pool-716-thread-1] INFO  server.RaftServerConfigKeys (ConfUtils.java:logGet(46)) - raft.server.rpc.slowness.timeout = 300s (custom)
2023-01-26 20:33:03,096 [pool-716-thread-1] INFO  server.RaftServerConfigKeys (ConfUtils.java:logGet(46)) - raft.server.leaderelection.leader.step-down.wait-time = 10s (default)
2023-01-26 20:33:03,097 [pool-716-thread-1] INFO  server.RaftServerConfigKeys (ConfUtils.java:logGet(46)) - raft.server.sleep.deviation.threshold = 300ms (default)
2023-01-26 20:33:03,097 [pool-716-thread-1] INFO  server.RaftServer$Division (ServerState.java:<init>(118)) - e073a1c5-1734-4c1f-8e4b-400896f1077e@group-3F5B260AE0F1: ConfigurationManager, init=-1: peers:[1d22b7d2-31db-4af8-bf0c-5577da68ec36|rpc:10.1.0.15:38533|dataStream:10.1.0.15:42409|priority:0|startupRole:FOLLOWER, e073a1c5-1734-4c1f-8e4b-400896f1077e|rpc:10.1.0.15:44293|dataStream:10.1.0.15:37283|priority:0|startupRole:FOLLOWER, 2950c1a1-45bf-4864-9732-08ad567daa78|rpc:10.1.0.15:41507|dataStream:10.1.0.15:46779|priority:1|startupRole:FOLLOWER]|listeners:[], old=null, confs=<EMPTY_MAP>
2023-01-26 20:33:03,097 [pool-716-thread-1] INFO  server.RaftServerConfigKeys (ConfUtils.java:logGet(46)) - raft.server.storage.dir = [/home/runner/work/ozone/ozone/hadoop-ozone/integration-test/target/test-dir/MiniOzoneClusterImpl-ced6b6c1-d1ae-4b41-aa13-dfc1f6c7b229/datanode-2/data/ratis] (custom)
2023-01-26 20:33:03,097 [pool-716-thread-1] INFO  server.RaftServerConfigKeys (ConfUtils.java:logGet(46)) - raft.server.log.corruption.policy = EXCEPTION (default)
2023-01-26 20:33:03,097 [pool-716-thread-1] INFO  server.RaftServerConfigKeys (ConfUtils.java:logGet(46)) - raft.server.storage.free-space.min = 0MB (=0) (default)
2023-01-26 20:33:03,097 [pool-716-thread-1] INFO  server.RaftServerConfigKeys (ConfUtils.java:logGet(46)) - raft.server.notification.no-leader.timeout = 300s (custom)
2023-01-26 20:33:03,097 [pool-716-thread-1] INFO  server.RaftServerConfigKeys (ConfUtils.java:logGet(46)) - raft.server.retrycache.expirytime = 600000ms (custom)
2023-01-26 20:33:03,097 [pool-716-thread-1] INFO  server.RaftServerConfigKeys (ConfUtils.java:logGet(46)) - raft.server.retrycache.statistics.expirytime = 100μs (default)
2023-01-26 20:33:03,098 [pool-716-thread-1] INFO  server.RaftServerConfigKeys (ConfUtils.java:logGet(46)) - raft.server.log.appender.install.snapshot.enabled = false (custom)
2023-01-26 20:33:03,098 [pool-716-thread-1] INFO  server.RaftServerConfigKeys (ConfUtils.java:logGet(46)) - raft.server.threadpool.server.cached = true (default)
2023-01-26 20:33:03,098 [pool-716-thread-1] INFO  server.RaftServerConfigKeys (ConfUtils.java:logGet(46)) - raft.server.threadpool.server.size = 0 (default)
2023-01-26 20:33:03,098 [pool-716-thread-1] INFO  server.RaftServerConfigKeys (ConfUtils.java:logGet(46)) - raft.server.threadpool.client.cached = true (default)
2023-01-26 20:33:03,098 [pool-716-thread-1] INFO  server.RaftServerConfigKeys (ConfUtils.java:logGet(46)) - raft.server.threadpool.client.size = 0 (default)
2023-01-26 20:33:03,098 [pool-716-thread-1] INFO  storage.RaftStorageDirectory (RaftStorageDirectoryImpl.java:analyzeStorage(137)) - The storage directory /home/runner/work/ozone/ozone/hadoop-ozone/integration-test/target/test-dir/MiniOzoneClusterImpl-ced6b6c1-d1ae-4b41-aa13-dfc1f6c7b229/datanode-2/data/ratis/663e50ab-5534-46bb-8729-3f5b260ae0f1 does not exist. Creating ...
2023-01-26 20:33:03,099 [pool-716-thread-1] INFO  storage.RaftStorageDirectory (RaftStorageDirectoryImpl.java:tryLock(231)) - Lock on /home/runner/work/ozone/ozone/hadoop-ozone/integration-test/target/test-dir/MiniOzoneClusterImpl-ced6b6c1-d1ae-4b41-aa13-dfc1f6c7b229/datanode-2/data/ratis/663e50ab-5534-46bb-8729-3f5b260ae0f1/in_use.lock acquired by nodename 10488@fv-az462-54
2023-01-26 20:33:03,100 [pool-716-thread-1] INFO  storage.RaftStorage (RaftStorageImpl.java:format(96)) - Storage directory /home/runner/work/ozone/ozone/hadoop-ozone/integration-test/target/test-dir/MiniOzoneClusterImpl-ced6b6c1-d1ae-4b41-aa13-dfc1f6c7b229/datanode-2/data/ratis/663e50ab-5534-46bb-8729-3f5b260ae0f1 has been successfully formatted.
2023-01-26 20:33:03,101 [pool-716-thread-1] INFO  ratis.ContainerStateMachine (ContainerStateMachine.java:loadSnapshot(240)) - group-3F5B260AE0F1: The snapshot info is null. Setting the last applied indexto:(t:0, i:~)
2023-01-26 20:33:03,101 [pool-716-thread-1] INFO  server.RaftServerConfigKeys (ConfUtils.java:logGet(46)) - raft.server.log.use.memory = false (default)
2023-01-26 20:33:03,101 [pool-716-thread-1] INFO  server.RaftServerConfigKeys (ConfUtils.java:logGet(46)) - raft.server.log.purge.gap = 1000000 (custom)
2023-01-26 20:33:03,101 [pool-716-thread-1] INFO  server.RaftServerConfigKeys (ConfUtils.java:logGet(46)) - raft.server.log.appender.buffer.byte-limit = 33554432 (custom)
2023-01-26 20:33:03,101 [pool-716-thread-1] INFO  server.RaftServerConfigKeys (ConfUtils.java:logGet(46)) - raft.server.log.statemachine.data.read.timeout = 1000ms (default)
2023-01-26 20:33:03,101 [pool-716-thread-1] INFO  server.RaftServerConfigKeys (ConfUtils.java:logGet(46)) - raft.server.log.purge.preservation.log.num = 0 (default)
2023-01-26 20:33:03,101 [pool-716-thread-1] INFO  server.RaftServerConfigKeys (ConfUtils.java:logGet(46)) - raft.server.log.segment.size.max = 1048576 (custom)
2023-01-26 20:33:03,101 [pool-716-thread-1] INFO  server.RaftServerConfigKeys (ConfUtils.java:logGet(46)) - raft.server.log.segment.cache.num.max = 2 (custom)
2023-01-26 20:33:03,102 [pool-716-thread-1] INFO  server.RaftServerConfigKeys (ConfUtils.java:logGet(46)) - raft.server.log.segment.cache.size.max = 200MB (=209715200) (default)
2023-01-26 20:33:03,102 [pool-716-thread-1] INFO  segmented.SegmentedRaftLogWorker (SegmentedRaftLogWorker.java:<init>(189)) - new e073a1c5-1734-4c1f-8e4b-400896f1077e@group-3F5B260AE0F1-SegmentedRaftLogWorker for RaftStorageImpl:Storage Directory /home/runner/work/ozone/ozone/hadoop-ozone/integration-test/target/test-dir/MiniOzoneClusterImpl-ced6b6c1-d1ae-4b41-aa13-dfc1f6c7b229/datanode-2/data/ratis/663e50ab-5534-46bb-8729-3f5b260ae0f1
2023-01-26 20:33:03,102 [pool-716-thread-1] INFO  server.RaftServerConfigKeys (ConfUtils.java:logGet(46)) - raft.server.log.queue.byte-limit = 4294967296 (custom)
2023-01-26 20:33:03,102 [pool-716-thread-1] INFO  server.RaftServerConfigKeys (ConfUtils.java:logGet(46)) - raft.server.log.queue.element-limit = 1024 (custom)
2023-01-26 20:33:03,102 [pool-716-thread-1] INFO  server.RaftServerConfigKeys (ConfUtils.java:logGet(46)) - raft.server.log.segment.size.max = 1048576 (custom)
2023-01-26 20:33:03,102 [pool-716-thread-1] INFO  server.RaftServerConfigKeys (ConfUtils.java:logGet(46)) - raft.server.log.preallocated.size = 16384 (custom)
2023-01-26 20:33:03,102 [pool-716-thread-1] INFO  server.RaftServerConfigKeys (ConfUtils.java:logGet(46)) - raft.server.log.force.sync.num = 128 (default)
2023-01-26 20:33:03,102 [pool-716-thread-1] INFO  server.RaftServerConfigKeys (ConfUtils.java:logGet(46)) - raft.server.log.statemachine.data.sync = true (default)
2023-01-26 20:33:03,102 [pool-716-thread-1] INFO  server.RaftServerConfigKeys (ConfUtils.java:logGet(46)) - raft.server.log.statemachine.data.sync.timeout = 10s (default)
2023-01-26 20:33:03,102 [pool-716-thread-1] INFO  server.RaftServerConfigKeys (ConfUtils.java:logGet(46)) - raft.server.log.statemachine.data.sync.timeout.retry = -1 (default)
2023-01-26 20:33:03,102 [pool-716-thread-1] INFO  server.RaftServerConfigKeys (ConfUtils.java:logGet(46)) - raft.server.log.write.buffer.size = 1048576 (custom)
2023-01-26 20:33:03,103 [pool-716-thread-1] INFO  server.RaftServerConfigKeys (ConfUtils.java:logGet(46)) - raft.server.log.appender.buffer.byte-limit = 33554432 (custom)
2023-01-26 20:33:03,108 [pool-716-thread-1] INFO  server.RaftServerConfigKeys (ConfUtils.java:logGet(46)) - raft.server.log.unsafe-flush.enabled = false (default)
2023-01-26 20:33:03,108 [pool-716-thread-1] INFO  server.RaftServerConfigKeys (ConfUtils.java:logGet(46)) - raft.server.log.async-flush.enabled = false (default)
2023-01-26 20:33:03,108 [pool-716-thread-1] INFO  server.RaftServerConfigKeys (ConfUtils.java:logGet(46)) - raft.server.log.statemachine.data.caching.enabled = true (custom)
2023-01-26 20:33:03,108 [pool-716-thread-1] INFO  segmented.SegmentedRaftLogWorker (SegmentedRaftLogWorker.java:lambda$new$0(135)) - e073a1c5-1734-4c1f-8e4b-400896f1077e@group-3F5B260AE0F1-SegmentedRaftLogWorker: flushIndex: setUnconditionally 0 -> -1
2023-01-26 20:33:03,108 [pool-716-thread-1] INFO  segmented.SegmentedRaftLogWorker (SegmentedRaftLogWorker.java:lambda$new$0(135)) - e073a1c5-1734-4c1f-8e4b-400896f1077e@group-3F5B260AE0F1-SegmentedRaftLogWorker: safeCacheEvictIndex: setUnconditionally 0 -> -1
2023-01-26 20:33:03,109 [pool-716-thread-1] INFO  server.RaftServer$Division (RaftServerImpl.java:start(334)) - e073a1c5-1734-4c1f-8e4b-400896f1077e@group-3F5B260AE0F1: start as a follower, conf=-1: peers:[1d22b7d2-31db-4af8-bf0c-5577da68ec36|rpc:10.1.0.15:38533|dataStream:10.1.0.15:42409|priority:0|startupRole:FOLLOWER, e073a1c5-1734-4c1f-8e4b-400896f1077e|rpc:10.1.0.15:44293|dataStream:10.1.0.15:37283|priority:0|startupRole:FOLLOWER, 2950c1a1-45bf-4864-9732-08ad567daa78|rpc:10.1.0.15:41507|dataStream:10.1.0.15:46779|priority:1|startupRole:FOLLOWER]|listeners:[], old=null
2023-01-26 20:33:03,109 [pool-716-thread-1] INFO  server.RaftServer$Division (RaftServerImpl.java:setRole(321)) - e073a1c5-1734-4c1f-8e4b-400896f1077e@group-3F5B260AE0F1: changes role from      null to FOLLOWER at term 0 for startAsFollower
2023-01-26 20:33:03,109 [pool-716-thread-1] INFO  impl.RoleInfo (RoleInfo.java:updateAndGet(139)) - e073a1c5-1734-4c1f-8e4b-400896f1077e: start e073a1c5-1734-4c1f-8e4b-400896f1077e@group-3F5B260AE0F1-FollowerState
2023-01-26 20:33:03,109 [e073a1c5-1734-4c1f-8e4b-400896f1077e@group-3F5B260AE0F1-FollowerState] INFO  server.RaftServerConfigKeys (ConfUtils.java:logFallback(53)) - raft.server.rpc.first-election.timeout.min = 5s (fallback to raft.server.rpc.timeout.min)
2023-01-26 20:33:03,109 [pool-716-thread-1] INFO  util.JmxRegister (JmxRegister.java:tryRegister(44)) - Successfully registered JMX Bean with object name Ratis:service=RaftServer,group=group-3F5B260AE0F1,id=e073a1c5-1734-4c1f-8e4b-400896f1077e
2023-01-26 20:33:03,109 [e073a1c5-1734-4c1f-8e4b-400896f1077e@group-3F5B260AE0F1-FollowerState] INFO  server.RaftServerConfigKeys (ConfUtils.java:logFallback(53)) - raft.server.rpc.first-election.timeout.max = 5200ms (fallback to raft.server.rpc.timeout.max)
2023-01-26 20:33:03,109 [pool-716-thread-1] INFO  server.RaftServerConfigKeys (ConfUtils.java:logGet(46)) - raft.server.snapshot.auto.trigger.enabled = true (custom)
2023-01-26 20:33:03,110 [pool-716-thread-1] INFO  server.RaftServerConfigKeys (ConfUtils.java:logGet(46)) - raft.server.snapshot.auto.trigger.threshold = 10000 (custom)
2023-01-26 20:33:03,110 [pool-716-thread-1] INFO  server.RaftServerConfigKeys (ConfUtils.java:logGet(46)) - raft.server.snapshot.retention.file.num = 5 (custom)
2023-01-26 20:33:03,110 [pool-716-thread-1] INFO  server.RaftServerConfigKeys (ConfUtils.java:logGet(46)) - raft.server.log.purge.upto.snapshot.index = false (default)
2023-01-26 20:33:03,127 [grpc-default-executor-0] INFO  server.RaftServer (RaftServerProxy.java:addNew(96)) - 2950c1a1-45bf-4864-9732-08ad567daa78: addNew group-3F5B260AE0F1:[1d22b7d2-31db-4af8-bf0c-5577da68ec36|rpc:10.1.0.15:38533|dataStream:10.1.0.15:42409|priority:0|startupRole:FOLLOWER, e073a1c5-1734-4c1f-8e4b-400896f1077e|rpc:10.1.0.15:44293|dataStream:10.1.0.15:37283|priority:0|startupRole:FOLLOWER, 2950c1a1-45bf-4864-9732-08ad567daa78|rpc:10.1.0.15:41507|dataStream:10.1.0.15:46779|priority:1|startupRole:FOLLOWER] returns group-3F5B260AE0F1:java.util.concurrent.CompletableFuture@4afe1bc4[Not completed]
2023-01-26 20:33:03,128 [pool-694-thread-1] INFO  server.RaftServer$Division (RaftServerImpl.java:<init>(195)) - 2950c1a1-45bf-4864-9732-08ad567daa78: new RaftServerImpl for group-3F5B260AE0F1:[1d22b7d2-31db-4af8-bf0c-5577da68ec36|rpc:10.1.0.15:38533|dataStream:10.1.0.15:42409|priority:0|startupRole:FOLLOWER, e073a1c5-1734-4c1f-8e4b-400896f1077e|rpc:10.1.0.15:44293|dataStream:10.1.0.15:37283|priority:0|startupRole:FOLLOWER, 2950c1a1-45bf-4864-9732-08ad567daa78|rpc:10.1.0.15:41507|dataStream:10.1.0.15:46779|priority:1|startupRole:FOLLOWER] with ContainerStateMachine:uninitialized
2023-01-26 20:33:03,128 [pool-694-thread-1] INFO  server.RaftServerConfigKeys (ConfUtils.java:logGet(46)) - raft.server.rpc.timeout.min = 5s (custom)
2023-01-26 20:33:03,128 [pool-694-thread-1] INFO  server.RaftServerConfigKeys (ConfUtils.java:logGet(46)) - raft.server.rpc.timeout.max = 5200ms (custom)
2023-01-26 20:33:03,128 [pool-694-thread-1] INFO  server.RaftServerConfigKeys (ConfUtils.java:logGet(46)) - raft.server.rpc.sleep.time = 25ms (default)
2023-01-26 20:33:03,128 [pool-694-thread-1] INFO  server.RaftServerConfigKeys (ConfUtils.java:logGet(46)) - raft.server.rpc.slowness.timeout = 300s (custom)
2023-01-26 20:33:03,128 [pool-694-thread-1] INFO  server.RaftServerConfigKeys (ConfUtils.java:logGet(46)) - raft.server.leaderelection.leader.step-down.wait-time = 10s (default)
2023-01-26 20:33:03,128 [pool-694-thread-1] INFO  server.RaftServerConfigKeys (ConfUtils.java:logGet(46)) - raft.server.sleep.deviation.threshold = 300ms (default)
2023-01-26 20:33:03,128 [pool-694-thread-1] INFO  server.RaftServer$Division (ServerState.java:<init>(118)) - 2950c1a1-45bf-4864-9732-08ad567daa78@group-3F5B260AE0F1: ConfigurationManager, init=-1: peers:[1d22b7d2-31db-4af8-bf0c-5577da68ec36|rpc:10.1.0.15:38533|dataStream:10.1.0.15:42409|priority:0|startupRole:FOLLOWER, e073a1c5-1734-4c1f-8e4b-400896f1077e|rpc:10.1.0.15:44293|dataStream:10.1.0.15:37283|priority:0|startupRole:FOLLOWER, 2950c1a1-45bf-4864-9732-08ad567daa78|rpc:10.1.0.15:41507|dataStream:10.1.0.15:46779|priority:1|startupRole:FOLLOWER]|listeners:[], old=null, confs=<EMPTY_MAP>
2023-01-26 20:33:03,128 [pool-694-thread-1] INFO  server.RaftServerConfigKeys (ConfUtils.java:logGet(46)) - raft.server.storage.dir = [/home/runner/work/ozone/ozone/hadoop-ozone/integration-test/target/test-dir/MiniOzoneClusterImpl-ced6b6c1-d1ae-4b41-aa13-dfc1f6c7b229/datanode-1/data/ratis] (custom)
2023-01-26 20:33:03,128 [pool-694-thread-1] INFO  server.RaftServerConfigKeys (ConfUtils.java:logGet(46)) - raft.server.log.corruption.policy = EXCEPTION (default)
2023-01-26 20:33:03,128 [pool-694-thread-1] INFO  server.RaftServerConfigKeys (ConfUtils.java:logGet(46)) - raft.server.storage.free-space.min = 0MB (=0) (default)
2023-01-26 20:33:03,128 [pool-694-thread-1] INFO  server.RaftServerConfigKeys (ConfUtils.java:logGet(46)) - raft.server.notification.no-leader.timeout = 300s (custom)
2023-01-26 20:33:03,128 [pool-694-thread-1] INFO  server.RaftServerConfigKeys (ConfUtils.java:logGet(46)) - raft.server.retrycache.expirytime = 600000ms (custom)
2023-01-26 20:33:03,128 [pool-694-thread-1] INFO  server.RaftServerConfigKeys (ConfUtils.java:logGet(46)) - raft.server.retrycache.statistics.expirytime = 100μs (default)
2023-01-26 20:33:03,129 [pool-694-thread-1] INFO  server.RaftServerConfigKeys (ConfUtils.java:logGet(46)) - raft.server.log.appender.install.snapshot.enabled = false (custom)
2023-01-26 20:33:03,129 [pool-694-thread-1] INFO  server.RaftServerConfigKeys (ConfUtils.java:logGet(46)) - raft.server.threadpool.server.cached = true (default)
2023-01-26 20:33:03,129 [pool-694-thread-1] INFO  server.RaftServerConfigKeys (ConfUtils.java:logGet(46)) - raft.server.threadpool.server.size = 0 (default)
2023-01-26 20:33:03,129 [pool-694-thread-1] INFO  server.RaftServerConfigKeys (ConfUtils.java:logGet(46)) - raft.server.threadpool.client.cached = true (default)
2023-01-26 20:33:03,129 [pool-694-thread-1] INFO  server.RaftServerConfigKeys (ConfUtils.java:logGet(46)) - raft.server.threadpool.client.size = 0 (default)
2023-01-26 20:33:03,129 [pool-694-thread-1] INFO  storage.RaftStorageDirectory (RaftStorageDirectoryImpl.java:analyzeStorage(137)) - The storage directory /home/runner/work/ozone/ozone/hadoop-ozone/integration-test/target/test-dir/MiniOzoneClusterImpl-ced6b6c1-d1ae-4b41-aa13-dfc1f6c7b229/datanode-1/data/ratis/663e50ab-5534-46bb-8729-3f5b260ae0f1 does not exist. Creating ...
2023-01-26 20:33:03,130 [pool-694-thread-1] INFO  storage.RaftStorageDirectory (RaftStorageDirectoryImpl.java:tryLock(231)) - Lock on /home/runner/work/ozone/ozone/hadoop-ozone/integration-test/target/test-dir/MiniOzoneClusterImpl-ced6b6c1-d1ae-4b41-aa13-dfc1f6c7b229/datanode-1/data/ratis/663e50ab-5534-46bb-8729-3f5b260ae0f1/in_use.lock acquired by nodename 10488@fv-az462-54
2023-01-26 20:33:03,131 [pool-694-thread-1] INFO  storage.RaftStorage (RaftStorageImpl.java:format(96)) - Storage directory /home/runner/work/ozone/ozone/hadoop-ozone/integration-test/target/test-dir/MiniOzoneClusterImpl-ced6b6c1-d1ae-4b41-aa13-dfc1f6c7b229/datanode-1/data/ratis/663e50ab-5534-46bb-8729-3f5b260ae0f1 has been successfully formatted.
2023-01-26 20:33:03,132 [pool-694-thread-1] INFO  ratis.ContainerStateMachine (ContainerStateMachine.java:loadSnapshot(240)) - group-3F5B260AE0F1: The snapshot info is null. Setting the last applied indexto:(t:0, i:~)
2023-01-26 20:33:03,132 [pool-694-thread-1] INFO  server.RaftServerConfigKeys (ConfUtils.java:logGet(46)) - raft.server.log.use.memory = false (default)
2023-01-26 20:33:03,132 [pool-694-thread-1] INFO  server.RaftServerConfigKeys (ConfUtils.java:logGet(46)) - raft.server.log.purge.gap = 1000000 (custom)
2023-01-26 20:33:03,132 [pool-694-thread-1] INFO  server.RaftServerConfigKeys (ConfUtils.java:logGet(46)) - raft.server.log.appender.buffer.byte-limit = 33554432 (custom)
2023-01-26 20:33:03,132 [pool-694-thread-1] INFO  server.RaftServerConfigKeys (ConfUtils.java:logGet(46)) - raft.server.log.statemachine.data.read.timeout = 1000ms (default)
2023-01-26 20:33:03,132 [pool-694-thread-1] INFO  server.RaftServerConfigKeys (ConfUtils.java:logGet(46)) - raft.server.log.purge.preservation.log.num = 0 (default)
2023-01-26 20:33:03,133 [pool-694-thread-1] INFO  server.RaftServerConfigKeys (ConfUtils.java:logGet(46)) - raft.server.log.segment.size.max = 1048576 (custom)
2023-01-26 20:33:03,133 [pool-694-thread-1] INFO  server.RaftServerConfigKeys (ConfUtils.java:logGet(46)) - raft.server.log.segment.cache.num.max = 2 (custom)
2023-01-26 20:33:03,133 [pool-694-thread-1] INFO  server.RaftServerConfigKeys (ConfUtils.java:logGet(46)) - raft.server.log.segment.cache.size.max = 200MB (=209715200) (default)
2023-01-26 20:33:03,133 [pool-694-thread-1] INFO  segmented.SegmentedRaftLogWorker (SegmentedRaftLogWorker.java:<init>(189)) - new 2950c1a1-45bf-4864-9732-08ad567daa78@group-3F5B260AE0F1-SegmentedRaftLogWorker for RaftStorageImpl:Storage Directory /home/runner/work/ozone/ozone/hadoop-ozone/integration-test/target/test-dir/MiniOzoneClusterImpl-ced6b6c1-d1ae-4b41-aa13-dfc1f6c7b229/datanode-1/data/ratis/663e50ab-5534-46bb-8729-3f5b260ae0f1
2023-01-26 20:33:03,133 [pool-694-thread-1] INFO  server.RaftServerConfigKeys (ConfUtils.java:logGet(46)) - raft.server.log.queue.byte-limit = 4294967296 (custom)
2023-01-26 20:33:03,133 [pool-694-thread-1] INFO  server.RaftServerConfigKeys (ConfUtils.java:logGet(46)) - raft.server.log.queue.element-limit = 1024 (custom)
2023-01-26 20:33:03,133 [pool-694-thread-1] INFO  server.RaftServerConfigKeys (ConfUtils.java:logGet(46)) - raft.server.log.segment.size.max = 1048576 (custom)
2023-01-26 20:33:03,133 [pool-694-thread-1] INFO  server.RaftServerConfigKeys (ConfUtils.java:logGet(46)) - raft.server.log.preallocated.size = 16384 (custom)
2023-01-26 20:33:03,133 [pool-694-thread-1] INFO  server.RaftServerConfigKeys (ConfUtils.java:logGet(46)) - raft.server.log.force.sync.num = 128 (default)
2023-01-26 20:33:03,133 [pool-694-thread-1] INFO  server.RaftServerConfigKeys (ConfUtils.java:logGet(46)) - raft.server.log.statemachine.data.sync = true (default)
2023-01-26 20:33:03,133 [pool-694-thread-1] INFO  server.RaftServerConfigKeys (ConfUtils.java:logGet(46)) - raft.server.log.statemachine.data.sync.timeout = 10s (default)
2023-01-26 20:33:03,133 [pool-694-thread-1] INFO  server.RaftServerConfigKeys (ConfUtils.java:logGet(46)) - raft.server.log.statemachine.data.sync.timeout.retry = -1 (default)
2023-01-26 20:33:03,134 [pool-694-thread-1] INFO  server.RaftServerConfigKeys (ConfUtils.java:logGet(46)) - raft.server.log.write.buffer.size = 1048576 (custom)
2023-01-26 20:33:03,134 [pool-694-thread-1] INFO  server.RaftServerConfigKeys (ConfUtils.java:logGet(46)) - raft.server.log.appender.buffer.byte-limit = 33554432 (custom)
2023-01-26 20:33:03,139 [pool-694-thread-1] INFO  server.RaftServerConfigKeys (ConfUtils.java:logGet(46)) - raft.server.log.unsafe-flush.enabled = false (default)
2023-01-26 20:33:03,140 [pool-694-thread-1] INFO  server.RaftServerConfigKeys (ConfUtils.java:logGet(46)) - raft.server.log.async-flush.enabled = false (default)
2023-01-26 20:33:03,140 [pool-694-thread-1] INFO  server.RaftServerConfigKeys (ConfUtils.java:logGet(46)) - raft.server.log.statemachine.data.caching.enabled = true (custom)
2023-01-26 20:33:03,140 [pool-694-thread-1] INFO  segmented.SegmentedRaftLogWorker (SegmentedRaftLogWorker.java:lambda$new$0(135)) - 2950c1a1-45bf-4864-9732-08ad567daa78@group-3F5B260AE0F1-SegmentedRaftLogWorker: flushIndex: setUnconditionally 0 -> -1
2023-01-26 20:33:03,140 [pool-694-thread-1] INFO  segmented.SegmentedRaftLogWorker (SegmentedRaftLogWorker.java:lambda$new$0(135)) - 2950c1a1-45bf-4864-9732-08ad567daa78@group-3F5B260AE0F1-SegmentedRaftLogWorker: safeCacheEvictIndex: setUnconditionally 0 -> -1
2023-01-26 20:33:03,140 [pool-694-thread-1] INFO  server.RaftServer$Division (RaftServerImpl.java:start(334)) - 2950c1a1-45bf-4864-9732-08ad567daa78@group-3F5B260AE0F1: start as a follower, conf=-1: peers:[1d22b7d2-31db-4af8-bf0c-5577da68ec36|rpc:10.1.0.15:38533|dataStream:10.1.0.15:42409|priority:0|startupRole:FOLLOWER, e073a1c5-1734-4c1f-8e4b-400896f1077e|rpc:10.1.0.15:44293|dataStream:10.1.0.15:37283|priority:0|startupRole:FOLLOWER, 2950c1a1-45bf-4864-9732-08ad567daa78|rpc:10.1.0.15:41507|dataStream:10.1.0.15:46779|priority:1|startupRole:FOLLOWER]|listeners:[], old=null
2023-01-26 20:33:03,140 [pool-694-thread-1] INFO  server.RaftServer$Division (RaftServerImpl.java:setRole(321)) - 2950c1a1-45bf-4864-9732-08ad567daa78@group-3F5B260AE0F1: changes role from      null to FOLLOWER at term 0 for startAsFollower
2023-01-26 20:33:03,140 [pool-694-thread-1] INFO  impl.RoleInfo (RoleInfo.java:updateAndGet(139)) - 2950c1a1-45bf-4864-9732-08ad567daa78: start 2950c1a1-45bf-4864-9732-08ad567daa78@group-3F5B260AE0F1-FollowerState
2023-01-26 20:33:03,140 [pool-694-thread-1] INFO  util.JmxRegister (JmxRegister.java:tryRegister(44)) - Successfully registered JMX Bean with object name Ratis:service=RaftServer,group=group-3F5B260AE0F1,id=2950c1a1-45bf-4864-9732-08ad567daa78
2023-01-26 20:33:03,140 [2950c1a1-45bf-4864-9732-08ad567daa78@group-3F5B260AE0F1-FollowerState] INFO  server.RaftServerConfigKeys (ConfUtils.java:logFallback(53)) - raft.server.rpc.first-election.timeout.min = 5s (fallback to raft.server.rpc.timeout.min)
2023-01-26 20:33:03,140 [pool-694-thread-1] INFO  server.RaftServerConfigKeys (ConfUtils.java:logGet(46)) - raft.server.snapshot.auto.trigger.enabled = true (custom)
2023-01-26 20:33:03,141 [2950c1a1-45bf-4864-9732-08ad567daa78@group-3F5B260AE0F1-FollowerState] INFO  server.RaftServerConfigKeys (ConfUtils.java:logFallback(53)) - raft.server.rpc.first-election.timeout.max = 5200ms (fallback to raft.server.rpc.timeout.max)
2023-01-26 20:33:03,141 [pool-694-thread-1] INFO  server.RaftServerConfigKeys (ConfUtils.java:logGet(46)) - raft.server.snapshot.auto.trigger.threshold = 10000 (custom)
2023-01-26 20:33:03,141 [pool-694-thread-1] INFO  server.RaftServerConfigKeys (ConfUtils.java:logGet(46)) - raft.server.snapshot.retention.file.num = 5 (custom)
2023-01-26 20:33:03,141 [pool-694-thread-1] INFO  server.RaftServerConfigKeys (ConfUtils.java:logGet(46)) - raft.server.log.purge.upto.snapshot.index = false (default)
2023-01-26 20:33:03,144 [Command processor thread] INFO  commandhandler.CreatePipelineCommandHandler (CreatePipelineCommandHandler.java:handle(113)) - Created Pipeline RATIS THREE PipelineID=663e50ab-5534-46bb-8729-3f5b260ae0f1.
2023-01-26 20:33:03,144 [Command processor thread] INFO  server.RaftServer (RaftServerProxy.java:addNew(96)) - 1d22b7d2-31db-4af8-bf0c-5577da68ec36: addNew group-5654D82E323F:[1d22b7d2-31db-4af8-bf0c-5577da68ec36|rpc:10.1.0.15:38533|dataStream:10.1.0.15:42409|priority:0|startupRole:FOLLOWER, e073a1c5-1734-4c1f-8e4b-400896f1077e|rpc:10.1.0.15:44293|dataStream:10.1.0.15:37283|priority:1|startupRole:FOLLOWER, 2950c1a1-45bf-4864-9732-08ad567daa78|rpc:10.1.0.15:41507|dataStream:10.1.0.15:46779|priority:0|startupRole:FOLLOWER] returns group-5654D82E323F:java.util.concurrent.CompletableFuture@4bdca2d0[Not completed]
2023-01-26 20:33:03,145 [pool-672-thread-1] INFO  server.RaftServer$Division (RaftServerImpl.java:<init>(195)) - 1d22b7d2-31db-4af8-bf0c-5577da68ec36: new RaftServerImpl for group-5654D82E323F:[1d22b7d2-31db-4af8-bf0c-5577da68ec36|rpc:10.1.0.15:38533|dataStream:10.1.0.15:42409|priority:0|startupRole:FOLLOWER, e073a1c5-1734-4c1f-8e4b-400896f1077e|rpc:10.1.0.15:44293|dataStream:10.1.0.15:37283|priority:1|startupRole:FOLLOWER, 2950c1a1-45bf-4864-9732-08ad567daa78|rpc:10.1.0.15:41507|dataStream:10.1.0.15:46779|priority:0|startupRole:FOLLOWER] with ContainerStateMachine:uninitialized
2023-01-26 20:33:03,145 [pool-672-thread-1] INFO  server.RaftServerConfigKeys (ConfUtils.java:logGet(46)) - raft.server.rpc.timeout.min = 5s (custom)
2023-01-26 20:33:03,145 [pool-672-thread-1] INFO  server.RaftServerConfigKeys (ConfUtils.java:logGet(46)) - raft.server.rpc.timeout.max = 5200ms (custom)
2023-01-26 20:33:03,145 [pool-672-thread-1] INFO  server.RaftServerConfigKeys (ConfUtils.java:logGet(46)) - raft.server.rpc.sleep.time = 25ms (default)
2023-01-26 20:33:03,145 [pool-672-thread-1] INFO  server.RaftServerConfigKeys (ConfUtils.java:logGet(46)) - raft.server.rpc.slowness.timeout = 300s (custom)
2023-01-26 20:33:03,145 [pool-672-thread-1] INFO  server.RaftServerConfigKeys (ConfUtils.java:logGet(46)) - raft.server.leaderelection.leader.step-down.wait-time = 10s (default)
2023-01-26 20:33:03,145 [pool-672-thread-1] INFO  server.RaftServerConfigKeys (ConfUtils.java:logGet(46)) - raft.server.sleep.deviation.threshold = 300ms (default)
2023-01-26 20:33:03,145 [pool-672-thread-1] INFO  server.RaftServer$Division (ServerState.java:<init>(118)) - 1d22b7d2-31db-4af8-bf0c-5577da68ec36@group-5654D82E323F: ConfigurationManager, init=-1: peers:[1d22b7d2-31db-4af8-bf0c-5577da68ec36|rpc:10.1.0.15:38533|dataStream:10.1.0.15:42409|priority:0|startupRole:FOLLOWER, e073a1c5-1734-4c1f-8e4b-400896f1077e|rpc:10.1.0.15:44293|dataStream:10.1.0.15:37283|priority:1|startupRole:FOLLOWER, 2950c1a1-45bf-4864-9732-08ad567daa78|rpc:10.1.0.15:41507|dataStream:10.1.0.15:46779|priority:0|startupRole:FOLLOWER]|listeners:[], old=null, confs=<EMPTY_MAP>
2023-01-26 20:33:03,145 [pool-672-thread-1] INFO  server.RaftServerConfigKeys (ConfUtils.java:logGet(46)) - raft.server.storage.dir = [/home/runner/work/ozone/ozone/hadoop-ozone/integration-test/target/test-dir/MiniOzoneClusterImpl-ced6b6c1-d1ae-4b41-aa13-dfc1f6c7b229/datanode-0/data/ratis] (custom)
2023-01-26 20:33:03,145 [pool-672-thread-1] INFO  server.RaftServerConfigKeys (ConfUtils.java:logGet(46)) - raft.server.log.corruption.policy = EXCEPTION (default)
2023-01-26 20:33:03,145 [pool-672-thread-1] INFO  server.RaftServerConfigKeys (ConfUtils.java:logGet(46)) - raft.server.storage.free-space.min = 0MB (=0) (default)
2023-01-26 20:33:03,145 [pool-672-thread-1] INFO  server.RaftServerConfigKeys (ConfUtils.java:logGet(46)) - raft.server.notification.no-leader.timeout = 300s (custom)
2023-01-26 20:33:03,145 [pool-672-thread-1] INFO  server.RaftServerConfigKeys (ConfUtils.java:logGet(46)) - raft.server.retrycache.expirytime = 600000ms (custom)
2023-01-26 20:33:03,145 [pool-672-thread-1] INFO  server.RaftServerConfigKeys (ConfUtils.java:logGet(46)) - raft.server.retrycache.statistics.expirytime = 100μs (default)
2023-01-26 20:33:03,146 [pool-672-thread-1] INFO  server.RaftServerConfigKeys (ConfUtils.java:logGet(46)) - raft.server.log.appender.install.snapshot.enabled = false (custom)
2023-01-26 20:33:03,146 [pool-672-thread-1] INFO  server.RaftServerConfigKeys (ConfUtils.java:logGet(46)) - raft.server.threadpool.server.cached = true (default)
2023-01-26 20:33:03,146 [pool-672-thread-1] INFO  server.RaftServerConfigKeys (ConfUtils.java:logGet(46)) - raft.server.threadpool.server.size = 0 (default)
2023-01-26 20:33:03,146 [pool-672-thread-1] INFO  server.RaftServerConfigKeys (ConfUtils.java:logGet(46)) - raft.server.threadpool.client.cached = true (default)
2023-01-26 20:33:03,146 [pool-672-thread-1] INFO  server.RaftServerConfigKeys (ConfUtils.java:logGet(46)) - raft.server.threadpool.client.size = 0 (default)
2023-01-26 20:33:03,146 [pool-672-thread-1] INFO  storage.RaftStorageDirectory (RaftStorageDirectoryImpl.java:analyzeStorage(137)) - The storage directory /home/runner/work/ozone/ozone/hadoop-ozone/integration-test/target/test-dir/MiniOzoneClusterImpl-ced6b6c1-d1ae-4b41-aa13-dfc1f6c7b229/datanode-0/data/ratis/a1d696f3-2e5c-430b-825f-5654d82e323f does not exist. Creating ...
2023-01-26 20:33:03,147 [pool-672-thread-1] INFO  storage.RaftStorageDirectory (RaftStorageDirectoryImpl.java:tryLock(231)) - Lock on /home/runner/work/ozone/ozone/hadoop-ozone/integration-test/target/test-dir/MiniOzoneClusterImpl-ced6b6c1-d1ae-4b41-aa13-dfc1f6c7b229/datanode-0/data/ratis/a1d696f3-2e5c-430b-825f-5654d82e323f/in_use.lock acquired by nodename 10488@fv-az462-54
2023-01-26 20:33:03,148 [pool-672-thread-1] INFO  storage.RaftStorage (RaftStorageImpl.java:format(96)) - Storage directory /home/runner/work/ozone/ozone/hadoop-ozone/integration-test/target/test-dir/MiniOzoneClusterImpl-ced6b6c1-d1ae-4b41-aa13-dfc1f6c7b229/datanode-0/data/ratis/a1d696f3-2e5c-430b-825f-5654d82e323f has been successfully formatted.
2023-01-26 20:33:03,149 [EventQueue-OpenPipelineForHealthyPipelineSafeModeRule] INFO  safemode.SCMSafeModeManager (HealthyPipelineSafeModeRule.java:process(137)) - SCM in safe mode. Healthy pipelines reported count is 0, required healthy pipeline reported count is 1
2023-01-26 20:33:03,149 [pool-672-thread-1] INFO  ratis.ContainerStateMachine (ContainerStateMachine.java:loadSnapshot(240)) - group-5654D82E323F: The snapshot info is null. Setting the last applied indexto:(t:0, i:~)
2023-01-26 20:33:03,149 [pool-672-thread-1] INFO  server.RaftServerConfigKeys (ConfUtils.java:logGet(46)) - raft.server.log.use.memory = false (default)
2023-01-26 20:33:03,149 [pool-672-thread-1] INFO  server.RaftServerConfigKeys (ConfUtils.java:logGet(46)) - raft.server.log.purge.gap = 1000000 (custom)
2023-01-26 20:33:03,149 [pool-672-thread-1] INFO  server.RaftServerConfigKeys (ConfUtils.java:logGet(46)) - raft.server.log.appender.buffer.byte-limit = 33554432 (custom)
2023-01-26 20:33:03,149 [pool-672-thread-1] INFO  server.RaftServerConfigKeys (ConfUtils.java:logGet(46)) - raft.server.log.statemachine.data.read.timeout = 1000ms (default)
2023-01-26 20:33:03,149 [pool-672-thread-1] INFO  server.RaftServerConfigKeys (ConfUtils.java:logGet(46)) - raft.server.log.purge.preservation.log.num = 0 (default)
2023-01-26 20:33:03,150 [pool-672-thread-1] INFO  server.RaftServerConfigKeys (ConfUtils.java:logGet(46)) - raft.server.log.segment.size.max = 1048576 (custom)
2023-01-26 20:33:03,150 [pool-672-thread-1] INFO  server.RaftServerConfigKeys (ConfUtils.java:logGet(46)) - raft.server.log.segment.cache.num.max = 2 (custom)
2023-01-26 20:33:03,150 [pool-672-thread-1] INFO  server.RaftServerConfigKeys (ConfUtils.java:logGet(46)) - raft.server.log.segment.cache.size.max = 200MB (=209715200) (default)
2023-01-26 20:33:03,150 [pool-672-thread-1] INFO  segmented.SegmentedRaftLogWorker (SegmentedRaftLogWorker.java:<init>(189)) - new 1d22b7d2-31db-4af8-bf0c-5577da68ec36@group-5654D82E323F-SegmentedRaftLogWorker for RaftStorageImpl:Storage Directory /home/runner/work/ozone/ozone/hadoop-ozone/integration-test/target/test-dir/MiniOzoneClusterImpl-ced6b6c1-d1ae-4b41-aa13-dfc1f6c7b229/datanode-0/data/ratis/a1d696f3-2e5c-430b-825f-5654d82e323f
2023-01-26 20:33:03,150 [pool-672-thread-1] INFO  server.RaftServerConfigKeys (ConfUtils.java:logGet(46)) - raft.server.log.queue.byte-limit = 4294967296 (custom)
2023-01-26 20:33:03,150 [pool-672-thread-1] INFO  server.RaftServerConfigKeys (ConfUtils.java:logGet(46)) - raft.server.log.queue.element-limit = 1024 (custom)
2023-01-26 20:33:03,150 [pool-672-thread-1] INFO  server.RaftServerConfigKeys (ConfUtils.java:logGet(46)) - raft.server.log.segment.size.max = 1048576 (custom)
2023-01-26 20:33:03,150 [pool-672-thread-1] INFO  server.RaftServerConfigKeys (ConfUtils.java:logGet(46)) - raft.server.log.preallocated.size = 16384 (custom)
2023-01-26 20:33:03,150 [pool-672-thread-1] INFO  server.RaftServerConfigKeys (ConfUtils.java:logGet(46)) - raft.server.log.force.sync.num = 128 (default)
2023-01-26 20:33:03,150 [pool-672-thread-1] INFO  server.RaftServerConfigKeys (ConfUtils.java:logGet(46)) - raft.server.log.statemachine.data.sync = true (default)
2023-01-26 20:33:03,150 [pool-672-thread-1] INFO  server.RaftServerConfigKeys (ConfUtils.java:logGet(46)) - raft.server.log.statemachine.data.sync.timeout = 10s (default)
2023-01-26 20:33:03,150 [pool-672-thread-1] INFO  server.RaftServerConfigKeys (ConfUtils.java:logGet(46)) - raft.server.log.statemachine.data.sync.timeout.retry = -1 (default)
2023-01-26 20:33:03,150 [pool-672-thread-1] INFO  server.RaftServerConfigKeys (ConfUtils.java:logGet(46)) - raft.server.log.write.buffer.size = 1048576 (custom)
2023-01-26 20:33:03,151 [pool-672-thread-1] INFO  server.RaftServerConfigKeys (ConfUtils.java:logGet(46)) - raft.server.log.appender.buffer.byte-limit = 33554432 (custom)
2023-01-26 20:33:03,155 [pool-672-thread-1] INFO  server.RaftServerConfigKeys (ConfUtils.java:logGet(46)) - raft.server.log.unsafe-flush.enabled = false (default)
2023-01-26 20:33:03,155 [pool-672-thread-1] INFO  server.RaftServerConfigKeys (ConfUtils.java:logGet(46)) - raft.server.log.async-flush.enabled = false (default)
2023-01-26 20:33:03,155 [pool-672-thread-1] INFO  server.RaftServerConfigKeys (ConfUtils.java:logGet(46)) - raft.server.log.statemachine.data.caching.enabled = true (custom)
2023-01-26 20:33:03,156 [pool-672-thread-1] INFO  segmented.SegmentedRaftLogWorker (SegmentedRaftLogWorker.java:lambda$new$0(135)) - 1d22b7d2-31db-4af8-bf0c-5577da68ec36@group-5654D82E323F-SegmentedRaftLogWorker: flushIndex: setUnconditionally 0 -> -1
2023-01-26 20:33:03,156 [pool-672-thread-1] INFO  segmented.SegmentedRaftLogWorker (SegmentedRaftLogWorker.java:lambda$new$0(135)) - 1d22b7d2-31db-4af8-bf0c-5577da68ec36@group-5654D82E323F-SegmentedRaftLogWorker: safeCacheEvictIndex: setUnconditionally 0 -> -1
2023-01-26 20:33:03,156 [pool-672-thread-1] INFO  server.RaftServer$Division (RaftServerImpl.java:start(334)) - 1d22b7d2-31db-4af8-bf0c-5577da68ec36@group-5654D82E323F: start as a follower, conf=-1: peers:[1d22b7d2-31db-4af8-bf0c-5577da68ec36|rpc:10.1.0.15:38533|dataStream:10.1.0.15:42409|priority:0|startupRole:FOLLOWER, e073a1c5-1734-4c1f-8e4b-400896f1077e|rpc:10.1.0.15:44293|dataStream:10.1.0.15:37283|priority:1|startupRole:FOLLOWER, 2950c1a1-45bf-4864-9732-08ad567daa78|rpc:10.1.0.15:41507|dataStream:10.1.0.15:46779|priority:0|startupRole:FOLLOWER]|listeners:[], old=null
2023-01-26 20:33:03,156 [pool-672-thread-1] INFO  server.RaftServer$Division (RaftServerImpl.java:setRole(321)) - 1d22b7d2-31db-4af8-bf0c-5577da68ec36@group-5654D82E323F: changes role from      null to FOLLOWER at term 0 for startAsFollower
2023-01-26 20:33:03,156 [pool-672-thread-1] INFO  impl.RoleInfo (RoleInfo.java:updateAndGet(139)) - 1d22b7d2-31db-4af8-bf0c-5577da68ec36: start 1d22b7d2-31db-4af8-bf0c-5577da68ec36@group-5654D82E323F-FollowerState
2023-01-26 20:33:03,156 [pool-672-thread-1] INFO  util.JmxRegister (JmxRegister.java:tryRegister(44)) - Successfully registered JMX Bean with object name Ratis:service=RaftServer,group=group-5654D82E323F,id=1d22b7d2-31db-4af8-bf0c-5577da68ec36
2023-01-26 20:33:03,156 [1d22b7d2-31db-4af8-bf0c-5577da68ec36@group-5654D82E323F-FollowerState] INFO  server.RaftServerConfigKeys (ConfUtils.java:logFallback(53)) - raft.server.rpc.first-election.timeout.min = 5s (fallback to raft.server.rpc.timeout.min)
2023-01-26 20:33:03,156 [pool-672-thread-1] INFO  server.RaftServerConfigKeys (ConfUtils.java:logGet(46)) - raft.server.snapshot.auto.trigger.enabled = true (custom)
2023-01-26 20:33:03,156 [1d22b7d2-31db-4af8-bf0c-5577da68ec36@group-5654D82E323F-FollowerState] INFO  server.RaftServerConfigKeys (ConfUtils.java:logFallback(53)) - raft.server.rpc.first-election.timeout.max = 5200ms (fallback to raft.server.rpc.timeout.max)
2023-01-26 20:33:03,157 [pool-672-thread-1] INFO  server.RaftServerConfigKeys (ConfUtils.java:logGet(46)) - raft.server.snapshot.auto.trigger.threshold = 10000 (custom)
2023-01-26 20:33:03,157 [pool-672-thread-1] INFO  server.RaftServerConfigKeys (ConfUtils.java:logGet(46)) - raft.server.snapshot.retention.file.num = 5 (custom)
2023-01-26 20:33:03,157 [pool-672-thread-1] INFO  server.RaftServerConfigKeys (ConfUtils.java:logGet(46)) - raft.server.log.purge.upto.snapshot.index = false (default)
2023-01-26 20:33:03,157 [Command processor thread] INFO  ratis.XceiverServerRatis (XceiverServerRatis.java:addGroup(806)) - Created group PipelineID=a1d696f3-2e5c-430b-825f-5654d82e323f
2023-01-26 20:33:03,164 [grpc-default-executor-0] INFO  server.RaftServer (RaftServerProxy.java:addNew(96)) - 2950c1a1-45bf-4864-9732-08ad567daa78: addNew group-5654D82E323F:[1d22b7d2-31db-4af8-bf0c-5577da68ec36|rpc:10.1.0.15:38533|dataStream:10.1.0.15:42409|priority:0|startupRole:FOLLOWER, e073a1c5-1734-4c1f-8e4b-400896f1077e|rpc:10.1.0.15:44293|dataStream:10.1.0.15:37283|priority:1|startupRole:FOLLOWER, 2950c1a1-45bf-4864-9732-08ad567daa78|rpc:10.1.0.15:41507|dataStream:10.1.0.15:46779|priority:0|startupRole:FOLLOWER] returns group-5654D82E323F:java.util.concurrent.CompletableFuture@68a8ce95[Not completed]
2023-01-26 20:33:03,165 [pool-694-thread-1] INFO  server.RaftServer$Division (RaftServerImpl.java:<init>(195)) - 2950c1a1-45bf-4864-9732-08ad567daa78: new RaftServerImpl for group-5654D82E323F:[1d22b7d2-31db-4af8-bf0c-5577da68ec36|rpc:10.1.0.15:38533|dataStream:10.1.0.15:42409|priority:0|startupRole:FOLLOWER, e073a1c5-1734-4c1f-8e4b-400896f1077e|rpc:10.1.0.15:44293|dataStream:10.1.0.15:37283|priority:1|startupRole:FOLLOWER, 2950c1a1-45bf-4864-9732-08ad567daa78|rpc:10.1.0.15:41507|dataStream:10.1.0.15:46779|priority:0|startupRole:FOLLOWER] with ContainerStateMachine:uninitialized
2023-01-26 20:33:03,165 [pool-694-thread-1] INFO  server.RaftServerConfigKeys (ConfUtils.java:logGet(46)) - raft.server.rpc.timeout.min = 5s (custom)
2023-01-26 20:33:03,165 [pool-694-thread-1] INFO  server.RaftServerConfigKeys (ConfUtils.java:logGet(46)) - raft.server.rpc.timeout.max = 5200ms (custom)
2023-01-26 20:33:03,165 [pool-694-thread-1] INFO  server.RaftServerConfigKeys (ConfUtils.java:logGet(46)) - raft.server.rpc.sleep.time = 25ms (default)
2023-01-26 20:33:03,165 [pool-694-thread-1] INFO  server.RaftServerConfigKeys (ConfUtils.java:logGet(46)) - raft.server.rpc.slowness.timeout = 300s (custom)
2023-01-26 20:33:03,165 [pool-694-thread-1] INFO  server.RaftServerConfigKeys (ConfUtils.java:logGet(46)) - raft.server.leaderelection.leader.step-down.wait-time = 10s (default)
2023-01-26 20:33:03,165 [pool-694-thread-1] INFO  server.RaftServerConfigKeys (ConfUtils.java:logGet(46)) - raft.server.sleep.deviation.threshold = 300ms (default)
2023-01-26 20:33:03,165 [pool-694-thread-1] INFO  server.RaftServer$Division (ServerState.java:<init>(118)) - 2950c1a1-45bf-4864-9732-08ad567daa78@group-5654D82E323F: ConfigurationManager, init=-1: peers:[1d22b7d2-31db-4af8-bf0c-5577da68ec36|rpc:10.1.0.15:38533|dataStream:10.1.0.15:42409|priority:0|startupRole:FOLLOWER, e073a1c5-1734-4c1f-8e4b-400896f1077e|rpc:10.1.0.15:44293|dataStream:10.1.0.15:37283|priority:1|startupRole:FOLLOWER, 2950c1a1-45bf-4864-9732-08ad567daa78|rpc:10.1.0.15:41507|dataStream:10.1.0.15:46779|priority:0|startupRole:FOLLOWER]|listeners:[], old=null, confs=<EMPTY_MAP>
2023-01-26 20:33:03,165 [pool-694-thread-1] INFO  server.RaftServerConfigKeys (ConfUtils.java:logGet(46)) - raft.server.storage.dir = [/home/runner/work/ozone/ozone/hadoop-ozone/integration-test/target/test-dir/MiniOzoneClusterImpl-ced6b6c1-d1ae-4b41-aa13-dfc1f6c7b229/datanode-1/data/ratis] (custom)
2023-01-26 20:33:03,165 [pool-694-thread-1] INFO  server.RaftServerConfigKeys (ConfUtils.java:logGet(46)) - raft.server.log.corruption.policy = EXCEPTION (default)
2023-01-26 20:33:03,165 [pool-694-thread-1] INFO  server.RaftServerConfigKeys (ConfUtils.java:logGet(46)) - raft.server.storage.free-space.min = 0MB (=0) (default)
2023-01-26 20:33:03,165 [pool-694-thread-1] INFO  server.RaftServerConfigKeys (ConfUtils.java:logGet(46)) - raft.server.notification.no-leader.timeout = 300s (custom)
2023-01-26 20:33:03,165 [pool-694-thread-1] INFO  server.RaftServerConfigKeys (ConfUtils.java:logGet(46)) - raft.server.retrycache.expirytime = 600000ms (custom)
2023-01-26 20:33:03,165 [pool-694-thread-1] INFO  server.RaftServerConfigKeys (ConfUtils.java:logGet(46)) - raft.server.retrycache.statistics.expirytime = 100μs (default)
2023-01-26 20:33:03,166 [pool-694-thread-1] INFO  server.RaftServerConfigKeys (ConfUtils.java:logGet(46)) - raft.server.log.appender.install.snapshot.enabled = false (custom)
2023-01-26 20:33:03,166 [pool-694-thread-1] INFO  server.RaftServerConfigKeys (ConfUtils.java:logGet(46)) - raft.server.threadpool.server.cached = true (default)
2023-01-26 20:33:03,166 [pool-694-thread-1] INFO  server.RaftServerConfigKeys (ConfUtils.java:logGet(46)) - raft.server.threadpool.server.size = 0 (default)
2023-01-26 20:33:03,166 [pool-694-thread-1] INFO  server.RaftServerConfigKeys (ConfUtils.java:logGet(46)) - raft.server.threadpool.client.cached = true (default)
2023-01-26 20:33:03,166 [pool-694-thread-1] INFO  server.RaftServerConfigKeys (ConfUtils.java:logGet(46)) - raft.server.threadpool.client.size = 0 (default)
2023-01-26 20:33:03,166 [pool-694-thread-1] INFO  storage.RaftStorageDirectory (RaftStorageDirectoryImpl.java:analyzeStorage(137)) - The storage directory /home/runner/work/ozone/ozone/hadoop-ozone/integration-test/target/test-dir/MiniOzoneClusterImpl-ced6b6c1-d1ae-4b41-aa13-dfc1f6c7b229/datanode-1/data/ratis/a1d696f3-2e5c-430b-825f-5654d82e323f does not exist. Creating ...
2023-01-26 20:33:03,167 [pool-694-thread-1] INFO  storage.RaftStorageDirectory (RaftStorageDirectoryImpl.java:tryLock(231)) - Lock on /home/runner/work/ozone/ozone/hadoop-ozone/integration-test/target/test-dir/MiniOzoneClusterImpl-ced6b6c1-d1ae-4b41-aa13-dfc1f6c7b229/datanode-1/data/ratis/a1d696f3-2e5c-430b-825f-5654d82e323f/in_use.lock acquired by nodename 10488@fv-az462-54
2023-01-26 20:33:03,168 [pool-694-thread-1] INFO  storage.RaftStorage (RaftStorageImpl.java:format(96)) - Storage directory /home/runner/work/ozone/ozone/hadoop-ozone/integration-test/target/test-dir/MiniOzoneClusterImpl-ced6b6c1-d1ae-4b41-aa13-dfc1f6c7b229/datanode-1/data/ratis/a1d696f3-2e5c-430b-825f-5654d82e323f has been successfully formatted.
2023-01-26 20:33:03,168 [pool-694-thread-1] INFO  ratis.ContainerStateMachine (ContainerStateMachine.java:loadSnapshot(240)) - group-5654D82E323F: The snapshot info is null. Setting the last applied indexto:(t:0, i:~)
2023-01-26 20:33:03,168 [pool-694-thread-1] INFO  server.RaftServerConfigKeys (ConfUtils.java:logGet(46)) - raft.server.log.use.memory = false (default)
2023-01-26 20:33:03,169 [pool-694-thread-1] INFO  server.RaftServerConfigKeys (ConfUtils.java:logGet(46)) - raft.server.log.purge.gap = 1000000 (custom)
2023-01-26 20:33:03,169 [pool-694-thread-1] INFO  server.RaftServerConfigKeys (ConfUtils.java:logGet(46)) - raft.server.log.appender.buffer.byte-limit = 33554432 (custom)
2023-01-26 20:33:03,169 [pool-694-thread-1] INFO  server.RaftServerConfigKeys (ConfUtils.java:logGet(46)) - raft.server.log.statemachine.data.read.timeout = 1000ms (default)
2023-01-26 20:33:03,169 [pool-694-thread-1] INFO  server.RaftServerConfigKeys (ConfUtils.java:logGet(46)) - raft.server.log.purge.preservation.log.num = 0 (default)
2023-01-26 20:33:03,169 [pool-694-thread-1] INFO  server.RaftServerConfigKeys (ConfUtils.java:logGet(46)) - raft.server.log.segment.size.max = 1048576 (custom)
2023-01-26 20:33:03,169 [pool-694-thread-1] INFO  server.RaftServerConfigKeys (ConfUtils.java:logGet(46)) - raft.server.log.segment.cache.num.max = 2 (custom)
2023-01-26 20:33:03,169 [pool-694-thread-1] INFO  server.RaftServerConfigKeys (ConfUtils.java:logGet(46)) - raft.server.log.segment.cache.size.max = 200MB (=209715200) (default)
2023-01-26 20:33:03,169 [pool-694-thread-1] INFO  segmented.SegmentedRaftLogWorker (SegmentedRaftLogWorker.java:<init>(189)) - new 2950c1a1-45bf-4864-9732-08ad567daa78@group-5654D82E323F-SegmentedRaftLogWorker for RaftStorageImpl:Storage Directory /home/runner/work/ozone/ozone/hadoop-ozone/integration-test/target/test-dir/MiniOzoneClusterImpl-ced6b6c1-d1ae-4b41-aa13-dfc1f6c7b229/datanode-1/data/ratis/a1d696f3-2e5c-430b-825f-5654d82e323f
2023-01-26 20:33:03,169 [pool-694-thread-1] INFO  server.RaftServerConfigKeys (ConfUtils.java:logGet(46)) - raft.server.log.queue.byte-limit = 4294967296 (custom)
2023-01-26 20:33:03,169 [pool-694-thread-1] INFO  server.RaftServerConfigKeys (ConfUtils.java:logGet(46)) - raft.server.log.queue.element-limit = 1024 (custom)
2023-01-26 20:33:03,169 [pool-694-thread-1] INFO  server.RaftServerConfigKeys (ConfUtils.java:logGet(46)) - raft.server.log.segment.size.max = 1048576 (custom)
2023-01-26 20:33:03,169 [pool-694-thread-1] INFO  server.RaftServerConfigKeys (ConfUtils.java:logGet(46)) - raft.server.log.preallocated.size = 16384 (custom)
2023-01-26 20:33:03,169 [pool-694-thread-1] INFO  server.RaftServerConfigKeys (ConfUtils.java:logGet(46)) - raft.server.log.force.sync.num = 128 (default)
2023-01-26 20:33:03,169 [pool-694-thread-1] INFO  server.RaftServerConfigKeys (ConfUtils.java:logGet(46)) - raft.server.log.statemachine.data.sync = true (default)
2023-01-26 20:33:03,170 [pool-694-thread-1] INFO  server.RaftServerConfigKeys (ConfUtils.java:logGet(46)) - raft.server.log.statemachine.data.sync.timeout = 10s (default)
2023-01-26 20:33:03,170 [pool-694-thread-1] INFO  server.RaftServerConfigKeys (ConfUtils.java:logGet(46)) - raft.server.log.statemachine.data.sync.timeout.retry = -1 (default)
2023-01-26 20:33:03,170 [pool-694-thread-1] INFO  server.RaftServerConfigKeys (ConfUtils.java:logGet(46)) - raft.server.log.write.buffer.size = 1048576 (custom)
2023-01-26 20:33:03,171 [pool-694-thread-1] INFO  server.RaftServerConfigKeys (ConfUtils.java:logGet(46)) - raft.server.log.appender.buffer.byte-limit = 33554432 (custom)
2023-01-26 20:33:03,176 [pool-694-thread-1] INFO  server.RaftServerConfigKeys (ConfUtils.java:logGet(46)) - raft.server.log.unsafe-flush.enabled = false (default)
2023-01-26 20:33:03,176 [pool-694-thread-1] INFO  server.RaftServerConfigKeys (ConfUtils.java:logGet(46)) - raft.server.log.async-flush.enabled = false (default)
2023-01-26 20:33:03,176 [pool-694-thread-1] INFO  server.RaftServerConfigKeys (ConfUtils.java:logGet(46)) - raft.server.log.statemachine.data.caching.enabled = true (custom)
2023-01-26 20:33:03,176 [pool-694-thread-1] INFO  segmented.SegmentedRaftLogWorker (SegmentedRaftLogWorker.java:lambda$new$0(135)) - 2950c1a1-45bf-4864-9732-08ad567daa78@group-5654D82E323F-SegmentedRaftLogWorker: flushIndex: setUnconditionally 0 -> -1
2023-01-26 20:33:03,176 [pool-694-thread-1] INFO  segmented.SegmentedRaftLogWorker (SegmentedRaftLogWorker.java:lambda$new$0(135)) - 2950c1a1-45bf-4864-9732-08ad567daa78@group-5654D82E323F-SegmentedRaftLogWorker: safeCacheEvictIndex: setUnconditionally 0 -> -1
2023-01-26 20:33:03,176 [pool-694-thread-1] INFO  server.RaftServer$Division (RaftServerImpl.java:start(334)) - 2950c1a1-45bf-4864-9732-08ad567daa78@group-5654D82E323F: start as a follower, conf=-1: peers:[1d22b7d2-31db-4af8-bf0c-5577da68ec36|rpc:10.1.0.15:38533|dataStream:10.1.0.15:42409|priority:0|startupRole:FOLLOWER, e073a1c5-1734-4c1f-8e4b-400896f1077e|rpc:10.1.0.15:44293|dataStream:10.1.0.15:37283|priority:1|startupRole:FOLLOWER, 2950c1a1-45bf-4864-9732-08ad567daa78|rpc:10.1.0.15:41507|dataStream:10.1.0.15:46779|priority:0|startupRole:FOLLOWER]|listeners:[], old=null
2023-01-26 20:33:03,176 [pool-694-thread-1] INFO  server.RaftServer$Division (RaftServerImpl.java:setRole(321)) - 2950c1a1-45bf-4864-9732-08ad567daa78@group-5654D82E323F: changes role from      null to FOLLOWER at term 0 for startAsFollower
2023-01-26 20:33:03,176 [pool-694-thread-1] INFO  impl.RoleInfo (RoleInfo.java:updateAndGet(139)) - 2950c1a1-45bf-4864-9732-08ad567daa78: start 2950c1a1-45bf-4864-9732-08ad567daa78@group-5654D82E323F-FollowerState
2023-01-26 20:33:03,177 [pool-694-thread-1] INFO  util.JmxRegister (JmxRegister.java:tryRegister(44)) - Successfully registered JMX Bean with object name Ratis:service=RaftServer,group=group-5654D82E323F,id=2950c1a1-45bf-4864-9732-08ad567daa78
2023-01-26 20:33:03,177 [2950c1a1-45bf-4864-9732-08ad567daa78@group-5654D82E323F-FollowerState] INFO  server.RaftServerConfigKeys (ConfUtils.java:logFallback(53)) - raft.server.rpc.first-election.timeout.min = 5s (fallback to raft.server.rpc.timeout.min)
2023-01-26 20:33:03,177 [pool-694-thread-1] INFO  server.RaftServerConfigKeys (ConfUtils.java:logGet(46)) - raft.server.snapshot.auto.trigger.enabled = true (custom)
2023-01-26 20:33:03,177 [2950c1a1-45bf-4864-9732-08ad567daa78@group-5654D82E323F-FollowerState] INFO  server.RaftServerConfigKeys (ConfUtils.java:logFallback(53)) - raft.server.rpc.first-election.timeout.max = 5200ms (fallback to raft.server.rpc.timeout.max)
2023-01-26 20:33:03,177 [pool-694-thread-1] INFO  server.RaftServerConfigKeys (ConfUtils.java:logGet(46)) - raft.server.snapshot.auto.trigger.threshold = 10000 (custom)
2023-01-26 20:33:03,177 [pool-694-thread-1] INFO  server.RaftServerConfigKeys (ConfUtils.java:logGet(46)) - raft.server.snapshot.retention.file.num = 5 (custom)
2023-01-26 20:33:03,177 [pool-694-thread-1] INFO  server.RaftServerConfigKeys (ConfUtils.java:logGet(46)) - raft.server.log.purge.upto.snapshot.index = false (default)
2023-01-26 20:33:03,188 [grpc-default-executor-0] INFO  server.RaftServer (RaftServerProxy.java:addNew(96)) - e073a1c5-1734-4c1f-8e4b-400896f1077e: addNew group-5654D82E323F:[1d22b7d2-31db-4af8-bf0c-5577da68ec36|rpc:10.1.0.15:38533|dataStream:10.1.0.15:42409|priority:0|startupRole:FOLLOWER, e073a1c5-1734-4c1f-8e4b-400896f1077e|rpc:10.1.0.15:44293|dataStream:10.1.0.15:37283|priority:1|startupRole:FOLLOWER, 2950c1a1-45bf-4864-9732-08ad567daa78|rpc:10.1.0.15:41507|dataStream:10.1.0.15:46779|priority:0|startupRole:FOLLOWER] returns group-5654D82E323F:java.util.concurrent.CompletableFuture@31208339[Not completed]
2023-01-26 20:33:03,189 [pool-716-thread-1] INFO  server.RaftServer$Division (RaftServerImpl.java:<init>(195)) - e073a1c5-1734-4c1f-8e4b-400896f1077e: new RaftServerImpl for group-5654D82E323F:[1d22b7d2-31db-4af8-bf0c-5577da68ec36|rpc:10.1.0.15:38533|dataStream:10.1.0.15:42409|priority:0|startupRole:FOLLOWER, e073a1c5-1734-4c1f-8e4b-400896f1077e|rpc:10.1.0.15:44293|dataStream:10.1.0.15:37283|priority:1|startupRole:FOLLOWER, 2950c1a1-45bf-4864-9732-08ad567daa78|rpc:10.1.0.15:41507|dataStream:10.1.0.15:46779|priority:0|startupRole:FOLLOWER] with ContainerStateMachine:uninitialized
2023-01-26 20:33:03,189 [pool-716-thread-1] INFO  server.RaftServerConfigKeys (ConfUtils.java:logGet(46)) - raft.server.rpc.timeout.min = 5s (custom)
2023-01-26 20:33:03,189 [pool-716-thread-1] INFO  server.RaftServerConfigKeys (ConfUtils.java:logGet(46)) - raft.server.rpc.timeout.max = 5200ms (custom)
2023-01-26 20:33:03,189 [pool-716-thread-1] INFO  server.RaftServerConfigKeys (ConfUtils.java:logGet(46)) - raft.server.rpc.sleep.time = 25ms (default)
2023-01-26 20:33:03,189 [pool-716-thread-1] INFO  server.RaftServerConfigKeys (ConfUtils.java:logGet(46)) - raft.server.rpc.slowness.timeout = 300s (custom)
2023-01-26 20:33:03,189 [pool-716-thread-1] INFO  server.RaftServerConfigKeys (ConfUtils.java:logGet(46)) - raft.server.leaderelection.leader.step-down.wait-time = 10s (default)
2023-01-26 20:33:03,189 [pool-716-thread-1] INFO  server.RaftServerConfigKeys (ConfUtils.java:logGet(46)) - raft.server.sleep.deviation.threshold = 300ms (default)
2023-01-26 20:33:03,189 [pool-716-thread-1] INFO  server.RaftServer$Division (ServerState.java:<init>(118)) - e073a1c5-1734-4c1f-8e4b-400896f1077e@group-5654D82E323F: ConfigurationManager, init=-1: peers:[1d22b7d2-31db-4af8-bf0c-5577da68ec36|rpc:10.1.0.15:38533|dataStream:10.1.0.15:42409|priority:0|startupRole:FOLLOWER, e073a1c5-1734-4c1f-8e4b-400896f1077e|rpc:10.1.0.15:44293|dataStream:10.1.0.15:37283|priority:1|startupRole:FOLLOWER, 2950c1a1-45bf-4864-9732-08ad567daa78|rpc:10.1.0.15:41507|dataStream:10.1.0.15:46779|priority:0|startupRole:FOLLOWER]|listeners:[], old=null, confs=<EMPTY_MAP>
2023-01-26 20:33:03,190 [pool-716-thread-1] INFO  server.RaftServerConfigKeys (ConfUtils.java:logGet(46)) - raft.server.storage.dir = [/home/runner/work/ozone/ozone/hadoop-ozone/integration-test/target/test-dir/MiniOzoneClusterImpl-ced6b6c1-d1ae-4b41-aa13-dfc1f6c7b229/datanode-2/data/ratis] (custom)
2023-01-26 20:33:03,190 [pool-716-thread-1] INFO  server.RaftServerConfigKeys (ConfUtils.java:logGet(46)) - raft.server.log.corruption.policy = EXCEPTION (default)
2023-01-26 20:33:03,190 [pool-716-thread-1] INFO  server.RaftServerConfigKeys (ConfUtils.java:logGet(46)) - raft.server.storage.free-space.min = 0MB (=0) (default)
2023-01-26 20:33:03,190 [pool-716-thread-1] INFO  server.RaftServerConfigKeys (ConfUtils.java:logGet(46)) - raft.server.notification.no-leader.timeout = 300s (custom)
2023-01-26 20:33:03,190 [pool-716-thread-1] INFO  server.RaftServerConfigKeys (ConfUtils.java:logGet(46)) - raft.server.retrycache.expirytime = 600000ms (custom)
2023-01-26 20:33:03,190 [pool-716-thread-1] INFO  server.RaftServerConfigKeys (ConfUtils.java:logGet(46)) - raft.server.retrycache.statistics.expirytime = 100μs (default)
2023-01-26 20:33:03,190 [pool-716-thread-1] INFO  server.RaftServerConfigKeys (ConfUtils.java:logGet(46)) - raft.server.log.appender.install.snapshot.enabled = false (custom)
2023-01-26 20:33:03,190 [pool-716-thread-1] INFO  server.RaftServerConfigKeys (ConfUtils.java:logGet(46)) - raft.server.threadpool.server.cached = true (default)
2023-01-26 20:33:03,190 [pool-716-thread-1] INFO  server.RaftServerConfigKeys (ConfUtils.java:logGet(46)) - raft.server.threadpool.server.size = 0 (default)
2023-01-26 20:33:03,190 [pool-716-thread-1] INFO  server.RaftServerConfigKeys (ConfUtils.java:logGet(46)) - raft.server.threadpool.client.cached = true (default)
2023-01-26 20:33:03,190 [pool-716-thread-1] INFO  server.RaftServerConfigKeys (ConfUtils.java:logGet(46)) - raft.server.threadpool.client.size = 0 (default)
2023-01-26 20:33:03,191 [pool-716-thread-1] INFO  storage.RaftStorageDirectory (RaftStorageDirectoryImpl.java:analyzeStorage(137)) - The storage directory /home/runner/work/ozone/ozone/hadoop-ozone/integration-test/target/test-dir/MiniOzoneClusterImpl-ced6b6c1-d1ae-4b41-aa13-dfc1f6c7b229/datanode-2/data/ratis/a1d696f3-2e5c-430b-825f-5654d82e323f does not exist. Creating ...
2023-01-26 20:33:03,192 [pool-716-thread-1] INFO  storage.RaftStorageDirectory (RaftStorageDirectoryImpl.java:tryLock(231)) - Lock on /home/runner/work/ozone/ozone/hadoop-ozone/integration-test/target/test-dir/MiniOzoneClusterImpl-ced6b6c1-d1ae-4b41-aa13-dfc1f6c7b229/datanode-2/data/ratis/a1d696f3-2e5c-430b-825f-5654d82e323f/in_use.lock acquired by nodename 10488@fv-az462-54
2023-01-26 20:33:03,193 [pool-716-thread-1] INFO  storage.RaftStorage (RaftStorageImpl.java:format(96)) - Storage directory /home/runner/work/ozone/ozone/hadoop-ozone/integration-test/target/test-dir/MiniOzoneClusterImpl-ced6b6c1-d1ae-4b41-aa13-dfc1f6c7b229/datanode-2/data/ratis/a1d696f3-2e5c-430b-825f-5654d82e323f has been successfully formatted.
2023-01-26 20:33:03,193 [pool-716-thread-1] INFO  ratis.ContainerStateMachine (ContainerStateMachine.java:loadSnapshot(240)) - group-5654D82E323F: The snapshot info is null. Setting the last applied indexto:(t:0, i:~)
2023-01-26 20:33:03,193 [pool-716-thread-1] INFO  server.RaftServerConfigKeys (ConfUtils.java:logGet(46)) - raft.server.log.use.memory = false (default)
2023-01-26 20:33:03,193 [pool-716-thread-1] INFO  server.RaftServerConfigKeys (ConfUtils.java:logGet(46)) - raft.server.log.purge.gap = 1000000 (custom)
2023-01-26 20:33:03,193 [pool-716-thread-1] INFO  server.RaftServerConfigKeys (ConfUtils.java:logGet(46)) - raft.server.log.appender.buffer.byte-limit = 33554432 (custom)
2023-01-26 20:33:03,193 [pool-716-thread-1] INFO  server.RaftServerConfigKeys (ConfUtils.java:logGet(46)) - raft.server.log.statemachine.data.read.timeout = 1000ms (default)
2023-01-26 20:33:03,194 [pool-716-thread-1] INFO  server.RaftServerConfigKeys (ConfUtils.java:logGet(46)) - raft.server.log.purge.preservation.log.num = 0 (default)
2023-01-26 20:33:03,194 [pool-716-thread-1] INFO  server.RaftServerConfigKeys (ConfUtils.java:logGet(46)) - raft.server.log.segment.size.max = 1048576 (custom)
2023-01-26 20:33:03,194 [pool-716-thread-1] INFO  server.RaftServerConfigKeys (ConfUtils.java:logGet(46)) - raft.server.log.segment.cache.num.max = 2 (custom)
2023-01-26 20:33:03,194 [pool-716-thread-1] INFO  server.RaftServerConfigKeys (ConfUtils.java:logGet(46)) - raft.server.log.segment.cache.size.max = 200MB (=209715200) (default)
2023-01-26 20:33:03,194 [pool-716-thread-1] INFO  segmented.SegmentedRaftLogWorker (SegmentedRaftLogWorker.java:<init>(189)) - new e073a1c5-1734-4c1f-8e4b-400896f1077e@group-5654D82E323F-SegmentedRaftLogWorker for RaftStorageImpl:Storage Directory /home/runner/work/ozone/ozone/hadoop-ozone/integration-test/target/test-dir/MiniOzoneClusterImpl-ced6b6c1-d1ae-4b41-aa13-dfc1f6c7b229/datanode-2/data/ratis/a1d696f3-2e5c-430b-825f-5654d82e323f
2023-01-26 20:33:03,194 [pool-716-thread-1] INFO  server.RaftServerConfigKeys (ConfUtils.java:logGet(46)) - raft.server.log.queue.byte-limit = 4294967296 (custom)
2023-01-26 20:33:03,194 [pool-716-thread-1] INFO  server.RaftServerConfigKeys (ConfUtils.java:logGet(46)) - raft.server.log.queue.element-limit = 1024 (custom)
2023-01-26 20:33:03,194 [pool-716-thread-1] INFO  server.RaftServerConfigKeys (ConfUtils.java:logGet(46)) - raft.server.log.segment.size.max = 1048576 (custom)
2023-01-26 20:33:03,194 [pool-716-thread-1] INFO  server.RaftServerConfigKeys (ConfUtils.java:logGet(46)) - raft.server.log.preallocated.size = 16384 (custom)
2023-01-26 20:33:03,194 [pool-716-thread-1] INFO  server.RaftServerConfigKeys (ConfUtils.java:logGet(46)) - raft.server.log.force.sync.num = 128 (default)
2023-01-26 20:33:03,194 [pool-716-thread-1] INFO  server.RaftServerConfigKeys (ConfUtils.java:logGet(46)) - raft.server.log.statemachine.data.sync = true (default)
2023-01-26 20:33:03,194 [pool-716-thread-1] INFO  server.RaftServerConfigKeys (ConfUtils.java:logGet(46)) - raft.server.log.statemachine.data.sync.timeout = 10s (default)
2023-01-26 20:33:03,194 [pool-716-thread-1] INFO  server.RaftServerConfigKeys (ConfUtils.java:logGet(46)) - raft.server.log.statemachine.data.sync.timeout.retry = -1 (default)
2023-01-26 20:33:03,195 [pool-716-thread-1] INFO  server.RaftServerConfigKeys (ConfUtils.java:logGet(46)) - raft.server.log.write.buffer.size = 1048576 (custom)
2023-01-26 20:33:03,195 [pool-716-thread-1] INFO  server.RaftServerConfigKeys (ConfUtils.java:logGet(46)) - raft.server.log.appender.buffer.byte-limit = 33554432 (custom)
2023-01-26 20:33:03,200 [pool-716-thread-1] INFO  server.RaftServerConfigKeys (ConfUtils.java:logGet(46)) - raft.server.log.unsafe-flush.enabled = false (default)
2023-01-26 20:33:03,200 [pool-716-thread-1] INFO  server.RaftServerConfigKeys (ConfUtils.java:logGet(46)) - raft.server.log.async-flush.enabled = false (default)
2023-01-26 20:33:03,200 [pool-716-thread-1] INFO  server.RaftServerConfigKeys (ConfUtils.java:logGet(46)) - raft.server.log.statemachine.data.caching.enabled = true (custom)
2023-01-26 20:33:03,200 [pool-716-thread-1] INFO  segmented.SegmentedRaftLogWorker (SegmentedRaftLogWorker.java:lambda$new$0(135)) - e073a1c5-1734-4c1f-8e4b-400896f1077e@group-5654D82E323F-SegmentedRaftLogWorker: flushIndex: setUnconditionally 0 -> -1
2023-01-26 20:33:03,200 [pool-716-thread-1] INFO  segmented.SegmentedRaftLogWorker (SegmentedRaftLogWorker.java:lambda$new$0(135)) - e073a1c5-1734-4c1f-8e4b-400896f1077e@group-5654D82E323F-SegmentedRaftLogWorker: safeCacheEvictIndex: setUnconditionally 0 -> -1
2023-01-26 20:33:03,200 [pool-716-thread-1] INFO  server.RaftServer$Division (RaftServerImpl.java:start(334)) - e073a1c5-1734-4c1f-8e4b-400896f1077e@group-5654D82E323F: start as a follower, conf=-1: peers:[1d22b7d2-31db-4af8-bf0c-5577da68ec36|rpc:10.1.0.15:38533|dataStream:10.1.0.15:42409|priority:0|startupRole:FOLLOWER, e073a1c5-1734-4c1f-8e4b-400896f1077e|rpc:10.1.0.15:44293|dataStream:10.1.0.15:37283|priority:1|startupRole:FOLLOWER, 2950c1a1-45bf-4864-9732-08ad567daa78|rpc:10.1.0.15:41507|dataStream:10.1.0.15:46779|priority:0|startupRole:FOLLOWER]|listeners:[], old=null
2023-01-26 20:33:03,200 [pool-716-thread-1] INFO  server.RaftServer$Division (RaftServerImpl.java:setRole(321)) - e073a1c5-1734-4c1f-8e4b-400896f1077e@group-5654D82E323F: changes role from      null to FOLLOWER at term 0 for startAsFollower
2023-01-26 20:33:03,200 [pool-716-thread-1] INFO  impl.RoleInfo (RoleInfo.java:updateAndGet(139)) - e073a1c5-1734-4c1f-8e4b-400896f1077e: start e073a1c5-1734-4c1f-8e4b-400896f1077e@group-5654D82E323F-FollowerState
2023-01-26 20:33:03,201 [pool-716-thread-1] INFO  util.JmxRegister (JmxRegister.java:tryRegister(44)) - Successfully registered JMX Bean with object name Ratis:service=RaftServer,group=group-5654D82E323F,id=e073a1c5-1734-4c1f-8e4b-400896f1077e
2023-01-26 20:33:03,201 [e073a1c5-1734-4c1f-8e4b-400896f1077e@group-5654D82E323F-FollowerState] INFO  server.RaftServerConfigKeys (ConfUtils.java:logFallback(53)) - raft.server.rpc.first-election.timeout.min = 5s (fallback to raft.server.rpc.timeout.min)
2023-01-26 20:33:03,201 [pool-716-thread-1] INFO  server.RaftServerConfigKeys (ConfUtils.java:logGet(46)) - raft.server.snapshot.auto.trigger.enabled = true (custom)
2023-01-26 20:33:03,201 [e073a1c5-1734-4c1f-8e4b-400896f1077e@group-5654D82E323F-FollowerState] INFO  server.RaftServerConfigKeys (ConfUtils.java:logFallback(53)) - raft.server.rpc.first-election.timeout.max = 5200ms (fallback to raft.server.rpc.timeout.max)
2023-01-26 20:33:03,201 [pool-716-thread-1] INFO  server.RaftServerConfigKeys (ConfUtils.java:logGet(46)) - raft.server.snapshot.auto.trigger.threshold = 10000 (custom)
2023-01-26 20:33:03,201 [pool-716-thread-1] INFO  server.RaftServerConfigKeys (ConfUtils.java:logGet(46)) - raft.server.snapshot.retention.file.num = 5 (custom)
2023-01-26 20:33:03,201 [pool-716-thread-1] INFO  server.RaftServerConfigKeys (ConfUtils.java:logGet(46)) - raft.server.log.purge.upto.snapshot.index = false (default)
2023-01-26 20:33:03,205 [Command processor thread] INFO  commandhandler.CreatePipelineCommandHandler (CreatePipelineCommandHandler.java:handle(113)) - Created Pipeline RATIS THREE PipelineID=a1d696f3-2e5c-430b-825f-5654d82e323f.
2023-01-26 20:33:03,211 [Listener at 127.0.0.1/35105] INFO  ozone.MiniOzoneClusterImpl (MiniOzoneClusterImpl.java:lambda$waitForClusterToBeReady$0(218)) - Nodes are ready. Got 5 of 5 DN Heartbeats.
2023-01-26 20:33:03,211 [Listener at 127.0.0.1/35105] INFO  ozone.MiniOzoneClusterImpl (MiniOzoneClusterImpl.java:lambda$waitForClusterToBeReady$0(221)) - Waiting for cluster to exit safe mode
2023-01-26 20:33:03,211 [Listener at 127.0.0.1/35105] INFO  ozone.MiniOzoneClusterImpl (MiniOzoneClusterImpl.java:lambda$waitForClusterToBeReady$0(223)) - SCM became leader
2023-01-26 20:33:03,293 [Command processor thread] INFO  server.RaftServer (RaftServerProxy.java:addNew(96)) - 2950c1a1-45bf-4864-9732-08ad567daa78: addNew group-6F7BADA06E51:[2950c1a1-45bf-4864-9732-08ad567daa78|rpc:10.1.0.15:41507|dataStream:10.1.0.15:46779|priority:1|startupRole:FOLLOWER] returns group-6F7BADA06E51:java.util.concurrent.CompletableFuture@53c080[Not completed]
2023-01-26 20:33:03,293 [pool-694-thread-1] INFO  server.RaftServer$Division (RaftServerImpl.java:<init>(195)) - 2950c1a1-45bf-4864-9732-08ad567daa78: new RaftServerImpl for group-6F7BADA06E51:[2950c1a1-45bf-4864-9732-08ad567daa78|rpc:10.1.0.15:41507|dataStream:10.1.0.15:46779|priority:1|startupRole:FOLLOWER] with ContainerStateMachine:uninitialized
2023-01-26 20:33:03,293 [pool-694-thread-1] INFO  server.RaftServerConfigKeys (ConfUtils.java:logGet(46)) - raft.server.rpc.timeout.min = 5s (custom)
2023-01-26 20:33:03,294 [pool-694-thread-1] INFO  server.RaftServerConfigKeys (ConfUtils.java:logGet(46)) - raft.server.rpc.timeout.max = 5200ms (custom)
2023-01-26 20:33:03,294 [pool-694-thread-1] INFO  server.RaftServerConfigKeys (ConfUtils.java:logGet(46)) - raft.server.rpc.sleep.time = 25ms (default)
2023-01-26 20:33:03,294 [pool-694-thread-1] INFO  server.RaftServerConfigKeys (ConfUtils.java:logGet(46)) - raft.server.rpc.slowness.timeout = 300s (custom)
2023-01-26 20:33:03,294 [pool-694-thread-1] INFO  server.RaftServerConfigKeys (ConfUtils.java:logGet(46)) - raft.server.leaderelection.leader.step-down.wait-time = 10s (default)
2023-01-26 20:33:03,294 [pool-694-thread-1] INFO  server.RaftServerConfigKeys (ConfUtils.java:logGet(46)) - raft.server.sleep.deviation.threshold = 300ms (default)
2023-01-26 20:33:03,294 [pool-694-thread-1] INFO  server.RaftServer$Division (ServerState.java:<init>(118)) - 2950c1a1-45bf-4864-9732-08ad567daa78@group-6F7BADA06E51: ConfigurationManager, init=-1: peers:[2950c1a1-45bf-4864-9732-08ad567daa78|rpc:10.1.0.15:41507|dataStream:10.1.0.15:46779|priority:1|startupRole:FOLLOWER]|listeners:[], old=null, confs=<EMPTY_MAP>
2023-01-26 20:33:03,294 [pool-694-thread-1] INFO  server.RaftServerConfigKeys (ConfUtils.java:logGet(46)) - raft.server.storage.dir = [/home/runner/work/ozone/ozone/hadoop-ozone/integration-test/target/test-dir/MiniOzoneClusterImpl-ced6b6c1-d1ae-4b41-aa13-dfc1f6c7b229/datanode-1/data/ratis] (custom)
2023-01-26 20:33:03,294 [pool-694-thread-1] INFO  server.RaftServerConfigKeys (ConfUtils.java:logGet(46)) - raft.server.log.corruption.policy = EXCEPTION (default)
2023-01-26 20:33:03,294 [pool-694-thread-1] INFO  server.RaftServerConfigKeys (ConfUtils.java:logGet(46)) - raft.server.storage.free-space.min = 0MB (=0) (default)
2023-01-26 20:33:03,294 [pool-694-thread-1] INFO  server.RaftServerConfigKeys (ConfUtils.java:logGet(46)) - raft.server.notification.no-leader.timeout = 300s (custom)
2023-01-26 20:33:03,294 [pool-694-thread-1] INFO  server.RaftServerConfigKeys (ConfUtils.java:logGet(46)) - raft.server.retrycache.expirytime = 600000ms (custom)
2023-01-26 20:33:03,294 [pool-694-thread-1] INFO  server.RaftServerConfigKeys (ConfUtils.java:logGet(46)) - raft.server.retrycache.statistics.expirytime = 100μs (default)
2023-01-26 20:33:03,295 [pool-694-thread-1] INFO  server.RaftServerConfigKeys (ConfUtils.java:logGet(46)) - raft.server.log.appender.install.snapshot.enabled = false (custom)
2023-01-26 20:33:03,295 [pool-694-thread-1] INFO  server.RaftServerConfigKeys (ConfUtils.java:logGet(46)) - raft.server.threadpool.server.cached = true (default)
2023-01-26 20:33:03,295 [pool-694-thread-1] INFO  server.RaftServerConfigKeys (ConfUtils.java:logGet(46)) - raft.server.threadpool.server.size = 0 (default)
2023-01-26 20:33:03,295 [pool-694-thread-1] INFO  server.RaftServerConfigKeys (ConfUtils.java:logGet(46)) - raft.server.threadpool.client.cached = true (default)
2023-01-26 20:33:03,295 [pool-694-thread-1] INFO  server.RaftServerConfigKeys (ConfUtils.java:logGet(46)) - raft.server.threadpool.client.size = 0 (default)
2023-01-26 20:33:03,295 [pool-694-thread-1] INFO  storage.RaftStorageDirectory (RaftStorageDirectoryImpl.java:analyzeStorage(137)) - The storage directory /home/runner/work/ozone/ozone/hadoop-ozone/integration-test/target/test-dir/MiniOzoneClusterImpl-ced6b6c1-d1ae-4b41-aa13-dfc1f6c7b229/datanode-1/data/ratis/4a68c732-bec9-4bed-8280-6f7bada06e51 does not exist. Creating ...
2023-01-26 20:33:03,296 [pool-694-thread-1] INFO  storage.RaftStorageDirectory (RaftStorageDirectoryImpl.java:tryLock(231)) - Lock on /home/runner/work/ozone/ozone/hadoop-ozone/integration-test/target/test-dir/MiniOzoneClusterImpl-ced6b6c1-d1ae-4b41-aa13-dfc1f6c7b229/datanode-1/data/ratis/4a68c732-bec9-4bed-8280-6f7bada06e51/in_use.lock acquired by nodename 10488@fv-az462-54
2023-01-26 20:33:03,297 [pool-694-thread-1] INFO  storage.RaftStorage (RaftStorageImpl.java:format(96)) - Storage directory /home/runner/work/ozone/ozone/hadoop-ozone/integration-test/target/test-dir/MiniOzoneClusterImpl-ced6b6c1-d1ae-4b41-aa13-dfc1f6c7b229/datanode-1/data/ratis/4a68c732-bec9-4bed-8280-6f7bada06e51 has been successfully formatted.
2023-01-26 20:33:03,297 [pool-694-thread-1] INFO  ratis.ContainerStateMachine (ContainerStateMachine.java:loadSnapshot(240)) - group-6F7BADA06E51: The snapshot info is null. Setting the last applied indexto:(t:0, i:~)
2023-01-26 20:33:03,297 [pool-694-thread-1] INFO  server.RaftServerConfigKeys (ConfUtils.java:logGet(46)) - raft.server.log.use.memory = false (default)
2023-01-26 20:33:03,297 [pool-694-thread-1] INFO  server.RaftServerConfigKeys (ConfUtils.java:logGet(46)) - raft.server.log.purge.gap = 1000000 (custom)
2023-01-26 20:33:03,297 [pool-694-thread-1] INFO  server.RaftServerConfigKeys (ConfUtils.java:logGet(46)) - raft.server.log.appender.buffer.byte-limit = 33554432 (custom)
2023-01-26 20:33:03,297 [pool-694-thread-1] INFO  server.RaftServerConfigKeys (ConfUtils.java:logGet(46)) - raft.server.log.statemachine.data.read.timeout = 1000ms (default)
2023-01-26 20:33:03,298 [EventQueue-PipelineReportForPipelineReportHandler] INFO  pipeline.PipelineManagerImpl (PipelineManagerImpl.java:openPipeline(367)) - Pipeline Pipeline[ Id: 4a68c732-bec9-4bed-8280-6f7bada06e51, Nodes: 2950c1a1-45bf-4864-9732-08ad567daa78(fv-az462-54.0zuljvm5d0yedf4jva4xayy4gc.gx.internal.cloudapp.net/10.1.0.15), ReplicationConfig: RATIS/ONE, State:ALLOCATED, leaderId:2950c1a1-45bf-4864-9732-08ad567daa78, CreationTimestamp2023-01-26T20:33:00.295Z[Etc/UTC]] moved to OPEN state
2023-01-26 20:33:03,300 [pool-694-thread-1] INFO  server.RaftServerConfigKeys (ConfUtils.java:logGet(46)) - raft.server.log.purge.preservation.log.num = 0 (default)
2023-01-26 20:33:03,300 [pool-694-thread-1] INFO  server.RaftServerConfigKeys (ConfUtils.java:logGet(46)) - raft.server.log.segment.size.max = 1048576 (custom)
2023-01-26 20:33:03,300 [pool-694-thread-1] INFO  server.RaftServerConfigKeys (ConfUtils.java:logGet(46)) - raft.server.log.segment.cache.num.max = 2 (custom)
2023-01-26 20:33:03,300 [EventQueue-OpenPipelineForHealthyPipelineSafeModeRule] INFO  safemode.SCMSafeModeManager (HealthyPipelineSafeModeRule.java:process(137)) - SCM in safe mode. Healthy pipelines reported count is 0, required healthy pipeline reported count is 1
2023-01-26 20:33:03,300 [pool-694-thread-1] INFO  server.RaftServerConfigKeys (ConfUtils.java:logGet(46)) - raft.server.log.segment.cache.size.max = 200MB (=209715200) (default)
2023-01-26 20:33:03,301 [pool-694-thread-1] INFO  segmented.SegmentedRaftLogWorker (SegmentedRaftLogWorker.java:<init>(189)) - new 2950c1a1-45bf-4864-9732-08ad567daa78@group-6F7BADA06E51-SegmentedRaftLogWorker for RaftStorageImpl:Storage Directory /home/runner/work/ozone/ozone/hadoop-ozone/integration-test/target/test-dir/MiniOzoneClusterImpl-ced6b6c1-d1ae-4b41-aa13-dfc1f6c7b229/datanode-1/data/ratis/4a68c732-bec9-4bed-8280-6f7bada06e51
2023-01-26 20:33:03,301 [pool-694-thread-1] INFO  server.RaftServerConfigKeys (ConfUtils.java:logGet(46)) - raft.server.log.queue.byte-limit = 4294967296 (custom)
2023-01-26 20:33:03,301 [pool-694-thread-1] INFO  server.RaftServerConfigKeys (ConfUtils.java:logGet(46)) - raft.server.log.queue.element-limit = 1024 (custom)
2023-01-26 20:33:03,301 [pool-694-thread-1] INFO  server.RaftServerConfigKeys (ConfUtils.java:logGet(46)) - raft.server.log.segment.size.max = 1048576 (custom)
2023-01-26 20:33:03,301 [pool-694-thread-1] INFO  server.RaftServerConfigKeys (ConfUtils.java:logGet(46)) - raft.server.log.preallocated.size = 16384 (custom)
2023-01-26 20:33:03,301 [pool-694-thread-1] INFO  server.RaftServerConfigKeys (ConfUtils.java:logGet(46)) - raft.server.log.force.sync.num = 128 (default)
2023-01-26 20:33:03,302 [pool-694-thread-1] INFO  server.RaftServerConfigKeys (ConfUtils.java:logGet(46)) - raft.server.log.statemachine.data.sync = true (default)
2023-01-26 20:33:03,302 [pool-694-thread-1] INFO  server.RaftServerConfigKeys (ConfUtils.java:logGet(46)) - raft.server.log.statemachine.data.sync.timeout = 10s (default)
2023-01-26 20:33:03,302 [pool-694-thread-1] INFO  server.RaftServerConfigKeys (ConfUtils.java:logGet(46)) - raft.server.log.statemachine.data.sync.timeout.retry = -1 (default)
2023-01-26 20:33:03,302 [pool-694-thread-1] INFO  server.RaftServerConfigKeys (ConfUtils.java:logGet(46)) - raft.server.log.write.buffer.size = 1048576 (custom)
2023-01-26 20:33:03,303 [pool-694-thread-1] INFO  server.RaftServerConfigKeys (ConfUtils.java:logGet(46)) - raft.server.log.appender.buffer.byte-limit = 33554432 (custom)
2023-01-26 20:33:03,307 [pool-694-thread-1] INFO  server.RaftServerConfigKeys (ConfUtils.java:logGet(46)) - raft.server.log.unsafe-flush.enabled = false (default)
2023-01-26 20:33:03,307 [pool-694-thread-1] INFO  server.RaftServerConfigKeys (ConfUtils.java:logGet(46)) - raft.server.log.async-flush.enabled = false (default)
2023-01-26 20:33:03,307 [pool-694-thread-1] INFO  server.RaftServerConfigKeys (ConfUtils.java:logGet(46)) - raft.server.log.statemachine.data.caching.enabled = true (custom)
2023-01-26 20:33:03,307 [pool-694-thread-1] INFO  segmented.SegmentedRaftLogWorker (SegmentedRaftLogWorker.java:lambda$new$0(135)) - 2950c1a1-45bf-4864-9732-08ad567daa78@group-6F7BADA06E51-SegmentedRaftLogWorker: flushIndex: setUnconditionally 0 -> -1
2023-01-26 20:33:03,308 [pool-694-thread-1] INFO  segmented.SegmentedRaftLogWorker (SegmentedRaftLogWorker.java:lambda$new$0(135)) - 2950c1a1-45bf-4864-9732-08ad567daa78@group-6F7BADA06E51-SegmentedRaftLogWorker: safeCacheEvictIndex: setUnconditionally 0 -> -1
2023-01-26 20:33:03,308 [pool-694-thread-1] INFO  server.RaftServer$Division (RaftServerImpl.java:start(334)) - 2950c1a1-45bf-4864-9732-08ad567daa78@group-6F7BADA06E51: start as a follower, conf=-1: peers:[2950c1a1-45bf-4864-9732-08ad567daa78|rpc:10.1.0.15:41507|dataStream:10.1.0.15:46779|priority:1|startupRole:FOLLOWER]|listeners:[], old=null
2023-01-26 20:33:03,308 [pool-694-thread-1] INFO  server.RaftServer$Division (RaftServerImpl.java:setRole(321)) - 2950c1a1-45bf-4864-9732-08ad567daa78@group-6F7BADA06E51: changes role from      null to FOLLOWER at term 0 for startAsFollower
2023-01-26 20:33:03,308 [pool-694-thread-1] INFO  impl.RoleInfo (RoleInfo.java:updateAndGet(139)) - 2950c1a1-45bf-4864-9732-08ad567daa78: start 2950c1a1-45bf-4864-9732-08ad567daa78@group-6F7BADA06E51-FollowerState
2023-01-26 20:33:03,318 [pool-694-thread-1] INFO  util.JmxRegister (JmxRegister.java:tryRegister(44)) - Successfully registered JMX Bean with object name Ratis:service=RaftServer,group=group-6F7BADA06E51,id=2950c1a1-45bf-4864-9732-08ad567daa78
2023-01-26 20:33:03,319 [2950c1a1-45bf-4864-9732-08ad567daa78@group-6F7BADA06E51-FollowerState] INFO  server.RaftServerConfigKeys (ConfUtils.java:logFallback(53)) - raft.server.rpc.first-election.timeout.min = 5s (fallback to raft.server.rpc.timeout.min)
2023-01-26 20:33:03,319 [pool-694-thread-1] INFO  server.RaftServerConfigKeys (ConfUtils.java:logGet(46)) - raft.server.snapshot.auto.trigger.enabled = true (custom)
2023-01-26 20:33:03,319 [2950c1a1-45bf-4864-9732-08ad567daa78@group-6F7BADA06E51-FollowerState] INFO  server.RaftServerConfigKeys (ConfUtils.java:logFallback(53)) - raft.server.rpc.first-election.timeout.max = 5200ms (fallback to raft.server.rpc.timeout.max)
2023-01-26 20:33:03,319 [pool-694-thread-1] INFO  server.RaftServerConfigKeys (ConfUtils.java:logGet(46)) - raft.server.snapshot.auto.trigger.threshold = 10000 (custom)
2023-01-26 20:33:03,319 [pool-694-thread-1] INFO  server.RaftServerConfigKeys (ConfUtils.java:logGet(46)) - raft.server.snapshot.retention.file.num = 5 (custom)
2023-01-26 20:33:03,319 [pool-694-thread-1] INFO  server.RaftServerConfigKeys (ConfUtils.java:logGet(46)) - raft.server.log.purge.upto.snapshot.index = false (default)
2023-01-26 20:33:03,319 [Command processor thread] INFO  ratis.XceiverServerRatis (XceiverServerRatis.java:addGroup(806)) - Created group PipelineID=4a68c732-bec9-4bed-8280-6f7bada06e51
2023-01-26 20:33:03,319 [Command processor thread] INFO  commandhandler.CreatePipelineCommandHandler (CreatePipelineCommandHandler.java:handle(113)) - Created Pipeline RATIS ONE PipelineID=4a68c732-bec9-4bed-8280-6f7bada06e51.
2023-01-26 20:33:03,589 [Command processor thread] INFO  server.RaftServer (RaftServerProxy.java:addNew(96)) - e073a1c5-1734-4c1f-8e4b-400896f1077e: addNew group-96215D19AD1F:[e073a1c5-1734-4c1f-8e4b-400896f1077e|rpc:10.1.0.15:44293|dataStream:10.1.0.15:37283|priority:1|startupRole:FOLLOWER] returns group-96215D19AD1F:java.util.concurrent.CompletableFuture@4516a366[Not completed]
2023-01-26 20:33:03,590 [pool-716-thread-1] INFO  server.RaftServer$Division (RaftServerImpl.java:<init>(195)) - e073a1c5-1734-4c1f-8e4b-400896f1077e: new RaftServerImpl for group-96215D19AD1F:[e073a1c5-1734-4c1f-8e4b-400896f1077e|rpc:10.1.0.15:44293|dataStream:10.1.0.15:37283|priority:1|startupRole:FOLLOWER] with ContainerStateMachine:uninitialized
2023-01-26 20:33:03,590 [pool-716-thread-1] INFO  server.RaftServerConfigKeys (ConfUtils.java:logGet(46)) - raft.server.rpc.timeout.min = 5s (custom)
2023-01-26 20:33:03,590 [pool-716-thread-1] INFO  server.RaftServerConfigKeys (ConfUtils.java:logGet(46)) - raft.server.rpc.timeout.max = 5200ms (custom)
2023-01-26 20:33:03,590 [pool-716-thread-1] INFO  server.RaftServerConfigKeys (ConfUtils.java:logGet(46)) - raft.server.rpc.sleep.time = 25ms (default)
2023-01-26 20:33:03,590 [pool-716-thread-1] INFO  server.RaftServerConfigKeys (ConfUtils.java:logGet(46)) - raft.server.rpc.slowness.timeout = 300s (custom)
2023-01-26 20:33:03,590 [pool-716-thread-1] INFO  server.RaftServerConfigKeys (ConfUtils.java:logGet(46)) - raft.server.leaderelection.leader.step-down.wait-time = 10s (default)
2023-01-26 20:33:03,590 [pool-716-thread-1] INFO  server.RaftServerConfigKeys (ConfUtils.java:logGet(46)) - raft.server.sleep.deviation.threshold = 300ms (default)
2023-01-26 20:33:03,590 [pool-716-thread-1] INFO  server.RaftServer$Division (ServerState.java:<init>(118)) - e073a1c5-1734-4c1f-8e4b-400896f1077e@group-96215D19AD1F: ConfigurationManager, init=-1: peers:[e073a1c5-1734-4c1f-8e4b-400896f1077e|rpc:10.1.0.15:44293|dataStream:10.1.0.15:37283|priority:1|startupRole:FOLLOWER]|listeners:[], old=null, confs=<EMPTY_MAP>
2023-01-26 20:33:03,590 [pool-716-thread-1] INFO  server.RaftServerConfigKeys (ConfUtils.java:logGet(46)) - raft.server.storage.dir = [/home/runner/work/ozone/ozone/hadoop-ozone/integration-test/target/test-dir/MiniOzoneClusterImpl-ced6b6c1-d1ae-4b41-aa13-dfc1f6c7b229/datanode-2/data/ratis] (custom)
2023-01-26 20:33:03,590 [pool-716-thread-1] INFO  server.RaftServerConfigKeys (ConfUtils.java:logGet(46)) - raft.server.log.corruption.policy = EXCEPTION (default)
2023-01-26 20:33:03,590 [pool-716-thread-1] INFO  server.RaftServerConfigKeys (ConfUtils.java:logGet(46)) - raft.server.storage.free-space.min = 0MB (=0) (default)
2023-01-26 20:33:03,590 [pool-716-thread-1] INFO  server.RaftServerConfigKeys (ConfUtils.java:logGet(46)) - raft.server.notification.no-leader.timeout = 300s (custom)
2023-01-26 20:33:03,591 [pool-716-thread-1] INFO  server.RaftServerConfigKeys (ConfUtils.java:logGet(46)) - raft.server.retrycache.expirytime = 600000ms (custom)
2023-01-26 20:33:03,591 [pool-716-thread-1] INFO  server.RaftServerConfigKeys (ConfUtils.java:logGet(46)) - raft.server.retrycache.statistics.expirytime = 100μs (default)
2023-01-26 20:33:03,591 [pool-716-thread-1] INFO  server.RaftServerConfigKeys (ConfUtils.java:logGet(46)) - raft.server.log.appender.install.snapshot.enabled = false (custom)
2023-01-26 20:33:03,591 [pool-716-thread-1] INFO  server.RaftServerConfigKeys (ConfUtils.java:logGet(46)) - raft.server.threadpool.server.cached = true (default)
2023-01-26 20:33:03,591 [pool-716-thread-1] INFO  server.RaftServerConfigKeys (ConfUtils.java:logGet(46)) - raft.server.threadpool.server.size = 0 (default)
2023-01-26 20:33:03,591 [pool-716-thread-1] INFO  server.RaftServerConfigKeys (ConfUtils.java:logGet(46)) - raft.server.threadpool.client.cached = true (default)
2023-01-26 20:33:03,591 [pool-716-thread-1] INFO  server.RaftServerConfigKeys (ConfUtils.java:logGet(46)) - raft.server.threadpool.client.size = 0 (default)
2023-01-26 20:33:03,591 [pool-716-thread-1] INFO  storage.RaftStorageDirectory (RaftStorageDirectoryImpl.java:analyzeStorage(137)) - The storage directory /home/runner/work/ozone/ozone/hadoop-ozone/integration-test/target/test-dir/MiniOzoneClusterImpl-ced6b6c1-d1ae-4b41-aa13-dfc1f6c7b229/datanode-2/data/ratis/e42cfb44-c310-468e-8520-96215d19ad1f does not exist. Creating ...
2023-01-26 20:33:03,592 [pool-716-thread-1] INFO  storage.RaftStorageDirectory (RaftStorageDirectoryImpl.java:tryLock(231)) - Lock on /home/runner/work/ozone/ozone/hadoop-ozone/integration-test/target/test-dir/MiniOzoneClusterImpl-ced6b6c1-d1ae-4b41-aa13-dfc1f6c7b229/datanode-2/data/ratis/e42cfb44-c310-468e-8520-96215d19ad1f/in_use.lock acquired by nodename 10488@fv-az462-54
2023-01-26 20:33:03,593 [pool-716-thread-1] INFO  storage.RaftStorage (RaftStorageImpl.java:format(96)) - Storage directory /home/runner/work/ozone/ozone/hadoop-ozone/integration-test/target/test-dir/MiniOzoneClusterImpl-ced6b6c1-d1ae-4b41-aa13-dfc1f6c7b229/datanode-2/data/ratis/e42cfb44-c310-468e-8520-96215d19ad1f has been successfully formatted.
2023-01-26 20:33:03,594 [pool-716-thread-1] INFO  ratis.ContainerStateMachine (ContainerStateMachine.java:loadSnapshot(240)) - group-96215D19AD1F: The snapshot info is null. Setting the last applied indexto:(t:0, i:~)
2023-01-26 20:33:03,594 [pool-716-thread-1] INFO  server.RaftServerConfigKeys (ConfUtils.java:logGet(46)) - raft.server.log.use.memory = false (default)
2023-01-26 20:33:03,594 [pool-716-thread-1] INFO  server.RaftServerConfigKeys (ConfUtils.java:logGet(46)) - raft.server.log.purge.gap = 1000000 (custom)
2023-01-26 20:33:03,594 [pool-716-thread-1] INFO  server.RaftServerConfigKeys (ConfUtils.java:logGet(46)) - raft.server.log.appender.buffer.byte-limit = 33554432 (custom)
2023-01-26 20:33:03,594 [pool-716-thread-1] INFO  server.RaftServerConfigKeys (ConfUtils.java:logGet(46)) - raft.server.log.statemachine.data.read.timeout = 1000ms (default)
2023-01-26 20:33:03,594 [pool-716-thread-1] INFO  server.RaftServerConfigKeys (ConfUtils.java:logGet(46)) - raft.server.log.purge.preservation.log.num = 0 (default)
2023-01-26 20:33:03,594 [pool-716-thread-1] INFO  server.RaftServerConfigKeys (ConfUtils.java:logGet(46)) - raft.server.log.segment.size.max = 1048576 (custom)
2023-01-26 20:33:03,594 [pool-716-thread-1] INFO  server.RaftServerConfigKeys (ConfUtils.java:logGet(46)) - raft.server.log.segment.cache.num.max = 2 (custom)
2023-01-26 20:33:03,594 [pool-716-thread-1] INFO  server.RaftServerConfigKeys (ConfUtils.java:logGet(46)) - raft.server.log.segment.cache.size.max = 200MB (=209715200) (default)
2023-01-26 20:33:03,595 [pool-716-thread-1] INFO  segmented.SegmentedRaftLogWorker (SegmentedRaftLogWorker.java:<init>(189)) - new e073a1c5-1734-4c1f-8e4b-400896f1077e@group-96215D19AD1F-SegmentedRaftLogWorker for RaftStorageImpl:Storage Directory /home/runner/work/ozone/ozone/hadoop-ozone/integration-test/target/test-dir/MiniOzoneClusterImpl-ced6b6c1-d1ae-4b41-aa13-dfc1f6c7b229/datanode-2/data/ratis/e42cfb44-c310-468e-8520-96215d19ad1f
2023-01-26 20:33:03,595 [pool-716-thread-1] INFO  server.RaftServerConfigKeys (ConfUtils.java:logGet(46)) - raft.server.log.queue.byte-limit = 4294967296 (custom)
2023-01-26 20:33:03,595 [pool-716-thread-1] INFO  server.RaftServerConfigKeys (ConfUtils.java:logGet(46)) - raft.server.log.queue.element-limit = 1024 (custom)
2023-01-26 20:33:03,595 [EventQueue-PipelineReportForPipelineReportHandler] INFO  pipeline.PipelineManagerImpl (PipelineManagerImpl.java:openPipeline(367)) - Pipeline Pipeline[ Id: e42cfb44-c310-468e-8520-96215d19ad1f, Nodes: e073a1c5-1734-4c1f-8e4b-400896f1077e(fv-az462-54.0zuljvm5d0yedf4jva4xayy4gc.gx.internal.cloudapp.net/10.1.0.15), ReplicationConfig: RATIS/ONE, State:ALLOCATED, leaderId:e073a1c5-1734-4c1f-8e4b-400896f1077e, CreationTimestamp2023-01-26T20:33:00.595Z[Etc/UTC]] moved to OPEN state
2023-01-26 20:33:03,595 [pool-716-thread-1] INFO  server.RaftServerConfigKeys (ConfUtils.java:logGet(46)) - raft.server.log.segment.size.max = 1048576 (custom)
2023-01-26 20:33:03,595 [pool-716-thread-1] INFO  server.RaftServerConfigKeys (ConfUtils.java:logGet(46)) - raft.server.log.preallocated.size = 16384 (custom)
2023-01-26 20:33:03,595 [pool-716-thread-1] INFO  server.RaftServerConfigKeys (ConfUtils.java:logGet(46)) - raft.server.log.force.sync.num = 128 (default)
2023-01-26 20:33:03,595 [pool-716-thread-1] INFO  server.RaftServerConfigKeys (ConfUtils.java:logGet(46)) - raft.server.log.statemachine.data.sync = true (default)
2023-01-26 20:33:03,595 [pool-716-thread-1] INFO  server.RaftServerConfigKeys (ConfUtils.java:logGet(46)) - raft.server.log.statemachine.data.sync.timeout = 10s (default)
2023-01-26 20:33:03,595 [pool-716-thread-1] INFO  server.RaftServerConfigKeys (ConfUtils.java:logGet(46)) - raft.server.log.statemachine.data.sync.timeout.retry = -1 (default)
2023-01-26 20:33:03,595 [EventQueue-OpenPipelineForHealthyPipelineSafeModeRule] INFO  safemode.SCMSafeModeManager (HealthyPipelineSafeModeRule.java:process(137)) - SCM in safe mode. Healthy pipelines reported count is 0, required healthy pipeline reported count is 1
2023-01-26 20:33:03,595 [pool-716-thread-1] INFO  server.RaftServerConfigKeys (ConfUtils.java:logGet(46)) - raft.server.log.write.buffer.size = 1048576 (custom)
2023-01-26 20:33:03,596 [pool-716-thread-1] INFO  server.RaftServerConfigKeys (ConfUtils.java:logGet(46)) - raft.server.log.appender.buffer.byte-limit = 33554432 (custom)
2023-01-26 20:33:03,600 [pool-716-thread-1] INFO  server.RaftServerConfigKeys (ConfUtils.java:logGet(46)) - raft.server.log.unsafe-flush.enabled = false (default)
2023-01-26 20:33:03,600 [pool-716-thread-1] INFO  server.RaftServerConfigKeys (ConfUtils.java:logGet(46)) - raft.server.log.async-flush.enabled = false (default)
2023-01-26 20:33:03,600 [pool-716-thread-1] INFO  server.RaftServerConfigKeys (ConfUtils.java:logGet(46)) - raft.server.log.statemachine.data.caching.enabled = true (custom)
2023-01-26 20:33:03,601 [pool-716-thread-1] INFO  segmented.SegmentedRaftLogWorker (SegmentedRaftLogWorker.java:lambda$new$0(135)) - e073a1c5-1734-4c1f-8e4b-400896f1077e@group-96215D19AD1F-SegmentedRaftLogWorker: flushIndex: setUnconditionally 0 -> -1
2023-01-26 20:33:03,601 [pool-716-thread-1] INFO  segmented.SegmentedRaftLogWorker (SegmentedRaftLogWorker.java:lambda$new$0(135)) - e073a1c5-1734-4c1f-8e4b-400896f1077e@group-96215D19AD1F-SegmentedRaftLogWorker: safeCacheEvictIndex: setUnconditionally 0 -> -1
2023-01-26 20:33:03,601 [pool-716-thread-1] INFO  server.RaftServer$Division (RaftServerImpl.java:start(334)) - e073a1c5-1734-4c1f-8e4b-400896f1077e@group-96215D19AD1F: start as a follower, conf=-1: peers:[e073a1c5-1734-4c1f-8e4b-400896f1077e|rpc:10.1.0.15:44293|dataStream:10.1.0.15:37283|priority:1|startupRole:FOLLOWER]|listeners:[], old=null
2023-01-26 20:33:03,601 [pool-716-thread-1] INFO  server.RaftServer$Division (RaftServerImpl.java:setRole(321)) - e073a1c5-1734-4c1f-8e4b-400896f1077e@group-96215D19AD1F: changes role from      null to FOLLOWER at term 0 for startAsFollower
2023-01-26 20:33:03,601 [pool-716-thread-1] INFO  impl.RoleInfo (RoleInfo.java:updateAndGet(139)) - e073a1c5-1734-4c1f-8e4b-400896f1077e: start e073a1c5-1734-4c1f-8e4b-400896f1077e@group-96215D19AD1F-FollowerState
2023-01-26 20:33:03,601 [pool-716-thread-1] INFO  util.JmxRegister (JmxRegister.java:tryRegister(44)) - Successfully registered JMX Bean with object name Ratis:service=RaftServer,group=group-96215D19AD1F,id=e073a1c5-1734-4c1f-8e4b-400896f1077e
2023-01-26 20:33:03,601 [pool-716-thread-1] INFO  server.RaftServerConfigKeys (ConfUtils.java:logGet(46)) - raft.server.snapshot.auto.trigger.enabled = true (custom)
2023-01-26 20:33:03,601 [pool-716-thread-1] INFO  server.RaftServerConfigKeys (ConfUtils.java:logGet(46)) - raft.server.snapshot.auto.trigger.threshold = 10000 (custom)
2023-01-26 20:33:03,601 [pool-716-thread-1] INFO  server.RaftServerConfigKeys (ConfUtils.java:logGet(46)) - raft.server.snapshot.retention.file.num = 5 (custom)
2023-01-26 20:33:03,601 [pool-716-thread-1] INFO  server.RaftServerConfigKeys (ConfUtils.java:logGet(46)) - raft.server.log.purge.upto.snapshot.index = false (default)
2023-01-26 20:33:03,602 [Command processor thread] INFO  ratis.XceiverServerRatis (XceiverServerRatis.java:addGroup(806)) - Created group PipelineID=e42cfb44-c310-468e-8520-96215d19ad1f
2023-01-26 20:33:03,602 [Command processor thread] INFO  commandhandler.CreatePipelineCommandHandler (CreatePipelineCommandHandler.java:handle(113)) - Created Pipeline RATIS ONE PipelineID=e42cfb44-c310-468e-8520-96215d19ad1f.
2023-01-26 20:33:03,602 [e073a1c5-1734-4c1f-8e4b-400896f1077e@group-96215D19AD1F-FollowerState] INFO  server.RaftServerConfigKeys (ConfUtils.java:logFallback(53)) - raft.server.rpc.first-election.timeout.min = 5s (fallback to raft.server.rpc.timeout.min)
2023-01-26 20:33:03,602 [e073a1c5-1734-4c1f-8e4b-400896f1077e@group-96215D19AD1F-FollowerState] INFO  server.RaftServerConfigKeys (ConfUtils.java:logFallback(53)) - raft.server.rpc.first-election.timeout.max = 5200ms (fallback to raft.server.rpc.timeout.max)
2023-01-26 20:33:03,917 [Command processor thread] INFO  server.RaftServer (RaftServerProxy.java:addNew(96)) - 60a87c7d-8298-43e9-85a2-250658c19736: addNew group-B26257A37DD8:[60a87c7d-8298-43e9-85a2-250658c19736|rpc:10.1.0.15:44255|dataStream:10.1.0.15:44249|priority:1|startupRole:FOLLOWER] returns group-B26257A37DD8:java.util.concurrent.CompletableFuture@582a485e[Not completed]
2023-01-26 20:33:03,918 [pool-738-thread-1] INFO  server.RaftServer$Division (RaftServerImpl.java:<init>(195)) - 60a87c7d-8298-43e9-85a2-250658c19736: new RaftServerImpl for group-B26257A37DD8:[60a87c7d-8298-43e9-85a2-250658c19736|rpc:10.1.0.15:44255|dataStream:10.1.0.15:44249|priority:1|startupRole:FOLLOWER] with ContainerStateMachine:uninitialized
2023-01-26 20:33:03,919 [pool-738-thread-1] INFO  server.RaftServerConfigKeys (ConfUtils.java:logGet(46)) - raft.server.rpc.timeout.min = 5s (custom)
2023-01-26 20:33:03,919 [pool-738-thread-1] INFO  server.RaftServerConfigKeys (ConfUtils.java:logGet(46)) - raft.server.rpc.timeout.max = 5200ms (custom)
2023-01-26 20:33:03,919 [pool-738-thread-1] INFO  server.RaftServerConfigKeys (ConfUtils.java:logGet(46)) - raft.server.rpc.sleep.time = 25ms (default)
2023-01-26 20:33:03,919 [pool-738-thread-1] INFO  server.RaftServerConfigKeys (ConfUtils.java:logGet(46)) - raft.server.rpc.slowness.timeout = 300s (custom)
2023-01-26 20:33:03,919 [pool-738-thread-1] INFO  server.RaftServerConfigKeys (ConfUtils.java:logGet(46)) - raft.server.leaderelection.leader.step-down.wait-time = 10s (default)
2023-01-26 20:33:03,919 [pool-738-thread-1] INFO  server.RaftServerConfigKeys (ConfUtils.java:logGet(46)) - raft.server.sleep.deviation.threshold = 300ms (default)
2023-01-26 20:33:03,919 [pool-738-thread-1] INFO  server.RaftServer$Division (ServerState.java:<init>(118)) - 60a87c7d-8298-43e9-85a2-250658c19736@group-B26257A37DD8: ConfigurationManager, init=-1: peers:[60a87c7d-8298-43e9-85a2-250658c19736|rpc:10.1.0.15:44255|dataStream:10.1.0.15:44249|priority:1|startupRole:FOLLOWER]|listeners:[], old=null, confs=<EMPTY_MAP>
2023-01-26 20:33:03,919 [pool-738-thread-1] INFO  server.RaftServerConfigKeys (ConfUtils.java:logGet(46)) - raft.server.storage.dir = [/home/runner/work/ozone/ozone/hadoop-ozone/integration-test/target/test-dir/MiniOzoneClusterImpl-ced6b6c1-d1ae-4b41-aa13-dfc1f6c7b229/datanode-3/data/ratis] (custom)
2023-01-26 20:33:03,919 [pool-738-thread-1] INFO  server.RaftServerConfigKeys (ConfUtils.java:logGet(46)) - raft.server.log.corruption.policy = EXCEPTION (default)
2023-01-26 20:33:03,919 [pool-738-thread-1] INFO  server.RaftServerConfigKeys (ConfUtils.java:logGet(46)) - raft.server.storage.free-space.min = 0MB (=0) (default)
2023-01-26 20:33:03,919 [pool-738-thread-1] INFO  server.RaftServerConfigKeys (ConfUtils.java:logGet(46)) - raft.server.notification.no-leader.timeout = 300s (custom)
2023-01-26 20:33:03,919 [pool-738-thread-1] INFO  server.RaftServerConfigKeys (ConfUtils.java:logGet(46)) - raft.server.retrycache.expirytime = 600000ms (custom)
2023-01-26 20:33:03,919 [pool-738-thread-1] INFO  server.RaftServerConfigKeys (ConfUtils.java:logGet(46)) - raft.server.retrycache.statistics.expirytime = 100μs (default)
2023-01-26 20:33:03,920 [pool-738-thread-1] INFO  server.RaftServerConfigKeys (ConfUtils.java:logGet(46)) - raft.server.log.appender.install.snapshot.enabled = false (custom)
2023-01-26 20:33:03,920 [pool-738-thread-1] INFO  server.RaftServerConfigKeys (ConfUtils.java:logGet(46)) - raft.server.threadpool.server.cached = true (default)
2023-01-26 20:33:03,920 [pool-738-thread-1] INFO  server.RaftServerConfigKeys (ConfUtils.java:logGet(46)) - raft.server.threadpool.server.size = 0 (default)
2023-01-26 20:33:03,920 [pool-738-thread-1] INFO  server.RaftServerConfigKeys (ConfUtils.java:logGet(46)) - raft.server.threadpool.client.cached = true (default)
2023-01-26 20:33:03,920 [pool-738-thread-1] INFO  server.RaftServerConfigKeys (ConfUtils.java:logGet(46)) - raft.server.threadpool.client.size = 0 (default)
2023-01-26 20:33:03,920 [pool-738-thread-1] INFO  storage.RaftStorageDirectory (RaftStorageDirectoryImpl.java:analyzeStorage(137)) - The storage directory /home/runner/work/ozone/ozone/hadoop-ozone/integration-test/target/test-dir/MiniOzoneClusterImpl-ced6b6c1-d1ae-4b41-aa13-dfc1f6c7b229/datanode-3/data/ratis/14f2221f-b706-4ff9-a530-b26257a37dd8 does not exist. Creating ...
2023-01-26 20:33:03,921 [pool-738-thread-1] INFO  storage.RaftStorageDirectory (RaftStorageDirectoryImpl.java:tryLock(231)) - Lock on /home/runner/work/ozone/ozone/hadoop-ozone/integration-test/target/test-dir/MiniOzoneClusterImpl-ced6b6c1-d1ae-4b41-aa13-dfc1f6c7b229/datanode-3/data/ratis/14f2221f-b706-4ff9-a530-b26257a37dd8/in_use.lock acquired by nodename 10488@fv-az462-54
2023-01-26 20:33:03,922 [pool-738-thread-1] INFO  storage.RaftStorage (RaftStorageImpl.java:format(96)) - Storage directory /home/runner/work/ozone/ozone/hadoop-ozone/integration-test/target/test-dir/MiniOzoneClusterImpl-ced6b6c1-d1ae-4b41-aa13-dfc1f6c7b229/datanode-3/data/ratis/14f2221f-b706-4ff9-a530-b26257a37dd8 has been successfully formatted.
2023-01-26 20:33:03,924 [pool-738-thread-1] INFO  ratis.ContainerStateMachine (ContainerStateMachine.java:loadSnapshot(240)) - group-B26257A37DD8: The snapshot info is null. Setting the last applied indexto:(t:0, i:~)
2023-01-26 20:33:03,924 [pool-738-thread-1] INFO  server.RaftServerConfigKeys (ConfUtils.java:logGet(46)) - raft.server.log.use.memory = false (default)
2023-01-26 20:33:03,924 [pool-738-thread-1] INFO  server.RaftServerConfigKeys (ConfUtils.java:logGet(46)) - raft.server.log.purge.gap = 1000000 (custom)
2023-01-26 20:33:03,924 [pool-738-thread-1] INFO  server.RaftServerConfigKeys (ConfUtils.java:logGet(46)) - raft.server.log.appender.buffer.byte-limit = 33554432 (custom)
2023-01-26 20:33:03,924 [pool-738-thread-1] INFO  server.RaftServerConfigKeys (ConfUtils.java:logGet(46)) - raft.server.log.statemachine.data.read.timeout = 1000ms (default)
2023-01-26 20:33:03,924 [pool-738-thread-1] INFO  server.RaftServerConfigKeys (ConfUtils.java:logGet(46)) - raft.server.log.purge.preservation.log.num = 0 (default)
2023-01-26 20:33:03,924 [pool-738-thread-1] INFO  server.RaftServerConfigKeys (ConfUtils.java:logGet(46)) - raft.server.log.segment.size.max = 1048576 (custom)
2023-01-26 20:33:03,924 [pool-738-thread-1] INFO  server.RaftServerConfigKeys (ConfUtils.java:logGet(46)) - raft.server.log.segment.cache.num.max = 2 (custom)
2023-01-26 20:33:03,925 [pool-738-thread-1] INFO  server.RaftServerConfigKeys (ConfUtils.java:logGet(46)) - raft.server.log.segment.cache.size.max = 200MB (=209715200) (default)
2023-01-26 20:33:03,925 [pool-738-thread-1] INFO  segmented.SegmentedRaftLogWorker (SegmentedRaftLogWorker.java:<init>(189)) - new 60a87c7d-8298-43e9-85a2-250658c19736@group-B26257A37DD8-SegmentedRaftLogWorker for RaftStorageImpl:Storage Directory /home/runner/work/ozone/ozone/hadoop-ozone/integration-test/target/test-dir/MiniOzoneClusterImpl-ced6b6c1-d1ae-4b41-aa13-dfc1f6c7b229/datanode-3/data/ratis/14f2221f-b706-4ff9-a530-b26257a37dd8
2023-01-26 20:33:03,925 [EventQueue-PipelineReportForPipelineReportHandler] INFO  pipeline.PipelineManagerImpl (PipelineManagerImpl.java:openPipeline(367)) - Pipeline Pipeline[ Id: 14f2221f-b706-4ff9-a530-b26257a37dd8, Nodes: 60a87c7d-8298-43e9-85a2-250658c19736(fv-az462-54.0zuljvm5d0yedf4jva4xayy4gc.gx.internal.cloudapp.net/10.1.0.15), ReplicationConfig: RATIS/ONE, State:ALLOCATED, leaderId:60a87c7d-8298-43e9-85a2-250658c19736, CreationTimestamp2023-01-26T20:33:00.918Z[Etc/UTC]] moved to OPEN state
2023-01-26 20:33:03,925 [pool-738-thread-1] INFO  server.RaftServerConfigKeys (ConfUtils.java:logGet(46)) - raft.server.log.queue.byte-limit = 4294967296 (custom)
2023-01-26 20:33:03,925 [pool-738-thread-1] INFO  server.RaftServerConfigKeys (ConfUtils.java:logGet(46)) - raft.server.log.queue.element-limit = 1024 (custom)
2023-01-26 20:33:03,925 [pool-738-thread-1] INFO  server.RaftServerConfigKeys (ConfUtils.java:logGet(46)) - raft.server.log.segment.size.max = 1048576 (custom)
2023-01-26 20:33:03,925 [pool-738-thread-1] INFO  server.RaftServerConfigKeys (ConfUtils.java:logGet(46)) - raft.server.log.preallocated.size = 16384 (custom)
2023-01-26 20:33:03,925 [pool-738-thread-1] INFO  server.RaftServerConfigKeys (ConfUtils.java:logGet(46)) - raft.server.log.force.sync.num = 128 (default)
2023-01-26 20:33:03,925 [pool-738-thread-1] INFO  server.RaftServerConfigKeys (ConfUtils.java:logGet(46)) - raft.server.log.statemachine.data.sync = true (default)
2023-01-26 20:33:03,925 [EventQueue-OpenPipelineForHealthyPipelineSafeModeRule] INFO  safemode.SCMSafeModeManager (HealthyPipelineSafeModeRule.java:process(137)) - SCM in safe mode. Healthy pipelines reported count is 0, required healthy pipeline reported count is 1
2023-01-26 20:33:03,925 [pool-738-thread-1] INFO  server.RaftServerConfigKeys (ConfUtils.java:logGet(46)) - raft.server.log.statemachine.data.sync.timeout = 10s (default)
2023-01-26 20:33:03,925 [pool-738-thread-1] INFO  server.RaftServerConfigKeys (ConfUtils.java:logGet(46)) - raft.server.log.statemachine.data.sync.timeout.retry = -1 (default)
2023-01-26 20:33:03,925 [pool-738-thread-1] INFO  server.RaftServerConfigKeys (ConfUtils.java:logGet(46)) - raft.server.log.write.buffer.size = 1048576 (custom)
2023-01-26 20:33:03,926 [pool-738-thread-1] INFO  server.RaftServerConfigKeys (ConfUtils.java:logGet(46)) - raft.server.log.appender.buffer.byte-limit = 33554432 (custom)
2023-01-26 20:33:03,930 [pool-738-thread-1] INFO  server.RaftServerConfigKeys (ConfUtils.java:logGet(46)) - raft.server.log.unsafe-flush.enabled = false (default)
2023-01-26 20:33:03,930 [pool-738-thread-1] INFO  server.RaftServerConfigKeys (ConfUtils.java:logGet(46)) - raft.server.log.async-flush.enabled = false (default)
2023-01-26 20:33:03,930 [pool-738-thread-1] INFO  server.RaftServerConfigKeys (ConfUtils.java:logGet(46)) - raft.server.log.statemachine.data.caching.enabled = true (custom)
2023-01-26 20:33:03,931 [pool-738-thread-1] INFO  segmented.SegmentedRaftLogWorker (SegmentedRaftLogWorker.java:lambda$new$0(135)) - 60a87c7d-8298-43e9-85a2-250658c19736@group-B26257A37DD8-SegmentedRaftLogWorker: flushIndex: setUnconditionally 0 -> -1
2023-01-26 20:33:03,931 [pool-738-thread-1] INFO  segmented.SegmentedRaftLogWorker (SegmentedRaftLogWorker.java:lambda$new$0(135)) - 60a87c7d-8298-43e9-85a2-250658c19736@group-B26257A37DD8-SegmentedRaftLogWorker: safeCacheEvictIndex: setUnconditionally 0 -> -1
2023-01-26 20:33:03,931 [pool-738-thread-1] INFO  server.RaftServer$Division (RaftServerImpl.java:start(334)) - 60a87c7d-8298-43e9-85a2-250658c19736@group-B26257A37DD8: start as a follower, conf=-1: peers:[60a87c7d-8298-43e9-85a2-250658c19736|rpc:10.1.0.15:44255|dataStream:10.1.0.15:44249|priority:1|startupRole:FOLLOWER]|listeners:[], old=null
2023-01-26 20:33:03,931 [pool-738-thread-1] INFO  server.RaftServer$Division (RaftServerImpl.java:setRole(321)) - 60a87c7d-8298-43e9-85a2-250658c19736@group-B26257A37DD8: changes role from      null to FOLLOWER at term 0 for startAsFollower
2023-01-26 20:33:03,931 [pool-738-thread-1] INFO  impl.RoleInfo (RoleInfo.java:updateAndGet(139)) - 60a87c7d-8298-43e9-85a2-250658c19736: start 60a87c7d-8298-43e9-85a2-250658c19736@group-B26257A37DD8-FollowerState
2023-01-26 20:33:03,931 [pool-738-thread-1] INFO  util.JmxRegister (JmxRegister.java:tryRegister(44)) - Successfully registered JMX Bean with object name Ratis:service=RaftServer,group=group-B26257A37DD8,id=60a87c7d-8298-43e9-85a2-250658c19736
2023-01-26 20:33:03,931 [60a87c7d-8298-43e9-85a2-250658c19736@group-B26257A37DD8-FollowerState] INFO  server.RaftServerConfigKeys (ConfUtils.java:logFallback(53)) - raft.server.rpc.first-election.timeout.min = 5s (fallback to raft.server.rpc.timeout.min)
2023-01-26 20:33:03,931 [pool-738-thread-1] INFO  server.RaftServerConfigKeys (ConfUtils.java:logGet(46)) - raft.server.snapshot.auto.trigger.enabled = true (custom)
2023-01-26 20:33:03,931 [60a87c7d-8298-43e9-85a2-250658c19736@group-B26257A37DD8-FollowerState] INFO  server.RaftServerConfigKeys (ConfUtils.java:logFallback(53)) - raft.server.rpc.first-election.timeout.max = 5200ms (fallback to raft.server.rpc.timeout.max)
2023-01-26 20:33:03,931 [pool-738-thread-1] INFO  server.RaftServerConfigKeys (ConfUtils.java:logGet(46)) - raft.server.snapshot.auto.trigger.threshold = 10000 (custom)
2023-01-26 20:33:03,932 [pool-738-thread-1] INFO  server.RaftServerConfigKeys (ConfUtils.java:logGet(46)) - raft.server.snapshot.retention.file.num = 5 (custom)
2023-01-26 20:33:03,932 [pool-738-thread-1] INFO  server.RaftServerConfigKeys (ConfUtils.java:logGet(46)) - raft.server.log.purge.upto.snapshot.index = false (default)
2023-01-26 20:33:03,932 [Command processor thread] INFO  ratis.XceiverServerRatis (XceiverServerRatis.java:addGroup(806)) - Created group PipelineID=14f2221f-b706-4ff9-a530-b26257a37dd8
2023-01-26 20:33:03,932 [Command processor thread] INFO  commandhandler.CreatePipelineCommandHandler (CreatePipelineCommandHandler.java:handle(113)) - Created Pipeline RATIS ONE PipelineID=14f2221f-b706-4ff9-a530-b26257a37dd8.
2023-01-26 20:33:04,212 [Listener at 127.0.0.1/35105] INFO  ozone.MiniOzoneClusterImpl (MiniOzoneClusterImpl.java:lambda$waitForClusterToBeReady$0(218)) - Nodes are ready. Got 5 of 5 DN Heartbeats.
2023-01-26 20:33:04,212 [Listener at 127.0.0.1/35105] INFO  ozone.MiniOzoneClusterImpl (MiniOzoneClusterImpl.java:lambda$waitForClusterToBeReady$0(221)) - Waiting for cluster to exit safe mode
2023-01-26 20:33:04,212 [Listener at 127.0.0.1/35105] INFO  ozone.MiniOzoneClusterImpl (MiniOzoneClusterImpl.java:lambda$waitForClusterToBeReady$0(223)) - SCM became leader
2023-01-26 20:33:04,215 [Command processor thread] INFO  server.RaftServer (RaftServerProxy.java:addNew(96)) - ff5e38c1-f65b-484d-a220-edc435d5e866: addNew group-9BB66C13AAAD:[ff5e38c1-f65b-484d-a220-edc435d5e866|rpc:10.1.0.15:40123|dataStream:10.1.0.15:36125|priority:1|startupRole:FOLLOWER] returns group-9BB66C13AAAD:java.util.concurrent.CompletableFuture@2b092a05[Not completed]
2023-01-26 20:33:04,216 [pool-760-thread-1] INFO  server.RaftServer$Division (RaftServerImpl.java:<init>(195)) - ff5e38c1-f65b-484d-a220-edc435d5e866: new RaftServerImpl for group-9BB66C13AAAD:[ff5e38c1-f65b-484d-a220-edc435d5e866|rpc:10.1.0.15:40123|dataStream:10.1.0.15:36125|priority:1|startupRole:FOLLOWER] with ContainerStateMachine:uninitialized
2023-01-26 20:33:04,216 [pool-760-thread-1] INFO  server.RaftServerConfigKeys (ConfUtils.java:logGet(46)) - raft.server.rpc.timeout.min = 5s (custom)
2023-01-26 20:33:04,216 [pool-760-thread-1] INFO  server.RaftServerConfigKeys (ConfUtils.java:logGet(46)) - raft.server.rpc.timeout.max = 5200ms (custom)
2023-01-26 20:33:04,216 [pool-760-thread-1] INFO  server.RaftServerConfigKeys (ConfUtils.java:logGet(46)) - raft.server.rpc.sleep.time = 25ms (default)
2023-01-26 20:33:04,217 [pool-760-thread-1] INFO  server.RaftServerConfigKeys (ConfUtils.java:logGet(46)) - raft.server.rpc.slowness.timeout = 300s (custom)
2023-01-26 20:33:04,217 [pool-760-thread-1] INFO  server.RaftServerConfigKeys (ConfUtils.java:logGet(46)) - raft.server.leaderelection.leader.step-down.wait-time = 10s (default)
2023-01-26 20:33:04,217 [pool-760-thread-1] INFO  server.RaftServerConfigKeys (ConfUtils.java:logGet(46)) - raft.server.sleep.deviation.threshold = 300ms (default)
2023-01-26 20:33:04,217 [pool-760-thread-1] INFO  server.RaftServer$Division (ServerState.java:<init>(118)) - ff5e38c1-f65b-484d-a220-edc435d5e866@group-9BB66C13AAAD: ConfigurationManager, init=-1: peers:[ff5e38c1-f65b-484d-a220-edc435d5e866|rpc:10.1.0.15:40123|dataStream:10.1.0.15:36125|priority:1|startupRole:FOLLOWER]|listeners:[], old=null, confs=<EMPTY_MAP>
2023-01-26 20:33:04,217 [pool-760-thread-1] INFO  server.RaftServerConfigKeys (ConfUtils.java:logGet(46)) - raft.server.storage.dir = [/home/runner/work/ozone/ozone/hadoop-ozone/integration-test/target/test-dir/MiniOzoneClusterImpl-ced6b6c1-d1ae-4b41-aa13-dfc1f6c7b229/datanode-4/data/ratis] (custom)
2023-01-26 20:33:04,217 [pool-760-thread-1] INFO  server.RaftServerConfigKeys (ConfUtils.java:logGet(46)) - raft.server.log.corruption.policy = EXCEPTION (default)
2023-01-26 20:33:04,217 [pool-760-thread-1] INFO  server.RaftServerConfigKeys (ConfUtils.java:logGet(46)) - raft.server.storage.free-space.min = 0MB (=0) (default)
2023-01-26 20:33:04,217 [pool-760-thread-1] INFO  server.RaftServerConfigKeys (ConfUtils.java:logGet(46)) - raft.server.notification.no-leader.timeout = 300s (custom)
2023-01-26 20:33:04,217 [pool-760-thread-1] INFO  server.RaftServerConfigKeys (ConfUtils.java:logGet(46)) - raft.server.retrycache.expirytime = 600000ms (custom)
2023-01-26 20:33:04,217 [pool-760-thread-1] INFO  server.RaftServerConfigKeys (ConfUtils.java:logGet(46)) - raft.server.retrycache.statistics.expirytime = 100μs (default)
2023-01-26 20:33:04,218 [pool-760-thread-1] INFO  server.RaftServerConfigKeys (ConfUtils.java:logGet(46)) - raft.server.log.appender.install.snapshot.enabled = false (custom)
2023-01-26 20:33:04,218 [pool-760-thread-1] INFO  server.RaftServerConfigKeys (ConfUtils.java:logGet(46)) - raft.server.threadpool.server.cached = true (default)
2023-01-26 20:33:04,218 [pool-760-thread-1] INFO  server.RaftServerConfigKeys (ConfUtils.java:logGet(46)) - raft.server.threadpool.server.size = 0 (default)
2023-01-26 20:33:04,218 [pool-760-thread-1] INFO  server.RaftServerConfigKeys (ConfUtils.java:logGet(46)) - raft.server.threadpool.client.cached = true (default)
2023-01-26 20:33:04,218 [pool-760-thread-1] INFO  server.RaftServerConfigKeys (ConfUtils.java:logGet(46)) - raft.server.threadpool.client.size = 0 (default)
2023-01-26 20:33:04,218 [pool-760-thread-1] INFO  storage.RaftStorageDirectory (RaftStorageDirectoryImpl.java:analyzeStorage(137)) - The storage directory /home/runner/work/ozone/ozone/hadoop-ozone/integration-test/target/test-dir/MiniOzoneClusterImpl-ced6b6c1-d1ae-4b41-aa13-dfc1f6c7b229/datanode-4/data/ratis/9f6b2dcf-c998-4f11-81aa-9bb66c13aaad does not exist. Creating ...
2023-01-26 20:33:04,220 [pool-760-thread-1] INFO  storage.RaftStorageDirectory (RaftStorageDirectoryImpl.java:tryLock(231)) - Lock on /home/runner/work/ozone/ozone/hadoop-ozone/integration-test/target/test-dir/MiniOzoneClusterImpl-ced6b6c1-d1ae-4b41-aa13-dfc1f6c7b229/datanode-4/data/ratis/9f6b2dcf-c998-4f11-81aa-9bb66c13aaad/in_use.lock acquired by nodename 10488@fv-az462-54
2023-01-26 20:33:04,221 [pool-760-thread-1] INFO  storage.RaftStorage (RaftStorageImpl.java:format(96)) - Storage directory /home/runner/work/ozone/ozone/hadoop-ozone/integration-test/target/test-dir/MiniOzoneClusterImpl-ced6b6c1-d1ae-4b41-aa13-dfc1f6c7b229/datanode-4/data/ratis/9f6b2dcf-c998-4f11-81aa-9bb66c13aaad has been successfully formatted.
2023-01-26 20:33:04,224 [pool-760-thread-1] INFO  ratis.ContainerStateMachine (ContainerStateMachine.java:loadSnapshot(240)) - group-9BB66C13AAAD: The snapshot info is null. Setting the last applied indexto:(t:0, i:~)
2023-01-26 20:33:04,224 [pool-760-thread-1] INFO  server.RaftServerConfigKeys (ConfUtils.java:logGet(46)) - raft.server.log.use.memory = false (default)
2023-01-26 20:33:04,224 [pool-760-thread-1] INFO  server.RaftServerConfigKeys (ConfUtils.java:logGet(46)) - raft.server.log.purge.gap = 1000000 (custom)
2023-01-26 20:33:04,224 [pool-760-thread-1] INFO  server.RaftServerConfigKeys (ConfUtils.java:logGet(46)) - raft.server.log.appender.buffer.byte-limit = 33554432 (custom)
2023-01-26 20:33:04,224 [pool-760-thread-1] INFO  server.RaftServerConfigKeys (ConfUtils.java:logGet(46)) - raft.server.log.statemachine.data.read.timeout = 1000ms (default)
2023-01-26 20:33:04,224 [pool-760-thread-1] INFO  server.RaftServerConfigKeys (ConfUtils.java:logGet(46)) - raft.server.log.purge.preservation.log.num = 0 (default)
2023-01-26 20:33:04,225 [pool-760-thread-1] INFO  server.RaftServerConfigKeys (ConfUtils.java:logGet(46)) - raft.server.log.segment.size.max = 1048576 (custom)
2023-01-26 20:33:04,225 [EventQueue-PipelineReportForPipelineReportHandler] INFO  pipeline.PipelineManagerImpl (PipelineManagerImpl.java:openPipeline(367)) - Pipeline Pipeline[ Id: 9f6b2dcf-c998-4f11-81aa-9bb66c13aaad, Nodes: ff5e38c1-f65b-484d-a220-edc435d5e866(fv-az462-54.0zuljvm5d0yedf4jva4xayy4gc.gx.internal.cloudapp.net/10.1.0.15), ReplicationConfig: RATIS/ONE, State:ALLOCATED, leaderId:ff5e38c1-f65b-484d-a220-edc435d5e866, CreationTimestamp2023-01-26T20:33:01.213Z[Etc/UTC]] moved to OPEN state
2023-01-26 20:33:04,225 [pool-760-thread-1] INFO  server.RaftServerConfigKeys (ConfUtils.java:logGet(46)) - raft.server.log.segment.cache.num.max = 2 (custom)
2023-01-26 20:33:04,225 [pool-760-thread-1] INFO  server.RaftServerConfigKeys (ConfUtils.java:logGet(46)) - raft.server.log.segment.cache.size.max = 200MB (=209715200) (default)
2023-01-26 20:33:04,225 [pool-760-thread-1] INFO  segmented.SegmentedRaftLogWorker (SegmentedRaftLogWorker.java:<init>(189)) - new ff5e38c1-f65b-484d-a220-edc435d5e866@group-9BB66C13AAAD-SegmentedRaftLogWorker for RaftStorageImpl:Storage Directory /home/runner/work/ozone/ozone/hadoop-ozone/integration-test/target/test-dir/MiniOzoneClusterImpl-ced6b6c1-d1ae-4b41-aa13-dfc1f6c7b229/datanode-4/data/ratis/9f6b2dcf-c998-4f11-81aa-9bb66c13aaad
2023-01-26 20:33:04,225 [pool-760-thread-1] INFO  server.RaftServerConfigKeys (ConfUtils.java:logGet(46)) - raft.server.log.queue.byte-limit = 4294967296 (custom)
2023-01-26 20:33:04,225 [pool-760-thread-1] INFO  server.RaftServerConfigKeys (ConfUtils.java:logGet(46)) - raft.server.log.queue.element-limit = 1024 (custom)
2023-01-26 20:33:04,225 [pool-760-thread-1] INFO  server.RaftServerConfigKeys (ConfUtils.java:logGet(46)) - raft.server.log.segment.size.max = 1048576 (custom)
2023-01-26 20:33:04,225 [EventQueue-OpenPipelineForHealthyPipelineSafeModeRule] INFO  safemode.SCMSafeModeManager (HealthyPipelineSafeModeRule.java:process(137)) - SCM in safe mode. Healthy pipelines reported count is 0, required healthy pipeline reported count is 1
2023-01-26 20:33:04,225 [pool-760-thread-1] INFO  server.RaftServerConfigKeys (ConfUtils.java:logGet(46)) - raft.server.log.preallocated.size = 16384 (custom)
2023-01-26 20:33:04,225 [pool-760-thread-1] INFO  server.RaftServerConfigKeys (ConfUtils.java:logGet(46)) - raft.server.log.force.sync.num = 128 (default)
2023-01-26 20:33:04,225 [pool-760-thread-1] INFO  server.RaftServerConfigKeys (ConfUtils.java:logGet(46)) - raft.server.log.statemachine.data.sync = true (default)
2023-01-26 20:33:04,225 [pool-760-thread-1] INFO  server.RaftServerConfigKeys (ConfUtils.java:logGet(46)) - raft.server.log.statemachine.data.sync.timeout = 10s (default)
2023-01-26 20:33:04,225 [pool-760-thread-1] INFO  server.RaftServerConfigKeys (ConfUtils.java:logGet(46)) - raft.server.log.statemachine.data.sync.timeout.retry = -1 (default)
2023-01-26 20:33:04,226 [pool-760-thread-1] INFO  server.RaftServerConfigKeys (ConfUtils.java:logGet(46)) - raft.server.log.write.buffer.size = 1048576 (custom)
2023-01-26 20:33:04,226 [pool-760-thread-1] INFO  server.RaftServerConfigKeys (ConfUtils.java:logGet(46)) - raft.server.log.appender.buffer.byte-limit = 33554432 (custom)
2023-01-26 20:33:04,231 [pool-760-thread-1] INFO  server.RaftServerConfigKeys (ConfUtils.java:logGet(46)) - raft.server.log.unsafe-flush.enabled = false (default)
2023-01-26 20:33:04,231 [pool-760-thread-1] INFO  server.RaftServerConfigKeys (ConfUtils.java:logGet(46)) - raft.server.log.async-flush.enabled = false (default)
2023-01-26 20:33:04,231 [pool-760-thread-1] INFO  server.RaftServerConfigKeys (ConfUtils.java:logGet(46)) - raft.server.log.statemachine.data.caching.enabled = true (custom)
2023-01-26 20:33:04,231 [pool-760-thread-1] INFO  segmented.SegmentedRaftLogWorker (SegmentedRaftLogWorker.java:lambda$new$0(135)) - ff5e38c1-f65b-484d-a220-edc435d5e866@group-9BB66C13AAAD-SegmentedRaftLogWorker: flushIndex: setUnconditionally 0 -> -1
2023-01-26 20:33:04,231 [pool-760-thread-1] INFO  segmented.SegmentedRaftLogWorker (SegmentedRaftLogWorker.java:lambda$new$0(135)) - ff5e38c1-f65b-484d-a220-edc435d5e866@group-9BB66C13AAAD-SegmentedRaftLogWorker: safeCacheEvictIndex: setUnconditionally 0 -> -1
2023-01-26 20:33:04,231 [pool-760-thread-1] INFO  server.RaftServer$Division (RaftServerImpl.java:start(334)) - ff5e38c1-f65b-484d-a220-edc435d5e866@group-9BB66C13AAAD: start as a follower, conf=-1: peers:[ff5e38c1-f65b-484d-a220-edc435d5e866|rpc:10.1.0.15:40123|dataStream:10.1.0.15:36125|priority:1|startupRole:FOLLOWER]|listeners:[], old=null
2023-01-26 20:33:04,231 [pool-760-thread-1] INFO  server.RaftServer$Division (RaftServerImpl.java:setRole(321)) - ff5e38c1-f65b-484d-a220-edc435d5e866@group-9BB66C13AAAD: changes role from      null to FOLLOWER at term 0 for startAsFollower
2023-01-26 20:33:04,231 [pool-760-thread-1] INFO  impl.RoleInfo (RoleInfo.java:updateAndGet(139)) - ff5e38c1-f65b-484d-a220-edc435d5e866: start ff5e38c1-f65b-484d-a220-edc435d5e866@group-9BB66C13AAAD-FollowerState
2023-01-26 20:33:04,231 [pool-760-thread-1] INFO  util.JmxRegister (JmxRegister.java:tryRegister(44)) - Successfully registered JMX Bean with object name Ratis:service=RaftServer,group=group-9BB66C13AAAD,id=ff5e38c1-f65b-484d-a220-edc435d5e866
2023-01-26 20:33:04,231 [pool-760-thread-1] INFO  server.RaftServerConfigKeys (ConfUtils.java:logGet(46)) - raft.server.snapshot.auto.trigger.enabled = true (custom)
2023-01-26 20:33:04,232 [pool-760-thread-1] INFO  server.RaftServerConfigKeys (ConfUtils.java:logGet(46)) - raft.server.snapshot.auto.trigger.threshold = 10000 (custom)
2023-01-26 20:33:04,232 [pool-760-thread-1] INFO  server.RaftServerConfigKeys (ConfUtils.java:logGet(46)) - raft.server.snapshot.retention.file.num = 5 (custom)
2023-01-26 20:33:04,232 [pool-760-thread-1] INFO  server.RaftServerConfigKeys (ConfUtils.java:logGet(46)) - raft.server.log.purge.upto.snapshot.index = false (default)
2023-01-26 20:33:04,232 [Command processor thread] INFO  ratis.XceiverServerRatis (XceiverServerRatis.java:addGroup(806)) - Created group PipelineID=9f6b2dcf-c998-4f11-81aa-9bb66c13aaad
2023-01-26 20:33:04,232 [ff5e38c1-f65b-484d-a220-edc435d5e866@group-9BB66C13AAAD-FollowerState] INFO  server.RaftServerConfigKeys (ConfUtils.java:logFallback(53)) - raft.server.rpc.first-election.timeout.min = 5s (fallback to raft.server.rpc.timeout.min)
2023-01-26 20:33:04,232 [Command processor thread] INFO  commandhandler.CreatePipelineCommandHandler (CreatePipelineCommandHandler.java:handle(113)) - Created Pipeline RATIS ONE PipelineID=9f6b2dcf-c998-4f11-81aa-9bb66c13aaad.
2023-01-26 20:33:04,232 [ff5e38c1-f65b-484d-a220-edc435d5e866@group-9BB66C13AAAD-FollowerState] INFO  server.RaftServerConfigKeys (ConfUtils.java:logFallback(53)) - raft.server.rpc.first-election.timeout.max = 5200ms (fallback to raft.server.rpc.timeout.max)
2023-01-26 20:33:05,212 [Listener at 127.0.0.1/35105] INFO  ozone.MiniOzoneClusterImpl (MiniOzoneClusterImpl.java:lambda$waitForClusterToBeReady$0(218)) - Nodes are ready. Got 5 of 5 DN Heartbeats.
2023-01-26 20:33:05,212 [Listener at 127.0.0.1/35105] INFO  ozone.MiniOzoneClusterImpl (MiniOzoneClusterImpl.java:lambda$waitForClusterToBeReady$0(221)) - Waiting for cluster to exit safe mode
2023-01-26 20:33:05,212 [Listener at 127.0.0.1/35105] INFO  ozone.MiniOzoneClusterImpl (MiniOzoneClusterImpl.java:lambda$waitForClusterToBeReady$0(223)) - SCM became leader
2023-01-26 20:33:06,213 [Listener at 127.0.0.1/35105] INFO  ozone.MiniOzoneClusterImpl (MiniOzoneClusterImpl.java:lambda$waitForClusterToBeReady$0(218)) - Nodes are ready. Got 5 of 5 DN Heartbeats.
2023-01-26 20:33:06,213 [Listener at 127.0.0.1/35105] INFO  ozone.MiniOzoneClusterImpl (MiniOzoneClusterImpl.java:lambda$waitForClusterToBeReady$0(221)) - Waiting for cluster to exit safe mode
2023-01-26 20:33:06,213 [Listener at 127.0.0.1/35105] INFO  ozone.MiniOzoneClusterImpl (MiniOzoneClusterImpl.java:lambda$waitForClusterToBeReady$0(223)) - SCM became leader
2023-01-26 20:33:07,214 [Listener at 127.0.0.1/35105] INFO  ozone.MiniOzoneClusterImpl (MiniOzoneClusterImpl.java:lambda$waitForClusterToBeReady$0(218)) - Nodes are ready. Got 5 of 5 DN Heartbeats.
2023-01-26 20:33:07,214 [Listener at 127.0.0.1/35105] INFO  ozone.MiniOzoneClusterImpl (MiniOzoneClusterImpl.java:lambda$waitForClusterToBeReady$0(221)) - Waiting for cluster to exit safe mode
2023-01-26 20:33:07,214 [Listener at 127.0.0.1/35105] INFO  ozone.MiniOzoneClusterImpl (MiniOzoneClusterImpl.java:lambda$waitForClusterToBeReady$0(223)) - SCM became leader
2023-01-26 20:33:08,122 [1d22b7d2-31db-4af8-bf0c-5577da68ec36@group-3F5B260AE0F1-FollowerState] INFO  impl.FollowerState (FollowerState.java:run(143)) - 1d22b7d2-31db-4af8-bf0c-5577da68ec36@group-3F5B260AE0F1-FollowerState: change to CANDIDATE, lastRpcElapsedTime:5093526283ns, electionTimeout:5093ms
2023-01-26 20:33:08,122 [1d22b7d2-31db-4af8-bf0c-5577da68ec36@group-3F5B260AE0F1-FollowerState] INFO  impl.RoleInfo (RoleInfo.java:shutdownFollowerState(110)) - 1d22b7d2-31db-4af8-bf0c-5577da68ec36: shutdown 1d22b7d2-31db-4af8-bf0c-5577da68ec36@group-3F5B260AE0F1-FollowerState
2023-01-26 20:33:08,122 [1d22b7d2-31db-4af8-bf0c-5577da68ec36@group-3F5B260AE0F1-FollowerState] INFO  server.RaftServer$Division (RaftServerImpl.java:setRole(321)) - 1d22b7d2-31db-4af8-bf0c-5577da68ec36@group-3F5B260AE0F1: changes role from  FOLLOWER to CANDIDATE at term 0 for changeToCandidate
2023-01-26 20:33:08,122 [1d22b7d2-31db-4af8-bf0c-5577da68ec36@group-3F5B260AE0F1-FollowerState] INFO  server.RaftServerConfigKeys (ConfUtils.java:logGet(46)) - raft.server.leaderelection.pre-vote = false (custom)
2023-01-26 20:33:08,122 [1d22b7d2-31db-4af8-bf0c-5577da68ec36@group-3F5B260AE0F1-FollowerState] INFO  impl.RoleInfo (RoleInfo.java:updateAndGet(139)) - 1d22b7d2-31db-4af8-bf0c-5577da68ec36: start 1d22b7d2-31db-4af8-bf0c-5577da68ec36@group-3F5B260AE0F1-LeaderElection42
2023-01-26 20:33:08,126 [1d22b7d2-31db-4af8-bf0c-5577da68ec36@group-3F5B260AE0F1-LeaderElection42] INFO  impl.LeaderElection (LeaderElection.java:askForVotes(312)) - 1d22b7d2-31db-4af8-bf0c-5577da68ec36@group-3F5B260AE0F1-LeaderElection42 ELECTION round 0: submit vote requests at term 1 for -1: peers:[1d22b7d2-31db-4af8-bf0c-5577da68ec36|rpc:10.1.0.15:38533|dataStream:10.1.0.15:42409|priority:0|startupRole:FOLLOWER, e073a1c5-1734-4c1f-8e4b-400896f1077e|rpc:10.1.0.15:44293|dataStream:10.1.0.15:37283|priority:0|startupRole:FOLLOWER, 2950c1a1-45bf-4864-9732-08ad567daa78|rpc:10.1.0.15:41507|dataStream:10.1.0.15:46779|priority:1|startupRole:FOLLOWER]|listeners:[], old=null
2023-01-26 20:33:08,126 [1d22b7d2-31db-4af8-bf0c-5577da68ec36@group-3F5B260AE0F1-LeaderElection42] INFO  server.RaftServerConfigKeys (ConfUtils.java:logFallback(53)) - raft.server.rpc.first-election.timeout.min = 5s (fallback to raft.server.rpc.timeout.min)
2023-01-26 20:33:08,126 [1d22b7d2-31db-4af8-bf0c-5577da68ec36@group-3F5B260AE0F1-LeaderElection42-1] INFO  server.GrpcServerProtocolClient (GrpcServerProtocolClient.java:<init>(63)) - Build channel for e073a1c5-1734-4c1f-8e4b-400896f1077e
2023-01-26 20:33:08,126 [1d22b7d2-31db-4af8-bf0c-5577da68ec36@group-3F5B260AE0F1-LeaderElection42] INFO  server.RaftServerConfigKeys (ConfUtils.java:logFallback(53)) - raft.server.rpc.first-election.timeout.max = 5200ms (fallback to raft.server.rpc.timeout.max)
2023-01-26 20:33:08,127 [1d22b7d2-31db-4af8-bf0c-5577da68ec36@group-3F5B260AE0F1-LeaderElection42-2] INFO  server.GrpcServerProtocolClient (GrpcServerProtocolClient.java:<init>(63)) - Build channel for 2950c1a1-45bf-4864-9732-08ad567daa78
2023-01-26 20:33:08,137 [grpc-default-executor-0] INFO  server.RaftServer$Division (RaftServerImpl.java:requestVote(1218)) - e073a1c5-1734-4c1f-8e4b-400896f1077e@group-3F5B260AE0F1: receive requestVote(ELECTION, 1d22b7d2-31db-4af8-bf0c-5577da68ec36, group-3F5B260AE0F1, 1, (t:0, i:0))
2023-01-26 20:33:08,137 [grpc-default-executor-0] INFO  impl.VoteContext (VoteContext.java:log(49)) - e073a1c5-1734-4c1f-8e4b-400896f1077e@group-3F5B260AE0F1-FOLLOWER: accept ELECTION from 1d22b7d2-31db-4af8-bf0c-5577da68ec36: our priority 0 <= candidate's priority 0
2023-01-26 20:33:08,137 [grpc-default-executor-0] INFO  server.RaftServer$Division (RaftServerImpl.java:setRole(321)) - e073a1c5-1734-4c1f-8e4b-400896f1077e@group-3F5B260AE0F1: changes role from  FOLLOWER to FOLLOWER at term 1 for candidate:1d22b7d2-31db-4af8-bf0c-5577da68ec36
2023-01-26 20:33:08,138 [grpc-default-executor-0] INFO  impl.RoleInfo (RoleInfo.java:shutdownFollowerState(110)) - e073a1c5-1734-4c1f-8e4b-400896f1077e: shutdown e073a1c5-1734-4c1f-8e4b-400896f1077e@group-3F5B260AE0F1-FollowerState
2023-01-26 20:33:08,138 [grpc-default-executor-0] INFO  impl.RoleInfo (RoleInfo.java:updateAndGet(139)) - e073a1c5-1734-4c1f-8e4b-400896f1077e: start e073a1c5-1734-4c1f-8e4b-400896f1077e@group-3F5B260AE0F1-FollowerState
2023-01-26 20:33:08,138 [e073a1c5-1734-4c1f-8e4b-400896f1077e@group-3F5B260AE0F1-FollowerState] INFO  impl.FollowerState (FollowerState.java:run(152)) - e073a1c5-1734-4c1f-8e4b-400896f1077e@group-3F5B260AE0F1-FollowerState was interrupted
2023-01-26 20:33:08,141 [grpc-default-executor-0] INFO  server.RaftServer$Division (RaftServerImpl.java:requestVote(1251)) - e073a1c5-1734-4c1f-8e4b-400896f1077e@group-3F5B260AE0F1 replies to ELECTION vote request: 1d22b7d2-31db-4af8-bf0c-5577da68ec36<-e073a1c5-1734-4c1f-8e4b-400896f1077e#0:OK-t1. Peer's state: e073a1c5-1734-4c1f-8e4b-400896f1077e@group-3F5B260AE0F1:t1, leader=null, voted=1d22b7d2-31db-4af8-bf0c-5577da68ec36, raftlog=Memoized:e073a1c5-1734-4c1f-8e4b-400896f1077e@group-3F5B260AE0F1-SegmentedRaftLog:OPENED:c-1, conf=-1: peers:[1d22b7d2-31db-4af8-bf0c-5577da68ec36|rpc:10.1.0.15:38533|dataStream:10.1.0.15:42409|priority:0|startupRole:FOLLOWER, e073a1c5-1734-4c1f-8e4b-400896f1077e|rpc:10.1.0.15:44293|dataStream:10.1.0.15:37283|priority:0|startupRole:FOLLOWER, 2950c1a1-45bf-4864-9732-08ad567daa78|rpc:10.1.0.15:41507|dataStream:10.1.0.15:46779|priority:1|startupRole:FOLLOWER]|listeners:[], old=null
2023-01-26 20:33:08,141 [grpc-default-executor-1] INFO  server.RaftServer$Division (RaftServerImpl.java:requestVote(1218)) - 2950c1a1-45bf-4864-9732-08ad567daa78@group-3F5B260AE0F1: receive requestVote(ELECTION, 1d22b7d2-31db-4af8-bf0c-5577da68ec36, group-3F5B260AE0F1, 1, (t:0, i:0))
2023-01-26 20:33:08,141 [grpc-default-executor-1] INFO  impl.VoteContext (VoteContext.java:log(49)) - 2950c1a1-45bf-4864-9732-08ad567daa78@group-3F5B260AE0F1-FOLLOWER: reject ELECTION from 1d22b7d2-31db-4af8-bf0c-5577da68ec36: our priority 1 > candidate's priority 0
2023-01-26 20:33:08,141 [grpc-default-executor-1] INFO  server.RaftServer$Division (RaftServerImpl.java:setRole(321)) - 2950c1a1-45bf-4864-9732-08ad567daa78@group-3F5B260AE0F1: changes role from  FOLLOWER to FOLLOWER at term 1 for candidate:1d22b7d2-31db-4af8-bf0c-5577da68ec36
2023-01-26 20:33:08,142 [grpc-default-executor-1] INFO  impl.RoleInfo (RoleInfo.java:shutdownFollowerState(110)) - 2950c1a1-45bf-4864-9732-08ad567daa78: shutdown 2950c1a1-45bf-4864-9732-08ad567daa78@group-3F5B260AE0F1-FollowerState
2023-01-26 20:33:08,142 [e073a1c5-1734-4c1f-8e4b-400896f1077e@group-3F5B260AE0F1-FollowerState] INFO  server.RaftServerConfigKeys (ConfUtils.java:logFallback(53)) - raft.server.rpc.first-election.timeout.min = 5s (fallback to raft.server.rpc.timeout.min)
2023-01-26 20:33:08,142 [e073a1c5-1734-4c1f-8e4b-400896f1077e@group-3F5B260AE0F1-FollowerState] INFO  server.RaftServerConfigKeys (ConfUtils.java:logFallback(53)) - raft.server.rpc.first-election.timeout.max = 5200ms (fallback to raft.server.rpc.timeout.max)
2023-01-26 20:33:08,142 [2950c1a1-45bf-4864-9732-08ad567daa78@group-3F5B260AE0F1-FollowerState] INFO  impl.FollowerState (FollowerState.java:run(152)) - 2950c1a1-45bf-4864-9732-08ad567daa78@group-3F5B260AE0F1-FollowerState was interrupted
2023-01-26 20:33:08,142 [grpc-default-executor-1] INFO  impl.RoleInfo (RoleInfo.java:updateAndGet(139)) - 2950c1a1-45bf-4864-9732-08ad567daa78: start 2950c1a1-45bf-4864-9732-08ad567daa78@group-3F5B260AE0F1-FollowerState
2023-01-26 20:33:08,150 [2950c1a1-45bf-4864-9732-08ad567daa78@group-3F5B260AE0F1-FollowerState] INFO  server.RaftServerConfigKeys (ConfUtils.java:logFallback(53)) - raft.server.rpc.first-election.timeout.min = 5s (fallback to raft.server.rpc.timeout.min)
2023-01-26 20:33:08,150 [2950c1a1-45bf-4864-9732-08ad567daa78@group-3F5B260AE0F1-FollowerState] INFO  server.RaftServerConfigKeys (ConfUtils.java:logFallback(53)) - raft.server.rpc.first-election.timeout.max = 5200ms (fallback to raft.server.rpc.timeout.max)
2023-01-26 20:33:08,152 [grpc-default-executor-1] INFO  server.RaftServer$Division (RaftServerImpl.java:requestVote(1251)) - 2950c1a1-45bf-4864-9732-08ad567daa78@group-3F5B260AE0F1 replies to ELECTION vote request: 1d22b7d2-31db-4af8-bf0c-5577da68ec36<-2950c1a1-45bf-4864-9732-08ad567daa78#0:FAIL-t1. Peer's state: 2950c1a1-45bf-4864-9732-08ad567daa78@group-3F5B260AE0F1:t1, leader=null, voted=null, raftlog=Memoized:2950c1a1-45bf-4864-9732-08ad567daa78@group-3F5B260AE0F1-SegmentedRaftLog:OPENED:c-1, conf=-1: peers:[1d22b7d2-31db-4af8-bf0c-5577da68ec36|rpc:10.1.0.15:38533|dataStream:10.1.0.15:42409|priority:0|startupRole:FOLLOWER, e073a1c5-1734-4c1f-8e4b-400896f1077e|rpc:10.1.0.15:44293|dataStream:10.1.0.15:37283|priority:0|startupRole:FOLLOWER, 2950c1a1-45bf-4864-9732-08ad567daa78|rpc:10.1.0.15:41507|dataStream:10.1.0.15:46779|priority:1|startupRole:FOLLOWER]|listeners:[], old=null
2023-01-26 20:33:08,153 [1d22b7d2-31db-4af8-bf0c-5577da68ec36@group-3F5B260AE0F1-LeaderElection42] INFO  impl.LeaderElection (LeaderElection.java:logAndReturn(90)) - 1d22b7d2-31db-4af8-bf0c-5577da68ec36@group-3F5B260AE0F1-LeaderElection42: ELECTION REJECTED received 2 response(s) and 0 exception(s):
2023-01-26 20:33:08,153 [1d22b7d2-31db-4af8-bf0c-5577da68ec36@group-3F5B260AE0F1-LeaderElection42] INFO  impl.LeaderElection (LeaderElection.java:logAndReturn(94)) -   Response 0: 1d22b7d2-31db-4af8-bf0c-5577da68ec36<-e073a1c5-1734-4c1f-8e4b-400896f1077e#0:OK-t1
2023-01-26 20:33:08,153 [1d22b7d2-31db-4af8-bf0c-5577da68ec36@group-3F5B260AE0F1-LeaderElection42] INFO  impl.LeaderElection (LeaderElection.java:logAndReturn(94)) -   Response 1: 1d22b7d2-31db-4af8-bf0c-5577da68ec36<-2950c1a1-45bf-4864-9732-08ad567daa78#0:FAIL-t1
2023-01-26 20:33:08,154 [1d22b7d2-31db-4af8-bf0c-5577da68ec36@group-3F5B260AE0F1-LeaderElection42] INFO  impl.LeaderElection (LeaderElection.java:askForVotes(314)) - 1d22b7d2-31db-4af8-bf0c-5577da68ec36@group-3F5B260AE0F1-LeaderElection42 ELECTION round 0: result REJECTED
2023-01-26 20:33:08,154 [1d22b7d2-31db-4af8-bf0c-5577da68ec36@group-3F5B260AE0F1-LeaderElection42] INFO  server.RaftServer$Division (RaftServerImpl.java:setRole(321)) - 1d22b7d2-31db-4af8-bf0c-5577da68ec36@group-3F5B260AE0F1: changes role from CANDIDATE to FOLLOWER at term 1 for REJECTED
2023-01-26 20:33:08,154 [1d22b7d2-31db-4af8-bf0c-5577da68ec36@group-3F5B260AE0F1-LeaderElection42] INFO  impl.RoleInfo (RoleInfo.java:shutdownLeaderElection(130)) - 1d22b7d2-31db-4af8-bf0c-5577da68ec36: shutdown 1d22b7d2-31db-4af8-bf0c-5577da68ec36@group-3F5B260AE0F1-LeaderElection42
2023-01-26 20:33:08,154 [1d22b7d2-31db-4af8-bf0c-5577da68ec36@group-3F5B260AE0F1-LeaderElection42] INFO  impl.RoleInfo (RoleInfo.java:updateAndGet(139)) - 1d22b7d2-31db-4af8-bf0c-5577da68ec36: start 1d22b7d2-31db-4af8-bf0c-5577da68ec36@group-3F5B260AE0F1-FollowerState
2023-01-26 20:33:08,154 [1d22b7d2-31db-4af8-bf0c-5577da68ec36@group-3F5B260AE0F1-FollowerState] INFO  server.RaftServerConfigKeys (ConfUtils.java:logFallback(53)) - raft.server.rpc.first-election.timeout.min = 5s (fallback to raft.server.rpc.timeout.min)
2023-01-26 20:33:08,154 [1d22b7d2-31db-4af8-bf0c-5577da68ec36@group-3F5B260AE0F1-FollowerState] INFO  server.RaftServerConfigKeys (ConfUtils.java:logFallback(53)) - raft.server.rpc.first-election.timeout.max = 5200ms (fallback to raft.server.rpc.timeout.max)
2023-01-26 20:33:08,174 [1d22b7d2-31db-4af8-bf0c-5577da68ec36@group-54217E980832-FollowerState] INFO  impl.FollowerState (FollowerState.java:run(143)) - 1d22b7d2-31db-4af8-bf0c-5577da68ec36@group-54217E980832-FollowerState: change to CANDIDATE, lastRpcElapsedTime:5158507531ns, electionTimeout:5158ms
2023-01-26 20:33:08,174 [1d22b7d2-31db-4af8-bf0c-5577da68ec36@group-54217E980832-FollowerState] INFO  impl.RoleInfo (RoleInfo.java:shutdownFollowerState(110)) - 1d22b7d2-31db-4af8-bf0c-5577da68ec36: shutdown 1d22b7d2-31db-4af8-bf0c-5577da68ec36@group-54217E980832-FollowerState
2023-01-26 20:33:08,174 [1d22b7d2-31db-4af8-bf0c-5577da68ec36@group-54217E980832-FollowerState] INFO  server.RaftServer$Division (RaftServerImpl.java:setRole(321)) - 1d22b7d2-31db-4af8-bf0c-5577da68ec36@group-54217E980832: changes role from  FOLLOWER to CANDIDATE at term 0 for changeToCandidate
2023-01-26 20:33:08,175 [1d22b7d2-31db-4af8-bf0c-5577da68ec36@group-54217E980832-FollowerState] INFO  server.RaftServerConfigKeys (ConfUtils.java:logGet(46)) - raft.server.leaderelection.pre-vote = false (custom)
2023-01-26 20:33:08,175 [1d22b7d2-31db-4af8-bf0c-5577da68ec36@group-54217E980832-FollowerState] INFO  impl.RoleInfo (RoleInfo.java:updateAndGet(139)) - 1d22b7d2-31db-4af8-bf0c-5577da68ec36: start 1d22b7d2-31db-4af8-bf0c-5577da68ec36@group-54217E980832-LeaderElection43
2023-01-26 20:33:08,177 [1d22b7d2-31db-4af8-bf0c-5577da68ec36@group-54217E980832-LeaderElection43] INFO  impl.LeaderElection (LeaderElection.java:askForVotes(312)) - 1d22b7d2-31db-4af8-bf0c-5577da68ec36@group-54217E980832-LeaderElection43 ELECTION round 0: submit vote requests at term 1 for -1: peers:[1d22b7d2-31db-4af8-bf0c-5577da68ec36|rpc:10.1.0.15:38533|dataStream:10.1.0.15:42409|priority:1|startupRole:FOLLOWER]|listeners:[], old=null
2023-01-26 20:33:08,177 [1d22b7d2-31db-4af8-bf0c-5577da68ec36@group-54217E980832-LeaderElection43] INFO  impl.LeaderElection (LeaderElection.java:askForVotes(314)) - 1d22b7d2-31db-4af8-bf0c-5577da68ec36@group-54217E980832-LeaderElection43 ELECTION round 0: result PASSED (term=1)
2023-01-26 20:33:08,177 [1d22b7d2-31db-4af8-bf0c-5577da68ec36@group-54217E980832-LeaderElection43] INFO  impl.RoleInfo (RoleInfo.java:shutdownLeaderElection(130)) - 1d22b7d2-31db-4af8-bf0c-5577da68ec36: shutdown 1d22b7d2-31db-4af8-bf0c-5577da68ec36@group-54217E980832-LeaderElection43
2023-01-26 20:33:08,177 [1d22b7d2-31db-4af8-bf0c-5577da68ec36@group-54217E980832-LeaderElection43] INFO  server.RaftServer$Division (RaftServerImpl.java:setRole(321)) - 1d22b7d2-31db-4af8-bf0c-5577da68ec36@group-54217E980832: changes role from CANDIDATE to LEADER at term 1 for changeToLeader
2023-01-26 20:33:08,178 [1d22b7d2-31db-4af8-bf0c-5577da68ec36@group-54217E980832-LeaderElection43] INFO  ratis.XceiverServerRatis (XceiverServerRatis.java:handleLeaderChangedNotification(904)) - Leader change notification received for group: group-54217E980832 with new leaderId: 1d22b7d2-31db-4af8-bf0c-5577da68ec36
2023-01-26 20:33:08,178 [1d22b7d2-31db-4af8-bf0c-5577da68ec36@group-54217E980832-LeaderElection43] INFO  server.RaftServer$Division (ServerState.java:setLeader(313)) - 1d22b7d2-31db-4af8-bf0c-5577da68ec36@group-54217E980832: change Leader from null to 1d22b7d2-31db-4af8-bf0c-5577da68ec36 at term 1 for becomeLeader, leader elected after 5174ms
2023-01-26 20:33:08,178 [EventQueue-OpenPipelineForHealthyPipelineSafeModeRule] INFO  safemode.SCMSafeModeManager (HealthyPipelineSafeModeRule.java:process(137)) - SCM in safe mode. Healthy pipelines reported count is 0, required healthy pipeline reported count is 1
2023-01-26 20:33:08,179 [1d22b7d2-31db-4af8-bf0c-5577da68ec36@group-54217E980832-LeaderElection43] INFO  server.RaftServerConfigKeys (ConfUtils.java:logGet(46)) - raft.server.staging.catchup.gap = 1000 (default)
2023-01-26 20:33:08,179 [1d22b7d2-31db-4af8-bf0c-5577da68ec36@group-54217E980832-LeaderElection43] INFO  server.RaftServerConfigKeys (ConfUtils.java:logGet(46)) - raft.server.write.element-limit = 1024 (custom)
2023-01-26 20:33:08,179 [1d22b7d2-31db-4af8-bf0c-5577da68ec36@group-54217E980832-LeaderElection43] INFO  server.RaftServerConfigKeys (ConfUtils.java:logGet(46)) - raft.server.write.byte-limit = 1024 M (=1073741824) (custom)
2023-01-26 20:33:08,180 [1d22b7d2-31db-4af8-bf0c-5577da68ec36@group-54217E980832-LeaderElection43] INFO  server.RaftServerConfigKeys (ConfUtils.java:logGet(46)) - raft.server.watch.timeout = 180s (custom)
2023-01-26 20:33:08,180 [1d22b7d2-31db-4af8-bf0c-5577da68ec36@group-54217E980832-LeaderElection43] INFO  server.RaftServerConfigKeys (ConfUtils.java:logGet(46)) - raft.server.watch.timeout.denomination = 1s (default)
2023-01-26 20:33:08,180 [1d22b7d2-31db-4af8-bf0c-5577da68ec36@group-54217E980832-LeaderElection43] INFO  server.RaftServerConfigKeys (ConfUtils.java:logGet(46)) - raft.server.watch.element-limit = 65536 (default)
2023-01-26 20:33:08,180 [1d22b7d2-31db-4af8-bf0c-5577da68ec36@group-54217E980832-LeaderElection43] INFO  server.RaftServerConfigKeys (ConfUtils.java:logGet(46)) - raft.server.write.element-limit = 1024 (custom)
2023-01-26 20:33:08,180 [1d22b7d2-31db-4af8-bf0c-5577da68ec36@group-54217E980832-LeaderElection43] INFO  server.RaftServerConfigKeys (ConfUtils.java:logGet(46)) - raft.server.write.follower.gap.ratio.max = -1.0 (default)
2023-01-26 20:33:08,180 [1d22b7d2-31db-4af8-bf0c-5577da68ec36@group-54217E980832-LeaderElection43] INFO  impl.RoleInfo (RoleInfo.java:updateAndGet(139)) - 1d22b7d2-31db-4af8-bf0c-5577da68ec36: start 1d22b7d2-31db-4af8-bf0c-5577da68ec36@group-54217E980832-LeaderStateImpl
2023-01-26 20:33:08,180 [1d22b7d2-31db-4af8-bf0c-5577da68ec36@group-54217E980832-LeaderElection43] INFO  segmented.SegmentedRaftLogWorker (SegmentedRaftLogWorker.java:startLogSegment(452)) - 1d22b7d2-31db-4af8-bf0c-5577da68ec36@group-54217E980832-SegmentedRaftLogWorker: Starting segment from index:0
2023-01-26 20:33:08,181 [1d22b7d2-31db-4af8-bf0c-5577da68ec36@group-54217E980832-SegmentedRaftLogWorker] INFO  segmented.SegmentedRaftLogWorker (SegmentedRaftLogWorker.java:execute(656)) - 1d22b7d2-31db-4af8-bf0c-5577da68ec36@group-54217E980832-SegmentedRaftLogWorker: created new log segment /home/runner/work/ozone/ozone/hadoop-ozone/integration-test/target/test-dir/MiniOzoneClusterImpl-ced6b6c1-d1ae-4b41-aa13-dfc1f6c7b229/datanode-0/data/ratis/527b9485-1599-44b4-ab1d-54217e980832/current/log_inprogress_0
2023-01-26 20:33:08,181 [1d22b7d2-31db-4af8-bf0c-5577da68ec36@group-54217E980832-LeaderElection43] INFO  server.RaftServer$Division (ServerState.java:setRaftConf(430)) - 1d22b7d2-31db-4af8-bf0c-5577da68ec36@group-54217E980832: set configuration 0: peers:[1d22b7d2-31db-4af8-bf0c-5577da68ec36|rpc:10.1.0.15:38533|dataStream:10.1.0.15:42409|priority:1|startupRole:FOLLOWER]|listeners:[], old=null
2023-01-26 20:33:08,214 [Listener at 127.0.0.1/35105] INFO  ozone.MiniOzoneClusterImpl (MiniOzoneClusterImpl.java:lambda$waitForClusterToBeReady$0(218)) - Nodes are ready. Got 5 of 5 DN Heartbeats.
2023-01-26 20:33:08,214 [Listener at 127.0.0.1/35105] INFO  ozone.MiniOzoneClusterImpl (MiniOzoneClusterImpl.java:lambda$waitForClusterToBeReady$0(221)) - Waiting for cluster to exit safe mode
2023-01-26 20:33:08,214 [Listener at 127.0.0.1/35105] INFO  ozone.MiniOzoneClusterImpl (MiniOzoneClusterImpl.java:lambda$waitForClusterToBeReady$0(223)) - SCM became leader
2023-01-26 20:33:08,231 [2950c1a1-45bf-4864-9732-08ad567daa78@group-5654D82E323F-FollowerState] INFO  impl.FollowerState (FollowerState.java:run(143)) - 2950c1a1-45bf-4864-9732-08ad567daa78@group-5654D82E323F-FollowerState: change to CANDIDATE, lastRpcElapsedTime:5054539244ns, electionTimeout:5054ms
2023-01-26 20:33:08,231 [2950c1a1-45bf-4864-9732-08ad567daa78@group-5654D82E323F-FollowerState] INFO  impl.RoleInfo (RoleInfo.java:shutdownFollowerState(110)) - 2950c1a1-45bf-4864-9732-08ad567daa78: shutdown 2950c1a1-45bf-4864-9732-08ad567daa78@group-5654D82E323F-FollowerState
2023-01-26 20:33:08,231 [2950c1a1-45bf-4864-9732-08ad567daa78@group-5654D82E323F-FollowerState] INFO  server.RaftServer$Division (RaftServerImpl.java:setRole(321)) - 2950c1a1-45bf-4864-9732-08ad567daa78@group-5654D82E323F: changes role from  FOLLOWER to CANDIDATE at term 0 for changeToCandidate
2023-01-26 20:33:08,231 [2950c1a1-45bf-4864-9732-08ad567daa78@group-5654D82E323F-FollowerState] INFO  server.RaftServerConfigKeys (ConfUtils.java:logGet(46)) - raft.server.leaderelection.pre-vote = false (custom)
2023-01-26 20:33:08,232 [2950c1a1-45bf-4864-9732-08ad567daa78@group-5654D82E323F-FollowerState] INFO  impl.RoleInfo (RoleInfo.java:updateAndGet(139)) - 2950c1a1-45bf-4864-9732-08ad567daa78: start 2950c1a1-45bf-4864-9732-08ad567daa78@group-5654D82E323F-LeaderElection44
2023-01-26 20:33:08,240 [2950c1a1-45bf-4864-9732-08ad567daa78@group-5654D82E323F-LeaderElection44] INFO  impl.LeaderElection (LeaderElection.java:askForVotes(312)) - 2950c1a1-45bf-4864-9732-08ad567daa78@group-5654D82E323F-LeaderElection44 ELECTION round 0: submit vote requests at term 1 for -1: peers:[1d22b7d2-31db-4af8-bf0c-5577da68ec36|rpc:10.1.0.15:38533|dataStream:10.1.0.15:42409|priority:0|startupRole:FOLLOWER, e073a1c5-1734-4c1f-8e4b-400896f1077e|rpc:10.1.0.15:44293|dataStream:10.1.0.15:37283|priority:1|startupRole:FOLLOWER, 2950c1a1-45bf-4864-9732-08ad567daa78|rpc:10.1.0.15:41507|dataStream:10.1.0.15:46779|priority:0|startupRole:FOLLOWER]|listeners:[], old=null
2023-01-26 20:33:08,240 [2950c1a1-45bf-4864-9732-08ad567daa78@group-5654D82E323F-LeaderElection44] INFO  server.RaftServerConfigKeys (ConfUtils.java:logFallback(53)) - raft.server.rpc.first-election.timeout.min = 5s (fallback to raft.server.rpc.timeout.min)
2023-01-26 20:33:08,240 [2950c1a1-45bf-4864-9732-08ad567daa78@group-5654D82E323F-LeaderElection44-1] INFO  server.GrpcServerProtocolClient (GrpcServerProtocolClient.java:<init>(63)) - Build channel for 1d22b7d2-31db-4af8-bf0c-5577da68ec36
2023-01-26 20:33:08,241 [2950c1a1-45bf-4864-9732-08ad567daa78@group-5654D82E323F-LeaderElection44] INFO  server.RaftServerConfigKeys (ConfUtils.java:logFallback(53)) - raft.server.rpc.first-election.timeout.max = 5200ms (fallback to raft.server.rpc.timeout.max)
2023-01-26 20:33:08,241 [2950c1a1-45bf-4864-9732-08ad567daa78@group-5654D82E323F-LeaderElection44-2] INFO  server.GrpcServerProtocolClient (GrpcServerProtocolClient.java:<init>(63)) - Build channel for e073a1c5-1734-4c1f-8e4b-400896f1077e
2023-01-26 20:33:08,252 [grpc-default-executor-1] INFO  server.RaftServer$Division (RaftServerImpl.java:requestVote(1218)) - e073a1c5-1734-4c1f-8e4b-400896f1077e@group-5654D82E323F: receive requestVote(ELECTION, 2950c1a1-45bf-4864-9732-08ad567daa78, group-5654D82E323F, 1, (t:0, i:0))
2023-01-26 20:33:08,252 [grpc-default-executor-1] INFO  impl.VoteContext (VoteContext.java:log(49)) - e073a1c5-1734-4c1f-8e4b-400896f1077e@group-5654D82E323F-FOLLOWER: reject ELECTION from 2950c1a1-45bf-4864-9732-08ad567daa78: our priority 1 > candidate's priority 0
2023-01-26 20:33:08,252 [grpc-default-executor-1] INFO  server.RaftServer$Division (RaftServerImpl.java:setRole(321)) - e073a1c5-1734-4c1f-8e4b-400896f1077e@group-5654D82E323F: changes role from  FOLLOWER to FOLLOWER at term 1 for candidate:2950c1a1-45bf-4864-9732-08ad567daa78
2023-01-26 20:33:08,252 [grpc-default-executor-1] INFO  impl.RoleInfo (RoleInfo.java:shutdownFollowerState(110)) - e073a1c5-1734-4c1f-8e4b-400896f1077e: shutdown e073a1c5-1734-4c1f-8e4b-400896f1077e@group-5654D82E323F-FollowerState
2023-01-26 20:33:08,252 [grpc-default-executor-1] INFO  impl.RoleInfo (RoleInfo.java:updateAndGet(139)) - e073a1c5-1734-4c1f-8e4b-400896f1077e: start e073a1c5-1734-4c1f-8e4b-400896f1077e@group-5654D82E323F-FollowerState
2023-01-26 20:33:08,252 [e073a1c5-1734-4c1f-8e4b-400896f1077e@group-5654D82E323F-FollowerState] INFO  impl.FollowerState (FollowerState.java:run(152)) - e073a1c5-1734-4c1f-8e4b-400896f1077e@group-5654D82E323F-FollowerState was interrupted
2023-01-26 20:33:08,255 [grpc-default-executor-1] INFO  server.RaftServer$Division (RaftServerImpl.java:requestVote(1251)) - e073a1c5-1734-4c1f-8e4b-400896f1077e@group-5654D82E323F replies to ELECTION vote request: 2950c1a1-45bf-4864-9732-08ad567daa78<-e073a1c5-1734-4c1f-8e4b-400896f1077e#0:FAIL-t1. Peer's state: e073a1c5-1734-4c1f-8e4b-400896f1077e@group-5654D82E323F:t1, leader=null, voted=null, raftlog=Memoized:e073a1c5-1734-4c1f-8e4b-400896f1077e@group-5654D82E323F-SegmentedRaftLog:OPENED:c-1, conf=-1: peers:[1d22b7d2-31db-4af8-bf0c-5577da68ec36|rpc:10.1.0.15:38533|dataStream:10.1.0.15:42409|priority:0|startupRole:FOLLOWER, e073a1c5-1734-4c1f-8e4b-400896f1077e|rpc:10.1.0.15:44293|dataStream:10.1.0.15:37283|priority:1|startupRole:FOLLOWER, 2950c1a1-45bf-4864-9732-08ad567daa78|rpc:10.1.0.15:41507|dataStream:10.1.0.15:46779|priority:0|startupRole:FOLLOWER]|listeners:[], old=null
2023-01-26 20:33:08,256 [2950c1a1-45bf-4864-9732-08ad567daa78@group-5654D82E323F-LeaderElection44] INFO  impl.LeaderElection (LeaderElection.java:logAndReturn(90)) - 2950c1a1-45bf-4864-9732-08ad567daa78@group-5654D82E323F-LeaderElection44: ELECTION REJECTED received 1 response(s) and 0 exception(s):
2023-01-26 20:33:08,256 [2950c1a1-45bf-4864-9732-08ad567daa78@group-5654D82E323F-LeaderElection44] INFO  impl.LeaderElection (LeaderElection.java:logAndReturn(94)) -   Response 0: 2950c1a1-45bf-4864-9732-08ad567daa78<-e073a1c5-1734-4c1f-8e4b-400896f1077e#0:FAIL-t1
2023-01-26 20:33:08,256 [2950c1a1-45bf-4864-9732-08ad567daa78@group-5654D82E323F-LeaderElection44] INFO  impl.LeaderElection (LeaderElection.java:askForVotes(314)) - 2950c1a1-45bf-4864-9732-08ad567daa78@group-5654D82E323F-LeaderElection44 ELECTION round 0: result REJECTED
2023-01-26 20:33:08,256 [2950c1a1-45bf-4864-9732-08ad567daa78@group-5654D82E323F-LeaderElection44] INFO  server.RaftServer$Division (RaftServerImpl.java:setRole(321)) - 2950c1a1-45bf-4864-9732-08ad567daa78@group-5654D82E323F: changes role from CANDIDATE to FOLLOWER at term 1 for REJECTED
2023-01-26 20:33:08,256 [2950c1a1-45bf-4864-9732-08ad567daa78@group-5654D82E323F-LeaderElection44] INFO  impl.RoleInfo (RoleInfo.java:shutdownLeaderElection(130)) - 2950c1a1-45bf-4864-9732-08ad567daa78: shutdown 2950c1a1-45bf-4864-9732-08ad567daa78@group-5654D82E323F-LeaderElection44
2023-01-26 20:33:08,256 [2950c1a1-45bf-4864-9732-08ad567daa78@group-5654D82E323F-LeaderElection44] INFO  impl.RoleInfo (RoleInfo.java:updateAndGet(139)) - 2950c1a1-45bf-4864-9732-08ad567daa78: start 2950c1a1-45bf-4864-9732-08ad567daa78@group-5654D82E323F-FollowerState
2023-01-26 20:33:08,257 [e073a1c5-1734-4c1f-8e4b-400896f1077e@group-5654D82E323F-FollowerState] INFO  server.RaftServerConfigKeys (ConfUtils.java:logFallback(53)) - raft.server.rpc.first-election.timeout.min = 5s (fallback to raft.server.rpc.timeout.min)
2023-01-26 20:33:08,257 [e073a1c5-1734-4c1f-8e4b-400896f1077e@group-5654D82E323F-FollowerState] INFO  server.RaftServerConfigKeys (ConfUtils.java:logFallback(53)) - raft.server.rpc.first-election.timeout.max = 5200ms (fallback to raft.server.rpc.timeout.max)
2023-01-26 20:33:08,257 [2950c1a1-45bf-4864-9732-08ad567daa78@group-5654D82E323F-FollowerState] INFO  server.RaftServerConfigKeys (ConfUtils.java:logFallback(53)) - raft.server.rpc.first-election.timeout.min = 5s (fallback to raft.server.rpc.timeout.min)
2023-01-26 20:33:08,257 [grpc-default-executor-0] INFO  server.RaftServer$Division (RaftServerImpl.java:requestVote(1218)) - 1d22b7d2-31db-4af8-bf0c-5577da68ec36@group-5654D82E323F: receive requestVote(ELECTION, 2950c1a1-45bf-4864-9732-08ad567daa78, group-5654D82E323F, 1, (t:0, i:0))
2023-01-26 20:33:08,258 [2950c1a1-45bf-4864-9732-08ad567daa78@group-5654D82E323F-FollowerState] INFO  server.RaftServerConfigKeys (ConfUtils.java:logFallback(53)) - raft.server.rpc.first-election.timeout.max = 5200ms (fallback to raft.server.rpc.timeout.max)
2023-01-26 20:33:08,258 [grpc-default-executor-0] INFO  impl.VoteContext (VoteContext.java:log(49)) - 1d22b7d2-31db-4af8-bf0c-5577da68ec36@group-5654D82E323F-FOLLOWER: accept ELECTION from 2950c1a1-45bf-4864-9732-08ad567daa78: our priority 0 <= candidate's priority 0
2023-01-26 20:33:08,258 [grpc-default-executor-0] INFO  server.RaftServer$Division (RaftServerImpl.java:setRole(321)) - 1d22b7d2-31db-4af8-bf0c-5577da68ec36@group-5654D82E323F: changes role from  FOLLOWER to FOLLOWER at term 1 for candidate:2950c1a1-45bf-4864-9732-08ad567daa78
2023-01-26 20:33:08,258 [grpc-default-executor-0] INFO  impl.RoleInfo (RoleInfo.java:shutdownFollowerState(110)) - 1d22b7d2-31db-4af8-bf0c-5577da68ec36: shutdown 1d22b7d2-31db-4af8-bf0c-5577da68ec36@group-5654D82E323F-FollowerState
2023-01-26 20:33:08,258 [grpc-default-executor-0] INFO  impl.RoleInfo (RoleInfo.java:updateAndGet(139)) - 1d22b7d2-31db-4af8-bf0c-5577da68ec36: start 1d22b7d2-31db-4af8-bf0c-5577da68ec36@group-5654D82E323F-FollowerState
2023-01-26 20:33:08,258 [1d22b7d2-31db-4af8-bf0c-5577da68ec36@group-5654D82E323F-FollowerState] INFO  impl.FollowerState (FollowerState.java:run(152)) - 1d22b7d2-31db-4af8-bf0c-5577da68ec36@group-5654D82E323F-FollowerState was interrupted
2023-01-26 20:33:08,261 [1d22b7d2-31db-4af8-bf0c-5577da68ec36@group-5654D82E323F-FollowerState] INFO  server.RaftServerConfigKeys (ConfUtils.java:logFallback(53)) - raft.server.rpc.first-election.timeout.min = 5s (fallback to raft.server.rpc.timeout.min)
2023-01-26 20:33:08,261 [1d22b7d2-31db-4af8-bf0c-5577da68ec36@group-5654D82E323F-FollowerState] INFO  server.RaftServerConfigKeys (ConfUtils.java:logFallback(53)) - raft.server.rpc.first-election.timeout.max = 5200ms (fallback to raft.server.rpc.timeout.max)
2023-01-26 20:33:08,262 [grpc-default-executor-0] INFO  server.RaftServer$Division (RaftServerImpl.java:requestVote(1251)) - 1d22b7d2-31db-4af8-bf0c-5577da68ec36@group-5654D82E323F replies to ELECTION vote request: 2950c1a1-45bf-4864-9732-08ad567daa78<-1d22b7d2-31db-4af8-bf0c-5577da68ec36#0:OK-t1. Peer's state: 1d22b7d2-31db-4af8-bf0c-5577da68ec36@group-5654D82E323F:t1, leader=null, voted=2950c1a1-45bf-4864-9732-08ad567daa78, raftlog=Memoized:1d22b7d2-31db-4af8-bf0c-5577da68ec36@group-5654D82E323F-SegmentedRaftLog:OPENED:c-1, conf=-1: peers:[1d22b7d2-31db-4af8-bf0c-5577da68ec36|rpc:10.1.0.15:38533|dataStream:10.1.0.15:42409|priority:0|startupRole:FOLLOWER, e073a1c5-1734-4c1f-8e4b-400896f1077e|rpc:10.1.0.15:44293|dataStream:10.1.0.15:37283|priority:1|startupRole:FOLLOWER, 2950c1a1-45bf-4864-9732-08ad567daa78|rpc:10.1.0.15:41507|dataStream:10.1.0.15:46779|priority:0|startupRole:FOLLOWER]|listeners:[], old=null
2023-01-26 20:33:08,468 [2950c1a1-45bf-4864-9732-08ad567daa78@group-6F7BADA06E51-FollowerState] INFO  impl.FollowerState (FollowerState.java:run(143)) - 2950c1a1-45bf-4864-9732-08ad567daa78@group-6F7BADA06E51-FollowerState: change to CANDIDATE, lastRpcElapsedTime:5160032768ns, electionTimeout:5149ms
2023-01-26 20:33:08,468 [2950c1a1-45bf-4864-9732-08ad567daa78@group-6F7BADA06E51-FollowerState] INFO  impl.RoleInfo (RoleInfo.java:shutdownFollowerState(110)) - 2950c1a1-45bf-4864-9732-08ad567daa78: shutdown 2950c1a1-45bf-4864-9732-08ad567daa78@group-6F7BADA06E51-FollowerState
2023-01-26 20:33:08,468 [2950c1a1-45bf-4864-9732-08ad567daa78@group-6F7BADA06E51-FollowerState] INFO  server.RaftServer$Division (RaftServerImpl.java:setRole(321)) - 2950c1a1-45bf-4864-9732-08ad567daa78@group-6F7BADA06E51: changes role from  FOLLOWER to CANDIDATE at term 0 for changeToCandidate
2023-01-26 20:33:08,468 [2950c1a1-45bf-4864-9732-08ad567daa78@group-6F7BADA06E51-FollowerState] INFO  server.RaftServerConfigKeys (ConfUtils.java:logGet(46)) - raft.server.leaderelection.pre-vote = false (custom)
2023-01-26 20:33:08,468 [2950c1a1-45bf-4864-9732-08ad567daa78@group-6F7BADA06E51-FollowerState] INFO  impl.RoleInfo (RoleInfo.java:updateAndGet(139)) - 2950c1a1-45bf-4864-9732-08ad567daa78: start 2950c1a1-45bf-4864-9732-08ad567daa78@group-6F7BADA06E51-LeaderElection45
2023-01-26 20:33:08,472 [2950c1a1-45bf-4864-9732-08ad567daa78@group-6F7BADA06E51-LeaderElection45] INFO  impl.LeaderElection (LeaderElection.java:askForVotes(312)) - 2950c1a1-45bf-4864-9732-08ad567daa78@group-6F7BADA06E51-LeaderElection45 ELECTION round 0: submit vote requests at term 1 for -1: peers:[2950c1a1-45bf-4864-9732-08ad567daa78|rpc:10.1.0.15:41507|dataStream:10.1.0.15:46779|priority:1|startupRole:FOLLOWER]|listeners:[], old=null
2023-01-26 20:33:08,472 [2950c1a1-45bf-4864-9732-08ad567daa78@group-6F7BADA06E51-LeaderElection45] INFO  impl.LeaderElection (LeaderElection.java:askForVotes(314)) - 2950c1a1-45bf-4864-9732-08ad567daa78@group-6F7BADA06E51-LeaderElection45 ELECTION round 0: result PASSED (term=1)
2023-01-26 20:33:08,472 [2950c1a1-45bf-4864-9732-08ad567daa78@group-6F7BADA06E51-LeaderElection45] INFO  impl.RoleInfo (RoleInfo.java:shutdownLeaderElection(130)) - 2950c1a1-45bf-4864-9732-08ad567daa78: shutdown 2950c1a1-45bf-4864-9732-08ad567daa78@group-6F7BADA06E51-LeaderElection45
2023-01-26 20:33:08,472 [2950c1a1-45bf-4864-9732-08ad567daa78@group-6F7BADA06E51-LeaderElection45] INFO  server.RaftServer$Division (RaftServerImpl.java:setRole(321)) - 2950c1a1-45bf-4864-9732-08ad567daa78@group-6F7BADA06E51: changes role from CANDIDATE to LEADER at term 1 for changeToLeader
2023-01-26 20:33:08,472 [2950c1a1-45bf-4864-9732-08ad567daa78@group-6F7BADA06E51-LeaderElection45] INFO  ratis.XceiverServerRatis (XceiverServerRatis.java:handleLeaderChangedNotification(904)) - Leader change notification received for group: group-6F7BADA06E51 with new leaderId: 2950c1a1-45bf-4864-9732-08ad567daa78
2023-01-26 20:33:08,472 [2950c1a1-45bf-4864-9732-08ad567daa78@group-6F7BADA06E51-LeaderElection45] INFO  server.RaftServer$Division (ServerState.java:setLeader(313)) - 2950c1a1-45bf-4864-9732-08ad567daa78@group-6F7BADA06E51: change Leader from null to 2950c1a1-45bf-4864-9732-08ad567daa78 at term 1 for becomeLeader, leader elected after 5178ms
2023-01-26 20:33:08,472 [2950c1a1-45bf-4864-9732-08ad567daa78@group-6F7BADA06E51-LeaderElection45] INFO  server.RaftServerConfigKeys (ConfUtils.java:logGet(46)) - raft.server.staging.catchup.gap = 1000 (default)
2023-01-26 20:33:08,473 [2950c1a1-45bf-4864-9732-08ad567daa78@group-6F7BADA06E51-LeaderElection45] INFO  server.RaftServerConfigKeys (ConfUtils.java:logGet(46)) - raft.server.write.element-limit = 1024 (custom)
2023-01-26 20:33:08,473 [2950c1a1-45bf-4864-9732-08ad567daa78@group-6F7BADA06E51-LeaderElection45] INFO  server.RaftServerConfigKeys (ConfUtils.java:logGet(46)) - raft.server.write.byte-limit = 1024 M (=1073741824) (custom)
2023-01-26 20:33:08,473 [2950c1a1-45bf-4864-9732-08ad567daa78@group-6F7BADA06E51-LeaderElection45] INFO  server.RaftServerConfigKeys (ConfUtils.java:logGet(46)) - raft.server.watch.timeout = 180s (custom)
2023-01-26 20:33:08,473 [2950c1a1-45bf-4864-9732-08ad567daa78@group-6F7BADA06E51-LeaderElection45] INFO  server.RaftServerConfigKeys (ConfUtils.java:logGet(46)) - raft.server.watch.timeout.denomination = 1s (default)
2023-01-26 20:33:08,473 [EventQueue-OpenPipelineForHealthyPipelineSafeModeRule] INFO  safemode.SCMSafeModeManager (HealthyPipelineSafeModeRule.java:process(137)) - SCM in safe mode. Healthy pipelines reported count is 0, required healthy pipeline reported count is 1
2023-01-26 20:33:08,473 [2950c1a1-45bf-4864-9732-08ad567daa78@group-6F7BADA06E51-LeaderElection45] INFO  server.RaftServerConfigKeys (ConfUtils.java:logGet(46)) - raft.server.watch.element-limit = 65536 (default)
2023-01-26 20:33:08,473 [2950c1a1-45bf-4864-9732-08ad567daa78@group-6F7BADA06E51-LeaderElection45] INFO  server.RaftServerConfigKeys (ConfUtils.java:logGet(46)) - raft.server.write.element-limit = 1024 (custom)
2023-01-26 20:33:08,473 [2950c1a1-45bf-4864-9732-08ad567daa78@group-6F7BADA06E51-LeaderElection45] INFO  server.RaftServerConfigKeys (ConfUtils.java:logGet(46)) - raft.server.write.follower.gap.ratio.max = -1.0 (default)
2023-01-26 20:33:08,473 [2950c1a1-45bf-4864-9732-08ad567daa78@group-6F7BADA06E51-LeaderElection45] INFO  impl.RoleInfo (RoleInfo.java:updateAndGet(139)) - 2950c1a1-45bf-4864-9732-08ad567daa78: start 2950c1a1-45bf-4864-9732-08ad567daa78@group-6F7BADA06E51-LeaderStateImpl
2023-01-26 20:33:08,474 [2950c1a1-45bf-4864-9732-08ad567daa78@group-6F7BADA06E51-LeaderElection45] INFO  segmented.SegmentedRaftLogWorker (SegmentedRaftLogWorker.java:startLogSegment(452)) - 2950c1a1-45bf-4864-9732-08ad567daa78@group-6F7BADA06E51-SegmentedRaftLogWorker: Starting segment from index:0
2023-01-26 20:33:08,477 [2950c1a1-45bf-4864-9732-08ad567daa78@group-6F7BADA06E51-SegmentedRaftLogWorker] INFO  segmented.SegmentedRaftLogWorker (SegmentedRaftLogWorker.java:execute(656)) - 2950c1a1-45bf-4864-9732-08ad567daa78@group-6F7BADA06E51-SegmentedRaftLogWorker: created new log segment /home/runner/work/ozone/ozone/hadoop-ozone/integration-test/target/test-dir/MiniOzoneClusterImpl-ced6b6c1-d1ae-4b41-aa13-dfc1f6c7b229/datanode-1/data/ratis/4a68c732-bec9-4bed-8280-6f7bada06e51/current/log_inprogress_0
2023-01-26 20:33:08,477 [2950c1a1-45bf-4864-9732-08ad567daa78@group-6F7BADA06E51-LeaderElection45] INFO  server.RaftServer$Division (ServerState.java:setRaftConf(430)) - 2950c1a1-45bf-4864-9732-08ad567daa78@group-6F7BADA06E51: set configuration 0: peers:[2950c1a1-45bf-4864-9732-08ad567daa78|rpc:10.1.0.15:41507|dataStream:10.1.0.15:46779|priority:1|startupRole:FOLLOWER]|listeners:[], old=null
2023-01-26 20:33:08,749 [e073a1c5-1734-4c1f-8e4b-400896f1077e@group-96215D19AD1F-FollowerState] INFO  impl.FollowerState (FollowerState.java:run(143)) - e073a1c5-1734-4c1f-8e4b-400896f1077e@group-96215D19AD1F-FollowerState: change to CANDIDATE, lastRpcElapsedTime:5148168252ns, electionTimeout:5147ms
2023-01-26 20:33:08,749 [e073a1c5-1734-4c1f-8e4b-400896f1077e@group-96215D19AD1F-FollowerState] INFO  impl.RoleInfo (RoleInfo.java:shutdownFollowerState(110)) - e073a1c5-1734-4c1f-8e4b-400896f1077e: shutdown e073a1c5-1734-4c1f-8e4b-400896f1077e@group-96215D19AD1F-FollowerState
2023-01-26 20:33:08,750 [e073a1c5-1734-4c1f-8e4b-400896f1077e@group-96215D19AD1F-FollowerState] INFO  server.RaftServer$Division (RaftServerImpl.java:setRole(321)) - e073a1c5-1734-4c1f-8e4b-400896f1077e@group-96215D19AD1F: changes role from  FOLLOWER to CANDIDATE at term 0 for changeToCandidate
2023-01-26 20:33:08,750 [e073a1c5-1734-4c1f-8e4b-400896f1077e@group-96215D19AD1F-FollowerState] INFO  server.RaftServerConfigKeys (ConfUtils.java:logGet(46)) - raft.server.leaderelection.pre-vote = false (custom)
2023-01-26 20:33:08,750 [e073a1c5-1734-4c1f-8e4b-400896f1077e@group-96215D19AD1F-FollowerState] INFO  impl.RoleInfo (RoleInfo.java:updateAndGet(139)) - e073a1c5-1734-4c1f-8e4b-400896f1077e: start e073a1c5-1734-4c1f-8e4b-400896f1077e@group-96215D19AD1F-LeaderElection46
2023-01-26 20:33:08,755 [e073a1c5-1734-4c1f-8e4b-400896f1077e@group-96215D19AD1F-LeaderElection46] INFO  impl.LeaderElection (LeaderElection.java:askForVotes(312)) - e073a1c5-1734-4c1f-8e4b-400896f1077e@group-96215D19AD1F-LeaderElection46 ELECTION round 0: submit vote requests at term 1 for -1: peers:[e073a1c5-1734-4c1f-8e4b-400896f1077e|rpc:10.1.0.15:44293|dataStream:10.1.0.15:37283|priority:1|startupRole:FOLLOWER]|listeners:[], old=null
2023-01-26 20:33:08,755 [e073a1c5-1734-4c1f-8e4b-400896f1077e@group-96215D19AD1F-LeaderElection46] INFO  impl.LeaderElection (LeaderElection.java:askForVotes(314)) - e073a1c5-1734-4c1f-8e4b-400896f1077e@group-96215D19AD1F-LeaderElection46 ELECTION round 0: result PASSED (term=1)
2023-01-26 20:33:08,755 [e073a1c5-1734-4c1f-8e4b-400896f1077e@group-96215D19AD1F-LeaderElection46] INFO  impl.RoleInfo (RoleInfo.java:shutdownLeaderElection(130)) - e073a1c5-1734-4c1f-8e4b-400896f1077e: shutdown e073a1c5-1734-4c1f-8e4b-400896f1077e@group-96215D19AD1F-LeaderElection46
2023-01-26 20:33:08,755 [e073a1c5-1734-4c1f-8e4b-400896f1077e@group-96215D19AD1F-LeaderElection46] INFO  server.RaftServer$Division (RaftServerImpl.java:setRole(321)) - e073a1c5-1734-4c1f-8e4b-400896f1077e@group-96215D19AD1F: changes role from CANDIDATE to LEADER at term 1 for changeToLeader
2023-01-26 20:33:08,755 [e073a1c5-1734-4c1f-8e4b-400896f1077e@group-96215D19AD1F-LeaderElection46] INFO  ratis.XceiverServerRatis (XceiverServerRatis.java:handleLeaderChangedNotification(904)) - Leader change notification received for group: group-96215D19AD1F with new leaderId: e073a1c5-1734-4c1f-8e4b-400896f1077e
2023-01-26 20:33:08,755 [e073a1c5-1734-4c1f-8e4b-400896f1077e@group-96215D19AD1F-LeaderElection46] INFO  server.RaftServer$Division (ServerState.java:setLeader(313)) - e073a1c5-1734-4c1f-8e4b-400896f1077e@group-96215D19AD1F: change Leader from null to e073a1c5-1734-4c1f-8e4b-400896f1077e at term 1 for becomeLeader, leader elected after 5164ms
2023-01-26 20:33:08,755 [e073a1c5-1734-4c1f-8e4b-400896f1077e@group-96215D19AD1F-LeaderElection46] INFO  server.RaftServerConfigKeys (ConfUtils.java:logGet(46)) - raft.server.staging.catchup.gap = 1000 (default)
2023-01-26 20:33:08,756 [e073a1c5-1734-4c1f-8e4b-400896f1077e@group-96215D19AD1F-LeaderElection46] INFO  server.RaftServerConfigKeys (ConfUtils.java:logGet(46)) - raft.server.write.element-limit = 1024 (custom)
2023-01-26 20:33:08,756 [e073a1c5-1734-4c1f-8e4b-400896f1077e@group-96215D19AD1F-LeaderElection46] INFO  server.RaftServerConfigKeys (ConfUtils.java:logGet(46)) - raft.server.write.byte-limit = 1024 M (=1073741824) (custom)
2023-01-26 20:33:08,756 [e073a1c5-1734-4c1f-8e4b-400896f1077e@group-96215D19AD1F-LeaderElection46] INFO  server.RaftServerConfigKeys (ConfUtils.java:logGet(46)) - raft.server.watch.timeout = 180s (custom)
2023-01-26 20:33:08,756 [e073a1c5-1734-4c1f-8e4b-400896f1077e@group-96215D19AD1F-LeaderElection46] INFO  server.RaftServerConfigKeys (ConfUtils.java:logGet(46)) - raft.server.watch.timeout.denomination = 1s (default)
2023-01-26 20:33:08,757 [e073a1c5-1734-4c1f-8e4b-400896f1077e@group-96215D19AD1F-LeaderElection46] INFO  server.RaftServerConfigKeys (ConfUtils.java:logGet(46)) - raft.server.watch.element-limit = 65536 (default)
2023-01-26 20:33:08,757 [e073a1c5-1734-4c1f-8e4b-400896f1077e@group-96215D19AD1F-LeaderElection46] INFO  server.RaftServerConfigKeys (ConfUtils.java:logGet(46)) - raft.server.write.element-limit = 1024 (custom)
2023-01-26 20:33:08,757 [e073a1c5-1734-4c1f-8e4b-400896f1077e@group-96215D19AD1F-LeaderElection46] INFO  server.RaftServerConfigKeys (ConfUtils.java:logGet(46)) - raft.server.write.follower.gap.ratio.max = -1.0 (default)
2023-01-26 20:33:08,757 [e073a1c5-1734-4c1f-8e4b-400896f1077e@group-96215D19AD1F-LeaderElection46] INFO  impl.RoleInfo (RoleInfo.java:updateAndGet(139)) - e073a1c5-1734-4c1f-8e4b-400896f1077e: start e073a1c5-1734-4c1f-8e4b-400896f1077e@group-96215D19AD1F-LeaderStateImpl
2023-01-26 20:33:08,757 [e073a1c5-1734-4c1f-8e4b-400896f1077e@group-96215D19AD1F-LeaderElection46] INFO  segmented.SegmentedRaftLogWorker (SegmentedRaftLogWorker.java:startLogSegment(452)) - e073a1c5-1734-4c1f-8e4b-400896f1077e@group-96215D19AD1F-SegmentedRaftLogWorker: Starting segment from index:0
2023-01-26 20:33:08,761 [e073a1c5-1734-4c1f-8e4b-400896f1077e@group-96215D19AD1F-LeaderElection46] INFO  server.RaftServer$Division (ServerState.java:setRaftConf(430)) - e073a1c5-1734-4c1f-8e4b-400896f1077e@group-96215D19AD1F: set configuration 0: peers:[e073a1c5-1734-4c1f-8e4b-400896f1077e|rpc:10.1.0.15:44293|dataStream:10.1.0.15:37283|priority:1|startupRole:FOLLOWER]|listeners:[], old=null
2023-01-26 20:33:08,762 [EventQueue-OpenPipelineForHealthyPipelineSafeModeRule] INFO  safemode.SCMSafeModeManager (HealthyPipelineSafeModeRule.java:process(137)) - SCM in safe mode. Healthy pipelines reported count is 0, required healthy pipeline reported count is 1
2023-01-26 20:33:08,762 [e073a1c5-1734-4c1f-8e4b-400896f1077e@group-96215D19AD1F-SegmentedRaftLogWorker] INFO  segmented.SegmentedRaftLogWorker (SegmentedRaftLogWorker.java:execute(656)) - e073a1c5-1734-4c1f-8e4b-400896f1077e@group-96215D19AD1F-SegmentedRaftLogWorker: created new log segment /home/runner/work/ozone/ozone/hadoop-ozone/integration-test/target/test-dir/MiniOzoneClusterImpl-ced6b6c1-d1ae-4b41-aa13-dfc1f6c7b229/datanode-2/data/ratis/e42cfb44-c310-468e-8520-96215d19ad1f/current/log_inprogress_0
2023-01-26 20:33:08,958 [60a87c7d-8298-43e9-85a2-250658c19736@group-B26257A37DD8-FollowerState] INFO  impl.FollowerState (FollowerState.java:run(143)) - 60a87c7d-8298-43e9-85a2-250658c19736@group-B26257A37DD8-FollowerState: change to CANDIDATE, lastRpcElapsedTime:5026537975ns, electionTimeout:5026ms
2023-01-26 20:33:08,958 [60a87c7d-8298-43e9-85a2-250658c19736@group-B26257A37DD8-FollowerState] INFO  impl.RoleInfo (RoleInfo.java:shutdownFollowerState(110)) - 60a87c7d-8298-43e9-85a2-250658c19736: shutdown 60a87c7d-8298-43e9-85a2-250658c19736@group-B26257A37DD8-FollowerState
2023-01-26 20:33:08,958 [60a87c7d-8298-43e9-85a2-250658c19736@group-B26257A37DD8-FollowerState] INFO  server.RaftServer$Division (RaftServerImpl.java:setRole(321)) - 60a87c7d-8298-43e9-85a2-250658c19736@group-B26257A37DD8: changes role from  FOLLOWER to CANDIDATE at term 0 for changeToCandidate
2023-01-26 20:33:08,958 [60a87c7d-8298-43e9-85a2-250658c19736@group-B26257A37DD8-FollowerState] INFO  server.RaftServerConfigKeys (ConfUtils.java:logGet(46)) - raft.server.leaderelection.pre-vote = false (custom)
2023-01-26 20:33:08,958 [60a87c7d-8298-43e9-85a2-250658c19736@group-B26257A37DD8-FollowerState] INFO  impl.RoleInfo (RoleInfo.java:updateAndGet(139)) - 60a87c7d-8298-43e9-85a2-250658c19736: start 60a87c7d-8298-43e9-85a2-250658c19736@group-B26257A37DD8-LeaderElection47
2023-01-26 20:33:08,962 [60a87c7d-8298-43e9-85a2-250658c19736@group-B26257A37DD8-LeaderElection47] INFO  impl.LeaderElection (LeaderElection.java:askForVotes(312)) - 60a87c7d-8298-43e9-85a2-250658c19736@group-B26257A37DD8-LeaderElection47 ELECTION round 0: submit vote requests at term 1 for -1: peers:[60a87c7d-8298-43e9-85a2-250658c19736|rpc:10.1.0.15:44255|dataStream:10.1.0.15:44249|priority:1|startupRole:FOLLOWER]|listeners:[], old=null
2023-01-26 20:33:08,962 [60a87c7d-8298-43e9-85a2-250658c19736@group-B26257A37DD8-LeaderElection47] INFO  impl.LeaderElection (LeaderElection.java:askForVotes(314)) - 60a87c7d-8298-43e9-85a2-250658c19736@group-B26257A37DD8-LeaderElection47 ELECTION round 0: result PASSED (term=1)
2023-01-26 20:33:08,962 [60a87c7d-8298-43e9-85a2-250658c19736@group-B26257A37DD8-LeaderElection47] INFO  impl.RoleInfo (RoleInfo.java:shutdownLeaderElection(130)) - 60a87c7d-8298-43e9-85a2-250658c19736: shutdown 60a87c7d-8298-43e9-85a2-250658c19736@group-B26257A37DD8-LeaderElection47
2023-01-26 20:33:08,962 [60a87c7d-8298-43e9-85a2-250658c19736@group-B26257A37DD8-LeaderElection47] INFO  server.RaftServer$Division (RaftServerImpl.java:setRole(321)) - 60a87c7d-8298-43e9-85a2-250658c19736@group-B26257A37DD8: changes role from CANDIDATE to LEADER at term 1 for changeToLeader
2023-01-26 20:33:08,962 [60a87c7d-8298-43e9-85a2-250658c19736@group-B26257A37DD8-LeaderElection47] INFO  ratis.XceiverServerRatis (XceiverServerRatis.java:handleLeaderChangedNotification(904)) - Leader change notification received for group: group-B26257A37DD8 with new leaderId: 60a87c7d-8298-43e9-85a2-250658c19736
2023-01-26 20:33:08,962 [60a87c7d-8298-43e9-85a2-250658c19736@group-B26257A37DD8-LeaderElection47] INFO  server.RaftServer$Division (ServerState.java:setLeader(313)) - 60a87c7d-8298-43e9-85a2-250658c19736@group-B26257A37DD8: change Leader from null to 60a87c7d-8298-43e9-85a2-250658c19736 at term 1 for becomeLeader, leader elected after 5043ms
2023-01-26 20:33:08,962 [60a87c7d-8298-43e9-85a2-250658c19736@group-B26257A37DD8-LeaderElection47] INFO  server.RaftServerConfigKeys (ConfUtils.java:logGet(46)) - raft.server.staging.catchup.gap = 1000 (default)
2023-01-26 20:33:08,963 [60a87c7d-8298-43e9-85a2-250658c19736@group-B26257A37DD8-LeaderElection47] INFO  server.RaftServerConfigKeys (ConfUtils.java:logGet(46)) - raft.server.write.element-limit = 1024 (custom)
2023-01-26 20:33:08,963 [60a87c7d-8298-43e9-85a2-250658c19736@group-B26257A37DD8-LeaderElection47] INFO  server.RaftServerConfigKeys (ConfUtils.java:logGet(46)) - raft.server.write.byte-limit = 1024 M (=1073741824) (custom)
2023-01-26 20:33:08,963 [EventQueue-OpenPipelineForHealthyPipelineSafeModeRule] INFO  safemode.SCMSafeModeManager (HealthyPipelineSafeModeRule.java:process(137)) - SCM in safe mode. Healthy pipelines reported count is 0, required healthy pipeline reported count is 1
2023-01-26 20:33:08,963 [60a87c7d-8298-43e9-85a2-250658c19736@group-B26257A37DD8-LeaderElection47] INFO  server.RaftServerConfigKeys (ConfUtils.java:logGet(46)) - raft.server.watch.timeout = 180s (custom)
2023-01-26 20:33:08,963 [60a87c7d-8298-43e9-85a2-250658c19736@group-B26257A37DD8-LeaderElection47] INFO  server.RaftServerConfigKeys (ConfUtils.java:logGet(46)) - raft.server.watch.timeout.denomination = 1s (default)
2023-01-26 20:33:08,963 [60a87c7d-8298-43e9-85a2-250658c19736@group-B26257A37DD8-LeaderElection47] INFO  server.RaftServerConfigKeys (ConfUtils.java:logGet(46)) - raft.server.watch.element-limit = 65536 (default)
2023-01-26 20:33:08,963 [60a87c7d-8298-43e9-85a2-250658c19736@group-B26257A37DD8-LeaderElection47] INFO  server.RaftServerConfigKeys (ConfUtils.java:logGet(46)) - raft.server.write.element-limit = 1024 (custom)
2023-01-26 20:33:08,963 [60a87c7d-8298-43e9-85a2-250658c19736@group-B26257A37DD8-LeaderElection47] INFO  server.RaftServerConfigKeys (ConfUtils.java:logGet(46)) - raft.server.write.follower.gap.ratio.max = -1.0 (default)
2023-01-26 20:33:08,963 [60a87c7d-8298-43e9-85a2-250658c19736@group-B26257A37DD8-LeaderElection47] INFO  impl.RoleInfo (RoleInfo.java:updateAndGet(139)) - 60a87c7d-8298-43e9-85a2-250658c19736: start 60a87c7d-8298-43e9-85a2-250658c19736@group-B26257A37DD8-LeaderStateImpl
2023-01-26 20:33:08,964 [60a87c7d-8298-43e9-85a2-250658c19736@group-B26257A37DD8-LeaderElection47] INFO  segmented.SegmentedRaftLogWorker (SegmentedRaftLogWorker.java:startLogSegment(452)) - 60a87c7d-8298-43e9-85a2-250658c19736@group-B26257A37DD8-SegmentedRaftLogWorker: Starting segment from index:0
2023-01-26 20:33:08,965 [60a87c7d-8298-43e9-85a2-250658c19736@group-B26257A37DD8-LeaderElection47] INFO  server.RaftServer$Division (ServerState.java:setRaftConf(430)) - 60a87c7d-8298-43e9-85a2-250658c19736@group-B26257A37DD8: set configuration 0: peers:[60a87c7d-8298-43e9-85a2-250658c19736|rpc:10.1.0.15:44255|dataStream:10.1.0.15:44249|priority:1|startupRole:FOLLOWER]|listeners:[], old=null
2023-01-26 20:33:08,965 [60a87c7d-8298-43e9-85a2-250658c19736@group-B26257A37DD8-SegmentedRaftLogWorker] INFO  segmented.SegmentedRaftLogWorker (SegmentedRaftLogWorker.java:execute(656)) - 60a87c7d-8298-43e9-85a2-250658c19736@group-B26257A37DD8-SegmentedRaftLogWorker: created new log segment /home/runner/work/ozone/ozone/hadoop-ozone/integration-test/target/test-dir/MiniOzoneClusterImpl-ced6b6c1-d1ae-4b41-aa13-dfc1f6c7b229/datanode-3/data/ratis/14f2221f-b706-4ff9-a530-b26257a37dd8/current/log_inprogress_0
2023-01-26 20:33:09,214 [Listener at 127.0.0.1/35105] INFO  ozone.MiniOzoneClusterImpl (MiniOzoneClusterImpl.java:lambda$waitForClusterToBeReady$0(218)) - Nodes are ready. Got 5 of 5 DN Heartbeats.
2023-01-26 20:33:09,215 [Listener at 127.0.0.1/35105] INFO  ozone.MiniOzoneClusterImpl (MiniOzoneClusterImpl.java:lambda$waitForClusterToBeReady$0(221)) - Waiting for cluster to exit safe mode
2023-01-26 20:33:09,215 [Listener at 127.0.0.1/35105] INFO  ozone.MiniOzoneClusterImpl (MiniOzoneClusterImpl.java:lambda$waitForClusterToBeReady$0(223)) - SCM became leader
2023-01-26 20:33:09,298 [ff5e38c1-f65b-484d-a220-edc435d5e866@group-9BB66C13AAAD-FollowerState] INFO  impl.FollowerState (FollowerState.java:run(143)) - ff5e38c1-f65b-484d-a220-edc435d5e866@group-9BB66C13AAAD-FollowerState: change to CANDIDATE, lastRpcElapsedTime:5067169164ns, electionTimeout:5066ms
2023-01-26 20:33:09,299 [ff5e38c1-f65b-484d-a220-edc435d5e866@group-9BB66C13AAAD-FollowerState] INFO  impl.RoleInfo (RoleInfo.java:shutdownFollowerState(110)) - ff5e38c1-f65b-484d-a220-edc435d5e866: shutdown ff5e38c1-f65b-484d-a220-edc435d5e866@group-9BB66C13AAAD-FollowerState
2023-01-26 20:33:09,299 [ff5e38c1-f65b-484d-a220-edc435d5e866@group-9BB66C13AAAD-FollowerState] INFO  server.RaftServer$Division (RaftServerImpl.java:setRole(321)) - ff5e38c1-f65b-484d-a220-edc435d5e866@group-9BB66C13AAAD: changes role from  FOLLOWER to CANDIDATE at term 0 for changeToCandidate
2023-01-26 20:33:09,299 [ff5e38c1-f65b-484d-a220-edc435d5e866@group-9BB66C13AAAD-FollowerState] INFO  server.RaftServerConfigKeys (ConfUtils.java:logGet(46)) - raft.server.leaderelection.pre-vote = false (custom)
2023-01-26 20:33:09,299 [ff5e38c1-f65b-484d-a220-edc435d5e866@group-9BB66C13AAAD-FollowerState] INFO  impl.RoleInfo (RoleInfo.java:updateAndGet(139)) - ff5e38c1-f65b-484d-a220-edc435d5e866: start ff5e38c1-f65b-484d-a220-edc435d5e866@group-9BB66C13AAAD-LeaderElection48
2023-01-26 20:33:09,304 [ff5e38c1-f65b-484d-a220-edc435d5e866@group-9BB66C13AAAD-LeaderElection48] INFO  impl.LeaderElection (LeaderElection.java:askForVotes(312)) - ff5e38c1-f65b-484d-a220-edc435d5e866@group-9BB66C13AAAD-LeaderElection48 ELECTION round 0: submit vote requests at term 1 for -1: peers:[ff5e38c1-f65b-484d-a220-edc435d5e866|rpc:10.1.0.15:40123|dataStream:10.1.0.15:36125|priority:1|startupRole:FOLLOWER]|listeners:[], old=null
2023-01-26 20:33:09,305 [ff5e38c1-f65b-484d-a220-edc435d5e866@group-9BB66C13AAAD-LeaderElection48] INFO  impl.LeaderElection (LeaderElection.java:askForVotes(314)) - ff5e38c1-f65b-484d-a220-edc435d5e866@group-9BB66C13AAAD-LeaderElection48 ELECTION round 0: result PASSED (term=1)
2023-01-26 20:33:09,305 [ff5e38c1-f65b-484d-a220-edc435d5e866@group-9BB66C13AAAD-LeaderElection48] INFO  impl.RoleInfo (RoleInfo.java:shutdownLeaderElection(130)) - ff5e38c1-f65b-484d-a220-edc435d5e866: shutdown ff5e38c1-f65b-484d-a220-edc435d5e866@group-9BB66C13AAAD-LeaderElection48
2023-01-26 20:33:09,305 [ff5e38c1-f65b-484d-a220-edc435d5e866@group-9BB66C13AAAD-LeaderElection48] INFO  server.RaftServer$Division (RaftServerImpl.java:setRole(321)) - ff5e38c1-f65b-484d-a220-edc435d5e866@group-9BB66C13AAAD: changes role from CANDIDATE to LEADER at term 1 for changeToLeader
2023-01-26 20:33:09,305 [ff5e38c1-f65b-484d-a220-edc435d5e866@group-9BB66C13AAAD-LeaderElection48] INFO  ratis.XceiverServerRatis (XceiverServerRatis.java:handleLeaderChangedNotification(904)) - Leader change notification received for group: group-9BB66C13AAAD with new leaderId: ff5e38c1-f65b-484d-a220-edc435d5e866
2023-01-26 20:33:09,305 [ff5e38c1-f65b-484d-a220-edc435d5e866@group-9BB66C13AAAD-LeaderElection48] INFO  server.RaftServer$Division (ServerState.java:setLeader(313)) - ff5e38c1-f65b-484d-a220-edc435d5e866@group-9BB66C13AAAD: change Leader from null to ff5e38c1-f65b-484d-a220-edc435d5e866 at term 1 for becomeLeader, leader elected after 5087ms
2023-01-26 20:33:09,305 [ff5e38c1-f65b-484d-a220-edc435d5e866@group-9BB66C13AAAD-LeaderElection48] INFO  server.RaftServerConfigKeys (ConfUtils.java:logGet(46)) - raft.server.staging.catchup.gap = 1000 (default)
2023-01-26 20:33:09,305 [ff5e38c1-f65b-484d-a220-edc435d5e866@group-9BB66C13AAAD-LeaderElection48] INFO  server.RaftServerConfigKeys (ConfUtils.java:logGet(46)) - raft.server.write.element-limit = 1024 (custom)
2023-01-26 20:33:09,306 [ff5e38c1-f65b-484d-a220-edc435d5e866@group-9BB66C13AAAD-LeaderElection48] INFO  server.RaftServerConfigKeys (ConfUtils.java:logGet(46)) - raft.server.write.byte-limit = 1024 M (=1073741824) (custom)
2023-01-26 20:33:09,306 [ff5e38c1-f65b-484d-a220-edc435d5e866@group-9BB66C13AAAD-LeaderElection48] INFO  server.RaftServerConfigKeys (ConfUtils.java:logGet(46)) - raft.server.watch.timeout = 180s (custom)
2023-01-26 20:33:09,306 [ff5e38c1-f65b-484d-a220-edc435d5e866@group-9BB66C13AAAD-LeaderElection48] INFO  server.RaftServerConfigKeys (ConfUtils.java:logGet(46)) - raft.server.watch.timeout.denomination = 1s (default)
2023-01-26 20:33:09,306 [ff5e38c1-f65b-484d-a220-edc435d5e866@group-9BB66C13AAAD-LeaderElection48] INFO  server.RaftServerConfigKeys (ConfUtils.java:logGet(46)) - raft.server.watch.element-limit = 65536 (default)
2023-01-26 20:33:09,306 [ff5e38c1-f65b-484d-a220-edc435d5e866@group-9BB66C13AAAD-LeaderElection48] INFO  server.RaftServerConfigKeys (ConfUtils.java:logGet(46)) - raft.server.write.element-limit = 1024 (custom)
2023-01-26 20:33:09,306 [ff5e38c1-f65b-484d-a220-edc435d5e866@group-9BB66C13AAAD-LeaderElection48] INFO  server.RaftServerConfigKeys (ConfUtils.java:logGet(46)) - raft.server.write.follower.gap.ratio.max = -1.0 (default)
2023-01-26 20:33:09,306 [ff5e38c1-f65b-484d-a220-edc435d5e866@group-9BB66C13AAAD-LeaderElection48] INFO  impl.RoleInfo (RoleInfo.java:updateAndGet(139)) - ff5e38c1-f65b-484d-a220-edc435d5e866: start ff5e38c1-f65b-484d-a220-edc435d5e866@group-9BB66C13AAAD-LeaderStateImpl
2023-01-26 20:33:09,306 [ff5e38c1-f65b-484d-a220-edc435d5e866@group-9BB66C13AAAD-LeaderElection48] INFO  segmented.SegmentedRaftLogWorker (SegmentedRaftLogWorker.java:startLogSegment(452)) - ff5e38c1-f65b-484d-a220-edc435d5e866@group-9BB66C13AAAD-SegmentedRaftLogWorker: Starting segment from index:0
2023-01-26 20:33:09,313 [ff5e38c1-f65b-484d-a220-edc435d5e866@group-9BB66C13AAAD-LeaderElection48] INFO  server.RaftServer$Division (ServerState.java:setRaftConf(430)) - ff5e38c1-f65b-484d-a220-edc435d5e866@group-9BB66C13AAAD: set configuration 0: peers:[ff5e38c1-f65b-484d-a220-edc435d5e866|rpc:10.1.0.15:40123|dataStream:10.1.0.15:36125|priority:1|startupRole:FOLLOWER]|listeners:[], old=null
2023-01-26 20:33:09,313 [ff5e38c1-f65b-484d-a220-edc435d5e866@group-9BB66C13AAAD-SegmentedRaftLogWorker] INFO  segmented.SegmentedRaftLogWorker (SegmentedRaftLogWorker.java:execute(656)) - ff5e38c1-f65b-484d-a220-edc435d5e866@group-9BB66C13AAAD-SegmentedRaftLogWorker: created new log segment /home/runner/work/ozone/ozone/hadoop-ozone/integration-test/target/test-dir/MiniOzoneClusterImpl-ced6b6c1-d1ae-4b41-aa13-dfc1f6c7b229/datanode-4/data/ratis/9f6b2dcf-c998-4f11-81aa-9bb66c13aaad/current/log_inprogress_0
2023-01-26 20:33:09,315 [EventQueue-OpenPipelineForHealthyPipelineSafeModeRule] INFO  safemode.SCMSafeModeManager (HealthyPipelineSafeModeRule.java:process(137)) - SCM in safe mode. Healthy pipelines reported count is 0, required healthy pipeline reported count is 1
2023-01-26 20:33:10,215 [Listener at 127.0.0.1/35105] INFO  ozone.MiniOzoneClusterImpl (MiniOzoneClusterImpl.java:lambda$waitForClusterToBeReady$0(218)) - Nodes are ready. Got 5 of 5 DN Heartbeats.
2023-01-26 20:33:10,215 [Listener at 127.0.0.1/35105] INFO  ozone.MiniOzoneClusterImpl (MiniOzoneClusterImpl.java:lambda$waitForClusterToBeReady$0(221)) - Waiting for cluster to exit safe mode
2023-01-26 20:33:10,215 [Listener at 127.0.0.1/35105] INFO  ozone.MiniOzoneClusterImpl (MiniOzoneClusterImpl.java:lambda$waitForClusterToBeReady$0(223)) - SCM became leader
2023-01-26 20:33:11,216 [Listener at 127.0.0.1/35105] INFO  ozone.MiniOzoneClusterImpl (MiniOzoneClusterImpl.java:lambda$waitForClusterToBeReady$0(218)) - Nodes are ready. Got 5 of 5 DN Heartbeats.
2023-01-26 20:33:11,216 [Listener at 127.0.0.1/35105] INFO  ozone.MiniOzoneClusterImpl (MiniOzoneClusterImpl.java:lambda$waitForClusterToBeReady$0(221)) - Waiting for cluster to exit safe mode
2023-01-26 20:33:11,216 [Listener at 127.0.0.1/35105] INFO  ozone.MiniOzoneClusterImpl (MiniOzoneClusterImpl.java:lambda$waitForClusterToBeReady$0(223)) - SCM became leader
2023-01-26 20:33:12,216 [Listener at 127.0.0.1/35105] INFO  ozone.MiniOzoneClusterImpl (MiniOzoneClusterImpl.java:lambda$waitForClusterToBeReady$0(218)) - Nodes are ready. Got 5 of 5 DN Heartbeats.
2023-01-26 20:33:12,217 [Listener at 127.0.0.1/35105] INFO  ozone.MiniOzoneClusterImpl (MiniOzoneClusterImpl.java:lambda$waitForClusterToBeReady$0(221)) - Waiting for cluster to exit safe mode
2023-01-26 20:33:12,217 [Listener at 127.0.0.1/35105] INFO  ozone.MiniOzoneClusterImpl (MiniOzoneClusterImpl.java:lambda$waitForClusterToBeReady$0(223)) - SCM became leader
2023-01-26 20:33:13,168 [1d22b7d2-31db-4af8-bf0c-5577da68ec36@group-3F5B260AE0F1-FollowerState] INFO  impl.FollowerState (FollowerState.java:run(143)) - 1d22b7d2-31db-4af8-bf0c-5577da68ec36@group-3F5B260AE0F1-FollowerState: change to CANDIDATE, lastRpcElapsedTime:5014693724ns, electionTimeout:5014ms
2023-01-26 20:33:13,169 [1d22b7d2-31db-4af8-bf0c-5577da68ec36@group-3F5B260AE0F1-FollowerState] INFO  impl.RoleInfo (RoleInfo.java:shutdownFollowerState(110)) - 1d22b7d2-31db-4af8-bf0c-5577da68ec36: shutdown 1d22b7d2-31db-4af8-bf0c-5577da68ec36@group-3F5B260AE0F1-FollowerState
2023-01-26 20:33:13,169 [1d22b7d2-31db-4af8-bf0c-5577da68ec36@group-3F5B260AE0F1-FollowerState] INFO  server.RaftServer$Division (RaftServerImpl.java:setRole(321)) - 1d22b7d2-31db-4af8-bf0c-5577da68ec36@group-3F5B260AE0F1: changes role from  FOLLOWER to CANDIDATE at term 1 for changeToCandidate
2023-01-26 20:33:13,169 [1d22b7d2-31db-4af8-bf0c-5577da68ec36@group-3F5B260AE0F1-FollowerState] INFO  server.RaftServerConfigKeys (ConfUtils.java:logGet(46)) - raft.server.leaderelection.pre-vote = false (custom)
2023-01-26 20:33:13,169 [1d22b7d2-31db-4af8-bf0c-5577da68ec36@group-3F5B260AE0F1-FollowerState] INFO  impl.RoleInfo (RoleInfo.java:updateAndGet(139)) - 1d22b7d2-31db-4af8-bf0c-5577da68ec36: start 1d22b7d2-31db-4af8-bf0c-5577da68ec36@group-3F5B260AE0F1-LeaderElection49
2023-01-26 20:33:13,172 [1d22b7d2-31db-4af8-bf0c-5577da68ec36@group-3F5B260AE0F1-LeaderElection49] INFO  impl.LeaderElection (LeaderElection.java:askForVotes(312)) - 1d22b7d2-31db-4af8-bf0c-5577da68ec36@group-3F5B260AE0F1-LeaderElection49 ELECTION round 0: submit vote requests at term 2 for -1: peers:[1d22b7d2-31db-4af8-bf0c-5577da68ec36|rpc:10.1.0.15:38533|dataStream:10.1.0.15:42409|priority:0|startupRole:FOLLOWER, e073a1c5-1734-4c1f-8e4b-400896f1077e|rpc:10.1.0.15:44293|dataStream:10.1.0.15:37283|priority:0|startupRole:FOLLOWER, 2950c1a1-45bf-4864-9732-08ad567daa78|rpc:10.1.0.15:41507|dataStream:10.1.0.15:46779|priority:1|startupRole:FOLLOWER]|listeners:[], old=null
2023-01-26 20:33:13,172 [1d22b7d2-31db-4af8-bf0c-5577da68ec36@group-3F5B260AE0F1-LeaderElection49] INFO  server.RaftServerConfigKeys (ConfUtils.java:logFallback(53)) - raft.server.rpc.first-election.timeout.min = 5s (fallback to raft.server.rpc.timeout.min)
2023-01-26 20:33:13,172 [1d22b7d2-31db-4af8-bf0c-5577da68ec36@group-3F5B260AE0F1-LeaderElection49] INFO  server.RaftServerConfigKeys (ConfUtils.java:logFallback(53)) - raft.server.rpc.first-election.timeout.max = 5200ms (fallback to raft.server.rpc.timeout.max)
2023-01-26 20:33:13,177 [grpc-default-executor-0] INFO  server.RaftServer$Division (RaftServerImpl.java:requestVote(1218)) - e073a1c5-1734-4c1f-8e4b-400896f1077e@group-3F5B260AE0F1: receive requestVote(ELECTION, 1d22b7d2-31db-4af8-bf0c-5577da68ec36, group-3F5B260AE0F1, 2, (t:0, i:0))
2023-01-26 20:33:13,177 [grpc-default-executor-0] INFO  impl.VoteContext (VoteContext.java:log(49)) - e073a1c5-1734-4c1f-8e4b-400896f1077e@group-3F5B260AE0F1-FOLLOWER: accept ELECTION from 1d22b7d2-31db-4af8-bf0c-5577da68ec36: our priority 0 <= candidate's priority 0
2023-01-26 20:33:13,177 [grpc-default-executor-0] INFO  server.RaftServer$Division (RaftServerImpl.java:setRole(321)) - e073a1c5-1734-4c1f-8e4b-400896f1077e@group-3F5B260AE0F1: changes role from  FOLLOWER to FOLLOWER at term 2 for candidate:1d22b7d2-31db-4af8-bf0c-5577da68ec36
2023-01-26 20:33:13,177 [grpc-default-executor-0] INFO  impl.RoleInfo (RoleInfo.java:shutdownFollowerState(110)) - e073a1c5-1734-4c1f-8e4b-400896f1077e: shutdown e073a1c5-1734-4c1f-8e4b-400896f1077e@group-3F5B260AE0F1-FollowerState
2023-01-26 20:33:13,177 [grpc-default-executor-0] INFO  impl.RoleInfo (RoleInfo.java:updateAndGet(139)) - e073a1c5-1734-4c1f-8e4b-400896f1077e: start e073a1c5-1734-4c1f-8e4b-400896f1077e@group-3F5B260AE0F1-FollowerState
2023-01-26 20:33:13,177 [e073a1c5-1734-4c1f-8e4b-400896f1077e@group-3F5B260AE0F1-FollowerState] INFO  impl.FollowerState (FollowerState.java:run(152)) - e073a1c5-1734-4c1f-8e4b-400896f1077e@group-3F5B260AE0F1-FollowerState was interrupted
2023-01-26 20:33:13,178 [e073a1c5-1734-4c1f-8e4b-400896f1077e@group-3F5B260AE0F1-FollowerState] INFO  server.RaftServerConfigKeys (ConfUtils.java:logFallback(53)) - raft.server.rpc.first-election.timeout.min = 5s (fallback to raft.server.rpc.timeout.min)
2023-01-26 20:33:13,178 [e073a1c5-1734-4c1f-8e4b-400896f1077e@group-3F5B260AE0F1-FollowerState] INFO  server.RaftServerConfigKeys (ConfUtils.java:logFallback(53)) - raft.server.rpc.first-election.timeout.max = 5200ms (fallback to raft.server.rpc.timeout.max)
2023-01-26 20:33:13,181 [grpc-default-executor-1] INFO  server.RaftServer$Division (RaftServerImpl.java:requestVote(1218)) - 2950c1a1-45bf-4864-9732-08ad567daa78@group-3F5B260AE0F1: receive requestVote(ELECTION, 1d22b7d2-31db-4af8-bf0c-5577da68ec36, group-3F5B260AE0F1, 2, (t:0, i:0))
2023-01-26 20:33:13,181 [grpc-default-executor-1] INFO  impl.VoteContext (VoteContext.java:log(49)) - 2950c1a1-45bf-4864-9732-08ad567daa78@group-3F5B260AE0F1-FOLLOWER: reject ELECTION from 1d22b7d2-31db-4af8-bf0c-5577da68ec36: our priority 1 > candidate's priority 0
2023-01-26 20:33:13,181 [grpc-default-executor-1] INFO  server.RaftServer$Division (RaftServerImpl.java:setRole(321)) - 2950c1a1-45bf-4864-9732-08ad567daa78@group-3F5B260AE0F1: changes role from  FOLLOWER to FOLLOWER at term 2 for candidate:1d22b7d2-31db-4af8-bf0c-5577da68ec36
2023-01-26 20:33:13,182 [grpc-default-executor-1] INFO  impl.RoleInfo (RoleInfo.java:shutdownFollowerState(110)) - 2950c1a1-45bf-4864-9732-08ad567daa78: shutdown 2950c1a1-45bf-4864-9732-08ad567daa78@group-3F5B260AE0F1-FollowerState
2023-01-26 20:33:13,182 [grpc-default-executor-1] INFO  impl.RoleInfo (RoleInfo.java:updateAndGet(139)) - 2950c1a1-45bf-4864-9732-08ad567daa78: start 2950c1a1-45bf-4864-9732-08ad567daa78@group-3F5B260AE0F1-FollowerState
2023-01-26 20:33:13,182 [2950c1a1-45bf-4864-9732-08ad567daa78@group-3F5B260AE0F1-FollowerState] INFO  impl.FollowerState (FollowerState.java:run(152)) - 2950c1a1-45bf-4864-9732-08ad567daa78@group-3F5B260AE0F1-FollowerState was interrupted
2023-01-26 20:33:13,184 [2950c1a1-45bf-4864-9732-08ad567daa78@group-3F5B260AE0F1-FollowerState] INFO  server.RaftServerConfigKeys (ConfUtils.java:logFallback(53)) - raft.server.rpc.first-election.timeout.min = 5s (fallback to raft.server.rpc.timeout.min)
2023-01-26 20:33:13,184 [2950c1a1-45bf-4864-9732-08ad567daa78@group-3F5B260AE0F1-FollowerState] INFO  server.RaftServerConfigKeys (ConfUtils.java:logFallback(53)) - raft.server.rpc.first-election.timeout.max = 5200ms (fallback to raft.server.rpc.timeout.max)
2023-01-26 20:33:13,185 [grpc-default-executor-0] INFO  server.RaftServer$Division (RaftServerImpl.java:requestVote(1251)) - e073a1c5-1734-4c1f-8e4b-400896f1077e@group-3F5B260AE0F1 replies to ELECTION vote request: 1d22b7d2-31db-4af8-bf0c-5577da68ec36<-e073a1c5-1734-4c1f-8e4b-400896f1077e#0:OK-t2. Peer's state: e073a1c5-1734-4c1f-8e4b-400896f1077e@group-3F5B260AE0F1:t2, leader=null, voted=1d22b7d2-31db-4af8-bf0c-5577da68ec36, raftlog=Memoized:e073a1c5-1734-4c1f-8e4b-400896f1077e@group-3F5B260AE0F1-SegmentedRaftLog:OPENED:c-1, conf=-1: peers:[1d22b7d2-31db-4af8-bf0c-5577da68ec36|rpc:10.1.0.15:38533|dataStream:10.1.0.15:42409|priority:0|startupRole:FOLLOWER, e073a1c5-1734-4c1f-8e4b-400896f1077e|rpc:10.1.0.15:44293|dataStream:10.1.0.15:37283|priority:0|startupRole:FOLLOWER, 2950c1a1-45bf-4864-9732-08ad567daa78|rpc:10.1.0.15:41507|dataStream:10.1.0.15:46779|priority:1|startupRole:FOLLOWER]|listeners:[], old=null
2023-01-26 20:33:13,185 [grpc-default-executor-1] INFO  server.RaftServer$Division (RaftServerImpl.java:requestVote(1251)) - 2950c1a1-45bf-4864-9732-08ad567daa78@group-3F5B260AE0F1 replies to ELECTION vote request: 1d22b7d2-31db-4af8-bf0c-5577da68ec36<-2950c1a1-45bf-4864-9732-08ad567daa78#0:FAIL-t2. Peer's state: 2950c1a1-45bf-4864-9732-08ad567daa78@group-3F5B260AE0F1:t2, leader=null, voted=null, raftlog=Memoized:2950c1a1-45bf-4864-9732-08ad567daa78@group-3F5B260AE0F1-SegmentedRaftLog:OPENED:c-1, conf=-1: peers:[1d22b7d2-31db-4af8-bf0c-5577da68ec36|rpc:10.1.0.15:38533|dataStream:10.1.0.15:42409|priority:0|startupRole:FOLLOWER, e073a1c5-1734-4c1f-8e4b-400896f1077e|rpc:10.1.0.15:44293|dataStream:10.1.0.15:37283|priority:0|startupRole:FOLLOWER, 2950c1a1-45bf-4864-9732-08ad567daa78|rpc:10.1.0.15:41507|dataStream:10.1.0.15:46779|priority:1|startupRole:FOLLOWER]|listeners:[], old=null
2023-01-26 20:33:13,186 [1d22b7d2-31db-4af8-bf0c-5577da68ec36@group-3F5B260AE0F1-LeaderElection49] INFO  impl.LeaderElection (LeaderElection.java:logAndReturn(90)) - 1d22b7d2-31db-4af8-bf0c-5577da68ec36@group-3F5B260AE0F1-LeaderElection49: ELECTION REJECTED received 2 response(s) and 0 exception(s):
2023-01-26 20:33:13,186 [1d22b7d2-31db-4af8-bf0c-5577da68ec36@group-3F5B260AE0F1-LeaderElection49] INFO  impl.LeaderElection (LeaderElection.java:logAndReturn(94)) -   Response 0: 1d22b7d2-31db-4af8-bf0c-5577da68ec36<-e073a1c5-1734-4c1f-8e4b-400896f1077e#0:OK-t2
2023-01-26 20:33:13,186 [1d22b7d2-31db-4af8-bf0c-5577da68ec36@group-3F5B260AE0F1-LeaderElection49] INFO  impl.LeaderElection (LeaderElection.java:logAndReturn(94)) -   Response 1: 1d22b7d2-31db-4af8-bf0c-5577da68ec36<-2950c1a1-45bf-4864-9732-08ad567daa78#0:FAIL-t2
2023-01-26 20:33:13,186 [1d22b7d2-31db-4af8-bf0c-5577da68ec36@group-3F5B260AE0F1-LeaderElection49] INFO  impl.LeaderElection (LeaderElection.java:askForVotes(314)) - 1d22b7d2-31db-4af8-bf0c-5577da68ec36@group-3F5B260AE0F1-LeaderElection49 ELECTION round 0: result REJECTED
2023-01-26 20:33:13,186 [1d22b7d2-31db-4af8-bf0c-5577da68ec36@group-3F5B260AE0F1-LeaderElection49] INFO  server.RaftServer$Division (RaftServerImpl.java:setRole(321)) - 1d22b7d2-31db-4af8-bf0c-5577da68ec36@group-3F5B260AE0F1: changes role from CANDIDATE to FOLLOWER at term 2 for REJECTED
2023-01-26 20:33:13,186 [1d22b7d2-31db-4af8-bf0c-5577da68ec36@group-3F5B260AE0F1-LeaderElection49] INFO  impl.RoleInfo (RoleInfo.java:shutdownLeaderElection(130)) - 1d22b7d2-31db-4af8-bf0c-5577da68ec36: shutdown 1d22b7d2-31db-4af8-bf0c-5577da68ec36@group-3F5B260AE0F1-LeaderElection49
2023-01-26 20:33:13,186 [1d22b7d2-31db-4af8-bf0c-5577da68ec36@group-3F5B260AE0F1-LeaderElection49] INFO  impl.RoleInfo (RoleInfo.java:updateAndGet(139)) - 1d22b7d2-31db-4af8-bf0c-5577da68ec36: start 1d22b7d2-31db-4af8-bf0c-5577da68ec36@group-3F5B260AE0F1-FollowerState
2023-01-26 20:33:13,186 [1d22b7d2-31db-4af8-bf0c-5577da68ec36@group-3F5B260AE0F1-FollowerState] INFO  server.RaftServerConfigKeys (ConfUtils.java:logFallback(53)) - raft.server.rpc.first-election.timeout.min = 5s (fallback to raft.server.rpc.timeout.min)
2023-01-26 20:33:13,186 [1d22b7d2-31db-4af8-bf0c-5577da68ec36@group-3F5B260AE0F1-FollowerState] INFO  server.RaftServerConfigKeys (ConfUtils.java:logFallback(53)) - raft.server.rpc.first-election.timeout.max = 5200ms (fallback to raft.server.rpc.timeout.max)
2023-01-26 20:33:13,217 [Listener at 127.0.0.1/35105] INFO  ozone.MiniOzoneClusterImpl (MiniOzoneClusterImpl.java:lambda$waitForClusterToBeReady$0(218)) - Nodes are ready. Got 5 of 5 DN Heartbeats.
2023-01-26 20:33:13,217 [Listener at 127.0.0.1/35105] INFO  ozone.MiniOzoneClusterImpl (MiniOzoneClusterImpl.java:lambda$waitForClusterToBeReady$0(221)) - Waiting for cluster to exit safe mode
2023-01-26 20:33:13,217 [Listener at 127.0.0.1/35105] INFO  ozone.MiniOzoneClusterImpl (MiniOzoneClusterImpl.java:lambda$waitForClusterToBeReady$0(223)) - SCM became leader
2023-01-26 20:33:13,271 [1d22b7d2-31db-4af8-bf0c-5577da68ec36@group-5654D82E323F-FollowerState] INFO  impl.FollowerState (FollowerState.java:run(143)) - 1d22b7d2-31db-4af8-bf0c-5577da68ec36@group-5654D82E323F-FollowerState: change to CANDIDATE, lastRpcElapsedTime:5009345563ns, electionTimeout:5008ms
2023-01-26 20:33:13,271 [1d22b7d2-31db-4af8-bf0c-5577da68ec36@group-5654D82E323F-FollowerState] INFO  impl.RoleInfo (RoleInfo.java:shutdownFollowerState(110)) - 1d22b7d2-31db-4af8-bf0c-5577da68ec36: shutdown 1d22b7d2-31db-4af8-bf0c-5577da68ec36@group-5654D82E323F-FollowerState
2023-01-26 20:33:13,271 [1d22b7d2-31db-4af8-bf0c-5577da68ec36@group-5654D82E323F-FollowerState] INFO  server.RaftServer$Division (RaftServerImpl.java:setRole(321)) - 1d22b7d2-31db-4af8-bf0c-5577da68ec36@group-5654D82E323F: changes role from  FOLLOWER to CANDIDATE at term 1 for changeToCandidate
2023-01-26 20:33:13,271 [1d22b7d2-31db-4af8-bf0c-5577da68ec36@group-5654D82E323F-FollowerState] INFO  server.RaftServerConfigKeys (ConfUtils.java:logGet(46)) - raft.server.leaderelection.pre-vote = false (custom)
2023-01-26 20:33:13,271 [1d22b7d2-31db-4af8-bf0c-5577da68ec36@group-5654D82E323F-FollowerState] INFO  impl.RoleInfo (RoleInfo.java:updateAndGet(139)) - 1d22b7d2-31db-4af8-bf0c-5577da68ec36: start 1d22b7d2-31db-4af8-bf0c-5577da68ec36@group-5654D82E323F-LeaderElection50
2023-01-26 20:33:13,273 [1d22b7d2-31db-4af8-bf0c-5577da68ec36@group-5654D82E323F-LeaderElection50] INFO  impl.LeaderElection (LeaderElection.java:askForVotes(312)) - 1d22b7d2-31db-4af8-bf0c-5577da68ec36@group-5654D82E323F-LeaderElection50 ELECTION round 0: submit vote requests at term 2 for -1: peers:[1d22b7d2-31db-4af8-bf0c-5577da68ec36|rpc:10.1.0.15:38533|dataStream:10.1.0.15:42409|priority:0|startupRole:FOLLOWER, e073a1c5-1734-4c1f-8e4b-400896f1077e|rpc:10.1.0.15:44293|dataStream:10.1.0.15:37283|priority:1|startupRole:FOLLOWER, 2950c1a1-45bf-4864-9732-08ad567daa78|rpc:10.1.0.15:41507|dataStream:10.1.0.15:46779|priority:0|startupRole:FOLLOWER]|listeners:[], old=null
2023-01-26 20:33:13,274 [1d22b7d2-31db-4af8-bf0c-5577da68ec36@group-5654D82E323F-LeaderElection50] INFO  server.RaftServerConfigKeys (ConfUtils.java:logFallback(53)) - raft.server.rpc.first-election.timeout.min = 5s (fallback to raft.server.rpc.timeout.min)
2023-01-26 20:33:13,274 [1d22b7d2-31db-4af8-bf0c-5577da68ec36@group-5654D82E323F-LeaderElection50] INFO  server.RaftServerConfigKeys (ConfUtils.java:logFallback(53)) - raft.server.rpc.first-election.timeout.max = 5200ms (fallback to raft.server.rpc.timeout.max)
2023-01-26 20:33:13,277 [grpc-default-executor-0] INFO  server.RaftServer$Division (RaftServerImpl.java:requestVote(1218)) - e073a1c5-1734-4c1f-8e4b-400896f1077e@group-5654D82E323F: receive requestVote(ELECTION, 1d22b7d2-31db-4af8-bf0c-5577da68ec36, group-5654D82E323F, 2, (t:0, i:0))
2023-01-26 20:33:13,277 [grpc-default-executor-0] INFO  impl.VoteContext (VoteContext.java:log(49)) - e073a1c5-1734-4c1f-8e4b-400896f1077e@group-5654D82E323F-FOLLOWER: reject ELECTION from 1d22b7d2-31db-4af8-bf0c-5577da68ec36: our priority 1 > candidate's priority 0
2023-01-26 20:33:13,277 [grpc-default-executor-0] INFO  server.RaftServer$Division (RaftServerImpl.java:setRole(321)) - e073a1c5-1734-4c1f-8e4b-400896f1077e@group-5654D82E323F: changes role from  FOLLOWER to FOLLOWER at term 2 for candidate:1d22b7d2-31db-4af8-bf0c-5577da68ec36
2023-01-26 20:33:13,277 [grpc-default-executor-0] INFO  impl.RoleInfo (RoleInfo.java:shutdownFollowerState(110)) - e073a1c5-1734-4c1f-8e4b-400896f1077e: shutdown e073a1c5-1734-4c1f-8e4b-400896f1077e@group-5654D82E323F-FollowerState
2023-01-26 20:33:13,277 [grpc-default-executor-0] INFO  impl.RoleInfo (RoleInfo.java:updateAndGet(139)) - e073a1c5-1734-4c1f-8e4b-400896f1077e: start e073a1c5-1734-4c1f-8e4b-400896f1077e@group-5654D82E323F-FollowerState
2023-01-26 20:33:13,277 [e073a1c5-1734-4c1f-8e4b-400896f1077e@group-5654D82E323F-FollowerState] INFO  impl.FollowerState (FollowerState.java:run(152)) - e073a1c5-1734-4c1f-8e4b-400896f1077e@group-5654D82E323F-FollowerState was interrupted
2023-01-26 20:33:13,277 [e073a1c5-1734-4c1f-8e4b-400896f1077e@group-5654D82E323F-FollowerState] INFO  server.RaftServerConfigKeys (ConfUtils.java:logFallback(53)) - raft.server.rpc.first-election.timeout.min = 5s (fallback to raft.server.rpc.timeout.min)
2023-01-26 20:33:13,277 [e073a1c5-1734-4c1f-8e4b-400896f1077e@group-5654D82E323F-FollowerState] INFO  server.RaftServerConfigKeys (ConfUtils.java:logFallback(53)) - raft.server.rpc.first-election.timeout.max = 5200ms (fallback to raft.server.rpc.timeout.max)
2023-01-26 20:33:13,278 [grpc-default-executor-0] INFO  server.RaftServer$Division (RaftServerImpl.java:requestVote(1251)) - e073a1c5-1734-4c1f-8e4b-400896f1077e@group-5654D82E323F replies to ELECTION vote request: 1d22b7d2-31db-4af8-bf0c-5577da68ec36<-e073a1c5-1734-4c1f-8e4b-400896f1077e#0:FAIL-t2. Peer's state: e073a1c5-1734-4c1f-8e4b-400896f1077e@group-5654D82E323F:t2, leader=null, voted=null, raftlog=Memoized:e073a1c5-1734-4c1f-8e4b-400896f1077e@group-5654D82E323F-SegmentedRaftLog:OPENED:c-1, conf=-1: peers:[1d22b7d2-31db-4af8-bf0c-5577da68ec36|rpc:10.1.0.15:38533|dataStream:10.1.0.15:42409|priority:0|startupRole:FOLLOWER, e073a1c5-1734-4c1f-8e4b-400896f1077e|rpc:10.1.0.15:44293|dataStream:10.1.0.15:37283|priority:1|startupRole:FOLLOWER, 2950c1a1-45bf-4864-9732-08ad567daa78|rpc:10.1.0.15:41507|dataStream:10.1.0.15:46779|priority:0|startupRole:FOLLOWER]|listeners:[], old=null
2023-01-26 20:33:13,280 [grpc-default-executor-0] INFO  server.RaftServer$Division (RaftServerImpl.java:requestVote(1218)) - 2950c1a1-45bf-4864-9732-08ad567daa78@group-5654D82E323F: receive requestVote(ELECTION, 1d22b7d2-31db-4af8-bf0c-5577da68ec36, group-5654D82E323F, 2, (t:0, i:0))
2023-01-26 20:33:13,280 [grpc-default-executor-0] INFO  impl.VoteContext (VoteContext.java:log(49)) - 2950c1a1-45bf-4864-9732-08ad567daa78@group-5654D82E323F-FOLLOWER: accept ELECTION from 1d22b7d2-31db-4af8-bf0c-5577da68ec36: our priority 0 <= candidate's priority 0
2023-01-26 20:33:13,280 [grpc-default-executor-0] INFO  server.RaftServer$Division (RaftServerImpl.java:setRole(321)) - 2950c1a1-45bf-4864-9732-08ad567daa78@group-5654D82E323F: changes role from  FOLLOWER to FOLLOWER at term 2 for candidate:1d22b7d2-31db-4af8-bf0c-5577da68ec36
2023-01-26 20:33:13,280 [grpc-default-executor-0] INFO  impl.RoleInfo (RoleInfo.java:shutdownFollowerState(110)) - 2950c1a1-45bf-4864-9732-08ad567daa78: shutdown 2950c1a1-45bf-4864-9732-08ad567daa78@group-5654D82E323F-FollowerState
2023-01-26 20:33:13,280 [grpc-default-executor-0] INFO  impl.RoleInfo (RoleInfo.java:updateAndGet(139)) - 2950c1a1-45bf-4864-9732-08ad567daa78: start 2950c1a1-45bf-4864-9732-08ad567daa78@group-5654D82E323F-FollowerState
2023-01-26 20:33:13,280 [2950c1a1-45bf-4864-9732-08ad567daa78@group-5654D82E323F-FollowerState] INFO  impl.FollowerState (FollowerState.java:run(152)) - 2950c1a1-45bf-4864-9732-08ad567daa78@group-5654D82E323F-FollowerState was interrupted
2023-01-26 20:33:13,283 [2950c1a1-45bf-4864-9732-08ad567daa78@group-5654D82E323F-FollowerState] INFO  server.RaftServerConfigKeys (ConfUtils.java:logFallback(53)) - raft.server.rpc.first-election.timeout.min = 5s (fallback to raft.server.rpc.timeout.min)
2023-01-26 20:33:13,283 [2950c1a1-45bf-4864-9732-08ad567daa78@group-5654D82E323F-FollowerState] INFO  server.RaftServerConfigKeys (ConfUtils.java:logFallback(53)) - raft.server.rpc.first-election.timeout.max = 5200ms (fallback to raft.server.rpc.timeout.max)
2023-01-26 20:33:13,283 [1d22b7d2-31db-4af8-bf0c-5577da68ec36@group-5654D82E323F-LeaderElection50] INFO  impl.LeaderElection (LeaderElection.java:logAndReturn(90)) - 1d22b7d2-31db-4af8-bf0c-5577da68ec36@group-5654D82E323F-LeaderElection50: ELECTION REJECTED received 1 response(s) and 0 exception(s):
2023-01-26 20:33:13,283 [1d22b7d2-31db-4af8-bf0c-5577da68ec36@group-5654D82E323F-LeaderElection50] INFO  impl.LeaderElection (LeaderElection.java:logAndReturn(94)) -   Response 0: 1d22b7d2-31db-4af8-bf0c-5577da68ec36<-e073a1c5-1734-4c1f-8e4b-400896f1077e#0:FAIL-t2
2023-01-26 20:33:13,283 [1d22b7d2-31db-4af8-bf0c-5577da68ec36@group-5654D82E323F-LeaderElection50] INFO  impl.LeaderElection (LeaderElection.java:askForVotes(314)) - 1d22b7d2-31db-4af8-bf0c-5577da68ec36@group-5654D82E323F-LeaderElection50 ELECTION round 0: result REJECTED
2023-01-26 20:33:13,283 [1d22b7d2-31db-4af8-bf0c-5577da68ec36@group-5654D82E323F-LeaderElection50] INFO  server.RaftServer$Division (RaftServerImpl.java:setRole(321)) - 1d22b7d2-31db-4af8-bf0c-5577da68ec36@group-5654D82E323F: changes role from CANDIDATE to FOLLOWER at term 2 for REJECTED
2023-01-26 20:33:13,284 [1d22b7d2-31db-4af8-bf0c-5577da68ec36@group-5654D82E323F-LeaderElection50] INFO  impl.RoleInfo (RoleInfo.java:shutdownLeaderElection(130)) - 1d22b7d2-31db-4af8-bf0c-5577da68ec36: shutdown 1d22b7d2-31db-4af8-bf0c-5577da68ec36@group-5654D82E323F-LeaderElection50
2023-01-26 20:33:13,284 [1d22b7d2-31db-4af8-bf0c-5577da68ec36@group-5654D82E323F-LeaderElection50] INFO  impl.RoleInfo (RoleInfo.java:updateAndGet(139)) - 1d22b7d2-31db-4af8-bf0c-5577da68ec36: start 1d22b7d2-31db-4af8-bf0c-5577da68ec36@group-5654D82E323F-FollowerState
2023-01-26 20:33:13,284 [1d22b7d2-31db-4af8-bf0c-5577da68ec36@group-5654D82E323F-FollowerState] INFO  server.RaftServerConfigKeys (ConfUtils.java:logFallback(53)) - raft.server.rpc.first-election.timeout.min = 5s (fallback to raft.server.rpc.timeout.min)
2023-01-26 20:33:13,284 [1d22b7d2-31db-4af8-bf0c-5577da68ec36@group-5654D82E323F-FollowerState] INFO  server.RaftServerConfigKeys (ConfUtils.java:logFallback(53)) - raft.server.rpc.first-election.timeout.max = 5200ms (fallback to raft.server.rpc.timeout.max)
2023-01-26 20:33:13,285 [grpc-default-executor-0] INFO  server.RaftServer$Division (RaftServerImpl.java:requestVote(1251)) - 2950c1a1-45bf-4864-9732-08ad567daa78@group-5654D82E323F replies to ELECTION vote request: 1d22b7d2-31db-4af8-bf0c-5577da68ec36<-2950c1a1-45bf-4864-9732-08ad567daa78#0:OK-t2. Peer's state: 2950c1a1-45bf-4864-9732-08ad567daa78@group-5654D82E323F:t2, leader=null, voted=1d22b7d2-31db-4af8-bf0c-5577da68ec36, raftlog=Memoized:2950c1a1-45bf-4864-9732-08ad567daa78@group-5654D82E323F-SegmentedRaftLog:OPENED:c-1, conf=-1: peers:[1d22b7d2-31db-4af8-bf0c-5577da68ec36|rpc:10.1.0.15:38533|dataStream:10.1.0.15:42409|priority:0|startupRole:FOLLOWER, e073a1c5-1734-4c1f-8e4b-400896f1077e|rpc:10.1.0.15:44293|dataStream:10.1.0.15:37283|priority:1|startupRole:FOLLOWER, 2950c1a1-45bf-4864-9732-08ad567daa78|rpc:10.1.0.15:41507|dataStream:10.1.0.15:46779|priority:0|startupRole:FOLLOWER]|listeners:[], old=null
2023-01-26 20:33:14,217 [Listener at 127.0.0.1/35105] INFO  ozone.MiniOzoneClusterImpl (MiniOzoneClusterImpl.java:lambda$waitForClusterToBeReady$0(218)) - Nodes are ready. Got 5 of 5 DN Heartbeats.
2023-01-26 20:33:14,218 [Listener at 127.0.0.1/35105] INFO  ozone.MiniOzoneClusterImpl (MiniOzoneClusterImpl.java:lambda$waitForClusterToBeReady$0(221)) - Waiting for cluster to exit safe mode
2023-01-26 20:33:14,218 [Listener at 127.0.0.1/35105] INFO  ozone.MiniOzoneClusterImpl (MiniOzoneClusterImpl.java:lambda$waitForClusterToBeReady$0(223)) - SCM became leader
2023-01-26 20:33:15,218 [Listener at 127.0.0.1/35105] INFO  ozone.MiniOzoneClusterImpl (MiniOzoneClusterImpl.java:lambda$waitForClusterToBeReady$0(218)) - Nodes are ready. Got 5 of 5 DN Heartbeats.
2023-01-26 20:33:15,218 [Listener at 127.0.0.1/35105] INFO  ozone.MiniOzoneClusterImpl (MiniOzoneClusterImpl.java:lambda$waitForClusterToBeReady$0(221)) - Waiting for cluster to exit safe mode
2023-01-26 20:33:15,218 [Listener at 127.0.0.1/35105] INFO  ozone.MiniOzoneClusterImpl (MiniOzoneClusterImpl.java:lambda$waitForClusterToBeReady$0(223)) - SCM became leader
2023-01-26 20:33:16,219 [Listener at 127.0.0.1/35105] INFO  ozone.MiniOzoneClusterImpl (MiniOzoneClusterImpl.java:lambda$waitForClusterToBeReady$0(218)) - Nodes are ready. Got 5 of 5 DN Heartbeats.
2023-01-26 20:33:16,219 [Listener at 127.0.0.1/35105] INFO  ozone.MiniOzoneClusterImpl (MiniOzoneClusterImpl.java:lambda$waitForClusterToBeReady$0(221)) - Waiting for cluster to exit safe mode
2023-01-26 20:33:16,219 [Listener at 127.0.0.1/35105] INFO  ozone.MiniOzoneClusterImpl (MiniOzoneClusterImpl.java:lambda$waitForClusterToBeReady$0(223)) - SCM became leader
2023-01-26 20:33:17,219 [Listener at 127.0.0.1/35105] INFO  ozone.MiniOzoneClusterImpl (MiniOzoneClusterImpl.java:lambda$waitForClusterToBeReady$0(218)) - Nodes are ready. Got 5 of 5 DN Heartbeats.
2023-01-26 20:33:17,219 [Listener at 127.0.0.1/35105] INFO  ozone.MiniOzoneClusterImpl (MiniOzoneClusterImpl.java:lambda$waitForClusterToBeReady$0(221)) - Waiting for cluster to exit safe mode
2023-01-26 20:33:17,220 [Listener at 127.0.0.1/35105] INFO  ozone.MiniOzoneClusterImpl (MiniOzoneClusterImpl.java:lambda$waitForClusterToBeReady$0(223)) - SCM became leader
2023-01-26 20:33:18,220 [Listener at 127.0.0.1/35105] INFO  ozone.MiniOzoneClusterImpl (MiniOzoneClusterImpl.java:lambda$waitForClusterToBeReady$0(218)) - Nodes are ready. Got 5 of 5 DN Heartbeats.
2023-01-26 20:33:18,220 [Listener at 127.0.0.1/35105] INFO  ozone.MiniOzoneClusterImpl (MiniOzoneClusterImpl.java:lambda$waitForClusterToBeReady$0(221)) - Waiting for cluster to exit safe mode
2023-01-26 20:33:18,220 [Listener at 127.0.0.1/35105] INFO  ozone.MiniOzoneClusterImpl (MiniOzoneClusterImpl.java:lambda$waitForClusterToBeReady$0(223)) - SCM became leader
2023-01-26 20:33:18,243 [e073a1c5-1734-4c1f-8e4b-400896f1077e@group-3F5B260AE0F1-FollowerState] INFO  server.RaftServerConfigKeys (ConfUtils.java:logFallback(53)) - raft.server.rpc.first-election.timeout.min = 5s (fallback to raft.server.rpc.timeout.min)
2023-01-26 20:33:18,243 [e073a1c5-1734-4c1f-8e4b-400896f1077e@group-3F5B260AE0F1-FollowerState] INFO  server.RaftServerConfigKeys (ConfUtils.java:logFallback(53)) - raft.server.rpc.first-election.timeout.max = 5200ms (fallback to raft.server.rpc.timeout.max)
2023-01-26 20:33:18,319 [1d22b7d2-31db-4af8-bf0c-5577da68ec36@group-3F5B260AE0F1-FollowerState] INFO  impl.FollowerState (FollowerState.java:run(143)) - 1d22b7d2-31db-4af8-bf0c-5577da68ec36@group-3F5B260AE0F1-FollowerState: change to CANDIDATE, lastRpcElapsedTime:5132464405ns, electionTimeout:5132ms
2023-01-26 20:33:18,319 [1d22b7d2-31db-4af8-bf0c-5577da68ec36@group-3F5B260AE0F1-FollowerState] INFO  impl.RoleInfo (RoleInfo.java:shutdownFollowerState(110)) - 1d22b7d2-31db-4af8-bf0c-5577da68ec36: shutdown 1d22b7d2-31db-4af8-bf0c-5577da68ec36@group-3F5B260AE0F1-FollowerState
2023-01-26 20:33:18,319 [1d22b7d2-31db-4af8-bf0c-5577da68ec36@group-3F5B260AE0F1-FollowerState] INFO  server.RaftServer$Division (RaftServerImpl.java:setRole(321)) - 1d22b7d2-31db-4af8-bf0c-5577da68ec36@group-3F5B260AE0F1: changes role from  FOLLOWER to CANDIDATE at term 2 for changeToCandidate
2023-01-26 20:33:18,319 [1d22b7d2-31db-4af8-bf0c-5577da68ec36@group-3F5B260AE0F1-FollowerState] INFO  server.RaftServerConfigKeys (ConfUtils.java:logGet(46)) - raft.server.leaderelection.pre-vote = false (custom)
2023-01-26 20:33:18,319 [1d22b7d2-31db-4af8-bf0c-5577da68ec36@group-3F5B260AE0F1-FollowerState] INFO  impl.RoleInfo (RoleInfo.java:updateAndGet(139)) - 1d22b7d2-31db-4af8-bf0c-5577da68ec36: start 1d22b7d2-31db-4af8-bf0c-5577da68ec36@group-3F5B260AE0F1-LeaderElection51
2023-01-26 20:33:18,322 [1d22b7d2-31db-4af8-bf0c-5577da68ec36@group-3F5B260AE0F1-LeaderElection51] INFO  impl.LeaderElection (LeaderElection.java:askForVotes(312)) - 1d22b7d2-31db-4af8-bf0c-5577da68ec36@group-3F5B260AE0F1-LeaderElection51 ELECTION round 0: submit vote requests at term 3 for -1: peers:[1d22b7d2-31db-4af8-bf0c-5577da68ec36|rpc:10.1.0.15:38533|dataStream:10.1.0.15:42409|priority:0|startupRole:FOLLOWER, e073a1c5-1734-4c1f-8e4b-400896f1077e|rpc:10.1.0.15:44293|dataStream:10.1.0.15:37283|priority:0|startupRole:FOLLOWER, 2950c1a1-45bf-4864-9732-08ad567daa78|rpc:10.1.0.15:41507|dataStream:10.1.0.15:46779|priority:1|startupRole:FOLLOWER]|listeners:[], old=null
2023-01-26 20:33:18,323 [1d22b7d2-31db-4af8-bf0c-5577da68ec36@group-3F5B260AE0F1-LeaderElection51] INFO  server.RaftServerConfigKeys (ConfUtils.java:logFallback(53)) - raft.server.rpc.first-election.timeout.min = 5s (fallback to raft.server.rpc.timeout.min)
2023-01-26 20:33:18,323 [1d22b7d2-31db-4af8-bf0c-5577da68ec36@group-3F5B260AE0F1-LeaderElection51] INFO  server.RaftServerConfigKeys (ConfUtils.java:logFallback(53)) - raft.server.rpc.first-election.timeout.max = 5200ms (fallback to raft.server.rpc.timeout.max)
2023-01-26 20:33:18,325 [grpc-default-executor-0] INFO  server.RaftServer$Division (RaftServerImpl.java:requestVote(1218)) - e073a1c5-1734-4c1f-8e4b-400896f1077e@group-3F5B260AE0F1: receive requestVote(ELECTION, 1d22b7d2-31db-4af8-bf0c-5577da68ec36, group-3F5B260AE0F1, 3, (t:0, i:0))
2023-01-26 20:33:18,326 [grpc-default-executor-0] INFO  impl.VoteContext (VoteContext.java:log(49)) - e073a1c5-1734-4c1f-8e4b-400896f1077e@group-3F5B260AE0F1-FOLLOWER: accept ELECTION from 1d22b7d2-31db-4af8-bf0c-5577da68ec36: our priority 0 <= candidate's priority 0
2023-01-26 20:33:18,327 [grpc-default-executor-0] INFO  server.RaftServer$Division (RaftServerImpl.java:setRole(321)) - e073a1c5-1734-4c1f-8e4b-400896f1077e@group-3F5B260AE0F1: changes role from  FOLLOWER to FOLLOWER at term 3 for candidate:1d22b7d2-31db-4af8-bf0c-5577da68ec36
2023-01-26 20:33:18,327 [grpc-default-executor-0] INFO  impl.RoleInfo (RoleInfo.java:shutdownFollowerState(110)) - e073a1c5-1734-4c1f-8e4b-400896f1077e: shutdown e073a1c5-1734-4c1f-8e4b-400896f1077e@group-3F5B260AE0F1-FollowerState
2023-01-26 20:33:18,327 [grpc-default-executor-0] INFO  impl.RoleInfo (RoleInfo.java:updateAndGet(139)) - e073a1c5-1734-4c1f-8e4b-400896f1077e: start e073a1c5-1734-4c1f-8e4b-400896f1077e@group-3F5B260AE0F1-FollowerState
2023-01-26 20:33:18,327 [e073a1c5-1734-4c1f-8e4b-400896f1077e@group-3F5B260AE0F1-FollowerState] INFO  impl.FollowerState (FollowerState.java:run(152)) - e073a1c5-1734-4c1f-8e4b-400896f1077e@group-3F5B260AE0F1-FollowerState was interrupted
2023-01-26 20:33:18,327 [e073a1c5-1734-4c1f-8e4b-400896f1077e@group-3F5B260AE0F1-FollowerState] INFO  server.RaftServerConfigKeys (ConfUtils.java:logFallback(53)) - raft.server.rpc.first-election.timeout.min = 5s (fallback to raft.server.rpc.timeout.min)
2023-01-26 20:33:18,327 [e073a1c5-1734-4c1f-8e4b-400896f1077e@group-3F5B260AE0F1-FollowerState] INFO  server.RaftServerConfigKeys (ConfUtils.java:logFallback(53)) - raft.server.rpc.first-election.timeout.max = 5200ms (fallback to raft.server.rpc.timeout.max)
2023-01-26 20:33:18,328 [grpc-default-executor-0] INFO  server.RaftServer$Division (RaftServerImpl.java:requestVote(1251)) - e073a1c5-1734-4c1f-8e4b-400896f1077e@group-3F5B260AE0F1 replies to ELECTION vote request: 1d22b7d2-31db-4af8-bf0c-5577da68ec36<-e073a1c5-1734-4c1f-8e4b-400896f1077e#0:OK-t3. Peer's state: e073a1c5-1734-4c1f-8e4b-400896f1077e@group-3F5B260AE0F1:t3, leader=null, voted=1d22b7d2-31db-4af8-bf0c-5577da68ec36, raftlog=Memoized:e073a1c5-1734-4c1f-8e4b-400896f1077e@group-3F5B260AE0F1-SegmentedRaftLog:OPENED:c-1, conf=-1: peers:[1d22b7d2-31db-4af8-bf0c-5577da68ec36|rpc:10.1.0.15:38533|dataStream:10.1.0.15:42409|priority:0|startupRole:FOLLOWER, e073a1c5-1734-4c1f-8e4b-400896f1077e|rpc:10.1.0.15:44293|dataStream:10.1.0.15:37283|priority:0|startupRole:FOLLOWER, 2950c1a1-45bf-4864-9732-08ad567daa78|rpc:10.1.0.15:41507|dataStream:10.1.0.15:46779|priority:1|startupRole:FOLLOWER]|listeners:[], old=null
2023-01-26 20:33:18,329 [grpc-default-executor-1] INFO  server.RaftServer$Division (RaftServerImpl.java:requestVote(1218)) - 2950c1a1-45bf-4864-9732-08ad567daa78@group-3F5B260AE0F1: receive requestVote(ELECTION, 1d22b7d2-31db-4af8-bf0c-5577da68ec36, group-3F5B260AE0F1, 3, (t:0, i:0))
2023-01-26 20:33:18,329 [grpc-default-executor-1] INFO  impl.VoteContext (VoteContext.java:log(49)) - 2950c1a1-45bf-4864-9732-08ad567daa78@group-3F5B260AE0F1-FOLLOWER: reject ELECTION from 1d22b7d2-31db-4af8-bf0c-5577da68ec36: our priority 1 > candidate's priority 0
2023-01-26 20:33:18,329 [grpc-default-executor-1] INFO  server.RaftServer$Division (RaftServerImpl.java:setRole(321)) - 2950c1a1-45bf-4864-9732-08ad567daa78@group-3F5B260AE0F1: changes role from  FOLLOWER to FOLLOWER at term 3 for candidate:1d22b7d2-31db-4af8-bf0c-5577da68ec36
2023-01-26 20:33:18,329 [grpc-default-executor-1] INFO  impl.RoleInfo (RoleInfo.java:shutdownFollowerState(110)) - 2950c1a1-45bf-4864-9732-08ad567daa78: shutdown 2950c1a1-45bf-4864-9732-08ad567daa78@group-3F5B260AE0F1-FollowerState
2023-01-26 20:33:18,329 [grpc-default-executor-1] INFO  impl.RoleInfo (RoleInfo.java:updateAndGet(139)) - 2950c1a1-45bf-4864-9732-08ad567daa78: start 2950c1a1-45bf-4864-9732-08ad567daa78@group-3F5B260AE0F1-FollowerState
2023-01-26 20:33:18,329 [2950c1a1-45bf-4864-9732-08ad567daa78@group-3F5B260AE0F1-FollowerState] INFO  impl.FollowerState (FollowerState.java:run(152)) - 2950c1a1-45bf-4864-9732-08ad567daa78@group-3F5B260AE0F1-FollowerState was interrupted
2023-01-26 20:33:18,333 [2950c1a1-45bf-4864-9732-08ad567daa78@group-3F5B260AE0F1-FollowerState] INFO  server.RaftServerConfigKeys (ConfUtils.java:logFallback(53)) - raft.server.rpc.first-election.timeout.min = 5s (fallback to raft.server.rpc.timeout.min)
2023-01-26 20:33:18,333 [2950c1a1-45bf-4864-9732-08ad567daa78@group-3F5B260AE0F1-FollowerState] INFO  server.RaftServerConfigKeys (ConfUtils.java:logFallback(53)) - raft.server.rpc.first-election.timeout.max = 5200ms (fallback to raft.server.rpc.timeout.max)
2023-01-26 20:33:18,333 [grpc-default-executor-1] INFO  server.RaftServer$Division (RaftServerImpl.java:requestVote(1251)) - 2950c1a1-45bf-4864-9732-08ad567daa78@group-3F5B260AE0F1 replies to ELECTION vote request: 1d22b7d2-31db-4af8-bf0c-5577da68ec36<-2950c1a1-45bf-4864-9732-08ad567daa78#0:FAIL-t3. Peer's state: 2950c1a1-45bf-4864-9732-08ad567daa78@group-3F5B260AE0F1:t3, leader=null, voted=null, raftlog=Memoized:2950c1a1-45bf-4864-9732-08ad567daa78@group-3F5B260AE0F1-SegmentedRaftLog:OPENED:c-1, conf=-1: peers:[1d22b7d2-31db-4af8-bf0c-5577da68ec36|rpc:10.1.0.15:38533|dataStream:10.1.0.15:42409|priority:0|startupRole:FOLLOWER, e073a1c5-1734-4c1f-8e4b-400896f1077e|rpc:10.1.0.15:44293|dataStream:10.1.0.15:37283|priority:0|startupRole:FOLLOWER, 2950c1a1-45bf-4864-9732-08ad567daa78|rpc:10.1.0.15:41507|dataStream:10.1.0.15:46779|priority:1|startupRole:FOLLOWER]|listeners:[], old=null
2023-01-26 20:33:18,334 [1d22b7d2-31db-4af8-bf0c-5577da68ec36@group-3F5B260AE0F1-LeaderElection51] INFO  impl.LeaderElection (LeaderElection.java:logAndReturn(90)) - 1d22b7d2-31db-4af8-bf0c-5577da68ec36@group-3F5B260AE0F1-LeaderElection51: ELECTION REJECTED received 2 response(s) and 0 exception(s):
2023-01-26 20:33:18,334 [1d22b7d2-31db-4af8-bf0c-5577da68ec36@group-3F5B260AE0F1-LeaderElection51] INFO  impl.LeaderElection (LeaderElection.java:logAndReturn(94)) -   Response 0: 1d22b7d2-31db-4af8-bf0c-5577da68ec36<-e073a1c5-1734-4c1f-8e4b-400896f1077e#0:OK-t3
2023-01-26 20:33:18,334 [1d22b7d2-31db-4af8-bf0c-5577da68ec36@group-3F5B260AE0F1-LeaderElection51] INFO  impl.LeaderElection (LeaderElection.java:logAndReturn(94)) -   Response 1: 1d22b7d2-31db-4af8-bf0c-5577da68ec36<-2950c1a1-45bf-4864-9732-08ad567daa78#0:FAIL-t3
2023-01-26 20:33:18,334 [1d22b7d2-31db-4af8-bf0c-5577da68ec36@group-3F5B260AE0F1-LeaderElection51] INFO  impl.LeaderElection (LeaderElection.java:askForVotes(314)) - 1d22b7d2-31db-4af8-bf0c-5577da68ec36@group-3F5B260AE0F1-LeaderElection51 ELECTION round 0: result REJECTED
2023-01-26 20:33:18,334 [1d22b7d2-31db-4af8-bf0c-5577da68ec36@group-3F5B260AE0F1-LeaderElection51] INFO  server.RaftServer$Division (RaftServerImpl.java:setRole(321)) - 1d22b7d2-31db-4af8-bf0c-5577da68ec36@group-3F5B260AE0F1: changes role from CANDIDATE to FOLLOWER at term 3 for REJECTED
2023-01-26 20:33:18,334 [1d22b7d2-31db-4af8-bf0c-5577da68ec36@group-3F5B260AE0F1-LeaderElection51] INFO  impl.RoleInfo (RoleInfo.java:shutdownLeaderElection(130)) - 1d22b7d2-31db-4af8-bf0c-5577da68ec36: shutdown 1d22b7d2-31db-4af8-bf0c-5577da68ec36@group-3F5B260AE0F1-LeaderElection51
2023-01-26 20:33:18,334 [1d22b7d2-31db-4af8-bf0c-5577da68ec36@group-3F5B260AE0F1-LeaderElection51] INFO  impl.RoleInfo (RoleInfo.java:updateAndGet(139)) - 1d22b7d2-31db-4af8-bf0c-5577da68ec36: start 1d22b7d2-31db-4af8-bf0c-5577da68ec36@group-3F5B260AE0F1-FollowerState
2023-01-26 20:33:18,336 [1d22b7d2-31db-4af8-bf0c-5577da68ec36@group-3F5B260AE0F1-FollowerState] INFO  server.RaftServerConfigKeys (ConfUtils.java:logFallback(53)) - raft.server.rpc.first-election.timeout.min = 5s (fallback to raft.server.rpc.timeout.min)
2023-01-26 20:33:18,336 [1d22b7d2-31db-4af8-bf0c-5577da68ec36@group-3F5B260AE0F1-FollowerState] INFO  server.RaftServerConfigKeys (ConfUtils.java:logFallback(53)) - raft.server.rpc.first-election.timeout.max = 5200ms (fallback to raft.server.rpc.timeout.max)
2023-01-26 20:33:18,413 [2950c1a1-45bf-4864-9732-08ad567daa78@group-5654D82E323F-FollowerState] INFO  server.RaftServerConfigKeys (ConfUtils.java:logFallback(53)) - raft.server.rpc.first-election.timeout.min = 5s (fallback to raft.server.rpc.timeout.min)
2023-01-26 20:33:18,413 [2950c1a1-45bf-4864-9732-08ad567daa78@group-5654D82E323F-FollowerState] INFO  server.RaftServerConfigKeys (ConfUtils.java:logFallback(53)) - raft.server.rpc.first-election.timeout.max = 5200ms (fallback to raft.server.rpc.timeout.max)
2023-01-26 20:33:18,432 [e073a1c5-1734-4c1f-8e4b-400896f1077e@group-5654D82E323F-FollowerState] INFO  impl.FollowerState (FollowerState.java:run(143)) - e073a1c5-1734-4c1f-8e4b-400896f1077e@group-5654D82E323F-FollowerState: change to CANDIDATE, lastRpcElapsedTime:5155399670ns, electionTimeout:5152ms
2023-01-26 20:33:18,432 [e073a1c5-1734-4c1f-8e4b-400896f1077e@group-5654D82E323F-FollowerState] INFO  impl.RoleInfo (RoleInfo.java:shutdownFollowerState(110)) - e073a1c5-1734-4c1f-8e4b-400896f1077e: shutdown e073a1c5-1734-4c1f-8e4b-400896f1077e@group-5654D82E323F-FollowerState
2023-01-26 20:33:18,432 [e073a1c5-1734-4c1f-8e4b-400896f1077e@group-5654D82E323F-FollowerState] INFO  server.RaftServer$Division (RaftServerImpl.java:setRole(321)) - e073a1c5-1734-4c1f-8e4b-400896f1077e@group-5654D82E323F: changes role from  FOLLOWER to CANDIDATE at term 2 for changeToCandidate
2023-01-26 20:33:18,433 [e073a1c5-1734-4c1f-8e4b-400896f1077e@group-5654D82E323F-FollowerState] INFO  server.RaftServerConfigKeys (ConfUtils.java:logGet(46)) - raft.server.leaderelection.pre-vote = false (custom)
2023-01-26 20:33:18,433 [e073a1c5-1734-4c1f-8e4b-400896f1077e@group-5654D82E323F-FollowerState] INFO  impl.RoleInfo (RoleInfo.java:updateAndGet(139)) - e073a1c5-1734-4c1f-8e4b-400896f1077e: start e073a1c5-1734-4c1f-8e4b-400896f1077e@group-5654D82E323F-LeaderElection52
2023-01-26 20:33:18,435 [e073a1c5-1734-4c1f-8e4b-400896f1077e@group-5654D82E323F-LeaderElection52] INFO  impl.LeaderElection (LeaderElection.java:askForVotes(312)) - e073a1c5-1734-4c1f-8e4b-400896f1077e@group-5654D82E323F-LeaderElection52 ELECTION round 0: submit vote requests at term 3 for -1: peers:[1d22b7d2-31db-4af8-bf0c-5577da68ec36|rpc:10.1.0.15:38533|dataStream:10.1.0.15:42409|priority:0|startupRole:FOLLOWER, e073a1c5-1734-4c1f-8e4b-400896f1077e|rpc:10.1.0.15:44293|dataStream:10.1.0.15:37283|priority:1|startupRole:FOLLOWER, 2950c1a1-45bf-4864-9732-08ad567daa78|rpc:10.1.0.15:41507|dataStream:10.1.0.15:46779|priority:0|startupRole:FOLLOWER]|listeners:[], old=null
2023-01-26 20:33:18,435 [e073a1c5-1734-4c1f-8e4b-400896f1077e@group-5654D82E323F-LeaderElection52] INFO  server.RaftServerConfigKeys (ConfUtils.java:logFallback(53)) - raft.server.rpc.first-election.timeout.min = 5s (fallback to raft.server.rpc.timeout.min)
2023-01-26 20:33:18,436 [e073a1c5-1734-4c1f-8e4b-400896f1077e@group-5654D82E323F-LeaderElection52-1] INFO  server.GrpcServerProtocolClient (GrpcServerProtocolClient.java:<init>(63)) - Build channel for 1d22b7d2-31db-4af8-bf0c-5577da68ec36
2023-01-26 20:33:18,436 [e073a1c5-1734-4c1f-8e4b-400896f1077e@group-5654D82E323F-LeaderElection52] INFO  server.RaftServerConfigKeys (ConfUtils.java:logFallback(53)) - raft.server.rpc.first-election.timeout.max = 5200ms (fallback to raft.server.rpc.timeout.max)
2023-01-26 20:33:18,436 [e073a1c5-1734-4c1f-8e4b-400896f1077e@group-5654D82E323F-LeaderElection52-2] INFO  server.GrpcServerProtocolClient (GrpcServerProtocolClient.java:<init>(63)) - Build channel for 2950c1a1-45bf-4864-9732-08ad567daa78
2023-01-26 20:33:18,449 [grpc-default-executor-1] INFO  server.RaftServer$Division (RaftServerImpl.java:requestVote(1218)) - 1d22b7d2-31db-4af8-bf0c-5577da68ec36@group-5654D82E323F: receive requestVote(ELECTION, e073a1c5-1734-4c1f-8e4b-400896f1077e, group-5654D82E323F, 3, (t:0, i:0))
2023-01-26 20:33:18,449 [grpc-default-executor-1] INFO  impl.VoteContext (VoteContext.java:log(49)) - 1d22b7d2-31db-4af8-bf0c-5577da68ec36@group-5654D82E323F-FOLLOWER: accept ELECTION from e073a1c5-1734-4c1f-8e4b-400896f1077e: our priority 0 <= candidate's priority 1
2023-01-26 20:33:18,449 [grpc-default-executor-1] INFO  server.RaftServer$Division (RaftServerImpl.java:setRole(321)) - 1d22b7d2-31db-4af8-bf0c-5577da68ec36@group-5654D82E323F: changes role from  FOLLOWER to FOLLOWER at term 3 for candidate:e073a1c5-1734-4c1f-8e4b-400896f1077e
2023-01-26 20:33:18,449 [grpc-default-executor-1] INFO  impl.RoleInfo (RoleInfo.java:shutdownFollowerState(110)) - 1d22b7d2-31db-4af8-bf0c-5577da68ec36: shutdown 1d22b7d2-31db-4af8-bf0c-5577da68ec36@group-5654D82E323F-FollowerState
2023-01-26 20:33:18,449 [grpc-default-executor-1] INFO  impl.RoleInfo (RoleInfo.java:updateAndGet(139)) - 1d22b7d2-31db-4af8-bf0c-5577da68ec36: start 1d22b7d2-31db-4af8-bf0c-5577da68ec36@group-5654D82E323F-FollowerState
2023-01-26 20:33:18,449 [1d22b7d2-31db-4af8-bf0c-5577da68ec36@group-5654D82E323F-FollowerState] INFO  impl.FollowerState (FollowerState.java:run(152)) - 1d22b7d2-31db-4af8-bf0c-5577da68ec36@group-5654D82E323F-FollowerState was interrupted
2023-01-26 20:33:18,455 [grpc-default-executor-1] INFO  server.RaftServer$Division (RaftServerImpl.java:requestVote(1251)) - 1d22b7d2-31db-4af8-bf0c-5577da68ec36@group-5654D82E323F replies to ELECTION vote request: e073a1c5-1734-4c1f-8e4b-400896f1077e<-1d22b7d2-31db-4af8-bf0c-5577da68ec36#0:OK-t3. Peer's state: 1d22b7d2-31db-4af8-bf0c-5577da68ec36@group-5654D82E323F:t3, leader=null, voted=e073a1c5-1734-4c1f-8e4b-400896f1077e, raftlog=Memoized:1d22b7d2-31db-4af8-bf0c-5577da68ec36@group-5654D82E323F-SegmentedRaftLog:OPENED:c-1, conf=-1: peers:[1d22b7d2-31db-4af8-bf0c-5577da68ec36|rpc:10.1.0.15:38533|dataStream:10.1.0.15:42409|priority:0|startupRole:FOLLOWER, e073a1c5-1734-4c1f-8e4b-400896f1077e|rpc:10.1.0.15:44293|dataStream:10.1.0.15:37283|priority:1|startupRole:FOLLOWER, 2950c1a1-45bf-4864-9732-08ad567daa78|rpc:10.1.0.15:41507|dataStream:10.1.0.15:46779|priority:0|startupRole:FOLLOWER]|listeners:[], old=null
2023-01-26 20:33:18,456 [1d22b7d2-31db-4af8-bf0c-5577da68ec36@group-5654D82E323F-FollowerState] INFO  server.RaftServerConfigKeys (ConfUtils.java:logFallback(53)) - raft.server.rpc.first-election.timeout.min = 5s (fallback to raft.server.rpc.timeout.min)
2023-01-26 20:33:18,456 [1d22b7d2-31db-4af8-bf0c-5577da68ec36@group-5654D82E323F-FollowerState] INFO  server.RaftServerConfigKeys (ConfUtils.java:logFallback(53)) - raft.server.rpc.first-election.timeout.max = 5200ms (fallback to raft.server.rpc.timeout.max)
2023-01-26 20:33:18,458 [grpc-default-executor-1] INFO  server.RaftServer$Division (RaftServerImpl.java:requestVote(1218)) - 2950c1a1-45bf-4864-9732-08ad567daa78@group-5654D82E323F: receive requestVote(ELECTION, e073a1c5-1734-4c1f-8e4b-400896f1077e, group-5654D82E323F, 3, (t:0, i:0))
2023-01-26 20:33:18,458 [grpc-default-executor-1] INFO  impl.VoteContext (VoteContext.java:log(49)) - 2950c1a1-45bf-4864-9732-08ad567daa78@group-5654D82E323F-FOLLOWER: accept ELECTION from e073a1c5-1734-4c1f-8e4b-400896f1077e: our priority 0 <= candidate's priority 1
2023-01-26 20:33:18,458 [grpc-default-executor-1] INFO  server.RaftServer$Division (RaftServerImpl.java:setRole(321)) - 2950c1a1-45bf-4864-9732-08ad567daa78@group-5654D82E323F: changes role from  FOLLOWER to FOLLOWER at term 3 for candidate:e073a1c5-1734-4c1f-8e4b-400896f1077e
2023-01-26 20:33:18,458 [grpc-default-executor-1] INFO  impl.RoleInfo (RoleInfo.java:shutdownFollowerState(110)) - 2950c1a1-45bf-4864-9732-08ad567daa78: shutdown 2950c1a1-45bf-4864-9732-08ad567daa78@group-5654D82E323F-FollowerState
2023-01-26 20:33:18,458 [grpc-default-executor-1] INFO  impl.RoleInfo (RoleInfo.java:updateAndGet(139)) - 2950c1a1-45bf-4864-9732-08ad567daa78: start 2950c1a1-45bf-4864-9732-08ad567daa78@group-5654D82E323F-FollowerState
2023-01-26 20:33:18,458 [2950c1a1-45bf-4864-9732-08ad567daa78@group-5654D82E323F-FollowerState] INFO  impl.FollowerState (FollowerState.java:run(152)) - 2950c1a1-45bf-4864-9732-08ad567daa78@group-5654D82E323F-FollowerState was interrupted
2023-01-26 20:33:18,461 [grpc-default-executor-1] INFO  server.RaftServer$Division (RaftServerImpl.java:requestVote(1251)) - 2950c1a1-45bf-4864-9732-08ad567daa78@group-5654D82E323F replies to ELECTION vote request: e073a1c5-1734-4c1f-8e4b-400896f1077e<-2950c1a1-45bf-4864-9732-08ad567daa78#0:OK-t3. Peer's state: 2950c1a1-45bf-4864-9732-08ad567daa78@group-5654D82E323F:t3, leader=null, voted=e073a1c5-1734-4c1f-8e4b-400896f1077e, raftlog=Memoized:2950c1a1-45bf-4864-9732-08ad567daa78@group-5654D82E323F-SegmentedRaftLog:OPENED:c-1, conf=-1: peers:[1d22b7d2-31db-4af8-bf0c-5577da68ec36|rpc:10.1.0.15:38533|dataStream:10.1.0.15:42409|priority:0|startupRole:FOLLOWER, e073a1c5-1734-4c1f-8e4b-400896f1077e|rpc:10.1.0.15:44293|dataStream:10.1.0.15:37283|priority:1|startupRole:FOLLOWER, 2950c1a1-45bf-4864-9732-08ad567daa78|rpc:10.1.0.15:41507|dataStream:10.1.0.15:46779|priority:0|startupRole:FOLLOWER]|listeners:[], old=null
2023-01-26 20:33:18,462 [2950c1a1-45bf-4864-9732-08ad567daa78@group-5654D82E323F-FollowerState] INFO  server.RaftServerConfigKeys (ConfUtils.java:logFallback(53)) - raft.server.rpc.first-election.timeout.min = 5s (fallback to raft.server.rpc.timeout.min)
2023-01-26 20:33:18,462 [2950c1a1-45bf-4864-9732-08ad567daa78@group-5654D82E323F-FollowerState] INFO  server.RaftServerConfigKeys (ConfUtils.java:logFallback(53)) - raft.server.rpc.first-election.timeout.max = 5200ms (fallback to raft.server.rpc.timeout.max)
2023-01-26 20:33:18,462 [e073a1c5-1734-4c1f-8e4b-400896f1077e@group-5654D82E323F-LeaderElection52] INFO  impl.LeaderElection (LeaderElection.java:logAndReturn(90)) - e073a1c5-1734-4c1f-8e4b-400896f1077e@group-5654D82E323F-LeaderElection52: ELECTION PASSED received 1 response(s) and 0 exception(s):
2023-01-26 20:33:18,462 [e073a1c5-1734-4c1f-8e4b-400896f1077e@group-5654D82E323F-LeaderElection52] INFO  impl.LeaderElection (LeaderElection.java:logAndReturn(94)) -   Response 0: e073a1c5-1734-4c1f-8e4b-400896f1077e<-1d22b7d2-31db-4af8-bf0c-5577da68ec36#0:OK-t3
2023-01-26 20:33:18,462 [e073a1c5-1734-4c1f-8e4b-400896f1077e@group-5654D82E323F-LeaderElection52] INFO  impl.LeaderElection (LeaderElection.java:askForVotes(314)) - e073a1c5-1734-4c1f-8e4b-400896f1077e@group-5654D82E323F-LeaderElection52 ELECTION round 0: result PASSED
2023-01-26 20:33:18,462 [e073a1c5-1734-4c1f-8e4b-400896f1077e@group-5654D82E323F-LeaderElection52] INFO  impl.RoleInfo (RoleInfo.java:shutdownLeaderElection(130)) - e073a1c5-1734-4c1f-8e4b-400896f1077e: shutdown e073a1c5-1734-4c1f-8e4b-400896f1077e@group-5654D82E323F-LeaderElection52
2023-01-26 20:33:18,462 [e073a1c5-1734-4c1f-8e4b-400896f1077e@group-5654D82E323F-LeaderElection52] INFO  server.RaftServer$Division (RaftServerImpl.java:setRole(321)) - e073a1c5-1734-4c1f-8e4b-400896f1077e@group-5654D82E323F: changes role from CANDIDATE to LEADER at term 3 for changeToLeader
2023-01-26 20:33:18,462 [e073a1c5-1734-4c1f-8e4b-400896f1077e@group-5654D82E323F-LeaderElection52] INFO  ratis.XceiverServerRatis (XceiverServerRatis.java:handleLeaderChangedNotification(904)) - Leader change notification received for group: group-5654D82E323F with new leaderId: e073a1c5-1734-4c1f-8e4b-400896f1077e
2023-01-26 20:33:18,462 [e073a1c5-1734-4c1f-8e4b-400896f1077e@group-5654D82E323F-LeaderElection52] INFO  server.RaftServer$Division (ServerState.java:setLeader(313)) - e073a1c5-1734-4c1f-8e4b-400896f1077e@group-5654D82E323F: change Leader from null to e073a1c5-1734-4c1f-8e4b-400896f1077e at term 3 for becomeLeader, leader elected after 15272ms
2023-01-26 20:33:18,462 [e073a1c5-1734-4c1f-8e4b-400896f1077e@group-5654D82E323F-LeaderElection52] INFO  server.RaftServerConfigKeys (ConfUtils.java:logGet(46)) - raft.server.staging.catchup.gap = 1000 (default)
2023-01-26 20:33:18,462 [e073a1c5-1734-4c1f-8e4b-400896f1077e@group-5654D82E323F-LeaderElection52] INFO  server.RaftServerConfigKeys (ConfUtils.java:logGet(46)) - raft.server.write.element-limit = 1024 (custom)
2023-01-26 20:33:18,463 [e073a1c5-1734-4c1f-8e4b-400896f1077e@group-5654D82E323F-LeaderElection52] INFO  server.RaftServerConfigKeys (ConfUtils.java:logGet(46)) - raft.server.write.byte-limit = 1024 M (=1073741824) (custom)
2023-01-26 20:33:18,463 [e073a1c5-1734-4c1f-8e4b-400896f1077e@group-5654D82E323F-LeaderElection52] INFO  server.RaftServerConfigKeys (ConfUtils.java:logGet(46)) - raft.server.watch.timeout = 180s (custom)
2023-01-26 20:33:18,463 [e073a1c5-1734-4c1f-8e4b-400896f1077e@group-5654D82E323F-LeaderElection52] INFO  server.RaftServerConfigKeys (ConfUtils.java:logGet(46)) - raft.server.watch.timeout.denomination = 1s (default)
2023-01-26 20:33:18,463 [e073a1c5-1734-4c1f-8e4b-400896f1077e@group-5654D82E323F-LeaderElection52] INFO  server.RaftServerConfigKeys (ConfUtils.java:logGet(46)) - raft.server.watch.element-limit = 65536 (default)
2023-01-26 20:33:18,463 [e073a1c5-1734-4c1f-8e4b-400896f1077e@group-5654D82E323F-LeaderElection52] INFO  server.RaftServerConfigKeys (ConfUtils.java:logGet(46)) - raft.server.write.element-limit = 1024 (custom)
2023-01-26 20:33:18,463 [e073a1c5-1734-4c1f-8e4b-400896f1077e@group-5654D82E323F-LeaderElection52] INFO  server.RaftServerConfigKeys (ConfUtils.java:logGet(46)) - raft.server.write.follower.gap.ratio.max = -1.0 (default)
2023-01-26 20:33:18,463 [e073a1c5-1734-4c1f-8e4b-400896f1077e@group-5654D82E323F-LeaderElection52] INFO  server.RaftServerConfigKeys (ConfUtils.java:logGet(46)) - raft.server.log.appender.snapshot.chunk.size.max = 16MB (=16777216) (default)
2023-01-26 20:33:18,463 [e073a1c5-1734-4c1f-8e4b-400896f1077e@group-5654D82E323F-LeaderElection52] INFO  server.RaftServerConfigKeys (ConfUtils.java:logGet(46)) - raft.server.log.appender.buffer.byte-limit = 33554432 (custom)
2023-01-26 20:33:18,463 [e073a1c5-1734-4c1f-8e4b-400896f1077e@group-5654D82E323F-LeaderElection52] INFO  server.RaftServerConfigKeys (ConfUtils.java:logGet(46)) - raft.server.log.appender.buffer.element-limit = 1 (custom)
2023-01-26 20:33:18,463 [e073a1c5-1734-4c1f-8e4b-400896f1077e@group-5654D82E323F-LeaderElection52] INFO  grpc.GrpcConfigKeys (ConfUtils.java:logGet(46)) - raft.grpc.server.leader.outstanding.appends.max = 128 (default)
2023-01-26 20:33:18,463 [e073a1c5-1734-4c1f-8e4b-400896f1077e@group-5654D82E323F-LeaderElection52] INFO  server.RaftServerConfigKeys (ConfUtils.java:logGet(46)) - raft.server.rpc.request.timeout = 60s (custom)
2023-01-26 20:33:18,463 [e073a1c5-1734-4c1f-8e4b-400896f1077e@group-5654D82E323F-LeaderElection52] INFO  server.RaftServerConfigKeys (ConfUtils.java:logGet(46)) - raft.server.log.appender.install.snapshot.enabled = false (custom)
2023-01-26 20:33:18,463 [e073a1c5-1734-4c1f-8e4b-400896f1077e@group-5654D82E323F-LeaderElection52] INFO  grpc.GrpcConfigKeys (ConfUtils.java:logGet(46)) - raft.grpc.server.heartbeat.channel = true (default)
2023-01-26 20:33:18,463 [e073a1c5-1734-4c1f-8e4b-400896f1077e@group-5654D82E323F-LeaderElection52] INFO  server.RaftServerConfigKeys (ConfUtils.java:logGet(46)) - raft.server.log.appender.wait-time.min = 10ms (default)
2023-01-26 20:33:18,464 [e073a1c5-1734-4c1f-8e4b-400896f1077e@group-5654D82E323F-LeaderElection52] INFO  server.RaftServerConfigKeys (ConfUtils.java:logGet(46)) - raft.server.log.appender.snapshot.chunk.size.max = 16MB (=16777216) (default)
2023-01-26 20:33:18,464 [e073a1c5-1734-4c1f-8e4b-400896f1077e@group-5654D82E323F-LeaderElection52] INFO  server.RaftServerConfigKeys (ConfUtils.java:logGet(46)) - raft.server.log.appender.buffer.byte-limit = 33554432 (custom)
2023-01-26 20:33:18,464 [e073a1c5-1734-4c1f-8e4b-400896f1077e@group-5654D82E323F-LeaderElection52] INFO  server.RaftServerConfigKeys (ConfUtils.java:logGet(46)) - raft.server.log.appender.buffer.element-limit = 1 (custom)
2023-01-26 20:33:18,464 [e073a1c5-1734-4c1f-8e4b-400896f1077e@group-5654D82E323F-LeaderElection52] INFO  grpc.GrpcConfigKeys (ConfUtils.java:logGet(46)) - raft.grpc.server.leader.outstanding.appends.max = 128 (default)
2023-01-26 20:33:18,465 [e073a1c5-1734-4c1f-8e4b-400896f1077e@group-5654D82E323F-LeaderElection52] INFO  server.RaftServerConfigKeys (ConfUtils.java:logGet(46)) - raft.server.rpc.request.timeout = 60s (custom)
2023-01-26 20:33:18,465 [e073a1c5-1734-4c1f-8e4b-400896f1077e@group-5654D82E323F-LeaderElection52] INFO  server.RaftServerConfigKeys (ConfUtils.java:logGet(46)) - raft.server.log.appender.install.snapshot.enabled = false (custom)
2023-01-26 20:33:18,465 [e073a1c5-1734-4c1f-8e4b-400896f1077e@group-5654D82E323F-LeaderElection52] INFO  grpc.GrpcConfigKeys (ConfUtils.java:logGet(46)) - raft.grpc.server.heartbeat.channel = true (default)
2023-01-26 20:33:18,465 [e073a1c5-1734-4c1f-8e4b-400896f1077e@group-5654D82E323F-LeaderElection52] INFO  server.RaftServerConfigKeys (ConfUtils.java:logGet(46)) - raft.server.log.appender.wait-time.min = 10ms (default)
2023-01-26 20:33:18,465 [e073a1c5-1734-4c1f-8e4b-400896f1077e@group-5654D82E323F-LeaderElection52] INFO  impl.RoleInfo (RoleInfo.java:updateAndGet(139)) - e073a1c5-1734-4c1f-8e4b-400896f1077e: start e073a1c5-1734-4c1f-8e4b-400896f1077e@group-5654D82E323F-LeaderStateImpl
2023-01-26 20:33:18,465 [EventQueue-PipelineReportForPipelineReportHandler] INFO  pipeline.PipelineManagerImpl (PipelineManagerImpl.java:openPipeline(367)) - Pipeline Pipeline[ Id: a1d696f3-2e5c-430b-825f-5654d82e323f, Nodes: 2950c1a1-45bf-4864-9732-08ad567daa78(fv-az462-54.0zuljvm5d0yedf4jva4xayy4gc.gx.internal.cloudapp.net/10.1.0.15)1d22b7d2-31db-4af8-bf0c-5577da68ec36(fv-az462-54.0zuljvm5d0yedf4jva4xayy4gc.gx.internal.cloudapp.net/10.1.0.15)e073a1c5-1734-4c1f-8e4b-400896f1077e(fv-az462-54.0zuljvm5d0yedf4jva4xayy4gc.gx.internal.cloudapp.net/10.1.0.15), ReplicationConfig: RATIS/THREE, State:ALLOCATED, leaderId:e073a1c5-1734-4c1f-8e4b-400896f1077e, CreationTimestamp2023-01-26T20:33:00.596Z[Etc/UTC]] moved to OPEN state
2023-01-26 20:33:18,465 [e073a1c5-1734-4c1f-8e4b-400896f1077e@group-5654D82E323F-LeaderElection52] INFO  segmented.SegmentedRaftLogWorker (SegmentedRaftLogWorker.java:startLogSegment(452)) - e073a1c5-1734-4c1f-8e4b-400896f1077e@group-5654D82E323F-SegmentedRaftLogWorker: Starting segment from index:0
2023-01-26 20:33:18,465 [EventQueue-OpenPipelineForHealthyPipelineSafeModeRule] INFO  safemode.SCMSafeModeManager (HealthyPipelineSafeModeRule.java:process(137)) - SCM in safe mode. Healthy pipelines reported count is 0, required healthy pipeline reported count is 1
2023-01-26 20:33:18,465 [EventQueue-OpenPipelineForHealthyPipelineSafeModeRule] INFO  safemode.SCMSafeModeManager (HealthyPipelineSafeModeRule.java:process(137)) - SCM in safe mode. Healthy pipelines reported count is 1, required healthy pipeline reported count is 1
2023-01-26 20:33:18,465 [EventQueue-OpenPipelineForHealthyPipelineSafeModeRule] INFO  safemode.SCMSafeModeManager (SCMSafeModeManager.java:validateSafeModeExitRules(200)) - HealthyPipelineSafeModeRule rule is successfully validated
2023-01-26 20:33:18,465 [EventQueue-OpenPipelineForHealthyPipelineSafeModeRule] INFO  safemode.SCMSafeModeManager (SCMSafeModeManager.java:validateSafeModeExitRules(215)) - ScmSafeModeManager, all rules are successfully validated
2023-01-26 20:33:18,465 [EventQueue-OpenPipelineForHealthyPipelineSafeModeRule] INFO  safemode.SCMSafeModeManager (SCMSafeModeManager.java:exitSafeMode(244)) - SCM exiting safe mode.
2023-01-26 20:33:18,465 [EventQueue-OpenPipelineForHealthyPipelineSafeModeRule] INFO  ha.SCMContext (SCMContext.java:updateSafeModeStatus(228)) - Update SafeModeStatus from SafeModeStatus{safeModeStatus=true, preCheckPassed=true} to SafeModeStatus{safeModeStatus=false, preCheckPassed=true}.
2023-01-26 20:33:18,465 [EventQueue-OpenPipelineForHealthyPipelineSafeModeRule] INFO  pipeline.BackgroundPipelineCreator (BackgroundPipelineCreator.java:notifyStatusChanged(254)) - Service BackgroundPipelineCreator transitions to RUNNING.
2023-01-26 20:33:18,465 [EventQueue-OpenPipelineForHealthyPipelineSafeModeRule] INFO  BackgroundPipelineScrubber (BackgroundSCMService.java:notifyStatusChanged(82)) - Service BackgroundPipelineScrubber transitions to RUNNING.
2023-01-26 20:33:18,465 [EventQueue-OpenPipelineForHealthyPipelineSafeModeRule] INFO  ExpiredContainerReplicaOpScrubber (BackgroundSCMService.java:notifyStatusChanged(82)) - Service ExpiredContainerReplicaOpScrubber transitions to RUNNING.
2023-01-26 20:33:18,465 [EventQueue-OpenPipelineForHealthyPipelineSafeModeRule] INFO  replication.ReplicationManager (ReplicationManager.java:notifyStatusChanged(937)) - Service ReplicationManager transitions to RUNNING.
2023-01-26 20:33:18,466 [EventQueue-OpenPipelineForHealthyPipelineSafeModeRule] WARN  balancer.ContainerBalancer (ContainerBalancer.java:shouldRun(131)) - Could not find persisted configuration for ContainerBalancer when checking if ContainerBalancer should run. ContainerBalancer should not run now.
2023-01-26 20:33:18,466 [e073a1c5-1734-4c1f-8e4b-400896f1077e@group-5654D82E323F-SegmentedRaftLogWorker] INFO  segmented.SegmentedRaftLogWorker (SegmentedRaftLogWorker.java:execute(656)) - e073a1c5-1734-4c1f-8e4b-400896f1077e@group-5654D82E323F-SegmentedRaftLogWorker: created new log segment /home/runner/work/ozone/ozone/hadoop-ozone/integration-test/target/test-dir/MiniOzoneClusterImpl-ced6b6c1-d1ae-4b41-aa13-dfc1f6c7b229/datanode-2/data/ratis/a1d696f3-2e5c-430b-825f-5654d82e323f/current/log_inprogress_0
2023-01-26 20:33:18,474 [e073a1c5-1734-4c1f-8e4b-400896f1077e@group-5654D82E323F-LeaderElection52] INFO  server.RaftServer$Division (ServerState.java:setRaftConf(430)) - e073a1c5-1734-4c1f-8e4b-400896f1077e@group-5654D82E323F: set configuration 0: peers:[1d22b7d2-31db-4af8-bf0c-5577da68ec36|rpc:10.1.0.15:38533|dataStream:10.1.0.15:42409|priority:0|startupRole:FOLLOWER, e073a1c5-1734-4c1f-8e4b-400896f1077e|rpc:10.1.0.15:44293|dataStream:10.1.0.15:37283|priority:1|startupRole:FOLLOWER, 2950c1a1-45bf-4864-9732-08ad567daa78|rpc:10.1.0.15:41507|dataStream:10.1.0.15:46779|priority:0|startupRole:FOLLOWER]|listeners:[], old=null
2023-01-26 20:33:18,484 [2950c1a1-45bf-4864-9732-08ad567daa78-server-thread1] INFO  ratis.XceiverServerRatis (XceiverServerRatis.java:handleLeaderChangedNotification(904)) - Leader change notification received for group: group-5654D82E323F with new leaderId: e073a1c5-1734-4c1f-8e4b-400896f1077e
2023-01-26 20:33:18,484 [2950c1a1-45bf-4864-9732-08ad567daa78-server-thread1] INFO  server.RaftServer$Division (ServerState.java:setLeader(313)) - 2950c1a1-45bf-4864-9732-08ad567daa78@group-5654D82E323F: change Leader from null to e073a1c5-1734-4c1f-8e4b-400896f1077e at term 3 for appendEntries, leader elected after 15318ms
2023-01-26 20:33:18,489 [2950c1a1-45bf-4864-9732-08ad567daa78-server-thread1] INFO  server.RaftServer$Division (ServerState.java:setRaftConf(430)) - 2950c1a1-45bf-4864-9732-08ad567daa78@group-5654D82E323F: set configuration 0: peers:[1d22b7d2-31db-4af8-bf0c-5577da68ec36|rpc:10.1.0.15:38533|dataStream:10.1.0.15:42409|priority:0|startupRole:FOLLOWER, e073a1c5-1734-4c1f-8e4b-400896f1077e|rpc:10.1.0.15:44293|dataStream:10.1.0.15:37283|priority:1|startupRole:FOLLOWER, 2950c1a1-45bf-4864-9732-08ad567daa78|rpc:10.1.0.15:41507|dataStream:10.1.0.15:46779|priority:0|startupRole:FOLLOWER]|listeners:[], old=null
2023-01-26 20:33:18,489 [2950c1a1-45bf-4864-9732-08ad567daa78-server-thread1] INFO  segmented.SegmentedRaftLogWorker (SegmentedRaftLogWorker.java:startLogSegment(452)) - 2950c1a1-45bf-4864-9732-08ad567daa78@group-5654D82E323F-SegmentedRaftLogWorker: Starting segment from index:0
2023-01-26 20:33:18,490 [2950c1a1-45bf-4864-9732-08ad567daa78@group-5654D82E323F-SegmentedRaftLogWorker] INFO  segmented.SegmentedRaftLogWorker (SegmentedRaftLogWorker.java:execute(656)) - 2950c1a1-45bf-4864-9732-08ad567daa78@group-5654D82E323F-SegmentedRaftLogWorker: created new log segment /home/runner/work/ozone/ozone/hadoop-ozone/integration-test/target/test-dir/MiniOzoneClusterImpl-ced6b6c1-d1ae-4b41-aa13-dfc1f6c7b229/datanode-1/data/ratis/a1d696f3-2e5c-430b-825f-5654d82e323f/current/log_inprogress_0
2023-01-26 20:33:18,491 [1d22b7d2-31db-4af8-bf0c-5577da68ec36-server-thread1] INFO  ratis.XceiverServerRatis (XceiverServerRatis.java:handleLeaderChangedNotification(904)) - Leader change notification received for group: group-5654D82E323F with new leaderId: e073a1c5-1734-4c1f-8e4b-400896f1077e
2023-01-26 20:33:18,491 [1d22b7d2-31db-4af8-bf0c-5577da68ec36-server-thread1] INFO  server.RaftServer$Division (ServerState.java:setLeader(313)) - 1d22b7d2-31db-4af8-bf0c-5577da68ec36@group-5654D82E323F: change Leader from null to e073a1c5-1734-4c1f-8e4b-400896f1077e at term 3 for appendEntries, leader elected after 15345ms
2023-01-26 20:33:18,495 [1d22b7d2-31db-4af8-bf0c-5577da68ec36-server-thread1] INFO  server.RaftServer$Division (ServerState.java:setRaftConf(430)) - 1d22b7d2-31db-4af8-bf0c-5577da68ec36@group-5654D82E323F: set configuration 0: peers:[1d22b7d2-31db-4af8-bf0c-5577da68ec36|rpc:10.1.0.15:38533|dataStream:10.1.0.15:42409|priority:0|startupRole:FOLLOWER, e073a1c5-1734-4c1f-8e4b-400896f1077e|rpc:10.1.0.15:44293|dataStream:10.1.0.15:37283|priority:1|startupRole:FOLLOWER, 2950c1a1-45bf-4864-9732-08ad567daa78|rpc:10.1.0.15:41507|dataStream:10.1.0.15:46779|priority:0|startupRole:FOLLOWER]|listeners:[], old=null
2023-01-26 20:33:18,495 [1d22b7d2-31db-4af8-bf0c-5577da68ec36-server-thread1] INFO  segmented.SegmentedRaftLogWorker (SegmentedRaftLogWorker.java:startLogSegment(452)) - 1d22b7d2-31db-4af8-bf0c-5577da68ec36@group-5654D82E323F-SegmentedRaftLogWorker: Starting segment from index:0
2023-01-26 20:33:18,496 [1d22b7d2-31db-4af8-bf0c-5577da68ec36@group-5654D82E323F-SegmentedRaftLogWorker] INFO  segmented.SegmentedRaftLogWorker (SegmentedRaftLogWorker.java:execute(656)) - 1d22b7d2-31db-4af8-bf0c-5577da68ec36@group-5654D82E323F-SegmentedRaftLogWorker: created new log segment /home/runner/work/ozone/ozone/hadoop-ozone/integration-test/target/test-dir/MiniOzoneClusterImpl-ced6b6c1-d1ae-4b41-aa13-dfc1f6c7b229/datanode-0/data/ratis/a1d696f3-2e5c-430b-825f-5654d82e323f/current/log_inprogress_0
2023-01-26 20:33:19,220 [Listener at 127.0.0.1/35105] INFO  ozone.MiniOzoneClusterImpl (MiniOzoneClusterImpl.java:lambda$waitForClusterToBeReady$0(218)) - Nodes are ready. Got 5 of 5 DN Heartbeats.
2023-01-26 20:33:19,221 [Listener at 127.0.0.1/35105] INFO  ozone.MiniOzoneClusterImpl (MiniOzoneClusterImpl.java:lambda$waitForClusterToBeReady$0(221)) - Cluster exits safe mode
2023-01-26 20:33:19,221 [Listener at 127.0.0.1/35105] INFO  ozone.MiniOzoneClusterImpl (MiniOzoneClusterImpl.java:lambda$waitForClusterToBeReady$0(223)) - SCM became leader
2023-01-26 20:33:19,249 [Listener at 127.0.0.1/35105] INFO  rpc.RpcClient (RpcClient.java:createVolume(474)) - Creating Volume: volume38800, with user52321 as owner and space quota set to -1 bytes, counts quota set to -1
2023-01-26 20:33:19,250 [IPC Server handler 1 on default port 35105] INFO  volume.OMVolumeCreateRequest (OMVolumeCreateRequest.java:validateAndUpdateCache(195)) - created volume:volume38800 for user:user52321
2023-01-26 20:33:19,253 [Listener at 127.0.0.1/35105] INFO  rpc.RpcClient (RpcClient.java:createBucket(693)) - Creating Bucket: volume38800/bucket46934, with bucket layout LEGACY, runner as owner, Versioning false, Storage Type set to DISK and Encryption set to false 
2023-01-26 20:33:19,254 [IPC Server handler 4 on default port 35105] INFO  bucket.OMBucketCreateRequest (OMBucketCreateRequest.java:validateAndUpdateCache(263)) - created bucket: bucket46934 of layout LEGACY in volume: volume38800
]]></system-out>
  </testcase>
  <testcase name="testSeekOnFileLength" classname="TestOzoneFileSystem" time="0.832">
    <system-out><![CDATA[2023-01-26 20:29:57,945 [IPC Server handler 0 on default port 35025] INFO  ha.SequenceIdGenerator (SequenceIdGenerator.java:getNextId(128)) - Allocate a batch for containerId, change lastId from 0 to 1000.
2023-01-26 20:29:57,956 [IPC Server handler 0 on default port 35025] WARN  ha.SequenceIdGenerator (SequenceIdGenerator.java:allocateBatch(237)) - Failed to allocate a batch for localId, expected lastId is 0, actual lastId is 111677748019200000.
2023-01-26 20:29:57,956 [IPC Server handler 0 on default port 35025] INFO  ha.SequenceIdGenerator (SequenceIdGenerator.java:getNextId(128)) - Allocate a batch for localId, change lastId from 111677748019200000 to 111677748019201000.
2023-01-26 20:29:58,107 [Time-limited test] INFO  impl.MetricsSystemImpl (MetricsSystemImpl.java:init(158)) - XceiverClientMetrics metrics system started (again)
2023-01-26 20:29:58,310 [5da6f0b0-ccdb-4a5d-9328-dd7db5de8beb@group-2B6F2EE16A18-FollowerState] INFO  impl.FollowerState (FollowerState.java:run(143)) - 5da6f0b0-ccdb-4a5d-9328-dd7db5de8beb@group-2B6F2EE16A18-FollowerState: change to CANDIDATE, lastRpcElapsedTime:5182705132ns, electionTimeout:5182ms
2023-01-26 20:29:58,310 [5da6f0b0-ccdb-4a5d-9328-dd7db5de8beb@group-2B6F2EE16A18-FollowerState] INFO  impl.RoleInfo (RoleInfo.java:shutdownFollowerState(110)) - 5da6f0b0-ccdb-4a5d-9328-dd7db5de8beb: shutdown 5da6f0b0-ccdb-4a5d-9328-dd7db5de8beb@group-2B6F2EE16A18-FollowerState
2023-01-26 20:29:58,310 [5da6f0b0-ccdb-4a5d-9328-dd7db5de8beb@group-2B6F2EE16A18-FollowerState] INFO  server.RaftServer$Division (RaftServerImpl.java:setRole(321)) - 5da6f0b0-ccdb-4a5d-9328-dd7db5de8beb@group-2B6F2EE16A18: changes role from  FOLLOWER to CANDIDATE at term 0 for changeToCandidate
2023-01-26 20:29:58,317 [5da6f0b0-ccdb-4a5d-9328-dd7db5de8beb@group-2B6F2EE16A18-FollowerState] INFO  server.RaftServerConfigKeys (ConfUtils.java:logGet(46)) - raft.server.leaderelection.pre-vote = false (custom)
2023-01-26 20:29:58,317 [5da6f0b0-ccdb-4a5d-9328-dd7db5de8beb@group-2B6F2EE16A18-FollowerState] INFO  impl.RoleInfo (RoleInfo.java:updateAndGet(139)) - 5da6f0b0-ccdb-4a5d-9328-dd7db5de8beb: start 5da6f0b0-ccdb-4a5d-9328-dd7db5de8beb@group-2B6F2EE16A18-LeaderElection8
2023-01-26 20:29:58,333 [5da6f0b0-ccdb-4a5d-9328-dd7db5de8beb@group-2B6F2EE16A18-LeaderElection8] INFO  impl.LeaderElection (LeaderElection.java:askForVotes(312)) - 5da6f0b0-ccdb-4a5d-9328-dd7db5de8beb@group-2B6F2EE16A18-LeaderElection8 ELECTION round 0: submit vote requests at term 1 for -1: peers:[5da6f0b0-ccdb-4a5d-9328-dd7db5de8beb|rpc:10.1.0.15:33881|dataStream:10.1.0.15:42829|priority:1|startupRole:FOLLOWER]|listeners:[], old=null
2023-01-26 20:29:58,333 [5da6f0b0-ccdb-4a5d-9328-dd7db5de8beb@group-2B6F2EE16A18-LeaderElection8] INFO  impl.LeaderElection (LeaderElection.java:askForVotes(314)) - 5da6f0b0-ccdb-4a5d-9328-dd7db5de8beb@group-2B6F2EE16A18-LeaderElection8 ELECTION round 0: result PASSED (term=1)
2023-01-26 20:29:58,333 [5da6f0b0-ccdb-4a5d-9328-dd7db5de8beb@group-2B6F2EE16A18-LeaderElection8] INFO  impl.RoleInfo (RoleInfo.java:shutdownLeaderElection(130)) - 5da6f0b0-ccdb-4a5d-9328-dd7db5de8beb: shutdown 5da6f0b0-ccdb-4a5d-9328-dd7db5de8beb@group-2B6F2EE16A18-LeaderElection8
2023-01-26 20:29:58,333 [5da6f0b0-ccdb-4a5d-9328-dd7db5de8beb@group-2B6F2EE16A18-LeaderElection8] INFO  server.RaftServer$Division (RaftServerImpl.java:setRole(321)) - 5da6f0b0-ccdb-4a5d-9328-dd7db5de8beb@group-2B6F2EE16A18: changes role from CANDIDATE to LEADER at term 1 for changeToLeader
2023-01-26 20:29:58,333 [5da6f0b0-ccdb-4a5d-9328-dd7db5de8beb@group-2B6F2EE16A18-LeaderElection8] INFO  ratis.XceiverServerRatis (XceiverServerRatis.java:handleLeaderChangedNotification(904)) - Leader change notification received for group: group-2B6F2EE16A18 with new leaderId: 5da6f0b0-ccdb-4a5d-9328-dd7db5de8beb
2023-01-26 20:29:58,334 [5da6f0b0-ccdb-4a5d-9328-dd7db5de8beb@group-2B6F2EE16A18-LeaderElection8] INFO  server.RaftServer$Division (ServerState.java:setLeader(313)) - 5da6f0b0-ccdb-4a5d-9328-dd7db5de8beb@group-2B6F2EE16A18: change Leader from null to 5da6f0b0-ccdb-4a5d-9328-dd7db5de8beb at term 1 for becomeLeader, leader elected after 5226ms
2023-01-26 20:29:58,334 [5da6f0b0-ccdb-4a5d-9328-dd7db5de8beb@group-2B6F2EE16A18-LeaderElection8] INFO  server.RaftServerConfigKeys (ConfUtils.java:logGet(46)) - raft.server.staging.catchup.gap = 1000 (default)
2023-01-26 20:29:58,334 [5da6f0b0-ccdb-4a5d-9328-dd7db5de8beb@group-2B6F2EE16A18-LeaderElection8] INFO  server.RaftServerConfigKeys (ConfUtils.java:logGet(46)) - raft.server.write.element-limit = 1024 (custom)
2023-01-26 20:29:58,334 [5da6f0b0-ccdb-4a5d-9328-dd7db5de8beb@group-2B6F2EE16A18-LeaderElection8] INFO  server.RaftServerConfigKeys (ConfUtils.java:logGet(46)) - raft.server.write.byte-limit = 1024 M (=1073741824) (custom)
2023-01-26 20:29:58,337 [5da6f0b0-ccdb-4a5d-9328-dd7db5de8beb@group-2B6F2EE16A18-LeaderElection8] INFO  server.RaftServerConfigKeys (ConfUtils.java:logGet(46)) - raft.server.watch.timeout = 180s (custom)
2023-01-26 20:29:58,337 [5da6f0b0-ccdb-4a5d-9328-dd7db5de8beb@group-2B6F2EE16A18-LeaderElection8] INFO  server.RaftServerConfigKeys (ConfUtils.java:logGet(46)) - raft.server.watch.timeout.denomination = 1s (default)
2023-01-26 20:29:58,337 [5da6f0b0-ccdb-4a5d-9328-dd7db5de8beb@group-2B6F2EE16A18-LeaderElection8] INFO  server.RaftServerConfigKeys (ConfUtils.java:logGet(46)) - raft.server.watch.element-limit = 65536 (default)
2023-01-26 20:29:58,337 [5da6f0b0-ccdb-4a5d-9328-dd7db5de8beb@group-2B6F2EE16A18-LeaderElection8] INFO  server.RaftServerConfigKeys (ConfUtils.java:logGet(46)) - raft.server.write.element-limit = 1024 (custom)
2023-01-26 20:29:58,337 [5da6f0b0-ccdb-4a5d-9328-dd7db5de8beb@group-2B6F2EE16A18-LeaderElection8] INFO  server.RaftServerConfigKeys (ConfUtils.java:logGet(46)) - raft.server.write.follower.gap.ratio.max = -1.0 (default)
2023-01-26 20:29:58,340 [5da6f0b0-ccdb-4a5d-9328-dd7db5de8beb@group-2B6F2EE16A18-LeaderElection8] INFO  impl.RoleInfo (RoleInfo.java:updateAndGet(139)) - 5da6f0b0-ccdb-4a5d-9328-dd7db5de8beb: start 5da6f0b0-ccdb-4a5d-9328-dd7db5de8beb@group-2B6F2EE16A18-LeaderStateImpl
2023-01-26 20:29:58,341 [5da6f0b0-ccdb-4a5d-9328-dd7db5de8beb@group-2B6F2EE16A18-LeaderElection8] INFO  segmented.SegmentedRaftLogWorker (SegmentedRaftLogWorker.java:startLogSegment(452)) - 5da6f0b0-ccdb-4a5d-9328-dd7db5de8beb@group-2B6F2EE16A18-SegmentedRaftLogWorker: Starting segment from index:0
2023-01-26 20:29:58,343 [5da6f0b0-ccdb-4a5d-9328-dd7db5de8beb@group-2B6F2EE16A18-SegmentedRaftLogWorker] INFO  segmented.SegmentedRaftLogWorker (SegmentedRaftLogWorker.java:execute(656)) - 5da6f0b0-ccdb-4a5d-9328-dd7db5de8beb@group-2B6F2EE16A18-SegmentedRaftLogWorker: created new log segment /home/runner/work/ozone/ozone/hadoop-ozone/integration-test/target/test-dir/MiniOzoneClusterImpl-91732d81-4c55-4ff3-841d-5fdfde2aad74/datanode-4/data/ratis/9e63722e-1a29-4cf3-a876-2b6f2ee16a18/current/log_inprogress_0
2023-01-26 20:29:58,349 [5da6f0b0-ccdb-4a5d-9328-dd7db5de8beb@group-2B6F2EE16A18-LeaderElection8] INFO  server.RaftServer$Division (ServerState.java:setRaftConf(430)) - 5da6f0b0-ccdb-4a5d-9328-dd7db5de8beb@group-2B6F2EE16A18: set configuration 0: peers:[5da6f0b0-ccdb-4a5d-9328-dd7db5de8beb|rpc:10.1.0.15:33881|dataStream:10.1.0.15:42829|priority:1|startupRole:FOLLOWER]|listeners:[], old=null
20:29:58.696 [IPC Server handler 17 on default port 38181] ERROR OMAudit - user=runner | ip=127.0.0.1 | op=READ_KEY {volume=volume83577, bucket=bucket75634, key=file_notexist, dataSize=0, replicationConfig=null} | ret=FAILURE
org.apache.hadoop.ozone.om.exceptions.OMException: Key:file_notexist not found
	at org.apache.hadoop.ozone.om.KeyManagerImpl.readKeyInfo(KeyManagerImpl.java:391) ~[ozone-manager-1.4.0-SNAPSHOT.jar:?]
	at org.apache.hadoop.ozone.om.KeyManagerImpl.lambda$9(KeyManagerImpl.java:2016) ~[ozone-manager-1.4.0-SNAPSHOT.jar:?]
	at org.apache.hadoop.util.MetricUtil.captureLatencyNs(MetricUtil.java:36) ~[hdds-common-1.4.0-SNAPSHOT.jar:?]
	at org.apache.hadoop.ozone.om.KeyManagerImpl.getKeyInfo(KeyManagerImpl.java:2014) ~[ozone-manager-1.4.0-SNAPSHOT.jar:?]
	at org.apache.hadoop.ozone.om.OzoneManager.getKeyInfo(OzoneManager.java:2826) ~[ozone-manager-1.4.0-SNAPSHOT.jar:?]
	at org.apache.hadoop.ozone.protocolPB.OzoneManagerRequestHandler.getKeyInfo(OzoneManagerRequestHandler.java:528) ~[ozone-manager-1.4.0-SNAPSHOT.jar:?]
	at org.apache.hadoop.ozone.protocolPB.OzoneManagerRequestHandler.handleReadRequest(OzoneManagerRequestHandler.java:287) ~[ozone-manager-1.4.0-SNAPSHOT.jar:?]
	at org.apache.hadoop.ozone.protocolPB.OzoneManagerProtocolServerSideTranslatorPB.submitReadRequestToOM(OzoneManagerProtocolServerSideTranslatorPB.java:226) ~[ozone-manager-1.4.0-SNAPSHOT.jar:?]
	at org.apache.hadoop.ozone.protocolPB.OzoneManagerProtocolServerSideTranslatorPB.processRequest(OzoneManagerProtocolServerSideTranslatorPB.java:175) ~[ozone-manager-1.4.0-SNAPSHOT.jar:?]
	at org.apache.hadoop.hdds.server.OzoneProtocolMessageDispatcher.processRequest(OzoneProtocolMessageDispatcher.java:87) [hdds-server-framework-1.4.0-SNAPSHOT.jar:?]
	at org.apache.hadoop.ozone.protocolPB.OzoneManagerProtocolServerSideTranslatorPB.submitRequest(OzoneManagerProtocolServerSideTranslatorPB.java:147) [ozone-manager-1.4.0-SNAPSHOT.jar:?]
	at org.apache.hadoop.ozone.protocol.proto.OzoneManagerProtocolProtos$OzoneManagerService$2.callBlockingMethod(OzoneManagerProtocolProtos.java) [ozone-interface-client-1.4.0-SNAPSHOT.jar:?]
	at org.apache.hadoop.ipc.ProtobufRpcEngine$Server.processCall(ProtobufRpcEngine.java:465) [hadoop-common-3.3.4.jar:?]
	at org.apache.hadoop.ipc.ProtobufRpcEngine2$Server$ProtoBufRpcInvoker.call(ProtobufRpcEngine2.java:578) [hadoop-common-3.3.4.jar:?]
	at org.apache.hadoop.ipc.ProtobufRpcEngine2$Server$ProtoBufRpcInvoker.call(ProtobufRpcEngine2.java:556) [hadoop-common-3.3.4.jar:?]
	at org.apache.hadoop.ipc.RPC$Server.call(RPC.java:1093) [hadoop-common-3.3.4.jar:?]
	at org.apache.hadoop.ipc.Server$RpcCall.run(Server.java:1043) [hadoop-common-3.3.4.jar:?]
	at org.apache.hadoop.ipc.Server$RpcCall.run(Server.java:971) [hadoop-common-3.3.4.jar:?]
	at java.security.AccessController.doPrivileged(Native Method) ~[?:1.8.0_352]
	at javax.security.auth.Subject.doAs(Subject.java:422) [?:1.8.0_352]
	at org.apache.hadoop.security.UserGroupInformation.doAs(UserGroupInformation.java:1878) [hadoop-common-3.3.4.jar:?]
	at org.apache.hadoop.ipc.Server$Handler.run(Server.java:2976) [hadoop-common-3.3.4.jar:?]
]]></system-out>
  </testcase>
  <testcase name="testSeekOnFileLength" classname="TestOzoneFileSystem" time="0.184">
    <system-out><![CDATA[2023-01-26 20:31:08,005 [IPC Server handler 1 on default port 42307] INFO  ha.SequenceIdGenerator (SequenceIdGenerator.java:getNextId(128)) - Allocate a batch for containerId, change lastId from 0 to 1000.
2023-01-26 20:31:08,006 [IPC Server handler 1 on default port 42307] WARN  ha.SequenceIdGenerator (SequenceIdGenerator.java:allocateBatch(237)) - Failed to allocate a batch for localId, expected lastId is 0, actual lastId is 111677748019200000.
2023-01-26 20:31:08,006 [IPC Server handler 1 on default port 42307] INFO  ha.SequenceIdGenerator (SequenceIdGenerator.java:getNextId(128)) - Allocate a batch for localId, change lastId from 111677748019200000 to 111677748019201000.
2023-01-26 20:31:08,042 [33ea618b-d9cc-459d-a0c4-e4ecfab2c991@group-E6729A0FA6AF-FollowerState] INFO  impl.FollowerState (FollowerState.java:run(143)) - 33ea618b-d9cc-459d-a0c4-e4ecfab2c991@group-E6729A0FA6AF-FollowerState: change to CANDIDATE, lastRpcElapsedTime:5187253041ns, electionTimeout:5184ms
2023-01-26 20:31:08,042 [33ea618b-d9cc-459d-a0c4-e4ecfab2c991@group-E6729A0FA6AF-FollowerState] INFO  impl.RoleInfo (RoleInfo.java:shutdownFollowerState(110)) - 33ea618b-d9cc-459d-a0c4-e4ecfab2c991: shutdown 33ea618b-d9cc-459d-a0c4-e4ecfab2c991@group-E6729A0FA6AF-FollowerState
2023-01-26 20:31:08,042 [33ea618b-d9cc-459d-a0c4-e4ecfab2c991@group-E6729A0FA6AF-FollowerState] INFO  server.RaftServer$Division (RaftServerImpl.java:setRole(321)) - 33ea618b-d9cc-459d-a0c4-e4ecfab2c991@group-E6729A0FA6AF: changes role from  FOLLOWER to CANDIDATE at term 1 for changeToCandidate
2023-01-26 20:31:08,042 [33ea618b-d9cc-459d-a0c4-e4ecfab2c991@group-E6729A0FA6AF-FollowerState] INFO  server.RaftServerConfigKeys (ConfUtils.java:logGet(46)) - raft.server.leaderelection.pre-vote = false (custom)
2023-01-26 20:31:08,042 [33ea618b-d9cc-459d-a0c4-e4ecfab2c991@group-E6729A0FA6AF-FollowerState] INFO  impl.RoleInfo (RoleInfo.java:updateAndGet(139)) - 33ea618b-d9cc-459d-a0c4-e4ecfab2c991: start 33ea618b-d9cc-459d-a0c4-e4ecfab2c991@group-E6729A0FA6AF-LeaderElection20
2023-01-26 20:31:08,050 [7e0f7051-7df6-4c7d-992e-efcf57e991e1@group-E6729A0FA6AF-FollowerState] INFO  impl.FollowerState (FollowerState.java:run(143)) - 7e0f7051-7df6-4c7d-992e-efcf57e991e1@group-E6729A0FA6AF-FollowerState: change to CANDIDATE, lastRpcElapsedTime:5192185298ns, electionTimeout:5189ms
2023-01-26 20:31:08,050 [7e0f7051-7df6-4c7d-992e-efcf57e991e1@group-E6729A0FA6AF-FollowerState] INFO  impl.RoleInfo (RoleInfo.java:shutdownFollowerState(110)) - 7e0f7051-7df6-4c7d-992e-efcf57e991e1: shutdown 7e0f7051-7df6-4c7d-992e-efcf57e991e1@group-E6729A0FA6AF-FollowerState
2023-01-26 20:31:08,050 [7e0f7051-7df6-4c7d-992e-efcf57e991e1@group-E6729A0FA6AF-FollowerState] INFO  server.RaftServer$Division (RaftServerImpl.java:setRole(321)) - 7e0f7051-7df6-4c7d-992e-efcf57e991e1@group-E6729A0FA6AF: changes role from  FOLLOWER to CANDIDATE at term 1 for changeToCandidate
2023-01-26 20:31:08,051 [7e0f7051-7df6-4c7d-992e-efcf57e991e1@group-E6729A0FA6AF-FollowerState] INFO  server.RaftServerConfigKeys (ConfUtils.java:logGet(46)) - raft.server.leaderelection.pre-vote = false (custom)
2023-01-26 20:31:08,051 [7e0f7051-7df6-4c7d-992e-efcf57e991e1@group-E6729A0FA6AF-FollowerState] INFO  impl.RoleInfo (RoleInfo.java:updateAndGet(139)) - 7e0f7051-7df6-4c7d-992e-efcf57e991e1: start 7e0f7051-7df6-4c7d-992e-efcf57e991e1@group-E6729A0FA6AF-LeaderElection21
2023-01-26 20:31:08,057 [33ea618b-d9cc-459d-a0c4-e4ecfab2c991@group-E6729A0FA6AF-LeaderElection20] INFO  impl.LeaderElection (LeaderElection.java:askForVotes(312)) - 33ea618b-d9cc-459d-a0c4-e4ecfab2c991@group-E6729A0FA6AF-LeaderElection20 ELECTION round 0: submit vote requests at term 2 for -1: peers:[33ea618b-d9cc-459d-a0c4-e4ecfab2c991|rpc:10.1.0.15:39387|dataStream:10.1.0.15:39857|priority:1|startupRole:FOLLOWER, f73d43d0-b19f-4135-8753-89f8dbf44938|rpc:10.1.0.15:40817|dataStream:10.1.0.15:41077|priority:0|startupRole:FOLLOWER, 7e0f7051-7df6-4c7d-992e-efcf57e991e1|rpc:10.1.0.15:44005|dataStream:10.1.0.15:38183|priority:0|startupRole:FOLLOWER]|listeners:[], old=null
2023-01-26 20:31:08,058 [33ea618b-d9cc-459d-a0c4-e4ecfab2c991@group-E6729A0FA6AF-LeaderElection20] INFO  server.RaftServerConfigKeys (ConfUtils.java:logFallback(53)) - raft.server.rpc.first-election.timeout.min = 5s (fallback to raft.server.rpc.timeout.min)
2023-01-26 20:31:08,058 [33ea618b-d9cc-459d-a0c4-e4ecfab2c991@group-E6729A0FA6AF-LeaderElection20] INFO  server.RaftServerConfigKeys (ConfUtils.java:logFallback(53)) - raft.server.rpc.first-election.timeout.max = 5200ms (fallback to raft.server.rpc.timeout.max)
2023-01-26 20:31:08,061 [7e0f7051-7df6-4c7d-992e-efcf57e991e1@group-E6729A0FA6AF-LeaderElection21] INFO  impl.LeaderElection (LeaderElection.java:askForVotes(312)) - 7e0f7051-7df6-4c7d-992e-efcf57e991e1@group-E6729A0FA6AF-LeaderElection21 ELECTION round 0: submit vote requests at term 2 for -1: peers:[33ea618b-d9cc-459d-a0c4-e4ecfab2c991|rpc:10.1.0.15:39387|dataStream:10.1.0.15:39857|priority:1|startupRole:FOLLOWER, f73d43d0-b19f-4135-8753-89f8dbf44938|rpc:10.1.0.15:40817|dataStream:10.1.0.15:41077|priority:0|startupRole:FOLLOWER, 7e0f7051-7df6-4c7d-992e-efcf57e991e1|rpc:10.1.0.15:44005|dataStream:10.1.0.15:38183|priority:0|startupRole:FOLLOWER]|listeners:[], old=null
2023-01-26 20:31:08,068 [grpc-default-executor-1] INFO  server.RaftServer$Division (RaftServerImpl.java:requestVote(1218)) - 7e0f7051-7df6-4c7d-992e-efcf57e991e1@group-E6729A0FA6AF: receive requestVote(ELECTION, 33ea618b-d9cc-459d-a0c4-e4ecfab2c991, group-E6729A0FA6AF, 2, (t:0, i:0))
2023-01-26 20:31:08,068 [grpc-default-executor-1] INFO  impl.VoteContext (VoteContext.java:log(49)) - 7e0f7051-7df6-4c7d-992e-efcf57e991e1@group-E6729A0FA6AF-CANDIDATE: reject ELECTION from 33ea618b-d9cc-459d-a0c4-e4ecfab2c991: already has voted for 7e0f7051-7df6-4c7d-992e-efcf57e991e1 at current term 2
2023-01-26 20:31:08,068 [grpc-default-executor-1] INFO  server.RaftServer$Division (RaftServerImpl.java:requestVote(1251)) - 7e0f7051-7df6-4c7d-992e-efcf57e991e1@group-E6729A0FA6AF replies to ELECTION vote request: 33ea618b-d9cc-459d-a0c4-e4ecfab2c991<-7e0f7051-7df6-4c7d-992e-efcf57e991e1#0:FAIL-t2. Peer's state: 7e0f7051-7df6-4c7d-992e-efcf57e991e1@group-E6729A0FA6AF:t2, leader=null, voted=7e0f7051-7df6-4c7d-992e-efcf57e991e1, raftlog=Memoized:7e0f7051-7df6-4c7d-992e-efcf57e991e1@group-E6729A0FA6AF-SegmentedRaftLog:OPENED:c-1, conf=-1: peers:[33ea618b-d9cc-459d-a0c4-e4ecfab2c991|rpc:10.1.0.15:39387|dataStream:10.1.0.15:39857|priority:1|startupRole:FOLLOWER, f73d43d0-b19f-4135-8753-89f8dbf44938|rpc:10.1.0.15:40817|dataStream:10.1.0.15:41077|priority:0|startupRole:FOLLOWER, 7e0f7051-7df6-4c7d-992e-efcf57e991e1|rpc:10.1.0.15:44005|dataStream:10.1.0.15:38183|priority:0|startupRole:FOLLOWER]|listeners:[], old=null
2023-01-26 20:31:08,068 [7e0f7051-7df6-4c7d-992e-efcf57e991e1@group-E6729A0FA6AF-LeaderElection21] INFO  server.RaftServerConfigKeys (ConfUtils.java:logFallback(53)) - raft.server.rpc.first-election.timeout.min = 5s (fallback to raft.server.rpc.timeout.min)
2023-01-26 20:31:08,068 [7e0f7051-7df6-4c7d-992e-efcf57e991e1@group-E6729A0FA6AF-LeaderElection21] INFO  server.RaftServerConfigKeys (ConfUtils.java:logFallback(53)) - raft.server.rpc.first-election.timeout.max = 5200ms (fallback to raft.server.rpc.timeout.max)
2023-01-26 20:31:08,078 [grpc-default-executor-2] INFO  server.RaftServer$Division (RaftServerImpl.java:requestVote(1218)) - f73d43d0-b19f-4135-8753-89f8dbf44938@group-E6729A0FA6AF: receive requestVote(ELECTION, 33ea618b-d9cc-459d-a0c4-e4ecfab2c991, group-E6729A0FA6AF, 2, (t:0, i:0))
2023-01-26 20:31:08,078 [grpc-default-executor-2] INFO  impl.VoteContext (VoteContext.java:log(49)) - f73d43d0-b19f-4135-8753-89f8dbf44938@group-E6729A0FA6AF-FOLLOWER: accept ELECTION from 33ea618b-d9cc-459d-a0c4-e4ecfab2c991: our priority 0 <= candidate's priority 1
2023-01-26 20:31:08,078 [grpc-default-executor-2] INFO  server.RaftServer$Division (RaftServerImpl.java:setRole(321)) - f73d43d0-b19f-4135-8753-89f8dbf44938@group-E6729A0FA6AF: changes role from  FOLLOWER to FOLLOWER at term 2 for candidate:33ea618b-d9cc-459d-a0c4-e4ecfab2c991
2023-01-26 20:31:08,079 [grpc-default-executor-2] INFO  impl.RoleInfo (RoleInfo.java:shutdownFollowerState(110)) - f73d43d0-b19f-4135-8753-89f8dbf44938: shutdown f73d43d0-b19f-4135-8753-89f8dbf44938@group-E6729A0FA6AF-FollowerState
2023-01-26 20:31:08,079 [grpc-default-executor-5] INFO  server.RaftServer$Division (RaftServerImpl.java:requestVote(1218)) - f73d43d0-b19f-4135-8753-89f8dbf44938@group-E6729A0FA6AF: receive requestVote(ELECTION, 7e0f7051-7df6-4c7d-992e-efcf57e991e1, group-E6729A0FA6AF, 2, (t:0, i:0))
2023-01-26 20:31:08,079 [grpc-default-executor-1] INFO  server.RaftServer$Division (RaftServerImpl.java:requestVote(1218)) - 33ea618b-d9cc-459d-a0c4-e4ecfab2c991@group-E6729A0FA6AF: receive requestVote(ELECTION, 7e0f7051-7df6-4c7d-992e-efcf57e991e1, group-E6729A0FA6AF, 2, (t:0, i:0))
2023-01-26 20:31:08,079 [grpc-default-executor-1] INFO  impl.VoteContext (VoteContext.java:log(49)) - 33ea618b-d9cc-459d-a0c4-e4ecfab2c991@group-E6729A0FA6AF-CANDIDATE: reject ELECTION from 7e0f7051-7df6-4c7d-992e-efcf57e991e1: already has voted for 33ea618b-d9cc-459d-a0c4-e4ecfab2c991 at current term 2
2023-01-26 20:31:08,079 [grpc-default-executor-1] INFO  server.RaftServer$Division (RaftServerImpl.java:requestVote(1251)) - 33ea618b-d9cc-459d-a0c4-e4ecfab2c991@group-E6729A0FA6AF replies to ELECTION vote request: 7e0f7051-7df6-4c7d-992e-efcf57e991e1<-33ea618b-d9cc-459d-a0c4-e4ecfab2c991#0:FAIL-t2. Peer's state: 33ea618b-d9cc-459d-a0c4-e4ecfab2c991@group-E6729A0FA6AF:t2, leader=null, voted=33ea618b-d9cc-459d-a0c4-e4ecfab2c991, raftlog=Memoized:33ea618b-d9cc-459d-a0c4-e4ecfab2c991@group-E6729A0FA6AF-SegmentedRaftLog:OPENED:c-1, conf=-1: peers:[33ea618b-d9cc-459d-a0c4-e4ecfab2c991|rpc:10.1.0.15:39387|dataStream:10.1.0.15:39857|priority:1|startupRole:FOLLOWER, f73d43d0-b19f-4135-8753-89f8dbf44938|rpc:10.1.0.15:40817|dataStream:10.1.0.15:41077|priority:0|startupRole:FOLLOWER, 7e0f7051-7df6-4c7d-992e-efcf57e991e1|rpc:10.1.0.15:44005|dataStream:10.1.0.15:38183|priority:0|startupRole:FOLLOWER]|listeners:[], old=null
2023-01-26 20:31:08,080 [7e0f7051-7df6-4c7d-992e-efcf57e991e1@group-E6729A0FA6AF-LeaderElection21] INFO  impl.LeaderElection (LeaderElection.java:logAndReturn(90)) - 7e0f7051-7df6-4c7d-992e-efcf57e991e1@group-E6729A0FA6AF-LeaderElection21: ELECTION REJECTED received 1 response(s) and 0 exception(s):
2023-01-26 20:31:08,080 [7e0f7051-7df6-4c7d-992e-efcf57e991e1@group-E6729A0FA6AF-LeaderElection21] INFO  impl.LeaderElection (LeaderElection.java:logAndReturn(94)) -   Response 0: 7e0f7051-7df6-4c7d-992e-efcf57e991e1<-33ea618b-d9cc-459d-a0c4-e4ecfab2c991#0:FAIL-t2
2023-01-26 20:31:08,080 [7e0f7051-7df6-4c7d-992e-efcf57e991e1@group-E6729A0FA6AF-LeaderElection21] INFO  impl.LeaderElection (LeaderElection.java:askForVotes(314)) - 7e0f7051-7df6-4c7d-992e-efcf57e991e1@group-E6729A0FA6AF-LeaderElection21 ELECTION round 0: result REJECTED
2023-01-26 20:31:08,080 [7e0f7051-7df6-4c7d-992e-efcf57e991e1@group-E6729A0FA6AF-LeaderElection21] INFO  server.RaftServer$Division (RaftServerImpl.java:setRole(321)) - 7e0f7051-7df6-4c7d-992e-efcf57e991e1@group-E6729A0FA6AF: changes role from CANDIDATE to FOLLOWER at term 2 for REJECTED
2023-01-26 20:31:08,080 [7e0f7051-7df6-4c7d-992e-efcf57e991e1@group-E6729A0FA6AF-LeaderElection21] INFO  impl.RoleInfo (RoleInfo.java:shutdownLeaderElection(130)) - 7e0f7051-7df6-4c7d-992e-efcf57e991e1: shutdown 7e0f7051-7df6-4c7d-992e-efcf57e991e1@group-E6729A0FA6AF-LeaderElection21
2023-01-26 20:31:08,080 [7e0f7051-7df6-4c7d-992e-efcf57e991e1@group-E6729A0FA6AF-LeaderElection21] INFO  impl.RoleInfo (RoleInfo.java:updateAndGet(139)) - 7e0f7051-7df6-4c7d-992e-efcf57e991e1: start 7e0f7051-7df6-4c7d-992e-efcf57e991e1@group-E6729A0FA6AF-FollowerState
2023-01-26 20:31:08,085 [grpc-default-executor-2] INFO  impl.RoleInfo (RoleInfo.java:updateAndGet(139)) - f73d43d0-b19f-4135-8753-89f8dbf44938: start f73d43d0-b19f-4135-8753-89f8dbf44938@group-E6729A0FA6AF-FollowerState
2023-01-26 20:31:08,085 [f73d43d0-b19f-4135-8753-89f8dbf44938@group-E6729A0FA6AF-FollowerState] INFO  impl.FollowerState (FollowerState.java:run(152)) - f73d43d0-b19f-4135-8753-89f8dbf44938@group-E6729A0FA6AF-FollowerState was interrupted
2023-01-26 20:31:08,085 [7e0f7051-7df6-4c7d-992e-efcf57e991e1@group-E6729A0FA6AF-FollowerState] INFO  server.RaftServerConfigKeys (ConfUtils.java:logFallback(53)) - raft.server.rpc.first-election.timeout.min = 5s (fallback to raft.server.rpc.timeout.min)
2023-01-26 20:31:08,085 [7e0f7051-7df6-4c7d-992e-efcf57e991e1@group-E6729A0FA6AF-FollowerState] INFO  server.RaftServerConfigKeys (ConfUtils.java:logFallback(53)) - raft.server.rpc.first-election.timeout.max = 5200ms (fallback to raft.server.rpc.timeout.max)
2023-01-26 20:31:08,090 [grpc-default-executor-2] INFO  server.RaftServer$Division (RaftServerImpl.java:requestVote(1251)) - f73d43d0-b19f-4135-8753-89f8dbf44938@group-E6729A0FA6AF replies to ELECTION vote request: 33ea618b-d9cc-459d-a0c4-e4ecfab2c991<-f73d43d0-b19f-4135-8753-89f8dbf44938#0:OK-t2. Peer's state: f73d43d0-b19f-4135-8753-89f8dbf44938@group-E6729A0FA6AF:t2, leader=null, voted=33ea618b-d9cc-459d-a0c4-e4ecfab2c991, raftlog=Memoized:f73d43d0-b19f-4135-8753-89f8dbf44938@group-E6729A0FA6AF-SegmentedRaftLog:OPENED:c-1, conf=-1: peers:[33ea618b-d9cc-459d-a0c4-e4ecfab2c991|rpc:10.1.0.15:39387|dataStream:10.1.0.15:39857|priority:1|startupRole:FOLLOWER, f73d43d0-b19f-4135-8753-89f8dbf44938|rpc:10.1.0.15:40817|dataStream:10.1.0.15:41077|priority:0|startupRole:FOLLOWER, 7e0f7051-7df6-4c7d-992e-efcf57e991e1|rpc:10.1.0.15:44005|dataStream:10.1.0.15:38183|priority:0|startupRole:FOLLOWER]|listeners:[], old=null
2023-01-26 20:31:08,090 [grpc-default-executor-5] INFO  impl.VoteContext (VoteContext.java:log(49)) - f73d43d0-b19f-4135-8753-89f8dbf44938@group-E6729A0FA6AF-FOLLOWER: reject ELECTION from 7e0f7051-7df6-4c7d-992e-efcf57e991e1: already has voted for 33ea618b-d9cc-459d-a0c4-e4ecfab2c991 at current term 2
2023-01-26 20:31:08,090 [grpc-default-executor-5] INFO  server.RaftServer$Division (RaftServerImpl.java:requestVote(1251)) - f73d43d0-b19f-4135-8753-89f8dbf44938@group-E6729A0FA6AF replies to ELECTION vote request: 7e0f7051-7df6-4c7d-992e-efcf57e991e1<-f73d43d0-b19f-4135-8753-89f8dbf44938#0:FAIL-t2. Peer's state: f73d43d0-b19f-4135-8753-89f8dbf44938@group-E6729A0FA6AF:t2, leader=null, voted=33ea618b-d9cc-459d-a0c4-e4ecfab2c991, raftlog=Memoized:f73d43d0-b19f-4135-8753-89f8dbf44938@group-E6729A0FA6AF-SegmentedRaftLog:OPENED:c-1, conf=-1: peers:[33ea618b-d9cc-459d-a0c4-e4ecfab2c991|rpc:10.1.0.15:39387|dataStream:10.1.0.15:39857|priority:1|startupRole:FOLLOWER, f73d43d0-b19f-4135-8753-89f8dbf44938|rpc:10.1.0.15:40817|dataStream:10.1.0.15:41077|priority:0|startupRole:FOLLOWER, 7e0f7051-7df6-4c7d-992e-efcf57e991e1|rpc:10.1.0.15:44005|dataStream:10.1.0.15:38183|priority:0|startupRole:FOLLOWER]|listeners:[], old=null
2023-01-26 20:31:08,091 [33ea618b-d9cc-459d-a0c4-e4ecfab2c991@group-E6729A0FA6AF-LeaderElection20] INFO  impl.LeaderElection (LeaderElection.java:logAndReturn(90)) - 33ea618b-d9cc-459d-a0c4-e4ecfab2c991@group-E6729A0FA6AF-LeaderElection20: ELECTION PASSED received 2 response(s) and 0 exception(s):
2023-01-26 20:31:08,091 [33ea618b-d9cc-459d-a0c4-e4ecfab2c991@group-E6729A0FA6AF-LeaderElection20] INFO  impl.LeaderElection (LeaderElection.java:logAndReturn(94)) -   Response 0: 33ea618b-d9cc-459d-a0c4-e4ecfab2c991<-f73d43d0-b19f-4135-8753-89f8dbf44938#0:OK-t2
2023-01-26 20:31:08,091 [33ea618b-d9cc-459d-a0c4-e4ecfab2c991@group-E6729A0FA6AF-LeaderElection20] INFO  impl.LeaderElection (LeaderElection.java:logAndReturn(94)) -   Response 1: 33ea618b-d9cc-459d-a0c4-e4ecfab2c991<-7e0f7051-7df6-4c7d-992e-efcf57e991e1#0:FAIL-t2
2023-01-26 20:31:08,091 [33ea618b-d9cc-459d-a0c4-e4ecfab2c991@group-E6729A0FA6AF-LeaderElection20] INFO  impl.LeaderElection (LeaderElection.java:askForVotes(314)) - 33ea618b-d9cc-459d-a0c4-e4ecfab2c991@group-E6729A0FA6AF-LeaderElection20 ELECTION round 0: result PASSED
2023-01-26 20:31:08,091 [33ea618b-d9cc-459d-a0c4-e4ecfab2c991@group-E6729A0FA6AF-LeaderElection20] INFO  impl.RoleInfo (RoleInfo.java:shutdownLeaderElection(130)) - 33ea618b-d9cc-459d-a0c4-e4ecfab2c991: shutdown 33ea618b-d9cc-459d-a0c4-e4ecfab2c991@group-E6729A0FA6AF-LeaderElection20
2023-01-26 20:31:08,091 [33ea618b-d9cc-459d-a0c4-e4ecfab2c991@group-E6729A0FA6AF-LeaderElection20] INFO  server.RaftServer$Division (RaftServerImpl.java:setRole(321)) - 33ea618b-d9cc-459d-a0c4-e4ecfab2c991@group-E6729A0FA6AF: changes role from CANDIDATE to LEADER at term 2 for changeToLeader
2023-01-26 20:31:08,091 [33ea618b-d9cc-459d-a0c4-e4ecfab2c991@group-E6729A0FA6AF-LeaderElection20] INFO  ratis.XceiverServerRatis (XceiverServerRatis.java:handleLeaderChangedNotification(904)) - Leader change notification received for group: group-E6729A0FA6AF with new leaderId: 33ea618b-d9cc-459d-a0c4-e4ecfab2c991
2023-01-26 20:31:08,092 [33ea618b-d9cc-459d-a0c4-e4ecfab2c991@group-E6729A0FA6AF-LeaderElection20] INFO  server.RaftServer$Division (ServerState.java:setLeader(313)) - 33ea618b-d9cc-459d-a0c4-e4ecfab2c991@group-E6729A0FA6AF: change Leader from null to 33ea618b-d9cc-459d-a0c4-e4ecfab2c991 at term 2 for becomeLeader, leader elected after 10367ms
2023-01-26 20:31:08,092 [33ea618b-d9cc-459d-a0c4-e4ecfab2c991@group-E6729A0FA6AF-LeaderElection20] INFO  server.RaftServerConfigKeys (ConfUtils.java:logGet(46)) - raft.server.staging.catchup.gap = 1000 (default)
2023-01-26 20:31:08,092 [33ea618b-d9cc-459d-a0c4-e4ecfab2c991@group-E6729A0FA6AF-LeaderElection20] INFO  server.RaftServerConfigKeys (ConfUtils.java:logGet(46)) - raft.server.write.element-limit = 1024 (custom)
2023-01-26 20:31:08,092 [33ea618b-d9cc-459d-a0c4-e4ecfab2c991@group-E6729A0FA6AF-LeaderElection20] INFO  server.RaftServerConfigKeys (ConfUtils.java:logGet(46)) - raft.server.write.byte-limit = 1024 M (=1073741824) (custom)
2023-01-26 20:31:08,092 [33ea618b-d9cc-459d-a0c4-e4ecfab2c991@group-E6729A0FA6AF-LeaderElection20] INFO  server.RaftServerConfigKeys (ConfUtils.java:logGet(46)) - raft.server.watch.timeout = 180s (custom)
2023-01-26 20:31:08,092 [33ea618b-d9cc-459d-a0c4-e4ecfab2c991@group-E6729A0FA6AF-LeaderElection20] INFO  server.RaftServerConfigKeys (ConfUtils.java:logGet(46)) - raft.server.watch.timeout.denomination = 1s (default)
2023-01-26 20:31:08,092 [33ea618b-d9cc-459d-a0c4-e4ecfab2c991@group-E6729A0FA6AF-LeaderElection20] INFO  server.RaftServerConfigKeys (ConfUtils.java:logGet(46)) - raft.server.watch.element-limit = 65536 (default)
2023-01-26 20:31:08,092 [33ea618b-d9cc-459d-a0c4-e4ecfab2c991@group-E6729A0FA6AF-LeaderElection20] INFO  server.RaftServerConfigKeys (ConfUtils.java:logGet(46)) - raft.server.write.element-limit = 1024 (custom)
2023-01-26 20:31:08,092 [33ea618b-d9cc-459d-a0c4-e4ecfab2c991@group-E6729A0FA6AF-LeaderElection20] INFO  server.RaftServerConfigKeys (ConfUtils.java:logGet(46)) - raft.server.write.follower.gap.ratio.max = -1.0 (default)
2023-01-26 20:31:08,093 [33ea618b-d9cc-459d-a0c4-e4ecfab2c991@group-E6729A0FA6AF-LeaderElection20] INFO  server.RaftServerConfigKeys (ConfUtils.java:logGet(46)) - raft.server.log.appender.snapshot.chunk.size.max = 16MB (=16777216) (default)
2023-01-26 20:31:08,093 [33ea618b-d9cc-459d-a0c4-e4ecfab2c991@group-E6729A0FA6AF-LeaderElection20] INFO  server.RaftServerConfigKeys (ConfUtils.java:logGet(46)) - raft.server.log.appender.buffer.byte-limit = 33554432 (custom)
2023-01-26 20:31:08,093 [33ea618b-d9cc-459d-a0c4-e4ecfab2c991@group-E6729A0FA6AF-LeaderElection20] INFO  server.RaftServerConfigKeys (ConfUtils.java:logGet(46)) - raft.server.log.appender.buffer.element-limit = 1 (custom)
2023-01-26 20:31:08,093 [33ea618b-d9cc-459d-a0c4-e4ecfab2c991@group-E6729A0FA6AF-LeaderElection20] INFO  grpc.GrpcConfigKeys (ConfUtils.java:logGet(46)) - raft.grpc.server.leader.outstanding.appends.max = 128 (default)
2023-01-26 20:31:08,093 [33ea618b-d9cc-459d-a0c4-e4ecfab2c991@group-E6729A0FA6AF-LeaderElection20] INFO  server.RaftServerConfigKeys (ConfUtils.java:logGet(46)) - raft.server.rpc.request.timeout = 60s (custom)
2023-01-26 20:31:08,093 [33ea618b-d9cc-459d-a0c4-e4ecfab2c991@group-E6729A0FA6AF-LeaderElection20] INFO  server.RaftServerConfigKeys (ConfUtils.java:logGet(46)) - raft.server.log.appender.install.snapshot.enabled = false (custom)
2023-01-26 20:31:08,093 [33ea618b-d9cc-459d-a0c4-e4ecfab2c991@group-E6729A0FA6AF-LeaderElection20] INFO  grpc.GrpcConfigKeys (ConfUtils.java:logGet(46)) - raft.grpc.server.heartbeat.channel = true (default)
2023-01-26 20:31:08,093 [33ea618b-d9cc-459d-a0c4-e4ecfab2c991@group-E6729A0FA6AF-LeaderElection20] INFO  server.RaftServerConfigKeys (ConfUtils.java:logGet(46)) - raft.server.log.appender.wait-time.min = 10ms (default)
2023-01-26 20:31:08,093 [33ea618b-d9cc-459d-a0c4-e4ecfab2c991@group-E6729A0FA6AF-LeaderElection20] INFO  server.RaftServerConfigKeys (ConfUtils.java:logGet(46)) - raft.server.log.appender.snapshot.chunk.size.max = 16MB (=16777216) (default)
2023-01-26 20:31:08,094 [33ea618b-d9cc-459d-a0c4-e4ecfab2c991@group-E6729A0FA6AF-LeaderElection20] INFO  server.RaftServerConfigKeys (ConfUtils.java:logGet(46)) - raft.server.log.appender.buffer.byte-limit = 33554432 (custom)
2023-01-26 20:31:08,094 [33ea618b-d9cc-459d-a0c4-e4ecfab2c991@group-E6729A0FA6AF-LeaderElection20] INFO  server.RaftServerConfigKeys (ConfUtils.java:logGet(46)) - raft.server.log.appender.buffer.element-limit = 1 (custom)
2023-01-26 20:31:08,094 [33ea618b-d9cc-459d-a0c4-e4ecfab2c991@group-E6729A0FA6AF-LeaderElection20] INFO  grpc.GrpcConfigKeys (ConfUtils.java:logGet(46)) - raft.grpc.server.leader.outstanding.appends.max = 128 (default)
2023-01-26 20:31:08,094 [33ea618b-d9cc-459d-a0c4-e4ecfab2c991@group-E6729A0FA6AF-LeaderElection20] INFO  server.RaftServerConfigKeys (ConfUtils.java:logGet(46)) - raft.server.rpc.request.timeout = 60s (custom)
2023-01-26 20:31:08,094 [33ea618b-d9cc-459d-a0c4-e4ecfab2c991@group-E6729A0FA6AF-LeaderElection20] INFO  server.RaftServerConfigKeys (ConfUtils.java:logGet(46)) - raft.server.log.appender.install.snapshot.enabled = false (custom)
2023-01-26 20:31:08,094 [33ea618b-d9cc-459d-a0c4-e4ecfab2c991@group-E6729A0FA6AF-LeaderElection20] INFO  grpc.GrpcConfigKeys (ConfUtils.java:logGet(46)) - raft.grpc.server.heartbeat.channel = true (default)
2023-01-26 20:31:08,094 [33ea618b-d9cc-459d-a0c4-e4ecfab2c991@group-E6729A0FA6AF-LeaderElection20] INFO  server.RaftServerConfigKeys (ConfUtils.java:logGet(46)) - raft.server.log.appender.wait-time.min = 10ms (default)
2023-01-26 20:31:08,094 [33ea618b-d9cc-459d-a0c4-e4ecfab2c991@group-E6729A0FA6AF-LeaderElection20] INFO  impl.RoleInfo (RoleInfo.java:updateAndGet(139)) - 33ea618b-d9cc-459d-a0c4-e4ecfab2c991: start 33ea618b-d9cc-459d-a0c4-e4ecfab2c991@group-E6729A0FA6AF-LeaderStateImpl
2023-01-26 20:31:08,094 [33ea618b-d9cc-459d-a0c4-e4ecfab2c991@group-E6729A0FA6AF-LeaderElection20] INFO  segmented.SegmentedRaftLogWorker (SegmentedRaftLogWorker.java:startLogSegment(452)) - 33ea618b-d9cc-459d-a0c4-e4ecfab2c991@group-E6729A0FA6AF-SegmentedRaftLogWorker: Starting segment from index:0
2023-01-26 20:31:08,095 [f73d43d0-b19f-4135-8753-89f8dbf44938@group-E6729A0FA6AF-FollowerState] INFO  server.RaftServerConfigKeys (ConfUtils.java:logFallback(53)) - raft.server.rpc.first-election.timeout.min = 5s (fallback to raft.server.rpc.timeout.min)
2023-01-26 20:31:08,095 [f73d43d0-b19f-4135-8753-89f8dbf44938@group-E6729A0FA6AF-FollowerState] INFO  server.RaftServerConfigKeys (ConfUtils.java:logFallback(53)) - raft.server.rpc.first-election.timeout.max = 5200ms (fallback to raft.server.rpc.timeout.max)
2023-01-26 20:31:08,096 [33ea618b-d9cc-459d-a0c4-e4ecfab2c991@group-E6729A0FA6AF-SegmentedRaftLogWorker] INFO  segmented.SegmentedRaftLogWorker (SegmentedRaftLogWorker.java:execute(656)) - 33ea618b-d9cc-459d-a0c4-e4ecfab2c991@group-E6729A0FA6AF-SegmentedRaftLogWorker: created new log segment /home/runner/work/ozone/ozone/hadoop-ozone/integration-test/target/test-dir/MiniOzoneClusterImpl-83fec8cd-5b22-4757-ae00-8ce138a916fc/datanode-0/data/ratis/ab16cabc-b199-41c2-a545-e6729a0fa6af/current/log_inprogress_0
2023-01-26 20:31:08,099 [33ea618b-d9cc-459d-a0c4-e4ecfab2c991@group-E6729A0FA6AF-LeaderElection20] INFO  server.RaftServer$Division (ServerState.java:setRaftConf(430)) - 33ea618b-d9cc-459d-a0c4-e4ecfab2c991@group-E6729A0FA6AF: set configuration 0: peers:[33ea618b-d9cc-459d-a0c4-e4ecfab2c991|rpc:10.1.0.15:39387|dataStream:10.1.0.15:39857|priority:1|startupRole:FOLLOWER, f73d43d0-b19f-4135-8753-89f8dbf44938|rpc:10.1.0.15:40817|dataStream:10.1.0.15:41077|priority:0|startupRole:FOLLOWER, 7e0f7051-7df6-4c7d-992e-efcf57e991e1|rpc:10.1.0.15:44005|dataStream:10.1.0.15:38183|priority:0|startupRole:FOLLOWER]|listeners:[], old=null
2023-01-26 20:31:08,107 [EventQueue-PipelineReportForPipelineReportHandler] INFO  pipeline.PipelineManagerImpl (PipelineManagerImpl.java:openPipeline(367)) - Pipeline Pipeline[ Id: ab16cabc-b199-41c2-a545-e6729a0fa6af, Nodes: f73d43d0-b19f-4135-8753-89f8dbf44938(fv-az462-54.0zuljvm5d0yedf4jva4xayy4gc.gx.internal.cloudapp.net/10.1.0.15)33ea618b-d9cc-459d-a0c4-e4ecfab2c991(fv-az462-54.0zuljvm5d0yedf4jva4xayy4gc.gx.internal.cloudapp.net/10.1.0.15)7e0f7051-7df6-4c7d-992e-efcf57e991e1(fv-az462-54.0zuljvm5d0yedf4jva4xayy4gc.gx.internal.cloudapp.net/10.1.0.15), ReplicationConfig: RATIS/THREE, State:ALLOCATED, leaderId:33ea618b-d9cc-459d-a0c4-e4ecfab2c991, CreationTimestamp2023-01-26T20:30:55.259Z[Etc/UTC]] moved to OPEN state
2023-01-26 20:31:08,115 [f73d43d0-b19f-4135-8753-89f8dbf44938-server-thread1] INFO  ratis.XceiverServerRatis (XceiverServerRatis.java:handleLeaderChangedNotification(904)) - Leader change notification received for group: group-E6729A0FA6AF with new leaderId: 33ea618b-d9cc-459d-a0c4-e4ecfab2c991
2023-01-26 20:31:08,115 [f73d43d0-b19f-4135-8753-89f8dbf44938-server-thread1] INFO  server.RaftServer$Division (ServerState.java:setLeader(313)) - f73d43d0-b19f-4135-8753-89f8dbf44938@group-E6729A0FA6AF: change Leader from null to 33ea618b-d9cc-459d-a0c4-e4ecfab2c991 at term 2 for appendEntries, leader elected after 10360ms
2023-01-26 20:31:08,127 [f73d43d0-b19f-4135-8753-89f8dbf44938-server-thread3] INFO  server.RaftServer$Division (ServerState.java:setRaftConf(430)) - f73d43d0-b19f-4135-8753-89f8dbf44938@group-E6729A0FA6AF: set configuration 0: peers:[33ea618b-d9cc-459d-a0c4-e4ecfab2c991|rpc:10.1.0.15:39387|dataStream:10.1.0.15:39857|priority:1|startupRole:FOLLOWER, f73d43d0-b19f-4135-8753-89f8dbf44938|rpc:10.1.0.15:40817|dataStream:10.1.0.15:41077|priority:0|startupRole:FOLLOWER, 7e0f7051-7df6-4c7d-992e-efcf57e991e1|rpc:10.1.0.15:44005|dataStream:10.1.0.15:38183|priority:0|startupRole:FOLLOWER]|listeners:[], old=null
2023-01-26 20:31:08,127 [f73d43d0-b19f-4135-8753-89f8dbf44938-server-thread3] INFO  segmented.SegmentedRaftLogWorker (SegmentedRaftLogWorker.java:startLogSegment(452)) - f73d43d0-b19f-4135-8753-89f8dbf44938@group-E6729A0FA6AF-SegmentedRaftLogWorker: Starting segment from index:0
2023-01-26 20:31:08,128 [f73d43d0-b19f-4135-8753-89f8dbf44938@group-E6729A0FA6AF-SegmentedRaftLogWorker] INFO  segmented.SegmentedRaftLogWorker (SegmentedRaftLogWorker.java:execute(656)) - f73d43d0-b19f-4135-8753-89f8dbf44938@group-E6729A0FA6AF-SegmentedRaftLogWorker: created new log segment /home/runner/work/ozone/ozone/hadoop-ozone/integration-test/target/test-dir/MiniOzoneClusterImpl-83fec8cd-5b22-4757-ae00-8ce138a916fc/datanode-2/data/ratis/ab16cabc-b199-41c2-a545-e6729a0fa6af/current/log_inprogress_0
2023-01-26 20:31:08,130 [7e0f7051-7df6-4c7d-992e-efcf57e991e1-server-thread1] INFO  ratis.XceiverServerRatis (XceiverServerRatis.java:handleLeaderChangedNotification(904)) - Leader change notification received for group: group-E6729A0FA6AF with new leaderId: 33ea618b-d9cc-459d-a0c4-e4ecfab2c991
2023-01-26 20:31:08,130 [7e0f7051-7df6-4c7d-992e-efcf57e991e1-server-thread1] INFO  server.RaftServer$Division (ServerState.java:setLeader(313)) - 7e0f7051-7df6-4c7d-992e-efcf57e991e1@group-E6729A0FA6AF: change Leader from null to 33ea618b-d9cc-459d-a0c4-e4ecfab2c991 at term 2 for appendEntries, leader elected after 10349ms
2023-01-26 20:31:08,130 [7e0f7051-7df6-4c7d-992e-efcf57e991e1-server-thread1] INFO  server.RaftServer$Division (ServerState.java:setRaftConf(430)) - 7e0f7051-7df6-4c7d-992e-efcf57e991e1@group-E6729A0FA6AF: set configuration 0: peers:[33ea618b-d9cc-459d-a0c4-e4ecfab2c991|rpc:10.1.0.15:39387|dataStream:10.1.0.15:39857|priority:1|startupRole:FOLLOWER, f73d43d0-b19f-4135-8753-89f8dbf44938|rpc:10.1.0.15:40817|dataStream:10.1.0.15:41077|priority:0|startupRole:FOLLOWER, 7e0f7051-7df6-4c7d-992e-efcf57e991e1|rpc:10.1.0.15:44005|dataStream:10.1.0.15:38183|priority:0|startupRole:FOLLOWER]|listeners:[], old=null
2023-01-26 20:31:08,130 [7e0f7051-7df6-4c7d-992e-efcf57e991e1-server-thread1] INFO  segmented.SegmentedRaftLogWorker (SegmentedRaftLogWorker.java:startLogSegment(452)) - 7e0f7051-7df6-4c7d-992e-efcf57e991e1@group-E6729A0FA6AF-SegmentedRaftLogWorker: Starting segment from index:0
2023-01-26 20:31:08,131 [7e0f7051-7df6-4c7d-992e-efcf57e991e1@group-E6729A0FA6AF-SegmentedRaftLogWorker] INFO  segmented.SegmentedRaftLogWorker (SegmentedRaftLogWorker.java:execute(656)) - 7e0f7051-7df6-4c7d-992e-efcf57e991e1@group-E6729A0FA6AF-SegmentedRaftLogWorker: created new log segment /home/runner/work/ozone/ozone/hadoop-ozone/integration-test/target/test-dir/MiniOzoneClusterImpl-83fec8cd-5b22-4757-ae00-8ce138a916fc/datanode-1/data/ratis/ab16cabc-b199-41c2-a545-e6729a0fa6af/current/log_inprogress_0
20:31:08.166 [IPC Server handler 15 on default port 37459] ERROR OMAudit - user=runner | ip=127.0.0.1 | op=READ_KEY {volume=volume58619, bucket=bucket43836, key=file_notexist, dataSize=0, replicationConfig=null} | ret=FAILURE
org.apache.hadoop.ozone.om.exceptions.OMException: Key:file_notexist not found
	at org.apache.hadoop.ozone.om.KeyManagerImpl.readKeyInfo(KeyManagerImpl.java:391) ~[ozone-manager-1.4.0-SNAPSHOT.jar:?]
	at org.apache.hadoop.ozone.om.KeyManagerImpl.lambda$9(KeyManagerImpl.java:2016) ~[ozone-manager-1.4.0-SNAPSHOT.jar:?]
	at org.apache.hadoop.util.MetricUtil.captureLatencyNs(MetricUtil.java:36) ~[hdds-common-1.4.0-SNAPSHOT.jar:?]
	at org.apache.hadoop.ozone.om.KeyManagerImpl.getKeyInfo(KeyManagerImpl.java:2014) ~[ozone-manager-1.4.0-SNAPSHOT.jar:?]
	at org.apache.hadoop.ozone.om.OzoneManager.getKeyInfo(OzoneManager.java:2826) ~[ozone-manager-1.4.0-SNAPSHOT.jar:?]
	at org.apache.hadoop.ozone.protocolPB.OzoneManagerRequestHandler.getKeyInfo(OzoneManagerRequestHandler.java:528) ~[ozone-manager-1.4.0-SNAPSHOT.jar:?]
	at org.apache.hadoop.ozone.protocolPB.OzoneManagerRequestHandler.handleReadRequest(OzoneManagerRequestHandler.java:287) ~[ozone-manager-1.4.0-SNAPSHOT.jar:?]
	at org.apache.hadoop.ozone.protocolPB.OzoneManagerProtocolServerSideTranslatorPB.submitRequestDirectlyToOM(OzoneManagerProtocolServerSideTranslatorPB.java:276) ~[ozone-manager-1.4.0-SNAPSHOT.jar:?]
	at org.apache.hadoop.ozone.protocolPB.OzoneManagerProtocolServerSideTranslatorPB.processRequest(OzoneManagerProtocolServerSideTranslatorPB.java:205) ~[ozone-manager-1.4.0-SNAPSHOT.jar:?]
	at org.apache.hadoop.hdds.server.OzoneProtocolMessageDispatcher.processRequest(OzoneProtocolMessageDispatcher.java:87) [hdds-server-framework-1.4.0-SNAPSHOT.jar:?]
	at org.apache.hadoop.ozone.protocolPB.OzoneManagerProtocolServerSideTranslatorPB.submitRequest(OzoneManagerProtocolServerSideTranslatorPB.java:147) [ozone-manager-1.4.0-SNAPSHOT.jar:?]
	at org.apache.hadoop.ozone.protocol.proto.OzoneManagerProtocolProtos$OzoneManagerService$2.callBlockingMethod(OzoneManagerProtocolProtos.java) [ozone-interface-client-1.4.0-SNAPSHOT.jar:?]
	at org.apache.hadoop.ipc.ProtobufRpcEngine$Server.processCall(ProtobufRpcEngine.java:465) [hadoop-common-3.3.4.jar:?]
	at org.apache.hadoop.ipc.ProtobufRpcEngine2$Server$ProtoBufRpcInvoker.call(ProtobufRpcEngine2.java:578) [hadoop-common-3.3.4.jar:?]
	at org.apache.hadoop.ipc.ProtobufRpcEngine2$Server$ProtoBufRpcInvoker.call(ProtobufRpcEngine2.java:556) [hadoop-common-3.3.4.jar:?]
	at org.apache.hadoop.ipc.RPC$Server.call(RPC.java:1093) [hadoop-common-3.3.4.jar:?]
	at org.apache.hadoop.ipc.Server$RpcCall.run(Server.java:1043) [hadoop-common-3.3.4.jar:?]
	at org.apache.hadoop.ipc.Server$RpcCall.run(Server.java:971) [hadoop-common-3.3.4.jar:?]
	at java.security.AccessController.doPrivileged(Native Method) ~[?:1.8.0_352]
	at javax.security.auth.Subject.doAs(Subject.java:422) [?:1.8.0_352]
	at org.apache.hadoop.security.UserGroupInformation.doAs(UserGroupInformation.java:1878) [hadoop-common-3.3.4.jar:?]
	at org.apache.hadoop.ipc.Server$Handler.run(Server.java:2976) [hadoop-common-3.3.4.jar:?]
]]></system-out>
  </testcase>
  <testcase name="testSeekOnFileLength" classname="TestOzoneFileSystem" time="0.098">
    <system-out><![CDATA[2023-01-26 20:32:13,205 [IPC Server handler 16 on default port 35479] INFO  ha.SequenceIdGenerator (SequenceIdGenerator.java:getNextId(128)) - Allocate a batch for containerId, change lastId from 0 to 1000.
2023-01-26 20:32:13,205 [IPC Server handler 16 on default port 35479] WARN  ha.SequenceIdGenerator (SequenceIdGenerator.java:allocateBatch(237)) - Failed to allocate a batch for localId, expected lastId is 0, actual lastId is 111677748019200000.
2023-01-26 20:32:13,205 [IPC Server handler 16 on default port 35479] INFO  ha.SequenceIdGenerator (SequenceIdGenerator.java:getNextId(128)) - Allocate a batch for localId, change lastId from 111677748019200000 to 111677748019201000.
20:32:13.292 [IPC Server handler 15 on default port 38041] ERROR OMAudit - user=runner | ip=127.0.0.1 | op=READ_KEY {volume=volume53399, bucket=bucket90109, key=file_notexist, dataSize=0, replicationConfig=null} | ret=FAILURE
org.apache.hadoop.ozone.om.exceptions.OMException: Key:file_notexist not found
	at org.apache.hadoop.ozone.om.KeyManagerImpl.readKeyInfo(KeyManagerImpl.java:391) ~[ozone-manager-1.4.0-SNAPSHOT.jar:?]
	at org.apache.hadoop.ozone.om.KeyManagerImpl.lambda$9(KeyManagerImpl.java:2016) ~[ozone-manager-1.4.0-SNAPSHOT.jar:?]
	at org.apache.hadoop.util.MetricUtil.captureLatencyNs(MetricUtil.java:36) ~[hdds-common-1.4.0-SNAPSHOT.jar:?]
	at org.apache.hadoop.ozone.om.KeyManagerImpl.getKeyInfo(KeyManagerImpl.java:2014) ~[ozone-manager-1.4.0-SNAPSHOT.jar:?]
	at org.apache.hadoop.ozone.om.OzoneManager.getKeyInfo(OzoneManager.java:2826) ~[ozone-manager-1.4.0-SNAPSHOT.jar:?]
	at org.apache.hadoop.ozone.protocolPB.OzoneManagerRequestHandler.getKeyInfo(OzoneManagerRequestHandler.java:528) ~[ozone-manager-1.4.0-SNAPSHOT.jar:?]
	at org.apache.hadoop.ozone.protocolPB.OzoneManagerRequestHandler.handleReadRequest(OzoneManagerRequestHandler.java:287) ~[ozone-manager-1.4.0-SNAPSHOT.jar:?]
	at org.apache.hadoop.ozone.protocolPB.OzoneManagerProtocolServerSideTranslatorPB.submitReadRequestToOM(OzoneManagerProtocolServerSideTranslatorPB.java:226) ~[ozone-manager-1.4.0-SNAPSHOT.jar:?]
	at org.apache.hadoop.ozone.protocolPB.OzoneManagerProtocolServerSideTranslatorPB.processRequest(OzoneManagerProtocolServerSideTranslatorPB.java:175) ~[ozone-manager-1.4.0-SNAPSHOT.jar:?]
	at org.apache.hadoop.hdds.server.OzoneProtocolMessageDispatcher.processRequest(OzoneProtocolMessageDispatcher.java:87) [hdds-server-framework-1.4.0-SNAPSHOT.jar:?]
	at org.apache.hadoop.ozone.protocolPB.OzoneManagerProtocolServerSideTranslatorPB.submitRequest(OzoneManagerProtocolServerSideTranslatorPB.java:147) [ozone-manager-1.4.0-SNAPSHOT.jar:?]
	at org.apache.hadoop.ozone.protocol.proto.OzoneManagerProtocolProtos$OzoneManagerService$2.callBlockingMethod(OzoneManagerProtocolProtos.java) [ozone-interface-client-1.4.0-SNAPSHOT.jar:?]
	at org.apache.hadoop.ipc.ProtobufRpcEngine$Server.processCall(ProtobufRpcEngine.java:465) [hadoop-common-3.3.4.jar:?]
	at org.apache.hadoop.ipc.ProtobufRpcEngine2$Server$ProtoBufRpcInvoker.call(ProtobufRpcEngine2.java:578) [hadoop-common-3.3.4.jar:?]
	at org.apache.hadoop.ipc.ProtobufRpcEngine2$Server$ProtoBufRpcInvoker.call(ProtobufRpcEngine2.java:556) [hadoop-common-3.3.4.jar:?]
	at org.apache.hadoop.ipc.RPC$Server.call(RPC.java:1093) [hadoop-common-3.3.4.jar:?]
	at org.apache.hadoop.ipc.Server$RpcCall.run(Server.java:1043) [hadoop-common-3.3.4.jar:?]
	at org.apache.hadoop.ipc.Server$RpcCall.run(Server.java:971) [hadoop-common-3.3.4.jar:?]
	at java.security.AccessController.doPrivileged(Native Method) ~[?:1.8.0_352]
	at javax.security.auth.Subject.doAs(Subject.java:422) [?:1.8.0_352]
	at org.apache.hadoop.security.UserGroupInformation.doAs(UserGroupInformation.java:1878) [hadoop-common-3.3.4.jar:?]
	at org.apache.hadoop.ipc.Server$Handler.run(Server.java:2976) [hadoop-common-3.3.4.jar:?]
]]></system-out>
  </testcase>
  <testcase name="testSeekOnFileLength" classname="TestOzoneFileSystem" time="0.105">
    <system-out><![CDATA[2023-01-26 20:33:19,288 [IPC Server handler 5 on default port 34437] INFO  ha.SequenceIdGenerator (SequenceIdGenerator.java:getNextId(128)) - Allocate a batch for containerId, change lastId from 0 to 1000.
2023-01-26 20:33:19,288 [IPC Server handler 5 on default port 34437] WARN  ha.SequenceIdGenerator (SequenceIdGenerator.java:allocateBatch(237)) - Failed to allocate a batch for localId, expected lastId is 0, actual lastId is 111677748019200000.
2023-01-26 20:33:19,288 [IPC Server handler 5 on default port 34437] INFO  ha.SequenceIdGenerator (SequenceIdGenerator.java:getNextId(128)) - Allocate a batch for localId, change lastId from 111677748019200000 to 111677748019201000.
20:33:19.375 [IPC Server handler 14 on default port 35105] ERROR OMAudit - user=runner | ip=127.0.0.1 | op=READ_KEY {volume=volume38800, bucket=bucket46934, key=file_notexist, dataSize=0, replicationConfig=null} | ret=FAILURE
org.apache.hadoop.ozone.om.exceptions.OMException: Key:file_notexist not found
	at org.apache.hadoop.ozone.om.KeyManagerImpl.readKeyInfo(KeyManagerImpl.java:391) ~[ozone-manager-1.4.0-SNAPSHOT.jar:?]
	at org.apache.hadoop.ozone.om.KeyManagerImpl.lambda$9(KeyManagerImpl.java:2016) ~[ozone-manager-1.4.0-SNAPSHOT.jar:?]
	at org.apache.hadoop.util.MetricUtil.captureLatencyNs(MetricUtil.java:36) ~[hdds-common-1.4.0-SNAPSHOT.jar:?]
	at org.apache.hadoop.ozone.om.KeyManagerImpl.getKeyInfo(KeyManagerImpl.java:2014) ~[ozone-manager-1.4.0-SNAPSHOT.jar:?]
	at org.apache.hadoop.ozone.om.OzoneManager.getKeyInfo(OzoneManager.java:2826) ~[ozone-manager-1.4.0-SNAPSHOT.jar:?]
	at org.apache.hadoop.ozone.protocolPB.OzoneManagerRequestHandler.getKeyInfo(OzoneManagerRequestHandler.java:528) ~[ozone-manager-1.4.0-SNAPSHOT.jar:?]
	at org.apache.hadoop.ozone.protocolPB.OzoneManagerRequestHandler.handleReadRequest(OzoneManagerRequestHandler.java:287) ~[ozone-manager-1.4.0-SNAPSHOT.jar:?]
	at org.apache.hadoop.ozone.protocolPB.OzoneManagerProtocolServerSideTranslatorPB.submitRequestDirectlyToOM(OzoneManagerProtocolServerSideTranslatorPB.java:276) ~[ozone-manager-1.4.0-SNAPSHOT.jar:?]
	at org.apache.hadoop.ozone.protocolPB.OzoneManagerProtocolServerSideTranslatorPB.processRequest(OzoneManagerProtocolServerSideTranslatorPB.java:205) ~[ozone-manager-1.4.0-SNAPSHOT.jar:?]
	at org.apache.hadoop.hdds.server.OzoneProtocolMessageDispatcher.processRequest(OzoneProtocolMessageDispatcher.java:87) [hdds-server-framework-1.4.0-SNAPSHOT.jar:?]
	at org.apache.hadoop.ozone.protocolPB.OzoneManagerProtocolServerSideTranslatorPB.submitRequest(OzoneManagerProtocolServerSideTranslatorPB.java:147) [ozone-manager-1.4.0-SNAPSHOT.jar:?]
	at org.apache.hadoop.ozone.protocol.proto.OzoneManagerProtocolProtos$OzoneManagerService$2.callBlockingMethod(OzoneManagerProtocolProtos.java) [ozone-interface-client-1.4.0-SNAPSHOT.jar:?]
	at org.apache.hadoop.ipc.ProtobufRpcEngine$Server.processCall(ProtobufRpcEngine.java:465) [hadoop-common-3.3.4.jar:?]
	at org.apache.hadoop.ipc.ProtobufRpcEngine2$Server$ProtoBufRpcInvoker.call(ProtobufRpcEngine2.java:578) [hadoop-common-3.3.4.jar:?]
	at org.apache.hadoop.ipc.ProtobufRpcEngine2$Server$ProtoBufRpcInvoker.call(ProtobufRpcEngine2.java:556) [hadoop-common-3.3.4.jar:?]
	at org.apache.hadoop.ipc.RPC$Server.call(RPC.java:1093) [hadoop-common-3.3.4.jar:?]
	at org.apache.hadoop.ipc.Server$RpcCall.run(Server.java:1043) [hadoop-common-3.3.4.jar:?]
	at org.apache.hadoop.ipc.Server$RpcCall.run(Server.java:971) [hadoop-common-3.3.4.jar:?]
	at java.security.AccessController.doPrivileged(Native Method) ~[?:1.8.0_352]
	at javax.security.auth.Subject.doAs(Subject.java:422) [?:1.8.0_352]
	at org.apache.hadoop.security.UserGroupInformation.doAs(UserGroupInformation.java:1878) [hadoop-common-3.3.4.jar:?]
	at org.apache.hadoop.ipc.Server$Handler.run(Server.java:2976) [hadoop-common-3.3.4.jar:?]
]]></system-out>
  </testcase>
  <testcase name="testRenameFile" classname="TestOzoneFileSystem" time="0.095">
    <system-out><![CDATA[2023-01-26 20:29:58,754 [OM StateMachine ApplyTransaction Thread - 0] INFO  key.OMKeyRequest (OMKeyRequest.java:wrapUncommittedBlocksAsPseudoKey(837)) - Detect allocated but uncommitted blocks [{blockID={containerID=2, localID=111677748019200002}, length=4194304, offset=0, token=null, pipeline=null, createVersion=0, partNumber=0}] in key root/file1_Copy.
20:29:58.759 [IPC Server handler 11 on default port 38181] ERROR OMAudit - user=runner | ip=127.0.0.1 | op=GET_FILE_STATUS {volume=volume83577, bucket=bucket75634, key=root/file1, dataSize=0, replicationConfig=null} | ret=FAILURE
org.apache.hadoop.ozone.om.exceptions.OMException: Unable to get file status: volume: volume83577 bucket: bucket75634 key: root/file1
	at org.apache.hadoop.ozone.om.KeyManagerImpl.getOzoneFileStatus(KeyManagerImpl.java:1301) ~[ozone-manager-1.4.0-SNAPSHOT.jar:?]
	at org.apache.hadoop.ozone.om.KeyManagerImpl.getFileStatus(KeyManagerImpl.java:1219) ~[ozone-manager-1.4.0-SNAPSHOT.jar:?]
	at org.apache.hadoop.ozone.om.OzoneManager.getFileStatus(OzoneManager.java:3498) ~[ozone-manager-1.4.0-SNAPSHOT.jar:?]
	at org.apache.hadoop.ozone.protocolPB.OzoneManagerRequestHandler.getOzoneFileStatus(OzoneManagerRequestHandler.java:913) ~[ozone-manager-1.4.0-SNAPSHOT.jar:?]
	at org.apache.hadoop.ozone.protocolPB.OzoneManagerRequestHandler.handleReadRequest(OzoneManagerRequestHandler.java:233) ~[ozone-manager-1.4.0-SNAPSHOT.jar:?]
	at org.apache.hadoop.ozone.protocolPB.OzoneManagerProtocolServerSideTranslatorPB.submitReadRequestToOM(OzoneManagerProtocolServerSideTranslatorPB.java:226) ~[ozone-manager-1.4.0-SNAPSHOT.jar:?]
	at org.apache.hadoop.ozone.protocolPB.OzoneManagerProtocolServerSideTranslatorPB.processRequest(OzoneManagerProtocolServerSideTranslatorPB.java:175) ~[ozone-manager-1.4.0-SNAPSHOT.jar:?]
	at org.apache.hadoop.hdds.server.OzoneProtocolMessageDispatcher.processRequest(OzoneProtocolMessageDispatcher.java:87) [hdds-server-framework-1.4.0-SNAPSHOT.jar:?]
	at org.apache.hadoop.ozone.protocolPB.OzoneManagerProtocolServerSideTranslatorPB.submitRequest(OzoneManagerProtocolServerSideTranslatorPB.java:147) [ozone-manager-1.4.0-SNAPSHOT.jar:?]
	at org.apache.hadoop.ozone.protocol.proto.OzoneManagerProtocolProtos$OzoneManagerService$2.callBlockingMethod(OzoneManagerProtocolProtos.java) [ozone-interface-client-1.4.0-SNAPSHOT.jar:?]
	at org.apache.hadoop.ipc.ProtobufRpcEngine$Server.processCall(ProtobufRpcEngine.java:465) [hadoop-common-3.3.4.jar:?]
	at org.apache.hadoop.ipc.ProtobufRpcEngine2$Server$ProtoBufRpcInvoker.call(ProtobufRpcEngine2.java:578) [hadoop-common-3.3.4.jar:?]
	at org.apache.hadoop.ipc.ProtobufRpcEngine2$Server$ProtoBufRpcInvoker.call(ProtobufRpcEngine2.java:556) [hadoop-common-3.3.4.jar:?]
	at org.apache.hadoop.ipc.RPC$Server.call(RPC.java:1093) [hadoop-common-3.3.4.jar:?]
	at org.apache.hadoop.ipc.Server$RpcCall.run(Server.java:1043) [hadoop-common-3.3.4.jar:?]
	at org.apache.hadoop.ipc.Server$RpcCall.run(Server.java:971) [hadoop-common-3.3.4.jar:?]
	at java.security.AccessController.doPrivileged(Native Method) ~[?:1.8.0_352]
	at javax.security.auth.Subject.doAs(Subject.java:422) [?:1.8.0_352]
	at org.apache.hadoop.security.UserGroupInformation.doAs(UserGroupInformation.java:1878) [hadoop-common-3.3.4.jar:?]
	at org.apache.hadoop.ipc.Server$Handler.run(Server.java:2976) [hadoop-common-3.3.4.jar:?]
]]></system-out>
  </testcase>
  <testcase name="testRenameFile" classname="TestOzoneFileSystem" time="0.035">
    <system-out><![CDATA[2023-01-26 20:31:08,184 [IPC Server handler 0 on default port 37459] INFO  key.OMKeyRequest (OMKeyRequest.java:wrapUncommittedBlocksAsPseudoKey(837)) - Detect allocated but uncommitted blocks [{blockID={containerID=2, localID=111677748019200002}, length=4194304, offset=0, token=null, pipeline=null, createVersion=0, partNumber=0}] in key root/file1_Copy.
20:31:08.190 [IPC Server handler 2 on default port 37459] ERROR OMAudit - user=runner | ip=127.0.0.1 | op=GET_FILE_STATUS {volume=volume58619, bucket=bucket43836, key=root/file1, dataSize=0, replicationConfig=null} | ret=FAILURE
org.apache.hadoop.ozone.om.exceptions.OMException: Unable to get file status: volume: volume58619 bucket: bucket43836 key: root/file1
	at org.apache.hadoop.ozone.om.KeyManagerImpl.getOzoneFileStatus(KeyManagerImpl.java:1301) ~[ozone-manager-1.4.0-SNAPSHOT.jar:?]
	at org.apache.hadoop.ozone.om.KeyManagerImpl.getFileStatus(KeyManagerImpl.java:1219) ~[ozone-manager-1.4.0-SNAPSHOT.jar:?]
	at org.apache.hadoop.ozone.om.OzoneManager.getFileStatus(OzoneManager.java:3498) ~[ozone-manager-1.4.0-SNAPSHOT.jar:?]
	at org.apache.hadoop.ozone.protocolPB.OzoneManagerRequestHandler.getOzoneFileStatus(OzoneManagerRequestHandler.java:913) ~[ozone-manager-1.4.0-SNAPSHOT.jar:?]
	at org.apache.hadoop.ozone.protocolPB.OzoneManagerRequestHandler.handleReadRequest(OzoneManagerRequestHandler.java:233) ~[ozone-manager-1.4.0-SNAPSHOT.jar:?]
	at org.apache.hadoop.ozone.protocolPB.OzoneManagerProtocolServerSideTranslatorPB.submitRequestDirectlyToOM(OzoneManagerProtocolServerSideTranslatorPB.java:276) ~[ozone-manager-1.4.0-SNAPSHOT.jar:?]
	at org.apache.hadoop.ozone.protocolPB.OzoneManagerProtocolServerSideTranslatorPB.processRequest(OzoneManagerProtocolServerSideTranslatorPB.java:205) ~[ozone-manager-1.4.0-SNAPSHOT.jar:?]
	at org.apache.hadoop.hdds.server.OzoneProtocolMessageDispatcher.processRequest(OzoneProtocolMessageDispatcher.java:87) [hdds-server-framework-1.4.0-SNAPSHOT.jar:?]
	at org.apache.hadoop.ozone.protocolPB.OzoneManagerProtocolServerSideTranslatorPB.submitRequest(OzoneManagerProtocolServerSideTranslatorPB.java:147) [ozone-manager-1.4.0-SNAPSHOT.jar:?]
	at org.apache.hadoop.ozone.protocol.proto.OzoneManagerProtocolProtos$OzoneManagerService$2.callBlockingMethod(OzoneManagerProtocolProtos.java) [ozone-interface-client-1.4.0-SNAPSHOT.jar:?]
	at org.apache.hadoop.ipc.ProtobufRpcEngine$Server.processCall(ProtobufRpcEngine.java:465) [hadoop-common-3.3.4.jar:?]
	at org.apache.hadoop.ipc.ProtobufRpcEngine2$Server$ProtoBufRpcInvoker.call(ProtobufRpcEngine2.java:578) [hadoop-common-3.3.4.jar:?]
	at org.apache.hadoop.ipc.ProtobufRpcEngine2$Server$ProtoBufRpcInvoker.call(ProtobufRpcEngine2.java:556) [hadoop-common-3.3.4.jar:?]
	at org.apache.hadoop.ipc.RPC$Server.call(RPC.java:1093) [hadoop-common-3.3.4.jar:?]
	at org.apache.hadoop.ipc.Server$RpcCall.run(Server.java:1043) [hadoop-common-3.3.4.jar:?]
	at org.apache.hadoop.ipc.Server$RpcCall.run(Server.java:971) [hadoop-common-3.3.4.jar:?]
	at java.security.AccessController.doPrivileged(Native Method) ~[?:1.8.0_352]
	at javax.security.auth.Subject.doAs(Subject.java:422) [?:1.8.0_352]
	at org.apache.hadoop.security.UserGroupInformation.doAs(UserGroupInformation.java:1878) [hadoop-common-3.3.4.jar:?]
	at org.apache.hadoop.ipc.Server$Handler.run(Server.java:2976) [hadoop-common-3.3.4.jar:?]
]]></system-out>
  </testcase>
  <testcase name="testRenameFile" classname="TestOzoneFileSystem" time="0.023">
    <system-out><![CDATA[2023-01-26 20:32:13,308 [OM StateMachine ApplyTransaction Thread - 0] INFO  key.OMKeyRequest (OMKeyRequest.java:wrapUncommittedBlocksAsPseudoKey(837)) - Detect allocated but uncommitted blocks [{blockID={containerID=2, localID=111677748019200002}, length=4194304, offset=0, token=null, pipeline=null, createVersion=0, partNumber=0}] in key root/file1_Copy.
20:32:13.309 [IPC Server handler 4 on default port 38041] ERROR OMAudit - user=runner | ip=127.0.0.1 | op=GET_FILE_STATUS {volume=volume53399, bucket=bucket90109, key=root/file1, dataSize=0, replicationConfig=null} | ret=FAILURE
org.apache.hadoop.ozone.om.exceptions.OMException: Unable to get file status: volume: volume53399 bucket: bucket90109 key: root/file1
	at org.apache.hadoop.ozone.om.KeyManagerImpl.getOzoneFileStatus(KeyManagerImpl.java:1301) ~[ozone-manager-1.4.0-SNAPSHOT.jar:?]
	at org.apache.hadoop.ozone.om.KeyManagerImpl.getFileStatus(KeyManagerImpl.java:1219) ~[ozone-manager-1.4.0-SNAPSHOT.jar:?]
	at org.apache.hadoop.ozone.om.OzoneManager.getFileStatus(OzoneManager.java:3498) ~[ozone-manager-1.4.0-SNAPSHOT.jar:?]
	at org.apache.hadoop.ozone.protocolPB.OzoneManagerRequestHandler.getOzoneFileStatus(OzoneManagerRequestHandler.java:913) ~[ozone-manager-1.4.0-SNAPSHOT.jar:?]
	at org.apache.hadoop.ozone.protocolPB.OzoneManagerRequestHandler.handleReadRequest(OzoneManagerRequestHandler.java:233) ~[ozone-manager-1.4.0-SNAPSHOT.jar:?]
	at org.apache.hadoop.ozone.protocolPB.OzoneManagerProtocolServerSideTranslatorPB.submitReadRequestToOM(OzoneManagerProtocolServerSideTranslatorPB.java:226) ~[ozone-manager-1.4.0-SNAPSHOT.jar:?]
	at org.apache.hadoop.ozone.protocolPB.OzoneManagerProtocolServerSideTranslatorPB.processRequest(OzoneManagerProtocolServerSideTranslatorPB.java:175) ~[ozone-manager-1.4.0-SNAPSHOT.jar:?]
	at org.apache.hadoop.hdds.server.OzoneProtocolMessageDispatcher.processRequest(OzoneProtocolMessageDispatcher.java:87) [hdds-server-framework-1.4.0-SNAPSHOT.jar:?]
	at org.apache.hadoop.ozone.protocolPB.OzoneManagerProtocolServerSideTranslatorPB.submitRequest(OzoneManagerProtocolServerSideTranslatorPB.java:147) [ozone-manager-1.4.0-SNAPSHOT.jar:?]
	at org.apache.hadoop.ozone.protocol.proto.OzoneManagerProtocolProtos$OzoneManagerService$2.callBlockingMethod(OzoneManagerProtocolProtos.java) [ozone-interface-client-1.4.0-SNAPSHOT.jar:?]
	at org.apache.hadoop.ipc.ProtobufRpcEngine$Server.processCall(ProtobufRpcEngine.java:465) [hadoop-common-3.3.4.jar:?]
	at org.apache.hadoop.ipc.ProtobufRpcEngine2$Server$ProtoBufRpcInvoker.call(ProtobufRpcEngine2.java:578) [hadoop-common-3.3.4.jar:?]
	at org.apache.hadoop.ipc.ProtobufRpcEngine2$Server$ProtoBufRpcInvoker.call(ProtobufRpcEngine2.java:556) [hadoop-common-3.3.4.jar:?]
	at org.apache.hadoop.ipc.RPC$Server.call(RPC.java:1093) [hadoop-common-3.3.4.jar:?]
	at org.apache.hadoop.ipc.Server$RpcCall.run(Server.java:1043) [hadoop-common-3.3.4.jar:?]
	at org.apache.hadoop.ipc.Server$RpcCall.run(Server.java:971) [hadoop-common-3.3.4.jar:?]
	at java.security.AccessController.doPrivileged(Native Method) ~[?:1.8.0_352]
	at javax.security.auth.Subject.doAs(Subject.java:422) [?:1.8.0_352]
	at org.apache.hadoop.security.UserGroupInformation.doAs(UserGroupInformation.java:1878) [hadoop-common-3.3.4.jar:?]
	at org.apache.hadoop.ipc.Server$Handler.run(Server.java:2976) [hadoop-common-3.3.4.jar:?]
]]></system-out>
  </testcase>
  <testcase name="testRenameFile" classname="TestOzoneFileSystem" time="0.015">
    <system-out><![CDATA[2023-01-26 20:33:19,385 [IPC Server handler 0 on default port 35105] INFO  key.OMKeyRequest (OMKeyRequest.java:wrapUncommittedBlocksAsPseudoKey(837)) - Detect allocated but uncommitted blocks [{blockID={containerID=2, localID=111677748019200002}, length=4194304, offset=0, token=null, pipeline=null, createVersion=0, partNumber=0}] in key root/file1_Copy.
20:33:19.386 [IPC Server handler 1 on default port 35105] ERROR OMAudit - user=runner | ip=127.0.0.1 | op=GET_FILE_STATUS {volume=volume38800, bucket=bucket46934, key=root/file1, dataSize=0, replicationConfig=null} | ret=FAILURE
org.apache.hadoop.ozone.om.exceptions.OMException: Unable to get file status: volume: volume38800 bucket: bucket46934 key: root/file1
	at org.apache.hadoop.ozone.om.KeyManagerImpl.getOzoneFileStatus(KeyManagerImpl.java:1301) ~[ozone-manager-1.4.0-SNAPSHOT.jar:?]
	at org.apache.hadoop.ozone.om.KeyManagerImpl.getFileStatus(KeyManagerImpl.java:1219) ~[ozone-manager-1.4.0-SNAPSHOT.jar:?]
	at org.apache.hadoop.ozone.om.OzoneManager.getFileStatus(OzoneManager.java:3498) ~[ozone-manager-1.4.0-SNAPSHOT.jar:?]
	at org.apache.hadoop.ozone.protocolPB.OzoneManagerRequestHandler.getOzoneFileStatus(OzoneManagerRequestHandler.java:913) ~[ozone-manager-1.4.0-SNAPSHOT.jar:?]
	at org.apache.hadoop.ozone.protocolPB.OzoneManagerRequestHandler.handleReadRequest(OzoneManagerRequestHandler.java:233) ~[ozone-manager-1.4.0-SNAPSHOT.jar:?]
	at org.apache.hadoop.ozone.protocolPB.OzoneManagerProtocolServerSideTranslatorPB.submitRequestDirectlyToOM(OzoneManagerProtocolServerSideTranslatorPB.java:276) ~[ozone-manager-1.4.0-SNAPSHOT.jar:?]
	at org.apache.hadoop.ozone.protocolPB.OzoneManagerProtocolServerSideTranslatorPB.processRequest(OzoneManagerProtocolServerSideTranslatorPB.java:205) ~[ozone-manager-1.4.0-SNAPSHOT.jar:?]
	at org.apache.hadoop.hdds.server.OzoneProtocolMessageDispatcher.processRequest(OzoneProtocolMessageDispatcher.java:87) [hdds-server-framework-1.4.0-SNAPSHOT.jar:?]
	at org.apache.hadoop.ozone.protocolPB.OzoneManagerProtocolServerSideTranslatorPB.submitRequest(OzoneManagerProtocolServerSideTranslatorPB.java:147) [ozone-manager-1.4.0-SNAPSHOT.jar:?]
	at org.apache.hadoop.ozone.protocol.proto.OzoneManagerProtocolProtos$OzoneManagerService$2.callBlockingMethod(OzoneManagerProtocolProtos.java) [ozone-interface-client-1.4.0-SNAPSHOT.jar:?]
	at org.apache.hadoop.ipc.ProtobufRpcEngine$Server.processCall(ProtobufRpcEngine.java:465) [hadoop-common-3.3.4.jar:?]
	at org.apache.hadoop.ipc.ProtobufRpcEngine2$Server$ProtoBufRpcInvoker.call(ProtobufRpcEngine2.java:578) [hadoop-common-3.3.4.jar:?]
	at org.apache.hadoop.ipc.ProtobufRpcEngine2$Server$ProtoBufRpcInvoker.call(ProtobufRpcEngine2.java:556) [hadoop-common-3.3.4.jar:?]
	at org.apache.hadoop.ipc.RPC$Server.call(RPC.java:1093) [hadoop-common-3.3.4.jar:?]
	at org.apache.hadoop.ipc.Server$RpcCall.run(Server.java:1043) [hadoop-common-3.3.4.jar:?]
	at org.apache.hadoop.ipc.Server$RpcCall.run(Server.java:971) [hadoop-common-3.3.4.jar:?]
	at java.security.AccessController.doPrivileged(Native Method) ~[?:1.8.0_352]
	at javax.security.auth.Subject.doAs(Subject.java:422) [?:1.8.0_352]
	at org.apache.hadoop.security.UserGroupInformation.doAs(UserGroupInformation.java:1878) [hadoop-common-3.3.4.jar:?]
	at org.apache.hadoop.ipc.Server$Handler.run(Server.java:2976) [hadoop-common-3.3.4.jar:?]
]]></system-out>
  </testcase>
  <testcase name="testRenameDir" classname="TestOzoneFileSystem" time="0.053">
    <system-out><![CDATA[2023-01-26 20:29:58,835 [Time-limited test] INFO  ozone.TestOzoneFileSystem (TestOzoneFileSystem.java:testRenameDir(1426)) - Created dir o3fs://bucket75634.volume83577/root_dir/dir1/sub_dir1
2023-01-26 20:29:58,835 [Time-limited test] INFO  ozone.TestOzoneFileSystem (TestOzoneFileSystem.java:testRenameDir(1427)) - Will move o3fs://bucket75634.volume83577/root_dir/dir1 to o3fs://bucket75634.volume83577/root_dir/dir1.renamed
20:29:58.839 [IPC Server handler 4 on default port 38181] ERROR OMAudit - user=runner | ip=127.0.0.1 | op=GET_FILE_STATUS {volume=volume83577, bucket=bucket75634, key=root_dir/dir1.renamed, dataSize=0, replicationConfig=null} | ret=FAILURE
org.apache.hadoop.ozone.om.exceptions.OMException: Unable to get file status: volume: volume83577 bucket: bucket75634 key: root_dir/dir1.renamed
	at org.apache.hadoop.ozone.om.KeyManagerImpl.getOzoneFileStatus(KeyManagerImpl.java:1301) ~[ozone-manager-1.4.0-SNAPSHOT.jar:?]
	at org.apache.hadoop.ozone.om.KeyManagerImpl.getFileStatus(KeyManagerImpl.java:1219) ~[ozone-manager-1.4.0-SNAPSHOT.jar:?]
	at org.apache.hadoop.ozone.om.OzoneManager.getFileStatus(OzoneManager.java:3498) ~[ozone-manager-1.4.0-SNAPSHOT.jar:?]
	at org.apache.hadoop.ozone.protocolPB.OzoneManagerRequestHandler.getOzoneFileStatus(OzoneManagerRequestHandler.java:913) ~[ozone-manager-1.4.0-SNAPSHOT.jar:?]
	at org.apache.hadoop.ozone.protocolPB.OzoneManagerRequestHandler.handleReadRequest(OzoneManagerRequestHandler.java:233) ~[ozone-manager-1.4.0-SNAPSHOT.jar:?]
	at org.apache.hadoop.ozone.protocolPB.OzoneManagerProtocolServerSideTranslatorPB.submitReadRequestToOM(OzoneManagerProtocolServerSideTranslatorPB.java:226) ~[ozone-manager-1.4.0-SNAPSHOT.jar:?]
	at org.apache.hadoop.ozone.protocolPB.OzoneManagerProtocolServerSideTranslatorPB.processRequest(OzoneManagerProtocolServerSideTranslatorPB.java:175) ~[ozone-manager-1.4.0-SNAPSHOT.jar:?]
	at org.apache.hadoop.hdds.server.OzoneProtocolMessageDispatcher.processRequest(OzoneProtocolMessageDispatcher.java:87) [hdds-server-framework-1.4.0-SNAPSHOT.jar:?]
	at org.apache.hadoop.ozone.protocolPB.OzoneManagerProtocolServerSideTranslatorPB.submitRequest(OzoneManagerProtocolServerSideTranslatorPB.java:147) [ozone-manager-1.4.0-SNAPSHOT.jar:?]
	at org.apache.hadoop.ozone.protocol.proto.OzoneManagerProtocolProtos$OzoneManagerService$2.callBlockingMethod(OzoneManagerProtocolProtos.java) [ozone-interface-client-1.4.0-SNAPSHOT.jar:?]
	at org.apache.hadoop.ipc.ProtobufRpcEngine$Server.processCall(ProtobufRpcEngine.java:465) [hadoop-common-3.3.4.jar:?]
	at org.apache.hadoop.ipc.ProtobufRpcEngine2$Server$ProtoBufRpcInvoker.call(ProtobufRpcEngine2.java:578) [hadoop-common-3.3.4.jar:?]
	at org.apache.hadoop.ipc.ProtobufRpcEngine2$Server$ProtoBufRpcInvoker.call(ProtobufRpcEngine2.java:556) [hadoop-common-3.3.4.jar:?]
	at org.apache.hadoop.ipc.RPC$Server.call(RPC.java:1093) [hadoop-common-3.3.4.jar:?]
	at org.apache.hadoop.ipc.Server$RpcCall.run(Server.java:1043) [hadoop-common-3.3.4.jar:?]
	at org.apache.hadoop.ipc.Server$RpcCall.run(Server.java:971) [hadoop-common-3.3.4.jar:?]
	at java.security.AccessController.doPrivileged(Native Method) ~[?:1.8.0_352]
	at javax.security.auth.Subject.doAs(Subject.java:422) [?:1.8.0_352]
	at org.apache.hadoop.security.UserGroupInformation.doAs(UserGroupInformation.java:1878) [hadoop-common-3.3.4.jar:?]
	at org.apache.hadoop.ipc.Server$Handler.run(Server.java:2976) [hadoop-common-3.3.4.jar:?]
]]></system-out>
  </testcase>
  <testcase name="testRenameDir" classname="TestOzoneFileSystem" time="0.01">
    <system-out><![CDATA[2023-01-26 20:31:08,209 [Time-limited test] INFO  ozone.TestOzoneFileSystem (TestOzoneFileSystem.java:testRenameDir(1426)) - Created dir o3fs://bucket43836.volume58619/root_dir/dir1/sub_dir1
2023-01-26 20:31:08,209 [Time-limited test] INFO  ozone.TestOzoneFileSystem (TestOzoneFileSystem.java:testRenameDir(1427)) - Will move o3fs://bucket43836.volume58619/root_dir/dir1 to o3fs://bucket43836.volume58619/root_dir/dir1.renamed
20:31:08.210 [IPC Server handler 6 on default port 37459] ERROR OMAudit - user=runner | ip=127.0.0.1 | op=GET_FILE_STATUS {volume=volume58619, bucket=bucket43836, key=root_dir/dir1.renamed, dataSize=0, replicationConfig=null} | ret=FAILURE
org.apache.hadoop.ozone.om.exceptions.OMException: Unable to get file status: volume: volume58619 bucket: bucket43836 key: root_dir/dir1.renamed
	at org.apache.hadoop.ozone.om.KeyManagerImpl.getOzoneFileStatus(KeyManagerImpl.java:1301) ~[ozone-manager-1.4.0-SNAPSHOT.jar:?]
	at org.apache.hadoop.ozone.om.KeyManagerImpl.getFileStatus(KeyManagerImpl.java:1219) ~[ozone-manager-1.4.0-SNAPSHOT.jar:?]
	at org.apache.hadoop.ozone.om.OzoneManager.getFileStatus(OzoneManager.java:3498) ~[ozone-manager-1.4.0-SNAPSHOT.jar:?]
	at org.apache.hadoop.ozone.protocolPB.OzoneManagerRequestHandler.getOzoneFileStatus(OzoneManagerRequestHandler.java:913) ~[ozone-manager-1.4.0-SNAPSHOT.jar:?]
	at org.apache.hadoop.ozone.protocolPB.OzoneManagerRequestHandler.handleReadRequest(OzoneManagerRequestHandler.java:233) ~[ozone-manager-1.4.0-SNAPSHOT.jar:?]
	at org.apache.hadoop.ozone.protocolPB.OzoneManagerProtocolServerSideTranslatorPB.submitRequestDirectlyToOM(OzoneManagerProtocolServerSideTranslatorPB.java:276) ~[ozone-manager-1.4.0-SNAPSHOT.jar:?]
	at org.apache.hadoop.ozone.protocolPB.OzoneManagerProtocolServerSideTranslatorPB.processRequest(OzoneManagerProtocolServerSideTranslatorPB.java:205) ~[ozone-manager-1.4.0-SNAPSHOT.jar:?]
	at org.apache.hadoop.hdds.server.OzoneProtocolMessageDispatcher.processRequest(OzoneProtocolMessageDispatcher.java:87) [hdds-server-framework-1.4.0-SNAPSHOT.jar:?]
	at org.apache.hadoop.ozone.protocolPB.OzoneManagerProtocolServerSideTranslatorPB.submitRequest(OzoneManagerProtocolServerSideTranslatorPB.java:147) [ozone-manager-1.4.0-SNAPSHOT.jar:?]
	at org.apache.hadoop.ozone.protocol.proto.OzoneManagerProtocolProtos$OzoneManagerService$2.callBlockingMethod(OzoneManagerProtocolProtos.java) [ozone-interface-client-1.4.0-SNAPSHOT.jar:?]
	at org.apache.hadoop.ipc.ProtobufRpcEngine$Server.processCall(ProtobufRpcEngine.java:465) [hadoop-common-3.3.4.jar:?]
	at org.apache.hadoop.ipc.ProtobufRpcEngine2$Server$ProtoBufRpcInvoker.call(ProtobufRpcEngine2.java:578) [hadoop-common-3.3.4.jar:?]
	at org.apache.hadoop.ipc.ProtobufRpcEngine2$Server$ProtoBufRpcInvoker.call(ProtobufRpcEngine2.java:556) [hadoop-common-3.3.4.jar:?]
	at org.apache.hadoop.ipc.RPC$Server.call(RPC.java:1093) [hadoop-common-3.3.4.jar:?]
	at org.apache.hadoop.ipc.Server$RpcCall.run(Server.java:1043) [hadoop-common-3.3.4.jar:?]
	at org.apache.hadoop.ipc.Server$RpcCall.run(Server.java:971) [hadoop-common-3.3.4.jar:?]
	at java.security.AccessController.doPrivileged(Native Method) ~[?:1.8.0_352]
	at javax.security.auth.Subject.doAs(Subject.java:422) [?:1.8.0_352]
	at org.apache.hadoop.security.UserGroupInformation.doAs(UserGroupInformation.java:1878) [hadoop-common-3.3.4.jar:?]
	at org.apache.hadoop.ipc.Server$Handler.run(Server.java:2976) [hadoop-common-3.3.4.jar:?]
]]></system-out>
  </testcase>
  <testcase name="testRenameDir" classname="TestOzoneFileSystem" time="0.01">
    <system-out><![CDATA[2023-01-26 20:32:13,322 [Time-limited test] INFO  ozone.TestOzoneFileSystem (TestOzoneFileSystem.java:testRenameDir(1426)) - Created dir o3fs://bucket90109.volume53399/root_dir/dir1/sub_dir1
2023-01-26 20:32:13,322 [Time-limited test] INFO  ozone.TestOzoneFileSystem (TestOzoneFileSystem.java:testRenameDir(1427)) - Will move o3fs://bucket90109.volume53399/root_dir/dir1 to o3fs://bucket90109.volume53399/root_dir/dir1.renamed
20:32:13.322 [IPC Server handler 8 on default port 38041] ERROR OMAudit - user=runner | ip=127.0.0.1 | op=GET_FILE_STATUS {volume=volume53399, bucket=bucket90109, key=root_dir/dir1.renamed, dataSize=0, replicationConfig=null} | ret=FAILURE
org.apache.hadoop.ozone.om.exceptions.OMException: Unable to get file status: volume: volume53399 bucket: bucket90109 key: root_dir/dir1.renamed
	at org.apache.hadoop.ozone.om.KeyManagerImpl.getOzoneFileStatus(KeyManagerImpl.java:1301) ~[ozone-manager-1.4.0-SNAPSHOT.jar:?]
	at org.apache.hadoop.ozone.om.KeyManagerImpl.getFileStatus(KeyManagerImpl.java:1219) ~[ozone-manager-1.4.0-SNAPSHOT.jar:?]
	at org.apache.hadoop.ozone.om.OzoneManager.getFileStatus(OzoneManager.java:3498) ~[ozone-manager-1.4.0-SNAPSHOT.jar:?]
	at org.apache.hadoop.ozone.protocolPB.OzoneManagerRequestHandler.getOzoneFileStatus(OzoneManagerRequestHandler.java:913) ~[ozone-manager-1.4.0-SNAPSHOT.jar:?]
	at org.apache.hadoop.ozone.protocolPB.OzoneManagerRequestHandler.handleReadRequest(OzoneManagerRequestHandler.java:233) ~[ozone-manager-1.4.0-SNAPSHOT.jar:?]
	at org.apache.hadoop.ozone.protocolPB.OzoneManagerProtocolServerSideTranslatorPB.submitReadRequestToOM(OzoneManagerProtocolServerSideTranslatorPB.java:226) ~[ozone-manager-1.4.0-SNAPSHOT.jar:?]
	at org.apache.hadoop.ozone.protocolPB.OzoneManagerProtocolServerSideTranslatorPB.processRequest(OzoneManagerProtocolServerSideTranslatorPB.java:175) ~[ozone-manager-1.4.0-SNAPSHOT.jar:?]
	at org.apache.hadoop.hdds.server.OzoneProtocolMessageDispatcher.processRequest(OzoneProtocolMessageDispatcher.java:87) [hdds-server-framework-1.4.0-SNAPSHOT.jar:?]
	at org.apache.hadoop.ozone.protocolPB.OzoneManagerProtocolServerSideTranslatorPB.submitRequest(OzoneManagerProtocolServerSideTranslatorPB.java:147) [ozone-manager-1.4.0-SNAPSHOT.jar:?]
	at org.apache.hadoop.ozone.protocol.proto.OzoneManagerProtocolProtos$OzoneManagerService$2.callBlockingMethod(OzoneManagerProtocolProtos.java) [ozone-interface-client-1.4.0-SNAPSHOT.jar:?]
	at org.apache.hadoop.ipc.ProtobufRpcEngine$Server.processCall(ProtobufRpcEngine.java:465) [hadoop-common-3.3.4.jar:?]
	at org.apache.hadoop.ipc.ProtobufRpcEngine2$Server$ProtoBufRpcInvoker.call(ProtobufRpcEngine2.java:578) [hadoop-common-3.3.4.jar:?]
	at org.apache.hadoop.ipc.ProtobufRpcEngine2$Server$ProtoBufRpcInvoker.call(ProtobufRpcEngine2.java:556) [hadoop-common-3.3.4.jar:?]
	at org.apache.hadoop.ipc.RPC$Server.call(RPC.java:1093) [hadoop-common-3.3.4.jar:?]
	at org.apache.hadoop.ipc.Server$RpcCall.run(Server.java:1043) [hadoop-common-3.3.4.jar:?]
	at org.apache.hadoop.ipc.Server$RpcCall.run(Server.java:971) [hadoop-common-3.3.4.jar:?]
	at java.security.AccessController.doPrivileged(Native Method) ~[?:1.8.0_352]
	at javax.security.auth.Subject.doAs(Subject.java:422) [?:1.8.0_352]
	at org.apache.hadoop.security.UserGroupInformation.doAs(UserGroupInformation.java:1878) [hadoop-common-3.3.4.jar:?]
	at org.apache.hadoop.ipc.Server$Handler.run(Server.java:2976) [hadoop-common-3.3.4.jar:?]
]]></system-out>
  </testcase>
  <testcase name="testRenameDir" classname="TestOzoneFileSystem" time="0.007">
    <system-out><![CDATA[2023-01-26 20:33:19,395 [Time-limited test] INFO  ozone.TestOzoneFileSystem (TestOzoneFileSystem.java:testRenameDir(1426)) - Created dir o3fs://bucket46934.volume38800/root_dir/dir1/sub_dir1
2023-01-26 20:33:19,395 [Time-limited test] INFO  ozone.TestOzoneFileSystem (TestOzoneFileSystem.java:testRenameDir(1427)) - Will move o3fs://bucket46934.volume38800/root_dir/dir1 to o3fs://bucket46934.volume38800/root_dir/dir1.renamed
20:33:19.396 [IPC Server handler 8 on default port 35105] ERROR OMAudit - user=runner | ip=127.0.0.1 | op=GET_FILE_STATUS {volume=volume38800, bucket=bucket46934, key=root_dir/dir1.renamed, dataSize=0, replicationConfig=null} | ret=FAILURE
org.apache.hadoop.ozone.om.exceptions.OMException: Unable to get file status: volume: volume38800 bucket: bucket46934 key: root_dir/dir1.renamed
	at org.apache.hadoop.ozone.om.KeyManagerImpl.getOzoneFileStatus(KeyManagerImpl.java:1301) ~[ozone-manager-1.4.0-SNAPSHOT.jar:?]
	at org.apache.hadoop.ozone.om.KeyManagerImpl.getFileStatus(KeyManagerImpl.java:1219) ~[ozone-manager-1.4.0-SNAPSHOT.jar:?]
	at org.apache.hadoop.ozone.om.OzoneManager.getFileStatus(OzoneManager.java:3498) ~[ozone-manager-1.4.0-SNAPSHOT.jar:?]
	at org.apache.hadoop.ozone.protocolPB.OzoneManagerRequestHandler.getOzoneFileStatus(OzoneManagerRequestHandler.java:913) ~[ozone-manager-1.4.0-SNAPSHOT.jar:?]
	at org.apache.hadoop.ozone.protocolPB.OzoneManagerRequestHandler.handleReadRequest(OzoneManagerRequestHandler.java:233) ~[ozone-manager-1.4.0-SNAPSHOT.jar:?]
	at org.apache.hadoop.ozone.protocolPB.OzoneManagerProtocolServerSideTranslatorPB.submitRequestDirectlyToOM(OzoneManagerProtocolServerSideTranslatorPB.java:276) ~[ozone-manager-1.4.0-SNAPSHOT.jar:?]
	at org.apache.hadoop.ozone.protocolPB.OzoneManagerProtocolServerSideTranslatorPB.processRequest(OzoneManagerProtocolServerSideTranslatorPB.java:205) ~[ozone-manager-1.4.0-SNAPSHOT.jar:?]
	at org.apache.hadoop.hdds.server.OzoneProtocolMessageDispatcher.processRequest(OzoneProtocolMessageDispatcher.java:87) [hdds-server-framework-1.4.0-SNAPSHOT.jar:?]
	at org.apache.hadoop.ozone.protocolPB.OzoneManagerProtocolServerSideTranslatorPB.submitRequest(OzoneManagerProtocolServerSideTranslatorPB.java:147) [ozone-manager-1.4.0-SNAPSHOT.jar:?]
	at org.apache.hadoop.ozone.protocol.proto.OzoneManagerProtocolProtos$OzoneManagerService$2.callBlockingMethod(OzoneManagerProtocolProtos.java) [ozone-interface-client-1.4.0-SNAPSHOT.jar:?]
	at org.apache.hadoop.ipc.ProtobufRpcEngine$Server.processCall(ProtobufRpcEngine.java:465) [hadoop-common-3.3.4.jar:?]
	at org.apache.hadoop.ipc.ProtobufRpcEngine2$Server$ProtoBufRpcInvoker.call(ProtobufRpcEngine2.java:578) [hadoop-common-3.3.4.jar:?]
	at org.apache.hadoop.ipc.ProtobufRpcEngine2$Server$ProtoBufRpcInvoker.call(ProtobufRpcEngine2.java:556) [hadoop-common-3.3.4.jar:?]
	at org.apache.hadoop.ipc.RPC$Server.call(RPC.java:1093) [hadoop-common-3.3.4.jar:?]
	at org.apache.hadoop.ipc.Server$RpcCall.run(Server.java:1043) [hadoop-common-3.3.4.jar:?]
	at org.apache.hadoop.ipc.Server$RpcCall.run(Server.java:971) [hadoop-common-3.3.4.jar:?]
	at java.security.AccessController.doPrivileged(Native Method) ~[?:1.8.0_352]
	at javax.security.auth.Subject.doAs(Subject.java:422) [?:1.8.0_352]
	at org.apache.hadoop.security.UserGroupInformation.doAs(UserGroupInformation.java:1878) [hadoop-common-3.3.4.jar:?]
	at org.apache.hadoop.ipc.Server$Handler.run(Server.java:2976) [hadoop-common-3.3.4.jar:?]
]]></system-out>
  </testcase>
  <testcase name="testListStatusIteratorOnSubDirs" classname="TestOzoneFileSystem" time="0.053">
    <system-out><![CDATA[2023-01-26 20:29:58,903 [OM StateMachine ApplyTransaction Thread - 0] INFO  key.OMKeyRequest (OMKeyRequest.java:wrapUncommittedBlocksAsPseudoKey(837)) - Detect allocated but uncommitted blocks [{blockID={containerID=1, localID=111677748019200003}, length=4194304, offset=0, token=null, pipeline=null, createVersion=0, partNumber=0}] in key dir1/dir12/file121.
]]></system-out>
  </testcase>
  <testcase name="testListStatusIteratorOnSubDirs" classname="TestOzoneFileSystem" time="0.015">
    <system-out><![CDATA[2023-01-26 20:31:08,226 [IPC Server handler 7 on default port 37459] INFO  key.OMKeyRequest (OMKeyRequest.java:wrapUncommittedBlocksAsPseudoKey(837)) - Detect allocated but uncommitted blocks [{blockID={containerID=3, localID=111677748019200003}, length=4194304, offset=0, token=null, pipeline=null, createVersion=0, partNumber=0}] in key dir1/dir12/file121.
]]></system-out>
  </testcase>
  <testcase name="testListStatusIteratorOnSubDirs" classname="TestOzoneFileSystem" time="0.013">
    <system-out><![CDATA[2023-01-26 20:32:13,336 [OM StateMachine ApplyTransaction Thread - 0] INFO  key.OMKeyRequest (OMKeyRequest.java:wrapUncommittedBlocksAsPseudoKey(837)) - Detect allocated but uncommitted blocks [{blockID={containerID=1, localID=111677748019200003}, length=4194304, offset=0, token=null, pipeline=null, createVersion=0, partNumber=0}] in key dir1/dir12/file121.
]]></system-out>
  </testcase>
  <testcase name="testListStatusIteratorOnSubDirs" classname="TestOzoneFileSystem" time="0.008">
    <system-out><![CDATA[2023-01-26 20:33:19,406 [IPC Server handler 6 on default port 35105] INFO  key.OMKeyRequest (OMKeyRequest.java:wrapUncommittedBlocksAsPseudoKey(837)) - Detect allocated but uncommitted blocks [{blockID={containerID=1, localID=111677748019200003}, length=4194304, offset=0, token=null, pipeline=null, createVersion=0, partNumber=0}] in key dir1/dir12/file121.
]]></system-out>
  </testcase>
  <testcase name="testAllocateMoreThanOneBlock" classname="TestOzoneFileSystem" time="0.429"/>
  <testcase name="testAllocateMoreThanOneBlock" classname="TestOzoneFileSystem" time="0.36"/>
  <testcase name="testAllocateMoreThanOneBlock" classname="TestOzoneFileSystem" time="0.193"/>
  <testcase name="testAllocateMoreThanOneBlock" classname="TestOzoneFileSystem" time="0.164"/>
  <testcase name="testRenameToExistingDir" classname="TestOzoneFileSystem" time="0.047">
    <system-out><![CDATA[20:29:59.379 [IPC Server handler 18 on default port 38181] ERROR OMAudit - user=runner | ip=127.0.0.1 | op=LIST_STATUS {volume=volume83577, bucket=bucket75634, key=b/a, dataSize=0, replicationConfig=null} | ret=FAILURE
org.apache.hadoop.ozone.om.exceptions.OMException: Unable to get file status: volume: volume83577 bucket: bucket75634 key: b/a
	at org.apache.hadoop.ozone.om.KeyManagerImpl.getOzoneFileStatus(KeyManagerImpl.java:1301) ~[ozone-manager-1.4.0-SNAPSHOT.jar:?]
	at org.apache.hadoop.ozone.om.KeyManagerImpl.getFileStatus(KeyManagerImpl.java:1219) ~[ozone-manager-1.4.0-SNAPSHOT.jar:?]
	at org.apache.hadoop.ozone.om.KeyManagerImpl.listStatus(KeyManagerImpl.java:1585) ~[ozone-manager-1.4.0-SNAPSHOT.jar:?]
	at org.apache.hadoop.ozone.om.OzoneManager.listStatus(OzoneManager.java:3580) ~[ozone-manager-1.4.0-SNAPSHOT.jar:?]
	at org.apache.hadoop.ozone.protocolPB.OzoneManagerRequestHandler.listStatus(OzoneManagerRequestHandler.java:1077) ~[ozone-manager-1.4.0-SNAPSHOT.jar:?]
	at org.apache.hadoop.ozone.protocolPB.OzoneManagerRequestHandler.handleReadRequest(OzoneManagerRequestHandler.java:244) ~[ozone-manager-1.4.0-SNAPSHOT.jar:?]
	at org.apache.hadoop.ozone.protocolPB.OzoneManagerProtocolServerSideTranslatorPB.submitReadRequestToOM(OzoneManagerProtocolServerSideTranslatorPB.java:226) ~[ozone-manager-1.4.0-SNAPSHOT.jar:?]
	at org.apache.hadoop.ozone.protocolPB.OzoneManagerProtocolServerSideTranslatorPB.processRequest(OzoneManagerProtocolServerSideTranslatorPB.java:175) ~[ozone-manager-1.4.0-SNAPSHOT.jar:?]
	at org.apache.hadoop.hdds.server.OzoneProtocolMessageDispatcher.processRequest(OzoneProtocolMessageDispatcher.java:87) [hdds-server-framework-1.4.0-SNAPSHOT.jar:?]
	at org.apache.hadoop.ozone.protocolPB.OzoneManagerProtocolServerSideTranslatorPB.submitRequest(OzoneManagerProtocolServerSideTranslatorPB.java:147) [ozone-manager-1.4.0-SNAPSHOT.jar:?]
	at org.apache.hadoop.ozone.protocol.proto.OzoneManagerProtocolProtos$OzoneManagerService$2.callBlockingMethod(OzoneManagerProtocolProtos.java) [ozone-interface-client-1.4.0-SNAPSHOT.jar:?]
	at org.apache.hadoop.ipc.ProtobufRpcEngine$Server.processCall(ProtobufRpcEngine.java:465) [hadoop-common-3.3.4.jar:?]
	at org.apache.hadoop.ipc.ProtobufRpcEngine2$Server$ProtoBufRpcInvoker.call(ProtobufRpcEngine2.java:578) [hadoop-common-3.3.4.jar:?]
	at org.apache.hadoop.ipc.ProtobufRpcEngine2$Server$ProtoBufRpcInvoker.call(ProtobufRpcEngine2.java:556) [hadoop-common-3.3.4.jar:?]
	at org.apache.hadoop.ipc.RPC$Server.call(RPC.java:1093) [hadoop-common-3.3.4.jar:?]
	at org.apache.hadoop.ipc.Server$RpcCall.run(Server.java:1043) [hadoop-common-3.3.4.jar:?]
	at org.apache.hadoop.ipc.Server$RpcCall.run(Server.java:971) [hadoop-common-3.3.4.jar:?]
	at java.security.AccessController.doPrivileged(Native Method) ~[?:1.8.0_352]
	at javax.security.auth.Subject.doAs(Subject.java:422) [?:1.8.0_352]
	at org.apache.hadoop.security.UserGroupInformation.doAs(UserGroupInformation.java:1878) [hadoop-common-3.3.4.jar:?]
	at org.apache.hadoop.ipc.Server$Handler.run(Server.java:2976) [hadoop-common-3.3.4.jar:?]
]]></system-out>
  </testcase>
  <testcase name="testRenameToExistingDir" classname="TestOzoneFileSystem" time="0.015">
    <system-out><![CDATA[20:31:08.601 [IPC Server handler 12 on default port 37459] ERROR OMAudit - user=runner | ip=127.0.0.1 | op=LIST_STATUS {volume=volume58619, bucket=bucket43836, key=b/a, dataSize=0, replicationConfig=null} | ret=FAILURE
org.apache.hadoop.ozone.om.exceptions.OMException: Unable to get file status: volume: volume58619 bucket: bucket43836 key: b/a
	at org.apache.hadoop.ozone.om.KeyManagerImpl.getOzoneFileStatus(KeyManagerImpl.java:1301) ~[ozone-manager-1.4.0-SNAPSHOT.jar:?]
	at org.apache.hadoop.ozone.om.KeyManagerImpl.getFileStatus(KeyManagerImpl.java:1219) ~[ozone-manager-1.4.0-SNAPSHOT.jar:?]
	at org.apache.hadoop.ozone.om.KeyManagerImpl.listStatus(KeyManagerImpl.java:1585) ~[ozone-manager-1.4.0-SNAPSHOT.jar:?]
	at org.apache.hadoop.ozone.om.OzoneManager.listStatus(OzoneManager.java:3580) ~[ozone-manager-1.4.0-SNAPSHOT.jar:?]
	at org.apache.hadoop.ozone.protocolPB.OzoneManagerRequestHandler.listStatus(OzoneManagerRequestHandler.java:1077) ~[ozone-manager-1.4.0-SNAPSHOT.jar:?]
	at org.apache.hadoop.ozone.protocolPB.OzoneManagerRequestHandler.handleReadRequest(OzoneManagerRequestHandler.java:244) ~[ozone-manager-1.4.0-SNAPSHOT.jar:?]
	at org.apache.hadoop.ozone.protocolPB.OzoneManagerProtocolServerSideTranslatorPB.submitRequestDirectlyToOM(OzoneManagerProtocolServerSideTranslatorPB.java:276) ~[ozone-manager-1.4.0-SNAPSHOT.jar:?]
	at org.apache.hadoop.ozone.protocolPB.OzoneManagerProtocolServerSideTranslatorPB.processRequest(OzoneManagerProtocolServerSideTranslatorPB.java:205) ~[ozone-manager-1.4.0-SNAPSHOT.jar:?]
	at org.apache.hadoop.hdds.server.OzoneProtocolMessageDispatcher.processRequest(OzoneProtocolMessageDispatcher.java:87) [hdds-server-framework-1.4.0-SNAPSHOT.jar:?]
	at org.apache.hadoop.ozone.protocolPB.OzoneManagerProtocolServerSideTranslatorPB.submitRequest(OzoneManagerProtocolServerSideTranslatorPB.java:147) [ozone-manager-1.4.0-SNAPSHOT.jar:?]
	at org.apache.hadoop.ozone.protocol.proto.OzoneManagerProtocolProtos$OzoneManagerService$2.callBlockingMethod(OzoneManagerProtocolProtos.java) [ozone-interface-client-1.4.0-SNAPSHOT.jar:?]
	at org.apache.hadoop.ipc.ProtobufRpcEngine$Server.processCall(ProtobufRpcEngine.java:465) [hadoop-common-3.3.4.jar:?]
	at org.apache.hadoop.ipc.ProtobufRpcEngine2$Server$ProtoBufRpcInvoker.call(ProtobufRpcEngine2.java:578) [hadoop-common-3.3.4.jar:?]
	at org.apache.hadoop.ipc.ProtobufRpcEngine2$Server$ProtoBufRpcInvoker.call(ProtobufRpcEngine2.java:556) [hadoop-common-3.3.4.jar:?]
	at org.apache.hadoop.ipc.RPC$Server.call(RPC.java:1093) [hadoop-common-3.3.4.jar:?]
	at org.apache.hadoop.ipc.Server$RpcCall.run(Server.java:1043) [hadoop-common-3.3.4.jar:?]
	at org.apache.hadoop.ipc.Server$RpcCall.run(Server.java:971) [hadoop-common-3.3.4.jar:?]
	at java.security.AccessController.doPrivileged(Native Method) ~[?:1.8.0_352]
	at javax.security.auth.Subject.doAs(Subject.java:422) [?:1.8.0_352]
	at org.apache.hadoop.security.UserGroupInformation.doAs(UserGroupInformation.java:1878) [hadoop-common-3.3.4.jar:?]
	at org.apache.hadoop.ipc.Server$Handler.run(Server.java:2976) [hadoop-common-3.3.4.jar:?]
]]></system-out>
  </testcase>
  <testcase name="testRenameToExistingDir" classname="TestOzoneFileSystem" time="0.018">
    <system-out><![CDATA[20:32:13.545 [IPC Server handler 14 on default port 38041] ERROR OMAudit - user=runner | ip=127.0.0.1 | op=LIST_STATUS {volume=volume53399, bucket=bucket90109, key=b/a, dataSize=0, replicationConfig=null} | ret=FAILURE
org.apache.hadoop.ozone.om.exceptions.OMException: Unable to get file status: volume: volume53399 bucket: bucket90109 key: b/a
	at org.apache.hadoop.ozone.om.KeyManagerImpl.getOzoneFileStatus(KeyManagerImpl.java:1301) ~[ozone-manager-1.4.0-SNAPSHOT.jar:?]
	at org.apache.hadoop.ozone.om.KeyManagerImpl.getFileStatus(KeyManagerImpl.java:1219) ~[ozone-manager-1.4.0-SNAPSHOT.jar:?]
	at org.apache.hadoop.ozone.om.KeyManagerImpl.listStatus(KeyManagerImpl.java:1585) ~[ozone-manager-1.4.0-SNAPSHOT.jar:?]
	at org.apache.hadoop.ozone.om.OzoneManager.listStatus(OzoneManager.java:3580) ~[ozone-manager-1.4.0-SNAPSHOT.jar:?]
	at org.apache.hadoop.ozone.protocolPB.OzoneManagerRequestHandler.listStatus(OzoneManagerRequestHandler.java:1077) ~[ozone-manager-1.4.0-SNAPSHOT.jar:?]
	at org.apache.hadoop.ozone.protocolPB.OzoneManagerRequestHandler.handleReadRequest(OzoneManagerRequestHandler.java:244) ~[ozone-manager-1.4.0-SNAPSHOT.jar:?]
	at org.apache.hadoop.ozone.protocolPB.OzoneManagerProtocolServerSideTranslatorPB.submitReadRequestToOM(OzoneManagerProtocolServerSideTranslatorPB.java:226) ~[ozone-manager-1.4.0-SNAPSHOT.jar:?]
	at org.apache.hadoop.ozone.protocolPB.OzoneManagerProtocolServerSideTranslatorPB.processRequest(OzoneManagerProtocolServerSideTranslatorPB.java:175) ~[ozone-manager-1.4.0-SNAPSHOT.jar:?]
	at org.apache.hadoop.hdds.server.OzoneProtocolMessageDispatcher.processRequest(OzoneProtocolMessageDispatcher.java:87) [hdds-server-framework-1.4.0-SNAPSHOT.jar:?]
	at org.apache.hadoop.ozone.protocolPB.OzoneManagerProtocolServerSideTranslatorPB.submitRequest(OzoneManagerProtocolServerSideTranslatorPB.java:147) [ozone-manager-1.4.0-SNAPSHOT.jar:?]
	at org.apache.hadoop.ozone.protocol.proto.OzoneManagerProtocolProtos$OzoneManagerService$2.callBlockingMethod(OzoneManagerProtocolProtos.java) [ozone-interface-client-1.4.0-SNAPSHOT.jar:?]
	at org.apache.hadoop.ipc.ProtobufRpcEngine$Server.processCall(ProtobufRpcEngine.java:465) [hadoop-common-3.3.4.jar:?]
	at org.apache.hadoop.ipc.ProtobufRpcEngine2$Server$ProtoBufRpcInvoker.call(ProtobufRpcEngine2.java:578) [hadoop-common-3.3.4.jar:?]
	at org.apache.hadoop.ipc.ProtobufRpcEngine2$Server$ProtoBufRpcInvoker.call(ProtobufRpcEngine2.java:556) [hadoop-common-3.3.4.jar:?]
	at org.apache.hadoop.ipc.RPC$Server.call(RPC.java:1093) [hadoop-common-3.3.4.jar:?]
	at org.apache.hadoop.ipc.Server$RpcCall.run(Server.java:1043) [hadoop-common-3.3.4.jar:?]
	at org.apache.hadoop.ipc.Server$RpcCall.run(Server.java:971) [hadoop-common-3.3.4.jar:?]
	at java.security.AccessController.doPrivileged(Native Method) ~[?:1.8.0_352]
	at javax.security.auth.Subject.doAs(Subject.java:422) [?:1.8.0_352]
	at org.apache.hadoop.security.UserGroupInformation.doAs(UserGroupInformation.java:1878) [hadoop-common-3.3.4.jar:?]
	at org.apache.hadoop.ipc.Server$Handler.run(Server.java:2976) [hadoop-common-3.3.4.jar:?]
]]></system-out>
  </testcase>
  <testcase name="testRenameToExistingDir" classname="TestOzoneFileSystem" time="0.009">
    <system-out><![CDATA[20:33:19.579 [IPC Server handler 13 on default port 35105] ERROR OMAudit - user=runner | ip=127.0.0.1 | op=LIST_STATUS {volume=volume38800, bucket=bucket46934, key=b/a, dataSize=0, replicationConfig=null} | ret=FAILURE
org.apache.hadoop.ozone.om.exceptions.OMException: Unable to get file status: volume: volume38800 bucket: bucket46934 key: b/a
	at org.apache.hadoop.ozone.om.KeyManagerImpl.getOzoneFileStatus(KeyManagerImpl.java:1301) ~[ozone-manager-1.4.0-SNAPSHOT.jar:?]
	at org.apache.hadoop.ozone.om.KeyManagerImpl.getFileStatus(KeyManagerImpl.java:1219) ~[ozone-manager-1.4.0-SNAPSHOT.jar:?]
	at org.apache.hadoop.ozone.om.KeyManagerImpl.listStatus(KeyManagerImpl.java:1585) ~[ozone-manager-1.4.0-SNAPSHOT.jar:?]
	at org.apache.hadoop.ozone.om.OzoneManager.listStatus(OzoneManager.java:3580) ~[ozone-manager-1.4.0-SNAPSHOT.jar:?]
	at org.apache.hadoop.ozone.protocolPB.OzoneManagerRequestHandler.listStatus(OzoneManagerRequestHandler.java:1077) ~[ozone-manager-1.4.0-SNAPSHOT.jar:?]
	at org.apache.hadoop.ozone.protocolPB.OzoneManagerRequestHandler.handleReadRequest(OzoneManagerRequestHandler.java:244) ~[ozone-manager-1.4.0-SNAPSHOT.jar:?]
	at org.apache.hadoop.ozone.protocolPB.OzoneManagerProtocolServerSideTranslatorPB.submitRequestDirectlyToOM(OzoneManagerProtocolServerSideTranslatorPB.java:276) ~[ozone-manager-1.4.0-SNAPSHOT.jar:?]
	at org.apache.hadoop.ozone.protocolPB.OzoneManagerProtocolServerSideTranslatorPB.processRequest(OzoneManagerProtocolServerSideTranslatorPB.java:205) ~[ozone-manager-1.4.0-SNAPSHOT.jar:?]
	at org.apache.hadoop.hdds.server.OzoneProtocolMessageDispatcher.processRequest(OzoneProtocolMessageDispatcher.java:87) [hdds-server-framework-1.4.0-SNAPSHOT.jar:?]
	at org.apache.hadoop.ozone.protocolPB.OzoneManagerProtocolServerSideTranslatorPB.submitRequest(OzoneManagerProtocolServerSideTranslatorPB.java:147) [ozone-manager-1.4.0-SNAPSHOT.jar:?]
	at org.apache.hadoop.ozone.protocol.proto.OzoneManagerProtocolProtos$OzoneManagerService$2.callBlockingMethod(OzoneManagerProtocolProtos.java) [ozone-interface-client-1.4.0-SNAPSHOT.jar:?]
	at org.apache.hadoop.ipc.ProtobufRpcEngine$Server.processCall(ProtobufRpcEngine.java:465) [hadoop-common-3.3.4.jar:?]
	at org.apache.hadoop.ipc.ProtobufRpcEngine2$Server$ProtoBufRpcInvoker.call(ProtobufRpcEngine2.java:578) [hadoop-common-3.3.4.jar:?]
	at org.apache.hadoop.ipc.ProtobufRpcEngine2$Server$ProtoBufRpcInvoker.call(ProtobufRpcEngine2.java:556) [hadoop-common-3.3.4.jar:?]
	at org.apache.hadoop.ipc.RPC$Server.call(RPC.java:1093) [hadoop-common-3.3.4.jar:?]
	at org.apache.hadoop.ipc.Server$RpcCall.run(Server.java:1043) [hadoop-common-3.3.4.jar:?]
	at org.apache.hadoop.ipc.Server$RpcCall.run(Server.java:971) [hadoop-common-3.3.4.jar:?]
	at java.security.AccessController.doPrivileged(Native Method) ~[?:1.8.0_352]
	at javax.security.auth.Subject.doAs(Subject.java:422) [?:1.8.0_352]
	at org.apache.hadoop.security.UserGroupInformation.doAs(UserGroupInformation.java:1878) [hadoop-common-3.3.4.jar:?]
	at org.apache.hadoop.ipc.Server$Handler.run(Server.java:2976) [hadoop-common-3.3.4.jar:?]
]]></system-out>
  </testcase>
  <testcase name="testRenameDirToItsOwnSubDir" classname="TestOzoneFileSystem" time="0.023">
    <system-out><![CDATA[2023-01-26 20:29:59,420 [Time-limited test] INFO  ozone.TestOzoneFileSystem (TestOzoneFileSystem.java:testRenameDirToItsOwnSubDir(1165)) - Created dir1 o3fs://bucket75634.volume83577/root/dir1/sub_dir1
2023-01-26 20:29:59,420 [Time-limited test] INFO  ozone.TestOzoneFileSystem (TestOzoneFileSystem.java:testRenameDirToItsOwnSubDir(1168)) - Rename op-> source:o3fs://bucket75634.volume83577/root to destin:o3fs://bucket75634.volume83577/root/dir1/sub_dir1
]]></system-out>
  </testcase>
  <testcase name="testRenameDirToItsOwnSubDir" classname="TestOzoneFileSystem" time="0.01">
    <system-out><![CDATA[2023-01-26 20:31:08,615 [Time-limited test] INFO  ozone.TestOzoneFileSystem (TestOzoneFileSystem.java:testRenameDirToItsOwnSubDir(1165)) - Created dir1 o3fs://bucket43836.volume58619/root/dir1/sub_dir1
2023-01-26 20:31:08,615 [Time-limited test] INFO  ozone.TestOzoneFileSystem (TestOzoneFileSystem.java:testRenameDirToItsOwnSubDir(1168)) - Rename op-> source:o3fs://bucket43836.volume58619/root to destin:o3fs://bucket43836.volume58619/root/dir1/sub_dir1
]]></system-out>
  </testcase>
  <testcase name="testRenameDirToItsOwnSubDir" classname="TestOzoneFileSystem" time="0.006">
    <system-out><![CDATA[2023-01-26 20:32:13,557 [Time-limited test] INFO  ozone.TestOzoneFileSystem (TestOzoneFileSystem.java:testRenameDirToItsOwnSubDir(1165)) - Created dir1 o3fs://bucket90109.volume53399/root/dir1/sub_dir1
2023-01-26 20:32:13,557 [Time-limited test] INFO  ozone.TestOzoneFileSystem (TestOzoneFileSystem.java:testRenameDirToItsOwnSubDir(1168)) - Rename op-> source:o3fs://bucket90109.volume53399/root to destin:o3fs://bucket90109.volume53399/root/dir1/sub_dir1
]]></system-out>
  </testcase>
  <testcase name="testRenameDirToItsOwnSubDir" classname="TestOzoneFileSystem" time="0.004">
    <system-out><![CDATA[2023-01-26 20:33:19,585 [Time-limited test] INFO  ozone.TestOzoneFileSystem (TestOzoneFileSystem.java:testRenameDirToItsOwnSubDir(1165)) - Created dir1 o3fs://bucket46934.volume38800/root/dir1/sub_dir1
2023-01-26 20:33:19,585 [Time-limited test] INFO  ozone.TestOzoneFileSystem (TestOzoneFileSystem.java:testRenameDirToItsOwnSubDir(1168)) - Rename op-> source:o3fs://bucket46934.volume38800/root to destin:o3fs://bucket46934.volume38800/root/dir1/sub_dir1
]]></system-out>
  </testcase>
  <testcase name="testGetDirectoryModificationTime" classname="TestOzoneFileSystem" time="0.158"/>
  <testcase name="testGetDirectoryModificationTime" classname="TestOzoneFileSystem" time="0.119"/>
  <testcase name="testGetDirectoryModificationTime" classname="TestOzoneFileSystem" time="0.114"/>
  <testcase name="testGetDirectoryModificationTime" classname="TestOzoneFileSystem" time="0.114"/>
  <testcase name="testOzoneFsServiceLoader" classname="TestOzoneFileSystem" time="0.006"/>
  <testcase name="testOzoneFsServiceLoader" classname="TestOzoneFileSystem" time="0.001"/>
  <testcase name="testOzoneFsServiceLoader" classname="TestOzoneFileSystem" time="0.004"/>
  <testcase name="testOzoneFsServiceLoader" classname="TestOzoneFileSystem" time="0.001"/>
  <testcase name="testTrash" classname="TestOzoneFileSystem" time="4.075">
    <system-out><![CDATA[2023-01-26 20:29:59,611 [OM StateMachine ApplyTransaction Thread - 0] INFO  key.OMKeyRequest (OMKeyRequest.java:wrapUncommittedBlocksAsPseudoKey(837)) - Detect allocated but uncommitted blocks [{blockID={containerID=2, localID=111677748019200006}, length=4194304, offset=0, token=null, pipeline=null, createVersion=0, partNumber=0}] in key testKey2.
20:29:59.620 [IPC Server handler 12 on default port 38181] ERROR OMAudit - user=runner | ip=127.0.0.1 | op=GET_FILE_STATUS {volume=volume83577, bucket=bucket75634, key=.Trash/runner/Current/testKey2, dataSize=0, replicationConfig=null} | ret=FAILURE
org.apache.hadoop.ozone.om.exceptions.OMException: Unable to get file status: volume: volume83577 bucket: bucket75634 key: .Trash/runner/Current/testKey2
	at org.apache.hadoop.ozone.om.KeyManagerImpl.getOzoneFileStatus(KeyManagerImpl.java:1301) ~[ozone-manager-1.4.0-SNAPSHOT.jar:?]
	at org.apache.hadoop.ozone.om.KeyManagerImpl.getFileStatus(KeyManagerImpl.java:1219) ~[ozone-manager-1.4.0-SNAPSHOT.jar:?]
	at org.apache.hadoop.ozone.om.OzoneManager.getFileStatus(OzoneManager.java:3498) ~[ozone-manager-1.4.0-SNAPSHOT.jar:?]
	at org.apache.hadoop.ozone.protocolPB.OzoneManagerRequestHandler.getOzoneFileStatus(OzoneManagerRequestHandler.java:913) ~[ozone-manager-1.4.0-SNAPSHOT.jar:?]
	at org.apache.hadoop.ozone.protocolPB.OzoneManagerRequestHandler.handleReadRequest(OzoneManagerRequestHandler.java:233) ~[ozone-manager-1.4.0-SNAPSHOT.jar:?]
	at org.apache.hadoop.ozone.protocolPB.OzoneManagerProtocolServerSideTranslatorPB.submitReadRequestToOM(OzoneManagerProtocolServerSideTranslatorPB.java:226) ~[ozone-manager-1.4.0-SNAPSHOT.jar:?]
	at org.apache.hadoop.ozone.protocolPB.OzoneManagerProtocolServerSideTranslatorPB.processRequest(OzoneManagerProtocolServerSideTranslatorPB.java:175) ~[ozone-manager-1.4.0-SNAPSHOT.jar:?]
	at org.apache.hadoop.hdds.server.OzoneProtocolMessageDispatcher.processRequest(OzoneProtocolMessageDispatcher.java:87) [hdds-server-framework-1.4.0-SNAPSHOT.jar:?]
	at org.apache.hadoop.ozone.protocolPB.OzoneManagerProtocolServerSideTranslatorPB.submitRequest(OzoneManagerProtocolServerSideTranslatorPB.java:147) [ozone-manager-1.4.0-SNAPSHOT.jar:?]
	at org.apache.hadoop.ozone.protocol.proto.OzoneManagerProtocolProtos$OzoneManagerService$2.callBlockingMethod(OzoneManagerProtocolProtos.java) [ozone-interface-client-1.4.0-SNAPSHOT.jar:?]
	at org.apache.hadoop.ipc.ProtobufRpcEngine$Server.processCall(ProtobufRpcEngine.java:465) [hadoop-common-3.3.4.jar:?]
	at org.apache.hadoop.ipc.ProtobufRpcEngine2$Server$ProtoBufRpcInvoker.call(ProtobufRpcEngine2.java:578) [hadoop-common-3.3.4.jar:?]
	at org.apache.hadoop.ipc.ProtobufRpcEngine2$Server$ProtoBufRpcInvoker.call(ProtobufRpcEngine2.java:556) [hadoop-common-3.3.4.jar:?]
	at org.apache.hadoop.ipc.RPC$Server.call(RPC.java:1093) [hadoop-common-3.3.4.jar:?]
	at org.apache.hadoop.ipc.Server$RpcCall.run(Server.java:1043) [hadoop-common-3.3.4.jar:?]
	at org.apache.hadoop.ipc.Server$RpcCall.run(Server.java:971) [hadoop-common-3.3.4.jar:?]
	at java.security.AccessController.doPrivileged(Native Method) ~[?:1.8.0_352]
	at javax.security.auth.Subject.doAs(Subject.java:422) [?:1.8.0_352]
	at org.apache.hadoop.security.UserGroupInformation.doAs(UserGroupInformation.java:1878) [hadoop-common-3.3.4.jar:?]
	at org.apache.hadoop.ipc.Server$Handler.run(Server.java:2976) [hadoop-common-3.3.4.jar:?]
20:29:59.623 [IPC Server handler 9 on default port 38181] ERROR OMAudit - user=runner | ip=127.0.0.1 | op=GET_FILE_STATUS {volume=volume83577, bucket=bucket75634, key=.Trash/runner/Current/testKey2, dataSize=0, replicationConfig=null} | ret=FAILURE
org.apache.hadoop.ozone.om.exceptions.OMException: Unable to get file status: volume: volume83577 bucket: bucket75634 key: .Trash/runner/Current/testKey2
	at org.apache.hadoop.ozone.om.KeyManagerImpl.getOzoneFileStatus(KeyManagerImpl.java:1301) ~[ozone-manager-1.4.0-SNAPSHOT.jar:?]
	at org.apache.hadoop.ozone.om.KeyManagerImpl.getFileStatus(KeyManagerImpl.java:1219) ~[ozone-manager-1.4.0-SNAPSHOT.jar:?]
	at org.apache.hadoop.ozone.om.OzoneManager.getFileStatus(OzoneManager.java:3498) ~[ozone-manager-1.4.0-SNAPSHOT.jar:?]
	at org.apache.hadoop.ozone.protocolPB.OzoneManagerRequestHandler.getOzoneFileStatus(OzoneManagerRequestHandler.java:913) ~[ozone-manager-1.4.0-SNAPSHOT.jar:?]
	at org.apache.hadoop.ozone.protocolPB.OzoneManagerRequestHandler.handleReadRequest(OzoneManagerRequestHandler.java:233) ~[ozone-manager-1.4.0-SNAPSHOT.jar:?]
	at org.apache.hadoop.ozone.protocolPB.OzoneManagerProtocolServerSideTranslatorPB.submitReadRequestToOM(OzoneManagerProtocolServerSideTranslatorPB.java:226) ~[ozone-manager-1.4.0-SNAPSHOT.jar:?]
	at org.apache.hadoop.ozone.protocolPB.OzoneManagerProtocolServerSideTranslatorPB.processRequest(OzoneManagerProtocolServerSideTranslatorPB.java:175) ~[ozone-manager-1.4.0-SNAPSHOT.jar:?]
	at org.apache.hadoop.hdds.server.OzoneProtocolMessageDispatcher.processRequest(OzoneProtocolMessageDispatcher.java:87) [hdds-server-framework-1.4.0-SNAPSHOT.jar:?]
	at org.apache.hadoop.ozone.protocolPB.OzoneManagerProtocolServerSideTranslatorPB.submitRequest(OzoneManagerProtocolServerSideTranslatorPB.java:147) [ozone-manager-1.4.0-SNAPSHOT.jar:?]
	at org.apache.hadoop.ozone.protocol.proto.OzoneManagerProtocolProtos$OzoneManagerService$2.callBlockingMethod(OzoneManagerProtocolProtos.java) [ozone-interface-client-1.4.0-SNAPSHOT.jar:?]
	at org.apache.hadoop.ipc.ProtobufRpcEngine$Server.processCall(ProtobufRpcEngine.java:465) [hadoop-common-3.3.4.jar:?]
	at org.apache.hadoop.ipc.ProtobufRpcEngine2$Server$ProtoBufRpcInvoker.call(ProtobufRpcEngine2.java:578) [hadoop-common-3.3.4.jar:?]
	at org.apache.hadoop.ipc.ProtobufRpcEngine2$Server$ProtoBufRpcInvoker.call(ProtobufRpcEngine2.java:556) [hadoop-common-3.3.4.jar:?]
	at org.apache.hadoop.ipc.RPC$Server.call(RPC.java:1093) [hadoop-common-3.3.4.jar:?]
	at org.apache.hadoop.ipc.Server$RpcCall.run(Server.java:1043) [hadoop-common-3.3.4.jar:?]
	at org.apache.hadoop.ipc.Server$RpcCall.run(Server.java:971) [hadoop-common-3.3.4.jar:?]
	at java.security.AccessController.doPrivileged(Native Method) ~[?:1.8.0_352]
	at javax.security.auth.Subject.doAs(Subject.java:422) [?:1.8.0_352]
	at org.apache.hadoop.security.UserGroupInformation.doAs(UserGroupInformation.java:1878) [hadoop-common-3.3.4.jar:?]
	at org.apache.hadoop.ipc.Server$Handler.run(Server.java:2976) [hadoop-common-3.3.4.jar:?]
2023-01-26 20:29:59,632 [Time-limited test] INFO  om.TrashPolicyOzone (TrashPolicyOzone.java:moveToTrash(209)) - Moved: '/testKey2' to trash at: /.Trash/runner/Current/testKey2
20:30:00.637 [IPC Server handler 4 on default port 38181] ERROR OMAudit - user=runner | ip=127.0.0.1 | op=GET_FILE_STATUS {volume=volume83577, bucket=bucket75634, key=.Trash/runner/Current/testKey2, dataSize=0, replicationConfig=null} | ret=FAILURE
org.apache.hadoop.ozone.om.exceptions.OMException: Unable to get file status: volume: volume83577 bucket: bucket75634 key: .Trash/runner/Current/testKey2
	at org.apache.hadoop.ozone.om.KeyManagerImpl.getOzoneFileStatus(KeyManagerImpl.java:1301) ~[ozone-manager-1.4.0-SNAPSHOT.jar:?]
	at org.apache.hadoop.ozone.om.KeyManagerImpl.getFileStatus(KeyManagerImpl.java:1219) ~[ozone-manager-1.4.0-SNAPSHOT.jar:?]
	at org.apache.hadoop.ozone.om.OzoneManager.getFileStatus(OzoneManager.java:3498) ~[ozone-manager-1.4.0-SNAPSHOT.jar:?]
	at org.apache.hadoop.ozone.protocolPB.OzoneManagerRequestHandler.getOzoneFileStatus(OzoneManagerRequestHandler.java:913) ~[ozone-manager-1.4.0-SNAPSHOT.jar:?]
	at org.apache.hadoop.ozone.protocolPB.OzoneManagerRequestHandler.handleReadRequest(OzoneManagerRequestHandler.java:233) ~[ozone-manager-1.4.0-SNAPSHOT.jar:?]
	at org.apache.hadoop.ozone.protocolPB.OzoneManagerProtocolServerSideTranslatorPB.submitReadRequestToOM(OzoneManagerProtocolServerSideTranslatorPB.java:226) ~[ozone-manager-1.4.0-SNAPSHOT.jar:?]
	at org.apache.hadoop.ozone.protocolPB.OzoneManagerProtocolServerSideTranslatorPB.processRequest(OzoneManagerProtocolServerSideTranslatorPB.java:175) ~[ozone-manager-1.4.0-SNAPSHOT.jar:?]
	at org.apache.hadoop.hdds.server.OzoneProtocolMessageDispatcher.processRequest(OzoneProtocolMessageDispatcher.java:87) [hdds-server-framework-1.4.0-SNAPSHOT.jar:?]
	at org.apache.hadoop.ozone.protocolPB.OzoneManagerProtocolServerSideTranslatorPB.submitRequest(OzoneManagerProtocolServerSideTranslatorPB.java:147) [ozone-manager-1.4.0-SNAPSHOT.jar:?]
	at org.apache.hadoop.ozone.protocol.proto.OzoneManagerProtocolProtos$OzoneManagerService$2.callBlockingMethod(OzoneManagerProtocolProtos.java) [ozone-interface-client-1.4.0-SNAPSHOT.jar:?]
	at org.apache.hadoop.ipc.ProtobufRpcEngine$Server.processCall(ProtobufRpcEngine.java:465) [hadoop-common-3.3.4.jar:?]
	at org.apache.hadoop.ipc.ProtobufRpcEngine2$Server$ProtoBufRpcInvoker.call(ProtobufRpcEngine2.java:578) [hadoop-common-3.3.4.jar:?]
	at org.apache.hadoop.ipc.ProtobufRpcEngine2$Server$ProtoBufRpcInvoker.call(ProtobufRpcEngine2.java:556) [hadoop-common-3.3.4.jar:?]
	at org.apache.hadoop.ipc.RPC$Server.call(RPC.java:1093) [hadoop-common-3.3.4.jar:?]
	at org.apache.hadoop.ipc.Server$RpcCall.run(Server.java:1043) [hadoop-common-3.3.4.jar:?]
	at org.apache.hadoop.ipc.Server$RpcCall.run(Server.java:971) [hadoop-common-3.3.4.jar:?]
	at java.security.AccessController.doPrivileged(Native Method) ~[?:1.8.0_352]
	at javax.security.auth.Subject.doAs(Subject.java:422) [?:1.8.0_352]
	at org.apache.hadoop.security.UserGroupInformation.doAs(UserGroupInformation.java:1878) [hadoop-common-3.3.4.jar:?]
	at org.apache.hadoop.ipc.Server$Handler.run(Server.java:2976) [hadoop-common-3.3.4.jar:?]
2023-01-26 20:30:02,468 [7bf5aaad-ce4d-4dcc-9fd5-6307881c1b43@group-C481FBFF3B85-FollowerState] INFO  impl.FollowerState (FollowerState.java:run(143)) - 7bf5aaad-ce4d-4dcc-9fd5-6307881c1b43@group-C481FBFF3B85-FollowerState: change to CANDIDATE, lastRpcElapsedTime:5003369952ns, electionTimeout:5002ms
2023-01-26 20:30:02,469 [7bf5aaad-ce4d-4dcc-9fd5-6307881c1b43@group-C481FBFF3B85-FollowerState] INFO  impl.RoleInfo (RoleInfo.java:shutdownFollowerState(110)) - 7bf5aaad-ce4d-4dcc-9fd5-6307881c1b43: shutdown 7bf5aaad-ce4d-4dcc-9fd5-6307881c1b43@group-C481FBFF3B85-FollowerState
2023-01-26 20:30:02,469 [7bf5aaad-ce4d-4dcc-9fd5-6307881c1b43@group-C481FBFF3B85-FollowerState] INFO  server.RaftServer$Division (RaftServerImpl.java:setRole(321)) - 7bf5aaad-ce4d-4dcc-9fd5-6307881c1b43@group-C481FBFF3B85: changes role from  FOLLOWER to CANDIDATE at term 1 for changeToCandidate
2023-01-26 20:30:02,469 [7bf5aaad-ce4d-4dcc-9fd5-6307881c1b43@group-C481FBFF3B85-FollowerState] INFO  server.RaftServerConfigKeys (ConfUtils.java:logGet(46)) - raft.server.leaderelection.pre-vote = false (custom)
2023-01-26 20:30:02,469 [7bf5aaad-ce4d-4dcc-9fd5-6307881c1b43@group-C481FBFF3B85-FollowerState] INFO  impl.RoleInfo (RoleInfo.java:updateAndGet(139)) - 7bf5aaad-ce4d-4dcc-9fd5-6307881c1b43: start 7bf5aaad-ce4d-4dcc-9fd5-6307881c1b43@group-C481FBFF3B85-LeaderElection9
2023-01-26 20:30:02,472 [7bf5aaad-ce4d-4dcc-9fd5-6307881c1b43@group-C481FBFF3B85-LeaderElection9] INFO  impl.LeaderElection (LeaderElection.java:askForVotes(312)) - 7bf5aaad-ce4d-4dcc-9fd5-6307881c1b43@group-C481FBFF3B85-LeaderElection9 ELECTION round 0: submit vote requests at term 2 for -1: peers:[5982ba88-a0d3-4bb4-b961-874e4813aacd|rpc:10.1.0.15:35121|dataStream:10.1.0.15:36617|priority:1|startupRole:FOLLOWER, 7bf5aaad-ce4d-4dcc-9fd5-6307881c1b43|rpc:10.1.0.15:41477|dataStream:10.1.0.15:41069|priority:0|startupRole:FOLLOWER, 1568f87f-b911-477a-a667-1c441b63e4c2|rpc:10.1.0.15:44955|dataStream:10.1.0.15:41383|priority:0|startupRole:FOLLOWER]|listeners:[], old=null
2023-01-26 20:30:02,474 [7bf5aaad-ce4d-4dcc-9fd5-6307881c1b43@group-C481FBFF3B85-LeaderElection9] INFO  server.RaftServerConfigKeys (ConfUtils.java:logFallback(53)) - raft.server.rpc.first-election.timeout.min = 5s (fallback to raft.server.rpc.timeout.min)
2023-01-26 20:30:02,474 [7bf5aaad-ce4d-4dcc-9fd5-6307881c1b43@group-C481FBFF3B85-LeaderElection9] INFO  server.RaftServerConfigKeys (ConfUtils.java:logFallback(53)) - raft.server.rpc.first-election.timeout.max = 5200ms (fallback to raft.server.rpc.timeout.max)
2023-01-26 20:30:02,477 [grpc-default-executor-1] INFO  server.RaftServer$Division (RaftServerImpl.java:requestVote(1218)) - 5982ba88-a0d3-4bb4-b961-874e4813aacd@group-C481FBFF3B85: receive requestVote(ELECTION, 7bf5aaad-ce4d-4dcc-9fd5-6307881c1b43, group-C481FBFF3B85, 2, (t:0, i:0))
2023-01-26 20:30:02,478 [grpc-default-executor-1] INFO  impl.VoteContext (VoteContext.java:log(49)) - 5982ba88-a0d3-4bb4-b961-874e4813aacd@group-C481FBFF3B85-FOLLOWER: reject ELECTION from 7bf5aaad-ce4d-4dcc-9fd5-6307881c1b43: our priority 1 > candidate's priority 0
2023-01-26 20:30:02,479 [grpc-default-executor-1] INFO  server.RaftServer$Division (RaftServerImpl.java:setRole(321)) - 5982ba88-a0d3-4bb4-b961-874e4813aacd@group-C481FBFF3B85: changes role from  FOLLOWER to FOLLOWER at term 2 for candidate:7bf5aaad-ce4d-4dcc-9fd5-6307881c1b43
2023-01-26 20:30:02,479 [grpc-default-executor-1] INFO  impl.RoleInfo (RoleInfo.java:shutdownFollowerState(110)) - 5982ba88-a0d3-4bb4-b961-874e4813aacd: shutdown 5982ba88-a0d3-4bb4-b961-874e4813aacd@group-C481FBFF3B85-FollowerState
2023-01-26 20:30:02,479 [grpc-default-executor-1] INFO  impl.RoleInfo (RoleInfo.java:updateAndGet(139)) - 5982ba88-a0d3-4bb4-b961-874e4813aacd: start 5982ba88-a0d3-4bb4-b961-874e4813aacd@group-C481FBFF3B85-FollowerState
2023-01-26 20:30:02,479 [5982ba88-a0d3-4bb4-b961-874e4813aacd@group-C481FBFF3B85-FollowerState] INFO  impl.FollowerState (FollowerState.java:run(152)) - 5982ba88-a0d3-4bb4-b961-874e4813aacd@group-C481FBFF3B85-FollowerState was interrupted
2023-01-26 20:30:02,479 [5982ba88-a0d3-4bb4-b961-874e4813aacd@group-C481FBFF3B85-FollowerState] INFO  server.RaftServerConfigKeys (ConfUtils.java:logFallback(53)) - raft.server.rpc.first-election.timeout.min = 5s (fallback to raft.server.rpc.timeout.min)
2023-01-26 20:30:02,480 [grpc-default-executor-1] INFO  server.RaftServer$Division (RaftServerImpl.java:requestVote(1251)) - 5982ba88-a0d3-4bb4-b961-874e4813aacd@group-C481FBFF3B85 replies to ELECTION vote request: 7bf5aaad-ce4d-4dcc-9fd5-6307881c1b43<-5982ba88-a0d3-4bb4-b961-874e4813aacd#0:FAIL-t2. Peer's state: 5982ba88-a0d3-4bb4-b961-874e4813aacd@group-C481FBFF3B85:t2, leader=null, voted=null, raftlog=Memoized:5982ba88-a0d3-4bb4-b961-874e4813aacd@group-C481FBFF3B85-SegmentedRaftLog:OPENED:c-1, conf=-1: peers:[5982ba88-a0d3-4bb4-b961-874e4813aacd|rpc:10.1.0.15:35121|dataStream:10.1.0.15:36617|priority:1|startupRole:FOLLOWER, 7bf5aaad-ce4d-4dcc-9fd5-6307881c1b43|rpc:10.1.0.15:41477|dataStream:10.1.0.15:41069|priority:0|startupRole:FOLLOWER, 1568f87f-b911-477a-a667-1c441b63e4c2|rpc:10.1.0.15:44955|dataStream:10.1.0.15:41383|priority:0|startupRole:FOLLOWER]|listeners:[], old=null
2023-01-26 20:30:02,485 [5982ba88-a0d3-4bb4-b961-874e4813aacd@group-C481FBFF3B85-FollowerState] INFO  server.RaftServerConfigKeys (ConfUtils.java:logFallback(53)) - raft.server.rpc.first-election.timeout.max = 5200ms (fallback to raft.server.rpc.timeout.max)
2023-01-26 20:30:02,485 [grpc-default-executor-2] INFO  server.RaftServer$Division (RaftServerImpl.java:requestVote(1218)) - 1568f87f-b911-477a-a667-1c441b63e4c2@group-C481FBFF3B85: receive requestVote(ELECTION, 7bf5aaad-ce4d-4dcc-9fd5-6307881c1b43, group-C481FBFF3B85, 2, (t:0, i:0))
2023-01-26 20:30:02,486 [grpc-default-executor-2] INFO  impl.VoteContext (VoteContext.java:log(49)) - 1568f87f-b911-477a-a667-1c441b63e4c2@group-C481FBFF3B85-FOLLOWER: accept ELECTION from 7bf5aaad-ce4d-4dcc-9fd5-6307881c1b43: our priority 0 <= candidate's priority 0
2023-01-26 20:30:02,487 [7bf5aaad-ce4d-4dcc-9fd5-6307881c1b43@group-C481FBFF3B85-LeaderElection9] INFO  impl.LeaderElection (LeaderElection.java:logAndReturn(90)) - 7bf5aaad-ce4d-4dcc-9fd5-6307881c1b43@group-C481FBFF3B85-LeaderElection9: ELECTION REJECTED received 1 response(s) and 0 exception(s):
2023-01-26 20:30:02,487 [grpc-default-executor-2] INFO  server.RaftServer$Division (RaftServerImpl.java:setRole(321)) - 1568f87f-b911-477a-a667-1c441b63e4c2@group-C481FBFF3B85: changes role from  FOLLOWER to FOLLOWER at term 2 for candidate:7bf5aaad-ce4d-4dcc-9fd5-6307881c1b43
2023-01-26 20:30:02,487 [grpc-default-executor-2] INFO  impl.RoleInfo (RoleInfo.java:shutdownFollowerState(110)) - 1568f87f-b911-477a-a667-1c441b63e4c2: shutdown 1568f87f-b911-477a-a667-1c441b63e4c2@group-C481FBFF3B85-FollowerState
2023-01-26 20:30:02,487 [grpc-default-executor-2] INFO  impl.RoleInfo (RoleInfo.java:updateAndGet(139)) - 1568f87f-b911-477a-a667-1c441b63e4c2: start 1568f87f-b911-477a-a667-1c441b63e4c2@group-C481FBFF3B85-FollowerState
2023-01-26 20:30:02,487 [1568f87f-b911-477a-a667-1c441b63e4c2@group-C481FBFF3B85-FollowerState] INFO  impl.FollowerState (FollowerState.java:run(152)) - 1568f87f-b911-477a-a667-1c441b63e4c2@group-C481FBFF3B85-FollowerState was interrupted
2023-01-26 20:30:02,487 [7bf5aaad-ce4d-4dcc-9fd5-6307881c1b43@group-C481FBFF3B85-LeaderElection9] INFO  impl.LeaderElection (LeaderElection.java:logAndReturn(94)) -   Response 0: 7bf5aaad-ce4d-4dcc-9fd5-6307881c1b43<-5982ba88-a0d3-4bb4-b961-874e4813aacd#0:FAIL-t2
2023-01-26 20:30:02,487 [7bf5aaad-ce4d-4dcc-9fd5-6307881c1b43@group-C481FBFF3B85-LeaderElection9] INFO  impl.LeaderElection (LeaderElection.java:askForVotes(314)) - 7bf5aaad-ce4d-4dcc-9fd5-6307881c1b43@group-C481FBFF3B85-LeaderElection9 ELECTION round 0: result REJECTED
2023-01-26 20:30:02,497 [grpc-default-executor-2] INFO  server.RaftServer$Division (RaftServerImpl.java:requestVote(1251)) - 1568f87f-b911-477a-a667-1c441b63e4c2@group-C481FBFF3B85 replies to ELECTION vote request: 7bf5aaad-ce4d-4dcc-9fd5-6307881c1b43<-1568f87f-b911-477a-a667-1c441b63e4c2#0:OK-t2. Peer's state: 1568f87f-b911-477a-a667-1c441b63e4c2@group-C481FBFF3B85:t2, leader=null, voted=7bf5aaad-ce4d-4dcc-9fd5-6307881c1b43, raftlog=Memoized:1568f87f-b911-477a-a667-1c441b63e4c2@group-C481FBFF3B85-SegmentedRaftLog:OPENED:c-1, conf=-1: peers:[5982ba88-a0d3-4bb4-b961-874e4813aacd|rpc:10.1.0.15:35121|dataStream:10.1.0.15:36617|priority:1|startupRole:FOLLOWER, 7bf5aaad-ce4d-4dcc-9fd5-6307881c1b43|rpc:10.1.0.15:41477|dataStream:10.1.0.15:41069|priority:0|startupRole:FOLLOWER, 1568f87f-b911-477a-a667-1c441b63e4c2|rpc:10.1.0.15:44955|dataStream:10.1.0.15:41383|priority:0|startupRole:FOLLOWER]|listeners:[], old=null
2023-01-26 20:30:02,497 [1568f87f-b911-477a-a667-1c441b63e4c2@group-C481FBFF3B85-FollowerState] INFO  server.RaftServerConfigKeys (ConfUtils.java:logFallback(53)) - raft.server.rpc.first-election.timeout.min = 5s (fallback to raft.server.rpc.timeout.min)
2023-01-26 20:30:02,497 [7bf5aaad-ce4d-4dcc-9fd5-6307881c1b43@group-C481FBFF3B85-LeaderElection9] INFO  server.RaftServer$Division (RaftServerImpl.java:setRole(321)) - 7bf5aaad-ce4d-4dcc-9fd5-6307881c1b43@group-C481FBFF3B85: changes role from CANDIDATE to FOLLOWER at term 2 for REJECTED
2023-01-26 20:30:02,499 [7bf5aaad-ce4d-4dcc-9fd5-6307881c1b43@group-C481FBFF3B85-LeaderElection9] INFO  impl.RoleInfo (RoleInfo.java:shutdownLeaderElection(130)) - 7bf5aaad-ce4d-4dcc-9fd5-6307881c1b43: shutdown 7bf5aaad-ce4d-4dcc-9fd5-6307881c1b43@group-C481FBFF3B85-LeaderElection9
2023-01-26 20:30:02,498 [1568f87f-b911-477a-a667-1c441b63e4c2@group-C481FBFF3B85-FollowerState] INFO  server.RaftServerConfigKeys (ConfUtils.java:logFallback(53)) - raft.server.rpc.first-election.timeout.max = 5200ms (fallback to raft.server.rpc.timeout.max)
2023-01-26 20:30:02,499 [7bf5aaad-ce4d-4dcc-9fd5-6307881c1b43@group-C481FBFF3B85-LeaderElection9] INFO  impl.RoleInfo (RoleInfo.java:updateAndGet(139)) - 7bf5aaad-ce4d-4dcc-9fd5-6307881c1b43: start 7bf5aaad-ce4d-4dcc-9fd5-6307881c1b43@group-C481FBFF3B85-FollowerState
2023-01-26 20:30:02,499 [7bf5aaad-ce4d-4dcc-9fd5-6307881c1b43@group-C481FBFF3B85-FollowerState] INFO  server.RaftServerConfigKeys (ConfUtils.java:logFallback(53)) - raft.server.rpc.first-election.timeout.min = 5s (fallback to raft.server.rpc.timeout.min)
2023-01-26 20:30:02,501 [7bf5aaad-ce4d-4dcc-9fd5-6307881c1b43@group-C481FBFF3B85-FollowerState] INFO  server.RaftServerConfigKeys (ConfUtils.java:logFallback(53)) - raft.server.rpc.first-election.timeout.max = 5200ms (fallback to raft.server.rpc.timeout.max)
]]></system-out>
  </testcase>
  <testcase name="testTrash" classname="TestOzoneFileSystem" time="5.521">
    <system-out><![CDATA[2023-01-26 20:31:09,231 [JvmPauseMonitor9] WARN  util.JvmPauseMonitor (JvmPauseMonitor.java:detectPause(126)) - JvmPauseMonitor-d4171a40-eb60-4a1e-8628-4f14234272fd: Detected pause in JVM or host machine (eg GC): pause of approximately 123756196ns.
GC pool 'PS MarkSweep' had collection(s): count=1 time=306ms
GC pool 'PS Scavenge' had collection(s): count=1 time=182ms
2023-01-26 20:31:09,233 [JvmPauseMonitor7] WARN  util.JvmPauseMonitor (JvmPauseMonitor.java:detectPause(126)) - JvmPauseMonitor-7e0f7051-7df6-4c7d-992e-efcf57e991e1: Detected pause in JVM or host machine (eg GC): pause of approximately 246841316ns.
GC pool 'PS MarkSweep' had collection(s): count=1 time=306ms
GC pool 'PS Scavenge' had collection(s): count=1 time=182ms
2023-01-26 20:31:09,234 [JvmPauseMonitor10] WARN  util.JvmPauseMonitor (JvmPauseMonitor.java:detectPause(126)) - JvmPauseMonitor-bb346dc9-524c-4b81-8ec9-e7d714560812: Detected pause in JVM or host machine (eg GC): pause of approximately 334263925ns.
GC pool 'PS MarkSweep' had collection(s): count=1 time=306ms
GC pool 'PS Scavenge' had collection(s): count=1 time=182ms
2023-01-26 20:31:09,235 [JvmPauseMonitor8] WARN  util.JvmPauseMonitor (JvmPauseMonitor.java:detectPause(126)) - JvmPauseMonitor-f73d43d0-b19f-4135-8753-89f8dbf44938: Detected pause in JVM or host machine (eg GC): pause of approximately 426500588ns.
GC pool 'PS MarkSweep' had collection(s): count=1 time=306ms
GC pool 'PS Scavenge' had collection(s): count=1 time=182ms
2023-01-26 20:31:09,242 [IPC Server handler 17 on default port 37459] INFO  key.OMKeyRequest (OMKeyRequest.java:wrapUncommittedBlocksAsPseudoKey(837)) - Detect allocated but uncommitted blocks [{blockID={containerID=3, localID=111677748019200006}, length=4194304, offset=0, token=null, pipeline=null, createVersion=0, partNumber=0}] in key testKey2.
20:31:09.245 [IPC Server handler 19 on default port 37459] ERROR OMAudit - user=runner | ip=127.0.0.1 | op=GET_FILE_STATUS {volume=volume58619, bucket=bucket43836, key=.Trash/runner/Current/testKey2, dataSize=0, replicationConfig=null} | ret=FAILURE
org.apache.hadoop.ozone.om.exceptions.OMException: Unable to get file status: volume: volume58619 bucket: bucket43836 key: .Trash/runner/Current/testKey2
	at org.apache.hadoop.ozone.om.KeyManagerImpl.getOzoneFileStatus(KeyManagerImpl.java:1301) ~[ozone-manager-1.4.0-SNAPSHOT.jar:?]
	at org.apache.hadoop.ozone.om.KeyManagerImpl.getFileStatus(KeyManagerImpl.java:1219) ~[ozone-manager-1.4.0-SNAPSHOT.jar:?]
	at org.apache.hadoop.ozone.om.OzoneManager.getFileStatus(OzoneManager.java:3498) ~[ozone-manager-1.4.0-SNAPSHOT.jar:?]
	at org.apache.hadoop.ozone.protocolPB.OzoneManagerRequestHandler.getOzoneFileStatus(OzoneManagerRequestHandler.java:913) ~[ozone-manager-1.4.0-SNAPSHOT.jar:?]
	at org.apache.hadoop.ozone.protocolPB.OzoneManagerRequestHandler.handleReadRequest(OzoneManagerRequestHandler.java:233) ~[ozone-manager-1.4.0-SNAPSHOT.jar:?]
	at org.apache.hadoop.ozone.protocolPB.OzoneManagerProtocolServerSideTranslatorPB.submitRequestDirectlyToOM(OzoneManagerProtocolServerSideTranslatorPB.java:276) ~[ozone-manager-1.4.0-SNAPSHOT.jar:?]
	at org.apache.hadoop.ozone.protocolPB.OzoneManagerProtocolServerSideTranslatorPB.processRequest(OzoneManagerProtocolServerSideTranslatorPB.java:205) ~[ozone-manager-1.4.0-SNAPSHOT.jar:?]
	at org.apache.hadoop.hdds.server.OzoneProtocolMessageDispatcher.processRequest(OzoneProtocolMessageDispatcher.java:87) [hdds-server-framework-1.4.0-SNAPSHOT.jar:?]
	at org.apache.hadoop.ozone.protocolPB.OzoneManagerProtocolServerSideTranslatorPB.submitRequest(OzoneManagerProtocolServerSideTranslatorPB.java:147) [ozone-manager-1.4.0-SNAPSHOT.jar:?]
	at org.apache.hadoop.ozone.protocol.proto.OzoneManagerProtocolProtos$OzoneManagerService$2.callBlockingMethod(OzoneManagerProtocolProtos.java) [ozone-interface-client-1.4.0-SNAPSHOT.jar:?]
	at org.apache.hadoop.ipc.ProtobufRpcEngine$Server.processCall(ProtobufRpcEngine.java:465) [hadoop-common-3.3.4.jar:?]
	at org.apache.hadoop.ipc.ProtobufRpcEngine2$Server$ProtoBufRpcInvoker.call(ProtobufRpcEngine2.java:578) [hadoop-common-3.3.4.jar:?]
	at org.apache.hadoop.ipc.ProtobufRpcEngine2$Server$ProtoBufRpcInvoker.call(ProtobufRpcEngine2.java:556) [hadoop-common-3.3.4.jar:?]
	at org.apache.hadoop.ipc.RPC$Server.call(RPC.java:1093) [hadoop-common-3.3.4.jar:?]
	at org.apache.hadoop.ipc.Server$RpcCall.run(Server.java:1043) [hadoop-common-3.3.4.jar:?]
	at org.apache.hadoop.ipc.Server$RpcCall.run(Server.java:971) [hadoop-common-3.3.4.jar:?]
	at java.security.AccessController.doPrivileged(Native Method) ~[?:1.8.0_352]
	at javax.security.auth.Subject.doAs(Subject.java:422) [?:1.8.0_352]
	at org.apache.hadoop.security.UserGroupInformation.doAs(UserGroupInformation.java:1878) [hadoop-common-3.3.4.jar:?]
	at org.apache.hadoop.ipc.Server$Handler.run(Server.java:2976) [hadoop-common-3.3.4.jar:?]
20:31:09.246 [IPC Server handler 1 on default port 37459] ERROR OMAudit - user=runner | ip=127.0.0.1 | op=GET_FILE_STATUS {volume=volume58619, bucket=bucket43836, key=.Trash/runner/Current/testKey2, dataSize=0, replicationConfig=null} | ret=FAILURE
org.apache.hadoop.ozone.om.exceptions.OMException: Unable to get file status: volume: volume58619 bucket: bucket43836 key: .Trash/runner/Current/testKey2
	at org.apache.hadoop.ozone.om.KeyManagerImpl.getOzoneFileStatus(KeyManagerImpl.java:1301) ~[ozone-manager-1.4.0-SNAPSHOT.jar:?]
	at org.apache.hadoop.ozone.om.KeyManagerImpl.getFileStatus(KeyManagerImpl.java:1219) ~[ozone-manager-1.4.0-SNAPSHOT.jar:?]
	at org.apache.hadoop.ozone.om.OzoneManager.getFileStatus(OzoneManager.java:3498) ~[ozone-manager-1.4.0-SNAPSHOT.jar:?]
	at org.apache.hadoop.ozone.protocolPB.OzoneManagerRequestHandler.getOzoneFileStatus(OzoneManagerRequestHandler.java:913) ~[ozone-manager-1.4.0-SNAPSHOT.jar:?]
	at org.apache.hadoop.ozone.protocolPB.OzoneManagerRequestHandler.handleReadRequest(OzoneManagerRequestHandler.java:233) ~[ozone-manager-1.4.0-SNAPSHOT.jar:?]
	at org.apache.hadoop.ozone.protocolPB.OzoneManagerProtocolServerSideTranslatorPB.submitRequestDirectlyToOM(OzoneManagerProtocolServerSideTranslatorPB.java:276) ~[ozone-manager-1.4.0-SNAPSHOT.jar:?]
	at org.apache.hadoop.ozone.protocolPB.OzoneManagerProtocolServerSideTranslatorPB.processRequest(OzoneManagerProtocolServerSideTranslatorPB.java:205) ~[ozone-manager-1.4.0-SNAPSHOT.jar:?]
	at org.apache.hadoop.hdds.server.OzoneProtocolMessageDispatcher.processRequest(OzoneProtocolMessageDispatcher.java:87) [hdds-server-framework-1.4.0-SNAPSHOT.jar:?]
	at org.apache.hadoop.ozone.protocolPB.OzoneManagerProtocolServerSideTranslatorPB.submitRequest(OzoneManagerProtocolServerSideTranslatorPB.java:147) [ozone-manager-1.4.0-SNAPSHOT.jar:?]
	at org.apache.hadoop.ozone.protocol.proto.OzoneManagerProtocolProtos$OzoneManagerService$2.callBlockingMethod(OzoneManagerProtocolProtos.java) [ozone-interface-client-1.4.0-SNAPSHOT.jar:?]
	at org.apache.hadoop.ipc.ProtobufRpcEngine$Server.processCall(ProtobufRpcEngine.java:465) [hadoop-common-3.3.4.jar:?]
	at org.apache.hadoop.ipc.ProtobufRpcEngine2$Server$ProtoBufRpcInvoker.call(ProtobufRpcEngine2.java:578) [hadoop-common-3.3.4.jar:?]
	at org.apache.hadoop.ipc.ProtobufRpcEngine2$Server$ProtoBufRpcInvoker.call(ProtobufRpcEngine2.java:556) [hadoop-common-3.3.4.jar:?]
	at org.apache.hadoop.ipc.RPC$Server.call(RPC.java:1093) [hadoop-common-3.3.4.jar:?]
	at org.apache.hadoop.ipc.Server$RpcCall.run(Server.java:1043) [hadoop-common-3.3.4.jar:?]
	at org.apache.hadoop.ipc.Server$RpcCall.run(Server.java:971) [hadoop-common-3.3.4.jar:?]
	at java.security.AccessController.doPrivileged(Native Method) ~[?:1.8.0_352]
	at javax.security.auth.Subject.doAs(Subject.java:422) [?:1.8.0_352]
	at org.apache.hadoop.security.UserGroupInformation.doAs(UserGroupInformation.java:1878) [hadoop-common-3.3.4.jar:?]
	at org.apache.hadoop.ipc.Server$Handler.run(Server.java:2976) [hadoop-common-3.3.4.jar:?]
2023-01-26 20:31:09,249 [Time-limited test] INFO  om.TrashPolicyOzone (TrashPolicyOzone.java:moveToTrash(209)) - Moved: '/testKey2' to trash at: /.Trash/runner/Current/testKey2
20:31:11.251 [IPC Server handler 8 on default port 37459] ERROR OMAudit - user=runner | ip=127.0.0.1 | op=GET_FILE_STATUS {volume=volume58619, bucket=bucket43836, key=.Trash/runner/Current/testKey2, dataSize=0, replicationConfig=null} | ret=FAILURE
org.apache.hadoop.ozone.om.exceptions.OMException: Unable to get file status: volume: volume58619 bucket: bucket43836 key: .Trash/runner/Current/testKey2
	at org.apache.hadoop.ozone.om.KeyManagerImpl.getOzoneFileStatus(KeyManagerImpl.java:1301) ~[ozone-manager-1.4.0-SNAPSHOT.jar:?]
	at org.apache.hadoop.ozone.om.KeyManagerImpl.getFileStatus(KeyManagerImpl.java:1219) ~[ozone-manager-1.4.0-SNAPSHOT.jar:?]
	at org.apache.hadoop.ozone.om.OzoneManager.getFileStatus(OzoneManager.java:3498) ~[ozone-manager-1.4.0-SNAPSHOT.jar:?]
	at org.apache.hadoop.ozone.protocolPB.OzoneManagerRequestHandler.getOzoneFileStatus(OzoneManagerRequestHandler.java:913) ~[ozone-manager-1.4.0-SNAPSHOT.jar:?]
	at org.apache.hadoop.ozone.protocolPB.OzoneManagerRequestHandler.handleReadRequest(OzoneManagerRequestHandler.java:233) ~[ozone-manager-1.4.0-SNAPSHOT.jar:?]
	at org.apache.hadoop.ozone.protocolPB.OzoneManagerProtocolServerSideTranslatorPB.submitRequestDirectlyToOM(OzoneManagerProtocolServerSideTranslatorPB.java:276) ~[ozone-manager-1.4.0-SNAPSHOT.jar:?]
	at org.apache.hadoop.ozone.protocolPB.OzoneManagerProtocolServerSideTranslatorPB.processRequest(OzoneManagerProtocolServerSideTranslatorPB.java:205) ~[ozone-manager-1.4.0-SNAPSHOT.jar:?]
	at org.apache.hadoop.hdds.server.OzoneProtocolMessageDispatcher.processRequest(OzoneProtocolMessageDispatcher.java:87) [hdds-server-framework-1.4.0-SNAPSHOT.jar:?]
	at org.apache.hadoop.ozone.protocolPB.OzoneManagerProtocolServerSideTranslatorPB.submitRequest(OzoneManagerProtocolServerSideTranslatorPB.java:147) [ozone-manager-1.4.0-SNAPSHOT.jar:?]
	at org.apache.hadoop.ozone.protocol.proto.OzoneManagerProtocolProtos$OzoneManagerService$2.callBlockingMethod(OzoneManagerProtocolProtos.java) [ozone-interface-client-1.4.0-SNAPSHOT.jar:?]
	at org.apache.hadoop.ipc.ProtobufRpcEngine$Server.processCall(ProtobufRpcEngine.java:465) [hadoop-common-3.3.4.jar:?]
	at org.apache.hadoop.ipc.ProtobufRpcEngine2$Server$ProtoBufRpcInvoker.call(ProtobufRpcEngine2.java:578) [hadoop-common-3.3.4.jar:?]
	at org.apache.hadoop.ipc.ProtobufRpcEngine2$Server$ProtoBufRpcInvoker.call(ProtobufRpcEngine2.java:556) [hadoop-common-3.3.4.jar:?]
	at org.apache.hadoop.ipc.RPC$Server.call(RPC.java:1093) [hadoop-common-3.3.4.jar:?]
	at org.apache.hadoop.ipc.Server$RpcCall.run(Server.java:1043) [hadoop-common-3.3.4.jar:?]
	at org.apache.hadoop.ipc.Server$RpcCall.run(Server.java:971) [hadoop-common-3.3.4.jar:?]
	at java.security.AccessController.doPrivileged(Native Method) ~[?:1.8.0_352]
	at javax.security.auth.Subject.doAs(Subject.java:422) [?:1.8.0_352]
	at org.apache.hadoop.security.UserGroupInformation.doAs(UserGroupInformation.java:1878) [hadoop-common-3.3.4.jar:?]
	at org.apache.hadoop.ipc.Server$Handler.run(Server.java:2976) [hadoop-common-3.3.4.jar:?]
]]></system-out>
  </testcase>
  <testcase name="testTrash" classname="TestOzoneFileSystem" time="5.033">
    <system-out><![CDATA[2023-01-26 20:32:13,688 [OM StateMachine ApplyTransaction Thread - 0] INFO  key.OMKeyRequest (OMKeyRequest.java:wrapUncommittedBlocksAsPseudoKey(837)) - Detect allocated but uncommitted blocks [{blockID={containerID=2, localID=111677748019200006}, length=4194304, offset=0, token=null, pipeline=null, createVersion=0, partNumber=0}] in key testKey2.
20:32:13.691 [IPC Server handler 1 on default port 38041] ERROR OMAudit - user=runner | ip=127.0.0.1 | op=GET_FILE_STATUS {volume=volume53399, bucket=bucket90109, key=.Trash/runner/Current/testKey2, dataSize=0, replicationConfig=null} | ret=FAILURE
org.apache.hadoop.ozone.om.exceptions.OMException: Unable to get file status: volume: volume53399 bucket: bucket90109 key: .Trash/runner/Current/testKey2
	at org.apache.hadoop.ozone.om.KeyManagerImpl.getOzoneFileStatus(KeyManagerImpl.java:1301) ~[ozone-manager-1.4.0-SNAPSHOT.jar:?]
	at org.apache.hadoop.ozone.om.KeyManagerImpl.getFileStatus(KeyManagerImpl.java:1219) ~[ozone-manager-1.4.0-SNAPSHOT.jar:?]
	at org.apache.hadoop.ozone.om.OzoneManager.getFileStatus(OzoneManager.java:3498) ~[ozone-manager-1.4.0-SNAPSHOT.jar:?]
	at org.apache.hadoop.ozone.protocolPB.OzoneManagerRequestHandler.getOzoneFileStatus(OzoneManagerRequestHandler.java:913) ~[ozone-manager-1.4.0-SNAPSHOT.jar:?]
	at org.apache.hadoop.ozone.protocolPB.OzoneManagerRequestHandler.handleReadRequest(OzoneManagerRequestHandler.java:233) ~[ozone-manager-1.4.0-SNAPSHOT.jar:?]
	at org.apache.hadoop.ozone.protocolPB.OzoneManagerProtocolServerSideTranslatorPB.submitReadRequestToOM(OzoneManagerProtocolServerSideTranslatorPB.java:226) ~[ozone-manager-1.4.0-SNAPSHOT.jar:?]
	at org.apache.hadoop.ozone.protocolPB.OzoneManagerProtocolServerSideTranslatorPB.processRequest(OzoneManagerProtocolServerSideTranslatorPB.java:175) ~[ozone-manager-1.4.0-SNAPSHOT.jar:?]
	at org.apache.hadoop.hdds.server.OzoneProtocolMessageDispatcher.processRequest(OzoneProtocolMessageDispatcher.java:87) [hdds-server-framework-1.4.0-SNAPSHOT.jar:?]
	at org.apache.hadoop.ozone.protocolPB.OzoneManagerProtocolServerSideTranslatorPB.submitRequest(OzoneManagerProtocolServerSideTranslatorPB.java:147) [ozone-manager-1.4.0-SNAPSHOT.jar:?]
	at org.apache.hadoop.ozone.protocol.proto.OzoneManagerProtocolProtos$OzoneManagerService$2.callBlockingMethod(OzoneManagerProtocolProtos.java) [ozone-interface-client-1.4.0-SNAPSHOT.jar:?]
	at org.apache.hadoop.ipc.ProtobufRpcEngine$Server.processCall(ProtobufRpcEngine.java:465) [hadoop-common-3.3.4.jar:?]
	at org.apache.hadoop.ipc.ProtobufRpcEngine2$Server$ProtoBufRpcInvoker.call(ProtobufRpcEngine2.java:578) [hadoop-common-3.3.4.jar:?]
	at org.apache.hadoop.ipc.ProtobufRpcEngine2$Server$ProtoBufRpcInvoker.call(ProtobufRpcEngine2.java:556) [hadoop-common-3.3.4.jar:?]
	at org.apache.hadoop.ipc.RPC$Server.call(RPC.java:1093) [hadoop-common-3.3.4.jar:?]
	at org.apache.hadoop.ipc.Server$RpcCall.run(Server.java:1043) [hadoop-common-3.3.4.jar:?]
	at org.apache.hadoop.ipc.Server$RpcCall.run(Server.java:971) [hadoop-common-3.3.4.jar:?]
	at java.security.AccessController.doPrivileged(Native Method) ~[?:1.8.0_352]
	at javax.security.auth.Subject.doAs(Subject.java:422) [?:1.8.0_352]
	at org.apache.hadoop.security.UserGroupInformation.doAs(UserGroupInformation.java:1878) [hadoop-common-3.3.4.jar:?]
	at org.apache.hadoop.ipc.Server$Handler.run(Server.java:2976) [hadoop-common-3.3.4.jar:?]
20:32:13.692 [IPC Server handler 3 on default port 38041] ERROR OMAudit - user=runner | ip=127.0.0.1 | op=GET_FILE_STATUS {volume=volume53399, bucket=bucket90109, key=.Trash/runner/Current/testKey2, dataSize=0, replicationConfig=null} | ret=FAILURE
org.apache.hadoop.ozone.om.exceptions.OMException: Unable to get file status: volume: volume53399 bucket: bucket90109 key: .Trash/runner/Current/testKey2
	at org.apache.hadoop.ozone.om.KeyManagerImpl.getOzoneFileStatus(KeyManagerImpl.java:1301) ~[ozone-manager-1.4.0-SNAPSHOT.jar:?]
	at org.apache.hadoop.ozone.om.KeyManagerImpl.getFileStatus(KeyManagerImpl.java:1219) ~[ozone-manager-1.4.0-SNAPSHOT.jar:?]
	at org.apache.hadoop.ozone.om.OzoneManager.getFileStatus(OzoneManager.java:3498) ~[ozone-manager-1.4.0-SNAPSHOT.jar:?]
	at org.apache.hadoop.ozone.protocolPB.OzoneManagerRequestHandler.getOzoneFileStatus(OzoneManagerRequestHandler.java:913) ~[ozone-manager-1.4.0-SNAPSHOT.jar:?]
	at org.apache.hadoop.ozone.protocolPB.OzoneManagerRequestHandler.handleReadRequest(OzoneManagerRequestHandler.java:233) ~[ozone-manager-1.4.0-SNAPSHOT.jar:?]
	at org.apache.hadoop.ozone.protocolPB.OzoneManagerProtocolServerSideTranslatorPB.submitReadRequestToOM(OzoneManagerProtocolServerSideTranslatorPB.java:226) ~[ozone-manager-1.4.0-SNAPSHOT.jar:?]
	at org.apache.hadoop.ozone.protocolPB.OzoneManagerProtocolServerSideTranslatorPB.processRequest(OzoneManagerProtocolServerSideTranslatorPB.java:175) ~[ozone-manager-1.4.0-SNAPSHOT.jar:?]
	at org.apache.hadoop.hdds.server.OzoneProtocolMessageDispatcher.processRequest(OzoneProtocolMessageDispatcher.java:87) [hdds-server-framework-1.4.0-SNAPSHOT.jar:?]
	at org.apache.hadoop.ozone.protocolPB.OzoneManagerProtocolServerSideTranslatorPB.submitRequest(OzoneManagerProtocolServerSideTranslatorPB.java:147) [ozone-manager-1.4.0-SNAPSHOT.jar:?]
	at org.apache.hadoop.ozone.protocol.proto.OzoneManagerProtocolProtos$OzoneManagerService$2.callBlockingMethod(OzoneManagerProtocolProtos.java) [ozone-interface-client-1.4.0-SNAPSHOT.jar:?]
	at org.apache.hadoop.ipc.ProtobufRpcEngine$Server.processCall(ProtobufRpcEngine.java:465) [hadoop-common-3.3.4.jar:?]
	at org.apache.hadoop.ipc.ProtobufRpcEngine2$Server$ProtoBufRpcInvoker.call(ProtobufRpcEngine2.java:578) [hadoop-common-3.3.4.jar:?]
	at org.apache.hadoop.ipc.ProtobufRpcEngine2$Server$ProtoBufRpcInvoker.call(ProtobufRpcEngine2.java:556) [hadoop-common-3.3.4.jar:?]
	at org.apache.hadoop.ipc.RPC$Server.call(RPC.java:1093) [hadoop-common-3.3.4.jar:?]
	at org.apache.hadoop.ipc.Server$RpcCall.run(Server.java:1043) [hadoop-common-3.3.4.jar:?]
	at org.apache.hadoop.ipc.Server$RpcCall.run(Server.java:971) [hadoop-common-3.3.4.jar:?]
	at java.security.AccessController.doPrivileged(Native Method) ~[?:1.8.0_352]
	at javax.security.auth.Subject.doAs(Subject.java:422) [?:1.8.0_352]
	at org.apache.hadoop.security.UserGroupInformation.doAs(UserGroupInformation.java:1878) [hadoop-common-3.3.4.jar:?]
	at org.apache.hadoop.ipc.Server$Handler.run(Server.java:2976) [hadoop-common-3.3.4.jar:?]
2023-01-26 20:32:13,694 [Time-limited test] INFO  om.TrashPolicyOzone (TrashPolicyOzone.java:moveToTrash(209)) - Moved: '/testKey2' to trash at: /.Trash/runner/Current/testKey2
20:32:15.698 [IPC Server handler 9 on default port 38041] ERROR OMAudit - user=runner | ip=127.0.0.1 | op=GET_FILE_STATUS {volume=volume53399, bucket=bucket90109, key=.Trash/runner/Current/testKey2, dataSize=0, replicationConfig=null} | ret=FAILURE
org.apache.hadoop.ozone.om.exceptions.OMException: Unable to get file status: volume: volume53399 bucket: bucket90109 key: .Trash/runner/Current/testKey2
	at org.apache.hadoop.ozone.om.KeyManagerImpl.getOzoneFileStatus(KeyManagerImpl.java:1301) ~[ozone-manager-1.4.0-SNAPSHOT.jar:?]
	at org.apache.hadoop.ozone.om.KeyManagerImpl.getFileStatus(KeyManagerImpl.java:1219) ~[ozone-manager-1.4.0-SNAPSHOT.jar:?]
	at org.apache.hadoop.ozone.om.OzoneManager.getFileStatus(OzoneManager.java:3498) ~[ozone-manager-1.4.0-SNAPSHOT.jar:?]
	at org.apache.hadoop.ozone.protocolPB.OzoneManagerRequestHandler.getOzoneFileStatus(OzoneManagerRequestHandler.java:913) ~[ozone-manager-1.4.0-SNAPSHOT.jar:?]
	at org.apache.hadoop.ozone.protocolPB.OzoneManagerRequestHandler.handleReadRequest(OzoneManagerRequestHandler.java:233) ~[ozone-manager-1.4.0-SNAPSHOT.jar:?]
	at org.apache.hadoop.ozone.protocolPB.OzoneManagerProtocolServerSideTranslatorPB.submitReadRequestToOM(OzoneManagerProtocolServerSideTranslatorPB.java:226) ~[ozone-manager-1.4.0-SNAPSHOT.jar:?]
	at org.apache.hadoop.ozone.protocolPB.OzoneManagerProtocolServerSideTranslatorPB.processRequest(OzoneManagerProtocolServerSideTranslatorPB.java:175) ~[ozone-manager-1.4.0-SNAPSHOT.jar:?]
	at org.apache.hadoop.hdds.server.OzoneProtocolMessageDispatcher.processRequest(OzoneProtocolMessageDispatcher.java:87) [hdds-server-framework-1.4.0-SNAPSHOT.jar:?]
	at org.apache.hadoop.ozone.protocolPB.OzoneManagerProtocolServerSideTranslatorPB.submitRequest(OzoneManagerProtocolServerSideTranslatorPB.java:147) [ozone-manager-1.4.0-SNAPSHOT.jar:?]
	at org.apache.hadoop.ozone.protocol.proto.OzoneManagerProtocolProtos$OzoneManagerService$2.callBlockingMethod(OzoneManagerProtocolProtos.java) [ozone-interface-client-1.4.0-SNAPSHOT.jar:?]
	at org.apache.hadoop.ipc.ProtobufRpcEngine$Server.processCall(ProtobufRpcEngine.java:465) [hadoop-common-3.3.4.jar:?]
	at org.apache.hadoop.ipc.ProtobufRpcEngine2$Server$ProtoBufRpcInvoker.call(ProtobufRpcEngine2.java:578) [hadoop-common-3.3.4.jar:?]
	at org.apache.hadoop.ipc.ProtobufRpcEngine2$Server$ProtoBufRpcInvoker.call(ProtobufRpcEngine2.java:556) [hadoop-common-3.3.4.jar:?]
	at org.apache.hadoop.ipc.RPC$Server.call(RPC.java:1093) [hadoop-common-3.3.4.jar:?]
	at org.apache.hadoop.ipc.Server$RpcCall.run(Server.java:1043) [hadoop-common-3.3.4.jar:?]
	at org.apache.hadoop.ipc.Server$RpcCall.run(Server.java:971) [hadoop-common-3.3.4.jar:?]
	at java.security.AccessController.doPrivileged(Native Method) ~[?:1.8.0_352]
	at javax.security.auth.Subject.doAs(Subject.java:422) [?:1.8.0_352]
	at org.apache.hadoop.security.UserGroupInformation.doAs(UserGroupInformation.java:1878) [hadoop-common-3.3.4.jar:?]
	at org.apache.hadoop.ipc.Server$Handler.run(Server.java:2976) [hadoop-common-3.3.4.jar:?]
2023-01-26 20:32:17,441 [8116f3ad-43fd-49d6-b38b-c9c4aa8410ec@group-1C34DF8C7ECE-FollowerState] INFO  impl.FollowerState (FollowerState.java:run(143)) - 8116f3ad-43fd-49d6-b38b-c9c4aa8410ec@group-1C34DF8C7ECE-FollowerState: change to CANDIDATE, lastRpcElapsedTime:5087412589ns, electionTimeout:5080ms
2023-01-26 20:32:17,441 [8116f3ad-43fd-49d6-b38b-c9c4aa8410ec@group-1C34DF8C7ECE-FollowerState] INFO  impl.RoleInfo (RoleInfo.java:shutdownFollowerState(110)) - 8116f3ad-43fd-49d6-b38b-c9c4aa8410ec: shutdown 8116f3ad-43fd-49d6-b38b-c9c4aa8410ec@group-1C34DF8C7ECE-FollowerState
2023-01-26 20:32:17,441 [8116f3ad-43fd-49d6-b38b-c9c4aa8410ec@group-1C34DF8C7ECE-FollowerState] INFO  server.RaftServer$Division (RaftServerImpl.java:setRole(321)) - 8116f3ad-43fd-49d6-b38b-c9c4aa8410ec@group-1C34DF8C7ECE: changes role from  FOLLOWER to CANDIDATE at term 4 for changeToCandidate
2023-01-26 20:32:17,441 [8116f3ad-43fd-49d6-b38b-c9c4aa8410ec@group-1C34DF8C7ECE-FollowerState] INFO  server.RaftServerConfigKeys (ConfUtils.java:logGet(46)) - raft.server.leaderelection.pre-vote = false (custom)
2023-01-26 20:32:17,441 [8116f3ad-43fd-49d6-b38b-c9c4aa8410ec@group-1C34DF8C7ECE-FollowerState] INFO  impl.RoleInfo (RoleInfo.java:updateAndGet(139)) - 8116f3ad-43fd-49d6-b38b-c9c4aa8410ec: start 8116f3ad-43fd-49d6-b38b-c9c4aa8410ec@group-1C34DF8C7ECE-LeaderElection37
2023-01-26 20:32:17,445 [8116f3ad-43fd-49d6-b38b-c9c4aa8410ec@group-1C34DF8C7ECE-LeaderElection37] INFO  impl.LeaderElection (LeaderElection.java:askForVotes(312)) - 8116f3ad-43fd-49d6-b38b-c9c4aa8410ec@group-1C34DF8C7ECE-LeaderElection37 ELECTION round 0: submit vote requests at term 5 for -1: peers:[8116f3ad-43fd-49d6-b38b-c9c4aa8410ec|rpc:10.1.0.15:43645|dataStream:10.1.0.15:43077|priority:0|startupRole:FOLLOWER, a7887d3a-ac12-44f2-81f3-1f33b720a94f|rpc:10.1.0.15:36865|dataStream:10.1.0.15:32943|priority:0|startupRole:FOLLOWER, 40d8d262-8836-439b-84c4-75233c3da079|rpc:10.1.0.15:33521|dataStream:10.1.0.15:41237|priority:1|startupRole:FOLLOWER]|listeners:[], old=null
2023-01-26 20:32:17,445 [8116f3ad-43fd-49d6-b38b-c9c4aa8410ec@group-1C34DF8C7ECE-LeaderElection37] INFO  server.RaftServerConfigKeys (ConfUtils.java:logFallback(53)) - raft.server.rpc.first-election.timeout.min = 5s (fallback to raft.server.rpc.timeout.min)
2023-01-26 20:32:17,445 [8116f3ad-43fd-49d6-b38b-c9c4aa8410ec@group-1C34DF8C7ECE-LeaderElection37] INFO  server.RaftServerConfigKeys (ConfUtils.java:logFallback(53)) - raft.server.rpc.first-election.timeout.max = 5200ms (fallback to raft.server.rpc.timeout.max)
2023-01-26 20:32:17,450 [grpc-default-executor-0] INFO  server.RaftServer$Division (RaftServerImpl.java:requestVote(1218)) - a7887d3a-ac12-44f2-81f3-1f33b720a94f@group-1C34DF8C7ECE: receive requestVote(ELECTION, 8116f3ad-43fd-49d6-b38b-c9c4aa8410ec, group-1C34DF8C7ECE, 5, (t:0, i:0))
2023-01-26 20:32:17,450 [grpc-default-executor-0] INFO  impl.VoteContext (VoteContext.java:log(49)) - a7887d3a-ac12-44f2-81f3-1f33b720a94f@group-1C34DF8C7ECE-FOLLOWER: accept ELECTION from 8116f3ad-43fd-49d6-b38b-c9c4aa8410ec: our priority 0 <= candidate's priority 0
2023-01-26 20:32:17,450 [grpc-default-executor-0] INFO  server.RaftServer$Division (RaftServerImpl.java:setRole(321)) - a7887d3a-ac12-44f2-81f3-1f33b720a94f@group-1C34DF8C7ECE: changes role from  FOLLOWER to FOLLOWER at term 5 for candidate:8116f3ad-43fd-49d6-b38b-c9c4aa8410ec
2023-01-26 20:32:17,450 [grpc-default-executor-0] INFO  impl.RoleInfo (RoleInfo.java:shutdownFollowerState(110)) - a7887d3a-ac12-44f2-81f3-1f33b720a94f: shutdown a7887d3a-ac12-44f2-81f3-1f33b720a94f@group-1C34DF8C7ECE-FollowerState
2023-01-26 20:32:17,450 [grpc-default-executor-0] INFO  impl.RoleInfo (RoleInfo.java:updateAndGet(139)) - a7887d3a-ac12-44f2-81f3-1f33b720a94f: start a7887d3a-ac12-44f2-81f3-1f33b720a94f@group-1C34DF8C7ECE-FollowerState
2023-01-26 20:32:17,450 [a7887d3a-ac12-44f2-81f3-1f33b720a94f@group-1C34DF8C7ECE-FollowerState] INFO  impl.FollowerState (FollowerState.java:run(152)) - a7887d3a-ac12-44f2-81f3-1f33b720a94f@group-1C34DF8C7ECE-FollowerState was interrupted
2023-01-26 20:32:17,451 [grpc-default-executor-6] INFO  server.RaftServer$Division (RaftServerImpl.java:requestVote(1218)) - 40d8d262-8836-439b-84c4-75233c3da079@group-1C34DF8C7ECE: receive requestVote(ELECTION, 8116f3ad-43fd-49d6-b38b-c9c4aa8410ec, group-1C34DF8C7ECE, 5, (t:0, i:0))
2023-01-26 20:32:17,451 [grpc-default-executor-6] INFO  impl.VoteContext (VoteContext.java:log(49)) - 40d8d262-8836-439b-84c4-75233c3da079@group-1C34DF8C7ECE-FOLLOWER: reject ELECTION from 8116f3ad-43fd-49d6-b38b-c9c4aa8410ec: our priority 1 > candidate's priority 0
2023-01-26 20:32:17,451 [grpc-default-executor-6] INFO  server.RaftServer$Division (RaftServerImpl.java:setRole(321)) - 40d8d262-8836-439b-84c4-75233c3da079@group-1C34DF8C7ECE: changes role from  FOLLOWER to FOLLOWER at term 5 for candidate:8116f3ad-43fd-49d6-b38b-c9c4aa8410ec
2023-01-26 20:32:17,451 [grpc-default-executor-6] INFO  impl.RoleInfo (RoleInfo.java:shutdownFollowerState(110)) - 40d8d262-8836-439b-84c4-75233c3da079: shutdown 40d8d262-8836-439b-84c4-75233c3da079@group-1C34DF8C7ECE-FollowerState
2023-01-26 20:32:17,453 [grpc-default-executor-0] INFO  server.RaftServer$Division (RaftServerImpl.java:requestVote(1251)) - a7887d3a-ac12-44f2-81f3-1f33b720a94f@group-1C34DF8C7ECE replies to ELECTION vote request: 8116f3ad-43fd-49d6-b38b-c9c4aa8410ec<-a7887d3a-ac12-44f2-81f3-1f33b720a94f#0:OK-t5. Peer's state: a7887d3a-ac12-44f2-81f3-1f33b720a94f@group-1C34DF8C7ECE:t5, leader=null, voted=8116f3ad-43fd-49d6-b38b-c9c4aa8410ec, raftlog=Memoized:a7887d3a-ac12-44f2-81f3-1f33b720a94f@group-1C34DF8C7ECE-SegmentedRaftLog:OPENED:c-1, conf=-1: peers:[8116f3ad-43fd-49d6-b38b-c9c4aa8410ec|rpc:10.1.0.15:43645|dataStream:10.1.0.15:43077|priority:0|startupRole:FOLLOWER, a7887d3a-ac12-44f2-81f3-1f33b720a94f|rpc:10.1.0.15:36865|dataStream:10.1.0.15:32943|priority:0|startupRole:FOLLOWER, 40d8d262-8836-439b-84c4-75233c3da079|rpc:10.1.0.15:33521|dataStream:10.1.0.15:41237|priority:1|startupRole:FOLLOWER]|listeners:[], old=null
2023-01-26 20:32:17,453 [a7887d3a-ac12-44f2-81f3-1f33b720a94f@group-1C34DF8C7ECE-FollowerState] INFO  server.RaftServerConfigKeys (ConfUtils.java:logFallback(53)) - raft.server.rpc.first-election.timeout.min = 5s (fallback to raft.server.rpc.timeout.min)
2023-01-26 20:32:17,453 [a7887d3a-ac12-44f2-81f3-1f33b720a94f@group-1C34DF8C7ECE-FollowerState] INFO  server.RaftServerConfigKeys (ConfUtils.java:logFallback(53)) - raft.server.rpc.first-election.timeout.max = 5200ms (fallback to raft.server.rpc.timeout.max)
2023-01-26 20:32:17,454 [40d8d262-8836-439b-84c4-75233c3da079@group-1C34DF8C7ECE-FollowerState] INFO  impl.FollowerState (FollowerState.java:run(152)) - 40d8d262-8836-439b-84c4-75233c3da079@group-1C34DF8C7ECE-FollowerState was interrupted
2023-01-26 20:32:17,455 [grpc-default-executor-6] INFO  impl.RoleInfo (RoleInfo.java:updateAndGet(139)) - 40d8d262-8836-439b-84c4-75233c3da079: start 40d8d262-8836-439b-84c4-75233c3da079@group-1C34DF8C7ECE-FollowerState
2023-01-26 20:32:17,455 [40d8d262-8836-439b-84c4-75233c3da079@group-1C34DF8C7ECE-FollowerState] INFO  server.RaftServerConfigKeys (ConfUtils.java:logFallback(53)) - raft.server.rpc.first-election.timeout.min = 5s (fallback to raft.server.rpc.timeout.min)
2023-01-26 20:32:17,455 [40d8d262-8836-439b-84c4-75233c3da079@group-1C34DF8C7ECE-FollowerState] INFO  server.RaftServerConfigKeys (ConfUtils.java:logFallback(53)) - raft.server.rpc.first-election.timeout.max = 5200ms (fallback to raft.server.rpc.timeout.max)
2023-01-26 20:32:17,456 [grpc-default-executor-6] INFO  server.RaftServer$Division (RaftServerImpl.java:requestVote(1251)) - 40d8d262-8836-439b-84c4-75233c3da079@group-1C34DF8C7ECE replies to ELECTION vote request: 8116f3ad-43fd-49d6-b38b-c9c4aa8410ec<-40d8d262-8836-439b-84c4-75233c3da079#0:FAIL-t5. Peer's state: 40d8d262-8836-439b-84c4-75233c3da079@group-1C34DF8C7ECE:t5, leader=null, voted=null, raftlog=Memoized:40d8d262-8836-439b-84c4-75233c3da079@group-1C34DF8C7ECE-SegmentedRaftLog:OPENED:c-1, conf=-1: peers:[8116f3ad-43fd-49d6-b38b-c9c4aa8410ec|rpc:10.1.0.15:43645|dataStream:10.1.0.15:43077|priority:0|startupRole:FOLLOWER, a7887d3a-ac12-44f2-81f3-1f33b720a94f|rpc:10.1.0.15:36865|dataStream:10.1.0.15:32943|priority:0|startupRole:FOLLOWER, 40d8d262-8836-439b-84c4-75233c3da079|rpc:10.1.0.15:33521|dataStream:10.1.0.15:41237|priority:1|startupRole:FOLLOWER]|listeners:[], old=null
2023-01-26 20:32:17,457 [8116f3ad-43fd-49d6-b38b-c9c4aa8410ec@group-1C34DF8C7ECE-LeaderElection37] INFO  impl.LeaderElection (LeaderElection.java:logAndReturn(90)) - 8116f3ad-43fd-49d6-b38b-c9c4aa8410ec@group-1C34DF8C7ECE-LeaderElection37: ELECTION REJECTED received 2 response(s) and 0 exception(s):
2023-01-26 20:32:17,457 [8116f3ad-43fd-49d6-b38b-c9c4aa8410ec@group-1C34DF8C7ECE-LeaderElection37] INFO  impl.LeaderElection (LeaderElection.java:logAndReturn(94)) -   Response 0: 8116f3ad-43fd-49d6-b38b-c9c4aa8410ec<-a7887d3a-ac12-44f2-81f3-1f33b720a94f#0:OK-t5
2023-01-26 20:32:17,457 [8116f3ad-43fd-49d6-b38b-c9c4aa8410ec@group-1C34DF8C7ECE-LeaderElection37] INFO  impl.LeaderElection (LeaderElection.java:logAndReturn(94)) -   Response 1: 8116f3ad-43fd-49d6-b38b-c9c4aa8410ec<-40d8d262-8836-439b-84c4-75233c3da079#0:FAIL-t5
2023-01-26 20:32:17,457 [8116f3ad-43fd-49d6-b38b-c9c4aa8410ec@group-1C34DF8C7ECE-LeaderElection37] INFO  impl.LeaderElection (LeaderElection.java:askForVotes(314)) - 8116f3ad-43fd-49d6-b38b-c9c4aa8410ec@group-1C34DF8C7ECE-LeaderElection37 ELECTION round 0: result REJECTED
2023-01-26 20:32:17,457 [8116f3ad-43fd-49d6-b38b-c9c4aa8410ec@group-1C34DF8C7ECE-LeaderElection37] INFO  server.RaftServer$Division (RaftServerImpl.java:setRole(321)) - 8116f3ad-43fd-49d6-b38b-c9c4aa8410ec@group-1C34DF8C7ECE: changes role from CANDIDATE to FOLLOWER at term 5 for REJECTED
2023-01-26 20:32:17,457 [8116f3ad-43fd-49d6-b38b-c9c4aa8410ec@group-1C34DF8C7ECE-LeaderElection37] INFO  impl.RoleInfo (RoleInfo.java:shutdownLeaderElection(130)) - 8116f3ad-43fd-49d6-b38b-c9c4aa8410ec: shutdown 8116f3ad-43fd-49d6-b38b-c9c4aa8410ec@group-1C34DF8C7ECE-LeaderElection37
2023-01-26 20:32:17,457 [8116f3ad-43fd-49d6-b38b-c9c4aa8410ec@group-1C34DF8C7ECE-LeaderElection37] INFO  impl.RoleInfo (RoleInfo.java:updateAndGet(139)) - 8116f3ad-43fd-49d6-b38b-c9c4aa8410ec: start 8116f3ad-43fd-49d6-b38b-c9c4aa8410ec@group-1C34DF8C7ECE-FollowerState
2023-01-26 20:32:17,457 [8116f3ad-43fd-49d6-b38b-c9c4aa8410ec@group-1C34DF8C7ECE-FollowerState] INFO  server.RaftServerConfigKeys (ConfUtils.java:logFallback(53)) - raft.server.rpc.first-election.timeout.min = 5s (fallback to raft.server.rpc.timeout.min)
2023-01-26 20:32:17,457 [8116f3ad-43fd-49d6-b38b-c9c4aa8410ec@group-1C34DF8C7ECE-FollowerState] INFO  server.RaftServerConfigKeys (ConfUtils.java:logFallback(53)) - raft.server.rpc.first-election.timeout.max = 5200ms (fallback to raft.server.rpc.timeout.max)
]]></system-out>
  </testcase>
  <testcase name="testTrash" classname="TestOzoneFileSystem" time="5.017">
    <system-out><![CDATA[2023-01-26 20:33:19,706 [IPC Server handler 17 on default port 35105] INFO  key.OMKeyRequest (OMKeyRequest.java:wrapUncommittedBlocksAsPseudoKey(837)) - Detect allocated but uncommitted blocks [{blockID={containerID=2, localID=111677748019200006}, length=4194304, offset=0, token=null, pipeline=null, createVersion=0, partNumber=0}] in key testKey2.
20:33:19.708 [IPC Server handler 12 on default port 35105] ERROR OMAudit - user=runner | ip=127.0.0.1 | op=GET_FILE_STATUS {volume=volume38800, bucket=bucket46934, key=.Trash/runner/Current/testKey2, dataSize=0, replicationConfig=null} | ret=FAILURE
org.apache.hadoop.ozone.om.exceptions.OMException: Unable to get file status: volume: volume38800 bucket: bucket46934 key: .Trash/runner/Current/testKey2
	at org.apache.hadoop.ozone.om.KeyManagerImpl.getOzoneFileStatus(KeyManagerImpl.java:1301) ~[ozone-manager-1.4.0-SNAPSHOT.jar:?]
	at org.apache.hadoop.ozone.om.KeyManagerImpl.getFileStatus(KeyManagerImpl.java:1219) ~[ozone-manager-1.4.0-SNAPSHOT.jar:?]
	at org.apache.hadoop.ozone.om.OzoneManager.getFileStatus(OzoneManager.java:3498) ~[ozone-manager-1.4.0-SNAPSHOT.jar:?]
	at org.apache.hadoop.ozone.protocolPB.OzoneManagerRequestHandler.getOzoneFileStatus(OzoneManagerRequestHandler.java:913) ~[ozone-manager-1.4.0-SNAPSHOT.jar:?]
	at org.apache.hadoop.ozone.protocolPB.OzoneManagerRequestHandler.handleReadRequest(OzoneManagerRequestHandler.java:233) ~[ozone-manager-1.4.0-SNAPSHOT.jar:?]
	at org.apache.hadoop.ozone.protocolPB.OzoneManagerProtocolServerSideTranslatorPB.submitRequestDirectlyToOM(OzoneManagerProtocolServerSideTranslatorPB.java:276) ~[ozone-manager-1.4.0-SNAPSHOT.jar:?]
	at org.apache.hadoop.ozone.protocolPB.OzoneManagerProtocolServerSideTranslatorPB.processRequest(OzoneManagerProtocolServerSideTranslatorPB.java:205) ~[ozone-manager-1.4.0-SNAPSHOT.jar:?]
	at org.apache.hadoop.hdds.server.OzoneProtocolMessageDispatcher.processRequest(OzoneProtocolMessageDispatcher.java:87) [hdds-server-framework-1.4.0-SNAPSHOT.jar:?]
	at org.apache.hadoop.ozone.protocolPB.OzoneManagerProtocolServerSideTranslatorPB.submitRequest(OzoneManagerProtocolServerSideTranslatorPB.java:147) [ozone-manager-1.4.0-SNAPSHOT.jar:?]
	at org.apache.hadoop.ozone.protocol.proto.OzoneManagerProtocolProtos$OzoneManagerService$2.callBlockingMethod(OzoneManagerProtocolProtos.java) [ozone-interface-client-1.4.0-SNAPSHOT.jar:?]
	at org.apache.hadoop.ipc.ProtobufRpcEngine$Server.processCall(ProtobufRpcEngine.java:465) [hadoop-common-3.3.4.jar:?]
	at org.apache.hadoop.ipc.ProtobufRpcEngine2$Server$ProtoBufRpcInvoker.call(ProtobufRpcEngine2.java:578) [hadoop-common-3.3.4.jar:?]
	at org.apache.hadoop.ipc.ProtobufRpcEngine2$Server$ProtoBufRpcInvoker.call(ProtobufRpcEngine2.java:556) [hadoop-common-3.3.4.jar:?]
	at org.apache.hadoop.ipc.RPC$Server.call(RPC.java:1093) [hadoop-common-3.3.4.jar:?]
	at org.apache.hadoop.ipc.Server$RpcCall.run(Server.java:1043) [hadoop-common-3.3.4.jar:?]
	at org.apache.hadoop.ipc.Server$RpcCall.run(Server.java:971) [hadoop-common-3.3.4.jar:?]
	at java.security.AccessController.doPrivileged(Native Method) ~[?:1.8.0_352]
	at javax.security.auth.Subject.doAs(Subject.java:422) [?:1.8.0_352]
	at org.apache.hadoop.security.UserGroupInformation.doAs(UserGroupInformation.java:1878) [hadoop-common-3.3.4.jar:?]
	at org.apache.hadoop.ipc.Server$Handler.run(Server.java:2976) [hadoop-common-3.3.4.jar:?]
20:33:19.709 [IPC Server handler 2 on default port 35105] ERROR OMAudit - user=runner | ip=127.0.0.1 | op=GET_FILE_STATUS {volume=volume38800, bucket=bucket46934, key=.Trash/runner/Current/testKey2, dataSize=0, replicationConfig=null} | ret=FAILURE
org.apache.hadoop.ozone.om.exceptions.OMException: Unable to get file status: volume: volume38800 bucket: bucket46934 key: .Trash/runner/Current/testKey2
	at org.apache.hadoop.ozone.om.KeyManagerImpl.getOzoneFileStatus(KeyManagerImpl.java:1301) ~[ozone-manager-1.4.0-SNAPSHOT.jar:?]
	at org.apache.hadoop.ozone.om.KeyManagerImpl.getFileStatus(KeyManagerImpl.java:1219) ~[ozone-manager-1.4.0-SNAPSHOT.jar:?]
	at org.apache.hadoop.ozone.om.OzoneManager.getFileStatus(OzoneManager.java:3498) ~[ozone-manager-1.4.0-SNAPSHOT.jar:?]
	at org.apache.hadoop.ozone.protocolPB.OzoneManagerRequestHandler.getOzoneFileStatus(OzoneManagerRequestHandler.java:913) ~[ozone-manager-1.4.0-SNAPSHOT.jar:?]
	at org.apache.hadoop.ozone.protocolPB.OzoneManagerRequestHandler.handleReadRequest(OzoneManagerRequestHandler.java:233) ~[ozone-manager-1.4.0-SNAPSHOT.jar:?]
	at org.apache.hadoop.ozone.protocolPB.OzoneManagerProtocolServerSideTranslatorPB.submitRequestDirectlyToOM(OzoneManagerProtocolServerSideTranslatorPB.java:276) ~[ozone-manager-1.4.0-SNAPSHOT.jar:?]
	at org.apache.hadoop.ozone.protocolPB.OzoneManagerProtocolServerSideTranslatorPB.processRequest(OzoneManagerProtocolServerSideTranslatorPB.java:205) ~[ozone-manager-1.4.0-SNAPSHOT.jar:?]
	at org.apache.hadoop.hdds.server.OzoneProtocolMessageDispatcher.processRequest(OzoneProtocolMessageDispatcher.java:87) [hdds-server-framework-1.4.0-SNAPSHOT.jar:?]
	at org.apache.hadoop.ozone.protocolPB.OzoneManagerProtocolServerSideTranslatorPB.submitRequest(OzoneManagerProtocolServerSideTranslatorPB.java:147) [ozone-manager-1.4.0-SNAPSHOT.jar:?]
	at org.apache.hadoop.ozone.protocol.proto.OzoneManagerProtocolProtos$OzoneManagerService$2.callBlockingMethod(OzoneManagerProtocolProtos.java) [ozone-interface-client-1.4.0-SNAPSHOT.jar:?]
	at org.apache.hadoop.ipc.ProtobufRpcEngine$Server.processCall(ProtobufRpcEngine.java:465) [hadoop-common-3.3.4.jar:?]
	at org.apache.hadoop.ipc.ProtobufRpcEngine2$Server$ProtoBufRpcInvoker.call(ProtobufRpcEngine2.java:578) [hadoop-common-3.3.4.jar:?]
	at org.apache.hadoop.ipc.ProtobufRpcEngine2$Server$ProtoBufRpcInvoker.call(ProtobufRpcEngine2.java:556) [hadoop-common-3.3.4.jar:?]
	at org.apache.hadoop.ipc.RPC$Server.call(RPC.java:1093) [hadoop-common-3.3.4.jar:?]
	at org.apache.hadoop.ipc.Server$RpcCall.run(Server.java:1043) [hadoop-common-3.3.4.jar:?]
	at org.apache.hadoop.ipc.Server$RpcCall.run(Server.java:971) [hadoop-common-3.3.4.jar:?]
	at java.security.AccessController.doPrivileged(Native Method) ~[?:1.8.0_352]
	at javax.security.auth.Subject.doAs(Subject.java:422) [?:1.8.0_352]
	at org.apache.hadoop.security.UserGroupInformation.doAs(UserGroupInformation.java:1878) [hadoop-common-3.3.4.jar:?]
	at org.apache.hadoop.ipc.Server$Handler.run(Server.java:2976) [hadoop-common-3.3.4.jar:?]
2023-01-26 20:33:19,711 [Time-limited test] INFO  om.TrashPolicyOzone (TrashPolicyOzone.java:moveToTrash(209)) - Moved: '/testKey2' to trash at: /.Trash/runner/Current/testKey2
20:33:21.713 [IPC Server handler 7 on default port 35105] ERROR OMAudit - user=runner | ip=127.0.0.1 | op=GET_FILE_STATUS {volume=volume38800, bucket=bucket46934, key=.Trash/runner/Current/testKey2, dataSize=0, replicationConfig=null} | ret=FAILURE
org.apache.hadoop.ozone.om.exceptions.OMException: Unable to get file status: volume: volume38800 bucket: bucket46934 key: .Trash/runner/Current/testKey2
	at org.apache.hadoop.ozone.om.KeyManagerImpl.getOzoneFileStatus(KeyManagerImpl.java:1301) ~[ozone-manager-1.4.0-SNAPSHOT.jar:?]
	at org.apache.hadoop.ozone.om.KeyManagerImpl.getFileStatus(KeyManagerImpl.java:1219) ~[ozone-manager-1.4.0-SNAPSHOT.jar:?]
	at org.apache.hadoop.ozone.om.OzoneManager.getFileStatus(OzoneManager.java:3498) ~[ozone-manager-1.4.0-SNAPSHOT.jar:?]
	at org.apache.hadoop.ozone.protocolPB.OzoneManagerRequestHandler.getOzoneFileStatus(OzoneManagerRequestHandler.java:913) ~[ozone-manager-1.4.0-SNAPSHOT.jar:?]
	at org.apache.hadoop.ozone.protocolPB.OzoneManagerRequestHandler.handleReadRequest(OzoneManagerRequestHandler.java:233) ~[ozone-manager-1.4.0-SNAPSHOT.jar:?]
	at org.apache.hadoop.ozone.protocolPB.OzoneManagerProtocolServerSideTranslatorPB.submitRequestDirectlyToOM(OzoneManagerProtocolServerSideTranslatorPB.java:276) ~[ozone-manager-1.4.0-SNAPSHOT.jar:?]
	at org.apache.hadoop.ozone.protocolPB.OzoneManagerProtocolServerSideTranslatorPB.processRequest(OzoneManagerProtocolServerSideTranslatorPB.java:205) ~[ozone-manager-1.4.0-SNAPSHOT.jar:?]
	at org.apache.hadoop.hdds.server.OzoneProtocolMessageDispatcher.processRequest(OzoneProtocolMessageDispatcher.java:87) [hdds-server-framework-1.4.0-SNAPSHOT.jar:?]
	at org.apache.hadoop.ozone.protocolPB.OzoneManagerProtocolServerSideTranslatorPB.submitRequest(OzoneManagerProtocolServerSideTranslatorPB.java:147) [ozone-manager-1.4.0-SNAPSHOT.jar:?]
	at org.apache.hadoop.ozone.protocol.proto.OzoneManagerProtocolProtos$OzoneManagerService$2.callBlockingMethod(OzoneManagerProtocolProtos.java) [ozone-interface-client-1.4.0-SNAPSHOT.jar:?]
	at org.apache.hadoop.ipc.ProtobufRpcEngine$Server.processCall(ProtobufRpcEngine.java:465) [hadoop-common-3.3.4.jar:?]
	at org.apache.hadoop.ipc.ProtobufRpcEngine2$Server$ProtoBufRpcInvoker.call(ProtobufRpcEngine2.java:578) [hadoop-common-3.3.4.jar:?]
	at org.apache.hadoop.ipc.ProtobufRpcEngine2$Server$ProtoBufRpcInvoker.call(ProtobufRpcEngine2.java:556) [hadoop-common-3.3.4.jar:?]
	at org.apache.hadoop.ipc.RPC$Server.call(RPC.java:1093) [hadoop-common-3.3.4.jar:?]
	at org.apache.hadoop.ipc.Server$RpcCall.run(Server.java:1043) [hadoop-common-3.3.4.jar:?]
	at org.apache.hadoop.ipc.Server$RpcCall.run(Server.java:971) [hadoop-common-3.3.4.jar:?]
	at java.security.AccessController.doPrivileged(Native Method) ~[?:1.8.0_352]
	at javax.security.auth.Subject.doAs(Subject.java:422) [?:1.8.0_352]
	at org.apache.hadoop.security.UserGroupInformation.doAs(UserGroupInformation.java:1878) [hadoop-common-3.3.4.jar:?]
	at org.apache.hadoop.ipc.Server$Handler.run(Server.java:2976) [hadoop-common-3.3.4.jar:?]
2023-01-26 20:33:23,424 [e073a1c5-1734-4c1f-8e4b-400896f1077e@group-3F5B260AE0F1-FollowerState] INFO  server.RaftServerConfigKeys (ConfUtils.java:logFallback(53)) - raft.server.rpc.first-election.timeout.min = 5s (fallback to raft.server.rpc.timeout.min)
2023-01-26 20:33:23,424 [e073a1c5-1734-4c1f-8e4b-400896f1077e@group-3F5B260AE0F1-FollowerState] INFO  server.RaftServerConfigKeys (ConfUtils.java:logFallback(53)) - raft.server.rpc.first-election.timeout.max = 5200ms (fallback to raft.server.rpc.timeout.max)
2023-01-26 20:33:23,426 [2950c1a1-45bf-4864-9732-08ad567daa78@group-3F5B260AE0F1-FollowerState] INFO  impl.FollowerState (FollowerState.java:run(143)) - 2950c1a1-45bf-4864-9732-08ad567daa78@group-3F5B260AE0F1-FollowerState: change to CANDIDATE, lastRpcElapsedTime:5097072330ns, electionTimeout:5092ms
2023-01-26 20:33:23,426 [2950c1a1-45bf-4864-9732-08ad567daa78@group-3F5B260AE0F1-FollowerState] INFO  impl.RoleInfo (RoleInfo.java:shutdownFollowerState(110)) - 2950c1a1-45bf-4864-9732-08ad567daa78: shutdown 2950c1a1-45bf-4864-9732-08ad567daa78@group-3F5B260AE0F1-FollowerState
2023-01-26 20:33:23,426 [2950c1a1-45bf-4864-9732-08ad567daa78@group-3F5B260AE0F1-FollowerState] INFO  server.RaftServer$Division (RaftServerImpl.java:setRole(321)) - 2950c1a1-45bf-4864-9732-08ad567daa78@group-3F5B260AE0F1: changes role from  FOLLOWER to CANDIDATE at term 3 for changeToCandidate
2023-01-26 20:33:23,495 [2950c1a1-45bf-4864-9732-08ad567daa78@group-3F5B260AE0F1-FollowerState] INFO  server.RaftServerConfigKeys (ConfUtils.java:logGet(46)) - raft.server.leaderelection.pre-vote = false (custom)
2023-01-26 20:33:23,495 [2950c1a1-45bf-4864-9732-08ad567daa78@group-3F5B260AE0F1-FollowerState] INFO  impl.RoleInfo (RoleInfo.java:updateAndGet(139)) - 2950c1a1-45bf-4864-9732-08ad567daa78: start 2950c1a1-45bf-4864-9732-08ad567daa78@group-3F5B260AE0F1-LeaderElection53
2023-01-26 20:33:23,497 [1d22b7d2-31db-4af8-bf0c-5577da68ec36@group-3F5B260AE0F1-FollowerState] INFO  impl.FollowerState (FollowerState.java:run(143)) - 1d22b7d2-31db-4af8-bf0c-5577da68ec36@group-3F5B260AE0F1-FollowerState: change to CANDIDATE, lastRpcElapsedTime:5163604096ns, electionTimeout:5123ms
2023-01-26 20:33:23,497 [1d22b7d2-31db-4af8-bf0c-5577da68ec36@group-3F5B260AE0F1-FollowerState] INFO  impl.RoleInfo (RoleInfo.java:shutdownFollowerState(110)) - 1d22b7d2-31db-4af8-bf0c-5577da68ec36: shutdown 1d22b7d2-31db-4af8-bf0c-5577da68ec36@group-3F5B260AE0F1-FollowerState
2023-01-26 20:33:23,498 [1d22b7d2-31db-4af8-bf0c-5577da68ec36@group-3F5B260AE0F1-FollowerState] INFO  server.RaftServer$Division (RaftServerImpl.java:setRole(321)) - 1d22b7d2-31db-4af8-bf0c-5577da68ec36@group-3F5B260AE0F1: changes role from  FOLLOWER to CANDIDATE at term 3 for changeToCandidate
2023-01-26 20:33:23,498 [1d22b7d2-31db-4af8-bf0c-5577da68ec36@group-3F5B260AE0F1-FollowerState] INFO  server.RaftServerConfigKeys (ConfUtils.java:logGet(46)) - raft.server.leaderelection.pre-vote = false (custom)
2023-01-26 20:33:23,498 [1d22b7d2-31db-4af8-bf0c-5577da68ec36@group-3F5B260AE0F1-FollowerState] INFO  impl.RoleInfo (RoleInfo.java:updateAndGet(139)) - 1d22b7d2-31db-4af8-bf0c-5577da68ec36: start 1d22b7d2-31db-4af8-bf0c-5577da68ec36@group-3F5B260AE0F1-LeaderElection54
2023-01-26 20:33:23,509 [1d22b7d2-31db-4af8-bf0c-5577da68ec36@group-3F5B260AE0F1-LeaderElection54] INFO  impl.LeaderElection (LeaderElection.java:askForVotes(312)) - 1d22b7d2-31db-4af8-bf0c-5577da68ec36@group-3F5B260AE0F1-LeaderElection54 ELECTION round 0: submit vote requests at term 4 for -1: peers:[1d22b7d2-31db-4af8-bf0c-5577da68ec36|rpc:10.1.0.15:38533|dataStream:10.1.0.15:42409|priority:0|startupRole:FOLLOWER, e073a1c5-1734-4c1f-8e4b-400896f1077e|rpc:10.1.0.15:44293|dataStream:10.1.0.15:37283|priority:0|startupRole:FOLLOWER, 2950c1a1-45bf-4864-9732-08ad567daa78|rpc:10.1.0.15:41507|dataStream:10.1.0.15:46779|priority:1|startupRole:FOLLOWER]|listeners:[], old=null
2023-01-26 20:33:23,510 [2950c1a1-45bf-4864-9732-08ad567daa78@group-3F5B260AE0F1-LeaderElection53] INFO  impl.LeaderElection (LeaderElection.java:askForVotes(312)) - 2950c1a1-45bf-4864-9732-08ad567daa78@group-3F5B260AE0F1-LeaderElection53 ELECTION round 0: submit vote requests at term 4 for -1: peers:[1d22b7d2-31db-4af8-bf0c-5577da68ec36|rpc:10.1.0.15:38533|dataStream:10.1.0.15:42409|priority:0|startupRole:FOLLOWER, e073a1c5-1734-4c1f-8e4b-400896f1077e|rpc:10.1.0.15:44293|dataStream:10.1.0.15:37283|priority:0|startupRole:FOLLOWER, 2950c1a1-45bf-4864-9732-08ad567daa78|rpc:10.1.0.15:41507|dataStream:10.1.0.15:46779|priority:1|startupRole:FOLLOWER]|listeners:[], old=null
2023-01-26 20:33:23,511 [1d22b7d2-31db-4af8-bf0c-5577da68ec36@group-3F5B260AE0F1-LeaderElection54] INFO  server.RaftServerConfigKeys (ConfUtils.java:logFallback(53)) - raft.server.rpc.first-election.timeout.min = 5s (fallback to raft.server.rpc.timeout.min)
2023-01-26 20:33:23,511 [1d22b7d2-31db-4af8-bf0c-5577da68ec36@group-3F5B260AE0F1-LeaderElection54] INFO  server.RaftServerConfigKeys (ConfUtils.java:logFallback(53)) - raft.server.rpc.first-election.timeout.max = 5200ms (fallback to raft.server.rpc.timeout.max)
2023-01-26 20:33:23,514 [grpc-default-executor-0] INFO  server.RaftServer$Division (RaftServerImpl.java:requestVote(1218)) - e073a1c5-1734-4c1f-8e4b-400896f1077e@group-3F5B260AE0F1: receive requestVote(ELECTION, 1d22b7d2-31db-4af8-bf0c-5577da68ec36, group-3F5B260AE0F1, 4, (t:0, i:0))
2023-01-26 20:33:23,514 [grpc-default-executor-0] INFO  impl.VoteContext (VoteContext.java:log(49)) - e073a1c5-1734-4c1f-8e4b-400896f1077e@group-3F5B260AE0F1-FOLLOWER: accept ELECTION from 1d22b7d2-31db-4af8-bf0c-5577da68ec36: our priority 0 <= candidate's priority 0
2023-01-26 20:33:23,514 [grpc-default-executor-0] INFO  server.RaftServer$Division (RaftServerImpl.java:setRole(321)) - e073a1c5-1734-4c1f-8e4b-400896f1077e@group-3F5B260AE0F1: changes role from  FOLLOWER to FOLLOWER at term 4 for candidate:1d22b7d2-31db-4af8-bf0c-5577da68ec36
2023-01-26 20:33:23,514 [grpc-default-executor-0] INFO  impl.RoleInfo (RoleInfo.java:shutdownFollowerState(110)) - e073a1c5-1734-4c1f-8e4b-400896f1077e: shutdown e073a1c5-1734-4c1f-8e4b-400896f1077e@group-3F5B260AE0F1-FollowerState
2023-01-26 20:33:23,516 [2950c1a1-45bf-4864-9732-08ad567daa78@group-3F5B260AE0F1-LeaderElection53] INFO  server.RaftServerConfigKeys (ConfUtils.java:logFallback(53)) - raft.server.rpc.first-election.timeout.min = 5s (fallback to raft.server.rpc.timeout.min)
2023-01-26 20:33:23,516 [2950c1a1-45bf-4864-9732-08ad567daa78@group-3F5B260AE0F1-LeaderElection53] INFO  server.RaftServerConfigKeys (ConfUtils.java:logFallback(53)) - raft.server.rpc.first-election.timeout.max = 5200ms (fallback to raft.server.rpc.timeout.max)
2023-01-26 20:33:23,520 [grpc-default-executor-0] INFO  impl.RoleInfo (RoleInfo.java:updateAndGet(139)) - e073a1c5-1734-4c1f-8e4b-400896f1077e: start e073a1c5-1734-4c1f-8e4b-400896f1077e@group-3F5B260AE0F1-FollowerState
2023-01-26 20:33:23,520 [e073a1c5-1734-4c1f-8e4b-400896f1077e@group-3F5B260AE0F1-FollowerState] INFO  impl.FollowerState (FollowerState.java:run(152)) - e073a1c5-1734-4c1f-8e4b-400896f1077e@group-3F5B260AE0F1-FollowerState was interrupted
2023-01-26 20:33:23,520 [grpc-default-executor-2] INFO  server.RaftServer$Division (RaftServerImpl.java:requestVote(1218)) - 2950c1a1-45bf-4864-9732-08ad567daa78@group-3F5B260AE0F1: receive requestVote(ELECTION, 1d22b7d2-31db-4af8-bf0c-5577da68ec36, group-3F5B260AE0F1, 4, (t:0, i:0))
2023-01-26 20:33:23,520 [grpc-default-executor-2] INFO  impl.VoteContext (VoteContext.java:log(49)) - 2950c1a1-45bf-4864-9732-08ad567daa78@group-3F5B260AE0F1-CANDIDATE: reject ELECTION from 1d22b7d2-31db-4af8-bf0c-5577da68ec36: already has voted for 2950c1a1-45bf-4864-9732-08ad567daa78 at current term 4
2023-01-26 20:33:23,520 [grpc-default-executor-2] INFO  server.RaftServer$Division (RaftServerImpl.java:requestVote(1251)) - 2950c1a1-45bf-4864-9732-08ad567daa78@group-3F5B260AE0F1 replies to ELECTION vote request: 1d22b7d2-31db-4af8-bf0c-5577da68ec36<-2950c1a1-45bf-4864-9732-08ad567daa78#0:FAIL-t4. Peer's state: 2950c1a1-45bf-4864-9732-08ad567daa78@group-3F5B260AE0F1:t4, leader=null, voted=2950c1a1-45bf-4864-9732-08ad567daa78, raftlog=Memoized:2950c1a1-45bf-4864-9732-08ad567daa78@group-3F5B260AE0F1-SegmentedRaftLog:OPENED:c-1, conf=-1: peers:[1d22b7d2-31db-4af8-bf0c-5577da68ec36|rpc:10.1.0.15:38533|dataStream:10.1.0.15:42409|priority:0|startupRole:FOLLOWER, e073a1c5-1734-4c1f-8e4b-400896f1077e|rpc:10.1.0.15:44293|dataStream:10.1.0.15:37283|priority:0|startupRole:FOLLOWER, 2950c1a1-45bf-4864-9732-08ad567daa78|rpc:10.1.0.15:41507|dataStream:10.1.0.15:46779|priority:1|startupRole:FOLLOWER]|listeners:[], old=null
2023-01-26 20:33:23,520 [grpc-default-executor-4] INFO  server.RaftServer$Division (RaftServerImpl.java:requestVote(1218)) - 1d22b7d2-31db-4af8-bf0c-5577da68ec36@group-3F5B260AE0F1: receive requestVote(ELECTION, 2950c1a1-45bf-4864-9732-08ad567daa78, group-3F5B260AE0F1, 4, (t:0, i:0))
2023-01-26 20:33:23,520 [grpc-default-executor-4] INFO  impl.VoteContext (VoteContext.java:log(49)) - 1d22b7d2-31db-4af8-bf0c-5577da68ec36@group-3F5B260AE0F1-CANDIDATE: reject ELECTION from 2950c1a1-45bf-4864-9732-08ad567daa78: already has voted for 1d22b7d2-31db-4af8-bf0c-5577da68ec36 at current term 4
2023-01-26 20:33:23,520 [grpc-default-executor-4] INFO  server.RaftServer$Division (RaftServerImpl.java:requestVote(1251)) - 1d22b7d2-31db-4af8-bf0c-5577da68ec36@group-3F5B260AE0F1 replies to ELECTION vote request: 2950c1a1-45bf-4864-9732-08ad567daa78<-1d22b7d2-31db-4af8-bf0c-5577da68ec36#0:FAIL-t4. Peer's state: 1d22b7d2-31db-4af8-bf0c-5577da68ec36@group-3F5B260AE0F1:t4, leader=null, voted=1d22b7d2-31db-4af8-bf0c-5577da68ec36, raftlog=Memoized:1d22b7d2-31db-4af8-bf0c-5577da68ec36@group-3F5B260AE0F1-SegmentedRaftLog:OPENED:c-1, conf=-1: peers:[1d22b7d2-31db-4af8-bf0c-5577da68ec36|rpc:10.1.0.15:38533|dataStream:10.1.0.15:42409|priority:0|startupRole:FOLLOWER, e073a1c5-1734-4c1f-8e4b-400896f1077e|rpc:10.1.0.15:44293|dataStream:10.1.0.15:37283|priority:0|startupRole:FOLLOWER, 2950c1a1-45bf-4864-9732-08ad567daa78|rpc:10.1.0.15:41507|dataStream:10.1.0.15:46779|priority:1|startupRole:FOLLOWER]|listeners:[], old=null
2023-01-26 20:33:23,521 [grpc-default-executor-1] INFO  server.RaftServer$Division (RaftServerImpl.java:requestVote(1218)) - e073a1c5-1734-4c1f-8e4b-400896f1077e@group-3F5B260AE0F1: receive requestVote(ELECTION, 2950c1a1-45bf-4864-9732-08ad567daa78, group-3F5B260AE0F1, 4, (t:0, i:0))
2023-01-26 20:33:23,525 [1d22b7d2-31db-4af8-bf0c-5577da68ec36@group-3F5B260AE0F1-LeaderElection54] INFO  impl.LeaderElection (LeaderElection.java:logAndReturn(90)) - 1d22b7d2-31db-4af8-bf0c-5577da68ec36@group-3F5B260AE0F1-LeaderElection54: ELECTION REJECTED received 1 response(s) and 0 exception(s):
2023-01-26 20:33:23,525 [1d22b7d2-31db-4af8-bf0c-5577da68ec36@group-3F5B260AE0F1-LeaderElection54] INFO  impl.LeaderElection (LeaderElection.java:logAndReturn(94)) -   Response 0: 1d22b7d2-31db-4af8-bf0c-5577da68ec36<-2950c1a1-45bf-4864-9732-08ad567daa78#0:FAIL-t4
2023-01-26 20:33:23,525 [1d22b7d2-31db-4af8-bf0c-5577da68ec36@group-3F5B260AE0F1-LeaderElection54] INFO  impl.LeaderElection (LeaderElection.java:askForVotes(314)) - 1d22b7d2-31db-4af8-bf0c-5577da68ec36@group-3F5B260AE0F1-LeaderElection54 ELECTION round 0: result REJECTED
2023-01-26 20:33:23,525 [1d22b7d2-31db-4af8-bf0c-5577da68ec36@group-3F5B260AE0F1-LeaderElection54] INFO  server.RaftServer$Division (RaftServerImpl.java:setRole(321)) - 1d22b7d2-31db-4af8-bf0c-5577da68ec36@group-3F5B260AE0F1: changes role from CANDIDATE to FOLLOWER at term 4 for REJECTED
2023-01-26 20:33:23,525 [1d22b7d2-31db-4af8-bf0c-5577da68ec36@group-3F5B260AE0F1-LeaderElection54] INFO  impl.RoleInfo (RoleInfo.java:shutdownLeaderElection(130)) - 1d22b7d2-31db-4af8-bf0c-5577da68ec36: shutdown 1d22b7d2-31db-4af8-bf0c-5577da68ec36@group-3F5B260AE0F1-LeaderElection54
2023-01-26 20:33:23,525 [1d22b7d2-31db-4af8-bf0c-5577da68ec36@group-3F5B260AE0F1-LeaderElection54] INFO  impl.RoleInfo (RoleInfo.java:updateAndGet(139)) - 1d22b7d2-31db-4af8-bf0c-5577da68ec36: start 1d22b7d2-31db-4af8-bf0c-5577da68ec36@group-3F5B260AE0F1-FollowerState
2023-01-26 20:33:23,530 [e073a1c5-1734-4c1f-8e4b-400896f1077e@group-3F5B260AE0F1-FollowerState] INFO  server.RaftServerConfigKeys (ConfUtils.java:logFallback(53)) - raft.server.rpc.first-election.timeout.min = 5s (fallback to raft.server.rpc.timeout.min)
2023-01-26 20:33:23,530 [e073a1c5-1734-4c1f-8e4b-400896f1077e@group-3F5B260AE0F1-FollowerState] INFO  server.RaftServerConfigKeys (ConfUtils.java:logFallback(53)) - raft.server.rpc.first-election.timeout.max = 5200ms (fallback to raft.server.rpc.timeout.max)
2023-01-26 20:33:23,530 [1d22b7d2-31db-4af8-bf0c-5577da68ec36@group-3F5B260AE0F1-FollowerState] INFO  server.RaftServerConfigKeys (ConfUtils.java:logFallback(53)) - raft.server.rpc.first-election.timeout.min = 5s (fallback to raft.server.rpc.timeout.min)
2023-01-26 20:33:23,530 [1d22b7d2-31db-4af8-bf0c-5577da68ec36@group-3F5B260AE0F1-FollowerState] INFO  server.RaftServerConfigKeys (ConfUtils.java:logFallback(53)) - raft.server.rpc.first-election.timeout.max = 5200ms (fallback to raft.server.rpc.timeout.max)
2023-01-26 20:33:23,531 [grpc-default-executor-0] INFO  server.RaftServer$Division (RaftServerImpl.java:requestVote(1251)) - e073a1c5-1734-4c1f-8e4b-400896f1077e@group-3F5B260AE0F1 replies to ELECTION vote request: 1d22b7d2-31db-4af8-bf0c-5577da68ec36<-e073a1c5-1734-4c1f-8e4b-400896f1077e#0:OK-t4. Peer's state: e073a1c5-1734-4c1f-8e4b-400896f1077e@group-3F5B260AE0F1:t4, leader=null, voted=1d22b7d2-31db-4af8-bf0c-5577da68ec36, raftlog=Memoized:e073a1c5-1734-4c1f-8e4b-400896f1077e@group-3F5B260AE0F1-SegmentedRaftLog:OPENED:c-1, conf=-1: peers:[1d22b7d2-31db-4af8-bf0c-5577da68ec36|rpc:10.1.0.15:38533|dataStream:10.1.0.15:42409|priority:0|startupRole:FOLLOWER, e073a1c5-1734-4c1f-8e4b-400896f1077e|rpc:10.1.0.15:44293|dataStream:10.1.0.15:37283|priority:0|startupRole:FOLLOWER, 2950c1a1-45bf-4864-9732-08ad567daa78|rpc:10.1.0.15:41507|dataStream:10.1.0.15:46779|priority:1|startupRole:FOLLOWER]|listeners:[], old=null
2023-01-26 20:33:23,531 [grpc-default-executor-1] INFO  impl.VoteContext (VoteContext.java:log(49)) - e073a1c5-1734-4c1f-8e4b-400896f1077e@group-3F5B260AE0F1-FOLLOWER: reject ELECTION from 2950c1a1-45bf-4864-9732-08ad567daa78: already has voted for 1d22b7d2-31db-4af8-bf0c-5577da68ec36 at current term 4
2023-01-26 20:33:23,531 [grpc-default-executor-1] INFO  server.RaftServer$Division (RaftServerImpl.java:requestVote(1251)) - e073a1c5-1734-4c1f-8e4b-400896f1077e@group-3F5B260AE0F1 replies to ELECTION vote request: 2950c1a1-45bf-4864-9732-08ad567daa78<-e073a1c5-1734-4c1f-8e4b-400896f1077e#0:FAIL-t4. Peer's state: e073a1c5-1734-4c1f-8e4b-400896f1077e@group-3F5B260AE0F1:t4, leader=null, voted=1d22b7d2-31db-4af8-bf0c-5577da68ec36, raftlog=Memoized:e073a1c5-1734-4c1f-8e4b-400896f1077e@group-3F5B260AE0F1-SegmentedRaftLog:OPENED:c-1, conf=-1: peers:[1d22b7d2-31db-4af8-bf0c-5577da68ec36|rpc:10.1.0.15:38533|dataStream:10.1.0.15:42409|priority:0|startupRole:FOLLOWER, e073a1c5-1734-4c1f-8e4b-400896f1077e|rpc:10.1.0.15:44293|dataStream:10.1.0.15:37283|priority:0|startupRole:FOLLOWER, 2950c1a1-45bf-4864-9732-08ad567daa78|rpc:10.1.0.15:41507|dataStream:10.1.0.15:46779|priority:1|startupRole:FOLLOWER]|listeners:[], old=null
2023-01-26 20:33:23,532 [2950c1a1-45bf-4864-9732-08ad567daa78@group-3F5B260AE0F1-LeaderElection53] INFO  impl.LeaderElection (LeaderElection.java:logAndReturn(90)) - 2950c1a1-45bf-4864-9732-08ad567daa78@group-3F5B260AE0F1-LeaderElection53: ELECTION REJECTED received 2 response(s) and 0 exception(s):
2023-01-26 20:33:23,532 [2950c1a1-45bf-4864-9732-08ad567daa78@group-3F5B260AE0F1-LeaderElection53] INFO  impl.LeaderElection (LeaderElection.java:logAndReturn(94)) -   Response 0: 2950c1a1-45bf-4864-9732-08ad567daa78<-1d22b7d2-31db-4af8-bf0c-5577da68ec36#0:FAIL-t4
2023-01-26 20:33:23,532 [2950c1a1-45bf-4864-9732-08ad567daa78@group-3F5B260AE0F1-LeaderElection53] INFO  impl.LeaderElection (LeaderElection.java:logAndReturn(94)) -   Response 1: 2950c1a1-45bf-4864-9732-08ad567daa78<-e073a1c5-1734-4c1f-8e4b-400896f1077e#0:FAIL-t4
2023-01-26 20:33:23,532 [2950c1a1-45bf-4864-9732-08ad567daa78@group-3F5B260AE0F1-LeaderElection53] INFO  impl.LeaderElection (LeaderElection.java:askForVotes(314)) - 2950c1a1-45bf-4864-9732-08ad567daa78@group-3F5B260AE0F1-LeaderElection53 ELECTION round 0: result REJECTED
2023-01-26 20:33:23,532 [2950c1a1-45bf-4864-9732-08ad567daa78@group-3F5B260AE0F1-LeaderElection53] INFO  server.RaftServer$Division (RaftServerImpl.java:setRole(321)) - 2950c1a1-45bf-4864-9732-08ad567daa78@group-3F5B260AE0F1: changes role from CANDIDATE to FOLLOWER at term 4 for REJECTED
2023-01-26 20:33:23,532 [2950c1a1-45bf-4864-9732-08ad567daa78@group-3F5B260AE0F1-LeaderElection53] INFO  impl.RoleInfo (RoleInfo.java:shutdownLeaderElection(130)) - 2950c1a1-45bf-4864-9732-08ad567daa78: shutdown 2950c1a1-45bf-4864-9732-08ad567daa78@group-3F5B260AE0F1-LeaderElection53
2023-01-26 20:33:23,532 [2950c1a1-45bf-4864-9732-08ad567daa78@group-3F5B260AE0F1-LeaderElection53] INFO  impl.RoleInfo (RoleInfo.java:updateAndGet(139)) - 2950c1a1-45bf-4864-9732-08ad567daa78: start 2950c1a1-45bf-4864-9732-08ad567daa78@group-3F5B260AE0F1-FollowerState
2023-01-26 20:33:23,533 [2950c1a1-45bf-4864-9732-08ad567daa78@group-3F5B260AE0F1-FollowerState] INFO  server.RaftServerConfigKeys (ConfUtils.java:logFallback(53)) - raft.server.rpc.first-election.timeout.min = 5s (fallback to raft.server.rpc.timeout.min)
2023-01-26 20:33:23,534 [2950c1a1-45bf-4864-9732-08ad567daa78@group-3F5B260AE0F1-FollowerState] INFO  server.RaftServerConfigKeys (ConfUtils.java:logFallback(53)) - raft.server.rpc.first-election.timeout.max = 5200ms (fallback to raft.server.rpc.timeout.max)
]]></system-out>
  </testcase>
  <testcase name="testRenameDestinationParentDoesntExist" classname="TestOzoneFileSystem" time="0.044">
    <system-out><![CDATA[20:30:03.687 [IPC Server handler 9 on default port 38181] ERROR OMAudit - user=runner | ip=127.0.0.1 | op=GET_FILE_STATUS {volume=volume83577, bucket=bucket75634, key=root_dir/b/c, dataSize=0, replicationConfig=null} | ret=FAILURE
org.apache.hadoop.ozone.om.exceptions.OMException: Unable to get file status: volume: volume83577 bucket: bucket75634 key: root_dir/b/c
	at org.apache.hadoop.ozone.om.KeyManagerImpl.getOzoneFileStatus(KeyManagerImpl.java:1301) ~[ozone-manager-1.4.0-SNAPSHOT.jar:?]
	at org.apache.hadoop.ozone.om.KeyManagerImpl.getFileStatus(KeyManagerImpl.java:1219) ~[ozone-manager-1.4.0-SNAPSHOT.jar:?]
	at org.apache.hadoop.ozone.om.OzoneManager.getFileStatus(OzoneManager.java:3498) ~[ozone-manager-1.4.0-SNAPSHOT.jar:?]
	at org.apache.hadoop.ozone.protocolPB.OzoneManagerRequestHandler.getOzoneFileStatus(OzoneManagerRequestHandler.java:913) ~[ozone-manager-1.4.0-SNAPSHOT.jar:?]
	at org.apache.hadoop.ozone.protocolPB.OzoneManagerRequestHandler.handleReadRequest(OzoneManagerRequestHandler.java:233) ~[ozone-manager-1.4.0-SNAPSHOT.jar:?]
	at org.apache.hadoop.ozone.protocolPB.OzoneManagerProtocolServerSideTranslatorPB.submitReadRequestToOM(OzoneManagerProtocolServerSideTranslatorPB.java:226) ~[ozone-manager-1.4.0-SNAPSHOT.jar:?]
	at org.apache.hadoop.ozone.protocolPB.OzoneManagerProtocolServerSideTranslatorPB.processRequest(OzoneManagerProtocolServerSideTranslatorPB.java:175) ~[ozone-manager-1.4.0-SNAPSHOT.jar:?]
	at org.apache.hadoop.hdds.server.OzoneProtocolMessageDispatcher.processRequest(OzoneProtocolMessageDispatcher.java:87) [hdds-server-framework-1.4.0-SNAPSHOT.jar:?]
	at org.apache.hadoop.ozone.protocolPB.OzoneManagerProtocolServerSideTranslatorPB.submitRequest(OzoneManagerProtocolServerSideTranslatorPB.java:147) [ozone-manager-1.4.0-SNAPSHOT.jar:?]
	at org.apache.hadoop.ozone.protocol.proto.OzoneManagerProtocolProtos$OzoneManagerService$2.callBlockingMethod(OzoneManagerProtocolProtos.java) [ozone-interface-client-1.4.0-SNAPSHOT.jar:?]
	at org.apache.hadoop.ipc.ProtobufRpcEngine$Server.processCall(ProtobufRpcEngine.java:465) [hadoop-common-3.3.4.jar:?]
	at org.apache.hadoop.ipc.ProtobufRpcEngine2$Server$ProtoBufRpcInvoker.call(ProtobufRpcEngine2.java:578) [hadoop-common-3.3.4.jar:?]
	at org.apache.hadoop.ipc.ProtobufRpcEngine2$Server$ProtoBufRpcInvoker.call(ProtobufRpcEngine2.java:556) [hadoop-common-3.3.4.jar:?]
	at org.apache.hadoop.ipc.RPC$Server.call(RPC.java:1093) [hadoop-common-3.3.4.jar:?]
	at org.apache.hadoop.ipc.Server$RpcCall.run(Server.java:1043) [hadoop-common-3.3.4.jar:?]
	at org.apache.hadoop.ipc.Server$RpcCall.run(Server.java:971) [hadoop-common-3.3.4.jar:?]
	at java.security.AccessController.doPrivileged(Native Method) ~[?:1.8.0_352]
	at javax.security.auth.Subject.doAs(Subject.java:422) [?:1.8.0_352]
	at org.apache.hadoop.security.UserGroupInformation.doAs(UserGroupInformation.java:1878) [hadoop-common-3.3.4.jar:?]
	at org.apache.hadoop.ipc.Server$Handler.run(Server.java:2976) [hadoop-common-3.3.4.jar:?]
20:30:03.690 [IPC Server handler 11 on default port 38181] ERROR OMAudit - user=runner | ip=127.0.0.1 | op=GET_FILE_STATUS {volume=volume83577, bucket=bucket75634, key=root_dir/b, dataSize=0, replicationConfig=null} | ret=FAILURE
org.apache.hadoop.ozone.om.exceptions.OMException: Unable to get file status: volume: volume83577 bucket: bucket75634 key: root_dir/b
	at org.apache.hadoop.ozone.om.KeyManagerImpl.getOzoneFileStatus(KeyManagerImpl.java:1301) ~[ozone-manager-1.4.0-SNAPSHOT.jar:?]
	at org.apache.hadoop.ozone.om.KeyManagerImpl.getFileStatus(KeyManagerImpl.java:1219) ~[ozone-manager-1.4.0-SNAPSHOT.jar:?]
	at org.apache.hadoop.ozone.om.OzoneManager.getFileStatus(OzoneManager.java:3498) ~[ozone-manager-1.4.0-SNAPSHOT.jar:?]
	at org.apache.hadoop.ozone.protocolPB.OzoneManagerRequestHandler.getOzoneFileStatus(OzoneManagerRequestHandler.java:913) ~[ozone-manager-1.4.0-SNAPSHOT.jar:?]
	at org.apache.hadoop.ozone.protocolPB.OzoneManagerRequestHandler.handleReadRequest(OzoneManagerRequestHandler.java:233) ~[ozone-manager-1.4.0-SNAPSHOT.jar:?]
	at org.apache.hadoop.ozone.protocolPB.OzoneManagerProtocolServerSideTranslatorPB.submitReadRequestToOM(OzoneManagerProtocolServerSideTranslatorPB.java:226) ~[ozone-manager-1.4.0-SNAPSHOT.jar:?]
	at org.apache.hadoop.ozone.protocolPB.OzoneManagerProtocolServerSideTranslatorPB.processRequest(OzoneManagerProtocolServerSideTranslatorPB.java:175) ~[ozone-manager-1.4.0-SNAPSHOT.jar:?]
	at org.apache.hadoop.hdds.server.OzoneProtocolMessageDispatcher.processRequest(OzoneProtocolMessageDispatcher.java:87) [hdds-server-framework-1.4.0-SNAPSHOT.jar:?]
	at org.apache.hadoop.ozone.protocolPB.OzoneManagerProtocolServerSideTranslatorPB.submitRequest(OzoneManagerProtocolServerSideTranslatorPB.java:147) [ozone-manager-1.4.0-SNAPSHOT.jar:?]
	at org.apache.hadoop.ozone.protocol.proto.OzoneManagerProtocolProtos$OzoneManagerService$2.callBlockingMethod(OzoneManagerProtocolProtos.java) [ozone-interface-client-1.4.0-SNAPSHOT.jar:?]
	at org.apache.hadoop.ipc.ProtobufRpcEngine$Server.processCall(ProtobufRpcEngine.java:465) [hadoop-common-3.3.4.jar:?]
	at org.apache.hadoop.ipc.ProtobufRpcEngine2$Server$ProtoBufRpcInvoker.call(ProtobufRpcEngine2.java:578) [hadoop-common-3.3.4.jar:?]
	at org.apache.hadoop.ipc.ProtobufRpcEngine2$Server$ProtoBufRpcInvoker.call(ProtobufRpcEngine2.java:556) [hadoop-common-3.3.4.jar:?]
	at org.apache.hadoop.ipc.RPC$Server.call(RPC.java:1093) [hadoop-common-3.3.4.jar:?]
	at org.apache.hadoop.ipc.Server$RpcCall.run(Server.java:1043) [hadoop-common-3.3.4.jar:?]
	at org.apache.hadoop.ipc.Server$RpcCall.run(Server.java:971) [hadoop-common-3.3.4.jar:?]
	at java.security.AccessController.doPrivileged(Native Method) ~[?:1.8.0_352]
	at javax.security.auth.Subject.doAs(Subject.java:422) [?:1.8.0_352]
	at org.apache.hadoop.security.UserGroupInformation.doAs(UserGroupInformation.java:1878) [hadoop-common-3.3.4.jar:?]
	at org.apache.hadoop.ipc.Server$Handler.run(Server.java:2976) [hadoop-common-3.3.4.jar:?]
2023-01-26 20:30:03,701 [OM StateMachine ApplyTransaction Thread - 0] INFO  key.OMKeyRequest (OMKeyRequest.java:wrapUncommittedBlocksAsPseudoKey(837)) - Detect allocated but uncommitted blocks [{blockID={containerID=1, localID=111677748019200007}, length=4194304, offset=0, token=null, pipeline=null, createVersion=0, partNumber=0}] in key root_dir/file1.
20:30:03.705 [IPC Server handler 6 on default port 38181] ERROR OMAudit - user=runner | ip=127.0.0.1 | op=GET_FILE_STATUS {volume=volume83577, bucket=bucket75634, key=root_dir/file1/c, dataSize=0, replicationConfig=null} | ret=FAILURE
org.apache.hadoop.ozone.om.exceptions.OMException: Unable to get file status: volume: volume83577 bucket: bucket75634 key: root_dir/file1/c
	at org.apache.hadoop.ozone.om.KeyManagerImpl.getOzoneFileStatus(KeyManagerImpl.java:1301) ~[ozone-manager-1.4.0-SNAPSHOT.jar:?]
	at org.apache.hadoop.ozone.om.KeyManagerImpl.getFileStatus(KeyManagerImpl.java:1219) ~[ozone-manager-1.4.0-SNAPSHOT.jar:?]
	at org.apache.hadoop.ozone.om.OzoneManager.getFileStatus(OzoneManager.java:3498) ~[ozone-manager-1.4.0-SNAPSHOT.jar:?]
	at org.apache.hadoop.ozone.protocolPB.OzoneManagerRequestHandler.getOzoneFileStatus(OzoneManagerRequestHandler.java:913) ~[ozone-manager-1.4.0-SNAPSHOT.jar:?]
	at org.apache.hadoop.ozone.protocolPB.OzoneManagerRequestHandler.handleReadRequest(OzoneManagerRequestHandler.java:233) ~[ozone-manager-1.4.0-SNAPSHOT.jar:?]
	at org.apache.hadoop.ozone.protocolPB.OzoneManagerProtocolServerSideTranslatorPB.submitReadRequestToOM(OzoneManagerProtocolServerSideTranslatorPB.java:226) ~[ozone-manager-1.4.0-SNAPSHOT.jar:?]
	at org.apache.hadoop.ozone.protocolPB.OzoneManagerProtocolServerSideTranslatorPB.processRequest(OzoneManagerProtocolServerSideTranslatorPB.java:175) ~[ozone-manager-1.4.0-SNAPSHOT.jar:?]
	at org.apache.hadoop.hdds.server.OzoneProtocolMessageDispatcher.processRequest(OzoneProtocolMessageDispatcher.java:87) [hdds-server-framework-1.4.0-SNAPSHOT.jar:?]
	at org.apache.hadoop.ozone.protocolPB.OzoneManagerProtocolServerSideTranslatorPB.submitRequest(OzoneManagerProtocolServerSideTranslatorPB.java:147) [ozone-manager-1.4.0-SNAPSHOT.jar:?]
	at org.apache.hadoop.ozone.protocol.proto.OzoneManagerProtocolProtos$OzoneManagerService$2.callBlockingMethod(OzoneManagerProtocolProtos.java) [ozone-interface-client-1.4.0-SNAPSHOT.jar:?]
	at org.apache.hadoop.ipc.ProtobufRpcEngine$Server.processCall(ProtobufRpcEngine.java:465) [hadoop-common-3.3.4.jar:?]
	at org.apache.hadoop.ipc.ProtobufRpcEngine2$Server$ProtoBufRpcInvoker.call(ProtobufRpcEngine2.java:578) [hadoop-common-3.3.4.jar:?]
	at org.apache.hadoop.ipc.ProtobufRpcEngine2$Server$ProtoBufRpcInvoker.call(ProtobufRpcEngine2.java:556) [hadoop-common-3.3.4.jar:?]
	at org.apache.hadoop.ipc.RPC$Server.call(RPC.java:1093) [hadoop-common-3.3.4.jar:?]
	at org.apache.hadoop.ipc.Server$RpcCall.run(Server.java:1043) [hadoop-common-3.3.4.jar:?]
	at org.apache.hadoop.ipc.Server$RpcCall.run(Server.java:971) [hadoop-common-3.3.4.jar:?]
	at java.security.AccessController.doPrivileged(Native Method) ~[?:1.8.0_352]
	at javax.security.auth.Subject.doAs(Subject.java:422) [?:1.8.0_352]
	at org.apache.hadoop.security.UserGroupInformation.doAs(UserGroupInformation.java:1878) [hadoop-common-3.3.4.jar:?]
	at org.apache.hadoop.ipc.Server$Handler.run(Server.java:2976) [hadoop-common-3.3.4.jar:?]
]]></system-out>
  </testcase>
  <testcase name="testRenameDestinationParentDoesntExist" classname="TestOzoneFileSystem" time="0.015">
    <system-out><![CDATA[20:31:14.264 [IPC Server handler 2 on default port 37459] ERROR OMAudit - user=runner | ip=127.0.0.1 | op=GET_FILE_STATUS {volume=volume58619, bucket=bucket43836, key=root_dir/b/c, dataSize=0, replicationConfig=null} | ret=FAILURE
org.apache.hadoop.ozone.om.exceptions.OMException: Unable to get file status: volume: volume58619 bucket: bucket43836 key: root_dir/b/c
	at org.apache.hadoop.ozone.om.KeyManagerImpl.getOzoneFileStatus(KeyManagerImpl.java:1301) ~[ozone-manager-1.4.0-SNAPSHOT.jar:?]
	at org.apache.hadoop.ozone.om.KeyManagerImpl.getFileStatus(KeyManagerImpl.java:1219) ~[ozone-manager-1.4.0-SNAPSHOT.jar:?]
	at org.apache.hadoop.ozone.om.OzoneManager.getFileStatus(OzoneManager.java:3498) ~[ozone-manager-1.4.0-SNAPSHOT.jar:?]
	at org.apache.hadoop.ozone.protocolPB.OzoneManagerRequestHandler.getOzoneFileStatus(OzoneManagerRequestHandler.java:913) ~[ozone-manager-1.4.0-SNAPSHOT.jar:?]
	at org.apache.hadoop.ozone.protocolPB.OzoneManagerRequestHandler.handleReadRequest(OzoneManagerRequestHandler.java:233) ~[ozone-manager-1.4.0-SNAPSHOT.jar:?]
	at org.apache.hadoop.ozone.protocolPB.OzoneManagerProtocolServerSideTranslatorPB.submitRequestDirectlyToOM(OzoneManagerProtocolServerSideTranslatorPB.java:276) ~[ozone-manager-1.4.0-SNAPSHOT.jar:?]
	at org.apache.hadoop.ozone.protocolPB.OzoneManagerProtocolServerSideTranslatorPB.processRequest(OzoneManagerProtocolServerSideTranslatorPB.java:205) ~[ozone-manager-1.4.0-SNAPSHOT.jar:?]
	at org.apache.hadoop.hdds.server.OzoneProtocolMessageDispatcher.processRequest(OzoneProtocolMessageDispatcher.java:87) [hdds-server-framework-1.4.0-SNAPSHOT.jar:?]
	at org.apache.hadoop.ozone.protocolPB.OzoneManagerProtocolServerSideTranslatorPB.submitRequest(OzoneManagerProtocolServerSideTranslatorPB.java:147) [ozone-manager-1.4.0-SNAPSHOT.jar:?]
	at org.apache.hadoop.ozone.protocol.proto.OzoneManagerProtocolProtos$OzoneManagerService$2.callBlockingMethod(OzoneManagerProtocolProtos.java) [ozone-interface-client-1.4.0-SNAPSHOT.jar:?]
	at org.apache.hadoop.ipc.ProtobufRpcEngine$Server.processCall(ProtobufRpcEngine.java:465) [hadoop-common-3.3.4.jar:?]
	at org.apache.hadoop.ipc.ProtobufRpcEngine2$Server$ProtoBufRpcInvoker.call(ProtobufRpcEngine2.java:578) [hadoop-common-3.3.4.jar:?]
	at org.apache.hadoop.ipc.ProtobufRpcEngine2$Server$ProtoBufRpcInvoker.call(ProtobufRpcEngine2.java:556) [hadoop-common-3.3.4.jar:?]
	at org.apache.hadoop.ipc.RPC$Server.call(RPC.java:1093) [hadoop-common-3.3.4.jar:?]
	at org.apache.hadoop.ipc.Server$RpcCall.run(Server.java:1043) [hadoop-common-3.3.4.jar:?]
	at org.apache.hadoop.ipc.Server$RpcCall.run(Server.java:971) [hadoop-common-3.3.4.jar:?]
	at java.security.AccessController.doPrivileged(Native Method) ~[?:1.8.0_352]
	at javax.security.auth.Subject.doAs(Subject.java:422) [?:1.8.0_352]
	at org.apache.hadoop.security.UserGroupInformation.doAs(UserGroupInformation.java:1878) [hadoop-common-3.3.4.jar:?]
	at org.apache.hadoop.ipc.Server$Handler.run(Server.java:2976) [hadoop-common-3.3.4.jar:?]
20:31:14.265 [IPC Server handler 3 on default port 37459] ERROR OMAudit - user=runner | ip=127.0.0.1 | op=GET_FILE_STATUS {volume=volume58619, bucket=bucket43836, key=root_dir/b, dataSize=0, replicationConfig=null} | ret=FAILURE
org.apache.hadoop.ozone.om.exceptions.OMException: Unable to get file status: volume: volume58619 bucket: bucket43836 key: root_dir/b
	at org.apache.hadoop.ozone.om.KeyManagerImpl.getOzoneFileStatus(KeyManagerImpl.java:1301) ~[ozone-manager-1.4.0-SNAPSHOT.jar:?]
	at org.apache.hadoop.ozone.om.KeyManagerImpl.getFileStatus(KeyManagerImpl.java:1219) ~[ozone-manager-1.4.0-SNAPSHOT.jar:?]
	at org.apache.hadoop.ozone.om.OzoneManager.getFileStatus(OzoneManager.java:3498) ~[ozone-manager-1.4.0-SNAPSHOT.jar:?]
	at org.apache.hadoop.ozone.protocolPB.OzoneManagerRequestHandler.getOzoneFileStatus(OzoneManagerRequestHandler.java:913) ~[ozone-manager-1.4.0-SNAPSHOT.jar:?]
	at org.apache.hadoop.ozone.protocolPB.OzoneManagerRequestHandler.handleReadRequest(OzoneManagerRequestHandler.java:233) ~[ozone-manager-1.4.0-SNAPSHOT.jar:?]
	at org.apache.hadoop.ozone.protocolPB.OzoneManagerProtocolServerSideTranslatorPB.submitRequestDirectlyToOM(OzoneManagerProtocolServerSideTranslatorPB.java:276) ~[ozone-manager-1.4.0-SNAPSHOT.jar:?]
	at org.apache.hadoop.ozone.protocolPB.OzoneManagerProtocolServerSideTranslatorPB.processRequest(OzoneManagerProtocolServerSideTranslatorPB.java:205) ~[ozone-manager-1.4.0-SNAPSHOT.jar:?]
	at org.apache.hadoop.hdds.server.OzoneProtocolMessageDispatcher.processRequest(OzoneProtocolMessageDispatcher.java:87) [hdds-server-framework-1.4.0-SNAPSHOT.jar:?]
	at org.apache.hadoop.ozone.protocolPB.OzoneManagerProtocolServerSideTranslatorPB.submitRequest(OzoneManagerProtocolServerSideTranslatorPB.java:147) [ozone-manager-1.4.0-SNAPSHOT.jar:?]
	at org.apache.hadoop.ozone.protocol.proto.OzoneManagerProtocolProtos$OzoneManagerService$2.callBlockingMethod(OzoneManagerProtocolProtos.java) [ozone-interface-client-1.4.0-SNAPSHOT.jar:?]
	at org.apache.hadoop.ipc.ProtobufRpcEngine$Server.processCall(ProtobufRpcEngine.java:465) [hadoop-common-3.3.4.jar:?]
	at org.apache.hadoop.ipc.ProtobufRpcEngine2$Server$ProtoBufRpcInvoker.call(ProtobufRpcEngine2.java:578) [hadoop-common-3.3.4.jar:?]
	at org.apache.hadoop.ipc.ProtobufRpcEngine2$Server$ProtoBufRpcInvoker.call(ProtobufRpcEngine2.java:556) [hadoop-common-3.3.4.jar:?]
	at org.apache.hadoop.ipc.RPC$Server.call(RPC.java:1093) [hadoop-common-3.3.4.jar:?]
	at org.apache.hadoop.ipc.Server$RpcCall.run(Server.java:1043) [hadoop-common-3.3.4.jar:?]
	at org.apache.hadoop.ipc.Server$RpcCall.run(Server.java:971) [hadoop-common-3.3.4.jar:?]
	at java.security.AccessController.doPrivileged(Native Method) ~[?:1.8.0_352]
	at javax.security.auth.Subject.doAs(Subject.java:422) [?:1.8.0_352]
	at org.apache.hadoop.security.UserGroupInformation.doAs(UserGroupInformation.java:1878) [hadoop-common-3.3.4.jar:?]
	at org.apache.hadoop.ipc.Server$Handler.run(Server.java:2976) [hadoop-common-3.3.4.jar:?]
2023-01-26 20:31:14,269 [IPC Server handler 4 on default port 37459] INFO  key.OMKeyRequest (OMKeyRequest.java:wrapUncommittedBlocksAsPseudoKey(837)) - Detect allocated but uncommitted blocks [{blockID={containerID=2, localID=111677748019200007}, length=4194304, offset=0, token=null, pipeline=null, createVersion=0, partNumber=0}] in key root_dir/file1.
20:31:14.271 [IPC Server handler 6 on default port 37459] ERROR OMAudit - user=runner | ip=127.0.0.1 | op=GET_FILE_STATUS {volume=volume58619, bucket=bucket43836, key=root_dir/file1/c, dataSize=0, replicationConfig=null} | ret=FAILURE
org.apache.hadoop.ozone.om.exceptions.OMException: Unable to get file status: volume: volume58619 bucket: bucket43836 key: root_dir/file1/c
	at org.apache.hadoop.ozone.om.KeyManagerImpl.getOzoneFileStatus(KeyManagerImpl.java:1301) ~[ozone-manager-1.4.0-SNAPSHOT.jar:?]
	at org.apache.hadoop.ozone.om.KeyManagerImpl.getFileStatus(KeyManagerImpl.java:1219) ~[ozone-manager-1.4.0-SNAPSHOT.jar:?]
	at org.apache.hadoop.ozone.om.OzoneManager.getFileStatus(OzoneManager.java:3498) ~[ozone-manager-1.4.0-SNAPSHOT.jar:?]
	at org.apache.hadoop.ozone.protocolPB.OzoneManagerRequestHandler.getOzoneFileStatus(OzoneManagerRequestHandler.java:913) ~[ozone-manager-1.4.0-SNAPSHOT.jar:?]
	at org.apache.hadoop.ozone.protocolPB.OzoneManagerRequestHandler.handleReadRequest(OzoneManagerRequestHandler.java:233) ~[ozone-manager-1.4.0-SNAPSHOT.jar:?]
	at org.apache.hadoop.ozone.protocolPB.OzoneManagerProtocolServerSideTranslatorPB.submitRequestDirectlyToOM(OzoneManagerProtocolServerSideTranslatorPB.java:276) ~[ozone-manager-1.4.0-SNAPSHOT.jar:?]
	at org.apache.hadoop.ozone.protocolPB.OzoneManagerProtocolServerSideTranslatorPB.processRequest(OzoneManagerProtocolServerSideTranslatorPB.java:205) ~[ozone-manager-1.4.0-SNAPSHOT.jar:?]
	at org.apache.hadoop.hdds.server.OzoneProtocolMessageDispatcher.processRequest(OzoneProtocolMessageDispatcher.java:87) [hdds-server-framework-1.4.0-SNAPSHOT.jar:?]
	at org.apache.hadoop.ozone.protocolPB.OzoneManagerProtocolServerSideTranslatorPB.submitRequest(OzoneManagerProtocolServerSideTranslatorPB.java:147) [ozone-manager-1.4.0-SNAPSHOT.jar:?]
	at org.apache.hadoop.ozone.protocol.proto.OzoneManagerProtocolProtos$OzoneManagerService$2.callBlockingMethod(OzoneManagerProtocolProtos.java) [ozone-interface-client-1.4.0-SNAPSHOT.jar:?]
	at org.apache.hadoop.ipc.ProtobufRpcEngine$Server.processCall(ProtobufRpcEngine.java:465) [hadoop-common-3.3.4.jar:?]
	at org.apache.hadoop.ipc.ProtobufRpcEngine2$Server$ProtoBufRpcInvoker.call(ProtobufRpcEngine2.java:578) [hadoop-common-3.3.4.jar:?]
	at org.apache.hadoop.ipc.ProtobufRpcEngine2$Server$ProtoBufRpcInvoker.call(ProtobufRpcEngine2.java:556) [hadoop-common-3.3.4.jar:?]
	at org.apache.hadoop.ipc.RPC$Server.call(RPC.java:1093) [hadoop-common-3.3.4.jar:?]
	at org.apache.hadoop.ipc.Server$RpcCall.run(Server.java:1043) [hadoop-common-3.3.4.jar:?]
	at org.apache.hadoop.ipc.Server$RpcCall.run(Server.java:971) [hadoop-common-3.3.4.jar:?]
	at java.security.AccessController.doPrivileged(Native Method) ~[?:1.8.0_352]
	at javax.security.auth.Subject.doAs(Subject.java:422) [?:1.8.0_352]
	at org.apache.hadoop.security.UserGroupInformation.doAs(UserGroupInformation.java:1878) [hadoop-common-3.3.4.jar:?]
	at org.apache.hadoop.ipc.Server$Handler.run(Server.java:2976) [hadoop-common-3.3.4.jar:?]
]]></system-out>
  </testcase>
  <testcase name="testRenameDestinationParentDoesntExist" classname="TestOzoneFileSystem" time="0.014">
    <system-out><![CDATA[20:32:18.714 [IPC Server handler 4 on default port 38041] ERROR OMAudit - user=runner | ip=127.0.0.1 | op=GET_FILE_STATUS {volume=volume53399, bucket=bucket90109, key=root_dir/b/c, dataSize=0, replicationConfig=null} | ret=FAILURE
org.apache.hadoop.ozone.om.exceptions.OMException: Unable to get file status: volume: volume53399 bucket: bucket90109 key: root_dir/b/c
	at org.apache.hadoop.ozone.om.KeyManagerImpl.getOzoneFileStatus(KeyManagerImpl.java:1301) ~[ozone-manager-1.4.0-SNAPSHOT.jar:?]
	at org.apache.hadoop.ozone.om.KeyManagerImpl.getFileStatus(KeyManagerImpl.java:1219) ~[ozone-manager-1.4.0-SNAPSHOT.jar:?]
	at org.apache.hadoop.ozone.om.OzoneManager.getFileStatus(OzoneManager.java:3498) ~[ozone-manager-1.4.0-SNAPSHOT.jar:?]
	at org.apache.hadoop.ozone.protocolPB.OzoneManagerRequestHandler.getOzoneFileStatus(OzoneManagerRequestHandler.java:913) ~[ozone-manager-1.4.0-SNAPSHOT.jar:?]
	at org.apache.hadoop.ozone.protocolPB.OzoneManagerRequestHandler.handleReadRequest(OzoneManagerRequestHandler.java:233) ~[ozone-manager-1.4.0-SNAPSHOT.jar:?]
	at org.apache.hadoop.ozone.protocolPB.OzoneManagerProtocolServerSideTranslatorPB.submitReadRequestToOM(OzoneManagerProtocolServerSideTranslatorPB.java:226) ~[ozone-manager-1.4.0-SNAPSHOT.jar:?]
	at org.apache.hadoop.ozone.protocolPB.OzoneManagerProtocolServerSideTranslatorPB.processRequest(OzoneManagerProtocolServerSideTranslatorPB.java:175) ~[ozone-manager-1.4.0-SNAPSHOT.jar:?]
	at org.apache.hadoop.hdds.server.OzoneProtocolMessageDispatcher.processRequest(OzoneProtocolMessageDispatcher.java:87) [hdds-server-framework-1.4.0-SNAPSHOT.jar:?]
	at org.apache.hadoop.ozone.protocolPB.OzoneManagerProtocolServerSideTranslatorPB.submitRequest(OzoneManagerProtocolServerSideTranslatorPB.java:147) [ozone-manager-1.4.0-SNAPSHOT.jar:?]
	at org.apache.hadoop.ozone.protocol.proto.OzoneManagerProtocolProtos$OzoneManagerService$2.callBlockingMethod(OzoneManagerProtocolProtos.java) [ozone-interface-client-1.4.0-SNAPSHOT.jar:?]
	at org.apache.hadoop.ipc.ProtobufRpcEngine$Server.processCall(ProtobufRpcEngine.java:465) [hadoop-common-3.3.4.jar:?]
	at org.apache.hadoop.ipc.ProtobufRpcEngine2$Server$ProtoBufRpcInvoker.call(ProtobufRpcEngine2.java:578) [hadoop-common-3.3.4.jar:?]
	at org.apache.hadoop.ipc.ProtobufRpcEngine2$Server$ProtoBufRpcInvoker.call(ProtobufRpcEngine2.java:556) [hadoop-common-3.3.4.jar:?]
	at org.apache.hadoop.ipc.RPC$Server.call(RPC.java:1093) [hadoop-common-3.3.4.jar:?]
	at org.apache.hadoop.ipc.Server$RpcCall.run(Server.java:1043) [hadoop-common-3.3.4.jar:?]
	at org.apache.hadoop.ipc.Server$RpcCall.run(Server.java:971) [hadoop-common-3.3.4.jar:?]
	at java.security.AccessController.doPrivileged(Native Method) ~[?:1.8.0_352]
	at javax.security.auth.Subject.doAs(Subject.java:422) [?:1.8.0_352]
	at org.apache.hadoop.security.UserGroupInformation.doAs(UserGroupInformation.java:1878) [hadoop-common-3.3.4.jar:?]
	at org.apache.hadoop.ipc.Server$Handler.run(Server.java:2976) [hadoop-common-3.3.4.jar:?]
20:32:18.714 [IPC Server handler 6 on default port 38041] ERROR OMAudit - user=runner | ip=127.0.0.1 | op=GET_FILE_STATUS {volume=volume53399, bucket=bucket90109, key=root_dir/b, dataSize=0, replicationConfig=null} | ret=FAILURE
org.apache.hadoop.ozone.om.exceptions.OMException: Unable to get file status: volume: volume53399 bucket: bucket90109 key: root_dir/b
	at org.apache.hadoop.ozone.om.KeyManagerImpl.getOzoneFileStatus(KeyManagerImpl.java:1301) ~[ozone-manager-1.4.0-SNAPSHOT.jar:?]
	at org.apache.hadoop.ozone.om.KeyManagerImpl.getFileStatus(KeyManagerImpl.java:1219) ~[ozone-manager-1.4.0-SNAPSHOT.jar:?]
	at org.apache.hadoop.ozone.om.OzoneManager.getFileStatus(OzoneManager.java:3498) ~[ozone-manager-1.4.0-SNAPSHOT.jar:?]
	at org.apache.hadoop.ozone.protocolPB.OzoneManagerRequestHandler.getOzoneFileStatus(OzoneManagerRequestHandler.java:913) ~[ozone-manager-1.4.0-SNAPSHOT.jar:?]
	at org.apache.hadoop.ozone.protocolPB.OzoneManagerRequestHandler.handleReadRequest(OzoneManagerRequestHandler.java:233) ~[ozone-manager-1.4.0-SNAPSHOT.jar:?]
	at org.apache.hadoop.ozone.protocolPB.OzoneManagerProtocolServerSideTranslatorPB.submitReadRequestToOM(OzoneManagerProtocolServerSideTranslatorPB.java:226) ~[ozone-manager-1.4.0-SNAPSHOT.jar:?]
	at org.apache.hadoop.ozone.protocolPB.OzoneManagerProtocolServerSideTranslatorPB.processRequest(OzoneManagerProtocolServerSideTranslatorPB.java:175) ~[ozone-manager-1.4.0-SNAPSHOT.jar:?]
	at org.apache.hadoop.hdds.server.OzoneProtocolMessageDispatcher.processRequest(OzoneProtocolMessageDispatcher.java:87) [hdds-server-framework-1.4.0-SNAPSHOT.jar:?]
	at org.apache.hadoop.ozone.protocolPB.OzoneManagerProtocolServerSideTranslatorPB.submitRequest(OzoneManagerProtocolServerSideTranslatorPB.java:147) [ozone-manager-1.4.0-SNAPSHOT.jar:?]
	at org.apache.hadoop.ozone.protocol.proto.OzoneManagerProtocolProtos$OzoneManagerService$2.callBlockingMethod(OzoneManagerProtocolProtos.java) [ozone-interface-client-1.4.0-SNAPSHOT.jar:?]
	at org.apache.hadoop.ipc.ProtobufRpcEngine$Server.processCall(ProtobufRpcEngine.java:465) [hadoop-common-3.3.4.jar:?]
	at org.apache.hadoop.ipc.ProtobufRpcEngine2$Server$ProtoBufRpcInvoker.call(ProtobufRpcEngine2.java:578) [hadoop-common-3.3.4.jar:?]
	at org.apache.hadoop.ipc.ProtobufRpcEngine2$Server$ProtoBufRpcInvoker.call(ProtobufRpcEngine2.java:556) [hadoop-common-3.3.4.jar:?]
	at org.apache.hadoop.ipc.RPC$Server.call(RPC.java:1093) [hadoop-common-3.3.4.jar:?]
	at org.apache.hadoop.ipc.Server$RpcCall.run(Server.java:1043) [hadoop-common-3.3.4.jar:?]
	at org.apache.hadoop.ipc.Server$RpcCall.run(Server.java:971) [hadoop-common-3.3.4.jar:?]
	at java.security.AccessController.doPrivileged(Native Method) ~[?:1.8.0_352]
	at javax.security.auth.Subject.doAs(Subject.java:422) [?:1.8.0_352]
	at org.apache.hadoop.security.UserGroupInformation.doAs(UserGroupInformation.java:1878) [hadoop-common-3.3.4.jar:?]
	at org.apache.hadoop.ipc.Server$Handler.run(Server.java:2976) [hadoop-common-3.3.4.jar:?]
2023-01-26 20:32:18,720 [OM StateMachine ApplyTransaction Thread - 0] INFO  key.OMKeyRequest (OMKeyRequest.java:wrapUncommittedBlocksAsPseudoKey(837)) - Detect allocated but uncommitted blocks [{blockID={containerID=1, localID=111677748019200007}, length=4194304, offset=0, token=null, pipeline=null, createVersion=0, partNumber=0}] in key root_dir/file1.
20:32:18.721 [IPC Server handler 8 on default port 38041] ERROR OMAudit - user=runner | ip=127.0.0.1 | op=GET_FILE_STATUS {volume=volume53399, bucket=bucket90109, key=root_dir/file1/c, dataSize=0, replicationConfig=null} | ret=FAILURE
org.apache.hadoop.ozone.om.exceptions.OMException: Unable to get file status: volume: volume53399 bucket: bucket90109 key: root_dir/file1/c
	at org.apache.hadoop.ozone.om.KeyManagerImpl.getOzoneFileStatus(KeyManagerImpl.java:1301) ~[ozone-manager-1.4.0-SNAPSHOT.jar:?]
	at org.apache.hadoop.ozone.om.KeyManagerImpl.getFileStatus(KeyManagerImpl.java:1219) ~[ozone-manager-1.4.0-SNAPSHOT.jar:?]
	at org.apache.hadoop.ozone.om.OzoneManager.getFileStatus(OzoneManager.java:3498) ~[ozone-manager-1.4.0-SNAPSHOT.jar:?]
	at org.apache.hadoop.ozone.protocolPB.OzoneManagerRequestHandler.getOzoneFileStatus(OzoneManagerRequestHandler.java:913) ~[ozone-manager-1.4.0-SNAPSHOT.jar:?]
	at org.apache.hadoop.ozone.protocolPB.OzoneManagerRequestHandler.handleReadRequest(OzoneManagerRequestHandler.java:233) ~[ozone-manager-1.4.0-SNAPSHOT.jar:?]
	at org.apache.hadoop.ozone.protocolPB.OzoneManagerProtocolServerSideTranslatorPB.submitReadRequestToOM(OzoneManagerProtocolServerSideTranslatorPB.java:226) ~[ozone-manager-1.4.0-SNAPSHOT.jar:?]
	at org.apache.hadoop.ozone.protocolPB.OzoneManagerProtocolServerSideTranslatorPB.processRequest(OzoneManagerProtocolServerSideTranslatorPB.java:175) ~[ozone-manager-1.4.0-SNAPSHOT.jar:?]
	at org.apache.hadoop.hdds.server.OzoneProtocolMessageDispatcher.processRequest(OzoneProtocolMessageDispatcher.java:87) [hdds-server-framework-1.4.0-SNAPSHOT.jar:?]
	at org.apache.hadoop.ozone.protocolPB.OzoneManagerProtocolServerSideTranslatorPB.submitRequest(OzoneManagerProtocolServerSideTranslatorPB.java:147) [ozone-manager-1.4.0-SNAPSHOT.jar:?]
	at org.apache.hadoop.ozone.protocol.proto.OzoneManagerProtocolProtos$OzoneManagerService$2.callBlockingMethod(OzoneManagerProtocolProtos.java) [ozone-interface-client-1.4.0-SNAPSHOT.jar:?]
	at org.apache.hadoop.ipc.ProtobufRpcEngine$Server.processCall(ProtobufRpcEngine.java:465) [hadoop-common-3.3.4.jar:?]
	at org.apache.hadoop.ipc.ProtobufRpcEngine2$Server$ProtoBufRpcInvoker.call(ProtobufRpcEngine2.java:578) [hadoop-common-3.3.4.jar:?]
	at org.apache.hadoop.ipc.ProtobufRpcEngine2$Server$ProtoBufRpcInvoker.call(ProtobufRpcEngine2.java:556) [hadoop-common-3.3.4.jar:?]
	at org.apache.hadoop.ipc.RPC$Server.call(RPC.java:1093) [hadoop-common-3.3.4.jar:?]
	at org.apache.hadoop.ipc.Server$RpcCall.run(Server.java:1043) [hadoop-common-3.3.4.jar:?]
	at org.apache.hadoop.ipc.Server$RpcCall.run(Server.java:971) [hadoop-common-3.3.4.jar:?]
	at java.security.AccessController.doPrivileged(Native Method) ~[?:1.8.0_352]
	at javax.security.auth.Subject.doAs(Subject.java:422) [?:1.8.0_352]
	at org.apache.hadoop.security.UserGroupInformation.doAs(UserGroupInformation.java:1878) [hadoop-common-3.3.4.jar:?]
	at org.apache.hadoop.ipc.Server$Handler.run(Server.java:2976) [hadoop-common-3.3.4.jar:?]
]]></system-out>
  </testcase>
  <testcase name="testRenameDestinationParentDoesntExist" classname="TestOzoneFileSystem" time="0.01">
    <system-out><![CDATA[20:33:24.723 [IPC Server handler 1 on default port 35105] ERROR OMAudit - user=runner | ip=127.0.0.1 | op=GET_FILE_STATUS {volume=volume38800, bucket=bucket46934, key=root_dir/b/c, dataSize=0, replicationConfig=null} | ret=FAILURE
org.apache.hadoop.ozone.om.exceptions.OMException: Unable to get file status: volume: volume38800 bucket: bucket46934 key: root_dir/b/c
	at org.apache.hadoop.ozone.om.KeyManagerImpl.getOzoneFileStatus(KeyManagerImpl.java:1301) ~[ozone-manager-1.4.0-SNAPSHOT.jar:?]
	at org.apache.hadoop.ozone.om.KeyManagerImpl.getFileStatus(KeyManagerImpl.java:1219) ~[ozone-manager-1.4.0-SNAPSHOT.jar:?]
	at org.apache.hadoop.ozone.om.OzoneManager.getFileStatus(OzoneManager.java:3498) ~[ozone-manager-1.4.0-SNAPSHOT.jar:?]
	at org.apache.hadoop.ozone.protocolPB.OzoneManagerRequestHandler.getOzoneFileStatus(OzoneManagerRequestHandler.java:913) ~[ozone-manager-1.4.0-SNAPSHOT.jar:?]
	at org.apache.hadoop.ozone.protocolPB.OzoneManagerRequestHandler.handleReadRequest(OzoneManagerRequestHandler.java:233) ~[ozone-manager-1.4.0-SNAPSHOT.jar:?]
	at org.apache.hadoop.ozone.protocolPB.OzoneManagerProtocolServerSideTranslatorPB.submitRequestDirectlyToOM(OzoneManagerProtocolServerSideTranslatorPB.java:276) ~[ozone-manager-1.4.0-SNAPSHOT.jar:?]
	at org.apache.hadoop.ozone.protocolPB.OzoneManagerProtocolServerSideTranslatorPB.processRequest(OzoneManagerProtocolServerSideTranslatorPB.java:205) ~[ozone-manager-1.4.0-SNAPSHOT.jar:?]
	at org.apache.hadoop.hdds.server.OzoneProtocolMessageDispatcher.processRequest(OzoneProtocolMessageDispatcher.java:87) [hdds-server-framework-1.4.0-SNAPSHOT.jar:?]
	at org.apache.hadoop.ozone.protocolPB.OzoneManagerProtocolServerSideTranslatorPB.submitRequest(OzoneManagerProtocolServerSideTranslatorPB.java:147) [ozone-manager-1.4.0-SNAPSHOT.jar:?]
	at org.apache.hadoop.ozone.protocol.proto.OzoneManagerProtocolProtos$OzoneManagerService$2.callBlockingMethod(OzoneManagerProtocolProtos.java) [ozone-interface-client-1.4.0-SNAPSHOT.jar:?]
	at org.apache.hadoop.ipc.ProtobufRpcEngine$Server.processCall(ProtobufRpcEngine.java:465) [hadoop-common-3.3.4.jar:?]
	at org.apache.hadoop.ipc.ProtobufRpcEngine2$Server$ProtoBufRpcInvoker.call(ProtobufRpcEngine2.java:578) [hadoop-common-3.3.4.jar:?]
	at org.apache.hadoop.ipc.ProtobufRpcEngine2$Server$ProtoBufRpcInvoker.call(ProtobufRpcEngine2.java:556) [hadoop-common-3.3.4.jar:?]
	at org.apache.hadoop.ipc.RPC$Server.call(RPC.java:1093) [hadoop-common-3.3.4.jar:?]
	at org.apache.hadoop.ipc.Server$RpcCall.run(Server.java:1043) [hadoop-common-3.3.4.jar:?]
	at org.apache.hadoop.ipc.Server$RpcCall.run(Server.java:971) [hadoop-common-3.3.4.jar:?]
	at java.security.AccessController.doPrivileged(Native Method) ~[?:1.8.0_352]
	at javax.security.auth.Subject.doAs(Subject.java:422) [?:1.8.0_352]
	at org.apache.hadoop.security.UserGroupInformation.doAs(UserGroupInformation.java:1878) [hadoop-common-3.3.4.jar:?]
	at org.apache.hadoop.ipc.Server$Handler.run(Server.java:2976) [hadoop-common-3.3.4.jar:?]
20:33:24.723 [IPC Server handler 3 on default port 35105] ERROR OMAudit - user=runner | ip=127.0.0.1 | op=GET_FILE_STATUS {volume=volume38800, bucket=bucket46934, key=root_dir/b, dataSize=0, replicationConfig=null} | ret=FAILURE
org.apache.hadoop.ozone.om.exceptions.OMException: Unable to get file status: volume: volume38800 bucket: bucket46934 key: root_dir/b
	at org.apache.hadoop.ozone.om.KeyManagerImpl.getOzoneFileStatus(KeyManagerImpl.java:1301) ~[ozone-manager-1.4.0-SNAPSHOT.jar:?]
	at org.apache.hadoop.ozone.om.KeyManagerImpl.getFileStatus(KeyManagerImpl.java:1219) ~[ozone-manager-1.4.0-SNAPSHOT.jar:?]
	at org.apache.hadoop.ozone.om.OzoneManager.getFileStatus(OzoneManager.java:3498) ~[ozone-manager-1.4.0-SNAPSHOT.jar:?]
	at org.apache.hadoop.ozone.protocolPB.OzoneManagerRequestHandler.getOzoneFileStatus(OzoneManagerRequestHandler.java:913) ~[ozone-manager-1.4.0-SNAPSHOT.jar:?]
	at org.apache.hadoop.ozone.protocolPB.OzoneManagerRequestHandler.handleReadRequest(OzoneManagerRequestHandler.java:233) ~[ozone-manager-1.4.0-SNAPSHOT.jar:?]
	at org.apache.hadoop.ozone.protocolPB.OzoneManagerProtocolServerSideTranslatorPB.submitRequestDirectlyToOM(OzoneManagerProtocolServerSideTranslatorPB.java:276) ~[ozone-manager-1.4.0-SNAPSHOT.jar:?]
	at org.apache.hadoop.ozone.protocolPB.OzoneManagerProtocolServerSideTranslatorPB.processRequest(OzoneManagerProtocolServerSideTranslatorPB.java:205) ~[ozone-manager-1.4.0-SNAPSHOT.jar:?]
	at org.apache.hadoop.hdds.server.OzoneProtocolMessageDispatcher.processRequest(OzoneProtocolMessageDispatcher.java:87) [hdds-server-framework-1.4.0-SNAPSHOT.jar:?]
	at org.apache.hadoop.ozone.protocolPB.OzoneManagerProtocolServerSideTranslatorPB.submitRequest(OzoneManagerProtocolServerSideTranslatorPB.java:147) [ozone-manager-1.4.0-SNAPSHOT.jar:?]
	at org.apache.hadoop.ozone.protocol.proto.OzoneManagerProtocolProtos$OzoneManagerService$2.callBlockingMethod(OzoneManagerProtocolProtos.java) [ozone-interface-client-1.4.0-SNAPSHOT.jar:?]
	at org.apache.hadoop.ipc.ProtobufRpcEngine$Server.processCall(ProtobufRpcEngine.java:465) [hadoop-common-3.3.4.jar:?]
	at org.apache.hadoop.ipc.ProtobufRpcEngine2$Server$ProtoBufRpcInvoker.call(ProtobufRpcEngine2.java:578) [hadoop-common-3.3.4.jar:?]
	at org.apache.hadoop.ipc.ProtobufRpcEngine2$Server$ProtoBufRpcInvoker.call(ProtobufRpcEngine2.java:556) [hadoop-common-3.3.4.jar:?]
	at org.apache.hadoop.ipc.RPC$Server.call(RPC.java:1093) [hadoop-common-3.3.4.jar:?]
	at org.apache.hadoop.ipc.Server$RpcCall.run(Server.java:1043) [hadoop-common-3.3.4.jar:?]
	at org.apache.hadoop.ipc.Server$RpcCall.run(Server.java:971) [hadoop-common-3.3.4.jar:?]
	at java.security.AccessController.doPrivileged(Native Method) ~[?:1.8.0_352]
	at javax.security.auth.Subject.doAs(Subject.java:422) [?:1.8.0_352]
	at org.apache.hadoop.security.UserGroupInformation.doAs(UserGroupInformation.java:1878) [hadoop-common-3.3.4.jar:?]
	at org.apache.hadoop.ipc.Server$Handler.run(Server.java:2976) [hadoop-common-3.3.4.jar:?]
2023-01-26 20:33:24,726 [IPC Server handler 5 on default port 35105] INFO  key.OMKeyRequest (OMKeyRequest.java:wrapUncommittedBlocksAsPseudoKey(837)) - Detect allocated but uncommitted blocks [{blockID={containerID=1, localID=111677748019200007}, length=4194304, offset=0, token=null, pipeline=null, createVersion=0, partNumber=0}] in key root_dir/file1.
20:33:24.728 [IPC Server handler 8 on default port 35105] ERROR OMAudit - user=runner | ip=127.0.0.1 | op=GET_FILE_STATUS {volume=volume38800, bucket=bucket46934, key=root_dir/file1/c, dataSize=0, replicationConfig=null} | ret=FAILURE
org.apache.hadoop.ozone.om.exceptions.OMException: Unable to get file status: volume: volume38800 bucket: bucket46934 key: root_dir/file1/c
	at org.apache.hadoop.ozone.om.KeyManagerImpl.getOzoneFileStatus(KeyManagerImpl.java:1301) ~[ozone-manager-1.4.0-SNAPSHOT.jar:?]
	at org.apache.hadoop.ozone.om.KeyManagerImpl.getFileStatus(KeyManagerImpl.java:1219) ~[ozone-manager-1.4.0-SNAPSHOT.jar:?]
	at org.apache.hadoop.ozone.om.OzoneManager.getFileStatus(OzoneManager.java:3498) ~[ozone-manager-1.4.0-SNAPSHOT.jar:?]
	at org.apache.hadoop.ozone.protocolPB.OzoneManagerRequestHandler.getOzoneFileStatus(OzoneManagerRequestHandler.java:913) ~[ozone-manager-1.4.0-SNAPSHOT.jar:?]
	at org.apache.hadoop.ozone.protocolPB.OzoneManagerRequestHandler.handleReadRequest(OzoneManagerRequestHandler.java:233) ~[ozone-manager-1.4.0-SNAPSHOT.jar:?]
	at org.apache.hadoop.ozone.protocolPB.OzoneManagerProtocolServerSideTranslatorPB.submitRequestDirectlyToOM(OzoneManagerProtocolServerSideTranslatorPB.java:276) ~[ozone-manager-1.4.0-SNAPSHOT.jar:?]
	at org.apache.hadoop.ozone.protocolPB.OzoneManagerProtocolServerSideTranslatorPB.processRequest(OzoneManagerProtocolServerSideTranslatorPB.java:205) ~[ozone-manager-1.4.0-SNAPSHOT.jar:?]
	at org.apache.hadoop.hdds.server.OzoneProtocolMessageDispatcher.processRequest(OzoneProtocolMessageDispatcher.java:87) [hdds-server-framework-1.4.0-SNAPSHOT.jar:?]
	at org.apache.hadoop.ozone.protocolPB.OzoneManagerProtocolServerSideTranslatorPB.submitRequest(OzoneManagerProtocolServerSideTranslatorPB.java:147) [ozone-manager-1.4.0-SNAPSHOT.jar:?]
	at org.apache.hadoop.ozone.protocol.proto.OzoneManagerProtocolProtos$OzoneManagerService$2.callBlockingMethod(OzoneManagerProtocolProtos.java) [ozone-interface-client-1.4.0-SNAPSHOT.jar:?]
	at org.apache.hadoop.ipc.ProtobufRpcEngine$Server.processCall(ProtobufRpcEngine.java:465) [hadoop-common-3.3.4.jar:?]
	at org.apache.hadoop.ipc.ProtobufRpcEngine2$Server$ProtoBufRpcInvoker.call(ProtobufRpcEngine2.java:578) [hadoop-common-3.3.4.jar:?]
	at org.apache.hadoop.ipc.ProtobufRpcEngine2$Server$ProtoBufRpcInvoker.call(ProtobufRpcEngine2.java:556) [hadoop-common-3.3.4.jar:?]
	at org.apache.hadoop.ipc.RPC$Server.call(RPC.java:1093) [hadoop-common-3.3.4.jar:?]
	at org.apache.hadoop.ipc.Server$RpcCall.run(Server.java:1043) [hadoop-common-3.3.4.jar:?]
	at org.apache.hadoop.ipc.Server$RpcCall.run(Server.java:971) [hadoop-common-3.3.4.jar:?]
	at java.security.AccessController.doPrivileged(Native Method) ~[?:1.8.0_352]
	at javax.security.auth.Subject.doAs(Subject.java:422) [?:1.8.0_352]
	at org.apache.hadoop.security.UserGroupInformation.doAs(UserGroupInformation.java:1878) [hadoop-common-3.3.4.jar:?]
	at org.apache.hadoop.ipc.Server$Handler.run(Server.java:2976) [hadoop-common-3.3.4.jar:?]
]]></system-out>
  </testcase>
  <testcase name="testCreateWithInvalidPaths" classname="TestOzoneFileSystem" time="0.005"/>
  <testcase name="testCreateWithInvalidPaths" classname="TestOzoneFileSystem" time="0.002"/>
  <testcase name="testCreateWithInvalidPaths" classname="TestOzoneFileSystem" time="0.002"/>
  <testcase name="testCreateWithInvalidPaths" classname="TestOzoneFileSystem" time="0.001"/>
  <testcase name="testListStatusOnRoot" classname="TestOzoneFileSystem" time="0.033"/>
  <testcase name="testListStatusOnRoot" classname="TestOzoneFileSystem" time="0.009"/>
  <testcase name="testListStatusOnRoot" classname="TestOzoneFileSystem" time="0.008"/>
  <testcase name="testListStatusOnRoot" classname="TestOzoneFileSystem" time="0.009"/>
  <testcase name="testRenameWithNonExistentSource" classname="TestOzoneFileSystem" time="0.02">
    <system-out><![CDATA[2023-01-26 20:30:03,763 [Time-limited test] INFO  ozone.TestOzoneFileSystem (TestOzoneFileSystem.java:testRenameWithNonExistentSource(1147)) - Created destin dir: o3fs://bucket75634.volume83577/root/dir2
2023-01-26 20:30:03,763 [Time-limited test] INFO  ozone.TestOzoneFileSystem (TestOzoneFileSystem.java:testRenameWithNonExistentSource(1149)) - Rename op-> source:o3fs://bucket75634.volume83577/root/dir1 to destin:o3fs://bucket75634.volume83577/root/dir2}
20:30:03.764 [IPC Server handler 2 on default port 38181] ERROR OMAudit - user=runner | ip=127.0.0.1 | op=GET_FILE_STATUS {volume=volume83577, bucket=bucket75634, key=root/dir1, dataSize=0, replicationConfig=null} | ret=FAILURE
org.apache.hadoop.ozone.om.exceptions.OMException: Unable to get file status: volume: volume83577 bucket: bucket75634 key: root/dir1
	at org.apache.hadoop.ozone.om.KeyManagerImpl.getOzoneFileStatus(KeyManagerImpl.java:1301) ~[ozone-manager-1.4.0-SNAPSHOT.jar:?]
	at org.apache.hadoop.ozone.om.KeyManagerImpl.getFileStatus(KeyManagerImpl.java:1219) ~[ozone-manager-1.4.0-SNAPSHOT.jar:?]
	at org.apache.hadoop.ozone.om.OzoneManager.getFileStatus(OzoneManager.java:3498) ~[ozone-manager-1.4.0-SNAPSHOT.jar:?]
	at org.apache.hadoop.ozone.protocolPB.OzoneManagerRequestHandler.getOzoneFileStatus(OzoneManagerRequestHandler.java:913) ~[ozone-manager-1.4.0-SNAPSHOT.jar:?]
	at org.apache.hadoop.ozone.protocolPB.OzoneManagerRequestHandler.handleReadRequest(OzoneManagerRequestHandler.java:233) ~[ozone-manager-1.4.0-SNAPSHOT.jar:?]
	at org.apache.hadoop.ozone.protocolPB.OzoneManagerProtocolServerSideTranslatorPB.submitReadRequestToOM(OzoneManagerProtocolServerSideTranslatorPB.java:226) ~[ozone-manager-1.4.0-SNAPSHOT.jar:?]
	at org.apache.hadoop.ozone.protocolPB.OzoneManagerProtocolServerSideTranslatorPB.processRequest(OzoneManagerProtocolServerSideTranslatorPB.java:175) ~[ozone-manager-1.4.0-SNAPSHOT.jar:?]
	at org.apache.hadoop.hdds.server.OzoneProtocolMessageDispatcher.processRequest(OzoneProtocolMessageDispatcher.java:87) [hdds-server-framework-1.4.0-SNAPSHOT.jar:?]
	at org.apache.hadoop.ozone.protocolPB.OzoneManagerProtocolServerSideTranslatorPB.submitRequest(OzoneManagerProtocolServerSideTranslatorPB.java:147) [ozone-manager-1.4.0-SNAPSHOT.jar:?]
	at org.apache.hadoop.ozone.protocol.proto.OzoneManagerProtocolProtos$OzoneManagerService$2.callBlockingMethod(OzoneManagerProtocolProtos.java) [ozone-interface-client-1.4.0-SNAPSHOT.jar:?]
	at org.apache.hadoop.ipc.ProtobufRpcEngine$Server.processCall(ProtobufRpcEngine.java:465) [hadoop-common-3.3.4.jar:?]
	at org.apache.hadoop.ipc.ProtobufRpcEngine2$Server$ProtoBufRpcInvoker.call(ProtobufRpcEngine2.java:578) [hadoop-common-3.3.4.jar:?]
	at org.apache.hadoop.ipc.ProtobufRpcEngine2$Server$ProtoBufRpcInvoker.call(ProtobufRpcEngine2.java:556) [hadoop-common-3.3.4.jar:?]
	at org.apache.hadoop.ipc.RPC$Server.call(RPC.java:1093) [hadoop-common-3.3.4.jar:?]
	at org.apache.hadoop.ipc.Server$RpcCall.run(Server.java:1043) [hadoop-common-3.3.4.jar:?]
	at org.apache.hadoop.ipc.Server$RpcCall.run(Server.java:971) [hadoop-common-3.3.4.jar:?]
	at java.security.AccessController.doPrivileged(Native Method) ~[?:1.8.0_352]
	at javax.security.auth.Subject.doAs(Subject.java:422) [?:1.8.0_352]
	at org.apache.hadoop.security.UserGroupInformation.doAs(UserGroupInformation.java:1878) [hadoop-common-3.3.4.jar:?]
	at org.apache.hadoop.ipc.Server$Handler.run(Server.java:2976) [hadoop-common-3.3.4.jar:?]
]]></system-out>
  </testcase>
  <testcase name="testRenameWithNonExistentSource" classname="TestOzoneFileSystem" time="0.008">
    <system-out><![CDATA[2023-01-26 20:31:14,292 [Time-limited test] INFO  ozone.TestOzoneFileSystem (TestOzoneFileSystem.java:testRenameWithNonExistentSource(1147)) - Created destin dir: o3fs://bucket43836.volume58619/root/dir2
2023-01-26 20:31:14,292 [Time-limited test] INFO  ozone.TestOzoneFileSystem (TestOzoneFileSystem.java:testRenameWithNonExistentSource(1149)) - Rename op-> source:o3fs://bucket43836.volume58619/root/dir1 to destin:o3fs://bucket43836.volume58619/root/dir2}
20:31:14.293 [IPC Server handler 11 on default port 37459] ERROR OMAudit - user=runner | ip=127.0.0.1 | op=GET_FILE_STATUS {volume=volume58619, bucket=bucket43836, key=root/dir1, dataSize=0, replicationConfig=null} | ret=FAILURE
org.apache.hadoop.ozone.om.exceptions.OMException: Unable to get file status: volume: volume58619 bucket: bucket43836 key: root/dir1
	at org.apache.hadoop.ozone.om.KeyManagerImpl.getOzoneFileStatus(KeyManagerImpl.java:1301) ~[ozone-manager-1.4.0-SNAPSHOT.jar:?]
	at org.apache.hadoop.ozone.om.KeyManagerImpl.getFileStatus(KeyManagerImpl.java:1219) ~[ozone-manager-1.4.0-SNAPSHOT.jar:?]
	at org.apache.hadoop.ozone.om.OzoneManager.getFileStatus(OzoneManager.java:3498) ~[ozone-manager-1.4.0-SNAPSHOT.jar:?]
	at org.apache.hadoop.ozone.protocolPB.OzoneManagerRequestHandler.getOzoneFileStatus(OzoneManagerRequestHandler.java:913) ~[ozone-manager-1.4.0-SNAPSHOT.jar:?]
	at org.apache.hadoop.ozone.protocolPB.OzoneManagerRequestHandler.handleReadRequest(OzoneManagerRequestHandler.java:233) ~[ozone-manager-1.4.0-SNAPSHOT.jar:?]
	at org.apache.hadoop.ozone.protocolPB.OzoneManagerProtocolServerSideTranslatorPB.submitRequestDirectlyToOM(OzoneManagerProtocolServerSideTranslatorPB.java:276) ~[ozone-manager-1.4.0-SNAPSHOT.jar:?]
	at org.apache.hadoop.ozone.protocolPB.OzoneManagerProtocolServerSideTranslatorPB.processRequest(OzoneManagerProtocolServerSideTranslatorPB.java:205) ~[ozone-manager-1.4.0-SNAPSHOT.jar:?]
	at org.apache.hadoop.hdds.server.OzoneProtocolMessageDispatcher.processRequest(OzoneProtocolMessageDispatcher.java:87) [hdds-server-framework-1.4.0-SNAPSHOT.jar:?]
	at org.apache.hadoop.ozone.protocolPB.OzoneManagerProtocolServerSideTranslatorPB.submitRequest(OzoneManagerProtocolServerSideTranslatorPB.java:147) [ozone-manager-1.4.0-SNAPSHOT.jar:?]
	at org.apache.hadoop.ozone.protocol.proto.OzoneManagerProtocolProtos$OzoneManagerService$2.callBlockingMethod(OzoneManagerProtocolProtos.java) [ozone-interface-client-1.4.0-SNAPSHOT.jar:?]
	at org.apache.hadoop.ipc.ProtobufRpcEngine$Server.processCall(ProtobufRpcEngine.java:465) [hadoop-common-3.3.4.jar:?]
	at org.apache.hadoop.ipc.ProtobufRpcEngine2$Server$ProtoBufRpcInvoker.call(ProtobufRpcEngine2.java:578) [hadoop-common-3.3.4.jar:?]
	at org.apache.hadoop.ipc.ProtobufRpcEngine2$Server$ProtoBufRpcInvoker.call(ProtobufRpcEngine2.java:556) [hadoop-common-3.3.4.jar:?]
	at org.apache.hadoop.ipc.RPC$Server.call(RPC.java:1093) [hadoop-common-3.3.4.jar:?]
	at org.apache.hadoop.ipc.Server$RpcCall.run(Server.java:1043) [hadoop-common-3.3.4.jar:?]
	at org.apache.hadoop.ipc.Server$RpcCall.run(Server.java:971) [hadoop-common-3.3.4.jar:?]
	at java.security.AccessController.doPrivileged(Native Method) ~[?:1.8.0_352]
	at javax.security.auth.Subject.doAs(Subject.java:422) [?:1.8.0_352]
	at org.apache.hadoop.security.UserGroupInformation.doAs(UserGroupInformation.java:1878) [hadoop-common-3.3.4.jar:?]
	at org.apache.hadoop.ipc.Server$Handler.run(Server.java:2976) [hadoop-common-3.3.4.jar:?]
]]></system-out>
  </testcase>
  <testcase name="testRenameWithNonExistentSource" classname="TestOzoneFileSystem" time="0.005">
    <system-out><![CDATA[2023-01-26 20:32:18,737 [Time-limited test] INFO  ozone.TestOzoneFileSystem (TestOzoneFileSystem.java:testRenameWithNonExistentSource(1147)) - Created destin dir: o3fs://bucket90109.volume53399/root/dir2
2023-01-26 20:32:18,737 [Time-limited test] INFO  ozone.TestOzoneFileSystem (TestOzoneFileSystem.java:testRenameWithNonExistentSource(1149)) - Rename op-> source:o3fs://bucket90109.volume53399/root/dir1 to destin:o3fs://bucket90109.volume53399/root/dir2}
20:32:18.737 [IPC Server handler 13 on default port 38041] ERROR OMAudit - user=runner | ip=127.0.0.1 | op=GET_FILE_STATUS {volume=volume53399, bucket=bucket90109, key=root/dir1, dataSize=0, replicationConfig=null} | ret=FAILURE
org.apache.hadoop.ozone.om.exceptions.OMException: Unable to get file status: volume: volume53399 bucket: bucket90109 key: root/dir1
	at org.apache.hadoop.ozone.om.KeyManagerImpl.getOzoneFileStatus(KeyManagerImpl.java:1301) ~[ozone-manager-1.4.0-SNAPSHOT.jar:?]
	at org.apache.hadoop.ozone.om.KeyManagerImpl.getFileStatus(KeyManagerImpl.java:1219) ~[ozone-manager-1.4.0-SNAPSHOT.jar:?]
	at org.apache.hadoop.ozone.om.OzoneManager.getFileStatus(OzoneManager.java:3498) ~[ozone-manager-1.4.0-SNAPSHOT.jar:?]
	at org.apache.hadoop.ozone.protocolPB.OzoneManagerRequestHandler.getOzoneFileStatus(OzoneManagerRequestHandler.java:913) ~[ozone-manager-1.4.0-SNAPSHOT.jar:?]
	at org.apache.hadoop.ozone.protocolPB.OzoneManagerRequestHandler.handleReadRequest(OzoneManagerRequestHandler.java:233) ~[ozone-manager-1.4.0-SNAPSHOT.jar:?]
	at org.apache.hadoop.ozone.protocolPB.OzoneManagerProtocolServerSideTranslatorPB.submitReadRequestToOM(OzoneManagerProtocolServerSideTranslatorPB.java:226) ~[ozone-manager-1.4.0-SNAPSHOT.jar:?]
	at org.apache.hadoop.ozone.protocolPB.OzoneManagerProtocolServerSideTranslatorPB.processRequest(OzoneManagerProtocolServerSideTranslatorPB.java:175) ~[ozone-manager-1.4.0-SNAPSHOT.jar:?]
	at org.apache.hadoop.hdds.server.OzoneProtocolMessageDispatcher.processRequest(OzoneProtocolMessageDispatcher.java:87) [hdds-server-framework-1.4.0-SNAPSHOT.jar:?]
	at org.apache.hadoop.ozone.protocolPB.OzoneManagerProtocolServerSideTranslatorPB.submitRequest(OzoneManagerProtocolServerSideTranslatorPB.java:147) [ozone-manager-1.4.0-SNAPSHOT.jar:?]
	at org.apache.hadoop.ozone.protocol.proto.OzoneManagerProtocolProtos$OzoneManagerService$2.callBlockingMethod(OzoneManagerProtocolProtos.java) [ozone-interface-client-1.4.0-SNAPSHOT.jar:?]
	at org.apache.hadoop.ipc.ProtobufRpcEngine$Server.processCall(ProtobufRpcEngine.java:465) [hadoop-common-3.3.4.jar:?]
	at org.apache.hadoop.ipc.ProtobufRpcEngine2$Server$ProtoBufRpcInvoker.call(ProtobufRpcEngine2.java:578) [hadoop-common-3.3.4.jar:?]
	at org.apache.hadoop.ipc.ProtobufRpcEngine2$Server$ProtoBufRpcInvoker.call(ProtobufRpcEngine2.java:556) [hadoop-common-3.3.4.jar:?]
	at org.apache.hadoop.ipc.RPC$Server.call(RPC.java:1093) [hadoop-common-3.3.4.jar:?]
	at org.apache.hadoop.ipc.Server$RpcCall.run(Server.java:1043) [hadoop-common-3.3.4.jar:?]
	at org.apache.hadoop.ipc.Server$RpcCall.run(Server.java:971) [hadoop-common-3.3.4.jar:?]
	at java.security.AccessController.doPrivileged(Native Method) ~[?:1.8.0_352]
	at javax.security.auth.Subject.doAs(Subject.java:422) [?:1.8.0_352]
	at org.apache.hadoop.security.UserGroupInformation.doAs(UserGroupInformation.java:1878) [hadoop-common-3.3.4.jar:?]
	at org.apache.hadoop.ipc.Server$Handler.run(Server.java:2976) [hadoop-common-3.3.4.jar:?]
]]></system-out>
  </testcase>
  <testcase name="testRenameWithNonExistentSource" classname="TestOzoneFileSystem" time="0.003">
    <system-out><![CDATA[2023-01-26 20:33:24,742 [Time-limited test] INFO  ozone.TestOzoneFileSystem (TestOzoneFileSystem.java:testRenameWithNonExistentSource(1147)) - Created destin dir: o3fs://bucket46934.volume38800/root/dir2
2023-01-26 20:33:24,742 [Time-limited test] INFO  ozone.TestOzoneFileSystem (TestOzoneFileSystem.java:testRenameWithNonExistentSource(1149)) - Rename op-> source:o3fs://bucket46934.volume38800/root/dir1 to destin:o3fs://bucket46934.volume38800/root/dir2}
20:33:24.743 [IPC Server handler 11 on default port 35105] ERROR OMAudit - user=runner | ip=127.0.0.1 | op=GET_FILE_STATUS {volume=volume38800, bucket=bucket46934, key=root/dir1, dataSize=0, replicationConfig=null} | ret=FAILURE
org.apache.hadoop.ozone.om.exceptions.OMException: Unable to get file status: volume: volume38800 bucket: bucket46934 key: root/dir1
	at org.apache.hadoop.ozone.om.KeyManagerImpl.getOzoneFileStatus(KeyManagerImpl.java:1301) ~[ozone-manager-1.4.0-SNAPSHOT.jar:?]
	at org.apache.hadoop.ozone.om.KeyManagerImpl.getFileStatus(KeyManagerImpl.java:1219) ~[ozone-manager-1.4.0-SNAPSHOT.jar:?]
	at org.apache.hadoop.ozone.om.OzoneManager.getFileStatus(OzoneManager.java:3498) ~[ozone-manager-1.4.0-SNAPSHOT.jar:?]
	at org.apache.hadoop.ozone.protocolPB.OzoneManagerRequestHandler.getOzoneFileStatus(OzoneManagerRequestHandler.java:913) ~[ozone-manager-1.4.0-SNAPSHOT.jar:?]
	at org.apache.hadoop.ozone.protocolPB.OzoneManagerRequestHandler.handleReadRequest(OzoneManagerRequestHandler.java:233) ~[ozone-manager-1.4.0-SNAPSHOT.jar:?]
	at org.apache.hadoop.ozone.protocolPB.OzoneManagerProtocolServerSideTranslatorPB.submitRequestDirectlyToOM(OzoneManagerProtocolServerSideTranslatorPB.java:276) ~[ozone-manager-1.4.0-SNAPSHOT.jar:?]
	at org.apache.hadoop.ozone.protocolPB.OzoneManagerProtocolServerSideTranslatorPB.processRequest(OzoneManagerProtocolServerSideTranslatorPB.java:205) ~[ozone-manager-1.4.0-SNAPSHOT.jar:?]
	at org.apache.hadoop.hdds.server.OzoneProtocolMessageDispatcher.processRequest(OzoneProtocolMessageDispatcher.java:87) [hdds-server-framework-1.4.0-SNAPSHOT.jar:?]
	at org.apache.hadoop.ozone.protocolPB.OzoneManagerProtocolServerSideTranslatorPB.submitRequest(OzoneManagerProtocolServerSideTranslatorPB.java:147) [ozone-manager-1.4.0-SNAPSHOT.jar:?]
	at org.apache.hadoop.ozone.protocol.proto.OzoneManagerProtocolProtos$OzoneManagerService$2.callBlockingMethod(OzoneManagerProtocolProtos.java) [ozone-interface-client-1.4.0-SNAPSHOT.jar:?]
	at org.apache.hadoop.ipc.ProtobufRpcEngine$Server.processCall(ProtobufRpcEngine.java:465) [hadoop-common-3.3.4.jar:?]
	at org.apache.hadoop.ipc.ProtobufRpcEngine2$Server$ProtoBufRpcInvoker.call(ProtobufRpcEngine2.java:578) [hadoop-common-3.3.4.jar:?]
	at org.apache.hadoop.ipc.ProtobufRpcEngine2$Server$ProtoBufRpcInvoker.call(ProtobufRpcEngine2.java:556) [hadoop-common-3.3.4.jar:?]
	at org.apache.hadoop.ipc.RPC$Server.call(RPC.java:1093) [hadoop-common-3.3.4.jar:?]
	at org.apache.hadoop.ipc.Server$RpcCall.run(Server.java:1043) [hadoop-common-3.3.4.jar:?]
	at org.apache.hadoop.ipc.Server$RpcCall.run(Server.java:971) [hadoop-common-3.3.4.jar:?]
	at java.security.AccessController.doPrivileged(Native Method) ~[?:1.8.0_352]
	at javax.security.auth.Subject.doAs(Subject.java:422) [?:1.8.0_352]
	at org.apache.hadoop.security.UserGroupInformation.doAs(UserGroupInformation.java:1878) [hadoop-common-3.3.4.jar:?]
	at org.apache.hadoop.ipc.Server$Handler.run(Server.java:2976) [hadoop-common-3.3.4.jar:?]
]]></system-out>
  </testcase>
  <testcase name="testRenameToParentDir" classname="TestOzoneFileSystem" time="0.053">
    <system-out><![CDATA[2023-01-26 20:30:03,792 [OM StateMachine ApplyTransaction Thread - 0] INFO  key.OMKeyRequest (OMKeyRequest.java:wrapUncommittedBlocksAsPseudoKey(837)) - Detect allocated but uncommitted blocks [{blockID={containerID=2, localID=111677748019200008}, length=4194304, offset=0, token=null, pipeline=null, createVersion=0, partNumber=0}] in key root_dir/dir1/file2.
20:30:03.796 [IPC Server handler 11 on default port 38181] ERROR OMAudit - user=runner | ip=127.0.0.1 | op=LIST_STATUS {volume=volume83577, bucket=bucket75634, key=root_dir/dir2, dataSize=0, replicationConfig=null} | ret=FAILURE
org.apache.hadoop.ozone.om.exceptions.OMException: Unable to get file status: volume: volume83577 bucket: bucket75634 key: root_dir/dir2
	at org.apache.hadoop.ozone.om.KeyManagerImpl.getOzoneFileStatus(KeyManagerImpl.java:1301) ~[ozone-manager-1.4.0-SNAPSHOT.jar:?]
	at org.apache.hadoop.ozone.om.KeyManagerImpl.getFileStatus(KeyManagerImpl.java:1219) ~[ozone-manager-1.4.0-SNAPSHOT.jar:?]
	at org.apache.hadoop.ozone.om.KeyManagerImpl.listStatus(KeyManagerImpl.java:1585) ~[ozone-manager-1.4.0-SNAPSHOT.jar:?]
	at org.apache.hadoop.ozone.om.OzoneManager.listStatus(OzoneManager.java:3580) ~[ozone-manager-1.4.0-SNAPSHOT.jar:?]
	at org.apache.hadoop.ozone.protocolPB.OzoneManagerRequestHandler.listStatus(OzoneManagerRequestHandler.java:1077) ~[ozone-manager-1.4.0-SNAPSHOT.jar:?]
	at org.apache.hadoop.ozone.protocolPB.OzoneManagerRequestHandler.handleReadRequest(OzoneManagerRequestHandler.java:244) ~[ozone-manager-1.4.0-SNAPSHOT.jar:?]
	at org.apache.hadoop.ozone.protocolPB.OzoneManagerProtocolServerSideTranslatorPB.submitReadRequestToOM(OzoneManagerProtocolServerSideTranslatorPB.java:226) ~[ozone-manager-1.4.0-SNAPSHOT.jar:?]
	at org.apache.hadoop.ozone.protocolPB.OzoneManagerProtocolServerSideTranslatorPB.processRequest(OzoneManagerProtocolServerSideTranslatorPB.java:175) ~[ozone-manager-1.4.0-SNAPSHOT.jar:?]
	at org.apache.hadoop.hdds.server.OzoneProtocolMessageDispatcher.processRequest(OzoneProtocolMessageDispatcher.java:87) [hdds-server-framework-1.4.0-SNAPSHOT.jar:?]
	at org.apache.hadoop.ozone.protocolPB.OzoneManagerProtocolServerSideTranslatorPB.submitRequest(OzoneManagerProtocolServerSideTranslatorPB.java:147) [ozone-manager-1.4.0-SNAPSHOT.jar:?]
	at org.apache.hadoop.ozone.protocol.proto.OzoneManagerProtocolProtos$OzoneManagerService$2.callBlockingMethod(OzoneManagerProtocolProtos.java) [ozone-interface-client-1.4.0-SNAPSHOT.jar:?]
	at org.apache.hadoop.ipc.ProtobufRpcEngine$Server.processCall(ProtobufRpcEngine.java:465) [hadoop-common-3.3.4.jar:?]
	at org.apache.hadoop.ipc.ProtobufRpcEngine2$Server$ProtoBufRpcInvoker.call(ProtobufRpcEngine2.java:578) [hadoop-common-3.3.4.jar:?]
	at org.apache.hadoop.ipc.ProtobufRpcEngine2$Server$ProtoBufRpcInvoker.call(ProtobufRpcEngine2.java:556) [hadoop-common-3.3.4.jar:?]
	at org.apache.hadoop.ipc.RPC$Server.call(RPC.java:1093) [hadoop-common-3.3.4.jar:?]
	at org.apache.hadoop.ipc.Server$RpcCall.run(Server.java:1043) [hadoop-common-3.3.4.jar:?]
	at org.apache.hadoop.ipc.Server$RpcCall.run(Server.java:971) [hadoop-common-3.3.4.jar:?]
	at java.security.AccessController.doPrivileged(Native Method) ~[?:1.8.0_352]
	at javax.security.auth.Subject.doAs(Subject.java:422) [?:1.8.0_352]
	at org.apache.hadoop.security.UserGroupInformation.doAs(UserGroupInformation.java:1878) [hadoop-common-3.3.4.jar:?]
	at org.apache.hadoop.ipc.Server$Handler.run(Server.java:2976) [hadoop-common-3.3.4.jar:?]
20:30:03.810 [IPC Server handler 19 on default port 38181] ERROR OMAudit - user=runner | ip=127.0.0.1 | op=LIST_STATUS {volume=volume83577, bucket=bucket75634, key=root_dir/file2, dataSize=0, replicationConfig=null} | ret=FAILURE
org.apache.hadoop.ozone.om.exceptions.OMException: Unable to get file status: volume: volume83577 bucket: bucket75634 key: root_dir/file2
	at org.apache.hadoop.ozone.om.KeyManagerImpl.getOzoneFileStatus(KeyManagerImpl.java:1301) ~[ozone-manager-1.4.0-SNAPSHOT.jar:?]
	at org.apache.hadoop.ozone.om.KeyManagerImpl.getFileStatus(KeyManagerImpl.java:1219) ~[ozone-manager-1.4.0-SNAPSHOT.jar:?]
	at org.apache.hadoop.ozone.om.KeyManagerImpl.listStatus(KeyManagerImpl.java:1585) ~[ozone-manager-1.4.0-SNAPSHOT.jar:?]
	at org.apache.hadoop.ozone.om.OzoneManager.listStatus(OzoneManager.java:3580) ~[ozone-manager-1.4.0-SNAPSHOT.jar:?]
	at org.apache.hadoop.ozone.protocolPB.OzoneManagerRequestHandler.listStatus(OzoneManagerRequestHandler.java:1077) ~[ozone-manager-1.4.0-SNAPSHOT.jar:?]
	at org.apache.hadoop.ozone.protocolPB.OzoneManagerRequestHandler.handleReadRequest(OzoneManagerRequestHandler.java:244) ~[ozone-manager-1.4.0-SNAPSHOT.jar:?]
	at org.apache.hadoop.ozone.protocolPB.OzoneManagerProtocolServerSideTranslatorPB.submitReadRequestToOM(OzoneManagerProtocolServerSideTranslatorPB.java:226) ~[ozone-manager-1.4.0-SNAPSHOT.jar:?]
	at org.apache.hadoop.ozone.protocolPB.OzoneManagerProtocolServerSideTranslatorPB.processRequest(OzoneManagerProtocolServerSideTranslatorPB.java:175) ~[ozone-manager-1.4.0-SNAPSHOT.jar:?]
	at org.apache.hadoop.hdds.server.OzoneProtocolMessageDispatcher.processRequest(OzoneProtocolMessageDispatcher.java:87) [hdds-server-framework-1.4.0-SNAPSHOT.jar:?]
	at org.apache.hadoop.ozone.protocolPB.OzoneManagerProtocolServerSideTranslatorPB.submitRequest(OzoneManagerProtocolServerSideTranslatorPB.java:147) [ozone-manager-1.4.0-SNAPSHOT.jar:?]
	at org.apache.hadoop.ozone.protocol.proto.OzoneManagerProtocolProtos$OzoneManagerService$2.callBlockingMethod(OzoneManagerProtocolProtos.java) [ozone-interface-client-1.4.0-SNAPSHOT.jar:?]
	at org.apache.hadoop.ipc.ProtobufRpcEngine$Server.processCall(ProtobufRpcEngine.java:465) [hadoop-common-3.3.4.jar:?]
	at org.apache.hadoop.ipc.ProtobufRpcEngine2$Server$ProtoBufRpcInvoker.call(ProtobufRpcEngine2.java:578) [hadoop-common-3.3.4.jar:?]
	at org.apache.hadoop.ipc.ProtobufRpcEngine2$Server$ProtoBufRpcInvoker.call(ProtobufRpcEngine2.java:556) [hadoop-common-3.3.4.jar:?]
	at org.apache.hadoop.ipc.RPC$Server.call(RPC.java:1093) [hadoop-common-3.3.4.jar:?]
	at org.apache.hadoop.ipc.Server$RpcCall.run(Server.java:1043) [hadoop-common-3.3.4.jar:?]
	at org.apache.hadoop.ipc.Server$RpcCall.run(Server.java:971) [hadoop-common-3.3.4.jar:?]
	at java.security.AccessController.doPrivileged(Native Method) ~[?:1.8.0_352]
	at javax.security.auth.Subject.doAs(Subject.java:422) [?:1.8.0_352]
	at org.apache.hadoop.security.UserGroupInformation.doAs(UserGroupInformation.java:1878) [hadoop-common-3.3.4.jar:?]
	at org.apache.hadoop.ipc.Server$Handler.run(Server.java:2976) [hadoop-common-3.3.4.jar:?]
]]></system-out>
  </testcase>
  <testcase name="testRenameToParentDir" classname="TestOzoneFileSystem" time="0.027">
    <system-out><![CDATA[2023-01-26 20:31:14,303 [IPC Server handler 0 on default port 37459] INFO  key.OMKeyRequest (OMKeyRequest.java:wrapUncommittedBlocksAsPseudoKey(837)) - Detect allocated but uncommitted blocks [{blockID={containerID=3, localID=111677748019200008}, length=4194304, offset=0, token=null, pipeline=null, createVersion=0, partNumber=0}] in key root_dir/dir1/file2.
20:31:14.305 [IPC Server handler 3 on default port 37459] ERROR OMAudit - user=runner | ip=127.0.0.1 | op=LIST_STATUS {volume=volume58619, bucket=bucket43836, key=root_dir/dir2, dataSize=0, replicationConfig=null} | ret=FAILURE
org.apache.hadoop.ozone.om.exceptions.OMException: Unable to get file status: volume: volume58619 bucket: bucket43836 key: root_dir/dir2
	at org.apache.hadoop.ozone.om.KeyManagerImpl.getOzoneFileStatus(KeyManagerImpl.java:1301) ~[ozone-manager-1.4.0-SNAPSHOT.jar:?]
	at org.apache.hadoop.ozone.om.KeyManagerImpl.getFileStatus(KeyManagerImpl.java:1219) ~[ozone-manager-1.4.0-SNAPSHOT.jar:?]
	at org.apache.hadoop.ozone.om.KeyManagerImpl.listStatus(KeyManagerImpl.java:1585) ~[ozone-manager-1.4.0-SNAPSHOT.jar:?]
	at org.apache.hadoop.ozone.om.OzoneManager.listStatus(OzoneManager.java:3580) ~[ozone-manager-1.4.0-SNAPSHOT.jar:?]
	at org.apache.hadoop.ozone.protocolPB.OzoneManagerRequestHandler.listStatus(OzoneManagerRequestHandler.java:1077) ~[ozone-manager-1.4.0-SNAPSHOT.jar:?]
	at org.apache.hadoop.ozone.protocolPB.OzoneManagerRequestHandler.handleReadRequest(OzoneManagerRequestHandler.java:244) ~[ozone-manager-1.4.0-SNAPSHOT.jar:?]
	at org.apache.hadoop.ozone.protocolPB.OzoneManagerProtocolServerSideTranslatorPB.submitRequestDirectlyToOM(OzoneManagerProtocolServerSideTranslatorPB.java:276) ~[ozone-manager-1.4.0-SNAPSHOT.jar:?]
	at org.apache.hadoop.ozone.protocolPB.OzoneManagerProtocolServerSideTranslatorPB.processRequest(OzoneManagerProtocolServerSideTranslatorPB.java:205) ~[ozone-manager-1.4.0-SNAPSHOT.jar:?]
	at org.apache.hadoop.hdds.server.OzoneProtocolMessageDispatcher.processRequest(OzoneProtocolMessageDispatcher.java:87) [hdds-server-framework-1.4.0-SNAPSHOT.jar:?]
	at org.apache.hadoop.ozone.protocolPB.OzoneManagerProtocolServerSideTranslatorPB.submitRequest(OzoneManagerProtocolServerSideTranslatorPB.java:147) [ozone-manager-1.4.0-SNAPSHOT.jar:?]
	at org.apache.hadoop.ozone.protocol.proto.OzoneManagerProtocolProtos$OzoneManagerService$2.callBlockingMethod(OzoneManagerProtocolProtos.java) [ozone-interface-client-1.4.0-SNAPSHOT.jar:?]
	at org.apache.hadoop.ipc.ProtobufRpcEngine$Server.processCall(ProtobufRpcEngine.java:465) [hadoop-common-3.3.4.jar:?]
	at org.apache.hadoop.ipc.ProtobufRpcEngine2$Server$ProtoBufRpcInvoker.call(ProtobufRpcEngine2.java:578) [hadoop-common-3.3.4.jar:?]
	at org.apache.hadoop.ipc.ProtobufRpcEngine2$Server$ProtoBufRpcInvoker.call(ProtobufRpcEngine2.java:556) [hadoop-common-3.3.4.jar:?]
	at org.apache.hadoop.ipc.RPC$Server.call(RPC.java:1093) [hadoop-common-3.3.4.jar:?]
	at org.apache.hadoop.ipc.Server$RpcCall.run(Server.java:1043) [hadoop-common-3.3.4.jar:?]
	at org.apache.hadoop.ipc.Server$RpcCall.run(Server.java:971) [hadoop-common-3.3.4.jar:?]
	at java.security.AccessController.doPrivileged(Native Method) ~[?:1.8.0_352]
	at javax.security.auth.Subject.doAs(Subject.java:422) [?:1.8.0_352]
	at org.apache.hadoop.security.UserGroupInformation.doAs(UserGroupInformation.java:1878) [hadoop-common-3.3.4.jar:?]
	at org.apache.hadoop.ipc.Server$Handler.run(Server.java:2976) [hadoop-common-3.3.4.jar:?]
20:31:14.316 [IPC Server handler 13 on default port 37459] ERROR OMAudit - user=runner | ip=127.0.0.1 | op=LIST_STATUS {volume=volume58619, bucket=bucket43836, key=root_dir/file2, dataSize=0, replicationConfig=null} | ret=FAILURE
org.apache.hadoop.ozone.om.exceptions.OMException: Unable to get file status: volume: volume58619 bucket: bucket43836 key: root_dir/file2
	at org.apache.hadoop.ozone.om.KeyManagerImpl.getOzoneFileStatus(KeyManagerImpl.java:1301) ~[ozone-manager-1.4.0-SNAPSHOT.jar:?]
	at org.apache.hadoop.ozone.om.KeyManagerImpl.getFileStatus(KeyManagerImpl.java:1219) ~[ozone-manager-1.4.0-SNAPSHOT.jar:?]
	at org.apache.hadoop.ozone.om.KeyManagerImpl.listStatus(KeyManagerImpl.java:1585) ~[ozone-manager-1.4.0-SNAPSHOT.jar:?]
	at org.apache.hadoop.ozone.om.OzoneManager.listStatus(OzoneManager.java:3580) ~[ozone-manager-1.4.0-SNAPSHOT.jar:?]
	at org.apache.hadoop.ozone.protocolPB.OzoneManagerRequestHandler.listStatus(OzoneManagerRequestHandler.java:1077) ~[ozone-manager-1.4.0-SNAPSHOT.jar:?]
	at org.apache.hadoop.ozone.protocolPB.OzoneManagerRequestHandler.handleReadRequest(OzoneManagerRequestHandler.java:244) ~[ozone-manager-1.4.0-SNAPSHOT.jar:?]
	at org.apache.hadoop.ozone.protocolPB.OzoneManagerProtocolServerSideTranslatorPB.submitRequestDirectlyToOM(OzoneManagerProtocolServerSideTranslatorPB.java:276) ~[ozone-manager-1.4.0-SNAPSHOT.jar:?]
	at org.apache.hadoop.ozone.protocolPB.OzoneManagerProtocolServerSideTranslatorPB.processRequest(OzoneManagerProtocolServerSideTranslatorPB.java:205) ~[ozone-manager-1.4.0-SNAPSHOT.jar:?]
	at org.apache.hadoop.hdds.server.OzoneProtocolMessageDispatcher.processRequest(OzoneProtocolMessageDispatcher.java:87) [hdds-server-framework-1.4.0-SNAPSHOT.jar:?]
	at org.apache.hadoop.ozone.protocolPB.OzoneManagerProtocolServerSideTranslatorPB.submitRequest(OzoneManagerProtocolServerSideTranslatorPB.java:147) [ozone-manager-1.4.0-SNAPSHOT.jar:?]
	at org.apache.hadoop.ozone.protocol.proto.OzoneManagerProtocolProtos$OzoneManagerService$2.callBlockingMethod(OzoneManagerProtocolProtos.java) [ozone-interface-client-1.4.0-SNAPSHOT.jar:?]
	at org.apache.hadoop.ipc.ProtobufRpcEngine$Server.processCall(ProtobufRpcEngine.java:465) [hadoop-common-3.3.4.jar:?]
	at org.apache.hadoop.ipc.ProtobufRpcEngine2$Server$ProtoBufRpcInvoker.call(ProtobufRpcEngine2.java:578) [hadoop-common-3.3.4.jar:?]
	at org.apache.hadoop.ipc.ProtobufRpcEngine2$Server$ProtoBufRpcInvoker.call(ProtobufRpcEngine2.java:556) [hadoop-common-3.3.4.jar:?]
	at org.apache.hadoop.ipc.RPC$Server.call(RPC.java:1093) [hadoop-common-3.3.4.jar:?]
	at org.apache.hadoop.ipc.Server$RpcCall.run(Server.java:1043) [hadoop-common-3.3.4.jar:?]
	at org.apache.hadoop.ipc.Server$RpcCall.run(Server.java:971) [hadoop-common-3.3.4.jar:?]
	at java.security.AccessController.doPrivileged(Native Method) ~[?:1.8.0_352]
	at javax.security.auth.Subject.doAs(Subject.java:422) [?:1.8.0_352]
	at org.apache.hadoop.security.UserGroupInformation.doAs(UserGroupInformation.java:1878) [hadoop-common-3.3.4.jar:?]
	at org.apache.hadoop.ipc.Server$Handler.run(Server.java:2976) [hadoop-common-3.3.4.jar:?]
]]></system-out>
  </testcase>
  <testcase name="testRenameToParentDir" classname="TestOzoneFileSystem" time="0.02">
    <system-out><![CDATA[2023-01-26 20:32:18,746 [OM StateMachine ApplyTransaction Thread - 0] INFO  key.OMKeyRequest (OMKeyRequest.java:wrapUncommittedBlocksAsPseudoKey(837)) - Detect allocated but uncommitted blocks [{blockID={containerID=2, localID=111677748019200008}, length=4194304, offset=0, token=null, pipeline=null, createVersion=0, partNumber=0}] in key root_dir/dir1/file2.
20:32:18.749 [IPC Server handler 6 on default port 38041] ERROR OMAudit - user=runner | ip=127.0.0.1 | op=LIST_STATUS {volume=volume53399, bucket=bucket90109, key=root_dir/dir2, dataSize=0, replicationConfig=null} | ret=FAILURE
org.apache.hadoop.ozone.om.exceptions.OMException: Unable to get file status: volume: volume53399 bucket: bucket90109 key: root_dir/dir2
	at org.apache.hadoop.ozone.om.KeyManagerImpl.getOzoneFileStatus(KeyManagerImpl.java:1301) ~[ozone-manager-1.4.0-SNAPSHOT.jar:?]
	at org.apache.hadoop.ozone.om.KeyManagerImpl.getFileStatus(KeyManagerImpl.java:1219) ~[ozone-manager-1.4.0-SNAPSHOT.jar:?]
	at org.apache.hadoop.ozone.om.KeyManagerImpl.listStatus(KeyManagerImpl.java:1585) ~[ozone-manager-1.4.0-SNAPSHOT.jar:?]
	at org.apache.hadoop.ozone.om.OzoneManager.listStatus(OzoneManager.java:3580) ~[ozone-manager-1.4.0-SNAPSHOT.jar:?]
	at org.apache.hadoop.ozone.protocolPB.OzoneManagerRequestHandler.listStatus(OzoneManagerRequestHandler.java:1077) ~[ozone-manager-1.4.0-SNAPSHOT.jar:?]
	at org.apache.hadoop.ozone.protocolPB.OzoneManagerRequestHandler.handleReadRequest(OzoneManagerRequestHandler.java:244) ~[ozone-manager-1.4.0-SNAPSHOT.jar:?]
	at org.apache.hadoop.ozone.protocolPB.OzoneManagerProtocolServerSideTranslatorPB.submitReadRequestToOM(OzoneManagerProtocolServerSideTranslatorPB.java:226) ~[ozone-manager-1.4.0-SNAPSHOT.jar:?]
	at org.apache.hadoop.ozone.protocolPB.OzoneManagerProtocolServerSideTranslatorPB.processRequest(OzoneManagerProtocolServerSideTranslatorPB.java:175) ~[ozone-manager-1.4.0-SNAPSHOT.jar:?]
	at org.apache.hadoop.hdds.server.OzoneProtocolMessageDispatcher.processRequest(OzoneProtocolMessageDispatcher.java:87) [hdds-server-framework-1.4.0-SNAPSHOT.jar:?]
	at org.apache.hadoop.ozone.protocolPB.OzoneManagerProtocolServerSideTranslatorPB.submitRequest(OzoneManagerProtocolServerSideTranslatorPB.java:147) [ozone-manager-1.4.0-SNAPSHOT.jar:?]
	at org.apache.hadoop.ozone.protocol.proto.OzoneManagerProtocolProtos$OzoneManagerService$2.callBlockingMethod(OzoneManagerProtocolProtos.java) [ozone-interface-client-1.4.0-SNAPSHOT.jar:?]
	at org.apache.hadoop.ipc.ProtobufRpcEngine$Server.processCall(ProtobufRpcEngine.java:465) [hadoop-common-3.3.4.jar:?]
	at org.apache.hadoop.ipc.ProtobufRpcEngine2$Server$ProtoBufRpcInvoker.call(ProtobufRpcEngine2.java:578) [hadoop-common-3.3.4.jar:?]
	at org.apache.hadoop.ipc.ProtobufRpcEngine2$Server$ProtoBufRpcInvoker.call(ProtobufRpcEngine2.java:556) [hadoop-common-3.3.4.jar:?]
	at org.apache.hadoop.ipc.RPC$Server.call(RPC.java:1093) [hadoop-common-3.3.4.jar:?]
	at org.apache.hadoop.ipc.Server$RpcCall.run(Server.java:1043) [hadoop-common-3.3.4.jar:?]
	at org.apache.hadoop.ipc.Server$RpcCall.run(Server.java:971) [hadoop-common-3.3.4.jar:?]
	at java.security.AccessController.doPrivileged(Native Method) ~[?:1.8.0_352]
	at javax.security.auth.Subject.doAs(Subject.java:422) [?:1.8.0_352]
	at org.apache.hadoop.security.UserGroupInformation.doAs(UserGroupInformation.java:1878) [hadoop-common-3.3.4.jar:?]
	at org.apache.hadoop.ipc.Server$Handler.run(Server.java:2976) [hadoop-common-3.3.4.jar:?]
20:32:18.754 [IPC Server handler 12 on default port 38041] ERROR OMAudit - user=runner | ip=127.0.0.1 | op=LIST_STATUS {volume=volume53399, bucket=bucket90109, key=root_dir/file2, dataSize=0, replicationConfig=null} | ret=FAILURE
org.apache.hadoop.ozone.om.exceptions.OMException: Unable to get file status: volume: volume53399 bucket: bucket90109 key: root_dir/file2
	at org.apache.hadoop.ozone.om.KeyManagerImpl.getOzoneFileStatus(KeyManagerImpl.java:1301) ~[ozone-manager-1.4.0-SNAPSHOT.jar:?]
	at org.apache.hadoop.ozone.om.KeyManagerImpl.getFileStatus(KeyManagerImpl.java:1219) ~[ozone-manager-1.4.0-SNAPSHOT.jar:?]
	at org.apache.hadoop.ozone.om.KeyManagerImpl.listStatus(KeyManagerImpl.java:1585) ~[ozone-manager-1.4.0-SNAPSHOT.jar:?]
	at org.apache.hadoop.ozone.om.OzoneManager.listStatus(OzoneManager.java:3580) ~[ozone-manager-1.4.0-SNAPSHOT.jar:?]
	at org.apache.hadoop.ozone.protocolPB.OzoneManagerRequestHandler.listStatus(OzoneManagerRequestHandler.java:1077) ~[ozone-manager-1.4.0-SNAPSHOT.jar:?]
	at org.apache.hadoop.ozone.protocolPB.OzoneManagerRequestHandler.handleReadRequest(OzoneManagerRequestHandler.java:244) ~[ozone-manager-1.4.0-SNAPSHOT.jar:?]
	at org.apache.hadoop.ozone.protocolPB.OzoneManagerProtocolServerSideTranslatorPB.submitReadRequestToOM(OzoneManagerProtocolServerSideTranslatorPB.java:226) ~[ozone-manager-1.4.0-SNAPSHOT.jar:?]
	at org.apache.hadoop.ozone.protocolPB.OzoneManagerProtocolServerSideTranslatorPB.processRequest(OzoneManagerProtocolServerSideTranslatorPB.java:175) ~[ozone-manager-1.4.0-SNAPSHOT.jar:?]
	at org.apache.hadoop.hdds.server.OzoneProtocolMessageDispatcher.processRequest(OzoneProtocolMessageDispatcher.java:87) [hdds-server-framework-1.4.0-SNAPSHOT.jar:?]
	at org.apache.hadoop.ozone.protocolPB.OzoneManagerProtocolServerSideTranslatorPB.submitRequest(OzoneManagerProtocolServerSideTranslatorPB.java:147) [ozone-manager-1.4.0-SNAPSHOT.jar:?]
	at org.apache.hadoop.ozone.protocol.proto.OzoneManagerProtocolProtos$OzoneManagerService$2.callBlockingMethod(OzoneManagerProtocolProtos.java) [ozone-interface-client-1.4.0-SNAPSHOT.jar:?]
	at org.apache.hadoop.ipc.ProtobufRpcEngine$Server.processCall(ProtobufRpcEngine.java:465) [hadoop-common-3.3.4.jar:?]
	at org.apache.hadoop.ipc.ProtobufRpcEngine2$Server$ProtoBufRpcInvoker.call(ProtobufRpcEngine2.java:578) [hadoop-common-3.3.4.jar:?]
	at org.apache.hadoop.ipc.ProtobufRpcEngine2$Server$ProtoBufRpcInvoker.call(ProtobufRpcEngine2.java:556) [hadoop-common-3.3.4.jar:?]
	at org.apache.hadoop.ipc.RPC$Server.call(RPC.java:1093) [hadoop-common-3.3.4.jar:?]
	at org.apache.hadoop.ipc.Server$RpcCall.run(Server.java:1043) [hadoop-common-3.3.4.jar:?]
	at org.apache.hadoop.ipc.Server$RpcCall.run(Server.java:971) [hadoop-common-3.3.4.jar:?]
	at java.security.AccessController.doPrivileged(Native Method) ~[?:1.8.0_352]
	at javax.security.auth.Subject.doAs(Subject.java:422) [?:1.8.0_352]
	at org.apache.hadoop.security.UserGroupInformation.doAs(UserGroupInformation.java:1878) [hadoop-common-3.3.4.jar:?]
	at org.apache.hadoop.ipc.Server$Handler.run(Server.java:2976) [hadoop-common-3.3.4.jar:?]
]]></system-out>
  </testcase>
  <testcase name="testRenameToParentDir" classname="TestOzoneFileSystem" time="0.014">
    <system-out><![CDATA[2023-01-26 20:33:24,750 [IPC Server handler 0 on default port 35105] INFO  key.OMKeyRequest (OMKeyRequest.java:wrapUncommittedBlocksAsPseudoKey(837)) - Detect allocated but uncommitted blocks [{blockID={containerID=2, localID=111677748019200008}, length=4194304, offset=0, token=null, pipeline=null, createVersion=0, partNumber=0}] in key root_dir/dir1/file2.
20:33:24.751 [IPC Server handler 3 on default port 35105] ERROR OMAudit - user=runner | ip=127.0.0.1 | op=LIST_STATUS {volume=volume38800, bucket=bucket46934, key=root_dir/dir2, dataSize=0, replicationConfig=null} | ret=FAILURE
org.apache.hadoop.ozone.om.exceptions.OMException: Unable to get file status: volume: volume38800 bucket: bucket46934 key: root_dir/dir2
	at org.apache.hadoop.ozone.om.KeyManagerImpl.getOzoneFileStatus(KeyManagerImpl.java:1301) ~[ozone-manager-1.4.0-SNAPSHOT.jar:?]
	at org.apache.hadoop.ozone.om.KeyManagerImpl.getFileStatus(KeyManagerImpl.java:1219) ~[ozone-manager-1.4.0-SNAPSHOT.jar:?]
	at org.apache.hadoop.ozone.om.KeyManagerImpl.listStatus(KeyManagerImpl.java:1585) ~[ozone-manager-1.4.0-SNAPSHOT.jar:?]
	at org.apache.hadoop.ozone.om.OzoneManager.listStatus(OzoneManager.java:3580) ~[ozone-manager-1.4.0-SNAPSHOT.jar:?]
	at org.apache.hadoop.ozone.protocolPB.OzoneManagerRequestHandler.listStatus(OzoneManagerRequestHandler.java:1077) ~[ozone-manager-1.4.0-SNAPSHOT.jar:?]
	at org.apache.hadoop.ozone.protocolPB.OzoneManagerRequestHandler.handleReadRequest(OzoneManagerRequestHandler.java:244) ~[ozone-manager-1.4.0-SNAPSHOT.jar:?]
	at org.apache.hadoop.ozone.protocolPB.OzoneManagerProtocolServerSideTranslatorPB.submitRequestDirectlyToOM(OzoneManagerProtocolServerSideTranslatorPB.java:276) ~[ozone-manager-1.4.0-SNAPSHOT.jar:?]
	at org.apache.hadoop.ozone.protocolPB.OzoneManagerProtocolServerSideTranslatorPB.processRequest(OzoneManagerProtocolServerSideTranslatorPB.java:205) ~[ozone-manager-1.4.0-SNAPSHOT.jar:?]
	at org.apache.hadoop.hdds.server.OzoneProtocolMessageDispatcher.processRequest(OzoneProtocolMessageDispatcher.java:87) [hdds-server-framework-1.4.0-SNAPSHOT.jar:?]
	at org.apache.hadoop.ozone.protocolPB.OzoneManagerProtocolServerSideTranslatorPB.submitRequest(OzoneManagerProtocolServerSideTranslatorPB.java:147) [ozone-manager-1.4.0-SNAPSHOT.jar:?]
	at org.apache.hadoop.ozone.protocol.proto.OzoneManagerProtocolProtos$OzoneManagerService$2.callBlockingMethod(OzoneManagerProtocolProtos.java) [ozone-interface-client-1.4.0-SNAPSHOT.jar:?]
	at org.apache.hadoop.ipc.ProtobufRpcEngine$Server.processCall(ProtobufRpcEngine.java:465) [hadoop-common-3.3.4.jar:?]
	at org.apache.hadoop.ipc.ProtobufRpcEngine2$Server$ProtoBufRpcInvoker.call(ProtobufRpcEngine2.java:578) [hadoop-common-3.3.4.jar:?]
	at org.apache.hadoop.ipc.ProtobufRpcEngine2$Server$ProtoBufRpcInvoker.call(ProtobufRpcEngine2.java:556) [hadoop-common-3.3.4.jar:?]
	at org.apache.hadoop.ipc.RPC$Server.call(RPC.java:1093) [hadoop-common-3.3.4.jar:?]
	at org.apache.hadoop.ipc.Server$RpcCall.run(Server.java:1043) [hadoop-common-3.3.4.jar:?]
	at org.apache.hadoop.ipc.Server$RpcCall.run(Server.java:971) [hadoop-common-3.3.4.jar:?]
	at java.security.AccessController.doPrivileged(Native Method) ~[?:1.8.0_352]
	at javax.security.auth.Subject.doAs(Subject.java:422) [?:1.8.0_352]
	at org.apache.hadoop.security.UserGroupInformation.doAs(UserGroupInformation.java:1878) [hadoop-common-3.3.4.jar:?]
	at org.apache.hadoop.ipc.Server$Handler.run(Server.java:2976) [hadoop-common-3.3.4.jar:?]
20:33:24.754 [IPC Server handler 15 on default port 35105] ERROR OMAudit - user=runner | ip=127.0.0.1 | op=LIST_STATUS {volume=volume38800, bucket=bucket46934, key=root_dir/file2, dataSize=0, replicationConfig=null} | ret=FAILURE
org.apache.hadoop.ozone.om.exceptions.OMException: Unable to get file status: volume: volume38800 bucket: bucket46934 key: root_dir/file2
	at org.apache.hadoop.ozone.om.KeyManagerImpl.getOzoneFileStatus(KeyManagerImpl.java:1301) ~[ozone-manager-1.4.0-SNAPSHOT.jar:?]
	at org.apache.hadoop.ozone.om.KeyManagerImpl.getFileStatus(KeyManagerImpl.java:1219) ~[ozone-manager-1.4.0-SNAPSHOT.jar:?]
	at org.apache.hadoop.ozone.om.KeyManagerImpl.listStatus(KeyManagerImpl.java:1585) ~[ozone-manager-1.4.0-SNAPSHOT.jar:?]
	at org.apache.hadoop.ozone.om.OzoneManager.listStatus(OzoneManager.java:3580) ~[ozone-manager-1.4.0-SNAPSHOT.jar:?]
	at org.apache.hadoop.ozone.protocolPB.OzoneManagerRequestHandler.listStatus(OzoneManagerRequestHandler.java:1077) ~[ozone-manager-1.4.0-SNAPSHOT.jar:?]
	at org.apache.hadoop.ozone.protocolPB.OzoneManagerRequestHandler.handleReadRequest(OzoneManagerRequestHandler.java:244) ~[ozone-manager-1.4.0-SNAPSHOT.jar:?]
	at org.apache.hadoop.ozone.protocolPB.OzoneManagerProtocolServerSideTranslatorPB.submitRequestDirectlyToOM(OzoneManagerProtocolServerSideTranslatorPB.java:276) ~[ozone-manager-1.4.0-SNAPSHOT.jar:?]
	at org.apache.hadoop.ozone.protocolPB.OzoneManagerProtocolServerSideTranslatorPB.processRequest(OzoneManagerProtocolServerSideTranslatorPB.java:205) ~[ozone-manager-1.4.0-SNAPSHOT.jar:?]
	at org.apache.hadoop.hdds.server.OzoneProtocolMessageDispatcher.processRequest(OzoneProtocolMessageDispatcher.java:87) [hdds-server-framework-1.4.0-SNAPSHOT.jar:?]
	at org.apache.hadoop.ozone.protocolPB.OzoneManagerProtocolServerSideTranslatorPB.submitRequest(OzoneManagerProtocolServerSideTranslatorPB.java:147) [ozone-manager-1.4.0-SNAPSHOT.jar:?]
	at org.apache.hadoop.ozone.protocol.proto.OzoneManagerProtocolProtos$OzoneManagerService$2.callBlockingMethod(OzoneManagerProtocolProtos.java) [ozone-interface-client-1.4.0-SNAPSHOT.jar:?]
	at org.apache.hadoop.ipc.ProtobufRpcEngine$Server.processCall(ProtobufRpcEngine.java:465) [hadoop-common-3.3.4.jar:?]
	at org.apache.hadoop.ipc.ProtobufRpcEngine2$Server$ProtoBufRpcInvoker.call(ProtobufRpcEngine2.java:578) [hadoop-common-3.3.4.jar:?]
	at org.apache.hadoop.ipc.ProtobufRpcEngine2$Server$ProtoBufRpcInvoker.call(ProtobufRpcEngine2.java:556) [hadoop-common-3.3.4.jar:?]
	at org.apache.hadoop.ipc.RPC$Server.call(RPC.java:1093) [hadoop-common-3.3.4.jar:?]
	at org.apache.hadoop.ipc.Server$RpcCall.run(Server.java:1043) [hadoop-common-3.3.4.jar:?]
	at org.apache.hadoop.ipc.Server$RpcCall.run(Server.java:971) [hadoop-common-3.3.4.jar:?]
	at java.security.AccessController.doPrivileged(Native Method) ~[?:1.8.0_352]
	at javax.security.auth.Subject.doAs(Subject.java:422) [?:1.8.0_352]
	at org.apache.hadoop.security.UserGroupInformation.doAs(UserGroupInformation.java:1878) [hadoop-common-3.3.4.jar:?]
	at org.apache.hadoop.ipc.Server$Handler.run(Server.java:2976) [hadoop-common-3.3.4.jar:?]
]]></system-out>
  </testcase>
  <testcase name="testListStatusOnSubDirs" classname="TestOzoneFileSystem" time="0.044">
    <system-out><![CDATA[2023-01-26 20:30:03,850 [OM StateMachine ApplyTransaction Thread - 0] INFO  key.OMKeyRequest (OMKeyRequest.java:wrapUncommittedBlocksAsPseudoKey(837)) - Detect allocated but uncommitted blocks [{blockID={containerID=1, localID=111677748019200009}, length=4194304, offset=0, token=null, pipeline=null, createVersion=0, partNumber=0}] in key dir1/dir12/file121.
]]></system-out>
  </testcase>
  <testcase name="testListStatusOnSubDirs" classname="TestOzoneFileSystem" time="0.018">
    <system-out><![CDATA[2023-01-26 20:31:14,334 [IPC Server handler 6 on default port 37459] INFO  key.OMKeyRequest (OMKeyRequest.java:wrapUncommittedBlocksAsPseudoKey(837)) - Detect allocated but uncommitted blocks [{blockID={containerID=1, localID=111677748019200009}, length=4194304, offset=0, token=null, pipeline=null, createVersion=0, partNumber=0}] in key dir1/dir12/file121.
]]></system-out>
  </testcase>
  <testcase name="testListStatusOnSubDirs" classname="TestOzoneFileSystem" time="0.014">
    <system-out><![CDATA[2023-01-26 20:32:18,767 [OM StateMachine ApplyTransaction Thread - 0] INFO  key.OMKeyRequest (OMKeyRequest.java:wrapUncommittedBlocksAsPseudoKey(837)) - Detect allocated but uncommitted blocks [{blockID={containerID=1, localID=111677748019200009}, length=4194304, offset=0, token=null, pipeline=null, createVersion=0, partNumber=0}] in key dir1/dir12/file121.
]]></system-out>
  </testcase>
  <testcase name="testListStatusOnSubDirs" classname="TestOzoneFileSystem" time="0.008">
    <system-out><![CDATA[2023-01-26 20:33:24,762 [IPC Server handler 8 on default port 35105] INFO  key.OMKeyRequest (OMKeyRequest.java:wrapUncommittedBlocksAsPseudoKey(837)) - Detect allocated but uncommitted blocks [{blockID={containerID=1, localID=111677748019200009}, length=4194304, offset=0, token=null, pipeline=null, createVersion=0, partNumber=0}] in key dir1/dir12/file121.
]]></system-out>
  </testcase>
  <testcase name="testListStatus" classname="TestOzoneFileSystem" time="0.06">
    <system-out><![CDATA[2023-01-26 20:30:03,885 [OM StateMachine ApplyTransaction Thread - 0] INFO  key.OMKeyRequest (OMKeyRequest.java:wrapUncommittedBlocksAsPseudoKey(837)) - Detect allocated but uncommitted blocks [{blockID={containerID=2, localID=111677748019200010}, length=4194304, offset=0, token=null, pipeline=null, createVersion=0, partNumber=0}] in key testListStatus/key1.
2023-01-26 20:30:03,894 [OM StateMachine ApplyTransaction Thread - 0] INFO  key.OMKeyRequest (OMKeyRequest.java:wrapUncommittedBlocksAsPseudoKey(837)) - Detect allocated but uncommitted blocks [{blockID={containerID=1, localID=111677748019200011}, length=4194304, offset=0, token=null, pipeline=null, createVersion=0, partNumber=0}] in key testListStatus/key2.
2023-01-26 20:30:03,907 [OM StateMachine ApplyTransaction Thread - 0] INFO  key.OMKeyRequest (OMKeyRequest.java:wrapUncommittedBlocksAsPseudoKey(837)) - Detect allocated but uncommitted blocks [{blockID={containerID=2, localID=111677748019200012}, length=4194304, offset=0, token=null, pipeline=null, createVersion=0, partNumber=0}] in key testListStatus/dir1/key3.
2023-01-26 20:30:03,917 [OM StateMachine ApplyTransaction Thread - 0] INFO  key.OMKeyRequest (OMKeyRequest.java:wrapUncommittedBlocksAsPseudoKey(837)) - Detect allocated but uncommitted blocks [{blockID={containerID=1, localID=111677748019200013}, length=4194304, offset=0, token=null, pipeline=null, createVersion=0, partNumber=0}] in key testListStatus/dir1/key4.
]]></system-out>
  </testcase>
  <testcase name="testListStatus" classname="TestOzoneFileSystem" time="0.023">
    <system-out><![CDATA[2023-01-26 20:31:14,349 [IPC Server handler 3 on default port 37459] INFO  key.OMKeyRequest (OMKeyRequest.java:wrapUncommittedBlocksAsPseudoKey(837)) - Detect allocated but uncommitted blocks [{blockID={containerID=2, localID=111677748019200010}, length=4194304, offset=0, token=null, pipeline=null, createVersion=0, partNumber=0}] in key testListStatus/key1.
2023-01-26 20:31:14,352 [IPC Server handler 4 on default port 37459] INFO  key.OMKeyRequest (OMKeyRequest.java:wrapUncommittedBlocksAsPseudoKey(837)) - Detect allocated but uncommitted blocks [{blockID={containerID=3, localID=111677748019200011}, length=4194304, offset=0, token=null, pipeline=null, createVersion=0, partNumber=0}] in key testListStatus/key2.
2023-01-26 20:31:14,357 [IPC Server handler 10 on default port 37459] INFO  key.OMKeyRequest (OMKeyRequest.java:wrapUncommittedBlocksAsPseudoKey(837)) - Detect allocated but uncommitted blocks [{blockID={containerID=2, localID=111677748019200012}, length=4194304, offset=0, token=null, pipeline=null, createVersion=0, partNumber=0}] in key testListStatus/dir1/key3.
2023-01-26 20:31:14,361 [IPC Server handler 11 on default port 37459] INFO  key.OMKeyRequest (OMKeyRequest.java:wrapUncommittedBlocksAsPseudoKey(837)) - Detect allocated but uncommitted blocks [{blockID={containerID=3, localID=111677748019200013}, length=4194304, offset=0, token=null, pipeline=null, createVersion=0, partNumber=0}] in key testListStatus/dir1/key4.
]]></system-out>
  </testcase>
  <testcase name="testListStatus" classname="TestOzoneFileSystem" time="0.02">
    <system-out><![CDATA[2023-01-26 20:32:18,778 [OM StateMachine ApplyTransaction Thread - 0] INFO  key.OMKeyRequest (OMKeyRequest.java:wrapUncommittedBlocksAsPseudoKey(837)) - Detect allocated but uncommitted blocks [{blockID={containerID=2, localID=111677748019200010}, length=4194304, offset=0, token=null, pipeline=null, createVersion=0, partNumber=0}] in key testListStatus/key1.
2023-01-26 20:32:18,782 [OM StateMachine ApplyTransaction Thread - 0] INFO  key.OMKeyRequest (OMKeyRequest.java:wrapUncommittedBlocksAsPseudoKey(837)) - Detect allocated but uncommitted blocks [{blockID={containerID=1, localID=111677748019200011}, length=4194304, offset=0, token=null, pipeline=null, createVersion=0, partNumber=0}] in key testListStatus/key2.
2023-01-26 20:32:18,786 [OM StateMachine ApplyTransaction Thread - 0] INFO  key.OMKeyRequest (OMKeyRequest.java:wrapUncommittedBlocksAsPseudoKey(837)) - Detect allocated but uncommitted blocks [{blockID={containerID=2, localID=111677748019200012}, length=4194304, offset=0, token=null, pipeline=null, createVersion=0, partNumber=0}] in key testListStatus/dir1/key3.
2023-01-26 20:32:18,789 [OM StateMachine ApplyTransaction Thread - 0] INFO  key.OMKeyRequest (OMKeyRequest.java:wrapUncommittedBlocksAsPseudoKey(837)) - Detect allocated but uncommitted blocks [{blockID={containerID=1, localID=111677748019200013}, length=4194304, offset=0, token=null, pipeline=null, createVersion=0, partNumber=0}] in key testListStatus/dir1/key4.
]]></system-out>
  </testcase>
  <testcase name="testListStatus" classname="TestOzoneFileSystem" time="0.019">
    <system-out><![CDATA[2023-01-26 20:33:24,772 [IPC Server handler 3 on default port 35105] INFO  key.OMKeyRequest (OMKeyRequest.java:wrapUncommittedBlocksAsPseudoKey(837)) - Detect allocated but uncommitted blocks [{blockID={containerID=2, localID=111677748019200010}, length=4194304, offset=0, token=null, pipeline=null, createVersion=0, partNumber=0}] in key testListStatus/key1.
2023-01-26 20:33:24,777 [IPC Server handler 5 on default port 35105] INFO  key.OMKeyRequest (OMKeyRequest.java:wrapUncommittedBlocksAsPseudoKey(837)) - Detect allocated but uncommitted blocks [{blockID={containerID=1, localID=111677748019200011}, length=4194304, offset=0, token=null, pipeline=null, createVersion=0, partNumber=0}] in key testListStatus/key2.
2023-01-26 20:33:24,780 [IPC Server handler 9 on default port 35105] INFO  key.OMKeyRequest (OMKeyRequest.java:wrapUncommittedBlocksAsPseudoKey(837)) - Detect allocated but uncommitted blocks [{blockID={containerID=2, localID=111677748019200012}, length=4194304, offset=0, token=null, pipeline=null, createVersion=0, partNumber=0}] in key testListStatus/dir1/key3.
2023-01-26 20:33:24,782 [IPC Server handler 11 on default port 35105] INFO  key.OMKeyRequest (OMKeyRequest.java:wrapUncommittedBlocksAsPseudoKey(837)) - Detect allocated but uncommitted blocks [{blockID={containerID=1, localID=111677748019200013}, length=4194304, offset=0, token=null, pipeline=null, createVersion=0, partNumber=0}] in key testListStatus/dir1/key4.
]]></system-out>
  </testcase>
  <testcase name="testRecursiveDelete" classname="TestOzoneFileSystem" time="0.294">
    <system-out><![CDATA[2023-01-26 20:30:03,946 [OM StateMachine ApplyTransaction Thread - 0] INFO  key.OMKeyRequest (OMKeyRequest.java:wrapUncommittedBlocksAsPseudoKey(837)) - Detect allocated but uncommitted blocks [{blockID={containerID=2, localID=111677748019200014}, length=4194304, offset=0, token=null, pipeline=null, createVersion=0, partNumber=0}] in key gdir1/pdir1/child.
2023-01-26 20:30:03,955 [OM StateMachine ApplyTransaction Thread - 0] INFO  key.OMKeyRequest (OMKeyRequest.java:wrapUncommittedBlocksAsPseudoKey(837)) - Detect allocated but uncommitted blocks [{blockID={containerID=1, localID=111677748019200015}, length=4194304, offset=0, token=null, pipeline=null, createVersion=0, partNumber=0}] in key gdir1/pdir2/child.
2023-01-26 20:30:03,964 [OM StateMachine ApplyTransaction Thread - 0] INFO  key.OMKeyRequest (OMKeyRequest.java:wrapUncommittedBlocksAsPseudoKey(837)) - Detect allocated but uncommitted blocks [{blockID={containerID=2, localID=111677748019200016}, length=4194304, offset=0, token=null, pipeline=null, createVersion=0, partNumber=0}] in key gdir1/pdir3/child.
2023-01-26 20:30:03,973 [OM StateMachine ApplyTransaction Thread - 0] INFO  key.OMKeyRequest (OMKeyRequest.java:wrapUncommittedBlocksAsPseudoKey(837)) - Detect allocated but uncommitted blocks [{blockID={containerID=1, localID=111677748019200017}, length=4194304, offset=0, token=null, pipeline=null, createVersion=0, partNumber=0}] in key gdir1/pdir4/child.
2023-01-26 20:30:03,982 [OM StateMachine ApplyTransaction Thread - 0] INFO  key.OMKeyRequest (OMKeyRequest.java:wrapUncommittedBlocksAsPseudoKey(837)) - Detect allocated but uncommitted blocks [{blockID={containerID=2, localID=111677748019200018}, length=4194304, offset=0, token=null, pipeline=null, createVersion=0, partNumber=0}] in key gdir1/pdir5/child.
2023-01-26 20:30:03,989 [OM StateMachine ApplyTransaction Thread - 0] INFO  key.OMKeyRequest (OMKeyRequest.java:wrapUncommittedBlocksAsPseudoKey(837)) - Detect allocated but uncommitted blocks [{blockID={containerID=1, localID=111677748019200019}, length=4194304, offset=0, token=null, pipeline=null, createVersion=0, partNumber=0}] in key gdir1/pdir6/child.
2023-01-26 20:30:03,998 [OM StateMachine ApplyTransaction Thread - 0] INFO  key.OMKeyRequest (OMKeyRequest.java:wrapUncommittedBlocksAsPseudoKey(837)) - Detect allocated but uncommitted blocks [{blockID={containerID=2, localID=111677748019200020}, length=4194304, offset=0, token=null, pipeline=null, createVersion=0, partNumber=0}] in key gdir1/pdir7/child.
2023-01-26 20:30:04,009 [OM StateMachine ApplyTransaction Thread - 0] INFO  key.OMKeyRequest (OMKeyRequest.java:wrapUncommittedBlocksAsPseudoKey(837)) - Detect allocated but uncommitted blocks [{blockID={containerID=1, localID=111677748019200021}, length=4194304, offset=0, token=null, pipeline=null, createVersion=0, partNumber=0}] in key gdir1/pdir8/child.
2023-01-26 20:30:04,017 [OM StateMachine ApplyTransaction Thread - 0] INFO  key.OMKeyRequest (OMKeyRequest.java:wrapUncommittedBlocksAsPseudoKey(837)) - Detect allocated but uncommitted blocks [{blockID={containerID=2, localID=111677748019200022}, length=4194304, offset=0, token=null, pipeline=null, createVersion=0, partNumber=0}] in key gdir1/pdir9/child.
2023-01-26 20:30:04,027 [OM StateMachine ApplyTransaction Thread - 0] INFO  key.OMKeyRequest (OMKeyRequest.java:wrapUncommittedBlocksAsPseudoKey(837)) - Detect allocated but uncommitted blocks [{blockID={containerID=1, localID=111677748019200023}, length=4194304, offset=0, token=null, pipeline=null, createVersion=0, partNumber=0}] in key gdir1/pdir10/child.
20:30:04.066 [IPC Server handler 0 on default port 38181] ERROR OMAudit - user=runner | ip=127.0.0.1 | op=GET_FILE_STATUS {volume=volume83577, bucket=bucket75634, key=gdir1, dataSize=0, replicationConfig=null} | ret=FAILURE
org.apache.hadoop.ozone.om.exceptions.OMException: Unable to get file status: volume: volume83577 bucket: bucket75634 key: gdir1
	at org.apache.hadoop.ozone.om.KeyManagerImpl.getOzoneFileStatus(KeyManagerImpl.java:1301) ~[ozone-manager-1.4.0-SNAPSHOT.jar:?]
	at org.apache.hadoop.ozone.om.KeyManagerImpl.getFileStatus(KeyManagerImpl.java:1219) ~[ozone-manager-1.4.0-SNAPSHOT.jar:?]
	at org.apache.hadoop.ozone.om.OzoneManager.getFileStatus(OzoneManager.java:3498) ~[ozone-manager-1.4.0-SNAPSHOT.jar:?]
	at org.apache.hadoop.ozone.protocolPB.OzoneManagerRequestHandler.getOzoneFileStatus(OzoneManagerRequestHandler.java:913) ~[ozone-manager-1.4.0-SNAPSHOT.jar:?]
	at org.apache.hadoop.ozone.protocolPB.OzoneManagerRequestHandler.handleReadRequest(OzoneManagerRequestHandler.java:233) ~[ozone-manager-1.4.0-SNAPSHOT.jar:?]
	at org.apache.hadoop.ozone.protocolPB.OzoneManagerProtocolServerSideTranslatorPB.submitReadRequestToOM(OzoneManagerProtocolServerSideTranslatorPB.java:226) ~[ozone-manager-1.4.0-SNAPSHOT.jar:?]
	at org.apache.hadoop.ozone.protocolPB.OzoneManagerProtocolServerSideTranslatorPB.processRequest(OzoneManagerProtocolServerSideTranslatorPB.java:175) ~[ozone-manager-1.4.0-SNAPSHOT.jar:?]
	at org.apache.hadoop.hdds.server.OzoneProtocolMessageDispatcher.processRequest(OzoneProtocolMessageDispatcher.java:87) [hdds-server-framework-1.4.0-SNAPSHOT.jar:?]
	at org.apache.hadoop.ozone.protocolPB.OzoneManagerProtocolServerSideTranslatorPB.submitRequest(OzoneManagerProtocolServerSideTranslatorPB.java:147) [ozone-manager-1.4.0-SNAPSHOT.jar:?]
	at org.apache.hadoop.ozone.protocol.proto.OzoneManagerProtocolProtos$OzoneManagerService$2.callBlockingMethod(OzoneManagerProtocolProtos.java) [ozone-interface-client-1.4.0-SNAPSHOT.jar:?]
	at org.apache.hadoop.ipc.ProtobufRpcEngine$Server.processCall(ProtobufRpcEngine.java:465) [hadoop-common-3.3.4.jar:?]
	at org.apache.hadoop.ipc.ProtobufRpcEngine2$Server$ProtoBufRpcInvoker.call(ProtobufRpcEngine2.java:578) [hadoop-common-3.3.4.jar:?]
	at org.apache.hadoop.ipc.ProtobufRpcEngine2$Server$ProtoBufRpcInvoker.call(ProtobufRpcEngine2.java:556) [hadoop-common-3.3.4.jar:?]
	at org.apache.hadoop.ipc.RPC$Server.call(RPC.java:1093) [hadoop-common-3.3.4.jar:?]
	at org.apache.hadoop.ipc.Server$RpcCall.run(Server.java:1043) [hadoop-common-3.3.4.jar:?]
	at org.apache.hadoop.ipc.Server$RpcCall.run(Server.java:971) [hadoop-common-3.3.4.jar:?]
	at java.security.AccessController.doPrivileged(Native Method) ~[?:1.8.0_352]
	at javax.security.auth.Subject.doAs(Subject.java:422) [?:1.8.0_352]
	at org.apache.hadoop.security.UserGroupInformation.doAs(UserGroupInformation.java:1878) [hadoop-common-3.3.4.jar:?]
	at org.apache.hadoop.ipc.Server$Handler.run(Server.java:2976) [hadoop-common-3.3.4.jar:?]
20:30:04.067 [IPC Server handler 15 on default port 38181] ERROR OMAudit - user=runner | ip=127.0.0.1 | op=GET_FILE_STATUS {volume=volume83577, bucket=bucket75634, key=gdir1/dir1, dataSize=0, replicationConfig=null} | ret=FAILURE
org.apache.hadoop.ozone.om.exceptions.OMException: Unable to get file status: volume: volume83577 bucket: bucket75634 key: gdir1/dir1
	at org.apache.hadoop.ozone.om.KeyManagerImpl.getOzoneFileStatus(KeyManagerImpl.java:1301) ~[ozone-manager-1.4.0-SNAPSHOT.jar:?]
	at org.apache.hadoop.ozone.om.KeyManagerImpl.getFileStatus(KeyManagerImpl.java:1219) ~[ozone-manager-1.4.0-SNAPSHOT.jar:?]
	at org.apache.hadoop.ozone.om.OzoneManager.getFileStatus(OzoneManager.java:3498) ~[ozone-manager-1.4.0-SNAPSHOT.jar:?]
	at org.apache.hadoop.ozone.protocolPB.OzoneManagerRequestHandler.getOzoneFileStatus(OzoneManagerRequestHandler.java:913) ~[ozone-manager-1.4.0-SNAPSHOT.jar:?]
	at org.apache.hadoop.ozone.protocolPB.OzoneManagerRequestHandler.handleReadRequest(OzoneManagerRequestHandler.java:233) ~[ozone-manager-1.4.0-SNAPSHOT.jar:?]
	at org.apache.hadoop.ozone.protocolPB.OzoneManagerProtocolServerSideTranslatorPB.submitReadRequestToOM(OzoneManagerProtocolServerSideTranslatorPB.java:226) ~[ozone-manager-1.4.0-SNAPSHOT.jar:?]
	at org.apache.hadoop.ozone.protocolPB.OzoneManagerProtocolServerSideTranslatorPB.processRequest(OzoneManagerProtocolServerSideTranslatorPB.java:175) ~[ozone-manager-1.4.0-SNAPSHOT.jar:?]
	at org.apache.hadoop.hdds.server.OzoneProtocolMessageDispatcher.processRequest(OzoneProtocolMessageDispatcher.java:87) [hdds-server-framework-1.4.0-SNAPSHOT.jar:?]
	at org.apache.hadoop.ozone.protocolPB.OzoneManagerProtocolServerSideTranslatorPB.submitRequest(OzoneManagerProtocolServerSideTranslatorPB.java:147) [ozone-manager-1.4.0-SNAPSHOT.jar:?]
	at org.apache.hadoop.ozone.protocol.proto.OzoneManagerProtocolProtos$OzoneManagerService$2.callBlockingMethod(OzoneManagerProtocolProtos.java) [ozone-interface-client-1.4.0-SNAPSHOT.jar:?]
	at org.apache.hadoop.ipc.ProtobufRpcEngine$Server.processCall(ProtobufRpcEngine.java:465) [hadoop-common-3.3.4.jar:?]
	at org.apache.hadoop.ipc.ProtobufRpcEngine2$Server$ProtoBufRpcInvoker.call(ProtobufRpcEngine2.java:578) [hadoop-common-3.3.4.jar:?]
	at org.apache.hadoop.ipc.ProtobufRpcEngine2$Server$ProtoBufRpcInvoker.call(ProtobufRpcEngine2.java:556) [hadoop-common-3.3.4.jar:?]
	at org.apache.hadoop.ipc.RPC$Server.call(RPC.java:1093) [hadoop-common-3.3.4.jar:?]
	at org.apache.hadoop.ipc.Server$RpcCall.run(Server.java:1043) [hadoop-common-3.3.4.jar:?]
	at org.apache.hadoop.ipc.Server$RpcCall.run(Server.java:971) [hadoop-common-3.3.4.jar:?]
	at java.security.AccessController.doPrivileged(Native Method) ~[?:1.8.0_352]
	at javax.security.auth.Subject.doAs(Subject.java:422) [?:1.8.0_352]
	at org.apache.hadoop.security.UserGroupInformation.doAs(UserGroupInformation.java:1878) [hadoop-common-3.3.4.jar:?]
	at org.apache.hadoop.ipc.Server$Handler.run(Server.java:2976) [hadoop-common-3.3.4.jar:?]
20:30:04.069 [IPC Server handler 12 on default port 38181] ERROR OMAudit - user=runner | ip=127.0.0.1 | op=GET_FILE_STATUS {volume=volume83577, bucket=bucket75634, key=gdir1/dir1/child, dataSize=0, replicationConfig=null} | ret=FAILURE
org.apache.hadoop.ozone.om.exceptions.OMException: Unable to get file status: volume: volume83577 bucket: bucket75634 key: gdir1/dir1/child
	at org.apache.hadoop.ozone.om.KeyManagerImpl.getOzoneFileStatus(KeyManagerImpl.java:1301) ~[ozone-manager-1.4.0-SNAPSHOT.jar:?]
	at org.apache.hadoop.ozone.om.KeyManagerImpl.getFileStatus(KeyManagerImpl.java:1219) ~[ozone-manager-1.4.0-SNAPSHOT.jar:?]
	at org.apache.hadoop.ozone.om.OzoneManager.getFileStatus(OzoneManager.java:3498) ~[ozone-manager-1.4.0-SNAPSHOT.jar:?]
	at org.apache.hadoop.ozone.protocolPB.OzoneManagerRequestHandler.getOzoneFileStatus(OzoneManagerRequestHandler.java:913) ~[ozone-manager-1.4.0-SNAPSHOT.jar:?]
	at org.apache.hadoop.ozone.protocolPB.OzoneManagerRequestHandler.handleReadRequest(OzoneManagerRequestHandler.java:233) ~[ozone-manager-1.4.0-SNAPSHOT.jar:?]
	at org.apache.hadoop.ozone.protocolPB.OzoneManagerProtocolServerSideTranslatorPB.submitReadRequestToOM(OzoneManagerProtocolServerSideTranslatorPB.java:226) ~[ozone-manager-1.4.0-SNAPSHOT.jar:?]
	at org.apache.hadoop.ozone.protocolPB.OzoneManagerProtocolServerSideTranslatorPB.processRequest(OzoneManagerProtocolServerSideTranslatorPB.java:175) ~[ozone-manager-1.4.0-SNAPSHOT.jar:?]
	at org.apache.hadoop.hdds.server.OzoneProtocolMessageDispatcher.processRequest(OzoneProtocolMessageDispatcher.java:87) [hdds-server-framework-1.4.0-SNAPSHOT.jar:?]
	at org.apache.hadoop.ozone.protocolPB.OzoneManagerProtocolServerSideTranslatorPB.submitRequest(OzoneManagerProtocolServerSideTranslatorPB.java:147) [ozone-manager-1.4.0-SNAPSHOT.jar:?]
	at org.apache.hadoop.ozone.protocol.proto.OzoneManagerProtocolProtos$OzoneManagerService$2.callBlockingMethod(OzoneManagerProtocolProtos.java) [ozone-interface-client-1.4.0-SNAPSHOT.jar:?]
	at org.apache.hadoop.ipc.ProtobufRpcEngine$Server.processCall(ProtobufRpcEngine.java:465) [hadoop-common-3.3.4.jar:?]
	at org.apache.hadoop.ipc.ProtobufRpcEngine2$Server$ProtoBufRpcInvoker.call(ProtobufRpcEngine2.java:578) [hadoop-common-3.3.4.jar:?]
	at org.apache.hadoop.ipc.ProtobufRpcEngine2$Server$ProtoBufRpcInvoker.call(ProtobufRpcEngine2.java:556) [hadoop-common-3.3.4.jar:?]
	at org.apache.hadoop.ipc.RPC$Server.call(RPC.java:1093) [hadoop-common-3.3.4.jar:?]
	at org.apache.hadoop.ipc.Server$RpcCall.run(Server.java:1043) [hadoop-common-3.3.4.jar:?]
	at org.apache.hadoop.ipc.Server$RpcCall.run(Server.java:971) [hadoop-common-3.3.4.jar:?]
	at java.security.AccessController.doPrivileged(Native Method) ~[?:1.8.0_352]
	at javax.security.auth.Subject.doAs(Subject.java:422) [?:1.8.0_352]
	at org.apache.hadoop.security.UserGroupInformation.doAs(UserGroupInformation.java:1878) [hadoop-common-3.3.4.jar:?]
	at org.apache.hadoop.ipc.Server$Handler.run(Server.java:2976) [hadoop-common-3.3.4.jar:?]
20:30:04.070 [IPC Server handler 13 on default port 38181] ERROR OMAudit - user=runner | ip=127.0.0.1 | op=GET_FILE_STATUS {volume=volume83577, bucket=bucket75634, key=gdir1/dir2, dataSize=0, replicationConfig=null} | ret=FAILURE
org.apache.hadoop.ozone.om.exceptions.OMException: Unable to get file status: volume: volume83577 bucket: bucket75634 key: gdir1/dir2
	at org.apache.hadoop.ozone.om.KeyManagerImpl.getOzoneFileStatus(KeyManagerImpl.java:1301) ~[ozone-manager-1.4.0-SNAPSHOT.jar:?]
	at org.apache.hadoop.ozone.om.KeyManagerImpl.getFileStatus(KeyManagerImpl.java:1219) ~[ozone-manager-1.4.0-SNAPSHOT.jar:?]
	at org.apache.hadoop.ozone.om.OzoneManager.getFileStatus(OzoneManager.java:3498) ~[ozone-manager-1.4.0-SNAPSHOT.jar:?]
	at org.apache.hadoop.ozone.protocolPB.OzoneManagerRequestHandler.getOzoneFileStatus(OzoneManagerRequestHandler.java:913) ~[ozone-manager-1.4.0-SNAPSHOT.jar:?]
	at org.apache.hadoop.ozone.protocolPB.OzoneManagerRequestHandler.handleReadRequest(OzoneManagerRequestHandler.java:233) ~[ozone-manager-1.4.0-SNAPSHOT.jar:?]
	at org.apache.hadoop.ozone.protocolPB.OzoneManagerProtocolServerSideTranslatorPB.submitReadRequestToOM(OzoneManagerProtocolServerSideTranslatorPB.java:226) ~[ozone-manager-1.4.0-SNAPSHOT.jar:?]
	at org.apache.hadoop.ozone.protocolPB.OzoneManagerProtocolServerSideTranslatorPB.processRequest(OzoneManagerProtocolServerSideTranslatorPB.java:175) ~[ozone-manager-1.4.0-SNAPSHOT.jar:?]
	at org.apache.hadoop.hdds.server.OzoneProtocolMessageDispatcher.processRequest(OzoneProtocolMessageDispatcher.java:87) [hdds-server-framework-1.4.0-SNAPSHOT.jar:?]
	at org.apache.hadoop.ozone.protocolPB.OzoneManagerProtocolServerSideTranslatorPB.submitRequest(OzoneManagerProtocolServerSideTranslatorPB.java:147) [ozone-manager-1.4.0-SNAPSHOT.jar:?]
	at org.apache.hadoop.ozone.protocol.proto.OzoneManagerProtocolProtos$OzoneManagerService$2.callBlockingMethod(OzoneManagerProtocolProtos.java) [ozone-interface-client-1.4.0-SNAPSHOT.jar:?]
	at org.apache.hadoop.ipc.ProtobufRpcEngine$Server.processCall(ProtobufRpcEngine.java:465) [hadoop-common-3.3.4.jar:?]
	at org.apache.hadoop.ipc.ProtobufRpcEngine2$Server$ProtoBufRpcInvoker.call(ProtobufRpcEngine2.java:578) [hadoop-common-3.3.4.jar:?]
	at org.apache.hadoop.ipc.ProtobufRpcEngine2$Server$ProtoBufRpcInvoker.call(ProtobufRpcEngine2.java:556) [hadoop-common-3.3.4.jar:?]
	at org.apache.hadoop.ipc.RPC$Server.call(RPC.java:1093) [hadoop-common-3.3.4.jar:?]
	at org.apache.hadoop.ipc.Server$RpcCall.run(Server.java:1043) [hadoop-common-3.3.4.jar:?]
	at org.apache.hadoop.ipc.Server$RpcCall.run(Server.java:971) [hadoop-common-3.3.4.jar:?]
	at java.security.AccessController.doPrivileged(Native Method) ~[?:1.8.0_352]
	at javax.security.auth.Subject.doAs(Subject.java:422) [?:1.8.0_352]
	at org.apache.hadoop.security.UserGroupInformation.doAs(UserGroupInformation.java:1878) [hadoop-common-3.3.4.jar:?]
	at org.apache.hadoop.ipc.Server$Handler.run(Server.java:2976) [hadoop-common-3.3.4.jar:?]
20:30:04.071 [IPC Server handler 9 on default port 38181] ERROR OMAudit - user=runner | ip=127.0.0.1 | op=GET_FILE_STATUS {volume=volume83577, bucket=bucket75634, key=gdir1/dir2/child, dataSize=0, replicationConfig=null} | ret=FAILURE
org.apache.hadoop.ozone.om.exceptions.OMException: Unable to get file status: volume: volume83577 bucket: bucket75634 key: gdir1/dir2/child
	at org.apache.hadoop.ozone.om.KeyManagerImpl.getOzoneFileStatus(KeyManagerImpl.java:1301) ~[ozone-manager-1.4.0-SNAPSHOT.jar:?]
	at org.apache.hadoop.ozone.om.KeyManagerImpl.getFileStatus(KeyManagerImpl.java:1219) ~[ozone-manager-1.4.0-SNAPSHOT.jar:?]
	at org.apache.hadoop.ozone.om.OzoneManager.getFileStatus(OzoneManager.java:3498) ~[ozone-manager-1.4.0-SNAPSHOT.jar:?]
	at org.apache.hadoop.ozone.protocolPB.OzoneManagerRequestHandler.getOzoneFileStatus(OzoneManagerRequestHandler.java:913) ~[ozone-manager-1.4.0-SNAPSHOT.jar:?]
	at org.apache.hadoop.ozone.protocolPB.OzoneManagerRequestHandler.handleReadRequest(OzoneManagerRequestHandler.java:233) ~[ozone-manager-1.4.0-SNAPSHOT.jar:?]
	at org.apache.hadoop.ozone.protocolPB.OzoneManagerProtocolServerSideTranslatorPB.submitReadRequestToOM(OzoneManagerProtocolServerSideTranslatorPB.java:226) ~[ozone-manager-1.4.0-SNAPSHOT.jar:?]
	at org.apache.hadoop.ozone.protocolPB.OzoneManagerProtocolServerSideTranslatorPB.processRequest(OzoneManagerProtocolServerSideTranslatorPB.java:175) ~[ozone-manager-1.4.0-SNAPSHOT.jar:?]
	at org.apache.hadoop.hdds.server.OzoneProtocolMessageDispatcher.processRequest(OzoneProtocolMessageDispatcher.java:87) [hdds-server-framework-1.4.0-SNAPSHOT.jar:?]
	at org.apache.hadoop.ozone.protocolPB.OzoneManagerProtocolServerSideTranslatorPB.submitRequest(OzoneManagerProtocolServerSideTranslatorPB.java:147) [ozone-manager-1.4.0-SNAPSHOT.jar:?]
	at org.apache.hadoop.ozone.protocol.proto.OzoneManagerProtocolProtos$OzoneManagerService$2.callBlockingMethod(OzoneManagerProtocolProtos.java) [ozone-interface-client-1.4.0-SNAPSHOT.jar:?]
	at org.apache.hadoop.ipc.ProtobufRpcEngine$Server.processCall(ProtobufRpcEngine.java:465) [hadoop-common-3.3.4.jar:?]
	at org.apache.hadoop.ipc.ProtobufRpcEngine2$Server$ProtoBufRpcInvoker.call(ProtobufRpcEngine2.java:578) [hadoop-common-3.3.4.jar:?]
	at org.apache.hadoop.ipc.ProtobufRpcEngine2$Server$ProtoBufRpcInvoker.call(ProtobufRpcEngine2.java:556) [hadoop-common-3.3.4.jar:?]
	at org.apache.hadoop.ipc.RPC$Server.call(RPC.java:1093) [hadoop-common-3.3.4.jar:?]
	at org.apache.hadoop.ipc.Server$RpcCall.run(Server.java:1043) [hadoop-common-3.3.4.jar:?]
	at org.apache.hadoop.ipc.Server$RpcCall.run(Server.java:971) [hadoop-common-3.3.4.jar:?]
	at java.security.AccessController.doPrivileged(Native Method) ~[?:1.8.0_352]
	at javax.security.auth.Subject.doAs(Subject.java:422) [?:1.8.0_352]
	at org.apache.hadoop.security.UserGroupInformation.doAs(UserGroupInformation.java:1878) [hadoop-common-3.3.4.jar:?]
	at org.apache.hadoop.ipc.Server$Handler.run(Server.java:2976) [hadoop-common-3.3.4.jar:?]
20:30:04.073 [IPC Server handler 11 on default port 38181] ERROR OMAudit - user=runner | ip=127.0.0.1 | op=GET_FILE_STATUS {volume=volume83577, bucket=bucket75634, key=gdir1/dir3, dataSize=0, replicationConfig=null} | ret=FAILURE
org.apache.hadoop.ozone.om.exceptions.OMException: Unable to get file status: volume: volume83577 bucket: bucket75634 key: gdir1/dir3
	at org.apache.hadoop.ozone.om.KeyManagerImpl.getOzoneFileStatus(KeyManagerImpl.java:1301) ~[ozone-manager-1.4.0-SNAPSHOT.jar:?]
	at org.apache.hadoop.ozone.om.KeyManagerImpl.getFileStatus(KeyManagerImpl.java:1219) ~[ozone-manager-1.4.0-SNAPSHOT.jar:?]
	at org.apache.hadoop.ozone.om.OzoneManager.getFileStatus(OzoneManager.java:3498) ~[ozone-manager-1.4.0-SNAPSHOT.jar:?]
	at org.apache.hadoop.ozone.protocolPB.OzoneManagerRequestHandler.getOzoneFileStatus(OzoneManagerRequestHandler.java:913) ~[ozone-manager-1.4.0-SNAPSHOT.jar:?]
	at org.apache.hadoop.ozone.protocolPB.OzoneManagerRequestHandler.handleReadRequest(OzoneManagerRequestHandler.java:233) ~[ozone-manager-1.4.0-SNAPSHOT.jar:?]
	at org.apache.hadoop.ozone.protocolPB.OzoneManagerProtocolServerSideTranslatorPB.submitReadRequestToOM(OzoneManagerProtocolServerSideTranslatorPB.java:226) ~[ozone-manager-1.4.0-SNAPSHOT.jar:?]
	at org.apache.hadoop.ozone.protocolPB.OzoneManagerProtocolServerSideTranslatorPB.processRequest(OzoneManagerProtocolServerSideTranslatorPB.java:175) ~[ozone-manager-1.4.0-SNAPSHOT.jar:?]
	at org.apache.hadoop.hdds.server.OzoneProtocolMessageDispatcher.processRequest(OzoneProtocolMessageDispatcher.java:87) [hdds-server-framework-1.4.0-SNAPSHOT.jar:?]
	at org.apache.hadoop.ozone.protocolPB.OzoneManagerProtocolServerSideTranslatorPB.submitRequest(OzoneManagerProtocolServerSideTranslatorPB.java:147) [ozone-manager-1.4.0-SNAPSHOT.jar:?]
	at org.apache.hadoop.ozone.protocol.proto.OzoneManagerProtocolProtos$OzoneManagerService$2.callBlockingMethod(OzoneManagerProtocolProtos.java) [ozone-interface-client-1.4.0-SNAPSHOT.jar:?]
	at org.apache.hadoop.ipc.ProtobufRpcEngine$Server.processCall(ProtobufRpcEngine.java:465) [hadoop-common-3.3.4.jar:?]
	at org.apache.hadoop.ipc.ProtobufRpcEngine2$Server$ProtoBufRpcInvoker.call(ProtobufRpcEngine2.java:578) [hadoop-common-3.3.4.jar:?]
	at org.apache.hadoop.ipc.ProtobufRpcEngine2$Server$ProtoBufRpcInvoker.call(ProtobufRpcEngine2.java:556) [hadoop-common-3.3.4.jar:?]
	at org.apache.hadoop.ipc.RPC$Server.call(RPC.java:1093) [hadoop-common-3.3.4.jar:?]
	at org.apache.hadoop.ipc.Server$RpcCall.run(Server.java:1043) [hadoop-common-3.3.4.jar:?]
	at org.apache.hadoop.ipc.Server$RpcCall.run(Server.java:971) [hadoop-common-3.3.4.jar:?]
	at java.security.AccessController.doPrivileged(Native Method) ~[?:1.8.0_352]
	at javax.security.auth.Subject.doAs(Subject.java:422) [?:1.8.0_352]
	at org.apache.hadoop.security.UserGroupInformation.doAs(UserGroupInformation.java:1878) [hadoop-common-3.3.4.jar:?]
	at org.apache.hadoop.ipc.Server$Handler.run(Server.java:2976) [hadoop-common-3.3.4.jar:?]
20:30:04.074 [IPC Server handler 5 on default port 38181] ERROR OMAudit - user=runner | ip=127.0.0.1 | op=GET_FILE_STATUS {volume=volume83577, bucket=bucket75634, key=gdir1/dir3/child, dataSize=0, replicationConfig=null} | ret=FAILURE
org.apache.hadoop.ozone.om.exceptions.OMException: Unable to get file status: volume: volume83577 bucket: bucket75634 key: gdir1/dir3/child
	at org.apache.hadoop.ozone.om.KeyManagerImpl.getOzoneFileStatus(KeyManagerImpl.java:1301) ~[ozone-manager-1.4.0-SNAPSHOT.jar:?]
	at org.apache.hadoop.ozone.om.KeyManagerImpl.getFileStatus(KeyManagerImpl.java:1219) ~[ozone-manager-1.4.0-SNAPSHOT.jar:?]
	at org.apache.hadoop.ozone.om.OzoneManager.getFileStatus(OzoneManager.java:3498) ~[ozone-manager-1.4.0-SNAPSHOT.jar:?]
	at org.apache.hadoop.ozone.protocolPB.OzoneManagerRequestHandler.getOzoneFileStatus(OzoneManagerRequestHandler.java:913) ~[ozone-manager-1.4.0-SNAPSHOT.jar:?]
	at org.apache.hadoop.ozone.protocolPB.OzoneManagerRequestHandler.handleReadRequest(OzoneManagerRequestHandler.java:233) ~[ozone-manager-1.4.0-SNAPSHOT.jar:?]
	at org.apache.hadoop.ozone.protocolPB.OzoneManagerProtocolServerSideTranslatorPB.submitReadRequestToOM(OzoneManagerProtocolServerSideTranslatorPB.java:226) ~[ozone-manager-1.4.0-SNAPSHOT.jar:?]
	at org.apache.hadoop.ozone.protocolPB.OzoneManagerProtocolServerSideTranslatorPB.processRequest(OzoneManagerProtocolServerSideTranslatorPB.java:175) ~[ozone-manager-1.4.0-SNAPSHOT.jar:?]
	at org.apache.hadoop.hdds.server.OzoneProtocolMessageDispatcher.processRequest(OzoneProtocolMessageDispatcher.java:87) [hdds-server-framework-1.4.0-SNAPSHOT.jar:?]
	at org.apache.hadoop.ozone.protocolPB.OzoneManagerProtocolServerSideTranslatorPB.submitRequest(OzoneManagerProtocolServerSideTranslatorPB.java:147) [ozone-manager-1.4.0-SNAPSHOT.jar:?]
	at org.apache.hadoop.ozone.protocol.proto.OzoneManagerProtocolProtos$OzoneManagerService$2.callBlockingMethod(OzoneManagerProtocolProtos.java) [ozone-interface-client-1.4.0-SNAPSHOT.jar:?]
	at org.apache.hadoop.ipc.ProtobufRpcEngine$Server.processCall(ProtobufRpcEngine.java:465) [hadoop-common-3.3.4.jar:?]
	at org.apache.hadoop.ipc.ProtobufRpcEngine2$Server$ProtoBufRpcInvoker.call(ProtobufRpcEngine2.java:578) [hadoop-common-3.3.4.jar:?]
	at org.apache.hadoop.ipc.ProtobufRpcEngine2$Server$ProtoBufRpcInvoker.call(ProtobufRpcEngine2.java:556) [hadoop-common-3.3.4.jar:?]
	at org.apache.hadoop.ipc.RPC$Server.call(RPC.java:1093) [hadoop-common-3.3.4.jar:?]
	at org.apache.hadoop.ipc.Server$RpcCall.run(Server.java:1043) [hadoop-common-3.3.4.jar:?]
	at org.apache.hadoop.ipc.Server$RpcCall.run(Server.java:971) [hadoop-common-3.3.4.jar:?]
	at java.security.AccessController.doPrivileged(Native Method) ~[?:1.8.0_352]
	at javax.security.auth.Subject.doAs(Subject.java:422) [?:1.8.0_352]
	at org.apache.hadoop.security.UserGroupInformation.doAs(UserGroupInformation.java:1878) [hadoop-common-3.3.4.jar:?]
	at org.apache.hadoop.ipc.Server$Handler.run(Server.java:2976) [hadoop-common-3.3.4.jar:?]
20:30:04.075 [IPC Server handler 10 on default port 38181] ERROR OMAudit - user=runner | ip=127.0.0.1 | op=GET_FILE_STATUS {volume=volume83577, bucket=bucket75634, key=gdir1/dir4, dataSize=0, replicationConfig=null} | ret=FAILURE
org.apache.hadoop.ozone.om.exceptions.OMException: Unable to get file status: volume: volume83577 bucket: bucket75634 key: gdir1/dir4
	at org.apache.hadoop.ozone.om.KeyManagerImpl.getOzoneFileStatus(KeyManagerImpl.java:1301) ~[ozone-manager-1.4.0-SNAPSHOT.jar:?]
	at org.apache.hadoop.ozone.om.KeyManagerImpl.getFileStatus(KeyManagerImpl.java:1219) ~[ozone-manager-1.4.0-SNAPSHOT.jar:?]
	at org.apache.hadoop.ozone.om.OzoneManager.getFileStatus(OzoneManager.java:3498) ~[ozone-manager-1.4.0-SNAPSHOT.jar:?]
	at org.apache.hadoop.ozone.protocolPB.OzoneManagerRequestHandler.getOzoneFileStatus(OzoneManagerRequestHandler.java:913) ~[ozone-manager-1.4.0-SNAPSHOT.jar:?]
	at org.apache.hadoop.ozone.protocolPB.OzoneManagerRequestHandler.handleReadRequest(OzoneManagerRequestHandler.java:233) ~[ozone-manager-1.4.0-SNAPSHOT.jar:?]
	at org.apache.hadoop.ozone.protocolPB.OzoneManagerProtocolServerSideTranslatorPB.submitReadRequestToOM(OzoneManagerProtocolServerSideTranslatorPB.java:226) ~[ozone-manager-1.4.0-SNAPSHOT.jar:?]
	at org.apache.hadoop.ozone.protocolPB.OzoneManagerProtocolServerSideTranslatorPB.processRequest(OzoneManagerProtocolServerSideTranslatorPB.java:175) ~[ozone-manager-1.4.0-SNAPSHOT.jar:?]
	at org.apache.hadoop.hdds.server.OzoneProtocolMessageDispatcher.processRequest(OzoneProtocolMessageDispatcher.java:87) [hdds-server-framework-1.4.0-SNAPSHOT.jar:?]
	at org.apache.hadoop.ozone.protocolPB.OzoneManagerProtocolServerSideTranslatorPB.submitRequest(OzoneManagerProtocolServerSideTranslatorPB.java:147) [ozone-manager-1.4.0-SNAPSHOT.jar:?]
	at org.apache.hadoop.ozone.protocol.proto.OzoneManagerProtocolProtos$OzoneManagerService$2.callBlockingMethod(OzoneManagerProtocolProtos.java) [ozone-interface-client-1.4.0-SNAPSHOT.jar:?]
	at org.apache.hadoop.ipc.ProtobufRpcEngine$Server.processCall(ProtobufRpcEngine.java:465) [hadoop-common-3.3.4.jar:?]
	at org.apache.hadoop.ipc.ProtobufRpcEngine2$Server$ProtoBufRpcInvoker.call(ProtobufRpcEngine2.java:578) [hadoop-common-3.3.4.jar:?]
	at org.apache.hadoop.ipc.ProtobufRpcEngine2$Server$ProtoBufRpcInvoker.call(ProtobufRpcEngine2.java:556) [hadoop-common-3.3.4.jar:?]
	at org.apache.hadoop.ipc.RPC$Server.call(RPC.java:1093) [hadoop-common-3.3.4.jar:?]
	at org.apache.hadoop.ipc.Server$RpcCall.run(Server.java:1043) [hadoop-common-3.3.4.jar:?]
	at org.apache.hadoop.ipc.Server$RpcCall.run(Server.java:971) [hadoop-common-3.3.4.jar:?]
	at java.security.AccessController.doPrivileged(Native Method) ~[?:1.8.0_352]
	at javax.security.auth.Subject.doAs(Subject.java:422) [?:1.8.0_352]
	at org.apache.hadoop.security.UserGroupInformation.doAs(UserGroupInformation.java:1878) [hadoop-common-3.3.4.jar:?]
	at org.apache.hadoop.ipc.Server$Handler.run(Server.java:2976) [hadoop-common-3.3.4.jar:?]
20:30:04.077 [IPC Server handler 7 on default port 38181] ERROR OMAudit - user=runner | ip=127.0.0.1 | op=GET_FILE_STATUS {volume=volume83577, bucket=bucket75634, key=gdir1/dir4/child, dataSize=0, replicationConfig=null} | ret=FAILURE
org.apache.hadoop.ozone.om.exceptions.OMException: Unable to get file status: volume: volume83577 bucket: bucket75634 key: gdir1/dir4/child
	at org.apache.hadoop.ozone.om.KeyManagerImpl.getOzoneFileStatus(KeyManagerImpl.java:1301) ~[ozone-manager-1.4.0-SNAPSHOT.jar:?]
	at org.apache.hadoop.ozone.om.KeyManagerImpl.getFileStatus(KeyManagerImpl.java:1219) ~[ozone-manager-1.4.0-SNAPSHOT.jar:?]
	at org.apache.hadoop.ozone.om.OzoneManager.getFileStatus(OzoneManager.java:3498) ~[ozone-manager-1.4.0-SNAPSHOT.jar:?]
	at org.apache.hadoop.ozone.protocolPB.OzoneManagerRequestHandler.getOzoneFileStatus(OzoneManagerRequestHandler.java:913) ~[ozone-manager-1.4.0-SNAPSHOT.jar:?]
	at org.apache.hadoop.ozone.protocolPB.OzoneManagerRequestHandler.handleReadRequest(OzoneManagerRequestHandler.java:233) ~[ozone-manager-1.4.0-SNAPSHOT.jar:?]
	at org.apache.hadoop.ozone.protocolPB.OzoneManagerProtocolServerSideTranslatorPB.submitReadRequestToOM(OzoneManagerProtocolServerSideTranslatorPB.java:226) ~[ozone-manager-1.4.0-SNAPSHOT.jar:?]
	at org.apache.hadoop.ozone.protocolPB.OzoneManagerProtocolServerSideTranslatorPB.processRequest(OzoneManagerProtocolServerSideTranslatorPB.java:175) ~[ozone-manager-1.4.0-SNAPSHOT.jar:?]
	at org.apache.hadoop.hdds.server.OzoneProtocolMessageDispatcher.processRequest(OzoneProtocolMessageDispatcher.java:87) [hdds-server-framework-1.4.0-SNAPSHOT.jar:?]
	at org.apache.hadoop.ozone.protocolPB.OzoneManagerProtocolServerSideTranslatorPB.submitRequest(OzoneManagerProtocolServerSideTranslatorPB.java:147) [ozone-manager-1.4.0-SNAPSHOT.jar:?]
	at org.apache.hadoop.ozone.protocol.proto.OzoneManagerProtocolProtos$OzoneManagerService$2.callBlockingMethod(OzoneManagerProtocolProtos.java) [ozone-interface-client-1.4.0-SNAPSHOT.jar:?]
	at org.apache.hadoop.ipc.ProtobufRpcEngine$Server.processCall(ProtobufRpcEngine.java:465) [hadoop-common-3.3.4.jar:?]
	at org.apache.hadoop.ipc.ProtobufRpcEngine2$Server$ProtoBufRpcInvoker.call(ProtobufRpcEngine2.java:578) [hadoop-common-3.3.4.jar:?]
	at org.apache.hadoop.ipc.ProtobufRpcEngine2$Server$ProtoBufRpcInvoker.call(ProtobufRpcEngine2.java:556) [hadoop-common-3.3.4.jar:?]
	at org.apache.hadoop.ipc.RPC$Server.call(RPC.java:1093) [hadoop-common-3.3.4.jar:?]
	at org.apache.hadoop.ipc.Server$RpcCall.run(Server.java:1043) [hadoop-common-3.3.4.jar:?]
	at org.apache.hadoop.ipc.Server$RpcCall.run(Server.java:971) [hadoop-common-3.3.4.jar:?]
	at java.security.AccessController.doPrivileged(Native Method) ~[?:1.8.0_352]
	at javax.security.auth.Subject.doAs(Subject.java:422) [?:1.8.0_352]
	at org.apache.hadoop.security.UserGroupInformation.doAs(UserGroupInformation.java:1878) [hadoop-common-3.3.4.jar:?]
	at org.apache.hadoop.ipc.Server$Handler.run(Server.java:2976) [hadoop-common-3.3.4.jar:?]
20:30:04.078 [IPC Server handler 6 on default port 38181] ERROR OMAudit - user=runner | ip=127.0.0.1 | op=GET_FILE_STATUS {volume=volume83577, bucket=bucket75634, key=gdir1/dir5, dataSize=0, replicationConfig=null} | ret=FAILURE
org.apache.hadoop.ozone.om.exceptions.OMException: Unable to get file status: volume: volume83577 bucket: bucket75634 key: gdir1/dir5
	at org.apache.hadoop.ozone.om.KeyManagerImpl.getOzoneFileStatus(KeyManagerImpl.java:1301) ~[ozone-manager-1.4.0-SNAPSHOT.jar:?]
	at org.apache.hadoop.ozone.om.KeyManagerImpl.getFileStatus(KeyManagerImpl.java:1219) ~[ozone-manager-1.4.0-SNAPSHOT.jar:?]
	at org.apache.hadoop.ozone.om.OzoneManager.getFileStatus(OzoneManager.java:3498) ~[ozone-manager-1.4.0-SNAPSHOT.jar:?]
	at org.apache.hadoop.ozone.protocolPB.OzoneManagerRequestHandler.getOzoneFileStatus(OzoneManagerRequestHandler.java:913) ~[ozone-manager-1.4.0-SNAPSHOT.jar:?]
	at org.apache.hadoop.ozone.protocolPB.OzoneManagerRequestHandler.handleReadRequest(OzoneManagerRequestHandler.java:233) ~[ozone-manager-1.4.0-SNAPSHOT.jar:?]
	at org.apache.hadoop.ozone.protocolPB.OzoneManagerProtocolServerSideTranslatorPB.submitReadRequestToOM(OzoneManagerProtocolServerSideTranslatorPB.java:226) ~[ozone-manager-1.4.0-SNAPSHOT.jar:?]
	at org.apache.hadoop.ozone.protocolPB.OzoneManagerProtocolServerSideTranslatorPB.processRequest(OzoneManagerProtocolServerSideTranslatorPB.java:175) ~[ozone-manager-1.4.0-SNAPSHOT.jar:?]
	at org.apache.hadoop.hdds.server.OzoneProtocolMessageDispatcher.processRequest(OzoneProtocolMessageDispatcher.java:87) [hdds-server-framework-1.4.0-SNAPSHOT.jar:?]
	at org.apache.hadoop.ozone.protocolPB.OzoneManagerProtocolServerSideTranslatorPB.submitRequest(OzoneManagerProtocolServerSideTranslatorPB.java:147) [ozone-manager-1.4.0-SNAPSHOT.jar:?]
	at org.apache.hadoop.ozone.protocol.proto.OzoneManagerProtocolProtos$OzoneManagerService$2.callBlockingMethod(OzoneManagerProtocolProtos.java) [ozone-interface-client-1.4.0-SNAPSHOT.jar:?]
	at org.apache.hadoop.ipc.ProtobufRpcEngine$Server.processCall(ProtobufRpcEngine.java:465) [hadoop-common-3.3.4.jar:?]
	at org.apache.hadoop.ipc.ProtobufRpcEngine2$Server$ProtoBufRpcInvoker.call(ProtobufRpcEngine2.java:578) [hadoop-common-3.3.4.jar:?]
	at org.apache.hadoop.ipc.ProtobufRpcEngine2$Server$ProtoBufRpcInvoker.call(ProtobufRpcEngine2.java:556) [hadoop-common-3.3.4.jar:?]
	at org.apache.hadoop.ipc.RPC$Server.call(RPC.java:1093) [hadoop-common-3.3.4.jar:?]
	at org.apache.hadoop.ipc.Server$RpcCall.run(Server.java:1043) [hadoop-common-3.3.4.jar:?]
	at org.apache.hadoop.ipc.Server$RpcCall.run(Server.java:971) [hadoop-common-3.3.4.jar:?]
	at java.security.AccessController.doPrivileged(Native Method) ~[?:1.8.0_352]
	at javax.security.auth.Subject.doAs(Subject.java:422) [?:1.8.0_352]
	at org.apache.hadoop.security.UserGroupInformation.doAs(UserGroupInformation.java:1878) [hadoop-common-3.3.4.jar:?]
	at org.apache.hadoop.ipc.Server$Handler.run(Server.java:2976) [hadoop-common-3.3.4.jar:?]
20:30:04.080 [IPC Server handler 4 on default port 38181] ERROR OMAudit - user=runner | ip=127.0.0.1 | op=GET_FILE_STATUS {volume=volume83577, bucket=bucket75634, key=gdir1/dir5/child, dataSize=0, replicationConfig=null} | ret=FAILURE
org.apache.hadoop.ozone.om.exceptions.OMException: Unable to get file status: volume: volume83577 bucket: bucket75634 key: gdir1/dir5/child
	at org.apache.hadoop.ozone.om.KeyManagerImpl.getOzoneFileStatus(KeyManagerImpl.java:1301) ~[ozone-manager-1.4.0-SNAPSHOT.jar:?]
	at org.apache.hadoop.ozone.om.KeyManagerImpl.getFileStatus(KeyManagerImpl.java:1219) ~[ozone-manager-1.4.0-SNAPSHOT.jar:?]
	at org.apache.hadoop.ozone.om.OzoneManager.getFileStatus(OzoneManager.java:3498) ~[ozone-manager-1.4.0-SNAPSHOT.jar:?]
	at org.apache.hadoop.ozone.protocolPB.OzoneManagerRequestHandler.getOzoneFileStatus(OzoneManagerRequestHandler.java:913) ~[ozone-manager-1.4.0-SNAPSHOT.jar:?]
	at org.apache.hadoop.ozone.protocolPB.OzoneManagerRequestHandler.handleReadRequest(OzoneManagerRequestHandler.java:233) ~[ozone-manager-1.4.0-SNAPSHOT.jar:?]
	at org.apache.hadoop.ozone.protocolPB.OzoneManagerProtocolServerSideTranslatorPB.submitReadRequestToOM(OzoneManagerProtocolServerSideTranslatorPB.java:226) ~[ozone-manager-1.4.0-SNAPSHOT.jar:?]
	at org.apache.hadoop.ozone.protocolPB.OzoneManagerProtocolServerSideTranslatorPB.processRequest(OzoneManagerProtocolServerSideTranslatorPB.java:175) ~[ozone-manager-1.4.0-SNAPSHOT.jar:?]
	at org.apache.hadoop.hdds.server.OzoneProtocolMessageDispatcher.processRequest(OzoneProtocolMessageDispatcher.java:87) [hdds-server-framework-1.4.0-SNAPSHOT.jar:?]
	at org.apache.hadoop.ozone.protocolPB.OzoneManagerProtocolServerSideTranslatorPB.submitRequest(OzoneManagerProtocolServerSideTranslatorPB.java:147) [ozone-manager-1.4.0-SNAPSHOT.jar:?]
	at org.apache.hadoop.ozone.protocol.proto.OzoneManagerProtocolProtos$OzoneManagerService$2.callBlockingMethod(OzoneManagerProtocolProtos.java) [ozone-interface-client-1.4.0-SNAPSHOT.jar:?]
	at org.apache.hadoop.ipc.ProtobufRpcEngine$Server.processCall(ProtobufRpcEngine.java:465) [hadoop-common-3.3.4.jar:?]
	at org.apache.hadoop.ipc.ProtobufRpcEngine2$Server$ProtoBufRpcInvoker.call(ProtobufRpcEngine2.java:578) [hadoop-common-3.3.4.jar:?]
	at org.apache.hadoop.ipc.ProtobufRpcEngine2$Server$ProtoBufRpcInvoker.call(ProtobufRpcEngine2.java:556) [hadoop-common-3.3.4.jar:?]
	at org.apache.hadoop.ipc.RPC$Server.call(RPC.java:1093) [hadoop-common-3.3.4.jar:?]
	at org.apache.hadoop.ipc.Server$RpcCall.run(Server.java:1043) [hadoop-common-3.3.4.jar:?]
	at org.apache.hadoop.ipc.Server$RpcCall.run(Server.java:971) [hadoop-common-3.3.4.jar:?]
	at java.security.AccessController.doPrivileged(Native Method) ~[?:1.8.0_352]
	at javax.security.auth.Subject.doAs(Subject.java:422) [?:1.8.0_352]
	at org.apache.hadoop.security.UserGroupInformation.doAs(UserGroupInformation.java:1878) [hadoop-common-3.3.4.jar:?]
	at org.apache.hadoop.ipc.Server$Handler.run(Server.java:2976) [hadoop-common-3.3.4.jar:?]
20:30:04.082 [IPC Server handler 3 on default port 38181] ERROR OMAudit - user=runner | ip=127.0.0.1 | op=GET_FILE_STATUS {volume=volume83577, bucket=bucket75634, key=gdir1/dir6, dataSize=0, replicationConfig=null} | ret=FAILURE
org.apache.hadoop.ozone.om.exceptions.OMException: Unable to get file status: volume: volume83577 bucket: bucket75634 key: gdir1/dir6
	at org.apache.hadoop.ozone.om.KeyManagerImpl.getOzoneFileStatus(KeyManagerImpl.java:1301) ~[ozone-manager-1.4.0-SNAPSHOT.jar:?]
	at org.apache.hadoop.ozone.om.KeyManagerImpl.getFileStatus(KeyManagerImpl.java:1219) ~[ozone-manager-1.4.0-SNAPSHOT.jar:?]
	at org.apache.hadoop.ozone.om.OzoneManager.getFileStatus(OzoneManager.java:3498) ~[ozone-manager-1.4.0-SNAPSHOT.jar:?]
	at org.apache.hadoop.ozone.protocolPB.OzoneManagerRequestHandler.getOzoneFileStatus(OzoneManagerRequestHandler.java:913) ~[ozone-manager-1.4.0-SNAPSHOT.jar:?]
	at org.apache.hadoop.ozone.protocolPB.OzoneManagerRequestHandler.handleReadRequest(OzoneManagerRequestHandler.java:233) ~[ozone-manager-1.4.0-SNAPSHOT.jar:?]
	at org.apache.hadoop.ozone.protocolPB.OzoneManagerProtocolServerSideTranslatorPB.submitReadRequestToOM(OzoneManagerProtocolServerSideTranslatorPB.java:226) ~[ozone-manager-1.4.0-SNAPSHOT.jar:?]
	at org.apache.hadoop.ozone.protocolPB.OzoneManagerProtocolServerSideTranslatorPB.processRequest(OzoneManagerProtocolServerSideTranslatorPB.java:175) ~[ozone-manager-1.4.0-SNAPSHOT.jar:?]
	at org.apache.hadoop.hdds.server.OzoneProtocolMessageDispatcher.processRequest(OzoneProtocolMessageDispatcher.java:87) [hdds-server-framework-1.4.0-SNAPSHOT.jar:?]
	at org.apache.hadoop.ozone.protocolPB.OzoneManagerProtocolServerSideTranslatorPB.submitRequest(OzoneManagerProtocolServerSideTranslatorPB.java:147) [ozone-manager-1.4.0-SNAPSHOT.jar:?]
	at org.apache.hadoop.ozone.protocol.proto.OzoneManagerProtocolProtos$OzoneManagerService$2.callBlockingMethod(OzoneManagerProtocolProtos.java) [ozone-interface-client-1.4.0-SNAPSHOT.jar:?]
	at org.apache.hadoop.ipc.ProtobufRpcEngine$Server.processCall(ProtobufRpcEngine.java:465) [hadoop-common-3.3.4.jar:?]
	at org.apache.hadoop.ipc.ProtobufRpcEngine2$Server$ProtoBufRpcInvoker.call(ProtobufRpcEngine2.java:578) [hadoop-common-3.3.4.jar:?]
	at org.apache.hadoop.ipc.ProtobufRpcEngine2$Server$ProtoBufRpcInvoker.call(ProtobufRpcEngine2.java:556) [hadoop-common-3.3.4.jar:?]
	at org.apache.hadoop.ipc.RPC$Server.call(RPC.java:1093) [hadoop-common-3.3.4.jar:?]
	at org.apache.hadoop.ipc.Server$RpcCall.run(Server.java:1043) [hadoop-common-3.3.4.jar:?]
	at org.apache.hadoop.ipc.Server$RpcCall.run(Server.java:971) [hadoop-common-3.3.4.jar:?]
	at java.security.AccessController.doPrivileged(Native Method) ~[?:1.8.0_352]
	at javax.security.auth.Subject.doAs(Subject.java:422) [?:1.8.0_352]
	at org.apache.hadoop.security.UserGroupInformation.doAs(UserGroupInformation.java:1878) [hadoop-common-3.3.4.jar:?]
	at org.apache.hadoop.ipc.Server$Handler.run(Server.java:2976) [hadoop-common-3.3.4.jar:?]
20:30:04.083 [IPC Server handler 1 on default port 38181] ERROR OMAudit - user=runner | ip=127.0.0.1 | op=GET_FILE_STATUS {volume=volume83577, bucket=bucket75634, key=gdir1/dir6/child, dataSize=0, replicationConfig=null} | ret=FAILURE
org.apache.hadoop.ozone.om.exceptions.OMException: Unable to get file status: volume: volume83577 bucket: bucket75634 key: gdir1/dir6/child
	at org.apache.hadoop.ozone.om.KeyManagerImpl.getOzoneFileStatus(KeyManagerImpl.java:1301) ~[ozone-manager-1.4.0-SNAPSHOT.jar:?]
	at org.apache.hadoop.ozone.om.KeyManagerImpl.getFileStatus(KeyManagerImpl.java:1219) ~[ozone-manager-1.4.0-SNAPSHOT.jar:?]
	at org.apache.hadoop.ozone.om.OzoneManager.getFileStatus(OzoneManager.java:3498) ~[ozone-manager-1.4.0-SNAPSHOT.jar:?]
	at org.apache.hadoop.ozone.protocolPB.OzoneManagerRequestHandler.getOzoneFileStatus(OzoneManagerRequestHandler.java:913) ~[ozone-manager-1.4.0-SNAPSHOT.jar:?]
	at org.apache.hadoop.ozone.protocolPB.OzoneManagerRequestHandler.handleReadRequest(OzoneManagerRequestHandler.java:233) ~[ozone-manager-1.4.0-SNAPSHOT.jar:?]
	at org.apache.hadoop.ozone.protocolPB.OzoneManagerProtocolServerSideTranslatorPB.submitReadRequestToOM(OzoneManagerProtocolServerSideTranslatorPB.java:226) ~[ozone-manager-1.4.0-SNAPSHOT.jar:?]
	at org.apache.hadoop.ozone.protocolPB.OzoneManagerProtocolServerSideTranslatorPB.processRequest(OzoneManagerProtocolServerSideTranslatorPB.java:175) ~[ozone-manager-1.4.0-SNAPSHOT.jar:?]
	at org.apache.hadoop.hdds.server.OzoneProtocolMessageDispatcher.processRequest(OzoneProtocolMessageDispatcher.java:87) [hdds-server-framework-1.4.0-SNAPSHOT.jar:?]
	at org.apache.hadoop.ozone.protocolPB.OzoneManagerProtocolServerSideTranslatorPB.submitRequest(OzoneManagerProtocolServerSideTranslatorPB.java:147) [ozone-manager-1.4.0-SNAPSHOT.jar:?]
	at org.apache.hadoop.ozone.protocol.proto.OzoneManagerProtocolProtos$OzoneManagerService$2.callBlockingMethod(OzoneManagerProtocolProtos.java) [ozone-interface-client-1.4.0-SNAPSHOT.jar:?]
	at org.apache.hadoop.ipc.ProtobufRpcEngine$Server.processCall(ProtobufRpcEngine.java:465) [hadoop-common-3.3.4.jar:?]
	at org.apache.hadoop.ipc.ProtobufRpcEngine2$Server$ProtoBufRpcInvoker.call(ProtobufRpcEngine2.java:578) [hadoop-common-3.3.4.jar:?]
	at org.apache.hadoop.ipc.ProtobufRpcEngine2$Server$ProtoBufRpcInvoker.call(ProtobufRpcEngine2.java:556) [hadoop-common-3.3.4.jar:?]
	at org.apache.hadoop.ipc.RPC$Server.call(RPC.java:1093) [hadoop-common-3.3.4.jar:?]
	at org.apache.hadoop.ipc.Server$RpcCall.run(Server.java:1043) [hadoop-common-3.3.4.jar:?]
	at org.apache.hadoop.ipc.Server$RpcCall.run(Server.java:971) [hadoop-common-3.3.4.jar:?]
	at java.security.AccessController.doPrivileged(Native Method) ~[?:1.8.0_352]
	at javax.security.auth.Subject.doAs(Subject.java:422) [?:1.8.0_352]
	at org.apache.hadoop.security.UserGroupInformation.doAs(UserGroupInformation.java:1878) [hadoop-common-3.3.4.jar:?]
	at org.apache.hadoop.ipc.Server$Handler.run(Server.java:2976) [hadoop-common-3.3.4.jar:?]
20:30:04.084 [IPC Server handler 2 on default port 38181] ERROR OMAudit - user=runner | ip=127.0.0.1 | op=GET_FILE_STATUS {volume=volume83577, bucket=bucket75634, key=gdir1/dir7, dataSize=0, replicationConfig=null} | ret=FAILURE
org.apache.hadoop.ozone.om.exceptions.OMException: Unable to get file status: volume: volume83577 bucket: bucket75634 key: gdir1/dir7
	at org.apache.hadoop.ozone.om.KeyManagerImpl.getOzoneFileStatus(KeyManagerImpl.java:1301) ~[ozone-manager-1.4.0-SNAPSHOT.jar:?]
	at org.apache.hadoop.ozone.om.KeyManagerImpl.getFileStatus(KeyManagerImpl.java:1219) ~[ozone-manager-1.4.0-SNAPSHOT.jar:?]
	at org.apache.hadoop.ozone.om.OzoneManager.getFileStatus(OzoneManager.java:3498) ~[ozone-manager-1.4.0-SNAPSHOT.jar:?]
	at org.apache.hadoop.ozone.protocolPB.OzoneManagerRequestHandler.getOzoneFileStatus(OzoneManagerRequestHandler.java:913) ~[ozone-manager-1.4.0-SNAPSHOT.jar:?]
	at org.apache.hadoop.ozone.protocolPB.OzoneManagerRequestHandler.handleReadRequest(OzoneManagerRequestHandler.java:233) ~[ozone-manager-1.4.0-SNAPSHOT.jar:?]
	at org.apache.hadoop.ozone.protocolPB.OzoneManagerProtocolServerSideTranslatorPB.submitReadRequestToOM(OzoneManagerProtocolServerSideTranslatorPB.java:226) ~[ozone-manager-1.4.0-SNAPSHOT.jar:?]
	at org.apache.hadoop.ozone.protocolPB.OzoneManagerProtocolServerSideTranslatorPB.processRequest(OzoneManagerProtocolServerSideTranslatorPB.java:175) ~[ozone-manager-1.4.0-SNAPSHOT.jar:?]
	at org.apache.hadoop.hdds.server.OzoneProtocolMessageDispatcher.processRequest(OzoneProtocolMessageDispatcher.java:87) [hdds-server-framework-1.4.0-SNAPSHOT.jar:?]
	at org.apache.hadoop.ozone.protocolPB.OzoneManagerProtocolServerSideTranslatorPB.submitRequest(OzoneManagerProtocolServerSideTranslatorPB.java:147) [ozone-manager-1.4.0-SNAPSHOT.jar:?]
	at org.apache.hadoop.ozone.protocol.proto.OzoneManagerProtocolProtos$OzoneManagerService$2.callBlockingMethod(OzoneManagerProtocolProtos.java) [ozone-interface-client-1.4.0-SNAPSHOT.jar:?]
	at org.apache.hadoop.ipc.ProtobufRpcEngine$Server.processCall(ProtobufRpcEngine.java:465) [hadoop-common-3.3.4.jar:?]
	at org.apache.hadoop.ipc.ProtobufRpcEngine2$Server$ProtoBufRpcInvoker.call(ProtobufRpcEngine2.java:578) [hadoop-common-3.3.4.jar:?]
	at org.apache.hadoop.ipc.ProtobufRpcEngine2$Server$ProtoBufRpcInvoker.call(ProtobufRpcEngine2.java:556) [hadoop-common-3.3.4.jar:?]
	at org.apache.hadoop.ipc.RPC$Server.call(RPC.java:1093) [hadoop-common-3.3.4.jar:?]
	at org.apache.hadoop.ipc.Server$RpcCall.run(Server.java:1043) [hadoop-common-3.3.4.jar:?]
	at org.apache.hadoop.ipc.Server$RpcCall.run(Server.java:971) [hadoop-common-3.3.4.jar:?]
	at java.security.AccessController.doPrivileged(Native Method) ~[?:1.8.0_352]
	at javax.security.auth.Subject.doAs(Subject.java:422) [?:1.8.0_352]
	at org.apache.hadoop.security.UserGroupInformation.doAs(UserGroupInformation.java:1878) [hadoop-common-3.3.4.jar:?]
	at org.apache.hadoop.ipc.Server$Handler.run(Server.java:2976) [hadoop-common-3.3.4.jar:?]
20:30:04.085 [IPC Server handler 19 on default port 38181] ERROR OMAudit - user=runner | ip=127.0.0.1 | op=GET_FILE_STATUS {volume=volume83577, bucket=bucket75634, key=gdir1/dir7/child, dataSize=0, replicationConfig=null} | ret=FAILURE
org.apache.hadoop.ozone.om.exceptions.OMException: Unable to get file status: volume: volume83577 bucket: bucket75634 key: gdir1/dir7/child
	at org.apache.hadoop.ozone.om.KeyManagerImpl.getOzoneFileStatus(KeyManagerImpl.java:1301) ~[ozone-manager-1.4.0-SNAPSHOT.jar:?]
	at org.apache.hadoop.ozone.om.KeyManagerImpl.getFileStatus(KeyManagerImpl.java:1219) ~[ozone-manager-1.4.0-SNAPSHOT.jar:?]
	at org.apache.hadoop.ozone.om.OzoneManager.getFileStatus(OzoneManager.java:3498) ~[ozone-manager-1.4.0-SNAPSHOT.jar:?]
	at org.apache.hadoop.ozone.protocolPB.OzoneManagerRequestHandler.getOzoneFileStatus(OzoneManagerRequestHandler.java:913) ~[ozone-manager-1.4.0-SNAPSHOT.jar:?]
	at org.apache.hadoop.ozone.protocolPB.OzoneManagerRequestHandler.handleReadRequest(OzoneManagerRequestHandler.java:233) ~[ozone-manager-1.4.0-SNAPSHOT.jar:?]
	at org.apache.hadoop.ozone.protocolPB.OzoneManagerProtocolServerSideTranslatorPB.submitReadRequestToOM(OzoneManagerProtocolServerSideTranslatorPB.java:226) ~[ozone-manager-1.4.0-SNAPSHOT.jar:?]
	at org.apache.hadoop.ozone.protocolPB.OzoneManagerProtocolServerSideTranslatorPB.processRequest(OzoneManagerProtocolServerSideTranslatorPB.java:175) ~[ozone-manager-1.4.0-SNAPSHOT.jar:?]
	at org.apache.hadoop.hdds.server.OzoneProtocolMessageDispatcher.processRequest(OzoneProtocolMessageDispatcher.java:87) [hdds-server-framework-1.4.0-SNAPSHOT.jar:?]
	at org.apache.hadoop.ozone.protocolPB.OzoneManagerProtocolServerSideTranslatorPB.submitRequest(OzoneManagerProtocolServerSideTranslatorPB.java:147) [ozone-manager-1.4.0-SNAPSHOT.jar:?]
	at org.apache.hadoop.ozone.protocol.proto.OzoneManagerProtocolProtos$OzoneManagerService$2.callBlockingMethod(OzoneManagerProtocolProtos.java) [ozone-interface-client-1.4.0-SNAPSHOT.jar:?]
	at org.apache.hadoop.ipc.ProtobufRpcEngine$Server.processCall(ProtobufRpcEngine.java:465) [hadoop-common-3.3.4.jar:?]
	at org.apache.hadoop.ipc.ProtobufRpcEngine2$Server$ProtoBufRpcInvoker.call(ProtobufRpcEngine2.java:578) [hadoop-common-3.3.4.jar:?]
	at org.apache.hadoop.ipc.ProtobufRpcEngine2$Server$ProtoBufRpcInvoker.call(ProtobufRpcEngine2.java:556) [hadoop-common-3.3.4.jar:?]
	at org.apache.hadoop.ipc.RPC$Server.call(RPC.java:1093) [hadoop-common-3.3.4.jar:?]
	at org.apache.hadoop.ipc.Server$RpcCall.run(Server.java:1043) [hadoop-common-3.3.4.jar:?]
	at org.apache.hadoop.ipc.Server$RpcCall.run(Server.java:971) [hadoop-common-3.3.4.jar:?]
	at java.security.AccessController.doPrivileged(Native Method) ~[?:1.8.0_352]
	at javax.security.auth.Subject.doAs(Subject.java:422) [?:1.8.0_352]
	at org.apache.hadoop.security.UserGroupInformation.doAs(UserGroupInformation.java:1878) [hadoop-common-3.3.4.jar:?]
	at org.apache.hadoop.ipc.Server$Handler.run(Server.java:2976) [hadoop-common-3.3.4.jar:?]
20:30:04.088 [IPC Server handler 8 on default port 38181] ERROR OMAudit - user=runner | ip=127.0.0.1 | op=GET_FILE_STATUS {volume=volume83577, bucket=bucket75634, key=gdir1/dir8, dataSize=0, replicationConfig=null} | ret=FAILURE
org.apache.hadoop.ozone.om.exceptions.OMException: Unable to get file status: volume: volume83577 bucket: bucket75634 key: gdir1/dir8
	at org.apache.hadoop.ozone.om.KeyManagerImpl.getOzoneFileStatus(KeyManagerImpl.java:1301) ~[ozone-manager-1.4.0-SNAPSHOT.jar:?]
	at org.apache.hadoop.ozone.om.KeyManagerImpl.getFileStatus(KeyManagerImpl.java:1219) ~[ozone-manager-1.4.0-SNAPSHOT.jar:?]
	at org.apache.hadoop.ozone.om.OzoneManager.getFileStatus(OzoneManager.java:3498) ~[ozone-manager-1.4.0-SNAPSHOT.jar:?]
	at org.apache.hadoop.ozone.protocolPB.OzoneManagerRequestHandler.getOzoneFileStatus(OzoneManagerRequestHandler.java:913) ~[ozone-manager-1.4.0-SNAPSHOT.jar:?]
	at org.apache.hadoop.ozone.protocolPB.OzoneManagerRequestHandler.handleReadRequest(OzoneManagerRequestHandler.java:233) ~[ozone-manager-1.4.0-SNAPSHOT.jar:?]
	at org.apache.hadoop.ozone.protocolPB.OzoneManagerProtocolServerSideTranslatorPB.submitReadRequestToOM(OzoneManagerProtocolServerSideTranslatorPB.java:226) ~[ozone-manager-1.4.0-SNAPSHOT.jar:?]
	at org.apache.hadoop.ozone.protocolPB.OzoneManagerProtocolServerSideTranslatorPB.processRequest(OzoneManagerProtocolServerSideTranslatorPB.java:175) ~[ozone-manager-1.4.0-SNAPSHOT.jar:?]
	at org.apache.hadoop.hdds.server.OzoneProtocolMessageDispatcher.processRequest(OzoneProtocolMessageDispatcher.java:87) [hdds-server-framework-1.4.0-SNAPSHOT.jar:?]
	at org.apache.hadoop.ozone.protocolPB.OzoneManagerProtocolServerSideTranslatorPB.submitRequest(OzoneManagerProtocolServerSideTranslatorPB.java:147) [ozone-manager-1.4.0-SNAPSHOT.jar:?]
	at org.apache.hadoop.ozone.protocol.proto.OzoneManagerProtocolProtos$OzoneManagerService$2.callBlockingMethod(OzoneManagerProtocolProtos.java) [ozone-interface-client-1.4.0-SNAPSHOT.jar:?]
	at org.apache.hadoop.ipc.ProtobufRpcEngine$Server.processCall(ProtobufRpcEngine.java:465) [hadoop-common-3.3.4.jar:?]
	at org.apache.hadoop.ipc.ProtobufRpcEngine2$Server$ProtoBufRpcInvoker.call(ProtobufRpcEngine2.java:578) [hadoop-common-3.3.4.jar:?]
	at org.apache.hadoop.ipc.ProtobufRpcEngine2$Server$ProtoBufRpcInvoker.call(ProtobufRpcEngine2.java:556) [hadoop-common-3.3.4.jar:?]
	at org.apache.hadoop.ipc.RPC$Server.call(RPC.java:1093) [hadoop-common-3.3.4.jar:?]
	at org.apache.hadoop.ipc.Server$RpcCall.run(Server.java:1043) [hadoop-common-3.3.4.jar:?]
	at org.apache.hadoop.ipc.Server$RpcCall.run(Server.java:971) [hadoop-common-3.3.4.jar:?]
	at java.security.AccessController.doPrivileged(Native Method) ~[?:1.8.0_352]
	at javax.security.auth.Subject.doAs(Subject.java:422) [?:1.8.0_352]
	at org.apache.hadoop.security.UserGroupInformation.doAs(UserGroupInformation.java:1878) [hadoop-common-3.3.4.jar:?]
	at org.apache.hadoop.ipc.Server$Handler.run(Server.java:2976) [hadoop-common-3.3.4.jar:?]
20:30:04.089 [IPC Server handler 18 on default port 38181] ERROR OMAudit - user=runner | ip=127.0.0.1 | op=GET_FILE_STATUS {volume=volume83577, bucket=bucket75634, key=gdir1/dir8/child, dataSize=0, replicationConfig=null} | ret=FAILURE
org.apache.hadoop.ozone.om.exceptions.OMException: Unable to get file status: volume: volume83577 bucket: bucket75634 key: gdir1/dir8/child
	at org.apache.hadoop.ozone.om.KeyManagerImpl.getOzoneFileStatus(KeyManagerImpl.java:1301) ~[ozone-manager-1.4.0-SNAPSHOT.jar:?]
	at org.apache.hadoop.ozone.om.KeyManagerImpl.getFileStatus(KeyManagerImpl.java:1219) ~[ozone-manager-1.4.0-SNAPSHOT.jar:?]
	at org.apache.hadoop.ozone.om.OzoneManager.getFileStatus(OzoneManager.java:3498) ~[ozone-manager-1.4.0-SNAPSHOT.jar:?]
	at org.apache.hadoop.ozone.protocolPB.OzoneManagerRequestHandler.getOzoneFileStatus(OzoneManagerRequestHandler.java:913) ~[ozone-manager-1.4.0-SNAPSHOT.jar:?]
	at org.apache.hadoop.ozone.protocolPB.OzoneManagerRequestHandler.handleReadRequest(OzoneManagerRequestHandler.java:233) ~[ozone-manager-1.4.0-SNAPSHOT.jar:?]
	at org.apache.hadoop.ozone.protocolPB.OzoneManagerProtocolServerSideTranslatorPB.submitReadRequestToOM(OzoneManagerProtocolServerSideTranslatorPB.java:226) ~[ozone-manager-1.4.0-SNAPSHOT.jar:?]
	at org.apache.hadoop.ozone.protocolPB.OzoneManagerProtocolServerSideTranslatorPB.processRequest(OzoneManagerProtocolServerSideTranslatorPB.java:175) ~[ozone-manager-1.4.0-SNAPSHOT.jar:?]
	at org.apache.hadoop.hdds.server.OzoneProtocolMessageDispatcher.processRequest(OzoneProtocolMessageDispatcher.java:87) [hdds-server-framework-1.4.0-SNAPSHOT.jar:?]
	at org.apache.hadoop.ozone.protocolPB.OzoneManagerProtocolServerSideTranslatorPB.submitRequest(OzoneManagerProtocolServerSideTranslatorPB.java:147) [ozone-manager-1.4.0-SNAPSHOT.jar:?]
	at org.apache.hadoop.ozone.protocol.proto.OzoneManagerProtocolProtos$OzoneManagerService$2.callBlockingMethod(OzoneManagerProtocolProtos.java) [ozone-interface-client-1.4.0-SNAPSHOT.jar:?]
	at org.apache.hadoop.ipc.ProtobufRpcEngine$Server.processCall(ProtobufRpcEngine.java:465) [hadoop-common-3.3.4.jar:?]
	at org.apache.hadoop.ipc.ProtobufRpcEngine2$Server$ProtoBufRpcInvoker.call(ProtobufRpcEngine2.java:578) [hadoop-common-3.3.4.jar:?]
	at org.apache.hadoop.ipc.ProtobufRpcEngine2$Server$ProtoBufRpcInvoker.call(ProtobufRpcEngine2.java:556) [hadoop-common-3.3.4.jar:?]
	at org.apache.hadoop.ipc.RPC$Server.call(RPC.java:1093) [hadoop-common-3.3.4.jar:?]
	at org.apache.hadoop.ipc.Server$RpcCall.run(Server.java:1043) [hadoop-common-3.3.4.jar:?]
	at org.apache.hadoop.ipc.Server$RpcCall.run(Server.java:971) [hadoop-common-3.3.4.jar:?]
	at java.security.AccessController.doPrivileged(Native Method) ~[?:1.8.0_352]
	at javax.security.auth.Subject.doAs(Subject.java:422) [?:1.8.0_352]
	at org.apache.hadoop.security.UserGroupInformation.doAs(UserGroupInformation.java:1878) [hadoop-common-3.3.4.jar:?]
	at org.apache.hadoop.ipc.Server$Handler.run(Server.java:2976) [hadoop-common-3.3.4.jar:?]
20:30:04.091 [IPC Server handler 17 on default port 38181] ERROR OMAudit - user=runner | ip=127.0.0.1 | op=GET_FILE_STATUS {volume=volume83577, bucket=bucket75634, key=gdir1/dir9, dataSize=0, replicationConfig=null} | ret=FAILURE
org.apache.hadoop.ozone.om.exceptions.OMException: Unable to get file status: volume: volume83577 bucket: bucket75634 key: gdir1/dir9
	at org.apache.hadoop.ozone.om.KeyManagerImpl.getOzoneFileStatus(KeyManagerImpl.java:1301) ~[ozone-manager-1.4.0-SNAPSHOT.jar:?]
	at org.apache.hadoop.ozone.om.KeyManagerImpl.getFileStatus(KeyManagerImpl.java:1219) ~[ozone-manager-1.4.0-SNAPSHOT.jar:?]
	at org.apache.hadoop.ozone.om.OzoneManager.getFileStatus(OzoneManager.java:3498) ~[ozone-manager-1.4.0-SNAPSHOT.jar:?]
	at org.apache.hadoop.ozone.protocolPB.OzoneManagerRequestHandler.getOzoneFileStatus(OzoneManagerRequestHandler.java:913) ~[ozone-manager-1.4.0-SNAPSHOT.jar:?]
	at org.apache.hadoop.ozone.protocolPB.OzoneManagerRequestHandler.handleReadRequest(OzoneManagerRequestHandler.java:233) ~[ozone-manager-1.4.0-SNAPSHOT.jar:?]
	at org.apache.hadoop.ozone.protocolPB.OzoneManagerProtocolServerSideTranslatorPB.submitReadRequestToOM(OzoneManagerProtocolServerSideTranslatorPB.java:226) ~[ozone-manager-1.4.0-SNAPSHOT.jar:?]
	at org.apache.hadoop.ozone.protocolPB.OzoneManagerProtocolServerSideTranslatorPB.processRequest(OzoneManagerProtocolServerSideTranslatorPB.java:175) ~[ozone-manager-1.4.0-SNAPSHOT.jar:?]
	at org.apache.hadoop.hdds.server.OzoneProtocolMessageDispatcher.processRequest(OzoneProtocolMessageDispatcher.java:87) [hdds-server-framework-1.4.0-SNAPSHOT.jar:?]
	at org.apache.hadoop.ozone.protocolPB.OzoneManagerProtocolServerSideTranslatorPB.submitRequest(OzoneManagerProtocolServerSideTranslatorPB.java:147) [ozone-manager-1.4.0-SNAPSHOT.jar:?]
	at org.apache.hadoop.ozone.protocol.proto.OzoneManagerProtocolProtos$OzoneManagerService$2.callBlockingMethod(OzoneManagerProtocolProtos.java) [ozone-interface-client-1.4.0-SNAPSHOT.jar:?]
	at org.apache.hadoop.ipc.ProtobufRpcEngine$Server.processCall(ProtobufRpcEngine.java:465) [hadoop-common-3.3.4.jar:?]
	at org.apache.hadoop.ipc.ProtobufRpcEngine2$Server$ProtoBufRpcInvoker.call(ProtobufRpcEngine2.java:578) [hadoop-common-3.3.4.jar:?]
	at org.apache.hadoop.ipc.ProtobufRpcEngine2$Server$ProtoBufRpcInvoker.call(ProtobufRpcEngine2.java:556) [hadoop-common-3.3.4.jar:?]
	at org.apache.hadoop.ipc.RPC$Server.call(RPC.java:1093) [hadoop-common-3.3.4.jar:?]
	at org.apache.hadoop.ipc.Server$RpcCall.run(Server.java:1043) [hadoop-common-3.3.4.jar:?]
	at org.apache.hadoop.ipc.Server$RpcCall.run(Server.java:971) [hadoop-common-3.3.4.jar:?]
	at java.security.AccessController.doPrivileged(Native Method) ~[?:1.8.0_352]
	at javax.security.auth.Subject.doAs(Subject.java:422) [?:1.8.0_352]
	at org.apache.hadoop.security.UserGroupInformation.doAs(UserGroupInformation.java:1878) [hadoop-common-3.3.4.jar:?]
	at org.apache.hadoop.ipc.Server$Handler.run(Server.java:2976) [hadoop-common-3.3.4.jar:?]
20:30:04.092 [IPC Server handler 16 on default port 38181] ERROR OMAudit - user=runner | ip=127.0.0.1 | op=GET_FILE_STATUS {volume=volume83577, bucket=bucket75634, key=gdir1/dir9/child, dataSize=0, replicationConfig=null} | ret=FAILURE
org.apache.hadoop.ozone.om.exceptions.OMException: Unable to get file status: volume: volume83577 bucket: bucket75634 key: gdir1/dir9/child
	at org.apache.hadoop.ozone.om.KeyManagerImpl.getOzoneFileStatus(KeyManagerImpl.java:1301) ~[ozone-manager-1.4.0-SNAPSHOT.jar:?]
	at org.apache.hadoop.ozone.om.KeyManagerImpl.getFileStatus(KeyManagerImpl.java:1219) ~[ozone-manager-1.4.0-SNAPSHOT.jar:?]
	at org.apache.hadoop.ozone.om.OzoneManager.getFileStatus(OzoneManager.java:3498) ~[ozone-manager-1.4.0-SNAPSHOT.jar:?]
	at org.apache.hadoop.ozone.protocolPB.OzoneManagerRequestHandler.getOzoneFileStatus(OzoneManagerRequestHandler.java:913) ~[ozone-manager-1.4.0-SNAPSHOT.jar:?]
	at org.apache.hadoop.ozone.protocolPB.OzoneManagerRequestHandler.handleReadRequest(OzoneManagerRequestHandler.java:233) ~[ozone-manager-1.4.0-SNAPSHOT.jar:?]
	at org.apache.hadoop.ozone.protocolPB.OzoneManagerProtocolServerSideTranslatorPB.submitReadRequestToOM(OzoneManagerProtocolServerSideTranslatorPB.java:226) ~[ozone-manager-1.4.0-SNAPSHOT.jar:?]
	at org.apache.hadoop.ozone.protocolPB.OzoneManagerProtocolServerSideTranslatorPB.processRequest(OzoneManagerProtocolServerSideTranslatorPB.java:175) ~[ozone-manager-1.4.0-SNAPSHOT.jar:?]
	at org.apache.hadoop.hdds.server.OzoneProtocolMessageDispatcher.processRequest(OzoneProtocolMessageDispatcher.java:87) [hdds-server-framework-1.4.0-SNAPSHOT.jar:?]
	at org.apache.hadoop.ozone.protocolPB.OzoneManagerProtocolServerSideTranslatorPB.submitRequest(OzoneManagerProtocolServerSideTranslatorPB.java:147) [ozone-manager-1.4.0-SNAPSHOT.jar:?]
	at org.apache.hadoop.ozone.protocol.proto.OzoneManagerProtocolProtos$OzoneManagerService$2.callBlockingMethod(OzoneManagerProtocolProtos.java) [ozone-interface-client-1.4.0-SNAPSHOT.jar:?]
	at org.apache.hadoop.ipc.ProtobufRpcEngine$Server.processCall(ProtobufRpcEngine.java:465) [hadoop-common-3.3.4.jar:?]
	at org.apache.hadoop.ipc.ProtobufRpcEngine2$Server$ProtoBufRpcInvoker.call(ProtobufRpcEngine2.java:578) [hadoop-common-3.3.4.jar:?]
	at org.apache.hadoop.ipc.ProtobufRpcEngine2$Server$ProtoBufRpcInvoker.call(ProtobufRpcEngine2.java:556) [hadoop-common-3.3.4.jar:?]
	at org.apache.hadoop.ipc.RPC$Server.call(RPC.java:1093) [hadoop-common-3.3.4.jar:?]
	at org.apache.hadoop.ipc.Server$RpcCall.run(Server.java:1043) [hadoop-common-3.3.4.jar:?]
	at org.apache.hadoop.ipc.Server$RpcCall.run(Server.java:971) [hadoop-common-3.3.4.jar:?]
	at java.security.AccessController.doPrivileged(Native Method) ~[?:1.8.0_352]
	at javax.security.auth.Subject.doAs(Subject.java:422) [?:1.8.0_352]
	at org.apache.hadoop.security.UserGroupInformation.doAs(UserGroupInformation.java:1878) [hadoop-common-3.3.4.jar:?]
	at org.apache.hadoop.ipc.Server$Handler.run(Server.java:2976) [hadoop-common-3.3.4.jar:?]
20:30:04.093 [IPC Server handler 14 on default port 38181] ERROR OMAudit - user=runner | ip=127.0.0.1 | op=GET_FILE_STATUS {volume=volume83577, bucket=bucket75634, key=gdir1/dir10, dataSize=0, replicationConfig=null} | ret=FAILURE
org.apache.hadoop.ozone.om.exceptions.OMException: Unable to get file status: volume: volume83577 bucket: bucket75634 key: gdir1/dir10
	at org.apache.hadoop.ozone.om.KeyManagerImpl.getOzoneFileStatus(KeyManagerImpl.java:1301) ~[ozone-manager-1.4.0-SNAPSHOT.jar:?]
	at org.apache.hadoop.ozone.om.KeyManagerImpl.getFileStatus(KeyManagerImpl.java:1219) ~[ozone-manager-1.4.0-SNAPSHOT.jar:?]
	at org.apache.hadoop.ozone.om.OzoneManager.getFileStatus(OzoneManager.java:3498) ~[ozone-manager-1.4.0-SNAPSHOT.jar:?]
	at org.apache.hadoop.ozone.protocolPB.OzoneManagerRequestHandler.getOzoneFileStatus(OzoneManagerRequestHandler.java:913) ~[ozone-manager-1.4.0-SNAPSHOT.jar:?]
	at org.apache.hadoop.ozone.protocolPB.OzoneManagerRequestHandler.handleReadRequest(OzoneManagerRequestHandler.java:233) ~[ozone-manager-1.4.0-SNAPSHOT.jar:?]
	at org.apache.hadoop.ozone.protocolPB.OzoneManagerProtocolServerSideTranslatorPB.submitReadRequestToOM(OzoneManagerProtocolServerSideTranslatorPB.java:226) ~[ozone-manager-1.4.0-SNAPSHOT.jar:?]
	at org.apache.hadoop.ozone.protocolPB.OzoneManagerProtocolServerSideTranslatorPB.processRequest(OzoneManagerProtocolServerSideTranslatorPB.java:175) ~[ozone-manager-1.4.0-SNAPSHOT.jar:?]
	at org.apache.hadoop.hdds.server.OzoneProtocolMessageDispatcher.processRequest(OzoneProtocolMessageDispatcher.java:87) [hdds-server-framework-1.4.0-SNAPSHOT.jar:?]
	at org.apache.hadoop.ozone.protocolPB.OzoneManagerProtocolServerSideTranslatorPB.submitRequest(OzoneManagerProtocolServerSideTranslatorPB.java:147) [ozone-manager-1.4.0-SNAPSHOT.jar:?]
	at org.apache.hadoop.ozone.protocol.proto.OzoneManagerProtocolProtos$OzoneManagerService$2.callBlockingMethod(OzoneManagerProtocolProtos.java) [ozone-interface-client-1.4.0-SNAPSHOT.jar:?]
	at org.apache.hadoop.ipc.ProtobufRpcEngine$Server.processCall(ProtobufRpcEngine.java:465) [hadoop-common-3.3.4.jar:?]
	at org.apache.hadoop.ipc.ProtobufRpcEngine2$Server$ProtoBufRpcInvoker.call(ProtobufRpcEngine2.java:578) [hadoop-common-3.3.4.jar:?]
	at org.apache.hadoop.ipc.ProtobufRpcEngine2$Server$ProtoBufRpcInvoker.call(ProtobufRpcEngine2.java:556) [hadoop-common-3.3.4.jar:?]
	at org.apache.hadoop.ipc.RPC$Server.call(RPC.java:1093) [hadoop-common-3.3.4.jar:?]
	at org.apache.hadoop.ipc.Server$RpcCall.run(Server.java:1043) [hadoop-common-3.3.4.jar:?]
	at org.apache.hadoop.ipc.Server$RpcCall.run(Server.java:971) [hadoop-common-3.3.4.jar:?]
	at java.security.AccessController.doPrivileged(Native Method) ~[?:1.8.0_352]
	at javax.security.auth.Subject.doAs(Subject.java:422) [?:1.8.0_352]
	at org.apache.hadoop.security.UserGroupInformation.doAs(UserGroupInformation.java:1878) [hadoop-common-3.3.4.jar:?]
	at org.apache.hadoop.ipc.Server$Handler.run(Server.java:2976) [hadoop-common-3.3.4.jar:?]
20:30:04.094 [IPC Server handler 0 on default port 38181] ERROR OMAudit - user=runner | ip=127.0.0.1 | op=GET_FILE_STATUS {volume=volume83577, bucket=bucket75634, key=gdir1/dir10/child, dataSize=0, replicationConfig=null} | ret=FAILURE
org.apache.hadoop.ozone.om.exceptions.OMException: Unable to get file status: volume: volume83577 bucket: bucket75634 key: gdir1/dir10/child
	at org.apache.hadoop.ozone.om.KeyManagerImpl.getOzoneFileStatus(KeyManagerImpl.java:1301) ~[ozone-manager-1.4.0-SNAPSHOT.jar:?]
	at org.apache.hadoop.ozone.om.KeyManagerImpl.getFileStatus(KeyManagerImpl.java:1219) ~[ozone-manager-1.4.0-SNAPSHOT.jar:?]
	at org.apache.hadoop.ozone.om.OzoneManager.getFileStatus(OzoneManager.java:3498) ~[ozone-manager-1.4.0-SNAPSHOT.jar:?]
	at org.apache.hadoop.ozone.protocolPB.OzoneManagerRequestHandler.getOzoneFileStatus(OzoneManagerRequestHandler.java:913) ~[ozone-manager-1.4.0-SNAPSHOT.jar:?]
	at org.apache.hadoop.ozone.protocolPB.OzoneManagerRequestHandler.handleReadRequest(OzoneManagerRequestHandler.java:233) ~[ozone-manager-1.4.0-SNAPSHOT.jar:?]
	at org.apache.hadoop.ozone.protocolPB.OzoneManagerProtocolServerSideTranslatorPB.submitReadRequestToOM(OzoneManagerProtocolServerSideTranslatorPB.java:226) ~[ozone-manager-1.4.0-SNAPSHOT.jar:?]
	at org.apache.hadoop.ozone.protocolPB.OzoneManagerProtocolServerSideTranslatorPB.processRequest(OzoneManagerProtocolServerSideTranslatorPB.java:175) ~[ozone-manager-1.4.0-SNAPSHOT.jar:?]
	at org.apache.hadoop.hdds.server.OzoneProtocolMessageDispatcher.processRequest(OzoneProtocolMessageDispatcher.java:87) [hdds-server-framework-1.4.0-SNAPSHOT.jar:?]
	at org.apache.hadoop.ozone.protocolPB.OzoneManagerProtocolServerSideTranslatorPB.submitRequest(OzoneManagerProtocolServerSideTranslatorPB.java:147) [ozone-manager-1.4.0-SNAPSHOT.jar:?]
	at org.apache.hadoop.ozone.protocol.proto.OzoneManagerProtocolProtos$OzoneManagerService$2.callBlockingMethod(OzoneManagerProtocolProtos.java) [ozone-interface-client-1.4.0-SNAPSHOT.jar:?]
	at org.apache.hadoop.ipc.ProtobufRpcEngine$Server.processCall(ProtobufRpcEngine.java:465) [hadoop-common-3.3.4.jar:?]
	at org.apache.hadoop.ipc.ProtobufRpcEngine2$Server$ProtoBufRpcInvoker.call(ProtobufRpcEngine2.java:578) [hadoop-common-3.3.4.jar:?]
	at org.apache.hadoop.ipc.ProtobufRpcEngine2$Server$ProtoBufRpcInvoker.call(ProtobufRpcEngine2.java:556) [hadoop-common-3.3.4.jar:?]
	at org.apache.hadoop.ipc.RPC$Server.call(RPC.java:1093) [hadoop-common-3.3.4.jar:?]
	at org.apache.hadoop.ipc.Server$RpcCall.run(Server.java:1043) [hadoop-common-3.3.4.jar:?]
	at org.apache.hadoop.ipc.Server$RpcCall.run(Server.java:971) [hadoop-common-3.3.4.jar:?]
	at java.security.AccessController.doPrivileged(Native Method) ~[?:1.8.0_352]
	at javax.security.auth.Subject.doAs(Subject.java:422) [?:1.8.0_352]
	at org.apache.hadoop.security.UserGroupInformation.doAs(UserGroupInformation.java:1878) [hadoop-common-3.3.4.jar:?]
	at org.apache.hadoop.ipc.Server$Handler.run(Server.java:2976) [hadoop-common-3.3.4.jar:?]
2023-01-26 20:30:04,104 [OM StateMachine ApplyTransaction Thread - 0] INFO  key.OMKeyRequest (OMKeyRequest.java:wrapUncommittedBlocksAsPseudoKey(837)) - Detect allocated but uncommitted blocks [{blockID={containerID=2, localID=111677748019200024}, length=4194304, offset=0, token=null, pipeline=null, createVersion=0, partNumber=0}] in key level0/level1/file1.
2023-01-26 20:30:04,113 [OM StateMachine ApplyTransaction Thread - 0] INFO  key.OMKeyRequest (OMKeyRequest.java:wrapUncommittedBlocksAsPseudoKey(837)) - Detect allocated but uncommitted blocks [{blockID={containerID=1, localID=111677748019200025}, length=4194304, offset=0, token=null, pipeline=null, createVersion=0, partNumber=0}] in key level0/level1/level1/file1.
2023-01-26 20:30:04,121 [OM StateMachine ApplyTransaction Thread - 0] INFO  key.OMKeyRequest (OMKeyRequest.java:wrapUncommittedBlocksAsPseudoKey(837)) - Detect allocated but uncommitted blocks [{blockID={containerID=2, localID=111677748019200026}, length=4194304, offset=0, token=null, pipeline=null, createVersion=0, partNumber=0}] in key level0/level2/file1.
2023-01-26 20:30:04,129 [OM StateMachine ApplyTransaction Thread - 0] INFO  key.OMKeyRequest (OMKeyRequest.java:wrapUncommittedBlocksAsPseudoKey(837)) - Detect allocated but uncommitted blocks [{blockID={containerID=1, localID=111677748019200027}, length=4194304, offset=0, token=null, pipeline=null, createVersion=0, partNumber=0}] in key level0/level2/level2/file1.
2023-01-26 20:30:04,137 [OM StateMachine ApplyTransaction Thread - 0] INFO  key.OMKeyRequest (OMKeyRequest.java:wrapUncommittedBlocksAsPseudoKey(837)) - Detect allocated but uncommitted blocks [{blockID={containerID=2, localID=111677748019200028}, length=4194304, offset=0, token=null, pipeline=null, createVersion=0, partNumber=0}] in key level0/level3/file1.
2023-01-26 20:30:04,146 [OM StateMachine ApplyTransaction Thread - 0] INFO  key.OMKeyRequest (OMKeyRequest.java:wrapUncommittedBlocksAsPseudoKey(837)) - Detect allocated but uncommitted blocks [{blockID={containerID=1, localID=111677748019200029}, length=4194304, offset=0, token=null, pipeline=null, createVersion=0, partNumber=0}] in key level0/level3/level3/file1.
20:30:04.207 [IPC Server handler 19 on default port 38181] ERROR OMAudit - user=runner | ip=127.0.0.1 | op=GET_FILE_STATUS {volume=volume83577, bucket=bucket75634, key=level0, dataSize=0, replicationConfig=null} | ret=FAILURE
org.apache.hadoop.ozone.om.exceptions.OMException: Unable to get file status: volume: volume83577 bucket: bucket75634 key: level0
	at org.apache.hadoop.ozone.om.KeyManagerImpl.getOzoneFileStatus(KeyManagerImpl.java:1301) ~[ozone-manager-1.4.0-SNAPSHOT.jar:?]
	at org.apache.hadoop.ozone.om.KeyManagerImpl.getFileStatus(KeyManagerImpl.java:1219) ~[ozone-manager-1.4.0-SNAPSHOT.jar:?]
	at org.apache.hadoop.ozone.om.OzoneManager.getFileStatus(OzoneManager.java:3498) ~[ozone-manager-1.4.0-SNAPSHOT.jar:?]
	at org.apache.hadoop.ozone.protocolPB.OzoneManagerRequestHandler.getOzoneFileStatus(OzoneManagerRequestHandler.java:913) ~[ozone-manager-1.4.0-SNAPSHOT.jar:?]
	at org.apache.hadoop.ozone.protocolPB.OzoneManagerRequestHandler.handleReadRequest(OzoneManagerRequestHandler.java:233) ~[ozone-manager-1.4.0-SNAPSHOT.jar:?]
	at org.apache.hadoop.ozone.protocolPB.OzoneManagerProtocolServerSideTranslatorPB.submitReadRequestToOM(OzoneManagerProtocolServerSideTranslatorPB.java:226) ~[ozone-manager-1.4.0-SNAPSHOT.jar:?]
	at org.apache.hadoop.ozone.protocolPB.OzoneManagerProtocolServerSideTranslatorPB.processRequest(OzoneManagerProtocolServerSideTranslatorPB.java:175) ~[ozone-manager-1.4.0-SNAPSHOT.jar:?]
	at org.apache.hadoop.hdds.server.OzoneProtocolMessageDispatcher.processRequest(OzoneProtocolMessageDispatcher.java:87) [hdds-server-framework-1.4.0-SNAPSHOT.jar:?]
	at org.apache.hadoop.ozone.protocolPB.OzoneManagerProtocolServerSideTranslatorPB.submitRequest(OzoneManagerProtocolServerSideTranslatorPB.java:147) [ozone-manager-1.4.0-SNAPSHOT.jar:?]
	at org.apache.hadoop.ozone.protocol.proto.OzoneManagerProtocolProtos$OzoneManagerService$2.callBlockingMethod(OzoneManagerProtocolProtos.java) [ozone-interface-client-1.4.0-SNAPSHOT.jar:?]
	at org.apache.hadoop.ipc.ProtobufRpcEngine$Server.processCall(ProtobufRpcEngine.java:465) [hadoop-common-3.3.4.jar:?]
	at org.apache.hadoop.ipc.ProtobufRpcEngine2$Server$ProtoBufRpcInvoker.call(ProtobufRpcEngine2.java:578) [hadoop-common-3.3.4.jar:?]
	at org.apache.hadoop.ipc.ProtobufRpcEngine2$Server$ProtoBufRpcInvoker.call(ProtobufRpcEngine2.java:556) [hadoop-common-3.3.4.jar:?]
	at org.apache.hadoop.ipc.RPC$Server.call(RPC.java:1093) [hadoop-common-3.3.4.jar:?]
	at org.apache.hadoop.ipc.Server$RpcCall.run(Server.java:1043) [hadoop-common-3.3.4.jar:?]
	at org.apache.hadoop.ipc.Server$RpcCall.run(Server.java:971) [hadoop-common-3.3.4.jar:?]
	at java.security.AccessController.doPrivileged(Native Method) ~[?:1.8.0_352]
	at javax.security.auth.Subject.doAs(Subject.java:422) [?:1.8.0_352]
	at org.apache.hadoop.security.UserGroupInformation.doAs(UserGroupInformation.java:1878) [hadoop-common-3.3.4.jar:?]
	at org.apache.hadoop.ipc.Server$Handler.run(Server.java:2976) [hadoop-common-3.3.4.jar:?]
20:30:04.208 [IPC Server handler 8 on default port 38181] ERROR OMAudit - user=runner | ip=127.0.0.1 | op=GET_FILE_STATUS {volume=volume83577, bucket=bucket75634, key=level0/level1, dataSize=0, replicationConfig=null} | ret=FAILURE
org.apache.hadoop.ozone.om.exceptions.OMException: Unable to get file status: volume: volume83577 bucket: bucket75634 key: level0/level1
	at org.apache.hadoop.ozone.om.KeyManagerImpl.getOzoneFileStatus(KeyManagerImpl.java:1301) ~[ozone-manager-1.4.0-SNAPSHOT.jar:?]
	at org.apache.hadoop.ozone.om.KeyManagerImpl.getFileStatus(KeyManagerImpl.java:1219) ~[ozone-manager-1.4.0-SNAPSHOT.jar:?]
	at org.apache.hadoop.ozone.om.OzoneManager.getFileStatus(OzoneManager.java:3498) ~[ozone-manager-1.4.0-SNAPSHOT.jar:?]
	at org.apache.hadoop.ozone.protocolPB.OzoneManagerRequestHandler.getOzoneFileStatus(OzoneManagerRequestHandler.java:913) ~[ozone-manager-1.4.0-SNAPSHOT.jar:?]
	at org.apache.hadoop.ozone.protocolPB.OzoneManagerRequestHandler.handleReadRequest(OzoneManagerRequestHandler.java:233) ~[ozone-manager-1.4.0-SNAPSHOT.jar:?]
	at org.apache.hadoop.ozone.protocolPB.OzoneManagerProtocolServerSideTranslatorPB.submitReadRequestToOM(OzoneManagerProtocolServerSideTranslatorPB.java:226) ~[ozone-manager-1.4.0-SNAPSHOT.jar:?]
	at org.apache.hadoop.ozone.protocolPB.OzoneManagerProtocolServerSideTranslatorPB.processRequest(OzoneManagerProtocolServerSideTranslatorPB.java:175) ~[ozone-manager-1.4.0-SNAPSHOT.jar:?]
	at org.apache.hadoop.hdds.server.OzoneProtocolMessageDispatcher.processRequest(OzoneProtocolMessageDispatcher.java:87) [hdds-server-framework-1.4.0-SNAPSHOT.jar:?]
	at org.apache.hadoop.ozone.protocolPB.OzoneManagerProtocolServerSideTranslatorPB.submitRequest(OzoneManagerProtocolServerSideTranslatorPB.java:147) [ozone-manager-1.4.0-SNAPSHOT.jar:?]
	at org.apache.hadoop.ozone.protocol.proto.OzoneManagerProtocolProtos$OzoneManagerService$2.callBlockingMethod(OzoneManagerProtocolProtos.java) [ozone-interface-client-1.4.0-SNAPSHOT.jar:?]
	at org.apache.hadoop.ipc.ProtobufRpcEngine$Server.processCall(ProtobufRpcEngine.java:465) [hadoop-common-3.3.4.jar:?]
	at org.apache.hadoop.ipc.ProtobufRpcEngine2$Server$ProtoBufRpcInvoker.call(ProtobufRpcEngine2.java:578) [hadoop-common-3.3.4.jar:?]
	at org.apache.hadoop.ipc.ProtobufRpcEngine2$Server$ProtoBufRpcInvoker.call(ProtobufRpcEngine2.java:556) [hadoop-common-3.3.4.jar:?]
	at org.apache.hadoop.ipc.RPC$Server.call(RPC.java:1093) [hadoop-common-3.3.4.jar:?]
	at org.apache.hadoop.ipc.Server$RpcCall.run(Server.java:1043) [hadoop-common-3.3.4.jar:?]
	at org.apache.hadoop.ipc.Server$RpcCall.run(Server.java:971) [hadoop-common-3.3.4.jar:?]
	at java.security.AccessController.doPrivileged(Native Method) ~[?:1.8.0_352]
	at javax.security.auth.Subject.doAs(Subject.java:422) [?:1.8.0_352]
	at org.apache.hadoop.security.UserGroupInformation.doAs(UserGroupInformation.java:1878) [hadoop-common-3.3.4.jar:?]
	at org.apache.hadoop.ipc.Server$Handler.run(Server.java:2976) [hadoop-common-3.3.4.jar:?]
20:30:04.210 [IPC Server handler 18 on default port 38181] ERROR OMAudit - user=runner | ip=127.0.0.1 | op=GET_FILE_STATUS {volume=volume83577, bucket=bucket75634, key=level0/level1/level1, dataSize=0, replicationConfig=null} | ret=FAILURE
org.apache.hadoop.ozone.om.exceptions.OMException: Unable to get file status: volume: volume83577 bucket: bucket75634 key: level0/level1/level1
	at org.apache.hadoop.ozone.om.KeyManagerImpl.getOzoneFileStatus(KeyManagerImpl.java:1301) ~[ozone-manager-1.4.0-SNAPSHOT.jar:?]
	at org.apache.hadoop.ozone.om.KeyManagerImpl.getFileStatus(KeyManagerImpl.java:1219) ~[ozone-manager-1.4.0-SNAPSHOT.jar:?]
	at org.apache.hadoop.ozone.om.OzoneManager.getFileStatus(OzoneManager.java:3498) ~[ozone-manager-1.4.0-SNAPSHOT.jar:?]
	at org.apache.hadoop.ozone.protocolPB.OzoneManagerRequestHandler.getOzoneFileStatus(OzoneManagerRequestHandler.java:913) ~[ozone-manager-1.4.0-SNAPSHOT.jar:?]
	at org.apache.hadoop.ozone.protocolPB.OzoneManagerRequestHandler.handleReadRequest(OzoneManagerRequestHandler.java:233) ~[ozone-manager-1.4.0-SNAPSHOT.jar:?]
	at org.apache.hadoop.ozone.protocolPB.OzoneManagerProtocolServerSideTranslatorPB.submitReadRequestToOM(OzoneManagerProtocolServerSideTranslatorPB.java:226) ~[ozone-manager-1.4.0-SNAPSHOT.jar:?]
	at org.apache.hadoop.ozone.protocolPB.OzoneManagerProtocolServerSideTranslatorPB.processRequest(OzoneManagerProtocolServerSideTranslatorPB.java:175) ~[ozone-manager-1.4.0-SNAPSHOT.jar:?]
	at org.apache.hadoop.hdds.server.OzoneProtocolMessageDispatcher.processRequest(OzoneProtocolMessageDispatcher.java:87) [hdds-server-framework-1.4.0-SNAPSHOT.jar:?]
	at org.apache.hadoop.ozone.protocolPB.OzoneManagerProtocolServerSideTranslatorPB.submitRequest(OzoneManagerProtocolServerSideTranslatorPB.java:147) [ozone-manager-1.4.0-SNAPSHOT.jar:?]
	at org.apache.hadoop.ozone.protocol.proto.OzoneManagerProtocolProtos$OzoneManagerService$2.callBlockingMethod(OzoneManagerProtocolProtos.java) [ozone-interface-client-1.4.0-SNAPSHOT.jar:?]
	at org.apache.hadoop.ipc.ProtobufRpcEngine$Server.processCall(ProtobufRpcEngine.java:465) [hadoop-common-3.3.4.jar:?]
	at org.apache.hadoop.ipc.ProtobufRpcEngine2$Server$ProtoBufRpcInvoker.call(ProtobufRpcEngine2.java:578) [hadoop-common-3.3.4.jar:?]
	at org.apache.hadoop.ipc.ProtobufRpcEngine2$Server$ProtoBufRpcInvoker.call(ProtobufRpcEngine2.java:556) [hadoop-common-3.3.4.jar:?]
	at org.apache.hadoop.ipc.RPC$Server.call(RPC.java:1093) [hadoop-common-3.3.4.jar:?]
	at org.apache.hadoop.ipc.Server$RpcCall.run(Server.java:1043) [hadoop-common-3.3.4.jar:?]
	at org.apache.hadoop.ipc.Server$RpcCall.run(Server.java:971) [hadoop-common-3.3.4.jar:?]
	at java.security.AccessController.doPrivileged(Native Method) ~[?:1.8.0_352]
	at javax.security.auth.Subject.doAs(Subject.java:422) [?:1.8.0_352]
	at org.apache.hadoop.security.UserGroupInformation.doAs(UserGroupInformation.java:1878) [hadoop-common-3.3.4.jar:?]
	at org.apache.hadoop.ipc.Server$Handler.run(Server.java:2976) [hadoop-common-3.3.4.jar:?]
20:30:04.211 [IPC Server handler 17 on default port 38181] ERROR OMAudit - user=runner | ip=127.0.0.1 | op=GET_FILE_STATUS {volume=volume83577, bucket=bucket75634, key=level0/level1/file1, dataSize=0, replicationConfig=null} | ret=FAILURE
org.apache.hadoop.ozone.om.exceptions.OMException: Unable to get file status: volume: volume83577 bucket: bucket75634 key: level0/level1/file1
	at org.apache.hadoop.ozone.om.KeyManagerImpl.getOzoneFileStatus(KeyManagerImpl.java:1301) ~[ozone-manager-1.4.0-SNAPSHOT.jar:?]
	at org.apache.hadoop.ozone.om.KeyManagerImpl.getFileStatus(KeyManagerImpl.java:1219) ~[ozone-manager-1.4.0-SNAPSHOT.jar:?]
	at org.apache.hadoop.ozone.om.OzoneManager.getFileStatus(OzoneManager.java:3498) ~[ozone-manager-1.4.0-SNAPSHOT.jar:?]
	at org.apache.hadoop.ozone.protocolPB.OzoneManagerRequestHandler.getOzoneFileStatus(OzoneManagerRequestHandler.java:913) ~[ozone-manager-1.4.0-SNAPSHOT.jar:?]
	at org.apache.hadoop.ozone.protocolPB.OzoneManagerRequestHandler.handleReadRequest(OzoneManagerRequestHandler.java:233) ~[ozone-manager-1.4.0-SNAPSHOT.jar:?]
	at org.apache.hadoop.ozone.protocolPB.OzoneManagerProtocolServerSideTranslatorPB.submitReadRequestToOM(OzoneManagerProtocolServerSideTranslatorPB.java:226) ~[ozone-manager-1.4.0-SNAPSHOT.jar:?]
	at org.apache.hadoop.ozone.protocolPB.OzoneManagerProtocolServerSideTranslatorPB.processRequest(OzoneManagerProtocolServerSideTranslatorPB.java:175) ~[ozone-manager-1.4.0-SNAPSHOT.jar:?]
	at org.apache.hadoop.hdds.server.OzoneProtocolMessageDispatcher.processRequest(OzoneProtocolMessageDispatcher.java:87) [hdds-server-framework-1.4.0-SNAPSHOT.jar:?]
	at org.apache.hadoop.ozone.protocolPB.OzoneManagerProtocolServerSideTranslatorPB.submitRequest(OzoneManagerProtocolServerSideTranslatorPB.java:147) [ozone-manager-1.4.0-SNAPSHOT.jar:?]
	at org.apache.hadoop.ozone.protocol.proto.OzoneManagerProtocolProtos$OzoneManagerService$2.callBlockingMethod(OzoneManagerProtocolProtos.java) [ozone-interface-client-1.4.0-SNAPSHOT.jar:?]
	at org.apache.hadoop.ipc.ProtobufRpcEngine$Server.processCall(ProtobufRpcEngine.java:465) [hadoop-common-3.3.4.jar:?]
	at org.apache.hadoop.ipc.ProtobufRpcEngine2$Server$ProtoBufRpcInvoker.call(ProtobufRpcEngine2.java:578) [hadoop-common-3.3.4.jar:?]
	at org.apache.hadoop.ipc.ProtobufRpcEngine2$Server$ProtoBufRpcInvoker.call(ProtobufRpcEngine2.java:556) [hadoop-common-3.3.4.jar:?]
	at org.apache.hadoop.ipc.RPC$Server.call(RPC.java:1093) [hadoop-common-3.3.4.jar:?]
	at org.apache.hadoop.ipc.Server$RpcCall.run(Server.java:1043) [hadoop-common-3.3.4.jar:?]
	at org.apache.hadoop.ipc.Server$RpcCall.run(Server.java:971) [hadoop-common-3.3.4.jar:?]
	at java.security.AccessController.doPrivileged(Native Method) ~[?:1.8.0_352]
	at javax.security.auth.Subject.doAs(Subject.java:422) [?:1.8.0_352]
	at org.apache.hadoop.security.UserGroupInformation.doAs(UserGroupInformation.java:1878) [hadoop-common-3.3.4.jar:?]
	at org.apache.hadoop.ipc.Server$Handler.run(Server.java:2976) [hadoop-common-3.3.4.jar:?]
20:30:04.212 [IPC Server handler 16 on default port 38181] ERROR OMAudit - user=runner | ip=127.0.0.1 | op=GET_FILE_STATUS {volume=volume83577, bucket=bucket75634, key=level0/level1/level1/file1, dataSize=0, replicationConfig=null} | ret=FAILURE
org.apache.hadoop.ozone.om.exceptions.OMException: Unable to get file status: volume: volume83577 bucket: bucket75634 key: level0/level1/level1/file1
	at org.apache.hadoop.ozone.om.KeyManagerImpl.getOzoneFileStatus(KeyManagerImpl.java:1301) ~[ozone-manager-1.4.0-SNAPSHOT.jar:?]
	at org.apache.hadoop.ozone.om.KeyManagerImpl.getFileStatus(KeyManagerImpl.java:1219) ~[ozone-manager-1.4.0-SNAPSHOT.jar:?]
	at org.apache.hadoop.ozone.om.OzoneManager.getFileStatus(OzoneManager.java:3498) ~[ozone-manager-1.4.0-SNAPSHOT.jar:?]
	at org.apache.hadoop.ozone.protocolPB.OzoneManagerRequestHandler.getOzoneFileStatus(OzoneManagerRequestHandler.java:913) ~[ozone-manager-1.4.0-SNAPSHOT.jar:?]
	at org.apache.hadoop.ozone.protocolPB.OzoneManagerRequestHandler.handleReadRequest(OzoneManagerRequestHandler.java:233) ~[ozone-manager-1.4.0-SNAPSHOT.jar:?]
	at org.apache.hadoop.ozone.protocolPB.OzoneManagerProtocolServerSideTranslatorPB.submitReadRequestToOM(OzoneManagerProtocolServerSideTranslatorPB.java:226) ~[ozone-manager-1.4.0-SNAPSHOT.jar:?]
	at org.apache.hadoop.ozone.protocolPB.OzoneManagerProtocolServerSideTranslatorPB.processRequest(OzoneManagerProtocolServerSideTranslatorPB.java:175) ~[ozone-manager-1.4.0-SNAPSHOT.jar:?]
	at org.apache.hadoop.hdds.server.OzoneProtocolMessageDispatcher.processRequest(OzoneProtocolMessageDispatcher.java:87) [hdds-server-framework-1.4.0-SNAPSHOT.jar:?]
	at org.apache.hadoop.ozone.protocolPB.OzoneManagerProtocolServerSideTranslatorPB.submitRequest(OzoneManagerProtocolServerSideTranslatorPB.java:147) [ozone-manager-1.4.0-SNAPSHOT.jar:?]
	at org.apache.hadoop.ozone.protocol.proto.OzoneManagerProtocolProtos$OzoneManagerService$2.callBlockingMethod(OzoneManagerProtocolProtos.java) [ozone-interface-client-1.4.0-SNAPSHOT.jar:?]
	at org.apache.hadoop.ipc.ProtobufRpcEngine$Server.processCall(ProtobufRpcEngine.java:465) [hadoop-common-3.3.4.jar:?]
	at org.apache.hadoop.ipc.ProtobufRpcEngine2$Server$ProtoBufRpcInvoker.call(ProtobufRpcEngine2.java:578) [hadoop-common-3.3.4.jar:?]
	at org.apache.hadoop.ipc.ProtobufRpcEngine2$Server$ProtoBufRpcInvoker.call(ProtobufRpcEngine2.java:556) [hadoop-common-3.3.4.jar:?]
	at org.apache.hadoop.ipc.RPC$Server.call(RPC.java:1093) [hadoop-common-3.3.4.jar:?]
	at org.apache.hadoop.ipc.Server$RpcCall.run(Server.java:1043) [hadoop-common-3.3.4.jar:?]
	at org.apache.hadoop.ipc.Server$RpcCall.run(Server.java:971) [hadoop-common-3.3.4.jar:?]
	at java.security.AccessController.doPrivileged(Native Method) ~[?:1.8.0_352]
	at javax.security.auth.Subject.doAs(Subject.java:422) [?:1.8.0_352]
	at org.apache.hadoop.security.UserGroupInformation.doAs(UserGroupInformation.java:1878) [hadoop-common-3.3.4.jar:?]
	at org.apache.hadoop.ipc.Server$Handler.run(Server.java:2976) [hadoop-common-3.3.4.jar:?]
20:30:04.213 [IPC Server handler 14 on default port 38181] ERROR OMAudit - user=runner | ip=127.0.0.1 | op=GET_FILE_STATUS {volume=volume83577, bucket=bucket75634, key=level0/level2, dataSize=0, replicationConfig=null} | ret=FAILURE
org.apache.hadoop.ozone.om.exceptions.OMException: Unable to get file status: volume: volume83577 bucket: bucket75634 key: level0/level2
	at org.apache.hadoop.ozone.om.KeyManagerImpl.getOzoneFileStatus(KeyManagerImpl.java:1301) ~[ozone-manager-1.4.0-SNAPSHOT.jar:?]
	at org.apache.hadoop.ozone.om.KeyManagerImpl.getFileStatus(KeyManagerImpl.java:1219) ~[ozone-manager-1.4.0-SNAPSHOT.jar:?]
	at org.apache.hadoop.ozone.om.OzoneManager.getFileStatus(OzoneManager.java:3498) ~[ozone-manager-1.4.0-SNAPSHOT.jar:?]
	at org.apache.hadoop.ozone.protocolPB.OzoneManagerRequestHandler.getOzoneFileStatus(OzoneManagerRequestHandler.java:913) ~[ozone-manager-1.4.0-SNAPSHOT.jar:?]
	at org.apache.hadoop.ozone.protocolPB.OzoneManagerRequestHandler.handleReadRequest(OzoneManagerRequestHandler.java:233) ~[ozone-manager-1.4.0-SNAPSHOT.jar:?]
	at org.apache.hadoop.ozone.protocolPB.OzoneManagerProtocolServerSideTranslatorPB.submitReadRequestToOM(OzoneManagerProtocolServerSideTranslatorPB.java:226) ~[ozone-manager-1.4.0-SNAPSHOT.jar:?]
	at org.apache.hadoop.ozone.protocolPB.OzoneManagerProtocolServerSideTranslatorPB.processRequest(OzoneManagerProtocolServerSideTranslatorPB.java:175) ~[ozone-manager-1.4.0-SNAPSHOT.jar:?]
	at org.apache.hadoop.hdds.server.OzoneProtocolMessageDispatcher.processRequest(OzoneProtocolMessageDispatcher.java:87) [hdds-server-framework-1.4.0-SNAPSHOT.jar:?]
	at org.apache.hadoop.ozone.protocolPB.OzoneManagerProtocolServerSideTranslatorPB.submitRequest(OzoneManagerProtocolServerSideTranslatorPB.java:147) [ozone-manager-1.4.0-SNAPSHOT.jar:?]
	at org.apache.hadoop.ozone.protocol.proto.OzoneManagerProtocolProtos$OzoneManagerService$2.callBlockingMethod(OzoneManagerProtocolProtos.java) [ozone-interface-client-1.4.0-SNAPSHOT.jar:?]
	at org.apache.hadoop.ipc.ProtobufRpcEngine$Server.processCall(ProtobufRpcEngine.java:465) [hadoop-common-3.3.4.jar:?]
	at org.apache.hadoop.ipc.ProtobufRpcEngine2$Server$ProtoBufRpcInvoker.call(ProtobufRpcEngine2.java:578) [hadoop-common-3.3.4.jar:?]
	at org.apache.hadoop.ipc.ProtobufRpcEngine2$Server$ProtoBufRpcInvoker.call(ProtobufRpcEngine2.java:556) [hadoop-common-3.3.4.jar:?]
	at org.apache.hadoop.ipc.RPC$Server.call(RPC.java:1093) [hadoop-common-3.3.4.jar:?]
	at org.apache.hadoop.ipc.Server$RpcCall.run(Server.java:1043) [hadoop-common-3.3.4.jar:?]
	at org.apache.hadoop.ipc.Server$RpcCall.run(Server.java:971) [hadoop-common-3.3.4.jar:?]
	at java.security.AccessController.doPrivileged(Native Method) ~[?:1.8.0_352]
	at javax.security.auth.Subject.doAs(Subject.java:422) [?:1.8.0_352]
	at org.apache.hadoop.security.UserGroupInformation.doAs(UserGroupInformation.java:1878) [hadoop-common-3.3.4.jar:?]
	at org.apache.hadoop.ipc.Server$Handler.run(Server.java:2976) [hadoop-common-3.3.4.jar:?]
20:30:04.215 [IPC Server handler 0 on default port 38181] ERROR OMAudit - user=runner | ip=127.0.0.1 | op=GET_FILE_STATUS {volume=volume83577, bucket=bucket75634, key=level0/level2/level2, dataSize=0, replicationConfig=null} | ret=FAILURE
org.apache.hadoop.ozone.om.exceptions.OMException: Unable to get file status: volume: volume83577 bucket: bucket75634 key: level0/level2/level2
	at org.apache.hadoop.ozone.om.KeyManagerImpl.getOzoneFileStatus(KeyManagerImpl.java:1301) ~[ozone-manager-1.4.0-SNAPSHOT.jar:?]
	at org.apache.hadoop.ozone.om.KeyManagerImpl.getFileStatus(KeyManagerImpl.java:1219) ~[ozone-manager-1.4.0-SNAPSHOT.jar:?]
	at org.apache.hadoop.ozone.om.OzoneManager.getFileStatus(OzoneManager.java:3498) ~[ozone-manager-1.4.0-SNAPSHOT.jar:?]
	at org.apache.hadoop.ozone.protocolPB.OzoneManagerRequestHandler.getOzoneFileStatus(OzoneManagerRequestHandler.java:913) ~[ozone-manager-1.4.0-SNAPSHOT.jar:?]
	at org.apache.hadoop.ozone.protocolPB.OzoneManagerRequestHandler.handleReadRequest(OzoneManagerRequestHandler.java:233) ~[ozone-manager-1.4.0-SNAPSHOT.jar:?]
	at org.apache.hadoop.ozone.protocolPB.OzoneManagerProtocolServerSideTranslatorPB.submitReadRequestToOM(OzoneManagerProtocolServerSideTranslatorPB.java:226) ~[ozone-manager-1.4.0-SNAPSHOT.jar:?]
	at org.apache.hadoop.ozone.protocolPB.OzoneManagerProtocolServerSideTranslatorPB.processRequest(OzoneManagerProtocolServerSideTranslatorPB.java:175) ~[ozone-manager-1.4.0-SNAPSHOT.jar:?]
	at org.apache.hadoop.hdds.server.OzoneProtocolMessageDispatcher.processRequest(OzoneProtocolMessageDispatcher.java:87) [hdds-server-framework-1.4.0-SNAPSHOT.jar:?]
	at org.apache.hadoop.ozone.protocolPB.OzoneManagerProtocolServerSideTranslatorPB.submitRequest(OzoneManagerProtocolServerSideTranslatorPB.java:147) [ozone-manager-1.4.0-SNAPSHOT.jar:?]
	at org.apache.hadoop.ozone.protocol.proto.OzoneManagerProtocolProtos$OzoneManagerService$2.callBlockingMethod(OzoneManagerProtocolProtos.java) [ozone-interface-client-1.4.0-SNAPSHOT.jar:?]
	at org.apache.hadoop.ipc.ProtobufRpcEngine$Server.processCall(ProtobufRpcEngine.java:465) [hadoop-common-3.3.4.jar:?]
	at org.apache.hadoop.ipc.ProtobufRpcEngine2$Server$ProtoBufRpcInvoker.call(ProtobufRpcEngine2.java:578) [hadoop-common-3.3.4.jar:?]
	at org.apache.hadoop.ipc.ProtobufRpcEngine2$Server$ProtoBufRpcInvoker.call(ProtobufRpcEngine2.java:556) [hadoop-common-3.3.4.jar:?]
	at org.apache.hadoop.ipc.RPC$Server.call(RPC.java:1093) [hadoop-common-3.3.4.jar:?]
	at org.apache.hadoop.ipc.Server$RpcCall.run(Server.java:1043) [hadoop-common-3.3.4.jar:?]
	at org.apache.hadoop.ipc.Server$RpcCall.run(Server.java:971) [hadoop-common-3.3.4.jar:?]
	at java.security.AccessController.doPrivileged(Native Method) ~[?:1.8.0_352]
	at javax.security.auth.Subject.doAs(Subject.java:422) [?:1.8.0_352]
	at org.apache.hadoop.security.UserGroupInformation.doAs(UserGroupInformation.java:1878) [hadoop-common-3.3.4.jar:?]
	at org.apache.hadoop.ipc.Server$Handler.run(Server.java:2976) [hadoop-common-3.3.4.jar:?]
20:30:04.216 [IPC Server handler 15 on default port 38181] ERROR OMAudit - user=runner | ip=127.0.0.1 | op=GET_FILE_STATUS {volume=volume83577, bucket=bucket75634, key=level0/level2/file1, dataSize=0, replicationConfig=null} | ret=FAILURE
org.apache.hadoop.ozone.om.exceptions.OMException: Unable to get file status: volume: volume83577 bucket: bucket75634 key: level0/level2/file1
	at org.apache.hadoop.ozone.om.KeyManagerImpl.getOzoneFileStatus(KeyManagerImpl.java:1301) ~[ozone-manager-1.4.0-SNAPSHOT.jar:?]
	at org.apache.hadoop.ozone.om.KeyManagerImpl.getFileStatus(KeyManagerImpl.java:1219) ~[ozone-manager-1.4.0-SNAPSHOT.jar:?]
	at org.apache.hadoop.ozone.om.OzoneManager.getFileStatus(OzoneManager.java:3498) ~[ozone-manager-1.4.0-SNAPSHOT.jar:?]
	at org.apache.hadoop.ozone.protocolPB.OzoneManagerRequestHandler.getOzoneFileStatus(OzoneManagerRequestHandler.java:913) ~[ozone-manager-1.4.0-SNAPSHOT.jar:?]
	at org.apache.hadoop.ozone.protocolPB.OzoneManagerRequestHandler.handleReadRequest(OzoneManagerRequestHandler.java:233) ~[ozone-manager-1.4.0-SNAPSHOT.jar:?]
	at org.apache.hadoop.ozone.protocolPB.OzoneManagerProtocolServerSideTranslatorPB.submitReadRequestToOM(OzoneManagerProtocolServerSideTranslatorPB.java:226) ~[ozone-manager-1.4.0-SNAPSHOT.jar:?]
	at org.apache.hadoop.ozone.protocolPB.OzoneManagerProtocolServerSideTranslatorPB.processRequest(OzoneManagerProtocolServerSideTranslatorPB.java:175) ~[ozone-manager-1.4.0-SNAPSHOT.jar:?]
	at org.apache.hadoop.hdds.server.OzoneProtocolMessageDispatcher.processRequest(OzoneProtocolMessageDispatcher.java:87) [hdds-server-framework-1.4.0-SNAPSHOT.jar:?]
	at org.apache.hadoop.ozone.protocolPB.OzoneManagerProtocolServerSideTranslatorPB.submitRequest(OzoneManagerProtocolServerSideTranslatorPB.java:147) [ozone-manager-1.4.0-SNAPSHOT.jar:?]
	at org.apache.hadoop.ozone.protocol.proto.OzoneManagerProtocolProtos$OzoneManagerService$2.callBlockingMethod(OzoneManagerProtocolProtos.java) [ozone-interface-client-1.4.0-SNAPSHOT.jar:?]
	at org.apache.hadoop.ipc.ProtobufRpcEngine$Server.processCall(ProtobufRpcEngine.java:465) [hadoop-common-3.3.4.jar:?]
	at org.apache.hadoop.ipc.ProtobufRpcEngine2$Server$ProtoBufRpcInvoker.call(ProtobufRpcEngine2.java:578) [hadoop-common-3.3.4.jar:?]
	at org.apache.hadoop.ipc.ProtobufRpcEngine2$Server$ProtoBufRpcInvoker.call(ProtobufRpcEngine2.java:556) [hadoop-common-3.3.4.jar:?]
	at org.apache.hadoop.ipc.RPC$Server.call(RPC.java:1093) [hadoop-common-3.3.4.jar:?]
	at org.apache.hadoop.ipc.Server$RpcCall.run(Server.java:1043) [hadoop-common-3.3.4.jar:?]
	at org.apache.hadoop.ipc.Server$RpcCall.run(Server.java:971) [hadoop-common-3.3.4.jar:?]
	at java.security.AccessController.doPrivileged(Native Method) ~[?:1.8.0_352]
	at javax.security.auth.Subject.doAs(Subject.java:422) [?:1.8.0_352]
	at org.apache.hadoop.security.UserGroupInformation.doAs(UserGroupInformation.java:1878) [hadoop-common-3.3.4.jar:?]
	at org.apache.hadoop.ipc.Server$Handler.run(Server.java:2976) [hadoop-common-3.3.4.jar:?]
20:30:04.219 [IPC Server handler 12 on default port 38181] ERROR OMAudit - user=runner | ip=127.0.0.1 | op=GET_FILE_STATUS {volume=volume83577, bucket=bucket75634, key=level0/level2/level2/file1, dataSize=0, replicationConfig=null} | ret=FAILURE
org.apache.hadoop.ozone.om.exceptions.OMException: Unable to get file status: volume: volume83577 bucket: bucket75634 key: level0/level2/level2/file1
	at org.apache.hadoop.ozone.om.KeyManagerImpl.getOzoneFileStatus(KeyManagerImpl.java:1301) ~[ozone-manager-1.4.0-SNAPSHOT.jar:?]
	at org.apache.hadoop.ozone.om.KeyManagerImpl.getFileStatus(KeyManagerImpl.java:1219) ~[ozone-manager-1.4.0-SNAPSHOT.jar:?]
	at org.apache.hadoop.ozone.om.OzoneManager.getFileStatus(OzoneManager.java:3498) ~[ozone-manager-1.4.0-SNAPSHOT.jar:?]
	at org.apache.hadoop.ozone.protocolPB.OzoneManagerRequestHandler.getOzoneFileStatus(OzoneManagerRequestHandler.java:913) ~[ozone-manager-1.4.0-SNAPSHOT.jar:?]
	at org.apache.hadoop.ozone.protocolPB.OzoneManagerRequestHandler.handleReadRequest(OzoneManagerRequestHandler.java:233) ~[ozone-manager-1.4.0-SNAPSHOT.jar:?]
	at org.apache.hadoop.ozone.protocolPB.OzoneManagerProtocolServerSideTranslatorPB.submitReadRequestToOM(OzoneManagerProtocolServerSideTranslatorPB.java:226) ~[ozone-manager-1.4.0-SNAPSHOT.jar:?]
	at org.apache.hadoop.ozone.protocolPB.OzoneManagerProtocolServerSideTranslatorPB.processRequest(OzoneManagerProtocolServerSideTranslatorPB.java:175) ~[ozone-manager-1.4.0-SNAPSHOT.jar:?]
	at org.apache.hadoop.hdds.server.OzoneProtocolMessageDispatcher.processRequest(OzoneProtocolMessageDispatcher.java:87) [hdds-server-framework-1.4.0-SNAPSHOT.jar:?]
	at org.apache.hadoop.ozone.protocolPB.OzoneManagerProtocolServerSideTranslatorPB.submitRequest(OzoneManagerProtocolServerSideTranslatorPB.java:147) [ozone-manager-1.4.0-SNAPSHOT.jar:?]
	at org.apache.hadoop.ozone.protocol.proto.OzoneManagerProtocolProtos$OzoneManagerService$2.callBlockingMethod(OzoneManagerProtocolProtos.java) [ozone-interface-client-1.4.0-SNAPSHOT.jar:?]
	at org.apache.hadoop.ipc.ProtobufRpcEngine$Server.processCall(ProtobufRpcEngine.java:465) [hadoop-common-3.3.4.jar:?]
	at org.apache.hadoop.ipc.ProtobufRpcEngine2$Server$ProtoBufRpcInvoker.call(ProtobufRpcEngine2.java:578) [hadoop-common-3.3.4.jar:?]
	at org.apache.hadoop.ipc.ProtobufRpcEngine2$Server$ProtoBufRpcInvoker.call(ProtobufRpcEngine2.java:556) [hadoop-common-3.3.4.jar:?]
	at org.apache.hadoop.ipc.RPC$Server.call(RPC.java:1093) [hadoop-common-3.3.4.jar:?]
	at org.apache.hadoop.ipc.Server$RpcCall.run(Server.java:1043) [hadoop-common-3.3.4.jar:?]
	at org.apache.hadoop.ipc.Server$RpcCall.run(Server.java:971) [hadoop-common-3.3.4.jar:?]
	at java.security.AccessController.doPrivileged(Native Method) ~[?:1.8.0_352]
	at javax.security.auth.Subject.doAs(Subject.java:422) [?:1.8.0_352]
	at org.apache.hadoop.security.UserGroupInformation.doAs(UserGroupInformation.java:1878) [hadoop-common-3.3.4.jar:?]
	at org.apache.hadoop.ipc.Server$Handler.run(Server.java:2976) [hadoop-common-3.3.4.jar:?]
20:30:04.222 [IPC Server handler 13 on default port 38181] ERROR OMAudit - user=runner | ip=127.0.0.1 | op=GET_FILE_STATUS {volume=volume83577, bucket=bucket75634, key=level0/level3, dataSize=0, replicationConfig=null} | ret=FAILURE
org.apache.hadoop.ozone.om.exceptions.OMException: Unable to get file status: volume: volume83577 bucket: bucket75634 key: level0/level3
	at org.apache.hadoop.ozone.om.KeyManagerImpl.getOzoneFileStatus(KeyManagerImpl.java:1301) ~[ozone-manager-1.4.0-SNAPSHOT.jar:?]
	at org.apache.hadoop.ozone.om.KeyManagerImpl.getFileStatus(KeyManagerImpl.java:1219) ~[ozone-manager-1.4.0-SNAPSHOT.jar:?]
	at org.apache.hadoop.ozone.om.OzoneManager.getFileStatus(OzoneManager.java:3498) ~[ozone-manager-1.4.0-SNAPSHOT.jar:?]
	at org.apache.hadoop.ozone.protocolPB.OzoneManagerRequestHandler.getOzoneFileStatus(OzoneManagerRequestHandler.java:913) ~[ozone-manager-1.4.0-SNAPSHOT.jar:?]
	at org.apache.hadoop.ozone.protocolPB.OzoneManagerRequestHandler.handleReadRequest(OzoneManagerRequestHandler.java:233) ~[ozone-manager-1.4.0-SNAPSHOT.jar:?]
	at org.apache.hadoop.ozone.protocolPB.OzoneManagerProtocolServerSideTranslatorPB.submitReadRequestToOM(OzoneManagerProtocolServerSideTranslatorPB.java:226) ~[ozone-manager-1.4.0-SNAPSHOT.jar:?]
	at org.apache.hadoop.ozone.protocolPB.OzoneManagerProtocolServerSideTranslatorPB.processRequest(OzoneManagerProtocolServerSideTranslatorPB.java:175) ~[ozone-manager-1.4.0-SNAPSHOT.jar:?]
	at org.apache.hadoop.hdds.server.OzoneProtocolMessageDispatcher.processRequest(OzoneProtocolMessageDispatcher.java:87) [hdds-server-framework-1.4.0-SNAPSHOT.jar:?]
	at org.apache.hadoop.ozone.protocolPB.OzoneManagerProtocolServerSideTranslatorPB.submitRequest(OzoneManagerProtocolServerSideTranslatorPB.java:147) [ozone-manager-1.4.0-SNAPSHOT.jar:?]
	at org.apache.hadoop.ozone.protocol.proto.OzoneManagerProtocolProtos$OzoneManagerService$2.callBlockingMethod(OzoneManagerProtocolProtos.java) [ozone-interface-client-1.4.0-SNAPSHOT.jar:?]
	at org.apache.hadoop.ipc.ProtobufRpcEngine$Server.processCall(ProtobufRpcEngine.java:465) [hadoop-common-3.3.4.jar:?]
	at org.apache.hadoop.ipc.ProtobufRpcEngine2$Server$ProtoBufRpcInvoker.call(ProtobufRpcEngine2.java:578) [hadoop-common-3.3.4.jar:?]
	at org.apache.hadoop.ipc.ProtobufRpcEngine2$Server$ProtoBufRpcInvoker.call(ProtobufRpcEngine2.java:556) [hadoop-common-3.3.4.jar:?]
	at org.apache.hadoop.ipc.RPC$Server.call(RPC.java:1093) [hadoop-common-3.3.4.jar:?]
	at org.apache.hadoop.ipc.Server$RpcCall.run(Server.java:1043) [hadoop-common-3.3.4.jar:?]
	at org.apache.hadoop.ipc.Server$RpcCall.run(Server.java:971) [hadoop-common-3.3.4.jar:?]
	at java.security.AccessController.doPrivileged(Native Method) ~[?:1.8.0_352]
	at javax.security.auth.Subject.doAs(Subject.java:422) [?:1.8.0_352]
	at org.apache.hadoop.security.UserGroupInformation.doAs(UserGroupInformation.java:1878) [hadoop-common-3.3.4.jar:?]
	at org.apache.hadoop.ipc.Server$Handler.run(Server.java:2976) [hadoop-common-3.3.4.jar:?]
20:30:04.224 [IPC Server handler 9 on default port 38181] ERROR OMAudit - user=runner | ip=127.0.0.1 | op=GET_FILE_STATUS {volume=volume83577, bucket=bucket75634, key=level0/level3/level3, dataSize=0, replicationConfig=null} | ret=FAILURE
org.apache.hadoop.ozone.om.exceptions.OMException: Unable to get file status: volume: volume83577 bucket: bucket75634 key: level0/level3/level3
	at org.apache.hadoop.ozone.om.KeyManagerImpl.getOzoneFileStatus(KeyManagerImpl.java:1301) ~[ozone-manager-1.4.0-SNAPSHOT.jar:?]
	at org.apache.hadoop.ozone.om.KeyManagerImpl.getFileStatus(KeyManagerImpl.java:1219) ~[ozone-manager-1.4.0-SNAPSHOT.jar:?]
	at org.apache.hadoop.ozone.om.OzoneManager.getFileStatus(OzoneManager.java:3498) ~[ozone-manager-1.4.0-SNAPSHOT.jar:?]
	at org.apache.hadoop.ozone.protocolPB.OzoneManagerRequestHandler.getOzoneFileStatus(OzoneManagerRequestHandler.java:913) ~[ozone-manager-1.4.0-SNAPSHOT.jar:?]
	at org.apache.hadoop.ozone.protocolPB.OzoneManagerRequestHandler.handleReadRequest(OzoneManagerRequestHandler.java:233) ~[ozone-manager-1.4.0-SNAPSHOT.jar:?]
	at org.apache.hadoop.ozone.protocolPB.OzoneManagerProtocolServerSideTranslatorPB.submitReadRequestToOM(OzoneManagerProtocolServerSideTranslatorPB.java:226) ~[ozone-manager-1.4.0-SNAPSHOT.jar:?]
	at org.apache.hadoop.ozone.protocolPB.OzoneManagerProtocolServerSideTranslatorPB.processRequest(OzoneManagerProtocolServerSideTranslatorPB.java:175) ~[ozone-manager-1.4.0-SNAPSHOT.jar:?]
	at org.apache.hadoop.hdds.server.OzoneProtocolMessageDispatcher.processRequest(OzoneProtocolMessageDispatcher.java:87) [hdds-server-framework-1.4.0-SNAPSHOT.jar:?]
	at org.apache.hadoop.ozone.protocolPB.OzoneManagerProtocolServerSideTranslatorPB.submitRequest(OzoneManagerProtocolServerSideTranslatorPB.java:147) [ozone-manager-1.4.0-SNAPSHOT.jar:?]
	at org.apache.hadoop.ozone.protocol.proto.OzoneManagerProtocolProtos$OzoneManagerService$2.callBlockingMethod(OzoneManagerProtocolProtos.java) [ozone-interface-client-1.4.0-SNAPSHOT.jar:?]
	at org.apache.hadoop.ipc.ProtobufRpcEngine$Server.processCall(ProtobufRpcEngine.java:465) [hadoop-common-3.3.4.jar:?]
	at org.apache.hadoop.ipc.ProtobufRpcEngine2$Server$ProtoBufRpcInvoker.call(ProtobufRpcEngine2.java:578) [hadoop-common-3.3.4.jar:?]
	at org.apache.hadoop.ipc.ProtobufRpcEngine2$Server$ProtoBufRpcInvoker.call(ProtobufRpcEngine2.java:556) [hadoop-common-3.3.4.jar:?]
	at org.apache.hadoop.ipc.RPC$Server.call(RPC.java:1093) [hadoop-common-3.3.4.jar:?]
	at org.apache.hadoop.ipc.Server$RpcCall.run(Server.java:1043) [hadoop-common-3.3.4.jar:?]
	at org.apache.hadoop.ipc.Server$RpcCall.run(Server.java:971) [hadoop-common-3.3.4.jar:?]
	at java.security.AccessController.doPrivileged(Native Method) ~[?:1.8.0_352]
	at javax.security.auth.Subject.doAs(Subject.java:422) [?:1.8.0_352]
	at org.apache.hadoop.security.UserGroupInformation.doAs(UserGroupInformation.java:1878) [hadoop-common-3.3.4.jar:?]
	at org.apache.hadoop.ipc.Server$Handler.run(Server.java:2976) [hadoop-common-3.3.4.jar:?]
20:30:04.225 [IPC Server handler 11 on default port 38181] ERROR OMAudit - user=runner | ip=127.0.0.1 | op=GET_FILE_STATUS {volume=volume83577, bucket=bucket75634, key=level0/level3/file1, dataSize=0, replicationConfig=null} | ret=FAILURE
org.apache.hadoop.ozone.om.exceptions.OMException: Unable to get file status: volume: volume83577 bucket: bucket75634 key: level0/level3/file1
	at org.apache.hadoop.ozone.om.KeyManagerImpl.getOzoneFileStatus(KeyManagerImpl.java:1301) ~[ozone-manager-1.4.0-SNAPSHOT.jar:?]
	at org.apache.hadoop.ozone.om.KeyManagerImpl.getFileStatus(KeyManagerImpl.java:1219) ~[ozone-manager-1.4.0-SNAPSHOT.jar:?]
	at org.apache.hadoop.ozone.om.OzoneManager.getFileStatus(OzoneManager.java:3498) ~[ozone-manager-1.4.0-SNAPSHOT.jar:?]
	at org.apache.hadoop.ozone.protocolPB.OzoneManagerRequestHandler.getOzoneFileStatus(OzoneManagerRequestHandler.java:913) ~[ozone-manager-1.4.0-SNAPSHOT.jar:?]
	at org.apache.hadoop.ozone.protocolPB.OzoneManagerRequestHandler.handleReadRequest(OzoneManagerRequestHandler.java:233) ~[ozone-manager-1.4.0-SNAPSHOT.jar:?]
	at org.apache.hadoop.ozone.protocolPB.OzoneManagerProtocolServerSideTranslatorPB.submitReadRequestToOM(OzoneManagerProtocolServerSideTranslatorPB.java:226) ~[ozone-manager-1.4.0-SNAPSHOT.jar:?]
	at org.apache.hadoop.ozone.protocolPB.OzoneManagerProtocolServerSideTranslatorPB.processRequest(OzoneManagerProtocolServerSideTranslatorPB.java:175) ~[ozone-manager-1.4.0-SNAPSHOT.jar:?]
	at org.apache.hadoop.hdds.server.OzoneProtocolMessageDispatcher.processRequest(OzoneProtocolMessageDispatcher.java:87) [hdds-server-framework-1.4.0-SNAPSHOT.jar:?]
	at org.apache.hadoop.ozone.protocolPB.OzoneManagerProtocolServerSideTranslatorPB.submitRequest(OzoneManagerProtocolServerSideTranslatorPB.java:147) [ozone-manager-1.4.0-SNAPSHOT.jar:?]
	at org.apache.hadoop.ozone.protocol.proto.OzoneManagerProtocolProtos$OzoneManagerService$2.callBlockingMethod(OzoneManagerProtocolProtos.java) [ozone-interface-client-1.4.0-SNAPSHOT.jar:?]
	at org.apache.hadoop.ipc.ProtobufRpcEngine$Server.processCall(ProtobufRpcEngine.java:465) [hadoop-common-3.3.4.jar:?]
	at org.apache.hadoop.ipc.ProtobufRpcEngine2$Server$ProtoBufRpcInvoker.call(ProtobufRpcEngine2.java:578) [hadoop-common-3.3.4.jar:?]
	at org.apache.hadoop.ipc.ProtobufRpcEngine2$Server$ProtoBufRpcInvoker.call(ProtobufRpcEngine2.java:556) [hadoop-common-3.3.4.jar:?]
	at org.apache.hadoop.ipc.RPC$Server.call(RPC.java:1093) [hadoop-common-3.3.4.jar:?]
	at org.apache.hadoop.ipc.Server$RpcCall.run(Server.java:1043) [hadoop-common-3.3.4.jar:?]
	at org.apache.hadoop.ipc.Server$RpcCall.run(Server.java:971) [hadoop-common-3.3.4.jar:?]
	at java.security.AccessController.doPrivileged(Native Method) ~[?:1.8.0_352]
	at javax.security.auth.Subject.doAs(Subject.java:422) [?:1.8.0_352]
	at org.apache.hadoop.security.UserGroupInformation.doAs(UserGroupInformation.java:1878) [hadoop-common-3.3.4.jar:?]
	at org.apache.hadoop.ipc.Server$Handler.run(Server.java:2976) [hadoop-common-3.3.4.jar:?]
20:30:04.227 [IPC Server handler 5 on default port 38181] ERROR OMAudit - user=runner | ip=127.0.0.1 | op=GET_FILE_STATUS {volume=volume83577, bucket=bucket75634, key=level0/level3/level3/file1, dataSize=0, replicationConfig=null} | ret=FAILURE
org.apache.hadoop.ozone.om.exceptions.OMException: Unable to get file status: volume: volume83577 bucket: bucket75634 key: level0/level3/level3/file1
	at org.apache.hadoop.ozone.om.KeyManagerImpl.getOzoneFileStatus(KeyManagerImpl.java:1301) ~[ozone-manager-1.4.0-SNAPSHOT.jar:?]
	at org.apache.hadoop.ozone.om.KeyManagerImpl.getFileStatus(KeyManagerImpl.java:1219) ~[ozone-manager-1.4.0-SNAPSHOT.jar:?]
	at org.apache.hadoop.ozone.om.OzoneManager.getFileStatus(OzoneManager.java:3498) ~[ozone-manager-1.4.0-SNAPSHOT.jar:?]
	at org.apache.hadoop.ozone.protocolPB.OzoneManagerRequestHandler.getOzoneFileStatus(OzoneManagerRequestHandler.java:913) ~[ozone-manager-1.4.0-SNAPSHOT.jar:?]
	at org.apache.hadoop.ozone.protocolPB.OzoneManagerRequestHandler.handleReadRequest(OzoneManagerRequestHandler.java:233) ~[ozone-manager-1.4.0-SNAPSHOT.jar:?]
	at org.apache.hadoop.ozone.protocolPB.OzoneManagerProtocolServerSideTranslatorPB.submitReadRequestToOM(OzoneManagerProtocolServerSideTranslatorPB.java:226) ~[ozone-manager-1.4.0-SNAPSHOT.jar:?]
	at org.apache.hadoop.ozone.protocolPB.OzoneManagerProtocolServerSideTranslatorPB.processRequest(OzoneManagerProtocolServerSideTranslatorPB.java:175) ~[ozone-manager-1.4.0-SNAPSHOT.jar:?]
	at org.apache.hadoop.hdds.server.OzoneProtocolMessageDispatcher.processRequest(OzoneProtocolMessageDispatcher.java:87) [hdds-server-framework-1.4.0-SNAPSHOT.jar:?]
	at org.apache.hadoop.ozone.protocolPB.OzoneManagerProtocolServerSideTranslatorPB.submitRequest(OzoneManagerProtocolServerSideTranslatorPB.java:147) [ozone-manager-1.4.0-SNAPSHOT.jar:?]
	at org.apache.hadoop.ozone.protocol.proto.OzoneManagerProtocolProtos$OzoneManagerService$2.callBlockingMethod(OzoneManagerProtocolProtos.java) [ozone-interface-client-1.4.0-SNAPSHOT.jar:?]
	at org.apache.hadoop.ipc.ProtobufRpcEngine$Server.processCall(ProtobufRpcEngine.java:465) [hadoop-common-3.3.4.jar:?]
	at org.apache.hadoop.ipc.ProtobufRpcEngine2$Server$ProtoBufRpcInvoker.call(ProtobufRpcEngine2.java:578) [hadoop-common-3.3.4.jar:?]
	at org.apache.hadoop.ipc.ProtobufRpcEngine2$Server$ProtoBufRpcInvoker.call(ProtobufRpcEngine2.java:556) [hadoop-common-3.3.4.jar:?]
	at org.apache.hadoop.ipc.RPC$Server.call(RPC.java:1093) [hadoop-common-3.3.4.jar:?]
	at org.apache.hadoop.ipc.Server$RpcCall.run(Server.java:1043) [hadoop-common-3.3.4.jar:?]
	at org.apache.hadoop.ipc.Server$RpcCall.run(Server.java:971) [hadoop-common-3.3.4.jar:?]
	at java.security.AccessController.doPrivileged(Native Method) ~[?:1.8.0_352]
	at javax.security.auth.Subject.doAs(Subject.java:422) [?:1.8.0_352]
	at org.apache.hadoop.security.UserGroupInformation.doAs(UserGroupInformation.java:1878) [hadoop-common-3.3.4.jar:?]
	at org.apache.hadoop.ipc.Server$Handler.run(Server.java:2976) [hadoop-common-3.3.4.jar:?]
]]></system-out>
  </testcase>
  <testcase name="testRecursiveDelete" classname="TestOzoneFileSystem" time="0.14">
    <system-out><![CDATA[2023-01-26 20:31:14,376 [IPC Server handler 1 on default port 37459] INFO  key.OMKeyRequest (OMKeyRequest.java:wrapUncommittedBlocksAsPseudoKey(837)) - Detect allocated but uncommitted blocks [{blockID={containerID=2, localID=111677748019200014}, length=4194304, offset=0, token=null, pipeline=null, createVersion=0, partNumber=0}] in key gdir1/pdir1/child.
2023-01-26 20:31:14,380 [IPC Server handler 3 on default port 37459] INFO  key.OMKeyRequest (OMKeyRequest.java:wrapUncommittedBlocksAsPseudoKey(837)) - Detect allocated but uncommitted blocks [{blockID={containerID=4, localID=111677748019200015}, length=4194304, offset=0, token=null, pipeline=null, createVersion=0, partNumber=0}] in key gdir1/pdir2/child.
2023-01-26 20:31:14,384 [IPC Server handler 4 on default port 37459] INFO  key.OMKeyRequest (OMKeyRequest.java:wrapUncommittedBlocksAsPseudoKey(837)) - Detect allocated but uncommitted blocks [{blockID={containerID=1, localID=111677748019200016}, length=4194304, offset=0, token=null, pipeline=null, createVersion=0, partNumber=0}] in key gdir1/pdir3/child.
2023-01-26 20:31:14,387 [IPC Server handler 6 on default port 37459] INFO  key.OMKeyRequest (OMKeyRequest.java:wrapUncommittedBlocksAsPseudoKey(837)) - Detect allocated but uncommitted blocks [{blockID={containerID=3, localID=111677748019200017}, length=4194304, offset=0, token=null, pipeline=null, createVersion=0, partNumber=0}] in key gdir1/pdir4/child.
2023-01-26 20:31:14,390 [IPC Server handler 10 on default port 37459] INFO  key.OMKeyRequest (OMKeyRequest.java:wrapUncommittedBlocksAsPseudoKey(837)) - Detect allocated but uncommitted blocks [{blockID={containerID=2, localID=111677748019200018}, length=4194304, offset=0, token=null, pipeline=null, createVersion=0, partNumber=0}] in key gdir1/pdir5/child.
2023-01-26 20:31:14,393 [IPC Server handler 11 on default port 37459] INFO  key.OMKeyRequest (OMKeyRequest.java:wrapUncommittedBlocksAsPseudoKey(837)) - Detect allocated but uncommitted blocks [{blockID={containerID=4, localID=111677748019200019}, length=4194304, offset=0, token=null, pipeline=null, createVersion=0, partNumber=0}] in key gdir1/pdir6/child.
2023-01-26 20:31:14,396 [IPC Server handler 12 on default port 37459] INFO  key.OMKeyRequest (OMKeyRequest.java:wrapUncommittedBlocksAsPseudoKey(837)) - Detect allocated but uncommitted blocks [{blockID={containerID=3, localID=111677748019200020}, length=4194304, offset=0, token=null, pipeline=null, createVersion=0, partNumber=0}] in key gdir1/pdir7/child.
2023-01-26 20:31:14,400 [IPC Server handler 14 on default port 37459] INFO  key.OMKeyRequest (OMKeyRequest.java:wrapUncommittedBlocksAsPseudoKey(837)) - Detect allocated but uncommitted blocks [{blockID={containerID=2, localID=111677748019200021}, length=4194304, offset=0, token=null, pipeline=null, createVersion=0, partNumber=0}] in key gdir1/pdir8/child.
2023-01-26 20:31:14,418 [IPC Server handler 16 on default port 37459] INFO  key.OMKeyRequest (OMKeyRequest.java:wrapUncommittedBlocksAsPseudoKey(837)) - Detect allocated but uncommitted blocks [{blockID={containerID=1, localID=111677748019200022}, length=4194304, offset=0, token=null, pipeline=null, createVersion=0, partNumber=0}] in key gdir1/pdir9/child.
2023-01-26 20:31:14,421 [IPC Server handler 19 on default port 37459] INFO  key.OMKeyRequest (OMKeyRequest.java:wrapUncommittedBlocksAsPseudoKey(837)) - Detect allocated but uncommitted blocks [{blockID={containerID=4, localID=111677748019200023}, length=4194304, offset=0, token=null, pipeline=null, createVersion=0, partNumber=0}] in key gdir1/pdir10/child.
20:31:14.433 [IPC Server handler 18 on default port 37459] ERROR OMAudit - user=runner | ip=127.0.0.1 | op=GET_FILE_STATUS {volume=volume58619, bucket=bucket43836, key=gdir1, dataSize=0, replicationConfig=null} | ret=FAILURE
org.apache.hadoop.ozone.om.exceptions.OMException: Unable to get file status: volume: volume58619 bucket: bucket43836 key: gdir1
	at org.apache.hadoop.ozone.om.KeyManagerImpl.getOzoneFileStatus(KeyManagerImpl.java:1301) ~[ozone-manager-1.4.0-SNAPSHOT.jar:?]
	at org.apache.hadoop.ozone.om.KeyManagerImpl.getFileStatus(KeyManagerImpl.java:1219) ~[ozone-manager-1.4.0-SNAPSHOT.jar:?]
	at org.apache.hadoop.ozone.om.OzoneManager.getFileStatus(OzoneManager.java:3498) ~[ozone-manager-1.4.0-SNAPSHOT.jar:?]
	at org.apache.hadoop.ozone.protocolPB.OzoneManagerRequestHandler.getOzoneFileStatus(OzoneManagerRequestHandler.java:913) ~[ozone-manager-1.4.0-SNAPSHOT.jar:?]
	at org.apache.hadoop.ozone.protocolPB.OzoneManagerRequestHandler.handleReadRequest(OzoneManagerRequestHandler.java:233) ~[ozone-manager-1.4.0-SNAPSHOT.jar:?]
	at org.apache.hadoop.ozone.protocolPB.OzoneManagerProtocolServerSideTranslatorPB.submitRequestDirectlyToOM(OzoneManagerProtocolServerSideTranslatorPB.java:276) ~[ozone-manager-1.4.0-SNAPSHOT.jar:?]
	at org.apache.hadoop.ozone.protocolPB.OzoneManagerProtocolServerSideTranslatorPB.processRequest(OzoneManagerProtocolServerSideTranslatorPB.java:205) ~[ozone-manager-1.4.0-SNAPSHOT.jar:?]
	at org.apache.hadoop.hdds.server.OzoneProtocolMessageDispatcher.processRequest(OzoneProtocolMessageDispatcher.java:87) [hdds-server-framework-1.4.0-SNAPSHOT.jar:?]
	at org.apache.hadoop.ozone.protocolPB.OzoneManagerProtocolServerSideTranslatorPB.submitRequest(OzoneManagerProtocolServerSideTranslatorPB.java:147) [ozone-manager-1.4.0-SNAPSHOT.jar:?]
	at org.apache.hadoop.ozone.protocol.proto.OzoneManagerProtocolProtos$OzoneManagerService$2.callBlockingMethod(OzoneManagerProtocolProtos.java) [ozone-interface-client-1.4.0-SNAPSHOT.jar:?]
	at org.apache.hadoop.ipc.ProtobufRpcEngine$Server.processCall(ProtobufRpcEngine.java:465) [hadoop-common-3.3.4.jar:?]
	at org.apache.hadoop.ipc.ProtobufRpcEngine2$Server$ProtoBufRpcInvoker.call(ProtobufRpcEngine2.java:578) [hadoop-common-3.3.4.jar:?]
	at org.apache.hadoop.ipc.ProtobufRpcEngine2$Server$ProtoBufRpcInvoker.call(ProtobufRpcEngine2.java:556) [hadoop-common-3.3.4.jar:?]
	at org.apache.hadoop.ipc.RPC$Server.call(RPC.java:1093) [hadoop-common-3.3.4.jar:?]
	at org.apache.hadoop.ipc.Server$RpcCall.run(Server.java:1043) [hadoop-common-3.3.4.jar:?]
	at org.apache.hadoop.ipc.Server$RpcCall.run(Server.java:971) [hadoop-common-3.3.4.jar:?]
	at java.security.AccessController.doPrivileged(Native Method) ~[?:1.8.0_352]
	at javax.security.auth.Subject.doAs(Subject.java:422) [?:1.8.0_352]
	at org.apache.hadoop.security.UserGroupInformation.doAs(UserGroupInformation.java:1878) [hadoop-common-3.3.4.jar:?]
	at org.apache.hadoop.ipc.Server$Handler.run(Server.java:2976) [hadoop-common-3.3.4.jar:?]
20:31:14.434 [IPC Server handler 19 on default port 37459] ERROR OMAudit - user=runner | ip=127.0.0.1 | op=GET_FILE_STATUS {volume=volume58619, bucket=bucket43836, key=gdir1/dir1, dataSize=0, replicationConfig=null} | ret=FAILURE
org.apache.hadoop.ozone.om.exceptions.OMException: Unable to get file status: volume: volume58619 bucket: bucket43836 key: gdir1/dir1
	at org.apache.hadoop.ozone.om.KeyManagerImpl.getOzoneFileStatus(KeyManagerImpl.java:1301) ~[ozone-manager-1.4.0-SNAPSHOT.jar:?]
	at org.apache.hadoop.ozone.om.KeyManagerImpl.getFileStatus(KeyManagerImpl.java:1219) ~[ozone-manager-1.4.0-SNAPSHOT.jar:?]
	at org.apache.hadoop.ozone.om.OzoneManager.getFileStatus(OzoneManager.java:3498) ~[ozone-manager-1.4.0-SNAPSHOT.jar:?]
	at org.apache.hadoop.ozone.protocolPB.OzoneManagerRequestHandler.getOzoneFileStatus(OzoneManagerRequestHandler.java:913) ~[ozone-manager-1.4.0-SNAPSHOT.jar:?]
	at org.apache.hadoop.ozone.protocolPB.OzoneManagerRequestHandler.handleReadRequest(OzoneManagerRequestHandler.java:233) ~[ozone-manager-1.4.0-SNAPSHOT.jar:?]
	at org.apache.hadoop.ozone.protocolPB.OzoneManagerProtocolServerSideTranslatorPB.submitRequestDirectlyToOM(OzoneManagerProtocolServerSideTranslatorPB.java:276) ~[ozone-manager-1.4.0-SNAPSHOT.jar:?]
	at org.apache.hadoop.ozone.protocolPB.OzoneManagerProtocolServerSideTranslatorPB.processRequest(OzoneManagerProtocolServerSideTranslatorPB.java:205) ~[ozone-manager-1.4.0-SNAPSHOT.jar:?]
	at org.apache.hadoop.hdds.server.OzoneProtocolMessageDispatcher.processRequest(OzoneProtocolMessageDispatcher.java:87) [hdds-server-framework-1.4.0-SNAPSHOT.jar:?]
	at org.apache.hadoop.ozone.protocolPB.OzoneManagerProtocolServerSideTranslatorPB.submitRequest(OzoneManagerProtocolServerSideTranslatorPB.java:147) [ozone-manager-1.4.0-SNAPSHOT.jar:?]
	at org.apache.hadoop.ozone.protocol.proto.OzoneManagerProtocolProtos$OzoneManagerService$2.callBlockingMethod(OzoneManagerProtocolProtos.java) [ozone-interface-client-1.4.0-SNAPSHOT.jar:?]
	at org.apache.hadoop.ipc.ProtobufRpcEngine$Server.processCall(ProtobufRpcEngine.java:465) [hadoop-common-3.3.4.jar:?]
	at org.apache.hadoop.ipc.ProtobufRpcEngine2$Server$ProtoBufRpcInvoker.call(ProtobufRpcEngine2.java:578) [hadoop-common-3.3.4.jar:?]
	at org.apache.hadoop.ipc.ProtobufRpcEngine2$Server$ProtoBufRpcInvoker.call(ProtobufRpcEngine2.java:556) [hadoop-common-3.3.4.jar:?]
	at org.apache.hadoop.ipc.RPC$Server.call(RPC.java:1093) [hadoop-common-3.3.4.jar:?]
	at org.apache.hadoop.ipc.Server$RpcCall.run(Server.java:1043) [hadoop-common-3.3.4.jar:?]
	at org.apache.hadoop.ipc.Server$RpcCall.run(Server.java:971) [hadoop-common-3.3.4.jar:?]
	at java.security.AccessController.doPrivileged(Native Method) ~[?:1.8.0_352]
	at javax.security.auth.Subject.doAs(Subject.java:422) [?:1.8.0_352]
	at org.apache.hadoop.security.UserGroupInformation.doAs(UserGroupInformation.java:1878) [hadoop-common-3.3.4.jar:?]
	at org.apache.hadoop.ipc.Server$Handler.run(Server.java:2976) [hadoop-common-3.3.4.jar:?]
20:31:14.436 [IPC Server handler 0 on default port 37459] ERROR OMAudit - user=runner | ip=127.0.0.1 | op=GET_FILE_STATUS {volume=volume58619, bucket=bucket43836, key=gdir1/dir1/child, dataSize=0, replicationConfig=null} | ret=FAILURE
org.apache.hadoop.ozone.om.exceptions.OMException: Unable to get file status: volume: volume58619 bucket: bucket43836 key: gdir1/dir1/child
	at org.apache.hadoop.ozone.om.KeyManagerImpl.getOzoneFileStatus(KeyManagerImpl.java:1301) ~[ozone-manager-1.4.0-SNAPSHOT.jar:?]
	at org.apache.hadoop.ozone.om.KeyManagerImpl.getFileStatus(KeyManagerImpl.java:1219) ~[ozone-manager-1.4.0-SNAPSHOT.jar:?]
	at org.apache.hadoop.ozone.om.OzoneManager.getFileStatus(OzoneManager.java:3498) ~[ozone-manager-1.4.0-SNAPSHOT.jar:?]
	at org.apache.hadoop.ozone.protocolPB.OzoneManagerRequestHandler.getOzoneFileStatus(OzoneManagerRequestHandler.java:913) ~[ozone-manager-1.4.0-SNAPSHOT.jar:?]
	at org.apache.hadoop.ozone.protocolPB.OzoneManagerRequestHandler.handleReadRequest(OzoneManagerRequestHandler.java:233) ~[ozone-manager-1.4.0-SNAPSHOT.jar:?]
	at org.apache.hadoop.ozone.protocolPB.OzoneManagerProtocolServerSideTranslatorPB.submitRequestDirectlyToOM(OzoneManagerProtocolServerSideTranslatorPB.java:276) ~[ozone-manager-1.4.0-SNAPSHOT.jar:?]
	at org.apache.hadoop.ozone.protocolPB.OzoneManagerProtocolServerSideTranslatorPB.processRequest(OzoneManagerProtocolServerSideTranslatorPB.java:205) ~[ozone-manager-1.4.0-SNAPSHOT.jar:?]
	at org.apache.hadoop.hdds.server.OzoneProtocolMessageDispatcher.processRequest(OzoneProtocolMessageDispatcher.java:87) [hdds-server-framework-1.4.0-SNAPSHOT.jar:?]
	at org.apache.hadoop.ozone.protocolPB.OzoneManagerProtocolServerSideTranslatorPB.submitRequest(OzoneManagerProtocolServerSideTranslatorPB.java:147) [ozone-manager-1.4.0-SNAPSHOT.jar:?]
	at org.apache.hadoop.ozone.protocol.proto.OzoneManagerProtocolProtos$OzoneManagerService$2.callBlockingMethod(OzoneManagerProtocolProtos.java) [ozone-interface-client-1.4.0-SNAPSHOT.jar:?]
	at org.apache.hadoop.ipc.ProtobufRpcEngine$Server.processCall(ProtobufRpcEngine.java:465) [hadoop-common-3.3.4.jar:?]
	at org.apache.hadoop.ipc.ProtobufRpcEngine2$Server$ProtoBufRpcInvoker.call(ProtobufRpcEngine2.java:578) [hadoop-common-3.3.4.jar:?]
	at org.apache.hadoop.ipc.ProtobufRpcEngine2$Server$ProtoBufRpcInvoker.call(ProtobufRpcEngine2.java:556) [hadoop-common-3.3.4.jar:?]
	at org.apache.hadoop.ipc.RPC$Server.call(RPC.java:1093) [hadoop-common-3.3.4.jar:?]
	at org.apache.hadoop.ipc.Server$RpcCall.run(Server.java:1043) [hadoop-common-3.3.4.jar:?]
	at org.apache.hadoop.ipc.Server$RpcCall.run(Server.java:971) [hadoop-common-3.3.4.jar:?]
	at java.security.AccessController.doPrivileged(Native Method) ~[?:1.8.0_352]
	at javax.security.auth.Subject.doAs(Subject.java:422) [?:1.8.0_352]
	at org.apache.hadoop.security.UserGroupInformation.doAs(UserGroupInformation.java:1878) [hadoop-common-3.3.4.jar:?]
	at org.apache.hadoop.ipc.Server$Handler.run(Server.java:2976) [hadoop-common-3.3.4.jar:?]
20:31:14.438 [IPC Server handler 1 on default port 37459] ERROR OMAudit - user=runner | ip=127.0.0.1 | op=GET_FILE_STATUS {volume=volume58619, bucket=bucket43836, key=gdir1/dir2, dataSize=0, replicationConfig=null} | ret=FAILURE
org.apache.hadoop.ozone.om.exceptions.OMException: Unable to get file status: volume: volume58619 bucket: bucket43836 key: gdir1/dir2
	at org.apache.hadoop.ozone.om.KeyManagerImpl.getOzoneFileStatus(KeyManagerImpl.java:1301) ~[ozone-manager-1.4.0-SNAPSHOT.jar:?]
	at org.apache.hadoop.ozone.om.KeyManagerImpl.getFileStatus(KeyManagerImpl.java:1219) ~[ozone-manager-1.4.0-SNAPSHOT.jar:?]
	at org.apache.hadoop.ozone.om.OzoneManager.getFileStatus(OzoneManager.java:3498) ~[ozone-manager-1.4.0-SNAPSHOT.jar:?]
	at org.apache.hadoop.ozone.protocolPB.OzoneManagerRequestHandler.getOzoneFileStatus(OzoneManagerRequestHandler.java:913) ~[ozone-manager-1.4.0-SNAPSHOT.jar:?]
	at org.apache.hadoop.ozone.protocolPB.OzoneManagerRequestHandler.handleReadRequest(OzoneManagerRequestHandler.java:233) ~[ozone-manager-1.4.0-SNAPSHOT.jar:?]
	at org.apache.hadoop.ozone.protocolPB.OzoneManagerProtocolServerSideTranslatorPB.submitRequestDirectlyToOM(OzoneManagerProtocolServerSideTranslatorPB.java:276) ~[ozone-manager-1.4.0-SNAPSHOT.jar:?]
	at org.apache.hadoop.ozone.protocolPB.OzoneManagerProtocolServerSideTranslatorPB.processRequest(OzoneManagerProtocolServerSideTranslatorPB.java:205) ~[ozone-manager-1.4.0-SNAPSHOT.jar:?]
	at org.apache.hadoop.hdds.server.OzoneProtocolMessageDispatcher.processRequest(OzoneProtocolMessageDispatcher.java:87) [hdds-server-framework-1.4.0-SNAPSHOT.jar:?]
	at org.apache.hadoop.ozone.protocolPB.OzoneManagerProtocolServerSideTranslatorPB.submitRequest(OzoneManagerProtocolServerSideTranslatorPB.java:147) [ozone-manager-1.4.0-SNAPSHOT.jar:?]
	at org.apache.hadoop.ozone.protocol.proto.OzoneManagerProtocolProtos$OzoneManagerService$2.callBlockingMethod(OzoneManagerProtocolProtos.java) [ozone-interface-client-1.4.0-SNAPSHOT.jar:?]
	at org.apache.hadoop.ipc.ProtobufRpcEngine$Server.processCall(ProtobufRpcEngine.java:465) [hadoop-common-3.3.4.jar:?]
	at org.apache.hadoop.ipc.ProtobufRpcEngine2$Server$ProtoBufRpcInvoker.call(ProtobufRpcEngine2.java:578) [hadoop-common-3.3.4.jar:?]
	at org.apache.hadoop.ipc.ProtobufRpcEngine2$Server$ProtoBufRpcInvoker.call(ProtobufRpcEngine2.java:556) [hadoop-common-3.3.4.jar:?]
	at org.apache.hadoop.ipc.RPC$Server.call(RPC.java:1093) [hadoop-common-3.3.4.jar:?]
	at org.apache.hadoop.ipc.Server$RpcCall.run(Server.java:1043) [hadoop-common-3.3.4.jar:?]
	at org.apache.hadoop.ipc.Server$RpcCall.run(Server.java:971) [hadoop-common-3.3.4.jar:?]
	at java.security.AccessController.doPrivileged(Native Method) ~[?:1.8.0_352]
	at javax.security.auth.Subject.doAs(Subject.java:422) [?:1.8.0_352]
	at org.apache.hadoop.security.UserGroupInformation.doAs(UserGroupInformation.java:1878) [hadoop-common-3.3.4.jar:?]
	at org.apache.hadoop.ipc.Server$Handler.run(Server.java:2976) [hadoop-common-3.3.4.jar:?]
20:31:14.438 [IPC Server handler 2 on default port 37459] ERROR OMAudit - user=runner | ip=127.0.0.1 | op=GET_FILE_STATUS {volume=volume58619, bucket=bucket43836, key=gdir1/dir2/child, dataSize=0, replicationConfig=null} | ret=FAILURE
org.apache.hadoop.ozone.om.exceptions.OMException: Unable to get file status: volume: volume58619 bucket: bucket43836 key: gdir1/dir2/child
	at org.apache.hadoop.ozone.om.KeyManagerImpl.getOzoneFileStatus(KeyManagerImpl.java:1301) ~[ozone-manager-1.4.0-SNAPSHOT.jar:?]
	at org.apache.hadoop.ozone.om.KeyManagerImpl.getFileStatus(KeyManagerImpl.java:1219) ~[ozone-manager-1.4.0-SNAPSHOT.jar:?]
	at org.apache.hadoop.ozone.om.OzoneManager.getFileStatus(OzoneManager.java:3498) ~[ozone-manager-1.4.0-SNAPSHOT.jar:?]
	at org.apache.hadoop.ozone.protocolPB.OzoneManagerRequestHandler.getOzoneFileStatus(OzoneManagerRequestHandler.java:913) ~[ozone-manager-1.4.0-SNAPSHOT.jar:?]
	at org.apache.hadoop.ozone.protocolPB.OzoneManagerRequestHandler.handleReadRequest(OzoneManagerRequestHandler.java:233) ~[ozone-manager-1.4.0-SNAPSHOT.jar:?]
	at org.apache.hadoop.ozone.protocolPB.OzoneManagerProtocolServerSideTranslatorPB.submitRequestDirectlyToOM(OzoneManagerProtocolServerSideTranslatorPB.java:276) ~[ozone-manager-1.4.0-SNAPSHOT.jar:?]
	at org.apache.hadoop.ozone.protocolPB.OzoneManagerProtocolServerSideTranslatorPB.processRequest(OzoneManagerProtocolServerSideTranslatorPB.java:205) ~[ozone-manager-1.4.0-SNAPSHOT.jar:?]
	at org.apache.hadoop.hdds.server.OzoneProtocolMessageDispatcher.processRequest(OzoneProtocolMessageDispatcher.java:87) [hdds-server-framework-1.4.0-SNAPSHOT.jar:?]
	at org.apache.hadoop.ozone.protocolPB.OzoneManagerProtocolServerSideTranslatorPB.submitRequest(OzoneManagerProtocolServerSideTranslatorPB.java:147) [ozone-manager-1.4.0-SNAPSHOT.jar:?]
	at org.apache.hadoop.ozone.protocol.proto.OzoneManagerProtocolProtos$OzoneManagerService$2.callBlockingMethod(OzoneManagerProtocolProtos.java) [ozone-interface-client-1.4.0-SNAPSHOT.jar:?]
	at org.apache.hadoop.ipc.ProtobufRpcEngine$Server.processCall(ProtobufRpcEngine.java:465) [hadoop-common-3.3.4.jar:?]
	at org.apache.hadoop.ipc.ProtobufRpcEngine2$Server$ProtoBufRpcInvoker.call(ProtobufRpcEngine2.java:578) [hadoop-common-3.3.4.jar:?]
	at org.apache.hadoop.ipc.ProtobufRpcEngine2$Server$ProtoBufRpcInvoker.call(ProtobufRpcEngine2.java:556) [hadoop-common-3.3.4.jar:?]
	at org.apache.hadoop.ipc.RPC$Server.call(RPC.java:1093) [hadoop-common-3.3.4.jar:?]
	at org.apache.hadoop.ipc.Server$RpcCall.run(Server.java:1043) [hadoop-common-3.3.4.jar:?]
	at org.apache.hadoop.ipc.Server$RpcCall.run(Server.java:971) [hadoop-common-3.3.4.jar:?]
	at java.security.AccessController.doPrivileged(Native Method) ~[?:1.8.0_352]
	at javax.security.auth.Subject.doAs(Subject.java:422) [?:1.8.0_352]
	at org.apache.hadoop.security.UserGroupInformation.doAs(UserGroupInformation.java:1878) [hadoop-common-3.3.4.jar:?]
	at org.apache.hadoop.ipc.Server$Handler.run(Server.java:2976) [hadoop-common-3.3.4.jar:?]
20:31:14.439 [IPC Server handler 3 on default port 37459] ERROR OMAudit - user=runner | ip=127.0.0.1 | op=GET_FILE_STATUS {volume=volume58619, bucket=bucket43836, key=gdir1/dir3, dataSize=0, replicationConfig=null} | ret=FAILURE
org.apache.hadoop.ozone.om.exceptions.OMException: Unable to get file status: volume: volume58619 bucket: bucket43836 key: gdir1/dir3
	at org.apache.hadoop.ozone.om.KeyManagerImpl.getOzoneFileStatus(KeyManagerImpl.java:1301) ~[ozone-manager-1.4.0-SNAPSHOT.jar:?]
	at org.apache.hadoop.ozone.om.KeyManagerImpl.getFileStatus(KeyManagerImpl.java:1219) ~[ozone-manager-1.4.0-SNAPSHOT.jar:?]
	at org.apache.hadoop.ozone.om.OzoneManager.getFileStatus(OzoneManager.java:3498) ~[ozone-manager-1.4.0-SNAPSHOT.jar:?]
	at org.apache.hadoop.ozone.protocolPB.OzoneManagerRequestHandler.getOzoneFileStatus(OzoneManagerRequestHandler.java:913) ~[ozone-manager-1.4.0-SNAPSHOT.jar:?]
	at org.apache.hadoop.ozone.protocolPB.OzoneManagerRequestHandler.handleReadRequest(OzoneManagerRequestHandler.java:233) ~[ozone-manager-1.4.0-SNAPSHOT.jar:?]
	at org.apache.hadoop.ozone.protocolPB.OzoneManagerProtocolServerSideTranslatorPB.submitRequestDirectlyToOM(OzoneManagerProtocolServerSideTranslatorPB.java:276) ~[ozone-manager-1.4.0-SNAPSHOT.jar:?]
	at org.apache.hadoop.ozone.protocolPB.OzoneManagerProtocolServerSideTranslatorPB.processRequest(OzoneManagerProtocolServerSideTranslatorPB.java:205) ~[ozone-manager-1.4.0-SNAPSHOT.jar:?]
	at org.apache.hadoop.hdds.server.OzoneProtocolMessageDispatcher.processRequest(OzoneProtocolMessageDispatcher.java:87) [hdds-server-framework-1.4.0-SNAPSHOT.jar:?]
	at org.apache.hadoop.ozone.protocolPB.OzoneManagerProtocolServerSideTranslatorPB.submitRequest(OzoneManagerProtocolServerSideTranslatorPB.java:147) [ozone-manager-1.4.0-SNAPSHOT.jar:?]
	at org.apache.hadoop.ozone.protocol.proto.OzoneManagerProtocolProtos$OzoneManagerService$2.callBlockingMethod(OzoneManagerProtocolProtos.java) [ozone-interface-client-1.4.0-SNAPSHOT.jar:?]
	at org.apache.hadoop.ipc.ProtobufRpcEngine$Server.processCall(ProtobufRpcEngine.java:465) [hadoop-common-3.3.4.jar:?]
	at org.apache.hadoop.ipc.ProtobufRpcEngine2$Server$ProtoBufRpcInvoker.call(ProtobufRpcEngine2.java:578) [hadoop-common-3.3.4.jar:?]
	at org.apache.hadoop.ipc.ProtobufRpcEngine2$Server$ProtoBufRpcInvoker.call(ProtobufRpcEngine2.java:556) [hadoop-common-3.3.4.jar:?]
	at org.apache.hadoop.ipc.RPC$Server.call(RPC.java:1093) [hadoop-common-3.3.4.jar:?]
	at org.apache.hadoop.ipc.Server$RpcCall.run(Server.java:1043) [hadoop-common-3.3.4.jar:?]
	at org.apache.hadoop.ipc.Server$RpcCall.run(Server.java:971) [hadoop-common-3.3.4.jar:?]
	at java.security.AccessController.doPrivileged(Native Method) ~[?:1.8.0_352]
	at javax.security.auth.Subject.doAs(Subject.java:422) [?:1.8.0_352]
	at org.apache.hadoop.security.UserGroupInformation.doAs(UserGroupInformation.java:1878) [hadoop-common-3.3.4.jar:?]
	at org.apache.hadoop.ipc.Server$Handler.run(Server.java:2976) [hadoop-common-3.3.4.jar:?]
20:31:14.440 [IPC Server handler 5 on default port 37459] ERROR OMAudit - user=runner | ip=127.0.0.1 | op=GET_FILE_STATUS {volume=volume58619, bucket=bucket43836, key=gdir1/dir3/child, dataSize=0, replicationConfig=null} | ret=FAILURE
org.apache.hadoop.ozone.om.exceptions.OMException: Unable to get file status: volume: volume58619 bucket: bucket43836 key: gdir1/dir3/child
	at org.apache.hadoop.ozone.om.KeyManagerImpl.getOzoneFileStatus(KeyManagerImpl.java:1301) ~[ozone-manager-1.4.0-SNAPSHOT.jar:?]
	at org.apache.hadoop.ozone.om.KeyManagerImpl.getFileStatus(KeyManagerImpl.java:1219) ~[ozone-manager-1.4.0-SNAPSHOT.jar:?]
	at org.apache.hadoop.ozone.om.OzoneManager.getFileStatus(OzoneManager.java:3498) ~[ozone-manager-1.4.0-SNAPSHOT.jar:?]
	at org.apache.hadoop.ozone.protocolPB.OzoneManagerRequestHandler.getOzoneFileStatus(OzoneManagerRequestHandler.java:913) ~[ozone-manager-1.4.0-SNAPSHOT.jar:?]
	at org.apache.hadoop.ozone.protocolPB.OzoneManagerRequestHandler.handleReadRequest(OzoneManagerRequestHandler.java:233) ~[ozone-manager-1.4.0-SNAPSHOT.jar:?]
	at org.apache.hadoop.ozone.protocolPB.OzoneManagerProtocolServerSideTranslatorPB.submitRequestDirectlyToOM(OzoneManagerProtocolServerSideTranslatorPB.java:276) ~[ozone-manager-1.4.0-SNAPSHOT.jar:?]
	at org.apache.hadoop.ozone.protocolPB.OzoneManagerProtocolServerSideTranslatorPB.processRequest(OzoneManagerProtocolServerSideTranslatorPB.java:205) ~[ozone-manager-1.4.0-SNAPSHOT.jar:?]
	at org.apache.hadoop.hdds.server.OzoneProtocolMessageDispatcher.processRequest(OzoneProtocolMessageDispatcher.java:87) [hdds-server-framework-1.4.0-SNAPSHOT.jar:?]
	at org.apache.hadoop.ozone.protocolPB.OzoneManagerProtocolServerSideTranslatorPB.submitRequest(OzoneManagerProtocolServerSideTranslatorPB.java:147) [ozone-manager-1.4.0-SNAPSHOT.jar:?]
	at org.apache.hadoop.ozone.protocol.proto.OzoneManagerProtocolProtos$OzoneManagerService$2.callBlockingMethod(OzoneManagerProtocolProtos.java) [ozone-interface-client-1.4.0-SNAPSHOT.jar:?]
	at org.apache.hadoop.ipc.ProtobufRpcEngine$Server.processCall(ProtobufRpcEngine.java:465) [hadoop-common-3.3.4.jar:?]
	at org.apache.hadoop.ipc.ProtobufRpcEngine2$Server$ProtoBufRpcInvoker.call(ProtobufRpcEngine2.java:578) [hadoop-common-3.3.4.jar:?]
	at org.apache.hadoop.ipc.ProtobufRpcEngine2$Server$ProtoBufRpcInvoker.call(ProtobufRpcEngine2.java:556) [hadoop-common-3.3.4.jar:?]
	at org.apache.hadoop.ipc.RPC$Server.call(RPC.java:1093) [hadoop-common-3.3.4.jar:?]
	at org.apache.hadoop.ipc.Server$RpcCall.run(Server.java:1043) [hadoop-common-3.3.4.jar:?]
	at org.apache.hadoop.ipc.Server$RpcCall.run(Server.java:971) [hadoop-common-3.3.4.jar:?]
	at java.security.AccessController.doPrivileged(Native Method) ~[?:1.8.0_352]
	at javax.security.auth.Subject.doAs(Subject.java:422) [?:1.8.0_352]
	at org.apache.hadoop.security.UserGroupInformation.doAs(UserGroupInformation.java:1878) [hadoop-common-3.3.4.jar:?]
	at org.apache.hadoop.ipc.Server$Handler.run(Server.java:2976) [hadoop-common-3.3.4.jar:?]
20:31:14.441 [IPC Server handler 4 on default port 37459] ERROR OMAudit - user=runner | ip=127.0.0.1 | op=GET_FILE_STATUS {volume=volume58619, bucket=bucket43836, key=gdir1/dir4, dataSize=0, replicationConfig=null} | ret=FAILURE
org.apache.hadoop.ozone.om.exceptions.OMException: Unable to get file status: volume: volume58619 bucket: bucket43836 key: gdir1/dir4
	at org.apache.hadoop.ozone.om.KeyManagerImpl.getOzoneFileStatus(KeyManagerImpl.java:1301) ~[ozone-manager-1.4.0-SNAPSHOT.jar:?]
	at org.apache.hadoop.ozone.om.KeyManagerImpl.getFileStatus(KeyManagerImpl.java:1219) ~[ozone-manager-1.4.0-SNAPSHOT.jar:?]
	at org.apache.hadoop.ozone.om.OzoneManager.getFileStatus(OzoneManager.java:3498) ~[ozone-manager-1.4.0-SNAPSHOT.jar:?]
	at org.apache.hadoop.ozone.protocolPB.OzoneManagerRequestHandler.getOzoneFileStatus(OzoneManagerRequestHandler.java:913) ~[ozone-manager-1.4.0-SNAPSHOT.jar:?]
	at org.apache.hadoop.ozone.protocolPB.OzoneManagerRequestHandler.handleReadRequest(OzoneManagerRequestHandler.java:233) ~[ozone-manager-1.4.0-SNAPSHOT.jar:?]
	at org.apache.hadoop.ozone.protocolPB.OzoneManagerProtocolServerSideTranslatorPB.submitRequestDirectlyToOM(OzoneManagerProtocolServerSideTranslatorPB.java:276) ~[ozone-manager-1.4.0-SNAPSHOT.jar:?]
	at org.apache.hadoop.ozone.protocolPB.OzoneManagerProtocolServerSideTranslatorPB.processRequest(OzoneManagerProtocolServerSideTranslatorPB.java:205) ~[ozone-manager-1.4.0-SNAPSHOT.jar:?]
	at org.apache.hadoop.hdds.server.OzoneProtocolMessageDispatcher.processRequest(OzoneProtocolMessageDispatcher.java:87) [hdds-server-framework-1.4.0-SNAPSHOT.jar:?]
	at org.apache.hadoop.ozone.protocolPB.OzoneManagerProtocolServerSideTranslatorPB.submitRequest(OzoneManagerProtocolServerSideTranslatorPB.java:147) [ozone-manager-1.4.0-SNAPSHOT.jar:?]
	at org.apache.hadoop.ozone.protocol.proto.OzoneManagerProtocolProtos$OzoneManagerService$2.callBlockingMethod(OzoneManagerProtocolProtos.java) [ozone-interface-client-1.4.0-SNAPSHOT.jar:?]
	at org.apache.hadoop.ipc.ProtobufRpcEngine$Server.processCall(ProtobufRpcEngine.java:465) [hadoop-common-3.3.4.jar:?]
	at org.apache.hadoop.ipc.ProtobufRpcEngine2$Server$ProtoBufRpcInvoker.call(ProtobufRpcEngine2.java:578) [hadoop-common-3.3.4.jar:?]
	at org.apache.hadoop.ipc.ProtobufRpcEngine2$Server$ProtoBufRpcInvoker.call(ProtobufRpcEngine2.java:556) [hadoop-common-3.3.4.jar:?]
	at org.apache.hadoop.ipc.RPC$Server.call(RPC.java:1093) [hadoop-common-3.3.4.jar:?]
	at org.apache.hadoop.ipc.Server$RpcCall.run(Server.java:1043) [hadoop-common-3.3.4.jar:?]
	at org.apache.hadoop.ipc.Server$RpcCall.run(Server.java:971) [hadoop-common-3.3.4.jar:?]
	at java.security.AccessController.doPrivileged(Native Method) ~[?:1.8.0_352]
	at javax.security.auth.Subject.doAs(Subject.java:422) [?:1.8.0_352]
	at org.apache.hadoop.security.UserGroupInformation.doAs(UserGroupInformation.java:1878) [hadoop-common-3.3.4.jar:?]
	at org.apache.hadoop.ipc.Server$Handler.run(Server.java:2976) [hadoop-common-3.3.4.jar:?]
20:31:14.441 [IPC Server handler 7 on default port 37459] ERROR OMAudit - user=runner | ip=127.0.0.1 | op=GET_FILE_STATUS {volume=volume58619, bucket=bucket43836, key=gdir1/dir4/child, dataSize=0, replicationConfig=null} | ret=FAILURE
org.apache.hadoop.ozone.om.exceptions.OMException: Unable to get file status: volume: volume58619 bucket: bucket43836 key: gdir1/dir4/child
	at org.apache.hadoop.ozone.om.KeyManagerImpl.getOzoneFileStatus(KeyManagerImpl.java:1301) ~[ozone-manager-1.4.0-SNAPSHOT.jar:?]
	at org.apache.hadoop.ozone.om.KeyManagerImpl.getFileStatus(KeyManagerImpl.java:1219) ~[ozone-manager-1.4.0-SNAPSHOT.jar:?]
	at org.apache.hadoop.ozone.om.OzoneManager.getFileStatus(OzoneManager.java:3498) ~[ozone-manager-1.4.0-SNAPSHOT.jar:?]
	at org.apache.hadoop.ozone.protocolPB.OzoneManagerRequestHandler.getOzoneFileStatus(OzoneManagerRequestHandler.java:913) ~[ozone-manager-1.4.0-SNAPSHOT.jar:?]
	at org.apache.hadoop.ozone.protocolPB.OzoneManagerRequestHandler.handleReadRequest(OzoneManagerRequestHandler.java:233) ~[ozone-manager-1.4.0-SNAPSHOT.jar:?]
	at org.apache.hadoop.ozone.protocolPB.OzoneManagerProtocolServerSideTranslatorPB.submitRequestDirectlyToOM(OzoneManagerProtocolServerSideTranslatorPB.java:276) ~[ozone-manager-1.4.0-SNAPSHOT.jar:?]
	at org.apache.hadoop.ozone.protocolPB.OzoneManagerProtocolServerSideTranslatorPB.processRequest(OzoneManagerProtocolServerSideTranslatorPB.java:205) ~[ozone-manager-1.4.0-SNAPSHOT.jar:?]
	at org.apache.hadoop.hdds.server.OzoneProtocolMessageDispatcher.processRequest(OzoneProtocolMessageDispatcher.java:87) [hdds-server-framework-1.4.0-SNAPSHOT.jar:?]
	at org.apache.hadoop.ozone.protocolPB.OzoneManagerProtocolServerSideTranslatorPB.submitRequest(OzoneManagerProtocolServerSideTranslatorPB.java:147) [ozone-manager-1.4.0-SNAPSHOT.jar:?]
	at org.apache.hadoop.ozone.protocol.proto.OzoneManagerProtocolProtos$OzoneManagerService$2.callBlockingMethod(OzoneManagerProtocolProtos.java) [ozone-interface-client-1.4.0-SNAPSHOT.jar:?]
	at org.apache.hadoop.ipc.ProtobufRpcEngine$Server.processCall(ProtobufRpcEngine.java:465) [hadoop-common-3.3.4.jar:?]
	at org.apache.hadoop.ipc.ProtobufRpcEngine2$Server$ProtoBufRpcInvoker.call(ProtobufRpcEngine2.java:578) [hadoop-common-3.3.4.jar:?]
	at org.apache.hadoop.ipc.ProtobufRpcEngine2$Server$ProtoBufRpcInvoker.call(ProtobufRpcEngine2.java:556) [hadoop-common-3.3.4.jar:?]
	at org.apache.hadoop.ipc.RPC$Server.call(RPC.java:1093) [hadoop-common-3.3.4.jar:?]
	at org.apache.hadoop.ipc.Server$RpcCall.run(Server.java:1043) [hadoop-common-3.3.4.jar:?]
	at org.apache.hadoop.ipc.Server$RpcCall.run(Server.java:971) [hadoop-common-3.3.4.jar:?]
	at java.security.AccessController.doPrivileged(Native Method) ~[?:1.8.0_352]
	at javax.security.auth.Subject.doAs(Subject.java:422) [?:1.8.0_352]
	at org.apache.hadoop.security.UserGroupInformation.doAs(UserGroupInformation.java:1878) [hadoop-common-3.3.4.jar:?]
	at org.apache.hadoop.ipc.Server$Handler.run(Server.java:2976) [hadoop-common-3.3.4.jar:?]
20:31:14.442 [IPC Server handler 6 on default port 37459] ERROR OMAudit - user=runner | ip=127.0.0.1 | op=GET_FILE_STATUS {volume=volume58619, bucket=bucket43836, key=gdir1/dir5, dataSize=0, replicationConfig=null} | ret=FAILURE
org.apache.hadoop.ozone.om.exceptions.OMException: Unable to get file status: volume: volume58619 bucket: bucket43836 key: gdir1/dir5
	at org.apache.hadoop.ozone.om.KeyManagerImpl.getOzoneFileStatus(KeyManagerImpl.java:1301) ~[ozone-manager-1.4.0-SNAPSHOT.jar:?]
	at org.apache.hadoop.ozone.om.KeyManagerImpl.getFileStatus(KeyManagerImpl.java:1219) ~[ozone-manager-1.4.0-SNAPSHOT.jar:?]
	at org.apache.hadoop.ozone.om.OzoneManager.getFileStatus(OzoneManager.java:3498) ~[ozone-manager-1.4.0-SNAPSHOT.jar:?]
	at org.apache.hadoop.ozone.protocolPB.OzoneManagerRequestHandler.getOzoneFileStatus(OzoneManagerRequestHandler.java:913) ~[ozone-manager-1.4.0-SNAPSHOT.jar:?]
	at org.apache.hadoop.ozone.protocolPB.OzoneManagerRequestHandler.handleReadRequest(OzoneManagerRequestHandler.java:233) ~[ozone-manager-1.4.0-SNAPSHOT.jar:?]
	at org.apache.hadoop.ozone.protocolPB.OzoneManagerProtocolServerSideTranslatorPB.submitRequestDirectlyToOM(OzoneManagerProtocolServerSideTranslatorPB.java:276) ~[ozone-manager-1.4.0-SNAPSHOT.jar:?]
	at org.apache.hadoop.ozone.protocolPB.OzoneManagerProtocolServerSideTranslatorPB.processRequest(OzoneManagerProtocolServerSideTranslatorPB.java:205) ~[ozone-manager-1.4.0-SNAPSHOT.jar:?]
	at org.apache.hadoop.hdds.server.OzoneProtocolMessageDispatcher.processRequest(OzoneProtocolMessageDispatcher.java:87) [hdds-server-framework-1.4.0-SNAPSHOT.jar:?]
	at org.apache.hadoop.ozone.protocolPB.OzoneManagerProtocolServerSideTranslatorPB.submitRequest(OzoneManagerProtocolServerSideTranslatorPB.java:147) [ozone-manager-1.4.0-SNAPSHOT.jar:?]
	at org.apache.hadoop.ozone.protocol.proto.OzoneManagerProtocolProtos$OzoneManagerService$2.callBlockingMethod(OzoneManagerProtocolProtos.java) [ozone-interface-client-1.4.0-SNAPSHOT.jar:?]
	at org.apache.hadoop.ipc.ProtobufRpcEngine$Server.processCall(ProtobufRpcEngine.java:465) [hadoop-common-3.3.4.jar:?]
	at org.apache.hadoop.ipc.ProtobufRpcEngine2$Server$ProtoBufRpcInvoker.call(ProtobufRpcEngine2.java:578) [hadoop-common-3.3.4.jar:?]
	at org.apache.hadoop.ipc.ProtobufRpcEngine2$Server$ProtoBufRpcInvoker.call(ProtobufRpcEngine2.java:556) [hadoop-common-3.3.4.jar:?]
	at org.apache.hadoop.ipc.RPC$Server.call(RPC.java:1093) [hadoop-common-3.3.4.jar:?]
	at org.apache.hadoop.ipc.Server$RpcCall.run(Server.java:1043) [hadoop-common-3.3.4.jar:?]
	at org.apache.hadoop.ipc.Server$RpcCall.run(Server.java:971) [hadoop-common-3.3.4.jar:?]
	at java.security.AccessController.doPrivileged(Native Method) ~[?:1.8.0_352]
	at javax.security.auth.Subject.doAs(Subject.java:422) [?:1.8.0_352]
	at org.apache.hadoop.security.UserGroupInformation.doAs(UserGroupInformation.java:1878) [hadoop-common-3.3.4.jar:?]
	at org.apache.hadoop.ipc.Server$Handler.run(Server.java:2976) [hadoop-common-3.3.4.jar:?]
20:31:14.443 [IPC Server handler 8 on default port 37459] ERROR OMAudit - user=runner | ip=127.0.0.1 | op=GET_FILE_STATUS {volume=volume58619, bucket=bucket43836, key=gdir1/dir5/child, dataSize=0, replicationConfig=null} | ret=FAILURE
org.apache.hadoop.ozone.om.exceptions.OMException: Unable to get file status: volume: volume58619 bucket: bucket43836 key: gdir1/dir5/child
	at org.apache.hadoop.ozone.om.KeyManagerImpl.getOzoneFileStatus(KeyManagerImpl.java:1301) ~[ozone-manager-1.4.0-SNAPSHOT.jar:?]
	at org.apache.hadoop.ozone.om.KeyManagerImpl.getFileStatus(KeyManagerImpl.java:1219) ~[ozone-manager-1.4.0-SNAPSHOT.jar:?]
	at org.apache.hadoop.ozone.om.OzoneManager.getFileStatus(OzoneManager.java:3498) ~[ozone-manager-1.4.0-SNAPSHOT.jar:?]
	at org.apache.hadoop.ozone.protocolPB.OzoneManagerRequestHandler.getOzoneFileStatus(OzoneManagerRequestHandler.java:913) ~[ozone-manager-1.4.0-SNAPSHOT.jar:?]
	at org.apache.hadoop.ozone.protocolPB.OzoneManagerRequestHandler.handleReadRequest(OzoneManagerRequestHandler.java:233) ~[ozone-manager-1.4.0-SNAPSHOT.jar:?]
	at org.apache.hadoop.ozone.protocolPB.OzoneManagerProtocolServerSideTranslatorPB.submitRequestDirectlyToOM(OzoneManagerProtocolServerSideTranslatorPB.java:276) ~[ozone-manager-1.4.0-SNAPSHOT.jar:?]
	at org.apache.hadoop.ozone.protocolPB.OzoneManagerProtocolServerSideTranslatorPB.processRequest(OzoneManagerProtocolServerSideTranslatorPB.java:205) ~[ozone-manager-1.4.0-SNAPSHOT.jar:?]
	at org.apache.hadoop.hdds.server.OzoneProtocolMessageDispatcher.processRequest(OzoneProtocolMessageDispatcher.java:87) [hdds-server-framework-1.4.0-SNAPSHOT.jar:?]
	at org.apache.hadoop.ozone.protocolPB.OzoneManagerProtocolServerSideTranslatorPB.submitRequest(OzoneManagerProtocolServerSideTranslatorPB.java:147) [ozone-manager-1.4.0-SNAPSHOT.jar:?]
	at org.apache.hadoop.ozone.protocol.proto.OzoneManagerProtocolProtos$OzoneManagerService$2.callBlockingMethod(OzoneManagerProtocolProtos.java) [ozone-interface-client-1.4.0-SNAPSHOT.jar:?]
	at org.apache.hadoop.ipc.ProtobufRpcEngine$Server.processCall(ProtobufRpcEngine.java:465) [hadoop-common-3.3.4.jar:?]
	at org.apache.hadoop.ipc.ProtobufRpcEngine2$Server$ProtoBufRpcInvoker.call(ProtobufRpcEngine2.java:578) [hadoop-common-3.3.4.jar:?]
	at org.apache.hadoop.ipc.ProtobufRpcEngine2$Server$ProtoBufRpcInvoker.call(ProtobufRpcEngine2.java:556) [hadoop-common-3.3.4.jar:?]
	at org.apache.hadoop.ipc.RPC$Server.call(RPC.java:1093) [hadoop-common-3.3.4.jar:?]
	at org.apache.hadoop.ipc.Server$RpcCall.run(Server.java:1043) [hadoop-common-3.3.4.jar:?]
	at org.apache.hadoop.ipc.Server$RpcCall.run(Server.java:971) [hadoop-common-3.3.4.jar:?]
	at java.security.AccessController.doPrivileged(Native Method) ~[?:1.8.0_352]
	at javax.security.auth.Subject.doAs(Subject.java:422) [?:1.8.0_352]
	at org.apache.hadoop.security.UserGroupInformation.doAs(UserGroupInformation.java:1878) [hadoop-common-3.3.4.jar:?]
	at org.apache.hadoop.ipc.Server$Handler.run(Server.java:2976) [hadoop-common-3.3.4.jar:?]
20:31:14.444 [IPC Server handler 10 on default port 37459] ERROR OMAudit - user=runner | ip=127.0.0.1 | op=GET_FILE_STATUS {volume=volume58619, bucket=bucket43836, key=gdir1/dir6, dataSize=0, replicationConfig=null} | ret=FAILURE
org.apache.hadoop.ozone.om.exceptions.OMException: Unable to get file status: volume: volume58619 bucket: bucket43836 key: gdir1/dir6
	at org.apache.hadoop.ozone.om.KeyManagerImpl.getOzoneFileStatus(KeyManagerImpl.java:1301) ~[ozone-manager-1.4.0-SNAPSHOT.jar:?]
	at org.apache.hadoop.ozone.om.KeyManagerImpl.getFileStatus(KeyManagerImpl.java:1219) ~[ozone-manager-1.4.0-SNAPSHOT.jar:?]
	at org.apache.hadoop.ozone.om.OzoneManager.getFileStatus(OzoneManager.java:3498) ~[ozone-manager-1.4.0-SNAPSHOT.jar:?]
	at org.apache.hadoop.ozone.protocolPB.OzoneManagerRequestHandler.getOzoneFileStatus(OzoneManagerRequestHandler.java:913) ~[ozone-manager-1.4.0-SNAPSHOT.jar:?]
	at org.apache.hadoop.ozone.protocolPB.OzoneManagerRequestHandler.handleReadRequest(OzoneManagerRequestHandler.java:233) ~[ozone-manager-1.4.0-SNAPSHOT.jar:?]
	at org.apache.hadoop.ozone.protocolPB.OzoneManagerProtocolServerSideTranslatorPB.submitRequestDirectlyToOM(OzoneManagerProtocolServerSideTranslatorPB.java:276) ~[ozone-manager-1.4.0-SNAPSHOT.jar:?]
	at org.apache.hadoop.ozone.protocolPB.OzoneManagerProtocolServerSideTranslatorPB.processRequest(OzoneManagerProtocolServerSideTranslatorPB.java:205) ~[ozone-manager-1.4.0-SNAPSHOT.jar:?]
	at org.apache.hadoop.hdds.server.OzoneProtocolMessageDispatcher.processRequest(OzoneProtocolMessageDispatcher.java:87) [hdds-server-framework-1.4.0-SNAPSHOT.jar:?]
	at org.apache.hadoop.ozone.protocolPB.OzoneManagerProtocolServerSideTranslatorPB.submitRequest(OzoneManagerProtocolServerSideTranslatorPB.java:147) [ozone-manager-1.4.0-SNAPSHOT.jar:?]
	at org.apache.hadoop.ozone.protocol.proto.OzoneManagerProtocolProtos$OzoneManagerService$2.callBlockingMethod(OzoneManagerProtocolProtos.java) [ozone-interface-client-1.4.0-SNAPSHOT.jar:?]
	at org.apache.hadoop.ipc.ProtobufRpcEngine$Server.processCall(ProtobufRpcEngine.java:465) [hadoop-common-3.3.4.jar:?]
	at org.apache.hadoop.ipc.ProtobufRpcEngine2$Server$ProtoBufRpcInvoker.call(ProtobufRpcEngine2.java:578) [hadoop-common-3.3.4.jar:?]
	at org.apache.hadoop.ipc.ProtobufRpcEngine2$Server$ProtoBufRpcInvoker.call(ProtobufRpcEngine2.java:556) [hadoop-common-3.3.4.jar:?]
	at org.apache.hadoop.ipc.RPC$Server.call(RPC.java:1093) [hadoop-common-3.3.4.jar:?]
	at org.apache.hadoop.ipc.Server$RpcCall.run(Server.java:1043) [hadoop-common-3.3.4.jar:?]
	at org.apache.hadoop.ipc.Server$RpcCall.run(Server.java:971) [hadoop-common-3.3.4.jar:?]
	at java.security.AccessController.doPrivileged(Native Method) ~[?:1.8.0_352]
	at javax.security.auth.Subject.doAs(Subject.java:422) [?:1.8.0_352]
	at org.apache.hadoop.security.UserGroupInformation.doAs(UserGroupInformation.java:1878) [hadoop-common-3.3.4.jar:?]
	at org.apache.hadoop.ipc.Server$Handler.run(Server.java:2976) [hadoop-common-3.3.4.jar:?]
20:31:14.444 [IPC Server handler 9 on default port 37459] ERROR OMAudit - user=runner | ip=127.0.0.1 | op=GET_FILE_STATUS {volume=volume58619, bucket=bucket43836, key=gdir1/dir6/child, dataSize=0, replicationConfig=null} | ret=FAILURE
org.apache.hadoop.ozone.om.exceptions.OMException: Unable to get file status: volume: volume58619 bucket: bucket43836 key: gdir1/dir6/child
	at org.apache.hadoop.ozone.om.KeyManagerImpl.getOzoneFileStatus(KeyManagerImpl.java:1301) ~[ozone-manager-1.4.0-SNAPSHOT.jar:?]
	at org.apache.hadoop.ozone.om.KeyManagerImpl.getFileStatus(KeyManagerImpl.java:1219) ~[ozone-manager-1.4.0-SNAPSHOT.jar:?]
	at org.apache.hadoop.ozone.om.OzoneManager.getFileStatus(OzoneManager.java:3498) ~[ozone-manager-1.4.0-SNAPSHOT.jar:?]
	at org.apache.hadoop.ozone.protocolPB.OzoneManagerRequestHandler.getOzoneFileStatus(OzoneManagerRequestHandler.java:913) ~[ozone-manager-1.4.0-SNAPSHOT.jar:?]
	at org.apache.hadoop.ozone.protocolPB.OzoneManagerRequestHandler.handleReadRequest(OzoneManagerRequestHandler.java:233) ~[ozone-manager-1.4.0-SNAPSHOT.jar:?]
	at org.apache.hadoop.ozone.protocolPB.OzoneManagerProtocolServerSideTranslatorPB.submitRequestDirectlyToOM(OzoneManagerProtocolServerSideTranslatorPB.java:276) ~[ozone-manager-1.4.0-SNAPSHOT.jar:?]
	at org.apache.hadoop.ozone.protocolPB.OzoneManagerProtocolServerSideTranslatorPB.processRequest(OzoneManagerProtocolServerSideTranslatorPB.java:205) ~[ozone-manager-1.4.0-SNAPSHOT.jar:?]
	at org.apache.hadoop.hdds.server.OzoneProtocolMessageDispatcher.processRequest(OzoneProtocolMessageDispatcher.java:87) [hdds-server-framework-1.4.0-SNAPSHOT.jar:?]
	at org.apache.hadoop.ozone.protocolPB.OzoneManagerProtocolServerSideTranslatorPB.submitRequest(OzoneManagerProtocolServerSideTranslatorPB.java:147) [ozone-manager-1.4.0-SNAPSHOT.jar:?]
	at org.apache.hadoop.ozone.protocol.proto.OzoneManagerProtocolProtos$OzoneManagerService$2.callBlockingMethod(OzoneManagerProtocolProtos.java) [ozone-interface-client-1.4.0-SNAPSHOT.jar:?]
	at org.apache.hadoop.ipc.ProtobufRpcEngine$Server.processCall(ProtobufRpcEngine.java:465) [hadoop-common-3.3.4.jar:?]
	at org.apache.hadoop.ipc.ProtobufRpcEngine2$Server$ProtoBufRpcInvoker.call(ProtobufRpcEngine2.java:578) [hadoop-common-3.3.4.jar:?]
	at org.apache.hadoop.ipc.ProtobufRpcEngine2$Server$ProtoBufRpcInvoker.call(ProtobufRpcEngine2.java:556) [hadoop-common-3.3.4.jar:?]
	at org.apache.hadoop.ipc.RPC$Server.call(RPC.java:1093) [hadoop-common-3.3.4.jar:?]
	at org.apache.hadoop.ipc.Server$RpcCall.run(Server.java:1043) [hadoop-common-3.3.4.jar:?]
	at org.apache.hadoop.ipc.Server$RpcCall.run(Server.java:971) [hadoop-common-3.3.4.jar:?]
	at java.security.AccessController.doPrivileged(Native Method) ~[?:1.8.0_352]
	at javax.security.auth.Subject.doAs(Subject.java:422) [?:1.8.0_352]
	at org.apache.hadoop.security.UserGroupInformation.doAs(UserGroupInformation.java:1878) [hadoop-common-3.3.4.jar:?]
	at org.apache.hadoop.ipc.Server$Handler.run(Server.java:2976) [hadoop-common-3.3.4.jar:?]
20:31:14.445 [IPC Server handler 11 on default port 37459] ERROR OMAudit - user=runner | ip=127.0.0.1 | op=GET_FILE_STATUS {volume=volume58619, bucket=bucket43836, key=gdir1/dir7, dataSize=0, replicationConfig=null} | ret=FAILURE
org.apache.hadoop.ozone.om.exceptions.OMException: Unable to get file status: volume: volume58619 bucket: bucket43836 key: gdir1/dir7
	at org.apache.hadoop.ozone.om.KeyManagerImpl.getOzoneFileStatus(KeyManagerImpl.java:1301) ~[ozone-manager-1.4.0-SNAPSHOT.jar:?]
	at org.apache.hadoop.ozone.om.KeyManagerImpl.getFileStatus(KeyManagerImpl.java:1219) ~[ozone-manager-1.4.0-SNAPSHOT.jar:?]
	at org.apache.hadoop.ozone.om.OzoneManager.getFileStatus(OzoneManager.java:3498) ~[ozone-manager-1.4.0-SNAPSHOT.jar:?]
	at org.apache.hadoop.ozone.protocolPB.OzoneManagerRequestHandler.getOzoneFileStatus(OzoneManagerRequestHandler.java:913) ~[ozone-manager-1.4.0-SNAPSHOT.jar:?]
	at org.apache.hadoop.ozone.protocolPB.OzoneManagerRequestHandler.handleReadRequest(OzoneManagerRequestHandler.java:233) ~[ozone-manager-1.4.0-SNAPSHOT.jar:?]
	at org.apache.hadoop.ozone.protocolPB.OzoneManagerProtocolServerSideTranslatorPB.submitRequestDirectlyToOM(OzoneManagerProtocolServerSideTranslatorPB.java:276) ~[ozone-manager-1.4.0-SNAPSHOT.jar:?]
	at org.apache.hadoop.ozone.protocolPB.OzoneManagerProtocolServerSideTranslatorPB.processRequest(OzoneManagerProtocolServerSideTranslatorPB.java:205) ~[ozone-manager-1.4.0-SNAPSHOT.jar:?]
	at org.apache.hadoop.hdds.server.OzoneProtocolMessageDispatcher.processRequest(OzoneProtocolMessageDispatcher.java:87) [hdds-server-framework-1.4.0-SNAPSHOT.jar:?]
	at org.apache.hadoop.ozone.protocolPB.OzoneManagerProtocolServerSideTranslatorPB.submitRequest(OzoneManagerProtocolServerSideTranslatorPB.java:147) [ozone-manager-1.4.0-SNAPSHOT.jar:?]
	at org.apache.hadoop.ozone.protocol.proto.OzoneManagerProtocolProtos$OzoneManagerService$2.callBlockingMethod(OzoneManagerProtocolProtos.java) [ozone-interface-client-1.4.0-SNAPSHOT.jar:?]
	at org.apache.hadoop.ipc.ProtobufRpcEngine$Server.processCall(ProtobufRpcEngine.java:465) [hadoop-common-3.3.4.jar:?]
	at org.apache.hadoop.ipc.ProtobufRpcEngine2$Server$ProtoBufRpcInvoker.call(ProtobufRpcEngine2.java:578) [hadoop-common-3.3.4.jar:?]
	at org.apache.hadoop.ipc.ProtobufRpcEngine2$Server$ProtoBufRpcInvoker.call(ProtobufRpcEngine2.java:556) [hadoop-common-3.3.4.jar:?]
	at org.apache.hadoop.ipc.RPC$Server.call(RPC.java:1093) [hadoop-common-3.3.4.jar:?]
	at org.apache.hadoop.ipc.Server$RpcCall.run(Server.java:1043) [hadoop-common-3.3.4.jar:?]
	at org.apache.hadoop.ipc.Server$RpcCall.run(Server.java:971) [hadoop-common-3.3.4.jar:?]
	at java.security.AccessController.doPrivileged(Native Method) ~[?:1.8.0_352]
	at javax.security.auth.Subject.doAs(Subject.java:422) [?:1.8.0_352]
	at org.apache.hadoop.security.UserGroupInformation.doAs(UserGroupInformation.java:1878) [hadoop-common-3.3.4.jar:?]
	at org.apache.hadoop.ipc.Server$Handler.run(Server.java:2976) [hadoop-common-3.3.4.jar:?]
20:31:14.446 [IPC Server handler 13 on default port 37459] ERROR OMAudit - user=runner | ip=127.0.0.1 | op=GET_FILE_STATUS {volume=volume58619, bucket=bucket43836, key=gdir1/dir7/child, dataSize=0, replicationConfig=null} | ret=FAILURE
org.apache.hadoop.ozone.om.exceptions.OMException: Unable to get file status: volume: volume58619 bucket: bucket43836 key: gdir1/dir7/child
	at org.apache.hadoop.ozone.om.KeyManagerImpl.getOzoneFileStatus(KeyManagerImpl.java:1301) ~[ozone-manager-1.4.0-SNAPSHOT.jar:?]
	at org.apache.hadoop.ozone.om.KeyManagerImpl.getFileStatus(KeyManagerImpl.java:1219) ~[ozone-manager-1.4.0-SNAPSHOT.jar:?]
	at org.apache.hadoop.ozone.om.OzoneManager.getFileStatus(OzoneManager.java:3498) ~[ozone-manager-1.4.0-SNAPSHOT.jar:?]
	at org.apache.hadoop.ozone.protocolPB.OzoneManagerRequestHandler.getOzoneFileStatus(OzoneManagerRequestHandler.java:913) ~[ozone-manager-1.4.0-SNAPSHOT.jar:?]
	at org.apache.hadoop.ozone.protocolPB.OzoneManagerRequestHandler.handleReadRequest(OzoneManagerRequestHandler.java:233) ~[ozone-manager-1.4.0-SNAPSHOT.jar:?]
	at org.apache.hadoop.ozone.protocolPB.OzoneManagerProtocolServerSideTranslatorPB.submitRequestDirectlyToOM(OzoneManagerProtocolServerSideTranslatorPB.java:276) ~[ozone-manager-1.4.0-SNAPSHOT.jar:?]
	at org.apache.hadoop.ozone.protocolPB.OzoneManagerProtocolServerSideTranslatorPB.processRequest(OzoneManagerProtocolServerSideTranslatorPB.java:205) ~[ozone-manager-1.4.0-SNAPSHOT.jar:?]
	at org.apache.hadoop.hdds.server.OzoneProtocolMessageDispatcher.processRequest(OzoneProtocolMessageDispatcher.java:87) [hdds-server-framework-1.4.0-SNAPSHOT.jar:?]
	at org.apache.hadoop.ozone.protocolPB.OzoneManagerProtocolServerSideTranslatorPB.submitRequest(OzoneManagerProtocolServerSideTranslatorPB.java:147) [ozone-manager-1.4.0-SNAPSHOT.jar:?]
	at org.apache.hadoop.ozone.protocol.proto.OzoneManagerProtocolProtos$OzoneManagerService$2.callBlockingMethod(OzoneManagerProtocolProtos.java) [ozone-interface-client-1.4.0-SNAPSHOT.jar:?]
	at org.apache.hadoop.ipc.ProtobufRpcEngine$Server.processCall(ProtobufRpcEngine.java:465) [hadoop-common-3.3.4.jar:?]
	at org.apache.hadoop.ipc.ProtobufRpcEngine2$Server$ProtoBufRpcInvoker.call(ProtobufRpcEngine2.java:578) [hadoop-common-3.3.4.jar:?]
	at org.apache.hadoop.ipc.ProtobufRpcEngine2$Server$ProtoBufRpcInvoker.call(ProtobufRpcEngine2.java:556) [hadoop-common-3.3.4.jar:?]
	at org.apache.hadoop.ipc.RPC$Server.call(RPC.java:1093) [hadoop-common-3.3.4.jar:?]
	at org.apache.hadoop.ipc.Server$RpcCall.run(Server.java:1043) [hadoop-common-3.3.4.jar:?]
	at org.apache.hadoop.ipc.Server$RpcCall.run(Server.java:971) [hadoop-common-3.3.4.jar:?]
	at java.security.AccessController.doPrivileged(Native Method) ~[?:1.8.0_352]
	at javax.security.auth.Subject.doAs(Subject.java:422) [?:1.8.0_352]
	at org.apache.hadoop.security.UserGroupInformation.doAs(UserGroupInformation.java:1878) [hadoop-common-3.3.4.jar:?]
	at org.apache.hadoop.ipc.Server$Handler.run(Server.java:2976) [hadoop-common-3.3.4.jar:?]
20:31:14.448 [IPC Server handler 12 on default port 37459] ERROR OMAudit - user=runner | ip=127.0.0.1 | op=GET_FILE_STATUS {volume=volume58619, bucket=bucket43836, key=gdir1/dir8, dataSize=0, replicationConfig=null} | ret=FAILURE
org.apache.hadoop.ozone.om.exceptions.OMException: Unable to get file status: volume: volume58619 bucket: bucket43836 key: gdir1/dir8
	at org.apache.hadoop.ozone.om.KeyManagerImpl.getOzoneFileStatus(KeyManagerImpl.java:1301) ~[ozone-manager-1.4.0-SNAPSHOT.jar:?]
	at org.apache.hadoop.ozone.om.KeyManagerImpl.getFileStatus(KeyManagerImpl.java:1219) ~[ozone-manager-1.4.0-SNAPSHOT.jar:?]
	at org.apache.hadoop.ozone.om.OzoneManager.getFileStatus(OzoneManager.java:3498) ~[ozone-manager-1.4.0-SNAPSHOT.jar:?]
	at org.apache.hadoop.ozone.protocolPB.OzoneManagerRequestHandler.getOzoneFileStatus(OzoneManagerRequestHandler.java:913) ~[ozone-manager-1.4.0-SNAPSHOT.jar:?]
	at org.apache.hadoop.ozone.protocolPB.OzoneManagerRequestHandler.handleReadRequest(OzoneManagerRequestHandler.java:233) ~[ozone-manager-1.4.0-SNAPSHOT.jar:?]
	at org.apache.hadoop.ozone.protocolPB.OzoneManagerProtocolServerSideTranslatorPB.submitRequestDirectlyToOM(OzoneManagerProtocolServerSideTranslatorPB.java:276) ~[ozone-manager-1.4.0-SNAPSHOT.jar:?]
	at org.apache.hadoop.ozone.protocolPB.OzoneManagerProtocolServerSideTranslatorPB.processRequest(OzoneManagerProtocolServerSideTranslatorPB.java:205) ~[ozone-manager-1.4.0-SNAPSHOT.jar:?]
	at org.apache.hadoop.hdds.server.OzoneProtocolMessageDispatcher.processRequest(OzoneProtocolMessageDispatcher.java:87) [hdds-server-framework-1.4.0-SNAPSHOT.jar:?]
	at org.apache.hadoop.ozone.protocolPB.OzoneManagerProtocolServerSideTranslatorPB.submitRequest(OzoneManagerProtocolServerSideTranslatorPB.java:147) [ozone-manager-1.4.0-SNAPSHOT.jar:?]
	at org.apache.hadoop.ozone.protocol.proto.OzoneManagerProtocolProtos$OzoneManagerService$2.callBlockingMethod(OzoneManagerProtocolProtos.java) [ozone-interface-client-1.4.0-SNAPSHOT.jar:?]
	at org.apache.hadoop.ipc.ProtobufRpcEngine$Server.processCall(ProtobufRpcEngine.java:465) [hadoop-common-3.3.4.jar:?]
	at org.apache.hadoop.ipc.ProtobufRpcEngine2$Server$ProtoBufRpcInvoker.call(ProtobufRpcEngine2.java:578) [hadoop-common-3.3.4.jar:?]
	at org.apache.hadoop.ipc.ProtobufRpcEngine2$Server$ProtoBufRpcInvoker.call(ProtobufRpcEngine2.java:556) [hadoop-common-3.3.4.jar:?]
	at org.apache.hadoop.ipc.RPC$Server.call(RPC.java:1093) [hadoop-common-3.3.4.jar:?]
	at org.apache.hadoop.ipc.Server$RpcCall.run(Server.java:1043) [hadoop-common-3.3.4.jar:?]
	at org.apache.hadoop.ipc.Server$RpcCall.run(Server.java:971) [hadoop-common-3.3.4.jar:?]
	at java.security.AccessController.doPrivileged(Native Method) ~[?:1.8.0_352]
	at javax.security.auth.Subject.doAs(Subject.java:422) [?:1.8.0_352]
	at org.apache.hadoop.security.UserGroupInformation.doAs(UserGroupInformation.java:1878) [hadoop-common-3.3.4.jar:?]
	at org.apache.hadoop.ipc.Server$Handler.run(Server.java:2976) [hadoop-common-3.3.4.jar:?]
20:31:14.449 [IPC Server handler 15 on default port 37459] ERROR OMAudit - user=runner | ip=127.0.0.1 | op=GET_FILE_STATUS {volume=volume58619, bucket=bucket43836, key=gdir1/dir8/child, dataSize=0, replicationConfig=null} | ret=FAILURE
org.apache.hadoop.ozone.om.exceptions.OMException: Unable to get file status: volume: volume58619 bucket: bucket43836 key: gdir1/dir8/child
	at org.apache.hadoop.ozone.om.KeyManagerImpl.getOzoneFileStatus(KeyManagerImpl.java:1301) ~[ozone-manager-1.4.0-SNAPSHOT.jar:?]
	at org.apache.hadoop.ozone.om.KeyManagerImpl.getFileStatus(KeyManagerImpl.java:1219) ~[ozone-manager-1.4.0-SNAPSHOT.jar:?]
	at org.apache.hadoop.ozone.om.OzoneManager.getFileStatus(OzoneManager.java:3498) ~[ozone-manager-1.4.0-SNAPSHOT.jar:?]
	at org.apache.hadoop.ozone.protocolPB.OzoneManagerRequestHandler.getOzoneFileStatus(OzoneManagerRequestHandler.java:913) ~[ozone-manager-1.4.0-SNAPSHOT.jar:?]
	at org.apache.hadoop.ozone.protocolPB.OzoneManagerRequestHandler.handleReadRequest(OzoneManagerRequestHandler.java:233) ~[ozone-manager-1.4.0-SNAPSHOT.jar:?]
	at org.apache.hadoop.ozone.protocolPB.OzoneManagerProtocolServerSideTranslatorPB.submitRequestDirectlyToOM(OzoneManagerProtocolServerSideTranslatorPB.java:276) ~[ozone-manager-1.4.0-SNAPSHOT.jar:?]
	at org.apache.hadoop.ozone.protocolPB.OzoneManagerProtocolServerSideTranslatorPB.processRequest(OzoneManagerProtocolServerSideTranslatorPB.java:205) ~[ozone-manager-1.4.0-SNAPSHOT.jar:?]
	at org.apache.hadoop.hdds.server.OzoneProtocolMessageDispatcher.processRequest(OzoneProtocolMessageDispatcher.java:87) [hdds-server-framework-1.4.0-SNAPSHOT.jar:?]
	at org.apache.hadoop.ozone.protocolPB.OzoneManagerProtocolServerSideTranslatorPB.submitRequest(OzoneManagerProtocolServerSideTranslatorPB.java:147) [ozone-manager-1.4.0-SNAPSHOT.jar:?]
	at org.apache.hadoop.ozone.protocol.proto.OzoneManagerProtocolProtos$OzoneManagerService$2.callBlockingMethod(OzoneManagerProtocolProtos.java) [ozone-interface-client-1.4.0-SNAPSHOT.jar:?]
	at org.apache.hadoop.ipc.ProtobufRpcEngine$Server.processCall(ProtobufRpcEngine.java:465) [hadoop-common-3.3.4.jar:?]
	at org.apache.hadoop.ipc.ProtobufRpcEngine2$Server$ProtoBufRpcInvoker.call(ProtobufRpcEngine2.java:578) [hadoop-common-3.3.4.jar:?]
	at org.apache.hadoop.ipc.ProtobufRpcEngine2$Server$ProtoBufRpcInvoker.call(ProtobufRpcEngine2.java:556) [hadoop-common-3.3.4.jar:?]
	at org.apache.hadoop.ipc.RPC$Server.call(RPC.java:1093) [hadoop-common-3.3.4.jar:?]
	at org.apache.hadoop.ipc.Server$RpcCall.run(Server.java:1043) [hadoop-common-3.3.4.jar:?]
	at org.apache.hadoop.ipc.Server$RpcCall.run(Server.java:971) [hadoop-common-3.3.4.jar:?]
	at java.security.AccessController.doPrivileged(Native Method) ~[?:1.8.0_352]
	at javax.security.auth.Subject.doAs(Subject.java:422) [?:1.8.0_352]
	at org.apache.hadoop.security.UserGroupInformation.doAs(UserGroupInformation.java:1878) [hadoop-common-3.3.4.jar:?]
	at org.apache.hadoop.ipc.Server$Handler.run(Server.java:2976) [hadoop-common-3.3.4.jar:?]
20:31:14.449 [IPC Server handler 14 on default port 37459] ERROR OMAudit - user=runner | ip=127.0.0.1 | op=GET_FILE_STATUS {volume=volume58619, bucket=bucket43836, key=gdir1/dir9, dataSize=0, replicationConfig=null} | ret=FAILURE
org.apache.hadoop.ozone.om.exceptions.OMException: Unable to get file status: volume: volume58619 bucket: bucket43836 key: gdir1/dir9
	at org.apache.hadoop.ozone.om.KeyManagerImpl.getOzoneFileStatus(KeyManagerImpl.java:1301) ~[ozone-manager-1.4.0-SNAPSHOT.jar:?]
	at org.apache.hadoop.ozone.om.KeyManagerImpl.getFileStatus(KeyManagerImpl.java:1219) ~[ozone-manager-1.4.0-SNAPSHOT.jar:?]
	at org.apache.hadoop.ozone.om.OzoneManager.getFileStatus(OzoneManager.java:3498) ~[ozone-manager-1.4.0-SNAPSHOT.jar:?]
	at org.apache.hadoop.ozone.protocolPB.OzoneManagerRequestHandler.getOzoneFileStatus(OzoneManagerRequestHandler.java:913) ~[ozone-manager-1.4.0-SNAPSHOT.jar:?]
	at org.apache.hadoop.ozone.protocolPB.OzoneManagerRequestHandler.handleReadRequest(OzoneManagerRequestHandler.java:233) ~[ozone-manager-1.4.0-SNAPSHOT.jar:?]
	at org.apache.hadoop.ozone.protocolPB.OzoneManagerProtocolServerSideTranslatorPB.submitRequestDirectlyToOM(OzoneManagerProtocolServerSideTranslatorPB.java:276) ~[ozone-manager-1.4.0-SNAPSHOT.jar:?]
	at org.apache.hadoop.ozone.protocolPB.OzoneManagerProtocolServerSideTranslatorPB.processRequest(OzoneManagerProtocolServerSideTranslatorPB.java:205) ~[ozone-manager-1.4.0-SNAPSHOT.jar:?]
	at org.apache.hadoop.hdds.server.OzoneProtocolMessageDispatcher.processRequest(OzoneProtocolMessageDispatcher.java:87) [hdds-server-framework-1.4.0-SNAPSHOT.jar:?]
	at org.apache.hadoop.ozone.protocolPB.OzoneManagerProtocolServerSideTranslatorPB.submitRequest(OzoneManagerProtocolServerSideTranslatorPB.java:147) [ozone-manager-1.4.0-SNAPSHOT.jar:?]
	at org.apache.hadoop.ozone.protocol.proto.OzoneManagerProtocolProtos$OzoneManagerService$2.callBlockingMethod(OzoneManagerProtocolProtos.java) [ozone-interface-client-1.4.0-SNAPSHOT.jar:?]
	at org.apache.hadoop.ipc.ProtobufRpcEngine$Server.processCall(ProtobufRpcEngine.java:465) [hadoop-common-3.3.4.jar:?]
	at org.apache.hadoop.ipc.ProtobufRpcEngine2$Server$ProtoBufRpcInvoker.call(ProtobufRpcEngine2.java:578) [hadoop-common-3.3.4.jar:?]
	at org.apache.hadoop.ipc.ProtobufRpcEngine2$Server$ProtoBufRpcInvoker.call(ProtobufRpcEngine2.java:556) [hadoop-common-3.3.4.jar:?]
	at org.apache.hadoop.ipc.RPC$Server.call(RPC.java:1093) [hadoop-common-3.3.4.jar:?]
	at org.apache.hadoop.ipc.Server$RpcCall.run(Server.java:1043) [hadoop-common-3.3.4.jar:?]
	at org.apache.hadoop.ipc.Server$RpcCall.run(Server.java:971) [hadoop-common-3.3.4.jar:?]
	at java.security.AccessController.doPrivileged(Native Method) ~[?:1.8.0_352]
	at javax.security.auth.Subject.doAs(Subject.java:422) [?:1.8.0_352]
	at org.apache.hadoop.security.UserGroupInformation.doAs(UserGroupInformation.java:1878) [hadoop-common-3.3.4.jar:?]
	at org.apache.hadoop.ipc.Server$Handler.run(Server.java:2976) [hadoop-common-3.3.4.jar:?]
20:31:14.450 [IPC Server handler 17 on default port 37459] ERROR OMAudit - user=runner | ip=127.0.0.1 | op=GET_FILE_STATUS {volume=volume58619, bucket=bucket43836, key=gdir1/dir9/child, dataSize=0, replicationConfig=null} | ret=FAILURE
org.apache.hadoop.ozone.om.exceptions.OMException: Unable to get file status: volume: volume58619 bucket: bucket43836 key: gdir1/dir9/child
	at org.apache.hadoop.ozone.om.KeyManagerImpl.getOzoneFileStatus(KeyManagerImpl.java:1301) ~[ozone-manager-1.4.0-SNAPSHOT.jar:?]
	at org.apache.hadoop.ozone.om.KeyManagerImpl.getFileStatus(KeyManagerImpl.java:1219) ~[ozone-manager-1.4.0-SNAPSHOT.jar:?]
	at org.apache.hadoop.ozone.om.OzoneManager.getFileStatus(OzoneManager.java:3498) ~[ozone-manager-1.4.0-SNAPSHOT.jar:?]
	at org.apache.hadoop.ozone.protocolPB.OzoneManagerRequestHandler.getOzoneFileStatus(OzoneManagerRequestHandler.java:913) ~[ozone-manager-1.4.0-SNAPSHOT.jar:?]
	at org.apache.hadoop.ozone.protocolPB.OzoneManagerRequestHandler.handleReadRequest(OzoneManagerRequestHandler.java:233) ~[ozone-manager-1.4.0-SNAPSHOT.jar:?]
	at org.apache.hadoop.ozone.protocolPB.OzoneManagerProtocolServerSideTranslatorPB.submitRequestDirectlyToOM(OzoneManagerProtocolServerSideTranslatorPB.java:276) ~[ozone-manager-1.4.0-SNAPSHOT.jar:?]
	at org.apache.hadoop.ozone.protocolPB.OzoneManagerProtocolServerSideTranslatorPB.processRequest(OzoneManagerProtocolServerSideTranslatorPB.java:205) ~[ozone-manager-1.4.0-SNAPSHOT.jar:?]
	at org.apache.hadoop.hdds.server.OzoneProtocolMessageDispatcher.processRequest(OzoneProtocolMessageDispatcher.java:87) [hdds-server-framework-1.4.0-SNAPSHOT.jar:?]
	at org.apache.hadoop.ozone.protocolPB.OzoneManagerProtocolServerSideTranslatorPB.submitRequest(OzoneManagerProtocolServerSideTranslatorPB.java:147) [ozone-manager-1.4.0-SNAPSHOT.jar:?]
	at org.apache.hadoop.ozone.protocol.proto.OzoneManagerProtocolProtos$OzoneManagerService$2.callBlockingMethod(OzoneManagerProtocolProtos.java) [ozone-interface-client-1.4.0-SNAPSHOT.jar:?]
	at org.apache.hadoop.ipc.ProtobufRpcEngine$Server.processCall(ProtobufRpcEngine.java:465) [hadoop-common-3.3.4.jar:?]
	at org.apache.hadoop.ipc.ProtobufRpcEngine2$Server$ProtoBufRpcInvoker.call(ProtobufRpcEngine2.java:578) [hadoop-common-3.3.4.jar:?]
	at org.apache.hadoop.ipc.ProtobufRpcEngine2$Server$ProtoBufRpcInvoker.call(ProtobufRpcEngine2.java:556) [hadoop-common-3.3.4.jar:?]
	at org.apache.hadoop.ipc.RPC$Server.call(RPC.java:1093) [hadoop-common-3.3.4.jar:?]
	at org.apache.hadoop.ipc.Server$RpcCall.run(Server.java:1043) [hadoop-common-3.3.4.jar:?]
	at org.apache.hadoop.ipc.Server$RpcCall.run(Server.java:971) [hadoop-common-3.3.4.jar:?]
	at java.security.AccessController.doPrivileged(Native Method) ~[?:1.8.0_352]
	at javax.security.auth.Subject.doAs(Subject.java:422) [?:1.8.0_352]
	at org.apache.hadoop.security.UserGroupInformation.doAs(UserGroupInformation.java:1878) [hadoop-common-3.3.4.jar:?]
	at org.apache.hadoop.ipc.Server$Handler.run(Server.java:2976) [hadoop-common-3.3.4.jar:?]
20:31:14.451 [IPC Server handler 16 on default port 37459] ERROR OMAudit - user=runner | ip=127.0.0.1 | op=GET_FILE_STATUS {volume=volume58619, bucket=bucket43836, key=gdir1/dir10, dataSize=0, replicationConfig=null} | ret=FAILURE
org.apache.hadoop.ozone.om.exceptions.OMException: Unable to get file status: volume: volume58619 bucket: bucket43836 key: gdir1/dir10
	at org.apache.hadoop.ozone.om.KeyManagerImpl.getOzoneFileStatus(KeyManagerImpl.java:1301) ~[ozone-manager-1.4.0-SNAPSHOT.jar:?]
	at org.apache.hadoop.ozone.om.KeyManagerImpl.getFileStatus(KeyManagerImpl.java:1219) ~[ozone-manager-1.4.0-SNAPSHOT.jar:?]
	at org.apache.hadoop.ozone.om.OzoneManager.getFileStatus(OzoneManager.java:3498) ~[ozone-manager-1.4.0-SNAPSHOT.jar:?]
	at org.apache.hadoop.ozone.protocolPB.OzoneManagerRequestHandler.getOzoneFileStatus(OzoneManagerRequestHandler.java:913) ~[ozone-manager-1.4.0-SNAPSHOT.jar:?]
	at org.apache.hadoop.ozone.protocolPB.OzoneManagerRequestHandler.handleReadRequest(OzoneManagerRequestHandler.java:233) ~[ozone-manager-1.4.0-SNAPSHOT.jar:?]
	at org.apache.hadoop.ozone.protocolPB.OzoneManagerProtocolServerSideTranslatorPB.submitRequestDirectlyToOM(OzoneManagerProtocolServerSideTranslatorPB.java:276) ~[ozone-manager-1.4.0-SNAPSHOT.jar:?]
	at org.apache.hadoop.ozone.protocolPB.OzoneManagerProtocolServerSideTranslatorPB.processRequest(OzoneManagerProtocolServerSideTranslatorPB.java:205) ~[ozone-manager-1.4.0-SNAPSHOT.jar:?]
	at org.apache.hadoop.hdds.server.OzoneProtocolMessageDispatcher.processRequest(OzoneProtocolMessageDispatcher.java:87) [hdds-server-framework-1.4.0-SNAPSHOT.jar:?]
	at org.apache.hadoop.ozone.protocolPB.OzoneManagerProtocolServerSideTranslatorPB.submitRequest(OzoneManagerProtocolServerSideTranslatorPB.java:147) [ozone-manager-1.4.0-SNAPSHOT.jar:?]
	at org.apache.hadoop.ozone.protocol.proto.OzoneManagerProtocolProtos$OzoneManagerService$2.callBlockingMethod(OzoneManagerProtocolProtos.java) [ozone-interface-client-1.4.0-SNAPSHOT.jar:?]
	at org.apache.hadoop.ipc.ProtobufRpcEngine$Server.processCall(ProtobufRpcEngine.java:465) [hadoop-common-3.3.4.jar:?]
	at org.apache.hadoop.ipc.ProtobufRpcEngine2$Server$ProtoBufRpcInvoker.call(ProtobufRpcEngine2.java:578) [hadoop-common-3.3.4.jar:?]
	at org.apache.hadoop.ipc.ProtobufRpcEngine2$Server$ProtoBufRpcInvoker.call(ProtobufRpcEngine2.java:556) [hadoop-common-3.3.4.jar:?]
	at org.apache.hadoop.ipc.RPC$Server.call(RPC.java:1093) [hadoop-common-3.3.4.jar:?]
	at org.apache.hadoop.ipc.Server$RpcCall.run(Server.java:1043) [hadoop-common-3.3.4.jar:?]
	at org.apache.hadoop.ipc.Server$RpcCall.run(Server.java:971) [hadoop-common-3.3.4.jar:?]
	at java.security.AccessController.doPrivileged(Native Method) ~[?:1.8.0_352]
	at javax.security.auth.Subject.doAs(Subject.java:422) [?:1.8.0_352]
	at org.apache.hadoop.security.UserGroupInformation.doAs(UserGroupInformation.java:1878) [hadoop-common-3.3.4.jar:?]
	at org.apache.hadoop.ipc.Server$Handler.run(Server.java:2976) [hadoop-common-3.3.4.jar:?]
20:31:14.452 [IPC Server handler 18 on default port 37459] ERROR OMAudit - user=runner | ip=127.0.0.1 | op=GET_FILE_STATUS {volume=volume58619, bucket=bucket43836, key=gdir1/dir10/child, dataSize=0, replicationConfig=null} | ret=FAILURE
org.apache.hadoop.ozone.om.exceptions.OMException: Unable to get file status: volume: volume58619 bucket: bucket43836 key: gdir1/dir10/child
	at org.apache.hadoop.ozone.om.KeyManagerImpl.getOzoneFileStatus(KeyManagerImpl.java:1301) ~[ozone-manager-1.4.0-SNAPSHOT.jar:?]
	at org.apache.hadoop.ozone.om.KeyManagerImpl.getFileStatus(KeyManagerImpl.java:1219) ~[ozone-manager-1.4.0-SNAPSHOT.jar:?]
	at org.apache.hadoop.ozone.om.OzoneManager.getFileStatus(OzoneManager.java:3498) ~[ozone-manager-1.4.0-SNAPSHOT.jar:?]
	at org.apache.hadoop.ozone.protocolPB.OzoneManagerRequestHandler.getOzoneFileStatus(OzoneManagerRequestHandler.java:913) ~[ozone-manager-1.4.0-SNAPSHOT.jar:?]
	at org.apache.hadoop.ozone.protocolPB.OzoneManagerRequestHandler.handleReadRequest(OzoneManagerRequestHandler.java:233) ~[ozone-manager-1.4.0-SNAPSHOT.jar:?]
	at org.apache.hadoop.ozone.protocolPB.OzoneManagerProtocolServerSideTranslatorPB.submitRequestDirectlyToOM(OzoneManagerProtocolServerSideTranslatorPB.java:276) ~[ozone-manager-1.4.0-SNAPSHOT.jar:?]
	at org.apache.hadoop.ozone.protocolPB.OzoneManagerProtocolServerSideTranslatorPB.processRequest(OzoneManagerProtocolServerSideTranslatorPB.java:205) ~[ozone-manager-1.4.0-SNAPSHOT.jar:?]
	at org.apache.hadoop.hdds.server.OzoneProtocolMessageDispatcher.processRequest(OzoneProtocolMessageDispatcher.java:87) [hdds-server-framework-1.4.0-SNAPSHOT.jar:?]
	at org.apache.hadoop.ozone.protocolPB.OzoneManagerProtocolServerSideTranslatorPB.submitRequest(OzoneManagerProtocolServerSideTranslatorPB.java:147) [ozone-manager-1.4.0-SNAPSHOT.jar:?]
	at org.apache.hadoop.ozone.protocol.proto.OzoneManagerProtocolProtos$OzoneManagerService$2.callBlockingMethod(OzoneManagerProtocolProtos.java) [ozone-interface-client-1.4.0-SNAPSHOT.jar:?]
	at org.apache.hadoop.ipc.ProtobufRpcEngine$Server.processCall(ProtobufRpcEngine.java:465) [hadoop-common-3.3.4.jar:?]
	at org.apache.hadoop.ipc.ProtobufRpcEngine2$Server$ProtoBufRpcInvoker.call(ProtobufRpcEngine2.java:578) [hadoop-common-3.3.4.jar:?]
	at org.apache.hadoop.ipc.ProtobufRpcEngine2$Server$ProtoBufRpcInvoker.call(ProtobufRpcEngine2.java:556) [hadoop-common-3.3.4.jar:?]
	at org.apache.hadoop.ipc.RPC$Server.call(RPC.java:1093) [hadoop-common-3.3.4.jar:?]
	at org.apache.hadoop.ipc.Server$RpcCall.run(Server.java:1043) [hadoop-common-3.3.4.jar:?]
	at org.apache.hadoop.ipc.Server$RpcCall.run(Server.java:971) [hadoop-common-3.3.4.jar:?]
	at java.security.AccessController.doPrivileged(Native Method) ~[?:1.8.0_352]
	at javax.security.auth.Subject.doAs(Subject.java:422) [?:1.8.0_352]
	at org.apache.hadoop.security.UserGroupInformation.doAs(UserGroupInformation.java:1878) [hadoop-common-3.3.4.jar:?]
	at org.apache.hadoop.ipc.Server$Handler.run(Server.java:2976) [hadoop-common-3.3.4.jar:?]
2023-01-26 20:31:14,455 [IPC Server handler 0 on default port 37459] INFO  key.OMKeyRequest (OMKeyRequest.java:wrapUncommittedBlocksAsPseudoKey(837)) - Detect allocated but uncommitted blocks [{blockID={containerID=1, localID=111677748019200024}, length=4194304, offset=0, token=null, pipeline=null, createVersion=0, partNumber=0}] in key level0/level1/file1.
2023-01-26 20:31:14,458 [IPC Server handler 2 on default port 37459] INFO  key.OMKeyRequest (OMKeyRequest.java:wrapUncommittedBlocksAsPseudoKey(837)) - Detect allocated but uncommitted blocks [{blockID={containerID=4, localID=111677748019200025}, length=4194304, offset=0, token=null, pipeline=null, createVersion=0, partNumber=0}] in key level0/level1/level1/file1.
2023-01-26 20:31:14,464 [IPC Server handler 5 on default port 37459] INFO  key.OMKeyRequest (OMKeyRequest.java:wrapUncommittedBlocksAsPseudoKey(837)) - Detect allocated but uncommitted blocks [{blockID={containerID=1, localID=111677748019200026}, length=4194304, offset=0, token=null, pipeline=null, createVersion=0, partNumber=0}] in key level0/level2/file1.
2023-01-26 20:31:14,467 [IPC Server handler 7 on default port 37459] INFO  key.OMKeyRequest (OMKeyRequest.java:wrapUncommittedBlocksAsPseudoKey(837)) - Detect allocated but uncommitted blocks [{blockID={containerID=3, localID=111677748019200027}, length=4194304, offset=0, token=null, pipeline=null, createVersion=0, partNumber=0}] in key level0/level2/level2/file1.
2023-01-26 20:31:14,470 [IPC Server handler 8 on default port 37459] INFO  key.OMKeyRequest (OMKeyRequest.java:wrapUncommittedBlocksAsPseudoKey(837)) - Detect allocated but uncommitted blocks [{blockID={containerID=4, localID=111677748019200028}, length=4194304, offset=0, token=null, pipeline=null, createVersion=0, partNumber=0}] in key level0/level3/file1.
2023-01-26 20:31:14,473 [IPC Server handler 9 on default port 37459] INFO  key.OMKeyRequest (OMKeyRequest.java:wrapUncommittedBlocksAsPseudoKey(837)) - Detect allocated but uncommitted blocks [{blockID={containerID=1, localID=111677748019200029}, length=4194304, offset=0, token=null, pipeline=null, createVersion=0, partNumber=0}] in key level0/level3/level3/file1.
20:31:14.495 [IPC Server handler 13 on default port 37459] ERROR OMAudit - user=runner | ip=127.0.0.1 | op=GET_FILE_STATUS {volume=volume58619, bucket=bucket43836, key=level0, dataSize=0, replicationConfig=null} | ret=FAILURE
org.apache.hadoop.ozone.om.exceptions.OMException: Unable to get file status: volume: volume58619 bucket: bucket43836 key: level0
	at org.apache.hadoop.ozone.om.KeyManagerImpl.getOzoneFileStatus(KeyManagerImpl.java:1301) ~[ozone-manager-1.4.0-SNAPSHOT.jar:?]
	at org.apache.hadoop.ozone.om.KeyManagerImpl.getFileStatus(KeyManagerImpl.java:1219) ~[ozone-manager-1.4.0-SNAPSHOT.jar:?]
	at org.apache.hadoop.ozone.om.OzoneManager.getFileStatus(OzoneManager.java:3498) ~[ozone-manager-1.4.0-SNAPSHOT.jar:?]
	at org.apache.hadoop.ozone.protocolPB.OzoneManagerRequestHandler.getOzoneFileStatus(OzoneManagerRequestHandler.java:913) ~[ozone-manager-1.4.0-SNAPSHOT.jar:?]
	at org.apache.hadoop.ozone.protocolPB.OzoneManagerRequestHandler.handleReadRequest(OzoneManagerRequestHandler.java:233) ~[ozone-manager-1.4.0-SNAPSHOT.jar:?]
	at org.apache.hadoop.ozone.protocolPB.OzoneManagerProtocolServerSideTranslatorPB.submitRequestDirectlyToOM(OzoneManagerProtocolServerSideTranslatorPB.java:276) ~[ozone-manager-1.4.0-SNAPSHOT.jar:?]
	at org.apache.hadoop.ozone.protocolPB.OzoneManagerProtocolServerSideTranslatorPB.processRequest(OzoneManagerProtocolServerSideTranslatorPB.java:205) ~[ozone-manager-1.4.0-SNAPSHOT.jar:?]
	at org.apache.hadoop.hdds.server.OzoneProtocolMessageDispatcher.processRequest(OzoneProtocolMessageDispatcher.java:87) [hdds-server-framework-1.4.0-SNAPSHOT.jar:?]
	at org.apache.hadoop.ozone.protocolPB.OzoneManagerProtocolServerSideTranslatorPB.submitRequest(OzoneManagerProtocolServerSideTranslatorPB.java:147) [ozone-manager-1.4.0-SNAPSHOT.jar:?]
	at org.apache.hadoop.ozone.protocol.proto.OzoneManagerProtocolProtos$OzoneManagerService$2.callBlockingMethod(OzoneManagerProtocolProtos.java) [ozone-interface-client-1.4.0-SNAPSHOT.jar:?]
	at org.apache.hadoop.ipc.ProtobufRpcEngine$Server.processCall(ProtobufRpcEngine.java:465) [hadoop-common-3.3.4.jar:?]
	at org.apache.hadoop.ipc.ProtobufRpcEngine2$Server$ProtoBufRpcInvoker.call(ProtobufRpcEngine2.java:578) [hadoop-common-3.3.4.jar:?]
	at org.apache.hadoop.ipc.ProtobufRpcEngine2$Server$ProtoBufRpcInvoker.call(ProtobufRpcEngine2.java:556) [hadoop-common-3.3.4.jar:?]
	at org.apache.hadoop.ipc.RPC$Server.call(RPC.java:1093) [hadoop-common-3.3.4.jar:?]
	at org.apache.hadoop.ipc.Server$RpcCall.run(Server.java:1043) [hadoop-common-3.3.4.jar:?]
	at org.apache.hadoop.ipc.Server$RpcCall.run(Server.java:971) [hadoop-common-3.3.4.jar:?]
	at java.security.AccessController.doPrivileged(Native Method) ~[?:1.8.0_352]
	at javax.security.auth.Subject.doAs(Subject.java:422) [?:1.8.0_352]
	at org.apache.hadoop.security.UserGroupInformation.doAs(UserGroupInformation.java:1878) [hadoop-common-3.3.4.jar:?]
	at org.apache.hadoop.ipc.Server$Handler.run(Server.java:2976) [hadoop-common-3.3.4.jar:?]
20:31:14.496 [IPC Server handler 12 on default port 37459] ERROR OMAudit - user=runner | ip=127.0.0.1 | op=GET_FILE_STATUS {volume=volume58619, bucket=bucket43836, key=level0/level1, dataSize=0, replicationConfig=null} | ret=FAILURE
org.apache.hadoop.ozone.om.exceptions.OMException: Unable to get file status: volume: volume58619 bucket: bucket43836 key: level0/level1
	at org.apache.hadoop.ozone.om.KeyManagerImpl.getOzoneFileStatus(KeyManagerImpl.java:1301) ~[ozone-manager-1.4.0-SNAPSHOT.jar:?]
	at org.apache.hadoop.ozone.om.KeyManagerImpl.getFileStatus(KeyManagerImpl.java:1219) ~[ozone-manager-1.4.0-SNAPSHOT.jar:?]
	at org.apache.hadoop.ozone.om.OzoneManager.getFileStatus(OzoneManager.java:3498) ~[ozone-manager-1.4.0-SNAPSHOT.jar:?]
	at org.apache.hadoop.ozone.protocolPB.OzoneManagerRequestHandler.getOzoneFileStatus(OzoneManagerRequestHandler.java:913) ~[ozone-manager-1.4.0-SNAPSHOT.jar:?]
	at org.apache.hadoop.ozone.protocolPB.OzoneManagerRequestHandler.handleReadRequest(OzoneManagerRequestHandler.java:233) ~[ozone-manager-1.4.0-SNAPSHOT.jar:?]
	at org.apache.hadoop.ozone.protocolPB.OzoneManagerProtocolServerSideTranslatorPB.submitRequestDirectlyToOM(OzoneManagerProtocolServerSideTranslatorPB.java:276) ~[ozone-manager-1.4.0-SNAPSHOT.jar:?]
	at org.apache.hadoop.ozone.protocolPB.OzoneManagerProtocolServerSideTranslatorPB.processRequest(OzoneManagerProtocolServerSideTranslatorPB.java:205) ~[ozone-manager-1.4.0-SNAPSHOT.jar:?]
	at org.apache.hadoop.hdds.server.OzoneProtocolMessageDispatcher.processRequest(OzoneProtocolMessageDispatcher.java:87) [hdds-server-framework-1.4.0-SNAPSHOT.jar:?]
	at org.apache.hadoop.ozone.protocolPB.OzoneManagerProtocolServerSideTranslatorPB.submitRequest(OzoneManagerProtocolServerSideTranslatorPB.java:147) [ozone-manager-1.4.0-SNAPSHOT.jar:?]
	at org.apache.hadoop.ozone.protocol.proto.OzoneManagerProtocolProtos$OzoneManagerService$2.callBlockingMethod(OzoneManagerProtocolProtos.java) [ozone-interface-client-1.4.0-SNAPSHOT.jar:?]
	at org.apache.hadoop.ipc.ProtobufRpcEngine$Server.processCall(ProtobufRpcEngine.java:465) [hadoop-common-3.3.4.jar:?]
	at org.apache.hadoop.ipc.ProtobufRpcEngine2$Server$ProtoBufRpcInvoker.call(ProtobufRpcEngine2.java:578) [hadoop-common-3.3.4.jar:?]
	at org.apache.hadoop.ipc.ProtobufRpcEngine2$Server$ProtoBufRpcInvoker.call(ProtobufRpcEngine2.java:556) [hadoop-common-3.3.4.jar:?]
	at org.apache.hadoop.ipc.RPC$Server.call(RPC.java:1093) [hadoop-common-3.3.4.jar:?]
	at org.apache.hadoop.ipc.Server$RpcCall.run(Server.java:1043) [hadoop-common-3.3.4.jar:?]
	at org.apache.hadoop.ipc.Server$RpcCall.run(Server.java:971) [hadoop-common-3.3.4.jar:?]
	at java.security.AccessController.doPrivileged(Native Method) ~[?:1.8.0_352]
	at javax.security.auth.Subject.doAs(Subject.java:422) [?:1.8.0_352]
	at org.apache.hadoop.security.UserGroupInformation.doAs(UserGroupInformation.java:1878) [hadoop-common-3.3.4.jar:?]
	at org.apache.hadoop.ipc.Server$Handler.run(Server.java:2976) [hadoop-common-3.3.4.jar:?]
20:31:14.497 [IPC Server handler 15 on default port 37459] ERROR OMAudit - user=runner | ip=127.0.0.1 | op=GET_FILE_STATUS {volume=volume58619, bucket=bucket43836, key=level0/level1/level1, dataSize=0, replicationConfig=null} | ret=FAILURE
org.apache.hadoop.ozone.om.exceptions.OMException: Unable to get file status: volume: volume58619 bucket: bucket43836 key: level0/level1/level1
	at org.apache.hadoop.ozone.om.KeyManagerImpl.getOzoneFileStatus(KeyManagerImpl.java:1301) ~[ozone-manager-1.4.0-SNAPSHOT.jar:?]
	at org.apache.hadoop.ozone.om.KeyManagerImpl.getFileStatus(KeyManagerImpl.java:1219) ~[ozone-manager-1.4.0-SNAPSHOT.jar:?]
	at org.apache.hadoop.ozone.om.OzoneManager.getFileStatus(OzoneManager.java:3498) ~[ozone-manager-1.4.0-SNAPSHOT.jar:?]
	at org.apache.hadoop.ozone.protocolPB.OzoneManagerRequestHandler.getOzoneFileStatus(OzoneManagerRequestHandler.java:913) ~[ozone-manager-1.4.0-SNAPSHOT.jar:?]
	at org.apache.hadoop.ozone.protocolPB.OzoneManagerRequestHandler.handleReadRequest(OzoneManagerRequestHandler.java:233) ~[ozone-manager-1.4.0-SNAPSHOT.jar:?]
	at org.apache.hadoop.ozone.protocolPB.OzoneManagerProtocolServerSideTranslatorPB.submitRequestDirectlyToOM(OzoneManagerProtocolServerSideTranslatorPB.java:276) ~[ozone-manager-1.4.0-SNAPSHOT.jar:?]
	at org.apache.hadoop.ozone.protocolPB.OzoneManagerProtocolServerSideTranslatorPB.processRequest(OzoneManagerProtocolServerSideTranslatorPB.java:205) ~[ozone-manager-1.4.0-SNAPSHOT.jar:?]
	at org.apache.hadoop.hdds.server.OzoneProtocolMessageDispatcher.processRequest(OzoneProtocolMessageDispatcher.java:87) [hdds-server-framework-1.4.0-SNAPSHOT.jar:?]
	at org.apache.hadoop.ozone.protocolPB.OzoneManagerProtocolServerSideTranslatorPB.submitRequest(OzoneManagerProtocolServerSideTranslatorPB.java:147) [ozone-manager-1.4.0-SNAPSHOT.jar:?]
	at org.apache.hadoop.ozone.protocol.proto.OzoneManagerProtocolProtos$OzoneManagerService$2.callBlockingMethod(OzoneManagerProtocolProtos.java) [ozone-interface-client-1.4.0-SNAPSHOT.jar:?]
	at org.apache.hadoop.ipc.ProtobufRpcEngine$Server.processCall(ProtobufRpcEngine.java:465) [hadoop-common-3.3.4.jar:?]
	at org.apache.hadoop.ipc.ProtobufRpcEngine2$Server$ProtoBufRpcInvoker.call(ProtobufRpcEngine2.java:578) [hadoop-common-3.3.4.jar:?]
	at org.apache.hadoop.ipc.ProtobufRpcEngine2$Server$ProtoBufRpcInvoker.call(ProtobufRpcEngine2.java:556) [hadoop-common-3.3.4.jar:?]
	at org.apache.hadoop.ipc.RPC$Server.call(RPC.java:1093) [hadoop-common-3.3.4.jar:?]
	at org.apache.hadoop.ipc.Server$RpcCall.run(Server.java:1043) [hadoop-common-3.3.4.jar:?]
	at org.apache.hadoop.ipc.Server$RpcCall.run(Server.java:971) [hadoop-common-3.3.4.jar:?]
	at java.security.AccessController.doPrivileged(Native Method) ~[?:1.8.0_352]
	at javax.security.auth.Subject.doAs(Subject.java:422) [?:1.8.0_352]
	at org.apache.hadoop.security.UserGroupInformation.doAs(UserGroupInformation.java:1878) [hadoop-common-3.3.4.jar:?]
	at org.apache.hadoop.ipc.Server$Handler.run(Server.java:2976) [hadoop-common-3.3.4.jar:?]
20:31:14.498 [IPC Server handler 14 on default port 37459] ERROR OMAudit - user=runner | ip=127.0.0.1 | op=GET_FILE_STATUS {volume=volume58619, bucket=bucket43836, key=level0/level1/file1, dataSize=0, replicationConfig=null} | ret=FAILURE
org.apache.hadoop.ozone.om.exceptions.OMException: Unable to get file status: volume: volume58619 bucket: bucket43836 key: level0/level1/file1
	at org.apache.hadoop.ozone.om.KeyManagerImpl.getOzoneFileStatus(KeyManagerImpl.java:1301) ~[ozone-manager-1.4.0-SNAPSHOT.jar:?]
	at org.apache.hadoop.ozone.om.KeyManagerImpl.getFileStatus(KeyManagerImpl.java:1219) ~[ozone-manager-1.4.0-SNAPSHOT.jar:?]
	at org.apache.hadoop.ozone.om.OzoneManager.getFileStatus(OzoneManager.java:3498) ~[ozone-manager-1.4.0-SNAPSHOT.jar:?]
	at org.apache.hadoop.ozone.protocolPB.OzoneManagerRequestHandler.getOzoneFileStatus(OzoneManagerRequestHandler.java:913) ~[ozone-manager-1.4.0-SNAPSHOT.jar:?]
	at org.apache.hadoop.ozone.protocolPB.OzoneManagerRequestHandler.handleReadRequest(OzoneManagerRequestHandler.java:233) ~[ozone-manager-1.4.0-SNAPSHOT.jar:?]
	at org.apache.hadoop.ozone.protocolPB.OzoneManagerProtocolServerSideTranslatorPB.submitRequestDirectlyToOM(OzoneManagerProtocolServerSideTranslatorPB.java:276) ~[ozone-manager-1.4.0-SNAPSHOT.jar:?]
	at org.apache.hadoop.ozone.protocolPB.OzoneManagerProtocolServerSideTranslatorPB.processRequest(OzoneManagerProtocolServerSideTranslatorPB.java:205) ~[ozone-manager-1.4.0-SNAPSHOT.jar:?]
	at org.apache.hadoop.hdds.server.OzoneProtocolMessageDispatcher.processRequest(OzoneProtocolMessageDispatcher.java:87) [hdds-server-framework-1.4.0-SNAPSHOT.jar:?]
	at org.apache.hadoop.ozone.protocolPB.OzoneManagerProtocolServerSideTranslatorPB.submitRequest(OzoneManagerProtocolServerSideTranslatorPB.java:147) [ozone-manager-1.4.0-SNAPSHOT.jar:?]
	at org.apache.hadoop.ozone.protocol.proto.OzoneManagerProtocolProtos$OzoneManagerService$2.callBlockingMethod(OzoneManagerProtocolProtos.java) [ozone-interface-client-1.4.0-SNAPSHOT.jar:?]
	at org.apache.hadoop.ipc.ProtobufRpcEngine$Server.processCall(ProtobufRpcEngine.java:465) [hadoop-common-3.3.4.jar:?]
	at org.apache.hadoop.ipc.ProtobufRpcEngine2$Server$ProtoBufRpcInvoker.call(ProtobufRpcEngine2.java:578) [hadoop-common-3.3.4.jar:?]
	at org.apache.hadoop.ipc.ProtobufRpcEngine2$Server$ProtoBufRpcInvoker.call(ProtobufRpcEngine2.java:556) [hadoop-common-3.3.4.jar:?]
	at org.apache.hadoop.ipc.RPC$Server.call(RPC.java:1093) [hadoop-common-3.3.4.jar:?]
	at org.apache.hadoop.ipc.Server$RpcCall.run(Server.java:1043) [hadoop-common-3.3.4.jar:?]
	at org.apache.hadoop.ipc.Server$RpcCall.run(Server.java:971) [hadoop-common-3.3.4.jar:?]
	at java.security.AccessController.doPrivileged(Native Method) ~[?:1.8.0_352]
	at javax.security.auth.Subject.doAs(Subject.java:422) [?:1.8.0_352]
	at org.apache.hadoop.security.UserGroupInformation.doAs(UserGroupInformation.java:1878) [hadoop-common-3.3.4.jar:?]
	at org.apache.hadoop.ipc.Server$Handler.run(Server.java:2976) [hadoop-common-3.3.4.jar:?]
20:31:14.498 [IPC Server handler 17 on default port 37459] ERROR OMAudit - user=runner | ip=127.0.0.1 | op=GET_FILE_STATUS {volume=volume58619, bucket=bucket43836, key=level0/level1/level1/file1, dataSize=0, replicationConfig=null} | ret=FAILURE
org.apache.hadoop.ozone.om.exceptions.OMException: Unable to get file status: volume: volume58619 bucket: bucket43836 key: level0/level1/level1/file1
	at org.apache.hadoop.ozone.om.KeyManagerImpl.getOzoneFileStatus(KeyManagerImpl.java:1301) ~[ozone-manager-1.4.0-SNAPSHOT.jar:?]
	at org.apache.hadoop.ozone.om.KeyManagerImpl.getFileStatus(KeyManagerImpl.java:1219) ~[ozone-manager-1.4.0-SNAPSHOT.jar:?]
	at org.apache.hadoop.ozone.om.OzoneManager.getFileStatus(OzoneManager.java:3498) ~[ozone-manager-1.4.0-SNAPSHOT.jar:?]
	at org.apache.hadoop.ozone.protocolPB.OzoneManagerRequestHandler.getOzoneFileStatus(OzoneManagerRequestHandler.java:913) ~[ozone-manager-1.4.0-SNAPSHOT.jar:?]
	at org.apache.hadoop.ozone.protocolPB.OzoneManagerRequestHandler.handleReadRequest(OzoneManagerRequestHandler.java:233) ~[ozone-manager-1.4.0-SNAPSHOT.jar:?]
	at org.apache.hadoop.ozone.protocolPB.OzoneManagerProtocolServerSideTranslatorPB.submitRequestDirectlyToOM(OzoneManagerProtocolServerSideTranslatorPB.java:276) ~[ozone-manager-1.4.0-SNAPSHOT.jar:?]
	at org.apache.hadoop.ozone.protocolPB.OzoneManagerProtocolServerSideTranslatorPB.processRequest(OzoneManagerProtocolServerSideTranslatorPB.java:205) ~[ozone-manager-1.4.0-SNAPSHOT.jar:?]
	at org.apache.hadoop.hdds.server.OzoneProtocolMessageDispatcher.processRequest(OzoneProtocolMessageDispatcher.java:87) [hdds-server-framework-1.4.0-SNAPSHOT.jar:?]
	at org.apache.hadoop.ozone.protocolPB.OzoneManagerProtocolServerSideTranslatorPB.submitRequest(OzoneManagerProtocolServerSideTranslatorPB.java:147) [ozone-manager-1.4.0-SNAPSHOT.jar:?]
	at org.apache.hadoop.ozone.protocol.proto.OzoneManagerProtocolProtos$OzoneManagerService$2.callBlockingMethod(OzoneManagerProtocolProtos.java) [ozone-interface-client-1.4.0-SNAPSHOT.jar:?]
	at org.apache.hadoop.ipc.ProtobufRpcEngine$Server.processCall(ProtobufRpcEngine.java:465) [hadoop-common-3.3.4.jar:?]
	at org.apache.hadoop.ipc.ProtobufRpcEngine2$Server$ProtoBufRpcInvoker.call(ProtobufRpcEngine2.java:578) [hadoop-common-3.3.4.jar:?]
	at org.apache.hadoop.ipc.ProtobufRpcEngine2$Server$ProtoBufRpcInvoker.call(ProtobufRpcEngine2.java:556) [hadoop-common-3.3.4.jar:?]
	at org.apache.hadoop.ipc.RPC$Server.call(RPC.java:1093) [hadoop-common-3.3.4.jar:?]
	at org.apache.hadoop.ipc.Server$RpcCall.run(Server.java:1043) [hadoop-common-3.3.4.jar:?]
	at org.apache.hadoop.ipc.Server$RpcCall.run(Server.java:971) [hadoop-common-3.3.4.jar:?]
	at java.security.AccessController.doPrivileged(Native Method) ~[?:1.8.0_352]
	at javax.security.auth.Subject.doAs(Subject.java:422) [?:1.8.0_352]
	at org.apache.hadoop.security.UserGroupInformation.doAs(UserGroupInformation.java:1878) [hadoop-common-3.3.4.jar:?]
	at org.apache.hadoop.ipc.Server$Handler.run(Server.java:2976) [hadoop-common-3.3.4.jar:?]
20:31:14.499 [IPC Server handler 16 on default port 37459] ERROR OMAudit - user=runner | ip=127.0.0.1 | op=GET_FILE_STATUS {volume=volume58619, bucket=bucket43836, key=level0/level2, dataSize=0, replicationConfig=null} | ret=FAILURE
org.apache.hadoop.ozone.om.exceptions.OMException: Unable to get file status: volume: volume58619 bucket: bucket43836 key: level0/level2
	at org.apache.hadoop.ozone.om.KeyManagerImpl.getOzoneFileStatus(KeyManagerImpl.java:1301) ~[ozone-manager-1.4.0-SNAPSHOT.jar:?]
	at org.apache.hadoop.ozone.om.KeyManagerImpl.getFileStatus(KeyManagerImpl.java:1219) ~[ozone-manager-1.4.0-SNAPSHOT.jar:?]
	at org.apache.hadoop.ozone.om.OzoneManager.getFileStatus(OzoneManager.java:3498) ~[ozone-manager-1.4.0-SNAPSHOT.jar:?]
	at org.apache.hadoop.ozone.protocolPB.OzoneManagerRequestHandler.getOzoneFileStatus(OzoneManagerRequestHandler.java:913) ~[ozone-manager-1.4.0-SNAPSHOT.jar:?]
	at org.apache.hadoop.ozone.protocolPB.OzoneManagerRequestHandler.handleReadRequest(OzoneManagerRequestHandler.java:233) ~[ozone-manager-1.4.0-SNAPSHOT.jar:?]
	at org.apache.hadoop.ozone.protocolPB.OzoneManagerProtocolServerSideTranslatorPB.submitRequestDirectlyToOM(OzoneManagerProtocolServerSideTranslatorPB.java:276) ~[ozone-manager-1.4.0-SNAPSHOT.jar:?]
	at org.apache.hadoop.ozone.protocolPB.OzoneManagerProtocolServerSideTranslatorPB.processRequest(OzoneManagerProtocolServerSideTranslatorPB.java:205) ~[ozone-manager-1.4.0-SNAPSHOT.jar:?]
	at org.apache.hadoop.hdds.server.OzoneProtocolMessageDispatcher.processRequest(OzoneProtocolMessageDispatcher.java:87) [hdds-server-framework-1.4.0-SNAPSHOT.jar:?]
	at org.apache.hadoop.ozone.protocolPB.OzoneManagerProtocolServerSideTranslatorPB.submitRequest(OzoneManagerProtocolServerSideTranslatorPB.java:147) [ozone-manager-1.4.0-SNAPSHOT.jar:?]
	at org.apache.hadoop.ozone.protocol.proto.OzoneManagerProtocolProtos$OzoneManagerService$2.callBlockingMethod(OzoneManagerProtocolProtos.java) [ozone-interface-client-1.4.0-SNAPSHOT.jar:?]
	at org.apache.hadoop.ipc.ProtobufRpcEngine$Server.processCall(ProtobufRpcEngine.java:465) [hadoop-common-3.3.4.jar:?]
	at org.apache.hadoop.ipc.ProtobufRpcEngine2$Server$ProtoBufRpcInvoker.call(ProtobufRpcEngine2.java:578) [hadoop-common-3.3.4.jar:?]
	at org.apache.hadoop.ipc.ProtobufRpcEngine2$Server$ProtoBufRpcInvoker.call(ProtobufRpcEngine2.java:556) [hadoop-common-3.3.4.jar:?]
	at org.apache.hadoop.ipc.RPC$Server.call(RPC.java:1093) [hadoop-common-3.3.4.jar:?]
	at org.apache.hadoop.ipc.Server$RpcCall.run(Server.java:1043) [hadoop-common-3.3.4.jar:?]
	at org.apache.hadoop.ipc.Server$RpcCall.run(Server.java:971) [hadoop-common-3.3.4.jar:?]
	at java.security.AccessController.doPrivileged(Native Method) ~[?:1.8.0_352]
	at javax.security.auth.Subject.doAs(Subject.java:422) [?:1.8.0_352]
	at org.apache.hadoop.security.UserGroupInformation.doAs(UserGroupInformation.java:1878) [hadoop-common-3.3.4.jar:?]
	at org.apache.hadoop.ipc.Server$Handler.run(Server.java:2976) [hadoop-common-3.3.4.jar:?]
20:31:14.499 [IPC Server handler 18 on default port 37459] ERROR OMAudit - user=runner | ip=127.0.0.1 | op=GET_FILE_STATUS {volume=volume58619, bucket=bucket43836, key=level0/level2/level2, dataSize=0, replicationConfig=null} | ret=FAILURE
org.apache.hadoop.ozone.om.exceptions.OMException: Unable to get file status: volume: volume58619 bucket: bucket43836 key: level0/level2/level2
	at org.apache.hadoop.ozone.om.KeyManagerImpl.getOzoneFileStatus(KeyManagerImpl.java:1301) ~[ozone-manager-1.4.0-SNAPSHOT.jar:?]
	at org.apache.hadoop.ozone.om.KeyManagerImpl.getFileStatus(KeyManagerImpl.java:1219) ~[ozone-manager-1.4.0-SNAPSHOT.jar:?]
	at org.apache.hadoop.ozone.om.OzoneManager.getFileStatus(OzoneManager.java:3498) ~[ozone-manager-1.4.0-SNAPSHOT.jar:?]
	at org.apache.hadoop.ozone.protocolPB.OzoneManagerRequestHandler.getOzoneFileStatus(OzoneManagerRequestHandler.java:913) ~[ozone-manager-1.4.0-SNAPSHOT.jar:?]
	at org.apache.hadoop.ozone.protocolPB.OzoneManagerRequestHandler.handleReadRequest(OzoneManagerRequestHandler.java:233) ~[ozone-manager-1.4.0-SNAPSHOT.jar:?]
	at org.apache.hadoop.ozone.protocolPB.OzoneManagerProtocolServerSideTranslatorPB.submitRequestDirectlyToOM(OzoneManagerProtocolServerSideTranslatorPB.java:276) ~[ozone-manager-1.4.0-SNAPSHOT.jar:?]
	at org.apache.hadoop.ozone.protocolPB.OzoneManagerProtocolServerSideTranslatorPB.processRequest(OzoneManagerProtocolServerSideTranslatorPB.java:205) ~[ozone-manager-1.4.0-SNAPSHOT.jar:?]
	at org.apache.hadoop.hdds.server.OzoneProtocolMessageDispatcher.processRequest(OzoneProtocolMessageDispatcher.java:87) [hdds-server-framework-1.4.0-SNAPSHOT.jar:?]
	at org.apache.hadoop.ozone.protocolPB.OzoneManagerProtocolServerSideTranslatorPB.submitRequest(OzoneManagerProtocolServerSideTranslatorPB.java:147) [ozone-manager-1.4.0-SNAPSHOT.jar:?]
	at org.apache.hadoop.ozone.protocol.proto.OzoneManagerProtocolProtos$OzoneManagerService$2.callBlockingMethod(OzoneManagerProtocolProtos.java) [ozone-interface-client-1.4.0-SNAPSHOT.jar:?]
	at org.apache.hadoop.ipc.ProtobufRpcEngine$Server.processCall(ProtobufRpcEngine.java:465) [hadoop-common-3.3.4.jar:?]
	at org.apache.hadoop.ipc.ProtobufRpcEngine2$Server$ProtoBufRpcInvoker.call(ProtobufRpcEngine2.java:578) [hadoop-common-3.3.4.jar:?]
	at org.apache.hadoop.ipc.ProtobufRpcEngine2$Server$ProtoBufRpcInvoker.call(ProtobufRpcEngine2.java:556) [hadoop-common-3.3.4.jar:?]
	at org.apache.hadoop.ipc.RPC$Server.call(RPC.java:1093) [hadoop-common-3.3.4.jar:?]
	at org.apache.hadoop.ipc.Server$RpcCall.run(Server.java:1043) [hadoop-common-3.3.4.jar:?]
	at org.apache.hadoop.ipc.Server$RpcCall.run(Server.java:971) [hadoop-common-3.3.4.jar:?]
	at java.security.AccessController.doPrivileged(Native Method) ~[?:1.8.0_352]
	at javax.security.auth.Subject.doAs(Subject.java:422) [?:1.8.0_352]
	at org.apache.hadoop.security.UserGroupInformation.doAs(UserGroupInformation.java:1878) [hadoop-common-3.3.4.jar:?]
	at org.apache.hadoop.ipc.Server$Handler.run(Server.java:2976) [hadoop-common-3.3.4.jar:?]
20:31:14.500 [IPC Server handler 19 on default port 37459] ERROR OMAudit - user=runner | ip=127.0.0.1 | op=GET_FILE_STATUS {volume=volume58619, bucket=bucket43836, key=level0/level2/file1, dataSize=0, replicationConfig=null} | ret=FAILURE
org.apache.hadoop.ozone.om.exceptions.OMException: Unable to get file status: volume: volume58619 bucket: bucket43836 key: level0/level2/file1
	at org.apache.hadoop.ozone.om.KeyManagerImpl.getOzoneFileStatus(KeyManagerImpl.java:1301) ~[ozone-manager-1.4.0-SNAPSHOT.jar:?]
	at org.apache.hadoop.ozone.om.KeyManagerImpl.getFileStatus(KeyManagerImpl.java:1219) ~[ozone-manager-1.4.0-SNAPSHOT.jar:?]
	at org.apache.hadoop.ozone.om.OzoneManager.getFileStatus(OzoneManager.java:3498) ~[ozone-manager-1.4.0-SNAPSHOT.jar:?]
	at org.apache.hadoop.ozone.protocolPB.OzoneManagerRequestHandler.getOzoneFileStatus(OzoneManagerRequestHandler.java:913) ~[ozone-manager-1.4.0-SNAPSHOT.jar:?]
	at org.apache.hadoop.ozone.protocolPB.OzoneManagerRequestHandler.handleReadRequest(OzoneManagerRequestHandler.java:233) ~[ozone-manager-1.4.0-SNAPSHOT.jar:?]
	at org.apache.hadoop.ozone.protocolPB.OzoneManagerProtocolServerSideTranslatorPB.submitRequestDirectlyToOM(OzoneManagerProtocolServerSideTranslatorPB.java:276) ~[ozone-manager-1.4.0-SNAPSHOT.jar:?]
	at org.apache.hadoop.ozone.protocolPB.OzoneManagerProtocolServerSideTranslatorPB.processRequest(OzoneManagerProtocolServerSideTranslatorPB.java:205) ~[ozone-manager-1.4.0-SNAPSHOT.jar:?]
	at org.apache.hadoop.hdds.server.OzoneProtocolMessageDispatcher.processRequest(OzoneProtocolMessageDispatcher.java:87) [hdds-server-framework-1.4.0-SNAPSHOT.jar:?]
	at org.apache.hadoop.ozone.protocolPB.OzoneManagerProtocolServerSideTranslatorPB.submitRequest(OzoneManagerProtocolServerSideTranslatorPB.java:147) [ozone-manager-1.4.0-SNAPSHOT.jar:?]
	at org.apache.hadoop.ozone.protocol.proto.OzoneManagerProtocolProtos$OzoneManagerService$2.callBlockingMethod(OzoneManagerProtocolProtos.java) [ozone-interface-client-1.4.0-SNAPSHOT.jar:?]
	at org.apache.hadoop.ipc.ProtobufRpcEngine$Server.processCall(ProtobufRpcEngine.java:465) [hadoop-common-3.3.4.jar:?]
	at org.apache.hadoop.ipc.ProtobufRpcEngine2$Server$ProtoBufRpcInvoker.call(ProtobufRpcEngine2.java:578) [hadoop-common-3.3.4.jar:?]
	at org.apache.hadoop.ipc.ProtobufRpcEngine2$Server$ProtoBufRpcInvoker.call(ProtobufRpcEngine2.java:556) [hadoop-common-3.3.4.jar:?]
	at org.apache.hadoop.ipc.RPC$Server.call(RPC.java:1093) [hadoop-common-3.3.4.jar:?]
	at org.apache.hadoop.ipc.Server$RpcCall.run(Server.java:1043) [hadoop-common-3.3.4.jar:?]
	at org.apache.hadoop.ipc.Server$RpcCall.run(Server.java:971) [hadoop-common-3.3.4.jar:?]
	at java.security.AccessController.doPrivileged(Native Method) ~[?:1.8.0_352]
	at javax.security.auth.Subject.doAs(Subject.java:422) [?:1.8.0_352]
	at org.apache.hadoop.security.UserGroupInformation.doAs(UserGroupInformation.java:1878) [hadoop-common-3.3.4.jar:?]
	at org.apache.hadoop.ipc.Server$Handler.run(Server.java:2976) [hadoop-common-3.3.4.jar:?]
20:31:14.501 [IPC Server handler 0 on default port 37459] ERROR OMAudit - user=runner | ip=127.0.0.1 | op=GET_FILE_STATUS {volume=volume58619, bucket=bucket43836, key=level0/level2/level2/file1, dataSize=0, replicationConfig=null} | ret=FAILURE
org.apache.hadoop.ozone.om.exceptions.OMException: Unable to get file status: volume: volume58619 bucket: bucket43836 key: level0/level2/level2/file1
	at org.apache.hadoop.ozone.om.KeyManagerImpl.getOzoneFileStatus(KeyManagerImpl.java:1301) ~[ozone-manager-1.4.0-SNAPSHOT.jar:?]
	at org.apache.hadoop.ozone.om.KeyManagerImpl.getFileStatus(KeyManagerImpl.java:1219) ~[ozone-manager-1.4.0-SNAPSHOT.jar:?]
	at org.apache.hadoop.ozone.om.OzoneManager.getFileStatus(OzoneManager.java:3498) ~[ozone-manager-1.4.0-SNAPSHOT.jar:?]
	at org.apache.hadoop.ozone.protocolPB.OzoneManagerRequestHandler.getOzoneFileStatus(OzoneManagerRequestHandler.java:913) ~[ozone-manager-1.4.0-SNAPSHOT.jar:?]
	at org.apache.hadoop.ozone.protocolPB.OzoneManagerRequestHandler.handleReadRequest(OzoneManagerRequestHandler.java:233) ~[ozone-manager-1.4.0-SNAPSHOT.jar:?]
	at org.apache.hadoop.ozone.protocolPB.OzoneManagerProtocolServerSideTranslatorPB.submitRequestDirectlyToOM(OzoneManagerProtocolServerSideTranslatorPB.java:276) ~[ozone-manager-1.4.0-SNAPSHOT.jar:?]
	at org.apache.hadoop.ozone.protocolPB.OzoneManagerProtocolServerSideTranslatorPB.processRequest(OzoneManagerProtocolServerSideTranslatorPB.java:205) ~[ozone-manager-1.4.0-SNAPSHOT.jar:?]
	at org.apache.hadoop.hdds.server.OzoneProtocolMessageDispatcher.processRequest(OzoneProtocolMessageDispatcher.java:87) [hdds-server-framework-1.4.0-SNAPSHOT.jar:?]
	at org.apache.hadoop.ozone.protocolPB.OzoneManagerProtocolServerSideTranslatorPB.submitRequest(OzoneManagerProtocolServerSideTranslatorPB.java:147) [ozone-manager-1.4.0-SNAPSHOT.jar:?]
	at org.apache.hadoop.ozone.protocol.proto.OzoneManagerProtocolProtos$OzoneManagerService$2.callBlockingMethod(OzoneManagerProtocolProtos.java) [ozone-interface-client-1.4.0-SNAPSHOT.jar:?]
	at org.apache.hadoop.ipc.ProtobufRpcEngine$Server.processCall(ProtobufRpcEngine.java:465) [hadoop-common-3.3.4.jar:?]
	at org.apache.hadoop.ipc.ProtobufRpcEngine2$Server$ProtoBufRpcInvoker.call(ProtobufRpcEngine2.java:578) [hadoop-common-3.3.4.jar:?]
	at org.apache.hadoop.ipc.ProtobufRpcEngine2$Server$ProtoBufRpcInvoker.call(ProtobufRpcEngine2.java:556) [hadoop-common-3.3.4.jar:?]
	at org.apache.hadoop.ipc.RPC$Server.call(RPC.java:1093) [hadoop-common-3.3.4.jar:?]
	at org.apache.hadoop.ipc.Server$RpcCall.run(Server.java:1043) [hadoop-common-3.3.4.jar:?]
	at org.apache.hadoop.ipc.Server$RpcCall.run(Server.java:971) [hadoop-common-3.3.4.jar:?]
	at java.security.AccessController.doPrivileged(Native Method) ~[?:1.8.0_352]
	at javax.security.auth.Subject.doAs(Subject.java:422) [?:1.8.0_352]
	at org.apache.hadoop.security.UserGroupInformation.doAs(UserGroupInformation.java:1878) [hadoop-common-3.3.4.jar:?]
	at org.apache.hadoop.ipc.Server$Handler.run(Server.java:2976) [hadoop-common-3.3.4.jar:?]
20:31:14.503 [IPC Server handler 1 on default port 37459] ERROR OMAudit - user=runner | ip=127.0.0.1 | op=GET_FILE_STATUS {volume=volume58619, bucket=bucket43836, key=level0/level3, dataSize=0, replicationConfig=null} | ret=FAILURE
org.apache.hadoop.ozone.om.exceptions.OMException: Unable to get file status: volume: volume58619 bucket: bucket43836 key: level0/level3
	at org.apache.hadoop.ozone.om.KeyManagerImpl.getOzoneFileStatus(KeyManagerImpl.java:1301) ~[ozone-manager-1.4.0-SNAPSHOT.jar:?]
	at org.apache.hadoop.ozone.om.KeyManagerImpl.getFileStatus(KeyManagerImpl.java:1219) ~[ozone-manager-1.4.0-SNAPSHOT.jar:?]
	at org.apache.hadoop.ozone.om.OzoneManager.getFileStatus(OzoneManager.java:3498) ~[ozone-manager-1.4.0-SNAPSHOT.jar:?]
	at org.apache.hadoop.ozone.protocolPB.OzoneManagerRequestHandler.getOzoneFileStatus(OzoneManagerRequestHandler.java:913) ~[ozone-manager-1.4.0-SNAPSHOT.jar:?]
	at org.apache.hadoop.ozone.protocolPB.OzoneManagerRequestHandler.handleReadRequest(OzoneManagerRequestHandler.java:233) ~[ozone-manager-1.4.0-SNAPSHOT.jar:?]
	at org.apache.hadoop.ozone.protocolPB.OzoneManagerProtocolServerSideTranslatorPB.submitRequestDirectlyToOM(OzoneManagerProtocolServerSideTranslatorPB.java:276) ~[ozone-manager-1.4.0-SNAPSHOT.jar:?]
	at org.apache.hadoop.ozone.protocolPB.OzoneManagerProtocolServerSideTranslatorPB.processRequest(OzoneManagerProtocolServerSideTranslatorPB.java:205) ~[ozone-manager-1.4.0-SNAPSHOT.jar:?]
	at org.apache.hadoop.hdds.server.OzoneProtocolMessageDispatcher.processRequest(OzoneProtocolMessageDispatcher.java:87) [hdds-server-framework-1.4.0-SNAPSHOT.jar:?]
	at org.apache.hadoop.ozone.protocolPB.OzoneManagerProtocolServerSideTranslatorPB.submitRequest(OzoneManagerProtocolServerSideTranslatorPB.java:147) [ozone-manager-1.4.0-SNAPSHOT.jar:?]
	at org.apache.hadoop.ozone.protocol.proto.OzoneManagerProtocolProtos$OzoneManagerService$2.callBlockingMethod(OzoneManagerProtocolProtos.java) [ozone-interface-client-1.4.0-SNAPSHOT.jar:?]
	at org.apache.hadoop.ipc.ProtobufRpcEngine$Server.processCall(ProtobufRpcEngine.java:465) [hadoop-common-3.3.4.jar:?]
	at org.apache.hadoop.ipc.ProtobufRpcEngine2$Server$ProtoBufRpcInvoker.call(ProtobufRpcEngine2.java:578) [hadoop-common-3.3.4.jar:?]
	at org.apache.hadoop.ipc.ProtobufRpcEngine2$Server$ProtoBufRpcInvoker.call(ProtobufRpcEngine2.java:556) [hadoop-common-3.3.4.jar:?]
	at org.apache.hadoop.ipc.RPC$Server.call(RPC.java:1093) [hadoop-common-3.3.4.jar:?]
	at org.apache.hadoop.ipc.Server$RpcCall.run(Server.java:1043) [hadoop-common-3.3.4.jar:?]
	at org.apache.hadoop.ipc.Server$RpcCall.run(Server.java:971) [hadoop-common-3.3.4.jar:?]
	at java.security.AccessController.doPrivileged(Native Method) ~[?:1.8.0_352]
	at javax.security.auth.Subject.doAs(Subject.java:422) [?:1.8.0_352]
	at org.apache.hadoop.security.UserGroupInformation.doAs(UserGroupInformation.java:1878) [hadoop-common-3.3.4.jar:?]
	at org.apache.hadoop.ipc.Server$Handler.run(Server.java:2976) [hadoop-common-3.3.4.jar:?]
20:31:14.504 [IPC Server handler 2 on default port 37459] ERROR OMAudit - user=runner | ip=127.0.0.1 | op=GET_FILE_STATUS {volume=volume58619, bucket=bucket43836, key=level0/level3/level3, dataSize=0, replicationConfig=null} | ret=FAILURE
org.apache.hadoop.ozone.om.exceptions.OMException: Unable to get file status: volume: volume58619 bucket: bucket43836 key: level0/level3/level3
	at org.apache.hadoop.ozone.om.KeyManagerImpl.getOzoneFileStatus(KeyManagerImpl.java:1301) ~[ozone-manager-1.4.0-SNAPSHOT.jar:?]
	at org.apache.hadoop.ozone.om.KeyManagerImpl.getFileStatus(KeyManagerImpl.java:1219) ~[ozone-manager-1.4.0-SNAPSHOT.jar:?]
	at org.apache.hadoop.ozone.om.OzoneManager.getFileStatus(OzoneManager.java:3498) ~[ozone-manager-1.4.0-SNAPSHOT.jar:?]
	at org.apache.hadoop.ozone.protocolPB.OzoneManagerRequestHandler.getOzoneFileStatus(OzoneManagerRequestHandler.java:913) ~[ozone-manager-1.4.0-SNAPSHOT.jar:?]
	at org.apache.hadoop.ozone.protocolPB.OzoneManagerRequestHandler.handleReadRequest(OzoneManagerRequestHandler.java:233) ~[ozone-manager-1.4.0-SNAPSHOT.jar:?]
	at org.apache.hadoop.ozone.protocolPB.OzoneManagerProtocolServerSideTranslatorPB.submitRequestDirectlyToOM(OzoneManagerProtocolServerSideTranslatorPB.java:276) ~[ozone-manager-1.4.0-SNAPSHOT.jar:?]
	at org.apache.hadoop.ozone.protocolPB.OzoneManagerProtocolServerSideTranslatorPB.processRequest(OzoneManagerProtocolServerSideTranslatorPB.java:205) ~[ozone-manager-1.4.0-SNAPSHOT.jar:?]
	at org.apache.hadoop.hdds.server.OzoneProtocolMessageDispatcher.processRequest(OzoneProtocolMessageDispatcher.java:87) [hdds-server-framework-1.4.0-SNAPSHOT.jar:?]
	at org.apache.hadoop.ozone.protocolPB.OzoneManagerProtocolServerSideTranslatorPB.submitRequest(OzoneManagerProtocolServerSideTranslatorPB.java:147) [ozone-manager-1.4.0-SNAPSHOT.jar:?]
	at org.apache.hadoop.ozone.protocol.proto.OzoneManagerProtocolProtos$OzoneManagerService$2.callBlockingMethod(OzoneManagerProtocolProtos.java) [ozone-interface-client-1.4.0-SNAPSHOT.jar:?]
	at org.apache.hadoop.ipc.ProtobufRpcEngine$Server.processCall(ProtobufRpcEngine.java:465) [hadoop-common-3.3.4.jar:?]
	at org.apache.hadoop.ipc.ProtobufRpcEngine2$Server$ProtoBufRpcInvoker.call(ProtobufRpcEngine2.java:578) [hadoop-common-3.3.4.jar:?]
	at org.apache.hadoop.ipc.ProtobufRpcEngine2$Server$ProtoBufRpcInvoker.call(ProtobufRpcEngine2.java:556) [hadoop-common-3.3.4.jar:?]
	at org.apache.hadoop.ipc.RPC$Server.call(RPC.java:1093) [hadoop-common-3.3.4.jar:?]
	at org.apache.hadoop.ipc.Server$RpcCall.run(Server.java:1043) [hadoop-common-3.3.4.jar:?]
	at org.apache.hadoop.ipc.Server$RpcCall.run(Server.java:971) [hadoop-common-3.3.4.jar:?]
	at java.security.AccessController.doPrivileged(Native Method) ~[?:1.8.0_352]
	at javax.security.auth.Subject.doAs(Subject.java:422) [?:1.8.0_352]
	at org.apache.hadoop.security.UserGroupInformation.doAs(UserGroupInformation.java:1878) [hadoop-common-3.3.4.jar:?]
	at org.apache.hadoop.ipc.Server$Handler.run(Server.java:2976) [hadoop-common-3.3.4.jar:?]
20:31:14.505 [IPC Server handler 3 on default port 37459] ERROR OMAudit - user=runner | ip=127.0.0.1 | op=GET_FILE_STATUS {volume=volume58619, bucket=bucket43836, key=level0/level3/file1, dataSize=0, replicationConfig=null} | ret=FAILURE
org.apache.hadoop.ozone.om.exceptions.OMException: Unable to get file status: volume: volume58619 bucket: bucket43836 key: level0/level3/file1
	at org.apache.hadoop.ozone.om.KeyManagerImpl.getOzoneFileStatus(KeyManagerImpl.java:1301) ~[ozone-manager-1.4.0-SNAPSHOT.jar:?]
	at org.apache.hadoop.ozone.om.KeyManagerImpl.getFileStatus(KeyManagerImpl.java:1219) ~[ozone-manager-1.4.0-SNAPSHOT.jar:?]
	at org.apache.hadoop.ozone.om.OzoneManager.getFileStatus(OzoneManager.java:3498) ~[ozone-manager-1.4.0-SNAPSHOT.jar:?]
	at org.apache.hadoop.ozone.protocolPB.OzoneManagerRequestHandler.getOzoneFileStatus(OzoneManagerRequestHandler.java:913) ~[ozone-manager-1.4.0-SNAPSHOT.jar:?]
	at org.apache.hadoop.ozone.protocolPB.OzoneManagerRequestHandler.handleReadRequest(OzoneManagerRequestHandler.java:233) ~[ozone-manager-1.4.0-SNAPSHOT.jar:?]
	at org.apache.hadoop.ozone.protocolPB.OzoneManagerProtocolServerSideTranslatorPB.submitRequestDirectlyToOM(OzoneManagerProtocolServerSideTranslatorPB.java:276) ~[ozone-manager-1.4.0-SNAPSHOT.jar:?]
	at org.apache.hadoop.ozone.protocolPB.OzoneManagerProtocolServerSideTranslatorPB.processRequest(OzoneManagerProtocolServerSideTranslatorPB.java:205) ~[ozone-manager-1.4.0-SNAPSHOT.jar:?]
	at org.apache.hadoop.hdds.server.OzoneProtocolMessageDispatcher.processRequest(OzoneProtocolMessageDispatcher.java:87) [hdds-server-framework-1.4.0-SNAPSHOT.jar:?]
	at org.apache.hadoop.ozone.protocolPB.OzoneManagerProtocolServerSideTranslatorPB.submitRequest(OzoneManagerProtocolServerSideTranslatorPB.java:147) [ozone-manager-1.4.0-SNAPSHOT.jar:?]
	at org.apache.hadoop.ozone.protocol.proto.OzoneManagerProtocolProtos$OzoneManagerService$2.callBlockingMethod(OzoneManagerProtocolProtos.java) [ozone-interface-client-1.4.0-SNAPSHOT.jar:?]
	at org.apache.hadoop.ipc.ProtobufRpcEngine$Server.processCall(ProtobufRpcEngine.java:465) [hadoop-common-3.3.4.jar:?]
	at org.apache.hadoop.ipc.ProtobufRpcEngine2$Server$ProtoBufRpcInvoker.call(ProtobufRpcEngine2.java:578) [hadoop-common-3.3.4.jar:?]
	at org.apache.hadoop.ipc.ProtobufRpcEngine2$Server$ProtoBufRpcInvoker.call(ProtobufRpcEngine2.java:556) [hadoop-common-3.3.4.jar:?]
	at org.apache.hadoop.ipc.RPC$Server.call(RPC.java:1093) [hadoop-common-3.3.4.jar:?]
	at org.apache.hadoop.ipc.Server$RpcCall.run(Server.java:1043) [hadoop-common-3.3.4.jar:?]
	at org.apache.hadoop.ipc.Server$RpcCall.run(Server.java:971) [hadoop-common-3.3.4.jar:?]
	at java.security.AccessController.doPrivileged(Native Method) ~[?:1.8.0_352]
	at javax.security.auth.Subject.doAs(Subject.java:422) [?:1.8.0_352]
	at org.apache.hadoop.security.UserGroupInformation.doAs(UserGroupInformation.java:1878) [hadoop-common-3.3.4.jar:?]
	at org.apache.hadoop.ipc.Server$Handler.run(Server.java:2976) [hadoop-common-3.3.4.jar:?]
20:31:14.505 [IPC Server handler 5 on default port 37459] ERROR OMAudit - user=runner | ip=127.0.0.1 | op=GET_FILE_STATUS {volume=volume58619, bucket=bucket43836, key=level0/level3/level3/file1, dataSize=0, replicationConfig=null} | ret=FAILURE
org.apache.hadoop.ozone.om.exceptions.OMException: Unable to get file status: volume: volume58619 bucket: bucket43836 key: level0/level3/level3/file1
	at org.apache.hadoop.ozone.om.KeyManagerImpl.getOzoneFileStatus(KeyManagerImpl.java:1301) ~[ozone-manager-1.4.0-SNAPSHOT.jar:?]
	at org.apache.hadoop.ozone.om.KeyManagerImpl.getFileStatus(KeyManagerImpl.java:1219) ~[ozone-manager-1.4.0-SNAPSHOT.jar:?]
	at org.apache.hadoop.ozone.om.OzoneManager.getFileStatus(OzoneManager.java:3498) ~[ozone-manager-1.4.0-SNAPSHOT.jar:?]
	at org.apache.hadoop.ozone.protocolPB.OzoneManagerRequestHandler.getOzoneFileStatus(OzoneManagerRequestHandler.java:913) ~[ozone-manager-1.4.0-SNAPSHOT.jar:?]
	at org.apache.hadoop.ozone.protocolPB.OzoneManagerRequestHandler.handleReadRequest(OzoneManagerRequestHandler.java:233) ~[ozone-manager-1.4.0-SNAPSHOT.jar:?]
	at org.apache.hadoop.ozone.protocolPB.OzoneManagerProtocolServerSideTranslatorPB.submitRequestDirectlyToOM(OzoneManagerProtocolServerSideTranslatorPB.java:276) ~[ozone-manager-1.4.0-SNAPSHOT.jar:?]
	at org.apache.hadoop.ozone.protocolPB.OzoneManagerProtocolServerSideTranslatorPB.processRequest(OzoneManagerProtocolServerSideTranslatorPB.java:205) ~[ozone-manager-1.4.0-SNAPSHOT.jar:?]
	at org.apache.hadoop.hdds.server.OzoneProtocolMessageDispatcher.processRequest(OzoneProtocolMessageDispatcher.java:87) [hdds-server-framework-1.4.0-SNAPSHOT.jar:?]
	at org.apache.hadoop.ozone.protocolPB.OzoneManagerProtocolServerSideTranslatorPB.submitRequest(OzoneManagerProtocolServerSideTranslatorPB.java:147) [ozone-manager-1.4.0-SNAPSHOT.jar:?]
	at org.apache.hadoop.ozone.protocol.proto.OzoneManagerProtocolProtos$OzoneManagerService$2.callBlockingMethod(OzoneManagerProtocolProtos.java) [ozone-interface-client-1.4.0-SNAPSHOT.jar:?]
	at org.apache.hadoop.ipc.ProtobufRpcEngine$Server.processCall(ProtobufRpcEngine.java:465) [hadoop-common-3.3.4.jar:?]
	at org.apache.hadoop.ipc.ProtobufRpcEngine2$Server$ProtoBufRpcInvoker.call(ProtobufRpcEngine2.java:578) [hadoop-common-3.3.4.jar:?]
	at org.apache.hadoop.ipc.ProtobufRpcEngine2$Server$ProtoBufRpcInvoker.call(ProtobufRpcEngine2.java:556) [hadoop-common-3.3.4.jar:?]
	at org.apache.hadoop.ipc.RPC$Server.call(RPC.java:1093) [hadoop-common-3.3.4.jar:?]
	at org.apache.hadoop.ipc.Server$RpcCall.run(Server.java:1043) [hadoop-common-3.3.4.jar:?]
	at org.apache.hadoop.ipc.Server$RpcCall.run(Server.java:971) [hadoop-common-3.3.4.jar:?]
	at java.security.AccessController.doPrivileged(Native Method) ~[?:1.8.0_352]
	at javax.security.auth.Subject.doAs(Subject.java:422) [?:1.8.0_352]
	at org.apache.hadoop.security.UserGroupInformation.doAs(UserGroupInformation.java:1878) [hadoop-common-3.3.4.jar:?]
	at org.apache.hadoop.ipc.Server$Handler.run(Server.java:2976) [hadoop-common-3.3.4.jar:?]
]]></system-out>
  </testcase>
  <testcase name="testRecursiveDelete" classname="TestOzoneFileSystem" time="0.108">
    <system-out><![CDATA[2023-01-26 20:32:18,799 [OM StateMachine ApplyTransaction Thread - 0] INFO  key.OMKeyRequest (OMKeyRequest.java:wrapUncommittedBlocksAsPseudoKey(837)) - Detect allocated but uncommitted blocks [{blockID={containerID=2, localID=111677748019200014}, length=4194304, offset=0, token=null, pipeline=null, createVersion=0, partNumber=0}] in key gdir1/pdir1/child.
2023-01-26 20:32:18,803 [OM StateMachine ApplyTransaction Thread - 0] INFO  key.OMKeyRequest (OMKeyRequest.java:wrapUncommittedBlocksAsPseudoKey(837)) - Detect allocated but uncommitted blocks [{blockID={containerID=1, localID=111677748019200015}, length=4194304, offset=0, token=null, pipeline=null, createVersion=0, partNumber=0}] in key gdir1/pdir2/child.
2023-01-26 20:32:18,806 [OM StateMachine ApplyTransaction Thread - 0] INFO  key.OMKeyRequest (OMKeyRequest.java:wrapUncommittedBlocksAsPseudoKey(837)) - Detect allocated but uncommitted blocks [{blockID={containerID=2, localID=111677748019200016}, length=4194304, offset=0, token=null, pipeline=null, createVersion=0, partNumber=0}] in key gdir1/pdir3/child.
2023-01-26 20:32:18,810 [OM StateMachine ApplyTransaction Thread - 0] INFO  key.OMKeyRequest (OMKeyRequest.java:wrapUncommittedBlocksAsPseudoKey(837)) - Detect allocated but uncommitted blocks [{blockID={containerID=1, localID=111677748019200017}, length=4194304, offset=0, token=null, pipeline=null, createVersion=0, partNumber=0}] in key gdir1/pdir4/child.
2023-01-26 20:32:18,814 [OM StateMachine ApplyTransaction Thread - 0] INFO  key.OMKeyRequest (OMKeyRequest.java:wrapUncommittedBlocksAsPseudoKey(837)) - Detect allocated but uncommitted blocks [{blockID={containerID=2, localID=111677748019200018}, length=4194304, offset=0, token=null, pipeline=null, createVersion=0, partNumber=0}] in key gdir1/pdir5/child.
2023-01-26 20:32:18,818 [OM StateMachine ApplyTransaction Thread - 0] INFO  key.OMKeyRequest (OMKeyRequest.java:wrapUncommittedBlocksAsPseudoKey(837)) - Detect allocated but uncommitted blocks [{blockID={containerID=1, localID=111677748019200019}, length=4194304, offset=0, token=null, pipeline=null, createVersion=0, partNumber=0}] in key gdir1/pdir6/child.
2023-01-26 20:32:18,821 [OM StateMachine ApplyTransaction Thread - 0] INFO  key.OMKeyRequest (OMKeyRequest.java:wrapUncommittedBlocksAsPseudoKey(837)) - Detect allocated but uncommitted blocks [{blockID={containerID=2, localID=111677748019200020}, length=4194304, offset=0, token=null, pipeline=null, createVersion=0, partNumber=0}] in key gdir1/pdir7/child.
2023-01-26 20:32:18,824 [OM StateMachine ApplyTransaction Thread - 0] INFO  key.OMKeyRequest (OMKeyRequest.java:wrapUncommittedBlocksAsPseudoKey(837)) - Detect allocated but uncommitted blocks [{blockID={containerID=1, localID=111677748019200021}, length=4194304, offset=0, token=null, pipeline=null, createVersion=0, partNumber=0}] in key gdir1/pdir8/child.
2023-01-26 20:32:18,828 [OM StateMachine ApplyTransaction Thread - 0] INFO  key.OMKeyRequest (OMKeyRequest.java:wrapUncommittedBlocksAsPseudoKey(837)) - Detect allocated but uncommitted blocks [{blockID={containerID=2, localID=111677748019200022}, length=4194304, offset=0, token=null, pipeline=null, createVersion=0, partNumber=0}] in key gdir1/pdir9/child.
2023-01-26 20:32:18,832 [OM StateMachine ApplyTransaction Thread - 0] INFO  key.OMKeyRequest (OMKeyRequest.java:wrapUncommittedBlocksAsPseudoKey(837)) - Detect allocated but uncommitted blocks [{blockID={containerID=1, localID=111677748019200023}, length=4194304, offset=0, token=null, pipeline=null, createVersion=0, partNumber=0}] in key gdir1/pdir10/child.
20:32:18.842 [IPC Server handler 19 on default port 38041] ERROR OMAudit - user=runner | ip=127.0.0.1 | op=GET_FILE_STATUS {volume=volume53399, bucket=bucket90109, key=gdir1, dataSize=0, replicationConfig=null} | ret=FAILURE
org.apache.hadoop.ozone.om.exceptions.OMException: Unable to get file status: volume: volume53399 bucket: bucket90109 key: gdir1
	at org.apache.hadoop.ozone.om.KeyManagerImpl.getOzoneFileStatus(KeyManagerImpl.java:1301) ~[ozone-manager-1.4.0-SNAPSHOT.jar:?]
	at org.apache.hadoop.ozone.om.KeyManagerImpl.getFileStatus(KeyManagerImpl.java:1219) ~[ozone-manager-1.4.0-SNAPSHOT.jar:?]
	at org.apache.hadoop.ozone.om.OzoneManager.getFileStatus(OzoneManager.java:3498) ~[ozone-manager-1.4.0-SNAPSHOT.jar:?]
	at org.apache.hadoop.ozone.protocolPB.OzoneManagerRequestHandler.getOzoneFileStatus(OzoneManagerRequestHandler.java:913) ~[ozone-manager-1.4.0-SNAPSHOT.jar:?]
	at org.apache.hadoop.ozone.protocolPB.OzoneManagerRequestHandler.handleReadRequest(OzoneManagerRequestHandler.java:233) ~[ozone-manager-1.4.0-SNAPSHOT.jar:?]
	at org.apache.hadoop.ozone.protocolPB.OzoneManagerProtocolServerSideTranslatorPB.submitReadRequestToOM(OzoneManagerProtocolServerSideTranslatorPB.java:226) ~[ozone-manager-1.4.0-SNAPSHOT.jar:?]
	at org.apache.hadoop.ozone.protocolPB.OzoneManagerProtocolServerSideTranslatorPB.processRequest(OzoneManagerProtocolServerSideTranslatorPB.java:175) ~[ozone-manager-1.4.0-SNAPSHOT.jar:?]
	at org.apache.hadoop.hdds.server.OzoneProtocolMessageDispatcher.processRequest(OzoneProtocolMessageDispatcher.java:87) [hdds-server-framework-1.4.0-SNAPSHOT.jar:?]
	at org.apache.hadoop.ozone.protocolPB.OzoneManagerProtocolServerSideTranslatorPB.submitRequest(OzoneManagerProtocolServerSideTranslatorPB.java:147) [ozone-manager-1.4.0-SNAPSHOT.jar:?]
	at org.apache.hadoop.ozone.protocol.proto.OzoneManagerProtocolProtos$OzoneManagerService$2.callBlockingMethod(OzoneManagerProtocolProtos.java) [ozone-interface-client-1.4.0-SNAPSHOT.jar:?]
	at org.apache.hadoop.ipc.ProtobufRpcEngine$Server.processCall(ProtobufRpcEngine.java:465) [hadoop-common-3.3.4.jar:?]
	at org.apache.hadoop.ipc.ProtobufRpcEngine2$Server$ProtoBufRpcInvoker.call(ProtobufRpcEngine2.java:578) [hadoop-common-3.3.4.jar:?]
	at org.apache.hadoop.ipc.ProtobufRpcEngine2$Server$ProtoBufRpcInvoker.call(ProtobufRpcEngine2.java:556) [hadoop-common-3.3.4.jar:?]
	at org.apache.hadoop.ipc.RPC$Server.call(RPC.java:1093) [hadoop-common-3.3.4.jar:?]
	at org.apache.hadoop.ipc.Server$RpcCall.run(Server.java:1043) [hadoop-common-3.3.4.jar:?]
	at org.apache.hadoop.ipc.Server$RpcCall.run(Server.java:971) [hadoop-common-3.3.4.jar:?]
	at java.security.AccessController.doPrivileged(Native Method) ~[?:1.8.0_352]
	at javax.security.auth.Subject.doAs(Subject.java:422) [?:1.8.0_352]
	at org.apache.hadoop.security.UserGroupInformation.doAs(UserGroupInformation.java:1878) [hadoop-common-3.3.4.jar:?]
	at org.apache.hadoop.ipc.Server$Handler.run(Server.java:2976) [hadoop-common-3.3.4.jar:?]
20:32:18.843 [IPC Server handler 1 on default port 38041] ERROR OMAudit - user=runner | ip=127.0.0.1 | op=GET_FILE_STATUS {volume=volume53399, bucket=bucket90109, key=gdir1/dir1, dataSize=0, replicationConfig=null} | ret=FAILURE
org.apache.hadoop.ozone.om.exceptions.OMException: Unable to get file status: volume: volume53399 bucket: bucket90109 key: gdir1/dir1
	at org.apache.hadoop.ozone.om.KeyManagerImpl.getOzoneFileStatus(KeyManagerImpl.java:1301) ~[ozone-manager-1.4.0-SNAPSHOT.jar:?]
	at org.apache.hadoop.ozone.om.KeyManagerImpl.getFileStatus(KeyManagerImpl.java:1219) ~[ozone-manager-1.4.0-SNAPSHOT.jar:?]
	at org.apache.hadoop.ozone.om.OzoneManager.getFileStatus(OzoneManager.java:3498) ~[ozone-manager-1.4.0-SNAPSHOT.jar:?]
	at org.apache.hadoop.ozone.protocolPB.OzoneManagerRequestHandler.getOzoneFileStatus(OzoneManagerRequestHandler.java:913) ~[ozone-manager-1.4.0-SNAPSHOT.jar:?]
	at org.apache.hadoop.ozone.protocolPB.OzoneManagerRequestHandler.handleReadRequest(OzoneManagerRequestHandler.java:233) ~[ozone-manager-1.4.0-SNAPSHOT.jar:?]
	at org.apache.hadoop.ozone.protocolPB.OzoneManagerProtocolServerSideTranslatorPB.submitReadRequestToOM(OzoneManagerProtocolServerSideTranslatorPB.java:226) ~[ozone-manager-1.4.0-SNAPSHOT.jar:?]
	at org.apache.hadoop.ozone.protocolPB.OzoneManagerProtocolServerSideTranslatorPB.processRequest(OzoneManagerProtocolServerSideTranslatorPB.java:175) ~[ozone-manager-1.4.0-SNAPSHOT.jar:?]
	at org.apache.hadoop.hdds.server.OzoneProtocolMessageDispatcher.processRequest(OzoneProtocolMessageDispatcher.java:87) [hdds-server-framework-1.4.0-SNAPSHOT.jar:?]
	at org.apache.hadoop.ozone.protocolPB.OzoneManagerProtocolServerSideTranslatorPB.submitRequest(OzoneManagerProtocolServerSideTranslatorPB.java:147) [ozone-manager-1.4.0-SNAPSHOT.jar:?]
	at org.apache.hadoop.ozone.protocol.proto.OzoneManagerProtocolProtos$OzoneManagerService$2.callBlockingMethod(OzoneManagerProtocolProtos.java) [ozone-interface-client-1.4.0-SNAPSHOT.jar:?]
	at org.apache.hadoop.ipc.ProtobufRpcEngine$Server.processCall(ProtobufRpcEngine.java:465) [hadoop-common-3.3.4.jar:?]
	at org.apache.hadoop.ipc.ProtobufRpcEngine2$Server$ProtoBufRpcInvoker.call(ProtobufRpcEngine2.java:578) [hadoop-common-3.3.4.jar:?]
	at org.apache.hadoop.ipc.ProtobufRpcEngine2$Server$ProtoBufRpcInvoker.call(ProtobufRpcEngine2.java:556) [hadoop-common-3.3.4.jar:?]
	at org.apache.hadoop.ipc.RPC$Server.call(RPC.java:1093) [hadoop-common-3.3.4.jar:?]
	at org.apache.hadoop.ipc.Server$RpcCall.run(Server.java:1043) [hadoop-common-3.3.4.jar:?]
	at org.apache.hadoop.ipc.Server$RpcCall.run(Server.java:971) [hadoop-common-3.3.4.jar:?]
	at java.security.AccessController.doPrivileged(Native Method) ~[?:1.8.0_352]
	at javax.security.auth.Subject.doAs(Subject.java:422) [?:1.8.0_352]
	at org.apache.hadoop.security.UserGroupInformation.doAs(UserGroupInformation.java:1878) [hadoop-common-3.3.4.jar:?]
	at org.apache.hadoop.ipc.Server$Handler.run(Server.java:2976) [hadoop-common-3.3.4.jar:?]
20:32:18.844 [IPC Server handler 0 on default port 38041] ERROR OMAudit - user=runner | ip=127.0.0.1 | op=GET_FILE_STATUS {volume=volume53399, bucket=bucket90109, key=gdir1/dir1/child, dataSize=0, replicationConfig=null} | ret=FAILURE
org.apache.hadoop.ozone.om.exceptions.OMException: Unable to get file status: volume: volume53399 bucket: bucket90109 key: gdir1/dir1/child
	at org.apache.hadoop.ozone.om.KeyManagerImpl.getOzoneFileStatus(KeyManagerImpl.java:1301) ~[ozone-manager-1.4.0-SNAPSHOT.jar:?]
	at org.apache.hadoop.ozone.om.KeyManagerImpl.getFileStatus(KeyManagerImpl.java:1219) ~[ozone-manager-1.4.0-SNAPSHOT.jar:?]
	at org.apache.hadoop.ozone.om.OzoneManager.getFileStatus(OzoneManager.java:3498) ~[ozone-manager-1.4.0-SNAPSHOT.jar:?]
	at org.apache.hadoop.ozone.protocolPB.OzoneManagerRequestHandler.getOzoneFileStatus(OzoneManagerRequestHandler.java:913) ~[ozone-manager-1.4.0-SNAPSHOT.jar:?]
	at org.apache.hadoop.ozone.protocolPB.OzoneManagerRequestHandler.handleReadRequest(OzoneManagerRequestHandler.java:233) ~[ozone-manager-1.4.0-SNAPSHOT.jar:?]
	at org.apache.hadoop.ozone.protocolPB.OzoneManagerProtocolServerSideTranslatorPB.submitReadRequestToOM(OzoneManagerProtocolServerSideTranslatorPB.java:226) ~[ozone-manager-1.4.0-SNAPSHOT.jar:?]
	at org.apache.hadoop.ozone.protocolPB.OzoneManagerProtocolServerSideTranslatorPB.processRequest(OzoneManagerProtocolServerSideTranslatorPB.java:175) ~[ozone-manager-1.4.0-SNAPSHOT.jar:?]
	at org.apache.hadoop.hdds.server.OzoneProtocolMessageDispatcher.processRequest(OzoneProtocolMessageDispatcher.java:87) [hdds-server-framework-1.4.0-SNAPSHOT.jar:?]
	at org.apache.hadoop.ozone.protocolPB.OzoneManagerProtocolServerSideTranslatorPB.submitRequest(OzoneManagerProtocolServerSideTranslatorPB.java:147) [ozone-manager-1.4.0-SNAPSHOT.jar:?]
	at org.apache.hadoop.ozone.protocol.proto.OzoneManagerProtocolProtos$OzoneManagerService$2.callBlockingMethod(OzoneManagerProtocolProtos.java) [ozone-interface-client-1.4.0-SNAPSHOT.jar:?]
	at org.apache.hadoop.ipc.ProtobufRpcEngine$Server.processCall(ProtobufRpcEngine.java:465) [hadoop-common-3.3.4.jar:?]
	at org.apache.hadoop.ipc.ProtobufRpcEngine2$Server$ProtoBufRpcInvoker.call(ProtobufRpcEngine2.java:578) [hadoop-common-3.3.4.jar:?]
	at org.apache.hadoop.ipc.ProtobufRpcEngine2$Server$ProtoBufRpcInvoker.call(ProtobufRpcEngine2.java:556) [hadoop-common-3.3.4.jar:?]
	at org.apache.hadoop.ipc.RPC$Server.call(RPC.java:1093) [hadoop-common-3.3.4.jar:?]
	at org.apache.hadoop.ipc.Server$RpcCall.run(Server.java:1043) [hadoop-common-3.3.4.jar:?]
	at org.apache.hadoop.ipc.Server$RpcCall.run(Server.java:971) [hadoop-common-3.3.4.jar:?]
	at java.security.AccessController.doPrivileged(Native Method) ~[?:1.8.0_352]
	at javax.security.auth.Subject.doAs(Subject.java:422) [?:1.8.0_352]
	at org.apache.hadoop.security.UserGroupInformation.doAs(UserGroupInformation.java:1878) [hadoop-common-3.3.4.jar:?]
	at org.apache.hadoop.ipc.Server$Handler.run(Server.java:2976) [hadoop-common-3.3.4.jar:?]
20:32:18.844 [IPC Server handler 3 on default port 38041] ERROR OMAudit - user=runner | ip=127.0.0.1 | op=GET_FILE_STATUS {volume=volume53399, bucket=bucket90109, key=gdir1/dir2, dataSize=0, replicationConfig=null} | ret=FAILURE
org.apache.hadoop.ozone.om.exceptions.OMException: Unable to get file status: volume: volume53399 bucket: bucket90109 key: gdir1/dir2
	at org.apache.hadoop.ozone.om.KeyManagerImpl.getOzoneFileStatus(KeyManagerImpl.java:1301) ~[ozone-manager-1.4.0-SNAPSHOT.jar:?]
	at org.apache.hadoop.ozone.om.KeyManagerImpl.getFileStatus(KeyManagerImpl.java:1219) ~[ozone-manager-1.4.0-SNAPSHOT.jar:?]
	at org.apache.hadoop.ozone.om.OzoneManager.getFileStatus(OzoneManager.java:3498) ~[ozone-manager-1.4.0-SNAPSHOT.jar:?]
	at org.apache.hadoop.ozone.protocolPB.OzoneManagerRequestHandler.getOzoneFileStatus(OzoneManagerRequestHandler.java:913) ~[ozone-manager-1.4.0-SNAPSHOT.jar:?]
	at org.apache.hadoop.ozone.protocolPB.OzoneManagerRequestHandler.handleReadRequest(OzoneManagerRequestHandler.java:233) ~[ozone-manager-1.4.0-SNAPSHOT.jar:?]
	at org.apache.hadoop.ozone.protocolPB.OzoneManagerProtocolServerSideTranslatorPB.submitReadRequestToOM(OzoneManagerProtocolServerSideTranslatorPB.java:226) ~[ozone-manager-1.4.0-SNAPSHOT.jar:?]
	at org.apache.hadoop.ozone.protocolPB.OzoneManagerProtocolServerSideTranslatorPB.processRequest(OzoneManagerProtocolServerSideTranslatorPB.java:175) ~[ozone-manager-1.4.0-SNAPSHOT.jar:?]
	at org.apache.hadoop.hdds.server.OzoneProtocolMessageDispatcher.processRequest(OzoneProtocolMessageDispatcher.java:87) [hdds-server-framework-1.4.0-SNAPSHOT.jar:?]
	at org.apache.hadoop.ozone.protocolPB.OzoneManagerProtocolServerSideTranslatorPB.submitRequest(OzoneManagerProtocolServerSideTranslatorPB.java:147) [ozone-manager-1.4.0-SNAPSHOT.jar:?]
	at org.apache.hadoop.ozone.protocol.proto.OzoneManagerProtocolProtos$OzoneManagerService$2.callBlockingMethod(OzoneManagerProtocolProtos.java) [ozone-interface-client-1.4.0-SNAPSHOT.jar:?]
	at org.apache.hadoop.ipc.ProtobufRpcEngine$Server.processCall(ProtobufRpcEngine.java:465) [hadoop-common-3.3.4.jar:?]
	at org.apache.hadoop.ipc.ProtobufRpcEngine2$Server$ProtoBufRpcInvoker.call(ProtobufRpcEngine2.java:578) [hadoop-common-3.3.4.jar:?]
	at org.apache.hadoop.ipc.ProtobufRpcEngine2$Server$ProtoBufRpcInvoker.call(ProtobufRpcEngine2.java:556) [hadoop-common-3.3.4.jar:?]
	at org.apache.hadoop.ipc.RPC$Server.call(RPC.java:1093) [hadoop-common-3.3.4.jar:?]
	at org.apache.hadoop.ipc.Server$RpcCall.run(Server.java:1043) [hadoop-common-3.3.4.jar:?]
	at org.apache.hadoop.ipc.Server$RpcCall.run(Server.java:971) [hadoop-common-3.3.4.jar:?]
	at java.security.AccessController.doPrivileged(Native Method) ~[?:1.8.0_352]
	at javax.security.auth.Subject.doAs(Subject.java:422) [?:1.8.0_352]
	at org.apache.hadoop.security.UserGroupInformation.doAs(UserGroupInformation.java:1878) [hadoop-common-3.3.4.jar:?]
	at org.apache.hadoop.ipc.Server$Handler.run(Server.java:2976) [hadoop-common-3.3.4.jar:?]
20:32:18.845 [IPC Server handler 4 on default port 38041] ERROR OMAudit - user=runner | ip=127.0.0.1 | op=GET_FILE_STATUS {volume=volume53399, bucket=bucket90109, key=gdir1/dir2/child, dataSize=0, replicationConfig=null} | ret=FAILURE
org.apache.hadoop.ozone.om.exceptions.OMException: Unable to get file status: volume: volume53399 bucket: bucket90109 key: gdir1/dir2/child
	at org.apache.hadoop.ozone.om.KeyManagerImpl.getOzoneFileStatus(KeyManagerImpl.java:1301) ~[ozone-manager-1.4.0-SNAPSHOT.jar:?]
	at org.apache.hadoop.ozone.om.KeyManagerImpl.getFileStatus(KeyManagerImpl.java:1219) ~[ozone-manager-1.4.0-SNAPSHOT.jar:?]
	at org.apache.hadoop.ozone.om.OzoneManager.getFileStatus(OzoneManager.java:3498) ~[ozone-manager-1.4.0-SNAPSHOT.jar:?]
	at org.apache.hadoop.ozone.protocolPB.OzoneManagerRequestHandler.getOzoneFileStatus(OzoneManagerRequestHandler.java:913) ~[ozone-manager-1.4.0-SNAPSHOT.jar:?]
	at org.apache.hadoop.ozone.protocolPB.OzoneManagerRequestHandler.handleReadRequest(OzoneManagerRequestHandler.java:233) ~[ozone-manager-1.4.0-SNAPSHOT.jar:?]
	at org.apache.hadoop.ozone.protocolPB.OzoneManagerProtocolServerSideTranslatorPB.submitReadRequestToOM(OzoneManagerProtocolServerSideTranslatorPB.java:226) ~[ozone-manager-1.4.0-SNAPSHOT.jar:?]
	at org.apache.hadoop.ozone.protocolPB.OzoneManagerProtocolServerSideTranslatorPB.processRequest(OzoneManagerProtocolServerSideTranslatorPB.java:175) ~[ozone-manager-1.4.0-SNAPSHOT.jar:?]
	at org.apache.hadoop.hdds.server.OzoneProtocolMessageDispatcher.processRequest(OzoneProtocolMessageDispatcher.java:87) [hdds-server-framework-1.4.0-SNAPSHOT.jar:?]
	at org.apache.hadoop.ozone.protocolPB.OzoneManagerProtocolServerSideTranslatorPB.submitRequest(OzoneManagerProtocolServerSideTranslatorPB.java:147) [ozone-manager-1.4.0-SNAPSHOT.jar:?]
	at org.apache.hadoop.ozone.protocol.proto.OzoneManagerProtocolProtos$OzoneManagerService$2.callBlockingMethod(OzoneManagerProtocolProtos.java) [ozone-interface-client-1.4.0-SNAPSHOT.jar:?]
	at org.apache.hadoop.ipc.ProtobufRpcEngine$Server.processCall(ProtobufRpcEngine.java:465) [hadoop-common-3.3.4.jar:?]
	at org.apache.hadoop.ipc.ProtobufRpcEngine2$Server$ProtoBufRpcInvoker.call(ProtobufRpcEngine2.java:578) [hadoop-common-3.3.4.jar:?]
	at org.apache.hadoop.ipc.ProtobufRpcEngine2$Server$ProtoBufRpcInvoker.call(ProtobufRpcEngine2.java:556) [hadoop-common-3.3.4.jar:?]
	at org.apache.hadoop.ipc.RPC$Server.call(RPC.java:1093) [hadoop-common-3.3.4.jar:?]
	at org.apache.hadoop.ipc.Server$RpcCall.run(Server.java:1043) [hadoop-common-3.3.4.jar:?]
	at org.apache.hadoop.ipc.Server$RpcCall.run(Server.java:971) [hadoop-common-3.3.4.jar:?]
	at java.security.AccessController.doPrivileged(Native Method) ~[?:1.8.0_352]
	at javax.security.auth.Subject.doAs(Subject.java:422) [?:1.8.0_352]
	at org.apache.hadoop.security.UserGroupInformation.doAs(UserGroupInformation.java:1878) [hadoop-common-3.3.4.jar:?]
	at org.apache.hadoop.ipc.Server$Handler.run(Server.java:2976) [hadoop-common-3.3.4.jar:?]
20:32:18.846 [IPC Server handler 6 on default port 38041] ERROR OMAudit - user=runner | ip=127.0.0.1 | op=GET_FILE_STATUS {volume=volume53399, bucket=bucket90109, key=gdir1/dir3, dataSize=0, replicationConfig=null} | ret=FAILURE
org.apache.hadoop.ozone.om.exceptions.OMException: Unable to get file status: volume: volume53399 bucket: bucket90109 key: gdir1/dir3
	at org.apache.hadoop.ozone.om.KeyManagerImpl.getOzoneFileStatus(KeyManagerImpl.java:1301) ~[ozone-manager-1.4.0-SNAPSHOT.jar:?]
	at org.apache.hadoop.ozone.om.KeyManagerImpl.getFileStatus(KeyManagerImpl.java:1219) ~[ozone-manager-1.4.0-SNAPSHOT.jar:?]
	at org.apache.hadoop.ozone.om.OzoneManager.getFileStatus(OzoneManager.java:3498) ~[ozone-manager-1.4.0-SNAPSHOT.jar:?]
	at org.apache.hadoop.ozone.protocolPB.OzoneManagerRequestHandler.getOzoneFileStatus(OzoneManagerRequestHandler.java:913) ~[ozone-manager-1.4.0-SNAPSHOT.jar:?]
	at org.apache.hadoop.ozone.protocolPB.OzoneManagerRequestHandler.handleReadRequest(OzoneManagerRequestHandler.java:233) ~[ozone-manager-1.4.0-SNAPSHOT.jar:?]
	at org.apache.hadoop.ozone.protocolPB.OzoneManagerProtocolServerSideTranslatorPB.submitReadRequestToOM(OzoneManagerProtocolServerSideTranslatorPB.java:226) ~[ozone-manager-1.4.0-SNAPSHOT.jar:?]
	at org.apache.hadoop.ozone.protocolPB.OzoneManagerProtocolServerSideTranslatorPB.processRequest(OzoneManagerProtocolServerSideTranslatorPB.java:175) ~[ozone-manager-1.4.0-SNAPSHOT.jar:?]
	at org.apache.hadoop.hdds.server.OzoneProtocolMessageDispatcher.processRequest(OzoneProtocolMessageDispatcher.java:87) [hdds-server-framework-1.4.0-SNAPSHOT.jar:?]
	at org.apache.hadoop.ozone.protocolPB.OzoneManagerProtocolServerSideTranslatorPB.submitRequest(OzoneManagerProtocolServerSideTranslatorPB.java:147) [ozone-manager-1.4.0-SNAPSHOT.jar:?]
	at org.apache.hadoop.ozone.protocol.proto.OzoneManagerProtocolProtos$OzoneManagerService$2.callBlockingMethod(OzoneManagerProtocolProtos.java) [ozone-interface-client-1.4.0-SNAPSHOT.jar:?]
	at org.apache.hadoop.ipc.ProtobufRpcEngine$Server.processCall(ProtobufRpcEngine.java:465) [hadoop-common-3.3.4.jar:?]
	at org.apache.hadoop.ipc.ProtobufRpcEngine2$Server$ProtoBufRpcInvoker.call(ProtobufRpcEngine2.java:578) [hadoop-common-3.3.4.jar:?]
	at org.apache.hadoop.ipc.ProtobufRpcEngine2$Server$ProtoBufRpcInvoker.call(ProtobufRpcEngine2.java:556) [hadoop-common-3.3.4.jar:?]
	at org.apache.hadoop.ipc.RPC$Server.call(RPC.java:1093) [hadoop-common-3.3.4.jar:?]
	at org.apache.hadoop.ipc.Server$RpcCall.run(Server.java:1043) [hadoop-common-3.3.4.jar:?]
	at org.apache.hadoop.ipc.Server$RpcCall.run(Server.java:971) [hadoop-common-3.3.4.jar:?]
	at java.security.AccessController.doPrivileged(Native Method) ~[?:1.8.0_352]
	at javax.security.auth.Subject.doAs(Subject.java:422) [?:1.8.0_352]
	at org.apache.hadoop.security.UserGroupInformation.doAs(UserGroupInformation.java:1878) [hadoop-common-3.3.4.jar:?]
	at org.apache.hadoop.ipc.Server$Handler.run(Server.java:2976) [hadoop-common-3.3.4.jar:?]
20:32:18.846 [IPC Server handler 7 on default port 38041] ERROR OMAudit - user=runner | ip=127.0.0.1 | op=GET_FILE_STATUS {volume=volume53399, bucket=bucket90109, key=gdir1/dir3/child, dataSize=0, replicationConfig=null} | ret=FAILURE
org.apache.hadoop.ozone.om.exceptions.OMException: Unable to get file status: volume: volume53399 bucket: bucket90109 key: gdir1/dir3/child
	at org.apache.hadoop.ozone.om.KeyManagerImpl.getOzoneFileStatus(KeyManagerImpl.java:1301) ~[ozone-manager-1.4.0-SNAPSHOT.jar:?]
	at org.apache.hadoop.ozone.om.KeyManagerImpl.getFileStatus(KeyManagerImpl.java:1219) ~[ozone-manager-1.4.0-SNAPSHOT.jar:?]
	at org.apache.hadoop.ozone.om.OzoneManager.getFileStatus(OzoneManager.java:3498) ~[ozone-manager-1.4.0-SNAPSHOT.jar:?]
	at org.apache.hadoop.ozone.protocolPB.OzoneManagerRequestHandler.getOzoneFileStatus(OzoneManagerRequestHandler.java:913) ~[ozone-manager-1.4.0-SNAPSHOT.jar:?]
	at org.apache.hadoop.ozone.protocolPB.OzoneManagerRequestHandler.handleReadRequest(OzoneManagerRequestHandler.java:233) ~[ozone-manager-1.4.0-SNAPSHOT.jar:?]
	at org.apache.hadoop.ozone.protocolPB.OzoneManagerProtocolServerSideTranslatorPB.submitReadRequestToOM(OzoneManagerProtocolServerSideTranslatorPB.java:226) ~[ozone-manager-1.4.0-SNAPSHOT.jar:?]
	at org.apache.hadoop.ozone.protocolPB.OzoneManagerProtocolServerSideTranslatorPB.processRequest(OzoneManagerProtocolServerSideTranslatorPB.java:175) ~[ozone-manager-1.4.0-SNAPSHOT.jar:?]
	at org.apache.hadoop.hdds.server.OzoneProtocolMessageDispatcher.processRequest(OzoneProtocolMessageDispatcher.java:87) [hdds-server-framework-1.4.0-SNAPSHOT.jar:?]
	at org.apache.hadoop.ozone.protocolPB.OzoneManagerProtocolServerSideTranslatorPB.submitRequest(OzoneManagerProtocolServerSideTranslatorPB.java:147) [ozone-manager-1.4.0-SNAPSHOT.jar:?]
	at org.apache.hadoop.ozone.protocol.proto.OzoneManagerProtocolProtos$OzoneManagerService$2.callBlockingMethod(OzoneManagerProtocolProtos.java) [ozone-interface-client-1.4.0-SNAPSHOT.jar:?]
	at org.apache.hadoop.ipc.ProtobufRpcEngine$Server.processCall(ProtobufRpcEngine.java:465) [hadoop-common-3.3.4.jar:?]
	at org.apache.hadoop.ipc.ProtobufRpcEngine2$Server$ProtoBufRpcInvoker.call(ProtobufRpcEngine2.java:578) [hadoop-common-3.3.4.jar:?]
	at org.apache.hadoop.ipc.ProtobufRpcEngine2$Server$ProtoBufRpcInvoker.call(ProtobufRpcEngine2.java:556) [hadoop-common-3.3.4.jar:?]
	at org.apache.hadoop.ipc.RPC$Server.call(RPC.java:1093) [hadoop-common-3.3.4.jar:?]
	at org.apache.hadoop.ipc.Server$RpcCall.run(Server.java:1043) [hadoop-common-3.3.4.jar:?]
	at org.apache.hadoop.ipc.Server$RpcCall.run(Server.java:971) [hadoop-common-3.3.4.jar:?]
	at java.security.AccessController.doPrivileged(Native Method) ~[?:1.8.0_352]
	at javax.security.auth.Subject.doAs(Subject.java:422) [?:1.8.0_352]
	at org.apache.hadoop.security.UserGroupInformation.doAs(UserGroupInformation.java:1878) [hadoop-common-3.3.4.jar:?]
	at org.apache.hadoop.ipc.Server$Handler.run(Server.java:2976) [hadoop-common-3.3.4.jar:?]
20:32:18.847 [IPC Server handler 2 on default port 38041] ERROR OMAudit - user=runner | ip=127.0.0.1 | op=GET_FILE_STATUS {volume=volume53399, bucket=bucket90109, key=gdir1/dir4, dataSize=0, replicationConfig=null} | ret=FAILURE
org.apache.hadoop.ozone.om.exceptions.OMException: Unable to get file status: volume: volume53399 bucket: bucket90109 key: gdir1/dir4
	at org.apache.hadoop.ozone.om.KeyManagerImpl.getOzoneFileStatus(KeyManagerImpl.java:1301) ~[ozone-manager-1.4.0-SNAPSHOT.jar:?]
	at org.apache.hadoop.ozone.om.KeyManagerImpl.getFileStatus(KeyManagerImpl.java:1219) ~[ozone-manager-1.4.0-SNAPSHOT.jar:?]
	at org.apache.hadoop.ozone.om.OzoneManager.getFileStatus(OzoneManager.java:3498) ~[ozone-manager-1.4.0-SNAPSHOT.jar:?]
	at org.apache.hadoop.ozone.protocolPB.OzoneManagerRequestHandler.getOzoneFileStatus(OzoneManagerRequestHandler.java:913) ~[ozone-manager-1.4.0-SNAPSHOT.jar:?]
	at org.apache.hadoop.ozone.protocolPB.OzoneManagerRequestHandler.handleReadRequest(OzoneManagerRequestHandler.java:233) ~[ozone-manager-1.4.0-SNAPSHOT.jar:?]
	at org.apache.hadoop.ozone.protocolPB.OzoneManagerProtocolServerSideTranslatorPB.submitReadRequestToOM(OzoneManagerProtocolServerSideTranslatorPB.java:226) ~[ozone-manager-1.4.0-SNAPSHOT.jar:?]
	at org.apache.hadoop.ozone.protocolPB.OzoneManagerProtocolServerSideTranslatorPB.processRequest(OzoneManagerProtocolServerSideTranslatorPB.java:175) ~[ozone-manager-1.4.0-SNAPSHOT.jar:?]
	at org.apache.hadoop.hdds.server.OzoneProtocolMessageDispatcher.processRequest(OzoneProtocolMessageDispatcher.java:87) [hdds-server-framework-1.4.0-SNAPSHOT.jar:?]
	at org.apache.hadoop.ozone.protocolPB.OzoneManagerProtocolServerSideTranslatorPB.submitRequest(OzoneManagerProtocolServerSideTranslatorPB.java:147) [ozone-manager-1.4.0-SNAPSHOT.jar:?]
	at org.apache.hadoop.ozone.protocol.proto.OzoneManagerProtocolProtos$OzoneManagerService$2.callBlockingMethod(OzoneManagerProtocolProtos.java) [ozone-interface-client-1.4.0-SNAPSHOT.jar:?]
	at org.apache.hadoop.ipc.ProtobufRpcEngine$Server.processCall(ProtobufRpcEngine.java:465) [hadoop-common-3.3.4.jar:?]
	at org.apache.hadoop.ipc.ProtobufRpcEngine2$Server$ProtoBufRpcInvoker.call(ProtobufRpcEngine2.java:578) [hadoop-common-3.3.4.jar:?]
	at org.apache.hadoop.ipc.ProtobufRpcEngine2$Server$ProtoBufRpcInvoker.call(ProtobufRpcEngine2.java:556) [hadoop-common-3.3.4.jar:?]
	at org.apache.hadoop.ipc.RPC$Server.call(RPC.java:1093) [hadoop-common-3.3.4.jar:?]
	at org.apache.hadoop.ipc.Server$RpcCall.run(Server.java:1043) [hadoop-common-3.3.4.jar:?]
	at org.apache.hadoop.ipc.Server$RpcCall.run(Server.java:971) [hadoop-common-3.3.4.jar:?]
	at java.security.AccessController.doPrivileged(Native Method) ~[?:1.8.0_352]
	at javax.security.auth.Subject.doAs(Subject.java:422) [?:1.8.0_352]
	at org.apache.hadoop.security.UserGroupInformation.doAs(UserGroupInformation.java:1878) [hadoop-common-3.3.4.jar:?]
	at org.apache.hadoop.ipc.Server$Handler.run(Server.java:2976) [hadoop-common-3.3.4.jar:?]
20:32:18.848 [IPC Server handler 5 on default port 38041] ERROR OMAudit - user=runner | ip=127.0.0.1 | op=GET_FILE_STATUS {volume=volume53399, bucket=bucket90109, key=gdir1/dir4/child, dataSize=0, replicationConfig=null} | ret=FAILURE
org.apache.hadoop.ozone.om.exceptions.OMException: Unable to get file status: volume: volume53399 bucket: bucket90109 key: gdir1/dir4/child
	at org.apache.hadoop.ozone.om.KeyManagerImpl.getOzoneFileStatus(KeyManagerImpl.java:1301) ~[ozone-manager-1.4.0-SNAPSHOT.jar:?]
	at org.apache.hadoop.ozone.om.KeyManagerImpl.getFileStatus(KeyManagerImpl.java:1219) ~[ozone-manager-1.4.0-SNAPSHOT.jar:?]
	at org.apache.hadoop.ozone.om.OzoneManager.getFileStatus(OzoneManager.java:3498) ~[ozone-manager-1.4.0-SNAPSHOT.jar:?]
	at org.apache.hadoop.ozone.protocolPB.OzoneManagerRequestHandler.getOzoneFileStatus(OzoneManagerRequestHandler.java:913) ~[ozone-manager-1.4.0-SNAPSHOT.jar:?]
	at org.apache.hadoop.ozone.protocolPB.OzoneManagerRequestHandler.handleReadRequest(OzoneManagerRequestHandler.java:233) ~[ozone-manager-1.4.0-SNAPSHOT.jar:?]
	at org.apache.hadoop.ozone.protocolPB.OzoneManagerProtocolServerSideTranslatorPB.submitReadRequestToOM(OzoneManagerProtocolServerSideTranslatorPB.java:226) ~[ozone-manager-1.4.0-SNAPSHOT.jar:?]
	at org.apache.hadoop.ozone.protocolPB.OzoneManagerProtocolServerSideTranslatorPB.processRequest(OzoneManagerProtocolServerSideTranslatorPB.java:175) ~[ozone-manager-1.4.0-SNAPSHOT.jar:?]
	at org.apache.hadoop.hdds.server.OzoneProtocolMessageDispatcher.processRequest(OzoneProtocolMessageDispatcher.java:87) [hdds-server-framework-1.4.0-SNAPSHOT.jar:?]
	at org.apache.hadoop.ozone.protocolPB.OzoneManagerProtocolServerSideTranslatorPB.submitRequest(OzoneManagerProtocolServerSideTranslatorPB.java:147) [ozone-manager-1.4.0-SNAPSHOT.jar:?]
	at org.apache.hadoop.ozone.protocol.proto.OzoneManagerProtocolProtos$OzoneManagerService$2.callBlockingMethod(OzoneManagerProtocolProtos.java) [ozone-interface-client-1.4.0-SNAPSHOT.jar:?]
	at org.apache.hadoop.ipc.ProtobufRpcEngine$Server.processCall(ProtobufRpcEngine.java:465) [hadoop-common-3.3.4.jar:?]
	at org.apache.hadoop.ipc.ProtobufRpcEngine2$Server$ProtoBufRpcInvoker.call(ProtobufRpcEngine2.java:578) [hadoop-common-3.3.4.jar:?]
	at org.apache.hadoop.ipc.ProtobufRpcEngine2$Server$ProtoBufRpcInvoker.call(ProtobufRpcEngine2.java:556) [hadoop-common-3.3.4.jar:?]
	at org.apache.hadoop.ipc.RPC$Server.call(RPC.java:1093) [hadoop-common-3.3.4.jar:?]
	at org.apache.hadoop.ipc.Server$RpcCall.run(Server.java:1043) [hadoop-common-3.3.4.jar:?]
	at org.apache.hadoop.ipc.Server$RpcCall.run(Server.java:971) [hadoop-common-3.3.4.jar:?]
	at java.security.AccessController.doPrivileged(Native Method) ~[?:1.8.0_352]
	at javax.security.auth.Subject.doAs(Subject.java:422) [?:1.8.0_352]
	at org.apache.hadoop.security.UserGroupInformation.doAs(UserGroupInformation.java:1878) [hadoop-common-3.3.4.jar:?]
	at org.apache.hadoop.ipc.Server$Handler.run(Server.java:2976) [hadoop-common-3.3.4.jar:?]
20:32:18.848 [IPC Server handler 8 on default port 38041] ERROR OMAudit - user=runner | ip=127.0.0.1 | op=GET_FILE_STATUS {volume=volume53399, bucket=bucket90109, key=gdir1/dir5, dataSize=0, replicationConfig=null} | ret=FAILURE
org.apache.hadoop.ozone.om.exceptions.OMException: Unable to get file status: volume: volume53399 bucket: bucket90109 key: gdir1/dir5
	at org.apache.hadoop.ozone.om.KeyManagerImpl.getOzoneFileStatus(KeyManagerImpl.java:1301) ~[ozone-manager-1.4.0-SNAPSHOT.jar:?]
	at org.apache.hadoop.ozone.om.KeyManagerImpl.getFileStatus(KeyManagerImpl.java:1219) ~[ozone-manager-1.4.0-SNAPSHOT.jar:?]
	at org.apache.hadoop.ozone.om.OzoneManager.getFileStatus(OzoneManager.java:3498) ~[ozone-manager-1.4.0-SNAPSHOT.jar:?]
	at org.apache.hadoop.ozone.protocolPB.OzoneManagerRequestHandler.getOzoneFileStatus(OzoneManagerRequestHandler.java:913) ~[ozone-manager-1.4.0-SNAPSHOT.jar:?]
	at org.apache.hadoop.ozone.protocolPB.OzoneManagerRequestHandler.handleReadRequest(OzoneManagerRequestHandler.java:233) ~[ozone-manager-1.4.0-SNAPSHOT.jar:?]
	at org.apache.hadoop.ozone.protocolPB.OzoneManagerProtocolServerSideTranslatorPB.submitReadRequestToOM(OzoneManagerProtocolServerSideTranslatorPB.java:226) ~[ozone-manager-1.4.0-SNAPSHOT.jar:?]
	at org.apache.hadoop.ozone.protocolPB.OzoneManagerProtocolServerSideTranslatorPB.processRequest(OzoneManagerProtocolServerSideTranslatorPB.java:175) ~[ozone-manager-1.4.0-SNAPSHOT.jar:?]
	at org.apache.hadoop.hdds.server.OzoneProtocolMessageDispatcher.processRequest(OzoneProtocolMessageDispatcher.java:87) [hdds-server-framework-1.4.0-SNAPSHOT.jar:?]
	at org.apache.hadoop.ozone.protocolPB.OzoneManagerProtocolServerSideTranslatorPB.submitRequest(OzoneManagerProtocolServerSideTranslatorPB.java:147) [ozone-manager-1.4.0-SNAPSHOT.jar:?]
	at org.apache.hadoop.ozone.protocol.proto.OzoneManagerProtocolProtos$OzoneManagerService$2.callBlockingMethod(OzoneManagerProtocolProtos.java) [ozone-interface-client-1.4.0-SNAPSHOT.jar:?]
	at org.apache.hadoop.ipc.ProtobufRpcEngine$Server.processCall(ProtobufRpcEngine.java:465) [hadoop-common-3.3.4.jar:?]
	at org.apache.hadoop.ipc.ProtobufRpcEngine2$Server$ProtoBufRpcInvoker.call(ProtobufRpcEngine2.java:578) [hadoop-common-3.3.4.jar:?]
	at org.apache.hadoop.ipc.ProtobufRpcEngine2$Server$ProtoBufRpcInvoker.call(ProtobufRpcEngine2.java:556) [hadoop-common-3.3.4.jar:?]
	at org.apache.hadoop.ipc.RPC$Server.call(RPC.java:1093) [hadoop-common-3.3.4.jar:?]
	at org.apache.hadoop.ipc.Server$RpcCall.run(Server.java:1043) [hadoop-common-3.3.4.jar:?]
	at org.apache.hadoop.ipc.Server$RpcCall.run(Server.java:971) [hadoop-common-3.3.4.jar:?]
	at java.security.AccessController.doPrivileged(Native Method) ~[?:1.8.0_352]
	at javax.security.auth.Subject.doAs(Subject.java:422) [?:1.8.0_352]
	at org.apache.hadoop.security.UserGroupInformation.doAs(UserGroupInformation.java:1878) [hadoop-common-3.3.4.jar:?]
	at org.apache.hadoop.ipc.Server$Handler.run(Server.java:2976) [hadoop-common-3.3.4.jar:?]
20:32:18.849 [IPC Server handler 9 on default port 38041] ERROR OMAudit - user=runner | ip=127.0.0.1 | op=GET_FILE_STATUS {volume=volume53399, bucket=bucket90109, key=gdir1/dir5/child, dataSize=0, replicationConfig=null} | ret=FAILURE
org.apache.hadoop.ozone.om.exceptions.OMException: Unable to get file status: volume: volume53399 bucket: bucket90109 key: gdir1/dir5/child
	at org.apache.hadoop.ozone.om.KeyManagerImpl.getOzoneFileStatus(KeyManagerImpl.java:1301) ~[ozone-manager-1.4.0-SNAPSHOT.jar:?]
	at org.apache.hadoop.ozone.om.KeyManagerImpl.getFileStatus(KeyManagerImpl.java:1219) ~[ozone-manager-1.4.0-SNAPSHOT.jar:?]
	at org.apache.hadoop.ozone.om.OzoneManager.getFileStatus(OzoneManager.java:3498) ~[ozone-manager-1.4.0-SNAPSHOT.jar:?]
	at org.apache.hadoop.ozone.protocolPB.OzoneManagerRequestHandler.getOzoneFileStatus(OzoneManagerRequestHandler.java:913) ~[ozone-manager-1.4.0-SNAPSHOT.jar:?]
	at org.apache.hadoop.ozone.protocolPB.OzoneManagerRequestHandler.handleReadRequest(OzoneManagerRequestHandler.java:233) ~[ozone-manager-1.4.0-SNAPSHOT.jar:?]
	at org.apache.hadoop.ozone.protocolPB.OzoneManagerProtocolServerSideTranslatorPB.submitReadRequestToOM(OzoneManagerProtocolServerSideTranslatorPB.java:226) ~[ozone-manager-1.4.0-SNAPSHOT.jar:?]
	at org.apache.hadoop.ozone.protocolPB.OzoneManagerProtocolServerSideTranslatorPB.processRequest(OzoneManagerProtocolServerSideTranslatorPB.java:175) ~[ozone-manager-1.4.0-SNAPSHOT.jar:?]
	at org.apache.hadoop.hdds.server.OzoneProtocolMessageDispatcher.processRequest(OzoneProtocolMessageDispatcher.java:87) [hdds-server-framework-1.4.0-SNAPSHOT.jar:?]
	at org.apache.hadoop.ozone.protocolPB.OzoneManagerProtocolServerSideTranslatorPB.submitRequest(OzoneManagerProtocolServerSideTranslatorPB.java:147) [ozone-manager-1.4.0-SNAPSHOT.jar:?]
	at org.apache.hadoop.ozone.protocol.proto.OzoneManagerProtocolProtos$OzoneManagerService$2.callBlockingMethod(OzoneManagerProtocolProtos.java) [ozone-interface-client-1.4.0-SNAPSHOT.jar:?]
	at org.apache.hadoop.ipc.ProtobufRpcEngine$Server.processCall(ProtobufRpcEngine.java:465) [hadoop-common-3.3.4.jar:?]
	at org.apache.hadoop.ipc.ProtobufRpcEngine2$Server$ProtoBufRpcInvoker.call(ProtobufRpcEngine2.java:578) [hadoop-common-3.3.4.jar:?]
	at org.apache.hadoop.ipc.ProtobufRpcEngine2$Server$ProtoBufRpcInvoker.call(ProtobufRpcEngine2.java:556) [hadoop-common-3.3.4.jar:?]
	at org.apache.hadoop.ipc.RPC$Server.call(RPC.java:1093) [hadoop-common-3.3.4.jar:?]
	at org.apache.hadoop.ipc.Server$RpcCall.run(Server.java:1043) [hadoop-common-3.3.4.jar:?]
	at org.apache.hadoop.ipc.Server$RpcCall.run(Server.java:971) [hadoop-common-3.3.4.jar:?]
	at java.security.AccessController.doPrivileged(Native Method) ~[?:1.8.0_352]
	at javax.security.auth.Subject.doAs(Subject.java:422) [?:1.8.0_352]
	at org.apache.hadoop.security.UserGroupInformation.doAs(UserGroupInformation.java:1878) [hadoop-common-3.3.4.jar:?]
	at org.apache.hadoop.ipc.Server$Handler.run(Server.java:2976) [hadoop-common-3.3.4.jar:?]
20:32:18.849 [IPC Server handler 10 on default port 38041] ERROR OMAudit - user=runner | ip=127.0.0.1 | op=GET_FILE_STATUS {volume=volume53399, bucket=bucket90109, key=gdir1/dir6, dataSize=0, replicationConfig=null} | ret=FAILURE
org.apache.hadoop.ozone.om.exceptions.OMException: Unable to get file status: volume: volume53399 bucket: bucket90109 key: gdir1/dir6
	at org.apache.hadoop.ozone.om.KeyManagerImpl.getOzoneFileStatus(KeyManagerImpl.java:1301) ~[ozone-manager-1.4.0-SNAPSHOT.jar:?]
	at org.apache.hadoop.ozone.om.KeyManagerImpl.getFileStatus(KeyManagerImpl.java:1219) ~[ozone-manager-1.4.0-SNAPSHOT.jar:?]
	at org.apache.hadoop.ozone.om.OzoneManager.getFileStatus(OzoneManager.java:3498) ~[ozone-manager-1.4.0-SNAPSHOT.jar:?]
	at org.apache.hadoop.ozone.protocolPB.OzoneManagerRequestHandler.getOzoneFileStatus(OzoneManagerRequestHandler.java:913) ~[ozone-manager-1.4.0-SNAPSHOT.jar:?]
	at org.apache.hadoop.ozone.protocolPB.OzoneManagerRequestHandler.handleReadRequest(OzoneManagerRequestHandler.java:233) ~[ozone-manager-1.4.0-SNAPSHOT.jar:?]
	at org.apache.hadoop.ozone.protocolPB.OzoneManagerProtocolServerSideTranslatorPB.submitReadRequestToOM(OzoneManagerProtocolServerSideTranslatorPB.java:226) ~[ozone-manager-1.4.0-SNAPSHOT.jar:?]
	at org.apache.hadoop.ozone.protocolPB.OzoneManagerProtocolServerSideTranslatorPB.processRequest(OzoneManagerProtocolServerSideTranslatorPB.java:175) ~[ozone-manager-1.4.0-SNAPSHOT.jar:?]
	at org.apache.hadoop.hdds.server.OzoneProtocolMessageDispatcher.processRequest(OzoneProtocolMessageDispatcher.java:87) [hdds-server-framework-1.4.0-SNAPSHOT.jar:?]
	at org.apache.hadoop.ozone.protocolPB.OzoneManagerProtocolServerSideTranslatorPB.submitRequest(OzoneManagerProtocolServerSideTranslatorPB.java:147) [ozone-manager-1.4.0-SNAPSHOT.jar:?]
	at org.apache.hadoop.ozone.protocol.proto.OzoneManagerProtocolProtos$OzoneManagerService$2.callBlockingMethod(OzoneManagerProtocolProtos.java) [ozone-interface-client-1.4.0-SNAPSHOT.jar:?]
	at org.apache.hadoop.ipc.ProtobufRpcEngine$Server.processCall(ProtobufRpcEngine.java:465) [hadoop-common-3.3.4.jar:?]
	at org.apache.hadoop.ipc.ProtobufRpcEngine2$Server$ProtoBufRpcInvoker.call(ProtobufRpcEngine2.java:578) [hadoop-common-3.3.4.jar:?]
	at org.apache.hadoop.ipc.ProtobufRpcEngine2$Server$ProtoBufRpcInvoker.call(ProtobufRpcEngine2.java:556) [hadoop-common-3.3.4.jar:?]
	at org.apache.hadoop.ipc.RPC$Server.call(RPC.java:1093) [hadoop-common-3.3.4.jar:?]
	at org.apache.hadoop.ipc.Server$RpcCall.run(Server.java:1043) [hadoop-common-3.3.4.jar:?]
	at org.apache.hadoop.ipc.Server$RpcCall.run(Server.java:971) [hadoop-common-3.3.4.jar:?]
	at java.security.AccessController.doPrivileged(Native Method) ~[?:1.8.0_352]
	at javax.security.auth.Subject.doAs(Subject.java:422) [?:1.8.0_352]
	at org.apache.hadoop.security.UserGroupInformation.doAs(UserGroupInformation.java:1878) [hadoop-common-3.3.4.jar:?]
	at org.apache.hadoop.ipc.Server$Handler.run(Server.java:2976) [hadoop-common-3.3.4.jar:?]
20:32:18.850 [IPC Server handler 11 on default port 38041] ERROR OMAudit - user=runner | ip=127.0.0.1 | op=GET_FILE_STATUS {volume=volume53399, bucket=bucket90109, key=gdir1/dir6/child, dataSize=0, replicationConfig=null} | ret=FAILURE
org.apache.hadoop.ozone.om.exceptions.OMException: Unable to get file status: volume: volume53399 bucket: bucket90109 key: gdir1/dir6/child
	at org.apache.hadoop.ozone.om.KeyManagerImpl.getOzoneFileStatus(KeyManagerImpl.java:1301) ~[ozone-manager-1.4.0-SNAPSHOT.jar:?]
	at org.apache.hadoop.ozone.om.KeyManagerImpl.getFileStatus(KeyManagerImpl.java:1219) ~[ozone-manager-1.4.0-SNAPSHOT.jar:?]
	at org.apache.hadoop.ozone.om.OzoneManager.getFileStatus(OzoneManager.java:3498) ~[ozone-manager-1.4.0-SNAPSHOT.jar:?]
	at org.apache.hadoop.ozone.protocolPB.OzoneManagerRequestHandler.getOzoneFileStatus(OzoneManagerRequestHandler.java:913) ~[ozone-manager-1.4.0-SNAPSHOT.jar:?]
	at org.apache.hadoop.ozone.protocolPB.OzoneManagerRequestHandler.handleReadRequest(OzoneManagerRequestHandler.java:233) ~[ozone-manager-1.4.0-SNAPSHOT.jar:?]
	at org.apache.hadoop.ozone.protocolPB.OzoneManagerProtocolServerSideTranslatorPB.submitReadRequestToOM(OzoneManagerProtocolServerSideTranslatorPB.java:226) ~[ozone-manager-1.4.0-SNAPSHOT.jar:?]
	at org.apache.hadoop.ozone.protocolPB.OzoneManagerProtocolServerSideTranslatorPB.processRequest(OzoneManagerProtocolServerSideTranslatorPB.java:175) ~[ozone-manager-1.4.0-SNAPSHOT.jar:?]
	at org.apache.hadoop.hdds.server.OzoneProtocolMessageDispatcher.processRequest(OzoneProtocolMessageDispatcher.java:87) [hdds-server-framework-1.4.0-SNAPSHOT.jar:?]
	at org.apache.hadoop.ozone.protocolPB.OzoneManagerProtocolServerSideTranslatorPB.submitRequest(OzoneManagerProtocolServerSideTranslatorPB.java:147) [ozone-manager-1.4.0-SNAPSHOT.jar:?]
	at org.apache.hadoop.ozone.protocol.proto.OzoneManagerProtocolProtos$OzoneManagerService$2.callBlockingMethod(OzoneManagerProtocolProtos.java) [ozone-interface-client-1.4.0-SNAPSHOT.jar:?]
	at org.apache.hadoop.ipc.ProtobufRpcEngine$Server.processCall(ProtobufRpcEngine.java:465) [hadoop-common-3.3.4.jar:?]
	at org.apache.hadoop.ipc.ProtobufRpcEngine2$Server$ProtoBufRpcInvoker.call(ProtobufRpcEngine2.java:578) [hadoop-common-3.3.4.jar:?]
	at org.apache.hadoop.ipc.ProtobufRpcEngine2$Server$ProtoBufRpcInvoker.call(ProtobufRpcEngine2.java:556) [hadoop-common-3.3.4.jar:?]
	at org.apache.hadoop.ipc.RPC$Server.call(RPC.java:1093) [hadoop-common-3.3.4.jar:?]
	at org.apache.hadoop.ipc.Server$RpcCall.run(Server.java:1043) [hadoop-common-3.3.4.jar:?]
	at org.apache.hadoop.ipc.Server$RpcCall.run(Server.java:971) [hadoop-common-3.3.4.jar:?]
	at java.security.AccessController.doPrivileged(Native Method) ~[?:1.8.0_352]
	at javax.security.auth.Subject.doAs(Subject.java:422) [?:1.8.0_352]
	at org.apache.hadoop.security.UserGroupInformation.doAs(UserGroupInformation.java:1878) [hadoop-common-3.3.4.jar:?]
	at org.apache.hadoop.ipc.Server$Handler.run(Server.java:2976) [hadoop-common-3.3.4.jar:?]
20:32:18.851 [IPC Server handler 13 on default port 38041] ERROR OMAudit - user=runner | ip=127.0.0.1 | op=GET_FILE_STATUS {volume=volume53399, bucket=bucket90109, key=gdir1/dir7, dataSize=0, replicationConfig=null} | ret=FAILURE
org.apache.hadoop.ozone.om.exceptions.OMException: Unable to get file status: volume: volume53399 bucket: bucket90109 key: gdir1/dir7
	at org.apache.hadoop.ozone.om.KeyManagerImpl.getOzoneFileStatus(KeyManagerImpl.java:1301) ~[ozone-manager-1.4.0-SNAPSHOT.jar:?]
	at org.apache.hadoop.ozone.om.KeyManagerImpl.getFileStatus(KeyManagerImpl.java:1219) ~[ozone-manager-1.4.0-SNAPSHOT.jar:?]
	at org.apache.hadoop.ozone.om.OzoneManager.getFileStatus(OzoneManager.java:3498) ~[ozone-manager-1.4.0-SNAPSHOT.jar:?]
	at org.apache.hadoop.ozone.protocolPB.OzoneManagerRequestHandler.getOzoneFileStatus(OzoneManagerRequestHandler.java:913) ~[ozone-manager-1.4.0-SNAPSHOT.jar:?]
	at org.apache.hadoop.ozone.protocolPB.OzoneManagerRequestHandler.handleReadRequest(OzoneManagerRequestHandler.java:233) ~[ozone-manager-1.4.0-SNAPSHOT.jar:?]
	at org.apache.hadoop.ozone.protocolPB.OzoneManagerProtocolServerSideTranslatorPB.submitReadRequestToOM(OzoneManagerProtocolServerSideTranslatorPB.java:226) ~[ozone-manager-1.4.0-SNAPSHOT.jar:?]
	at org.apache.hadoop.ozone.protocolPB.OzoneManagerProtocolServerSideTranslatorPB.processRequest(OzoneManagerProtocolServerSideTranslatorPB.java:175) ~[ozone-manager-1.4.0-SNAPSHOT.jar:?]
	at org.apache.hadoop.hdds.server.OzoneProtocolMessageDispatcher.processRequest(OzoneProtocolMessageDispatcher.java:87) [hdds-server-framework-1.4.0-SNAPSHOT.jar:?]
	at org.apache.hadoop.ozone.protocolPB.OzoneManagerProtocolServerSideTranslatorPB.submitRequest(OzoneManagerProtocolServerSideTranslatorPB.java:147) [ozone-manager-1.4.0-SNAPSHOT.jar:?]
	at org.apache.hadoop.ozone.protocol.proto.OzoneManagerProtocolProtos$OzoneManagerService$2.callBlockingMethod(OzoneManagerProtocolProtos.java) [ozone-interface-client-1.4.0-SNAPSHOT.jar:?]
	at org.apache.hadoop.ipc.ProtobufRpcEngine$Server.processCall(ProtobufRpcEngine.java:465) [hadoop-common-3.3.4.jar:?]
	at org.apache.hadoop.ipc.ProtobufRpcEngine2$Server$ProtoBufRpcInvoker.call(ProtobufRpcEngine2.java:578) [hadoop-common-3.3.4.jar:?]
	at org.apache.hadoop.ipc.ProtobufRpcEngine2$Server$ProtoBufRpcInvoker.call(ProtobufRpcEngine2.java:556) [hadoop-common-3.3.4.jar:?]
	at org.apache.hadoop.ipc.RPC$Server.call(RPC.java:1093) [hadoop-common-3.3.4.jar:?]
	at org.apache.hadoop.ipc.Server$RpcCall.run(Server.java:1043) [hadoop-common-3.3.4.jar:?]
	at org.apache.hadoop.ipc.Server$RpcCall.run(Server.java:971) [hadoop-common-3.3.4.jar:?]
	at java.security.AccessController.doPrivileged(Native Method) ~[?:1.8.0_352]
	at javax.security.auth.Subject.doAs(Subject.java:422) [?:1.8.0_352]
	at org.apache.hadoop.security.UserGroupInformation.doAs(UserGroupInformation.java:1878) [hadoop-common-3.3.4.jar:?]
	at org.apache.hadoop.ipc.Server$Handler.run(Server.java:2976) [hadoop-common-3.3.4.jar:?]
20:32:18.851 [IPC Server handler 12 on default port 38041] ERROR OMAudit - user=runner | ip=127.0.0.1 | op=GET_FILE_STATUS {volume=volume53399, bucket=bucket90109, key=gdir1/dir7/child, dataSize=0, replicationConfig=null} | ret=FAILURE
org.apache.hadoop.ozone.om.exceptions.OMException: Unable to get file status: volume: volume53399 bucket: bucket90109 key: gdir1/dir7/child
	at org.apache.hadoop.ozone.om.KeyManagerImpl.getOzoneFileStatus(KeyManagerImpl.java:1301) ~[ozone-manager-1.4.0-SNAPSHOT.jar:?]
	at org.apache.hadoop.ozone.om.KeyManagerImpl.getFileStatus(KeyManagerImpl.java:1219) ~[ozone-manager-1.4.0-SNAPSHOT.jar:?]
	at org.apache.hadoop.ozone.om.OzoneManager.getFileStatus(OzoneManager.java:3498) ~[ozone-manager-1.4.0-SNAPSHOT.jar:?]
	at org.apache.hadoop.ozone.protocolPB.OzoneManagerRequestHandler.getOzoneFileStatus(OzoneManagerRequestHandler.java:913) ~[ozone-manager-1.4.0-SNAPSHOT.jar:?]
	at org.apache.hadoop.ozone.protocolPB.OzoneManagerRequestHandler.handleReadRequest(OzoneManagerRequestHandler.java:233) ~[ozone-manager-1.4.0-SNAPSHOT.jar:?]
	at org.apache.hadoop.ozone.protocolPB.OzoneManagerProtocolServerSideTranslatorPB.submitReadRequestToOM(OzoneManagerProtocolServerSideTranslatorPB.java:226) ~[ozone-manager-1.4.0-SNAPSHOT.jar:?]
	at org.apache.hadoop.ozone.protocolPB.OzoneManagerProtocolServerSideTranslatorPB.processRequest(OzoneManagerProtocolServerSideTranslatorPB.java:175) ~[ozone-manager-1.4.0-SNAPSHOT.jar:?]
	at org.apache.hadoop.hdds.server.OzoneProtocolMessageDispatcher.processRequest(OzoneProtocolMessageDispatcher.java:87) [hdds-server-framework-1.4.0-SNAPSHOT.jar:?]
	at org.apache.hadoop.ozone.protocolPB.OzoneManagerProtocolServerSideTranslatorPB.submitRequest(OzoneManagerProtocolServerSideTranslatorPB.java:147) [ozone-manager-1.4.0-SNAPSHOT.jar:?]
	at org.apache.hadoop.ozone.protocol.proto.OzoneManagerProtocolProtos$OzoneManagerService$2.callBlockingMethod(OzoneManagerProtocolProtos.java) [ozone-interface-client-1.4.0-SNAPSHOT.jar:?]
	at org.apache.hadoop.ipc.ProtobufRpcEngine$Server.processCall(ProtobufRpcEngine.java:465) [hadoop-common-3.3.4.jar:?]
	at org.apache.hadoop.ipc.ProtobufRpcEngine2$Server$ProtoBufRpcInvoker.call(ProtobufRpcEngine2.java:578) [hadoop-common-3.3.4.jar:?]
	at org.apache.hadoop.ipc.ProtobufRpcEngine2$Server$ProtoBufRpcInvoker.call(ProtobufRpcEngine2.java:556) [hadoop-common-3.3.4.jar:?]
	at org.apache.hadoop.ipc.RPC$Server.call(RPC.java:1093) [hadoop-common-3.3.4.jar:?]
	at org.apache.hadoop.ipc.Server$RpcCall.run(Server.java:1043) [hadoop-common-3.3.4.jar:?]
	at org.apache.hadoop.ipc.Server$RpcCall.run(Server.java:971) [hadoop-common-3.3.4.jar:?]
	at java.security.AccessController.doPrivileged(Native Method) ~[?:1.8.0_352]
	at javax.security.auth.Subject.doAs(Subject.java:422) [?:1.8.0_352]
	at org.apache.hadoop.security.UserGroupInformation.doAs(UserGroupInformation.java:1878) [hadoop-common-3.3.4.jar:?]
	at org.apache.hadoop.ipc.Server$Handler.run(Server.java:2976) [hadoop-common-3.3.4.jar:?]
20:32:18.853 [IPC Server handler 14 on default port 38041] ERROR OMAudit - user=runner | ip=127.0.0.1 | op=GET_FILE_STATUS {volume=volume53399, bucket=bucket90109, key=gdir1/dir8, dataSize=0, replicationConfig=null} | ret=FAILURE
org.apache.hadoop.ozone.om.exceptions.OMException: Unable to get file status: volume: volume53399 bucket: bucket90109 key: gdir1/dir8
	at org.apache.hadoop.ozone.om.KeyManagerImpl.getOzoneFileStatus(KeyManagerImpl.java:1301) ~[ozone-manager-1.4.0-SNAPSHOT.jar:?]
	at org.apache.hadoop.ozone.om.KeyManagerImpl.getFileStatus(KeyManagerImpl.java:1219) ~[ozone-manager-1.4.0-SNAPSHOT.jar:?]
	at org.apache.hadoop.ozone.om.OzoneManager.getFileStatus(OzoneManager.java:3498) ~[ozone-manager-1.4.0-SNAPSHOT.jar:?]
	at org.apache.hadoop.ozone.protocolPB.OzoneManagerRequestHandler.getOzoneFileStatus(OzoneManagerRequestHandler.java:913) ~[ozone-manager-1.4.0-SNAPSHOT.jar:?]
	at org.apache.hadoop.ozone.protocolPB.OzoneManagerRequestHandler.handleReadRequest(OzoneManagerRequestHandler.java:233) ~[ozone-manager-1.4.0-SNAPSHOT.jar:?]
	at org.apache.hadoop.ozone.protocolPB.OzoneManagerProtocolServerSideTranslatorPB.submitReadRequestToOM(OzoneManagerProtocolServerSideTranslatorPB.java:226) ~[ozone-manager-1.4.0-SNAPSHOT.jar:?]
	at org.apache.hadoop.ozone.protocolPB.OzoneManagerProtocolServerSideTranslatorPB.processRequest(OzoneManagerProtocolServerSideTranslatorPB.java:175) ~[ozone-manager-1.4.0-SNAPSHOT.jar:?]
	at org.apache.hadoop.hdds.server.OzoneProtocolMessageDispatcher.processRequest(OzoneProtocolMessageDispatcher.java:87) [hdds-server-framework-1.4.0-SNAPSHOT.jar:?]
	at org.apache.hadoop.ozone.protocolPB.OzoneManagerProtocolServerSideTranslatorPB.submitRequest(OzoneManagerProtocolServerSideTranslatorPB.java:147) [ozone-manager-1.4.0-SNAPSHOT.jar:?]
	at org.apache.hadoop.ozone.protocol.proto.OzoneManagerProtocolProtos$OzoneManagerService$2.callBlockingMethod(OzoneManagerProtocolProtos.java) [ozone-interface-client-1.4.0-SNAPSHOT.jar:?]
	at org.apache.hadoop.ipc.ProtobufRpcEngine$Server.processCall(ProtobufRpcEngine.java:465) [hadoop-common-3.3.4.jar:?]
	at org.apache.hadoop.ipc.ProtobufRpcEngine2$Server$ProtoBufRpcInvoker.call(ProtobufRpcEngine2.java:578) [hadoop-common-3.3.4.jar:?]
	at org.apache.hadoop.ipc.ProtobufRpcEngine2$Server$ProtoBufRpcInvoker.call(ProtobufRpcEngine2.java:556) [hadoop-common-3.3.4.jar:?]
	at org.apache.hadoop.ipc.RPC$Server.call(RPC.java:1093) [hadoop-common-3.3.4.jar:?]
	at org.apache.hadoop.ipc.Server$RpcCall.run(Server.java:1043) [hadoop-common-3.3.4.jar:?]
	at org.apache.hadoop.ipc.Server$RpcCall.run(Server.java:971) [hadoop-common-3.3.4.jar:?]
	at java.security.AccessController.doPrivileged(Native Method) ~[?:1.8.0_352]
	at javax.security.auth.Subject.doAs(Subject.java:422) [?:1.8.0_352]
	at org.apache.hadoop.security.UserGroupInformation.doAs(UserGroupInformation.java:1878) [hadoop-common-3.3.4.jar:?]
	at org.apache.hadoop.ipc.Server$Handler.run(Server.java:2976) [hadoop-common-3.3.4.jar:?]
20:32:18.854 [IPC Server handler 15 on default port 38041] ERROR OMAudit - user=runner | ip=127.0.0.1 | op=GET_FILE_STATUS {volume=volume53399, bucket=bucket90109, key=gdir1/dir8/child, dataSize=0, replicationConfig=null} | ret=FAILURE
org.apache.hadoop.ozone.om.exceptions.OMException: Unable to get file status: volume: volume53399 bucket: bucket90109 key: gdir1/dir8/child
	at org.apache.hadoop.ozone.om.KeyManagerImpl.getOzoneFileStatus(KeyManagerImpl.java:1301) ~[ozone-manager-1.4.0-SNAPSHOT.jar:?]
	at org.apache.hadoop.ozone.om.KeyManagerImpl.getFileStatus(KeyManagerImpl.java:1219) ~[ozone-manager-1.4.0-SNAPSHOT.jar:?]
	at org.apache.hadoop.ozone.om.OzoneManager.getFileStatus(OzoneManager.java:3498) ~[ozone-manager-1.4.0-SNAPSHOT.jar:?]
	at org.apache.hadoop.ozone.protocolPB.OzoneManagerRequestHandler.getOzoneFileStatus(OzoneManagerRequestHandler.java:913) ~[ozone-manager-1.4.0-SNAPSHOT.jar:?]
	at org.apache.hadoop.ozone.protocolPB.OzoneManagerRequestHandler.handleReadRequest(OzoneManagerRequestHandler.java:233) ~[ozone-manager-1.4.0-SNAPSHOT.jar:?]
	at org.apache.hadoop.ozone.protocolPB.OzoneManagerProtocolServerSideTranslatorPB.submitReadRequestToOM(OzoneManagerProtocolServerSideTranslatorPB.java:226) ~[ozone-manager-1.4.0-SNAPSHOT.jar:?]
	at org.apache.hadoop.ozone.protocolPB.OzoneManagerProtocolServerSideTranslatorPB.processRequest(OzoneManagerProtocolServerSideTranslatorPB.java:175) ~[ozone-manager-1.4.0-SNAPSHOT.jar:?]
	at org.apache.hadoop.hdds.server.OzoneProtocolMessageDispatcher.processRequest(OzoneProtocolMessageDispatcher.java:87) [hdds-server-framework-1.4.0-SNAPSHOT.jar:?]
	at org.apache.hadoop.ozone.protocolPB.OzoneManagerProtocolServerSideTranslatorPB.submitRequest(OzoneManagerProtocolServerSideTranslatorPB.java:147) [ozone-manager-1.4.0-SNAPSHOT.jar:?]
	at org.apache.hadoop.ozone.protocol.proto.OzoneManagerProtocolProtos$OzoneManagerService$2.callBlockingMethod(OzoneManagerProtocolProtos.java) [ozone-interface-client-1.4.0-SNAPSHOT.jar:?]
	at org.apache.hadoop.ipc.ProtobufRpcEngine$Server.processCall(ProtobufRpcEngine.java:465) [hadoop-common-3.3.4.jar:?]
	at org.apache.hadoop.ipc.ProtobufRpcEngine2$Server$ProtoBufRpcInvoker.call(ProtobufRpcEngine2.java:578) [hadoop-common-3.3.4.jar:?]
	at org.apache.hadoop.ipc.ProtobufRpcEngine2$Server$ProtoBufRpcInvoker.call(ProtobufRpcEngine2.java:556) [hadoop-common-3.3.4.jar:?]
	at org.apache.hadoop.ipc.RPC$Server.call(RPC.java:1093) [hadoop-common-3.3.4.jar:?]
	at org.apache.hadoop.ipc.Server$RpcCall.run(Server.java:1043) [hadoop-common-3.3.4.jar:?]
	at org.apache.hadoop.ipc.Server$RpcCall.run(Server.java:971) [hadoop-common-3.3.4.jar:?]
	at java.security.AccessController.doPrivileged(Native Method) ~[?:1.8.0_352]
	at javax.security.auth.Subject.doAs(Subject.java:422) [?:1.8.0_352]
	at org.apache.hadoop.security.UserGroupInformation.doAs(UserGroupInformation.java:1878) [hadoop-common-3.3.4.jar:?]
	at org.apache.hadoop.ipc.Server$Handler.run(Server.java:2976) [hadoop-common-3.3.4.jar:?]
20:32:18.854 [IPC Server handler 16 on default port 38041] ERROR OMAudit - user=runner | ip=127.0.0.1 | op=GET_FILE_STATUS {volume=volume53399, bucket=bucket90109, key=gdir1/dir9, dataSize=0, replicationConfig=null} | ret=FAILURE
org.apache.hadoop.ozone.om.exceptions.OMException: Unable to get file status: volume: volume53399 bucket: bucket90109 key: gdir1/dir9
	at org.apache.hadoop.ozone.om.KeyManagerImpl.getOzoneFileStatus(KeyManagerImpl.java:1301) ~[ozone-manager-1.4.0-SNAPSHOT.jar:?]
	at org.apache.hadoop.ozone.om.KeyManagerImpl.getFileStatus(KeyManagerImpl.java:1219) ~[ozone-manager-1.4.0-SNAPSHOT.jar:?]
	at org.apache.hadoop.ozone.om.OzoneManager.getFileStatus(OzoneManager.java:3498) ~[ozone-manager-1.4.0-SNAPSHOT.jar:?]
	at org.apache.hadoop.ozone.protocolPB.OzoneManagerRequestHandler.getOzoneFileStatus(OzoneManagerRequestHandler.java:913) ~[ozone-manager-1.4.0-SNAPSHOT.jar:?]
	at org.apache.hadoop.ozone.protocolPB.OzoneManagerRequestHandler.handleReadRequest(OzoneManagerRequestHandler.java:233) ~[ozone-manager-1.4.0-SNAPSHOT.jar:?]
	at org.apache.hadoop.ozone.protocolPB.OzoneManagerProtocolServerSideTranslatorPB.submitReadRequestToOM(OzoneManagerProtocolServerSideTranslatorPB.java:226) ~[ozone-manager-1.4.0-SNAPSHOT.jar:?]
	at org.apache.hadoop.ozone.protocolPB.OzoneManagerProtocolServerSideTranslatorPB.processRequest(OzoneManagerProtocolServerSideTranslatorPB.java:175) ~[ozone-manager-1.4.0-SNAPSHOT.jar:?]
	at org.apache.hadoop.hdds.server.OzoneProtocolMessageDispatcher.processRequest(OzoneProtocolMessageDispatcher.java:87) [hdds-server-framework-1.4.0-SNAPSHOT.jar:?]
	at org.apache.hadoop.ozone.protocolPB.OzoneManagerProtocolServerSideTranslatorPB.submitRequest(OzoneManagerProtocolServerSideTranslatorPB.java:147) [ozone-manager-1.4.0-SNAPSHOT.jar:?]
	at org.apache.hadoop.ozone.protocol.proto.OzoneManagerProtocolProtos$OzoneManagerService$2.callBlockingMethod(OzoneManagerProtocolProtos.java) [ozone-interface-client-1.4.0-SNAPSHOT.jar:?]
	at org.apache.hadoop.ipc.ProtobufRpcEngine$Server.processCall(ProtobufRpcEngine.java:465) [hadoop-common-3.3.4.jar:?]
	at org.apache.hadoop.ipc.ProtobufRpcEngine2$Server$ProtoBufRpcInvoker.call(ProtobufRpcEngine2.java:578) [hadoop-common-3.3.4.jar:?]
	at org.apache.hadoop.ipc.ProtobufRpcEngine2$Server$ProtoBufRpcInvoker.call(ProtobufRpcEngine2.java:556) [hadoop-common-3.3.4.jar:?]
	at org.apache.hadoop.ipc.RPC$Server.call(RPC.java:1093) [hadoop-common-3.3.4.jar:?]
	at org.apache.hadoop.ipc.Server$RpcCall.run(Server.java:1043) [hadoop-common-3.3.4.jar:?]
	at org.apache.hadoop.ipc.Server$RpcCall.run(Server.java:971) [hadoop-common-3.3.4.jar:?]
	at java.security.AccessController.doPrivileged(Native Method) ~[?:1.8.0_352]
	at javax.security.auth.Subject.doAs(Subject.java:422) [?:1.8.0_352]
	at org.apache.hadoop.security.UserGroupInformation.doAs(UserGroupInformation.java:1878) [hadoop-common-3.3.4.jar:?]
	at org.apache.hadoop.ipc.Server$Handler.run(Server.java:2976) [hadoop-common-3.3.4.jar:?]
20:32:18.855 [IPC Server handler 18 on default port 38041] ERROR OMAudit - user=runner | ip=127.0.0.1 | op=GET_FILE_STATUS {volume=volume53399, bucket=bucket90109, key=gdir1/dir9/child, dataSize=0, replicationConfig=null} | ret=FAILURE
org.apache.hadoop.ozone.om.exceptions.OMException: Unable to get file status: volume: volume53399 bucket: bucket90109 key: gdir1/dir9/child
	at org.apache.hadoop.ozone.om.KeyManagerImpl.getOzoneFileStatus(KeyManagerImpl.java:1301) ~[ozone-manager-1.4.0-SNAPSHOT.jar:?]
	at org.apache.hadoop.ozone.om.KeyManagerImpl.getFileStatus(KeyManagerImpl.java:1219) ~[ozone-manager-1.4.0-SNAPSHOT.jar:?]
	at org.apache.hadoop.ozone.om.OzoneManager.getFileStatus(OzoneManager.java:3498) ~[ozone-manager-1.4.0-SNAPSHOT.jar:?]
	at org.apache.hadoop.ozone.protocolPB.OzoneManagerRequestHandler.getOzoneFileStatus(OzoneManagerRequestHandler.java:913) ~[ozone-manager-1.4.0-SNAPSHOT.jar:?]
	at org.apache.hadoop.ozone.protocolPB.OzoneManagerRequestHandler.handleReadRequest(OzoneManagerRequestHandler.java:233) ~[ozone-manager-1.4.0-SNAPSHOT.jar:?]
	at org.apache.hadoop.ozone.protocolPB.OzoneManagerProtocolServerSideTranslatorPB.submitReadRequestToOM(OzoneManagerProtocolServerSideTranslatorPB.java:226) ~[ozone-manager-1.4.0-SNAPSHOT.jar:?]
	at org.apache.hadoop.ozone.protocolPB.OzoneManagerProtocolServerSideTranslatorPB.processRequest(OzoneManagerProtocolServerSideTranslatorPB.java:175) ~[ozone-manager-1.4.0-SNAPSHOT.jar:?]
	at org.apache.hadoop.hdds.server.OzoneProtocolMessageDispatcher.processRequest(OzoneProtocolMessageDispatcher.java:87) [hdds-server-framework-1.4.0-SNAPSHOT.jar:?]
	at org.apache.hadoop.ozone.protocolPB.OzoneManagerProtocolServerSideTranslatorPB.submitRequest(OzoneManagerProtocolServerSideTranslatorPB.java:147) [ozone-manager-1.4.0-SNAPSHOT.jar:?]
	at org.apache.hadoop.ozone.protocol.proto.OzoneManagerProtocolProtos$OzoneManagerService$2.callBlockingMethod(OzoneManagerProtocolProtos.java) [ozone-interface-client-1.4.0-SNAPSHOT.jar:?]
	at org.apache.hadoop.ipc.ProtobufRpcEngine$Server.processCall(ProtobufRpcEngine.java:465) [hadoop-common-3.3.4.jar:?]
	at org.apache.hadoop.ipc.ProtobufRpcEngine2$Server$ProtoBufRpcInvoker.call(ProtobufRpcEngine2.java:578) [hadoop-common-3.3.4.jar:?]
	at org.apache.hadoop.ipc.ProtobufRpcEngine2$Server$ProtoBufRpcInvoker.call(ProtobufRpcEngine2.java:556) [hadoop-common-3.3.4.jar:?]
	at org.apache.hadoop.ipc.RPC$Server.call(RPC.java:1093) [hadoop-common-3.3.4.jar:?]
	at org.apache.hadoop.ipc.Server$RpcCall.run(Server.java:1043) [hadoop-common-3.3.4.jar:?]
	at org.apache.hadoop.ipc.Server$RpcCall.run(Server.java:971) [hadoop-common-3.3.4.jar:?]
	at java.security.AccessController.doPrivileged(Native Method) ~[?:1.8.0_352]
	at javax.security.auth.Subject.doAs(Subject.java:422) [?:1.8.0_352]
	at org.apache.hadoop.security.UserGroupInformation.doAs(UserGroupInformation.java:1878) [hadoop-common-3.3.4.jar:?]
	at org.apache.hadoop.ipc.Server$Handler.run(Server.java:2976) [hadoop-common-3.3.4.jar:?]
20:32:18.856 [IPC Server handler 17 on default port 38041] ERROR OMAudit - user=runner | ip=127.0.0.1 | op=GET_FILE_STATUS {volume=volume53399, bucket=bucket90109, key=gdir1/dir10, dataSize=0, replicationConfig=null} | ret=FAILURE
org.apache.hadoop.ozone.om.exceptions.OMException: Unable to get file status: volume: volume53399 bucket: bucket90109 key: gdir1/dir10
	at org.apache.hadoop.ozone.om.KeyManagerImpl.getOzoneFileStatus(KeyManagerImpl.java:1301) ~[ozone-manager-1.4.0-SNAPSHOT.jar:?]
	at org.apache.hadoop.ozone.om.KeyManagerImpl.getFileStatus(KeyManagerImpl.java:1219) ~[ozone-manager-1.4.0-SNAPSHOT.jar:?]
	at org.apache.hadoop.ozone.om.OzoneManager.getFileStatus(OzoneManager.java:3498) ~[ozone-manager-1.4.0-SNAPSHOT.jar:?]
	at org.apache.hadoop.ozone.protocolPB.OzoneManagerRequestHandler.getOzoneFileStatus(OzoneManagerRequestHandler.java:913) ~[ozone-manager-1.4.0-SNAPSHOT.jar:?]
	at org.apache.hadoop.ozone.protocolPB.OzoneManagerRequestHandler.handleReadRequest(OzoneManagerRequestHandler.java:233) ~[ozone-manager-1.4.0-SNAPSHOT.jar:?]
	at org.apache.hadoop.ozone.protocolPB.OzoneManagerProtocolServerSideTranslatorPB.submitReadRequestToOM(OzoneManagerProtocolServerSideTranslatorPB.java:226) ~[ozone-manager-1.4.0-SNAPSHOT.jar:?]
	at org.apache.hadoop.ozone.protocolPB.OzoneManagerProtocolServerSideTranslatorPB.processRequest(OzoneManagerProtocolServerSideTranslatorPB.java:175) ~[ozone-manager-1.4.0-SNAPSHOT.jar:?]
	at org.apache.hadoop.hdds.server.OzoneProtocolMessageDispatcher.processRequest(OzoneProtocolMessageDispatcher.java:87) [hdds-server-framework-1.4.0-SNAPSHOT.jar:?]
	at org.apache.hadoop.ozone.protocolPB.OzoneManagerProtocolServerSideTranslatorPB.submitRequest(OzoneManagerProtocolServerSideTranslatorPB.java:147) [ozone-manager-1.4.0-SNAPSHOT.jar:?]
	at org.apache.hadoop.ozone.protocol.proto.OzoneManagerProtocolProtos$OzoneManagerService$2.callBlockingMethod(OzoneManagerProtocolProtos.java) [ozone-interface-client-1.4.0-SNAPSHOT.jar:?]
	at org.apache.hadoop.ipc.ProtobufRpcEngine$Server.processCall(ProtobufRpcEngine.java:465) [hadoop-common-3.3.4.jar:?]
	at org.apache.hadoop.ipc.ProtobufRpcEngine2$Server$ProtoBufRpcInvoker.call(ProtobufRpcEngine2.java:578) [hadoop-common-3.3.4.jar:?]
	at org.apache.hadoop.ipc.ProtobufRpcEngine2$Server$ProtoBufRpcInvoker.call(ProtobufRpcEngine2.java:556) [hadoop-common-3.3.4.jar:?]
	at org.apache.hadoop.ipc.RPC$Server.call(RPC.java:1093) [hadoop-common-3.3.4.jar:?]
	at org.apache.hadoop.ipc.Server$RpcCall.run(Server.java:1043) [hadoop-common-3.3.4.jar:?]
	at org.apache.hadoop.ipc.Server$RpcCall.run(Server.java:971) [hadoop-common-3.3.4.jar:?]
	at java.security.AccessController.doPrivileged(Native Method) ~[?:1.8.0_352]
	at javax.security.auth.Subject.doAs(Subject.java:422) [?:1.8.0_352]
	at org.apache.hadoop.security.UserGroupInformation.doAs(UserGroupInformation.java:1878) [hadoop-common-3.3.4.jar:?]
	at org.apache.hadoop.ipc.Server$Handler.run(Server.java:2976) [hadoop-common-3.3.4.jar:?]
20:32:18.856 [IPC Server handler 19 on default port 38041] ERROR OMAudit - user=runner | ip=127.0.0.1 | op=GET_FILE_STATUS {volume=volume53399, bucket=bucket90109, key=gdir1/dir10/child, dataSize=0, replicationConfig=null} | ret=FAILURE
org.apache.hadoop.ozone.om.exceptions.OMException: Unable to get file status: volume: volume53399 bucket: bucket90109 key: gdir1/dir10/child
	at org.apache.hadoop.ozone.om.KeyManagerImpl.getOzoneFileStatus(KeyManagerImpl.java:1301) ~[ozone-manager-1.4.0-SNAPSHOT.jar:?]
	at org.apache.hadoop.ozone.om.KeyManagerImpl.getFileStatus(KeyManagerImpl.java:1219) ~[ozone-manager-1.4.0-SNAPSHOT.jar:?]
	at org.apache.hadoop.ozone.om.OzoneManager.getFileStatus(OzoneManager.java:3498) ~[ozone-manager-1.4.0-SNAPSHOT.jar:?]
	at org.apache.hadoop.ozone.protocolPB.OzoneManagerRequestHandler.getOzoneFileStatus(OzoneManagerRequestHandler.java:913) ~[ozone-manager-1.4.0-SNAPSHOT.jar:?]
	at org.apache.hadoop.ozone.protocolPB.OzoneManagerRequestHandler.handleReadRequest(OzoneManagerRequestHandler.java:233) ~[ozone-manager-1.4.0-SNAPSHOT.jar:?]
	at org.apache.hadoop.ozone.protocolPB.OzoneManagerProtocolServerSideTranslatorPB.submitReadRequestToOM(OzoneManagerProtocolServerSideTranslatorPB.java:226) ~[ozone-manager-1.4.0-SNAPSHOT.jar:?]
	at org.apache.hadoop.ozone.protocolPB.OzoneManagerProtocolServerSideTranslatorPB.processRequest(OzoneManagerProtocolServerSideTranslatorPB.java:175) ~[ozone-manager-1.4.0-SNAPSHOT.jar:?]
	at org.apache.hadoop.hdds.server.OzoneProtocolMessageDispatcher.processRequest(OzoneProtocolMessageDispatcher.java:87) [hdds-server-framework-1.4.0-SNAPSHOT.jar:?]
	at org.apache.hadoop.ozone.protocolPB.OzoneManagerProtocolServerSideTranslatorPB.submitRequest(OzoneManagerProtocolServerSideTranslatorPB.java:147) [ozone-manager-1.4.0-SNAPSHOT.jar:?]
	at org.apache.hadoop.ozone.protocol.proto.OzoneManagerProtocolProtos$OzoneManagerService$2.callBlockingMethod(OzoneManagerProtocolProtos.java) [ozone-interface-client-1.4.0-SNAPSHOT.jar:?]
	at org.apache.hadoop.ipc.ProtobufRpcEngine$Server.processCall(ProtobufRpcEngine.java:465) [hadoop-common-3.3.4.jar:?]
	at org.apache.hadoop.ipc.ProtobufRpcEngine2$Server$ProtoBufRpcInvoker.call(ProtobufRpcEngine2.java:578) [hadoop-common-3.3.4.jar:?]
	at org.apache.hadoop.ipc.ProtobufRpcEngine2$Server$ProtoBufRpcInvoker.call(ProtobufRpcEngine2.java:556) [hadoop-common-3.3.4.jar:?]
	at org.apache.hadoop.ipc.RPC$Server.call(RPC.java:1093) [hadoop-common-3.3.4.jar:?]
	at org.apache.hadoop.ipc.Server$RpcCall.run(Server.java:1043) [hadoop-common-3.3.4.jar:?]
	at org.apache.hadoop.ipc.Server$RpcCall.run(Server.java:971) [hadoop-common-3.3.4.jar:?]
	at java.security.AccessController.doPrivileged(Native Method) ~[?:1.8.0_352]
	at javax.security.auth.Subject.doAs(Subject.java:422) [?:1.8.0_352]
	at org.apache.hadoop.security.UserGroupInformation.doAs(UserGroupInformation.java:1878) [hadoop-common-3.3.4.jar:?]
	at org.apache.hadoop.ipc.Server$Handler.run(Server.java:2976) [hadoop-common-3.3.4.jar:?]
2023-01-26 20:32:18,860 [OM StateMachine ApplyTransaction Thread - 0] INFO  key.OMKeyRequest (OMKeyRequest.java:wrapUncommittedBlocksAsPseudoKey(837)) - Detect allocated but uncommitted blocks [{blockID={containerID=2, localID=111677748019200024}, length=4194304, offset=0, token=null, pipeline=null, createVersion=0, partNumber=0}] in key level0/level1/file1.
2023-01-26 20:32:18,863 [OM StateMachine ApplyTransaction Thread - 0] INFO  key.OMKeyRequest (OMKeyRequest.java:wrapUncommittedBlocksAsPseudoKey(837)) - Detect allocated but uncommitted blocks [{blockID={containerID=1, localID=111677748019200025}, length=4194304, offset=0, token=null, pipeline=null, createVersion=0, partNumber=0}] in key level0/level1/level1/file1.
2023-01-26 20:32:18,866 [OM StateMachine ApplyTransaction Thread - 0] INFO  key.OMKeyRequest (OMKeyRequest.java:wrapUncommittedBlocksAsPseudoKey(837)) - Detect allocated but uncommitted blocks [{blockID={containerID=2, localID=111677748019200026}, length=4194304, offset=0, token=null, pipeline=null, createVersion=0, partNumber=0}] in key level0/level2/file1.
2023-01-26 20:32:18,870 [OM StateMachine ApplyTransaction Thread - 0] INFO  key.OMKeyRequest (OMKeyRequest.java:wrapUncommittedBlocksAsPseudoKey(837)) - Detect allocated but uncommitted blocks [{blockID={containerID=1, localID=111677748019200027}, length=4194304, offset=0, token=null, pipeline=null, createVersion=0, partNumber=0}] in key level0/level2/level2/file1.
2023-01-26 20:32:18,873 [OM StateMachine ApplyTransaction Thread - 0] INFO  key.OMKeyRequest (OMKeyRequest.java:wrapUncommittedBlocksAsPseudoKey(837)) - Detect allocated but uncommitted blocks [{blockID={containerID=2, localID=111677748019200028}, length=4194304, offset=0, token=null, pipeline=null, createVersion=0, partNumber=0}] in key level0/level3/file1.
2023-01-26 20:32:18,876 [OM StateMachine ApplyTransaction Thread - 0] INFO  key.OMKeyRequest (OMKeyRequest.java:wrapUncommittedBlocksAsPseudoKey(837)) - Detect allocated but uncommitted blocks [{blockID={containerID=1, localID=111677748019200029}, length=4194304, offset=0, token=null, pipeline=null, createVersion=0, partNumber=0}] in key level0/level3/level3/file1.
20:32:18.893 [IPC Server handler 12 on default port 38041] ERROR OMAudit - user=runner | ip=127.0.0.1 | op=GET_FILE_STATUS {volume=volume53399, bucket=bucket90109, key=level0, dataSize=0, replicationConfig=null} | ret=FAILURE
org.apache.hadoop.ozone.om.exceptions.OMException: Unable to get file status: volume: volume53399 bucket: bucket90109 key: level0
	at org.apache.hadoop.ozone.om.KeyManagerImpl.getOzoneFileStatus(KeyManagerImpl.java:1301) ~[ozone-manager-1.4.0-SNAPSHOT.jar:?]
	at org.apache.hadoop.ozone.om.KeyManagerImpl.getFileStatus(KeyManagerImpl.java:1219) ~[ozone-manager-1.4.0-SNAPSHOT.jar:?]
	at org.apache.hadoop.ozone.om.OzoneManager.getFileStatus(OzoneManager.java:3498) ~[ozone-manager-1.4.0-SNAPSHOT.jar:?]
	at org.apache.hadoop.ozone.protocolPB.OzoneManagerRequestHandler.getOzoneFileStatus(OzoneManagerRequestHandler.java:913) ~[ozone-manager-1.4.0-SNAPSHOT.jar:?]
	at org.apache.hadoop.ozone.protocolPB.OzoneManagerRequestHandler.handleReadRequest(OzoneManagerRequestHandler.java:233) ~[ozone-manager-1.4.0-SNAPSHOT.jar:?]
	at org.apache.hadoop.ozone.protocolPB.OzoneManagerProtocolServerSideTranslatorPB.submitReadRequestToOM(OzoneManagerProtocolServerSideTranslatorPB.java:226) ~[ozone-manager-1.4.0-SNAPSHOT.jar:?]
	at org.apache.hadoop.ozone.protocolPB.OzoneManagerProtocolServerSideTranslatorPB.processRequest(OzoneManagerProtocolServerSideTranslatorPB.java:175) ~[ozone-manager-1.4.0-SNAPSHOT.jar:?]
	at org.apache.hadoop.hdds.server.OzoneProtocolMessageDispatcher.processRequest(OzoneProtocolMessageDispatcher.java:87) [hdds-server-framework-1.4.0-SNAPSHOT.jar:?]
	at org.apache.hadoop.ozone.protocolPB.OzoneManagerProtocolServerSideTranslatorPB.submitRequest(OzoneManagerProtocolServerSideTranslatorPB.java:147) [ozone-manager-1.4.0-SNAPSHOT.jar:?]
	at org.apache.hadoop.ozone.protocol.proto.OzoneManagerProtocolProtos$OzoneManagerService$2.callBlockingMethod(OzoneManagerProtocolProtos.java) [ozone-interface-client-1.4.0-SNAPSHOT.jar:?]
	at org.apache.hadoop.ipc.ProtobufRpcEngine$Server.processCall(ProtobufRpcEngine.java:465) [hadoop-common-3.3.4.jar:?]
	at org.apache.hadoop.ipc.ProtobufRpcEngine2$Server$ProtoBufRpcInvoker.call(ProtobufRpcEngine2.java:578) [hadoop-common-3.3.4.jar:?]
	at org.apache.hadoop.ipc.ProtobufRpcEngine2$Server$ProtoBufRpcInvoker.call(ProtobufRpcEngine2.java:556) [hadoop-common-3.3.4.jar:?]
	at org.apache.hadoop.ipc.RPC$Server.call(RPC.java:1093) [hadoop-common-3.3.4.jar:?]
	at org.apache.hadoop.ipc.Server$RpcCall.run(Server.java:1043) [hadoop-common-3.3.4.jar:?]
	at org.apache.hadoop.ipc.Server$RpcCall.run(Server.java:971) [hadoop-common-3.3.4.jar:?]
	at java.security.AccessController.doPrivileged(Native Method) ~[?:1.8.0_352]
	at javax.security.auth.Subject.doAs(Subject.java:422) [?:1.8.0_352]
	at org.apache.hadoop.security.UserGroupInformation.doAs(UserGroupInformation.java:1878) [hadoop-common-3.3.4.jar:?]
	at org.apache.hadoop.ipc.Server$Handler.run(Server.java:2976) [hadoop-common-3.3.4.jar:?]
20:32:18.893 [IPC Server handler 14 on default port 38041] ERROR OMAudit - user=runner | ip=127.0.0.1 | op=GET_FILE_STATUS {volume=volume53399, bucket=bucket90109, key=level0/level1, dataSize=0, replicationConfig=null} | ret=FAILURE
org.apache.hadoop.ozone.om.exceptions.OMException: Unable to get file status: volume: volume53399 bucket: bucket90109 key: level0/level1
	at org.apache.hadoop.ozone.om.KeyManagerImpl.getOzoneFileStatus(KeyManagerImpl.java:1301) ~[ozone-manager-1.4.0-SNAPSHOT.jar:?]
	at org.apache.hadoop.ozone.om.KeyManagerImpl.getFileStatus(KeyManagerImpl.java:1219) ~[ozone-manager-1.4.0-SNAPSHOT.jar:?]
	at org.apache.hadoop.ozone.om.OzoneManager.getFileStatus(OzoneManager.java:3498) ~[ozone-manager-1.4.0-SNAPSHOT.jar:?]
	at org.apache.hadoop.ozone.protocolPB.OzoneManagerRequestHandler.getOzoneFileStatus(OzoneManagerRequestHandler.java:913) ~[ozone-manager-1.4.0-SNAPSHOT.jar:?]
	at org.apache.hadoop.ozone.protocolPB.OzoneManagerRequestHandler.handleReadRequest(OzoneManagerRequestHandler.java:233) ~[ozone-manager-1.4.0-SNAPSHOT.jar:?]
	at org.apache.hadoop.ozone.protocolPB.OzoneManagerProtocolServerSideTranslatorPB.submitReadRequestToOM(OzoneManagerProtocolServerSideTranslatorPB.java:226) ~[ozone-manager-1.4.0-SNAPSHOT.jar:?]
	at org.apache.hadoop.ozone.protocolPB.OzoneManagerProtocolServerSideTranslatorPB.processRequest(OzoneManagerProtocolServerSideTranslatorPB.java:175) ~[ozone-manager-1.4.0-SNAPSHOT.jar:?]
	at org.apache.hadoop.hdds.server.OzoneProtocolMessageDispatcher.processRequest(OzoneProtocolMessageDispatcher.java:87) [hdds-server-framework-1.4.0-SNAPSHOT.jar:?]
	at org.apache.hadoop.ozone.protocolPB.OzoneManagerProtocolServerSideTranslatorPB.submitRequest(OzoneManagerProtocolServerSideTranslatorPB.java:147) [ozone-manager-1.4.0-SNAPSHOT.jar:?]
	at org.apache.hadoop.ozone.protocol.proto.OzoneManagerProtocolProtos$OzoneManagerService$2.callBlockingMethod(OzoneManagerProtocolProtos.java) [ozone-interface-client-1.4.0-SNAPSHOT.jar:?]
	at org.apache.hadoop.ipc.ProtobufRpcEngine$Server.processCall(ProtobufRpcEngine.java:465) [hadoop-common-3.3.4.jar:?]
	at org.apache.hadoop.ipc.ProtobufRpcEngine2$Server$ProtoBufRpcInvoker.call(ProtobufRpcEngine2.java:578) [hadoop-common-3.3.4.jar:?]
	at org.apache.hadoop.ipc.ProtobufRpcEngine2$Server$ProtoBufRpcInvoker.call(ProtobufRpcEngine2.java:556) [hadoop-common-3.3.4.jar:?]
	at org.apache.hadoop.ipc.RPC$Server.call(RPC.java:1093) [hadoop-common-3.3.4.jar:?]
	at org.apache.hadoop.ipc.Server$RpcCall.run(Server.java:1043) [hadoop-common-3.3.4.jar:?]
	at org.apache.hadoop.ipc.Server$RpcCall.run(Server.java:971) [hadoop-common-3.3.4.jar:?]
	at java.security.AccessController.doPrivileged(Native Method) ~[?:1.8.0_352]
	at javax.security.auth.Subject.doAs(Subject.java:422) [?:1.8.0_352]
	at org.apache.hadoop.security.UserGroupInformation.doAs(UserGroupInformation.java:1878) [hadoop-common-3.3.4.jar:?]
	at org.apache.hadoop.ipc.Server$Handler.run(Server.java:2976) [hadoop-common-3.3.4.jar:?]
20:32:18.894 [IPC Server handler 15 on default port 38041] ERROR OMAudit - user=runner | ip=127.0.0.1 | op=GET_FILE_STATUS {volume=volume53399, bucket=bucket90109, key=level0/level1/level1, dataSize=0, replicationConfig=null} | ret=FAILURE
org.apache.hadoop.ozone.om.exceptions.OMException: Unable to get file status: volume: volume53399 bucket: bucket90109 key: level0/level1/level1
	at org.apache.hadoop.ozone.om.KeyManagerImpl.getOzoneFileStatus(KeyManagerImpl.java:1301) ~[ozone-manager-1.4.0-SNAPSHOT.jar:?]
	at org.apache.hadoop.ozone.om.KeyManagerImpl.getFileStatus(KeyManagerImpl.java:1219) ~[ozone-manager-1.4.0-SNAPSHOT.jar:?]
	at org.apache.hadoop.ozone.om.OzoneManager.getFileStatus(OzoneManager.java:3498) ~[ozone-manager-1.4.0-SNAPSHOT.jar:?]
	at org.apache.hadoop.ozone.protocolPB.OzoneManagerRequestHandler.getOzoneFileStatus(OzoneManagerRequestHandler.java:913) ~[ozone-manager-1.4.0-SNAPSHOT.jar:?]
	at org.apache.hadoop.ozone.protocolPB.OzoneManagerRequestHandler.handleReadRequest(OzoneManagerRequestHandler.java:233) ~[ozone-manager-1.4.0-SNAPSHOT.jar:?]
	at org.apache.hadoop.ozone.protocolPB.OzoneManagerProtocolServerSideTranslatorPB.submitReadRequestToOM(OzoneManagerProtocolServerSideTranslatorPB.java:226) ~[ozone-manager-1.4.0-SNAPSHOT.jar:?]
	at org.apache.hadoop.ozone.protocolPB.OzoneManagerProtocolServerSideTranslatorPB.processRequest(OzoneManagerProtocolServerSideTranslatorPB.java:175) ~[ozone-manager-1.4.0-SNAPSHOT.jar:?]
	at org.apache.hadoop.hdds.server.OzoneProtocolMessageDispatcher.processRequest(OzoneProtocolMessageDispatcher.java:87) [hdds-server-framework-1.4.0-SNAPSHOT.jar:?]
	at org.apache.hadoop.ozone.protocolPB.OzoneManagerProtocolServerSideTranslatorPB.submitRequest(OzoneManagerProtocolServerSideTranslatorPB.java:147) [ozone-manager-1.4.0-SNAPSHOT.jar:?]
	at org.apache.hadoop.ozone.protocol.proto.OzoneManagerProtocolProtos$OzoneManagerService$2.callBlockingMethod(OzoneManagerProtocolProtos.java) [ozone-interface-client-1.4.0-SNAPSHOT.jar:?]
	at org.apache.hadoop.ipc.ProtobufRpcEngine$Server.processCall(ProtobufRpcEngine.java:465) [hadoop-common-3.3.4.jar:?]
	at org.apache.hadoop.ipc.ProtobufRpcEngine2$Server$ProtoBufRpcInvoker.call(ProtobufRpcEngine2.java:578) [hadoop-common-3.3.4.jar:?]
	at org.apache.hadoop.ipc.ProtobufRpcEngine2$Server$ProtoBufRpcInvoker.call(ProtobufRpcEngine2.java:556) [hadoop-common-3.3.4.jar:?]
	at org.apache.hadoop.ipc.RPC$Server.call(RPC.java:1093) [hadoop-common-3.3.4.jar:?]
	at org.apache.hadoop.ipc.Server$RpcCall.run(Server.java:1043) [hadoop-common-3.3.4.jar:?]
	at org.apache.hadoop.ipc.Server$RpcCall.run(Server.java:971) [hadoop-common-3.3.4.jar:?]
	at java.security.AccessController.doPrivileged(Native Method) ~[?:1.8.0_352]
	at javax.security.auth.Subject.doAs(Subject.java:422) [?:1.8.0_352]
	at org.apache.hadoop.security.UserGroupInformation.doAs(UserGroupInformation.java:1878) [hadoop-common-3.3.4.jar:?]
	at org.apache.hadoop.ipc.Server$Handler.run(Server.java:2976) [hadoop-common-3.3.4.jar:?]
20:32:18.894 [IPC Server handler 16 on default port 38041] ERROR OMAudit - user=runner | ip=127.0.0.1 | op=GET_FILE_STATUS {volume=volume53399, bucket=bucket90109, key=level0/level1/file1, dataSize=0, replicationConfig=null} | ret=FAILURE
org.apache.hadoop.ozone.om.exceptions.OMException: Unable to get file status: volume: volume53399 bucket: bucket90109 key: level0/level1/file1
	at org.apache.hadoop.ozone.om.KeyManagerImpl.getOzoneFileStatus(KeyManagerImpl.java:1301) ~[ozone-manager-1.4.0-SNAPSHOT.jar:?]
	at org.apache.hadoop.ozone.om.KeyManagerImpl.getFileStatus(KeyManagerImpl.java:1219) ~[ozone-manager-1.4.0-SNAPSHOT.jar:?]
	at org.apache.hadoop.ozone.om.OzoneManager.getFileStatus(OzoneManager.java:3498) ~[ozone-manager-1.4.0-SNAPSHOT.jar:?]
	at org.apache.hadoop.ozone.protocolPB.OzoneManagerRequestHandler.getOzoneFileStatus(OzoneManagerRequestHandler.java:913) ~[ozone-manager-1.4.0-SNAPSHOT.jar:?]
	at org.apache.hadoop.ozone.protocolPB.OzoneManagerRequestHandler.handleReadRequest(OzoneManagerRequestHandler.java:233) ~[ozone-manager-1.4.0-SNAPSHOT.jar:?]
	at org.apache.hadoop.ozone.protocolPB.OzoneManagerProtocolServerSideTranslatorPB.submitReadRequestToOM(OzoneManagerProtocolServerSideTranslatorPB.java:226) ~[ozone-manager-1.4.0-SNAPSHOT.jar:?]
	at org.apache.hadoop.ozone.protocolPB.OzoneManagerProtocolServerSideTranslatorPB.processRequest(OzoneManagerProtocolServerSideTranslatorPB.java:175) ~[ozone-manager-1.4.0-SNAPSHOT.jar:?]
	at org.apache.hadoop.hdds.server.OzoneProtocolMessageDispatcher.processRequest(OzoneProtocolMessageDispatcher.java:87) [hdds-server-framework-1.4.0-SNAPSHOT.jar:?]
	at org.apache.hadoop.ozone.protocolPB.OzoneManagerProtocolServerSideTranslatorPB.submitRequest(OzoneManagerProtocolServerSideTranslatorPB.java:147) [ozone-manager-1.4.0-SNAPSHOT.jar:?]
	at org.apache.hadoop.ozone.protocol.proto.OzoneManagerProtocolProtos$OzoneManagerService$2.callBlockingMethod(OzoneManagerProtocolProtos.java) [ozone-interface-client-1.4.0-SNAPSHOT.jar:?]
	at org.apache.hadoop.ipc.ProtobufRpcEngine$Server.processCall(ProtobufRpcEngine.java:465) [hadoop-common-3.3.4.jar:?]
	at org.apache.hadoop.ipc.ProtobufRpcEngine2$Server$ProtoBufRpcInvoker.call(ProtobufRpcEngine2.java:578) [hadoop-common-3.3.4.jar:?]
	at org.apache.hadoop.ipc.ProtobufRpcEngine2$Server$ProtoBufRpcInvoker.call(ProtobufRpcEngine2.java:556) [hadoop-common-3.3.4.jar:?]
	at org.apache.hadoop.ipc.RPC$Server.call(RPC.java:1093) [hadoop-common-3.3.4.jar:?]
	at org.apache.hadoop.ipc.Server$RpcCall.run(Server.java:1043) [hadoop-common-3.3.4.jar:?]
	at org.apache.hadoop.ipc.Server$RpcCall.run(Server.java:971) [hadoop-common-3.3.4.jar:?]
	at java.security.AccessController.doPrivileged(Native Method) ~[?:1.8.0_352]
	at javax.security.auth.Subject.doAs(Subject.java:422) [?:1.8.0_352]
	at org.apache.hadoop.security.UserGroupInformation.doAs(UserGroupInformation.java:1878) [hadoop-common-3.3.4.jar:?]
	at org.apache.hadoop.ipc.Server$Handler.run(Server.java:2976) [hadoop-common-3.3.4.jar:?]
20:32:18.895 [IPC Server handler 18 on default port 38041] ERROR OMAudit - user=runner | ip=127.0.0.1 | op=GET_FILE_STATUS {volume=volume53399, bucket=bucket90109, key=level0/level1/level1/file1, dataSize=0, replicationConfig=null} | ret=FAILURE
org.apache.hadoop.ozone.om.exceptions.OMException: Unable to get file status: volume: volume53399 bucket: bucket90109 key: level0/level1/level1/file1
	at org.apache.hadoop.ozone.om.KeyManagerImpl.getOzoneFileStatus(KeyManagerImpl.java:1301) ~[ozone-manager-1.4.0-SNAPSHOT.jar:?]
	at org.apache.hadoop.ozone.om.KeyManagerImpl.getFileStatus(KeyManagerImpl.java:1219) ~[ozone-manager-1.4.0-SNAPSHOT.jar:?]
	at org.apache.hadoop.ozone.om.OzoneManager.getFileStatus(OzoneManager.java:3498) ~[ozone-manager-1.4.0-SNAPSHOT.jar:?]
	at org.apache.hadoop.ozone.protocolPB.OzoneManagerRequestHandler.getOzoneFileStatus(OzoneManagerRequestHandler.java:913) ~[ozone-manager-1.4.0-SNAPSHOT.jar:?]
	at org.apache.hadoop.ozone.protocolPB.OzoneManagerRequestHandler.handleReadRequest(OzoneManagerRequestHandler.java:233) ~[ozone-manager-1.4.0-SNAPSHOT.jar:?]
	at org.apache.hadoop.ozone.protocolPB.OzoneManagerProtocolServerSideTranslatorPB.submitReadRequestToOM(OzoneManagerProtocolServerSideTranslatorPB.java:226) ~[ozone-manager-1.4.0-SNAPSHOT.jar:?]
	at org.apache.hadoop.ozone.protocolPB.OzoneManagerProtocolServerSideTranslatorPB.processRequest(OzoneManagerProtocolServerSideTranslatorPB.java:175) ~[ozone-manager-1.4.0-SNAPSHOT.jar:?]
	at org.apache.hadoop.hdds.server.OzoneProtocolMessageDispatcher.processRequest(OzoneProtocolMessageDispatcher.java:87) [hdds-server-framework-1.4.0-SNAPSHOT.jar:?]
	at org.apache.hadoop.ozone.protocolPB.OzoneManagerProtocolServerSideTranslatorPB.submitRequest(OzoneManagerProtocolServerSideTranslatorPB.java:147) [ozone-manager-1.4.0-SNAPSHOT.jar:?]
	at org.apache.hadoop.ozone.protocol.proto.OzoneManagerProtocolProtos$OzoneManagerService$2.callBlockingMethod(OzoneManagerProtocolProtos.java) [ozone-interface-client-1.4.0-SNAPSHOT.jar:?]
	at org.apache.hadoop.ipc.ProtobufRpcEngine$Server.processCall(ProtobufRpcEngine.java:465) [hadoop-common-3.3.4.jar:?]
	at org.apache.hadoop.ipc.ProtobufRpcEngine2$Server$ProtoBufRpcInvoker.call(ProtobufRpcEngine2.java:578) [hadoop-common-3.3.4.jar:?]
	at org.apache.hadoop.ipc.ProtobufRpcEngine2$Server$ProtoBufRpcInvoker.call(ProtobufRpcEngine2.java:556) [hadoop-common-3.3.4.jar:?]
	at org.apache.hadoop.ipc.RPC$Server.call(RPC.java:1093) [hadoop-common-3.3.4.jar:?]
	at org.apache.hadoop.ipc.Server$RpcCall.run(Server.java:1043) [hadoop-common-3.3.4.jar:?]
	at org.apache.hadoop.ipc.Server$RpcCall.run(Server.java:971) [hadoop-common-3.3.4.jar:?]
	at java.security.AccessController.doPrivileged(Native Method) ~[?:1.8.0_352]
	at javax.security.auth.Subject.doAs(Subject.java:422) [?:1.8.0_352]
	at org.apache.hadoop.security.UserGroupInformation.doAs(UserGroupInformation.java:1878) [hadoop-common-3.3.4.jar:?]
	at org.apache.hadoop.ipc.Server$Handler.run(Server.java:2976) [hadoop-common-3.3.4.jar:?]
20:32:18.896 [IPC Server handler 17 on default port 38041] ERROR OMAudit - user=runner | ip=127.0.0.1 | op=GET_FILE_STATUS {volume=volume53399, bucket=bucket90109, key=level0/level2, dataSize=0, replicationConfig=null} | ret=FAILURE
org.apache.hadoop.ozone.om.exceptions.OMException: Unable to get file status: volume: volume53399 bucket: bucket90109 key: level0/level2
	at org.apache.hadoop.ozone.om.KeyManagerImpl.getOzoneFileStatus(KeyManagerImpl.java:1301) ~[ozone-manager-1.4.0-SNAPSHOT.jar:?]
	at org.apache.hadoop.ozone.om.KeyManagerImpl.getFileStatus(KeyManagerImpl.java:1219) ~[ozone-manager-1.4.0-SNAPSHOT.jar:?]
	at org.apache.hadoop.ozone.om.OzoneManager.getFileStatus(OzoneManager.java:3498) ~[ozone-manager-1.4.0-SNAPSHOT.jar:?]
	at org.apache.hadoop.ozone.protocolPB.OzoneManagerRequestHandler.getOzoneFileStatus(OzoneManagerRequestHandler.java:913) ~[ozone-manager-1.4.0-SNAPSHOT.jar:?]
	at org.apache.hadoop.ozone.protocolPB.OzoneManagerRequestHandler.handleReadRequest(OzoneManagerRequestHandler.java:233) ~[ozone-manager-1.4.0-SNAPSHOT.jar:?]
	at org.apache.hadoop.ozone.protocolPB.OzoneManagerProtocolServerSideTranslatorPB.submitReadRequestToOM(OzoneManagerProtocolServerSideTranslatorPB.java:226) ~[ozone-manager-1.4.0-SNAPSHOT.jar:?]
	at org.apache.hadoop.ozone.protocolPB.OzoneManagerProtocolServerSideTranslatorPB.processRequest(OzoneManagerProtocolServerSideTranslatorPB.java:175) ~[ozone-manager-1.4.0-SNAPSHOT.jar:?]
	at org.apache.hadoop.hdds.server.OzoneProtocolMessageDispatcher.processRequest(OzoneProtocolMessageDispatcher.java:87) [hdds-server-framework-1.4.0-SNAPSHOT.jar:?]
	at org.apache.hadoop.ozone.protocolPB.OzoneManagerProtocolServerSideTranslatorPB.submitRequest(OzoneManagerProtocolServerSideTranslatorPB.java:147) [ozone-manager-1.4.0-SNAPSHOT.jar:?]
	at org.apache.hadoop.ozone.protocol.proto.OzoneManagerProtocolProtos$OzoneManagerService$2.callBlockingMethod(OzoneManagerProtocolProtos.java) [ozone-interface-client-1.4.0-SNAPSHOT.jar:?]
	at org.apache.hadoop.ipc.ProtobufRpcEngine$Server.processCall(ProtobufRpcEngine.java:465) [hadoop-common-3.3.4.jar:?]
	at org.apache.hadoop.ipc.ProtobufRpcEngine2$Server$ProtoBufRpcInvoker.call(ProtobufRpcEngine2.java:578) [hadoop-common-3.3.4.jar:?]
	at org.apache.hadoop.ipc.ProtobufRpcEngine2$Server$ProtoBufRpcInvoker.call(ProtobufRpcEngine2.java:556) [hadoop-common-3.3.4.jar:?]
	at org.apache.hadoop.ipc.RPC$Server.call(RPC.java:1093) [hadoop-common-3.3.4.jar:?]
	at org.apache.hadoop.ipc.Server$RpcCall.run(Server.java:1043) [hadoop-common-3.3.4.jar:?]
	at org.apache.hadoop.ipc.Server$RpcCall.run(Server.java:971) [hadoop-common-3.3.4.jar:?]
	at java.security.AccessController.doPrivileged(Native Method) ~[?:1.8.0_352]
	at javax.security.auth.Subject.doAs(Subject.java:422) [?:1.8.0_352]
	at org.apache.hadoop.security.UserGroupInformation.doAs(UserGroupInformation.java:1878) [hadoop-common-3.3.4.jar:?]
	at org.apache.hadoop.ipc.Server$Handler.run(Server.java:2976) [hadoop-common-3.3.4.jar:?]
20:32:18.896 [IPC Server handler 19 on default port 38041] ERROR OMAudit - user=runner | ip=127.0.0.1 | op=GET_FILE_STATUS {volume=volume53399, bucket=bucket90109, key=level0/level2/level2, dataSize=0, replicationConfig=null} | ret=FAILURE
org.apache.hadoop.ozone.om.exceptions.OMException: Unable to get file status: volume: volume53399 bucket: bucket90109 key: level0/level2/level2
	at org.apache.hadoop.ozone.om.KeyManagerImpl.getOzoneFileStatus(KeyManagerImpl.java:1301) ~[ozone-manager-1.4.0-SNAPSHOT.jar:?]
	at org.apache.hadoop.ozone.om.KeyManagerImpl.getFileStatus(KeyManagerImpl.java:1219) ~[ozone-manager-1.4.0-SNAPSHOT.jar:?]
	at org.apache.hadoop.ozone.om.OzoneManager.getFileStatus(OzoneManager.java:3498) ~[ozone-manager-1.4.0-SNAPSHOT.jar:?]
	at org.apache.hadoop.ozone.protocolPB.OzoneManagerRequestHandler.getOzoneFileStatus(OzoneManagerRequestHandler.java:913) ~[ozone-manager-1.4.0-SNAPSHOT.jar:?]
	at org.apache.hadoop.ozone.protocolPB.OzoneManagerRequestHandler.handleReadRequest(OzoneManagerRequestHandler.java:233) ~[ozone-manager-1.4.0-SNAPSHOT.jar:?]
	at org.apache.hadoop.ozone.protocolPB.OzoneManagerProtocolServerSideTranslatorPB.submitReadRequestToOM(OzoneManagerProtocolServerSideTranslatorPB.java:226) ~[ozone-manager-1.4.0-SNAPSHOT.jar:?]
	at org.apache.hadoop.ozone.protocolPB.OzoneManagerProtocolServerSideTranslatorPB.processRequest(OzoneManagerProtocolServerSideTranslatorPB.java:175) ~[ozone-manager-1.4.0-SNAPSHOT.jar:?]
	at org.apache.hadoop.hdds.server.OzoneProtocolMessageDispatcher.processRequest(OzoneProtocolMessageDispatcher.java:87) [hdds-server-framework-1.4.0-SNAPSHOT.jar:?]
	at org.apache.hadoop.ozone.protocolPB.OzoneManagerProtocolServerSideTranslatorPB.submitRequest(OzoneManagerProtocolServerSideTranslatorPB.java:147) [ozone-manager-1.4.0-SNAPSHOT.jar:?]
	at org.apache.hadoop.ozone.protocol.proto.OzoneManagerProtocolProtos$OzoneManagerService$2.callBlockingMethod(OzoneManagerProtocolProtos.java) [ozone-interface-client-1.4.0-SNAPSHOT.jar:?]
	at org.apache.hadoop.ipc.ProtobufRpcEngine$Server.processCall(ProtobufRpcEngine.java:465) [hadoop-common-3.3.4.jar:?]
	at org.apache.hadoop.ipc.ProtobufRpcEngine2$Server$ProtoBufRpcInvoker.call(ProtobufRpcEngine2.java:578) [hadoop-common-3.3.4.jar:?]
	at org.apache.hadoop.ipc.ProtobufRpcEngine2$Server$ProtoBufRpcInvoker.call(ProtobufRpcEngine2.java:556) [hadoop-common-3.3.4.jar:?]
	at org.apache.hadoop.ipc.RPC$Server.call(RPC.java:1093) [hadoop-common-3.3.4.jar:?]
	at org.apache.hadoop.ipc.Server$RpcCall.run(Server.java:1043) [hadoop-common-3.3.4.jar:?]
	at org.apache.hadoop.ipc.Server$RpcCall.run(Server.java:971) [hadoop-common-3.3.4.jar:?]
	at java.security.AccessController.doPrivileged(Native Method) ~[?:1.8.0_352]
	at javax.security.auth.Subject.doAs(Subject.java:422) [?:1.8.0_352]
	at org.apache.hadoop.security.UserGroupInformation.doAs(UserGroupInformation.java:1878) [hadoop-common-3.3.4.jar:?]
	at org.apache.hadoop.ipc.Server$Handler.run(Server.java:2976) [hadoop-common-3.3.4.jar:?]
20:32:18.897 [IPC Server handler 1 on default port 38041] ERROR OMAudit - user=runner | ip=127.0.0.1 | op=GET_FILE_STATUS {volume=volume53399, bucket=bucket90109, key=level0/level2/file1, dataSize=0, replicationConfig=null} | ret=FAILURE
org.apache.hadoop.ozone.om.exceptions.OMException: Unable to get file status: volume: volume53399 bucket: bucket90109 key: level0/level2/file1
	at org.apache.hadoop.ozone.om.KeyManagerImpl.getOzoneFileStatus(KeyManagerImpl.java:1301) ~[ozone-manager-1.4.0-SNAPSHOT.jar:?]
	at org.apache.hadoop.ozone.om.KeyManagerImpl.getFileStatus(KeyManagerImpl.java:1219) ~[ozone-manager-1.4.0-SNAPSHOT.jar:?]
	at org.apache.hadoop.ozone.om.OzoneManager.getFileStatus(OzoneManager.java:3498) ~[ozone-manager-1.4.0-SNAPSHOT.jar:?]
	at org.apache.hadoop.ozone.protocolPB.OzoneManagerRequestHandler.getOzoneFileStatus(OzoneManagerRequestHandler.java:913) ~[ozone-manager-1.4.0-SNAPSHOT.jar:?]
	at org.apache.hadoop.ozone.protocolPB.OzoneManagerRequestHandler.handleReadRequest(OzoneManagerRequestHandler.java:233) ~[ozone-manager-1.4.0-SNAPSHOT.jar:?]
	at org.apache.hadoop.ozone.protocolPB.OzoneManagerProtocolServerSideTranslatorPB.submitReadRequestToOM(OzoneManagerProtocolServerSideTranslatorPB.java:226) ~[ozone-manager-1.4.0-SNAPSHOT.jar:?]
	at org.apache.hadoop.ozone.protocolPB.OzoneManagerProtocolServerSideTranslatorPB.processRequest(OzoneManagerProtocolServerSideTranslatorPB.java:175) ~[ozone-manager-1.4.0-SNAPSHOT.jar:?]
	at org.apache.hadoop.hdds.server.OzoneProtocolMessageDispatcher.processRequest(OzoneProtocolMessageDispatcher.java:87) [hdds-server-framework-1.4.0-SNAPSHOT.jar:?]
	at org.apache.hadoop.ozone.protocolPB.OzoneManagerProtocolServerSideTranslatorPB.submitRequest(OzoneManagerProtocolServerSideTranslatorPB.java:147) [ozone-manager-1.4.0-SNAPSHOT.jar:?]
	at org.apache.hadoop.ozone.protocol.proto.OzoneManagerProtocolProtos$OzoneManagerService$2.callBlockingMethod(OzoneManagerProtocolProtos.java) [ozone-interface-client-1.4.0-SNAPSHOT.jar:?]
	at org.apache.hadoop.ipc.ProtobufRpcEngine$Server.processCall(ProtobufRpcEngine.java:465) [hadoop-common-3.3.4.jar:?]
	at org.apache.hadoop.ipc.ProtobufRpcEngine2$Server$ProtoBufRpcInvoker.call(ProtobufRpcEngine2.java:578) [hadoop-common-3.3.4.jar:?]
	at org.apache.hadoop.ipc.ProtobufRpcEngine2$Server$ProtoBufRpcInvoker.call(ProtobufRpcEngine2.java:556) [hadoop-common-3.3.4.jar:?]
	at org.apache.hadoop.ipc.RPC$Server.call(RPC.java:1093) [hadoop-common-3.3.4.jar:?]
	at org.apache.hadoop.ipc.Server$RpcCall.run(Server.java:1043) [hadoop-common-3.3.4.jar:?]
	at org.apache.hadoop.ipc.Server$RpcCall.run(Server.java:971) [hadoop-common-3.3.4.jar:?]
	at java.security.AccessController.doPrivileged(Native Method) ~[?:1.8.0_352]
	at javax.security.auth.Subject.doAs(Subject.java:422) [?:1.8.0_352]
	at org.apache.hadoop.security.UserGroupInformation.doAs(UserGroupInformation.java:1878) [hadoop-common-3.3.4.jar:?]
	at org.apache.hadoop.ipc.Server$Handler.run(Server.java:2976) [hadoop-common-3.3.4.jar:?]
20:32:18.897 [IPC Server handler 0 on default port 38041] ERROR OMAudit - user=runner | ip=127.0.0.1 | op=GET_FILE_STATUS {volume=volume53399, bucket=bucket90109, key=level0/level2/level2/file1, dataSize=0, replicationConfig=null} | ret=FAILURE
org.apache.hadoop.ozone.om.exceptions.OMException: Unable to get file status: volume: volume53399 bucket: bucket90109 key: level0/level2/level2/file1
	at org.apache.hadoop.ozone.om.KeyManagerImpl.getOzoneFileStatus(KeyManagerImpl.java:1301) ~[ozone-manager-1.4.0-SNAPSHOT.jar:?]
	at org.apache.hadoop.ozone.om.KeyManagerImpl.getFileStatus(KeyManagerImpl.java:1219) ~[ozone-manager-1.4.0-SNAPSHOT.jar:?]
	at org.apache.hadoop.ozone.om.OzoneManager.getFileStatus(OzoneManager.java:3498) ~[ozone-manager-1.4.0-SNAPSHOT.jar:?]
	at org.apache.hadoop.ozone.protocolPB.OzoneManagerRequestHandler.getOzoneFileStatus(OzoneManagerRequestHandler.java:913) ~[ozone-manager-1.4.0-SNAPSHOT.jar:?]
	at org.apache.hadoop.ozone.protocolPB.OzoneManagerRequestHandler.handleReadRequest(OzoneManagerRequestHandler.java:233) ~[ozone-manager-1.4.0-SNAPSHOT.jar:?]
	at org.apache.hadoop.ozone.protocolPB.OzoneManagerProtocolServerSideTranslatorPB.submitReadRequestToOM(OzoneManagerProtocolServerSideTranslatorPB.java:226) ~[ozone-manager-1.4.0-SNAPSHOT.jar:?]
	at org.apache.hadoop.ozone.protocolPB.OzoneManagerProtocolServerSideTranslatorPB.processRequest(OzoneManagerProtocolServerSideTranslatorPB.java:175) ~[ozone-manager-1.4.0-SNAPSHOT.jar:?]
	at org.apache.hadoop.hdds.server.OzoneProtocolMessageDispatcher.processRequest(OzoneProtocolMessageDispatcher.java:87) [hdds-server-framework-1.4.0-SNAPSHOT.jar:?]
	at org.apache.hadoop.ozone.protocolPB.OzoneManagerProtocolServerSideTranslatorPB.submitRequest(OzoneManagerProtocolServerSideTranslatorPB.java:147) [ozone-manager-1.4.0-SNAPSHOT.jar:?]
	at org.apache.hadoop.ozone.protocol.proto.OzoneManagerProtocolProtos$OzoneManagerService$2.callBlockingMethod(OzoneManagerProtocolProtos.java) [ozone-interface-client-1.4.0-SNAPSHOT.jar:?]
	at org.apache.hadoop.ipc.ProtobufRpcEngine$Server.processCall(ProtobufRpcEngine.java:465) [hadoop-common-3.3.4.jar:?]
	at org.apache.hadoop.ipc.ProtobufRpcEngine2$Server$ProtoBufRpcInvoker.call(ProtobufRpcEngine2.java:578) [hadoop-common-3.3.4.jar:?]
	at org.apache.hadoop.ipc.ProtobufRpcEngine2$Server$ProtoBufRpcInvoker.call(ProtobufRpcEngine2.java:556) [hadoop-common-3.3.4.jar:?]
	at org.apache.hadoop.ipc.RPC$Server.call(RPC.java:1093) [hadoop-common-3.3.4.jar:?]
	at org.apache.hadoop.ipc.Server$RpcCall.run(Server.java:1043) [hadoop-common-3.3.4.jar:?]
	at org.apache.hadoop.ipc.Server$RpcCall.run(Server.java:971) [hadoop-common-3.3.4.jar:?]
	at java.security.AccessController.doPrivileged(Native Method) ~[?:1.8.0_352]
	at javax.security.auth.Subject.doAs(Subject.java:422) [?:1.8.0_352]
	at org.apache.hadoop.security.UserGroupInformation.doAs(UserGroupInformation.java:1878) [hadoop-common-3.3.4.jar:?]
	at org.apache.hadoop.ipc.Server$Handler.run(Server.java:2976) [hadoop-common-3.3.4.jar:?]
20:32:18.899 [IPC Server handler 3 on default port 38041] ERROR OMAudit - user=runner | ip=127.0.0.1 | op=GET_FILE_STATUS {volume=volume53399, bucket=bucket90109, key=level0/level3, dataSize=0, replicationConfig=null} | ret=FAILURE
org.apache.hadoop.ozone.om.exceptions.OMException: Unable to get file status: volume: volume53399 bucket: bucket90109 key: level0/level3
	at org.apache.hadoop.ozone.om.KeyManagerImpl.getOzoneFileStatus(KeyManagerImpl.java:1301) ~[ozone-manager-1.4.0-SNAPSHOT.jar:?]
	at org.apache.hadoop.ozone.om.KeyManagerImpl.getFileStatus(KeyManagerImpl.java:1219) ~[ozone-manager-1.4.0-SNAPSHOT.jar:?]
	at org.apache.hadoop.ozone.om.OzoneManager.getFileStatus(OzoneManager.java:3498) ~[ozone-manager-1.4.0-SNAPSHOT.jar:?]
	at org.apache.hadoop.ozone.protocolPB.OzoneManagerRequestHandler.getOzoneFileStatus(OzoneManagerRequestHandler.java:913) ~[ozone-manager-1.4.0-SNAPSHOT.jar:?]
	at org.apache.hadoop.ozone.protocolPB.OzoneManagerRequestHandler.handleReadRequest(OzoneManagerRequestHandler.java:233) ~[ozone-manager-1.4.0-SNAPSHOT.jar:?]
	at org.apache.hadoop.ozone.protocolPB.OzoneManagerProtocolServerSideTranslatorPB.submitReadRequestToOM(OzoneManagerProtocolServerSideTranslatorPB.java:226) ~[ozone-manager-1.4.0-SNAPSHOT.jar:?]
	at org.apache.hadoop.ozone.protocolPB.OzoneManagerProtocolServerSideTranslatorPB.processRequest(OzoneManagerProtocolServerSideTranslatorPB.java:175) ~[ozone-manager-1.4.0-SNAPSHOT.jar:?]
	at org.apache.hadoop.hdds.server.OzoneProtocolMessageDispatcher.processRequest(OzoneProtocolMessageDispatcher.java:87) [hdds-server-framework-1.4.0-SNAPSHOT.jar:?]
	at org.apache.hadoop.ozone.protocolPB.OzoneManagerProtocolServerSideTranslatorPB.submitRequest(OzoneManagerProtocolServerSideTranslatorPB.java:147) [ozone-manager-1.4.0-SNAPSHOT.jar:?]
	at org.apache.hadoop.ozone.protocol.proto.OzoneManagerProtocolProtos$OzoneManagerService$2.callBlockingMethod(OzoneManagerProtocolProtos.java) [ozone-interface-client-1.4.0-SNAPSHOT.jar:?]
	at org.apache.hadoop.ipc.ProtobufRpcEngine$Server.processCall(ProtobufRpcEngine.java:465) [hadoop-common-3.3.4.jar:?]
	at org.apache.hadoop.ipc.ProtobufRpcEngine2$Server$ProtoBufRpcInvoker.call(ProtobufRpcEngine2.java:578) [hadoop-common-3.3.4.jar:?]
	at org.apache.hadoop.ipc.ProtobufRpcEngine2$Server$ProtoBufRpcInvoker.call(ProtobufRpcEngine2.java:556) [hadoop-common-3.3.4.jar:?]
	at org.apache.hadoop.ipc.RPC$Server.call(RPC.java:1093) [hadoop-common-3.3.4.jar:?]
	at org.apache.hadoop.ipc.Server$RpcCall.run(Server.java:1043) [hadoop-common-3.3.4.jar:?]
	at org.apache.hadoop.ipc.Server$RpcCall.run(Server.java:971) [hadoop-common-3.3.4.jar:?]
	at java.security.AccessController.doPrivileged(Native Method) ~[?:1.8.0_352]
	at javax.security.auth.Subject.doAs(Subject.java:422) [?:1.8.0_352]
	at org.apache.hadoop.security.UserGroupInformation.doAs(UserGroupInformation.java:1878) [hadoop-common-3.3.4.jar:?]
	at org.apache.hadoop.ipc.Server$Handler.run(Server.java:2976) [hadoop-common-3.3.4.jar:?]
20:32:18.900 [IPC Server handler 4 on default port 38041] ERROR OMAudit - user=runner | ip=127.0.0.1 | op=GET_FILE_STATUS {volume=volume53399, bucket=bucket90109, key=level0/level3/level3, dataSize=0, replicationConfig=null} | ret=FAILURE
org.apache.hadoop.ozone.om.exceptions.OMException: Unable to get file status: volume: volume53399 bucket: bucket90109 key: level0/level3/level3
	at org.apache.hadoop.ozone.om.KeyManagerImpl.getOzoneFileStatus(KeyManagerImpl.java:1301) ~[ozone-manager-1.4.0-SNAPSHOT.jar:?]
	at org.apache.hadoop.ozone.om.KeyManagerImpl.getFileStatus(KeyManagerImpl.java:1219) ~[ozone-manager-1.4.0-SNAPSHOT.jar:?]
	at org.apache.hadoop.ozone.om.OzoneManager.getFileStatus(OzoneManager.java:3498) ~[ozone-manager-1.4.0-SNAPSHOT.jar:?]
	at org.apache.hadoop.ozone.protocolPB.OzoneManagerRequestHandler.getOzoneFileStatus(OzoneManagerRequestHandler.java:913) ~[ozone-manager-1.4.0-SNAPSHOT.jar:?]
	at org.apache.hadoop.ozone.protocolPB.OzoneManagerRequestHandler.handleReadRequest(OzoneManagerRequestHandler.java:233) ~[ozone-manager-1.4.0-SNAPSHOT.jar:?]
	at org.apache.hadoop.ozone.protocolPB.OzoneManagerProtocolServerSideTranslatorPB.submitReadRequestToOM(OzoneManagerProtocolServerSideTranslatorPB.java:226) ~[ozone-manager-1.4.0-SNAPSHOT.jar:?]
	at org.apache.hadoop.ozone.protocolPB.OzoneManagerProtocolServerSideTranslatorPB.processRequest(OzoneManagerProtocolServerSideTranslatorPB.java:175) ~[ozone-manager-1.4.0-SNAPSHOT.jar:?]
	at org.apache.hadoop.hdds.server.OzoneProtocolMessageDispatcher.processRequest(OzoneProtocolMessageDispatcher.java:87) [hdds-server-framework-1.4.0-SNAPSHOT.jar:?]
	at org.apache.hadoop.ozone.protocolPB.OzoneManagerProtocolServerSideTranslatorPB.submitRequest(OzoneManagerProtocolServerSideTranslatorPB.java:147) [ozone-manager-1.4.0-SNAPSHOT.jar:?]
	at org.apache.hadoop.ozone.protocol.proto.OzoneManagerProtocolProtos$OzoneManagerService$2.callBlockingMethod(OzoneManagerProtocolProtos.java) [ozone-interface-client-1.4.0-SNAPSHOT.jar:?]
	at org.apache.hadoop.ipc.ProtobufRpcEngine$Server.processCall(ProtobufRpcEngine.java:465) [hadoop-common-3.3.4.jar:?]
	at org.apache.hadoop.ipc.ProtobufRpcEngine2$Server$ProtoBufRpcInvoker.call(ProtobufRpcEngine2.java:578) [hadoop-common-3.3.4.jar:?]
	at org.apache.hadoop.ipc.ProtobufRpcEngine2$Server$ProtoBufRpcInvoker.call(ProtobufRpcEngine2.java:556) [hadoop-common-3.3.4.jar:?]
	at org.apache.hadoop.ipc.RPC$Server.call(RPC.java:1093) [hadoop-common-3.3.4.jar:?]
	at org.apache.hadoop.ipc.Server$RpcCall.run(Server.java:1043) [hadoop-common-3.3.4.jar:?]
	at org.apache.hadoop.ipc.Server$RpcCall.run(Server.java:971) [hadoop-common-3.3.4.jar:?]
	at java.security.AccessController.doPrivileged(Native Method) ~[?:1.8.0_352]
	at javax.security.auth.Subject.doAs(Subject.java:422) [?:1.8.0_352]
	at org.apache.hadoop.security.UserGroupInformation.doAs(UserGroupInformation.java:1878) [hadoop-common-3.3.4.jar:?]
	at org.apache.hadoop.ipc.Server$Handler.run(Server.java:2976) [hadoop-common-3.3.4.jar:?]
20:32:18.900 [IPC Server handler 6 on default port 38041] ERROR OMAudit - user=runner | ip=127.0.0.1 | op=GET_FILE_STATUS {volume=volume53399, bucket=bucket90109, key=level0/level3/file1, dataSize=0, replicationConfig=null} | ret=FAILURE
org.apache.hadoop.ozone.om.exceptions.OMException: Unable to get file status: volume: volume53399 bucket: bucket90109 key: level0/level3/file1
	at org.apache.hadoop.ozone.om.KeyManagerImpl.getOzoneFileStatus(KeyManagerImpl.java:1301) ~[ozone-manager-1.4.0-SNAPSHOT.jar:?]
	at org.apache.hadoop.ozone.om.KeyManagerImpl.getFileStatus(KeyManagerImpl.java:1219) ~[ozone-manager-1.4.0-SNAPSHOT.jar:?]
	at org.apache.hadoop.ozone.om.OzoneManager.getFileStatus(OzoneManager.java:3498) ~[ozone-manager-1.4.0-SNAPSHOT.jar:?]
	at org.apache.hadoop.ozone.protocolPB.OzoneManagerRequestHandler.getOzoneFileStatus(OzoneManagerRequestHandler.java:913) ~[ozone-manager-1.4.0-SNAPSHOT.jar:?]
	at org.apache.hadoop.ozone.protocolPB.OzoneManagerRequestHandler.handleReadRequest(OzoneManagerRequestHandler.java:233) ~[ozone-manager-1.4.0-SNAPSHOT.jar:?]
	at org.apache.hadoop.ozone.protocolPB.OzoneManagerProtocolServerSideTranslatorPB.submitReadRequestToOM(OzoneManagerProtocolServerSideTranslatorPB.java:226) ~[ozone-manager-1.4.0-SNAPSHOT.jar:?]
	at org.apache.hadoop.ozone.protocolPB.OzoneManagerProtocolServerSideTranslatorPB.processRequest(OzoneManagerProtocolServerSideTranslatorPB.java:175) ~[ozone-manager-1.4.0-SNAPSHOT.jar:?]
	at org.apache.hadoop.hdds.server.OzoneProtocolMessageDispatcher.processRequest(OzoneProtocolMessageDispatcher.java:87) [hdds-server-framework-1.4.0-SNAPSHOT.jar:?]
	at org.apache.hadoop.ozone.protocolPB.OzoneManagerProtocolServerSideTranslatorPB.submitRequest(OzoneManagerProtocolServerSideTranslatorPB.java:147) [ozone-manager-1.4.0-SNAPSHOT.jar:?]
	at org.apache.hadoop.ozone.protocol.proto.OzoneManagerProtocolProtos$OzoneManagerService$2.callBlockingMethod(OzoneManagerProtocolProtos.java) [ozone-interface-client-1.4.0-SNAPSHOT.jar:?]
	at org.apache.hadoop.ipc.ProtobufRpcEngine$Server.processCall(ProtobufRpcEngine.java:465) [hadoop-common-3.3.4.jar:?]
	at org.apache.hadoop.ipc.ProtobufRpcEngine2$Server$ProtoBufRpcInvoker.call(ProtobufRpcEngine2.java:578) [hadoop-common-3.3.4.jar:?]
	at org.apache.hadoop.ipc.ProtobufRpcEngine2$Server$ProtoBufRpcInvoker.call(ProtobufRpcEngine2.java:556) [hadoop-common-3.3.4.jar:?]
	at org.apache.hadoop.ipc.RPC$Server.call(RPC.java:1093) [hadoop-common-3.3.4.jar:?]
	at org.apache.hadoop.ipc.Server$RpcCall.run(Server.java:1043) [hadoop-common-3.3.4.jar:?]
	at org.apache.hadoop.ipc.Server$RpcCall.run(Server.java:971) [hadoop-common-3.3.4.jar:?]
	at java.security.AccessController.doPrivileged(Native Method) ~[?:1.8.0_352]
	at javax.security.auth.Subject.doAs(Subject.java:422) [?:1.8.0_352]
	at org.apache.hadoop.security.UserGroupInformation.doAs(UserGroupInformation.java:1878) [hadoop-common-3.3.4.jar:?]
	at org.apache.hadoop.ipc.Server$Handler.run(Server.java:2976) [hadoop-common-3.3.4.jar:?]
20:32:18.901 [IPC Server handler 7 on default port 38041] ERROR OMAudit - user=runner | ip=127.0.0.1 | op=GET_FILE_STATUS {volume=volume53399, bucket=bucket90109, key=level0/level3/level3/file1, dataSize=0, replicationConfig=null} | ret=FAILURE
org.apache.hadoop.ozone.om.exceptions.OMException: Unable to get file status: volume: volume53399 bucket: bucket90109 key: level0/level3/level3/file1
	at org.apache.hadoop.ozone.om.KeyManagerImpl.getOzoneFileStatus(KeyManagerImpl.java:1301) ~[ozone-manager-1.4.0-SNAPSHOT.jar:?]
	at org.apache.hadoop.ozone.om.KeyManagerImpl.getFileStatus(KeyManagerImpl.java:1219) ~[ozone-manager-1.4.0-SNAPSHOT.jar:?]
	at org.apache.hadoop.ozone.om.OzoneManager.getFileStatus(OzoneManager.java:3498) ~[ozone-manager-1.4.0-SNAPSHOT.jar:?]
	at org.apache.hadoop.ozone.protocolPB.OzoneManagerRequestHandler.getOzoneFileStatus(OzoneManagerRequestHandler.java:913) ~[ozone-manager-1.4.0-SNAPSHOT.jar:?]
	at org.apache.hadoop.ozone.protocolPB.OzoneManagerRequestHandler.handleReadRequest(OzoneManagerRequestHandler.java:233) ~[ozone-manager-1.4.0-SNAPSHOT.jar:?]
	at org.apache.hadoop.ozone.protocolPB.OzoneManagerProtocolServerSideTranslatorPB.submitReadRequestToOM(OzoneManagerProtocolServerSideTranslatorPB.java:226) ~[ozone-manager-1.4.0-SNAPSHOT.jar:?]
	at org.apache.hadoop.ozone.protocolPB.OzoneManagerProtocolServerSideTranslatorPB.processRequest(OzoneManagerProtocolServerSideTranslatorPB.java:175) ~[ozone-manager-1.4.0-SNAPSHOT.jar:?]
	at org.apache.hadoop.hdds.server.OzoneProtocolMessageDispatcher.processRequest(OzoneProtocolMessageDispatcher.java:87) [hdds-server-framework-1.4.0-SNAPSHOT.jar:?]
	at org.apache.hadoop.ozone.protocolPB.OzoneManagerProtocolServerSideTranslatorPB.submitRequest(OzoneManagerProtocolServerSideTranslatorPB.java:147) [ozone-manager-1.4.0-SNAPSHOT.jar:?]
	at org.apache.hadoop.ozone.protocol.proto.OzoneManagerProtocolProtos$OzoneManagerService$2.callBlockingMethod(OzoneManagerProtocolProtos.java) [ozone-interface-client-1.4.0-SNAPSHOT.jar:?]
	at org.apache.hadoop.ipc.ProtobufRpcEngine$Server.processCall(ProtobufRpcEngine.java:465) [hadoop-common-3.3.4.jar:?]
	at org.apache.hadoop.ipc.ProtobufRpcEngine2$Server$ProtoBufRpcInvoker.call(ProtobufRpcEngine2.java:578) [hadoop-common-3.3.4.jar:?]
	at org.apache.hadoop.ipc.ProtobufRpcEngine2$Server$ProtoBufRpcInvoker.call(ProtobufRpcEngine2.java:556) [hadoop-common-3.3.4.jar:?]
	at org.apache.hadoop.ipc.RPC$Server.call(RPC.java:1093) [hadoop-common-3.3.4.jar:?]
	at org.apache.hadoop.ipc.Server$RpcCall.run(Server.java:1043) [hadoop-common-3.3.4.jar:?]
	at org.apache.hadoop.ipc.Server$RpcCall.run(Server.java:971) [hadoop-common-3.3.4.jar:?]
	at java.security.AccessController.doPrivileged(Native Method) ~[?:1.8.0_352]
	at javax.security.auth.Subject.doAs(Subject.java:422) [?:1.8.0_352]
	at org.apache.hadoop.security.UserGroupInformation.doAs(UserGroupInformation.java:1878) [hadoop-common-3.3.4.jar:?]
	at org.apache.hadoop.ipc.Server$Handler.run(Server.java:2976) [hadoop-common-3.3.4.jar:?]
]]></system-out>
  </testcase>
  <testcase name="testRecursiveDelete" classname="TestOzoneFileSystem" time="0.086">
    <system-out><![CDATA[2023-01-26 20:33:24,788 [IPC Server handler 2 on default port 35105] INFO  key.OMKeyRequest (OMKeyRequest.java:wrapUncommittedBlocksAsPseudoKey(837)) - Detect allocated but uncommitted blocks [{blockID={containerID=2, localID=111677748019200014}, length=4194304, offset=0, token=null, pipeline=null, createVersion=0, partNumber=0}] in key gdir1/pdir1/child.
2023-01-26 20:33:24,790 [IPC Server handler 3 on default port 35105] INFO  key.OMKeyRequest (OMKeyRequest.java:wrapUncommittedBlocksAsPseudoKey(837)) - Detect allocated but uncommitted blocks [{blockID={containerID=1, localID=111677748019200015}, length=4194304, offset=0, token=null, pipeline=null, createVersion=0, partNumber=0}] in key gdir1/pdir2/child.
2023-01-26 20:33:24,793 [IPC Server handler 5 on default port 35105] INFO  key.OMKeyRequest (OMKeyRequest.java:wrapUncommittedBlocksAsPseudoKey(837)) - Detect allocated but uncommitted blocks [{blockID={containerID=2, localID=111677748019200016}, length=4194304, offset=0, token=null, pipeline=null, createVersion=0, partNumber=0}] in key gdir1/pdir3/child.
2023-01-26 20:33:24,796 [IPC Server handler 8 on default port 35105] INFO  key.OMKeyRequest (OMKeyRequest.java:wrapUncommittedBlocksAsPseudoKey(837)) - Detect allocated but uncommitted blocks [{blockID={containerID=1, localID=111677748019200017}, length=4194304, offset=0, token=null, pipeline=null, createVersion=0, partNumber=0}] in key gdir1/pdir4/child.
2023-01-26 20:33:24,799 [IPC Server handler 9 on default port 35105] INFO  key.OMKeyRequest (OMKeyRequest.java:wrapUncommittedBlocksAsPseudoKey(837)) - Detect allocated but uncommitted blocks [{blockID={containerID=2, localID=111677748019200018}, length=4194304, offset=0, token=null, pipeline=null, createVersion=0, partNumber=0}] in key gdir1/pdir5/child.
2023-01-26 20:33:24,801 [IPC Server handler 11 on default port 35105] INFO  key.OMKeyRequest (OMKeyRequest.java:wrapUncommittedBlocksAsPseudoKey(837)) - Detect allocated but uncommitted blocks [{blockID={containerID=1, localID=111677748019200019}, length=4194304, offset=0, token=null, pipeline=null, createVersion=0, partNumber=0}] in key gdir1/pdir6/child.
2023-01-26 20:33:24,803 [IPC Server handler 13 on default port 35105] INFO  key.OMKeyRequest (OMKeyRequest.java:wrapUncommittedBlocksAsPseudoKey(837)) - Detect allocated but uncommitted blocks [{blockID={containerID=2, localID=111677748019200020}, length=4194304, offset=0, token=null, pipeline=null, createVersion=0, partNumber=0}] in key gdir1/pdir7/child.
2023-01-26 20:33:24,809 [IPC Server handler 16 on default port 35105] INFO  key.OMKeyRequest (OMKeyRequest.java:wrapUncommittedBlocksAsPseudoKey(837)) - Detect allocated but uncommitted blocks [{blockID={containerID=1, localID=111677748019200021}, length=4194304, offset=0, token=null, pipeline=null, createVersion=0, partNumber=0}] in key gdir1/pdir8/child.
2023-01-26 20:33:24,811 [IPC Server handler 18 on default port 35105] INFO  key.OMKeyRequest (OMKeyRequest.java:wrapUncommittedBlocksAsPseudoKey(837)) - Detect allocated but uncommitted blocks [{blockID={containerID=2, localID=111677748019200022}, length=4194304, offset=0, token=null, pipeline=null, createVersion=0, partNumber=0}] in key gdir1/pdir9/child.
2023-01-26 20:33:24,814 [IPC Server handler 12 on default port 35105] INFO  key.OMKeyRequest (OMKeyRequest.java:wrapUncommittedBlocksAsPseudoKey(837)) - Detect allocated but uncommitted blocks [{blockID={containerID=1, localID=111677748019200023}, length=4194304, offset=0, token=null, pipeline=null, createVersion=0, partNumber=0}] in key gdir1/pdir10/child.
20:33:24.822 [IPC Server handler 19 on default port 35105] ERROR OMAudit - user=runner | ip=127.0.0.1 | op=GET_FILE_STATUS {volume=volume38800, bucket=bucket46934, key=gdir1, dataSize=0, replicationConfig=null} | ret=FAILURE
org.apache.hadoop.ozone.om.exceptions.OMException: Unable to get file status: volume: volume38800 bucket: bucket46934 key: gdir1
	at org.apache.hadoop.ozone.om.KeyManagerImpl.getOzoneFileStatus(KeyManagerImpl.java:1301) ~[ozone-manager-1.4.0-SNAPSHOT.jar:?]
	at org.apache.hadoop.ozone.om.KeyManagerImpl.getFileStatus(KeyManagerImpl.java:1219) ~[ozone-manager-1.4.0-SNAPSHOT.jar:?]
	at org.apache.hadoop.ozone.om.OzoneManager.getFileStatus(OzoneManager.java:3498) ~[ozone-manager-1.4.0-SNAPSHOT.jar:?]
	at org.apache.hadoop.ozone.protocolPB.OzoneManagerRequestHandler.getOzoneFileStatus(OzoneManagerRequestHandler.java:913) ~[ozone-manager-1.4.0-SNAPSHOT.jar:?]
	at org.apache.hadoop.ozone.protocolPB.OzoneManagerRequestHandler.handleReadRequest(OzoneManagerRequestHandler.java:233) ~[ozone-manager-1.4.0-SNAPSHOT.jar:?]
	at org.apache.hadoop.ozone.protocolPB.OzoneManagerProtocolServerSideTranslatorPB.submitRequestDirectlyToOM(OzoneManagerProtocolServerSideTranslatorPB.java:276) ~[ozone-manager-1.4.0-SNAPSHOT.jar:?]
	at org.apache.hadoop.ozone.protocolPB.OzoneManagerProtocolServerSideTranslatorPB.processRequest(OzoneManagerProtocolServerSideTranslatorPB.java:205) ~[ozone-manager-1.4.0-SNAPSHOT.jar:?]
	at org.apache.hadoop.hdds.server.OzoneProtocolMessageDispatcher.processRequest(OzoneProtocolMessageDispatcher.java:87) [hdds-server-framework-1.4.0-SNAPSHOT.jar:?]
	at org.apache.hadoop.ozone.protocolPB.OzoneManagerProtocolServerSideTranslatorPB.submitRequest(OzoneManagerProtocolServerSideTranslatorPB.java:147) [ozone-manager-1.4.0-SNAPSHOT.jar:?]
	at org.apache.hadoop.ozone.protocol.proto.OzoneManagerProtocolProtos$OzoneManagerService$2.callBlockingMethod(OzoneManagerProtocolProtos.java) [ozone-interface-client-1.4.0-SNAPSHOT.jar:?]
	at org.apache.hadoop.ipc.ProtobufRpcEngine$Server.processCall(ProtobufRpcEngine.java:465) [hadoop-common-3.3.4.jar:?]
	at org.apache.hadoop.ipc.ProtobufRpcEngine2$Server$ProtoBufRpcInvoker.call(ProtobufRpcEngine2.java:578) [hadoop-common-3.3.4.jar:?]
	at org.apache.hadoop.ipc.ProtobufRpcEngine2$Server$ProtoBufRpcInvoker.call(ProtobufRpcEngine2.java:556) [hadoop-common-3.3.4.jar:?]
	at org.apache.hadoop.ipc.RPC$Server.call(RPC.java:1093) [hadoop-common-3.3.4.jar:?]
	at org.apache.hadoop.ipc.Server$RpcCall.run(Server.java:1043) [hadoop-common-3.3.4.jar:?]
	at org.apache.hadoop.ipc.Server$RpcCall.run(Server.java:971) [hadoop-common-3.3.4.jar:?]
	at java.security.AccessController.doPrivileged(Native Method) ~[?:1.8.0_352]
	at javax.security.auth.Subject.doAs(Subject.java:422) [?:1.8.0_352]
	at org.apache.hadoop.security.UserGroupInformation.doAs(UserGroupInformation.java:1878) [hadoop-common-3.3.4.jar:?]
	at org.apache.hadoop.ipc.Server$Handler.run(Server.java:2976) [hadoop-common-3.3.4.jar:?]
20:33:24.823 [IPC Server handler 12 on default port 35105] ERROR OMAudit - user=runner | ip=127.0.0.1 | op=GET_FILE_STATUS {volume=volume38800, bucket=bucket46934, key=gdir1/dir1, dataSize=0, replicationConfig=null} | ret=FAILURE
org.apache.hadoop.ozone.om.exceptions.OMException: Unable to get file status: volume: volume38800 bucket: bucket46934 key: gdir1/dir1
	at org.apache.hadoop.ozone.om.KeyManagerImpl.getOzoneFileStatus(KeyManagerImpl.java:1301) ~[ozone-manager-1.4.0-SNAPSHOT.jar:?]
	at org.apache.hadoop.ozone.om.KeyManagerImpl.getFileStatus(KeyManagerImpl.java:1219) ~[ozone-manager-1.4.0-SNAPSHOT.jar:?]
	at org.apache.hadoop.ozone.om.OzoneManager.getFileStatus(OzoneManager.java:3498) ~[ozone-manager-1.4.0-SNAPSHOT.jar:?]
	at org.apache.hadoop.ozone.protocolPB.OzoneManagerRequestHandler.getOzoneFileStatus(OzoneManagerRequestHandler.java:913) ~[ozone-manager-1.4.0-SNAPSHOT.jar:?]
	at org.apache.hadoop.ozone.protocolPB.OzoneManagerRequestHandler.handleReadRequest(OzoneManagerRequestHandler.java:233) ~[ozone-manager-1.4.0-SNAPSHOT.jar:?]
	at org.apache.hadoop.ozone.protocolPB.OzoneManagerProtocolServerSideTranslatorPB.submitRequestDirectlyToOM(OzoneManagerProtocolServerSideTranslatorPB.java:276) ~[ozone-manager-1.4.0-SNAPSHOT.jar:?]
	at org.apache.hadoop.ozone.protocolPB.OzoneManagerProtocolServerSideTranslatorPB.processRequest(OzoneManagerProtocolServerSideTranslatorPB.java:205) ~[ozone-manager-1.4.0-SNAPSHOT.jar:?]
	at org.apache.hadoop.hdds.server.OzoneProtocolMessageDispatcher.processRequest(OzoneProtocolMessageDispatcher.java:87) [hdds-server-framework-1.4.0-SNAPSHOT.jar:?]
	at org.apache.hadoop.ozone.protocolPB.OzoneManagerProtocolServerSideTranslatorPB.submitRequest(OzoneManagerProtocolServerSideTranslatorPB.java:147) [ozone-manager-1.4.0-SNAPSHOT.jar:?]
	at org.apache.hadoop.ozone.protocol.proto.OzoneManagerProtocolProtos$OzoneManagerService$2.callBlockingMethod(OzoneManagerProtocolProtos.java) [ozone-interface-client-1.4.0-SNAPSHOT.jar:?]
	at org.apache.hadoop.ipc.ProtobufRpcEngine$Server.processCall(ProtobufRpcEngine.java:465) [hadoop-common-3.3.4.jar:?]
	at org.apache.hadoop.ipc.ProtobufRpcEngine2$Server$ProtoBufRpcInvoker.call(ProtobufRpcEngine2.java:578) [hadoop-common-3.3.4.jar:?]
	at org.apache.hadoop.ipc.ProtobufRpcEngine2$Server$ProtoBufRpcInvoker.call(ProtobufRpcEngine2.java:556) [hadoop-common-3.3.4.jar:?]
	at org.apache.hadoop.ipc.RPC$Server.call(RPC.java:1093) [hadoop-common-3.3.4.jar:?]
	at org.apache.hadoop.ipc.Server$RpcCall.run(Server.java:1043) [hadoop-common-3.3.4.jar:?]
	at org.apache.hadoop.ipc.Server$RpcCall.run(Server.java:971) [hadoop-common-3.3.4.jar:?]
	at java.security.AccessController.doPrivileged(Native Method) ~[?:1.8.0_352]
	at javax.security.auth.Subject.doAs(Subject.java:422) [?:1.8.0_352]
	at org.apache.hadoop.security.UserGroupInformation.doAs(UserGroupInformation.java:1878) [hadoop-common-3.3.4.jar:?]
	at org.apache.hadoop.ipc.Server$Handler.run(Server.java:2976) [hadoop-common-3.3.4.jar:?]
20:33:24.824 [IPC Server handler 0 on default port 35105] ERROR OMAudit - user=runner | ip=127.0.0.1 | op=GET_FILE_STATUS {volume=volume38800, bucket=bucket46934, key=gdir1/dir1/child, dataSize=0, replicationConfig=null} | ret=FAILURE
org.apache.hadoop.ozone.om.exceptions.OMException: Unable to get file status: volume: volume38800 bucket: bucket46934 key: gdir1/dir1/child
	at org.apache.hadoop.ozone.om.KeyManagerImpl.getOzoneFileStatus(KeyManagerImpl.java:1301) ~[ozone-manager-1.4.0-SNAPSHOT.jar:?]
	at org.apache.hadoop.ozone.om.KeyManagerImpl.getFileStatus(KeyManagerImpl.java:1219) ~[ozone-manager-1.4.0-SNAPSHOT.jar:?]
	at org.apache.hadoop.ozone.om.OzoneManager.getFileStatus(OzoneManager.java:3498) ~[ozone-manager-1.4.0-SNAPSHOT.jar:?]
	at org.apache.hadoop.ozone.protocolPB.OzoneManagerRequestHandler.getOzoneFileStatus(OzoneManagerRequestHandler.java:913) ~[ozone-manager-1.4.0-SNAPSHOT.jar:?]
	at org.apache.hadoop.ozone.protocolPB.OzoneManagerRequestHandler.handleReadRequest(OzoneManagerRequestHandler.java:233) ~[ozone-manager-1.4.0-SNAPSHOT.jar:?]
	at org.apache.hadoop.ozone.protocolPB.OzoneManagerProtocolServerSideTranslatorPB.submitRequestDirectlyToOM(OzoneManagerProtocolServerSideTranslatorPB.java:276) ~[ozone-manager-1.4.0-SNAPSHOT.jar:?]
	at org.apache.hadoop.ozone.protocolPB.OzoneManagerProtocolServerSideTranslatorPB.processRequest(OzoneManagerProtocolServerSideTranslatorPB.java:205) ~[ozone-manager-1.4.0-SNAPSHOT.jar:?]
	at org.apache.hadoop.hdds.server.OzoneProtocolMessageDispatcher.processRequest(OzoneProtocolMessageDispatcher.java:87) [hdds-server-framework-1.4.0-SNAPSHOT.jar:?]
	at org.apache.hadoop.ozone.protocolPB.OzoneManagerProtocolServerSideTranslatorPB.submitRequest(OzoneManagerProtocolServerSideTranslatorPB.java:147) [ozone-manager-1.4.0-SNAPSHOT.jar:?]
	at org.apache.hadoop.ozone.protocol.proto.OzoneManagerProtocolProtos$OzoneManagerService$2.callBlockingMethod(OzoneManagerProtocolProtos.java) [ozone-interface-client-1.4.0-SNAPSHOT.jar:?]
	at org.apache.hadoop.ipc.ProtobufRpcEngine$Server.processCall(ProtobufRpcEngine.java:465) [hadoop-common-3.3.4.jar:?]
	at org.apache.hadoop.ipc.ProtobufRpcEngine2$Server$ProtoBufRpcInvoker.call(ProtobufRpcEngine2.java:578) [hadoop-common-3.3.4.jar:?]
	at org.apache.hadoop.ipc.ProtobufRpcEngine2$Server$ProtoBufRpcInvoker.call(ProtobufRpcEngine2.java:556) [hadoop-common-3.3.4.jar:?]
	at org.apache.hadoop.ipc.RPC$Server.call(RPC.java:1093) [hadoop-common-3.3.4.jar:?]
	at org.apache.hadoop.ipc.Server$RpcCall.run(Server.java:1043) [hadoop-common-3.3.4.jar:?]
	at org.apache.hadoop.ipc.Server$RpcCall.run(Server.java:971) [hadoop-common-3.3.4.jar:?]
	at java.security.AccessController.doPrivileged(Native Method) ~[?:1.8.0_352]
	at javax.security.auth.Subject.doAs(Subject.java:422) [?:1.8.0_352]
	at org.apache.hadoop.security.UserGroupInformation.doAs(UserGroupInformation.java:1878) [hadoop-common-3.3.4.jar:?]
	at org.apache.hadoop.ipc.Server$Handler.run(Server.java:2976) [hadoop-common-3.3.4.jar:?]
20:33:24.824 [IPC Server handler 2 on default port 35105] ERROR OMAudit - user=runner | ip=127.0.0.1 | op=GET_FILE_STATUS {volume=volume38800, bucket=bucket46934, key=gdir1/dir2, dataSize=0, replicationConfig=null} | ret=FAILURE
org.apache.hadoop.ozone.om.exceptions.OMException: Unable to get file status: volume: volume38800 bucket: bucket46934 key: gdir1/dir2
	at org.apache.hadoop.ozone.om.KeyManagerImpl.getOzoneFileStatus(KeyManagerImpl.java:1301) ~[ozone-manager-1.4.0-SNAPSHOT.jar:?]
	at org.apache.hadoop.ozone.om.KeyManagerImpl.getFileStatus(KeyManagerImpl.java:1219) ~[ozone-manager-1.4.0-SNAPSHOT.jar:?]
	at org.apache.hadoop.ozone.om.OzoneManager.getFileStatus(OzoneManager.java:3498) ~[ozone-manager-1.4.0-SNAPSHOT.jar:?]
	at org.apache.hadoop.ozone.protocolPB.OzoneManagerRequestHandler.getOzoneFileStatus(OzoneManagerRequestHandler.java:913) ~[ozone-manager-1.4.0-SNAPSHOT.jar:?]
	at org.apache.hadoop.ozone.protocolPB.OzoneManagerRequestHandler.handleReadRequest(OzoneManagerRequestHandler.java:233) ~[ozone-manager-1.4.0-SNAPSHOT.jar:?]
	at org.apache.hadoop.ozone.protocolPB.OzoneManagerProtocolServerSideTranslatorPB.submitRequestDirectlyToOM(OzoneManagerProtocolServerSideTranslatorPB.java:276) ~[ozone-manager-1.4.0-SNAPSHOT.jar:?]
	at org.apache.hadoop.ozone.protocolPB.OzoneManagerProtocolServerSideTranslatorPB.processRequest(OzoneManagerProtocolServerSideTranslatorPB.java:205) ~[ozone-manager-1.4.0-SNAPSHOT.jar:?]
	at org.apache.hadoop.hdds.server.OzoneProtocolMessageDispatcher.processRequest(OzoneProtocolMessageDispatcher.java:87) [hdds-server-framework-1.4.0-SNAPSHOT.jar:?]
	at org.apache.hadoop.ozone.protocolPB.OzoneManagerProtocolServerSideTranslatorPB.submitRequest(OzoneManagerProtocolServerSideTranslatorPB.java:147) [ozone-manager-1.4.0-SNAPSHOT.jar:?]
	at org.apache.hadoop.ozone.protocol.proto.OzoneManagerProtocolProtos$OzoneManagerService$2.callBlockingMethod(OzoneManagerProtocolProtos.java) [ozone-interface-client-1.4.0-SNAPSHOT.jar:?]
	at org.apache.hadoop.ipc.ProtobufRpcEngine$Server.processCall(ProtobufRpcEngine.java:465) [hadoop-common-3.3.4.jar:?]
	at org.apache.hadoop.ipc.ProtobufRpcEngine2$Server$ProtoBufRpcInvoker.call(ProtobufRpcEngine2.java:578) [hadoop-common-3.3.4.jar:?]
	at org.apache.hadoop.ipc.ProtobufRpcEngine2$Server$ProtoBufRpcInvoker.call(ProtobufRpcEngine2.java:556) [hadoop-common-3.3.4.jar:?]
	at org.apache.hadoop.ipc.RPC$Server.call(RPC.java:1093) [hadoop-common-3.3.4.jar:?]
	at org.apache.hadoop.ipc.Server$RpcCall.run(Server.java:1043) [hadoop-common-3.3.4.jar:?]
	at org.apache.hadoop.ipc.Server$RpcCall.run(Server.java:971) [hadoop-common-3.3.4.jar:?]
	at java.security.AccessController.doPrivileged(Native Method) ~[?:1.8.0_352]
	at javax.security.auth.Subject.doAs(Subject.java:422) [?:1.8.0_352]
	at org.apache.hadoop.security.UserGroupInformation.doAs(UserGroupInformation.java:1878) [hadoop-common-3.3.4.jar:?]
	at org.apache.hadoop.ipc.Server$Handler.run(Server.java:2976) [hadoop-common-3.3.4.jar:?]
20:33:24.826 [IPC Server handler 1 on default port 35105] ERROR OMAudit - user=runner | ip=127.0.0.1 | op=GET_FILE_STATUS {volume=volume38800, bucket=bucket46934, key=gdir1/dir2/child, dataSize=0, replicationConfig=null} | ret=FAILURE
org.apache.hadoop.ozone.om.exceptions.OMException: Unable to get file status: volume: volume38800 bucket: bucket46934 key: gdir1/dir2/child
	at org.apache.hadoop.ozone.om.KeyManagerImpl.getOzoneFileStatus(KeyManagerImpl.java:1301) ~[ozone-manager-1.4.0-SNAPSHOT.jar:?]
	at org.apache.hadoop.ozone.om.KeyManagerImpl.getFileStatus(KeyManagerImpl.java:1219) ~[ozone-manager-1.4.0-SNAPSHOT.jar:?]
	at org.apache.hadoop.ozone.om.OzoneManager.getFileStatus(OzoneManager.java:3498) ~[ozone-manager-1.4.0-SNAPSHOT.jar:?]
	at org.apache.hadoop.ozone.protocolPB.OzoneManagerRequestHandler.getOzoneFileStatus(OzoneManagerRequestHandler.java:913) ~[ozone-manager-1.4.0-SNAPSHOT.jar:?]
	at org.apache.hadoop.ozone.protocolPB.OzoneManagerRequestHandler.handleReadRequest(OzoneManagerRequestHandler.java:233) ~[ozone-manager-1.4.0-SNAPSHOT.jar:?]
	at org.apache.hadoop.ozone.protocolPB.OzoneManagerProtocolServerSideTranslatorPB.submitRequestDirectlyToOM(OzoneManagerProtocolServerSideTranslatorPB.java:276) ~[ozone-manager-1.4.0-SNAPSHOT.jar:?]
	at org.apache.hadoop.ozone.protocolPB.OzoneManagerProtocolServerSideTranslatorPB.processRequest(OzoneManagerProtocolServerSideTranslatorPB.java:205) ~[ozone-manager-1.4.0-SNAPSHOT.jar:?]
	at org.apache.hadoop.hdds.server.OzoneProtocolMessageDispatcher.processRequest(OzoneProtocolMessageDispatcher.java:87) [hdds-server-framework-1.4.0-SNAPSHOT.jar:?]
	at org.apache.hadoop.ozone.protocolPB.OzoneManagerProtocolServerSideTranslatorPB.submitRequest(OzoneManagerProtocolServerSideTranslatorPB.java:147) [ozone-manager-1.4.0-SNAPSHOT.jar:?]
	at org.apache.hadoop.ozone.protocol.proto.OzoneManagerProtocolProtos$OzoneManagerService$2.callBlockingMethod(OzoneManagerProtocolProtos.java) [ozone-interface-client-1.4.0-SNAPSHOT.jar:?]
	at org.apache.hadoop.ipc.ProtobufRpcEngine$Server.processCall(ProtobufRpcEngine.java:465) [hadoop-common-3.3.4.jar:?]
	at org.apache.hadoop.ipc.ProtobufRpcEngine2$Server$ProtoBufRpcInvoker.call(ProtobufRpcEngine2.java:578) [hadoop-common-3.3.4.jar:?]
	at org.apache.hadoop.ipc.ProtobufRpcEngine2$Server$ProtoBufRpcInvoker.call(ProtobufRpcEngine2.java:556) [hadoop-common-3.3.4.jar:?]
	at org.apache.hadoop.ipc.RPC$Server.call(RPC.java:1093) [hadoop-common-3.3.4.jar:?]
	at org.apache.hadoop.ipc.Server$RpcCall.run(Server.java:1043) [hadoop-common-3.3.4.jar:?]
	at org.apache.hadoop.ipc.Server$RpcCall.run(Server.java:971) [hadoop-common-3.3.4.jar:?]
	at java.security.AccessController.doPrivileged(Native Method) ~[?:1.8.0_352]
	at javax.security.auth.Subject.doAs(Subject.java:422) [?:1.8.0_352]
	at org.apache.hadoop.security.UserGroupInformation.doAs(UserGroupInformation.java:1878) [hadoop-common-3.3.4.jar:?]
	at org.apache.hadoop.ipc.Server$Handler.run(Server.java:2976) [hadoop-common-3.3.4.jar:?]
20:33:24.828 [IPC Server handler 3 on default port 35105] ERROR OMAudit - user=runner | ip=127.0.0.1 | op=GET_FILE_STATUS {volume=volume38800, bucket=bucket46934, key=gdir1/dir3, dataSize=0, replicationConfig=null} | ret=FAILURE
org.apache.hadoop.ozone.om.exceptions.OMException: Unable to get file status: volume: volume38800 bucket: bucket46934 key: gdir1/dir3
	at org.apache.hadoop.ozone.om.KeyManagerImpl.getOzoneFileStatus(KeyManagerImpl.java:1301) ~[ozone-manager-1.4.0-SNAPSHOT.jar:?]
	at org.apache.hadoop.ozone.om.KeyManagerImpl.getFileStatus(KeyManagerImpl.java:1219) ~[ozone-manager-1.4.0-SNAPSHOT.jar:?]
	at org.apache.hadoop.ozone.om.OzoneManager.getFileStatus(OzoneManager.java:3498) ~[ozone-manager-1.4.0-SNAPSHOT.jar:?]
	at org.apache.hadoop.ozone.protocolPB.OzoneManagerRequestHandler.getOzoneFileStatus(OzoneManagerRequestHandler.java:913) ~[ozone-manager-1.4.0-SNAPSHOT.jar:?]
	at org.apache.hadoop.ozone.protocolPB.OzoneManagerRequestHandler.handleReadRequest(OzoneManagerRequestHandler.java:233) ~[ozone-manager-1.4.0-SNAPSHOT.jar:?]
	at org.apache.hadoop.ozone.protocolPB.OzoneManagerProtocolServerSideTranslatorPB.submitRequestDirectlyToOM(OzoneManagerProtocolServerSideTranslatorPB.java:276) ~[ozone-manager-1.4.0-SNAPSHOT.jar:?]
	at org.apache.hadoop.ozone.protocolPB.OzoneManagerProtocolServerSideTranslatorPB.processRequest(OzoneManagerProtocolServerSideTranslatorPB.java:205) ~[ozone-manager-1.4.0-SNAPSHOT.jar:?]
	at org.apache.hadoop.hdds.server.OzoneProtocolMessageDispatcher.processRequest(OzoneProtocolMessageDispatcher.java:87) [hdds-server-framework-1.4.0-SNAPSHOT.jar:?]
	at org.apache.hadoop.ozone.protocolPB.OzoneManagerProtocolServerSideTranslatorPB.submitRequest(OzoneManagerProtocolServerSideTranslatorPB.java:147) [ozone-manager-1.4.0-SNAPSHOT.jar:?]
	at org.apache.hadoop.ozone.protocol.proto.OzoneManagerProtocolProtos$OzoneManagerService$2.callBlockingMethod(OzoneManagerProtocolProtos.java) [ozone-interface-client-1.4.0-SNAPSHOT.jar:?]
	at org.apache.hadoop.ipc.ProtobufRpcEngine$Server.processCall(ProtobufRpcEngine.java:465) [hadoop-common-3.3.4.jar:?]
	at org.apache.hadoop.ipc.ProtobufRpcEngine2$Server$ProtoBufRpcInvoker.call(ProtobufRpcEngine2.java:578) [hadoop-common-3.3.4.jar:?]
	at org.apache.hadoop.ipc.ProtobufRpcEngine2$Server$ProtoBufRpcInvoker.call(ProtobufRpcEngine2.java:556) [hadoop-common-3.3.4.jar:?]
	at org.apache.hadoop.ipc.RPC$Server.call(RPC.java:1093) [hadoop-common-3.3.4.jar:?]
	at org.apache.hadoop.ipc.Server$RpcCall.run(Server.java:1043) [hadoop-common-3.3.4.jar:?]
	at org.apache.hadoop.ipc.Server$RpcCall.run(Server.java:971) [hadoop-common-3.3.4.jar:?]
	at java.security.AccessController.doPrivileged(Native Method) ~[?:1.8.0_352]
	at javax.security.auth.Subject.doAs(Subject.java:422) [?:1.8.0_352]
	at org.apache.hadoop.security.UserGroupInformation.doAs(UserGroupInformation.java:1878) [hadoop-common-3.3.4.jar:?]
	at org.apache.hadoop.ipc.Server$Handler.run(Server.java:2976) [hadoop-common-3.3.4.jar:?]
20:33:24.828 [IPC Server handler 4 on default port 35105] ERROR OMAudit - user=runner | ip=127.0.0.1 | op=GET_FILE_STATUS {volume=volume38800, bucket=bucket46934, key=gdir1/dir3/child, dataSize=0, replicationConfig=null} | ret=FAILURE
org.apache.hadoop.ozone.om.exceptions.OMException: Unable to get file status: volume: volume38800 bucket: bucket46934 key: gdir1/dir3/child
	at org.apache.hadoop.ozone.om.KeyManagerImpl.getOzoneFileStatus(KeyManagerImpl.java:1301) ~[ozone-manager-1.4.0-SNAPSHOT.jar:?]
	at org.apache.hadoop.ozone.om.KeyManagerImpl.getFileStatus(KeyManagerImpl.java:1219) ~[ozone-manager-1.4.0-SNAPSHOT.jar:?]
	at org.apache.hadoop.ozone.om.OzoneManager.getFileStatus(OzoneManager.java:3498) ~[ozone-manager-1.4.0-SNAPSHOT.jar:?]
	at org.apache.hadoop.ozone.protocolPB.OzoneManagerRequestHandler.getOzoneFileStatus(OzoneManagerRequestHandler.java:913) ~[ozone-manager-1.4.0-SNAPSHOT.jar:?]
	at org.apache.hadoop.ozone.protocolPB.OzoneManagerRequestHandler.handleReadRequest(OzoneManagerRequestHandler.java:233) ~[ozone-manager-1.4.0-SNAPSHOT.jar:?]
	at org.apache.hadoop.ozone.protocolPB.OzoneManagerProtocolServerSideTranslatorPB.submitRequestDirectlyToOM(OzoneManagerProtocolServerSideTranslatorPB.java:276) ~[ozone-manager-1.4.0-SNAPSHOT.jar:?]
	at org.apache.hadoop.ozone.protocolPB.OzoneManagerProtocolServerSideTranslatorPB.processRequest(OzoneManagerProtocolServerSideTranslatorPB.java:205) ~[ozone-manager-1.4.0-SNAPSHOT.jar:?]
	at org.apache.hadoop.hdds.server.OzoneProtocolMessageDispatcher.processRequest(OzoneProtocolMessageDispatcher.java:87) [hdds-server-framework-1.4.0-SNAPSHOT.jar:?]
	at org.apache.hadoop.ozone.protocolPB.OzoneManagerProtocolServerSideTranslatorPB.submitRequest(OzoneManagerProtocolServerSideTranslatorPB.java:147) [ozone-manager-1.4.0-SNAPSHOT.jar:?]
	at org.apache.hadoop.ozone.protocol.proto.OzoneManagerProtocolProtos$OzoneManagerService$2.callBlockingMethod(OzoneManagerProtocolProtos.java) [ozone-interface-client-1.4.0-SNAPSHOT.jar:?]
	at org.apache.hadoop.ipc.ProtobufRpcEngine$Server.processCall(ProtobufRpcEngine.java:465) [hadoop-common-3.3.4.jar:?]
	at org.apache.hadoop.ipc.ProtobufRpcEngine2$Server$ProtoBufRpcInvoker.call(ProtobufRpcEngine2.java:578) [hadoop-common-3.3.4.jar:?]
	at org.apache.hadoop.ipc.ProtobufRpcEngine2$Server$ProtoBufRpcInvoker.call(ProtobufRpcEngine2.java:556) [hadoop-common-3.3.4.jar:?]
	at org.apache.hadoop.ipc.RPC$Server.call(RPC.java:1093) [hadoop-common-3.3.4.jar:?]
	at org.apache.hadoop.ipc.Server$RpcCall.run(Server.java:1043) [hadoop-common-3.3.4.jar:?]
	at org.apache.hadoop.ipc.Server$RpcCall.run(Server.java:971) [hadoop-common-3.3.4.jar:?]
	at java.security.AccessController.doPrivileged(Native Method) ~[?:1.8.0_352]
	at javax.security.auth.Subject.doAs(Subject.java:422) [?:1.8.0_352]
	at org.apache.hadoop.security.UserGroupInformation.doAs(UserGroupInformation.java:1878) [hadoop-common-3.3.4.jar:?]
	at org.apache.hadoop.ipc.Server$Handler.run(Server.java:2976) [hadoop-common-3.3.4.jar:?]
20:33:24.829 [IPC Server handler 5 on default port 35105] ERROR OMAudit - user=runner | ip=127.0.0.1 | op=GET_FILE_STATUS {volume=volume38800, bucket=bucket46934, key=gdir1/dir4, dataSize=0, replicationConfig=null} | ret=FAILURE
org.apache.hadoop.ozone.om.exceptions.OMException: Unable to get file status: volume: volume38800 bucket: bucket46934 key: gdir1/dir4
	at org.apache.hadoop.ozone.om.KeyManagerImpl.getOzoneFileStatus(KeyManagerImpl.java:1301) ~[ozone-manager-1.4.0-SNAPSHOT.jar:?]
	at org.apache.hadoop.ozone.om.KeyManagerImpl.getFileStatus(KeyManagerImpl.java:1219) ~[ozone-manager-1.4.0-SNAPSHOT.jar:?]
	at org.apache.hadoop.ozone.om.OzoneManager.getFileStatus(OzoneManager.java:3498) ~[ozone-manager-1.4.0-SNAPSHOT.jar:?]
	at org.apache.hadoop.ozone.protocolPB.OzoneManagerRequestHandler.getOzoneFileStatus(OzoneManagerRequestHandler.java:913) ~[ozone-manager-1.4.0-SNAPSHOT.jar:?]
	at org.apache.hadoop.ozone.protocolPB.OzoneManagerRequestHandler.handleReadRequest(OzoneManagerRequestHandler.java:233) ~[ozone-manager-1.4.0-SNAPSHOT.jar:?]
	at org.apache.hadoop.ozone.protocolPB.OzoneManagerProtocolServerSideTranslatorPB.submitRequestDirectlyToOM(OzoneManagerProtocolServerSideTranslatorPB.java:276) ~[ozone-manager-1.4.0-SNAPSHOT.jar:?]
	at org.apache.hadoop.ozone.protocolPB.OzoneManagerProtocolServerSideTranslatorPB.processRequest(OzoneManagerProtocolServerSideTranslatorPB.java:205) ~[ozone-manager-1.4.0-SNAPSHOT.jar:?]
	at org.apache.hadoop.hdds.server.OzoneProtocolMessageDispatcher.processRequest(OzoneProtocolMessageDispatcher.java:87) [hdds-server-framework-1.4.0-SNAPSHOT.jar:?]
	at org.apache.hadoop.ozone.protocolPB.OzoneManagerProtocolServerSideTranslatorPB.submitRequest(OzoneManagerProtocolServerSideTranslatorPB.java:147) [ozone-manager-1.4.0-SNAPSHOT.jar:?]
	at org.apache.hadoop.ozone.protocol.proto.OzoneManagerProtocolProtos$OzoneManagerService$2.callBlockingMethod(OzoneManagerProtocolProtos.java) [ozone-interface-client-1.4.0-SNAPSHOT.jar:?]
	at org.apache.hadoop.ipc.ProtobufRpcEngine$Server.processCall(ProtobufRpcEngine.java:465) [hadoop-common-3.3.4.jar:?]
	at org.apache.hadoop.ipc.ProtobufRpcEngine2$Server$ProtoBufRpcInvoker.call(ProtobufRpcEngine2.java:578) [hadoop-common-3.3.4.jar:?]
	at org.apache.hadoop.ipc.ProtobufRpcEngine2$Server$ProtoBufRpcInvoker.call(ProtobufRpcEngine2.java:556) [hadoop-common-3.3.4.jar:?]
	at org.apache.hadoop.ipc.RPC$Server.call(RPC.java:1093) [hadoop-common-3.3.4.jar:?]
	at org.apache.hadoop.ipc.Server$RpcCall.run(Server.java:1043) [hadoop-common-3.3.4.jar:?]
	at org.apache.hadoop.ipc.Server$RpcCall.run(Server.java:971) [hadoop-common-3.3.4.jar:?]
	at java.security.AccessController.doPrivileged(Native Method) ~[?:1.8.0_352]
	at javax.security.auth.Subject.doAs(Subject.java:422) [?:1.8.0_352]
	at org.apache.hadoop.security.UserGroupInformation.doAs(UserGroupInformation.java:1878) [hadoop-common-3.3.4.jar:?]
	at org.apache.hadoop.ipc.Server$Handler.run(Server.java:2976) [hadoop-common-3.3.4.jar:?]
20:33:24.829 [IPC Server handler 6 on default port 35105] ERROR OMAudit - user=runner | ip=127.0.0.1 | op=GET_FILE_STATUS {volume=volume38800, bucket=bucket46934, key=gdir1/dir4/child, dataSize=0, replicationConfig=null} | ret=FAILURE
org.apache.hadoop.ozone.om.exceptions.OMException: Unable to get file status: volume: volume38800 bucket: bucket46934 key: gdir1/dir4/child
	at org.apache.hadoop.ozone.om.KeyManagerImpl.getOzoneFileStatus(KeyManagerImpl.java:1301) ~[ozone-manager-1.4.0-SNAPSHOT.jar:?]
	at org.apache.hadoop.ozone.om.KeyManagerImpl.getFileStatus(KeyManagerImpl.java:1219) ~[ozone-manager-1.4.0-SNAPSHOT.jar:?]
	at org.apache.hadoop.ozone.om.OzoneManager.getFileStatus(OzoneManager.java:3498) ~[ozone-manager-1.4.0-SNAPSHOT.jar:?]
	at org.apache.hadoop.ozone.protocolPB.OzoneManagerRequestHandler.getOzoneFileStatus(OzoneManagerRequestHandler.java:913) ~[ozone-manager-1.4.0-SNAPSHOT.jar:?]
	at org.apache.hadoop.ozone.protocolPB.OzoneManagerRequestHandler.handleReadRequest(OzoneManagerRequestHandler.java:233) ~[ozone-manager-1.4.0-SNAPSHOT.jar:?]
	at org.apache.hadoop.ozone.protocolPB.OzoneManagerProtocolServerSideTranslatorPB.submitRequestDirectlyToOM(OzoneManagerProtocolServerSideTranslatorPB.java:276) ~[ozone-manager-1.4.0-SNAPSHOT.jar:?]
	at org.apache.hadoop.ozone.protocolPB.OzoneManagerProtocolServerSideTranslatorPB.processRequest(OzoneManagerProtocolServerSideTranslatorPB.java:205) ~[ozone-manager-1.4.0-SNAPSHOT.jar:?]
	at org.apache.hadoop.hdds.server.OzoneProtocolMessageDispatcher.processRequest(OzoneProtocolMessageDispatcher.java:87) [hdds-server-framework-1.4.0-SNAPSHOT.jar:?]
	at org.apache.hadoop.ozone.protocolPB.OzoneManagerProtocolServerSideTranslatorPB.submitRequest(OzoneManagerProtocolServerSideTranslatorPB.java:147) [ozone-manager-1.4.0-SNAPSHOT.jar:?]
	at org.apache.hadoop.ozone.protocol.proto.OzoneManagerProtocolProtos$OzoneManagerService$2.callBlockingMethod(OzoneManagerProtocolProtos.java) [ozone-interface-client-1.4.0-SNAPSHOT.jar:?]
	at org.apache.hadoop.ipc.ProtobufRpcEngine$Server.processCall(ProtobufRpcEngine.java:465) [hadoop-common-3.3.4.jar:?]
	at org.apache.hadoop.ipc.ProtobufRpcEngine2$Server$ProtoBufRpcInvoker.call(ProtobufRpcEngine2.java:578) [hadoop-common-3.3.4.jar:?]
	at org.apache.hadoop.ipc.ProtobufRpcEngine2$Server$ProtoBufRpcInvoker.call(ProtobufRpcEngine2.java:556) [hadoop-common-3.3.4.jar:?]
	at org.apache.hadoop.ipc.RPC$Server.call(RPC.java:1093) [hadoop-common-3.3.4.jar:?]
	at org.apache.hadoop.ipc.Server$RpcCall.run(Server.java:1043) [hadoop-common-3.3.4.jar:?]
	at org.apache.hadoop.ipc.Server$RpcCall.run(Server.java:971) [hadoop-common-3.3.4.jar:?]
	at java.security.AccessController.doPrivileged(Native Method) ~[?:1.8.0_352]
	at javax.security.auth.Subject.doAs(Subject.java:422) [?:1.8.0_352]
	at org.apache.hadoop.security.UserGroupInformation.doAs(UserGroupInformation.java:1878) [hadoop-common-3.3.4.jar:?]
	at org.apache.hadoop.ipc.Server$Handler.run(Server.java:2976) [hadoop-common-3.3.4.jar:?]
20:33:24.830 [IPC Server handler 8 on default port 35105] ERROR OMAudit - user=runner | ip=127.0.0.1 | op=GET_FILE_STATUS {volume=volume38800, bucket=bucket46934, key=gdir1/dir5, dataSize=0, replicationConfig=null} | ret=FAILURE
org.apache.hadoop.ozone.om.exceptions.OMException: Unable to get file status: volume: volume38800 bucket: bucket46934 key: gdir1/dir5
	at org.apache.hadoop.ozone.om.KeyManagerImpl.getOzoneFileStatus(KeyManagerImpl.java:1301) ~[ozone-manager-1.4.0-SNAPSHOT.jar:?]
	at org.apache.hadoop.ozone.om.KeyManagerImpl.getFileStatus(KeyManagerImpl.java:1219) ~[ozone-manager-1.4.0-SNAPSHOT.jar:?]
	at org.apache.hadoop.ozone.om.OzoneManager.getFileStatus(OzoneManager.java:3498) ~[ozone-manager-1.4.0-SNAPSHOT.jar:?]
	at org.apache.hadoop.ozone.protocolPB.OzoneManagerRequestHandler.getOzoneFileStatus(OzoneManagerRequestHandler.java:913) ~[ozone-manager-1.4.0-SNAPSHOT.jar:?]
	at org.apache.hadoop.ozone.protocolPB.OzoneManagerRequestHandler.handleReadRequest(OzoneManagerRequestHandler.java:233) ~[ozone-manager-1.4.0-SNAPSHOT.jar:?]
	at org.apache.hadoop.ozone.protocolPB.OzoneManagerProtocolServerSideTranslatorPB.submitRequestDirectlyToOM(OzoneManagerProtocolServerSideTranslatorPB.java:276) ~[ozone-manager-1.4.0-SNAPSHOT.jar:?]
	at org.apache.hadoop.ozone.protocolPB.OzoneManagerProtocolServerSideTranslatorPB.processRequest(OzoneManagerProtocolServerSideTranslatorPB.java:205) ~[ozone-manager-1.4.0-SNAPSHOT.jar:?]
	at org.apache.hadoop.hdds.server.OzoneProtocolMessageDispatcher.processRequest(OzoneProtocolMessageDispatcher.java:87) [hdds-server-framework-1.4.0-SNAPSHOT.jar:?]
	at org.apache.hadoop.ozone.protocolPB.OzoneManagerProtocolServerSideTranslatorPB.submitRequest(OzoneManagerProtocolServerSideTranslatorPB.java:147) [ozone-manager-1.4.0-SNAPSHOT.jar:?]
	at org.apache.hadoop.ozone.protocol.proto.OzoneManagerProtocolProtos$OzoneManagerService$2.callBlockingMethod(OzoneManagerProtocolProtos.java) [ozone-interface-client-1.4.0-SNAPSHOT.jar:?]
	at org.apache.hadoop.ipc.ProtobufRpcEngine$Server.processCall(ProtobufRpcEngine.java:465) [hadoop-common-3.3.4.jar:?]
	at org.apache.hadoop.ipc.ProtobufRpcEngine2$Server$ProtoBufRpcInvoker.call(ProtobufRpcEngine2.java:578) [hadoop-common-3.3.4.jar:?]
	at org.apache.hadoop.ipc.ProtobufRpcEngine2$Server$ProtoBufRpcInvoker.call(ProtobufRpcEngine2.java:556) [hadoop-common-3.3.4.jar:?]
	at org.apache.hadoop.ipc.RPC$Server.call(RPC.java:1093) [hadoop-common-3.3.4.jar:?]
	at org.apache.hadoop.ipc.Server$RpcCall.run(Server.java:1043) [hadoop-common-3.3.4.jar:?]
	at org.apache.hadoop.ipc.Server$RpcCall.run(Server.java:971) [hadoop-common-3.3.4.jar:?]
	at java.security.AccessController.doPrivileged(Native Method) ~[?:1.8.0_352]
	at javax.security.auth.Subject.doAs(Subject.java:422) [?:1.8.0_352]
	at org.apache.hadoop.security.UserGroupInformation.doAs(UserGroupInformation.java:1878) [hadoop-common-3.3.4.jar:?]
	at org.apache.hadoop.ipc.Server$Handler.run(Server.java:2976) [hadoop-common-3.3.4.jar:?]
20:33:24.831 [IPC Server handler 7 on default port 35105] ERROR OMAudit - user=runner | ip=127.0.0.1 | op=GET_FILE_STATUS {volume=volume38800, bucket=bucket46934, key=gdir1/dir5/child, dataSize=0, replicationConfig=null} | ret=FAILURE
org.apache.hadoop.ozone.om.exceptions.OMException: Unable to get file status: volume: volume38800 bucket: bucket46934 key: gdir1/dir5/child
	at org.apache.hadoop.ozone.om.KeyManagerImpl.getOzoneFileStatus(KeyManagerImpl.java:1301) ~[ozone-manager-1.4.0-SNAPSHOT.jar:?]
	at org.apache.hadoop.ozone.om.KeyManagerImpl.getFileStatus(KeyManagerImpl.java:1219) ~[ozone-manager-1.4.0-SNAPSHOT.jar:?]
	at org.apache.hadoop.ozone.om.OzoneManager.getFileStatus(OzoneManager.java:3498) ~[ozone-manager-1.4.0-SNAPSHOT.jar:?]
	at org.apache.hadoop.ozone.protocolPB.OzoneManagerRequestHandler.getOzoneFileStatus(OzoneManagerRequestHandler.java:913) ~[ozone-manager-1.4.0-SNAPSHOT.jar:?]
	at org.apache.hadoop.ozone.protocolPB.OzoneManagerRequestHandler.handleReadRequest(OzoneManagerRequestHandler.java:233) ~[ozone-manager-1.4.0-SNAPSHOT.jar:?]
	at org.apache.hadoop.ozone.protocolPB.OzoneManagerProtocolServerSideTranslatorPB.submitRequestDirectlyToOM(OzoneManagerProtocolServerSideTranslatorPB.java:276) ~[ozone-manager-1.4.0-SNAPSHOT.jar:?]
	at org.apache.hadoop.ozone.protocolPB.OzoneManagerProtocolServerSideTranslatorPB.processRequest(OzoneManagerProtocolServerSideTranslatorPB.java:205) ~[ozone-manager-1.4.0-SNAPSHOT.jar:?]
	at org.apache.hadoop.hdds.server.OzoneProtocolMessageDispatcher.processRequest(OzoneProtocolMessageDispatcher.java:87) [hdds-server-framework-1.4.0-SNAPSHOT.jar:?]
	at org.apache.hadoop.ozone.protocolPB.OzoneManagerProtocolServerSideTranslatorPB.submitRequest(OzoneManagerProtocolServerSideTranslatorPB.java:147) [ozone-manager-1.4.0-SNAPSHOT.jar:?]
	at org.apache.hadoop.ozone.protocol.proto.OzoneManagerProtocolProtos$OzoneManagerService$2.callBlockingMethod(OzoneManagerProtocolProtos.java) [ozone-interface-client-1.4.0-SNAPSHOT.jar:?]
	at org.apache.hadoop.ipc.ProtobufRpcEngine$Server.processCall(ProtobufRpcEngine.java:465) [hadoop-common-3.3.4.jar:?]
	at org.apache.hadoop.ipc.ProtobufRpcEngine2$Server$ProtoBufRpcInvoker.call(ProtobufRpcEngine2.java:578) [hadoop-common-3.3.4.jar:?]
	at org.apache.hadoop.ipc.ProtobufRpcEngine2$Server$ProtoBufRpcInvoker.call(ProtobufRpcEngine2.java:556) [hadoop-common-3.3.4.jar:?]
	at org.apache.hadoop.ipc.RPC$Server.call(RPC.java:1093) [hadoop-common-3.3.4.jar:?]
	at org.apache.hadoop.ipc.Server$RpcCall.run(Server.java:1043) [hadoop-common-3.3.4.jar:?]
	at org.apache.hadoop.ipc.Server$RpcCall.run(Server.java:971) [hadoop-common-3.3.4.jar:?]
	at java.security.AccessController.doPrivileged(Native Method) ~[?:1.8.0_352]
	at javax.security.auth.Subject.doAs(Subject.java:422) [?:1.8.0_352]
	at org.apache.hadoop.security.UserGroupInformation.doAs(UserGroupInformation.java:1878) [hadoop-common-3.3.4.jar:?]
	at org.apache.hadoop.ipc.Server$Handler.run(Server.java:2976) [hadoop-common-3.3.4.jar:?]
20:33:24.831 [IPC Server handler 9 on default port 35105] ERROR OMAudit - user=runner | ip=127.0.0.1 | op=GET_FILE_STATUS {volume=volume38800, bucket=bucket46934, key=gdir1/dir6, dataSize=0, replicationConfig=null} | ret=FAILURE
org.apache.hadoop.ozone.om.exceptions.OMException: Unable to get file status: volume: volume38800 bucket: bucket46934 key: gdir1/dir6
	at org.apache.hadoop.ozone.om.KeyManagerImpl.getOzoneFileStatus(KeyManagerImpl.java:1301) ~[ozone-manager-1.4.0-SNAPSHOT.jar:?]
	at org.apache.hadoop.ozone.om.KeyManagerImpl.getFileStatus(KeyManagerImpl.java:1219) ~[ozone-manager-1.4.0-SNAPSHOT.jar:?]
	at org.apache.hadoop.ozone.om.OzoneManager.getFileStatus(OzoneManager.java:3498) ~[ozone-manager-1.4.0-SNAPSHOT.jar:?]
	at org.apache.hadoop.ozone.protocolPB.OzoneManagerRequestHandler.getOzoneFileStatus(OzoneManagerRequestHandler.java:913) ~[ozone-manager-1.4.0-SNAPSHOT.jar:?]
	at org.apache.hadoop.ozone.protocolPB.OzoneManagerRequestHandler.handleReadRequest(OzoneManagerRequestHandler.java:233) ~[ozone-manager-1.4.0-SNAPSHOT.jar:?]
	at org.apache.hadoop.ozone.protocolPB.OzoneManagerProtocolServerSideTranslatorPB.submitRequestDirectlyToOM(OzoneManagerProtocolServerSideTranslatorPB.java:276) ~[ozone-manager-1.4.0-SNAPSHOT.jar:?]
	at org.apache.hadoop.ozone.protocolPB.OzoneManagerProtocolServerSideTranslatorPB.processRequest(OzoneManagerProtocolServerSideTranslatorPB.java:205) ~[ozone-manager-1.4.0-SNAPSHOT.jar:?]
	at org.apache.hadoop.hdds.server.OzoneProtocolMessageDispatcher.processRequest(OzoneProtocolMessageDispatcher.java:87) [hdds-server-framework-1.4.0-SNAPSHOT.jar:?]
	at org.apache.hadoop.ozone.protocolPB.OzoneManagerProtocolServerSideTranslatorPB.submitRequest(OzoneManagerProtocolServerSideTranslatorPB.java:147) [ozone-manager-1.4.0-SNAPSHOT.jar:?]
	at org.apache.hadoop.ozone.protocol.proto.OzoneManagerProtocolProtos$OzoneManagerService$2.callBlockingMethod(OzoneManagerProtocolProtos.java) [ozone-interface-client-1.4.0-SNAPSHOT.jar:?]
	at org.apache.hadoop.ipc.ProtobufRpcEngine$Server.processCall(ProtobufRpcEngine.java:465) [hadoop-common-3.3.4.jar:?]
	at org.apache.hadoop.ipc.ProtobufRpcEngine2$Server$ProtoBufRpcInvoker.call(ProtobufRpcEngine2.java:578) [hadoop-common-3.3.4.jar:?]
	at org.apache.hadoop.ipc.ProtobufRpcEngine2$Server$ProtoBufRpcInvoker.call(ProtobufRpcEngine2.java:556) [hadoop-common-3.3.4.jar:?]
	at org.apache.hadoop.ipc.RPC$Server.call(RPC.java:1093) [hadoop-common-3.3.4.jar:?]
	at org.apache.hadoop.ipc.Server$RpcCall.run(Server.java:1043) [hadoop-common-3.3.4.jar:?]
	at org.apache.hadoop.ipc.Server$RpcCall.run(Server.java:971) [hadoop-common-3.3.4.jar:?]
	at java.security.AccessController.doPrivileged(Native Method) ~[?:1.8.0_352]
	at javax.security.auth.Subject.doAs(Subject.java:422) [?:1.8.0_352]
	at org.apache.hadoop.security.UserGroupInformation.doAs(UserGroupInformation.java:1878) [hadoop-common-3.3.4.jar:?]
	at org.apache.hadoop.ipc.Server$Handler.run(Server.java:2976) [hadoop-common-3.3.4.jar:?]
20:33:24.832 [IPC Server handler 10 on default port 35105] ERROR OMAudit - user=runner | ip=127.0.0.1 | op=GET_FILE_STATUS {volume=volume38800, bucket=bucket46934, key=gdir1/dir6/child, dataSize=0, replicationConfig=null} | ret=FAILURE
org.apache.hadoop.ozone.om.exceptions.OMException: Unable to get file status: volume: volume38800 bucket: bucket46934 key: gdir1/dir6/child
	at org.apache.hadoop.ozone.om.KeyManagerImpl.getOzoneFileStatus(KeyManagerImpl.java:1301) ~[ozone-manager-1.4.0-SNAPSHOT.jar:?]
	at org.apache.hadoop.ozone.om.KeyManagerImpl.getFileStatus(KeyManagerImpl.java:1219) ~[ozone-manager-1.4.0-SNAPSHOT.jar:?]
	at org.apache.hadoop.ozone.om.OzoneManager.getFileStatus(OzoneManager.java:3498) ~[ozone-manager-1.4.0-SNAPSHOT.jar:?]
	at org.apache.hadoop.ozone.protocolPB.OzoneManagerRequestHandler.getOzoneFileStatus(OzoneManagerRequestHandler.java:913) ~[ozone-manager-1.4.0-SNAPSHOT.jar:?]
	at org.apache.hadoop.ozone.protocolPB.OzoneManagerRequestHandler.handleReadRequest(OzoneManagerRequestHandler.java:233) ~[ozone-manager-1.4.0-SNAPSHOT.jar:?]
	at org.apache.hadoop.ozone.protocolPB.OzoneManagerProtocolServerSideTranslatorPB.submitRequestDirectlyToOM(OzoneManagerProtocolServerSideTranslatorPB.java:276) ~[ozone-manager-1.4.0-SNAPSHOT.jar:?]
	at org.apache.hadoop.ozone.protocolPB.OzoneManagerProtocolServerSideTranslatorPB.processRequest(OzoneManagerProtocolServerSideTranslatorPB.java:205) ~[ozone-manager-1.4.0-SNAPSHOT.jar:?]
	at org.apache.hadoop.hdds.server.OzoneProtocolMessageDispatcher.processRequest(OzoneProtocolMessageDispatcher.java:87) [hdds-server-framework-1.4.0-SNAPSHOT.jar:?]
	at org.apache.hadoop.ozone.protocolPB.OzoneManagerProtocolServerSideTranslatorPB.submitRequest(OzoneManagerProtocolServerSideTranslatorPB.java:147) [ozone-manager-1.4.0-SNAPSHOT.jar:?]
	at org.apache.hadoop.ozone.protocol.proto.OzoneManagerProtocolProtos$OzoneManagerService$2.callBlockingMethod(OzoneManagerProtocolProtos.java) [ozone-interface-client-1.4.0-SNAPSHOT.jar:?]
	at org.apache.hadoop.ipc.ProtobufRpcEngine$Server.processCall(ProtobufRpcEngine.java:465) [hadoop-common-3.3.4.jar:?]
	at org.apache.hadoop.ipc.ProtobufRpcEngine2$Server$ProtoBufRpcInvoker.call(ProtobufRpcEngine2.java:578) [hadoop-common-3.3.4.jar:?]
	at org.apache.hadoop.ipc.ProtobufRpcEngine2$Server$ProtoBufRpcInvoker.call(ProtobufRpcEngine2.java:556) [hadoop-common-3.3.4.jar:?]
	at org.apache.hadoop.ipc.RPC$Server.call(RPC.java:1093) [hadoop-common-3.3.4.jar:?]
	at org.apache.hadoop.ipc.Server$RpcCall.run(Server.java:1043) [hadoop-common-3.3.4.jar:?]
	at org.apache.hadoop.ipc.Server$RpcCall.run(Server.java:971) [hadoop-common-3.3.4.jar:?]
	at java.security.AccessController.doPrivileged(Native Method) ~[?:1.8.0_352]
	at javax.security.auth.Subject.doAs(Subject.java:422) [?:1.8.0_352]
	at org.apache.hadoop.security.UserGroupInformation.doAs(UserGroupInformation.java:1878) [hadoop-common-3.3.4.jar:?]
	at org.apache.hadoop.ipc.Server$Handler.run(Server.java:2976) [hadoop-common-3.3.4.jar:?]
20:33:24.832 [IPC Server handler 11 on default port 35105] ERROR OMAudit - user=runner | ip=127.0.0.1 | op=GET_FILE_STATUS {volume=volume38800, bucket=bucket46934, key=gdir1/dir7, dataSize=0, replicationConfig=null} | ret=FAILURE
org.apache.hadoop.ozone.om.exceptions.OMException: Unable to get file status: volume: volume38800 bucket: bucket46934 key: gdir1/dir7
	at org.apache.hadoop.ozone.om.KeyManagerImpl.getOzoneFileStatus(KeyManagerImpl.java:1301) ~[ozone-manager-1.4.0-SNAPSHOT.jar:?]
	at org.apache.hadoop.ozone.om.KeyManagerImpl.getFileStatus(KeyManagerImpl.java:1219) ~[ozone-manager-1.4.0-SNAPSHOT.jar:?]
	at org.apache.hadoop.ozone.om.OzoneManager.getFileStatus(OzoneManager.java:3498) ~[ozone-manager-1.4.0-SNAPSHOT.jar:?]
	at org.apache.hadoop.ozone.protocolPB.OzoneManagerRequestHandler.getOzoneFileStatus(OzoneManagerRequestHandler.java:913) ~[ozone-manager-1.4.0-SNAPSHOT.jar:?]
	at org.apache.hadoop.ozone.protocolPB.OzoneManagerRequestHandler.handleReadRequest(OzoneManagerRequestHandler.java:233) ~[ozone-manager-1.4.0-SNAPSHOT.jar:?]
	at org.apache.hadoop.ozone.protocolPB.OzoneManagerProtocolServerSideTranslatorPB.submitRequestDirectlyToOM(OzoneManagerProtocolServerSideTranslatorPB.java:276) ~[ozone-manager-1.4.0-SNAPSHOT.jar:?]
	at org.apache.hadoop.ozone.protocolPB.OzoneManagerProtocolServerSideTranslatorPB.processRequest(OzoneManagerProtocolServerSideTranslatorPB.java:205) ~[ozone-manager-1.4.0-SNAPSHOT.jar:?]
	at org.apache.hadoop.hdds.server.OzoneProtocolMessageDispatcher.processRequest(OzoneProtocolMessageDispatcher.java:87) [hdds-server-framework-1.4.0-SNAPSHOT.jar:?]
	at org.apache.hadoop.ozone.protocolPB.OzoneManagerProtocolServerSideTranslatorPB.submitRequest(OzoneManagerProtocolServerSideTranslatorPB.java:147) [ozone-manager-1.4.0-SNAPSHOT.jar:?]
	at org.apache.hadoop.ozone.protocol.proto.OzoneManagerProtocolProtos$OzoneManagerService$2.callBlockingMethod(OzoneManagerProtocolProtos.java) [ozone-interface-client-1.4.0-SNAPSHOT.jar:?]
	at org.apache.hadoop.ipc.ProtobufRpcEngine$Server.processCall(ProtobufRpcEngine.java:465) [hadoop-common-3.3.4.jar:?]
	at org.apache.hadoop.ipc.ProtobufRpcEngine2$Server$ProtoBufRpcInvoker.call(ProtobufRpcEngine2.java:578) [hadoop-common-3.3.4.jar:?]
	at org.apache.hadoop.ipc.ProtobufRpcEngine2$Server$ProtoBufRpcInvoker.call(ProtobufRpcEngine2.java:556) [hadoop-common-3.3.4.jar:?]
	at org.apache.hadoop.ipc.RPC$Server.call(RPC.java:1093) [hadoop-common-3.3.4.jar:?]
	at org.apache.hadoop.ipc.Server$RpcCall.run(Server.java:1043) [hadoop-common-3.3.4.jar:?]
	at org.apache.hadoop.ipc.Server$RpcCall.run(Server.java:971) [hadoop-common-3.3.4.jar:?]
	at java.security.AccessController.doPrivileged(Native Method) ~[?:1.8.0_352]
	at javax.security.auth.Subject.doAs(Subject.java:422) [?:1.8.0_352]
	at org.apache.hadoop.security.UserGroupInformation.doAs(UserGroupInformation.java:1878) [hadoop-common-3.3.4.jar:?]
	at org.apache.hadoop.ipc.Server$Handler.run(Server.java:2976) [hadoop-common-3.3.4.jar:?]
20:33:24.833 [IPC Server handler 15 on default port 35105] ERROR OMAudit - user=runner | ip=127.0.0.1 | op=GET_FILE_STATUS {volume=volume38800, bucket=bucket46934, key=gdir1/dir7/child, dataSize=0, replicationConfig=null} | ret=FAILURE
org.apache.hadoop.ozone.om.exceptions.OMException: Unable to get file status: volume: volume38800 bucket: bucket46934 key: gdir1/dir7/child
	at org.apache.hadoop.ozone.om.KeyManagerImpl.getOzoneFileStatus(KeyManagerImpl.java:1301) ~[ozone-manager-1.4.0-SNAPSHOT.jar:?]
	at org.apache.hadoop.ozone.om.KeyManagerImpl.getFileStatus(KeyManagerImpl.java:1219) ~[ozone-manager-1.4.0-SNAPSHOT.jar:?]
	at org.apache.hadoop.ozone.om.OzoneManager.getFileStatus(OzoneManager.java:3498) ~[ozone-manager-1.4.0-SNAPSHOT.jar:?]
	at org.apache.hadoop.ozone.protocolPB.OzoneManagerRequestHandler.getOzoneFileStatus(OzoneManagerRequestHandler.java:913) ~[ozone-manager-1.4.0-SNAPSHOT.jar:?]
	at org.apache.hadoop.ozone.protocolPB.OzoneManagerRequestHandler.handleReadRequest(OzoneManagerRequestHandler.java:233) ~[ozone-manager-1.4.0-SNAPSHOT.jar:?]
	at org.apache.hadoop.ozone.protocolPB.OzoneManagerProtocolServerSideTranslatorPB.submitRequestDirectlyToOM(OzoneManagerProtocolServerSideTranslatorPB.java:276) ~[ozone-manager-1.4.0-SNAPSHOT.jar:?]
	at org.apache.hadoop.ozone.protocolPB.OzoneManagerProtocolServerSideTranslatorPB.processRequest(OzoneManagerProtocolServerSideTranslatorPB.java:205) ~[ozone-manager-1.4.0-SNAPSHOT.jar:?]
	at org.apache.hadoop.hdds.server.OzoneProtocolMessageDispatcher.processRequest(OzoneProtocolMessageDispatcher.java:87) [hdds-server-framework-1.4.0-SNAPSHOT.jar:?]
	at org.apache.hadoop.ozone.protocolPB.OzoneManagerProtocolServerSideTranslatorPB.submitRequest(OzoneManagerProtocolServerSideTranslatorPB.java:147) [ozone-manager-1.4.0-SNAPSHOT.jar:?]
	at org.apache.hadoop.ozone.protocol.proto.OzoneManagerProtocolProtos$OzoneManagerService$2.callBlockingMethod(OzoneManagerProtocolProtos.java) [ozone-interface-client-1.4.0-SNAPSHOT.jar:?]
	at org.apache.hadoop.ipc.ProtobufRpcEngine$Server.processCall(ProtobufRpcEngine.java:465) [hadoop-common-3.3.4.jar:?]
	at org.apache.hadoop.ipc.ProtobufRpcEngine2$Server$ProtoBufRpcInvoker.call(ProtobufRpcEngine2.java:578) [hadoop-common-3.3.4.jar:?]
	at org.apache.hadoop.ipc.ProtobufRpcEngine2$Server$ProtoBufRpcInvoker.call(ProtobufRpcEngine2.java:556) [hadoop-common-3.3.4.jar:?]
	at org.apache.hadoop.ipc.RPC$Server.call(RPC.java:1093) [hadoop-common-3.3.4.jar:?]
	at org.apache.hadoop.ipc.Server$RpcCall.run(Server.java:1043) [hadoop-common-3.3.4.jar:?]
	at org.apache.hadoop.ipc.Server$RpcCall.run(Server.java:971) [hadoop-common-3.3.4.jar:?]
	at java.security.AccessController.doPrivileged(Native Method) ~[?:1.8.0_352]
	at javax.security.auth.Subject.doAs(Subject.java:422) [?:1.8.0_352]
	at org.apache.hadoop.security.UserGroupInformation.doAs(UserGroupInformation.java:1878) [hadoop-common-3.3.4.jar:?]
	at org.apache.hadoop.ipc.Server$Handler.run(Server.java:2976) [hadoop-common-3.3.4.jar:?]
20:33:24.835 [IPC Server handler 13 on default port 35105] ERROR OMAudit - user=runner | ip=127.0.0.1 | op=GET_FILE_STATUS {volume=volume38800, bucket=bucket46934, key=gdir1/dir8, dataSize=0, replicationConfig=null} | ret=FAILURE
org.apache.hadoop.ozone.om.exceptions.OMException: Unable to get file status: volume: volume38800 bucket: bucket46934 key: gdir1/dir8
	at org.apache.hadoop.ozone.om.KeyManagerImpl.getOzoneFileStatus(KeyManagerImpl.java:1301) ~[ozone-manager-1.4.0-SNAPSHOT.jar:?]
	at org.apache.hadoop.ozone.om.KeyManagerImpl.getFileStatus(KeyManagerImpl.java:1219) ~[ozone-manager-1.4.0-SNAPSHOT.jar:?]
	at org.apache.hadoop.ozone.om.OzoneManager.getFileStatus(OzoneManager.java:3498) ~[ozone-manager-1.4.0-SNAPSHOT.jar:?]
	at org.apache.hadoop.ozone.protocolPB.OzoneManagerRequestHandler.getOzoneFileStatus(OzoneManagerRequestHandler.java:913) ~[ozone-manager-1.4.0-SNAPSHOT.jar:?]
	at org.apache.hadoop.ozone.protocolPB.OzoneManagerRequestHandler.handleReadRequest(OzoneManagerRequestHandler.java:233) ~[ozone-manager-1.4.0-SNAPSHOT.jar:?]
	at org.apache.hadoop.ozone.protocolPB.OzoneManagerProtocolServerSideTranslatorPB.submitRequestDirectlyToOM(OzoneManagerProtocolServerSideTranslatorPB.java:276) ~[ozone-manager-1.4.0-SNAPSHOT.jar:?]
	at org.apache.hadoop.ozone.protocolPB.OzoneManagerProtocolServerSideTranslatorPB.processRequest(OzoneManagerProtocolServerSideTranslatorPB.java:205) ~[ozone-manager-1.4.0-SNAPSHOT.jar:?]
	at org.apache.hadoop.hdds.server.OzoneProtocolMessageDispatcher.processRequest(OzoneProtocolMessageDispatcher.java:87) [hdds-server-framework-1.4.0-SNAPSHOT.jar:?]
	at org.apache.hadoop.ozone.protocolPB.OzoneManagerProtocolServerSideTranslatorPB.submitRequest(OzoneManagerProtocolServerSideTranslatorPB.java:147) [ozone-manager-1.4.0-SNAPSHOT.jar:?]
	at org.apache.hadoop.ozone.protocol.proto.OzoneManagerProtocolProtos$OzoneManagerService$2.callBlockingMethod(OzoneManagerProtocolProtos.java) [ozone-interface-client-1.4.0-SNAPSHOT.jar:?]
	at org.apache.hadoop.ipc.ProtobufRpcEngine$Server.processCall(ProtobufRpcEngine.java:465) [hadoop-common-3.3.4.jar:?]
	at org.apache.hadoop.ipc.ProtobufRpcEngine2$Server$ProtoBufRpcInvoker.call(ProtobufRpcEngine2.java:578) [hadoop-common-3.3.4.jar:?]
	at org.apache.hadoop.ipc.ProtobufRpcEngine2$Server$ProtoBufRpcInvoker.call(ProtobufRpcEngine2.java:556) [hadoop-common-3.3.4.jar:?]
	at org.apache.hadoop.ipc.RPC$Server.call(RPC.java:1093) [hadoop-common-3.3.4.jar:?]
	at org.apache.hadoop.ipc.Server$RpcCall.run(Server.java:1043) [hadoop-common-3.3.4.jar:?]
	at org.apache.hadoop.ipc.Server$RpcCall.run(Server.java:971) [hadoop-common-3.3.4.jar:?]
	at java.security.AccessController.doPrivileged(Native Method) ~[?:1.8.0_352]
	at javax.security.auth.Subject.doAs(Subject.java:422) [?:1.8.0_352]
	at org.apache.hadoop.security.UserGroupInformation.doAs(UserGroupInformation.java:1878) [hadoop-common-3.3.4.jar:?]
	at org.apache.hadoop.ipc.Server$Handler.run(Server.java:2976) [hadoop-common-3.3.4.jar:?]
20:33:24.835 [IPC Server handler 14 on default port 35105] ERROR OMAudit - user=runner | ip=127.0.0.1 | op=GET_FILE_STATUS {volume=volume38800, bucket=bucket46934, key=gdir1/dir8/child, dataSize=0, replicationConfig=null} | ret=FAILURE
org.apache.hadoop.ozone.om.exceptions.OMException: Unable to get file status: volume: volume38800 bucket: bucket46934 key: gdir1/dir8/child
	at org.apache.hadoop.ozone.om.KeyManagerImpl.getOzoneFileStatus(KeyManagerImpl.java:1301) ~[ozone-manager-1.4.0-SNAPSHOT.jar:?]
	at org.apache.hadoop.ozone.om.KeyManagerImpl.getFileStatus(KeyManagerImpl.java:1219) ~[ozone-manager-1.4.0-SNAPSHOT.jar:?]
	at org.apache.hadoop.ozone.om.OzoneManager.getFileStatus(OzoneManager.java:3498) ~[ozone-manager-1.4.0-SNAPSHOT.jar:?]
	at org.apache.hadoop.ozone.protocolPB.OzoneManagerRequestHandler.getOzoneFileStatus(OzoneManagerRequestHandler.java:913) ~[ozone-manager-1.4.0-SNAPSHOT.jar:?]
	at org.apache.hadoop.ozone.protocolPB.OzoneManagerRequestHandler.handleReadRequest(OzoneManagerRequestHandler.java:233) ~[ozone-manager-1.4.0-SNAPSHOT.jar:?]
	at org.apache.hadoop.ozone.protocolPB.OzoneManagerProtocolServerSideTranslatorPB.submitRequestDirectlyToOM(OzoneManagerProtocolServerSideTranslatorPB.java:276) ~[ozone-manager-1.4.0-SNAPSHOT.jar:?]
	at org.apache.hadoop.ozone.protocolPB.OzoneManagerProtocolServerSideTranslatorPB.processRequest(OzoneManagerProtocolServerSideTranslatorPB.java:205) ~[ozone-manager-1.4.0-SNAPSHOT.jar:?]
	at org.apache.hadoop.hdds.server.OzoneProtocolMessageDispatcher.processRequest(OzoneProtocolMessageDispatcher.java:87) [hdds-server-framework-1.4.0-SNAPSHOT.jar:?]
	at org.apache.hadoop.ozone.protocolPB.OzoneManagerProtocolServerSideTranslatorPB.submitRequest(OzoneManagerProtocolServerSideTranslatorPB.java:147) [ozone-manager-1.4.0-SNAPSHOT.jar:?]
	at org.apache.hadoop.ozone.protocol.proto.OzoneManagerProtocolProtos$OzoneManagerService$2.callBlockingMethod(OzoneManagerProtocolProtos.java) [ozone-interface-client-1.4.0-SNAPSHOT.jar:?]
	at org.apache.hadoop.ipc.ProtobufRpcEngine$Server.processCall(ProtobufRpcEngine.java:465) [hadoop-common-3.3.4.jar:?]
	at org.apache.hadoop.ipc.ProtobufRpcEngine2$Server$ProtoBufRpcInvoker.call(ProtobufRpcEngine2.java:578) [hadoop-common-3.3.4.jar:?]
	at org.apache.hadoop.ipc.ProtobufRpcEngine2$Server$ProtoBufRpcInvoker.call(ProtobufRpcEngine2.java:556) [hadoop-common-3.3.4.jar:?]
	at org.apache.hadoop.ipc.RPC$Server.call(RPC.java:1093) [hadoop-common-3.3.4.jar:?]
	at org.apache.hadoop.ipc.Server$RpcCall.run(Server.java:1043) [hadoop-common-3.3.4.jar:?]
	at org.apache.hadoop.ipc.Server$RpcCall.run(Server.java:971) [hadoop-common-3.3.4.jar:?]
	at java.security.AccessController.doPrivileged(Native Method) ~[?:1.8.0_352]
	at javax.security.auth.Subject.doAs(Subject.java:422) [?:1.8.0_352]
	at org.apache.hadoop.security.UserGroupInformation.doAs(UserGroupInformation.java:1878) [hadoop-common-3.3.4.jar:?]
	at org.apache.hadoop.ipc.Server$Handler.run(Server.java:2976) [hadoop-common-3.3.4.jar:?]
20:33:24.836 [IPC Server handler 16 on default port 35105] ERROR OMAudit - user=runner | ip=127.0.0.1 | op=GET_FILE_STATUS {volume=volume38800, bucket=bucket46934, key=gdir1/dir9, dataSize=0, replicationConfig=null} | ret=FAILURE
org.apache.hadoop.ozone.om.exceptions.OMException: Unable to get file status: volume: volume38800 bucket: bucket46934 key: gdir1/dir9
	at org.apache.hadoop.ozone.om.KeyManagerImpl.getOzoneFileStatus(KeyManagerImpl.java:1301) ~[ozone-manager-1.4.0-SNAPSHOT.jar:?]
	at org.apache.hadoop.ozone.om.KeyManagerImpl.getFileStatus(KeyManagerImpl.java:1219) ~[ozone-manager-1.4.0-SNAPSHOT.jar:?]
	at org.apache.hadoop.ozone.om.OzoneManager.getFileStatus(OzoneManager.java:3498) ~[ozone-manager-1.4.0-SNAPSHOT.jar:?]
	at org.apache.hadoop.ozone.protocolPB.OzoneManagerRequestHandler.getOzoneFileStatus(OzoneManagerRequestHandler.java:913) ~[ozone-manager-1.4.0-SNAPSHOT.jar:?]
	at org.apache.hadoop.ozone.protocolPB.OzoneManagerRequestHandler.handleReadRequest(OzoneManagerRequestHandler.java:233) ~[ozone-manager-1.4.0-SNAPSHOT.jar:?]
	at org.apache.hadoop.ozone.protocolPB.OzoneManagerProtocolServerSideTranslatorPB.submitRequestDirectlyToOM(OzoneManagerProtocolServerSideTranslatorPB.java:276) ~[ozone-manager-1.4.0-SNAPSHOT.jar:?]
	at org.apache.hadoop.ozone.protocolPB.OzoneManagerProtocolServerSideTranslatorPB.processRequest(OzoneManagerProtocolServerSideTranslatorPB.java:205) ~[ozone-manager-1.4.0-SNAPSHOT.jar:?]
	at org.apache.hadoop.hdds.server.OzoneProtocolMessageDispatcher.processRequest(OzoneProtocolMessageDispatcher.java:87) [hdds-server-framework-1.4.0-SNAPSHOT.jar:?]
	at org.apache.hadoop.ozone.protocolPB.OzoneManagerProtocolServerSideTranslatorPB.submitRequest(OzoneManagerProtocolServerSideTranslatorPB.java:147) [ozone-manager-1.4.0-SNAPSHOT.jar:?]
	at org.apache.hadoop.ozone.protocol.proto.OzoneManagerProtocolProtos$OzoneManagerService$2.callBlockingMethod(OzoneManagerProtocolProtos.java) [ozone-interface-client-1.4.0-SNAPSHOT.jar:?]
	at org.apache.hadoop.ipc.ProtobufRpcEngine$Server.processCall(ProtobufRpcEngine.java:465) [hadoop-common-3.3.4.jar:?]
	at org.apache.hadoop.ipc.ProtobufRpcEngine2$Server$ProtoBufRpcInvoker.call(ProtobufRpcEngine2.java:578) [hadoop-common-3.3.4.jar:?]
	at org.apache.hadoop.ipc.ProtobufRpcEngine2$Server$ProtoBufRpcInvoker.call(ProtobufRpcEngine2.java:556) [hadoop-common-3.3.4.jar:?]
	at org.apache.hadoop.ipc.RPC$Server.call(RPC.java:1093) [hadoop-common-3.3.4.jar:?]
	at org.apache.hadoop.ipc.Server$RpcCall.run(Server.java:1043) [hadoop-common-3.3.4.jar:?]
	at org.apache.hadoop.ipc.Server$RpcCall.run(Server.java:971) [hadoop-common-3.3.4.jar:?]
	at java.security.AccessController.doPrivileged(Native Method) ~[?:1.8.0_352]
	at javax.security.auth.Subject.doAs(Subject.java:422) [?:1.8.0_352]
	at org.apache.hadoop.security.UserGroupInformation.doAs(UserGroupInformation.java:1878) [hadoop-common-3.3.4.jar:?]
	at org.apache.hadoop.ipc.Server$Handler.run(Server.java:2976) [hadoop-common-3.3.4.jar:?]
20:33:24.836 [IPC Server handler 17 on default port 35105] ERROR OMAudit - user=runner | ip=127.0.0.1 | op=GET_FILE_STATUS {volume=volume38800, bucket=bucket46934, key=gdir1/dir9/child, dataSize=0, replicationConfig=null} | ret=FAILURE
org.apache.hadoop.ozone.om.exceptions.OMException: Unable to get file status: volume: volume38800 bucket: bucket46934 key: gdir1/dir9/child
	at org.apache.hadoop.ozone.om.KeyManagerImpl.getOzoneFileStatus(KeyManagerImpl.java:1301) ~[ozone-manager-1.4.0-SNAPSHOT.jar:?]
	at org.apache.hadoop.ozone.om.KeyManagerImpl.getFileStatus(KeyManagerImpl.java:1219) ~[ozone-manager-1.4.0-SNAPSHOT.jar:?]
	at org.apache.hadoop.ozone.om.OzoneManager.getFileStatus(OzoneManager.java:3498) ~[ozone-manager-1.4.0-SNAPSHOT.jar:?]
	at org.apache.hadoop.ozone.protocolPB.OzoneManagerRequestHandler.getOzoneFileStatus(OzoneManagerRequestHandler.java:913) ~[ozone-manager-1.4.0-SNAPSHOT.jar:?]
	at org.apache.hadoop.ozone.protocolPB.OzoneManagerRequestHandler.handleReadRequest(OzoneManagerRequestHandler.java:233) ~[ozone-manager-1.4.0-SNAPSHOT.jar:?]
	at org.apache.hadoop.ozone.protocolPB.OzoneManagerProtocolServerSideTranslatorPB.submitRequestDirectlyToOM(OzoneManagerProtocolServerSideTranslatorPB.java:276) ~[ozone-manager-1.4.0-SNAPSHOT.jar:?]
	at org.apache.hadoop.ozone.protocolPB.OzoneManagerProtocolServerSideTranslatorPB.processRequest(OzoneManagerProtocolServerSideTranslatorPB.java:205) ~[ozone-manager-1.4.0-SNAPSHOT.jar:?]
	at org.apache.hadoop.hdds.server.OzoneProtocolMessageDispatcher.processRequest(OzoneProtocolMessageDispatcher.java:87) [hdds-server-framework-1.4.0-SNAPSHOT.jar:?]
	at org.apache.hadoop.ozone.protocolPB.OzoneManagerProtocolServerSideTranslatorPB.submitRequest(OzoneManagerProtocolServerSideTranslatorPB.java:147) [ozone-manager-1.4.0-SNAPSHOT.jar:?]
	at org.apache.hadoop.ozone.protocol.proto.OzoneManagerProtocolProtos$OzoneManagerService$2.callBlockingMethod(OzoneManagerProtocolProtos.java) [ozone-interface-client-1.4.0-SNAPSHOT.jar:?]
	at org.apache.hadoop.ipc.ProtobufRpcEngine$Server.processCall(ProtobufRpcEngine.java:465) [hadoop-common-3.3.4.jar:?]
	at org.apache.hadoop.ipc.ProtobufRpcEngine2$Server$ProtoBufRpcInvoker.call(ProtobufRpcEngine2.java:578) [hadoop-common-3.3.4.jar:?]
	at org.apache.hadoop.ipc.ProtobufRpcEngine2$Server$ProtoBufRpcInvoker.call(ProtobufRpcEngine2.java:556) [hadoop-common-3.3.4.jar:?]
	at org.apache.hadoop.ipc.RPC$Server.call(RPC.java:1093) [hadoop-common-3.3.4.jar:?]
	at org.apache.hadoop.ipc.Server$RpcCall.run(Server.java:1043) [hadoop-common-3.3.4.jar:?]
	at org.apache.hadoop.ipc.Server$RpcCall.run(Server.java:971) [hadoop-common-3.3.4.jar:?]
	at java.security.AccessController.doPrivileged(Native Method) ~[?:1.8.0_352]
	at javax.security.auth.Subject.doAs(Subject.java:422) [?:1.8.0_352]
	at org.apache.hadoop.security.UserGroupInformation.doAs(UserGroupInformation.java:1878) [hadoop-common-3.3.4.jar:?]
	at org.apache.hadoop.ipc.Server$Handler.run(Server.java:2976) [hadoop-common-3.3.4.jar:?]
20:33:24.837 [IPC Server handler 18 on default port 35105] ERROR OMAudit - user=runner | ip=127.0.0.1 | op=GET_FILE_STATUS {volume=volume38800, bucket=bucket46934, key=gdir1/dir10, dataSize=0, replicationConfig=null} | ret=FAILURE
org.apache.hadoop.ozone.om.exceptions.OMException: Unable to get file status: volume: volume38800 bucket: bucket46934 key: gdir1/dir10
	at org.apache.hadoop.ozone.om.KeyManagerImpl.getOzoneFileStatus(KeyManagerImpl.java:1301) ~[ozone-manager-1.4.0-SNAPSHOT.jar:?]
	at org.apache.hadoop.ozone.om.KeyManagerImpl.getFileStatus(KeyManagerImpl.java:1219) ~[ozone-manager-1.4.0-SNAPSHOT.jar:?]
	at org.apache.hadoop.ozone.om.OzoneManager.getFileStatus(OzoneManager.java:3498) ~[ozone-manager-1.4.0-SNAPSHOT.jar:?]
	at org.apache.hadoop.ozone.protocolPB.OzoneManagerRequestHandler.getOzoneFileStatus(OzoneManagerRequestHandler.java:913) ~[ozone-manager-1.4.0-SNAPSHOT.jar:?]
	at org.apache.hadoop.ozone.protocolPB.OzoneManagerRequestHandler.handleReadRequest(OzoneManagerRequestHandler.java:233) ~[ozone-manager-1.4.0-SNAPSHOT.jar:?]
	at org.apache.hadoop.ozone.protocolPB.OzoneManagerProtocolServerSideTranslatorPB.submitRequestDirectlyToOM(OzoneManagerProtocolServerSideTranslatorPB.java:276) ~[ozone-manager-1.4.0-SNAPSHOT.jar:?]
	at org.apache.hadoop.ozone.protocolPB.OzoneManagerProtocolServerSideTranslatorPB.processRequest(OzoneManagerProtocolServerSideTranslatorPB.java:205) ~[ozone-manager-1.4.0-SNAPSHOT.jar:?]
	at org.apache.hadoop.hdds.server.OzoneProtocolMessageDispatcher.processRequest(OzoneProtocolMessageDispatcher.java:87) [hdds-server-framework-1.4.0-SNAPSHOT.jar:?]
	at org.apache.hadoop.ozone.protocolPB.OzoneManagerProtocolServerSideTranslatorPB.submitRequest(OzoneManagerProtocolServerSideTranslatorPB.java:147) [ozone-manager-1.4.0-SNAPSHOT.jar:?]
	at org.apache.hadoop.ozone.protocol.proto.OzoneManagerProtocolProtos$OzoneManagerService$2.callBlockingMethod(OzoneManagerProtocolProtos.java) [ozone-interface-client-1.4.0-SNAPSHOT.jar:?]
	at org.apache.hadoop.ipc.ProtobufRpcEngine$Server.processCall(ProtobufRpcEngine.java:465) [hadoop-common-3.3.4.jar:?]
	at org.apache.hadoop.ipc.ProtobufRpcEngine2$Server$ProtoBufRpcInvoker.call(ProtobufRpcEngine2.java:578) [hadoop-common-3.3.4.jar:?]
	at org.apache.hadoop.ipc.ProtobufRpcEngine2$Server$ProtoBufRpcInvoker.call(ProtobufRpcEngine2.java:556) [hadoop-common-3.3.4.jar:?]
	at org.apache.hadoop.ipc.RPC$Server.call(RPC.java:1093) [hadoop-common-3.3.4.jar:?]
	at org.apache.hadoop.ipc.Server$RpcCall.run(Server.java:1043) [hadoop-common-3.3.4.jar:?]
	at org.apache.hadoop.ipc.Server$RpcCall.run(Server.java:971) [hadoop-common-3.3.4.jar:?]
	at java.security.AccessController.doPrivileged(Native Method) ~[?:1.8.0_352]
	at javax.security.auth.Subject.doAs(Subject.java:422) [?:1.8.0_352]
	at org.apache.hadoop.security.UserGroupInformation.doAs(UserGroupInformation.java:1878) [hadoop-common-3.3.4.jar:?]
	at org.apache.hadoop.ipc.Server$Handler.run(Server.java:2976) [hadoop-common-3.3.4.jar:?]
20:33:24.837 [IPC Server handler 19 on default port 35105] ERROR OMAudit - user=runner | ip=127.0.0.1 | op=GET_FILE_STATUS {volume=volume38800, bucket=bucket46934, key=gdir1/dir10/child, dataSize=0, replicationConfig=null} | ret=FAILURE
org.apache.hadoop.ozone.om.exceptions.OMException: Unable to get file status: volume: volume38800 bucket: bucket46934 key: gdir1/dir10/child
	at org.apache.hadoop.ozone.om.KeyManagerImpl.getOzoneFileStatus(KeyManagerImpl.java:1301) ~[ozone-manager-1.4.0-SNAPSHOT.jar:?]
	at org.apache.hadoop.ozone.om.KeyManagerImpl.getFileStatus(KeyManagerImpl.java:1219) ~[ozone-manager-1.4.0-SNAPSHOT.jar:?]
	at org.apache.hadoop.ozone.om.OzoneManager.getFileStatus(OzoneManager.java:3498) ~[ozone-manager-1.4.0-SNAPSHOT.jar:?]
	at org.apache.hadoop.ozone.protocolPB.OzoneManagerRequestHandler.getOzoneFileStatus(OzoneManagerRequestHandler.java:913) ~[ozone-manager-1.4.0-SNAPSHOT.jar:?]
	at org.apache.hadoop.ozone.protocolPB.OzoneManagerRequestHandler.handleReadRequest(OzoneManagerRequestHandler.java:233) ~[ozone-manager-1.4.0-SNAPSHOT.jar:?]
	at org.apache.hadoop.ozone.protocolPB.OzoneManagerProtocolServerSideTranslatorPB.submitRequestDirectlyToOM(OzoneManagerProtocolServerSideTranslatorPB.java:276) ~[ozone-manager-1.4.0-SNAPSHOT.jar:?]
	at org.apache.hadoop.ozone.protocolPB.OzoneManagerProtocolServerSideTranslatorPB.processRequest(OzoneManagerProtocolServerSideTranslatorPB.java:205) ~[ozone-manager-1.4.0-SNAPSHOT.jar:?]
	at org.apache.hadoop.hdds.server.OzoneProtocolMessageDispatcher.processRequest(OzoneProtocolMessageDispatcher.java:87) [hdds-server-framework-1.4.0-SNAPSHOT.jar:?]
	at org.apache.hadoop.ozone.protocolPB.OzoneManagerProtocolServerSideTranslatorPB.submitRequest(OzoneManagerProtocolServerSideTranslatorPB.java:147) [ozone-manager-1.4.0-SNAPSHOT.jar:?]
	at org.apache.hadoop.ozone.protocol.proto.OzoneManagerProtocolProtos$OzoneManagerService$2.callBlockingMethod(OzoneManagerProtocolProtos.java) [ozone-interface-client-1.4.0-SNAPSHOT.jar:?]
	at org.apache.hadoop.ipc.ProtobufRpcEngine$Server.processCall(ProtobufRpcEngine.java:465) [hadoop-common-3.3.4.jar:?]
	at org.apache.hadoop.ipc.ProtobufRpcEngine2$Server$ProtoBufRpcInvoker.call(ProtobufRpcEngine2.java:578) [hadoop-common-3.3.4.jar:?]
	at org.apache.hadoop.ipc.ProtobufRpcEngine2$Server$ProtoBufRpcInvoker.call(ProtobufRpcEngine2.java:556) [hadoop-common-3.3.4.jar:?]
	at org.apache.hadoop.ipc.RPC$Server.call(RPC.java:1093) [hadoop-common-3.3.4.jar:?]
	at org.apache.hadoop.ipc.Server$RpcCall.run(Server.java:1043) [hadoop-common-3.3.4.jar:?]
	at org.apache.hadoop.ipc.Server$RpcCall.run(Server.java:971) [hadoop-common-3.3.4.jar:?]
	at java.security.AccessController.doPrivileged(Native Method) ~[?:1.8.0_352]
	at javax.security.auth.Subject.doAs(Subject.java:422) [?:1.8.0_352]
	at org.apache.hadoop.security.UserGroupInformation.doAs(UserGroupInformation.java:1878) [hadoop-common-3.3.4.jar:?]
	at org.apache.hadoop.ipc.Server$Handler.run(Server.java:2976) [hadoop-common-3.3.4.jar:?]
2023-01-26 20:33:24,840 [IPC Server handler 0 on default port 35105] INFO  key.OMKeyRequest (OMKeyRequest.java:wrapUncommittedBlocksAsPseudoKey(837)) - Detect allocated but uncommitted blocks [{blockID={containerID=2, localID=111677748019200024}, length=4194304, offset=0, token=null, pipeline=null, createVersion=0, partNumber=0}] in key level0/level1/file1.
2023-01-26 20:33:24,842 [IPC Server handler 1 on default port 35105] INFO  key.OMKeyRequest (OMKeyRequest.java:wrapUncommittedBlocksAsPseudoKey(837)) - Detect allocated but uncommitted blocks [{blockID={containerID=1, localID=111677748019200025}, length=4194304, offset=0, token=null, pipeline=null, createVersion=0, partNumber=0}] in key level0/level1/level1/file1.
2023-01-26 20:33:24,844 [IPC Server handler 4 on default port 35105] INFO  key.OMKeyRequest (OMKeyRequest.java:wrapUncommittedBlocksAsPseudoKey(837)) - Detect allocated but uncommitted blocks [{blockID={containerID=2, localID=111677748019200026}, length=4194304, offset=0, token=null, pipeline=null, createVersion=0, partNumber=0}] in key level0/level2/file1.
2023-01-26 20:33:24,846 [IPC Server handler 6 on default port 35105] INFO  key.OMKeyRequest (OMKeyRequest.java:wrapUncommittedBlocksAsPseudoKey(837)) - Detect allocated but uncommitted blocks [{blockID={containerID=1, localID=111677748019200027}, length=4194304, offset=0, token=null, pipeline=null, createVersion=0, partNumber=0}] in key level0/level2/level2/file1.
2023-01-26 20:33:24,849 [IPC Server handler 7 on default port 35105] INFO  key.OMKeyRequest (OMKeyRequest.java:wrapUncommittedBlocksAsPseudoKey(837)) - Detect allocated but uncommitted blocks [{blockID={containerID=2, localID=111677748019200028}, length=4194304, offset=0, token=null, pipeline=null, createVersion=0, partNumber=0}] in key level0/level3/file1.
2023-01-26 20:33:24,851 [IPC Server handler 10 on default port 35105] INFO  key.OMKeyRequest (OMKeyRequest.java:wrapUncommittedBlocksAsPseudoKey(837)) - Detect allocated but uncommitted blocks [{blockID={containerID=1, localID=111677748019200029}, length=4194304, offset=0, token=null, pipeline=null, createVersion=0, partNumber=0}] in key level0/level3/level3/file1.
20:33:24.863 [IPC Server handler 15 on default port 35105] ERROR OMAudit - user=runner | ip=127.0.0.1 | op=GET_FILE_STATUS {volume=volume38800, bucket=bucket46934, key=level0, dataSize=0, replicationConfig=null} | ret=FAILURE
org.apache.hadoop.ozone.om.exceptions.OMException: Unable to get file status: volume: volume38800 bucket: bucket46934 key: level0
	at org.apache.hadoop.ozone.om.KeyManagerImpl.getOzoneFileStatus(KeyManagerImpl.java:1301) ~[ozone-manager-1.4.0-SNAPSHOT.jar:?]
	at org.apache.hadoop.ozone.om.KeyManagerImpl.getFileStatus(KeyManagerImpl.java:1219) ~[ozone-manager-1.4.0-SNAPSHOT.jar:?]
	at org.apache.hadoop.ozone.om.OzoneManager.getFileStatus(OzoneManager.java:3498) ~[ozone-manager-1.4.0-SNAPSHOT.jar:?]
	at org.apache.hadoop.ozone.protocolPB.OzoneManagerRequestHandler.getOzoneFileStatus(OzoneManagerRequestHandler.java:913) ~[ozone-manager-1.4.0-SNAPSHOT.jar:?]
	at org.apache.hadoop.ozone.protocolPB.OzoneManagerRequestHandler.handleReadRequest(OzoneManagerRequestHandler.java:233) ~[ozone-manager-1.4.0-SNAPSHOT.jar:?]
	at org.apache.hadoop.ozone.protocolPB.OzoneManagerProtocolServerSideTranslatorPB.submitRequestDirectlyToOM(OzoneManagerProtocolServerSideTranslatorPB.java:276) ~[ozone-manager-1.4.0-SNAPSHOT.jar:?]
	at org.apache.hadoop.ozone.protocolPB.OzoneManagerProtocolServerSideTranslatorPB.processRequest(OzoneManagerProtocolServerSideTranslatorPB.java:205) ~[ozone-manager-1.4.0-SNAPSHOT.jar:?]
	at org.apache.hadoop.hdds.server.OzoneProtocolMessageDispatcher.processRequest(OzoneProtocolMessageDispatcher.java:87) [hdds-server-framework-1.4.0-SNAPSHOT.jar:?]
	at org.apache.hadoop.ozone.protocolPB.OzoneManagerProtocolServerSideTranslatorPB.submitRequest(OzoneManagerProtocolServerSideTranslatorPB.java:147) [ozone-manager-1.4.0-SNAPSHOT.jar:?]
	at org.apache.hadoop.ozone.protocol.proto.OzoneManagerProtocolProtos$OzoneManagerService$2.callBlockingMethod(OzoneManagerProtocolProtos.java) [ozone-interface-client-1.4.0-SNAPSHOT.jar:?]
	at org.apache.hadoop.ipc.ProtobufRpcEngine$Server.processCall(ProtobufRpcEngine.java:465) [hadoop-common-3.3.4.jar:?]
	at org.apache.hadoop.ipc.ProtobufRpcEngine2$Server$ProtoBufRpcInvoker.call(ProtobufRpcEngine2.java:578) [hadoop-common-3.3.4.jar:?]
	at org.apache.hadoop.ipc.ProtobufRpcEngine2$Server$ProtoBufRpcInvoker.call(ProtobufRpcEngine2.java:556) [hadoop-common-3.3.4.jar:?]
	at org.apache.hadoop.ipc.RPC$Server.call(RPC.java:1093) [hadoop-common-3.3.4.jar:?]
	at org.apache.hadoop.ipc.Server$RpcCall.run(Server.java:1043) [hadoop-common-3.3.4.jar:?]
	at org.apache.hadoop.ipc.Server$RpcCall.run(Server.java:971) [hadoop-common-3.3.4.jar:?]
	at java.security.AccessController.doPrivileged(Native Method) ~[?:1.8.0_352]
	at javax.security.auth.Subject.doAs(Subject.java:422) [?:1.8.0_352]
	at org.apache.hadoop.security.UserGroupInformation.doAs(UserGroupInformation.java:1878) [hadoop-common-3.3.4.jar:?]
	at org.apache.hadoop.ipc.Server$Handler.run(Server.java:2976) [hadoop-common-3.3.4.jar:?]
20:33:24.864 [IPC Server handler 13 on default port 35105] ERROR OMAudit - user=runner | ip=127.0.0.1 | op=GET_FILE_STATUS {volume=volume38800, bucket=bucket46934, key=level0/level1, dataSize=0, replicationConfig=null} | ret=FAILURE
org.apache.hadoop.ozone.om.exceptions.OMException: Unable to get file status: volume: volume38800 bucket: bucket46934 key: level0/level1
	at org.apache.hadoop.ozone.om.KeyManagerImpl.getOzoneFileStatus(KeyManagerImpl.java:1301) ~[ozone-manager-1.4.0-SNAPSHOT.jar:?]
	at org.apache.hadoop.ozone.om.KeyManagerImpl.getFileStatus(KeyManagerImpl.java:1219) ~[ozone-manager-1.4.0-SNAPSHOT.jar:?]
	at org.apache.hadoop.ozone.om.OzoneManager.getFileStatus(OzoneManager.java:3498) ~[ozone-manager-1.4.0-SNAPSHOT.jar:?]
	at org.apache.hadoop.ozone.protocolPB.OzoneManagerRequestHandler.getOzoneFileStatus(OzoneManagerRequestHandler.java:913) ~[ozone-manager-1.4.0-SNAPSHOT.jar:?]
	at org.apache.hadoop.ozone.protocolPB.OzoneManagerRequestHandler.handleReadRequest(OzoneManagerRequestHandler.java:233) ~[ozone-manager-1.4.0-SNAPSHOT.jar:?]
	at org.apache.hadoop.ozone.protocolPB.OzoneManagerProtocolServerSideTranslatorPB.submitRequestDirectlyToOM(OzoneManagerProtocolServerSideTranslatorPB.java:276) ~[ozone-manager-1.4.0-SNAPSHOT.jar:?]
	at org.apache.hadoop.ozone.protocolPB.OzoneManagerProtocolServerSideTranslatorPB.processRequest(OzoneManagerProtocolServerSideTranslatorPB.java:205) ~[ozone-manager-1.4.0-SNAPSHOT.jar:?]
	at org.apache.hadoop.hdds.server.OzoneProtocolMessageDispatcher.processRequest(OzoneProtocolMessageDispatcher.java:87) [hdds-server-framework-1.4.0-SNAPSHOT.jar:?]
	at org.apache.hadoop.ozone.protocolPB.OzoneManagerProtocolServerSideTranslatorPB.submitRequest(OzoneManagerProtocolServerSideTranslatorPB.java:147) [ozone-manager-1.4.0-SNAPSHOT.jar:?]
	at org.apache.hadoop.ozone.protocol.proto.OzoneManagerProtocolProtos$OzoneManagerService$2.callBlockingMethod(OzoneManagerProtocolProtos.java) [ozone-interface-client-1.4.0-SNAPSHOT.jar:?]
	at org.apache.hadoop.ipc.ProtobufRpcEngine$Server.processCall(ProtobufRpcEngine.java:465) [hadoop-common-3.3.4.jar:?]
	at org.apache.hadoop.ipc.ProtobufRpcEngine2$Server$ProtoBufRpcInvoker.call(ProtobufRpcEngine2.java:578) [hadoop-common-3.3.4.jar:?]
	at org.apache.hadoop.ipc.ProtobufRpcEngine2$Server$ProtoBufRpcInvoker.call(ProtobufRpcEngine2.java:556) [hadoop-common-3.3.4.jar:?]
	at org.apache.hadoop.ipc.RPC$Server.call(RPC.java:1093) [hadoop-common-3.3.4.jar:?]
	at org.apache.hadoop.ipc.Server$RpcCall.run(Server.java:1043) [hadoop-common-3.3.4.jar:?]
	at org.apache.hadoop.ipc.Server$RpcCall.run(Server.java:971) [hadoop-common-3.3.4.jar:?]
	at java.security.AccessController.doPrivileged(Native Method) ~[?:1.8.0_352]
	at javax.security.auth.Subject.doAs(Subject.java:422) [?:1.8.0_352]
	at org.apache.hadoop.security.UserGroupInformation.doAs(UserGroupInformation.java:1878) [hadoop-common-3.3.4.jar:?]
	at org.apache.hadoop.ipc.Server$Handler.run(Server.java:2976) [hadoop-common-3.3.4.jar:?]
20:33:24.864 [IPC Server handler 14 on default port 35105] ERROR OMAudit - user=runner | ip=127.0.0.1 | op=GET_FILE_STATUS {volume=volume38800, bucket=bucket46934, key=level0/level1/level1, dataSize=0, replicationConfig=null} | ret=FAILURE
org.apache.hadoop.ozone.om.exceptions.OMException: Unable to get file status: volume: volume38800 bucket: bucket46934 key: level0/level1/level1
	at org.apache.hadoop.ozone.om.KeyManagerImpl.getOzoneFileStatus(KeyManagerImpl.java:1301) ~[ozone-manager-1.4.0-SNAPSHOT.jar:?]
	at org.apache.hadoop.ozone.om.KeyManagerImpl.getFileStatus(KeyManagerImpl.java:1219) ~[ozone-manager-1.4.0-SNAPSHOT.jar:?]
	at org.apache.hadoop.ozone.om.OzoneManager.getFileStatus(OzoneManager.java:3498) ~[ozone-manager-1.4.0-SNAPSHOT.jar:?]
	at org.apache.hadoop.ozone.protocolPB.OzoneManagerRequestHandler.getOzoneFileStatus(OzoneManagerRequestHandler.java:913) ~[ozone-manager-1.4.0-SNAPSHOT.jar:?]
	at org.apache.hadoop.ozone.protocolPB.OzoneManagerRequestHandler.handleReadRequest(OzoneManagerRequestHandler.java:233) ~[ozone-manager-1.4.0-SNAPSHOT.jar:?]
	at org.apache.hadoop.ozone.protocolPB.OzoneManagerProtocolServerSideTranslatorPB.submitRequestDirectlyToOM(OzoneManagerProtocolServerSideTranslatorPB.java:276) ~[ozone-manager-1.4.0-SNAPSHOT.jar:?]
	at org.apache.hadoop.ozone.protocolPB.OzoneManagerProtocolServerSideTranslatorPB.processRequest(OzoneManagerProtocolServerSideTranslatorPB.java:205) ~[ozone-manager-1.4.0-SNAPSHOT.jar:?]
	at org.apache.hadoop.hdds.server.OzoneProtocolMessageDispatcher.processRequest(OzoneProtocolMessageDispatcher.java:87) [hdds-server-framework-1.4.0-SNAPSHOT.jar:?]
	at org.apache.hadoop.ozone.protocolPB.OzoneManagerProtocolServerSideTranslatorPB.submitRequest(OzoneManagerProtocolServerSideTranslatorPB.java:147) [ozone-manager-1.4.0-SNAPSHOT.jar:?]
	at org.apache.hadoop.ozone.protocol.proto.OzoneManagerProtocolProtos$OzoneManagerService$2.callBlockingMethod(OzoneManagerProtocolProtos.java) [ozone-interface-client-1.4.0-SNAPSHOT.jar:?]
	at org.apache.hadoop.ipc.ProtobufRpcEngine$Server.processCall(ProtobufRpcEngine.java:465) [hadoop-common-3.3.4.jar:?]
	at org.apache.hadoop.ipc.ProtobufRpcEngine2$Server$ProtoBufRpcInvoker.call(ProtobufRpcEngine2.java:578) [hadoop-common-3.3.4.jar:?]
	at org.apache.hadoop.ipc.ProtobufRpcEngine2$Server$ProtoBufRpcInvoker.call(ProtobufRpcEngine2.java:556) [hadoop-common-3.3.4.jar:?]
	at org.apache.hadoop.ipc.RPC$Server.call(RPC.java:1093) [hadoop-common-3.3.4.jar:?]
	at org.apache.hadoop.ipc.Server$RpcCall.run(Server.java:1043) [hadoop-common-3.3.4.jar:?]
	at org.apache.hadoop.ipc.Server$RpcCall.run(Server.java:971) [hadoop-common-3.3.4.jar:?]
	at java.security.AccessController.doPrivileged(Native Method) ~[?:1.8.0_352]
	at javax.security.auth.Subject.doAs(Subject.java:422) [?:1.8.0_352]
	at org.apache.hadoop.security.UserGroupInformation.doAs(UserGroupInformation.java:1878) [hadoop-common-3.3.4.jar:?]
	at org.apache.hadoop.ipc.Server$Handler.run(Server.java:2976) [hadoop-common-3.3.4.jar:?]
20:33:24.865 [IPC Server handler 16 on default port 35105] ERROR OMAudit - user=runner | ip=127.0.0.1 | op=GET_FILE_STATUS {volume=volume38800, bucket=bucket46934, key=level0/level1/file1, dataSize=0, replicationConfig=null} | ret=FAILURE
org.apache.hadoop.ozone.om.exceptions.OMException: Unable to get file status: volume: volume38800 bucket: bucket46934 key: level0/level1/file1
	at org.apache.hadoop.ozone.om.KeyManagerImpl.getOzoneFileStatus(KeyManagerImpl.java:1301) ~[ozone-manager-1.4.0-SNAPSHOT.jar:?]
	at org.apache.hadoop.ozone.om.KeyManagerImpl.getFileStatus(KeyManagerImpl.java:1219) ~[ozone-manager-1.4.0-SNAPSHOT.jar:?]
	at org.apache.hadoop.ozone.om.OzoneManager.getFileStatus(OzoneManager.java:3498) ~[ozone-manager-1.4.0-SNAPSHOT.jar:?]
	at org.apache.hadoop.ozone.protocolPB.OzoneManagerRequestHandler.getOzoneFileStatus(OzoneManagerRequestHandler.java:913) ~[ozone-manager-1.4.0-SNAPSHOT.jar:?]
	at org.apache.hadoop.ozone.protocolPB.OzoneManagerRequestHandler.handleReadRequest(OzoneManagerRequestHandler.java:233) ~[ozone-manager-1.4.0-SNAPSHOT.jar:?]
	at org.apache.hadoop.ozone.protocolPB.OzoneManagerProtocolServerSideTranslatorPB.submitRequestDirectlyToOM(OzoneManagerProtocolServerSideTranslatorPB.java:276) ~[ozone-manager-1.4.0-SNAPSHOT.jar:?]
	at org.apache.hadoop.ozone.protocolPB.OzoneManagerProtocolServerSideTranslatorPB.processRequest(OzoneManagerProtocolServerSideTranslatorPB.java:205) ~[ozone-manager-1.4.0-SNAPSHOT.jar:?]
	at org.apache.hadoop.hdds.server.OzoneProtocolMessageDispatcher.processRequest(OzoneProtocolMessageDispatcher.java:87) [hdds-server-framework-1.4.0-SNAPSHOT.jar:?]
	at org.apache.hadoop.ozone.protocolPB.OzoneManagerProtocolServerSideTranslatorPB.submitRequest(OzoneManagerProtocolServerSideTranslatorPB.java:147) [ozone-manager-1.4.0-SNAPSHOT.jar:?]
	at org.apache.hadoop.ozone.protocol.proto.OzoneManagerProtocolProtos$OzoneManagerService$2.callBlockingMethod(OzoneManagerProtocolProtos.java) [ozone-interface-client-1.4.0-SNAPSHOT.jar:?]
	at org.apache.hadoop.ipc.ProtobufRpcEngine$Server.processCall(ProtobufRpcEngine.java:465) [hadoop-common-3.3.4.jar:?]
	at org.apache.hadoop.ipc.ProtobufRpcEngine2$Server$ProtoBufRpcInvoker.call(ProtobufRpcEngine2.java:578) [hadoop-common-3.3.4.jar:?]
	at org.apache.hadoop.ipc.ProtobufRpcEngine2$Server$ProtoBufRpcInvoker.call(ProtobufRpcEngine2.java:556) [hadoop-common-3.3.4.jar:?]
	at org.apache.hadoop.ipc.RPC$Server.call(RPC.java:1093) [hadoop-common-3.3.4.jar:?]
	at org.apache.hadoop.ipc.Server$RpcCall.run(Server.java:1043) [hadoop-common-3.3.4.jar:?]
	at org.apache.hadoop.ipc.Server$RpcCall.run(Server.java:971) [hadoop-common-3.3.4.jar:?]
	at java.security.AccessController.doPrivileged(Native Method) ~[?:1.8.0_352]
	at javax.security.auth.Subject.doAs(Subject.java:422) [?:1.8.0_352]
	at org.apache.hadoop.security.UserGroupInformation.doAs(UserGroupInformation.java:1878) [hadoop-common-3.3.4.jar:?]
	at org.apache.hadoop.ipc.Server$Handler.run(Server.java:2976) [hadoop-common-3.3.4.jar:?]
20:33:24.865 [IPC Server handler 17 on default port 35105] ERROR OMAudit - user=runner | ip=127.0.0.1 | op=GET_FILE_STATUS {volume=volume38800, bucket=bucket46934, key=level0/level1/level1/file1, dataSize=0, replicationConfig=null} | ret=FAILURE
org.apache.hadoop.ozone.om.exceptions.OMException: Unable to get file status: volume: volume38800 bucket: bucket46934 key: level0/level1/level1/file1
	at org.apache.hadoop.ozone.om.KeyManagerImpl.getOzoneFileStatus(KeyManagerImpl.java:1301) ~[ozone-manager-1.4.0-SNAPSHOT.jar:?]
	at org.apache.hadoop.ozone.om.KeyManagerImpl.getFileStatus(KeyManagerImpl.java:1219) ~[ozone-manager-1.4.0-SNAPSHOT.jar:?]
	at org.apache.hadoop.ozone.om.OzoneManager.getFileStatus(OzoneManager.java:3498) ~[ozone-manager-1.4.0-SNAPSHOT.jar:?]
	at org.apache.hadoop.ozone.protocolPB.OzoneManagerRequestHandler.getOzoneFileStatus(OzoneManagerRequestHandler.java:913) ~[ozone-manager-1.4.0-SNAPSHOT.jar:?]
	at org.apache.hadoop.ozone.protocolPB.OzoneManagerRequestHandler.handleReadRequest(OzoneManagerRequestHandler.java:233) ~[ozone-manager-1.4.0-SNAPSHOT.jar:?]
	at org.apache.hadoop.ozone.protocolPB.OzoneManagerProtocolServerSideTranslatorPB.submitRequestDirectlyToOM(OzoneManagerProtocolServerSideTranslatorPB.java:276) ~[ozone-manager-1.4.0-SNAPSHOT.jar:?]
	at org.apache.hadoop.ozone.protocolPB.OzoneManagerProtocolServerSideTranslatorPB.processRequest(OzoneManagerProtocolServerSideTranslatorPB.java:205) ~[ozone-manager-1.4.0-SNAPSHOT.jar:?]
	at org.apache.hadoop.hdds.server.OzoneProtocolMessageDispatcher.processRequest(OzoneProtocolMessageDispatcher.java:87) [hdds-server-framework-1.4.0-SNAPSHOT.jar:?]
	at org.apache.hadoop.ozone.protocolPB.OzoneManagerProtocolServerSideTranslatorPB.submitRequest(OzoneManagerProtocolServerSideTranslatorPB.java:147) [ozone-manager-1.4.0-SNAPSHOT.jar:?]
	at org.apache.hadoop.ozone.protocol.proto.OzoneManagerProtocolProtos$OzoneManagerService$2.callBlockingMethod(OzoneManagerProtocolProtos.java) [ozone-interface-client-1.4.0-SNAPSHOT.jar:?]
	at org.apache.hadoop.ipc.ProtobufRpcEngine$Server.processCall(ProtobufRpcEngine.java:465) [hadoop-common-3.3.4.jar:?]
	at org.apache.hadoop.ipc.ProtobufRpcEngine2$Server$ProtoBufRpcInvoker.call(ProtobufRpcEngine2.java:578) [hadoop-common-3.3.4.jar:?]
	at org.apache.hadoop.ipc.ProtobufRpcEngine2$Server$ProtoBufRpcInvoker.call(ProtobufRpcEngine2.java:556) [hadoop-common-3.3.4.jar:?]
	at org.apache.hadoop.ipc.RPC$Server.call(RPC.java:1093) [hadoop-common-3.3.4.jar:?]
	at org.apache.hadoop.ipc.Server$RpcCall.run(Server.java:1043) [hadoop-common-3.3.4.jar:?]
	at org.apache.hadoop.ipc.Server$RpcCall.run(Server.java:971) [hadoop-common-3.3.4.jar:?]
	at java.security.AccessController.doPrivileged(Native Method) ~[?:1.8.0_352]
	at javax.security.auth.Subject.doAs(Subject.java:422) [?:1.8.0_352]
	at org.apache.hadoop.security.UserGroupInformation.doAs(UserGroupInformation.java:1878) [hadoop-common-3.3.4.jar:?]
	at org.apache.hadoop.ipc.Server$Handler.run(Server.java:2976) [hadoop-common-3.3.4.jar:?]
20:33:24.866 [IPC Server handler 18 on default port 35105] ERROR OMAudit - user=runner | ip=127.0.0.1 | op=GET_FILE_STATUS {volume=volume38800, bucket=bucket46934, key=level0/level2, dataSize=0, replicationConfig=null} | ret=FAILURE
org.apache.hadoop.ozone.om.exceptions.OMException: Unable to get file status: volume: volume38800 bucket: bucket46934 key: level0/level2
	at org.apache.hadoop.ozone.om.KeyManagerImpl.getOzoneFileStatus(KeyManagerImpl.java:1301) ~[ozone-manager-1.4.0-SNAPSHOT.jar:?]
	at org.apache.hadoop.ozone.om.KeyManagerImpl.getFileStatus(KeyManagerImpl.java:1219) ~[ozone-manager-1.4.0-SNAPSHOT.jar:?]
	at org.apache.hadoop.ozone.om.OzoneManager.getFileStatus(OzoneManager.java:3498) ~[ozone-manager-1.4.0-SNAPSHOT.jar:?]
	at org.apache.hadoop.ozone.protocolPB.OzoneManagerRequestHandler.getOzoneFileStatus(OzoneManagerRequestHandler.java:913) ~[ozone-manager-1.4.0-SNAPSHOT.jar:?]
	at org.apache.hadoop.ozone.protocolPB.OzoneManagerRequestHandler.handleReadRequest(OzoneManagerRequestHandler.java:233) ~[ozone-manager-1.4.0-SNAPSHOT.jar:?]
	at org.apache.hadoop.ozone.protocolPB.OzoneManagerProtocolServerSideTranslatorPB.submitRequestDirectlyToOM(OzoneManagerProtocolServerSideTranslatorPB.java:276) ~[ozone-manager-1.4.0-SNAPSHOT.jar:?]
	at org.apache.hadoop.ozone.protocolPB.OzoneManagerProtocolServerSideTranslatorPB.processRequest(OzoneManagerProtocolServerSideTranslatorPB.java:205) ~[ozone-manager-1.4.0-SNAPSHOT.jar:?]
	at org.apache.hadoop.hdds.server.OzoneProtocolMessageDispatcher.processRequest(OzoneProtocolMessageDispatcher.java:87) [hdds-server-framework-1.4.0-SNAPSHOT.jar:?]
	at org.apache.hadoop.ozone.protocolPB.OzoneManagerProtocolServerSideTranslatorPB.submitRequest(OzoneManagerProtocolServerSideTranslatorPB.java:147) [ozone-manager-1.4.0-SNAPSHOT.jar:?]
	at org.apache.hadoop.ozone.protocol.proto.OzoneManagerProtocolProtos$OzoneManagerService$2.callBlockingMethod(OzoneManagerProtocolProtos.java) [ozone-interface-client-1.4.0-SNAPSHOT.jar:?]
	at org.apache.hadoop.ipc.ProtobufRpcEngine$Server.processCall(ProtobufRpcEngine.java:465) [hadoop-common-3.3.4.jar:?]
	at org.apache.hadoop.ipc.ProtobufRpcEngine2$Server$ProtoBufRpcInvoker.call(ProtobufRpcEngine2.java:578) [hadoop-common-3.3.4.jar:?]
	at org.apache.hadoop.ipc.ProtobufRpcEngine2$Server$ProtoBufRpcInvoker.call(ProtobufRpcEngine2.java:556) [hadoop-common-3.3.4.jar:?]
	at org.apache.hadoop.ipc.RPC$Server.call(RPC.java:1093) [hadoop-common-3.3.4.jar:?]
	at org.apache.hadoop.ipc.Server$RpcCall.run(Server.java:1043) [hadoop-common-3.3.4.jar:?]
	at org.apache.hadoop.ipc.Server$RpcCall.run(Server.java:971) [hadoop-common-3.3.4.jar:?]
	at java.security.AccessController.doPrivileged(Native Method) ~[?:1.8.0_352]
	at javax.security.auth.Subject.doAs(Subject.java:422) [?:1.8.0_352]
	at org.apache.hadoop.security.UserGroupInformation.doAs(UserGroupInformation.java:1878) [hadoop-common-3.3.4.jar:?]
	at org.apache.hadoop.ipc.Server$Handler.run(Server.java:2976) [hadoop-common-3.3.4.jar:?]
20:33:24.866 [IPC Server handler 19 on default port 35105] ERROR OMAudit - user=runner | ip=127.0.0.1 | op=GET_FILE_STATUS {volume=volume38800, bucket=bucket46934, key=level0/level2/level2, dataSize=0, replicationConfig=null} | ret=FAILURE
org.apache.hadoop.ozone.om.exceptions.OMException: Unable to get file status: volume: volume38800 bucket: bucket46934 key: level0/level2/level2
	at org.apache.hadoop.ozone.om.KeyManagerImpl.getOzoneFileStatus(KeyManagerImpl.java:1301) ~[ozone-manager-1.4.0-SNAPSHOT.jar:?]
	at org.apache.hadoop.ozone.om.KeyManagerImpl.getFileStatus(KeyManagerImpl.java:1219) ~[ozone-manager-1.4.0-SNAPSHOT.jar:?]
	at org.apache.hadoop.ozone.om.OzoneManager.getFileStatus(OzoneManager.java:3498) ~[ozone-manager-1.4.0-SNAPSHOT.jar:?]
	at org.apache.hadoop.ozone.protocolPB.OzoneManagerRequestHandler.getOzoneFileStatus(OzoneManagerRequestHandler.java:913) ~[ozone-manager-1.4.0-SNAPSHOT.jar:?]
	at org.apache.hadoop.ozone.protocolPB.OzoneManagerRequestHandler.handleReadRequest(OzoneManagerRequestHandler.java:233) ~[ozone-manager-1.4.0-SNAPSHOT.jar:?]
	at org.apache.hadoop.ozone.protocolPB.OzoneManagerProtocolServerSideTranslatorPB.submitRequestDirectlyToOM(OzoneManagerProtocolServerSideTranslatorPB.java:276) ~[ozone-manager-1.4.0-SNAPSHOT.jar:?]
	at org.apache.hadoop.ozone.protocolPB.OzoneManagerProtocolServerSideTranslatorPB.processRequest(OzoneManagerProtocolServerSideTranslatorPB.java:205) ~[ozone-manager-1.4.0-SNAPSHOT.jar:?]
	at org.apache.hadoop.hdds.server.OzoneProtocolMessageDispatcher.processRequest(OzoneProtocolMessageDispatcher.java:87) [hdds-server-framework-1.4.0-SNAPSHOT.jar:?]
	at org.apache.hadoop.ozone.protocolPB.OzoneManagerProtocolServerSideTranslatorPB.submitRequest(OzoneManagerProtocolServerSideTranslatorPB.java:147) [ozone-manager-1.4.0-SNAPSHOT.jar:?]
	at org.apache.hadoop.ozone.protocol.proto.OzoneManagerProtocolProtos$OzoneManagerService$2.callBlockingMethod(OzoneManagerProtocolProtos.java) [ozone-interface-client-1.4.0-SNAPSHOT.jar:?]
	at org.apache.hadoop.ipc.ProtobufRpcEngine$Server.processCall(ProtobufRpcEngine.java:465) [hadoop-common-3.3.4.jar:?]
	at org.apache.hadoop.ipc.ProtobufRpcEngine2$Server$ProtoBufRpcInvoker.call(ProtobufRpcEngine2.java:578) [hadoop-common-3.3.4.jar:?]
	at org.apache.hadoop.ipc.ProtobufRpcEngine2$Server$ProtoBufRpcInvoker.call(ProtobufRpcEngine2.java:556) [hadoop-common-3.3.4.jar:?]
	at org.apache.hadoop.ipc.RPC$Server.call(RPC.java:1093) [hadoop-common-3.3.4.jar:?]
	at org.apache.hadoop.ipc.Server$RpcCall.run(Server.java:1043) [hadoop-common-3.3.4.jar:?]
	at org.apache.hadoop.ipc.Server$RpcCall.run(Server.java:971) [hadoop-common-3.3.4.jar:?]
	at java.security.AccessController.doPrivileged(Native Method) ~[?:1.8.0_352]
	at javax.security.auth.Subject.doAs(Subject.java:422) [?:1.8.0_352]
	at org.apache.hadoop.security.UserGroupInformation.doAs(UserGroupInformation.java:1878) [hadoop-common-3.3.4.jar:?]
	at org.apache.hadoop.ipc.Server$Handler.run(Server.java:2976) [hadoop-common-3.3.4.jar:?]
20:33:24.867 [IPC Server handler 12 on default port 35105] ERROR OMAudit - user=runner | ip=127.0.0.1 | op=GET_FILE_STATUS {volume=volume38800, bucket=bucket46934, key=level0/level2/file1, dataSize=0, replicationConfig=null} | ret=FAILURE
org.apache.hadoop.ozone.om.exceptions.OMException: Unable to get file status: volume: volume38800 bucket: bucket46934 key: level0/level2/file1
	at org.apache.hadoop.ozone.om.KeyManagerImpl.getOzoneFileStatus(KeyManagerImpl.java:1301) ~[ozone-manager-1.4.0-SNAPSHOT.jar:?]
	at org.apache.hadoop.ozone.om.KeyManagerImpl.getFileStatus(KeyManagerImpl.java:1219) ~[ozone-manager-1.4.0-SNAPSHOT.jar:?]
	at org.apache.hadoop.ozone.om.OzoneManager.getFileStatus(OzoneManager.java:3498) ~[ozone-manager-1.4.0-SNAPSHOT.jar:?]
	at org.apache.hadoop.ozone.protocolPB.OzoneManagerRequestHandler.getOzoneFileStatus(OzoneManagerRequestHandler.java:913) ~[ozone-manager-1.4.0-SNAPSHOT.jar:?]
	at org.apache.hadoop.ozone.protocolPB.OzoneManagerRequestHandler.handleReadRequest(OzoneManagerRequestHandler.java:233) ~[ozone-manager-1.4.0-SNAPSHOT.jar:?]
	at org.apache.hadoop.ozone.protocolPB.OzoneManagerProtocolServerSideTranslatorPB.submitRequestDirectlyToOM(OzoneManagerProtocolServerSideTranslatorPB.java:276) ~[ozone-manager-1.4.0-SNAPSHOT.jar:?]
	at org.apache.hadoop.ozone.protocolPB.OzoneManagerProtocolServerSideTranslatorPB.processRequest(OzoneManagerProtocolServerSideTranslatorPB.java:205) ~[ozone-manager-1.4.0-SNAPSHOT.jar:?]
	at org.apache.hadoop.hdds.server.OzoneProtocolMessageDispatcher.processRequest(OzoneProtocolMessageDispatcher.java:87) [hdds-server-framework-1.4.0-SNAPSHOT.jar:?]
	at org.apache.hadoop.ozone.protocolPB.OzoneManagerProtocolServerSideTranslatorPB.submitRequest(OzoneManagerProtocolServerSideTranslatorPB.java:147) [ozone-manager-1.4.0-SNAPSHOT.jar:?]
	at org.apache.hadoop.ozone.protocol.proto.OzoneManagerProtocolProtos$OzoneManagerService$2.callBlockingMethod(OzoneManagerProtocolProtos.java) [ozone-interface-client-1.4.0-SNAPSHOT.jar:?]
	at org.apache.hadoop.ipc.ProtobufRpcEngine$Server.processCall(ProtobufRpcEngine.java:465) [hadoop-common-3.3.4.jar:?]
	at org.apache.hadoop.ipc.ProtobufRpcEngine2$Server$ProtoBufRpcInvoker.call(ProtobufRpcEngine2.java:578) [hadoop-common-3.3.4.jar:?]
	at org.apache.hadoop.ipc.ProtobufRpcEngine2$Server$ProtoBufRpcInvoker.call(ProtobufRpcEngine2.java:556) [hadoop-common-3.3.4.jar:?]
	at org.apache.hadoop.ipc.RPC$Server.call(RPC.java:1093) [hadoop-common-3.3.4.jar:?]
	at org.apache.hadoop.ipc.Server$RpcCall.run(Server.java:1043) [hadoop-common-3.3.4.jar:?]
	at org.apache.hadoop.ipc.Server$RpcCall.run(Server.java:971) [hadoop-common-3.3.4.jar:?]
	at java.security.AccessController.doPrivileged(Native Method) ~[?:1.8.0_352]
	at javax.security.auth.Subject.doAs(Subject.java:422) [?:1.8.0_352]
	at org.apache.hadoop.security.UserGroupInformation.doAs(UserGroupInformation.java:1878) [hadoop-common-3.3.4.jar:?]
	at org.apache.hadoop.ipc.Server$Handler.run(Server.java:2976) [hadoop-common-3.3.4.jar:?]
20:33:24.868 [IPC Server handler 0 on default port 35105] ERROR OMAudit - user=runner | ip=127.0.0.1 | op=GET_FILE_STATUS {volume=volume38800, bucket=bucket46934, key=level0/level2/level2/file1, dataSize=0, replicationConfig=null} | ret=FAILURE
org.apache.hadoop.ozone.om.exceptions.OMException: Unable to get file status: volume: volume38800 bucket: bucket46934 key: level0/level2/level2/file1
	at org.apache.hadoop.ozone.om.KeyManagerImpl.getOzoneFileStatus(KeyManagerImpl.java:1301) ~[ozone-manager-1.4.0-SNAPSHOT.jar:?]
	at org.apache.hadoop.ozone.om.KeyManagerImpl.getFileStatus(KeyManagerImpl.java:1219) ~[ozone-manager-1.4.0-SNAPSHOT.jar:?]
	at org.apache.hadoop.ozone.om.OzoneManager.getFileStatus(OzoneManager.java:3498) ~[ozone-manager-1.4.0-SNAPSHOT.jar:?]
	at org.apache.hadoop.ozone.protocolPB.OzoneManagerRequestHandler.getOzoneFileStatus(OzoneManagerRequestHandler.java:913) ~[ozone-manager-1.4.0-SNAPSHOT.jar:?]
	at org.apache.hadoop.ozone.protocolPB.OzoneManagerRequestHandler.handleReadRequest(OzoneManagerRequestHandler.java:233) ~[ozone-manager-1.4.0-SNAPSHOT.jar:?]
	at org.apache.hadoop.ozone.protocolPB.OzoneManagerProtocolServerSideTranslatorPB.submitRequestDirectlyToOM(OzoneManagerProtocolServerSideTranslatorPB.java:276) ~[ozone-manager-1.4.0-SNAPSHOT.jar:?]
	at org.apache.hadoop.ozone.protocolPB.OzoneManagerProtocolServerSideTranslatorPB.processRequest(OzoneManagerProtocolServerSideTranslatorPB.java:205) ~[ozone-manager-1.4.0-SNAPSHOT.jar:?]
	at org.apache.hadoop.hdds.server.OzoneProtocolMessageDispatcher.processRequest(OzoneProtocolMessageDispatcher.java:87) [hdds-server-framework-1.4.0-SNAPSHOT.jar:?]
	at org.apache.hadoop.ozone.protocolPB.OzoneManagerProtocolServerSideTranslatorPB.submitRequest(OzoneManagerProtocolServerSideTranslatorPB.java:147) [ozone-manager-1.4.0-SNAPSHOT.jar:?]
	at org.apache.hadoop.ozone.protocol.proto.OzoneManagerProtocolProtos$OzoneManagerService$2.callBlockingMethod(OzoneManagerProtocolProtos.java) [ozone-interface-client-1.4.0-SNAPSHOT.jar:?]
	at org.apache.hadoop.ipc.ProtobufRpcEngine$Server.processCall(ProtobufRpcEngine.java:465) [hadoop-common-3.3.4.jar:?]
	at org.apache.hadoop.ipc.ProtobufRpcEngine2$Server$ProtoBufRpcInvoker.call(ProtobufRpcEngine2.java:578) [hadoop-common-3.3.4.jar:?]
	at org.apache.hadoop.ipc.ProtobufRpcEngine2$Server$ProtoBufRpcInvoker.call(ProtobufRpcEngine2.java:556) [hadoop-common-3.3.4.jar:?]
	at org.apache.hadoop.ipc.RPC$Server.call(RPC.java:1093) [hadoop-common-3.3.4.jar:?]
	at org.apache.hadoop.ipc.Server$RpcCall.run(Server.java:1043) [hadoop-common-3.3.4.jar:?]
	at org.apache.hadoop.ipc.Server$RpcCall.run(Server.java:971) [hadoop-common-3.3.4.jar:?]
	at java.security.AccessController.doPrivileged(Native Method) ~[?:1.8.0_352]
	at javax.security.auth.Subject.doAs(Subject.java:422) [?:1.8.0_352]
	at org.apache.hadoop.security.UserGroupInformation.doAs(UserGroupInformation.java:1878) [hadoop-common-3.3.4.jar:?]
	at org.apache.hadoop.ipc.Server$Handler.run(Server.java:2976) [hadoop-common-3.3.4.jar:?]
20:33:24.869 [IPC Server handler 2 on default port 35105] ERROR OMAudit - user=runner | ip=127.0.0.1 | op=GET_FILE_STATUS {volume=volume38800, bucket=bucket46934, key=level0/level3, dataSize=0, replicationConfig=null} | ret=FAILURE
org.apache.hadoop.ozone.om.exceptions.OMException: Unable to get file status: volume: volume38800 bucket: bucket46934 key: level0/level3
	at org.apache.hadoop.ozone.om.KeyManagerImpl.getOzoneFileStatus(KeyManagerImpl.java:1301) ~[ozone-manager-1.4.0-SNAPSHOT.jar:?]
	at org.apache.hadoop.ozone.om.KeyManagerImpl.getFileStatus(KeyManagerImpl.java:1219) ~[ozone-manager-1.4.0-SNAPSHOT.jar:?]
	at org.apache.hadoop.ozone.om.OzoneManager.getFileStatus(OzoneManager.java:3498) ~[ozone-manager-1.4.0-SNAPSHOT.jar:?]
	at org.apache.hadoop.ozone.protocolPB.OzoneManagerRequestHandler.getOzoneFileStatus(OzoneManagerRequestHandler.java:913) ~[ozone-manager-1.4.0-SNAPSHOT.jar:?]
	at org.apache.hadoop.ozone.protocolPB.OzoneManagerRequestHandler.handleReadRequest(OzoneManagerRequestHandler.java:233) ~[ozone-manager-1.4.0-SNAPSHOT.jar:?]
	at org.apache.hadoop.ozone.protocolPB.OzoneManagerProtocolServerSideTranslatorPB.submitRequestDirectlyToOM(OzoneManagerProtocolServerSideTranslatorPB.java:276) ~[ozone-manager-1.4.0-SNAPSHOT.jar:?]
	at org.apache.hadoop.ozone.protocolPB.OzoneManagerProtocolServerSideTranslatorPB.processRequest(OzoneManagerProtocolServerSideTranslatorPB.java:205) ~[ozone-manager-1.4.0-SNAPSHOT.jar:?]
	at org.apache.hadoop.hdds.server.OzoneProtocolMessageDispatcher.processRequest(OzoneProtocolMessageDispatcher.java:87) [hdds-server-framework-1.4.0-SNAPSHOT.jar:?]
	at org.apache.hadoop.ozone.protocolPB.OzoneManagerProtocolServerSideTranslatorPB.submitRequest(OzoneManagerProtocolServerSideTranslatorPB.java:147) [ozone-manager-1.4.0-SNAPSHOT.jar:?]
	at org.apache.hadoop.ozone.protocol.proto.OzoneManagerProtocolProtos$OzoneManagerService$2.callBlockingMethod(OzoneManagerProtocolProtos.java) [ozone-interface-client-1.4.0-SNAPSHOT.jar:?]
	at org.apache.hadoop.ipc.ProtobufRpcEngine$Server.processCall(ProtobufRpcEngine.java:465) [hadoop-common-3.3.4.jar:?]
	at org.apache.hadoop.ipc.ProtobufRpcEngine2$Server$ProtoBufRpcInvoker.call(ProtobufRpcEngine2.java:578) [hadoop-common-3.3.4.jar:?]
	at org.apache.hadoop.ipc.ProtobufRpcEngine2$Server$ProtoBufRpcInvoker.call(ProtobufRpcEngine2.java:556) [hadoop-common-3.3.4.jar:?]
	at org.apache.hadoop.ipc.RPC$Server.call(RPC.java:1093) [hadoop-common-3.3.4.jar:?]
	at org.apache.hadoop.ipc.Server$RpcCall.run(Server.java:1043) [hadoop-common-3.3.4.jar:?]
	at org.apache.hadoop.ipc.Server$RpcCall.run(Server.java:971) [hadoop-common-3.3.4.jar:?]
	at java.security.AccessController.doPrivileged(Native Method) ~[?:1.8.0_352]
	at javax.security.auth.Subject.doAs(Subject.java:422) [?:1.8.0_352]
	at org.apache.hadoop.security.UserGroupInformation.doAs(UserGroupInformation.java:1878) [hadoop-common-3.3.4.jar:?]
	at org.apache.hadoop.ipc.Server$Handler.run(Server.java:2976) [hadoop-common-3.3.4.jar:?]
20:33:24.870 [IPC Server handler 1 on default port 35105] ERROR OMAudit - user=runner | ip=127.0.0.1 | op=GET_FILE_STATUS {volume=volume38800, bucket=bucket46934, key=level0/level3/level3, dataSize=0, replicationConfig=null} | ret=FAILURE
org.apache.hadoop.ozone.om.exceptions.OMException: Unable to get file status: volume: volume38800 bucket: bucket46934 key: level0/level3/level3
	at org.apache.hadoop.ozone.om.KeyManagerImpl.getOzoneFileStatus(KeyManagerImpl.java:1301) ~[ozone-manager-1.4.0-SNAPSHOT.jar:?]
	at org.apache.hadoop.ozone.om.KeyManagerImpl.getFileStatus(KeyManagerImpl.java:1219) ~[ozone-manager-1.4.0-SNAPSHOT.jar:?]
	at org.apache.hadoop.ozone.om.OzoneManager.getFileStatus(OzoneManager.java:3498) ~[ozone-manager-1.4.0-SNAPSHOT.jar:?]
	at org.apache.hadoop.ozone.protocolPB.OzoneManagerRequestHandler.getOzoneFileStatus(OzoneManagerRequestHandler.java:913) ~[ozone-manager-1.4.0-SNAPSHOT.jar:?]
	at org.apache.hadoop.ozone.protocolPB.OzoneManagerRequestHandler.handleReadRequest(OzoneManagerRequestHandler.java:233) ~[ozone-manager-1.4.0-SNAPSHOT.jar:?]
	at org.apache.hadoop.ozone.protocolPB.OzoneManagerProtocolServerSideTranslatorPB.submitRequestDirectlyToOM(OzoneManagerProtocolServerSideTranslatorPB.java:276) ~[ozone-manager-1.4.0-SNAPSHOT.jar:?]
	at org.apache.hadoop.ozone.protocolPB.OzoneManagerProtocolServerSideTranslatorPB.processRequest(OzoneManagerProtocolServerSideTranslatorPB.java:205) ~[ozone-manager-1.4.0-SNAPSHOT.jar:?]
	at org.apache.hadoop.hdds.server.OzoneProtocolMessageDispatcher.processRequest(OzoneProtocolMessageDispatcher.java:87) [hdds-server-framework-1.4.0-SNAPSHOT.jar:?]
	at org.apache.hadoop.ozone.protocolPB.OzoneManagerProtocolServerSideTranslatorPB.submitRequest(OzoneManagerProtocolServerSideTranslatorPB.java:147) [ozone-manager-1.4.0-SNAPSHOT.jar:?]
	at org.apache.hadoop.ozone.protocol.proto.OzoneManagerProtocolProtos$OzoneManagerService$2.callBlockingMethod(OzoneManagerProtocolProtos.java) [ozone-interface-client-1.4.0-SNAPSHOT.jar:?]
	at org.apache.hadoop.ipc.ProtobufRpcEngine$Server.processCall(ProtobufRpcEngine.java:465) [hadoop-common-3.3.4.jar:?]
	at org.apache.hadoop.ipc.ProtobufRpcEngine2$Server$ProtoBufRpcInvoker.call(ProtobufRpcEngine2.java:578) [hadoop-common-3.3.4.jar:?]
	at org.apache.hadoop.ipc.ProtobufRpcEngine2$Server$ProtoBufRpcInvoker.call(ProtobufRpcEngine2.java:556) [hadoop-common-3.3.4.jar:?]
	at org.apache.hadoop.ipc.RPC$Server.call(RPC.java:1093) [hadoop-common-3.3.4.jar:?]
	at org.apache.hadoop.ipc.Server$RpcCall.run(Server.java:1043) [hadoop-common-3.3.4.jar:?]
	at org.apache.hadoop.ipc.Server$RpcCall.run(Server.java:971) [hadoop-common-3.3.4.jar:?]
	at java.security.AccessController.doPrivileged(Native Method) ~[?:1.8.0_352]
	at javax.security.auth.Subject.doAs(Subject.java:422) [?:1.8.0_352]
	at org.apache.hadoop.security.UserGroupInformation.doAs(UserGroupInformation.java:1878) [hadoop-common-3.3.4.jar:?]
	at org.apache.hadoop.ipc.Server$Handler.run(Server.java:2976) [hadoop-common-3.3.4.jar:?]
20:33:24.871 [IPC Server handler 3 on default port 35105] ERROR OMAudit - user=runner | ip=127.0.0.1 | op=GET_FILE_STATUS {volume=volume38800, bucket=bucket46934, key=level0/level3/file1, dataSize=0, replicationConfig=null} | ret=FAILURE
org.apache.hadoop.ozone.om.exceptions.OMException: Unable to get file status: volume: volume38800 bucket: bucket46934 key: level0/level3/file1
	at org.apache.hadoop.ozone.om.KeyManagerImpl.getOzoneFileStatus(KeyManagerImpl.java:1301) ~[ozone-manager-1.4.0-SNAPSHOT.jar:?]
	at org.apache.hadoop.ozone.om.KeyManagerImpl.getFileStatus(KeyManagerImpl.java:1219) ~[ozone-manager-1.4.0-SNAPSHOT.jar:?]
	at org.apache.hadoop.ozone.om.OzoneManager.getFileStatus(OzoneManager.java:3498) ~[ozone-manager-1.4.0-SNAPSHOT.jar:?]
	at org.apache.hadoop.ozone.protocolPB.OzoneManagerRequestHandler.getOzoneFileStatus(OzoneManagerRequestHandler.java:913) ~[ozone-manager-1.4.0-SNAPSHOT.jar:?]
	at org.apache.hadoop.ozone.protocolPB.OzoneManagerRequestHandler.handleReadRequest(OzoneManagerRequestHandler.java:233) ~[ozone-manager-1.4.0-SNAPSHOT.jar:?]
	at org.apache.hadoop.ozone.protocolPB.OzoneManagerProtocolServerSideTranslatorPB.submitRequestDirectlyToOM(OzoneManagerProtocolServerSideTranslatorPB.java:276) ~[ozone-manager-1.4.0-SNAPSHOT.jar:?]
	at org.apache.hadoop.ozone.protocolPB.OzoneManagerProtocolServerSideTranslatorPB.processRequest(OzoneManagerProtocolServerSideTranslatorPB.java:205) ~[ozone-manager-1.4.0-SNAPSHOT.jar:?]
	at org.apache.hadoop.hdds.server.OzoneProtocolMessageDispatcher.processRequest(OzoneProtocolMessageDispatcher.java:87) [hdds-server-framework-1.4.0-SNAPSHOT.jar:?]
	at org.apache.hadoop.ozone.protocolPB.OzoneManagerProtocolServerSideTranslatorPB.submitRequest(OzoneManagerProtocolServerSideTranslatorPB.java:147) [ozone-manager-1.4.0-SNAPSHOT.jar:?]
	at org.apache.hadoop.ozone.protocol.proto.OzoneManagerProtocolProtos$OzoneManagerService$2.callBlockingMethod(OzoneManagerProtocolProtos.java) [ozone-interface-client-1.4.0-SNAPSHOT.jar:?]
	at org.apache.hadoop.ipc.ProtobufRpcEngine$Server.processCall(ProtobufRpcEngine.java:465) [hadoop-common-3.3.4.jar:?]
	at org.apache.hadoop.ipc.ProtobufRpcEngine2$Server$ProtoBufRpcInvoker.call(ProtobufRpcEngine2.java:578) [hadoop-common-3.3.4.jar:?]
	at org.apache.hadoop.ipc.ProtobufRpcEngine2$Server$ProtoBufRpcInvoker.call(ProtobufRpcEngine2.java:556) [hadoop-common-3.3.4.jar:?]
	at org.apache.hadoop.ipc.RPC$Server.call(RPC.java:1093) [hadoop-common-3.3.4.jar:?]
	at org.apache.hadoop.ipc.Server$RpcCall.run(Server.java:1043) [hadoop-common-3.3.4.jar:?]
	at org.apache.hadoop.ipc.Server$RpcCall.run(Server.java:971) [hadoop-common-3.3.4.jar:?]
	at java.security.AccessController.doPrivileged(Native Method) ~[?:1.8.0_352]
	at javax.security.auth.Subject.doAs(Subject.java:422) [?:1.8.0_352]
	at org.apache.hadoop.security.UserGroupInformation.doAs(UserGroupInformation.java:1878) [hadoop-common-3.3.4.jar:?]
	at org.apache.hadoop.ipc.Server$Handler.run(Server.java:2976) [hadoop-common-3.3.4.jar:?]
20:33:24.871 [IPC Server handler 4 on default port 35105] ERROR OMAudit - user=runner | ip=127.0.0.1 | op=GET_FILE_STATUS {volume=volume38800, bucket=bucket46934, key=level0/level3/level3/file1, dataSize=0, replicationConfig=null} | ret=FAILURE
org.apache.hadoop.ozone.om.exceptions.OMException: Unable to get file status: volume: volume38800 bucket: bucket46934 key: level0/level3/level3/file1
	at org.apache.hadoop.ozone.om.KeyManagerImpl.getOzoneFileStatus(KeyManagerImpl.java:1301) ~[ozone-manager-1.4.0-SNAPSHOT.jar:?]
	at org.apache.hadoop.ozone.om.KeyManagerImpl.getFileStatus(KeyManagerImpl.java:1219) ~[ozone-manager-1.4.0-SNAPSHOT.jar:?]
	at org.apache.hadoop.ozone.om.OzoneManager.getFileStatus(OzoneManager.java:3498) ~[ozone-manager-1.4.0-SNAPSHOT.jar:?]
	at org.apache.hadoop.ozone.protocolPB.OzoneManagerRequestHandler.getOzoneFileStatus(OzoneManagerRequestHandler.java:913) ~[ozone-manager-1.4.0-SNAPSHOT.jar:?]
	at org.apache.hadoop.ozone.protocolPB.OzoneManagerRequestHandler.handleReadRequest(OzoneManagerRequestHandler.java:233) ~[ozone-manager-1.4.0-SNAPSHOT.jar:?]
	at org.apache.hadoop.ozone.protocolPB.OzoneManagerProtocolServerSideTranslatorPB.submitRequestDirectlyToOM(OzoneManagerProtocolServerSideTranslatorPB.java:276) ~[ozone-manager-1.4.0-SNAPSHOT.jar:?]
	at org.apache.hadoop.ozone.protocolPB.OzoneManagerProtocolServerSideTranslatorPB.processRequest(OzoneManagerProtocolServerSideTranslatorPB.java:205) ~[ozone-manager-1.4.0-SNAPSHOT.jar:?]
	at org.apache.hadoop.hdds.server.OzoneProtocolMessageDispatcher.processRequest(OzoneProtocolMessageDispatcher.java:87) [hdds-server-framework-1.4.0-SNAPSHOT.jar:?]
	at org.apache.hadoop.ozone.protocolPB.OzoneManagerProtocolServerSideTranslatorPB.submitRequest(OzoneManagerProtocolServerSideTranslatorPB.java:147) [ozone-manager-1.4.0-SNAPSHOT.jar:?]
	at org.apache.hadoop.ozone.protocol.proto.OzoneManagerProtocolProtos$OzoneManagerService$2.callBlockingMethod(OzoneManagerProtocolProtos.java) [ozone-interface-client-1.4.0-SNAPSHOT.jar:?]
	at org.apache.hadoop.ipc.ProtobufRpcEngine$Server.processCall(ProtobufRpcEngine.java:465) [hadoop-common-3.3.4.jar:?]
	at org.apache.hadoop.ipc.ProtobufRpcEngine2$Server$ProtoBufRpcInvoker.call(ProtobufRpcEngine2.java:578) [hadoop-common-3.3.4.jar:?]
	at org.apache.hadoop.ipc.ProtobufRpcEngine2$Server$ProtoBufRpcInvoker.call(ProtobufRpcEngine2.java:556) [hadoop-common-3.3.4.jar:?]
	at org.apache.hadoop.ipc.RPC$Server.call(RPC.java:1093) [hadoop-common-3.3.4.jar:?]
	at org.apache.hadoop.ipc.Server$RpcCall.run(Server.java:1043) [hadoop-common-3.3.4.jar:?]
	at org.apache.hadoop.ipc.Server$RpcCall.run(Server.java:971) [hadoop-common-3.3.4.jar:?]
	at java.security.AccessController.doPrivileged(Native Method) ~[?:1.8.0_352]
	at javax.security.auth.Subject.doAs(Subject.java:422) [?:1.8.0_352]
	at org.apache.hadoop.security.UserGroupInformation.doAs(UserGroupInformation.java:1878) [hadoop-common-3.3.4.jar:?]
	at org.apache.hadoop.ipc.Server$Handler.run(Server.java:2976) [hadoop-common-3.3.4.jar:?]
]]></system-out>
  </testcase>
  <testcase name="testGetTrashRoots" classname="TestOzoneFileSystem" time="0.057">
    <system-out><![CDATA[20:30:04.230 [IPC Server handler 7 on default port 38181] ERROR OMAudit - user=runner | ip=127.0.0.1 | op=GET_FILE_STATUS {volume=volume83577, bucket=bucket75634, key=.Trash/runner, dataSize=0, replicationConfig=null} | ret=FAILURE
org.apache.hadoop.ozone.om.exceptions.OMException: Unable to get file status: volume: volume83577 bucket: bucket75634 key: .Trash/runner
	at org.apache.hadoop.ozone.om.KeyManagerImpl.getOzoneFileStatus(KeyManagerImpl.java:1301) ~[ozone-manager-1.4.0-SNAPSHOT.jar:?]
	at org.apache.hadoop.ozone.om.KeyManagerImpl.getFileStatus(KeyManagerImpl.java:1219) ~[ozone-manager-1.4.0-SNAPSHOT.jar:?]
	at org.apache.hadoop.ozone.om.OzoneManager.getFileStatus(OzoneManager.java:3498) ~[ozone-manager-1.4.0-SNAPSHOT.jar:?]
	at org.apache.hadoop.ozone.protocolPB.OzoneManagerRequestHandler.getOzoneFileStatus(OzoneManagerRequestHandler.java:913) ~[ozone-manager-1.4.0-SNAPSHOT.jar:?]
	at org.apache.hadoop.ozone.protocolPB.OzoneManagerRequestHandler.handleReadRequest(OzoneManagerRequestHandler.java:233) ~[ozone-manager-1.4.0-SNAPSHOT.jar:?]
	at org.apache.hadoop.ozone.protocolPB.OzoneManagerProtocolServerSideTranslatorPB.submitReadRequestToOM(OzoneManagerProtocolServerSideTranslatorPB.java:226) ~[ozone-manager-1.4.0-SNAPSHOT.jar:?]
	at org.apache.hadoop.ozone.protocolPB.OzoneManagerProtocolServerSideTranslatorPB.processRequest(OzoneManagerProtocolServerSideTranslatorPB.java:175) ~[ozone-manager-1.4.0-SNAPSHOT.jar:?]
	at org.apache.hadoop.hdds.server.OzoneProtocolMessageDispatcher.processRequest(OzoneProtocolMessageDispatcher.java:87) [hdds-server-framework-1.4.0-SNAPSHOT.jar:?]
	at org.apache.hadoop.ozone.protocolPB.OzoneManagerProtocolServerSideTranslatorPB.submitRequest(OzoneManagerProtocolServerSideTranslatorPB.java:147) [ozone-manager-1.4.0-SNAPSHOT.jar:?]
	at org.apache.hadoop.ozone.protocol.proto.OzoneManagerProtocolProtos$OzoneManagerService$2.callBlockingMethod(OzoneManagerProtocolProtos.java) [ozone-interface-client-1.4.0-SNAPSHOT.jar:?]
	at org.apache.hadoop.ipc.ProtobufRpcEngine$Server.processCall(ProtobufRpcEngine.java:465) [hadoop-common-3.3.4.jar:?]
	at org.apache.hadoop.ipc.ProtobufRpcEngine2$Server$ProtoBufRpcInvoker.call(ProtobufRpcEngine2.java:578) [hadoop-common-3.3.4.jar:?]
	at org.apache.hadoop.ipc.ProtobufRpcEngine2$Server$ProtoBufRpcInvoker.call(ProtobufRpcEngine2.java:556) [hadoop-common-3.3.4.jar:?]
	at org.apache.hadoop.ipc.RPC$Server.call(RPC.java:1093) [hadoop-common-3.3.4.jar:?]
	at org.apache.hadoop.ipc.Server$RpcCall.run(Server.java:1043) [hadoop-common-3.3.4.jar:?]
	at org.apache.hadoop.ipc.Server$RpcCall.run(Server.java:971) [hadoop-common-3.3.4.jar:?]
	at java.security.AccessController.doPrivileged(Native Method) ~[?:1.8.0_352]
	at javax.security.auth.Subject.doAs(Subject.java:422) [?:1.8.0_352]
	at org.apache.hadoop.security.UserGroupInformation.doAs(UserGroupInformation.java:1878) [hadoop-common-3.3.4.jar:?]
	at org.apache.hadoop.ipc.Server$Handler.run(Server.java:2976) [hadoop-common-3.3.4.jar:?]
]]></system-out>
  </testcase>
  <testcase name="testGetTrashRoots" classname="TestOzoneFileSystem" time="0.019">
    <system-out><![CDATA[20:31:14.510 [IPC Server handler 7 on default port 37459] ERROR OMAudit - user=runner | ip=127.0.0.1 | op=GET_FILE_STATUS {volume=volume58619, bucket=bucket43836, key=.Trash/runner, dataSize=0, replicationConfig=null} | ret=FAILURE
org.apache.hadoop.ozone.om.exceptions.OMException: Unable to get file status: volume: volume58619 bucket: bucket43836 key: .Trash/runner
	at org.apache.hadoop.ozone.om.KeyManagerImpl.getOzoneFileStatus(KeyManagerImpl.java:1301) ~[ozone-manager-1.4.0-SNAPSHOT.jar:?]
	at org.apache.hadoop.ozone.om.KeyManagerImpl.getFileStatus(KeyManagerImpl.java:1219) ~[ozone-manager-1.4.0-SNAPSHOT.jar:?]
	at org.apache.hadoop.ozone.om.OzoneManager.getFileStatus(OzoneManager.java:3498) ~[ozone-manager-1.4.0-SNAPSHOT.jar:?]
	at org.apache.hadoop.ozone.protocolPB.OzoneManagerRequestHandler.getOzoneFileStatus(OzoneManagerRequestHandler.java:913) ~[ozone-manager-1.4.0-SNAPSHOT.jar:?]
	at org.apache.hadoop.ozone.protocolPB.OzoneManagerRequestHandler.handleReadRequest(OzoneManagerRequestHandler.java:233) ~[ozone-manager-1.4.0-SNAPSHOT.jar:?]
	at org.apache.hadoop.ozone.protocolPB.OzoneManagerProtocolServerSideTranslatorPB.submitRequestDirectlyToOM(OzoneManagerProtocolServerSideTranslatorPB.java:276) ~[ozone-manager-1.4.0-SNAPSHOT.jar:?]
	at org.apache.hadoop.ozone.protocolPB.OzoneManagerProtocolServerSideTranslatorPB.processRequest(OzoneManagerProtocolServerSideTranslatorPB.java:205) ~[ozone-manager-1.4.0-SNAPSHOT.jar:?]
	at org.apache.hadoop.hdds.server.OzoneProtocolMessageDispatcher.processRequest(OzoneProtocolMessageDispatcher.java:87) [hdds-server-framework-1.4.0-SNAPSHOT.jar:?]
	at org.apache.hadoop.ozone.protocolPB.OzoneManagerProtocolServerSideTranslatorPB.submitRequest(OzoneManagerProtocolServerSideTranslatorPB.java:147) [ozone-manager-1.4.0-SNAPSHOT.jar:?]
	at org.apache.hadoop.ozone.protocol.proto.OzoneManagerProtocolProtos$OzoneManagerService$2.callBlockingMethod(OzoneManagerProtocolProtos.java) [ozone-interface-client-1.4.0-SNAPSHOT.jar:?]
	at org.apache.hadoop.ipc.ProtobufRpcEngine$Server.processCall(ProtobufRpcEngine.java:465) [hadoop-common-3.3.4.jar:?]
	at org.apache.hadoop.ipc.ProtobufRpcEngine2$Server$ProtoBufRpcInvoker.call(ProtobufRpcEngine2.java:578) [hadoop-common-3.3.4.jar:?]
	at org.apache.hadoop.ipc.ProtobufRpcEngine2$Server$ProtoBufRpcInvoker.call(ProtobufRpcEngine2.java:556) [hadoop-common-3.3.4.jar:?]
	at org.apache.hadoop.ipc.RPC$Server.call(RPC.java:1093) [hadoop-common-3.3.4.jar:?]
	at org.apache.hadoop.ipc.Server$RpcCall.run(Server.java:1043) [hadoop-common-3.3.4.jar:?]
	at org.apache.hadoop.ipc.Server$RpcCall.run(Server.java:971) [hadoop-common-3.3.4.jar:?]
	at java.security.AccessController.doPrivileged(Native Method) ~[?:1.8.0_352]
	at javax.security.auth.Subject.doAs(Subject.java:422) [?:1.8.0_352]
	at org.apache.hadoop.security.UserGroupInformation.doAs(UserGroupInformation.java:1878) [hadoop-common-3.3.4.jar:?]
	at org.apache.hadoop.ipc.Server$Handler.run(Server.java:2976) [hadoop-common-3.3.4.jar:?]
]]></system-out>
  </testcase>
  <testcase name="testGetTrashRoots" classname="TestOzoneFileSystem" time="0.018">
    <system-out><![CDATA[20:32:18.903 [IPC Server handler 5 on default port 38041] ERROR OMAudit - user=runner | ip=127.0.0.1 | op=GET_FILE_STATUS {volume=volume53399, bucket=bucket90109, key=.Trash/runner, dataSize=0, replicationConfig=null} | ret=FAILURE
org.apache.hadoop.ozone.om.exceptions.OMException: Unable to get file status: volume: volume53399 bucket: bucket90109 key: .Trash/runner
	at org.apache.hadoop.ozone.om.KeyManagerImpl.getOzoneFileStatus(KeyManagerImpl.java:1301) ~[ozone-manager-1.4.0-SNAPSHOT.jar:?]
	at org.apache.hadoop.ozone.om.KeyManagerImpl.getFileStatus(KeyManagerImpl.java:1219) ~[ozone-manager-1.4.0-SNAPSHOT.jar:?]
	at org.apache.hadoop.ozone.om.OzoneManager.getFileStatus(OzoneManager.java:3498) ~[ozone-manager-1.4.0-SNAPSHOT.jar:?]
	at org.apache.hadoop.ozone.protocolPB.OzoneManagerRequestHandler.getOzoneFileStatus(OzoneManagerRequestHandler.java:913) ~[ozone-manager-1.4.0-SNAPSHOT.jar:?]
	at org.apache.hadoop.ozone.protocolPB.OzoneManagerRequestHandler.handleReadRequest(OzoneManagerRequestHandler.java:233) ~[ozone-manager-1.4.0-SNAPSHOT.jar:?]
	at org.apache.hadoop.ozone.protocolPB.OzoneManagerProtocolServerSideTranslatorPB.submitReadRequestToOM(OzoneManagerProtocolServerSideTranslatorPB.java:226) ~[ozone-manager-1.4.0-SNAPSHOT.jar:?]
	at org.apache.hadoop.ozone.protocolPB.OzoneManagerProtocolServerSideTranslatorPB.processRequest(OzoneManagerProtocolServerSideTranslatorPB.java:175) ~[ozone-manager-1.4.0-SNAPSHOT.jar:?]
	at org.apache.hadoop.hdds.server.OzoneProtocolMessageDispatcher.processRequest(OzoneProtocolMessageDispatcher.java:87) [hdds-server-framework-1.4.0-SNAPSHOT.jar:?]
	at org.apache.hadoop.ozone.protocolPB.OzoneManagerProtocolServerSideTranslatorPB.submitRequest(OzoneManagerProtocolServerSideTranslatorPB.java:147) [ozone-manager-1.4.0-SNAPSHOT.jar:?]
	at org.apache.hadoop.ozone.protocol.proto.OzoneManagerProtocolProtos$OzoneManagerService$2.callBlockingMethod(OzoneManagerProtocolProtos.java) [ozone-interface-client-1.4.0-SNAPSHOT.jar:?]
	at org.apache.hadoop.ipc.ProtobufRpcEngine$Server.processCall(ProtobufRpcEngine.java:465) [hadoop-common-3.3.4.jar:?]
	at org.apache.hadoop.ipc.ProtobufRpcEngine2$Server$ProtoBufRpcInvoker.call(ProtobufRpcEngine2.java:578) [hadoop-common-3.3.4.jar:?]
	at org.apache.hadoop.ipc.ProtobufRpcEngine2$Server$ProtoBufRpcInvoker.call(ProtobufRpcEngine2.java:556) [hadoop-common-3.3.4.jar:?]
	at org.apache.hadoop.ipc.RPC$Server.call(RPC.java:1093) [hadoop-common-3.3.4.jar:?]
	at org.apache.hadoop.ipc.Server$RpcCall.run(Server.java:1043) [hadoop-common-3.3.4.jar:?]
	at org.apache.hadoop.ipc.Server$RpcCall.run(Server.java:971) [hadoop-common-3.3.4.jar:?]
	at java.security.AccessController.doPrivileged(Native Method) ~[?:1.8.0_352]
	at javax.security.auth.Subject.doAs(Subject.java:422) [?:1.8.0_352]
	at org.apache.hadoop.security.UserGroupInformation.doAs(UserGroupInformation.java:1878) [hadoop-common-3.3.4.jar:?]
	at org.apache.hadoop.ipc.Server$Handler.run(Server.java:2976) [hadoop-common-3.3.4.jar:?]
]]></system-out>
  </testcase>
  <testcase name="testGetTrashRoots" classname="TestOzoneFileSystem" time="0.011">
    <system-out><![CDATA[20:33:24.873 [IPC Server handler 6 on default port 35105] ERROR OMAudit - user=runner | ip=127.0.0.1 | op=GET_FILE_STATUS {volume=volume38800, bucket=bucket46934, key=.Trash/runner, dataSize=0, replicationConfig=null} | ret=FAILURE
org.apache.hadoop.ozone.om.exceptions.OMException: Unable to get file status: volume: volume38800 bucket: bucket46934 key: .Trash/runner
	at org.apache.hadoop.ozone.om.KeyManagerImpl.getOzoneFileStatus(KeyManagerImpl.java:1301) ~[ozone-manager-1.4.0-SNAPSHOT.jar:?]
	at org.apache.hadoop.ozone.om.KeyManagerImpl.getFileStatus(KeyManagerImpl.java:1219) ~[ozone-manager-1.4.0-SNAPSHOT.jar:?]
	at org.apache.hadoop.ozone.om.OzoneManager.getFileStatus(OzoneManager.java:3498) ~[ozone-manager-1.4.0-SNAPSHOT.jar:?]
	at org.apache.hadoop.ozone.protocolPB.OzoneManagerRequestHandler.getOzoneFileStatus(OzoneManagerRequestHandler.java:913) ~[ozone-manager-1.4.0-SNAPSHOT.jar:?]
	at org.apache.hadoop.ozone.protocolPB.OzoneManagerRequestHandler.handleReadRequest(OzoneManagerRequestHandler.java:233) ~[ozone-manager-1.4.0-SNAPSHOT.jar:?]
	at org.apache.hadoop.ozone.protocolPB.OzoneManagerProtocolServerSideTranslatorPB.submitRequestDirectlyToOM(OzoneManagerProtocolServerSideTranslatorPB.java:276) ~[ozone-manager-1.4.0-SNAPSHOT.jar:?]
	at org.apache.hadoop.ozone.protocolPB.OzoneManagerProtocolServerSideTranslatorPB.processRequest(OzoneManagerProtocolServerSideTranslatorPB.java:205) ~[ozone-manager-1.4.0-SNAPSHOT.jar:?]
	at org.apache.hadoop.hdds.server.OzoneProtocolMessageDispatcher.processRequest(OzoneProtocolMessageDispatcher.java:87) [hdds-server-framework-1.4.0-SNAPSHOT.jar:?]
	at org.apache.hadoop.ozone.protocolPB.OzoneManagerProtocolServerSideTranslatorPB.submitRequest(OzoneManagerProtocolServerSideTranslatorPB.java:147) [ozone-manager-1.4.0-SNAPSHOT.jar:?]
	at org.apache.hadoop.ozone.protocol.proto.OzoneManagerProtocolProtos$OzoneManagerService$2.callBlockingMethod(OzoneManagerProtocolProtos.java) [ozone-interface-client-1.4.0-SNAPSHOT.jar:?]
	at org.apache.hadoop.ipc.ProtobufRpcEngine$Server.processCall(ProtobufRpcEngine.java:465) [hadoop-common-3.3.4.jar:?]
	at org.apache.hadoop.ipc.ProtobufRpcEngine2$Server$ProtoBufRpcInvoker.call(ProtobufRpcEngine2.java:578) [hadoop-common-3.3.4.jar:?]
	at org.apache.hadoop.ipc.ProtobufRpcEngine2$Server$ProtoBufRpcInvoker.call(ProtobufRpcEngine2.java:556) [hadoop-common-3.3.4.jar:?]
	at org.apache.hadoop.ipc.RPC$Server.call(RPC.java:1093) [hadoop-common-3.3.4.jar:?]
	at org.apache.hadoop.ipc.Server$RpcCall.run(Server.java:1043) [hadoop-common-3.3.4.jar:?]
	at org.apache.hadoop.ipc.Server$RpcCall.run(Server.java:971) [hadoop-common-3.3.4.jar:?]
	at java.security.AccessController.doPrivileged(Native Method) ~[?:1.8.0_352]
	at javax.security.auth.Subject.doAs(Subject.java:422) [?:1.8.0_352]
	at org.apache.hadoop.security.UserGroupInformation.doAs(UserGroupInformation.java:1878) [hadoop-common-3.3.4.jar:?]
	at org.apache.hadoop.ipc.Server$Handler.run(Server.java:2976) [hadoop-common-3.3.4.jar:?]
]]></system-out>
  </testcase>
  <testcase name="testCreateDoesNotAddParentDirKeys" classname="TestOzoneFileSystem" time="0.044">
    <system-out><![CDATA[2023-01-26 20:30:04,297 [OM StateMachine ApplyTransaction Thread - 0] INFO  key.OMKeyRequest (OMKeyRequest.java:wrapUncommittedBlocksAsPseudoKey(837)) - Detect allocated but uncommitted blocks [{blockID={containerID=1, localID=111677748019200031}, length=4194304, offset=0, token=null, pipeline=null, createVersion=0, partNumber=0}] in key testCreateDoesNotAddParentDirKeys/parent/child.
]]></system-out>
  </testcase>
  <testcase name="testCreateDoesNotAddParentDirKeys" classname="TestOzoneFileSystem" time="0.035">
    <system-out><![CDATA[2023-01-26 20:31:14,532 [IPC Server handler 13 on default port 37459] INFO  key.OMKeyRequest (OMKeyRequest.java:wrapUncommittedBlocksAsPseudoKey(837)) - Detect allocated but uncommitted blocks [{blockID={containerID=3, localID=111677748019200031}, length=4194304, offset=0, token=null, pipeline=null, createVersion=0, partNumber=0}] in key testCreateDoesNotAddParentDirKeys/parent/child.
]]></system-out>
  </testcase>
  <testcase name="testCreateDoesNotAddParentDirKeys" classname="TestOzoneFileSystem" time="0.042">
    <system-out><![CDATA[2023-01-26 20:32:18,924 [OM StateMachine ApplyTransaction Thread - 0] INFO  key.OMKeyRequest (OMKeyRequest.java:wrapUncommittedBlocksAsPseudoKey(837)) - Detect allocated but uncommitted blocks [{blockID={containerID=1, localID=111677748019200031}, length=4194304, offset=0, token=null, pipeline=null, createVersion=0, partNumber=0}] in key testCreateDoesNotAddParentDirKeys/parent/child.
]]></system-out>
  </testcase>
  <testcase name="testCreateDoesNotAddParentDirKeys" classname="TestOzoneFileSystem" time="0.03">
    <system-out><![CDATA[2023-01-26 20:33:24,889 [IPC Server handler 15 on default port 35105] INFO  key.OMKeyRequest (OMKeyRequest.java:wrapUncommittedBlocksAsPseudoKey(837)) - Detect allocated but uncommitted blocks [{blockID={containerID=1, localID=111677748019200031}, length=4194304, offset=0, token=null, pipeline=null, createVersion=0, partNumber=0}] in key testCreateDoesNotAddParentDirKeys/parent/child.
]]></system-out>
  </testcase>
  <testcase name="testDeleteCreatesFakeParentDir" classname="TestOzoneFileSystem" time="0.038">
    <system-out><![CDATA[2023-01-26 20:30:04,342 [OM StateMachine ApplyTransaction Thread - 0] INFO  key.OMKeyRequest (OMKeyRequest.java:wrapUncommittedBlocksAsPseudoKey(837)) - Detect allocated but uncommitted blocks [{blockID={containerID=2, localID=111677748019200032}, length=4194304, offset=0, token=null, pipeline=null, createVersion=0, partNumber=0}] in key testDeleteCreatesFakeParentDir/parent/child.
]]></system-out>
  </testcase>
  <testcase name="testDeleteCreatesFakeParentDir" classname="TestOzoneFileSystem" time="0.035">
    <system-out><![CDATA[2023-01-26 20:31:14,571 [IPC Server handler 9 on default port 37459] INFO  key.OMKeyRequest (OMKeyRequest.java:wrapUncommittedBlocksAsPseudoKey(837)) - Detect allocated but uncommitted blocks [{blockID={containerID=4, localID=111677748019200032}, length=4194304, offset=0, token=null, pipeline=null, createVersion=0, partNumber=0}] in key testDeleteCreatesFakeParentDir/parent/child.
]]></system-out>
  </testcase>
  <testcase name="testDeleteCreatesFakeParentDir" classname="TestOzoneFileSystem" time="0.022">
    <system-out><![CDATA[2023-01-26 20:32:18,970 [OM StateMachine ApplyTransaction Thread - 0] INFO  key.OMKeyRequest (OMKeyRequest.java:wrapUncommittedBlocksAsPseudoKey(837)) - Detect allocated but uncommitted blocks [{blockID={containerID=2, localID=111677748019200032}, length=4194304, offset=0, token=null, pipeline=null, createVersion=0, partNumber=0}] in key testDeleteCreatesFakeParentDir/parent/child.
]]></system-out>
  </testcase>
  <testcase name="testDeleteCreatesFakeParentDir" classname="TestOzoneFileSystem" time="0.021">
    <system-out><![CDATA[2023-01-26 20:33:24,921 [IPC Server handler 10 on default port 35105] INFO  key.OMKeyRequest (OMKeyRequest.java:wrapUncommittedBlocksAsPseudoKey(837)) - Detect allocated but uncommitted blocks [{blockID={containerID=2, localID=111677748019200032}, length=4194304, offset=0, token=null, pipeline=null, createVersion=0, partNumber=0}] in key testDeleteCreatesFakeParentDir/parent/child.
]]></system-out>
  </testcase>
  <testcase name="testListStatusOnKeyNameContainDelimiter" classname="TestOzoneFileSystem" time="0.031">
    <system-out><![CDATA[2023-01-26 20:30:04,388 [OM StateMachine ApplyTransaction Thread - 0] INFO  key.OMKeyRequest (OMKeyRequest.java:wrapUncommittedBlocksAsPseudoKey(837)) - Detect allocated but uncommitted blocks [{blockID={containerID=3, localID=111677748019200033}, length=4194304, offset=0, token=null, pipeline=null, createVersion=0, partNumber=0}] in key dir1/dir2/key1.
]]></system-out>
  </testcase>
  <testcase name="testListStatusOnKeyNameContainDelimiter" classname="TestOzoneFileSystem" time="0.015">
    <system-out><![CDATA[2023-01-26 20:31:14,606 [IPC Server handler 7 on default port 37459] INFO  key.OMKeyRequest (OMKeyRequest.java:wrapUncommittedBlocksAsPseudoKey(837)) - Detect allocated but uncommitted blocks [{blockID={containerID=5, localID=111677748019200033}, length=4194304, offset=0, token=null, pipeline=null, createVersion=0, partNumber=0}] in key dir1/dir2/key1.
]]></system-out>
  </testcase>
  <testcase name="testListStatusOnKeyNameContainDelimiter" classname="TestOzoneFileSystem" time="0.015">
    <system-out><![CDATA[2023-01-26 20:32:18,993 [OM StateMachine ApplyTransaction Thread - 0] INFO  key.OMKeyRequest (OMKeyRequest.java:wrapUncommittedBlocksAsPseudoKey(837)) - Detect allocated but uncommitted blocks [{blockID={containerID=3, localID=111677748019200033}, length=4194304, offset=0, token=null, pipeline=null, createVersion=0, partNumber=0}] in key dir1/dir2/key1.
]]></system-out>
  </testcase>
  <testcase name="testListStatusOnKeyNameContainDelimiter" classname="TestOzoneFileSystem" time="0.014">
    <system-out><![CDATA[2023-01-26 20:33:24,939 [IPC Server handler 6 on default port 35105] INFO  key.OMKeyRequest (OMKeyRequest.java:wrapUncommittedBlocksAsPseudoKey(837)) - Detect allocated but uncommitted blocks [{blockID={containerID=3, localID=111677748019200033}, length=4194304, offset=0, token=null, pipeline=null, createVersion=0, partNumber=0}] in key dir1/dir2/key1.
]]></system-out>
  </testcase>
  <testcase name="testNonExplicitlyCreatedPathExistsAfterItsLeafsWereRemoved" classname="TestOzoneFileSystem" time="0.039">
    <system-out><![CDATA[20:30:04.414 [IPC Server handler 12 on default port 38181] ERROR OMAudit - user=runner | ip=127.0.0.1 | op=GET_FILE_STATUS {volume=volume83577, bucket=bucket75634, key=target/leaf, dataSize=0, replicationConfig=null} | ret=FAILURE
org.apache.hadoop.ozone.om.exceptions.OMException: Unable to get file status: volume: volume83577 bucket: bucket75634 key: target/leaf
	at org.apache.hadoop.ozone.om.KeyManagerImpl.getOzoneFileStatus(KeyManagerImpl.java:1301) ~[ozone-manager-1.4.0-SNAPSHOT.jar:?]
	at org.apache.hadoop.ozone.om.KeyManagerImpl.getFileStatus(KeyManagerImpl.java:1219) ~[ozone-manager-1.4.0-SNAPSHOT.jar:?]
	at org.apache.hadoop.ozone.om.OzoneManager.getFileStatus(OzoneManager.java:3498) ~[ozone-manager-1.4.0-SNAPSHOT.jar:?]
	at org.apache.hadoop.ozone.protocolPB.OzoneManagerRequestHandler.getOzoneFileStatus(OzoneManagerRequestHandler.java:913) ~[ozone-manager-1.4.0-SNAPSHOT.jar:?]
	at org.apache.hadoop.ozone.protocolPB.OzoneManagerRequestHandler.handleReadRequest(OzoneManagerRequestHandler.java:233) ~[ozone-manager-1.4.0-SNAPSHOT.jar:?]
	at org.apache.hadoop.ozone.protocolPB.OzoneManagerProtocolServerSideTranslatorPB.submitReadRequestToOM(OzoneManagerProtocolServerSideTranslatorPB.java:226) ~[ozone-manager-1.4.0-SNAPSHOT.jar:?]
	at org.apache.hadoop.ozone.protocolPB.OzoneManagerProtocolServerSideTranslatorPB.processRequest(OzoneManagerProtocolServerSideTranslatorPB.java:175) ~[ozone-manager-1.4.0-SNAPSHOT.jar:?]
	at org.apache.hadoop.hdds.server.OzoneProtocolMessageDispatcher.processRequest(OzoneProtocolMessageDispatcher.java:87) [hdds-server-framework-1.4.0-SNAPSHOT.jar:?]
	at org.apache.hadoop.ozone.protocolPB.OzoneManagerProtocolServerSideTranslatorPB.submitRequest(OzoneManagerProtocolServerSideTranslatorPB.java:147) [ozone-manager-1.4.0-SNAPSHOT.jar:?]
	at org.apache.hadoop.ozone.protocol.proto.OzoneManagerProtocolProtos$OzoneManagerService$2.callBlockingMethod(OzoneManagerProtocolProtos.java) [ozone-interface-client-1.4.0-SNAPSHOT.jar:?]
	at org.apache.hadoop.ipc.ProtobufRpcEngine$Server.processCall(ProtobufRpcEngine.java:465) [hadoop-common-3.3.4.jar:?]
	at org.apache.hadoop.ipc.ProtobufRpcEngine2$Server$ProtoBufRpcInvoker.call(ProtobufRpcEngine2.java:578) [hadoop-common-3.3.4.jar:?]
	at org.apache.hadoop.ipc.ProtobufRpcEngine2$Server$ProtoBufRpcInvoker.call(ProtobufRpcEngine2.java:556) [hadoop-common-3.3.4.jar:?]
	at org.apache.hadoop.ipc.RPC$Server.call(RPC.java:1093) [hadoop-common-3.3.4.jar:?]
	at org.apache.hadoop.ipc.Server$RpcCall.run(Server.java:1043) [hadoop-common-3.3.4.jar:?]
	at org.apache.hadoop.ipc.Server$RpcCall.run(Server.java:971) [hadoop-common-3.3.4.jar:?]
	at java.security.AccessController.doPrivileged(Native Method) ~[?:1.8.0_352]
	at javax.security.auth.Subject.doAs(Subject.java:422) [?:1.8.0_352]
	at org.apache.hadoop.security.UserGroupInformation.doAs(UserGroupInformation.java:1878) [hadoop-common-3.3.4.jar:?]
	at org.apache.hadoop.ipc.Server$Handler.run(Server.java:2976) [hadoop-common-3.3.4.jar:?]
]]></system-out>
  </testcase>
  <testcase name="testNonExplicitlyCreatedPathExistsAfterItsLeafsWereRemoved" classname="TestOzoneFileSystem" time="0.016">
    <system-out><![CDATA[20:31:14.618 [IPC Server handler 0 on default port 37459] ERROR OMAudit - user=runner | ip=127.0.0.1 | op=GET_FILE_STATUS {volume=volume58619, bucket=bucket43836, key=target/leaf, dataSize=0, replicationConfig=null} | ret=FAILURE
org.apache.hadoop.ozone.om.exceptions.OMException: Unable to get file status: volume: volume58619 bucket: bucket43836 key: target/leaf
	at org.apache.hadoop.ozone.om.KeyManagerImpl.getOzoneFileStatus(KeyManagerImpl.java:1301) ~[ozone-manager-1.4.0-SNAPSHOT.jar:?]
	at org.apache.hadoop.ozone.om.KeyManagerImpl.getFileStatus(KeyManagerImpl.java:1219) ~[ozone-manager-1.4.0-SNAPSHOT.jar:?]
	at org.apache.hadoop.ozone.om.OzoneManager.getFileStatus(OzoneManager.java:3498) ~[ozone-manager-1.4.0-SNAPSHOT.jar:?]
	at org.apache.hadoop.ozone.protocolPB.OzoneManagerRequestHandler.getOzoneFileStatus(OzoneManagerRequestHandler.java:913) ~[ozone-manager-1.4.0-SNAPSHOT.jar:?]
	at org.apache.hadoop.ozone.protocolPB.OzoneManagerRequestHandler.handleReadRequest(OzoneManagerRequestHandler.java:233) ~[ozone-manager-1.4.0-SNAPSHOT.jar:?]
	at org.apache.hadoop.ozone.protocolPB.OzoneManagerProtocolServerSideTranslatorPB.submitRequestDirectlyToOM(OzoneManagerProtocolServerSideTranslatorPB.java:276) ~[ozone-manager-1.4.0-SNAPSHOT.jar:?]
	at org.apache.hadoop.ozone.protocolPB.OzoneManagerProtocolServerSideTranslatorPB.processRequest(OzoneManagerProtocolServerSideTranslatorPB.java:205) ~[ozone-manager-1.4.0-SNAPSHOT.jar:?]
	at org.apache.hadoop.hdds.server.OzoneProtocolMessageDispatcher.processRequest(OzoneProtocolMessageDispatcher.java:87) [hdds-server-framework-1.4.0-SNAPSHOT.jar:?]
	at org.apache.hadoop.ozone.protocolPB.OzoneManagerProtocolServerSideTranslatorPB.submitRequest(OzoneManagerProtocolServerSideTranslatorPB.java:147) [ozone-manager-1.4.0-SNAPSHOT.jar:?]
	at org.apache.hadoop.ozone.protocol.proto.OzoneManagerProtocolProtos$OzoneManagerService$2.callBlockingMethod(OzoneManagerProtocolProtos.java) [ozone-interface-client-1.4.0-SNAPSHOT.jar:?]
	at org.apache.hadoop.ipc.ProtobufRpcEngine$Server.processCall(ProtobufRpcEngine.java:465) [hadoop-common-3.3.4.jar:?]
	at org.apache.hadoop.ipc.ProtobufRpcEngine2$Server$ProtoBufRpcInvoker.call(ProtobufRpcEngine2.java:578) [hadoop-common-3.3.4.jar:?]
	at org.apache.hadoop.ipc.ProtobufRpcEngine2$Server$ProtoBufRpcInvoker.call(ProtobufRpcEngine2.java:556) [hadoop-common-3.3.4.jar:?]
	at org.apache.hadoop.ipc.RPC$Server.call(RPC.java:1093) [hadoop-common-3.3.4.jar:?]
	at org.apache.hadoop.ipc.Server$RpcCall.run(Server.java:1043) [hadoop-common-3.3.4.jar:?]
	at org.apache.hadoop.ipc.Server$RpcCall.run(Server.java:971) [hadoop-common-3.3.4.jar:?]
	at java.security.AccessController.doPrivileged(Native Method) ~[?:1.8.0_352]
	at javax.security.auth.Subject.doAs(Subject.java:422) [?:1.8.0_352]
	at org.apache.hadoop.security.UserGroupInformation.doAs(UserGroupInformation.java:1878) [hadoop-common-3.3.4.jar:?]
	at org.apache.hadoop.ipc.Server$Handler.run(Server.java:2976) [hadoop-common-3.3.4.jar:?]
]]></system-out>
  </testcase>
  <testcase name="testNonExplicitlyCreatedPathExistsAfterItsLeafsWereRemoved" classname="TestOzoneFileSystem" time="0.018">
    <system-out><![CDATA[20:32:19.008 [IPC Server handler 0 on default port 38041] ERROR OMAudit - user=runner | ip=127.0.0.1 | op=GET_FILE_STATUS {volume=volume53399, bucket=bucket90109, key=target/leaf, dataSize=0, replicationConfig=null} | ret=FAILURE
org.apache.hadoop.ozone.om.exceptions.OMException: Unable to get file status: volume: volume53399 bucket: bucket90109 key: target/leaf
	at org.apache.hadoop.ozone.om.KeyManagerImpl.getOzoneFileStatus(KeyManagerImpl.java:1301) ~[ozone-manager-1.4.0-SNAPSHOT.jar:?]
	at org.apache.hadoop.ozone.om.KeyManagerImpl.getFileStatus(KeyManagerImpl.java:1219) ~[ozone-manager-1.4.0-SNAPSHOT.jar:?]
	at org.apache.hadoop.ozone.om.OzoneManager.getFileStatus(OzoneManager.java:3498) ~[ozone-manager-1.4.0-SNAPSHOT.jar:?]
	at org.apache.hadoop.ozone.protocolPB.OzoneManagerRequestHandler.getOzoneFileStatus(OzoneManagerRequestHandler.java:913) ~[ozone-manager-1.4.0-SNAPSHOT.jar:?]
	at org.apache.hadoop.ozone.protocolPB.OzoneManagerRequestHandler.handleReadRequest(OzoneManagerRequestHandler.java:233) ~[ozone-manager-1.4.0-SNAPSHOT.jar:?]
	at org.apache.hadoop.ozone.protocolPB.OzoneManagerProtocolServerSideTranslatorPB.submitReadRequestToOM(OzoneManagerProtocolServerSideTranslatorPB.java:226) ~[ozone-manager-1.4.0-SNAPSHOT.jar:?]
	at org.apache.hadoop.ozone.protocolPB.OzoneManagerProtocolServerSideTranslatorPB.processRequest(OzoneManagerProtocolServerSideTranslatorPB.java:175) ~[ozone-manager-1.4.0-SNAPSHOT.jar:?]
	at org.apache.hadoop.hdds.server.OzoneProtocolMessageDispatcher.processRequest(OzoneProtocolMessageDispatcher.java:87) [hdds-server-framework-1.4.0-SNAPSHOT.jar:?]
	at org.apache.hadoop.ozone.protocolPB.OzoneManagerProtocolServerSideTranslatorPB.submitRequest(OzoneManagerProtocolServerSideTranslatorPB.java:147) [ozone-manager-1.4.0-SNAPSHOT.jar:?]
	at org.apache.hadoop.ozone.protocol.proto.OzoneManagerProtocolProtos$OzoneManagerService$2.callBlockingMethod(OzoneManagerProtocolProtos.java) [ozone-interface-client-1.4.0-SNAPSHOT.jar:?]
	at org.apache.hadoop.ipc.ProtobufRpcEngine$Server.processCall(ProtobufRpcEngine.java:465) [hadoop-common-3.3.4.jar:?]
	at org.apache.hadoop.ipc.ProtobufRpcEngine2$Server$ProtoBufRpcInvoker.call(ProtobufRpcEngine2.java:578) [hadoop-common-3.3.4.jar:?]
	at org.apache.hadoop.ipc.ProtobufRpcEngine2$Server$ProtoBufRpcInvoker.call(ProtobufRpcEngine2.java:556) [hadoop-common-3.3.4.jar:?]
	at org.apache.hadoop.ipc.RPC$Server.call(RPC.java:1093) [hadoop-common-3.3.4.jar:?]
	at org.apache.hadoop.ipc.Server$RpcCall.run(Server.java:1043) [hadoop-common-3.3.4.jar:?]
	at org.apache.hadoop.ipc.Server$RpcCall.run(Server.java:971) [hadoop-common-3.3.4.jar:?]
	at java.security.AccessController.doPrivileged(Native Method) ~[?:1.8.0_352]
	at javax.security.auth.Subject.doAs(Subject.java:422) [?:1.8.0_352]
	at org.apache.hadoop.security.UserGroupInformation.doAs(UserGroupInformation.java:1878) [hadoop-common-3.3.4.jar:?]
	at org.apache.hadoop.ipc.Server$Handler.run(Server.java:2976) [hadoop-common-3.3.4.jar:?]
]]></system-out>
  </testcase>
  <testcase name="testNonExplicitlyCreatedPathExistsAfterItsLeafsWereRemoved" classname="TestOzoneFileSystem" time="0.009">
    <system-out><![CDATA[20:33:24.951 [IPC Server handler 0 on default port 35105] ERROR OMAudit - user=runner | ip=127.0.0.1 | op=GET_FILE_STATUS {volume=volume38800, bucket=bucket46934, key=target/leaf, dataSize=0, replicationConfig=null} | ret=FAILURE
org.apache.hadoop.ozone.om.exceptions.OMException: Unable to get file status: volume: volume38800 bucket: bucket46934 key: target/leaf
	at org.apache.hadoop.ozone.om.KeyManagerImpl.getOzoneFileStatus(KeyManagerImpl.java:1301) ~[ozone-manager-1.4.0-SNAPSHOT.jar:?]
	at org.apache.hadoop.ozone.om.KeyManagerImpl.getFileStatus(KeyManagerImpl.java:1219) ~[ozone-manager-1.4.0-SNAPSHOT.jar:?]
	at org.apache.hadoop.ozone.om.OzoneManager.getFileStatus(OzoneManager.java:3498) ~[ozone-manager-1.4.0-SNAPSHOT.jar:?]
	at org.apache.hadoop.ozone.protocolPB.OzoneManagerRequestHandler.getOzoneFileStatus(OzoneManagerRequestHandler.java:913) ~[ozone-manager-1.4.0-SNAPSHOT.jar:?]
	at org.apache.hadoop.ozone.protocolPB.OzoneManagerRequestHandler.handleReadRequest(OzoneManagerRequestHandler.java:233) ~[ozone-manager-1.4.0-SNAPSHOT.jar:?]
	at org.apache.hadoop.ozone.protocolPB.OzoneManagerProtocolServerSideTranslatorPB.submitRequestDirectlyToOM(OzoneManagerProtocolServerSideTranslatorPB.java:276) ~[ozone-manager-1.4.0-SNAPSHOT.jar:?]
	at org.apache.hadoop.ozone.protocolPB.OzoneManagerProtocolServerSideTranslatorPB.processRequest(OzoneManagerProtocolServerSideTranslatorPB.java:205) ~[ozone-manager-1.4.0-SNAPSHOT.jar:?]
	at org.apache.hadoop.hdds.server.OzoneProtocolMessageDispatcher.processRequest(OzoneProtocolMessageDispatcher.java:87) [hdds-server-framework-1.4.0-SNAPSHOT.jar:?]
	at org.apache.hadoop.ozone.protocolPB.OzoneManagerProtocolServerSideTranslatorPB.submitRequest(OzoneManagerProtocolServerSideTranslatorPB.java:147) [ozone-manager-1.4.0-SNAPSHOT.jar:?]
	at org.apache.hadoop.ozone.protocol.proto.OzoneManagerProtocolProtos$OzoneManagerService$2.callBlockingMethod(OzoneManagerProtocolProtos.java) [ozone-interface-client-1.4.0-SNAPSHOT.jar:?]
	at org.apache.hadoop.ipc.ProtobufRpcEngine$Server.processCall(ProtobufRpcEngine.java:465) [hadoop-common-3.3.4.jar:?]
	at org.apache.hadoop.ipc.ProtobufRpcEngine2$Server$ProtoBufRpcInvoker.call(ProtobufRpcEngine2.java:578) [hadoop-common-3.3.4.jar:?]
	at org.apache.hadoop.ipc.ProtobufRpcEngine2$Server$ProtoBufRpcInvoker.call(ProtobufRpcEngine2.java:556) [hadoop-common-3.3.4.jar:?]
	at org.apache.hadoop.ipc.RPC$Server.call(RPC.java:1093) [hadoop-common-3.3.4.jar:?]
	at org.apache.hadoop.ipc.Server$RpcCall.run(Server.java:1043) [hadoop-common-3.3.4.jar:?]
	at org.apache.hadoop.ipc.Server$RpcCall.run(Server.java:971) [hadoop-common-3.3.4.jar:?]
	at java.security.AccessController.doPrivileged(Native Method) ~[?:1.8.0_352]
	at javax.security.auth.Subject.doAs(Subject.java:422) [?:1.8.0_352]
	at org.apache.hadoop.security.UserGroupInformation.doAs(UserGroupInformation.java:1878) [hadoop-common-3.3.4.jar:?]
	at org.apache.hadoop.ipc.Server$Handler.run(Server.java:2976) [hadoop-common-3.3.4.jar:?]
]]></system-out>
  </testcase>
  <testcase name="testCreateFileShouldCheckExistenceOfDirWithSameName" classname="TestOzoneFileSystem" time="0.048">
    <system-out><![CDATA[2023-01-26 20:30:04,450 [OM StateMachine ApplyTransaction Thread - 0] INFO  key.OMKeyRequest (OMKeyRequest.java:wrapUncommittedBlocksAsPseudoKey(837)) - Detect allocated but uncommitted blocks [{blockID={containerID=1, localID=111677748019200034}, length=4194304, offset=0, token=null, pipeline=null, createVersion=0, partNumber=0}] in key d1/d2/d3/d4/key1.
20:30:04.457 [OM StateMachine ApplyTransaction Thread - 0] ERROR OMAudit - user=runner | ip=127.0.0.1 | op=CREATE_FILE {volume=volume83577, bucket=bucket75634, key=d1/d2/d3/d4/key2, dataSize=4194304, replicationType=RATIS, replicationFactor=THREE} | ret=FAILURE
org.apache.hadoop.ozone.om.exceptions.OMException: Can not write to directory: d1/d2/d3/d4/key2
	at org.apache.hadoop.ozone.om.request.file.OMFileCreateRequest.checkDirectoryResult(OMFileCreateRequest.java:367) ~[ozone-manager-1.4.0-SNAPSHOT.jar:?]
	at org.apache.hadoop.ozone.om.request.file.OMFileCreateRequest.validateAndUpdateCache(OMFileCreateRequest.java:241) ~[ozone-manager-1.4.0-SNAPSHOT.jar:?]
	at org.apache.hadoop.ozone.protocolPB.OzoneManagerRequestHandler.handleWriteRequest(OzoneManagerRequestHandler.java:317) ~[ozone-manager-1.4.0-SNAPSHOT.jar:?]
	at org.apache.hadoop.ozone.om.ratis.OzoneManagerStateMachine.runCommand(OzoneManagerStateMachine.java:533) ~[ozone-manager-1.4.0-SNAPSHOT.jar:?]
	at org.apache.hadoop.ozone.om.ratis.OzoneManagerStateMachine.lambda$1(OzoneManagerStateMachine.java:324) ~[ozone-manager-1.4.0-SNAPSHOT.jar:?]
	at java.util.concurrent.CompletableFuture$AsyncSupply.run(CompletableFuture.java:1604) [?:1.8.0_352]
	at java.util.concurrent.ThreadPoolExecutor.runWorker(ThreadPoolExecutor.java:1149) [?:1.8.0_352]
	at java.util.concurrent.ThreadPoolExecutor$Worker.run(ThreadPoolExecutor.java:624) [?:1.8.0_352]
	at java.lang.Thread.run(Thread.java:750) [?:1.8.0_352]
2023-01-26 20:30:04,458 [OM StateMachine ApplyTransaction Thread - 0] ERROR file.OMFileCreateRequest (OMFileCreateRequest.java:validateAndUpdateCache(340)) - File create failed. Volume:volume83577, Bucket:bucket75634, Keyd1/d2/d3/d4/key2.
NOT_A_FILE org.apache.hadoop.ozone.om.exceptions.OMException: Can not write to directory: d1/d2/d3/d4/key2
	at org.apache.hadoop.ozone.om.request.file.OMFileCreateRequest.checkDirectoryResult(OMFileCreateRequest.java:367)
	at org.apache.hadoop.ozone.om.request.file.OMFileCreateRequest.validateAndUpdateCache(OMFileCreateRequest.java:241)
	at org.apache.hadoop.ozone.protocolPB.OzoneManagerRequestHandler.handleWriteRequest(OzoneManagerRequestHandler.java:317)
	at org.apache.hadoop.ozone.om.ratis.OzoneManagerStateMachine.runCommand(OzoneManagerStateMachine.java:533)
	at org.apache.hadoop.ozone.om.ratis.OzoneManagerStateMachine.lambda$1(OzoneManagerStateMachine.java:324)
	at java.util.concurrent.CompletableFuture$AsyncSupply.run(CompletableFuture.java:1604)
	at java.util.concurrent.ThreadPoolExecutor.runWorker(ThreadPoolExecutor.java:1149)
	at java.util.concurrent.ThreadPoolExecutor$Worker.run(ThreadPoolExecutor.java:624)
	at java.lang.Thread.run(Thread.java:750)
2023-01-26 20:30:04,466 [OM StateMachine ApplyTransaction Thread - 0] INFO  key.OMKeyRequest (OMKeyRequest.java:wrapUncommittedBlocksAsPseudoKey(837)) - Detect allocated but uncommitted blocks [{blockID={containerID=1, localID=111677748019200036}, length=4194304, offset=0, token=null, pipeline=null, createVersion=0, partNumber=0}] in key d1/d2/d3/d4/key3.
20:30:04.469 [OM StateMachine ApplyTransaction Thread - 0] ERROR OMAudit - user=runner | ip=127.0.0.1 | op=CREATE_DIRECTORY {volume=volume83577, bucket=bucket75634, key=d1/d2/d3/d4/key3, dataSize=0, replicationType=NONE, replicationFactor=ZERO} | ret=FAILURE
org.apache.hadoop.ozone.om.exceptions.OMException: Unable to create directory: d1/d2/d3/d4/key3 in volume/bucket: volume83577/bucket75634
	at org.apache.hadoop.ozone.om.request.file.OMDirectoryCreateRequest.validateAndUpdateCache(OMDirectoryCreateRequest.java:199) ~[ozone-manager-1.4.0-SNAPSHOT.jar:?]
	at org.apache.hadoop.ozone.protocolPB.OzoneManagerRequestHandler.handleWriteRequest(OzoneManagerRequestHandler.java:317) ~[ozone-manager-1.4.0-SNAPSHOT.jar:?]
	at org.apache.hadoop.ozone.om.ratis.OzoneManagerStateMachine.runCommand(OzoneManagerStateMachine.java:533) ~[ozone-manager-1.4.0-SNAPSHOT.jar:?]
	at org.apache.hadoop.ozone.om.ratis.OzoneManagerStateMachine.lambda$1(OzoneManagerStateMachine.java:324) ~[ozone-manager-1.4.0-SNAPSHOT.jar:?]
	at java.util.concurrent.CompletableFuture$AsyncSupply.run(CompletableFuture.java:1604) [?:1.8.0_352]
	at java.util.concurrent.ThreadPoolExecutor.runWorker(ThreadPoolExecutor.java:1149) [?:1.8.0_352]
	at java.util.concurrent.ThreadPoolExecutor$Worker.run(ThreadPoolExecutor.java:624) [?:1.8.0_352]
	at java.lang.Thread.run(Thread.java:750) [?:1.8.0_352]
2023-01-26 20:30:04,469 [OM StateMachine ApplyTransaction Thread - 0] ERROR file.OMDirectoryCreateRequest (OMDirectoryCreateRequest.java:logResult(339)) - Directory creation failed. Volume:volume83577, Bucket:bucket75634, Keyd1/d2/d3/d4/key3. Exception:{}
FILE_ALREADY_EXISTS org.apache.hadoop.ozone.om.exceptions.OMException: Unable to create directory: d1/d2/d3/d4/key3 in volume/bucket: volume83577/bucket75634
	at org.apache.hadoop.ozone.om.request.file.OMDirectoryCreateRequest.validateAndUpdateCache(OMDirectoryCreateRequest.java:199)
	at org.apache.hadoop.ozone.protocolPB.OzoneManagerRequestHandler.handleWriteRequest(OzoneManagerRequestHandler.java:317)
	at org.apache.hadoop.ozone.om.ratis.OzoneManagerStateMachine.runCommand(OzoneManagerStateMachine.java:533)
	at org.apache.hadoop.ozone.om.ratis.OzoneManagerStateMachine.lambda$1(OzoneManagerStateMachine.java:324)
	at java.util.concurrent.CompletableFuture$AsyncSupply.run(CompletableFuture.java:1604)
	at java.util.concurrent.ThreadPoolExecutor.runWorker(ThreadPoolExecutor.java:1149)
	at java.util.concurrent.ThreadPoolExecutor$Worker.run(ThreadPoolExecutor.java:624)
	at java.lang.Thread.run(Thread.java:750)
20:30:04.474 [OM StateMachine ApplyTransaction Thread - 0] ERROR OMAudit - user=runner | ip=127.0.0.1 | op=CREATE_FILE {volume=volume83577, bucket=bucket75634, key=d1/d2/d3, dataSize=4194304, replicationType=RATIS, replicationFactor=THREE} | ret=FAILURE
org.apache.hadoop.ozone.om.exceptions.OMException: Can not write to directory: d1/d2/d3
	at org.apache.hadoop.ozone.om.request.file.OMFileCreateRequest.checkDirectoryResult(OMFileCreateRequest.java:367) ~[ozone-manager-1.4.0-SNAPSHOT.jar:?]
	at org.apache.hadoop.ozone.om.request.file.OMFileCreateRequest.validateAndUpdateCache(OMFileCreateRequest.java:241) ~[ozone-manager-1.4.0-SNAPSHOT.jar:?]
	at org.apache.hadoop.ozone.protocolPB.OzoneManagerRequestHandler.handleWriteRequest(OzoneManagerRequestHandler.java:317) ~[ozone-manager-1.4.0-SNAPSHOT.jar:?]
	at org.apache.hadoop.ozone.om.ratis.OzoneManagerStateMachine.runCommand(OzoneManagerStateMachine.java:533) ~[ozone-manager-1.4.0-SNAPSHOT.jar:?]
	at org.apache.hadoop.ozone.om.ratis.OzoneManagerStateMachine.lambda$1(OzoneManagerStateMachine.java:324) ~[ozone-manager-1.4.0-SNAPSHOT.jar:?]
	at java.util.concurrent.CompletableFuture$AsyncSupply.run(CompletableFuture.java:1604) [?:1.8.0_352]
	at java.util.concurrent.ThreadPoolExecutor.runWorker(ThreadPoolExecutor.java:1149) [?:1.8.0_352]
	at java.util.concurrent.ThreadPoolExecutor$Worker.run(ThreadPoolExecutor.java:624) [?:1.8.0_352]
	at java.lang.Thread.run(Thread.java:750) [?:1.8.0_352]
2023-01-26 20:30:04,474 [OM StateMachine ApplyTransaction Thread - 0] ERROR file.OMFileCreateRequest (OMFileCreateRequest.java:validateAndUpdateCache(340)) - File create failed. Volume:volume83577, Bucket:bucket75634, Keyd1/d2/d3.
NOT_A_FILE org.apache.hadoop.ozone.om.exceptions.OMException: Can not write to directory: d1/d2/d3
	at org.apache.hadoop.ozone.om.request.file.OMFileCreateRequest.checkDirectoryResult(OMFileCreateRequest.java:367)
	at org.apache.hadoop.ozone.om.request.file.OMFileCreateRequest.validateAndUpdateCache(OMFileCreateRequest.java:241)
	at org.apache.hadoop.ozone.protocolPB.OzoneManagerRequestHandler.handleWriteRequest(OzoneManagerRequestHandler.java:317)
	at org.apache.hadoop.ozone.om.ratis.OzoneManagerStateMachine.runCommand(OzoneManagerStateMachine.java:533)
	at org.apache.hadoop.ozone.om.ratis.OzoneManagerStateMachine.lambda$1(OzoneManagerStateMachine.java:324)
	at java.util.concurrent.CompletableFuture$AsyncSupply.run(CompletableFuture.java:1604)
	at java.util.concurrent.ThreadPoolExecutor.runWorker(ThreadPoolExecutor.java:1149)
	at java.util.concurrent.ThreadPoolExecutor$Worker.run(ThreadPoolExecutor.java:624)
	at java.lang.Thread.run(Thread.java:750)
20:30:04.476 [IPC Server handler 3 on default port 38181] ERROR OMAudit - user=runner | ip=127.0.0.1 | op=GET_FILE_STATUS {volume=volume83577, bucket=bucket75634, key=d1/d2/d3/d4/key3/invalid, dataSize=0, replicationConfig=null} | ret=FAILURE
org.apache.hadoop.ozone.om.exceptions.OMException: Unable to get file status: volume: volume83577 bucket: bucket75634 key: d1/d2/d3/d4/key3/invalid
	at org.apache.hadoop.ozone.om.KeyManagerImpl.getOzoneFileStatus(KeyManagerImpl.java:1301) ~[ozone-manager-1.4.0-SNAPSHOT.jar:?]
	at org.apache.hadoop.ozone.om.KeyManagerImpl.getFileStatus(KeyManagerImpl.java:1219) ~[ozone-manager-1.4.0-SNAPSHOT.jar:?]
	at org.apache.hadoop.ozone.om.OzoneManager.getFileStatus(OzoneManager.java:3498) ~[ozone-manager-1.4.0-SNAPSHOT.jar:?]
	at org.apache.hadoop.ozone.protocolPB.OzoneManagerRequestHandler.getOzoneFileStatus(OzoneManagerRequestHandler.java:913) ~[ozone-manager-1.4.0-SNAPSHOT.jar:?]
	at org.apache.hadoop.ozone.protocolPB.OzoneManagerRequestHandler.handleReadRequest(OzoneManagerRequestHandler.java:233) ~[ozone-manager-1.4.0-SNAPSHOT.jar:?]
	at org.apache.hadoop.ozone.protocolPB.OzoneManagerProtocolServerSideTranslatorPB.submitReadRequestToOM(OzoneManagerProtocolServerSideTranslatorPB.java:226) ~[ozone-manager-1.4.0-SNAPSHOT.jar:?]
	at org.apache.hadoop.ozone.protocolPB.OzoneManagerProtocolServerSideTranslatorPB.processRequest(OzoneManagerProtocolServerSideTranslatorPB.java:175) ~[ozone-manager-1.4.0-SNAPSHOT.jar:?]
	at org.apache.hadoop.hdds.server.OzoneProtocolMessageDispatcher.processRequest(OzoneProtocolMessageDispatcher.java:87) [hdds-server-framework-1.4.0-SNAPSHOT.jar:?]
	at org.apache.hadoop.ozone.protocolPB.OzoneManagerProtocolServerSideTranslatorPB.submitRequest(OzoneManagerProtocolServerSideTranslatorPB.java:147) [ozone-manager-1.4.0-SNAPSHOT.jar:?]
	at org.apache.hadoop.ozone.protocol.proto.OzoneManagerProtocolProtos$OzoneManagerService$2.callBlockingMethod(OzoneManagerProtocolProtos.java) [ozone-interface-client-1.4.0-SNAPSHOT.jar:?]
	at org.apache.hadoop.ipc.ProtobufRpcEngine$Server.processCall(ProtobufRpcEngine.java:465) [hadoop-common-3.3.4.jar:?]
	at org.apache.hadoop.ipc.ProtobufRpcEngine2$Server$ProtoBufRpcInvoker.call(ProtobufRpcEngine2.java:578) [hadoop-common-3.3.4.jar:?]
	at org.apache.hadoop.ipc.ProtobufRpcEngine2$Server$ProtoBufRpcInvoker.call(ProtobufRpcEngine2.java:556) [hadoop-common-3.3.4.jar:?]
	at org.apache.hadoop.ipc.RPC$Server.call(RPC.java:1093) [hadoop-common-3.3.4.jar:?]
	at org.apache.hadoop.ipc.Server$RpcCall.run(Server.java:1043) [hadoop-common-3.3.4.jar:?]
	at org.apache.hadoop.ipc.Server$RpcCall.run(Server.java:971) [hadoop-common-3.3.4.jar:?]
	at java.security.AccessController.doPrivileged(Native Method) ~[?:1.8.0_352]
	at javax.security.auth.Subject.doAs(Subject.java:422) [?:1.8.0_352]
	at org.apache.hadoop.security.UserGroupInformation.doAs(UserGroupInformation.java:1878) [hadoop-common-3.3.4.jar:?]
	at org.apache.hadoop.ipc.Server$Handler.run(Server.java:2976) [hadoop-common-3.3.4.jar:?]
20:30:04.478 [IPC Server handler 1 on default port 38181] ERROR OMAudit - user=runner | ip=127.0.0.1 | op=GET_FILE_STATUS {volume=volume83577, bucket=bucket75634, key=d1/d2/d3/d4/invalidkey, dataSize=0, replicationConfig=null} | ret=FAILURE
org.apache.hadoop.ozone.om.exceptions.OMException: Unable to get file status: volume: volume83577 bucket: bucket75634 key: d1/d2/d3/d4/invalidkey
	at org.apache.hadoop.ozone.om.KeyManagerImpl.getOzoneFileStatus(KeyManagerImpl.java:1301) ~[ozone-manager-1.4.0-SNAPSHOT.jar:?]
	at org.apache.hadoop.ozone.om.KeyManagerImpl.getFileStatus(KeyManagerImpl.java:1219) ~[ozone-manager-1.4.0-SNAPSHOT.jar:?]
	at org.apache.hadoop.ozone.om.OzoneManager.getFileStatus(OzoneManager.java:3498) ~[ozone-manager-1.4.0-SNAPSHOT.jar:?]
	at org.apache.hadoop.ozone.protocolPB.OzoneManagerRequestHandler.getOzoneFileStatus(OzoneManagerRequestHandler.java:913) ~[ozone-manager-1.4.0-SNAPSHOT.jar:?]
	at org.apache.hadoop.ozone.protocolPB.OzoneManagerRequestHandler.handleReadRequest(OzoneManagerRequestHandler.java:233) ~[ozone-manager-1.4.0-SNAPSHOT.jar:?]
	at org.apache.hadoop.ozone.protocolPB.OzoneManagerProtocolServerSideTranslatorPB.submitReadRequestToOM(OzoneManagerProtocolServerSideTranslatorPB.java:226) ~[ozone-manager-1.4.0-SNAPSHOT.jar:?]
	at org.apache.hadoop.ozone.protocolPB.OzoneManagerProtocolServerSideTranslatorPB.processRequest(OzoneManagerProtocolServerSideTranslatorPB.java:175) ~[ozone-manager-1.4.0-SNAPSHOT.jar:?]
	at org.apache.hadoop.hdds.server.OzoneProtocolMessageDispatcher.processRequest(OzoneProtocolMessageDispatcher.java:87) [hdds-server-framework-1.4.0-SNAPSHOT.jar:?]
	at org.apache.hadoop.ozone.protocolPB.OzoneManagerProtocolServerSideTranslatorPB.submitRequest(OzoneManagerProtocolServerSideTranslatorPB.java:147) [ozone-manager-1.4.0-SNAPSHOT.jar:?]
	at org.apache.hadoop.ozone.protocol.proto.OzoneManagerProtocolProtos$OzoneManagerService$2.callBlockingMethod(OzoneManagerProtocolProtos.java) [ozone-interface-client-1.4.0-SNAPSHOT.jar:?]
	at org.apache.hadoop.ipc.ProtobufRpcEngine$Server.processCall(ProtobufRpcEngine.java:465) [hadoop-common-3.3.4.jar:?]
	at org.apache.hadoop.ipc.ProtobufRpcEngine2$Server$ProtoBufRpcInvoker.call(ProtobufRpcEngine2.java:578) [hadoop-common-3.3.4.jar:?]
	at org.apache.hadoop.ipc.ProtobufRpcEngine2$Server$ProtoBufRpcInvoker.call(ProtobufRpcEngine2.java:556) [hadoop-common-3.3.4.jar:?]
	at org.apache.hadoop.ipc.RPC$Server.call(RPC.java:1093) [hadoop-common-3.3.4.jar:?]
	at org.apache.hadoop.ipc.Server$RpcCall.run(Server.java:1043) [hadoop-common-3.3.4.jar:?]
	at org.apache.hadoop.ipc.Server$RpcCall.run(Server.java:971) [hadoop-common-3.3.4.jar:?]
	at java.security.AccessController.doPrivileged(Native Method) ~[?:1.8.0_352]
	at javax.security.auth.Subject.doAs(Subject.java:422) [?:1.8.0_352]
	at org.apache.hadoop.security.UserGroupInformation.doAs(UserGroupInformation.java:1878) [hadoop-common-3.3.4.jar:?]
	at org.apache.hadoop.ipc.Server$Handler.run(Server.java:2976) [hadoop-common-3.3.4.jar:?]
]]></system-out>
  </testcase>
  <testcase name="testCreateFileShouldCheckExistenceOfDirWithSameName" classname="TestOzoneFileSystem" time="0.024">
    <system-out><![CDATA[2023-01-26 20:31:14,633 [IPC Server handler 1 on default port 37459] INFO  key.OMKeyRequest (OMKeyRequest.java:wrapUncommittedBlocksAsPseudoKey(837)) - Detect allocated but uncommitted blocks [{blockID={containerID=1, localID=111677748019200034}, length=4194304, offset=0, token=null, pipeline=null, createVersion=0, partNumber=0}] in key d1/d2/d3/d4/key1.
20:31:14.636 [IPC Server handler 3 on default port 37459] ERROR OMAudit - user=runner | ip=127.0.0.1 | op=CREATE_FILE {volume=volume58619, bucket=bucket43836, key=d1/d2/d3/d4/key2, dataSize=4194304, replicationType=RATIS, replicationFactor=THREE} | ret=FAILURE
org.apache.hadoop.ozone.om.exceptions.OMException: Can not write to directory: d1/d2/d3/d4/key2
	at org.apache.hadoop.ozone.om.request.file.OMFileCreateRequest.checkDirectoryResult(OMFileCreateRequest.java:367) ~[ozone-manager-1.4.0-SNAPSHOT.jar:?]
	at org.apache.hadoop.ozone.om.request.file.OMFileCreateRequest.validateAndUpdateCache(OMFileCreateRequest.java:241) ~[ozone-manager-1.4.0-SNAPSHOT.jar:?]
	at org.apache.hadoop.ozone.protocolPB.OzoneManagerRequestHandler.handleWriteRequest(OzoneManagerRequestHandler.java:317) ~[ozone-manager-1.4.0-SNAPSHOT.jar:?]
	at org.apache.hadoop.ozone.protocolPB.OzoneManagerProtocolServerSideTranslatorPB.submitRequestDirectlyToOM(OzoneManagerProtocolServerSideTranslatorPB.java:282) ~[ozone-manager-1.4.0-SNAPSHOT.jar:?]
	at org.apache.hadoop.ozone.protocolPB.OzoneManagerProtocolServerSideTranslatorPB.processRequest(OzoneManagerProtocolServerSideTranslatorPB.java:205) ~[ozone-manager-1.4.0-SNAPSHOT.jar:?]
	at org.apache.hadoop.hdds.server.OzoneProtocolMessageDispatcher.processRequest(OzoneProtocolMessageDispatcher.java:87) [hdds-server-framework-1.4.0-SNAPSHOT.jar:?]
	at org.apache.hadoop.ozone.protocolPB.OzoneManagerProtocolServerSideTranslatorPB.submitRequest(OzoneManagerProtocolServerSideTranslatorPB.java:147) [ozone-manager-1.4.0-SNAPSHOT.jar:?]
	at org.apache.hadoop.ozone.protocol.proto.OzoneManagerProtocolProtos$OzoneManagerService$2.callBlockingMethod(OzoneManagerProtocolProtos.java) [ozone-interface-client-1.4.0-SNAPSHOT.jar:?]
	at org.apache.hadoop.ipc.ProtobufRpcEngine$Server.processCall(ProtobufRpcEngine.java:465) [hadoop-common-3.3.4.jar:?]
	at org.apache.hadoop.ipc.ProtobufRpcEngine2$Server$ProtoBufRpcInvoker.call(ProtobufRpcEngine2.java:578) [hadoop-common-3.3.4.jar:?]
	at org.apache.hadoop.ipc.ProtobufRpcEngine2$Server$ProtoBufRpcInvoker.call(ProtobufRpcEngine2.java:556) [hadoop-common-3.3.4.jar:?]
	at org.apache.hadoop.ipc.RPC$Server.call(RPC.java:1093) [hadoop-common-3.3.4.jar:?]
	at org.apache.hadoop.ipc.Server$RpcCall.run(Server.java:1043) [hadoop-common-3.3.4.jar:?]
	at org.apache.hadoop.ipc.Server$RpcCall.run(Server.java:971) [hadoop-common-3.3.4.jar:?]
	at java.security.AccessController.doPrivileged(Native Method) ~[?:1.8.0_352]
	at javax.security.auth.Subject.doAs(Subject.java:422) [?:1.8.0_352]
	at org.apache.hadoop.security.UserGroupInformation.doAs(UserGroupInformation.java:1878) [hadoop-common-3.3.4.jar:?]
	at org.apache.hadoop.ipc.Server$Handler.run(Server.java:2976) [hadoop-common-3.3.4.jar:?]
2023-01-26 20:31:14,636 [IPC Server handler 3 on default port 37459] ERROR file.OMFileCreateRequest (OMFileCreateRequest.java:validateAndUpdateCache(340)) - File create failed. Volume:volume58619, Bucket:bucket43836, Keyd1/d2/d3/d4/key2.
NOT_A_FILE org.apache.hadoop.ozone.om.exceptions.OMException: Can not write to directory: d1/d2/d3/d4/key2
	at org.apache.hadoop.ozone.om.request.file.OMFileCreateRequest.checkDirectoryResult(OMFileCreateRequest.java:367)
	at org.apache.hadoop.ozone.om.request.file.OMFileCreateRequest.validateAndUpdateCache(OMFileCreateRequest.java:241)
	at org.apache.hadoop.ozone.protocolPB.OzoneManagerRequestHandler.handleWriteRequest(OzoneManagerRequestHandler.java:317)
	at org.apache.hadoop.ozone.protocolPB.OzoneManagerProtocolServerSideTranslatorPB.submitRequestDirectlyToOM(OzoneManagerProtocolServerSideTranslatorPB.java:282)
	at org.apache.hadoop.ozone.protocolPB.OzoneManagerProtocolServerSideTranslatorPB.processRequest(OzoneManagerProtocolServerSideTranslatorPB.java:205)
	at org.apache.hadoop.hdds.server.OzoneProtocolMessageDispatcher.processRequest(OzoneProtocolMessageDispatcher.java:87)
	at org.apache.hadoop.ozone.protocolPB.OzoneManagerProtocolServerSideTranslatorPB.submitRequest(OzoneManagerProtocolServerSideTranslatorPB.java:147)
	at org.apache.hadoop.ozone.protocol.proto.OzoneManagerProtocolProtos$OzoneManagerService$2.callBlockingMethod(OzoneManagerProtocolProtos.java)
	at org.apache.hadoop.ipc.ProtobufRpcEngine$Server.processCall(ProtobufRpcEngine.java:465)
	at org.apache.hadoop.ipc.ProtobufRpcEngine2$Server$ProtoBufRpcInvoker.call(ProtobufRpcEngine2.java:578)
	at org.apache.hadoop.ipc.ProtobufRpcEngine2$Server$ProtoBufRpcInvoker.call(ProtobufRpcEngine2.java:556)
	at org.apache.hadoop.ipc.RPC$Server.call(RPC.java:1093)
	at org.apache.hadoop.ipc.Server$RpcCall.run(Server.java:1043)
	at org.apache.hadoop.ipc.Server$RpcCall.run(Server.java:971)
	at java.security.AccessController.doPrivileged(Native Method)
	at javax.security.auth.Subject.doAs(Subject.java:422)
	at org.apache.hadoop.security.UserGroupInformation.doAs(UserGroupInformation.java:1878)
	at org.apache.hadoop.ipc.Server$Handler.run(Server.java:2976)
2023-01-26 20:31:14,641 [IPC Server handler 4 on default port 37459] INFO  key.OMKeyRequest (OMKeyRequest.java:wrapUncommittedBlocksAsPseudoKey(837)) - Detect allocated but uncommitted blocks [{blockID={containerID=4, localID=111677748019200036}, length=4194304, offset=0, token=null, pipeline=null, createVersion=0, partNumber=0}] in key d1/d2/d3/d4/key3.
20:31:14.642 [IPC Server handler 7 on default port 37459] ERROR OMAudit - user=runner | ip=127.0.0.1 | op=CREATE_DIRECTORY {volume=volume58619, bucket=bucket43836, key=d1/d2/d3/d4/key3, dataSize=0, replicationType=NONE, replicationFactor=ZERO} | ret=FAILURE
org.apache.hadoop.ozone.om.exceptions.OMException: Unable to create directory: d1/d2/d3/d4/key3 in volume/bucket: volume58619/bucket43836
	at org.apache.hadoop.ozone.om.request.file.OMDirectoryCreateRequest.validateAndUpdateCache(OMDirectoryCreateRequest.java:199) ~[ozone-manager-1.4.0-SNAPSHOT.jar:?]
	at org.apache.hadoop.ozone.protocolPB.OzoneManagerRequestHandler.handleWriteRequest(OzoneManagerRequestHandler.java:317) ~[ozone-manager-1.4.0-SNAPSHOT.jar:?]
	at org.apache.hadoop.ozone.protocolPB.OzoneManagerProtocolServerSideTranslatorPB.submitRequestDirectlyToOM(OzoneManagerProtocolServerSideTranslatorPB.java:282) ~[ozone-manager-1.4.0-SNAPSHOT.jar:?]
	at org.apache.hadoop.ozone.protocolPB.OzoneManagerProtocolServerSideTranslatorPB.processRequest(OzoneManagerProtocolServerSideTranslatorPB.java:205) ~[ozone-manager-1.4.0-SNAPSHOT.jar:?]
	at org.apache.hadoop.hdds.server.OzoneProtocolMessageDispatcher.processRequest(OzoneProtocolMessageDispatcher.java:87) [hdds-server-framework-1.4.0-SNAPSHOT.jar:?]
	at org.apache.hadoop.ozone.protocolPB.OzoneManagerProtocolServerSideTranslatorPB.submitRequest(OzoneManagerProtocolServerSideTranslatorPB.java:147) [ozone-manager-1.4.0-SNAPSHOT.jar:?]
	at org.apache.hadoop.ozone.protocol.proto.OzoneManagerProtocolProtos$OzoneManagerService$2.callBlockingMethod(OzoneManagerProtocolProtos.java) [ozone-interface-client-1.4.0-SNAPSHOT.jar:?]
	at org.apache.hadoop.ipc.ProtobufRpcEngine$Server.processCall(ProtobufRpcEngine.java:465) [hadoop-common-3.3.4.jar:?]
	at org.apache.hadoop.ipc.ProtobufRpcEngine2$Server$ProtoBufRpcInvoker.call(ProtobufRpcEngine2.java:578) [hadoop-common-3.3.4.jar:?]
	at org.apache.hadoop.ipc.ProtobufRpcEngine2$Server$ProtoBufRpcInvoker.call(ProtobufRpcEngine2.java:556) [hadoop-common-3.3.4.jar:?]
	at org.apache.hadoop.ipc.RPC$Server.call(RPC.java:1093) [hadoop-common-3.3.4.jar:?]
	at org.apache.hadoop.ipc.Server$RpcCall.run(Server.java:1043) [hadoop-common-3.3.4.jar:?]
	at org.apache.hadoop.ipc.Server$RpcCall.run(Server.java:971) [hadoop-common-3.3.4.jar:?]
	at java.security.AccessController.doPrivileged(Native Method) ~[?:1.8.0_352]
	at javax.security.auth.Subject.doAs(Subject.java:422) [?:1.8.0_352]
	at org.apache.hadoop.security.UserGroupInformation.doAs(UserGroupInformation.java:1878) [hadoop-common-3.3.4.jar:?]
	at org.apache.hadoop.ipc.Server$Handler.run(Server.java:2976) [hadoop-common-3.3.4.jar:?]
2023-01-26 20:31:14,642 [IPC Server handler 7 on default port 37459] ERROR file.OMDirectoryCreateRequest (OMDirectoryCreateRequest.java:logResult(339)) - Directory creation failed. Volume:volume58619, Bucket:bucket43836, Keyd1/d2/d3/d4/key3. Exception:{}
FILE_ALREADY_EXISTS org.apache.hadoop.ozone.om.exceptions.OMException: Unable to create directory: d1/d2/d3/d4/key3 in volume/bucket: volume58619/bucket43836
	at org.apache.hadoop.ozone.om.request.file.OMDirectoryCreateRequest.validateAndUpdateCache(OMDirectoryCreateRequest.java:199)
	at org.apache.hadoop.ozone.protocolPB.OzoneManagerRequestHandler.handleWriteRequest(OzoneManagerRequestHandler.java:317)
	at org.apache.hadoop.ozone.protocolPB.OzoneManagerProtocolServerSideTranslatorPB.submitRequestDirectlyToOM(OzoneManagerProtocolServerSideTranslatorPB.java:282)
	at org.apache.hadoop.ozone.protocolPB.OzoneManagerProtocolServerSideTranslatorPB.processRequest(OzoneManagerProtocolServerSideTranslatorPB.java:205)
	at org.apache.hadoop.hdds.server.OzoneProtocolMessageDispatcher.processRequest(OzoneProtocolMessageDispatcher.java:87)
	at org.apache.hadoop.ozone.protocolPB.OzoneManagerProtocolServerSideTranslatorPB.submitRequest(OzoneManagerProtocolServerSideTranslatorPB.java:147)
	at org.apache.hadoop.ozone.protocol.proto.OzoneManagerProtocolProtos$OzoneManagerService$2.callBlockingMethod(OzoneManagerProtocolProtos.java)
	at org.apache.hadoop.ipc.ProtobufRpcEngine$Server.processCall(ProtobufRpcEngine.java:465)
	at org.apache.hadoop.ipc.ProtobufRpcEngine2$Server$ProtoBufRpcInvoker.call(ProtobufRpcEngine2.java:578)
	at org.apache.hadoop.ipc.ProtobufRpcEngine2$Server$ProtoBufRpcInvoker.call(ProtobufRpcEngine2.java:556)
	at org.apache.hadoop.ipc.RPC$Server.call(RPC.java:1093)
	at org.apache.hadoop.ipc.Server$RpcCall.run(Server.java:1043)
	at org.apache.hadoop.ipc.Server$RpcCall.run(Server.java:971)
	at java.security.AccessController.doPrivileged(Native Method)
	at javax.security.auth.Subject.doAs(Subject.java:422)
	at org.apache.hadoop.security.UserGroupInformation.doAs(UserGroupInformation.java:1878)
	at org.apache.hadoop.ipc.Server$Handler.run(Server.java:2976)
20:31:14.645 [IPC Server handler 6 on default port 37459] ERROR OMAudit - user=runner | ip=127.0.0.1 | op=CREATE_FILE {volume=volume58619, bucket=bucket43836, key=d1/d2/d3, dataSize=4194304, replicationType=RATIS, replicationFactor=THREE} | ret=FAILURE
org.apache.hadoop.ozone.om.exceptions.OMException: Can not write to directory: d1/d2/d3
	at org.apache.hadoop.ozone.om.request.file.OMFileCreateRequest.checkDirectoryResult(OMFileCreateRequest.java:367) ~[ozone-manager-1.4.0-SNAPSHOT.jar:?]
	at org.apache.hadoop.ozone.om.request.file.OMFileCreateRequest.validateAndUpdateCache(OMFileCreateRequest.java:241) ~[ozone-manager-1.4.0-SNAPSHOT.jar:?]
	at org.apache.hadoop.ozone.protocolPB.OzoneManagerRequestHandler.handleWriteRequest(OzoneManagerRequestHandler.java:317) ~[ozone-manager-1.4.0-SNAPSHOT.jar:?]
	at org.apache.hadoop.ozone.protocolPB.OzoneManagerProtocolServerSideTranslatorPB.submitRequestDirectlyToOM(OzoneManagerProtocolServerSideTranslatorPB.java:282) ~[ozone-manager-1.4.0-SNAPSHOT.jar:?]
	at org.apache.hadoop.ozone.protocolPB.OzoneManagerProtocolServerSideTranslatorPB.processRequest(OzoneManagerProtocolServerSideTranslatorPB.java:205) ~[ozone-manager-1.4.0-SNAPSHOT.jar:?]
	at org.apache.hadoop.hdds.server.OzoneProtocolMessageDispatcher.processRequest(OzoneProtocolMessageDispatcher.java:87) [hdds-server-framework-1.4.0-SNAPSHOT.jar:?]
	at org.apache.hadoop.ozone.protocolPB.OzoneManagerProtocolServerSideTranslatorPB.submitRequest(OzoneManagerProtocolServerSideTranslatorPB.java:147) [ozone-manager-1.4.0-SNAPSHOT.jar:?]
	at org.apache.hadoop.ozone.protocol.proto.OzoneManagerProtocolProtos$OzoneManagerService$2.callBlockingMethod(OzoneManagerProtocolProtos.java) [ozone-interface-client-1.4.0-SNAPSHOT.jar:?]
	at org.apache.hadoop.ipc.ProtobufRpcEngine$Server.processCall(ProtobufRpcEngine.java:465) [hadoop-common-3.3.4.jar:?]
	at org.apache.hadoop.ipc.ProtobufRpcEngine2$Server$ProtoBufRpcInvoker.call(ProtobufRpcEngine2.java:578) [hadoop-common-3.3.4.jar:?]
	at org.apache.hadoop.ipc.ProtobufRpcEngine2$Server$ProtoBufRpcInvoker.call(ProtobufRpcEngine2.java:556) [hadoop-common-3.3.4.jar:?]
	at org.apache.hadoop.ipc.RPC$Server.call(RPC.java:1093) [hadoop-common-3.3.4.jar:?]
	at org.apache.hadoop.ipc.Server$RpcCall.run(Server.java:1043) [hadoop-common-3.3.4.jar:?]
	at org.apache.hadoop.ipc.Server$RpcCall.run(Server.java:971) [hadoop-common-3.3.4.jar:?]
	at java.security.AccessController.doPrivileged(Native Method) ~[?:1.8.0_352]
	at javax.security.auth.Subject.doAs(Subject.java:422) [?:1.8.0_352]
	at org.apache.hadoop.security.UserGroupInformation.doAs(UserGroupInformation.java:1878) [hadoop-common-3.3.4.jar:?]
	at org.apache.hadoop.ipc.Server$Handler.run(Server.java:2976) [hadoop-common-3.3.4.jar:?]
2023-01-26 20:31:14,645 [IPC Server handler 6 on default port 37459] ERROR file.OMFileCreateRequest (OMFileCreateRequest.java:validateAndUpdateCache(340)) - File create failed. Volume:volume58619, Bucket:bucket43836, Keyd1/d2/d3.
NOT_A_FILE org.apache.hadoop.ozone.om.exceptions.OMException: Can not write to directory: d1/d2/d3
	at org.apache.hadoop.ozone.om.request.file.OMFileCreateRequest.checkDirectoryResult(OMFileCreateRequest.java:367)
	at org.apache.hadoop.ozone.om.request.file.OMFileCreateRequest.validateAndUpdateCache(OMFileCreateRequest.java:241)
	at org.apache.hadoop.ozone.protocolPB.OzoneManagerRequestHandler.handleWriteRequest(OzoneManagerRequestHandler.java:317)
	at org.apache.hadoop.ozone.protocolPB.OzoneManagerProtocolServerSideTranslatorPB.submitRequestDirectlyToOM(OzoneManagerProtocolServerSideTranslatorPB.java:282)
	at org.apache.hadoop.ozone.protocolPB.OzoneManagerProtocolServerSideTranslatorPB.processRequest(OzoneManagerProtocolServerSideTranslatorPB.java:205)
	at org.apache.hadoop.hdds.server.OzoneProtocolMessageDispatcher.processRequest(OzoneProtocolMessageDispatcher.java:87)
	at org.apache.hadoop.ozone.protocolPB.OzoneManagerProtocolServerSideTranslatorPB.submitRequest(OzoneManagerProtocolServerSideTranslatorPB.java:147)
	at org.apache.hadoop.ozone.protocol.proto.OzoneManagerProtocolProtos$OzoneManagerService$2.callBlockingMethod(OzoneManagerProtocolProtos.java)
	at org.apache.hadoop.ipc.ProtobufRpcEngine$Server.processCall(ProtobufRpcEngine.java:465)
	at org.apache.hadoop.ipc.ProtobufRpcEngine2$Server$ProtoBufRpcInvoker.call(ProtobufRpcEngine2.java:578)
	at org.apache.hadoop.ipc.ProtobufRpcEngine2$Server$ProtoBufRpcInvoker.call(ProtobufRpcEngine2.java:556)
	at org.apache.hadoop.ipc.RPC$Server.call(RPC.java:1093)
	at org.apache.hadoop.ipc.Server$RpcCall.run(Server.java:1043)
	at org.apache.hadoop.ipc.Server$RpcCall.run(Server.java:971)
	at java.security.AccessController.doPrivileged(Native Method)
	at javax.security.auth.Subject.doAs(Subject.java:422)
	at org.apache.hadoop.security.UserGroupInformation.doAs(UserGroupInformation.java:1878)
	at org.apache.hadoop.ipc.Server$Handler.run(Server.java:2976)
20:31:14.647 [IPC Server handler 10 on default port 37459] ERROR OMAudit - user=runner | ip=127.0.0.1 | op=GET_FILE_STATUS {volume=volume58619, bucket=bucket43836, key=d1/d2/d3/d4/key3/invalid, dataSize=0, replicationConfig=null} | ret=FAILURE
org.apache.hadoop.ozone.om.exceptions.OMException: Unable to get file status: volume: volume58619 bucket: bucket43836 key: d1/d2/d3/d4/key3/invalid
	at org.apache.hadoop.ozone.om.KeyManagerImpl.getOzoneFileStatus(KeyManagerImpl.java:1301) ~[ozone-manager-1.4.0-SNAPSHOT.jar:?]
	at org.apache.hadoop.ozone.om.KeyManagerImpl.getFileStatus(KeyManagerImpl.java:1219) ~[ozone-manager-1.4.0-SNAPSHOT.jar:?]
	at org.apache.hadoop.ozone.om.OzoneManager.getFileStatus(OzoneManager.java:3498) ~[ozone-manager-1.4.0-SNAPSHOT.jar:?]
	at org.apache.hadoop.ozone.protocolPB.OzoneManagerRequestHandler.getOzoneFileStatus(OzoneManagerRequestHandler.java:913) ~[ozone-manager-1.4.0-SNAPSHOT.jar:?]
	at org.apache.hadoop.ozone.protocolPB.OzoneManagerRequestHandler.handleReadRequest(OzoneManagerRequestHandler.java:233) ~[ozone-manager-1.4.0-SNAPSHOT.jar:?]
	at org.apache.hadoop.ozone.protocolPB.OzoneManagerProtocolServerSideTranslatorPB.submitRequestDirectlyToOM(OzoneManagerProtocolServerSideTranslatorPB.java:276) ~[ozone-manager-1.4.0-SNAPSHOT.jar:?]
	at org.apache.hadoop.ozone.protocolPB.OzoneManagerProtocolServerSideTranslatorPB.processRequest(OzoneManagerProtocolServerSideTranslatorPB.java:205) ~[ozone-manager-1.4.0-SNAPSHOT.jar:?]
	at org.apache.hadoop.hdds.server.OzoneProtocolMessageDispatcher.processRequest(OzoneProtocolMessageDispatcher.java:87) [hdds-server-framework-1.4.0-SNAPSHOT.jar:?]
	at org.apache.hadoop.ozone.protocolPB.OzoneManagerProtocolServerSideTranslatorPB.submitRequest(OzoneManagerProtocolServerSideTranslatorPB.java:147) [ozone-manager-1.4.0-SNAPSHOT.jar:?]
	at org.apache.hadoop.ozone.protocol.proto.OzoneManagerProtocolProtos$OzoneManagerService$2.callBlockingMethod(OzoneManagerProtocolProtos.java) [ozone-interface-client-1.4.0-SNAPSHOT.jar:?]
	at org.apache.hadoop.ipc.ProtobufRpcEngine$Server.processCall(ProtobufRpcEngine.java:465) [hadoop-common-3.3.4.jar:?]
	at org.apache.hadoop.ipc.ProtobufRpcEngine2$Server$ProtoBufRpcInvoker.call(ProtobufRpcEngine2.java:578) [hadoop-common-3.3.4.jar:?]
	at org.apache.hadoop.ipc.ProtobufRpcEngine2$Server$ProtoBufRpcInvoker.call(ProtobufRpcEngine2.java:556) [hadoop-common-3.3.4.jar:?]
	at org.apache.hadoop.ipc.RPC$Server.call(RPC.java:1093) [hadoop-common-3.3.4.jar:?]
	at org.apache.hadoop.ipc.Server$RpcCall.run(Server.java:1043) [hadoop-common-3.3.4.jar:?]
	at org.apache.hadoop.ipc.Server$RpcCall.run(Server.java:971) [hadoop-common-3.3.4.jar:?]
	at java.security.AccessController.doPrivileged(Native Method) ~[?:1.8.0_352]
	at javax.security.auth.Subject.doAs(Subject.java:422) [?:1.8.0_352]
	at org.apache.hadoop.security.UserGroupInformation.doAs(UserGroupInformation.java:1878) [hadoop-common-3.3.4.jar:?]
	at org.apache.hadoop.ipc.Server$Handler.run(Server.java:2976) [hadoop-common-3.3.4.jar:?]
20:31:14.648 [IPC Server handler 9 on default port 37459] ERROR OMAudit - user=runner | ip=127.0.0.1 | op=GET_FILE_STATUS {volume=volume58619, bucket=bucket43836, key=d1/d2/d3/d4/invalidkey, dataSize=0, replicationConfig=null} | ret=FAILURE
org.apache.hadoop.ozone.om.exceptions.OMException: Unable to get file status: volume: volume58619 bucket: bucket43836 key: d1/d2/d3/d4/invalidkey
	at org.apache.hadoop.ozone.om.KeyManagerImpl.getOzoneFileStatus(KeyManagerImpl.java:1301) ~[ozone-manager-1.4.0-SNAPSHOT.jar:?]
	at org.apache.hadoop.ozone.om.KeyManagerImpl.getFileStatus(KeyManagerImpl.java:1219) ~[ozone-manager-1.4.0-SNAPSHOT.jar:?]
	at org.apache.hadoop.ozone.om.OzoneManager.getFileStatus(OzoneManager.java:3498) ~[ozone-manager-1.4.0-SNAPSHOT.jar:?]
	at org.apache.hadoop.ozone.protocolPB.OzoneManagerRequestHandler.getOzoneFileStatus(OzoneManagerRequestHandler.java:913) ~[ozone-manager-1.4.0-SNAPSHOT.jar:?]
	at org.apache.hadoop.ozone.protocolPB.OzoneManagerRequestHandler.handleReadRequest(OzoneManagerRequestHandler.java:233) ~[ozone-manager-1.4.0-SNAPSHOT.jar:?]
	at org.apache.hadoop.ozone.protocolPB.OzoneManagerProtocolServerSideTranslatorPB.submitRequestDirectlyToOM(OzoneManagerProtocolServerSideTranslatorPB.java:276) ~[ozone-manager-1.4.0-SNAPSHOT.jar:?]
	at org.apache.hadoop.ozone.protocolPB.OzoneManagerProtocolServerSideTranslatorPB.processRequest(OzoneManagerProtocolServerSideTranslatorPB.java:205) ~[ozone-manager-1.4.0-SNAPSHOT.jar:?]
	at org.apache.hadoop.hdds.server.OzoneProtocolMessageDispatcher.processRequest(OzoneProtocolMessageDispatcher.java:87) [hdds-server-framework-1.4.0-SNAPSHOT.jar:?]
	at org.apache.hadoop.ozone.protocolPB.OzoneManagerProtocolServerSideTranslatorPB.submitRequest(OzoneManagerProtocolServerSideTranslatorPB.java:147) [ozone-manager-1.4.0-SNAPSHOT.jar:?]
	at org.apache.hadoop.ozone.protocol.proto.OzoneManagerProtocolProtos$OzoneManagerService$2.callBlockingMethod(OzoneManagerProtocolProtos.java) [ozone-interface-client-1.4.0-SNAPSHOT.jar:?]
	at org.apache.hadoop.ipc.ProtobufRpcEngine$Server.processCall(ProtobufRpcEngine.java:465) [hadoop-common-3.3.4.jar:?]
	at org.apache.hadoop.ipc.ProtobufRpcEngine2$Server$ProtoBufRpcInvoker.call(ProtobufRpcEngine2.java:578) [hadoop-common-3.3.4.jar:?]
	at org.apache.hadoop.ipc.ProtobufRpcEngine2$Server$ProtoBufRpcInvoker.call(ProtobufRpcEngine2.java:556) [hadoop-common-3.3.4.jar:?]
	at org.apache.hadoop.ipc.RPC$Server.call(RPC.java:1093) [hadoop-common-3.3.4.jar:?]
	at org.apache.hadoop.ipc.Server$RpcCall.run(Server.java:1043) [hadoop-common-3.3.4.jar:?]
	at org.apache.hadoop.ipc.Server$RpcCall.run(Server.java:971) [hadoop-common-3.3.4.jar:?]
	at java.security.AccessController.doPrivileged(Native Method) ~[?:1.8.0_352]
	at javax.security.auth.Subject.doAs(Subject.java:422) [?:1.8.0_352]
	at org.apache.hadoop.security.UserGroupInformation.doAs(UserGroupInformation.java:1878) [hadoop-common-3.3.4.jar:?]
	at org.apache.hadoop.ipc.Server$Handler.run(Server.java:2976) [hadoop-common-3.3.4.jar:?]
]]></system-out>
  </testcase>
  <testcase name="testCreateFileShouldCheckExistenceOfDirWithSameName" classname="TestOzoneFileSystem" time="0.025">
    <system-out><![CDATA[2023-01-26 20:32:19,025 [OM StateMachine ApplyTransaction Thread - 0] INFO  key.OMKeyRequest (OMKeyRequest.java:wrapUncommittedBlocksAsPseudoKey(837)) - Detect allocated but uncommitted blocks [{blockID={containerID=1, localID=111677748019200034}, length=4194304, offset=0, token=null, pipeline=null, createVersion=0, partNumber=0}] in key d1/d2/d3/d4/key1.
20:32:19.028 [OM StateMachine ApplyTransaction Thread - 0] ERROR OMAudit - user=runner | ip=127.0.0.1 | op=CREATE_FILE {volume=volume53399, bucket=bucket90109, key=d1/d2/d3/d4/key2, dataSize=4194304, replicationType=RATIS, replicationFactor=THREE} | ret=FAILURE
org.apache.hadoop.ozone.om.exceptions.OMException: Can not write to directory: d1/d2/d3/d4/key2
	at org.apache.hadoop.ozone.om.request.file.OMFileCreateRequest.checkDirectoryResult(OMFileCreateRequest.java:367) ~[ozone-manager-1.4.0-SNAPSHOT.jar:?]
	at org.apache.hadoop.ozone.om.request.file.OMFileCreateRequest.validateAndUpdateCache(OMFileCreateRequest.java:241) ~[ozone-manager-1.4.0-SNAPSHOT.jar:?]
	at org.apache.hadoop.ozone.protocolPB.OzoneManagerRequestHandler.handleWriteRequest(OzoneManagerRequestHandler.java:317) ~[ozone-manager-1.4.0-SNAPSHOT.jar:?]
	at org.apache.hadoop.ozone.om.ratis.OzoneManagerStateMachine.runCommand(OzoneManagerStateMachine.java:533) ~[ozone-manager-1.4.0-SNAPSHOT.jar:?]
	at org.apache.hadoop.ozone.om.ratis.OzoneManagerStateMachine.lambda$1(OzoneManagerStateMachine.java:324) ~[ozone-manager-1.4.0-SNAPSHOT.jar:?]
	at java.util.concurrent.CompletableFuture$AsyncSupply.run(CompletableFuture.java:1604) [?:1.8.0_352]
	at java.util.concurrent.ThreadPoolExecutor.runWorker(ThreadPoolExecutor.java:1149) [?:1.8.0_352]
	at java.util.concurrent.ThreadPoolExecutor$Worker.run(ThreadPoolExecutor.java:624) [?:1.8.0_352]
	at java.lang.Thread.run(Thread.java:750) [?:1.8.0_352]
2023-01-26 20:32:19,028 [OM StateMachine ApplyTransaction Thread - 0] ERROR file.OMFileCreateRequest (OMFileCreateRequest.java:validateAndUpdateCache(340)) - File create failed. Volume:volume53399, Bucket:bucket90109, Keyd1/d2/d3/d4/key2.
NOT_A_FILE org.apache.hadoop.ozone.om.exceptions.OMException: Can not write to directory: d1/d2/d3/d4/key2
	at org.apache.hadoop.ozone.om.request.file.OMFileCreateRequest.checkDirectoryResult(OMFileCreateRequest.java:367)
	at org.apache.hadoop.ozone.om.request.file.OMFileCreateRequest.validateAndUpdateCache(OMFileCreateRequest.java:241)
	at org.apache.hadoop.ozone.protocolPB.OzoneManagerRequestHandler.handleWriteRequest(OzoneManagerRequestHandler.java:317)
	at org.apache.hadoop.ozone.om.ratis.OzoneManagerStateMachine.runCommand(OzoneManagerStateMachine.java:533)
	at org.apache.hadoop.ozone.om.ratis.OzoneManagerStateMachine.lambda$1(OzoneManagerStateMachine.java:324)
	at java.util.concurrent.CompletableFuture$AsyncSupply.run(CompletableFuture.java:1604)
	at java.util.concurrent.ThreadPoolExecutor.runWorker(ThreadPoolExecutor.java:1149)
	at java.util.concurrent.ThreadPoolExecutor$Worker.run(ThreadPoolExecutor.java:624)
	at java.lang.Thread.run(Thread.java:750)
2023-01-26 20:32:19,032 [OM StateMachine ApplyTransaction Thread - 0] INFO  key.OMKeyRequest (OMKeyRequest.java:wrapUncommittedBlocksAsPseudoKey(837)) - Detect allocated but uncommitted blocks [{blockID={containerID=1, localID=111677748019200036}, length=4194304, offset=0, token=null, pipeline=null, createVersion=0, partNumber=0}] in key d1/d2/d3/d4/key3.
20:32:19.033 [OM StateMachine ApplyTransaction Thread - 0] ERROR OMAudit - user=runner | ip=127.0.0.1 | op=CREATE_DIRECTORY {volume=volume53399, bucket=bucket90109, key=d1/d2/d3/d4/key3, dataSize=0, replicationType=NONE, replicationFactor=ZERO} | ret=FAILURE
org.apache.hadoop.ozone.om.exceptions.OMException: Unable to create directory: d1/d2/d3/d4/key3 in volume/bucket: volume53399/bucket90109
	at org.apache.hadoop.ozone.om.request.file.OMDirectoryCreateRequest.validateAndUpdateCache(OMDirectoryCreateRequest.java:199) ~[ozone-manager-1.4.0-SNAPSHOT.jar:?]
	at org.apache.hadoop.ozone.protocolPB.OzoneManagerRequestHandler.handleWriteRequest(OzoneManagerRequestHandler.java:317) ~[ozone-manager-1.4.0-SNAPSHOT.jar:?]
	at org.apache.hadoop.ozone.om.ratis.OzoneManagerStateMachine.runCommand(OzoneManagerStateMachine.java:533) ~[ozone-manager-1.4.0-SNAPSHOT.jar:?]
	at org.apache.hadoop.ozone.om.ratis.OzoneManagerStateMachine.lambda$1(OzoneManagerStateMachine.java:324) ~[ozone-manager-1.4.0-SNAPSHOT.jar:?]
	at java.util.concurrent.CompletableFuture$AsyncSupply.run(CompletableFuture.java:1604) [?:1.8.0_352]
	at java.util.concurrent.ThreadPoolExecutor.runWorker(ThreadPoolExecutor.java:1149) [?:1.8.0_352]
	at java.util.concurrent.ThreadPoolExecutor$Worker.run(ThreadPoolExecutor.java:624) [?:1.8.0_352]
	at java.lang.Thread.run(Thread.java:750) [?:1.8.0_352]
2023-01-26 20:32:19,033 [OM StateMachine ApplyTransaction Thread - 0] ERROR file.OMDirectoryCreateRequest (OMDirectoryCreateRequest.java:logResult(339)) - Directory creation failed. Volume:volume53399, Bucket:bucket90109, Keyd1/d2/d3/d4/key3. Exception:{}
FILE_ALREADY_EXISTS org.apache.hadoop.ozone.om.exceptions.OMException: Unable to create directory: d1/d2/d3/d4/key3 in volume/bucket: volume53399/bucket90109
	at org.apache.hadoop.ozone.om.request.file.OMDirectoryCreateRequest.validateAndUpdateCache(OMDirectoryCreateRequest.java:199)
	at org.apache.hadoop.ozone.protocolPB.OzoneManagerRequestHandler.handleWriteRequest(OzoneManagerRequestHandler.java:317)
	at org.apache.hadoop.ozone.om.ratis.OzoneManagerStateMachine.runCommand(OzoneManagerStateMachine.java:533)
	at org.apache.hadoop.ozone.om.ratis.OzoneManagerStateMachine.lambda$1(OzoneManagerStateMachine.java:324)
	at java.util.concurrent.CompletableFuture$AsyncSupply.run(CompletableFuture.java:1604)
	at java.util.concurrent.ThreadPoolExecutor.runWorker(ThreadPoolExecutor.java:1149)
	at java.util.concurrent.ThreadPoolExecutor$Worker.run(ThreadPoolExecutor.java:624)
	at java.lang.Thread.run(Thread.java:750)
20:32:19.036 [OM StateMachine ApplyTransaction Thread - 0] ERROR OMAudit - user=runner | ip=127.0.0.1 | op=CREATE_FILE {volume=volume53399, bucket=bucket90109, key=d1/d2/d3, dataSize=4194304, replicationType=RATIS, replicationFactor=THREE} | ret=FAILURE
org.apache.hadoop.ozone.om.exceptions.OMException: Can not write to directory: d1/d2/d3
	at org.apache.hadoop.ozone.om.request.file.OMFileCreateRequest.checkDirectoryResult(OMFileCreateRequest.java:367) ~[ozone-manager-1.4.0-SNAPSHOT.jar:?]
	at org.apache.hadoop.ozone.om.request.file.OMFileCreateRequest.validateAndUpdateCache(OMFileCreateRequest.java:241) ~[ozone-manager-1.4.0-SNAPSHOT.jar:?]
	at org.apache.hadoop.ozone.protocolPB.OzoneManagerRequestHandler.handleWriteRequest(OzoneManagerRequestHandler.java:317) ~[ozone-manager-1.4.0-SNAPSHOT.jar:?]
	at org.apache.hadoop.ozone.om.ratis.OzoneManagerStateMachine.runCommand(OzoneManagerStateMachine.java:533) ~[ozone-manager-1.4.0-SNAPSHOT.jar:?]
	at org.apache.hadoop.ozone.om.ratis.OzoneManagerStateMachine.lambda$1(OzoneManagerStateMachine.java:324) ~[ozone-manager-1.4.0-SNAPSHOT.jar:?]
	at java.util.concurrent.CompletableFuture$AsyncSupply.run(CompletableFuture.java:1604) [?:1.8.0_352]
	at java.util.concurrent.ThreadPoolExecutor.runWorker(ThreadPoolExecutor.java:1149) [?:1.8.0_352]
	at java.util.concurrent.ThreadPoolExecutor$Worker.run(ThreadPoolExecutor.java:624) [?:1.8.0_352]
	at java.lang.Thread.run(Thread.java:750) [?:1.8.0_352]
2023-01-26 20:32:19,036 [OM StateMachine ApplyTransaction Thread - 0] ERROR file.OMFileCreateRequest (OMFileCreateRequest.java:validateAndUpdateCache(340)) - File create failed. Volume:volume53399, Bucket:bucket90109, Keyd1/d2/d3.
NOT_A_FILE org.apache.hadoop.ozone.om.exceptions.OMException: Can not write to directory: d1/d2/d3
	at org.apache.hadoop.ozone.om.request.file.OMFileCreateRequest.checkDirectoryResult(OMFileCreateRequest.java:367)
	at org.apache.hadoop.ozone.om.request.file.OMFileCreateRequest.validateAndUpdateCache(OMFileCreateRequest.java:241)
	at org.apache.hadoop.ozone.protocolPB.OzoneManagerRequestHandler.handleWriteRequest(OzoneManagerRequestHandler.java:317)
	at org.apache.hadoop.ozone.om.ratis.OzoneManagerStateMachine.runCommand(OzoneManagerStateMachine.java:533)
	at org.apache.hadoop.ozone.om.ratis.OzoneManagerStateMachine.lambda$1(OzoneManagerStateMachine.java:324)
	at java.util.concurrent.CompletableFuture$AsyncSupply.run(CompletableFuture.java:1604)
	at java.util.concurrent.ThreadPoolExecutor.runWorker(ThreadPoolExecutor.java:1149)
	at java.util.concurrent.ThreadPoolExecutor$Worker.run(ThreadPoolExecutor.java:624)
	at java.lang.Thread.run(Thread.java:750)
20:32:19.037 [IPC Server handler 10 on default port 38041] ERROR OMAudit - user=runner | ip=127.0.0.1 | op=GET_FILE_STATUS {volume=volume53399, bucket=bucket90109, key=d1/d2/d3/d4/key3/invalid, dataSize=0, replicationConfig=null} | ret=FAILURE
org.apache.hadoop.ozone.om.exceptions.OMException: Unable to get file status: volume: volume53399 bucket: bucket90109 key: d1/d2/d3/d4/key3/invalid
	at org.apache.hadoop.ozone.om.KeyManagerImpl.getOzoneFileStatus(KeyManagerImpl.java:1301) ~[ozone-manager-1.4.0-SNAPSHOT.jar:?]
	at org.apache.hadoop.ozone.om.KeyManagerImpl.getFileStatus(KeyManagerImpl.java:1219) ~[ozone-manager-1.4.0-SNAPSHOT.jar:?]
	at org.apache.hadoop.ozone.om.OzoneManager.getFileStatus(OzoneManager.java:3498) ~[ozone-manager-1.4.0-SNAPSHOT.jar:?]
	at org.apache.hadoop.ozone.protocolPB.OzoneManagerRequestHandler.getOzoneFileStatus(OzoneManagerRequestHandler.java:913) ~[ozone-manager-1.4.0-SNAPSHOT.jar:?]
	at org.apache.hadoop.ozone.protocolPB.OzoneManagerRequestHandler.handleReadRequest(OzoneManagerRequestHandler.java:233) ~[ozone-manager-1.4.0-SNAPSHOT.jar:?]
	at org.apache.hadoop.ozone.protocolPB.OzoneManagerProtocolServerSideTranslatorPB.submitReadRequestToOM(OzoneManagerProtocolServerSideTranslatorPB.java:226) ~[ozone-manager-1.4.0-SNAPSHOT.jar:?]
	at org.apache.hadoop.ozone.protocolPB.OzoneManagerProtocolServerSideTranslatorPB.processRequest(OzoneManagerProtocolServerSideTranslatorPB.java:175) ~[ozone-manager-1.4.0-SNAPSHOT.jar:?]
	at org.apache.hadoop.hdds.server.OzoneProtocolMessageDispatcher.processRequest(OzoneProtocolMessageDispatcher.java:87) [hdds-server-framework-1.4.0-SNAPSHOT.jar:?]
	at org.apache.hadoop.ozone.protocolPB.OzoneManagerProtocolServerSideTranslatorPB.submitRequest(OzoneManagerProtocolServerSideTranslatorPB.java:147) [ozone-manager-1.4.0-SNAPSHOT.jar:?]
	at org.apache.hadoop.ozone.protocol.proto.OzoneManagerProtocolProtos$OzoneManagerService$2.callBlockingMethod(OzoneManagerProtocolProtos.java) [ozone-interface-client-1.4.0-SNAPSHOT.jar:?]
	at org.apache.hadoop.ipc.ProtobufRpcEngine$Server.processCall(ProtobufRpcEngine.java:465) [hadoop-common-3.3.4.jar:?]
	at org.apache.hadoop.ipc.ProtobufRpcEngine2$Server$ProtoBufRpcInvoker.call(ProtobufRpcEngine2.java:578) [hadoop-common-3.3.4.jar:?]
	at org.apache.hadoop.ipc.ProtobufRpcEngine2$Server$ProtoBufRpcInvoker.call(ProtobufRpcEngine2.java:556) [hadoop-common-3.3.4.jar:?]
	at org.apache.hadoop.ipc.RPC$Server.call(RPC.java:1093) [hadoop-common-3.3.4.jar:?]
	at org.apache.hadoop.ipc.Server$RpcCall.run(Server.java:1043) [hadoop-common-3.3.4.jar:?]
	at org.apache.hadoop.ipc.Server$RpcCall.run(Server.java:971) [hadoop-common-3.3.4.jar:?]
	at java.security.AccessController.doPrivileged(Native Method) ~[?:1.8.0_352]
	at javax.security.auth.Subject.doAs(Subject.java:422) [?:1.8.0_352]
	at org.apache.hadoop.security.UserGroupInformation.doAs(UserGroupInformation.java:1878) [hadoop-common-3.3.4.jar:?]
	at org.apache.hadoop.ipc.Server$Handler.run(Server.java:2976) [hadoop-common-3.3.4.jar:?]
20:32:19.038 [IPC Server handler 11 on default port 38041] ERROR OMAudit - user=runner | ip=127.0.0.1 | op=GET_FILE_STATUS {volume=volume53399, bucket=bucket90109, key=d1/d2/d3/d4/invalidkey, dataSize=0, replicationConfig=null} | ret=FAILURE
org.apache.hadoop.ozone.om.exceptions.OMException: Unable to get file status: volume: volume53399 bucket: bucket90109 key: d1/d2/d3/d4/invalidkey
	at org.apache.hadoop.ozone.om.KeyManagerImpl.getOzoneFileStatus(KeyManagerImpl.java:1301) ~[ozone-manager-1.4.0-SNAPSHOT.jar:?]
	at org.apache.hadoop.ozone.om.KeyManagerImpl.getFileStatus(KeyManagerImpl.java:1219) ~[ozone-manager-1.4.0-SNAPSHOT.jar:?]
	at org.apache.hadoop.ozone.om.OzoneManager.getFileStatus(OzoneManager.java:3498) ~[ozone-manager-1.4.0-SNAPSHOT.jar:?]
	at org.apache.hadoop.ozone.protocolPB.OzoneManagerRequestHandler.getOzoneFileStatus(OzoneManagerRequestHandler.java:913) ~[ozone-manager-1.4.0-SNAPSHOT.jar:?]
	at org.apache.hadoop.ozone.protocolPB.OzoneManagerRequestHandler.handleReadRequest(OzoneManagerRequestHandler.java:233) ~[ozone-manager-1.4.0-SNAPSHOT.jar:?]
	at org.apache.hadoop.ozone.protocolPB.OzoneManagerProtocolServerSideTranslatorPB.submitReadRequestToOM(OzoneManagerProtocolServerSideTranslatorPB.java:226) ~[ozone-manager-1.4.0-SNAPSHOT.jar:?]
	at org.apache.hadoop.ozone.protocolPB.OzoneManagerProtocolServerSideTranslatorPB.processRequest(OzoneManagerProtocolServerSideTranslatorPB.java:175) ~[ozone-manager-1.4.0-SNAPSHOT.jar:?]
	at org.apache.hadoop.hdds.server.OzoneProtocolMessageDispatcher.processRequest(OzoneProtocolMessageDispatcher.java:87) [hdds-server-framework-1.4.0-SNAPSHOT.jar:?]
	at org.apache.hadoop.ozone.protocolPB.OzoneManagerProtocolServerSideTranslatorPB.submitRequest(OzoneManagerProtocolServerSideTranslatorPB.java:147) [ozone-manager-1.4.0-SNAPSHOT.jar:?]
	at org.apache.hadoop.ozone.protocol.proto.OzoneManagerProtocolProtos$OzoneManagerService$2.callBlockingMethod(OzoneManagerProtocolProtos.java) [ozone-interface-client-1.4.0-SNAPSHOT.jar:?]
	at org.apache.hadoop.ipc.ProtobufRpcEngine$Server.processCall(ProtobufRpcEngine.java:465) [hadoop-common-3.3.4.jar:?]
	at org.apache.hadoop.ipc.ProtobufRpcEngine2$Server$ProtoBufRpcInvoker.call(ProtobufRpcEngine2.java:578) [hadoop-common-3.3.4.jar:?]
	at org.apache.hadoop.ipc.ProtobufRpcEngine2$Server$ProtoBufRpcInvoker.call(ProtobufRpcEngine2.java:556) [hadoop-common-3.3.4.jar:?]
	at org.apache.hadoop.ipc.RPC$Server.call(RPC.java:1093) [hadoop-common-3.3.4.jar:?]
	at org.apache.hadoop.ipc.Server$RpcCall.run(Server.java:1043) [hadoop-common-3.3.4.jar:?]
	at org.apache.hadoop.ipc.Server$RpcCall.run(Server.java:971) [hadoop-common-3.3.4.jar:?]
	at java.security.AccessController.doPrivileged(Native Method) ~[?:1.8.0_352]
	at javax.security.auth.Subject.doAs(Subject.java:422) [?:1.8.0_352]
	at org.apache.hadoop.security.UserGroupInformation.doAs(UserGroupInformation.java:1878) [hadoop-common-3.3.4.jar:?]
	at org.apache.hadoop.ipc.Server$Handler.run(Server.java:2976) [hadoop-common-3.3.4.jar:?]
]]></system-out>
  </testcase>
  <testcase name="testCreateFileShouldCheckExistenceOfDirWithSameName" classname="TestOzoneFileSystem" time="0.024">
    <system-out><![CDATA[2023-01-26 20:33:24,964 [IPC Server handler 2 on default port 35105] INFO  key.OMKeyRequest (OMKeyRequest.java:wrapUncommittedBlocksAsPseudoKey(837)) - Detect allocated but uncommitted blocks [{blockID={containerID=1, localID=111677748019200034}, length=4194304, offset=0, token=null, pipeline=null, createVersion=0, partNumber=0}] in key d1/d2/d3/d4/key1.
20:33:24.967 [IPC Server handler 3 on default port 35105] ERROR OMAudit - user=runner | ip=127.0.0.1 | op=CREATE_FILE {volume=volume38800, bucket=bucket46934, key=d1/d2/d3/d4/key2, dataSize=4194304, replicationType=RATIS, replicationFactor=THREE} | ret=FAILURE
org.apache.hadoop.ozone.om.exceptions.OMException: Can not write to directory: d1/d2/d3/d4/key2
	at org.apache.hadoop.ozone.om.request.file.OMFileCreateRequest.checkDirectoryResult(OMFileCreateRequest.java:367) ~[ozone-manager-1.4.0-SNAPSHOT.jar:?]
	at org.apache.hadoop.ozone.om.request.file.OMFileCreateRequest.validateAndUpdateCache(OMFileCreateRequest.java:241) ~[ozone-manager-1.4.0-SNAPSHOT.jar:?]
	at org.apache.hadoop.ozone.protocolPB.OzoneManagerRequestHandler.handleWriteRequest(OzoneManagerRequestHandler.java:317) ~[ozone-manager-1.4.0-SNAPSHOT.jar:?]
	at org.apache.hadoop.ozone.protocolPB.OzoneManagerProtocolServerSideTranslatorPB.submitRequestDirectlyToOM(OzoneManagerProtocolServerSideTranslatorPB.java:282) ~[ozone-manager-1.4.0-SNAPSHOT.jar:?]
	at org.apache.hadoop.ozone.protocolPB.OzoneManagerProtocolServerSideTranslatorPB.processRequest(OzoneManagerProtocolServerSideTranslatorPB.java:205) ~[ozone-manager-1.4.0-SNAPSHOT.jar:?]
	at org.apache.hadoop.hdds.server.OzoneProtocolMessageDispatcher.processRequest(OzoneProtocolMessageDispatcher.java:87) [hdds-server-framework-1.4.0-SNAPSHOT.jar:?]
	at org.apache.hadoop.ozone.protocolPB.OzoneManagerProtocolServerSideTranslatorPB.submitRequest(OzoneManagerProtocolServerSideTranslatorPB.java:147) [ozone-manager-1.4.0-SNAPSHOT.jar:?]
	at org.apache.hadoop.ozone.protocol.proto.OzoneManagerProtocolProtos$OzoneManagerService$2.callBlockingMethod(OzoneManagerProtocolProtos.java) [ozone-interface-client-1.4.0-SNAPSHOT.jar:?]
	at org.apache.hadoop.ipc.ProtobufRpcEngine$Server.processCall(ProtobufRpcEngine.java:465) [hadoop-common-3.3.4.jar:?]
	at org.apache.hadoop.ipc.ProtobufRpcEngine2$Server$ProtoBufRpcInvoker.call(ProtobufRpcEngine2.java:578) [hadoop-common-3.3.4.jar:?]
	at org.apache.hadoop.ipc.ProtobufRpcEngine2$Server$ProtoBufRpcInvoker.call(ProtobufRpcEngine2.java:556) [hadoop-common-3.3.4.jar:?]
	at org.apache.hadoop.ipc.RPC$Server.call(RPC.java:1093) [hadoop-common-3.3.4.jar:?]
	at org.apache.hadoop.ipc.Server$RpcCall.run(Server.java:1043) [hadoop-common-3.3.4.jar:?]
	at org.apache.hadoop.ipc.Server$RpcCall.run(Server.java:971) [hadoop-common-3.3.4.jar:?]
	at java.security.AccessController.doPrivileged(Native Method) ~[?:1.8.0_352]
	at javax.security.auth.Subject.doAs(Subject.java:422) [?:1.8.0_352]
	at org.apache.hadoop.security.UserGroupInformation.doAs(UserGroupInformation.java:1878) [hadoop-common-3.3.4.jar:?]
	at org.apache.hadoop.ipc.Server$Handler.run(Server.java:2976) [hadoop-common-3.3.4.jar:?]
2023-01-26 20:33:24,967 [IPC Server handler 3 on default port 35105] ERROR file.OMFileCreateRequest (OMFileCreateRequest.java:validateAndUpdateCache(340)) - File create failed. Volume:volume38800, Bucket:bucket46934, Keyd1/d2/d3/d4/key2.
NOT_A_FILE org.apache.hadoop.ozone.om.exceptions.OMException: Can not write to directory: d1/d2/d3/d4/key2
	at org.apache.hadoop.ozone.om.request.file.OMFileCreateRequest.checkDirectoryResult(OMFileCreateRequest.java:367)
	at org.apache.hadoop.ozone.om.request.file.OMFileCreateRequest.validateAndUpdateCache(OMFileCreateRequest.java:241)
	at org.apache.hadoop.ozone.protocolPB.OzoneManagerRequestHandler.handleWriteRequest(OzoneManagerRequestHandler.java:317)
	at org.apache.hadoop.ozone.protocolPB.OzoneManagerProtocolServerSideTranslatorPB.submitRequestDirectlyToOM(OzoneManagerProtocolServerSideTranslatorPB.java:282)
	at org.apache.hadoop.ozone.protocolPB.OzoneManagerProtocolServerSideTranslatorPB.processRequest(OzoneManagerProtocolServerSideTranslatorPB.java:205)
	at org.apache.hadoop.hdds.server.OzoneProtocolMessageDispatcher.processRequest(OzoneProtocolMessageDispatcher.java:87)
	at org.apache.hadoop.ozone.protocolPB.OzoneManagerProtocolServerSideTranslatorPB.submitRequest(OzoneManagerProtocolServerSideTranslatorPB.java:147)
	at org.apache.hadoop.ozone.protocol.proto.OzoneManagerProtocolProtos$OzoneManagerService$2.callBlockingMethod(OzoneManagerProtocolProtos.java)
	at org.apache.hadoop.ipc.ProtobufRpcEngine$Server.processCall(ProtobufRpcEngine.java:465)
	at org.apache.hadoop.ipc.ProtobufRpcEngine2$Server$ProtoBufRpcInvoker.call(ProtobufRpcEngine2.java:578)
	at org.apache.hadoop.ipc.ProtobufRpcEngine2$Server$ProtoBufRpcInvoker.call(ProtobufRpcEngine2.java:556)
	at org.apache.hadoop.ipc.RPC$Server.call(RPC.java:1093)
	at org.apache.hadoop.ipc.Server$RpcCall.run(Server.java:1043)
	at org.apache.hadoop.ipc.Server$RpcCall.run(Server.java:971)
	at java.security.AccessController.doPrivileged(Native Method)
	at javax.security.auth.Subject.doAs(Subject.java:422)
	at org.apache.hadoop.security.UserGroupInformation.doAs(UserGroupInformation.java:1878)
	at org.apache.hadoop.ipc.Server$Handler.run(Server.java:2976)
2023-01-26 20:33:24,973 [IPC Server handler 5 on default port 35105] INFO  key.OMKeyRequest (OMKeyRequest.java:wrapUncommittedBlocksAsPseudoKey(837)) - Detect allocated but uncommitted blocks [{blockID={containerID=1, localID=111677748019200036}, length=4194304, offset=0, token=null, pipeline=null, createVersion=0, partNumber=0}] in key d1/d2/d3/d4/key3.
20:33:24.974 [IPC Server handler 6 on default port 35105] ERROR OMAudit - user=runner | ip=127.0.0.1 | op=CREATE_DIRECTORY {volume=volume38800, bucket=bucket46934, key=d1/d2/d3/d4/key3, dataSize=0, replicationType=NONE, replicationFactor=ZERO} | ret=FAILURE
org.apache.hadoop.ozone.om.exceptions.OMException: Unable to create directory: d1/d2/d3/d4/key3 in volume/bucket: volume38800/bucket46934
	at org.apache.hadoop.ozone.om.request.file.OMDirectoryCreateRequest.validateAndUpdateCache(OMDirectoryCreateRequest.java:199) ~[ozone-manager-1.4.0-SNAPSHOT.jar:?]
	at org.apache.hadoop.ozone.protocolPB.OzoneManagerRequestHandler.handleWriteRequest(OzoneManagerRequestHandler.java:317) ~[ozone-manager-1.4.0-SNAPSHOT.jar:?]
	at org.apache.hadoop.ozone.protocolPB.OzoneManagerProtocolServerSideTranslatorPB.submitRequestDirectlyToOM(OzoneManagerProtocolServerSideTranslatorPB.java:282) ~[ozone-manager-1.4.0-SNAPSHOT.jar:?]
	at org.apache.hadoop.ozone.protocolPB.OzoneManagerProtocolServerSideTranslatorPB.processRequest(OzoneManagerProtocolServerSideTranslatorPB.java:205) ~[ozone-manager-1.4.0-SNAPSHOT.jar:?]
	at org.apache.hadoop.hdds.server.OzoneProtocolMessageDispatcher.processRequest(OzoneProtocolMessageDispatcher.java:87) [hdds-server-framework-1.4.0-SNAPSHOT.jar:?]
	at org.apache.hadoop.ozone.protocolPB.OzoneManagerProtocolServerSideTranslatorPB.submitRequest(OzoneManagerProtocolServerSideTranslatorPB.java:147) [ozone-manager-1.4.0-SNAPSHOT.jar:?]
	at org.apache.hadoop.ozone.protocol.proto.OzoneManagerProtocolProtos$OzoneManagerService$2.callBlockingMethod(OzoneManagerProtocolProtos.java) [ozone-interface-client-1.4.0-SNAPSHOT.jar:?]
	at org.apache.hadoop.ipc.ProtobufRpcEngine$Server.processCall(ProtobufRpcEngine.java:465) [hadoop-common-3.3.4.jar:?]
	at org.apache.hadoop.ipc.ProtobufRpcEngine2$Server$ProtoBufRpcInvoker.call(ProtobufRpcEngine2.java:578) [hadoop-common-3.3.4.jar:?]
	at org.apache.hadoop.ipc.ProtobufRpcEngine2$Server$ProtoBufRpcInvoker.call(ProtobufRpcEngine2.java:556) [hadoop-common-3.3.4.jar:?]
	at org.apache.hadoop.ipc.RPC$Server.call(RPC.java:1093) [hadoop-common-3.3.4.jar:?]
	at org.apache.hadoop.ipc.Server$RpcCall.run(Server.java:1043) [hadoop-common-3.3.4.jar:?]
	at org.apache.hadoop.ipc.Server$RpcCall.run(Server.java:971) [hadoop-common-3.3.4.jar:?]
	at java.security.AccessController.doPrivileged(Native Method) ~[?:1.8.0_352]
	at javax.security.auth.Subject.doAs(Subject.java:422) [?:1.8.0_352]
	at org.apache.hadoop.security.UserGroupInformation.doAs(UserGroupInformation.java:1878) [hadoop-common-3.3.4.jar:?]
	at org.apache.hadoop.ipc.Server$Handler.run(Server.java:2976) [hadoop-common-3.3.4.jar:?]
2023-01-26 20:33:24,974 [IPC Server handler 6 on default port 35105] ERROR file.OMDirectoryCreateRequest (OMDirectoryCreateRequest.java:logResult(339)) - Directory creation failed. Volume:volume38800, Bucket:bucket46934, Keyd1/d2/d3/d4/key3. Exception:{}
FILE_ALREADY_EXISTS org.apache.hadoop.ozone.om.exceptions.OMException: Unable to create directory: d1/d2/d3/d4/key3 in volume/bucket: volume38800/bucket46934
	at org.apache.hadoop.ozone.om.request.file.OMDirectoryCreateRequest.validateAndUpdateCache(OMDirectoryCreateRequest.java:199)
	at org.apache.hadoop.ozone.protocolPB.OzoneManagerRequestHandler.handleWriteRequest(OzoneManagerRequestHandler.java:317)
	at org.apache.hadoop.ozone.protocolPB.OzoneManagerProtocolServerSideTranslatorPB.submitRequestDirectlyToOM(OzoneManagerProtocolServerSideTranslatorPB.java:282)
	at org.apache.hadoop.ozone.protocolPB.OzoneManagerProtocolServerSideTranslatorPB.processRequest(OzoneManagerProtocolServerSideTranslatorPB.java:205)
	at org.apache.hadoop.hdds.server.OzoneProtocolMessageDispatcher.processRequest(OzoneProtocolMessageDispatcher.java:87)
	at org.apache.hadoop.ozone.protocolPB.OzoneManagerProtocolServerSideTranslatorPB.submitRequest(OzoneManagerProtocolServerSideTranslatorPB.java:147)
	at org.apache.hadoop.ozone.protocol.proto.OzoneManagerProtocolProtos$OzoneManagerService$2.callBlockingMethod(OzoneManagerProtocolProtos.java)
	at org.apache.hadoop.ipc.ProtobufRpcEngine$Server.processCall(ProtobufRpcEngine.java:465)
	at org.apache.hadoop.ipc.ProtobufRpcEngine2$Server$ProtoBufRpcInvoker.call(ProtobufRpcEngine2.java:578)
	at org.apache.hadoop.ipc.ProtobufRpcEngine2$Server$ProtoBufRpcInvoker.call(ProtobufRpcEngine2.java:556)
	at org.apache.hadoop.ipc.RPC$Server.call(RPC.java:1093)
	at org.apache.hadoop.ipc.Server$RpcCall.run(Server.java:1043)
	at org.apache.hadoop.ipc.Server$RpcCall.run(Server.java:971)
	at java.security.AccessController.doPrivileged(Native Method)
	at javax.security.auth.Subject.doAs(Subject.java:422)
	at org.apache.hadoop.security.UserGroupInformation.doAs(UserGroupInformation.java:1878)
	at org.apache.hadoop.ipc.Server$Handler.run(Server.java:2976)
20:33:24.977 [IPC Server handler 8 on default port 35105] ERROR OMAudit - user=runner | ip=127.0.0.1 | op=CREATE_FILE {volume=volume38800, bucket=bucket46934, key=d1/d2/d3, dataSize=4194304, replicationType=RATIS, replicationFactor=THREE} | ret=FAILURE
org.apache.hadoop.ozone.om.exceptions.OMException: Can not write to directory: d1/d2/d3
	at org.apache.hadoop.ozone.om.request.file.OMFileCreateRequest.checkDirectoryResult(OMFileCreateRequest.java:367) ~[ozone-manager-1.4.0-SNAPSHOT.jar:?]
	at org.apache.hadoop.ozone.om.request.file.OMFileCreateRequest.validateAndUpdateCache(OMFileCreateRequest.java:241) ~[ozone-manager-1.4.0-SNAPSHOT.jar:?]
	at org.apache.hadoop.ozone.protocolPB.OzoneManagerRequestHandler.handleWriteRequest(OzoneManagerRequestHandler.java:317) ~[ozone-manager-1.4.0-SNAPSHOT.jar:?]
	at org.apache.hadoop.ozone.protocolPB.OzoneManagerProtocolServerSideTranslatorPB.submitRequestDirectlyToOM(OzoneManagerProtocolServerSideTranslatorPB.java:282) ~[ozone-manager-1.4.0-SNAPSHOT.jar:?]
	at org.apache.hadoop.ozone.protocolPB.OzoneManagerProtocolServerSideTranslatorPB.processRequest(OzoneManagerProtocolServerSideTranslatorPB.java:205) ~[ozone-manager-1.4.0-SNAPSHOT.jar:?]
	at org.apache.hadoop.hdds.server.OzoneProtocolMessageDispatcher.processRequest(OzoneProtocolMessageDispatcher.java:87) [hdds-server-framework-1.4.0-SNAPSHOT.jar:?]
	at org.apache.hadoop.ozone.protocolPB.OzoneManagerProtocolServerSideTranslatorPB.submitRequest(OzoneManagerProtocolServerSideTranslatorPB.java:147) [ozone-manager-1.4.0-SNAPSHOT.jar:?]
	at org.apache.hadoop.ozone.protocol.proto.OzoneManagerProtocolProtos$OzoneManagerService$2.callBlockingMethod(OzoneManagerProtocolProtos.java) [ozone-interface-client-1.4.0-SNAPSHOT.jar:?]
	at org.apache.hadoop.ipc.ProtobufRpcEngine$Server.processCall(ProtobufRpcEngine.java:465) [hadoop-common-3.3.4.jar:?]
	at org.apache.hadoop.ipc.ProtobufRpcEngine2$Server$ProtoBufRpcInvoker.call(ProtobufRpcEngine2.java:578) [hadoop-common-3.3.4.jar:?]
	at org.apache.hadoop.ipc.ProtobufRpcEngine2$Server$ProtoBufRpcInvoker.call(ProtobufRpcEngine2.java:556) [hadoop-common-3.3.4.jar:?]
	at org.apache.hadoop.ipc.RPC$Server.call(RPC.java:1093) [hadoop-common-3.3.4.jar:?]
	at org.apache.hadoop.ipc.Server$RpcCall.run(Server.java:1043) [hadoop-common-3.3.4.jar:?]
	at org.apache.hadoop.ipc.Server$RpcCall.run(Server.java:971) [hadoop-common-3.3.4.jar:?]
	at java.security.AccessController.doPrivileged(Native Method) ~[?:1.8.0_352]
	at javax.security.auth.Subject.doAs(Subject.java:422) [?:1.8.0_352]
	at org.apache.hadoop.security.UserGroupInformation.doAs(UserGroupInformation.java:1878) [hadoop-common-3.3.4.jar:?]
	at org.apache.hadoop.ipc.Server$Handler.run(Server.java:2976) [hadoop-common-3.3.4.jar:?]
2023-01-26 20:33:24,977 [IPC Server handler 8 on default port 35105] ERROR file.OMFileCreateRequest (OMFileCreateRequest.java:validateAndUpdateCache(340)) - File create failed. Volume:volume38800, Bucket:bucket46934, Keyd1/d2/d3.
NOT_A_FILE org.apache.hadoop.ozone.om.exceptions.OMException: Can not write to directory: d1/d2/d3
	at org.apache.hadoop.ozone.om.request.file.OMFileCreateRequest.checkDirectoryResult(OMFileCreateRequest.java:367)
	at org.apache.hadoop.ozone.om.request.file.OMFileCreateRequest.validateAndUpdateCache(OMFileCreateRequest.java:241)
	at org.apache.hadoop.ozone.protocolPB.OzoneManagerRequestHandler.handleWriteRequest(OzoneManagerRequestHandler.java:317)
	at org.apache.hadoop.ozone.protocolPB.OzoneManagerProtocolServerSideTranslatorPB.submitRequestDirectlyToOM(OzoneManagerProtocolServerSideTranslatorPB.java:282)
	at org.apache.hadoop.ozone.protocolPB.OzoneManagerProtocolServerSideTranslatorPB.processRequest(OzoneManagerProtocolServerSideTranslatorPB.java:205)
	at org.apache.hadoop.hdds.server.OzoneProtocolMessageDispatcher.processRequest(OzoneProtocolMessageDispatcher.java:87)
	at org.apache.hadoop.ozone.protocolPB.OzoneManagerProtocolServerSideTranslatorPB.submitRequest(OzoneManagerProtocolServerSideTranslatorPB.java:147)
	at org.apache.hadoop.ozone.protocol.proto.OzoneManagerProtocolProtos$OzoneManagerService$2.callBlockingMethod(OzoneManagerProtocolProtos.java)
	at org.apache.hadoop.ipc.ProtobufRpcEngine$Server.processCall(ProtobufRpcEngine.java:465)
	at org.apache.hadoop.ipc.ProtobufRpcEngine2$Server$ProtoBufRpcInvoker.call(ProtobufRpcEngine2.java:578)
	at org.apache.hadoop.ipc.ProtobufRpcEngine2$Server$ProtoBufRpcInvoker.call(ProtobufRpcEngine2.java:556)
	at org.apache.hadoop.ipc.RPC$Server.call(RPC.java:1093)
	at org.apache.hadoop.ipc.Server$RpcCall.run(Server.java:1043)
	at org.apache.hadoop.ipc.Server$RpcCall.run(Server.java:971)
	at java.security.AccessController.doPrivileged(Native Method)
	at javax.security.auth.Subject.doAs(Subject.java:422)
	at org.apache.hadoop.security.UserGroupInformation.doAs(UserGroupInformation.java:1878)
	at org.apache.hadoop.ipc.Server$Handler.run(Server.java:2976)
20:33:24.978 [IPC Server handler 9 on default port 35105] ERROR OMAudit - user=runner | ip=127.0.0.1 | op=GET_FILE_STATUS {volume=volume38800, bucket=bucket46934, key=d1/d2/d3/d4/key3/invalid, dataSize=0, replicationConfig=null} | ret=FAILURE
org.apache.hadoop.ozone.om.exceptions.OMException: Unable to get file status: volume: volume38800 bucket: bucket46934 key: d1/d2/d3/d4/key3/invalid
	at org.apache.hadoop.ozone.om.KeyManagerImpl.getOzoneFileStatus(KeyManagerImpl.java:1301) ~[ozone-manager-1.4.0-SNAPSHOT.jar:?]
	at org.apache.hadoop.ozone.om.KeyManagerImpl.getFileStatus(KeyManagerImpl.java:1219) ~[ozone-manager-1.4.0-SNAPSHOT.jar:?]
	at org.apache.hadoop.ozone.om.OzoneManager.getFileStatus(OzoneManager.java:3498) ~[ozone-manager-1.4.0-SNAPSHOT.jar:?]
	at org.apache.hadoop.ozone.protocolPB.OzoneManagerRequestHandler.getOzoneFileStatus(OzoneManagerRequestHandler.java:913) ~[ozone-manager-1.4.0-SNAPSHOT.jar:?]
	at org.apache.hadoop.ozone.protocolPB.OzoneManagerRequestHandler.handleReadRequest(OzoneManagerRequestHandler.java:233) ~[ozone-manager-1.4.0-SNAPSHOT.jar:?]
	at org.apache.hadoop.ozone.protocolPB.OzoneManagerProtocolServerSideTranslatorPB.submitRequestDirectlyToOM(OzoneManagerProtocolServerSideTranslatorPB.java:276) ~[ozone-manager-1.4.0-SNAPSHOT.jar:?]
	at org.apache.hadoop.ozone.protocolPB.OzoneManagerProtocolServerSideTranslatorPB.processRequest(OzoneManagerProtocolServerSideTranslatorPB.java:205) ~[ozone-manager-1.4.0-SNAPSHOT.jar:?]
	at org.apache.hadoop.hdds.server.OzoneProtocolMessageDispatcher.processRequest(OzoneProtocolMessageDispatcher.java:87) [hdds-server-framework-1.4.0-SNAPSHOT.jar:?]
	at org.apache.hadoop.ozone.protocolPB.OzoneManagerProtocolServerSideTranslatorPB.submitRequest(OzoneManagerProtocolServerSideTranslatorPB.java:147) [ozone-manager-1.4.0-SNAPSHOT.jar:?]
	at org.apache.hadoop.ozone.protocol.proto.OzoneManagerProtocolProtos$OzoneManagerService$2.callBlockingMethod(OzoneManagerProtocolProtos.java) [ozone-interface-client-1.4.0-SNAPSHOT.jar:?]
	at org.apache.hadoop.ipc.ProtobufRpcEngine$Server.processCall(ProtobufRpcEngine.java:465) [hadoop-common-3.3.4.jar:?]
	at org.apache.hadoop.ipc.ProtobufRpcEngine2$Server$ProtoBufRpcInvoker.call(ProtobufRpcEngine2.java:578) [hadoop-common-3.3.4.jar:?]
	at org.apache.hadoop.ipc.ProtobufRpcEngine2$Server$ProtoBufRpcInvoker.call(ProtobufRpcEngine2.java:556) [hadoop-common-3.3.4.jar:?]
	at org.apache.hadoop.ipc.RPC$Server.call(RPC.java:1093) [hadoop-common-3.3.4.jar:?]
	at org.apache.hadoop.ipc.Server$RpcCall.run(Server.java:1043) [hadoop-common-3.3.4.jar:?]
	at org.apache.hadoop.ipc.Server$RpcCall.run(Server.java:971) [hadoop-common-3.3.4.jar:?]
	at java.security.AccessController.doPrivileged(Native Method) ~[?:1.8.0_352]
	at javax.security.auth.Subject.doAs(Subject.java:422) [?:1.8.0_352]
	at org.apache.hadoop.security.UserGroupInformation.doAs(UserGroupInformation.java:1878) [hadoop-common-3.3.4.jar:?]
	at org.apache.hadoop.ipc.Server$Handler.run(Server.java:2976) [hadoop-common-3.3.4.jar:?]
20:33:24.979 [IPC Server handler 10 on default port 35105] ERROR OMAudit - user=runner | ip=127.0.0.1 | op=GET_FILE_STATUS {volume=volume38800, bucket=bucket46934, key=d1/d2/d3/d4/invalidkey, dataSize=0, replicationConfig=null} | ret=FAILURE
org.apache.hadoop.ozone.om.exceptions.OMException: Unable to get file status: volume: volume38800 bucket: bucket46934 key: d1/d2/d3/d4/invalidkey
	at org.apache.hadoop.ozone.om.KeyManagerImpl.getOzoneFileStatus(KeyManagerImpl.java:1301) ~[ozone-manager-1.4.0-SNAPSHOT.jar:?]
	at org.apache.hadoop.ozone.om.KeyManagerImpl.getFileStatus(KeyManagerImpl.java:1219) ~[ozone-manager-1.4.0-SNAPSHOT.jar:?]
	at org.apache.hadoop.ozone.om.OzoneManager.getFileStatus(OzoneManager.java:3498) ~[ozone-manager-1.4.0-SNAPSHOT.jar:?]
	at org.apache.hadoop.ozone.protocolPB.OzoneManagerRequestHandler.getOzoneFileStatus(OzoneManagerRequestHandler.java:913) ~[ozone-manager-1.4.0-SNAPSHOT.jar:?]
	at org.apache.hadoop.ozone.protocolPB.OzoneManagerRequestHandler.handleReadRequest(OzoneManagerRequestHandler.java:233) ~[ozone-manager-1.4.0-SNAPSHOT.jar:?]
	at org.apache.hadoop.ozone.protocolPB.OzoneManagerProtocolServerSideTranslatorPB.submitRequestDirectlyToOM(OzoneManagerProtocolServerSideTranslatorPB.java:276) ~[ozone-manager-1.4.0-SNAPSHOT.jar:?]
	at org.apache.hadoop.ozone.protocolPB.OzoneManagerProtocolServerSideTranslatorPB.processRequest(OzoneManagerProtocolServerSideTranslatorPB.java:205) ~[ozone-manager-1.4.0-SNAPSHOT.jar:?]
	at org.apache.hadoop.hdds.server.OzoneProtocolMessageDispatcher.processRequest(OzoneProtocolMessageDispatcher.java:87) [hdds-server-framework-1.4.0-SNAPSHOT.jar:?]
	at org.apache.hadoop.ozone.protocolPB.OzoneManagerProtocolServerSideTranslatorPB.submitRequest(OzoneManagerProtocolServerSideTranslatorPB.java:147) [ozone-manager-1.4.0-SNAPSHOT.jar:?]
	at org.apache.hadoop.ozone.protocol.proto.OzoneManagerProtocolProtos$OzoneManagerService$2.callBlockingMethod(OzoneManagerProtocolProtos.java) [ozone-interface-client-1.4.0-SNAPSHOT.jar:?]
	at org.apache.hadoop.ipc.ProtobufRpcEngine$Server.processCall(ProtobufRpcEngine.java:465) [hadoop-common-3.3.4.jar:?]
	at org.apache.hadoop.ipc.ProtobufRpcEngine2$Server$ProtoBufRpcInvoker.call(ProtobufRpcEngine2.java:578) [hadoop-common-3.3.4.jar:?]
	at org.apache.hadoop.ipc.ProtobufRpcEngine2$Server$ProtoBufRpcInvoker.call(ProtobufRpcEngine2.java:556) [hadoop-common-3.3.4.jar:?]
	at org.apache.hadoop.ipc.RPC$Server.call(RPC.java:1093) [hadoop-common-3.3.4.jar:?]
	at org.apache.hadoop.ipc.Server$RpcCall.run(Server.java:1043) [hadoop-common-3.3.4.jar:?]
	at org.apache.hadoop.ipc.Server$RpcCall.run(Server.java:971) [hadoop-common-3.3.4.jar:?]
	at java.security.AccessController.doPrivileged(Native Method) ~[?:1.8.0_352]
	at javax.security.auth.Subject.doAs(Subject.java:422) [?:1.8.0_352]
	at org.apache.hadoop.security.UserGroupInformation.doAs(UserGroupInformation.java:1878) [hadoop-common-3.3.4.jar:?]
	at org.apache.hadoop.ipc.Server$Handler.run(Server.java:2976) [hadoop-common-3.3.4.jar:?]
]]></system-out>
  </testcase>
  <testcase name="testRenameContainDelimiterFile" classname="TestOzoneFileSystem" time="0.037">
    <system-out><![CDATA[2023-01-26 20:30:04,503 [OM StateMachine ApplyTransaction Thread - 0] INFO  key.OMKeyRequest (OMKeyRequest.java:wrapUncommittedBlocksAsPseudoKey(837)) - Detect allocated but uncommitted blocks [{blockID={containerID=4, localID=111677748019200038}, length=4194304, offset=0, token=null, pipeline=null, createVersion=0, partNumber=0}] in key dir1/dir2/key1.
20:30:04.506 [IPC Server handler 13 on default port 38181] ERROR OMAudit - user=runner | ip=127.0.0.1 | op=GET_FILE_STATUS {volume=volume83577, bucket=bucket75634, key=dir1/dir2/key2, dataSize=0, replicationConfig=null} | ret=FAILURE
org.apache.hadoop.ozone.om.exceptions.OMException: Unable to get file status: volume: volume83577 bucket: bucket75634 key: dir1/dir2/key2
	at org.apache.hadoop.ozone.om.KeyManagerImpl.getOzoneFileStatus(KeyManagerImpl.java:1301) ~[ozone-manager-1.4.0-SNAPSHOT.jar:?]
	at org.apache.hadoop.ozone.om.KeyManagerImpl.getFileStatus(KeyManagerImpl.java:1219) ~[ozone-manager-1.4.0-SNAPSHOT.jar:?]
	at org.apache.hadoop.ozone.om.OzoneManager.getFileStatus(OzoneManager.java:3498) ~[ozone-manager-1.4.0-SNAPSHOT.jar:?]
	at org.apache.hadoop.ozone.protocolPB.OzoneManagerRequestHandler.getOzoneFileStatus(OzoneManagerRequestHandler.java:913) ~[ozone-manager-1.4.0-SNAPSHOT.jar:?]
	at org.apache.hadoop.ozone.protocolPB.OzoneManagerRequestHandler.handleReadRequest(OzoneManagerRequestHandler.java:233) ~[ozone-manager-1.4.0-SNAPSHOT.jar:?]
	at org.apache.hadoop.ozone.protocolPB.OzoneManagerProtocolServerSideTranslatorPB.submitReadRequestToOM(OzoneManagerProtocolServerSideTranslatorPB.java:226) ~[ozone-manager-1.4.0-SNAPSHOT.jar:?]
	at org.apache.hadoop.ozone.protocolPB.OzoneManagerProtocolServerSideTranslatorPB.processRequest(OzoneManagerProtocolServerSideTranslatorPB.java:175) ~[ozone-manager-1.4.0-SNAPSHOT.jar:?]
	at org.apache.hadoop.hdds.server.OzoneProtocolMessageDispatcher.processRequest(OzoneProtocolMessageDispatcher.java:87) [hdds-server-framework-1.4.0-SNAPSHOT.jar:?]
	at org.apache.hadoop.ozone.protocolPB.OzoneManagerProtocolServerSideTranslatorPB.submitRequest(OzoneManagerProtocolServerSideTranslatorPB.java:147) [ozone-manager-1.4.0-SNAPSHOT.jar:?]
	at org.apache.hadoop.ozone.protocol.proto.OzoneManagerProtocolProtos$OzoneManagerService$2.callBlockingMethod(OzoneManagerProtocolProtos.java) [ozone-interface-client-1.4.0-SNAPSHOT.jar:?]
	at org.apache.hadoop.ipc.ProtobufRpcEngine$Server.processCall(ProtobufRpcEngine.java:465) [hadoop-common-3.3.4.jar:?]
	at org.apache.hadoop.ipc.ProtobufRpcEngine2$Server$ProtoBufRpcInvoker.call(ProtobufRpcEngine2.java:578) [hadoop-common-3.3.4.jar:?]
	at org.apache.hadoop.ipc.ProtobufRpcEngine2$Server$ProtoBufRpcInvoker.call(ProtobufRpcEngine2.java:556) [hadoop-common-3.3.4.jar:?]
	at org.apache.hadoop.ipc.RPC$Server.call(RPC.java:1093) [hadoop-common-3.3.4.jar:?]
	at org.apache.hadoop.ipc.Server$RpcCall.run(Server.java:1043) [hadoop-common-3.3.4.jar:?]
	at org.apache.hadoop.ipc.Server$RpcCall.run(Server.java:971) [hadoop-common-3.3.4.jar:?]
	at java.security.AccessController.doPrivileged(Native Method) ~[?:1.8.0_352]
	at javax.security.auth.Subject.doAs(Subject.java:422) [?:1.8.0_352]
	at org.apache.hadoop.security.UserGroupInformation.doAs(UserGroupInformation.java:1878) [hadoop-common-3.3.4.jar:?]
	at org.apache.hadoop.ipc.Server$Handler.run(Server.java:2976) [hadoop-common-3.3.4.jar:?]
20:30:04.514 [IPC Server handler 6 on default port 38181] ERROR OMAudit - user=runner | ip=127.0.0.1 | op=GET_FILE_STATUS {volume=volume83577, bucket=bucket75634, key=dir1/dir2/key1, dataSize=0, replicationConfig=null} | ret=FAILURE
org.apache.hadoop.ozone.om.exceptions.OMException: Unable to get file status: volume: volume83577 bucket: bucket75634 key: dir1/dir2/key1
	at org.apache.hadoop.ozone.om.KeyManagerImpl.getOzoneFileStatus(KeyManagerImpl.java:1301) ~[ozone-manager-1.4.0-SNAPSHOT.jar:?]
	at org.apache.hadoop.ozone.om.KeyManagerImpl.getFileStatus(KeyManagerImpl.java:1219) ~[ozone-manager-1.4.0-SNAPSHOT.jar:?]
	at org.apache.hadoop.ozone.om.OzoneManager.getFileStatus(OzoneManager.java:3498) ~[ozone-manager-1.4.0-SNAPSHOT.jar:?]
	at org.apache.hadoop.ozone.protocolPB.OzoneManagerRequestHandler.getOzoneFileStatus(OzoneManagerRequestHandler.java:913) ~[ozone-manager-1.4.0-SNAPSHOT.jar:?]
	at org.apache.hadoop.ozone.protocolPB.OzoneManagerRequestHandler.handleReadRequest(OzoneManagerRequestHandler.java:233) ~[ozone-manager-1.4.0-SNAPSHOT.jar:?]
	at org.apache.hadoop.ozone.protocolPB.OzoneManagerProtocolServerSideTranslatorPB.submitReadRequestToOM(OzoneManagerProtocolServerSideTranslatorPB.java:226) ~[ozone-manager-1.4.0-SNAPSHOT.jar:?]
	at org.apache.hadoop.ozone.protocolPB.OzoneManagerProtocolServerSideTranslatorPB.processRequest(OzoneManagerProtocolServerSideTranslatorPB.java:175) ~[ozone-manager-1.4.0-SNAPSHOT.jar:?]
	at org.apache.hadoop.hdds.server.OzoneProtocolMessageDispatcher.processRequest(OzoneProtocolMessageDispatcher.java:87) [hdds-server-framework-1.4.0-SNAPSHOT.jar:?]
	at org.apache.hadoop.ozone.protocolPB.OzoneManagerProtocolServerSideTranslatorPB.submitRequest(OzoneManagerProtocolServerSideTranslatorPB.java:147) [ozone-manager-1.4.0-SNAPSHOT.jar:?]
	at org.apache.hadoop.ozone.protocol.proto.OzoneManagerProtocolProtos$OzoneManagerService$2.callBlockingMethod(OzoneManagerProtocolProtos.java) [ozone-interface-client-1.4.0-SNAPSHOT.jar:?]
	at org.apache.hadoop.ipc.ProtobufRpcEngine$Server.processCall(ProtobufRpcEngine.java:465) [hadoop-common-3.3.4.jar:?]
	at org.apache.hadoop.ipc.ProtobufRpcEngine2$Server$ProtoBufRpcInvoker.call(ProtobufRpcEngine2.java:578) [hadoop-common-3.3.4.jar:?]
	at org.apache.hadoop.ipc.ProtobufRpcEngine2$Server$ProtoBufRpcInvoker.call(ProtobufRpcEngine2.java:556) [hadoop-common-3.3.4.jar:?]
	at org.apache.hadoop.ipc.RPC$Server.call(RPC.java:1093) [hadoop-common-3.3.4.jar:?]
	at org.apache.hadoop.ipc.Server$RpcCall.run(Server.java:1043) [hadoop-common-3.3.4.jar:?]
	at org.apache.hadoop.ipc.Server$RpcCall.run(Server.java:971) [hadoop-common-3.3.4.jar:?]
	at java.security.AccessController.doPrivileged(Native Method) ~[?:1.8.0_352]
	at javax.security.auth.Subject.doAs(Subject.java:422) [?:1.8.0_352]
	at org.apache.hadoop.security.UserGroupInformation.doAs(UserGroupInformation.java:1878) [hadoop-common-3.3.4.jar:?]
	at org.apache.hadoop.ipc.Server$Handler.run(Server.java:2976) [hadoop-common-3.3.4.jar:?]
20:30:04.516 [IPC Server handler 3 on default port 38181] ERROR OMAudit - user=runner | ip=127.0.0.1 | op=GET_FILE_STATUS {volume=volume83577, bucket=bucket75634, key=user/runner/dir1, dataSize=0, replicationConfig=null} | ret=FAILURE
org.apache.hadoop.ozone.om.exceptions.OMException: Unable to get file status: volume: volume83577 bucket: bucket75634 key: user/runner/dir1
	at org.apache.hadoop.ozone.om.KeyManagerImpl.getOzoneFileStatus(KeyManagerImpl.java:1301) ~[ozone-manager-1.4.0-SNAPSHOT.jar:?]
	at org.apache.hadoop.ozone.om.KeyManagerImpl.getFileStatus(KeyManagerImpl.java:1219) ~[ozone-manager-1.4.0-SNAPSHOT.jar:?]
	at org.apache.hadoop.ozone.om.OzoneManager.getFileStatus(OzoneManager.java:3498) ~[ozone-manager-1.4.0-SNAPSHOT.jar:?]
	at org.apache.hadoop.ozone.protocolPB.OzoneManagerRequestHandler.getOzoneFileStatus(OzoneManagerRequestHandler.java:913) ~[ozone-manager-1.4.0-SNAPSHOT.jar:?]
	at org.apache.hadoop.ozone.protocolPB.OzoneManagerRequestHandler.handleReadRequest(OzoneManagerRequestHandler.java:233) ~[ozone-manager-1.4.0-SNAPSHOT.jar:?]
	at org.apache.hadoop.ozone.protocolPB.OzoneManagerProtocolServerSideTranslatorPB.submitReadRequestToOM(OzoneManagerProtocolServerSideTranslatorPB.java:226) ~[ozone-manager-1.4.0-SNAPSHOT.jar:?]
	at org.apache.hadoop.ozone.protocolPB.OzoneManagerProtocolServerSideTranslatorPB.processRequest(OzoneManagerProtocolServerSideTranslatorPB.java:175) ~[ozone-manager-1.4.0-SNAPSHOT.jar:?]
	at org.apache.hadoop.hdds.server.OzoneProtocolMessageDispatcher.processRequest(OzoneProtocolMessageDispatcher.java:87) [hdds-server-framework-1.4.0-SNAPSHOT.jar:?]
	at org.apache.hadoop.ozone.protocolPB.OzoneManagerProtocolServerSideTranslatorPB.submitRequest(OzoneManagerProtocolServerSideTranslatorPB.java:147) [ozone-manager-1.4.0-SNAPSHOT.jar:?]
	at org.apache.hadoop.ozone.protocol.proto.OzoneManagerProtocolProtos$OzoneManagerService$2.callBlockingMethod(OzoneManagerProtocolProtos.java) [ozone-interface-client-1.4.0-SNAPSHOT.jar:?]
	at org.apache.hadoop.ipc.ProtobufRpcEngine$Server.processCall(ProtobufRpcEngine.java:465) [hadoop-common-3.3.4.jar:?]
	at org.apache.hadoop.ipc.ProtobufRpcEngine2$Server$ProtoBufRpcInvoker.call(ProtobufRpcEngine2.java:578) [hadoop-common-3.3.4.jar:?]
	at org.apache.hadoop.ipc.ProtobufRpcEngine2$Server$ProtoBufRpcInvoker.call(ProtobufRpcEngine2.java:556) [hadoop-common-3.3.4.jar:?]
	at org.apache.hadoop.ipc.RPC$Server.call(RPC.java:1093) [hadoop-common-3.3.4.jar:?]
	at org.apache.hadoop.ipc.Server$RpcCall.run(Server.java:1043) [hadoop-common-3.3.4.jar:?]
	at org.apache.hadoop.ipc.Server$RpcCall.run(Server.java:971) [hadoop-common-3.3.4.jar:?]
	at java.security.AccessController.doPrivileged(Native Method) ~[?:1.8.0_352]
	at javax.security.auth.Subject.doAs(Subject.java:422) [?:1.8.0_352]
	at org.apache.hadoop.security.UserGroupInformation.doAs(UserGroupInformation.java:1878) [hadoop-common-3.3.4.jar:?]
	at org.apache.hadoop.ipc.Server$Handler.run(Server.java:2976) [hadoop-common-3.3.4.jar:?]
20:30:04.517 [IPC Server handler 1 on default port 38181] ERROR OMAudit - user=runner | ip=127.0.0.1 | op=GET_FILE_STATUS {volume=volume83577, bucket=bucket75634, key=user/runner/dir1/dir2, dataSize=0, replicationConfig=null} | ret=FAILURE
org.apache.hadoop.ozone.om.exceptions.OMException: Unable to get file status: volume: volume83577 bucket: bucket75634 key: user/runner/dir1/dir2
	at org.apache.hadoop.ozone.om.KeyManagerImpl.getOzoneFileStatus(KeyManagerImpl.java:1301) ~[ozone-manager-1.4.0-SNAPSHOT.jar:?]
	at org.apache.hadoop.ozone.om.KeyManagerImpl.getFileStatus(KeyManagerImpl.java:1219) ~[ozone-manager-1.4.0-SNAPSHOT.jar:?]
	at org.apache.hadoop.ozone.om.OzoneManager.getFileStatus(OzoneManager.java:3498) ~[ozone-manager-1.4.0-SNAPSHOT.jar:?]
	at org.apache.hadoop.ozone.protocolPB.OzoneManagerRequestHandler.getOzoneFileStatus(OzoneManagerRequestHandler.java:913) ~[ozone-manager-1.4.0-SNAPSHOT.jar:?]
	at org.apache.hadoop.ozone.protocolPB.OzoneManagerRequestHandler.handleReadRequest(OzoneManagerRequestHandler.java:233) ~[ozone-manager-1.4.0-SNAPSHOT.jar:?]
	at org.apache.hadoop.ozone.protocolPB.OzoneManagerProtocolServerSideTranslatorPB.submitReadRequestToOM(OzoneManagerProtocolServerSideTranslatorPB.java:226) ~[ozone-manager-1.4.0-SNAPSHOT.jar:?]
	at org.apache.hadoop.ozone.protocolPB.OzoneManagerProtocolServerSideTranslatorPB.processRequest(OzoneManagerProtocolServerSideTranslatorPB.java:175) ~[ozone-manager-1.4.0-SNAPSHOT.jar:?]
	at org.apache.hadoop.hdds.server.OzoneProtocolMessageDispatcher.processRequest(OzoneProtocolMessageDispatcher.java:87) [hdds-server-framework-1.4.0-SNAPSHOT.jar:?]
	at org.apache.hadoop.ozone.protocolPB.OzoneManagerProtocolServerSideTranslatorPB.submitRequest(OzoneManagerProtocolServerSideTranslatorPB.java:147) [ozone-manager-1.4.0-SNAPSHOT.jar:?]
	at org.apache.hadoop.ozone.protocol.proto.OzoneManagerProtocolProtos$OzoneManagerService$2.callBlockingMethod(OzoneManagerProtocolProtos.java) [ozone-interface-client-1.4.0-SNAPSHOT.jar:?]
	at org.apache.hadoop.ipc.ProtobufRpcEngine$Server.processCall(ProtobufRpcEngine.java:465) [hadoop-common-3.3.4.jar:?]
	at org.apache.hadoop.ipc.ProtobufRpcEngine2$Server$ProtoBufRpcInvoker.call(ProtobufRpcEngine2.java:578) [hadoop-common-3.3.4.jar:?]
	at org.apache.hadoop.ipc.ProtobufRpcEngine2$Server$ProtoBufRpcInvoker.call(ProtobufRpcEngine2.java:556) [hadoop-common-3.3.4.jar:?]
	at org.apache.hadoop.ipc.RPC$Server.call(RPC.java:1093) [hadoop-common-3.3.4.jar:?]
	at org.apache.hadoop.ipc.Server$RpcCall.run(Server.java:1043) [hadoop-common-3.3.4.jar:?]
	at org.apache.hadoop.ipc.Server$RpcCall.run(Server.java:971) [hadoop-common-3.3.4.jar:?]
	at java.security.AccessController.doPrivileged(Native Method) ~[?:1.8.0_352]
	at javax.security.auth.Subject.doAs(Subject.java:422) [?:1.8.0_352]
	at org.apache.hadoop.security.UserGroupInformation.doAs(UserGroupInformation.java:1878) [hadoop-common-3.3.4.jar:?]
	at org.apache.hadoop.ipc.Server$Handler.run(Server.java:2976) [hadoop-common-3.3.4.jar:?]
]]></system-out>
  </testcase>
  <testcase name="testRenameContainDelimiterFile" classname="TestOzoneFileSystem" time="0.014">
    <system-out><![CDATA[2023-01-26 20:31:14,657 [IPC Server handler 19 on default port 37459] INFO  key.OMKeyRequest (OMKeyRequest.java:wrapUncommittedBlocksAsPseudoKey(837)) - Detect allocated but uncommitted blocks [{blockID={containerID=6, localID=111677748019200038}, length=4194304, offset=0, token=null, pipeline=null, createVersion=0, partNumber=0}] in key dir1/dir2/key1.
20:31:14.659 [IPC Server handler 1 on default port 37459] ERROR OMAudit - user=runner | ip=127.0.0.1 | op=GET_FILE_STATUS {volume=volume58619, bucket=bucket43836, key=dir1/dir2/key2, dataSize=0, replicationConfig=null} | ret=FAILURE
org.apache.hadoop.ozone.om.exceptions.OMException: Unable to get file status: volume: volume58619 bucket: bucket43836 key: dir1/dir2/key2
	at org.apache.hadoop.ozone.om.KeyManagerImpl.getOzoneFileStatus(KeyManagerImpl.java:1301) ~[ozone-manager-1.4.0-SNAPSHOT.jar:?]
	at org.apache.hadoop.ozone.om.KeyManagerImpl.getFileStatus(KeyManagerImpl.java:1219) ~[ozone-manager-1.4.0-SNAPSHOT.jar:?]
	at org.apache.hadoop.ozone.om.OzoneManager.getFileStatus(OzoneManager.java:3498) ~[ozone-manager-1.4.0-SNAPSHOT.jar:?]
	at org.apache.hadoop.ozone.protocolPB.OzoneManagerRequestHandler.getOzoneFileStatus(OzoneManagerRequestHandler.java:913) ~[ozone-manager-1.4.0-SNAPSHOT.jar:?]
	at org.apache.hadoop.ozone.protocolPB.OzoneManagerRequestHandler.handleReadRequest(OzoneManagerRequestHandler.java:233) ~[ozone-manager-1.4.0-SNAPSHOT.jar:?]
	at org.apache.hadoop.ozone.protocolPB.OzoneManagerProtocolServerSideTranslatorPB.submitRequestDirectlyToOM(OzoneManagerProtocolServerSideTranslatorPB.java:276) ~[ozone-manager-1.4.0-SNAPSHOT.jar:?]
	at org.apache.hadoop.ozone.protocolPB.OzoneManagerProtocolServerSideTranslatorPB.processRequest(OzoneManagerProtocolServerSideTranslatorPB.java:205) ~[ozone-manager-1.4.0-SNAPSHOT.jar:?]
	at org.apache.hadoop.hdds.server.OzoneProtocolMessageDispatcher.processRequest(OzoneProtocolMessageDispatcher.java:87) [hdds-server-framework-1.4.0-SNAPSHOT.jar:?]
	at org.apache.hadoop.ozone.protocolPB.OzoneManagerProtocolServerSideTranslatorPB.submitRequest(OzoneManagerProtocolServerSideTranslatorPB.java:147) [ozone-manager-1.4.0-SNAPSHOT.jar:?]
	at org.apache.hadoop.ozone.protocol.proto.OzoneManagerProtocolProtos$OzoneManagerService$2.callBlockingMethod(OzoneManagerProtocolProtos.java) [ozone-interface-client-1.4.0-SNAPSHOT.jar:?]
	at org.apache.hadoop.ipc.ProtobufRpcEngine$Server.processCall(ProtobufRpcEngine.java:465) [hadoop-common-3.3.4.jar:?]
	at org.apache.hadoop.ipc.ProtobufRpcEngine2$Server$ProtoBufRpcInvoker.call(ProtobufRpcEngine2.java:578) [hadoop-common-3.3.4.jar:?]
	at org.apache.hadoop.ipc.ProtobufRpcEngine2$Server$ProtoBufRpcInvoker.call(ProtobufRpcEngine2.java:556) [hadoop-common-3.3.4.jar:?]
	at org.apache.hadoop.ipc.RPC$Server.call(RPC.java:1093) [hadoop-common-3.3.4.jar:?]
	at org.apache.hadoop.ipc.Server$RpcCall.run(Server.java:1043) [hadoop-common-3.3.4.jar:?]
	at org.apache.hadoop.ipc.Server$RpcCall.run(Server.java:971) [hadoop-common-3.3.4.jar:?]
	at java.security.AccessController.doPrivileged(Native Method) ~[?:1.8.0_352]
	at javax.security.auth.Subject.doAs(Subject.java:422) [?:1.8.0_352]
	at org.apache.hadoop.security.UserGroupInformation.doAs(UserGroupInformation.java:1878) [hadoop-common-3.3.4.jar:?]
	at org.apache.hadoop.ipc.Server$Handler.run(Server.java:2976) [hadoop-common-3.3.4.jar:?]
20:31:14.663 [IPC Server handler 6 on default port 37459] ERROR OMAudit - user=runner | ip=127.0.0.1 | op=GET_FILE_STATUS {volume=volume58619, bucket=bucket43836, key=dir1/dir2/key1, dataSize=0, replicationConfig=null} | ret=FAILURE
org.apache.hadoop.ozone.om.exceptions.OMException: Unable to get file status: volume: volume58619 bucket: bucket43836 key: dir1/dir2/key1
	at org.apache.hadoop.ozone.om.KeyManagerImpl.getOzoneFileStatus(KeyManagerImpl.java:1301) ~[ozone-manager-1.4.0-SNAPSHOT.jar:?]
	at org.apache.hadoop.ozone.om.KeyManagerImpl.getFileStatus(KeyManagerImpl.java:1219) ~[ozone-manager-1.4.0-SNAPSHOT.jar:?]
	at org.apache.hadoop.ozone.om.OzoneManager.getFileStatus(OzoneManager.java:3498) ~[ozone-manager-1.4.0-SNAPSHOT.jar:?]
	at org.apache.hadoop.ozone.protocolPB.OzoneManagerRequestHandler.getOzoneFileStatus(OzoneManagerRequestHandler.java:913) ~[ozone-manager-1.4.0-SNAPSHOT.jar:?]
	at org.apache.hadoop.ozone.protocolPB.OzoneManagerRequestHandler.handleReadRequest(OzoneManagerRequestHandler.java:233) ~[ozone-manager-1.4.0-SNAPSHOT.jar:?]
	at org.apache.hadoop.ozone.protocolPB.OzoneManagerProtocolServerSideTranslatorPB.submitRequestDirectlyToOM(OzoneManagerProtocolServerSideTranslatorPB.java:276) ~[ozone-manager-1.4.0-SNAPSHOT.jar:?]
	at org.apache.hadoop.ozone.protocolPB.OzoneManagerProtocolServerSideTranslatorPB.processRequest(OzoneManagerProtocolServerSideTranslatorPB.java:205) ~[ozone-manager-1.4.0-SNAPSHOT.jar:?]
	at org.apache.hadoop.hdds.server.OzoneProtocolMessageDispatcher.processRequest(OzoneProtocolMessageDispatcher.java:87) [hdds-server-framework-1.4.0-SNAPSHOT.jar:?]
	at org.apache.hadoop.ozone.protocolPB.OzoneManagerProtocolServerSideTranslatorPB.submitRequest(OzoneManagerProtocolServerSideTranslatorPB.java:147) [ozone-manager-1.4.0-SNAPSHOT.jar:?]
	at org.apache.hadoop.ozone.protocol.proto.OzoneManagerProtocolProtos$OzoneManagerService$2.callBlockingMethod(OzoneManagerProtocolProtos.java) [ozone-interface-client-1.4.0-SNAPSHOT.jar:?]
	at org.apache.hadoop.ipc.ProtobufRpcEngine$Server.processCall(ProtobufRpcEngine.java:465) [hadoop-common-3.3.4.jar:?]
	at org.apache.hadoop.ipc.ProtobufRpcEngine2$Server$ProtoBufRpcInvoker.call(ProtobufRpcEngine2.java:578) [hadoop-common-3.3.4.jar:?]
	at org.apache.hadoop.ipc.ProtobufRpcEngine2$Server$ProtoBufRpcInvoker.call(ProtobufRpcEngine2.java:556) [hadoop-common-3.3.4.jar:?]
	at org.apache.hadoop.ipc.RPC$Server.call(RPC.java:1093) [hadoop-common-3.3.4.jar:?]
	at org.apache.hadoop.ipc.Server$RpcCall.run(Server.java:1043) [hadoop-common-3.3.4.jar:?]
	at org.apache.hadoop.ipc.Server$RpcCall.run(Server.java:971) [hadoop-common-3.3.4.jar:?]
	at java.security.AccessController.doPrivileged(Native Method) ~[?:1.8.0_352]
	at javax.security.auth.Subject.doAs(Subject.java:422) [?:1.8.0_352]
	at org.apache.hadoop.security.UserGroupInformation.doAs(UserGroupInformation.java:1878) [hadoop-common-3.3.4.jar:?]
	at org.apache.hadoop.ipc.Server$Handler.run(Server.java:2976) [hadoop-common-3.3.4.jar:?]
20:31:14.664 [IPC Server handler 10 on default port 37459] ERROR OMAudit - user=runner | ip=127.0.0.1 | op=GET_FILE_STATUS {volume=volume58619, bucket=bucket43836, key=user/runner/dir1, dataSize=0, replicationConfig=null} | ret=FAILURE
org.apache.hadoop.ozone.om.exceptions.OMException: Unable to get file status: volume: volume58619 bucket: bucket43836 key: user/runner/dir1
	at org.apache.hadoop.ozone.om.KeyManagerImpl.getOzoneFileStatus(KeyManagerImpl.java:1301) ~[ozone-manager-1.4.0-SNAPSHOT.jar:?]
	at org.apache.hadoop.ozone.om.KeyManagerImpl.getFileStatus(KeyManagerImpl.java:1219) ~[ozone-manager-1.4.0-SNAPSHOT.jar:?]
	at org.apache.hadoop.ozone.om.OzoneManager.getFileStatus(OzoneManager.java:3498) ~[ozone-manager-1.4.0-SNAPSHOT.jar:?]
	at org.apache.hadoop.ozone.protocolPB.OzoneManagerRequestHandler.getOzoneFileStatus(OzoneManagerRequestHandler.java:913) ~[ozone-manager-1.4.0-SNAPSHOT.jar:?]
	at org.apache.hadoop.ozone.protocolPB.OzoneManagerRequestHandler.handleReadRequest(OzoneManagerRequestHandler.java:233) ~[ozone-manager-1.4.0-SNAPSHOT.jar:?]
	at org.apache.hadoop.ozone.protocolPB.OzoneManagerProtocolServerSideTranslatorPB.submitRequestDirectlyToOM(OzoneManagerProtocolServerSideTranslatorPB.java:276) ~[ozone-manager-1.4.0-SNAPSHOT.jar:?]
	at org.apache.hadoop.ozone.protocolPB.OzoneManagerProtocolServerSideTranslatorPB.processRequest(OzoneManagerProtocolServerSideTranslatorPB.java:205) ~[ozone-manager-1.4.0-SNAPSHOT.jar:?]
	at org.apache.hadoop.hdds.server.OzoneProtocolMessageDispatcher.processRequest(OzoneProtocolMessageDispatcher.java:87) [hdds-server-framework-1.4.0-SNAPSHOT.jar:?]
	at org.apache.hadoop.ozone.protocolPB.OzoneManagerProtocolServerSideTranslatorPB.submitRequest(OzoneManagerProtocolServerSideTranslatorPB.java:147) [ozone-manager-1.4.0-SNAPSHOT.jar:?]
	at org.apache.hadoop.ozone.protocol.proto.OzoneManagerProtocolProtos$OzoneManagerService$2.callBlockingMethod(OzoneManagerProtocolProtos.java) [ozone-interface-client-1.4.0-SNAPSHOT.jar:?]
	at org.apache.hadoop.ipc.ProtobufRpcEngine$Server.processCall(ProtobufRpcEngine.java:465) [hadoop-common-3.3.4.jar:?]
	at org.apache.hadoop.ipc.ProtobufRpcEngine2$Server$ProtoBufRpcInvoker.call(ProtobufRpcEngine2.java:578) [hadoop-common-3.3.4.jar:?]
	at org.apache.hadoop.ipc.ProtobufRpcEngine2$Server$ProtoBufRpcInvoker.call(ProtobufRpcEngine2.java:556) [hadoop-common-3.3.4.jar:?]
	at org.apache.hadoop.ipc.RPC$Server.call(RPC.java:1093) [hadoop-common-3.3.4.jar:?]
	at org.apache.hadoop.ipc.Server$RpcCall.run(Server.java:1043) [hadoop-common-3.3.4.jar:?]
	at org.apache.hadoop.ipc.Server$RpcCall.run(Server.java:971) [hadoop-common-3.3.4.jar:?]
	at java.security.AccessController.doPrivileged(Native Method) ~[?:1.8.0_352]
	at javax.security.auth.Subject.doAs(Subject.java:422) [?:1.8.0_352]
	at org.apache.hadoop.security.UserGroupInformation.doAs(UserGroupInformation.java:1878) [hadoop-common-3.3.4.jar:?]
	at org.apache.hadoop.ipc.Server$Handler.run(Server.java:2976) [hadoop-common-3.3.4.jar:?]
20:31:14.665 [IPC Server handler 9 on default port 37459] ERROR OMAudit - user=runner | ip=127.0.0.1 | op=GET_FILE_STATUS {volume=volume58619, bucket=bucket43836, key=user/runner/dir1/dir2, dataSize=0, replicationConfig=null} | ret=FAILURE
org.apache.hadoop.ozone.om.exceptions.OMException: Unable to get file status: volume: volume58619 bucket: bucket43836 key: user/runner/dir1/dir2
	at org.apache.hadoop.ozone.om.KeyManagerImpl.getOzoneFileStatus(KeyManagerImpl.java:1301) ~[ozone-manager-1.4.0-SNAPSHOT.jar:?]
	at org.apache.hadoop.ozone.om.KeyManagerImpl.getFileStatus(KeyManagerImpl.java:1219) ~[ozone-manager-1.4.0-SNAPSHOT.jar:?]
	at org.apache.hadoop.ozone.om.OzoneManager.getFileStatus(OzoneManager.java:3498) ~[ozone-manager-1.4.0-SNAPSHOT.jar:?]
	at org.apache.hadoop.ozone.protocolPB.OzoneManagerRequestHandler.getOzoneFileStatus(OzoneManagerRequestHandler.java:913) ~[ozone-manager-1.4.0-SNAPSHOT.jar:?]
	at org.apache.hadoop.ozone.protocolPB.OzoneManagerRequestHandler.handleReadRequest(OzoneManagerRequestHandler.java:233) ~[ozone-manager-1.4.0-SNAPSHOT.jar:?]
	at org.apache.hadoop.ozone.protocolPB.OzoneManagerProtocolServerSideTranslatorPB.submitRequestDirectlyToOM(OzoneManagerProtocolServerSideTranslatorPB.java:276) ~[ozone-manager-1.4.0-SNAPSHOT.jar:?]
	at org.apache.hadoop.ozone.protocolPB.OzoneManagerProtocolServerSideTranslatorPB.processRequest(OzoneManagerProtocolServerSideTranslatorPB.java:205) ~[ozone-manager-1.4.0-SNAPSHOT.jar:?]
	at org.apache.hadoop.hdds.server.OzoneProtocolMessageDispatcher.processRequest(OzoneProtocolMessageDispatcher.java:87) [hdds-server-framework-1.4.0-SNAPSHOT.jar:?]
	at org.apache.hadoop.ozone.protocolPB.OzoneManagerProtocolServerSideTranslatorPB.submitRequest(OzoneManagerProtocolServerSideTranslatorPB.java:147) [ozone-manager-1.4.0-SNAPSHOT.jar:?]
	at org.apache.hadoop.ozone.protocol.proto.OzoneManagerProtocolProtos$OzoneManagerService$2.callBlockingMethod(OzoneManagerProtocolProtos.java) [ozone-interface-client-1.4.0-SNAPSHOT.jar:?]
	at org.apache.hadoop.ipc.ProtobufRpcEngine$Server.processCall(ProtobufRpcEngine.java:465) [hadoop-common-3.3.4.jar:?]
	at org.apache.hadoop.ipc.ProtobufRpcEngine2$Server$ProtoBufRpcInvoker.call(ProtobufRpcEngine2.java:578) [hadoop-common-3.3.4.jar:?]
	at org.apache.hadoop.ipc.ProtobufRpcEngine2$Server$ProtoBufRpcInvoker.call(ProtobufRpcEngine2.java:556) [hadoop-common-3.3.4.jar:?]
	at org.apache.hadoop.ipc.RPC$Server.call(RPC.java:1093) [hadoop-common-3.3.4.jar:?]
	at org.apache.hadoop.ipc.Server$RpcCall.run(Server.java:1043) [hadoop-common-3.3.4.jar:?]
	at org.apache.hadoop.ipc.Server$RpcCall.run(Server.java:971) [hadoop-common-3.3.4.jar:?]
	at java.security.AccessController.doPrivileged(Native Method) ~[?:1.8.0_352]
	at javax.security.auth.Subject.doAs(Subject.java:422) [?:1.8.0_352]
	at org.apache.hadoop.security.UserGroupInformation.doAs(UserGroupInformation.java:1878) [hadoop-common-3.3.4.jar:?]
	at org.apache.hadoop.ipc.Server$Handler.run(Server.java:2976) [hadoop-common-3.3.4.jar:?]
]]></system-out>
  </testcase>
  <testcase name="testRenameContainDelimiterFile" classname="TestOzoneFileSystem" time="0.016">
    <system-out><![CDATA[2023-01-26 20:32:19,047 [OM StateMachine ApplyTransaction Thread - 0] INFO  key.OMKeyRequest (OMKeyRequest.java:wrapUncommittedBlocksAsPseudoKey(837)) - Detect allocated but uncommitted blocks [{blockID={containerID=4, localID=111677748019200038}, length=4194304, offset=0, token=null, pipeline=null, createVersion=0, partNumber=0}] in key dir1/dir2/key1.
20:32:19.048 [IPC Server handler 3 on default port 38041] ERROR OMAudit - user=runner | ip=127.0.0.1 | op=GET_FILE_STATUS {volume=volume53399, bucket=bucket90109, key=dir1/dir2/key2, dataSize=0, replicationConfig=null} | ret=FAILURE
org.apache.hadoop.ozone.om.exceptions.OMException: Unable to get file status: volume: volume53399 bucket: bucket90109 key: dir1/dir2/key2
	at org.apache.hadoop.ozone.om.KeyManagerImpl.getOzoneFileStatus(KeyManagerImpl.java:1301) ~[ozone-manager-1.4.0-SNAPSHOT.jar:?]
	at org.apache.hadoop.ozone.om.KeyManagerImpl.getFileStatus(KeyManagerImpl.java:1219) ~[ozone-manager-1.4.0-SNAPSHOT.jar:?]
	at org.apache.hadoop.ozone.om.OzoneManager.getFileStatus(OzoneManager.java:3498) ~[ozone-manager-1.4.0-SNAPSHOT.jar:?]
	at org.apache.hadoop.ozone.protocolPB.OzoneManagerRequestHandler.getOzoneFileStatus(OzoneManagerRequestHandler.java:913) ~[ozone-manager-1.4.0-SNAPSHOT.jar:?]
	at org.apache.hadoop.ozone.protocolPB.OzoneManagerRequestHandler.handleReadRequest(OzoneManagerRequestHandler.java:233) ~[ozone-manager-1.4.0-SNAPSHOT.jar:?]
	at org.apache.hadoop.ozone.protocolPB.OzoneManagerProtocolServerSideTranslatorPB.submitReadRequestToOM(OzoneManagerProtocolServerSideTranslatorPB.java:226) ~[ozone-manager-1.4.0-SNAPSHOT.jar:?]
	at org.apache.hadoop.ozone.protocolPB.OzoneManagerProtocolServerSideTranslatorPB.processRequest(OzoneManagerProtocolServerSideTranslatorPB.java:175) ~[ozone-manager-1.4.0-SNAPSHOT.jar:?]
	at org.apache.hadoop.hdds.server.OzoneProtocolMessageDispatcher.processRequest(OzoneProtocolMessageDispatcher.java:87) [hdds-server-framework-1.4.0-SNAPSHOT.jar:?]
	at org.apache.hadoop.ozone.protocolPB.OzoneManagerProtocolServerSideTranslatorPB.submitRequest(OzoneManagerProtocolServerSideTranslatorPB.java:147) [ozone-manager-1.4.0-SNAPSHOT.jar:?]
	at org.apache.hadoop.ozone.protocol.proto.OzoneManagerProtocolProtos$OzoneManagerService$2.callBlockingMethod(OzoneManagerProtocolProtos.java) [ozone-interface-client-1.4.0-SNAPSHOT.jar:?]
	at org.apache.hadoop.ipc.ProtobufRpcEngine$Server.processCall(ProtobufRpcEngine.java:465) [hadoop-common-3.3.4.jar:?]
	at org.apache.hadoop.ipc.ProtobufRpcEngine2$Server$ProtoBufRpcInvoker.call(ProtobufRpcEngine2.java:578) [hadoop-common-3.3.4.jar:?]
	at org.apache.hadoop.ipc.ProtobufRpcEngine2$Server$ProtoBufRpcInvoker.call(ProtobufRpcEngine2.java:556) [hadoop-common-3.3.4.jar:?]
	at org.apache.hadoop.ipc.RPC$Server.call(RPC.java:1093) [hadoop-common-3.3.4.jar:?]
	at org.apache.hadoop.ipc.Server$RpcCall.run(Server.java:1043) [hadoop-common-3.3.4.jar:?]
	at org.apache.hadoop.ipc.Server$RpcCall.run(Server.java:971) [hadoop-common-3.3.4.jar:?]
	at java.security.AccessController.doPrivileged(Native Method) ~[?:1.8.0_352]
	at javax.security.auth.Subject.doAs(Subject.java:422) [?:1.8.0_352]
	at org.apache.hadoop.security.UserGroupInformation.doAs(UserGroupInformation.java:1878) [hadoop-common-3.3.4.jar:?]
	at org.apache.hadoop.ipc.Server$Handler.run(Server.java:2976) [hadoop-common-3.3.4.jar:?]
20:32:19.051 [IPC Server handler 8 on default port 38041] ERROR OMAudit - user=runner | ip=127.0.0.1 | op=GET_FILE_STATUS {volume=volume53399, bucket=bucket90109, key=dir1/dir2/key1, dataSize=0, replicationConfig=null} | ret=FAILURE
org.apache.hadoop.ozone.om.exceptions.OMException: Unable to get file status: volume: volume53399 bucket: bucket90109 key: dir1/dir2/key1
	at org.apache.hadoop.ozone.om.KeyManagerImpl.getOzoneFileStatus(KeyManagerImpl.java:1301) ~[ozone-manager-1.4.0-SNAPSHOT.jar:?]
	at org.apache.hadoop.ozone.om.KeyManagerImpl.getFileStatus(KeyManagerImpl.java:1219) ~[ozone-manager-1.4.0-SNAPSHOT.jar:?]
	at org.apache.hadoop.ozone.om.OzoneManager.getFileStatus(OzoneManager.java:3498) ~[ozone-manager-1.4.0-SNAPSHOT.jar:?]
	at org.apache.hadoop.ozone.protocolPB.OzoneManagerRequestHandler.getOzoneFileStatus(OzoneManagerRequestHandler.java:913) ~[ozone-manager-1.4.0-SNAPSHOT.jar:?]
	at org.apache.hadoop.ozone.protocolPB.OzoneManagerRequestHandler.handleReadRequest(OzoneManagerRequestHandler.java:233) ~[ozone-manager-1.4.0-SNAPSHOT.jar:?]
	at org.apache.hadoop.ozone.protocolPB.OzoneManagerProtocolServerSideTranslatorPB.submitReadRequestToOM(OzoneManagerProtocolServerSideTranslatorPB.java:226) ~[ozone-manager-1.4.0-SNAPSHOT.jar:?]
	at org.apache.hadoop.ozone.protocolPB.OzoneManagerProtocolServerSideTranslatorPB.processRequest(OzoneManagerProtocolServerSideTranslatorPB.java:175) ~[ozone-manager-1.4.0-SNAPSHOT.jar:?]
	at org.apache.hadoop.hdds.server.OzoneProtocolMessageDispatcher.processRequest(OzoneProtocolMessageDispatcher.java:87) [hdds-server-framework-1.4.0-SNAPSHOT.jar:?]
	at org.apache.hadoop.ozone.protocolPB.OzoneManagerProtocolServerSideTranslatorPB.submitRequest(OzoneManagerProtocolServerSideTranslatorPB.java:147) [ozone-manager-1.4.0-SNAPSHOT.jar:?]
	at org.apache.hadoop.ozone.protocol.proto.OzoneManagerProtocolProtos$OzoneManagerService$2.callBlockingMethod(OzoneManagerProtocolProtos.java) [ozone-interface-client-1.4.0-SNAPSHOT.jar:?]
	at org.apache.hadoop.ipc.ProtobufRpcEngine$Server.processCall(ProtobufRpcEngine.java:465) [hadoop-common-3.3.4.jar:?]
	at org.apache.hadoop.ipc.ProtobufRpcEngine2$Server$ProtoBufRpcInvoker.call(ProtobufRpcEngine2.java:578) [hadoop-common-3.3.4.jar:?]
	at org.apache.hadoop.ipc.ProtobufRpcEngine2$Server$ProtoBufRpcInvoker.call(ProtobufRpcEngine2.java:556) [hadoop-common-3.3.4.jar:?]
	at org.apache.hadoop.ipc.RPC$Server.call(RPC.java:1093) [hadoop-common-3.3.4.jar:?]
	at org.apache.hadoop.ipc.Server$RpcCall.run(Server.java:1043) [hadoop-common-3.3.4.jar:?]
	at org.apache.hadoop.ipc.Server$RpcCall.run(Server.java:971) [hadoop-common-3.3.4.jar:?]
	at java.security.AccessController.doPrivileged(Native Method) ~[?:1.8.0_352]
	at javax.security.auth.Subject.doAs(Subject.java:422) [?:1.8.0_352]
	at org.apache.hadoop.security.UserGroupInformation.doAs(UserGroupInformation.java:1878) [hadoop-common-3.3.4.jar:?]
	at org.apache.hadoop.ipc.Server$Handler.run(Server.java:2976) [hadoop-common-3.3.4.jar:?]
20:32:19.053 [IPC Server handler 10 on default port 38041] ERROR OMAudit - user=runner | ip=127.0.0.1 | op=GET_FILE_STATUS {volume=volume53399, bucket=bucket90109, key=user/runner/dir1, dataSize=0, replicationConfig=null} | ret=FAILURE
org.apache.hadoop.ozone.om.exceptions.OMException: Unable to get file status: volume: volume53399 bucket: bucket90109 key: user/runner/dir1
	at org.apache.hadoop.ozone.om.KeyManagerImpl.getOzoneFileStatus(KeyManagerImpl.java:1301) ~[ozone-manager-1.4.0-SNAPSHOT.jar:?]
	at org.apache.hadoop.ozone.om.KeyManagerImpl.getFileStatus(KeyManagerImpl.java:1219) ~[ozone-manager-1.4.0-SNAPSHOT.jar:?]
	at org.apache.hadoop.ozone.om.OzoneManager.getFileStatus(OzoneManager.java:3498) ~[ozone-manager-1.4.0-SNAPSHOT.jar:?]
	at org.apache.hadoop.ozone.protocolPB.OzoneManagerRequestHandler.getOzoneFileStatus(OzoneManagerRequestHandler.java:913) ~[ozone-manager-1.4.0-SNAPSHOT.jar:?]
	at org.apache.hadoop.ozone.protocolPB.OzoneManagerRequestHandler.handleReadRequest(OzoneManagerRequestHandler.java:233) ~[ozone-manager-1.4.0-SNAPSHOT.jar:?]
	at org.apache.hadoop.ozone.protocolPB.OzoneManagerProtocolServerSideTranslatorPB.submitReadRequestToOM(OzoneManagerProtocolServerSideTranslatorPB.java:226) ~[ozone-manager-1.4.0-SNAPSHOT.jar:?]
	at org.apache.hadoop.ozone.protocolPB.OzoneManagerProtocolServerSideTranslatorPB.processRequest(OzoneManagerProtocolServerSideTranslatorPB.java:175) ~[ozone-manager-1.4.0-SNAPSHOT.jar:?]
	at org.apache.hadoop.hdds.server.OzoneProtocolMessageDispatcher.processRequest(OzoneProtocolMessageDispatcher.java:87) [hdds-server-framework-1.4.0-SNAPSHOT.jar:?]
	at org.apache.hadoop.ozone.protocolPB.OzoneManagerProtocolServerSideTranslatorPB.submitRequest(OzoneManagerProtocolServerSideTranslatorPB.java:147) [ozone-manager-1.4.0-SNAPSHOT.jar:?]
	at org.apache.hadoop.ozone.protocol.proto.OzoneManagerProtocolProtos$OzoneManagerService$2.callBlockingMethod(OzoneManagerProtocolProtos.java) [ozone-interface-client-1.4.0-SNAPSHOT.jar:?]
	at org.apache.hadoop.ipc.ProtobufRpcEngine$Server.processCall(ProtobufRpcEngine.java:465) [hadoop-common-3.3.4.jar:?]
	at org.apache.hadoop.ipc.ProtobufRpcEngine2$Server$ProtoBufRpcInvoker.call(ProtobufRpcEngine2.java:578) [hadoop-common-3.3.4.jar:?]
	at org.apache.hadoop.ipc.ProtobufRpcEngine2$Server$ProtoBufRpcInvoker.call(ProtobufRpcEngine2.java:556) [hadoop-common-3.3.4.jar:?]
	at org.apache.hadoop.ipc.RPC$Server.call(RPC.java:1093) [hadoop-common-3.3.4.jar:?]
	at org.apache.hadoop.ipc.Server$RpcCall.run(Server.java:1043) [hadoop-common-3.3.4.jar:?]
	at org.apache.hadoop.ipc.Server$RpcCall.run(Server.java:971) [hadoop-common-3.3.4.jar:?]
	at java.security.AccessController.doPrivileged(Native Method) ~[?:1.8.0_352]
	at javax.security.auth.Subject.doAs(Subject.java:422) [?:1.8.0_352]
	at org.apache.hadoop.security.UserGroupInformation.doAs(UserGroupInformation.java:1878) [hadoop-common-3.3.4.jar:?]
	at org.apache.hadoop.ipc.Server$Handler.run(Server.java:2976) [hadoop-common-3.3.4.jar:?]
20:32:19.053 [IPC Server handler 11 on default port 38041] ERROR OMAudit - user=runner | ip=127.0.0.1 | op=GET_FILE_STATUS {volume=volume53399, bucket=bucket90109, key=user/runner/dir1/dir2, dataSize=0, replicationConfig=null} | ret=FAILURE
org.apache.hadoop.ozone.om.exceptions.OMException: Unable to get file status: volume: volume53399 bucket: bucket90109 key: user/runner/dir1/dir2
	at org.apache.hadoop.ozone.om.KeyManagerImpl.getOzoneFileStatus(KeyManagerImpl.java:1301) ~[ozone-manager-1.4.0-SNAPSHOT.jar:?]
	at org.apache.hadoop.ozone.om.KeyManagerImpl.getFileStatus(KeyManagerImpl.java:1219) ~[ozone-manager-1.4.0-SNAPSHOT.jar:?]
	at org.apache.hadoop.ozone.om.OzoneManager.getFileStatus(OzoneManager.java:3498) ~[ozone-manager-1.4.0-SNAPSHOT.jar:?]
	at org.apache.hadoop.ozone.protocolPB.OzoneManagerRequestHandler.getOzoneFileStatus(OzoneManagerRequestHandler.java:913) ~[ozone-manager-1.4.0-SNAPSHOT.jar:?]
	at org.apache.hadoop.ozone.protocolPB.OzoneManagerRequestHandler.handleReadRequest(OzoneManagerRequestHandler.java:233) ~[ozone-manager-1.4.0-SNAPSHOT.jar:?]
	at org.apache.hadoop.ozone.protocolPB.OzoneManagerProtocolServerSideTranslatorPB.submitReadRequestToOM(OzoneManagerProtocolServerSideTranslatorPB.java:226) ~[ozone-manager-1.4.0-SNAPSHOT.jar:?]
	at org.apache.hadoop.ozone.protocolPB.OzoneManagerProtocolServerSideTranslatorPB.processRequest(OzoneManagerProtocolServerSideTranslatorPB.java:175) ~[ozone-manager-1.4.0-SNAPSHOT.jar:?]
	at org.apache.hadoop.hdds.server.OzoneProtocolMessageDispatcher.processRequest(OzoneProtocolMessageDispatcher.java:87) [hdds-server-framework-1.4.0-SNAPSHOT.jar:?]
	at org.apache.hadoop.ozone.protocolPB.OzoneManagerProtocolServerSideTranslatorPB.submitRequest(OzoneManagerProtocolServerSideTranslatorPB.java:147) [ozone-manager-1.4.0-SNAPSHOT.jar:?]
	at org.apache.hadoop.ozone.protocol.proto.OzoneManagerProtocolProtos$OzoneManagerService$2.callBlockingMethod(OzoneManagerProtocolProtos.java) [ozone-interface-client-1.4.0-SNAPSHOT.jar:?]
	at org.apache.hadoop.ipc.ProtobufRpcEngine$Server.processCall(ProtobufRpcEngine.java:465) [hadoop-common-3.3.4.jar:?]
	at org.apache.hadoop.ipc.ProtobufRpcEngine2$Server$ProtoBufRpcInvoker.call(ProtobufRpcEngine2.java:578) [hadoop-common-3.3.4.jar:?]
	at org.apache.hadoop.ipc.ProtobufRpcEngine2$Server$ProtoBufRpcInvoker.call(ProtobufRpcEngine2.java:556) [hadoop-common-3.3.4.jar:?]
	at org.apache.hadoop.ipc.RPC$Server.call(RPC.java:1093) [hadoop-common-3.3.4.jar:?]
	at org.apache.hadoop.ipc.Server$RpcCall.run(Server.java:1043) [hadoop-common-3.3.4.jar:?]
	at org.apache.hadoop.ipc.Server$RpcCall.run(Server.java:971) [hadoop-common-3.3.4.jar:?]
	at java.security.AccessController.doPrivileged(Native Method) ~[?:1.8.0_352]
	at javax.security.auth.Subject.doAs(Subject.java:422) [?:1.8.0_352]
	at org.apache.hadoop.security.UserGroupInformation.doAs(UserGroupInformation.java:1878) [hadoop-common-3.3.4.jar:?]
	at org.apache.hadoop.ipc.Server$Handler.run(Server.java:2976) [hadoop-common-3.3.4.jar:?]
]]></system-out>
  </testcase>
  <testcase name="testRenameContainDelimiterFile" classname="TestOzoneFileSystem" time="0.02">
    <system-out><![CDATA[2023-01-26 20:33:24,994 [IPC Server handler 12 on default port 35105] INFO  key.OMKeyRequest (OMKeyRequest.java:wrapUncommittedBlocksAsPseudoKey(837)) - Detect allocated but uncommitted blocks [{blockID={containerID=4, localID=111677748019200038}, length=4194304, offset=0, token=null, pipeline=null, createVersion=0, partNumber=0}] in key dir1/dir2/key1.
20:33:24.995 [IPC Server handler 2 on default port 35105] ERROR OMAudit - user=runner | ip=127.0.0.1 | op=GET_FILE_STATUS {volume=volume38800, bucket=bucket46934, key=dir1/dir2/key2, dataSize=0, replicationConfig=null} | ret=FAILURE
org.apache.hadoop.ozone.om.exceptions.OMException: Unable to get file status: volume: volume38800 bucket: bucket46934 key: dir1/dir2/key2
	at org.apache.hadoop.ozone.om.KeyManagerImpl.getOzoneFileStatus(KeyManagerImpl.java:1301) ~[ozone-manager-1.4.0-SNAPSHOT.jar:?]
	at org.apache.hadoop.ozone.om.KeyManagerImpl.getFileStatus(KeyManagerImpl.java:1219) ~[ozone-manager-1.4.0-SNAPSHOT.jar:?]
	at org.apache.hadoop.ozone.om.OzoneManager.getFileStatus(OzoneManager.java:3498) ~[ozone-manager-1.4.0-SNAPSHOT.jar:?]
	at org.apache.hadoop.ozone.protocolPB.OzoneManagerRequestHandler.getOzoneFileStatus(OzoneManagerRequestHandler.java:913) ~[ozone-manager-1.4.0-SNAPSHOT.jar:?]
	at org.apache.hadoop.ozone.protocolPB.OzoneManagerRequestHandler.handleReadRequest(OzoneManagerRequestHandler.java:233) ~[ozone-manager-1.4.0-SNAPSHOT.jar:?]
	at org.apache.hadoop.ozone.protocolPB.OzoneManagerProtocolServerSideTranslatorPB.submitRequestDirectlyToOM(OzoneManagerProtocolServerSideTranslatorPB.java:276) ~[ozone-manager-1.4.0-SNAPSHOT.jar:?]
	at org.apache.hadoop.ozone.protocolPB.OzoneManagerProtocolServerSideTranslatorPB.processRequest(OzoneManagerProtocolServerSideTranslatorPB.java:205) ~[ozone-manager-1.4.0-SNAPSHOT.jar:?]
	at org.apache.hadoop.hdds.server.OzoneProtocolMessageDispatcher.processRequest(OzoneProtocolMessageDispatcher.java:87) [hdds-server-framework-1.4.0-SNAPSHOT.jar:?]
	at org.apache.hadoop.ozone.protocolPB.OzoneManagerProtocolServerSideTranslatorPB.submitRequest(OzoneManagerProtocolServerSideTranslatorPB.java:147) [ozone-manager-1.4.0-SNAPSHOT.jar:?]
	at org.apache.hadoop.ozone.protocol.proto.OzoneManagerProtocolProtos$OzoneManagerService$2.callBlockingMethod(OzoneManagerProtocolProtos.java) [ozone-interface-client-1.4.0-SNAPSHOT.jar:?]
	at org.apache.hadoop.ipc.ProtobufRpcEngine$Server.processCall(ProtobufRpcEngine.java:465) [hadoop-common-3.3.4.jar:?]
	at org.apache.hadoop.ipc.ProtobufRpcEngine2$Server$ProtoBufRpcInvoker.call(ProtobufRpcEngine2.java:578) [hadoop-common-3.3.4.jar:?]
	at org.apache.hadoop.ipc.ProtobufRpcEngine2$Server$ProtoBufRpcInvoker.call(ProtobufRpcEngine2.java:556) [hadoop-common-3.3.4.jar:?]
	at org.apache.hadoop.ipc.RPC$Server.call(RPC.java:1093) [hadoop-common-3.3.4.jar:?]
	at org.apache.hadoop.ipc.Server$RpcCall.run(Server.java:1043) [hadoop-common-3.3.4.jar:?]
	at org.apache.hadoop.ipc.Server$RpcCall.run(Server.java:971) [hadoop-common-3.3.4.jar:?]
	at java.security.AccessController.doPrivileged(Native Method) ~[?:1.8.0_352]
	at javax.security.auth.Subject.doAs(Subject.java:422) [?:1.8.0_352]
	at org.apache.hadoop.security.UserGroupInformation.doAs(UserGroupInformation.java:1878) [hadoop-common-3.3.4.jar:?]
	at org.apache.hadoop.ipc.Server$Handler.run(Server.java:2976) [hadoop-common-3.3.4.jar:?]
20:33:24.998 [IPC Server handler 8 on default port 35105] ERROR OMAudit - user=runner | ip=127.0.0.1 | op=GET_FILE_STATUS {volume=volume38800, bucket=bucket46934, key=dir1/dir2/key1, dataSize=0, replicationConfig=null} | ret=FAILURE
org.apache.hadoop.ozone.om.exceptions.OMException: Unable to get file status: volume: volume38800 bucket: bucket46934 key: dir1/dir2/key1
	at org.apache.hadoop.ozone.om.KeyManagerImpl.getOzoneFileStatus(KeyManagerImpl.java:1301) ~[ozone-manager-1.4.0-SNAPSHOT.jar:?]
	at org.apache.hadoop.ozone.om.KeyManagerImpl.getFileStatus(KeyManagerImpl.java:1219) ~[ozone-manager-1.4.0-SNAPSHOT.jar:?]
	at org.apache.hadoop.ozone.om.OzoneManager.getFileStatus(OzoneManager.java:3498) ~[ozone-manager-1.4.0-SNAPSHOT.jar:?]
	at org.apache.hadoop.ozone.protocolPB.OzoneManagerRequestHandler.getOzoneFileStatus(OzoneManagerRequestHandler.java:913) ~[ozone-manager-1.4.0-SNAPSHOT.jar:?]
	at org.apache.hadoop.ozone.protocolPB.OzoneManagerRequestHandler.handleReadRequest(OzoneManagerRequestHandler.java:233) ~[ozone-manager-1.4.0-SNAPSHOT.jar:?]
	at org.apache.hadoop.ozone.protocolPB.OzoneManagerProtocolServerSideTranslatorPB.submitRequestDirectlyToOM(OzoneManagerProtocolServerSideTranslatorPB.java:276) ~[ozone-manager-1.4.0-SNAPSHOT.jar:?]
	at org.apache.hadoop.ozone.protocolPB.OzoneManagerProtocolServerSideTranslatorPB.processRequest(OzoneManagerProtocolServerSideTranslatorPB.java:205) ~[ozone-manager-1.4.0-SNAPSHOT.jar:?]
	at org.apache.hadoop.hdds.server.OzoneProtocolMessageDispatcher.processRequest(OzoneProtocolMessageDispatcher.java:87) [hdds-server-framework-1.4.0-SNAPSHOT.jar:?]
	at org.apache.hadoop.ozone.protocolPB.OzoneManagerProtocolServerSideTranslatorPB.submitRequest(OzoneManagerProtocolServerSideTranslatorPB.java:147) [ozone-manager-1.4.0-SNAPSHOT.jar:?]
	at org.apache.hadoop.ozone.protocol.proto.OzoneManagerProtocolProtos$OzoneManagerService$2.callBlockingMethod(OzoneManagerProtocolProtos.java) [ozone-interface-client-1.4.0-SNAPSHOT.jar:?]
	at org.apache.hadoop.ipc.ProtobufRpcEngine$Server.processCall(ProtobufRpcEngine.java:465) [hadoop-common-3.3.4.jar:?]
	at org.apache.hadoop.ipc.ProtobufRpcEngine2$Server$ProtoBufRpcInvoker.call(ProtobufRpcEngine2.java:578) [hadoop-common-3.3.4.jar:?]
	at org.apache.hadoop.ipc.ProtobufRpcEngine2$Server$ProtoBufRpcInvoker.call(ProtobufRpcEngine2.java:556) [hadoop-common-3.3.4.jar:?]
	at org.apache.hadoop.ipc.RPC$Server.call(RPC.java:1093) [hadoop-common-3.3.4.jar:?]
	at org.apache.hadoop.ipc.Server$RpcCall.run(Server.java:1043) [hadoop-common-3.3.4.jar:?]
	at org.apache.hadoop.ipc.Server$RpcCall.run(Server.java:971) [hadoop-common-3.3.4.jar:?]
	at java.security.AccessController.doPrivileged(Native Method) ~[?:1.8.0_352]
	at javax.security.auth.Subject.doAs(Subject.java:422) [?:1.8.0_352]
	at org.apache.hadoop.security.UserGroupInformation.doAs(UserGroupInformation.java:1878) [hadoop-common-3.3.4.jar:?]
	at org.apache.hadoop.ipc.Server$Handler.run(Server.java:2976) [hadoop-common-3.3.4.jar:?]
20:33:24.999 [IPC Server handler 9 on default port 35105] ERROR OMAudit - user=runner | ip=127.0.0.1 | op=GET_FILE_STATUS {volume=volume38800, bucket=bucket46934, key=user/runner/dir1, dataSize=0, replicationConfig=null} | ret=FAILURE
org.apache.hadoop.ozone.om.exceptions.OMException: Unable to get file status: volume: volume38800 bucket: bucket46934 key: user/runner/dir1
	at org.apache.hadoop.ozone.om.KeyManagerImpl.getOzoneFileStatus(KeyManagerImpl.java:1301) ~[ozone-manager-1.4.0-SNAPSHOT.jar:?]
	at org.apache.hadoop.ozone.om.KeyManagerImpl.getFileStatus(KeyManagerImpl.java:1219) ~[ozone-manager-1.4.0-SNAPSHOT.jar:?]
	at org.apache.hadoop.ozone.om.OzoneManager.getFileStatus(OzoneManager.java:3498) ~[ozone-manager-1.4.0-SNAPSHOT.jar:?]
	at org.apache.hadoop.ozone.protocolPB.OzoneManagerRequestHandler.getOzoneFileStatus(OzoneManagerRequestHandler.java:913) ~[ozone-manager-1.4.0-SNAPSHOT.jar:?]
	at org.apache.hadoop.ozone.protocolPB.OzoneManagerRequestHandler.handleReadRequest(OzoneManagerRequestHandler.java:233) ~[ozone-manager-1.4.0-SNAPSHOT.jar:?]
	at org.apache.hadoop.ozone.protocolPB.OzoneManagerProtocolServerSideTranslatorPB.submitRequestDirectlyToOM(OzoneManagerProtocolServerSideTranslatorPB.java:276) ~[ozone-manager-1.4.0-SNAPSHOT.jar:?]
	at org.apache.hadoop.ozone.protocolPB.OzoneManagerProtocolServerSideTranslatorPB.processRequest(OzoneManagerProtocolServerSideTranslatorPB.java:205) ~[ozone-manager-1.4.0-SNAPSHOT.jar:?]
	at org.apache.hadoop.hdds.server.OzoneProtocolMessageDispatcher.processRequest(OzoneProtocolMessageDispatcher.java:87) [hdds-server-framework-1.4.0-SNAPSHOT.jar:?]
	at org.apache.hadoop.ozone.protocolPB.OzoneManagerProtocolServerSideTranslatorPB.submitRequest(OzoneManagerProtocolServerSideTranslatorPB.java:147) [ozone-manager-1.4.0-SNAPSHOT.jar:?]
	at org.apache.hadoop.ozone.protocol.proto.OzoneManagerProtocolProtos$OzoneManagerService$2.callBlockingMethod(OzoneManagerProtocolProtos.java) [ozone-interface-client-1.4.0-SNAPSHOT.jar:?]
	at org.apache.hadoop.ipc.ProtobufRpcEngine$Server.processCall(ProtobufRpcEngine.java:465) [hadoop-common-3.3.4.jar:?]
	at org.apache.hadoop.ipc.ProtobufRpcEngine2$Server$ProtoBufRpcInvoker.call(ProtobufRpcEngine2.java:578) [hadoop-common-3.3.4.jar:?]
	at org.apache.hadoop.ipc.ProtobufRpcEngine2$Server$ProtoBufRpcInvoker.call(ProtobufRpcEngine2.java:556) [hadoop-common-3.3.4.jar:?]
	at org.apache.hadoop.ipc.RPC$Server.call(RPC.java:1093) [hadoop-common-3.3.4.jar:?]
	at org.apache.hadoop.ipc.Server$RpcCall.run(Server.java:1043) [hadoop-common-3.3.4.jar:?]
	at org.apache.hadoop.ipc.Server$RpcCall.run(Server.java:971) [hadoop-common-3.3.4.jar:?]
	at java.security.AccessController.doPrivileged(Native Method) ~[?:1.8.0_352]
	at javax.security.auth.Subject.doAs(Subject.java:422) [?:1.8.0_352]
	at org.apache.hadoop.security.UserGroupInformation.doAs(UserGroupInformation.java:1878) [hadoop-common-3.3.4.jar:?]
	at org.apache.hadoop.ipc.Server$Handler.run(Server.java:2976) [hadoop-common-3.3.4.jar:?]
20:33:24.999 [IPC Server handler 10 on default port 35105] ERROR OMAudit - user=runner | ip=127.0.0.1 | op=GET_FILE_STATUS {volume=volume38800, bucket=bucket46934, key=user/runner/dir1/dir2, dataSize=0, replicationConfig=null} | ret=FAILURE
org.apache.hadoop.ozone.om.exceptions.OMException: Unable to get file status: volume: volume38800 bucket: bucket46934 key: user/runner/dir1/dir2
	at org.apache.hadoop.ozone.om.KeyManagerImpl.getOzoneFileStatus(KeyManagerImpl.java:1301) ~[ozone-manager-1.4.0-SNAPSHOT.jar:?]
	at org.apache.hadoop.ozone.om.KeyManagerImpl.getFileStatus(KeyManagerImpl.java:1219) ~[ozone-manager-1.4.0-SNAPSHOT.jar:?]
	at org.apache.hadoop.ozone.om.OzoneManager.getFileStatus(OzoneManager.java:3498) ~[ozone-manager-1.4.0-SNAPSHOT.jar:?]
	at org.apache.hadoop.ozone.protocolPB.OzoneManagerRequestHandler.getOzoneFileStatus(OzoneManagerRequestHandler.java:913) ~[ozone-manager-1.4.0-SNAPSHOT.jar:?]
	at org.apache.hadoop.ozone.protocolPB.OzoneManagerRequestHandler.handleReadRequest(OzoneManagerRequestHandler.java:233) ~[ozone-manager-1.4.0-SNAPSHOT.jar:?]
	at org.apache.hadoop.ozone.protocolPB.OzoneManagerProtocolServerSideTranslatorPB.submitRequestDirectlyToOM(OzoneManagerProtocolServerSideTranslatorPB.java:276) ~[ozone-manager-1.4.0-SNAPSHOT.jar:?]
	at org.apache.hadoop.ozone.protocolPB.OzoneManagerProtocolServerSideTranslatorPB.processRequest(OzoneManagerProtocolServerSideTranslatorPB.java:205) ~[ozone-manager-1.4.0-SNAPSHOT.jar:?]
	at org.apache.hadoop.hdds.server.OzoneProtocolMessageDispatcher.processRequest(OzoneProtocolMessageDispatcher.java:87) [hdds-server-framework-1.4.0-SNAPSHOT.jar:?]
	at org.apache.hadoop.ozone.protocolPB.OzoneManagerProtocolServerSideTranslatorPB.submitRequest(OzoneManagerProtocolServerSideTranslatorPB.java:147) [ozone-manager-1.4.0-SNAPSHOT.jar:?]
	at org.apache.hadoop.ozone.protocol.proto.OzoneManagerProtocolProtos$OzoneManagerService$2.callBlockingMethod(OzoneManagerProtocolProtos.java) [ozone-interface-client-1.4.0-SNAPSHOT.jar:?]
	at org.apache.hadoop.ipc.ProtobufRpcEngine$Server.processCall(ProtobufRpcEngine.java:465) [hadoop-common-3.3.4.jar:?]
	at org.apache.hadoop.ipc.ProtobufRpcEngine2$Server$ProtoBufRpcInvoker.call(ProtobufRpcEngine2.java:578) [hadoop-common-3.3.4.jar:?]
	at org.apache.hadoop.ipc.ProtobufRpcEngine2$Server$ProtoBufRpcInvoker.call(ProtobufRpcEngine2.java:556) [hadoop-common-3.3.4.jar:?]
	at org.apache.hadoop.ipc.RPC$Server.call(RPC.java:1093) [hadoop-common-3.3.4.jar:?]
	at org.apache.hadoop.ipc.Server$RpcCall.run(Server.java:1043) [hadoop-common-3.3.4.jar:?]
	at org.apache.hadoop.ipc.Server$RpcCall.run(Server.java:971) [hadoop-common-3.3.4.jar:?]
	at java.security.AccessController.doPrivileged(Native Method) ~[?:1.8.0_352]
	at javax.security.auth.Subject.doAs(Subject.java:422) [?:1.8.0_352]
	at org.apache.hadoop.security.UserGroupInformation.doAs(UserGroupInformation.java:1878) [hadoop-common-3.3.4.jar:?]
	at org.apache.hadoop.ipc.Server$Handler.run(Server.java:2976) [hadoop-common-3.3.4.jar:?]
]]></system-out>
  </testcase>
  <testcase name="testMakeDirsWithAnFakeDirectory" classname="TestOzoneFileSystem" time="0.042">
    <system-out><![CDATA[2023-01-26 20:30:04,546 [OM StateMachine ApplyTransaction Thread - 0] INFO  key.OMKeyRequest (OMKeyRequest.java:wrapUncommittedBlocksAsPseudoKey(837)) - Detect allocated but uncommitted blocks [{blockID={containerID=5, localID=111677748019200039}, length=4194304, offset=0, token=null, pipeline=null, createVersion=0, partNumber=0}] in key dir1/dir2/key1.
20:30:04.547 [IPC Server handler 15 on default port 38181] ERROR OMAudit - user=runner | ip=127.0.0.1 | op=GET_FILE_STATUS {volume=volume83577, bucket=bucket75634, key=user/runner/dir1/dir2, dataSize=0, replicationConfig=null} | ret=FAILURE
org.apache.hadoop.ozone.om.exceptions.OMException: Unable to get file status: volume: volume83577 bucket: bucket75634 key: user/runner/dir1/dir2
	at org.apache.hadoop.ozone.om.KeyManagerImpl.getOzoneFileStatus(KeyManagerImpl.java:1301) ~[ozone-manager-1.4.0-SNAPSHOT.jar:?]
	at org.apache.hadoop.ozone.om.KeyManagerImpl.getFileStatus(KeyManagerImpl.java:1219) ~[ozone-manager-1.4.0-SNAPSHOT.jar:?]
	at org.apache.hadoop.ozone.om.OzoneManager.getFileStatus(OzoneManager.java:3498) ~[ozone-manager-1.4.0-SNAPSHOT.jar:?]
	at org.apache.hadoop.ozone.protocolPB.OzoneManagerRequestHandler.getOzoneFileStatus(OzoneManagerRequestHandler.java:913) ~[ozone-manager-1.4.0-SNAPSHOT.jar:?]
	at org.apache.hadoop.ozone.protocolPB.OzoneManagerRequestHandler.handleReadRequest(OzoneManagerRequestHandler.java:233) ~[ozone-manager-1.4.0-SNAPSHOT.jar:?]
	at org.apache.hadoop.ozone.protocolPB.OzoneManagerProtocolServerSideTranslatorPB.submitReadRequestToOM(OzoneManagerProtocolServerSideTranslatorPB.java:226) ~[ozone-manager-1.4.0-SNAPSHOT.jar:?]
	at org.apache.hadoop.ozone.protocolPB.OzoneManagerProtocolServerSideTranslatorPB.processRequest(OzoneManagerProtocolServerSideTranslatorPB.java:175) ~[ozone-manager-1.4.0-SNAPSHOT.jar:?]
	at org.apache.hadoop.hdds.server.OzoneProtocolMessageDispatcher.processRequest(OzoneProtocolMessageDispatcher.java:87) [hdds-server-framework-1.4.0-SNAPSHOT.jar:?]
	at org.apache.hadoop.ozone.protocolPB.OzoneManagerProtocolServerSideTranslatorPB.submitRequest(OzoneManagerProtocolServerSideTranslatorPB.java:147) [ozone-manager-1.4.0-SNAPSHOT.jar:?]
	at org.apache.hadoop.ozone.protocol.proto.OzoneManagerProtocolProtos$OzoneManagerService$2.callBlockingMethod(OzoneManagerProtocolProtos.java) [ozone-interface-client-1.4.0-SNAPSHOT.jar:?]
	at org.apache.hadoop.ipc.ProtobufRpcEngine$Server.processCall(ProtobufRpcEngine.java:465) [hadoop-common-3.3.4.jar:?]
	at org.apache.hadoop.ipc.ProtobufRpcEngine2$Server$ProtoBufRpcInvoker.call(ProtobufRpcEngine2.java:578) [hadoop-common-3.3.4.jar:?]
	at org.apache.hadoop.ipc.ProtobufRpcEngine2$Server$ProtoBufRpcInvoker.call(ProtobufRpcEngine2.java:556) [hadoop-common-3.3.4.jar:?]
	at org.apache.hadoop.ipc.RPC$Server.call(RPC.java:1093) [hadoop-common-3.3.4.jar:?]
	at org.apache.hadoop.ipc.Server$RpcCall.run(Server.java:1043) [hadoop-common-3.3.4.jar:?]
	at org.apache.hadoop.ipc.Server$RpcCall.run(Server.java:971) [hadoop-common-3.3.4.jar:?]
	at java.security.AccessController.doPrivileged(Native Method) ~[?:1.8.0_352]
	at javax.security.auth.Subject.doAs(Subject.java:422) [?:1.8.0_352]
	at org.apache.hadoop.security.UserGroupInformation.doAs(UserGroupInformation.java:1878) [hadoop-common-3.3.4.jar:?]
	at org.apache.hadoop.ipc.Server$Handler.run(Server.java:2976) [hadoop-common-3.3.4.jar:?]
]]></system-out>
  </testcase>
  <testcase name="testMakeDirsWithAnFakeDirectory" classname="TestOzoneFileSystem" time="0.016">
    <system-out><![CDATA[2023-01-26 20:31:14,675 [IPC Server handler 18 on default port 37459] INFO  key.OMKeyRequest (OMKeyRequest.java:wrapUncommittedBlocksAsPseudoKey(837)) - Detect allocated but uncommitted blocks [{blockID={containerID=7, localID=111677748019200039}, length=4194304, offset=0, token=null, pipeline=null, createVersion=0, partNumber=0}] in key dir1/dir2/key1.
20:31:14.676 [IPC Server handler 19 on default port 37459] ERROR OMAudit - user=runner | ip=127.0.0.1 | op=GET_FILE_STATUS {volume=volume58619, bucket=bucket43836, key=user/runner/dir1/dir2, dataSize=0, replicationConfig=null} | ret=FAILURE
org.apache.hadoop.ozone.om.exceptions.OMException: Unable to get file status: volume: volume58619 bucket: bucket43836 key: user/runner/dir1/dir2
	at org.apache.hadoop.ozone.om.KeyManagerImpl.getOzoneFileStatus(KeyManagerImpl.java:1301) ~[ozone-manager-1.4.0-SNAPSHOT.jar:?]
	at org.apache.hadoop.ozone.om.KeyManagerImpl.getFileStatus(KeyManagerImpl.java:1219) ~[ozone-manager-1.4.0-SNAPSHOT.jar:?]
	at org.apache.hadoop.ozone.om.OzoneManager.getFileStatus(OzoneManager.java:3498) ~[ozone-manager-1.4.0-SNAPSHOT.jar:?]
	at org.apache.hadoop.ozone.protocolPB.OzoneManagerRequestHandler.getOzoneFileStatus(OzoneManagerRequestHandler.java:913) ~[ozone-manager-1.4.0-SNAPSHOT.jar:?]
	at org.apache.hadoop.ozone.protocolPB.OzoneManagerRequestHandler.handleReadRequest(OzoneManagerRequestHandler.java:233) ~[ozone-manager-1.4.0-SNAPSHOT.jar:?]
	at org.apache.hadoop.ozone.protocolPB.OzoneManagerProtocolServerSideTranslatorPB.submitRequestDirectlyToOM(OzoneManagerProtocolServerSideTranslatorPB.java:276) ~[ozone-manager-1.4.0-SNAPSHOT.jar:?]
	at org.apache.hadoop.ozone.protocolPB.OzoneManagerProtocolServerSideTranslatorPB.processRequest(OzoneManagerProtocolServerSideTranslatorPB.java:205) ~[ozone-manager-1.4.0-SNAPSHOT.jar:?]
	at org.apache.hadoop.hdds.server.OzoneProtocolMessageDispatcher.processRequest(OzoneProtocolMessageDispatcher.java:87) [hdds-server-framework-1.4.0-SNAPSHOT.jar:?]
	at org.apache.hadoop.ozone.protocolPB.OzoneManagerProtocolServerSideTranslatorPB.submitRequest(OzoneManagerProtocolServerSideTranslatorPB.java:147) [ozone-manager-1.4.0-SNAPSHOT.jar:?]
	at org.apache.hadoop.ozone.protocol.proto.OzoneManagerProtocolProtos$OzoneManagerService$2.callBlockingMethod(OzoneManagerProtocolProtos.java) [ozone-interface-client-1.4.0-SNAPSHOT.jar:?]
	at org.apache.hadoop.ipc.ProtobufRpcEngine$Server.processCall(ProtobufRpcEngine.java:465) [hadoop-common-3.3.4.jar:?]
	at org.apache.hadoop.ipc.ProtobufRpcEngine2$Server$ProtoBufRpcInvoker.call(ProtobufRpcEngine2.java:578) [hadoop-common-3.3.4.jar:?]
	at org.apache.hadoop.ipc.ProtobufRpcEngine2$Server$ProtoBufRpcInvoker.call(ProtobufRpcEngine2.java:556) [hadoop-common-3.3.4.jar:?]
	at org.apache.hadoop.ipc.RPC$Server.call(RPC.java:1093) [hadoop-common-3.3.4.jar:?]
	at org.apache.hadoop.ipc.Server$RpcCall.run(Server.java:1043) [hadoop-common-3.3.4.jar:?]
	at org.apache.hadoop.ipc.Server$RpcCall.run(Server.java:971) [hadoop-common-3.3.4.jar:?]
	at java.security.AccessController.doPrivileged(Native Method) ~[?:1.8.0_352]
	at javax.security.auth.Subject.doAs(Subject.java:422) [?:1.8.0_352]
	at org.apache.hadoop.security.UserGroupInformation.doAs(UserGroupInformation.java:1878) [hadoop-common-3.3.4.jar:?]
	at org.apache.hadoop.ipc.Server$Handler.run(Server.java:2976) [hadoop-common-3.3.4.jar:?]
]]></system-out>
  </testcase>
  <testcase name="testMakeDirsWithAnFakeDirectory" classname="TestOzoneFileSystem" time="0.019">
    <system-out><![CDATA[2023-01-26 20:32:19,064 [OM StateMachine ApplyTransaction Thread - 0] INFO  key.OMKeyRequest (OMKeyRequest.java:wrapUncommittedBlocksAsPseudoKey(837)) - Detect allocated but uncommitted blocks [{blockID={containerID=5, localID=111677748019200039}, length=4194304, offset=0, token=null, pipeline=null, createVersion=0, partNumber=0}] in key dir1/dir2/key1.
20:32:19.064 [IPC Server handler 1 on default port 38041] ERROR OMAudit - user=runner | ip=127.0.0.1 | op=GET_FILE_STATUS {volume=volume53399, bucket=bucket90109, key=user/runner/dir1/dir2, dataSize=0, replicationConfig=null} | ret=FAILURE
org.apache.hadoop.ozone.om.exceptions.OMException: Unable to get file status: volume: volume53399 bucket: bucket90109 key: user/runner/dir1/dir2
	at org.apache.hadoop.ozone.om.KeyManagerImpl.getOzoneFileStatus(KeyManagerImpl.java:1301) ~[ozone-manager-1.4.0-SNAPSHOT.jar:?]
	at org.apache.hadoop.ozone.om.KeyManagerImpl.getFileStatus(KeyManagerImpl.java:1219) ~[ozone-manager-1.4.0-SNAPSHOT.jar:?]
	at org.apache.hadoop.ozone.om.OzoneManager.getFileStatus(OzoneManager.java:3498) ~[ozone-manager-1.4.0-SNAPSHOT.jar:?]
	at org.apache.hadoop.ozone.protocolPB.OzoneManagerRequestHandler.getOzoneFileStatus(OzoneManagerRequestHandler.java:913) ~[ozone-manager-1.4.0-SNAPSHOT.jar:?]
	at org.apache.hadoop.ozone.protocolPB.OzoneManagerRequestHandler.handleReadRequest(OzoneManagerRequestHandler.java:233) ~[ozone-manager-1.4.0-SNAPSHOT.jar:?]
	at org.apache.hadoop.ozone.protocolPB.OzoneManagerProtocolServerSideTranslatorPB.submitReadRequestToOM(OzoneManagerProtocolServerSideTranslatorPB.java:226) ~[ozone-manager-1.4.0-SNAPSHOT.jar:?]
	at org.apache.hadoop.ozone.protocolPB.OzoneManagerProtocolServerSideTranslatorPB.processRequest(OzoneManagerProtocolServerSideTranslatorPB.java:175) ~[ozone-manager-1.4.0-SNAPSHOT.jar:?]
	at org.apache.hadoop.hdds.server.OzoneProtocolMessageDispatcher.processRequest(OzoneProtocolMessageDispatcher.java:87) [hdds-server-framework-1.4.0-SNAPSHOT.jar:?]
	at org.apache.hadoop.ozone.protocolPB.OzoneManagerProtocolServerSideTranslatorPB.submitRequest(OzoneManagerProtocolServerSideTranslatorPB.java:147) [ozone-manager-1.4.0-SNAPSHOT.jar:?]
	at org.apache.hadoop.ozone.protocol.proto.OzoneManagerProtocolProtos$OzoneManagerService$2.callBlockingMethod(OzoneManagerProtocolProtos.java) [ozone-interface-client-1.4.0-SNAPSHOT.jar:?]
	at org.apache.hadoop.ipc.ProtobufRpcEngine$Server.processCall(ProtobufRpcEngine.java:465) [hadoop-common-3.3.4.jar:?]
	at org.apache.hadoop.ipc.ProtobufRpcEngine2$Server$ProtoBufRpcInvoker.call(ProtobufRpcEngine2.java:578) [hadoop-common-3.3.4.jar:?]
	at org.apache.hadoop.ipc.ProtobufRpcEngine2$Server$ProtoBufRpcInvoker.call(ProtobufRpcEngine2.java:556) [hadoop-common-3.3.4.jar:?]
	at org.apache.hadoop.ipc.RPC$Server.call(RPC.java:1093) [hadoop-common-3.3.4.jar:?]
	at org.apache.hadoop.ipc.Server$RpcCall.run(Server.java:1043) [hadoop-common-3.3.4.jar:?]
	at org.apache.hadoop.ipc.Server$RpcCall.run(Server.java:971) [hadoop-common-3.3.4.jar:?]
	at java.security.AccessController.doPrivileged(Native Method) ~[?:1.8.0_352]
	at javax.security.auth.Subject.doAs(Subject.java:422) [?:1.8.0_352]
	at org.apache.hadoop.security.UserGroupInformation.doAs(UserGroupInformation.java:1878) [hadoop-common-3.3.4.jar:?]
	at org.apache.hadoop.ipc.Server$Handler.run(Server.java:2976) [hadoop-common-3.3.4.jar:?]
]]></system-out>
  </testcase>
  <testcase name="testMakeDirsWithAnFakeDirectory" classname="TestOzoneFileSystem" time="0.011">
    <system-out><![CDATA[2023-01-26 20:33:25,007 [IPC Server handler 19 on default port 35105] INFO  key.OMKeyRequest (OMKeyRequest.java:wrapUncommittedBlocksAsPseudoKey(837)) - Detect allocated but uncommitted blocks [{blockID={containerID=5, localID=111677748019200039}, length=4194304, offset=0, token=null, pipeline=null, createVersion=0, partNumber=0}] in key dir1/dir2/key1.
20:33:25.008 [IPC Server handler 12 on default port 35105] ERROR OMAudit - user=runner | ip=127.0.0.1 | op=GET_FILE_STATUS {volume=volume38800, bucket=bucket46934, key=user/runner/dir1/dir2, dataSize=0, replicationConfig=null} | ret=FAILURE
org.apache.hadoop.ozone.om.exceptions.OMException: Unable to get file status: volume: volume38800 bucket: bucket46934 key: user/runner/dir1/dir2
	at org.apache.hadoop.ozone.om.KeyManagerImpl.getOzoneFileStatus(KeyManagerImpl.java:1301) ~[ozone-manager-1.4.0-SNAPSHOT.jar:?]
	at org.apache.hadoop.ozone.om.KeyManagerImpl.getFileStatus(KeyManagerImpl.java:1219) ~[ozone-manager-1.4.0-SNAPSHOT.jar:?]
	at org.apache.hadoop.ozone.om.OzoneManager.getFileStatus(OzoneManager.java:3498) ~[ozone-manager-1.4.0-SNAPSHOT.jar:?]
	at org.apache.hadoop.ozone.protocolPB.OzoneManagerRequestHandler.getOzoneFileStatus(OzoneManagerRequestHandler.java:913) ~[ozone-manager-1.4.0-SNAPSHOT.jar:?]
	at org.apache.hadoop.ozone.protocolPB.OzoneManagerRequestHandler.handleReadRequest(OzoneManagerRequestHandler.java:233) ~[ozone-manager-1.4.0-SNAPSHOT.jar:?]
	at org.apache.hadoop.ozone.protocolPB.OzoneManagerProtocolServerSideTranslatorPB.submitRequestDirectlyToOM(OzoneManagerProtocolServerSideTranslatorPB.java:276) ~[ozone-manager-1.4.0-SNAPSHOT.jar:?]
	at org.apache.hadoop.ozone.protocolPB.OzoneManagerProtocolServerSideTranslatorPB.processRequest(OzoneManagerProtocolServerSideTranslatorPB.java:205) ~[ozone-manager-1.4.0-SNAPSHOT.jar:?]
	at org.apache.hadoop.hdds.server.OzoneProtocolMessageDispatcher.processRequest(OzoneProtocolMessageDispatcher.java:87) [hdds-server-framework-1.4.0-SNAPSHOT.jar:?]
	at org.apache.hadoop.ozone.protocolPB.OzoneManagerProtocolServerSideTranslatorPB.submitRequest(OzoneManagerProtocolServerSideTranslatorPB.java:147) [ozone-manager-1.4.0-SNAPSHOT.jar:?]
	at org.apache.hadoop.ozone.protocol.proto.OzoneManagerProtocolProtos$OzoneManagerService$2.callBlockingMethod(OzoneManagerProtocolProtos.java) [ozone-interface-client-1.4.0-SNAPSHOT.jar:?]
	at org.apache.hadoop.ipc.ProtobufRpcEngine$Server.processCall(ProtobufRpcEngine.java:465) [hadoop-common-3.3.4.jar:?]
	at org.apache.hadoop.ipc.ProtobufRpcEngine2$Server$ProtoBufRpcInvoker.call(ProtobufRpcEngine2.java:578) [hadoop-common-3.3.4.jar:?]
	at org.apache.hadoop.ipc.ProtobufRpcEngine2$Server$ProtoBufRpcInvoker.call(ProtobufRpcEngine2.java:556) [hadoop-common-3.3.4.jar:?]
	at org.apache.hadoop.ipc.RPC$Server.call(RPC.java:1093) [hadoop-common-3.3.4.jar:?]
	at org.apache.hadoop.ipc.Server$RpcCall.run(Server.java:1043) [hadoop-common-3.3.4.jar:?]
	at org.apache.hadoop.ipc.Server$RpcCall.run(Server.java:971) [hadoop-common-3.3.4.jar:?]
	at java.security.AccessController.doPrivileged(Native Method) ~[?:1.8.0_352]
	at javax.security.auth.Subject.doAs(Subject.java:422) [?:1.8.0_352]
	at org.apache.hadoop.security.UserGroupInformation.doAs(UserGroupInformation.java:1878) [hadoop-common-3.3.4.jar:?]
	at org.apache.hadoop.ipc.Server$Handler.run(Server.java:2976) [hadoop-common-3.3.4.jar:?]
]]></system-out>
  </testcase>
  <testcase name="testFileDelete" classname="TestOzoneFileSystem" time="0.155">
    <failure type="java.lang.AssertionError"><![CDATA[java.lang.AssertionError
	at org.junit.Assert.fail(Assert.java:87)
	at org.junit.Assert.assertTrue(Assert.java:42)
	at org.junit.Assert.assertFalse(Assert.java:65)
	at org.junit.Assert.assertFalse(Assert.java:75)
	at org.apache.hadoop.fs.ozone.TestOzoneFileSystem.testFileDelete(TestOzoneFileSystem.java:554)
	at sun.reflect.NativeMethodAccessorImpl.invoke0(Native Method)
	at sun.reflect.NativeMethodAccessorImpl.invoke(NativeMethodAccessorImpl.java:62)
	at sun.reflect.DelegatingMethodAccessorImpl.invoke(DelegatingMethodAccessorImpl.java:43)
	at java.lang.reflect.Method.invoke(Method.java:498)
	at org.junit.runners.model.FrameworkMethod$1.runReflectiveCall(FrameworkMethod.java:59)
	at org.junit.internal.runners.model.ReflectiveCallable.run(ReflectiveCallable.java:12)
	at org.junit.runners.model.FrameworkMethod.invokeExplosively(FrameworkMethod.java:56)
	at org.junit.internal.runners.statements.InvokeMethod.evaluate(InvokeMethod.java:17)
	at org.junit.internal.runners.statements.RunAfters.evaluate(RunAfters.java:27)
	at org.junit.internal.runners.statements.FailOnTimeout$CallableStatement.call(FailOnTimeout.java:288)
	at org.junit.internal.runners.statements.FailOnTimeout$CallableStatement.call(FailOnTimeout.java:282)
	at java.util.concurrent.FutureTask.run(FutureTask.java:266)
	at java.lang.Thread.run(Thread.java:750)
]]></failure>
    <system-out><![CDATA[2023-01-26 20:30:04,580 [OM StateMachine ApplyTransaction Thread - 0] INFO  key.OMKeyRequest (OMKeyRequest.java:wrapUncommittedBlocksAsPseudoKey(837)) - Detect allocated but uncommitted blocks [{blockID={containerID=1, localID=111677748019200040}, length=4194304, offset=0, token=null, pipeline=null, createVersion=0, partNumber=0}] in key testBatchDelete/parent/child0.
2023-01-26 20:30:04,588 [OM StateMachine ApplyTransaction Thread - 0] INFO  key.OMKeyRequest (OMKeyRequest.java:wrapUncommittedBlocksAsPseudoKey(837)) - Detect allocated but uncommitted blocks [{blockID={containerID=2, localID=111677748019200041}, length=4194304, offset=0, token=null, pipeline=null, createVersion=0, partNumber=0}] in key testBatchDelete/parent/childFolder/child0.
2023-01-26 20:30:04,597 [OM StateMachine ApplyTransaction Thread - 0] INFO  key.OMKeyRequest (OMKeyRequest.java:wrapUncommittedBlocksAsPseudoKey(837)) - Detect allocated but uncommitted blocks [{blockID={containerID=1, localID=111677748019200042}, length=4194304, offset=0, token=null, pipeline=null, createVersion=0, partNumber=0}] in key testBatchDelete/parent/child1.
2023-01-26 20:30:04,605 [OM StateMachine ApplyTransaction Thread - 0] INFO  key.OMKeyRequest (OMKeyRequest.java:wrapUncommittedBlocksAsPseudoKey(837)) - Detect allocated but uncommitted blocks [{blockID={containerID=2, localID=111677748019200043}, length=4194304, offset=0, token=null, pipeline=null, createVersion=0, partNumber=0}] in key testBatchDelete/parent/childFolder/child1.
2023-01-26 20:30:04,612 [OM StateMachine ApplyTransaction Thread - 0] INFO  key.OMKeyRequest (OMKeyRequest.java:wrapUncommittedBlocksAsPseudoKey(837)) - Detect allocated but uncommitted blocks [{blockID={containerID=1, localID=111677748019200044}, length=4194304, offset=0, token=null, pipeline=null, createVersion=0, partNumber=0}] in key testBatchDelete/parent/child2.
2023-01-26 20:30:04,620 [OM StateMachine ApplyTransaction Thread - 0] INFO  key.OMKeyRequest (OMKeyRequest.java:wrapUncommittedBlocksAsPseudoKey(837)) - Detect allocated but uncommitted blocks [{blockID={containerID=2, localID=111677748019200045}, length=4194304, offset=0, token=null, pipeline=null, createVersion=0, partNumber=0}] in key testBatchDelete/parent/childFolder/child2.
2023-01-26 20:30:04,627 [OM StateMachine ApplyTransaction Thread - 0] INFO  key.OMKeyRequest (OMKeyRequest.java:wrapUncommittedBlocksAsPseudoKey(837)) - Detect allocated but uncommitted blocks [{blockID={containerID=1, localID=111677748019200046}, length=4194304, offset=0, token=null, pipeline=null, createVersion=0, partNumber=0}] in key testBatchDelete/parent/child3.
2023-01-26 20:30:04,635 [OM StateMachine ApplyTransaction Thread - 0] INFO  key.OMKeyRequest (OMKeyRequest.java:wrapUncommittedBlocksAsPseudoKey(837)) - Detect allocated but uncommitted blocks [{blockID={containerID=2, localID=111677748019200047}, length=4194304, offset=0, token=null, pipeline=null, createVersion=0, partNumber=0}] in key testBatchDelete/parent/childFolder/child3.
2023-01-26 20:30:04,642 [OM StateMachine ApplyTransaction Thread - 0] INFO  key.OMKeyRequest (OMKeyRequest.java:wrapUncommittedBlocksAsPseudoKey(837)) - Detect allocated but uncommitted blocks [{blockID={containerID=1, localID=111677748019200048}, length=4194304, offset=0, token=null, pipeline=null, createVersion=0, partNumber=0}] in key testBatchDelete/parent/child4.
2023-01-26 20:30:04,650 [OM StateMachine ApplyTransaction Thread - 0] INFO  key.OMKeyRequest (OMKeyRequest.java:wrapUncommittedBlocksAsPseudoKey(837)) - Detect allocated but uncommitted blocks [{blockID={containerID=2, localID=111677748019200049}, length=4194304, offset=0, token=null, pipeline=null, createVersion=0, partNumber=0}] in key testBatchDelete/parent/childFolder/child4.
2023-01-26 20:30:04,657 [OM StateMachine ApplyTransaction Thread - 0] INFO  key.OMKeyRequest (OMKeyRequest.java:wrapUncommittedBlocksAsPseudoKey(837)) - Detect allocated but uncommitted blocks [{blockID={containerID=1, localID=111677748019200050}, length=4194304, offset=0, token=null, pipeline=null, createVersion=0, partNumber=0}] in key testBatchDelete/parent/child5.
2023-01-26 20:30:04,664 [OM StateMachine ApplyTransaction Thread - 0] INFO  key.OMKeyRequest (OMKeyRequest.java:wrapUncommittedBlocksAsPseudoKey(837)) - Detect allocated but uncommitted blocks [{blockID={containerID=2, localID=111677748019200051}, length=4194304, offset=0, token=null, pipeline=null, createVersion=0, partNumber=0}] in key testBatchDelete/parent/childFolder/child5.
2023-01-26 20:30:04,671 [OM StateMachine ApplyTransaction Thread - 0] INFO  key.OMKeyRequest (OMKeyRequest.java:wrapUncommittedBlocksAsPseudoKey(837)) - Detect allocated but uncommitted blocks [{blockID={containerID=1, localID=111677748019200052}, length=4194304, offset=0, token=null, pipeline=null, createVersion=0, partNumber=0}] in key testBatchDelete/parent/child6.
2023-01-26 20:30:04,679 [OM StateMachine ApplyTransaction Thread - 0] INFO  key.OMKeyRequest (OMKeyRequest.java:wrapUncommittedBlocksAsPseudoKey(837)) - Detect allocated but uncommitted blocks [{blockID={containerID=2, localID=111677748019200053}, length=4194304, offset=0, token=null, pipeline=null, createVersion=0, partNumber=0}] in key testBatchDelete/parent/childFolder/child6.
2023-01-26 20:30:04,686 [OM StateMachine ApplyTransaction Thread - 0] INFO  key.OMKeyRequest (OMKeyRequest.java:wrapUncommittedBlocksAsPseudoKey(837)) - Detect allocated but uncommitted blocks [{blockID={containerID=1, localID=111677748019200054}, length=4194304, offset=0, token=null, pipeline=null, createVersion=0, partNumber=0}] in key testBatchDelete/parent/child7.
2023-01-26 20:30:04,695 [OM StateMachine ApplyTransaction Thread - 0] INFO  key.OMKeyRequest (OMKeyRequest.java:wrapUncommittedBlocksAsPseudoKey(837)) - Detect allocated but uncommitted blocks [{blockID={containerID=2, localID=111677748019200055}, length=4194304, offset=0, token=null, pipeline=null, createVersion=0, partNumber=0}] in key testBatchDelete/parent/childFolder/child7.
]]></system-out>
  </testcase>
  <testcase name="testFileDelete" classname="TestOzoneFileSystem" time="0.078">
    <system-out><![CDATA[2023-01-26 20:31:14,688 [IPC Server handler 14 on default port 37459] INFO  key.OMKeyRequest (OMKeyRequest.java:wrapUncommittedBlocksAsPseudoKey(837)) - Detect allocated but uncommitted blocks [{blockID={containerID=1, localID=111677748019200040}, length=4194304, offset=0, token=null, pipeline=null, createVersion=0, partNumber=0}] in key testBatchDelete/parent/child0.
2023-01-26 20:31:14,692 [IPC Server handler 16 on default port 37459] INFO  key.OMKeyRequest (OMKeyRequest.java:wrapUncommittedBlocksAsPseudoKey(837)) - Detect allocated but uncommitted blocks [{blockID={containerID=4, localID=111677748019200041}, length=4194304, offset=0, token=null, pipeline=null, createVersion=0, partNumber=0}] in key testBatchDelete/parent/childFolder/child0.
2023-01-26 20:31:14,695 [IPC Server handler 19 on default port 37459] INFO  key.OMKeyRequest (OMKeyRequest.java:wrapUncommittedBlocksAsPseudoKey(837)) - Detect allocated but uncommitted blocks [{blockID={containerID=2, localID=111677748019200042}, length=4194304, offset=0, token=null, pipeline=null, createVersion=0, partNumber=0}] in key testBatchDelete/parent/child1.
2023-01-26 20:31:14,698 [IPC Server handler 1 on default port 37459] INFO  key.OMKeyRequest (OMKeyRequest.java:wrapUncommittedBlocksAsPseudoKey(837)) - Detect allocated but uncommitted blocks [{blockID={containerID=3, localID=111677748019200043}, length=4194304, offset=0, token=null, pipeline=null, createVersion=0, partNumber=0}] in key testBatchDelete/parent/childFolder/child1.
2023-01-26 20:31:14,701 [IPC Server handler 3 on default port 37459] INFO  key.OMKeyRequest (OMKeyRequest.java:wrapUncommittedBlocksAsPseudoKey(837)) - Detect allocated but uncommitted blocks [{blockID={containerID=2, localID=111677748019200044}, length=4194304, offset=0, token=null, pipeline=null, createVersion=0, partNumber=0}] in key testBatchDelete/parent/child2.
2023-01-26 20:31:14,704 [IPC Server handler 4 on default port 37459] INFO  key.OMKeyRequest (OMKeyRequest.java:wrapUncommittedBlocksAsPseudoKey(837)) - Detect allocated but uncommitted blocks [{blockID={containerID=3, localID=111677748019200045}, length=4194304, offset=0, token=null, pipeline=null, createVersion=0, partNumber=0}] in key testBatchDelete/parent/childFolder/child2.
2023-01-26 20:31:14,709 [IPC Server handler 6 on default port 37459] INFO  key.OMKeyRequest (OMKeyRequest.java:wrapUncommittedBlocksAsPseudoKey(837)) - Detect allocated but uncommitted blocks [{blockID={containerID=2, localID=111677748019200046}, length=4194304, offset=0, token=null, pipeline=null, createVersion=0, partNumber=0}] in key testBatchDelete/parent/child3.
2023-01-26 20:31:14,713 [IPC Server handler 10 on default port 37459] INFO  key.OMKeyRequest (OMKeyRequest.java:wrapUncommittedBlocksAsPseudoKey(837)) - Detect allocated but uncommitted blocks [{blockID={containerID=1, localID=111677748019200047}, length=4194304, offset=0, token=null, pipeline=null, createVersion=0, partNumber=0}] in key testBatchDelete/parent/childFolder/child3.
2023-01-26 20:31:14,716 [IPC Server handler 11 on default port 37459] INFO  key.OMKeyRequest (OMKeyRequest.java:wrapUncommittedBlocksAsPseudoKey(837)) - Detect allocated but uncommitted blocks [{blockID={containerID=3, localID=111677748019200048}, length=4194304, offset=0, token=null, pipeline=null, createVersion=0, partNumber=0}] in key testBatchDelete/parent/child4.
2023-01-26 20:31:14,720 [IPC Server handler 12 on default port 37459] INFO  key.OMKeyRequest (OMKeyRequest.java:wrapUncommittedBlocksAsPseudoKey(837)) - Detect allocated but uncommitted blocks [{blockID={containerID=2, localID=111677748019200049}, length=4194304, offset=0, token=null, pipeline=null, createVersion=0, partNumber=0}] in key testBatchDelete/parent/childFolder/child4.
2023-01-26 20:31:14,724 [IPC Server handler 14 on default port 37459] INFO  key.OMKeyRequest (OMKeyRequest.java:wrapUncommittedBlocksAsPseudoKey(837)) - Detect allocated but uncommitted blocks [{blockID={containerID=4, localID=111677748019200050}, length=4194304, offset=0, token=null, pipeline=null, createVersion=0, partNumber=0}] in key testBatchDelete/parent/child5.
2023-01-26 20:31:14,727 [IPC Server handler 16 on default port 37459] INFO  key.OMKeyRequest (OMKeyRequest.java:wrapUncommittedBlocksAsPseudoKey(837)) - Detect allocated but uncommitted blocks [{blockID={containerID=1, localID=111677748019200051}, length=4194304, offset=0, token=null, pipeline=null, createVersion=0, partNumber=0}] in key testBatchDelete/parent/childFolder/child5.
2023-01-26 20:31:14,729 [IPC Server handler 19 on default port 37459] INFO  key.OMKeyRequest (OMKeyRequest.java:wrapUncommittedBlocksAsPseudoKey(837)) - Detect allocated but uncommitted blocks [{blockID={containerID=4, localID=111677748019200052}, length=4194304, offset=0, token=null, pipeline=null, createVersion=0, partNumber=0}] in key testBatchDelete/parent/child6.
2023-01-26 20:31:14,732 [IPC Server handler 1 on default port 37459] INFO  key.OMKeyRequest (OMKeyRequest.java:wrapUncommittedBlocksAsPseudoKey(837)) - Detect allocated but uncommitted blocks [{blockID={containerID=1, localID=111677748019200053}, length=4194304, offset=0, token=null, pipeline=null, createVersion=0, partNumber=0}] in key testBatchDelete/parent/childFolder/child6.
2023-01-26 20:31:14,735 [IPC Server handler 3 on default port 37459] INFO  key.OMKeyRequest (OMKeyRequest.java:wrapUncommittedBlocksAsPseudoKey(837)) - Detect allocated but uncommitted blocks [{blockID={containerID=4, localID=111677748019200054}, length=4194304, offset=0, token=null, pipeline=null, createVersion=0, partNumber=0}] in key testBatchDelete/parent/child7.
2023-01-26 20:31:14,738 [IPC Server handler 4 on default port 37459] INFO  key.OMKeyRequest (OMKeyRequest.java:wrapUncommittedBlocksAsPseudoKey(837)) - Detect allocated but uncommitted blocks [{blockID={containerID=1, localID=111677748019200055}, length=4194304, offset=0, token=null, pipeline=null, createVersion=0, partNumber=0}] in key testBatchDelete/parent/childFolder/child7.
20:31:14.746 [IPC Server handler 16 on default port 37459] ERROR OMAudit - user=runner | ip=127.0.0.1 | op=GET_FILE_STATUS {volume=volume58619, bucket=bucket43836, key=testBatchDelete, dataSize=0, replicationConfig=null} | ret=FAILURE
org.apache.hadoop.ozone.om.exceptions.OMException: Unable to get file status: volume: volume58619 bucket: bucket43836 key: testBatchDelete
	at org.apache.hadoop.ozone.om.KeyManagerImpl.getOzoneFileStatus(KeyManagerImpl.java:1301) ~[ozone-manager-1.4.0-SNAPSHOT.jar:?]
	at org.apache.hadoop.ozone.om.KeyManagerImpl.getFileStatus(KeyManagerImpl.java:1219) ~[ozone-manager-1.4.0-SNAPSHOT.jar:?]
	at org.apache.hadoop.ozone.om.OzoneManager.getFileStatus(OzoneManager.java:3498) ~[ozone-manager-1.4.0-SNAPSHOT.jar:?]
	at org.apache.hadoop.ozone.protocolPB.OzoneManagerRequestHandler.getOzoneFileStatus(OzoneManagerRequestHandler.java:913) ~[ozone-manager-1.4.0-SNAPSHOT.jar:?]
	at org.apache.hadoop.ozone.protocolPB.OzoneManagerRequestHandler.handleReadRequest(OzoneManagerRequestHandler.java:233) ~[ozone-manager-1.4.0-SNAPSHOT.jar:?]
	at org.apache.hadoop.ozone.protocolPB.OzoneManagerProtocolServerSideTranslatorPB.submitRequestDirectlyToOM(OzoneManagerProtocolServerSideTranslatorPB.java:276) ~[ozone-manager-1.4.0-SNAPSHOT.jar:?]
	at org.apache.hadoop.ozone.protocolPB.OzoneManagerProtocolServerSideTranslatorPB.processRequest(OzoneManagerProtocolServerSideTranslatorPB.java:205) ~[ozone-manager-1.4.0-SNAPSHOT.jar:?]
	at org.apache.hadoop.hdds.server.OzoneProtocolMessageDispatcher.processRequest(OzoneProtocolMessageDispatcher.java:87) [hdds-server-framework-1.4.0-SNAPSHOT.jar:?]
	at org.apache.hadoop.ozone.protocolPB.OzoneManagerProtocolServerSideTranslatorPB.submitRequest(OzoneManagerProtocolServerSideTranslatorPB.java:147) [ozone-manager-1.4.0-SNAPSHOT.jar:?]
	at org.apache.hadoop.ozone.protocol.proto.OzoneManagerProtocolProtos$OzoneManagerService$2.callBlockingMethod(OzoneManagerProtocolProtos.java) [ozone-interface-client-1.4.0-SNAPSHOT.jar:?]
	at org.apache.hadoop.ipc.ProtobufRpcEngine$Server.processCall(ProtobufRpcEngine.java:465) [hadoop-common-3.3.4.jar:?]
	at org.apache.hadoop.ipc.ProtobufRpcEngine2$Server$ProtoBufRpcInvoker.call(ProtobufRpcEngine2.java:578) [hadoop-common-3.3.4.jar:?]
	at org.apache.hadoop.ipc.ProtobufRpcEngine2$Server$ProtoBufRpcInvoker.call(ProtobufRpcEngine2.java:556) [hadoop-common-3.3.4.jar:?]
	at org.apache.hadoop.ipc.RPC$Server.call(RPC.java:1093) [hadoop-common-3.3.4.jar:?]
	at org.apache.hadoop.ipc.Server$RpcCall.run(Server.java:1043) [hadoop-common-3.3.4.jar:?]
	at org.apache.hadoop.ipc.Server$RpcCall.run(Server.java:971) [hadoop-common-3.3.4.jar:?]
	at java.security.AccessController.doPrivileged(Native Method) ~[?:1.8.0_352]
	at javax.security.auth.Subject.doAs(Subject.java:422) [?:1.8.0_352]
	at org.apache.hadoop.security.UserGroupInformation.doAs(UserGroupInformation.java:1878) [hadoop-common-3.3.4.jar:?]
	at org.apache.hadoop.ipc.Server$Handler.run(Server.java:2976) [hadoop-common-3.3.4.jar:?]
20:31:14.747 [IPC Server handler 18 on default port 37459] ERROR OMAudit - user=runner | ip=127.0.0.1 | op=GET_FILE_STATUS {volume=volume58619, bucket=bucket43836, key=testBatchDelete/parent/child0, dataSize=0, replicationConfig=null} | ret=FAILURE
org.apache.hadoop.ozone.om.exceptions.OMException: Unable to get file status: volume: volume58619 bucket: bucket43836 key: testBatchDelete/parent/child0
	at org.apache.hadoop.ozone.om.KeyManagerImpl.getOzoneFileStatus(KeyManagerImpl.java:1301) ~[ozone-manager-1.4.0-SNAPSHOT.jar:?]
	at org.apache.hadoop.ozone.om.KeyManagerImpl.getFileStatus(KeyManagerImpl.java:1219) ~[ozone-manager-1.4.0-SNAPSHOT.jar:?]
	at org.apache.hadoop.ozone.om.OzoneManager.getFileStatus(OzoneManager.java:3498) ~[ozone-manager-1.4.0-SNAPSHOT.jar:?]
	at org.apache.hadoop.ozone.protocolPB.OzoneManagerRequestHandler.getOzoneFileStatus(OzoneManagerRequestHandler.java:913) ~[ozone-manager-1.4.0-SNAPSHOT.jar:?]
	at org.apache.hadoop.ozone.protocolPB.OzoneManagerRequestHandler.handleReadRequest(OzoneManagerRequestHandler.java:233) ~[ozone-manager-1.4.0-SNAPSHOT.jar:?]
	at org.apache.hadoop.ozone.protocolPB.OzoneManagerProtocolServerSideTranslatorPB.submitRequestDirectlyToOM(OzoneManagerProtocolServerSideTranslatorPB.java:276) ~[ozone-manager-1.4.0-SNAPSHOT.jar:?]
	at org.apache.hadoop.ozone.protocolPB.OzoneManagerProtocolServerSideTranslatorPB.processRequest(OzoneManagerProtocolServerSideTranslatorPB.java:205) ~[ozone-manager-1.4.0-SNAPSHOT.jar:?]
	at org.apache.hadoop.hdds.server.OzoneProtocolMessageDispatcher.processRequest(OzoneProtocolMessageDispatcher.java:87) [hdds-server-framework-1.4.0-SNAPSHOT.jar:?]
	at org.apache.hadoop.ozone.protocolPB.OzoneManagerProtocolServerSideTranslatorPB.submitRequest(OzoneManagerProtocolServerSideTranslatorPB.java:147) [ozone-manager-1.4.0-SNAPSHOT.jar:?]
	at org.apache.hadoop.ozone.protocol.proto.OzoneManagerProtocolProtos$OzoneManagerService$2.callBlockingMethod(OzoneManagerProtocolProtos.java) [ozone-interface-client-1.4.0-SNAPSHOT.jar:?]
	at org.apache.hadoop.ipc.ProtobufRpcEngine$Server.processCall(ProtobufRpcEngine.java:465) [hadoop-common-3.3.4.jar:?]
	at org.apache.hadoop.ipc.ProtobufRpcEngine2$Server$ProtoBufRpcInvoker.call(ProtobufRpcEngine2.java:578) [hadoop-common-3.3.4.jar:?]
	at org.apache.hadoop.ipc.ProtobufRpcEngine2$Server$ProtoBufRpcInvoker.call(ProtobufRpcEngine2.java:556) [hadoop-common-3.3.4.jar:?]
	at org.apache.hadoop.ipc.RPC$Server.call(RPC.java:1093) [hadoop-common-3.3.4.jar:?]
	at org.apache.hadoop.ipc.Server$RpcCall.run(Server.java:1043) [hadoop-common-3.3.4.jar:?]
	at org.apache.hadoop.ipc.Server$RpcCall.run(Server.java:971) [hadoop-common-3.3.4.jar:?]
	at java.security.AccessController.doPrivileged(Native Method) ~[?:1.8.0_352]
	at javax.security.auth.Subject.doAs(Subject.java:422) [?:1.8.0_352]
	at org.apache.hadoop.security.UserGroupInformation.doAs(UserGroupInformation.java:1878) [hadoop-common-3.3.4.jar:?]
	at org.apache.hadoop.ipc.Server$Handler.run(Server.java:2976) [hadoop-common-3.3.4.jar:?]
20:31:14.748 [IPC Server handler 19 on default port 37459] ERROR OMAudit - user=runner | ip=127.0.0.1 | op=GET_FILE_STATUS {volume=volume58619, bucket=bucket43836, key=testBatchDelete/parent/childFolder/child0, dataSize=0, replicationConfig=null} | ret=FAILURE
org.apache.hadoop.ozone.om.exceptions.OMException: Unable to get file status: volume: volume58619 bucket: bucket43836 key: testBatchDelete/parent/childFolder/child0
	at org.apache.hadoop.ozone.om.KeyManagerImpl.getOzoneFileStatus(KeyManagerImpl.java:1301) ~[ozone-manager-1.4.0-SNAPSHOT.jar:?]
	at org.apache.hadoop.ozone.om.KeyManagerImpl.getFileStatus(KeyManagerImpl.java:1219) ~[ozone-manager-1.4.0-SNAPSHOT.jar:?]
	at org.apache.hadoop.ozone.om.OzoneManager.getFileStatus(OzoneManager.java:3498) ~[ozone-manager-1.4.0-SNAPSHOT.jar:?]
	at org.apache.hadoop.ozone.protocolPB.OzoneManagerRequestHandler.getOzoneFileStatus(OzoneManagerRequestHandler.java:913) ~[ozone-manager-1.4.0-SNAPSHOT.jar:?]
	at org.apache.hadoop.ozone.protocolPB.OzoneManagerRequestHandler.handleReadRequest(OzoneManagerRequestHandler.java:233) ~[ozone-manager-1.4.0-SNAPSHOT.jar:?]
	at org.apache.hadoop.ozone.protocolPB.OzoneManagerProtocolServerSideTranslatorPB.submitRequestDirectlyToOM(OzoneManagerProtocolServerSideTranslatorPB.java:276) ~[ozone-manager-1.4.0-SNAPSHOT.jar:?]
	at org.apache.hadoop.ozone.protocolPB.OzoneManagerProtocolServerSideTranslatorPB.processRequest(OzoneManagerProtocolServerSideTranslatorPB.java:205) ~[ozone-manager-1.4.0-SNAPSHOT.jar:?]
	at org.apache.hadoop.hdds.server.OzoneProtocolMessageDispatcher.processRequest(OzoneProtocolMessageDispatcher.java:87) [hdds-server-framework-1.4.0-SNAPSHOT.jar:?]
	at org.apache.hadoop.ozone.protocolPB.OzoneManagerProtocolServerSideTranslatorPB.submitRequest(OzoneManagerProtocolServerSideTranslatorPB.java:147) [ozone-manager-1.4.0-SNAPSHOT.jar:?]
	at org.apache.hadoop.ozone.protocol.proto.OzoneManagerProtocolProtos$OzoneManagerService$2.callBlockingMethod(OzoneManagerProtocolProtos.java) [ozone-interface-client-1.4.0-SNAPSHOT.jar:?]
	at org.apache.hadoop.ipc.ProtobufRpcEngine$Server.processCall(ProtobufRpcEngine.java:465) [hadoop-common-3.3.4.jar:?]
	at org.apache.hadoop.ipc.ProtobufRpcEngine2$Server$ProtoBufRpcInvoker.call(ProtobufRpcEngine2.java:578) [hadoop-common-3.3.4.jar:?]
	at org.apache.hadoop.ipc.ProtobufRpcEngine2$Server$ProtoBufRpcInvoker.call(ProtobufRpcEngine2.java:556) [hadoop-common-3.3.4.jar:?]
	at org.apache.hadoop.ipc.RPC$Server.call(RPC.java:1093) [hadoop-common-3.3.4.jar:?]
	at org.apache.hadoop.ipc.Server$RpcCall.run(Server.java:1043) [hadoop-common-3.3.4.jar:?]
	at org.apache.hadoop.ipc.Server$RpcCall.run(Server.java:971) [hadoop-common-3.3.4.jar:?]
	at java.security.AccessController.doPrivileged(Native Method) ~[?:1.8.0_352]
	at javax.security.auth.Subject.doAs(Subject.java:422) [?:1.8.0_352]
	at org.apache.hadoop.security.UserGroupInformation.doAs(UserGroupInformation.java:1878) [hadoop-common-3.3.4.jar:?]
	at org.apache.hadoop.ipc.Server$Handler.run(Server.java:2976) [hadoop-common-3.3.4.jar:?]
20:31:14.748 [IPC Server handler 0 on default port 37459] ERROR OMAudit - user=runner | ip=127.0.0.1 | op=GET_FILE_STATUS {volume=volume58619, bucket=bucket43836, key=testBatchDelete/parent/child1, dataSize=0, replicationConfig=null} | ret=FAILURE
org.apache.hadoop.ozone.om.exceptions.OMException: Unable to get file status: volume: volume58619 bucket: bucket43836 key: testBatchDelete/parent/child1
	at org.apache.hadoop.ozone.om.KeyManagerImpl.getOzoneFileStatus(KeyManagerImpl.java:1301) ~[ozone-manager-1.4.0-SNAPSHOT.jar:?]
	at org.apache.hadoop.ozone.om.KeyManagerImpl.getFileStatus(KeyManagerImpl.java:1219) ~[ozone-manager-1.4.0-SNAPSHOT.jar:?]
	at org.apache.hadoop.ozone.om.OzoneManager.getFileStatus(OzoneManager.java:3498) ~[ozone-manager-1.4.0-SNAPSHOT.jar:?]
	at org.apache.hadoop.ozone.protocolPB.OzoneManagerRequestHandler.getOzoneFileStatus(OzoneManagerRequestHandler.java:913) ~[ozone-manager-1.4.0-SNAPSHOT.jar:?]
	at org.apache.hadoop.ozone.protocolPB.OzoneManagerRequestHandler.handleReadRequest(OzoneManagerRequestHandler.java:233) ~[ozone-manager-1.4.0-SNAPSHOT.jar:?]
	at org.apache.hadoop.ozone.protocolPB.OzoneManagerProtocolServerSideTranslatorPB.submitRequestDirectlyToOM(OzoneManagerProtocolServerSideTranslatorPB.java:276) ~[ozone-manager-1.4.0-SNAPSHOT.jar:?]
	at org.apache.hadoop.ozone.protocolPB.OzoneManagerProtocolServerSideTranslatorPB.processRequest(OzoneManagerProtocolServerSideTranslatorPB.java:205) ~[ozone-manager-1.4.0-SNAPSHOT.jar:?]
	at org.apache.hadoop.hdds.server.OzoneProtocolMessageDispatcher.processRequest(OzoneProtocolMessageDispatcher.java:87) [hdds-server-framework-1.4.0-SNAPSHOT.jar:?]
	at org.apache.hadoop.ozone.protocolPB.OzoneManagerProtocolServerSideTranslatorPB.submitRequest(OzoneManagerProtocolServerSideTranslatorPB.java:147) [ozone-manager-1.4.0-SNAPSHOT.jar:?]
	at org.apache.hadoop.ozone.protocol.proto.OzoneManagerProtocolProtos$OzoneManagerService$2.callBlockingMethod(OzoneManagerProtocolProtos.java) [ozone-interface-client-1.4.0-SNAPSHOT.jar:?]
	at org.apache.hadoop.ipc.ProtobufRpcEngine$Server.processCall(ProtobufRpcEngine.java:465) [hadoop-common-3.3.4.jar:?]
	at org.apache.hadoop.ipc.ProtobufRpcEngine2$Server$ProtoBufRpcInvoker.call(ProtobufRpcEngine2.java:578) [hadoop-common-3.3.4.jar:?]
	at org.apache.hadoop.ipc.ProtobufRpcEngine2$Server$ProtoBufRpcInvoker.call(ProtobufRpcEngine2.java:556) [hadoop-common-3.3.4.jar:?]
	at org.apache.hadoop.ipc.RPC$Server.call(RPC.java:1093) [hadoop-common-3.3.4.jar:?]
	at org.apache.hadoop.ipc.Server$RpcCall.run(Server.java:1043) [hadoop-common-3.3.4.jar:?]
	at org.apache.hadoop.ipc.Server$RpcCall.run(Server.java:971) [hadoop-common-3.3.4.jar:?]
	at java.security.AccessController.doPrivileged(Native Method) ~[?:1.8.0_352]
	at javax.security.auth.Subject.doAs(Subject.java:422) [?:1.8.0_352]
	at org.apache.hadoop.security.UserGroupInformation.doAs(UserGroupInformation.java:1878) [hadoop-common-3.3.4.jar:?]
	at org.apache.hadoop.ipc.Server$Handler.run(Server.java:2976) [hadoop-common-3.3.4.jar:?]
20:31:14.749 [IPC Server handler 1 on default port 37459] ERROR OMAudit - user=runner | ip=127.0.0.1 | op=GET_FILE_STATUS {volume=volume58619, bucket=bucket43836, key=testBatchDelete/parent/childFolder/child1, dataSize=0, replicationConfig=null} | ret=FAILURE
org.apache.hadoop.ozone.om.exceptions.OMException: Unable to get file status: volume: volume58619 bucket: bucket43836 key: testBatchDelete/parent/childFolder/child1
	at org.apache.hadoop.ozone.om.KeyManagerImpl.getOzoneFileStatus(KeyManagerImpl.java:1301) ~[ozone-manager-1.4.0-SNAPSHOT.jar:?]
	at org.apache.hadoop.ozone.om.KeyManagerImpl.getFileStatus(KeyManagerImpl.java:1219) ~[ozone-manager-1.4.0-SNAPSHOT.jar:?]
	at org.apache.hadoop.ozone.om.OzoneManager.getFileStatus(OzoneManager.java:3498) ~[ozone-manager-1.4.0-SNAPSHOT.jar:?]
	at org.apache.hadoop.ozone.protocolPB.OzoneManagerRequestHandler.getOzoneFileStatus(OzoneManagerRequestHandler.java:913) ~[ozone-manager-1.4.0-SNAPSHOT.jar:?]
	at org.apache.hadoop.ozone.protocolPB.OzoneManagerRequestHandler.handleReadRequest(OzoneManagerRequestHandler.java:233) ~[ozone-manager-1.4.0-SNAPSHOT.jar:?]
	at org.apache.hadoop.ozone.protocolPB.OzoneManagerProtocolServerSideTranslatorPB.submitRequestDirectlyToOM(OzoneManagerProtocolServerSideTranslatorPB.java:276) ~[ozone-manager-1.4.0-SNAPSHOT.jar:?]
	at org.apache.hadoop.ozone.protocolPB.OzoneManagerProtocolServerSideTranslatorPB.processRequest(OzoneManagerProtocolServerSideTranslatorPB.java:205) ~[ozone-manager-1.4.0-SNAPSHOT.jar:?]
	at org.apache.hadoop.hdds.server.OzoneProtocolMessageDispatcher.processRequest(OzoneProtocolMessageDispatcher.java:87) [hdds-server-framework-1.4.0-SNAPSHOT.jar:?]
	at org.apache.hadoop.ozone.protocolPB.OzoneManagerProtocolServerSideTranslatorPB.submitRequest(OzoneManagerProtocolServerSideTranslatorPB.java:147) [ozone-manager-1.4.0-SNAPSHOT.jar:?]
	at org.apache.hadoop.ozone.protocol.proto.OzoneManagerProtocolProtos$OzoneManagerService$2.callBlockingMethod(OzoneManagerProtocolProtos.java) [ozone-interface-client-1.4.0-SNAPSHOT.jar:?]
	at org.apache.hadoop.ipc.ProtobufRpcEngine$Server.processCall(ProtobufRpcEngine.java:465) [hadoop-common-3.3.4.jar:?]
	at org.apache.hadoop.ipc.ProtobufRpcEngine2$Server$ProtoBufRpcInvoker.call(ProtobufRpcEngine2.java:578) [hadoop-common-3.3.4.jar:?]
	at org.apache.hadoop.ipc.ProtobufRpcEngine2$Server$ProtoBufRpcInvoker.call(ProtobufRpcEngine2.java:556) [hadoop-common-3.3.4.jar:?]
	at org.apache.hadoop.ipc.RPC$Server.call(RPC.java:1093) [hadoop-common-3.3.4.jar:?]
	at org.apache.hadoop.ipc.Server$RpcCall.run(Server.java:1043) [hadoop-common-3.3.4.jar:?]
	at org.apache.hadoop.ipc.Server$RpcCall.run(Server.java:971) [hadoop-common-3.3.4.jar:?]
	at java.security.AccessController.doPrivileged(Native Method) ~[?:1.8.0_352]
	at javax.security.auth.Subject.doAs(Subject.java:422) [?:1.8.0_352]
	at org.apache.hadoop.security.UserGroupInformation.doAs(UserGroupInformation.java:1878) [hadoop-common-3.3.4.jar:?]
	at org.apache.hadoop.ipc.Server$Handler.run(Server.java:2976) [hadoop-common-3.3.4.jar:?]
20:31:14.750 [IPC Server handler 2 on default port 37459] ERROR OMAudit - user=runner | ip=127.0.0.1 | op=GET_FILE_STATUS {volume=volume58619, bucket=bucket43836, key=testBatchDelete/parent/child2, dataSize=0, replicationConfig=null} | ret=FAILURE
org.apache.hadoop.ozone.om.exceptions.OMException: Unable to get file status: volume: volume58619 bucket: bucket43836 key: testBatchDelete/parent/child2
	at org.apache.hadoop.ozone.om.KeyManagerImpl.getOzoneFileStatus(KeyManagerImpl.java:1301) ~[ozone-manager-1.4.0-SNAPSHOT.jar:?]
	at org.apache.hadoop.ozone.om.KeyManagerImpl.getFileStatus(KeyManagerImpl.java:1219) ~[ozone-manager-1.4.0-SNAPSHOT.jar:?]
	at org.apache.hadoop.ozone.om.OzoneManager.getFileStatus(OzoneManager.java:3498) ~[ozone-manager-1.4.0-SNAPSHOT.jar:?]
	at org.apache.hadoop.ozone.protocolPB.OzoneManagerRequestHandler.getOzoneFileStatus(OzoneManagerRequestHandler.java:913) ~[ozone-manager-1.4.0-SNAPSHOT.jar:?]
	at org.apache.hadoop.ozone.protocolPB.OzoneManagerRequestHandler.handleReadRequest(OzoneManagerRequestHandler.java:233) ~[ozone-manager-1.4.0-SNAPSHOT.jar:?]
	at org.apache.hadoop.ozone.protocolPB.OzoneManagerProtocolServerSideTranslatorPB.submitRequestDirectlyToOM(OzoneManagerProtocolServerSideTranslatorPB.java:276) ~[ozone-manager-1.4.0-SNAPSHOT.jar:?]
	at org.apache.hadoop.ozone.protocolPB.OzoneManagerProtocolServerSideTranslatorPB.processRequest(OzoneManagerProtocolServerSideTranslatorPB.java:205) ~[ozone-manager-1.4.0-SNAPSHOT.jar:?]
	at org.apache.hadoop.hdds.server.OzoneProtocolMessageDispatcher.processRequest(OzoneProtocolMessageDispatcher.java:87) [hdds-server-framework-1.4.0-SNAPSHOT.jar:?]
	at org.apache.hadoop.ozone.protocolPB.OzoneManagerProtocolServerSideTranslatorPB.submitRequest(OzoneManagerProtocolServerSideTranslatorPB.java:147) [ozone-manager-1.4.0-SNAPSHOT.jar:?]
	at org.apache.hadoop.ozone.protocol.proto.OzoneManagerProtocolProtos$OzoneManagerService$2.callBlockingMethod(OzoneManagerProtocolProtos.java) [ozone-interface-client-1.4.0-SNAPSHOT.jar:?]
	at org.apache.hadoop.ipc.ProtobufRpcEngine$Server.processCall(ProtobufRpcEngine.java:465) [hadoop-common-3.3.4.jar:?]
	at org.apache.hadoop.ipc.ProtobufRpcEngine2$Server$ProtoBufRpcInvoker.call(ProtobufRpcEngine2.java:578) [hadoop-common-3.3.4.jar:?]
	at org.apache.hadoop.ipc.ProtobufRpcEngine2$Server$ProtoBufRpcInvoker.call(ProtobufRpcEngine2.java:556) [hadoop-common-3.3.4.jar:?]
	at org.apache.hadoop.ipc.RPC$Server.call(RPC.java:1093) [hadoop-common-3.3.4.jar:?]
	at org.apache.hadoop.ipc.Server$RpcCall.run(Server.java:1043) [hadoop-common-3.3.4.jar:?]
	at org.apache.hadoop.ipc.Server$RpcCall.run(Server.java:971) [hadoop-common-3.3.4.jar:?]
	at java.security.AccessController.doPrivileged(Native Method) ~[?:1.8.0_352]
	at javax.security.auth.Subject.doAs(Subject.java:422) [?:1.8.0_352]
	at org.apache.hadoop.security.UserGroupInformation.doAs(UserGroupInformation.java:1878) [hadoop-common-3.3.4.jar:?]
	at org.apache.hadoop.ipc.Server$Handler.run(Server.java:2976) [hadoop-common-3.3.4.jar:?]
20:31:14.751 [IPC Server handler 3 on default port 37459] ERROR OMAudit - user=runner | ip=127.0.0.1 | op=GET_FILE_STATUS {volume=volume58619, bucket=bucket43836, key=testBatchDelete/parent/childFolder/child2, dataSize=0, replicationConfig=null} | ret=FAILURE
org.apache.hadoop.ozone.om.exceptions.OMException: Unable to get file status: volume: volume58619 bucket: bucket43836 key: testBatchDelete/parent/childFolder/child2
	at org.apache.hadoop.ozone.om.KeyManagerImpl.getOzoneFileStatus(KeyManagerImpl.java:1301) ~[ozone-manager-1.4.0-SNAPSHOT.jar:?]
	at org.apache.hadoop.ozone.om.KeyManagerImpl.getFileStatus(KeyManagerImpl.java:1219) ~[ozone-manager-1.4.0-SNAPSHOT.jar:?]
	at org.apache.hadoop.ozone.om.OzoneManager.getFileStatus(OzoneManager.java:3498) ~[ozone-manager-1.4.0-SNAPSHOT.jar:?]
	at org.apache.hadoop.ozone.protocolPB.OzoneManagerRequestHandler.getOzoneFileStatus(OzoneManagerRequestHandler.java:913) ~[ozone-manager-1.4.0-SNAPSHOT.jar:?]
	at org.apache.hadoop.ozone.protocolPB.OzoneManagerRequestHandler.handleReadRequest(OzoneManagerRequestHandler.java:233) ~[ozone-manager-1.4.0-SNAPSHOT.jar:?]
	at org.apache.hadoop.ozone.protocolPB.OzoneManagerProtocolServerSideTranslatorPB.submitRequestDirectlyToOM(OzoneManagerProtocolServerSideTranslatorPB.java:276) ~[ozone-manager-1.4.0-SNAPSHOT.jar:?]
	at org.apache.hadoop.ozone.protocolPB.OzoneManagerProtocolServerSideTranslatorPB.processRequest(OzoneManagerProtocolServerSideTranslatorPB.java:205) ~[ozone-manager-1.4.0-SNAPSHOT.jar:?]
	at org.apache.hadoop.hdds.server.OzoneProtocolMessageDispatcher.processRequest(OzoneProtocolMessageDispatcher.java:87) [hdds-server-framework-1.4.0-SNAPSHOT.jar:?]
	at org.apache.hadoop.ozone.protocolPB.OzoneManagerProtocolServerSideTranslatorPB.submitRequest(OzoneManagerProtocolServerSideTranslatorPB.java:147) [ozone-manager-1.4.0-SNAPSHOT.jar:?]
	at org.apache.hadoop.ozone.protocol.proto.OzoneManagerProtocolProtos$OzoneManagerService$2.callBlockingMethod(OzoneManagerProtocolProtos.java) [ozone-interface-client-1.4.0-SNAPSHOT.jar:?]
	at org.apache.hadoop.ipc.ProtobufRpcEngine$Server.processCall(ProtobufRpcEngine.java:465) [hadoop-common-3.3.4.jar:?]
	at org.apache.hadoop.ipc.ProtobufRpcEngine2$Server$ProtoBufRpcInvoker.call(ProtobufRpcEngine2.java:578) [hadoop-common-3.3.4.jar:?]
	at org.apache.hadoop.ipc.ProtobufRpcEngine2$Server$ProtoBufRpcInvoker.call(ProtobufRpcEngine2.java:556) [hadoop-common-3.3.4.jar:?]
	at org.apache.hadoop.ipc.RPC$Server.call(RPC.java:1093) [hadoop-common-3.3.4.jar:?]
	at org.apache.hadoop.ipc.Server$RpcCall.run(Server.java:1043) [hadoop-common-3.3.4.jar:?]
	at org.apache.hadoop.ipc.Server$RpcCall.run(Server.java:971) [hadoop-common-3.3.4.jar:?]
	at java.security.AccessController.doPrivileged(Native Method) ~[?:1.8.0_352]
	at javax.security.auth.Subject.doAs(Subject.java:422) [?:1.8.0_352]
	at org.apache.hadoop.security.UserGroupInformation.doAs(UserGroupInformation.java:1878) [hadoop-common-3.3.4.jar:?]
	at org.apache.hadoop.ipc.Server$Handler.run(Server.java:2976) [hadoop-common-3.3.4.jar:?]
20:31:14.752 [IPC Server handler 5 on default port 37459] ERROR OMAudit - user=runner | ip=127.0.0.1 | op=GET_FILE_STATUS {volume=volume58619, bucket=bucket43836, key=testBatchDelete/parent/child3, dataSize=0, replicationConfig=null} | ret=FAILURE
org.apache.hadoop.ozone.om.exceptions.OMException: Unable to get file status: volume: volume58619 bucket: bucket43836 key: testBatchDelete/parent/child3
	at org.apache.hadoop.ozone.om.KeyManagerImpl.getOzoneFileStatus(KeyManagerImpl.java:1301) ~[ozone-manager-1.4.0-SNAPSHOT.jar:?]
	at org.apache.hadoop.ozone.om.KeyManagerImpl.getFileStatus(KeyManagerImpl.java:1219) ~[ozone-manager-1.4.0-SNAPSHOT.jar:?]
	at org.apache.hadoop.ozone.om.OzoneManager.getFileStatus(OzoneManager.java:3498) ~[ozone-manager-1.4.0-SNAPSHOT.jar:?]
	at org.apache.hadoop.ozone.protocolPB.OzoneManagerRequestHandler.getOzoneFileStatus(OzoneManagerRequestHandler.java:913) ~[ozone-manager-1.4.0-SNAPSHOT.jar:?]
	at org.apache.hadoop.ozone.protocolPB.OzoneManagerRequestHandler.handleReadRequest(OzoneManagerRequestHandler.java:233) ~[ozone-manager-1.4.0-SNAPSHOT.jar:?]
	at org.apache.hadoop.ozone.protocolPB.OzoneManagerProtocolServerSideTranslatorPB.submitRequestDirectlyToOM(OzoneManagerProtocolServerSideTranslatorPB.java:276) ~[ozone-manager-1.4.0-SNAPSHOT.jar:?]
	at org.apache.hadoop.ozone.protocolPB.OzoneManagerProtocolServerSideTranslatorPB.processRequest(OzoneManagerProtocolServerSideTranslatorPB.java:205) ~[ozone-manager-1.4.0-SNAPSHOT.jar:?]
	at org.apache.hadoop.hdds.server.OzoneProtocolMessageDispatcher.processRequest(OzoneProtocolMessageDispatcher.java:87) [hdds-server-framework-1.4.0-SNAPSHOT.jar:?]
	at org.apache.hadoop.ozone.protocolPB.OzoneManagerProtocolServerSideTranslatorPB.submitRequest(OzoneManagerProtocolServerSideTranslatorPB.java:147) [ozone-manager-1.4.0-SNAPSHOT.jar:?]
	at org.apache.hadoop.ozone.protocol.proto.OzoneManagerProtocolProtos$OzoneManagerService$2.callBlockingMethod(OzoneManagerProtocolProtos.java) [ozone-interface-client-1.4.0-SNAPSHOT.jar:?]
	at org.apache.hadoop.ipc.ProtobufRpcEngine$Server.processCall(ProtobufRpcEngine.java:465) [hadoop-common-3.3.4.jar:?]
	at org.apache.hadoop.ipc.ProtobufRpcEngine2$Server$ProtoBufRpcInvoker.call(ProtobufRpcEngine2.java:578) [hadoop-common-3.3.4.jar:?]
	at org.apache.hadoop.ipc.ProtobufRpcEngine2$Server$ProtoBufRpcInvoker.call(ProtobufRpcEngine2.java:556) [hadoop-common-3.3.4.jar:?]
	at org.apache.hadoop.ipc.RPC$Server.call(RPC.java:1093) [hadoop-common-3.3.4.jar:?]
	at org.apache.hadoop.ipc.Server$RpcCall.run(Server.java:1043) [hadoop-common-3.3.4.jar:?]
	at org.apache.hadoop.ipc.Server$RpcCall.run(Server.java:971) [hadoop-common-3.3.4.jar:?]
	at java.security.AccessController.doPrivileged(Native Method) ~[?:1.8.0_352]
	at javax.security.auth.Subject.doAs(Subject.java:422) [?:1.8.0_352]
	at org.apache.hadoop.security.UserGroupInformation.doAs(UserGroupInformation.java:1878) [hadoop-common-3.3.4.jar:?]
	at org.apache.hadoop.ipc.Server$Handler.run(Server.java:2976) [hadoop-common-3.3.4.jar:?]
20:31:14.752 [IPC Server handler 4 on default port 37459] ERROR OMAudit - user=runner | ip=127.0.0.1 | op=GET_FILE_STATUS {volume=volume58619, bucket=bucket43836, key=testBatchDelete/parent/childFolder/child3, dataSize=0, replicationConfig=null} | ret=FAILURE
org.apache.hadoop.ozone.om.exceptions.OMException: Unable to get file status: volume: volume58619 bucket: bucket43836 key: testBatchDelete/parent/childFolder/child3
	at org.apache.hadoop.ozone.om.KeyManagerImpl.getOzoneFileStatus(KeyManagerImpl.java:1301) ~[ozone-manager-1.4.0-SNAPSHOT.jar:?]
	at org.apache.hadoop.ozone.om.KeyManagerImpl.getFileStatus(KeyManagerImpl.java:1219) ~[ozone-manager-1.4.0-SNAPSHOT.jar:?]
	at org.apache.hadoop.ozone.om.OzoneManager.getFileStatus(OzoneManager.java:3498) ~[ozone-manager-1.4.0-SNAPSHOT.jar:?]
	at org.apache.hadoop.ozone.protocolPB.OzoneManagerRequestHandler.getOzoneFileStatus(OzoneManagerRequestHandler.java:913) ~[ozone-manager-1.4.0-SNAPSHOT.jar:?]
	at org.apache.hadoop.ozone.protocolPB.OzoneManagerRequestHandler.handleReadRequest(OzoneManagerRequestHandler.java:233) ~[ozone-manager-1.4.0-SNAPSHOT.jar:?]
	at org.apache.hadoop.ozone.protocolPB.OzoneManagerProtocolServerSideTranslatorPB.submitRequestDirectlyToOM(OzoneManagerProtocolServerSideTranslatorPB.java:276) ~[ozone-manager-1.4.0-SNAPSHOT.jar:?]
	at org.apache.hadoop.ozone.protocolPB.OzoneManagerProtocolServerSideTranslatorPB.processRequest(OzoneManagerProtocolServerSideTranslatorPB.java:205) ~[ozone-manager-1.4.0-SNAPSHOT.jar:?]
	at org.apache.hadoop.hdds.server.OzoneProtocolMessageDispatcher.processRequest(OzoneProtocolMessageDispatcher.java:87) [hdds-server-framework-1.4.0-SNAPSHOT.jar:?]
	at org.apache.hadoop.ozone.protocolPB.OzoneManagerProtocolServerSideTranslatorPB.submitRequest(OzoneManagerProtocolServerSideTranslatorPB.java:147) [ozone-manager-1.4.0-SNAPSHOT.jar:?]
	at org.apache.hadoop.ozone.protocol.proto.OzoneManagerProtocolProtos$OzoneManagerService$2.callBlockingMethod(OzoneManagerProtocolProtos.java) [ozone-interface-client-1.4.0-SNAPSHOT.jar:?]
	at org.apache.hadoop.ipc.ProtobufRpcEngine$Server.processCall(ProtobufRpcEngine.java:465) [hadoop-common-3.3.4.jar:?]
	at org.apache.hadoop.ipc.ProtobufRpcEngine2$Server$ProtoBufRpcInvoker.call(ProtobufRpcEngine2.java:578) [hadoop-common-3.3.4.jar:?]
	at org.apache.hadoop.ipc.ProtobufRpcEngine2$Server$ProtoBufRpcInvoker.call(ProtobufRpcEngine2.java:556) [hadoop-common-3.3.4.jar:?]
	at org.apache.hadoop.ipc.RPC$Server.call(RPC.java:1093) [hadoop-common-3.3.4.jar:?]
	at org.apache.hadoop.ipc.Server$RpcCall.run(Server.java:1043) [hadoop-common-3.3.4.jar:?]
	at org.apache.hadoop.ipc.Server$RpcCall.run(Server.java:971) [hadoop-common-3.3.4.jar:?]
	at java.security.AccessController.doPrivileged(Native Method) ~[?:1.8.0_352]
	at javax.security.auth.Subject.doAs(Subject.java:422) [?:1.8.0_352]
	at org.apache.hadoop.security.UserGroupInformation.doAs(UserGroupInformation.java:1878) [hadoop-common-3.3.4.jar:?]
	at org.apache.hadoop.ipc.Server$Handler.run(Server.java:2976) [hadoop-common-3.3.4.jar:?]
20:31:14.753 [IPC Server handler 7 on default port 37459] ERROR OMAudit - user=runner | ip=127.0.0.1 | op=GET_FILE_STATUS {volume=volume58619, bucket=bucket43836, key=testBatchDelete/parent/child4, dataSize=0, replicationConfig=null} | ret=FAILURE
org.apache.hadoop.ozone.om.exceptions.OMException: Unable to get file status: volume: volume58619 bucket: bucket43836 key: testBatchDelete/parent/child4
	at org.apache.hadoop.ozone.om.KeyManagerImpl.getOzoneFileStatus(KeyManagerImpl.java:1301) ~[ozone-manager-1.4.0-SNAPSHOT.jar:?]
	at org.apache.hadoop.ozone.om.KeyManagerImpl.getFileStatus(KeyManagerImpl.java:1219) ~[ozone-manager-1.4.0-SNAPSHOT.jar:?]
	at org.apache.hadoop.ozone.om.OzoneManager.getFileStatus(OzoneManager.java:3498) ~[ozone-manager-1.4.0-SNAPSHOT.jar:?]
	at org.apache.hadoop.ozone.protocolPB.OzoneManagerRequestHandler.getOzoneFileStatus(OzoneManagerRequestHandler.java:913) ~[ozone-manager-1.4.0-SNAPSHOT.jar:?]
	at org.apache.hadoop.ozone.protocolPB.OzoneManagerRequestHandler.handleReadRequest(OzoneManagerRequestHandler.java:233) ~[ozone-manager-1.4.0-SNAPSHOT.jar:?]
	at org.apache.hadoop.ozone.protocolPB.OzoneManagerProtocolServerSideTranslatorPB.submitRequestDirectlyToOM(OzoneManagerProtocolServerSideTranslatorPB.java:276) ~[ozone-manager-1.4.0-SNAPSHOT.jar:?]
	at org.apache.hadoop.ozone.protocolPB.OzoneManagerProtocolServerSideTranslatorPB.processRequest(OzoneManagerProtocolServerSideTranslatorPB.java:205) ~[ozone-manager-1.4.0-SNAPSHOT.jar:?]
	at org.apache.hadoop.hdds.server.OzoneProtocolMessageDispatcher.processRequest(OzoneProtocolMessageDispatcher.java:87) [hdds-server-framework-1.4.0-SNAPSHOT.jar:?]
	at org.apache.hadoop.ozone.protocolPB.OzoneManagerProtocolServerSideTranslatorPB.submitRequest(OzoneManagerProtocolServerSideTranslatorPB.java:147) [ozone-manager-1.4.0-SNAPSHOT.jar:?]
	at org.apache.hadoop.ozone.protocol.proto.OzoneManagerProtocolProtos$OzoneManagerService$2.callBlockingMethod(OzoneManagerProtocolProtos.java) [ozone-interface-client-1.4.0-SNAPSHOT.jar:?]
	at org.apache.hadoop.ipc.ProtobufRpcEngine$Server.processCall(ProtobufRpcEngine.java:465) [hadoop-common-3.3.4.jar:?]
	at org.apache.hadoop.ipc.ProtobufRpcEngine2$Server$ProtoBufRpcInvoker.call(ProtobufRpcEngine2.java:578) [hadoop-common-3.3.4.jar:?]
	at org.apache.hadoop.ipc.ProtobufRpcEngine2$Server$ProtoBufRpcInvoker.call(ProtobufRpcEngine2.java:556) [hadoop-common-3.3.4.jar:?]
	at org.apache.hadoop.ipc.RPC$Server.call(RPC.java:1093) [hadoop-common-3.3.4.jar:?]
	at org.apache.hadoop.ipc.Server$RpcCall.run(Server.java:1043) [hadoop-common-3.3.4.jar:?]
	at org.apache.hadoop.ipc.Server$RpcCall.run(Server.java:971) [hadoop-common-3.3.4.jar:?]
	at java.security.AccessController.doPrivileged(Native Method) ~[?:1.8.0_352]
	at javax.security.auth.Subject.doAs(Subject.java:422) [?:1.8.0_352]
	at org.apache.hadoop.security.UserGroupInformation.doAs(UserGroupInformation.java:1878) [hadoop-common-3.3.4.jar:?]
	at org.apache.hadoop.ipc.Server$Handler.run(Server.java:2976) [hadoop-common-3.3.4.jar:?]
20:31:14.754 [IPC Server handler 6 on default port 37459] ERROR OMAudit - user=runner | ip=127.0.0.1 | op=GET_FILE_STATUS {volume=volume58619, bucket=bucket43836, key=testBatchDelete/parent/childFolder/child4, dataSize=0, replicationConfig=null} | ret=FAILURE
org.apache.hadoop.ozone.om.exceptions.OMException: Unable to get file status: volume: volume58619 bucket: bucket43836 key: testBatchDelete/parent/childFolder/child4
	at org.apache.hadoop.ozone.om.KeyManagerImpl.getOzoneFileStatus(KeyManagerImpl.java:1301) ~[ozone-manager-1.4.0-SNAPSHOT.jar:?]
	at org.apache.hadoop.ozone.om.KeyManagerImpl.getFileStatus(KeyManagerImpl.java:1219) ~[ozone-manager-1.4.0-SNAPSHOT.jar:?]
	at org.apache.hadoop.ozone.om.OzoneManager.getFileStatus(OzoneManager.java:3498) ~[ozone-manager-1.4.0-SNAPSHOT.jar:?]
	at org.apache.hadoop.ozone.protocolPB.OzoneManagerRequestHandler.getOzoneFileStatus(OzoneManagerRequestHandler.java:913) ~[ozone-manager-1.4.0-SNAPSHOT.jar:?]
	at org.apache.hadoop.ozone.protocolPB.OzoneManagerRequestHandler.handleReadRequest(OzoneManagerRequestHandler.java:233) ~[ozone-manager-1.4.0-SNAPSHOT.jar:?]
	at org.apache.hadoop.ozone.protocolPB.OzoneManagerProtocolServerSideTranslatorPB.submitRequestDirectlyToOM(OzoneManagerProtocolServerSideTranslatorPB.java:276) ~[ozone-manager-1.4.0-SNAPSHOT.jar:?]
	at org.apache.hadoop.ozone.protocolPB.OzoneManagerProtocolServerSideTranslatorPB.processRequest(OzoneManagerProtocolServerSideTranslatorPB.java:205) ~[ozone-manager-1.4.0-SNAPSHOT.jar:?]
	at org.apache.hadoop.hdds.server.OzoneProtocolMessageDispatcher.processRequest(OzoneProtocolMessageDispatcher.java:87) [hdds-server-framework-1.4.0-SNAPSHOT.jar:?]
	at org.apache.hadoop.ozone.protocolPB.OzoneManagerProtocolServerSideTranslatorPB.submitRequest(OzoneManagerProtocolServerSideTranslatorPB.java:147) [ozone-manager-1.4.0-SNAPSHOT.jar:?]
	at org.apache.hadoop.ozone.protocol.proto.OzoneManagerProtocolProtos$OzoneManagerService$2.callBlockingMethod(OzoneManagerProtocolProtos.java) [ozone-interface-client-1.4.0-SNAPSHOT.jar:?]
	at org.apache.hadoop.ipc.ProtobufRpcEngine$Server.processCall(ProtobufRpcEngine.java:465) [hadoop-common-3.3.4.jar:?]
	at org.apache.hadoop.ipc.ProtobufRpcEngine2$Server$ProtoBufRpcInvoker.call(ProtobufRpcEngine2.java:578) [hadoop-common-3.3.4.jar:?]
	at org.apache.hadoop.ipc.ProtobufRpcEngine2$Server$ProtoBufRpcInvoker.call(ProtobufRpcEngine2.java:556) [hadoop-common-3.3.4.jar:?]
	at org.apache.hadoop.ipc.RPC$Server.call(RPC.java:1093) [hadoop-common-3.3.4.jar:?]
	at org.apache.hadoop.ipc.Server$RpcCall.run(Server.java:1043) [hadoop-common-3.3.4.jar:?]
	at org.apache.hadoop.ipc.Server$RpcCall.run(Server.java:971) [hadoop-common-3.3.4.jar:?]
	at java.security.AccessController.doPrivileged(Native Method) ~[?:1.8.0_352]
	at javax.security.auth.Subject.doAs(Subject.java:422) [?:1.8.0_352]
	at org.apache.hadoop.security.UserGroupInformation.doAs(UserGroupInformation.java:1878) [hadoop-common-3.3.4.jar:?]
	at org.apache.hadoop.ipc.Server$Handler.run(Server.java:2976) [hadoop-common-3.3.4.jar:?]
20:31:14.754 [IPC Server handler 8 on default port 37459] ERROR OMAudit - user=runner | ip=127.0.0.1 | op=GET_FILE_STATUS {volume=volume58619, bucket=bucket43836, key=testBatchDelete/parent/child5, dataSize=0, replicationConfig=null} | ret=FAILURE
org.apache.hadoop.ozone.om.exceptions.OMException: Unable to get file status: volume: volume58619 bucket: bucket43836 key: testBatchDelete/parent/child5
	at org.apache.hadoop.ozone.om.KeyManagerImpl.getOzoneFileStatus(KeyManagerImpl.java:1301) ~[ozone-manager-1.4.0-SNAPSHOT.jar:?]
	at org.apache.hadoop.ozone.om.KeyManagerImpl.getFileStatus(KeyManagerImpl.java:1219) ~[ozone-manager-1.4.0-SNAPSHOT.jar:?]
	at org.apache.hadoop.ozone.om.OzoneManager.getFileStatus(OzoneManager.java:3498) ~[ozone-manager-1.4.0-SNAPSHOT.jar:?]
	at org.apache.hadoop.ozone.protocolPB.OzoneManagerRequestHandler.getOzoneFileStatus(OzoneManagerRequestHandler.java:913) ~[ozone-manager-1.4.0-SNAPSHOT.jar:?]
	at org.apache.hadoop.ozone.protocolPB.OzoneManagerRequestHandler.handleReadRequest(OzoneManagerRequestHandler.java:233) ~[ozone-manager-1.4.0-SNAPSHOT.jar:?]
	at org.apache.hadoop.ozone.protocolPB.OzoneManagerProtocolServerSideTranslatorPB.submitRequestDirectlyToOM(OzoneManagerProtocolServerSideTranslatorPB.java:276) ~[ozone-manager-1.4.0-SNAPSHOT.jar:?]
	at org.apache.hadoop.ozone.protocolPB.OzoneManagerProtocolServerSideTranslatorPB.processRequest(OzoneManagerProtocolServerSideTranslatorPB.java:205) ~[ozone-manager-1.4.0-SNAPSHOT.jar:?]
	at org.apache.hadoop.hdds.server.OzoneProtocolMessageDispatcher.processRequest(OzoneProtocolMessageDispatcher.java:87) [hdds-server-framework-1.4.0-SNAPSHOT.jar:?]
	at org.apache.hadoop.ozone.protocolPB.OzoneManagerProtocolServerSideTranslatorPB.submitRequest(OzoneManagerProtocolServerSideTranslatorPB.java:147) [ozone-manager-1.4.0-SNAPSHOT.jar:?]
	at org.apache.hadoop.ozone.protocol.proto.OzoneManagerProtocolProtos$OzoneManagerService$2.callBlockingMethod(OzoneManagerProtocolProtos.java) [ozone-interface-client-1.4.0-SNAPSHOT.jar:?]
	at org.apache.hadoop.ipc.ProtobufRpcEngine$Server.processCall(ProtobufRpcEngine.java:465) [hadoop-common-3.3.4.jar:?]
	at org.apache.hadoop.ipc.ProtobufRpcEngine2$Server$ProtoBufRpcInvoker.call(ProtobufRpcEngine2.java:578) [hadoop-common-3.3.4.jar:?]
	at org.apache.hadoop.ipc.ProtobufRpcEngine2$Server$ProtoBufRpcInvoker.call(ProtobufRpcEngine2.java:556) [hadoop-common-3.3.4.jar:?]
	at org.apache.hadoop.ipc.RPC$Server.call(RPC.java:1093) [hadoop-common-3.3.4.jar:?]
	at org.apache.hadoop.ipc.Server$RpcCall.run(Server.java:1043) [hadoop-common-3.3.4.jar:?]
	at org.apache.hadoop.ipc.Server$RpcCall.run(Server.java:971) [hadoop-common-3.3.4.jar:?]
	at java.security.AccessController.doPrivileged(Native Method) ~[?:1.8.0_352]
	at javax.security.auth.Subject.doAs(Subject.java:422) [?:1.8.0_352]
	at org.apache.hadoop.security.UserGroupInformation.doAs(UserGroupInformation.java:1878) [hadoop-common-3.3.4.jar:?]
	at org.apache.hadoop.ipc.Server$Handler.run(Server.java:2976) [hadoop-common-3.3.4.jar:?]
20:31:14.755 [IPC Server handler 10 on default port 37459] ERROR OMAudit - user=runner | ip=127.0.0.1 | op=GET_FILE_STATUS {volume=volume58619, bucket=bucket43836, key=testBatchDelete/parent/childFolder/child5, dataSize=0, replicationConfig=null} | ret=FAILURE
org.apache.hadoop.ozone.om.exceptions.OMException: Unable to get file status: volume: volume58619 bucket: bucket43836 key: testBatchDelete/parent/childFolder/child5
	at org.apache.hadoop.ozone.om.KeyManagerImpl.getOzoneFileStatus(KeyManagerImpl.java:1301) ~[ozone-manager-1.4.0-SNAPSHOT.jar:?]
	at org.apache.hadoop.ozone.om.KeyManagerImpl.getFileStatus(KeyManagerImpl.java:1219) ~[ozone-manager-1.4.0-SNAPSHOT.jar:?]
	at org.apache.hadoop.ozone.om.OzoneManager.getFileStatus(OzoneManager.java:3498) ~[ozone-manager-1.4.0-SNAPSHOT.jar:?]
	at org.apache.hadoop.ozone.protocolPB.OzoneManagerRequestHandler.getOzoneFileStatus(OzoneManagerRequestHandler.java:913) ~[ozone-manager-1.4.0-SNAPSHOT.jar:?]
	at org.apache.hadoop.ozone.protocolPB.OzoneManagerRequestHandler.handleReadRequest(OzoneManagerRequestHandler.java:233) ~[ozone-manager-1.4.0-SNAPSHOT.jar:?]
	at org.apache.hadoop.ozone.protocolPB.OzoneManagerProtocolServerSideTranslatorPB.submitRequestDirectlyToOM(OzoneManagerProtocolServerSideTranslatorPB.java:276) ~[ozone-manager-1.4.0-SNAPSHOT.jar:?]
	at org.apache.hadoop.ozone.protocolPB.OzoneManagerProtocolServerSideTranslatorPB.processRequest(OzoneManagerProtocolServerSideTranslatorPB.java:205) ~[ozone-manager-1.4.0-SNAPSHOT.jar:?]
	at org.apache.hadoop.hdds.server.OzoneProtocolMessageDispatcher.processRequest(OzoneProtocolMessageDispatcher.java:87) [hdds-server-framework-1.4.0-SNAPSHOT.jar:?]
	at org.apache.hadoop.ozone.protocolPB.OzoneManagerProtocolServerSideTranslatorPB.submitRequest(OzoneManagerProtocolServerSideTranslatorPB.java:147) [ozone-manager-1.4.0-SNAPSHOT.jar:?]
	at org.apache.hadoop.ozone.protocol.proto.OzoneManagerProtocolProtos$OzoneManagerService$2.callBlockingMethod(OzoneManagerProtocolProtos.java) [ozone-interface-client-1.4.0-SNAPSHOT.jar:?]
	at org.apache.hadoop.ipc.ProtobufRpcEngine$Server.processCall(ProtobufRpcEngine.java:465) [hadoop-common-3.3.4.jar:?]
	at org.apache.hadoop.ipc.ProtobufRpcEngine2$Server$ProtoBufRpcInvoker.call(ProtobufRpcEngine2.java:578) [hadoop-common-3.3.4.jar:?]
	at org.apache.hadoop.ipc.ProtobufRpcEngine2$Server$ProtoBufRpcInvoker.call(ProtobufRpcEngine2.java:556) [hadoop-common-3.3.4.jar:?]
	at org.apache.hadoop.ipc.RPC$Server.call(RPC.java:1093) [hadoop-common-3.3.4.jar:?]
	at org.apache.hadoop.ipc.Server$RpcCall.run(Server.java:1043) [hadoop-common-3.3.4.jar:?]
	at org.apache.hadoop.ipc.Server$RpcCall.run(Server.java:971) [hadoop-common-3.3.4.jar:?]
	at java.security.AccessController.doPrivileged(Native Method) ~[?:1.8.0_352]
	at javax.security.auth.Subject.doAs(Subject.java:422) [?:1.8.0_352]
	at org.apache.hadoop.security.UserGroupInformation.doAs(UserGroupInformation.java:1878) [hadoop-common-3.3.4.jar:?]
	at org.apache.hadoop.ipc.Server$Handler.run(Server.java:2976) [hadoop-common-3.3.4.jar:?]
20:31:14.756 [IPC Server handler 9 on default port 37459] ERROR OMAudit - user=runner | ip=127.0.0.1 | op=GET_FILE_STATUS {volume=volume58619, bucket=bucket43836, key=testBatchDelete/parent/child6, dataSize=0, replicationConfig=null} | ret=FAILURE
org.apache.hadoop.ozone.om.exceptions.OMException: Unable to get file status: volume: volume58619 bucket: bucket43836 key: testBatchDelete/parent/child6
	at org.apache.hadoop.ozone.om.KeyManagerImpl.getOzoneFileStatus(KeyManagerImpl.java:1301) ~[ozone-manager-1.4.0-SNAPSHOT.jar:?]
	at org.apache.hadoop.ozone.om.KeyManagerImpl.getFileStatus(KeyManagerImpl.java:1219) ~[ozone-manager-1.4.0-SNAPSHOT.jar:?]
	at org.apache.hadoop.ozone.om.OzoneManager.getFileStatus(OzoneManager.java:3498) ~[ozone-manager-1.4.0-SNAPSHOT.jar:?]
	at org.apache.hadoop.ozone.protocolPB.OzoneManagerRequestHandler.getOzoneFileStatus(OzoneManagerRequestHandler.java:913) ~[ozone-manager-1.4.0-SNAPSHOT.jar:?]
	at org.apache.hadoop.ozone.protocolPB.OzoneManagerRequestHandler.handleReadRequest(OzoneManagerRequestHandler.java:233) ~[ozone-manager-1.4.0-SNAPSHOT.jar:?]
	at org.apache.hadoop.ozone.protocolPB.OzoneManagerProtocolServerSideTranslatorPB.submitRequestDirectlyToOM(OzoneManagerProtocolServerSideTranslatorPB.java:276) ~[ozone-manager-1.4.0-SNAPSHOT.jar:?]
	at org.apache.hadoop.ozone.protocolPB.OzoneManagerProtocolServerSideTranslatorPB.processRequest(OzoneManagerProtocolServerSideTranslatorPB.java:205) ~[ozone-manager-1.4.0-SNAPSHOT.jar:?]
	at org.apache.hadoop.hdds.server.OzoneProtocolMessageDispatcher.processRequest(OzoneProtocolMessageDispatcher.java:87) [hdds-server-framework-1.4.0-SNAPSHOT.jar:?]
	at org.apache.hadoop.ozone.protocolPB.OzoneManagerProtocolServerSideTranslatorPB.submitRequest(OzoneManagerProtocolServerSideTranslatorPB.java:147) [ozone-manager-1.4.0-SNAPSHOT.jar:?]
	at org.apache.hadoop.ozone.protocol.proto.OzoneManagerProtocolProtos$OzoneManagerService$2.callBlockingMethod(OzoneManagerProtocolProtos.java) [ozone-interface-client-1.4.0-SNAPSHOT.jar:?]
	at org.apache.hadoop.ipc.ProtobufRpcEngine$Server.processCall(ProtobufRpcEngine.java:465) [hadoop-common-3.3.4.jar:?]
	at org.apache.hadoop.ipc.ProtobufRpcEngine2$Server$ProtoBufRpcInvoker.call(ProtobufRpcEngine2.java:578) [hadoop-common-3.3.4.jar:?]
	at org.apache.hadoop.ipc.ProtobufRpcEngine2$Server$ProtoBufRpcInvoker.call(ProtobufRpcEngine2.java:556) [hadoop-common-3.3.4.jar:?]
	at org.apache.hadoop.ipc.RPC$Server.call(RPC.java:1093) [hadoop-common-3.3.4.jar:?]
	at org.apache.hadoop.ipc.Server$RpcCall.run(Server.java:1043) [hadoop-common-3.3.4.jar:?]
	at org.apache.hadoop.ipc.Server$RpcCall.run(Server.java:971) [hadoop-common-3.3.4.jar:?]
	at java.security.AccessController.doPrivileged(Native Method) ~[?:1.8.0_352]
	at javax.security.auth.Subject.doAs(Subject.java:422) [?:1.8.0_352]
	at org.apache.hadoop.security.UserGroupInformation.doAs(UserGroupInformation.java:1878) [hadoop-common-3.3.4.jar:?]
	at org.apache.hadoop.ipc.Server$Handler.run(Server.java:2976) [hadoop-common-3.3.4.jar:?]
20:31:14.758 [IPC Server handler 11 on default port 37459] ERROR OMAudit - user=runner | ip=127.0.0.1 | op=GET_FILE_STATUS {volume=volume58619, bucket=bucket43836, key=testBatchDelete/parent/childFolder/child6, dataSize=0, replicationConfig=null} | ret=FAILURE
org.apache.hadoop.ozone.om.exceptions.OMException: Unable to get file status: volume: volume58619 bucket: bucket43836 key: testBatchDelete/parent/childFolder/child6
	at org.apache.hadoop.ozone.om.KeyManagerImpl.getOzoneFileStatus(KeyManagerImpl.java:1301) ~[ozone-manager-1.4.0-SNAPSHOT.jar:?]
	at org.apache.hadoop.ozone.om.KeyManagerImpl.getFileStatus(KeyManagerImpl.java:1219) ~[ozone-manager-1.4.0-SNAPSHOT.jar:?]
	at org.apache.hadoop.ozone.om.OzoneManager.getFileStatus(OzoneManager.java:3498) ~[ozone-manager-1.4.0-SNAPSHOT.jar:?]
	at org.apache.hadoop.ozone.protocolPB.OzoneManagerRequestHandler.getOzoneFileStatus(OzoneManagerRequestHandler.java:913) ~[ozone-manager-1.4.0-SNAPSHOT.jar:?]
	at org.apache.hadoop.ozone.protocolPB.OzoneManagerRequestHandler.handleReadRequest(OzoneManagerRequestHandler.java:233) ~[ozone-manager-1.4.0-SNAPSHOT.jar:?]
	at org.apache.hadoop.ozone.protocolPB.OzoneManagerProtocolServerSideTranslatorPB.submitRequestDirectlyToOM(OzoneManagerProtocolServerSideTranslatorPB.java:276) ~[ozone-manager-1.4.0-SNAPSHOT.jar:?]
	at org.apache.hadoop.ozone.protocolPB.OzoneManagerProtocolServerSideTranslatorPB.processRequest(OzoneManagerProtocolServerSideTranslatorPB.java:205) ~[ozone-manager-1.4.0-SNAPSHOT.jar:?]
	at org.apache.hadoop.hdds.server.OzoneProtocolMessageDispatcher.processRequest(OzoneProtocolMessageDispatcher.java:87) [hdds-server-framework-1.4.0-SNAPSHOT.jar:?]
	at org.apache.hadoop.ozone.protocolPB.OzoneManagerProtocolServerSideTranslatorPB.submitRequest(OzoneManagerProtocolServerSideTranslatorPB.java:147) [ozone-manager-1.4.0-SNAPSHOT.jar:?]
	at org.apache.hadoop.ozone.protocol.proto.OzoneManagerProtocolProtos$OzoneManagerService$2.callBlockingMethod(OzoneManagerProtocolProtos.java) [ozone-interface-client-1.4.0-SNAPSHOT.jar:?]
	at org.apache.hadoop.ipc.ProtobufRpcEngine$Server.processCall(ProtobufRpcEngine.java:465) [hadoop-common-3.3.4.jar:?]
	at org.apache.hadoop.ipc.ProtobufRpcEngine2$Server$ProtoBufRpcInvoker.call(ProtobufRpcEngine2.java:578) [hadoop-common-3.3.4.jar:?]
	at org.apache.hadoop.ipc.ProtobufRpcEngine2$Server$ProtoBufRpcInvoker.call(ProtobufRpcEngine2.java:556) [hadoop-common-3.3.4.jar:?]
	at org.apache.hadoop.ipc.RPC$Server.call(RPC.java:1093) [hadoop-common-3.3.4.jar:?]
	at org.apache.hadoop.ipc.Server$RpcCall.run(Server.java:1043) [hadoop-common-3.3.4.jar:?]
	at org.apache.hadoop.ipc.Server$RpcCall.run(Server.java:971) [hadoop-common-3.3.4.jar:?]
	at java.security.AccessController.doPrivileged(Native Method) ~[?:1.8.0_352]
	at javax.security.auth.Subject.doAs(Subject.java:422) [?:1.8.0_352]
	at org.apache.hadoop.security.UserGroupInformation.doAs(UserGroupInformation.java:1878) [hadoop-common-3.3.4.jar:?]
	at org.apache.hadoop.ipc.Server$Handler.run(Server.java:2976) [hadoop-common-3.3.4.jar:?]
20:31:14.759 [IPC Server handler 13 on default port 37459] ERROR OMAudit - user=runner | ip=127.0.0.1 | op=GET_FILE_STATUS {volume=volume58619, bucket=bucket43836, key=testBatchDelete/parent/child7, dataSize=0, replicationConfig=null} | ret=FAILURE
org.apache.hadoop.ozone.om.exceptions.OMException: Unable to get file status: volume: volume58619 bucket: bucket43836 key: testBatchDelete/parent/child7
	at org.apache.hadoop.ozone.om.KeyManagerImpl.getOzoneFileStatus(KeyManagerImpl.java:1301) ~[ozone-manager-1.4.0-SNAPSHOT.jar:?]
	at org.apache.hadoop.ozone.om.KeyManagerImpl.getFileStatus(KeyManagerImpl.java:1219) ~[ozone-manager-1.4.0-SNAPSHOT.jar:?]
	at org.apache.hadoop.ozone.om.OzoneManager.getFileStatus(OzoneManager.java:3498) ~[ozone-manager-1.4.0-SNAPSHOT.jar:?]
	at org.apache.hadoop.ozone.protocolPB.OzoneManagerRequestHandler.getOzoneFileStatus(OzoneManagerRequestHandler.java:913) ~[ozone-manager-1.4.0-SNAPSHOT.jar:?]
	at org.apache.hadoop.ozone.protocolPB.OzoneManagerRequestHandler.handleReadRequest(OzoneManagerRequestHandler.java:233) ~[ozone-manager-1.4.0-SNAPSHOT.jar:?]
	at org.apache.hadoop.ozone.protocolPB.OzoneManagerProtocolServerSideTranslatorPB.submitRequestDirectlyToOM(OzoneManagerProtocolServerSideTranslatorPB.java:276) ~[ozone-manager-1.4.0-SNAPSHOT.jar:?]
	at org.apache.hadoop.ozone.protocolPB.OzoneManagerProtocolServerSideTranslatorPB.processRequest(OzoneManagerProtocolServerSideTranslatorPB.java:205) ~[ozone-manager-1.4.0-SNAPSHOT.jar:?]
	at org.apache.hadoop.hdds.server.OzoneProtocolMessageDispatcher.processRequest(OzoneProtocolMessageDispatcher.java:87) [hdds-server-framework-1.4.0-SNAPSHOT.jar:?]
	at org.apache.hadoop.ozone.protocolPB.OzoneManagerProtocolServerSideTranslatorPB.submitRequest(OzoneManagerProtocolServerSideTranslatorPB.java:147) [ozone-manager-1.4.0-SNAPSHOT.jar:?]
	at org.apache.hadoop.ozone.protocol.proto.OzoneManagerProtocolProtos$OzoneManagerService$2.callBlockingMethod(OzoneManagerProtocolProtos.java) [ozone-interface-client-1.4.0-SNAPSHOT.jar:?]
	at org.apache.hadoop.ipc.ProtobufRpcEngine$Server.processCall(ProtobufRpcEngine.java:465) [hadoop-common-3.3.4.jar:?]
	at org.apache.hadoop.ipc.ProtobufRpcEngine2$Server$ProtoBufRpcInvoker.call(ProtobufRpcEngine2.java:578) [hadoop-common-3.3.4.jar:?]
	at org.apache.hadoop.ipc.ProtobufRpcEngine2$Server$ProtoBufRpcInvoker.call(ProtobufRpcEngine2.java:556) [hadoop-common-3.3.4.jar:?]
	at org.apache.hadoop.ipc.RPC$Server.call(RPC.java:1093) [hadoop-common-3.3.4.jar:?]
	at org.apache.hadoop.ipc.Server$RpcCall.run(Server.java:1043) [hadoop-common-3.3.4.jar:?]
	at org.apache.hadoop.ipc.Server$RpcCall.run(Server.java:971) [hadoop-common-3.3.4.jar:?]
	at java.security.AccessController.doPrivileged(Native Method) ~[?:1.8.0_352]
	at javax.security.auth.Subject.doAs(Subject.java:422) [?:1.8.0_352]
	at org.apache.hadoop.security.UserGroupInformation.doAs(UserGroupInformation.java:1878) [hadoop-common-3.3.4.jar:?]
	at org.apache.hadoop.ipc.Server$Handler.run(Server.java:2976) [hadoop-common-3.3.4.jar:?]
20:31:14.760 [IPC Server handler 12 on default port 37459] ERROR OMAudit - user=runner | ip=127.0.0.1 | op=GET_FILE_STATUS {volume=volume58619, bucket=bucket43836, key=testBatchDelete/parent/childFolder/child7, dataSize=0, replicationConfig=null} | ret=FAILURE
org.apache.hadoop.ozone.om.exceptions.OMException: Unable to get file status: volume: volume58619 bucket: bucket43836 key: testBatchDelete/parent/childFolder/child7
	at org.apache.hadoop.ozone.om.KeyManagerImpl.getOzoneFileStatus(KeyManagerImpl.java:1301) ~[ozone-manager-1.4.0-SNAPSHOT.jar:?]
	at org.apache.hadoop.ozone.om.KeyManagerImpl.getFileStatus(KeyManagerImpl.java:1219) ~[ozone-manager-1.4.0-SNAPSHOT.jar:?]
	at org.apache.hadoop.ozone.om.OzoneManager.getFileStatus(OzoneManager.java:3498) ~[ozone-manager-1.4.0-SNAPSHOT.jar:?]
	at org.apache.hadoop.ozone.protocolPB.OzoneManagerRequestHandler.getOzoneFileStatus(OzoneManagerRequestHandler.java:913) ~[ozone-manager-1.4.0-SNAPSHOT.jar:?]
	at org.apache.hadoop.ozone.protocolPB.OzoneManagerRequestHandler.handleReadRequest(OzoneManagerRequestHandler.java:233) ~[ozone-manager-1.4.0-SNAPSHOT.jar:?]
	at org.apache.hadoop.ozone.protocolPB.OzoneManagerProtocolServerSideTranslatorPB.submitRequestDirectlyToOM(OzoneManagerProtocolServerSideTranslatorPB.java:276) ~[ozone-manager-1.4.0-SNAPSHOT.jar:?]
	at org.apache.hadoop.ozone.protocolPB.OzoneManagerProtocolServerSideTranslatorPB.processRequest(OzoneManagerProtocolServerSideTranslatorPB.java:205) ~[ozone-manager-1.4.0-SNAPSHOT.jar:?]
	at org.apache.hadoop.hdds.server.OzoneProtocolMessageDispatcher.processRequest(OzoneProtocolMessageDispatcher.java:87) [hdds-server-framework-1.4.0-SNAPSHOT.jar:?]
	at org.apache.hadoop.ozone.protocolPB.OzoneManagerProtocolServerSideTranslatorPB.submitRequest(OzoneManagerProtocolServerSideTranslatorPB.java:147) [ozone-manager-1.4.0-SNAPSHOT.jar:?]
	at org.apache.hadoop.ozone.protocol.proto.OzoneManagerProtocolProtos$OzoneManagerService$2.callBlockingMethod(OzoneManagerProtocolProtos.java) [ozone-interface-client-1.4.0-SNAPSHOT.jar:?]
	at org.apache.hadoop.ipc.ProtobufRpcEngine$Server.processCall(ProtobufRpcEngine.java:465) [hadoop-common-3.3.4.jar:?]
	at org.apache.hadoop.ipc.ProtobufRpcEngine2$Server$ProtoBufRpcInvoker.call(ProtobufRpcEngine2.java:578) [hadoop-common-3.3.4.jar:?]
	at org.apache.hadoop.ipc.ProtobufRpcEngine2$Server$ProtoBufRpcInvoker.call(ProtobufRpcEngine2.java:556) [hadoop-common-3.3.4.jar:?]
	at org.apache.hadoop.ipc.RPC$Server.call(RPC.java:1093) [hadoop-common-3.3.4.jar:?]
	at org.apache.hadoop.ipc.Server$RpcCall.run(Server.java:1043) [hadoop-common-3.3.4.jar:?]
	at org.apache.hadoop.ipc.Server$RpcCall.run(Server.java:971) [hadoop-common-3.3.4.jar:?]
	at java.security.AccessController.doPrivileged(Native Method) ~[?:1.8.0_352]
	at javax.security.auth.Subject.doAs(Subject.java:422) [?:1.8.0_352]
	at org.apache.hadoop.security.UserGroupInformation.doAs(UserGroupInformation.java:1878) [hadoop-common-3.3.4.jar:?]
	at org.apache.hadoop.ipc.Server$Handler.run(Server.java:2976) [hadoop-common-3.3.4.jar:?]
20:31:14.760 [IPC Server handler 15 on default port 37459] ERROR OMAudit - user=runner | ip=127.0.0.1 | op=GET_FILE_STATUS {volume=volume58619, bucket=bucket43836, key=testBatchDelete/parent, dataSize=0, replicationConfig=null} | ret=FAILURE
org.apache.hadoop.ozone.om.exceptions.OMException: Unable to get file status: volume: volume58619 bucket: bucket43836 key: testBatchDelete/parent
	at org.apache.hadoop.ozone.om.KeyManagerImpl.getOzoneFileStatus(KeyManagerImpl.java:1301) ~[ozone-manager-1.4.0-SNAPSHOT.jar:?]
	at org.apache.hadoop.ozone.om.KeyManagerImpl.getFileStatus(KeyManagerImpl.java:1219) ~[ozone-manager-1.4.0-SNAPSHOT.jar:?]
	at org.apache.hadoop.ozone.om.OzoneManager.getFileStatus(OzoneManager.java:3498) ~[ozone-manager-1.4.0-SNAPSHOT.jar:?]
	at org.apache.hadoop.ozone.protocolPB.OzoneManagerRequestHandler.getOzoneFileStatus(OzoneManagerRequestHandler.java:913) ~[ozone-manager-1.4.0-SNAPSHOT.jar:?]
	at org.apache.hadoop.ozone.protocolPB.OzoneManagerRequestHandler.handleReadRequest(OzoneManagerRequestHandler.java:233) ~[ozone-manager-1.4.0-SNAPSHOT.jar:?]
	at org.apache.hadoop.ozone.protocolPB.OzoneManagerProtocolServerSideTranslatorPB.submitRequestDirectlyToOM(OzoneManagerProtocolServerSideTranslatorPB.java:276) ~[ozone-manager-1.4.0-SNAPSHOT.jar:?]
	at org.apache.hadoop.ozone.protocolPB.OzoneManagerProtocolServerSideTranslatorPB.processRequest(OzoneManagerProtocolServerSideTranslatorPB.java:205) ~[ozone-manager-1.4.0-SNAPSHOT.jar:?]
	at org.apache.hadoop.hdds.server.OzoneProtocolMessageDispatcher.processRequest(OzoneProtocolMessageDispatcher.java:87) [hdds-server-framework-1.4.0-SNAPSHOT.jar:?]
	at org.apache.hadoop.ozone.protocolPB.OzoneManagerProtocolServerSideTranslatorPB.submitRequest(OzoneManagerProtocolServerSideTranslatorPB.java:147) [ozone-manager-1.4.0-SNAPSHOT.jar:?]
	at org.apache.hadoop.ozone.protocol.proto.OzoneManagerProtocolProtos$OzoneManagerService$2.callBlockingMethod(OzoneManagerProtocolProtos.java) [ozone-interface-client-1.4.0-SNAPSHOT.jar:?]
	at org.apache.hadoop.ipc.ProtobufRpcEngine$Server.processCall(ProtobufRpcEngine.java:465) [hadoop-common-3.3.4.jar:?]
	at org.apache.hadoop.ipc.ProtobufRpcEngine2$Server$ProtoBufRpcInvoker.call(ProtobufRpcEngine2.java:578) [hadoop-common-3.3.4.jar:?]
	at org.apache.hadoop.ipc.ProtobufRpcEngine2$Server$ProtoBufRpcInvoker.call(ProtobufRpcEngine2.java:556) [hadoop-common-3.3.4.jar:?]
	at org.apache.hadoop.ipc.RPC$Server.call(RPC.java:1093) [hadoop-common-3.3.4.jar:?]
	at org.apache.hadoop.ipc.Server$RpcCall.run(Server.java:1043) [hadoop-common-3.3.4.jar:?]
	at org.apache.hadoop.ipc.Server$RpcCall.run(Server.java:971) [hadoop-common-3.3.4.jar:?]
	at java.security.AccessController.doPrivileged(Native Method) ~[?:1.8.0_352]
	at javax.security.auth.Subject.doAs(Subject.java:422) [?:1.8.0_352]
	at org.apache.hadoop.security.UserGroupInformation.doAs(UserGroupInformation.java:1878) [hadoop-common-3.3.4.jar:?]
	at org.apache.hadoop.ipc.Server$Handler.run(Server.java:2976) [hadoop-common-3.3.4.jar:?]
2023-01-26 20:31:14,761 [Time-limited test] WARN  ozone.BasicOzoneFileSystem (BasicOzoneFileSystem.java:delete(551)) - delete: Path does not exist: /testBatchDelete/parent
]]></system-out>
  </testcase>
  <testcase name="testFileDelete" classname="TestOzoneFileSystem" time="0.077">
    <system-out><![CDATA[2023-01-26 20:32:19,084 [OM StateMachine ApplyTransaction Thread - 0] INFO  key.OMKeyRequest (OMKeyRequest.java:wrapUncommittedBlocksAsPseudoKey(837)) - Detect allocated but uncommitted blocks [{blockID={containerID=1, localID=111677748019200040}, length=4194304, offset=0, token=null, pipeline=null, createVersion=0, partNumber=0}] in key testBatchDelete/parent/child0.
2023-01-26 20:32:19,089 [OM StateMachine ApplyTransaction Thread - 0] INFO  key.OMKeyRequest (OMKeyRequest.java:wrapUncommittedBlocksAsPseudoKey(837)) - Detect allocated but uncommitted blocks [{blockID={containerID=2, localID=111677748019200041}, length=4194304, offset=0, token=null, pipeline=null, createVersion=0, partNumber=0}] in key testBatchDelete/parent/childFolder/child0.
2023-01-26 20:32:19,092 [OM StateMachine ApplyTransaction Thread - 0] INFO  key.OMKeyRequest (OMKeyRequest.java:wrapUncommittedBlocksAsPseudoKey(837)) - Detect allocated but uncommitted blocks [{blockID={containerID=1, localID=111677748019200042}, length=4194304, offset=0, token=null, pipeline=null, createVersion=0, partNumber=0}] in key testBatchDelete/parent/child1.
2023-01-26 20:32:19,096 [OM StateMachine ApplyTransaction Thread - 0] INFO  key.OMKeyRequest (OMKeyRequest.java:wrapUncommittedBlocksAsPseudoKey(837)) - Detect allocated but uncommitted blocks [{blockID={containerID=2, localID=111677748019200043}, length=4194304, offset=0, token=null, pipeline=null, createVersion=0, partNumber=0}] in key testBatchDelete/parent/childFolder/child1.
2023-01-26 20:32:19,099 [OM StateMachine ApplyTransaction Thread - 0] INFO  key.OMKeyRequest (OMKeyRequest.java:wrapUncommittedBlocksAsPseudoKey(837)) - Detect allocated but uncommitted blocks [{blockID={containerID=1, localID=111677748019200044}, length=4194304, offset=0, token=null, pipeline=null, createVersion=0, partNumber=0}] in key testBatchDelete/parent/child2.
2023-01-26 20:32:19,103 [OM StateMachine ApplyTransaction Thread - 0] INFO  key.OMKeyRequest (OMKeyRequest.java:wrapUncommittedBlocksAsPseudoKey(837)) - Detect allocated but uncommitted blocks [{blockID={containerID=2, localID=111677748019200045}, length=4194304, offset=0, token=null, pipeline=null, createVersion=0, partNumber=0}] in key testBatchDelete/parent/childFolder/child2.
2023-01-26 20:32:19,106 [OM StateMachine ApplyTransaction Thread - 0] INFO  key.OMKeyRequest (OMKeyRequest.java:wrapUncommittedBlocksAsPseudoKey(837)) - Detect allocated but uncommitted blocks [{blockID={containerID=1, localID=111677748019200046}, length=4194304, offset=0, token=null, pipeline=null, createVersion=0, partNumber=0}] in key testBatchDelete/parent/child3.
2023-01-26 20:32:19,110 [OM StateMachine ApplyTransaction Thread - 0] INFO  key.OMKeyRequest (OMKeyRequest.java:wrapUncommittedBlocksAsPseudoKey(837)) - Detect allocated but uncommitted blocks [{blockID={containerID=2, localID=111677748019200047}, length=4194304, offset=0, token=null, pipeline=null, createVersion=0, partNumber=0}] in key testBatchDelete/parent/childFolder/child3.
2023-01-26 20:32:19,113 [OM StateMachine ApplyTransaction Thread - 0] INFO  key.OMKeyRequest (OMKeyRequest.java:wrapUncommittedBlocksAsPseudoKey(837)) - Detect allocated but uncommitted blocks [{blockID={containerID=1, localID=111677748019200048}, length=4194304, offset=0, token=null, pipeline=null, createVersion=0, partNumber=0}] in key testBatchDelete/parent/child4.
2023-01-26 20:32:19,116 [OM StateMachine ApplyTransaction Thread - 0] INFO  key.OMKeyRequest (OMKeyRequest.java:wrapUncommittedBlocksAsPseudoKey(837)) - Detect allocated but uncommitted blocks [{blockID={containerID=2, localID=111677748019200049}, length=4194304, offset=0, token=null, pipeline=null, createVersion=0, partNumber=0}] in key testBatchDelete/parent/childFolder/child4.
2023-01-26 20:32:19,119 [OM StateMachine ApplyTransaction Thread - 0] INFO  key.OMKeyRequest (OMKeyRequest.java:wrapUncommittedBlocksAsPseudoKey(837)) - Detect allocated but uncommitted blocks [{blockID={containerID=1, localID=111677748019200050}, length=4194304, offset=0, token=null, pipeline=null, createVersion=0, partNumber=0}] in key testBatchDelete/parent/child5.
2023-01-26 20:32:19,122 [OM StateMachine ApplyTransaction Thread - 0] INFO  key.OMKeyRequest (OMKeyRequest.java:wrapUncommittedBlocksAsPseudoKey(837)) - Detect allocated but uncommitted blocks [{blockID={containerID=2, localID=111677748019200051}, length=4194304, offset=0, token=null, pipeline=null, createVersion=0, partNumber=0}] in key testBatchDelete/parent/childFolder/child5.
2023-01-26 20:32:19,125 [OM StateMachine ApplyTransaction Thread - 0] INFO  key.OMKeyRequest (OMKeyRequest.java:wrapUncommittedBlocksAsPseudoKey(837)) - Detect allocated but uncommitted blocks [{blockID={containerID=1, localID=111677748019200052}, length=4194304, offset=0, token=null, pipeline=null, createVersion=0, partNumber=0}] in key testBatchDelete/parent/child6.
2023-01-26 20:32:19,129 [OM StateMachine ApplyTransaction Thread - 0] INFO  key.OMKeyRequest (OMKeyRequest.java:wrapUncommittedBlocksAsPseudoKey(837)) - Detect allocated but uncommitted blocks [{blockID={containerID=2, localID=111677748019200053}, length=4194304, offset=0, token=null, pipeline=null, createVersion=0, partNumber=0}] in key testBatchDelete/parent/childFolder/child6.
2023-01-26 20:32:19,132 [OM StateMachine ApplyTransaction Thread - 0] INFO  key.OMKeyRequest (OMKeyRequest.java:wrapUncommittedBlocksAsPseudoKey(837)) - Detect allocated but uncommitted blocks [{blockID={containerID=1, localID=111677748019200054}, length=4194304, offset=0, token=null, pipeline=null, createVersion=0, partNumber=0}] in key testBatchDelete/parent/child7.
2023-01-26 20:32:19,135 [OM StateMachine ApplyTransaction Thread - 0] INFO  key.OMKeyRequest (OMKeyRequest.java:wrapUncommittedBlocksAsPseudoKey(837)) - Detect allocated but uncommitted blocks [{blockID={containerID=2, localID=111677748019200055}, length=4194304, offset=0, token=null, pipeline=null, createVersion=0, partNumber=0}] in key testBatchDelete/parent/childFolder/child7.
20:32:19.143 [IPC Server handler 17 on default port 38041] ERROR OMAudit - user=runner | ip=127.0.0.1 | op=GET_FILE_STATUS {volume=volume53399, bucket=bucket90109, key=testBatchDelete, dataSize=0, replicationConfig=null} | ret=FAILURE
org.apache.hadoop.ozone.om.exceptions.OMException: Unable to get file status: volume: volume53399 bucket: bucket90109 key: testBatchDelete
	at org.apache.hadoop.ozone.om.KeyManagerImpl.getOzoneFileStatus(KeyManagerImpl.java:1301) ~[ozone-manager-1.4.0-SNAPSHOT.jar:?]
	at org.apache.hadoop.ozone.om.KeyManagerImpl.getFileStatus(KeyManagerImpl.java:1219) ~[ozone-manager-1.4.0-SNAPSHOT.jar:?]
	at org.apache.hadoop.ozone.om.OzoneManager.getFileStatus(OzoneManager.java:3498) ~[ozone-manager-1.4.0-SNAPSHOT.jar:?]
	at org.apache.hadoop.ozone.protocolPB.OzoneManagerRequestHandler.getOzoneFileStatus(OzoneManagerRequestHandler.java:913) ~[ozone-manager-1.4.0-SNAPSHOT.jar:?]
	at org.apache.hadoop.ozone.protocolPB.OzoneManagerRequestHandler.handleReadRequest(OzoneManagerRequestHandler.java:233) ~[ozone-manager-1.4.0-SNAPSHOT.jar:?]
	at org.apache.hadoop.ozone.protocolPB.OzoneManagerProtocolServerSideTranslatorPB.submitReadRequestToOM(OzoneManagerProtocolServerSideTranslatorPB.java:226) ~[ozone-manager-1.4.0-SNAPSHOT.jar:?]
	at org.apache.hadoop.ozone.protocolPB.OzoneManagerProtocolServerSideTranslatorPB.processRequest(OzoneManagerProtocolServerSideTranslatorPB.java:175) ~[ozone-manager-1.4.0-SNAPSHOT.jar:?]
	at org.apache.hadoop.hdds.server.OzoneProtocolMessageDispatcher.processRequest(OzoneProtocolMessageDispatcher.java:87) [hdds-server-framework-1.4.0-SNAPSHOT.jar:?]
	at org.apache.hadoop.ozone.protocolPB.OzoneManagerProtocolServerSideTranslatorPB.submitRequest(OzoneManagerProtocolServerSideTranslatorPB.java:147) [ozone-manager-1.4.0-SNAPSHOT.jar:?]
	at org.apache.hadoop.ozone.protocol.proto.OzoneManagerProtocolProtos$OzoneManagerService$2.callBlockingMethod(OzoneManagerProtocolProtos.java) [ozone-interface-client-1.4.0-SNAPSHOT.jar:?]
	at org.apache.hadoop.ipc.ProtobufRpcEngine$Server.processCall(ProtobufRpcEngine.java:465) [hadoop-common-3.3.4.jar:?]
	at org.apache.hadoop.ipc.ProtobufRpcEngine2$Server$ProtoBufRpcInvoker.call(ProtobufRpcEngine2.java:578) [hadoop-common-3.3.4.jar:?]
	at org.apache.hadoop.ipc.ProtobufRpcEngine2$Server$ProtoBufRpcInvoker.call(ProtobufRpcEngine2.java:556) [hadoop-common-3.3.4.jar:?]
	at org.apache.hadoop.ipc.RPC$Server.call(RPC.java:1093) [hadoop-common-3.3.4.jar:?]
	at org.apache.hadoop.ipc.Server$RpcCall.run(Server.java:1043) [hadoop-common-3.3.4.jar:?]
	at org.apache.hadoop.ipc.Server$RpcCall.run(Server.java:971) [hadoop-common-3.3.4.jar:?]
	at java.security.AccessController.doPrivileged(Native Method) ~[?:1.8.0_352]
	at javax.security.auth.Subject.doAs(Subject.java:422) [?:1.8.0_352]
	at org.apache.hadoop.security.UserGroupInformation.doAs(UserGroupInformation.java:1878) [hadoop-common-3.3.4.jar:?]
	at org.apache.hadoop.ipc.Server$Handler.run(Server.java:2976) [hadoop-common-3.3.4.jar:?]
20:32:19.143 [IPC Server handler 19 on default port 38041] ERROR OMAudit - user=runner | ip=127.0.0.1 | op=GET_FILE_STATUS {volume=volume53399, bucket=bucket90109, key=testBatchDelete/parent/child0, dataSize=0, replicationConfig=null} | ret=FAILURE
org.apache.hadoop.ozone.om.exceptions.OMException: Unable to get file status: volume: volume53399 bucket: bucket90109 key: testBatchDelete/parent/child0
	at org.apache.hadoop.ozone.om.KeyManagerImpl.getOzoneFileStatus(KeyManagerImpl.java:1301) ~[ozone-manager-1.4.0-SNAPSHOT.jar:?]
	at org.apache.hadoop.ozone.om.KeyManagerImpl.getFileStatus(KeyManagerImpl.java:1219) ~[ozone-manager-1.4.0-SNAPSHOT.jar:?]
	at org.apache.hadoop.ozone.om.OzoneManager.getFileStatus(OzoneManager.java:3498) ~[ozone-manager-1.4.0-SNAPSHOT.jar:?]
	at org.apache.hadoop.ozone.protocolPB.OzoneManagerRequestHandler.getOzoneFileStatus(OzoneManagerRequestHandler.java:913) ~[ozone-manager-1.4.0-SNAPSHOT.jar:?]
	at org.apache.hadoop.ozone.protocolPB.OzoneManagerRequestHandler.handleReadRequest(OzoneManagerRequestHandler.java:233) ~[ozone-manager-1.4.0-SNAPSHOT.jar:?]
	at org.apache.hadoop.ozone.protocolPB.OzoneManagerProtocolServerSideTranslatorPB.submitReadRequestToOM(OzoneManagerProtocolServerSideTranslatorPB.java:226) ~[ozone-manager-1.4.0-SNAPSHOT.jar:?]
	at org.apache.hadoop.ozone.protocolPB.OzoneManagerProtocolServerSideTranslatorPB.processRequest(OzoneManagerProtocolServerSideTranslatorPB.java:175) ~[ozone-manager-1.4.0-SNAPSHOT.jar:?]
	at org.apache.hadoop.hdds.server.OzoneProtocolMessageDispatcher.processRequest(OzoneProtocolMessageDispatcher.java:87) [hdds-server-framework-1.4.0-SNAPSHOT.jar:?]
	at org.apache.hadoop.ozone.protocolPB.OzoneManagerProtocolServerSideTranslatorPB.submitRequest(OzoneManagerProtocolServerSideTranslatorPB.java:147) [ozone-manager-1.4.0-SNAPSHOT.jar:?]
	at org.apache.hadoop.ozone.protocol.proto.OzoneManagerProtocolProtos$OzoneManagerService$2.callBlockingMethod(OzoneManagerProtocolProtos.java) [ozone-interface-client-1.4.0-SNAPSHOT.jar:?]
	at org.apache.hadoop.ipc.ProtobufRpcEngine$Server.processCall(ProtobufRpcEngine.java:465) [hadoop-common-3.3.4.jar:?]
	at org.apache.hadoop.ipc.ProtobufRpcEngine2$Server$ProtoBufRpcInvoker.call(ProtobufRpcEngine2.java:578) [hadoop-common-3.3.4.jar:?]
	at org.apache.hadoop.ipc.ProtobufRpcEngine2$Server$ProtoBufRpcInvoker.call(ProtobufRpcEngine2.java:556) [hadoop-common-3.3.4.jar:?]
	at org.apache.hadoop.ipc.RPC$Server.call(RPC.java:1093) [hadoop-common-3.3.4.jar:?]
	at org.apache.hadoop.ipc.Server$RpcCall.run(Server.java:1043) [hadoop-common-3.3.4.jar:?]
	at org.apache.hadoop.ipc.Server$RpcCall.run(Server.java:971) [hadoop-common-3.3.4.jar:?]
	at java.security.AccessController.doPrivileged(Native Method) ~[?:1.8.0_352]
	at javax.security.auth.Subject.doAs(Subject.java:422) [?:1.8.0_352]
	at org.apache.hadoop.security.UserGroupInformation.doAs(UserGroupInformation.java:1878) [hadoop-common-3.3.4.jar:?]
	at org.apache.hadoop.ipc.Server$Handler.run(Server.java:2976) [hadoop-common-3.3.4.jar:?]
20:32:19.144 [IPC Server handler 1 on default port 38041] ERROR OMAudit - user=runner | ip=127.0.0.1 | op=GET_FILE_STATUS {volume=volume53399, bucket=bucket90109, key=testBatchDelete/parent/childFolder/child0, dataSize=0, replicationConfig=null} | ret=FAILURE
org.apache.hadoop.ozone.om.exceptions.OMException: Unable to get file status: volume: volume53399 bucket: bucket90109 key: testBatchDelete/parent/childFolder/child0
	at org.apache.hadoop.ozone.om.KeyManagerImpl.getOzoneFileStatus(KeyManagerImpl.java:1301) ~[ozone-manager-1.4.0-SNAPSHOT.jar:?]
	at org.apache.hadoop.ozone.om.KeyManagerImpl.getFileStatus(KeyManagerImpl.java:1219) ~[ozone-manager-1.4.0-SNAPSHOT.jar:?]
	at org.apache.hadoop.ozone.om.OzoneManager.getFileStatus(OzoneManager.java:3498) ~[ozone-manager-1.4.0-SNAPSHOT.jar:?]
	at org.apache.hadoop.ozone.protocolPB.OzoneManagerRequestHandler.getOzoneFileStatus(OzoneManagerRequestHandler.java:913) ~[ozone-manager-1.4.0-SNAPSHOT.jar:?]
	at org.apache.hadoop.ozone.protocolPB.OzoneManagerRequestHandler.handleReadRequest(OzoneManagerRequestHandler.java:233) ~[ozone-manager-1.4.0-SNAPSHOT.jar:?]
	at org.apache.hadoop.ozone.protocolPB.OzoneManagerProtocolServerSideTranslatorPB.submitReadRequestToOM(OzoneManagerProtocolServerSideTranslatorPB.java:226) ~[ozone-manager-1.4.0-SNAPSHOT.jar:?]
	at org.apache.hadoop.ozone.protocolPB.OzoneManagerProtocolServerSideTranslatorPB.processRequest(OzoneManagerProtocolServerSideTranslatorPB.java:175) ~[ozone-manager-1.4.0-SNAPSHOT.jar:?]
	at org.apache.hadoop.hdds.server.OzoneProtocolMessageDispatcher.processRequest(OzoneProtocolMessageDispatcher.java:87) [hdds-server-framework-1.4.0-SNAPSHOT.jar:?]
	at org.apache.hadoop.ozone.protocolPB.OzoneManagerProtocolServerSideTranslatorPB.submitRequest(OzoneManagerProtocolServerSideTranslatorPB.java:147) [ozone-manager-1.4.0-SNAPSHOT.jar:?]
	at org.apache.hadoop.ozone.protocol.proto.OzoneManagerProtocolProtos$OzoneManagerService$2.callBlockingMethod(OzoneManagerProtocolProtos.java) [ozone-interface-client-1.4.0-SNAPSHOT.jar:?]
	at org.apache.hadoop.ipc.ProtobufRpcEngine$Server.processCall(ProtobufRpcEngine.java:465) [hadoop-common-3.3.4.jar:?]
	at org.apache.hadoop.ipc.ProtobufRpcEngine2$Server$ProtoBufRpcInvoker.call(ProtobufRpcEngine2.java:578) [hadoop-common-3.3.4.jar:?]
	at org.apache.hadoop.ipc.ProtobufRpcEngine2$Server$ProtoBufRpcInvoker.call(ProtobufRpcEngine2.java:556) [hadoop-common-3.3.4.jar:?]
	at org.apache.hadoop.ipc.RPC$Server.call(RPC.java:1093) [hadoop-common-3.3.4.jar:?]
	at org.apache.hadoop.ipc.Server$RpcCall.run(Server.java:1043) [hadoop-common-3.3.4.jar:?]
	at org.apache.hadoop.ipc.Server$RpcCall.run(Server.java:971) [hadoop-common-3.3.4.jar:?]
	at java.security.AccessController.doPrivileged(Native Method) ~[?:1.8.0_352]
	at javax.security.auth.Subject.doAs(Subject.java:422) [?:1.8.0_352]
	at org.apache.hadoop.security.UserGroupInformation.doAs(UserGroupInformation.java:1878) [hadoop-common-3.3.4.jar:?]
	at org.apache.hadoop.ipc.Server$Handler.run(Server.java:2976) [hadoop-common-3.3.4.jar:?]
20:32:19.145 [IPC Server handler 0 on default port 38041] ERROR OMAudit - user=runner | ip=127.0.0.1 | op=GET_FILE_STATUS {volume=volume53399, bucket=bucket90109, key=testBatchDelete/parent/child1, dataSize=0, replicationConfig=null} | ret=FAILURE
org.apache.hadoop.ozone.om.exceptions.OMException: Unable to get file status: volume: volume53399 bucket: bucket90109 key: testBatchDelete/parent/child1
	at org.apache.hadoop.ozone.om.KeyManagerImpl.getOzoneFileStatus(KeyManagerImpl.java:1301) ~[ozone-manager-1.4.0-SNAPSHOT.jar:?]
	at org.apache.hadoop.ozone.om.KeyManagerImpl.getFileStatus(KeyManagerImpl.java:1219) ~[ozone-manager-1.4.0-SNAPSHOT.jar:?]
	at org.apache.hadoop.ozone.om.OzoneManager.getFileStatus(OzoneManager.java:3498) ~[ozone-manager-1.4.0-SNAPSHOT.jar:?]
	at org.apache.hadoop.ozone.protocolPB.OzoneManagerRequestHandler.getOzoneFileStatus(OzoneManagerRequestHandler.java:913) ~[ozone-manager-1.4.0-SNAPSHOT.jar:?]
	at org.apache.hadoop.ozone.protocolPB.OzoneManagerRequestHandler.handleReadRequest(OzoneManagerRequestHandler.java:233) ~[ozone-manager-1.4.0-SNAPSHOT.jar:?]
	at org.apache.hadoop.ozone.protocolPB.OzoneManagerProtocolServerSideTranslatorPB.submitReadRequestToOM(OzoneManagerProtocolServerSideTranslatorPB.java:226) ~[ozone-manager-1.4.0-SNAPSHOT.jar:?]
	at org.apache.hadoop.ozone.protocolPB.OzoneManagerProtocolServerSideTranslatorPB.processRequest(OzoneManagerProtocolServerSideTranslatorPB.java:175) ~[ozone-manager-1.4.0-SNAPSHOT.jar:?]
	at org.apache.hadoop.hdds.server.OzoneProtocolMessageDispatcher.processRequest(OzoneProtocolMessageDispatcher.java:87) [hdds-server-framework-1.4.0-SNAPSHOT.jar:?]
	at org.apache.hadoop.ozone.protocolPB.OzoneManagerProtocolServerSideTranslatorPB.submitRequest(OzoneManagerProtocolServerSideTranslatorPB.java:147) [ozone-manager-1.4.0-SNAPSHOT.jar:?]
	at org.apache.hadoop.ozone.protocol.proto.OzoneManagerProtocolProtos$OzoneManagerService$2.callBlockingMethod(OzoneManagerProtocolProtos.java) [ozone-interface-client-1.4.0-SNAPSHOT.jar:?]
	at org.apache.hadoop.ipc.ProtobufRpcEngine$Server.processCall(ProtobufRpcEngine.java:465) [hadoop-common-3.3.4.jar:?]
	at org.apache.hadoop.ipc.ProtobufRpcEngine2$Server$ProtoBufRpcInvoker.call(ProtobufRpcEngine2.java:578) [hadoop-common-3.3.4.jar:?]
	at org.apache.hadoop.ipc.ProtobufRpcEngine2$Server$ProtoBufRpcInvoker.call(ProtobufRpcEngine2.java:556) [hadoop-common-3.3.4.jar:?]
	at org.apache.hadoop.ipc.RPC$Server.call(RPC.java:1093) [hadoop-common-3.3.4.jar:?]
	at org.apache.hadoop.ipc.Server$RpcCall.run(Server.java:1043) [hadoop-common-3.3.4.jar:?]
	at org.apache.hadoop.ipc.Server$RpcCall.run(Server.java:971) [hadoop-common-3.3.4.jar:?]
	at java.security.AccessController.doPrivileged(Native Method) ~[?:1.8.0_352]
	at javax.security.auth.Subject.doAs(Subject.java:422) [?:1.8.0_352]
	at org.apache.hadoop.security.UserGroupInformation.doAs(UserGroupInformation.java:1878) [hadoop-common-3.3.4.jar:?]
	at org.apache.hadoop.ipc.Server$Handler.run(Server.java:2976) [hadoop-common-3.3.4.jar:?]
20:32:19.145 [IPC Server handler 3 on default port 38041] ERROR OMAudit - user=runner | ip=127.0.0.1 | op=GET_FILE_STATUS {volume=volume53399, bucket=bucket90109, key=testBatchDelete/parent/childFolder/child1, dataSize=0, replicationConfig=null} | ret=FAILURE
org.apache.hadoop.ozone.om.exceptions.OMException: Unable to get file status: volume: volume53399 bucket: bucket90109 key: testBatchDelete/parent/childFolder/child1
	at org.apache.hadoop.ozone.om.KeyManagerImpl.getOzoneFileStatus(KeyManagerImpl.java:1301) ~[ozone-manager-1.4.0-SNAPSHOT.jar:?]
	at org.apache.hadoop.ozone.om.KeyManagerImpl.getFileStatus(KeyManagerImpl.java:1219) ~[ozone-manager-1.4.0-SNAPSHOT.jar:?]
	at org.apache.hadoop.ozone.om.OzoneManager.getFileStatus(OzoneManager.java:3498) ~[ozone-manager-1.4.0-SNAPSHOT.jar:?]
	at org.apache.hadoop.ozone.protocolPB.OzoneManagerRequestHandler.getOzoneFileStatus(OzoneManagerRequestHandler.java:913) ~[ozone-manager-1.4.0-SNAPSHOT.jar:?]
	at org.apache.hadoop.ozone.protocolPB.OzoneManagerRequestHandler.handleReadRequest(OzoneManagerRequestHandler.java:233) ~[ozone-manager-1.4.0-SNAPSHOT.jar:?]
	at org.apache.hadoop.ozone.protocolPB.OzoneManagerProtocolServerSideTranslatorPB.submitReadRequestToOM(OzoneManagerProtocolServerSideTranslatorPB.java:226) ~[ozone-manager-1.4.0-SNAPSHOT.jar:?]
	at org.apache.hadoop.ozone.protocolPB.OzoneManagerProtocolServerSideTranslatorPB.processRequest(OzoneManagerProtocolServerSideTranslatorPB.java:175) ~[ozone-manager-1.4.0-SNAPSHOT.jar:?]
	at org.apache.hadoop.hdds.server.OzoneProtocolMessageDispatcher.processRequest(OzoneProtocolMessageDispatcher.java:87) [hdds-server-framework-1.4.0-SNAPSHOT.jar:?]
	at org.apache.hadoop.ozone.protocolPB.OzoneManagerProtocolServerSideTranslatorPB.submitRequest(OzoneManagerProtocolServerSideTranslatorPB.java:147) [ozone-manager-1.4.0-SNAPSHOT.jar:?]
	at org.apache.hadoop.ozone.protocol.proto.OzoneManagerProtocolProtos$OzoneManagerService$2.callBlockingMethod(OzoneManagerProtocolProtos.java) [ozone-interface-client-1.4.0-SNAPSHOT.jar:?]
	at org.apache.hadoop.ipc.ProtobufRpcEngine$Server.processCall(ProtobufRpcEngine.java:465) [hadoop-common-3.3.4.jar:?]
	at org.apache.hadoop.ipc.ProtobufRpcEngine2$Server$ProtoBufRpcInvoker.call(ProtobufRpcEngine2.java:578) [hadoop-common-3.3.4.jar:?]
	at org.apache.hadoop.ipc.ProtobufRpcEngine2$Server$ProtoBufRpcInvoker.call(ProtobufRpcEngine2.java:556) [hadoop-common-3.3.4.jar:?]
	at org.apache.hadoop.ipc.RPC$Server.call(RPC.java:1093) [hadoop-common-3.3.4.jar:?]
	at org.apache.hadoop.ipc.Server$RpcCall.run(Server.java:1043) [hadoop-common-3.3.4.jar:?]
	at org.apache.hadoop.ipc.Server$RpcCall.run(Server.java:971) [hadoop-common-3.3.4.jar:?]
	at java.security.AccessController.doPrivileged(Native Method) ~[?:1.8.0_352]
	at javax.security.auth.Subject.doAs(Subject.java:422) [?:1.8.0_352]
	at org.apache.hadoop.security.UserGroupInformation.doAs(UserGroupInformation.java:1878) [hadoop-common-3.3.4.jar:?]
	at org.apache.hadoop.ipc.Server$Handler.run(Server.java:2976) [hadoop-common-3.3.4.jar:?]
20:32:19.146 [IPC Server handler 4 on default port 38041] ERROR OMAudit - user=runner | ip=127.0.0.1 | op=GET_FILE_STATUS {volume=volume53399, bucket=bucket90109, key=testBatchDelete/parent/child2, dataSize=0, replicationConfig=null} | ret=FAILURE
org.apache.hadoop.ozone.om.exceptions.OMException: Unable to get file status: volume: volume53399 bucket: bucket90109 key: testBatchDelete/parent/child2
	at org.apache.hadoop.ozone.om.KeyManagerImpl.getOzoneFileStatus(KeyManagerImpl.java:1301) ~[ozone-manager-1.4.0-SNAPSHOT.jar:?]
	at org.apache.hadoop.ozone.om.KeyManagerImpl.getFileStatus(KeyManagerImpl.java:1219) ~[ozone-manager-1.4.0-SNAPSHOT.jar:?]
	at org.apache.hadoop.ozone.om.OzoneManager.getFileStatus(OzoneManager.java:3498) ~[ozone-manager-1.4.0-SNAPSHOT.jar:?]
	at org.apache.hadoop.ozone.protocolPB.OzoneManagerRequestHandler.getOzoneFileStatus(OzoneManagerRequestHandler.java:913) ~[ozone-manager-1.4.0-SNAPSHOT.jar:?]
	at org.apache.hadoop.ozone.protocolPB.OzoneManagerRequestHandler.handleReadRequest(OzoneManagerRequestHandler.java:233) ~[ozone-manager-1.4.0-SNAPSHOT.jar:?]
	at org.apache.hadoop.ozone.protocolPB.OzoneManagerProtocolServerSideTranslatorPB.submitReadRequestToOM(OzoneManagerProtocolServerSideTranslatorPB.java:226) ~[ozone-manager-1.4.0-SNAPSHOT.jar:?]
	at org.apache.hadoop.ozone.protocolPB.OzoneManagerProtocolServerSideTranslatorPB.processRequest(OzoneManagerProtocolServerSideTranslatorPB.java:175) ~[ozone-manager-1.4.0-SNAPSHOT.jar:?]
	at org.apache.hadoop.hdds.server.OzoneProtocolMessageDispatcher.processRequest(OzoneProtocolMessageDispatcher.java:87) [hdds-server-framework-1.4.0-SNAPSHOT.jar:?]
	at org.apache.hadoop.ozone.protocolPB.OzoneManagerProtocolServerSideTranslatorPB.submitRequest(OzoneManagerProtocolServerSideTranslatorPB.java:147) [ozone-manager-1.4.0-SNAPSHOT.jar:?]
	at org.apache.hadoop.ozone.protocol.proto.OzoneManagerProtocolProtos$OzoneManagerService$2.callBlockingMethod(OzoneManagerProtocolProtos.java) [ozone-interface-client-1.4.0-SNAPSHOT.jar:?]
	at org.apache.hadoop.ipc.ProtobufRpcEngine$Server.processCall(ProtobufRpcEngine.java:465) [hadoop-common-3.3.4.jar:?]
	at org.apache.hadoop.ipc.ProtobufRpcEngine2$Server$ProtoBufRpcInvoker.call(ProtobufRpcEngine2.java:578) [hadoop-common-3.3.4.jar:?]
	at org.apache.hadoop.ipc.ProtobufRpcEngine2$Server$ProtoBufRpcInvoker.call(ProtobufRpcEngine2.java:556) [hadoop-common-3.3.4.jar:?]
	at org.apache.hadoop.ipc.RPC$Server.call(RPC.java:1093) [hadoop-common-3.3.4.jar:?]
	at org.apache.hadoop.ipc.Server$RpcCall.run(Server.java:1043) [hadoop-common-3.3.4.jar:?]
	at org.apache.hadoop.ipc.Server$RpcCall.run(Server.java:971) [hadoop-common-3.3.4.jar:?]
	at java.security.AccessController.doPrivileged(Native Method) ~[?:1.8.0_352]
	at javax.security.auth.Subject.doAs(Subject.java:422) [?:1.8.0_352]
	at org.apache.hadoop.security.UserGroupInformation.doAs(UserGroupInformation.java:1878) [hadoop-common-3.3.4.jar:?]
	at org.apache.hadoop.ipc.Server$Handler.run(Server.java:2976) [hadoop-common-3.3.4.jar:?]
20:32:19.146 [IPC Server handler 6 on default port 38041] ERROR OMAudit - user=runner | ip=127.0.0.1 | op=GET_FILE_STATUS {volume=volume53399, bucket=bucket90109, key=testBatchDelete/parent/childFolder/child2, dataSize=0, replicationConfig=null} | ret=FAILURE
org.apache.hadoop.ozone.om.exceptions.OMException: Unable to get file status: volume: volume53399 bucket: bucket90109 key: testBatchDelete/parent/childFolder/child2
	at org.apache.hadoop.ozone.om.KeyManagerImpl.getOzoneFileStatus(KeyManagerImpl.java:1301) ~[ozone-manager-1.4.0-SNAPSHOT.jar:?]
	at org.apache.hadoop.ozone.om.KeyManagerImpl.getFileStatus(KeyManagerImpl.java:1219) ~[ozone-manager-1.4.0-SNAPSHOT.jar:?]
	at org.apache.hadoop.ozone.om.OzoneManager.getFileStatus(OzoneManager.java:3498) ~[ozone-manager-1.4.0-SNAPSHOT.jar:?]
	at org.apache.hadoop.ozone.protocolPB.OzoneManagerRequestHandler.getOzoneFileStatus(OzoneManagerRequestHandler.java:913) ~[ozone-manager-1.4.0-SNAPSHOT.jar:?]
	at org.apache.hadoop.ozone.protocolPB.OzoneManagerRequestHandler.handleReadRequest(OzoneManagerRequestHandler.java:233) ~[ozone-manager-1.4.0-SNAPSHOT.jar:?]
	at org.apache.hadoop.ozone.protocolPB.OzoneManagerProtocolServerSideTranslatorPB.submitReadRequestToOM(OzoneManagerProtocolServerSideTranslatorPB.java:226) ~[ozone-manager-1.4.0-SNAPSHOT.jar:?]
	at org.apache.hadoop.ozone.protocolPB.OzoneManagerProtocolServerSideTranslatorPB.processRequest(OzoneManagerProtocolServerSideTranslatorPB.java:175) ~[ozone-manager-1.4.0-SNAPSHOT.jar:?]
	at org.apache.hadoop.hdds.server.OzoneProtocolMessageDispatcher.processRequest(OzoneProtocolMessageDispatcher.java:87) [hdds-server-framework-1.4.0-SNAPSHOT.jar:?]
	at org.apache.hadoop.ozone.protocolPB.OzoneManagerProtocolServerSideTranslatorPB.submitRequest(OzoneManagerProtocolServerSideTranslatorPB.java:147) [ozone-manager-1.4.0-SNAPSHOT.jar:?]
	at org.apache.hadoop.ozone.protocol.proto.OzoneManagerProtocolProtos$OzoneManagerService$2.callBlockingMethod(OzoneManagerProtocolProtos.java) [ozone-interface-client-1.4.0-SNAPSHOT.jar:?]
	at org.apache.hadoop.ipc.ProtobufRpcEngine$Server.processCall(ProtobufRpcEngine.java:465) [hadoop-common-3.3.4.jar:?]
	at org.apache.hadoop.ipc.ProtobufRpcEngine2$Server$ProtoBufRpcInvoker.call(ProtobufRpcEngine2.java:578) [hadoop-common-3.3.4.jar:?]
	at org.apache.hadoop.ipc.ProtobufRpcEngine2$Server$ProtoBufRpcInvoker.call(ProtobufRpcEngine2.java:556) [hadoop-common-3.3.4.jar:?]
	at org.apache.hadoop.ipc.RPC$Server.call(RPC.java:1093) [hadoop-common-3.3.4.jar:?]
	at org.apache.hadoop.ipc.Server$RpcCall.run(Server.java:1043) [hadoop-common-3.3.4.jar:?]
	at org.apache.hadoop.ipc.Server$RpcCall.run(Server.java:971) [hadoop-common-3.3.4.jar:?]
	at java.security.AccessController.doPrivileged(Native Method) ~[?:1.8.0_352]
	at javax.security.auth.Subject.doAs(Subject.java:422) [?:1.8.0_352]
	at org.apache.hadoop.security.UserGroupInformation.doAs(UserGroupInformation.java:1878) [hadoop-common-3.3.4.jar:?]
	at org.apache.hadoop.ipc.Server$Handler.run(Server.java:2976) [hadoop-common-3.3.4.jar:?]
20:32:19.147 [IPC Server handler 7 on default port 38041] ERROR OMAudit - user=runner | ip=127.0.0.1 | op=GET_FILE_STATUS {volume=volume53399, bucket=bucket90109, key=testBatchDelete/parent/child3, dataSize=0, replicationConfig=null} | ret=FAILURE
org.apache.hadoop.ozone.om.exceptions.OMException: Unable to get file status: volume: volume53399 bucket: bucket90109 key: testBatchDelete/parent/child3
	at org.apache.hadoop.ozone.om.KeyManagerImpl.getOzoneFileStatus(KeyManagerImpl.java:1301) ~[ozone-manager-1.4.0-SNAPSHOT.jar:?]
	at org.apache.hadoop.ozone.om.KeyManagerImpl.getFileStatus(KeyManagerImpl.java:1219) ~[ozone-manager-1.4.0-SNAPSHOT.jar:?]
	at org.apache.hadoop.ozone.om.OzoneManager.getFileStatus(OzoneManager.java:3498) ~[ozone-manager-1.4.0-SNAPSHOT.jar:?]
	at org.apache.hadoop.ozone.protocolPB.OzoneManagerRequestHandler.getOzoneFileStatus(OzoneManagerRequestHandler.java:913) ~[ozone-manager-1.4.0-SNAPSHOT.jar:?]
	at org.apache.hadoop.ozone.protocolPB.OzoneManagerRequestHandler.handleReadRequest(OzoneManagerRequestHandler.java:233) ~[ozone-manager-1.4.0-SNAPSHOT.jar:?]
	at org.apache.hadoop.ozone.protocolPB.OzoneManagerProtocolServerSideTranslatorPB.submitReadRequestToOM(OzoneManagerProtocolServerSideTranslatorPB.java:226) ~[ozone-manager-1.4.0-SNAPSHOT.jar:?]
	at org.apache.hadoop.ozone.protocolPB.OzoneManagerProtocolServerSideTranslatorPB.processRequest(OzoneManagerProtocolServerSideTranslatorPB.java:175) ~[ozone-manager-1.4.0-SNAPSHOT.jar:?]
	at org.apache.hadoop.hdds.server.OzoneProtocolMessageDispatcher.processRequest(OzoneProtocolMessageDispatcher.java:87) [hdds-server-framework-1.4.0-SNAPSHOT.jar:?]
	at org.apache.hadoop.ozone.protocolPB.OzoneManagerProtocolServerSideTranslatorPB.submitRequest(OzoneManagerProtocolServerSideTranslatorPB.java:147) [ozone-manager-1.4.0-SNAPSHOT.jar:?]
	at org.apache.hadoop.ozone.protocol.proto.OzoneManagerProtocolProtos$OzoneManagerService$2.callBlockingMethod(OzoneManagerProtocolProtos.java) [ozone-interface-client-1.4.0-SNAPSHOT.jar:?]
	at org.apache.hadoop.ipc.ProtobufRpcEngine$Server.processCall(ProtobufRpcEngine.java:465) [hadoop-common-3.3.4.jar:?]
	at org.apache.hadoop.ipc.ProtobufRpcEngine2$Server$ProtoBufRpcInvoker.call(ProtobufRpcEngine2.java:578) [hadoop-common-3.3.4.jar:?]
	at org.apache.hadoop.ipc.ProtobufRpcEngine2$Server$ProtoBufRpcInvoker.call(ProtobufRpcEngine2.java:556) [hadoop-common-3.3.4.jar:?]
	at org.apache.hadoop.ipc.RPC$Server.call(RPC.java:1093) [hadoop-common-3.3.4.jar:?]
	at org.apache.hadoop.ipc.Server$RpcCall.run(Server.java:1043) [hadoop-common-3.3.4.jar:?]
	at org.apache.hadoop.ipc.Server$RpcCall.run(Server.java:971) [hadoop-common-3.3.4.jar:?]
	at java.security.AccessController.doPrivileged(Native Method) ~[?:1.8.0_352]
	at javax.security.auth.Subject.doAs(Subject.java:422) [?:1.8.0_352]
	at org.apache.hadoop.security.UserGroupInformation.doAs(UserGroupInformation.java:1878) [hadoop-common-3.3.4.jar:?]
	at org.apache.hadoop.ipc.Server$Handler.run(Server.java:2976) [hadoop-common-3.3.4.jar:?]
20:32:19.148 [IPC Server handler 2 on default port 38041] ERROR OMAudit - user=runner | ip=127.0.0.1 | op=GET_FILE_STATUS {volume=volume53399, bucket=bucket90109, key=testBatchDelete/parent/childFolder/child3, dataSize=0, replicationConfig=null} | ret=FAILURE
org.apache.hadoop.ozone.om.exceptions.OMException: Unable to get file status: volume: volume53399 bucket: bucket90109 key: testBatchDelete/parent/childFolder/child3
	at org.apache.hadoop.ozone.om.KeyManagerImpl.getOzoneFileStatus(KeyManagerImpl.java:1301) ~[ozone-manager-1.4.0-SNAPSHOT.jar:?]
	at org.apache.hadoop.ozone.om.KeyManagerImpl.getFileStatus(KeyManagerImpl.java:1219) ~[ozone-manager-1.4.0-SNAPSHOT.jar:?]
	at org.apache.hadoop.ozone.om.OzoneManager.getFileStatus(OzoneManager.java:3498) ~[ozone-manager-1.4.0-SNAPSHOT.jar:?]
	at org.apache.hadoop.ozone.protocolPB.OzoneManagerRequestHandler.getOzoneFileStatus(OzoneManagerRequestHandler.java:913) ~[ozone-manager-1.4.0-SNAPSHOT.jar:?]
	at org.apache.hadoop.ozone.protocolPB.OzoneManagerRequestHandler.handleReadRequest(OzoneManagerRequestHandler.java:233) ~[ozone-manager-1.4.0-SNAPSHOT.jar:?]
	at org.apache.hadoop.ozone.protocolPB.OzoneManagerProtocolServerSideTranslatorPB.submitReadRequestToOM(OzoneManagerProtocolServerSideTranslatorPB.java:226) ~[ozone-manager-1.4.0-SNAPSHOT.jar:?]
	at org.apache.hadoop.ozone.protocolPB.OzoneManagerProtocolServerSideTranslatorPB.processRequest(OzoneManagerProtocolServerSideTranslatorPB.java:175) ~[ozone-manager-1.4.0-SNAPSHOT.jar:?]
	at org.apache.hadoop.hdds.server.OzoneProtocolMessageDispatcher.processRequest(OzoneProtocolMessageDispatcher.java:87) [hdds-server-framework-1.4.0-SNAPSHOT.jar:?]
	at org.apache.hadoop.ozone.protocolPB.OzoneManagerProtocolServerSideTranslatorPB.submitRequest(OzoneManagerProtocolServerSideTranslatorPB.java:147) [ozone-manager-1.4.0-SNAPSHOT.jar:?]
	at org.apache.hadoop.ozone.protocol.proto.OzoneManagerProtocolProtos$OzoneManagerService$2.callBlockingMethod(OzoneManagerProtocolProtos.java) [ozone-interface-client-1.4.0-SNAPSHOT.jar:?]
	at org.apache.hadoop.ipc.ProtobufRpcEngine$Server.processCall(ProtobufRpcEngine.java:465) [hadoop-common-3.3.4.jar:?]
	at org.apache.hadoop.ipc.ProtobufRpcEngine2$Server$ProtoBufRpcInvoker.call(ProtobufRpcEngine2.java:578) [hadoop-common-3.3.4.jar:?]
	at org.apache.hadoop.ipc.ProtobufRpcEngine2$Server$ProtoBufRpcInvoker.call(ProtobufRpcEngine2.java:556) [hadoop-common-3.3.4.jar:?]
	at org.apache.hadoop.ipc.RPC$Server.call(RPC.java:1093) [hadoop-common-3.3.4.jar:?]
	at org.apache.hadoop.ipc.Server$RpcCall.run(Server.java:1043) [hadoop-common-3.3.4.jar:?]
	at org.apache.hadoop.ipc.Server$RpcCall.run(Server.java:971) [hadoop-common-3.3.4.jar:?]
	at java.security.AccessController.doPrivileged(Native Method) ~[?:1.8.0_352]
	at javax.security.auth.Subject.doAs(Subject.java:422) [?:1.8.0_352]
	at org.apache.hadoop.security.UserGroupInformation.doAs(UserGroupInformation.java:1878) [hadoop-common-3.3.4.jar:?]
	at org.apache.hadoop.ipc.Server$Handler.run(Server.java:2976) [hadoop-common-3.3.4.jar:?]
20:32:19.148 [IPC Server handler 5 on default port 38041] ERROR OMAudit - user=runner | ip=127.0.0.1 | op=GET_FILE_STATUS {volume=volume53399, bucket=bucket90109, key=testBatchDelete/parent/child4, dataSize=0, replicationConfig=null} | ret=FAILURE
org.apache.hadoop.ozone.om.exceptions.OMException: Unable to get file status: volume: volume53399 bucket: bucket90109 key: testBatchDelete/parent/child4
	at org.apache.hadoop.ozone.om.KeyManagerImpl.getOzoneFileStatus(KeyManagerImpl.java:1301) ~[ozone-manager-1.4.0-SNAPSHOT.jar:?]
	at org.apache.hadoop.ozone.om.KeyManagerImpl.getFileStatus(KeyManagerImpl.java:1219) ~[ozone-manager-1.4.0-SNAPSHOT.jar:?]
	at org.apache.hadoop.ozone.om.OzoneManager.getFileStatus(OzoneManager.java:3498) ~[ozone-manager-1.4.0-SNAPSHOT.jar:?]
	at org.apache.hadoop.ozone.protocolPB.OzoneManagerRequestHandler.getOzoneFileStatus(OzoneManagerRequestHandler.java:913) ~[ozone-manager-1.4.0-SNAPSHOT.jar:?]
	at org.apache.hadoop.ozone.protocolPB.OzoneManagerRequestHandler.handleReadRequest(OzoneManagerRequestHandler.java:233) ~[ozone-manager-1.4.0-SNAPSHOT.jar:?]
	at org.apache.hadoop.ozone.protocolPB.OzoneManagerProtocolServerSideTranslatorPB.submitReadRequestToOM(OzoneManagerProtocolServerSideTranslatorPB.java:226) ~[ozone-manager-1.4.0-SNAPSHOT.jar:?]
	at org.apache.hadoop.ozone.protocolPB.OzoneManagerProtocolServerSideTranslatorPB.processRequest(OzoneManagerProtocolServerSideTranslatorPB.java:175) ~[ozone-manager-1.4.0-SNAPSHOT.jar:?]
	at org.apache.hadoop.hdds.server.OzoneProtocolMessageDispatcher.processRequest(OzoneProtocolMessageDispatcher.java:87) [hdds-server-framework-1.4.0-SNAPSHOT.jar:?]
	at org.apache.hadoop.ozone.protocolPB.OzoneManagerProtocolServerSideTranslatorPB.submitRequest(OzoneManagerProtocolServerSideTranslatorPB.java:147) [ozone-manager-1.4.0-SNAPSHOT.jar:?]
	at org.apache.hadoop.ozone.protocol.proto.OzoneManagerProtocolProtos$OzoneManagerService$2.callBlockingMethod(OzoneManagerProtocolProtos.java) [ozone-interface-client-1.4.0-SNAPSHOT.jar:?]
	at org.apache.hadoop.ipc.ProtobufRpcEngine$Server.processCall(ProtobufRpcEngine.java:465) [hadoop-common-3.3.4.jar:?]
	at org.apache.hadoop.ipc.ProtobufRpcEngine2$Server$ProtoBufRpcInvoker.call(ProtobufRpcEngine2.java:578) [hadoop-common-3.3.4.jar:?]
	at org.apache.hadoop.ipc.ProtobufRpcEngine2$Server$ProtoBufRpcInvoker.call(ProtobufRpcEngine2.java:556) [hadoop-common-3.3.4.jar:?]
	at org.apache.hadoop.ipc.RPC$Server.call(RPC.java:1093) [hadoop-common-3.3.4.jar:?]
	at org.apache.hadoop.ipc.Server$RpcCall.run(Server.java:1043) [hadoop-common-3.3.4.jar:?]
	at org.apache.hadoop.ipc.Server$RpcCall.run(Server.java:971) [hadoop-common-3.3.4.jar:?]
	at java.security.AccessController.doPrivileged(Native Method) ~[?:1.8.0_352]
	at javax.security.auth.Subject.doAs(Subject.java:422) [?:1.8.0_352]
	at org.apache.hadoop.security.UserGroupInformation.doAs(UserGroupInformation.java:1878) [hadoop-common-3.3.4.jar:?]
	at org.apache.hadoop.ipc.Server$Handler.run(Server.java:2976) [hadoop-common-3.3.4.jar:?]
20:32:19.149 [IPC Server handler 8 on default port 38041] ERROR OMAudit - user=runner | ip=127.0.0.1 | op=GET_FILE_STATUS {volume=volume53399, bucket=bucket90109, key=testBatchDelete/parent/childFolder/child4, dataSize=0, replicationConfig=null} | ret=FAILURE
org.apache.hadoop.ozone.om.exceptions.OMException: Unable to get file status: volume: volume53399 bucket: bucket90109 key: testBatchDelete/parent/childFolder/child4
	at org.apache.hadoop.ozone.om.KeyManagerImpl.getOzoneFileStatus(KeyManagerImpl.java:1301) ~[ozone-manager-1.4.0-SNAPSHOT.jar:?]
	at org.apache.hadoop.ozone.om.KeyManagerImpl.getFileStatus(KeyManagerImpl.java:1219) ~[ozone-manager-1.4.0-SNAPSHOT.jar:?]
	at org.apache.hadoop.ozone.om.OzoneManager.getFileStatus(OzoneManager.java:3498) ~[ozone-manager-1.4.0-SNAPSHOT.jar:?]
	at org.apache.hadoop.ozone.protocolPB.OzoneManagerRequestHandler.getOzoneFileStatus(OzoneManagerRequestHandler.java:913) ~[ozone-manager-1.4.0-SNAPSHOT.jar:?]
	at org.apache.hadoop.ozone.protocolPB.OzoneManagerRequestHandler.handleReadRequest(OzoneManagerRequestHandler.java:233) ~[ozone-manager-1.4.0-SNAPSHOT.jar:?]
	at org.apache.hadoop.ozone.protocolPB.OzoneManagerProtocolServerSideTranslatorPB.submitReadRequestToOM(OzoneManagerProtocolServerSideTranslatorPB.java:226) ~[ozone-manager-1.4.0-SNAPSHOT.jar:?]
	at org.apache.hadoop.ozone.protocolPB.OzoneManagerProtocolServerSideTranslatorPB.processRequest(OzoneManagerProtocolServerSideTranslatorPB.java:175) ~[ozone-manager-1.4.0-SNAPSHOT.jar:?]
	at org.apache.hadoop.hdds.server.OzoneProtocolMessageDispatcher.processRequest(OzoneProtocolMessageDispatcher.java:87) [hdds-server-framework-1.4.0-SNAPSHOT.jar:?]
	at org.apache.hadoop.ozone.protocolPB.OzoneManagerProtocolServerSideTranslatorPB.submitRequest(OzoneManagerProtocolServerSideTranslatorPB.java:147) [ozone-manager-1.4.0-SNAPSHOT.jar:?]
	at org.apache.hadoop.ozone.protocol.proto.OzoneManagerProtocolProtos$OzoneManagerService$2.callBlockingMethod(OzoneManagerProtocolProtos.java) [ozone-interface-client-1.4.0-SNAPSHOT.jar:?]
	at org.apache.hadoop.ipc.ProtobufRpcEngine$Server.processCall(ProtobufRpcEngine.java:465) [hadoop-common-3.3.4.jar:?]
	at org.apache.hadoop.ipc.ProtobufRpcEngine2$Server$ProtoBufRpcInvoker.call(ProtobufRpcEngine2.java:578) [hadoop-common-3.3.4.jar:?]
	at org.apache.hadoop.ipc.ProtobufRpcEngine2$Server$ProtoBufRpcInvoker.call(ProtobufRpcEngine2.java:556) [hadoop-common-3.3.4.jar:?]
	at org.apache.hadoop.ipc.RPC$Server.call(RPC.java:1093) [hadoop-common-3.3.4.jar:?]
	at org.apache.hadoop.ipc.Server$RpcCall.run(Server.java:1043) [hadoop-common-3.3.4.jar:?]
	at org.apache.hadoop.ipc.Server$RpcCall.run(Server.java:971) [hadoop-common-3.3.4.jar:?]
	at java.security.AccessController.doPrivileged(Native Method) ~[?:1.8.0_352]
	at javax.security.auth.Subject.doAs(Subject.java:422) [?:1.8.0_352]
	at org.apache.hadoop.security.UserGroupInformation.doAs(UserGroupInformation.java:1878) [hadoop-common-3.3.4.jar:?]
	at org.apache.hadoop.ipc.Server$Handler.run(Server.java:2976) [hadoop-common-3.3.4.jar:?]
20:32:19.149 [IPC Server handler 9 on default port 38041] ERROR OMAudit - user=runner | ip=127.0.0.1 | op=GET_FILE_STATUS {volume=volume53399, bucket=bucket90109, key=testBatchDelete/parent/child5, dataSize=0, replicationConfig=null} | ret=FAILURE
org.apache.hadoop.ozone.om.exceptions.OMException: Unable to get file status: volume: volume53399 bucket: bucket90109 key: testBatchDelete/parent/child5
	at org.apache.hadoop.ozone.om.KeyManagerImpl.getOzoneFileStatus(KeyManagerImpl.java:1301) ~[ozone-manager-1.4.0-SNAPSHOT.jar:?]
	at org.apache.hadoop.ozone.om.KeyManagerImpl.getFileStatus(KeyManagerImpl.java:1219) ~[ozone-manager-1.4.0-SNAPSHOT.jar:?]
	at org.apache.hadoop.ozone.om.OzoneManager.getFileStatus(OzoneManager.java:3498) ~[ozone-manager-1.4.0-SNAPSHOT.jar:?]
	at org.apache.hadoop.ozone.protocolPB.OzoneManagerRequestHandler.getOzoneFileStatus(OzoneManagerRequestHandler.java:913) ~[ozone-manager-1.4.0-SNAPSHOT.jar:?]
	at org.apache.hadoop.ozone.protocolPB.OzoneManagerRequestHandler.handleReadRequest(OzoneManagerRequestHandler.java:233) ~[ozone-manager-1.4.0-SNAPSHOT.jar:?]
	at org.apache.hadoop.ozone.protocolPB.OzoneManagerProtocolServerSideTranslatorPB.submitReadRequestToOM(OzoneManagerProtocolServerSideTranslatorPB.java:226) ~[ozone-manager-1.4.0-SNAPSHOT.jar:?]
	at org.apache.hadoop.ozone.protocolPB.OzoneManagerProtocolServerSideTranslatorPB.processRequest(OzoneManagerProtocolServerSideTranslatorPB.java:175) ~[ozone-manager-1.4.0-SNAPSHOT.jar:?]
	at org.apache.hadoop.hdds.server.OzoneProtocolMessageDispatcher.processRequest(OzoneProtocolMessageDispatcher.java:87) [hdds-server-framework-1.4.0-SNAPSHOT.jar:?]
	at org.apache.hadoop.ozone.protocolPB.OzoneManagerProtocolServerSideTranslatorPB.submitRequest(OzoneManagerProtocolServerSideTranslatorPB.java:147) [ozone-manager-1.4.0-SNAPSHOT.jar:?]
	at org.apache.hadoop.ozone.protocol.proto.OzoneManagerProtocolProtos$OzoneManagerService$2.callBlockingMethod(OzoneManagerProtocolProtos.java) [ozone-interface-client-1.4.0-SNAPSHOT.jar:?]
	at org.apache.hadoop.ipc.ProtobufRpcEngine$Server.processCall(ProtobufRpcEngine.java:465) [hadoop-common-3.3.4.jar:?]
	at org.apache.hadoop.ipc.ProtobufRpcEngine2$Server$ProtoBufRpcInvoker.call(ProtobufRpcEngine2.java:578) [hadoop-common-3.3.4.jar:?]
	at org.apache.hadoop.ipc.ProtobufRpcEngine2$Server$ProtoBufRpcInvoker.call(ProtobufRpcEngine2.java:556) [hadoop-common-3.3.4.jar:?]
	at org.apache.hadoop.ipc.RPC$Server.call(RPC.java:1093) [hadoop-common-3.3.4.jar:?]
	at org.apache.hadoop.ipc.Server$RpcCall.run(Server.java:1043) [hadoop-common-3.3.4.jar:?]
	at org.apache.hadoop.ipc.Server$RpcCall.run(Server.java:971) [hadoop-common-3.3.4.jar:?]
	at java.security.AccessController.doPrivileged(Native Method) ~[?:1.8.0_352]
	at javax.security.auth.Subject.doAs(Subject.java:422) [?:1.8.0_352]
	at org.apache.hadoop.security.UserGroupInformation.doAs(UserGroupInformation.java:1878) [hadoop-common-3.3.4.jar:?]
	at org.apache.hadoop.ipc.Server$Handler.run(Server.java:2976) [hadoop-common-3.3.4.jar:?]
20:32:19.150 [IPC Server handler 10 on default port 38041] ERROR OMAudit - user=runner | ip=127.0.0.1 | op=GET_FILE_STATUS {volume=volume53399, bucket=bucket90109, key=testBatchDelete/parent/childFolder/child5, dataSize=0, replicationConfig=null} | ret=FAILURE
org.apache.hadoop.ozone.om.exceptions.OMException: Unable to get file status: volume: volume53399 bucket: bucket90109 key: testBatchDelete/parent/childFolder/child5
	at org.apache.hadoop.ozone.om.KeyManagerImpl.getOzoneFileStatus(KeyManagerImpl.java:1301) ~[ozone-manager-1.4.0-SNAPSHOT.jar:?]
	at org.apache.hadoop.ozone.om.KeyManagerImpl.getFileStatus(KeyManagerImpl.java:1219) ~[ozone-manager-1.4.0-SNAPSHOT.jar:?]
	at org.apache.hadoop.ozone.om.OzoneManager.getFileStatus(OzoneManager.java:3498) ~[ozone-manager-1.4.0-SNAPSHOT.jar:?]
	at org.apache.hadoop.ozone.protocolPB.OzoneManagerRequestHandler.getOzoneFileStatus(OzoneManagerRequestHandler.java:913) ~[ozone-manager-1.4.0-SNAPSHOT.jar:?]
	at org.apache.hadoop.ozone.protocolPB.OzoneManagerRequestHandler.handleReadRequest(OzoneManagerRequestHandler.java:233) ~[ozone-manager-1.4.0-SNAPSHOT.jar:?]
	at org.apache.hadoop.ozone.protocolPB.OzoneManagerProtocolServerSideTranslatorPB.submitReadRequestToOM(OzoneManagerProtocolServerSideTranslatorPB.java:226) ~[ozone-manager-1.4.0-SNAPSHOT.jar:?]
	at org.apache.hadoop.ozone.protocolPB.OzoneManagerProtocolServerSideTranslatorPB.processRequest(OzoneManagerProtocolServerSideTranslatorPB.java:175) ~[ozone-manager-1.4.0-SNAPSHOT.jar:?]
	at org.apache.hadoop.hdds.server.OzoneProtocolMessageDispatcher.processRequest(OzoneProtocolMessageDispatcher.java:87) [hdds-server-framework-1.4.0-SNAPSHOT.jar:?]
	at org.apache.hadoop.ozone.protocolPB.OzoneManagerProtocolServerSideTranslatorPB.submitRequest(OzoneManagerProtocolServerSideTranslatorPB.java:147) [ozone-manager-1.4.0-SNAPSHOT.jar:?]
	at org.apache.hadoop.ozone.protocol.proto.OzoneManagerProtocolProtos$OzoneManagerService$2.callBlockingMethod(OzoneManagerProtocolProtos.java) [ozone-interface-client-1.4.0-SNAPSHOT.jar:?]
	at org.apache.hadoop.ipc.ProtobufRpcEngine$Server.processCall(ProtobufRpcEngine.java:465) [hadoop-common-3.3.4.jar:?]
	at org.apache.hadoop.ipc.ProtobufRpcEngine2$Server$ProtoBufRpcInvoker.call(ProtobufRpcEngine2.java:578) [hadoop-common-3.3.4.jar:?]
	at org.apache.hadoop.ipc.ProtobufRpcEngine2$Server$ProtoBufRpcInvoker.call(ProtobufRpcEngine2.java:556) [hadoop-common-3.3.4.jar:?]
	at org.apache.hadoop.ipc.RPC$Server.call(RPC.java:1093) [hadoop-common-3.3.4.jar:?]
	at org.apache.hadoop.ipc.Server$RpcCall.run(Server.java:1043) [hadoop-common-3.3.4.jar:?]
	at org.apache.hadoop.ipc.Server$RpcCall.run(Server.java:971) [hadoop-common-3.3.4.jar:?]
	at java.security.AccessController.doPrivileged(Native Method) ~[?:1.8.0_352]
	at javax.security.auth.Subject.doAs(Subject.java:422) [?:1.8.0_352]
	at org.apache.hadoop.security.UserGroupInformation.doAs(UserGroupInformation.java:1878) [hadoop-common-3.3.4.jar:?]
	at org.apache.hadoop.ipc.Server$Handler.run(Server.java:2976) [hadoop-common-3.3.4.jar:?]
20:32:19.150 [IPC Server handler 11 on default port 38041] ERROR OMAudit - user=runner | ip=127.0.0.1 | op=GET_FILE_STATUS {volume=volume53399, bucket=bucket90109, key=testBatchDelete/parent/child6, dataSize=0, replicationConfig=null} | ret=FAILURE
org.apache.hadoop.ozone.om.exceptions.OMException: Unable to get file status: volume: volume53399 bucket: bucket90109 key: testBatchDelete/parent/child6
	at org.apache.hadoop.ozone.om.KeyManagerImpl.getOzoneFileStatus(KeyManagerImpl.java:1301) ~[ozone-manager-1.4.0-SNAPSHOT.jar:?]
	at org.apache.hadoop.ozone.om.KeyManagerImpl.getFileStatus(KeyManagerImpl.java:1219) ~[ozone-manager-1.4.0-SNAPSHOT.jar:?]
	at org.apache.hadoop.ozone.om.OzoneManager.getFileStatus(OzoneManager.java:3498) ~[ozone-manager-1.4.0-SNAPSHOT.jar:?]
	at org.apache.hadoop.ozone.protocolPB.OzoneManagerRequestHandler.getOzoneFileStatus(OzoneManagerRequestHandler.java:913) ~[ozone-manager-1.4.0-SNAPSHOT.jar:?]
	at org.apache.hadoop.ozone.protocolPB.OzoneManagerRequestHandler.handleReadRequest(OzoneManagerRequestHandler.java:233) ~[ozone-manager-1.4.0-SNAPSHOT.jar:?]
	at org.apache.hadoop.ozone.protocolPB.OzoneManagerProtocolServerSideTranslatorPB.submitReadRequestToOM(OzoneManagerProtocolServerSideTranslatorPB.java:226) ~[ozone-manager-1.4.0-SNAPSHOT.jar:?]
	at org.apache.hadoop.ozone.protocolPB.OzoneManagerProtocolServerSideTranslatorPB.processRequest(OzoneManagerProtocolServerSideTranslatorPB.java:175) ~[ozone-manager-1.4.0-SNAPSHOT.jar:?]
	at org.apache.hadoop.hdds.server.OzoneProtocolMessageDispatcher.processRequest(OzoneProtocolMessageDispatcher.java:87) [hdds-server-framework-1.4.0-SNAPSHOT.jar:?]
	at org.apache.hadoop.ozone.protocolPB.OzoneManagerProtocolServerSideTranslatorPB.submitRequest(OzoneManagerProtocolServerSideTranslatorPB.java:147) [ozone-manager-1.4.0-SNAPSHOT.jar:?]
	at org.apache.hadoop.ozone.protocol.proto.OzoneManagerProtocolProtos$OzoneManagerService$2.callBlockingMethod(OzoneManagerProtocolProtos.java) [ozone-interface-client-1.4.0-SNAPSHOT.jar:?]
	at org.apache.hadoop.ipc.ProtobufRpcEngine$Server.processCall(ProtobufRpcEngine.java:465) [hadoop-common-3.3.4.jar:?]
	at org.apache.hadoop.ipc.ProtobufRpcEngine2$Server$ProtoBufRpcInvoker.call(ProtobufRpcEngine2.java:578) [hadoop-common-3.3.4.jar:?]
	at org.apache.hadoop.ipc.ProtobufRpcEngine2$Server$ProtoBufRpcInvoker.call(ProtobufRpcEngine2.java:556) [hadoop-common-3.3.4.jar:?]
	at org.apache.hadoop.ipc.RPC$Server.call(RPC.java:1093) [hadoop-common-3.3.4.jar:?]
	at org.apache.hadoop.ipc.Server$RpcCall.run(Server.java:1043) [hadoop-common-3.3.4.jar:?]
	at org.apache.hadoop.ipc.Server$RpcCall.run(Server.java:971) [hadoop-common-3.3.4.jar:?]
	at java.security.AccessController.doPrivileged(Native Method) ~[?:1.8.0_352]
	at javax.security.auth.Subject.doAs(Subject.java:422) [?:1.8.0_352]
	at org.apache.hadoop.security.UserGroupInformation.doAs(UserGroupInformation.java:1878) [hadoop-common-3.3.4.jar:?]
	at org.apache.hadoop.ipc.Server$Handler.run(Server.java:2976) [hadoop-common-3.3.4.jar:?]
20:32:19.152 [IPC Server handler 13 on default port 38041] ERROR OMAudit - user=runner | ip=127.0.0.1 | op=GET_FILE_STATUS {volume=volume53399, bucket=bucket90109, key=testBatchDelete/parent/childFolder/child6, dataSize=0, replicationConfig=null} | ret=FAILURE
org.apache.hadoop.ozone.om.exceptions.OMException: Unable to get file status: volume: volume53399 bucket: bucket90109 key: testBatchDelete/parent/childFolder/child6
	at org.apache.hadoop.ozone.om.KeyManagerImpl.getOzoneFileStatus(KeyManagerImpl.java:1301) ~[ozone-manager-1.4.0-SNAPSHOT.jar:?]
	at org.apache.hadoop.ozone.om.KeyManagerImpl.getFileStatus(KeyManagerImpl.java:1219) ~[ozone-manager-1.4.0-SNAPSHOT.jar:?]
	at org.apache.hadoop.ozone.om.OzoneManager.getFileStatus(OzoneManager.java:3498) ~[ozone-manager-1.4.0-SNAPSHOT.jar:?]
	at org.apache.hadoop.ozone.protocolPB.OzoneManagerRequestHandler.getOzoneFileStatus(OzoneManagerRequestHandler.java:913) ~[ozone-manager-1.4.0-SNAPSHOT.jar:?]
	at org.apache.hadoop.ozone.protocolPB.OzoneManagerRequestHandler.handleReadRequest(OzoneManagerRequestHandler.java:233) ~[ozone-manager-1.4.0-SNAPSHOT.jar:?]
	at org.apache.hadoop.ozone.protocolPB.OzoneManagerProtocolServerSideTranslatorPB.submitReadRequestToOM(OzoneManagerProtocolServerSideTranslatorPB.java:226) ~[ozone-manager-1.4.0-SNAPSHOT.jar:?]
	at org.apache.hadoop.ozone.protocolPB.OzoneManagerProtocolServerSideTranslatorPB.processRequest(OzoneManagerProtocolServerSideTranslatorPB.java:175) ~[ozone-manager-1.4.0-SNAPSHOT.jar:?]
	at org.apache.hadoop.hdds.server.OzoneProtocolMessageDispatcher.processRequest(OzoneProtocolMessageDispatcher.java:87) [hdds-server-framework-1.4.0-SNAPSHOT.jar:?]
	at org.apache.hadoop.ozone.protocolPB.OzoneManagerProtocolServerSideTranslatorPB.submitRequest(OzoneManagerProtocolServerSideTranslatorPB.java:147) [ozone-manager-1.4.0-SNAPSHOT.jar:?]
	at org.apache.hadoop.ozone.protocol.proto.OzoneManagerProtocolProtos$OzoneManagerService$2.callBlockingMethod(OzoneManagerProtocolProtos.java) [ozone-interface-client-1.4.0-SNAPSHOT.jar:?]
	at org.apache.hadoop.ipc.ProtobufRpcEngine$Server.processCall(ProtobufRpcEngine.java:465) [hadoop-common-3.3.4.jar:?]
	at org.apache.hadoop.ipc.ProtobufRpcEngine2$Server$ProtoBufRpcInvoker.call(ProtobufRpcEngine2.java:578) [hadoop-common-3.3.4.jar:?]
	at org.apache.hadoop.ipc.ProtobufRpcEngine2$Server$ProtoBufRpcInvoker.call(ProtobufRpcEngine2.java:556) [hadoop-common-3.3.4.jar:?]
	at org.apache.hadoop.ipc.RPC$Server.call(RPC.java:1093) [hadoop-common-3.3.4.jar:?]
	at org.apache.hadoop.ipc.Server$RpcCall.run(Server.java:1043) [hadoop-common-3.3.4.jar:?]
	at org.apache.hadoop.ipc.Server$RpcCall.run(Server.java:971) [hadoop-common-3.3.4.jar:?]
	at java.security.AccessController.doPrivileged(Native Method) ~[?:1.8.0_352]
	at javax.security.auth.Subject.doAs(Subject.java:422) [?:1.8.0_352]
	at org.apache.hadoop.security.UserGroupInformation.doAs(UserGroupInformation.java:1878) [hadoop-common-3.3.4.jar:?]
	at org.apache.hadoop.ipc.Server$Handler.run(Server.java:2976) [hadoop-common-3.3.4.jar:?]
20:32:19.153 [IPC Server handler 12 on default port 38041] ERROR OMAudit - user=runner | ip=127.0.0.1 | op=GET_FILE_STATUS {volume=volume53399, bucket=bucket90109, key=testBatchDelete/parent/child7, dataSize=0, replicationConfig=null} | ret=FAILURE
org.apache.hadoop.ozone.om.exceptions.OMException: Unable to get file status: volume: volume53399 bucket: bucket90109 key: testBatchDelete/parent/child7
	at org.apache.hadoop.ozone.om.KeyManagerImpl.getOzoneFileStatus(KeyManagerImpl.java:1301) ~[ozone-manager-1.4.0-SNAPSHOT.jar:?]
	at org.apache.hadoop.ozone.om.KeyManagerImpl.getFileStatus(KeyManagerImpl.java:1219) ~[ozone-manager-1.4.0-SNAPSHOT.jar:?]
	at org.apache.hadoop.ozone.om.OzoneManager.getFileStatus(OzoneManager.java:3498) ~[ozone-manager-1.4.0-SNAPSHOT.jar:?]
	at org.apache.hadoop.ozone.protocolPB.OzoneManagerRequestHandler.getOzoneFileStatus(OzoneManagerRequestHandler.java:913) ~[ozone-manager-1.4.0-SNAPSHOT.jar:?]
	at org.apache.hadoop.ozone.protocolPB.OzoneManagerRequestHandler.handleReadRequest(OzoneManagerRequestHandler.java:233) ~[ozone-manager-1.4.0-SNAPSHOT.jar:?]
	at org.apache.hadoop.ozone.protocolPB.OzoneManagerProtocolServerSideTranslatorPB.submitReadRequestToOM(OzoneManagerProtocolServerSideTranslatorPB.java:226) ~[ozone-manager-1.4.0-SNAPSHOT.jar:?]
	at org.apache.hadoop.ozone.protocolPB.OzoneManagerProtocolServerSideTranslatorPB.processRequest(OzoneManagerProtocolServerSideTranslatorPB.java:175) ~[ozone-manager-1.4.0-SNAPSHOT.jar:?]
	at org.apache.hadoop.hdds.server.OzoneProtocolMessageDispatcher.processRequest(OzoneProtocolMessageDispatcher.java:87) [hdds-server-framework-1.4.0-SNAPSHOT.jar:?]
	at org.apache.hadoop.ozone.protocolPB.OzoneManagerProtocolServerSideTranslatorPB.submitRequest(OzoneManagerProtocolServerSideTranslatorPB.java:147) [ozone-manager-1.4.0-SNAPSHOT.jar:?]
	at org.apache.hadoop.ozone.protocol.proto.OzoneManagerProtocolProtos$OzoneManagerService$2.callBlockingMethod(OzoneManagerProtocolProtos.java) [ozone-interface-client-1.4.0-SNAPSHOT.jar:?]
	at org.apache.hadoop.ipc.ProtobufRpcEngine$Server.processCall(ProtobufRpcEngine.java:465) [hadoop-common-3.3.4.jar:?]
	at org.apache.hadoop.ipc.ProtobufRpcEngine2$Server$ProtoBufRpcInvoker.call(ProtobufRpcEngine2.java:578) [hadoop-common-3.3.4.jar:?]
	at org.apache.hadoop.ipc.ProtobufRpcEngine2$Server$ProtoBufRpcInvoker.call(ProtobufRpcEngine2.java:556) [hadoop-common-3.3.4.jar:?]
	at org.apache.hadoop.ipc.RPC$Server.call(RPC.java:1093) [hadoop-common-3.3.4.jar:?]
	at org.apache.hadoop.ipc.Server$RpcCall.run(Server.java:1043) [hadoop-common-3.3.4.jar:?]
	at org.apache.hadoop.ipc.Server$RpcCall.run(Server.java:971) [hadoop-common-3.3.4.jar:?]
	at java.security.AccessController.doPrivileged(Native Method) ~[?:1.8.0_352]
	at javax.security.auth.Subject.doAs(Subject.java:422) [?:1.8.0_352]
	at org.apache.hadoop.security.UserGroupInformation.doAs(UserGroupInformation.java:1878) [hadoop-common-3.3.4.jar:?]
	at org.apache.hadoop.ipc.Server$Handler.run(Server.java:2976) [hadoop-common-3.3.4.jar:?]
20:32:19.153 [IPC Server handler 14 on default port 38041] ERROR OMAudit - user=runner | ip=127.0.0.1 | op=GET_FILE_STATUS {volume=volume53399, bucket=bucket90109, key=testBatchDelete/parent/childFolder/child7, dataSize=0, replicationConfig=null} | ret=FAILURE
org.apache.hadoop.ozone.om.exceptions.OMException: Unable to get file status: volume: volume53399 bucket: bucket90109 key: testBatchDelete/parent/childFolder/child7
	at org.apache.hadoop.ozone.om.KeyManagerImpl.getOzoneFileStatus(KeyManagerImpl.java:1301) ~[ozone-manager-1.4.0-SNAPSHOT.jar:?]
	at org.apache.hadoop.ozone.om.KeyManagerImpl.getFileStatus(KeyManagerImpl.java:1219) ~[ozone-manager-1.4.0-SNAPSHOT.jar:?]
	at org.apache.hadoop.ozone.om.OzoneManager.getFileStatus(OzoneManager.java:3498) ~[ozone-manager-1.4.0-SNAPSHOT.jar:?]
	at org.apache.hadoop.ozone.protocolPB.OzoneManagerRequestHandler.getOzoneFileStatus(OzoneManagerRequestHandler.java:913) ~[ozone-manager-1.4.0-SNAPSHOT.jar:?]
	at org.apache.hadoop.ozone.protocolPB.OzoneManagerRequestHandler.handleReadRequest(OzoneManagerRequestHandler.java:233) ~[ozone-manager-1.4.0-SNAPSHOT.jar:?]
	at org.apache.hadoop.ozone.protocolPB.OzoneManagerProtocolServerSideTranslatorPB.submitReadRequestToOM(OzoneManagerProtocolServerSideTranslatorPB.java:226) ~[ozone-manager-1.4.0-SNAPSHOT.jar:?]
	at org.apache.hadoop.ozone.protocolPB.OzoneManagerProtocolServerSideTranslatorPB.processRequest(OzoneManagerProtocolServerSideTranslatorPB.java:175) ~[ozone-manager-1.4.0-SNAPSHOT.jar:?]
	at org.apache.hadoop.hdds.server.OzoneProtocolMessageDispatcher.processRequest(OzoneProtocolMessageDispatcher.java:87) [hdds-server-framework-1.4.0-SNAPSHOT.jar:?]
	at org.apache.hadoop.ozone.protocolPB.OzoneManagerProtocolServerSideTranslatorPB.submitRequest(OzoneManagerProtocolServerSideTranslatorPB.java:147) [ozone-manager-1.4.0-SNAPSHOT.jar:?]
	at org.apache.hadoop.ozone.protocol.proto.OzoneManagerProtocolProtos$OzoneManagerService$2.callBlockingMethod(OzoneManagerProtocolProtos.java) [ozone-interface-client-1.4.0-SNAPSHOT.jar:?]
	at org.apache.hadoop.ipc.ProtobufRpcEngine$Server.processCall(ProtobufRpcEngine.java:465) [hadoop-common-3.3.4.jar:?]
	at org.apache.hadoop.ipc.ProtobufRpcEngine2$Server$ProtoBufRpcInvoker.call(ProtobufRpcEngine2.java:578) [hadoop-common-3.3.4.jar:?]
	at org.apache.hadoop.ipc.ProtobufRpcEngine2$Server$ProtoBufRpcInvoker.call(ProtobufRpcEngine2.java:556) [hadoop-common-3.3.4.jar:?]
	at org.apache.hadoop.ipc.RPC$Server.call(RPC.java:1093) [hadoop-common-3.3.4.jar:?]
	at org.apache.hadoop.ipc.Server$RpcCall.run(Server.java:1043) [hadoop-common-3.3.4.jar:?]
	at org.apache.hadoop.ipc.Server$RpcCall.run(Server.java:971) [hadoop-common-3.3.4.jar:?]
	at java.security.AccessController.doPrivileged(Native Method) ~[?:1.8.0_352]
	at javax.security.auth.Subject.doAs(Subject.java:422) [?:1.8.0_352]
	at org.apache.hadoop.security.UserGroupInformation.doAs(UserGroupInformation.java:1878) [hadoop-common-3.3.4.jar:?]
	at org.apache.hadoop.ipc.Server$Handler.run(Server.java:2976) [hadoop-common-3.3.4.jar:?]
20:32:19.154 [IPC Server handler 15 on default port 38041] ERROR OMAudit - user=runner | ip=127.0.0.1 | op=GET_FILE_STATUS {volume=volume53399, bucket=bucket90109, key=testBatchDelete/parent, dataSize=0, replicationConfig=null} | ret=FAILURE
org.apache.hadoop.ozone.om.exceptions.OMException: Unable to get file status: volume: volume53399 bucket: bucket90109 key: testBatchDelete/parent
	at org.apache.hadoop.ozone.om.KeyManagerImpl.getOzoneFileStatus(KeyManagerImpl.java:1301) ~[ozone-manager-1.4.0-SNAPSHOT.jar:?]
	at org.apache.hadoop.ozone.om.KeyManagerImpl.getFileStatus(KeyManagerImpl.java:1219) ~[ozone-manager-1.4.0-SNAPSHOT.jar:?]
	at org.apache.hadoop.ozone.om.OzoneManager.getFileStatus(OzoneManager.java:3498) ~[ozone-manager-1.4.0-SNAPSHOT.jar:?]
	at org.apache.hadoop.ozone.protocolPB.OzoneManagerRequestHandler.getOzoneFileStatus(OzoneManagerRequestHandler.java:913) ~[ozone-manager-1.4.0-SNAPSHOT.jar:?]
	at org.apache.hadoop.ozone.protocolPB.OzoneManagerRequestHandler.handleReadRequest(OzoneManagerRequestHandler.java:233) ~[ozone-manager-1.4.0-SNAPSHOT.jar:?]
	at org.apache.hadoop.ozone.protocolPB.OzoneManagerProtocolServerSideTranslatorPB.submitReadRequestToOM(OzoneManagerProtocolServerSideTranslatorPB.java:226) ~[ozone-manager-1.4.0-SNAPSHOT.jar:?]
	at org.apache.hadoop.ozone.protocolPB.OzoneManagerProtocolServerSideTranslatorPB.processRequest(OzoneManagerProtocolServerSideTranslatorPB.java:175) ~[ozone-manager-1.4.0-SNAPSHOT.jar:?]
	at org.apache.hadoop.hdds.server.OzoneProtocolMessageDispatcher.processRequest(OzoneProtocolMessageDispatcher.java:87) [hdds-server-framework-1.4.0-SNAPSHOT.jar:?]
	at org.apache.hadoop.ozone.protocolPB.OzoneManagerProtocolServerSideTranslatorPB.submitRequest(OzoneManagerProtocolServerSideTranslatorPB.java:147) [ozone-manager-1.4.0-SNAPSHOT.jar:?]
	at org.apache.hadoop.ozone.protocol.proto.OzoneManagerProtocolProtos$OzoneManagerService$2.callBlockingMethod(OzoneManagerProtocolProtos.java) [ozone-interface-client-1.4.0-SNAPSHOT.jar:?]
	at org.apache.hadoop.ipc.ProtobufRpcEngine$Server.processCall(ProtobufRpcEngine.java:465) [hadoop-common-3.3.4.jar:?]
	at org.apache.hadoop.ipc.ProtobufRpcEngine2$Server$ProtoBufRpcInvoker.call(ProtobufRpcEngine2.java:578) [hadoop-common-3.3.4.jar:?]
	at org.apache.hadoop.ipc.ProtobufRpcEngine2$Server$ProtoBufRpcInvoker.call(ProtobufRpcEngine2.java:556) [hadoop-common-3.3.4.jar:?]
	at org.apache.hadoop.ipc.RPC$Server.call(RPC.java:1093) [hadoop-common-3.3.4.jar:?]
	at org.apache.hadoop.ipc.Server$RpcCall.run(Server.java:1043) [hadoop-common-3.3.4.jar:?]
	at org.apache.hadoop.ipc.Server$RpcCall.run(Server.java:971) [hadoop-common-3.3.4.jar:?]
	at java.security.AccessController.doPrivileged(Native Method) ~[?:1.8.0_352]
	at javax.security.auth.Subject.doAs(Subject.java:422) [?:1.8.0_352]
	at org.apache.hadoop.security.UserGroupInformation.doAs(UserGroupInformation.java:1878) [hadoop-common-3.3.4.jar:?]
	at org.apache.hadoop.ipc.Server$Handler.run(Server.java:2976) [hadoop-common-3.3.4.jar:?]
2023-01-26 20:32:19,154 [Time-limited test] WARN  ozone.BasicOzoneFileSystem (BasicOzoneFileSystem.java:delete(551)) - delete: Path does not exist: /testBatchDelete/parent
]]></system-out>
  </testcase>
  <testcase name="testFileDelete" classname="TestOzoneFileSystem" time="0.07">
    <system-out><![CDATA[2023-01-26 20:33:25,016 [IPC Server handler 16 on default port 35105] INFO  key.OMKeyRequest (OMKeyRequest.java:wrapUncommittedBlocksAsPseudoKey(837)) - Detect allocated but uncommitted blocks [{blockID={containerID=1, localID=111677748019200040}, length=4194304, offset=0, token=null, pipeline=null, createVersion=0, partNumber=0}] in key testBatchDelete/parent/child0.
2023-01-26 20:33:25,018 [IPC Server handler 18 on default port 35105] INFO  key.OMKeyRequest (OMKeyRequest.java:wrapUncommittedBlocksAsPseudoKey(837)) - Detect allocated but uncommitted blocks [{blockID={containerID=2, localID=111677748019200041}, length=4194304, offset=0, token=null, pipeline=null, createVersion=0, partNumber=0}] in key testBatchDelete/parent/childFolder/child0.
2023-01-26 20:33:25,020 [IPC Server handler 12 on default port 35105] INFO  key.OMKeyRequest (OMKeyRequest.java:wrapUncommittedBlocksAsPseudoKey(837)) - Detect allocated but uncommitted blocks [{blockID={containerID=1, localID=111677748019200042}, length=4194304, offset=0, token=null, pipeline=null, createVersion=0, partNumber=0}] in key testBatchDelete/parent/child1.
2023-01-26 20:33:25,022 [IPC Server handler 2 on default port 35105] INFO  key.OMKeyRequest (OMKeyRequest.java:wrapUncommittedBlocksAsPseudoKey(837)) - Detect allocated but uncommitted blocks [{blockID={containerID=2, localID=111677748019200043}, length=4194304, offset=0, token=null, pipeline=null, createVersion=0, partNumber=0}] in key testBatchDelete/parent/childFolder/child1.
2023-01-26 20:33:25,025 [IPC Server handler 3 on default port 35105] INFO  key.OMKeyRequest (OMKeyRequest.java:wrapUncommittedBlocksAsPseudoKey(837)) - Detect allocated but uncommitted blocks [{blockID={containerID=1, localID=111677748019200044}, length=4194304, offset=0, token=null, pipeline=null, createVersion=0, partNumber=0}] in key testBatchDelete/parent/child2.
2023-01-26 20:33:25,027 [IPC Server handler 5 on default port 35105] INFO  key.OMKeyRequest (OMKeyRequest.java:wrapUncommittedBlocksAsPseudoKey(837)) - Detect allocated but uncommitted blocks [{blockID={containerID=2, localID=111677748019200045}, length=4194304, offset=0, token=null, pipeline=null, createVersion=0, partNumber=0}] in key testBatchDelete/parent/childFolder/child2.
2023-01-26 20:33:25,029 [IPC Server handler 8 on default port 35105] INFO  key.OMKeyRequest (OMKeyRequest.java:wrapUncommittedBlocksAsPseudoKey(837)) - Detect allocated but uncommitted blocks [{blockID={containerID=1, localID=111677748019200046}, length=4194304, offset=0, token=null, pipeline=null, createVersion=0, partNumber=0}] in key testBatchDelete/parent/child3.
2023-01-26 20:33:25,031 [IPC Server handler 9 on default port 35105] INFO  key.OMKeyRequest (OMKeyRequest.java:wrapUncommittedBlocksAsPseudoKey(837)) - Detect allocated but uncommitted blocks [{blockID={containerID=2, localID=111677748019200047}, length=4194304, offset=0, token=null, pipeline=null, createVersion=0, partNumber=0}] in key testBatchDelete/parent/childFolder/child3.
2023-01-26 20:33:25,034 [IPC Server handler 11 on default port 35105] INFO  key.OMKeyRequest (OMKeyRequest.java:wrapUncommittedBlocksAsPseudoKey(837)) - Detect allocated but uncommitted blocks [{blockID={containerID=1, localID=111677748019200048}, length=4194304, offset=0, token=null, pipeline=null, createVersion=0, partNumber=0}] in key testBatchDelete/parent/child4.
2023-01-26 20:33:25,037 [IPC Server handler 13 on default port 35105] INFO  key.OMKeyRequest (OMKeyRequest.java:wrapUncommittedBlocksAsPseudoKey(837)) - Detect allocated but uncommitted blocks [{blockID={containerID=2, localID=111677748019200049}, length=4194304, offset=0, token=null, pipeline=null, createVersion=0, partNumber=0}] in key testBatchDelete/parent/childFolder/child4.
2023-01-26 20:33:25,039 [IPC Server handler 16 on default port 35105] INFO  key.OMKeyRequest (OMKeyRequest.java:wrapUncommittedBlocksAsPseudoKey(837)) - Detect allocated but uncommitted blocks [{blockID={containerID=1, localID=111677748019200050}, length=4194304, offset=0, token=null, pipeline=null, createVersion=0, partNumber=0}] in key testBatchDelete/parent/child5.
2023-01-26 20:33:25,041 [Under Replicated Processor] INFO  replication.UnhealthyReplicationProcessor (UnhealthyReplicationProcessor.java:processAll(105)) - Processed 0 containers with health state counts {},failed processing 0
2023-01-26 20:33:25,042 [IPC Server handler 18 on default port 35105] INFO  key.OMKeyRequest (OMKeyRequest.java:wrapUncommittedBlocksAsPseudoKey(837)) - Detect allocated but uncommitted blocks [{blockID={containerID=2, localID=111677748019200051}, length=4194304, offset=0, token=null, pipeline=null, createVersion=0, partNumber=0}] in key testBatchDelete/parent/childFolder/child5.
2023-01-26 20:33:25,043 [Over Replicated Processor] INFO  replication.UnhealthyReplicationProcessor (UnhealthyReplicationProcessor.java:processAll(105)) - Processed 0 containers with health state counts {},failed processing 0
2023-01-26 20:33:25,045 [IPC Server handler 12 on default port 35105] INFO  key.OMKeyRequest (OMKeyRequest.java:wrapUncommittedBlocksAsPseudoKey(837)) - Detect allocated but uncommitted blocks [{blockID={containerID=1, localID=111677748019200052}, length=4194304, offset=0, token=null, pipeline=null, createVersion=0, partNumber=0}] in key testBatchDelete/parent/child6.
2023-01-26 20:33:25,047 [IPC Server handler 2 on default port 35105] INFO  key.OMKeyRequest (OMKeyRequest.java:wrapUncommittedBlocksAsPseudoKey(837)) - Detect allocated but uncommitted blocks [{blockID={containerID=2, localID=111677748019200053}, length=4194304, offset=0, token=null, pipeline=null, createVersion=0, partNumber=0}] in key testBatchDelete/parent/childFolder/child6.
2023-01-26 20:33:25,050 [IPC Server handler 3 on default port 35105] INFO  key.OMKeyRequest (OMKeyRequest.java:wrapUncommittedBlocksAsPseudoKey(837)) - Detect allocated but uncommitted blocks [{blockID={containerID=1, localID=111677748019200054}, length=4194304, offset=0, token=null, pipeline=null, createVersion=0, partNumber=0}] in key testBatchDelete/parent/child7.
2023-01-26 20:33:25,052 [IPC Server handler 5 on default port 35105] INFO  key.OMKeyRequest (OMKeyRequest.java:wrapUncommittedBlocksAsPseudoKey(837)) - Detect allocated but uncommitted blocks [{blockID={containerID=2, localID=111677748019200055}, length=4194304, offset=0, token=null, pipeline=null, createVersion=0, partNumber=0}] in key testBatchDelete/parent/childFolder/child7.
20:33:25.062 [IPC Server handler 18 on default port 35105] ERROR OMAudit - user=runner | ip=127.0.0.1 | op=GET_FILE_STATUS {volume=volume38800, bucket=bucket46934, key=testBatchDelete, dataSize=0, replicationConfig=null} | ret=FAILURE
org.apache.hadoop.ozone.om.exceptions.OMException: Unable to get file status: volume: volume38800 bucket: bucket46934 key: testBatchDelete
	at org.apache.hadoop.ozone.om.KeyManagerImpl.getOzoneFileStatus(KeyManagerImpl.java:1301) ~[ozone-manager-1.4.0-SNAPSHOT.jar:?]
	at org.apache.hadoop.ozone.om.KeyManagerImpl.getFileStatus(KeyManagerImpl.java:1219) ~[ozone-manager-1.4.0-SNAPSHOT.jar:?]
	at org.apache.hadoop.ozone.om.OzoneManager.getFileStatus(OzoneManager.java:3498) ~[ozone-manager-1.4.0-SNAPSHOT.jar:?]
	at org.apache.hadoop.ozone.protocolPB.OzoneManagerRequestHandler.getOzoneFileStatus(OzoneManagerRequestHandler.java:913) ~[ozone-manager-1.4.0-SNAPSHOT.jar:?]
	at org.apache.hadoop.ozone.protocolPB.OzoneManagerRequestHandler.handleReadRequest(OzoneManagerRequestHandler.java:233) ~[ozone-manager-1.4.0-SNAPSHOT.jar:?]
	at org.apache.hadoop.ozone.protocolPB.OzoneManagerProtocolServerSideTranslatorPB.submitRequestDirectlyToOM(OzoneManagerProtocolServerSideTranslatorPB.java:276) ~[ozone-manager-1.4.0-SNAPSHOT.jar:?]
	at org.apache.hadoop.ozone.protocolPB.OzoneManagerProtocolServerSideTranslatorPB.processRequest(OzoneManagerProtocolServerSideTranslatorPB.java:205) ~[ozone-manager-1.4.0-SNAPSHOT.jar:?]
	at org.apache.hadoop.hdds.server.OzoneProtocolMessageDispatcher.processRequest(OzoneProtocolMessageDispatcher.java:87) [hdds-server-framework-1.4.0-SNAPSHOT.jar:?]
	at org.apache.hadoop.ozone.protocolPB.OzoneManagerProtocolServerSideTranslatorPB.submitRequest(OzoneManagerProtocolServerSideTranslatorPB.java:147) [ozone-manager-1.4.0-SNAPSHOT.jar:?]
	at org.apache.hadoop.ozone.protocol.proto.OzoneManagerProtocolProtos$OzoneManagerService$2.callBlockingMethod(OzoneManagerProtocolProtos.java) [ozone-interface-client-1.4.0-SNAPSHOT.jar:?]
	at org.apache.hadoop.ipc.ProtobufRpcEngine$Server.processCall(ProtobufRpcEngine.java:465) [hadoop-common-3.3.4.jar:?]
	at org.apache.hadoop.ipc.ProtobufRpcEngine2$Server$ProtoBufRpcInvoker.call(ProtobufRpcEngine2.java:578) [hadoop-common-3.3.4.jar:?]
	at org.apache.hadoop.ipc.ProtobufRpcEngine2$Server$ProtoBufRpcInvoker.call(ProtobufRpcEngine2.java:556) [hadoop-common-3.3.4.jar:?]
	at org.apache.hadoop.ipc.RPC$Server.call(RPC.java:1093) [hadoop-common-3.3.4.jar:?]
	at org.apache.hadoop.ipc.Server$RpcCall.run(Server.java:1043) [hadoop-common-3.3.4.jar:?]
	at org.apache.hadoop.ipc.Server$RpcCall.run(Server.java:971) [hadoop-common-3.3.4.jar:?]
	at java.security.AccessController.doPrivileged(Native Method) ~[?:1.8.0_352]
	at javax.security.auth.Subject.doAs(Subject.java:422) [?:1.8.0_352]
	at org.apache.hadoop.security.UserGroupInformation.doAs(UserGroupInformation.java:1878) [hadoop-common-3.3.4.jar:?]
	at org.apache.hadoop.ipc.Server$Handler.run(Server.java:2976) [hadoop-common-3.3.4.jar:?]
20:33:25.066 [IPC Server handler 19 on default port 35105] ERROR OMAudit - user=runner | ip=127.0.0.1 | op=GET_FILE_STATUS {volume=volume38800, bucket=bucket46934, key=testBatchDelete/parent/child0, dataSize=0, replicationConfig=null} | ret=FAILURE
org.apache.hadoop.ozone.om.exceptions.OMException: Unable to get file status: volume: volume38800 bucket: bucket46934 key: testBatchDelete/parent/child0
	at org.apache.hadoop.ozone.om.KeyManagerImpl.getOzoneFileStatus(KeyManagerImpl.java:1301) ~[ozone-manager-1.4.0-SNAPSHOT.jar:?]
	at org.apache.hadoop.ozone.om.KeyManagerImpl.getFileStatus(KeyManagerImpl.java:1219) ~[ozone-manager-1.4.0-SNAPSHOT.jar:?]
	at org.apache.hadoop.ozone.om.OzoneManager.getFileStatus(OzoneManager.java:3498) ~[ozone-manager-1.4.0-SNAPSHOT.jar:?]
	at org.apache.hadoop.ozone.protocolPB.OzoneManagerRequestHandler.getOzoneFileStatus(OzoneManagerRequestHandler.java:913) ~[ozone-manager-1.4.0-SNAPSHOT.jar:?]
	at org.apache.hadoop.ozone.protocolPB.OzoneManagerRequestHandler.handleReadRequest(OzoneManagerRequestHandler.java:233) ~[ozone-manager-1.4.0-SNAPSHOT.jar:?]
	at org.apache.hadoop.ozone.protocolPB.OzoneManagerProtocolServerSideTranslatorPB.submitRequestDirectlyToOM(OzoneManagerProtocolServerSideTranslatorPB.java:276) ~[ozone-manager-1.4.0-SNAPSHOT.jar:?]
	at org.apache.hadoop.ozone.protocolPB.OzoneManagerProtocolServerSideTranslatorPB.processRequest(OzoneManagerProtocolServerSideTranslatorPB.java:205) ~[ozone-manager-1.4.0-SNAPSHOT.jar:?]
	at org.apache.hadoop.hdds.server.OzoneProtocolMessageDispatcher.processRequest(OzoneProtocolMessageDispatcher.java:87) [hdds-server-framework-1.4.0-SNAPSHOT.jar:?]
	at org.apache.hadoop.ozone.protocolPB.OzoneManagerProtocolServerSideTranslatorPB.submitRequest(OzoneManagerProtocolServerSideTranslatorPB.java:147) [ozone-manager-1.4.0-SNAPSHOT.jar:?]
	at org.apache.hadoop.ozone.protocol.proto.OzoneManagerProtocolProtos$OzoneManagerService$2.callBlockingMethod(OzoneManagerProtocolProtos.java) [ozone-interface-client-1.4.0-SNAPSHOT.jar:?]
	at org.apache.hadoop.ipc.ProtobufRpcEngine$Server.processCall(ProtobufRpcEngine.java:465) [hadoop-common-3.3.4.jar:?]
	at org.apache.hadoop.ipc.ProtobufRpcEngine2$Server$ProtoBufRpcInvoker.call(ProtobufRpcEngine2.java:578) [hadoop-common-3.3.4.jar:?]
	at org.apache.hadoop.ipc.ProtobufRpcEngine2$Server$ProtoBufRpcInvoker.call(ProtobufRpcEngine2.java:556) [hadoop-common-3.3.4.jar:?]
	at org.apache.hadoop.ipc.RPC$Server.call(RPC.java:1093) [hadoop-common-3.3.4.jar:?]
	at org.apache.hadoop.ipc.Server$RpcCall.run(Server.java:1043) [hadoop-common-3.3.4.jar:?]
	at org.apache.hadoop.ipc.Server$RpcCall.run(Server.java:971) [hadoop-common-3.3.4.jar:?]
	at java.security.AccessController.doPrivileged(Native Method) ~[?:1.8.0_352]
	at javax.security.auth.Subject.doAs(Subject.java:422) [?:1.8.0_352]
	at org.apache.hadoop.security.UserGroupInformation.doAs(UserGroupInformation.java:1878) [hadoop-common-3.3.4.jar:?]
	at org.apache.hadoop.ipc.Server$Handler.run(Server.java:2976) [hadoop-common-3.3.4.jar:?]
20:33:25.066 [IPC Server handler 12 on default port 35105] ERROR OMAudit - user=runner | ip=127.0.0.1 | op=GET_FILE_STATUS {volume=volume38800, bucket=bucket46934, key=testBatchDelete/parent/childFolder/child0, dataSize=0, replicationConfig=null} | ret=FAILURE
org.apache.hadoop.ozone.om.exceptions.OMException: Unable to get file status: volume: volume38800 bucket: bucket46934 key: testBatchDelete/parent/childFolder/child0
	at org.apache.hadoop.ozone.om.KeyManagerImpl.getOzoneFileStatus(KeyManagerImpl.java:1301) ~[ozone-manager-1.4.0-SNAPSHOT.jar:?]
	at org.apache.hadoop.ozone.om.KeyManagerImpl.getFileStatus(KeyManagerImpl.java:1219) ~[ozone-manager-1.4.0-SNAPSHOT.jar:?]
	at org.apache.hadoop.ozone.om.OzoneManager.getFileStatus(OzoneManager.java:3498) ~[ozone-manager-1.4.0-SNAPSHOT.jar:?]
	at org.apache.hadoop.ozone.protocolPB.OzoneManagerRequestHandler.getOzoneFileStatus(OzoneManagerRequestHandler.java:913) ~[ozone-manager-1.4.0-SNAPSHOT.jar:?]
	at org.apache.hadoop.ozone.protocolPB.OzoneManagerRequestHandler.handleReadRequest(OzoneManagerRequestHandler.java:233) ~[ozone-manager-1.4.0-SNAPSHOT.jar:?]
	at org.apache.hadoop.ozone.protocolPB.OzoneManagerProtocolServerSideTranslatorPB.submitRequestDirectlyToOM(OzoneManagerProtocolServerSideTranslatorPB.java:276) ~[ozone-manager-1.4.0-SNAPSHOT.jar:?]
	at org.apache.hadoop.ozone.protocolPB.OzoneManagerProtocolServerSideTranslatorPB.processRequest(OzoneManagerProtocolServerSideTranslatorPB.java:205) ~[ozone-manager-1.4.0-SNAPSHOT.jar:?]
	at org.apache.hadoop.hdds.server.OzoneProtocolMessageDispatcher.processRequest(OzoneProtocolMessageDispatcher.java:87) [hdds-server-framework-1.4.0-SNAPSHOT.jar:?]
	at org.apache.hadoop.ozone.protocolPB.OzoneManagerProtocolServerSideTranslatorPB.submitRequest(OzoneManagerProtocolServerSideTranslatorPB.java:147) [ozone-manager-1.4.0-SNAPSHOT.jar:?]
	at org.apache.hadoop.ozone.protocol.proto.OzoneManagerProtocolProtos$OzoneManagerService$2.callBlockingMethod(OzoneManagerProtocolProtos.java) [ozone-interface-client-1.4.0-SNAPSHOT.jar:?]
	at org.apache.hadoop.ipc.ProtobufRpcEngine$Server.processCall(ProtobufRpcEngine.java:465) [hadoop-common-3.3.4.jar:?]
	at org.apache.hadoop.ipc.ProtobufRpcEngine2$Server$ProtoBufRpcInvoker.call(ProtobufRpcEngine2.java:578) [hadoop-common-3.3.4.jar:?]
	at org.apache.hadoop.ipc.ProtobufRpcEngine2$Server$ProtoBufRpcInvoker.call(ProtobufRpcEngine2.java:556) [hadoop-common-3.3.4.jar:?]
	at org.apache.hadoop.ipc.RPC$Server.call(RPC.java:1093) [hadoop-common-3.3.4.jar:?]
	at org.apache.hadoop.ipc.Server$RpcCall.run(Server.java:1043) [hadoop-common-3.3.4.jar:?]
	at org.apache.hadoop.ipc.Server$RpcCall.run(Server.java:971) [hadoop-common-3.3.4.jar:?]
	at java.security.AccessController.doPrivileged(Native Method) ~[?:1.8.0_352]
	at javax.security.auth.Subject.doAs(Subject.java:422) [?:1.8.0_352]
	at org.apache.hadoop.security.UserGroupInformation.doAs(UserGroupInformation.java:1878) [hadoop-common-3.3.4.jar:?]
	at org.apache.hadoop.ipc.Server$Handler.run(Server.java:2976) [hadoop-common-3.3.4.jar:?]
20:33:25.067 [IPC Server handler 0 on default port 35105] ERROR OMAudit - user=runner | ip=127.0.0.1 | op=GET_FILE_STATUS {volume=volume38800, bucket=bucket46934, key=testBatchDelete/parent/child1, dataSize=0, replicationConfig=null} | ret=FAILURE
org.apache.hadoop.ozone.om.exceptions.OMException: Unable to get file status: volume: volume38800 bucket: bucket46934 key: testBatchDelete/parent/child1
	at org.apache.hadoop.ozone.om.KeyManagerImpl.getOzoneFileStatus(KeyManagerImpl.java:1301) ~[ozone-manager-1.4.0-SNAPSHOT.jar:?]
	at org.apache.hadoop.ozone.om.KeyManagerImpl.getFileStatus(KeyManagerImpl.java:1219) ~[ozone-manager-1.4.0-SNAPSHOT.jar:?]
	at org.apache.hadoop.ozone.om.OzoneManager.getFileStatus(OzoneManager.java:3498) ~[ozone-manager-1.4.0-SNAPSHOT.jar:?]
	at org.apache.hadoop.ozone.protocolPB.OzoneManagerRequestHandler.getOzoneFileStatus(OzoneManagerRequestHandler.java:913) ~[ozone-manager-1.4.0-SNAPSHOT.jar:?]
	at org.apache.hadoop.ozone.protocolPB.OzoneManagerRequestHandler.handleReadRequest(OzoneManagerRequestHandler.java:233) ~[ozone-manager-1.4.0-SNAPSHOT.jar:?]
	at org.apache.hadoop.ozone.protocolPB.OzoneManagerProtocolServerSideTranslatorPB.submitRequestDirectlyToOM(OzoneManagerProtocolServerSideTranslatorPB.java:276) ~[ozone-manager-1.4.0-SNAPSHOT.jar:?]
	at org.apache.hadoop.ozone.protocolPB.OzoneManagerProtocolServerSideTranslatorPB.processRequest(OzoneManagerProtocolServerSideTranslatorPB.java:205) ~[ozone-manager-1.4.0-SNAPSHOT.jar:?]
	at org.apache.hadoop.hdds.server.OzoneProtocolMessageDispatcher.processRequest(OzoneProtocolMessageDispatcher.java:87) [hdds-server-framework-1.4.0-SNAPSHOT.jar:?]
	at org.apache.hadoop.ozone.protocolPB.OzoneManagerProtocolServerSideTranslatorPB.submitRequest(OzoneManagerProtocolServerSideTranslatorPB.java:147) [ozone-manager-1.4.0-SNAPSHOT.jar:?]
	at org.apache.hadoop.ozone.protocol.proto.OzoneManagerProtocolProtos$OzoneManagerService$2.callBlockingMethod(OzoneManagerProtocolProtos.java) [ozone-interface-client-1.4.0-SNAPSHOT.jar:?]
	at org.apache.hadoop.ipc.ProtobufRpcEngine$Server.processCall(ProtobufRpcEngine.java:465) [hadoop-common-3.3.4.jar:?]
	at org.apache.hadoop.ipc.ProtobufRpcEngine2$Server$ProtoBufRpcInvoker.call(ProtobufRpcEngine2.java:578) [hadoop-common-3.3.4.jar:?]
	at org.apache.hadoop.ipc.ProtobufRpcEngine2$Server$ProtoBufRpcInvoker.call(ProtobufRpcEngine2.java:556) [hadoop-common-3.3.4.jar:?]
	at org.apache.hadoop.ipc.RPC$Server.call(RPC.java:1093) [hadoop-common-3.3.4.jar:?]
	at org.apache.hadoop.ipc.Server$RpcCall.run(Server.java:1043) [hadoop-common-3.3.4.jar:?]
	at org.apache.hadoop.ipc.Server$RpcCall.run(Server.java:971) [hadoop-common-3.3.4.jar:?]
	at java.security.AccessController.doPrivileged(Native Method) ~[?:1.8.0_352]
	at javax.security.auth.Subject.doAs(Subject.java:422) [?:1.8.0_352]
	at org.apache.hadoop.security.UserGroupInformation.doAs(UserGroupInformation.java:1878) [hadoop-common-3.3.4.jar:?]
	at org.apache.hadoop.ipc.Server$Handler.run(Server.java:2976) [hadoop-common-3.3.4.jar:?]
20:33:25.067 [IPC Server handler 2 on default port 35105] ERROR OMAudit - user=runner | ip=127.0.0.1 | op=GET_FILE_STATUS {volume=volume38800, bucket=bucket46934, key=testBatchDelete/parent/childFolder/child1, dataSize=0, replicationConfig=null} | ret=FAILURE
org.apache.hadoop.ozone.om.exceptions.OMException: Unable to get file status: volume: volume38800 bucket: bucket46934 key: testBatchDelete/parent/childFolder/child1
	at org.apache.hadoop.ozone.om.KeyManagerImpl.getOzoneFileStatus(KeyManagerImpl.java:1301) ~[ozone-manager-1.4.0-SNAPSHOT.jar:?]
	at org.apache.hadoop.ozone.om.KeyManagerImpl.getFileStatus(KeyManagerImpl.java:1219) ~[ozone-manager-1.4.0-SNAPSHOT.jar:?]
	at org.apache.hadoop.ozone.om.OzoneManager.getFileStatus(OzoneManager.java:3498) ~[ozone-manager-1.4.0-SNAPSHOT.jar:?]
	at org.apache.hadoop.ozone.protocolPB.OzoneManagerRequestHandler.getOzoneFileStatus(OzoneManagerRequestHandler.java:913) ~[ozone-manager-1.4.0-SNAPSHOT.jar:?]
	at org.apache.hadoop.ozone.protocolPB.OzoneManagerRequestHandler.handleReadRequest(OzoneManagerRequestHandler.java:233) ~[ozone-manager-1.4.0-SNAPSHOT.jar:?]
	at org.apache.hadoop.ozone.protocolPB.OzoneManagerProtocolServerSideTranslatorPB.submitRequestDirectlyToOM(OzoneManagerProtocolServerSideTranslatorPB.java:276) ~[ozone-manager-1.4.0-SNAPSHOT.jar:?]
	at org.apache.hadoop.ozone.protocolPB.OzoneManagerProtocolServerSideTranslatorPB.processRequest(OzoneManagerProtocolServerSideTranslatorPB.java:205) ~[ozone-manager-1.4.0-SNAPSHOT.jar:?]
	at org.apache.hadoop.hdds.server.OzoneProtocolMessageDispatcher.processRequest(OzoneProtocolMessageDispatcher.java:87) [hdds-server-framework-1.4.0-SNAPSHOT.jar:?]
	at org.apache.hadoop.ozone.protocolPB.OzoneManagerProtocolServerSideTranslatorPB.submitRequest(OzoneManagerProtocolServerSideTranslatorPB.java:147) [ozone-manager-1.4.0-SNAPSHOT.jar:?]
	at org.apache.hadoop.ozone.protocol.proto.OzoneManagerProtocolProtos$OzoneManagerService$2.callBlockingMethod(OzoneManagerProtocolProtos.java) [ozone-interface-client-1.4.0-SNAPSHOT.jar:?]
	at org.apache.hadoop.ipc.ProtobufRpcEngine$Server.processCall(ProtobufRpcEngine.java:465) [hadoop-common-3.3.4.jar:?]
	at org.apache.hadoop.ipc.ProtobufRpcEngine2$Server$ProtoBufRpcInvoker.call(ProtobufRpcEngine2.java:578) [hadoop-common-3.3.4.jar:?]
	at org.apache.hadoop.ipc.ProtobufRpcEngine2$Server$ProtoBufRpcInvoker.call(ProtobufRpcEngine2.java:556) [hadoop-common-3.3.4.jar:?]
	at org.apache.hadoop.ipc.RPC$Server.call(RPC.java:1093) [hadoop-common-3.3.4.jar:?]
	at org.apache.hadoop.ipc.Server$RpcCall.run(Server.java:1043) [hadoop-common-3.3.4.jar:?]
	at org.apache.hadoop.ipc.Server$RpcCall.run(Server.java:971) [hadoop-common-3.3.4.jar:?]
	at java.security.AccessController.doPrivileged(Native Method) ~[?:1.8.0_352]
	at javax.security.auth.Subject.doAs(Subject.java:422) [?:1.8.0_352]
	at org.apache.hadoop.security.UserGroupInformation.doAs(UserGroupInformation.java:1878) [hadoop-common-3.3.4.jar:?]
	at org.apache.hadoop.ipc.Server$Handler.run(Server.java:2976) [hadoop-common-3.3.4.jar:?]
20:33:25.068 [IPC Server handler 1 on default port 35105] ERROR OMAudit - user=runner | ip=127.0.0.1 | op=GET_FILE_STATUS {volume=volume38800, bucket=bucket46934, key=testBatchDelete/parent/child2, dataSize=0, replicationConfig=null} | ret=FAILURE
org.apache.hadoop.ozone.om.exceptions.OMException: Unable to get file status: volume: volume38800 bucket: bucket46934 key: testBatchDelete/parent/child2
	at org.apache.hadoop.ozone.om.KeyManagerImpl.getOzoneFileStatus(KeyManagerImpl.java:1301) ~[ozone-manager-1.4.0-SNAPSHOT.jar:?]
	at org.apache.hadoop.ozone.om.KeyManagerImpl.getFileStatus(KeyManagerImpl.java:1219) ~[ozone-manager-1.4.0-SNAPSHOT.jar:?]
	at org.apache.hadoop.ozone.om.OzoneManager.getFileStatus(OzoneManager.java:3498) ~[ozone-manager-1.4.0-SNAPSHOT.jar:?]
	at org.apache.hadoop.ozone.protocolPB.OzoneManagerRequestHandler.getOzoneFileStatus(OzoneManagerRequestHandler.java:913) ~[ozone-manager-1.4.0-SNAPSHOT.jar:?]
	at org.apache.hadoop.ozone.protocolPB.OzoneManagerRequestHandler.handleReadRequest(OzoneManagerRequestHandler.java:233) ~[ozone-manager-1.4.0-SNAPSHOT.jar:?]
	at org.apache.hadoop.ozone.protocolPB.OzoneManagerProtocolServerSideTranslatorPB.submitRequestDirectlyToOM(OzoneManagerProtocolServerSideTranslatorPB.java:276) ~[ozone-manager-1.4.0-SNAPSHOT.jar:?]
	at org.apache.hadoop.ozone.protocolPB.OzoneManagerProtocolServerSideTranslatorPB.processRequest(OzoneManagerProtocolServerSideTranslatorPB.java:205) ~[ozone-manager-1.4.0-SNAPSHOT.jar:?]
	at org.apache.hadoop.hdds.server.OzoneProtocolMessageDispatcher.processRequest(OzoneProtocolMessageDispatcher.java:87) [hdds-server-framework-1.4.0-SNAPSHOT.jar:?]
	at org.apache.hadoop.ozone.protocolPB.OzoneManagerProtocolServerSideTranslatorPB.submitRequest(OzoneManagerProtocolServerSideTranslatorPB.java:147) [ozone-manager-1.4.0-SNAPSHOT.jar:?]
	at org.apache.hadoop.ozone.protocol.proto.OzoneManagerProtocolProtos$OzoneManagerService$2.callBlockingMethod(OzoneManagerProtocolProtos.java) [ozone-interface-client-1.4.0-SNAPSHOT.jar:?]
	at org.apache.hadoop.ipc.ProtobufRpcEngine$Server.processCall(ProtobufRpcEngine.java:465) [hadoop-common-3.3.4.jar:?]
	at org.apache.hadoop.ipc.ProtobufRpcEngine2$Server$ProtoBufRpcInvoker.call(ProtobufRpcEngine2.java:578) [hadoop-common-3.3.4.jar:?]
	at org.apache.hadoop.ipc.ProtobufRpcEngine2$Server$ProtoBufRpcInvoker.call(ProtobufRpcEngine2.java:556) [hadoop-common-3.3.4.jar:?]
	at org.apache.hadoop.ipc.RPC$Server.call(RPC.java:1093) [hadoop-common-3.3.4.jar:?]
	at org.apache.hadoop.ipc.Server$RpcCall.run(Server.java:1043) [hadoop-common-3.3.4.jar:?]
	at org.apache.hadoop.ipc.Server$RpcCall.run(Server.java:971) [hadoop-common-3.3.4.jar:?]
	at java.security.AccessController.doPrivileged(Native Method) ~[?:1.8.0_352]
	at javax.security.auth.Subject.doAs(Subject.java:422) [?:1.8.0_352]
	at org.apache.hadoop.security.UserGroupInformation.doAs(UserGroupInformation.java:1878) [hadoop-common-3.3.4.jar:?]
	at org.apache.hadoop.ipc.Server$Handler.run(Server.java:2976) [hadoop-common-3.3.4.jar:?]
20:33:25.073 [IPC Server handler 3 on default port 35105] ERROR OMAudit - user=runner | ip=127.0.0.1 | op=GET_FILE_STATUS {volume=volume38800, bucket=bucket46934, key=testBatchDelete/parent/childFolder/child2, dataSize=0, replicationConfig=null} | ret=FAILURE
org.apache.hadoop.ozone.om.exceptions.OMException: Unable to get file status: volume: volume38800 bucket: bucket46934 key: testBatchDelete/parent/childFolder/child2
	at org.apache.hadoop.ozone.om.KeyManagerImpl.getOzoneFileStatus(KeyManagerImpl.java:1301) ~[ozone-manager-1.4.0-SNAPSHOT.jar:?]
	at org.apache.hadoop.ozone.om.KeyManagerImpl.getFileStatus(KeyManagerImpl.java:1219) ~[ozone-manager-1.4.0-SNAPSHOT.jar:?]
	at org.apache.hadoop.ozone.om.OzoneManager.getFileStatus(OzoneManager.java:3498) ~[ozone-manager-1.4.0-SNAPSHOT.jar:?]
	at org.apache.hadoop.ozone.protocolPB.OzoneManagerRequestHandler.getOzoneFileStatus(OzoneManagerRequestHandler.java:913) ~[ozone-manager-1.4.0-SNAPSHOT.jar:?]
	at org.apache.hadoop.ozone.protocolPB.OzoneManagerRequestHandler.handleReadRequest(OzoneManagerRequestHandler.java:233) ~[ozone-manager-1.4.0-SNAPSHOT.jar:?]
	at org.apache.hadoop.ozone.protocolPB.OzoneManagerProtocolServerSideTranslatorPB.submitRequestDirectlyToOM(OzoneManagerProtocolServerSideTranslatorPB.java:276) ~[ozone-manager-1.4.0-SNAPSHOT.jar:?]
	at org.apache.hadoop.ozone.protocolPB.OzoneManagerProtocolServerSideTranslatorPB.processRequest(OzoneManagerProtocolServerSideTranslatorPB.java:205) ~[ozone-manager-1.4.0-SNAPSHOT.jar:?]
	at org.apache.hadoop.hdds.server.OzoneProtocolMessageDispatcher.processRequest(OzoneProtocolMessageDispatcher.java:87) [hdds-server-framework-1.4.0-SNAPSHOT.jar:?]
	at org.apache.hadoop.ozone.protocolPB.OzoneManagerProtocolServerSideTranslatorPB.submitRequest(OzoneManagerProtocolServerSideTranslatorPB.java:147) [ozone-manager-1.4.0-SNAPSHOT.jar:?]
	at org.apache.hadoop.ozone.protocol.proto.OzoneManagerProtocolProtos$OzoneManagerService$2.callBlockingMethod(OzoneManagerProtocolProtos.java) [ozone-interface-client-1.4.0-SNAPSHOT.jar:?]
	at org.apache.hadoop.ipc.ProtobufRpcEngine$Server.processCall(ProtobufRpcEngine.java:465) [hadoop-common-3.3.4.jar:?]
	at org.apache.hadoop.ipc.ProtobufRpcEngine2$Server$ProtoBufRpcInvoker.call(ProtobufRpcEngine2.java:578) [hadoop-common-3.3.4.jar:?]
	at org.apache.hadoop.ipc.ProtobufRpcEngine2$Server$ProtoBufRpcInvoker.call(ProtobufRpcEngine2.java:556) [hadoop-common-3.3.4.jar:?]
	at org.apache.hadoop.ipc.RPC$Server.call(RPC.java:1093) [hadoop-common-3.3.4.jar:?]
	at org.apache.hadoop.ipc.Server$RpcCall.run(Server.java:1043) [hadoop-common-3.3.4.jar:?]
	at org.apache.hadoop.ipc.Server$RpcCall.run(Server.java:971) [hadoop-common-3.3.4.jar:?]
	at java.security.AccessController.doPrivileged(Native Method) ~[?:1.8.0_352]
	at javax.security.auth.Subject.doAs(Subject.java:422) [?:1.8.0_352]
	at org.apache.hadoop.security.UserGroupInformation.doAs(UserGroupInformation.java:1878) [hadoop-common-3.3.4.jar:?]
	at org.apache.hadoop.ipc.Server$Handler.run(Server.java:2976) [hadoop-common-3.3.4.jar:?]
20:33:25.074 [IPC Server handler 4 on default port 35105] ERROR OMAudit - user=runner | ip=127.0.0.1 | op=GET_FILE_STATUS {volume=volume38800, bucket=bucket46934, key=testBatchDelete/parent/child3, dataSize=0, replicationConfig=null} | ret=FAILURE
org.apache.hadoop.ozone.om.exceptions.OMException: Unable to get file status: volume: volume38800 bucket: bucket46934 key: testBatchDelete/parent/child3
	at org.apache.hadoop.ozone.om.KeyManagerImpl.getOzoneFileStatus(KeyManagerImpl.java:1301) ~[ozone-manager-1.4.0-SNAPSHOT.jar:?]
	at org.apache.hadoop.ozone.om.KeyManagerImpl.getFileStatus(KeyManagerImpl.java:1219) ~[ozone-manager-1.4.0-SNAPSHOT.jar:?]
	at org.apache.hadoop.ozone.om.OzoneManager.getFileStatus(OzoneManager.java:3498) ~[ozone-manager-1.4.0-SNAPSHOT.jar:?]
	at org.apache.hadoop.ozone.protocolPB.OzoneManagerRequestHandler.getOzoneFileStatus(OzoneManagerRequestHandler.java:913) ~[ozone-manager-1.4.0-SNAPSHOT.jar:?]
	at org.apache.hadoop.ozone.protocolPB.OzoneManagerRequestHandler.handleReadRequest(OzoneManagerRequestHandler.java:233) ~[ozone-manager-1.4.0-SNAPSHOT.jar:?]
	at org.apache.hadoop.ozone.protocolPB.OzoneManagerProtocolServerSideTranslatorPB.submitRequestDirectlyToOM(OzoneManagerProtocolServerSideTranslatorPB.java:276) ~[ozone-manager-1.4.0-SNAPSHOT.jar:?]
	at org.apache.hadoop.ozone.protocolPB.OzoneManagerProtocolServerSideTranslatorPB.processRequest(OzoneManagerProtocolServerSideTranslatorPB.java:205) ~[ozone-manager-1.4.0-SNAPSHOT.jar:?]
	at org.apache.hadoop.hdds.server.OzoneProtocolMessageDispatcher.processRequest(OzoneProtocolMessageDispatcher.java:87) [hdds-server-framework-1.4.0-SNAPSHOT.jar:?]
	at org.apache.hadoop.ozone.protocolPB.OzoneManagerProtocolServerSideTranslatorPB.submitRequest(OzoneManagerProtocolServerSideTranslatorPB.java:147) [ozone-manager-1.4.0-SNAPSHOT.jar:?]
	at org.apache.hadoop.ozone.protocol.proto.OzoneManagerProtocolProtos$OzoneManagerService$2.callBlockingMethod(OzoneManagerProtocolProtos.java) [ozone-interface-client-1.4.0-SNAPSHOT.jar:?]
	at org.apache.hadoop.ipc.ProtobufRpcEngine$Server.processCall(ProtobufRpcEngine.java:465) [hadoop-common-3.3.4.jar:?]
	at org.apache.hadoop.ipc.ProtobufRpcEngine2$Server$ProtoBufRpcInvoker.call(ProtobufRpcEngine2.java:578) [hadoop-common-3.3.4.jar:?]
	at org.apache.hadoop.ipc.ProtobufRpcEngine2$Server$ProtoBufRpcInvoker.call(ProtobufRpcEngine2.java:556) [hadoop-common-3.3.4.jar:?]
	at org.apache.hadoop.ipc.RPC$Server.call(RPC.java:1093) [hadoop-common-3.3.4.jar:?]
	at org.apache.hadoop.ipc.Server$RpcCall.run(Server.java:1043) [hadoop-common-3.3.4.jar:?]
	at org.apache.hadoop.ipc.Server$RpcCall.run(Server.java:971) [hadoop-common-3.3.4.jar:?]
	at java.security.AccessController.doPrivileged(Native Method) ~[?:1.8.0_352]
	at javax.security.auth.Subject.doAs(Subject.java:422) [?:1.8.0_352]
	at org.apache.hadoop.security.UserGroupInformation.doAs(UserGroupInformation.java:1878) [hadoop-common-3.3.4.jar:?]
	at org.apache.hadoop.ipc.Server$Handler.run(Server.java:2976) [hadoop-common-3.3.4.jar:?]
20:33:25.074 [IPC Server handler 5 on default port 35105] ERROR OMAudit - user=runner | ip=127.0.0.1 | op=GET_FILE_STATUS {volume=volume38800, bucket=bucket46934, key=testBatchDelete/parent/childFolder/child3, dataSize=0, replicationConfig=null} | ret=FAILURE
org.apache.hadoop.ozone.om.exceptions.OMException: Unable to get file status: volume: volume38800 bucket: bucket46934 key: testBatchDelete/parent/childFolder/child3
	at org.apache.hadoop.ozone.om.KeyManagerImpl.getOzoneFileStatus(KeyManagerImpl.java:1301) ~[ozone-manager-1.4.0-SNAPSHOT.jar:?]
	at org.apache.hadoop.ozone.om.KeyManagerImpl.getFileStatus(KeyManagerImpl.java:1219) ~[ozone-manager-1.4.0-SNAPSHOT.jar:?]
	at org.apache.hadoop.ozone.om.OzoneManager.getFileStatus(OzoneManager.java:3498) ~[ozone-manager-1.4.0-SNAPSHOT.jar:?]
	at org.apache.hadoop.ozone.protocolPB.OzoneManagerRequestHandler.getOzoneFileStatus(OzoneManagerRequestHandler.java:913) ~[ozone-manager-1.4.0-SNAPSHOT.jar:?]
	at org.apache.hadoop.ozone.protocolPB.OzoneManagerRequestHandler.handleReadRequest(OzoneManagerRequestHandler.java:233) ~[ozone-manager-1.4.0-SNAPSHOT.jar:?]
	at org.apache.hadoop.ozone.protocolPB.OzoneManagerProtocolServerSideTranslatorPB.submitRequestDirectlyToOM(OzoneManagerProtocolServerSideTranslatorPB.java:276) ~[ozone-manager-1.4.0-SNAPSHOT.jar:?]
	at org.apache.hadoop.ozone.protocolPB.OzoneManagerProtocolServerSideTranslatorPB.processRequest(OzoneManagerProtocolServerSideTranslatorPB.java:205) ~[ozone-manager-1.4.0-SNAPSHOT.jar:?]
	at org.apache.hadoop.hdds.server.OzoneProtocolMessageDispatcher.processRequest(OzoneProtocolMessageDispatcher.java:87) [hdds-server-framework-1.4.0-SNAPSHOT.jar:?]
	at org.apache.hadoop.ozone.protocolPB.OzoneManagerProtocolServerSideTranslatorPB.submitRequest(OzoneManagerProtocolServerSideTranslatorPB.java:147) [ozone-manager-1.4.0-SNAPSHOT.jar:?]
	at org.apache.hadoop.ozone.protocol.proto.OzoneManagerProtocolProtos$OzoneManagerService$2.callBlockingMethod(OzoneManagerProtocolProtos.java) [ozone-interface-client-1.4.0-SNAPSHOT.jar:?]
	at org.apache.hadoop.ipc.ProtobufRpcEngine$Server.processCall(ProtobufRpcEngine.java:465) [hadoop-common-3.3.4.jar:?]
	at org.apache.hadoop.ipc.ProtobufRpcEngine2$Server$ProtoBufRpcInvoker.call(ProtobufRpcEngine2.java:578) [hadoop-common-3.3.4.jar:?]
	at org.apache.hadoop.ipc.ProtobufRpcEngine2$Server$ProtoBufRpcInvoker.call(ProtobufRpcEngine2.java:556) [hadoop-common-3.3.4.jar:?]
	at org.apache.hadoop.ipc.RPC$Server.call(RPC.java:1093) [hadoop-common-3.3.4.jar:?]
	at org.apache.hadoop.ipc.Server$RpcCall.run(Server.java:1043) [hadoop-common-3.3.4.jar:?]
	at org.apache.hadoop.ipc.Server$RpcCall.run(Server.java:971) [hadoop-common-3.3.4.jar:?]
	at java.security.AccessController.doPrivileged(Native Method) ~[?:1.8.0_352]
	at javax.security.auth.Subject.doAs(Subject.java:422) [?:1.8.0_352]
	at org.apache.hadoop.security.UserGroupInformation.doAs(UserGroupInformation.java:1878) [hadoop-common-3.3.4.jar:?]
	at org.apache.hadoop.ipc.Server$Handler.run(Server.java:2976) [hadoop-common-3.3.4.jar:?]
20:33:25.075 [IPC Server handler 6 on default port 35105] ERROR OMAudit - user=runner | ip=127.0.0.1 | op=GET_FILE_STATUS {volume=volume38800, bucket=bucket46934, key=testBatchDelete/parent/child4, dataSize=0, replicationConfig=null} | ret=FAILURE
org.apache.hadoop.ozone.om.exceptions.OMException: Unable to get file status: volume: volume38800 bucket: bucket46934 key: testBatchDelete/parent/child4
	at org.apache.hadoop.ozone.om.KeyManagerImpl.getOzoneFileStatus(KeyManagerImpl.java:1301) ~[ozone-manager-1.4.0-SNAPSHOT.jar:?]
	at org.apache.hadoop.ozone.om.KeyManagerImpl.getFileStatus(KeyManagerImpl.java:1219) ~[ozone-manager-1.4.0-SNAPSHOT.jar:?]
	at org.apache.hadoop.ozone.om.OzoneManager.getFileStatus(OzoneManager.java:3498) ~[ozone-manager-1.4.0-SNAPSHOT.jar:?]
	at org.apache.hadoop.ozone.protocolPB.OzoneManagerRequestHandler.getOzoneFileStatus(OzoneManagerRequestHandler.java:913) ~[ozone-manager-1.4.0-SNAPSHOT.jar:?]
	at org.apache.hadoop.ozone.protocolPB.OzoneManagerRequestHandler.handleReadRequest(OzoneManagerRequestHandler.java:233) ~[ozone-manager-1.4.0-SNAPSHOT.jar:?]
	at org.apache.hadoop.ozone.protocolPB.OzoneManagerProtocolServerSideTranslatorPB.submitRequestDirectlyToOM(OzoneManagerProtocolServerSideTranslatorPB.java:276) ~[ozone-manager-1.4.0-SNAPSHOT.jar:?]
	at org.apache.hadoop.ozone.protocolPB.OzoneManagerProtocolServerSideTranslatorPB.processRequest(OzoneManagerProtocolServerSideTranslatorPB.java:205) ~[ozone-manager-1.4.0-SNAPSHOT.jar:?]
	at org.apache.hadoop.hdds.server.OzoneProtocolMessageDispatcher.processRequest(OzoneProtocolMessageDispatcher.java:87) [hdds-server-framework-1.4.0-SNAPSHOT.jar:?]
	at org.apache.hadoop.ozone.protocolPB.OzoneManagerProtocolServerSideTranslatorPB.submitRequest(OzoneManagerProtocolServerSideTranslatorPB.java:147) [ozone-manager-1.4.0-SNAPSHOT.jar:?]
	at org.apache.hadoop.ozone.protocol.proto.OzoneManagerProtocolProtos$OzoneManagerService$2.callBlockingMethod(OzoneManagerProtocolProtos.java) [ozone-interface-client-1.4.0-SNAPSHOT.jar:?]
	at org.apache.hadoop.ipc.ProtobufRpcEngine$Server.processCall(ProtobufRpcEngine.java:465) [hadoop-common-3.3.4.jar:?]
	at org.apache.hadoop.ipc.ProtobufRpcEngine2$Server$ProtoBufRpcInvoker.call(ProtobufRpcEngine2.java:578) [hadoop-common-3.3.4.jar:?]
	at org.apache.hadoop.ipc.ProtobufRpcEngine2$Server$ProtoBufRpcInvoker.call(ProtobufRpcEngine2.java:556) [hadoop-common-3.3.4.jar:?]
	at org.apache.hadoop.ipc.RPC$Server.call(RPC.java:1093) [hadoop-common-3.3.4.jar:?]
	at org.apache.hadoop.ipc.Server$RpcCall.run(Server.java:1043) [hadoop-common-3.3.4.jar:?]
	at org.apache.hadoop.ipc.Server$RpcCall.run(Server.java:971) [hadoop-common-3.3.4.jar:?]
	at java.security.AccessController.doPrivileged(Native Method) ~[?:1.8.0_352]
	at javax.security.auth.Subject.doAs(Subject.java:422) [?:1.8.0_352]
	at org.apache.hadoop.security.UserGroupInformation.doAs(UserGroupInformation.java:1878) [hadoop-common-3.3.4.jar:?]
	at org.apache.hadoop.ipc.Server$Handler.run(Server.java:2976) [hadoop-common-3.3.4.jar:?]
20:33:25.075 [IPC Server handler 8 on default port 35105] ERROR OMAudit - user=runner | ip=127.0.0.1 | op=GET_FILE_STATUS {volume=volume38800, bucket=bucket46934, key=testBatchDelete/parent/childFolder/child4, dataSize=0, replicationConfig=null} | ret=FAILURE
org.apache.hadoop.ozone.om.exceptions.OMException: Unable to get file status: volume: volume38800 bucket: bucket46934 key: testBatchDelete/parent/childFolder/child4
	at org.apache.hadoop.ozone.om.KeyManagerImpl.getOzoneFileStatus(KeyManagerImpl.java:1301) ~[ozone-manager-1.4.0-SNAPSHOT.jar:?]
	at org.apache.hadoop.ozone.om.KeyManagerImpl.getFileStatus(KeyManagerImpl.java:1219) ~[ozone-manager-1.4.0-SNAPSHOT.jar:?]
	at org.apache.hadoop.ozone.om.OzoneManager.getFileStatus(OzoneManager.java:3498) ~[ozone-manager-1.4.0-SNAPSHOT.jar:?]
	at org.apache.hadoop.ozone.protocolPB.OzoneManagerRequestHandler.getOzoneFileStatus(OzoneManagerRequestHandler.java:913) ~[ozone-manager-1.4.0-SNAPSHOT.jar:?]
	at org.apache.hadoop.ozone.protocolPB.OzoneManagerRequestHandler.handleReadRequest(OzoneManagerRequestHandler.java:233) ~[ozone-manager-1.4.0-SNAPSHOT.jar:?]
	at org.apache.hadoop.ozone.protocolPB.OzoneManagerProtocolServerSideTranslatorPB.submitRequestDirectlyToOM(OzoneManagerProtocolServerSideTranslatorPB.java:276) ~[ozone-manager-1.4.0-SNAPSHOT.jar:?]
	at org.apache.hadoop.ozone.protocolPB.OzoneManagerProtocolServerSideTranslatorPB.processRequest(OzoneManagerProtocolServerSideTranslatorPB.java:205) ~[ozone-manager-1.4.0-SNAPSHOT.jar:?]
	at org.apache.hadoop.hdds.server.OzoneProtocolMessageDispatcher.processRequest(OzoneProtocolMessageDispatcher.java:87) [hdds-server-framework-1.4.0-SNAPSHOT.jar:?]
	at org.apache.hadoop.ozone.protocolPB.OzoneManagerProtocolServerSideTranslatorPB.submitRequest(OzoneManagerProtocolServerSideTranslatorPB.java:147) [ozone-manager-1.4.0-SNAPSHOT.jar:?]
	at org.apache.hadoop.ozone.protocol.proto.OzoneManagerProtocolProtos$OzoneManagerService$2.callBlockingMethod(OzoneManagerProtocolProtos.java) [ozone-interface-client-1.4.0-SNAPSHOT.jar:?]
	at org.apache.hadoop.ipc.ProtobufRpcEngine$Server.processCall(ProtobufRpcEngine.java:465) [hadoop-common-3.3.4.jar:?]
	at org.apache.hadoop.ipc.ProtobufRpcEngine2$Server$ProtoBufRpcInvoker.call(ProtobufRpcEngine2.java:578) [hadoop-common-3.3.4.jar:?]
	at org.apache.hadoop.ipc.ProtobufRpcEngine2$Server$ProtoBufRpcInvoker.call(ProtobufRpcEngine2.java:556) [hadoop-common-3.3.4.jar:?]
	at org.apache.hadoop.ipc.RPC$Server.call(RPC.java:1093) [hadoop-common-3.3.4.jar:?]
	at org.apache.hadoop.ipc.Server$RpcCall.run(Server.java:1043) [hadoop-common-3.3.4.jar:?]
	at org.apache.hadoop.ipc.Server$RpcCall.run(Server.java:971) [hadoop-common-3.3.4.jar:?]
	at java.security.AccessController.doPrivileged(Native Method) ~[?:1.8.0_352]
	at javax.security.auth.Subject.doAs(Subject.java:422) [?:1.8.0_352]
	at org.apache.hadoop.security.UserGroupInformation.doAs(UserGroupInformation.java:1878) [hadoop-common-3.3.4.jar:?]
	at org.apache.hadoop.ipc.Server$Handler.run(Server.java:2976) [hadoop-common-3.3.4.jar:?]
20:33:25.076 [IPC Server handler 7 on default port 35105] ERROR OMAudit - user=runner | ip=127.0.0.1 | op=GET_FILE_STATUS {volume=volume38800, bucket=bucket46934, key=testBatchDelete/parent/child5, dataSize=0, replicationConfig=null} | ret=FAILURE
org.apache.hadoop.ozone.om.exceptions.OMException: Unable to get file status: volume: volume38800 bucket: bucket46934 key: testBatchDelete/parent/child5
	at org.apache.hadoop.ozone.om.KeyManagerImpl.getOzoneFileStatus(KeyManagerImpl.java:1301) ~[ozone-manager-1.4.0-SNAPSHOT.jar:?]
	at org.apache.hadoop.ozone.om.KeyManagerImpl.getFileStatus(KeyManagerImpl.java:1219) ~[ozone-manager-1.4.0-SNAPSHOT.jar:?]
	at org.apache.hadoop.ozone.om.OzoneManager.getFileStatus(OzoneManager.java:3498) ~[ozone-manager-1.4.0-SNAPSHOT.jar:?]
	at org.apache.hadoop.ozone.protocolPB.OzoneManagerRequestHandler.getOzoneFileStatus(OzoneManagerRequestHandler.java:913) ~[ozone-manager-1.4.0-SNAPSHOT.jar:?]
	at org.apache.hadoop.ozone.protocolPB.OzoneManagerRequestHandler.handleReadRequest(OzoneManagerRequestHandler.java:233) ~[ozone-manager-1.4.0-SNAPSHOT.jar:?]
	at org.apache.hadoop.ozone.protocolPB.OzoneManagerProtocolServerSideTranslatorPB.submitRequestDirectlyToOM(OzoneManagerProtocolServerSideTranslatorPB.java:276) ~[ozone-manager-1.4.0-SNAPSHOT.jar:?]
	at org.apache.hadoop.ozone.protocolPB.OzoneManagerProtocolServerSideTranslatorPB.processRequest(OzoneManagerProtocolServerSideTranslatorPB.java:205) ~[ozone-manager-1.4.0-SNAPSHOT.jar:?]
	at org.apache.hadoop.hdds.server.OzoneProtocolMessageDispatcher.processRequest(OzoneProtocolMessageDispatcher.java:87) [hdds-server-framework-1.4.0-SNAPSHOT.jar:?]
	at org.apache.hadoop.ozone.protocolPB.OzoneManagerProtocolServerSideTranslatorPB.submitRequest(OzoneManagerProtocolServerSideTranslatorPB.java:147) [ozone-manager-1.4.0-SNAPSHOT.jar:?]
	at org.apache.hadoop.ozone.protocol.proto.OzoneManagerProtocolProtos$OzoneManagerService$2.callBlockingMethod(OzoneManagerProtocolProtos.java) [ozone-interface-client-1.4.0-SNAPSHOT.jar:?]
	at org.apache.hadoop.ipc.ProtobufRpcEngine$Server.processCall(ProtobufRpcEngine.java:465) [hadoop-common-3.3.4.jar:?]
	at org.apache.hadoop.ipc.ProtobufRpcEngine2$Server$ProtoBufRpcInvoker.call(ProtobufRpcEngine2.java:578) [hadoop-common-3.3.4.jar:?]
	at org.apache.hadoop.ipc.ProtobufRpcEngine2$Server$ProtoBufRpcInvoker.call(ProtobufRpcEngine2.java:556) [hadoop-common-3.3.4.jar:?]
	at org.apache.hadoop.ipc.RPC$Server.call(RPC.java:1093) [hadoop-common-3.3.4.jar:?]
	at org.apache.hadoop.ipc.Server$RpcCall.run(Server.java:1043) [hadoop-common-3.3.4.jar:?]
	at org.apache.hadoop.ipc.Server$RpcCall.run(Server.java:971) [hadoop-common-3.3.4.jar:?]
	at java.security.AccessController.doPrivileged(Native Method) ~[?:1.8.0_352]
	at javax.security.auth.Subject.doAs(Subject.java:422) [?:1.8.0_352]
	at org.apache.hadoop.security.UserGroupInformation.doAs(UserGroupInformation.java:1878) [hadoop-common-3.3.4.jar:?]
	at org.apache.hadoop.ipc.Server$Handler.run(Server.java:2976) [hadoop-common-3.3.4.jar:?]
20:33:25.078 [IPC Server handler 9 on default port 35105] ERROR OMAudit - user=runner | ip=127.0.0.1 | op=GET_FILE_STATUS {volume=volume38800, bucket=bucket46934, key=testBatchDelete/parent/childFolder/child5, dataSize=0, replicationConfig=null} | ret=FAILURE
org.apache.hadoop.ozone.om.exceptions.OMException: Unable to get file status: volume: volume38800 bucket: bucket46934 key: testBatchDelete/parent/childFolder/child5
	at org.apache.hadoop.ozone.om.KeyManagerImpl.getOzoneFileStatus(KeyManagerImpl.java:1301) ~[ozone-manager-1.4.0-SNAPSHOT.jar:?]
	at org.apache.hadoop.ozone.om.KeyManagerImpl.getFileStatus(KeyManagerImpl.java:1219) ~[ozone-manager-1.4.0-SNAPSHOT.jar:?]
	at org.apache.hadoop.ozone.om.OzoneManager.getFileStatus(OzoneManager.java:3498) ~[ozone-manager-1.4.0-SNAPSHOT.jar:?]
	at org.apache.hadoop.ozone.protocolPB.OzoneManagerRequestHandler.getOzoneFileStatus(OzoneManagerRequestHandler.java:913) ~[ozone-manager-1.4.0-SNAPSHOT.jar:?]
	at org.apache.hadoop.ozone.protocolPB.OzoneManagerRequestHandler.handleReadRequest(OzoneManagerRequestHandler.java:233) ~[ozone-manager-1.4.0-SNAPSHOT.jar:?]
	at org.apache.hadoop.ozone.protocolPB.OzoneManagerProtocolServerSideTranslatorPB.submitRequestDirectlyToOM(OzoneManagerProtocolServerSideTranslatorPB.java:276) ~[ozone-manager-1.4.0-SNAPSHOT.jar:?]
	at org.apache.hadoop.ozone.protocolPB.OzoneManagerProtocolServerSideTranslatorPB.processRequest(OzoneManagerProtocolServerSideTranslatorPB.java:205) ~[ozone-manager-1.4.0-SNAPSHOT.jar:?]
	at org.apache.hadoop.hdds.server.OzoneProtocolMessageDispatcher.processRequest(OzoneProtocolMessageDispatcher.java:87) [hdds-server-framework-1.4.0-SNAPSHOT.jar:?]
	at org.apache.hadoop.ozone.protocolPB.OzoneManagerProtocolServerSideTranslatorPB.submitRequest(OzoneManagerProtocolServerSideTranslatorPB.java:147) [ozone-manager-1.4.0-SNAPSHOT.jar:?]
	at org.apache.hadoop.ozone.protocol.proto.OzoneManagerProtocolProtos$OzoneManagerService$2.callBlockingMethod(OzoneManagerProtocolProtos.java) [ozone-interface-client-1.4.0-SNAPSHOT.jar:?]
	at org.apache.hadoop.ipc.ProtobufRpcEngine$Server.processCall(ProtobufRpcEngine.java:465) [hadoop-common-3.3.4.jar:?]
	at org.apache.hadoop.ipc.ProtobufRpcEngine2$Server$ProtoBufRpcInvoker.call(ProtobufRpcEngine2.java:578) [hadoop-common-3.3.4.jar:?]
	at org.apache.hadoop.ipc.ProtobufRpcEngine2$Server$ProtoBufRpcInvoker.call(ProtobufRpcEngine2.java:556) [hadoop-common-3.3.4.jar:?]
	at org.apache.hadoop.ipc.RPC$Server.call(RPC.java:1093) [hadoop-common-3.3.4.jar:?]
	at org.apache.hadoop.ipc.Server$RpcCall.run(Server.java:1043) [hadoop-common-3.3.4.jar:?]
	at org.apache.hadoop.ipc.Server$RpcCall.run(Server.java:971) [hadoop-common-3.3.4.jar:?]
	at java.security.AccessController.doPrivileged(Native Method) ~[?:1.8.0_352]
	at javax.security.auth.Subject.doAs(Subject.java:422) [?:1.8.0_352]
	at org.apache.hadoop.security.UserGroupInformation.doAs(UserGroupInformation.java:1878) [hadoop-common-3.3.4.jar:?]
	at org.apache.hadoop.ipc.Server$Handler.run(Server.java:2976) [hadoop-common-3.3.4.jar:?]
20:33:25.078 [IPC Server handler 10 on default port 35105] ERROR OMAudit - user=runner | ip=127.0.0.1 | op=GET_FILE_STATUS {volume=volume38800, bucket=bucket46934, key=testBatchDelete/parent/child6, dataSize=0, replicationConfig=null} | ret=FAILURE
org.apache.hadoop.ozone.om.exceptions.OMException: Unable to get file status: volume: volume38800 bucket: bucket46934 key: testBatchDelete/parent/child6
	at org.apache.hadoop.ozone.om.KeyManagerImpl.getOzoneFileStatus(KeyManagerImpl.java:1301) ~[ozone-manager-1.4.0-SNAPSHOT.jar:?]
	at org.apache.hadoop.ozone.om.KeyManagerImpl.getFileStatus(KeyManagerImpl.java:1219) ~[ozone-manager-1.4.0-SNAPSHOT.jar:?]
	at org.apache.hadoop.ozone.om.OzoneManager.getFileStatus(OzoneManager.java:3498) ~[ozone-manager-1.4.0-SNAPSHOT.jar:?]
	at org.apache.hadoop.ozone.protocolPB.OzoneManagerRequestHandler.getOzoneFileStatus(OzoneManagerRequestHandler.java:913) ~[ozone-manager-1.4.0-SNAPSHOT.jar:?]
	at org.apache.hadoop.ozone.protocolPB.OzoneManagerRequestHandler.handleReadRequest(OzoneManagerRequestHandler.java:233) ~[ozone-manager-1.4.0-SNAPSHOT.jar:?]
	at org.apache.hadoop.ozone.protocolPB.OzoneManagerProtocolServerSideTranslatorPB.submitRequestDirectlyToOM(OzoneManagerProtocolServerSideTranslatorPB.java:276) ~[ozone-manager-1.4.0-SNAPSHOT.jar:?]
	at org.apache.hadoop.ozone.protocolPB.OzoneManagerProtocolServerSideTranslatorPB.processRequest(OzoneManagerProtocolServerSideTranslatorPB.java:205) ~[ozone-manager-1.4.0-SNAPSHOT.jar:?]
	at org.apache.hadoop.hdds.server.OzoneProtocolMessageDispatcher.processRequest(OzoneProtocolMessageDispatcher.java:87) [hdds-server-framework-1.4.0-SNAPSHOT.jar:?]
	at org.apache.hadoop.ozone.protocolPB.OzoneManagerProtocolServerSideTranslatorPB.submitRequest(OzoneManagerProtocolServerSideTranslatorPB.java:147) [ozone-manager-1.4.0-SNAPSHOT.jar:?]
	at org.apache.hadoop.ozone.protocol.proto.OzoneManagerProtocolProtos$OzoneManagerService$2.callBlockingMethod(OzoneManagerProtocolProtos.java) [ozone-interface-client-1.4.0-SNAPSHOT.jar:?]
	at org.apache.hadoop.ipc.ProtobufRpcEngine$Server.processCall(ProtobufRpcEngine.java:465) [hadoop-common-3.3.4.jar:?]
	at org.apache.hadoop.ipc.ProtobufRpcEngine2$Server$ProtoBufRpcInvoker.call(ProtobufRpcEngine2.java:578) [hadoop-common-3.3.4.jar:?]
	at org.apache.hadoop.ipc.ProtobufRpcEngine2$Server$ProtoBufRpcInvoker.call(ProtobufRpcEngine2.java:556) [hadoop-common-3.3.4.jar:?]
	at org.apache.hadoop.ipc.RPC$Server.call(RPC.java:1093) [hadoop-common-3.3.4.jar:?]
	at org.apache.hadoop.ipc.Server$RpcCall.run(Server.java:1043) [hadoop-common-3.3.4.jar:?]
	at org.apache.hadoop.ipc.Server$RpcCall.run(Server.java:971) [hadoop-common-3.3.4.jar:?]
	at java.security.AccessController.doPrivileged(Native Method) ~[?:1.8.0_352]
	at javax.security.auth.Subject.doAs(Subject.java:422) [?:1.8.0_352]
	at org.apache.hadoop.security.UserGroupInformation.doAs(UserGroupInformation.java:1878) [hadoop-common-3.3.4.jar:?]
	at org.apache.hadoop.ipc.Server$Handler.run(Server.java:2976) [hadoop-common-3.3.4.jar:?]
20:33:25.080 [IPC Server handler 11 on default port 35105] ERROR OMAudit - user=runner | ip=127.0.0.1 | op=GET_FILE_STATUS {volume=volume38800, bucket=bucket46934, key=testBatchDelete/parent/childFolder/child6, dataSize=0, replicationConfig=null} | ret=FAILURE
org.apache.hadoop.ozone.om.exceptions.OMException: Unable to get file status: volume: volume38800 bucket: bucket46934 key: testBatchDelete/parent/childFolder/child6
	at org.apache.hadoop.ozone.om.KeyManagerImpl.getOzoneFileStatus(KeyManagerImpl.java:1301) ~[ozone-manager-1.4.0-SNAPSHOT.jar:?]
	at org.apache.hadoop.ozone.om.KeyManagerImpl.getFileStatus(KeyManagerImpl.java:1219) ~[ozone-manager-1.4.0-SNAPSHOT.jar:?]
	at org.apache.hadoop.ozone.om.OzoneManager.getFileStatus(OzoneManager.java:3498) ~[ozone-manager-1.4.0-SNAPSHOT.jar:?]
	at org.apache.hadoop.ozone.protocolPB.OzoneManagerRequestHandler.getOzoneFileStatus(OzoneManagerRequestHandler.java:913) ~[ozone-manager-1.4.0-SNAPSHOT.jar:?]
	at org.apache.hadoop.ozone.protocolPB.OzoneManagerRequestHandler.handleReadRequest(OzoneManagerRequestHandler.java:233) ~[ozone-manager-1.4.0-SNAPSHOT.jar:?]
	at org.apache.hadoop.ozone.protocolPB.OzoneManagerProtocolServerSideTranslatorPB.submitRequestDirectlyToOM(OzoneManagerProtocolServerSideTranslatorPB.java:276) ~[ozone-manager-1.4.0-SNAPSHOT.jar:?]
	at org.apache.hadoop.ozone.protocolPB.OzoneManagerProtocolServerSideTranslatorPB.processRequest(OzoneManagerProtocolServerSideTranslatorPB.java:205) ~[ozone-manager-1.4.0-SNAPSHOT.jar:?]
	at org.apache.hadoop.hdds.server.OzoneProtocolMessageDispatcher.processRequest(OzoneProtocolMessageDispatcher.java:87) [hdds-server-framework-1.4.0-SNAPSHOT.jar:?]
	at org.apache.hadoop.ozone.protocolPB.OzoneManagerProtocolServerSideTranslatorPB.submitRequest(OzoneManagerProtocolServerSideTranslatorPB.java:147) [ozone-manager-1.4.0-SNAPSHOT.jar:?]
	at org.apache.hadoop.ozone.protocol.proto.OzoneManagerProtocolProtos$OzoneManagerService$2.callBlockingMethod(OzoneManagerProtocolProtos.java) [ozone-interface-client-1.4.0-SNAPSHOT.jar:?]
	at org.apache.hadoop.ipc.ProtobufRpcEngine$Server.processCall(ProtobufRpcEngine.java:465) [hadoop-common-3.3.4.jar:?]
	at org.apache.hadoop.ipc.ProtobufRpcEngine2$Server$ProtoBufRpcInvoker.call(ProtobufRpcEngine2.java:578) [hadoop-common-3.3.4.jar:?]
	at org.apache.hadoop.ipc.ProtobufRpcEngine2$Server$ProtoBufRpcInvoker.call(ProtobufRpcEngine2.java:556) [hadoop-common-3.3.4.jar:?]
	at org.apache.hadoop.ipc.RPC$Server.call(RPC.java:1093) [hadoop-common-3.3.4.jar:?]
	at org.apache.hadoop.ipc.Server$RpcCall.run(Server.java:1043) [hadoop-common-3.3.4.jar:?]
	at org.apache.hadoop.ipc.Server$RpcCall.run(Server.java:971) [hadoop-common-3.3.4.jar:?]
	at java.security.AccessController.doPrivileged(Native Method) ~[?:1.8.0_352]
	at javax.security.auth.Subject.doAs(Subject.java:422) [?:1.8.0_352]
	at org.apache.hadoop.security.UserGroupInformation.doAs(UserGroupInformation.java:1878) [hadoop-common-3.3.4.jar:?]
	at org.apache.hadoop.ipc.Server$Handler.run(Server.java:2976) [hadoop-common-3.3.4.jar:?]
20:33:25.081 [IPC Server handler 15 on default port 35105] ERROR OMAudit - user=runner | ip=127.0.0.1 | op=GET_FILE_STATUS {volume=volume38800, bucket=bucket46934, key=testBatchDelete/parent/child7, dataSize=0, replicationConfig=null} | ret=FAILURE
org.apache.hadoop.ozone.om.exceptions.OMException: Unable to get file status: volume: volume38800 bucket: bucket46934 key: testBatchDelete/parent/child7
	at org.apache.hadoop.ozone.om.KeyManagerImpl.getOzoneFileStatus(KeyManagerImpl.java:1301) ~[ozone-manager-1.4.0-SNAPSHOT.jar:?]
	at org.apache.hadoop.ozone.om.KeyManagerImpl.getFileStatus(KeyManagerImpl.java:1219) ~[ozone-manager-1.4.0-SNAPSHOT.jar:?]
	at org.apache.hadoop.ozone.om.OzoneManager.getFileStatus(OzoneManager.java:3498) ~[ozone-manager-1.4.0-SNAPSHOT.jar:?]
	at org.apache.hadoop.ozone.protocolPB.OzoneManagerRequestHandler.getOzoneFileStatus(OzoneManagerRequestHandler.java:913) ~[ozone-manager-1.4.0-SNAPSHOT.jar:?]
	at org.apache.hadoop.ozone.protocolPB.OzoneManagerRequestHandler.handleReadRequest(OzoneManagerRequestHandler.java:233) ~[ozone-manager-1.4.0-SNAPSHOT.jar:?]
	at org.apache.hadoop.ozone.protocolPB.OzoneManagerProtocolServerSideTranslatorPB.submitRequestDirectlyToOM(OzoneManagerProtocolServerSideTranslatorPB.java:276) ~[ozone-manager-1.4.0-SNAPSHOT.jar:?]
	at org.apache.hadoop.ozone.protocolPB.OzoneManagerProtocolServerSideTranslatorPB.processRequest(OzoneManagerProtocolServerSideTranslatorPB.java:205) ~[ozone-manager-1.4.0-SNAPSHOT.jar:?]
	at org.apache.hadoop.hdds.server.OzoneProtocolMessageDispatcher.processRequest(OzoneProtocolMessageDispatcher.java:87) [hdds-server-framework-1.4.0-SNAPSHOT.jar:?]
	at org.apache.hadoop.ozone.protocolPB.OzoneManagerProtocolServerSideTranslatorPB.submitRequest(OzoneManagerProtocolServerSideTranslatorPB.java:147) [ozone-manager-1.4.0-SNAPSHOT.jar:?]
	at org.apache.hadoop.ozone.protocol.proto.OzoneManagerProtocolProtos$OzoneManagerService$2.callBlockingMethod(OzoneManagerProtocolProtos.java) [ozone-interface-client-1.4.0-SNAPSHOT.jar:?]
	at org.apache.hadoop.ipc.ProtobufRpcEngine$Server.processCall(ProtobufRpcEngine.java:465) [hadoop-common-3.3.4.jar:?]
	at org.apache.hadoop.ipc.ProtobufRpcEngine2$Server$ProtoBufRpcInvoker.call(ProtobufRpcEngine2.java:578) [hadoop-common-3.3.4.jar:?]
	at org.apache.hadoop.ipc.ProtobufRpcEngine2$Server$ProtoBufRpcInvoker.call(ProtobufRpcEngine2.java:556) [hadoop-common-3.3.4.jar:?]
	at org.apache.hadoop.ipc.RPC$Server.call(RPC.java:1093) [hadoop-common-3.3.4.jar:?]
	at org.apache.hadoop.ipc.Server$RpcCall.run(Server.java:1043) [hadoop-common-3.3.4.jar:?]
	at org.apache.hadoop.ipc.Server$RpcCall.run(Server.java:971) [hadoop-common-3.3.4.jar:?]
	at java.security.AccessController.doPrivileged(Native Method) ~[?:1.8.0_352]
	at javax.security.auth.Subject.doAs(Subject.java:422) [?:1.8.0_352]
	at org.apache.hadoop.security.UserGroupInformation.doAs(UserGroupInformation.java:1878) [hadoop-common-3.3.4.jar:?]
	at org.apache.hadoop.ipc.Server$Handler.run(Server.java:2976) [hadoop-common-3.3.4.jar:?]
20:33:25.081 [IPC Server handler 13 on default port 35105] ERROR OMAudit - user=runner | ip=127.0.0.1 | op=GET_FILE_STATUS {volume=volume38800, bucket=bucket46934, key=testBatchDelete/parent/childFolder/child7, dataSize=0, replicationConfig=null} | ret=FAILURE
org.apache.hadoop.ozone.om.exceptions.OMException: Unable to get file status: volume: volume38800 bucket: bucket46934 key: testBatchDelete/parent/childFolder/child7
	at org.apache.hadoop.ozone.om.KeyManagerImpl.getOzoneFileStatus(KeyManagerImpl.java:1301) ~[ozone-manager-1.4.0-SNAPSHOT.jar:?]
	at org.apache.hadoop.ozone.om.KeyManagerImpl.getFileStatus(KeyManagerImpl.java:1219) ~[ozone-manager-1.4.0-SNAPSHOT.jar:?]
	at org.apache.hadoop.ozone.om.OzoneManager.getFileStatus(OzoneManager.java:3498) ~[ozone-manager-1.4.0-SNAPSHOT.jar:?]
	at org.apache.hadoop.ozone.protocolPB.OzoneManagerRequestHandler.getOzoneFileStatus(OzoneManagerRequestHandler.java:913) ~[ozone-manager-1.4.0-SNAPSHOT.jar:?]
	at org.apache.hadoop.ozone.protocolPB.OzoneManagerRequestHandler.handleReadRequest(OzoneManagerRequestHandler.java:233) ~[ozone-manager-1.4.0-SNAPSHOT.jar:?]
	at org.apache.hadoop.ozone.protocolPB.OzoneManagerProtocolServerSideTranslatorPB.submitRequestDirectlyToOM(OzoneManagerProtocolServerSideTranslatorPB.java:276) ~[ozone-manager-1.4.0-SNAPSHOT.jar:?]
	at org.apache.hadoop.ozone.protocolPB.OzoneManagerProtocolServerSideTranslatorPB.processRequest(OzoneManagerProtocolServerSideTranslatorPB.java:205) ~[ozone-manager-1.4.0-SNAPSHOT.jar:?]
	at org.apache.hadoop.hdds.server.OzoneProtocolMessageDispatcher.processRequest(OzoneProtocolMessageDispatcher.java:87) [hdds-server-framework-1.4.0-SNAPSHOT.jar:?]
	at org.apache.hadoop.ozone.protocolPB.OzoneManagerProtocolServerSideTranslatorPB.submitRequest(OzoneManagerProtocolServerSideTranslatorPB.java:147) [ozone-manager-1.4.0-SNAPSHOT.jar:?]
	at org.apache.hadoop.ozone.protocol.proto.OzoneManagerProtocolProtos$OzoneManagerService$2.callBlockingMethod(OzoneManagerProtocolProtos.java) [ozone-interface-client-1.4.0-SNAPSHOT.jar:?]
	at org.apache.hadoop.ipc.ProtobufRpcEngine$Server.processCall(ProtobufRpcEngine.java:465) [hadoop-common-3.3.4.jar:?]
	at org.apache.hadoop.ipc.ProtobufRpcEngine2$Server$ProtoBufRpcInvoker.call(ProtobufRpcEngine2.java:578) [hadoop-common-3.3.4.jar:?]
	at org.apache.hadoop.ipc.ProtobufRpcEngine2$Server$ProtoBufRpcInvoker.call(ProtobufRpcEngine2.java:556) [hadoop-common-3.3.4.jar:?]
	at org.apache.hadoop.ipc.RPC$Server.call(RPC.java:1093) [hadoop-common-3.3.4.jar:?]
	at org.apache.hadoop.ipc.Server$RpcCall.run(Server.java:1043) [hadoop-common-3.3.4.jar:?]
	at org.apache.hadoop.ipc.Server$RpcCall.run(Server.java:971) [hadoop-common-3.3.4.jar:?]
	at java.security.AccessController.doPrivileged(Native Method) ~[?:1.8.0_352]
	at javax.security.auth.Subject.doAs(Subject.java:422) [?:1.8.0_352]
	at org.apache.hadoop.security.UserGroupInformation.doAs(UserGroupInformation.java:1878) [hadoop-common-3.3.4.jar:?]
	at org.apache.hadoop.ipc.Server$Handler.run(Server.java:2976) [hadoop-common-3.3.4.jar:?]
20:33:25.082 [IPC Server handler 14 on default port 35105] ERROR OMAudit - user=runner | ip=127.0.0.1 | op=GET_FILE_STATUS {volume=volume38800, bucket=bucket46934, key=testBatchDelete/parent, dataSize=0, replicationConfig=null} | ret=FAILURE
org.apache.hadoop.ozone.om.exceptions.OMException: Unable to get file status: volume: volume38800 bucket: bucket46934 key: testBatchDelete/parent
	at org.apache.hadoop.ozone.om.KeyManagerImpl.getOzoneFileStatus(KeyManagerImpl.java:1301) ~[ozone-manager-1.4.0-SNAPSHOT.jar:?]
	at org.apache.hadoop.ozone.om.KeyManagerImpl.getFileStatus(KeyManagerImpl.java:1219) ~[ozone-manager-1.4.0-SNAPSHOT.jar:?]
	at org.apache.hadoop.ozone.om.OzoneManager.getFileStatus(OzoneManager.java:3498) ~[ozone-manager-1.4.0-SNAPSHOT.jar:?]
	at org.apache.hadoop.ozone.protocolPB.OzoneManagerRequestHandler.getOzoneFileStatus(OzoneManagerRequestHandler.java:913) ~[ozone-manager-1.4.0-SNAPSHOT.jar:?]
	at org.apache.hadoop.ozone.protocolPB.OzoneManagerRequestHandler.handleReadRequest(OzoneManagerRequestHandler.java:233) ~[ozone-manager-1.4.0-SNAPSHOT.jar:?]
	at org.apache.hadoop.ozone.protocolPB.OzoneManagerProtocolServerSideTranslatorPB.submitRequestDirectlyToOM(OzoneManagerProtocolServerSideTranslatorPB.java:276) ~[ozone-manager-1.4.0-SNAPSHOT.jar:?]
	at org.apache.hadoop.ozone.protocolPB.OzoneManagerProtocolServerSideTranslatorPB.processRequest(OzoneManagerProtocolServerSideTranslatorPB.java:205) ~[ozone-manager-1.4.0-SNAPSHOT.jar:?]
	at org.apache.hadoop.hdds.server.OzoneProtocolMessageDispatcher.processRequest(OzoneProtocolMessageDispatcher.java:87) [hdds-server-framework-1.4.0-SNAPSHOT.jar:?]
	at org.apache.hadoop.ozone.protocolPB.OzoneManagerProtocolServerSideTranslatorPB.submitRequest(OzoneManagerProtocolServerSideTranslatorPB.java:147) [ozone-manager-1.4.0-SNAPSHOT.jar:?]
	at org.apache.hadoop.ozone.protocol.proto.OzoneManagerProtocolProtos$OzoneManagerService$2.callBlockingMethod(OzoneManagerProtocolProtos.java) [ozone-interface-client-1.4.0-SNAPSHOT.jar:?]
	at org.apache.hadoop.ipc.ProtobufRpcEngine$Server.processCall(ProtobufRpcEngine.java:465) [hadoop-common-3.3.4.jar:?]
	at org.apache.hadoop.ipc.ProtobufRpcEngine2$Server$ProtoBufRpcInvoker.call(ProtobufRpcEngine2.java:578) [hadoop-common-3.3.4.jar:?]
	at org.apache.hadoop.ipc.ProtobufRpcEngine2$Server$ProtoBufRpcInvoker.call(ProtobufRpcEngine2.java:556) [hadoop-common-3.3.4.jar:?]
	at org.apache.hadoop.ipc.RPC$Server.call(RPC.java:1093) [hadoop-common-3.3.4.jar:?]
	at org.apache.hadoop.ipc.Server$RpcCall.run(Server.java:1043) [hadoop-common-3.3.4.jar:?]
	at org.apache.hadoop.ipc.Server$RpcCall.run(Server.java:971) [hadoop-common-3.3.4.jar:?]
	at java.security.AccessController.doPrivileged(Native Method) ~[?:1.8.0_352]
	at javax.security.auth.Subject.doAs(Subject.java:422) [?:1.8.0_352]
	at org.apache.hadoop.security.UserGroupInformation.doAs(UserGroupInformation.java:1878) [hadoop-common-3.3.4.jar:?]
	at org.apache.hadoop.ipc.Server$Handler.run(Server.java:2976) [hadoop-common-3.3.4.jar:?]
2023-01-26 20:33:25,082 [Time-limited test] WARN  ozone.BasicOzoneFileSystem (BasicOzoneFileSystem.java:delete(551)) - delete: Path does not exist: /testBatchDelete/parent
]]></system-out>
  </testcase>
  <testcase name="testListStatusIteratorOnPageSize" classname="TestOzoneFileSystem" time="29.83">
    <system-out><![CDATA[2023-01-26 20:30:07,539 [5982ba88-a0d3-4bb4-b961-874e4813aacd@group-C481FBFF3B85-FollowerState] INFO  impl.FollowerState (FollowerState.java:run(143)) - 5982ba88-a0d3-4bb4-b961-874e4813aacd@group-C481FBFF3B85-FollowerState: change to CANDIDATE, lastRpcElapsedTime:5060104210ns, electionTimeout:5054ms
2023-01-26 20:30:07,539 [5982ba88-a0d3-4bb4-b961-874e4813aacd@group-C481FBFF3B85-FollowerState] INFO  impl.RoleInfo (RoleInfo.java:shutdownFollowerState(110)) - 5982ba88-a0d3-4bb4-b961-874e4813aacd: shutdown 5982ba88-a0d3-4bb4-b961-874e4813aacd@group-C481FBFF3B85-FollowerState
2023-01-26 20:30:07,539 [5982ba88-a0d3-4bb4-b961-874e4813aacd@group-C481FBFF3B85-FollowerState] INFO  server.RaftServer$Division (RaftServerImpl.java:setRole(321)) - 5982ba88-a0d3-4bb4-b961-874e4813aacd@group-C481FBFF3B85: changes role from  FOLLOWER to CANDIDATE at term 2 for changeToCandidate
2023-01-26 20:30:07,539 [5982ba88-a0d3-4bb4-b961-874e4813aacd@group-C481FBFF3B85-FollowerState] INFO  server.RaftServerConfigKeys (ConfUtils.java:logGet(46)) - raft.server.leaderelection.pre-vote = false (custom)
2023-01-26 20:30:07,539 [5982ba88-a0d3-4bb4-b961-874e4813aacd@group-C481FBFF3B85-FollowerState] INFO  impl.RoleInfo (RoleInfo.java:updateAndGet(139)) - 5982ba88-a0d3-4bb4-b961-874e4813aacd: start 5982ba88-a0d3-4bb4-b961-874e4813aacd@group-C481FBFF3B85-LeaderElection10
2023-01-26 20:30:07,548 [5982ba88-a0d3-4bb4-b961-874e4813aacd@group-C481FBFF3B85-LeaderElection10] INFO  impl.LeaderElection (LeaderElection.java:askForVotes(312)) - 5982ba88-a0d3-4bb4-b961-874e4813aacd@group-C481FBFF3B85-LeaderElection10 ELECTION round 0: submit vote requests at term 3 for -1: peers:[5982ba88-a0d3-4bb4-b961-874e4813aacd|rpc:10.1.0.15:35121|dataStream:10.1.0.15:36617|priority:1|startupRole:FOLLOWER, 7bf5aaad-ce4d-4dcc-9fd5-6307881c1b43|rpc:10.1.0.15:41477|dataStream:10.1.0.15:41069|priority:0|startupRole:FOLLOWER, 1568f87f-b911-477a-a667-1c441b63e4c2|rpc:10.1.0.15:44955|dataStream:10.1.0.15:41383|priority:0|startupRole:FOLLOWER]|listeners:[], old=null
2023-01-26 20:30:07,548 [5982ba88-a0d3-4bb4-b961-874e4813aacd@group-C481FBFF3B85-LeaderElection10-1] INFO  server.GrpcServerProtocolClient (GrpcServerProtocolClient.java:<init>(63)) - Build channel for 7bf5aaad-ce4d-4dcc-9fd5-6307881c1b43
2023-01-26 20:30:07,557 [5982ba88-a0d3-4bb4-b961-874e4813aacd@group-C481FBFF3B85-LeaderElection10] INFO  server.RaftServerConfigKeys (ConfUtils.java:logFallback(53)) - raft.server.rpc.first-election.timeout.min = 5s (fallback to raft.server.rpc.timeout.min)
2023-01-26 20:30:07,564 [5982ba88-a0d3-4bb4-b961-874e4813aacd@group-C481FBFF3B85-LeaderElection10] INFO  server.RaftServerConfigKeys (ConfUtils.java:logFallback(53)) - raft.server.rpc.first-election.timeout.max = 5200ms (fallback to raft.server.rpc.timeout.max)
2023-01-26 20:30:07,564 [5982ba88-a0d3-4bb4-b961-874e4813aacd@group-C481FBFF3B85-LeaderElection10-2] INFO  server.GrpcServerProtocolClient (GrpcServerProtocolClient.java:<init>(63)) - Build channel for 1568f87f-b911-477a-a667-1c441b63e4c2
2023-01-26 20:30:07,568 [1568f87f-b911-477a-a667-1c441b63e4c2@group-C481FBFF3B85-FollowerState] INFO  impl.FollowerState (FollowerState.java:run(143)) - 1568f87f-b911-477a-a667-1c441b63e4c2@group-C481FBFF3B85-FollowerState: change to CANDIDATE, lastRpcElapsedTime:5070957632ns, electionTimeout:5069ms
2023-01-26 20:30:07,568 [1568f87f-b911-477a-a667-1c441b63e4c2@group-C481FBFF3B85-FollowerState] INFO  impl.RoleInfo (RoleInfo.java:shutdownFollowerState(110)) - 1568f87f-b911-477a-a667-1c441b63e4c2: shutdown 1568f87f-b911-477a-a667-1c441b63e4c2@group-C481FBFF3B85-FollowerState
2023-01-26 20:30:07,568 [1568f87f-b911-477a-a667-1c441b63e4c2@group-C481FBFF3B85-FollowerState] INFO  server.RaftServer$Division (RaftServerImpl.java:setRole(321)) - 1568f87f-b911-477a-a667-1c441b63e4c2@group-C481FBFF3B85: changes role from  FOLLOWER to CANDIDATE at term 2 for changeToCandidate
2023-01-26 20:30:07,568 [1568f87f-b911-477a-a667-1c441b63e4c2@group-C481FBFF3B85-FollowerState] INFO  server.RaftServerConfigKeys (ConfUtils.java:logGet(46)) - raft.server.leaderelection.pre-vote = false (custom)
2023-01-26 20:30:07,568 [1568f87f-b911-477a-a667-1c441b63e4c2@group-C481FBFF3B85-FollowerState] INFO  impl.RoleInfo (RoleInfo.java:updateAndGet(139)) - 1568f87f-b911-477a-a667-1c441b63e4c2: start 1568f87f-b911-477a-a667-1c441b63e4c2@group-C481FBFF3B85-LeaderElection11
2023-01-26 20:30:07,583 [1568f87f-b911-477a-a667-1c441b63e4c2@group-C481FBFF3B85-LeaderElection11] INFO  impl.LeaderElection (LeaderElection.java:askForVotes(312)) - 1568f87f-b911-477a-a667-1c441b63e4c2@group-C481FBFF3B85-LeaderElection11 ELECTION round 0: submit vote requests at term 3 for -1: peers:[5982ba88-a0d3-4bb4-b961-874e4813aacd|rpc:10.1.0.15:35121|dataStream:10.1.0.15:36617|priority:1|startupRole:FOLLOWER, 7bf5aaad-ce4d-4dcc-9fd5-6307881c1b43|rpc:10.1.0.15:41477|dataStream:10.1.0.15:41069|priority:0|startupRole:FOLLOWER, 1568f87f-b911-477a-a667-1c441b63e4c2|rpc:10.1.0.15:44955|dataStream:10.1.0.15:41383|priority:0|startupRole:FOLLOWER]|listeners:[], old=null
2023-01-26 20:30:07,583 [grpc-default-executor-1] INFO  server.RaftServer$Division (RaftServerImpl.java:requestVote(1218)) - 7bf5aaad-ce4d-4dcc-9fd5-6307881c1b43@group-C481FBFF3B85: receive requestVote(ELECTION, 5982ba88-a0d3-4bb4-b961-874e4813aacd, group-C481FBFF3B85, 3, (t:0, i:0))
2023-01-26 20:30:07,584 [grpc-default-executor-1] INFO  impl.VoteContext (VoteContext.java:log(49)) - 7bf5aaad-ce4d-4dcc-9fd5-6307881c1b43@group-C481FBFF3B85-FOLLOWER: accept ELECTION from 5982ba88-a0d3-4bb4-b961-874e4813aacd: our priority 0 <= candidate's priority 1
2023-01-26 20:30:07,584 [grpc-default-executor-1] INFO  server.RaftServer$Division (RaftServerImpl.java:setRole(321)) - 7bf5aaad-ce4d-4dcc-9fd5-6307881c1b43@group-C481FBFF3B85: changes role from  FOLLOWER to FOLLOWER at term 3 for candidate:5982ba88-a0d3-4bb4-b961-874e4813aacd
2023-01-26 20:30:07,584 [grpc-default-executor-1] INFO  impl.RoleInfo (RoleInfo.java:shutdownFollowerState(110)) - 7bf5aaad-ce4d-4dcc-9fd5-6307881c1b43: shutdown 7bf5aaad-ce4d-4dcc-9fd5-6307881c1b43@group-C481FBFF3B85-FollowerState
2023-01-26 20:30:07,584 [grpc-default-executor-1] INFO  impl.RoleInfo (RoleInfo.java:updateAndGet(139)) - 7bf5aaad-ce4d-4dcc-9fd5-6307881c1b43: start 7bf5aaad-ce4d-4dcc-9fd5-6307881c1b43@group-C481FBFF3B85-FollowerState
2023-01-26 20:30:07,584 [7bf5aaad-ce4d-4dcc-9fd5-6307881c1b43@group-C481FBFF3B85-FollowerState] INFO  impl.FollowerState (FollowerState.java:run(152)) - 7bf5aaad-ce4d-4dcc-9fd5-6307881c1b43@group-C481FBFF3B85-FollowerState was interrupted
2023-01-26 20:30:07,598 [7bf5aaad-ce4d-4dcc-9fd5-6307881c1b43@group-C481FBFF3B85-FollowerState] INFO  server.RaftServerConfigKeys (ConfUtils.java:logFallback(53)) - raft.server.rpc.first-election.timeout.min = 5s (fallback to raft.server.rpc.timeout.min)
2023-01-26 20:30:07,599 [7bf5aaad-ce4d-4dcc-9fd5-6307881c1b43@group-C481FBFF3B85-FollowerState] INFO  server.RaftServerConfigKeys (ConfUtils.java:logFallback(53)) - raft.server.rpc.first-election.timeout.max = 5200ms (fallback to raft.server.rpc.timeout.max)
2023-01-26 20:30:07,598 [grpc-default-executor-1] INFO  server.RaftServer$Division (RaftServerImpl.java:requestVote(1251)) - 7bf5aaad-ce4d-4dcc-9fd5-6307881c1b43@group-C481FBFF3B85 replies to ELECTION vote request: 5982ba88-a0d3-4bb4-b961-874e4813aacd<-7bf5aaad-ce4d-4dcc-9fd5-6307881c1b43#0:OK-t3. Peer's state: 7bf5aaad-ce4d-4dcc-9fd5-6307881c1b43@group-C481FBFF3B85:t3, leader=null, voted=5982ba88-a0d3-4bb4-b961-874e4813aacd, raftlog=Memoized:7bf5aaad-ce4d-4dcc-9fd5-6307881c1b43@group-C481FBFF3B85-SegmentedRaftLog:OPENED:c-1, conf=-1: peers:[5982ba88-a0d3-4bb4-b961-874e4813aacd|rpc:10.1.0.15:35121|dataStream:10.1.0.15:36617|priority:1|startupRole:FOLLOWER, 7bf5aaad-ce4d-4dcc-9fd5-6307881c1b43|rpc:10.1.0.15:41477|dataStream:10.1.0.15:41069|priority:0|startupRole:FOLLOWER, 1568f87f-b911-477a-a667-1c441b63e4c2|rpc:10.1.0.15:44955|dataStream:10.1.0.15:41383|priority:0|startupRole:FOLLOWER]|listeners:[], old=null
2023-01-26 20:30:07,587 [1568f87f-b911-477a-a667-1c441b63e4c2@group-C481FBFF3B85-LeaderElection11] INFO  server.RaftServerConfigKeys (ConfUtils.java:logFallback(53)) - raft.server.rpc.first-election.timeout.min = 5s (fallback to raft.server.rpc.timeout.min)
2023-01-26 20:30:07,603 [1568f87f-b911-477a-a667-1c441b63e4c2@group-C481FBFF3B85-LeaderElection11] INFO  server.RaftServerConfigKeys (ConfUtils.java:logFallback(53)) - raft.server.rpc.first-election.timeout.max = 5200ms (fallback to raft.server.rpc.timeout.max)
2023-01-26 20:30:07,605 [5982ba88-a0d3-4bb4-b961-874e4813aacd@group-C481FBFF3B85-LeaderElection10] INFO  impl.LeaderElection (LeaderElection.java:logAndReturn(90)) - 5982ba88-a0d3-4bb4-b961-874e4813aacd@group-C481FBFF3B85-LeaderElection10: ELECTION PASSED received 1 response(s) and 0 exception(s):
2023-01-26 20:30:07,606 [5982ba88-a0d3-4bb4-b961-874e4813aacd@group-C481FBFF3B85-LeaderElection10] INFO  impl.LeaderElection (LeaderElection.java:logAndReturn(94)) -   Response 0: 5982ba88-a0d3-4bb4-b961-874e4813aacd<-7bf5aaad-ce4d-4dcc-9fd5-6307881c1b43#0:OK-t3
2023-01-26 20:30:07,606 [5982ba88-a0d3-4bb4-b961-874e4813aacd@group-C481FBFF3B85-LeaderElection10] INFO  impl.LeaderElection (LeaderElection.java:askForVotes(314)) - 5982ba88-a0d3-4bb4-b961-874e4813aacd@group-C481FBFF3B85-LeaderElection10 ELECTION round 0: result PASSED
2023-01-26 20:30:07,606 [5982ba88-a0d3-4bb4-b961-874e4813aacd@group-C481FBFF3B85-LeaderElection10] INFO  impl.RoleInfo (RoleInfo.java:shutdownLeaderElection(130)) - 5982ba88-a0d3-4bb4-b961-874e4813aacd: shutdown 5982ba88-a0d3-4bb4-b961-874e4813aacd@group-C481FBFF3B85-LeaderElection10
2023-01-26 20:30:07,606 [5982ba88-a0d3-4bb4-b961-874e4813aacd@group-C481FBFF3B85-LeaderElection10] INFO  server.RaftServer$Division (RaftServerImpl.java:setRole(321)) - 5982ba88-a0d3-4bb4-b961-874e4813aacd@group-C481FBFF3B85: changes role from CANDIDATE to LEADER at term 3 for changeToLeader
2023-01-26 20:30:07,606 [5982ba88-a0d3-4bb4-b961-874e4813aacd@group-C481FBFF3B85-LeaderElection10] INFO  ratis.XceiverServerRatis (XceiverServerRatis.java:handleLeaderChangedNotification(904)) - Leader change notification received for group: group-C481FBFF3B85 with new leaderId: 5982ba88-a0d3-4bb4-b961-874e4813aacd
2023-01-26 20:30:07,607 [5982ba88-a0d3-4bb4-b961-874e4813aacd@group-C481FBFF3B85-LeaderElection10] INFO  server.RaftServer$Division (ServerState.java:setLeader(313)) - 5982ba88-a0d3-4bb4-b961-874e4813aacd@group-C481FBFF3B85: change Leader from null to 5982ba88-a0d3-4bb4-b961-874e4813aacd at term 3 for becomeLeader, leader elected after 15120ms
2023-01-26 20:30:07,607 [5982ba88-a0d3-4bb4-b961-874e4813aacd@group-C481FBFF3B85-LeaderElection10] INFO  server.RaftServerConfigKeys (ConfUtils.java:logGet(46)) - raft.server.staging.catchup.gap = 1000 (default)
2023-01-26 20:30:07,607 [5982ba88-a0d3-4bb4-b961-874e4813aacd@group-C481FBFF3B85-LeaderElection10] INFO  server.RaftServerConfigKeys (ConfUtils.java:logGet(46)) - raft.server.write.element-limit = 1024 (custom)
2023-01-26 20:30:07,607 [5982ba88-a0d3-4bb4-b961-874e4813aacd@group-C481FBFF3B85-LeaderElection10] INFO  server.RaftServerConfigKeys (ConfUtils.java:logGet(46)) - raft.server.write.byte-limit = 1024 M (=1073741824) (custom)
2023-01-26 20:30:07,607 [5982ba88-a0d3-4bb4-b961-874e4813aacd@group-C481FBFF3B85-LeaderElection10] INFO  server.RaftServerConfigKeys (ConfUtils.java:logGet(46)) - raft.server.watch.timeout = 180s (custom)
2023-01-26 20:30:07,607 [5982ba88-a0d3-4bb4-b961-874e4813aacd@group-C481FBFF3B85-LeaderElection10] INFO  server.RaftServerConfigKeys (ConfUtils.java:logGet(46)) - raft.server.watch.timeout.denomination = 1s (default)
2023-01-26 20:30:07,607 [5982ba88-a0d3-4bb4-b961-874e4813aacd@group-C481FBFF3B85-LeaderElection10] INFO  server.RaftServerConfigKeys (ConfUtils.java:logGet(46)) - raft.server.watch.element-limit = 65536 (default)
2023-01-26 20:30:07,607 [5982ba88-a0d3-4bb4-b961-874e4813aacd@group-C481FBFF3B85-LeaderElection10] INFO  server.RaftServerConfigKeys (ConfUtils.java:logGet(46)) - raft.server.write.element-limit = 1024 (custom)
2023-01-26 20:30:07,607 [5982ba88-a0d3-4bb4-b961-874e4813aacd@group-C481FBFF3B85-LeaderElection10] INFO  server.RaftServerConfigKeys (ConfUtils.java:logGet(46)) - raft.server.write.follower.gap.ratio.max = -1.0 (default)
2023-01-26 20:30:07,608 [5982ba88-a0d3-4bb4-b961-874e4813aacd@group-C481FBFF3B85-LeaderElection10] INFO  server.RaftServerConfigKeys (ConfUtils.java:logGet(46)) - raft.server.log.appender.snapshot.chunk.size.max = 16MB (=16777216) (default)
2023-01-26 20:30:07,608 [5982ba88-a0d3-4bb4-b961-874e4813aacd@group-C481FBFF3B85-LeaderElection10] INFO  server.RaftServerConfigKeys (ConfUtils.java:logGet(46)) - raft.server.log.appender.buffer.byte-limit = 33554432 (custom)
2023-01-26 20:30:07,608 [5982ba88-a0d3-4bb4-b961-874e4813aacd@group-C481FBFF3B85-LeaderElection10] INFO  server.RaftServerConfigKeys (ConfUtils.java:logGet(46)) - raft.server.log.appender.buffer.element-limit = 1 (custom)
2023-01-26 20:30:07,609 [grpc-default-executor-0] INFO  server.RaftServer$Division (RaftServerImpl.java:requestVote(1218)) - 5982ba88-a0d3-4bb4-b961-874e4813aacd@group-C481FBFF3B85: receive requestVote(ELECTION, 1568f87f-b911-477a-a667-1c441b63e4c2, group-C481FBFF3B85, 3, (t:0, i:0))
2023-01-26 20:30:07,609 [grpc-default-executor-2] INFO  server.RaftServer$Division (RaftServerImpl.java:requestVote(1218)) - 7bf5aaad-ce4d-4dcc-9fd5-6307881c1b43@group-C481FBFF3B85: receive requestVote(ELECTION, 1568f87f-b911-477a-a667-1c441b63e4c2, group-C481FBFF3B85, 3, (t:0, i:0))
2023-01-26 20:30:07,609 [grpc-default-executor-2] INFO  impl.VoteContext (VoteContext.java:log(49)) - 7bf5aaad-ce4d-4dcc-9fd5-6307881c1b43@group-C481FBFF3B85-FOLLOWER: reject ELECTION from 1568f87f-b911-477a-a667-1c441b63e4c2: already has voted for 5982ba88-a0d3-4bb4-b961-874e4813aacd at current term 3
2023-01-26 20:30:07,609 [grpc-default-executor-2] INFO  server.RaftServer$Division (RaftServerImpl.java:requestVote(1251)) - 7bf5aaad-ce4d-4dcc-9fd5-6307881c1b43@group-C481FBFF3B85 replies to ELECTION vote request: 1568f87f-b911-477a-a667-1c441b63e4c2<-7bf5aaad-ce4d-4dcc-9fd5-6307881c1b43#0:FAIL-t3. Peer's state: 7bf5aaad-ce4d-4dcc-9fd5-6307881c1b43@group-C481FBFF3B85:t3, leader=null, voted=5982ba88-a0d3-4bb4-b961-874e4813aacd, raftlog=Memoized:7bf5aaad-ce4d-4dcc-9fd5-6307881c1b43@group-C481FBFF3B85-SegmentedRaftLog:OPENED:c-1, conf=-1: peers:[5982ba88-a0d3-4bb4-b961-874e4813aacd|rpc:10.1.0.15:35121|dataStream:10.1.0.15:36617|priority:1|startupRole:FOLLOWER, 7bf5aaad-ce4d-4dcc-9fd5-6307881c1b43|rpc:10.1.0.15:41477|dataStream:10.1.0.15:41069|priority:0|startupRole:FOLLOWER, 1568f87f-b911-477a-a667-1c441b63e4c2|rpc:10.1.0.15:44955|dataStream:10.1.0.15:41383|priority:0|startupRole:FOLLOWER]|listeners:[], old=null
2023-01-26 20:30:07,611 [EventQueue-PipelineReportForPipelineReportHandler] INFO  pipeline.PipelineManagerImpl (PipelineManagerImpl.java:openPipeline(367)) - Pipeline Pipeline[ Id: 79c39a30-5e94-4bb2-b8be-c481fbff3b85, Nodes: 7bf5aaad-ce4d-4dcc-9fd5-6307881c1b43(fv-az462-54.0zuljvm5d0yedf4jva4xayy4gc.gx.internal.cloudapp.net/10.1.0.15)1568f87f-b911-477a-a667-1c441b63e4c2(fv-az462-54.0zuljvm5d0yedf4jva4xayy4gc.gx.internal.cloudapp.net/10.1.0.15)5982ba88-a0d3-4bb4-b961-874e4813aacd(fv-az462-54.0zuljvm5d0yedf4jva4xayy4gc.gx.internal.cloudapp.net/10.1.0.15), ReplicationConfig: RATIS/THREE, State:ALLOCATED, leaderId:5982ba88-a0d3-4bb4-b961-874e4813aacd, CreationTimestamp2023-01-26T20:29:49.450Z[Etc/UTC]] moved to OPEN state
2023-01-26 20:30:07,611 [grpc-default-executor-2] INFO  server.RaftServer$Division (RaftServerImpl.java:requestVote(1218)) - 1568f87f-b911-477a-a667-1c441b63e4c2@group-C481FBFF3B85: receive requestVote(ELECTION, 5982ba88-a0d3-4bb4-b961-874e4813aacd, group-C481FBFF3B85, 3, (t:0, i:0))
2023-01-26 20:30:07,612 [grpc-default-executor-2] INFO  impl.VoteContext (VoteContext.java:log(49)) - 1568f87f-b911-477a-a667-1c441b63e4c2@group-C481FBFF3B85-CANDIDATE: reject ELECTION from 5982ba88-a0d3-4bb4-b961-874e4813aacd: already has voted for 1568f87f-b911-477a-a667-1c441b63e4c2 at current term 3
2023-01-26 20:30:07,612 [grpc-default-executor-2] INFO  server.RaftServer$Division (RaftServerImpl.java:requestVote(1251)) - 1568f87f-b911-477a-a667-1c441b63e4c2@group-C481FBFF3B85 replies to ELECTION vote request: 5982ba88-a0d3-4bb4-b961-874e4813aacd<-1568f87f-b911-477a-a667-1c441b63e4c2#0:FAIL-t3. Peer's state: 1568f87f-b911-477a-a667-1c441b63e4c2@group-C481FBFF3B85:t3, leader=null, voted=1568f87f-b911-477a-a667-1c441b63e4c2, raftlog=Memoized:1568f87f-b911-477a-a667-1c441b63e4c2@group-C481FBFF3B85-SegmentedRaftLog:OPENED:c-1, conf=-1: peers:[5982ba88-a0d3-4bb4-b961-874e4813aacd|rpc:10.1.0.15:35121|dataStream:10.1.0.15:36617|priority:1|startupRole:FOLLOWER, 7bf5aaad-ce4d-4dcc-9fd5-6307881c1b43|rpc:10.1.0.15:41477|dataStream:10.1.0.15:41069|priority:0|startupRole:FOLLOWER, 1568f87f-b911-477a-a667-1c441b63e4c2|rpc:10.1.0.15:44955|dataStream:10.1.0.15:41383|priority:0|startupRole:FOLLOWER]|listeners:[], old=null
2023-01-26 20:30:07,608 [5982ba88-a0d3-4bb4-b961-874e4813aacd@group-C481FBFF3B85-LeaderElection10] INFO  grpc.GrpcConfigKeys (ConfUtils.java:logGet(46)) - raft.grpc.server.leader.outstanding.appends.max = 128 (default)
2023-01-26 20:30:07,614 [5982ba88-a0d3-4bb4-b961-874e4813aacd@group-C481FBFF3B85-LeaderElection10] INFO  server.RaftServerConfigKeys (ConfUtils.java:logGet(46)) - raft.server.rpc.request.timeout = 60s (custom)
2023-01-26 20:30:07,614 [5982ba88-a0d3-4bb4-b961-874e4813aacd@group-C481FBFF3B85-LeaderElection10] INFO  server.RaftServerConfigKeys (ConfUtils.java:logGet(46)) - raft.server.log.appender.install.snapshot.enabled = false (custom)
2023-01-26 20:30:07,615 [5982ba88-a0d3-4bb4-b961-874e4813aacd@group-C481FBFF3B85-LeaderElection10] INFO  grpc.GrpcConfigKeys (ConfUtils.java:logGet(46)) - raft.grpc.server.heartbeat.channel = true (default)
2023-01-26 20:30:07,615 [5982ba88-a0d3-4bb4-b961-874e4813aacd@group-C481FBFF3B85-LeaderElection10] INFO  server.RaftServerConfigKeys (ConfUtils.java:logGet(46)) - raft.server.log.appender.wait-time.min = 10ms (default)
2023-01-26 20:30:07,615 [5982ba88-a0d3-4bb4-b961-874e4813aacd@group-C481FBFF3B85-LeaderElection10] INFO  server.RaftServerConfigKeys (ConfUtils.java:logGet(46)) - raft.server.log.appender.snapshot.chunk.size.max = 16MB (=16777216) (default)
2023-01-26 20:30:07,615 [5982ba88-a0d3-4bb4-b961-874e4813aacd@group-C481FBFF3B85-LeaderElection10] INFO  server.RaftServerConfigKeys (ConfUtils.java:logGet(46)) - raft.server.log.appender.buffer.byte-limit = 33554432 (custom)
2023-01-26 20:30:07,615 [5982ba88-a0d3-4bb4-b961-874e4813aacd@group-C481FBFF3B85-LeaderElection10] INFO  server.RaftServerConfigKeys (ConfUtils.java:logGet(46)) - raft.server.log.appender.buffer.element-limit = 1 (custom)
2023-01-26 20:30:07,615 [5982ba88-a0d3-4bb4-b961-874e4813aacd@group-C481FBFF3B85-LeaderElection10] INFO  grpc.GrpcConfigKeys (ConfUtils.java:logGet(46)) - raft.grpc.server.leader.outstanding.appends.max = 128 (default)
2023-01-26 20:30:07,615 [5982ba88-a0d3-4bb4-b961-874e4813aacd@group-C481FBFF3B85-LeaderElection10] INFO  server.RaftServerConfigKeys (ConfUtils.java:logGet(46)) - raft.server.rpc.request.timeout = 60s (custom)
2023-01-26 20:30:07,615 [5982ba88-a0d3-4bb4-b961-874e4813aacd@group-C481FBFF3B85-LeaderElection10] INFO  server.RaftServerConfigKeys (ConfUtils.java:logGet(46)) - raft.server.log.appender.install.snapshot.enabled = false (custom)
2023-01-26 20:30:07,616 [5982ba88-a0d3-4bb4-b961-874e4813aacd@group-C481FBFF3B85-LeaderElection10] INFO  grpc.GrpcConfigKeys (ConfUtils.java:logGet(46)) - raft.grpc.server.heartbeat.channel = true (default)
2023-01-26 20:30:07,616 [5982ba88-a0d3-4bb4-b961-874e4813aacd@group-C481FBFF3B85-LeaderElection10] INFO  server.RaftServerConfigKeys (ConfUtils.java:logGet(46)) - raft.server.log.appender.wait-time.min = 10ms (default)
2023-01-26 20:30:07,616 [5982ba88-a0d3-4bb4-b961-874e4813aacd@group-C481FBFF3B85-LeaderElection10] INFO  impl.RoleInfo (RoleInfo.java:updateAndGet(139)) - 5982ba88-a0d3-4bb4-b961-874e4813aacd: start 5982ba88-a0d3-4bb4-b961-874e4813aacd@group-C481FBFF3B85-LeaderStateImpl
2023-01-26 20:30:07,616 [5982ba88-a0d3-4bb4-b961-874e4813aacd@group-C481FBFF3B85-LeaderElection10] INFO  segmented.SegmentedRaftLogWorker (SegmentedRaftLogWorker.java:startLogSegment(452)) - 5982ba88-a0d3-4bb4-b961-874e4813aacd@group-C481FBFF3B85-SegmentedRaftLogWorker: Starting segment from index:0
2023-01-26 20:30:07,618 [5982ba88-a0d3-4bb4-b961-874e4813aacd@group-C481FBFF3B85-SegmentedRaftLogWorker] INFO  segmented.SegmentedRaftLogWorker (SegmentedRaftLogWorker.java:execute(656)) - 5982ba88-a0d3-4bb4-b961-874e4813aacd@group-C481FBFF3B85-SegmentedRaftLogWorker: created new log segment /home/runner/work/ozone/ozone/hadoop-ozone/integration-test/target/test-dir/MiniOzoneClusterImpl-91732d81-4c55-4ff3-841d-5fdfde2aad74/datanode-2/data/ratis/79c39a30-5e94-4bb2-b8be-c481fbff3b85/current/log_inprogress_0
2023-01-26 20:30:07,649 [5982ba88-a0d3-4bb4-b961-874e4813aacd@group-C481FBFF3B85-LeaderElection10] INFO  server.RaftServer$Division (ServerState.java:setRaftConf(430)) - 5982ba88-a0d3-4bb4-b961-874e4813aacd@group-C481FBFF3B85: set configuration 0: peers:[5982ba88-a0d3-4bb4-b961-874e4813aacd|rpc:10.1.0.15:35121|dataStream:10.1.0.15:36617|priority:1|startupRole:FOLLOWER, 7bf5aaad-ce4d-4dcc-9fd5-6307881c1b43|rpc:10.1.0.15:41477|dataStream:10.1.0.15:41069|priority:0|startupRole:FOLLOWER, 1568f87f-b911-477a-a667-1c441b63e4c2|rpc:10.1.0.15:44955|dataStream:10.1.0.15:41383|priority:0|startupRole:FOLLOWER]|listeners:[], old=null
2023-01-26 20:30:07,650 [grpc-default-executor-0] INFO  impl.VoteContext (VoteContext.java:log(49)) - 5982ba88-a0d3-4bb4-b961-874e4813aacd@group-C481FBFF3B85-LEADER: reject ELECTION from 1568f87f-b911-477a-a667-1c441b63e4c2: already has voted for 5982ba88-a0d3-4bb4-b961-874e4813aacd at current term 3
2023-01-26 20:30:07,651 [grpc-default-executor-0] INFO  server.RaftServer$Division (RaftServerImpl.java:requestVote(1251)) - 5982ba88-a0d3-4bb4-b961-874e4813aacd@group-C481FBFF3B85 replies to ELECTION vote request: 1568f87f-b911-477a-a667-1c441b63e4c2<-5982ba88-a0d3-4bb4-b961-874e4813aacd#0:FAIL-t3. Peer's state: 5982ba88-a0d3-4bb4-b961-874e4813aacd@group-C481FBFF3B85:t3, leader=5982ba88-a0d3-4bb4-b961-874e4813aacd, voted=5982ba88-a0d3-4bb4-b961-874e4813aacd, raftlog=Memoized:5982ba88-a0d3-4bb4-b961-874e4813aacd@group-C481FBFF3B85-SegmentedRaftLog:OPENED:c-1, conf=0: peers:[5982ba88-a0d3-4bb4-b961-874e4813aacd|rpc:10.1.0.15:35121|dataStream:10.1.0.15:36617|priority:1|startupRole:FOLLOWER, 7bf5aaad-ce4d-4dcc-9fd5-6307881c1b43|rpc:10.1.0.15:41477|dataStream:10.1.0.15:41069|priority:0|startupRole:FOLLOWER, 1568f87f-b911-477a-a667-1c441b63e4c2|rpc:10.1.0.15:44955|dataStream:10.1.0.15:41383|priority:0|startupRole:FOLLOWER]|listeners:[], old=null
2023-01-26 20:30:07,654 [1568f87f-b911-477a-a667-1c441b63e4c2@group-C481FBFF3B85-LeaderElection11] INFO  impl.LeaderElection (LeaderElection.java:logAndReturn(90)) - 1568f87f-b911-477a-a667-1c441b63e4c2@group-C481FBFF3B85-LeaderElection11: ELECTION REJECTED received 2 response(s) and 0 exception(s):
2023-01-26 20:30:07,657 [1568f87f-b911-477a-a667-1c441b63e4c2@group-C481FBFF3B85-LeaderElection11] INFO  impl.LeaderElection (LeaderElection.java:logAndReturn(94)) -   Response 0: 1568f87f-b911-477a-a667-1c441b63e4c2<-5982ba88-a0d3-4bb4-b961-874e4813aacd#0:FAIL-t3
2023-01-26 20:30:07,657 [1568f87f-b911-477a-a667-1c441b63e4c2@group-C481FBFF3B85-LeaderElection11] INFO  impl.LeaderElection (LeaderElection.java:logAndReturn(94)) -   Response 1: 1568f87f-b911-477a-a667-1c441b63e4c2<-7bf5aaad-ce4d-4dcc-9fd5-6307881c1b43#0:FAIL-t3
2023-01-26 20:30:07,657 [1568f87f-b911-477a-a667-1c441b63e4c2@group-C481FBFF3B85-LeaderElection11] INFO  impl.LeaderElection (LeaderElection.java:askForVotes(314)) - 1568f87f-b911-477a-a667-1c441b63e4c2@group-C481FBFF3B85-LeaderElection11 ELECTION round 0: result REJECTED
2023-01-26 20:30:07,657 [1568f87f-b911-477a-a667-1c441b63e4c2@group-C481FBFF3B85-LeaderElection11] INFO  server.RaftServer$Division (RaftServerImpl.java:setRole(321)) - 1568f87f-b911-477a-a667-1c441b63e4c2@group-C481FBFF3B85: changes role from CANDIDATE to FOLLOWER at term 3 for REJECTED
2023-01-26 20:30:07,657 [1568f87f-b911-477a-a667-1c441b63e4c2@group-C481FBFF3B85-LeaderElection11] INFO  impl.RoleInfo (RoleInfo.java:shutdownLeaderElection(130)) - 1568f87f-b911-477a-a667-1c441b63e4c2: shutdown 1568f87f-b911-477a-a667-1c441b63e4c2@group-C481FBFF3B85-LeaderElection11
2023-01-26 20:30:07,657 [1568f87f-b911-477a-a667-1c441b63e4c2@group-C481FBFF3B85-LeaderElection11] INFO  impl.RoleInfo (RoleInfo.java:updateAndGet(139)) - 1568f87f-b911-477a-a667-1c441b63e4c2: start 1568f87f-b911-477a-a667-1c441b63e4c2@group-C481FBFF3B85-FollowerState
2023-01-26 20:30:07,655 [7bf5aaad-ce4d-4dcc-9fd5-6307881c1b43-server-thread1] INFO  ratis.XceiverServerRatis (XceiverServerRatis.java:handleLeaderChangedNotification(904)) - Leader change notification received for group: group-C481FBFF3B85 with new leaderId: 5982ba88-a0d3-4bb4-b961-874e4813aacd
2023-01-26 20:30:07,677 [7bf5aaad-ce4d-4dcc-9fd5-6307881c1b43-server-thread1] INFO  server.RaftServer$Division (ServerState.java:setLeader(313)) - 7bf5aaad-ce4d-4dcc-9fd5-6307881c1b43@group-C481FBFF3B85: change Leader from null to 5982ba88-a0d3-4bb4-b961-874e4813aacd at term 3 for appendEntries, leader elected after 15495ms
2023-01-26 20:30:07,657 [1568f87f-b911-477a-a667-1c441b63e4c2@group-C481FBFF3B85-FollowerState] INFO  server.RaftServerConfigKeys (ConfUtils.java:logFallback(53)) - raft.server.rpc.first-election.timeout.min = 5s (fallback to raft.server.rpc.timeout.min)
2023-01-26 20:30:07,678 [1568f87f-b911-477a-a667-1c441b63e4c2@group-C481FBFF3B85-FollowerState] INFO  server.RaftServerConfigKeys (ConfUtils.java:logFallback(53)) - raft.server.rpc.first-election.timeout.max = 5200ms (fallback to raft.server.rpc.timeout.max)
2023-01-26 20:30:07,678 [7bf5aaad-ce4d-4dcc-9fd5-6307881c1b43-server-thread2] INFO  server.RaftServer$Division (ServerState.java:setRaftConf(430)) - 7bf5aaad-ce4d-4dcc-9fd5-6307881c1b43@group-C481FBFF3B85: set configuration 0: peers:[5982ba88-a0d3-4bb4-b961-874e4813aacd|rpc:10.1.0.15:35121|dataStream:10.1.0.15:36617|priority:1|startupRole:FOLLOWER, 7bf5aaad-ce4d-4dcc-9fd5-6307881c1b43|rpc:10.1.0.15:41477|dataStream:10.1.0.15:41069|priority:0|startupRole:FOLLOWER, 1568f87f-b911-477a-a667-1c441b63e4c2|rpc:10.1.0.15:44955|dataStream:10.1.0.15:41383|priority:0|startupRole:FOLLOWER]|listeners:[], old=null
2023-01-26 20:30:07,679 [7bf5aaad-ce4d-4dcc-9fd5-6307881c1b43-server-thread2] INFO  segmented.SegmentedRaftLogWorker (SegmentedRaftLogWorker.java:startLogSegment(452)) - 7bf5aaad-ce4d-4dcc-9fd5-6307881c1b43@group-C481FBFF3B85-SegmentedRaftLogWorker: Starting segment from index:0
2023-01-26 20:30:07,681 [7bf5aaad-ce4d-4dcc-9fd5-6307881c1b43@group-C481FBFF3B85-SegmentedRaftLogWorker] INFO  segmented.SegmentedRaftLogWorker (SegmentedRaftLogWorker.java:execute(656)) - 7bf5aaad-ce4d-4dcc-9fd5-6307881c1b43@group-C481FBFF3B85-SegmentedRaftLogWorker: created new log segment /home/runner/work/ozone/ozone/hadoop-ozone/integration-test/target/test-dir/MiniOzoneClusterImpl-91732d81-4c55-4ff3-841d-5fdfde2aad74/datanode-0/data/ratis/79c39a30-5e94-4bb2-b8be-c481fbff3b85/current/log_inprogress_0
2023-01-26 20:30:07,685 [1568f87f-b911-477a-a667-1c441b63e4c2-server-thread1] INFO  ratis.XceiverServerRatis (XceiverServerRatis.java:handleLeaderChangedNotification(904)) - Leader change notification received for group: group-C481FBFF3B85 with new leaderId: 5982ba88-a0d3-4bb4-b961-874e4813aacd
2023-01-26 20:30:07,685 [1568f87f-b911-477a-a667-1c441b63e4c2-server-thread1] INFO  server.RaftServer$Division (ServerState.java:setLeader(313)) - 1568f87f-b911-477a-a667-1c441b63e4c2@group-C481FBFF3B85: change Leader from null to 5982ba88-a0d3-4bb4-b961-874e4813aacd at term 3 for appendEntries, leader elected after 15548ms
2023-01-26 20:30:07,696 [1568f87f-b911-477a-a667-1c441b63e4c2-server-thread2] INFO  server.RaftServer$Division (ServerState.java:setRaftConf(430)) - 1568f87f-b911-477a-a667-1c441b63e4c2@group-C481FBFF3B85: set configuration 0: peers:[5982ba88-a0d3-4bb4-b961-874e4813aacd|rpc:10.1.0.15:35121|dataStream:10.1.0.15:36617|priority:1|startupRole:FOLLOWER, 7bf5aaad-ce4d-4dcc-9fd5-6307881c1b43|rpc:10.1.0.15:41477|dataStream:10.1.0.15:41069|priority:0|startupRole:FOLLOWER, 1568f87f-b911-477a-a667-1c441b63e4c2|rpc:10.1.0.15:44955|dataStream:10.1.0.15:41383|priority:0|startupRole:FOLLOWER]|listeners:[], old=null
2023-01-26 20:30:07,696 [1568f87f-b911-477a-a667-1c441b63e4c2-server-thread2] INFO  segmented.SegmentedRaftLogWorker (SegmentedRaftLogWorker.java:startLogSegment(452)) - 1568f87f-b911-477a-a667-1c441b63e4c2@group-C481FBFF3B85-SegmentedRaftLogWorker: Starting segment from index:0
2023-01-26 20:30:07,701 [1568f87f-b911-477a-a667-1c441b63e4c2@group-C481FBFF3B85-SegmentedRaftLogWorker] INFO  segmented.SegmentedRaftLogWorker (SegmentedRaftLogWorker.java:execute(656)) - 1568f87f-b911-477a-a667-1c441b63e4c2@group-C481FBFF3B85-SegmentedRaftLogWorker: created new log segment /home/runner/work/ozone/ozone/hadoop-ozone/integration-test/target/test-dir/MiniOzoneClusterImpl-91732d81-4c55-4ff3-841d-5fdfde2aad74/datanode-1/data/ratis/79c39a30-5e94-4bb2-b8be-c481fbff3b85/current/log_inprogress_0
2023-01-26 20:30:09,470 [Under Replicated Processor] INFO  replication.UnhealthyReplicationProcessor (UnhealthyReplicationProcessor.java:processAll(105)) - Processed 0 containers with health state counts {},failed processing 0
2023-01-26 20:30:09,482 [Over Replicated Processor] INFO  replication.UnhealthyReplicationProcessor (UnhealthyReplicationProcessor.java:processAll(105)) - Processed 0 containers with health state counts {},failed processing 0
]]></system-out>
  </testcase>
  <testcase name="testListStatusIteratorOnPageSize" classname="TestOzoneFileSystem" time="17.189">
    <system-out><![CDATA[2023-01-26 20:31:19,452 [Under Replicated Processor] INFO  replication.UnhealthyReplicationProcessor (UnhealthyReplicationProcessor.java:processAll(105)) - Processed 0 containers with health state counts {},failed processing 0
2023-01-26 20:31:19,461 [Over Replicated Processor] INFO  replication.UnhealthyReplicationProcessor (UnhealthyReplicationProcessor.java:processAll(105)) - Processed 0 containers with health state counts {},failed processing 0
]]></system-out>
  </testcase>
  <testcase name="testListStatusIteratorOnPageSize" classname="TestOzoneFileSystem" time="22.235">
    <system-out><![CDATA[2023-01-26 20:32:22,499 [a7887d3a-ac12-44f2-81f3-1f33b720a94f@group-1C34DF8C7ECE-FollowerState] INFO  impl.FollowerState (FollowerState.java:run(143)) - a7887d3a-ac12-44f2-81f3-1f33b720a94f@group-1C34DF8C7ECE-FollowerState: change to CANDIDATE, lastRpcElapsedTime:5046526910ns, electionTimeout:5046ms
2023-01-26 20:32:22,499 [a7887d3a-ac12-44f2-81f3-1f33b720a94f@group-1C34DF8C7ECE-FollowerState] INFO  impl.RoleInfo (RoleInfo.java:shutdownFollowerState(110)) - a7887d3a-ac12-44f2-81f3-1f33b720a94f: shutdown a7887d3a-ac12-44f2-81f3-1f33b720a94f@group-1C34DF8C7ECE-FollowerState
2023-01-26 20:32:22,499 [a7887d3a-ac12-44f2-81f3-1f33b720a94f@group-1C34DF8C7ECE-FollowerState] INFO  server.RaftServer$Division (RaftServerImpl.java:setRole(321)) - a7887d3a-ac12-44f2-81f3-1f33b720a94f@group-1C34DF8C7ECE: changes role from  FOLLOWER to CANDIDATE at term 5 for changeToCandidate
2023-01-26 20:32:22,499 [a7887d3a-ac12-44f2-81f3-1f33b720a94f@group-1C34DF8C7ECE-FollowerState] INFO  server.RaftServerConfigKeys (ConfUtils.java:logGet(46)) - raft.server.leaderelection.pre-vote = false (custom)
2023-01-26 20:32:22,499 [a7887d3a-ac12-44f2-81f3-1f33b720a94f@group-1C34DF8C7ECE-FollowerState] INFO  impl.RoleInfo (RoleInfo.java:updateAndGet(139)) - a7887d3a-ac12-44f2-81f3-1f33b720a94f: start a7887d3a-ac12-44f2-81f3-1f33b720a94f@group-1C34DF8C7ECE-LeaderElection38
2023-01-26 20:32:22,515 [a7887d3a-ac12-44f2-81f3-1f33b720a94f@group-1C34DF8C7ECE-LeaderElection38] INFO  impl.LeaderElection (LeaderElection.java:askForVotes(312)) - a7887d3a-ac12-44f2-81f3-1f33b720a94f@group-1C34DF8C7ECE-LeaderElection38 ELECTION round 0: submit vote requests at term 6 for -1: peers:[8116f3ad-43fd-49d6-b38b-c9c4aa8410ec|rpc:10.1.0.15:43645|dataStream:10.1.0.15:43077|priority:0|startupRole:FOLLOWER, a7887d3a-ac12-44f2-81f3-1f33b720a94f|rpc:10.1.0.15:36865|dataStream:10.1.0.15:32943|priority:0|startupRole:FOLLOWER, 40d8d262-8836-439b-84c4-75233c3da079|rpc:10.1.0.15:33521|dataStream:10.1.0.15:41237|priority:1|startupRole:FOLLOWER]|listeners:[], old=null
2023-01-26 20:32:22,520 [a7887d3a-ac12-44f2-81f3-1f33b720a94f@group-1C34DF8C7ECE-LeaderElection38] INFO  server.RaftServerConfigKeys (ConfUtils.java:logFallback(53)) - raft.server.rpc.first-election.timeout.min = 5s (fallback to raft.server.rpc.timeout.min)
2023-01-26 20:32:22,520 [a7887d3a-ac12-44f2-81f3-1f33b720a94f@group-1C34DF8C7ECE-LeaderElection38] INFO  server.RaftServerConfigKeys (ConfUtils.java:logFallback(53)) - raft.server.rpc.first-election.timeout.max = 5200ms (fallback to raft.server.rpc.timeout.max)
2023-01-26 20:32:22,524 [grpc-default-executor-6] INFO  server.RaftServer$Division (RaftServerImpl.java:requestVote(1218)) - 40d8d262-8836-439b-84c4-75233c3da079@group-1C34DF8C7ECE: receive requestVote(ELECTION, a7887d3a-ac12-44f2-81f3-1f33b720a94f, group-1C34DF8C7ECE, 6, (t:0, i:0))
2023-01-26 20:32:22,524 [grpc-default-executor-6] INFO  impl.VoteContext (VoteContext.java:log(49)) - 40d8d262-8836-439b-84c4-75233c3da079@group-1C34DF8C7ECE-FOLLOWER: reject ELECTION from a7887d3a-ac12-44f2-81f3-1f33b720a94f: our priority 1 > candidate's priority 0
2023-01-26 20:32:22,524 [grpc-default-executor-6] INFO  server.RaftServer$Division (RaftServerImpl.java:setRole(321)) - 40d8d262-8836-439b-84c4-75233c3da079@group-1C34DF8C7ECE: changes role from  FOLLOWER to FOLLOWER at term 6 for candidate:a7887d3a-ac12-44f2-81f3-1f33b720a94f
2023-01-26 20:32:22,524 [grpc-default-executor-6] INFO  impl.RoleInfo (RoleInfo.java:shutdownFollowerState(110)) - 40d8d262-8836-439b-84c4-75233c3da079: shutdown 40d8d262-8836-439b-84c4-75233c3da079@group-1C34DF8C7ECE-FollowerState
2023-01-26 20:32:22,525 [grpc-default-executor-6] INFO  impl.RoleInfo (RoleInfo.java:updateAndGet(139)) - 40d8d262-8836-439b-84c4-75233c3da079: start 40d8d262-8836-439b-84c4-75233c3da079@group-1C34DF8C7ECE-FollowerState
2023-01-26 20:32:22,525 [40d8d262-8836-439b-84c4-75233c3da079@group-1C34DF8C7ECE-FollowerState] INFO  impl.FollowerState (FollowerState.java:run(152)) - 40d8d262-8836-439b-84c4-75233c3da079@group-1C34DF8C7ECE-FollowerState was interrupted
2023-01-26 20:32:22,527 [grpc-default-executor-0] INFO  server.RaftServer$Division (RaftServerImpl.java:requestVote(1218)) - 8116f3ad-43fd-49d6-b38b-c9c4aa8410ec@group-1C34DF8C7ECE: receive requestVote(ELECTION, a7887d3a-ac12-44f2-81f3-1f33b720a94f, group-1C34DF8C7ECE, 6, (t:0, i:0))
2023-01-26 20:32:22,527 [grpc-default-executor-0] INFO  impl.VoteContext (VoteContext.java:log(49)) - 8116f3ad-43fd-49d6-b38b-c9c4aa8410ec@group-1C34DF8C7ECE-FOLLOWER: accept ELECTION from a7887d3a-ac12-44f2-81f3-1f33b720a94f: our priority 0 <= candidate's priority 0
2023-01-26 20:32:22,527 [grpc-default-executor-0] INFO  server.RaftServer$Division (RaftServerImpl.java:setRole(321)) - 8116f3ad-43fd-49d6-b38b-c9c4aa8410ec@group-1C34DF8C7ECE: changes role from  FOLLOWER to FOLLOWER at term 6 for candidate:a7887d3a-ac12-44f2-81f3-1f33b720a94f
2023-01-26 20:32:22,527 [grpc-default-executor-0] INFO  impl.RoleInfo (RoleInfo.java:shutdownFollowerState(110)) - 8116f3ad-43fd-49d6-b38b-c9c4aa8410ec: shutdown 8116f3ad-43fd-49d6-b38b-c9c4aa8410ec@group-1C34DF8C7ECE-FollowerState
2023-01-26 20:32:22,527 [grpc-default-executor-0] INFO  impl.RoleInfo (RoleInfo.java:updateAndGet(139)) - 8116f3ad-43fd-49d6-b38b-c9c4aa8410ec: start 8116f3ad-43fd-49d6-b38b-c9c4aa8410ec@group-1C34DF8C7ECE-FollowerState
2023-01-26 20:32:22,527 [8116f3ad-43fd-49d6-b38b-c9c4aa8410ec@group-1C34DF8C7ECE-FollowerState] INFO  impl.FollowerState (FollowerState.java:run(152)) - 8116f3ad-43fd-49d6-b38b-c9c4aa8410ec@group-1C34DF8C7ECE-FollowerState was interrupted
2023-01-26 20:32:22,528 [grpc-default-executor-6] INFO  server.RaftServer$Division (RaftServerImpl.java:requestVote(1251)) - 40d8d262-8836-439b-84c4-75233c3da079@group-1C34DF8C7ECE replies to ELECTION vote request: a7887d3a-ac12-44f2-81f3-1f33b720a94f<-40d8d262-8836-439b-84c4-75233c3da079#0:FAIL-t6. Peer's state: 40d8d262-8836-439b-84c4-75233c3da079@group-1C34DF8C7ECE:t6, leader=null, voted=null, raftlog=Memoized:40d8d262-8836-439b-84c4-75233c3da079@group-1C34DF8C7ECE-SegmentedRaftLog:OPENED:c-1, conf=-1: peers:[8116f3ad-43fd-49d6-b38b-c9c4aa8410ec|rpc:10.1.0.15:43645|dataStream:10.1.0.15:43077|priority:0|startupRole:FOLLOWER, a7887d3a-ac12-44f2-81f3-1f33b720a94f|rpc:10.1.0.15:36865|dataStream:10.1.0.15:32943|priority:0|startupRole:FOLLOWER, 40d8d262-8836-439b-84c4-75233c3da079|rpc:10.1.0.15:33521|dataStream:10.1.0.15:41237|priority:1|startupRole:FOLLOWER]|listeners:[], old=null
2023-01-26 20:32:22,529 [a7887d3a-ac12-44f2-81f3-1f33b720a94f@group-1C34DF8C7ECE-LeaderElection38] INFO  impl.LeaderElection (LeaderElection.java:logAndReturn(90)) - a7887d3a-ac12-44f2-81f3-1f33b720a94f@group-1C34DF8C7ECE-LeaderElection38: ELECTION REJECTED received 1 response(s) and 0 exception(s):
2023-01-26 20:32:22,529 [a7887d3a-ac12-44f2-81f3-1f33b720a94f@group-1C34DF8C7ECE-LeaderElection38] INFO  impl.LeaderElection (LeaderElection.java:logAndReturn(94)) -   Response 0: a7887d3a-ac12-44f2-81f3-1f33b720a94f<-40d8d262-8836-439b-84c4-75233c3da079#0:FAIL-t6
2023-01-26 20:32:22,529 [a7887d3a-ac12-44f2-81f3-1f33b720a94f@group-1C34DF8C7ECE-LeaderElection38] INFO  impl.LeaderElection (LeaderElection.java:askForVotes(314)) - a7887d3a-ac12-44f2-81f3-1f33b720a94f@group-1C34DF8C7ECE-LeaderElection38 ELECTION round 0: result REJECTED
2023-01-26 20:32:22,529 [40d8d262-8836-439b-84c4-75233c3da079@group-1C34DF8C7ECE-FollowerState] INFO  server.RaftServerConfigKeys (ConfUtils.java:logFallback(53)) - raft.server.rpc.first-election.timeout.min = 5s (fallback to raft.server.rpc.timeout.min)
2023-01-26 20:32:22,529 [40d8d262-8836-439b-84c4-75233c3da079@group-1C34DF8C7ECE-FollowerState] INFO  server.RaftServerConfigKeys (ConfUtils.java:logFallback(53)) - raft.server.rpc.first-election.timeout.max = 5200ms (fallback to raft.server.rpc.timeout.max)
2023-01-26 20:32:22,529 [a7887d3a-ac12-44f2-81f3-1f33b720a94f@group-1C34DF8C7ECE-LeaderElection38] INFO  server.RaftServer$Division (RaftServerImpl.java:setRole(321)) - a7887d3a-ac12-44f2-81f3-1f33b720a94f@group-1C34DF8C7ECE: changes role from CANDIDATE to FOLLOWER at term 6 for REJECTED
2023-01-26 20:32:22,530 [a7887d3a-ac12-44f2-81f3-1f33b720a94f@group-1C34DF8C7ECE-LeaderElection38] INFO  impl.RoleInfo (RoleInfo.java:shutdownLeaderElection(130)) - a7887d3a-ac12-44f2-81f3-1f33b720a94f: shutdown a7887d3a-ac12-44f2-81f3-1f33b720a94f@group-1C34DF8C7ECE-LeaderElection38
2023-01-26 20:32:22,530 [a7887d3a-ac12-44f2-81f3-1f33b720a94f@group-1C34DF8C7ECE-LeaderElection38] INFO  impl.RoleInfo (RoleInfo.java:updateAndGet(139)) - a7887d3a-ac12-44f2-81f3-1f33b720a94f: start a7887d3a-ac12-44f2-81f3-1f33b720a94f@group-1C34DF8C7ECE-FollowerState
2023-01-26 20:32:22,531 [8116f3ad-43fd-49d6-b38b-c9c4aa8410ec@group-1C34DF8C7ECE-FollowerState] INFO  server.RaftServerConfigKeys (ConfUtils.java:logFallback(53)) - raft.server.rpc.first-election.timeout.min = 5s (fallback to raft.server.rpc.timeout.min)
2023-01-26 20:32:22,531 [grpc-default-executor-0] INFO  server.RaftServer$Division (RaftServerImpl.java:requestVote(1251)) - 8116f3ad-43fd-49d6-b38b-c9c4aa8410ec@group-1C34DF8C7ECE replies to ELECTION vote request: a7887d3a-ac12-44f2-81f3-1f33b720a94f<-8116f3ad-43fd-49d6-b38b-c9c4aa8410ec#0:OK-t6. Peer's state: 8116f3ad-43fd-49d6-b38b-c9c4aa8410ec@group-1C34DF8C7ECE:t6, leader=null, voted=a7887d3a-ac12-44f2-81f3-1f33b720a94f, raftlog=Memoized:8116f3ad-43fd-49d6-b38b-c9c4aa8410ec@group-1C34DF8C7ECE-SegmentedRaftLog:OPENED:c-1, conf=-1: peers:[8116f3ad-43fd-49d6-b38b-c9c4aa8410ec|rpc:10.1.0.15:43645|dataStream:10.1.0.15:43077|priority:0|startupRole:FOLLOWER, a7887d3a-ac12-44f2-81f3-1f33b720a94f|rpc:10.1.0.15:36865|dataStream:10.1.0.15:32943|priority:0|startupRole:FOLLOWER, 40d8d262-8836-439b-84c4-75233c3da079|rpc:10.1.0.15:33521|dataStream:10.1.0.15:41237|priority:1|startupRole:FOLLOWER]|listeners:[], old=null
2023-01-26 20:32:22,532 [8116f3ad-43fd-49d6-b38b-c9c4aa8410ec@group-1C34DF8C7ECE-FollowerState] INFO  server.RaftServerConfigKeys (ConfUtils.java:logFallback(53)) - raft.server.rpc.first-election.timeout.max = 5200ms (fallback to raft.server.rpc.timeout.max)
2023-01-26 20:32:22,533 [a7887d3a-ac12-44f2-81f3-1f33b720a94f@group-1C34DF8C7ECE-FollowerState] INFO  server.RaftServerConfigKeys (ConfUtils.java:logFallback(53)) - raft.server.rpc.first-election.timeout.min = 5s (fallback to raft.server.rpc.timeout.min)
2023-01-26 20:32:22,533 [a7887d3a-ac12-44f2-81f3-1f33b720a94f@group-1C34DF8C7ECE-FollowerState] INFO  server.RaftServerConfigKeys (ConfUtils.java:logFallback(53)) - raft.server.rpc.first-election.timeout.max = 5200ms (fallback to raft.server.rpc.timeout.max)
2023-01-26 20:32:23,732 [JvmPauseMonitor14] WARN  util.JvmPauseMonitor (JvmPauseMonitor.java:detectPause(126)) - JvmPauseMonitor-40d8d262-8836-439b-84c4-75233c3da079: Detected pause in JVM or host machine (eg GC): pause of approximately 142594512ns.
GC pool 'PS Scavenge' had collection(s): count=1 time=190ms
2023-01-26 20:32:27,680 [40d8d262-8836-439b-84c4-75233c3da079@group-1C34DF8C7ECE-FollowerState] INFO  impl.FollowerState (FollowerState.java:run(143)) - 40d8d262-8836-439b-84c4-75233c3da079@group-1C34DF8C7ECE-FollowerState: change to CANDIDATE, lastRpcElapsedTime:5155061654ns, electionTimeout:5150ms
2023-01-26 20:32:27,680 [40d8d262-8836-439b-84c4-75233c3da079@group-1C34DF8C7ECE-FollowerState] INFO  impl.RoleInfo (RoleInfo.java:shutdownFollowerState(110)) - 40d8d262-8836-439b-84c4-75233c3da079: shutdown 40d8d262-8836-439b-84c4-75233c3da079@group-1C34DF8C7ECE-FollowerState
2023-01-26 20:32:27,680 [40d8d262-8836-439b-84c4-75233c3da079@group-1C34DF8C7ECE-FollowerState] INFO  server.RaftServer$Division (RaftServerImpl.java:setRole(321)) - 40d8d262-8836-439b-84c4-75233c3da079@group-1C34DF8C7ECE: changes role from  FOLLOWER to CANDIDATE at term 6 for changeToCandidate
2023-01-26 20:32:27,680 [40d8d262-8836-439b-84c4-75233c3da079@group-1C34DF8C7ECE-FollowerState] INFO  server.RaftServerConfigKeys (ConfUtils.java:logGet(46)) - raft.server.leaderelection.pre-vote = false (custom)
2023-01-26 20:32:27,680 [40d8d262-8836-439b-84c4-75233c3da079@group-1C34DF8C7ECE-FollowerState] INFO  impl.RoleInfo (RoleInfo.java:updateAndGet(139)) - 40d8d262-8836-439b-84c4-75233c3da079: start 40d8d262-8836-439b-84c4-75233c3da079@group-1C34DF8C7ECE-LeaderElection39
2023-01-26 20:32:27,686 [40d8d262-8836-439b-84c4-75233c3da079@group-1C34DF8C7ECE-LeaderElection39] INFO  impl.LeaderElection (LeaderElection.java:askForVotes(312)) - 40d8d262-8836-439b-84c4-75233c3da079@group-1C34DF8C7ECE-LeaderElection39 ELECTION round 0: submit vote requests at term 7 for -1: peers:[8116f3ad-43fd-49d6-b38b-c9c4aa8410ec|rpc:10.1.0.15:43645|dataStream:10.1.0.15:43077|priority:0|startupRole:FOLLOWER, a7887d3a-ac12-44f2-81f3-1f33b720a94f|rpc:10.1.0.15:36865|dataStream:10.1.0.15:32943|priority:0|startupRole:FOLLOWER, 40d8d262-8836-439b-84c4-75233c3da079|rpc:10.1.0.15:33521|dataStream:10.1.0.15:41237|priority:1|startupRole:FOLLOWER]|listeners:[], old=null
2023-01-26 20:32:27,690 [8116f3ad-43fd-49d6-b38b-c9c4aa8410ec@group-1C34DF8C7ECE-FollowerState] INFO  impl.FollowerState (FollowerState.java:run(143)) - 8116f3ad-43fd-49d6-b38b-c9c4aa8410ec@group-1C34DF8C7ECE-FollowerState: change to CANDIDATE, lastRpcElapsedTime:5158214191ns, electionTimeout:5157ms
2023-01-26 20:32:27,690 [8116f3ad-43fd-49d6-b38b-c9c4aa8410ec@group-1C34DF8C7ECE-FollowerState] INFO  impl.RoleInfo (RoleInfo.java:shutdownFollowerState(110)) - 8116f3ad-43fd-49d6-b38b-c9c4aa8410ec: shutdown 8116f3ad-43fd-49d6-b38b-c9c4aa8410ec@group-1C34DF8C7ECE-FollowerState
2023-01-26 20:32:27,690 [8116f3ad-43fd-49d6-b38b-c9c4aa8410ec@group-1C34DF8C7ECE-FollowerState] INFO  server.RaftServer$Division (RaftServerImpl.java:setRole(321)) - 8116f3ad-43fd-49d6-b38b-c9c4aa8410ec@group-1C34DF8C7ECE: changes role from  FOLLOWER to CANDIDATE at term 6 for changeToCandidate
2023-01-26 20:32:27,694 [40d8d262-8836-439b-84c4-75233c3da079@group-1C34DF8C7ECE-LeaderElection39] INFO  server.RaftServerConfigKeys (ConfUtils.java:logFallback(53)) - raft.server.rpc.first-election.timeout.min = 5s (fallback to raft.server.rpc.timeout.min)
2023-01-26 20:32:27,695 [40d8d262-8836-439b-84c4-75233c3da079@group-1C34DF8C7ECE-LeaderElection39] INFO  server.RaftServerConfigKeys (ConfUtils.java:logFallback(53)) - raft.server.rpc.first-election.timeout.max = 5200ms (fallback to raft.server.rpc.timeout.max)
2023-01-26 20:32:27,695 [grpc-default-executor-0] INFO  server.RaftServer$Division (RaftServerImpl.java:requestVote(1218)) - 8116f3ad-43fd-49d6-b38b-c9c4aa8410ec@group-1C34DF8C7ECE: receive requestVote(ELECTION, 40d8d262-8836-439b-84c4-75233c3da079, group-1C34DF8C7ECE, 7, (t:0, i:0))
2023-01-26 20:32:27,695 [8116f3ad-43fd-49d6-b38b-c9c4aa8410ec@group-1C34DF8C7ECE-FollowerState] INFO  server.RaftServerConfigKeys (ConfUtils.java:logGet(46)) - raft.server.leaderelection.pre-vote = false (custom)
2023-01-26 20:32:27,696 [8116f3ad-43fd-49d6-b38b-c9c4aa8410ec@group-1C34DF8C7ECE-FollowerState] INFO  impl.RoleInfo (RoleInfo.java:updateAndGet(139)) - 8116f3ad-43fd-49d6-b38b-c9c4aa8410ec: start 8116f3ad-43fd-49d6-b38b-c9c4aa8410ec@group-1C34DF8C7ECE-LeaderElection40
2023-01-26 20:32:27,704 [a7887d3a-ac12-44f2-81f3-1f33b720a94f@group-1C34DF8C7ECE-FollowerState] INFO  impl.FollowerState (FollowerState.java:run(143)) - a7887d3a-ac12-44f2-81f3-1f33b720a94f@group-1C34DF8C7ECE-FollowerState: change to CANDIDATE, lastRpcElapsedTime:5174143274ns, electionTimeout:5170ms
2023-01-26 20:32:27,704 [a7887d3a-ac12-44f2-81f3-1f33b720a94f@group-1C34DF8C7ECE-FollowerState] INFO  impl.RoleInfo (RoleInfo.java:shutdownFollowerState(110)) - a7887d3a-ac12-44f2-81f3-1f33b720a94f: shutdown a7887d3a-ac12-44f2-81f3-1f33b720a94f@group-1C34DF8C7ECE-FollowerState
2023-01-26 20:32:27,704 [a7887d3a-ac12-44f2-81f3-1f33b720a94f@group-1C34DF8C7ECE-FollowerState] INFO  server.RaftServer$Division (RaftServerImpl.java:setRole(321)) - a7887d3a-ac12-44f2-81f3-1f33b720a94f@group-1C34DF8C7ECE: changes role from  FOLLOWER to CANDIDATE at term 6 for changeToCandidate
2023-01-26 20:32:27,704 [a7887d3a-ac12-44f2-81f3-1f33b720a94f@group-1C34DF8C7ECE-FollowerState] INFO  server.RaftServerConfigKeys (ConfUtils.java:logGet(46)) - raft.server.leaderelection.pre-vote = false (custom)
2023-01-26 20:32:27,704 [a7887d3a-ac12-44f2-81f3-1f33b720a94f@group-1C34DF8C7ECE-FollowerState] INFO  impl.RoleInfo (RoleInfo.java:updateAndGet(139)) - a7887d3a-ac12-44f2-81f3-1f33b720a94f: start a7887d3a-ac12-44f2-81f3-1f33b720a94f@group-1C34DF8C7ECE-LeaderElection41
2023-01-26 20:32:27,708 [grpc-default-executor-0] INFO  impl.VoteContext (VoteContext.java:log(49)) - 8116f3ad-43fd-49d6-b38b-c9c4aa8410ec@group-1C34DF8C7ECE-CANDIDATE: accept ELECTION from 40d8d262-8836-439b-84c4-75233c3da079: our priority 0 <= candidate's priority 1
2023-01-26 20:32:27,708 [grpc-default-executor-0] INFO  server.RaftServer$Division (RaftServerImpl.java:setRole(321)) - 8116f3ad-43fd-49d6-b38b-c9c4aa8410ec@group-1C34DF8C7ECE: changes role from CANDIDATE to FOLLOWER at term 7 for candidate:40d8d262-8836-439b-84c4-75233c3da079
2023-01-26 20:32:27,708 [grpc-default-executor-0] INFO  impl.RoleInfo (RoleInfo.java:shutdownLeaderElection(130)) - 8116f3ad-43fd-49d6-b38b-c9c4aa8410ec: shutdown 8116f3ad-43fd-49d6-b38b-c9c4aa8410ec@group-1C34DF8C7ECE-LeaderElection40
2023-01-26 20:32:27,708 [grpc-default-executor-0] INFO  impl.RoleInfo (RoleInfo.java:updateAndGet(139)) - 8116f3ad-43fd-49d6-b38b-c9c4aa8410ec: start 8116f3ad-43fd-49d6-b38b-c9c4aa8410ec@group-1C34DF8C7ECE-FollowerState
2023-01-26 20:32:27,714 [8116f3ad-43fd-49d6-b38b-c9c4aa8410ec@group-1C34DF8C7ECE-FollowerState] INFO  server.RaftServerConfigKeys (ConfUtils.java:logFallback(53)) - raft.server.rpc.first-election.timeout.min = 5s (fallback to raft.server.rpc.timeout.min)
2023-01-26 20:32:27,714 [8116f3ad-43fd-49d6-b38b-c9c4aa8410ec@group-1C34DF8C7ECE-FollowerState] INFO  server.RaftServerConfigKeys (ConfUtils.java:logFallback(53)) - raft.server.rpc.first-election.timeout.max = 5200ms (fallback to raft.server.rpc.timeout.max)
2023-01-26 20:32:27,714 [a7887d3a-ac12-44f2-81f3-1f33b720a94f@group-1C34DF8C7ECE-LeaderElection41] INFO  impl.LeaderElection (LeaderElection.java:askForVotes(312)) - a7887d3a-ac12-44f2-81f3-1f33b720a94f@group-1C34DF8C7ECE-LeaderElection41 ELECTION round 0: submit vote requests at term 7 for -1: peers:[8116f3ad-43fd-49d6-b38b-c9c4aa8410ec|rpc:10.1.0.15:43645|dataStream:10.1.0.15:43077|priority:0|startupRole:FOLLOWER, a7887d3a-ac12-44f2-81f3-1f33b720a94f|rpc:10.1.0.15:36865|dataStream:10.1.0.15:32943|priority:0|startupRole:FOLLOWER, 40d8d262-8836-439b-84c4-75233c3da079|rpc:10.1.0.15:33521|dataStream:10.1.0.15:41237|priority:1|startupRole:FOLLOWER]|listeners:[], old=null
2023-01-26 20:32:27,714 [grpc-default-executor-6] INFO  server.RaftServer$Division (RaftServerImpl.java:requestVote(1218)) - a7887d3a-ac12-44f2-81f3-1f33b720a94f@group-1C34DF8C7ECE: receive requestVote(ELECTION, 40d8d262-8836-439b-84c4-75233c3da079, group-1C34DF8C7ECE, 7, (t:0, i:0))
2023-01-26 20:32:27,715 [grpc-default-executor-6] INFO  impl.VoteContext (VoteContext.java:log(49)) - a7887d3a-ac12-44f2-81f3-1f33b720a94f@group-1C34DF8C7ECE-CANDIDATE: reject ELECTION from 40d8d262-8836-439b-84c4-75233c3da079: already has voted for a7887d3a-ac12-44f2-81f3-1f33b720a94f at current term 7
2023-01-26 20:32:27,715 [grpc-default-executor-6] INFO  server.RaftServer$Division (RaftServerImpl.java:requestVote(1251)) - a7887d3a-ac12-44f2-81f3-1f33b720a94f@group-1C34DF8C7ECE replies to ELECTION vote request: 40d8d262-8836-439b-84c4-75233c3da079<-a7887d3a-ac12-44f2-81f3-1f33b720a94f#0:FAIL-t7. Peer's state: a7887d3a-ac12-44f2-81f3-1f33b720a94f@group-1C34DF8C7ECE:t7, leader=null, voted=a7887d3a-ac12-44f2-81f3-1f33b720a94f, raftlog=Memoized:a7887d3a-ac12-44f2-81f3-1f33b720a94f@group-1C34DF8C7ECE-SegmentedRaftLog:OPENED:c-1, conf=-1: peers:[8116f3ad-43fd-49d6-b38b-c9c4aa8410ec|rpc:10.1.0.15:43645|dataStream:10.1.0.15:43077|priority:0|startupRole:FOLLOWER, a7887d3a-ac12-44f2-81f3-1f33b720a94f|rpc:10.1.0.15:36865|dataStream:10.1.0.15:32943|priority:0|startupRole:FOLLOWER, 40d8d262-8836-439b-84c4-75233c3da079|rpc:10.1.0.15:33521|dataStream:10.1.0.15:41237|priority:1|startupRole:FOLLOWER]|listeners:[], old=null
2023-01-26 20:32:27,715 [grpc-default-executor-0] INFO  server.RaftServer$Division (RaftServerImpl.java:requestVote(1251)) - 8116f3ad-43fd-49d6-b38b-c9c4aa8410ec@group-1C34DF8C7ECE replies to ELECTION vote request: 40d8d262-8836-439b-84c4-75233c3da079<-8116f3ad-43fd-49d6-b38b-c9c4aa8410ec#0:OK-t7. Peer's state: 8116f3ad-43fd-49d6-b38b-c9c4aa8410ec@group-1C34DF8C7ECE:t7, leader=null, voted=40d8d262-8836-439b-84c4-75233c3da079, raftlog=Memoized:8116f3ad-43fd-49d6-b38b-c9c4aa8410ec@group-1C34DF8C7ECE-SegmentedRaftLog:OPENED:c-1, conf=-1: peers:[8116f3ad-43fd-49d6-b38b-c9c4aa8410ec|rpc:10.1.0.15:43645|dataStream:10.1.0.15:43077|priority:0|startupRole:FOLLOWER, a7887d3a-ac12-44f2-81f3-1f33b720a94f|rpc:10.1.0.15:36865|dataStream:10.1.0.15:32943|priority:0|startupRole:FOLLOWER, 40d8d262-8836-439b-84c4-75233c3da079|rpc:10.1.0.15:33521|dataStream:10.1.0.15:41237|priority:1|startupRole:FOLLOWER]|listeners:[], old=null
2023-01-26 20:32:27,716 [40d8d262-8836-439b-84c4-75233c3da079@group-1C34DF8C7ECE-LeaderElection39] INFO  impl.LeaderElection (LeaderElection.java:logAndReturn(90)) - 40d8d262-8836-439b-84c4-75233c3da079@group-1C34DF8C7ECE-LeaderElection39: ELECTION PASSED received 1 response(s) and 0 exception(s):
2023-01-26 20:32:27,716 [40d8d262-8836-439b-84c4-75233c3da079@group-1C34DF8C7ECE-LeaderElection39] INFO  impl.LeaderElection (LeaderElection.java:logAndReturn(94)) -   Response 0: 40d8d262-8836-439b-84c4-75233c3da079<-8116f3ad-43fd-49d6-b38b-c9c4aa8410ec#0:OK-t7
2023-01-26 20:32:27,716 [40d8d262-8836-439b-84c4-75233c3da079@group-1C34DF8C7ECE-LeaderElection39] INFO  impl.LeaderElection (LeaderElection.java:askForVotes(314)) - 40d8d262-8836-439b-84c4-75233c3da079@group-1C34DF8C7ECE-LeaderElection39 ELECTION round 0: result PASSED
2023-01-26 20:32:27,716 [40d8d262-8836-439b-84c4-75233c3da079@group-1C34DF8C7ECE-LeaderElection39] INFO  impl.RoleInfo (RoleInfo.java:shutdownLeaderElection(130)) - 40d8d262-8836-439b-84c4-75233c3da079: shutdown 40d8d262-8836-439b-84c4-75233c3da079@group-1C34DF8C7ECE-LeaderElection39
2023-01-26 20:32:27,716 [40d8d262-8836-439b-84c4-75233c3da079@group-1C34DF8C7ECE-LeaderElection39] INFO  server.RaftServer$Division (RaftServerImpl.java:setRole(321)) - 40d8d262-8836-439b-84c4-75233c3da079@group-1C34DF8C7ECE: changes role from CANDIDATE to LEADER at term 7 for changeToLeader
2023-01-26 20:32:27,716 [40d8d262-8836-439b-84c4-75233c3da079@group-1C34DF8C7ECE-LeaderElection39] INFO  ratis.XceiverServerRatis (XceiverServerRatis.java:handleLeaderChangedNotification(904)) - Leader change notification received for group: group-1C34DF8C7ECE with new leaderId: 40d8d262-8836-439b-84c4-75233c3da079
2023-01-26 20:32:27,716 [40d8d262-8836-439b-84c4-75233c3da079@group-1C34DF8C7ECE-LeaderElection39] INFO  server.RaftServer$Division (ServerState.java:setLeader(313)) - 40d8d262-8836-439b-84c4-75233c3da079@group-1C34DF8C7ECE: change Leader from null to 40d8d262-8836-439b-84c4-75233c3da079 at term 7 for becomeLeader, leader elected after 35727ms
2023-01-26 20:32:27,716 [40d8d262-8836-439b-84c4-75233c3da079@group-1C34DF8C7ECE-LeaderElection39] INFO  server.RaftServerConfigKeys (ConfUtils.java:logGet(46)) - raft.server.staging.catchup.gap = 1000 (default)
2023-01-26 20:32:27,717 [40d8d262-8836-439b-84c4-75233c3da079@group-1C34DF8C7ECE-LeaderElection39] INFO  server.RaftServerConfigKeys (ConfUtils.java:logGet(46)) - raft.server.write.element-limit = 1024 (custom)
2023-01-26 20:32:27,717 [40d8d262-8836-439b-84c4-75233c3da079@group-1C34DF8C7ECE-LeaderElection39] INFO  server.RaftServerConfigKeys (ConfUtils.java:logGet(46)) - raft.server.write.byte-limit = 1024 M (=1073741824) (custom)
2023-01-26 20:32:27,717 [40d8d262-8836-439b-84c4-75233c3da079@group-1C34DF8C7ECE-LeaderElection39] INFO  server.RaftServerConfigKeys (ConfUtils.java:logGet(46)) - raft.server.watch.timeout = 180s (custom)
2023-01-26 20:32:27,717 [40d8d262-8836-439b-84c4-75233c3da079@group-1C34DF8C7ECE-LeaderElection39] INFO  server.RaftServerConfigKeys (ConfUtils.java:logGet(46)) - raft.server.watch.timeout.denomination = 1s (default)
2023-01-26 20:32:27,717 [40d8d262-8836-439b-84c4-75233c3da079@group-1C34DF8C7ECE-LeaderElection39] INFO  server.RaftServerConfigKeys (ConfUtils.java:logGet(46)) - raft.server.watch.element-limit = 65536 (default)
2023-01-26 20:32:27,717 [40d8d262-8836-439b-84c4-75233c3da079@group-1C34DF8C7ECE-LeaderElection39] INFO  server.RaftServerConfigKeys (ConfUtils.java:logGet(46)) - raft.server.write.element-limit = 1024 (custom)
2023-01-26 20:32:27,717 [40d8d262-8836-439b-84c4-75233c3da079@group-1C34DF8C7ECE-LeaderElection39] INFO  server.RaftServerConfigKeys (ConfUtils.java:logGet(46)) - raft.server.write.follower.gap.ratio.max = -1.0 (default)
2023-01-26 20:32:27,717 [40d8d262-8836-439b-84c4-75233c3da079@group-1C34DF8C7ECE-LeaderElection39] INFO  server.RaftServerConfigKeys (ConfUtils.java:logGet(46)) - raft.server.log.appender.snapshot.chunk.size.max = 16MB (=16777216) (default)
2023-01-26 20:32:27,717 [40d8d262-8836-439b-84c4-75233c3da079@group-1C34DF8C7ECE-LeaderElection39] INFO  server.RaftServerConfigKeys (ConfUtils.java:logGet(46)) - raft.server.log.appender.buffer.byte-limit = 33554432 (custom)
2023-01-26 20:32:27,717 [40d8d262-8836-439b-84c4-75233c3da079@group-1C34DF8C7ECE-LeaderElection39] INFO  server.RaftServerConfigKeys (ConfUtils.java:logGet(46)) - raft.server.log.appender.buffer.element-limit = 1 (custom)
2023-01-26 20:32:27,718 [40d8d262-8836-439b-84c4-75233c3da079@group-1C34DF8C7ECE-LeaderElection39] INFO  grpc.GrpcConfigKeys (ConfUtils.java:logGet(46)) - raft.grpc.server.leader.outstanding.appends.max = 128 (default)
2023-01-26 20:32:27,718 [40d8d262-8836-439b-84c4-75233c3da079@group-1C34DF8C7ECE-LeaderElection39] INFO  server.RaftServerConfigKeys (ConfUtils.java:logGet(46)) - raft.server.rpc.request.timeout = 60s (custom)
2023-01-26 20:32:27,718 [40d8d262-8836-439b-84c4-75233c3da079@group-1C34DF8C7ECE-LeaderElection39] INFO  server.RaftServerConfigKeys (ConfUtils.java:logGet(46)) - raft.server.log.appender.install.snapshot.enabled = false (custom)
2023-01-26 20:32:27,718 [40d8d262-8836-439b-84c4-75233c3da079@group-1C34DF8C7ECE-LeaderElection39] INFO  grpc.GrpcConfigKeys (ConfUtils.java:logGet(46)) - raft.grpc.server.heartbeat.channel = true (default)
2023-01-26 20:32:27,718 [40d8d262-8836-439b-84c4-75233c3da079@group-1C34DF8C7ECE-LeaderElection39] INFO  server.RaftServerConfigKeys (ConfUtils.java:logGet(46)) - raft.server.log.appender.wait-time.min = 10ms (default)
2023-01-26 20:32:27,718 [40d8d262-8836-439b-84c4-75233c3da079@group-1C34DF8C7ECE-LeaderElection39] INFO  server.RaftServerConfigKeys (ConfUtils.java:logGet(46)) - raft.server.log.appender.snapshot.chunk.size.max = 16MB (=16777216) (default)
2023-01-26 20:32:27,718 [40d8d262-8836-439b-84c4-75233c3da079@group-1C34DF8C7ECE-LeaderElection39] INFO  server.RaftServerConfigKeys (ConfUtils.java:logGet(46)) - raft.server.log.appender.buffer.byte-limit = 33554432 (custom)
2023-01-26 20:32:27,718 [40d8d262-8836-439b-84c4-75233c3da079@group-1C34DF8C7ECE-LeaderElection39] INFO  server.RaftServerConfigKeys (ConfUtils.java:logGet(46)) - raft.server.log.appender.buffer.element-limit = 1 (custom)
2023-01-26 20:32:27,719 [EventQueue-PipelineReportForPipelineReportHandler] INFO  pipeline.PipelineManagerImpl (PipelineManagerImpl.java:openPipeline(367)) - Pipeline Pipeline[ Id: e3b6bf34-3df8-4ecd-af7e-1c34df8c7ece, Nodes: 8116f3ad-43fd-49d6-b38b-c9c4aa8410ec(fv-az462-54.0zuljvm5d0yedf4jva4xayy4gc.gx.internal.cloudapp.net/10.1.0.15)40d8d262-8836-439b-84c4-75233c3da079(fv-az462-54.0zuljvm5d0yedf4jva4xayy4gc.gx.internal.cloudapp.net/10.1.0.15)a7887d3a-ac12-44f2-81f3-1f33b720a94f(fv-az462-54.0zuljvm5d0yedf4jva4xayy4gc.gx.internal.cloudapp.net/10.1.0.15), ReplicationConfig: RATIS/THREE, State:ALLOCATED, leaderId:40d8d262-8836-439b-84c4-75233c3da079, CreationTimestamp2023-01-26T20:31:49.552Z[Etc/UTC]] moved to OPEN state
2023-01-26 20:32:27,725 [a7887d3a-ac12-44f2-81f3-1f33b720a94f@group-1C34DF8C7ECE-LeaderElection41] INFO  server.RaftServerConfigKeys (ConfUtils.java:logFallback(53)) - raft.server.rpc.first-election.timeout.min = 5s (fallback to raft.server.rpc.timeout.min)
2023-01-26 20:32:27,725 [a7887d3a-ac12-44f2-81f3-1f33b720a94f@group-1C34DF8C7ECE-LeaderElection41] INFO  server.RaftServerConfigKeys (ConfUtils.java:logFallback(53)) - raft.server.rpc.first-election.timeout.max = 5200ms (fallback to raft.server.rpc.timeout.max)
2023-01-26 20:32:27,725 [40d8d262-8836-439b-84c4-75233c3da079@group-1C34DF8C7ECE-LeaderElection39] INFO  grpc.GrpcConfigKeys (ConfUtils.java:logGet(46)) - raft.grpc.server.leader.outstanding.appends.max = 128 (default)
2023-01-26 20:32:27,725 [40d8d262-8836-439b-84c4-75233c3da079@group-1C34DF8C7ECE-LeaderElection39] INFO  server.RaftServerConfigKeys (ConfUtils.java:logGet(46)) - raft.server.rpc.request.timeout = 60s (custom)
2023-01-26 20:32:27,726 [40d8d262-8836-439b-84c4-75233c3da079@group-1C34DF8C7ECE-LeaderElection39] INFO  server.RaftServerConfigKeys (ConfUtils.java:logGet(46)) - raft.server.log.appender.install.snapshot.enabled = false (custom)
2023-01-26 20:32:27,726 [40d8d262-8836-439b-84c4-75233c3da079@group-1C34DF8C7ECE-LeaderElection39] INFO  grpc.GrpcConfigKeys (ConfUtils.java:logGet(46)) - raft.grpc.server.heartbeat.channel = true (default)
2023-01-26 20:32:27,726 [40d8d262-8836-439b-84c4-75233c3da079@group-1C34DF8C7ECE-LeaderElection39] INFO  server.RaftServerConfigKeys (ConfUtils.java:logGet(46)) - raft.server.log.appender.wait-time.min = 10ms (default)
2023-01-26 20:32:27,726 [40d8d262-8836-439b-84c4-75233c3da079@group-1C34DF8C7ECE-LeaderElection39] INFO  impl.RoleInfo (RoleInfo.java:updateAndGet(139)) - 40d8d262-8836-439b-84c4-75233c3da079: start 40d8d262-8836-439b-84c4-75233c3da079@group-1C34DF8C7ECE-LeaderStateImpl
2023-01-26 20:32:27,726 [40d8d262-8836-439b-84c4-75233c3da079@group-1C34DF8C7ECE-LeaderElection39] INFO  segmented.SegmentedRaftLogWorker (SegmentedRaftLogWorker.java:startLogSegment(452)) - 40d8d262-8836-439b-84c4-75233c3da079@group-1C34DF8C7ECE-SegmentedRaftLogWorker: Starting segment from index:0
2023-01-26 20:32:27,727 [40d8d262-8836-439b-84c4-75233c3da079@group-1C34DF8C7ECE-SegmentedRaftLogWorker] INFO  segmented.SegmentedRaftLogWorker (SegmentedRaftLogWorker.java:execute(656)) - 40d8d262-8836-439b-84c4-75233c3da079@group-1C34DF8C7ECE-SegmentedRaftLogWorker: created new log segment /home/runner/work/ozone/ozone/hadoop-ozone/integration-test/target/test-dir/MiniOzoneClusterImpl-885fda24-0582-4ee7-b43d-362ebd6c8d83/datanode-2/data/ratis/e3b6bf34-3df8-4ecd-af7e-1c34df8c7ece/current/log_inprogress_0
2023-01-26 20:32:27,744 [grpc-default-executor-6] INFO  server.RaftServer$Division (RaftServerImpl.java:requestVote(1218)) - 8116f3ad-43fd-49d6-b38b-c9c4aa8410ec@group-1C34DF8C7ECE: receive requestVote(ELECTION, a7887d3a-ac12-44f2-81f3-1f33b720a94f, group-1C34DF8C7ECE, 7, (t:0, i:0))
2023-01-26 20:32:27,745 [grpc-default-executor-6] INFO  impl.VoteContext (VoteContext.java:log(49)) - 8116f3ad-43fd-49d6-b38b-c9c4aa8410ec@group-1C34DF8C7ECE-FOLLOWER: reject ELECTION from a7887d3a-ac12-44f2-81f3-1f33b720a94f: already has voted for 40d8d262-8836-439b-84c4-75233c3da079 at current term 7
2023-01-26 20:32:27,745 [grpc-default-executor-6] INFO  server.RaftServer$Division (RaftServerImpl.java:requestVote(1251)) - 8116f3ad-43fd-49d6-b38b-c9c4aa8410ec@group-1C34DF8C7ECE replies to ELECTION vote request: a7887d3a-ac12-44f2-81f3-1f33b720a94f<-8116f3ad-43fd-49d6-b38b-c9c4aa8410ec#0:FAIL-t7. Peer's state: 8116f3ad-43fd-49d6-b38b-c9c4aa8410ec@group-1C34DF8C7ECE:t7, leader=null, voted=40d8d262-8836-439b-84c4-75233c3da079, raftlog=Memoized:8116f3ad-43fd-49d6-b38b-c9c4aa8410ec@group-1C34DF8C7ECE-SegmentedRaftLog:OPENED:c-1, conf=-1: peers:[8116f3ad-43fd-49d6-b38b-c9c4aa8410ec|rpc:10.1.0.15:43645|dataStream:10.1.0.15:43077|priority:0|startupRole:FOLLOWER, a7887d3a-ac12-44f2-81f3-1f33b720a94f|rpc:10.1.0.15:36865|dataStream:10.1.0.15:32943|priority:0|startupRole:FOLLOWER, 40d8d262-8836-439b-84c4-75233c3da079|rpc:10.1.0.15:33521|dataStream:10.1.0.15:41237|priority:1|startupRole:FOLLOWER]|listeners:[], old=null
2023-01-26 20:32:27,745 [grpc-default-executor-0] INFO  server.RaftServer$Division (RaftServerImpl.java:requestVote(1218)) - 40d8d262-8836-439b-84c4-75233c3da079@group-1C34DF8C7ECE: receive requestVote(ELECTION, a7887d3a-ac12-44f2-81f3-1f33b720a94f, group-1C34DF8C7ECE, 7, (t:0, i:0))
2023-01-26 20:32:27,745 [40d8d262-8836-439b-84c4-75233c3da079@group-1C34DF8C7ECE-LeaderElection39] INFO  server.RaftServer$Division (ServerState.java:setRaftConf(430)) - 40d8d262-8836-439b-84c4-75233c3da079@group-1C34DF8C7ECE: set configuration 0: peers:[8116f3ad-43fd-49d6-b38b-c9c4aa8410ec|rpc:10.1.0.15:43645|dataStream:10.1.0.15:43077|priority:0|startupRole:FOLLOWER, a7887d3a-ac12-44f2-81f3-1f33b720a94f|rpc:10.1.0.15:36865|dataStream:10.1.0.15:32943|priority:0|startupRole:FOLLOWER, 40d8d262-8836-439b-84c4-75233c3da079|rpc:10.1.0.15:33521|dataStream:10.1.0.15:41237|priority:1|startupRole:FOLLOWER]|listeners:[], old=null
2023-01-26 20:32:27,746 [grpc-default-executor-0] INFO  impl.VoteContext (VoteContext.java:log(49)) - 40d8d262-8836-439b-84c4-75233c3da079@group-1C34DF8C7ECE-LEADER: reject ELECTION from a7887d3a-ac12-44f2-81f3-1f33b720a94f: already has voted for 40d8d262-8836-439b-84c4-75233c3da079 at current term 7
2023-01-26 20:32:27,746 [grpc-default-executor-0] INFO  server.RaftServer$Division (RaftServerImpl.java:requestVote(1251)) - 40d8d262-8836-439b-84c4-75233c3da079@group-1C34DF8C7ECE replies to ELECTION vote request: a7887d3a-ac12-44f2-81f3-1f33b720a94f<-40d8d262-8836-439b-84c4-75233c3da079#0:FAIL-t7. Peer's state: 40d8d262-8836-439b-84c4-75233c3da079@group-1C34DF8C7ECE:t7, leader=40d8d262-8836-439b-84c4-75233c3da079, voted=40d8d262-8836-439b-84c4-75233c3da079, raftlog=Memoized:40d8d262-8836-439b-84c4-75233c3da079@group-1C34DF8C7ECE-SegmentedRaftLog:OPENED:c-1, conf=0: peers:[8116f3ad-43fd-49d6-b38b-c9c4aa8410ec|rpc:10.1.0.15:43645|dataStream:10.1.0.15:43077|priority:0|startupRole:FOLLOWER, a7887d3a-ac12-44f2-81f3-1f33b720a94f|rpc:10.1.0.15:36865|dataStream:10.1.0.15:32943|priority:0|startupRole:FOLLOWER, 40d8d262-8836-439b-84c4-75233c3da079|rpc:10.1.0.15:33521|dataStream:10.1.0.15:41237|priority:1|startupRole:FOLLOWER]|listeners:[], old=null
2023-01-26 20:32:27,747 [a7887d3a-ac12-44f2-81f3-1f33b720a94f@group-1C34DF8C7ECE-LeaderElection41] INFO  impl.LeaderElection (LeaderElection.java:logAndReturn(90)) - a7887d3a-ac12-44f2-81f3-1f33b720a94f@group-1C34DF8C7ECE-LeaderElection41: ELECTION REJECTED received 2 response(s) and 0 exception(s):
2023-01-26 20:32:27,747 [a7887d3a-ac12-44f2-81f3-1f33b720a94f@group-1C34DF8C7ECE-LeaderElection41] INFO  impl.LeaderElection (LeaderElection.java:logAndReturn(94)) -   Response 0: a7887d3a-ac12-44f2-81f3-1f33b720a94f<-8116f3ad-43fd-49d6-b38b-c9c4aa8410ec#0:FAIL-t7
2023-01-26 20:32:27,747 [a7887d3a-ac12-44f2-81f3-1f33b720a94f@group-1C34DF8C7ECE-LeaderElection41] INFO  impl.LeaderElection (LeaderElection.java:logAndReturn(94)) -   Response 1: a7887d3a-ac12-44f2-81f3-1f33b720a94f<-40d8d262-8836-439b-84c4-75233c3da079#0:FAIL-t7
2023-01-26 20:32:27,747 [a7887d3a-ac12-44f2-81f3-1f33b720a94f@group-1C34DF8C7ECE-LeaderElection41] INFO  impl.LeaderElection (LeaderElection.java:askForVotes(314)) - a7887d3a-ac12-44f2-81f3-1f33b720a94f@group-1C34DF8C7ECE-LeaderElection41 ELECTION round 0: result REJECTED
2023-01-26 20:32:27,747 [a7887d3a-ac12-44f2-81f3-1f33b720a94f@group-1C34DF8C7ECE-LeaderElection41] INFO  server.RaftServer$Division (RaftServerImpl.java:setRole(321)) - a7887d3a-ac12-44f2-81f3-1f33b720a94f@group-1C34DF8C7ECE: changes role from CANDIDATE to FOLLOWER at term 7 for REJECTED
2023-01-26 20:32:27,747 [a7887d3a-ac12-44f2-81f3-1f33b720a94f@group-1C34DF8C7ECE-LeaderElection41] INFO  impl.RoleInfo (RoleInfo.java:shutdownLeaderElection(130)) - a7887d3a-ac12-44f2-81f3-1f33b720a94f: shutdown a7887d3a-ac12-44f2-81f3-1f33b720a94f@group-1C34DF8C7ECE-LeaderElection41
2023-01-26 20:32:27,747 [a7887d3a-ac12-44f2-81f3-1f33b720a94f@group-1C34DF8C7ECE-LeaderElection41] INFO  impl.RoleInfo (RoleInfo.java:updateAndGet(139)) - a7887d3a-ac12-44f2-81f3-1f33b720a94f: start a7887d3a-ac12-44f2-81f3-1f33b720a94f@group-1C34DF8C7ECE-FollowerState
2023-01-26 20:32:27,757 [a7887d3a-ac12-44f2-81f3-1f33b720a94f@group-1C34DF8C7ECE-FollowerState] INFO  server.RaftServerConfigKeys (ConfUtils.java:logFallback(53)) - raft.server.rpc.first-election.timeout.min = 5s (fallback to raft.server.rpc.timeout.min)
2023-01-26 20:32:27,757 [a7887d3a-ac12-44f2-81f3-1f33b720a94f@group-1C34DF8C7ECE-FollowerState] INFO  server.RaftServerConfigKeys (ConfUtils.java:logFallback(53)) - raft.server.rpc.first-election.timeout.max = 5200ms (fallback to raft.server.rpc.timeout.max)
2023-01-26 20:32:27,761 [8116f3ad-43fd-49d6-b38b-c9c4aa8410ec-server-thread1] INFO  ratis.XceiverServerRatis (XceiverServerRatis.java:handleLeaderChangedNotification(904)) - Leader change notification received for group: group-1C34DF8C7ECE with new leaderId: 40d8d262-8836-439b-84c4-75233c3da079
2023-01-26 20:32:27,761 [8116f3ad-43fd-49d6-b38b-c9c4aa8410ec-server-thread1] INFO  server.RaftServer$Division (ServerState.java:setLeader(313)) - 8116f3ad-43fd-49d6-b38b-c9c4aa8410ec@group-1C34DF8C7ECE: change Leader from null to 40d8d262-8836-439b-84c4-75233c3da079 at term 7 for appendEntries, leader elected after 35805ms
2023-01-26 20:32:27,789 [8116f3ad-43fd-49d6-b38b-c9c4aa8410ec-server-thread2] INFO  server.RaftServer$Division (ServerState.java:setRaftConf(430)) - 8116f3ad-43fd-49d6-b38b-c9c4aa8410ec@group-1C34DF8C7ECE: set configuration 0: peers:[8116f3ad-43fd-49d6-b38b-c9c4aa8410ec|rpc:10.1.0.15:43645|dataStream:10.1.0.15:43077|priority:0|startupRole:FOLLOWER, a7887d3a-ac12-44f2-81f3-1f33b720a94f|rpc:10.1.0.15:36865|dataStream:10.1.0.15:32943|priority:0|startupRole:FOLLOWER, 40d8d262-8836-439b-84c4-75233c3da079|rpc:10.1.0.15:33521|dataStream:10.1.0.15:41237|priority:1|startupRole:FOLLOWER]|listeners:[], old=null
2023-01-26 20:32:27,789 [8116f3ad-43fd-49d6-b38b-c9c4aa8410ec-server-thread2] INFO  segmented.SegmentedRaftLogWorker (SegmentedRaftLogWorker.java:startLogSegment(452)) - 8116f3ad-43fd-49d6-b38b-c9c4aa8410ec@group-1C34DF8C7ECE-SegmentedRaftLogWorker: Starting segment from index:0
2023-01-26 20:32:27,792 [a7887d3a-ac12-44f2-81f3-1f33b720a94f-server-thread2] INFO  ratis.XceiverServerRatis (XceiverServerRatis.java:handleLeaderChangedNotification(904)) - Leader change notification received for group: group-1C34DF8C7ECE with new leaderId: 40d8d262-8836-439b-84c4-75233c3da079
2023-01-26 20:32:27,792 [a7887d3a-ac12-44f2-81f3-1f33b720a94f-server-thread2] INFO  server.RaftServer$Division (ServerState.java:setLeader(313)) - a7887d3a-ac12-44f2-81f3-1f33b720a94f@group-1C34DF8C7ECE: change Leader from null to 40d8d262-8836-439b-84c4-75233c3da079 at term 7 for appendEntries, leader elected after 35870ms
2023-01-26 20:32:27,794 [8116f3ad-43fd-49d6-b38b-c9c4aa8410ec@group-1C34DF8C7ECE-SegmentedRaftLogWorker] INFO  segmented.SegmentedRaftLogWorker (SegmentedRaftLogWorker.java:execute(656)) - 8116f3ad-43fd-49d6-b38b-c9c4aa8410ec@group-1C34DF8C7ECE-SegmentedRaftLogWorker: created new log segment /home/runner/work/ozone/ozone/hadoop-ozone/integration-test/target/test-dir/MiniOzoneClusterImpl-885fda24-0582-4ee7-b43d-362ebd6c8d83/datanode-1/data/ratis/e3b6bf34-3df8-4ecd-af7e-1c34df8c7ece/current/log_inprogress_0
2023-01-26 20:32:27,800 [a7887d3a-ac12-44f2-81f3-1f33b720a94f-server-thread2] INFO  server.RaftServer$Division (ServerState.java:setRaftConf(430)) - a7887d3a-ac12-44f2-81f3-1f33b720a94f@group-1C34DF8C7ECE: set configuration 0: peers:[8116f3ad-43fd-49d6-b38b-c9c4aa8410ec|rpc:10.1.0.15:43645|dataStream:10.1.0.15:43077|priority:0|startupRole:FOLLOWER, a7887d3a-ac12-44f2-81f3-1f33b720a94f|rpc:10.1.0.15:36865|dataStream:10.1.0.15:32943|priority:0|startupRole:FOLLOWER, 40d8d262-8836-439b-84c4-75233c3da079|rpc:10.1.0.15:33521|dataStream:10.1.0.15:41237|priority:1|startupRole:FOLLOWER]|listeners:[], old=null
2023-01-26 20:32:27,800 [a7887d3a-ac12-44f2-81f3-1f33b720a94f-server-thread2] INFO  segmented.SegmentedRaftLogWorker (SegmentedRaftLogWorker.java:startLogSegment(452)) - a7887d3a-ac12-44f2-81f3-1f33b720a94f@group-1C34DF8C7ECE-SegmentedRaftLogWorker: Starting segment from index:0
2023-01-26 20:32:27,806 [a7887d3a-ac12-44f2-81f3-1f33b720a94f@group-1C34DF8C7ECE-SegmentedRaftLogWorker] INFO  segmented.SegmentedRaftLogWorker (SegmentedRaftLogWorker.java:execute(656)) - a7887d3a-ac12-44f2-81f3-1f33b720a94f@group-1C34DF8C7ECE-SegmentedRaftLogWorker: created new log segment /home/runner/work/ozone/ozone/hadoop-ozone/integration-test/target/test-dir/MiniOzoneClusterImpl-885fda24-0582-4ee7-b43d-362ebd6c8d83/datanode-0/data/ratis/e3b6bf34-3df8-4ecd-af7e-1c34df8c7ece/current/log_inprogress_0
]]></system-out>
  </testcase>
  <testcase name="testListStatusIteratorOnPageSize" classname="TestOzoneFileSystem" time="16.003">
    <system-out><![CDATA[2023-01-26 20:33:28,603 [e073a1c5-1734-4c1f-8e4b-400896f1077e@group-3F5B260AE0F1-FollowerState] INFO  server.RaftServerConfigKeys (ConfUtils.java:logFallback(53)) - raft.server.rpc.first-election.timeout.min = 5s (fallback to raft.server.rpc.timeout.min)
2023-01-26 20:33:28,604 [e073a1c5-1734-4c1f-8e4b-400896f1077e@group-3F5B260AE0F1-FollowerState] INFO  server.RaftServerConfigKeys (ConfUtils.java:logFallback(53)) - raft.server.rpc.first-election.timeout.max = 5200ms (fallback to raft.server.rpc.timeout.max)
2023-01-26 20:33:28,639 [1d22b7d2-31db-4af8-bf0c-5577da68ec36@group-3F5B260AE0F1-FollowerState] INFO  impl.FollowerState (FollowerState.java:run(143)) - 1d22b7d2-31db-4af8-bf0c-5577da68ec36@group-3F5B260AE0F1-FollowerState: change to CANDIDATE, lastRpcElapsedTime:5113241598ns, electionTimeout:5108ms
2023-01-26 20:33:28,639 [1d22b7d2-31db-4af8-bf0c-5577da68ec36@group-3F5B260AE0F1-FollowerState] INFO  impl.RoleInfo (RoleInfo.java:shutdownFollowerState(110)) - 1d22b7d2-31db-4af8-bf0c-5577da68ec36: shutdown 1d22b7d2-31db-4af8-bf0c-5577da68ec36@group-3F5B260AE0F1-FollowerState
2023-01-26 20:33:28,639 [1d22b7d2-31db-4af8-bf0c-5577da68ec36@group-3F5B260AE0F1-FollowerState] INFO  server.RaftServer$Division (RaftServerImpl.java:setRole(321)) - 1d22b7d2-31db-4af8-bf0c-5577da68ec36@group-3F5B260AE0F1: changes role from  FOLLOWER to CANDIDATE at term 4 for changeToCandidate
2023-01-26 20:33:28,639 [1d22b7d2-31db-4af8-bf0c-5577da68ec36@group-3F5B260AE0F1-FollowerState] INFO  server.RaftServerConfigKeys (ConfUtils.java:logGet(46)) - raft.server.leaderelection.pre-vote = false (custom)
2023-01-26 20:33:28,639 [1d22b7d2-31db-4af8-bf0c-5577da68ec36@group-3F5B260AE0F1-FollowerState] INFO  impl.RoleInfo (RoleInfo.java:updateAndGet(139)) - 1d22b7d2-31db-4af8-bf0c-5577da68ec36: start 1d22b7d2-31db-4af8-bf0c-5577da68ec36@group-3F5B260AE0F1-LeaderElection55
2023-01-26 20:33:28,642 [1d22b7d2-31db-4af8-bf0c-5577da68ec36@group-3F5B260AE0F1-LeaderElection55] INFO  impl.LeaderElection (LeaderElection.java:askForVotes(312)) - 1d22b7d2-31db-4af8-bf0c-5577da68ec36@group-3F5B260AE0F1-LeaderElection55 ELECTION round 0: submit vote requests at term 5 for -1: peers:[1d22b7d2-31db-4af8-bf0c-5577da68ec36|rpc:10.1.0.15:38533|dataStream:10.1.0.15:42409|priority:0|startupRole:FOLLOWER, e073a1c5-1734-4c1f-8e4b-400896f1077e|rpc:10.1.0.15:44293|dataStream:10.1.0.15:37283|priority:0|startupRole:FOLLOWER, 2950c1a1-45bf-4864-9732-08ad567daa78|rpc:10.1.0.15:41507|dataStream:10.1.0.15:46779|priority:1|startupRole:FOLLOWER]|listeners:[], old=null
2023-01-26 20:33:28,649 [grpc-default-executor-1] INFO  server.RaftServer$Division (RaftServerImpl.java:requestVote(1218)) - e073a1c5-1734-4c1f-8e4b-400896f1077e@group-3F5B260AE0F1: receive requestVote(ELECTION, 1d22b7d2-31db-4af8-bf0c-5577da68ec36, group-3F5B260AE0F1, 5, (t:0, i:0))
2023-01-26 20:33:28,649 [grpc-default-executor-1] INFO  impl.VoteContext (VoteContext.java:log(49)) - e073a1c5-1734-4c1f-8e4b-400896f1077e@group-3F5B260AE0F1-FOLLOWER: accept ELECTION from 1d22b7d2-31db-4af8-bf0c-5577da68ec36: our priority 0 <= candidate's priority 0
2023-01-26 20:33:28,649 [grpc-default-executor-1] INFO  server.RaftServer$Division (RaftServerImpl.java:setRole(321)) - e073a1c5-1734-4c1f-8e4b-400896f1077e@group-3F5B260AE0F1: changes role from  FOLLOWER to FOLLOWER at term 5 for candidate:1d22b7d2-31db-4af8-bf0c-5577da68ec36
2023-01-26 20:33:28,649 [grpc-default-executor-1] INFO  impl.RoleInfo (RoleInfo.java:shutdownFollowerState(110)) - e073a1c5-1734-4c1f-8e4b-400896f1077e: shutdown e073a1c5-1734-4c1f-8e4b-400896f1077e@group-3F5B260AE0F1-FollowerState
2023-01-26 20:33:28,649 [grpc-default-executor-1] INFO  impl.RoleInfo (RoleInfo.java:updateAndGet(139)) - e073a1c5-1734-4c1f-8e4b-400896f1077e: start e073a1c5-1734-4c1f-8e4b-400896f1077e@group-3F5B260AE0F1-FollowerState
2023-01-26 20:33:28,650 [e073a1c5-1734-4c1f-8e4b-400896f1077e@group-3F5B260AE0F1-FollowerState] INFO  impl.FollowerState (FollowerState.java:run(152)) - e073a1c5-1734-4c1f-8e4b-400896f1077e@group-3F5B260AE0F1-FollowerState was interrupted
2023-01-26 20:33:28,652 [1d22b7d2-31db-4af8-bf0c-5577da68ec36@group-3F5B260AE0F1-LeaderElection55] INFO  server.RaftServerConfigKeys (ConfUtils.java:logFallback(53)) - raft.server.rpc.first-election.timeout.min = 5s (fallback to raft.server.rpc.timeout.min)
2023-01-26 20:33:28,652 [1d22b7d2-31db-4af8-bf0c-5577da68ec36@group-3F5B260AE0F1-LeaderElection55] INFO  server.RaftServerConfigKeys (ConfUtils.java:logFallback(53)) - raft.server.rpc.first-election.timeout.max = 5200ms (fallback to raft.server.rpc.timeout.max)
2023-01-26 20:33:28,652 [e073a1c5-1734-4c1f-8e4b-400896f1077e@group-3F5B260AE0F1-FollowerState] INFO  server.RaftServerConfigKeys (ConfUtils.java:logFallback(53)) - raft.server.rpc.first-election.timeout.min = 5s (fallback to raft.server.rpc.timeout.min)
2023-01-26 20:33:28,657 [grpc-default-executor-1] INFO  server.RaftServer$Division (RaftServerImpl.java:requestVote(1251)) - e073a1c5-1734-4c1f-8e4b-400896f1077e@group-3F5B260AE0F1 replies to ELECTION vote request: 1d22b7d2-31db-4af8-bf0c-5577da68ec36<-e073a1c5-1734-4c1f-8e4b-400896f1077e#0:OK-t5. Peer's state: e073a1c5-1734-4c1f-8e4b-400896f1077e@group-3F5B260AE0F1:t5, leader=null, voted=1d22b7d2-31db-4af8-bf0c-5577da68ec36, raftlog=Memoized:e073a1c5-1734-4c1f-8e4b-400896f1077e@group-3F5B260AE0F1-SegmentedRaftLog:OPENED:c-1, conf=-1: peers:[1d22b7d2-31db-4af8-bf0c-5577da68ec36|rpc:10.1.0.15:38533|dataStream:10.1.0.15:42409|priority:0|startupRole:FOLLOWER, e073a1c5-1734-4c1f-8e4b-400896f1077e|rpc:10.1.0.15:44293|dataStream:10.1.0.15:37283|priority:0|startupRole:FOLLOWER, 2950c1a1-45bf-4864-9732-08ad567daa78|rpc:10.1.0.15:41507|dataStream:10.1.0.15:46779|priority:1|startupRole:FOLLOWER]|listeners:[], old=null
2023-01-26 20:33:28,658 [e073a1c5-1734-4c1f-8e4b-400896f1077e@group-3F5B260AE0F1-FollowerState] INFO  server.RaftServerConfigKeys (ConfUtils.java:logFallback(53)) - raft.server.rpc.first-election.timeout.max = 5200ms (fallback to raft.server.rpc.timeout.max)
2023-01-26 20:33:28,660 [grpc-default-executor-1] INFO  server.RaftServer$Division (RaftServerImpl.java:requestVote(1218)) - 2950c1a1-45bf-4864-9732-08ad567daa78@group-3F5B260AE0F1: receive requestVote(ELECTION, 1d22b7d2-31db-4af8-bf0c-5577da68ec36, group-3F5B260AE0F1, 5, (t:0, i:0))
2023-01-26 20:33:28,661 [grpc-default-executor-1] INFO  impl.VoteContext (VoteContext.java:log(49)) - 2950c1a1-45bf-4864-9732-08ad567daa78@group-3F5B260AE0F1-FOLLOWER: reject ELECTION from 1d22b7d2-31db-4af8-bf0c-5577da68ec36: our priority 1 > candidate's priority 0
2023-01-26 20:33:28,661 [grpc-default-executor-1] INFO  server.RaftServer$Division (RaftServerImpl.java:setRole(321)) - 2950c1a1-45bf-4864-9732-08ad567daa78@group-3F5B260AE0F1: changes role from  FOLLOWER to FOLLOWER at term 5 for candidate:1d22b7d2-31db-4af8-bf0c-5577da68ec36
2023-01-26 20:33:28,661 [grpc-default-executor-1] INFO  impl.RoleInfo (RoleInfo.java:shutdownFollowerState(110)) - 2950c1a1-45bf-4864-9732-08ad567daa78: shutdown 2950c1a1-45bf-4864-9732-08ad567daa78@group-3F5B260AE0F1-FollowerState
2023-01-26 20:33:28,661 [grpc-default-executor-1] INFO  impl.RoleInfo (RoleInfo.java:updateAndGet(139)) - 2950c1a1-45bf-4864-9732-08ad567daa78: start 2950c1a1-45bf-4864-9732-08ad567daa78@group-3F5B260AE0F1-FollowerState
2023-01-26 20:33:28,661 [2950c1a1-45bf-4864-9732-08ad567daa78@group-3F5B260AE0F1-FollowerState] INFO  impl.FollowerState (FollowerState.java:run(152)) - 2950c1a1-45bf-4864-9732-08ad567daa78@group-3F5B260AE0F1-FollowerState was interrupted
2023-01-26 20:33:28,662 [grpc-default-executor-1] INFO  server.RaftServer$Division (RaftServerImpl.java:requestVote(1251)) - 2950c1a1-45bf-4864-9732-08ad567daa78@group-3F5B260AE0F1 replies to ELECTION vote request: 1d22b7d2-31db-4af8-bf0c-5577da68ec36<-2950c1a1-45bf-4864-9732-08ad567daa78#0:FAIL-t5. Peer's state: 2950c1a1-45bf-4864-9732-08ad567daa78@group-3F5B260AE0F1:t5, leader=null, voted=null, raftlog=Memoized:2950c1a1-45bf-4864-9732-08ad567daa78@group-3F5B260AE0F1-SegmentedRaftLog:OPENED:c-1, conf=-1: peers:[1d22b7d2-31db-4af8-bf0c-5577da68ec36|rpc:10.1.0.15:38533|dataStream:10.1.0.15:42409|priority:0|startupRole:FOLLOWER, e073a1c5-1734-4c1f-8e4b-400896f1077e|rpc:10.1.0.15:44293|dataStream:10.1.0.15:37283|priority:0|startupRole:FOLLOWER, 2950c1a1-45bf-4864-9732-08ad567daa78|rpc:10.1.0.15:41507|dataStream:10.1.0.15:46779|priority:1|startupRole:FOLLOWER]|listeners:[], old=null
2023-01-26 20:33:28,663 [2950c1a1-45bf-4864-9732-08ad567daa78@group-3F5B260AE0F1-FollowerState] INFO  server.RaftServerConfigKeys (ConfUtils.java:logFallback(53)) - raft.server.rpc.first-election.timeout.min = 5s (fallback to raft.server.rpc.timeout.min)
2023-01-26 20:33:28,664 [1d22b7d2-31db-4af8-bf0c-5577da68ec36@group-3F5B260AE0F1-LeaderElection55] INFO  impl.LeaderElection (LeaderElection.java:logAndReturn(90)) - 1d22b7d2-31db-4af8-bf0c-5577da68ec36@group-3F5B260AE0F1-LeaderElection55: ELECTION REJECTED received 2 response(s) and 0 exception(s):
2023-01-26 20:33:28,664 [1d22b7d2-31db-4af8-bf0c-5577da68ec36@group-3F5B260AE0F1-LeaderElection55] INFO  impl.LeaderElection (LeaderElection.java:logAndReturn(94)) -   Response 0: 1d22b7d2-31db-4af8-bf0c-5577da68ec36<-e073a1c5-1734-4c1f-8e4b-400896f1077e#0:OK-t5
2023-01-26 20:33:28,664 [1d22b7d2-31db-4af8-bf0c-5577da68ec36@group-3F5B260AE0F1-LeaderElection55] INFO  impl.LeaderElection (LeaderElection.java:logAndReturn(94)) -   Response 1: 1d22b7d2-31db-4af8-bf0c-5577da68ec36<-2950c1a1-45bf-4864-9732-08ad567daa78#0:FAIL-t5
2023-01-26 20:33:28,664 [1d22b7d2-31db-4af8-bf0c-5577da68ec36@group-3F5B260AE0F1-LeaderElection55] INFO  impl.LeaderElection (LeaderElection.java:askForVotes(314)) - 1d22b7d2-31db-4af8-bf0c-5577da68ec36@group-3F5B260AE0F1-LeaderElection55 ELECTION round 0: result REJECTED
2023-01-26 20:33:28,664 [1d22b7d2-31db-4af8-bf0c-5577da68ec36@group-3F5B260AE0F1-LeaderElection55] INFO  server.RaftServer$Division (RaftServerImpl.java:setRole(321)) - 1d22b7d2-31db-4af8-bf0c-5577da68ec36@group-3F5B260AE0F1: changes role from CANDIDATE to FOLLOWER at term 5 for REJECTED
2023-01-26 20:33:28,664 [1d22b7d2-31db-4af8-bf0c-5577da68ec36@group-3F5B260AE0F1-LeaderElection55] INFO  impl.RoleInfo (RoleInfo.java:shutdownLeaderElection(130)) - 1d22b7d2-31db-4af8-bf0c-5577da68ec36: shutdown 1d22b7d2-31db-4af8-bf0c-5577da68ec36@group-3F5B260AE0F1-LeaderElection55
2023-01-26 20:33:28,664 [1d22b7d2-31db-4af8-bf0c-5577da68ec36@group-3F5B260AE0F1-LeaderElection55] INFO  impl.RoleInfo (RoleInfo.java:updateAndGet(139)) - 1d22b7d2-31db-4af8-bf0c-5577da68ec36: start 1d22b7d2-31db-4af8-bf0c-5577da68ec36@group-3F5B260AE0F1-FollowerState
2023-01-26 20:33:28,664 [2950c1a1-45bf-4864-9732-08ad567daa78@group-3F5B260AE0F1-FollowerState] INFO  server.RaftServerConfigKeys (ConfUtils.java:logFallback(53)) - raft.server.rpc.first-election.timeout.max = 5200ms (fallback to raft.server.rpc.timeout.max)
2023-01-26 20:33:28,665 [1d22b7d2-31db-4af8-bf0c-5577da68ec36@group-3F5B260AE0F1-FollowerState] INFO  server.RaftServerConfigKeys (ConfUtils.java:logFallback(53)) - raft.server.rpc.first-election.timeout.min = 5s (fallback to raft.server.rpc.timeout.min)
2023-01-26 20:33:28,665 [1d22b7d2-31db-4af8-bf0c-5577da68ec36@group-3F5B260AE0F1-FollowerState] INFO  server.RaftServerConfigKeys (ConfUtils.java:logFallback(53)) - raft.server.rpc.first-election.timeout.max = 5200ms (fallback to raft.server.rpc.timeout.max)
2023-01-26 20:33:33,435 [JvmPauseMonitor21] WARN  util.JvmPauseMonitor (JvmPauseMonitor.java:detectPause(126)) - JvmPauseMonitor-ff5e38c1-f65b-484d-a220-edc435d5e866: Detected pause in JVM or host machine (eg GC): pause of approximately 177700611ns.
GC pool 'PS MarkSweep' had collection(s): count=1 time=406ms
GC pool 'PS Scavenge' had collection(s): count=1 time=220ms
2023-01-26 20:33:33,436 [JvmPauseMonitor19] WARN  util.JvmPauseMonitor (JvmPauseMonitor.java:detectPause(126)) - JvmPauseMonitor-e073a1c5-1734-4c1f-8e4b-400896f1077e: Detected pause in JVM or host machine (eg GC): pause of approximately 257315329ns.
GC pool 'PS MarkSweep' had collection(s): count=1 time=406ms
GC pool 'PS Scavenge' had collection(s): count=1 time=220ms
2023-01-26 20:33:33,436 [JvmPauseMonitor17] WARN  util.JvmPauseMonitor (JvmPauseMonitor.java:detectPause(126)) - JvmPauseMonitor-1d22b7d2-31db-4af8-bf0c-5577da68ec36: Detected pause in JVM or host machine (eg GC): pause of approximately 335753233ns.
GC pool 'PS MarkSweep' had collection(s): count=1 time=406ms
GC pool 'PS Scavenge' had collection(s): count=1 time=220ms
2023-01-26 20:33:33,438 [JvmPauseMonitor20] WARN  util.JvmPauseMonitor (JvmPauseMonitor.java:detectPause(126)) - JvmPauseMonitor-60a87c7d-8298-43e9-85a2-250658c19736: Detected pause in JVM or host machine (eg GC): pause of approximately 435053077ns.
GC pool 'PS MarkSweep' had collection(s): count=1 time=406ms
GC pool 'PS Scavenge' had collection(s): count=1 time=220ms
2023-01-26 20:33:33,444 [JvmPauseMonitor18] WARN  util.JvmPauseMonitor (JvmPauseMonitor.java:detectPause(126)) - JvmPauseMonitor-2950c1a1-45bf-4864-9732-08ad567daa78: Detected pause in JVM or host machine (eg GC): pause of approximately 609085284ns.
GC pool 'PS MarkSweep' had collection(s): count=1 time=406ms
GC pool 'PS Scavenge' had collection(s): count=1 time=220ms
2023-01-26 20:33:33,742 [1d22b7d2-31db-4af8-bf0c-5577da68ec36@group-3F5B260AE0F1-FollowerState] INFO  impl.FollowerState (FollowerState.java:run(143)) - 1d22b7d2-31db-4af8-bf0c-5577da68ec36@group-3F5B260AE0F1-FollowerState: change to CANDIDATE, lastRpcElapsedTime:5077462280ns, electionTimeout:5077ms
2023-01-26 20:33:33,742 [1d22b7d2-31db-4af8-bf0c-5577da68ec36@group-3F5B260AE0F1-FollowerState] INFO  impl.RoleInfo (RoleInfo.java:shutdownFollowerState(110)) - 1d22b7d2-31db-4af8-bf0c-5577da68ec36: shutdown 1d22b7d2-31db-4af8-bf0c-5577da68ec36@group-3F5B260AE0F1-FollowerState
2023-01-26 20:33:33,742 [1d22b7d2-31db-4af8-bf0c-5577da68ec36@group-3F5B260AE0F1-FollowerState] INFO  server.RaftServer$Division (RaftServerImpl.java:setRole(321)) - 1d22b7d2-31db-4af8-bf0c-5577da68ec36@group-3F5B260AE0F1: changes role from  FOLLOWER to CANDIDATE at term 5 for changeToCandidate
2023-01-26 20:33:33,742 [1d22b7d2-31db-4af8-bf0c-5577da68ec36@group-3F5B260AE0F1-FollowerState] INFO  server.RaftServerConfigKeys (ConfUtils.java:logGet(46)) - raft.server.leaderelection.pre-vote = false (custom)
2023-01-26 20:33:33,742 [1d22b7d2-31db-4af8-bf0c-5577da68ec36@group-3F5B260AE0F1-FollowerState] INFO  impl.RoleInfo (RoleInfo.java:updateAndGet(139)) - 1d22b7d2-31db-4af8-bf0c-5577da68ec36: start 1d22b7d2-31db-4af8-bf0c-5577da68ec36@group-3F5B260AE0F1-LeaderElection56
2023-01-26 20:33:33,747 [1d22b7d2-31db-4af8-bf0c-5577da68ec36@group-3F5B260AE0F1-LeaderElection56] INFO  impl.LeaderElection (LeaderElection.java:askForVotes(312)) - 1d22b7d2-31db-4af8-bf0c-5577da68ec36@group-3F5B260AE0F1-LeaderElection56 ELECTION round 0: submit vote requests at term 6 for -1: peers:[1d22b7d2-31db-4af8-bf0c-5577da68ec36|rpc:10.1.0.15:38533|dataStream:10.1.0.15:42409|priority:0|startupRole:FOLLOWER, e073a1c5-1734-4c1f-8e4b-400896f1077e|rpc:10.1.0.15:44293|dataStream:10.1.0.15:37283|priority:0|startupRole:FOLLOWER, 2950c1a1-45bf-4864-9732-08ad567daa78|rpc:10.1.0.15:41507|dataStream:10.1.0.15:46779|priority:1|startupRole:FOLLOWER]|listeners:[], old=null
2023-01-26 20:33:33,757 [grpc-default-executor-1] INFO  server.RaftServer$Division (RaftServerImpl.java:requestVote(1218)) - e073a1c5-1734-4c1f-8e4b-400896f1077e@group-3F5B260AE0F1: receive requestVote(ELECTION, 1d22b7d2-31db-4af8-bf0c-5577da68ec36, group-3F5B260AE0F1, 6, (t:0, i:0))
2023-01-26 20:33:33,757 [grpc-default-executor-1] INFO  impl.VoteContext (VoteContext.java:log(49)) - e073a1c5-1734-4c1f-8e4b-400896f1077e@group-3F5B260AE0F1-FOLLOWER: accept ELECTION from 1d22b7d2-31db-4af8-bf0c-5577da68ec36: our priority 0 <= candidate's priority 0
2023-01-26 20:33:33,757 [grpc-default-executor-1] INFO  server.RaftServer$Division (RaftServerImpl.java:setRole(321)) - e073a1c5-1734-4c1f-8e4b-400896f1077e@group-3F5B260AE0F1: changes role from  FOLLOWER to FOLLOWER at term 6 for candidate:1d22b7d2-31db-4af8-bf0c-5577da68ec36
2023-01-26 20:33:33,757 [grpc-default-executor-1] INFO  impl.RoleInfo (RoleInfo.java:shutdownFollowerState(110)) - e073a1c5-1734-4c1f-8e4b-400896f1077e: shutdown e073a1c5-1734-4c1f-8e4b-400896f1077e@group-3F5B260AE0F1-FollowerState
2023-01-26 20:33:33,758 [grpc-default-executor-1] INFO  impl.RoleInfo (RoleInfo.java:updateAndGet(139)) - e073a1c5-1734-4c1f-8e4b-400896f1077e: start e073a1c5-1734-4c1f-8e4b-400896f1077e@group-3F5B260AE0F1-FollowerState
2023-01-26 20:33:33,758 [e073a1c5-1734-4c1f-8e4b-400896f1077e@group-3F5B260AE0F1-FollowerState] INFO  impl.FollowerState (FollowerState.java:run(152)) - e073a1c5-1734-4c1f-8e4b-400896f1077e@group-3F5B260AE0F1-FollowerState was interrupted
2023-01-26 20:33:33,758 [e073a1c5-1734-4c1f-8e4b-400896f1077e@group-3F5B260AE0F1-FollowerState] INFO  server.RaftServerConfigKeys (ConfUtils.java:logFallback(53)) - raft.server.rpc.first-election.timeout.min = 5s (fallback to raft.server.rpc.timeout.min)
2023-01-26 20:33:33,758 [e073a1c5-1734-4c1f-8e4b-400896f1077e@group-3F5B260AE0F1-FollowerState] INFO  server.RaftServerConfigKeys (ConfUtils.java:logFallback(53)) - raft.server.rpc.first-election.timeout.max = 5200ms (fallback to raft.server.rpc.timeout.max)
2023-01-26 20:33:33,759 [grpc-default-executor-1] INFO  server.RaftServer$Division (RaftServerImpl.java:requestVote(1251)) - e073a1c5-1734-4c1f-8e4b-400896f1077e@group-3F5B260AE0F1 replies to ELECTION vote request: 1d22b7d2-31db-4af8-bf0c-5577da68ec36<-e073a1c5-1734-4c1f-8e4b-400896f1077e#0:OK-t6. Peer's state: e073a1c5-1734-4c1f-8e4b-400896f1077e@group-3F5B260AE0F1:t6, leader=null, voted=1d22b7d2-31db-4af8-bf0c-5577da68ec36, raftlog=Memoized:e073a1c5-1734-4c1f-8e4b-400896f1077e@group-3F5B260AE0F1-SegmentedRaftLog:OPENED:c-1, conf=-1: peers:[1d22b7d2-31db-4af8-bf0c-5577da68ec36|rpc:10.1.0.15:38533|dataStream:10.1.0.15:42409|priority:0|startupRole:FOLLOWER, e073a1c5-1734-4c1f-8e4b-400896f1077e|rpc:10.1.0.15:44293|dataStream:10.1.0.15:37283|priority:0|startupRole:FOLLOWER, 2950c1a1-45bf-4864-9732-08ad567daa78|rpc:10.1.0.15:41507|dataStream:10.1.0.15:46779|priority:1|startupRole:FOLLOWER]|listeners:[], old=null
2023-01-26 20:33:33,760 [1d22b7d2-31db-4af8-bf0c-5577da68ec36@group-3F5B260AE0F1-LeaderElection56] INFO  server.RaftServerConfigKeys (ConfUtils.java:logFallback(53)) - raft.server.rpc.first-election.timeout.min = 5s (fallback to raft.server.rpc.timeout.min)
2023-01-26 20:33:33,760 [1d22b7d2-31db-4af8-bf0c-5577da68ec36@group-3F5B260AE0F1-LeaderElection56] INFO  server.RaftServerConfigKeys (ConfUtils.java:logFallback(53)) - raft.server.rpc.first-election.timeout.max = 5200ms (fallback to raft.server.rpc.timeout.max)
2023-01-26 20:33:33,763 [grpc-default-executor-1] INFO  server.RaftServer$Division (RaftServerImpl.java:requestVote(1218)) - 2950c1a1-45bf-4864-9732-08ad567daa78@group-3F5B260AE0F1: receive requestVote(ELECTION, 1d22b7d2-31db-4af8-bf0c-5577da68ec36, group-3F5B260AE0F1, 6, (t:0, i:0))
2023-01-26 20:33:33,763 [grpc-default-executor-1] INFO  impl.VoteContext (VoteContext.java:log(49)) - 2950c1a1-45bf-4864-9732-08ad567daa78@group-3F5B260AE0F1-FOLLOWER: reject ELECTION from 1d22b7d2-31db-4af8-bf0c-5577da68ec36: our priority 1 > candidate's priority 0
2023-01-26 20:33:33,763 [grpc-default-executor-1] INFO  server.RaftServer$Division (RaftServerImpl.java:setRole(321)) - 2950c1a1-45bf-4864-9732-08ad567daa78@group-3F5B260AE0F1: changes role from  FOLLOWER to FOLLOWER at term 6 for candidate:1d22b7d2-31db-4af8-bf0c-5577da68ec36
2023-01-26 20:33:33,763 [grpc-default-executor-1] INFO  impl.RoleInfo (RoleInfo.java:shutdownFollowerState(110)) - 2950c1a1-45bf-4864-9732-08ad567daa78: shutdown 2950c1a1-45bf-4864-9732-08ad567daa78@group-3F5B260AE0F1-FollowerState
2023-01-26 20:33:33,763 [grpc-default-executor-1] INFO  impl.RoleInfo (RoleInfo.java:updateAndGet(139)) - 2950c1a1-45bf-4864-9732-08ad567daa78: start 2950c1a1-45bf-4864-9732-08ad567daa78@group-3F5B260AE0F1-FollowerState
2023-01-26 20:33:33,763 [2950c1a1-45bf-4864-9732-08ad567daa78@group-3F5B260AE0F1-FollowerState] INFO  impl.FollowerState (FollowerState.java:run(152)) - 2950c1a1-45bf-4864-9732-08ad567daa78@group-3F5B260AE0F1-FollowerState was interrupted
2023-01-26 20:33:33,768 [grpc-default-executor-1] INFO  server.RaftServer$Division (RaftServerImpl.java:requestVote(1251)) - 2950c1a1-45bf-4864-9732-08ad567daa78@group-3F5B260AE0F1 replies to ELECTION vote request: 1d22b7d2-31db-4af8-bf0c-5577da68ec36<-2950c1a1-45bf-4864-9732-08ad567daa78#0:FAIL-t6. Peer's state: 2950c1a1-45bf-4864-9732-08ad567daa78@group-3F5B260AE0F1:t6, leader=null, voted=null, raftlog=Memoized:2950c1a1-45bf-4864-9732-08ad567daa78@group-3F5B260AE0F1-SegmentedRaftLog:OPENED:c-1, conf=-1: peers:[1d22b7d2-31db-4af8-bf0c-5577da68ec36|rpc:10.1.0.15:38533|dataStream:10.1.0.15:42409|priority:0|startupRole:FOLLOWER, e073a1c5-1734-4c1f-8e4b-400896f1077e|rpc:10.1.0.15:44293|dataStream:10.1.0.15:37283|priority:0|startupRole:FOLLOWER, 2950c1a1-45bf-4864-9732-08ad567daa78|rpc:10.1.0.15:41507|dataStream:10.1.0.15:46779|priority:1|startupRole:FOLLOWER]|listeners:[], old=null
2023-01-26 20:33:33,768 [1d22b7d2-31db-4af8-bf0c-5577da68ec36@group-3F5B260AE0F1-LeaderElection56] INFO  impl.LeaderElection (LeaderElection.java:logAndReturn(90)) - 1d22b7d2-31db-4af8-bf0c-5577da68ec36@group-3F5B260AE0F1-LeaderElection56: ELECTION REJECTED received 2 response(s) and 0 exception(s):
2023-01-26 20:33:33,769 [1d22b7d2-31db-4af8-bf0c-5577da68ec36@group-3F5B260AE0F1-LeaderElection56] INFO  impl.LeaderElection (LeaderElection.java:logAndReturn(94)) -   Response 0: 1d22b7d2-31db-4af8-bf0c-5577da68ec36<-e073a1c5-1734-4c1f-8e4b-400896f1077e#0:OK-t6
2023-01-26 20:33:33,769 [1d22b7d2-31db-4af8-bf0c-5577da68ec36@group-3F5B260AE0F1-LeaderElection56] INFO  impl.LeaderElection (LeaderElection.java:logAndReturn(94)) -   Response 1: 1d22b7d2-31db-4af8-bf0c-5577da68ec36<-2950c1a1-45bf-4864-9732-08ad567daa78#0:FAIL-t6
2023-01-26 20:33:33,769 [1d22b7d2-31db-4af8-bf0c-5577da68ec36@group-3F5B260AE0F1-LeaderElection56] INFO  impl.LeaderElection (LeaderElection.java:askForVotes(314)) - 1d22b7d2-31db-4af8-bf0c-5577da68ec36@group-3F5B260AE0F1-LeaderElection56 ELECTION round 0: result REJECTED
2023-01-26 20:33:33,769 [1d22b7d2-31db-4af8-bf0c-5577da68ec36@group-3F5B260AE0F1-LeaderElection56] INFO  server.RaftServer$Division (RaftServerImpl.java:setRole(321)) - 1d22b7d2-31db-4af8-bf0c-5577da68ec36@group-3F5B260AE0F1: changes role from CANDIDATE to FOLLOWER at term 6 for REJECTED
2023-01-26 20:33:33,769 [1d22b7d2-31db-4af8-bf0c-5577da68ec36@group-3F5B260AE0F1-LeaderElection56] INFO  impl.RoleInfo (RoleInfo.java:shutdownLeaderElection(130)) - 1d22b7d2-31db-4af8-bf0c-5577da68ec36: shutdown 1d22b7d2-31db-4af8-bf0c-5577da68ec36@group-3F5B260AE0F1-LeaderElection56
2023-01-26 20:33:33,769 [1d22b7d2-31db-4af8-bf0c-5577da68ec36@group-3F5B260AE0F1-LeaderElection56] INFO  impl.RoleInfo (RoleInfo.java:updateAndGet(139)) - 1d22b7d2-31db-4af8-bf0c-5577da68ec36: start 1d22b7d2-31db-4af8-bf0c-5577da68ec36@group-3F5B260AE0F1-FollowerState
2023-01-26 20:33:33,769 [2950c1a1-45bf-4864-9732-08ad567daa78@group-3F5B260AE0F1-FollowerState] INFO  server.RaftServerConfigKeys (ConfUtils.java:logFallback(53)) - raft.server.rpc.first-election.timeout.min = 5s (fallback to raft.server.rpc.timeout.min)
2023-01-26 20:33:33,769 [2950c1a1-45bf-4864-9732-08ad567daa78@group-3F5B260AE0F1-FollowerState] INFO  server.RaftServerConfigKeys (ConfUtils.java:logFallback(53)) - raft.server.rpc.first-election.timeout.max = 5200ms (fallback to raft.server.rpc.timeout.max)
2023-01-26 20:33:33,773 [1d22b7d2-31db-4af8-bf0c-5577da68ec36@group-3F5B260AE0F1-FollowerState] INFO  server.RaftServerConfigKeys (ConfUtils.java:logFallback(53)) - raft.server.rpc.first-election.timeout.min = 5s (fallback to raft.server.rpc.timeout.min)
2023-01-26 20:33:33,773 [1d22b7d2-31db-4af8-bf0c-5577da68ec36@group-3F5B260AE0F1-FollowerState] INFO  server.RaftServerConfigKeys (ConfUtils.java:logFallback(53)) - raft.server.rpc.first-election.timeout.max = 5200ms (fallback to raft.server.rpc.timeout.max)
2023-01-26 20:33:38,827 [2950c1a1-45bf-4864-9732-08ad567daa78@group-3F5B260AE0F1-FollowerState] INFO  impl.FollowerState (FollowerState.java:run(143)) - 2950c1a1-45bf-4864-9732-08ad567daa78@group-3F5B260AE0F1-FollowerState: change to CANDIDATE, lastRpcElapsedTime:5063709664ns, electionTimeout:5058ms
2023-01-26 20:33:38,827 [2950c1a1-45bf-4864-9732-08ad567daa78@group-3F5B260AE0F1-FollowerState] INFO  impl.RoleInfo (RoleInfo.java:shutdownFollowerState(110)) - 2950c1a1-45bf-4864-9732-08ad567daa78: shutdown 2950c1a1-45bf-4864-9732-08ad567daa78@group-3F5B260AE0F1-FollowerState
2023-01-26 20:33:38,827 [2950c1a1-45bf-4864-9732-08ad567daa78@group-3F5B260AE0F1-FollowerState] INFO  server.RaftServer$Division (RaftServerImpl.java:setRole(321)) - 2950c1a1-45bf-4864-9732-08ad567daa78@group-3F5B260AE0F1: changes role from  FOLLOWER to CANDIDATE at term 6 for changeToCandidate
2023-01-26 20:33:38,827 [2950c1a1-45bf-4864-9732-08ad567daa78@group-3F5B260AE0F1-FollowerState] INFO  server.RaftServerConfigKeys (ConfUtils.java:logGet(46)) - raft.server.leaderelection.pre-vote = false (custom)
2023-01-26 20:33:38,828 [2950c1a1-45bf-4864-9732-08ad567daa78@group-3F5B260AE0F1-FollowerState] INFO  impl.RoleInfo (RoleInfo.java:updateAndGet(139)) - 2950c1a1-45bf-4864-9732-08ad567daa78: start 2950c1a1-45bf-4864-9732-08ad567daa78@group-3F5B260AE0F1-LeaderElection57
2023-01-26 20:33:38,831 [2950c1a1-45bf-4864-9732-08ad567daa78@group-3F5B260AE0F1-LeaderElection57] INFO  impl.LeaderElection (LeaderElection.java:askForVotes(312)) - 2950c1a1-45bf-4864-9732-08ad567daa78@group-3F5B260AE0F1-LeaderElection57 ELECTION round 0: submit vote requests at term 7 for -1: peers:[1d22b7d2-31db-4af8-bf0c-5577da68ec36|rpc:10.1.0.15:38533|dataStream:10.1.0.15:42409|priority:0|startupRole:FOLLOWER, e073a1c5-1734-4c1f-8e4b-400896f1077e|rpc:10.1.0.15:44293|dataStream:10.1.0.15:37283|priority:0|startupRole:FOLLOWER, 2950c1a1-45bf-4864-9732-08ad567daa78|rpc:10.1.0.15:41507|dataStream:10.1.0.15:46779|priority:1|startupRole:FOLLOWER]|listeners:[], old=null
2023-01-26 20:33:38,831 [2950c1a1-45bf-4864-9732-08ad567daa78@group-3F5B260AE0F1-LeaderElection57] INFO  server.RaftServerConfigKeys (ConfUtils.java:logFallback(53)) - raft.server.rpc.first-election.timeout.min = 5s (fallback to raft.server.rpc.timeout.min)
2023-01-26 20:33:38,831 [2950c1a1-45bf-4864-9732-08ad567daa78@group-3F5B260AE0F1-LeaderElection57] INFO  server.RaftServerConfigKeys (ConfUtils.java:logFallback(53)) - raft.server.rpc.first-election.timeout.max = 5200ms (fallback to raft.server.rpc.timeout.max)
2023-01-26 20:33:38,835 [grpc-default-executor-0] INFO  server.RaftServer$Division (RaftServerImpl.java:requestVote(1218)) - e073a1c5-1734-4c1f-8e4b-400896f1077e@group-3F5B260AE0F1: receive requestVote(ELECTION, 2950c1a1-45bf-4864-9732-08ad567daa78, group-3F5B260AE0F1, 7, (t:0, i:0))
2023-01-26 20:33:38,835 [grpc-default-executor-0] INFO  impl.VoteContext (VoteContext.java:log(49)) - e073a1c5-1734-4c1f-8e4b-400896f1077e@group-3F5B260AE0F1-FOLLOWER: accept ELECTION from 2950c1a1-45bf-4864-9732-08ad567daa78: our priority 0 <= candidate's priority 1
2023-01-26 20:33:38,835 [grpc-default-executor-0] INFO  server.RaftServer$Division (RaftServerImpl.java:setRole(321)) - e073a1c5-1734-4c1f-8e4b-400896f1077e@group-3F5B260AE0F1: changes role from  FOLLOWER to FOLLOWER at term 7 for candidate:2950c1a1-45bf-4864-9732-08ad567daa78
2023-01-26 20:33:38,835 [grpc-default-executor-0] INFO  impl.RoleInfo (RoleInfo.java:shutdownFollowerState(110)) - e073a1c5-1734-4c1f-8e4b-400896f1077e: shutdown e073a1c5-1734-4c1f-8e4b-400896f1077e@group-3F5B260AE0F1-FollowerState
2023-01-26 20:33:38,835 [grpc-default-executor-0] INFO  impl.RoleInfo (RoleInfo.java:updateAndGet(139)) - e073a1c5-1734-4c1f-8e4b-400896f1077e: start e073a1c5-1734-4c1f-8e4b-400896f1077e@group-3F5B260AE0F1-FollowerState
2023-01-26 20:33:38,835 [e073a1c5-1734-4c1f-8e4b-400896f1077e@group-3F5B260AE0F1-FollowerState] INFO  impl.FollowerState (FollowerState.java:run(152)) - e073a1c5-1734-4c1f-8e4b-400896f1077e@group-3F5B260AE0F1-FollowerState was interrupted
2023-01-26 20:33:38,836 [grpc-default-executor-1] INFO  server.RaftServer$Division (RaftServerImpl.java:requestVote(1218)) - 1d22b7d2-31db-4af8-bf0c-5577da68ec36@group-3F5B260AE0F1: receive requestVote(ELECTION, 2950c1a1-45bf-4864-9732-08ad567daa78, group-3F5B260AE0F1, 7, (t:0, i:0))
2023-01-26 20:33:38,836 [grpc-default-executor-1] INFO  impl.VoteContext (VoteContext.java:log(49)) - 1d22b7d2-31db-4af8-bf0c-5577da68ec36@group-3F5B260AE0F1-FOLLOWER: accept ELECTION from 2950c1a1-45bf-4864-9732-08ad567daa78: our priority 0 <= candidate's priority 1
2023-01-26 20:33:38,836 [grpc-default-executor-1] INFO  server.RaftServer$Division (RaftServerImpl.java:setRole(321)) - 1d22b7d2-31db-4af8-bf0c-5577da68ec36@group-3F5B260AE0F1: changes role from  FOLLOWER to FOLLOWER at term 7 for candidate:2950c1a1-45bf-4864-9732-08ad567daa78
2023-01-26 20:33:38,836 [grpc-default-executor-1] INFO  impl.RoleInfo (RoleInfo.java:shutdownFollowerState(110)) - 1d22b7d2-31db-4af8-bf0c-5577da68ec36: shutdown 1d22b7d2-31db-4af8-bf0c-5577da68ec36@group-3F5B260AE0F1-FollowerState
2023-01-26 20:33:38,845 [grpc-default-executor-1] INFO  impl.RoleInfo (RoleInfo.java:updateAndGet(139)) - 1d22b7d2-31db-4af8-bf0c-5577da68ec36: start 1d22b7d2-31db-4af8-bf0c-5577da68ec36@group-3F5B260AE0F1-FollowerState
2023-01-26 20:33:38,845 [1d22b7d2-31db-4af8-bf0c-5577da68ec36@group-3F5B260AE0F1-FollowerState] INFO  impl.FollowerState (FollowerState.java:run(152)) - 1d22b7d2-31db-4af8-bf0c-5577da68ec36@group-3F5B260AE0F1-FollowerState was interrupted
2023-01-26 20:33:38,845 [e073a1c5-1734-4c1f-8e4b-400896f1077e@group-3F5B260AE0F1-FollowerState] INFO  server.RaftServerConfigKeys (ConfUtils.java:logFallback(53)) - raft.server.rpc.first-election.timeout.min = 5s (fallback to raft.server.rpc.timeout.min)
2023-01-26 20:33:38,845 [e073a1c5-1734-4c1f-8e4b-400896f1077e@group-3F5B260AE0F1-FollowerState] INFO  server.RaftServerConfigKeys (ConfUtils.java:logFallback(53)) - raft.server.rpc.first-election.timeout.max = 5200ms (fallback to raft.server.rpc.timeout.max)
2023-01-26 20:33:38,845 [grpc-default-executor-0] INFO  server.RaftServer$Division (RaftServerImpl.java:requestVote(1251)) - e073a1c5-1734-4c1f-8e4b-400896f1077e@group-3F5B260AE0F1 replies to ELECTION vote request: 2950c1a1-45bf-4864-9732-08ad567daa78<-e073a1c5-1734-4c1f-8e4b-400896f1077e#0:OK-t7. Peer's state: e073a1c5-1734-4c1f-8e4b-400896f1077e@group-3F5B260AE0F1:t7, leader=null, voted=2950c1a1-45bf-4864-9732-08ad567daa78, raftlog=Memoized:e073a1c5-1734-4c1f-8e4b-400896f1077e@group-3F5B260AE0F1-SegmentedRaftLog:OPENED:c-1, conf=-1: peers:[1d22b7d2-31db-4af8-bf0c-5577da68ec36|rpc:10.1.0.15:38533|dataStream:10.1.0.15:42409|priority:0|startupRole:FOLLOWER, e073a1c5-1734-4c1f-8e4b-400896f1077e|rpc:10.1.0.15:44293|dataStream:10.1.0.15:37283|priority:0|startupRole:FOLLOWER, 2950c1a1-45bf-4864-9732-08ad567daa78|rpc:10.1.0.15:41507|dataStream:10.1.0.15:46779|priority:1|startupRole:FOLLOWER]|listeners:[], old=null
2023-01-26 20:33:38,849 [grpc-default-executor-1] INFO  server.RaftServer$Division (RaftServerImpl.java:requestVote(1251)) - 1d22b7d2-31db-4af8-bf0c-5577da68ec36@group-3F5B260AE0F1 replies to ELECTION vote request: 2950c1a1-45bf-4864-9732-08ad567daa78<-1d22b7d2-31db-4af8-bf0c-5577da68ec36#0:OK-t7. Peer's state: 1d22b7d2-31db-4af8-bf0c-5577da68ec36@group-3F5B260AE0F1:t7, leader=null, voted=2950c1a1-45bf-4864-9732-08ad567daa78, raftlog=Memoized:1d22b7d2-31db-4af8-bf0c-5577da68ec36@group-3F5B260AE0F1-SegmentedRaftLog:OPENED:c-1, conf=-1: peers:[1d22b7d2-31db-4af8-bf0c-5577da68ec36|rpc:10.1.0.15:38533|dataStream:10.1.0.15:42409|priority:0|startupRole:FOLLOWER, e073a1c5-1734-4c1f-8e4b-400896f1077e|rpc:10.1.0.15:44293|dataStream:10.1.0.15:37283|priority:0|startupRole:FOLLOWER, 2950c1a1-45bf-4864-9732-08ad567daa78|rpc:10.1.0.15:41507|dataStream:10.1.0.15:46779|priority:1|startupRole:FOLLOWER]|listeners:[], old=null
2023-01-26 20:33:38,850 [1d22b7d2-31db-4af8-bf0c-5577da68ec36@group-3F5B260AE0F1-FollowerState] INFO  server.RaftServerConfigKeys (ConfUtils.java:logFallback(53)) - raft.server.rpc.first-election.timeout.min = 5s (fallback to raft.server.rpc.timeout.min)
2023-01-26 20:33:38,850 [1d22b7d2-31db-4af8-bf0c-5577da68ec36@group-3F5B260AE0F1-FollowerState] INFO  server.RaftServerConfigKeys (ConfUtils.java:logFallback(53)) - raft.server.rpc.first-election.timeout.max = 5200ms (fallback to raft.server.rpc.timeout.max)
2023-01-26 20:33:38,850 [2950c1a1-45bf-4864-9732-08ad567daa78@group-3F5B260AE0F1-LeaderElection57] INFO  impl.LeaderElection (LeaderElection.java:logAndReturn(90)) - 2950c1a1-45bf-4864-9732-08ad567daa78@group-3F5B260AE0F1-LeaderElection57: ELECTION PASSED received 1 response(s) and 0 exception(s):
2023-01-26 20:33:38,850 [2950c1a1-45bf-4864-9732-08ad567daa78@group-3F5B260AE0F1-LeaderElection57] INFO  impl.LeaderElection (LeaderElection.java:logAndReturn(94)) -   Response 0: 2950c1a1-45bf-4864-9732-08ad567daa78<-1d22b7d2-31db-4af8-bf0c-5577da68ec36#0:OK-t7
2023-01-26 20:33:38,850 [2950c1a1-45bf-4864-9732-08ad567daa78@group-3F5B260AE0F1-LeaderElection57] INFO  impl.LeaderElection (LeaderElection.java:askForVotes(314)) - 2950c1a1-45bf-4864-9732-08ad567daa78@group-3F5B260AE0F1-LeaderElection57 ELECTION round 0: result PASSED
2023-01-26 20:33:38,850 [2950c1a1-45bf-4864-9732-08ad567daa78@group-3F5B260AE0F1-LeaderElection57] INFO  impl.RoleInfo (RoleInfo.java:shutdownLeaderElection(130)) - 2950c1a1-45bf-4864-9732-08ad567daa78: shutdown 2950c1a1-45bf-4864-9732-08ad567daa78@group-3F5B260AE0F1-LeaderElection57
2023-01-26 20:33:38,850 [2950c1a1-45bf-4864-9732-08ad567daa78@group-3F5B260AE0F1-LeaderElection57] INFO  server.RaftServer$Division (RaftServerImpl.java:setRole(321)) - 2950c1a1-45bf-4864-9732-08ad567daa78@group-3F5B260AE0F1: changes role from CANDIDATE to LEADER at term 7 for changeToLeader
2023-01-26 20:33:38,850 [2950c1a1-45bf-4864-9732-08ad567daa78@group-3F5B260AE0F1-LeaderElection57] INFO  ratis.XceiverServerRatis (XceiverServerRatis.java:handleLeaderChangedNotification(904)) - Leader change notification received for group: group-3F5B260AE0F1 with new leaderId: 2950c1a1-45bf-4864-9732-08ad567daa78
2023-01-26 20:33:38,850 [2950c1a1-45bf-4864-9732-08ad567daa78@group-3F5B260AE0F1-LeaderElection57] INFO  server.RaftServer$Division (ServerState.java:setLeader(313)) - 2950c1a1-45bf-4864-9732-08ad567daa78@group-3F5B260AE0F1: change Leader from null to 2950c1a1-45bf-4864-9732-08ad567daa78 at term 7 for becomeLeader, leader elected after 35721ms
2023-01-26 20:33:38,850 [2950c1a1-45bf-4864-9732-08ad567daa78@group-3F5B260AE0F1-LeaderElection57] INFO  server.RaftServerConfigKeys (ConfUtils.java:logGet(46)) - raft.server.staging.catchup.gap = 1000 (default)
2023-01-26 20:33:38,850 [2950c1a1-45bf-4864-9732-08ad567daa78@group-3F5B260AE0F1-LeaderElection57] INFO  server.RaftServerConfigKeys (ConfUtils.java:logGet(46)) - raft.server.write.element-limit = 1024 (custom)
2023-01-26 20:33:38,851 [2950c1a1-45bf-4864-9732-08ad567daa78@group-3F5B260AE0F1-LeaderElection57] INFO  server.RaftServerConfigKeys (ConfUtils.java:logGet(46)) - raft.server.write.byte-limit = 1024 M (=1073741824) (custom)
2023-01-26 20:33:38,851 [2950c1a1-45bf-4864-9732-08ad567daa78@group-3F5B260AE0F1-LeaderElection57] INFO  server.RaftServerConfigKeys (ConfUtils.java:logGet(46)) - raft.server.watch.timeout = 180s (custom)
2023-01-26 20:33:38,851 [2950c1a1-45bf-4864-9732-08ad567daa78@group-3F5B260AE0F1-LeaderElection57] INFO  server.RaftServerConfigKeys (ConfUtils.java:logGet(46)) - raft.server.watch.timeout.denomination = 1s (default)
2023-01-26 20:33:38,851 [2950c1a1-45bf-4864-9732-08ad567daa78@group-3F5B260AE0F1-LeaderElection57] INFO  server.RaftServerConfigKeys (ConfUtils.java:logGet(46)) - raft.server.watch.element-limit = 65536 (default)
2023-01-26 20:33:38,851 [2950c1a1-45bf-4864-9732-08ad567daa78@group-3F5B260AE0F1-LeaderElection57] INFO  server.RaftServerConfigKeys (ConfUtils.java:logGet(46)) - raft.server.write.element-limit = 1024 (custom)
2023-01-26 20:33:38,851 [2950c1a1-45bf-4864-9732-08ad567daa78@group-3F5B260AE0F1-LeaderElection57] INFO  server.RaftServerConfigKeys (ConfUtils.java:logGet(46)) - raft.server.write.follower.gap.ratio.max = -1.0 (default)
2023-01-26 20:33:38,851 [2950c1a1-45bf-4864-9732-08ad567daa78@group-3F5B260AE0F1-LeaderElection57] INFO  server.RaftServerConfigKeys (ConfUtils.java:logGet(46)) - raft.server.log.appender.snapshot.chunk.size.max = 16MB (=16777216) (default)
2023-01-26 20:33:38,851 [2950c1a1-45bf-4864-9732-08ad567daa78@group-3F5B260AE0F1-LeaderElection57] INFO  server.RaftServerConfigKeys (ConfUtils.java:logGet(46)) - raft.server.log.appender.buffer.byte-limit = 33554432 (custom)
2023-01-26 20:33:38,851 [2950c1a1-45bf-4864-9732-08ad567daa78@group-3F5B260AE0F1-LeaderElection57] INFO  server.RaftServerConfigKeys (ConfUtils.java:logGet(46)) - raft.server.log.appender.buffer.element-limit = 1 (custom)
2023-01-26 20:33:38,851 [2950c1a1-45bf-4864-9732-08ad567daa78@group-3F5B260AE0F1-LeaderElection57] INFO  grpc.GrpcConfigKeys (ConfUtils.java:logGet(46)) - raft.grpc.server.leader.outstanding.appends.max = 128 (default)
2023-01-26 20:33:38,851 [2950c1a1-45bf-4864-9732-08ad567daa78@group-3F5B260AE0F1-LeaderElection57] INFO  server.RaftServerConfigKeys (ConfUtils.java:logGet(46)) - raft.server.rpc.request.timeout = 60s (custom)
2023-01-26 20:33:38,851 [2950c1a1-45bf-4864-9732-08ad567daa78@group-3F5B260AE0F1-LeaderElection57] INFO  server.RaftServerConfigKeys (ConfUtils.java:logGet(46)) - raft.server.log.appender.install.snapshot.enabled = false (custom)
2023-01-26 20:33:38,851 [2950c1a1-45bf-4864-9732-08ad567daa78@group-3F5B260AE0F1-LeaderElection57] INFO  grpc.GrpcConfigKeys (ConfUtils.java:logGet(46)) - raft.grpc.server.heartbeat.channel = true (default)
2023-01-26 20:33:38,851 [2950c1a1-45bf-4864-9732-08ad567daa78@group-3F5B260AE0F1-LeaderElection57] INFO  server.RaftServerConfigKeys (ConfUtils.java:logGet(46)) - raft.server.log.appender.wait-time.min = 10ms (default)
2023-01-26 20:33:38,852 [2950c1a1-45bf-4864-9732-08ad567daa78@group-3F5B260AE0F1-LeaderElection57] INFO  server.RaftServerConfigKeys (ConfUtils.java:logGet(46)) - raft.server.log.appender.snapshot.chunk.size.max = 16MB (=16777216) (default)
2023-01-26 20:33:38,852 [2950c1a1-45bf-4864-9732-08ad567daa78@group-3F5B260AE0F1-LeaderElection57] INFO  server.RaftServerConfigKeys (ConfUtils.java:logGet(46)) - raft.server.log.appender.buffer.byte-limit = 33554432 (custom)
2023-01-26 20:33:38,852 [2950c1a1-45bf-4864-9732-08ad567daa78@group-3F5B260AE0F1-LeaderElection57] INFO  server.RaftServerConfigKeys (ConfUtils.java:logGet(46)) - raft.server.log.appender.buffer.element-limit = 1 (custom)
2023-01-26 20:33:38,852 [2950c1a1-45bf-4864-9732-08ad567daa78@group-3F5B260AE0F1-LeaderElection57] INFO  grpc.GrpcConfigKeys (ConfUtils.java:logGet(46)) - raft.grpc.server.leader.outstanding.appends.max = 128 (default)
2023-01-26 20:33:38,852 [2950c1a1-45bf-4864-9732-08ad567daa78@group-3F5B260AE0F1-LeaderElection57] INFO  server.RaftServerConfigKeys (ConfUtils.java:logGet(46)) - raft.server.rpc.request.timeout = 60s (custom)
2023-01-26 20:33:38,853 [2950c1a1-45bf-4864-9732-08ad567daa78@group-3F5B260AE0F1-LeaderElection57] INFO  server.RaftServerConfigKeys (ConfUtils.java:logGet(46)) - raft.server.log.appender.install.snapshot.enabled = false (custom)
2023-01-26 20:33:38,853 [2950c1a1-45bf-4864-9732-08ad567daa78@group-3F5B260AE0F1-LeaderElection57] INFO  grpc.GrpcConfigKeys (ConfUtils.java:logGet(46)) - raft.grpc.server.heartbeat.channel = true (default)
2023-01-26 20:33:38,853 [2950c1a1-45bf-4864-9732-08ad567daa78@group-3F5B260AE0F1-LeaderElection57] INFO  server.RaftServerConfigKeys (ConfUtils.java:logGet(46)) - raft.server.log.appender.wait-time.min = 10ms (default)
2023-01-26 20:33:38,854 [EventQueue-PipelineReportForPipelineReportHandler] INFO  pipeline.PipelineManagerImpl (PipelineManagerImpl.java:openPipeline(367)) - Pipeline Pipeline[ Id: 663e50ab-5534-46bb-8729-3f5b260ae0f1, Nodes: 1d22b7d2-31db-4af8-bf0c-5577da68ec36(fv-az462-54.0zuljvm5d0yedf4jva4xayy4gc.gx.internal.cloudapp.net/10.1.0.15)e073a1c5-1734-4c1f-8e4b-400896f1077e(fv-az462-54.0zuljvm5d0yedf4jva4xayy4gc.gx.internal.cloudapp.net/10.1.0.15)2950c1a1-45bf-4864-9732-08ad567daa78(fv-az462-54.0zuljvm5d0yedf4jva4xayy4gc.gx.internal.cloudapp.net/10.1.0.15), ReplicationConfig: RATIS/THREE, State:ALLOCATED, leaderId:2950c1a1-45bf-4864-9732-08ad567daa78, CreationTimestamp2023-01-26T20:33:00.595Z[Etc/UTC]] moved to OPEN state
2023-01-26 20:33:38,854 [2950c1a1-45bf-4864-9732-08ad567daa78@group-3F5B260AE0F1-LeaderElection57] INFO  impl.RoleInfo (RoleInfo.java:updateAndGet(139)) - 2950c1a1-45bf-4864-9732-08ad567daa78: start 2950c1a1-45bf-4864-9732-08ad567daa78@group-3F5B260AE0F1-LeaderStateImpl
2023-01-26 20:33:38,854 [2950c1a1-45bf-4864-9732-08ad567daa78@group-3F5B260AE0F1-LeaderElection57] INFO  segmented.SegmentedRaftLogWorker (SegmentedRaftLogWorker.java:startLogSegment(452)) - 2950c1a1-45bf-4864-9732-08ad567daa78@group-3F5B260AE0F1-SegmentedRaftLogWorker: Starting segment from index:0
2023-01-26 20:33:38,856 [2950c1a1-45bf-4864-9732-08ad567daa78@group-3F5B260AE0F1-SegmentedRaftLogWorker] INFO  segmented.SegmentedRaftLogWorker (SegmentedRaftLogWorker.java:execute(656)) - 2950c1a1-45bf-4864-9732-08ad567daa78@group-3F5B260AE0F1-SegmentedRaftLogWorker: created new log segment /home/runner/work/ozone/ozone/hadoop-ozone/integration-test/target/test-dir/MiniOzoneClusterImpl-ced6b6c1-d1ae-4b41-aa13-dfc1f6c7b229/datanode-1/data/ratis/663e50ab-5534-46bb-8729-3f5b260ae0f1/current/log_inprogress_0
2023-01-26 20:33:38,859 [2950c1a1-45bf-4864-9732-08ad567daa78@group-3F5B260AE0F1-LeaderElection57] INFO  server.RaftServer$Division (ServerState.java:setRaftConf(430)) - 2950c1a1-45bf-4864-9732-08ad567daa78@group-3F5B260AE0F1: set configuration 0: peers:[1d22b7d2-31db-4af8-bf0c-5577da68ec36|rpc:10.1.0.15:38533|dataStream:10.1.0.15:42409|priority:0|startupRole:FOLLOWER, e073a1c5-1734-4c1f-8e4b-400896f1077e|rpc:10.1.0.15:44293|dataStream:10.1.0.15:37283|priority:0|startupRole:FOLLOWER, 2950c1a1-45bf-4864-9732-08ad567daa78|rpc:10.1.0.15:41507|dataStream:10.1.0.15:46779|priority:1|startupRole:FOLLOWER]|listeners:[], old=null
2023-01-26 20:33:38,866 [1d22b7d2-31db-4af8-bf0c-5577da68ec36-server-thread1] INFO  ratis.XceiverServerRatis (XceiverServerRatis.java:handleLeaderChangedNotification(904)) - Leader change notification received for group: group-3F5B260AE0F1 with new leaderId: 2950c1a1-45bf-4864-9732-08ad567daa78
2023-01-26 20:33:38,866 [1d22b7d2-31db-4af8-bf0c-5577da68ec36-server-thread1] INFO  server.RaftServer$Division (ServerState.java:setLeader(313)) - 1d22b7d2-31db-4af8-bf0c-5577da68ec36@group-3F5B260AE0F1: change Leader from null to 2950c1a1-45bf-4864-9732-08ad567daa78 at term 7 for appendEntries, leader elected after 35847ms
2023-01-26 20:33:38,866 [1d22b7d2-31db-4af8-bf0c-5577da68ec36-server-thread1] INFO  server.RaftServer$Division (ServerState.java:setRaftConf(430)) - 1d22b7d2-31db-4af8-bf0c-5577da68ec36@group-3F5B260AE0F1: set configuration 0: peers:[1d22b7d2-31db-4af8-bf0c-5577da68ec36|rpc:10.1.0.15:38533|dataStream:10.1.0.15:42409|priority:0|startupRole:FOLLOWER, e073a1c5-1734-4c1f-8e4b-400896f1077e|rpc:10.1.0.15:44293|dataStream:10.1.0.15:37283|priority:0|startupRole:FOLLOWER, 2950c1a1-45bf-4864-9732-08ad567daa78|rpc:10.1.0.15:41507|dataStream:10.1.0.15:46779|priority:1|startupRole:FOLLOWER]|listeners:[], old=null
2023-01-26 20:33:38,866 [1d22b7d2-31db-4af8-bf0c-5577da68ec36-server-thread1] INFO  segmented.SegmentedRaftLogWorker (SegmentedRaftLogWorker.java:startLogSegment(452)) - 1d22b7d2-31db-4af8-bf0c-5577da68ec36@group-3F5B260AE0F1-SegmentedRaftLogWorker: Starting segment from index:0
2023-01-26 20:33:38,869 [1d22b7d2-31db-4af8-bf0c-5577da68ec36@group-3F5B260AE0F1-SegmentedRaftLogWorker] INFO  segmented.SegmentedRaftLogWorker (SegmentedRaftLogWorker.java:execute(656)) - 1d22b7d2-31db-4af8-bf0c-5577da68ec36@group-3F5B260AE0F1-SegmentedRaftLogWorker: created new log segment /home/runner/work/ozone/ozone/hadoop-ozone/integration-test/target/test-dir/MiniOzoneClusterImpl-ced6b6c1-d1ae-4b41-aa13-dfc1f6c7b229/datanode-0/data/ratis/663e50ab-5534-46bb-8729-3f5b260ae0f1/current/log_inprogress_0
2023-01-26 20:33:38,871 [e073a1c5-1734-4c1f-8e4b-400896f1077e-server-thread1] INFO  ratis.XceiverServerRatis (XceiverServerRatis.java:handleLeaderChangedNotification(904)) - Leader change notification received for group: group-3F5B260AE0F1 with new leaderId: 2950c1a1-45bf-4864-9732-08ad567daa78
2023-01-26 20:33:38,871 [e073a1c5-1734-4c1f-8e4b-400896f1077e-server-thread1] INFO  server.RaftServer$Division (ServerState.java:setLeader(313)) - e073a1c5-1734-4c1f-8e4b-400896f1077e@group-3F5B260AE0F1: change Leader from null to 2950c1a1-45bf-4864-9732-08ad567daa78 at term 7 for appendEntries, leader elected after 35773ms
2023-01-26 20:33:38,874 [e073a1c5-1734-4c1f-8e4b-400896f1077e-server-thread3] INFO  server.RaftServer$Division (ServerState.java:setRaftConf(430)) - e073a1c5-1734-4c1f-8e4b-400896f1077e@group-3F5B260AE0F1: set configuration 0: peers:[1d22b7d2-31db-4af8-bf0c-5577da68ec36|rpc:10.1.0.15:38533|dataStream:10.1.0.15:42409|priority:0|startupRole:FOLLOWER, e073a1c5-1734-4c1f-8e4b-400896f1077e|rpc:10.1.0.15:44293|dataStream:10.1.0.15:37283|priority:0|startupRole:FOLLOWER, 2950c1a1-45bf-4864-9732-08ad567daa78|rpc:10.1.0.15:41507|dataStream:10.1.0.15:46779|priority:1|startupRole:FOLLOWER]|listeners:[], old=null
2023-01-26 20:33:38,874 [e073a1c5-1734-4c1f-8e4b-400896f1077e-server-thread3] INFO  segmented.SegmentedRaftLogWorker (SegmentedRaftLogWorker.java:startLogSegment(452)) - e073a1c5-1734-4c1f-8e4b-400896f1077e@group-3F5B260AE0F1-SegmentedRaftLogWorker: Starting segment from index:0
2023-01-26 20:33:38,881 [e073a1c5-1734-4c1f-8e4b-400896f1077e@group-3F5B260AE0F1-SegmentedRaftLogWorker] INFO  segmented.SegmentedRaftLogWorker (SegmentedRaftLogWorker.java:execute(656)) - e073a1c5-1734-4c1f-8e4b-400896f1077e@group-3F5B260AE0F1-SegmentedRaftLogWorker: created new log segment /home/runner/work/ozone/ozone/hadoop-ozone/integration-test/target/test-dir/MiniOzoneClusterImpl-ced6b6c1-d1ae-4b41-aa13-dfc1f6c7b229/datanode-2/data/ratis/663e50ab-5534-46bb-8729-3f5b260ae0f1/current/log_inprogress_0
]]></system-out>
  </testcase>
  <testcase name="testRenameToTrashEnabled" classname="TestOzoneFileSystem" time="0.133">
    <system-out><![CDATA[20:30:34.668 [IPC Server handler 13 on default port 38181] ERROR OMAudit - user=runner | ip=127.0.0.1 | op=GET_FILE_STATUS {volume=volume83577, bucket=bucket75634, key=.Trash/runner/Current/testKey1, dataSize=0, replicationConfig=null} | ret=FAILURE
org.apache.hadoop.ozone.om.exceptions.OMException: Unable to get file status: volume: volume83577 bucket: bucket75634 key: .Trash/runner/Current/testKey1
	at org.apache.hadoop.ozone.om.KeyManagerImpl.getOzoneFileStatus(KeyManagerImpl.java:1301) ~[ozone-manager-1.4.0-SNAPSHOT.jar:?]
	at org.apache.hadoop.ozone.om.KeyManagerImpl.getFileStatus(KeyManagerImpl.java:1219) ~[ozone-manager-1.4.0-SNAPSHOT.jar:?]
	at org.apache.hadoop.ozone.om.OzoneManager.getFileStatus(OzoneManager.java:3498) ~[ozone-manager-1.4.0-SNAPSHOT.jar:?]
	at org.apache.hadoop.ozone.protocolPB.OzoneManagerRequestHandler.getOzoneFileStatus(OzoneManagerRequestHandler.java:913) ~[ozone-manager-1.4.0-SNAPSHOT.jar:?]
	at org.apache.hadoop.ozone.protocolPB.OzoneManagerRequestHandler.handleReadRequest(OzoneManagerRequestHandler.java:233) ~[ozone-manager-1.4.0-SNAPSHOT.jar:?]
	at org.apache.hadoop.ozone.protocolPB.OzoneManagerProtocolServerSideTranslatorPB.submitReadRequestToOM(OzoneManagerProtocolServerSideTranslatorPB.java:226) ~[ozone-manager-1.4.0-SNAPSHOT.jar:?]
	at org.apache.hadoop.ozone.protocolPB.OzoneManagerProtocolServerSideTranslatorPB.processRequest(OzoneManagerProtocolServerSideTranslatorPB.java:175) ~[ozone-manager-1.4.0-SNAPSHOT.jar:?]
	at org.apache.hadoop.hdds.server.OzoneProtocolMessageDispatcher.processRequest(OzoneProtocolMessageDispatcher.java:87) [hdds-server-framework-1.4.0-SNAPSHOT.jar:?]
	at org.apache.hadoop.ozone.protocolPB.OzoneManagerProtocolServerSideTranslatorPB.submitRequest(OzoneManagerProtocolServerSideTranslatorPB.java:147) [ozone-manager-1.4.0-SNAPSHOT.jar:?]
	at org.apache.hadoop.ozone.protocol.proto.OzoneManagerProtocolProtos$OzoneManagerService$2.callBlockingMethod(OzoneManagerProtocolProtos.java) [ozone-interface-client-1.4.0-SNAPSHOT.jar:?]
	at org.apache.hadoop.ipc.ProtobufRpcEngine$Server.processCall(ProtobufRpcEngine.java:465) [hadoop-common-3.3.4.jar:?]
	at org.apache.hadoop.ipc.ProtobufRpcEngine2$Server$ProtoBufRpcInvoker.call(ProtobufRpcEngine2.java:578) [hadoop-common-3.3.4.jar:?]
	at org.apache.hadoop.ipc.ProtobufRpcEngine2$Server$ProtoBufRpcInvoker.call(ProtobufRpcEngine2.java:556) [hadoop-common-3.3.4.jar:?]
	at org.apache.hadoop.ipc.RPC$Server.call(RPC.java:1093) [hadoop-common-3.3.4.jar:?]
	at org.apache.hadoop.ipc.Server$RpcCall.run(Server.java:1043) [hadoop-common-3.3.4.jar:?]
	at org.apache.hadoop.ipc.Server$RpcCall.run(Server.java:971) [hadoop-common-3.3.4.jar:?]
	at java.security.AccessController.doPrivileged(Native Method) ~[?:1.8.0_352]
	at javax.security.auth.Subject.doAs(Subject.java:422) [?:1.8.0_352]
	at org.apache.hadoop.security.UserGroupInformation.doAs(UserGroupInformation.java:1878) [hadoop-common-3.3.4.jar:?]
	at org.apache.hadoop.ipc.Server$Handler.run(Server.java:2976) [hadoop-common-3.3.4.jar:?]
20:30:34.671 [IPC Server handler 11 on default port 38181] ERROR OMAudit - user=runner | ip=127.0.0.1 | op=GET_FILE_STATUS {volume=volume83577, bucket=bucket75634, key=.Trash/runner/Current/testKey1, dataSize=0, replicationConfig=null} | ret=FAILURE
org.apache.hadoop.ozone.om.exceptions.OMException: Unable to get file status: volume: volume83577 bucket: bucket75634 key: .Trash/runner/Current/testKey1
	at org.apache.hadoop.ozone.om.KeyManagerImpl.getOzoneFileStatus(KeyManagerImpl.java:1301) ~[ozone-manager-1.4.0-SNAPSHOT.jar:?]
	at org.apache.hadoop.ozone.om.KeyManagerImpl.getFileStatus(KeyManagerImpl.java:1219) ~[ozone-manager-1.4.0-SNAPSHOT.jar:?]
	at org.apache.hadoop.ozone.om.OzoneManager.getFileStatus(OzoneManager.java:3498) ~[ozone-manager-1.4.0-SNAPSHOT.jar:?]
	at org.apache.hadoop.ozone.protocolPB.OzoneManagerRequestHandler.getOzoneFileStatus(OzoneManagerRequestHandler.java:913) ~[ozone-manager-1.4.0-SNAPSHOT.jar:?]
	at org.apache.hadoop.ozone.protocolPB.OzoneManagerRequestHandler.handleReadRequest(OzoneManagerRequestHandler.java:233) ~[ozone-manager-1.4.0-SNAPSHOT.jar:?]
	at org.apache.hadoop.ozone.protocolPB.OzoneManagerProtocolServerSideTranslatorPB.submitReadRequestToOM(OzoneManagerProtocolServerSideTranslatorPB.java:226) ~[ozone-manager-1.4.0-SNAPSHOT.jar:?]
	at org.apache.hadoop.ozone.protocolPB.OzoneManagerProtocolServerSideTranslatorPB.processRequest(OzoneManagerProtocolServerSideTranslatorPB.java:175) ~[ozone-manager-1.4.0-SNAPSHOT.jar:?]
	at org.apache.hadoop.hdds.server.OzoneProtocolMessageDispatcher.processRequest(OzoneProtocolMessageDispatcher.java:87) [hdds-server-framework-1.4.0-SNAPSHOT.jar:?]
	at org.apache.hadoop.ozone.protocolPB.OzoneManagerProtocolServerSideTranslatorPB.submitRequest(OzoneManagerProtocolServerSideTranslatorPB.java:147) [ozone-manager-1.4.0-SNAPSHOT.jar:?]
	at org.apache.hadoop.ozone.protocol.proto.OzoneManagerProtocolProtos$OzoneManagerService$2.callBlockingMethod(OzoneManagerProtocolProtos.java) [ozone-interface-client-1.4.0-SNAPSHOT.jar:?]
	at org.apache.hadoop.ipc.ProtobufRpcEngine$Server.processCall(ProtobufRpcEngine.java:465) [hadoop-common-3.3.4.jar:?]
	at org.apache.hadoop.ipc.ProtobufRpcEngine2$Server$ProtoBufRpcInvoker.call(ProtobufRpcEngine2.java:578) [hadoop-common-3.3.4.jar:?]
	at org.apache.hadoop.ipc.ProtobufRpcEngine2$Server$ProtoBufRpcInvoker.call(ProtobufRpcEngine2.java:556) [hadoop-common-3.3.4.jar:?]
	at org.apache.hadoop.ipc.RPC$Server.call(RPC.java:1093) [hadoop-common-3.3.4.jar:?]
	at org.apache.hadoop.ipc.Server$RpcCall.run(Server.java:1043) [hadoop-common-3.3.4.jar:?]
	at org.apache.hadoop.ipc.Server$RpcCall.run(Server.java:971) [hadoop-common-3.3.4.jar:?]
	at java.security.AccessController.doPrivileged(Native Method) ~[?:1.8.0_352]
	at javax.security.auth.Subject.doAs(Subject.java:422) [?:1.8.0_352]
	at org.apache.hadoop.security.UserGroupInformation.doAs(UserGroupInformation.java:1878) [hadoop-common-3.3.4.jar:?]
	at org.apache.hadoop.ipc.Server$Handler.run(Server.java:2976) [hadoop-common-3.3.4.jar:?]
2023-01-26 20:30:34,678 [Time-limited test] INFO  om.TrashPolicyOzone (TrashPolicyOzone.java:moveToTrash(209)) - Moved: '/testKey1' to trash at: /.Trash/runner/Current/testKey1
]]></system-out>
  </testcase>
  <testcase name="testRenameToTrashEnabled" classname="TestOzoneFileSystem" time="0.113">
    <system-out><![CDATA[20:31:32.046 [IPC Server handler 16 on default port 37459] ERROR OMAudit - user=runner | ip=127.0.0.1 | op=GET_FILE_STATUS {volume=volume58619, bucket=bucket43836, key=.Trash/runner/Current/testKey1, dataSize=0, replicationConfig=null} | ret=FAILURE
org.apache.hadoop.ozone.om.exceptions.OMException: Unable to get file status: volume: volume58619 bucket: bucket43836 key: .Trash/runner/Current/testKey1
	at org.apache.hadoop.ozone.om.KeyManagerImpl.getOzoneFileStatus(KeyManagerImpl.java:1301) ~[ozone-manager-1.4.0-SNAPSHOT.jar:?]
	at org.apache.hadoop.ozone.om.KeyManagerImpl.getFileStatus(KeyManagerImpl.java:1219) ~[ozone-manager-1.4.0-SNAPSHOT.jar:?]
	at org.apache.hadoop.ozone.om.OzoneManager.getFileStatus(OzoneManager.java:3498) ~[ozone-manager-1.4.0-SNAPSHOT.jar:?]
	at org.apache.hadoop.ozone.protocolPB.OzoneManagerRequestHandler.getOzoneFileStatus(OzoneManagerRequestHandler.java:913) ~[ozone-manager-1.4.0-SNAPSHOT.jar:?]
	at org.apache.hadoop.ozone.protocolPB.OzoneManagerRequestHandler.handleReadRequest(OzoneManagerRequestHandler.java:233) ~[ozone-manager-1.4.0-SNAPSHOT.jar:?]
	at org.apache.hadoop.ozone.protocolPB.OzoneManagerProtocolServerSideTranslatorPB.submitRequestDirectlyToOM(OzoneManagerProtocolServerSideTranslatorPB.java:276) ~[ozone-manager-1.4.0-SNAPSHOT.jar:?]
	at org.apache.hadoop.ozone.protocolPB.OzoneManagerProtocolServerSideTranslatorPB.processRequest(OzoneManagerProtocolServerSideTranslatorPB.java:205) ~[ozone-manager-1.4.0-SNAPSHOT.jar:?]
	at org.apache.hadoop.hdds.server.OzoneProtocolMessageDispatcher.processRequest(OzoneProtocolMessageDispatcher.java:87) [hdds-server-framework-1.4.0-SNAPSHOT.jar:?]
	at org.apache.hadoop.ozone.protocolPB.OzoneManagerProtocolServerSideTranslatorPB.submitRequest(OzoneManagerProtocolServerSideTranslatorPB.java:147) [ozone-manager-1.4.0-SNAPSHOT.jar:?]
	at org.apache.hadoop.ozone.protocol.proto.OzoneManagerProtocolProtos$OzoneManagerService$2.callBlockingMethod(OzoneManagerProtocolProtos.java) [ozone-interface-client-1.4.0-SNAPSHOT.jar:?]
	at org.apache.hadoop.ipc.ProtobufRpcEngine$Server.processCall(ProtobufRpcEngine.java:465) [hadoop-common-3.3.4.jar:?]
	at org.apache.hadoop.ipc.ProtobufRpcEngine2$Server$ProtoBufRpcInvoker.call(ProtobufRpcEngine2.java:578) [hadoop-common-3.3.4.jar:?]
	at org.apache.hadoop.ipc.ProtobufRpcEngine2$Server$ProtoBufRpcInvoker.call(ProtobufRpcEngine2.java:556) [hadoop-common-3.3.4.jar:?]
	at org.apache.hadoop.ipc.RPC$Server.call(RPC.java:1093) [hadoop-common-3.3.4.jar:?]
	at org.apache.hadoop.ipc.Server$RpcCall.run(Server.java:1043) [hadoop-common-3.3.4.jar:?]
	at org.apache.hadoop.ipc.Server$RpcCall.run(Server.java:971) [hadoop-common-3.3.4.jar:?]
	at java.security.AccessController.doPrivileged(Native Method) ~[?:1.8.0_352]
	at javax.security.auth.Subject.doAs(Subject.java:422) [?:1.8.0_352]
	at org.apache.hadoop.security.UserGroupInformation.doAs(UserGroupInformation.java:1878) [hadoop-common-3.3.4.jar:?]
	at org.apache.hadoop.ipc.Server$Handler.run(Server.java:2976) [hadoop-common-3.3.4.jar:?]
20:31:32.049 [IPC Server handler 19 on default port 37459] ERROR OMAudit - user=runner | ip=127.0.0.1 | op=GET_FILE_STATUS {volume=volume58619, bucket=bucket43836, key=.Trash/runner/Current/testKey1, dataSize=0, replicationConfig=null} | ret=FAILURE
org.apache.hadoop.ozone.om.exceptions.OMException: Unable to get file status: volume: volume58619 bucket: bucket43836 key: .Trash/runner/Current/testKey1
	at org.apache.hadoop.ozone.om.KeyManagerImpl.getOzoneFileStatus(KeyManagerImpl.java:1301) ~[ozone-manager-1.4.0-SNAPSHOT.jar:?]
	at org.apache.hadoop.ozone.om.KeyManagerImpl.getFileStatus(KeyManagerImpl.java:1219) ~[ozone-manager-1.4.0-SNAPSHOT.jar:?]
	at org.apache.hadoop.ozone.om.OzoneManager.getFileStatus(OzoneManager.java:3498) ~[ozone-manager-1.4.0-SNAPSHOT.jar:?]
	at org.apache.hadoop.ozone.protocolPB.OzoneManagerRequestHandler.getOzoneFileStatus(OzoneManagerRequestHandler.java:913) ~[ozone-manager-1.4.0-SNAPSHOT.jar:?]
	at org.apache.hadoop.ozone.protocolPB.OzoneManagerRequestHandler.handleReadRequest(OzoneManagerRequestHandler.java:233) ~[ozone-manager-1.4.0-SNAPSHOT.jar:?]
	at org.apache.hadoop.ozone.protocolPB.OzoneManagerProtocolServerSideTranslatorPB.submitRequestDirectlyToOM(OzoneManagerProtocolServerSideTranslatorPB.java:276) ~[ozone-manager-1.4.0-SNAPSHOT.jar:?]
	at org.apache.hadoop.ozone.protocolPB.OzoneManagerProtocolServerSideTranslatorPB.processRequest(OzoneManagerProtocolServerSideTranslatorPB.java:205) ~[ozone-manager-1.4.0-SNAPSHOT.jar:?]
	at org.apache.hadoop.hdds.server.OzoneProtocolMessageDispatcher.processRequest(OzoneProtocolMessageDispatcher.java:87) [hdds-server-framework-1.4.0-SNAPSHOT.jar:?]
	at org.apache.hadoop.ozone.protocolPB.OzoneManagerProtocolServerSideTranslatorPB.submitRequest(OzoneManagerProtocolServerSideTranslatorPB.java:147) [ozone-manager-1.4.0-SNAPSHOT.jar:?]
	at org.apache.hadoop.ozone.protocol.proto.OzoneManagerProtocolProtos$OzoneManagerService$2.callBlockingMethod(OzoneManagerProtocolProtos.java) [ozone-interface-client-1.4.0-SNAPSHOT.jar:?]
	at org.apache.hadoop.ipc.ProtobufRpcEngine$Server.processCall(ProtobufRpcEngine.java:465) [hadoop-common-3.3.4.jar:?]
	at org.apache.hadoop.ipc.ProtobufRpcEngine2$Server$ProtoBufRpcInvoker.call(ProtobufRpcEngine2.java:578) [hadoop-common-3.3.4.jar:?]
	at org.apache.hadoop.ipc.ProtobufRpcEngine2$Server$ProtoBufRpcInvoker.call(ProtobufRpcEngine2.java:556) [hadoop-common-3.3.4.jar:?]
	at org.apache.hadoop.ipc.RPC$Server.call(RPC.java:1093) [hadoop-common-3.3.4.jar:?]
	at org.apache.hadoop.ipc.Server$RpcCall.run(Server.java:1043) [hadoop-common-3.3.4.jar:?]
	at org.apache.hadoop.ipc.Server$RpcCall.run(Server.java:971) [hadoop-common-3.3.4.jar:?]
	at java.security.AccessController.doPrivileged(Native Method) ~[?:1.8.0_352]
	at javax.security.auth.Subject.doAs(Subject.java:422) [?:1.8.0_352]
	at org.apache.hadoop.security.UserGroupInformation.doAs(UserGroupInformation.java:1878) [hadoop-common-3.3.4.jar:?]
	at org.apache.hadoop.ipc.Server$Handler.run(Server.java:2976) [hadoop-common-3.3.4.jar:?]
2023-01-26 20:31:32,054 [Time-limited test] INFO  om.TrashPolicyOzone (TrashPolicyOzone.java:moveToTrash(209)) - Moved: '/testKey1' to trash at: /.Trash/runner/Current/testKey1
]]></system-out>
  </testcase>
  <testcase name="testRenameToTrashEnabled" classname="TestOzoneFileSystem" time="0.145">
    <system-out><![CDATA[20:32:41.516 [IPC Server handler 17 on default port 38041] ERROR OMAudit - user=runner | ip=127.0.0.1 | op=GET_FILE_STATUS {volume=volume53399, bucket=bucket90109, key=.Trash/runner/Current/testKey1, dataSize=0, replicationConfig=null} | ret=FAILURE
org.apache.hadoop.ozone.om.exceptions.OMException: Unable to get file status: volume: volume53399 bucket: bucket90109 key: .Trash/runner/Current/testKey1
	at org.apache.hadoop.ozone.om.KeyManagerImpl.getOzoneFileStatus(KeyManagerImpl.java:1301) ~[ozone-manager-1.4.0-SNAPSHOT.jar:?]
	at org.apache.hadoop.ozone.om.KeyManagerImpl.getFileStatus(KeyManagerImpl.java:1219) ~[ozone-manager-1.4.0-SNAPSHOT.jar:?]
	at org.apache.hadoop.ozone.om.OzoneManager.getFileStatus(OzoneManager.java:3498) ~[ozone-manager-1.4.0-SNAPSHOT.jar:?]
	at org.apache.hadoop.ozone.protocolPB.OzoneManagerRequestHandler.getOzoneFileStatus(OzoneManagerRequestHandler.java:913) ~[ozone-manager-1.4.0-SNAPSHOT.jar:?]
	at org.apache.hadoop.ozone.protocolPB.OzoneManagerRequestHandler.handleReadRequest(OzoneManagerRequestHandler.java:233) ~[ozone-manager-1.4.0-SNAPSHOT.jar:?]
	at org.apache.hadoop.ozone.protocolPB.OzoneManagerProtocolServerSideTranslatorPB.submitReadRequestToOM(OzoneManagerProtocolServerSideTranslatorPB.java:226) ~[ozone-manager-1.4.0-SNAPSHOT.jar:?]
	at org.apache.hadoop.ozone.protocolPB.OzoneManagerProtocolServerSideTranslatorPB.processRequest(OzoneManagerProtocolServerSideTranslatorPB.java:175) ~[ozone-manager-1.4.0-SNAPSHOT.jar:?]
	at org.apache.hadoop.hdds.server.OzoneProtocolMessageDispatcher.processRequest(OzoneProtocolMessageDispatcher.java:87) [hdds-server-framework-1.4.0-SNAPSHOT.jar:?]
	at org.apache.hadoop.ozone.protocolPB.OzoneManagerProtocolServerSideTranslatorPB.submitRequest(OzoneManagerProtocolServerSideTranslatorPB.java:147) [ozone-manager-1.4.0-SNAPSHOT.jar:?]
	at org.apache.hadoop.ozone.protocol.proto.OzoneManagerProtocolProtos$OzoneManagerService$2.callBlockingMethod(OzoneManagerProtocolProtos.java) [ozone-interface-client-1.4.0-SNAPSHOT.jar:?]
	at org.apache.hadoop.ipc.ProtobufRpcEngine$Server.processCall(ProtobufRpcEngine.java:465) [hadoop-common-3.3.4.jar:?]
	at org.apache.hadoop.ipc.ProtobufRpcEngine2$Server$ProtoBufRpcInvoker.call(ProtobufRpcEngine2.java:578) [hadoop-common-3.3.4.jar:?]
	at org.apache.hadoop.ipc.ProtobufRpcEngine2$Server$ProtoBufRpcInvoker.call(ProtobufRpcEngine2.java:556) [hadoop-common-3.3.4.jar:?]
	at org.apache.hadoop.ipc.RPC$Server.call(RPC.java:1093) [hadoop-common-3.3.4.jar:?]
	at org.apache.hadoop.ipc.Server$RpcCall.run(Server.java:1043) [hadoop-common-3.3.4.jar:?]
	at org.apache.hadoop.ipc.Server$RpcCall.run(Server.java:971) [hadoop-common-3.3.4.jar:?]
	at java.security.AccessController.doPrivileged(Native Method) ~[?:1.8.0_352]
	at javax.security.auth.Subject.doAs(Subject.java:422) [?:1.8.0_352]
	at org.apache.hadoop.security.UserGroupInformation.doAs(UserGroupInformation.java:1878) [hadoop-common-3.3.4.jar:?]
	at org.apache.hadoop.ipc.Server$Handler.run(Server.java:2976) [hadoop-common-3.3.4.jar:?]
20:32:41.518 [IPC Server handler 1 on default port 38041] ERROR OMAudit - user=runner | ip=127.0.0.1 | op=GET_FILE_STATUS {volume=volume53399, bucket=bucket90109, key=.Trash/runner/Current/testKey1, dataSize=0, replicationConfig=null} | ret=FAILURE
org.apache.hadoop.ozone.om.exceptions.OMException: Unable to get file status: volume: volume53399 bucket: bucket90109 key: .Trash/runner/Current/testKey1
	at org.apache.hadoop.ozone.om.KeyManagerImpl.getOzoneFileStatus(KeyManagerImpl.java:1301) ~[ozone-manager-1.4.0-SNAPSHOT.jar:?]
	at org.apache.hadoop.ozone.om.KeyManagerImpl.getFileStatus(KeyManagerImpl.java:1219) ~[ozone-manager-1.4.0-SNAPSHOT.jar:?]
	at org.apache.hadoop.ozone.om.OzoneManager.getFileStatus(OzoneManager.java:3498) ~[ozone-manager-1.4.0-SNAPSHOT.jar:?]
	at org.apache.hadoop.ozone.protocolPB.OzoneManagerRequestHandler.getOzoneFileStatus(OzoneManagerRequestHandler.java:913) ~[ozone-manager-1.4.0-SNAPSHOT.jar:?]
	at org.apache.hadoop.ozone.protocolPB.OzoneManagerRequestHandler.handleReadRequest(OzoneManagerRequestHandler.java:233) ~[ozone-manager-1.4.0-SNAPSHOT.jar:?]
	at org.apache.hadoop.ozone.protocolPB.OzoneManagerProtocolServerSideTranslatorPB.submitReadRequestToOM(OzoneManagerProtocolServerSideTranslatorPB.java:226) ~[ozone-manager-1.4.0-SNAPSHOT.jar:?]
	at org.apache.hadoop.ozone.protocolPB.OzoneManagerProtocolServerSideTranslatorPB.processRequest(OzoneManagerProtocolServerSideTranslatorPB.java:175) ~[ozone-manager-1.4.0-SNAPSHOT.jar:?]
	at org.apache.hadoop.hdds.server.OzoneProtocolMessageDispatcher.processRequest(OzoneProtocolMessageDispatcher.java:87) [hdds-server-framework-1.4.0-SNAPSHOT.jar:?]
	at org.apache.hadoop.ozone.protocolPB.OzoneManagerProtocolServerSideTranslatorPB.submitRequest(OzoneManagerProtocolServerSideTranslatorPB.java:147) [ozone-manager-1.4.0-SNAPSHOT.jar:?]
	at org.apache.hadoop.ozone.protocol.proto.OzoneManagerProtocolProtos$OzoneManagerService$2.callBlockingMethod(OzoneManagerProtocolProtos.java) [ozone-interface-client-1.4.0-SNAPSHOT.jar:?]
	at org.apache.hadoop.ipc.ProtobufRpcEngine$Server.processCall(ProtobufRpcEngine.java:465) [hadoop-common-3.3.4.jar:?]
	at org.apache.hadoop.ipc.ProtobufRpcEngine2$Server$ProtoBufRpcInvoker.call(ProtobufRpcEngine2.java:578) [hadoop-common-3.3.4.jar:?]
	at org.apache.hadoop.ipc.ProtobufRpcEngine2$Server$ProtoBufRpcInvoker.call(ProtobufRpcEngine2.java:556) [hadoop-common-3.3.4.jar:?]
	at org.apache.hadoop.ipc.RPC$Server.call(RPC.java:1093) [hadoop-common-3.3.4.jar:?]
	at org.apache.hadoop.ipc.Server$RpcCall.run(Server.java:1043) [hadoop-common-3.3.4.jar:?]
	at org.apache.hadoop.ipc.Server$RpcCall.run(Server.java:971) [hadoop-common-3.3.4.jar:?]
	at java.security.AccessController.doPrivileged(Native Method) ~[?:1.8.0_352]
	at javax.security.auth.Subject.doAs(Subject.java:422) [?:1.8.0_352]
	at org.apache.hadoop.security.UserGroupInformation.doAs(UserGroupInformation.java:1878) [hadoop-common-3.3.4.jar:?]
	at org.apache.hadoop.ipc.Server$Handler.run(Server.java:2976) [hadoop-common-3.3.4.jar:?]
2023-01-26 20:32:41,524 [Time-limited test] INFO  om.TrashPolicyOzone (TrashPolicyOzone.java:moveToTrash(209)) - Moved: '/testKey1' to trash at: /.Trash/runner/Current/testKey1
]]></system-out>
  </testcase>
  <testcase name="testRenameToTrashEnabled" classname="TestOzoneFileSystem" time="0.069">
    <system-out><![CDATA[20:33:41.138 [IPC Server handler 18 on default port 35105] ERROR OMAudit - user=runner | ip=127.0.0.1 | op=GET_FILE_STATUS {volume=volume38800, bucket=bucket46934, key=.Trash/runner/Current/testKey1, dataSize=0, replicationConfig=null} | ret=FAILURE
org.apache.hadoop.ozone.om.exceptions.OMException: Unable to get file status: volume: volume38800 bucket: bucket46934 key: .Trash/runner/Current/testKey1
	at org.apache.hadoop.ozone.om.KeyManagerImpl.getOzoneFileStatus(KeyManagerImpl.java:1301) ~[ozone-manager-1.4.0-SNAPSHOT.jar:?]
	at org.apache.hadoop.ozone.om.KeyManagerImpl.getFileStatus(KeyManagerImpl.java:1219) ~[ozone-manager-1.4.0-SNAPSHOT.jar:?]
	at org.apache.hadoop.ozone.om.OzoneManager.getFileStatus(OzoneManager.java:3498) ~[ozone-manager-1.4.0-SNAPSHOT.jar:?]
	at org.apache.hadoop.ozone.protocolPB.OzoneManagerRequestHandler.getOzoneFileStatus(OzoneManagerRequestHandler.java:913) ~[ozone-manager-1.4.0-SNAPSHOT.jar:?]
	at org.apache.hadoop.ozone.protocolPB.OzoneManagerRequestHandler.handleReadRequest(OzoneManagerRequestHandler.java:233) ~[ozone-manager-1.4.0-SNAPSHOT.jar:?]
	at org.apache.hadoop.ozone.protocolPB.OzoneManagerProtocolServerSideTranslatorPB.submitRequestDirectlyToOM(OzoneManagerProtocolServerSideTranslatorPB.java:276) ~[ozone-manager-1.4.0-SNAPSHOT.jar:?]
	at org.apache.hadoop.ozone.protocolPB.OzoneManagerProtocolServerSideTranslatorPB.processRequest(OzoneManagerProtocolServerSideTranslatorPB.java:205) ~[ozone-manager-1.4.0-SNAPSHOT.jar:?]
	at org.apache.hadoop.hdds.server.OzoneProtocolMessageDispatcher.processRequest(OzoneProtocolMessageDispatcher.java:87) [hdds-server-framework-1.4.0-SNAPSHOT.jar:?]
	at org.apache.hadoop.ozone.protocolPB.OzoneManagerProtocolServerSideTranslatorPB.submitRequest(OzoneManagerProtocolServerSideTranslatorPB.java:147) [ozone-manager-1.4.0-SNAPSHOT.jar:?]
	at org.apache.hadoop.ozone.protocol.proto.OzoneManagerProtocolProtos$OzoneManagerService$2.callBlockingMethod(OzoneManagerProtocolProtos.java) [ozone-interface-client-1.4.0-SNAPSHOT.jar:?]
	at org.apache.hadoop.ipc.ProtobufRpcEngine$Server.processCall(ProtobufRpcEngine.java:465) [hadoop-common-3.3.4.jar:?]
	at org.apache.hadoop.ipc.ProtobufRpcEngine2$Server$ProtoBufRpcInvoker.call(ProtobufRpcEngine2.java:578) [hadoop-common-3.3.4.jar:?]
	at org.apache.hadoop.ipc.ProtobufRpcEngine2$Server$ProtoBufRpcInvoker.call(ProtobufRpcEngine2.java:556) [hadoop-common-3.3.4.jar:?]
	at org.apache.hadoop.ipc.RPC$Server.call(RPC.java:1093) [hadoop-common-3.3.4.jar:?]
	at org.apache.hadoop.ipc.Server$RpcCall.run(Server.java:1043) [hadoop-common-3.3.4.jar:?]
	at org.apache.hadoop.ipc.Server$RpcCall.run(Server.java:971) [hadoop-common-3.3.4.jar:?]
	at java.security.AccessController.doPrivileged(Native Method) ~[?:1.8.0_352]
	at javax.security.auth.Subject.doAs(Subject.java:422) [?:1.8.0_352]
	at org.apache.hadoop.security.UserGroupInformation.doAs(UserGroupInformation.java:1878) [hadoop-common-3.3.4.jar:?]
	at org.apache.hadoop.ipc.Server$Handler.run(Server.java:2976) [hadoop-common-3.3.4.jar:?]
20:33:41.141 [IPC Server handler 12 on default port 35105] ERROR OMAudit - user=runner | ip=127.0.0.1 | op=GET_FILE_STATUS {volume=volume38800, bucket=bucket46934, key=.Trash/runner/Current/testKey1, dataSize=0, replicationConfig=null} | ret=FAILURE
org.apache.hadoop.ozone.om.exceptions.OMException: Unable to get file status: volume: volume38800 bucket: bucket46934 key: .Trash/runner/Current/testKey1
	at org.apache.hadoop.ozone.om.KeyManagerImpl.getOzoneFileStatus(KeyManagerImpl.java:1301) ~[ozone-manager-1.4.0-SNAPSHOT.jar:?]
	at org.apache.hadoop.ozone.om.KeyManagerImpl.getFileStatus(KeyManagerImpl.java:1219) ~[ozone-manager-1.4.0-SNAPSHOT.jar:?]
	at org.apache.hadoop.ozone.om.OzoneManager.getFileStatus(OzoneManager.java:3498) ~[ozone-manager-1.4.0-SNAPSHOT.jar:?]
	at org.apache.hadoop.ozone.protocolPB.OzoneManagerRequestHandler.getOzoneFileStatus(OzoneManagerRequestHandler.java:913) ~[ozone-manager-1.4.0-SNAPSHOT.jar:?]
	at org.apache.hadoop.ozone.protocolPB.OzoneManagerRequestHandler.handleReadRequest(OzoneManagerRequestHandler.java:233) ~[ozone-manager-1.4.0-SNAPSHOT.jar:?]
	at org.apache.hadoop.ozone.protocolPB.OzoneManagerProtocolServerSideTranslatorPB.submitRequestDirectlyToOM(OzoneManagerProtocolServerSideTranslatorPB.java:276) ~[ozone-manager-1.4.0-SNAPSHOT.jar:?]
	at org.apache.hadoop.ozone.protocolPB.OzoneManagerProtocolServerSideTranslatorPB.processRequest(OzoneManagerProtocolServerSideTranslatorPB.java:205) ~[ozone-manager-1.4.0-SNAPSHOT.jar:?]
	at org.apache.hadoop.hdds.server.OzoneProtocolMessageDispatcher.processRequest(OzoneProtocolMessageDispatcher.java:87) [hdds-server-framework-1.4.0-SNAPSHOT.jar:?]
	at org.apache.hadoop.ozone.protocolPB.OzoneManagerProtocolServerSideTranslatorPB.submitRequest(OzoneManagerProtocolServerSideTranslatorPB.java:147) [ozone-manager-1.4.0-SNAPSHOT.jar:?]
	at org.apache.hadoop.ozone.protocol.proto.OzoneManagerProtocolProtos$OzoneManagerService$2.callBlockingMethod(OzoneManagerProtocolProtos.java) [ozone-interface-client-1.4.0-SNAPSHOT.jar:?]
	at org.apache.hadoop.ipc.ProtobufRpcEngine$Server.processCall(ProtobufRpcEngine.java:465) [hadoop-common-3.3.4.jar:?]
	at org.apache.hadoop.ipc.ProtobufRpcEngine2$Server$ProtoBufRpcInvoker.call(ProtobufRpcEngine2.java:578) [hadoop-common-3.3.4.jar:?]
	at org.apache.hadoop.ipc.ProtobufRpcEngine2$Server$ProtoBufRpcInvoker.call(ProtobufRpcEngine2.java:556) [hadoop-common-3.3.4.jar:?]
	at org.apache.hadoop.ipc.RPC$Server.call(RPC.java:1093) [hadoop-common-3.3.4.jar:?]
	at org.apache.hadoop.ipc.Server$RpcCall.run(Server.java:1043) [hadoop-common-3.3.4.jar:?]
	at org.apache.hadoop.ipc.Server$RpcCall.run(Server.java:971) [hadoop-common-3.3.4.jar:?]
	at java.security.AccessController.doPrivileged(Native Method) ~[?:1.8.0_352]
	at javax.security.auth.Subject.doAs(Subject.java:422) [?:1.8.0_352]
	at org.apache.hadoop.security.UserGroupInformation.doAs(UserGroupInformation.java:1878) [hadoop-common-3.3.4.jar:?]
	at org.apache.hadoop.ipc.Server$Handler.run(Server.java:2976) [hadoop-common-3.3.4.jar:?]
2023-01-26 20:33:41,146 [Time-limited test] INFO  om.TrashPolicyOzone (TrashPolicyOzone.java:moveToTrash(209)) - Moved: '/testKey1' to trash at: /.Trash/runner/Current/testKey1
]]></system-out>
  </testcase>
  <testcase name="testListStatusWithIntermediateDir" classname="TestOzoneFileSystem" time="0.073">
    <system-out><![CDATA[2023-01-26 20:30:34,726 [IPC Server handler 14 on default port 35025] INFO  pipeline.PipelineStateManagerImpl (PipelineStateManagerImpl.java:addPipeline(103)) - Created pipeline Pipeline[ Id: 3f2021e1-8254-4c41-aaf4-edef5ed845ed, Nodes: 5da6f0b0-ccdb-4a5d-9328-dd7db5de8beb(fv-az462-54.0zuljvm5d0yedf4jva4xayy4gc.gx.internal.cloudapp.net/10.1.0.15), ReplicationConfig: STANDALONE/ONE, State:OPEN, leaderId:, CreationTimestamp2023-01-26T20:30:34.725Z[Etc/UTC]].
2023-01-26 20:30:34,743 [OM StateMachine ApplyTransaction Thread - 0] INFO  key.OMKeyRequest (OMKeyRequest.java:wrapUncommittedBlocksAsPseudoKey(837)) - Detect allocated but uncommitted blocks [{blockID={containerID=6, localID=111677748019200057}, length=4194304, offset=0, token=null, pipeline=null, createVersion=0, partNumber=0}] in key object-dir/object-name.
]]></system-out>
  </testcase>
  <testcase name="testListStatusWithIntermediateDir" classname="TestOzoneFileSystem" time="0.029">
    <system-out><![CDATA[2023-01-26 20:31:32,075 [IPC Server handler 8 on default port 42307] INFO  pipeline.PipelineStateManagerImpl (PipelineStateManagerImpl.java:addPipeline(103)) - Created pipeline Pipeline[ Id: 663b393d-8f51-4dad-8caa-d00aefec4849, Nodes: f73d43d0-b19f-4135-8753-89f8dbf44938(fv-az462-54.0zuljvm5d0yedf4jva4xayy4gc.gx.internal.cloudapp.net/10.1.0.15), ReplicationConfig: STANDALONE/ONE, State:OPEN, leaderId:, CreationTimestamp2023-01-26T20:31:32.074Z[Etc/UTC]].
2023-01-26 20:31:32,079 [IPC Server handler 12 on default port 37459] INFO  key.OMKeyRequest (OMKeyRequest.java:wrapUncommittedBlocksAsPseudoKey(837)) - Detect allocated but uncommitted blocks [{blockID={containerID=8, localID=111677748019200057}, length=4194304, offset=0, token=null, pipeline=null, createVersion=0, partNumber=0}] in key object-dir/object-name.
]]></system-out>
  </testcase>
  <testcase name="testListStatusWithIntermediateDir" classname="TestOzoneFileSystem" time="0.036">
    <system-out><![CDATA[2023-01-26 20:32:41,548 [IPC Server handler 7 on default port 35479] INFO  pipeline.PipelineStateManagerImpl (PipelineStateManagerImpl.java:addPipeline(103)) - Created pipeline Pipeline[ Id: f23daa85-087c-4e8b-b4db-2dda400e9306, Nodes: 40d8d262-8836-439b-84c4-75233c3da079(fv-az462-54.0zuljvm5d0yedf4jva4xayy4gc.gx.internal.cloudapp.net/10.1.0.15), ReplicationConfig: STANDALONE/ONE, State:OPEN, leaderId:, CreationTimestamp2023-01-26T20:32:41.548Z[Etc/UTC]].
2023-01-26 20:32:41,555 [OM StateMachine ApplyTransaction Thread - 0] INFO  key.OMKeyRequest (OMKeyRequest.java:wrapUncommittedBlocksAsPseudoKey(837)) - Detect allocated but uncommitted blocks [{blockID={containerID=7, localID=111677748019200057}, length=4194304, offset=0, token=null, pipeline=null, createVersion=0, partNumber=0}] in key object-dir/object-name.
]]></system-out>
  </testcase>
  <testcase name="testListStatusWithIntermediateDir" classname="TestOzoneFileSystem" time="0.034">
    <system-out><![CDATA[2023-01-26 20:33:41,173 [IPC Server handler 16 on default port 34437] INFO  pipeline.PipelineStateManagerImpl (PipelineStateManagerImpl.java:addPipeline(103)) - Created pipeline Pipeline[ Id: ad8e00f6-64f6-4812-a184-0b00a9fe62fa, Nodes: 2950c1a1-45bf-4864-9732-08ad567daa78(fv-az462-54.0zuljvm5d0yedf4jva4xayy4gc.gx.internal.cloudapp.net/10.1.0.15), ReplicationConfig: STANDALONE/ONE, State:OPEN, leaderId:, CreationTimestamp2023-01-26T20:33:41.172Z[Etc/UTC]].
2023-01-26 20:33:41,176 [IPC Server handler 13 on default port 35105] INFO  key.OMKeyRequest (OMKeyRequest.java:wrapUncommittedBlocksAsPseudoKey(837)) - Detect allocated but uncommitted blocks [{blockID={containerID=6, localID=111677748019200057}, length=4194304, offset=0, token=null, pipeline=null, createVersion=0, partNumber=0}] in key object-dir/object-name.
]]></system-out>
  </testcase>
  <testcase name="testRenameSourceAndDestinAreSame" classname="TestOzoneFileSystem" time="0.022">
    <system-out><![CDATA[2023-01-26 20:30:34,775 [OM StateMachine ApplyTransaction Thread - 0] INFO  key.OMKeyRequest (OMKeyRequest.java:wrapUncommittedBlocksAsPseudoKey(837)) - Detect allocated but uncommitted blocks [{blockID={containerID=7, localID=111677748019200058}, length=4194304, offset=0, token=null, pipeline=null, createVersion=0, partNumber=0}] in key root/dir1/dir2/file1.
]]></system-out>
  </testcase>
  <testcase name="testRenameSourceAndDestinAreSame" classname="TestOzoneFileSystem" time="0.017">
    <system-out><![CDATA[2023-01-26 20:31:32,102 [IPC Server handler 5 on default port 37459] INFO  key.OMKeyRequest (OMKeyRequest.java:wrapUncommittedBlocksAsPseudoKey(837)) - Detect allocated but uncommitted blocks [{blockID={containerID=4, localID=111677748019200058}, length=4194304, offset=0, token=null, pipeline=null, createVersion=0, partNumber=0}] in key root/dir1/dir2/file1.
]]></system-out>
  </testcase>
  <testcase name="testRenameSourceAndDestinAreSame" classname="TestOzoneFileSystem" time="0.019">
    <system-out><![CDATA[2023-01-26 20:32:41,581 [OM StateMachine ApplyTransaction Thread - 0] INFO  key.OMKeyRequest (OMKeyRequest.java:wrapUncommittedBlocksAsPseudoKey(837)) - Detect allocated but uncommitted blocks [{blockID={containerID=8, localID=111677748019200058}, length=4194304, offset=0, token=null, pipeline=null, createVersion=0, partNumber=0}] in key root/dir1/dir2/file1.
]]></system-out>
  </testcase>
  <testcase name="testRenameSourceAndDestinAreSame" classname="TestOzoneFileSystem" time="0.015">
    <system-out><![CDATA[2023-01-26 20:33:41,197 [IPC Server handler 0 on default port 35105] INFO  key.OMKeyRequest (OMKeyRequest.java:wrapUncommittedBlocksAsPseudoKey(837)) - Detect allocated but uncommitted blocks [{blockID={containerID=7, localID=111677748019200058}, length=4194304, offset=0, token=null, pipeline=null, createVersion=0, partNumber=0}] in key root/dir1/dir2/file1.
]]></system-out>
  </testcase>
  <testcase name="testListStatusIteratorWithDir" classname="TestOzoneFileSystem" time="0.05">
    <system-out><![CDATA[2023-01-26 20:30:34,800 [OM StateMachine ApplyTransaction Thread - 0] INFO  key.OMKeyRequest (OMKeyRequest.java:wrapUncommittedBlocksAsPseudoKey(837)) - Detect allocated but uncommitted blocks [{blockID={containerID=2, localID=111677748019200059}, length=4194304, offset=0, token=null, pipeline=null, createVersion=0, partNumber=0}] in key testListStatus/key1.
2023-01-26 20:30:34,805 [OM StateMachine ApplyTransaction Thread - 0] INFO  key.OMKeyRequest (OMKeyRequest.java:wrapUncommittedBlocksAsPseudoKey(837)) - Detect allocated but uncommitted blocks [{blockID={containerID=1, localID=111677748019200060}, length=4194304, offset=0, token=null, pipeline=null, createVersion=0, partNumber=0}] in key testListStatus/key2.
2023-01-26 20:30:34,816 [OM StateMachine ApplyTransaction Thread - 0] INFO  key.OMKeyRequest (OMKeyRequest.java:wrapUncommittedBlocksAsPseudoKey(837)) - Detect allocated but uncommitted blocks [{blockID={containerID=8, localID=111677748019200061}, length=4194304, offset=0, token=null, pipeline=null, createVersion=0, partNumber=0}] in key testListStatus/dir1/key3.
2023-01-26 20:30:34,820 [OM StateMachine ApplyTransaction Thread - 0] INFO  key.OMKeyRequest (OMKeyRequest.java:wrapUncommittedBlocksAsPseudoKey(837)) - Detect allocated but uncommitted blocks [{blockID={containerID=7, localID=111677748019200062}, length=4194304, offset=0, token=null, pipeline=null, createVersion=0, partNumber=0}] in key testListStatus/dir1/key4.
]]></system-out>
  </testcase>
  <testcase name="testListStatusIteratorWithDir" classname="TestOzoneFileSystem" time="0.037">
    <system-out><![CDATA[2023-01-26 20:31:32,121 [IPC Server handler 12 on default port 37459] INFO  key.OMKeyRequest (OMKeyRequest.java:wrapUncommittedBlocksAsPseudoKey(837)) - Detect allocated but uncommitted blocks [{blockID={containerID=2, localID=111677748019200059}, length=4194304, offset=0, token=null, pipeline=null, createVersion=0, partNumber=0}] in key testListStatus/key1.
2023-01-26 20:31:32,124 [IPC Server handler 14 on default port 37459] INFO  key.OMKeyRequest (OMKeyRequest.java:wrapUncommittedBlocksAsPseudoKey(837)) - Detect allocated but uncommitted blocks [{blockID={containerID=3, localID=111677748019200060}, length=4194304, offset=0, token=null, pipeline=null, createVersion=0, partNumber=0}] in key testListStatus/key2.
2023-01-26 20:31:32,133 [IPC Server handler 19 on default port 37459] INFO  key.OMKeyRequest (OMKeyRequest.java:wrapUncommittedBlocksAsPseudoKey(837)) - Detect allocated but uncommitted blocks [{blockID={containerID=2, localID=111677748019200061}, length=4194304, offset=0, token=null, pipeline=null, createVersion=0, partNumber=0}] in key testListStatus/dir1/key3.
2023-01-26 20:31:32,135 [IPC Server handler 1 on default port 37459] INFO  key.OMKeyRequest (OMKeyRequest.java:wrapUncommittedBlocksAsPseudoKey(837)) - Detect allocated but uncommitted blocks [{blockID={containerID=1, localID=111677748019200062}, length=4194304, offset=0, token=null, pipeline=null, createVersion=0, partNumber=0}] in key testListStatus/dir1/key4.
]]></system-out>
  </testcase>
  <testcase name="testListStatusIteratorWithDir" classname="TestOzoneFileSystem" time="0.036">
    <system-out><![CDATA[2023-01-26 20:32:41,598 [OM StateMachine ApplyTransaction Thread - 0] INFO  key.OMKeyRequest (OMKeyRequest.java:wrapUncommittedBlocksAsPseudoKey(837)) - Detect allocated but uncommitted blocks [{blockID={containerID=6, localID=111677748019200059}, length=4194304, offset=0, token=null, pipeline=null, createVersion=0, partNumber=0}] in key testListStatus/key1.
2023-01-26 20:32:41,601 [OM StateMachine ApplyTransaction Thread - 0] INFO  key.OMKeyRequest (OMKeyRequest.java:wrapUncommittedBlocksAsPseudoKey(837)) - Detect allocated but uncommitted blocks [{blockID={containerID=8, localID=111677748019200060}, length=4194304, offset=0, token=null, pipeline=null, createVersion=0, partNumber=0}] in key testListStatus/key2.
2023-01-26 20:32:41,609 [OM StateMachine ApplyTransaction Thread - 0] INFO  key.OMKeyRequest (OMKeyRequest.java:wrapUncommittedBlocksAsPseudoKey(837)) - Detect allocated but uncommitted blocks [{blockID={containerID=6, localID=111677748019200061}, length=4194304, offset=0, token=null, pipeline=null, createVersion=0, partNumber=0}] in key testListStatus/dir1/key3.
2023-01-26 20:32:41,613 [OM StateMachine ApplyTransaction Thread - 0] INFO  key.OMKeyRequest (OMKeyRequest.java:wrapUncommittedBlocksAsPseudoKey(837)) - Detect allocated but uncommitted blocks [{blockID={containerID=1, localID=111677748019200062}, length=4194304, offset=0, token=null, pipeline=null, createVersion=0, partNumber=0}] in key testListStatus/dir1/key4.
]]></system-out>
  </testcase>
  <testcase name="testListStatusIteratorWithDir" classname="TestOzoneFileSystem" time="0.039">
    <system-out><![CDATA[2023-01-26 20:33:41,213 [IPC Server handler 9 on default port 35105] INFO  key.OMKeyRequest (OMKeyRequest.java:wrapUncommittedBlocksAsPseudoKey(837)) - Detect allocated but uncommitted blocks [{blockID={containerID=8, localID=111677748019200059}, length=4194304, offset=0, token=null, pipeline=null, createVersion=0, partNumber=0}] in key testListStatus/key1.
2023-01-26 20:33:41,221 [IPC Server handler 11 on default port 35105] INFO  key.OMKeyRequest (OMKeyRequest.java:wrapUncommittedBlocksAsPseudoKey(837)) - Detect allocated but uncommitted blocks [{blockID={containerID=2, localID=111677748019200060}, length=4194304, offset=0, token=null, pipeline=null, createVersion=0, partNumber=0}] in key testListStatus/key2.
2023-01-26 20:33:41,229 [IPC Server handler 16 on default port 35105] INFO  key.OMKeyRequest (OMKeyRequest.java:wrapUncommittedBlocksAsPseudoKey(837)) - Detect allocated but uncommitted blocks [{blockID={containerID=1, localID=111677748019200061}, length=4194304, offset=0, token=null, pipeline=null, createVersion=0, partNumber=0}] in key testListStatus/dir1/key3.
2023-01-26 20:33:41,232 [IPC Server handler 18 on default port 35105] INFO  key.OMKeyRequest (OMKeyRequest.java:wrapUncommittedBlocksAsPseudoKey(837)) - Detect allocated but uncommitted blocks [{blockID={containerID=7, localID=111677748019200062}, length=4194304, offset=0, token=null, pipeline=null, createVersion=0, partNumber=0}] in key testListStatus/dir1/key4.
]]></system-out>
  </testcase>
  <testcase name="testListStatusOnLargeDirectory" classname="TestOzoneFileSystem" time="5.356">
    <system-out><![CDATA[2023-01-26 20:30:39,470 [Under Replicated Processor] INFO  replication.UnhealthyReplicationProcessor (UnhealthyReplicationProcessor.java:processAll(105)) - Processed 0 containers with health state counts {},failed processing 0
2023-01-26 20:30:39,482 [Over Replicated Processor] INFO  replication.UnhealthyReplicationProcessor (UnhealthyReplicationProcessor.java:processAll(105)) - Processed 0 containers with health state counts {},failed processing 0
]]></system-out>
  </testcase>
  <testcase name="testListStatusOnLargeDirectory" classname="TestOzoneFileSystem" time="3.514"/>
  <testcase name="testListStatusOnLargeDirectory" classname="TestOzoneFileSystem" time="5.002">
    <system-out><![CDATA[2023-01-26 20:32:43,838 [Over Replicated Processor] INFO  replication.UnhealthyReplicationProcessor (UnhealthyReplicationProcessor.java:processAll(105)) - Processed 0 containers with health state counts {},failed processing 0
2023-01-26 20:32:43,840 [Under Replicated Processor] INFO  replication.UnhealthyReplicationProcessor (UnhealthyReplicationProcessor.java:processAll(105)) - Processed 0 containers with health state counts {},failed processing 0
2023-01-26 20:32:44,540 [IPC Server handler 7 on default port 35479] INFO  ha.SequenceIdGenerator (SequenceIdGenerator.java:getNextId(128)) - Allocate a batch for delTxnId, change lastId from 0 to 1000.
]]></system-out>
  </testcase>
  <testcase name="testListStatusOnLargeDirectory" classname="TestOzoneFileSystem" time="3.293"/>
  <testcase name="testCreateKeyShouldUseRefreshedBucketReplicationConfig" classname="TestOzoneFileSystem" time="0.353">
    <system-out><![CDATA[2023-01-26 20:30:40,228 [Time-limited test] INFO  rpc.RpcClient (RpcClient.java:createVolume(474)) - Creating Volume: volume67361, with user66699 as owner and space quota set to -1 bytes, counts quota set to -1
2023-01-26 20:30:40,232 [OM StateMachine ApplyTransaction Thread - 0] INFO  volume.OMVolumeCreateRequest (OMVolumeCreateRequest.java:validateAndUpdateCache(195)) - created volume:volume67361 for user:user66699
2023-01-26 20:30:40,235 [Time-limited test] INFO  rpc.RpcClient (RpcClient.java:createBucket(693)) - Creating Bucket: volume67361/bucket94206, with bucket layout LEGACY, runner as owner, Versioning false, Storage Type set to DISK and Encryption set to false 
2023-01-26 20:30:40,236 [OM StateMachine ApplyTransaction Thread - 0] INFO  bucket.OMBucketCreateRequest (OMBucketCreateRequest.java:validateAndUpdateCache(263)) - created bucket: bucket94206 of layout LEGACY in volume: volume67361
2023-01-26 20:30:40,296 [OM StateMachine ApplyTransaction Thread - 0] INFO  key.OMKeyRequest (OMKeyRequest.java:wrapUncommittedBlocksAsPseudoKey(837)) - Detect allocated but uncommitted blocks [{blockID={containerID=8, localID=111677748019200063}, length=4194304, offset=0, token=null, pipeline=null, createVersion=0, partNumber=0}] in key key.
2023-01-26 20:30:40,322 [OM StateMachine ApplyTransaction Thread - 0] INFO  key.OMKeyRequest (OMKeyRequest.java:wrapUncommittedBlocksAsPseudoKey(837)) - Detect allocated but uncommitted blocks [{blockID={containerID=2, localID=111677748019200064}, length=4194304, offset=0, token=null, pipeline=null, createVersion=0, partNumber=0}] in key key1.
2023-01-26 20:30:40,331 [IPC Server handler 10 on default port 35025] INFO  pipeline.PipelineStateManagerImpl (PipelineStateManagerImpl.java:addPipeline(103)) - Created pipeline Pipeline[ Id: 41f2b8e5-db78-4d56-81ce-c777ec145494, Nodes: b29357c9-7d45-4ae4-80d3-019e3f6bb8ef(fv-az462-54.0zuljvm5d0yedf4jva4xayy4gc.gx.internal.cloudapp.net/10.1.0.15)7bf5aaad-ce4d-4dcc-9fd5-6307881c1b43(fv-az462-54.0zuljvm5d0yedf4jva4xayy4gc.gx.internal.cloudapp.net/10.1.0.15)5da6f0b0-ccdb-4a5d-9328-dd7db5de8beb(fv-az462-54.0zuljvm5d0yedf4jva4xayy4gc.gx.internal.cloudapp.net/10.1.0.15)1568f87f-b911-477a-a667-1c441b63e4c2(fv-az462-54.0zuljvm5d0yedf4jva4xayy4gc.gx.internal.cloudapp.net/10.1.0.15)5982ba88-a0d3-4bb4-b961-874e4813aacd(fv-az462-54.0zuljvm5d0yedf4jva4xayy4gc.gx.internal.cloudapp.net/10.1.0.15), ReplicationConfig: EC/ECReplicationConfig{data=3, parity=2, ecChunkSize=1048576, codec=rs}, State:ALLOCATED, leaderId:, CreationTimestamp2023-01-26T20:30:40.331Z[Etc/UTC]].
2023-01-26 20:30:40,334 [IPC Server handler 10 on default port 35025] INFO  pipeline.PipelineManagerImpl (PipelineManagerImpl.java:openPipeline(367)) - Pipeline Pipeline[ Id: 41f2b8e5-db78-4d56-81ce-c777ec145494, Nodes: b29357c9-7d45-4ae4-80d3-019e3f6bb8ef(fv-az462-54.0zuljvm5d0yedf4jva4xayy4gc.gx.internal.cloudapp.net/10.1.0.15)7bf5aaad-ce4d-4dcc-9fd5-6307881c1b43(fv-az462-54.0zuljvm5d0yedf4jva4xayy4gc.gx.internal.cloudapp.net/10.1.0.15)5da6f0b0-ccdb-4a5d-9328-dd7db5de8beb(fv-az462-54.0zuljvm5d0yedf4jva4xayy4gc.gx.internal.cloudapp.net/10.1.0.15)1568f87f-b911-477a-a667-1c441b63e4c2(fv-az462-54.0zuljvm5d0yedf4jva4xayy4gc.gx.internal.cloudapp.net/10.1.0.15)5982ba88-a0d3-4bb4-b961-874e4813aacd(fv-az462-54.0zuljvm5d0yedf4jva4xayy4gc.gx.internal.cloudapp.net/10.1.0.15), ReplicationConfig: EC/ECReplicationConfig{data=3, parity=2, ecChunkSize=1048576, codec=rs}, State:ALLOCATED, leaderId:, CreationTimestamp2023-01-26T20:30:40.331Z[Etc/UTC]] moved to OPEN state
2023-01-26 20:30:40,392 [Time-limited test] WARN  erasurecode.ErasureCodeNative (ErasureCodeNative.java:<clinit>(55)) - ISA-L support is not available in your platform... using builtin-java codec where applicable
2023-01-26 20:30:40,489 [OM StateMachine ApplyTransaction Thread - 0] INFO  key.OMKeyRequest (OMKeyRequest.java:wrapUncommittedBlocksAsPseudoKey(837)) - Detect allocated but uncommitted blocks [{blockID={containerID=9, localID=111677748019200065}, length=4194304, offset=0, token=null, pipeline=null, createVersion=0, partNumber=0}] in key key2.
2023-01-26 20:30:40,498 [IPC Server handler 16 on default port 35025] INFO  pipeline.PipelineStateManagerImpl (PipelineStateManagerImpl.java:addPipeline(103)) - Created pipeline Pipeline[ Id: 8881200d-79f8-47dc-9c80-ef95851cb60a, Nodes: 5982ba88-a0d3-4bb4-b961-874e4813aacd(fv-az462-54.0zuljvm5d0yedf4jva4xayy4gc.gx.internal.cloudapp.net/10.1.0.15)5da6f0b0-ccdb-4a5d-9328-dd7db5de8beb(fv-az462-54.0zuljvm5d0yedf4jva4xayy4gc.gx.internal.cloudapp.net/10.1.0.15)7bf5aaad-ce4d-4dcc-9fd5-6307881c1b43(fv-az462-54.0zuljvm5d0yedf4jva4xayy4gc.gx.internal.cloudapp.net/10.1.0.15)1568f87f-b911-477a-a667-1c441b63e4c2(fv-az462-54.0zuljvm5d0yedf4jva4xayy4gc.gx.internal.cloudapp.net/10.1.0.15)b29357c9-7d45-4ae4-80d3-019e3f6bb8ef(fv-az462-54.0zuljvm5d0yedf4jva4xayy4gc.gx.internal.cloudapp.net/10.1.0.15), ReplicationConfig: EC/ECReplicationConfig{data=3, parity=2, ecChunkSize=1048576, codec=rs}, State:ALLOCATED, leaderId:, CreationTimestamp2023-01-26T20:30:40.498Z[Etc/UTC]].
2023-01-26 20:30:40,499 [IPC Server handler 16 on default port 35025] INFO  pipeline.PipelineManagerImpl (PipelineManagerImpl.java:openPipeline(367)) - Pipeline Pipeline[ Id: 8881200d-79f8-47dc-9c80-ef95851cb60a, Nodes: 5982ba88-a0d3-4bb4-b961-874e4813aacd(fv-az462-54.0zuljvm5d0yedf4jva4xayy4gc.gx.internal.cloudapp.net/10.1.0.15)5da6f0b0-ccdb-4a5d-9328-dd7db5de8beb(fv-az462-54.0zuljvm5d0yedf4jva4xayy4gc.gx.internal.cloudapp.net/10.1.0.15)7bf5aaad-ce4d-4dcc-9fd5-6307881c1b43(fv-az462-54.0zuljvm5d0yedf4jva4xayy4gc.gx.internal.cloudapp.net/10.1.0.15)1568f87f-b911-477a-a667-1c441b63e4c2(fv-az462-54.0zuljvm5d0yedf4jva4xayy4gc.gx.internal.cloudapp.net/10.1.0.15)b29357c9-7d45-4ae4-80d3-019e3f6bb8ef(fv-az462-54.0zuljvm5d0yedf4jva4xayy4gc.gx.internal.cloudapp.net/10.1.0.15), ReplicationConfig: EC/ECReplicationConfig{data=3, parity=2, ecChunkSize=1048576, codec=rs}, State:ALLOCATED, leaderId:, CreationTimestamp2023-01-26T20:30:40.498Z[Etc/UTC]] moved to OPEN state
2023-01-26 20:30:40,527 [OM StateMachine ApplyTransaction Thread - 0] INFO  key.OMKeyRequest (OMKeyRequest.java:wrapUncommittedBlocksAsPseudoKey(837)) - Detect allocated but uncommitted blocks [{blockID={containerID=10, localID=111677748019200066}, length=4194304, offset=0, token=null, pipeline=null, createVersion=0, partNumber=0}] in key key3.
2023-01-26 20:30:40,541 [OM StateMachine ApplyTransaction Thread - 0] INFO  key.OMKeyRequest (OMKeyRequest.java:wrapUncommittedBlocksAsPseudoKey(837)) - Detect allocated but uncommitted blocks [{blockID={containerID=1, localID=111677748019200067}, length=4194304, offset=0, token=null, pipeline=null, createVersion=0, partNumber=0}] in key key4.
]]></system-out>
  </testcase>
  <testcase name="testCreateKeyShouldUseRefreshedBucketReplicationConfig" classname="TestOzoneFileSystem" time="0.132">
    <system-out><![CDATA[2023-01-26 20:31:35,680 [Time-limited test] INFO  rpc.RpcClient (RpcClient.java:createVolume(474)) - Creating Volume: volume85912, with user00386 as owner and space quota set to -1 bytes, counts quota set to -1
2023-01-26 20:31:35,681 [IPC Server handler 12 on default port 37459] INFO  volume.OMVolumeCreateRequest (OMVolumeCreateRequest.java:validateAndUpdateCache(195)) - created volume:volume85912 for user:user00386
2023-01-26 20:31:35,682 [Time-limited test] INFO  rpc.RpcClient (RpcClient.java:createBucket(693)) - Creating Bucket: volume85912/bucket14984, with bucket layout LEGACY, runner as owner, Versioning false, Storage Type set to DISK and Encryption set to false 
2023-01-26 20:31:35,683 [IPC Server handler 14 on default port 37459] INFO  bucket.OMBucketCreateRequest (OMBucketCreateRequest.java:validateAndUpdateCache(263)) - created bucket: bucket14984 of layout LEGACY in volume: volume85912
2023-01-26 20:31:35,701 [IPC Server handler 1 on default port 37459] INFO  key.OMKeyRequest (OMKeyRequest.java:wrapUncommittedBlocksAsPseudoKey(837)) - Detect allocated but uncommitted blocks [{blockID={containerID=3, localID=111677748019200063}, length=4194304, offset=0, token=null, pipeline=null, createVersion=0, partNumber=0}] in key key.
2023-01-26 20:31:35,709 [IPC Server handler 4 on default port 37459] INFO  key.OMKeyRequest (OMKeyRequest.java:wrapUncommittedBlocksAsPseudoKey(837)) - Detect allocated but uncommitted blocks [{blockID={containerID=4, localID=111677748019200064}, length=4194304, offset=0, token=null, pipeline=null, createVersion=0, partNumber=0}] in key key1.
2023-01-26 20:31:35,712 [IPC Server handler 6 on default port 42307] INFO  pipeline.PipelineStateManagerImpl (PipelineStateManagerImpl.java:addPipeline(103)) - Created pipeline Pipeline[ Id: cb5f613c-f8d8-4aca-aa21-6a8723ef4129, Nodes: d4171a40-eb60-4a1e-8628-4f14234272fd(fv-az462-54.0zuljvm5d0yedf4jva4xayy4gc.gx.internal.cloudapp.net/10.1.0.15)f73d43d0-b19f-4135-8753-89f8dbf44938(fv-az462-54.0zuljvm5d0yedf4jva4xayy4gc.gx.internal.cloudapp.net/10.1.0.15)7e0f7051-7df6-4c7d-992e-efcf57e991e1(fv-az462-54.0zuljvm5d0yedf4jva4xayy4gc.gx.internal.cloudapp.net/10.1.0.15)bb346dc9-524c-4b81-8ec9-e7d714560812(fv-az462-54.0zuljvm5d0yedf4jva4xayy4gc.gx.internal.cloudapp.net/10.1.0.15)33ea618b-d9cc-459d-a0c4-e4ecfab2c991(fv-az462-54.0zuljvm5d0yedf4jva4xayy4gc.gx.internal.cloudapp.net/10.1.0.15), ReplicationConfig: EC/ECReplicationConfig{data=3, parity=2, ecChunkSize=1048576, codec=rs}, State:ALLOCATED, leaderId:, CreationTimestamp2023-01-26T20:31:35.711Z[Etc/UTC]].
2023-01-26 20:31:35,712 [IPC Server handler 6 on default port 42307] INFO  pipeline.PipelineManagerImpl (PipelineManagerImpl.java:openPipeline(367)) - Pipeline Pipeline[ Id: cb5f613c-f8d8-4aca-aa21-6a8723ef4129, Nodes: d4171a40-eb60-4a1e-8628-4f14234272fd(fv-az462-54.0zuljvm5d0yedf4jva4xayy4gc.gx.internal.cloudapp.net/10.1.0.15)f73d43d0-b19f-4135-8753-89f8dbf44938(fv-az462-54.0zuljvm5d0yedf4jva4xayy4gc.gx.internal.cloudapp.net/10.1.0.15)7e0f7051-7df6-4c7d-992e-efcf57e991e1(fv-az462-54.0zuljvm5d0yedf4jva4xayy4gc.gx.internal.cloudapp.net/10.1.0.15)bb346dc9-524c-4b81-8ec9-e7d714560812(fv-az462-54.0zuljvm5d0yedf4jva4xayy4gc.gx.internal.cloudapp.net/10.1.0.15)33ea618b-d9cc-459d-a0c4-e4ecfab2c991(fv-az462-54.0zuljvm5d0yedf4jva4xayy4gc.gx.internal.cloudapp.net/10.1.0.15), ReplicationConfig: EC/ECReplicationConfig{data=3, parity=2, ecChunkSize=1048576, codec=rs}, State:ALLOCATED, leaderId:, CreationTimestamp2023-01-26T20:31:35.711Z[Etc/UTC]] moved to OPEN state
2023-01-26 20:31:35,742 [IPC Server handler 10 on default port 37459] INFO  key.OMKeyRequest (OMKeyRequest.java:wrapUncommittedBlocksAsPseudoKey(837)) - Detect allocated but uncommitted blocks [{blockID={containerID=9, localID=111677748019200065}, length=4194304, offset=0, token=null, pipeline=null, createVersion=0, partNumber=0}] in key key2.
2023-01-26 20:31:35,749 [IPC Server handler 16 on default port 42307] INFO  pipeline.PipelineStateManagerImpl (PipelineStateManagerImpl.java:addPipeline(103)) - Created pipeline Pipeline[ Id: d24a521c-bcde-4f00-bbc5-c733b1b8c42d, Nodes: f73d43d0-b19f-4135-8753-89f8dbf44938(fv-az462-54.0zuljvm5d0yedf4jva4xayy4gc.gx.internal.cloudapp.net/10.1.0.15)bb346dc9-524c-4b81-8ec9-e7d714560812(fv-az462-54.0zuljvm5d0yedf4jva4xayy4gc.gx.internal.cloudapp.net/10.1.0.15)33ea618b-d9cc-459d-a0c4-e4ecfab2c991(fv-az462-54.0zuljvm5d0yedf4jva4xayy4gc.gx.internal.cloudapp.net/10.1.0.15)d4171a40-eb60-4a1e-8628-4f14234272fd(fv-az462-54.0zuljvm5d0yedf4jva4xayy4gc.gx.internal.cloudapp.net/10.1.0.15)7e0f7051-7df6-4c7d-992e-efcf57e991e1(fv-az462-54.0zuljvm5d0yedf4jva4xayy4gc.gx.internal.cloudapp.net/10.1.0.15), ReplicationConfig: EC/ECReplicationConfig{data=3, parity=2, ecChunkSize=1048576, codec=rs}, State:ALLOCATED, leaderId:, CreationTimestamp2023-01-26T20:31:35.749Z[Etc/UTC]].
2023-01-26 20:31:35,750 [IPC Server handler 16 on default port 42307] INFO  pipeline.PipelineManagerImpl (PipelineManagerImpl.java:openPipeline(367)) - Pipeline Pipeline[ Id: d24a521c-bcde-4f00-bbc5-c733b1b8c42d, Nodes: f73d43d0-b19f-4135-8753-89f8dbf44938(fv-az462-54.0zuljvm5d0yedf4jva4xayy4gc.gx.internal.cloudapp.net/10.1.0.15)bb346dc9-524c-4b81-8ec9-e7d714560812(fv-az462-54.0zuljvm5d0yedf4jva4xayy4gc.gx.internal.cloudapp.net/10.1.0.15)33ea618b-d9cc-459d-a0c4-e4ecfab2c991(fv-az462-54.0zuljvm5d0yedf4jva4xayy4gc.gx.internal.cloudapp.net/10.1.0.15)d4171a40-eb60-4a1e-8628-4f14234272fd(fv-az462-54.0zuljvm5d0yedf4jva4xayy4gc.gx.internal.cloudapp.net/10.1.0.15)7e0f7051-7df6-4c7d-992e-efcf57e991e1(fv-az462-54.0zuljvm5d0yedf4jva4xayy4gc.gx.internal.cloudapp.net/10.1.0.15), ReplicationConfig: EC/ECReplicationConfig{data=3, parity=2, ecChunkSize=1048576, codec=rs}, State:ALLOCATED, leaderId:, CreationTimestamp2023-01-26T20:31:35.749Z[Etc/UTC]] moved to OPEN state
2023-01-26 20:31:35,781 [IPC Server handler 12 on default port 37459] INFO  key.OMKeyRequest (OMKeyRequest.java:wrapUncommittedBlocksAsPseudoKey(837)) - Detect allocated but uncommitted blocks [{blockID={containerID=10, localID=111677748019200066}, length=4194304, offset=0, token=null, pipeline=null, createVersion=0, partNumber=0}] in key key3.
2023-01-26 20:31:35,788 [IPC Server handler 16 on default port 37459] INFO  key.OMKeyRequest (OMKeyRequest.java:wrapUncommittedBlocksAsPseudoKey(837)) - Detect allocated but uncommitted blocks [{blockID={containerID=2, localID=111677748019200067}, length=4194304, offset=0, token=null, pipeline=null, createVersion=0, partNumber=0}] in key key4.
]]></system-out>
  </testcase>
  <testcase name="testCreateKeyShouldUseRefreshedBucketReplicationConfig" classname="TestOzoneFileSystem" time="0.129">
    <system-out><![CDATA[2023-01-26 20:32:46,660 [Time-limited test] INFO  rpc.RpcClient (RpcClient.java:createVolume(474)) - Creating Volume: volume37198, with user20968 as owner and space quota set to -1 bytes, counts quota set to -1
2023-01-26 20:32:46,662 [OM StateMachine ApplyTransaction Thread - 0] INFO  volume.OMVolumeCreateRequest (OMVolumeCreateRequest.java:validateAndUpdateCache(195)) - created volume:volume37198 for user:user20968
2023-01-26 20:32:46,663 [Time-limited test] INFO  rpc.RpcClient (RpcClient.java:createBucket(693)) - Creating Bucket: volume37198/bucket61260, with bucket layout LEGACY, runner as owner, Versioning false, Storage Type set to DISK and Encryption set to false 
2023-01-26 20:32:46,664 [OM StateMachine ApplyTransaction Thread - 0] INFO  bucket.OMBucketCreateRequest (OMBucketCreateRequest.java:validateAndUpdateCache(263)) - created bucket: bucket61260 of layout LEGACY in volume: volume37198
2023-01-26 20:32:46,677 [OM StateMachine ApplyTransaction Thread - 0] INFO  key.OMKeyRequest (OMKeyRequest.java:wrapUncommittedBlocksAsPseudoKey(837)) - Detect allocated but uncommitted blocks [{blockID={containerID=8, localID=111677748019200063}, length=4194304, offset=0, token=null, pipeline=null, createVersion=0, partNumber=0}] in key key.
2023-01-26 20:32:46,682 [OM StateMachine ApplyTransaction Thread - 0] INFO  key.OMKeyRequest (OMKeyRequest.java:wrapUncommittedBlocksAsPseudoKey(837)) - Detect allocated but uncommitted blocks [{blockID={containerID=2, localID=111677748019200064}, length=4194304, offset=0, token=null, pipeline=null, createVersion=0, partNumber=0}] in key key1.
2023-01-26 20:32:46,685 [IPC Server handler 3 on default port 35479] INFO  pipeline.PipelineStateManagerImpl (PipelineStateManagerImpl.java:addPipeline(103)) - Created pipeline Pipeline[ Id: ff66369a-7461-4733-b611-3eb14a547079, Nodes: 40d8d262-8836-439b-84c4-75233c3da079(fv-az462-54.0zuljvm5d0yedf4jva4xayy4gc.gx.internal.cloudapp.net/10.1.0.15)8116f3ad-43fd-49d6-b38b-c9c4aa8410ec(fv-az462-54.0zuljvm5d0yedf4jva4xayy4gc.gx.internal.cloudapp.net/10.1.0.15)33f1eb0e-c0cf-45d4-92c4-46358a3181ac(fv-az462-54.0zuljvm5d0yedf4jva4xayy4gc.gx.internal.cloudapp.net/10.1.0.15)06f84c71-7643-49a3-8309-2de556f4fabe(fv-az462-54.0zuljvm5d0yedf4jva4xayy4gc.gx.internal.cloudapp.net/10.1.0.15)a7887d3a-ac12-44f2-81f3-1f33b720a94f(fv-az462-54.0zuljvm5d0yedf4jva4xayy4gc.gx.internal.cloudapp.net/10.1.0.15), ReplicationConfig: EC/ECReplicationConfig{data=3, parity=2, ecChunkSize=1048576, codec=rs}, State:ALLOCATED, leaderId:, CreationTimestamp2023-01-26T20:32:46.685Z[Etc/UTC]].
2023-01-26 20:32:46,686 [IPC Server handler 3 on default port 35479] INFO  pipeline.PipelineManagerImpl (PipelineManagerImpl.java:openPipeline(367)) - Pipeline Pipeline[ Id: ff66369a-7461-4733-b611-3eb14a547079, Nodes: 40d8d262-8836-439b-84c4-75233c3da079(fv-az462-54.0zuljvm5d0yedf4jva4xayy4gc.gx.internal.cloudapp.net/10.1.0.15)8116f3ad-43fd-49d6-b38b-c9c4aa8410ec(fv-az462-54.0zuljvm5d0yedf4jva4xayy4gc.gx.internal.cloudapp.net/10.1.0.15)33f1eb0e-c0cf-45d4-92c4-46358a3181ac(fv-az462-54.0zuljvm5d0yedf4jva4xayy4gc.gx.internal.cloudapp.net/10.1.0.15)06f84c71-7643-49a3-8309-2de556f4fabe(fv-az462-54.0zuljvm5d0yedf4jva4xayy4gc.gx.internal.cloudapp.net/10.1.0.15)a7887d3a-ac12-44f2-81f3-1f33b720a94f(fv-az462-54.0zuljvm5d0yedf4jva4xayy4gc.gx.internal.cloudapp.net/10.1.0.15), ReplicationConfig: EC/ECReplicationConfig{data=3, parity=2, ecChunkSize=1048576, codec=rs}, State:ALLOCATED, leaderId:, CreationTimestamp2023-01-26T20:32:46.685Z[Etc/UTC]] moved to OPEN state
2023-01-26 20:32:46,713 [OM StateMachine ApplyTransaction Thread - 0] INFO  key.OMKeyRequest (OMKeyRequest.java:wrapUncommittedBlocksAsPseudoKey(837)) - Detect allocated but uncommitted blocks [{blockID={containerID=9, localID=111677748019200065}, length=4194304, offset=0, token=null, pipeline=null, createVersion=0, partNumber=0}] in key key2.
2023-01-26 20:32:46,718 [IPC Server handler 18 on default port 35479] INFO  pipeline.PipelineStateManagerImpl (PipelineStateManagerImpl.java:addPipeline(103)) - Created pipeline Pipeline[ Id: 205cf1d2-31b8-43e9-9a37-138f782537c4, Nodes: 06f84c71-7643-49a3-8309-2de556f4fabe(fv-az462-54.0zuljvm5d0yedf4jva4xayy4gc.gx.internal.cloudapp.net/10.1.0.15)8116f3ad-43fd-49d6-b38b-c9c4aa8410ec(fv-az462-54.0zuljvm5d0yedf4jva4xayy4gc.gx.internal.cloudapp.net/10.1.0.15)33f1eb0e-c0cf-45d4-92c4-46358a3181ac(fv-az462-54.0zuljvm5d0yedf4jva4xayy4gc.gx.internal.cloudapp.net/10.1.0.15)a7887d3a-ac12-44f2-81f3-1f33b720a94f(fv-az462-54.0zuljvm5d0yedf4jva4xayy4gc.gx.internal.cloudapp.net/10.1.0.15)40d8d262-8836-439b-84c4-75233c3da079(fv-az462-54.0zuljvm5d0yedf4jva4xayy4gc.gx.internal.cloudapp.net/10.1.0.15), ReplicationConfig: EC/ECReplicationConfig{data=3, parity=2, ecChunkSize=1048576, codec=rs}, State:ALLOCATED, leaderId:, CreationTimestamp2023-01-26T20:32:46.718Z[Etc/UTC]].
2023-01-26 20:32:46,719 [IPC Server handler 18 on default port 35479] INFO  pipeline.PipelineManagerImpl (PipelineManagerImpl.java:openPipeline(367)) - Pipeline Pipeline[ Id: 205cf1d2-31b8-43e9-9a37-138f782537c4, Nodes: 06f84c71-7643-49a3-8309-2de556f4fabe(fv-az462-54.0zuljvm5d0yedf4jva4xayy4gc.gx.internal.cloudapp.net/10.1.0.15)8116f3ad-43fd-49d6-b38b-c9c4aa8410ec(fv-az462-54.0zuljvm5d0yedf4jva4xayy4gc.gx.internal.cloudapp.net/10.1.0.15)33f1eb0e-c0cf-45d4-92c4-46358a3181ac(fv-az462-54.0zuljvm5d0yedf4jva4xayy4gc.gx.internal.cloudapp.net/10.1.0.15)a7887d3a-ac12-44f2-81f3-1f33b720a94f(fv-az462-54.0zuljvm5d0yedf4jva4xayy4gc.gx.internal.cloudapp.net/10.1.0.15)40d8d262-8836-439b-84c4-75233c3da079(fv-az462-54.0zuljvm5d0yedf4jva4xayy4gc.gx.internal.cloudapp.net/10.1.0.15), ReplicationConfig: EC/ECReplicationConfig{data=3, parity=2, ecChunkSize=1048576, codec=rs}, State:ALLOCATED, leaderId:, CreationTimestamp2023-01-26T20:32:46.718Z[Etc/UTC]] moved to OPEN state
2023-01-26 20:32:46,747 [OM StateMachine ApplyTransaction Thread - 0] INFO  key.OMKeyRequest (OMKeyRequest.java:wrapUncommittedBlocksAsPseudoKey(837)) - Detect allocated but uncommitted blocks [{blockID={containerID=10, localID=111677748019200066}, length=4194304, offset=0, token=null, pipeline=null, createVersion=0, partNumber=0}] in key key3.
2023-01-26 20:32:46,753 [OM StateMachine ApplyTransaction Thread - 0] INFO  key.OMKeyRequest (OMKeyRequest.java:wrapUncommittedBlocksAsPseudoKey(837)) - Detect allocated but uncommitted blocks [{blockID={containerID=1, localID=111677748019200067}, length=4194304, offset=0, token=null, pipeline=null, createVersion=0, partNumber=0}] in key key4.
]]></system-out>
  </testcase>
  <testcase name="testCreateKeyShouldUseRefreshedBucketReplicationConfig" classname="TestOzoneFileSystem" time="0.116">
    <system-out><![CDATA[2023-01-26 20:33:44,558 [Time-limited test] INFO  rpc.RpcClient (RpcClient.java:createVolume(474)) - Creating Volume: volume10301, with user12719 as owner and space quota set to -1 bytes, counts quota set to -1
2023-01-26 20:33:44,558 [IPC Server handler 9 on default port 35105] INFO  volume.OMVolumeCreateRequest (OMVolumeCreateRequest.java:validateAndUpdateCache(195)) - created volume:volume10301 for user:user12719
2023-01-26 20:33:44,560 [Time-limited test] INFO  rpc.RpcClient (RpcClient.java:createBucket(693)) - Creating Bucket: volume10301/bucket93973, with bucket layout LEGACY, runner as owner, Versioning false, Storage Type set to DISK and Encryption set to false 
2023-01-26 20:33:44,561 [IPC Server handler 11 on default port 35105] INFO  bucket.OMBucketCreateRequest (OMBucketCreateRequest.java:validateAndUpdateCache(263)) - created bucket: bucket93973 of layout LEGACY in volume: volume10301
2023-01-26 20:33:44,572 [IPC Server handler 18 on default port 35105] INFO  key.OMKeyRequest (OMKeyRequest.java:wrapUncommittedBlocksAsPseudoKey(837)) - Detect allocated but uncommitted blocks [{blockID={containerID=8, localID=111677748019200063}, length=4194304, offset=0, token=null, pipeline=null, createVersion=0, partNumber=0}] in key key.
2023-01-26 20:33:44,580 [IPC Server handler 2 on default port 35105] INFO  key.OMKeyRequest (OMKeyRequest.java:wrapUncommittedBlocksAsPseudoKey(837)) - Detect allocated but uncommitted blocks [{blockID={containerID=7, localID=111677748019200064}, length=4194304, offset=0, token=null, pipeline=null, createVersion=0, partNumber=0}] in key key1.
2023-01-26 20:33:44,582 [IPC Server handler 7 on default port 34437] INFO  pipeline.PipelineStateManagerImpl (PipelineStateManagerImpl.java:addPipeline(103)) - Created pipeline Pipeline[ Id: 3cf4edc7-fad8-42c0-b6d3-09266dcccc51, Nodes: 1d22b7d2-31db-4af8-bf0c-5577da68ec36(fv-az462-54.0zuljvm5d0yedf4jva4xayy4gc.gx.internal.cloudapp.net/10.1.0.15)60a87c7d-8298-43e9-85a2-250658c19736(fv-az462-54.0zuljvm5d0yedf4jva4xayy4gc.gx.internal.cloudapp.net/10.1.0.15)e073a1c5-1734-4c1f-8e4b-400896f1077e(fv-az462-54.0zuljvm5d0yedf4jva4xayy4gc.gx.internal.cloudapp.net/10.1.0.15)ff5e38c1-f65b-484d-a220-edc435d5e866(fv-az462-54.0zuljvm5d0yedf4jva4xayy4gc.gx.internal.cloudapp.net/10.1.0.15)2950c1a1-45bf-4864-9732-08ad567daa78(fv-az462-54.0zuljvm5d0yedf4jva4xayy4gc.gx.internal.cloudapp.net/10.1.0.15), ReplicationConfig: EC/ECReplicationConfig{data=3, parity=2, ecChunkSize=1048576, codec=rs}, State:ALLOCATED, leaderId:, CreationTimestamp2023-01-26T20:33:44.582Z[Etc/UTC]].
2023-01-26 20:33:44,583 [IPC Server handler 7 on default port 34437] INFO  pipeline.PipelineManagerImpl (PipelineManagerImpl.java:openPipeline(367)) - Pipeline Pipeline[ Id: 3cf4edc7-fad8-42c0-b6d3-09266dcccc51, Nodes: 1d22b7d2-31db-4af8-bf0c-5577da68ec36(fv-az462-54.0zuljvm5d0yedf4jva4xayy4gc.gx.internal.cloudapp.net/10.1.0.15)60a87c7d-8298-43e9-85a2-250658c19736(fv-az462-54.0zuljvm5d0yedf4jva4xayy4gc.gx.internal.cloudapp.net/10.1.0.15)e073a1c5-1734-4c1f-8e4b-400896f1077e(fv-az462-54.0zuljvm5d0yedf4jva4xayy4gc.gx.internal.cloudapp.net/10.1.0.15)ff5e38c1-f65b-484d-a220-edc435d5e866(fv-az462-54.0zuljvm5d0yedf4jva4xayy4gc.gx.internal.cloudapp.net/10.1.0.15)2950c1a1-45bf-4864-9732-08ad567daa78(fv-az462-54.0zuljvm5d0yedf4jva4xayy4gc.gx.internal.cloudapp.net/10.1.0.15), ReplicationConfig: EC/ECReplicationConfig{data=3, parity=2, ecChunkSize=1048576, codec=rs}, State:ALLOCATED, leaderId:, CreationTimestamp2023-01-26T20:33:44.582Z[Etc/UTC]] moved to OPEN state
2023-01-26 20:33:44,613 [IPC Server handler 5 on default port 35105] INFO  key.OMKeyRequest (OMKeyRequest.java:wrapUncommittedBlocksAsPseudoKey(837)) - Detect allocated but uncommitted blocks [{blockID={containerID=9, localID=111677748019200065}, length=4194304, offset=0, token=null, pipeline=null, createVersion=0, partNumber=0}] in key key2.
2023-01-26 20:33:44,621 [IPC Server handler 0 on default port 34437] INFO  pipeline.PipelineStateManagerImpl (PipelineStateManagerImpl.java:addPipeline(103)) - Created pipeline Pipeline[ Id: 2d4cc91d-d6c2-430e-a9c5-63c713564a29, Nodes: 2950c1a1-45bf-4864-9732-08ad567daa78(fv-az462-54.0zuljvm5d0yedf4jva4xayy4gc.gx.internal.cloudapp.net/10.1.0.15)ff5e38c1-f65b-484d-a220-edc435d5e866(fv-az462-54.0zuljvm5d0yedf4jva4xayy4gc.gx.internal.cloudapp.net/10.1.0.15)1d22b7d2-31db-4af8-bf0c-5577da68ec36(fv-az462-54.0zuljvm5d0yedf4jva4xayy4gc.gx.internal.cloudapp.net/10.1.0.15)60a87c7d-8298-43e9-85a2-250658c19736(fv-az462-54.0zuljvm5d0yedf4jva4xayy4gc.gx.internal.cloudapp.net/10.1.0.15)e073a1c5-1734-4c1f-8e4b-400896f1077e(fv-az462-54.0zuljvm5d0yedf4jva4xayy4gc.gx.internal.cloudapp.net/10.1.0.15), ReplicationConfig: EC/ECReplicationConfig{data=3, parity=2, ecChunkSize=1048576, codec=rs}, State:ALLOCATED, leaderId:, CreationTimestamp2023-01-26T20:33:44.620Z[Etc/UTC]].
2023-01-26 20:33:44,621 [IPC Server handler 0 on default port 34437] INFO  pipeline.PipelineManagerImpl (PipelineManagerImpl.java:openPipeline(367)) - Pipeline Pipeline[ Id: 2d4cc91d-d6c2-430e-a9c5-63c713564a29, Nodes: 2950c1a1-45bf-4864-9732-08ad567daa78(fv-az462-54.0zuljvm5d0yedf4jva4xayy4gc.gx.internal.cloudapp.net/10.1.0.15)ff5e38c1-f65b-484d-a220-edc435d5e866(fv-az462-54.0zuljvm5d0yedf4jva4xayy4gc.gx.internal.cloudapp.net/10.1.0.15)1d22b7d2-31db-4af8-bf0c-5577da68ec36(fv-az462-54.0zuljvm5d0yedf4jva4xayy4gc.gx.internal.cloudapp.net/10.1.0.15)60a87c7d-8298-43e9-85a2-250658c19736(fv-az462-54.0zuljvm5d0yedf4jva4xayy4gc.gx.internal.cloudapp.net/10.1.0.15)e073a1c5-1734-4c1f-8e4b-400896f1077e(fv-az462-54.0zuljvm5d0yedf4jva4xayy4gc.gx.internal.cloudapp.net/10.1.0.15), ReplicationConfig: EC/ECReplicationConfig{data=3, parity=2, ecChunkSize=1048576, codec=rs}, State:ALLOCATED, leaderId:, CreationTimestamp2023-01-26T20:33:44.620Z[Etc/UTC]] moved to OPEN state
2023-01-26 20:33:44,644 [IPC Server handler 9 on default port 35105] INFO  key.OMKeyRequest (OMKeyRequest.java:wrapUncommittedBlocksAsPseudoKey(837)) - Detect allocated but uncommitted blocks [{blockID={containerID=10, localID=111677748019200066}, length=4194304, offset=0, token=null, pipeline=null, createVersion=0, partNumber=0}] in key key3.
2023-01-26 20:33:44,650 [IPC Server handler 13 on default port 35105] INFO  key.OMKeyRequest (OMKeyRequest.java:wrapUncommittedBlocksAsPseudoKey(837)) - Detect allocated but uncommitted blocks [{blockID={containerID=2, localID=111677748019200067}, length=4194304, offset=0, token=null, pipeline=null, createVersion=0, partNumber=0}] in key key4.
]]></system-out>
  </testcase>
  <testcase name="testListStatusIteratorOnRoot" classname="TestOzoneFileSystem" time="0.034"/>
  <testcase name="testListStatusIteratorOnRoot" classname="TestOzoneFileSystem" time="0.023"/>
  <testcase name="testListStatusIteratorOnRoot" classname="TestOzoneFileSystem" time="0.021"/>
  <testcase name="testListStatusIteratorOnRoot" classname="TestOzoneFileSystem" time="0.019"/>
  <testcase name="testRenameDirToFile" classname="TestOzoneFileSystem" time="0.025">
    <system-out><![CDATA[2023-01-26 20:30:40,588 [OM StateMachine ApplyTransaction Thread - 0] INFO  key.OMKeyRequest (OMKeyRequest.java:wrapUncommittedBlocksAsPseudoKey(837)) - Detect allocated but uncommitted blocks [{blockID={containerID=2, localID=111677748019200068}, length=4194304, offset=0, token=null, pipeline=null, createVersion=0, partNumber=0}] in key root/file1.
2023-01-26 20:30:40,591 [Time-limited test] WARN  ozone.BasicOzoneFileSystem (BasicOzoneFileSystem.java:rename(415)) - Failed to rename o3fs://bucket75634.volume83577/a/b/c to o3fs://bucket75634.volume83577/root/file1, file already exists!
]]></system-out>
  </testcase>
  <testcase name="testRenameDirToFile" classname="TestOzoneFileSystem" time="0.021">
    <system-out><![CDATA[2023-01-26 20:31:35,821 [IPC Server handler 17 on default port 37459] INFO  key.OMKeyRequest (OMKeyRequest.java:wrapUncommittedBlocksAsPseudoKey(837)) - Detect allocated but uncommitted blocks [{blockID={containerID=3, localID=111677748019200068}, length=4194304, offset=0, token=null, pipeline=null, createVersion=0, partNumber=0}] in key root/file1.
2023-01-26 20:31:35,824 [Time-limited test] WARN  ozone.BasicOzoneFileSystem (BasicOzoneFileSystem.java:rename(415)) - Failed to rename o3fs://bucket43836.volume58619/a/b/c to o3fs://bucket43836.volume58619/root/file1, file already exists!
]]></system-out>
  </testcase>
  <testcase name="testRenameDirToFile" classname="TestOzoneFileSystem" time="0.021">
    <system-out><![CDATA[2023-01-26 20:32:46,787 [OM StateMachine ApplyTransaction Thread - 0] INFO  key.OMKeyRequest (OMKeyRequest.java:wrapUncommittedBlocksAsPseudoKey(837)) - Detect allocated but uncommitted blocks [{blockID={containerID=6, localID=111677748019200068}, length=4194304, offset=0, token=null, pipeline=null, createVersion=0, partNumber=0}] in key root/file1.
2023-01-26 20:32:46,789 [Time-limited test] WARN  ozone.BasicOzoneFileSystem (BasicOzoneFileSystem.java:rename(415)) - Failed to rename o3fs://bucket90109.volume53399/a/b/c to o3fs://bucket90109.volume53399/root/file1, file already exists!
]]></system-out>
  </testcase>
  <testcase name="testRenameDirToFile" classname="TestOzoneFileSystem" time="0.015">
    <system-out><![CDATA[2023-01-26 20:33:44,678 [IPC Server handler 15 on default port 35105] INFO  key.OMKeyRequest (OMKeyRequest.java:wrapUncommittedBlocksAsPseudoKey(837)) - Detect allocated but uncommitted blocks [{blockID={containerID=8, localID=111677748019200068}, length=4194304, offset=0, token=null, pipeline=null, createVersion=0, partNumber=0}] in key root/file1.
2023-01-26 20:33:44,679 [Time-limited test] WARN  ozone.BasicOzoneFileSystem (BasicOzoneFileSystem.java:rename(415)) - Failed to rename o3fs://bucket46934.volume38800/a/b/c to o3fs://bucket46934.volume38800/root/file1, file already exists!
]]></system-out>
  </testcase>
  <testcase name="testRenameToNewSubDirShouldNotExist" classname="TestOzoneFileSystem" time="0.051">
    <system-out><![CDATA[2023-01-26 20:30:40,622 [Time-limited test] WARN  ozone.BasicOzoneFileSystem (BasicOzoneFileSystem.java:rename(409)) - Failed to rename o3fs://bucket75634.volume83577/a to o3fs://bucket75634.volume83577/b/a, file already exists or not empty!
2023-01-26 20:30:40,629 [OM StateMachine ApplyTransaction Thread - 0] INFO  key.OMKeyRequest (OMKeyRequest.java:wrapUncommittedBlocksAsPseudoKey(837)) - Detect allocated but uncommitted blocks [{blockID={containerID=7, localID=111677748019200069}, length=4194304, offset=0, token=null, pipeline=null, createVersion=0, partNumber=0}] in key file1.
2023-01-26 20:30:40,639 [OM StateMachine ApplyTransaction Thread - 0] INFO  key.OMKeyRequest (OMKeyRequest.java:wrapUncommittedBlocksAsPseudoKey(837)) - Detect allocated but uncommitted blocks [{blockID={containerID=8, localID=111677748019200070}, length=4194304, offset=0, token=null, pipeline=null, createVersion=0, partNumber=0}] in key a/file1.
2023-01-26 20:30:40,641 [Time-limited test] WARN  ozone.BasicOzoneFileSystem (BasicOzoneFileSystem.java:rename(409)) - Failed to rename o3fs://bucket75634.volume83577/file1 to o3fs://bucket75634.volume83577/a/file1, file already exists or not empty!
]]></system-out>
  </testcase>
  <testcase name="testRenameToNewSubDirShouldNotExist" classname="TestOzoneFileSystem" time="0.029">
    <system-out><![CDATA[2023-01-26 20:31:35,845 [Time-limited test] WARN  ozone.BasicOzoneFileSystem (BasicOzoneFileSystem.java:rename(409)) - Failed to rename o3fs://bucket43836.volume58619/a to o3fs://bucket43836.volume58619/b/a, file already exists or not empty!
2023-01-26 20:31:35,849 [IPC Server handler 19 on default port 37459] INFO  key.OMKeyRequest (OMKeyRequest.java:wrapUncommittedBlocksAsPseudoKey(837)) - Detect allocated but uncommitted blocks [{blockID={containerID=1, localID=111677748019200069}, length=4194304, offset=0, token=null, pipeline=null, createVersion=0, partNumber=0}] in key file1.
2023-01-26 20:31:35,851 [IPC Server handler 1 on default port 37459] INFO  key.OMKeyRequest (OMKeyRequest.java:wrapUncommittedBlocksAsPseudoKey(837)) - Detect allocated but uncommitted blocks [{blockID={containerID=2, localID=111677748019200070}, length=4194304, offset=0, token=null, pipeline=null, createVersion=0, partNumber=0}] in key a/file1.
2023-01-26 20:31:35,855 [Time-limited test] WARN  ozone.BasicOzoneFileSystem (BasicOzoneFileSystem.java:rename(409)) - Failed to rename o3fs://bucket43836.volume58619/file1 to o3fs://bucket43836.volume58619/a/file1, file already exists or not empty!
]]></system-out>
  </testcase>
  <testcase name="testRenameToNewSubDirShouldNotExist" classname="TestOzoneFileSystem" time="0.029">
    <system-out><![CDATA[2023-01-26 20:32:46,807 [Time-limited test] WARN  ozone.BasicOzoneFileSystem (BasicOzoneFileSystem.java:rename(409)) - Failed to rename o3fs://bucket90109.volume53399/a to o3fs://bucket90109.volume53399/b/a, file already exists or not empty!
2023-01-26 20:32:46,811 [OM StateMachine ApplyTransaction Thread - 0] INFO  key.OMKeyRequest (OMKeyRequest.java:wrapUncommittedBlocksAsPseudoKey(837)) - Detect allocated but uncommitted blocks [{blockID={containerID=8, localID=111677748019200069}, length=4194304, offset=0, token=null, pipeline=null, createVersion=0, partNumber=0}] in key file1.
2023-01-26 20:32:46,816 [OM StateMachine ApplyTransaction Thread - 0] INFO  key.OMKeyRequest (OMKeyRequest.java:wrapUncommittedBlocksAsPseudoKey(837)) - Detect allocated but uncommitted blocks [{blockID={containerID=6, localID=111677748019200070}, length=4194304, offset=0, token=null, pipeline=null, createVersion=0, partNumber=0}] in key a/file1.
2023-01-26 20:32:46,817 [Time-limited test] WARN  ozone.BasicOzoneFileSystem (BasicOzoneFileSystem.java:rename(409)) - Failed to rename o3fs://bucket90109.volume53399/file1 to o3fs://bucket90109.volume53399/a/file1, file already exists or not empty!
]]></system-out>
  </testcase>
  <testcase name="testRenameToNewSubDirShouldNotExist" classname="TestOzoneFileSystem" time="0.022">
    <system-out><![CDATA[2023-01-26 20:33:44,694 [Time-limited test] WARN  ozone.BasicOzoneFileSystem (BasicOzoneFileSystem.java:rename(409)) - Failed to rename o3fs://bucket46934.volume38800/a to o3fs://bucket46934.volume38800/b/a, file already exists or not empty!
2023-01-26 20:33:44,697 [IPC Server handler 16 on default port 35105] INFO  key.OMKeyRequest (OMKeyRequest.java:wrapUncommittedBlocksAsPseudoKey(837)) - Detect allocated but uncommitted blocks [{blockID={containerID=1, localID=111677748019200069}, length=4194304, offset=0, token=null, pipeline=null, createVersion=0, partNumber=0}] in key file1.
2023-01-26 20:33:44,699 [IPC Server handler 18 on default port 35105] INFO  key.OMKeyRequest (OMKeyRequest.java:wrapUncommittedBlocksAsPseudoKey(837)) - Detect allocated but uncommitted blocks [{blockID={containerID=2, localID=111677748019200070}, length=4194304, offset=0, token=null, pipeline=null, createVersion=0, partNumber=0}] in key a/file1.
2023-01-26 20:33:44,700 [Time-limited test] WARN  ozone.BasicOzoneFileSystem (BasicOzoneFileSystem.java:rename(409)) - Failed to rename o3fs://bucket46934.volume38800/file1 to o3fs://bucket46934.volume38800/a/file1, file already exists or not empty!
]]></system-out>
  </testcase>
  <testcase name="testListStatusOnLargeDirectoryForACLCheck" classname="TestOzoneFileSystem" time="1.993">
    <system-out><![CDATA[2023-01-26 20:30:42,593 [om1-client-thread1] INFO  segmented.SegmentedRaftLogWorker (SegmentedRaftLogWorker.java:rollLogSegment(457)) - om1@group-C5BA1605619E-SegmentedRaftLogWorker: Rolling segment log-0_36906 to index:36906
2023-01-26 20:30:42,595 [om1@group-C5BA1605619E-SegmentedRaftLogWorker] INFO  segmented.SegmentedRaftLogWorker (SegmentedRaftLogWorker.java:execute(613)) - om1@group-C5BA1605619E-SegmentedRaftLogWorker: Rolled log segment from /home/runner/work/ozone/ozone/hadoop-ozone/integration-test/target/test-dir/MiniOzoneClusterImpl-91732d81-4c55-4ff3-841d-5fdfde2aad74/ozone-meta/ratis/bf265839-605b-3f16-9796-c5ba1605619e/current/log_inprogress_0 to /home/runner/work/ozone/ozone/hadoop-ozone/integration-test/target/test-dir/MiniOzoneClusterImpl-91732d81-4c55-4ff3-841d-5fdfde2aad74/ozone-meta/ratis/bf265839-605b-3f16-9796-c5ba1605619e/current/log_0-36906
2023-01-26 20:30:42,606 [om1@group-C5BA1605619E-SegmentedRaftLogWorker] INFO  segmented.SegmentedRaftLogWorker (SegmentedRaftLogWorker.java:execute(656)) - om1@group-C5BA1605619E-SegmentedRaftLogWorker: created new log segment /home/runner/work/ozone/ozone/hadoop-ozone/integration-test/target/test-dir/MiniOzoneClusterImpl-91732d81-4c55-4ff3-841d-5fdfde2aad74/ozone-meta/ratis/bf265839-605b-3f16-9796-c5ba1605619e/current/log_inprogress_36907
]]></system-out>
  </testcase>
  <testcase name="testListStatusOnLargeDirectoryForACLCheck" classname="TestOzoneFileSystem" time="1.39"/>
  <testcase name="testListStatusOnLargeDirectoryForACLCheck" classname="TestOzoneFileSystem" time="1.626">
    <system-out><![CDATA[2023-01-26 20:32:48,389 [om1-client-thread1] INFO  segmented.SegmentedRaftLogWorker (SegmentedRaftLogWorker.java:rollLogSegment(457)) - om1@group-C5BA1605619E-SegmentedRaftLogWorker: Rolling segment log-0_36869 to index:36869
2023-01-26 20:32:48,389 [om1@group-C5BA1605619E-SegmentedRaftLogWorker] INFO  segmented.SegmentedRaftLogWorker (SegmentedRaftLogWorker.java:execute(613)) - om1@group-C5BA1605619E-SegmentedRaftLogWorker: Rolled log segment from /home/runner/work/ozone/ozone/hadoop-ozone/integration-test/target/test-dir/MiniOzoneClusterImpl-885fda24-0582-4ee7-b43d-362ebd6c8d83/ozone-meta/ratis/bf265839-605b-3f16-9796-c5ba1605619e/current/log_inprogress_0 to /home/runner/work/ozone/ozone/hadoop-ozone/integration-test/target/test-dir/MiniOzoneClusterImpl-885fda24-0582-4ee7-b43d-362ebd6c8d83/ozone-meta/ratis/bf265839-605b-3f16-9796-c5ba1605619e/current/log_0-36869
2023-01-26 20:32:48,402 [om1@group-C5BA1605619E-SegmentedRaftLogWorker] INFO  segmented.SegmentedRaftLogWorker (SegmentedRaftLogWorker.java:execute(656)) - om1@group-C5BA1605619E-SegmentedRaftLogWorker: created new log segment /home/runner/work/ozone/ozone/hadoop-ozone/integration-test/target/test-dir/MiniOzoneClusterImpl-885fda24-0582-4ee7-b43d-362ebd6c8d83/ozone-meta/ratis/bf265839-605b-3f16-9796-c5ba1605619e/current/log_inprogress_36870
]]></system-out>
  </testcase>
  <testcase name="testListStatusOnLargeDirectoryForACLCheck" classname="TestOzoneFileSystem" time="0.879"/>
  <testcase name="testRenameFileToDir" classname="TestOzoneFileSystem" time="0.038">
    <system-out><![CDATA[2023-01-26 20:30:42,659 [OM StateMachine ApplyTransaction Thread - 0] INFO  key.OMKeyRequest (OMKeyRequest.java:wrapUncommittedBlocksAsPseudoKey(837)) - Detect allocated but uncommitted blocks [{blockID={containerID=7, localID=111677748019200071}, length=4194304, offset=0, token=null, pipeline=null, createVersion=0, partNumber=0}] in key root/file1.
20:30:42.663 [IPC Server handler 0 on default port 38181] ERROR OMAudit - user=runner | ip=127.0.0.1 | op=LIST_STATUS {volume=volume83577, bucket=bucket75634, key=a/b/c/file1, dataSize=0, replicationConfig=null} | ret=FAILURE
org.apache.hadoop.ozone.om.exceptions.OMException: Unable to get file status: volume: volume83577 bucket: bucket75634 key: a/b/c/file1
	at org.apache.hadoop.ozone.om.KeyManagerImpl.getOzoneFileStatus(KeyManagerImpl.java:1301) ~[ozone-manager-1.4.0-SNAPSHOT.jar:?]
	at org.apache.hadoop.ozone.om.KeyManagerImpl.getFileStatus(KeyManagerImpl.java:1219) ~[ozone-manager-1.4.0-SNAPSHOT.jar:?]
	at org.apache.hadoop.ozone.om.KeyManagerImpl.listStatus(KeyManagerImpl.java:1585) ~[ozone-manager-1.4.0-SNAPSHOT.jar:?]
	at org.apache.hadoop.ozone.om.OzoneManager.listStatus(OzoneManager.java:3580) ~[ozone-manager-1.4.0-SNAPSHOT.jar:?]
	at org.apache.hadoop.ozone.protocolPB.OzoneManagerRequestHandler.listStatus(OzoneManagerRequestHandler.java:1077) ~[ozone-manager-1.4.0-SNAPSHOT.jar:?]
	at org.apache.hadoop.ozone.protocolPB.OzoneManagerRequestHandler.handleReadRequest(OzoneManagerRequestHandler.java:244) ~[ozone-manager-1.4.0-SNAPSHOT.jar:?]
	at org.apache.hadoop.ozone.protocolPB.OzoneManagerProtocolServerSideTranslatorPB.submitReadRequestToOM(OzoneManagerProtocolServerSideTranslatorPB.java:226) ~[ozone-manager-1.4.0-SNAPSHOT.jar:?]
	at org.apache.hadoop.ozone.protocolPB.OzoneManagerProtocolServerSideTranslatorPB.processRequest(OzoneManagerProtocolServerSideTranslatorPB.java:175) ~[ozone-manager-1.4.0-SNAPSHOT.jar:?]
	at org.apache.hadoop.hdds.server.OzoneProtocolMessageDispatcher.processRequest(OzoneProtocolMessageDispatcher.java:87) [hdds-server-framework-1.4.0-SNAPSHOT.jar:?]
	at org.apache.hadoop.ozone.protocolPB.OzoneManagerProtocolServerSideTranslatorPB.submitRequest(OzoneManagerProtocolServerSideTranslatorPB.java:147) [ozone-manager-1.4.0-SNAPSHOT.jar:?]
	at org.apache.hadoop.ozone.protocol.proto.OzoneManagerProtocolProtos$OzoneManagerService$2.callBlockingMethod(OzoneManagerProtocolProtos.java) [ozone-interface-client-1.4.0-SNAPSHOT.jar:?]
	at org.apache.hadoop.ipc.ProtobufRpcEngine$Server.processCall(ProtobufRpcEngine.java:465) [hadoop-common-3.3.4.jar:?]
	at org.apache.hadoop.ipc.ProtobufRpcEngine2$Server$ProtoBufRpcInvoker.call(ProtobufRpcEngine2.java:578) [hadoop-common-3.3.4.jar:?]
	at org.apache.hadoop.ipc.ProtobufRpcEngine2$Server$ProtoBufRpcInvoker.call(ProtobufRpcEngine2.java:556) [hadoop-common-3.3.4.jar:?]
	at org.apache.hadoop.ipc.RPC$Server.call(RPC.java:1093) [hadoop-common-3.3.4.jar:?]
	at org.apache.hadoop.ipc.Server$RpcCall.run(Server.java:1043) [hadoop-common-3.3.4.jar:?]
	at org.apache.hadoop.ipc.Server$RpcCall.run(Server.java:971) [hadoop-common-3.3.4.jar:?]
	at java.security.AccessController.doPrivileged(Native Method) ~[?:1.8.0_352]
	at javax.security.auth.Subject.doAs(Subject.java:422) [?:1.8.0_352]
	at org.apache.hadoop.security.UserGroupInformation.doAs(UserGroupInformation.java:1878) [hadoop-common-3.3.4.jar:?]
	at org.apache.hadoop.ipc.Server$Handler.run(Server.java:2976) [hadoop-common-3.3.4.jar:?]
]]></system-out>
  </testcase>
  <testcase name="testRenameFileToDir" classname="TestOzoneFileSystem" time="0.029">
    <system-out><![CDATA[2023-01-26 20:31:37,263 [IPC Server handler 9 on default port 37459] INFO  key.OMKeyRequest (OMKeyRequest.java:wrapUncommittedBlocksAsPseudoKey(837)) - Detect allocated but uncommitted blocks [{blockID={containerID=4, localID=111677748019200071}, length=4194304, offset=0, token=null, pipeline=null, createVersion=0, partNumber=0}] in key root/file1.
20:31:37.266 [IPC Server handler 15 on default port 37459] ERROR OMAudit - user=runner | ip=127.0.0.1 | op=LIST_STATUS {volume=volume58619, bucket=bucket43836, key=a/b/c/file1, dataSize=0, replicationConfig=null} | ret=FAILURE
org.apache.hadoop.ozone.om.exceptions.OMException: Unable to get file status: volume: volume58619 bucket: bucket43836 key: a/b/c/file1
	at org.apache.hadoop.ozone.om.KeyManagerImpl.getOzoneFileStatus(KeyManagerImpl.java:1301) ~[ozone-manager-1.4.0-SNAPSHOT.jar:?]
	at org.apache.hadoop.ozone.om.KeyManagerImpl.getFileStatus(KeyManagerImpl.java:1219) ~[ozone-manager-1.4.0-SNAPSHOT.jar:?]
	at org.apache.hadoop.ozone.om.KeyManagerImpl.listStatus(KeyManagerImpl.java:1585) ~[ozone-manager-1.4.0-SNAPSHOT.jar:?]
	at org.apache.hadoop.ozone.om.OzoneManager.listStatus(OzoneManager.java:3580) ~[ozone-manager-1.4.0-SNAPSHOT.jar:?]
	at org.apache.hadoop.ozone.protocolPB.OzoneManagerRequestHandler.listStatus(OzoneManagerRequestHandler.java:1077) ~[ozone-manager-1.4.0-SNAPSHOT.jar:?]
	at org.apache.hadoop.ozone.protocolPB.OzoneManagerRequestHandler.handleReadRequest(OzoneManagerRequestHandler.java:244) ~[ozone-manager-1.4.0-SNAPSHOT.jar:?]
	at org.apache.hadoop.ozone.protocolPB.OzoneManagerProtocolServerSideTranslatorPB.submitRequestDirectlyToOM(OzoneManagerProtocolServerSideTranslatorPB.java:276) ~[ozone-manager-1.4.0-SNAPSHOT.jar:?]
	at org.apache.hadoop.ozone.protocolPB.OzoneManagerProtocolServerSideTranslatorPB.processRequest(OzoneManagerProtocolServerSideTranslatorPB.java:205) ~[ozone-manager-1.4.0-SNAPSHOT.jar:?]
	at org.apache.hadoop.hdds.server.OzoneProtocolMessageDispatcher.processRequest(OzoneProtocolMessageDispatcher.java:87) [hdds-server-framework-1.4.0-SNAPSHOT.jar:?]
	at org.apache.hadoop.ozone.protocolPB.OzoneManagerProtocolServerSideTranslatorPB.submitRequest(OzoneManagerProtocolServerSideTranslatorPB.java:147) [ozone-manager-1.4.0-SNAPSHOT.jar:?]
	at org.apache.hadoop.ozone.protocol.proto.OzoneManagerProtocolProtos$OzoneManagerService$2.callBlockingMethod(OzoneManagerProtocolProtos.java) [ozone-interface-client-1.4.0-SNAPSHOT.jar:?]
	at org.apache.hadoop.ipc.ProtobufRpcEngine$Server.processCall(ProtobufRpcEngine.java:465) [hadoop-common-3.3.4.jar:?]
	at org.apache.hadoop.ipc.ProtobufRpcEngine2$Server$ProtoBufRpcInvoker.call(ProtobufRpcEngine2.java:578) [hadoop-common-3.3.4.jar:?]
	at org.apache.hadoop.ipc.ProtobufRpcEngine2$Server$ProtoBufRpcInvoker.call(ProtobufRpcEngine2.java:556) [hadoop-common-3.3.4.jar:?]
	at org.apache.hadoop.ipc.RPC$Server.call(RPC.java:1093) [hadoop-common-3.3.4.jar:?]
	at org.apache.hadoop.ipc.Server$RpcCall.run(Server.java:1043) [hadoop-common-3.3.4.jar:?]
	at org.apache.hadoop.ipc.Server$RpcCall.run(Server.java:971) [hadoop-common-3.3.4.jar:?]
	at java.security.AccessController.doPrivileged(Native Method) ~[?:1.8.0_352]
	at javax.security.auth.Subject.doAs(Subject.java:422) [?:1.8.0_352]
	at org.apache.hadoop.security.UserGroupInformation.doAs(UserGroupInformation.java:1878) [hadoop-common-3.3.4.jar:?]
	at org.apache.hadoop.ipc.Server$Handler.run(Server.java:2976) [hadoop-common-3.3.4.jar:?]
]]></system-out>
  </testcase>
  <testcase name="testRenameFileToDir" classname="TestOzoneFileSystem" time="0.033">
    <system-out><![CDATA[2023-01-26 20:32:48,462 [OM StateMachine ApplyTransaction Thread - 0] INFO  key.OMKeyRequest (OMKeyRequest.java:wrapUncommittedBlocksAsPseudoKey(837)) - Detect allocated but uncommitted blocks [{blockID={containerID=8, localID=111677748019200071}, length=4194304, offset=0, token=null, pipeline=null, createVersion=0, partNumber=0}] in key root/file1.
20:32:48.464 [IPC Server handler 13 on default port 38041] ERROR OMAudit - user=runner | ip=127.0.0.1 | op=LIST_STATUS {volume=volume53399, bucket=bucket90109, key=a/b/c/file1, dataSize=0, replicationConfig=null} | ret=FAILURE
org.apache.hadoop.ozone.om.exceptions.OMException: Unable to get file status: volume: volume53399 bucket: bucket90109 key: a/b/c/file1
	at org.apache.hadoop.ozone.om.KeyManagerImpl.getOzoneFileStatus(KeyManagerImpl.java:1301) ~[ozone-manager-1.4.0-SNAPSHOT.jar:?]
	at org.apache.hadoop.ozone.om.KeyManagerImpl.getFileStatus(KeyManagerImpl.java:1219) ~[ozone-manager-1.4.0-SNAPSHOT.jar:?]
	at org.apache.hadoop.ozone.om.KeyManagerImpl.listStatus(KeyManagerImpl.java:1585) ~[ozone-manager-1.4.0-SNAPSHOT.jar:?]
	at org.apache.hadoop.ozone.om.OzoneManager.listStatus(OzoneManager.java:3580) ~[ozone-manager-1.4.0-SNAPSHOT.jar:?]
	at org.apache.hadoop.ozone.protocolPB.OzoneManagerRequestHandler.listStatus(OzoneManagerRequestHandler.java:1077) ~[ozone-manager-1.4.0-SNAPSHOT.jar:?]
	at org.apache.hadoop.ozone.protocolPB.OzoneManagerRequestHandler.handleReadRequest(OzoneManagerRequestHandler.java:244) ~[ozone-manager-1.4.0-SNAPSHOT.jar:?]
	at org.apache.hadoop.ozone.protocolPB.OzoneManagerProtocolServerSideTranslatorPB.submitReadRequestToOM(OzoneManagerProtocolServerSideTranslatorPB.java:226) ~[ozone-manager-1.4.0-SNAPSHOT.jar:?]
	at org.apache.hadoop.ozone.protocolPB.OzoneManagerProtocolServerSideTranslatorPB.processRequest(OzoneManagerProtocolServerSideTranslatorPB.java:175) ~[ozone-manager-1.4.0-SNAPSHOT.jar:?]
	at org.apache.hadoop.hdds.server.OzoneProtocolMessageDispatcher.processRequest(OzoneProtocolMessageDispatcher.java:87) [hdds-server-framework-1.4.0-SNAPSHOT.jar:?]
	at org.apache.hadoop.ozone.protocolPB.OzoneManagerProtocolServerSideTranslatorPB.submitRequest(OzoneManagerProtocolServerSideTranslatorPB.java:147) [ozone-manager-1.4.0-SNAPSHOT.jar:?]
	at org.apache.hadoop.ozone.protocol.proto.OzoneManagerProtocolProtos$OzoneManagerService$2.callBlockingMethod(OzoneManagerProtocolProtos.java) [ozone-interface-client-1.4.0-SNAPSHOT.jar:?]
	at org.apache.hadoop.ipc.ProtobufRpcEngine$Server.processCall(ProtobufRpcEngine.java:465) [hadoop-common-3.3.4.jar:?]
	at org.apache.hadoop.ipc.ProtobufRpcEngine2$Server$ProtoBufRpcInvoker.call(ProtobufRpcEngine2.java:578) [hadoop-common-3.3.4.jar:?]
	at org.apache.hadoop.ipc.ProtobufRpcEngine2$Server$ProtoBufRpcInvoker.call(ProtobufRpcEngine2.java:556) [hadoop-common-3.3.4.jar:?]
	at org.apache.hadoop.ipc.RPC$Server.call(RPC.java:1093) [hadoop-common-3.3.4.jar:?]
	at org.apache.hadoop.ipc.Server$RpcCall.run(Server.java:1043) [hadoop-common-3.3.4.jar:?]
	at org.apache.hadoop.ipc.Server$RpcCall.run(Server.java:971) [hadoop-common-3.3.4.jar:?]
	at java.security.AccessController.doPrivileged(Native Method) ~[?:1.8.0_352]
	at javax.security.auth.Subject.doAs(Subject.java:422) [?:1.8.0_352]
	at org.apache.hadoop.security.UserGroupInformation.doAs(UserGroupInformation.java:1878) [hadoop-common-3.3.4.jar:?]
	at org.apache.hadoop.ipc.Server$Handler.run(Server.java:2976) [hadoop-common-3.3.4.jar:?]
]]></system-out>
  </testcase>
  <testcase name="testRenameFileToDir" classname="TestOzoneFileSystem" time="0.025">
    <system-out><![CDATA[2023-01-26 20:33:45,593 [IPC Server handler 6 on default port 35105] INFO  key.OMKeyRequest (OMKeyRequest.java:wrapUncommittedBlocksAsPseudoKey(837)) - Detect allocated but uncommitted blocks [{blockID={containerID=7, localID=111677748019200071}, length=4194304, offset=0, token=null, pipeline=null, createVersion=0, partNumber=0}] in key root/file1.
20:33:45.595 [IPC Server handler 10 on default port 35105] ERROR OMAudit - user=runner | ip=127.0.0.1 | op=LIST_STATUS {volume=volume38800, bucket=bucket46934, key=a/b/c/file1, dataSize=0, replicationConfig=null} | ret=FAILURE
org.apache.hadoop.ozone.om.exceptions.OMException: Unable to get file status: volume: volume38800 bucket: bucket46934 key: a/b/c/file1
	at org.apache.hadoop.ozone.om.KeyManagerImpl.getOzoneFileStatus(KeyManagerImpl.java:1301) ~[ozone-manager-1.4.0-SNAPSHOT.jar:?]
	at org.apache.hadoop.ozone.om.KeyManagerImpl.getFileStatus(KeyManagerImpl.java:1219) ~[ozone-manager-1.4.0-SNAPSHOT.jar:?]
	at org.apache.hadoop.ozone.om.KeyManagerImpl.listStatus(KeyManagerImpl.java:1585) ~[ozone-manager-1.4.0-SNAPSHOT.jar:?]
	at org.apache.hadoop.ozone.om.OzoneManager.listStatus(OzoneManager.java:3580) ~[ozone-manager-1.4.0-SNAPSHOT.jar:?]
	at org.apache.hadoop.ozone.protocolPB.OzoneManagerRequestHandler.listStatus(OzoneManagerRequestHandler.java:1077) ~[ozone-manager-1.4.0-SNAPSHOT.jar:?]
	at org.apache.hadoop.ozone.protocolPB.OzoneManagerRequestHandler.handleReadRequest(OzoneManagerRequestHandler.java:244) ~[ozone-manager-1.4.0-SNAPSHOT.jar:?]
	at org.apache.hadoop.ozone.protocolPB.OzoneManagerProtocolServerSideTranslatorPB.submitRequestDirectlyToOM(OzoneManagerProtocolServerSideTranslatorPB.java:276) ~[ozone-manager-1.4.0-SNAPSHOT.jar:?]
	at org.apache.hadoop.ozone.protocolPB.OzoneManagerProtocolServerSideTranslatorPB.processRequest(OzoneManagerProtocolServerSideTranslatorPB.java:205) ~[ozone-manager-1.4.0-SNAPSHOT.jar:?]
	at org.apache.hadoop.hdds.server.OzoneProtocolMessageDispatcher.processRequest(OzoneProtocolMessageDispatcher.java:87) [hdds-server-framework-1.4.0-SNAPSHOT.jar:?]
	at org.apache.hadoop.ozone.protocolPB.OzoneManagerProtocolServerSideTranslatorPB.submitRequest(OzoneManagerProtocolServerSideTranslatorPB.java:147) [ozone-manager-1.4.0-SNAPSHOT.jar:?]
	at org.apache.hadoop.ozone.protocol.proto.OzoneManagerProtocolProtos$OzoneManagerService$2.callBlockingMethod(OzoneManagerProtocolProtos.java) [ozone-interface-client-1.4.0-SNAPSHOT.jar:?]
	at org.apache.hadoop.ipc.ProtobufRpcEngine$Server.processCall(ProtobufRpcEngine.java:465) [hadoop-common-3.3.4.jar:?]
	at org.apache.hadoop.ipc.ProtobufRpcEngine2$Server$ProtoBufRpcInvoker.call(ProtobufRpcEngine2.java:578) [hadoop-common-3.3.4.jar:?]
	at org.apache.hadoop.ipc.ProtobufRpcEngine2$Server$ProtoBufRpcInvoker.call(ProtobufRpcEngine2.java:556) [hadoop-common-3.3.4.jar:?]
	at org.apache.hadoop.ipc.RPC$Server.call(RPC.java:1093) [hadoop-common-3.3.4.jar:?]
	at org.apache.hadoop.ipc.Server$RpcCall.run(Server.java:1043) [hadoop-common-3.3.4.jar:?]
	at org.apache.hadoop.ipc.Server$RpcCall.run(Server.java:971) [hadoop-common-3.3.4.jar:?]
	at java.security.AccessController.doPrivileged(Native Method) ~[?:1.8.0_352]
	at javax.security.auth.Subject.doAs(Subject.java:422) [?:1.8.0_352]
	at org.apache.hadoop.security.UserGroupInformation.doAs(UserGroupInformation.java:1878) [hadoop-common-3.3.4.jar:?]
	at org.apache.hadoop.ipc.Server$Handler.run(Server.java:2976) [hadoop-common-3.3.4.jar:?]
]]></system-out>
  </testcase>
  <testcase name="testListStatusWithIntermediateDirWithECEnabled" classname="TestOzoneFileSystem" time="0.026">
    <system-out><![CDATA[2023-01-26 20:30:42,689 [IPC Server handler 8 on default port 35025] INFO  pipeline.PipelineStateManagerImpl (PipelineStateManagerImpl.java:addPipeline(103)) - Created pipeline Pipeline[ Id: 78fa9be2-c733-4caf-adf5-e6170e8ee6fa, Nodes: 5982ba88-a0d3-4bb4-b961-874e4813aacd(fv-az462-54.0zuljvm5d0yedf4jva4xayy4gc.gx.internal.cloudapp.net/10.1.0.15)1568f87f-b911-477a-a667-1c441b63e4c2(fv-az462-54.0zuljvm5d0yedf4jva4xayy4gc.gx.internal.cloudapp.net/10.1.0.15)b29357c9-7d45-4ae4-80d3-019e3f6bb8ef(fv-az462-54.0zuljvm5d0yedf4jva4xayy4gc.gx.internal.cloudapp.net/10.1.0.15)5da6f0b0-ccdb-4a5d-9328-dd7db5de8beb(fv-az462-54.0zuljvm5d0yedf4jva4xayy4gc.gx.internal.cloudapp.net/10.1.0.15)7bf5aaad-ce4d-4dcc-9fd5-6307881c1b43(fv-az462-54.0zuljvm5d0yedf4jva4xayy4gc.gx.internal.cloudapp.net/10.1.0.15), ReplicationConfig: EC/ECReplicationConfig{data=3, parity=2, ecChunkSize=1048576, codec=rs}, State:ALLOCATED, leaderId:, CreationTimestamp2023-01-26T20:30:42.689Z[Etc/UTC]].
2023-01-26 20:30:42,690 [IPC Server handler 8 on default port 35025] INFO  pipeline.PipelineManagerImpl (PipelineManagerImpl.java:openPipeline(367)) - Pipeline Pipeline[ Id: 78fa9be2-c733-4caf-adf5-e6170e8ee6fa, Nodes: 5982ba88-a0d3-4bb4-b961-874e4813aacd(fv-az462-54.0zuljvm5d0yedf4jva4xayy4gc.gx.internal.cloudapp.net/10.1.0.15)1568f87f-b911-477a-a667-1c441b63e4c2(fv-az462-54.0zuljvm5d0yedf4jva4xayy4gc.gx.internal.cloudapp.net/10.1.0.15)b29357c9-7d45-4ae4-80d3-019e3f6bb8ef(fv-az462-54.0zuljvm5d0yedf4jva4xayy4gc.gx.internal.cloudapp.net/10.1.0.15)5da6f0b0-ccdb-4a5d-9328-dd7db5de8beb(fv-az462-54.0zuljvm5d0yedf4jva4xayy4gc.gx.internal.cloudapp.net/10.1.0.15)7bf5aaad-ce4d-4dcc-9fd5-6307881c1b43(fv-az462-54.0zuljvm5d0yedf4jva4xayy4gc.gx.internal.cloudapp.net/10.1.0.15), ReplicationConfig: EC/ECReplicationConfig{data=3, parity=2, ecChunkSize=1048576, codec=rs}, State:ALLOCATED, leaderId:, CreationTimestamp2023-01-26T20:30:42.689Z[Etc/UTC]] moved to OPEN state
2023-01-26 20:30:42,695 [OM StateMachine ApplyTransaction Thread - 0] INFO  key.OMKeyRequest (OMKeyRequest.java:wrapUncommittedBlocksAsPseudoKey(837)) - Detect allocated but uncommitted blocks [{blockID={containerID=11, localID=111677748019200072}, length=4194304, offset=0, token=null, pipeline=null, createVersion=0, partNumber=0}] in key object-dir/object-name1.
]]></system-out>
  </testcase>
  <testcase name="testListStatusWithIntermediateDirWithECEnabled" classname="TestOzoneFileSystem" time="0.021">
    <system-out><![CDATA[2023-01-26 20:31:37,290 [IPC Server handler 3 on default port 42307] INFO  pipeline.PipelineStateManagerImpl (PipelineStateManagerImpl.java:addPipeline(103)) - Created pipeline Pipeline[ Id: 33e0ca83-4bae-4d38-98d0-8647c0a6db25, Nodes: d4171a40-eb60-4a1e-8628-4f14234272fd(fv-az462-54.0zuljvm5d0yedf4jva4xayy4gc.gx.internal.cloudapp.net/10.1.0.15)bb346dc9-524c-4b81-8ec9-e7d714560812(fv-az462-54.0zuljvm5d0yedf4jva4xayy4gc.gx.internal.cloudapp.net/10.1.0.15)33ea618b-d9cc-459d-a0c4-e4ecfab2c991(fv-az462-54.0zuljvm5d0yedf4jva4xayy4gc.gx.internal.cloudapp.net/10.1.0.15)7e0f7051-7df6-4c7d-992e-efcf57e991e1(fv-az462-54.0zuljvm5d0yedf4jva4xayy4gc.gx.internal.cloudapp.net/10.1.0.15)f73d43d0-b19f-4135-8753-89f8dbf44938(fv-az462-54.0zuljvm5d0yedf4jva4xayy4gc.gx.internal.cloudapp.net/10.1.0.15), ReplicationConfig: EC/ECReplicationConfig{data=3, parity=2, ecChunkSize=1048576, codec=rs}, State:ALLOCATED, leaderId:, CreationTimestamp2023-01-26T20:31:37.290Z[Etc/UTC]].
2023-01-26 20:31:37,290 [IPC Server handler 3 on default port 42307] INFO  pipeline.PipelineManagerImpl (PipelineManagerImpl.java:openPipeline(367)) - Pipeline Pipeline[ Id: 33e0ca83-4bae-4d38-98d0-8647c0a6db25, Nodes: d4171a40-eb60-4a1e-8628-4f14234272fd(fv-az462-54.0zuljvm5d0yedf4jva4xayy4gc.gx.internal.cloudapp.net/10.1.0.15)bb346dc9-524c-4b81-8ec9-e7d714560812(fv-az462-54.0zuljvm5d0yedf4jva4xayy4gc.gx.internal.cloudapp.net/10.1.0.15)33ea618b-d9cc-459d-a0c4-e4ecfab2c991(fv-az462-54.0zuljvm5d0yedf4jva4xayy4gc.gx.internal.cloudapp.net/10.1.0.15)7e0f7051-7df6-4c7d-992e-efcf57e991e1(fv-az462-54.0zuljvm5d0yedf4jva4xayy4gc.gx.internal.cloudapp.net/10.1.0.15)f73d43d0-b19f-4135-8753-89f8dbf44938(fv-az462-54.0zuljvm5d0yedf4jva4xayy4gc.gx.internal.cloudapp.net/10.1.0.15), ReplicationConfig: EC/ECReplicationConfig{data=3, parity=2, ecChunkSize=1048576, codec=rs}, State:ALLOCATED, leaderId:, CreationTimestamp2023-01-26T20:31:37.290Z[Etc/UTC]] moved to OPEN state
2023-01-26 20:31:37,292 [IPC Server handler 13 on default port 37459] INFO  key.OMKeyRequest (OMKeyRequest.java:wrapUncommittedBlocksAsPseudoKey(837)) - Detect allocated but uncommitted blocks [{blockID={containerID=11, localID=111677748019200072}, length=4194304, offset=0, token=null, pipeline=null, createVersion=0, partNumber=0}] in key object-dir/object-name1.
]]></system-out>
  </testcase>
  <testcase name="testListStatusWithIntermediateDirWithECEnabled" classname="TestOzoneFileSystem" time="0.029">
    <system-out><![CDATA[2023-01-26 20:32:48,498 [IPC Server handler 6 on default port 35479] INFO  pipeline.PipelineStateManagerImpl (PipelineStateManagerImpl.java:addPipeline(103)) - Created pipeline Pipeline[ Id: 7740831a-08d7-430c-918f-ba2a0b92ab9e, Nodes: 40d8d262-8836-439b-84c4-75233c3da079(fv-az462-54.0zuljvm5d0yedf4jva4xayy4gc.gx.internal.cloudapp.net/10.1.0.15)33f1eb0e-c0cf-45d4-92c4-46358a3181ac(fv-az462-54.0zuljvm5d0yedf4jva4xayy4gc.gx.internal.cloudapp.net/10.1.0.15)8116f3ad-43fd-49d6-b38b-c9c4aa8410ec(fv-az462-54.0zuljvm5d0yedf4jva4xayy4gc.gx.internal.cloudapp.net/10.1.0.15)a7887d3a-ac12-44f2-81f3-1f33b720a94f(fv-az462-54.0zuljvm5d0yedf4jva4xayy4gc.gx.internal.cloudapp.net/10.1.0.15)06f84c71-7643-49a3-8309-2de556f4fabe(fv-az462-54.0zuljvm5d0yedf4jva4xayy4gc.gx.internal.cloudapp.net/10.1.0.15), ReplicationConfig: EC/ECReplicationConfig{data=3, parity=2, ecChunkSize=1048576, codec=rs}, State:ALLOCATED, leaderId:, CreationTimestamp2023-01-26T20:32:48.497Z[Etc/UTC]].
2023-01-26 20:32:48,498 [IPC Server handler 6 on default port 35479] INFO  pipeline.PipelineManagerImpl (PipelineManagerImpl.java:openPipeline(367)) - Pipeline Pipeline[ Id: 7740831a-08d7-430c-918f-ba2a0b92ab9e, Nodes: 40d8d262-8836-439b-84c4-75233c3da079(fv-az462-54.0zuljvm5d0yedf4jva4xayy4gc.gx.internal.cloudapp.net/10.1.0.15)33f1eb0e-c0cf-45d4-92c4-46358a3181ac(fv-az462-54.0zuljvm5d0yedf4jva4xayy4gc.gx.internal.cloudapp.net/10.1.0.15)8116f3ad-43fd-49d6-b38b-c9c4aa8410ec(fv-az462-54.0zuljvm5d0yedf4jva4xayy4gc.gx.internal.cloudapp.net/10.1.0.15)a7887d3a-ac12-44f2-81f3-1f33b720a94f(fv-az462-54.0zuljvm5d0yedf4jva4xayy4gc.gx.internal.cloudapp.net/10.1.0.15)06f84c71-7643-49a3-8309-2de556f4fabe(fv-az462-54.0zuljvm5d0yedf4jva4xayy4gc.gx.internal.cloudapp.net/10.1.0.15), ReplicationConfig: EC/ECReplicationConfig{data=3, parity=2, ecChunkSize=1048576, codec=rs}, State:ALLOCATED, leaderId:, CreationTimestamp2023-01-26T20:32:48.497Z[Etc/UTC]] moved to OPEN state
2023-01-26 20:32:48,501 [OM StateMachine ApplyTransaction Thread - 0] INFO  key.OMKeyRequest (OMKeyRequest.java:wrapUncommittedBlocksAsPseudoKey(837)) - Detect allocated but uncommitted blocks [{blockID={containerID=11, localID=111677748019200072}, length=4194304, offset=0, token=null, pipeline=null, createVersion=0, partNumber=0}] in key object-dir/object-name1.
]]></system-out>
  </testcase>
  <testcase name="testListStatusWithIntermediateDirWithECEnabled" classname="TestOzoneFileSystem" time="0.018">
    <system-out><![CDATA[2023-01-26 20:33:45,618 [IPC Server handler 1 on default port 34437] INFO  pipeline.PipelineStateManagerImpl (PipelineStateManagerImpl.java:addPipeline(103)) - Created pipeline Pipeline[ Id: 92b01a9e-ab59-4d16-8cd3-cd3754a75821, Nodes: e073a1c5-1734-4c1f-8e4b-400896f1077e(fv-az462-54.0zuljvm5d0yedf4jva4xayy4gc.gx.internal.cloudapp.net/10.1.0.15)1d22b7d2-31db-4af8-bf0c-5577da68ec36(fv-az462-54.0zuljvm5d0yedf4jva4xayy4gc.gx.internal.cloudapp.net/10.1.0.15)60a87c7d-8298-43e9-85a2-250658c19736(fv-az462-54.0zuljvm5d0yedf4jva4xayy4gc.gx.internal.cloudapp.net/10.1.0.15)ff5e38c1-f65b-484d-a220-edc435d5e866(fv-az462-54.0zuljvm5d0yedf4jva4xayy4gc.gx.internal.cloudapp.net/10.1.0.15)2950c1a1-45bf-4864-9732-08ad567daa78(fv-az462-54.0zuljvm5d0yedf4jva4xayy4gc.gx.internal.cloudapp.net/10.1.0.15), ReplicationConfig: EC/ECReplicationConfig{data=3, parity=2, ecChunkSize=1048576, codec=rs}, State:ALLOCATED, leaderId:, CreationTimestamp2023-01-26T20:33:45.618Z[Etc/UTC]].
2023-01-26 20:33:45,618 [IPC Server handler 1 on default port 34437] INFO  pipeline.PipelineManagerImpl (PipelineManagerImpl.java:openPipeline(367)) - Pipeline Pipeline[ Id: 92b01a9e-ab59-4d16-8cd3-cd3754a75821, Nodes: e073a1c5-1734-4c1f-8e4b-400896f1077e(fv-az462-54.0zuljvm5d0yedf4jva4xayy4gc.gx.internal.cloudapp.net/10.1.0.15)1d22b7d2-31db-4af8-bf0c-5577da68ec36(fv-az462-54.0zuljvm5d0yedf4jva4xayy4gc.gx.internal.cloudapp.net/10.1.0.15)60a87c7d-8298-43e9-85a2-250658c19736(fv-az462-54.0zuljvm5d0yedf4jva4xayy4gc.gx.internal.cloudapp.net/10.1.0.15)ff5e38c1-f65b-484d-a220-edc435d5e866(fv-az462-54.0zuljvm5d0yedf4jva4xayy4gc.gx.internal.cloudapp.net/10.1.0.15)2950c1a1-45bf-4864-9732-08ad567daa78(fv-az462-54.0zuljvm5d0yedf4jva4xayy4gc.gx.internal.cloudapp.net/10.1.0.15), ReplicationConfig: EC/ECReplicationConfig{data=3, parity=2, ecChunkSize=1048576, codec=rs}, State:ALLOCATED, leaderId:, CreationTimestamp2023-01-26T20:33:45.618Z[Etc/UTC]] moved to OPEN state
2023-01-26 20:33:45,620 [IPC Server handler 7 on default port 35105] INFO  key.OMKeyRequest (OMKeyRequest.java:wrapUncommittedBlocksAsPseudoKey(837)) - Detect allocated but uncommitted blocks [{blockID={containerID=11, localID=111677748019200072}, length=4194304, offset=0, token=null, pipeline=null, createVersion=0, partNumber=0}] in key object-dir/object-name1.
]]></system-out>
  </testcase>
  <testcase name="testMakeDirsWithAnExistingDirectoryPath" classname="TestOzoneFileSystem" time="0.022">
    <system-out><![CDATA[2023-01-26 20:30:42,724 [OM StateMachine ApplyTransaction Thread - 0] INFO  key.OMKeyRequest (OMKeyRequest.java:wrapUncommittedBlocksAsPseudoKey(837)) - Detect allocated but uncommitted blocks [{blockID={containerID=1, localID=111677748019200073}, length=4194304, offset=0, token=null, pipeline=null, createVersion=0, partNumber=0}] in key d1/d2/d3/d4/key1.
]]></system-out>
  </testcase>
  <testcase name="testMakeDirsWithAnExistingDirectoryPath" classname="TestOzoneFileSystem" time="0.016">
    <system-out><![CDATA[2023-01-26 20:31:37,313 [IPC Server handler 3 on default port 37459] INFO  key.OMKeyRequest (OMKeyRequest.java:wrapUncommittedBlocksAsPseudoKey(837)) - Detect allocated but uncommitted blocks [{blockID={containerID=1, localID=111677748019200073}, length=4194304, offset=0, token=null, pipeline=null, createVersion=0, partNumber=0}] in key d1/d2/d3/d4/key1.
]]></system-out>
  </testcase>
  <testcase name="testMakeDirsWithAnExistingDirectoryPath" classname="TestOzoneFileSystem" time="0.015">
    <system-out><![CDATA[2023-01-26 20:32:48,521 [OM StateMachine ApplyTransaction Thread - 0] INFO  key.OMKeyRequest (OMKeyRequest.java:wrapUncommittedBlocksAsPseudoKey(837)) - Detect allocated but uncommitted blocks [{blockID={containerID=6, localID=111677748019200073}, length=4194304, offset=0, token=null, pipeline=null, createVersion=0, partNumber=0}] in key d1/d2/d3/d4/key1.
]]></system-out>
  </testcase>
  <testcase name="testMakeDirsWithAnExistingDirectoryPath" classname="TestOzoneFileSystem" time="0.013">
    <system-out><![CDATA[2023-01-26 20:33:45,637 [IPC Server handler 16 on default port 35105] INFO  key.OMKeyRequest (OMKeyRequest.java:wrapUncommittedBlocksAsPseudoKey(837)) - Detect allocated but uncommitted blocks [{blockID={containerID=1, localID=111677748019200073}, length=4194304, offset=0, token=null, pipeline=null, createVersion=0, partNumber=0}] in key d1/d2/d3/d4/key1.
]]></system-out>
  </testcase>
</testsuite>