<?xml version="1.0" encoding="UTF-8"?>
<testsuite xmlns:xsi="http://www.w3.org/2001/XMLSchema-instance" xsi:noNamespaceSchemaLocation="https://maven.apache.org/surefire/maven-surefire-plugin/xsd/surefire-test-report.xsd" name="org.apache.hadoop.hdds.scm.pipeline.TestSCMRestart" time="37.012" tests="1" errors="0" skipped="0" failures="1">
  <properties>
    <property name="awt.toolkit" value="sun.awt.X11.XToolkit"/>
    <property name="file.encoding.pkg" value="sun.io"/>
    <property name="java.specification.version" value="1.8"/>
    <property name="sun.cpu.isalist" value=""/>
    <property name="sun.jnu.encoding" value="ANSI_X3.4-1968"/>
    <property name="java.class.path" value="/github/workspace/mnt/ozone/hadoop-ozone/integration-test/target/test-classes:/github/workspace/mnt/ozone/hadoop-ozone/integration-test/target/classes:/home/user/.m2/repository/org/apache/hadoop/hadoop-ozone-common/1.1.0-SNAPSHOT/hadoop-ozone-common-1.1.0-SNAPSHOT.jar:/home/user/.m2/repository/org/apache/commons/commons-compress/1.4.1/commons-compress-1.4.1.jar:/home/user/.m2/repository/org/tukaani/xz/1.0/xz-1.0.jar:/home/user/.m2/repository/org/apache/hadoop/hadoop-hdds-common/1.1.0-SNAPSHOT/hadoop-hdds-common-1.1.0-SNAPSHOT.jar:/home/user/.m2/repository/org/apache/hadoop/hadoop-hdds-client/1.1.0-SNAPSHOT/hadoop-hdds-client-1.1.0-SNAPSHOT.jar:/home/user/.m2/repository/org/apache/hadoop/hadoop-ozone-interface-client/1.1.0-SNAPSHOT/hadoop-ozone-interface-client-1.1.0-SNAPSHOT.jar:/home/user/.m2/repository/org/apache/hadoop/hadoop-hdds-test-utils/1.1.0-SNAPSHOT/hadoop-hdds-test-utils-1.1.0-SNAPSHOT.jar:/home/user/.m2/repository/com/google/guava/guava/28.2-jre/guava-28.2-jre.jar:/home/user/.m2/repository/com/google/guava/failureaccess/1.0.1/failureaccess-1.0.1.jar:/home/user/.m2/repository/com/google/guava/listenablefuture/9999.0-empty-to-avoid-conflict-with-guava/listenablefuture-9999.0-empty-to-avoid-conflict-with-guava.jar:/home/user/.m2/repository/com/google/code/findbugs/jsr305/3.0.0/jsr305-3.0.0.jar:/home/user/.m2/repository/org/checkerframework/checker-qual/2.10.0/checker-qual-2.10.0.jar:/home/user/.m2/repository/com/google/errorprone/error_prone_annotations/2.2.0/error_prone_annotations-2.2.0.jar:/home/user/.m2/repository/com/google/j2objc/j2objc-annotations/1.3/j2objc-annotations-1.3.jar:/home/user/.m2/repository/commons-io/commons-io/2.5/commons-io-2.5.jar:/home/user/.m2/repository/commons-logging/commons-logging/1.2/commons-logging-1.2.jar:/home/user/.m2/repository/log4j/log4j/1.2.17/log4j-1.2.17.jar:/home/user/.m2/repository/org/slf4j/slf4j-api/1.7.30/slf4j-api-1.7.30.jar:/home/user/.m2/repository/org/apache/hadoop/hadoop-hdds-server-scm/1.1.0-SNAPSHOT/hadoop-hdds-server-scm-1.1.0-SNAPSHOT.jar:/home/user/.m2/repository/org/apache/hadoop/hadoop-hdds-container-service/1.1.0-SNAPSHOT/hadoop-hdds-container-service-1.1.0-SNAPSHOT.jar:/home/user/.m2/repository/org/apache/hadoop/hadoop-hdds-hadoop-dependency-server/1.1.0-SNAPSHOT/hadoop-hdds-hadoop-dependency-server-1.1.0-SNAPSHOT.jar:/home/user/.m2/repository/org/apache/hadoop/hadoop-hdfs/3.2.1/hadoop-hdfs-3.2.1.jar:/home/user/.m2/repository/org/apache/hadoop/hadoop-hdds-server-framework/1.1.0-SNAPSHOT/hadoop-hdds-server-framework-1.1.0-SNAPSHOT.jar:/home/user/.m2/repository/org/apache/hadoop/hadoop-hdds-interface-server/1.1.0-SNAPSHOT/hadoop-hdds-interface-server-1.1.0-SNAPSHOT.jar:/home/user/.m2/repository/org/apache/hadoop/hadoop-hdds-interface-admin/1.1.0-SNAPSHOT/hadoop-hdds-interface-admin-1.1.0-SNAPSHOT.jar:/home/user/.m2/repository/org/eclipse/jetty/jetty-servlet/9.4.34.v20201102/jetty-servlet-9.4.34.v20201102.jar:/home/user/.m2/repository/org/eclipse/jetty/jetty-security/9.4.34.v20201102/jetty-security-9.4.34.v20201102.jar:/home/user/.m2/repository/org/rocksdb/rocksdbjni/6.8.1/rocksdbjni-6.8.1.jar:/home/user/.m2/repository/io/prometheus/simpleclient_dropwizard/0.7.0/simpleclient_dropwizard-0.7.0.jar:/home/user/.m2/repository/io/prometheus/simpleclient/0.7.0/simpleclient-0.7.0.jar:/home/user/.m2/repository/io/prometheus/simpleclient_common/0.7.0/simpleclient_common-0.7.0.jar:/home/user/.m2/repository/com/fasterxml/jackson/datatype/jackson-datatype-jsr310/2.10.3/jackson-datatype-jsr310-2.10.3.jar:/home/user/.m2/repository/io/dropwizard/metrics/metrics-core/3.2.4/metrics-core-3.2.4.jar:/home/user/.m2/repository/org/apache/hadoop/hadoop-hdfs-client/3.2.1/hadoop-hdfs-client-3.2.1.jar:/home/user/.m2/repository/org/bouncycastle/bcprov-jdk15on/1.67/bcprov-jdk15on-1.67.jar:/home/user/.m2/repository/org/apache/hadoop/hadoop-ozone-ozone-manager/1.1.0-SNAPSHOT/hadoop-ozone-ozone-manager-1.1.0-SNAPSHOT.jar:/home/user/.m2/repository/org/apache/hadoop/hadoop-hdds-interface-client/1.1.0-SNAPSHOT/hadoop-hdds-interface-client-1.1.0-SNAPSHOT.jar:/home/user/.m2/repository/org/apache/ratis/ratis-thirdparty-misc/0.6.0-SNAPSHOT/ratis-thirdparty-misc-0.6.0-SNAPSHOT.jar:/home/user/.m2/repository/org/apache/hadoop/hadoop-ozone-interface-storage/1.1.0-SNAPSHOT/hadoop-ozone-interface-storage-1.1.0-SNAPSHOT.jar:/home/user/.m2/repository/org/apache/hadoop/hadoop-minikdc/3.2.1/hadoop-minikdc-3.2.1.jar:/home/user/.m2/repository/org/apache/kerby/kerb-simplekdc/1.0.1/kerb-simplekdc-1.0.1.jar:/home/user/.m2/repository/org/apache/kerby/kerb-client/1.0.1/kerb-client-1.0.1.jar:/home/user/.m2/repository/org/apache/kerby/kerby-config/1.0.1/kerby-config-1.0.1.jar:/home/user/.m2/repository/org/apache/kerby/kerb-core/1.0.1/kerb-core-1.0.1.jar:/home/user/.m2/repository/org/apache/kerby/kerby-pkix/1.0.1/kerby-pkix-1.0.1.jar:/home/user/.m2/repository/org/apache/kerby/kerby-asn1/1.0.1/kerby-asn1-1.0.1.jar:/home/user/.m2/repository/org/apache/kerby/kerby-util/1.0.1/kerby-util-1.0.1.jar:/home/user/.m2/repository/org/apache/kerby/kerb-common/1.0.1/kerb-common-1.0.1.jar:/home/user/.m2/repository/org/apache/kerby/kerb-crypto/1.0.1/kerb-crypto-1.0.1.jar:/home/user/.m2/repository/org/apache/kerby/kerb-util/1.0.1/kerb-util-1.0.1.jar:/home/user/.m2/repository/org/apache/kerby/token-provider/1.0.1/token-provider-1.0.1.jar:/home/user/.m2/repository/org/apache/kerby/kerb-admin/1.0.1/kerb-admin-1.0.1.jar:/home/user/.m2/repository/org/apache/kerby/kerb-server/1.0.1/kerb-server-1.0.1.jar:/home/user/.m2/repository/org/apache/kerby/kerb-identity/1.0.1/kerb-identity-1.0.1.jar:/home/user/.m2/repository/org/apache/kerby/kerby-xdr/1.0.1/kerby-xdr-1.0.1.jar:/home/user/.m2/repository/org/slf4j/slf4j-log4j12/1.7.30/slf4j-log4j12-1.7.30.jar:/home/user/.m2/repository/org/apache/hadoop/hadoop-ozone-s3gateway/1.1.0-SNAPSHOT/hadoop-ozone-s3gateway-1.1.0-SNAPSHOT.jar:/home/user/.m2/repository/org/jboss/weld/servlet/weld-servlet/2.4.7.Final/weld-servlet-2.4.7.Final.jar:/home/user/.m2/repository/org/glassfish/jersey/containers/jersey-container-servlet-core/2.27/jersey-container-servlet-core-2.27.jar:/home/user/.m2/repository/org/glassfish/hk2/external/javax.inject/2.5.0-b42/javax.inject-2.5.0-b42.jar:/home/user/.m2/repository/org/glassfish/jersey/core/jersey-common/2.27/jersey-common-2.27.jar:/home/user/.m2/repository/org/glassfish/hk2/osgi-resource-locator/1.0.1/osgi-resource-locator-1.0.1.jar:/home/user/.m2/repository/javax/ws/rs/javax.ws.rs-api/2.1/javax.ws.rs-api-2.1.jar:/home/user/.m2/repository/org/glassfish/jersey/ext/cdi/jersey-cdi1x/2.27/jersey-cdi1x-2.27.jar:/home/user/.m2/repository/org/glassfish/jersey/inject/jersey-hk2/2.27/jersey-hk2-2.27.jar:/home/user/.m2/repository/org/glassfish/hk2/hk2-locator/2.5.0-b42/hk2-locator-2.5.0-b42.jar:/home/user/.m2/repository/org/javassist/javassist/3.22.0-CR2/javassist-3.22.0-CR2.jar:/home/user/.m2/repository/org/glassfish/hk2/hk2-api/2.5.0/hk2-api-2.5.0.jar:/home/user/.m2/repository/org/glassfish/hk2/external/jakarta.inject/2.5.0/jakarta.inject-2.5.0.jar:/home/user/.m2/repository/org/glassfish/hk2/hk2-utils/2.5.0/hk2-utils-2.5.0.jar:/home/user/.m2/repository/jakarta/annotation/jakarta.annotation-api/1.3.4/jakarta.annotation-api-1.3.4.jar:/home/user/.m2/repository/org/glassfish/hk2/external/aopalliance-repackaged/2.5.0/aopalliance-repackaged-2.5.0.jar:/home/user/.m2/repository/com/fasterxml/jackson/dataformat/jackson-dataformat-xml/2.10.3/jackson-dataformat-xml-2.10.3.jar:/home/user/.m2/repository/com/fasterxml/jackson/core/jackson-core/2.10.3/jackson-core-2.10.3.jar:/home/user/.m2/repository/com/fasterxml/jackson/module/jackson-module-jaxb-annotations/2.10.3/jackson-module-jaxb-annotations-2.10.3.jar:/home/user/.m2/repository/jakarta/xml/bind/jakarta.xml.bind-api/2.3.2/jakarta.xml.bind-api-2.3.2.jar:/home/user/.m2/repository/jakarta/activation/jakarta.activation-api/1.2.1/jakarta.activation-api-1.2.1.jar:/home/user/.m2/repository/org/codehaus/woodstox/stax2-api/3.1.4/stax2-api-3.1.4.jar:/home/user/.m2/repository/com/fasterxml/woodstox/woodstox-core/5.0.3/woodstox-core-5.0.3.jar:/home/user/.m2/repository/javax/enterprise/cdi-api/1.2/cdi-api-1.2.jar:/home/user/.m2/repository/javax/el/javax.el-api/3.0.0/javax.el-api-3.0.0.jar:/home/user/.m2/repository/javax/interceptor/javax.interceptor-api/1.2/javax.interceptor-api-1.2.jar:/home/user/.m2/repository/javax/inject/javax.inject/1/javax.inject-1.jar:/home/user/.m2/repository/com/sun/xml/bind/jaxb-impl/2.3.0.1/jaxb-impl-2.3.0.1.jar:/home/user/.m2/repository/com/sun/xml/bind/jaxb-core/2.3.0.1/jaxb-core-2.3.0.1.jar:/home/user/.m2/repository/javax/xml/bind/jaxb-api/2.3.0/jaxb-api-2.3.0.jar:/home/user/.m2/repository/javax/activation/activation/1.1.1/activation-1.1.1.jar:/home/user/.m2/repository/org/apache/hadoop/hadoop-ozone-csi/1.1.0-SNAPSHOT/hadoop-ozone-csi-1.1.0-SNAPSHOT.jar:/home/user/.m2/repository/com/google/protobuf/protobuf-java-util/3.11.0/protobuf-java-util-3.11.0.jar:/home/user/.m2/repository/com/google/code/gson/gson/2.2.4/gson-2.2.4.jar:/home/user/.m2/repository/org/apache/hadoop/hadoop-hdds-config/1.1.0-SNAPSHOT/hadoop-hdds-config-1.1.0-SNAPSHOT.jar:/home/user/.m2/repository/com/google/protobuf/protobuf-java/2.5.0/protobuf-java-2.5.0.jar:/home/user/.m2/repository/io/grpc/grpc-netty/1.29.0/grpc-netty-1.29.0.jar:/home/user/.m2/repository/io/grpc/grpc-core/1.29.0/grpc-core-1.29.0.jar:/home/user/.m2/repository/com/google/android/annotations/4.1.1.4/annotations-4.1.1.4.jar:/home/user/.m2/repository/io/perfmark/perfmark-api/0.19.0/perfmark-api-0.19.0.jar:/home/user/.m2/repository/io/netty/netty-codec-http2/4.1.48.Final/netty-codec-http2-4.1.48.Final.jar:/home/user/.m2/repository/io/netty/netty-codec/4.1.48.Final/netty-codec-4.1.48.Final.jar:/home/user/.m2/repository/io/netty/netty-handler/4.1.48.Final/netty-handler-4.1.48.Final.jar:/home/user/.m2/repository/io/netty/netty-codec-http/4.1.48.Final/netty-codec-http-4.1.48.Final.jar:/home/user/.m2/repository/io/netty/netty-handler-proxy/4.1.48.Final/netty-handler-proxy-4.1.48.Final.jar:/home/user/.m2/repository/io/netty/netty-codec-socks/4.1.48.Final/netty-codec-socks-4.1.48.Final.jar:/home/user/.m2/repository/io/netty/netty-transport-native-epoll/4.1.48.Final/netty-transport-native-epoll-4.1.48.Final.jar:/home/user/.m2/repository/io/netty/netty-common/4.1.48.Final/netty-common-4.1.48.Final.jar:/home/user/.m2/repository/io/netty/netty-buffer/4.1.48.Final/netty-buffer-4.1.48.Final.jar:/home/user/.m2/repository/io/netty/netty-transport/4.1.48.Final/netty-transport-4.1.48.Final.jar:/home/user/.m2/repository/io/netty/netty-resolver/4.1.48.Final/netty-resolver-4.1.48.Final.jar:/home/user/.m2/repository/io/netty/netty-transport-native-unix-common/4.1.48.Final/netty-transport-native-unix-common-4.1.48.Final.jar:/home/user/.m2/repository/io/grpc/grpc-protobuf/1.29.0/grpc-protobuf-1.29.0.jar:/home/user/.m2/repository/io/grpc/grpc-api/1.29.0/grpc-api-1.29.0.jar:/home/user/.m2/repository/io/grpc/grpc-context/1.29.0/grpc-context-1.29.0.jar:/home/user/.m2/repository/org/codehaus/mojo/animal-sniffer-annotations/1.18/animal-sniffer-annotations-1.18.jar:/home/user/.m2/repository/com/google/api/grpc/proto-google-common-protos/1.17.0/proto-google-common-protos-1.17.0.jar:/home/user/.m2/repository/io/grpc/grpc-protobuf-lite/1.29.0/grpc-protobuf-lite-1.29.0.jar:/home/user/.m2/repository/io/grpc/grpc-stub/1.29.0/grpc-stub-1.29.0.jar:/home/user/.m2/repository/org/apache/hadoop/hadoop-ozone-recon/1.1.0-SNAPSHOT/hadoop-ozone-recon-1.1.0-SNAPSHOT.jar:/home/user/.m2/repository/org/apache/hadoop/hadoop-ozone-reconcodegen/1.1.0-SNAPSHOT/hadoop-ozone-reconcodegen-1.1.0-SNAPSHOT.jar:/home/user/.m2/repository/com/google/inject/extensions/guice-multibindings/4.0/guice-multibindings-4.0.jar:/home/user/.m2/repository/com/google/inject/guice/4.0/guice-4.0.jar:/home/user/.m2/repository/aopalliance/aopalliance/1.0/aopalliance-1.0.jar:/home/user/.m2/repository/com/google/inject/extensions/guice-assistedinject/4.0/guice-assistedinject-4.0.jar:/home/user/.m2/repository/com/google/inject/extensions/guice-servlet/4.0/guice-servlet-4.0.jar:/home/user/.m2/repository/org/glassfish/jersey/containers/jersey-container-servlet/2.27/jersey-container-servlet-2.27.jar:/home/user/.m2/repository/org/glassfish/hk2/guice-bridge/2.5.0/guice-bridge-2.5.0.jar:/home/user/.m2/repository/org/glassfish/jersey/core/jersey-server/2.27/jersey-server-2.27.jar:/home/user/.m2/repository/org/glassfish/jersey/core/jersey-client/2.27/jersey-client-2.27.jar:/home/user/.m2/repository/org/glassfish/jersey/media/jersey-media-jaxb/2.27/jersey-media-jaxb-2.27.jar:/home/user/.m2/repository/javax/validation/validation-api/1.1.0.Final/validation-api-1.1.0.Final.jar:/home/user/.m2/repository/org/glassfish/jersey/media/jersey-media-json-jackson/2.27/jersey-media-json-jackson-2.27.jar:/home/user/.m2/repository/org/glassfish/jersey/ext/jersey-entity-filtering/2.27/jersey-entity-filtering-2.27.jar:/home/user/.m2/repository/org/jooq/jooq/3.11.10/jooq-3.11.10.jar:/home/user/.m2/repository/org/jooq/jooq-meta/3.11.10/jooq-meta-3.11.10.jar:/home/user/.m2/repository/org/jooq/jooq-codegen/3.11.10/jooq-codegen-3.11.10.jar:/home/user/.m2/repository/com/jolbox/bonecp/0.8.0.RELEASE/bonecp-0.8.0.RELEASE.jar:/home/user/.m2/repository/org/apache/derby/derby/10.14.2.0/derby-10.14.2.0.jar:/home/user/.m2/repository/org/xerial/sqlite-jdbc/3.25.2/sqlite-jdbc-3.25.2.jar:/home/user/.m2/repository/org/springframework/spring-jdbc/5.2.11.RELEASE/spring-jdbc-5.2.11.RELEASE.jar:/home/user/.m2/repository/org/springframework/spring-beans/5.2.11.RELEASE/spring-beans-5.2.11.RELEASE.jar:/home/user/.m2/repository/org/springframework/spring-core/5.2.11.RELEASE/spring-core-5.2.11.RELEASE.jar:/home/user/.m2/repository/org/springframework/spring-jcl/5.2.11.RELEASE/spring-jcl-5.2.11.RELEASE.jar:/home/user/.m2/repository/org/springframework/spring-tx/5.2.11.RELEASE/spring-tx-5.2.11.RELEASE.jar:/home/user/.m2/repository/org/apache/hadoop/hadoop-ozone-client/1.1.0-SNAPSHOT/hadoop-ozone-client-1.1.0-SNAPSHOT.jar:/home/user/.m2/repository/org/apache/hadoop/hadoop-ozone-filesystem/1.1.0-SNAPSHOT/hadoop-ozone-filesystem-1.1.0-SNAPSHOT.jar:/home/user/.m2/repository/org/apache/hadoop/hadoop-ozone-filesystem-common/1.1.0-SNAPSHOT/hadoop-ozone-filesystem-common-1.1.0-SNAPSHOT.jar:/home/user/.m2/repository/org/apache/hadoop/hadoop-ozone-tools/1.1.0-SNAPSHOT/hadoop-ozone-tools-1.1.0-SNAPSHOT.jar:/home/user/.m2/repository/org/apache/ratis/ratis-tools/1.1.0-35f17fa-SNAPSHOT/ratis-tools-1.1.0-35f17fa-SNAPSHOT.jar:/home/user/.m2/repository/org/apache/ratis/ratis-proto/1.1.0-35f17fa-SNAPSHOT/ratis-proto-1.1.0-35f17fa-SNAPSHOT.jar:/home/user/.m2/repository/org/apache/ratis/ratis-common/1.1.0-35f17fa-SNAPSHOT/ratis-common-1.1.0-35f17fa-SNAPSHOT.jar:/home/user/.m2/repository/com/amazonaws/aws-java-sdk-core/1.11.901/aws-java-sdk-core-1.11.901.jar:/home/user/.m2/repository/org/apache/httpcomponents/httpclient/4.5.13/httpclient-4.5.13.jar:/home/user/.m2/repository/org/apache/httpcomponents/httpcore/4.4.13/httpcore-4.4.13.jar:/home/user/.m2/repository/software/amazon/ion/ion-java/1.0.2/ion-java-1.0.2.jar:/home/user/.m2/repository/com/fasterxml/jackson/dataformat/jackson-dataformat-cbor/2.10.3/jackson-dataformat-cbor-2.10.3.jar:/home/user/.m2/repository/joda-time/joda-time/2.8.1/joda-time-2.8.1.jar:/home/user/.m2/repository/com/amazonaws/aws-java-sdk-s3/1.11.901/aws-java-sdk-s3-1.11.901.jar:/home/user/.m2/repository/com/amazonaws/aws-java-sdk-kms/1.11.901/aws-java-sdk-kms-1.11.901.jar:/home/user/.m2/repository/com/amazonaws/jmespath-java/1.11.901/jmespath-java-1.11.901.jar:/home/user/.m2/repository/org/kohsuke/metainf-services/metainf-services/1.8/metainf-services-1.8.jar:/home/user/.m2/repository/org/apache/hadoop/hadoop-hdds-tools/1.1.0-SNAPSHOT/hadoop-hdds-tools-1.1.0-SNAPSHOT.jar:/home/user/.m2/repository/commons-cli/commons-cli/1.2/commons-cli-1.2.jar:/home/user/.m2/repository/org/apache/commons/commons-lang3/3.7/commons-lang3-3.7.jar:/home/user/.m2/repository/org/apache/hadoop/hadoop-ozone-ozone-manager/1.1.0-SNAPSHOT/hadoop-ozone-ozone-manager-1.1.0-SNAPSHOT-tests.jar:/home/user/.m2/repository/org/apache/hadoop/hadoop-hdds-common/1.1.0-SNAPSHOT/hadoop-hdds-common-1.1.0-SNAPSHOT-tests.jar:/home/user/.m2/repository/org/apache/hadoop/hadoop-hdds-hadoop-dependency-client/1.1.0-SNAPSHOT/hadoop-hdds-hadoop-dependency-client-1.1.0-SNAPSHOT.jar:/home/user/.m2/repository/info/picocli/picocli/4.4.0/picocli-4.4.0.jar:/home/user/.m2/repository/com/fasterxml/jackson/core/jackson-annotations/2.10.3/jackson-annotations-2.10.3.jar:/home/user/.m2/repository/javax/annotation/javax.annotation-api/1.2/javax.annotation-api-1.2.jar:/home/user/.m2/repository/org/fusesource/leveldbjni/leveldbjni-all/1.8/leveldbjni-all-1.8.jar:/home/user/.m2/repository/org/apache/ratis/ratis-server/1.1.0-35f17fa-SNAPSHOT/ratis-server-1.1.0-35f17fa-SNAPSHOT.jar:/home/user/.m2/repository/org/apache/ratis/ratis-client/1.1.0-35f17fa-SNAPSHOT/ratis-client-1.1.0-35f17fa-SNAPSHOT.jar:/home/user/.m2/repository/org/apache/ratis/ratis-server-api/1.1.0-35f17fa-SNAPSHOT/ratis-server-api-1.1.0-35f17fa-SNAPSHOT.jar:/home/user/.m2/repository/org/apache/ratis/ratis-metrics/1.1.0-35f17fa-SNAPSHOT/ratis-metrics-1.1.0-35f17fa-SNAPSHOT.jar:/home/user/.m2/repository/org/apache/ratis/ratis-netty/1.1.0-35f17fa-SNAPSHOT/ratis-netty-1.1.0-35f17fa-SNAPSHOT.jar:/home/user/.m2/repository/org/apache/ratis/ratis-grpc/1.1.0-35f17fa-SNAPSHOT/ratis-grpc-1.1.0-35f17fa-SNAPSHOT.jar:/home/user/.m2/repository/org/apache/logging/log4j/log4j-api/2.13.3/log4j-api-2.13.3.jar:/home/user/.m2/repository/org/apache/logging/log4j/log4j-core/2.13.3/log4j-core-2.13.3.jar:/home/user/.m2/repository/com/lmax/disruptor/3.4.2/disruptor-3.4.2.jar:/home/user/.m2/repository/org/apache/commons/commons-pool2/2.6.0/commons-pool2-2.6.0.jar:/home/user/.m2/repository/org/bouncycastle/bcpkix-jdk15on/1.67/bcpkix-jdk15on-1.67.jar:/home/user/.m2/repository/commons-validator/commons-validator/1.6/commons-validator-1.6.jar:/home/user/.m2/repository/commons-beanutils/commons-beanutils/1.9.4/commons-beanutils-1.9.4.jar:/home/user/.m2/repository/commons-digester/commons-digester/1.8.1/commons-digester-1.8.1.jar:/home/user/.m2/repository/commons-collections/commons-collections/3.2.2/commons-collections-3.2.2.jar:/home/user/.m2/repository/io/jaegertracing/jaeger-client/1.2.0/jaeger-client-1.2.0.jar:/home/user/.m2/repository/io/jaegertracing/jaeger-thrift/1.2.0/jaeger-thrift-1.2.0.jar:/home/user/.m2/repository/org/apache/thrift/libthrift/0.13.0/libthrift-0.13.0.jar:/home/user/.m2/repository/com/squareup/okhttp3/okhttp/4.2.2/okhttp-4.2.2.jar:/home/user/.m2/repository/com/squareup/okio/okio/2.2.2/okio-2.2.2.jar:/home/user/.m2/repository/org/jetbrains/kotlin/kotlin-stdlib/1.3.50/kotlin-stdlib-1.3.50.jar:/home/user/.m2/repository/org/jetbrains/kotlin/kotlin-stdlib-common/1.3.50/kotlin-stdlib-common-1.3.50.jar:/home/user/.m2/repository/org/jetbrains/annotations/13.0/annotations-13.0.jar:/home/user/.m2/repository/io/jaegertracing/jaeger-core/1.2.0/jaeger-core-1.2.0.jar:/home/user/.m2/repository/io/jaegertracing/jaeger-tracerresolver/1.2.0/jaeger-tracerresolver-1.2.0.jar:/home/user/.m2/repository/io/opentracing/contrib/opentracing-tracerresolver/0.1.8/opentracing-tracerresolver-0.1.8.jar:/home/user/.m2/repository/io/opentracing/opentracing-util/0.33.0/opentracing-util-0.33.0.jar:/home/user/.m2/repository/io/opentracing/opentracing-api/0.33.0/opentracing-api-0.33.0.jar:/home/user/.m2/repository/io/opentracing/opentracing-noop/0.33.0/opentracing-noop-0.33.0.jar:/home/user/.m2/repository/org/yaml/snakeyaml/1.26/snakeyaml-1.26.jar:/home/user/.m2/repository/junit/junit/4.11/junit-4.11.jar:/home/user/.m2/repository/org/hamcrest/hamcrest-core/1.3/hamcrest-core-1.3.jar:/home/user/.m2/repository/org/openjdk/jmh/jmh-core/1.19/jmh-core-1.19.jar:/home/user/.m2/repository/net/sf/jopt-simple/jopt-simple/4.6/jopt-simple-4.6.jar:/home/user/.m2/repository/org/apache/commons/commons-math3/3.1.1/commons-math3-3.1.1.jar:/home/user/.m2/repository/org/openjdk/jmh/jmh-generator-annprocess/1.19/jmh-generator-annprocess-1.19.jar:/home/user/.m2/repository/org/mockito/mockito-all/1.8.5/mockito-all-1.8.5.jar:/home/user/.m2/repository/org/apache/hadoop/hadoop-kms/3.2.1/hadoop-kms-3.2.1.jar:/home/user/.m2/repository/org/apache/hadoop/hadoop-auth/3.2.1/hadoop-auth-3.2.1.jar:/home/user/.m2/repository/com/nimbusds/nimbus-jose-jwt/7.9/nimbus-jose-jwt-7.9.jar:/home/user/.m2/repository/com/github/stephenc/jcip/jcip-annotations/1.0-1/jcip-annotations-1.0-1.jar:/home/user/.m2/repository/net/minidev/json-smart/2.3/json-smart-2.3.jar:/home/user/.m2/repository/net/minidev/accessors-smart/1.2/accessors-smart-1.2.jar:/home/user/.m2/repository/org/ow2/asm/asm/5.0.4/asm-5.0.4.jar:/home/user/.m2/repository/org/apache/zookeeper/zookeeper/3.4.13/zookeeper-3.4.13.jar:/home/user/.m2/repository/org/apache/yetus/audience-annotations/0.5.0/audience-annotations-0.5.0.jar:/home/user/.m2/repository/org/apache/curator/curator-framework/2.13.0/curator-framework-2.13.0.jar:/home/user/.m2/repository/com/sun/jersey/jersey-core/1.19/jersey-core-1.19.jar:/home/user/.m2/repository/javax/ws/rs/jsr311-api/1.1.1/jsr311-api-1.1.1.jar:/home/user/.m2/repository/com/sun/jersey/jersey-server/1.19/jersey-server-1.19.jar:/home/user/.m2/repository/javax/servlet/javax.servlet-api/3.1.0/javax.servlet-api-3.1.0.jar:/home/user/.m2/repository/org/eclipse/jetty/jetty-server/9.4.34.v20201102/jetty-server-9.4.34.v20201102.jar:/home/user/.m2/repository/org/eclipse/jetty/jetty-http/9.4.34.v20201102/jetty-http-9.4.34.v20201102.jar:/home/user/.m2/repository/org/eclipse/jetty/jetty-io/9.4.34.v20201102/jetty-io-9.4.34.v20201102.jar:/home/user/.m2/repository/org/eclipse/jetty/jetty-webapp/9.4.34.v20201102/jetty-webapp-9.4.34.v20201102.jar:/home/user/.m2/repository/org/eclipse/jetty/jetty-xml/9.4.34.v20201102/jetty-xml-9.4.34.v20201102.jar:/home/user/.m2/repository/org/apache/hadoop/hadoop-common/3.2.1/hadoop-common-3.2.1.jar:/home/user/.m2/repository/commons-net/commons-net/3.6/commons-net-3.6.jar:/home/user/.m2/repository/com/sun/jersey/jersey-servlet/1.19/jersey-servlet-1.19.jar:/home/user/.m2/repository/com/sun/jersey/jersey-json/1.19/jersey-json-1.19.jar:/home/user/.m2/repository/org/codehaus/jettison/jettison/1.1/jettison-1.1.jar:/home/user/.m2/repository/org/codehaus/jackson/jackson-jaxrs/1.9.2/jackson-jaxrs-1.9.2.jar:/home/user/.m2/repository/org/codehaus/jackson/jackson-xc/1.9.2/jackson-xc-1.9.2.jar:/home/user/.m2/repository/org/apache/commons/commons-configuration2/2.1.1/commons-configuration2-2.1.1.jar:/home/user/.m2/repository/org/apache/commons/commons-text/1.4/commons-text-1.4.jar:/home/user/.m2/repository/com/google/re2j/re2j/1.1/re2j-1.1.jar:/home/user/.m2/repository/com/jcraft/jsch/0.1.54/jsch-0.1.54.jar:/home/user/.m2/repository/org/apache/curator/curator-client/2.13.0/curator-client-2.13.0.jar:/home/user/.m2/repository/org/apache/curator/curator-recipes/2.13.0/curator-recipes-2.13.0.jar:/home/user/.m2/repository/dnsjava/dnsjava/2.1.7/dnsjava-2.1.7.jar:/home/user/.m2/repository/org/slf4j/jul-to-slf4j/1.7.30/jul-to-slf4j-1.7.30.jar:/home/user/.m2/repository/org/eclipse/jetty/jetty-util/9.4.34.v20201102/jetty-util-9.4.34.v20201102.jar:/home/user/.m2/repository/com/fasterxml/jackson/core/jackson-databind/2.10.3/jackson-databind-2.10.3.jar:/home/user/.m2/repository/org/apache/hadoop/hadoop-kms/3.2.1/hadoop-kms-3.2.1-tests.jar:/home/user/.m2/repository/org/apache/hadoop/hadoop-hdds-server-scm/1.1.0-SNAPSHOT/hadoop-hdds-server-scm-1.1.0-SNAPSHOT-tests.jar:/home/user/.m2/repository/org/apache/hadoop/hadoop-hdds-container-service/1.1.0-SNAPSHOT/hadoop-hdds-container-service-1.1.0-SNAPSHOT-tests.jar:/home/user/.m2/repository/commons-codec/commons-codec/1.11/commons-codec-1.11.jar:/home/user/.m2/repository/org/apache/hadoop/hadoop-hdds-hadoop-dependency-test/1.1.0-SNAPSHOT/hadoop-hdds-hadoop-dependency-test-1.1.0-SNAPSHOT.jar:/home/user/.m2/repository/org/apache/hadoop/hadoop-common/3.2.1/hadoop-common-3.2.1-tests.jar:/home/user/.m2/repository/org/apache/hadoop/hadoop-hdfs/3.2.1/hadoop-hdfs-3.2.1-tests.jar:/home/user/.m2/repository/org/eclipse/jetty/jetty-util-ajax/9.4.34.v20201102/jetty-util-ajax-9.4.34.v20201102.jar:/home/user/.m2/repository/commons-daemon/commons-daemon/1.0.13/commons-daemon-1.0.13.jar:/home/user/.m2/repository/io/netty/netty/3.10.5.Final/netty-3.10.5.Final.jar:/home/user/.m2/repository/io/netty/netty-all/4.1.48.Final/netty-all-4.1.48.Final.jar:/home/user/.m2/repository/org/apache/htrace/htrace-core4/4.1.0-incubating/htrace-core4-4.1.0-incubating.jar:/home/user/.m2/repository/org/apache/hadoop/hadoop-distcp/3.2.1/hadoop-distcp-3.2.1.jar:/home/user/.m2/repository/org/apache/hadoop/hadoop-mapreduce-client-jobclient/3.2.1/hadoop-mapreduce-client-jobclient-3.2.1.jar:/home/user/.m2/repository/org/apache/hadoop/hadoop-mapreduce-client-common/3.2.1/hadoop-mapreduce-client-common-3.2.1.jar:/home/user/.m2/repository/org/apache/hadoop/hadoop-yarn-common/3.2.1/hadoop-yarn-common-3.2.1.jar:/home/user/.m2/repository/org/apache/hadoop/hadoop-yarn-api/3.2.1/hadoop-yarn-api-3.2.1.jar:/home/user/.m2/repository/com/sun/jersey/jersey-client/1.19/jersey-client-1.19.jar:/home/user/.m2/repository/com/sun/jersey/contribs/jersey-guice/1.19/jersey-guice-1.19.jar:/home/user/.m2/repository/com/fasterxml/jackson/jaxrs/jackson-jaxrs-json-provider/2.10.3/jackson-jaxrs-json-provider-2.10.3.jar:/home/user/.m2/repository/com/fasterxml/jackson/jaxrs/jackson-jaxrs-base/2.10.3/jackson-jaxrs-base-2.10.3.jar:/home/user/.m2/repository/org/apache/hadoop/hadoop-yarn-client/3.2.1/hadoop-yarn-client-3.2.1.jar:/home/user/.m2/repository/org/apache/hadoop/hadoop-mapreduce-client-core/3.2.1/hadoop-mapreduce-client-core-3.2.1.jar:/home/user/.m2/repository/org/apache/avro/avro/1.7.7/avro-1.7.7.jar:/home/user/.m2/repository/org/codehaus/jackson/jackson-core-asl/1.9.13/jackson-core-asl-1.9.13.jar:/home/user/.m2/repository/org/codehaus/jackson/jackson-mapper-asl/1.9.13/jackson-mapper-asl-1.9.13.jar:/home/user/.m2/repository/com/thoughtworks/paranamer/paranamer/2.3/paranamer-2.3.jar:/home/user/.m2/repository/org/xerial/snappy/snappy-java/1.0.5/snappy-java-1.0.5.jar:/home/user/.m2/repository/org/apache/hadoop/hadoop-annotations/3.2.1/hadoop-annotations-3.2.1.jar:/usr/lib/jvm/java-1.8.0-openjdk-1.8.0.232.b09-0.el7_7.x86_64/jre/../lib/tools.jar:/home/user/.m2/repository/org/apache/hadoop/hadoop-distcp/3.2.1/hadoop-distcp-3.2.1-tests.jar:"/>
    <property name="java.vm.vendor" value="Oracle Corporation"/>
    <property name="sun.arch.data.model" value="64"/>
    <property name="test.build.dir" value="/github/workspace/mnt/ozone/hadoop-ozone/integration-test/target/test-dir"/>
    <property name="test.cache.data" value=""/>
    <property name="java.vendor.url" value="http://java.oracle.com/"/>
    <property name="user.timezone" value=""/>
    <property name="java.vm.specification.version" value="1.8"/>
    <property name="os.name" value="Linux"/>
    <property name="test.build.data" value="/github/workspace/mnt/ozone/hadoop-ozone/integration-test/target/test-dir"/>
    <property name="user.country" value="US"/>
    <property name="sun.java.launcher" value="SUN_STANDARD"/>
    <property name="sun.boot.library.path" value="/usr/lib/jvm/java-1.8.0-openjdk-1.8.0.232.b09-0.el7_7.x86_64/jre/lib/amd64"/>
    <property name="sun.java.command" value="/github/workspace/mnt/ozone/hadoop-ozone/integration-test/target/surefire/surefirebooter6948008936494266688.jar /github/workspace/mnt/ozone/hadoop-ozone/integration-test/target/surefire 2021-01-12T17-03-47_908-jvmRun1 surefire1297804043289523299tmp surefire_44316253987644161192tmp"/>
    <property name="surefire.test.class.path" value="/github/workspace/mnt/ozone/hadoop-ozone/integration-test/target/test-classes:/github/workspace/mnt/ozone/hadoop-ozone/integration-test/target/classes:/home/user/.m2/repository/org/apache/hadoop/hadoop-ozone-common/1.1.0-SNAPSHOT/hadoop-ozone-common-1.1.0-SNAPSHOT.jar:/home/user/.m2/repository/org/apache/commons/commons-compress/1.4.1/commons-compress-1.4.1.jar:/home/user/.m2/repository/org/tukaani/xz/1.0/xz-1.0.jar:/home/user/.m2/repository/org/apache/hadoop/hadoop-hdds-common/1.1.0-SNAPSHOT/hadoop-hdds-common-1.1.0-SNAPSHOT.jar:/home/user/.m2/repository/org/apache/hadoop/hadoop-hdds-client/1.1.0-SNAPSHOT/hadoop-hdds-client-1.1.0-SNAPSHOT.jar:/home/user/.m2/repository/org/apache/hadoop/hadoop-ozone-interface-client/1.1.0-SNAPSHOT/hadoop-ozone-interface-client-1.1.0-SNAPSHOT.jar:/home/user/.m2/repository/org/apache/hadoop/hadoop-hdds-test-utils/1.1.0-SNAPSHOT/hadoop-hdds-test-utils-1.1.0-SNAPSHOT.jar:/home/user/.m2/repository/com/google/guava/guava/28.2-jre/guava-28.2-jre.jar:/home/user/.m2/repository/com/google/guava/failureaccess/1.0.1/failureaccess-1.0.1.jar:/home/user/.m2/repository/com/google/guava/listenablefuture/9999.0-empty-to-avoid-conflict-with-guava/listenablefuture-9999.0-empty-to-avoid-conflict-with-guava.jar:/home/user/.m2/repository/com/google/code/findbugs/jsr305/3.0.0/jsr305-3.0.0.jar:/home/user/.m2/repository/org/checkerframework/checker-qual/2.10.0/checker-qual-2.10.0.jar:/home/user/.m2/repository/com/google/errorprone/error_prone_annotations/2.2.0/error_prone_annotations-2.2.0.jar:/home/user/.m2/repository/com/google/j2objc/j2objc-annotations/1.3/j2objc-annotations-1.3.jar:/home/user/.m2/repository/commons-io/commons-io/2.5/commons-io-2.5.jar:/home/user/.m2/repository/commons-logging/commons-logging/1.2/commons-logging-1.2.jar:/home/user/.m2/repository/log4j/log4j/1.2.17/log4j-1.2.17.jar:/home/user/.m2/repository/org/slf4j/slf4j-api/1.7.30/slf4j-api-1.7.30.jar:/home/user/.m2/repository/org/apache/hadoop/hadoop-hdds-server-scm/1.1.0-SNAPSHOT/hadoop-hdds-server-scm-1.1.0-SNAPSHOT.jar:/home/user/.m2/repository/org/apache/hadoop/hadoop-hdds-container-service/1.1.0-SNAPSHOT/hadoop-hdds-container-service-1.1.0-SNAPSHOT.jar:/home/user/.m2/repository/org/apache/hadoop/hadoop-hdds-hadoop-dependency-server/1.1.0-SNAPSHOT/hadoop-hdds-hadoop-dependency-server-1.1.0-SNAPSHOT.jar:/home/user/.m2/repository/org/apache/hadoop/hadoop-hdfs/3.2.1/hadoop-hdfs-3.2.1.jar:/home/user/.m2/repository/org/apache/hadoop/hadoop-hdds-server-framework/1.1.0-SNAPSHOT/hadoop-hdds-server-framework-1.1.0-SNAPSHOT.jar:/home/user/.m2/repository/org/apache/hadoop/hadoop-hdds-interface-server/1.1.0-SNAPSHOT/hadoop-hdds-interface-server-1.1.0-SNAPSHOT.jar:/home/user/.m2/repository/org/apache/hadoop/hadoop-hdds-interface-admin/1.1.0-SNAPSHOT/hadoop-hdds-interface-admin-1.1.0-SNAPSHOT.jar:/home/user/.m2/repository/org/eclipse/jetty/jetty-servlet/9.4.34.v20201102/jetty-servlet-9.4.34.v20201102.jar:/home/user/.m2/repository/org/eclipse/jetty/jetty-security/9.4.34.v20201102/jetty-security-9.4.34.v20201102.jar:/home/user/.m2/repository/org/rocksdb/rocksdbjni/6.8.1/rocksdbjni-6.8.1.jar:/home/user/.m2/repository/io/prometheus/simpleclient_dropwizard/0.7.0/simpleclient_dropwizard-0.7.0.jar:/home/user/.m2/repository/io/prometheus/simpleclient/0.7.0/simpleclient-0.7.0.jar:/home/user/.m2/repository/io/prometheus/simpleclient_common/0.7.0/simpleclient_common-0.7.0.jar:/home/user/.m2/repository/com/fasterxml/jackson/datatype/jackson-datatype-jsr310/2.10.3/jackson-datatype-jsr310-2.10.3.jar:/home/user/.m2/repository/io/dropwizard/metrics/metrics-core/3.2.4/metrics-core-3.2.4.jar:/home/user/.m2/repository/org/apache/hadoop/hadoop-hdfs-client/3.2.1/hadoop-hdfs-client-3.2.1.jar:/home/user/.m2/repository/org/bouncycastle/bcprov-jdk15on/1.67/bcprov-jdk15on-1.67.jar:/home/user/.m2/repository/org/apache/hadoop/hadoop-ozone-ozone-manager/1.1.0-SNAPSHOT/hadoop-ozone-ozone-manager-1.1.0-SNAPSHOT.jar:/home/user/.m2/repository/org/apache/hadoop/hadoop-hdds-interface-client/1.1.0-SNAPSHOT/hadoop-hdds-interface-client-1.1.0-SNAPSHOT.jar:/home/user/.m2/repository/org/apache/ratis/ratis-thirdparty-misc/0.6.0-SNAPSHOT/ratis-thirdparty-misc-0.6.0-SNAPSHOT.jar:/home/user/.m2/repository/org/apache/hadoop/hadoop-ozone-interface-storage/1.1.0-SNAPSHOT/hadoop-ozone-interface-storage-1.1.0-SNAPSHOT.jar:/home/user/.m2/repository/org/apache/hadoop/hadoop-minikdc/3.2.1/hadoop-minikdc-3.2.1.jar:/home/user/.m2/repository/org/apache/kerby/kerb-simplekdc/1.0.1/kerb-simplekdc-1.0.1.jar:/home/user/.m2/repository/org/apache/kerby/kerb-client/1.0.1/kerb-client-1.0.1.jar:/home/user/.m2/repository/org/apache/kerby/kerby-config/1.0.1/kerby-config-1.0.1.jar:/home/user/.m2/repository/org/apache/kerby/kerb-core/1.0.1/kerb-core-1.0.1.jar:/home/user/.m2/repository/org/apache/kerby/kerby-pkix/1.0.1/kerby-pkix-1.0.1.jar:/home/user/.m2/repository/org/apache/kerby/kerby-asn1/1.0.1/kerby-asn1-1.0.1.jar:/home/user/.m2/repository/org/apache/kerby/kerby-util/1.0.1/kerby-util-1.0.1.jar:/home/user/.m2/repository/org/apache/kerby/kerb-common/1.0.1/kerb-common-1.0.1.jar:/home/user/.m2/repository/org/apache/kerby/kerb-crypto/1.0.1/kerb-crypto-1.0.1.jar:/home/user/.m2/repository/org/apache/kerby/kerb-util/1.0.1/kerb-util-1.0.1.jar:/home/user/.m2/repository/org/apache/kerby/token-provider/1.0.1/token-provider-1.0.1.jar:/home/user/.m2/repository/org/apache/kerby/kerb-admin/1.0.1/kerb-admin-1.0.1.jar:/home/user/.m2/repository/org/apache/kerby/kerb-server/1.0.1/kerb-server-1.0.1.jar:/home/user/.m2/repository/org/apache/kerby/kerb-identity/1.0.1/kerb-identity-1.0.1.jar:/home/user/.m2/repository/org/apache/kerby/kerby-xdr/1.0.1/kerby-xdr-1.0.1.jar:/home/user/.m2/repository/org/slf4j/slf4j-log4j12/1.7.30/slf4j-log4j12-1.7.30.jar:/home/user/.m2/repository/org/apache/hadoop/hadoop-ozone-s3gateway/1.1.0-SNAPSHOT/hadoop-ozone-s3gateway-1.1.0-SNAPSHOT.jar:/home/user/.m2/repository/org/jboss/weld/servlet/weld-servlet/2.4.7.Final/weld-servlet-2.4.7.Final.jar:/home/user/.m2/repository/org/glassfish/jersey/containers/jersey-container-servlet-core/2.27/jersey-container-servlet-core-2.27.jar:/home/user/.m2/repository/org/glassfish/hk2/external/javax.inject/2.5.0-b42/javax.inject-2.5.0-b42.jar:/home/user/.m2/repository/org/glassfish/jersey/core/jersey-common/2.27/jersey-common-2.27.jar:/home/user/.m2/repository/org/glassfish/hk2/osgi-resource-locator/1.0.1/osgi-resource-locator-1.0.1.jar:/home/user/.m2/repository/javax/ws/rs/javax.ws.rs-api/2.1/javax.ws.rs-api-2.1.jar:/home/user/.m2/repository/org/glassfish/jersey/ext/cdi/jersey-cdi1x/2.27/jersey-cdi1x-2.27.jar:/home/user/.m2/repository/org/glassfish/jersey/inject/jersey-hk2/2.27/jersey-hk2-2.27.jar:/home/user/.m2/repository/org/glassfish/hk2/hk2-locator/2.5.0-b42/hk2-locator-2.5.0-b42.jar:/home/user/.m2/repository/org/javassist/javassist/3.22.0-CR2/javassist-3.22.0-CR2.jar:/home/user/.m2/repository/org/glassfish/hk2/hk2-api/2.5.0/hk2-api-2.5.0.jar:/home/user/.m2/repository/org/glassfish/hk2/external/jakarta.inject/2.5.0/jakarta.inject-2.5.0.jar:/home/user/.m2/repository/org/glassfish/hk2/hk2-utils/2.5.0/hk2-utils-2.5.0.jar:/home/user/.m2/repository/jakarta/annotation/jakarta.annotation-api/1.3.4/jakarta.annotation-api-1.3.4.jar:/home/user/.m2/repository/org/glassfish/hk2/external/aopalliance-repackaged/2.5.0/aopalliance-repackaged-2.5.0.jar:/home/user/.m2/repository/com/fasterxml/jackson/dataformat/jackson-dataformat-xml/2.10.3/jackson-dataformat-xml-2.10.3.jar:/home/user/.m2/repository/com/fasterxml/jackson/core/jackson-core/2.10.3/jackson-core-2.10.3.jar:/home/user/.m2/repository/com/fasterxml/jackson/module/jackson-module-jaxb-annotations/2.10.3/jackson-module-jaxb-annotations-2.10.3.jar:/home/user/.m2/repository/jakarta/xml/bind/jakarta.xml.bind-api/2.3.2/jakarta.xml.bind-api-2.3.2.jar:/home/user/.m2/repository/jakarta/activation/jakarta.activation-api/1.2.1/jakarta.activation-api-1.2.1.jar:/home/user/.m2/repository/org/codehaus/woodstox/stax2-api/3.1.4/stax2-api-3.1.4.jar:/home/user/.m2/repository/com/fasterxml/woodstox/woodstox-core/5.0.3/woodstox-core-5.0.3.jar:/home/user/.m2/repository/javax/enterprise/cdi-api/1.2/cdi-api-1.2.jar:/home/user/.m2/repository/javax/el/javax.el-api/3.0.0/javax.el-api-3.0.0.jar:/home/user/.m2/repository/javax/interceptor/javax.interceptor-api/1.2/javax.interceptor-api-1.2.jar:/home/user/.m2/repository/javax/inject/javax.inject/1/javax.inject-1.jar:/home/user/.m2/repository/com/sun/xml/bind/jaxb-impl/2.3.0.1/jaxb-impl-2.3.0.1.jar:/home/user/.m2/repository/com/sun/xml/bind/jaxb-core/2.3.0.1/jaxb-core-2.3.0.1.jar:/home/user/.m2/repository/javax/xml/bind/jaxb-api/2.3.0/jaxb-api-2.3.0.jar:/home/user/.m2/repository/javax/activation/activation/1.1.1/activation-1.1.1.jar:/home/user/.m2/repository/org/apache/hadoop/hadoop-ozone-csi/1.1.0-SNAPSHOT/hadoop-ozone-csi-1.1.0-SNAPSHOT.jar:/home/user/.m2/repository/com/google/protobuf/protobuf-java-util/3.11.0/protobuf-java-util-3.11.0.jar:/home/user/.m2/repository/com/google/code/gson/gson/2.2.4/gson-2.2.4.jar:/home/user/.m2/repository/org/apache/hadoop/hadoop-hdds-config/1.1.0-SNAPSHOT/hadoop-hdds-config-1.1.0-SNAPSHOT.jar:/home/user/.m2/repository/com/google/protobuf/protobuf-java/2.5.0/protobuf-java-2.5.0.jar:/home/user/.m2/repository/io/grpc/grpc-netty/1.29.0/grpc-netty-1.29.0.jar:/home/user/.m2/repository/io/grpc/grpc-core/1.29.0/grpc-core-1.29.0.jar:/home/user/.m2/repository/com/google/android/annotations/4.1.1.4/annotations-4.1.1.4.jar:/home/user/.m2/repository/io/perfmark/perfmark-api/0.19.0/perfmark-api-0.19.0.jar:/home/user/.m2/repository/io/netty/netty-codec-http2/4.1.48.Final/netty-codec-http2-4.1.48.Final.jar:/home/user/.m2/repository/io/netty/netty-codec/4.1.48.Final/netty-codec-4.1.48.Final.jar:/home/user/.m2/repository/io/netty/netty-handler/4.1.48.Final/netty-handler-4.1.48.Final.jar:/home/user/.m2/repository/io/netty/netty-codec-http/4.1.48.Final/netty-codec-http-4.1.48.Final.jar:/home/user/.m2/repository/io/netty/netty-handler-proxy/4.1.48.Final/netty-handler-proxy-4.1.48.Final.jar:/home/user/.m2/repository/io/netty/netty-codec-socks/4.1.48.Final/netty-codec-socks-4.1.48.Final.jar:/home/user/.m2/repository/io/netty/netty-transport-native-epoll/4.1.48.Final/netty-transport-native-epoll-4.1.48.Final.jar:/home/user/.m2/repository/io/netty/netty-common/4.1.48.Final/netty-common-4.1.48.Final.jar:/home/user/.m2/repository/io/netty/netty-buffer/4.1.48.Final/netty-buffer-4.1.48.Final.jar:/home/user/.m2/repository/io/netty/netty-transport/4.1.48.Final/netty-transport-4.1.48.Final.jar:/home/user/.m2/repository/io/netty/netty-resolver/4.1.48.Final/netty-resolver-4.1.48.Final.jar:/home/user/.m2/repository/io/netty/netty-transport-native-unix-common/4.1.48.Final/netty-transport-native-unix-common-4.1.48.Final.jar:/home/user/.m2/repository/io/grpc/grpc-protobuf/1.29.0/grpc-protobuf-1.29.0.jar:/home/user/.m2/repository/io/grpc/grpc-api/1.29.0/grpc-api-1.29.0.jar:/home/user/.m2/repository/io/grpc/grpc-context/1.29.0/grpc-context-1.29.0.jar:/home/user/.m2/repository/org/codehaus/mojo/animal-sniffer-annotations/1.18/animal-sniffer-annotations-1.18.jar:/home/user/.m2/repository/com/google/api/grpc/proto-google-common-protos/1.17.0/proto-google-common-protos-1.17.0.jar:/home/user/.m2/repository/io/grpc/grpc-protobuf-lite/1.29.0/grpc-protobuf-lite-1.29.0.jar:/home/user/.m2/repository/io/grpc/grpc-stub/1.29.0/grpc-stub-1.29.0.jar:/home/user/.m2/repository/org/apache/hadoop/hadoop-ozone-recon/1.1.0-SNAPSHOT/hadoop-ozone-recon-1.1.0-SNAPSHOT.jar:/home/user/.m2/repository/org/apache/hadoop/hadoop-ozone-reconcodegen/1.1.0-SNAPSHOT/hadoop-ozone-reconcodegen-1.1.0-SNAPSHOT.jar:/home/user/.m2/repository/com/google/inject/extensions/guice-multibindings/4.0/guice-multibindings-4.0.jar:/home/user/.m2/repository/com/google/inject/guice/4.0/guice-4.0.jar:/home/user/.m2/repository/aopalliance/aopalliance/1.0/aopalliance-1.0.jar:/home/user/.m2/repository/com/google/inject/extensions/guice-assistedinject/4.0/guice-assistedinject-4.0.jar:/home/user/.m2/repository/com/google/inject/extensions/guice-servlet/4.0/guice-servlet-4.0.jar:/home/user/.m2/repository/org/glassfish/jersey/containers/jersey-container-servlet/2.27/jersey-container-servlet-2.27.jar:/home/user/.m2/repository/org/glassfish/hk2/guice-bridge/2.5.0/guice-bridge-2.5.0.jar:/home/user/.m2/repository/org/glassfish/jersey/core/jersey-server/2.27/jersey-server-2.27.jar:/home/user/.m2/repository/org/glassfish/jersey/core/jersey-client/2.27/jersey-client-2.27.jar:/home/user/.m2/repository/org/glassfish/jersey/media/jersey-media-jaxb/2.27/jersey-media-jaxb-2.27.jar:/home/user/.m2/repository/javax/validation/validation-api/1.1.0.Final/validation-api-1.1.0.Final.jar:/home/user/.m2/repository/org/glassfish/jersey/media/jersey-media-json-jackson/2.27/jersey-media-json-jackson-2.27.jar:/home/user/.m2/repository/org/glassfish/jersey/ext/jersey-entity-filtering/2.27/jersey-entity-filtering-2.27.jar:/home/user/.m2/repository/org/jooq/jooq/3.11.10/jooq-3.11.10.jar:/home/user/.m2/repository/org/jooq/jooq-meta/3.11.10/jooq-meta-3.11.10.jar:/home/user/.m2/repository/org/jooq/jooq-codegen/3.11.10/jooq-codegen-3.11.10.jar:/home/user/.m2/repository/com/jolbox/bonecp/0.8.0.RELEASE/bonecp-0.8.0.RELEASE.jar:/home/user/.m2/repository/org/apache/derby/derby/10.14.2.0/derby-10.14.2.0.jar:/home/user/.m2/repository/org/xerial/sqlite-jdbc/3.25.2/sqlite-jdbc-3.25.2.jar:/home/user/.m2/repository/org/springframework/spring-jdbc/5.2.11.RELEASE/spring-jdbc-5.2.11.RELEASE.jar:/home/user/.m2/repository/org/springframework/spring-beans/5.2.11.RELEASE/spring-beans-5.2.11.RELEASE.jar:/home/user/.m2/repository/org/springframework/spring-core/5.2.11.RELEASE/spring-core-5.2.11.RELEASE.jar:/home/user/.m2/repository/org/springframework/spring-jcl/5.2.11.RELEASE/spring-jcl-5.2.11.RELEASE.jar:/home/user/.m2/repository/org/springframework/spring-tx/5.2.11.RELEASE/spring-tx-5.2.11.RELEASE.jar:/home/user/.m2/repository/org/apache/hadoop/hadoop-ozone-client/1.1.0-SNAPSHOT/hadoop-ozone-client-1.1.0-SNAPSHOT.jar:/home/user/.m2/repository/org/apache/hadoop/hadoop-ozone-filesystem/1.1.0-SNAPSHOT/hadoop-ozone-filesystem-1.1.0-SNAPSHOT.jar:/home/user/.m2/repository/org/apache/hadoop/hadoop-ozone-filesystem-common/1.1.0-SNAPSHOT/hadoop-ozone-filesystem-common-1.1.0-SNAPSHOT.jar:/home/user/.m2/repository/org/apache/hadoop/hadoop-ozone-tools/1.1.0-SNAPSHOT/hadoop-ozone-tools-1.1.0-SNAPSHOT.jar:/home/user/.m2/repository/org/apache/ratis/ratis-tools/1.1.0-35f17fa-SNAPSHOT/ratis-tools-1.1.0-35f17fa-SNAPSHOT.jar:/home/user/.m2/repository/org/apache/ratis/ratis-proto/1.1.0-35f17fa-SNAPSHOT/ratis-proto-1.1.0-35f17fa-SNAPSHOT.jar:/home/user/.m2/repository/org/apache/ratis/ratis-common/1.1.0-35f17fa-SNAPSHOT/ratis-common-1.1.0-35f17fa-SNAPSHOT.jar:/home/user/.m2/repository/com/amazonaws/aws-java-sdk-core/1.11.901/aws-java-sdk-core-1.11.901.jar:/home/user/.m2/repository/org/apache/httpcomponents/httpclient/4.5.13/httpclient-4.5.13.jar:/home/user/.m2/repository/org/apache/httpcomponents/httpcore/4.4.13/httpcore-4.4.13.jar:/home/user/.m2/repository/software/amazon/ion/ion-java/1.0.2/ion-java-1.0.2.jar:/home/user/.m2/repository/com/fasterxml/jackson/dataformat/jackson-dataformat-cbor/2.10.3/jackson-dataformat-cbor-2.10.3.jar:/home/user/.m2/repository/joda-time/joda-time/2.8.1/joda-time-2.8.1.jar:/home/user/.m2/repository/com/amazonaws/aws-java-sdk-s3/1.11.901/aws-java-sdk-s3-1.11.901.jar:/home/user/.m2/repository/com/amazonaws/aws-java-sdk-kms/1.11.901/aws-java-sdk-kms-1.11.901.jar:/home/user/.m2/repository/com/amazonaws/jmespath-java/1.11.901/jmespath-java-1.11.901.jar:/home/user/.m2/repository/org/kohsuke/metainf-services/metainf-services/1.8/metainf-services-1.8.jar:/home/user/.m2/repository/org/apache/hadoop/hadoop-hdds-tools/1.1.0-SNAPSHOT/hadoop-hdds-tools-1.1.0-SNAPSHOT.jar:/home/user/.m2/repository/commons-cli/commons-cli/1.2/commons-cli-1.2.jar:/home/user/.m2/repository/org/apache/commons/commons-lang3/3.7/commons-lang3-3.7.jar:/home/user/.m2/repository/org/apache/hadoop/hadoop-ozone-ozone-manager/1.1.0-SNAPSHOT/hadoop-ozone-ozone-manager-1.1.0-SNAPSHOT-tests.jar:/home/user/.m2/repository/org/apache/hadoop/hadoop-hdds-common/1.1.0-SNAPSHOT/hadoop-hdds-common-1.1.0-SNAPSHOT-tests.jar:/home/user/.m2/repository/org/apache/hadoop/hadoop-hdds-hadoop-dependency-client/1.1.0-SNAPSHOT/hadoop-hdds-hadoop-dependency-client-1.1.0-SNAPSHOT.jar:/home/user/.m2/repository/info/picocli/picocli/4.4.0/picocli-4.4.0.jar:/home/user/.m2/repository/com/fasterxml/jackson/core/jackson-annotations/2.10.3/jackson-annotations-2.10.3.jar:/home/user/.m2/repository/javax/annotation/javax.annotation-api/1.2/javax.annotation-api-1.2.jar:/home/user/.m2/repository/org/fusesource/leveldbjni/leveldbjni-all/1.8/leveldbjni-all-1.8.jar:/home/user/.m2/repository/org/apache/ratis/ratis-server/1.1.0-35f17fa-SNAPSHOT/ratis-server-1.1.0-35f17fa-SNAPSHOT.jar:/home/user/.m2/repository/org/apache/ratis/ratis-client/1.1.0-35f17fa-SNAPSHOT/ratis-client-1.1.0-35f17fa-SNAPSHOT.jar:/home/user/.m2/repository/org/apache/ratis/ratis-server-api/1.1.0-35f17fa-SNAPSHOT/ratis-server-api-1.1.0-35f17fa-SNAPSHOT.jar:/home/user/.m2/repository/org/apache/ratis/ratis-metrics/1.1.0-35f17fa-SNAPSHOT/ratis-metrics-1.1.0-35f17fa-SNAPSHOT.jar:/home/user/.m2/repository/org/apache/ratis/ratis-netty/1.1.0-35f17fa-SNAPSHOT/ratis-netty-1.1.0-35f17fa-SNAPSHOT.jar:/home/user/.m2/repository/org/apache/ratis/ratis-grpc/1.1.0-35f17fa-SNAPSHOT/ratis-grpc-1.1.0-35f17fa-SNAPSHOT.jar:/home/user/.m2/repository/org/apache/logging/log4j/log4j-api/2.13.3/log4j-api-2.13.3.jar:/home/user/.m2/repository/org/apache/logging/log4j/log4j-core/2.13.3/log4j-core-2.13.3.jar:/home/user/.m2/repository/com/lmax/disruptor/3.4.2/disruptor-3.4.2.jar:/home/user/.m2/repository/org/apache/commons/commons-pool2/2.6.0/commons-pool2-2.6.0.jar:/home/user/.m2/repository/org/bouncycastle/bcpkix-jdk15on/1.67/bcpkix-jdk15on-1.67.jar:/home/user/.m2/repository/commons-validator/commons-validator/1.6/commons-validator-1.6.jar:/home/user/.m2/repository/commons-beanutils/commons-beanutils/1.9.4/commons-beanutils-1.9.4.jar:/home/user/.m2/repository/commons-digester/commons-digester/1.8.1/commons-digester-1.8.1.jar:/home/user/.m2/repository/commons-collections/commons-collections/3.2.2/commons-collections-3.2.2.jar:/home/user/.m2/repository/io/jaegertracing/jaeger-client/1.2.0/jaeger-client-1.2.0.jar:/home/user/.m2/repository/io/jaegertracing/jaeger-thrift/1.2.0/jaeger-thrift-1.2.0.jar:/home/user/.m2/repository/org/apache/thrift/libthrift/0.13.0/libthrift-0.13.0.jar:/home/user/.m2/repository/com/squareup/okhttp3/okhttp/4.2.2/okhttp-4.2.2.jar:/home/user/.m2/repository/com/squareup/okio/okio/2.2.2/okio-2.2.2.jar:/home/user/.m2/repository/org/jetbrains/kotlin/kotlin-stdlib/1.3.50/kotlin-stdlib-1.3.50.jar:/home/user/.m2/repository/org/jetbrains/kotlin/kotlin-stdlib-common/1.3.50/kotlin-stdlib-common-1.3.50.jar:/home/user/.m2/repository/org/jetbrains/annotations/13.0/annotations-13.0.jar:/home/user/.m2/repository/io/jaegertracing/jaeger-core/1.2.0/jaeger-core-1.2.0.jar:/home/user/.m2/repository/io/jaegertracing/jaeger-tracerresolver/1.2.0/jaeger-tracerresolver-1.2.0.jar:/home/user/.m2/repository/io/opentracing/contrib/opentracing-tracerresolver/0.1.8/opentracing-tracerresolver-0.1.8.jar:/home/user/.m2/repository/io/opentracing/opentracing-util/0.33.0/opentracing-util-0.33.0.jar:/home/user/.m2/repository/io/opentracing/opentracing-api/0.33.0/opentracing-api-0.33.0.jar:/home/user/.m2/repository/io/opentracing/opentracing-noop/0.33.0/opentracing-noop-0.33.0.jar:/home/user/.m2/repository/org/yaml/snakeyaml/1.26/snakeyaml-1.26.jar:/home/user/.m2/repository/junit/junit/4.11/junit-4.11.jar:/home/user/.m2/repository/org/hamcrest/hamcrest-core/1.3/hamcrest-core-1.3.jar:/home/user/.m2/repository/org/openjdk/jmh/jmh-core/1.19/jmh-core-1.19.jar:/home/user/.m2/repository/net/sf/jopt-simple/jopt-simple/4.6/jopt-simple-4.6.jar:/home/user/.m2/repository/org/apache/commons/commons-math3/3.1.1/commons-math3-3.1.1.jar:/home/user/.m2/repository/org/openjdk/jmh/jmh-generator-annprocess/1.19/jmh-generator-annprocess-1.19.jar:/home/user/.m2/repository/org/mockito/mockito-all/1.8.5/mockito-all-1.8.5.jar:/home/user/.m2/repository/org/apache/hadoop/hadoop-kms/3.2.1/hadoop-kms-3.2.1.jar:/home/user/.m2/repository/org/apache/hadoop/hadoop-auth/3.2.1/hadoop-auth-3.2.1.jar:/home/user/.m2/repository/com/nimbusds/nimbus-jose-jwt/7.9/nimbus-jose-jwt-7.9.jar:/home/user/.m2/repository/com/github/stephenc/jcip/jcip-annotations/1.0-1/jcip-annotations-1.0-1.jar:/home/user/.m2/repository/net/minidev/json-smart/2.3/json-smart-2.3.jar:/home/user/.m2/repository/net/minidev/accessors-smart/1.2/accessors-smart-1.2.jar:/home/user/.m2/repository/org/ow2/asm/asm/5.0.4/asm-5.0.4.jar:/home/user/.m2/repository/org/apache/zookeeper/zookeeper/3.4.13/zookeeper-3.4.13.jar:/home/user/.m2/repository/org/apache/yetus/audience-annotations/0.5.0/audience-annotations-0.5.0.jar:/home/user/.m2/repository/org/apache/curator/curator-framework/2.13.0/curator-framework-2.13.0.jar:/home/user/.m2/repository/com/sun/jersey/jersey-core/1.19/jersey-core-1.19.jar:/home/user/.m2/repository/javax/ws/rs/jsr311-api/1.1.1/jsr311-api-1.1.1.jar:/home/user/.m2/repository/com/sun/jersey/jersey-server/1.19/jersey-server-1.19.jar:/home/user/.m2/repository/javax/servlet/javax.servlet-api/3.1.0/javax.servlet-api-3.1.0.jar:/home/user/.m2/repository/org/eclipse/jetty/jetty-server/9.4.34.v20201102/jetty-server-9.4.34.v20201102.jar:/home/user/.m2/repository/org/eclipse/jetty/jetty-http/9.4.34.v20201102/jetty-http-9.4.34.v20201102.jar:/home/user/.m2/repository/org/eclipse/jetty/jetty-io/9.4.34.v20201102/jetty-io-9.4.34.v20201102.jar:/home/user/.m2/repository/org/eclipse/jetty/jetty-webapp/9.4.34.v20201102/jetty-webapp-9.4.34.v20201102.jar:/home/user/.m2/repository/org/eclipse/jetty/jetty-xml/9.4.34.v20201102/jetty-xml-9.4.34.v20201102.jar:/home/user/.m2/repository/org/apache/hadoop/hadoop-common/3.2.1/hadoop-common-3.2.1.jar:/home/user/.m2/repository/commons-net/commons-net/3.6/commons-net-3.6.jar:/home/user/.m2/repository/com/sun/jersey/jersey-servlet/1.19/jersey-servlet-1.19.jar:/home/user/.m2/repository/com/sun/jersey/jersey-json/1.19/jersey-json-1.19.jar:/home/user/.m2/repository/org/codehaus/jettison/jettison/1.1/jettison-1.1.jar:/home/user/.m2/repository/org/codehaus/jackson/jackson-jaxrs/1.9.2/jackson-jaxrs-1.9.2.jar:/home/user/.m2/repository/org/codehaus/jackson/jackson-xc/1.9.2/jackson-xc-1.9.2.jar:/home/user/.m2/repository/org/apache/commons/commons-configuration2/2.1.1/commons-configuration2-2.1.1.jar:/home/user/.m2/repository/org/apache/commons/commons-text/1.4/commons-text-1.4.jar:/home/user/.m2/repository/com/google/re2j/re2j/1.1/re2j-1.1.jar:/home/user/.m2/repository/com/jcraft/jsch/0.1.54/jsch-0.1.54.jar:/home/user/.m2/repository/org/apache/curator/curator-client/2.13.0/curator-client-2.13.0.jar:/home/user/.m2/repository/org/apache/curator/curator-recipes/2.13.0/curator-recipes-2.13.0.jar:/home/user/.m2/repository/dnsjava/dnsjava/2.1.7/dnsjava-2.1.7.jar:/home/user/.m2/repository/org/slf4j/jul-to-slf4j/1.7.30/jul-to-slf4j-1.7.30.jar:/home/user/.m2/repository/org/eclipse/jetty/jetty-util/9.4.34.v20201102/jetty-util-9.4.34.v20201102.jar:/home/user/.m2/repository/com/fasterxml/jackson/core/jackson-databind/2.10.3/jackson-databind-2.10.3.jar:/home/user/.m2/repository/org/apache/hadoop/hadoop-kms/3.2.1/hadoop-kms-3.2.1-tests.jar:/home/user/.m2/repository/org/apache/hadoop/hadoop-hdds-server-scm/1.1.0-SNAPSHOT/hadoop-hdds-server-scm-1.1.0-SNAPSHOT-tests.jar:/home/user/.m2/repository/org/apache/hadoop/hadoop-hdds-container-service/1.1.0-SNAPSHOT/hadoop-hdds-container-service-1.1.0-SNAPSHOT-tests.jar:/home/user/.m2/repository/commons-codec/commons-codec/1.11/commons-codec-1.11.jar:/home/user/.m2/repository/org/apache/hadoop/hadoop-hdds-hadoop-dependency-test/1.1.0-SNAPSHOT/hadoop-hdds-hadoop-dependency-test-1.1.0-SNAPSHOT.jar:/home/user/.m2/repository/org/apache/hadoop/hadoop-common/3.2.1/hadoop-common-3.2.1-tests.jar:/home/user/.m2/repository/org/apache/hadoop/hadoop-hdfs/3.2.1/hadoop-hdfs-3.2.1-tests.jar:/home/user/.m2/repository/org/eclipse/jetty/jetty-util-ajax/9.4.34.v20201102/jetty-util-ajax-9.4.34.v20201102.jar:/home/user/.m2/repository/commons-daemon/commons-daemon/1.0.13/commons-daemon-1.0.13.jar:/home/user/.m2/repository/io/netty/netty/3.10.5.Final/netty-3.10.5.Final.jar:/home/user/.m2/repository/io/netty/netty-all/4.1.48.Final/netty-all-4.1.48.Final.jar:/home/user/.m2/repository/org/apache/htrace/htrace-core4/4.1.0-incubating/htrace-core4-4.1.0-incubating.jar:/home/user/.m2/repository/org/apache/hadoop/hadoop-distcp/3.2.1/hadoop-distcp-3.2.1.jar:/home/user/.m2/repository/org/apache/hadoop/hadoop-mapreduce-client-jobclient/3.2.1/hadoop-mapreduce-client-jobclient-3.2.1.jar:/home/user/.m2/repository/org/apache/hadoop/hadoop-mapreduce-client-common/3.2.1/hadoop-mapreduce-client-common-3.2.1.jar:/home/user/.m2/repository/org/apache/hadoop/hadoop-yarn-common/3.2.1/hadoop-yarn-common-3.2.1.jar:/home/user/.m2/repository/org/apache/hadoop/hadoop-yarn-api/3.2.1/hadoop-yarn-api-3.2.1.jar:/home/user/.m2/repository/com/sun/jersey/jersey-client/1.19/jersey-client-1.19.jar:/home/user/.m2/repository/com/sun/jersey/contribs/jersey-guice/1.19/jersey-guice-1.19.jar:/home/user/.m2/repository/com/fasterxml/jackson/jaxrs/jackson-jaxrs-json-provider/2.10.3/jackson-jaxrs-json-provider-2.10.3.jar:/home/user/.m2/repository/com/fasterxml/jackson/jaxrs/jackson-jaxrs-base/2.10.3/jackson-jaxrs-base-2.10.3.jar:/home/user/.m2/repository/org/apache/hadoop/hadoop-yarn-client/3.2.1/hadoop-yarn-client-3.2.1.jar:/home/user/.m2/repository/org/apache/hadoop/hadoop-mapreduce-client-core/3.2.1/hadoop-mapreduce-client-core-3.2.1.jar:/home/user/.m2/repository/org/apache/avro/avro/1.7.7/avro-1.7.7.jar:/home/user/.m2/repository/org/codehaus/jackson/jackson-core-asl/1.9.13/jackson-core-asl-1.9.13.jar:/home/user/.m2/repository/org/codehaus/jackson/jackson-mapper-asl/1.9.13/jackson-mapper-asl-1.9.13.jar:/home/user/.m2/repository/com/thoughtworks/paranamer/paranamer/2.3/paranamer-2.3.jar:/home/user/.m2/repository/org/xerial/snappy/snappy-java/1.0.5/snappy-java-1.0.5.jar:/home/user/.m2/repository/org/apache/hadoop/hadoop-annotations/3.2.1/hadoop-annotations-3.2.1.jar:/usr/lib/jvm/java-1.8.0-openjdk-1.8.0.232.b09-0.el7_7.x86_64/jre/../lib/tools.jar:/home/user/.m2/repository/org/apache/hadoop/hadoop-distcp/3.2.1/hadoop-distcp-3.2.1-tests.jar:"/>
    <property name="sun.cpu.endian" value="little"/>
    <property name="user.home" value="/home/user"/>
    <property name="user.language" value="en"/>
    <property name="java.specification.vendor" value="Oracle Corporation"/>
    <property name="java.home" value="/usr/lib/jvm/java-1.8.0-openjdk-1.8.0.232.b09-0.el7_7.x86_64/jre"/>
    <property name="java.security.krb5.conf" value="/github/workspace/mnt/ozone/hadoop-ozone/integration-test/target/test-classes/krb5.conf"/>
    <property name="basedir" value="/github/workspace/mnt/ozone/hadoop-ozone/integration-test"/>
    <property name="file.separator" value="/"/>
    <property name="line.separator" value="&#10;"/>
    <property name="java.vm.specification.vendor" value="Oracle Corporation"/>
    <property name="java.specification.name" value="Java Platform API Specification"/>
    <property name="java.awt.graphicsenv" value="sun.awt.X11GraphicsEnvironment"/>
    <property name="skip.installnpx" value="true"/>
    <property name="surefire.real.class.path" value="/github/workspace/mnt/ozone/hadoop-ozone/integration-test/target/surefire/surefirebooter6948008936494266688.jar:/home/user/.m2/repository/org/jacoco/org.jacoco.agent/0.8.5/org.jacoco.agent-0.8.5-runtime.jar"/>
    <property name="hadoop.log.dir" value="/github/workspace/mnt/ozone/hadoop-ozone/integration-test/target/log"/>
    <property name="sun.boot.class.path" value="/usr/lib/jvm/java-1.8.0-openjdk-1.8.0.232.b09-0.el7_7.x86_64/jre/lib/resources.jar:/usr/lib/jvm/java-1.8.0-openjdk-1.8.0.232.b09-0.el7_7.x86_64/jre/lib/rt.jar:/usr/lib/jvm/java-1.8.0-openjdk-1.8.0.232.b09-0.el7_7.x86_64/jre/lib/sunrsasign.jar:/usr/lib/jvm/java-1.8.0-openjdk-1.8.0.232.b09-0.el7_7.x86_64/jre/lib/jsse.jar:/usr/lib/jvm/java-1.8.0-openjdk-1.8.0.232.b09-0.el7_7.x86_64/jre/lib/jce.jar:/usr/lib/jvm/java-1.8.0-openjdk-1.8.0.232.b09-0.el7_7.x86_64/jre/lib/charsets.jar:/usr/lib/jvm/java-1.8.0-openjdk-1.8.0.232.b09-0.el7_7.x86_64/jre/lib/jfr.jar:/usr/lib/jvm/java-1.8.0-openjdk-1.8.0.232.b09-0.el7_7.x86_64/jre/classes"/>
    <property name="sun.management.compiler" value="HotSpot 64-Bit Tiered Compilers"/>
    <property name="skip.npx" value="true"/>
    <property name="java.runtime.version" value="1.8.0_232-b09"/>
    <property name="java.net.preferIPv4Stack" value="true"/>
    <property name="user.name" value="jenkins1001"/>
    <property name="path.separator" value=":"/>
    <property name="java.security.egd" value="file:///dev/urandom"/>
    <property name="os.version" value="5.4.0-1032-azure"/>
    <property name="java.endorsed.dirs" value="/usr/lib/jvm/java-1.8.0-openjdk-1.8.0.232.b09-0.el7_7.x86_64/jre/lib/endorsed"/>
    <property name="java.runtime.name" value="OpenJDK Runtime Environment"/>
    <property name="file.encoding" value="ANSI_X3.4-1968"/>
    <property name="java.vm.name" value="OpenJDK 64-Bit Server VM"/>
    <property name="test.build.webapps" value=""/>
    <property name="localRepository" value="/home/user/.m2/repository"/>
    <property name="java.vendor.url.bug" value="http://bugreport.sun.com/bugreport/"/>
    <property name="java.io.tmpdir" value="/tmp"/>
    <property name="require.test.libhadoop" value=""/>
    <property name="java.version" value="1.8.0_232"/>
    <property name="user.dir" value="/github/workspace/mnt/ozone/hadoop-ozone/integration-test"/>
    <property name="os.arch" value="amd64"/>
    <property name="java.vm.specification.name" value="Java Virtual Machine Specification"/>
    <property name="test.build.classes" value="/github/workspace/mnt/ozone/hadoop-ozone/integration-test/target/test-classes"/>
    <property name="java.awt.printerjob" value="sun.print.PSPrinterJob"/>
    <property name="sun.os.patch.level" value="unknown"/>
    <property name="hadoop.tmp.dir" value="/github/workspace/mnt/ozone/hadoop-ozone/integration-test/target/tmp"/>
    <property name="java.library.path" value="/usr/lib:/usr/java/packages/lib/amd64:/usr/lib64:/lib64:/lib:/usr/lib"/>
    <property name="java.vm.info" value="mixed mode"/>
    <property name="java.vendor" value="Oracle Corporation"/>
    <property name="java.vm.version" value="25.232-b09"/>
    <property name="java.ext.dirs" value="/usr/lib/jvm/java-1.8.0-openjdk-1.8.0.232.b09-0.el7_7.x86_64/jre/lib/ext:/usr/java/packages/lib/ext"/>
    <property name="sun.io.unicode.encoding" value="UnicodeLittle"/>
    <property name="java.class.version" value="52.0"/>
  </properties>
  <testcase name="testPipelineWithScmRestart" classname="org.apache.hadoop.hdds.scm.pipeline.TestSCMRestart" time="0.009">
    <failure message="expected:&lt;PipelineID=8003d5a0-236b-4948-a058-efc0334d5e7e&gt; but was:&lt;PipelineID=86e45650-17c2-4ffa-af23-e5593941f623&gt;" type="java.lang.AssertionError"><![CDATA[java.lang.AssertionError: expected:<PipelineID=8003d5a0-236b-4948-a058-efc0334d5e7e> but was:<PipelineID=86e45650-17c2-4ffa-af23-e5593941f623>
	at org.junit.Assert.fail(Assert.java:88)
	at org.junit.Assert.failNotEquals(Assert.java:743)
	at org.junit.Assert.assertEquals(Assert.java:118)
	at org.junit.Assert.assertEquals(Assert.java:144)
	at org.apache.hadoop.hdds.scm.pipeline.TestSCMRestart.testPipelineWithScmRestart(TestSCMRestart.java:127)
	at sun.reflect.NativeMethodAccessorImpl.invoke0(Native Method)
	at sun.reflect.NativeMethodAccessorImpl.invoke(NativeMethodAccessorImpl.java:62)
	at sun.reflect.DelegatingMethodAccessorImpl.invoke(DelegatingMethodAccessorImpl.java:43)
	at java.lang.reflect.Method.invoke(Method.java:498)
	at org.junit.runners.model.FrameworkMethod$1.runReflectiveCall(FrameworkMethod.java:47)
	at org.junit.internal.runners.model.ReflectiveCallable.run(ReflectiveCallable.java:12)
	at org.junit.runners.model.FrameworkMethod.invokeExplosively(FrameworkMethod.java:44)
	at org.junit.internal.runners.statements.InvokeMethod.evaluate(InvokeMethod.java:17)
	at org.junit.internal.runners.statements.FailOnTimeout$StatementThread.run(FailOnTimeout.java:74)
]]></failure>
    <system-out><![CDATA[2021-01-12 17:04:42,784 [main] WARN  server.ServerUtils (ServerUtils.java:getScmDbDir(148)) - ozone.scm.db.dirs is not configured. We recommend adding this setting. Falling back to ozone.metadata.dirs instead.
2021-01-12 17:04:42,847 [main] WARN  server.ServerUtils (ServerUtils.java:getScmDbDir(148)) - ozone.scm.db.dirs is not configured. We recommend adding this setting. Falling back to ozone.metadata.dirs instead.
2021-01-12 17:04:42,983 [main] WARN  db.DBStoreBuilder (DBStoreBuilder.java:applyDBDefinition(145)) - ozone.scm.db.dirs is not configured. We recommend adding this setting. Falling back to ozone.metadata.dirs instead.
2021-01-12 17:04:43,106 [main] INFO  net.NodeSchemaLoader (NodeSchemaLoader.java:loadSchemaFromFile(126)) - Loading file from sun.misc.CompoundEnumeration@773cbf4f
2021-01-12 17:04:43,107 [main] INFO  net.NodeSchemaLoader (NodeSchemaLoader.java:loadSchema(172)) - Loading network topology layer schema file
2021-01-12 17:04:43,182 [main] INFO  node.SCMNodeManager (SCMNodeManager.java:<init>(123)) - Entering startup safe mode.
2021-01-12 17:04:43,332 [main] INFO  algorithms.ContainerPlacementPolicyFactory (ContainerPlacementPolicyFactory.java:getPolicy(60)) - Create container placement policy of type org.apache.hadoop.hdds.scm.container.placement.algorithms.SCMContainerPlacementRandom
2021-01-12 17:04:43,361 [main] INFO  algorithms.LeaderChoosePolicyFactory (LeaderChoosePolicyFactory.java:getPolicy(57)) - Create leader choose policy of type org.apache.hadoop.hdds.scm.pipeline.leader.choose.algorithms.MinLeaderCountChoosePolicy
2021-01-12 17:04:43,362 [main] INFO  pipeline.SCMPipelineManager (SCMPipelineManager.java:initializePipelineState(161)) - No pipeline exists in current db
2021-01-12 17:04:43,384 [main] INFO  algorithms.PipelineChoosePolicyFactory (PipelineChoosePolicyFactory.java:createPipelineChoosePolicyFromClass(75)) - Create pipeline choose policy of type org.apache.hadoop.hdds.scm.pipeline.choose.algorithms.RandomPipelineChoosePolicy
2021-01-12 17:04:43,459 [main] INFO  safemode.HealthyPipelineSafeModeRule (HealthyPipelineSafeModeRule.java:<init>(89)) - Total pipeline count is 0, healthy pipeline threshold count is 0
2021-01-12 17:04:43,463 [main] INFO  safemode.OneReplicaPipelineSafeModeRule (OneReplicaPipelineSafeModeRule.java:<init>(85)) - Total pipeline count is 0, pipeline's with at least one datanode reported threshold count is 0
2021-01-12 17:04:43,926 [main] INFO  ipc.CallQueueManager (CallQueueManager.java:<init>(84)) - Using callQueue: class java.util.concurrent.LinkedBlockingQueue, queueCapacity: 2000, scheduler: class org.apache.hadoop.ipc.DefaultRpcScheduler, ipcBackoff: false.
2021-01-12 17:04:43,947 [Socket Reader #1 for port 0] INFO  ipc.Server (Server.java:run(1219)) - Starting Socket Reader #1 for port 0
2021-01-12 17:04:43,980 [Listener at 0.0.0.0/43815] INFO  ipc.CallQueueManager (CallQueueManager.java:<init>(84)) - Using callQueue: class java.util.concurrent.LinkedBlockingQueue, queueCapacity: 2000, scheduler: class org.apache.hadoop.ipc.DefaultRpcScheduler, ipcBackoff: false.
2021-01-12 17:04:43,982 [Socket Reader #1 for port 0] INFO  ipc.Server (Server.java:run(1219)) - Starting Socket Reader #1 for port 0
2021-01-12 17:04:43,994 [Listener at 0.0.0.0/34871] INFO  ipc.CallQueueManager (CallQueueManager.java:<init>(84)) - Using callQueue: class java.util.concurrent.LinkedBlockingQueue, queueCapacity: 2000, scheduler: class org.apache.hadoop.ipc.DefaultRpcScheduler, ipcBackoff: false.
2021-01-12 17:04:43,995 [Socket Reader #1 for port 0] INFO  ipc.Server (Server.java:run(1219)) - Starting Socket Reader #1 for port 0
2021-01-12 17:04:44,013 [Listener at 0.0.0.0/34333] INFO  http.BaseHttpServer (BaseHttpServer.java:newHttpServer2BuilderForOzone(207)) - Starting Web-server for scm at: http://0.0.0.0:0
2021-01-12 17:04:44,014 [Listener at 0.0.0.0/34333] INFO  http.BaseHttpServer (BaseHttpServer.java:<init>(106)) - Hadoop Security Enabled: false Ozone Security Enabled: false Ozone HTTP Security Enabled: false 
2021-01-12 17:04:44,038 [Listener at 0.0.0.0/34333] INFO  util.log (Log.java:initialized(169)) - Logging initialized @2215ms to org.eclipse.jetty.util.log.Slf4jLog
2021-01-12 17:04:44,142 [Listener at 0.0.0.0/34333] INFO  server.AuthenticationFilter (AuthenticationFilter.java:constructSecretProvider(240)) - Unable to initialize FileSignerSecretProvider, falling back to use random secrets.
2021-01-12 17:04:44,159 [Listener at 0.0.0.0/34333] WARN  http.HttpRequestLog (HttpRequestLog.java:getRequestLog(103)) - Jetty request log can only be enabled using Log4j
2021-01-12 17:04:44,163 [Listener at 0.0.0.0/34333] INFO  http.HttpServer2 (HttpServer2.java:addGlobalFilter(1020)) - Added global filter 'safety' (class=org.apache.hadoop.hdds.server.http.HttpServer2$QuotingInputFilter)
2021-01-12 17:04:44,166 [Listener at 0.0.0.0/34333] INFO  http.HttpServer2 (HttpServer2.java:addFilter(996)) - Added filter static_user_filter (class=org.apache.hadoop.http.lib.StaticUserWebFilter$StaticUserFilter) to context scm
2021-01-12 17:04:44,166 [Listener at 0.0.0.0/34333] INFO  http.HttpServer2 (HttpServer2.java:addFilter(1004)) - Added filter static_user_filter (class=org.apache.hadoop.http.lib.StaticUserWebFilter$StaticUserFilter) to context static
2021-01-12 17:04:44,166 [Listener at 0.0.0.0/34333] INFO  http.HttpServer2 (HttpServer2.java:addFilter(1004)) - Added filter static_user_filter (class=org.apache.hadoop.http.lib.StaticUserWebFilter$StaticUserFilter) to context logs
2021-01-12 17:04:44,227 [Listener at 0.0.0.0/34333] INFO  server.StorageContainerManager (StorageContainerManager.java:start(789)) - StorageContainerLocationProtocol RPC server is listening at /0.0.0.0:34333
2021-01-12 17:04:44,271 [Listener at 0.0.0.0/34333] WARN  impl.MetricsConfig (MetricsConfig.java:loadFirst(134)) - Cannot locate configuration: tried hadoop-metrics2-storagecontainermanager.properties,hadoop-metrics2.properties
2021-01-12 17:04:44,281 [Listener at 0.0.0.0/34333] INFO  impl.MetricsSystemImpl (MetricsSystemImpl.java:startTimer(374)) - Scheduled Metric snapshot period at 10 second(s).
2021-01-12 17:04:44,281 [Listener at 0.0.0.0/34333] INFO  impl.MetricsSystemImpl (MetricsSystemImpl.java:start(191)) - StorageContainerManager metrics system started
2021-01-12 17:04:44,466 [Listener at 0.0.0.0/34333] INFO  server.SCMClientProtocolServer (SCMClientProtocolServer.java:start(159)) - RPC server for Client  is listening at /0.0.0.0:34333
2021-01-12 17:04:44,466 [IPC Server Responder] INFO  ipc.Server (Server.java:run(1460)) - IPC Server Responder: starting
2021-01-12 17:04:44,467 [IPC Server listener on 0] INFO  ipc.Server (Server.java:run(1298)) - IPC Server listener on 0: starting
2021-01-12 17:04:44,480 [Listener at 0.0.0.0/34333] INFO  server.StorageContainerManager (StorageContainerManager.java:start(801)) - ScmBlockLocationProtocol RPC server is listening at /0.0.0.0:34871
2021-01-12 17:04:44,481 [Listener at 0.0.0.0/34333] INFO  server.SCMBlockProtocolServer (SCMBlockProtocolServer.java:start(150)) - RPC server for Block Protocol is listening at /0.0.0.0:34871
2021-01-12 17:04:44,481 [IPC Server Responder] INFO  ipc.Server (Server.java:run(1460)) - IPC Server Responder: starting
2021-01-12 17:04:44,481 [IPC Server listener on 0] INFO  ipc.Server (Server.java:run(1298)) - IPC Server listener on 0: starting
2021-01-12 17:04:44,485 [Listener at 0.0.0.0/34333] INFO  server.StorageContainerManager (StorageContainerManager.java:start(807)) - ScmDatanodeProtocl RPC server is listening at /0.0.0.0:43815
2021-01-12 17:04:44,485 [Listener at 0.0.0.0/34333] INFO  server.SCMDatanodeProtocolServer (SCMDatanodeProtocolServer.java:start(174)) - RPC server for DataNodes is listening at /0.0.0.0:43815
2021-01-12 17:04:44,486 [IPC Server Responder] INFO  ipc.Server (Server.java:run(1460)) - IPC Server Responder: starting
2021-01-12 17:04:44,486 [IPC Server listener on 0] INFO  ipc.Server (Server.java:run(1298)) - IPC Server listener on 0: starting
2021-01-12 17:04:44,489 [Listener at 0.0.0.0/34333] INFO  http.HttpServer2 (HttpServer2.java:bindListener(1238)) - Jetty bound to port 36569
2021-01-12 17:04:44,491 [Listener at 0.0.0.0/34333] INFO  server.Server (Server.java:doStart(375)) - jetty-9.4.34.v20201102; built: 2020-11-02T14:15:39.302Z; git: e46af88704a893fc12cb0e3bf46e2c7b48a009e7; jvm 1.8.0_232-b09
2021-01-12 17:04:44,525 [Listener at 0.0.0.0/34333] INFO  server.session (DefaultSessionIdManager.java:doStart(334)) - DefaultSessionIdManager workerName=node0
2021-01-12 17:04:44,525 [Listener at 0.0.0.0/34333] INFO  server.session (DefaultSessionIdManager.java:doStart(339)) - No SessionScavenger set, using defaults
2021-01-12 17:04:44,527 [Listener at 0.0.0.0/34333] INFO  server.session (HouseKeeper.java:startScavenging(132)) - node0 Scavenging every 660000ms
2021-01-12 17:04:44,540 [Listener at 0.0.0.0/34333] INFO  handler.ContextHandler (ContextHandler.java:doStart(916)) - Started o.e.j.s.ServletContextHandler@261bd7b{logs,/logs,file:///github/workspace/mnt/ozone/hadoop-ozone/integration-test/target/log,AVAILABLE}
2021-01-12 17:04:44,540 [Listener at 0.0.0.0/34333] INFO  handler.ContextHandler (ContextHandler.java:doStart(916)) - Started o.e.j.s.ServletContextHandler@588545ac{static,/static,file:///github/workspace/mnt/ozone/hadoop-ozone/integration-test/target/test-classes/webapps/static,AVAILABLE}
2021-01-12 17:04:44,576 [Listener at 0.0.0.0/34333] INFO  handler.ContextHandler (ContextHandler.java:doStart(916)) - Started o.e.j.w.WebAppContext@6b1321b7{scm,/,file:///github/workspace/mnt/ozone/hadoop-ozone/integration-test/target/test-classes/webapps/scm/,AVAILABLE}{file:/github/workspace/mnt/ozone/hadoop-ozone/integration-test/target/test-classes/webapps/scm}
2021-01-12 17:04:44,583 [Listener at 0.0.0.0/34333] INFO  server.AbstractConnector (AbstractConnector.java:doStart(331)) - Started ServerConnector@37a0ec3c{HTTP/1.1, (http/1.1)}{0.0.0.0:36569}
2021-01-12 17:04:44,583 [Listener at 0.0.0.0/34333] INFO  server.Server (Server.java:doStart(415)) - Started @2760ms
2021-01-12 17:04:44,585 [Listener at 0.0.0.0/34333] INFO  impl.MetricsSinkAdapter (MetricsSinkAdapter.java:start(204)) - Sink prometheus started
2021-01-12 17:04:44,585 [Listener at 0.0.0.0/34333] INFO  impl.MetricsSystemImpl (MetricsSystemImpl.java:registerSink(301)) - Registered sink prometheus
2021-01-12 17:04:44,588 [Listener at 0.0.0.0/34333] INFO  http.BaseHttpServer (BaseHttpServer.java:updateConnectorAddress(327)) - HTTP server of scm listening at http://0.0.0.0:36569
2021-01-12 17:04:44,593 [Listener at 0.0.0.0/34333] WARN  server.ServerUtils (ServerUtils.java:getDBPath(225)) - ozone.om.db.dirs is not configured. We recommend adding this setting. Falling back to ozone.metadata.dirs instead.
2021-01-12 17:04:44,594 [org.apache.hadoop.util.JvmPauseMonitor$Monitor@544e3679] INFO  util.JvmPauseMonitor (JvmPauseMonitor.java:run(188)) - Starting JVM pause monitor
2021-01-12 17:04:44,686 [Listener at 0.0.0.0/34333] INFO  ha.OMHANodeDetails (OMHANodeDetails.java:loadOMHAConfig(104)) - ozone.om.internal.service.id is not defined, falling back to ozone.om.service.ids to find serviceID for OzoneManager if it is HA enabled cluster
2021-01-12 17:04:44,688 [Listener at 0.0.0.0/34333] INFO  ha.OMHANodeDetails (OMHANodeDetails.java:loadOMHAConfig(210)) - Configuration either no ozone.om.address set. Falling back to the default OM address /127.0.0.1:0
2021-01-12 17:04:44,688 [Listener at 0.0.0.0/34333] INFO  ha.OMHANodeDetails (OMHANodeDetails.java:getOMNodeDetails(238)) - OM Service ID is not set. Setting it to the default ID: omServiceIdDefault
2021-01-12 17:04:44,690 [Listener at 0.0.0.0/34333] WARN  server.ServerUtils (ServerUtils.java:getDBPath(225)) - ozone.om.db.dirs is not configured. We recommend adding this setting. Falling back to ozone.metadata.dirs instead.
2021-01-12 17:04:44,690 [Listener at 0.0.0.0/34333] WARN  server.ServerUtils (ServerUtils.java:getDBPath(225)) - ozone.om.db.dirs is not configured. We recommend adding this setting. Falling back to ozone.metadata.dirs instead.
2021-01-12 17:04:45,386 [Listener at 0.0.0.0/34333] WARN  server.ServerUtils (ServerUtils.java:getDBPath(225)) - ozone.om.db.dirs is not configured. We recommend adding this setting. Falling back to ozone.metadata.dirs instead.
2021-01-12 17:04:45,391 [Listener at 0.0.0.0/34333] INFO  codec.OmKeyInfoCodec (OmKeyInfoCodec.java:<init>(41)) - OmKeyInfoCodec ignorePipeline = true
2021-01-12 17:04:45,392 [Listener at 0.0.0.0/34333] INFO  codec.RepeatedOmKeyInfoCodec (RepeatedOmKeyInfoCodec.java:<init>(40)) - RepeatedOmKeyInfoCodec ignorePipeline = true
2021-01-12 17:04:45,525 [Listener at 0.0.0.0/34333] INFO  om.OzoneManager (OzoneManager.java:addS3GVolumeToDB(3738)) - Created Volume s3v With Owner jenkins1001 required for S3Gateway operations.
2021-01-12 17:04:45,530 [Listener at 0.0.0.0/34333] WARN  server.ServerUtils (ServerUtils.java:getDefaultRatisDirectory(237)) - Storage directory for Ratis is not configured. It is a good idea to map this to an SSD disk. Falling back to ozone.metadata.dirs
2021-01-12 17:04:45,531 [Listener at 0.0.0.0/34333] WARN  ratis.OzoneManagerRatisServer (OzoneManagerRatisServer.java:getOMRatisSnapshotDirectory(638)) - ozone.om.ratis.snapshot.dir is not configured. Falling back to ozone.metadata.dirs config
2021-01-12 17:04:45,540 [Listener at 0.0.0.0/34333] INFO  metrics.MetricRegistries (MetricRegistriesLoader.java:load(64)) - Loaded MetricRegistries class org.apache.ratis.metrics.impl.MetricRegistriesImpl
2021-01-12 17:04:45,569 [Listener at 0.0.0.0/34333] WARN  server.ServerUtils (ServerUtils.java:getDefaultRatisDirectory(237)) - Storage directory for Ratis is not configured. It is a good idea to map this to an SSD disk. Falling back to ozone.metadata.dirs
2021-01-12 17:04:45,604 [Listener at 0.0.0.0/34333] INFO  ratis.OzoneManagerRatisServer (OzoneManagerRatisServer.java:<init>(280)) - Instantiating OM Ratis server with GroupID: omServiceIdDefault and Raft Peers: localhost:9872
2021-01-12 17:04:45,618 [Listener at 0.0.0.0/34333] INFO  ratis.OzoneManagerStateMachine (OzoneManagerStateMachine.java:loadSnapshotInfoFromDB(518)) - LastAppliedIndex is set from TransactionInfo from OM DB as (t:0, i:~)
2021-01-12 17:04:45,652 [Listener at 0.0.0.0/34333] INFO  server.RaftServer (ConfUtils.java:logGet(44)) - raft.rpc.type = GRPC (default)
2021-01-12 17:04:45,701 [Listener at 0.0.0.0/34333] INFO  grpc.GrpcFactory (GrpcFactory.java:checkPooledByteBufAllocatorUseCacheForAllThreads(48)) - PERFORMANCE WARNING: useCacheForAllThreads is true that may cause Netty to create a lot garbage objects and, as a result, trigger GC.
	It is recommended to disable useCacheForAllThreads by setting -Dorg.apache.ratis.thirdparty.io.netty.allocator.useCacheForAllThreads=false in command line.
2021-01-12 17:04:45,706 [Listener at 0.0.0.0/34333] INFO  grpc.GrpcConfigKeys (ConfUtils.java:logGet(44)) - raft.grpc.server.port = 9872 (custom)
2021-01-12 17:04:45,707 [Listener at 0.0.0.0/34333] INFO  server.GrpcService (ConfUtils.java:logGet(44)) - raft.grpc.message.size.max = 33554432 (custom)
2021-01-12 17:04:45,708 [Listener at 0.0.0.0/34333] INFO  server.RaftServerConfigKeys (ConfUtils.java:logGet(44)) - raft.server.log.appender.buffer.byte-limit = 33554432 (custom)
2021-01-12 17:04:45,709 [Listener at 0.0.0.0/34333] INFO  server.GrpcService (ConfUtils.java:logGet(44)) - raft.grpc.flow.control.window = 1MB (=1048576) (default)
2021-01-12 17:04:45,709 [Listener at 0.0.0.0/34333] INFO  server.RaftServerConfigKeys (ConfUtils.java:logGet(44)) - raft.server.rpc.request.timeout = 3000ms (default)
2021-01-12 17:04:45,857 [Listener at 0.0.0.0/34333] INFO  impl.DataStreamServerImpl (ConfUtils.java:logGet(44)) - raft.datastream.type = DISABLED (default)
2021-01-12 17:04:45,860 [Listener at 0.0.0.0/34333] INFO  server.RaftServerConfigKeys (ConfUtils.java:logGet(44)) - raft.server.rpc.slowness.timeout = 120s (custom)
2021-01-12 17:04:45,861 [Listener at 0.0.0.0/34333] INFO  server.RaftServerConfigKeys (ConfUtils.java:logGet(44)) - raft.server.leaderelection.leader.step-down.wait-time = 10s (default)
2021-01-12 17:04:45,873 [Listener at 0.0.0.0/34333] INFO  server.RaftServerConfigKeys (ConfUtils.java:logGet(44)) - raft.server.storage.dir = [/github/workspace/mnt/ozone/hadoop-ozone/integration-test/target/test-dir/MiniOzoneClusterImpl-cb34e439-7967-4e12-9ea2-a7af50442216/ozone-meta/ratis] (custom)
2021-01-12 17:04:45,878 [Listener at 0.0.0.0/34333] INFO  server.RaftServer (RaftServerProxy.java:addNew(95)) - f72a0c73-124b-4830-bfc7-c3f2e5c3291d: addNew group-C5BA1605619E:[f72a0c73-124b-4830-bfc7-c3f2e5c3291d|rpc:localhost:9872|priority:0] returns group-C5BA1605619E:java.util.concurrent.CompletableFuture@560c3758[Not completed]
2021-01-12 17:04:45,879 [Listener at 0.0.0.0/34333] INFO  om.OzoneManager (OzoneManager.java:initializeRatisServer(1332)) - OzoneManager Ratis server initialized at port 9872
2021-01-12 17:04:45,892 [Listener at 0.0.0.0/34333] INFO  ipc.CallQueueManager (CallQueueManager.java:<init>(84)) - Using callQueue: class java.util.concurrent.LinkedBlockingQueue, queueCapacity: 2000, scheduler: class org.apache.hadoop.ipc.DefaultRpcScheduler, ipcBackoff: false.
2021-01-12 17:04:45,905 [pool-25-thread-1] INFO  server.RaftServer$Division (RaftServerImpl.java:<init>(179)) - f72a0c73-124b-4830-bfc7-c3f2e5c3291d: new RaftServerImpl for group-C5BA1605619E:[f72a0c73-124b-4830-bfc7-c3f2e5c3291d|rpc:localhost:9872|priority:0] with OzoneManagerStateMachine:uninitialized
2021-01-12 17:04:45,907 [pool-25-thread-1] INFO  server.RaftServerConfigKeys (ConfUtils.java:logGet(44)) - raft.server.rpc.timeout.min = 1s (custom)
2021-01-12 17:04:45,907 [pool-25-thread-1] INFO  server.RaftServerConfigKeys (ConfUtils.java:logGet(44)) - raft.server.rpc.timeout.max = 1200ms (custom)
2021-01-12 17:04:45,907 [pool-25-thread-1] INFO  server.RaftServerConfigKeys (ConfUtils.java:logGet(44)) - raft.server.rpc.sleep.time = 25ms (default)
2021-01-12 17:04:45,907 [pool-25-thread-1] INFO  server.RaftServerConfigKeys (ConfUtils.java:logGet(44)) - raft.server.rpc.slowness.timeout = 120s (custom)
2021-01-12 17:04:45,908 [pool-25-thread-1] INFO  server.RaftServerConfigKeys (ConfUtils.java:logGet(44)) - raft.server.leaderelection.leader.step-down.wait-time = 10s (default)
2021-01-12 17:04:45,908 [pool-25-thread-1] INFO  server.RaftServerConfigKeys (ConfUtils.java:logGet(44)) - raft.server.sleep.deviation.threshold = 300ms (default)
2021-01-12 17:04:45,909 [pool-25-thread-1] INFO  server.RaftServerConfigKeys (ConfUtils.java:logGet(44)) - raft.server.log.appender.install.snapshot.enabled = false (custom)
2021-01-12 17:04:45,912 [Socket Reader #1 for port 0] INFO  ipc.Server (Server.java:run(1219)) - Starting Socket Reader #1 for port 0
2021-01-12 17:04:45,914 [pool-25-thread-1] INFO  server.RaftServer$Division (ServerState.java:<init>(103)) - f72a0c73-124b-4830-bfc7-c3f2e5c3291d@group-C5BA1605619E: ConfigurationManager, init=-1: [f72a0c73-124b-4830-bfc7-c3f2e5c3291d|rpc:localhost:9872|priority:0], old=null, confs=<EMPTY_MAP>
2021-01-12 17:04:45,921 [pool-25-thread-1] INFO  server.RaftServerConfigKeys (ConfUtils.java:logGet(44)) - raft.server.storage.dir = [/github/workspace/mnt/ozone/hadoop-ozone/integration-test/target/test-dir/MiniOzoneClusterImpl-cb34e439-7967-4e12-9ea2-a7af50442216/ozone-meta/ratis] (custom)
2021-01-12 17:04:45,931 [pool-25-thread-1] INFO  server.RaftServerConfigKeys (ConfUtils.java:logGet(44)) - raft.server.log.corruption.policy = EXCEPTION (default)
2021-01-12 17:04:45,943 [pool-25-thread-1] INFO  storage.RaftStorageDirectory (RaftStorageDirectoryImpl.java:analyzeStorage(132)) - The storage directory /github/workspace/mnt/ozone/hadoop-ozone/integration-test/target/test-dir/MiniOzoneClusterImpl-cb34e439-7967-4e12-9ea2-a7af50442216/ozone-meta/ratis/bf265839-605b-3f16-9796-c5ba1605619e does not exist. Creating ...
2021-01-12 17:04:45,949 [Listener at 127.0.0.1/37433] INFO  impl.MetricsSystemImpl (MetricsSystemImpl.java:init(158)) - OzoneManager metrics system started (again)
2021-01-12 17:04:45,950 [pool-25-thread-1] INFO  storage.RaftStorageDirectory (RaftStorageDirectoryImpl.java:tryLock(215)) - Lock on /github/workspace/mnt/ozone/hadoop-ozone/integration-test/target/test-dir/MiniOzoneClusterImpl-cb34e439-7967-4e12-9ea2-a7af50442216/ozone-meta/ratis/bf265839-605b-3f16-9796-c5ba1605619e/in_use.lock acquired by nodename 1071@e3a45581da16
2021-01-12 17:04:45,956 [pool-25-thread-1] INFO  storage.RaftStorage (RaftStorageImpl.java:format(87)) - Storage directory /github/workspace/mnt/ozone/hadoop-ozone/integration-test/target/test-dir/MiniOzoneClusterImpl-cb34e439-7967-4e12-9ea2-a7af50442216/ozone-meta/ratis/bf265839-605b-3f16-9796-c5ba1605619e has been successfully formatted.
2021-01-12 17:04:45,959 [pool-25-thread-1] ERROR storage.RaftStorage (RaftStorageImpl.java:readRaftConfiguration(147)) - Failed reading configuration from file:/github/workspace/mnt/ozone/hadoop-ozone/integration-test/target/test-dir/MiniOzoneClusterImpl-cb34e439-7967-4e12-9ea2-a7af50442216/ozone-meta/ratis/bf265839-605b-3f16-9796-c5ba1605619e/current/raft-meta.conf
java.io.FileNotFoundException: /github/workspace/mnt/ozone/hadoop-ozone/integration-test/target/test-dir/MiniOzoneClusterImpl-cb34e439-7967-4e12-9ea2-a7af50442216/ozone-meta/ratis/bf265839-605b-3f16-9796-c5ba1605619e/current/raft-meta.conf (No such file or directory)
	at java.io.FileInputStream.open0(Native Method)
	at java.io.FileInputStream.open(FileInputStream.java:195)
	at java.io.FileInputStream.<init>(FileInputStream.java:138)
	at org.apache.ratis.server.storage.RaftStorageImpl.readRaftConfiguration(RaftStorageImpl.java:143)
	at org.apache.ratis.server.impl.ServerState.<init>(ServerState.java:113)
	at org.apache.ratis.server.impl.RaftServerImpl.<init>(RaftServerImpl.java:192)
	at org.apache.ratis.server.impl.RaftServerProxy.lambda$newRaftServerImpl$4(RaftServerProxy.java:266)
	at java.util.concurrent.CompletableFuture$AsyncSupply.run(CompletableFuture.java:1604)
	at java.util.concurrent.ThreadPoolExecutor.runWorker(ThreadPoolExecutor.java:1149)
	at java.util.concurrent.ThreadPoolExecutor$Worker.run(ThreadPoolExecutor.java:624)
	at java.lang.Thread.run(Thread.java:748)
2021-01-12 17:04:45,964 [pool-25-thread-1] INFO  server.RaftServerConfigKeys (ConfUtils.java:logGet(44)) - raft.server.notification.no-leader.timeout = 120s (custom)
2021-01-12 17:04:45,965 [pool-25-thread-1] INFO  server.RaftServerConfigKeys (ConfUtils.java:logGet(44)) - raft.server.log.use.memory = false (default)
2021-01-12 17:04:45,961 [Listener at 127.0.0.1/37433] INFO  om.OzoneManager (OzoneManager.java:start(1160)) - OzoneManager RPC server is listening at localhost/127.0.0.1:37433
2021-01-12 17:04:45,968 [Listener at 127.0.0.1/37433] INFO  ratis.OzoneManagerRatisServer (OzoneManagerRatisServer.java:start(377)) - Starting OzoneManagerRatisServer f72a0c73-124b-4830-bfc7-c3f2e5c3291d at port 9872
2021-01-12 17:04:45,977 [pool-25-thread-1] INFO  server.RaftServerConfigKeys (ConfUtils.java:logGet(44)) - raft.server.log.purge.gap = 1000000 (custom)
2021-01-12 17:04:45,977 [pool-25-thread-1] INFO  server.RaftServerConfigKeys (ConfUtils.java:logGet(44)) - raft.server.log.appender.buffer.byte-limit = 33554432 (custom)
2021-01-12 17:04:45,981 [pool-25-thread-1] INFO  metrics.RatisMetrics (RatisMetrics.java:lambda$create$0(36)) - Creating Metrics Registry : ratis.log_worker.f72a0c73-124b-4830-bfc7-c3f2e5c3291d@group-C5BA1605619E
2021-01-12 17:04:46,008 [pool-25-thread-1] INFO  server.RaftServerConfigKeys (ConfUtils.java:logGet(44)) - raft.server.log.segment.size.max = 4194304 (custom)
2021-01-12 17:04:46,015 [pool-25-thread-1] INFO  server.RaftServerConfigKeys (ConfUtils.java:logGet(44)) - raft.server.log.segment.cache.num.max = 2 (custom)
2021-01-12 17:04:46,016 [pool-25-thread-1] INFO  server.RaftServerConfigKeys (ConfUtils.java:logGet(44)) - raft.server.log.segment.cache.size.max = 200MB (=209715200) (default)
2021-01-12 17:04:46,021 [pool-25-thread-1] INFO  segmented.SegmentedRaftLogWorker (SegmentedRaftLogWorker.java:<init>(181)) - new f72a0c73-124b-4830-bfc7-c3f2e5c3291d@group-C5BA1605619E-SegmentedRaftLogWorker for RaftStorageImpl:Storage Directory /github/workspace/mnt/ozone/hadoop-ozone/integration-test/target/test-dir/MiniOzoneClusterImpl-cb34e439-7967-4e12-9ea2-a7af50442216/ozone-meta/ratis/bf265839-605b-3f16-9796-c5ba1605619e
2021-01-12 17:04:46,022 [pool-25-thread-1] INFO  server.RaftServerConfigKeys (ConfUtils.java:logGet(44)) - raft.server.log.queue.byte-limit = 64MB (=67108864) (default)
2021-01-12 17:04:46,023 [pool-25-thread-1] INFO  server.RaftServerConfigKeys (ConfUtils.java:logGet(44)) - raft.server.log.queue.element-limit = 4096 (default)
2021-01-12 17:04:46,024 [pool-25-thread-1] INFO  server.RaftServerConfigKeys (ConfUtils.java:logGet(44)) - raft.server.log.segment.size.max = 4194304 (custom)
2021-01-12 17:04:46,024 [pool-25-thread-1] INFO  server.RaftServerConfigKeys (ConfUtils.java:logGet(44)) - raft.server.log.preallocated.size = 4194304 (custom)
2021-01-12 17:04:46,025 [pool-25-thread-1] INFO  server.RaftServerConfigKeys (ConfUtils.java:logGet(44)) - raft.server.log.force.sync.num = 128 (default)
2021-01-12 17:04:46,026 [pool-25-thread-1] INFO  server.RaftServerConfigKeys (ConfUtils.java:logGet(44)) - raft.server.log.statemachine.data.sync = true (default)
2021-01-12 17:04:46,026 [pool-25-thread-1] INFO  server.RaftServerConfigKeys (ConfUtils.java:logGet(44)) - raft.server.log.statemachine.data.sync.timeout = 10s (default)
2021-01-12 17:04:46,027 [pool-25-thread-1] INFO  server.RaftServerConfigKeys (ConfUtils.java:logGet(44)) - raft.server.log.statemachine.data.sync.timeout.retry = -1 (default)
2021-01-12 17:04:46,035 [pool-25-thread-1] INFO  server.RaftServerConfigKeys (ConfUtils.java:logGet(44)) - raft.server.log.write.buffer.size = 64KB (=65536) (default)
2021-01-12 17:04:46,035 [pool-25-thread-1] INFO  server.RaftServerConfigKeys (ConfUtils.java:logGet(44)) - raft.server.log.statemachine.data.caching.enabled = false (default)
2021-01-12 17:04:46,043 [pool-25-thread-1] INFO  segmented.SegmentedRaftLogWorker (SegmentedRaftLogWorker.java:lambda$new$0(132)) - f72a0c73-124b-4830-bfc7-c3f2e5c3291d@group-C5BA1605619E-SegmentedRaftLogWorker: flushIndex: setUnconditionally 0 -> -1
2021-01-12 17:04:46,043 [pool-25-thread-1] INFO  segmented.SegmentedRaftLogWorker (SegmentedRaftLogWorker.java:lambda$new$0(132)) - f72a0c73-124b-4830-bfc7-c3f2e5c3291d@group-C5BA1605619E-SegmentedRaftLogWorker: safeCacheEvictIndex: setUnconditionally 0 -> -1
2021-01-12 17:04:46,046 [pool-25-thread-1] INFO  server.RaftServerConfigKeys (ConfUtils.java:logGet(44)) - raft.server.snapshot.auto.trigger.enabled = true (custom)
2021-01-12 17:04:46,047 [pool-25-thread-1] INFO  server.RaftServerConfigKeys (ConfUtils.java:logGet(44)) - raft.server.snapshot.auto.trigger.threshold = 400000 (default)
2021-01-12 17:04:46,047 [pool-25-thread-1] INFO  server.RaftServerConfigKeys (ConfUtils.java:logGet(44)) - raft.server.snapshot.retention.file.num = -1 (default)
2021-01-12 17:04:46,048 [pool-25-thread-1] INFO  server.RaftServerConfigKeys (ConfUtils.java:logGet(44)) - raft.server.log.purge.upto.snapshot.index = true (custom)
2021-01-12 17:04:46,052 [pool-25-thread-1] INFO  server.RaftServerConfigKeys (ConfUtils.java:logGet(44)) - raft.server.retrycache.expirytime = 300s (custom)
2021-01-12 17:04:46,052 [pool-25-thread-1] INFO  server.RaftServerConfigKeys (ConfUtils.java:logGet(44)) - raft.server.retrycache.statistics.expirytime = 100?s (default)
2021-01-12 17:04:46,070 [pool-25-thread-1] INFO  metrics.RatisMetrics (RatisMetrics.java:lambda$create$0(36)) - Creating Metrics Registry : ratis.leader_election.f72a0c73-124b-4830-bfc7-c3f2e5c3291d@group-C5BA1605619E
2021-01-12 17:04:46,074 [pool-25-thread-1] INFO  metrics.RatisMetrics (RatisMetrics.java:lambda$create$0(36)) - Creating Metrics Registry : ratis.server.f72a0c73-124b-4830-bfc7-c3f2e5c3291d@group-C5BA1605619E
2021-01-12 17:04:46,083 [Listener at 127.0.0.1/37433] INFO  server.RaftServer$Division (RaftServerImpl.java:start(294)) - f72a0c73-124b-4830-bfc7-c3f2e5c3291d@group-C5BA1605619E: start as a follower, conf=-1: [f72a0c73-124b-4830-bfc7-c3f2e5c3291d|rpc:localhost:9872|priority:0], old=null
2021-01-12 17:04:46,084 [Listener at 127.0.0.1/37433] INFO  server.RaftServer$Division (RaftServerImpl.java:setRole(283)) - f72a0c73-124b-4830-bfc7-c3f2e5c3291d@group-C5BA1605619E: changes role from      null to FOLLOWER at term 0 for startAsFollower
2021-01-12 17:04:46,085 [Listener at 127.0.0.1/37433] INFO  impl.RoleInfo (RoleInfo.java:updateAndGet(130)) - f72a0c73-124b-4830-bfc7-c3f2e5c3291d: start f72a0c73-124b-4830-bfc7-c3f2e5c3291d@group-C5BA1605619E-FollowerState
2021-01-12 17:04:46,086 [Listener at 127.0.0.1/37433] INFO  util.JmxRegister (JmxRegister.java:tryRegister(44)) - Successfully registered JMX Bean with object name Ratis:service=RaftServer,group=group-C5BA1605619E,id=f72a0c73-124b-4830-bfc7-c3f2e5c3291d
2021-01-12 17:04:46,087 [Listener at 127.0.0.1/37433] INFO  metrics.RatisMetrics (RatisMetrics.java:lambda$create$0(36)) - Creating Metrics Registry : ratis.state_machine.f72a0c73-124b-4830-bfc7-c3f2e5c3291d@group-C5BA1605619E
2021-01-12 17:04:46,090 [Listener at 127.0.0.1/37433] INFO  server.RaftServer (RaftServerProxy.java:lambda$start$5(372)) - f72a0c73-124b-4830-bfc7-c3f2e5c3291d: start RPC server
2021-01-12 17:04:46,134 [Listener at 127.0.0.1/37433] INFO  server.GrpcService (GrpcService.java:startImpl(176)) - f72a0c73-124b-4830-bfc7-c3f2e5c3291d: GrpcService started, listening on 0.0.0.0/0.0.0.0:9872
2021-01-12 17:04:46,139 [org.apache.ratis.util.JvmPauseMonitor$$Lambda$304/1307545610@5e1bfe66] INFO  util.JvmPauseMonitor (JvmPauseMonitor.java:run(103)) - JvmPauseMonitor-f72a0c73-124b-4830-bfc7-c3f2e5c3291d: Started
2021-01-12 17:04:46,153 [Listener at 127.0.0.1/37433] INFO  http.BaseHttpServer (BaseHttpServer.java:newHttpServer2BuilderForOzone(207)) - Starting Web-server for ozoneManager at: http://0.0.0.0:0
2021-01-12 17:04:46,153 [Listener at 127.0.0.1/37433] INFO  http.BaseHttpServer (BaseHttpServer.java:<init>(106)) - Hadoop Security Enabled: false Ozone Security Enabled: false Ozone HTTP Security Enabled: false 
2021-01-12 17:04:46,154 [Listener at 127.0.0.1/37433] INFO  server.AuthenticationFilter (AuthenticationFilter.java:constructSecretProvider(240)) - Unable to initialize FileSignerSecretProvider, falling back to use random secrets.
2021-01-12 17:04:46,157 [Listener at 127.0.0.1/37433] WARN  http.HttpRequestLog (HttpRequestLog.java:getRequestLog(103)) - Jetty request log can only be enabled using Log4j
2021-01-12 17:04:46,158 [Listener at 127.0.0.1/37433] INFO  http.HttpServer2 (HttpServer2.java:addGlobalFilter(1020)) - Added global filter 'safety' (class=org.apache.hadoop.hdds.server.http.HttpServer2$QuotingInputFilter)
2021-01-12 17:04:46,159 [Listener at 127.0.0.1/37433] INFO  http.HttpServer2 (HttpServer2.java:addFilter(996)) - Added filter static_user_filter (class=org.apache.hadoop.http.lib.StaticUserWebFilter$StaticUserFilter) to context ozoneManager
2021-01-12 17:04:46,159 [Listener at 127.0.0.1/37433] INFO  http.HttpServer2 (HttpServer2.java:addFilter(1004)) - Added filter static_user_filter (class=org.apache.hadoop.http.lib.StaticUserWebFilter$StaticUserFilter) to context logs
2021-01-12 17:04:46,159 [Listener at 127.0.0.1/37433] INFO  http.HttpServer2 (HttpServer2.java:addFilter(1004)) - Added filter static_user_filter (class=org.apache.hadoop.http.lib.StaticUserWebFilter$StaticUserFilter) to context static
2021-01-12 17:04:46,163 [Listener at 127.0.0.1/37433] INFO  http.HttpServer2 (HttpServer2.java:bindListener(1238)) - Jetty bound to port 34909
2021-01-12 17:04:46,163 [Listener at 127.0.0.1/37433] INFO  server.Server (Server.java:doStart(375)) - jetty-9.4.34.v20201102; built: 2020-11-02T14:15:39.302Z; git: e46af88704a893fc12cb0e3bf46e2c7b48a009e7; jvm 1.8.0_232-b09
2021-01-12 17:04:46,165 [Listener at 127.0.0.1/37433] INFO  server.session (DefaultSessionIdManager.java:doStart(334)) - DefaultSessionIdManager workerName=node0
2021-01-12 17:04:46,165 [Listener at 127.0.0.1/37433] INFO  server.session (DefaultSessionIdManager.java:doStart(339)) - No SessionScavenger set, using defaults
2021-01-12 17:04:46,165 [Listener at 127.0.0.1/37433] INFO  server.session (HouseKeeper.java:startScavenging(132)) - node0 Scavenging every 600000ms
2021-01-12 17:04:46,166 [Listener at 127.0.0.1/37433] INFO  handler.ContextHandler (ContextHandler.java:doStart(916)) - Started o.e.j.s.ServletContextHandler@2723b0d0{logs,/logs,file:///github/workspace/mnt/ozone/hadoop-ozone/integration-test/target/log,AVAILABLE}
2021-01-12 17:04:46,166 [Listener at 127.0.0.1/37433] INFO  handler.ContextHandler (ContextHandler.java:doStart(916)) - Started o.e.j.s.ServletContextHandler@47d0195b{static,/static,file:///github/workspace/mnt/ozone/hadoop-ozone/integration-test/target/test-classes/webapps/static,AVAILABLE}
2021-01-12 17:04:46,171 [Listener at 127.0.0.1/37433] INFO  handler.ContextHandler (ContextHandler.java:doStart(916)) - Started o.e.j.w.WebAppContext@1a3611b1{ozoneManager,/,file:///github/workspace/mnt/ozone/hadoop-ozone/integration-test/target/test-classes/webapps/ozoneManager/,AVAILABLE}{file:/github/workspace/mnt/ozone/hadoop-ozone/integration-test/target/test-classes/webapps/ozoneManager}
2021-01-12 17:04:46,173 [Listener at 127.0.0.1/37433] INFO  server.AbstractConnector (AbstractConnector.java:doStart(331)) - Started ServerConnector@192b76a4{HTTP/1.1, (http/1.1)}{0.0.0.0:34909}
2021-01-12 17:04:46,173 [Listener at 127.0.0.1/37433] INFO  server.Server (Server.java:doStart(415)) - Started @4350ms
2021-01-12 17:04:46,173 [Listener at 127.0.0.1/37433] WARN  impl.MetricsSystemImpl (MetricsSystemImpl.java:register(276)) - Sink prometheus already exists!
2021-01-12 17:04:46,176 [Listener at 127.0.0.1/37433] INFO  http.BaseHttpServer (BaseHttpServer.java:updateConnectorAddress(327)) - HTTP server of ozoneManager listening at http://0.0.0.0:34909
2021-01-12 17:04:46,176 [IPC Server Responder] INFO  ipc.Server (Server.java:run(1460)) - IPC Server Responder: starting
2021-01-12 17:04:46,176 [IPC Server listener on 0] INFO  ipc.Server (Server.java:run(1298)) - IPC Server listener on 0: starting
2021-01-12 17:04:46,181 [Listener at 127.0.0.1/37433] INFO  om.OzoneManager (OzoneManager.java:startTrashEmptier(1281)) - Trash Interval set to 0. Files deleted will not move to trash
2021-01-12 17:04:46,183 [org.apache.hadoop.util.JvmPauseMonitor$Monitor@1dfd6023] INFO  util.JvmPauseMonitor (JvmPauseMonitor.java:run(188)) - Starting JVM pause monitor
2021-01-12 17:04:46,324 [Listener at 127.0.0.1/37433] INFO  impl.MetricsSystemImpl (MetricsSystemImpl.java:init(158)) - HddsDatanode metrics system started (again)
2021-01-12 17:04:46,328 [Listener at 127.0.0.1/37433] INFO  ozone.HddsDatanodeService (HddsDatanodeService.java:start(215)) - HddsDatanodeService host:e3a45581da16 ip:172.17.0.2
2021-01-12 17:04:46,383 [Listener at 127.0.0.1/37433] INFO  volume.HddsVolume (HddsVolume.java:<init>(176)) - Creating Volume: /github/workspace/mnt/ozone/hadoop-ozone/integration-test/target/test-dir/MiniOzoneClusterImpl-cb34e439-7967-4e12-9ea2-a7af50442216/datanode-0/data-0/containers/hdds of storage type : DISK and capacity : 9223372036854775807
2021-01-12 17:04:46,385 [Listener at 127.0.0.1/37433] INFO  volume.MutableVolumeSet (MutableVolumeSet.java:initializeVolumeSet(179)) - Added Volume : /github/workspace/mnt/ozone/hadoop-ozone/integration-test/target/test-dir/MiniOzoneClusterImpl-cb34e439-7967-4e12-9ea2-a7af50442216/datanode-0/data-0/containers/hdds to VolumeSet
2021-01-12 17:04:46,385 [Listener at 127.0.0.1/37433] INFO  volume.ThrottledAsyncChecker (ThrottledAsyncChecker.java:schedule(141)) - Scheduling a check for /github/workspace/mnt/ozone/hadoop-ozone/integration-test/target/test-dir/MiniOzoneClusterImpl-cb34e439-7967-4e12-9ea2-a7af50442216/datanode-0/data-0/containers/hdds
2021-01-12 17:04:46,405 [Listener at 127.0.0.1/37433] INFO  volume.HddsVolumeChecker (HddsVolumeChecker.java:checkAllVolumes(200)) - Scheduled health check for volume /github/workspace/mnt/ozone/hadoop-ozone/integration-test/target/test-dir/MiniOzoneClusterImpl-cb34e439-7967-4e12-9ea2-a7af50442216/datanode-0/data-0/containers/hdds
2021-01-12 17:04:46,424 [Thread-131] INFO  ozoneimpl.ContainerReader (ContainerReader.java:readVolume(123)) - Start to verify containers on volume /github/workspace/mnt/ozone/hadoop-ozone/integration-test/target/test-dir/MiniOzoneClusterImpl-cb34e439-7967-4e12-9ea2-a7af50442216/datanode-0/data-0/containers/hdds
2021-01-12 17:04:46,424 [Thread-131] INFO  ozoneimpl.ContainerReader (ContainerReader.java:readVolume(148)) - Finish verifying containers on volume /github/workspace/mnt/ozone/hadoop-ozone/integration-test/target/test-dir/MiniOzoneClusterImpl-cb34e439-7967-4e12-9ea2-a7af50442216/datanode-0/data-0/containers/hdds
2021-01-12 17:04:46,424 [Listener at 127.0.0.1/37433] INFO  ozoneimpl.OzoneContainer (OzoneContainer.java:buildContainerSet(206)) - Build ContainerSet costs 0s
2021-01-12 17:04:46,489 [Listener at 127.0.0.1/37433] INFO  server.RaftServer (ConfUtils.java:logGet(44)) - raft.rpc.type = GRPC (default)
2021-01-12 17:04:46,489 [Listener at 127.0.0.1/37433] INFO  grpc.GrpcFactory (GrpcFactory.java:checkPooledByteBufAllocatorUseCacheForAllThreads(48)) - PERFORMANCE WARNING: useCacheForAllThreads is true that may cause Netty to create a lot garbage objects and, as a result, trigger GC.
	It is recommended to disable useCacheForAllThreads by setting -Dorg.apache.ratis.thirdparty.io.netty.allocator.useCacheForAllThreads=false in command line.
2021-01-12 17:04:46,489 [Listener at 127.0.0.1/37433] INFO  grpc.GrpcConfigKeys (ConfUtils.java:logGet(44)) - raft.grpc.server.port = 0 (default)
2021-01-12 17:04:46,489 [Listener at 127.0.0.1/37433] INFO  server.GrpcService (ConfUtils.java:logGet(44)) - raft.grpc.message.size.max = 32MB (=33554432) (custom)
2021-01-12 17:04:46,490 [Listener at 127.0.0.1/37433] INFO  server.RaftServerConfigKeys (ConfUtils.java:logGet(44)) - raft.server.log.appender.buffer.byte-limit = 33554432 (custom)
2021-01-12 17:04:46,490 [Listener at 127.0.0.1/37433] INFO  server.GrpcService (ConfUtils.java:logGet(44)) - raft.grpc.flow.control.window = 5MB (=5242880) (custom)
2021-01-12 17:04:46,490 [Listener at 127.0.0.1/37433] INFO  server.RaftServerConfigKeys (ConfUtils.java:logGet(44)) - raft.server.rpc.request.timeout = 60s (custom)
2021-01-12 17:04:46,491 [Listener at 127.0.0.1/37433] INFO  impl.DataStreamServerImpl (ConfUtils.java:logGet(44)) - raft.datastream.type = DISABLED (default)
2021-01-12 17:04:46,491 [Listener at 127.0.0.1/37433] INFO  server.RaftServerConfigKeys (ConfUtils.java:logGet(44)) - raft.server.rpc.slowness.timeout = 300s (custom)
2021-01-12 17:04:46,491 [Listener at 127.0.0.1/37433] INFO  server.RaftServerConfigKeys (ConfUtils.java:logGet(44)) - raft.server.leaderelection.leader.step-down.wait-time = 10s (default)
2021-01-12 17:04:46,491 [Listener at 127.0.0.1/37433] INFO  server.RaftServerConfigKeys (ConfUtils.java:logGet(44)) - raft.server.storage.dir = [/github/workspace/mnt/ozone/hadoop-ozone/integration-test/target/test-dir/MiniOzoneClusterImpl-cb34e439-7967-4e12-9ea2-a7af50442216/datanode-0/data/ratis] (custom)
2021-01-12 17:04:46,545 [Listener at 127.0.0.1/37433] INFO  http.BaseHttpServer (BaseHttpServer.java:newHttpServer2BuilderForOzone(207)) - Starting Web-server for hddsDatanode at: http://0.0.0.0:0
2021-01-12 17:04:46,545 [Listener at 127.0.0.1/37433] INFO  http.BaseHttpServer (BaseHttpServer.java:<init>(106)) - Hadoop Security Enabled: false Ozone Security Enabled: false Ozone HTTP Security Enabled: false 
2021-01-12 17:04:46,546 [Listener at 127.0.0.1/37433] INFO  server.AuthenticationFilter (AuthenticationFilter.java:constructSecretProvider(240)) - Unable to initialize FileSignerSecretProvider, falling back to use random secrets.
2021-01-12 17:04:46,547 [Listener at 127.0.0.1/37433] WARN  http.HttpRequestLog (HttpRequestLog.java:getRequestLog(103)) - Jetty request log can only be enabled using Log4j
2021-01-12 17:04:46,548 [Listener at 127.0.0.1/37433] INFO  http.HttpServer2 (HttpServer2.java:addGlobalFilter(1020)) - Added global filter 'safety' (class=org.apache.hadoop.hdds.server.http.HttpServer2$QuotingInputFilter)
2021-01-12 17:04:46,549 [Listener at 127.0.0.1/37433] INFO  http.HttpServer2 (HttpServer2.java:addFilter(996)) - Added filter static_user_filter (class=org.apache.hadoop.http.lib.StaticUserWebFilter$StaticUserFilter) to context hddsDatanode
2021-01-12 17:04:46,549 [Listener at 127.0.0.1/37433] INFO  http.HttpServer2 (HttpServer2.java:addFilter(1004)) - Added filter static_user_filter (class=org.apache.hadoop.http.lib.StaticUserWebFilter$StaticUserFilter) to context logs
2021-01-12 17:04:46,549 [Listener at 127.0.0.1/37433] INFO  http.HttpServer2 (HttpServer2.java:addFilter(1004)) - Added filter static_user_filter (class=org.apache.hadoop.http.lib.StaticUserWebFilter$StaticUserFilter) to context static
2021-01-12 17:04:46,550 [Listener at 127.0.0.1/37433] INFO  http.HttpServer2 (HttpServer2.java:bindListener(1238)) - Jetty bound to port 42935
2021-01-12 17:04:46,550 [Listener at 127.0.0.1/37433] INFO  server.Server (Server.java:doStart(375)) - jetty-9.4.34.v20201102; built: 2020-11-02T14:15:39.302Z; git: e46af88704a893fc12cb0e3bf46e2c7b48a009e7; jvm 1.8.0_232-b09
2021-01-12 17:04:46,556 [Listener at 127.0.0.1/37433] INFO  server.session (DefaultSessionIdManager.java:doStart(334)) - DefaultSessionIdManager workerName=node0
2021-01-12 17:04:46,557 [Listener at 127.0.0.1/37433] INFO  server.session (DefaultSessionIdManager.java:doStart(339)) - No SessionScavenger set, using defaults
2021-01-12 17:04:46,557 [Listener at 127.0.0.1/37433] INFO  server.session (HouseKeeper.java:startScavenging(132)) - node0 Scavenging every 600000ms
2021-01-12 17:04:46,558 [Listener at 127.0.0.1/37433] INFO  handler.ContextHandler (ContextHandler.java:doStart(916)) - Started o.e.j.s.ServletContextHandler@7bb2b910{logs,/logs,file:///github/workspace/mnt/ozone/hadoop-ozone/integration-test/target/log,AVAILABLE}
2021-01-12 17:04:46,558 [Listener at 127.0.0.1/37433] INFO  handler.ContextHandler (ContextHandler.java:doStart(916)) - Started o.e.j.s.ServletContextHandler@3fc4e667{static,/static,jar:file:/home/user/.m2/repository/org/apache/hadoop/hadoop-hdds-container-service/1.1.0-SNAPSHOT/hadoop-hdds-container-service-1.1.0-SNAPSHOT.jar!/webapps/static,AVAILABLE}
2021-01-12 17:04:46,711 [Listener at 127.0.0.1/37433] INFO  handler.ContextHandler (ContextHandler.java:doStart(916)) - Started o.e.j.w.WebAppContext@42c7781a{hddsDatanode,/,file:///tmp/jetty-0_0_0_0-42935-hadoop-hdds-container-service-1_1_0-SNAPSHOT_jar-_-any-7829320509407196508/webapp/,AVAILABLE}{jar:file:/home/user/.m2/repository/org/apache/hadoop/hadoop-hdds-container-service/1.1.0-SNAPSHOT/hadoop-hdds-container-service-1.1.0-SNAPSHOT.jar!/webapps/hddsDatanode}
2021-01-12 17:04:46,712 [Listener at 127.0.0.1/37433] INFO  server.AbstractConnector (AbstractConnector.java:doStart(331)) - Started ServerConnector@16124894{HTTP/1.1, (http/1.1)}{0.0.0.0:42935}
2021-01-12 17:04:46,713 [Listener at 127.0.0.1/37433] INFO  server.Server (Server.java:doStart(415)) - Started @4890ms
2021-01-12 17:04:46,713 [Listener at 127.0.0.1/37433] WARN  impl.MetricsSystemImpl (MetricsSystemImpl.java:register(276)) - Sink prometheus already exists!
2021-01-12 17:04:47,263 [Thread-98] INFO  impl.FollowerState (FollowerState.java:run(133)) - f72a0c73-124b-4830-bfc7-c3f2e5c3291d@group-C5BA1605619E-FollowerState: change to CANDIDATE, lastRpcElapsedTime:1178400227ns, electionTimeout:1172ms
2021-01-12 17:04:47,264 [Thread-98] INFO  impl.RoleInfo (RoleInfo.java:shutdownFollowerState(108)) - f72a0c73-124b-4830-bfc7-c3f2e5c3291d: shutdown f72a0c73-124b-4830-bfc7-c3f2e5c3291d@group-C5BA1605619E-FollowerState
2021-01-12 17:04:47,264 [Thread-98] INFO  server.RaftServer$Division (RaftServerImpl.java:setRole(283)) - f72a0c73-124b-4830-bfc7-c3f2e5c3291d@group-C5BA1605619E: changes role from  FOLLOWER to CANDIDATE at term 0 for changeToCandidate
2021-01-12 17:04:47,267 [Thread-98] INFO  impl.RoleInfo (RoleInfo.java:updateAndGet(130)) - f72a0c73-124b-4830-bfc7-c3f2e5c3291d: start f72a0c73-124b-4830-bfc7-c3f2e5c3291d@group-C5BA1605619E-LeaderElection1
2021-01-12 17:04:47,269 [f72a0c73-124b-4830-bfc7-c3f2e5c3291d@group-C5BA1605619E-LeaderElection1] INFO  impl.LeaderElection (LeaderElection.java:askForPreVotes(259)) - f72a0c73-124b-4830-bfc7-c3f2e5c3291d@group-C5BA1605619E-LeaderElection1: begin a pre-vote at term 0 for -1: [f72a0c73-124b-4830-bfc7-c3f2e5c3291d|rpc:localhost:9872|priority:0], old=null
2021-01-12 17:04:47,270 [f72a0c73-124b-4830-bfc7-c3f2e5c3291d@group-C5BA1605619E-LeaderElection1] INFO  impl.LeaderElection (LeaderElection.java:askForPreVotes(261)) - f72a0c73-124b-4830-bfc7-c3f2e5c3291d@group-C5BA1605619E-LeaderElection1 pre-vote result is PASSED.
2021-01-12 17:04:47,272 [f72a0c73-124b-4830-bfc7-c3f2e5c3291d@group-C5BA1605619E-LeaderElection1] INFO  impl.LeaderElection (LeaderElection.java:askForVotes(308)) - f72a0c73-124b-4830-bfc7-c3f2e5c3291d@group-C5BA1605619E-LeaderElection1: begin an election at term 1 for -1: [f72a0c73-124b-4830-bfc7-c3f2e5c3291d|rpc:localhost:9872|priority:0], old=null
2021-01-12 17:04:47,272 [f72a0c73-124b-4830-bfc7-c3f2e5c3291d@group-C5BA1605619E-LeaderElection1] INFO  impl.RoleInfo (RoleInfo.java:shutdownLeaderElection(121)) - f72a0c73-124b-4830-bfc7-c3f2e5c3291d: shutdown f72a0c73-124b-4830-bfc7-c3f2e5c3291d@group-C5BA1605619E-LeaderElection1
2021-01-12 17:04:47,272 [f72a0c73-124b-4830-bfc7-c3f2e5c3291d@group-C5BA1605619E-LeaderElection1] INFO  server.RaftServer$Division (RaftServerImpl.java:setRole(283)) - f72a0c73-124b-4830-bfc7-c3f2e5c3291d@group-C5BA1605619E: changes role from CANDIDATE to LEADER at term 1 for changeToLeader
2021-01-12 17:04:47,273 [f72a0c73-124b-4830-bfc7-c3f2e5c3291d@group-C5BA1605619E-LeaderElection1] INFO  server.RaftServer$Division (ServerState.java:setLeader(249)) - f72a0c73-124b-4830-bfc7-c3f2e5c3291d@group-C5BA1605619E: change Leader from null to f72a0c73-124b-4830-bfc7-c3f2e5c3291d at term 1 for becomeLeader, leader elected after 1309ms
2021-01-12 17:04:47,278 [f72a0c73-124b-4830-bfc7-c3f2e5c3291d@group-C5BA1605619E-LeaderElection1] INFO  server.RaftServerConfigKeys (ConfUtils.java:logGet(44)) - raft.server.staging.catchup.gap = 1000 (default)
2021-01-12 17:04:47,280 [f72a0c73-124b-4830-bfc7-c3f2e5c3291d@group-C5BA1605619E-LeaderElection1] INFO  metrics.RatisMetrics (RatisMetrics.java:lambda$create$0(36)) - Creating Metrics Registry : ratis.log_appender.f72a0c73-124b-4830-bfc7-c3f2e5c3291d@group-C5BA1605619E
2021-01-12 17:04:47,282 [f72a0c73-124b-4830-bfc7-c3f2e5c3291d@group-C5BA1605619E-LeaderElection1] INFO  server.RaftServerConfigKeys (ConfUtils.java:logGet(44)) - raft.server.write.element-limit = 4096 (default)
2021-01-12 17:04:47,283 [f72a0c73-124b-4830-bfc7-c3f2e5c3291d@group-C5BA1605619E-LeaderElection1] INFO  server.RaftServerConfigKeys (ConfUtils.java:logGet(44)) - raft.server.write.byte-limit = 64MB (=67108864) (default)
2021-01-12 17:04:47,287 [f72a0c73-124b-4830-bfc7-c3f2e5c3291d@group-C5BA1605619E-LeaderElection1] INFO  server.RaftServerConfigKeys (ConfUtils.java:logGet(44)) - raft.server.watch.timeout = 10s (default)
2021-01-12 17:04:47,288 [f72a0c73-124b-4830-bfc7-c3f2e5c3291d@group-C5BA1605619E-LeaderElection1] INFO  server.RaftServerConfigKeys (ConfUtils.java:logGet(44)) - raft.server.watch.timeout.denomination = 1s (default)
2021-01-12 17:04:47,288 [f72a0c73-124b-4830-bfc7-c3f2e5c3291d@group-C5BA1605619E-LeaderElection1] INFO  server.RaftServerConfigKeys (ConfUtils.java:logGet(44)) - raft.server.watch.element-limit = 65536 (default)
2021-01-12 17:04:47,293 [f72a0c73-124b-4830-bfc7-c3f2e5c3291d@group-C5BA1605619E-LeaderElection1] INFO  impl.RoleInfo (RoleInfo.java:updateAndGet(130)) - f72a0c73-124b-4830-bfc7-c3f2e5c3291d: start f72a0c73-124b-4830-bfc7-c3f2e5c3291d@group-C5BA1605619E-LeaderStateImpl
2021-01-12 17:04:47,313 [f72a0c73-124b-4830-bfc7-c3f2e5c3291d@group-C5BA1605619E-LeaderElection1] INFO  segmented.SegmentedRaftLogWorker (SegmentedRaftLogWorker.java:startLogSegment(392)) - f72a0c73-124b-4830-bfc7-c3f2e5c3291d@group-C5BA1605619E-SegmentedRaftLogWorker: Starting segment from index:0
2021-01-12 17:04:47,344 [f72a0c73-124b-4830-bfc7-c3f2e5c3291d@group-C5BA1605619E-LeaderElection1] INFO  server.RaftServer$Division (ServerState.java:setRaftConf(368)) - f72a0c73-124b-4830-bfc7-c3f2e5c3291d@group-C5BA1605619E: set configuration 0: [f72a0c73-124b-4830-bfc7-c3f2e5c3291d|rpc:localhost:9872|dataStream:|priority:0], old=null
2021-01-12 17:04:47,442 [f72a0c73-124b-4830-bfc7-c3f2e5c3291d@group-C5BA1605619E-SegmentedRaftLogWorker] INFO  segmented.SegmentedRaftLogWorker (SegmentedRaftLogWorker.java:execute(599)) - f72a0c73-124b-4830-bfc7-c3f2e5c3291d@group-C5BA1605619E-SegmentedRaftLogWorker: created new log segment /github/workspace/mnt/ozone/hadoop-ozone/integration-test/target/test-dir/MiniOzoneClusterImpl-cb34e439-7967-4e12-9ea2-a7af50442216/ozone-meta/ratis/bf265839-605b-3f16-9796-c5ba1605619e/current/log_inprogress_0
2021-01-12 17:04:51,720 [Listener at 127.0.0.1/37433] INFO  http.BaseHttpServer (BaseHttpServer.java:updateConnectorAddress(327)) - HTTP server of hddsDatanode listening at http://0.0.0.0:42935
2021-01-12 17:04:51,722 [Listener at 127.0.0.1/37433] INFO  impl.MetricsSystemImpl (MetricsSystemImpl.java:init(158)) - HddsDatanode metrics system started (again)
2021-01-12 17:04:51,724 [Listener at 127.0.0.1/37433] INFO  ozone.HddsDatanodeService (HddsDatanodeService.java:start(215)) - HddsDatanodeService host:e3a45581da16 ip:172.17.0.2
2021-01-12 17:04:51,732 [Listener at 127.0.0.1/37433] INFO  volume.HddsVolume (HddsVolume.java:<init>(176)) - Creating Volume: /github/workspace/mnt/ozone/hadoop-ozone/integration-test/target/test-dir/MiniOzoneClusterImpl-cb34e439-7967-4e12-9ea2-a7af50442216/datanode-1/data-0/containers/hdds of storage type : DISK and capacity : 9223372036854775807
2021-01-12 17:04:51,732 [Listener at 127.0.0.1/37433] INFO  volume.MutableVolumeSet (MutableVolumeSet.java:initializeVolumeSet(179)) - Added Volume : /github/workspace/mnt/ozone/hadoop-ozone/integration-test/target/test-dir/MiniOzoneClusterImpl-cb34e439-7967-4e12-9ea2-a7af50442216/datanode-1/data-0/containers/hdds to VolumeSet
2021-01-12 17:04:51,732 [Listener at 127.0.0.1/37433] INFO  volume.ThrottledAsyncChecker (ThrottledAsyncChecker.java:schedule(141)) - Scheduling a check for /github/workspace/mnt/ozone/hadoop-ozone/integration-test/target/test-dir/MiniOzoneClusterImpl-cb34e439-7967-4e12-9ea2-a7af50442216/datanode-1/data-0/containers/hdds
2021-01-12 17:04:51,733 [Listener at 127.0.0.1/37433] INFO  volume.HddsVolumeChecker (HddsVolumeChecker.java:checkAllVolumes(200)) - Scheduled health check for volume /github/workspace/mnt/ozone/hadoop-ozone/integration-test/target/test-dir/MiniOzoneClusterImpl-cb34e439-7967-4e12-9ea2-a7af50442216/datanode-1/data-0/containers/hdds
2021-01-12 17:04:51,764 [org.apache.hadoop.util.JvmPauseMonitor$Monitor@581dc09e] INFO  util.JvmPauseMonitor (JvmPauseMonitor.java:run(188)) - Starting JVM pause monitor
2021-01-12 17:04:51,770 [Thread-142] INFO  ozoneimpl.ContainerReader (ContainerReader.java:readVolume(123)) - Start to verify containers on volume /github/workspace/mnt/ozone/hadoop-ozone/integration-test/target/test-dir/MiniOzoneClusterImpl-cb34e439-7967-4e12-9ea2-a7af50442216/datanode-1/data-0/containers/hdds
2021-01-12 17:04:51,770 [Thread-142] INFO  ozoneimpl.ContainerReader (ContainerReader.java:readVolume(148)) - Finish verifying containers on volume /github/workspace/mnt/ozone/hadoop-ozone/integration-test/target/test-dir/MiniOzoneClusterImpl-cb34e439-7967-4e12-9ea2-a7af50442216/datanode-1/data-0/containers/hdds
2021-01-12 17:04:51,771 [Listener at 127.0.0.1/37433] INFO  ozoneimpl.OzoneContainer (OzoneContainer.java:buildContainerSet(206)) - Build ContainerSet costs 0s
2021-01-12 17:04:51,773 [Listener at 127.0.0.1/37433] INFO  server.RaftServer (ConfUtils.java:logGet(44)) - raft.rpc.type = GRPC (default)
2021-01-12 17:04:51,774 [Listener at 127.0.0.1/37433] INFO  grpc.GrpcFactory (GrpcFactory.java:checkPooledByteBufAllocatorUseCacheForAllThreads(48)) - PERFORMANCE WARNING: useCacheForAllThreads is true that may cause Netty to create a lot garbage objects and, as a result, trigger GC.
	It is recommended to disable useCacheForAllThreads by setting -Dorg.apache.ratis.thirdparty.io.netty.allocator.useCacheForAllThreads=false in command line.
2021-01-12 17:04:51,774 [Listener at 127.0.0.1/37433] INFO  grpc.GrpcConfigKeys (ConfUtils.java:logGet(44)) - raft.grpc.server.port = 0 (default)
2021-01-12 17:04:51,774 [Listener at 127.0.0.1/37433] INFO  server.GrpcService (ConfUtils.java:logGet(44)) - raft.grpc.message.size.max = 32MB (=33554432) (custom)
2021-01-12 17:04:51,774 [Listener at 127.0.0.1/37433] INFO  server.RaftServerConfigKeys (ConfUtils.java:logGet(44)) - raft.server.log.appender.buffer.byte-limit = 33554432 (custom)
2021-01-12 17:04:51,774 [Listener at 127.0.0.1/37433] INFO  server.GrpcService (ConfUtils.java:logGet(44)) - raft.grpc.flow.control.window = 5MB (=5242880) (custom)
2021-01-12 17:04:51,774 [Listener at 127.0.0.1/37433] INFO  server.RaftServerConfigKeys (ConfUtils.java:logGet(44)) - raft.server.rpc.request.timeout = 60s (custom)
2021-01-12 17:04:51,775 [Listener at 127.0.0.1/37433] INFO  impl.DataStreamServerImpl (ConfUtils.java:logGet(44)) - raft.datastream.type = DISABLED (default)
2021-01-12 17:04:51,775 [Listener at 127.0.0.1/37433] INFO  server.RaftServerConfigKeys (ConfUtils.java:logGet(44)) - raft.server.rpc.slowness.timeout = 300s (custom)
2021-01-12 17:04:51,775 [Listener at 127.0.0.1/37433] INFO  server.RaftServerConfigKeys (ConfUtils.java:logGet(44)) - raft.server.leaderelection.leader.step-down.wait-time = 10s (default)
2021-01-12 17:04:51,776 [Listener at 127.0.0.1/37433] INFO  server.RaftServerConfigKeys (ConfUtils.java:logGet(44)) - raft.server.storage.dir = [/github/workspace/mnt/ozone/hadoop-ozone/integration-test/target/test-dir/MiniOzoneClusterImpl-cb34e439-7967-4e12-9ea2-a7af50442216/datanode-1/data/ratis] (custom)
2021-01-12 17:04:51,793 [Listener at 127.0.0.1/37433] INFO  http.BaseHttpServer (BaseHttpServer.java:newHttpServer2BuilderForOzone(207)) - Starting Web-server for hddsDatanode at: http://0.0.0.0:0
2021-01-12 17:04:51,793 [Listener at 127.0.0.1/37433] INFO  http.BaseHttpServer (BaseHttpServer.java:<init>(106)) - Hadoop Security Enabled: false Ozone Security Enabled: false Ozone HTTP Security Enabled: false 
2021-01-12 17:04:51,794 [Listener at 127.0.0.1/37433] INFO  server.AuthenticationFilter (AuthenticationFilter.java:constructSecretProvider(240)) - Unable to initialize FileSignerSecretProvider, falling back to use random secrets.
2021-01-12 17:04:51,800 [Listener at 127.0.0.1/37433] WARN  http.HttpRequestLog (HttpRequestLog.java:getRequestLog(103)) - Jetty request log can only be enabled using Log4j
2021-01-12 17:04:51,801 [Listener at 127.0.0.1/37433] INFO  http.HttpServer2 (HttpServer2.java:addGlobalFilter(1020)) - Added global filter 'safety' (class=org.apache.hadoop.hdds.server.http.HttpServer2$QuotingInputFilter)
2021-01-12 17:04:51,802 [Listener at 127.0.0.1/37433] INFO  http.HttpServer2 (HttpServer2.java:addFilter(996)) - Added filter static_user_filter (class=org.apache.hadoop.http.lib.StaticUserWebFilter$StaticUserFilter) to context hddsDatanode
2021-01-12 17:04:51,802 [Listener at 127.0.0.1/37433] INFO  http.HttpServer2 (HttpServer2.java:addFilter(1004)) - Added filter static_user_filter (class=org.apache.hadoop.http.lib.StaticUserWebFilter$StaticUserFilter) to context static
2021-01-12 17:04:51,802 [Listener at 127.0.0.1/37433] INFO  http.HttpServer2 (HttpServer2.java:addFilter(1004)) - Added filter static_user_filter (class=org.apache.hadoop.http.lib.StaticUserWebFilter$StaticUserFilter) to context logs
2021-01-12 17:04:51,803 [Listener at 127.0.0.1/37433] INFO  http.HttpServer2 (HttpServer2.java:bindListener(1238)) - Jetty bound to port 41705
2021-01-12 17:04:51,803 [Listener at 127.0.0.1/37433] INFO  server.Server (Server.java:doStart(375)) - jetty-9.4.34.v20201102; built: 2020-11-02T14:15:39.302Z; git: e46af88704a893fc12cb0e3bf46e2c7b48a009e7; jvm 1.8.0_232-b09
2021-01-12 17:04:51,834 [Listener at 127.0.0.1/37433] INFO  server.session (DefaultSessionIdManager.java:doStart(334)) - DefaultSessionIdManager workerName=node0
2021-01-12 17:04:51,834 [Listener at 127.0.0.1/37433] INFO  server.session (DefaultSessionIdManager.java:doStart(339)) - No SessionScavenger set, using defaults
2021-01-12 17:04:51,834 [Listener at 127.0.0.1/37433] INFO  server.session (HouseKeeper.java:startScavenging(132)) - node0 Scavenging every 660000ms
2021-01-12 17:04:51,835 [Listener at 127.0.0.1/37433] INFO  handler.ContextHandler (ContextHandler.java:doStart(916)) - Started o.e.j.s.ServletContextHandler@712adc04{logs,/logs,file:///github/workspace/mnt/ozone/hadoop-ozone/integration-test/target/log,AVAILABLE}
2021-01-12 17:04:51,835 [Listener at 127.0.0.1/37433] INFO  handler.ContextHandler (ContextHandler.java:doStart(916)) - Started o.e.j.s.ServletContextHandler@1c2503d2{static,/static,jar:file:/home/user/.m2/repository/org/apache/hadoop/hadoop-hdds-container-service/1.1.0-SNAPSHOT/hadoop-hdds-container-service-1.1.0-SNAPSHOT.jar!/webapps/static,AVAILABLE}
2021-01-12 17:04:51,986 [Datanode State Machine Task Thread - 0] INFO  datanode.InitDatanodeState (InitDatanodeState.java:persistContainerDatanodeDetails(145)) - DatanodeDetails is persisted to /github/workspace/mnt/ozone/hadoop-ozone/integration-test/target/test-dir/MiniOzoneClusterImpl-cb34e439-7967-4e12-9ea2-a7af50442216/datanode-0/meta/datanode.id
2021-01-12 17:04:52,070 [Listener at 127.0.0.1/37433] INFO  handler.ContextHandler (ContextHandler.java:doStart(916)) - Started o.e.j.w.WebAppContext@13e76a91{hddsDatanode,/,file:///tmp/jetty-0_0_0_0-41705-hadoop-hdds-container-service-1_1_0-SNAPSHOT_jar-_-any-2363672303895172935/webapp/,AVAILABLE}{jar:file:/home/user/.m2/repository/org/apache/hadoop/hadoop-hdds-container-service/1.1.0-SNAPSHOT/hadoop-hdds-container-service-1.1.0-SNAPSHOT.jar!/webapps/hddsDatanode}
2021-01-12 17:04:52,071 [Listener at 127.0.0.1/37433] INFO  server.AbstractConnector (AbstractConnector.java:doStart(331)) - Started ServerConnector@609a996f{HTTP/1.1, (http/1.1)}{0.0.0.0:41705}
2021-01-12 17:04:52,071 [Listener at 127.0.0.1/37433] INFO  server.Server (Server.java:doStart(415)) - Started @10248ms
2021-01-12 17:04:52,071 [Listener at 127.0.0.1/37433] WARN  impl.MetricsSystemImpl (MetricsSystemImpl.java:register(276)) - Sink prometheus already exists!
2021-01-12 17:04:52,075 [Listener at 127.0.0.1/37433] INFO  http.BaseHttpServer (BaseHttpServer.java:updateConnectorAddress(327)) - HTTP server of hddsDatanode listening at http://0.0.0.0:41705
2021-01-12 17:04:52,075 [Listener at 127.0.0.1/37433] INFO  impl.MetricsSystemImpl (MetricsSystemImpl.java:init(158)) - HddsDatanode metrics system started (again)
2021-01-12 17:04:52,076 [Listener at 127.0.0.1/37433] INFO  ozone.HddsDatanodeService (HddsDatanodeService.java:start(215)) - HddsDatanodeService host:e3a45581da16 ip:172.17.0.2
2021-01-12 17:04:52,083 [Listener at 127.0.0.1/37433] INFO  volume.HddsVolume (HddsVolume.java:<init>(176)) - Creating Volume: /github/workspace/mnt/ozone/hadoop-ozone/integration-test/target/test-dir/MiniOzoneClusterImpl-cb34e439-7967-4e12-9ea2-a7af50442216/datanode-2/data-0/containers/hdds of storage type : DISK and capacity : 9223372036854775807
2021-01-12 17:04:52,083 [Listener at 127.0.0.1/37433] INFO  volume.MutableVolumeSet (MutableVolumeSet.java:initializeVolumeSet(179)) - Added Volume : /github/workspace/mnt/ozone/hadoop-ozone/integration-test/target/test-dir/MiniOzoneClusterImpl-cb34e439-7967-4e12-9ea2-a7af50442216/datanode-2/data-0/containers/hdds to VolumeSet
2021-01-12 17:04:52,083 [Listener at 127.0.0.1/37433] INFO  volume.ThrottledAsyncChecker (ThrottledAsyncChecker.java:schedule(141)) - Scheduling a check for /github/workspace/mnt/ozone/hadoop-ozone/integration-test/target/test-dir/MiniOzoneClusterImpl-cb34e439-7967-4e12-9ea2-a7af50442216/datanode-2/data-0/containers/hdds
2021-01-12 17:04:52,084 [Listener at 127.0.0.1/37433] INFO  volume.HddsVolumeChecker (HddsVolumeChecker.java:checkAllVolumes(200)) - Scheduled health check for volume /github/workspace/mnt/ozone/hadoop-ozone/integration-test/target/test-dir/MiniOzoneClusterImpl-cb34e439-7967-4e12-9ea2-a7af50442216/datanode-2/data-0/containers/hdds
2021-01-12 17:04:52,104 [org.apache.hadoop.util.JvmPauseMonitor$Monitor@3778c0d] INFO  util.JvmPauseMonitor (JvmPauseMonitor.java:run(188)) - Starting JVM pause monitor
2021-01-12 17:04:52,121 [Datanode State Machine Task Thread - 0] INFO  datanode.InitDatanodeState (InitDatanodeState.java:persistContainerDatanodeDetails(145)) - DatanodeDetails is persisted to /github/workspace/mnt/ozone/hadoop-ozone/integration-test/target/test-dir/MiniOzoneClusterImpl-cb34e439-7967-4e12-9ea2-a7af50442216/datanode-1/meta/datanode.id
2021-01-12 17:04:52,121 [Thread-155] INFO  ozoneimpl.ContainerReader (ContainerReader.java:readVolume(123)) - Start to verify containers on volume /github/workspace/mnt/ozone/hadoop-ozone/integration-test/target/test-dir/MiniOzoneClusterImpl-cb34e439-7967-4e12-9ea2-a7af50442216/datanode-2/data-0/containers/hdds
2021-01-12 17:04:52,121 [Thread-155] INFO  ozoneimpl.ContainerReader (ContainerReader.java:readVolume(148)) - Finish verifying containers on volume /github/workspace/mnt/ozone/hadoop-ozone/integration-test/target/test-dir/MiniOzoneClusterImpl-cb34e439-7967-4e12-9ea2-a7af50442216/datanode-2/data-0/containers/hdds
2021-01-12 17:04:52,122 [Listener at 127.0.0.1/37433] INFO  ozoneimpl.OzoneContainer (OzoneContainer.java:buildContainerSet(206)) - Build ContainerSet costs 0s
2021-01-12 17:04:52,124 [Listener at 127.0.0.1/37433] INFO  server.RaftServer (ConfUtils.java:logGet(44)) - raft.rpc.type = GRPC (default)
2021-01-12 17:04:52,126 [Listener at 127.0.0.1/37433] INFO  grpc.GrpcFactory (GrpcFactory.java:checkPooledByteBufAllocatorUseCacheForAllThreads(48)) - PERFORMANCE WARNING: useCacheForAllThreads is true that may cause Netty to create a lot garbage objects and, as a result, trigger GC.
	It is recommended to disable useCacheForAllThreads by setting -Dorg.apache.ratis.thirdparty.io.netty.allocator.useCacheForAllThreads=false in command line.
2021-01-12 17:04:52,127 [Listener at 127.0.0.1/37433] INFO  grpc.GrpcConfigKeys (ConfUtils.java:logGet(44)) - raft.grpc.server.port = 0 (default)
2021-01-12 17:04:52,127 [Listener at 127.0.0.1/37433] INFO  server.GrpcService (ConfUtils.java:logGet(44)) - raft.grpc.message.size.max = 32MB (=33554432) (custom)
2021-01-12 17:04:52,127 [Listener at 127.0.0.1/37433] INFO  server.RaftServerConfigKeys (ConfUtils.java:logGet(44)) - raft.server.log.appender.buffer.byte-limit = 33554432 (custom)
2021-01-12 17:04:52,127 [Listener at 127.0.0.1/37433] INFO  server.GrpcService (ConfUtils.java:logGet(44)) - raft.grpc.flow.control.window = 5MB (=5242880) (custom)
2021-01-12 17:04:52,128 [Listener at 127.0.0.1/37433] INFO  server.RaftServerConfigKeys (ConfUtils.java:logGet(44)) - raft.server.rpc.request.timeout = 60s (custom)
2021-01-12 17:04:52,130 [Listener at 127.0.0.1/37433] INFO  impl.DataStreamServerImpl (ConfUtils.java:logGet(44)) - raft.datastream.type = DISABLED (default)
2021-01-12 17:04:52,131 [Listener at 127.0.0.1/37433] INFO  server.RaftServerConfigKeys (ConfUtils.java:logGet(44)) - raft.server.rpc.slowness.timeout = 300s (custom)
2021-01-12 17:04:52,132 [Listener at 127.0.0.1/37433] INFO  server.RaftServerConfigKeys (ConfUtils.java:logGet(44)) - raft.server.leaderelection.leader.step-down.wait-time = 10s (default)
2021-01-12 17:04:52,132 [Listener at 127.0.0.1/37433] INFO  server.RaftServerConfigKeys (ConfUtils.java:logGet(44)) - raft.server.storage.dir = [/github/workspace/mnt/ozone/hadoop-ozone/integration-test/target/test-dir/MiniOzoneClusterImpl-cb34e439-7967-4e12-9ea2-a7af50442216/datanode-2/data/ratis] (custom)
2021-01-12 17:04:52,138 [Listener at 127.0.0.1/37433] INFO  http.BaseHttpServer (BaseHttpServer.java:newHttpServer2BuilderForOzone(207)) - Starting Web-server for hddsDatanode at: http://0.0.0.0:0
2021-01-12 17:04:52,139 [Listener at 127.0.0.1/37433] INFO  http.BaseHttpServer (BaseHttpServer.java:<init>(106)) - Hadoop Security Enabled: false Ozone Security Enabled: false Ozone HTTP Security Enabled: false 
2021-01-12 17:04:52,140 [Listener at 127.0.0.1/37433] INFO  server.AuthenticationFilter (AuthenticationFilter.java:constructSecretProvider(240)) - Unable to initialize FileSignerSecretProvider, falling back to use random secrets.
2021-01-12 17:04:52,140 [Listener at 127.0.0.1/37433] WARN  http.HttpRequestLog (HttpRequestLog.java:getRequestLog(103)) - Jetty request log can only be enabled using Log4j
2021-01-12 17:04:52,141 [Listener at 127.0.0.1/37433] INFO  http.HttpServer2 (HttpServer2.java:addGlobalFilter(1020)) - Added global filter 'safety' (class=org.apache.hadoop.hdds.server.http.HttpServer2$QuotingInputFilter)
2021-01-12 17:04:52,142 [Listener at 127.0.0.1/37433] INFO  http.HttpServer2 (HttpServer2.java:addFilter(996)) - Added filter static_user_filter (class=org.apache.hadoop.http.lib.StaticUserWebFilter$StaticUserFilter) to context hddsDatanode
2021-01-12 17:04:52,142 [Listener at 127.0.0.1/37433] INFO  http.HttpServer2 (HttpServer2.java:addFilter(1004)) - Added filter static_user_filter (class=org.apache.hadoop.http.lib.StaticUserWebFilter$StaticUserFilter) to context static
2021-01-12 17:04:52,142 [Listener at 127.0.0.1/37433] INFO  http.HttpServer2 (HttpServer2.java:addFilter(1004)) - Added filter static_user_filter (class=org.apache.hadoop.http.lib.StaticUserWebFilter$StaticUserFilter) to context logs
2021-01-12 17:04:52,143 [Listener at 127.0.0.1/37433] INFO  http.HttpServer2 (HttpServer2.java:bindListener(1238)) - Jetty bound to port 46719
2021-01-12 17:04:52,143 [Listener at 127.0.0.1/37433] INFO  server.Server (Server.java:doStart(375)) - jetty-9.4.34.v20201102; built: 2020-11-02T14:15:39.302Z; git: e46af88704a893fc12cb0e3bf46e2c7b48a009e7; jvm 1.8.0_232-b09
2021-01-12 17:04:52,145 [Listener at 127.0.0.1/37433] INFO  server.session (DefaultSessionIdManager.java:doStart(334)) - DefaultSessionIdManager workerName=node0
2021-01-12 17:04:52,146 [Listener at 127.0.0.1/37433] INFO  server.session (DefaultSessionIdManager.java:doStart(339)) - No SessionScavenger set, using defaults
2021-01-12 17:04:52,146 [Listener at 127.0.0.1/37433] INFO  server.session (HouseKeeper.java:startScavenging(132)) - node0 Scavenging every 660000ms
2021-01-12 17:04:52,147 [Listener at 127.0.0.1/37433] INFO  handler.ContextHandler (ContextHandler.java:doStart(916)) - Started o.e.j.s.ServletContextHandler@32787dee{logs,/logs,file:///github/workspace/mnt/ozone/hadoop-ozone/integration-test/target/log,AVAILABLE}
2021-01-12 17:04:52,147 [Listener at 127.0.0.1/37433] INFO  handler.ContextHandler (ContextHandler.java:doStart(916)) - Started o.e.j.s.ServletContextHandler@47fe4c3e{static,/static,jar:file:/home/user/.m2/repository/org/apache/hadoop/hadoop-hdds-container-service/1.1.0-SNAPSHOT/hadoop-hdds-container-service-1.1.0-SNAPSHOT.jar!/webapps/static,AVAILABLE}
2021-01-12 17:04:52,291 [Listener at 127.0.0.1/37433] INFO  handler.ContextHandler (ContextHandler.java:doStart(916)) - Started o.e.j.w.WebAppContext@1b42eb0f{hddsDatanode,/,file:///tmp/jetty-0_0_0_0-46719-hadoop-hdds-container-service-1_1_0-SNAPSHOT_jar-_-any-28198467581762231/webapp/,AVAILABLE}{jar:file:/home/user/.m2/repository/org/apache/hadoop/hadoop-hdds-container-service/1.1.0-SNAPSHOT/hadoop-hdds-container-service-1.1.0-SNAPSHOT.jar!/webapps/hddsDatanode}
2021-01-12 17:04:52,292 [Listener at 127.0.0.1/37433] INFO  server.AbstractConnector (AbstractConnector.java:doStart(331)) - Started ServerConnector@19aa9540{HTTP/1.1, (http/1.1)}{0.0.0.0:46719}
2021-01-12 17:04:52,292 [Listener at 127.0.0.1/37433] INFO  server.Server (Server.java:doStart(415)) - Started @10469ms
2021-01-12 17:04:52,292 [Listener at 127.0.0.1/37433] WARN  impl.MetricsSystemImpl (MetricsSystemImpl.java:register(276)) - Sink prometheus already exists!
2021-01-12 17:04:52,356 [Listener at 127.0.0.1/37433] INFO  http.BaseHttpServer (BaseHttpServer.java:updateConnectorAddress(327)) - HTTP server of hddsDatanode listening at http://0.0.0.0:46719
2021-01-12 17:04:52,362 [Listener at 127.0.0.1/37433] INFO  impl.MetricsSystemImpl (MetricsSystemImpl.java:init(158)) - HddsDatanode metrics system started (again)
2021-01-12 17:04:52,364 [Listener at 127.0.0.1/37433] INFO  ozone.HddsDatanodeService (HddsDatanodeService.java:start(215)) - HddsDatanodeService host:e3a45581da16 ip:172.17.0.2
2021-01-12 17:04:52,365 [org.apache.hadoop.util.JvmPauseMonitor$Monitor@64c5695f] INFO  util.JvmPauseMonitor (JvmPauseMonitor.java:run(188)) - Starting JVM pause monitor
2021-01-12 17:04:52,371 [Datanode State Machine Task Thread - 0] INFO  datanode.InitDatanodeState (InitDatanodeState.java:persistContainerDatanodeDetails(145)) - DatanodeDetails is persisted to /github/workspace/mnt/ozone/hadoop-ozone/integration-test/target/test-dir/MiniOzoneClusterImpl-cb34e439-7967-4e12-9ea2-a7af50442216/datanode-2/meta/datanode.id
2021-01-12 17:04:52,372 [Listener at 127.0.0.1/37433] INFO  volume.HddsVolume (HddsVolume.java:<init>(176)) - Creating Volume: /github/workspace/mnt/ozone/hadoop-ozone/integration-test/target/test-dir/MiniOzoneClusterImpl-cb34e439-7967-4e12-9ea2-a7af50442216/datanode-3/data-0/containers/hdds of storage type : DISK and capacity : 9223372036854775807
2021-01-12 17:04:52,372 [Listener at 127.0.0.1/37433] INFO  volume.MutableVolumeSet (MutableVolumeSet.java:initializeVolumeSet(179)) - Added Volume : /github/workspace/mnt/ozone/hadoop-ozone/integration-test/target/test-dir/MiniOzoneClusterImpl-cb34e439-7967-4e12-9ea2-a7af50442216/datanode-3/data-0/containers/hdds to VolumeSet
2021-01-12 17:04:52,373 [Listener at 127.0.0.1/37433] INFO  volume.ThrottledAsyncChecker (ThrottledAsyncChecker.java:schedule(141)) - Scheduling a check for /github/workspace/mnt/ozone/hadoop-ozone/integration-test/target/test-dir/MiniOzoneClusterImpl-cb34e439-7967-4e12-9ea2-a7af50442216/datanode-3/data-0/containers/hdds
2021-01-12 17:04:52,374 [Listener at 127.0.0.1/37433] INFO  volume.HddsVolumeChecker (HddsVolumeChecker.java:checkAllVolumes(200)) - Scheduled health check for volume /github/workspace/mnt/ozone/hadoop-ozone/integration-test/target/test-dir/MiniOzoneClusterImpl-cb34e439-7967-4e12-9ea2-a7af50442216/datanode-3/data-0/containers/hdds
2021-01-12 17:04:52,390 [Thread-166] INFO  ozoneimpl.ContainerReader (ContainerReader.java:readVolume(123)) - Start to verify containers on volume /github/workspace/mnt/ozone/hadoop-ozone/integration-test/target/test-dir/MiniOzoneClusterImpl-cb34e439-7967-4e12-9ea2-a7af50442216/datanode-3/data-0/containers/hdds
2021-01-12 17:04:52,390 [Thread-166] INFO  ozoneimpl.ContainerReader (ContainerReader.java:readVolume(148)) - Finish verifying containers on volume /github/workspace/mnt/ozone/hadoop-ozone/integration-test/target/test-dir/MiniOzoneClusterImpl-cb34e439-7967-4e12-9ea2-a7af50442216/datanode-3/data-0/containers/hdds
2021-01-12 17:04:52,390 [Listener at 127.0.0.1/37433] INFO  ozoneimpl.OzoneContainer (OzoneContainer.java:buildContainerSet(206)) - Build ContainerSet costs 0s
2021-01-12 17:04:52,394 [Listener at 127.0.0.1/37433] INFO  server.RaftServer (ConfUtils.java:logGet(44)) - raft.rpc.type = GRPC (default)
2021-01-12 17:04:52,394 [Listener at 127.0.0.1/37433] INFO  grpc.GrpcFactory (GrpcFactory.java:checkPooledByteBufAllocatorUseCacheForAllThreads(48)) - PERFORMANCE WARNING: useCacheForAllThreads is true that may cause Netty to create a lot garbage objects and, as a result, trigger GC.
	It is recommended to disable useCacheForAllThreads by setting -Dorg.apache.ratis.thirdparty.io.netty.allocator.useCacheForAllThreads=false in command line.
2021-01-12 17:04:52,394 [Listener at 127.0.0.1/37433] INFO  grpc.GrpcConfigKeys (ConfUtils.java:logGet(44)) - raft.grpc.server.port = 0 (default)
2021-01-12 17:04:52,394 [Listener at 127.0.0.1/37433] INFO  server.GrpcService (ConfUtils.java:logGet(44)) - raft.grpc.message.size.max = 32MB (=33554432) (custom)
2021-01-12 17:04:52,394 [Listener at 127.0.0.1/37433] INFO  server.RaftServerConfigKeys (ConfUtils.java:logGet(44)) - raft.server.log.appender.buffer.byte-limit = 33554432 (custom)
2021-01-12 17:04:52,394 [Listener at 127.0.0.1/37433] INFO  server.GrpcService (ConfUtils.java:logGet(44)) - raft.grpc.flow.control.window = 5MB (=5242880) (custom)
2021-01-12 17:04:52,395 [Listener at 127.0.0.1/37433] INFO  server.RaftServerConfigKeys (ConfUtils.java:logGet(44)) - raft.server.rpc.request.timeout = 60s (custom)
2021-01-12 17:04:52,396 [Listener at 127.0.0.1/37433] INFO  impl.DataStreamServerImpl (ConfUtils.java:logGet(44)) - raft.datastream.type = DISABLED (default)
2021-01-12 17:04:52,396 [Listener at 127.0.0.1/37433] INFO  server.RaftServerConfigKeys (ConfUtils.java:logGet(44)) - raft.server.rpc.slowness.timeout = 300s (custom)
2021-01-12 17:04:52,396 [Listener at 127.0.0.1/37433] INFO  server.RaftServerConfigKeys (ConfUtils.java:logGet(44)) - raft.server.leaderelection.leader.step-down.wait-time = 10s (default)
2021-01-12 17:04:52,396 [Listener at 127.0.0.1/37433] INFO  server.RaftServerConfigKeys (ConfUtils.java:logGet(44)) - raft.server.storage.dir = [/github/workspace/mnt/ozone/hadoop-ozone/integration-test/target/test-dir/MiniOzoneClusterImpl-cb34e439-7967-4e12-9ea2-a7af50442216/datanode-3/data/ratis] (custom)
2021-01-12 17:04:52,401 [Listener at 127.0.0.1/37433] INFO  http.BaseHttpServer (BaseHttpServer.java:newHttpServer2BuilderForOzone(207)) - Starting Web-server for hddsDatanode at: http://0.0.0.0:0
2021-01-12 17:04:52,401 [Listener at 127.0.0.1/37433] INFO  http.BaseHttpServer (BaseHttpServer.java:<init>(106)) - Hadoop Security Enabled: false Ozone Security Enabled: false Ozone HTTP Security Enabled: false 
2021-01-12 17:04:52,402 [Listener at 127.0.0.1/37433] INFO  server.AuthenticationFilter (AuthenticationFilter.java:constructSecretProvider(240)) - Unable to initialize FileSignerSecretProvider, falling back to use random secrets.
2021-01-12 17:04:52,403 [Listener at 127.0.0.1/37433] WARN  http.HttpRequestLog (HttpRequestLog.java:getRequestLog(103)) - Jetty request log can only be enabled using Log4j
2021-01-12 17:04:52,404 [Listener at 127.0.0.1/37433] INFO  http.HttpServer2 (HttpServer2.java:addGlobalFilter(1020)) - Added global filter 'safety' (class=org.apache.hadoop.hdds.server.http.HttpServer2$QuotingInputFilter)
2021-01-12 17:04:52,406 [Listener at 127.0.0.1/37433] INFO  http.HttpServer2 (HttpServer2.java:addFilter(996)) - Added filter static_user_filter (class=org.apache.hadoop.http.lib.StaticUserWebFilter$StaticUserFilter) to context hddsDatanode
2021-01-12 17:04:52,406 [Listener at 127.0.0.1/37433] INFO  http.HttpServer2 (HttpServer2.java:addFilter(1004)) - Added filter static_user_filter (class=org.apache.hadoop.http.lib.StaticUserWebFilter$StaticUserFilter) to context static
2021-01-12 17:04:52,406 [Listener at 127.0.0.1/37433] INFO  http.HttpServer2 (HttpServer2.java:addFilter(1004)) - Added filter static_user_filter (class=org.apache.hadoop.http.lib.StaticUserWebFilter$StaticUserFilter) to context logs
2021-01-12 17:04:52,407 [Listener at 127.0.0.1/37433] INFO  http.HttpServer2 (HttpServer2.java:bindListener(1238)) - Jetty bound to port 33359
2021-01-12 17:04:52,407 [Listener at 127.0.0.1/37433] INFO  server.Server (Server.java:doStart(375)) - jetty-9.4.34.v20201102; built: 2020-11-02T14:15:39.302Z; git: e46af88704a893fc12cb0e3bf46e2c7b48a009e7; jvm 1.8.0_232-b09
2021-01-12 17:04:52,411 [Listener at 127.0.0.1/37433] INFO  server.session (DefaultSessionIdManager.java:doStart(334)) - DefaultSessionIdManager workerName=node0
2021-01-12 17:04:52,411 [Listener at 127.0.0.1/37433] INFO  server.session (DefaultSessionIdManager.java:doStart(339)) - No SessionScavenger set, using defaults
2021-01-12 17:04:52,411 [Listener at 127.0.0.1/37433] INFO  server.session (HouseKeeper.java:startScavenging(132)) - node0 Scavenging every 600000ms
2021-01-12 17:04:52,412 [Listener at 127.0.0.1/37433] INFO  handler.ContextHandler (ContextHandler.java:doStart(916)) - Started o.e.j.s.ServletContextHandler@4f93816d{logs,/logs,file:///github/workspace/mnt/ozone/hadoop-ozone/integration-test/target/log,AVAILABLE}
2021-01-12 17:04:52,412 [Listener at 127.0.0.1/37433] INFO  handler.ContextHandler (ContextHandler.java:doStart(916)) - Started o.e.j.s.ServletContextHandler@2de3ac17{static,/static,jar:file:/home/user/.m2/repository/org/apache/hadoop/hadoop-hdds-container-service/1.1.0-SNAPSHOT/hadoop-hdds-container-service-1.1.0-SNAPSHOT.jar!/webapps/static,AVAILABLE}
2021-01-12 17:04:52,549 [Listener at 127.0.0.1/37433] INFO  handler.ContextHandler (ContextHandler.java:doStart(916)) - Started o.e.j.w.WebAppContext@15c042fc{hddsDatanode,/,file:///tmp/jetty-0_0_0_0-33359-hadoop-hdds-container-service-1_1_0-SNAPSHOT_jar-_-any-8554294145968493822/webapp/,AVAILABLE}{jar:file:/home/user/.m2/repository/org/apache/hadoop/hadoop-hdds-container-service/1.1.0-SNAPSHOT/hadoop-hdds-container-service-1.1.0-SNAPSHOT.jar!/webapps/hddsDatanode}
2021-01-12 17:04:52,552 [Listener at 127.0.0.1/37433] INFO  server.AbstractConnector (AbstractConnector.java:doStart(331)) - Started ServerConnector@3f6f26cb{HTTP/1.1, (http/1.1)}{0.0.0.0:33359}
2021-01-12 17:04:52,552 [Listener at 127.0.0.1/37433] INFO  server.Server (Server.java:doStart(415)) - Started @10730ms
2021-01-12 17:04:52,553 [Listener at 127.0.0.1/37433] WARN  impl.MetricsSystemImpl (MetricsSystemImpl.java:register(276)) - Sink prometheus already exists!
2021-01-12 17:04:52,555 [Listener at 127.0.0.1/37433] INFO  http.BaseHttpServer (BaseHttpServer.java:updateConnectorAddress(327)) - HTTP server of hddsDatanode listening at http://0.0.0.0:33359
2021-01-12 17:04:52,557 [Listener at 127.0.0.1/37433] INFO  ozone.MiniOzoneClusterImpl (MiniOzoneClusterImpl.java:lambda$waitForClusterToBeReady$0(179)) - Waiting for nodes to be ready. Got 0 of 4 DN Heartbeats.
2021-01-12 17:04:52,557 [Listener at 127.0.0.1/37433] INFO  ozone.MiniOzoneClusterImpl (MiniOzoneClusterImpl.java:lambda$waitForClusterToBeReady$0(182)) - Waiting for cluster to exit safe mode
2021-01-12 17:04:52,568 [org.apache.hadoop.util.JvmPauseMonitor$Monitor@d0b986a] INFO  util.JvmPauseMonitor (JvmPauseMonitor.java:run(188)) - Starting JVM pause monitor
2021-01-12 17:04:52,570 [Datanode State Machine Task Thread - 0] INFO  datanode.InitDatanodeState (InitDatanodeState.java:persistContainerDatanodeDetails(145)) - DatanodeDetails is persisted to /github/workspace/mnt/ozone/hadoop-ozone/integration-test/target/test-dir/MiniOzoneClusterImpl-cb34e439-7967-4e12-9ea2-a7af50442216/datanode-3/meta/datanode.id
2021-01-12 17:04:53,557 [Listener at 127.0.0.1/37433] INFO  ozone.MiniOzoneClusterImpl (MiniOzoneClusterImpl.java:lambda$waitForClusterToBeReady$0(179)) - Waiting for nodes to be ready. Got 0 of 4 DN Heartbeats.
2021-01-12 17:04:53,558 [Listener at 127.0.0.1/37433] INFO  ozone.MiniOzoneClusterImpl (MiniOzoneClusterImpl.java:lambda$waitForClusterToBeReady$0(182)) - Waiting for cluster to exit safe mode
2021-01-12 17:04:53,818 [EndpointStateMachine task thread for /0.0.0.0:43815 - 0 ] INFO  ozoneimpl.OzoneContainer (OzoneContainer.java:start(255)) - Attempting to start container services.
2021-01-12 17:04:53,819 [EndpointStateMachine task thread for /0.0.0.0:43815 - 0 ] INFO  ozoneimpl.OzoneContainer (OzoneContainer.java:startContainerScrub(219)) - Background container scanner has been disabled.
2021-01-12 17:04:53,820 [EndpointStateMachine task thread for /0.0.0.0:43815 - 0 ] INFO  replication.ReplicationServer (ReplicationServer.java:start(111)) - ReplicationServer is started using port 45829
2021-01-12 17:04:53,821 [EndpointStateMachine task thread for /0.0.0.0:43815 - 0 ] INFO  ratis.XceiverServerRatis (XceiverServerRatis.java:start(455)) - Starting XceiverServerRatis dd7ecda3-b896-473f-b1b1-402e04ac6960 at port 0
2021-01-12 17:04:53,826 [EndpointStateMachine task thread for /0.0.0.0:43815 - 0 ] INFO  server.RaftServer (RaftServerProxy.java:lambda$start$5(372)) - dd7ecda3-b896-473f-b1b1-402e04ac6960: start RPC server
2021-01-12 17:04:53,831 [EndpointStateMachine task thread for /0.0.0.0:43815 - 0 ] INFO  server.GrpcService (GrpcService.java:startImpl(176)) - dd7ecda3-b896-473f-b1b1-402e04ac6960: GrpcService started, listening on 0.0.0.0/0.0.0.0:42437
2021-01-12 17:04:53,832 [EndpointStateMachine task thread for /0.0.0.0:43815 - 0 ] INFO  ratis.XceiverServerRatis (XceiverServerRatis.java:start(467)) - XceiverServerRatis dd7ecda3-b896-473f-b1b1-402e04ac6960 is started using port 42437
2021-01-12 17:04:53,833 [EndpointStateMachine task thread for /0.0.0.0:43815 - 0 ] INFO  server.XceiverServerGrpc (XceiverServerGrpc.java:start(139)) - XceiverServerGrpc dd7ecda3-b896-473f-b1b1-402e04ac6960 is started using port 34121
2021-01-12 17:04:53,833 [org.apache.ratis.util.JvmPauseMonitor$$Lambda$304/1307545610@15ebe34c] INFO  util.JvmPauseMonitor (JvmPauseMonitor.java:run(103)) - JvmPauseMonitor-dd7ecda3-b896-473f-b1b1-402e04ac6960: Started
2021-01-12 17:04:54,108 [EndpointStateMachine task thread for /0.0.0.0:43815 - 0 ] INFO  ozoneimpl.OzoneContainer (OzoneContainer.java:start(255)) - Attempting to start container services.
2021-01-12 17:04:54,111 [EndpointStateMachine task thread for /0.0.0.0:43815 - 0 ] INFO  ozoneimpl.OzoneContainer (OzoneContainer.java:startContainerScrub(219)) - Background container scanner has been disabled.
2021-01-12 17:04:54,112 [EndpointStateMachine task thread for /0.0.0.0:43815 - 0 ] INFO  replication.ReplicationServer (ReplicationServer.java:start(111)) - ReplicationServer is started using port 40721
2021-01-12 17:04:54,113 [EndpointStateMachine task thread for /0.0.0.0:43815 - 0 ] INFO  ratis.XceiverServerRatis (XceiverServerRatis.java:start(455)) - Starting XceiverServerRatis 4de2fc5c-9ef7-4df0-8518-9cb2cf92efa4 at port 0
2021-01-12 17:04:54,120 [EndpointStateMachine task thread for /0.0.0.0:43815 - 0 ] INFO  server.RaftServer (RaftServerProxy.java:lambda$start$5(372)) - 4de2fc5c-9ef7-4df0-8518-9cb2cf92efa4: start RPC server
2021-01-12 17:04:54,121 [EndpointStateMachine task thread for /0.0.0.0:43815 - 0 ] INFO  server.GrpcService (GrpcService.java:startImpl(176)) - 4de2fc5c-9ef7-4df0-8518-9cb2cf92efa4: GrpcService started, listening on 0.0.0.0/0.0.0.0:38135
2021-01-12 17:04:54,121 [EndpointStateMachine task thread for /0.0.0.0:43815 - 0 ] INFO  ratis.XceiverServerRatis (XceiverServerRatis.java:start(467)) - XceiverServerRatis 4de2fc5c-9ef7-4df0-8518-9cb2cf92efa4 is started using port 38135
2021-01-12 17:04:54,126 [org.apache.ratis.util.JvmPauseMonitor$$Lambda$304/1307545610@46b9576f] INFO  util.JvmPauseMonitor (JvmPauseMonitor.java:run(103)) - JvmPauseMonitor-4de2fc5c-9ef7-4df0-8518-9cb2cf92efa4: Started
2021-01-12 17:04:54,126 [EndpointStateMachine task thread for /0.0.0.0:43815 - 0 ] INFO  server.XceiverServerGrpc (XceiverServerGrpc.java:start(139)) - XceiverServerGrpc 4de2fc5c-9ef7-4df0-8518-9cb2cf92efa4 is started using port 40321
2021-01-12 17:04:54,370 [EndpointStateMachine task thread for /0.0.0.0:43815 - 0 ] INFO  ozoneimpl.OzoneContainer (OzoneContainer.java:start(255)) - Attempting to start container services.
2021-01-12 17:04:54,370 [EndpointStateMachine task thread for /0.0.0.0:43815 - 0 ] INFO  ozoneimpl.OzoneContainer (OzoneContainer.java:startContainerScrub(219)) - Background container scanner has been disabled.
2021-01-12 17:04:54,372 [EndpointStateMachine task thread for /0.0.0.0:43815 - 0 ] INFO  replication.ReplicationServer (ReplicationServer.java:start(111)) - ReplicationServer is started using port 36815
2021-01-12 17:04:54,372 [EndpointStateMachine task thread for /0.0.0.0:43815 - 0 ] INFO  ratis.XceiverServerRatis (XceiverServerRatis.java:start(455)) - Starting XceiverServerRatis 2069f406-71d7-45f5-abaa-bef6e3da0a9b at port 0
2021-01-12 17:04:54,377 [EndpointStateMachine task thread for /0.0.0.0:43815 - 0 ] INFO  server.RaftServer (RaftServerProxy.java:lambda$start$5(372)) - 2069f406-71d7-45f5-abaa-bef6e3da0a9b: start RPC server
2021-01-12 17:04:54,382 [EndpointStateMachine task thread for /0.0.0.0:43815 - 0 ] INFO  server.GrpcService (GrpcService.java:startImpl(176)) - 2069f406-71d7-45f5-abaa-bef6e3da0a9b: GrpcService started, listening on 0.0.0.0/0.0.0.0:35421
2021-01-12 17:04:54,385 [EndpointStateMachine task thread for /0.0.0.0:43815 - 0 ] INFO  ratis.XceiverServerRatis (XceiverServerRatis.java:start(467)) - XceiverServerRatis 2069f406-71d7-45f5-abaa-bef6e3da0a9b is started using port 35421
2021-01-12 17:04:54,386 [org.apache.ratis.util.JvmPauseMonitor$$Lambda$304/1307545610@4b4fb8ed] INFO  util.JvmPauseMonitor (JvmPauseMonitor.java:run(103)) - JvmPauseMonitor-2069f406-71d7-45f5-abaa-bef6e3da0a9b: Started
2021-01-12 17:04:54,387 [EndpointStateMachine task thread for /0.0.0.0:43815 - 0 ] INFO  server.XceiverServerGrpc (XceiverServerGrpc.java:start(139)) - XceiverServerGrpc 2069f406-71d7-45f5-abaa-bef6e3da0a9b is started using port 43879
2021-01-12 17:04:54,558 [Listener at 127.0.0.1/37433] INFO  ozone.MiniOzoneClusterImpl (MiniOzoneClusterImpl.java:lambda$waitForClusterToBeReady$0(179)) - Waiting for nodes to be ready. Got 0 of 4 DN Heartbeats.
2021-01-12 17:04:54,558 [Listener at 127.0.0.1/37433] INFO  ozone.MiniOzoneClusterImpl (MiniOzoneClusterImpl.java:lambda$waitForClusterToBeReady$0(182)) - Waiting for cluster to exit safe mode
2021-01-12 17:04:54,573 [EndpointStateMachine task thread for /0.0.0.0:43815 - 0 ] INFO  ozoneimpl.OzoneContainer (OzoneContainer.java:start(255)) - Attempting to start container services.
2021-01-12 17:04:54,573 [EndpointStateMachine task thread for /0.0.0.0:43815 - 0 ] INFO  ozoneimpl.OzoneContainer (OzoneContainer.java:startContainerScrub(219)) - Background container scanner has been disabled.
2021-01-12 17:04:54,574 [EndpointStateMachine task thread for /0.0.0.0:43815 - 0 ] INFO  replication.ReplicationServer (ReplicationServer.java:start(111)) - ReplicationServer is started using port 34929
2021-01-12 17:04:54,574 [EndpointStateMachine task thread for /0.0.0.0:43815 - 0 ] INFO  ratis.XceiverServerRatis (XceiverServerRatis.java:start(455)) - Starting XceiverServerRatis 0f0c9c6f-917b-4a29-8208-9d3fe19e68b7 at port 0
2021-01-12 17:04:54,575 [EndpointStateMachine task thread for /0.0.0.0:43815 - 0 ] INFO  server.RaftServer (RaftServerProxy.java:lambda$start$5(372)) - 0f0c9c6f-917b-4a29-8208-9d3fe19e68b7: start RPC server
2021-01-12 17:04:54,576 [EndpointStateMachine task thread for /0.0.0.0:43815 - 0 ] INFO  server.GrpcService (GrpcService.java:startImpl(176)) - 0f0c9c6f-917b-4a29-8208-9d3fe19e68b7: GrpcService started, listening on 0.0.0.0/0.0.0.0:42871
2021-01-12 17:04:54,577 [EndpointStateMachine task thread for /0.0.0.0:43815 - 0 ] INFO  ratis.XceiverServerRatis (XceiverServerRatis.java:start(467)) - XceiverServerRatis 0f0c9c6f-917b-4a29-8208-9d3fe19e68b7 is started using port 42871
2021-01-12 17:04:54,577 [org.apache.ratis.util.JvmPauseMonitor$$Lambda$304/1307545610@6001ff11] INFO  util.JvmPauseMonitor (JvmPauseMonitor.java:run(103)) - JvmPauseMonitor-0f0c9c6f-917b-4a29-8208-9d3fe19e68b7: Started
2021-01-12 17:04:54,578 [EndpointStateMachine task thread for /0.0.0.0:43815 - 0 ] INFO  server.XceiverServerGrpc (XceiverServerGrpc.java:start(139)) - XceiverServerGrpc 0f0c9c6f-917b-4a29-8208-9d3fe19e68b7 is started using port 40509
2021-01-12 17:04:55,559 [Listener at 127.0.0.1/37433] INFO  ozone.MiniOzoneClusterImpl (MiniOzoneClusterImpl.java:lambda$waitForClusterToBeReady$0(179)) - Waiting for nodes to be ready. Got 0 of 4 DN Heartbeats.
2021-01-12 17:04:55,559 [Listener at 127.0.0.1/37433] INFO  ozone.MiniOzoneClusterImpl (MiniOzoneClusterImpl.java:lambda$waitForClusterToBeReady$0(182)) - Waiting for cluster to exit safe mode
2021-01-12 17:04:55,795 [IPC Server handler 1 on default port 43815] INFO  net.NetworkTopologyImpl (NetworkTopologyImpl.java:add(111)) - Added a new node: /default-rack/dd7ecda3-b896-473f-b1b1-402e04ac6960
2021-01-12 17:04:55,797 [IPC Server handler 1 on default port 43815] INFO  node.SCMNodeManager (SCMNodeManager.java:register(341)) - Registered Data node : dd7ecda3-b896-473f-b1b1-402e04ac6960{ip: 172.17.0.2, host: e3a45581da16, networkLocation: /default-rack, certSerialId: null, persistedOpState: IN_SERVICE, persistedOpStateExpiryEpochSec: 0}
2021-01-12 17:04:55,801 [EventQueue-NodeRegistrationContainerReportForContainerSafeModeRule] INFO  safemode.SCMSafeModeManager (SCMSafeModeManager.java:validateSafeModeExitRules(214)) - ContainerSafeModeRule rule is successfully validated
2021-01-12 17:04:55,801 [EventQueue-NodeRegistrationContainerReportForDataNodeSafeModeRule] INFO  safemode.SCMSafeModeManager (DataNodeSafeModeRule.java:process(71)) - SCM in safe mode. 1 DataNodes registered, 1 required.
2021-01-12 17:04:55,801 [EventQueue-NodeRegistrationContainerReportForDataNodeSafeModeRule] INFO  safemode.SCMSafeModeManager (SCMSafeModeManager.java:validateSafeModeExitRules(214)) - DataNodeSafeModeRule rule is successfully validated
2021-01-12 17:04:55,802 [EventQueue-NodeRegistrationContainerReportForDataNodeSafeModeRule] INFO  safemode.SCMSafeModeManager (SCMSafeModeManager.java:completePreCheck(242)) - All SCM safe mode pre check rules have passed
2021-01-12 17:04:55,808 [EventQueue-PipelineReportForOneReplicaPipelineSafeModeRule] INFO  safemode.SCMSafeModeManager (SCMSafeModeManager.java:validateSafeModeExitRules(214)) - AtleastOneDatanodeReportedRule rule is successfully validated
2021-01-12 17:04:55,811 [RatisPipelineUtilsThread] INFO  pipeline.RatisPipelineProvider (RatisPipelineProvider.java:lambda$create$0(161)) - Sending CreatePipelineCommand for pipeline:PipelineID=45d546a8-a912-4229-8200-bf3b12186052 to datanode:dd7ecda3-b896-473f-b1b1-402e04ac6960
2021-01-12 17:04:55,824 [RatisPipelineUtilsThread] INFO  pipeline.PipelineStateManager (PipelineStateManager.java:addPipeline(54)) - Created pipeline Pipeline[ Id: 45d546a8-a912-4229-8200-bf3b12186052, Nodes: dd7ecda3-b896-473f-b1b1-402e04ac6960{ip: 172.17.0.2, host: e3a45581da16, networkLocation: /default-rack, certSerialId: null, persistedOpState: IN_SERVICE, persistedOpStateExpiryEpochSec: 0}, Type:RATIS, Factor:ONE, State:ALLOCATED, leaderId:, CreationTimestamp2021-01-12T17:04:55.808Z]
2021-01-12 17:04:55,826 [RatisPipelineUtilsThread] WARN  pipeline.PipelinePlacementPolicy (PipelinePlacementPolicy.java:filterViableNodes(142)) - Pipeline creation failed due to no sufficient healthy datanodes. Required 3. Found 1.
2021-01-12 17:04:56,108 [IPC Server handler 2 on default port 43815] INFO  net.NetworkTopologyImpl (NetworkTopologyImpl.java:add(111)) - Added a new node: /default-rack/4de2fc5c-9ef7-4df0-8518-9cb2cf92efa4
2021-01-12 17:04:56,108 [IPC Server handler 2 on default port 43815] INFO  node.SCMNodeManager (SCMNodeManager.java:register(341)) - Registered Data node : 4de2fc5c-9ef7-4df0-8518-9cb2cf92efa4{ip: 172.17.0.2, host: e3a45581da16, networkLocation: /default-rack, certSerialId: null, persistedOpState: IN_SERVICE, persistedOpStateExpiryEpochSec: 0}
2021-01-12 17:04:56,109 [EventQueue-NodeRegistrationContainerReportForContainerSafeModeRule] INFO  safemode.SCMSafeModeManager (SCMSafeModeManager.java:validateSafeModeExitRules(214)) - ContainerSafeModeRule rule is successfully validated
2021-01-12 17:04:56,109 [EventQueue-NodeRegistrationContainerReportForDataNodeSafeModeRule] INFO  safemode.SCMSafeModeManager (SCMSafeModeManager.java:validateSafeModeExitRules(214)) - DataNodeSafeModeRule rule is successfully validated
2021-01-12 17:04:56,109 [EventQueue-PipelineReportForOneReplicaPipelineSafeModeRule] INFO  safemode.SCMSafeModeManager (SCMSafeModeManager.java:validateSafeModeExitRules(214)) - AtleastOneDatanodeReportedRule rule is successfully validated
2021-01-12 17:04:56,111 [RatisPipelineUtilsThread] INFO  pipeline.RatisPipelineProvider (RatisPipelineProvider.java:lambda$create$0(161)) - Sending CreatePipelineCommand for pipeline:PipelineID=9069073d-f37e-4f90-a04b-54ff71b85834 to datanode:4de2fc5c-9ef7-4df0-8518-9cb2cf92efa4
2021-01-12 17:04:56,111 [RatisPipelineUtilsThread] INFO  pipeline.PipelineStateManager (PipelineStateManager.java:addPipeline(54)) - Created pipeline Pipeline[ Id: 9069073d-f37e-4f90-a04b-54ff71b85834, Nodes: 4de2fc5c-9ef7-4df0-8518-9cb2cf92efa4{ip: 172.17.0.2, host: e3a45581da16, networkLocation: /default-rack, certSerialId: null, persistedOpState: IN_SERVICE, persistedOpStateExpiryEpochSec: 0}, Type:RATIS, Factor:ONE, State:ALLOCATED, leaderId:, CreationTimestamp2021-01-12T17:04:56.111Z]
2021-01-12 17:04:56,112 [RatisPipelineUtilsThread] WARN  pipeline.PipelinePlacementPolicy (PipelinePlacementPolicy.java:filterViableNodes(142)) - Pipeline creation failed due to no sufficient healthy datanodes. Required 3. Found 2.
2021-01-12 17:04:56,368 [IPC Server handler 3 on default port 43815] INFO  net.NetworkTopologyImpl (NetworkTopologyImpl.java:add(111)) - Added a new node: /default-rack/2069f406-71d7-45f5-abaa-bef6e3da0a9b
2021-01-12 17:04:56,368 [IPC Server handler 3 on default port 43815] INFO  node.SCMNodeManager (SCMNodeManager.java:register(341)) - Registered Data node : 2069f406-71d7-45f5-abaa-bef6e3da0a9b{ip: 172.17.0.2, host: e3a45581da16, networkLocation: /default-rack, certSerialId: null, persistedOpState: IN_SERVICE, persistedOpStateExpiryEpochSec: 0}
2021-01-12 17:04:56,369 [EventQueue-NodeRegistrationContainerReportForContainerSafeModeRule] INFO  safemode.SCMSafeModeManager (SCMSafeModeManager.java:validateSafeModeExitRules(214)) - ContainerSafeModeRule rule is successfully validated
2021-01-12 17:04:56,369 [EventQueue-NodeRegistrationContainerReportForDataNodeSafeModeRule] INFO  safemode.SCMSafeModeManager (SCMSafeModeManager.java:validateSafeModeExitRules(214)) - DataNodeSafeModeRule rule is successfully validated
2021-01-12 17:04:56,369 [EventQueue-PipelineReportForOneReplicaPipelineSafeModeRule] INFO  safemode.SCMSafeModeManager (SCMSafeModeManager.java:validateSafeModeExitRules(214)) - AtleastOneDatanodeReportedRule rule is successfully validated
2021-01-12 17:04:56,370 [RatisPipelineUtilsThread] INFO  pipeline.RatisPipelineProvider (RatisPipelineProvider.java:lambda$create$0(161)) - Sending CreatePipelineCommand for pipeline:PipelineID=5c789aa5-d9a5-432a-b73e-a34531b3ff60 to datanode:2069f406-71d7-45f5-abaa-bef6e3da0a9b
2021-01-12 17:04:56,371 [RatisPipelineUtilsThread] INFO  pipeline.PipelineStateManager (PipelineStateManager.java:addPipeline(54)) - Created pipeline Pipeline[ Id: 5c789aa5-d9a5-432a-b73e-a34531b3ff60, Nodes: 2069f406-71d7-45f5-abaa-bef6e3da0a9b{ip: 172.17.0.2, host: e3a45581da16, networkLocation: /default-rack, certSerialId: null, persistedOpState: IN_SERVICE, persistedOpStateExpiryEpochSec: 0}, Type:RATIS, Factor:ONE, State:ALLOCATED, leaderId:, CreationTimestamp2021-01-12T17:04:56.370Z]
2021-01-12 17:04:56,374 [RatisPipelineUtilsThread] INFO  pipeline.RatisPipelineProvider (RatisPipelineProvider.java:lambda$create$0(161)) - Sending CreatePipelineCommand for pipeline:PipelineID=86e45650-17c2-4ffa-af23-e5593941f623 to datanode:2069f406-71d7-45f5-abaa-bef6e3da0a9b
2021-01-12 17:04:56,374 [RatisPipelineUtilsThread] INFO  pipeline.RatisPipelineProvider (RatisPipelineProvider.java:lambda$create$0(161)) - Sending CreatePipelineCommand for pipeline:PipelineID=86e45650-17c2-4ffa-af23-e5593941f623 to datanode:4de2fc5c-9ef7-4df0-8518-9cb2cf92efa4
2021-01-12 17:04:56,374 [RatisPipelineUtilsThread] INFO  pipeline.RatisPipelineProvider (RatisPipelineProvider.java:lambda$create$0(161)) - Sending CreatePipelineCommand for pipeline:PipelineID=86e45650-17c2-4ffa-af23-e5593941f623 to datanode:dd7ecda3-b896-473f-b1b1-402e04ac6960
2021-01-12 17:04:56,375 [RatisPipelineUtilsThread] INFO  pipeline.PipelineStateManager (PipelineStateManager.java:addPipeline(54)) - Created pipeline Pipeline[ Id: 86e45650-17c2-4ffa-af23-e5593941f623, Nodes: 2069f406-71d7-45f5-abaa-bef6e3da0a9b{ip: 172.17.0.2, host: e3a45581da16, networkLocation: /default-rack, certSerialId: null, persistedOpState: IN_SERVICE, persistedOpStateExpiryEpochSec: 0}4de2fc5c-9ef7-4df0-8518-9cb2cf92efa4{ip: 172.17.0.2, host: e3a45581da16, networkLocation: /default-rack, certSerialId: null, persistedOpState: IN_SERVICE, persistedOpStateExpiryEpochSec: 0}dd7ecda3-b896-473f-b1b1-402e04ac6960{ip: 172.17.0.2, host: e3a45581da16, networkLocation: /default-rack, certSerialId: null, persistedOpState: IN_SERVICE, persistedOpStateExpiryEpochSec: 0}, Type:RATIS, Factor:THREE, State:ALLOCATED, leaderId:, CreationTimestamp2021-01-12T17:04:56.374Z]
2021-01-12 17:04:56,375 [RatisPipelineUtilsThread] INFO  pipeline.RatisPipelineProvider (RatisPipelineProvider.java:lambda$create$0(161)) - Sending CreatePipelineCommand for pipeline:PipelineID=8003d5a0-236b-4948-a058-efc0334d5e7e to datanode:2069f406-71d7-45f5-abaa-bef6e3da0a9b
2021-01-12 17:04:56,376 [RatisPipelineUtilsThread] INFO  pipeline.RatisPipelineProvider (RatisPipelineProvider.java:lambda$create$0(161)) - Sending CreatePipelineCommand for pipeline:PipelineID=8003d5a0-236b-4948-a058-efc0334d5e7e to datanode:4de2fc5c-9ef7-4df0-8518-9cb2cf92efa4
2021-01-12 17:04:56,376 [RatisPipelineUtilsThread] INFO  pipeline.RatisPipelineProvider (RatisPipelineProvider.java:lambda$create$0(161)) - Sending CreatePipelineCommand for pipeline:PipelineID=8003d5a0-236b-4948-a058-efc0334d5e7e to datanode:dd7ecda3-b896-473f-b1b1-402e04ac6960
2021-01-12 17:04:56,376 [RatisPipelineUtilsThread] INFO  pipeline.PipelineStateManager (PipelineStateManager.java:addPipeline(54)) - Created pipeline Pipeline[ Id: 8003d5a0-236b-4948-a058-efc0334d5e7e, Nodes: 2069f406-71d7-45f5-abaa-bef6e3da0a9b{ip: 172.17.0.2, host: e3a45581da16, networkLocation: /default-rack, certSerialId: null, persistedOpState: IN_SERVICE, persistedOpStateExpiryEpochSec: 0}4de2fc5c-9ef7-4df0-8518-9cb2cf92efa4{ip: 172.17.0.2, host: e3a45581da16, networkLocation: /default-rack, certSerialId: null, persistedOpState: IN_SERVICE, persistedOpStateExpiryEpochSec: 0}dd7ecda3-b896-473f-b1b1-402e04ac6960{ip: 172.17.0.2, host: e3a45581da16, networkLocation: /default-rack, certSerialId: null, persistedOpState: IN_SERVICE, persistedOpStateExpiryEpochSec: 0}, Type:RATIS, Factor:THREE, State:ALLOCATED, leaderId:, CreationTimestamp2021-01-12T17:04:56.375Z]
2021-01-12 17:04:56,376 [RatisPipelineUtilsThread] INFO  pipeline.SCMPipelineManager (SCMPipelineManager.java:recordMetricsForPipeline(243)) - Pipeline: PipelineID=8003d5a0-236b-4948-a058-efc0334d5e7e contains same datanodes as previous pipelines: PipelineID=86e45650-17c2-4ffa-af23-e5593941f623 nodeIds: 2069f406-71d7-45f5-abaa-bef6e3da0a9b, 4de2fc5c-9ef7-4df0-8518-9cb2cf92efa4, dd7ecda3-b896-473f-b1b1-402e04ac6960
2021-01-12 17:04:56,560 [Listener at 127.0.0.1/37433] INFO  ozone.MiniOzoneClusterImpl (MiniOzoneClusterImpl.java:lambda$waitForClusterToBeReady$0(179)) - Waiting for nodes to be ready. Got 3 of 4 DN Heartbeats.
2021-01-12 17:04:56,560 [Listener at 127.0.0.1/37433] INFO  ozone.MiniOzoneClusterImpl (MiniOzoneClusterImpl.java:lambda$waitForClusterToBeReady$0(182)) - Waiting for cluster to exit safe mode
2021-01-12 17:04:56,572 [IPC Server handler 0 on default port 43815] INFO  net.NetworkTopologyImpl (NetworkTopologyImpl.java:add(111)) - Added a new node: /default-rack/0f0c9c6f-917b-4a29-8208-9d3fe19e68b7
2021-01-12 17:04:56,572 [IPC Server handler 0 on default port 43815] INFO  node.SCMNodeManager (SCMNodeManager.java:register(341)) - Registered Data node : 0f0c9c6f-917b-4a29-8208-9d3fe19e68b7{ip: 172.17.0.2, host: e3a45581da16, networkLocation: /default-rack, certSerialId: null, persistedOpState: IN_SERVICE, persistedOpStateExpiryEpochSec: 0}
2021-01-12 17:04:56,573 [EventQueue-NodeRegistrationContainerReportForContainerSafeModeRule] INFO  safemode.SCMSafeModeManager (SCMSafeModeManager.java:validateSafeModeExitRules(214)) - ContainerSafeModeRule rule is successfully validated
2021-01-12 17:04:56,573 [EventQueue-NodeRegistrationContainerReportForDataNodeSafeModeRule] INFO  safemode.SCMSafeModeManager (SCMSafeModeManager.java:validateSafeModeExitRules(214)) - DataNodeSafeModeRule rule is successfully validated
2021-01-12 17:04:56,573 [EventQueue-PipelineReportForOneReplicaPipelineSafeModeRule] INFO  safemode.SCMSafeModeManager (SCMSafeModeManager.java:validateSafeModeExitRules(214)) - AtleastOneDatanodeReportedRule rule is successfully validated
2021-01-12 17:04:56,573 [RatisPipelineUtilsThread] INFO  pipeline.RatisPipelineProvider (RatisPipelineProvider.java:lambda$create$0(161)) - Sending CreatePipelineCommand for pipeline:PipelineID=da7813b3-0e2b-4650-9abd-d337bd890c19 to datanode:0f0c9c6f-917b-4a29-8208-9d3fe19e68b7
2021-01-12 17:04:56,574 [RatisPipelineUtilsThread] INFO  pipeline.PipelineStateManager (PipelineStateManager.java:addPipeline(54)) - Created pipeline Pipeline[ Id: da7813b3-0e2b-4650-9abd-d337bd890c19, Nodes: 0f0c9c6f-917b-4a29-8208-9d3fe19e68b7{ip: 172.17.0.2, host: e3a45581da16, networkLocation: /default-rack, certSerialId: null, persistedOpState: IN_SERVICE, persistedOpStateExpiryEpochSec: 0}, Type:RATIS, Factor:ONE, State:ALLOCATED, leaderId:, CreationTimestamp2021-01-12T17:04:56.573Z]
2021-01-12 17:04:57,561 [Listener at 127.0.0.1/37433] INFO  ozone.MiniOzoneClusterImpl (MiniOzoneClusterImpl.java:lambda$waitForClusterToBeReady$0(179)) - Nodes are ready. Got 4 of 4 DN Heartbeats.
2021-01-12 17:04:57,561 [Listener at 127.0.0.1/37433] INFO  ozone.MiniOzoneClusterImpl (MiniOzoneClusterImpl.java:lambda$waitForClusterToBeReady$0(182)) - Waiting for cluster to exit safe mode
2021-01-12 17:04:57,788 [EventQueue-PipelineReportForOneReplicaPipelineSafeModeRule] INFO  safemode.SCMSafeModeManager (SCMSafeModeManager.java:validateSafeModeExitRules(214)) - AtleastOneDatanodeReportedRule rule is successfully validated
2021-01-12 17:04:58,109 [EventQueue-PipelineReportForOneReplicaPipelineSafeModeRule] INFO  safemode.SCMSafeModeManager (SCMSafeModeManager.java:validateSafeModeExitRules(214)) - AtleastOneDatanodeReportedRule rule is successfully validated
2021-01-12 17:04:58,368 [EventQueue-PipelineReportForOneReplicaPipelineSafeModeRule] INFO  safemode.SCMSafeModeManager (SCMSafeModeManager.java:validateSafeModeExitRules(214)) - AtleastOneDatanodeReportedRule rule is successfully validated
2021-01-12 17:04:58,561 [Listener at 127.0.0.1/37433] INFO  ozone.MiniOzoneClusterImpl (MiniOzoneClusterImpl.java:lambda$waitForClusterToBeReady$0(179)) - Nodes are ready. Got 4 of 4 DN Heartbeats.
2021-01-12 17:04:58,561 [Listener at 127.0.0.1/37433] INFO  ozone.MiniOzoneClusterImpl (MiniOzoneClusterImpl.java:lambda$waitForClusterToBeReady$0(182)) - Waiting for cluster to exit safe mode
2021-01-12 17:04:58,571 [EventQueue-PipelineReportForOneReplicaPipelineSafeModeRule] INFO  safemode.SCMSafeModeManager (SCMSafeModeManager.java:validateSafeModeExitRules(214)) - AtleastOneDatanodeReportedRule rule is successfully validated
2021-01-12 17:04:58,768 [EventQueue-PipelineReportForOneReplicaPipelineSafeModeRule] INFO  safemode.SCMSafeModeManager (SCMSafeModeManager.java:validateSafeModeExitRules(214)) - AtleastOneDatanodeReportedRule rule is successfully validated
2021-01-12 17:04:58,780 [Command processor thread] INFO  server.RaftServer (RaftServerProxy.java:addNew(95)) - dd7ecda3-b896-473f-b1b1-402e04ac6960: addNew group-BF3B12186052:[dd7ecda3-b896-473f-b1b1-402e04ac6960|rpc:172.17.0.2:42437|priority:1] returns group-BF3B12186052:java.util.concurrent.CompletableFuture@4b7e673d[Not completed]
2021-01-12 17:04:58,796 [pool-38-thread-1] INFO  server.RaftServer$Division (RaftServerImpl.java:<init>(179)) - dd7ecda3-b896-473f-b1b1-402e04ac6960: new RaftServerImpl for group-BF3B12186052:[dd7ecda3-b896-473f-b1b1-402e04ac6960|rpc:172.17.0.2:42437|priority:1] with ContainerStateMachine:uninitialized
2021-01-12 17:04:58,797 [pool-38-thread-1] INFO  server.RaftServerConfigKeys (ConfUtils.java:logGet(44)) - raft.server.rpc.timeout.min = 5s (custom)
2021-01-12 17:04:58,797 [pool-38-thread-1] INFO  server.RaftServerConfigKeys (ConfUtils.java:logGet(44)) - raft.server.rpc.timeout.max = 5200ms (custom)
2021-01-12 17:04:58,797 [pool-38-thread-1] INFO  server.RaftServerConfigKeys (ConfUtils.java:logGet(44)) - raft.server.rpc.sleep.time = 25ms (default)
2021-01-12 17:04:58,797 [pool-38-thread-1] INFO  server.RaftServerConfigKeys (ConfUtils.java:logGet(44)) - raft.server.rpc.slowness.timeout = 300s (custom)
2021-01-12 17:04:58,797 [pool-38-thread-1] INFO  server.RaftServerConfigKeys (ConfUtils.java:logGet(44)) - raft.server.leaderelection.leader.step-down.wait-time = 10s (default)
2021-01-12 17:04:58,798 [pool-38-thread-1] INFO  server.RaftServerConfigKeys (ConfUtils.java:logGet(44)) - raft.server.sleep.deviation.threshold = 300ms (default)
2021-01-12 17:04:58,798 [pool-38-thread-1] INFO  server.RaftServerConfigKeys (ConfUtils.java:logGet(44)) - raft.server.log.appender.install.snapshot.enabled = false (custom)
2021-01-12 17:04:58,798 [pool-38-thread-1] INFO  server.RaftServer$Division (ServerState.java:<init>(103)) - dd7ecda3-b896-473f-b1b1-402e04ac6960@group-BF3B12186052: ConfigurationManager, init=-1: [dd7ecda3-b896-473f-b1b1-402e04ac6960|rpc:172.17.0.2:42437|priority:1], old=null, confs=<EMPTY_MAP>
2021-01-12 17:04:58,798 [pool-38-thread-1] INFO  server.RaftServerConfigKeys (ConfUtils.java:logGet(44)) - raft.server.storage.dir = [/github/workspace/mnt/ozone/hadoop-ozone/integration-test/target/test-dir/MiniOzoneClusterImpl-cb34e439-7967-4e12-9ea2-a7af50442216/datanode-0/data/ratis] (custom)
2021-01-12 17:04:58,798 [pool-38-thread-1] INFO  server.RaftServerConfigKeys (ConfUtils.java:logGet(44)) - raft.server.log.corruption.policy = EXCEPTION (default)
2021-01-12 17:04:58,798 [pool-38-thread-1] INFO  storage.RaftStorageDirectory (RaftStorageDirectoryImpl.java:analyzeStorage(132)) - The storage directory /github/workspace/mnt/ozone/hadoop-ozone/integration-test/target/test-dir/MiniOzoneClusterImpl-cb34e439-7967-4e12-9ea2-a7af50442216/datanode-0/data/ratis/45d546a8-a912-4229-8200-bf3b12186052 does not exist. Creating ...
2021-01-12 17:04:58,800 [pool-38-thread-1] INFO  storage.RaftStorageDirectory (RaftStorageDirectoryImpl.java:tryLock(215)) - Lock on /github/workspace/mnt/ozone/hadoop-ozone/integration-test/target/test-dir/MiniOzoneClusterImpl-cb34e439-7967-4e12-9ea2-a7af50442216/datanode-0/data/ratis/45d546a8-a912-4229-8200-bf3b12186052/in_use.lock acquired by nodename 1071@e3a45581da16
2021-01-12 17:04:58,801 [pool-38-thread-1] INFO  storage.RaftStorage (RaftStorageImpl.java:format(87)) - Storage directory /github/workspace/mnt/ozone/hadoop-ozone/integration-test/target/test-dir/MiniOzoneClusterImpl-cb34e439-7967-4e12-9ea2-a7af50442216/datanode-0/data/ratis/45d546a8-a912-4229-8200-bf3b12186052 has been successfully formatted.
2021-01-12 17:04:58,803 [pool-38-thread-1] INFO  ratis.ContainerStateMachine (ContainerStateMachine.java:loadSnapshot(223)) - group-BF3B12186052: The snapshot info is null. Setting the last applied indexto:(t:0, i:~)
2021-01-12 17:04:58,804 [EventQueue-PipelineReportForOneReplicaPipelineSafeModeRule] INFO  safemode.SCMSafeModeManager (SCMSafeModeManager.java:validateSafeModeExitRules(214)) - AtleastOneDatanodeReportedRule rule is successfully validated
2021-01-12 17:04:58,804 [pool-38-thread-1] ERROR storage.RaftStorage (RaftStorageImpl.java:readRaftConfiguration(147)) - Failed reading configuration from file:/github/workspace/mnt/ozone/hadoop-ozone/integration-test/target/test-dir/MiniOzoneClusterImpl-cb34e439-7967-4e12-9ea2-a7af50442216/datanode-0/data/ratis/45d546a8-a912-4229-8200-bf3b12186052/current/raft-meta.conf
java.io.FileNotFoundException: /github/workspace/mnt/ozone/hadoop-ozone/integration-test/target/test-dir/MiniOzoneClusterImpl-cb34e439-7967-4e12-9ea2-a7af50442216/datanode-0/data/ratis/45d546a8-a912-4229-8200-bf3b12186052/current/raft-meta.conf (No such file or directory)
	at java.io.FileInputStream.open0(Native Method)
	at java.io.FileInputStream.open(FileInputStream.java:195)
	at java.io.FileInputStream.<init>(FileInputStream.java:138)
	at org.apache.ratis.server.storage.RaftStorageImpl.readRaftConfiguration(RaftStorageImpl.java:143)
	at org.apache.ratis.server.impl.ServerState.<init>(ServerState.java:113)
	at org.apache.ratis.server.impl.RaftServerImpl.<init>(RaftServerImpl.java:192)
	at org.apache.ratis.server.impl.RaftServerProxy.lambda$newRaftServerImpl$4(RaftServerProxy.java:266)
	at java.util.concurrent.CompletableFuture$AsyncSupply.run(CompletableFuture.java:1604)
	at java.util.concurrent.ThreadPoolExecutor.runWorker(ThreadPoolExecutor.java:1149)
	at java.util.concurrent.ThreadPoolExecutor$Worker.run(ThreadPoolExecutor.java:624)
	at java.lang.Thread.run(Thread.java:748)
2021-01-12 17:04:58,804 [EventQueue-PipelineReportForPipelineReportHandler] INFO  pipeline.PipelineStateManager (PipelineStateManager.java:openPipeline(132)) - Pipeline Pipeline[ Id: 45d546a8-a912-4229-8200-bf3b12186052, Nodes: dd7ecda3-b896-473f-b1b1-402e04ac6960{ip: 172.17.0.2, host: e3a45581da16, networkLocation: /default-rack, certSerialId: null, persistedOpState: IN_SERVICE, persistedOpStateExpiryEpochSec: 0}, Type:RATIS, Factor:ONE, State:ALLOCATED, leaderId:dd7ecda3-b896-473f-b1b1-402e04ac6960, CreationTimestamp2021-01-12T17:04:55.808Z] moved to OPEN state
2021-01-12 17:04:58,804 [pool-38-thread-1] INFO  server.RaftServerConfigKeys (ConfUtils.java:logGet(44)) - raft.server.notification.no-leader.timeout = 300s (custom)
2021-01-12 17:04:58,804 [pool-38-thread-1] INFO  server.RaftServerConfigKeys (ConfUtils.java:logGet(44)) - raft.server.log.use.memory = false (default)
2021-01-12 17:04:58,805 [pool-38-thread-1] INFO  server.RaftServerConfigKeys (ConfUtils.java:logGet(44)) - raft.server.log.purge.gap = 1000000 (custom)
2021-01-12 17:04:58,805 [pool-38-thread-1] INFO  server.RaftServerConfigKeys (ConfUtils.java:logGet(44)) - raft.server.log.appender.buffer.byte-limit = 33554432 (custom)
2021-01-12 17:04:58,805 [pool-38-thread-1] INFO  metrics.RatisMetrics (RatisMetrics.java:lambda$create$0(36)) - Creating Metrics Registry : ratis.log_worker.dd7ecda3-b896-473f-b1b1-402e04ac6960@group-BF3B12186052
2021-01-12 17:04:58,805 [pool-38-thread-1] INFO  server.RaftServerConfigKeys (ConfUtils.java:logGet(44)) - raft.server.log.segment.size.max = 1048576 (custom)
2021-01-12 17:04:58,806 [pool-38-thread-1] INFO  server.RaftServerConfigKeys (ConfUtils.java:logGet(44)) - raft.server.log.segment.cache.num.max = 2 (custom)
2021-01-12 17:04:58,806 [pool-38-thread-1] INFO  server.RaftServerConfigKeys (ConfUtils.java:logGet(44)) - raft.server.log.segment.cache.size.max = 200MB (=209715200) (default)
2021-01-12 17:04:58,806 [pool-38-thread-1] INFO  segmented.SegmentedRaftLogWorker (SegmentedRaftLogWorker.java:<init>(181)) - new dd7ecda3-b896-473f-b1b1-402e04ac6960@group-BF3B12186052-SegmentedRaftLogWorker for RaftStorageImpl:Storage Directory /github/workspace/mnt/ozone/hadoop-ozone/integration-test/target/test-dir/MiniOzoneClusterImpl-cb34e439-7967-4e12-9ea2-a7af50442216/datanode-0/data/ratis/45d546a8-a912-4229-8200-bf3b12186052
2021-01-12 17:04:58,806 [pool-38-thread-1] INFO  server.RaftServerConfigKeys (ConfUtils.java:logGet(44)) - raft.server.log.queue.byte-limit = 2147483647 (custom)
2021-01-12 17:04:58,806 [pool-38-thread-1] INFO  server.RaftServerConfigKeys (ConfUtils.java:logGet(44)) - raft.server.log.queue.element-limit = 1024 (custom)
2021-01-12 17:04:58,806 [pool-38-thread-1] INFO  server.RaftServerConfigKeys (ConfUtils.java:logGet(44)) - raft.server.log.segment.size.max = 1048576 (custom)
2021-01-12 17:04:58,806 [pool-38-thread-1] INFO  server.RaftServerConfigKeys (ConfUtils.java:logGet(44)) - raft.server.log.preallocated.size = 16384 (custom)
2021-01-12 17:04:58,806 [pool-38-thread-1] INFO  server.RaftServerConfigKeys (ConfUtils.java:logGet(44)) - raft.server.log.force.sync.num = 128 (default)
2021-01-12 17:04:58,806 [pool-38-thread-1] INFO  server.RaftServerConfigKeys (ConfUtils.java:logGet(44)) - raft.server.log.statemachine.data.sync = true (default)
2021-01-12 17:04:58,807 [pool-38-thread-1] INFO  server.RaftServerConfigKeys (ConfUtils.java:logGet(44)) - raft.server.log.statemachine.data.sync.timeout = 10s (default)
2021-01-12 17:04:58,807 [pool-38-thread-1] INFO  server.RaftServerConfigKeys (ConfUtils.java:logGet(44)) - raft.server.log.statemachine.data.sync.timeout.retry = -1 (default)
2021-01-12 17:04:58,808 [pool-38-thread-1] INFO  server.RaftServerConfigKeys (ConfUtils.java:logGet(44)) - raft.server.log.write.buffer.size = 1048576 (custom)
2021-01-12 17:04:58,809 [pool-38-thread-1] INFO  server.RaftServerConfigKeys (ConfUtils.java:logGet(44)) - raft.server.log.statemachine.data.caching.enabled = true (custom)
2021-01-12 17:04:58,809 [pool-38-thread-1] INFO  segmented.SegmentedRaftLogWorker (SegmentedRaftLogWorker.java:lambda$new$0(132)) - dd7ecda3-b896-473f-b1b1-402e04ac6960@group-BF3B12186052-SegmentedRaftLogWorker: flushIndex: setUnconditionally 0 -> -1
2021-01-12 17:04:58,809 [pool-38-thread-1] INFO  segmented.SegmentedRaftLogWorker (SegmentedRaftLogWorker.java:lambda$new$0(132)) - dd7ecda3-b896-473f-b1b1-402e04ac6960@group-BF3B12186052-SegmentedRaftLogWorker: safeCacheEvictIndex: setUnconditionally 0 -> -1
2021-01-12 17:04:58,809 [EventQueue-OpenPipelineForHealthyPipelineSafeModeRule] INFO  safemode.SCMSafeModeManager (HealthyPipelineSafeModeRule.java:process(128)) - SCM in safe mode. Healthy pipelines reported count is 0, required healthy pipeline reported count is 1
2021-01-12 17:04:58,817 [pool-38-thread-1] INFO  server.RaftServerConfigKeys (ConfUtils.java:logGet(44)) - raft.server.snapshot.auto.trigger.enabled = true (custom)
2021-01-12 17:04:58,817 [pool-38-thread-1] INFO  server.RaftServerConfigKeys (ConfUtils.java:logGet(44)) - raft.server.snapshot.auto.trigger.threshold = 10000 (custom)
2021-01-12 17:04:58,817 [pool-38-thread-1] INFO  server.RaftServerConfigKeys (ConfUtils.java:logGet(44)) - raft.server.snapshot.retention.file.num = 5 (custom)
2021-01-12 17:04:58,817 [pool-38-thread-1] INFO  server.RaftServerConfigKeys (ConfUtils.java:logGet(44)) - raft.server.log.purge.upto.snapshot.index = false (default)
2021-01-12 17:04:58,817 [pool-38-thread-1] INFO  server.RaftServerConfigKeys (ConfUtils.java:logGet(44)) - raft.server.retrycache.expirytime = 600000ms (custom)
2021-01-12 17:04:58,817 [pool-38-thread-1] INFO  server.RaftServerConfigKeys (ConfUtils.java:logGet(44)) - raft.server.retrycache.statistics.expirytime = 100?s (default)
2021-01-12 17:04:58,817 [pool-38-thread-1] INFO  metrics.RatisMetrics (RatisMetrics.java:lambda$create$0(36)) - Creating Metrics Registry : ratis.leader_election.dd7ecda3-b896-473f-b1b1-402e04ac6960@group-BF3B12186052
2021-01-12 17:04:58,818 [pool-38-thread-1] INFO  metrics.RatisMetrics (RatisMetrics.java:lambda$create$0(36)) - Creating Metrics Registry : ratis.server.dd7ecda3-b896-473f-b1b1-402e04ac6960@group-BF3B12186052
2021-01-12 17:04:58,819 [pool-38-thread-1] INFO  server.RaftServer$Division (RaftServerImpl.java:start(294)) - dd7ecda3-b896-473f-b1b1-402e04ac6960@group-BF3B12186052: start as a follower, conf=-1: [dd7ecda3-b896-473f-b1b1-402e04ac6960|rpc:172.17.0.2:42437|priority:1], old=null
2021-01-12 17:04:58,820 [pool-38-thread-1] INFO  server.RaftServer$Division (RaftServerImpl.java:setRole(283)) - dd7ecda3-b896-473f-b1b1-402e04ac6960@group-BF3B12186052: changes role from      null to FOLLOWER at term 0 for startAsFollower
2021-01-12 17:04:58,821 [pool-38-thread-1] INFO  impl.RoleInfo (RoleInfo.java:updateAndGet(130)) - dd7ecda3-b896-473f-b1b1-402e04ac6960: start dd7ecda3-b896-473f-b1b1-402e04ac6960@group-BF3B12186052-FollowerState
2021-01-12 17:04:58,821 [pool-38-thread-1] INFO  util.JmxRegister (JmxRegister.java:tryRegister(44)) - Successfully registered JMX Bean with object name Ratis:service=RaftServer,group=group-BF3B12186052,id=dd7ecda3-b896-473f-b1b1-402e04ac6960
2021-01-12 17:04:58,821 [pool-38-thread-1] INFO  metrics.RatisMetrics (RatisMetrics.java:lambda$create$0(36)) - Creating Metrics Registry : ratis.state_machine.dd7ecda3-b896-473f-b1b1-402e04ac6960@group-BF3B12186052
2021-01-12 17:04:58,830 [Command processor thread] INFO  commandhandler.CreatePipelineCommandHandler (CreatePipelineCommandHandler.java:handle(106)) - Created Pipeline RATIS ONE PipelineID=45d546a8-a912-4229-8200-bf3b12186052.
2021-01-12 17:04:58,830 [Command processor thread] INFO  server.RaftServer (RaftServerProxy.java:addNew(95)) - dd7ecda3-b896-473f-b1b1-402e04ac6960: addNew group-E5593941F623:[2069f406-71d7-45f5-abaa-bef6e3da0a9b|rpc:172.17.0.2:35421|priority:1, dd7ecda3-b896-473f-b1b1-402e04ac6960|rpc:172.17.0.2:42437|priority:0, 4de2fc5c-9ef7-4df0-8518-9cb2cf92efa4|rpc:172.17.0.2:38135|priority:0] returns group-E5593941F623:java.util.concurrent.CompletableFuture@7e821ddd[Not completed]
2021-01-12 17:04:58,831 [pool-38-thread-1] INFO  server.RaftServer$Division (RaftServerImpl.java:<init>(179)) - dd7ecda3-b896-473f-b1b1-402e04ac6960: new RaftServerImpl for group-E5593941F623:[2069f406-71d7-45f5-abaa-bef6e3da0a9b|rpc:172.17.0.2:35421|priority:1, dd7ecda3-b896-473f-b1b1-402e04ac6960|rpc:172.17.0.2:42437|priority:0, 4de2fc5c-9ef7-4df0-8518-9cb2cf92efa4|rpc:172.17.0.2:38135|priority:0] with ContainerStateMachine:uninitialized
2021-01-12 17:04:58,832 [pool-38-thread-1] INFO  server.RaftServerConfigKeys (ConfUtils.java:logGet(44)) - raft.server.rpc.timeout.min = 5s (custom)
2021-01-12 17:04:58,832 [pool-38-thread-1] INFO  server.RaftServerConfigKeys (ConfUtils.java:logGet(44)) - raft.server.rpc.timeout.max = 5200ms (custom)
2021-01-12 17:04:58,832 [pool-38-thread-1] INFO  server.RaftServerConfigKeys (ConfUtils.java:logGet(44)) - raft.server.rpc.sleep.time = 25ms (default)
2021-01-12 17:04:58,832 [pool-38-thread-1] INFO  server.RaftServerConfigKeys (ConfUtils.java:logGet(44)) - raft.server.rpc.slowness.timeout = 300s (custom)
2021-01-12 17:04:58,832 [pool-38-thread-1] INFO  server.RaftServerConfigKeys (ConfUtils.java:logGet(44)) - raft.server.leaderelection.leader.step-down.wait-time = 10s (default)
2021-01-12 17:04:58,832 [pool-38-thread-1] INFO  server.RaftServerConfigKeys (ConfUtils.java:logGet(44)) - raft.server.sleep.deviation.threshold = 300ms (default)
2021-01-12 17:04:58,832 [pool-38-thread-1] INFO  server.RaftServerConfigKeys (ConfUtils.java:logGet(44)) - raft.server.log.appender.install.snapshot.enabled = false (custom)
2021-01-12 17:04:58,832 [pool-38-thread-1] INFO  server.RaftServer$Division (ServerState.java:<init>(103)) - dd7ecda3-b896-473f-b1b1-402e04ac6960@group-E5593941F623: ConfigurationManager, init=-1: [2069f406-71d7-45f5-abaa-bef6e3da0a9b|rpc:172.17.0.2:35421|priority:1, dd7ecda3-b896-473f-b1b1-402e04ac6960|rpc:172.17.0.2:42437|priority:0, 4de2fc5c-9ef7-4df0-8518-9cb2cf92efa4|rpc:172.17.0.2:38135|priority:0], old=null, confs=<EMPTY_MAP>
2021-01-12 17:04:58,832 [pool-38-thread-1] INFO  server.RaftServerConfigKeys (ConfUtils.java:logGet(44)) - raft.server.storage.dir = [/github/workspace/mnt/ozone/hadoop-ozone/integration-test/target/test-dir/MiniOzoneClusterImpl-cb34e439-7967-4e12-9ea2-a7af50442216/datanode-0/data/ratis] (custom)
2021-01-12 17:04:58,833 [pool-38-thread-1] INFO  server.RaftServerConfigKeys (ConfUtils.java:logGet(44)) - raft.server.log.corruption.policy = EXCEPTION (default)
2021-01-12 17:04:58,833 [pool-38-thread-1] INFO  storage.RaftStorageDirectory (RaftStorageDirectoryImpl.java:analyzeStorage(132)) - The storage directory /github/workspace/mnt/ozone/hadoop-ozone/integration-test/target/test-dir/MiniOzoneClusterImpl-cb34e439-7967-4e12-9ea2-a7af50442216/datanode-0/data/ratis/86e45650-17c2-4ffa-af23-e5593941f623 does not exist. Creating ...
2021-01-12 17:04:58,835 [pool-38-thread-1] INFO  storage.RaftStorageDirectory (RaftStorageDirectoryImpl.java:tryLock(215)) - Lock on /github/workspace/mnt/ozone/hadoop-ozone/integration-test/target/test-dir/MiniOzoneClusterImpl-cb34e439-7967-4e12-9ea2-a7af50442216/datanode-0/data/ratis/86e45650-17c2-4ffa-af23-e5593941f623/in_use.lock acquired by nodename 1071@e3a45581da16
2021-01-12 17:04:58,836 [pool-38-thread-1] INFO  storage.RaftStorage (RaftStorageImpl.java:format(87)) - Storage directory /github/workspace/mnt/ozone/hadoop-ozone/integration-test/target/test-dir/MiniOzoneClusterImpl-cb34e439-7967-4e12-9ea2-a7af50442216/datanode-0/data/ratis/86e45650-17c2-4ffa-af23-e5593941f623 has been successfully formatted.
2021-01-12 17:04:58,836 [pool-38-thread-1] INFO  ratis.ContainerStateMachine (ContainerStateMachine.java:loadSnapshot(223)) - group-E5593941F623: The snapshot info is null. Setting the last applied indexto:(t:0, i:~)
2021-01-12 17:04:58,836 [pool-38-thread-1] ERROR storage.RaftStorage (RaftStorageImpl.java:readRaftConfiguration(147)) - Failed reading configuration from file:/github/workspace/mnt/ozone/hadoop-ozone/integration-test/target/test-dir/MiniOzoneClusterImpl-cb34e439-7967-4e12-9ea2-a7af50442216/datanode-0/data/ratis/86e45650-17c2-4ffa-af23-e5593941f623/current/raft-meta.conf
java.io.FileNotFoundException: /github/workspace/mnt/ozone/hadoop-ozone/integration-test/target/test-dir/MiniOzoneClusterImpl-cb34e439-7967-4e12-9ea2-a7af50442216/datanode-0/data/ratis/86e45650-17c2-4ffa-af23-e5593941f623/current/raft-meta.conf (No such file or directory)
	at java.io.FileInputStream.open0(Native Method)
	at java.io.FileInputStream.open(FileInputStream.java:195)
	at java.io.FileInputStream.<init>(FileInputStream.java:138)
	at org.apache.ratis.server.storage.RaftStorageImpl.readRaftConfiguration(RaftStorageImpl.java:143)
	at org.apache.ratis.server.impl.ServerState.<init>(ServerState.java:113)
	at org.apache.ratis.server.impl.RaftServerImpl.<init>(RaftServerImpl.java:192)
	at org.apache.ratis.server.impl.RaftServerProxy.lambda$newRaftServerImpl$4(RaftServerProxy.java:266)
	at java.util.concurrent.CompletableFuture$AsyncSupply.run(CompletableFuture.java:1604)
	at java.util.concurrent.ThreadPoolExecutor.runWorker(ThreadPoolExecutor.java:1149)
	at java.util.concurrent.ThreadPoolExecutor$Worker.run(ThreadPoolExecutor.java:624)
	at java.lang.Thread.run(Thread.java:748)
2021-01-12 17:04:58,837 [pool-38-thread-1] INFO  server.RaftServerConfigKeys (ConfUtils.java:logGet(44)) - raft.server.notification.no-leader.timeout = 300s (custom)
2021-01-12 17:04:58,837 [pool-38-thread-1] INFO  server.RaftServerConfigKeys (ConfUtils.java:logGet(44)) - raft.server.log.use.memory = false (default)
2021-01-12 17:04:58,838 [EventQueue-OpenPipelineForHealthyPipelineSafeModeRule] INFO  safemode.SCMSafeModeManager (HealthyPipelineSafeModeRule.java:process(128)) - SCM in safe mode. Healthy pipelines reported count is 0, required healthy pipeline reported count is 1
2021-01-12 17:04:58,838 [EventQueue-PipelineReportForOneReplicaPipelineSafeModeRule] INFO  safemode.SCMSafeModeManager (SCMSafeModeManager.java:validateSafeModeExitRules(214)) - AtleastOneDatanodeReportedRule rule is successfully validated
2021-01-12 17:04:58,839 [pool-38-thread-1] INFO  server.RaftServerConfigKeys (ConfUtils.java:logGet(44)) - raft.server.log.purge.gap = 1000000 (custom)
2021-01-12 17:04:58,839 [pool-38-thread-1] INFO  server.RaftServerConfigKeys (ConfUtils.java:logGet(44)) - raft.server.log.appender.buffer.byte-limit = 33554432 (custom)
2021-01-12 17:04:58,839 [pool-38-thread-1] INFO  metrics.RatisMetrics (RatisMetrics.java:lambda$create$0(36)) - Creating Metrics Registry : ratis.log_worker.dd7ecda3-b896-473f-b1b1-402e04ac6960@group-E5593941F623
2021-01-12 17:04:58,839 [pool-38-thread-1] INFO  server.RaftServerConfigKeys (ConfUtils.java:logGet(44)) - raft.server.log.segment.size.max = 1048576 (custom)
2021-01-12 17:04:58,840 [pool-38-thread-1] INFO  server.RaftServerConfigKeys (ConfUtils.java:logGet(44)) - raft.server.log.segment.cache.num.max = 2 (custom)
2021-01-12 17:04:58,840 [pool-38-thread-1] INFO  server.RaftServerConfigKeys (ConfUtils.java:logGet(44)) - raft.server.log.segment.cache.size.max = 200MB (=209715200) (default)
2021-01-12 17:04:58,840 [pool-38-thread-1] INFO  segmented.SegmentedRaftLogWorker (SegmentedRaftLogWorker.java:<init>(181)) - new dd7ecda3-b896-473f-b1b1-402e04ac6960@group-E5593941F623-SegmentedRaftLogWorker for RaftStorageImpl:Storage Directory /github/workspace/mnt/ozone/hadoop-ozone/integration-test/target/test-dir/MiniOzoneClusterImpl-cb34e439-7967-4e12-9ea2-a7af50442216/datanode-0/data/ratis/86e45650-17c2-4ffa-af23-e5593941f623
2021-01-12 17:04:58,840 [pool-38-thread-1] INFO  server.RaftServerConfigKeys (ConfUtils.java:logGet(44)) - raft.server.log.queue.byte-limit = 2147483647 (custom)
2021-01-12 17:04:58,840 [pool-38-thread-1] INFO  server.RaftServerConfigKeys (ConfUtils.java:logGet(44)) - raft.server.log.queue.element-limit = 1024 (custom)
2021-01-12 17:04:58,840 [pool-38-thread-1] INFO  server.RaftServerConfigKeys (ConfUtils.java:logGet(44)) - raft.server.log.segment.size.max = 1048576 (custom)
2021-01-12 17:04:58,840 [pool-38-thread-1] INFO  server.RaftServerConfigKeys (ConfUtils.java:logGet(44)) - raft.server.log.preallocated.size = 16384 (custom)
2021-01-12 17:04:58,840 [pool-38-thread-1] INFO  server.RaftServerConfigKeys (ConfUtils.java:logGet(44)) - raft.server.log.force.sync.num = 128 (default)
2021-01-12 17:04:58,840 [pool-38-thread-1] INFO  server.RaftServerConfigKeys (ConfUtils.java:logGet(44)) - raft.server.log.statemachine.data.sync = true (default)
2021-01-12 17:04:58,841 [pool-38-thread-1] INFO  server.RaftServerConfigKeys (ConfUtils.java:logGet(44)) - raft.server.log.statemachine.data.sync.timeout = 10s (default)
2021-01-12 17:04:58,841 [pool-38-thread-1] INFO  server.RaftServerConfigKeys (ConfUtils.java:logGet(44)) - raft.server.log.statemachine.data.sync.timeout.retry = -1 (default)
2021-01-12 17:04:58,842 [pool-38-thread-1] INFO  server.RaftServerConfigKeys (ConfUtils.java:logGet(44)) - raft.server.log.write.buffer.size = 1048576 (custom)
2021-01-12 17:04:58,843 [pool-38-thread-1] INFO  server.RaftServerConfigKeys (ConfUtils.java:logGet(44)) - raft.server.log.statemachine.data.caching.enabled = true (custom)
2021-01-12 17:04:58,843 [pool-38-thread-1] INFO  segmented.SegmentedRaftLogWorker (SegmentedRaftLogWorker.java:lambda$new$0(132)) - dd7ecda3-b896-473f-b1b1-402e04ac6960@group-E5593941F623-SegmentedRaftLogWorker: flushIndex: setUnconditionally 0 -> -1
2021-01-12 17:04:58,843 [pool-38-thread-1] INFO  segmented.SegmentedRaftLogWorker (SegmentedRaftLogWorker.java:lambda$new$0(132)) - dd7ecda3-b896-473f-b1b1-402e04ac6960@group-E5593941F623-SegmentedRaftLogWorker: safeCacheEvictIndex: setUnconditionally 0 -> -1
2021-01-12 17:04:58,846 [pool-38-thread-1] INFO  server.RaftServerConfigKeys (ConfUtils.java:logGet(44)) - raft.server.snapshot.auto.trigger.enabled = true (custom)
2021-01-12 17:04:58,846 [pool-38-thread-1] INFO  server.RaftServerConfigKeys (ConfUtils.java:logGet(44)) - raft.server.snapshot.auto.trigger.threshold = 10000 (custom)
2021-01-12 17:04:58,846 [pool-38-thread-1] INFO  server.RaftServerConfigKeys (ConfUtils.java:logGet(44)) - raft.server.snapshot.retention.file.num = 5 (custom)
2021-01-12 17:04:58,846 [pool-38-thread-1] INFO  server.RaftServerConfigKeys (ConfUtils.java:logGet(44)) - raft.server.log.purge.upto.snapshot.index = false (default)
2021-01-12 17:04:58,846 [pool-38-thread-1] INFO  server.RaftServerConfigKeys (ConfUtils.java:logGet(44)) - raft.server.retrycache.expirytime = 600000ms (custom)
2021-01-12 17:04:58,846 [pool-38-thread-1] INFO  server.RaftServerConfigKeys (ConfUtils.java:logGet(44)) - raft.server.retrycache.statistics.expirytime = 100?s (default)
2021-01-12 17:04:58,846 [pool-38-thread-1] INFO  metrics.RatisMetrics (RatisMetrics.java:lambda$create$0(36)) - Creating Metrics Registry : ratis.leader_election.dd7ecda3-b896-473f-b1b1-402e04ac6960@group-E5593941F623
2021-01-12 17:04:58,847 [pool-38-thread-1] INFO  metrics.RatisMetrics (RatisMetrics.java:lambda$create$0(36)) - Creating Metrics Registry : ratis.server.dd7ecda3-b896-473f-b1b1-402e04ac6960@group-E5593941F623
2021-01-12 17:04:58,848 [pool-38-thread-1] INFO  server.RaftServer$Division (RaftServerImpl.java:start(294)) - dd7ecda3-b896-473f-b1b1-402e04ac6960@group-E5593941F623: start as a follower, conf=-1: [2069f406-71d7-45f5-abaa-bef6e3da0a9b|rpc:172.17.0.2:35421|priority:1, dd7ecda3-b896-473f-b1b1-402e04ac6960|rpc:172.17.0.2:42437|priority:0, 4de2fc5c-9ef7-4df0-8518-9cb2cf92efa4|rpc:172.17.0.2:38135|priority:0], old=null
2021-01-12 17:04:58,848 [pool-38-thread-1] INFO  server.RaftServer$Division (RaftServerImpl.java:setRole(283)) - dd7ecda3-b896-473f-b1b1-402e04ac6960@group-E5593941F623: changes role from      null to FOLLOWER at term 0 for startAsFollower
2021-01-12 17:04:58,848 [pool-38-thread-1] INFO  impl.RoleInfo (RoleInfo.java:updateAndGet(130)) - dd7ecda3-b896-473f-b1b1-402e04ac6960: start dd7ecda3-b896-473f-b1b1-402e04ac6960@group-E5593941F623-FollowerState
2021-01-12 17:04:58,852 [pool-38-thread-1] INFO  util.JmxRegister (JmxRegister.java:tryRegister(44)) - Successfully registered JMX Bean with object name Ratis:service=RaftServer,group=group-E5593941F623,id=dd7ecda3-b896-473f-b1b1-402e04ac6960
2021-01-12 17:04:58,853 [pool-38-thread-1] INFO  metrics.RatisMetrics (RatisMetrics.java:lambda$create$0(36)) - Creating Metrics Registry : ratis.state_machine.dd7ecda3-b896-473f-b1b1-402e04ac6960@group-E5593941F623
2021-01-12 17:04:58,893 [Command processor thread] INFO  metrics.RatisMetrics (RatisMetrics.java:lambda$create$0(36)) - Creating Metrics Registry : ratis.client_message_metrics.client-64B3EE0E826A->2069f406-71d7-45f5-abaa-bef6e3da0a9b
2021-01-12 17:04:59,108 [Command processor thread] INFO  server.RaftServer (RaftServerProxy.java:addNew(95)) - 4de2fc5c-9ef7-4df0-8518-9cb2cf92efa4: addNew group-54FF71B85834:[4de2fc5c-9ef7-4df0-8518-9cb2cf92efa4|rpc:172.17.0.2:38135|priority:1] returns group-54FF71B85834:java.util.concurrent.CompletableFuture@370d7f5a[Not completed]
2021-01-12 17:04:59,117 [EventQueue-PipelineReportForOneReplicaPipelineSafeModeRule] INFO  safemode.SCMSafeModeManager (SCMSafeModeManager.java:validateSafeModeExitRules(214)) - AtleastOneDatanodeReportedRule rule is successfully validated
2021-01-12 17:04:59,126 [pool-53-thread-1] INFO  server.RaftServer$Division (RaftServerImpl.java:<init>(179)) - 4de2fc5c-9ef7-4df0-8518-9cb2cf92efa4: new RaftServerImpl for group-54FF71B85834:[4de2fc5c-9ef7-4df0-8518-9cb2cf92efa4|rpc:172.17.0.2:38135|priority:1] with ContainerStateMachine:uninitialized
2021-01-12 17:04:59,128 [pool-53-thread-1] INFO  server.RaftServerConfigKeys (ConfUtils.java:logGet(44)) - raft.server.rpc.timeout.min = 5s (custom)
2021-01-12 17:04:59,128 [pool-53-thread-1] INFO  server.RaftServerConfigKeys (ConfUtils.java:logGet(44)) - raft.server.rpc.timeout.max = 5200ms (custom)
2021-01-12 17:04:59,128 [pool-53-thread-1] INFO  server.RaftServerConfigKeys (ConfUtils.java:logGet(44)) - raft.server.rpc.sleep.time = 25ms (default)
2021-01-12 17:04:59,128 [pool-53-thread-1] INFO  server.RaftServerConfigKeys (ConfUtils.java:logGet(44)) - raft.server.rpc.slowness.timeout = 300s (custom)
2021-01-12 17:04:59,128 [pool-53-thread-1] INFO  server.RaftServerConfigKeys (ConfUtils.java:logGet(44)) - raft.server.leaderelection.leader.step-down.wait-time = 10s (default)
2021-01-12 17:04:59,128 [pool-53-thread-1] INFO  server.RaftServerConfigKeys (ConfUtils.java:logGet(44)) - raft.server.sleep.deviation.threshold = 300ms (default)
2021-01-12 17:04:59,128 [pool-53-thread-1] INFO  server.RaftServerConfigKeys (ConfUtils.java:logGet(44)) - raft.server.log.appender.install.snapshot.enabled = false (custom)
2021-01-12 17:04:59,129 [pool-53-thread-1] INFO  server.RaftServer$Division (ServerState.java:<init>(103)) - 4de2fc5c-9ef7-4df0-8518-9cb2cf92efa4@group-54FF71B85834: ConfigurationManager, init=-1: [4de2fc5c-9ef7-4df0-8518-9cb2cf92efa4|rpc:172.17.0.2:38135|priority:1], old=null, confs=<EMPTY_MAP>
2021-01-12 17:04:59,129 [pool-53-thread-1] INFO  server.RaftServerConfigKeys (ConfUtils.java:logGet(44)) - raft.server.storage.dir = [/github/workspace/mnt/ozone/hadoop-ozone/integration-test/target/test-dir/MiniOzoneClusterImpl-cb34e439-7967-4e12-9ea2-a7af50442216/datanode-1/data/ratis] (custom)
2021-01-12 17:04:59,129 [pool-53-thread-1] INFO  server.RaftServerConfigKeys (ConfUtils.java:logGet(44)) - raft.server.log.corruption.policy = EXCEPTION (default)
2021-01-12 17:04:59,129 [pool-53-thread-1] INFO  storage.RaftStorageDirectory (RaftStorageDirectoryImpl.java:analyzeStorage(132)) - The storage directory /github/workspace/mnt/ozone/hadoop-ozone/integration-test/target/test-dir/MiniOzoneClusterImpl-cb34e439-7967-4e12-9ea2-a7af50442216/datanode-1/data/ratis/9069073d-f37e-4f90-a04b-54ff71b85834 does not exist. Creating ...
2021-01-12 17:04:59,134 [pool-53-thread-1] INFO  storage.RaftStorageDirectory (RaftStorageDirectoryImpl.java:tryLock(215)) - Lock on /github/workspace/mnt/ozone/hadoop-ozone/integration-test/target/test-dir/MiniOzoneClusterImpl-cb34e439-7967-4e12-9ea2-a7af50442216/datanode-1/data/ratis/9069073d-f37e-4f90-a04b-54ff71b85834/in_use.lock acquired by nodename 1071@e3a45581da16
2021-01-12 17:04:59,139 [pool-53-thread-1] INFO  storage.RaftStorage (RaftStorageImpl.java:format(87)) - Storage directory /github/workspace/mnt/ozone/hadoop-ozone/integration-test/target/test-dir/MiniOzoneClusterImpl-cb34e439-7967-4e12-9ea2-a7af50442216/datanode-1/data/ratis/9069073d-f37e-4f90-a04b-54ff71b85834 has been successfully formatted.
2021-01-12 17:04:59,139 [pool-53-thread-1] INFO  ratis.ContainerStateMachine (ContainerStateMachine.java:loadSnapshot(223)) - group-54FF71B85834: The snapshot info is null. Setting the last applied indexto:(t:0, i:~)
2021-01-12 17:04:59,140 [pool-53-thread-1] ERROR storage.RaftStorage (RaftStorageImpl.java:readRaftConfiguration(147)) - Failed reading configuration from file:/github/workspace/mnt/ozone/hadoop-ozone/integration-test/target/test-dir/MiniOzoneClusterImpl-cb34e439-7967-4e12-9ea2-a7af50442216/datanode-1/data/ratis/9069073d-f37e-4f90-a04b-54ff71b85834/current/raft-meta.conf
java.io.FileNotFoundException: /github/workspace/mnt/ozone/hadoop-ozone/integration-test/target/test-dir/MiniOzoneClusterImpl-cb34e439-7967-4e12-9ea2-a7af50442216/datanode-1/data/ratis/9069073d-f37e-4f90-a04b-54ff71b85834/current/raft-meta.conf (No such file or directory)
	at java.io.FileInputStream.open0(Native Method)
	at java.io.FileInputStream.open(FileInputStream.java:195)
	at java.io.FileInputStream.<init>(FileInputStream.java:138)
	at org.apache.ratis.server.storage.RaftStorageImpl.readRaftConfiguration(RaftStorageImpl.java:143)
	at org.apache.ratis.server.impl.ServerState.<init>(ServerState.java:113)
	at org.apache.ratis.server.impl.RaftServerImpl.<init>(RaftServerImpl.java:192)
	at org.apache.ratis.server.impl.RaftServerProxy.lambda$newRaftServerImpl$4(RaftServerProxy.java:266)
	at java.util.concurrent.CompletableFuture$AsyncSupply.run(CompletableFuture.java:1604)
	at java.util.concurrent.ThreadPoolExecutor.runWorker(ThreadPoolExecutor.java:1149)
	at java.util.concurrent.ThreadPoolExecutor$Worker.run(ThreadPoolExecutor.java:624)
	at java.lang.Thread.run(Thread.java:748)
2021-01-12 17:04:59,140 [pool-53-thread-1] INFO  server.RaftServerConfigKeys (ConfUtils.java:logGet(44)) - raft.server.notification.no-leader.timeout = 300s (custom)
2021-01-12 17:04:59,140 [pool-53-thread-1] INFO  server.RaftServerConfigKeys (ConfUtils.java:logGet(44)) - raft.server.log.use.memory = false (default)
2021-01-12 17:04:59,140 [pool-53-thread-1] INFO  server.RaftServerConfigKeys (ConfUtils.java:logGet(44)) - raft.server.log.purge.gap = 1000000 (custom)
2021-01-12 17:04:59,140 [pool-53-thread-1] INFO  server.RaftServerConfigKeys (ConfUtils.java:logGet(44)) - raft.server.log.appender.buffer.byte-limit = 33554432 (custom)
2021-01-12 17:04:59,140 [pool-53-thread-1] INFO  metrics.RatisMetrics (RatisMetrics.java:lambda$create$0(36)) - Creating Metrics Registry : ratis.log_worker.4de2fc5c-9ef7-4df0-8518-9cb2cf92efa4@group-54FF71B85834
2021-01-12 17:04:59,140 [pool-53-thread-1] INFO  server.RaftServerConfigKeys (ConfUtils.java:logGet(44)) - raft.server.log.segment.size.max = 1048576 (custom)
2021-01-12 17:04:59,141 [pool-53-thread-1] INFO  server.RaftServerConfigKeys (ConfUtils.java:logGet(44)) - raft.server.log.segment.cache.num.max = 2 (custom)
2021-01-12 17:04:59,141 [pool-53-thread-1] INFO  server.RaftServerConfigKeys (ConfUtils.java:logGet(44)) - raft.server.log.segment.cache.size.max = 200MB (=209715200) (default)
2021-01-12 17:04:59,148 [pool-53-thread-1] INFO  segmented.SegmentedRaftLogWorker (SegmentedRaftLogWorker.java:<init>(181)) - new 4de2fc5c-9ef7-4df0-8518-9cb2cf92efa4@group-54FF71B85834-SegmentedRaftLogWorker for RaftStorageImpl:Storage Directory /github/workspace/mnt/ozone/hadoop-ozone/integration-test/target/test-dir/MiniOzoneClusterImpl-cb34e439-7967-4e12-9ea2-a7af50442216/datanode-1/data/ratis/9069073d-f37e-4f90-a04b-54ff71b85834
2021-01-12 17:04:59,148 [pool-53-thread-1] INFO  server.RaftServerConfigKeys (ConfUtils.java:logGet(44)) - raft.server.log.queue.byte-limit = 2147483647 (custom)
2021-01-12 17:04:59,148 [pool-53-thread-1] INFO  server.RaftServerConfigKeys (ConfUtils.java:logGet(44)) - raft.server.log.queue.element-limit = 1024 (custom)
2021-01-12 17:04:59,148 [pool-53-thread-1] INFO  server.RaftServerConfigKeys (ConfUtils.java:logGet(44)) - raft.server.log.segment.size.max = 1048576 (custom)
2021-01-12 17:04:59,148 [pool-53-thread-1] INFO  server.RaftServerConfigKeys (ConfUtils.java:logGet(44)) - raft.server.log.preallocated.size = 16384 (custom)
2021-01-12 17:04:59,148 [pool-53-thread-1] INFO  server.RaftServerConfigKeys (ConfUtils.java:logGet(44)) - raft.server.log.force.sync.num = 128 (default)
2021-01-12 17:04:59,149 [pool-53-thread-1] INFO  server.RaftServerConfigKeys (ConfUtils.java:logGet(44)) - raft.server.log.statemachine.data.sync = true (default)
2021-01-12 17:04:59,149 [pool-53-thread-1] INFO  server.RaftServerConfigKeys (ConfUtils.java:logGet(44)) - raft.server.log.statemachine.data.sync.timeout = 10s (default)
2021-01-12 17:04:59,149 [pool-53-thread-1] INFO  server.RaftServerConfigKeys (ConfUtils.java:logGet(44)) - raft.server.log.statemachine.data.sync.timeout.retry = -1 (default)
2021-01-12 17:04:59,150 [pool-53-thread-1] INFO  server.RaftServerConfigKeys (ConfUtils.java:logGet(44)) - raft.server.log.write.buffer.size = 1048576 (custom)
2021-01-12 17:04:59,150 [pool-53-thread-1] INFO  server.RaftServerConfigKeys (ConfUtils.java:logGet(44)) - raft.server.log.statemachine.data.caching.enabled = true (custom)
2021-01-12 17:04:59,151 [pool-53-thread-1] INFO  segmented.SegmentedRaftLogWorker (SegmentedRaftLogWorker.java:lambda$new$0(132)) - 4de2fc5c-9ef7-4df0-8518-9cb2cf92efa4@group-54FF71B85834-SegmentedRaftLogWorker: flushIndex: setUnconditionally 0 -> -1
2021-01-12 17:04:59,151 [pool-53-thread-1] INFO  segmented.SegmentedRaftLogWorker (SegmentedRaftLogWorker.java:lambda$new$0(132)) - 4de2fc5c-9ef7-4df0-8518-9cb2cf92efa4@group-54FF71B85834-SegmentedRaftLogWorker: safeCacheEvictIndex: setUnconditionally 0 -> -1
2021-01-12 17:04:59,151 [EventQueue-PipelineReportForPipelineReportHandler] INFO  pipeline.PipelineStateManager (PipelineStateManager.java:openPipeline(132)) - Pipeline Pipeline[ Id: 9069073d-f37e-4f90-a04b-54ff71b85834, Nodes: 4de2fc5c-9ef7-4df0-8518-9cb2cf92efa4{ip: 172.17.0.2, host: e3a45581da16, networkLocation: /default-rack, certSerialId: null, persistedOpState: IN_SERVICE, persistedOpStateExpiryEpochSec: 0}, Type:RATIS, Factor:ONE, State:ALLOCATED, leaderId:4de2fc5c-9ef7-4df0-8518-9cb2cf92efa4, CreationTimestamp2021-01-12T17:04:56.111Z] moved to OPEN state
2021-01-12 17:04:59,151 [EventQueue-PipelineReportForOneReplicaPipelineSafeModeRule] INFO  safemode.SCMSafeModeManager (SCMSafeModeManager.java:validateSafeModeExitRules(214)) - AtleastOneDatanodeReportedRule rule is successfully validated
2021-01-12 17:04:59,151 [EventQueue-OpenPipelineForHealthyPipelineSafeModeRule] INFO  safemode.SCMSafeModeManager (HealthyPipelineSafeModeRule.java:process(128)) - SCM in safe mode. Healthy pipelines reported count is 0, required healthy pipeline reported count is 1
2021-01-12 17:04:59,280 [pool-53-thread-1] INFO  server.RaftServerConfigKeys (ConfUtils.java:logGet(44)) - raft.server.snapshot.auto.trigger.enabled = true (custom)
2021-01-12 17:04:59,280 [pool-53-thread-1] INFO  server.RaftServerConfigKeys (ConfUtils.java:logGet(44)) - raft.server.snapshot.auto.trigger.threshold = 10000 (custom)
2021-01-12 17:04:59,280 [pool-53-thread-1] INFO  server.RaftServerConfigKeys (ConfUtils.java:logGet(44)) - raft.server.snapshot.retention.file.num = 5 (custom)
2021-01-12 17:04:59,280 [pool-53-thread-1] INFO  server.RaftServerConfigKeys (ConfUtils.java:logGet(44)) - raft.server.log.purge.upto.snapshot.index = false (default)
2021-01-12 17:04:59,281 [pool-53-thread-1] INFO  server.RaftServerConfigKeys (ConfUtils.java:logGet(44)) - raft.server.retrycache.expirytime = 600000ms (custom)
2021-01-12 17:04:59,281 [pool-53-thread-1] INFO  server.RaftServerConfigKeys (ConfUtils.java:logGet(44)) - raft.server.retrycache.statistics.expirytime = 100?s (default)
2021-01-12 17:04:59,281 [pool-53-thread-1] INFO  metrics.RatisMetrics (RatisMetrics.java:lambda$create$0(36)) - Creating Metrics Registry : ratis.leader_election.4de2fc5c-9ef7-4df0-8518-9cb2cf92efa4@group-54FF71B85834
2021-01-12 17:04:59,298 [pool-53-thread-1] INFO  metrics.RatisMetrics (RatisMetrics.java:lambda$create$0(36)) - Creating Metrics Registry : ratis.server.4de2fc5c-9ef7-4df0-8518-9cb2cf92efa4@group-54FF71B85834
2021-01-12 17:04:59,299 [pool-53-thread-1] INFO  server.RaftServer$Division (RaftServerImpl.java:start(294)) - 4de2fc5c-9ef7-4df0-8518-9cb2cf92efa4@group-54FF71B85834: start as a follower, conf=-1: [4de2fc5c-9ef7-4df0-8518-9cb2cf92efa4|rpc:172.17.0.2:38135|priority:1], old=null
2021-01-12 17:04:59,299 [pool-53-thread-1] INFO  server.RaftServer$Division (RaftServerImpl.java:setRole(283)) - 4de2fc5c-9ef7-4df0-8518-9cb2cf92efa4@group-54FF71B85834: changes role from      null to FOLLOWER at term 0 for startAsFollower
2021-01-12 17:04:59,299 [pool-53-thread-1] INFO  impl.RoleInfo (RoleInfo.java:updateAndGet(130)) - 4de2fc5c-9ef7-4df0-8518-9cb2cf92efa4: start 4de2fc5c-9ef7-4df0-8518-9cb2cf92efa4@group-54FF71B85834-FollowerState
2021-01-12 17:04:59,305 [pool-53-thread-1] INFO  util.JmxRegister (JmxRegister.java:tryRegister(44)) - Successfully registered JMX Bean with object name Ratis:service=RaftServer,group=group-54FF71B85834,id=4de2fc5c-9ef7-4df0-8518-9cb2cf92efa4
2021-01-12 17:04:59,305 [pool-53-thread-1] INFO  metrics.RatisMetrics (RatisMetrics.java:lambda$create$0(36)) - Creating Metrics Registry : ratis.state_machine.4de2fc5c-9ef7-4df0-8518-9cb2cf92efa4@group-54FF71B85834
2021-01-12 17:04:59,306 [Command processor thread] INFO  commandhandler.CreatePipelineCommandHandler (CreatePipelineCommandHandler.java:handle(106)) - Created Pipeline RATIS ONE PipelineID=9069073d-f37e-4f90-a04b-54ff71b85834.
2021-01-12 17:04:59,307 [Command processor thread] INFO  server.RaftServer (RaftServerProxy.java:addNew(95)) - 4de2fc5c-9ef7-4df0-8518-9cb2cf92efa4: addNew group-E5593941F623:[2069f406-71d7-45f5-abaa-bef6e3da0a9b|rpc:172.17.0.2:35421|priority:1, dd7ecda3-b896-473f-b1b1-402e04ac6960|rpc:172.17.0.2:42437|priority:0, 4de2fc5c-9ef7-4df0-8518-9cb2cf92efa4|rpc:172.17.0.2:38135|priority:0] returns group-E5593941F623:java.util.concurrent.CompletableFuture@3332ed63[Not completed]
2021-01-12 17:04:59,308 [pool-53-thread-1] INFO  server.RaftServer$Division (RaftServerImpl.java:<init>(179)) - 4de2fc5c-9ef7-4df0-8518-9cb2cf92efa4: new RaftServerImpl for group-E5593941F623:[2069f406-71d7-45f5-abaa-bef6e3da0a9b|rpc:172.17.0.2:35421|priority:1, dd7ecda3-b896-473f-b1b1-402e04ac6960|rpc:172.17.0.2:42437|priority:0, 4de2fc5c-9ef7-4df0-8518-9cb2cf92efa4|rpc:172.17.0.2:38135|priority:0] with ContainerStateMachine:uninitialized
2021-01-12 17:04:59,308 [pool-53-thread-1] INFO  server.RaftServerConfigKeys (ConfUtils.java:logGet(44)) - raft.server.rpc.timeout.min = 5s (custom)
2021-01-12 17:04:59,309 [pool-53-thread-1] INFO  server.RaftServerConfigKeys (ConfUtils.java:logGet(44)) - raft.server.rpc.timeout.max = 5200ms (custom)
2021-01-12 17:04:59,309 [pool-53-thread-1] INFO  server.RaftServerConfigKeys (ConfUtils.java:logGet(44)) - raft.server.rpc.sleep.time = 25ms (default)
2021-01-12 17:04:59,309 [pool-53-thread-1] INFO  server.RaftServerConfigKeys (ConfUtils.java:logGet(44)) - raft.server.rpc.slowness.timeout = 300s (custom)
2021-01-12 17:04:59,309 [pool-53-thread-1] INFO  server.RaftServerConfigKeys (ConfUtils.java:logGet(44)) - raft.server.leaderelection.leader.step-down.wait-time = 10s (default)
2021-01-12 17:04:59,309 [pool-53-thread-1] INFO  server.RaftServerConfigKeys (ConfUtils.java:logGet(44)) - raft.server.sleep.deviation.threshold = 300ms (default)
2021-01-12 17:04:59,309 [pool-53-thread-1] INFO  server.RaftServerConfigKeys (ConfUtils.java:logGet(44)) - raft.server.log.appender.install.snapshot.enabled = false (custom)
2021-01-12 17:04:59,309 [pool-53-thread-1] INFO  server.RaftServer$Division (ServerState.java:<init>(103)) - 4de2fc5c-9ef7-4df0-8518-9cb2cf92efa4@group-E5593941F623: ConfigurationManager, init=-1: [2069f406-71d7-45f5-abaa-bef6e3da0a9b|rpc:172.17.0.2:35421|priority:1, dd7ecda3-b896-473f-b1b1-402e04ac6960|rpc:172.17.0.2:42437|priority:0, 4de2fc5c-9ef7-4df0-8518-9cb2cf92efa4|rpc:172.17.0.2:38135|priority:0], old=null, confs=<EMPTY_MAP>
2021-01-12 17:04:59,309 [pool-53-thread-1] INFO  server.RaftServerConfigKeys (ConfUtils.java:logGet(44)) - raft.server.storage.dir = [/github/workspace/mnt/ozone/hadoop-ozone/integration-test/target/test-dir/MiniOzoneClusterImpl-cb34e439-7967-4e12-9ea2-a7af50442216/datanode-1/data/ratis] (custom)
2021-01-12 17:04:59,309 [pool-53-thread-1] INFO  server.RaftServerConfigKeys (ConfUtils.java:logGet(44)) - raft.server.log.corruption.policy = EXCEPTION (default)
2021-01-12 17:04:59,309 [pool-53-thread-1] INFO  storage.RaftStorageDirectory (RaftStorageDirectoryImpl.java:analyzeStorage(132)) - The storage directory /github/workspace/mnt/ozone/hadoop-ozone/integration-test/target/test-dir/MiniOzoneClusterImpl-cb34e439-7967-4e12-9ea2-a7af50442216/datanode-1/data/ratis/86e45650-17c2-4ffa-af23-e5593941f623 does not exist. Creating ...
2021-01-12 17:04:59,310 [pool-53-thread-1] INFO  storage.RaftStorageDirectory (RaftStorageDirectoryImpl.java:tryLock(215)) - Lock on /github/workspace/mnt/ozone/hadoop-ozone/integration-test/target/test-dir/MiniOzoneClusterImpl-cb34e439-7967-4e12-9ea2-a7af50442216/datanode-1/data/ratis/86e45650-17c2-4ffa-af23-e5593941f623/in_use.lock acquired by nodename 1071@e3a45581da16
2021-01-12 17:04:59,311 [pool-53-thread-1] INFO  storage.RaftStorage (RaftStorageImpl.java:format(87)) - Storage directory /github/workspace/mnt/ozone/hadoop-ozone/integration-test/target/test-dir/MiniOzoneClusterImpl-cb34e439-7967-4e12-9ea2-a7af50442216/datanode-1/data/ratis/86e45650-17c2-4ffa-af23-e5593941f623 has been successfully formatted.
2021-01-12 17:04:59,312 [pool-53-thread-1] INFO  ratis.ContainerStateMachine (ContainerStateMachine.java:loadSnapshot(223)) - group-E5593941F623: The snapshot info is null. Setting the last applied indexto:(t:0, i:~)
2021-01-12 17:04:59,312 [pool-53-thread-1] ERROR storage.RaftStorage (RaftStorageImpl.java:readRaftConfiguration(147)) - Failed reading configuration from file:/github/workspace/mnt/ozone/hadoop-ozone/integration-test/target/test-dir/MiniOzoneClusterImpl-cb34e439-7967-4e12-9ea2-a7af50442216/datanode-1/data/ratis/86e45650-17c2-4ffa-af23-e5593941f623/current/raft-meta.conf
java.io.FileNotFoundException: /github/workspace/mnt/ozone/hadoop-ozone/integration-test/target/test-dir/MiniOzoneClusterImpl-cb34e439-7967-4e12-9ea2-a7af50442216/datanode-1/data/ratis/86e45650-17c2-4ffa-af23-e5593941f623/current/raft-meta.conf (No such file or directory)
	at java.io.FileInputStream.open0(Native Method)
	at java.io.FileInputStream.open(FileInputStream.java:195)
	at java.io.FileInputStream.<init>(FileInputStream.java:138)
	at org.apache.ratis.server.storage.RaftStorageImpl.readRaftConfiguration(RaftStorageImpl.java:143)
	at org.apache.ratis.server.impl.ServerState.<init>(ServerState.java:113)
	at org.apache.ratis.server.impl.RaftServerImpl.<init>(RaftServerImpl.java:192)
	at org.apache.ratis.server.impl.RaftServerProxy.lambda$newRaftServerImpl$4(RaftServerProxy.java:266)
	at java.util.concurrent.CompletableFuture$AsyncSupply.run(CompletableFuture.java:1604)
	at java.util.concurrent.ThreadPoolExecutor.runWorker(ThreadPoolExecutor.java:1149)
	at java.util.concurrent.ThreadPoolExecutor$Worker.run(ThreadPoolExecutor.java:624)
	at java.lang.Thread.run(Thread.java:748)
2021-01-12 17:04:59,313 [pool-53-thread-1] INFO  server.RaftServerConfigKeys (ConfUtils.java:logGet(44)) - raft.server.notification.no-leader.timeout = 300s (custom)
2021-01-12 17:04:59,313 [pool-53-thread-1] INFO  server.RaftServerConfigKeys (ConfUtils.java:logGet(44)) - raft.server.log.use.memory = false (default)
2021-01-12 17:04:59,313 [pool-53-thread-1] INFO  server.RaftServerConfigKeys (ConfUtils.java:logGet(44)) - raft.server.log.purge.gap = 1000000 (custom)
2021-01-12 17:04:59,313 [pool-53-thread-1] INFO  server.RaftServerConfigKeys (ConfUtils.java:logGet(44)) - raft.server.log.appender.buffer.byte-limit = 33554432 (custom)
2021-01-12 17:04:59,314 [pool-53-thread-1] INFO  metrics.RatisMetrics (RatisMetrics.java:lambda$create$0(36)) - Creating Metrics Registry : ratis.log_worker.4de2fc5c-9ef7-4df0-8518-9cb2cf92efa4@group-E5593941F623
2021-01-12 17:04:59,314 [EventQueue-OpenPipelineForHealthyPipelineSafeModeRule] INFO  safemode.SCMSafeModeManager (HealthyPipelineSafeModeRule.java:process(128)) - SCM in safe mode. Healthy pipelines reported count is 0, required healthy pipeline reported count is 1
2021-01-12 17:04:59,314 [EventQueue-PipelineReportForOneReplicaPipelineSafeModeRule] INFO  safemode.SCMSafeModeManager (SCMSafeModeManager.java:validateSafeModeExitRules(214)) - AtleastOneDatanodeReportedRule rule is successfully validated
2021-01-12 17:04:59,315 [pool-53-thread-1] INFO  server.RaftServerConfigKeys (ConfUtils.java:logGet(44)) - raft.server.log.segment.size.max = 1048576 (custom)
2021-01-12 17:04:59,316 [pool-53-thread-1] INFO  server.RaftServerConfigKeys (ConfUtils.java:logGet(44)) - raft.server.log.segment.cache.num.max = 2 (custom)
2021-01-12 17:04:59,319 [pool-53-thread-1] INFO  server.RaftServerConfigKeys (ConfUtils.java:logGet(44)) - raft.server.log.segment.cache.size.max = 200MB (=209715200) (default)
2021-01-12 17:04:59,319 [pool-53-thread-1] INFO  segmented.SegmentedRaftLogWorker (SegmentedRaftLogWorker.java:<init>(181)) - new 4de2fc5c-9ef7-4df0-8518-9cb2cf92efa4@group-E5593941F623-SegmentedRaftLogWorker for RaftStorageImpl:Storage Directory /github/workspace/mnt/ozone/hadoop-ozone/integration-test/target/test-dir/MiniOzoneClusterImpl-cb34e439-7967-4e12-9ea2-a7af50442216/datanode-1/data/ratis/86e45650-17c2-4ffa-af23-e5593941f623
2021-01-12 17:04:59,319 [pool-53-thread-1] INFO  server.RaftServerConfigKeys (ConfUtils.java:logGet(44)) - raft.server.log.queue.byte-limit = 2147483647 (custom)
2021-01-12 17:04:59,319 [pool-53-thread-1] INFO  server.RaftServerConfigKeys (ConfUtils.java:logGet(44)) - raft.server.log.queue.element-limit = 1024 (custom)
2021-01-12 17:04:59,319 [pool-53-thread-1] INFO  server.RaftServerConfigKeys (ConfUtils.java:logGet(44)) - raft.server.log.segment.size.max = 1048576 (custom)
2021-01-12 17:04:59,319 [pool-53-thread-1] INFO  server.RaftServerConfigKeys (ConfUtils.java:logGet(44)) - raft.server.log.preallocated.size = 16384 (custom)
2021-01-12 17:04:59,319 [pool-53-thread-1] INFO  server.RaftServerConfigKeys (ConfUtils.java:logGet(44)) - raft.server.log.force.sync.num = 128 (default)
2021-01-12 17:04:59,319 [pool-53-thread-1] INFO  server.RaftServerConfigKeys (ConfUtils.java:logGet(44)) - raft.server.log.statemachine.data.sync = true (default)
2021-01-12 17:04:59,319 [pool-53-thread-1] INFO  server.RaftServerConfigKeys (ConfUtils.java:logGet(44)) - raft.server.log.statemachine.data.sync.timeout = 10s (default)
2021-01-12 17:04:59,319 [pool-53-thread-1] INFO  server.RaftServerConfigKeys (ConfUtils.java:logGet(44)) - raft.server.log.statemachine.data.sync.timeout.retry = -1 (default)
2021-01-12 17:04:59,320 [pool-53-thread-1] INFO  server.RaftServerConfigKeys (ConfUtils.java:logGet(44)) - raft.server.log.write.buffer.size = 1048576 (custom)
2021-01-12 17:04:59,322 [pool-53-thread-1] INFO  server.RaftServerConfigKeys (ConfUtils.java:logGet(44)) - raft.server.log.statemachine.data.caching.enabled = true (custom)
2021-01-12 17:04:59,322 [pool-53-thread-1] INFO  segmented.SegmentedRaftLogWorker (SegmentedRaftLogWorker.java:lambda$new$0(132)) - 4de2fc5c-9ef7-4df0-8518-9cb2cf92efa4@group-E5593941F623-SegmentedRaftLogWorker: flushIndex: setUnconditionally 0 -> -1
2021-01-12 17:04:59,330 [pool-53-thread-1] INFO  segmented.SegmentedRaftLogWorker (SegmentedRaftLogWorker.java:lambda$new$0(132)) - 4de2fc5c-9ef7-4df0-8518-9cb2cf92efa4@group-E5593941F623-SegmentedRaftLogWorker: safeCacheEvictIndex: setUnconditionally 0 -> -1
2021-01-12 17:04:59,336 [pool-53-thread-1] INFO  server.RaftServerConfigKeys (ConfUtils.java:logGet(44)) - raft.server.snapshot.auto.trigger.enabled = true (custom)
2021-01-12 17:04:59,337 [pool-53-thread-1] INFO  server.RaftServerConfigKeys (ConfUtils.java:logGet(44)) - raft.server.snapshot.auto.trigger.threshold = 10000 (custom)
2021-01-12 17:04:59,337 [pool-53-thread-1] INFO  server.RaftServerConfigKeys (ConfUtils.java:logGet(44)) - raft.server.snapshot.retention.file.num = 5 (custom)
2021-01-12 17:04:59,337 [pool-53-thread-1] INFO  server.RaftServerConfigKeys (ConfUtils.java:logGet(44)) - raft.server.log.purge.upto.snapshot.index = false (default)
2021-01-12 17:04:59,337 [pool-53-thread-1] INFO  server.RaftServerConfigKeys (ConfUtils.java:logGet(44)) - raft.server.retrycache.expirytime = 600000ms (custom)
2021-01-12 17:04:59,337 [pool-53-thread-1] INFO  server.RaftServerConfigKeys (ConfUtils.java:logGet(44)) - raft.server.retrycache.statistics.expirytime = 100?s (default)
2021-01-12 17:04:59,337 [pool-53-thread-1] INFO  metrics.RatisMetrics (RatisMetrics.java:lambda$create$0(36)) - Creating Metrics Registry : ratis.leader_election.4de2fc5c-9ef7-4df0-8518-9cb2cf92efa4@group-E5593941F623
2021-01-12 17:04:59,340 [pool-53-thread-1] INFO  metrics.RatisMetrics (RatisMetrics.java:lambda$create$0(36)) - Creating Metrics Registry : ratis.server.4de2fc5c-9ef7-4df0-8518-9cb2cf92efa4@group-E5593941F623
2021-01-12 17:04:59,345 [pool-53-thread-1] INFO  server.RaftServer$Division (RaftServerImpl.java:start(294)) - 4de2fc5c-9ef7-4df0-8518-9cb2cf92efa4@group-E5593941F623: start as a follower, conf=-1: [2069f406-71d7-45f5-abaa-bef6e3da0a9b|rpc:172.17.0.2:35421|priority:1, dd7ecda3-b896-473f-b1b1-402e04ac6960|rpc:172.17.0.2:42437|priority:0, 4de2fc5c-9ef7-4df0-8518-9cb2cf92efa4|rpc:172.17.0.2:38135|priority:0], old=null
2021-01-12 17:04:59,345 [pool-53-thread-1] INFO  server.RaftServer$Division (RaftServerImpl.java:setRole(283)) - 4de2fc5c-9ef7-4df0-8518-9cb2cf92efa4@group-E5593941F623: changes role from      null to FOLLOWER at term 0 for startAsFollower
2021-01-12 17:04:59,345 [pool-53-thread-1] INFO  impl.RoleInfo (RoleInfo.java:updateAndGet(130)) - 4de2fc5c-9ef7-4df0-8518-9cb2cf92efa4: start 4de2fc5c-9ef7-4df0-8518-9cb2cf92efa4@group-E5593941F623-FollowerState
2021-01-12 17:04:59,350 [grpc-default-executor-0] INFO  metrics.RatisMetrics (RatisMetrics.java:lambda$create$0(36)) - Creating Metrics Registry : ratis.server_message_metrics.2069f406-71d7-45f5-abaa-bef6e3da0a9b
2021-01-12 17:04:59,358 [pool-53-thread-1] INFO  util.JmxRegister (JmxRegister.java:tryRegister(44)) - Successfully registered JMX Bean with object name Ratis:service=RaftServer,group=group-E5593941F623,id=4de2fc5c-9ef7-4df0-8518-9cb2cf92efa4
2021-01-12 17:04:59,358 [pool-53-thread-1] INFO  metrics.RatisMetrics (RatisMetrics.java:lambda$create$0(36)) - Creating Metrics Registry : ratis.state_machine.4de2fc5c-9ef7-4df0-8518-9cb2cf92efa4@group-E5593941F623
2021-01-12 17:04:59,375 [Command processor thread] INFO  metrics.RatisMetrics (RatisMetrics.java:lambda$create$0(36)) - Creating Metrics Registry : ratis.client_message_metrics.client-C424DF70BAF0->2069f406-71d7-45f5-abaa-bef6e3da0a9b
2021-01-12 17:04:59,376 [Command processor thread] INFO  server.RaftServer (RaftServerProxy.java:addNew(95)) - 2069f406-71d7-45f5-abaa-bef6e3da0a9b: addNew group-A34531B3FF60:[2069f406-71d7-45f5-abaa-bef6e3da0a9b|rpc:172.17.0.2:35421|priority:1] returns group-A34531B3FF60:java.util.concurrent.CompletableFuture@259c3f24[Not completed]
2021-01-12 17:04:59,376 [grpc-default-executor-0] INFO  server.RaftServer (RaftServerProxy.java:addNew(95)) - 2069f406-71d7-45f5-abaa-bef6e3da0a9b: addNew group-E5593941F623:[2069f406-71d7-45f5-abaa-bef6e3da0a9b|rpc:172.17.0.2:35421|dataStream:|priority:1, dd7ecda3-b896-473f-b1b1-402e04ac6960|rpc:172.17.0.2:42437|dataStream:|priority:0, 4de2fc5c-9ef7-4df0-8518-9cb2cf92efa4|rpc:172.17.0.2:38135|dataStream:|priority:0] returns group-E5593941F623:java.util.concurrent.CompletableFuture@70ba06aa[Not completed]
2021-01-12 17:04:59,384 [EventQueue-PipelineReportForOneReplicaPipelineSafeModeRule] INFO  safemode.SCMSafeModeManager (SCMSafeModeManager.java:validateSafeModeExitRules(214)) - AtleastOneDatanodeReportedRule rule is successfully validated
2021-01-12 17:04:59,405 [pool-70-thread-1] INFO  server.RaftServer$Division (RaftServerImpl.java:<init>(179)) - 2069f406-71d7-45f5-abaa-bef6e3da0a9b: new RaftServerImpl for group-A34531B3FF60:[2069f406-71d7-45f5-abaa-bef6e3da0a9b|rpc:172.17.0.2:35421|priority:1] with ContainerStateMachine:uninitialized
2021-01-12 17:04:59,409 [pool-70-thread-1] INFO  server.RaftServerConfigKeys (ConfUtils.java:logGet(44)) - raft.server.rpc.timeout.min = 5s (custom)
2021-01-12 17:04:59,409 [pool-70-thread-1] INFO  server.RaftServerConfigKeys (ConfUtils.java:logGet(44)) - raft.server.rpc.timeout.max = 5200ms (custom)
2021-01-12 17:04:59,409 [pool-70-thread-1] INFO  server.RaftServerConfigKeys (ConfUtils.java:logGet(44)) - raft.server.rpc.sleep.time = 25ms (default)
2021-01-12 17:04:59,409 [pool-70-thread-1] INFO  server.RaftServerConfigKeys (ConfUtils.java:logGet(44)) - raft.server.rpc.slowness.timeout = 300s (custom)
2021-01-12 17:04:59,409 [pool-70-thread-1] INFO  server.RaftServerConfigKeys (ConfUtils.java:logGet(44)) - raft.server.leaderelection.leader.step-down.wait-time = 10s (default)
2021-01-12 17:04:59,409 [pool-70-thread-1] INFO  server.RaftServerConfigKeys (ConfUtils.java:logGet(44)) - raft.server.sleep.deviation.threshold = 300ms (default)
2021-01-12 17:04:59,409 [pool-70-thread-1] INFO  server.RaftServerConfigKeys (ConfUtils.java:logGet(44)) - raft.server.log.appender.install.snapshot.enabled = false (custom)
2021-01-12 17:04:59,409 [pool-70-thread-1] INFO  server.RaftServer$Division (ServerState.java:<init>(103)) - 2069f406-71d7-45f5-abaa-bef6e3da0a9b@group-A34531B3FF60: ConfigurationManager, init=-1: [2069f406-71d7-45f5-abaa-bef6e3da0a9b|rpc:172.17.0.2:35421|priority:1], old=null, confs=<EMPTY_MAP>
2021-01-12 17:04:59,409 [pool-70-thread-1] INFO  server.RaftServerConfigKeys (ConfUtils.java:logGet(44)) - raft.server.storage.dir = [/github/workspace/mnt/ozone/hadoop-ozone/integration-test/target/test-dir/MiniOzoneClusterImpl-cb34e439-7967-4e12-9ea2-a7af50442216/datanode-2/data/ratis] (custom)
2021-01-12 17:04:59,409 [pool-70-thread-1] INFO  server.RaftServerConfigKeys (ConfUtils.java:logGet(44)) - raft.server.log.corruption.policy = EXCEPTION (default)
2021-01-12 17:04:59,409 [pool-70-thread-1] INFO  storage.RaftStorageDirectory (RaftStorageDirectoryImpl.java:analyzeStorage(132)) - The storage directory /github/workspace/mnt/ozone/hadoop-ozone/integration-test/target/test-dir/MiniOzoneClusterImpl-cb34e439-7967-4e12-9ea2-a7af50442216/datanode-2/data/ratis/5c789aa5-d9a5-432a-b73e-a34531b3ff60 does not exist. Creating ...
2021-01-12 17:04:59,411 [pool-70-thread-1] INFO  storage.RaftStorageDirectory (RaftStorageDirectoryImpl.java:tryLock(215)) - Lock on /github/workspace/mnt/ozone/hadoop-ozone/integration-test/target/test-dir/MiniOzoneClusterImpl-cb34e439-7967-4e12-9ea2-a7af50442216/datanode-2/data/ratis/5c789aa5-d9a5-432a-b73e-a34531b3ff60/in_use.lock acquired by nodename 1071@e3a45581da16
2021-01-12 17:04:59,414 [pool-70-thread-1] INFO  storage.RaftStorage (RaftStorageImpl.java:format(87)) - Storage directory /github/workspace/mnt/ozone/hadoop-ozone/integration-test/target/test-dir/MiniOzoneClusterImpl-cb34e439-7967-4e12-9ea2-a7af50442216/datanode-2/data/ratis/5c789aa5-d9a5-432a-b73e-a34531b3ff60 has been successfully formatted.
2021-01-12 17:04:59,414 [pool-70-thread-1] INFO  ratis.ContainerStateMachine (ContainerStateMachine.java:loadSnapshot(223)) - group-A34531B3FF60: The snapshot info is null. Setting the last applied indexto:(t:0, i:~)
2021-01-12 17:04:59,414 [pool-70-thread-1] ERROR storage.RaftStorage (RaftStorageImpl.java:readRaftConfiguration(147)) - Failed reading configuration from file:/github/workspace/mnt/ozone/hadoop-ozone/integration-test/target/test-dir/MiniOzoneClusterImpl-cb34e439-7967-4e12-9ea2-a7af50442216/datanode-2/data/ratis/5c789aa5-d9a5-432a-b73e-a34531b3ff60/current/raft-meta.conf
java.io.FileNotFoundException: /github/workspace/mnt/ozone/hadoop-ozone/integration-test/target/test-dir/MiniOzoneClusterImpl-cb34e439-7967-4e12-9ea2-a7af50442216/datanode-2/data/ratis/5c789aa5-d9a5-432a-b73e-a34531b3ff60/current/raft-meta.conf (No such file or directory)
	at java.io.FileInputStream.open0(Native Method)
	at java.io.FileInputStream.open(FileInputStream.java:195)
	at java.io.FileInputStream.<init>(FileInputStream.java:138)
	at org.apache.ratis.server.storage.RaftStorageImpl.readRaftConfiguration(RaftStorageImpl.java:143)
	at org.apache.ratis.server.impl.ServerState.<init>(ServerState.java:113)
	at org.apache.ratis.server.impl.RaftServerImpl.<init>(RaftServerImpl.java:192)
	at org.apache.ratis.server.impl.RaftServerProxy.lambda$newRaftServerImpl$4(RaftServerProxy.java:266)
	at java.util.concurrent.CompletableFuture$AsyncSupply.run(CompletableFuture.java:1604)
	at java.util.concurrent.ThreadPoolExecutor.runWorker(ThreadPoolExecutor.java:1149)
	at java.util.concurrent.ThreadPoolExecutor$Worker.run(ThreadPoolExecutor.java:624)
	at java.lang.Thread.run(Thread.java:748)
2021-01-12 17:04:59,414 [pool-70-thread-1] INFO  server.RaftServerConfigKeys (ConfUtils.java:logGet(44)) - raft.server.notification.no-leader.timeout = 300s (custom)
2021-01-12 17:04:59,414 [pool-70-thread-1] INFO  server.RaftServerConfigKeys (ConfUtils.java:logGet(44)) - raft.server.log.use.memory = false (default)
2021-01-12 17:04:59,414 [pool-70-thread-1] INFO  server.RaftServerConfigKeys (ConfUtils.java:logGet(44)) - raft.server.log.purge.gap = 1000000 (custom)
2021-01-12 17:04:59,414 [pool-70-thread-1] INFO  server.RaftServerConfigKeys (ConfUtils.java:logGet(44)) - raft.server.log.appender.buffer.byte-limit = 33554432 (custom)
2021-01-12 17:04:59,414 [pool-70-thread-1] INFO  metrics.RatisMetrics (RatisMetrics.java:lambda$create$0(36)) - Creating Metrics Registry : ratis.log_worker.2069f406-71d7-45f5-abaa-bef6e3da0a9b@group-A34531B3FF60
2021-01-12 17:04:59,415 [pool-70-thread-1] INFO  server.RaftServerConfigKeys (ConfUtils.java:logGet(44)) - raft.server.log.segment.size.max = 1048576 (custom)
2021-01-12 17:04:59,417 [pool-70-thread-1] INFO  server.RaftServerConfigKeys (ConfUtils.java:logGet(44)) - raft.server.log.segment.cache.num.max = 2 (custom)
2021-01-12 17:04:59,417 [pool-70-thread-1] INFO  server.RaftServerConfigKeys (ConfUtils.java:logGet(44)) - raft.server.log.segment.cache.size.max = 200MB (=209715200) (default)
2021-01-12 17:04:59,417 [pool-70-thread-1] INFO  segmented.SegmentedRaftLogWorker (SegmentedRaftLogWorker.java:<init>(181)) - new 2069f406-71d7-45f5-abaa-bef6e3da0a9b@group-A34531B3FF60-SegmentedRaftLogWorker for RaftStorageImpl:Storage Directory /github/workspace/mnt/ozone/hadoop-ozone/integration-test/target/test-dir/MiniOzoneClusterImpl-cb34e439-7967-4e12-9ea2-a7af50442216/datanode-2/data/ratis/5c789aa5-d9a5-432a-b73e-a34531b3ff60
2021-01-12 17:04:59,417 [pool-70-thread-1] INFO  server.RaftServerConfigKeys (ConfUtils.java:logGet(44)) - raft.server.log.queue.byte-limit = 2147483647 (custom)
2021-01-12 17:04:59,418 [pool-70-thread-1] INFO  server.RaftServerConfigKeys (ConfUtils.java:logGet(44)) - raft.server.log.queue.element-limit = 1024 (custom)
2021-01-12 17:04:59,418 [pool-70-thread-1] INFO  server.RaftServerConfigKeys (ConfUtils.java:logGet(44)) - raft.server.log.segment.size.max = 1048576 (custom)
2021-01-12 17:04:59,418 [pool-70-thread-1] INFO  server.RaftServerConfigKeys (ConfUtils.java:logGet(44)) - raft.server.log.preallocated.size = 16384 (custom)
2021-01-12 17:04:59,418 [pool-70-thread-1] INFO  server.RaftServerConfigKeys (ConfUtils.java:logGet(44)) - raft.server.log.force.sync.num = 128 (default)
2021-01-12 17:04:59,418 [pool-70-thread-1] INFO  server.RaftServerConfigKeys (ConfUtils.java:logGet(44)) - raft.server.log.statemachine.data.sync = true (default)
2021-01-12 17:04:59,418 [pool-70-thread-1] INFO  server.RaftServerConfigKeys (ConfUtils.java:logGet(44)) - raft.server.log.statemachine.data.sync.timeout = 10s (default)
2021-01-12 17:04:59,418 [pool-70-thread-1] INFO  server.RaftServerConfigKeys (ConfUtils.java:logGet(44)) - raft.server.log.statemachine.data.sync.timeout.retry = -1 (default)
2021-01-12 17:04:59,418 [pool-70-thread-1] INFO  server.RaftServerConfigKeys (ConfUtils.java:logGet(44)) - raft.server.log.write.buffer.size = 1048576 (custom)
2021-01-12 17:04:59,419 [pool-70-thread-1] INFO  server.RaftServerConfigKeys (ConfUtils.java:logGet(44)) - raft.server.log.statemachine.data.caching.enabled = true (custom)
2021-01-12 17:04:59,419 [pool-70-thread-1] INFO  segmented.SegmentedRaftLogWorker (SegmentedRaftLogWorker.java:lambda$new$0(132)) - 2069f406-71d7-45f5-abaa-bef6e3da0a9b@group-A34531B3FF60-SegmentedRaftLogWorker: flushIndex: setUnconditionally 0 -> -1
2021-01-12 17:04:59,419 [pool-70-thread-1] INFO  segmented.SegmentedRaftLogWorker (SegmentedRaftLogWorker.java:lambda$new$0(132)) - 2069f406-71d7-45f5-abaa-bef6e3da0a9b@group-A34531B3FF60-SegmentedRaftLogWorker: safeCacheEvictIndex: setUnconditionally 0 -> -1
2021-01-12 17:04:59,431 [pool-70-thread-1] INFO  server.RaftServerConfigKeys (ConfUtils.java:logGet(44)) - raft.server.snapshot.auto.trigger.enabled = true (custom)
2021-01-12 17:04:59,431 [pool-70-thread-1] INFO  server.RaftServerConfigKeys (ConfUtils.java:logGet(44)) - raft.server.snapshot.auto.trigger.threshold = 10000 (custom)
2021-01-12 17:04:59,431 [pool-70-thread-1] INFO  server.RaftServerConfigKeys (ConfUtils.java:logGet(44)) - raft.server.snapshot.retention.file.num = 5 (custom)
2021-01-12 17:04:59,431 [pool-70-thread-1] INFO  server.RaftServerConfigKeys (ConfUtils.java:logGet(44)) - raft.server.log.purge.upto.snapshot.index = false (default)
2021-01-12 17:04:59,431 [pool-70-thread-1] INFO  server.RaftServerConfigKeys (ConfUtils.java:logGet(44)) - raft.server.retrycache.expirytime = 600000ms (custom)
2021-01-12 17:04:59,431 [pool-70-thread-1] INFO  server.RaftServerConfigKeys (ConfUtils.java:logGet(44)) - raft.server.retrycache.statistics.expirytime = 100?s (default)
2021-01-12 17:04:59,431 [pool-70-thread-1] INFO  metrics.RatisMetrics (RatisMetrics.java:lambda$create$0(36)) - Creating Metrics Registry : ratis.leader_election.2069f406-71d7-45f5-abaa-bef6e3da0a9b@group-A34531B3FF60
2021-01-12 17:04:59,431 [pool-70-thread-1] INFO  metrics.RatisMetrics (RatisMetrics.java:lambda$create$0(36)) - Creating Metrics Registry : ratis.server.2069f406-71d7-45f5-abaa-bef6e3da0a9b@group-A34531B3FF60
2021-01-12 17:04:59,432 [EventQueue-PipelineReportForPipelineReportHandler] INFO  pipeline.PipelineStateManager (PipelineStateManager.java:openPipeline(132)) - Pipeline Pipeline[ Id: 5c789aa5-d9a5-432a-b73e-a34531b3ff60, Nodes: 2069f406-71d7-45f5-abaa-bef6e3da0a9b{ip: 172.17.0.2, host: e3a45581da16, networkLocation: /default-rack, certSerialId: null, persistedOpState: IN_SERVICE, persistedOpStateExpiryEpochSec: 0}, Type:RATIS, Factor:ONE, State:ALLOCATED, leaderId:2069f406-71d7-45f5-abaa-bef6e3da0a9b, CreationTimestamp2021-01-12T17:04:56.370Z] moved to OPEN state
2021-01-12 17:04:59,433 [EventQueue-PipelineReportForOneReplicaPipelineSafeModeRule] INFO  safemode.SCMSafeModeManager (SCMSafeModeManager.java:validateSafeModeExitRules(214)) - AtleastOneDatanodeReportedRule rule is successfully validated
2021-01-12 17:04:59,433 [EventQueue-OpenPipelineForHealthyPipelineSafeModeRule] INFO  safemode.SCMSafeModeManager (HealthyPipelineSafeModeRule.java:process(128)) - SCM in safe mode. Healthy pipelines reported count is 0, required healthy pipeline reported count is 1
2021-01-12 17:04:59,433 [pool-70-thread-1] INFO  server.RaftServer$Division (RaftServerImpl.java:<init>(179)) - 2069f406-71d7-45f5-abaa-bef6e3da0a9b: new RaftServerImpl for group-E5593941F623:[2069f406-71d7-45f5-abaa-bef6e3da0a9b|rpc:172.17.0.2:35421|dataStream:|priority:1, dd7ecda3-b896-473f-b1b1-402e04ac6960|rpc:172.17.0.2:42437|dataStream:|priority:0, 4de2fc5c-9ef7-4df0-8518-9cb2cf92efa4|rpc:172.17.0.2:38135|dataStream:|priority:0] with ContainerStateMachine:uninitialized
2021-01-12 17:04:59,444 [pool-70-thread-1] INFO  server.RaftServerConfigKeys (ConfUtils.java:logGet(44)) - raft.server.rpc.timeout.min = 5s (custom)
2021-01-12 17:04:59,445 [pool-70-thread-1] INFO  server.RaftServerConfigKeys (ConfUtils.java:logGet(44)) - raft.server.rpc.timeout.max = 5200ms (custom)
2021-01-12 17:04:59,445 [pool-70-thread-1] INFO  server.RaftServerConfigKeys (ConfUtils.java:logGet(44)) - raft.server.rpc.sleep.time = 25ms (default)
2021-01-12 17:04:59,445 [pool-70-thread-1] INFO  server.RaftServerConfigKeys (ConfUtils.java:logGet(44)) - raft.server.rpc.slowness.timeout = 300s (custom)
2021-01-12 17:04:59,445 [pool-70-thread-1] INFO  server.RaftServerConfigKeys (ConfUtils.java:logGet(44)) - raft.server.leaderelection.leader.step-down.wait-time = 10s (default)
2021-01-12 17:04:59,445 [pool-70-thread-1] INFO  server.RaftServerConfigKeys (ConfUtils.java:logGet(44)) - raft.server.sleep.deviation.threshold = 300ms (default)
2021-01-12 17:04:59,445 [pool-70-thread-1] INFO  server.RaftServerConfigKeys (ConfUtils.java:logGet(44)) - raft.server.log.appender.install.snapshot.enabled = false (custom)
2021-01-12 17:04:59,445 [pool-70-thread-1] INFO  server.RaftServer$Division (ServerState.java:<init>(103)) - 2069f406-71d7-45f5-abaa-bef6e3da0a9b@group-E5593941F623: ConfigurationManager, init=-1: [2069f406-71d7-45f5-abaa-bef6e3da0a9b|rpc:172.17.0.2:35421|dataStream:|priority:1, dd7ecda3-b896-473f-b1b1-402e04ac6960|rpc:172.17.0.2:42437|dataStream:|priority:0, 4de2fc5c-9ef7-4df0-8518-9cb2cf92efa4|rpc:172.17.0.2:38135|dataStream:|priority:0], old=null, confs=<EMPTY_MAP>
2021-01-12 17:04:59,445 [pool-70-thread-1] INFO  server.RaftServerConfigKeys (ConfUtils.java:logGet(44)) - raft.server.storage.dir = [/github/workspace/mnt/ozone/hadoop-ozone/integration-test/target/test-dir/MiniOzoneClusterImpl-cb34e439-7967-4e12-9ea2-a7af50442216/datanode-2/data/ratis] (custom)
2021-01-12 17:04:59,445 [pool-70-thread-1] INFO  server.RaftServerConfigKeys (ConfUtils.java:logGet(44)) - raft.server.log.corruption.policy = EXCEPTION (default)
2021-01-12 17:04:59,445 [pool-70-thread-1] INFO  storage.RaftStorageDirectory (RaftStorageDirectoryImpl.java:analyzeStorage(132)) - The storage directory /github/workspace/mnt/ozone/hadoop-ozone/integration-test/target/test-dir/MiniOzoneClusterImpl-cb34e439-7967-4e12-9ea2-a7af50442216/datanode-2/data/ratis/86e45650-17c2-4ffa-af23-e5593941f623 does not exist. Creating ...
2021-01-12 17:04:59,448 [pool-70-thread-1] INFO  storage.RaftStorageDirectory (RaftStorageDirectoryImpl.java:tryLock(215)) - Lock on /github/workspace/mnt/ozone/hadoop-ozone/integration-test/target/test-dir/MiniOzoneClusterImpl-cb34e439-7967-4e12-9ea2-a7af50442216/datanode-2/data/ratis/86e45650-17c2-4ffa-af23-e5593941f623/in_use.lock acquired by nodename 1071@e3a45581da16
2021-01-12 17:04:59,450 [pool-70-thread-1] INFO  storage.RaftStorage (RaftStorageImpl.java:format(87)) - Storage directory /github/workspace/mnt/ozone/hadoop-ozone/integration-test/target/test-dir/MiniOzoneClusterImpl-cb34e439-7967-4e12-9ea2-a7af50442216/datanode-2/data/ratis/86e45650-17c2-4ffa-af23-e5593941f623 has been successfully formatted.
2021-01-12 17:04:59,450 [pool-70-thread-1] INFO  ratis.ContainerStateMachine (ContainerStateMachine.java:loadSnapshot(223)) - group-E5593941F623: The snapshot info is null. Setting the last applied indexto:(t:0, i:~)
2021-01-12 17:04:59,450 [pool-70-thread-1] ERROR storage.RaftStorage (RaftStorageImpl.java:readRaftConfiguration(147)) - Failed reading configuration from file:/github/workspace/mnt/ozone/hadoop-ozone/integration-test/target/test-dir/MiniOzoneClusterImpl-cb34e439-7967-4e12-9ea2-a7af50442216/datanode-2/data/ratis/86e45650-17c2-4ffa-af23-e5593941f623/current/raft-meta.conf
java.io.FileNotFoundException: /github/workspace/mnt/ozone/hadoop-ozone/integration-test/target/test-dir/MiniOzoneClusterImpl-cb34e439-7967-4e12-9ea2-a7af50442216/datanode-2/data/ratis/86e45650-17c2-4ffa-af23-e5593941f623/current/raft-meta.conf (No such file or directory)
	at java.io.FileInputStream.open0(Native Method)
	at java.io.FileInputStream.open(FileInputStream.java:195)
	at java.io.FileInputStream.<init>(FileInputStream.java:138)
	at org.apache.ratis.server.storage.RaftStorageImpl.readRaftConfiguration(RaftStorageImpl.java:143)
	at org.apache.ratis.server.impl.ServerState.<init>(ServerState.java:113)
	at org.apache.ratis.server.impl.RaftServerImpl.<init>(RaftServerImpl.java:192)
	at org.apache.ratis.server.impl.RaftServerProxy.lambda$newRaftServerImpl$4(RaftServerProxy.java:266)
	at java.util.concurrent.CompletableFuture$AsyncSupply.run(CompletableFuture.java:1604)
	at java.util.concurrent.ThreadPoolExecutor.runWorker(ThreadPoolExecutor.java:1149)
	at java.util.concurrent.ThreadPoolExecutor$Worker.run(ThreadPoolExecutor.java:624)
	at java.lang.Thread.run(Thread.java:748)
2021-01-12 17:04:59,451 [pool-70-thread-1] INFO  server.RaftServerConfigKeys (ConfUtils.java:logGet(44)) - raft.server.notification.no-leader.timeout = 300s (custom)
2021-01-12 17:04:59,451 [pool-70-thread-1] INFO  server.RaftServerConfigKeys (ConfUtils.java:logGet(44)) - raft.server.log.use.memory = false (default)
2021-01-12 17:04:59,451 [pool-70-thread-1] INFO  server.RaftServerConfigKeys (ConfUtils.java:logGet(44)) - raft.server.log.purge.gap = 1000000 (custom)
2021-01-12 17:04:59,451 [pool-70-thread-1] INFO  server.RaftServerConfigKeys (ConfUtils.java:logGet(44)) - raft.server.log.appender.buffer.byte-limit = 33554432 (custom)
2021-01-12 17:04:59,451 [pool-70-thread-1] INFO  metrics.RatisMetrics (RatisMetrics.java:lambda$create$0(36)) - Creating Metrics Registry : ratis.log_worker.2069f406-71d7-45f5-abaa-bef6e3da0a9b@group-E5593941F623
2021-01-12 17:04:59,451 [pool-70-thread-1] INFO  server.RaftServerConfigKeys (ConfUtils.java:logGet(44)) - raft.server.log.segment.size.max = 1048576 (custom)
2021-01-12 17:04:59,451 [pool-70-thread-1] INFO  server.RaftServerConfigKeys (ConfUtils.java:logGet(44)) - raft.server.log.segment.cache.num.max = 2 (custom)
2021-01-12 17:04:59,451 [pool-70-thread-1] INFO  server.RaftServerConfigKeys (ConfUtils.java:logGet(44)) - raft.server.log.segment.cache.size.max = 200MB (=209715200) (default)
2021-01-12 17:04:59,452 [pool-70-thread-1] INFO  segmented.SegmentedRaftLogWorker (SegmentedRaftLogWorker.java:<init>(181)) - new 2069f406-71d7-45f5-abaa-bef6e3da0a9b@group-E5593941F623-SegmentedRaftLogWorker for RaftStorageImpl:Storage Directory /github/workspace/mnt/ozone/hadoop-ozone/integration-test/target/test-dir/MiniOzoneClusterImpl-cb34e439-7967-4e12-9ea2-a7af50442216/datanode-2/data/ratis/86e45650-17c2-4ffa-af23-e5593941f623
2021-01-12 17:04:59,452 [pool-70-thread-1] INFO  server.RaftServerConfigKeys (ConfUtils.java:logGet(44)) - raft.server.log.queue.byte-limit = 2147483647 (custom)
2021-01-12 17:04:59,452 [pool-70-thread-1] INFO  server.RaftServerConfigKeys (ConfUtils.java:logGet(44)) - raft.server.log.queue.element-limit = 1024 (custom)
2021-01-12 17:04:59,452 [pool-70-thread-1] INFO  server.RaftServerConfigKeys (ConfUtils.java:logGet(44)) - raft.server.log.segment.size.max = 1048576 (custom)
2021-01-12 17:04:59,452 [pool-70-thread-1] INFO  server.RaftServerConfigKeys (ConfUtils.java:logGet(44)) - raft.server.log.preallocated.size = 16384 (custom)
2021-01-12 17:04:59,452 [pool-70-thread-1] INFO  server.RaftServerConfigKeys (ConfUtils.java:logGet(44)) - raft.server.log.force.sync.num = 128 (default)
2021-01-12 17:04:59,452 [pool-70-thread-1] INFO  server.RaftServerConfigKeys (ConfUtils.java:logGet(44)) - raft.server.log.statemachine.data.sync = true (default)
2021-01-12 17:04:59,452 [pool-70-thread-1] INFO  server.RaftServerConfigKeys (ConfUtils.java:logGet(44)) - raft.server.log.statemachine.data.sync.timeout = 10s (default)
2021-01-12 17:04:59,452 [pool-70-thread-1] INFO  server.RaftServerConfigKeys (ConfUtils.java:logGet(44)) - raft.server.log.statemachine.data.sync.timeout.retry = -1 (default)
2021-01-12 17:04:59,453 [pool-70-thread-1] INFO  server.RaftServerConfigKeys (ConfUtils.java:logGet(44)) - raft.server.log.write.buffer.size = 1048576 (custom)
2021-01-12 17:04:59,453 [pool-70-thread-1] INFO  server.RaftServerConfigKeys (ConfUtils.java:logGet(44)) - raft.server.log.statemachine.data.caching.enabled = true (custom)
2021-01-12 17:04:59,453 [pool-70-thread-1] INFO  segmented.SegmentedRaftLogWorker (SegmentedRaftLogWorker.java:lambda$new$0(132)) - 2069f406-71d7-45f5-abaa-bef6e3da0a9b@group-E5593941F623-SegmentedRaftLogWorker: flushIndex: setUnconditionally 0 -> -1
2021-01-12 17:04:59,455 [pool-70-thread-1] INFO  segmented.SegmentedRaftLogWorker (SegmentedRaftLogWorker.java:lambda$new$0(132)) - 2069f406-71d7-45f5-abaa-bef6e3da0a9b@group-E5593941F623-SegmentedRaftLogWorker: safeCacheEvictIndex: setUnconditionally 0 -> -1
2021-01-12 17:04:59,457 [Command processor thread] INFO  metrics.RatisMetrics (RatisMetrics.java:lambda$create$0(36)) - Creating Metrics Registry : ratis.client_message_metrics.client-38C149B5F99A->dd7ecda3-b896-473f-b1b1-402e04ac6960
2021-01-12 17:04:59,465 [EventQueue-PipelineReportForOneReplicaPipelineSafeModeRule] INFO  safemode.SCMSafeModeManager (SCMSafeModeManager.java:validateSafeModeExitRules(214)) - AtleastOneDatanodeReportedRule rule is successfully validated
2021-01-12 17:04:59,465 [EventQueue-OpenPipelineForHealthyPipelineSafeModeRule] INFO  safemode.SCMSafeModeManager (HealthyPipelineSafeModeRule.java:process(128)) - SCM in safe mode. Healthy pipelines reported count is 0, required healthy pipeline reported count is 1
2021-01-12 17:04:59,466 [pool-70-thread-1] INFO  server.RaftServerConfigKeys (ConfUtils.java:logGet(44)) - raft.server.snapshot.auto.trigger.enabled = true (custom)
2021-01-12 17:04:59,466 [pool-70-thread-1] INFO  server.RaftServerConfigKeys (ConfUtils.java:logGet(44)) - raft.server.snapshot.auto.trigger.threshold = 10000 (custom)
2021-01-12 17:04:59,466 [pool-70-thread-1] INFO  server.RaftServerConfigKeys (ConfUtils.java:logGet(44)) - raft.server.snapshot.retention.file.num = 5 (custom)
2021-01-12 17:04:59,466 [pool-70-thread-1] INFO  server.RaftServerConfigKeys (ConfUtils.java:logGet(44)) - raft.server.log.purge.upto.snapshot.index = false (default)
2021-01-12 17:04:59,466 [pool-70-thread-1] INFO  server.RaftServerConfigKeys (ConfUtils.java:logGet(44)) - raft.server.retrycache.expirytime = 600000ms (custom)
2021-01-12 17:04:59,466 [pool-70-thread-1] INFO  server.RaftServerConfigKeys (ConfUtils.java:logGet(44)) - raft.server.retrycache.statistics.expirytime = 100?s (default)
2021-01-12 17:04:59,466 [pool-70-thread-1] INFO  metrics.RatisMetrics (RatisMetrics.java:lambda$create$0(36)) - Creating Metrics Registry : ratis.leader_election.2069f406-71d7-45f5-abaa-bef6e3da0a9b@group-E5593941F623
2021-01-12 17:04:59,467 [pool-70-thread-1] INFO  metrics.RatisMetrics (RatisMetrics.java:lambda$create$0(36)) - Creating Metrics Registry : ratis.server.2069f406-71d7-45f5-abaa-bef6e3da0a9b@group-E5593941F623
2021-01-12 17:04:59,467 [pool-70-thread-1] INFO  server.RaftServer$Division (RaftServerImpl.java:start(294)) - 2069f406-71d7-45f5-abaa-bef6e3da0a9b@group-A34531B3FF60: start as a follower, conf=-1: [2069f406-71d7-45f5-abaa-bef6e3da0a9b|rpc:172.17.0.2:35421|priority:1], old=null
2021-01-12 17:04:59,467 [pool-70-thread-1] INFO  server.RaftServer$Division (RaftServerImpl.java:setRole(283)) - 2069f406-71d7-45f5-abaa-bef6e3da0a9b@group-A34531B3FF60: changes role from      null to FOLLOWER at term 0 for startAsFollower
2021-01-12 17:04:59,467 [pool-70-thread-1] INFO  impl.RoleInfo (RoleInfo.java:updateAndGet(130)) - 2069f406-71d7-45f5-abaa-bef6e3da0a9b: start 2069f406-71d7-45f5-abaa-bef6e3da0a9b@group-A34531B3FF60-FollowerState
2021-01-12 17:04:59,475 [pool-70-thread-1] INFO  util.JmxRegister (JmxRegister.java:tryRegister(44)) - Successfully registered JMX Bean with object name Ratis:service=RaftServer,group=group-A34531B3FF60,id=2069f406-71d7-45f5-abaa-bef6e3da0a9b
2021-01-12 17:04:59,476 [pool-70-thread-1] INFO  metrics.RatisMetrics (RatisMetrics.java:lambda$create$0(36)) - Creating Metrics Registry : ratis.state_machine.2069f406-71d7-45f5-abaa-bef6e3da0a9b@group-A34531B3FF60
2021-01-12 17:04:59,477 [pool-70-thread-1] INFO  server.RaftServer$Division (RaftServerImpl.java:start(294)) - 2069f406-71d7-45f5-abaa-bef6e3da0a9b@group-E5593941F623: start as a follower, conf=-1: [2069f406-71d7-45f5-abaa-bef6e3da0a9b|rpc:172.17.0.2:35421|dataStream:|priority:1, dd7ecda3-b896-473f-b1b1-402e04ac6960|rpc:172.17.0.2:42437|dataStream:|priority:0, 4de2fc5c-9ef7-4df0-8518-9cb2cf92efa4|rpc:172.17.0.2:38135|dataStream:|priority:0], old=null
2021-01-12 17:04:59,482 [pool-70-thread-1] INFO  server.RaftServer$Division (RaftServerImpl.java:setRole(283)) - 2069f406-71d7-45f5-abaa-bef6e3da0a9b@group-E5593941F623: changes role from      null to FOLLOWER at term 0 for startAsFollower
2021-01-12 17:04:59,482 [pool-70-thread-1] INFO  impl.RoleInfo (RoleInfo.java:updateAndGet(130)) - 2069f406-71d7-45f5-abaa-bef6e3da0a9b: start 2069f406-71d7-45f5-abaa-bef6e3da0a9b@group-E5593941F623-FollowerState
2021-01-12 17:04:59,482 [Command processor thread] INFO  commandhandler.CreatePipelineCommandHandler (CreatePipelineCommandHandler.java:handle(106)) - Created Pipeline RATIS ONE PipelineID=5c789aa5-d9a5-432a-b73e-a34531b3ff60.
2021-01-12 17:04:59,483 [Command processor thread] INFO  server.RaftServer (RaftServerProxy.java:addNew(95)) - 2069f406-71d7-45f5-abaa-bef6e3da0a9b: addNew group-EFC0334D5E7E:[2069f406-71d7-45f5-abaa-bef6e3da0a9b|rpc:172.17.0.2:35421|priority:0, dd7ecda3-b896-473f-b1b1-402e04ac6960|rpc:172.17.0.2:42437|priority:0, 4de2fc5c-9ef7-4df0-8518-9cb2cf92efa4|rpc:172.17.0.2:38135|priority:1] returns group-EFC0334D5E7E:java.util.concurrent.CompletableFuture@21a3af4f[Not completed]
2021-01-12 17:04:59,488 [pool-70-thread-1] INFO  util.JmxRegister (JmxRegister.java:tryRegister(44)) - Successfully registered JMX Bean with object name Ratis:service=RaftServer,group=group-E5593941F623,id=2069f406-71d7-45f5-abaa-bef6e3da0a9b
2021-01-12 17:04:59,488 [pool-70-thread-1] INFO  metrics.RatisMetrics (RatisMetrics.java:lambda$create$0(36)) - Creating Metrics Registry : ratis.state_machine.2069f406-71d7-45f5-abaa-bef6e3da0a9b@group-E5593941F623
2021-01-12 17:04:59,489 [grpc-default-executor-0] INFO  metrics.RatisMetrics (RatisMetrics.java:lambda$create$0(36)) - Creating Metrics Registry : ratis.server_message_metrics.dd7ecda3-b896-473f-b1b1-402e04ac6960
2021-01-12 17:04:59,501 [pool-70-thread-1] INFO  server.RaftServer$Division (RaftServerImpl.java:<init>(179)) - 2069f406-71d7-45f5-abaa-bef6e3da0a9b: new RaftServerImpl for group-EFC0334D5E7E:[2069f406-71d7-45f5-abaa-bef6e3da0a9b|rpc:172.17.0.2:35421|priority:0, dd7ecda3-b896-473f-b1b1-402e04ac6960|rpc:172.17.0.2:42437|priority:0, 4de2fc5c-9ef7-4df0-8518-9cb2cf92efa4|rpc:172.17.0.2:38135|priority:1] with ContainerStateMachine:uninitialized
2021-01-12 17:04:59,501 [pool-70-thread-1] INFO  server.RaftServerConfigKeys (ConfUtils.java:logGet(44)) - raft.server.rpc.timeout.min = 5s (custom)
2021-01-12 17:04:59,501 [pool-70-thread-1] INFO  server.RaftServerConfigKeys (ConfUtils.java:logGet(44)) - raft.server.rpc.timeout.max = 5200ms (custom)
2021-01-12 17:04:59,501 [pool-70-thread-1] INFO  server.RaftServerConfigKeys (ConfUtils.java:logGet(44)) - raft.server.rpc.sleep.time = 25ms (default)
2021-01-12 17:04:59,502 [pool-70-thread-1] INFO  server.RaftServerConfigKeys (ConfUtils.java:logGet(44)) - raft.server.rpc.slowness.timeout = 300s (custom)
2021-01-12 17:04:59,502 [pool-70-thread-1] INFO  server.RaftServerConfigKeys (ConfUtils.java:logGet(44)) - raft.server.leaderelection.leader.step-down.wait-time = 10s (default)
2021-01-12 17:04:59,502 [pool-70-thread-1] INFO  server.RaftServerConfigKeys (ConfUtils.java:logGet(44)) - raft.server.sleep.deviation.threshold = 300ms (default)
2021-01-12 17:04:59,502 [pool-70-thread-1] INFO  server.RaftServerConfigKeys (ConfUtils.java:logGet(44)) - raft.server.log.appender.install.snapshot.enabled = false (custom)
2021-01-12 17:04:59,502 [pool-70-thread-1] INFO  server.RaftServer$Division (ServerState.java:<init>(103)) - 2069f406-71d7-45f5-abaa-bef6e3da0a9b@group-EFC0334D5E7E: ConfigurationManager, init=-1: [2069f406-71d7-45f5-abaa-bef6e3da0a9b|rpc:172.17.0.2:35421|priority:0, dd7ecda3-b896-473f-b1b1-402e04ac6960|rpc:172.17.0.2:42437|priority:0, 4de2fc5c-9ef7-4df0-8518-9cb2cf92efa4|rpc:172.17.0.2:38135|priority:1], old=null, confs=<EMPTY_MAP>
2021-01-12 17:04:59,502 [pool-70-thread-1] INFO  server.RaftServerConfigKeys (ConfUtils.java:logGet(44)) - raft.server.storage.dir = [/github/workspace/mnt/ozone/hadoop-ozone/integration-test/target/test-dir/MiniOzoneClusterImpl-cb34e439-7967-4e12-9ea2-a7af50442216/datanode-2/data/ratis] (custom)
2021-01-12 17:04:59,502 [pool-70-thread-1] INFO  server.RaftServerConfigKeys (ConfUtils.java:logGet(44)) - raft.server.log.corruption.policy = EXCEPTION (default)
2021-01-12 17:04:59,502 [pool-70-thread-1] INFO  storage.RaftStorageDirectory (RaftStorageDirectoryImpl.java:analyzeStorage(132)) - The storage directory /github/workspace/mnt/ozone/hadoop-ozone/integration-test/target/test-dir/MiniOzoneClusterImpl-cb34e439-7967-4e12-9ea2-a7af50442216/datanode-2/data/ratis/8003d5a0-236b-4948-a058-efc0334d5e7e does not exist. Creating ...
2021-01-12 17:04:59,504 [pool-70-thread-1] INFO  storage.RaftStorageDirectory (RaftStorageDirectoryImpl.java:tryLock(215)) - Lock on /github/workspace/mnt/ozone/hadoop-ozone/integration-test/target/test-dir/MiniOzoneClusterImpl-cb34e439-7967-4e12-9ea2-a7af50442216/datanode-2/data/ratis/8003d5a0-236b-4948-a058-efc0334d5e7e/in_use.lock acquired by nodename 1071@e3a45581da16
2021-01-12 17:04:59,507 [pool-70-thread-1] INFO  storage.RaftStorage (RaftStorageImpl.java:format(87)) - Storage directory /github/workspace/mnt/ozone/hadoop-ozone/integration-test/target/test-dir/MiniOzoneClusterImpl-cb34e439-7967-4e12-9ea2-a7af50442216/datanode-2/data/ratis/8003d5a0-236b-4948-a058-efc0334d5e7e has been successfully formatted.
2021-01-12 17:04:59,507 [pool-70-thread-1] INFO  ratis.ContainerStateMachine (ContainerStateMachine.java:loadSnapshot(223)) - group-EFC0334D5E7E: The snapshot info is null. Setting the last applied indexto:(t:0, i:~)
2021-01-12 17:04:59,508 [pool-70-thread-1] ERROR storage.RaftStorage (RaftStorageImpl.java:readRaftConfiguration(147)) - Failed reading configuration from file:/github/workspace/mnt/ozone/hadoop-ozone/integration-test/target/test-dir/MiniOzoneClusterImpl-cb34e439-7967-4e12-9ea2-a7af50442216/datanode-2/data/ratis/8003d5a0-236b-4948-a058-efc0334d5e7e/current/raft-meta.conf
java.io.FileNotFoundException: /github/workspace/mnt/ozone/hadoop-ozone/integration-test/target/test-dir/MiniOzoneClusterImpl-cb34e439-7967-4e12-9ea2-a7af50442216/datanode-2/data/ratis/8003d5a0-236b-4948-a058-efc0334d5e7e/current/raft-meta.conf (No such file or directory)
	at java.io.FileInputStream.open0(Native Method)
	at java.io.FileInputStream.open(FileInputStream.java:195)
	at java.io.FileInputStream.<init>(FileInputStream.java:138)
	at org.apache.ratis.server.storage.RaftStorageImpl.readRaftConfiguration(RaftStorageImpl.java:143)
	at org.apache.ratis.server.impl.ServerState.<init>(ServerState.java:113)
	at org.apache.ratis.server.impl.RaftServerImpl.<init>(RaftServerImpl.java:192)
	at org.apache.ratis.server.impl.RaftServerProxy.lambda$newRaftServerImpl$4(RaftServerProxy.java:266)
	at java.util.concurrent.CompletableFuture$AsyncSupply.run(CompletableFuture.java:1604)
	at java.util.concurrent.ThreadPoolExecutor.runWorker(ThreadPoolExecutor.java:1149)
	at java.util.concurrent.ThreadPoolExecutor$Worker.run(ThreadPoolExecutor.java:624)
	at java.lang.Thread.run(Thread.java:748)
2021-01-12 17:04:59,508 [pool-70-thread-1] INFO  server.RaftServerConfigKeys (ConfUtils.java:logGet(44)) - raft.server.notification.no-leader.timeout = 300s (custom)
2021-01-12 17:04:59,508 [pool-70-thread-1] INFO  server.RaftServerConfigKeys (ConfUtils.java:logGet(44)) - raft.server.log.use.memory = false (default)
2021-01-12 17:04:59,508 [pool-70-thread-1] INFO  server.RaftServerConfigKeys (ConfUtils.java:logGet(44)) - raft.server.log.purge.gap = 1000000 (custom)
2021-01-12 17:04:59,508 [pool-70-thread-1] INFO  server.RaftServerConfigKeys (ConfUtils.java:logGet(44)) - raft.server.log.appender.buffer.byte-limit = 33554432 (custom)
2021-01-12 17:04:59,508 [pool-70-thread-1] INFO  metrics.RatisMetrics (RatisMetrics.java:lambda$create$0(36)) - Creating Metrics Registry : ratis.log_worker.2069f406-71d7-45f5-abaa-bef6e3da0a9b@group-EFC0334D5E7E
2021-01-12 17:04:59,508 [pool-70-thread-1] INFO  server.RaftServerConfigKeys (ConfUtils.java:logGet(44)) - raft.server.log.segment.size.max = 1048576 (custom)
2021-01-12 17:04:59,509 [pool-70-thread-1] INFO  server.RaftServerConfigKeys (ConfUtils.java:logGet(44)) - raft.server.log.segment.cache.num.max = 2 (custom)
2021-01-12 17:04:59,509 [pool-70-thread-1] INFO  server.RaftServerConfigKeys (ConfUtils.java:logGet(44)) - raft.server.log.segment.cache.size.max = 200MB (=209715200) (default)
2021-01-12 17:04:59,509 [pool-70-thread-1] INFO  segmented.SegmentedRaftLogWorker (SegmentedRaftLogWorker.java:<init>(181)) - new 2069f406-71d7-45f5-abaa-bef6e3da0a9b@group-EFC0334D5E7E-SegmentedRaftLogWorker for RaftStorageImpl:Storage Directory /github/workspace/mnt/ozone/hadoop-ozone/integration-test/target/test-dir/MiniOzoneClusterImpl-cb34e439-7967-4e12-9ea2-a7af50442216/datanode-2/data/ratis/8003d5a0-236b-4948-a058-efc0334d5e7e
2021-01-12 17:04:59,509 [pool-70-thread-1] INFO  server.RaftServerConfigKeys (ConfUtils.java:logGet(44)) - raft.server.log.queue.byte-limit = 2147483647 (custom)
2021-01-12 17:04:59,509 [pool-70-thread-1] INFO  server.RaftServerConfigKeys (ConfUtils.java:logGet(44)) - raft.server.log.queue.element-limit = 1024 (custom)
2021-01-12 17:04:59,509 [pool-70-thread-1] INFO  server.RaftServerConfigKeys (ConfUtils.java:logGet(44)) - raft.server.log.segment.size.max = 1048576 (custom)
2021-01-12 17:04:59,509 [pool-70-thread-1] INFO  server.RaftServerConfigKeys (ConfUtils.java:logGet(44)) - raft.server.log.preallocated.size = 16384 (custom)
2021-01-12 17:04:59,509 [pool-70-thread-1] INFO  server.RaftServerConfigKeys (ConfUtils.java:logGet(44)) - raft.server.log.force.sync.num = 128 (default)
2021-01-12 17:04:59,509 [pool-70-thread-1] INFO  server.RaftServerConfigKeys (ConfUtils.java:logGet(44)) - raft.server.log.statemachine.data.sync = true (default)
2021-01-12 17:04:59,509 [pool-70-thread-1] INFO  server.RaftServerConfigKeys (ConfUtils.java:logGet(44)) - raft.server.log.statemachine.data.sync.timeout = 10s (default)
2021-01-12 17:04:59,510 [pool-70-thread-1] INFO  server.RaftServerConfigKeys (ConfUtils.java:logGet(44)) - raft.server.log.statemachine.data.sync.timeout.retry = -1 (default)
2021-01-12 17:04:59,510 [pool-70-thread-1] INFO  server.RaftServerConfigKeys (ConfUtils.java:logGet(44)) - raft.server.log.write.buffer.size = 1048576 (custom)
2021-01-12 17:04:59,511 [pool-70-thread-1] INFO  server.RaftServerConfigKeys (ConfUtils.java:logGet(44)) - raft.server.log.statemachine.data.caching.enabled = true (custom)
2021-01-12 17:04:59,511 [pool-70-thread-1] INFO  segmented.SegmentedRaftLogWorker (SegmentedRaftLogWorker.java:lambda$new$0(132)) - 2069f406-71d7-45f5-abaa-bef6e3da0a9b@group-EFC0334D5E7E-SegmentedRaftLogWorker: flushIndex: setUnconditionally 0 -> -1
2021-01-12 17:04:59,511 [pool-70-thread-1] INFO  segmented.SegmentedRaftLogWorker (SegmentedRaftLogWorker.java:lambda$new$0(132)) - 2069f406-71d7-45f5-abaa-bef6e3da0a9b@group-EFC0334D5E7E-SegmentedRaftLogWorker: safeCacheEvictIndex: setUnconditionally 0 -> -1
2021-01-12 17:04:59,518 [pool-70-thread-1] INFO  server.RaftServerConfigKeys (ConfUtils.java:logGet(44)) - raft.server.snapshot.auto.trigger.enabled = true (custom)
2021-01-12 17:04:59,518 [pool-70-thread-1] INFO  server.RaftServerConfigKeys (ConfUtils.java:logGet(44)) - raft.server.snapshot.auto.trigger.threshold = 10000 (custom)
2021-01-12 17:04:59,518 [pool-70-thread-1] INFO  server.RaftServerConfigKeys (ConfUtils.java:logGet(44)) - raft.server.snapshot.retention.file.num = 5 (custom)
2021-01-12 17:04:59,518 [pool-70-thread-1] INFO  server.RaftServerConfigKeys (ConfUtils.java:logGet(44)) - raft.server.log.purge.upto.snapshot.index = false (default)
2021-01-12 17:04:59,518 [pool-70-thread-1] INFO  server.RaftServerConfigKeys (ConfUtils.java:logGet(44)) - raft.server.retrycache.expirytime = 600000ms (custom)
2021-01-12 17:04:59,518 [pool-70-thread-1] INFO  server.RaftServerConfigKeys (ConfUtils.java:logGet(44)) - raft.server.retrycache.statistics.expirytime = 100?s (default)
2021-01-12 17:04:59,519 [pool-70-thread-1] INFO  metrics.RatisMetrics (RatisMetrics.java:lambda$create$0(36)) - Creating Metrics Registry : ratis.leader_election.2069f406-71d7-45f5-abaa-bef6e3da0a9b@group-EFC0334D5E7E
2021-01-12 17:04:59,519 [pool-70-thread-1] INFO  metrics.RatisMetrics (RatisMetrics.java:lambda$create$0(36)) - Creating Metrics Registry : ratis.server.2069f406-71d7-45f5-abaa-bef6e3da0a9b@group-EFC0334D5E7E
2021-01-12 17:04:59,519 [pool-70-thread-1] INFO  server.RaftServer$Division (RaftServerImpl.java:start(294)) - 2069f406-71d7-45f5-abaa-bef6e3da0a9b@group-EFC0334D5E7E: start as a follower, conf=-1: [2069f406-71d7-45f5-abaa-bef6e3da0a9b|rpc:172.17.0.2:35421|priority:0, dd7ecda3-b896-473f-b1b1-402e04ac6960|rpc:172.17.0.2:42437|priority:0, 4de2fc5c-9ef7-4df0-8518-9cb2cf92efa4|rpc:172.17.0.2:38135|priority:1], old=null
2021-01-12 17:04:59,519 [pool-70-thread-1] INFO  server.RaftServer$Division (RaftServerImpl.java:setRole(283)) - 2069f406-71d7-45f5-abaa-bef6e3da0a9b@group-EFC0334D5E7E: changes role from      null to FOLLOWER at term 0 for startAsFollower
2021-01-12 17:04:59,520 [pool-70-thread-1] INFO  impl.RoleInfo (RoleInfo.java:updateAndGet(130)) - 2069f406-71d7-45f5-abaa-bef6e3da0a9b: start 2069f406-71d7-45f5-abaa-bef6e3da0a9b@group-EFC0334D5E7E-FollowerState
2021-01-12 17:04:59,524 [pool-70-thread-1] INFO  util.JmxRegister (JmxRegister.java:tryRegister(44)) - Successfully registered JMX Bean with object name Ratis:service=RaftServer,group=group-EFC0334D5E7E,id=2069f406-71d7-45f5-abaa-bef6e3da0a9b
2021-01-12 17:04:59,524 [pool-70-thread-1] INFO  metrics.RatisMetrics (RatisMetrics.java:lambda$create$0(36)) - Creating Metrics Registry : ratis.state_machine.2069f406-71d7-45f5-abaa-bef6e3da0a9b@group-EFC0334D5E7E
2021-01-12 17:04:59,529 [EventQueue-OpenPipelineForHealthyPipelineSafeModeRule] INFO  safemode.SCMSafeModeManager (HealthyPipelineSafeModeRule.java:process(128)) - SCM in safe mode. Healthy pipelines reported count is 0, required healthy pipeline reported count is 1
2021-01-12 17:04:59,530 [EventQueue-PipelineReportForOneReplicaPipelineSafeModeRule] INFO  safemode.SCMSafeModeManager (SCMSafeModeManager.java:validateSafeModeExitRules(214)) - AtleastOneDatanodeReportedRule rule is successfully validated
2021-01-12 17:04:59,535 [Command processor thread] INFO  metrics.RatisMetrics (RatisMetrics.java:lambda$create$0(36)) - Creating Metrics Registry : ratis.client_message_metrics.client-B031BDEA9328->4de2fc5c-9ef7-4df0-8518-9cb2cf92efa4
2021-01-12 17:04:59,540 [Command processor thread] INFO  commandhandler.CreatePipelineCommandHandler (CreatePipelineCommandHandler.java:handle(106)) - Created Pipeline RATIS THREE PipelineID=86e45650-17c2-4ffa-af23-e5593941f623.
2021-01-12 17:04:59,541 [Command processor thread] INFO  server.RaftServer (RaftServerProxy.java:addNew(95)) - 4de2fc5c-9ef7-4df0-8518-9cb2cf92efa4: addNew group-EFC0334D5E7E:[2069f406-71d7-45f5-abaa-bef6e3da0a9b|rpc:172.17.0.2:35421|priority:0, dd7ecda3-b896-473f-b1b1-402e04ac6960|rpc:172.17.0.2:42437|priority:0, 4de2fc5c-9ef7-4df0-8518-9cb2cf92efa4|rpc:172.17.0.2:38135|priority:1] returns group-EFC0334D5E7E:java.util.concurrent.CompletableFuture@3f2feb1[Not completed]
2021-01-12 17:04:59,542 [pool-53-thread-1] INFO  server.RaftServer$Division (RaftServerImpl.java:<init>(179)) - 4de2fc5c-9ef7-4df0-8518-9cb2cf92efa4: new RaftServerImpl for group-EFC0334D5E7E:[2069f406-71d7-45f5-abaa-bef6e3da0a9b|rpc:172.17.0.2:35421|priority:0, dd7ecda3-b896-473f-b1b1-402e04ac6960|rpc:172.17.0.2:42437|priority:0, 4de2fc5c-9ef7-4df0-8518-9cb2cf92efa4|rpc:172.17.0.2:38135|priority:1] with ContainerStateMachine:uninitialized
2021-01-12 17:04:59,542 [pool-53-thread-1] INFO  server.RaftServerConfigKeys (ConfUtils.java:logGet(44)) - raft.server.rpc.timeout.min = 5s (custom)
2021-01-12 17:04:59,542 [pool-53-thread-1] INFO  server.RaftServerConfigKeys (ConfUtils.java:logGet(44)) - raft.server.rpc.timeout.max = 5200ms (custom)
2021-01-12 17:04:59,542 [pool-53-thread-1] INFO  server.RaftServerConfigKeys (ConfUtils.java:logGet(44)) - raft.server.rpc.sleep.time = 25ms (default)
2021-01-12 17:04:59,542 [pool-53-thread-1] INFO  server.RaftServerConfigKeys (ConfUtils.java:logGet(44)) - raft.server.rpc.slowness.timeout = 300s (custom)
2021-01-12 17:04:59,542 [pool-53-thread-1] INFO  server.RaftServerConfigKeys (ConfUtils.java:logGet(44)) - raft.server.leaderelection.leader.step-down.wait-time = 10s (default)
2021-01-12 17:04:59,542 [pool-53-thread-1] INFO  server.RaftServerConfigKeys (ConfUtils.java:logGet(44)) - raft.server.sleep.deviation.threshold = 300ms (default)
2021-01-12 17:04:59,542 [pool-53-thread-1] INFO  server.RaftServerConfigKeys (ConfUtils.java:logGet(44)) - raft.server.log.appender.install.snapshot.enabled = false (custom)
2021-01-12 17:04:59,542 [pool-53-thread-1] INFO  server.RaftServer$Division (ServerState.java:<init>(103)) - 4de2fc5c-9ef7-4df0-8518-9cb2cf92efa4@group-EFC0334D5E7E: ConfigurationManager, init=-1: [2069f406-71d7-45f5-abaa-bef6e3da0a9b|rpc:172.17.0.2:35421|priority:0, dd7ecda3-b896-473f-b1b1-402e04ac6960|rpc:172.17.0.2:42437|priority:0, 4de2fc5c-9ef7-4df0-8518-9cb2cf92efa4|rpc:172.17.0.2:38135|priority:1], old=null, confs=<EMPTY_MAP>
2021-01-12 17:04:59,542 [pool-53-thread-1] INFO  server.RaftServerConfigKeys (ConfUtils.java:logGet(44)) - raft.server.storage.dir = [/github/workspace/mnt/ozone/hadoop-ozone/integration-test/target/test-dir/MiniOzoneClusterImpl-cb34e439-7967-4e12-9ea2-a7af50442216/datanode-1/data/ratis] (custom)
2021-01-12 17:04:59,542 [pool-53-thread-1] INFO  server.RaftServerConfigKeys (ConfUtils.java:logGet(44)) - raft.server.log.corruption.policy = EXCEPTION (default)
2021-01-12 17:04:59,543 [pool-53-thread-1] INFO  storage.RaftStorageDirectory (RaftStorageDirectoryImpl.java:analyzeStorage(132)) - The storage directory /github/workspace/mnt/ozone/hadoop-ozone/integration-test/target/test-dir/MiniOzoneClusterImpl-cb34e439-7967-4e12-9ea2-a7af50442216/datanode-1/data/ratis/8003d5a0-236b-4948-a058-efc0334d5e7e does not exist. Creating ...
2021-01-12 17:04:59,544 [pool-53-thread-1] INFO  storage.RaftStorageDirectory (RaftStorageDirectoryImpl.java:tryLock(215)) - Lock on /github/workspace/mnt/ozone/hadoop-ozone/integration-test/target/test-dir/MiniOzoneClusterImpl-cb34e439-7967-4e12-9ea2-a7af50442216/datanode-1/data/ratis/8003d5a0-236b-4948-a058-efc0334d5e7e/in_use.lock acquired by nodename 1071@e3a45581da16
2021-01-12 17:04:59,546 [Command processor thread] INFO  metrics.RatisMetrics (RatisMetrics.java:lambda$create$0(36)) - Creating Metrics Registry : ratis.client_message_metrics.client-DC33DDC3CD20->4de2fc5c-9ef7-4df0-8518-9cb2cf92efa4
2021-01-12 17:04:59,547 [pool-53-thread-1] INFO  storage.RaftStorage (RaftStorageImpl.java:format(87)) - Storage directory /github/workspace/mnt/ozone/hadoop-ozone/integration-test/target/test-dir/MiniOzoneClusterImpl-cb34e439-7967-4e12-9ea2-a7af50442216/datanode-1/data/ratis/8003d5a0-236b-4948-a058-efc0334d5e7e has been successfully formatted.
2021-01-12 17:04:59,548 [pool-53-thread-1] INFO  ratis.ContainerStateMachine (ContainerStateMachine.java:loadSnapshot(223)) - group-EFC0334D5E7E: The snapshot info is null. Setting the last applied indexto:(t:0, i:~)
2021-01-12 17:04:59,549 [pool-53-thread-1] ERROR storage.RaftStorage (RaftStorageImpl.java:readRaftConfiguration(147)) - Failed reading configuration from file:/github/workspace/mnt/ozone/hadoop-ozone/integration-test/target/test-dir/MiniOzoneClusterImpl-cb34e439-7967-4e12-9ea2-a7af50442216/datanode-1/data/ratis/8003d5a0-236b-4948-a058-efc0334d5e7e/current/raft-meta.conf
java.io.FileNotFoundException: /github/workspace/mnt/ozone/hadoop-ozone/integration-test/target/test-dir/MiniOzoneClusterImpl-cb34e439-7967-4e12-9ea2-a7af50442216/datanode-1/data/ratis/8003d5a0-236b-4948-a058-efc0334d5e7e/current/raft-meta.conf (No such file or directory)
	at java.io.FileInputStream.open0(Native Method)
	at java.io.FileInputStream.open(FileInputStream.java:195)
	at java.io.FileInputStream.<init>(FileInputStream.java:138)
	at org.apache.ratis.server.storage.RaftStorageImpl.readRaftConfiguration(RaftStorageImpl.java:143)
	at org.apache.ratis.server.impl.ServerState.<init>(ServerState.java:113)
	at org.apache.ratis.server.impl.RaftServerImpl.<init>(RaftServerImpl.java:192)
	at org.apache.ratis.server.impl.RaftServerProxy.lambda$newRaftServerImpl$4(RaftServerProxy.java:266)
	at java.util.concurrent.CompletableFuture$AsyncSupply.run(CompletableFuture.java:1604)
	at java.util.concurrent.ThreadPoolExecutor.runWorker(ThreadPoolExecutor.java:1149)
	at java.util.concurrent.ThreadPoolExecutor$Worker.run(ThreadPoolExecutor.java:624)
	at java.lang.Thread.run(Thread.java:748)
2021-01-12 17:04:59,549 [pool-53-thread-1] INFO  server.RaftServerConfigKeys (ConfUtils.java:logGet(44)) - raft.server.notification.no-leader.timeout = 300s (custom)
2021-01-12 17:04:59,549 [pool-53-thread-1] INFO  server.RaftServerConfigKeys (ConfUtils.java:logGet(44)) - raft.server.log.use.memory = false (default)
2021-01-12 17:04:59,549 [pool-53-thread-1] INFO  server.RaftServerConfigKeys (ConfUtils.java:logGet(44)) - raft.server.log.purge.gap = 1000000 (custom)
2021-01-12 17:04:59,549 [pool-53-thread-1] INFO  server.RaftServerConfigKeys (ConfUtils.java:logGet(44)) - raft.server.log.appender.buffer.byte-limit = 33554432 (custom)
2021-01-12 17:04:59,550 [pool-53-thread-1] INFO  metrics.RatisMetrics (RatisMetrics.java:lambda$create$0(36)) - Creating Metrics Registry : ratis.log_worker.4de2fc5c-9ef7-4df0-8518-9cb2cf92efa4@group-EFC0334D5E7E
2021-01-12 17:04:59,550 [EventQueue-PipelineReportForOneReplicaPipelineSafeModeRule] INFO  safemode.SCMSafeModeManager (SCMSafeModeManager.java:validateSafeModeExitRules(214)) - AtleastOneDatanodeReportedRule rule is successfully validated
2021-01-12 17:04:59,550 [pool-53-thread-1] INFO  server.RaftServerConfigKeys (ConfUtils.java:logGet(44)) - raft.server.log.segment.size.max = 1048576 (custom)
2021-01-12 17:04:59,550 [EventQueue-OpenPipelineForHealthyPipelineSafeModeRule] INFO  safemode.SCMSafeModeManager (HealthyPipelineSafeModeRule.java:process(128)) - SCM in safe mode. Healthy pipelines reported count is 0, required healthy pipeline reported count is 1
2021-01-12 17:04:59,550 [pool-53-thread-1] INFO  server.RaftServerConfigKeys (ConfUtils.java:logGet(44)) - raft.server.log.segment.cache.num.max = 2 (custom)
2021-01-12 17:04:59,550 [pool-53-thread-1] INFO  server.RaftServerConfigKeys (ConfUtils.java:logGet(44)) - raft.server.log.segment.cache.size.max = 200MB (=209715200) (default)
2021-01-12 17:04:59,550 [pool-53-thread-1] INFO  segmented.SegmentedRaftLogWorker (SegmentedRaftLogWorker.java:<init>(181)) - new 4de2fc5c-9ef7-4df0-8518-9cb2cf92efa4@group-EFC0334D5E7E-SegmentedRaftLogWorker for RaftStorageImpl:Storage Directory /github/workspace/mnt/ozone/hadoop-ozone/integration-test/target/test-dir/MiniOzoneClusterImpl-cb34e439-7967-4e12-9ea2-a7af50442216/datanode-1/data/ratis/8003d5a0-236b-4948-a058-efc0334d5e7e
2021-01-12 17:04:59,550 [pool-53-thread-1] INFO  server.RaftServerConfigKeys (ConfUtils.java:logGet(44)) - raft.server.log.queue.byte-limit = 2147483647 (custom)
2021-01-12 17:04:59,550 [pool-53-thread-1] INFO  server.RaftServerConfigKeys (ConfUtils.java:logGet(44)) - raft.server.log.queue.element-limit = 1024 (custom)
2021-01-12 17:04:59,551 [pool-53-thread-1] INFO  server.RaftServerConfigKeys (ConfUtils.java:logGet(44)) - raft.server.log.segment.size.max = 1048576 (custom)
2021-01-12 17:04:59,551 [pool-53-thread-1] INFO  server.RaftServerConfigKeys (ConfUtils.java:logGet(44)) - raft.server.log.preallocated.size = 16384 (custom)
2021-01-12 17:04:59,551 [pool-53-thread-1] INFO  server.RaftServerConfigKeys (ConfUtils.java:logGet(44)) - raft.server.log.force.sync.num = 128 (default)
2021-01-12 17:04:59,551 [pool-53-thread-1] INFO  server.RaftServerConfigKeys (ConfUtils.java:logGet(44)) - raft.server.log.statemachine.data.sync = true (default)
2021-01-12 17:04:59,551 [pool-53-thread-1] INFO  server.RaftServerConfigKeys (ConfUtils.java:logGet(44)) - raft.server.log.statemachine.data.sync.timeout = 10s (default)
2021-01-12 17:04:59,551 [pool-53-thread-1] INFO  server.RaftServerConfigKeys (ConfUtils.java:logGet(44)) - raft.server.log.statemachine.data.sync.timeout.retry = -1 (default)
2021-01-12 17:04:59,551 [pool-53-thread-1] INFO  server.RaftServerConfigKeys (ConfUtils.java:logGet(44)) - raft.server.log.write.buffer.size = 1048576 (custom)
2021-01-12 17:04:59,552 [pool-53-thread-1] INFO  server.RaftServerConfigKeys (ConfUtils.java:logGet(44)) - raft.server.log.statemachine.data.caching.enabled = true (custom)
2021-01-12 17:04:59,552 [pool-53-thread-1] INFO  segmented.SegmentedRaftLogWorker (SegmentedRaftLogWorker.java:lambda$new$0(132)) - 4de2fc5c-9ef7-4df0-8518-9cb2cf92efa4@group-EFC0334D5E7E-SegmentedRaftLogWorker: flushIndex: setUnconditionally 0 -> -1
2021-01-12 17:04:59,553 [pool-53-thread-1] INFO  segmented.SegmentedRaftLogWorker (SegmentedRaftLogWorker.java:lambda$new$0(132)) - 4de2fc5c-9ef7-4df0-8518-9cb2cf92efa4@group-EFC0334D5E7E-SegmentedRaftLogWorker: safeCacheEvictIndex: setUnconditionally 0 -> -1
2021-01-12 17:04:59,569 [pool-53-thread-1] INFO  server.RaftServerConfigKeys (ConfUtils.java:logGet(44)) - raft.server.snapshot.auto.trigger.enabled = true (custom)
2021-01-12 17:04:59,569 [Listener at 127.0.0.1/37433] INFO  ozone.MiniOzoneClusterImpl (MiniOzoneClusterImpl.java:lambda$waitForClusterToBeReady$0(179)) - Nodes are ready. Got 4 of 4 DN Heartbeats.
2021-01-12 17:04:59,569 [Listener at 127.0.0.1/37433] INFO  ozone.MiniOzoneClusterImpl (MiniOzoneClusterImpl.java:lambda$waitForClusterToBeReady$0(182)) - Waiting for cluster to exit safe mode
2021-01-12 17:04:59,569 [pool-53-thread-1] INFO  server.RaftServerConfigKeys (ConfUtils.java:logGet(44)) - raft.server.snapshot.auto.trigger.threshold = 10000 (custom)
2021-01-12 17:04:59,570 [pool-53-thread-1] INFO  server.RaftServerConfigKeys (ConfUtils.java:logGet(44)) - raft.server.snapshot.retention.file.num = 5 (custom)
2021-01-12 17:04:59,570 [pool-53-thread-1] INFO  server.RaftServerConfigKeys (ConfUtils.java:logGet(44)) - raft.server.log.purge.upto.snapshot.index = false (default)
2021-01-12 17:04:59,570 [pool-53-thread-1] INFO  server.RaftServerConfigKeys (ConfUtils.java:logGet(44)) - raft.server.retrycache.expirytime = 600000ms (custom)
2021-01-12 17:04:59,570 [pool-53-thread-1] INFO  server.RaftServerConfigKeys (ConfUtils.java:logGet(44)) - raft.server.retrycache.statistics.expirytime = 100?s (default)
2021-01-12 17:04:59,570 [pool-53-thread-1] INFO  metrics.RatisMetrics (RatisMetrics.java:lambda$create$0(36)) - Creating Metrics Registry : ratis.leader_election.4de2fc5c-9ef7-4df0-8518-9cb2cf92efa4@group-EFC0334D5E7E
2021-01-12 17:04:59,571 [pool-53-thread-1] INFO  metrics.RatisMetrics (RatisMetrics.java:lambda$create$0(36)) - Creating Metrics Registry : ratis.server.4de2fc5c-9ef7-4df0-8518-9cb2cf92efa4@group-EFC0334D5E7E
2021-01-12 17:04:59,572 [pool-53-thread-1] INFO  server.RaftServer$Division (RaftServerImpl.java:start(294)) - 4de2fc5c-9ef7-4df0-8518-9cb2cf92efa4@group-EFC0334D5E7E: start as a follower, conf=-1: [2069f406-71d7-45f5-abaa-bef6e3da0a9b|rpc:172.17.0.2:35421|priority:0, dd7ecda3-b896-473f-b1b1-402e04ac6960|rpc:172.17.0.2:42437|priority:0, 4de2fc5c-9ef7-4df0-8518-9cb2cf92efa4|rpc:172.17.0.2:38135|priority:1], old=null
2021-01-12 17:04:59,572 [pool-53-thread-1] INFO  server.RaftServer$Division (RaftServerImpl.java:setRole(283)) - 4de2fc5c-9ef7-4df0-8518-9cb2cf92efa4@group-EFC0334D5E7E: changes role from      null to FOLLOWER at term 0 for startAsFollower
2021-01-12 17:04:59,572 [pool-53-thread-1] INFO  impl.RoleInfo (RoleInfo.java:updateAndGet(130)) - 4de2fc5c-9ef7-4df0-8518-9cb2cf92efa4: start 4de2fc5c-9ef7-4df0-8518-9cb2cf92efa4@group-EFC0334D5E7E-FollowerState
2021-01-12 17:04:59,575 [pool-53-thread-1] INFO  util.JmxRegister (JmxRegister.java:tryRegister(44)) - Successfully registered JMX Bean with object name Ratis:service=RaftServer,group=group-EFC0334D5E7E,id=4de2fc5c-9ef7-4df0-8518-9cb2cf92efa4
2021-01-12 17:04:59,575 [pool-53-thread-1] INFO  metrics.RatisMetrics (RatisMetrics.java:lambda$create$0(36)) - Creating Metrics Registry : ratis.state_machine.4de2fc5c-9ef7-4df0-8518-9cb2cf92efa4@group-EFC0334D5E7E
2021-01-12 17:04:59,578 [Command processor thread] INFO  server.RaftServer (RaftServerProxy.java:addNew(95)) - 0f0c9c6f-917b-4a29-8208-9d3fe19e68b7: addNew group-D337BD890C19:[0f0c9c6f-917b-4a29-8208-9d3fe19e68b7|rpc:172.17.0.2:42871|priority:1] returns group-D337BD890C19:java.util.concurrent.CompletableFuture@386b98a[Not completed]
2021-01-12 17:04:59,579 [EventQueue-PipelineReportForOneReplicaPipelineSafeModeRule] INFO  safemode.SCMSafeModeManager (SCMSafeModeManager.java:validateSafeModeExitRules(214)) - AtleastOneDatanodeReportedRule rule is successfully validated
2021-01-12 17:04:59,581 [pool-86-thread-1] INFO  server.RaftServer$Division (RaftServerImpl.java:<init>(179)) - 0f0c9c6f-917b-4a29-8208-9d3fe19e68b7: new RaftServerImpl for group-D337BD890C19:[0f0c9c6f-917b-4a29-8208-9d3fe19e68b7|rpc:172.17.0.2:42871|priority:1] with ContainerStateMachine:uninitialized
2021-01-12 17:04:59,588 [Command processor thread] INFO  metrics.RatisMetrics (RatisMetrics.java:lambda$create$0(36)) - Creating Metrics Registry : ratis.client_message_metrics.client-FF447149738F->2069f406-71d7-45f5-abaa-bef6e3da0a9b
2021-01-12 17:04:59,590 [pool-86-thread-1] INFO  server.RaftServerConfigKeys (ConfUtils.java:logGet(44)) - raft.server.rpc.timeout.min = 5s (custom)
2021-01-12 17:04:59,590 [pool-86-thread-1] INFO  server.RaftServerConfigKeys (ConfUtils.java:logGet(44)) - raft.server.rpc.timeout.max = 5200ms (custom)
2021-01-12 17:04:59,590 [pool-86-thread-1] INFO  server.RaftServerConfigKeys (ConfUtils.java:logGet(44)) - raft.server.rpc.sleep.time = 25ms (default)
2021-01-12 17:04:59,593 [pool-86-thread-1] INFO  server.RaftServerConfigKeys (ConfUtils.java:logGet(44)) - raft.server.rpc.slowness.timeout = 300s (custom)
2021-01-12 17:04:59,593 [pool-86-thread-1] INFO  server.RaftServerConfigKeys (ConfUtils.java:logGet(44)) - raft.server.leaderelection.leader.step-down.wait-time = 10s (default)
2021-01-12 17:04:59,593 [pool-86-thread-1] INFO  server.RaftServerConfigKeys (ConfUtils.java:logGet(44)) - raft.server.sleep.deviation.threshold = 300ms (default)
2021-01-12 17:04:59,593 [pool-86-thread-1] INFO  server.RaftServerConfigKeys (ConfUtils.java:logGet(44)) - raft.server.log.appender.install.snapshot.enabled = false (custom)
2021-01-12 17:04:59,593 [pool-86-thread-1] INFO  server.RaftServer$Division (ServerState.java:<init>(103)) - 0f0c9c6f-917b-4a29-8208-9d3fe19e68b7@group-D337BD890C19: ConfigurationManager, init=-1: [0f0c9c6f-917b-4a29-8208-9d3fe19e68b7|rpc:172.17.0.2:42871|priority:1], old=null, confs=<EMPTY_MAP>
2021-01-12 17:04:59,593 [pool-86-thread-1] INFO  server.RaftServerConfigKeys (ConfUtils.java:logGet(44)) - raft.server.storage.dir = [/github/workspace/mnt/ozone/hadoop-ozone/integration-test/target/test-dir/MiniOzoneClusterImpl-cb34e439-7967-4e12-9ea2-a7af50442216/datanode-3/data/ratis] (custom)
2021-01-12 17:04:59,593 [pool-86-thread-1] INFO  server.RaftServerConfigKeys (ConfUtils.java:logGet(44)) - raft.server.log.corruption.policy = EXCEPTION (default)
2021-01-12 17:04:59,594 [pool-86-thread-1] INFO  storage.RaftStorageDirectory (RaftStorageDirectoryImpl.java:analyzeStorage(132)) - The storage directory /github/workspace/mnt/ozone/hadoop-ozone/integration-test/target/test-dir/MiniOzoneClusterImpl-cb34e439-7967-4e12-9ea2-a7af50442216/datanode-3/data/ratis/da7813b3-0e2b-4650-9abd-d337bd890c19 does not exist. Creating ...
2021-01-12 17:04:59,598 [pool-86-thread-1] INFO  storage.RaftStorageDirectory (RaftStorageDirectoryImpl.java:tryLock(215)) - Lock on /github/workspace/mnt/ozone/hadoop-ozone/integration-test/target/test-dir/MiniOzoneClusterImpl-cb34e439-7967-4e12-9ea2-a7af50442216/datanode-3/data/ratis/da7813b3-0e2b-4650-9abd-d337bd890c19/in_use.lock acquired by nodename 1071@e3a45581da16
2021-01-12 17:04:59,602 [pool-86-thread-1] INFO  storage.RaftStorage (RaftStorageImpl.java:format(87)) - Storage directory /github/workspace/mnt/ozone/hadoop-ozone/integration-test/target/test-dir/MiniOzoneClusterImpl-cb34e439-7967-4e12-9ea2-a7af50442216/datanode-3/data/ratis/da7813b3-0e2b-4650-9abd-d337bd890c19 has been successfully formatted.
2021-01-12 17:04:59,603 [pool-86-thread-1] INFO  ratis.ContainerStateMachine (ContainerStateMachine.java:loadSnapshot(223)) - group-D337BD890C19: The snapshot info is null. Setting the last applied indexto:(t:0, i:~)
2021-01-12 17:04:59,603 [pool-86-thread-1] ERROR storage.RaftStorage (RaftStorageImpl.java:readRaftConfiguration(147)) - Failed reading configuration from file:/github/workspace/mnt/ozone/hadoop-ozone/integration-test/target/test-dir/MiniOzoneClusterImpl-cb34e439-7967-4e12-9ea2-a7af50442216/datanode-3/data/ratis/da7813b3-0e2b-4650-9abd-d337bd890c19/current/raft-meta.conf
java.io.FileNotFoundException: /github/workspace/mnt/ozone/hadoop-ozone/integration-test/target/test-dir/MiniOzoneClusterImpl-cb34e439-7967-4e12-9ea2-a7af50442216/datanode-3/data/ratis/da7813b3-0e2b-4650-9abd-d337bd890c19/current/raft-meta.conf (No such file or directory)
	at java.io.FileInputStream.open0(Native Method)
	at java.io.FileInputStream.open(FileInputStream.java:195)
	at java.io.FileInputStream.<init>(FileInputStream.java:138)
	at org.apache.ratis.server.storage.RaftStorageImpl.readRaftConfiguration(RaftStorageImpl.java:143)
	at org.apache.ratis.server.impl.ServerState.<init>(ServerState.java:113)
	at org.apache.ratis.server.impl.RaftServerImpl.<init>(RaftServerImpl.java:192)
	at org.apache.ratis.server.impl.RaftServerProxy.lambda$newRaftServerImpl$4(RaftServerProxy.java:266)
	at java.util.concurrent.CompletableFuture$AsyncSupply.run(CompletableFuture.java:1604)
	at java.util.concurrent.ThreadPoolExecutor.runWorker(ThreadPoolExecutor.java:1149)
	at java.util.concurrent.ThreadPoolExecutor$Worker.run(ThreadPoolExecutor.java:624)
	at java.lang.Thread.run(Thread.java:748)
2021-01-12 17:04:59,603 [pool-86-thread-1] INFO  server.RaftServerConfigKeys (ConfUtils.java:logGet(44)) - raft.server.notification.no-leader.timeout = 300s (custom)
2021-01-12 17:04:59,603 [pool-86-thread-1] INFO  server.RaftServerConfigKeys (ConfUtils.java:logGet(44)) - raft.server.log.use.memory = false (default)
2021-01-12 17:04:59,603 [pool-86-thread-1] INFO  server.RaftServerConfigKeys (ConfUtils.java:logGet(44)) - raft.server.log.purge.gap = 1000000 (custom)
2021-01-12 17:04:59,603 [pool-86-thread-1] INFO  server.RaftServerConfigKeys (ConfUtils.java:logGet(44)) - raft.server.log.appender.buffer.byte-limit = 33554432 (custom)
2021-01-12 17:04:59,603 [pool-86-thread-1] INFO  metrics.RatisMetrics (RatisMetrics.java:lambda$create$0(36)) - Creating Metrics Registry : ratis.log_worker.0f0c9c6f-917b-4a29-8208-9d3fe19e68b7@group-D337BD890C19
2021-01-12 17:04:59,603 [pool-86-thread-1] INFO  server.RaftServerConfigKeys (ConfUtils.java:logGet(44)) - raft.server.log.segment.size.max = 1048576 (custom)
2021-01-12 17:04:59,604 [pool-86-thread-1] INFO  server.RaftServerConfigKeys (ConfUtils.java:logGet(44)) - raft.server.log.segment.cache.num.max = 2 (custom)
2021-01-12 17:04:59,604 [pool-86-thread-1] INFO  server.RaftServerConfigKeys (ConfUtils.java:logGet(44)) - raft.server.log.segment.cache.size.max = 200MB (=209715200) (default)
2021-01-12 17:04:59,604 [pool-86-thread-1] INFO  segmented.SegmentedRaftLogWorker (SegmentedRaftLogWorker.java:<init>(181)) - new 0f0c9c6f-917b-4a29-8208-9d3fe19e68b7@group-D337BD890C19-SegmentedRaftLogWorker for RaftStorageImpl:Storage Directory /github/workspace/mnt/ozone/hadoop-ozone/integration-test/target/test-dir/MiniOzoneClusterImpl-cb34e439-7967-4e12-9ea2-a7af50442216/datanode-3/data/ratis/da7813b3-0e2b-4650-9abd-d337bd890c19
2021-01-12 17:04:59,604 [pool-86-thread-1] INFO  server.RaftServerConfigKeys (ConfUtils.java:logGet(44)) - raft.server.log.queue.byte-limit = 2147483647 (custom)
2021-01-12 17:04:59,604 [pool-86-thread-1] INFO  server.RaftServerConfigKeys (ConfUtils.java:logGet(44)) - raft.server.log.queue.element-limit = 1024 (custom)
2021-01-12 17:04:59,604 [pool-86-thread-1] INFO  server.RaftServerConfigKeys (ConfUtils.java:logGet(44)) - raft.server.log.segment.size.max = 1048576 (custom)
2021-01-12 17:04:59,604 [pool-86-thread-1] INFO  server.RaftServerConfigKeys (ConfUtils.java:logGet(44)) - raft.server.log.preallocated.size = 16384 (custom)
2021-01-12 17:04:59,604 [pool-86-thread-1] INFO  server.RaftServerConfigKeys (ConfUtils.java:logGet(44)) - raft.server.log.force.sync.num = 128 (default)
2021-01-12 17:04:59,604 [pool-86-thread-1] INFO  server.RaftServerConfigKeys (ConfUtils.java:logGet(44)) - raft.server.log.statemachine.data.sync = true (default)
2021-01-12 17:04:59,604 [pool-86-thread-1] INFO  server.RaftServerConfigKeys (ConfUtils.java:logGet(44)) - raft.server.log.statemachine.data.sync.timeout = 10s (default)
2021-01-12 17:04:59,604 [pool-86-thread-1] INFO  server.RaftServerConfigKeys (ConfUtils.java:logGet(44)) - raft.server.log.statemachine.data.sync.timeout.retry = -1 (default)
2021-01-12 17:04:59,605 [pool-86-thread-1] INFO  server.RaftServerConfigKeys (ConfUtils.java:logGet(44)) - raft.server.log.write.buffer.size = 1048576 (custom)
2021-01-12 17:04:59,605 [pool-86-thread-1] INFO  server.RaftServerConfigKeys (ConfUtils.java:logGet(44)) - raft.server.log.statemachine.data.caching.enabled = true (custom)
2021-01-12 17:04:59,606 [pool-86-thread-1] INFO  segmented.SegmentedRaftLogWorker (SegmentedRaftLogWorker.java:lambda$new$0(132)) - 0f0c9c6f-917b-4a29-8208-9d3fe19e68b7@group-D337BD890C19-SegmentedRaftLogWorker: flushIndex: setUnconditionally 0 -> -1
2021-01-12 17:04:59,606 [pool-86-thread-1] INFO  segmented.SegmentedRaftLogWorker (SegmentedRaftLogWorker.java:lambda$new$0(132)) - 0f0c9c6f-917b-4a29-8208-9d3fe19e68b7@group-D337BD890C19-SegmentedRaftLogWorker: safeCacheEvictIndex: setUnconditionally 0 -> -1
2021-01-12 17:04:59,617 [pool-86-thread-1] INFO  server.RaftServerConfigKeys (ConfUtils.java:logGet(44)) - raft.server.snapshot.auto.trigger.enabled = true (custom)
2021-01-12 17:04:59,617 [pool-86-thread-1] INFO  server.RaftServerConfigKeys (ConfUtils.java:logGet(44)) - raft.server.snapshot.auto.trigger.threshold = 10000 (custom)
2021-01-12 17:04:59,617 [pool-86-thread-1] INFO  server.RaftServerConfigKeys (ConfUtils.java:logGet(44)) - raft.server.snapshot.retention.file.num = 5 (custom)
2021-01-12 17:04:59,617 [pool-86-thread-1] INFO  server.RaftServerConfigKeys (ConfUtils.java:logGet(44)) - raft.server.log.purge.upto.snapshot.index = false (default)
2021-01-12 17:04:59,617 [pool-86-thread-1] INFO  server.RaftServerConfigKeys (ConfUtils.java:logGet(44)) - raft.server.retrycache.expirytime = 600000ms (custom)
2021-01-12 17:04:59,617 [pool-86-thread-1] INFO  server.RaftServerConfigKeys (ConfUtils.java:logGet(44)) - raft.server.retrycache.statistics.expirytime = 100?s (default)
2021-01-12 17:04:59,617 [pool-86-thread-1] INFO  metrics.RatisMetrics (RatisMetrics.java:lambda$create$0(36)) - Creating Metrics Registry : ratis.leader_election.0f0c9c6f-917b-4a29-8208-9d3fe19e68b7@group-D337BD890C19
2021-01-12 17:04:59,618 [pool-86-thread-1] INFO  metrics.RatisMetrics (RatisMetrics.java:lambda$create$0(36)) - Creating Metrics Registry : ratis.server.0f0c9c6f-917b-4a29-8208-9d3fe19e68b7@group-D337BD890C19
2021-01-12 17:04:59,619 [pool-86-thread-1] INFO  server.RaftServer$Division (RaftServerImpl.java:start(294)) - 0f0c9c6f-917b-4a29-8208-9d3fe19e68b7@group-D337BD890C19: start as a follower, conf=-1: [0f0c9c6f-917b-4a29-8208-9d3fe19e68b7|rpc:172.17.0.2:42871|priority:1], old=null
2021-01-12 17:04:59,619 [pool-86-thread-1] INFO  server.RaftServer$Division (RaftServerImpl.java:setRole(283)) - 0f0c9c6f-917b-4a29-8208-9d3fe19e68b7@group-D337BD890C19: changes role from      null to FOLLOWER at term 0 for startAsFollower
2021-01-12 17:04:59,619 [pool-86-thread-1] INFO  impl.RoleInfo (RoleInfo.java:updateAndGet(130)) - 0f0c9c6f-917b-4a29-8208-9d3fe19e68b7: start 0f0c9c6f-917b-4a29-8208-9d3fe19e68b7@group-D337BD890C19-FollowerState
2021-01-12 17:04:59,620 [grpc-default-executor-1] INFO  metrics.RatisMetrics (RatisMetrics.java:lambda$create$0(36)) - Creating Metrics Registry : ratis.server_message_metrics.4de2fc5c-9ef7-4df0-8518-9cb2cf92efa4
2021-01-12 17:04:59,621 [EventQueue-PipelineReportForOneReplicaPipelineSafeModeRule] INFO  safemode.SCMSafeModeManager (SCMSafeModeManager.java:validateSafeModeExitRules(214)) - AtleastOneDatanodeReportedRule rule is successfully validated
2021-01-12 17:04:59,621 [EventQueue-PipelineReportForPipelineReportHandler] INFO  pipeline.PipelineStateManager (PipelineStateManager.java:openPipeline(132)) - Pipeline Pipeline[ Id: da7813b3-0e2b-4650-9abd-d337bd890c19, Nodes: 0f0c9c6f-917b-4a29-8208-9d3fe19e68b7{ip: 172.17.0.2, host: e3a45581da16, networkLocation: /default-rack, certSerialId: null, persistedOpState: IN_SERVICE, persistedOpStateExpiryEpochSec: 0}, Type:RATIS, Factor:ONE, State:ALLOCATED, leaderId:0f0c9c6f-917b-4a29-8208-9d3fe19e68b7, CreationTimestamp2021-01-12T17:04:56.573Z] moved to OPEN state
2021-01-12 17:04:59,622 [EventQueue-OpenPipelineForHealthyPipelineSafeModeRule] INFO  safemode.SCMSafeModeManager (HealthyPipelineSafeModeRule.java:process(128)) - SCM in safe mode. Healthy pipelines reported count is 0, required healthy pipeline reported count is 1
2021-01-12 17:04:59,624 [pool-86-thread-1] INFO  util.JmxRegister (JmxRegister.java:tryRegister(44)) - Successfully registered JMX Bean with object name Ratis:service=RaftServer,group=group-D337BD890C19,id=0f0c9c6f-917b-4a29-8208-9d3fe19e68b7
2021-01-12 17:04:59,627 [pool-86-thread-1] INFO  metrics.RatisMetrics (RatisMetrics.java:lambda$create$0(36)) - Creating Metrics Registry : ratis.state_machine.0f0c9c6f-917b-4a29-8208-9d3fe19e68b7@group-D337BD890C19
2021-01-12 17:04:59,628 [Command processor thread] INFO  commandhandler.CreatePipelineCommandHandler (CreatePipelineCommandHandler.java:handle(106)) - Created Pipeline RATIS ONE PipelineID=da7813b3-0e2b-4650-9abd-d337bd890c19.
2021-01-12 17:04:59,673 [Command processor thread] INFO  metrics.RatisMetrics (RatisMetrics.java:lambda$create$0(36)) - Creating Metrics Registry : ratis.client_message_metrics.client-7B4F19BDDD5A->dd7ecda3-b896-473f-b1b1-402e04ac6960
2021-01-12 17:04:59,677 [Command processor thread] INFO  metrics.RatisMetrics (RatisMetrics.java:lambda$create$0(36)) - Creating Metrics Registry : ratis.client_message_metrics.client-A8353FF93208->dd7ecda3-b896-473f-b1b1-402e04ac6960
2021-01-12 17:04:59,683 [Command processor thread] INFO  commandhandler.CreatePipelineCommandHandler (CreatePipelineCommandHandler.java:handle(106)) - Created Pipeline RATIS THREE PipelineID=86e45650-17c2-4ffa-af23-e5593941f623.
2021-01-12 17:04:59,683 [Command processor thread] INFO  server.RaftServer (RaftServerProxy.java:addNew(95)) - dd7ecda3-b896-473f-b1b1-402e04ac6960: addNew group-EFC0334D5E7E:[2069f406-71d7-45f5-abaa-bef6e3da0a9b|rpc:172.17.0.2:35421|priority:0, dd7ecda3-b896-473f-b1b1-402e04ac6960|rpc:172.17.0.2:42437|priority:0, 4de2fc5c-9ef7-4df0-8518-9cb2cf92efa4|rpc:172.17.0.2:38135|priority:1] returns group-EFC0334D5E7E:java.util.concurrent.CompletableFuture@627f6e7[Not completed]
2021-01-12 17:04:59,684 [pool-38-thread-1] INFO  server.RaftServer$Division (RaftServerImpl.java:<init>(179)) - dd7ecda3-b896-473f-b1b1-402e04ac6960: new RaftServerImpl for group-EFC0334D5E7E:[2069f406-71d7-45f5-abaa-bef6e3da0a9b|rpc:172.17.0.2:35421|priority:0, dd7ecda3-b896-473f-b1b1-402e04ac6960|rpc:172.17.0.2:42437|priority:0, 4de2fc5c-9ef7-4df0-8518-9cb2cf92efa4|rpc:172.17.0.2:38135|priority:1] with ContainerStateMachine:uninitialized
2021-01-12 17:04:59,684 [pool-38-thread-1] INFO  server.RaftServerConfigKeys (ConfUtils.java:logGet(44)) - raft.server.rpc.timeout.min = 5s (custom)
2021-01-12 17:04:59,684 [pool-38-thread-1] INFO  server.RaftServerConfigKeys (ConfUtils.java:logGet(44)) - raft.server.rpc.timeout.max = 5200ms (custom)
2021-01-12 17:04:59,684 [pool-38-thread-1] INFO  server.RaftServerConfigKeys (ConfUtils.java:logGet(44)) - raft.server.rpc.sleep.time = 25ms (default)
2021-01-12 17:04:59,684 [pool-38-thread-1] INFO  server.RaftServerConfigKeys (ConfUtils.java:logGet(44)) - raft.server.rpc.slowness.timeout = 300s (custom)
2021-01-12 17:04:59,684 [pool-38-thread-1] INFO  server.RaftServerConfigKeys (ConfUtils.java:logGet(44)) - raft.server.leaderelection.leader.step-down.wait-time = 10s (default)
2021-01-12 17:04:59,684 [pool-38-thread-1] INFO  server.RaftServerConfigKeys (ConfUtils.java:logGet(44)) - raft.server.sleep.deviation.threshold = 300ms (default)
2021-01-12 17:04:59,684 [pool-38-thread-1] INFO  server.RaftServerConfigKeys (ConfUtils.java:logGet(44)) - raft.server.log.appender.install.snapshot.enabled = false (custom)
2021-01-12 17:04:59,684 [pool-38-thread-1] INFO  server.RaftServer$Division (ServerState.java:<init>(103)) - dd7ecda3-b896-473f-b1b1-402e04ac6960@group-EFC0334D5E7E: ConfigurationManager, init=-1: [2069f406-71d7-45f5-abaa-bef6e3da0a9b|rpc:172.17.0.2:35421|priority:0, dd7ecda3-b896-473f-b1b1-402e04ac6960|rpc:172.17.0.2:42437|priority:0, 4de2fc5c-9ef7-4df0-8518-9cb2cf92efa4|rpc:172.17.0.2:38135|priority:1], old=null, confs=<EMPTY_MAP>
2021-01-12 17:04:59,684 [pool-38-thread-1] INFO  server.RaftServerConfigKeys (ConfUtils.java:logGet(44)) - raft.server.storage.dir = [/github/workspace/mnt/ozone/hadoop-ozone/integration-test/target/test-dir/MiniOzoneClusterImpl-cb34e439-7967-4e12-9ea2-a7af50442216/datanode-0/data/ratis] (custom)
2021-01-12 17:04:59,685 [pool-38-thread-1] INFO  server.RaftServerConfigKeys (ConfUtils.java:logGet(44)) - raft.server.log.corruption.policy = EXCEPTION (default)
2021-01-12 17:04:59,685 [pool-38-thread-1] INFO  storage.RaftStorageDirectory (RaftStorageDirectoryImpl.java:analyzeStorage(132)) - The storage directory /github/workspace/mnt/ozone/hadoop-ozone/integration-test/target/test-dir/MiniOzoneClusterImpl-cb34e439-7967-4e12-9ea2-a7af50442216/datanode-0/data/ratis/8003d5a0-236b-4948-a058-efc0334d5e7e does not exist. Creating ...
2021-01-12 17:04:59,686 [pool-38-thread-1] INFO  storage.RaftStorageDirectory (RaftStorageDirectoryImpl.java:tryLock(215)) - Lock on /github/workspace/mnt/ozone/hadoop-ozone/integration-test/target/test-dir/MiniOzoneClusterImpl-cb34e439-7967-4e12-9ea2-a7af50442216/datanode-0/data/ratis/8003d5a0-236b-4948-a058-efc0334d5e7e/in_use.lock acquired by nodename 1071@e3a45581da16
2021-01-12 17:04:59,688 [pool-38-thread-1] INFO  storage.RaftStorage (RaftStorageImpl.java:format(87)) - Storage directory /github/workspace/mnt/ozone/hadoop-ozone/integration-test/target/test-dir/MiniOzoneClusterImpl-cb34e439-7967-4e12-9ea2-a7af50442216/datanode-0/data/ratis/8003d5a0-236b-4948-a058-efc0334d5e7e has been successfully formatted.
2021-01-12 17:04:59,688 [pool-38-thread-1] INFO  ratis.ContainerStateMachine (ContainerStateMachine.java:loadSnapshot(223)) - group-EFC0334D5E7E: The snapshot info is null. Setting the last applied indexto:(t:0, i:~)
2021-01-12 17:04:59,688 [pool-38-thread-1] ERROR storage.RaftStorage (RaftStorageImpl.java:readRaftConfiguration(147)) - Failed reading configuration from file:/github/workspace/mnt/ozone/hadoop-ozone/integration-test/target/test-dir/MiniOzoneClusterImpl-cb34e439-7967-4e12-9ea2-a7af50442216/datanode-0/data/ratis/8003d5a0-236b-4948-a058-efc0334d5e7e/current/raft-meta.conf
java.io.FileNotFoundException: /github/workspace/mnt/ozone/hadoop-ozone/integration-test/target/test-dir/MiniOzoneClusterImpl-cb34e439-7967-4e12-9ea2-a7af50442216/datanode-0/data/ratis/8003d5a0-236b-4948-a058-efc0334d5e7e/current/raft-meta.conf (No such file or directory)
	at java.io.FileInputStream.open0(Native Method)
	at java.io.FileInputStream.open(FileInputStream.java:195)
	at java.io.FileInputStream.<init>(FileInputStream.java:138)
	at org.apache.ratis.server.storage.RaftStorageImpl.readRaftConfiguration(RaftStorageImpl.java:143)
	at org.apache.ratis.server.impl.ServerState.<init>(ServerState.java:113)
	at org.apache.ratis.server.impl.RaftServerImpl.<init>(RaftServerImpl.java:192)
	at org.apache.ratis.server.impl.RaftServerProxy.lambda$newRaftServerImpl$4(RaftServerProxy.java:266)
	at java.util.concurrent.CompletableFuture$AsyncSupply.run(CompletableFuture.java:1604)
	at java.util.concurrent.ThreadPoolExecutor.runWorker(ThreadPoolExecutor.java:1149)
	at java.util.concurrent.ThreadPoolExecutor$Worker.run(ThreadPoolExecutor.java:624)
	at java.lang.Thread.run(Thread.java:748)
2021-01-12 17:04:59,689 [pool-38-thread-1] INFO  server.RaftServerConfigKeys (ConfUtils.java:logGet(44)) - raft.server.notification.no-leader.timeout = 300s (custom)
2021-01-12 17:04:59,689 [pool-38-thread-1] INFO  server.RaftServerConfigKeys (ConfUtils.java:logGet(44)) - raft.server.log.use.memory = false (default)
2021-01-12 17:04:59,689 [pool-38-thread-1] INFO  server.RaftServerConfigKeys (ConfUtils.java:logGet(44)) - raft.server.log.purge.gap = 1000000 (custom)
2021-01-12 17:04:59,689 [pool-38-thread-1] INFO  server.RaftServerConfigKeys (ConfUtils.java:logGet(44)) - raft.server.log.appender.buffer.byte-limit = 33554432 (custom)
2021-01-12 17:04:59,689 [pool-38-thread-1] INFO  metrics.RatisMetrics (RatisMetrics.java:lambda$create$0(36)) - Creating Metrics Registry : ratis.log_worker.dd7ecda3-b896-473f-b1b1-402e04ac6960@group-EFC0334D5E7E
2021-01-12 17:04:59,689 [pool-38-thread-1] INFO  server.RaftServerConfigKeys (ConfUtils.java:logGet(44)) - raft.server.log.segment.size.max = 1048576 (custom)
2021-01-12 17:04:59,689 [pool-38-thread-1] INFO  server.RaftServerConfigKeys (ConfUtils.java:logGet(44)) - raft.server.log.segment.cache.num.max = 2 (custom)
2021-01-12 17:04:59,689 [pool-38-thread-1] INFO  server.RaftServerConfigKeys (ConfUtils.java:logGet(44)) - raft.server.log.segment.cache.size.max = 200MB (=209715200) (default)
2021-01-12 17:04:59,690 [pool-38-thread-1] INFO  segmented.SegmentedRaftLogWorker (SegmentedRaftLogWorker.java:<init>(181)) - new dd7ecda3-b896-473f-b1b1-402e04ac6960@group-EFC0334D5E7E-SegmentedRaftLogWorker for RaftStorageImpl:Storage Directory /github/workspace/mnt/ozone/hadoop-ozone/integration-test/target/test-dir/MiniOzoneClusterImpl-cb34e439-7967-4e12-9ea2-a7af50442216/datanode-0/data/ratis/8003d5a0-236b-4948-a058-efc0334d5e7e
2021-01-12 17:04:59,690 [pool-38-thread-1] INFO  server.RaftServerConfigKeys (ConfUtils.java:logGet(44)) - raft.server.log.queue.byte-limit = 2147483647 (custom)
2021-01-12 17:04:59,690 [pool-38-thread-1] INFO  server.RaftServerConfigKeys (ConfUtils.java:logGet(44)) - raft.server.log.queue.element-limit = 1024 (custom)
2021-01-12 17:04:59,690 [pool-38-thread-1] INFO  server.RaftServerConfigKeys (ConfUtils.java:logGet(44)) - raft.server.log.segment.size.max = 1048576 (custom)
2021-01-12 17:04:59,690 [pool-38-thread-1] INFO  server.RaftServerConfigKeys (ConfUtils.java:logGet(44)) - raft.server.log.preallocated.size = 16384 (custom)
2021-01-12 17:04:59,690 [pool-38-thread-1] INFO  server.RaftServerConfigKeys (ConfUtils.java:logGet(44)) - raft.server.log.force.sync.num = 128 (default)
2021-01-12 17:04:59,690 [pool-38-thread-1] INFO  server.RaftServerConfigKeys (ConfUtils.java:logGet(44)) - raft.server.log.statemachine.data.sync = true (default)
2021-01-12 17:04:59,690 [pool-38-thread-1] INFO  server.RaftServerConfigKeys (ConfUtils.java:logGet(44)) - raft.server.log.statemachine.data.sync.timeout = 10s (default)
2021-01-12 17:04:59,690 [pool-38-thread-1] INFO  server.RaftServerConfigKeys (ConfUtils.java:logGet(44)) - raft.server.log.statemachine.data.sync.timeout.retry = -1 (default)
2021-01-12 17:04:59,690 [pool-38-thread-1] INFO  server.RaftServerConfigKeys (ConfUtils.java:logGet(44)) - raft.server.log.write.buffer.size = 1048576 (custom)
2021-01-12 17:04:59,691 [pool-38-thread-1] INFO  server.RaftServerConfigKeys (ConfUtils.java:logGet(44)) - raft.server.log.statemachine.data.caching.enabled = true (custom)
2021-01-12 17:04:59,691 [pool-38-thread-1] INFO  segmented.SegmentedRaftLogWorker (SegmentedRaftLogWorker.java:lambda$new$0(132)) - dd7ecda3-b896-473f-b1b1-402e04ac6960@group-EFC0334D5E7E-SegmentedRaftLogWorker: flushIndex: setUnconditionally 0 -> -1
2021-01-12 17:04:59,691 [pool-38-thread-1] INFO  segmented.SegmentedRaftLogWorker (SegmentedRaftLogWorker.java:lambda$new$0(132)) - dd7ecda3-b896-473f-b1b1-402e04ac6960@group-EFC0334D5E7E-SegmentedRaftLogWorker: safeCacheEvictIndex: setUnconditionally 0 -> -1
2021-01-12 17:04:59,699 [pool-38-thread-1] INFO  server.RaftServerConfigKeys (ConfUtils.java:logGet(44)) - raft.server.snapshot.auto.trigger.enabled = true (custom)
2021-01-12 17:04:59,699 [pool-38-thread-1] INFO  server.RaftServerConfigKeys (ConfUtils.java:logGet(44)) - raft.server.snapshot.auto.trigger.threshold = 10000 (custom)
2021-01-12 17:04:59,699 [pool-38-thread-1] INFO  server.RaftServerConfigKeys (ConfUtils.java:logGet(44)) - raft.server.snapshot.retention.file.num = 5 (custom)
2021-01-12 17:04:59,699 [pool-38-thread-1] INFO  server.RaftServerConfigKeys (ConfUtils.java:logGet(44)) - raft.server.log.purge.upto.snapshot.index = false (default)
2021-01-12 17:04:59,699 [pool-38-thread-1] INFO  server.RaftServerConfigKeys (ConfUtils.java:logGet(44)) - raft.server.retrycache.expirytime = 600000ms (custom)
2021-01-12 17:04:59,699 [pool-38-thread-1] INFO  server.RaftServerConfigKeys (ConfUtils.java:logGet(44)) - raft.server.retrycache.statistics.expirytime = 100?s (default)
2021-01-12 17:04:59,699 [pool-38-thread-1] INFO  metrics.RatisMetrics (RatisMetrics.java:lambda$create$0(36)) - Creating Metrics Registry : ratis.leader_election.dd7ecda3-b896-473f-b1b1-402e04ac6960@group-EFC0334D5E7E
2021-01-12 17:04:59,699 [pool-38-thread-1] INFO  metrics.RatisMetrics (RatisMetrics.java:lambda$create$0(36)) - Creating Metrics Registry : ratis.server.dd7ecda3-b896-473f-b1b1-402e04ac6960@group-EFC0334D5E7E
2021-01-12 17:04:59,700 [pool-38-thread-1] INFO  server.RaftServer$Division (RaftServerImpl.java:start(294)) - dd7ecda3-b896-473f-b1b1-402e04ac6960@group-EFC0334D5E7E: start as a follower, conf=-1: [2069f406-71d7-45f5-abaa-bef6e3da0a9b|rpc:172.17.0.2:35421|priority:0, dd7ecda3-b896-473f-b1b1-402e04ac6960|rpc:172.17.0.2:42437|priority:0, 4de2fc5c-9ef7-4df0-8518-9cb2cf92efa4|rpc:172.17.0.2:38135|priority:1], old=null
2021-01-12 17:04:59,700 [pool-38-thread-1] INFO  server.RaftServer$Division (RaftServerImpl.java:setRole(283)) - dd7ecda3-b896-473f-b1b1-402e04ac6960@group-EFC0334D5E7E: changes role from      null to FOLLOWER at term 0 for startAsFollower
2021-01-12 17:04:59,700 [pool-38-thread-1] INFO  impl.RoleInfo (RoleInfo.java:updateAndGet(130)) - dd7ecda3-b896-473f-b1b1-402e04ac6960: start dd7ecda3-b896-473f-b1b1-402e04ac6960@group-EFC0334D5E7E-FollowerState
2021-01-12 17:04:59,701 [EventQueue-PipelineReportForOneReplicaPipelineSafeModeRule] INFO  safemode.SCMSafeModeManager (SCMSafeModeManager.java:validateSafeModeExitRules(214)) - AtleastOneDatanodeReportedRule rule is successfully validated
2021-01-12 17:04:59,701 [EventQueue-OpenPipelineForHealthyPipelineSafeModeRule] INFO  safemode.SCMSafeModeManager (HealthyPipelineSafeModeRule.java:process(128)) - SCM in safe mode. Healthy pipelines reported count is 0, required healthy pipeline reported count is 1
2021-01-12 17:04:59,704 [pool-38-thread-1] INFO  util.JmxRegister (JmxRegister.java:tryRegister(44)) - Successfully registered JMX Bean with object name Ratis:service=RaftServer,group=group-EFC0334D5E7E,id=dd7ecda3-b896-473f-b1b1-402e04ac6960
2021-01-12 17:04:59,704 [pool-38-thread-1] INFO  metrics.RatisMetrics (RatisMetrics.java:lambda$create$0(36)) - Creating Metrics Registry : ratis.state_machine.dd7ecda3-b896-473f-b1b1-402e04ac6960@group-EFC0334D5E7E
2021-01-12 17:04:59,714 [Command processor thread] INFO  metrics.RatisMetrics (RatisMetrics.java:lambda$create$0(36)) - Creating Metrics Registry : ratis.client_message_metrics.client-BB0A67D143AE->2069f406-71d7-45f5-abaa-bef6e3da0a9b
2021-01-12 17:04:59,726 [Command processor thread] INFO  commandhandler.CreatePipelineCommandHandler (CreatePipelineCommandHandler.java:handle(106)) - Created Pipeline RATIS THREE PipelineID=8003d5a0-236b-4948-a058-efc0334d5e7e.
2021-01-12 17:04:59,744 [Command processor thread] INFO  commandhandler.CreatePipelineCommandHandler (CreatePipelineCommandHandler.java:handle(106)) - Created Pipeline RATIS THREE PipelineID=8003d5a0-236b-4948-a058-efc0334d5e7e.
2021-01-12 17:04:59,745 [Command processor thread] INFO  metrics.RatisMetrics (RatisMetrics.java:lambda$create$0(36)) - Creating Metrics Registry : ratis.client_message_metrics.client-3636F5780759->4de2fc5c-9ef7-4df0-8518-9cb2cf92efa4
2021-01-12 17:04:59,759 [Command processor thread] INFO  commandhandler.CreatePipelineCommandHandler (CreatePipelineCommandHandler.java:handle(106)) - Created Pipeline RATIS THREE PipelineID=8003d5a0-236b-4948-a058-efc0334d5e7e.
2021-01-12 17:05:00,511 [EventQueue-OpenPipelineForHealthyPipelineSafeModeRule] INFO  safemode.SCMSafeModeManager (HealthyPipelineSafeModeRule.java:process(128)) - SCM in safe mode. Healthy pipelines reported count is 0, required healthy pipeline reported count is 1
2021-01-12 17:05:00,511 [EventQueue-PipelineReportForOneReplicaPipelineSafeModeRule] INFO  safemode.SCMSafeModeManager (SCMSafeModeManager.java:validateSafeModeExitRules(214)) - AtleastOneDatanodeReportedRule rule is successfully validated
2021-01-12 17:05:00,550 [EventQueue-OpenPipelineForHealthyPipelineSafeModeRule] INFO  safemode.SCMSafeModeManager (HealthyPipelineSafeModeRule.java:process(128)) - SCM in safe mode. Healthy pipelines reported count is 0, required healthy pipeline reported count is 1
2021-01-12 17:05:00,550 [EventQueue-PipelineReportForOneReplicaPipelineSafeModeRule] INFO  safemode.SCMSafeModeManager (SCMSafeModeManager.java:validateSafeModeExitRules(214)) - AtleastOneDatanodeReportedRule rule is successfully validated
2021-01-12 17:05:00,569 [Listener at 127.0.0.1/37433] INFO  ozone.MiniOzoneClusterImpl (MiniOzoneClusterImpl.java:lambda$waitForClusterToBeReady$0(179)) - Nodes are ready. Got 4 of 4 DN Heartbeats.
2021-01-12 17:05:00,570 [Listener at 127.0.0.1/37433] INFO  ozone.MiniOzoneClusterImpl (MiniOzoneClusterImpl.java:lambda$waitForClusterToBeReady$0(182)) - Waiting for cluster to exit safe mode
2021-01-12 17:05:00,603 [EventQueue-PipelineReportForOneReplicaPipelineSafeModeRule] INFO  safemode.SCMSafeModeManager (SCMSafeModeManager.java:validateSafeModeExitRules(214)) - AtleastOneDatanodeReportedRule rule is successfully validated
2021-01-12 17:05:00,603 [EventQueue-OpenPipelineForHealthyPipelineSafeModeRule] INFO  safemode.SCMSafeModeManager (HealthyPipelineSafeModeRule.java:process(128)) - SCM in safe mode. Healthy pipelines reported count is 0, required healthy pipeline reported count is 1
2021-01-12 17:05:00,690 [EventQueue-PipelineReportForOneReplicaPipelineSafeModeRule] INFO  safemode.SCMSafeModeManager (SCMSafeModeManager.java:validateSafeModeExitRules(214)) - AtleastOneDatanodeReportedRule rule is successfully validated
2021-01-12 17:05:00,690 [EventQueue-OpenPipelineForHealthyPipelineSafeModeRule] INFO  safemode.SCMSafeModeManager (HealthyPipelineSafeModeRule.java:process(128)) - SCM in safe mode. Healthy pipelines reported count is 0, required healthy pipeline reported count is 1
2021-01-12 17:05:01,510 [EventQueue-PipelineReportForOneReplicaPipelineSafeModeRule] INFO  safemode.SCMSafeModeManager (SCMSafeModeManager.java:validateSafeModeExitRules(214)) - AtleastOneDatanodeReportedRule rule is successfully validated
2021-01-12 17:05:01,511 [EventQueue-OpenPipelineForHealthyPipelineSafeModeRule] INFO  safemode.SCMSafeModeManager (HealthyPipelineSafeModeRule.java:process(128)) - SCM in safe mode. Healthy pipelines reported count is 0, required healthy pipeline reported count is 1
2021-01-12 17:05:01,550 [EventQueue-PipelineReportForOneReplicaPipelineSafeModeRule] INFO  safemode.SCMSafeModeManager (SCMSafeModeManager.java:validateSafeModeExitRules(214)) - AtleastOneDatanodeReportedRule rule is successfully validated
2021-01-12 17:05:01,550 [EventQueue-OpenPipelineForHealthyPipelineSafeModeRule] INFO  safemode.SCMSafeModeManager (HealthyPipelineSafeModeRule.java:process(128)) - SCM in safe mode. Healthy pipelines reported count is 0, required healthy pipeline reported count is 1
2021-01-12 17:05:01,570 [Listener at 127.0.0.1/37433] INFO  ozone.MiniOzoneClusterImpl (MiniOzoneClusterImpl.java:lambda$waitForClusterToBeReady$0(179)) - Nodes are ready. Got 4 of 4 DN Heartbeats.
2021-01-12 17:05:01,570 [Listener at 127.0.0.1/37433] INFO  ozone.MiniOzoneClusterImpl (MiniOzoneClusterImpl.java:lambda$waitForClusterToBeReady$0(182)) - Waiting for cluster to exit safe mode
2021-01-12 17:05:01,608 [EventQueue-PipelineReportForOneReplicaPipelineSafeModeRule] INFO  safemode.SCMSafeModeManager (SCMSafeModeManager.java:validateSafeModeExitRules(214)) - AtleastOneDatanodeReportedRule rule is successfully validated
2021-01-12 17:05:01,608 [EventQueue-OpenPipelineForHealthyPipelineSafeModeRule] INFO  safemode.SCMSafeModeManager (HealthyPipelineSafeModeRule.java:process(128)) - SCM in safe mode. Healthy pipelines reported count is 0, required healthy pipeline reported count is 1
2021-01-12 17:05:01,691 [EventQueue-OpenPipelineForHealthyPipelineSafeModeRule] INFO  safemode.SCMSafeModeManager (HealthyPipelineSafeModeRule.java:process(128)) - SCM in safe mode. Healthy pipelines reported count is 0, required healthy pipeline reported count is 1
2021-01-12 17:05:01,692 [EventQueue-PipelineReportForOneReplicaPipelineSafeModeRule] INFO  safemode.SCMSafeModeManager (SCMSafeModeManager.java:validateSafeModeExitRules(214)) - AtleastOneDatanodeReportedRule rule is successfully validated
2021-01-12 17:05:02,511 [EventQueue-PipelineReportForOneReplicaPipelineSafeModeRule] INFO  safemode.SCMSafeModeManager (SCMSafeModeManager.java:validateSafeModeExitRules(214)) - AtleastOneDatanodeReportedRule rule is successfully validated
2021-01-12 17:05:02,512 [EventQueue-OpenPipelineForHealthyPipelineSafeModeRule] INFO  safemode.SCMSafeModeManager (HealthyPipelineSafeModeRule.java:process(128)) - SCM in safe mode. Healthy pipelines reported count is 0, required healthy pipeline reported count is 1
2021-01-12 17:05:02,550 [EventQueue-PipelineReportForOneReplicaPipelineSafeModeRule] INFO  safemode.SCMSafeModeManager (SCMSafeModeManager.java:validateSafeModeExitRules(214)) - AtleastOneDatanodeReportedRule rule is successfully validated
2021-01-12 17:05:02,551 [EventQueue-OpenPipelineForHealthyPipelineSafeModeRule] INFO  safemode.SCMSafeModeManager (HealthyPipelineSafeModeRule.java:process(128)) - SCM in safe mode. Healthy pipelines reported count is 0, required healthy pipeline reported count is 1
2021-01-12 17:05:02,570 [Listener at 127.0.0.1/37433] INFO  ozone.MiniOzoneClusterImpl (MiniOzoneClusterImpl.java:lambda$waitForClusterToBeReady$0(179)) - Nodes are ready. Got 4 of 4 DN Heartbeats.
2021-01-12 17:05:02,571 [Listener at 127.0.0.1/37433] INFO  ozone.MiniOzoneClusterImpl (MiniOzoneClusterImpl.java:lambda$waitForClusterToBeReady$0(182)) - Waiting for cluster to exit safe mode
2021-01-12 17:05:02,608 [EventQueue-PipelineReportForOneReplicaPipelineSafeModeRule] INFO  safemode.SCMSafeModeManager (SCMSafeModeManager.java:validateSafeModeExitRules(214)) - AtleastOneDatanodeReportedRule rule is successfully validated
2021-01-12 17:05:02,608 [EventQueue-OpenPipelineForHealthyPipelineSafeModeRule] INFO  safemode.SCMSafeModeManager (HealthyPipelineSafeModeRule.java:process(128)) - SCM in safe mode. Healthy pipelines reported count is 0, required healthy pipeline reported count is 1
2021-01-12 17:05:02,691 [EventQueue-OpenPipelineForHealthyPipelineSafeModeRule] INFO  safemode.SCMSafeModeManager (HealthyPipelineSafeModeRule.java:process(128)) - SCM in safe mode. Healthy pipelines reported count is 0, required healthy pipeline reported count is 1
2021-01-12 17:05:02,691 [EventQueue-PipelineReportForOneReplicaPipelineSafeModeRule] INFO  safemode.SCMSafeModeManager (SCMSafeModeManager.java:validateSafeModeExitRules(214)) - AtleastOneDatanodeReportedRule rule is successfully validated
2021-01-12 17:05:03,512 [EventQueue-PipelineReportForOneReplicaPipelineSafeModeRule] INFO  safemode.SCMSafeModeManager (SCMSafeModeManager.java:validateSafeModeExitRules(214)) - AtleastOneDatanodeReportedRule rule is successfully validated
2021-01-12 17:05:03,512 [EventQueue-OpenPipelineForHealthyPipelineSafeModeRule] INFO  safemode.SCMSafeModeManager (HealthyPipelineSafeModeRule.java:process(128)) - SCM in safe mode. Healthy pipelines reported count is 0, required healthy pipeline reported count is 1
2021-01-12 17:05:03,553 [EventQueue-PipelineReportForOneReplicaPipelineSafeModeRule] INFO  safemode.SCMSafeModeManager (SCMSafeModeManager.java:validateSafeModeExitRules(214)) - AtleastOneDatanodeReportedRule rule is successfully validated
2021-01-12 17:05:03,553 [EventQueue-OpenPipelineForHealthyPipelineSafeModeRule] INFO  safemode.SCMSafeModeManager (HealthyPipelineSafeModeRule.java:process(128)) - SCM in safe mode. Healthy pipelines reported count is 0, required healthy pipeline reported count is 1
2021-01-12 17:05:03,571 [Listener at 127.0.0.1/37433] INFO  ozone.MiniOzoneClusterImpl (MiniOzoneClusterImpl.java:lambda$waitForClusterToBeReady$0(179)) - Nodes are ready. Got 4 of 4 DN Heartbeats.
2021-01-12 17:05:03,571 [Listener at 127.0.0.1/37433] INFO  ozone.MiniOzoneClusterImpl (MiniOzoneClusterImpl.java:lambda$waitForClusterToBeReady$0(182)) - Waiting for cluster to exit safe mode
2021-01-12 17:05:03,607 [EventQueue-PipelineReportForOneReplicaPipelineSafeModeRule] INFO  safemode.SCMSafeModeManager (SCMSafeModeManager.java:validateSafeModeExitRules(214)) - AtleastOneDatanodeReportedRule rule is successfully validated
2021-01-12 17:05:03,607 [EventQueue-OpenPipelineForHealthyPipelineSafeModeRule] INFO  safemode.SCMSafeModeManager (HealthyPipelineSafeModeRule.java:process(128)) - SCM in safe mode. Healthy pipelines reported count is 0, required healthy pipeline reported count is 1
2021-01-12 17:05:03,690 [EventQueue-OpenPipelineForHealthyPipelineSafeModeRule] INFO  safemode.SCMSafeModeManager (HealthyPipelineSafeModeRule.java:process(128)) - SCM in safe mode. Healthy pipelines reported count is 0, required healthy pipeline reported count is 1
2021-01-12 17:05:03,691 [EventQueue-PipelineReportForOneReplicaPipelineSafeModeRule] INFO  safemode.SCMSafeModeManager (SCMSafeModeManager.java:validateSafeModeExitRules(214)) - AtleastOneDatanodeReportedRule rule is successfully validated
2021-01-12 17:05:03,886 [Thread-199] INFO  impl.FollowerState (FollowerState.java:run(133)) - dd7ecda3-b896-473f-b1b1-402e04ac6960@group-BF3B12186052-FollowerState: change to CANDIDATE, lastRpcElapsedTime:5065020547ns, electionTimeout:5063ms
2021-01-12 17:05:03,886 [Thread-199] INFO  impl.RoleInfo (RoleInfo.java:shutdownFollowerState(108)) - dd7ecda3-b896-473f-b1b1-402e04ac6960: shutdown dd7ecda3-b896-473f-b1b1-402e04ac6960@group-BF3B12186052-FollowerState
2021-01-12 17:05:03,886 [Thread-199] INFO  server.RaftServer$Division (RaftServerImpl.java:setRole(283)) - dd7ecda3-b896-473f-b1b1-402e04ac6960@group-BF3B12186052: changes role from  FOLLOWER to CANDIDATE at term 0 for changeToCandidate
2021-01-12 17:05:03,886 [Thread-199] INFO  impl.RoleInfo (RoleInfo.java:updateAndGet(130)) - dd7ecda3-b896-473f-b1b1-402e04ac6960: start dd7ecda3-b896-473f-b1b1-402e04ac6960@group-BF3B12186052-LeaderElection2
2021-01-12 17:05:03,888 [dd7ecda3-b896-473f-b1b1-402e04ac6960@group-BF3B12186052-LeaderElection2] INFO  impl.LeaderElection (LeaderElection.java:askForPreVotes(259)) - dd7ecda3-b896-473f-b1b1-402e04ac6960@group-BF3B12186052-LeaderElection2: begin a pre-vote at term 0 for -1: [dd7ecda3-b896-473f-b1b1-402e04ac6960|rpc:172.17.0.2:42437|priority:1], old=null
2021-01-12 17:05:03,888 [dd7ecda3-b896-473f-b1b1-402e04ac6960@group-BF3B12186052-LeaderElection2] INFO  impl.LeaderElection (LeaderElection.java:askForPreVotes(261)) - dd7ecda3-b896-473f-b1b1-402e04ac6960@group-BF3B12186052-LeaderElection2 pre-vote result is PASSED.
2021-01-12 17:05:03,891 [dd7ecda3-b896-473f-b1b1-402e04ac6960@group-BF3B12186052-LeaderElection2] INFO  impl.LeaderElection (LeaderElection.java:askForVotes(308)) - dd7ecda3-b896-473f-b1b1-402e04ac6960@group-BF3B12186052-LeaderElection2: begin an election at term 1 for -1: [dd7ecda3-b896-473f-b1b1-402e04ac6960|rpc:172.17.0.2:42437|priority:1], old=null
2021-01-12 17:05:03,891 [dd7ecda3-b896-473f-b1b1-402e04ac6960@group-BF3B12186052-LeaderElection2] INFO  impl.RoleInfo (RoleInfo.java:shutdownLeaderElection(121)) - dd7ecda3-b896-473f-b1b1-402e04ac6960: shutdown dd7ecda3-b896-473f-b1b1-402e04ac6960@group-BF3B12186052-LeaderElection2
2021-01-12 17:05:03,891 [dd7ecda3-b896-473f-b1b1-402e04ac6960@group-BF3B12186052-LeaderElection2] INFO  server.RaftServer$Division (RaftServerImpl.java:setRole(283)) - dd7ecda3-b896-473f-b1b1-402e04ac6960@group-BF3B12186052: changes role from CANDIDATE to LEADER at term 1 for changeToLeader
2021-01-12 17:05:03,891 [dd7ecda3-b896-473f-b1b1-402e04ac6960@group-BF3B12186052-LeaderElection2] INFO  ratis.XceiverServerRatis (XceiverServerRatis.java:handleLeaderChangedNotification(868)) - Leader change notification received for group: group-BF3B12186052 with new leaderId: dd7ecda3-b896-473f-b1b1-402e04ac6960
2021-01-12 17:05:03,892 [dd7ecda3-b896-473f-b1b1-402e04ac6960@group-BF3B12186052-LeaderElection2] INFO  server.RaftServer$Division (ServerState.java:setLeader(249)) - dd7ecda3-b896-473f-b1b1-402e04ac6960@group-BF3B12186052: change Leader from null to dd7ecda3-b896-473f-b1b1-402e04ac6960 at term 1 for becomeLeader, leader elected after 5087ms
2021-01-12 17:05:03,892 [dd7ecda3-b896-473f-b1b1-402e04ac6960@group-BF3B12186052-LeaderElection2] INFO  server.RaftServerConfigKeys (ConfUtils.java:logGet(44)) - raft.server.staging.catchup.gap = 1000 (default)
2021-01-12 17:05:03,892 [dd7ecda3-b896-473f-b1b1-402e04ac6960@group-BF3B12186052-LeaderElection2] INFO  metrics.RatisMetrics (RatisMetrics.java:lambda$create$0(36)) - Creating Metrics Registry : ratis.log_appender.dd7ecda3-b896-473f-b1b1-402e04ac6960@group-BF3B12186052
2021-01-12 17:05:03,893 [dd7ecda3-b896-473f-b1b1-402e04ac6960@group-BF3B12186052-LeaderElection2] INFO  server.RaftServerConfigKeys (ConfUtils.java:logGet(44)) - raft.server.write.element-limit = 1024 (custom)
2021-01-12 17:05:03,893 [dd7ecda3-b896-473f-b1b1-402e04ac6960@group-BF3B12186052-LeaderElection2] INFO  server.RaftServerConfigKeys (ConfUtils.java:logGet(44)) - raft.server.write.byte-limit = 1073741824 (custom)
2021-01-12 17:05:03,893 [dd7ecda3-b896-473f-b1b1-402e04ac6960@group-BF3B12186052-LeaderElection2] INFO  server.RaftServerConfigKeys (ConfUtils.java:logGet(44)) - raft.server.watch.timeout = 180s (custom)
2021-01-12 17:05:03,894 [EventQueue-PipelineReportForOneReplicaPipelineSafeModeRule] INFO  safemode.SCMSafeModeManager (SCMSafeModeManager.java:validateSafeModeExitRules(214)) - AtleastOneDatanodeReportedRule rule is successfully validated
2021-01-12 17:05:03,894 [dd7ecda3-b896-473f-b1b1-402e04ac6960@group-BF3B12186052-LeaderElection2] INFO  server.RaftServerConfigKeys (ConfUtils.java:logGet(44)) - raft.server.watch.timeout.denomination = 1s (default)
2021-01-12 17:05:03,894 [EventQueue-OpenPipelineForHealthyPipelineSafeModeRule] INFO  safemode.SCMSafeModeManager (HealthyPipelineSafeModeRule.java:process(128)) - SCM in safe mode. Healthy pipelines reported count is 0, required healthy pipeline reported count is 1
2021-01-12 17:05:03,894 [dd7ecda3-b896-473f-b1b1-402e04ac6960@group-BF3B12186052-LeaderElection2] INFO  server.RaftServerConfigKeys (ConfUtils.java:logGet(44)) - raft.server.watch.element-limit = 65536 (default)
2021-01-12 17:05:03,897 [dd7ecda3-b896-473f-b1b1-402e04ac6960@group-BF3B12186052-LeaderElection2] INFO  impl.RoleInfo (RoleInfo.java:updateAndGet(130)) - dd7ecda3-b896-473f-b1b1-402e04ac6960: start dd7ecda3-b896-473f-b1b1-402e04ac6960@group-BF3B12186052-LeaderStateImpl
2021-01-12 17:05:03,897 [dd7ecda3-b896-473f-b1b1-402e04ac6960@group-BF3B12186052-LeaderElection2] INFO  segmented.SegmentedRaftLogWorker (SegmentedRaftLogWorker.java:startLogSegment(392)) - dd7ecda3-b896-473f-b1b1-402e04ac6960@group-BF3B12186052-SegmentedRaftLogWorker: Starting segment from index:0
2021-01-12 17:05:03,898 [dd7ecda3-b896-473f-b1b1-402e04ac6960@group-BF3B12186052-SegmentedRaftLogWorker] INFO  segmented.SegmentedRaftLogWorker (SegmentedRaftLogWorker.java:execute(599)) - dd7ecda3-b896-473f-b1b1-402e04ac6960@group-BF3B12186052-SegmentedRaftLogWorker: created new log segment /github/workspace/mnt/ozone/hadoop-ozone/integration-test/target/test-dir/MiniOzoneClusterImpl-cb34e439-7967-4e12-9ea2-a7af50442216/datanode-0/data/ratis/45d546a8-a912-4229-8200-bf3b12186052/current/log_inprogress_0
2021-01-12 17:05:03,901 [dd7ecda3-b896-473f-b1b1-402e04ac6960@group-BF3B12186052-LeaderElection2] INFO  server.RaftServer$Division (ServerState.java:setRaftConf(368)) - dd7ecda3-b896-473f-b1b1-402e04ac6960@group-BF3B12186052: set configuration 0: [dd7ecda3-b896-473f-b1b1-402e04ac6960|rpc:172.17.0.2:42437|dataStream:|priority:1], old=null
2021-01-12 17:05:03,986 [Thread-201] INFO  impl.FollowerState (FollowerState.java:run(133)) - dd7ecda3-b896-473f-b1b1-402e04ac6960@group-E5593941F623-FollowerState: change to CANDIDATE, lastRpcElapsedTime:5137586723ns, electionTimeout:5133ms
2021-01-12 17:05:03,986 [Thread-201] INFO  impl.RoleInfo (RoleInfo.java:shutdownFollowerState(108)) - dd7ecda3-b896-473f-b1b1-402e04ac6960: shutdown dd7ecda3-b896-473f-b1b1-402e04ac6960@group-E5593941F623-FollowerState
2021-01-12 17:05:03,986 [Thread-201] INFO  server.RaftServer$Division (RaftServerImpl.java:setRole(283)) - dd7ecda3-b896-473f-b1b1-402e04ac6960@group-E5593941F623: changes role from  FOLLOWER to CANDIDATE at term 0 for changeToCandidate
2021-01-12 17:05:03,986 [Thread-201] INFO  impl.RoleInfo (RoleInfo.java:updateAndGet(130)) - dd7ecda3-b896-473f-b1b1-402e04ac6960: start dd7ecda3-b896-473f-b1b1-402e04ac6960@group-E5593941F623-LeaderElection3
2021-01-12 17:05:03,987 [dd7ecda3-b896-473f-b1b1-402e04ac6960@group-E5593941F623-LeaderElection3] INFO  impl.LeaderElection (LeaderElection.java:askForPreVotes(259)) - dd7ecda3-b896-473f-b1b1-402e04ac6960@group-E5593941F623-LeaderElection3: begin a pre-vote at term 0 for -1: [2069f406-71d7-45f5-abaa-bef6e3da0a9b|rpc:172.17.0.2:35421|priority:1, dd7ecda3-b896-473f-b1b1-402e04ac6960|rpc:172.17.0.2:42437|priority:0, 4de2fc5c-9ef7-4df0-8518-9cb2cf92efa4|rpc:172.17.0.2:38135|priority:0], old=null
2021-01-12 17:05:04,011 [grpc-default-executor-0] INFO  server.RaftServer$Division (RaftServerImpl.java:requestPreVote(1060)) - 2069f406-71d7-45f5-abaa-bef6e3da0a9b@group-E5593941F623: receive preVote(dd7ecda3-b896-473f-b1b1-402e04ac6960, group-E5593941F623, 0, (t:0, i:0))
2021-01-12 17:05:04,012 [grpc-default-executor-0] INFO  server.RaftServer$Division (RaftServerImpl.java:requestPreVote(1083)) - 2069f406-71d7-45f5-abaa-bef6e3da0a9b@group-E5593941F623 role: FOLLOWER reject pre-vote from:dd7ecda3-b896-473f-b1b1-402e04ac6960 because compare:0 isCurrentLeaderValid:false
2021-01-12 17:05:04,014 [grpc-default-executor-0] INFO  server.RaftServer$Division (RaftServerImpl.java:requestPreVote(1099)) - 2069f406-71d7-45f5-abaa-bef6e3da0a9b@group-E5593941F623 replies to pre-vote request: dd7ecda3-b896-473f-b1b1-402e04ac6960<-2069f406-71d7-45f5-abaa-bef6e3da0a9b#0:FAIL-t0. Peer's state: 2069f406-71d7-45f5-abaa-bef6e3da0a9b@group-E5593941F623:t0, leader=null, voted=, raftlog=2069f406-71d7-45f5-abaa-bef6e3da0a9b@group-E5593941F623-SegmentedRaftLog:OPENED:c-1,f-1,i0, conf=-1: [2069f406-71d7-45f5-abaa-bef6e3da0a9b|rpc:172.17.0.2:35421|dataStream:|priority:1, dd7ecda3-b896-473f-b1b1-402e04ac6960|rpc:172.17.0.2:42437|dataStream:|priority:0, 4de2fc5c-9ef7-4df0-8518-9cb2cf92efa4|rpc:172.17.0.2:38135|dataStream:|priority:0], old=null
2021-01-12 17:05:04,018 [dd7ecda3-b896-473f-b1b1-402e04ac6960@group-E5593941F623-LeaderElection3] INFO  impl.LeaderElection (LeaderElection.java:logAndReturn(68)) - dd7ecda3-b896-473f-b1b1-402e04ac6960@group-E5593941F623-LeaderElection3: Pre-vote  REJECTED received 1 response(s):[dd7ecda3-b896-473f-b1b1-402e04ac6960<-2069f406-71d7-45f5-abaa-bef6e3da0a9b#0:FAIL-t0]
2021-01-12 17:05:04,019 [dd7ecda3-b896-473f-b1b1-402e04ac6960@group-E5593941F623-LeaderElection3] INFO  impl.LeaderElection (LeaderElection.java:askForPreVotes(261)) - dd7ecda3-b896-473f-b1b1-402e04ac6960@group-E5593941F623-LeaderElection3 pre-vote result is REJECTED.
2021-01-12 17:05:04,019 [dd7ecda3-b896-473f-b1b1-402e04ac6960@group-E5593941F623-LeaderElection3] INFO  server.RaftServer$Division (RaftServerImpl.java:setRole(283)) - dd7ecda3-b896-473f-b1b1-402e04ac6960@group-E5593941F623: changes role from CANDIDATE to FOLLOWER at term 0 for REJECTED
2021-01-12 17:05:04,019 [dd7ecda3-b896-473f-b1b1-402e04ac6960@group-E5593941F623-LeaderElection3] INFO  impl.RoleInfo (RoleInfo.java:shutdownLeaderElection(121)) - dd7ecda3-b896-473f-b1b1-402e04ac6960: shutdown dd7ecda3-b896-473f-b1b1-402e04ac6960@group-E5593941F623-LeaderElection3
2021-01-12 17:05:04,019 [dd7ecda3-b896-473f-b1b1-402e04ac6960@group-E5593941F623-LeaderElection3] INFO  impl.RoleInfo (RoleInfo.java:updateAndGet(130)) - dd7ecda3-b896-473f-b1b1-402e04ac6960: start dd7ecda3-b896-473f-b1b1-402e04ac6960@group-E5593941F623-FollowerState
2021-01-12 17:05:04,028 [grpc-default-executor-0] INFO  server.RaftServer$Division (RaftServerImpl.java:requestPreVote(1060)) - 4de2fc5c-9ef7-4df0-8518-9cb2cf92efa4@group-E5593941F623: receive preVote(dd7ecda3-b896-473f-b1b1-402e04ac6960, group-E5593941F623, 0, (t:0, i:0))
2021-01-12 17:05:04,029 [grpc-default-executor-0] INFO  server.RaftServer$Division (RaftServerImpl.java:requestPreVote(1081)) - 4de2fc5c-9ef7-4df0-8518-9cb2cf92efa4@group-E5593941F623 role: FOLLOWER allow pre-vote from:dd7ecda3-b896-473f-b1b1-402e04ac6960
2021-01-12 17:05:04,030 [grpc-default-executor-0] INFO  server.RaftServer$Division (RaftServerImpl.java:requestPreVote(1099)) - 4de2fc5c-9ef7-4df0-8518-9cb2cf92efa4@group-E5593941F623 replies to pre-vote request: dd7ecda3-b896-473f-b1b1-402e04ac6960<-4de2fc5c-9ef7-4df0-8518-9cb2cf92efa4#0:OK-t0. Peer's state: 4de2fc5c-9ef7-4df0-8518-9cb2cf92efa4@group-E5593941F623:t0, leader=null, voted=, raftlog=4de2fc5c-9ef7-4df0-8518-9cb2cf92efa4@group-E5593941F623-SegmentedRaftLog:OPENED:c-1,f-1,i0, conf=-1: [2069f406-71d7-45f5-abaa-bef6e3da0a9b|rpc:172.17.0.2:35421|priority:1, dd7ecda3-b896-473f-b1b1-402e04ac6960|rpc:172.17.0.2:42437|priority:0, 4de2fc5c-9ef7-4df0-8518-9cb2cf92efa4|rpc:172.17.0.2:38135|priority:0], old=null
2021-01-12 17:05:04,319 [Thread-203] INFO  impl.FollowerState (FollowerState.java:run(133)) - 4de2fc5c-9ef7-4df0-8518-9cb2cf92efa4@group-54FF71B85834-FollowerState: change to CANDIDATE, lastRpcElapsedTime:5019947811ns, electionTimeout:5013ms
2021-01-12 17:05:04,319 [Thread-203] INFO  impl.RoleInfo (RoleInfo.java:shutdownFollowerState(108)) - 4de2fc5c-9ef7-4df0-8518-9cb2cf92efa4: shutdown 4de2fc5c-9ef7-4df0-8518-9cb2cf92efa4@group-54FF71B85834-FollowerState
2021-01-12 17:05:04,319 [Thread-203] INFO  server.RaftServer$Division (RaftServerImpl.java:setRole(283)) - 4de2fc5c-9ef7-4df0-8518-9cb2cf92efa4@group-54FF71B85834: changes role from  FOLLOWER to CANDIDATE at term 0 for changeToCandidate
2021-01-12 17:05:04,319 [Thread-203] INFO  impl.RoleInfo (RoleInfo.java:updateAndGet(130)) - 4de2fc5c-9ef7-4df0-8518-9cb2cf92efa4: start 4de2fc5c-9ef7-4df0-8518-9cb2cf92efa4@group-54FF71B85834-LeaderElection4
2021-01-12 17:05:04,327 [4de2fc5c-9ef7-4df0-8518-9cb2cf92efa4@group-54FF71B85834-LeaderElection4] INFO  impl.LeaderElection (LeaderElection.java:askForPreVotes(259)) - 4de2fc5c-9ef7-4df0-8518-9cb2cf92efa4@group-54FF71B85834-LeaderElection4: begin a pre-vote at term 0 for -1: [4de2fc5c-9ef7-4df0-8518-9cb2cf92efa4|rpc:172.17.0.2:38135|priority:1], old=null
2021-01-12 17:05:04,327 [4de2fc5c-9ef7-4df0-8518-9cb2cf92efa4@group-54FF71B85834-LeaderElection4] INFO  impl.LeaderElection (LeaderElection.java:askForPreVotes(261)) - 4de2fc5c-9ef7-4df0-8518-9cb2cf92efa4@group-54FF71B85834-LeaderElection4 pre-vote result is PASSED.
2021-01-12 17:05:04,330 [4de2fc5c-9ef7-4df0-8518-9cb2cf92efa4@group-54FF71B85834-LeaderElection4] INFO  impl.LeaderElection (LeaderElection.java:askForVotes(308)) - 4de2fc5c-9ef7-4df0-8518-9cb2cf92efa4@group-54FF71B85834-LeaderElection4: begin an election at term 1 for -1: [4de2fc5c-9ef7-4df0-8518-9cb2cf92efa4|rpc:172.17.0.2:38135|priority:1], old=null
2021-01-12 17:05:04,330 [4de2fc5c-9ef7-4df0-8518-9cb2cf92efa4@group-54FF71B85834-LeaderElection4] INFO  impl.RoleInfo (RoleInfo.java:shutdownLeaderElection(121)) - 4de2fc5c-9ef7-4df0-8518-9cb2cf92efa4: shutdown 4de2fc5c-9ef7-4df0-8518-9cb2cf92efa4@group-54FF71B85834-LeaderElection4
2021-01-12 17:05:04,330 [4de2fc5c-9ef7-4df0-8518-9cb2cf92efa4@group-54FF71B85834-LeaderElection4] INFO  server.RaftServer$Division (RaftServerImpl.java:setRole(283)) - 4de2fc5c-9ef7-4df0-8518-9cb2cf92efa4@group-54FF71B85834: changes role from CANDIDATE to LEADER at term 1 for changeToLeader
2021-01-12 17:05:04,330 [4de2fc5c-9ef7-4df0-8518-9cb2cf92efa4@group-54FF71B85834-LeaderElection4] INFO  ratis.XceiverServerRatis (XceiverServerRatis.java:handleLeaderChangedNotification(868)) - Leader change notification received for group: group-54FF71B85834 with new leaderId: 4de2fc5c-9ef7-4df0-8518-9cb2cf92efa4
2021-01-12 17:05:04,331 [4de2fc5c-9ef7-4df0-8518-9cb2cf92efa4@group-54FF71B85834-LeaderElection4] INFO  server.RaftServer$Division (ServerState.java:setLeader(249)) - 4de2fc5c-9ef7-4df0-8518-9cb2cf92efa4@group-54FF71B85834: change Leader from null to 4de2fc5c-9ef7-4df0-8518-9cb2cf92efa4 at term 1 for becomeLeader, leader elected after 5190ms
2021-01-12 17:05:04,331 [4de2fc5c-9ef7-4df0-8518-9cb2cf92efa4@group-54FF71B85834-LeaderElection4] INFO  server.RaftServerConfigKeys (ConfUtils.java:logGet(44)) - raft.server.staging.catchup.gap = 1000 (default)
2021-01-12 17:05:04,332 [EventQueue-OpenPipelineForHealthyPipelineSafeModeRule] INFO  safemode.SCMSafeModeManager (HealthyPipelineSafeModeRule.java:process(128)) - SCM in safe mode. Healthy pipelines reported count is 0, required healthy pipeline reported count is 1
2021-01-12 17:05:04,331 [EventQueue-PipelineReportForOneReplicaPipelineSafeModeRule] INFO  safemode.SCMSafeModeManager (SCMSafeModeManager.java:validateSafeModeExitRules(214)) - AtleastOneDatanodeReportedRule rule is successfully validated
2021-01-12 17:05:04,332 [4de2fc5c-9ef7-4df0-8518-9cb2cf92efa4@group-54FF71B85834-LeaderElection4] INFO  metrics.RatisMetrics (RatisMetrics.java:lambda$create$0(36)) - Creating Metrics Registry : ratis.log_appender.4de2fc5c-9ef7-4df0-8518-9cb2cf92efa4@group-54FF71B85834
2021-01-12 17:05:04,332 [4de2fc5c-9ef7-4df0-8518-9cb2cf92efa4@group-54FF71B85834-LeaderElection4] INFO  server.RaftServerConfigKeys (ConfUtils.java:logGet(44)) - raft.server.write.element-limit = 1024 (custom)
2021-01-12 17:05:04,332 [4de2fc5c-9ef7-4df0-8518-9cb2cf92efa4@group-54FF71B85834-LeaderElection4] INFO  server.RaftServerConfigKeys (ConfUtils.java:logGet(44)) - raft.server.write.byte-limit = 1073741824 (custom)
2021-01-12 17:05:04,333 [4de2fc5c-9ef7-4df0-8518-9cb2cf92efa4@group-54FF71B85834-LeaderElection4] INFO  server.RaftServerConfigKeys (ConfUtils.java:logGet(44)) - raft.server.watch.timeout = 180s (custom)
2021-01-12 17:05:04,333 [4de2fc5c-9ef7-4df0-8518-9cb2cf92efa4@group-54FF71B85834-LeaderElection4] INFO  server.RaftServerConfigKeys (ConfUtils.java:logGet(44)) - raft.server.watch.timeout.denomination = 1s (default)
2021-01-12 17:05:04,333 [4de2fc5c-9ef7-4df0-8518-9cb2cf92efa4@group-54FF71B85834-LeaderElection4] INFO  server.RaftServerConfigKeys (ConfUtils.java:logGet(44)) - raft.server.watch.element-limit = 65536 (default)
2021-01-12 17:05:04,333 [4de2fc5c-9ef7-4df0-8518-9cb2cf92efa4@group-54FF71B85834-LeaderElection4] INFO  impl.RoleInfo (RoleInfo.java:updateAndGet(130)) - 4de2fc5c-9ef7-4df0-8518-9cb2cf92efa4: start 4de2fc5c-9ef7-4df0-8518-9cb2cf92efa4@group-54FF71B85834-LeaderStateImpl
2021-01-12 17:05:04,333 [4de2fc5c-9ef7-4df0-8518-9cb2cf92efa4@group-54FF71B85834-LeaderElection4] INFO  segmented.SegmentedRaftLogWorker (SegmentedRaftLogWorker.java:startLogSegment(392)) - 4de2fc5c-9ef7-4df0-8518-9cb2cf92efa4@group-54FF71B85834-SegmentedRaftLogWorker: Starting segment from index:0
2021-01-12 17:05:04,335 [4de2fc5c-9ef7-4df0-8518-9cb2cf92efa4@group-54FF71B85834-SegmentedRaftLogWorker] INFO  segmented.SegmentedRaftLogWorker (SegmentedRaftLogWorker.java:execute(599)) - 4de2fc5c-9ef7-4df0-8518-9cb2cf92efa4@group-54FF71B85834-SegmentedRaftLogWorker: created new log segment /github/workspace/mnt/ozone/hadoop-ozone/integration-test/target/test-dir/MiniOzoneClusterImpl-cb34e439-7967-4e12-9ea2-a7af50442216/datanode-1/data/ratis/9069073d-f37e-4f90-a04b-54ff71b85834/current/log_inprogress_0
2021-01-12 17:05:04,342 [4de2fc5c-9ef7-4df0-8518-9cb2cf92efa4@group-54FF71B85834-LeaderElection4] INFO  server.RaftServer$Division (ServerState.java:setRaftConf(368)) - 4de2fc5c-9ef7-4df0-8518-9cb2cf92efa4@group-54FF71B85834: set configuration 0: [4de2fc5c-9ef7-4df0-8518-9cb2cf92efa4|rpc:172.17.0.2:38135|dataStream:|priority:1], old=null
2021-01-12 17:05:04,511 [EventQueue-PipelineReportForOneReplicaPipelineSafeModeRule] INFO  safemode.SCMSafeModeManager (SCMSafeModeManager.java:validateSafeModeExitRules(214)) - AtleastOneDatanodeReportedRule rule is successfully validated
2021-01-12 17:05:04,511 [EventQueue-OpenPipelineForHealthyPipelineSafeModeRule] INFO  safemode.SCMSafeModeManager (HealthyPipelineSafeModeRule.java:process(128)) - SCM in safe mode. Healthy pipelines reported count is 0, required healthy pipeline reported count is 1
2021-01-12 17:05:04,536 [Thread-214] INFO  impl.FollowerState (FollowerState.java:run(133)) - 2069f406-71d7-45f5-abaa-bef6e3da0a9b@group-EFC0334D5E7E-FollowerState: change to CANDIDATE, lastRpcElapsedTime:5016314890ns, electionTimeout:5012ms
2021-01-12 17:05:04,536 [Thread-214] INFO  impl.RoleInfo (RoleInfo.java:shutdownFollowerState(108)) - 2069f406-71d7-45f5-abaa-bef6e3da0a9b: shutdown 2069f406-71d7-45f5-abaa-bef6e3da0a9b@group-EFC0334D5E7E-FollowerState
2021-01-12 17:05:04,536 [Thread-214] INFO  server.RaftServer$Division (RaftServerImpl.java:setRole(283)) - 2069f406-71d7-45f5-abaa-bef6e3da0a9b@group-EFC0334D5E7E: changes role from  FOLLOWER to CANDIDATE at term 0 for changeToCandidate
2021-01-12 17:05:04,536 [Thread-214] INFO  impl.RoleInfo (RoleInfo.java:updateAndGet(130)) - 2069f406-71d7-45f5-abaa-bef6e3da0a9b: start 2069f406-71d7-45f5-abaa-bef6e3da0a9b@group-EFC0334D5E7E-LeaderElection5
2021-01-12 17:05:04,544 [2069f406-71d7-45f5-abaa-bef6e3da0a9b@group-EFC0334D5E7E-LeaderElection5] INFO  impl.LeaderElection (LeaderElection.java:askForPreVotes(259)) - 2069f406-71d7-45f5-abaa-bef6e3da0a9b@group-EFC0334D5E7E-LeaderElection5: begin a pre-vote at term 0 for -1: [2069f406-71d7-45f5-abaa-bef6e3da0a9b|rpc:172.17.0.2:35421|priority:0, dd7ecda3-b896-473f-b1b1-402e04ac6960|rpc:172.17.0.2:42437|priority:0, 4de2fc5c-9ef7-4df0-8518-9cb2cf92efa4|rpc:172.17.0.2:38135|priority:1], old=null
2021-01-12 17:05:04,562 [grpc-default-executor-0] INFO  server.RaftServer$Division (RaftServerImpl.java:requestPreVote(1060)) - 4de2fc5c-9ef7-4df0-8518-9cb2cf92efa4@group-EFC0334D5E7E: receive preVote(2069f406-71d7-45f5-abaa-bef6e3da0a9b, group-EFC0334D5E7E, 0, (t:0, i:0))
2021-01-12 17:05:04,562 [grpc-default-executor-0] INFO  server.RaftServer$Division (RaftServerImpl.java:requestPreVote(1083)) - 4de2fc5c-9ef7-4df0-8518-9cb2cf92efa4@group-EFC0334D5E7E role: FOLLOWER reject pre-vote from:2069f406-71d7-45f5-abaa-bef6e3da0a9b because compare:0 isCurrentLeaderValid:false
2021-01-12 17:05:04,562 [grpc-default-executor-1] INFO  server.RaftServer$Division (RaftServerImpl.java:requestPreVote(1060)) - dd7ecda3-b896-473f-b1b1-402e04ac6960@group-EFC0334D5E7E: receive preVote(2069f406-71d7-45f5-abaa-bef6e3da0a9b, group-EFC0334D5E7E, 0, (t:0, i:0))
2021-01-12 17:05:04,563 [grpc-default-executor-1] INFO  server.RaftServer$Division (RaftServerImpl.java:requestPreVote(1081)) - dd7ecda3-b896-473f-b1b1-402e04ac6960@group-EFC0334D5E7E role: FOLLOWER allow pre-vote from:2069f406-71d7-45f5-abaa-bef6e3da0a9b
2021-01-12 17:05:04,563 [grpc-default-executor-0] INFO  server.RaftServer$Division (RaftServerImpl.java:requestPreVote(1099)) - 4de2fc5c-9ef7-4df0-8518-9cb2cf92efa4@group-EFC0334D5E7E replies to pre-vote request: 2069f406-71d7-45f5-abaa-bef6e3da0a9b<-4de2fc5c-9ef7-4df0-8518-9cb2cf92efa4#0:FAIL-t0. Peer's state: 4de2fc5c-9ef7-4df0-8518-9cb2cf92efa4@group-EFC0334D5E7E:t0, leader=null, voted=, raftlog=4de2fc5c-9ef7-4df0-8518-9cb2cf92efa4@group-EFC0334D5E7E-SegmentedRaftLog:OPENED:c-1,f-1,i0, conf=-1: [2069f406-71d7-45f5-abaa-bef6e3da0a9b|rpc:172.17.0.2:35421|priority:0, dd7ecda3-b896-473f-b1b1-402e04ac6960|rpc:172.17.0.2:42437|priority:0, 4de2fc5c-9ef7-4df0-8518-9cb2cf92efa4|rpc:172.17.0.2:38135|priority:1], old=null
2021-01-12 17:05:04,563 [grpc-default-executor-1] INFO  server.RaftServer$Division (RaftServerImpl.java:requestPreVote(1099)) - dd7ecda3-b896-473f-b1b1-402e04ac6960@group-EFC0334D5E7E replies to pre-vote request: 2069f406-71d7-45f5-abaa-bef6e3da0a9b<-dd7ecda3-b896-473f-b1b1-402e04ac6960#0:OK-t0. Peer's state: dd7ecda3-b896-473f-b1b1-402e04ac6960@group-EFC0334D5E7E:t0, leader=null, voted=, raftlog=dd7ecda3-b896-473f-b1b1-402e04ac6960@group-EFC0334D5E7E-SegmentedRaftLog:OPENED:c-1,f-1,i0, conf=-1: [2069f406-71d7-45f5-abaa-bef6e3da0a9b|rpc:172.17.0.2:35421|priority:0, dd7ecda3-b896-473f-b1b1-402e04ac6960|rpc:172.17.0.2:42437|priority:0, 4de2fc5c-9ef7-4df0-8518-9cb2cf92efa4|rpc:172.17.0.2:38135|priority:1], old=null
2021-01-12 17:05:04,565 [2069f406-71d7-45f5-abaa-bef6e3da0a9b@group-EFC0334D5E7E-LeaderElection5] INFO  impl.LeaderElection (LeaderElection.java:logAndReturn(68)) - 2069f406-71d7-45f5-abaa-bef6e3da0a9b@group-EFC0334D5E7E-LeaderElection5: Pre-vote  REJECTED received 1 response(s):[2069f406-71d7-45f5-abaa-bef6e3da0a9b<-4de2fc5c-9ef7-4df0-8518-9cb2cf92efa4#0:FAIL-t0]
2021-01-12 17:05:04,569 [2069f406-71d7-45f5-abaa-bef6e3da0a9b@group-EFC0334D5E7E-LeaderElection5] INFO  impl.LeaderElection (LeaderElection.java:askForPreVotes(261)) - 2069f406-71d7-45f5-abaa-bef6e3da0a9b@group-EFC0334D5E7E-LeaderElection5 pre-vote result is REJECTED.
2021-01-12 17:05:04,569 [2069f406-71d7-45f5-abaa-bef6e3da0a9b@group-EFC0334D5E7E-LeaderElection5] INFO  server.RaftServer$Division (RaftServerImpl.java:setRole(283)) - 2069f406-71d7-45f5-abaa-bef6e3da0a9b@group-EFC0334D5E7E: changes role from CANDIDATE to FOLLOWER at term 0 for REJECTED
2021-01-12 17:05:04,570 [2069f406-71d7-45f5-abaa-bef6e3da0a9b@group-EFC0334D5E7E-LeaderElection5] INFO  impl.RoleInfo (RoleInfo.java:shutdownLeaderElection(121)) - 2069f406-71d7-45f5-abaa-bef6e3da0a9b: shutdown 2069f406-71d7-45f5-abaa-bef6e3da0a9b@group-EFC0334D5E7E-LeaderElection5
2021-01-12 17:05:04,570 [2069f406-71d7-45f5-abaa-bef6e3da0a9b@group-EFC0334D5E7E-LeaderElection5] INFO  impl.RoleInfo (RoleInfo.java:updateAndGet(130)) - 2069f406-71d7-45f5-abaa-bef6e3da0a9b: start 2069f406-71d7-45f5-abaa-bef6e3da0a9b@group-EFC0334D5E7E-FollowerState
2021-01-12 17:05:04,576 [Listener at 127.0.0.1/37433] INFO  ozone.MiniOzoneClusterImpl (MiniOzoneClusterImpl.java:lambda$waitForClusterToBeReady$0(179)) - Nodes are ready. Got 4 of 4 DN Heartbeats.
2021-01-12 17:05:04,577 [Listener at 127.0.0.1/37433] INFO  ozone.MiniOzoneClusterImpl (MiniOzoneClusterImpl.java:lambda$waitForClusterToBeReady$0(182)) - Waiting for cluster to exit safe mode
2021-01-12 17:05:04,607 [EventQueue-OpenPipelineForHealthyPipelineSafeModeRule] INFO  safemode.SCMSafeModeManager (HealthyPipelineSafeModeRule.java:process(128)) - SCM in safe mode. Healthy pipelines reported count is 0, required healthy pipeline reported count is 1
2021-01-12 17:05:04,607 [EventQueue-PipelineReportForOneReplicaPipelineSafeModeRule] INFO  safemode.SCMSafeModeManager (SCMSafeModeManager.java:validateSafeModeExitRules(214)) - AtleastOneDatanodeReportedRule rule is successfully validated
2021-01-12 17:05:04,608 [Thread-209] INFO  impl.FollowerState (FollowerState.java:run(133)) - 2069f406-71d7-45f5-abaa-bef6e3da0a9b@group-A34531B3FF60-FollowerState: change to CANDIDATE, lastRpcElapsedTime:5140775236ns, electionTimeout:5126ms
2021-01-12 17:05:04,608 [Thread-209] INFO  impl.RoleInfo (RoleInfo.java:shutdownFollowerState(108)) - 2069f406-71d7-45f5-abaa-bef6e3da0a9b: shutdown 2069f406-71d7-45f5-abaa-bef6e3da0a9b@group-A34531B3FF60-FollowerState
2021-01-12 17:05:04,608 [Thread-209] INFO  server.RaftServer$Division (RaftServerImpl.java:setRole(283)) - 2069f406-71d7-45f5-abaa-bef6e3da0a9b@group-A34531B3FF60: changes role from  FOLLOWER to CANDIDATE at term 0 for changeToCandidate
2021-01-12 17:05:04,608 [Thread-209] INFO  impl.RoleInfo (RoleInfo.java:updateAndGet(130)) - 2069f406-71d7-45f5-abaa-bef6e3da0a9b: start 2069f406-71d7-45f5-abaa-bef6e3da0a9b@group-A34531B3FF60-LeaderElection6
2021-01-12 17:05:04,611 [Thread-210] INFO  impl.FollowerState (FollowerState.java:run(133)) - 2069f406-71d7-45f5-abaa-bef6e3da0a9b@group-E5593941F623-FollowerState: change to CANDIDATE, lastRpcElapsedTime:5128287171ns, electionTimeout:5121ms
2021-01-12 17:05:04,611 [Thread-210] INFO  impl.RoleInfo (RoleInfo.java:shutdownFollowerState(108)) - 2069f406-71d7-45f5-abaa-bef6e3da0a9b: shutdown 2069f406-71d7-45f5-abaa-bef6e3da0a9b@group-E5593941F623-FollowerState
2021-01-12 17:05:04,611 [Thread-210] INFO  server.RaftServer$Division (RaftServerImpl.java:setRole(283)) - 2069f406-71d7-45f5-abaa-bef6e3da0a9b@group-E5593941F623: changes role from  FOLLOWER to CANDIDATE at term 0 for changeToCandidate
2021-01-12 17:05:04,611 [Thread-210] INFO  impl.RoleInfo (RoleInfo.java:updateAndGet(130)) - 2069f406-71d7-45f5-abaa-bef6e3da0a9b: start 2069f406-71d7-45f5-abaa-bef6e3da0a9b@group-E5593941F623-LeaderElection7
2021-01-12 17:05:04,613 [2069f406-71d7-45f5-abaa-bef6e3da0a9b@group-A34531B3FF60-LeaderElection6] INFO  impl.LeaderElection (LeaderElection.java:askForPreVotes(259)) - 2069f406-71d7-45f5-abaa-bef6e3da0a9b@group-A34531B3FF60-LeaderElection6: begin a pre-vote at term 0 for -1: [2069f406-71d7-45f5-abaa-bef6e3da0a9b|rpc:172.17.0.2:35421|priority:1], old=null
2021-01-12 17:05:04,613 [2069f406-71d7-45f5-abaa-bef6e3da0a9b@group-A34531B3FF60-LeaderElection6] INFO  impl.LeaderElection (LeaderElection.java:askForPreVotes(261)) - 2069f406-71d7-45f5-abaa-bef6e3da0a9b@group-A34531B3FF60-LeaderElection6 pre-vote result is PASSED.
2021-01-12 17:05:04,613 [2069f406-71d7-45f5-abaa-bef6e3da0a9b@group-E5593941F623-LeaderElection7] INFO  impl.LeaderElection (LeaderElection.java:askForPreVotes(259)) - 2069f406-71d7-45f5-abaa-bef6e3da0a9b@group-E5593941F623-LeaderElection7: begin a pre-vote at term 0 for -1: [2069f406-71d7-45f5-abaa-bef6e3da0a9b|rpc:172.17.0.2:35421|dataStream:|priority:1, dd7ecda3-b896-473f-b1b1-402e04ac6960|rpc:172.17.0.2:42437|dataStream:|priority:0, 4de2fc5c-9ef7-4df0-8518-9cb2cf92efa4|rpc:172.17.0.2:38135|dataStream:|priority:0], old=null
2021-01-12 17:05:04,615 [2069f406-71d7-45f5-abaa-bef6e3da0a9b@group-A34531B3FF60-LeaderElection6] INFO  impl.LeaderElection (LeaderElection.java:askForVotes(308)) - 2069f406-71d7-45f5-abaa-bef6e3da0a9b@group-A34531B3FF60-LeaderElection6: begin an election at term 1 for -1: [2069f406-71d7-45f5-abaa-bef6e3da0a9b|rpc:172.17.0.2:35421|priority:1], old=null
2021-01-12 17:05:04,615 [2069f406-71d7-45f5-abaa-bef6e3da0a9b@group-A34531B3FF60-LeaderElection6] INFO  impl.RoleInfo (RoleInfo.java:shutdownLeaderElection(121)) - 2069f406-71d7-45f5-abaa-bef6e3da0a9b: shutdown 2069f406-71d7-45f5-abaa-bef6e3da0a9b@group-A34531B3FF60-LeaderElection6
2021-01-12 17:05:04,615 [2069f406-71d7-45f5-abaa-bef6e3da0a9b@group-A34531B3FF60-LeaderElection6] INFO  server.RaftServer$Division (RaftServerImpl.java:setRole(283)) - 2069f406-71d7-45f5-abaa-bef6e3da0a9b@group-A34531B3FF60: changes role from CANDIDATE to LEADER at term 1 for changeToLeader
2021-01-12 17:05:04,616 [2069f406-71d7-45f5-abaa-bef6e3da0a9b@group-A34531B3FF60-LeaderElection6] INFO  ratis.XceiverServerRatis (XceiverServerRatis.java:handleLeaderChangedNotification(868)) - Leader change notification received for group: group-A34531B3FF60 with new leaderId: 2069f406-71d7-45f5-abaa-bef6e3da0a9b
2021-01-12 17:05:04,616 [2069f406-71d7-45f5-abaa-bef6e3da0a9b@group-A34531B3FF60-LeaderElection6] INFO  server.RaftServer$Division (ServerState.java:setLeader(249)) - 2069f406-71d7-45f5-abaa-bef6e3da0a9b@group-A34531B3FF60: change Leader from null to 2069f406-71d7-45f5-abaa-bef6e3da0a9b at term 1 for becomeLeader, leader elected after 5201ms
2021-01-12 17:05:04,616 [2069f406-71d7-45f5-abaa-bef6e3da0a9b@group-A34531B3FF60-LeaderElection6] INFO  server.RaftServerConfigKeys (ConfUtils.java:logGet(44)) - raft.server.staging.catchup.gap = 1000 (default)
2021-01-12 17:05:04,616 [2069f406-71d7-45f5-abaa-bef6e3da0a9b@group-A34531B3FF60-LeaderElection6] INFO  metrics.RatisMetrics (RatisMetrics.java:lambda$create$0(36)) - Creating Metrics Registry : ratis.log_appender.2069f406-71d7-45f5-abaa-bef6e3da0a9b@group-A34531B3FF60
2021-01-12 17:05:04,616 [2069f406-71d7-45f5-abaa-bef6e3da0a9b@group-A34531B3FF60-LeaderElection6] INFO  server.RaftServerConfigKeys (ConfUtils.java:logGet(44)) - raft.server.write.element-limit = 1024 (custom)
2021-01-12 17:05:04,616 [2069f406-71d7-45f5-abaa-bef6e3da0a9b@group-A34531B3FF60-LeaderElection6] INFO  server.RaftServerConfigKeys (ConfUtils.java:logGet(44)) - raft.server.write.byte-limit = 1073741824 (custom)
2021-01-12 17:05:04,616 [2069f406-71d7-45f5-abaa-bef6e3da0a9b@group-A34531B3FF60-LeaderElection6] INFO  server.RaftServerConfigKeys (ConfUtils.java:logGet(44)) - raft.server.watch.timeout = 180s (custom)
2021-01-12 17:05:04,616 [2069f406-71d7-45f5-abaa-bef6e3da0a9b@group-A34531B3FF60-LeaderElection6] INFO  server.RaftServerConfigKeys (ConfUtils.java:logGet(44)) - raft.server.watch.timeout.denomination = 1s (default)
2021-01-12 17:05:04,616 [2069f406-71d7-45f5-abaa-bef6e3da0a9b@group-A34531B3FF60-LeaderElection6] INFO  server.RaftServerConfigKeys (ConfUtils.java:logGet(44)) - raft.server.watch.element-limit = 65536 (default)
2021-01-12 17:05:04,617 [2069f406-71d7-45f5-abaa-bef6e3da0a9b@group-A34531B3FF60-LeaderElection6] INFO  impl.RoleInfo (RoleInfo.java:updateAndGet(130)) - 2069f406-71d7-45f5-abaa-bef6e3da0a9b: start 2069f406-71d7-45f5-abaa-bef6e3da0a9b@group-A34531B3FF60-LeaderStateImpl
2021-01-12 17:05:04,617 [2069f406-71d7-45f5-abaa-bef6e3da0a9b@group-A34531B3FF60-LeaderElection6] INFO  segmented.SegmentedRaftLogWorker (SegmentedRaftLogWorker.java:startLogSegment(392)) - 2069f406-71d7-45f5-abaa-bef6e3da0a9b@group-A34531B3FF60-SegmentedRaftLogWorker: Starting segment from index:0
2021-01-12 17:05:04,626 [EventQueue-OpenPipelineForHealthyPipelineSafeModeRule] INFO  safemode.SCMSafeModeManager (HealthyPipelineSafeModeRule.java:process(128)) - SCM in safe mode. Healthy pipelines reported count is 0, required healthy pipeline reported count is 1
2021-01-12 17:05:04,627 [grpc-default-executor-0] INFO  server.RaftServer$Division (RaftServerImpl.java:requestPreVote(1060)) - 4de2fc5c-9ef7-4df0-8518-9cb2cf92efa4@group-E5593941F623: receive preVote(2069f406-71d7-45f5-abaa-bef6e3da0a9b, group-E5593941F623, 0, (t:0, i:0))
2021-01-12 17:05:04,627 [grpc-default-executor-0] INFO  server.RaftServer$Division (RaftServerImpl.java:requestPreVote(1081)) - 4de2fc5c-9ef7-4df0-8518-9cb2cf92efa4@group-E5593941F623 role: FOLLOWER allow pre-vote from:2069f406-71d7-45f5-abaa-bef6e3da0a9b
2021-01-12 17:05:04,627 [grpc-default-executor-0] INFO  server.RaftServer$Division (RaftServerImpl.java:requestPreVote(1099)) - 4de2fc5c-9ef7-4df0-8518-9cb2cf92efa4@group-E5593941F623 replies to pre-vote request: 2069f406-71d7-45f5-abaa-bef6e3da0a9b<-4de2fc5c-9ef7-4df0-8518-9cb2cf92efa4#0:OK-t0. Peer's state: 4de2fc5c-9ef7-4df0-8518-9cb2cf92efa4@group-E5593941F623:t0, leader=null, voted=, raftlog=4de2fc5c-9ef7-4df0-8518-9cb2cf92efa4@group-E5593941F623-SegmentedRaftLog:OPENED:c-1,f-1,i0, conf=-1: [2069f406-71d7-45f5-abaa-bef6e3da0a9b|rpc:172.17.0.2:35421|priority:1, dd7ecda3-b896-473f-b1b1-402e04ac6960|rpc:172.17.0.2:42437|priority:0, 4de2fc5c-9ef7-4df0-8518-9cb2cf92efa4|rpc:172.17.0.2:38135|priority:0], old=null
2021-01-12 17:05:04,627 [EventQueue-PipelineReportForOneReplicaPipelineSafeModeRule] INFO  safemode.SCMSafeModeManager (SCMSafeModeManager.java:validateSafeModeExitRules(214)) - AtleastOneDatanodeReportedRule rule is successfully validated
2021-01-12 17:05:04,628 [2069f406-71d7-45f5-abaa-bef6e3da0a9b@group-A34531B3FF60-LeaderElection6] INFO  server.RaftServer$Division (ServerState.java:setRaftConf(368)) - 2069f406-71d7-45f5-abaa-bef6e3da0a9b@group-A34531B3FF60: set configuration 0: [2069f406-71d7-45f5-abaa-bef6e3da0a9b|rpc:172.17.0.2:35421|dataStream:|priority:1], old=null
2021-01-12 17:05:04,630 [2069f406-71d7-45f5-abaa-bef6e3da0a9b@group-E5593941F623-LeaderElection7] INFO  impl.LeaderElection (LeaderElection.java:logAndReturn(68)) - 2069f406-71d7-45f5-abaa-bef6e3da0a9b@group-E5593941F623-LeaderElection7: Pre-vote  PASSED received 1 response(s):[2069f406-71d7-45f5-abaa-bef6e3da0a9b<-4de2fc5c-9ef7-4df0-8518-9cb2cf92efa4#0:OK-t0]
2021-01-12 17:05:04,632 [2069f406-71d7-45f5-abaa-bef6e3da0a9b@group-E5593941F623-LeaderElection7] INFO  impl.LeaderElection (LeaderElection.java:askForPreVotes(261)) - 2069f406-71d7-45f5-abaa-bef6e3da0a9b@group-E5593941F623-LeaderElection7 pre-vote result is PASSED.
2021-01-12 17:05:04,629 [grpc-default-executor-0] INFO  server.RaftServer$Division (RaftServerImpl.java:requestPreVote(1060)) - dd7ecda3-b896-473f-b1b1-402e04ac6960@group-E5593941F623: receive preVote(2069f406-71d7-45f5-abaa-bef6e3da0a9b, group-E5593941F623, 0, (t:0, i:0))
2021-01-12 17:05:04,632 [grpc-default-executor-0] INFO  server.RaftServer$Division (RaftServerImpl.java:requestPreVote(1081)) - dd7ecda3-b896-473f-b1b1-402e04ac6960@group-E5593941F623 role: FOLLOWER allow pre-vote from:2069f406-71d7-45f5-abaa-bef6e3da0a9b
2021-01-12 17:05:04,628 [2069f406-71d7-45f5-abaa-bef6e3da0a9b@group-A34531B3FF60-SegmentedRaftLogWorker] INFO  segmented.SegmentedRaftLogWorker (SegmentedRaftLogWorker.java:execute(599)) - 2069f406-71d7-45f5-abaa-bef6e3da0a9b@group-A34531B3FF60-SegmentedRaftLogWorker: created new log segment /github/workspace/mnt/ozone/hadoop-ozone/integration-test/target/test-dir/MiniOzoneClusterImpl-cb34e439-7967-4e12-9ea2-a7af50442216/datanode-2/data/ratis/5c789aa5-d9a5-432a-b73e-a34531b3ff60/current/log_inprogress_0
2021-01-12 17:05:04,633 [2069f406-71d7-45f5-abaa-bef6e3da0a9b@group-E5593941F623-LeaderElection7] INFO  impl.LeaderElection (LeaderElection.java:askForVotes(308)) - 2069f406-71d7-45f5-abaa-bef6e3da0a9b@group-E5593941F623-LeaderElection7: begin an election at term 1 for -1: [2069f406-71d7-45f5-abaa-bef6e3da0a9b|rpc:172.17.0.2:35421|dataStream:|priority:1, dd7ecda3-b896-473f-b1b1-402e04ac6960|rpc:172.17.0.2:42437|dataStream:|priority:0, 4de2fc5c-9ef7-4df0-8518-9cb2cf92efa4|rpc:172.17.0.2:38135|dataStream:|priority:0], old=null
2021-01-12 17:05:04,633 [grpc-default-executor-0] INFO  server.RaftServer$Division (RaftServerImpl.java:requestPreVote(1099)) - dd7ecda3-b896-473f-b1b1-402e04ac6960@group-E5593941F623 replies to pre-vote request: 2069f406-71d7-45f5-abaa-bef6e3da0a9b<-dd7ecda3-b896-473f-b1b1-402e04ac6960#0:OK-t0. Peer's state: dd7ecda3-b896-473f-b1b1-402e04ac6960@group-E5593941F623:t0, leader=null, voted=, raftlog=dd7ecda3-b896-473f-b1b1-402e04ac6960@group-E5593941F623-SegmentedRaftLog:OPENED:c-1,f-1,i0, conf=-1: [2069f406-71d7-45f5-abaa-bef6e3da0a9b|rpc:172.17.0.2:35421|priority:1, dd7ecda3-b896-473f-b1b1-402e04ac6960|rpc:172.17.0.2:42437|priority:0, 4de2fc5c-9ef7-4df0-8518-9cb2cf92efa4|rpc:172.17.0.2:38135|priority:0], old=null
2021-01-12 17:05:04,633 [Thread-218] INFO  impl.FollowerState (FollowerState.java:run(133)) - 0f0c9c6f-917b-4a29-8208-9d3fe19e68b7@group-D337BD890C19-FollowerState: change to CANDIDATE, lastRpcElapsedTime:5014524781ns, electionTimeout:5006ms
2021-01-12 17:05:04,637 [Thread-218] INFO  impl.RoleInfo (RoleInfo.java:shutdownFollowerState(108)) - 0f0c9c6f-917b-4a29-8208-9d3fe19e68b7: shutdown 0f0c9c6f-917b-4a29-8208-9d3fe19e68b7@group-D337BD890C19-FollowerState
2021-01-12 17:05:04,637 [Thread-218] INFO  server.RaftServer$Division (RaftServerImpl.java:setRole(283)) - 0f0c9c6f-917b-4a29-8208-9d3fe19e68b7@group-D337BD890C19: changes role from  FOLLOWER to CANDIDATE at term 0 for changeToCandidate
2021-01-12 17:05:04,637 [Thread-218] INFO  impl.RoleInfo (RoleInfo.java:updateAndGet(130)) - 0f0c9c6f-917b-4a29-8208-9d3fe19e68b7: start 0f0c9c6f-917b-4a29-8208-9d3fe19e68b7@group-D337BD890C19-LeaderElection8
2021-01-12 17:05:04,645 [0f0c9c6f-917b-4a29-8208-9d3fe19e68b7@group-D337BD890C19-LeaderElection8] INFO  impl.LeaderElection (LeaderElection.java:askForPreVotes(259)) - 0f0c9c6f-917b-4a29-8208-9d3fe19e68b7@group-D337BD890C19-LeaderElection8: begin a pre-vote at term 0 for -1: [0f0c9c6f-917b-4a29-8208-9d3fe19e68b7|rpc:172.17.0.2:42871|priority:1], old=null
2021-01-12 17:05:04,645 [0f0c9c6f-917b-4a29-8208-9d3fe19e68b7@group-D337BD890C19-LeaderElection8] INFO  impl.LeaderElection (LeaderElection.java:askForPreVotes(261)) - 0f0c9c6f-917b-4a29-8208-9d3fe19e68b7@group-D337BD890C19-LeaderElection8 pre-vote result is PASSED.
2021-01-12 17:05:04,645 [grpc-default-executor-0] INFO  server.RaftServer$Division (RaftServerImpl.java:setRole(283)) - dd7ecda3-b896-473f-b1b1-402e04ac6960@group-E5593941F623: changes role from  FOLLOWER to FOLLOWER at term 1 for recognizeCandidate:2069f406-71d7-45f5-abaa-bef6e3da0a9b
2021-01-12 17:05:04,645 [grpc-default-executor-0] INFO  impl.RoleInfo (RoleInfo.java:shutdownFollowerState(108)) - dd7ecda3-b896-473f-b1b1-402e04ac6960: shutdown dd7ecda3-b896-473f-b1b1-402e04ac6960@group-E5593941F623-FollowerState
2021-01-12 17:05:04,645 [grpc-default-executor-0] INFO  impl.RoleInfo (RoleInfo.java:updateAndGet(130)) - dd7ecda3-b896-473f-b1b1-402e04ac6960: start dd7ecda3-b896-473f-b1b1-402e04ac6960@group-E5593941F623-FollowerState
2021-01-12 17:05:04,646 [Thread-233] INFO  impl.FollowerState (FollowerState.java:run(142)) - dd7ecda3-b896-473f-b1b1-402e04ac6960@group-E5593941F623-FollowerState was interrupted: {}
java.lang.InterruptedException: sleep interrupted
	at java.lang.Thread.sleep(Native Method)
	at java.lang.Thread.sleep(Thread.java:340)
	at java.util.concurrent.TimeUnit.sleep(TimeUnit.java:386)
	at org.apache.ratis.util.TimeDuration.sleep(TimeDuration.java:324)
	at org.apache.ratis.util.TimeDuration.sleep(TimeDuration.java:309)
	at org.apache.ratis.server.impl.FollowerState.run(FollowerState.java:117)
2021-01-12 17:05:04,646 [grpc-default-executor-0] INFO  server.RaftServer$Division (RaftServerImpl.java:requestVote(1137)) -  FOLLOWER dd7ecda3-b896-473f-b1b1-402e04ac6960@group-E5593941F623:t1, leader=null, voted=null, raftlog=dd7ecda3-b896-473f-b1b1-402e04ac6960@group-E5593941F623-SegmentedRaftLog:OPENED:c-1,f-1,i0, conf=-1: [2069f406-71d7-45f5-abaa-bef6e3da0a9b|rpc:172.17.0.2:35421|priority:1, dd7ecda3-b896-473f-b1b1-402e04ac6960|rpc:172.17.0.2:42437|priority:0, 4de2fc5c-9ef7-4df0-8518-9cb2cf92efa4|rpc:172.17.0.2:38135|priority:0], old=null RUNNING priority:0 candidate:2069f406-71d7-45f5-abaa-bef6e3da0a9b|rpc:172.17.0.2:35421|priority:1 candidatePriority:1 compare:0
2021-01-12 17:05:04,648 [2069f406-71d7-45f5-abaa-bef6e3da0a9b@group-E5593941F623-LeaderElection7] INFO  impl.LeaderElection (LeaderElection.java:logAndReturn(68)) - 2069f406-71d7-45f5-abaa-bef6e3da0a9b@group-E5593941F623-LeaderElection7: Election  PASSED received 1 response(s):[2069f406-71d7-45f5-abaa-bef6e3da0a9b<-dd7ecda3-b896-473f-b1b1-402e04ac6960#0:OK-t1]
2021-01-12 17:05:04,648 [2069f406-71d7-45f5-abaa-bef6e3da0a9b@group-E5593941F623-LeaderElection7] INFO  impl.RoleInfo (RoleInfo.java:shutdownLeaderElection(121)) - 2069f406-71d7-45f5-abaa-bef6e3da0a9b: shutdown 2069f406-71d7-45f5-abaa-bef6e3da0a9b@group-E5593941F623-LeaderElection7
2021-01-12 17:05:04,648 [2069f406-71d7-45f5-abaa-bef6e3da0a9b@group-E5593941F623-LeaderElection7] INFO  server.RaftServer$Division (RaftServerImpl.java:setRole(283)) - 2069f406-71d7-45f5-abaa-bef6e3da0a9b@group-E5593941F623: changes role from CANDIDATE to LEADER at term 1 for changeToLeader
2021-01-12 17:05:04,648 [2069f406-71d7-45f5-abaa-bef6e3da0a9b@group-E5593941F623-LeaderElection7] INFO  ratis.XceiverServerRatis (XceiverServerRatis.java:handleLeaderChangedNotification(868)) - Leader change notification received for group: group-E5593941F623 with new leaderId: 2069f406-71d7-45f5-abaa-bef6e3da0a9b
2021-01-12 17:05:04,648 [2069f406-71d7-45f5-abaa-bef6e3da0a9b@group-E5593941F623-LeaderElection7] INFO  server.RaftServer$Division (ServerState.java:setLeader(249)) - 2069f406-71d7-45f5-abaa-bef6e3da0a9b@group-E5593941F623: change Leader from null to 2069f406-71d7-45f5-abaa-bef6e3da0a9b at term 1 for becomeLeader, leader elected after 5197ms
2021-01-12 17:05:04,648 [2069f406-71d7-45f5-abaa-bef6e3da0a9b@group-E5593941F623-LeaderElection7] INFO  server.RaftServerConfigKeys (ConfUtils.java:logGet(44)) - raft.server.staging.catchup.gap = 1000 (default)
2021-01-12 17:05:04,648 [2069f406-71d7-45f5-abaa-bef6e3da0a9b@group-E5593941F623-LeaderElection7] INFO  metrics.RatisMetrics (RatisMetrics.java:lambda$create$0(36)) - Creating Metrics Registry : ratis.log_appender.2069f406-71d7-45f5-abaa-bef6e3da0a9b@group-E5593941F623
2021-01-12 17:05:04,648 [0f0c9c6f-917b-4a29-8208-9d3fe19e68b7@group-D337BD890C19-LeaderElection8] INFO  impl.LeaderElection (LeaderElection.java:askForVotes(308)) - 0f0c9c6f-917b-4a29-8208-9d3fe19e68b7@group-D337BD890C19-LeaderElection8: begin an election at term 1 for -1: [0f0c9c6f-917b-4a29-8208-9d3fe19e68b7|rpc:172.17.0.2:42871|priority:1], old=null
2021-01-12 17:05:04,649 [2069f406-71d7-45f5-abaa-bef6e3da0a9b@group-E5593941F623-LeaderElection7] INFO  server.RaftServerConfigKeys (ConfUtils.java:logGet(44)) - raft.server.write.element-limit = 1024 (custom)
2021-01-12 17:05:04,650 [2069f406-71d7-45f5-abaa-bef6e3da0a9b@group-E5593941F623-LeaderElection7] INFO  server.RaftServerConfigKeys (ConfUtils.java:logGet(44)) - raft.server.write.byte-limit = 1073741824 (custom)
2021-01-12 17:05:04,650 [2069f406-71d7-45f5-abaa-bef6e3da0a9b@group-E5593941F623-LeaderElection7] INFO  server.RaftServerConfigKeys (ConfUtils.java:logGet(44)) - raft.server.watch.timeout = 180s (custom)
2021-01-12 17:05:04,650 [2069f406-71d7-45f5-abaa-bef6e3da0a9b@group-E5593941F623-LeaderElection7] INFO  server.RaftServerConfigKeys (ConfUtils.java:logGet(44)) - raft.server.watch.timeout.denomination = 1s (default)
2021-01-12 17:05:04,651 [2069f406-71d7-45f5-abaa-bef6e3da0a9b@group-E5593941F623-LeaderElection7] INFO  server.RaftServerConfigKeys (ConfUtils.java:logGet(44)) - raft.server.watch.element-limit = 65536 (default)
2021-01-12 17:05:04,651 [EventQueue-PipelineReportForPipelineReportHandler] INFO  pipeline.PipelineStateManager (PipelineStateManager.java:openPipeline(132)) - Pipeline Pipeline[ Id: 86e45650-17c2-4ffa-af23-e5593941f623, Nodes: 2069f406-71d7-45f5-abaa-bef6e3da0a9b{ip: 172.17.0.2, host: e3a45581da16, networkLocation: /default-rack, certSerialId: null, persistedOpState: IN_SERVICE, persistedOpStateExpiryEpochSec: 0}4de2fc5c-9ef7-4df0-8518-9cb2cf92efa4{ip: 172.17.0.2, host: e3a45581da16, networkLocation: /default-rack, certSerialId: null, persistedOpState: IN_SERVICE, persistedOpStateExpiryEpochSec: 0}dd7ecda3-b896-473f-b1b1-402e04ac6960{ip: 172.17.0.2, host: e3a45581da16, networkLocation: /default-rack, certSerialId: null, persistedOpState: IN_SERVICE, persistedOpStateExpiryEpochSec: 0}, Type:RATIS, Factor:THREE, State:ALLOCATED, leaderId:2069f406-71d7-45f5-abaa-bef6e3da0a9b, CreationTimestamp2021-01-12T17:04:56.374Z] moved to OPEN state
2021-01-12 17:05:04,651 [EventQueue-OpenPipelineForHealthyPipelineSafeModeRule] INFO  safemode.SCMSafeModeManager (HealthyPipelineSafeModeRule.java:process(128)) - SCM in safe mode. Healthy pipelines reported count is 1, required healthy pipeline reported count is 1
2021-01-12 17:05:04,651 [EventQueue-OpenPipelineForHealthyPipelineSafeModeRule] INFO  safemode.SCMSafeModeManager (SCMSafeModeManager.java:validateSafeModeExitRules(214)) - HealthyPipelineSafeModeRule rule is successfully validated
2021-01-12 17:05:04,651 [EventQueue-OpenPipelineForHealthyPipelineSafeModeRule] INFO  safemode.SCMSafeModeManager (SCMSafeModeManager.java:validateSafeModeExitRules(228)) - ScmSafeModeManager, all rules are successfully validated
2021-01-12 17:05:04,651 [EventQueue-OpenPipelineForHealthyPipelineSafeModeRule] INFO  safemode.SCMSafeModeManager (SCMSafeModeManager.java:exitSafeMode(257)) - SCM exiting safe mode.
2021-01-12 17:05:04,655 [2069f406-71d7-45f5-abaa-bef6e3da0a9b@group-E5593941F623-LeaderElection7] INFO  server.RaftServerConfigKeys (ConfUtils.java:logGet(44)) - raft.server.log.appender.snapshot.chunk.size.max = 16MB (=16777216) (default)
2021-01-12 17:05:04,665 [grpc-default-executor-0] INFO  server.RaftServer$Division (RaftServerImpl.java:setRole(283)) - 4de2fc5c-9ef7-4df0-8518-9cb2cf92efa4@group-E5593941F623: changes role from  FOLLOWER to FOLLOWER at term 1 for recognizeCandidate:2069f406-71d7-45f5-abaa-bef6e3da0a9b
2021-01-12 17:05:04,665 [grpc-default-executor-0] INFO  impl.RoleInfo (RoleInfo.java:shutdownFollowerState(108)) - 4de2fc5c-9ef7-4df0-8518-9cb2cf92efa4: shutdown 4de2fc5c-9ef7-4df0-8518-9cb2cf92efa4@group-E5593941F623-FollowerState
2021-01-12 17:05:04,665 [grpc-default-executor-0] INFO  impl.RoleInfo (RoleInfo.java:updateAndGet(130)) - 4de2fc5c-9ef7-4df0-8518-9cb2cf92efa4: start 4de2fc5c-9ef7-4df0-8518-9cb2cf92efa4@group-E5593941F623-FollowerState
2021-01-12 17:05:04,666 [2069f406-71d7-45f5-abaa-bef6e3da0a9b@group-E5593941F623-LeaderElection7] INFO  server.RaftServerConfigKeys (ConfUtils.java:logGet(44)) - raft.server.log.appender.buffer.byte-limit = 33554432 (custom)
2021-01-12 17:05:04,666 [2069f406-71d7-45f5-abaa-bef6e3da0a9b@group-E5593941F623-LeaderElection7] INFO  server.RaftServerConfigKeys (ConfUtils.java:logGet(44)) - raft.server.log.appender.buffer.element-limit = 1 (custom)
2021-01-12 17:05:04,655 [0f0c9c6f-917b-4a29-8208-9d3fe19e68b7@group-D337BD890C19-LeaderElection8] INFO  impl.RoleInfo (RoleInfo.java:shutdownLeaderElection(121)) - 0f0c9c6f-917b-4a29-8208-9d3fe19e68b7: shutdown 0f0c9c6f-917b-4a29-8208-9d3fe19e68b7@group-D337BD890C19-LeaderElection8
2021-01-12 17:05:04,665 [Thread-205] INFO  impl.FollowerState (FollowerState.java:run(142)) - 4de2fc5c-9ef7-4df0-8518-9cb2cf92efa4@group-E5593941F623-FollowerState was interrupted: {}
java.lang.InterruptedException: sleep interrupted
	at java.lang.Thread.sleep(Native Method)
	at java.lang.Thread.sleep(Thread.java:340)
	at java.util.concurrent.TimeUnit.sleep(TimeUnit.java:386)
	at org.apache.ratis.util.TimeDuration.sleep(TimeDuration.java:324)
	at org.apache.ratis.util.TimeDuration.sleep(TimeDuration.java:309)
	at org.apache.ratis.server.impl.FollowerState.run(FollowerState.java:117)
2021-01-12 17:05:04,668 [0f0c9c6f-917b-4a29-8208-9d3fe19e68b7@group-D337BD890C19-LeaderElection8] INFO  server.RaftServer$Division (RaftServerImpl.java:setRole(283)) - 0f0c9c6f-917b-4a29-8208-9d3fe19e68b7@group-D337BD890C19: changes role from CANDIDATE to LEADER at term 1 for changeToLeader
2021-01-12 17:05:04,668 [0f0c9c6f-917b-4a29-8208-9d3fe19e68b7@group-D337BD890C19-LeaderElection8] INFO  ratis.XceiverServerRatis (XceiverServerRatis.java:handleLeaderChangedNotification(868)) - Leader change notification received for group: group-D337BD890C19 with new leaderId: 0f0c9c6f-917b-4a29-8208-9d3fe19e68b7
2021-01-12 17:05:04,668 [grpc-default-executor-0] INFO  server.RaftServer$Division (RaftServerImpl.java:requestVote(1137)) -  FOLLOWER 4de2fc5c-9ef7-4df0-8518-9cb2cf92efa4@group-E5593941F623:t1, leader=null, voted=null, raftlog=4de2fc5c-9ef7-4df0-8518-9cb2cf92efa4@group-E5593941F623-SegmentedRaftLog:OPENED:c-1,f-1,i0, conf=-1: [2069f406-71d7-45f5-abaa-bef6e3da0a9b|rpc:172.17.0.2:35421|priority:1, dd7ecda3-b896-473f-b1b1-402e04ac6960|rpc:172.17.0.2:42437|priority:0, 4de2fc5c-9ef7-4df0-8518-9cb2cf92efa4|rpc:172.17.0.2:38135|priority:0], old=null RUNNING priority:0 candidate:2069f406-71d7-45f5-abaa-bef6e3da0a9b|rpc:172.17.0.2:35421|priority:1 candidatePriority:1 compare:0
2021-01-12 17:05:04,670 [0f0c9c6f-917b-4a29-8208-9d3fe19e68b7@group-D337BD890C19-LeaderElection8] INFO  server.RaftServer$Division (ServerState.java:setLeader(249)) - 0f0c9c6f-917b-4a29-8208-9d3fe19e68b7@group-D337BD890C19: change Leader from null to 0f0c9c6f-917b-4a29-8208-9d3fe19e68b7 at term 1 for becomeLeader, leader elected after 5065ms
2021-01-12 17:05:04,670 [0f0c9c6f-917b-4a29-8208-9d3fe19e68b7@group-D337BD890C19-LeaderElection8] INFO  server.RaftServerConfigKeys (ConfUtils.java:logGet(44)) - raft.server.staging.catchup.gap = 1000 (default)
2021-01-12 17:05:04,670 [0f0c9c6f-917b-4a29-8208-9d3fe19e68b7@group-D337BD890C19-LeaderElection8] INFO  metrics.RatisMetrics (RatisMetrics.java:lambda$create$0(36)) - Creating Metrics Registry : ratis.log_appender.0f0c9c6f-917b-4a29-8208-9d3fe19e68b7@group-D337BD890C19
2021-01-12 17:05:04,672 [0f0c9c6f-917b-4a29-8208-9d3fe19e68b7@group-D337BD890C19-LeaderElection8] INFO  server.RaftServerConfigKeys (ConfUtils.java:logGet(44)) - raft.server.write.element-limit = 1024 (custom)
2021-01-12 17:05:04,672 [0f0c9c6f-917b-4a29-8208-9d3fe19e68b7@group-D337BD890C19-LeaderElection8] INFO  server.RaftServerConfigKeys (ConfUtils.java:logGet(44)) - raft.server.write.byte-limit = 1073741824 (custom)
2021-01-12 17:05:04,672 [0f0c9c6f-917b-4a29-8208-9d3fe19e68b7@group-D337BD890C19-LeaderElection8] INFO  server.RaftServerConfigKeys (ConfUtils.java:logGet(44)) - raft.server.watch.timeout = 180s (custom)
2021-01-12 17:05:04,673 [0f0c9c6f-917b-4a29-8208-9d3fe19e68b7@group-D337BD890C19-LeaderElection8] INFO  server.RaftServerConfigKeys (ConfUtils.java:logGet(44)) - raft.server.watch.timeout.denomination = 1s (default)
2021-01-12 17:05:04,673 [0f0c9c6f-917b-4a29-8208-9d3fe19e68b7@group-D337BD890C19-LeaderElection8] INFO  server.RaftServerConfigKeys (ConfUtils.java:logGet(44)) - raft.server.watch.element-limit = 65536 (default)
2021-01-12 17:05:04,673 [0f0c9c6f-917b-4a29-8208-9d3fe19e68b7@group-D337BD890C19-LeaderElection8] INFO  impl.RoleInfo (RoleInfo.java:updateAndGet(130)) - 0f0c9c6f-917b-4a29-8208-9d3fe19e68b7: start 0f0c9c6f-917b-4a29-8208-9d3fe19e68b7@group-D337BD890C19-LeaderStateImpl
2021-01-12 17:05:04,673 [0f0c9c6f-917b-4a29-8208-9d3fe19e68b7@group-D337BD890C19-LeaderElection8] INFO  segmented.SegmentedRaftLogWorker (SegmentedRaftLogWorker.java:startLogSegment(392)) - 0f0c9c6f-917b-4a29-8208-9d3fe19e68b7@group-D337BD890C19-SegmentedRaftLogWorker: Starting segment from index:0
2021-01-12 17:05:04,674 [0f0c9c6f-917b-4a29-8208-9d3fe19e68b7@group-D337BD890C19-SegmentedRaftLogWorker] INFO  segmented.SegmentedRaftLogWorker (SegmentedRaftLogWorker.java:execute(599)) - 0f0c9c6f-917b-4a29-8208-9d3fe19e68b7@group-D337BD890C19-SegmentedRaftLogWorker: created new log segment /github/workspace/mnt/ozone/hadoop-ozone/integration-test/target/test-dir/MiniOzoneClusterImpl-cb34e439-7967-4e12-9ea2-a7af50442216/datanode-3/data/ratis/da7813b3-0e2b-4650-9abd-d337bd890c19/current/log_inprogress_0
2021-01-12 17:05:04,680 [0f0c9c6f-917b-4a29-8208-9d3fe19e68b7@group-D337BD890C19-LeaderElection8] INFO  server.RaftServer$Division (ServerState.java:setRaftConf(368)) - 0f0c9c6f-917b-4a29-8208-9d3fe19e68b7@group-D337BD890C19: set configuration 0: [0f0c9c6f-917b-4a29-8208-9d3fe19e68b7|rpc:172.17.0.2:42871|dataStream:|priority:1], old=null
2021-01-12 17:05:04,674 [2069f406-71d7-45f5-abaa-bef6e3da0a9b@group-E5593941F623-LeaderElection7] INFO  grpc.GrpcConfigKeys (ConfUtils.java:logGet(44)) - raft.grpc.server.leader.outstanding.appends.max = 128 (default)
2021-01-12 17:05:04,681 [2069f406-71d7-45f5-abaa-bef6e3da0a9b@group-E5593941F623-LeaderElection7] INFO  server.RaftServerConfigKeys (ConfUtils.java:logGet(44)) - raft.server.rpc.request.timeout = 60s (custom)
2021-01-12 17:05:04,681 [2069f406-71d7-45f5-abaa-bef6e3da0a9b@group-E5593941F623-LeaderElection7] INFO  server.RaftServerConfigKeys (ConfUtils.java:logGet(44)) - raft.server.log.appender.install.snapshot.enabled = false (custom)
2021-01-12 17:05:04,682 [2069f406-71d7-45f5-abaa-bef6e3da0a9b@group-E5593941F623-LeaderElection7] INFO  metrics.RatisMetrics (RatisMetrics.java:lambda$create$0(36)) - Creating Metrics Registry : ratis_grpc.log_appender.2069f406-71d7-45f5-abaa-bef6e3da0a9b@group-E5593941F623
2021-01-12 17:05:04,685 [2069f406-71d7-45f5-abaa-bef6e3da0a9b@group-E5593941F623-LeaderElection7] INFO  server.RaftServerConfigKeys (ConfUtils.java:logGet(44)) - raft.server.log.appender.snapshot.chunk.size.max = 16MB (=16777216) (default)
2021-01-12 17:05:04,685 [2069f406-71d7-45f5-abaa-bef6e3da0a9b@group-E5593941F623-LeaderElection7] INFO  server.RaftServerConfigKeys (ConfUtils.java:logGet(44)) - raft.server.log.appender.buffer.byte-limit = 33554432 (custom)
2021-01-12 17:05:04,685 [2069f406-71d7-45f5-abaa-bef6e3da0a9b@group-E5593941F623-LeaderElection7] INFO  server.RaftServerConfigKeys (ConfUtils.java:logGet(44)) - raft.server.log.appender.buffer.element-limit = 1 (custom)
2021-01-12 17:05:04,685 [2069f406-71d7-45f5-abaa-bef6e3da0a9b@group-E5593941F623-LeaderElection7] INFO  grpc.GrpcConfigKeys (ConfUtils.java:logGet(44)) - raft.grpc.server.leader.outstanding.appends.max = 128 (default)
2021-01-12 17:05:04,686 [2069f406-71d7-45f5-abaa-bef6e3da0a9b@group-E5593941F623-LeaderElection7] INFO  server.RaftServerConfigKeys (ConfUtils.java:logGet(44)) - raft.server.rpc.request.timeout = 60s (custom)
2021-01-12 17:05:04,686 [2069f406-71d7-45f5-abaa-bef6e3da0a9b@group-E5593941F623-LeaderElection7] INFO  server.RaftServerConfigKeys (ConfUtils.java:logGet(44)) - raft.server.log.appender.install.snapshot.enabled = false (custom)
2021-01-12 17:05:04,687 [2069f406-71d7-45f5-abaa-bef6e3da0a9b@group-E5593941F623-LeaderElection7] INFO  impl.RoleInfo (RoleInfo.java:updateAndGet(130)) - 2069f406-71d7-45f5-abaa-bef6e3da0a9b: start 2069f406-71d7-45f5-abaa-bef6e3da0a9b@group-E5593941F623-LeaderStateImpl
2021-01-12 17:05:04,688 [2069f406-71d7-45f5-abaa-bef6e3da0a9b@group-E5593941F623-LeaderElection7] INFO  segmented.SegmentedRaftLogWorker (SegmentedRaftLogWorker.java:startLogSegment(392)) - 2069f406-71d7-45f5-abaa-bef6e3da0a9b@group-E5593941F623-SegmentedRaftLogWorker: Starting segment from index:0
2021-01-12 17:05:04,689 [2069f406-71d7-45f5-abaa-bef6e3da0a9b@group-E5593941F623-SegmentedRaftLogWorker] INFO  segmented.SegmentedRaftLogWorker (SegmentedRaftLogWorker.java:execute(599)) - 2069f406-71d7-45f5-abaa-bef6e3da0a9b@group-E5593941F623-SegmentedRaftLogWorker: created new log segment /github/workspace/mnt/ozone/hadoop-ozone/integration-test/target/test-dir/MiniOzoneClusterImpl-cb34e439-7967-4e12-9ea2-a7af50442216/datanode-2/data/ratis/86e45650-17c2-4ffa-af23-e5593941f623/current/log_inprogress_0
2021-01-12 17:05:04,702 [2069f406-71d7-45f5-abaa-bef6e3da0a9b@group-E5593941F623-LeaderElection7] INFO  server.RaftServer$Division (ServerState.java:setRaftConf(368)) - 2069f406-71d7-45f5-abaa-bef6e3da0a9b@group-E5593941F623: set configuration 0: [2069f406-71d7-45f5-abaa-bef6e3da0a9b|rpc:172.17.0.2:35421|dataStream:|priority:1, dd7ecda3-b896-473f-b1b1-402e04ac6960|rpc:172.17.0.2:42437|dataStream:|priority:0, 4de2fc5c-9ef7-4df0-8518-9cb2cf92efa4|rpc:172.17.0.2:38135|dataStream:|priority:0], old=null
2021-01-12 17:05:04,710 [grpc-default-executor-0] INFO  ratis.XceiverServerRatis (XceiverServerRatis.java:handleLeaderChangedNotification(868)) - Leader change notification received for group: group-E5593941F623 with new leaderId: 2069f406-71d7-45f5-abaa-bef6e3da0a9b
2021-01-12 17:05:04,712 [grpc-default-executor-0] INFO  server.RaftServer$Division (ServerState.java:setLeader(249)) - dd7ecda3-b896-473f-b1b1-402e04ac6960@group-E5593941F623: change Leader from null to 2069f406-71d7-45f5-abaa-bef6e3da0a9b at term 1 for appendEntries, leader elected after 5872ms
2021-01-12 17:05:04,715 [grpc-default-executor-2] INFO  ratis.XceiverServerRatis (XceiverServerRatis.java:handleLeaderChangedNotification(868)) - Leader change notification received for group: group-E5593941F623 with new leaderId: 2069f406-71d7-45f5-abaa-bef6e3da0a9b
2021-01-12 17:05:04,715 [grpc-default-executor-2] INFO  server.RaftServer$Division (ServerState.java:setLeader(249)) - 4de2fc5c-9ef7-4df0-8518-9cb2cf92efa4@group-E5593941F623: change Leader from null to 2069f406-71d7-45f5-abaa-bef6e3da0a9b at term 1 for appendEntries, leader elected after 5401ms
2021-01-12 17:05:04,733 [Thread-216] INFO  impl.FollowerState (FollowerState.java:run(133)) - 4de2fc5c-9ef7-4df0-8518-9cb2cf92efa4@group-EFC0334D5E7E-FollowerState: change to CANDIDATE, lastRpcElapsedTime:5161000940ns, electionTimeout:5145ms
2021-01-12 17:05:04,733 [Thread-216] INFO  impl.RoleInfo (RoleInfo.java:shutdownFollowerState(108)) - 4de2fc5c-9ef7-4df0-8518-9cb2cf92efa4: shutdown 4de2fc5c-9ef7-4df0-8518-9cb2cf92efa4@group-EFC0334D5E7E-FollowerState
2021-01-12 17:05:04,733 [Thread-216] INFO  server.RaftServer$Division (RaftServerImpl.java:setRole(283)) - 4de2fc5c-9ef7-4df0-8518-9cb2cf92efa4@group-EFC0334D5E7E: changes role from  FOLLOWER to CANDIDATE at term 0 for changeToCandidate
2021-01-12 17:05:04,733 [Thread-216] INFO  impl.RoleInfo (RoleInfo.java:updateAndGet(130)) - 4de2fc5c-9ef7-4df0-8518-9cb2cf92efa4: start 4de2fc5c-9ef7-4df0-8518-9cb2cf92efa4@group-EFC0334D5E7E-LeaderElection9
2021-01-12 17:05:04,745 [4de2fc5c-9ef7-4df0-8518-9cb2cf92efa4@group-EFC0334D5E7E-LeaderElection9] INFO  impl.LeaderElection (LeaderElection.java:askForPreVotes(259)) - 4de2fc5c-9ef7-4df0-8518-9cb2cf92efa4@group-EFC0334D5E7E-LeaderElection9: begin a pre-vote at term 0 for -1: [2069f406-71d7-45f5-abaa-bef6e3da0a9b|rpc:172.17.0.2:35421|priority:0, dd7ecda3-b896-473f-b1b1-402e04ac6960|rpc:172.17.0.2:42437|priority:0, 4de2fc5c-9ef7-4df0-8518-9cb2cf92efa4|rpc:172.17.0.2:38135|priority:1], old=null
2021-01-12 17:05:04,748 [grpc-default-executor-2] INFO  server.RaftServer$Division (ServerState.java:setRaftConf(368)) - dd7ecda3-b896-473f-b1b1-402e04ac6960@group-E5593941F623: set configuration 0: [2069f406-71d7-45f5-abaa-bef6e3da0a9b|rpc:172.17.0.2:35421|dataStream:|priority:1, dd7ecda3-b896-473f-b1b1-402e04ac6960|rpc:172.17.0.2:42437|dataStream:|priority:0, 4de2fc5c-9ef7-4df0-8518-9cb2cf92efa4|rpc:172.17.0.2:38135|dataStream:|priority:0], old=null
2021-01-12 17:05:04,749 [grpc-default-executor-2] INFO  segmented.SegmentedRaftLogWorker (SegmentedRaftLogWorker.java:startLogSegment(392)) - dd7ecda3-b896-473f-b1b1-402e04ac6960@group-E5593941F623-SegmentedRaftLogWorker: Starting segment from index:0
2021-01-12 17:05:04,749 [grpc-default-executor-0] INFO  server.RaftServer$Division (ServerState.java:setRaftConf(368)) - 4de2fc5c-9ef7-4df0-8518-9cb2cf92efa4@group-E5593941F623: set configuration 0: [2069f406-71d7-45f5-abaa-bef6e3da0a9b|rpc:172.17.0.2:35421|dataStream:|priority:1, dd7ecda3-b896-473f-b1b1-402e04ac6960|rpc:172.17.0.2:42437|dataStream:|priority:0, 4de2fc5c-9ef7-4df0-8518-9cb2cf92efa4|rpc:172.17.0.2:38135|dataStream:|priority:0], old=null
2021-01-12 17:05:04,750 [grpc-default-executor-0] INFO  segmented.SegmentedRaftLogWorker (SegmentedRaftLogWorker.java:startLogSegment(392)) - 4de2fc5c-9ef7-4df0-8518-9cb2cf92efa4@group-E5593941F623-SegmentedRaftLogWorker: Starting segment from index:0
2021-01-12 17:05:04,751 [4de2fc5c-9ef7-4df0-8518-9cb2cf92efa4@group-E5593941F623-SegmentedRaftLogWorker] INFO  segmented.SegmentedRaftLogWorker (SegmentedRaftLogWorker.java:execute(599)) - 4de2fc5c-9ef7-4df0-8518-9cb2cf92efa4@group-E5593941F623-SegmentedRaftLogWorker: created new log segment /github/workspace/mnt/ozone/hadoop-ozone/integration-test/target/test-dir/MiniOzoneClusterImpl-cb34e439-7967-4e12-9ea2-a7af50442216/datanode-1/data/ratis/86e45650-17c2-4ffa-af23-e5593941f623/current/log_inprogress_0
2021-01-12 17:05:04,751 [dd7ecda3-b896-473f-b1b1-402e04ac6960@group-E5593941F623-SegmentedRaftLogWorker] INFO  segmented.SegmentedRaftLogWorker (SegmentedRaftLogWorker.java:execute(599)) - dd7ecda3-b896-473f-b1b1-402e04ac6960@group-E5593941F623-SegmentedRaftLogWorker: created new log segment /github/workspace/mnt/ozone/hadoop-ozone/integration-test/target/test-dir/MiniOzoneClusterImpl-cb34e439-7967-4e12-9ea2-a7af50442216/datanode-0/data/ratis/86e45650-17c2-4ffa-af23-e5593941f623/current/log_inprogress_0
2021-01-12 17:05:04,761 [grpc-default-executor-2] INFO  server.RaftServer$Division (RaftServerImpl.java:requestPreVote(1060)) - 2069f406-71d7-45f5-abaa-bef6e3da0a9b@group-EFC0334D5E7E: receive preVote(4de2fc5c-9ef7-4df0-8518-9cb2cf92efa4, group-EFC0334D5E7E, 0, (t:0, i:0))
2021-01-12 17:05:04,762 [grpc-default-executor-2] INFO  server.RaftServer$Division (RaftServerImpl.java:requestPreVote(1081)) - 2069f406-71d7-45f5-abaa-bef6e3da0a9b@group-EFC0334D5E7E role: FOLLOWER allow pre-vote from:4de2fc5c-9ef7-4df0-8518-9cb2cf92efa4
2021-01-12 17:05:04,762 [grpc-default-executor-2] INFO  server.RaftServer$Division (RaftServerImpl.java:requestPreVote(1099)) - 2069f406-71d7-45f5-abaa-bef6e3da0a9b@group-EFC0334D5E7E replies to pre-vote request: 4de2fc5c-9ef7-4df0-8518-9cb2cf92efa4<-2069f406-71d7-45f5-abaa-bef6e3da0a9b#0:OK-t0. Peer's state: 2069f406-71d7-45f5-abaa-bef6e3da0a9b@group-EFC0334D5E7E:t0, leader=null, voted=, raftlog=2069f406-71d7-45f5-abaa-bef6e3da0a9b@group-EFC0334D5E7E-SegmentedRaftLog:OPENED:c-1,f-1,i0, conf=-1: [2069f406-71d7-45f5-abaa-bef6e3da0a9b|rpc:172.17.0.2:35421|priority:0, dd7ecda3-b896-473f-b1b1-402e04ac6960|rpc:172.17.0.2:42437|priority:0, 4de2fc5c-9ef7-4df0-8518-9cb2cf92efa4|rpc:172.17.0.2:38135|priority:1], old=null
2021-01-12 17:05:04,769 [4de2fc5c-9ef7-4df0-8518-9cb2cf92efa4@group-EFC0334D5E7E-LeaderElection9] INFO  impl.LeaderElection (LeaderElection.java:logAndReturn(68)) - 4de2fc5c-9ef7-4df0-8518-9cb2cf92efa4@group-EFC0334D5E7E-LeaderElection9: Pre-vote  PASSED received 1 response(s):[4de2fc5c-9ef7-4df0-8518-9cb2cf92efa4<-2069f406-71d7-45f5-abaa-bef6e3da0a9b#0:OK-t0]
2021-01-12 17:05:04,769 [4de2fc5c-9ef7-4df0-8518-9cb2cf92efa4@group-EFC0334D5E7E-LeaderElection9] INFO  impl.LeaderElection (LeaderElection.java:askForPreVotes(261)) - 4de2fc5c-9ef7-4df0-8518-9cb2cf92efa4@group-EFC0334D5E7E-LeaderElection9 pre-vote result is PASSED.
2021-01-12 17:05:04,771 [4de2fc5c-9ef7-4df0-8518-9cb2cf92efa4@group-EFC0334D5E7E-LeaderElection9] INFO  impl.LeaderElection (LeaderElection.java:askForVotes(308)) - 4de2fc5c-9ef7-4df0-8518-9cb2cf92efa4@group-EFC0334D5E7E-LeaderElection9: begin an election at term 1 for -1: [2069f406-71d7-45f5-abaa-bef6e3da0a9b|rpc:172.17.0.2:35421|priority:0, dd7ecda3-b896-473f-b1b1-402e04ac6960|rpc:172.17.0.2:42437|priority:0, 4de2fc5c-9ef7-4df0-8518-9cb2cf92efa4|rpc:172.17.0.2:38135|priority:1], old=null
2021-01-12 17:05:04,778 [grpc-default-executor-0] INFO  server.RaftServer$Division (RaftServerImpl.java:requestPreVote(1060)) - dd7ecda3-b896-473f-b1b1-402e04ac6960@group-EFC0334D5E7E: receive preVote(4de2fc5c-9ef7-4df0-8518-9cb2cf92efa4, group-EFC0334D5E7E, 0, (t:0, i:0))
2021-01-12 17:05:04,778 [grpc-default-executor-0] INFO  server.RaftServer$Division (RaftServerImpl.java:requestPreVote(1081)) - dd7ecda3-b896-473f-b1b1-402e04ac6960@group-EFC0334D5E7E role: FOLLOWER allow pre-vote from:4de2fc5c-9ef7-4df0-8518-9cb2cf92efa4
2021-01-12 17:05:04,778 [grpc-default-executor-0] INFO  server.RaftServer$Division (RaftServerImpl.java:requestPreVote(1099)) - dd7ecda3-b896-473f-b1b1-402e04ac6960@group-EFC0334D5E7E replies to pre-vote request: 4de2fc5c-9ef7-4df0-8518-9cb2cf92efa4<-dd7ecda3-b896-473f-b1b1-402e04ac6960#0:OK-t0. Peer's state: dd7ecda3-b896-473f-b1b1-402e04ac6960@group-EFC0334D5E7E:t0, leader=null, voted=, raftlog=dd7ecda3-b896-473f-b1b1-402e04ac6960@group-EFC0334D5E7E-SegmentedRaftLog:OPENED:c-1,f-1,i0, conf=-1: [2069f406-71d7-45f5-abaa-bef6e3da0a9b|rpc:172.17.0.2:35421|priority:0, dd7ecda3-b896-473f-b1b1-402e04ac6960|rpc:172.17.0.2:42437|priority:0, 4de2fc5c-9ef7-4df0-8518-9cb2cf92efa4|rpc:172.17.0.2:38135|priority:1], old=null
2021-01-12 17:05:04,790 [grpc-default-executor-0] INFO  server.RaftServer$Division (RaftServerImpl.java:setRole(283)) - 2069f406-71d7-45f5-abaa-bef6e3da0a9b@group-EFC0334D5E7E: changes role from  FOLLOWER to FOLLOWER at term 1 for recognizeCandidate:4de2fc5c-9ef7-4df0-8518-9cb2cf92efa4
2021-01-12 17:05:04,790 [grpc-default-executor-0] INFO  impl.RoleInfo (RoleInfo.java:shutdownFollowerState(108)) - 2069f406-71d7-45f5-abaa-bef6e3da0a9b: shutdown 2069f406-71d7-45f5-abaa-bef6e3da0a9b@group-EFC0334D5E7E-FollowerState
2021-01-12 17:05:04,790 [grpc-default-executor-0] INFO  impl.RoleInfo (RoleInfo.java:updateAndGet(130)) - 2069f406-71d7-45f5-abaa-bef6e3da0a9b: start 2069f406-71d7-45f5-abaa-bef6e3da0a9b@group-EFC0334D5E7E-FollowerState
2021-01-12 17:05:04,791 [Thread-239] INFO  impl.FollowerState (FollowerState.java:run(142)) - 2069f406-71d7-45f5-abaa-bef6e3da0a9b@group-EFC0334D5E7E-FollowerState was interrupted: {}
java.lang.InterruptedException: sleep interrupted
	at java.lang.Thread.sleep(Native Method)
	at java.lang.Thread.sleep(Thread.java:340)
	at java.util.concurrent.TimeUnit.sleep(TimeUnit.java:386)
	at org.apache.ratis.util.TimeDuration.sleep(TimeDuration.java:324)
	at org.apache.ratis.util.TimeDuration.sleep(TimeDuration.java:309)
	at org.apache.ratis.server.impl.FollowerState.run(FollowerState.java:117)
2021-01-12 17:05:04,797 [grpc-default-executor-0] INFO  server.RaftServer$Division (RaftServerImpl.java:requestVote(1137)) -  FOLLOWER 2069f406-71d7-45f5-abaa-bef6e3da0a9b@group-EFC0334D5E7E:t1, leader=null, voted=null, raftlog=2069f406-71d7-45f5-abaa-bef6e3da0a9b@group-EFC0334D5E7E-SegmentedRaftLog:OPENED:c-1,f-1,i0, conf=-1: [2069f406-71d7-45f5-abaa-bef6e3da0a9b|rpc:172.17.0.2:35421|priority:0, dd7ecda3-b896-473f-b1b1-402e04ac6960|rpc:172.17.0.2:42437|priority:0, 4de2fc5c-9ef7-4df0-8518-9cb2cf92efa4|rpc:172.17.0.2:38135|priority:1], old=null RUNNING priority:0 candidate:4de2fc5c-9ef7-4df0-8518-9cb2cf92efa4|rpc:172.17.0.2:38135|priority:1 candidatePriority:1 compare:0
2021-01-12 17:05:04,797 [grpc-default-executor-1] INFO  server.RaftServer$Division (RaftServerImpl.java:setRole(283)) - dd7ecda3-b896-473f-b1b1-402e04ac6960@group-EFC0334D5E7E: changes role from  FOLLOWER to FOLLOWER at term 1 for recognizeCandidate:4de2fc5c-9ef7-4df0-8518-9cb2cf92efa4
2021-01-12 17:05:04,797 [grpc-default-executor-1] INFO  impl.RoleInfo (RoleInfo.java:shutdownFollowerState(108)) - dd7ecda3-b896-473f-b1b1-402e04ac6960: shutdown dd7ecda3-b896-473f-b1b1-402e04ac6960@group-EFC0334D5E7E-FollowerState
2021-01-12 17:05:04,797 [grpc-default-executor-1] INFO  impl.RoleInfo (RoleInfo.java:updateAndGet(130)) - dd7ecda3-b896-473f-b1b1-402e04ac6960: start dd7ecda3-b896-473f-b1b1-402e04ac6960@group-EFC0334D5E7E-FollowerState
2021-01-12 17:05:04,797 [Thread-224] INFO  impl.FollowerState (FollowerState.java:run(142)) - dd7ecda3-b896-473f-b1b1-402e04ac6960@group-EFC0334D5E7E-FollowerState was interrupted: {}
java.lang.InterruptedException: sleep interrupted
	at java.lang.Thread.sleep(Native Method)
	at java.lang.Thread.sleep(Thread.java:340)
	at java.util.concurrent.TimeUnit.sleep(TimeUnit.java:386)
	at org.apache.ratis.util.TimeDuration.sleep(TimeDuration.java:324)
	at org.apache.ratis.util.TimeDuration.sleep(TimeDuration.java:309)
	at org.apache.ratis.server.impl.FollowerState.run(FollowerState.java:117)
2021-01-12 17:05:04,797 [grpc-default-executor-1] INFO  server.RaftServer$Division (RaftServerImpl.java:requestVote(1137)) -  FOLLOWER dd7ecda3-b896-473f-b1b1-402e04ac6960@group-EFC0334D5E7E:t1, leader=null, voted=null, raftlog=dd7ecda3-b896-473f-b1b1-402e04ac6960@group-EFC0334D5E7E-SegmentedRaftLog:OPENED:c-1,f-1,i0, conf=-1: [2069f406-71d7-45f5-abaa-bef6e3da0a9b|rpc:172.17.0.2:35421|priority:0, dd7ecda3-b896-473f-b1b1-402e04ac6960|rpc:172.17.0.2:42437|priority:0, 4de2fc5c-9ef7-4df0-8518-9cb2cf92efa4|rpc:172.17.0.2:38135|priority:1], old=null RUNNING priority:0 candidate:4de2fc5c-9ef7-4df0-8518-9cb2cf92efa4|rpc:172.17.0.2:38135|priority:1 candidatePriority:1 compare:0
2021-01-12 17:05:04,799 [4de2fc5c-9ef7-4df0-8518-9cb2cf92efa4@group-EFC0334D5E7E-LeaderElection9] INFO  impl.LeaderElection (LeaderElection.java:logAndReturn(68)) - 4de2fc5c-9ef7-4df0-8518-9cb2cf92efa4@group-EFC0334D5E7E-LeaderElection9: Election  PASSED received 1 response(s):[4de2fc5c-9ef7-4df0-8518-9cb2cf92efa4<-2069f406-71d7-45f5-abaa-bef6e3da0a9b#0:OK-t1]
2021-01-12 17:05:04,799 [4de2fc5c-9ef7-4df0-8518-9cb2cf92efa4@group-EFC0334D5E7E-LeaderElection9] INFO  impl.RoleInfo (RoleInfo.java:shutdownLeaderElection(121)) - 4de2fc5c-9ef7-4df0-8518-9cb2cf92efa4: shutdown 4de2fc5c-9ef7-4df0-8518-9cb2cf92efa4@group-EFC0334D5E7E-LeaderElection9
2021-01-12 17:05:04,799 [4de2fc5c-9ef7-4df0-8518-9cb2cf92efa4@group-EFC0334D5E7E-LeaderElection9] INFO  server.RaftServer$Division (RaftServerImpl.java:setRole(283)) - 4de2fc5c-9ef7-4df0-8518-9cb2cf92efa4@group-EFC0334D5E7E: changes role from CANDIDATE to LEADER at term 1 for changeToLeader
2021-01-12 17:05:04,799 [4de2fc5c-9ef7-4df0-8518-9cb2cf92efa4@group-EFC0334D5E7E-LeaderElection9] INFO  ratis.XceiverServerRatis (XceiverServerRatis.java:handleLeaderChangedNotification(868)) - Leader change notification received for group: group-EFC0334D5E7E with new leaderId: 4de2fc5c-9ef7-4df0-8518-9cb2cf92efa4
2021-01-12 17:05:04,799 [4de2fc5c-9ef7-4df0-8518-9cb2cf92efa4@group-EFC0334D5E7E-LeaderElection9] INFO  server.RaftServer$Division (ServerState.java:setLeader(249)) - 4de2fc5c-9ef7-4df0-8518-9cb2cf92efa4@group-EFC0334D5E7E: change Leader from null to 4de2fc5c-9ef7-4df0-8518-9cb2cf92efa4 at term 1 for becomeLeader, leader elected after 5250ms
2021-01-12 17:05:04,799 [4de2fc5c-9ef7-4df0-8518-9cb2cf92efa4@group-EFC0334D5E7E-LeaderElection9] INFO  server.RaftServerConfigKeys (ConfUtils.java:logGet(44)) - raft.server.staging.catchup.gap = 1000 (default)
2021-01-12 17:05:04,799 [4de2fc5c-9ef7-4df0-8518-9cb2cf92efa4@group-EFC0334D5E7E-LeaderElection9] INFO  metrics.RatisMetrics (RatisMetrics.java:lambda$create$0(36)) - Creating Metrics Registry : ratis.log_appender.4de2fc5c-9ef7-4df0-8518-9cb2cf92efa4@group-EFC0334D5E7E
2021-01-12 17:05:04,800 [4de2fc5c-9ef7-4df0-8518-9cb2cf92efa4@group-EFC0334D5E7E-LeaderElection9] INFO  server.RaftServerConfigKeys (ConfUtils.java:logGet(44)) - raft.server.write.element-limit = 1024 (custom)
2021-01-12 17:05:04,800 [4de2fc5c-9ef7-4df0-8518-9cb2cf92efa4@group-EFC0334D5E7E-LeaderElection9] INFO  server.RaftServerConfigKeys (ConfUtils.java:logGet(44)) - raft.server.write.byte-limit = 1073741824 (custom)
2021-01-12 17:05:04,800 [4de2fc5c-9ef7-4df0-8518-9cb2cf92efa4@group-EFC0334D5E7E-LeaderElection9] INFO  server.RaftServerConfigKeys (ConfUtils.java:logGet(44)) - raft.server.watch.timeout = 180s (custom)
2021-01-12 17:05:04,800 [4de2fc5c-9ef7-4df0-8518-9cb2cf92efa4@group-EFC0334D5E7E-LeaderElection9] INFO  server.RaftServerConfigKeys (ConfUtils.java:logGet(44)) - raft.server.watch.timeout.denomination = 1s (default)
2021-01-12 17:05:04,800 [4de2fc5c-9ef7-4df0-8518-9cb2cf92efa4@group-EFC0334D5E7E-LeaderElection9] INFO  server.RaftServerConfigKeys (ConfUtils.java:logGet(44)) - raft.server.watch.element-limit = 65536 (default)
2021-01-12 17:05:04,800 [4de2fc5c-9ef7-4df0-8518-9cb2cf92efa4@group-EFC0334D5E7E-LeaderElection9] INFO  server.RaftServerConfigKeys (ConfUtils.java:logGet(44)) - raft.server.log.appender.snapshot.chunk.size.max = 16MB (=16777216) (default)
2021-01-12 17:05:04,801 [4de2fc5c-9ef7-4df0-8518-9cb2cf92efa4@group-EFC0334D5E7E-LeaderElection9] INFO  server.RaftServerConfigKeys (ConfUtils.java:logGet(44)) - raft.server.log.appender.buffer.byte-limit = 33554432 (custom)
2021-01-12 17:05:04,801 [4de2fc5c-9ef7-4df0-8518-9cb2cf92efa4@group-EFC0334D5E7E-LeaderElection9] INFO  server.RaftServerConfigKeys (ConfUtils.java:logGet(44)) - raft.server.log.appender.buffer.element-limit = 1 (custom)
2021-01-12 17:05:04,801 [4de2fc5c-9ef7-4df0-8518-9cb2cf92efa4@group-EFC0334D5E7E-LeaderElection9] INFO  grpc.GrpcConfigKeys (ConfUtils.java:logGet(44)) - raft.grpc.server.leader.outstanding.appends.max = 128 (default)
2021-01-12 17:05:04,801 [4de2fc5c-9ef7-4df0-8518-9cb2cf92efa4@group-EFC0334D5E7E-LeaderElection9] INFO  server.RaftServerConfigKeys (ConfUtils.java:logGet(44)) - raft.server.rpc.request.timeout = 60s (custom)
2021-01-12 17:05:04,801 [4de2fc5c-9ef7-4df0-8518-9cb2cf92efa4@group-EFC0334D5E7E-LeaderElection9] INFO  server.RaftServerConfigKeys (ConfUtils.java:logGet(44)) - raft.server.log.appender.install.snapshot.enabled = false (custom)
2021-01-12 17:05:04,801 [4de2fc5c-9ef7-4df0-8518-9cb2cf92efa4@group-EFC0334D5E7E-LeaderElection9] INFO  metrics.RatisMetrics (RatisMetrics.java:lambda$create$0(36)) - Creating Metrics Registry : ratis_grpc.log_appender.4de2fc5c-9ef7-4df0-8518-9cb2cf92efa4@group-EFC0334D5E7E
2021-01-12 17:05:04,802 [4de2fc5c-9ef7-4df0-8518-9cb2cf92efa4@group-EFC0334D5E7E-LeaderElection9] INFO  server.RaftServerConfigKeys (ConfUtils.java:logGet(44)) - raft.server.log.appender.snapshot.chunk.size.max = 16MB (=16777216) (default)
2021-01-12 17:05:04,802 [4de2fc5c-9ef7-4df0-8518-9cb2cf92efa4@group-EFC0334D5E7E-LeaderElection9] INFO  server.RaftServerConfigKeys (ConfUtils.java:logGet(44)) - raft.server.log.appender.buffer.byte-limit = 33554432 (custom)
2021-01-12 17:05:04,802 [4de2fc5c-9ef7-4df0-8518-9cb2cf92efa4@group-EFC0334D5E7E-LeaderElection9] INFO  server.RaftServerConfigKeys (ConfUtils.java:logGet(44)) - raft.server.log.appender.buffer.element-limit = 1 (custom)
2021-01-12 17:05:04,802 [4de2fc5c-9ef7-4df0-8518-9cb2cf92efa4@group-EFC0334D5E7E-LeaderElection9] INFO  grpc.GrpcConfigKeys (ConfUtils.java:logGet(44)) - raft.grpc.server.leader.outstanding.appends.max = 128 (default)
2021-01-12 17:05:04,802 [4de2fc5c-9ef7-4df0-8518-9cb2cf92efa4@group-EFC0334D5E7E-LeaderElection9] INFO  server.RaftServerConfigKeys (ConfUtils.java:logGet(44)) - raft.server.rpc.request.timeout = 60s (custom)
2021-01-12 17:05:04,802 [4de2fc5c-9ef7-4df0-8518-9cb2cf92efa4@group-EFC0334D5E7E-LeaderElection9] INFO  server.RaftServerConfigKeys (ConfUtils.java:logGet(44)) - raft.server.log.appender.install.snapshot.enabled = false (custom)
2021-01-12 17:05:04,802 [4de2fc5c-9ef7-4df0-8518-9cb2cf92efa4@group-EFC0334D5E7E-LeaderElection9] INFO  impl.RoleInfo (RoleInfo.java:updateAndGet(130)) - 4de2fc5c-9ef7-4df0-8518-9cb2cf92efa4: start 4de2fc5c-9ef7-4df0-8518-9cb2cf92efa4@group-EFC0334D5E7E-LeaderStateImpl
2021-01-12 17:05:04,803 [EventQueue-PipelineReportForPipelineReportHandler] INFO  pipeline.PipelineStateManager (PipelineStateManager.java:openPipeline(132)) - Pipeline Pipeline[ Id: 8003d5a0-236b-4948-a058-efc0334d5e7e, Nodes: 2069f406-71d7-45f5-abaa-bef6e3da0a9b{ip: 172.17.0.2, host: e3a45581da16, networkLocation: /default-rack, certSerialId: null, persistedOpState: IN_SERVICE, persistedOpStateExpiryEpochSec: 0}4de2fc5c-9ef7-4df0-8518-9cb2cf92efa4{ip: 172.17.0.2, host: e3a45581da16, networkLocation: /default-rack, certSerialId: null, persistedOpState: IN_SERVICE, persistedOpStateExpiryEpochSec: 0}dd7ecda3-b896-473f-b1b1-402e04ac6960{ip: 172.17.0.2, host: e3a45581da16, networkLocation: /default-rack, certSerialId: null, persistedOpState: IN_SERVICE, persistedOpStateExpiryEpochSec: 0}, Type:RATIS, Factor:THREE, State:ALLOCATED, leaderId:4de2fc5c-9ef7-4df0-8518-9cb2cf92efa4, CreationTimestamp2021-01-12T17:04:56.375Z] moved to OPEN state
2021-01-12 17:05:04,806 [4de2fc5c-9ef7-4df0-8518-9cb2cf92efa4@group-EFC0334D5E7E-LeaderElection9] INFO  segmented.SegmentedRaftLogWorker (SegmentedRaftLogWorker.java:startLogSegment(392)) - 4de2fc5c-9ef7-4df0-8518-9cb2cf92efa4@group-EFC0334D5E7E-SegmentedRaftLogWorker: Starting segment from index:0
2021-01-12 17:05:04,810 [4de2fc5c-9ef7-4df0-8518-9cb2cf92efa4@group-EFC0334D5E7E-SegmentedRaftLogWorker] INFO  segmented.SegmentedRaftLogWorker (SegmentedRaftLogWorker.java:execute(599)) - 4de2fc5c-9ef7-4df0-8518-9cb2cf92efa4@group-EFC0334D5E7E-SegmentedRaftLogWorker: created new log segment /github/workspace/mnt/ozone/hadoop-ozone/integration-test/target/test-dir/MiniOzoneClusterImpl-cb34e439-7967-4e12-9ea2-a7af50442216/datanode-1/data/ratis/8003d5a0-236b-4948-a058-efc0334d5e7e/current/log_inprogress_0
2021-01-12 17:05:04,812 [4de2fc5c-9ef7-4df0-8518-9cb2cf92efa4@group-EFC0334D5E7E-LeaderElection9] INFO  server.RaftServer$Division (ServerState.java:setRaftConf(368)) - 4de2fc5c-9ef7-4df0-8518-9cb2cf92efa4@group-EFC0334D5E7E: set configuration 0: [2069f406-71d7-45f5-abaa-bef6e3da0a9b|rpc:172.17.0.2:35421|dataStream:|priority:0, dd7ecda3-b896-473f-b1b1-402e04ac6960|rpc:172.17.0.2:42437|dataStream:|priority:0, 4de2fc5c-9ef7-4df0-8518-9cb2cf92efa4|rpc:172.17.0.2:38135|dataStream:|priority:1], old=null
2021-01-12 17:05:04,811 [grpc-default-executor-1] INFO  ratis.XceiverServerRatis (XceiverServerRatis.java:handleLeaderChangedNotification(868)) - Leader change notification received for group: group-EFC0334D5E7E with new leaderId: 4de2fc5c-9ef7-4df0-8518-9cb2cf92efa4
2021-01-12 17:05:04,812 [grpc-default-executor-1] INFO  server.RaftServer$Division (ServerState.java:setLeader(249)) - 2069f406-71d7-45f5-abaa-bef6e3da0a9b@group-EFC0334D5E7E: change Leader from null to 4de2fc5c-9ef7-4df0-8518-9cb2cf92efa4 at term 1 for appendEntries, leader elected after 5303ms
2021-01-12 17:05:04,814 [grpc-default-executor-1] INFO  server.RaftServer$Division (ServerState.java:setRaftConf(368)) - 2069f406-71d7-45f5-abaa-bef6e3da0a9b@group-EFC0334D5E7E: set configuration 0: [2069f406-71d7-45f5-abaa-bef6e3da0a9b|rpc:172.17.0.2:35421|dataStream:|priority:0, dd7ecda3-b896-473f-b1b1-402e04ac6960|rpc:172.17.0.2:42437|dataStream:|priority:0, 4de2fc5c-9ef7-4df0-8518-9cb2cf92efa4|rpc:172.17.0.2:38135|dataStream:|priority:1], old=null
2021-01-12 17:05:04,814 [grpc-default-executor-1] INFO  segmented.SegmentedRaftLogWorker (SegmentedRaftLogWorker.java:startLogSegment(392)) - 2069f406-71d7-45f5-abaa-bef6e3da0a9b@group-EFC0334D5E7E-SegmentedRaftLogWorker: Starting segment from index:0
2021-01-12 17:05:04,816 [grpc-default-executor-0] INFO  ratis.XceiverServerRatis (XceiverServerRatis.java:handleLeaderChangedNotification(868)) - Leader change notification received for group: group-EFC0334D5E7E with new leaderId: 4de2fc5c-9ef7-4df0-8518-9cb2cf92efa4
2021-01-12 17:05:04,817 [grpc-default-executor-0] INFO  server.RaftServer$Division (ServerState.java:setLeader(249)) - dd7ecda3-b896-473f-b1b1-402e04ac6960@group-EFC0334D5E7E: change Leader from null to 4de2fc5c-9ef7-4df0-8518-9cb2cf92efa4 at term 1 for appendEntries, leader elected after 5127ms
2021-01-12 17:05:04,818 [2069f406-71d7-45f5-abaa-bef6e3da0a9b@group-EFC0334D5E7E-SegmentedRaftLogWorker] INFO  segmented.SegmentedRaftLogWorker (SegmentedRaftLogWorker.java:execute(599)) - 2069f406-71d7-45f5-abaa-bef6e3da0a9b@group-EFC0334D5E7E-SegmentedRaftLogWorker: created new log segment /github/workspace/mnt/ozone/hadoop-ozone/integration-test/target/test-dir/MiniOzoneClusterImpl-cb34e439-7967-4e12-9ea2-a7af50442216/datanode-2/data/ratis/8003d5a0-236b-4948-a058-efc0334d5e7e/current/log_inprogress_0
2021-01-12 17:05:04,827 [grpc-default-executor-0] INFO  server.RaftServer$Division (ServerState.java:setRaftConf(368)) - dd7ecda3-b896-473f-b1b1-402e04ac6960@group-EFC0334D5E7E: set configuration 0: [2069f406-71d7-45f5-abaa-bef6e3da0a9b|rpc:172.17.0.2:35421|dataStream:|priority:0, dd7ecda3-b896-473f-b1b1-402e04ac6960|rpc:172.17.0.2:42437|dataStream:|priority:0, 4de2fc5c-9ef7-4df0-8518-9cb2cf92efa4|rpc:172.17.0.2:38135|dataStream:|priority:1], old=null
2021-01-12 17:05:04,828 [grpc-default-executor-0] INFO  segmented.SegmentedRaftLogWorker (SegmentedRaftLogWorker.java:startLogSegment(392)) - dd7ecda3-b896-473f-b1b1-402e04ac6960@group-EFC0334D5E7E-SegmentedRaftLogWorker: Starting segment from index:0
2021-01-12 17:05:04,830 [dd7ecda3-b896-473f-b1b1-402e04ac6960@group-EFC0334D5E7E-SegmentedRaftLogWorker] INFO  segmented.SegmentedRaftLogWorker (SegmentedRaftLogWorker.java:execute(599)) - dd7ecda3-b896-473f-b1b1-402e04ac6960@group-EFC0334D5E7E-SegmentedRaftLogWorker: created new log segment /github/workspace/mnt/ozone/hadoop-ozone/integration-test/target/test-dir/MiniOzoneClusterImpl-cb34e439-7967-4e12-9ea2-a7af50442216/datanode-0/data/ratis/8003d5a0-236b-4948-a058-efc0334d5e7e/current/log_inprogress_0
2021-01-12 17:05:05,577 [Listener at 127.0.0.1/37433] INFO  ozone.MiniOzoneClusterImpl (MiniOzoneClusterImpl.java:lambda$waitForClusterToBeReady$0(179)) - Nodes are ready. Got 4 of 4 DN Heartbeats.
2021-01-12 17:05:05,577 [Listener at 127.0.0.1/37433] INFO  ozone.MiniOzoneClusterImpl (MiniOzoneClusterImpl.java:lambda$waitForClusterToBeReady$0(182)) - Cluster exits safe mode
2021-01-12 17:05:05,589 [Listener at 127.0.0.1/37433] INFO  server.StorageContainerManager (StorageContainerManager.java:stop(832)) - Stopping Replication Manager Service.
2021-01-12 17:05:05,589 [Listener at 127.0.0.1/37433] INFO  container.ReplicationManager (ReplicationManager.java:stop(234)) - Replication Monitor Thread is not running.
2021-01-12 17:05:05,589 [Listener at 127.0.0.1/37433] INFO  server.StorageContainerManager (StorageContainerManager.java:stop(839)) - Stopping the Datanode Admin Monitor.
2021-01-12 17:05:05,589 [Listener at 127.0.0.1/37433] INFO  server.StorageContainerManager (StorageContainerManager.java:stop(846)) - Stopping Lease Manager of the command watchers
2021-01-12 17:05:05,590 [Listener at 127.0.0.1/37433] INFO  server.StorageContainerManager (StorageContainerManager.java:stop(853)) - Stopping datanode service RPC server
2021-01-12 17:05:05,590 [Listener at 127.0.0.1/37433] INFO  server.SCMDatanodeProtocolServer (SCMDatanodeProtocolServer.java:stop(369)) - Stopping the RPC server for DataNodes
2021-01-12 17:05:05,590 [Listener at 127.0.0.1/37433] INFO  ipc.Server (Server.java:stop(3359)) - Stopping server on 43815
2021-01-12 17:05:05,592 [IPC Server Responder] INFO  ipc.Server (Server.java:run(1465)) - Stopping IPC Server Responder
2021-01-12 17:05:05,592 [IPC Server listener on 0] INFO  ipc.Server (Server.java:run(1330)) - Stopping IPC Server listener on 0
2021-01-12 17:05:05,654 [EndpointStateMachine task thread for /0.0.0.0:43815 - 0 ] WARN  statemachine.EndpointStateMachine (EndpointStateMachine.java:logIfNeeded(233)) - Unable to communicate to SCM server at 0.0.0.0:43815 for past 0 seconds.
java.io.EOFException: End of File Exception between local host is: "e3a45581da16/172.17.0.2"; destination host is: "0.0.0.0":43815; : java.io.EOFException; For more details see:  http://wiki.apache.org/hadoop/EOFException
	at sun.reflect.NativeConstructorAccessorImpl.newInstance0(Native Method)
	at sun.reflect.NativeConstructorAccessorImpl.newInstance(NativeConstructorAccessorImpl.java:62)
	at sun.reflect.DelegatingConstructorAccessorImpl.newInstance(DelegatingConstructorAccessorImpl.java:45)
	at java.lang.reflect.Constructor.newInstance(Constructor.java:423)
	at org.apache.hadoop.net.NetUtils.wrapWithMessage(NetUtils.java:833)
	at org.apache.hadoop.net.NetUtils.wrapException(NetUtils.java:791)
	at org.apache.hadoop.ipc.Client.getRpcResponse(Client.java:1549)
	at org.apache.hadoop.ipc.Client.call(Client.java:1491)
	at org.apache.hadoop.ipc.Client.call(Client.java:1388)
	at org.apache.hadoop.ipc.ProtobufRpcEngine$Invoker.invoke(ProtobufRpcEngine.java:233)
	at org.apache.hadoop.ipc.ProtobufRpcEngine$Invoker.invoke(ProtobufRpcEngine.java:118)
	at com.sun.proxy.$Proxy37.submitRequest(Unknown Source)
	at org.apache.hadoop.ozone.protocolPB.StorageContainerDatanodeProtocolClientSideTranslatorPB.submitRequest(StorageContainerDatanodeProtocolClientSideTranslatorPB.java:117)
	at org.apache.hadoop.ozone.protocolPB.StorageContainerDatanodeProtocolClientSideTranslatorPB.sendHeartbeat(StorageContainerDatanodeProtocolClientSideTranslatorPB.java:149)
	at org.apache.hadoop.ozone.container.common.states.endpoint.HeartbeatEndpointTask.call(HeartbeatEndpointTask.java:146)
	at org.apache.hadoop.ozone.container.common.states.endpoint.HeartbeatEndpointTask.call(HeartbeatEndpointTask.java:77)
	at java.util.concurrent.FutureTask.run(FutureTask.java:266)
	at java.util.concurrent.ThreadPoolExecutor.runWorker(ThreadPoolExecutor.java:1149)
	at java.util.concurrent.ThreadPoolExecutor$Worker.run(ThreadPoolExecutor.java:624)
	at java.lang.Thread.run(Thread.java:748)
Caused by: java.io.EOFException
	at java.io.DataInputStream.readInt(DataInputStream.java:392)
	at org.apache.hadoop.ipc.Client$IpcStreams.readResponse(Client.java:1850)
	at org.apache.hadoop.ipc.Client$Connection.receiveRpcResponse(Client.java:1183)
	at org.apache.hadoop.ipc.Client$Connection.run(Client.java:1079)
2021-01-12 17:05:06,283 [SCM Heartbeat Processing Thread - 0] WARN  node.NodeStateManager (NodeStateManager.java:scheduleNextHealthCheck(688)) - Current Thread is interrupted, shutting down HB processing thread for Node Manager.
2021-01-12 17:05:06,284 [Listener at 127.0.0.1/37433] INFO  server.StorageContainerManager (StorageContainerManager.java:stop(861)) - Stopping block service RPC server
2021-01-12 17:05:06,284 [Listener at 127.0.0.1/37433] INFO  server.SCMBlockProtocolServer (SCMBlockProtocolServer.java:stop(159)) - Stopping the RPC server for Block Protocol
2021-01-12 17:05:06,284 [Listener at 127.0.0.1/37433] INFO  ipc.Server (Server.java:stop(3359)) - Stopping server on 34871
2021-01-12 17:05:06,286 [IPC Server listener on 0] INFO  ipc.Server (Server.java:run(1330)) - Stopping IPC Server listener on 0
2021-01-12 17:05:06,286 [IPC Server Responder] INFO  ipc.Server (Server.java:run(1465)) - Stopping IPC Server Responder
2021-01-12 17:05:06,286 [Listener at 127.0.0.1/37433] INFO  server.StorageContainerManager (StorageContainerManager.java:stop(868)) - Stopping the StorageContainerLocationProtocol RPC server
2021-01-12 17:05:06,286 [Listener at 127.0.0.1/37433] INFO  server.SCMClientProtocolServer (SCMClientProtocolServer.java:stop(168)) - Stopping the RPC server for Client Protocol
2021-01-12 17:05:06,286 [Listener at 127.0.0.1/37433] INFO  ipc.Server (Server.java:stop(3359)) - Stopping server on 34333
2021-01-12 17:05:06,288 [Listener at 127.0.0.1/37433] INFO  server.StorageContainerManager (StorageContainerManager.java:stop(875)) - Stopping Storage Container Manager HTTP server.
2021-01-12 17:05:06,290 [Listener at 127.0.0.1/37433] INFO  handler.ContextHandler (ContextHandler.java:doStop(1154)) - Stopped o.e.j.w.WebAppContext@6b1321b7{scm,/,null,STOPPED}{file:/github/workspace/mnt/ozone/hadoop-ozone/integration-test/target/test-classes/webapps/scm}
2021-01-12 17:05:06,291 [IPC Server Responder] INFO  ipc.Server (Server.java:run(1465)) - Stopping IPC Server Responder
2021-01-12 17:05:06,291 [IPC Server listener on 0] INFO  ipc.Server (Server.java:run(1330)) - Stopping IPC Server listener on 0
2021-01-12 17:05:06,294 [Listener at 127.0.0.1/37433] INFO  server.AbstractConnector (AbstractConnector.java:doStop(381)) - Stopped ServerConnector@37a0ec3c{HTTP/1.1, (http/1.1)}{0.0.0.0:0}
2021-01-12 17:05:06,295 [Listener at 127.0.0.1/37433] INFO  server.session (HouseKeeper.java:stopScavenging(149)) - node0 Stopped scavenging
2021-01-12 17:05:06,295 [Listener at 127.0.0.1/37433] INFO  handler.ContextHandler (ContextHandler.java:doStop(1154)) - Stopped o.e.j.s.ServletContextHandler@588545ac{static,/static,file:///github/workspace/mnt/ozone/hadoop-ozone/integration-test/target/test-classes/webapps/static,STOPPED}
2021-01-12 17:05:06,295 [Listener at 127.0.0.1/37433] INFO  handler.ContextHandler (ContextHandler.java:doStop(1154)) - Stopped o.e.j.s.ServletContextHandler@261bd7b{logs,/logs,file:///github/workspace/mnt/ozone/hadoop-ozone/integration-test/target/log,STOPPED}
2021-01-12 17:05:06,296 [Listener at 127.0.0.1/37433] INFO  server.StorageContainerManager (StorageContainerManager.java:stop(886)) - Stopping Block Manager Service.
2021-01-12 17:05:06,296 [Listener at 127.0.0.1/37433] INFO  utils.BackgroundService (BackgroundService.java:shutdown(132)) - Shutting down service SCMBlockDeletingService
2021-01-12 17:05:06,296 [Listener at 127.0.0.1/37433] INFO  utils.BackgroundService (BackgroundService.java:shutdown(132)) - Shutting down service SCMBlockDeletingService
2021-01-12 17:05:06,297 [Listener at 127.0.0.1/37433] INFO  server.StorageContainerManager (StorageContainerManager.java:stop(911)) - Stopping SCM Event Queue.
2021-01-12 17:05:06,300 [Listener at 127.0.0.1/37433] INFO  impl.MetricsSystemImpl (MetricsSystemImpl.java:stop(210)) - Stopping HddsDatanode metrics system...
2021-01-12 17:05:06,304 [prometheus] INFO  impl.MetricsSinkAdapter (MetricsSinkAdapter.java:publishMetricsFromQueue(141)) - prometheus thread interrupted.
2021-01-12 17:05:06,304 [Listener at 127.0.0.1/37433] INFO  impl.MetricsSystemImpl (MetricsSystemImpl.java:stop(216)) - HddsDatanode metrics system stopped.
2021-01-12 17:05:06,305 [Listener at 127.0.0.1/37433] WARN  server.ServerUtils (ServerUtils.java:getScmDbDir(148)) - ozone.scm.db.dirs is not configured. We recommend adding this setting. Falling back to ozone.metadata.dirs instead.
2021-01-12 17:05:06,306 [Listener at 127.0.0.1/37433] WARN  db.DBStoreBuilder (DBStoreBuilder.java:applyDBDefinition(145)) - ozone.scm.db.dirs is not configured. We recommend adding this setting. Falling back to ozone.metadata.dirs instead.
2021-01-12 17:05:06,328 [Listener at 127.0.0.1/37433] INFO  net.NodeSchemaLoader (NodeSchemaLoader.java:loadSchemaFromFile(126)) - Loading file from sun.misc.CompoundEnumeration@53e6c017
2021-01-12 17:05:06,328 [Listener at 127.0.0.1/37433] INFO  net.NodeSchemaLoader (NodeSchemaLoader.java:loadSchema(172)) - Loading network topology layer schema file
2021-01-12 17:05:06,331 [Listener at 127.0.0.1/37433] INFO  node.SCMNodeManager (SCMNodeManager.java:<init>(123)) - Entering startup safe mode.
2021-01-12 17:05:06,332 [Listener at 127.0.0.1/37433] INFO  algorithms.ContainerPlacementPolicyFactory (ContainerPlacementPolicyFactory.java:getPolicy(60)) - Create container placement policy of type org.apache.hadoop.hdds.scm.container.placement.algorithms.SCMContainerPlacementRandom
2021-01-12 17:05:06,332 [Listener at 127.0.0.1/37433] INFO  algorithms.LeaderChoosePolicyFactory (LeaderChoosePolicyFactory.java:getPolicy(57)) - Create leader choose policy of type org.apache.hadoop.hdds.scm.pipeline.leader.choose.algorithms.MinLeaderCountChoosePolicy
2021-01-12 17:05:06,333 [Listener at 127.0.0.1/37433] INFO  pipeline.PipelineStateManager (PipelineStateManager.java:addPipeline(54)) - Created pipeline Pipeline[ Id: 45d546a8-a912-4229-8200-bf3b12186052, Nodes: dd7ecda3-b896-473f-b1b1-402e04ac6960{ip: 172.17.0.2, host: e3a45581da16, networkLocation: /default-rack, certSerialId: null, persistedOpState: IN_SERVICE, persistedOpStateExpiryEpochSec: 0}, Type:RATIS, Factor:ONE, State:OPEN, leaderId:dd7ecda3-b896-473f-b1b1-402e04ac6960, CreationTimestamp2021-01-12T17:05:06.333Z]
2021-01-12 17:05:06,333 [Listener at 127.0.0.1/37433] INFO  pipeline.PipelineStateManager (PipelineStateManager.java:addPipeline(54)) - Created pipeline Pipeline[ Id: 5c789aa5-d9a5-432a-b73e-a34531b3ff60, Nodes: 2069f406-71d7-45f5-abaa-bef6e3da0a9b{ip: 172.17.0.2, host: e3a45581da16, networkLocation: /default-rack, certSerialId: null, persistedOpState: IN_SERVICE, persistedOpStateExpiryEpochSec: 0}, Type:RATIS, Factor:ONE, State:OPEN, leaderId:2069f406-71d7-45f5-abaa-bef6e3da0a9b, CreationTimestamp2021-01-12T17:05:06.333Z]
2021-01-12 17:05:06,333 [Listener at 127.0.0.1/37433] INFO  pipeline.PipelineStateManager (PipelineStateManager.java:addPipeline(54)) - Created pipeline Pipeline[ Id: 8003d5a0-236b-4948-a058-efc0334d5e7e, Nodes: 2069f406-71d7-45f5-abaa-bef6e3da0a9b{ip: 172.17.0.2, host: e3a45581da16, networkLocation: /default-rack, certSerialId: null, persistedOpState: IN_SERVICE, persistedOpStateExpiryEpochSec: 0}4de2fc5c-9ef7-4df0-8518-9cb2cf92efa4{ip: 172.17.0.2, host: e3a45581da16, networkLocation: /default-rack, certSerialId: null, persistedOpState: IN_SERVICE, persistedOpStateExpiryEpochSec: 0}dd7ecda3-b896-473f-b1b1-402e04ac6960{ip: 172.17.0.2, host: e3a45581da16, networkLocation: /default-rack, certSerialId: null, persistedOpState: IN_SERVICE, persistedOpStateExpiryEpochSec: 0}, Type:RATIS, Factor:THREE, State:OPEN, leaderId:4de2fc5c-9ef7-4df0-8518-9cb2cf92efa4, CreationTimestamp2021-01-12T17:05:06.333Z]
2021-01-12 17:05:06,334 [Listener at 127.0.0.1/37433] INFO  pipeline.PipelineStateManager (PipelineStateManager.java:addPipeline(54)) - Created pipeline Pipeline[ Id: 86e45650-17c2-4ffa-af23-e5593941f623, Nodes: 2069f406-71d7-45f5-abaa-bef6e3da0a9b{ip: 172.17.0.2, host: e3a45581da16, networkLocation: /default-rack, certSerialId: null, persistedOpState: IN_SERVICE, persistedOpStateExpiryEpochSec: 0}4de2fc5c-9ef7-4df0-8518-9cb2cf92efa4{ip: 172.17.0.2, host: e3a45581da16, networkLocation: /default-rack, certSerialId: null, persistedOpState: IN_SERVICE, persistedOpStateExpiryEpochSec: 0}dd7ecda3-b896-473f-b1b1-402e04ac6960{ip: 172.17.0.2, host: e3a45581da16, networkLocation: /default-rack, certSerialId: null, persistedOpState: IN_SERVICE, persistedOpStateExpiryEpochSec: 0}, Type:RATIS, Factor:THREE, State:OPEN, leaderId:2069f406-71d7-45f5-abaa-bef6e3da0a9b, CreationTimestamp2021-01-12T17:05:06.334Z]
2021-01-12 17:05:06,334 [Listener at 127.0.0.1/37433] INFO  pipeline.PipelineStateManager (PipelineStateManager.java:addPipeline(54)) - Created pipeline Pipeline[ Id: 9069073d-f37e-4f90-a04b-54ff71b85834, Nodes: 4de2fc5c-9ef7-4df0-8518-9cb2cf92efa4{ip: 172.17.0.2, host: e3a45581da16, networkLocation: /default-rack, certSerialId: null, persistedOpState: IN_SERVICE, persistedOpStateExpiryEpochSec: 0}, Type:RATIS, Factor:ONE, State:OPEN, leaderId:4de2fc5c-9ef7-4df0-8518-9cb2cf92efa4, CreationTimestamp2021-01-12T17:05:06.334Z]
2021-01-12 17:05:06,334 [Listener at 127.0.0.1/37433] INFO  pipeline.PipelineStateManager (PipelineStateManager.java:addPipeline(54)) - Created pipeline Pipeline[ Id: da7813b3-0e2b-4650-9abd-d337bd890c19, Nodes: 0f0c9c6f-917b-4a29-8208-9d3fe19e68b7{ip: 172.17.0.2, host: e3a45581da16, networkLocation: /default-rack, certSerialId: null, persistedOpState: IN_SERVICE, persistedOpStateExpiryEpochSec: 0}, Type:RATIS, Factor:ONE, State:OPEN, leaderId:0f0c9c6f-917b-4a29-8208-9d3fe19e68b7, CreationTimestamp2021-01-12T17:05:06.334Z]
2021-01-12 17:05:06,335 [Listener at 127.0.0.1/37433] INFO  algorithms.PipelineChoosePolicyFactory (PipelineChoosePolicyFactory.java:createPipelineChoosePolicyFromClass(75)) - Create pipeline choose policy of type org.apache.hadoop.hdds.scm.pipeline.choose.algorithms.RandomPipelineChoosePolicy
2021-01-12 17:05:06,342 [Listener at 127.0.0.1/37433] INFO  safemode.HealthyPipelineSafeModeRule (HealthyPipelineSafeModeRule.java:<init>(89)) - Total pipeline count is 2, healthy pipeline threshold count is 1
2021-01-12 17:05:06,343 [Listener at 127.0.0.1/37433] INFO  safemode.OneReplicaPipelineSafeModeRule (OneReplicaPipelineSafeModeRule.java:<init>(85)) - Total pipeline count is 2, pipeline's with at least one datanode reported threshold count is 2
2021-01-12 17:05:06,344 [Listener at 127.0.0.1/37433] INFO  ipc.CallQueueManager (CallQueueManager.java:<init>(84)) - Using callQueue: class java.util.concurrent.LinkedBlockingQueue, queueCapacity: 2000, scheduler: class org.apache.hadoop.ipc.DefaultRpcScheduler, ipcBackoff: false.
2021-01-12 17:05:06,344 [Socket Reader #1 for port 43815] INFO  ipc.Server (Server.java:run(1219)) - Starting Socket Reader #1 for port 43815
2021-01-12 17:05:06,345 [Listener at 0.0.0.0/43815] INFO  ipc.CallQueueManager (CallQueueManager.java:<init>(84)) - Using callQueue: class java.util.concurrent.LinkedBlockingQueue, queueCapacity: 2000, scheduler: class org.apache.hadoop.ipc.DefaultRpcScheduler, ipcBackoff: false.
2021-01-12 17:05:06,349 [Socket Reader #1 for port 34871] INFO  ipc.Server (Server.java:run(1219)) - Starting Socket Reader #1 for port 34871
2021-01-12 17:05:06,350 [Listener at 0.0.0.0/34871] INFO  ipc.CallQueueManager (CallQueueManager.java:<init>(84)) - Using callQueue: class java.util.concurrent.LinkedBlockingQueue, queueCapacity: 2000, scheduler: class org.apache.hadoop.ipc.DefaultRpcScheduler, ipcBackoff: false.
2021-01-12 17:05:06,351 [Socket Reader #1 for port 34333] INFO  ipc.Server (Server.java:run(1219)) - Starting Socket Reader #1 for port 34333
2021-01-12 17:05:06,354 [Listener at 0.0.0.0/34333] INFO  http.BaseHttpServer (BaseHttpServer.java:newHttpServer2BuilderForOzone(207)) - Starting Web-server for scm at: http://0.0.0.0:36569
2021-01-12 17:05:06,355 [Listener at 0.0.0.0/34333] INFO  http.BaseHttpServer (BaseHttpServer.java:<init>(106)) - Hadoop Security Enabled: false Ozone Security Enabled: false Ozone HTTP Security Enabled: false 
2021-01-12 17:05:06,356 [Listener at 0.0.0.0/34333] INFO  server.AuthenticationFilter (AuthenticationFilter.java:constructSecretProvider(240)) - Unable to initialize FileSignerSecretProvider, falling back to use random secrets.
2021-01-12 17:05:06,356 [Listener at 0.0.0.0/34333] WARN  http.HttpRequestLog (HttpRequestLog.java:getRequestLog(103)) - Jetty request log can only be enabled using Log4j
2021-01-12 17:05:06,357 [Listener at 0.0.0.0/34333] INFO  http.HttpServer2 (HttpServer2.java:addGlobalFilter(1020)) - Added global filter 'safety' (class=org.apache.hadoop.hdds.server.http.HttpServer2$QuotingInputFilter)
2021-01-12 17:05:06,358 [Listener at 0.0.0.0/34333] INFO  http.HttpServer2 (HttpServer2.java:addFilter(996)) - Added filter static_user_filter (class=org.apache.hadoop.http.lib.StaticUserWebFilter$StaticUserFilter) to context scm
2021-01-12 17:05:06,358 [Listener at 0.0.0.0/34333] INFO  http.HttpServer2 (HttpServer2.java:addFilter(1004)) - Added filter static_user_filter (class=org.apache.hadoop.http.lib.StaticUserWebFilter$StaticUserFilter) to context static
2021-01-12 17:05:06,358 [Listener at 0.0.0.0/34333] INFO  http.HttpServer2 (HttpServer2.java:addFilter(1004)) - Added filter static_user_filter (class=org.apache.hadoop.http.lib.StaticUserWebFilter$StaticUserFilter) to context logs
2021-01-12 17:05:06,365 [Listener at 0.0.0.0/34333] INFO  server.StorageContainerManager (StorageContainerManager.java:start(789)) - StorageContainerLocationProtocol RPC server is listening at /0.0.0.0:34333
2021-01-12 17:05:06,366 [Listener at 0.0.0.0/34333] WARN  impl.MetricsConfig (MetricsConfig.java:loadFirst(134)) - Cannot locate configuration: tried hadoop-metrics2-storagecontainermanager.properties,hadoop-metrics2.properties
2021-01-12 17:05:06,369 [Listener at 0.0.0.0/34333] INFO  impl.MetricsSystemImpl (MetricsSystemImpl.java:startTimer(374)) - Scheduled Metric snapshot period at 10 second(s).
2021-01-12 17:05:06,369 [Listener at 0.0.0.0/34333] INFO  impl.MetricsSystemImpl (MetricsSystemImpl.java:start(191)) - StorageContainerManager metrics system started
2021-01-12 17:05:06,376 [Listener at 0.0.0.0/34333] WARN  impl.MetricsSystemImpl (MetricsSystemImpl.java:register(276)) - Sink prometheus already exists!
2021-01-12 17:05:06,388 [Listener at 0.0.0.0/34333] INFO  server.SCMClientProtocolServer (SCMClientProtocolServer.java:start(159)) - RPC server for Client  is listening at /0.0.0.0:34333
2021-01-12 17:05:06,389 [IPC Server Responder] INFO  ipc.Server (Server.java:run(1460)) - IPC Server Responder: starting
2021-01-12 17:05:06,389 [IPC Server listener on 34333] INFO  ipc.Server (Server.java:run(1298)) - IPC Server listener on 34333: starting
2021-01-12 17:05:06,398 [Listener at 0.0.0.0/34333] INFO  server.StorageContainerManager (StorageContainerManager.java:start(801)) - ScmBlockLocationProtocol RPC server is listening at /0.0.0.0:34871
2021-01-12 17:05:06,398 [Listener at 0.0.0.0/34333] INFO  server.SCMBlockProtocolServer (SCMBlockProtocolServer.java:start(150)) - RPC server for Block Protocol is listening at /0.0.0.0:34871
2021-01-12 17:05:06,399 [IPC Server Responder] INFO  ipc.Server (Server.java:run(1460)) - IPC Server Responder: starting
2021-01-12 17:05:06,399 [IPC Server listener on 34871] INFO  ipc.Server (Server.java:run(1298)) - IPC Server listener on 34871: starting
2021-01-12 17:05:06,406 [Listener at 0.0.0.0/34333] INFO  server.StorageContainerManager (StorageContainerManager.java:start(807)) - ScmDatanodeProtocl RPC server is listening at /0.0.0.0:43815
2021-01-12 17:05:06,406 [Listener at 0.0.0.0/34333] INFO  server.SCMDatanodeProtocolServer (SCMDatanodeProtocolServer.java:start(174)) - RPC server for DataNodes is listening at /0.0.0.0:43815
2021-01-12 17:05:06,407 [IPC Server Responder] INFO  ipc.Server (Server.java:run(1460)) - IPC Server Responder: starting
2021-01-12 17:05:06,407 [IPC Server listener on 43815] INFO  ipc.Server (Server.java:run(1298)) - IPC Server listener on 43815: starting
2021-01-12 17:05:06,414 [Listener at 0.0.0.0/34333] INFO  http.HttpServer2 (HttpServer2.java:bindListener(1238)) - Jetty bound to port 36569
2021-01-12 17:05:06,414 [Listener at 0.0.0.0/34333] INFO  server.Server (Server.java:doStart(375)) - jetty-9.4.34.v20201102; built: 2020-11-02T14:15:39.302Z; git: e46af88704a893fc12cb0e3bf46e2c7b48a009e7; jvm 1.8.0_232-b09
2021-01-12 17:05:06,416 [Listener at 0.0.0.0/34333] INFO  server.session (DefaultSessionIdManager.java:doStart(334)) - DefaultSessionIdManager workerName=node0
2021-01-12 17:05:06,416 [Listener at 0.0.0.0/34333] INFO  server.session (DefaultSessionIdManager.java:doStart(339)) - No SessionScavenger set, using defaults
2021-01-12 17:05:06,416 [Listener at 0.0.0.0/34333] INFO  server.session (HouseKeeper.java:startScavenging(132)) - node0 Scavenging every 660000ms
2021-01-12 17:05:06,417 [Listener at 0.0.0.0/34333] INFO  handler.ContextHandler (ContextHandler.java:doStart(916)) - Started o.e.j.s.ServletContextHandler@43c25e89{logs,/logs,file:///github/workspace/mnt/ozone/hadoop-ozone/integration-test/target/log,AVAILABLE}
2021-01-12 17:05:06,417 [Listener at 0.0.0.0/34333] INFO  handler.ContextHandler (ContextHandler.java:doStart(916)) - Started o.e.j.s.ServletContextHandler@3c2406dd{static,/static,file:///github/workspace/mnt/ozone/hadoop-ozone/integration-test/target/test-classes/webapps/static,AVAILABLE}
2021-01-12 17:05:06,423 [Listener at 0.0.0.0/34333] INFO  handler.ContextHandler (ContextHandler.java:doStart(916)) - Started o.e.j.w.WebAppContext@53b10e9a{scm,/,file:///github/workspace/mnt/ozone/hadoop-ozone/integration-test/target/test-classes/webapps/scm/,AVAILABLE}{file:/github/workspace/mnt/ozone/hadoop-ozone/integration-test/target/test-classes/webapps/scm}
2021-01-12 17:05:06,424 [Listener at 0.0.0.0/34333] INFO  server.AbstractConnector (AbstractConnector.java:doStart(331)) - Started ServerConnector@53628ff6{HTTP/1.1, (http/1.1)}{0.0.0.0:36569}
2021-01-12 17:05:06,425 [Listener at 0.0.0.0/34333] INFO  server.Server (Server.java:doStart(415)) - Started @24601ms
2021-01-12 17:05:06,425 [Listener at 0.0.0.0/34333] WARN  impl.MetricsSystemImpl (MetricsSystemImpl.java:register(276)) - Sink prometheus already exists!
2021-01-12 17:05:06,428 [Listener at 0.0.0.0/34333] INFO  http.BaseHttpServer (BaseHttpServer.java:updateConnectorAddress(327)) - HTTP server of scm listening at http://0.0.0.0:36569
2021-01-12 17:05:06,428 [Listener at 0.0.0.0/34333] INFO  ozone.MiniOzoneClusterImpl (MiniOzoneClusterImpl.java:lambda$waitForClusterToBeReady$0(179)) - Waiting for nodes to be ready. Got 0 of 4 DN Heartbeats.
2021-01-12 17:05:06,428 [Listener at 0.0.0.0/34333] INFO  ozone.MiniOzoneClusterImpl (MiniOzoneClusterImpl.java:lambda$waitForClusterToBeReady$0(182)) - Waiting for cluster to exit safe mode
2021-01-12 17:05:06,428 [org.apache.hadoop.util.JvmPauseMonitor$Monitor@7475f071] INFO  util.JvmPauseMonitor (JvmPauseMonitor.java:run(188)) - Starting JVM pause monitor
2021-01-12 17:05:06,674 [EndpointStateMachine task thread for /0.0.0.0:43815 - 0 ] INFO  ipc.Client (Client.java:handleConnectionFailure(958)) - Retrying connect to server: 0.0.0.0/0.0.0.0:43815. Already tried 0 time(s); retry policy is RetryUpToMaximumCountWithFixedSleep(maxRetries=15, sleepTime=1000 MILLISECONDS)
2021-01-12 17:05:06,677 [IPC Server handler 0 on default port 43815] INFO  server.SCMDatanodeHeartbeatDispatcher (SCMDatanodeHeartbeatDispatcher.java:dispatch(96)) - SCM received heartbeat from an unregistered datanode 0f0c9c6f-917b-4a29-8208-9d3fe19e68b7{ip: 172.17.0.2, host: e3a45581da16, networkLocation: /default-rack, certSerialId: null, persistedOpState: null, persistedOpStateExpiryEpochSec: 0}. Asking datanode to re-register.
2021-01-12 17:05:06,677 [IPC Server handler 1 on default port 43815] INFO  server.SCMDatanodeHeartbeatDispatcher (SCMDatanodeHeartbeatDispatcher.java:dispatch(96)) - SCM received heartbeat from an unregistered datanode 4de2fc5c-9ef7-4df0-8518-9cb2cf92efa4{ip: 172.17.0.2, host: e3a45581da16, networkLocation: /default-rack, certSerialId: null, persistedOpState: null, persistedOpStateExpiryEpochSec: 0}. Asking datanode to re-register.
2021-01-12 17:05:06,678 [IPC Server handler 0 on default port 43815] INFO  server.SCMDatanodeHeartbeatDispatcher (SCMDatanodeHeartbeatDispatcher.java:dispatch(96)) - SCM received heartbeat from an unregistered datanode dd7ecda3-b896-473f-b1b1-402e04ac6960{ip: 172.17.0.2, host: e3a45581da16, networkLocation: /default-rack, certSerialId: null, persistedOpState: null, persistedOpStateExpiryEpochSec: 0}. Asking datanode to re-register.
2021-01-12 17:05:06,678 [IPC Server handler 0 on default port 43815] INFO  server.SCMDatanodeHeartbeatDispatcher (SCMDatanodeHeartbeatDispatcher.java:dispatch(96)) - SCM received heartbeat from an unregistered datanode 2069f406-71d7-45f5-abaa-bef6e3da0a9b{ip: 172.17.0.2, host: e3a45581da16, networkLocation: /default-rack, certSerialId: null, persistedOpState: null, persistedOpStateExpiryEpochSec: 0}. Asking datanode to re-register.
2021-01-12 17:05:06,684 [IPC Server handler 4 on default port 43815] INFO  server.SCMDatanodeHeartbeatDispatcher (SCMDatanodeHeartbeatDispatcher.java:dispatch(96)) - SCM received heartbeat from an unregistered datanode 0f0c9c6f-917b-4a29-8208-9d3fe19e68b7{ip: 172.17.0.2, host: e3a45581da16, networkLocation: /default-rack, certSerialId: null, persistedOpState: null, persistedOpStateExpiryEpochSec: 0}. Asking datanode to re-register.
2021-01-12 17:05:06,803 [IPC Server handler 5 on default port 43815] INFO  net.NetworkTopologyImpl (NetworkTopologyImpl.java:add(111)) - Added a new node: /default-rack/4de2fc5c-9ef7-4df0-8518-9cb2cf92efa4
2021-01-12 17:05:06,804 [IPC Server handler 5 on default port 43815] INFO  node.SCMNodeManager (SCMNodeManager.java:register(341)) - Registered Data node : 4de2fc5c-9ef7-4df0-8518-9cb2cf92efa4{ip: 172.17.0.2, host: e3a45581da16, networkLocation: /default-rack, certSerialId: null, persistedOpState: IN_SERVICE, persistedOpStateExpiryEpochSec: 0}
2021-01-12 17:05:06,806 [EventQueue-NodeRegistrationContainerReportForContainerSafeModeRule] INFO  safemode.SCMSafeModeManager (SCMSafeModeManager.java:validateSafeModeExitRules(214)) - ContainerSafeModeRule rule is successfully validated
2021-01-12 17:05:06,806 [EventQueue-NodeRegistrationContainerReportForDataNodeSafeModeRule] INFO  safemode.SCMSafeModeManager (DataNodeSafeModeRule.java:process(71)) - SCM in safe mode. 1 DataNodes registered, 1 required.
2021-01-12 17:05:06,807 [EventQueue-NodeRegistrationContainerReportForDataNodeSafeModeRule] INFO  safemode.SCMSafeModeManager (SCMSafeModeManager.java:validateSafeModeExitRules(214)) - DataNodeSafeModeRule rule is successfully validated
2021-01-12 17:05:06,808 [EventQueue-NodeRegistrationContainerReportForDataNodeSafeModeRule] INFO  safemode.SCMSafeModeManager (SCMSafeModeManager.java:completePreCheck(242)) - All SCM safe mode pre check rules have passed
2021-01-12 17:05:06,808 [EventQueue-PipelineReportForOneReplicaPipelineSafeModeRule] INFO  safemode.SCMSafeModeManager (OneReplicaPipelineSafeModeRule.java:process(128)) - SCM in safe mode. Pipelines with at least one datanode reported count is 2, required at least one datanode reported per pipeline count is 2
2021-01-12 17:05:06,808 [EventQueue-PipelineReportForOneReplicaPipelineSafeModeRule] INFO  safemode.SCMSafeModeManager (SCMSafeModeManager.java:validateSafeModeExitRules(214)) - AtleastOneDatanodeReportedRule rule is successfully validated
2021-01-12 17:05:06,808 [EventQueue-OpenPipelineForHealthyPipelineSafeModeRule] INFO  safemode.SCMSafeModeManager (HealthyPipelineSafeModeRule.java:process(128)) - SCM in safe mode. Healthy pipelines reported count is 0, required healthy pipeline reported count is 1
2021-01-12 17:05:06,893 [IPC Server handler 6 on default port 43815] INFO  net.NetworkTopologyImpl (NetworkTopologyImpl.java:add(111)) - Added a new node: /default-rack/dd7ecda3-b896-473f-b1b1-402e04ac6960
2021-01-12 17:05:06,893 [IPC Server handler 6 on default port 43815] INFO  node.SCMNodeManager (SCMNodeManager.java:register(341)) - Registered Data node : dd7ecda3-b896-473f-b1b1-402e04ac6960{ip: 172.17.0.2, host: e3a45581da16, networkLocation: /default-rack, certSerialId: null, persistedOpState: IN_SERVICE, persistedOpStateExpiryEpochSec: 0}
2021-01-12 17:05:06,894 [EventQueue-NodeRegistrationContainerReportForDataNodeSafeModeRule] INFO  safemode.SCMSafeModeManager (SCMSafeModeManager.java:validateSafeModeExitRules(214)) - DataNodeSafeModeRule rule is successfully validated
2021-01-12 17:05:06,894 [EventQueue-NodeRegistrationContainerReportForContainerSafeModeRule] INFO  safemode.SCMSafeModeManager (SCMSafeModeManager.java:validateSafeModeExitRules(214)) - ContainerSafeModeRule rule is successfully validated
2021-01-12 17:05:06,894 [EventQueue-PipelineReportForOneReplicaPipelineSafeModeRule] INFO  safemode.SCMSafeModeManager (SCMSafeModeManager.java:validateSafeModeExitRules(214)) - AtleastOneDatanodeReportedRule rule is successfully validated
2021-01-12 17:05:06,895 [EventQueue-OpenPipelineForHealthyPipelineSafeModeRule] INFO  safemode.SCMSafeModeManager (HealthyPipelineSafeModeRule.java:process(128)) - SCM in safe mode. Healthy pipelines reported count is 0, required healthy pipeline reported count is 1
2021-01-12 17:05:07,429 [Listener at 0.0.0.0/34333] INFO  ozone.MiniOzoneClusterImpl (MiniOzoneClusterImpl.java:lambda$waitForClusterToBeReady$0(179)) - Waiting for nodes to be ready. Got 2 of 4 DN Heartbeats.
2021-01-12 17:05:07,429 [Listener at 0.0.0.0/34333] INFO  ozone.MiniOzoneClusterImpl (MiniOzoneClusterImpl.java:lambda$waitForClusterToBeReady$0(182)) - Waiting for cluster to exit safe mode
2021-01-12 17:05:07,653 [IPC Server handler 0 on default port 43815] INFO  net.NetworkTopologyImpl (NetworkTopologyImpl.java:add(111)) - Added a new node: /default-rack/2069f406-71d7-45f5-abaa-bef6e3da0a9b
2021-01-12 17:05:07,653 [IPC Server handler 0 on default port 43815] INFO  node.SCMNodeManager (SCMNodeManager.java:register(341)) - Registered Data node : 2069f406-71d7-45f5-abaa-bef6e3da0a9b{ip: 172.17.0.2, host: e3a45581da16, networkLocation: /default-rack, certSerialId: null, persistedOpState: IN_SERVICE, persistedOpStateExpiryEpochSec: 0}
2021-01-12 17:05:07,653 [EventQueue-NodeRegistrationContainerReportForContainerSafeModeRule] INFO  safemode.SCMSafeModeManager (SCMSafeModeManager.java:validateSafeModeExitRules(214)) - ContainerSafeModeRule rule is successfully validated
2021-01-12 17:05:07,654 [EventQueue-PipelineReportForOneReplicaPipelineSafeModeRule] INFO  safemode.SCMSafeModeManager (SCMSafeModeManager.java:validateSafeModeExitRules(214)) - AtleastOneDatanodeReportedRule rule is successfully validated
2021-01-12 17:05:07,654 [EventQueue-OpenPipelineForHealthyPipelineSafeModeRule] INFO  safemode.SCMSafeModeManager (HealthyPipelineSafeModeRule.java:process(128)) - SCM in safe mode. Healthy pipelines reported count is 1, required healthy pipeline reported count is 1
2021-01-12 17:05:07,654 [EventQueue-OpenPipelineForHealthyPipelineSafeModeRule] INFO  safemode.SCMSafeModeManager (SCMSafeModeManager.java:validateSafeModeExitRules(214)) - HealthyPipelineSafeModeRule rule is successfully validated
2021-01-12 17:05:07,654 [EventQueue-OpenPipelineForHealthyPipelineSafeModeRule] INFO  safemode.SCMSafeModeManager (SCMSafeModeManager.java:validateSafeModeExitRules(228)) - ScmSafeModeManager, all rules are successfully validated
2021-01-12 17:05:07,654 [EventQueue-OpenPipelineForHealthyPipelineSafeModeRule] INFO  safemode.SCMSafeModeManager (SCMSafeModeManager.java:exitSafeMode(257)) - SCM exiting safe mode.
2021-01-12 17:05:07,665 [Thread-250] WARN  events.EventQueue (EventQueue.java:fireEvent(150)) - Processing of TypedEvent{payloadType=SafeModeStatus, name='Delayed safe mode status'} is skipped, EventQueue is not running
2021-01-12 17:05:07,670 [IPC Server handler 1 on default port 43815] INFO  net.NetworkTopologyImpl (NetworkTopologyImpl.java:add(111)) - Added a new node: /default-rack/0f0c9c6f-917b-4a29-8208-9d3fe19e68b7
2021-01-12 17:05:07,671 [IPC Server handler 1 on default port 43815] INFO  node.SCMNodeManager (SCMNodeManager.java:register(341)) - Registered Data node : 0f0c9c6f-917b-4a29-8208-9d3fe19e68b7{ip: 172.17.0.2, host: e3a45581da16, networkLocation: /default-rack, certSerialId: null, persistedOpState: IN_SERVICE, persistedOpStateExpiryEpochSec: 0}
2021-01-12 17:05:08,429 [Listener at 0.0.0.0/34333] INFO  ozone.MiniOzoneClusterImpl (MiniOzoneClusterImpl.java:lambda$waitForClusterToBeReady$0(179)) - Nodes are ready. Got 4 of 4 DN Heartbeats.
2021-01-12 17:05:08,429 [Listener at 0.0.0.0/34333] INFO  ozone.MiniOzoneClusterImpl (MiniOzoneClusterImpl.java:lambda$waitForClusterToBeReady$0(182)) - Cluster exits safe mode
]]></system-out>
  </testcase>
</testsuite>